using /opt/riscv-arch-test/riscof-plugins/rv64/riscof_work/K/src/aes64ks1i-01.S/ref/Reference-sail_c_simulator.signature for test-signature output.
setting signature-granularity to 8 bytes
HTIF located at 0x80001000
begin_signature: 0x80003110
end_signature: 0x800033d0
Entry point: 0x80000000
CSR mstatus (0x300) <- 0x0000000A00000000
CSR misa (0x301) <- 0x800000000034112F
CSR mcause (0x342) <- 0x0000000000000000
x10 <- 0x0000000000000000
x11 <- 0x0000000000001000
mem[X,0x0000000080000000] -> 0x0837
mem[X,0x0000000080000002] -> 0x7D5C
[0] [M]: 0x0000000080000000 (0x7D5C0837) lui x16, 0x7d5c0                           rvtest_init+0
x16 <- 0x000000007D5C0000

mem[X,0x0000000080000004] -> 0x0813
mem[X,0x0000000080000006] -> 0xDDB8
[1] [M]: 0x0000000080000004 (0xDDB80813) addi x16, x16, -0x225                      rvtest_init+4
x16 <- 0x000000007D5BFDDB

clint mtime 0x0000000000000001 (mip.MTI <- 0b1, mip.STI <- 0b0)
mem[X,0x0000000080000008] -> 0x1813
mem[X,0x000000008000000A] -> 0x00B8
[2] [M]: 0x0000000080000008 (0x00B81813) slli x16, x16, 0xb                         rvtest_init+8
x16 <- 0x000003EADFEED800

mem[X,0x000000008000000C] -> 0x0813
mem[X,0x000000008000000E] -> 0x3EA8
[3] [M]: 0x000000008000000C (0x3EA80813) addi x16, x16, 0x3ea                       rvtest_init+12
x16 <- 0x000003EADFEEDBEA

clint mtime 0x0000000000000002 (mip.MTI <- 0b1, mip.STI <- 0b0)
mem[X,0x0000000080000010] -> 0x1813
mem[X,0x0000000080000012] -> 0x00B8
[4] [M]: 0x0000000080000010 (0x00B81813) slli x16, x16, 0xb                         rvtest_init+16
x16 <- 0x001F56FF76DF5000

mem[X,0x0000000080000014] -> 0x0813
mem[X,0x0000000080000016] -> 0x6FF8
[5] [M]: 0x0000000080000014 (0x6FF80813) addi x16, x16, 0x6ff                       rvtest_init+20
x16 <- 0x001F56FF76DF56FF

clint mtime 0x0000000000000003 (mip.MTI <- 0b1, mip.STI <- 0b0)
mem[X,0x0000000080000018] -> 0x1813
mem[X,0x000000008000001A] -> 0x00A8
[6] [M]: 0x0000000080000018 (0x00A81813) slli x16, x16, 0xa                         rvtest_init+24
x16 <- 0x7D5BFDDB7D5BFC00

mem[X,0x000000008000001C] -> 0x0813
mem[X,0x000000008000001E] -> 0x1DB8
[7] [M]: 0x000000008000001C (0x1DB80813) addi x16, x16, 0x1db                       rvtest_init+28
x16 <- 0x7D5BFDDB7D5BFDDB

clint mtime 0x0000000000000004 (mip.MTI <- 0b1, mip.STI <- 0b0)
mem[X,0x0000000080000020] -> 0x5893
mem[X,0x0000000080000022] -> 0x0078
[8] [M]: 0x0000000080000020 (0x00785893) srli x17, x16, 0x7                         rvtest_init+32
x17 <- 0x00FAB7FBB6FAB7FB

mem[X,0x0000000080000024] -> 0x5793
mem[X,0x0000000080000026] -> 0x0398
[9] [M]: 0x0000000080000024 (0x03985793) srli x15, x16, 0x39                        rvtest_init+36
x15 <- 0x000000000000003E

clint mtime 0x0000000000000005 (mip.MTI <- 0b1, mip.STI <- 0b0)
mem[X,0x0000000080000028] -> 0xE8B3
mem[X,0x000000008000002A] -> 0x00F8
[10] [M]: 0x0000000080000028 (0x00F8E8B3) or x17, x17, x15                          rvtest_init+40
x17 <- 0x00FAB7FBB6FAB7FF

mem[X,0x000000008000002C] -> 0xD913
mem[X,0x000000008000002E] -> 0x0078
[11] [M]: 0x000000008000002C (0x0078D913) srli x18, x17, 0x7                        rvtest_init+44
x18 <- 0x0001F56FF76DF56F

clint mtime 0x0000000000000006 (mip.MTI <- 0b1, mip.STI <- 0b0)
mem[X,0x0000000080000030] -> 0xD793
mem[X,0x0000000080000032] -> 0x0398
[12] [M]: 0x0000000080000030 (0x0398D793) srli x15, x17, 0x39                       rvtest_init+48
x15 <- 0x0000000000000000

mem[X,0x0000000080000034] -> 0x6933
mem[X,0x0000000080000036] -> 0x00F9
[13] [M]: 0x0000000080000034 (0x00F96933) or x18, x18, x15                          rvtest_init+52
x18 <- 0x0001F56FF76DF56F

clint mtime 0x0000000000000007 (mip.MTI <- 0b1, mip.STI <- 0b0)
mem[X,0x0000000080000038] -> 0x5993
mem[X,0x000000008000003A] -> 0x0079
[14] [M]: 0x0000000080000038 (0x00795993) srli x19, x18, 0x7                        rvtest_init+56
x19 <- 0x000003EADFEEDBEA

mem[X,0x000000008000003C] -> 0x5793
mem[X,0x000000008000003E] -> 0x0399
[15] [M]: 0x000000008000003C (0x03995793) srli x15, x18, 0x39                       rvtest_init+60
x15 <- 0x0000000000000000

clint mtime 0x0000000000000008 (mip.MTI <- 0b1, mip.STI <- 0b0)
mem[X,0x0000000080000040] -> 0xE9B3
mem[X,0x0000000080000042] -> 0x00F9
[16] [M]: 0x0000000080000040 (0x00F9E9B3) or x19, x19, x15                          rvtest_init+64
x19 <- 0x000003EADFEEDBEA

mem[X,0x0000000080000044] -> 0xDA13
mem[X,0x0000000080000046] -> 0x0079
[17] [M]: 0x0000000080000044 (0x0079DA13) srli x20, x19, 0x7                        rvtest_init+68
x20 <- 0x00000007D5BFDDB7

clint mtime 0x0000000000000009 (mip.MTI <- 0b1, mip.STI <- 0b0)
mem[X,0x0000000080000048] -> 0xD793
mem[X,0x000000008000004A] -> 0x0399
[18] [M]: 0x0000000080000048 (0x0399D793) srli x15, x19, 0x39                       rvtest_init+72
x15 <- 0x0000000000000000

mem[X,0x000000008000004C] -> 0x6A33
mem[X,0x000000008000004E] -> 0x00FA
[19] [M]: 0x000000008000004C (0x00FA6A33) or x20, x20, x15                          rvtest_init+76
x20 <- 0x00000007D5BFDDB7

clint mtime 0x000000000000000A (mip.MTI <- 0b1, mip.STI <- 0b0)
mem[X,0x0000000080000050] -> 0x5A93
mem[X,0x0000000080000052] -> 0x007A
[20] [M]: 0x0000000080000050 (0x007A5A93) srli x21, x20, 0x7                        rvtest_init+80
x21 <- 0x000000000FAB7FBB

mem[X,0x0000000080000054] -> 0x5793
mem[X,0x0000000080000056] -> 0x039A
[21] [M]: 0x0000000080000054 (0x039A5793) srli x15, x20, 0x39                       rvtest_init+84
x15 <- 0x0000000000000000

clint mtime 0x000000000000000B (mip.MTI <- 0b1, mip.STI <- 0b0)
mem[X,0x0000000080000058] -> 0xEAB3
mem[X,0x000000008000005A] -> 0x00FA
[22] [M]: 0x0000000080000058 (0x00FAEAB3) or x21, x21, x15                          rvtest_init+88
x21 <- 0x000000000FAB7FBB

mem[X,0x000000008000005C] -> 0xDB13
mem[X,0x000000008000005E] -> 0x007A
[23] [M]: 0x000000008000005C (0x007ADB13) srli x22, x21, 0x7                        rvtest_init+92
x22 <- 0x00000000001F56FF

clint mtime 0x000000000000000C (mip.MTI <- 0b1, mip.STI <- 0b0)
mem[X,0x0000000080000060] -> 0xD793
mem[X,0x0000000080000062] -> 0x039A
[24] [M]: 0x0000000080000060 (0x039AD793) srli x15, x21, 0x39                       rvtest_init+96
x15 <- 0x0000000000000000

mem[X,0x0000000080000064] -> 0x6B33
mem[X,0x0000000080000066] -> 0x00FB
[25] [M]: 0x0000000080000064 (0x00FB6B33) or x22, x22, x15                          rvtest_init+100
x22 <- 0x00000000001F56FF

clint mtime 0x000000000000000D (mip.MTI <- 0b1, mip.STI <- 0b0)
mem[X,0x0000000080000068] -> 0x5B93
mem[X,0x000000008000006A] -> 0x007B
[26] [M]: 0x0000000080000068 (0x007B5B93) srli x23, x22, 0x7                        rvtest_init+104
x23 <- 0x0000000000003EAD

mem[X,0x000000008000006C] -> 0x5793
mem[X,0x000000008000006E] -> 0x039B
[27] [M]: 0x000000008000006C (0x039B5793) srli x15, x22, 0x39                       rvtest_init+108
x15 <- 0x0000000000000000

clint mtime 0x000000000000000E (mip.MTI <- 0b1, mip.STI <- 0b0)
mem[X,0x0000000080000070] -> 0xEBB3
mem[X,0x0000000080000072] -> 0x00FB
[28] [M]: 0x0000000080000070 (0x00FBEBB3) or x23, x23, x15                          rvtest_init+112
x23 <- 0x0000000000003EAD

mem[X,0x0000000080000074] -> 0xDC13
mem[X,0x0000000080000076] -> 0x007B
[29] [M]: 0x0000000080000074 (0x007BDC13) srli x24, x23, 0x7                        rvtest_init+116
x24 <- 0x000000000000007D

clint mtime 0x000000000000000F (mip.MTI <- 0b1, mip.STI <- 0b0)
mem[X,0x0000000080000078] -> 0xD793
mem[X,0x000000008000007A] -> 0x039B
[30] [M]: 0x0000000080000078 (0x039BD793) srli x15, x23, 0x39                       rvtest_init+120
x15 <- 0x0000000000000000

mem[X,0x000000008000007C] -> 0x6C33
mem[X,0x000000008000007E] -> 0x00FC
[31] [M]: 0x000000008000007C (0x00FC6C33) or x24, x24, x15                          rvtest_init+124
x24 <- 0x000000000000007D

clint mtime 0x0000000000000010 (mip.MTI <- 0b1, mip.STI <- 0b0)
mem[X,0x0000000080000080] -> 0x5C93
mem[X,0x0000000080000082] -> 0x007C
[32] [M]: 0x0000000080000080 (0x007C5C93) srli x25, x24, 0x7                        rvtest_init+128
x25 <- 0x0000000000000000

mem[X,0x0000000080000084] -> 0x5793
mem[X,0x0000000080000086] -> 0x039C
[33] [M]: 0x0000000080000084 (0x039C5793) srli x15, x24, 0x39                       rvtest_init+132
x15 <- 0x0000000000000000

clint mtime 0x0000000000000011 (mip.MTI <- 0b1, mip.STI <- 0b0)
mem[X,0x0000000080000088] -> 0xECB3
mem[X,0x000000008000008A] -> 0x00FC
[34] [M]: 0x0000000080000088 (0x00FCECB3) or x25, x25, x15                          rvtest_init+136
x25 <- 0x0000000000000000

mem[X,0x000000008000008C] -> 0xDD13
mem[X,0x000000008000008E] -> 0x007C
[35] [M]: 0x000000008000008C (0x007CDD13) srli x26, x25, 0x7                        rvtest_init+140
x26 <- 0x0000000000000000

clint mtime 0x0000000000000012 (mip.MTI <- 0b1, mip.STI <- 0b0)
mem[X,0x0000000080000090] -> 0xD793
mem[X,0x0000000080000092] -> 0x039C
[36] [M]: 0x0000000080000090 (0x039CD793) srli x15, x25, 0x39                       rvtest_init+144
x15 <- 0x0000000000000000

mem[X,0x0000000080000094] -> 0x6D33
mem[X,0x0000000080000096] -> 0x00FD
[37] [M]: 0x0000000080000094 (0x00FD6D33) or x26, x26, x15                          rvtest_init+148
x26 <- 0x0000000000000000

clint mtime 0x0000000000000013 (mip.MTI <- 0b1, mip.STI <- 0b0)
mem[X,0x0000000080000098] -> 0x5D93
mem[X,0x000000008000009A] -> 0x007D
[38] [M]: 0x0000000080000098 (0x007D5D93) srli x27, x26, 0x7                        rvtest_init+152
x27 <- 0x0000000000000000

mem[X,0x000000008000009C] -> 0x5793
mem[X,0x000000008000009E] -> 0x039D
[39] [M]: 0x000000008000009C (0x039D5793) srli x15, x26, 0x39                       rvtest_init+156
x15 <- 0x0000000000000000

clint mtime 0x0000000000000014 (mip.MTI <- 0b1, mip.STI <- 0b0)
mem[X,0x00000000800000A0] -> 0xEDB3
mem[X,0x00000000800000A2] -> 0x00FD
[40] [M]: 0x00000000800000A0 (0x00FDEDB3) or x27, x27, x15                          rvtest_init+160
x27 <- 0x0000000000000000

mem[X,0x00000000800000A4] -> 0xDE13
mem[X,0x00000000800000A6] -> 0x007D
[41] [M]: 0x00000000800000A4 (0x007DDE13) srli x28, x27, 0x7                        rvtest_init+164
x28 <- 0x0000000000000000

clint mtime 0x0000000000000015 (mip.MTI <- 0b1, mip.STI <- 0b0)
mem[X,0x00000000800000A8] -> 0xD793
mem[X,0x00000000800000AA] -> 0x039D
[42] [M]: 0x00000000800000A8 (0x039DD793) srli x15, x27, 0x39                       rvtest_init+168
x15 <- 0x0000000000000000

mem[X,0x00000000800000AC] -> 0x6E33
mem[X,0x00000000800000AE] -> 0x00FE
[43] [M]: 0x00000000800000AC (0x00FE6E33) or x28, x28, x15                          rvtest_init+172
x28 <- 0x0000000000000000

clint mtime 0x0000000000000016 (mip.MTI <- 0b1, mip.STI <- 0b0)
mem[X,0x00000000800000B0] -> 0x5E93
mem[X,0x00000000800000B2] -> 0x007E
[44] [M]: 0x00000000800000B0 (0x007E5E93) srli x29, x28, 0x7                        rvtest_init+176
x29 <- 0x0000000000000000

mem[X,0x00000000800000B4] -> 0x5793
mem[X,0x00000000800000B6] -> 0x039E
[45] [M]: 0x00000000800000B4 (0x039E5793) srli x15, x28, 0x39                       rvtest_init+180
x15 <- 0x0000000000000000

clint mtime 0x0000000000000017 (mip.MTI <- 0b1, mip.STI <- 0b0)
mem[X,0x00000000800000B8] -> 0xEEB3
mem[X,0x00000000800000BA] -> 0x00FE
[46] [M]: 0x00000000800000B8 (0x00FEEEB3) or x29, x29, x15                          rvtest_init+184
x29 <- 0x0000000000000000

mem[X,0x00000000800000BC] -> 0xDF13
mem[X,0x00000000800000BE] -> 0x007E
[47] [M]: 0x00000000800000BC (0x007EDF13) srli x30, x29, 0x7                        rvtest_init+188
x30 <- 0x0000000000000000

clint mtime 0x0000000000000018 (mip.MTI <- 0b1, mip.STI <- 0b0)
mem[X,0x00000000800000C0] -> 0xD793
mem[X,0x00000000800000C2] -> 0x039E
[48] [M]: 0x00000000800000C0 (0x039ED793) srli x15, x29, 0x39                       rvtest_init+192
x15 <- 0x0000000000000000

mem[X,0x00000000800000C4] -> 0x6F33
mem[X,0x00000000800000C6] -> 0x00FF
[49] [M]: 0x00000000800000C4 (0x00FF6F33) or x30, x30, x15                          rvtest_init+196
x30 <- 0x0000000000000000

clint mtime 0x0000000000000019 (mip.MTI <- 0b1, mip.STI <- 0b0)
mem[X,0x00000000800000C8] -> 0xC0B7
mem[X,0x00000000800000CA] -> 0xFEED
[50] [M]: 0x00000000800000C8 (0xFEEDC0B7) lui x1, -0x1124                           rvtest_init+200
x1 <- 0xFFFFFFFFFEEDC000

mem[X,0x00000000800000CC] -> 0x8093
mem[X,0x00000000800000CE] -> 0xEAD0
[51] [M]: 0x00000000800000CC (0xEAD08093) addi x1, x1, -0x153                       rvtest_init+204
x1 <- 0xFFFFFFFFFEEDBEAD

clint mtime 0x000000000000001A (mip.MTI <- 0b1, mip.STI <- 0b0)
mem[X,0x00000000800000D0] -> 0x9093
mem[X,0x00000000800000D2] -> 0x00B0
[52] [M]: 0x00000000800000D0 (0x00B09093) slli x1, x1, 0xb                          rvtest_init+208
x1 <- 0xFFFFFFF76DF56800

mem[X,0x00000000800000D4] -> 0x8093
mem[X,0x00000000800000D6] -> 0x7F70
[53] [M]: 0x00000000800000D4 (0x7F708093) addi x1, x1, 0x7f7                        rvtest_init+212
x1 <- 0xFFFFFFF76DF56FF7

clint mtime 0x000000000000001B (mip.MTI <- 0b1, mip.STI <- 0b0)
mem[X,0x00000000800000D8] -> 0x9093
mem[X,0x00000000800000DA] -> 0x00B0
[54] [M]: 0x00000000800000D8 (0x00B09093) slli x1, x1, 0xb                          rvtest_init+216
x1 <- 0xFFFFBB6FAB7FB800

mem[X,0x00000000800000DC] -> 0x8093
mem[X,0x00000000800000DE] -> 0x36F0
[55] [M]: 0x00000000800000DC (0x36F08093) addi x1, x1, 0x36f                        rvtest_init+220
x1 <- 0xFFFFBB6FAB7FBB6F

clint mtime 0x000000000000001C (mip.MTI <- 0b1, mip.STI <- 0b0)
mem[X,0x00000000800000E0] -> 0x9093
mem[X,0x00000000800000E2] -> 0x00A0
[56] [M]: 0x00000000800000E0 (0x00A09093) slli x1, x1, 0xa                          rvtest_init+224
x1 <- 0xFEEDBEADFEEDBC00

mem[X,0x00000000800000E4] -> 0x8093
mem[X,0x00000000800000E6] -> 0x2AD0
[57] [M]: 0x00000000800000E4 (0x2AD08093) addi x1, x1, 0x2ad                        rvtest_init+228
x1 <- 0xFEEDBEADFEEDBEAD

clint mtime 0x000000000000001D (mip.MTI <- 0b1, mip.STI <- 0b0)
mem[X,0x00000000800000E8] -> 0xD113
mem[X,0x00000000800000EA] -> 0x0070
[58] [M]: 0x00000000800000E8 (0x0070D113) srli x2, x1, 0x7                          rvtest_init+232
x2 <- 0x01FDDB7D5BFDDB7D

mem[X,0x00000000800000EC] -> 0xD793
mem[X,0x00000000800000EE] -> 0x0390
[59] [M]: 0x00000000800000EC (0x0390D793) srli x15, x1, 0x39                        rvtest_init+236
x15 <- 0x000000000000007F

clint mtime 0x000000000000001E (mip.MTI <- 0b1, mip.STI <- 0b0)
mem[X,0x00000000800000F0] -> 0x6133
mem[X,0x00000000800000F2] -> 0x00F1
[60] [M]: 0x00000000800000F0 (0x00F16133) or x2, x2, x15                            rvtest_init+240
x2 <- 0x01FDDB7D5BFDDB7F

mem[X,0x00000000800000F4] -> 0x5193
mem[X,0x00000000800000F6] -> 0x0071
[61] [M]: 0x00000000800000F4 (0x00715193) srli x3, x2, 0x7                          rvtest_init+244
x3 <- 0x0003FBB6FAB7FBB6

clint mtime 0x000000000000001F (mip.MTI <- 0b1, mip.STI <- 0b0)
mem[X,0x00000000800000F8] -> 0x5793
mem[X,0x00000000800000FA] -> 0x0391
[62] [M]: 0x00000000800000F8 (0x03915793) srli x15, x2, 0x39                        rvtest_init+248
x15 <- 0x0000000000000000

mem[X,0x00000000800000FC] -> 0xE1B3
mem[X,0x00000000800000FE] -> 0x00F1
[63] [M]: 0x00000000800000FC (0x00F1E1B3) or x3, x3, x15                            rvtest_init+252
x3 <- 0x0003FBB6FAB7FBB6

clint mtime 0x0000000000000020 (mip.MTI <- 0b1, mip.STI <- 0b0)
mem[X,0x0000000080000100] -> 0xD213
mem[X,0x0000000080000102] -> 0x0071
[64] [M]: 0x0000000080000100 (0x0071D213) srli x4, x3, 0x7                          rvtest_init+256
x4 <- 0x000007F76DF56FF7

mem[X,0x0000000080000104] -> 0xD793
mem[X,0x0000000080000106] -> 0x0391
[65] [M]: 0x0000000080000104 (0x0391D793) srli x15, x3, 0x39                        rvtest_init+260
x15 <- 0x0000000000000000

clint mtime 0x0000000000000021 (mip.MTI <- 0b1, mip.STI <- 0b0)
mem[X,0x0000000080000108] -> 0x6233
mem[X,0x000000008000010A] -> 0x00F2
[66] [M]: 0x0000000080000108 (0x00F26233) or x4, x4, x15                            rvtest_init+264
x4 <- 0x000007F76DF56FF7

mem[X,0x000000008000010C] -> 0x5293
mem[X,0x000000008000010E] -> 0x0072
[67] [M]: 0x000000008000010C (0x00725293) srli x5, x4, 0x7                          rvtest_init+268
x5 <- 0x0000000FEEDBEADF

clint mtime 0x0000000000000022 (mip.MTI <- 0b1, mip.STI <- 0b0)
mem[X,0x0000000080000110] -> 0x5793
mem[X,0x0000000080000112] -> 0x0392
[68] [M]: 0x0000000080000110 (0x03925793) srli x15, x4, 0x39                        rvtest_init+272
x15 <- 0x0000000000000000

mem[X,0x0000000080000114] -> 0xE2B3
mem[X,0x0000000080000116] -> 0x00F2
[69] [M]: 0x0000000080000114 (0x00F2E2B3) or x5, x5, x15                            rvtest_init+276
x5 <- 0x0000000FEEDBEADF

clint mtime 0x0000000000000023 (mip.MTI <- 0b1, mip.STI <- 0b0)
mem[X,0x0000000080000118] -> 0xD313
mem[X,0x000000008000011A] -> 0x0072
[70] [M]: 0x0000000080000118 (0x0072D313) srli x6, x5, 0x7                          rvtest_init+280
x6 <- 0x000000001FDDB7D5

mem[X,0x000000008000011C] -> 0xD793
mem[X,0x000000008000011E] -> 0x0392
[71] [M]: 0x000000008000011C (0x0392D793) srli x15, x5, 0x39                        rvtest_init+284
x15 <- 0x0000000000000000

clint mtime 0x0000000000000024 (mip.MTI <- 0b1, mip.STI <- 0b0)
mem[X,0x0000000080000120] -> 0x6333
mem[X,0x0000000080000122] -> 0x00F3
[72] [M]: 0x0000000080000120 (0x00F36333) or x6, x6, x15                            rvtest_init+288
x6 <- 0x000000001FDDB7D5

mem[X,0x0000000080000124] -> 0x5393
mem[X,0x0000000080000126] -> 0x0073
[73] [M]: 0x0000000080000124 (0x00735393) srli x7, x6, 0x7                          rvtest_init+292
x7 <- 0x00000000003FBB6F

clint mtime 0x0000000000000025 (mip.MTI <- 0b1, mip.STI <- 0b0)
mem[X,0x0000000080000128] -> 0x5793
mem[X,0x000000008000012A] -> 0x0393
[74] [M]: 0x0000000080000128 (0x03935793) srli x15, x6, 0x39                        rvtest_init+296
x15 <- 0x0000000000000000

mem[X,0x000000008000012C] -> 0xE3B3
mem[X,0x000000008000012E] -> 0x00F3
[75] [M]: 0x000000008000012C (0x00F3E3B3) or x7, x7, x15                            rvtest_init+300
x7 <- 0x00000000003FBB6F

clint mtime 0x0000000000000026 (mip.MTI <- 0b1, mip.STI <- 0b0)
mem[X,0x0000000080000130] -> 0xD413
mem[X,0x0000000080000132] -> 0x0073
[76] [M]: 0x0000000080000130 (0x0073D413) srli x8, x7, 0x7                          rvtest_init+304
x8 <- 0x0000000000007F76

mem[X,0x0000000080000134] -> 0xD793
mem[X,0x0000000080000136] -> 0x0393
[77] [M]: 0x0000000080000134 (0x0393D793) srli x15, x7, 0x39                        rvtest_init+308
x15 <- 0x0000000000000000

clint mtime 0x0000000000000027 (mip.MTI <- 0b1, mip.STI <- 0b0)
mem[X,0x0000000080000138] -> 0x6433
mem[X,0x000000008000013A] -> 0x00F4
[78] [M]: 0x0000000080000138 (0x00F46433) or x8, x8, x15                            rvtest_init+312
x8 <- 0x0000000000007F76

mem[X,0x000000008000013C] -> 0x5493
mem[X,0x000000008000013E] -> 0x0074
[79] [M]: 0x000000008000013C (0x00745493) srli x9, x8, 0x7                          rvtest_init+316
x9 <- 0x00000000000000FE

clint mtime 0x0000000000000028 (mip.MTI <- 0b1, mip.STI <- 0b0)
mem[X,0x0000000080000140] -> 0x5793
mem[X,0x0000000080000142] -> 0x0394
[80] [M]: 0x0000000080000140 (0x03945793) srli x15, x8, 0x39                        rvtest_init+320
x15 <- 0x0000000000000000

mem[X,0x0000000080000144] -> 0xE4B3
mem[X,0x0000000080000146] -> 0x00F4
[81] [M]: 0x0000000080000144 (0x00F4E4B3) or x9, x9, x15                            rvtest_init+324
x9 <- 0x00000000000000FE

clint mtime 0x0000000000000029 (mip.MTI <- 0b1, mip.STI <- 0b0)
mem[X,0x0000000080000148] -> 0xD513
mem[X,0x000000008000014A] -> 0x0074
[82] [M]: 0x0000000080000148 (0x0074D513) srli x10, x9, 0x7                         rvtest_init+328
x10 <- 0x0000000000000001

mem[X,0x000000008000014C] -> 0xD793
mem[X,0x000000008000014E] -> 0x0394
[83] [M]: 0x000000008000014C (0x0394D793) srli x15, x9, 0x39                        rvtest_init+332
x15 <- 0x0000000000000000

clint mtime 0x000000000000002A (mip.MTI <- 0b1, mip.STI <- 0b0)
mem[X,0x0000000080000150] -> 0x6533
mem[X,0x0000000080000152] -> 0x00F5
[84] [M]: 0x0000000080000150 (0x00F56533) or x10, x10, x15                          rvtest_init+336
x10 <- 0x0000000000000001

mem[X,0x0000000080000154] -> 0x5593
mem[X,0x0000000080000156] -> 0x0075
[85] [M]: 0x0000000080000154 (0x00755593) srli x11, x10, 0x7                        rvtest_init+340
x11 <- 0x0000000000000000

clint mtime 0x000000000000002B (mip.MTI <- 0b1, mip.STI <- 0b0)
mem[X,0x0000000080000158] -> 0x5793
mem[X,0x000000008000015A] -> 0x0395
[86] [M]: 0x0000000080000158 (0x03955793) srli x15, x10, 0x39                       rvtest_init+344
x15 <- 0x0000000000000000

mem[X,0x000000008000015C] -> 0xE5B3
mem[X,0x000000008000015E] -> 0x00F5
[87] [M]: 0x000000008000015C (0x00F5E5B3) or x11, x11, x15                          rvtest_init+348
x11 <- 0x0000000000000000

clint mtime 0x000000000000002C (mip.MTI <- 0b1, mip.STI <- 0b0)
mem[X,0x0000000080000160] -> 0xD613
mem[X,0x0000000080000162] -> 0x0075
[88] [M]: 0x0000000080000160 (0x0075D613) srli x12, x11, 0x7                        rvtest_init+352
x12 <- 0x0000000000000000

mem[X,0x0000000080000164] -> 0xD793
mem[X,0x0000000080000166] -> 0x0395
[89] [M]: 0x0000000080000164 (0x0395D793) srli x15, x11, 0x39                       rvtest_init+356
x15 <- 0x0000000000000000

clint mtime 0x000000000000002D (mip.MTI <- 0b1, mip.STI <- 0b0)
mem[X,0x0000000080000168] -> 0x6633
mem[X,0x000000008000016A] -> 0x00F6
[90] [M]: 0x0000000080000168 (0x00F66633) or x12, x12, x15                          rvtest_init+360
x12 <- 0x0000000000000000

mem[X,0x000000008000016C] -> 0x5693
mem[X,0x000000008000016E] -> 0x0076
[91] [M]: 0x000000008000016C (0x00765693) srli x13, x12, 0x7                        rvtest_init+364
x13 <- 0x0000000000000000

clint mtime 0x000000000000002E (mip.MTI <- 0b1, mip.STI <- 0b0)
mem[X,0x0000000080000170] -> 0x5793
mem[X,0x0000000080000172] -> 0x0396
[92] [M]: 0x0000000080000170 (0x03965793) srli x15, x12, 0x39                       rvtest_init+368
x15 <- 0x0000000000000000

mem[X,0x0000000080000174] -> 0xE6B3
mem[X,0x0000000080000176] -> 0x00F6
[93] [M]: 0x0000000080000174 (0x00F6E6B3) or x13, x13, x15                          rvtest_init+372
x13 <- 0x0000000000000000

clint mtime 0x000000000000002F (mip.MTI <- 0b1, mip.STI <- 0b0)
mem[X,0x0000000080000178] -> 0x0013
mem[X,0x000000008000017A] -> 0x0000
[94] [M]: 0x0000000080000178 (0x00000013) addi x0, x0, 0x0                          rvtest_code_begin+0

mem[X,0x000000008000017C] -> 0x0013
mem[X,0x000000008000017E] -> 0x0000
[95] [M]: 0x000000008000017C (0x00000013) addi x0, x0, 0x0                          rvtest_code_begin+4

clint mtime 0x0000000000000030 (mip.MTI <- 0b1, mip.STI <- 0b0)
mem[X,0x0000000080000180] -> 0x3097
mem[X,0x0000000080000182] -> 0x0000
[96] [M]: 0x0000000080000180 (0x00003097) auipc x1, 0x3                             rvtest_code_begin+8
x1 <- 0x0000000080003180

mem[X,0x0000000080000184] -> 0x8093
mem[X,0x0000000080000186] -> 0xF980
[97] [M]: 0x0000000080000184 (0xF9808093) addi x1, x1, -0x68                        rvtest_code_begin+12
x1 <- 0x0000000080003118

clint mtime 0x0000000000000031 (mip.MTI <- 0b1, mip.STI <- 0b0)
mem[X,0x0000000080000188] -> 0x0013
mem[X,0x000000008000018A] -> 0x0000
[98] [M]: 0x0000000080000188 (0x00000013) addi x0, x0, 0x0                          rvtest_code_begin+16

mem[X,0x000000008000018C] -> 0x0013
mem[X,0x000000008000018E] -> 0x0000
[99] [M]: 0x000000008000018C (0x00000013) addi x0, x0, 0x0                          rvtest_code_begin+20

clint mtime 0x0000000000000032 (mip.MTI <- 0b1, mip.STI <- 0b0)
mem[X,0x0000000080000190] -> 0x0013
mem[X,0x0000000080000192] -> 0x0000
[100] [M]: 0x0000000080000190 (0x00000013) addi x0, x0, 0x0                         rvtest_code_begin+24

mem[X,0x0000000080000194] -> 0x0013
mem[X,0x0000000080000196] -> 0x0000
[101] [M]: 0x0000000080000194 (0x00000013) addi x0, x0, 0x0                         rvtest_code_begin+28

clint mtime 0x0000000000000033 (mip.MTI <- 0b1, mip.STI <- 0b0)
mem[X,0x0000000080000198] -> 0x0013
mem[X,0x000000008000019A] -> 0x0000
[102] [M]: 0x0000000080000198 (0x00000013) addi x0, x0, 0x0                         rvtest_code_begin+32

mem[X,0x000000008000019C] -> 0x0013
mem[X,0x000000008000019E] -> 0x0000
[103] [M]: 0x000000008000019C (0x00000013) addi x0, x0, 0x0                         rvtest_code_begin+36

clint mtime 0x0000000000000034 (mip.MTI <- 0b1, mip.STI <- 0b0)
mem[X,0x00000000800001A0] -> 0x0F37
mem[X,0x00000000800001A2] -> 0x0706
[104] [M]: 0x00000000800001A0 (0x07060F37) lui x30, 0x7060                          inst_0+0
x30 <- 0x0000000007060000

mem[X,0x00000000800001A4] -> 0x0F13
mem[X,0x00000000800001A6] -> 0x504F
[105] [M]: 0x00000000800001A4 (0x504F0F13) addi x30, x30, 0x504                     inst_0+4
x30 <- 0x0000000007060504

clint mtime 0x0000000000000035 (mip.MTI <- 0b1, mip.STI <- 0b0)
mem[X,0x00000000800001A8] -> 0x1F13
mem[X,0x00000000800001AA] -> 0x00BF
[106] [M]: 0x00000000800001A8 (0x00BF1F13) slli x30, x30, 0xb                       inst_0+8
x30 <- 0x0000003830282000

mem[X,0x00000000800001AC] -> 0x0F13
mem[X,0x00000000800001AE] -> 0x018F
[107] [M]: 0x00000000800001AC (0x018F0F13) addi x30, x30, 0x18                      inst_0+12
x30 <- 0x0000003830282018

clint mtime 0x0000000000000036 (mip.MTI <- 0b1, mip.STI <- 0b0)
mem[X,0x00000000800001B0] -> 0x1F13
mem[X,0x00000000800001B2] -> 0x00BF
[108] [M]: 0x00000000800001B0 (0x00BF1F13) slli x30, x30, 0xb                       inst_0+16
x30 <- 0x0001C1814100C000

mem[X,0x00000000800001B4] -> 0x0F13
mem[X,0x00000000800001B6] -> 0x080F
[109] [M]: 0x00000000800001B4 (0x080F0F13) addi x30, x30, 0x80                      inst_0+20
x30 <- 0x0001C1814100C080

clint mtime 0x0000000000000037 (mip.MTI <- 0b1, mip.STI <- 0b0)
mem[X,0x00000000800001B8] -> 0x1F13
mem[X,0x00000000800001BA] -> 0x00AF
[110] [M]: 0x00000000800001B8 (0x00AF1F13) slli x30, x30, 0xa                       inst_0+24
x30 <- 0x0706050403020000

mem[X,0x00000000800001BC] -> 0x0F13
mem[X,0x00000000800001BE] -> 0x100F
[111] [M]: 0x00000000800001BC (0x100F0F13) addi x30, x30, 0x100                     inst_0+28
x30 <- 0x0706050403020100

clint mtime 0x0000000000000038 (mip.MTI <- 0b1, mip.STI <- 0b0)
mem[X,0x00000000800001C0] -> 0x1F93
mem[X,0x00000000800001C2] -> 0x31AF
[112] [M]: 0x00000000800001C0 (0x31AF1F93) aes64ks1i x31, x30, 0xa                  inst_0+32
x31 <- 0xC56F6BF2C56F6BF2

mem[X,0x00000000800001C4] -> 0xB023
mem[X,0x00000000800001C6] -> 0x01F0
[113] [M]: 0x00000000800001C4 (0x01F0B023) sd x31, 0x0(x1)                          inst_0+36
mem[W,0x0000000080003118] <- 0xC56F6BF2C56F6BF2

clint mtime 0x0000000000000039 (mip.MTI <- 0b1, mip.STI <- 0b0)
mem[X,0x00000000800001C8] -> 0xEEB7
mem[X,0x00000000800001CA] -> 0x71FA
[114] [M]: 0x00000000800001C8 (0x71FAEEB7) lui x29, 0x71fae                         inst_1+0
x29 <- 0x0000000071FAE000

mem[X,0x00000000800001CC] -> 0x8E93
mem[X,0x00000000800001CE] -> 0x878E
[115] [M]: 0x00000000800001CC (0x878E8E93) addi x29, x29, -0x788                    inst_1+4
x29 <- 0x0000000071FAD878

clint mtime 0x000000000000003A (mip.MTI <- 0b1, mip.STI <- 0b0)
mem[X,0x00000000800001D0] -> 0x9E93
mem[X,0x00000000800001D2] -> 0x00BE
[116] [M]: 0x00000000800001D0 (0x00BE9E93) slli x29, x29, 0xb                       inst_1+8
x29 <- 0x0000038FD6C3C000

mem[X,0x00000000800001D4] -> 0x8E93
mem[X,0x00000000800001D6] -> 0x59BE
[117] [M]: 0x00000000800001D4 (0x59BE8E93) addi x29, x29, 0x59b                     inst_1+12
x29 <- 0x0000038FD6C3C59B

clint mtime 0x000000000000003B (mip.MTI <- 0b1, mip.STI <- 0b0)
mem[X,0x00000000800001D8] -> 0x9E93
mem[X,0x00000000800001DA] -> 0x00BE
[118] [M]: 0x00000000800001D8 (0x00BE9E93) slli x29, x29, 0xb                       inst_1+16
x29 <- 0x001C7EB61E2CD800

mem[X,0x00000000800001DC] -> 0x8E93
mem[X,0x00000000800001DE] -> 0x278E
[119] [M]: 0x00000000800001DC (0x278E8E93) addi x29, x29, 0x278                     inst_1+20
x29 <- 0x001C7EB61E2CDA78

clint mtime 0x000000000000003C (mip.MTI <- 0b1, mip.STI <- 0b0)
mem[X,0x00000000800001E0] -> 0x9E93
mem[X,0x00000000800001E2] -> 0x00AE
[120] [M]: 0x00000000800001E0 (0x00AE9E93) slli x29, x29, 0xa                       inst_1+24
x29 <- 0x71FAD878B369E000

mem[X,0x00000000800001E4] -> 0x8E93
mem[X,0x00000000800001E6] -> 0x102E
[121] [M]: 0x00000000800001E4 (0x102E8E93) addi x29, x29, 0x102                     inst_1+28
x29 <- 0x71FAD878B369E102

clint mtime 0x000000000000003D (mip.MTI <- 0b1, mip.STI <- 0b0)
mem[X,0x00000000800001E8] -> 0x9E93
mem[X,0x00000000800001EA] -> 0x310E
[122] [M]: 0x00000000800001E8 (0x310E9E93) aes64ks1i x29, x29, 0x0                  inst_1+32
x29 <- 0xBCA32D60BCA32D60

mem[X,0x00000000800001EC] -> 0xB423
mem[X,0x00000000800001EE] -> 0x01D0
[123] [M]: 0x00000000800001EC (0x01D0B423) sd x29, 0x8(x1)                          inst_1+36
mem[W,0x0000000080003120] <- 0xBCA32D60BCA32D60

clint mtime 0x000000000000003E (mip.MTI <- 0b1, mip.STI <- 0b0)
mem[X,0x00000000800001F0] -> 0x0FB7
mem[X,0x00000000800001F2] -> 0xA4B8
[124] [M]: 0x00000000800001F0 (0xA4B80FB7) lui x31, -0x5b480                        inst_2+0
x31 <- 0xFFFFFFFFA4B80000

mem[X,0x00000000800001F4] -> 0x8F93
mem[X,0x00000000800001F6] -> 0x979F
[125] [M]: 0x00000000800001F4 (0x979F8F93) addi x31, x31, -0x687                    inst_2+4
x31 <- 0xFFFFFFFFA4B7F979

clint mtime 0x000000000000003F (mip.MTI <- 0b1, mip.STI <- 0b0)
mem[X,0x00000000800001F8] -> 0x9F93
mem[X,0x00000000800001FA] -> 0x00BF
[126] [M]: 0x00000000800001F8 (0x00BF9F93) slli x31, x31, 0xb                       inst_2+8
x31 <- 0xFFFFFD25BFCBC800

mem[X,0x00000000800001FC] -> 0x8F93
mem[X,0x00000000800001FE] -> 0x547F
[127] [M]: 0x00000000800001FC (0x547F8F93) addi x31, x31, 0x547                     inst_2+12
x31 <- 0xFFFFFD25BFCBCD47

clint mtime 0x0000000000000040 (mip.MTI <- 0b1, mip.STI <- 0b0)
mem[X,0x0000000080000200] -> 0x9F93
mem[X,0x0000000080000202] -> 0x00BF
[128] [M]: 0x0000000080000200 (0x00BF9F93) slli x31, x31, 0xb                       inst_2+16
x31 <- 0xFFE92DFE5E6A3800

mem[X,0x0000000080000204] -> 0x8F93
mem[X,0x0000000080000206] -> 0x116F
[129] [M]: 0x0000000080000204 (0x116F8F93) addi x31, x31, 0x116                     inst_2+20
x31 <- 0xFFE92DFE5E6A3916

clint mtime 0x0000000000000041 (mip.MTI <- 0b1, mip.STI <- 0b0)
mem[X,0x0000000080000208] -> 0x9F93
mem[X,0x000000008000020A] -> 0x00AF
[130] [M]: 0x0000000080000208 (0x00AF9F93) slli x31, x31, 0xa                       inst_2+24
x31 <- 0xA4B7F979A8E45800

mem[X,0x000000008000020C] -> 0x8F93
mem[X,0x000000008000020E] -> 0x069F
[131] [M]: 0x000000008000020C (0x069F8F93) addi x31, x31, 0x69                      inst_2+28
x31 <- 0xA4B7F979A8E45869

clint mtime 0x0000000000000042 (mip.MTI <- 0b1, mip.STI <- 0b0)
mem[X,0x0000000080000210] -> 0x9F13
mem[X,0x0000000080000212] -> 0x310F
[132] [M]: 0x0000000080000210 (0x310F9F13) aes64ks1i x30, x31, 0x0                  inst_2+32
x30 <- 0xB649A998B649A998

mem[X,0x0000000080000214] -> 0xB823
mem[X,0x0000000080000216] -> 0x01E0
[133] [M]: 0x0000000080000214 (0x01E0B823) sd x30, 0x10(x1)                         inst_2+36
mem[W,0x0000000080003128] <- 0xB649A998B649A998

clint mtime 0x0000000000000043 (mip.MTI <- 0b1, mip.STI <- 0b0)
mem[X,0x0000000080000218] -> 0xDDB7
mem[X,0x000000008000021A] -> 0x0B3F
[134] [M]: 0x0000000080000218 (0x0B3FDDB7) lui x27, 0xb3fd                          inst_3+0
x27 <- 0x000000000B3FD000

mem[X,0x000000008000021C] -> 0x8D93
mem[X,0x000000008000021E] -> 0x605D
[135] [M]: 0x000000008000021C (0x605D8D93) addi x27, x27, 0x605                     inst_3+4
x27 <- 0x000000000B3FD605

clint mtime 0x0000000000000044 (mip.MTI <- 0b1, mip.STI <- 0b0)
mem[X,0x0000000080000220] -> 0x9D93
mem[X,0x0000000080000222] -> 0x00BD
[136] [M]: 0x0000000080000220 (0x00BD9D93) slli x27, x27, 0xb                       inst_3+8
x27 <- 0x00000059FEB02800

mem[X,0x0000000080000224] -> 0x8D93
mem[X,0x0000000080000226] -> 0x1ACD
[137] [M]: 0x0000000080000224 (0x1ACD8D93) addi x27, x27, 0x1ac                     inst_3+12
x27 <- 0x00000059FEB029AC

clint mtime 0x0000000000000045 (mip.MTI <- 0b1, mip.STI <- 0b0)
mem[X,0x0000000080000228] -> 0x9D93
mem[X,0x000000008000022A] -> 0x00BD
[138] [M]: 0x0000000080000228 (0x00BD9D93) slli x27, x27, 0xb                       inst_3+16
x27 <- 0x0002CFF5814D6000

mem[X,0x000000008000022C] -> 0x8D93
mem[X,0x000000008000022E] -> 0x2A4D
[139] [M]: 0x000000008000022C (0x2A4D8D93) addi x27, x27, 0x2a4                     inst_3+20
x27 <- 0x0002CFF5814D62A4

clint mtime 0x0000000000000046 (mip.MTI <- 0b1, mip.STI <- 0b0)
mem[X,0x0000000080000230] -> 0x9D93
mem[X,0x0000000080000232] -> 0x00AD
[140] [M]: 0x0000000080000230 (0x00AD9D93) slli x27, x27, 0xa                       inst_3+24
x27 <- 0x0B3FD605358A9000

mem[X,0x0000000080000234] -> 0x8D93
mem[X,0x0000000080000236] -> 0x235D
[141] [M]: 0x0000000080000234 (0x235D8D93) addi x27, x27, 0x235                     inst_3+28
x27 <- 0x0B3FD605358A9235

clint mtime 0x0000000000000047 (mip.MTI <- 0b1, mip.STI <- 0b0)
mem[X,0x0000000080000238] -> 0x9E13
mem[X,0x000000008000023A] -> 0x311D
[142] [M]: 0x0000000080000238 (0x311D9E13) aes64ks1i x28, x27, 0x1                  inst_3+32
x28 <- 0x6B2B75F46B2B75F4

mem[X,0x000000008000023C] -> 0xBC23
mem[X,0x000000008000023E] -> 0x01C0
[143] [M]: 0x000000008000023C (0x01C0BC23) sd x28, 0x18(x1)                         inst_3+36
mem[W,0x0000000080003130] <- 0x6B2B75F46B2B75F4

clint mtime 0x0000000000000048 (mip.MTI <- 0b1, mip.STI <- 0b0)
mem[X,0x0000000080000240] -> 0x4E37
mem[X,0x0000000080000242] -> 0xB087
[144] [M]: 0x0000000080000240 (0xB0874E37) lui x28, -0x4f78c                        inst_4+0
x28 <- 0xFFFFFFFFB0874000

mem[X,0x0000000080000244] -> 0x0E13
mem[X,0x0000000080000246] -> 0xA0FE
[145] [M]: 0x0000000080000244 (0xA0FE0E13) addi x28, x28, -0x5f1                    inst_4+4
x28 <- 0xFFFFFFFFB0873A0F

clint mtime 0x0000000000000049 (mip.MTI <- 0b1, mip.STI <- 0b0)
mem[X,0x0000000080000248] -> 0x1E13
mem[X,0x000000008000024A] -> 0x00BE
[146] [M]: 0x0000000080000248 (0x00BE1E13) slli x28, x28, 0xb                       inst_4+8
x28 <- 0xFFFFFD8439D07800

mem[X,0x000000008000024C] -> 0x0E13
mem[X,0x000000008000024E] -> 0x019E
[147] [M]: 0x000000008000024C (0x019E0E13) addi x28, x28, 0x19                      inst_4+12
x28 <- 0xFFFFFD8439D07819

clint mtime 0x000000000000004A (mip.MTI <- 0b1, mip.STI <- 0b0)
mem[X,0x0000000080000250] -> 0x1E13
mem[X,0x0000000080000252] -> 0x00BE
[148] [M]: 0x0000000080000250 (0x00BE1E13) slli x28, x28, 0xb                       inst_4+16
x28 <- 0xFFEC21CE83C0C800

mem[X,0x0000000080000254] -> 0x0E13
mem[X,0x0000000080000256] -> 0x53FE
[149] [M]: 0x0000000080000254 (0x53FE0E13) addi x28, x28, 0x53f                     inst_4+20
x28 <- 0xFFEC21CE83C0CD3F

clint mtime 0x000000000000004B (mip.MTI <- 0b1, mip.STI <- 0b0)
mem[X,0x0000000080000258] -> 0x1E13
mem[X,0x000000008000025A] -> 0x00AE
[150] [M]: 0x0000000080000258 (0x00AE1E13) slli x28, x28, 0xa                       inst_4+24
x28 <- 0xB0873A0F0334FC00

mem[X,0x000000008000025C] -> 0x0E13
mem[X,0x000000008000025E] -> 0x0CAE
[151] [M]: 0x000000008000025C (0x0CAE0E13) addi x28, x28, 0xca                      inst_4+28
x28 <- 0xB0873A0F0334FCCA

clint mtime 0x000000000000004C (mip.MTI <- 0b1, mip.STI <- 0b0)
mem[X,0x0000000080000260] -> 0x1D93
mem[X,0x0000000080000262] -> 0x317E
[152] [M]: 0x0000000080000260 (0x317E1D93) aes64ks1i x27, x28, 0x7                  inst_4+32
x27 <- 0x76E7170076E71700

mem[X,0x0000000080000264] -> 0xB023
mem[X,0x0000000080000266] -> 0x03B0
[153] [M]: 0x0000000080000264 (0x03B0B023) sd x27, 0x20(x1)                         inst_4+36
mem[W,0x0000000080003138] <- 0x76E7170076E71700

clint mtime 0x000000000000004D (mip.MTI <- 0b1, mip.STI <- 0b0)
mem[X,0x0000000080000268] -> 0x1CB7
mem[X,0x000000008000026A] -> 0x5B73
[154] [M]: 0x0000000080000268 (0x5B731CB7) lui x25, 0x5b731                         inst_5+0
x25 <- 0x000000005B731000

mem[X,0x000000008000026C] -> 0x8C93
mem[X,0x000000008000026E] -> 0xCADC
[155] [M]: 0x000000008000026C (0xCADC8C93) addi x25, x25, -0x353                    inst_5+4
x25 <- 0x000000005B730CAD

clint mtime 0x000000000000004E (mip.MTI <- 0b1, mip.STI <- 0b0)
mem[X,0x0000000080000270] -> 0x9C93
mem[X,0x0000000080000272] -> 0x00BC
[156] [M]: 0x0000000080000270 (0x00BC9C93) slli x25, x25, 0xb                       inst_5+8
x25 <- 0x000002DB98656800

mem[X,0x0000000080000274] -> 0x8C93
mem[X,0x0000000080000276] -> 0x48BC
[157] [M]: 0x0000000080000274 (0x48BC8C93) addi x25, x25, 0x48b                     inst_5+12
x25 <- 0x000002DB98656C8B

clint mtime 0x000000000000004F (mip.MTI <- 0b1, mip.STI <- 0b0)
mem[X,0x0000000080000278] -> 0x9C93
mem[X,0x000000008000027A] -> 0x00BC
[158] [M]: 0x0000000080000278 (0x00BC9C93) slli x25, x25, 0xb                       inst_5+16
x25 <- 0x0016DCC32B645800

mem[X,0x000000008000027C] -> 0x8C93
mem[X,0x000000008000027E] -> 0x59BC
[159] [M]: 0x000000008000027C (0x59BC8C93) addi x25, x25, 0x59b                     inst_5+20
x25 <- 0x0016DCC32B645D9B

clint mtime 0x0000000000000050 (mip.MTI <- 0b1, mip.STI <- 0b0)
mem[X,0x0000000080000280] -> 0x9C93
mem[X,0x0000000080000282] -> 0x00AC
[160] [M]: 0x0000000080000280 (0x00AC9C93) slli x25, x25, 0xa                       inst_5+24
x25 <- 0x5B730CAD91766C00

mem[X,0x0000000080000284] -> 0x8C93
mem[X,0x0000000080000286] -> 0x362C
[161] [M]: 0x0000000080000284 (0x362C8C93) addi x25, x25, 0x362                     inst_5+28
x25 <- 0x5B730CAD91766F62

clint mtime 0x0000000000000051 (mip.MTI <- 0b1, mip.STI <- 0b0)
mem[X,0x0000000080000288] -> 0x9D13
mem[X,0x000000008000028A] -> 0x317C
[162] [M]: 0x0000000080000288 (0x317C9D13) aes64ks1i x26, x25, 0x7                  inst_5+32
x26 <- 0x95398F7E95398F7E

mem[X,0x000000008000028C] -> 0xB423
mem[X,0x000000008000028E] -> 0x03A0
[163] [M]: 0x000000008000028C (0x03A0B423) sd x26, 0x28(x1)                         inst_5+36
mem[W,0x0000000080003140] <- 0x95398F7E95398F7E

clint mtime 0x0000000000000052 (mip.MTI <- 0b1, mip.STI <- 0b0)
mem[X,0x0000000080000290] -> 0x0D37
mem[X,0x0000000080000292] -> 0xB7C2
[164] [M]: 0x0000000080000290 (0xB7C20D37) lui x26, -0x483e0                        inst_6+0
x26 <- 0xFFFFFFFFB7C20000

mem[X,0x0000000080000294] -> 0x0D13
mem[X,0x0000000080000296] -> 0xC5FD
[165] [M]: 0x0000000080000294 (0xC5FD0D13) addi x26, x26, -0x3a1                    inst_6+4
x26 <- 0xFFFFFFFFB7C1FC5F

clint mtime 0x0000000000000053 (mip.MTI <- 0b1, mip.STI <- 0b0)
mem[X,0x0000000080000298] -> 0x1D13
mem[X,0x000000008000029A] -> 0x00BD
[166] [M]: 0x0000000080000298 (0x00BD1D13) slli x26, x26, 0xb                       inst_6+8
x26 <- 0xFFFFFDBE0FE2F800

mem[X,0x000000008000029C] -> 0x0D13
mem[X,0x000000008000029E] -> 0x0F7D
[167] [M]: 0x000000008000029C (0x0F7D0D13) addi x26, x26, 0xf7                      inst_6+12
x26 <- 0xFFFFFDBE0FE2F8F7

clint mtime 0x0000000000000054 (mip.MTI <- 0b1, mip.STI <- 0b0)
mem[X,0x00000000800002A0] -> 0x1D13
mem[X,0x00000000800002A2] -> 0x00BD
[168] [M]: 0x00000000800002A0 (0x00BD1D13) slli x26, x26, 0xb                       inst_6+16
x26 <- 0xFFEDF07F17C7B800

mem[X,0x00000000800002A4] -> 0x0D13
mem[X,0x00000000800002A6] -> 0x684D
[169] [M]: 0x00000000800002A4 (0x684D0D13) addi x26, x26, 0x684                     inst_6+20
x26 <- 0xFFEDF07F17C7BE84

clint mtime 0x0000000000000055 (mip.MTI <- 0b1, mip.STI <- 0b0)
mem[X,0x00000000800002A8] -> 0x1D13
mem[X,0x00000000800002AA] -> 0x00AD
[170] [M]: 0x00000000800002A8 (0x00AD1D13) slli x26, x26, 0xa                       inst_6+24
x26 <- 0xB7C1FC5F1EFA1000

mem[X,0x00000000800002AC] -> 0x0D13
mem[X,0x00000000800002AE] -> 0x095D
[171] [M]: 0x00000000800002AC (0x095D0D13) addi x26, x26, 0x95                      inst_6+28
x26 <- 0xB7C1FC5F1EFA1095

clint mtime 0x0000000000000056 (mip.MTI <- 0b1, mip.STI <- 0b0)
mem[X,0x00000000800002B0] -> 0x1C93
mem[X,0x00000000800002B2] -> 0x313D
[172] [M]: 0x00000000800002B0 (0x313D1C93) aes64ks1i x25, x26, 0x3                  inst_6+32
x25 <- 0xCFA978B8CFA978B8

mem[X,0x00000000800002B4] -> 0xB823
mem[X,0x00000000800002B6] -> 0x0390
[173] [M]: 0x00000000800002B4 (0x0390B823) sd x25, 0x30(x1)                         inst_6+36
mem[W,0x0000000080003148] <- 0xCFA978B8CFA978B8

clint mtime 0x0000000000000057 (mip.MTI <- 0b1, mip.STI <- 0b0)
mem[X,0x00000000800002B8] -> 0x2BB7
mem[X,0x00000000800002BA] -> 0x25AE
[174] [M]: 0x00000000800002B8 (0x25AE2BB7) lui x23, 0x25ae2                         inst_7+0
x23 <- 0x0000000025AE2000

mem[X,0x00000000800002BC] -> 0x8B93
mem[X,0x00000000800002BE] -> 0x7EEB
[175] [M]: 0x00000000800002BC (0x7EEB8B93) addi x23, x23, 0x7ee                     inst_7+4
x23 <- 0x0000000025AE27EE

clint mtime 0x0000000000000058 (mip.MTI <- 0b1, mip.STI <- 0b0)
mem[X,0x00000000800002C0] -> 0x9B93
mem[X,0x00000000800002C2] -> 0x00BB
[176] [M]: 0x00000000800002C0 (0x00BB9B93) slli x23, x23, 0xb                       inst_7+8
x23 <- 0x0000012D713F7000

mem[X,0x00000000800002C4] -> 0x8B93
mem[X,0x00000000800002C6] -> 0x208B
[177] [M]: 0x00000000800002C4 (0x208B8B93) addi x23, x23, 0x208                     inst_7+12
x23 <- 0x0000012D713F7208

clint mtime 0x0000000000000059 (mip.MTI <- 0b1, mip.STI <- 0b0)
mem[X,0x00000000800002C8] -> 0x9B93
mem[X,0x00000000800002CA] -> 0x00BB
[178] [M]: 0x00000000800002C8 (0x00BB9B93) slli x23, x23, 0xb                       inst_7+16
x23 <- 0x00096B89FB904000

mem[X,0x00000000800002CC] -> 0x8B93
mem[X,0x00000000800002CE] -> 0x4FBB
[179] [M]: 0x00000000800002CC (0x4FBB8B93) addi x23, x23, 0x4fb                     inst_7+20
x23 <- 0x00096B89FB9044FB

clint mtime 0x000000000000005A (mip.MTI <- 0b1, mip.STI <- 0b0)
mem[X,0x00000000800002D0] -> 0x9B93
mem[X,0x00000000800002D2] -> 0x00AB
[180] [M]: 0x00000000800002D0 (0x00AB9B93) slli x23, x23, 0xa                       inst_7+24
x23 <- 0x25AE27EE4113EC00

mem[X,0x00000000800002D4] -> 0x8B93
mem[X,0x00000000800002D6] -> 0x260B
[181] [M]: 0x00000000800002D4 (0x260B8B93) addi x23, x23, 0x260                     inst_7+28
x23 <- 0x25AE27EE4113EE60

clint mtime 0x000000000000005B (mip.MTI <- 0b1, mip.STI <- 0b0)
mem[X,0x00000000800002D8] -> 0x9C13
mem[X,0x00000000800002DA] -> 0x315B
[182] [M]: 0x00000000800002D8 (0x315B9C13) aes64ks1i x24, x23, 0x5                  inst_7+32
x24 <- 0x283FE4EC283FE4EC

mem[X,0x00000000800002DC] -> 0xBC23
mem[X,0x00000000800002DE] -> 0x0380
[183] [M]: 0x00000000800002DC (0x0380BC23) sd x24, 0x38(x1)                         inst_7+36
mem[W,0x0000000080003150] <- 0x283FE4EC283FE4EC

clint mtime 0x000000000000005C (mip.MTI <- 0b1, mip.STI <- 0b0)
mem[X,0x00000000800002E0] -> 0x0C37
mem[X,0x00000000800002E2] -> 0xE3F5
[184] [M]: 0x00000000800002E0 (0xE3F50C37) lui x24, -0x1c0b0                        inst_8+0
x24 <- 0xFFFFFFFFE3F50000

mem[X,0x00000000800002E4] -> 0x0C13
mem[X,0x00000000800002E6] -> 0xCA3C
[185] [M]: 0x00000000800002E4 (0xCA3C0C13) addi x24, x24, -0x35d                    inst_8+4
x24 <- 0xFFFFFFFFE3F4FCA3

clint mtime 0x000000000000005D (mip.MTI <- 0b1, mip.STI <- 0b0)
mem[X,0x00000000800002E8] -> 0x1C13
mem[X,0x00000000800002EA] -> 0x00BC
[186] [M]: 0x00000000800002E8 (0x00BC1C13) slli x24, x24, 0xb                       inst_8+8
x24 <- 0xFFFFFF1FA7E51800

mem[X,0x00000000800002EC] -> 0x0C13
mem[X,0x00000000800002EE] -> 0x0CFC
[187] [M]: 0x00000000800002EC (0x0CFC0C13) addi x24, x24, 0xcf                      inst_8+12
x24 <- 0xFFFFFF1FA7E518CF

clint mtime 0x000000000000005E (mip.MTI <- 0b1, mip.STI <- 0b0)
mem[X,0x00000000800002F0] -> 0x1C13
mem[X,0x00000000800002F2] -> 0x00BC
[188] [M]: 0x00000000800002F0 (0x00BC1C13) slli x24, x24, 0xb                       inst_8+16
x24 <- 0xFFF8FD3F28C67800

mem[X,0x00000000800002F4] -> 0x0C13
mem[X,0x00000000800002F6] -> 0x411C
[189] [M]: 0x00000000800002F4 (0x411C0C13) addi x24, x24, 0x411                     inst_8+20
x24 <- 0xFFF8FD3F28C67C11

clint mtime 0x000000000000005F (mip.MTI <- 0b1, mip.STI <- 0b0)
mem[X,0x00000000800002F8] -> 0x1C13
mem[X,0x00000000800002FA] -> 0x00AC
[190] [M]: 0x00000000800002F8 (0x00AC1C13) slli x24, x24, 0xa                       inst_8+24
x24 <- 0xE3F4FCA319F04400

mem[X,0x00000000800002FC] -> 0x0C13
mem[X,0x00000000800002FE] -> 0x2A5C
[191] [M]: 0x00000000800002FC (0x2A5C0C13) addi x24, x24, 0x2a5                     inst_8+28
x24 <- 0xE3F4FCA319F046A5

clint mtime 0x0000000000000060 (mip.MTI <- 0b1, mip.STI <- 0b0)
mem[X,0x0000000080000300] -> 0x1B93
mem[X,0x0000000080000302] -> 0x316C
[192] [M]: 0x0000000080000300 (0x316C1B93) aes64ks1i x23, x24, 0x6                  inst_8+32
x23 <- 0x0A11BFF00A11BFF0

mem[X,0x0000000080000304] -> 0xB023
mem[X,0x0000000080000306] -> 0x0570
[193] [M]: 0x0000000080000304 (0x0570B023) sd x23, 0x40(x1)                         inst_8+36
mem[W,0x0000000080003158] <- 0x0A11BFF00A11BFF0

clint mtime 0x0000000000000061 (mip.MTI <- 0b1, mip.STI <- 0b0)
mem[X,0x0000000080000308] -> 0x2AB7
mem[X,0x000000008000030A] -> 0xFF9A
[194] [M]: 0x0000000080000308 (0xFF9A2AB7) lui x21, -0x65e                          inst_9+0
x21 <- 0xFFFFFFFFFF9A2000

mem[X,0x000000008000030C] -> 0x8A93
mem[X,0x000000008000030E] -> 0xB80A
[195] [M]: 0x000000008000030C (0xB80A8A93) addi x21, x21, -0x480                    inst_9+4
x21 <- 0xFFFFFFFFFF9A1B80

clint mtime 0x0000000000000062 (mip.MTI <- 0b1, mip.STI <- 0b0)
mem[X,0x0000000080000310] -> 0x9A93
mem[X,0x0000000080000312] -> 0x00BA
[196] [M]: 0x0000000080000310 (0x00BA9A93) slli x21, x21, 0xb                       inst_9+8
x21 <- 0xFFFFFFFCD0DC0000

mem[X,0x0000000080000314] -> 0x8A93
mem[X,0x0000000080000316] -> 0x2E7A
[197] [M]: 0x0000000080000314 (0x2E7A8A93) addi x21, x21, 0x2e7                     inst_9+12
x21 <- 0xFFFFFFFCD0DC02E7

clint mtime 0x0000000000000063 (mip.MTI <- 0b1, mip.STI <- 0b0)
mem[X,0x0000000080000318] -> 0x9A93
mem[X,0x000000008000031A] -> 0x00BA
[198] [M]: 0x0000000080000318 (0x00BA9A93) slli x21, x21, 0xb                       inst_9+16
x21 <- 0xFFFFE686E0173800

mem[X,0x000000008000031C] -> 0x8A93
mem[X,0x000000008000031E] -> 0x35FA
[199] [M]: 0x000000008000031C (0x35FA8A93) addi x21, x21, 0x35f                     inst_9+20
x21 <- 0xFFFFE686E0173B5F

clint mtime 0x0000000000000064 (mip.MTI <- 0b1, mip.STI <- 0b0)
mem[X,0x0000000080000320] -> 0x9A93
mem[X,0x0000000080000322] -> 0x00AA
[200] [M]: 0x0000000080000320 (0x00AA9A93) slli x21, x21, 0xa                       inst_9+24
x21 <- 0xFF9A1B805CED7C00

mem[X,0x0000000080000324] -> 0x8A93
mem[X,0x0000000080000326] -> 0x22EA
[201] [M]: 0x0000000080000324 (0x22EA8A93) addi x21, x21, 0x22e                     inst_9+28
x21 <- 0xFF9A1B805CED7E2E

clint mtime 0x0000000000000065 (mip.MTI <- 0b1, mip.STI <- 0b0)
mem[X,0x0000000080000328] -> 0x9B13
mem[X,0x000000008000032A] -> 0x316A
[202] [M]: 0x0000000080000328 (0x316A9B13) aes64ks1i x22, x21, 0x6                  inst_9+32
x22 <- 0xCD16B8EFCD16B8EF

mem[X,0x000000008000032C] -> 0xB423
mem[X,0x000000008000032E] -> 0x0560
[203] [M]: 0x000000008000032C (0x0560B423) sd x22, 0x48(x1)                         inst_9+36
mem[W,0x0000000080003160] <- 0xCD16B8EFCD16B8EF

clint mtime 0x0000000000000066 (mip.MTI <- 0b1, mip.STI <- 0b0)
mem[X,0x0000000080000330] -> 0xDB37
mem[X,0x0000000080000332] -> 0x9722
[204] [M]: 0x0000000080000330 (0x9722DB37) lui x22, -0x68dd3                        inst_10+0
x22 <- 0xFFFFFFFF9722D000

mem[X,0x0000000080000334] -> 0x0B13
mem[X,0x0000000080000336] -> 0x9A6B
[205] [M]: 0x0000000080000334 (0x9A6B0B13) addi x22, x22, -0x65a                    inst_10+4
x22 <- 0xFFFFFFFF9722C9A6

clint mtime 0x0000000000000067 (mip.MTI <- 0b1, mip.STI <- 0b0)
mem[X,0x0000000080000338] -> 0x1B13
mem[X,0x000000008000033A] -> 0x00BB
[206] [M]: 0x0000000080000338 (0x00BB1B13) slli x22, x22, 0xb                       inst_10+8
x22 <- 0xFFFFFCB9164D3000

mem[X,0x000000008000033C] -> 0x0B13
mem[X,0x000000008000033E] -> 0x584B
[207] [M]: 0x000000008000033C (0x584B0B13) addi x22, x22, 0x584                     inst_10+12
x22 <- 0xFFFFFCB9164D3584

clint mtime 0x0000000000000068 (mip.MTI <- 0b1, mip.STI <- 0b0)
mem[X,0x0000000080000340] -> 0x1B13
mem[X,0x0000000080000342] -> 0x00BB
[208] [M]: 0x0000000080000340 (0x00BB1B13) slli x22, x22, 0xb                       inst_10+16
x22 <- 0xFFE5C8B269AC2000

mem[X,0x0000000080000344] -> 0x0B13
mem[X,0x0000000080000346] -> 0x50AB
[209] [M]: 0x0000000080000344 (0x50AB0B13) addi x22, x22, 0x50a                     inst_10+20
x22 <- 0xFFE5C8B269AC250A

clint mtime 0x0000000000000069 (mip.MTI <- 0b1, mip.STI <- 0b0)
mem[X,0x0000000080000348] -> 0x1B13
mem[X,0x000000008000034A] -> 0x00AB
[210] [M]: 0x0000000080000348 (0x00AB1B13) slli x22, x22, 0xa                       inst_10+24
x22 <- 0x9722C9A6B0942800

mem[X,0x000000008000034C] -> 0x0B13
mem[X,0x000000008000034E] -> 0x192B
[211] [M]: 0x000000008000034C (0x192B0B13) addi x22, x22, 0x192                     inst_10+28
x22 <- 0x9722C9A6B0942992

clint mtime 0x000000000000006A (mip.MTI <- 0b1, mip.STI <- 0b0)
mem[X,0x0000000080000350] -> 0x1A93
mem[X,0x0000000080000352] -> 0x315B
[212] [M]: 0x0000000080000350 (0x315B1A93) aes64ks1i x21, x22, 0x5                  inst_10+32
x21 <- 0x248893FD248893FD

mem[X,0x0000000080000354] -> 0xB823
mem[X,0x0000000080000356] -> 0x0550
[213] [M]: 0x0000000080000354 (0x0550B823) sd x21, 0x50(x1)                         inst_10+36
mem[W,0x0000000080003168] <- 0x248893FD248893FD

clint mtime 0x000000000000006B (mip.MTI <- 0b1, mip.STI <- 0b0)
mem[X,0x0000000080000358] -> 0x09B7
mem[X,0x000000008000035A] -> 0x9BEE
[214] [M]: 0x0000000080000358 (0x9BEE09B7) lui x19, -0x64120                        inst_11+0
x19 <- 0xFFFFFFFF9BEE0000

mem[X,0x000000008000035C] -> 0x8993
mem[X,0x000000008000035E] -> 0xE399
[215] [M]: 0x000000008000035C (0xE3998993) addi x19, x19, -0x1c7                    inst_11+4
x19 <- 0xFFFFFFFF9BEDFE39

clint mtime 0x000000000000006C (mip.MTI <- 0b1, mip.STI <- 0b0)
mem[X,0x0000000080000360] -> 0x9993
mem[X,0x0000000080000362] -> 0x00B9
[216] [M]: 0x0000000080000360 (0x00B99993) slli x19, x19, 0xb                       inst_11+8
x19 <- 0xFFFFFCDF6FF1C800

mem[X,0x0000000080000364] -> 0x8993
mem[X,0x0000000080000366] -> 0x06B9
[217] [M]: 0x0000000080000364 (0x06B98993) addi x19, x19, 0x6b                      inst_11+12
x19 <- 0xFFFFFCDF6FF1C86B

clint mtime 0x000000000000006D (mip.MTI <- 0b1, mip.STI <- 0b0)
mem[X,0x0000000080000368] -> 0x9993
mem[X,0x000000008000036A] -> 0x00B9
[218] [M]: 0x0000000080000368 (0x00B99993) slli x19, x19, 0xb                       inst_11+16
x19 <- 0xFFE6FB7F8E435800

mem[X,0x000000008000036C] -> 0x8993
mem[X,0x000000008000036E] -> 0x3779
[219] [M]: 0x000000008000036C (0x37798993) addi x19, x19, 0x377                     inst_11+20
x19 <- 0xFFE6FB7F8E435B77

clint mtime 0x000000000000006E (mip.MTI <- 0b1, mip.STI <- 0b0)
mem[X,0x0000000080000370] -> 0x9993
mem[X,0x0000000080000372] -> 0x00A9
[220] [M]: 0x0000000080000370 (0x00A99993) slli x19, x19, 0xa                       inst_11+24
x19 <- 0x9BEDFE390D6DDC00

mem[X,0x0000000080000374] -> 0x8993
mem[X,0x0000000080000376] -> 0x19D9
[221] [M]: 0x0000000080000374 (0x19D98993) addi x19, x19, 0x19d                     inst_11+28
x19 <- 0x9BEDFE390D6DDD9D

clint mtime 0x000000000000006F (mip.MTI <- 0b1, mip.STI <- 0b0)
mem[X,0x0000000080000378] -> 0x9A13
mem[X,0x000000008000037A] -> 0x3149
[222] [M]: 0x0000000080000378 (0x31499A13) aes64ks1i x20, x19, 0x4                  inst_11+32
x20 <- 0x121455AB121455AB

mem[X,0x000000008000037C] -> 0xBC23
mem[X,0x000000008000037E] -> 0x0540
[223] [M]: 0x000000008000037C (0x0540BC23) sd x20, 0x58(x1)                         inst_11+36
mem[W,0x0000000080003170] <- 0x121455AB121455AB

clint mtime 0x0000000000000070 (mip.MTI <- 0b1, mip.STI <- 0b0)
mem[X,0x0000000080000380] -> 0x4A37
mem[X,0x0000000080000382] -> 0xD757
[224] [M]: 0x0000000080000380 (0xD7574A37) lui x20, -0x28a8c                        inst_12+0
x20 <- 0xFFFFFFFFD7574000

mem[X,0x0000000080000384] -> 0x0A13
mem[X,0x0000000080000386] -> 0x9F8A
[225] [M]: 0x0000000080000384 (0x9F8A0A13) addi x20, x20, -0x608                    inst_12+4
x20 <- 0xFFFFFFFFD75739F8

clint mtime 0x0000000000000071 (mip.MTI <- 0b1, mip.STI <- 0b0)
mem[X,0x0000000080000388] -> 0x1A13
mem[X,0x000000008000038A] -> 0x00BA
[226] [M]: 0x0000000080000388 (0x00BA1A13) slli x20, x20, 0xb                       inst_12+8
x20 <- 0xFFFFFEBAB9CFC000

mem[X,0x000000008000038C] -> 0x0A13
mem[X,0x000000008000038E] -> 0x156A
[227] [M]: 0x000000008000038C (0x156A0A13) addi x20, x20, 0x156                     inst_12+12
x20 <- 0xFFFFFEBAB9CFC156

clint mtime 0x0000000000000072 (mip.MTI <- 0b1, mip.STI <- 0b0)
mem[X,0x0000000080000390] -> 0x1A13
mem[X,0x0000000080000392] -> 0x00BA
[228] [M]: 0x0000000080000390 (0x00BA1A13) slli x20, x20, 0xb                       inst_12+16
x20 <- 0xFFF5D5CE7E0AB000

mem[X,0x0000000080000394] -> 0x0A13
mem[X,0x0000000080000396] -> 0x05DA
[229] [M]: 0x0000000080000394 (0x05DA0A13) addi x20, x20, 0x5d                      inst_12+20
x20 <- 0xFFF5D5CE7E0AB05D

clint mtime 0x0000000000000073 (mip.MTI <- 0b1, mip.STI <- 0b0)
mem[X,0x0000000080000398] -> 0x1A13
mem[X,0x000000008000039A] -> 0x00AA
[230] [M]: 0x0000000080000398 (0x00AA1A13) slli x20, x20, 0xa                       inst_12+24
x20 <- 0xD75739F82AC17400

mem[X,0x000000008000039C] -> 0x0A13
mem[X,0x000000008000039E] -> 0x3C6A
[231] [M]: 0x000000008000039C (0x3C6A0A13) addi x20, x20, 0x3c6                     inst_12+28
x20 <- 0xD75739F82AC177C6

clint mtime 0x0000000000000074 (mip.MTI <- 0b1, mip.STI <- 0b0)
mem[X,0x00000000800003A0] -> 0x1993
mem[X,0x00000000800003A2] -> 0x313A
[232] [M]: 0x00000000800003A0 (0x313A1993) aes64ks1i x19, x20, 0x3                  inst_12+32
x19 <- 0x410E5B1A410E5B1A

mem[X,0x00000000800003A4] -> 0xB023
mem[X,0x00000000800003A6] -> 0x0730
[233] [M]: 0x00000000800003A4 (0x0730B023) sd x19, 0x60(x1)                         inst_12+36
mem[W,0x0000000080003178] <- 0x410E5B1A410E5B1A

clint mtime 0x0000000000000075 (mip.MTI <- 0b1, mip.STI <- 0b0)
mem[X,0x00000000800003A8] -> 0xB8B7
mem[X,0x00000000800003AA] -> 0x90EF
[234] [M]: 0x00000000800003A8 (0x90EFB8B7) lui x17, -0x6f105                        inst_13+0
x17 <- 0xFFFFFFFF90EFB000

mem[X,0x00000000800003AC] -> 0x8893
mem[X,0x00000000800003AE] -> 0x6258
[235] [M]: 0x00000000800003AC (0x62588893) addi x17, x17, 0x625                     inst_13+4
x17 <- 0xFFFFFFFF90EFB625

clint mtime 0x0000000000000076 (mip.MTI <- 0b1, mip.STI <- 0b0)
mem[X,0x00000000800003B0] -> 0x9893
mem[X,0x00000000800003B2] -> 0x00B8
[236] [M]: 0x00000000800003B0 (0x00B89893) slli x17, x17, 0xb                       inst_13+8
x17 <- 0xFFFFFC877DB12800

mem[X,0x00000000800003B4] -> 0x8893
mem[X,0x00000000800003B6] -> 0x6CF8
[237] [M]: 0x00000000800003B4 (0x6CF88893) addi x17, x17, 0x6cf                     inst_13+12
x17 <- 0xFFFFFC877DB12ECF

clint mtime 0x0000000000000077 (mip.MTI <- 0b1, mip.STI <- 0b0)
mem[X,0x00000000800003B8] -> 0x9893
mem[X,0x00000000800003BA] -> 0x00B8
[238] [M]: 0x00000000800003B8 (0x00B89893) slli x17, x17, 0xb                       inst_13+16
x17 <- 0xFFE43BED89767800

mem[X,0x00000000800003BC] -> 0x8893
mem[X,0x00000000800003BE] -> 0x6F38
[239] [M]: 0x00000000800003BC (0x6F388893) addi x17, x17, 0x6f3                     inst_13+20
x17 <- 0xFFE43BED89767EF3

clint mtime 0x0000000000000078 (mip.MTI <- 0b1, mip.STI <- 0b0)
mem[X,0x00000000800003C0] -> 0x9893
mem[X,0x00000000800003C2] -> 0x00A8
[240] [M]: 0x00000000800003C0 (0x00A89893) slli x17, x17, 0xa                       inst_13+24
x17 <- 0x90EFB625D9FBCC00

mem[X,0x00000000800003C4] -> 0x8893
mem[X,0x00000000800003C6] -> 0x1B58
[241] [M]: 0x00000000800003C4 (0x1B588893) addi x17, x17, 0x1b5                     inst_13+28
x17 <- 0x90EFB625D9FBCDB5

clint mtime 0x0000000000000079 (mip.MTI <- 0b1, mip.STI <- 0b0)
mem[X,0x00000000800003C8] -> 0x9913
mem[X,0x00000000800003CA] -> 0x3138
[242] [M]: 0x00000000800003C8 (0x31389913) aes64ks1i x18, x17, 0x3                  inst_13+32
x18 <- 0x3F60DF463F60DF46

mem[X,0x00000000800003CC] -> 0xB423
mem[X,0x00000000800003CE] -> 0x0720
[243] [M]: 0x00000000800003CC (0x0720B423) sd x18, 0x68(x1)                         inst_13+36
mem[W,0x0000000080003180] <- 0x3F60DF463F60DF46

clint mtime 0x000000000000007A (mip.MTI <- 0b1, mip.STI <- 0b0)
mem[X,0x00000000800003D0] -> 0x8937
mem[X,0x00000000800003D2] -> 0x6006
[244] [M]: 0x00000000800003D0 (0x60068937) lui x18, 0x60068                         inst_14+0
x18 <- 0x0000000060068000

mem[X,0x00000000800003D4] -> 0x0913
mem[X,0x00000000800003D6] -> 0xD399
[245] [M]: 0x00000000800003D4 (0xD3990913) addi x18, x18, -0x2c7                    inst_14+4
x18 <- 0x0000000060067D39

clint mtime 0x000000000000007B (mip.MTI <- 0b1, mip.STI <- 0b0)
mem[X,0x00000000800003D8] -> 0x1913
mem[X,0x00000000800003DA] -> 0x00B9
[246] [M]: 0x00000000800003D8 (0x00B91913) slli x18, x18, 0xb                       inst_14+8
x18 <- 0x0000030033E9C800

mem[X,0x00000000800003DC] -> 0x0913
mem[X,0x00000000800003DE] -> 0x68B9
[247] [M]: 0x00000000800003DC (0x68B90913) addi x18, x18, 0x68b                     inst_14+12
x18 <- 0x0000030033E9CE8B

clint mtime 0x000000000000007C (mip.MTI <- 0b1, mip.STI <- 0b0)
mem[X,0x00000000800003E0] -> 0x1913
mem[X,0x00000000800003E2] -> 0x00B9
[248] [M]: 0x00000000800003E0 (0x00B91913) slli x18, x18, 0xb                       inst_14+16
x18 <- 0x0018019F4E745800

mem[X,0x00000000800003E4] -> 0x0913
mem[X,0x00000000800003E6] -> 0x2689
[249] [M]: 0x00000000800003E4 (0x26890913) addi x18, x18, 0x268                     inst_14+20
x18 <- 0x0018019F4E745A68

clint mtime 0x000000000000007D (mip.MTI <- 0b1, mip.STI <- 0b0)
mem[X,0x00000000800003E8] -> 0x1913
mem[X,0x00000000800003EA] -> 0x00A9
[250] [M]: 0x00000000800003E8 (0x00A91913) slli x18, x18, 0xa                       inst_14+24
x18 <- 0x60067D39D169A000

mem[X,0x00000000800003EC] -> 0x0913
mem[X,0x00000000800003EE] -> 0x3F89
[251] [M]: 0x00000000800003EC (0x3F890913) addi x18, x18, 0x3f8                     inst_14+28
x18 <- 0x60067D39D169A3F8

clint mtime 0x000000000000007E (mip.MTI <- 0b1, mip.STI <- 0b0)
mem[X,0x00000000800003F0] -> 0x1893
mem[X,0x00000000800003F2] -> 0x3119
[252] [M]: 0x00000000800003F0 (0x31191893) aes64ks1i x17, x18, 0x1                  inst_14+32
x17 <- 0x12D06FFD12D06FFD

mem[X,0x00000000800003F4] -> 0xB823
mem[X,0x00000000800003F6] -> 0x0710
[253] [M]: 0x00000000800003F4 (0x0710B823) sd x17, 0x70(x1)                         inst_14+36
mem[W,0x0000000080003188] <- 0x12D06FFD12D06FFD

clint mtime 0x000000000000007F (mip.MTI <- 0b1, mip.STI <- 0b0)
mem[X,0x00000000800003F8] -> 0x07B7
mem[X,0x00000000800003FA] -> 0xD5BA
[254] [M]: 0x00000000800003F8 (0xD5BA07B7) lui x15, -0x2a460                        inst_15+0
x15 <- 0xFFFFFFFFD5BA0000

mem[X,0x00000000800003FC] -> 0x8793
mem[X,0x00000000800003FE] -> 0xE5C7
[255] [M]: 0x00000000800003FC (0xE5C78793) addi x15, x15, -0x1a4                    inst_15+4
x15 <- 0xFFFFFFFFD5B9FE5C

clint mtime 0x0000000000000080 (mip.MTI <- 0b1, mip.STI <- 0b0)
mem[X,0x0000000080000400] -> 0x9793
mem[X,0x0000000080000402] -> 0x00B7
[256] [M]: 0x0000000080000400 (0x00B79793) slli x15, x15, 0xb                       inst_15+8
x15 <- 0xFFFFFEADCFF2E000

mem[X,0x0000000080000404] -> 0x8793
mem[X,0x0000000080000406] -> 0x7B47
[257] [M]: 0x0000000080000404 (0x7B478793) addi x15, x15, 0x7b4                     inst_15+12
x15 <- 0xFFFFFEADCFF2E7B4

clint mtime 0x0000000000000081 (mip.MTI <- 0b1, mip.STI <- 0b0)
mem[X,0x0000000080000408] -> 0x9793
mem[X,0x000000008000040A] -> 0x00B7
[258] [M]: 0x0000000080000408 (0x00B79793) slli x15, x15, 0xb                       inst_15+16
x15 <- 0xFFF56E7F973DA000

mem[X,0x000000008000040C] -> 0x8793
mem[X,0x000000008000040E] -> 0x6F77
[259] [M]: 0x000000008000040C (0x6F778793) addi x15, x15, 0x6f7                     inst_15+20
x15 <- 0xFFF56E7F973DA6F7

clint mtime 0x0000000000000082 (mip.MTI <- 0b1, mip.STI <- 0b0)
mem[X,0x0000000080000410] -> 0x9793
mem[X,0x0000000080000412] -> 0x00A7
[260] [M]: 0x0000000080000410 (0x00A79793) slli x15, x15, 0xa                       inst_15+24
x15 <- 0xD5B9FE5CF69BDC00

mem[X,0x0000000080000414] -> 0x8793
mem[X,0x0000000080000416] -> 0x0F37
[261] [M]: 0x0000000080000414 (0x0F378793) addi x15, x15, 0xf3                      inst_15+28
x15 <- 0xD5B9FE5CF69BDCF3

clint mtime 0x0000000000000083 (mip.MTI <- 0b1, mip.STI <- 0b0)
mem[X,0x0000000080000418] -> 0x9813
mem[X,0x000000008000041A] -> 0x3167
[262] [M]: 0x0000000080000418 (0x31679813) aes64ks1i x16, x15, 0x6                  inst_15+32
x16 <- 0x4A0356FB4A0356FB

mem[X,0x000000008000041C] -> 0xBC23
mem[X,0x000000008000041E] -> 0x0700
[263] [M]: 0x000000008000041C (0x0700BC23) sd x16, 0x78(x1)                         inst_15+36
mem[W,0x0000000080003190] <- 0x4A0356FB4A0356FB

clint mtime 0x0000000000000084 (mip.MTI <- 0b1, mip.STI <- 0b0)
mem[X,0x0000000080000420] -> 0x5837
mem[X,0x0000000080000422] -> 0x58D5
[264] [M]: 0x0000000080000420 (0x58D55837) lui x16, 0x58d55                         inst_16+0
x16 <- 0x0000000058D55000

mem[X,0x0000000080000424] -> 0x0813
mem[X,0x0000000080000426] -> 0x8AA8
[265] [M]: 0x0000000080000424 (0x8AA80813) addi x16, x16, -0x756                    inst_16+4
x16 <- 0x0000000058D548AA

clint mtime 0x0000000000000085 (mip.MTI <- 0b1, mip.STI <- 0b0)
mem[X,0x0000000080000428] -> 0x1813
mem[X,0x000000008000042A] -> 0x00B8
[266] [M]: 0x0000000080000428 (0x00B81813) slli x16, x16, 0xb                       inst_16+8
x16 <- 0x000002C6AA455000

mem[X,0x000000008000042C] -> 0x0813
mem[X,0x000000008000042E] -> 0x7248
[267] [M]: 0x000000008000042C (0x72480813) addi x16, x16, 0x724                     inst_16+12
x16 <- 0x000002C6AA455724

clint mtime 0x0000000000000086 (mip.MTI <- 0b1, mip.STI <- 0b0)
mem[X,0x0000000080000430] -> 0x1813
mem[X,0x0000000080000432] -> 0x00B8
[268] [M]: 0x0000000080000430 (0x00B81813) slli x16, x16, 0xb                       inst_16+16
x16 <- 0x001635522AB92000

mem[X,0x0000000080000434] -> 0x0813
mem[X,0x0000000080000436] -> 0x4868
[269] [M]: 0x0000000080000434 (0x48680813) addi x16, x16, 0x486                     inst_16+20
x16 <- 0x001635522AB92486

clint mtime 0x0000000000000087 (mip.MTI <- 0b1, mip.STI <- 0b0)
mem[X,0x0000000080000438] -> 0x1813
mem[X,0x000000008000043A] -> 0x00A8
[270] [M]: 0x0000000080000438 (0x00A81813) slli x16, x16, 0xa                       inst_16+24
x16 <- 0x58D548AAE4921800

mem[X,0x000000008000043C] -> 0x0813
mem[X,0x000000008000043E] -> 0x3F78
[271] [M]: 0x000000008000043C (0x3F780813) addi x16, x16, 0x3f7                     inst_16+28
x16 <- 0x58D548AAE4921BF7

clint mtime 0x0000000000000088 (mip.MTI <- 0b1, mip.STI <- 0b0)
mem[X,0x0000000080000440] -> 0x1793
mem[X,0x0000000080000442] -> 0x3168
[272] [M]: 0x0000000080000440 (0x31681793) aes64ks1i x15, x16, 0x6                  inst_16+32
x15 <- 0xAC6A0312AC6A0312

mem[X,0x0000000080000444] -> 0xB023
mem[X,0x0000000080000446] -> 0x08F0
[273] [M]: 0x0000000080000444 (0x08F0B023) sd x15, 0x80(x1)                         inst_16+36
mem[W,0x0000000080003198] <- 0xAC6A0312AC6A0312

clint mtime 0x0000000000000089 (mip.MTI <- 0b1, mip.STI <- 0b0)
mem[X,0x0000000080000448] -> 0xA6B7
mem[X,0x000000008000044A] -> 0x2DAF
[274] [M]: 0x0000000080000448 (0x2DAFA6B7) lui x13, 0x2dafa                         inst_17+0
x13 <- 0x000000002DAFA000

mem[X,0x000000008000044C] -> 0x8693
mem[X,0x000000008000044E] -> 0xAC76
[275] [M]: 0x000000008000044C (0xAC768693) addi x13, x13, -0x539                    inst_17+4
x13 <- 0x000000002DAF9AC7

clint mtime 0x000000000000008A (mip.MTI <- 0b1, mip.STI <- 0b0)
mem[X,0x0000000080000450] -> 0x9693
mem[X,0x0000000080000452] -> 0x00B6
[276] [M]: 0x0000000080000450 (0x00B69693) slli x13, x13, 0xb                       inst_17+8
x13 <- 0x0000016D7CD63800

mem[X,0x0000000080000454] -> 0x8693
mem[X,0x0000000080000456] -> 0x7AF6
[277] [M]: 0x0000000080000454 (0x7AF68693) addi x13, x13, 0x7af                     inst_17+12
x13 <- 0x0000016D7CD63FAF

clint mtime 0x000000000000008B (mip.MTI <- 0b1, mip.STI <- 0b0)
mem[X,0x0000000080000458] -> 0x9693
mem[X,0x000000008000045A] -> 0x00B6
[278] [M]: 0x0000000080000458 (0x00B69693) slli x13, x13, 0xb                       inst_17+16
x13 <- 0x000B6BE6B1FD7800

mem[X,0x000000008000045C] -> 0x8693
mem[X,0x000000008000045E] -> 0x6BC6
[279] [M]: 0x000000008000045C (0x6BC68693) addi x13, x13, 0x6bc                     inst_17+20
x13 <- 0x000B6BE6B1FD7EBC

clint mtime 0x000000000000008C (mip.MTI <- 0b1, mip.STI <- 0b0)
mem[X,0x0000000080000460] -> 0x9693
mem[X,0x0000000080000462] -> 0x00A6
[280] [M]: 0x0000000080000460 (0x00A69693) slli x13, x13, 0xa                       inst_17+24
x13 <- 0x2DAF9AC7F5FAF000

mem[X,0x0000000080000464] -> 0x8693
mem[X,0x0000000080000466] -> 0x2076
[281] [M]: 0x0000000080000464 (0x20768693) addi x13, x13, 0x207                     inst_17+28
x13 <- 0x2DAF9AC7F5FAF207

clint mtime 0x000000000000008D (mip.MTI <- 0b1, mip.STI <- 0b0)
mem[X,0x0000000080000468] -> 0x9713
mem[X,0x000000008000046A] -> 0x3136
[282] [M]: 0x0000000080000468 (0x31369713) aes64ks1i x14, x13, 0x3                  inst_17+32
x14 <- 0xC6D879B0C6D879B0

mem[X,0x000000008000046C] -> 0xB423
mem[X,0x000000008000046E] -> 0x08E0
[283] [M]: 0x000000008000046C (0x08E0B423) sd x14, 0x88(x1)                         inst_17+36
mem[W,0x00000000800031A0] <- 0xC6D879B0C6D879B0

clint mtime 0x000000000000008E (mip.MTI <- 0b1, mip.STI <- 0b0)
mem[X,0x0000000080000470] -> 0xF737
mem[X,0x0000000080000472] -> 0x3ACD
[284] [M]: 0x0000000080000470 (0x3ACDF737) lui x14, 0x3acdf                         inst_18+0
x14 <- 0x000000003ACDF000

mem[X,0x0000000080000474] -> 0x0713
mem[X,0x0000000080000476] -> 0x6167
[285] [M]: 0x0000000080000474 (0x61670713) addi x14, x14, 0x616                     inst_18+4
x14 <- 0x000000003ACDF616

clint mtime 0x000000000000008F (mip.MTI <- 0b1, mip.STI <- 0b0)
mem[X,0x0000000080000478] -> 0x1713
mem[X,0x000000008000047A] -> 0x00B7
[286] [M]: 0x0000000080000478 (0x00B71713) slli x14, x14, 0xb                       inst_18+8
x14 <- 0x000001D66FB0B000

mem[X,0x000000008000047C] -> 0x0713
mem[X,0x000000008000047E] -> 0x2AE7
[287] [M]: 0x000000008000047C (0x2AE70713) addi x14, x14, 0x2ae                     inst_18+12
x14 <- 0x000001D66FB0B2AE

clint mtime 0x0000000000000090 (mip.MTI <- 0b1, mip.STI <- 0b0)
mem[X,0x0000000080000480] -> 0x1713
mem[X,0x0000000080000482] -> 0x00B7
[288] [M]: 0x0000000080000480 (0x00B71713) slli x14, x14, 0xb                       inst_18+16
x14 <- 0x000EB37D85957000

mem[X,0x0000000080000484] -> 0x0713
mem[X,0x0000000080000486] -> 0x6637
[289] [M]: 0x0000000080000484 (0x66370713) addi x14, x14, 0x663                     inst_18+20
x14 <- 0x000EB37D85957663

clint mtime 0x0000000000000091 (mip.MTI <- 0b1, mip.STI <- 0b0)
mem[X,0x0000000080000488] -> 0x1713
mem[X,0x000000008000048A] -> 0x00A7
[290] [M]: 0x0000000080000488 (0x00A71713) slli x14, x14, 0xa                       inst_18+24
x14 <- 0x3ACDF61655D98C00

mem[X,0x000000008000048C] -> 0x0713
mem[X,0x000000008000048E] -> 0x06E7
[291] [M]: 0x000000008000048C (0x06E70713) addi x14, x14, 0x6e                      inst_18+28
x14 <- 0x3ACDF61655D98C6E

clint mtime 0x0000000000000092 (mip.MTI <- 0b1, mip.STI <- 0b0)
mem[X,0x0000000080000490] -> 0x1693
mem[X,0x0000000080000492] -> 0x3137
[292] [M]: 0x0000000080000490 (0x31371693) aes64ks1i x13, x14, 0x3                  inst_18+32
x13 <- 0x4780BD4A4780BD4A

mem[X,0x0000000080000494] -> 0xB823
mem[X,0x0000000080000496] -> 0x08D0
[293] [M]: 0x0000000080000494 (0x08D0B823) sd x13, 0x90(x1)                         inst_18+36
mem[W,0x00000000800031A8] <- 0x4780BD4A4780BD4A

clint mtime 0x0000000000000093 (mip.MTI <- 0b1, mip.STI <- 0b0)
mem[X,0x0000000080000498] -> 0x45B7
mem[X,0x000000008000049A] -> 0x436F
[294] [M]: 0x0000000080000498 (0x436F45B7) lui x11, 0x436f4                         inst_19+0
x11 <- 0x00000000436F4000

mem[X,0x000000008000049C] -> 0x8593
mem[X,0x000000008000049E] -> 0x0F25
[295] [M]: 0x000000008000049C (0x0F258593) addi x11, x11, 0xf2                      inst_19+4
x11 <- 0x00000000436F40F2

clint mtime 0x0000000000000094 (mip.MTI <- 0b1, mip.STI <- 0b0)
mem[X,0x00000000800004A0] -> 0x9593
mem[X,0x00000000800004A2] -> 0x00B5
[296] [M]: 0x00000000800004A0 (0x00B59593) slli x11, x11, 0xb                       inst_19+8
x11 <- 0x0000021B7A079000

mem[X,0x00000000800004A4] -> 0x8593
mem[X,0x00000000800004A6] -> 0x3A55
[297] [M]: 0x00000000800004A4 (0x3A558593) addi x11, x11, 0x3a5                     inst_19+12
x11 <- 0x0000021B7A0793A5

clint mtime 0x0000000000000095 (mip.MTI <- 0b1, mip.STI <- 0b0)
mem[X,0x00000000800004A8] -> 0x9593
mem[X,0x00000000800004AA] -> 0x00B5
[298] [M]: 0x00000000800004A8 (0x00B59593) slli x11, x11, 0xb                       inst_19+16
x11 <- 0x0010DBD03C9D2800

mem[X,0x00000000800004AC] -> 0x8593
mem[X,0x00000000800004AE] -> 0x6375
[299] [M]: 0x00000000800004AC (0x63758593) addi x11, x11, 0x637                     inst_19+20
x11 <- 0x0010DBD03C9D2E37

clint mtime 0x0000000000000096 (mip.MTI <- 0b1, mip.STI <- 0b0)
mem[X,0x00000000800004B0] -> 0x9593
mem[X,0x00000000800004B2] -> 0x00A5
[300] [M]: 0x00000000800004B0 (0x00A59593) slli x11, x11, 0xa                       inst_19+24
x11 <- 0x436F40F274B8DC00

mem[X,0x00000000800004B4] -> 0x8593
mem[X,0x00000000800004B6] -> 0x2875
[301] [M]: 0x00000000800004B4 (0x28758593) addi x11, x11, 0x287                     inst_19+28
x11 <- 0x436F40F274B8DE87

clint mtime 0x0000000000000097 (mip.MTI <- 0b1, mip.STI <- 0b0)
mem[X,0x00000000800004B8] -> 0x9613
mem[X,0x00000000800004BA] -> 0x3135
[302] [M]: 0x00000000800004B8 (0x31359613) aes64ks1i x12, x11, 0x3                  inst_19+32
x12 <- 0x891AA801891AA801

mem[X,0x00000000800004BC] -> 0xBC23
mem[X,0x00000000800004BE] -> 0x08C0
[303] [M]: 0x00000000800004BC (0x08C0BC23) sd x12, 0x98(x1)                         inst_19+36
mem[W,0x00000000800031B0] <- 0x891AA801891AA801

clint mtime 0x0000000000000098 (mip.MTI <- 0b1, mip.STI <- 0b0)
mem[X,0x00000000800004C0] -> 0xB637
mem[X,0x00000000800004C2] -> 0x75A3
[304] [M]: 0x00000000800004C0 (0x75A3B637) lui x12, 0x75a3b                         inst_20+0
x12 <- 0x0000000075A3B000

mem[X,0x00000000800004C4] -> 0x0613
mem[X,0x00000000800004C6] -> 0xDB36
[305] [M]: 0x00000000800004C4 (0xDB360613) addi x12, x12, -0x24d                    inst_20+4
x12 <- 0x0000000075A3ADB3

clint mtime 0x0000000000000099 (mip.MTI <- 0b1, mip.STI <- 0b0)
mem[X,0x00000000800004C8] -> 0x1613
mem[X,0x00000000800004CA] -> 0x00B6
[306] [M]: 0x00000000800004C8 (0x00B61613) slli x12, x12, 0xb                       inst_20+8
x12 <- 0x000003AD1D6D9800

mem[X,0x00000000800004CC] -> 0x0613
mem[X,0x00000000800004CE] -> 0x12A6
[307] [M]: 0x00000000800004CC (0x12A60613) addi x12, x12, 0x12a                     inst_20+12
x12 <- 0x000003AD1D6D992A

clint mtime 0x000000000000009A (mip.MTI <- 0b1, mip.STI <- 0b0)
mem[X,0x00000000800004D0] -> 0x1613
mem[X,0x00000000800004D2] -> 0x00B6
[308] [M]: 0x00000000800004D0 (0x00B61613) slli x12, x12, 0xb                       inst_20+16
x12 <- 0x001D68EB6CC95000

mem[X,0x00000000800004D4] -> 0x0613
mem[X,0x00000000800004D6] -> 0x2A56
[309] [M]: 0x00000000800004D4 (0x2A560613) addi x12, x12, 0x2a5                     inst_20+20
x12 <- 0x001D68EB6CC952A5

clint mtime 0x000000000000009B (mip.MTI <- 0b1, mip.STI <- 0b0)
mem[X,0x00000000800004D8] -> 0x1613
mem[X,0x00000000800004DA] -> 0x00A6
[310] [M]: 0x00000000800004D8 (0x00A61613) slli x12, x12, 0xa                       inst_20+24
x12 <- 0x75A3ADB3254A9400

mem[X,0x00000000800004DC] -> 0x0613
mem[X,0x00000000800004DE] -> 0x0936
[311] [M]: 0x00000000800004DC (0x09360613) addi x12, x12, 0x93                      inst_20+28
x12 <- 0x75A3ADB3254A9493

clint mtime 0x000000000000009C (mip.MTI <- 0b1, mip.STI <- 0b0)
mem[X,0x00000000800004E0] -> 0x1593
mem[X,0x00000000800004E2] -> 0x3126
[312] [M]: 0x00000000800004E0 (0x31261593) aes64ks1i x11, x12, 0x2                  inst_20+32
x11 <- 0x6D9D0A916D9D0A91

mem[X,0x00000000800004E4] -> 0xB023
mem[X,0x00000000800004E6] -> 0x0AB0
[313] [M]: 0x00000000800004E4 (0x0AB0B023) sd x11, 0xa0(x1)                         inst_20+36
mem[W,0x00000000800031B8] <- 0x6D9D0A916D9D0A91

clint mtime 0x000000000000009D (mip.MTI <- 0b1, mip.STI <- 0b0)
mem[X,0x00000000800004E8] -> 0x04B7
mem[X,0x00000000800004EA] -> 0x0302
[314] [M]: 0x00000000800004E8 (0x030204B7) lui x9, 0x3020                           inst_21+0
x9 <- 0x0000000003020000

mem[X,0x00000000800004EC] -> 0x8493
mem[X,0x00000000800004EE] -> 0x1004
[315] [M]: 0x00000000800004EC (0x10048493) addi x9, x9, 0x100                       inst_21+4
x9 <- 0x0000000003020100

clint mtime 0x000000000000009E (mip.MTI <- 0b1, mip.STI <- 0b0)
mem[X,0x00000000800004F0] -> 0x9493
mem[X,0x00000000800004F2] -> 0x00B4
[316] [M]: 0x00000000800004F0 (0x00B49493) slli x9, x9, 0xb                         inst_21+8
x9 <- 0x0000001810080000

mem[X,0x00000000800004F4] -> 0x8493
mem[X,0x00000000800004F6] -> 0x7FF4
[317] [M]: 0x00000000800004F4 (0x7FF48493) addi x9, x9, 0x7ff                       inst_21+12
x9 <- 0x00000018100807FF

clint mtime 0x000000000000009F (mip.MTI <- 0b1, mip.STI <- 0b0)
mem[X,0x00000000800004F8] -> 0x9493
mem[X,0x00000000800004FA] -> 0x00B4
[318] [M]: 0x00000000800004F8 (0x00B49493) slli x9, x9, 0xb                         inst_21+16
x9 <- 0x0000C080403FF800

mem[X,0x00000000800004FC] -> 0x8493
mem[X,0x00000000800004FE] -> 0x7BF4
[319] [M]: 0x00000000800004FC (0x7BF48493) addi x9, x9, 0x7bf                       inst_21+20
x9 <- 0x0000C080403FFFBF

clint mtime 0x00000000000000A0 (mip.MTI <- 0b1, mip.STI <- 0b0)
mem[X,0x0000000080000500] -> 0x9493
mem[X,0x0000000080000502] -> 0x00A4
[320] [M]: 0x0000000080000500 (0x00A49493) slli x9, x9, 0xa                         inst_21+24
x9 <- 0x03020100FFFEFC00

mem[X,0x0000000080000504] -> 0x8493
mem[X,0x0000000080000506] -> 0x1FC4
[321] [M]: 0x0000000080000504 (0x1FC48493) addi x9, x9, 0x1fc                       inst_21+28
x9 <- 0x03020100FFFEFDFC

clint mtime 0x00000000000000A1 (mip.MTI <- 0b1, mip.STI <- 0b0)
mem[X,0x0000000080000508] -> 0x9513
mem[X,0x000000008000050A] -> 0x31A4
[322] [M]: 0x0000000080000508 (0x31A49513) aes64ks1i x10, x9, 0xa                   inst_21+32
x10 <- 0x7B777C637B777C63

mem[X,0x000000008000050C] -> 0xB423
mem[X,0x000000008000050E] -> 0x0AA0
[323] [M]: 0x000000008000050C (0x0AA0B423) sd x10, 0xa8(x1)                         inst_21+36
mem[W,0x00000000800031C0] <- 0x7B777C637B777C63

clint mtime 0x00000000000000A2 (mip.MTI <- 0b1, mip.STI <- 0b0)
mem[X,0x0000000080000510] -> 0x0537
mem[X,0x0000000080000512] -> 0xFFFF
[324] [M]: 0x0000000080000510 (0xFFFF0537) lui x10, -0x10                           inst_22+0
x10 <- 0xFFFFFFFFFFFF0000

mem[X,0x0000000080000514] -> 0x0513
mem[X,0x0000000080000516] -> 0xDFC5
[325] [M]: 0x0000000080000514 (0xDFC50513) addi x10, x10, -0x204                    inst_22+4
x10 <- 0xFFFFFFFFFFFEFDFC

clint mtime 0x00000000000000A3 (mip.MTI <- 0b1, mip.STI <- 0b0)
mem[X,0x0000000080000518] -> 0x1513
mem[X,0x000000008000051A] -> 0x00B5
[326] [M]: 0x0000000080000518 (0x00B51513) slli x10, x10, 0xb                       inst_22+8
x10 <- 0xFFFFFFFFF7EFE000

mem[X,0x000000008000051C] -> 0x0513
mem[X,0x000000008000051E] -> 0x7DF5
[327] [M]: 0x000000008000051C (0x7DF50513) addi x10, x10, 0x7df                     inst_22+12
x10 <- 0xFFFFFFFFF7EFE7DF

clint mtime 0x00000000000000A4 (mip.MTI <- 0b1, mip.STI <- 0b0)
mem[X,0x0000000080000520] -> 0x1513
mem[X,0x0000000080000522] -> 0x00B5
[328] [M]: 0x0000000080000520 (0x00B51513) slli x10, x10, 0xb                       inst_22+16
x10 <- 0xFFFFFFBF7F3EF800

mem[X,0x0000000080000524] -> 0x0513
mem[X,0x0000000080000526] -> 0x6BE5
[329] [M]: 0x0000000080000524 (0x6BE50513) addi x10, x10, 0x6be                     inst_22+20
x10 <- 0xFFFFFFBF7F3EFEBE

clint mtime 0x00000000000000A5 (mip.MTI <- 0b1, mip.STI <- 0b0)
mem[X,0x0000000080000528] -> 0x1513
mem[X,0x000000008000052A] -> 0x00A5
[330] [M]: 0x0000000080000528 (0x00A51513) slli x10, x10, 0xa                       inst_22+24
x10 <- 0xFFFEFDFCFBFAF800

mem[X,0x000000008000052C] -> 0x0513
mem[X,0x000000008000052E] -> 0x1F85
[331] [M]: 0x000000008000052C (0x1F850513) addi x10, x10, 0x1f8                     inst_22+28
x10 <- 0xFFFEFDFCFBFAF9F8

clint mtime 0x00000000000000A6 (mip.MTI <- 0b1, mip.STI <- 0b0)
mem[X,0x0000000080000530] -> 0x1493
mem[X,0x0000000080000532] -> 0x31A5
[332] [M]: 0x0000000080000530 (0x31A51493) aes64ks1i x9, x10, 0xa                   inst_22+32
x9 <- 0x16BB54B016BB54B0

mem[X,0x0000000080000534] -> 0xB823
mem[X,0x0000000080000536] -> 0x0A90
[333] [M]: 0x0000000080000534 (0x0A90B823) sd x9, 0xb0(x1)                          inst_22+36
mem[W,0x00000000800031C8] <- 0x16BB54B016BB54B0

clint mtime 0x00000000000000A7 (mip.MTI <- 0b1, mip.STI <- 0b0)
mem[X,0x0000000080000538] -> 0x03B7
mem[X,0x000000008000053A] -> 0xFBFB
[334] [M]: 0x0000000080000538 (0xFBFB03B7) lui x7, -0x4050                          inst_23+0
x7 <- 0xFFFFFFFFFBFB0000

mem[X,0x000000008000053C] -> 0x8393
mem[X,0x000000008000053E] -> 0x9F83
[335] [M]: 0x000000008000053C (0x9F838393) addi x7, x7, -0x608                      inst_23+4
x7 <- 0xFFFFFFFFFBFAF9F8

clint mtime 0x00000000000000A8 (mip.MTI <- 0b1, mip.STI <- 0b0)
mem[X,0x0000000080000540] -> 0x9393
mem[X,0x0000000080000542] -> 0x00B3
[336] [M]: 0x0000000080000540 (0x00B39393) slli x7, x7, 0xb                         inst_23+8
x7 <- 0xFFFFFFDFD7CFC000

mem[X,0x0000000080000544] -> 0x8393
mem[X,0x0000000080000546] -> 0x7BF3
[337] [M]: 0x0000000080000544 (0x7BF38393) addi x7, x7, 0x7bf                       inst_23+12
x7 <- 0xFFFFFFDFD7CFC7BF

clint mtime 0x00000000000000A9 (mip.MTI <- 0b1, mip.STI <- 0b0)
mem[X,0x0000000080000548] -> 0x9393
mem[X,0x000000008000054A] -> 0x00B3
[338] [M]: 0x0000000080000548 (0x00B39393) slli x7, x7, 0xb                         inst_23+16
x7 <- 0xFFFEFEBE7E3DF800

mem[X,0x000000008000054C] -> 0x8393
mem[X,0x000000008000054E] -> 0x5BD3
[339] [M]: 0x000000008000054C (0x5BD38393) addi x7, x7, 0x5bd                       inst_23+20
x7 <- 0xFFFEFEBE7E3DFDBD

clint mtime 0x00000000000000AA (mip.MTI <- 0b1, mip.STI <- 0b0)
mem[X,0x0000000080000550] -> 0x9393
mem[X,0x0000000080000552] -> 0x00A3
[340] [M]: 0x0000000080000550 (0x00A39393) slli x7, x7, 0xa                         inst_23+24
x7 <- 0xFBFAF9F8F7F6F400

mem[X,0x0000000080000554] -> 0x8393
mem[X,0x0000000080000556] -> 0x1F43
[341] [M]: 0x0000000080000554 (0x1F438393) addi x7, x7, 0x1f4                       inst_23+28
x7 <- 0xFBFAF9F8F7F6F5F4

clint mtime 0x00000000000000AB (mip.MTI <- 0b1, mip.STI <- 0b0)
mem[X,0x0000000080000558] -> 0x9413
mem[X,0x000000008000055A] -> 0x31A3
[342] [M]: 0x0000000080000558 (0x31A39413) aes64ks1i x8, x7, 0xa                    inst_23+32
x8 <- 0x0F2D99410F2D9941

mem[X,0x000000008000055C] -> 0xBC23
mem[X,0x000000008000055E] -> 0x0A80
[343] [M]: 0x000000008000055C (0x0A80BC23) sd x8, 0xb8(x1)                          inst_23+36
mem[W,0x00000000800031D0] <- 0x0F2D99410F2D9941

clint mtime 0x00000000000000AC (mip.MTI <- 0b1, mip.STI <- 0b0)
mem[X,0x0000000080000560] -> 0xF437
mem[X,0x0000000080000562] -> 0xF7F6
[344] [M]: 0x0000000080000560 (0xF7F6F437) lui x8, -0x8091                          inst_24+0
x8 <- 0xFFFFFFFFF7F6F000

mem[X,0x0000000080000564] -> 0x0413
mem[X,0x0000000080000566] -> 0x5F44
[345] [M]: 0x0000000080000564 (0x5F440413) addi x8, x8, 0x5f4                       inst_24+4
x8 <- 0xFFFFFFFFF7F6F5F4

clint mtime 0x00000000000000AD (mip.MTI <- 0b1, mip.STI <- 0b0)
mem[X,0x0000000080000568] -> 0x1413
mem[X,0x000000008000056A] -> 0x00B4
[346] [M]: 0x0000000080000568 (0x00B41413) slli x8, x8, 0xb                         inst_24+8
x8 <- 0xFFFFFFBFB7AFA000

mem[X,0x000000008000056C] -> 0x0413
mem[X,0x000000008000056E] -> 0x79F4
[347] [M]: 0x000000008000056C (0x79F40413) addi x8, x8, 0x79f                       inst_24+12
x8 <- 0xFFFFFFBFB7AFA79F

clint mtime 0x00000000000000AE (mip.MTI <- 0b1, mip.STI <- 0b0)
mem[X,0x0000000080000570] -> 0x1413
mem[X,0x0000000080000572] -> 0x00B4
[348] [M]: 0x0000000080000570 (0x00B41413) slli x8, x8, 0xb                         inst_24+16
x8 <- 0xFFFDFDBD7D3CF800

mem[X,0x0000000080000574] -> 0x0413
mem[X,0x0000000080000576] -> 0x4BC4
[349] [M]: 0x0000000080000574 (0x4BC40413) addi x8, x8, 0x4bc                       inst_24+20
x8 <- 0xFFFDFDBD7D3CFCBC

clint mtime 0x00000000000000AF (mip.MTI <- 0b1, mip.STI <- 0b0)
mem[X,0x0000000080000578] -> 0x1413
mem[X,0x000000008000057A] -> 0x00A4
[350] [M]: 0x0000000080000578 (0x00A41413) slli x8, x8, 0xa                         inst_24+24
x8 <- 0xF7F6F5F4F3F2F000

mem[X,0x000000008000057C] -> 0x0413
mem[X,0x000000008000057E] -> 0x1F04
[351] [M]: 0x000000008000057C (0x1F040413) addi x8, x8, 0x1f0                       inst_24+28
x8 <- 0xF7F6F5F4F3F2F1F0

clint mtime 0x00000000000000B0 (mip.MTI <- 0b1, mip.STI <- 0b0)
mem[X,0x0000000080000580] -> 0x1393
mem[X,0x0000000080000582] -> 0x31A4
[352] [M]: 0x0000000080000580 (0x31A41393) aes64ks1i x7, x8, 0xa                    inst_24+32
x7 <- 0x6842E6BF6842E6BF

mem[X,0x0000000080000584] -> 0xB023
mem[X,0x0000000080000586] -> 0x0C70
[353] [M]: 0x0000000080000584 (0x0C70B023) sd x7, 0xc0(x1)                          inst_24+36
mem[W,0x00000000800031D8] <- 0x6842E6BF6842E6BF

clint mtime 0x00000000000000B1 (mip.MTI <- 0b1, mip.STI <- 0b0)
mem[X,0x0000000080000588] -> 0xF2B7
mem[X,0x000000008000058A] -> 0xF3F2
[354] [M]: 0x0000000080000588 (0xF3F2F2B7) lui x5, -0xc0d1                          inst_25+0
x5 <- 0xFFFFFFFFF3F2F000

mem[X,0x000000008000058C] -> 0x8293
mem[X,0x000000008000058E] -> 0x1F02
[355] [M]: 0x000000008000058C (0x1F028293) addi x5, x5, 0x1f0                       inst_25+4
x5 <- 0xFFFFFFFFF3F2F1F0

clint mtime 0x00000000000000B2 (mip.MTI <- 0b1, mip.STI <- 0b0)
mem[X,0x0000000080000590] -> 0x9293
mem[X,0x0000000080000592] -> 0x00B2
[356] [M]: 0x0000000080000590 (0x00B29293) slli x5, x5, 0xb                         inst_25+8
x5 <- 0xFFFFFF9F978F8000

mem[X,0x0000000080000594] -> 0x8293
mem[X,0x0000000080000596] -> 0x77F2
[357] [M]: 0x0000000080000594 (0x77F28293) addi x5, x5, 0x77f                       inst_25+12
x5 <- 0xFFFFFF9F978F877F

clint mtime 0x00000000000000B3 (mip.MTI <- 0b1, mip.STI <- 0b0)
mem[X,0x0000000080000598] -> 0x9293
mem[X,0x000000008000059A] -> 0x00B2
[358] [M]: 0x0000000080000598 (0x00B29293) slli x5, x5, 0xb                         inst_25+16
x5 <- 0xFFFCFCBC7C3BF800

mem[X,0x000000008000059C] -> 0x8293
mem[X,0x000000008000059E] -> 0x3BB2
[359] [M]: 0x000000008000059C (0x3BB28293) addi x5, x5, 0x3bb                       inst_25+20
x5 <- 0xFFFCFCBC7C3BFBBB

clint mtime 0x00000000000000B4 (mip.MTI <- 0b1, mip.STI <- 0b0)
mem[X,0x00000000800005A0] -> 0x9293
mem[X,0x00000000800005A2] -> 0x00A2
[360] [M]: 0x00000000800005A0 (0x00A29293) slli x5, x5, 0xa                         inst_25+24
x5 <- 0xF3F2F1F0EFEEEC00

mem[X,0x00000000800005A4] -> 0x8293
mem[X,0x00000000800005A6] -> 0x1EC2
[361] [M]: 0x00000000800005A4 (0x1EC28293) addi x5, x5, 0x1ec                       inst_25+28
x5 <- 0xF3F2F1F0EFEEEDEC

clint mtime 0x00000000000000B5 (mip.MTI <- 0b1, mip.STI <- 0b0)
mem[X,0x00000000800005A8] -> 0x9313
mem[X,0x00000000800005AA] -> 0x31A2
[362] [M]: 0x00000000800005A8 (0x31A29313) aes64ks1i x6, x5, 0xa                    inst_25+32
x6 <- 0x0D89A18C0D89A18C

mem[X,0x00000000800005AC] -> 0xB423
mem[X,0x00000000800005AE] -> 0x0C60
[363] [M]: 0x00000000800005AC (0x0C60B423) sd x6, 0xc8(x1)                          inst_25+36
mem[W,0x00000000800031E0] <- 0x0D89A18C0D89A18C

clint mtime 0x00000000000000B6 (mip.MTI <- 0b1, mip.STI <- 0b0)
mem[X,0x00000000800005B0] -> 0xF337
mem[X,0x00000000800005B2] -> 0xEFEE
[364] [M]: 0x00000000800005B0 (0xEFEEF337) lui x6, -0x10111                         inst_26+0
x6 <- 0xFFFFFFFFEFEEF000

mem[X,0x00000000800005B4] -> 0x0313
mem[X,0x00000000800005B6] -> 0xDEC3
[365] [M]: 0x00000000800005B4 (0xDEC30313) addi x6, x6, -0x214                      inst_26+4
x6 <- 0xFFFFFFFFEFEEEDEC

clint mtime 0x00000000000000B7 (mip.MTI <- 0b1, mip.STI <- 0b0)
mem[X,0x00000000800005B8] -> 0x1313
mem[X,0x00000000800005BA] -> 0x00B3
[366] [M]: 0x00000000800005B8 (0x00B31313) slli x6, x6, 0xb                         inst_26+8
x6 <- 0xFFFFFF7F776F6000

mem[X,0x00000000800005BC] -> 0x0313
mem[X,0x00000000800005BE] -> 0x75F3
[367] [M]: 0x00000000800005BC (0x75F30313) addi x6, x6, 0x75f                       inst_26+12
x6 <- 0xFFFFFF7F776F675F

clint mtime 0x00000000000000B8 (mip.MTI <- 0b1, mip.STI <- 0b0)
mem[X,0x00000000800005C0] -> 0x1313
mem[X,0x00000000800005C2] -> 0x00B3
[368] [M]: 0x00000000800005C0 (0x00B31313) slli x6, x6, 0xb                         inst_26+16
x6 <- 0xFFFBFBBB7B3AF800

mem[X,0x00000000800005C4] -> 0x0313
mem[X,0x00000000800005C6] -> 0x2BA3
[369] [M]: 0x00000000800005C4 (0x2BA30313) addi x6, x6, 0x2ba                       inst_26+20
x6 <- 0xFFFBFBBB7B3AFABA

clint mtime 0x00000000000000B9 (mip.MTI <- 0b1, mip.STI <- 0b0)
mem[X,0x00000000800005C8] -> 0x1313
mem[X,0x00000000800005CA] -> 0x00A3
[370] [M]: 0x00000000800005C8 (0x00A31313) slli x6, x6, 0xa                         inst_26+24
x6 <- 0xEFEEEDECEBEAE800

mem[X,0x00000000800005CC] -> 0x0313
mem[X,0x00000000800005CE] -> 0x1E83
[371] [M]: 0x00000000800005CC (0x1E830313) addi x6, x6, 0x1e8                       inst_26+28
x6 <- 0xEFEEEDECEBEAE9E8

clint mtime 0x00000000000000BA (mip.MTI <- 0b1, mip.STI <- 0b0)
mem[X,0x00000000800005D0] -> 0x1293
mem[X,0x00000000800005D2] -> 0x31A3
[372] [M]: 0x00000000800005D0 (0x31A31293) aes64ks1i x5, x6, 0xa                    inst_26+32
x5 <- 0xDF2855CEDF2855CE

mem[X,0x00000000800005D4] -> 0xB823
mem[X,0x00000000800005D6] -> 0x0C50
[373] [M]: 0x00000000800005D4 (0x0C50B823) sd x5, 0xd0(x1)                          inst_26+36
mem[W,0x00000000800031E8] <- 0xDF2855CEDF2855CE

clint mtime 0x00000000000000BB (mip.MTI <- 0b1, mip.STI <- 0b0)
mem[X,0x00000000800005D8] -> 0xF1B7
mem[X,0x00000000800005DA] -> 0xEBEA
[374] [M]: 0x00000000800005D8 (0xEBEAF1B7) lui x3, -0x14151                         inst_27+0
x3 <- 0xFFFFFFFFEBEAF000

mem[X,0x00000000800005DC] -> 0x8193
mem[X,0x00000000800005DE] -> 0x9E81
[375] [M]: 0x00000000800005DC (0x9E818193) addi x3, x3, -0x618                      inst_27+4
x3 <- 0xFFFFFFFFEBEAE9E8

clint mtime 0x00000000000000BC (mip.MTI <- 0b1, mip.STI <- 0b0)
mem[X,0x00000000800005E0] -> 0x9193
mem[X,0x00000000800005E2] -> 0x00B1
[376] [M]: 0x00000000800005E0 (0x00B19193) slli x3, x3, 0xb                         inst_27+8
x3 <- 0xFFFFFF5F574F4000

mem[X,0x00000000800005E4] -> 0x8193
mem[X,0x00000000800005E6] -> 0x73F1
[377] [M]: 0x00000000800005E4 (0x73F18193) addi x3, x3, 0x73f                       inst_27+12
x3 <- 0xFFFFFF5F574F473F

clint mtime 0x00000000000000BD (mip.MTI <- 0b1, mip.STI <- 0b0)
mem[X,0x00000000800005E8] -> 0x9193
mem[X,0x00000000800005EA] -> 0x00B1
[378] [M]: 0x00000000800005E8 (0x00B19193) slli x3, x3, 0xb                         inst_27+16
x3 <- 0xFFFAFABA7A39F800

mem[X,0x00000000800005EC] -> 0x8193
mem[X,0x00000000800005EE] -> 0x1B91
[379] [M]: 0x00000000800005EC (0x1B918193) addi x3, x3, 0x1b9                       inst_27+20
x3 <- 0xFFFAFABA7A39F9B9

clint mtime 0x00000000000000BE (mip.MTI <- 0b1, mip.STI <- 0b0)
mem[X,0x00000000800005F0] -> 0x9193
mem[X,0x00000000800005F2] -> 0x00A1
[380] [M]: 0x00000000800005F0 (0x00A19193) slli x3, x3, 0xa                         inst_27+24
x3 <- 0xEBEAE9E8E7E6E400

mem[X,0x00000000800005F4] -> 0x8193
mem[X,0x00000000800005F6] -> 0x1E41
[381] [M]: 0x00000000800005F4 (0x1E418193) addi x3, x3, 0x1e4                       inst_27+28
x3 <- 0xEBEAE9E8E7E6E5E4

clint mtime 0x00000000000000BF (mip.MTI <- 0b1, mip.STI <- 0b0)
mem[X,0x00000000800005F8] -> 0x9213
mem[X,0x00000000800005FA] -> 0x31A1
[382] [M]: 0x00000000800005F8 (0x31A19213) aes64ks1i x4, x3, 0xa                    inst_27+32
x4 <- 0xE9871E9BE9871E9B

mem[X,0x00000000800005FC] -> 0xBC23
mem[X,0x00000000800005FE] -> 0x0C40
[383] [M]: 0x00000000800005FC (0x0C40BC23) sd x4, 0xd8(x1)                          inst_27+36
mem[W,0x00000000800031F0] <- 0xE9871E9BE9871E9B

clint mtime 0x00000000000000C0 (mip.MTI <- 0b1, mip.STI <- 0b0)
mem[X,0x0000000080000600] -> 0x3297
mem[X,0x0000000080000602] -> 0x0000
[384] [M]: 0x0000000080000600 (0x00003297) auipc x5, 0x3                            inst_27+40
x5 <- 0x0000000080003600

mem[X,0x0000000080000604] -> 0x8293
mem[X,0x0000000080000606] -> 0xBF82
[385] [M]: 0x0000000080000604 (0xBF828293) addi x5, x5, -0x408                      inst_27+44
x5 <- 0x00000000800031F8

clint mtime 0x00000000000000C1 (mip.MTI <- 0b1, mip.STI <- 0b0)
mem[X,0x0000000080000608] -> 0x0001
[386] [M]: 0x0000000080000608 (0x0001) c.nop                                        inst_27+48

mem[X,0x000000008000060A] -> 0x0013
mem[X,0x000000008000060C] -> 0x0000
[387] [M]: 0x000000008000060A (0x00000013) addi x0, x0, 0x0                         inst_27+50

clint mtime 0x00000000000000C2 (mip.MTI <- 0b1, mip.STI <- 0b0)
mem[X,0x000000008000060E] -> 0x0013
mem[X,0x0000000080000610] -> 0x0000
[388] [M]: 0x000000008000060E (0x00000013) addi x0, x0, 0x0                         inst_27+54

mem[X,0x0000000080000612] -> 0x0013
mem[X,0x0000000080000614] -> 0x0000
[389] [M]: 0x0000000080000612 (0x00000013) addi x0, x0, 0x0                         inst_27+58

clint mtime 0x00000000000000C3 (mip.MTI <- 0b1, mip.STI <- 0b0)
mem[X,0x0000000080000616] -> 0x0013
mem[X,0x0000000080000618] -> 0x0000
[390] [M]: 0x0000000080000616 (0x00000013) addi x0, x0, 0x0                         inst_27+62

mem[X,0x000000008000061A] -> 0x0013
mem[X,0x000000008000061C] -> 0x0000
[391] [M]: 0x000000008000061A (0x00000013) addi x0, x0, 0x0                         inst_27+66

clint mtime 0x00000000000000C4 (mip.MTI <- 0b1, mip.STI <- 0b0)
mem[X,0x000000008000061E] -> 0x0001
[392] [M]: 0x000000008000061E (0x0001) c.nop                                        inst_27+70

mem[X,0x0000000080000620] -> 0xE237
mem[X,0x0000000080000622] -> 0xE7E6
[393] [M]: 0x0000000080000620 (0xE7E6E237) lui x4, -0x18192                         inst_28+0
x4 <- 0xFFFFFFFFE7E6E000

clint mtime 0x00000000000000C5 (mip.MTI <- 0b1, mip.STI <- 0b0)
mem[X,0x0000000080000624] -> 0x0213
mem[X,0x0000000080000626] -> 0x5E42
[394] [M]: 0x0000000080000624 (0x5E420213) addi x4, x4, 0x5e4                       inst_28+4
x4 <- 0xFFFFFFFFE7E6E5E4

mem[X,0x0000000080000628] -> 0x1213
mem[X,0x000000008000062A] -> 0x00B2
[395] [M]: 0x0000000080000628 (0x00B21213) slli x4, x4, 0xb                         inst_28+8
x4 <- 0xFFFFFF3F372F2000

clint mtime 0x00000000000000C6 (mip.MTI <- 0b1, mip.STI <- 0b0)
mem[X,0x000000008000062C] -> 0x0213
mem[X,0x000000008000062E] -> 0x71F2
[396] [M]: 0x000000008000062C (0x71F20213) addi x4, x4, 0x71f                       inst_28+12
x4 <- 0xFFFFFF3F372F271F

mem[X,0x0000000080000630] -> 0x1213
mem[X,0x0000000080000632] -> 0x00B2
[397] [M]: 0x0000000080000630 (0x00B21213) slli x4, x4, 0xb                         inst_28+16
x4 <- 0xFFF9F9B97938F800

clint mtime 0x00000000000000C7 (mip.MTI <- 0b1, mip.STI <- 0b0)
mem[X,0x0000000080000634] -> 0x0213
mem[X,0x0000000080000636] -> 0x0B82
[398] [M]: 0x0000000080000634 (0x0B820213) addi x4, x4, 0xb8                        inst_28+20
x4 <- 0xFFF9F9B97938F8B8

mem[X,0x0000000080000638] -> 0x1213
mem[X,0x000000008000063A] -> 0x00A2
[399] [M]: 0x0000000080000638 (0x00A21213) slli x4, x4, 0xa                         inst_28+24
x4 <- 0xE7E6E5E4E3E2E000

clint mtime 0x00000000000000C8 (mip.MTI <- 0b1, mip.STI <- 0b0)
mem[X,0x000000008000063C] -> 0x0213
mem[X,0x000000008000063E] -> 0x1E02
[400] [M]: 0x000000008000063C (0x1E020213) addi x4, x4, 0x1e0                       inst_28+28
x4 <- 0xE7E6E5E4E3E2E1E0

mem[X,0x0000000080000640] -> 0x1193
mem[X,0x0000000080000642] -> 0x31A2
[401] [M]: 0x0000000080000640 (0x31A21193) aes64ks1i x3, x4, 0xa                    inst_28+32
x3 <- 0x948ED969948ED969

clint mtime 0x00000000000000C9 (mip.MTI <- 0b1, mip.STI <- 0b0)
mem[X,0x0000000080000644] -> 0xB023
mem[X,0x0000000080000646] -> 0x0032
[402] [M]: 0x0000000080000644 (0x0032B023) sd x3, 0x0(x5)                           inst_28+36
mem[W,0x00000000800031F8] <- 0x948ED969948ED969

mem[X,0x0000000080000648] -> 0xE0B7
mem[X,0x000000008000064A] -> 0xE3E2
[403] [M]: 0x0000000080000648 (0xE3E2E0B7) lui x1, -0x1c1d2                         inst_29+0
x1 <- 0xFFFFFFFFE3E2E000

clint mtime 0x00000000000000CA (mip.MTI <- 0b1, mip.STI <- 0b0)
mem[X,0x000000008000064C] -> 0x8093
mem[X,0x000000008000064E] -> 0x1E00
[404] [M]: 0x000000008000064C (0x1E008093) addi x1, x1, 0x1e0                       inst_29+4
x1 <- 0xFFFFFFFFE3E2E1E0

mem[X,0x0000000080000650] -> 0x9093
mem[X,0x0000000080000652] -> 0x00B0
[405] [M]: 0x0000000080000650 (0x00B09093) slli x1, x1, 0xb                         inst_29+8
x1 <- 0xFFFFFF1F170F0000

clint mtime 0x00000000000000CB (mip.MTI <- 0b1, mip.STI <- 0b0)
mem[X,0x0000000080000654] -> 0x8093
mem[X,0x0000000080000656] -> 0x6FE0
[406] [M]: 0x0000000080000654 (0x6FE08093) addi x1, x1, 0x6fe                       inst_29+12
x1 <- 0xFFFFFF1F170F06FE

mem[X,0x0000000080000658] -> 0x9093
mem[X,0x000000008000065A] -> 0x00B0
[407] [M]: 0x0000000080000658 (0x00B09093) slli x1, x1, 0xb                         inst_29+16
x1 <- 0xFFF8F8B87837F000

clint mtime 0x00000000000000CC (mip.MTI <- 0b1, mip.STI <- 0b0)
mem[X,0x000000008000065C] -> 0x8093
mem[X,0x000000008000065E] -> 0x7B70
[408] [M]: 0x000000008000065C (0x7B708093) addi x1, x1, 0x7b7                       inst_29+20
x1 <- 0xFFF8F8B87837F7B7

mem[X,0x0000000080000660] -> 0x9093
mem[X,0x0000000080000662] -> 0x00A0
[409] [M]: 0x0000000080000660 (0x00A09093) slli x1, x1, 0xa                         inst_29+24
x1 <- 0xE3E2E1E0DFDEDC00

clint mtime 0x00000000000000CD (mip.MTI <- 0b1, mip.STI <- 0b0)
mem[X,0x0000000080000664] -> 0x8093
mem[X,0x0000000080000666] -> 0x1DC0
[410] [M]: 0x0000000080000664 (0x1DC08093) addi x1, x1, 0x1dc                       inst_29+28
x1 <- 0xE3E2E1E0DFDEDDDC

mem[X,0x0000000080000668] -> 0x9113
mem[X,0x000000008000066A] -> 0x31A0
[411] [M]: 0x0000000080000668 (0x31A09113) aes64ks1i x2, x1, 0xa                    inst_29+32
x2 <- 0x1198F8E11198F8E1

clint mtime 0x00000000000000CE (mip.MTI <- 0b1, mip.STI <- 0b0)
mem[X,0x000000008000066C] -> 0xB423
mem[X,0x000000008000066E] -> 0x0022
[412] [M]: 0x000000008000066C (0x0022B423) sd x2, 0x8(x5)                           inst_29+36
mem[W,0x0000000080003200] <- 0x1198F8E11198F8E1

mem[X,0x0000000080000670] -> 0xE137
mem[X,0x0000000080000672] -> 0xDFDE
[413] [M]: 0x0000000080000670 (0xDFDEE137) lui x2, -0x20212                         inst_30+0
x2 <- 0xFFFFFFFFDFDEE000

clint mtime 0x00000000000000CF (mip.MTI <- 0b1, mip.STI <- 0b0)
mem[X,0x0000000080000674] -> 0x0113
mem[X,0x0000000080000676] -> 0xDDC1
[414] [M]: 0x0000000080000674 (0xDDC10113) addi x2, x2, -0x224                      inst_30+4
x2 <- 0xFFFFFFFFDFDEDDDC

mem[X,0x0000000080000678] -> 0x1113
mem[X,0x000000008000067A] -> 0x00B1
[415] [M]: 0x0000000080000678 (0x00B11113) slli x2, x2, 0xb                         inst_30+8
x2 <- 0xFFFFFEFEF6EEE000

clint mtime 0x00000000000000D0 (mip.MTI <- 0b1, mip.STI <- 0b0)
mem[X,0x000000008000067C] -> 0x0113
mem[X,0x000000008000067E] -> 0x6DE1
[416] [M]: 0x000000008000067C (0x6DE10113) addi x2, x2, 0x6de                       inst_30+12
x2 <- 0xFFFFFEFEF6EEE6DE

mem[X,0x0000000080000680] -> 0x1113
mem[X,0x0000000080000682] -> 0x00B1
[417] [M]: 0x0000000080000680 (0x00B11113) slli x2, x2, 0xb                         inst_30+16
x2 <- 0xFFF7F7B77736F000

clint mtime 0x00000000000000D1 (mip.MTI <- 0b1, mip.STI <- 0b0)
mem[X,0x0000000080000684] -> 0x0113
mem[X,0x0000000080000686] -> 0x6B61
[418] [M]: 0x0000000080000684 (0x6B610113) addi x2, x2, 0x6b6                       inst_30+20
x2 <- 0xFFF7F7B77736F6B6

mem[X,0x0000000080000688] -> 0x1113
mem[X,0x000000008000068A] -> 0x00A1
[419] [M]: 0x0000000080000688 (0x00A11113) slli x2, x2, 0xa                         inst_30+24
x2 <- 0xDFDEDDDCDBDAD800

clint mtime 0x00000000000000D2 (mip.MTI <- 0b1, mip.STI <- 0b0)
mem[X,0x000000008000068C] -> 0x0113
mem[X,0x000000008000068E] -> 0x1D81
[420] [M]: 0x000000008000068C (0x1D810113) addi x2, x2, 0x1d8                       inst_30+28
x2 <- 0xDFDEDDDCDBDAD9D8

mem[X,0x0000000080000690] -> 0x1093
mem[X,0x0000000080000692] -> 0x31A1
[421] [M]: 0x0000000080000690 (0x31A11093) aes64ks1i x1, x2, 0xa                    inst_30+32
x1 <- 0x9E1DC1869E1DC186

clint mtime 0x00000000000000D3 (mip.MTI <- 0b1, mip.STI <- 0b0)
mem[X,0x0000000080000694] -> 0xB823
mem[X,0x0000000080000696] -> 0x0012
[422] [M]: 0x0000000080000694 (0x0012B823) sd x1, 0x10(x5)                          inst_30+36
mem[W,0x0000000080003208] <- 0x9E1DC1869E1DC186

mem[X,0x0000000080000698] -> 0x0013
mem[X,0x000000008000069A] -> 0x0000
[423] [M]: 0x0000000080000698 (0x00000013) addi x0, x0, 0x0                         inst_31+0

clint mtime 0x00000000000000D4 (mip.MTI <- 0b1, mip.STI <- 0b0)
mem[X,0x000000008000069C] -> 0x1F93
mem[X,0x000000008000069E] -> 0x31A0
[424] [M]: 0x000000008000069C (0x31A01F93) aes64ks1i x31, x0, 0xa                   inst_31+4
x31 <- 0x6363636363636363

mem[X,0x00000000800006A0] -> 0xBC23
mem[X,0x00000000800006A2] -> 0x01F2
[425] [M]: 0x00000000800006A0 (0x01F2BC23) sd x31, 0x18(x5)                         inst_31+8
mem[W,0x0000000080003210] <- 0x6363636363636363

clint mtime 0x00000000000000D5 (mip.MTI <- 0b1, mip.STI <- 0b0)
mem[X,0x00000000800006A4] -> 0xDFB7
mem[X,0x00000000800006A6] -> 0xD7D6
[426] [M]: 0x00000000800006A4 (0xD7D6DFB7) lui x31, -0x28293                        inst_32+0
x31 <- 0xFFFFFFFFD7D6D000

mem[X,0x00000000800006A8] -> 0x8F93
mem[X,0x00000000800006AA] -> 0x5D4F
[427] [M]: 0x00000000800006A8 (0x5D4F8F93) addi x31, x31, 0x5d4                     inst_32+4
x31 <- 0xFFFFFFFFD7D6D5D4

clint mtime 0x00000000000000D6 (mip.MTI <- 0b1, mip.STI <- 0b0)
mem[X,0x00000000800006AC] -> 0x9F93
mem[X,0x00000000800006AE] -> 0x00BF
[428] [M]: 0x00000000800006AC (0x00BF9F93) slli x31, x31, 0xb                       inst_32+8
x31 <- 0xFFFFFEBEB6AEA000

mem[X,0x00000000800006B0] -> 0x8F93
mem[X,0x00000000800006B2] -> 0x69EF
[429] [M]: 0x00000000800006B0 (0x69EF8F93) addi x31, x31, 0x69e                     inst_32+12
x31 <- 0xFFFFFEBEB6AEA69E

clint mtime 0x00000000000000D7 (mip.MTI <- 0b1, mip.STI <- 0b0)
mem[X,0x00000000800006B4] -> 0x9F93
mem[X,0x00000000800006B6] -> 0x00BF
[430] [M]: 0x00000000800006B4 (0x00BF9F93) slli x31, x31, 0xb                       inst_32+16
x31 <- 0xFFF5F5B57534F000

mem[X,0x00000000800006B8] -> 0x8F93
mem[X,0x00000000800006BA] -> 0x4B4F
[431] [M]: 0x00000000800006B8 (0x4B4F8F93) addi x31, x31, 0x4b4                     inst_32+20
x31 <- 0xFFF5F5B57534F4B4

clint mtime 0x00000000000000D8 (mip.MTI <- 0b1, mip.STI <- 0b0)
mem[X,0x00000000800006BC] -> 0x9F93
mem[X,0x00000000800006BE] -> 0x00AF
[432] [M]: 0x00000000800006BC (0x00AF9F93) slli x31, x31, 0xa                       inst_32+24
x31 <- 0xD7D6D5D4D3D2D000

mem[X,0x00000000800006C0] -> 0x8F93
mem[X,0x00000000800006C2] -> 0x1D0F
[433] [M]: 0x00000000800006C0 (0x1D0F8F93) addi x31, x31, 0x1d0                     inst_32+28
x31 <- 0xD7D6D5D4D3D2D1D0

clint mtime 0x00000000000000D9 (mip.MTI <- 0b1, mip.STI <- 0b0)
mem[X,0x00000000800006C4] -> 0x9013
mem[X,0x00000000800006C6] -> 0x31AF
[434] [M]: 0x00000000800006C4 (0x31AF9013) aes64ks1i x0, x31, 0xa                   inst_32+32

mem[X,0x00000000800006C8] -> 0xB023
mem[X,0x00000000800006CA] -> 0x0202
[435] [M]: 0x00000000800006C8 (0x0202B023) sd x0, 0x20(x5)                          inst_32+36
mem[W,0x0000000080003218] <- 0x0000000000000000

clint mtime 0x00000000000000DA (mip.MTI <- 0b1, mip.STI <- 0b0)
mem[X,0x00000000800006CC] -> 0xDF37
mem[X,0x00000000800006CE] -> 0xD3D2
[436] [M]: 0x00000000800006CC (0xD3D2DF37) lui x30, -0x2c2d3                        inst_33+0
x30 <- 0xFFFFFFFFD3D2D000

mem[X,0x00000000800006D0] -> 0x0F13
mem[X,0x00000000800006D2] -> 0x1D0F
[437] [M]: 0x00000000800006D0 (0x1D0F0F13) addi x30, x30, 0x1d0                     inst_33+4
x30 <- 0xFFFFFFFFD3D2D1D0

clint mtime 0x00000000000000DB (mip.MTI <- 0b1, mip.STI <- 0b0)
mem[X,0x00000000800006D4] -> 0x1F13
mem[X,0x00000000800006D6] -> 0x00BF
[438] [M]: 0x00000000800006D4 (0x00BF1F13) slli x30, x30, 0xb                       inst_33+8
x30 <- 0xFFFFFE9E968E8000

mem[X,0x00000000800006D8] -> 0x0F13
mem[X,0x00000000800006DA] -> 0x67EF
[439] [M]: 0x00000000800006D8 (0x67EF0F13) addi x30, x30, 0x67e                     inst_33+12
x30 <- 0xFFFFFE9E968E867E

clint mtime 0x00000000000000DC (mip.MTI <- 0b1, mip.STI <- 0b0)
mem[X,0x00000000800006DC] -> 0x1F13
mem[X,0x00000000800006DE] -> 0x00BF
[440] [M]: 0x00000000800006DC (0x00BF1F13) slli x30, x30, 0xb                       inst_33+16
x30 <- 0xFFF4F4B47433F000

mem[X,0x00000000800006E0] -> 0x0F13
mem[X,0x00000000800006E2] -> 0x3B3F
[441] [M]: 0x00000000800006E0 (0x3B3F0F13) addi x30, x30, 0x3b3                     inst_33+20
x30 <- 0xFFF4F4B47433F3B3

clint mtime 0x00000000000000DD (mip.MTI <- 0b1, mip.STI <- 0b0)
mem[X,0x00000000800006E4] -> 0x1F13
mem[X,0x00000000800006E6] -> 0x00AF
[442] [M]: 0x00000000800006E4 (0x00AF1F13) slli x30, x30, 0xa                       inst_33+24
x30 <- 0xD3D2D1D0CFCECC00

mem[X,0x00000000800006E8] -> 0x0F13
mem[X,0x00000000800006EA] -> 0x1CCF
[443] [M]: 0x00000000800006E8 (0x1CCF0F13) addi x30, x30, 0x1cc                     inst_33+28
x30 <- 0xD3D2D1D0CFCECDCC

clint mtime 0x00000000000000DE (mip.MTI <- 0b1, mip.STI <- 0b0)
mem[X,0x00000000800006EC] -> 0x1F93
mem[X,0x00000000800006EE] -> 0x31AF
[444] [M]: 0x00000000800006EC (0x31AF1F93) aes64ks1i x31, x30, 0xa                  inst_33+32
x31 <- 0x66B53E7066B53E70

mem[X,0x00000000800006F0] -> 0xB423
mem[X,0x00000000800006F2] -> 0x03F2
[445] [M]: 0x00000000800006F0 (0x03F2B423) sd x31, 0x28(x5)                         inst_33+36
mem[W,0x0000000080003220] <- 0x66B53E7066B53E70

clint mtime 0x00000000000000DF (mip.MTI <- 0b1, mip.STI <- 0b0)
mem[X,0x00000000800006F4] -> 0xDF37
mem[X,0x00000000800006F6] -> 0xCFCE
[446] [M]: 0x00000000800006F4 (0xCFCEDF37) lui x30, -0x30313                        inst_34+0
x30 <- 0xFFFFFFFFCFCED000

mem[X,0x00000000800006F8] -> 0x0F13
mem[X,0x00000000800006FA] -> 0xDCCF
[447] [M]: 0x00000000800006F8 (0xDCCF0F13) addi x30, x30, -0x234                    inst_34+4
x30 <- 0xFFFFFFFFCFCECDCC

clint mtime 0x00000000000000E0 (mip.MTI <- 0b1, mip.STI <- 0b0)
mem[X,0x00000000800006FC] -> 0x1F13
mem[X,0x00000000800006FE] -> 0x00BF
[448] [M]: 0x00000000800006FC (0x00BF1F13) slli x30, x30, 0xb                       inst_34+8
x30 <- 0xFFFFFE7E766E6000

mem[X,0x0000000080000700] -> 0x0F13
mem[X,0x0000000080000702] -> 0x65EF
[449] [M]: 0x0000000080000700 (0x65EF0F13) addi x30, x30, 0x65e                     inst_34+12
x30 <- 0xFFFFFE7E766E665E

clint mtime 0x00000000000000E1 (mip.MTI <- 0b1, mip.STI <- 0b0)
mem[X,0x0000000080000704] -> 0x1F13
mem[X,0x0000000080000706] -> 0x00BF
[450] [M]: 0x0000000080000704 (0x00BF1F13) slli x30, x30, 0xb                       inst_34+16
x30 <- 0xFFF3F3B37332F000

mem[X,0x0000000080000708] -> 0x0F13
mem[X,0x000000008000070A] -> 0x2B2F
[451] [M]: 0x0000000080000708 (0x2B2F0F13) addi x30, x30, 0x2b2                     inst_34+20
x30 <- 0xFFF3F3B37332F2B2

clint mtime 0x00000000000000E2 (mip.MTI <- 0b1, mip.STI <- 0b0)
mem[X,0x000000008000070C] -> 0x1F13
mem[X,0x000000008000070E] -> 0x00AF
[452] [M]: 0x000000008000070C (0x00AF1F13) slli x30, x30, 0xa                       inst_34+24
x30 <- 0xCFCECDCCCBCAC800

mem[X,0x0000000080000710] -> 0x0F13
mem[X,0x0000000080000712] -> 0x1C8F
[453] [M]: 0x0000000080000710 (0x1C8F0F13) addi x30, x30, 0x1c8                     inst_34+28
x30 <- 0xCFCECDCCCBCAC9C8

clint mtime 0x00000000000000E3 (mip.MTI <- 0b1, mip.STI <- 0b0)
mem[X,0x0000000080000714] -> 0x1F93
mem[X,0x0000000080000716] -> 0x31AF
[454] [M]: 0x0000000080000714 (0x31AF1F93) aes64ks1i x31, x30, 0xa                  inst_34+32
x31 <- 0x8A8BBD4B8A8BBD4B

mem[X,0x0000000080000718] -> 0xB823
mem[X,0x000000008000071A] -> 0x03F2
[455] [M]: 0x0000000080000718 (0x03F2B823) sd x31, 0x30(x5)                         inst_34+36
mem[W,0x0000000080003228] <- 0x8A8BBD4B8A8BBD4B

clint mtime 0x00000000000000E4 (mip.MTI <- 0b1, mip.STI <- 0b0)
mem[X,0x000000008000071C] -> 0xDF37
mem[X,0x000000008000071E] -> 0xCBCA
[456] [M]: 0x000000008000071C (0xCBCADF37) lui x30, -0x34353                        inst_35+0
x30 <- 0xFFFFFFFFCBCAD000

mem[X,0x0000000080000720] -> 0x0F13
mem[X,0x0000000080000722] -> 0x9C8F
[457] [M]: 0x0000000080000720 (0x9C8F0F13) addi x30, x30, -0x638                    inst_35+4
x30 <- 0xFFFFFFFFCBCAC9C8

clint mtime 0x00000000000000E5 (mip.MTI <- 0b1, mip.STI <- 0b0)
mem[X,0x0000000080000724] -> 0x1F13
mem[X,0x0000000080000726] -> 0x00BF
[458] [M]: 0x0000000080000724 (0x00BF1F13) slli x30, x30, 0xb                       inst_35+8
x30 <- 0xFFFFFE5E564E4000

mem[X,0x0000000080000728] -> 0x0F13
mem[X,0x000000008000072A] -> 0x63EF
[459] [M]: 0x0000000080000728 (0x63EF0F13) addi x30, x30, 0x63e                     inst_35+12
x30 <- 0xFFFFFE5E564E463E

clint mtime 0x00000000000000E6 (mip.MTI <- 0b1, mip.STI <- 0b0)
mem[X,0x000000008000072C] -> 0x1F13
mem[X,0x000000008000072E] -> 0x00BF
[460] [M]: 0x000000008000072C (0x00BF1F13) slli x30, x30, 0xb                       inst_35+16
x30 <- 0xFFF2F2B27231F000

mem[X,0x0000000080000730] -> 0x0F13
mem[X,0x0000000080000732] -> 0x1B1F
[461] [M]: 0x0000000080000730 (0x1B1F0F13) addi x30, x30, 0x1b1                     inst_35+20
x30 <- 0xFFF2F2B27231F1B1

clint mtime 0x00000000000000E7 (mip.MTI <- 0b1, mip.STI <- 0b0)
mem[X,0x0000000080000734] -> 0x1F13
mem[X,0x0000000080000736] -> 0x00AF
[462] [M]: 0x0000000080000734 (0x00AF1F13) slli x30, x30, 0xa                       inst_35+24
x30 <- 0xCBCAC9C8C7C6C400

mem[X,0x0000000080000738] -> 0x0F13
mem[X,0x000000008000073A] -> 0x1C4F
[463] [M]: 0x0000000080000738 (0x1C4F0F13) addi x30, x30, 0x1c4                     inst_35+28
x30 <- 0xCBCAC9C8C7C6C5C4

clint mtime 0x00000000000000E8 (mip.MTI <- 0b1, mip.STI <- 0b0)
mem[X,0x000000008000073C] -> 0x1F93
mem[X,0x000000008000073E] -> 0x31AF
[464] [M]: 0x000000008000073C (0x31AF1F93) aes64ks1i x31, x30, 0xa                  inst_35+32
x31 <- 0x1F74DDE81F74DDE8

mem[X,0x0000000080000740] -> 0xBC23
mem[X,0x0000000080000742] -> 0x03F2
[465] [M]: 0x0000000080000740 (0x03F2BC23) sd x31, 0x38(x5)                         inst_35+36
mem[W,0x0000000080003230] <- 0x1F74DDE81F74DDE8

clint mtime 0x00000000000000E9 (mip.MTI <- 0b1, mip.STI <- 0b0)
mem[X,0x0000000080000744] -> 0xCF37
mem[X,0x0000000080000746] -> 0xC7C6
[466] [M]: 0x0000000080000744 (0xC7C6CF37) lui x30, -0x38394                        inst_36+0
x30 <- 0xFFFFFFFFC7C6C000

mem[X,0x0000000080000748] -> 0x0F13
mem[X,0x000000008000074A] -> 0x5C4F
[467] [M]: 0x0000000080000748 (0x5C4F0F13) addi x30, x30, 0x5c4                     inst_36+4
x30 <- 0xFFFFFFFFC7C6C5C4

clint mtime 0x00000000000000EA (mip.MTI <- 0b1, mip.STI <- 0b0)
mem[X,0x000000008000074C] -> 0x1F13
mem[X,0x000000008000074E] -> 0x00BF
[468] [M]: 0x000000008000074C (0x00BF1F13) slli x30, x30, 0xb                       inst_36+8
x30 <- 0xFFFFFE3E362E2000

mem[X,0x0000000080000750] -> 0x0F13
mem[X,0x0000000080000752] -> 0x61EF
[469] [M]: 0x0000000080000750 (0x61EF0F13) addi x30, x30, 0x61e                     inst_36+12
x30 <- 0xFFFFFE3E362E261E

clint mtime 0x00000000000000EB (mip.MTI <- 0b1, mip.STI <- 0b0)
mem[X,0x0000000080000754] -> 0x1F13
mem[X,0x0000000080000756] -> 0x00BF
[470] [M]: 0x0000000080000754 (0x00BF1F13) slli x30, x30, 0xb                       inst_36+16
x30 <- 0xFFF1F1B17130F000

mem[X,0x0000000080000758] -> 0x0F13
mem[X,0x000000008000075A] -> 0x0B0F
[471] [M]: 0x0000000080000758 (0x0B0F0F13) addi x30, x30, 0xb0                      inst_36+20
x30 <- 0xFFF1F1B17130F0B0

clint mtime 0x00000000000000EC (mip.MTI <- 0b1, mip.STI <- 0b0)
mem[X,0x000000008000075C] -> 0x1F13
mem[X,0x000000008000075E] -> 0x00AF
[472] [M]: 0x000000008000075C (0x00AF1F13) slli x30, x30, 0xa                       inst_36+24
x30 <- 0xC7C6C5C4C3C2C000

mem[X,0x0000000080000760] -> 0x0F13
mem[X,0x0000000080000762] -> 0x1C0F
[473] [M]: 0x0000000080000760 (0x1C0F0F13) addi x30, x30, 0x1c0                     inst_36+28
x30 <- 0xC7C6C5C4C3C2C1C0

clint mtime 0x00000000000000ED (mip.MTI <- 0b1, mip.STI <- 0b0)
mem[X,0x0000000080000764] -> 0x1F93
mem[X,0x0000000080000766] -> 0x31AF
[474] [M]: 0x0000000080000764 (0x31AF1F93) aes64ks1i x31, x30, 0xa                  inst_36+32
x31 <- 0xC6B4A61CC6B4A61C

mem[X,0x0000000080000768] -> 0xB023
mem[X,0x000000008000076A] -> 0x05F2
[475] [M]: 0x0000000080000768 (0x05F2B023) sd x31, 0x40(x5)                         inst_36+36
mem[W,0x0000000080003238] <- 0xC6B4A61CC6B4A61C

clint mtime 0x00000000000000EE (mip.MTI <- 0b1, mip.STI <- 0b0)
mem[X,0x000000008000076C] -> 0xCF37
mem[X,0x000000008000076E] -> 0xC3C2
[476] [M]: 0x000000008000076C (0xC3C2CF37) lui x30, -0x3c3d4                        inst_37+0
x30 <- 0xFFFFFFFFC3C2C000

mem[X,0x0000000080000770] -> 0x0F13
mem[X,0x0000000080000772] -> 0x1C0F
[477] [M]: 0x0000000080000770 (0x1C0F0F13) addi x30, x30, 0x1c0                     inst_37+4
x30 <- 0xFFFFFFFFC3C2C1C0

clint mtime 0x00000000000000EF (mip.MTI <- 0b1, mip.STI <- 0b0)
mem[X,0x0000000080000774] -> 0x1F13
mem[X,0x0000000080000776] -> 0x00BF
[478] [M]: 0x0000000080000774 (0x00BF1F13) slli x30, x30, 0xb                       inst_37+8
x30 <- 0xFFFFFE1E160E0000

mem[X,0x0000000080000778] -> 0x0F13
mem[X,0x000000008000077A] -> 0x5FDF
[479] [M]: 0x0000000080000778 (0x5FDF0F13) addi x30, x30, 0x5fd                     inst_37+12
x30 <- 0xFFFFFE1E160E05FD

clint mtime 0x00000000000000F0 (mip.MTI <- 0b1, mip.STI <- 0b0)
mem[X,0x000000008000077C] -> 0x1F13
mem[X,0x000000008000077E] -> 0x00BF
[480] [M]: 0x000000008000077C (0x00BF1F13) slli x30, x30, 0xb                       inst_37+16
x30 <- 0xFFF0F0B0702FE800

mem[X,0x0000000080000780] -> 0x0F13
mem[X,0x0000000080000782] -> 0x7AFF
[481] [M]: 0x0000000080000780 (0x7AFF0F13) addi x30, x30, 0x7af                     inst_37+20
x30 <- 0xFFF0F0B0702FEFAF

clint mtime 0x00000000000000F1 (mip.MTI <- 0b1, mip.STI <- 0b0)
mem[X,0x0000000080000784] -> 0x1F13
mem[X,0x0000000080000786] -> 0x00AF
[482] [M]: 0x0000000080000784 (0x00AF1F13) slli x30, x30, 0xa                       inst_37+24
x30 <- 0xC3C2C1C0BFBEBC00

mem[X,0x0000000080000788] -> 0x0F13
mem[X,0x000000008000078A] -> 0x1BCF
[483] [M]: 0x0000000080000788 (0x1BCF0F13) addi x30, x30, 0x1bc                     inst_37+28
x30 <- 0xC3C2C1C0BFBEBDBC

clint mtime 0x00000000000000F2 (mip.MTI <- 0b1, mip.STI <- 0b0)
mem[X,0x000000008000078C] -> 0x1F93
mem[X,0x000000008000078E] -> 0x31AF
[484] [M]: 0x000000008000078C (0x31AF1F93) aes64ks1i x31, x30, 0xa                  inst_37+32
x31 <- 0x2E2578BA2E2578BA

mem[X,0x0000000080000790] -> 0xB423
mem[X,0x0000000080000792] -> 0x05F2
[485] [M]: 0x0000000080000790 (0x05F2B423) sd x31, 0x48(x5)                         inst_37+36
mem[W,0x0000000080003240] <- 0x2E2578BA2E2578BA

clint mtime 0x00000000000000F3 (mip.MTI <- 0b1, mip.STI <- 0b0)
mem[X,0x0000000080000794] -> 0xCF37
mem[X,0x0000000080000796] -> 0xBFBE
[486] [M]: 0x0000000080000794 (0xBFBECF37) lui x30, -0x40414                        inst_38+0
x30 <- 0xFFFFFFFFBFBEC000

mem[X,0x0000000080000798] -> 0x0F13
mem[X,0x000000008000079A] -> 0xDBCF
[487] [M]: 0x0000000080000798 (0xDBCF0F13) addi x30, x30, -0x244                    inst_38+4
x30 <- 0xFFFFFFFFBFBEBDBC

clint mtime 0x00000000000000F4 (mip.MTI <- 0b1, mip.STI <- 0b0)
mem[X,0x000000008000079C] -> 0x1F13
mem[X,0x000000008000079E] -> 0x00BF
[488] [M]: 0x000000008000079C (0x00BF1F13) slli x30, x30, 0xb                       inst_38+8
x30 <- 0xFFFFFDFDF5EDE000

mem[X,0x00000000800007A0] -> 0x0F13
mem[X,0x00000000800007A2] -> 0x5DDF
[489] [M]: 0x00000000800007A0 (0x5DDF0F13) addi x30, x30, 0x5dd                     inst_38+12
x30 <- 0xFFFFFDFDF5EDE5DD

clint mtime 0x00000000000000F5 (mip.MTI <- 0b1, mip.STI <- 0b0)
mem[X,0x00000000800007A4] -> 0x1F13
mem[X,0x00000000800007A6] -> 0x00BF
[490] [M]: 0x00000000800007A4 (0x00BF1F13) slli x30, x30, 0xb                       inst_38+16
x30 <- 0xFFEFEFAF6F2EE800

mem[X,0x00000000800007A8] -> 0x0F13
mem[X,0x00000000800007AA] -> 0x6AEF
[491] [M]: 0x00000000800007A8 (0x6AEF0F13) addi x30, x30, 0x6ae                     inst_38+20
x30 <- 0xFFEFEFAF6F2EEEAE

clint mtime 0x00000000000000F6 (mip.MTI <- 0b1, mip.STI <- 0b0)
mem[X,0x00000000800007AC] -> 0x1F13
mem[X,0x00000000800007AE] -> 0x00AF
[492] [M]: 0x00000000800007AC (0x00AF1F13) slli x30, x30, 0xa                       inst_38+24
x30 <- 0xBFBEBDBCBBBAB800

mem[X,0x00000000800007B0] -> 0x0F13
mem[X,0x00000000800007B2] -> 0x1B8F
[493] [M]: 0x00000000800007B0 (0x1B8F0F13) addi x30, x30, 0x1b8                     inst_38+28
x30 <- 0xBFBEBDBCBBBAB9B8

clint mtime 0x00000000000000F7 (mip.MTI <- 0b1, mip.STI <- 0b0)
mem[X,0x00000000800007B4] -> 0x1F93
mem[X,0x00000000800007B6] -> 0x31AF
[494] [M]: 0x00000000800007B4 (0x31AF1F93) aes64ks1i x31, x30, 0xa                  inst_38+32
x31 <- 0x08AE7A6508AE7A65

mem[X,0x00000000800007B8] -> 0xB823
mem[X,0x00000000800007BA] -> 0x05F2
[495] [M]: 0x00000000800007B8 (0x05F2B823) sd x31, 0x50(x5)                         inst_38+36
mem[W,0x0000000080003248] <- 0x08AE7A6508AE7A65

clint mtime 0x00000000000000F8 (mip.MTI <- 0b1, mip.STI <- 0b0)
mem[X,0x00000000800007BC] -> 0xCF37
mem[X,0x00000000800007BE] -> 0xBBBA
[496] [M]: 0x00000000800007BC (0xBBBACF37) lui x30, -0x44454                        inst_39+0
x30 <- 0xFFFFFFFFBBBAC000

mem[X,0x00000000800007C0] -> 0x0F13
mem[X,0x00000000800007C2] -> 0x9B8F
[497] [M]: 0x00000000800007C0 (0x9B8F0F13) addi x30, x30, -0x648                    inst_39+4
x30 <- 0xFFFFFFFFBBBAB9B8

clint mtime 0x00000000000000F9 (mip.MTI <- 0b1, mip.STI <- 0b0)
mem[X,0x00000000800007C4] -> 0x1F13
mem[X,0x00000000800007C6] -> 0x00BF
[498] [M]: 0x00000000800007C4 (0x00BF1F13) slli x30, x30, 0xb                       inst_39+8
x30 <- 0xFFFFFDDDD5CDC000

mem[X,0x00000000800007C8] -> 0x0F13
mem[X,0x00000000800007CA] -> 0x5BDF
[499] [M]: 0x00000000800007C8 (0x5BDF0F13) addi x30, x30, 0x5bd                     inst_39+12
x30 <- 0xFFFFFDDDD5CDC5BD

clint mtime 0x00000000000000FA (mip.MTI <- 0b1, mip.STI <- 0b0)
mem[X,0x00000000800007CC] -> 0x1F13
mem[X,0x00000000800007CE] -> 0x00BF
[500] [M]: 0x00000000800007CC (0x00BF1F13) slli x30, x30, 0xb                       inst_39+16
x30 <- 0xFFEEEEAE6E2DE800

mem[X,0x00000000800007D0] -> 0x0F13
mem[X,0x00000000800007D2] -> 0x5ADF
[501] [M]: 0x00000000800007D0 (0x5ADF0F13) addi x30, x30, 0x5ad                     inst_39+20
x30 <- 0xFFEEEEAE6E2DEDAD

clint mtime 0x00000000000000FB (mip.MTI <- 0b1, mip.STI <- 0b0)
mem[X,0x00000000800007D4] -> 0x1F13
mem[X,0x00000000800007D6] -> 0x00AF
[502] [M]: 0x00000000800007D4 (0x00AF1F13) slli x30, x30, 0xa                       inst_39+24
x30 <- 0xBBBAB9B8B7B6B400

mem[X,0x00000000800007D8] -> 0x0F13
mem[X,0x00000000800007DA] -> 0x1B4F
[503] [M]: 0x00000000800007D8 (0x1B4F0F13) addi x30, x30, 0x1b4                     inst_39+28
x30 <- 0xBBBAB9B8B7B6B5B4

clint mtime 0x00000000000000FC (mip.MTI <- 0b1, mip.STI <- 0b0)
mem[X,0x00000000800007DC] -> 0x1F93
mem[X,0x00000000800007DE] -> 0x31AF
[504] [M]: 0x00000000800007DC (0x31AF1F93) aes64ks1i x31, x30, 0xa                  inst_39+32
x31 <- 0xEAF4566CEAF4566C

mem[X,0x00000000800007E0] -> 0xBC23
mem[X,0x00000000800007E2] -> 0x05F2
[505] [M]: 0x00000000800007E0 (0x05F2BC23) sd x31, 0x58(x5)                         inst_39+36
mem[W,0x0000000080003250] <- 0xEAF4566CEAF4566C

clint mtime 0x00000000000000FD (mip.MTI <- 0b1, mip.STI <- 0b0)
mem[X,0x00000000800007E4] -> 0xBF37
mem[X,0x00000000800007E6] -> 0xB7B6
[506] [M]: 0x00000000800007E4 (0xB7B6BF37) lui x30, -0x48495                        inst_40+0
x30 <- 0xFFFFFFFFB7B6B000

mem[X,0x00000000800007E8] -> 0x0F13
mem[X,0x00000000800007EA] -> 0x5B4F
[507] [M]: 0x00000000800007E8 (0x5B4F0F13) addi x30, x30, 0x5b4                     inst_40+4
x30 <- 0xFFFFFFFFB7B6B5B4

clint mtime 0x00000000000000FE (mip.MTI <- 0b1, mip.STI <- 0b0)
mem[X,0x00000000800007EC] -> 0x1F13
mem[X,0x00000000800007EE] -> 0x00BF
[508] [M]: 0x00000000800007EC (0x00BF1F13) slli x30, x30, 0xb                       inst_40+8
x30 <- 0xFFFFFDBDB5ADA000

mem[X,0x00000000800007F0] -> 0x0F13
mem[X,0x00000000800007F2] -> 0x59DF
[509] [M]: 0x00000000800007F0 (0x59DF0F13) addi x30, x30, 0x59d                     inst_40+12
x30 <- 0xFFFFFDBDB5ADA59D

clint mtime 0x00000000000000FF (mip.MTI <- 0b1, mip.STI <- 0b0)
mem[X,0x00000000800007F4] -> 0x1F13
mem[X,0x00000000800007F6] -> 0x00BF
[510] [M]: 0x00000000800007F4 (0x00BF1F13) slli x30, x30, 0xb                       inst_40+16
x30 <- 0xFFEDEDAD6D2CE800

mem[X,0x00000000800007F8] -> 0x0F13
mem[X,0x00000000800007FA] -> 0x4ACF
[511] [M]: 0x00000000800007F8 (0x4ACF0F13) addi x30, x30, 0x4ac                     inst_40+20
x30 <- 0xFFEDEDAD6D2CECAC

clint mtime 0x0000000000000100 (mip.MTI <- 0b1, mip.STI <- 0b0)
mem[X,0x00000000800007FC] -> 0x1F13
mem[X,0x00000000800007FE] -> 0x00AF
[512] [M]: 0x00000000800007FC (0x00AF1F13) slli x30, x30, 0xa                       inst_40+24
x30 <- 0xB7B6B5B4B3B2B000

mem[X,0x0000000080000800] -> 0x0F13
mem[X,0x0000000080000802] -> 0x1B0F
[513] [M]: 0x0000000080000800 (0x1B0F0F13) addi x30, x30, 0x1b0                     inst_40+28
x30 <- 0xB7B6B5B4B3B2B1B0

clint mtime 0x0000000000000101 (mip.MTI <- 0b1, mip.STI <- 0b0)
mem[X,0x0000000080000804] -> 0x1F93
mem[X,0x0000000080000806] -> 0x31AF
[514] [M]: 0x0000000080000804 (0x31AF1F93) aes64ks1i x31, x30, 0xa                  inst_40+32
x31 <- 0xA94ED58DA94ED58D

mem[X,0x0000000080000808] -> 0xB023
mem[X,0x000000008000080A] -> 0x07F2
[515] [M]: 0x0000000080000808 (0x07F2B023) sd x31, 0x60(x5)                         inst_40+36
mem[W,0x0000000080003258] <- 0xA94ED58DA94ED58D

clint mtime 0x0000000000000102 (mip.MTI <- 0b1, mip.STI <- 0b0)
mem[X,0x000000008000080C] -> 0xBF37
mem[X,0x000000008000080E] -> 0xB3B2
[516] [M]: 0x000000008000080C (0xB3B2BF37) lui x30, -0x4c4d5                        inst_41+0
x30 <- 0xFFFFFFFFB3B2B000

mem[X,0x0000000080000810] -> 0x0F13
mem[X,0x0000000080000812] -> 0x1B0F
[517] [M]: 0x0000000080000810 (0x1B0F0F13) addi x30, x30, 0x1b0                     inst_41+4
x30 <- 0xFFFFFFFFB3B2B1B0

clint mtime 0x0000000000000103 (mip.MTI <- 0b1, mip.STI <- 0b0)
mem[X,0x0000000080000814] -> 0x1F13
mem[X,0x0000000080000816] -> 0x00BF
[518] [M]: 0x0000000080000814 (0x00BF1F13) slli x30, x30, 0xb                       inst_41+8
x30 <- 0xFFFFFD9D958D8000

mem[X,0x0000000080000818] -> 0x0F13
mem[X,0x000000008000081A] -> 0x57DF
[519] [M]: 0x0000000080000818 (0x57DF0F13) addi x30, x30, 0x57d                     inst_41+12
x30 <- 0xFFFFFD9D958D857D

clint mtime 0x0000000000000104 (mip.MTI <- 0b1, mip.STI <- 0b0)
mem[X,0x000000008000081C] -> 0x1F13
mem[X,0x000000008000081E] -> 0x00BF
[520] [M]: 0x000000008000081C (0x00BF1F13) slli x30, x30, 0xb                       inst_41+16
x30 <- 0xFFECECAC6C2BE800

mem[X,0x0000000080000820] -> 0x0F13
mem[X,0x0000000080000822] -> 0x3ABF
[521] [M]: 0x0000000080000820 (0x3ABF0F13) addi x30, x30, 0x3ab                     inst_41+20
x30 <- 0xFFECECAC6C2BEBAB

clint mtime 0x0000000000000105 (mip.MTI <- 0b1, mip.STI <- 0b0)
mem[X,0x0000000080000824] -> 0x1F13
mem[X,0x0000000080000826] -> 0x00AF
[522] [M]: 0x0000000080000824 (0x00AF1F13) slli x30, x30, 0xa                       inst_41+24
x30 <- 0xB3B2B1B0AFAEAC00

mem[X,0x0000000080000828] -> 0x0F13
mem[X,0x000000008000082A] -> 0x1ACF
[523] [M]: 0x0000000080000828 (0x1ACF0F13) addi x30, x30, 0x1ac                     inst_41+28
x30 <- 0xB3B2B1B0AFAEADAC

clint mtime 0x0000000000000106 (mip.MTI <- 0b1, mip.STI <- 0b0)
mem[X,0x000000008000082C] -> 0x1F93
mem[X,0x000000008000082E] -> 0x31AF
[524] [M]: 0x000000008000082C (0x31AF1F93) aes64ks1i x31, x30, 0xa                  inst_41+32
x31 <- 0x6D37C8E76D37C8E7

mem[X,0x0000000080000830] -> 0xB423
mem[X,0x0000000080000832] -> 0x07F2
[525] [M]: 0x0000000080000830 (0x07F2B423) sd x31, 0x68(x5)                         inst_41+36
mem[W,0x0000000080003260] <- 0x6D37C8E76D37C8E7

clint mtime 0x0000000000000107 (mip.MTI <- 0b1, mip.STI <- 0b0)
mem[X,0x0000000080000834] -> 0xBF37
mem[X,0x0000000080000836] -> 0xAFAE
[526] [M]: 0x0000000080000834 (0xAFAEBF37) lui x30, -0x50515                        inst_42+0
x30 <- 0xFFFFFFFFAFAEB000

mem[X,0x0000000080000838] -> 0x0F13
mem[X,0x000000008000083A] -> 0xDACF
[527] [M]: 0x0000000080000838 (0xDACF0F13) addi x30, x30, -0x254                    inst_42+4
x30 <- 0xFFFFFFFFAFAEADAC

clint mtime 0x0000000000000108 (mip.MTI <- 0b1, mip.STI <- 0b0)
mem[X,0x000000008000083C] -> 0x1F13
mem[X,0x000000008000083E] -> 0x00BF
[528] [M]: 0x000000008000083C (0x00BF1F13) slli x30, x30, 0xb                       inst_42+8
x30 <- 0xFFFFFD7D756D6000

mem[X,0x0000000080000840] -> 0x0F13
mem[X,0x0000000080000842] -> 0x55DF
[529] [M]: 0x0000000080000840 (0x55DF0F13) addi x30, x30, 0x55d                     inst_42+12
x30 <- 0xFFFFFD7D756D655D

clint mtime 0x0000000000000109 (mip.MTI <- 0b1, mip.STI <- 0b0)
mem[X,0x0000000080000844] -> 0x1F13
mem[X,0x0000000080000846] -> 0x00BF
[530] [M]: 0x0000000080000844 (0x00BF1F13) slli x30, x30, 0xb                       inst_42+16
x30 <- 0xFFEBEBAB6B2AE800

mem[X,0x0000000080000848] -> 0x0F13
mem[X,0x000000008000084A] -> 0x2AAF
[531] [M]: 0x0000000080000848 (0x2AAF0F13) addi x30, x30, 0x2aa                     inst_42+20
x30 <- 0xFFEBEBAB6B2AEAAA

clint mtime 0x000000000000010A (mip.MTI <- 0b1, mip.STI <- 0b0)
mem[X,0x000000008000084C] -> 0x1F13
mem[X,0x000000008000084E] -> 0x00AF
[532] [M]: 0x000000008000084C (0x00AF1F13) slli x30, x30, 0xa                       inst_42+24
x30 <- 0xAFAEADACABAAA800

mem[X,0x0000000080000850] -> 0x0F13
mem[X,0x0000000080000852] -> 0x1A8F
[533] [M]: 0x0000000080000850 (0x1A8F0F13) addi x30, x30, 0x1a8                     inst_42+28
x30 <- 0xAFAEADACABAAA9A8

clint mtime 0x000000000000010B (mip.MTI <- 0b1, mip.STI <- 0b0)
mem[X,0x0000000080000854] -> 0x1F93
mem[X,0x0000000080000856] -> 0x31AF
[534] [M]: 0x0000000080000854 (0x31AF1F93) aes64ks1i x31, x30, 0xa                  inst_42+32
x31 <- 0x79E4959179E49591

mem[X,0x0000000080000858] -> 0xB823
mem[X,0x000000008000085A] -> 0x07F2
[535] [M]: 0x0000000080000858 (0x07F2B823) sd x31, 0x70(x5)                         inst_42+36
mem[W,0x0000000080003268] <- 0x79E4959179E49591

clint mtime 0x000000000000010C (mip.MTI <- 0b1, mip.STI <- 0b0)
mem[X,0x000000008000085C] -> 0xBF37
mem[X,0x000000008000085E] -> 0xABAA
[536] [M]: 0x000000008000085C (0xABAABF37) lui x30, -0x54555                        inst_43+0
x30 <- 0xFFFFFFFFABAAB000

mem[X,0x0000000080000860] -> 0x0F13
mem[X,0x0000000080000862] -> 0x9A8F
[537] [M]: 0x0000000080000860 (0x9A8F0F13) addi x30, x30, -0x658                    inst_43+4
x30 <- 0xFFFFFFFFABAAA9A8

clint mtime 0x000000000000010D (mip.MTI <- 0b1, mip.STI <- 0b0)
mem[X,0x0000000080000864] -> 0x1F13
mem[X,0x0000000080000866] -> 0x00BF
[538] [M]: 0x0000000080000864 (0x00BF1F13) slli x30, x30, 0xb                       inst_43+8
x30 <- 0xFFFFFD5D554D4000

mem[X,0x0000000080000868] -> 0x0F13
mem[X,0x000000008000086A] -> 0x53DF
[539] [M]: 0x0000000080000868 (0x53DF0F13) addi x30, x30, 0x53d                     inst_43+12
x30 <- 0xFFFFFD5D554D453D

clint mtime 0x000000000000010E (mip.MTI <- 0b1, mip.STI <- 0b0)
mem[X,0x000000008000086C] -> 0x1F13
mem[X,0x000000008000086E] -> 0x00BF
[540] [M]: 0x000000008000086C (0x00BF1F13) slli x30, x30, 0xb                       inst_43+16
x30 <- 0xFFEAEAAA6A29E800

mem[X,0x0000000080000870] -> 0x0F13
mem[X,0x0000000080000872] -> 0x1A9F
[541] [M]: 0x0000000080000870 (0x1A9F0F13) addi x30, x30, 0x1a9                     inst_43+20
x30 <- 0xFFEAEAAA6A29E9A9

clint mtime 0x000000000000010F (mip.MTI <- 0b1, mip.STI <- 0b0)
mem[X,0x0000000080000874] -> 0x1F13
mem[X,0x0000000080000876] -> 0x00AF
[542] [M]: 0x0000000080000874 (0x00AF1F13) slli x30, x30, 0xa                       inst_43+24
x30 <- 0xABAAA9A8A7A6A400

mem[X,0x0000000080000878] -> 0x0F13
mem[X,0x000000008000087A] -> 0x1A4F
[543] [M]: 0x0000000080000878 (0x1A4F0F13) addi x30, x30, 0x1a4                     inst_43+28
x30 <- 0xABAAA9A8A7A6A5A4

clint mtime 0x0000000000000110 (mip.MTI <- 0b1, mip.STI <- 0b0)
mem[X,0x000000008000087C] -> 0x1F93
mem[X,0x000000008000087E] -> 0x31AF
[544] [M]: 0x000000008000087C (0x31AF1F93) aes64ks1i x31, x30, 0xa                  inst_43+32
x31 <- 0x62ACD3C262ACD3C2

mem[X,0x0000000080000880] -> 0xBC23
mem[X,0x0000000080000882] -> 0x07F2
[545] [M]: 0x0000000080000880 (0x07F2BC23) sd x31, 0x78(x5)                         inst_43+36
mem[W,0x0000000080003270] <- 0x62ACD3C262ACD3C2

clint mtime 0x0000000000000111 (mip.MTI <- 0b1, mip.STI <- 0b0)
mem[X,0x0000000080000884] -> 0xAF37
mem[X,0x0000000080000886] -> 0xA7A6
[546] [M]: 0x0000000080000884 (0xA7A6AF37) lui x30, -0x58596                        inst_44+0
x30 <- 0xFFFFFFFFA7A6A000

mem[X,0x0000000080000888] -> 0x0F13
mem[X,0x000000008000088A] -> 0x5A4F
[547] [M]: 0x0000000080000888 (0x5A4F0F13) addi x30, x30, 0x5a4                     inst_44+4
x30 <- 0xFFFFFFFFA7A6A5A4

clint mtime 0x0000000000000112 (mip.MTI <- 0b1, mip.STI <- 0b0)
mem[X,0x000000008000088C] -> 0x1F13
mem[X,0x000000008000088E] -> 0x00BF
[548] [M]: 0x000000008000088C (0x00BF1F13) slli x30, x30, 0xb                       inst_44+8
x30 <- 0xFFFFFD3D352D2000

mem[X,0x0000000080000890] -> 0x0F13
mem[X,0x0000000080000892] -> 0x51DF
[549] [M]: 0x0000000080000890 (0x51DF0F13) addi x30, x30, 0x51d                     inst_44+12
x30 <- 0xFFFFFD3D352D251D

clint mtime 0x0000000000000113 (mip.MTI <- 0b1, mip.STI <- 0b0)
mem[X,0x0000000080000894] -> 0x1F13
mem[X,0x0000000080000896] -> 0x00BF
[550] [M]: 0x0000000080000894 (0x00BF1F13) slli x30, x30, 0xb                       inst_44+16
x30 <- 0xFFE9E9A96928E800

mem[X,0x0000000080000898] -> 0x0F13
mem[X,0x000000008000089A] -> 0x0A8F
[551] [M]: 0x0000000080000898 (0x0A8F0F13) addi x30, x30, 0xa8                      inst_44+20
x30 <- 0xFFE9E9A96928E8A8

clint mtime 0x0000000000000114 (mip.MTI <- 0b1, mip.STI <- 0b0)
mem[X,0x000000008000089C] -> 0x1F13
mem[X,0x000000008000089E] -> 0x00AF
[552] [M]: 0x000000008000089C (0x00AF1F13) slli x30, x30, 0xa                       inst_44+24
x30 <- 0xA7A6A5A4A3A2A000

mem[X,0x00000000800008A0] -> 0x0F13
mem[X,0x00000000800008A2] -> 0x1A0F
[553] [M]: 0x00000000800008A0 (0x1A0F0F13) addi x30, x30, 0x1a0                     inst_44+28
x30 <- 0xA7A6A5A4A3A2A1A0

clint mtime 0x0000000000000115 (mip.MTI <- 0b1, mip.STI <- 0b0)
mem[X,0x00000000800008A4] -> 0x1F93
mem[X,0x00000000800008A6] -> 0x31AF
[554] [M]: 0x00000000800008A4 (0x31AF1F93) aes64ks1i x31, x30, 0xa                  inst_44+32
x31 <- 0x5C2406495C240649

mem[X,0x00000000800008A8] -> 0xB023
mem[X,0x00000000800008AA] -> 0x09F2
[555] [M]: 0x00000000800008A8 (0x09F2B023) sd x31, 0x80(x5)                         inst_44+36
mem[W,0x0000000080003278] <- 0x5C2406495C240649

clint mtime 0x0000000000000116 (mip.MTI <- 0b1, mip.STI <- 0b0)
mem[X,0x00000000800008AC] -> 0xAF37
mem[X,0x00000000800008AE] -> 0xA3A2
[556] [M]: 0x00000000800008AC (0xA3A2AF37) lui x30, -0x5c5d6                        inst_45+0
x30 <- 0xFFFFFFFFA3A2A000

mem[X,0x00000000800008B0] -> 0x0F13
mem[X,0x00000000800008B2] -> 0x1A0F
[557] [M]: 0x00000000800008B0 (0x1A0F0F13) addi x30, x30, 0x1a0                     inst_45+4
x30 <- 0xFFFFFFFFA3A2A1A0

clint mtime 0x0000000000000117 (mip.MTI <- 0b1, mip.STI <- 0b0)
mem[X,0x00000000800008B4] -> 0x1F13
mem[X,0x00000000800008B6] -> 0x00BF
[558] [M]: 0x00000000800008B4 (0x00BF1F13) slli x30, x30, 0xb                       inst_45+8
x30 <- 0xFFFFFD1D150D0000

mem[X,0x00000000800008B8] -> 0x0F13
mem[X,0x00000000800008BA] -> 0x4FCF
[559] [M]: 0x00000000800008B8 (0x4FCF0F13) addi x30, x30, 0x4fc                     inst_45+12
x30 <- 0xFFFFFD1D150D04FC

clint mtime 0x0000000000000118 (mip.MTI <- 0b1, mip.STI <- 0b0)
mem[X,0x00000000800008BC] -> 0x1F13
mem[X,0x00000000800008BE] -> 0x00BF
[560] [M]: 0x00000000800008BC (0x00BF1F13) slli x30, x30, 0xb                       inst_45+16
x30 <- 0xFFE8E8A86827E000

mem[X,0x00000000800008C0] -> 0x0F13
mem[X,0x00000000800008C2] -> 0x7A7F
[561] [M]: 0x00000000800008C0 (0x7A7F0F13) addi x30, x30, 0x7a7                     inst_45+20
x30 <- 0xFFE8E8A86827E7A7

clint mtime 0x0000000000000119 (mip.MTI <- 0b1, mip.STI <- 0b0)
mem[X,0x00000000800008C4] -> 0x1F13
mem[X,0x00000000800008C6] -> 0x00AF
[562] [M]: 0x00000000800008C4 (0x00AF1F13) slli x30, x30, 0xa                       inst_45+24
x30 <- 0xA3A2A1A09F9E9C00

mem[X,0x00000000800008C8] -> 0x0F13
mem[X,0x00000000800008CA] -> 0x19CF
[563] [M]: 0x00000000800008C8 (0x19CF0F13) addi x30, x30, 0x19c                     inst_45+28
x30 <- 0xA3A2A1A09F9E9D9C

clint mtime 0x000000000000011A (mip.MTI <- 0b1, mip.STI <- 0b0)
mem[X,0x00000000800008CC] -> 0x1F93
mem[X,0x00000000800008CE] -> 0x31AF
[564] [M]: 0x00000000800008CC (0x31AF1F93) aes64ks1i x31, x30, 0xa                  inst_45+32
x31 <- 0x0A3A32E00A3A32E0

mem[X,0x00000000800008D0] -> 0xB423
mem[X,0x00000000800008D2] -> 0x09F2
[565] [M]: 0x00000000800008D0 (0x09F2B423) sd x31, 0x88(x5)                         inst_45+36
mem[W,0x0000000080003280] <- 0x0A3A32E00A3A32E0

clint mtime 0x000000000000011B (mip.MTI <- 0b1, mip.STI <- 0b0)
mem[X,0x00000000800008D4] -> 0xAF37
mem[X,0x00000000800008D6] -> 0x9F9E
[566] [M]: 0x00000000800008D4 (0x9F9EAF37) lui x30, -0x60616                        inst_46+0
x30 <- 0xFFFFFFFF9F9EA000

mem[X,0x00000000800008D8] -> 0x0F13
mem[X,0x00000000800008DA] -> 0xD9CF
[567] [M]: 0x00000000800008D8 (0xD9CF0F13) addi x30, x30, -0x264                    inst_46+4
x30 <- 0xFFFFFFFF9F9E9D9C

clint mtime 0x000000000000011C (mip.MTI <- 0b1, mip.STI <- 0b0)
mem[X,0x00000000800008DC] -> 0x1F13
mem[X,0x00000000800008DE] -> 0x00BF
[568] [M]: 0x00000000800008DC (0x00BF1F13) slli x30, x30, 0xb                       inst_46+8
x30 <- 0xFFFFFCFCF4ECE000

mem[X,0x00000000800008E0] -> 0x0F13
mem[X,0x00000000800008E2] -> 0x4DCF
[569] [M]: 0x00000000800008E0 (0x4DCF0F13) addi x30, x30, 0x4dc                     inst_46+12
x30 <- 0xFFFFFCFCF4ECE4DC

clint mtime 0x000000000000011D (mip.MTI <- 0b1, mip.STI <- 0b0)
mem[X,0x00000000800008E4] -> 0x1F13
mem[X,0x00000000800008E6] -> 0x00BF
[570] [M]: 0x00000000800008E4 (0x00BF1F13) slli x30, x30, 0xb                       inst_46+16
x30 <- 0xFFE7E7A76726E000

mem[X,0x00000000800008E8] -> 0x0F13
mem[X,0x00000000800008EA] -> 0x6A6F
[571] [M]: 0x00000000800008E8 (0x6A6F0F13) addi x30, x30, 0x6a6                     inst_46+20
x30 <- 0xFFE7E7A76726E6A6

clint mtime 0x000000000000011E (mip.MTI <- 0b1, mip.STI <- 0b0)
mem[X,0x00000000800008EC] -> 0x1F13
mem[X,0x00000000800008EE] -> 0x00AF
[572] [M]: 0x00000000800008EC (0x00AF1F13) slli x30, x30, 0xa                       inst_46+24
x30 <- 0x9F9E9D9C9B9A9800

mem[X,0x00000000800008F0] -> 0x0F13
mem[X,0x00000000800008F2] -> 0x198F
[573] [M]: 0x00000000800008F0 (0x198F0F13) addi x30, x30, 0x198                     inst_46+28
x30 <- 0x9F9E9D9C9B9A9998

clint mtime 0x000000000000011F (mip.MTI <- 0b1, mip.STI <- 0b0)
mem[X,0x00000000800008F4] -> 0x1F93
mem[X,0x00000000800008F6] -> 0x31AF
[574] [M]: 0x00000000800008F4 (0x31AF1F93) aes64ks1i x31, x30, 0xa                  inst_46+32
x31 <- 0xDB0B5EDEDB0B5EDE

mem[X,0x00000000800008F8] -> 0xB823
mem[X,0x00000000800008FA] -> 0x09F2
[575] [M]: 0x00000000800008F8 (0x09F2B823) sd x31, 0x90(x5)                         inst_46+36
mem[W,0x0000000080003288] <- 0xDB0B5EDEDB0B5EDE

clint mtime 0x0000000000000120 (mip.MTI <- 0b1, mip.STI <- 0b0)
mem[X,0x00000000800008FC] -> 0xAF37
mem[X,0x00000000800008FE] -> 0x9B9A
[576] [M]: 0x00000000800008FC (0x9B9AAF37) lui x30, -0x64656                        inst_47+0
x30 <- 0xFFFFFFFF9B9AA000

mem[X,0x0000000080000900] -> 0x0F13
mem[X,0x0000000080000902] -> 0x998F
[577] [M]: 0x0000000080000900 (0x998F0F13) addi x30, x30, -0x668                    inst_47+4
x30 <- 0xFFFFFFFF9B9A9998

clint mtime 0x0000000000000121 (mip.MTI <- 0b1, mip.STI <- 0b0)
mem[X,0x0000000080000904] -> 0x1F13
mem[X,0x0000000080000906] -> 0x00BF
[578] [M]: 0x0000000080000904 (0x00BF1F13) slli x30, x30, 0xb                       inst_47+8
x30 <- 0xFFFFFCDCD4CCC000

mem[X,0x0000000080000908] -> 0x0F13
mem[X,0x000000008000090A] -> 0x4BCF
[579] [M]: 0x0000000080000908 (0x4BCF0F13) addi x30, x30, 0x4bc                     inst_47+12
x30 <- 0xFFFFFCDCD4CCC4BC

clint mtime 0x0000000000000122 (mip.MTI <- 0b1, mip.STI <- 0b0)
mem[X,0x000000008000090C] -> 0x1F13
mem[X,0x000000008000090E] -> 0x00BF
[580] [M]: 0x000000008000090C (0x00BF1F13) slli x30, x30, 0xb                       inst_47+16
x30 <- 0xFFE6E6A66625E000

mem[X,0x0000000080000910] -> 0x0F13
mem[X,0x0000000080000912] -> 0x5A5F
[581] [M]: 0x0000000080000910 (0x5A5F0F13) addi x30, x30, 0x5a5                     inst_47+20
x30 <- 0xFFE6E6A66625E5A5

clint mtime 0x0000000000000123 (mip.MTI <- 0b1, mip.STI <- 0b0)
mem[X,0x0000000080000914] -> 0x1F13
mem[X,0x0000000080000916] -> 0x00AF
[582] [M]: 0x0000000080000914 (0x00AF1F13) slli x30, x30, 0xa                       inst_47+24
x30 <- 0x9B9A999897969400

mem[X,0x0000000080000918] -> 0x0F13
mem[X,0x000000008000091A] -> 0x194F
[583] [M]: 0x0000000080000918 (0x194F0F13) addi x30, x30, 0x194                     inst_47+28
x30 <- 0x9B9A999897969594

clint mtime 0x0000000000000124 (mip.MTI <- 0b1, mip.STI <- 0b0)
mem[X,0x000000008000091C] -> 0x1F93
mem[X,0x000000008000091E] -> 0x31AF
[584] [M]: 0x000000008000091C (0x31AF1F93) aes64ks1i x31, x30, 0xa                  inst_47+32
x31 <- 0x14B8EE4614B8EE46

mem[X,0x0000000080000920] -> 0xBC23
mem[X,0x0000000080000922] -> 0x09F2
[585] [M]: 0x0000000080000920 (0x09F2BC23) sd x31, 0x98(x5)                         inst_47+36
mem[W,0x0000000080003290] <- 0x14B8EE4614B8EE46

clint mtime 0x0000000000000125 (mip.MTI <- 0b1, mip.STI <- 0b0)
mem[X,0x0000000080000924] -> 0x9F37
mem[X,0x0000000080000926] -> 0x9796
[586] [M]: 0x0000000080000924 (0x97969F37) lui x30, -0x68697                        inst_48+0
x30 <- 0xFFFFFFFF97969000

mem[X,0x0000000080000928] -> 0x0F13
mem[X,0x000000008000092A] -> 0x594F
[587] [M]: 0x0000000080000928 (0x594F0F13) addi x30, x30, 0x594                     inst_48+4
x30 <- 0xFFFFFFFF97969594

clint mtime 0x0000000000000126 (mip.MTI <- 0b1, mip.STI <- 0b0)
mem[X,0x000000008000092C] -> 0x1F13
mem[X,0x000000008000092E] -> 0x00BF
[588] [M]: 0x000000008000092C (0x00BF1F13) slli x30, x30, 0xb                       inst_48+8
x30 <- 0xFFFFFCBCB4ACA000

mem[X,0x0000000080000930] -> 0x0F13
mem[X,0x0000000080000932] -> 0x49CF
[589] [M]: 0x0000000080000930 (0x49CF0F13) addi x30, x30, 0x49c                     inst_48+12
x30 <- 0xFFFFFCBCB4ACA49C

clint mtime 0x0000000000000127 (mip.MTI <- 0b1, mip.STI <- 0b0)
mem[X,0x0000000080000934] -> 0x1F13
mem[X,0x0000000080000936] -> 0x00BF
[590] [M]: 0x0000000080000934 (0x00BF1F13) slli x30, x30, 0xb                       inst_48+16
x30 <- 0xFFE5E5A56524E000

mem[X,0x0000000080000938] -> 0x0F13
mem[X,0x000000008000093A] -> 0x4A4F
[591] [M]: 0x0000000080000938 (0x4A4F0F13) addi x30, x30, 0x4a4                     inst_48+20
x30 <- 0xFFE5E5A56524E4A4

clint mtime 0x0000000000000128 (mip.MTI <- 0b1, mip.STI <- 0b0)
mem[X,0x000000008000093C] -> 0x1F13
mem[X,0x000000008000093E] -> 0x00AF
[592] [M]: 0x000000008000093C (0x00AF1F13) slli x30, x30, 0xa                       inst_48+24
x30 <- 0x9796959493929000

mem[X,0x0000000080000940] -> 0x0F13
mem[X,0x0000000080000942] -> 0x190F
[593] [M]: 0x0000000080000940 (0x190F0F13) addi x30, x30, 0x190                     inst_48+28
x30 <- 0x9796959493929190

clint mtime 0x0000000000000129 (mip.MTI <- 0b1, mip.STI <- 0b0)
mem[X,0x0000000080000944] -> 0x1F93
mem[X,0x0000000080000946] -> 0x31AF
[594] [M]: 0x0000000080000944 (0x31AF1F93) aes64ks1i x31, x30, 0xa                  inst_48+32
x31 <- 0x88902A2288902A22

mem[X,0x0000000080000948] -> 0xB023
mem[X,0x000000008000094A] -> 0x0BF2
[595] [M]: 0x0000000080000948 (0x0BF2B023) sd x31, 0xa0(x5)                         inst_48+36
mem[W,0x0000000080003298] <- 0x88902A2288902A22

clint mtime 0x000000000000012A (mip.MTI <- 0b1, mip.STI <- 0b0)
mem[X,0x000000008000094C] -> 0x9F37
mem[X,0x000000008000094E] -> 0x9392
[596] [M]: 0x000000008000094C (0x93929F37) lui x30, -0x6c6d7                        inst_49+0
x30 <- 0xFFFFFFFF93929000

mem[X,0x0000000080000950] -> 0x0F13
mem[X,0x0000000080000952] -> 0x190F
[597] [M]: 0x0000000080000950 (0x190F0F13) addi x30, x30, 0x190                     inst_49+4
x30 <- 0xFFFFFFFF93929190

clint mtime 0x000000000000012B (mip.MTI <- 0b1, mip.STI <- 0b0)
mem[X,0x0000000080000954] -> 0x1F13
mem[X,0x0000000080000956] -> 0x00BF
[598] [M]: 0x0000000080000954 (0x00BF1F13) slli x30, x30, 0xb                       inst_49+8
x30 <- 0xFFFFFC9C948C8000

mem[X,0x0000000080000958] -> 0x0F13
mem[X,0x000000008000095A] -> 0x47CF
[599] [M]: 0x0000000080000958 (0x47CF0F13) addi x30, x30, 0x47c                     inst_49+12
x30 <- 0xFFFFFC9C948C847C

clint mtime 0x000000000000012C (mip.MTI <- 0b1, mip.STI <- 0b0)
mem[X,0x000000008000095C] -> 0x1F13
mem[X,0x000000008000095E] -> 0x00BF
[600] [M]: 0x000000008000095C (0x00BF1F13) slli x30, x30, 0xb                       inst_49+16
x30 <- 0xFFE4E4A46423E000

mem[X,0x0000000080000960] -> 0x0F13
mem[X,0x0000000080000962] -> 0x3A3F
[601] [M]: 0x0000000080000960 (0x3A3F0F13) addi x30, x30, 0x3a3                     inst_49+20
x30 <- 0xFFE4E4A46423E3A3

clint mtime 0x000000000000012D (mip.MTI <- 0b1, mip.STI <- 0b0)
mem[X,0x0000000080000964] -> 0x1F13
mem[X,0x0000000080000966] -> 0x00AF
[602] [M]: 0x0000000080000964 (0x00AF1F13) slli x30, x30, 0xa                       inst_49+24
x30 <- 0x939291908F8E8C00

mem[X,0x0000000080000968] -> 0x0F13
mem[X,0x000000008000096A] -> 0x18CF
[603] [M]: 0x0000000080000968 (0x18CF0F13) addi x30, x30, 0x18c                     inst_49+28
x30 <- 0x939291908F8E8D8C

clint mtime 0x000000000000012E (mip.MTI <- 0b1, mip.STI <- 0b0)
mem[X,0x000000008000096C] -> 0x1F93
mem[X,0x000000008000096E] -> 0x31AF
[604] [M]: 0x000000008000096C (0x31AF1F93) aes64ks1i x31, x30, 0xa                  inst_49+32
x31 <- 0xDC4F8160DC4F8160

mem[X,0x0000000080000970] -> 0xB423
mem[X,0x0000000080000972] -> 0x0BF2
[605] [M]: 0x0000000080000970 (0x0BF2B423) sd x31, 0xa8(x5)                         inst_49+36
mem[W,0x00000000800032A0] <- 0xDC4F8160DC4F8160

clint mtime 0x000000000000012F (mip.MTI <- 0b1, mip.STI <- 0b0)
mem[X,0x0000000080000974] -> 0x9F37
mem[X,0x0000000080000976] -> 0x8F8E
[606] [M]: 0x0000000080000974 (0x8F8E9F37) lui x30, -0x70717                        inst_50+0
x30 <- 0xFFFFFFFF8F8E9000

mem[X,0x0000000080000978] -> 0x0F13
mem[X,0x000000008000097A] -> 0xD8CF
[607] [M]: 0x0000000080000978 (0xD8CF0F13) addi x30, x30, -0x274                    inst_50+4
x30 <- 0xFFFFFFFF8F8E8D8C

clint mtime 0x0000000000000130 (mip.MTI <- 0b1, mip.STI <- 0b0)
mem[X,0x000000008000097C] -> 0x1F13
mem[X,0x000000008000097E] -> 0x00BF
[608] [M]: 0x000000008000097C (0x00BF1F13) slli x30, x30, 0xb                       inst_50+8
x30 <- 0xFFFFFC7C746C6000

mem[X,0x0000000080000980] -> 0x0F13
mem[X,0x0000000080000982] -> 0x45CF
[609] [M]: 0x0000000080000980 (0x45CF0F13) addi x30, x30, 0x45c                     inst_50+12
x30 <- 0xFFFFFC7C746C645C

clint mtime 0x0000000000000131 (mip.MTI <- 0b1, mip.STI <- 0b0)
mem[X,0x0000000080000984] -> 0x1F13
mem[X,0x0000000080000986] -> 0x00BF
[610] [M]: 0x0000000080000984 (0x00BF1F13) slli x30, x30, 0xb                       inst_50+16
x30 <- 0xFFE3E3A36322E000

mem[X,0x0000000080000988] -> 0x0F13
mem[X,0x000000008000098A] -> 0x2A2F
[611] [M]: 0x0000000080000988 (0x2A2F0F13) addi x30, x30, 0x2a2                     inst_50+20
x30 <- 0xFFE3E3A36322E2A2

clint mtime 0x0000000000000132 (mip.MTI <- 0b1, mip.STI <- 0b0)
mem[X,0x000000008000098C] -> 0x1F13
mem[X,0x000000008000098E] -> 0x00AF
[612] [M]: 0x000000008000098C (0x00AF1F13) slli x30, x30, 0xa                       inst_50+24
x30 <- 0x8F8E8D8C8B8A8800

mem[X,0x0000000080000990] -> 0x0F13
mem[X,0x0000000080000992] -> 0x188F
[613] [M]: 0x0000000080000990 (0x188F0F13) addi x30, x30, 0x188                     inst_50+28
x30 <- 0x8F8E8D8C8B8A8988

clint mtime 0x0000000000000133 (mip.MTI <- 0b1, mip.STI <- 0b0)
mem[X,0x0000000080000994] -> 0x1F93
mem[X,0x0000000080000996] -> 0x31AF
[614] [M]: 0x0000000080000994 (0x31AF1F93) aes64ks1i x31, x30, 0xa                  inst_50+32
x31 <- 0x73195D6473195D64

mem[X,0x0000000080000998] -> 0xB823
mem[X,0x000000008000099A] -> 0x0BF2
[615] [M]: 0x0000000080000998 (0x0BF2B823) sd x31, 0xb0(x5)                         inst_50+36
mem[W,0x00000000800032A8] <- 0x73195D6473195D64

clint mtime 0x0000000000000134 (mip.MTI <- 0b1, mip.STI <- 0b0)
mem[X,0x000000008000099C] -> 0x9F37
mem[X,0x000000008000099E] -> 0x8B8A
[616] [M]: 0x000000008000099C (0x8B8A9F37) lui x30, -0x74757                        inst_51+0
x30 <- 0xFFFFFFFF8B8A9000

mem[X,0x00000000800009A0] -> 0x0F13
mem[X,0x00000000800009A2] -> 0x988F
[617] [M]: 0x00000000800009A0 (0x988F0F13) addi x30, x30, -0x678                    inst_51+4
x30 <- 0xFFFFFFFF8B8A8988

clint mtime 0x0000000000000135 (mip.MTI <- 0b1, mip.STI <- 0b0)
mem[X,0x00000000800009A4] -> 0x1F13
mem[X,0x00000000800009A6] -> 0x00BF
[618] [M]: 0x00000000800009A4 (0x00BF1F13) slli x30, x30, 0xb                       inst_51+8
x30 <- 0xFFFFFC5C544C4000

mem[X,0x00000000800009A8] -> 0x0F13
mem[X,0x00000000800009AA] -> 0x43CF
[619] [M]: 0x00000000800009A8 (0x43CF0F13) addi x30, x30, 0x43c                     inst_51+12
x30 <- 0xFFFFFC5C544C443C

clint mtime 0x0000000000000136 (mip.MTI <- 0b1, mip.STI <- 0b0)
mem[X,0x00000000800009AC] -> 0x1F13
mem[X,0x00000000800009AE] -> 0x00BF
[620] [M]: 0x00000000800009AC (0x00BF1F13) slli x30, x30, 0xb                       inst_51+16
x30 <- 0xFFE2E2A26221E000

mem[X,0x00000000800009B0] -> 0x0F13
mem[X,0x00000000800009B2] -> 0x1A1F
[621] [M]: 0x00000000800009B0 (0x1A1F0F13) addi x30, x30, 0x1a1                     inst_51+20
x30 <- 0xFFE2E2A26221E1A1

clint mtime 0x0000000000000137 (mip.MTI <- 0b1, mip.STI <- 0b0)
mem[X,0x00000000800009B4] -> 0x1F13
mem[X,0x00000000800009B6] -> 0x00AF
[622] [M]: 0x00000000800009B4 (0x00AF1F13) slli x30, x30, 0xa                       inst_51+24
x30 <- 0x8B8A898887868400

mem[X,0x00000000800009B8] -> 0x0F13
mem[X,0x00000000800009BA] -> 0x184F
[623] [M]: 0x00000000800009B8 (0x184F0F13) addi x30, x30, 0x184                     inst_51+28
x30 <- 0x8B8A898887868584

clint mtime 0x0000000000000138 (mip.MTI <- 0b1, mip.STI <- 0b0)
mem[X,0x00000000800009BC] -> 0x1F93
mem[X,0x00000000800009BE] -> 0x31AF
[624] [M]: 0x00000000800009BC (0x31AF1F93) aes64ks1i x31, x30, 0xa                  inst_51+32
x31 <- 0x3D7EA7C43D7EA7C4

mem[X,0x00000000800009C0] -> 0xBC23
mem[X,0x00000000800009C2] -> 0x0BF2
[625] [M]: 0x00000000800009C0 (0x0BF2BC23) sd x31, 0xb8(x5)                         inst_51+36
mem[W,0x00000000800032B0] <- 0x3D7EA7C43D7EA7C4

clint mtime 0x0000000000000139 (mip.MTI <- 0b1, mip.STI <- 0b0)
mem[X,0x00000000800009C4] -> 0x8F37
mem[X,0x00000000800009C6] -> 0x8786
[626] [M]: 0x00000000800009C4 (0x87868F37) lui x30, -0x78798                        inst_52+0
x30 <- 0xFFFFFFFF87868000

mem[X,0x00000000800009C8] -> 0x0F13
mem[X,0x00000000800009CA] -> 0x584F
[627] [M]: 0x00000000800009C8 (0x584F0F13) addi x30, x30, 0x584                     inst_52+4
x30 <- 0xFFFFFFFF87868584

clint mtime 0x000000000000013A (mip.MTI <- 0b1, mip.STI <- 0b0)
mem[X,0x00000000800009CC] -> 0x1F13
mem[X,0x00000000800009CE] -> 0x00BF
[628] [M]: 0x00000000800009CC (0x00BF1F13) slli x30, x30, 0xb                       inst_52+8
x30 <- 0xFFFFFC3C342C2000

mem[X,0x00000000800009D0] -> 0x0F13
mem[X,0x00000000800009D2] -> 0x41CF
[629] [M]: 0x00000000800009D0 (0x41CF0F13) addi x30, x30, 0x41c                     inst_52+12
x30 <- 0xFFFFFC3C342C241C

clint mtime 0x000000000000013B (mip.MTI <- 0b1, mip.STI <- 0b0)
mem[X,0x00000000800009D4] -> 0x1F13
mem[X,0x00000000800009D6] -> 0x00BF
[630] [M]: 0x00000000800009D4 (0x00BF1F13) slli x30, x30, 0xb                       inst_52+16
x30 <- 0xFFE1E1A16120E000

mem[X,0x00000000800009D8] -> 0x0F13
mem[X,0x00000000800009DA] -> 0x0A0F
[631] [M]: 0x00000000800009D8 (0x0A0F0F13) addi x30, x30, 0xa0                      inst_52+20
x30 <- 0xFFE1E1A16120E0A0

clint mtime 0x000000000000013C (mip.MTI <- 0b1, mip.STI <- 0b0)
mem[X,0x00000000800009DC] -> 0x1F13
mem[X,0x00000000800009DE] -> 0x00AF
[632] [M]: 0x00000000800009DC (0x00AF1F13) slli x30, x30, 0xa                       inst_52+24
x30 <- 0x8786858483828000

mem[X,0x00000000800009E0] -> 0x0F13
mem[X,0x00000000800009E2] -> 0x180F
[633] [M]: 0x00000000800009E0 (0x180F0F13) addi x30, x30, 0x180                     inst_52+28
x30 <- 0x8786858483828180

clint mtime 0x000000000000013D (mip.MTI <- 0b1, mip.STI <- 0b0)
mem[X,0x00000000800009E4] -> 0x1F93
mem[X,0x00000000800009E6] -> 0x31AF
[634] [M]: 0x00000000800009E4 (0x31AF1F93) aes64ks1i x31, x30, 0xa                  inst_52+32
x31 <- 0x1744975F1744975F

mem[X,0x00000000800009E8] -> 0xB023
mem[X,0x00000000800009EA] -> 0x0DF2
[635] [M]: 0x00000000800009E8 (0x0DF2B023) sd x31, 0xc0(x5)                         inst_52+36
mem[W,0x00000000800032B8] <- 0x1744975F1744975F

clint mtime 0x000000000000013E (mip.MTI <- 0b1, mip.STI <- 0b0)
mem[X,0x00000000800009EC] -> 0x8F37
mem[X,0x00000000800009EE] -> 0x8382
[636] [M]: 0x00000000800009EC (0x83828F37) lui x30, -0x7c7d8                        inst_53+0
x30 <- 0xFFFFFFFF83828000

mem[X,0x00000000800009F0] -> 0x0F13
mem[X,0x00000000800009F2] -> 0x180F
[637] [M]: 0x00000000800009F0 (0x180F0F13) addi x30, x30, 0x180                     inst_53+4
x30 <- 0xFFFFFFFF83828180

clint mtime 0x000000000000013F (mip.MTI <- 0b1, mip.STI <- 0b0)
mem[X,0x00000000800009F4] -> 0x1F13
mem[X,0x00000000800009F6] -> 0x00BF
[638] [M]: 0x00000000800009F4 (0x00BF1F13) slli x30, x30, 0xb                       inst_53+8
x30 <- 0xFFFFFC1C140C0000

mem[X,0x00000000800009F8] -> 0x0F13
mem[X,0x00000000800009FA] -> 0x3FBF
[639] [M]: 0x00000000800009F8 (0x3FBF0F13) addi x30, x30, 0x3fb                     inst_53+12
x30 <- 0xFFFFFC1C140C03FB

clint mtime 0x0000000000000140 (mip.MTI <- 0b1, mip.STI <- 0b0)
mem[X,0x00000000800009FC] -> 0x1F13
mem[X,0x00000000800009FE] -> 0x00BF
[640] [M]: 0x00000000800009FC (0x00BF1F13) slli x30, x30, 0xb                       inst_53+16
x30 <- 0xFFE0E0A0601FD800

mem[X,0x0000000080000A00] -> 0x0F13
mem[X,0x0000000080000A02] -> 0x79FF
[641] [M]: 0x0000000080000A00 (0x79FF0F13) addi x30, x30, 0x79f                     inst_53+20
x30 <- 0xFFE0E0A0601FDF9F

clint mtime 0x0000000000000141 (mip.MTI <- 0b1, mip.STI <- 0b0)
mem[X,0x0000000080000A04] -> 0x1F13
mem[X,0x0000000080000A06] -> 0x00AF
[642] [M]: 0x0000000080000A04 (0x00AF1F13) slli x30, x30, 0xa                       inst_53+24
x30 <- 0x838281807F7E7C00

mem[X,0x0000000080000A08] -> 0x0F13
mem[X,0x0000000080000A0A] -> 0x17CF
[643] [M]: 0x0000000080000A08 (0x17CF0F13) addi x30, x30, 0x17c                     inst_53+28
x30 <- 0x838281807F7E7D7C

clint mtime 0x0000000000000142 (mip.MTI <- 0b1, mip.STI <- 0b0)
mem[X,0x0000000080000A0C] -> 0x1F93
mem[X,0x0000000080000A0E] -> 0x31AF
[644] [M]: 0x0000000080000A0C (0x31AF1F93) aes64ks1i x31, x30, 0xa                  inst_53+32
x31 <- 0xEC130CCDEC130CCD

mem[X,0x0000000080000A10] -> 0xB423
mem[X,0x0000000080000A12] -> 0x0DF2
[645] [M]: 0x0000000080000A10 (0x0DF2B423) sd x31, 0xc8(x5)                         inst_53+36
mem[W,0x00000000800032C0] <- 0xEC130CCDEC130CCD

clint mtime 0x0000000000000143 (mip.MTI <- 0b1, mip.STI <- 0b0)
mem[X,0x0000000080000A14] -> 0x8F37
mem[X,0x0000000080000A16] -> 0x7F7E
[646] [M]: 0x0000000080000A14 (0x7F7E8F37) lui x30, 0x7f7e8                         inst_54+0
x30 <- 0x000000007F7E8000

mem[X,0x0000000080000A18] -> 0x0F13
mem[X,0x0000000080000A1A] -> 0xD7CF
[647] [M]: 0x0000000080000A18 (0xD7CF0F13) addi x30, x30, -0x284                    inst_54+4
x30 <- 0x000000007F7E7D7C

clint mtime 0x0000000000000144 (mip.MTI <- 0b1, mip.STI <- 0b0)
mem[X,0x0000000080000A1C] -> 0x1F13
mem[X,0x0000000080000A1E] -> 0x00BF
[648] [M]: 0x0000000080000A1C (0x00BF1F13) slli x30, x30, 0xb                       inst_54+8
x30 <- 0x000003FBF3EBE000

mem[X,0x0000000080000A20] -> 0x0F13
mem[X,0x0000000080000A22] -> 0x3DBF
[649] [M]: 0x0000000080000A20 (0x3DBF0F13) addi x30, x30, 0x3db                     inst_54+12
x30 <- 0x000003FBF3EBE3DB

clint mtime 0x0000000000000145 (mip.MTI <- 0b1, mip.STI <- 0b0)
mem[X,0x0000000080000A24] -> 0x1F13
mem[X,0x0000000080000A26] -> 0x00BF
[650] [M]: 0x0000000080000A24 (0x00BF1F13) slli x30, x30, 0xb                       inst_54+16
x30 <- 0x001FDF9F5F1ED800

mem[X,0x0000000080000A28] -> 0x0F13
mem[X,0x0000000080000A2A] -> 0x69EF
[651] [M]: 0x0000000080000A28 (0x69EF0F13) addi x30, x30, 0x69e                     inst_54+20
x30 <- 0x001FDF9F5F1EDE9E

clint mtime 0x0000000000000146 (mip.MTI <- 0b1, mip.STI <- 0b0)
mem[X,0x0000000080000A2C] -> 0x1F13
mem[X,0x0000000080000A2E] -> 0x00AF
[652] [M]: 0x0000000080000A2C (0x00AF1F13) slli x30, x30, 0xa                       inst_54+24
x30 <- 0x7F7E7D7C7B7A7800

mem[X,0x0000000080000A30] -> 0x0F13
mem[X,0x0000000080000A32] -> 0x178F
[653] [M]: 0x0000000080000A30 (0x178F0F13) addi x30, x30, 0x178                     inst_54+28
x30 <- 0x7F7E7D7C7B7A7978

clint mtime 0x0000000000000147 (mip.MTI <- 0b1, mip.STI <- 0b0)
mem[X,0x0000000080000A34] -> 0x1F93
mem[X,0x0000000080000A36] -> 0x31AF
[654] [M]: 0x0000000080000A34 (0x31AF1F93) aes64ks1i x31, x30, 0xa                  inst_54+32
x31 <- 0xD2F3FF10D2F3FF10

mem[X,0x0000000080000A38] -> 0xB823
mem[X,0x0000000080000A3A] -> 0x0DF2
[655] [M]: 0x0000000080000A38 (0x0DF2B823) sd x31, 0xd0(x5)                         inst_54+36
mem[W,0x00000000800032C8] <- 0xD2F3FF10D2F3FF10

clint mtime 0x0000000000000148 (mip.MTI <- 0b1, mip.STI <- 0b0)
mem[X,0x0000000080000A3C] -> 0x8F37
mem[X,0x0000000080000A3E] -> 0x7B7A
[656] [M]: 0x0000000080000A3C (0x7B7A8F37) lui x30, 0x7b7a8                         inst_55+0
x30 <- 0x000000007B7A8000

mem[X,0x0000000080000A40] -> 0x0F13
mem[X,0x0000000080000A42] -> 0x978F
[657] [M]: 0x0000000080000A40 (0x978F0F13) addi x30, x30, -0x688                    inst_55+4
x30 <- 0x000000007B7A7978

clint mtime 0x0000000000000149 (mip.MTI <- 0b1, mip.STI <- 0b0)
mem[X,0x0000000080000A44] -> 0x1F13
mem[X,0x0000000080000A46] -> 0x00BF
[658] [M]: 0x0000000080000A44 (0x00BF1F13) slli x30, x30, 0xb                       inst_55+8
x30 <- 0x000003DBD3CBC000

mem[X,0x0000000080000A48] -> 0x0F13
mem[X,0x0000000080000A4A] -> 0x3BBF
[659] [M]: 0x0000000080000A48 (0x3BBF0F13) addi x30, x30, 0x3bb                     inst_55+12
x30 <- 0x000003DBD3CBC3BB

clint mtime 0x000000000000014A (mip.MTI <- 0b1, mip.STI <- 0b0)
mem[X,0x0000000080000A4C] -> 0x1F13
mem[X,0x0000000080000A4E] -> 0x00BF
[660] [M]: 0x0000000080000A4C (0x00BF1F13) slli x30, x30, 0xb                       inst_55+16
x30 <- 0x001EDE9E5E1DD800

mem[X,0x0000000080000A50] -> 0x0F13
mem[X,0x0000000080000A52] -> 0x59DF
[661] [M]: 0x0000000080000A50 (0x59DF0F13) addi x30, x30, 0x59d                     inst_55+20
x30 <- 0x001EDE9E5E1DDD9D

clint mtime 0x000000000000014B (mip.MTI <- 0b1, mip.STI <- 0b0)
mem[X,0x0000000080000A54] -> 0x1F13
mem[X,0x0000000080000A56] -> 0x00AF
[662] [M]: 0x0000000080000A54 (0x00AF1F13) slli x30, x30, 0xa                       inst_55+24
x30 <- 0x7B7A797877767400

mem[X,0x0000000080000A58] -> 0x0F13
mem[X,0x0000000080000A5A] -> 0x174F
[663] [M]: 0x0000000080000A58 (0x174F0F13) addi x30, x30, 0x174                     inst_55+28
x30 <- 0x7B7A797877767574

clint mtime 0x000000000000014C (mip.MTI <- 0b1, mip.STI <- 0b0)
mem[X,0x0000000080000A5C] -> 0x1F93
mem[X,0x0000000080000A5E] -> 0x31AF
[664] [M]: 0x0000000080000A5C (0x31AF1F93) aes64ks1i x31, x30, 0xa                  inst_55+32
x31 <- 0x21DAB6BC21DAB6BC

mem[X,0x0000000080000A60] -> 0xBC23
mem[X,0x0000000080000A62] -> 0x0DF2
[665] [M]: 0x0000000080000A60 (0x0DF2BC23) sd x31, 0xd8(x5)                         inst_55+36
mem[W,0x00000000800032D0] <- 0x21DAB6BC21DAB6BC

clint mtime 0x000000000000014D (mip.MTI <- 0b1, mip.STI <- 0b0)
mem[X,0x0000000080000A64] -> 0x7F37
mem[X,0x0000000080000A66] -> 0x7776
[666] [M]: 0x0000000080000A64 (0x77767F37) lui x30, 0x77767                         inst_56+0
x30 <- 0x0000000077767000

mem[X,0x0000000080000A68] -> 0x0F13
mem[X,0x0000000080000A6A] -> 0x574F
[667] [M]: 0x0000000080000A68 (0x574F0F13) addi x30, x30, 0x574                     inst_56+4
x30 <- 0x0000000077767574

clint mtime 0x000000000000014E (mip.MTI <- 0b1, mip.STI <- 0b0)
mem[X,0x0000000080000A6C] -> 0x1F13
mem[X,0x0000000080000A6E] -> 0x00BF
[668] [M]: 0x0000000080000A6C (0x00BF1F13) slli x30, x30, 0xb                       inst_56+8
x30 <- 0x000003BBB3ABA000

mem[X,0x0000000080000A70] -> 0x0F13
mem[X,0x0000000080000A72] -> 0x39BF
[669] [M]: 0x0000000080000A70 (0x39BF0F13) addi x30, x30, 0x39b                     inst_56+12
x30 <- 0x000003BBB3ABA39B

clint mtime 0x000000000000014F (mip.MTI <- 0b1, mip.STI <- 0b0)
mem[X,0x0000000080000A74] -> 0x1F13
mem[X,0x0000000080000A76] -> 0x00BF
[670] [M]: 0x0000000080000A74 (0x00BF1F13) slli x30, x30, 0xb                       inst_56+16
x30 <- 0x001DDD9D5D1CD800

mem[X,0x0000000080000A78] -> 0x0F13
mem[X,0x0000000080000A7A] -> 0x49CF
[671] [M]: 0x0000000080000A78 (0x49CF0F13) addi x30, x30, 0x49c                     inst_56+20
x30 <- 0x001DDD9D5D1CDC9C

clint mtime 0x0000000000000150 (mip.MTI <- 0b1, mip.STI <- 0b0)
mem[X,0x0000000080000A7C] -> 0x1F13
mem[X,0x0000000080000A7E] -> 0x00AF
[672] [M]: 0x0000000080000A7C (0x00AF1F13) slli x30, x30, 0xa                       inst_56+24
x30 <- 0x7776757473727000

mem[X,0x0000000080000A80] -> 0x0F13
mem[X,0x0000000080000A82] -> 0x170F
[673] [M]: 0x0000000080000A80 (0x170F0F13) addi x30, x30, 0x170                     inst_56+28
x30 <- 0x7776757473727170

clint mtime 0x0000000000000151 (mip.MTI <- 0b1, mip.STI <- 0b0)
mem[X,0x0000000080000A84] -> 0x1F93
mem[X,0x0000000080000A86] -> 0x31AF
[674] [M]: 0x0000000080000A84 (0x31AF1F93) aes64ks1i x31, x30, 0xa                  inst_56+32
x31 <- 0xF5389D92F5389D92

mem[X,0x0000000080000A88] -> 0xB023
mem[X,0x0000000080000A8A] -> 0x0FF2
[675] [M]: 0x0000000080000A88 (0x0FF2B023) sd x31, 0xe0(x5)                         inst_56+36
mem[W,0x00000000800032D8] <- 0xF5389D92F5389D92

clint mtime 0x0000000000000152 (mip.MTI <- 0b1, mip.STI <- 0b0)
mem[X,0x0000000080000A8C] -> 0x7F37
mem[X,0x0000000080000A8E] -> 0x7372
[676] [M]: 0x0000000080000A8C (0x73727F37) lui x30, 0x73727                         inst_57+0
x30 <- 0x0000000073727000

mem[X,0x0000000080000A90] -> 0x0F13
mem[X,0x0000000080000A92] -> 0x170F
[677] [M]: 0x0000000080000A90 (0x170F0F13) addi x30, x30, 0x170                     inst_57+4
x30 <- 0x0000000073727170

clint mtime 0x0000000000000153 (mip.MTI <- 0b1, mip.STI <- 0b0)
mem[X,0x0000000080000A94] -> 0x1F13
mem[X,0x0000000080000A96] -> 0x00BF
[678] [M]: 0x0000000080000A94 (0x00BF1F13) slli x30, x30, 0xb                       inst_57+8
x30 <- 0x0000039B938B8000

mem[X,0x0000000080000A98] -> 0x0F13
mem[X,0x0000000080000A9A] -> 0x37BF
[679] [M]: 0x0000000080000A98 (0x37BF0F13) addi x30, x30, 0x37b                     inst_57+12
x30 <- 0x0000039B938B837B

clint mtime 0x0000000000000154 (mip.MTI <- 0b1, mip.STI <- 0b0)
mem[X,0x0000000080000A9C] -> 0x1F13
mem[X,0x0000000080000A9E] -> 0x00BF
[680] [M]: 0x0000000080000A9C (0x00BF1F13) slli x30, x30, 0xb                       inst_57+16
x30 <- 0x001CDC9C5C1BD800

mem[X,0x0000000080000AA0] -> 0x0F13
mem[X,0x0000000080000AA2] -> 0x39BF
[681] [M]: 0x0000000080000AA0 (0x39BF0F13) addi x30, x30, 0x39b                     inst_57+20
x30 <- 0x001CDC9C5C1BDB9B

clint mtime 0x0000000000000155 (mip.MTI <- 0b1, mip.STI <- 0b0)
mem[X,0x0000000080000AA4] -> 0x1F13
mem[X,0x0000000080000AA6] -> 0x00AF
[682] [M]: 0x0000000080000AA4 (0x00AF1F13) slli x30, x30, 0xa                       inst_57+24
x30 <- 0x737271706F6E6C00

mem[X,0x0000000080000AA8] -> 0x0F13
mem[X,0x0000000080000AAA] -> 0x16CF
[683] [M]: 0x0000000080000AA8 (0x16CF0F13) addi x30, x30, 0x16c                     inst_57+28
x30 <- 0x737271706F6E6D6C

clint mtime 0x0000000000000156 (mip.MTI <- 0b1, mip.STI <- 0b0)
mem[X,0x0000000080000AAC] -> 0x1F93
mem[X,0x0000000080000AAE] -> 0x31AF
[684] [M]: 0x0000000080000AAC (0x31AF1F93) aes64ks1i x31, x30, 0xa                  inst_57+32
x31 <- 0x8F40A3518F40A351

mem[X,0x0000000080000AB0] -> 0xB423
mem[X,0x0000000080000AB2] -> 0x0FF2
[685] [M]: 0x0000000080000AB0 (0x0FF2B423) sd x31, 0xe8(x5)                         inst_57+36
mem[W,0x00000000800032E0] <- 0x8F40A3518F40A351

clint mtime 0x0000000000000157 (mip.MTI <- 0b1, mip.STI <- 0b0)
mem[X,0x0000000080000AB4] -> 0x7F37
mem[X,0x0000000080000AB6] -> 0x6F6E
[686] [M]: 0x0000000080000AB4 (0x6F6E7F37) lui x30, 0x6f6e7                         inst_58+0
x30 <- 0x000000006F6E7000

mem[X,0x0000000080000AB8] -> 0x0F13
mem[X,0x0000000080000ABA] -> 0xD6CF
[687] [M]: 0x0000000080000AB8 (0xD6CF0F13) addi x30, x30, -0x294                    inst_58+4
x30 <- 0x000000006F6E6D6C

clint mtime 0x0000000000000158 (mip.MTI <- 0b1, mip.STI <- 0b0)
mem[X,0x0000000080000ABC] -> 0x1F13
mem[X,0x0000000080000ABE] -> 0x00BF
[688] [M]: 0x0000000080000ABC (0x00BF1F13) slli x30, x30, 0xb                       inst_58+8
x30 <- 0x0000037B736B6000

mem[X,0x0000000080000AC0] -> 0x0F13
mem[X,0x0000000080000AC2] -> 0x35BF
[689] [M]: 0x0000000080000AC0 (0x35BF0F13) addi x30, x30, 0x35b                     inst_58+12
x30 <- 0x0000037B736B635B

clint mtime 0x0000000000000159 (mip.MTI <- 0b1, mip.STI <- 0b0)
mem[X,0x0000000080000AC4] -> 0x1F13
mem[X,0x0000000080000AC6] -> 0x00BF
[690] [M]: 0x0000000080000AC4 (0x00BF1F13) slli x30, x30, 0xb                       inst_58+16
x30 <- 0x001BDB9B5B1AD800

mem[X,0x0000000080000AC8] -> 0x0F13
mem[X,0x0000000080000ACA] -> 0x29AF
[691] [M]: 0x0000000080000AC8 (0x29AF0F13) addi x30, x30, 0x29a                     inst_58+20
x30 <- 0x001BDB9B5B1ADA9A

clint mtime 0x000000000000015A (mip.MTI <- 0b1, mip.STI <- 0b0)
mem[X,0x0000000080000ACC] -> 0x1F13
mem[X,0x0000000080000ACE] -> 0x00AF
[692] [M]: 0x0000000080000ACC (0x00AF1F13) slli x30, x30, 0xa                       inst_58+24
x30 <- 0x6F6E6D6C6B6A6800

mem[X,0x0000000080000AD0] -> 0x0F13
mem[X,0x0000000080000AD2] -> 0x168F
[693] [M]: 0x0000000080000AD0 (0x168F0F13) addi x30, x30, 0x168                     inst_58+28
x30 <- 0x6F6E6D6C6B6A6968

clint mtime 0x000000000000015B (mip.MTI <- 0b1, mip.STI <- 0b0)
mem[X,0x0000000080000AD4] -> 0x1F93
mem[X,0x0000000080000AD6] -> 0x31AF
[694] [M]: 0x0000000080000AD4 (0x31AF1F93) aes64ks1i x31, x30, 0xa                  inst_58+32
x31 <- 0xA89F3C50A89F3C50

mem[X,0x0000000080000AD8] -> 0xB823
mem[X,0x0000000080000ADA] -> 0x0FF2
[695] [M]: 0x0000000080000AD8 (0x0FF2B823) sd x31, 0xf0(x5)                         inst_58+36
mem[W,0x00000000800032E8] <- 0xA89F3C50A89F3C50

clint mtime 0x000000000000015C (mip.MTI <- 0b1, mip.STI <- 0b0)
mem[X,0x0000000080000ADC] -> 0x7F37
mem[X,0x0000000080000ADE] -> 0x6B6A
[696] [M]: 0x0000000080000ADC (0x6B6A7F37) lui x30, 0x6b6a7                         inst_59+0
x30 <- 0x000000006B6A7000

mem[X,0x0000000080000AE0] -> 0x0F13
mem[X,0x0000000080000AE2] -> 0x968F
[697] [M]: 0x0000000080000AE0 (0x968F0F13) addi x30, x30, -0x698                    inst_59+4
x30 <- 0x000000006B6A6968

clint mtime 0x000000000000015D (mip.MTI <- 0b1, mip.STI <- 0b0)
mem[X,0x0000000080000AE4] -> 0x1F13
mem[X,0x0000000080000AE6] -> 0x00BF
[698] [M]: 0x0000000080000AE4 (0x00BF1F13) slli x30, x30, 0xb                       inst_59+8
x30 <- 0x0000035B534B4000

mem[X,0x0000000080000AE8] -> 0x0F13
mem[X,0x0000000080000AEA] -> 0x33BF
[699] [M]: 0x0000000080000AE8 (0x33BF0F13) addi x30, x30, 0x33b                     inst_59+12
x30 <- 0x0000035B534B433B

clint mtime 0x000000000000015E (mip.MTI <- 0b1, mip.STI <- 0b0)
mem[X,0x0000000080000AEC] -> 0x1F13
mem[X,0x0000000080000AEE] -> 0x00BF
[700] [M]: 0x0000000080000AEC (0x00BF1F13) slli x30, x30, 0xb                       inst_59+16
x30 <- 0x001ADA9A5A19D800

mem[X,0x0000000080000AF0] -> 0x0F13
mem[X,0x0000000080000AF2] -> 0x199F
[701] [M]: 0x0000000080000AF0 (0x199F0F13) addi x30, x30, 0x199                     inst_59+20
x30 <- 0x001ADA9A5A19D999

clint mtime 0x000000000000015F (mip.MTI <- 0b1, mip.STI <- 0b0)
mem[X,0x0000000080000AF4] -> 0x1F13
mem[X,0x0000000080000AF6] -> 0x00AF
[702] [M]: 0x0000000080000AF4 (0x00AF1F13) slli x30, x30, 0xa                       inst_59+24
x30 <- 0x6B6A696867666400

mem[X,0x0000000080000AF8] -> 0x0F13
mem[X,0x0000000080000AFA] -> 0x164F
[703] [M]: 0x0000000080000AF8 (0x164F0F13) addi x30, x30, 0x164                     inst_59+28
x30 <- 0x6B6A696867666564

clint mtime 0x0000000000000160 (mip.MTI <- 0b1, mip.STI <- 0b0)
mem[X,0x0000000080000AFC] -> 0x1F93
mem[X,0x0000000080000AFE] -> 0x31AF
[704] [M]: 0x0000000080000AFC (0x31AF1F93) aes64ks1i x31, x30, 0xa                  inst_59+32
x31 <- 0x7F02F9457F02F945

mem[X,0x0000000080000B00] -> 0xBC23
mem[X,0x0000000080000B02] -> 0x0FF2
[705] [M]: 0x0000000080000B00 (0x0FF2BC23) sd x31, 0xf8(x5)                         inst_59+36
mem[W,0x00000000800032F0] <- 0x7F02F9457F02F945

clint mtime 0x0000000000000161 (mip.MTI <- 0b1, mip.STI <- 0b0)
mem[X,0x0000000080000B04] -> 0x6F37
mem[X,0x0000000080000B06] -> 0x6766
[706] [M]: 0x0000000080000B04 (0x67666F37) lui x30, 0x67666                         inst_60+0
x30 <- 0x0000000067666000

mem[X,0x0000000080000B08] -> 0x0F13
mem[X,0x0000000080000B0A] -> 0x564F
[707] [M]: 0x0000000080000B08 (0x564F0F13) addi x30, x30, 0x564                     inst_60+4
x30 <- 0x0000000067666564

clint mtime 0x0000000000000162 (mip.MTI <- 0b1, mip.STI <- 0b0)
mem[X,0x0000000080000B0C] -> 0x1F13
mem[X,0x0000000080000B0E] -> 0x00BF
[708] [M]: 0x0000000080000B0C (0x00BF1F13) slli x30, x30, 0xb                       inst_60+8
x30 <- 0x0000033B332B2000

mem[X,0x0000000080000B10] -> 0x0F13
mem[X,0x0000000080000B12] -> 0x31BF
[709] [M]: 0x0000000080000B10 (0x31BF0F13) addi x30, x30, 0x31b                     inst_60+12
x30 <- 0x0000033B332B231B

clint mtime 0x0000000000000163 (mip.MTI <- 0b1, mip.STI <- 0b0)
mem[X,0x0000000080000B14] -> 0x1F13
mem[X,0x0000000080000B16] -> 0x00BF
[710] [M]: 0x0000000080000B14 (0x00BF1F13) slli x30, x30, 0xb                       inst_60+16
x30 <- 0x0019D9995918D800

mem[X,0x0000000080000B18] -> 0x0F13
mem[X,0x0000000080000B1A] -> 0x098F
[711] [M]: 0x0000000080000B18 (0x098F0F13) addi x30, x30, 0x98                      inst_60+20
x30 <- 0x0019D9995918D898

clint mtime 0x0000000000000164 (mip.MTI <- 0b1, mip.STI <- 0b0)
mem[X,0x0000000080000B1C] -> 0x1F13
mem[X,0x0000000080000B1E] -> 0x00AF
[712] [M]: 0x0000000080000B1C (0x00AF1F13) slli x30, x30, 0xa                       inst_60+24
x30 <- 0x6766656463626000

mem[X,0x0000000080000B20] -> 0x0F13
mem[X,0x0000000080000B22] -> 0x160F
[713] [M]: 0x0000000080000B20 (0x160F0F13) addi x30, x30, 0x160                     inst_60+28
x30 <- 0x6766656463626160

clint mtime 0x0000000000000165 (mip.MTI <- 0b1, mip.STI <- 0b0)
mem[X,0x0000000080000B24] -> 0x1F93
mem[X,0x0000000080000B26] -> 0x31AF
[714] [M]: 0x0000000080000B24 (0x31AF1F93) aes64ks1i x31, x30, 0xa                  inst_60+32
x31 <- 0x85334D4385334D43

mem[X,0x0000000080000B28] -> 0xB023
mem[X,0x0000000080000B2A] -> 0x11F2
[715] [M]: 0x0000000080000B28 (0x11F2B023) sd x31, 0x100(x5)                        inst_60+36
mem[W,0x00000000800032F8] <- 0x85334D4385334D43

clint mtime 0x0000000000000166 (mip.MTI <- 0b1, mip.STI <- 0b0)
mem[X,0x0000000080000B2C] -> 0x6F37
mem[X,0x0000000080000B2E] -> 0x6362
[716] [M]: 0x0000000080000B2C (0x63626F37) lui x30, 0x63626                         inst_61+0
x30 <- 0x0000000063626000

mem[X,0x0000000080000B30] -> 0x0F13
mem[X,0x0000000080000B32] -> 0x160F
[717] [M]: 0x0000000080000B30 (0x160F0F13) addi x30, x30, 0x160                     inst_61+4
x30 <- 0x0000000063626160

clint mtime 0x0000000000000167 (mip.MTI <- 0b1, mip.STI <- 0b0)
mem[X,0x0000000080000B34] -> 0x1F13
mem[X,0x0000000080000B36] -> 0x00BF
[718] [M]: 0x0000000080000B34 (0x00BF1F13) slli x30, x30, 0xb                       inst_61+8
x30 <- 0x0000031B130B0000

mem[X,0x0000000080000B38] -> 0x0F13
mem[X,0x0000000080000B3A] -> 0x2FAF
[719] [M]: 0x0000000080000B38 (0x2FAF0F13) addi x30, x30, 0x2fa                     inst_61+12
x30 <- 0x0000031B130B02FA

clint mtime 0x0000000000000168 (mip.MTI <- 0b1, mip.STI <- 0b0)
mem[X,0x0000000080000B3C] -> 0x1F13
mem[X,0x0000000080000B3E] -> 0x00BF
[720] [M]: 0x0000000080000B3C (0x00BF1F13) slli x30, x30, 0xb                       inst_61+16
x30 <- 0x0018D8985817D000

mem[X,0x0000000080000B40] -> 0x0F13
mem[X,0x0000000080000B42] -> 0x797F
[721] [M]: 0x0000000080000B40 (0x797F0F13) addi x30, x30, 0x797                     inst_61+20
x30 <- 0x0018D8985817D797

clint mtime 0x0000000000000169 (mip.MTI <- 0b1, mip.STI <- 0b0)
mem[X,0x0000000080000B44] -> 0x1F13
mem[X,0x0000000080000B46] -> 0x00AF
[722] [M]: 0x0000000080000B44 (0x00AF1F13) slli x30, x30, 0xa                       inst_61+24
x30 <- 0x636261605F5E5C00

mem[X,0x0000000080000B48] -> 0x0F13
mem[X,0x0000000080000B4A] -> 0x15CF
[723] [M]: 0x0000000080000B48 (0x15CF0F13) addi x30, x30, 0x15c                     inst_61+28
x30 <- 0x636261605F5E5D5C

clint mtime 0x000000000000016A (mip.MTI <- 0b1, mip.STI <- 0b0)
mem[X,0x0000000080000B4C] -> 0x1F93
mem[X,0x0000000080000B4E] -> 0x31AF
[724] [M]: 0x0000000080000B4C (0x31AF1F93) aes64ks1i x31, x30, 0xa                  inst_61+32
x31 <- 0xFBAAEFD0FBAAEFD0

mem[X,0x0000000080000B50] -> 0xB423
mem[X,0x0000000080000B52] -> 0x11F2
[725] [M]: 0x0000000080000B50 (0x11F2B423) sd x31, 0x108(x5)                        inst_61+36
mem[W,0x0000000080003300] <- 0xFBAAEFD0FBAAEFD0

clint mtime 0x000000000000016B (mip.MTI <- 0b1, mip.STI <- 0b0)
mem[X,0x0000000080000B54] -> 0x6F37
mem[X,0x0000000080000B56] -> 0x5F5E
[726] [M]: 0x0000000080000B54 (0x5F5E6F37) lui x30, 0x5f5e6                         inst_62+0
x30 <- 0x000000005F5E6000

mem[X,0x0000000080000B58] -> 0x0F13
mem[X,0x0000000080000B5A] -> 0xD5CF
[727] [M]: 0x0000000080000B58 (0xD5CF0F13) addi x30, x30, -0x2a4                    inst_62+4
x30 <- 0x000000005F5E5D5C

clint mtime 0x000000000000016C (mip.MTI <- 0b1, mip.STI <- 0b0)
mem[X,0x0000000080000B5C] -> 0x1F13
mem[X,0x0000000080000B5E] -> 0x00BF
[728] [M]: 0x0000000080000B5C (0x00BF1F13) slli x30, x30, 0xb                       inst_62+8
x30 <- 0x000002FAF2EAE000

mem[X,0x0000000080000B60] -> 0x0F13
mem[X,0x0000000080000B62] -> 0x2DAF
[729] [M]: 0x0000000080000B60 (0x2DAF0F13) addi x30, x30, 0x2da                     inst_62+12
x30 <- 0x000002FAF2EAE2DA

clint mtime 0x000000000000016D (mip.MTI <- 0b1, mip.STI <- 0b0)
mem[X,0x0000000080000B64] -> 0x1F13
mem[X,0x0000000080000B66] -> 0x00BF
[730] [M]: 0x0000000080000B64 (0x00BF1F13) slli x30, x30, 0xb                       inst_62+16
x30 <- 0x0017D7975716D000

mem[X,0x0000000080000B68] -> 0x0F13
mem[X,0x0000000080000B6A] -> 0x696F
[731] [M]: 0x0000000080000B68 (0x696F0F13) addi x30, x30, 0x696                     inst_62+20
x30 <- 0x0017D7975716D696

clint mtime 0x000000000000016E (mip.MTI <- 0b1, mip.STI <- 0b0)
mem[X,0x0000000080000B6C] -> 0x1F13
mem[X,0x0000000080000B6E] -> 0x00AF
[732] [M]: 0x0000000080000B6C (0x00AF1F13) slli x30, x30, 0xa                       inst_62+24
x30 <- 0x5F5E5D5C5B5A5800

mem[X,0x0000000080000B70] -> 0x0F13
mem[X,0x0000000080000B72] -> 0x158F
[733] [M]: 0x0000000080000B70 (0x158F0F13) addi x30, x30, 0x158                     inst_62+28
x30 <- 0x5F5E5D5C5B5A5958

clint mtime 0x000000000000016F (mip.MTI <- 0b1, mip.STI <- 0b0)
mem[X,0x0000000080000B74] -> 0x1F93
mem[X,0x0000000080000B76] -> 0x31AF
[734] [M]: 0x0000000080000B74 (0x31AF1F93) aes64ks1i x31, x30, 0xa                  inst_62+32
x31 <- 0xCF584C4ACF584C4A

mem[X,0x0000000080000B78] -> 0xB823
mem[X,0x0000000080000B7A] -> 0x11F2
[735] [M]: 0x0000000080000B78 (0x11F2B823) sd x31, 0x110(x5)                        inst_62+36
mem[W,0x0000000080003308] <- 0xCF584C4ACF584C4A

clint mtime 0x0000000000000170 (mip.MTI <- 0b1, mip.STI <- 0b0)
mem[X,0x0000000080000B7C] -> 0x6F37
mem[X,0x0000000080000B7E] -> 0x5B5A
[736] [M]: 0x0000000080000B7C (0x5B5A6F37) lui x30, 0x5b5a6                         inst_63+0
x30 <- 0x000000005B5A6000

mem[X,0x0000000080000B80] -> 0x0F13
mem[X,0x0000000080000B82] -> 0x958F
[737] [M]: 0x0000000080000B80 (0x958F0F13) addi x30, x30, -0x6a8                    inst_63+4
x30 <- 0x000000005B5A5958

clint mtime 0x0000000000000171 (mip.MTI <- 0b1, mip.STI <- 0b0)
mem[X,0x0000000080000B84] -> 0x1F13
mem[X,0x0000000080000B86] -> 0x00BF
[738] [M]: 0x0000000080000B84 (0x00BF1F13) slli x30, x30, 0xb                       inst_63+8
x30 <- 0x000002DAD2CAC000

mem[X,0x0000000080000B88] -> 0x0F13
mem[X,0x0000000080000B8A] -> 0x2BAF
[739] [M]: 0x0000000080000B88 (0x2BAF0F13) addi x30, x30, 0x2ba                     inst_63+12
x30 <- 0x000002DAD2CAC2BA

clint mtime 0x0000000000000172 (mip.MTI <- 0b1, mip.STI <- 0b0)
mem[X,0x0000000080000B8C] -> 0x1F13
mem[X,0x0000000080000B8E] -> 0x00BF
[740] [M]: 0x0000000080000B8C (0x00BF1F13) slli x30, x30, 0xb                       inst_63+16
x30 <- 0x0016D6965615D000

mem[X,0x0000000080000B90] -> 0x0F13
mem[X,0x0000000080000B92] -> 0x595F
[741] [M]: 0x0000000080000B90 (0x595F0F13) addi x30, x30, 0x595                     inst_63+20
x30 <- 0x0016D6965615D595

clint mtime 0x0000000000000173 (mip.MTI <- 0b1, mip.STI <- 0b0)
mem[X,0x0000000080000B94] -> 0x1F13
mem[X,0x0000000080000B96] -> 0x00AF
[742] [M]: 0x0000000080000B94 (0x00AF1F13) slli x30, x30, 0xa                       inst_63+24
x30 <- 0x5B5A595857565400

mem[X,0x0000000080000B98] -> 0x0F13
mem[X,0x0000000080000B9A] -> 0x154F
[743] [M]: 0x0000000080000B98 (0x154F0F13) addi x30, x30, 0x154                     inst_63+28
x30 <- 0x5B5A595857565554

clint mtime 0x0000000000000174 (mip.MTI <- 0b1, mip.STI <- 0b0)
mem[X,0x0000000080000B9C] -> 0x1F93
mem[X,0x0000000080000B9E] -> 0x31AF
[744] [M]: 0x0000000080000B9C (0x31AF1F93) aes64ks1i x31, x30, 0xa                  inst_63+32
x31 <- 0x39BECB6A39BECB6A

mem[X,0x0000000080000BA0] -> 0xBC23
mem[X,0x0000000080000BA2] -> 0x11F2
[745] [M]: 0x0000000080000BA0 (0x11F2BC23) sd x31, 0x118(x5)                        inst_63+36
mem[W,0x0000000080003310] <- 0x39BECB6A39BECB6A

clint mtime 0x0000000000000175 (mip.MTI <- 0b1, mip.STI <- 0b0)
mem[X,0x0000000080000BA4] -> 0x5F37
mem[X,0x0000000080000BA6] -> 0x5756
[746] [M]: 0x0000000080000BA4 (0x57565F37) lui x30, 0x57565                         inst_64+0
x30 <- 0x0000000057565000

mem[X,0x0000000080000BA8] -> 0x0F13
mem[X,0x0000000080000BAA] -> 0x554F
[747] [M]: 0x0000000080000BA8 (0x554F0F13) addi x30, x30, 0x554                     inst_64+4
x30 <- 0x0000000057565554

clint mtime 0x0000000000000176 (mip.MTI <- 0b1, mip.STI <- 0b0)
mem[X,0x0000000080000BAC] -> 0x1F13
mem[X,0x0000000080000BAE] -> 0x00BF
[748] [M]: 0x0000000080000BAC (0x00BF1F13) slli x30, x30, 0xb                       inst_64+8
x30 <- 0x000002BAB2AAA000

mem[X,0x0000000080000BB0] -> 0x0F13
mem[X,0x0000000080000BB2] -> 0x29AF
[749] [M]: 0x0000000080000BB0 (0x29AF0F13) addi x30, x30, 0x29a                     inst_64+12
x30 <- 0x000002BAB2AAA29A

clint mtime 0x0000000000000177 (mip.MTI <- 0b1, mip.STI <- 0b0)
mem[X,0x0000000080000BB4] -> 0x1F13
mem[X,0x0000000080000BB6] -> 0x00BF
[750] [M]: 0x0000000080000BB4 (0x00BF1F13) slli x30, x30, 0xb                       inst_64+16
x30 <- 0x0015D5955514D000

mem[X,0x0000000080000BB8] -> 0x0F13
mem[X,0x0000000080000BBA] -> 0x494F
[751] [M]: 0x0000000080000BB8 (0x494F0F13) addi x30, x30, 0x494                     inst_64+20
x30 <- 0x0015D5955514D494

clint mtime 0x0000000000000178 (mip.MTI <- 0b1, mip.STI <- 0b0)
mem[X,0x0000000080000BBC] -> 0x1F13
mem[X,0x0000000080000BBE] -> 0x00AF
[752] [M]: 0x0000000080000BBC (0x00AF1F13) slli x30, x30, 0xa                       inst_64+24
x30 <- 0x5756555453525000

mem[X,0x0000000080000BC0] -> 0x0F13
mem[X,0x0000000080000BC2] -> 0x150F
[753] [M]: 0x0000000080000BC0 (0x150F0F13) addi x30, x30, 0x150                     inst_64+28
x30 <- 0x5756555453525150

clint mtime 0x0000000000000179 (mip.MTI <- 0b1, mip.STI <- 0b0)
mem[X,0x0000000080000BC4] -> 0x1F93
mem[X,0x0000000080000BC6] -> 0x31AF
[754] [M]: 0x0000000080000BC4 (0x31AF1F93) aes64ks1i x31, x30, 0xa                  inst_64+32
x31 <- 0x5BB1FC205BB1FC20

mem[X,0x0000000080000BC8] -> 0xB023
mem[X,0x0000000080000BCA] -> 0x13F2
[755] [M]: 0x0000000080000BC8 (0x13F2B023) sd x31, 0x120(x5)                        inst_64+36
mem[W,0x0000000080003318] <- 0x5BB1FC205BB1FC20

clint mtime 0x000000000000017A (mip.MTI <- 0b1, mip.STI <- 0b0)
mem[X,0x0000000080000BCC] -> 0x5F37
mem[X,0x0000000080000BCE] -> 0x5352
[756] [M]: 0x0000000080000BCC (0x53525F37) lui x30, 0x53525                         inst_65+0
x30 <- 0x0000000053525000

mem[X,0x0000000080000BD0] -> 0x0F13
mem[X,0x0000000080000BD2] -> 0x150F
[757] [M]: 0x0000000080000BD0 (0x150F0F13) addi x30, x30, 0x150                     inst_65+4
x30 <- 0x0000000053525150

clint mtime 0x000000000000017B (mip.MTI <- 0b1, mip.STI <- 0b0)
mem[X,0x0000000080000BD4] -> 0x1F13
mem[X,0x0000000080000BD6] -> 0x00BF
[758] [M]: 0x0000000080000BD4 (0x00BF1F13) slli x30, x30, 0xb                       inst_65+8
x30 <- 0x0000029A928A8000

mem[X,0x0000000080000BD8] -> 0x0F13
mem[X,0x0000000080000BDA] -> 0x27AF
[759] [M]: 0x0000000080000BD8 (0x27AF0F13) addi x30, x30, 0x27a                     inst_65+12
x30 <- 0x0000029A928A827A

clint mtime 0x000000000000017C (mip.MTI <- 0b1, mip.STI <- 0b0)
mem[X,0x0000000080000BDC] -> 0x1F13
mem[X,0x0000000080000BDE] -> 0x00BF
[760] [M]: 0x0000000080000BDC (0x00BF1F13) slli x30, x30, 0xb                       inst_65+16
x30 <- 0x0014D4945413D000

mem[X,0x0000000080000BE0] -> 0x0F13
mem[X,0x0000000080000BE2] -> 0x393F
[761] [M]: 0x0000000080000BE0 (0x393F0F13) addi x30, x30, 0x393                     inst_65+20
x30 <- 0x0014D4945413D393

clint mtime 0x000000000000017D (mip.MTI <- 0b1, mip.STI <- 0b0)
mem[X,0x0000000080000BE4] -> 0x1F13
mem[X,0x0000000080000BE6] -> 0x00AF
[762] [M]: 0x0000000080000BE4 (0x00AF1F13) slli x30, x30, 0xa                       inst_65+24
x30 <- 0x535251504F4E4C00

mem[X,0x0000000080000BE8] -> 0x0F13
mem[X,0x0000000080000BEA] -> 0x14CF
[763] [M]: 0x0000000080000BE8 (0x14CF0F13) addi x30, x30, 0x14c                     inst_65+28
x30 <- 0x535251504F4E4D4C

clint mtime 0x000000000000017E (mip.MTI <- 0b1, mip.STI <- 0b0)
mem[X,0x0000000080000BEC] -> 0x1F93
mem[X,0x0000000080000BEE] -> 0x31AF
[764] [M]: 0x0000000080000BEC (0x31AF1F93) aes64ks1i x31, x30, 0xa                  inst_65+32
x31 <- 0xED00D153ED00D153

mem[X,0x0000000080000BF0] -> 0xB423
mem[X,0x0000000080000BF2] -> 0x13F2
[765] [M]: 0x0000000080000BF0 (0x13F2B423) sd x31, 0x128(x5)                        inst_65+36
mem[W,0x0000000080003320] <- 0xED00D153ED00D153

clint mtime 0x000000000000017F (mip.MTI <- 0b1, mip.STI <- 0b0)
mem[X,0x0000000080000BF4] -> 0x5F37
mem[X,0x0000000080000BF6] -> 0x4F4E
[766] [M]: 0x0000000080000BF4 (0x4F4E5F37) lui x30, 0x4f4e5                         inst_66+0
x30 <- 0x000000004F4E5000

mem[X,0x0000000080000BF8] -> 0x0F13
mem[X,0x0000000080000BFA] -> 0xD4CF
[767] [M]: 0x0000000080000BF8 (0xD4CF0F13) addi x30, x30, -0x2b4                    inst_66+4
x30 <- 0x000000004F4E4D4C

clint mtime 0x0000000000000180 (mip.MTI <- 0b1, mip.STI <- 0b0)
mem[X,0x0000000080000BFC] -> 0x1F13
mem[X,0x0000000080000BFE] -> 0x00BF
[768] [M]: 0x0000000080000BFC (0x00BF1F13) slli x30, x30, 0xb                       inst_66+8
x30 <- 0x0000027A726A6000

mem[X,0x0000000080000C00] -> 0x0F13
mem[X,0x0000000080000C02] -> 0x25AF
[769] [M]: 0x0000000080000C00 (0x25AF0F13) addi x30, x30, 0x25a                     inst_66+12
x30 <- 0x0000027A726A625A

clint mtime 0x0000000000000181 (mip.MTI <- 0b1, mip.STI <- 0b0)
mem[X,0x0000000080000C04] -> 0x1F13
mem[X,0x0000000080000C06] -> 0x00BF
[770] [M]: 0x0000000080000C04 (0x00BF1F13) slli x30, x30, 0xb                       inst_66+16
x30 <- 0x0013D3935312D000

mem[X,0x0000000080000C08] -> 0x0F13
mem[X,0x0000000080000C0A] -> 0x292F
[771] [M]: 0x0000000080000C08 (0x292F0F13) addi x30, x30, 0x292                     inst_66+20
x30 <- 0x0013D3935312D292

clint mtime 0x0000000000000182 (mip.MTI <- 0b1, mip.STI <- 0b0)
mem[X,0x0000000080000C0C] -> 0x1F13
mem[X,0x0000000080000C0E] -> 0x00AF
[772] [M]: 0x0000000080000C0C (0x00AF1F13) slli x30, x30, 0xa                       inst_66+24
x30 <- 0x4F4E4D4C4B4A4800

mem[X,0x0000000080000C10] -> 0x0F13
mem[X,0x0000000080000C12] -> 0x148F
[773] [M]: 0x0000000080000C10 (0x148F0F13) addi x30, x30, 0x148                     inst_66+28
x30 <- 0x4F4E4D4C4B4A4948

clint mtime 0x0000000000000183 (mip.MTI <- 0b1, mip.STI <- 0b0)
mem[X,0x0000000080000C14] -> 0x1F93
mem[X,0x0000000080000C16] -> 0x31AF
[774] [M]: 0x0000000080000C14 (0x31AF1F93) aes64ks1i x31, x30, 0xa                  inst_66+32
x31 <- 0x842FE329842FE329

mem[X,0x0000000080000C18] -> 0xB823
mem[X,0x0000000080000C1A] -> 0x13F2
[775] [M]: 0x0000000080000C18 (0x13F2B823) sd x31, 0x130(x5)                        inst_66+36
mem[W,0x0000000080003328] <- 0x842FE329842FE329

clint mtime 0x0000000000000184 (mip.MTI <- 0b1, mip.STI <- 0b0)
mem[X,0x0000000080000C1C] -> 0x5F37
mem[X,0x0000000080000C1E] -> 0x4B4A
[776] [M]: 0x0000000080000C1C (0x4B4A5F37) lui x30, 0x4b4a5                         inst_67+0
x30 <- 0x000000004B4A5000

mem[X,0x0000000080000C20] -> 0x0F13
mem[X,0x0000000080000C22] -> 0x948F
[777] [M]: 0x0000000080000C20 (0x948F0F13) addi x30, x30, -0x6b8                    inst_67+4
x30 <- 0x000000004B4A4948

clint mtime 0x0000000000000185 (mip.MTI <- 0b1, mip.STI <- 0b0)
mem[X,0x0000000080000C24] -> 0x1F13
mem[X,0x0000000080000C26] -> 0x00BF
[778] [M]: 0x0000000080000C24 (0x00BF1F13) slli x30, x30, 0xb                       inst_67+8
x30 <- 0x0000025A524A4000

mem[X,0x0000000080000C28] -> 0x0F13
mem[X,0x0000000080000C2A] -> 0x23AF
[779] [M]: 0x0000000080000C28 (0x23AF0F13) addi x30, x30, 0x23a                     inst_67+12
x30 <- 0x0000025A524A423A

clint mtime 0x0000000000000186 (mip.MTI <- 0b1, mip.STI <- 0b0)
mem[X,0x0000000080000C2C] -> 0x1F13
mem[X,0x0000000080000C2E] -> 0x00BF
[780] [M]: 0x0000000080000C2C (0x00BF1F13) slli x30, x30, 0xb                       inst_67+16
x30 <- 0x0012D2925211D000

mem[X,0x0000000080000C30] -> 0x0F13
mem[X,0x0000000080000C32] -> 0x191F
[781] [M]: 0x0000000080000C30 (0x191F0F13) addi x30, x30, 0x191                     inst_67+20
x30 <- 0x0012D2925211D191

clint mtime 0x0000000000000187 (mip.MTI <- 0b1, mip.STI <- 0b0)
mem[X,0x0000000080000C34] -> 0x1F13
mem[X,0x0000000080000C36] -> 0x00AF
[782] [M]: 0x0000000080000C34 (0x00AF1F13) slli x30, x30, 0xa                       inst_67+24
x30 <- 0x4B4A494847464400

mem[X,0x0000000080000C38] -> 0x0F13
mem[X,0x0000000080000C3A] -> 0x144F
[783] [M]: 0x0000000080000C38 (0x144F0F13) addi x30, x30, 0x144                     inst_67+28
x30 <- 0x4B4A494847464544

clint mtime 0x0000000000000188 (mip.MTI <- 0b1, mip.STI <- 0b0)
mem[X,0x0000000080000C3C] -> 0x1F93
mem[X,0x0000000080000C3E] -> 0x31AF
[784] [M]: 0x0000000080000C3C (0x31AF1F93) aes64ks1i x31, x30, 0xa                  inst_67+32
x31 <- 0xB3D63B52B3D63B52

mem[X,0x0000000080000C40] -> 0xBC23
mem[X,0x0000000080000C42] -> 0x13F2
[785] [M]: 0x0000000080000C40 (0x13F2BC23) sd x31, 0x138(x5)                        inst_67+36
mem[W,0x0000000080003330] <- 0xB3D63B52B3D63B52

clint mtime 0x0000000000000189 (mip.MTI <- 0b1, mip.STI <- 0b0)
mem[X,0x0000000080000C44] -> 0x4F37
mem[X,0x0000000080000C46] -> 0x4746
[786] [M]: 0x0000000080000C44 (0x47464F37) lui x30, 0x47464                         inst_68+0
x30 <- 0x0000000047464000

mem[X,0x0000000080000C48] -> 0x0F13
mem[X,0x0000000080000C4A] -> 0x544F
[787] [M]: 0x0000000080000C48 (0x544F0F13) addi x30, x30, 0x544                     inst_68+4
x30 <- 0x0000000047464544

clint mtime 0x000000000000018A (mip.MTI <- 0b1, mip.STI <- 0b0)
mem[X,0x0000000080000C4C] -> 0x1F13
mem[X,0x0000000080000C4E] -> 0x00BF
[788] [M]: 0x0000000080000C4C (0x00BF1F13) slli x30, x30, 0xb                       inst_68+8
x30 <- 0x0000023A322A2000

mem[X,0x0000000080000C50] -> 0x0F13
mem[X,0x0000000080000C52] -> 0x21AF
[789] [M]: 0x0000000080000C50 (0x21AF0F13) addi x30, x30, 0x21a                     inst_68+12
x30 <- 0x0000023A322A221A

clint mtime 0x000000000000018B (mip.MTI <- 0b1, mip.STI <- 0b0)
mem[X,0x0000000080000C54] -> 0x1F13
mem[X,0x0000000080000C56] -> 0x00BF
[790] [M]: 0x0000000080000C54 (0x00BF1F13) slli x30, x30, 0xb                       inst_68+16
x30 <- 0x0011D1915110D000

mem[X,0x0000000080000C58] -> 0x0F13
mem[X,0x0000000080000C5A] -> 0x090F
[791] [M]: 0x0000000080000C58 (0x090F0F13) addi x30, x30, 0x90                      inst_68+20
x30 <- 0x0011D1915110D090

clint mtime 0x000000000000018C (mip.MTI <- 0b1, mip.STI <- 0b0)
mem[X,0x0000000080000C5C] -> 0x1F13
mem[X,0x0000000080000C5E] -> 0x00AF
[792] [M]: 0x0000000080000C5C (0x00AF1F13) slli x30, x30, 0xa                       inst_68+24
x30 <- 0x4746454443424000

mem[X,0x0000000080000C60] -> 0x0F13
mem[X,0x0000000080000C62] -> 0x140F
[793] [M]: 0x0000000080000C60 (0x140F0F13) addi x30, x30, 0x140                     inst_68+28
x30 <- 0x4746454443424140

clint mtime 0x000000000000018D (mip.MTI <- 0b1, mip.STI <- 0b0)
mem[X,0x0000000080000C64] -> 0x1F93
mem[X,0x0000000080000C66] -> 0x31AF
[794] [M]: 0x0000000080000C64 (0x31AF1F93) aes64ks1i x31, x30, 0xa                  inst_68+32
x31 <- 0xA05A6E1BA05A6E1B

mem[X,0x0000000080000C68] -> 0xB023
mem[X,0x0000000080000C6A] -> 0x15F2
[795] [M]: 0x0000000080000C68 (0x15F2B023) sd x31, 0x140(x5)                        inst_68+36
mem[W,0x0000000080003338] <- 0xA05A6E1BA05A6E1B

clint mtime 0x000000000000018E (mip.MTI <- 0b1, mip.STI <- 0b0)
mem[X,0x0000000080000C6C] -> 0x4F37
mem[X,0x0000000080000C6E] -> 0x4342
[796] [M]: 0x0000000080000C6C (0x43424F37) lui x30, 0x43424                         inst_69+0
x30 <- 0x0000000043424000

mem[X,0x0000000080000C70] -> 0x0F13
mem[X,0x0000000080000C72] -> 0x140F
[797] [M]: 0x0000000080000C70 (0x140F0F13) addi x30, x30, 0x140                     inst_69+4
x30 <- 0x0000000043424140

clint mtime 0x000000000000018F (mip.MTI <- 0b1, mip.STI <- 0b0)
mem[X,0x0000000080000C74] -> 0x1F13
mem[X,0x0000000080000C76] -> 0x00BF
[798] [M]: 0x0000000080000C74 (0x00BF1F13) slli x30, x30, 0xb                       inst_69+8
x30 <- 0x0000021A120A0000

mem[X,0x0000000080000C78] -> 0x0F13
mem[X,0x0000000080000C7A] -> 0x1F9F
[799] [M]: 0x0000000080000C78 (0x1F9F0F13) addi x30, x30, 0x1f9                     inst_69+12
x30 <- 0x0000021A120A01F9

clint mtime 0x0000000000000190 (mip.MTI <- 0b1, mip.STI <- 0b0)
mem[X,0x0000000080000C7C] -> 0x1F13
mem[X,0x0000000080000C7E] -> 0x00BF
[800] [M]: 0x0000000080000C7C (0x00BF1F13) slli x30, x30, 0xb                       inst_69+16
x30 <- 0x0010D090500FC800

mem[X,0x0000000080000C80] -> 0x0F13
mem[X,0x0000000080000C82] -> 0x78FF
[801] [M]: 0x0000000080000C80 (0x78FF0F13) addi x30, x30, 0x78f                     inst_69+20
x30 <- 0x0010D090500FCF8F

clint mtime 0x0000000000000191 (mip.MTI <- 0b1, mip.STI <- 0b0)
mem[X,0x0000000080000C84] -> 0x1F13
mem[X,0x0000000080000C86] -> 0x00AF
[802] [M]: 0x0000000080000C84 (0x00AF1F13) slli x30, x30, 0xa                       inst_69+24
x30 <- 0x434241403F3E3C00

mem[X,0x0000000080000C88] -> 0x0F13
mem[X,0x0000000080000C8A] -> 0x13CF
[803] [M]: 0x0000000080000C88 (0x13CF0F13) addi x30, x30, 0x13c                     inst_69+28
x30 <- 0x434241403F3E3D3C

clint mtime 0x0000000000000192 (mip.MTI <- 0b1, mip.STI <- 0b0)
mem[X,0x0000000080000C8C] -> 0x1F93
mem[X,0x0000000080000C8E] -> 0x31AF
[804] [M]: 0x0000000080000C8C (0x31AF1F93) aes64ks1i x31, x30, 0xa                  inst_69+32
x31 <- 0x1A2C83091A2C8309

mem[X,0x0000000080000C90] -> 0xB423
mem[X,0x0000000080000C92] -> 0x15F2
[805] [M]: 0x0000000080000C90 (0x15F2B423) sd x31, 0x148(x5)                        inst_69+36
mem[W,0x0000000080003340] <- 0x1A2C83091A2C8309

clint mtime 0x0000000000000193 (mip.MTI <- 0b1, mip.STI <- 0b0)
mem[X,0x0000000080000C94] -> 0x4F37
mem[X,0x0000000080000C96] -> 0x3F3E
[806] [M]: 0x0000000080000C94 (0x3F3E4F37) lui x30, 0x3f3e4                         inst_70+0
x30 <- 0x000000003F3E4000

mem[X,0x0000000080000C98] -> 0x0F13
mem[X,0x0000000080000C9A] -> 0xD3CF
[807] [M]: 0x0000000080000C98 (0xD3CF0F13) addi x30, x30, -0x2c4                    inst_70+4
x30 <- 0x000000003F3E3D3C

clint mtime 0x0000000000000194 (mip.MTI <- 0b1, mip.STI <- 0b0)
mem[X,0x0000000080000C9C] -> 0x1F13
mem[X,0x0000000080000C9E] -> 0x00BF
[808] [M]: 0x0000000080000C9C (0x00BF1F13) slli x30, x30, 0xb                       inst_70+8
x30 <- 0x000001F9F1E9E000

mem[X,0x0000000080000CA0] -> 0x0F13
mem[X,0x0000000080000CA2] -> 0x1D9F
[809] [M]: 0x0000000080000CA0 (0x1D9F0F13) addi x30, x30, 0x1d9                     inst_70+12
x30 <- 0x000001F9F1E9E1D9

clint mtime 0x0000000000000195 (mip.MTI <- 0b1, mip.STI <- 0b0)
mem[X,0x0000000080000CA4] -> 0x1F13
mem[X,0x0000000080000CA6] -> 0x00BF
[810] [M]: 0x0000000080000CA4 (0x00BF1F13) slli x30, x30, 0xb                       inst_70+16
x30 <- 0x000FCF8F4F0EC800

mem[X,0x0000000080000CA8] -> 0x0F13
mem[X,0x0000000080000CAA] -> 0x68EF
[811] [M]: 0x0000000080000CA8 (0x68EF0F13) addi x30, x30, 0x68e                     inst_70+20
x30 <- 0x000FCF8F4F0ECE8E

clint mtime 0x0000000000000196 (mip.MTI <- 0b1, mip.STI <- 0b0)
mem[X,0x0000000080000CAC] -> 0x1F13
mem[X,0x0000000080000CAE] -> 0x00AF
[812] [M]: 0x0000000080000CAC (0x00AF1F13) slli x30, x30, 0xa                       inst_70+24
x30 <- 0x3F3E3D3C3B3A3800

mem[X,0x0000000080000CB0] -> 0x0F13
mem[X,0x0000000080000CB2] -> 0x138F
[813] [M]: 0x0000000080000CB0 (0x138F0F13) addi x30, x30, 0x138                     inst_70+28
x30 <- 0x3F3E3D3C3B3A3938

clint mtime 0x0000000000000197 (mip.MTI <- 0b1, mip.STI <- 0b0)
mem[X,0x0000000080000CB4] -> 0x1F93
mem[X,0x0000000080000CB6] -> 0x31AF
[814] [M]: 0x0000000080000CB4 (0x31AF1F93) aes64ks1i x31, x30, 0xa                  inst_70+32
x31 <- 0x75B227EB75B227EB

mem[X,0x0000000080000CB8] -> 0xB823
mem[X,0x0000000080000CBA] -> 0x15F2
[815] [M]: 0x0000000080000CB8 (0x15F2B823) sd x31, 0x150(x5)                        inst_70+36
mem[W,0x0000000080003348] <- 0x75B227EB75B227EB

clint mtime 0x0000000000000198 (mip.MTI <- 0b1, mip.STI <- 0b0)
mem[X,0x0000000080000CBC] -> 0x4F37
mem[X,0x0000000080000CBE] -> 0x3B3A
[816] [M]: 0x0000000080000CBC (0x3B3A4F37) lui x30, 0x3b3a4                         inst_71+0
x30 <- 0x000000003B3A4000

mem[X,0x0000000080000CC0] -> 0x0F13
mem[X,0x0000000080000CC2] -> 0x938F
[817] [M]: 0x0000000080000CC0 (0x938F0F13) addi x30, x30, -0x6c8                    inst_71+4
x30 <- 0x000000003B3A3938

clint mtime 0x0000000000000199 (mip.MTI <- 0b1, mip.STI <- 0b0)
mem[X,0x0000000080000CC4] -> 0x1F13
mem[X,0x0000000080000CC6] -> 0x00BF
[818] [M]: 0x0000000080000CC4 (0x00BF1F13) slli x30, x30, 0xb                       inst_71+8
x30 <- 0x000001D9D1C9C000

mem[X,0x0000000080000CC8] -> 0x0F13
mem[X,0x0000000080000CCA] -> 0x1B9F
[819] [M]: 0x0000000080000CC8 (0x1B9F0F13) addi x30, x30, 0x1b9                     inst_71+12
x30 <- 0x000001D9D1C9C1B9

clint mtime 0x000000000000019A (mip.MTI <- 0b1, mip.STI <- 0b0)
mem[X,0x0000000080000CCC] -> 0x1F13
mem[X,0x0000000080000CCE] -> 0x00BF
[820] [M]: 0x0000000080000CCC (0x00BF1F13) slli x30, x30, 0xb                       inst_71+16
x30 <- 0x000ECE8E4E0DC800

mem[X,0x0000000080000CD0] -> 0x0F13
mem[X,0x0000000080000CD2] -> 0x58DF
[821] [M]: 0x0000000080000CD0 (0x58DF0F13) addi x30, x30, 0x58d                     inst_71+20
x30 <- 0x000ECE8E4E0DCD8D

clint mtime 0x000000000000019B (mip.MTI <- 0b1, mip.STI <- 0b0)
mem[X,0x0000000080000CD4] -> 0x1F13
mem[X,0x0000000080000CD6] -> 0x00AF
[822] [M]: 0x0000000080000CD4 (0x00AF1F13) slli x30, x30, 0xa                       inst_71+24
x30 <- 0x3B3A393837363400

mem[X,0x0000000080000CD8] -> 0x0F13
mem[X,0x0000000080000CDA] -> 0x134F
[823] [M]: 0x0000000080000CD8 (0x134F0F13) addi x30, x30, 0x134                     inst_71+28
x30 <- 0x3B3A393837363534

clint mtime 0x000000000000019C (mip.MTI <- 0b1, mip.STI <- 0b0)
mem[X,0x0000000080000CDC] -> 0x1F93
mem[X,0x0000000080000CDE] -> 0x31AF
[824] [M]: 0x0000000080000CDC (0x31AF1F93) aes64ks1i x31, x30, 0xa                  inst_71+32
x31 <- 0xE2801207E2801207

mem[X,0x0000000080000CE0] -> 0xBC23
mem[X,0x0000000080000CE2] -> 0x15F2
[825] [M]: 0x0000000080000CE0 (0x15F2BC23) sd x31, 0x158(x5)                        inst_71+36
mem[W,0x0000000080003350] <- 0xE2801207E2801207

clint mtime 0x000000000000019D (mip.MTI <- 0b1, mip.STI <- 0b0)
mem[X,0x0000000080000CE4] -> 0x3F37
mem[X,0x0000000080000CE6] -> 0x3736
[826] [M]: 0x0000000080000CE4 (0x37363F37) lui x30, 0x37363                         inst_72+0
x30 <- 0x0000000037363000

mem[X,0x0000000080000CE8] -> 0x0F13
mem[X,0x0000000080000CEA] -> 0x534F
[827] [M]: 0x0000000080000CE8 (0x534F0F13) addi x30, x30, 0x534                     inst_72+4
x30 <- 0x0000000037363534

clint mtime 0x000000000000019E (mip.MTI <- 0b1, mip.STI <- 0b0)
mem[X,0x0000000080000CEC] -> 0x1F13
mem[X,0x0000000080000CEE] -> 0x00BF
[828] [M]: 0x0000000080000CEC (0x00BF1F13) slli x30, x30, 0xb                       inst_72+8
x30 <- 0x000001B9B1A9A000

mem[X,0x0000000080000CF0] -> 0x0F13
mem[X,0x0000000080000CF2] -> 0x199F
[829] [M]: 0x0000000080000CF0 (0x199F0F13) addi x30, x30, 0x199                     inst_72+12
x30 <- 0x000001B9B1A9A199

clint mtime 0x000000000000019F (mip.MTI <- 0b1, mip.STI <- 0b0)
mem[X,0x0000000080000CF4] -> 0x1F13
mem[X,0x0000000080000CF6] -> 0x00BF
[830] [M]: 0x0000000080000CF4 (0x00BF1F13) slli x30, x30, 0xb                       inst_72+16
x30 <- 0x000DCD8D4D0CC800

mem[X,0x0000000080000CF8] -> 0x0F13
mem[X,0x0000000080000CFA] -> 0x48CF
[831] [M]: 0x0000000080000CF8 (0x48CF0F13) addi x30, x30, 0x48c                     inst_72+20
x30 <- 0x000DCD8D4D0CCC8C

clint mtime 0x00000000000001A0 (mip.MTI <- 0b1, mip.STI <- 0b0)
mem[X,0x0000000080000CFC] -> 0x1F13
mem[X,0x0000000080000CFE] -> 0x00AF
[832] [M]: 0x0000000080000CFC (0x00AF1F13) slli x30, x30, 0xa                       inst_72+24
x30 <- 0x3736353433323000

mem[X,0x0000000080000D00] -> 0x0F13
mem[X,0x0000000080000D02] -> 0x130F
[833] [M]: 0x0000000080000D00 (0x130F0F13) addi x30, x30, 0x130                     inst_72+28
x30 <- 0x3736353433323130

clint mtime 0x00000000000001A1 (mip.MTI <- 0b1, mip.STI <- 0b0)
mem[X,0x0000000080000D04] -> 0x1F93
mem[X,0x0000000080000D06] -> 0x31AF
[834] [M]: 0x0000000080000D04 (0x31AF1F93) aes64ks1i x31, x30, 0xa                  inst_72+32
x31 <- 0x9A0596189A059618

mem[X,0x0000000080000D08] -> 0xB023
mem[X,0x0000000080000D0A] -> 0x17F2
[835] [M]: 0x0000000080000D08 (0x17F2B023) sd x31, 0x160(x5)                        inst_72+36
mem[W,0x0000000080003358] <- 0x9A0596189A059618

clint mtime 0x00000000000001A2 (mip.MTI <- 0b1, mip.STI <- 0b0)
mem[X,0x0000000080000D0C] -> 0x3F37
mem[X,0x0000000080000D0E] -> 0x3332
[836] [M]: 0x0000000080000D0C (0x33323F37) lui x30, 0x33323                         inst_73+0
x30 <- 0x0000000033323000

mem[X,0x0000000080000D10] -> 0x0F13
mem[X,0x0000000080000D12] -> 0x130F
[837] [M]: 0x0000000080000D10 (0x130F0F13) addi x30, x30, 0x130                     inst_73+4
x30 <- 0x0000000033323130

clint mtime 0x00000000000001A3 (mip.MTI <- 0b1, mip.STI <- 0b0)
mem[X,0x0000000080000D14] -> 0x1F13
mem[X,0x0000000080000D16] -> 0x00BF
[838] [M]: 0x0000000080000D14 (0x00BF1F13) slli x30, x30, 0xb                       inst_73+8
x30 <- 0x0000019991898000

mem[X,0x0000000080000D18] -> 0x0F13
mem[X,0x0000000080000D1A] -> 0x179F
[839] [M]: 0x0000000080000D18 (0x179F0F13) addi x30, x30, 0x179                     inst_73+12
x30 <- 0x0000019991898179

clint mtime 0x00000000000001A4 (mip.MTI <- 0b1, mip.STI <- 0b0)
mem[X,0x0000000080000D1C] -> 0x1F13
mem[X,0x0000000080000D1E] -> 0x00BF
[840] [M]: 0x0000000080000D1C (0x00BF1F13) slli x30, x30, 0xb                       inst_73+16
x30 <- 0x000CCC8C4C0BC800

mem[X,0x0000000080000D20] -> 0x0F13
mem[X,0x0000000080000D22] -> 0x38BF
[841] [M]: 0x0000000080000D20 (0x38BF0F13) addi x30, x30, 0x38b                     inst_73+20
x30 <- 0x000CCC8C4C0BCB8B

clint mtime 0x00000000000001A5 (mip.MTI <- 0b1, mip.STI <- 0b0)
mem[X,0x0000000080000D24] -> 0x1F13
mem[X,0x0000000080000D26] -> 0x00AF
[842] [M]: 0x0000000080000D24 (0x00AF1F13) slli x30, x30, 0xa                       inst_73+24
x30 <- 0x333231302F2E2C00

mem[X,0x0000000080000D28] -> 0x0F13
mem[X,0x0000000080000D2A] -> 0x12CF
[843] [M]: 0x0000000080000D28 (0x12CF0F13) addi x30, x30, 0x12c                     inst_73+28
x30 <- 0x333231302F2E2D2C

clint mtime 0x00000000000001A6 (mip.MTI <- 0b1, mip.STI <- 0b0)
mem[X,0x0000000080000D2C] -> 0x1F93
mem[X,0x0000000080000D2E] -> 0x31AF
[844] [M]: 0x0000000080000D2C (0x31AF1F93) aes64ks1i x31, x30, 0xa                  inst_73+32
x31 <- 0xC323C704C323C704

mem[X,0x0000000080000D30] -> 0xB423
mem[X,0x0000000080000D32] -> 0x17F2
[845] [M]: 0x0000000080000D30 (0x17F2B423) sd x31, 0x168(x5)                        inst_73+36
mem[W,0x0000000080003360] <- 0xC323C704C323C704

clint mtime 0x00000000000001A7 (mip.MTI <- 0b1, mip.STI <- 0b0)
mem[X,0x0000000080000D34] -> 0x3F37
mem[X,0x0000000080000D36] -> 0x2F2E
[846] [M]: 0x0000000080000D34 (0x2F2E3F37) lui x30, 0x2f2e3                         inst_74+0
x30 <- 0x000000002F2E3000

mem[X,0x0000000080000D38] -> 0x0F13
mem[X,0x0000000080000D3A] -> 0xD2CF
[847] [M]: 0x0000000080000D38 (0xD2CF0F13) addi x30, x30, -0x2d4                    inst_74+4
x30 <- 0x000000002F2E2D2C

clint mtime 0x00000000000001A8 (mip.MTI <- 0b1, mip.STI <- 0b0)
mem[X,0x0000000080000D3C] -> 0x1F13
mem[X,0x0000000080000D3E] -> 0x00BF
[848] [M]: 0x0000000080000D3C (0x00BF1F13) slli x30, x30, 0xb                       inst_74+8
x30 <- 0x0000017971696000

mem[X,0x0000000080000D40] -> 0x0F13
mem[X,0x0000000080000D42] -> 0x159F
[849] [M]: 0x0000000080000D40 (0x159F0F13) addi x30, x30, 0x159                     inst_74+12
x30 <- 0x0000017971696159

clint mtime 0x00000000000001A9 (mip.MTI <- 0b1, mip.STI <- 0b0)
mem[X,0x0000000080000D44] -> 0x1F13
mem[X,0x0000000080000D46] -> 0x00BF
[850] [M]: 0x0000000080000D44 (0x00BF1F13) slli x30, x30, 0xb                       inst_74+16
x30 <- 0x000BCB8B4B0AC800

mem[X,0x0000000080000D48] -> 0x0F13
mem[X,0x0000000080000D4A] -> 0x28AF
[851] [M]: 0x0000000080000D48 (0x28AF0F13) addi x30, x30, 0x28a                     inst_74+20
x30 <- 0x000BCB8B4B0ACA8A

clint mtime 0x00000000000001AA (mip.MTI <- 0b1, mip.STI <- 0b0)
mem[X,0x0000000080000D4C] -> 0x1F13
mem[X,0x0000000080000D4E] -> 0x00AF
[852] [M]: 0x0000000080000D4C (0x00AF1F13) slli x30, x30, 0xa                       inst_74+24
x30 <- 0x2F2E2D2C2B2A2800

mem[X,0x0000000080000D50] -> 0x0F13
mem[X,0x0000000080000D52] -> 0x128F
[853] [M]: 0x0000000080000D50 (0x128F0F13) addi x30, x30, 0x128                     inst_74+28
x30 <- 0x2F2E2D2C2B2A2928

clint mtime 0x00000000000001AB (mip.MTI <- 0b1, mip.STI <- 0b0)
mem[X,0x0000000080000D54] -> 0x1F93
mem[X,0x0000000080000D56] -> 0x31AF
[854] [M]: 0x0000000080000D54 (0x31AF1F93) aes64ks1i x31, x30, 0xa                  inst_74+32
x31 <- 0x1531D8711531D871

mem[X,0x0000000080000D58] -> 0xB823
mem[X,0x0000000080000D5A] -> 0x17F2
[855] [M]: 0x0000000080000D58 (0x17F2B823) sd x31, 0x170(x5)                        inst_74+36
mem[W,0x0000000080003368] <- 0x1531D8711531D871

clint mtime 0x00000000000001AC (mip.MTI <- 0b1, mip.STI <- 0b0)
mem[X,0x0000000080000D5C] -> 0x3F37
mem[X,0x0000000080000D5E] -> 0x2B2A
[856] [M]: 0x0000000080000D5C (0x2B2A3F37) lui x30, 0x2b2a3                         inst_75+0
x30 <- 0x000000002B2A3000

mem[X,0x0000000080000D60] -> 0x0F13
mem[X,0x0000000080000D62] -> 0x928F
[857] [M]: 0x0000000080000D60 (0x928F0F13) addi x30, x30, -0x6d8                    inst_75+4
x30 <- 0x000000002B2A2928

clint mtime 0x00000000000001AD (mip.MTI <- 0b1, mip.STI <- 0b0)
mem[X,0x0000000080000D64] -> 0x1F13
mem[X,0x0000000080000D66] -> 0x00BF
[858] [M]: 0x0000000080000D64 (0x00BF1F13) slli x30, x30, 0xb                       inst_75+8
x30 <- 0x0000015951494000

mem[X,0x0000000080000D68] -> 0x0F13
mem[X,0x0000000080000D6A] -> 0x139F
[859] [M]: 0x0000000080000D68 (0x139F0F13) addi x30, x30, 0x139                     inst_75+12
x30 <- 0x0000015951494139

clint mtime 0x00000000000001AE (mip.MTI <- 0b1, mip.STI <- 0b0)
mem[X,0x0000000080000D6C] -> 0x1F13
mem[X,0x0000000080000D6E] -> 0x00BF
[860] [M]: 0x0000000080000D6C (0x00BF1F13) slli x30, x30, 0xb                       inst_75+16
x30 <- 0x000ACA8A4A09C800

mem[X,0x0000000080000D70] -> 0x0F13
mem[X,0x0000000080000D72] -> 0x189F
[861] [M]: 0x0000000080000D70 (0x189F0F13) addi x30, x30, 0x189                     inst_75+20
x30 <- 0x000ACA8A4A09C989

clint mtime 0x00000000000001AF (mip.MTI <- 0b1, mip.STI <- 0b0)
mem[X,0x0000000080000D74] -> 0x1F13
mem[X,0x0000000080000D76] -> 0x00AF
[862] [M]: 0x0000000080000D74 (0x00AF1F13) slli x30, x30, 0xa                       inst_75+24
x30 <- 0x2B2A292827262400

mem[X,0x0000000080000D78] -> 0x0F13
mem[X,0x0000000080000D7A] -> 0x124F
[863] [M]: 0x0000000080000D78 (0x124F0F13) addi x30, x30, 0x124                     inst_75+28
x30 <- 0x2B2A292827262524

clint mtime 0x00000000000001B0 (mip.MTI <- 0b1, mip.STI <- 0b0)
mem[X,0x0000000080000D7C] -> 0x1F93
mem[X,0x0000000080000D7E] -> 0x31AF
[864] [M]: 0x0000000080000D7C (0x31AF1F93) aes64ks1i x31, x30, 0xa                  inst_75+32
x31 <- 0xF1E5A534F1E5A534

mem[X,0x0000000080000D80] -> 0xBC23
mem[X,0x0000000080000D82] -> 0x17F2
[865] [M]: 0x0000000080000D80 (0x17F2BC23) sd x31, 0x178(x5)                        inst_75+36
mem[W,0x0000000080003370] <- 0xF1E5A534F1E5A534

clint mtime 0x00000000000001B1 (mip.MTI <- 0b1, mip.STI <- 0b0)
mem[X,0x0000000080000D84] -> 0x2F37
mem[X,0x0000000080000D86] -> 0x2726
[866] [M]: 0x0000000080000D84 (0x27262F37) lui x30, 0x27262                         inst_76+0
x30 <- 0x0000000027262000

mem[X,0x0000000080000D88] -> 0x0F13
mem[X,0x0000000080000D8A] -> 0x524F
[867] [M]: 0x0000000080000D88 (0x524F0F13) addi x30, x30, 0x524                     inst_76+4
x30 <- 0x0000000027262524

clint mtime 0x00000000000001B2 (mip.MTI <- 0b1, mip.STI <- 0b0)
mem[X,0x0000000080000D8C] -> 0x1F13
mem[X,0x0000000080000D8E] -> 0x00BF
[868] [M]: 0x0000000080000D8C (0x00BF1F13) slli x30, x30, 0xb                       inst_76+8
x30 <- 0x0000013931292000

mem[X,0x0000000080000D90] -> 0x0F13
mem[X,0x0000000080000D92] -> 0x119F
[869] [M]: 0x0000000080000D90 (0x119F0F13) addi x30, x30, 0x119                     inst_76+12
x30 <- 0x0000013931292119

clint mtime 0x00000000000001B3 (mip.MTI <- 0b1, mip.STI <- 0b0)
mem[X,0x0000000080000D94] -> 0x1F13
mem[X,0x0000000080000D96] -> 0x00BF
[870] [M]: 0x0000000080000D94 (0x00BF1F13) slli x30, x30, 0xb                       inst_76+16
x30 <- 0x0009C9894908C800

mem[X,0x0000000080000D98] -> 0x0F13
mem[X,0x0000000080000D9A] -> 0x088F
[871] [M]: 0x0000000080000D98 (0x088F0F13) addi x30, x30, 0x88                      inst_76+20
x30 <- 0x0009C9894908C888

clint mtime 0x00000000000001B4 (mip.MTI <- 0b1, mip.STI <- 0b0)
mem[X,0x0000000080000D9C] -> 0x1F13
mem[X,0x0000000080000D9E] -> 0x00AF
[872] [M]: 0x0000000080000D9C (0x00AF1F13) slli x30, x30, 0xa                       inst_76+24
x30 <- 0x2726252423222000

mem[X,0x0000000080000DA0] -> 0x0F13
mem[X,0x0000000080000DA2] -> 0x120F
[873] [M]: 0x0000000080000DA0 (0x120F0F13) addi x30, x30, 0x120                     inst_76+28
x30 <- 0x2726252423222120

clint mtime 0x00000000000001B5 (mip.MTI <- 0b1, mip.STI <- 0b0)
mem[X,0x0000000080000DA4] -> 0x1F93
mem[X,0x0000000080000DA6] -> 0x31AF
[874] [M]: 0x0000000080000DA4 (0x31AF1F93) aes64ks1i x31, x30, 0xa                  inst_76+32
x31 <- 0xCCF73F36CCF73F36

mem[X,0x0000000080000DA8] -> 0xB023
mem[X,0x0000000080000DAA] -> 0x19F2
[875] [M]: 0x0000000080000DA8 (0x19F2B023) sd x31, 0x180(x5)                        inst_76+36
mem[W,0x0000000080003378] <- 0xCCF73F36CCF73F36

clint mtime 0x00000000000001B6 (mip.MTI <- 0b1, mip.STI <- 0b0)
mem[X,0x0000000080000DAC] -> 0x2F37
mem[X,0x0000000080000DAE] -> 0x2322
[876] [M]: 0x0000000080000DAC (0x23222F37) lui x30, 0x23222                         inst_77+0
x30 <- 0x0000000023222000

mem[X,0x0000000080000DB0] -> 0x0F13
mem[X,0x0000000080000DB2] -> 0x120F
[877] [M]: 0x0000000080000DB0 (0x120F0F13) addi x30, x30, 0x120                     inst_77+4
x30 <- 0x0000000023222120

clint mtime 0x00000000000001B7 (mip.MTI <- 0b1, mip.STI <- 0b0)
mem[X,0x0000000080000DB4] -> 0x1F13
mem[X,0x0000000080000DB6] -> 0x00BF
[878] [M]: 0x0000000080000DB4 (0x00BF1F13) slli x30, x30, 0xb                       inst_77+8
x30 <- 0x0000011911090000

mem[X,0x0000000080000DB8] -> 0x0F13
mem[X,0x0000000080000DBA] -> 0x0F8F
[879] [M]: 0x0000000080000DB8 (0x0F8F0F13) addi x30, x30, 0xf8                      inst_77+12
x30 <- 0x00000119110900F8

clint mtime 0x00000000000001B8 (mip.MTI <- 0b1, mip.STI <- 0b0)
mem[X,0x0000000080000DBC] -> 0x1F13
mem[X,0x0000000080000DBE] -> 0x00BF
[880] [M]: 0x0000000080000DBC (0x00BF1F13) slli x30, x30, 0xb                       inst_77+16
x30 <- 0x0008C8884807C000

mem[X,0x0000000080000DC0] -> 0x0F13
mem[X,0x0000000080000DC2] -> 0x787F
[881] [M]: 0x0000000080000DC0 (0x787F0F13) addi x30, x30, 0x787                     inst_77+20
x30 <- 0x0008C8884807C787

clint mtime 0x00000000000001B9 (mip.MTI <- 0b1, mip.STI <- 0b0)
mem[X,0x0000000080000DC4] -> 0x1F13
mem[X,0x0000000080000DC6] -> 0x00AF
[882] [M]: 0x0000000080000DC4 (0x00AF1F13) slli x30, x30, 0xa                       inst_77+24
x30 <- 0x232221201F1E1C00

mem[X,0x0000000080000DC8] -> 0x0F13
mem[X,0x0000000080000DCA] -> 0x11CF
[883] [M]: 0x0000000080000DC8 (0x11CF0F13) addi x30, x30, 0x11c                     inst_77+28
x30 <- 0x232221201F1E1D1C

clint mtime 0x00000000000001BA (mip.MTI <- 0b1, mip.STI <- 0b0)
mem[X,0x0000000080000DCC] -> 0x1F93
mem[X,0x0000000080000DCE] -> 0x31AF
[884] [M]: 0x0000000080000DCC (0x31AF1F93) aes64ks1i x31, x30, 0xa                  inst_77+32
x31 <- 0x2693FDB72693FDB7

mem[X,0x0000000080000DD0] -> 0xB423
mem[X,0x0000000080000DD2] -> 0x19F2
[885] [M]: 0x0000000080000DD0 (0x19F2B423) sd x31, 0x188(x5)                        inst_77+36
mem[W,0x0000000080003380] <- 0x2693FDB72693FDB7

clint mtime 0x00000000000001BB (mip.MTI <- 0b1, mip.STI <- 0b0)
mem[X,0x0000000080000DD4] -> 0x2F37
mem[X,0x0000000080000DD6] -> 0x1F1E
[886] [M]: 0x0000000080000DD4 (0x1F1E2F37) lui x30, 0x1f1e2                         inst_78+0
x30 <- 0x000000001F1E2000

mem[X,0x0000000080000DD8] -> 0x0F13
mem[X,0x0000000080000DDA] -> 0xD1CF
[887] [M]: 0x0000000080000DD8 (0xD1CF0F13) addi x30, x30, -0x2e4                    inst_78+4
x30 <- 0x000000001F1E1D1C

clint mtime 0x00000000000001BC (mip.MTI <- 0b1, mip.STI <- 0b0)
mem[X,0x0000000080000DDC] -> 0x1F13
mem[X,0x0000000080000DDE] -> 0x00BF
[888] [M]: 0x0000000080000DDC (0x00BF1F13) slli x30, x30, 0xb                       inst_78+8
x30 <- 0x000000F8F0E8E000

mem[X,0x0000000080000DE0] -> 0x0F13
mem[X,0x0000000080000DE2] -> 0x0D8F
[889] [M]: 0x0000000080000DE0 (0x0D8F0F13) addi x30, x30, 0xd8                      inst_78+12
x30 <- 0x000000F8F0E8E0D8

clint mtime 0x00000000000001BD (mip.MTI <- 0b1, mip.STI <- 0b0)
mem[X,0x0000000080000DE4] -> 0x1F13
mem[X,0x0000000080000DE6] -> 0x00BF
[890] [M]: 0x0000000080000DE4 (0x00BF1F13) slli x30, x30, 0xb                       inst_78+16
x30 <- 0x0007C7874706C000

mem[X,0x0000000080000DE8] -> 0x0F13
mem[X,0x0000000080000DEA] -> 0x686F
[891] [M]: 0x0000000080000DE8 (0x686F0F13) addi x30, x30, 0x686                     inst_78+20
x30 <- 0x0007C7874706C686

clint mtime 0x00000000000001BE (mip.MTI <- 0b1, mip.STI <- 0b0)
mem[X,0x0000000080000DEC] -> 0x1F13
mem[X,0x0000000080000DEE] -> 0x00AF
[892] [M]: 0x0000000080000DEC (0x00AF1F13) slli x30, x30, 0xa                       inst_78+24
x30 <- 0x1F1E1D1C1B1A1800

mem[X,0x0000000080000DF0] -> 0x0F13
mem[X,0x0000000080000DF2] -> 0x118F
[893] [M]: 0x0000000080000DF0 (0x118F0F13) addi x30, x30, 0x118                     inst_78+28
x30 <- 0x1F1E1D1C1B1A1918

clint mtime 0x00000000000001BF (mip.MTI <- 0b1, mip.STI <- 0b0)
mem[X,0x0000000080000DF4] -> 0x1F93
mem[X,0x0000000080000DF6] -> 0x31AF
[894] [M]: 0x0000000080000DF4 (0x31AF1F93) aes64ks1i x31, x30, 0xa                  inst_78+32
x31 <- 0xC072A49CC072A49C

mem[X,0x0000000080000DF8] -> 0xB823
mem[X,0x0000000080000DFA] -> 0x19F2
[895] [M]: 0x0000000080000DF8 (0x19F2B823) sd x31, 0x190(x5)                        inst_78+36
mem[W,0x0000000080003388] <- 0xC072A49CC072A49C

clint mtime 0x00000000000001C0 (mip.MTI <- 0b1, mip.STI <- 0b0)
mem[X,0x0000000080000DFC] -> 0x2F37
mem[X,0x0000000080000DFE] -> 0x1B1A
[896] [M]: 0x0000000080000DFC (0x1B1A2F37) lui x30, 0x1b1a2                         inst_79+0
x30 <- 0x000000001B1A2000

mem[X,0x0000000080000E00] -> 0x0F13
mem[X,0x0000000080000E02] -> 0x918F
[897] [M]: 0x0000000080000E00 (0x918F0F13) addi x30, x30, -0x6e8                    inst_79+4
x30 <- 0x000000001B1A1918

clint mtime 0x00000000000001C1 (mip.MTI <- 0b1, mip.STI <- 0b0)
mem[X,0x0000000080000E04] -> 0x1F13
mem[X,0x0000000080000E06] -> 0x00BF
[898] [M]: 0x0000000080000E04 (0x00BF1F13) slli x30, x30, 0xb                       inst_79+8
x30 <- 0x000000D8D0C8C000

mem[X,0x0000000080000E08] -> 0x0F13
mem[X,0x0000000080000E0A] -> 0x0B8F
[899] [M]: 0x0000000080000E08 (0x0B8F0F13) addi x30, x30, 0xb8                      inst_79+12
x30 <- 0x000000D8D0C8C0B8

clint mtime 0x00000000000001C2 (mip.MTI <- 0b1, mip.STI <- 0b0)
mem[X,0x0000000080000E0C] -> 0x1F13
mem[X,0x0000000080000E0E] -> 0x00BF
[900] [M]: 0x0000000080000E0C (0x00BF1F13) slli x30, x30, 0xb                       inst_79+16
x30 <- 0x0006C6864605C000

mem[X,0x0000000080000E10] -> 0x0F13
mem[X,0x0000000080000E12] -> 0x585F
[901] [M]: 0x0000000080000E10 (0x585F0F13) addi x30, x30, 0x585                     inst_79+20
x30 <- 0x0006C6864605C585

clint mtime 0x00000000000001C3 (mip.MTI <- 0b1, mip.STI <- 0b0)
mem[X,0x0000000080000E14] -> 0x1F13
mem[X,0x0000000080000E16] -> 0x00AF
[902] [M]: 0x0000000080000E14 (0x00AF1F13) slli x30, x30, 0xa                       inst_79+24
x30 <- 0x1B1A191817161400

mem[X,0x0000000080000E18] -> 0x0F13
mem[X,0x0000000080000E1A] -> 0x114F
[903] [M]: 0x0000000080000E18 (0x114F0F13) addi x30, x30, 0x114                     inst_79+28
x30 <- 0x1B1A191817161514

clint mtime 0x00000000000001C4 (mip.MTI <- 0b1, mip.STI <- 0b0)
mem[X,0x0000000080000E1C] -> 0x1F93
mem[X,0x0000000080000E1E] -> 0x31AF
[904] [M]: 0x0000000080000E1C (0x31AF1F93) aes64ks1i x31, x30, 0xa                  inst_79+32
x31 <- 0xAFA2D4ADAFA2D4AD

mem[X,0x0000000080000E20] -> 0xBC23
mem[X,0x0000000080000E22] -> 0x19F2
[905] [M]: 0x0000000080000E20 (0x19F2BC23) sd x31, 0x198(x5)                        inst_79+36
mem[W,0x0000000080003390] <- 0xAFA2D4ADAFA2D4AD

clint mtime 0x00000000000001C5 (mip.MTI <- 0b1, mip.STI <- 0b0)
mem[X,0x0000000080000E24] -> 0x1F37
mem[X,0x0000000080000E26] -> 0x1716
[906] [M]: 0x0000000080000E24 (0x17161F37) lui x30, 0x17161                         inst_80+0
x30 <- 0x0000000017161000

mem[X,0x0000000080000E28] -> 0x0F13
mem[X,0x0000000080000E2A] -> 0x514F
[907] [M]: 0x0000000080000E28 (0x514F0F13) addi x30, x30, 0x514                     inst_80+4
x30 <- 0x0000000017161514

clint mtime 0x00000000000001C6 (mip.MTI <- 0b1, mip.STI <- 0b0)
mem[X,0x0000000080000E2C] -> 0x1F13
mem[X,0x0000000080000E2E] -> 0x00BF
[908] [M]: 0x0000000080000E2C (0x00BF1F13) slli x30, x30, 0xb                       inst_80+8
x30 <- 0x000000B8B0A8A000

mem[X,0x0000000080000E30] -> 0x0F13
mem[X,0x0000000080000E32] -> 0x098F
[909] [M]: 0x0000000080000E30 (0x098F0F13) addi x30, x30, 0x98                      inst_80+12
x30 <- 0x000000B8B0A8A098

clint mtime 0x00000000000001C7 (mip.MTI <- 0b1, mip.STI <- 0b0)
mem[X,0x0000000080000E34] -> 0x1F13
mem[X,0x0000000080000E36] -> 0x00BF
[910] [M]: 0x0000000080000E34 (0x00BF1F13) slli x30, x30, 0xb                       inst_80+16
x30 <- 0x0005C5854504C000

mem[X,0x0000000080000E38] -> 0x0F13
mem[X,0x0000000080000E3A] -> 0x484F
[911] [M]: 0x0000000080000E38 (0x484F0F13) addi x30, x30, 0x484                     inst_80+20
x30 <- 0x0005C5854504C484

clint mtime 0x00000000000001C8 (mip.MTI <- 0b1, mip.STI <- 0b0)
mem[X,0x0000000080000E3C] -> 0x1F13
mem[X,0x0000000080000E3E] -> 0x00AF
[912] [M]: 0x0000000080000E3C (0x00AF1F13) slli x30, x30, 0xa                       inst_80+24
x30 <- 0x1716151413121000

mem[X,0x0000000080000E40] -> 0x0F13
mem[X,0x0000000080000E42] -> 0x110F
[913] [M]: 0x0000000080000E40 (0x110F0F13) addi x30, x30, 0x110                     inst_80+28
x30 <- 0x1716151413121110

clint mtime 0x00000000000001C9 (mip.MTI <- 0b1, mip.STI <- 0b0)
mem[X,0x0000000080000E44] -> 0x1F93
mem[X,0x0000000080000E46] -> 0x31AF
[914] [M]: 0x0000000080000E44 (0x31AF1F93) aes64ks1i x31, x30, 0xa                  inst_80+32
x31 <- 0xF04759FAF04759FA

mem[X,0x0000000080000E48] -> 0xB023
mem[X,0x0000000080000E4A] -> 0x1BF2
[915] [M]: 0x0000000080000E48 (0x1BF2B023) sd x31, 0x1a0(x5)                        inst_80+36
mem[W,0x0000000080003398] <- 0xF04759FAF04759FA

clint mtime 0x00000000000001CA (mip.MTI <- 0b1, mip.STI <- 0b0)
mem[X,0x0000000080000E4C] -> 0x1F37
mem[X,0x0000000080000E4E] -> 0x1312
[916] [M]: 0x0000000080000E4C (0x13121F37) lui x30, 0x13121                         inst_81+0
x30 <- 0x0000000013121000

mem[X,0x0000000080000E50] -> 0x0F13
mem[X,0x0000000080000E52] -> 0x110F
[917] [M]: 0x0000000080000E50 (0x110F0F13) addi x30, x30, 0x110                     inst_81+4
x30 <- 0x0000000013121110

clint mtime 0x00000000000001CB (mip.MTI <- 0b1, mip.STI <- 0b0)
mem[X,0x0000000080000E54] -> 0x1F13
mem[X,0x0000000080000E56] -> 0x00BF
[918] [M]: 0x0000000080000E54 (0x00BF1F13) slli x30, x30, 0xb                       inst_81+8
x30 <- 0x0000009890888000

mem[X,0x0000000080000E58] -> 0x0F13
mem[X,0x0000000080000E5A] -> 0x078F
[919] [M]: 0x0000000080000E58 (0x078F0F13) addi x30, x30, 0x78                      inst_81+12
x30 <- 0x0000009890888078

clint mtime 0x00000000000001CC (mip.MTI <- 0b1, mip.STI <- 0b0)
mem[X,0x0000000080000E5C] -> 0x1F13
mem[X,0x0000000080000E5E] -> 0x00BF
[920] [M]: 0x0000000080000E5C (0x00BF1F13) slli x30, x30, 0xb                       inst_81+16
x30 <- 0x0004C4844403C000

mem[X,0x0000000080000E60] -> 0x0F13
mem[X,0x0000000080000E62] -> 0x383F
[921] [M]: 0x0000000080000E60 (0x383F0F13) addi x30, x30, 0x383                     inst_81+20
x30 <- 0x0004C4844403C383

clint mtime 0x00000000000001CD (mip.MTI <- 0b1, mip.STI <- 0b0)
mem[X,0x0000000080000E64] -> 0x1F13
mem[X,0x0000000080000E66] -> 0x00AF
[922] [M]: 0x0000000080000E64 (0x00AF1F13) slli x30, x30, 0xa                       inst_81+24
x30 <- 0x131211100F0E0C00

mem[X,0x0000000080000E68] -> 0x0F13
mem[X,0x0000000080000E6A] -> 0x10CF
[923] [M]: 0x0000000080000E68 (0x10CF0F13) addi x30, x30, 0x10c                     inst_81+28
x30 <- 0x131211100F0E0D0C

clint mtime 0x00000000000001CE (mip.MTI <- 0b1, mip.STI <- 0b0)
mem[X,0x0000000080000E6C] -> 0x1F93
mem[X,0x0000000080000E6E] -> 0x31AF
[924] [M]: 0x0000000080000E6C (0x31AF1F93) aes64ks1i x31, x30, 0xa                  inst_81+32
x31 <- 0x7DC982CA7DC982CA

mem[X,0x0000000080000E70] -> 0xB423
mem[X,0x0000000080000E72] -> 0x1BF2
[925] [M]: 0x0000000080000E70 (0x1BF2B423) sd x31, 0x1a8(x5)                        inst_81+36
mem[W,0x00000000800033A0] <- 0x7DC982CA7DC982CA

clint mtime 0x00000000000001CF (mip.MTI <- 0b1, mip.STI <- 0b0)
mem[X,0x0000000080000E74] -> 0x1F37
mem[X,0x0000000080000E76] -> 0x0F0E
[926] [M]: 0x0000000080000E74 (0x0F0E1F37) lui x30, 0xf0e1                          inst_82+0
x30 <- 0x000000000F0E1000

mem[X,0x0000000080000E78] -> 0x0F13
mem[X,0x0000000080000E7A] -> 0xD0CF
[927] [M]: 0x0000000080000E78 (0xD0CF0F13) addi x30, x30, -0x2f4                    inst_82+4
x30 <- 0x000000000F0E0D0C

clint mtime 0x00000000000001D0 (mip.MTI <- 0b1, mip.STI <- 0b0)
mem[X,0x0000000080000E7C] -> 0x1F13
mem[X,0x0000000080000E7E] -> 0x00BF
[928] [M]: 0x0000000080000E7C (0x00BF1F13) slli x30, x30, 0xb                       inst_82+8
x30 <- 0x0000007870686000

mem[X,0x0000000080000E80] -> 0x0F13
mem[X,0x0000000080000E82] -> 0x058F
[929] [M]: 0x0000000080000E80 (0x058F0F13) addi x30, x30, 0x58                      inst_82+12
x30 <- 0x0000007870686058

clint mtime 0x00000000000001D1 (mip.MTI <- 0b1, mip.STI <- 0b0)
mem[X,0x0000000080000E84] -> 0x1F13
mem[X,0x0000000080000E86] -> 0x00BF
[930] [M]: 0x0000000080000E84 (0x00BF1F13) slli x30, x30, 0xb                       inst_82+16
x30 <- 0x0003C3834302C000

mem[X,0x0000000080000E88] -> 0x0F13
mem[X,0x0000000080000E8A] -> 0x282F
[931] [M]: 0x0000000080000E88 (0x282F0F13) addi x30, x30, 0x282                     inst_82+20
x30 <- 0x0003C3834302C282

clint mtime 0x00000000000001D2 (mip.MTI <- 0b1, mip.STI <- 0b0)
mem[X,0x0000000080000E8C] -> 0x1F13
mem[X,0x0000000080000E8E] -> 0x00AF
[932] [M]: 0x0000000080000E8C (0x00AF1F13) slli x30, x30, 0xa                       inst_82+24
x30 <- 0x0F0E0D0C0B0A0800

mem[X,0x0000000080000E90] -> 0x0F13
mem[X,0x0000000080000E92] -> 0x108F
[933] [M]: 0x0000000080000E90 (0x108F0F13) addi x30, x30, 0x108                     inst_82+28
x30 <- 0x0F0E0D0C0B0A0908

clint mtime 0x00000000000001D3 (mip.MTI <- 0b1, mip.STI <- 0b0)
mem[X,0x0000000080000E94] -> 0x1F93
mem[X,0x0000000080000E96] -> 0x31AF
[934] [M]: 0x0000000080000E94 (0x31AF1F93) aes64ks1i x31, x30, 0xa                  inst_82+32
x31 <- 0x76ABD7FE76ABD7FE

mem[X,0x0000000080000E98] -> 0xB823
mem[X,0x0000000080000E9A] -> 0x1BF2
[935] [M]: 0x0000000080000E98 (0x1BF2B823) sd x31, 0x1b0(x5)                        inst_82+36
mem[W,0x00000000800033A8] <- 0x76ABD7FE76ABD7FE

clint mtime 0x00000000000001D4 (mip.MTI <- 0b1, mip.STI <- 0b0)
mem[X,0x0000000080000E9C] -> 0x1F37
mem[X,0x0000000080000E9E] -> 0x0B0A
[936] [M]: 0x0000000080000E9C (0x0B0A1F37) lui x30, 0xb0a1                          inst_83+0
x30 <- 0x000000000B0A1000

mem[X,0x0000000080000EA0] -> 0x0F13
mem[X,0x0000000080000EA2] -> 0x908F
[937] [M]: 0x0000000080000EA0 (0x908F0F13) addi x30, x30, -0x6f8                    inst_83+4
x30 <- 0x000000000B0A0908

clint mtime 0x00000000000001D5 (mip.MTI <- 0b1, mip.STI <- 0b0)
mem[X,0x0000000080000EA4] -> 0x1F13
mem[X,0x0000000080000EA6] -> 0x00BF
[938] [M]: 0x0000000080000EA4 (0x00BF1F13) slli x30, x30, 0xb                       inst_83+8
x30 <- 0x0000005850484000

mem[X,0x0000000080000EA8] -> 0x0F13
mem[X,0x0000000080000EAA] -> 0x038F
[939] [M]: 0x0000000080000EA8 (0x038F0F13) addi x30, x30, 0x38                      inst_83+12
x30 <- 0x0000005850484038

clint mtime 0x00000000000001D6 (mip.MTI <- 0b1, mip.STI <- 0b0)
mem[X,0x0000000080000EAC] -> 0x1F13
mem[X,0x0000000080000EAE] -> 0x00BF
[940] [M]: 0x0000000080000EAC (0x00BF1F13) slli x30, x30, 0xb                       inst_83+16
x30 <- 0x0002C2824201C000

mem[X,0x0000000080000EB0] -> 0x0F13
mem[X,0x0000000080000EB2] -> 0x181F
[941] [M]: 0x0000000080000EB0 (0x181F0F13) addi x30, x30, 0x181                     inst_83+20
x30 <- 0x0002C2824201C181

clint mtime 0x00000000000001D7 (mip.MTI <- 0b1, mip.STI <- 0b0)
mem[X,0x0000000080000EB4] -> 0x1F13
mem[X,0x0000000080000EB6] -> 0x00AF
[942] [M]: 0x0000000080000EB4 (0x00AF1F13) slli x30, x30, 0xa                       inst_83+24
x30 <- 0x0B0A090807060400

mem[X,0x0000000080000EB8] -> 0x0F13
mem[X,0x0000000080000EBA] -> 0x104F
[943] [M]: 0x0000000080000EB8 (0x104F0F13) addi x30, x30, 0x104                     inst_83+28
x30 <- 0x0B0A090807060504

clint mtime 0x00000000000001D8 (mip.MTI <- 0b1, mip.STI <- 0b0)
mem[X,0x0000000080000EBC] -> 0x1F93
mem[X,0x0000000080000EBE] -> 0x31AF
[944] [M]: 0x0000000080000EBC (0x31AF1F93) aes64ks1i x31, x30, 0xa                  inst_83+32
x31 <- 0x2B6701302B670130

mem[X,0x0000000080000EC0] -> 0xBC23
mem[X,0x0000000080000EC2] -> 0x1BF2
[945] [M]: 0x0000000080000EC0 (0x1BF2BC23) sd x31, 0x1b8(x5)                        inst_83+36
mem[W,0x00000000800033B0] <- 0x2B6701302B670130

clint mtime 0x00000000000001D9 (mip.MTI <- 0b1, mip.STI <- 0b0)
mem[X,0x0000000080000EC4] -> 0xEF37
mem[X,0x0000000080000EC6] -> 0xDBDA
[946] [M]: 0x0000000080000EC4 (0xDBDAEF37) lui x30, -0x24252                        inst_84+0
x30 <- 0xFFFFFFFFDBDAE000

mem[X,0x0000000080000EC8] -> 0x0F13
mem[X,0x0000000080000ECA] -> 0x9D8F
[947] [M]: 0x0000000080000EC8 (0x9D8F0F13) addi x30, x30, -0x628                    inst_84+4
x30 <- 0xFFFFFFFFDBDAD9D8

clint mtime 0x00000000000001DA (mip.MTI <- 0b1, mip.STI <- 0b0)
mem[X,0x0000000080000ECC] -> 0x1F13
mem[X,0x0000000080000ECE] -> 0x00BF
[948] [M]: 0x0000000080000ECC (0x00BF1F13) slli x30, x30, 0xb                       inst_84+8
x30 <- 0xFFFFFEDED6CEC000

mem[X,0x0000000080000ED0] -> 0x0F13
mem[X,0x0000000080000ED2] -> 0x6BEF
[949] [M]: 0x0000000080000ED0 (0x6BEF0F13) addi x30, x30, 0x6be                     inst_84+12
x30 <- 0xFFFFFEDED6CEC6BE

clint mtime 0x00000000000001DB (mip.MTI <- 0b1, mip.STI <- 0b0)
mem[X,0x0000000080000ED4] -> 0x1F13
mem[X,0x0000000080000ED6] -> 0x00BF
[950] [M]: 0x0000000080000ED4 (0x00BF1F13) slli x30, x30, 0xb                       inst_84+16
x30 <- 0xFFF6F6B67635F000

mem[X,0x0000000080000ED8] -> 0x0F13
mem[X,0x0000000080000EDA] -> 0x5B5F
[951] [M]: 0x0000000080000ED8 (0x5B5F0F13) addi x30, x30, 0x5b5                     inst_84+20
x30 <- 0xFFF6F6B67635F5B5

clint mtime 0x00000000000001DC (mip.MTI <- 0b1, mip.STI <- 0b0)
mem[X,0x0000000080000EDC] -> 0x1F13
mem[X,0x0000000080000EDE] -> 0x00AF
[952] [M]: 0x0000000080000EDC (0x00AF1F13) slli x30, x30, 0xa                       inst_84+24
x30 <- 0xDBDAD9D8D7D6D400

mem[X,0x0000000080000EE0] -> 0x0F13
mem[X,0x0000000080000EE2] -> 0x1D4F
[953] [M]: 0x0000000080000EE0 (0x1D4F0F13) addi x30, x30, 0x1d4                     inst_84+28
x30 <- 0xDBDAD9D8D7D6D5D4

clint mtime 0x00000000000001DD (mip.MTI <- 0b1, mip.STI <- 0b0)
mem[X,0x0000000080000EE4] -> 0x1F93
mem[X,0x0000000080000EE6] -> 0x31AF
[954] [M]: 0x0000000080000EE4 (0x31AF1F93) aes64ks1i x31, x30, 0xa                  inst_84+32
x31 <- 0xB9573561B9573561

mem[X,0x0000000080000EE8] -> 0xB023
mem[X,0x0000000080000EEA] -> 0x1DF2
[955] [M]: 0x0000000080000EE8 (0x1DF2B023) sd x31, 0x1c0(x5)                        inst_84+36
mem[W,0x00000000800033B8] <- 0xB9573561B9573561

clint mtime 0x00000000000001DE (mip.MTI <- 0b1, mip.STI <- 0b0)
mem[X,0x0000000080000EEC] -> 0xDF37
mem[X,0x0000000080000EEE] -> 0xD7D6
[956] [M]: 0x0000000080000EEC (0xD7D6DF37) lui x30, -0x28293                        inst_85+0
x30 <- 0xFFFFFFFFD7D6D000

mem[X,0x0000000080000EF0] -> 0x0F13
mem[X,0x0000000080000EF2] -> 0x5D4F
[957] [M]: 0x0000000080000EF0 (0x5D4F0F13) addi x30, x30, 0x5d4                     inst_85+4
x30 <- 0xFFFFFFFFD7D6D5D4

clint mtime 0x00000000000001DF (mip.MTI <- 0b1, mip.STI <- 0b0)
mem[X,0x0000000080000EF4] -> 0x1F13
mem[X,0x0000000080000EF6] -> 0x00BF
[958] [M]: 0x0000000080000EF4 (0x00BF1F13) slli x30, x30, 0xb                       inst_85+8
x30 <- 0xFFFFFEBEB6AEA000

mem[X,0x0000000080000EF8] -> 0x0F13
mem[X,0x0000000080000EFA] -> 0x69EF
[959] [M]: 0x0000000080000EF8 (0x69EF0F13) addi x30, x30, 0x69e                     inst_85+12
x30 <- 0xFFFFFEBEB6AEA69E

clint mtime 0x00000000000001E0 (mip.MTI <- 0b1, mip.STI <- 0b0)
mem[X,0x0000000080000EFC] -> 0x1F13
mem[X,0x0000000080000EFE] -> 0x00BF
[960] [M]: 0x0000000080000EFC (0x00BF1F13) slli x30, x30, 0xb                       inst_85+16
x30 <- 0xFFF5F5B57534F000

mem[X,0x0000000080000F00] -> 0x0F13
mem[X,0x0000000080000F02] -> 0x4B4F
[961] [M]: 0x0000000080000F00 (0x4B4F0F13) addi x30, x30, 0x4b4                     inst_85+20
x30 <- 0xFFF5F5B57534F4B4

clint mtime 0x00000000000001E1 (mip.MTI <- 0b1, mip.STI <- 0b0)
mem[X,0x0000000080000F04] -> 0x1F13
mem[X,0x0000000080000F06] -> 0x00AF
[962] [M]: 0x0000000080000F04 (0x00AF1F13) slli x30, x30, 0xa                       inst_85+24
x30 <- 0xD7D6D5D4D3D2D000

mem[X,0x0000000080000F08] -> 0x0F13
mem[X,0x0000000080000F0A] -> 0x1D0F
[963] [M]: 0x0000000080000F08 (0x1D0F0F13) addi x30, x30, 0x1d0                     inst_85+28
x30 <- 0xD7D6D5D4D3D2D1D0

clint mtime 0x00000000000001E2 (mip.MTI <- 0b1, mip.STI <- 0b0)
mem[X,0x0000000080000F0C] -> 0x1F93
mem[X,0x0000000080000F0E] -> 0x31AF
[964] [M]: 0x0000000080000F0C (0x31AF1F93) aes64ks1i x31, x30, 0xa                  inst_85+32
x31 <- 0x0EF603480EF60348

mem[X,0x0000000080000F10] -> 0xB423
mem[X,0x0000000080000F12] -> 0x1DF2
[965] [M]: 0x0000000080000F10 (0x1DF2B423) sd x31, 0x1c8(x5)                        inst_85+36
mem[W,0x00000000800033C0] <- 0x0EF603480EF60348

clint mtime 0x00000000000001E3 (mip.MTI <- 0b1, mip.STI <- 0b0)
mem[X,0x0000000080000F14] -> 0x006F
mem[X,0x0000000080000F16] -> 0x0380
[966] [M]: 0x0000000080000F14 (0x0380006F) jal x0, 0x38                             rvtest_code_end+0

mem[X,0x0000000080000F4C] -> 0x0093
mem[X,0x0000000080000F4E] -> 0x0010
[967] [M]: 0x0000000080000F4C (0x00100093) addi x1, x0, 0x1                         exit_cleanup+0
x1 <- 0x0000000000000001

clint mtime 0x00000000000001E4 (mip.MTI <- 0b1, mip.STI <- 0b0)
mem[X,0x0000000080000F50] -> 0x0397
mem[X,0x0000000080000F52] -> 0x0000
[968] [M]: 0x0000000080000F50 (0x00000397) auipc x7, 0x0                            exit_cleanup+4
x7 <- 0x0000000080000F50

mem[X,0x0000000080000F54] -> 0xA823
mem[X,0x0000000080000F56] -> 0x0A13
[969] [M]: 0x0000000080000F54 (0x0A13A823) sw x1, 0xb0(x7)                          exit_cleanup+8
htif[0x0000000080001000] <- 0x00000001
mem[W,0x0000000080001000] <- 0x00000001

clint mtime 0x00000000000001E5 (mip.MTI <- 0b1, mip.STI <- 0b0)
mem[X,0x0000000080000F58] -> 0xF06F
mem[X,0x0000000080000F5A] -> 0xFF9F
[970] [M]: 0x0000000080000F58 (0xFF9FF06F) jal x0, -0x8                             exit_cleanup+12

mem[X,0x0000000080000F50] -> 0x0397
mem[X,0x0000000080000F52] -> 0x0000
[971] [M]: 0x0000000080000F50 (0x00000397) auipc x7, 0x0                            exit_cleanup+4
x7 <- 0x0000000080000F50

clint mtime 0x00000000000001E6 (mip.MTI <- 0b1, mip.STI <- 0b0)
mem[X,0x0000000080000F54] -> 0xA823
mem[X,0x0000000080000F56] -> 0x0A13
[972] [M]: 0x0000000080000F54 (0x0A13A823) sw x1, 0xb0(x7)                          exit_cleanup+8
htif[0x0000000080001000] <- 0x00000001
mem[W,0x0000000080001000] <- 0x00000001

mem[X,0x0000000080000F58] -> 0xF06F
mem[X,0x0000000080000F5A] -> 0xFF9F
[973] [M]: 0x0000000080000F58 (0xFF9FF06F) jal x0, -0x8                             exit_cleanup+12

clint mtime 0x00000000000001E7 (mip.MTI <- 0b1, mip.STI <- 0b0)
mem[X,0x0000000080000F50] -> 0x0397
mem[X,0x0000000080000F52] -> 0x0000
[974] [M]: 0x0000000080000F50 (0x00000397) auipc x7, 0x0                            exit_cleanup+4
x7 <- 0x0000000080000F50

mem[X,0x0000000080000F54] -> 0xA823
mem[X,0x0000000080000F56] -> 0x0A13
[975] [M]: 0x0000000080000F54 (0x0A13A823) sw x1, 0xb0(x7)                          exit_cleanup+8
htif[0x0000000080001000] <- 0x00000001
htif-syscall-proxy cmd: 0x000000000001
mem[W,0x0000000080001000] <- 0x00000001

SUCCESS
clint mtime 0x00000000000001E8 (mip.MTI <- 0b1, mip.STI <- 0b0)
