using /opt/riscv-arch-test/riscof-plugins/rv64/riscof_work/B/src/bseti-01.S/ref/Reference-sail_c_simulator.signature for test-signature output.
setting signature-granularity to 8 bytes
HTIF located at 0x80002000
begin_signature: 0x80004110
end_signature: 0x80004610
Entry point: 0x80000000
CSR mstatus (0x300) <- 0x0000000A00000000
CSR misa (0x301) <- 0x800000000034112F
CSR mcause (0x342) <- 0x0000000000000000
x10 <- 0x0000000000000000
x11 <- 0x0000000000001000
mem[X,0x0000000080000000] -> 0x0837
mem[X,0x0000000080000002] -> 0x7D5C
[0] [M]: 0x0000000080000000 (0x7D5C0837) lui x16, 0x7d5c0                           rvtest_init+0
x16 <- 0x000000007D5C0000

mem[X,0x0000000080000004] -> 0x0813
mem[X,0x0000000080000006] -> 0xDDB8
[1] [M]: 0x0000000080000004 (0xDDB80813) addi x16, x16, -0x225                      rvtest_init+4
x16 <- 0x000000007D5BFDDB

clint mtime 0x0000000000000001 (mip.MTI <- 0b1, mip.STI <- 0b0)
mem[X,0x0000000080000008] -> 0x1813
mem[X,0x000000008000000A] -> 0x00B8
[2] [M]: 0x0000000080000008 (0x00B81813) slli x16, x16, 0xb                         rvtest_init+8
x16 <- 0x000003EADFEED800

mem[X,0x000000008000000C] -> 0x0813
mem[X,0x000000008000000E] -> 0x3EA8
[3] [M]: 0x000000008000000C (0x3EA80813) addi x16, x16, 0x3ea                       rvtest_init+12
x16 <- 0x000003EADFEEDBEA

clint mtime 0x0000000000000002 (mip.MTI <- 0b1, mip.STI <- 0b0)
mem[X,0x0000000080000010] -> 0x1813
mem[X,0x0000000080000012] -> 0x00B8
[4] [M]: 0x0000000080000010 (0x00B81813) slli x16, x16, 0xb                         rvtest_init+16
x16 <- 0x001F56FF76DF5000

mem[X,0x0000000080000014] -> 0x0813
mem[X,0x0000000080000016] -> 0x6FF8
[5] [M]: 0x0000000080000014 (0x6FF80813) addi x16, x16, 0x6ff                       rvtest_init+20
x16 <- 0x001F56FF76DF56FF

clint mtime 0x0000000000000003 (mip.MTI <- 0b1, mip.STI <- 0b0)
mem[X,0x0000000080000018] -> 0x1813
mem[X,0x000000008000001A] -> 0x00A8
[6] [M]: 0x0000000080000018 (0x00A81813) slli x16, x16, 0xa                         rvtest_init+24
x16 <- 0x7D5BFDDB7D5BFC00

mem[X,0x000000008000001C] -> 0x0813
mem[X,0x000000008000001E] -> 0x1DB8
[7] [M]: 0x000000008000001C (0x1DB80813) addi x16, x16, 0x1db                       rvtest_init+28
x16 <- 0x7D5BFDDB7D5BFDDB

clint mtime 0x0000000000000004 (mip.MTI <- 0b1, mip.STI <- 0b0)
mem[X,0x0000000080000020] -> 0x5893
mem[X,0x0000000080000022] -> 0x0078
[8] [M]: 0x0000000080000020 (0x00785893) srli x17, x16, 0x7                         rvtest_init+32
x17 <- 0x00FAB7FBB6FAB7FB

mem[X,0x0000000080000024] -> 0x5793
mem[X,0x0000000080000026] -> 0x0398
[9] [M]: 0x0000000080000024 (0x03985793) srli x15, x16, 0x39                        rvtest_init+36
x15 <- 0x000000000000003E

clint mtime 0x0000000000000005 (mip.MTI <- 0b1, mip.STI <- 0b0)
mem[X,0x0000000080000028] -> 0xE8B3
mem[X,0x000000008000002A] -> 0x00F8
[10] [M]: 0x0000000080000028 (0x00F8E8B3) or x17, x17, x15                          rvtest_init+40
x17 <- 0x00FAB7FBB6FAB7FF

mem[X,0x000000008000002C] -> 0xD913
mem[X,0x000000008000002E] -> 0x0078
[11] [M]: 0x000000008000002C (0x0078D913) srli x18, x17, 0x7                        rvtest_init+44
x18 <- 0x0001F56FF76DF56F

clint mtime 0x0000000000000006 (mip.MTI <- 0b1, mip.STI <- 0b0)
mem[X,0x0000000080000030] -> 0xD793
mem[X,0x0000000080000032] -> 0x0398
[12] [M]: 0x0000000080000030 (0x0398D793) srli x15, x17, 0x39                       rvtest_init+48
x15 <- 0x0000000000000000

mem[X,0x0000000080000034] -> 0x6933
mem[X,0x0000000080000036] -> 0x00F9
[13] [M]: 0x0000000080000034 (0x00F96933) or x18, x18, x15                          rvtest_init+52
x18 <- 0x0001F56FF76DF56F

clint mtime 0x0000000000000007 (mip.MTI <- 0b1, mip.STI <- 0b0)
mem[X,0x0000000080000038] -> 0x5993
mem[X,0x000000008000003A] -> 0x0079
[14] [M]: 0x0000000080000038 (0x00795993) srli x19, x18, 0x7                        rvtest_init+56
x19 <- 0x000003EADFEEDBEA

mem[X,0x000000008000003C] -> 0x5793
mem[X,0x000000008000003E] -> 0x0399
[15] [M]: 0x000000008000003C (0x03995793) srli x15, x18, 0x39                       rvtest_init+60
x15 <- 0x0000000000000000

clint mtime 0x0000000000000008 (mip.MTI <- 0b1, mip.STI <- 0b0)
mem[X,0x0000000080000040] -> 0xE9B3
mem[X,0x0000000080000042] -> 0x00F9
[16] [M]: 0x0000000080000040 (0x00F9E9B3) or x19, x19, x15                          rvtest_init+64
x19 <- 0x000003EADFEEDBEA

mem[X,0x0000000080000044] -> 0xDA13
mem[X,0x0000000080000046] -> 0x0079
[17] [M]: 0x0000000080000044 (0x0079DA13) srli x20, x19, 0x7                        rvtest_init+68
x20 <- 0x00000007D5BFDDB7

clint mtime 0x0000000000000009 (mip.MTI <- 0b1, mip.STI <- 0b0)
mem[X,0x0000000080000048] -> 0xD793
mem[X,0x000000008000004A] -> 0x0399
[18] [M]: 0x0000000080000048 (0x0399D793) srli x15, x19, 0x39                       rvtest_init+72
x15 <- 0x0000000000000000

mem[X,0x000000008000004C] -> 0x6A33
mem[X,0x000000008000004E] -> 0x00FA
[19] [M]: 0x000000008000004C (0x00FA6A33) or x20, x20, x15                          rvtest_init+76
x20 <- 0x00000007D5BFDDB7

clint mtime 0x000000000000000A (mip.MTI <- 0b1, mip.STI <- 0b0)
mem[X,0x0000000080000050] -> 0x5A93
mem[X,0x0000000080000052] -> 0x007A
[20] [M]: 0x0000000080000050 (0x007A5A93) srli x21, x20, 0x7                        rvtest_init+80
x21 <- 0x000000000FAB7FBB

mem[X,0x0000000080000054] -> 0x5793
mem[X,0x0000000080000056] -> 0x039A
[21] [M]: 0x0000000080000054 (0x039A5793) srli x15, x20, 0x39                       rvtest_init+84
x15 <- 0x0000000000000000

clint mtime 0x000000000000000B (mip.MTI <- 0b1, mip.STI <- 0b0)
mem[X,0x0000000080000058] -> 0xEAB3
mem[X,0x000000008000005A] -> 0x00FA
[22] [M]: 0x0000000080000058 (0x00FAEAB3) or x21, x21, x15                          rvtest_init+88
x21 <- 0x000000000FAB7FBB

mem[X,0x000000008000005C] -> 0xDB13
mem[X,0x000000008000005E] -> 0x007A
[23] [M]: 0x000000008000005C (0x007ADB13) srli x22, x21, 0x7                        rvtest_init+92
x22 <- 0x00000000001F56FF

clint mtime 0x000000000000000C (mip.MTI <- 0b1, mip.STI <- 0b0)
mem[X,0x0000000080000060] -> 0xD793
mem[X,0x0000000080000062] -> 0x039A
[24] [M]: 0x0000000080000060 (0x039AD793) srli x15, x21, 0x39                       rvtest_init+96
x15 <- 0x0000000000000000

mem[X,0x0000000080000064] -> 0x6B33
mem[X,0x0000000080000066] -> 0x00FB
[25] [M]: 0x0000000080000064 (0x00FB6B33) or x22, x22, x15                          rvtest_init+100
x22 <- 0x00000000001F56FF

clint mtime 0x000000000000000D (mip.MTI <- 0b1, mip.STI <- 0b0)
mem[X,0x0000000080000068] -> 0x5B93
mem[X,0x000000008000006A] -> 0x007B
[26] [M]: 0x0000000080000068 (0x007B5B93) srli x23, x22, 0x7                        rvtest_init+104
x23 <- 0x0000000000003EAD

mem[X,0x000000008000006C] -> 0x5793
mem[X,0x000000008000006E] -> 0x039B
[27] [M]: 0x000000008000006C (0x039B5793) srli x15, x22, 0x39                       rvtest_init+108
x15 <- 0x0000000000000000

clint mtime 0x000000000000000E (mip.MTI <- 0b1, mip.STI <- 0b0)
mem[X,0x0000000080000070] -> 0xEBB3
mem[X,0x0000000080000072] -> 0x00FB
[28] [M]: 0x0000000080000070 (0x00FBEBB3) or x23, x23, x15                          rvtest_init+112
x23 <- 0x0000000000003EAD

mem[X,0x0000000080000074] -> 0xDC13
mem[X,0x0000000080000076] -> 0x007B
[29] [M]: 0x0000000080000074 (0x007BDC13) srli x24, x23, 0x7                        rvtest_init+116
x24 <- 0x000000000000007D

clint mtime 0x000000000000000F (mip.MTI <- 0b1, mip.STI <- 0b0)
mem[X,0x0000000080000078] -> 0xD793
mem[X,0x000000008000007A] -> 0x039B
[30] [M]: 0x0000000080000078 (0x039BD793) srli x15, x23, 0x39                       rvtest_init+120
x15 <- 0x0000000000000000

mem[X,0x000000008000007C] -> 0x6C33
mem[X,0x000000008000007E] -> 0x00FC
[31] [M]: 0x000000008000007C (0x00FC6C33) or x24, x24, x15                          rvtest_init+124
x24 <- 0x000000000000007D

clint mtime 0x0000000000000010 (mip.MTI <- 0b1, mip.STI <- 0b0)
mem[X,0x0000000080000080] -> 0x5C93
mem[X,0x0000000080000082] -> 0x007C
[32] [M]: 0x0000000080000080 (0x007C5C93) srli x25, x24, 0x7                        rvtest_init+128
x25 <- 0x0000000000000000

mem[X,0x0000000080000084] -> 0x5793
mem[X,0x0000000080000086] -> 0x039C
[33] [M]: 0x0000000080000084 (0x039C5793) srli x15, x24, 0x39                       rvtest_init+132
x15 <- 0x0000000000000000

clint mtime 0x0000000000000011 (mip.MTI <- 0b1, mip.STI <- 0b0)
mem[X,0x0000000080000088] -> 0xECB3
mem[X,0x000000008000008A] -> 0x00FC
[34] [M]: 0x0000000080000088 (0x00FCECB3) or x25, x25, x15                          rvtest_init+136
x25 <- 0x0000000000000000

mem[X,0x000000008000008C] -> 0xDD13
mem[X,0x000000008000008E] -> 0x007C
[35] [M]: 0x000000008000008C (0x007CDD13) srli x26, x25, 0x7                        rvtest_init+140
x26 <- 0x0000000000000000

clint mtime 0x0000000000000012 (mip.MTI <- 0b1, mip.STI <- 0b0)
mem[X,0x0000000080000090] -> 0xD793
mem[X,0x0000000080000092] -> 0x039C
[36] [M]: 0x0000000080000090 (0x039CD793) srli x15, x25, 0x39                       rvtest_init+144
x15 <- 0x0000000000000000

mem[X,0x0000000080000094] -> 0x6D33
mem[X,0x0000000080000096] -> 0x00FD
[37] [M]: 0x0000000080000094 (0x00FD6D33) or x26, x26, x15                          rvtest_init+148
x26 <- 0x0000000000000000

clint mtime 0x0000000000000013 (mip.MTI <- 0b1, mip.STI <- 0b0)
mem[X,0x0000000080000098] -> 0x5D93
mem[X,0x000000008000009A] -> 0x007D
[38] [M]: 0x0000000080000098 (0x007D5D93) srli x27, x26, 0x7                        rvtest_init+152
x27 <- 0x0000000000000000

mem[X,0x000000008000009C] -> 0x5793
mem[X,0x000000008000009E] -> 0x039D
[39] [M]: 0x000000008000009C (0x039D5793) srli x15, x26, 0x39                       rvtest_init+156
x15 <- 0x0000000000000000

clint mtime 0x0000000000000014 (mip.MTI <- 0b1, mip.STI <- 0b0)
mem[X,0x00000000800000A0] -> 0xEDB3
mem[X,0x00000000800000A2] -> 0x00FD
[40] [M]: 0x00000000800000A0 (0x00FDEDB3) or x27, x27, x15                          rvtest_init+160
x27 <- 0x0000000000000000

mem[X,0x00000000800000A4] -> 0xDE13
mem[X,0x00000000800000A6] -> 0x007D
[41] [M]: 0x00000000800000A4 (0x007DDE13) srli x28, x27, 0x7                        rvtest_init+164
x28 <- 0x0000000000000000

clint mtime 0x0000000000000015 (mip.MTI <- 0b1, mip.STI <- 0b0)
mem[X,0x00000000800000A8] -> 0xD793
mem[X,0x00000000800000AA] -> 0x039D
[42] [M]: 0x00000000800000A8 (0x039DD793) srli x15, x27, 0x39                       rvtest_init+168
x15 <- 0x0000000000000000

mem[X,0x00000000800000AC] -> 0x6E33
mem[X,0x00000000800000AE] -> 0x00FE
[43] [M]: 0x00000000800000AC (0x00FE6E33) or x28, x28, x15                          rvtest_init+172
x28 <- 0x0000000000000000

clint mtime 0x0000000000000016 (mip.MTI <- 0b1, mip.STI <- 0b0)
mem[X,0x00000000800000B0] -> 0x5E93
mem[X,0x00000000800000B2] -> 0x007E
[44] [M]: 0x00000000800000B0 (0x007E5E93) srli x29, x28, 0x7                        rvtest_init+176
x29 <- 0x0000000000000000

mem[X,0x00000000800000B4] -> 0x5793
mem[X,0x00000000800000B6] -> 0x039E
[45] [M]: 0x00000000800000B4 (0x039E5793) srli x15, x28, 0x39                       rvtest_init+180
x15 <- 0x0000000000000000

clint mtime 0x0000000000000017 (mip.MTI <- 0b1, mip.STI <- 0b0)
mem[X,0x00000000800000B8] -> 0xEEB3
mem[X,0x00000000800000BA] -> 0x00FE
[46] [M]: 0x00000000800000B8 (0x00FEEEB3) or x29, x29, x15                          rvtest_init+184
x29 <- 0x0000000000000000

mem[X,0x00000000800000BC] -> 0xDF13
mem[X,0x00000000800000BE] -> 0x007E
[47] [M]: 0x00000000800000BC (0x007EDF13) srli x30, x29, 0x7                        rvtest_init+188
x30 <- 0x0000000000000000

clint mtime 0x0000000000000018 (mip.MTI <- 0b1, mip.STI <- 0b0)
mem[X,0x00000000800000C0] -> 0xD793
mem[X,0x00000000800000C2] -> 0x039E
[48] [M]: 0x00000000800000C0 (0x039ED793) srli x15, x29, 0x39                       rvtest_init+192
x15 <- 0x0000000000000000

mem[X,0x00000000800000C4] -> 0x6F33
mem[X,0x00000000800000C6] -> 0x00FF
[49] [M]: 0x00000000800000C4 (0x00FF6F33) or x30, x30, x15                          rvtest_init+196
x30 <- 0x0000000000000000

clint mtime 0x0000000000000019 (mip.MTI <- 0b1, mip.STI <- 0b0)
mem[X,0x00000000800000C8] -> 0xC0B7
mem[X,0x00000000800000CA] -> 0xFEED
[50] [M]: 0x00000000800000C8 (0xFEEDC0B7) lui x1, -0x1124                           rvtest_init+200
x1 <- 0xFFFFFFFFFEEDC000

mem[X,0x00000000800000CC] -> 0x8093
mem[X,0x00000000800000CE] -> 0xEAD0
[51] [M]: 0x00000000800000CC (0xEAD08093) addi x1, x1, -0x153                       rvtest_init+204
x1 <- 0xFFFFFFFFFEEDBEAD

clint mtime 0x000000000000001A (mip.MTI <- 0b1, mip.STI <- 0b0)
mem[X,0x00000000800000D0] -> 0x9093
mem[X,0x00000000800000D2] -> 0x00B0
[52] [M]: 0x00000000800000D0 (0x00B09093) slli x1, x1, 0xb                          rvtest_init+208
x1 <- 0xFFFFFFF76DF56800

mem[X,0x00000000800000D4] -> 0x8093
mem[X,0x00000000800000D6] -> 0x7F70
[53] [M]: 0x00000000800000D4 (0x7F708093) addi x1, x1, 0x7f7                        rvtest_init+212
x1 <- 0xFFFFFFF76DF56FF7

clint mtime 0x000000000000001B (mip.MTI <- 0b1, mip.STI <- 0b0)
mem[X,0x00000000800000D8] -> 0x9093
mem[X,0x00000000800000DA] -> 0x00B0
[54] [M]: 0x00000000800000D8 (0x00B09093) slli x1, x1, 0xb                          rvtest_init+216
x1 <- 0xFFFFBB6FAB7FB800

mem[X,0x00000000800000DC] -> 0x8093
mem[X,0x00000000800000DE] -> 0x36F0
[55] [M]: 0x00000000800000DC (0x36F08093) addi x1, x1, 0x36f                        rvtest_init+220
x1 <- 0xFFFFBB6FAB7FBB6F

clint mtime 0x000000000000001C (mip.MTI <- 0b1, mip.STI <- 0b0)
mem[X,0x00000000800000E0] -> 0x9093
mem[X,0x00000000800000E2] -> 0x00A0
[56] [M]: 0x00000000800000E0 (0x00A09093) slli x1, x1, 0xa                          rvtest_init+224
x1 <- 0xFEEDBEADFEEDBC00

mem[X,0x00000000800000E4] -> 0x8093
mem[X,0x00000000800000E6] -> 0x2AD0
[57] [M]: 0x00000000800000E4 (0x2AD08093) addi x1, x1, 0x2ad                        rvtest_init+228
x1 <- 0xFEEDBEADFEEDBEAD

clint mtime 0x000000000000001D (mip.MTI <- 0b1, mip.STI <- 0b0)
mem[X,0x00000000800000E8] -> 0xD113
mem[X,0x00000000800000EA] -> 0x0070
[58] [M]: 0x00000000800000E8 (0x0070D113) srli x2, x1, 0x7                          rvtest_init+232
x2 <- 0x01FDDB7D5BFDDB7D

mem[X,0x00000000800000EC] -> 0xD793
mem[X,0x00000000800000EE] -> 0x0390
[59] [M]: 0x00000000800000EC (0x0390D793) srli x15, x1, 0x39                        rvtest_init+236
x15 <- 0x000000000000007F

clint mtime 0x000000000000001E (mip.MTI <- 0b1, mip.STI <- 0b0)
mem[X,0x00000000800000F0] -> 0x6133
mem[X,0x00000000800000F2] -> 0x00F1
[60] [M]: 0x00000000800000F0 (0x00F16133) or x2, x2, x15                            rvtest_init+240
x2 <- 0x01FDDB7D5BFDDB7F

mem[X,0x00000000800000F4] -> 0x5193
mem[X,0x00000000800000F6] -> 0x0071
[61] [M]: 0x00000000800000F4 (0x00715193) srli x3, x2, 0x7                          rvtest_init+244
x3 <- 0x0003FBB6FAB7FBB6

clint mtime 0x000000000000001F (mip.MTI <- 0b1, mip.STI <- 0b0)
mem[X,0x00000000800000F8] -> 0x5793
mem[X,0x00000000800000FA] -> 0x0391
[62] [M]: 0x00000000800000F8 (0x03915793) srli x15, x2, 0x39                        rvtest_init+248
x15 <- 0x0000000000000000

mem[X,0x00000000800000FC] -> 0xE1B3
mem[X,0x00000000800000FE] -> 0x00F1
[63] [M]: 0x00000000800000FC (0x00F1E1B3) or x3, x3, x15                            rvtest_init+252
x3 <- 0x0003FBB6FAB7FBB6

clint mtime 0x0000000000000020 (mip.MTI <- 0b1, mip.STI <- 0b0)
mem[X,0x0000000080000100] -> 0xD213
mem[X,0x0000000080000102] -> 0x0071
[64] [M]: 0x0000000080000100 (0x0071D213) srli x4, x3, 0x7                          rvtest_init+256
x4 <- 0x000007F76DF56FF7

mem[X,0x0000000080000104] -> 0xD793
mem[X,0x0000000080000106] -> 0x0391
[65] [M]: 0x0000000080000104 (0x0391D793) srli x15, x3, 0x39                        rvtest_init+260
x15 <- 0x0000000000000000

clint mtime 0x0000000000000021 (mip.MTI <- 0b1, mip.STI <- 0b0)
mem[X,0x0000000080000108] -> 0x6233
mem[X,0x000000008000010A] -> 0x00F2
[66] [M]: 0x0000000080000108 (0x00F26233) or x4, x4, x15                            rvtest_init+264
x4 <- 0x000007F76DF56FF7

mem[X,0x000000008000010C] -> 0x5293
mem[X,0x000000008000010E] -> 0x0072
[67] [M]: 0x000000008000010C (0x00725293) srli x5, x4, 0x7                          rvtest_init+268
x5 <- 0x0000000FEEDBEADF

clint mtime 0x0000000000000022 (mip.MTI <- 0b1, mip.STI <- 0b0)
mem[X,0x0000000080000110] -> 0x5793
mem[X,0x0000000080000112] -> 0x0392
[68] [M]: 0x0000000080000110 (0x03925793) srli x15, x4, 0x39                        rvtest_init+272
x15 <- 0x0000000000000000

mem[X,0x0000000080000114] -> 0xE2B3
mem[X,0x0000000080000116] -> 0x00F2
[69] [M]: 0x0000000080000114 (0x00F2E2B3) or x5, x5, x15                            rvtest_init+276
x5 <- 0x0000000FEEDBEADF

clint mtime 0x0000000000000023 (mip.MTI <- 0b1, mip.STI <- 0b0)
mem[X,0x0000000080000118] -> 0xD313
mem[X,0x000000008000011A] -> 0x0072
[70] [M]: 0x0000000080000118 (0x0072D313) srli x6, x5, 0x7                          rvtest_init+280
x6 <- 0x000000001FDDB7D5

mem[X,0x000000008000011C] -> 0xD793
mem[X,0x000000008000011E] -> 0x0392
[71] [M]: 0x000000008000011C (0x0392D793) srli x15, x5, 0x39                        rvtest_init+284
x15 <- 0x0000000000000000

clint mtime 0x0000000000000024 (mip.MTI <- 0b1, mip.STI <- 0b0)
mem[X,0x0000000080000120] -> 0x6333
mem[X,0x0000000080000122] -> 0x00F3
[72] [M]: 0x0000000080000120 (0x00F36333) or x6, x6, x15                            rvtest_init+288
x6 <- 0x000000001FDDB7D5

mem[X,0x0000000080000124] -> 0x5393
mem[X,0x0000000080000126] -> 0x0073
[73] [M]: 0x0000000080000124 (0x00735393) srli x7, x6, 0x7                          rvtest_init+292
x7 <- 0x00000000003FBB6F

clint mtime 0x0000000000000025 (mip.MTI <- 0b1, mip.STI <- 0b0)
mem[X,0x0000000080000128] -> 0x5793
mem[X,0x000000008000012A] -> 0x0393
[74] [M]: 0x0000000080000128 (0x03935793) srli x15, x6, 0x39                        rvtest_init+296
x15 <- 0x0000000000000000

mem[X,0x000000008000012C] -> 0xE3B3
mem[X,0x000000008000012E] -> 0x00F3
[75] [M]: 0x000000008000012C (0x00F3E3B3) or x7, x7, x15                            rvtest_init+300
x7 <- 0x00000000003FBB6F

clint mtime 0x0000000000000026 (mip.MTI <- 0b1, mip.STI <- 0b0)
mem[X,0x0000000080000130] -> 0xD413
mem[X,0x0000000080000132] -> 0x0073
[76] [M]: 0x0000000080000130 (0x0073D413) srli x8, x7, 0x7                          rvtest_init+304
x8 <- 0x0000000000007F76

mem[X,0x0000000080000134] -> 0xD793
mem[X,0x0000000080000136] -> 0x0393
[77] [M]: 0x0000000080000134 (0x0393D793) srli x15, x7, 0x39                        rvtest_init+308
x15 <- 0x0000000000000000

clint mtime 0x0000000000000027 (mip.MTI <- 0b1, mip.STI <- 0b0)
mem[X,0x0000000080000138] -> 0x6433
mem[X,0x000000008000013A] -> 0x00F4
[78] [M]: 0x0000000080000138 (0x00F46433) or x8, x8, x15                            rvtest_init+312
x8 <- 0x0000000000007F76

mem[X,0x000000008000013C] -> 0x5493
mem[X,0x000000008000013E] -> 0x0074
[79] [M]: 0x000000008000013C (0x00745493) srli x9, x8, 0x7                          rvtest_init+316
x9 <- 0x00000000000000FE

clint mtime 0x0000000000000028 (mip.MTI <- 0b1, mip.STI <- 0b0)
mem[X,0x0000000080000140] -> 0x5793
mem[X,0x0000000080000142] -> 0x0394
[80] [M]: 0x0000000080000140 (0x03945793) srli x15, x8, 0x39                        rvtest_init+320
x15 <- 0x0000000000000000

mem[X,0x0000000080000144] -> 0xE4B3
mem[X,0x0000000080000146] -> 0x00F4
[81] [M]: 0x0000000080000144 (0x00F4E4B3) or x9, x9, x15                            rvtest_init+324
x9 <- 0x00000000000000FE

clint mtime 0x0000000000000029 (mip.MTI <- 0b1, mip.STI <- 0b0)
mem[X,0x0000000080000148] -> 0xD513
mem[X,0x000000008000014A] -> 0x0074
[82] [M]: 0x0000000080000148 (0x0074D513) srli x10, x9, 0x7                         rvtest_init+328
x10 <- 0x0000000000000001

mem[X,0x000000008000014C] -> 0xD793
mem[X,0x000000008000014E] -> 0x0394
[83] [M]: 0x000000008000014C (0x0394D793) srli x15, x9, 0x39                        rvtest_init+332
x15 <- 0x0000000000000000

clint mtime 0x000000000000002A (mip.MTI <- 0b1, mip.STI <- 0b0)
mem[X,0x0000000080000150] -> 0x6533
mem[X,0x0000000080000152] -> 0x00F5
[84] [M]: 0x0000000080000150 (0x00F56533) or x10, x10, x15                          rvtest_init+336
x10 <- 0x0000000000000001

mem[X,0x0000000080000154] -> 0x5593
mem[X,0x0000000080000156] -> 0x0075
[85] [M]: 0x0000000080000154 (0x00755593) srli x11, x10, 0x7                        rvtest_init+340
x11 <- 0x0000000000000000

clint mtime 0x000000000000002B (mip.MTI <- 0b1, mip.STI <- 0b0)
mem[X,0x0000000080000158] -> 0x5793
mem[X,0x000000008000015A] -> 0x0395
[86] [M]: 0x0000000080000158 (0x03955793) srli x15, x10, 0x39                       rvtest_init+344
x15 <- 0x0000000000000000

mem[X,0x000000008000015C] -> 0xE5B3
mem[X,0x000000008000015E] -> 0x00F5
[87] [M]: 0x000000008000015C (0x00F5E5B3) or x11, x11, x15                          rvtest_init+348
x11 <- 0x0000000000000000

clint mtime 0x000000000000002C (mip.MTI <- 0b1, mip.STI <- 0b0)
mem[X,0x0000000080000160] -> 0xD613
mem[X,0x0000000080000162] -> 0x0075
[88] [M]: 0x0000000080000160 (0x0075D613) srli x12, x11, 0x7                        rvtest_init+352
x12 <- 0x0000000000000000

mem[X,0x0000000080000164] -> 0xD793
mem[X,0x0000000080000166] -> 0x0395
[89] [M]: 0x0000000080000164 (0x0395D793) srli x15, x11, 0x39                       rvtest_init+356
x15 <- 0x0000000000000000

clint mtime 0x000000000000002D (mip.MTI <- 0b1, mip.STI <- 0b0)
mem[X,0x0000000080000168] -> 0x6633
mem[X,0x000000008000016A] -> 0x00F6
[90] [M]: 0x0000000080000168 (0x00F66633) or x12, x12, x15                          rvtest_init+360
x12 <- 0x0000000000000000

mem[X,0x000000008000016C] -> 0x5693
mem[X,0x000000008000016E] -> 0x0076
[91] [M]: 0x000000008000016C (0x00765693) srli x13, x12, 0x7                        rvtest_init+364
x13 <- 0x0000000000000000

clint mtime 0x000000000000002E (mip.MTI <- 0b1, mip.STI <- 0b0)
mem[X,0x0000000080000170] -> 0x5793
mem[X,0x0000000080000172] -> 0x0396
[92] [M]: 0x0000000080000170 (0x03965793) srli x15, x12, 0x39                       rvtest_init+368
x15 <- 0x0000000000000000

mem[X,0x0000000080000174] -> 0xE6B3
mem[X,0x0000000080000176] -> 0x00F6
[93] [M]: 0x0000000080000174 (0x00F6E6B3) or x13, x13, x15                          rvtest_init+372
x13 <- 0x0000000000000000

clint mtime 0x000000000000002F (mip.MTI <- 0b1, mip.STI <- 0b0)
mem[X,0x0000000080000178] -> 0x0013
mem[X,0x000000008000017A] -> 0x0000
[94] [M]: 0x0000000080000178 (0x00000013) addi x0, x0, 0x0                          rvtest_code_begin+0

mem[X,0x000000008000017C] -> 0x0013
mem[X,0x000000008000017E] -> 0x0000
[95] [M]: 0x000000008000017C (0x00000013) addi x0, x0, 0x0                          rvtest_code_begin+4

clint mtime 0x0000000000000030 (mip.MTI <- 0b1, mip.STI <- 0b0)
mem[X,0x0000000080000180] -> 0x4097
mem[X,0x0000000080000182] -> 0x0000
[96] [M]: 0x0000000080000180 (0x00004097) auipc x1, 0x4                             rvtest_code_begin+8
x1 <- 0x0000000080004180

mem[X,0x0000000080000184] -> 0x8093
mem[X,0x0000000080000186] -> 0xF980
[97] [M]: 0x0000000080000184 (0xF9808093) addi x1, x1, -0x68                        rvtest_code_begin+12
x1 <- 0x0000000080004118

clint mtime 0x0000000000000031 (mip.MTI <- 0b1, mip.STI <- 0b0)
mem[X,0x0000000080000188] -> 0x0013
mem[X,0x000000008000018A] -> 0x0000
[98] [M]: 0x0000000080000188 (0x00000013) addi x0, x0, 0x0                          rvtest_code_begin+16

mem[X,0x000000008000018C] -> 0x0013
mem[X,0x000000008000018E] -> 0x0000
[99] [M]: 0x000000008000018C (0x00000013) addi x0, x0, 0x0                          rvtest_code_begin+20

clint mtime 0x0000000000000032 (mip.MTI <- 0b1, mip.STI <- 0b0)
mem[X,0x0000000080000190] -> 0x0013
mem[X,0x0000000080000192] -> 0x0000
[100] [M]: 0x0000000080000190 (0x00000013) addi x0, x0, 0x0                         rvtest_code_begin+24

mem[X,0x0000000080000194] -> 0x0013
mem[X,0x0000000080000196] -> 0x0000
[101] [M]: 0x0000000080000194 (0x00000013) addi x0, x0, 0x0                         rvtest_code_begin+28

clint mtime 0x0000000000000033 (mip.MTI <- 0b1, mip.STI <- 0b0)
mem[X,0x0000000080000198] -> 0x0013
mem[X,0x000000008000019A] -> 0x0000
[102] [M]: 0x0000000080000198 (0x00000013) addi x0, x0, 0x0                         rvtest_code_begin+32

mem[X,0x000000008000019C] -> 0x0013
mem[X,0x000000008000019E] -> 0x0000
[103] [M]: 0x000000008000019C (0x00000013) addi x0, x0, 0x0                         rvtest_code_begin+36

clint mtime 0x0000000000000034 (mip.MTI <- 0b1, mip.STI <- 0b0)
mem[X,0x00000000800001A0] -> 0x0F13
mem[X,0x00000000800001A2] -> 0xFFF0
[104] [M]: 0x00000000800001A0 (0xFFF00F13) addi x30, x0, -0x1                       inst_0+0
x30 <- 0xFFFFFFFFFFFFFFFF

mem[X,0x00000000800001A4] -> 0x5F13
mem[X,0x00000000800001A6] -> 0x020F
[105] [M]: 0x00000000800001A4 (0x020F5F13) srli x30, x30, 0x20                      inst_0+4
x30 <- 0x00000000FFFFFFFF

clint mtime 0x0000000000000035 (mip.MTI <- 0b1, mip.STI <- 0b0)
mem[X,0x00000000800001A8] -> 0x1F93
mem[X,0x00000000800001AA] -> 0x282F
[106] [M]: 0x00000000800001A8 (0x282F1F93) bseti x31, x30, 0x2                      inst_0+8
x31 <- 0x00000000FFFFFFFF

mem[X,0x00000000800001AC] -> 0xB023
mem[X,0x00000000800001AE] -> 0x01F0
[107] [M]: 0x00000000800001AC (0x01F0B023) sd x31, 0x0(x1)                          inst_0+12
mem[W,0x0000000080004118] <- 0x00000000FFFFFFFF

clint mtime 0x0000000000000036 (mip.MTI <- 0b1, mip.STI <- 0b0)
mem[X,0x00000000800001B0] -> 0x0EB7
mem[X,0x00000000800001B2] -> 0x0000
[108] [M]: 0x00000000800001B0 (0x00000EB7) lui x29, 0x0                             inst_1+0
x29 <- 0x0000000000000000

mem[X,0x00000000800001B4] -> 0x8E93
mem[X,0x00000000800001B6] -> 0x000E
[109] [M]: 0x00000000800001B4 (0x000E8E93) addi x29, x29, 0x0                       inst_1+4
x29 <- 0x0000000000000000

clint mtime 0x0000000000000037 (mip.MTI <- 0b1, mip.STI <- 0b0)
mem[X,0x00000000800001B8] -> 0x9E93
mem[X,0x00000000800001BA] -> 0x00BE
[110] [M]: 0x00000000800001B8 (0x00BE9E93) slli x29, x29, 0xb                       inst_1+8
x29 <- 0x0000000000000000

mem[X,0x00000000800001BC] -> 0x8E93
mem[X,0x00000000800001BE] -> 0x16FE
[111] [M]: 0x00000000800001BC (0x16FE8E93) addi x29, x29, 0x16f                     inst_1+12
x29 <- 0x000000000000016F

clint mtime 0x0000000000000038 (mip.MTI <- 0b1, mip.STI <- 0b0)
mem[X,0x00000000800001C0] -> 0x9E93
mem[X,0x00000000800001C2] -> 0x00BE
[112] [M]: 0x00000000800001C0 (0x00BE9E93) slli x29, x29, 0xb                       inst_1+16
x29 <- 0x00000000000B7800

mem[X,0x00000000800001C4] -> 0x8E93
mem[X,0x00000000800001C6] -> 0x36DE
[113] [M]: 0x00000000800001C4 (0x36DE8E93) addi x29, x29, 0x36d                     inst_1+20
x29 <- 0x00000000000B7B6D

clint mtime 0x0000000000000039 (mip.MTI <- 0b1, mip.STI <- 0b0)
mem[X,0x00000000800001C8] -> 0x9E93
mem[X,0x00000000800001CA] -> 0x00AE
[114] [M]: 0x00000000800001C8 (0x00AE9E93) slli x29, x29, 0xa                       inst_1+24
x29 <- 0x000000002DEDB400

mem[X,0x00000000800001CC] -> 0x8E93
mem[X,0x00000000800001CE] -> 0x2A7E
[115] [M]: 0x00000000800001CC (0x2A7E8E93) addi x29, x29, 0x2a7                     inst_1+28
x29 <- 0x000000002DEDB6A7

clint mtime 0x000000000000003A (mip.MTI <- 0b1, mip.STI <- 0b0)
mem[X,0x00000000800001D0] -> 0x9E93
mem[X,0x00000000800001D2] -> 0x280E
[116] [M]: 0x00000000800001D0 (0x280E9E93) bseti x29, x29, 0x0                      inst_1+32
x29 <- 0x000000002DEDB6A7

mem[X,0x00000000800001D4] -> 0xB423
mem[X,0x00000000800001D6] -> 0x01D0
[117] [M]: 0x00000000800001D4 (0x01D0B423) sd x29, 0x8(x1)                          inst_1+36
mem[W,0x0000000080004120] <- 0x000000002DEDB6A7

clint mtime 0x000000000000003B (mip.MTI <- 0b1, mip.STI <- 0b0)
mem[X,0x00000000800001D8] -> 0xEFB7
mem[X,0x00000000800001DA] -> 0x0784
[118] [M]: 0x00000000800001D8 (0x0784EFB7) lui x31, 0x784e                          inst_2+0
x31 <- 0x000000000784E000

mem[X,0x00000000800001DC] -> 0x8F93
mem[X,0x00000000800001DE] -> 0x4E5F
[119] [M]: 0x00000000800001DC (0x4E5F8F93) addi x31, x31, 0x4e5                     inst_2+4
x31 <- 0x000000000784E4E5

clint mtime 0x000000000000003C (mip.MTI <- 0b1, mip.STI <- 0b0)
mem[X,0x00000000800001E0] -> 0x9F93
mem[X,0x00000000800001E2] -> 0x003F
[120] [M]: 0x00000000800001E0 (0x003F9F93) slli x31, x31, 0x3                       inst_2+8
x31 <- 0x000000003C272728

mem[X,0x00000000800001E4] -> 0x9F13
mem[X,0x00000000800001E6] -> 0x290F
[121] [M]: 0x00000000800001E4 (0x290F9F13) bseti x30, x31, 0x10                     inst_2+12
x30 <- 0x000000003C272728

clint mtime 0x000000000000003D (mip.MTI <- 0b1, mip.STI <- 0b0)
mem[X,0x00000000800001E8] -> 0xB823
mem[X,0x00000000800001EA] -> 0x01E0
[122] [M]: 0x00000000800001E8 (0x01E0B823) sd x30, 0x10(x1)                         inst_2+16
mem[W,0x0000000080004128] <- 0x000000003C272728

mem[X,0x00000000800001EC] -> 0x0DB7
mem[X,0x00000000800001EE] -> 0x0000
[123] [M]: 0x00000000800001EC (0x00000DB7) lui x27, 0x0                             inst_3+0
x27 <- 0x0000000000000000

clint mtime 0x000000000000003E (mip.MTI <- 0b1, mip.STI <- 0b0)
mem[X,0x00000000800001F0] -> 0x8D93
mem[X,0x00000000800001F2] -> 0x000D
[124] [M]: 0x00000000800001F0 (0x000D8D93) addi x27, x27, 0x0                       inst_3+4
x27 <- 0x0000000000000000

mem[X,0x00000000800001F4] -> 0x9D93
mem[X,0x00000000800001F6] -> 0x00BD
[125] [M]: 0x00000000800001F4 (0x00BD9D93) slli x27, x27, 0xb                       inst_3+8
x27 <- 0x0000000000000000

clint mtime 0x000000000000003F (mip.MTI <- 0b1, mip.STI <- 0b0)
mem[X,0x00000000800001F8] -> 0x8D93
mem[X,0x00000000800001FA] -> 0x27AD
[126] [M]: 0x00000000800001F8 (0x27AD8D93) addi x27, x27, 0x27a                     inst_3+12
x27 <- 0x000000000000027A

mem[X,0x00000000800001FC] -> 0x9D93
mem[X,0x00000000800001FE] -> 0x00BD
[127] [M]: 0x00000000800001FC (0x00BD9D93) slli x27, x27, 0xb                       inst_3+16
x27 <- 0x000000000013D000

clint mtime 0x0000000000000040 (mip.MTI <- 0b1, mip.STI <- 0b0)
mem[X,0x0000000080000200] -> 0x8D93
mem[X,0x0000000080000202] -> 0x571D
[128] [M]: 0x0000000080000200 (0x571D8D93) addi x27, x27, 0x571                     inst_3+20
x27 <- 0x000000000013D571

mem[X,0x0000000080000204] -> 0x9D93
mem[X,0x0000000080000206] -> 0x00AD
[129] [M]: 0x0000000080000204 (0x00AD9D93) slli x27, x27, 0xa                       inst_3+24
x27 <- 0x000000004F55C400

clint mtime 0x0000000000000041 (mip.MTI <- 0b1, mip.STI <- 0b0)
mem[X,0x0000000080000208] -> 0x8D93
mem[X,0x000000008000020A] -> 0x33DD
[130] [M]: 0x0000000080000208 (0x33DD8D93) addi x27, x27, 0x33d                     inst_3+28
x27 <- 0x000000004F55C73D

mem[X,0x000000008000020C] -> 0x9E13
mem[X,0x000000008000020E] -> 0x298D
[131] [M]: 0x000000008000020C (0x298D9E13) bseti x28, x27, 0x18                     inst_3+32
x28 <- 0x000000004F55C73D

clint mtime 0x0000000000000042 (mip.MTI <- 0b1, mip.STI <- 0b0)
mem[X,0x0000000080000210] -> 0xBC23
mem[X,0x0000000080000212] -> 0x01C0
[132] [M]: 0x0000000080000210 (0x01C0BC23) sd x28, 0x18(x1)                         inst_3+36
mem[W,0x0000000080004130] <- 0x000000004F55C73D

mem[X,0x0000000080000214] -> 0x0E37
mem[X,0x0000000080000216] -> 0x0000
[133] [M]: 0x0000000080000214 (0x00000E37) lui x28, 0x0                             inst_4+0
x28 <- 0x0000000000000000

clint mtime 0x0000000000000043 (mip.MTI <- 0b1, mip.STI <- 0b0)
mem[X,0x0000000080000218] -> 0x0E13
mem[X,0x000000008000021A] -> 0x000E
[134] [M]: 0x0000000080000218 (0x000E0E13) addi x28, x28, 0x0                       inst_4+4
x28 <- 0x0000000000000000

mem[X,0x000000008000021C] -> 0x1E13
mem[X,0x000000008000021E] -> 0x00BE
[135] [M]: 0x000000008000021C (0x00BE1E13) slli x28, x28, 0xb                       inst_4+8
x28 <- 0x0000000000000000

clint mtime 0x0000000000000044 (mip.MTI <- 0b1, mip.STI <- 0b0)
mem[X,0x0000000080000220] -> 0x0E13
mem[X,0x0000000080000222] -> 0x585E
[136] [M]: 0x0000000080000220 (0x585E0E13) addi x28, x28, 0x585                     inst_4+12
x28 <- 0x0000000000000585

mem[X,0x0000000080000224] -> 0x1E13
mem[X,0x0000000080000226] -> 0x00BE
[137] [M]: 0x0000000080000224 (0x00BE1E13) slli x28, x28, 0xb                       inst_4+16
x28 <- 0x00000000002C2800

clint mtime 0x0000000000000045 (mip.MTI <- 0b1, mip.STI <- 0b0)
mem[X,0x0000000080000228] -> 0x0E13
mem[X,0x000000008000022A] -> 0x2D5E
[138] [M]: 0x0000000080000228 (0x2D5E0E13) addi x28, x28, 0x2d5                     inst_4+20
x28 <- 0x00000000002C2AD5

mem[X,0x000000008000022C] -> 0x1E13
mem[X,0x000000008000022E] -> 0x00AE
[139] [M]: 0x000000008000022C (0x00AE1E13) slli x28, x28, 0xa                       inst_4+24
x28 <- 0x00000000B0AB5400

clint mtime 0x0000000000000046 (mip.MTI <- 0b1, mip.STI <- 0b0)
mem[X,0x0000000080000230] -> 0x0E13
mem[X,0x0000000080000232] -> 0x37AE
[140] [M]: 0x0000000080000230 (0x37AE0E13) addi x28, x28, 0x37a                     inst_4+28
x28 <- 0x00000000B0AB577A

mem[X,0x0000000080000234] -> 0x1D93
mem[X,0x0000000080000236] -> 0x294E
[141] [M]: 0x0000000080000234 (0x294E1D93) bseti x27, x28, 0x14                     inst_4+32
x27 <- 0x00000000B0BB577A

clint mtime 0x0000000000000047 (mip.MTI <- 0b1, mip.STI <- 0b0)
mem[X,0x0000000080000238] -> 0xB023
mem[X,0x000000008000023A] -> 0x03B0
[142] [M]: 0x0000000080000238 (0x03B0B023) sd x27, 0x20(x1)                         inst_4+36
mem[W,0x0000000080004138] <- 0x00000000B0BB577A

mem[X,0x000000008000023C] -> 0x9CB7
mem[X,0x000000008000023E] -> 0x7875
[143] [M]: 0x000000008000023C (0x78759CB7) lui x25, 0x78759                         inst_5+0
x25 <- 0x0000000078759000

clint mtime 0x0000000000000048 (mip.MTI <- 0b1, mip.STI <- 0b0)
mem[X,0x0000000080000240] -> 0x8C93
mem[X,0x0000000080000242] -> 0x0D5C
[144] [M]: 0x0000000080000240 (0x0D5C8C93) addi x25, x25, 0xd5                      inst_5+4
x25 <- 0x00000000787590D5

mem[X,0x0000000080000244] -> 0x9C93
mem[X,0x0000000080000246] -> 0x001C
[145] [M]: 0x0000000080000244 (0x001C9C93) slli x25, x25, 0x1                       inst_5+8
x25 <- 0x00000000F0EB21AA

clint mtime 0x0000000000000049 (mip.MTI <- 0b1, mip.STI <- 0b0)
mem[X,0x0000000080000248] -> 0x9D13
mem[X,0x000000008000024A] -> 0x29AC
[146] [M]: 0x0000000080000248 (0x29AC9D13) bseti x26, x25, 0x1a                     inst_5+12
x26 <- 0x00000000F4EB21AA

mem[X,0x000000008000024C] -> 0xB423
mem[X,0x000000008000024E] -> 0x03A0
[147] [M]: 0x000000008000024C (0x03A0B423) sd x26, 0x28(x1)                         inst_5+16
mem[W,0x0000000080004140] <- 0x00000000F4EB21AA

clint mtime 0x000000000000004A (mip.MTI <- 0b1, mip.STI <- 0b0)
mem[X,0x0000000080000250] -> 0x0D37
mem[X,0x0000000080000252] -> 0x0000
[148] [M]: 0x0000000080000250 (0x00000D37) lui x26, 0x0                             inst_6+0
x26 <- 0x0000000000000000

mem[X,0x0000000080000254] -> 0x0D13
mem[X,0x0000000080000256] -> 0x000D
[149] [M]: 0x0000000080000254 (0x000D0D13) addi x26, x26, 0x0                       inst_6+4
x26 <- 0x0000000000000000

clint mtime 0x000000000000004B (mip.MTI <- 0b1, mip.STI <- 0b0)
mem[X,0x0000000080000258] -> 0x1D13
mem[X,0x000000008000025A] -> 0x00BD
[150] [M]: 0x0000000080000258 (0x00BD1D13) slli x26, x26, 0xb                       inst_6+8
x26 <- 0x0000000000000000

mem[X,0x000000008000025C] -> 0x0D13
mem[X,0x000000008000025E] -> 0x54FD
[151] [M]: 0x000000008000025C (0x54FD0D13) addi x26, x26, 0x54f                     inst_6+12
x26 <- 0x000000000000054F

clint mtime 0x000000000000004C (mip.MTI <- 0b1, mip.STI <- 0b0)
mem[X,0x0000000080000260] -> 0x1D13
mem[X,0x0000000080000262] -> 0x00BD
[152] [M]: 0x0000000080000260 (0x00BD1D13) slli x26, x26, 0xb                       inst_6+16
x26 <- 0x00000000002A7800

mem[X,0x0000000080000264] -> 0x0D13
mem[X,0x0000000080000266] -> 0x05BD
[153] [M]: 0x0000000080000264 (0x05BD0D13) addi x26, x26, 0x5b                      inst_6+20
x26 <- 0x00000000002A785B

clint mtime 0x000000000000004D (mip.MTI <- 0b1, mip.STI <- 0b0)
mem[X,0x0000000080000268] -> 0x1D13
mem[X,0x000000008000026A] -> 0x00AD
[154] [M]: 0x0000000080000268 (0x00AD1D13) slli x26, x26, 0xa                       inst_6+24
x26 <- 0x00000000A9E16C00

mem[X,0x000000008000026C] -> 0x0D13
mem[X,0x000000008000026E] -> 0x227D
[155] [M]: 0x000000008000026C (0x227D0D13) addi x26, x26, 0x227                     inst_6+28
x26 <- 0x00000000A9E16E27

clint mtime 0x000000000000004E (mip.MTI <- 0b1, mip.STI <- 0b0)
mem[X,0x0000000080000270] -> 0x1C93
mem[X,0x0000000080000272] -> 0x29BD
[156] [M]: 0x0000000080000270 (0x29BD1C93) bseti x25, x26, 0x1b                     inst_6+32
x25 <- 0x00000000A9E16E27

mem[X,0x0000000080000274] -> 0xB823
mem[X,0x0000000080000276] -> 0x0390
[157] [M]: 0x0000000080000274 (0x0390B823) sd x25, 0x30(x1)                         inst_6+36
mem[W,0x0000000080004148] <- 0x00000000A9E16E27

clint mtime 0x000000000000004F (mip.MTI <- 0b1, mip.STI <- 0b0)
mem[X,0x0000000080000278] -> 0x0B93
mem[X,0x000000008000027A] -> 0x0000
[158] [M]: 0x0000000080000278 (0x00000B93) addi x23, x0, 0x0                        inst_7+0
x23 <- 0x0000000000000000

mem[X,0x000000008000027C] -> 0x9C13
mem[X,0x000000008000027E] -> 0x28CB
[159] [M]: 0x000000008000027C (0x28CB9C13) bseti x24, x23, 0xc                      inst_7+4
x24 <- 0x0000000000001000

clint mtime 0x0000000000000050 (mip.MTI <- 0b1, mip.STI <- 0b0)
mem[X,0x0000000080000280] -> 0xBC23
mem[X,0x0000000080000282] -> 0x0380
[160] [M]: 0x0000000080000280 (0x0380BC23) sd x24, 0x38(x1)                         inst_7+8
mem[W,0x0000000080004150] <- 0x0000000000001000

mem[X,0x0000000080000284] -> 0x0C13
mem[X,0x0000000080000286] -> 0x0010
[161] [M]: 0x0000000080000284 (0x00100C13) addi x24, x0, 0x1                        inst_8+0
x24 <- 0x0000000000000001

clint mtime 0x0000000000000051 (mip.MTI <- 0b1, mip.STI <- 0b0)
mem[X,0x0000000080000288] -> 0x1C13
mem[X,0x000000008000028A] -> 0x01FC
[162] [M]: 0x0000000080000288 (0x01FC1C13) slli x24, x24, 0x1f                      inst_8+4
x24 <- 0x0000000080000000

mem[X,0x000000008000028C] -> 0x1B93
mem[X,0x000000008000028E] -> 0x285C
[163] [M]: 0x000000008000028C (0x285C1B93) bseti x23, x24, 0x5                      inst_8+8
x23 <- 0x0000000080000020

clint mtime 0x0000000000000052 (mip.MTI <- 0b1, mip.STI <- 0b0)
mem[X,0x0000000080000290] -> 0xB023
mem[X,0x0000000080000292] -> 0x0570
[164] [M]: 0x0000000080000290 (0x0570B023) sd x23, 0x40(x1)                         inst_8+12
mem[W,0x0000000080004158] <- 0x0000000080000020

mem[X,0x0000000080000294] -> 0x0A93
mem[X,0x0000000080000296] -> 0x0010
[165] [M]: 0x0000000080000294 (0x00100A93) addi x21, x0, 0x1                        inst_9+0
x21 <- 0x0000000000000001

clint mtime 0x0000000000000053 (mip.MTI <- 0b1, mip.STI <- 0b0)
mem[X,0x0000000080000298] -> 0x9A93
mem[X,0x000000008000029A] -> 0x01EA
[166] [M]: 0x0000000080000298 (0x01EA9A93) slli x21, x21, 0x1e                      inst_9+4
x21 <- 0x0000000040000000

mem[X,0x000000008000029C] -> 0x9B13
mem[X,0x000000008000029E] -> 0x281A
[167] [M]: 0x000000008000029C (0x281A9B13) bseti x22, x21, 0x1                      inst_9+8
x22 <- 0x0000000040000002

clint mtime 0x0000000000000054 (mip.MTI <- 0b1, mip.STI <- 0b0)
mem[X,0x00000000800002A0] -> 0xB423
mem[X,0x00000000800002A2] -> 0x0560
[168] [M]: 0x00000000800002A0 (0x0560B423) sd x22, 0x48(x1)                         inst_9+12
mem[W,0x0000000080004160] <- 0x0000000040000002

mem[X,0x00000000800002A4] -> 0x0B13
mem[X,0x00000000800002A6] -> 0xFFF0
[169] [M]: 0x00000000800002A4 (0xFFF00B13) addi x22, x0, -0x1                       inst_10+0
x22 <- 0xFFFFFFFFFFFFFFFF

clint mtime 0x0000000000000055 (mip.MTI <- 0b1, mip.STI <- 0b0)
mem[X,0x00000000800002A8] -> 0x5B13
mem[X,0x00000000800002AA] -> 0x03EB
[170] [M]: 0x00000000800002A8 (0x03EB5B13) srli x22, x22, 0x3e                      inst_10+4
x22 <- 0x0000000000000003

mem[X,0x00000000800002AC] -> 0x1B13
mem[X,0x00000000800002AE] -> 0x01DB
[171] [M]: 0x00000000800002AC (0x01DB1B13) slli x22, x22, 0x1d                      inst_10+8
x22 <- 0x0000000060000000

clint mtime 0x0000000000000056 (mip.MTI <- 0b1, mip.STI <- 0b0)
mem[X,0x00000000800002B0] -> 0x1A93
mem[X,0x00000000800002B2] -> 0x298B
[172] [M]: 0x00000000800002B0 (0x298B1A93) bseti x21, x22, 0x18                     inst_10+12
x21 <- 0x0000000061000000

mem[X,0x00000000800002B4] -> 0xB823
mem[X,0x00000000800002B6] -> 0x0550
[173] [M]: 0x00000000800002B4 (0x0550B823) sd x21, 0x50(x1)                         inst_10+16
mem[W,0x0000000080004168] <- 0x0000000061000000

clint mtime 0x0000000000000057 (mip.MTI <- 0b1, mip.STI <- 0b0)
mem[X,0x00000000800002B8] -> 0x0993
mem[X,0x00000000800002BA] -> 0x00B0
[174] [M]: 0x00000000800002B8 (0x00B00993) addi x19, x0, 0xb                        inst_11+0
x19 <- 0x000000000000000B

mem[X,0x00000000800002BC] -> 0x9993
mem[X,0x00000000800002BE] -> 0x01C9
[175] [M]: 0x00000000800002BC (0x01C99993) slli x19, x19, 0x1c                      inst_11+4
x19 <- 0x00000000B0000000

clint mtime 0x0000000000000058 (mip.MTI <- 0b1, mip.STI <- 0b0)
mem[X,0x00000000800002C0] -> 0x9A13
mem[X,0x00000000800002C2] -> 0x29E9
[176] [M]: 0x00000000800002C0 (0x29E99A13) bseti x20, x19, 0x1e                     inst_11+8
x20 <- 0x00000000F0000000

mem[X,0x00000000800002C4] -> 0xBC23
mem[X,0x00000000800002C6] -> 0x0540
[177] [M]: 0x00000000800002C4 (0x0540BC23) sd x20, 0x58(x1)                         inst_11+12
mem[W,0x0000000080004170] <- 0x00000000F0000000

clint mtime 0x0000000000000059 (mip.MTI <- 0b1, mip.STI <- 0b0)
mem[X,0x00000000800002C8] -> 0x0A13
mem[X,0x00000000800002CA] -> 0x0010
[178] [M]: 0x00000000800002C8 (0x00100A13) addi x20, x0, 0x1                        inst_12+0
x20 <- 0x0000000000000001

mem[X,0x00000000800002CC] -> 0x1A13
mem[X,0x00000000800002CE] -> 0x01BA
[179] [M]: 0x00000000800002CC (0x01BA1A13) slli x20, x20, 0x1b                      inst_12+4
x20 <- 0x0000000008000000

clint mtime 0x000000000000005A (mip.MTI <- 0b1, mip.STI <- 0b0)
mem[X,0x00000000800002D0] -> 0x1993
mem[X,0x00000000800002D2] -> 0x29AA
[180] [M]: 0x00000000800002D0 (0x29AA1993) bseti x19, x20, 0x1a                     inst_12+8
x19 <- 0x000000000C000000

mem[X,0x00000000800002D4] -> 0xB023
mem[X,0x00000000800002D6] -> 0x0730
[181] [M]: 0x00000000800002D4 (0x0730B023) sd x19, 0x60(x1)                         inst_12+12
mem[W,0x0000000080004178] <- 0x000000000C000000

clint mtime 0x000000000000005B (mip.MTI <- 0b1, mip.STI <- 0b0)
mem[X,0x00000000800002D8] -> 0x0893
mem[X,0x00000000800002DA] -> 0x03D0
[182] [M]: 0x00000000800002D8 (0x03D00893) addi x17, x0, 0x3d                       inst_13+0
x17 <- 0x000000000000003D

mem[X,0x00000000800002DC] -> 0x9893
mem[X,0x00000000800002DE] -> 0x01A8
[183] [M]: 0x00000000800002DC (0x01A89893) slli x17, x17, 0x1a                      inst_13+4
x17 <- 0x00000000F4000000

clint mtime 0x000000000000005C (mip.MTI <- 0b1, mip.STI <- 0b0)
mem[X,0x00000000800002E0] -> 0x9913
mem[X,0x00000000800002E2] -> 0x2858
[184] [M]: 0x00000000800002E0 (0x28589913) bseti x18, x17, 0x5                      inst_13+8
x18 <- 0x00000000F4000020

mem[X,0x00000000800002E4] -> 0xB423
mem[X,0x00000000800002E6] -> 0x0720
[185] [M]: 0x00000000800002E4 (0x0720B423) sd x18, 0x68(x1)                         inst_13+12
mem[W,0x0000000080004180] <- 0x00000000F4000020

clint mtime 0x000000000000005D (mip.MTI <- 0b1, mip.STI <- 0b0)
mem[X,0x00000000800002E8] -> 0x0913
mem[X,0x00000000800002EA] -> 0x0410
[186] [M]: 0x00000000800002E8 (0x04100913) addi x18, x0, 0x41                       inst_14+0
x18 <- 0x0000000000000041

mem[X,0x00000000800002EC] -> 0x1913
mem[X,0x00000000800002EE] -> 0x0199
[187] [M]: 0x00000000800002EC (0x01991913) slli x18, x18, 0x19                      inst_14+4
x18 <- 0x0000000082000000

clint mtime 0x000000000000005E (mip.MTI <- 0b1, mip.STI <- 0b0)
mem[X,0x00000000800002F0] -> 0x1893
mem[X,0x00000000800002F2] -> 0x28A9
[188] [M]: 0x00000000800002F0 (0x28A91893) bseti x17, x18, 0xa                      inst_14+8
x17 <- 0x0000000082000400

mem[X,0x00000000800002F4] -> 0xB823
mem[X,0x00000000800002F6] -> 0x0710
[189] [M]: 0x00000000800002F4 (0x0710B823) sd x17, 0x70(x1)                         inst_14+12
mem[W,0x0000000080004188] <- 0x0000000082000400

clint mtime 0x000000000000005F (mip.MTI <- 0b1, mip.STI <- 0b0)
mem[X,0x00000000800002F8] -> 0x0793
mem[X,0x00000000800002FA] -> 0x0FD0
[190] [M]: 0x00000000800002F8 (0x0FD00793) addi x15, x0, 0xfd                       inst_15+0
x15 <- 0x00000000000000FD

mem[X,0x00000000800002FC] -> 0x9793
mem[X,0x00000000800002FE] -> 0x0187
[191] [M]: 0x00000000800002FC (0x01879793) slli x15, x15, 0x18                      inst_15+4
x15 <- 0x00000000FD000000

clint mtime 0x0000000000000060 (mip.MTI <- 0b1, mip.STI <- 0b0)
mem[X,0x0000000080000300] -> 0x9813
mem[X,0x0000000080000302] -> 0x2837
[192] [M]: 0x0000000080000300 (0x28379813) bseti x16, x15, 0x3                      inst_15+8
x16 <- 0x00000000FD000008

mem[X,0x0000000080000304] -> 0xBC23
mem[X,0x0000000080000306] -> 0x0700
[193] [M]: 0x0000000080000304 (0x0700BC23) sd x16, 0x78(x1)                         inst_15+12
mem[W,0x0000000080004190] <- 0x00000000FD000008

clint mtime 0x0000000000000061 (mip.MTI <- 0b1, mip.STI <- 0b0)
mem[X,0x0000000080000308] -> 0x0813
mem[X,0x000000008000030A] -> 0x1B10
[194] [M]: 0x0000000080000308 (0x1B100813) addi x16, x0, 0x1b1                      inst_16+0
x16 <- 0x00000000000001B1

mem[X,0x000000008000030C] -> 0x1813
mem[X,0x000000008000030E] -> 0x0178
[195] [M]: 0x000000008000030C (0x01781813) slli x16, x16, 0x17                      inst_16+4
x16 <- 0x00000000D8800000

clint mtime 0x0000000000000062 (mip.MTI <- 0b1, mip.STI <- 0b0)
mem[X,0x0000000080000310] -> 0x1793
mem[X,0x0000000080000312] -> 0x28A8
[196] [M]: 0x0000000080000310 (0x28A81793) bseti x15, x16, 0xa                      inst_16+8
x15 <- 0x00000000D8800400

mem[X,0x0000000080000314] -> 0xB023
mem[X,0x0000000080000316] -> 0x08F0
[197] [M]: 0x0000000080000314 (0x08F0B023) sd x15, 0x80(x1)                         inst_16+12
mem[W,0x0000000080004198] <- 0x00000000D8800400

clint mtime 0x0000000000000063 (mip.MTI <- 0b1, mip.STI <- 0b0)
mem[X,0x0000000080000318] -> 0x0693
mem[X,0x000000008000031A] -> 0x3230
[198] [M]: 0x0000000080000318 (0x32300693) addi x13, x0, 0x323                      inst_17+0
x13 <- 0x0000000000000323

mem[X,0x000000008000031C] -> 0x9693
mem[X,0x000000008000031E] -> 0x0166
[199] [M]: 0x000000008000031C (0x01669693) slli x13, x13, 0x16                      inst_17+4
x13 <- 0x00000000C8C00000

clint mtime 0x0000000000000064 (mip.MTI <- 0b1, mip.STI <- 0b0)
mem[X,0x0000000080000320] -> 0x9713
mem[X,0x0000000080000322] -> 0x2946
[200] [M]: 0x0000000080000320 (0x29469713) bseti x14, x13, 0x14                     inst_17+8
x14 <- 0x00000000C8D00000

mem[X,0x0000000080000324] -> 0xB423
mem[X,0x0000000080000326] -> 0x08E0
[201] [M]: 0x0000000080000324 (0x08E0B423) sd x14, 0x88(x1)                         inst_17+12
mem[W,0x00000000800041A0] <- 0x00000000C8D00000

clint mtime 0x0000000000000065 (mip.MTI <- 0b1, mip.STI <- 0b0)
mem[X,0x0000000080000328] -> 0x0713
mem[X,0x000000008000032A] -> 0x5190
[202] [M]: 0x0000000080000328 (0x51900713) addi x14, x0, 0x519                      inst_18+0
x14 <- 0x0000000000000519

mem[X,0x000000008000032C] -> 0x1713
mem[X,0x000000008000032E] -> 0x0157
[203] [M]: 0x000000008000032C (0x01571713) slli x14, x14, 0x15                      inst_18+4
x14 <- 0x00000000A3200000

clint mtime 0x0000000000000066 (mip.MTI <- 0b1, mip.STI <- 0b0)
mem[X,0x0000000080000330] -> 0x1693
mem[X,0x0000000080000332] -> 0x2887
[204] [M]: 0x0000000080000330 (0x28871693) bseti x13, x14, 0x8                      inst_18+8
x13 <- 0x00000000A3200100

mem[X,0x0000000080000334] -> 0xB823
mem[X,0x0000000080000336] -> 0x08D0
[205] [M]: 0x0000000080000334 (0x08D0B823) sd x13, 0x90(x1)                         inst_18+12
mem[W,0x00000000800041A8] <- 0x00000000A3200100

clint mtime 0x0000000000000067 (mip.MTI <- 0b1, mip.STI <- 0b0)
mem[X,0x0000000080000338] -> 0x05B7
mem[X,0x000000008000033A] -> 0x0000
[206] [M]: 0x0000000080000338 (0x000005B7) lui x11, 0x0                             inst_19+0
x11 <- 0x0000000000000000

mem[X,0x000000008000033C] -> 0x8593
mem[X,0x000000008000033E] -> 0x0005
[207] [M]: 0x000000008000033C (0x00058593) addi x11, x11, 0x0                       inst_19+4
x11 <- 0x0000000000000000

clint mtime 0x0000000000000068 (mip.MTI <- 0b1, mip.STI <- 0b0)
mem[X,0x0000000080000340] -> 0x9593
mem[X,0x0000000080000342] -> 0x00B5
[208] [M]: 0x0000000080000340 (0x00B59593) slli x11, x11, 0xb                       inst_19+8
x11 <- 0x0000000000000000

mem[X,0x0000000080000344] -> 0x8593
mem[X,0x0000000080000346] -> 0x63C5
[209] [M]: 0x0000000080000344 (0x63C58593) addi x11, x11, 0x63c                     inst_19+12
x11 <- 0x000000000000063C

clint mtime 0x0000000000000069 (mip.MTI <- 0b1, mip.STI <- 0b0)
mem[X,0x0000000080000348] -> 0x9593
mem[X,0x000000008000034A] -> 0x00B5
[210] [M]: 0x0000000080000348 (0x00B59593) slli x11, x11, 0xb                       inst_19+16
x11 <- 0x000000000031E000

mem[X,0x000000008000034C] -> 0x8593
mem[X,0x000000008000034E] -> 0x4005
[211] [M]: 0x000000008000034C (0x40058593) addi x11, x11, 0x400                     inst_19+20
x11 <- 0x000000000031E400

clint mtime 0x000000000000006A (mip.MTI <- 0b1, mip.STI <- 0b0)
mem[X,0x0000000080000350] -> 0x9593
mem[X,0x0000000080000352] -> 0x00A5
[212] [M]: 0x0000000080000350 (0x00A59593) slli x11, x11, 0xa                       inst_19+24
x11 <- 0x00000000C7900000

mem[X,0x0000000080000354] -> 0x9613
mem[X,0x0000000080000356] -> 0x29B5
[213] [M]: 0x0000000080000354 (0x29B59613) bseti x12, x11, 0x1b                     inst_19+28
x12 <- 0x00000000CF900000

clint mtime 0x000000000000006B (mip.MTI <- 0b1, mip.STI <- 0b0)
mem[X,0x0000000080000358] -> 0xBC23
mem[X,0x000000008000035A] -> 0x08C0
[214] [M]: 0x0000000080000358 (0x08C0BC23) sd x12, 0x98(x1)                         inst_19+32
mem[W,0x00000000800041B0] <- 0x00000000CF900000

mem[X,0x000000008000035C] -> 0x0637
mem[X,0x000000008000035E] -> 0x0000
[215] [M]: 0x000000008000035C (0x00000637) lui x12, 0x0                             inst_20+0
x12 <- 0x0000000000000000

clint mtime 0x000000000000006C (mip.MTI <- 0b1, mip.STI <- 0b0)
mem[X,0x0000000080000360] -> 0x0613
mem[X,0x0000000080000362] -> 0x0006
[216] [M]: 0x0000000080000360 (0x00060613) addi x12, x12, 0x0                       inst_20+4
x12 <- 0x0000000000000000

mem[X,0x0000000080000364] -> 0x1613
mem[X,0x0000000080000366] -> 0x00B6
[217] [M]: 0x0000000080000364 (0x00B61613) slli x12, x12, 0xb                       inst_20+8
x12 <- 0x0000000000000000

clint mtime 0x000000000000006D (mip.MTI <- 0b1, mip.STI <- 0b0)
mem[X,0x0000000080000368] -> 0x0613
mem[X,0x000000008000036A] -> 0x2346
[218] [M]: 0x0000000080000368 (0x23460613) addi x12, x12, 0x234                     inst_20+12
x12 <- 0x0000000000000234

mem[X,0x000000008000036C] -> 0x1613
mem[X,0x000000008000036E] -> 0x00B6
[219] [M]: 0x000000008000036C (0x00B61613) slli x12, x12, 0xb                       inst_20+16
x12 <- 0x000000000011A000

clint mtime 0x000000000000006E (mip.MTI <- 0b1, mip.STI <- 0b0)
mem[X,0x0000000080000370] -> 0x0613
mem[X,0x0000000080000372] -> 0x2006
[220] [M]: 0x0000000080000370 (0x20060613) addi x12, x12, 0x200                     inst_20+20
x12 <- 0x000000000011A200

mem[X,0x0000000080000374] -> 0x1613
mem[X,0x0000000080000376] -> 0x00A6
[221] [M]: 0x0000000080000374 (0x00A61613) slli x12, x12, 0xa                       inst_20+24
x12 <- 0x0000000046880000

clint mtime 0x000000000000006F (mip.MTI <- 0b1, mip.STI <- 0b0)
mem[X,0x0000000080000378] -> 0x1593
mem[X,0x000000008000037A] -> 0x29C6
[222] [M]: 0x0000000080000378 (0x29C61593) bseti x11, x12, 0x1c                     inst_20+28
x11 <- 0x0000000056880000

mem[X,0x000000008000037C] -> 0xB023
mem[X,0x000000008000037E] -> 0x0AB0
[223] [M]: 0x000000008000037C (0x0AB0B023) sd x11, 0xa0(x1)                         inst_20+32
mem[W,0x00000000800041B8] <- 0x0000000056880000

clint mtime 0x0000000000000070 (mip.MTI <- 0b1, mip.STI <- 0b0)
mem[X,0x0000000080000380] -> 0x14B7
mem[X,0x0000000080000382] -> 0x0000
[224] [M]: 0x0000000080000380 (0x000014B7) lui x9, 0x1                              inst_21+0
x9 <- 0x0000000000001000

mem[X,0x0000000080000384] -> 0x8493
mem[X,0x0000000080000386] -> 0x5514
[225] [M]: 0x0000000080000384 (0x55148493) addi x9, x9, 0x551                       inst_21+4
x9 <- 0x0000000000001551

clint mtime 0x0000000000000071 (mip.MTI <- 0b1, mip.STI <- 0b0)
mem[X,0x0000000080000388] -> 0x9493
mem[X,0x000000008000038A] -> 0x0124
[226] [M]: 0x0000000080000388 (0x01249493) slli x9, x9, 0x12                        inst_21+8
x9 <- 0x0000000055440000

mem[X,0x000000008000038C] -> 0x9513
mem[X,0x000000008000038E] -> 0x29B4
[227] [M]: 0x000000008000038C (0x29B49513) bseti x10, x9, 0x1b                      inst_21+12
x10 <- 0x000000005D440000

clint mtime 0x0000000000000072 (mip.MTI <- 0b1, mip.STI <- 0b0)
mem[X,0x0000000080000390] -> 0xB423
mem[X,0x0000000080000392] -> 0x0AA0
[228] [M]: 0x0000000080000390 (0x0AA0B423) sd x10, 0xa8(x1)                         inst_21+16
mem[W,0x00000000800041C0] <- 0x000000005D440000

mem[X,0x0000000080000394] -> 0x5537
mem[X,0x0000000080000396] -> 0x0000
[229] [M]: 0x0000000080000394 (0x00005537) lui x10, 0x5                             inst_22+0
x10 <- 0x0000000000005000

clint mtime 0x0000000000000073 (mip.MTI <- 0b1, mip.STI <- 0b0)
mem[X,0x0000000080000398] -> 0x0513
mem[X,0x000000008000039A] -> 0x2B55
[230] [M]: 0x0000000080000398 (0x2B550513) addi x10, x10, 0x2b5                     inst_22+4
x10 <- 0x00000000000052B5

mem[X,0x000000008000039C] -> 0x1513
mem[X,0x000000008000039E] -> 0x0115
[231] [M]: 0x000000008000039C (0x01151513) slli x10, x10, 0x11                      inst_22+8
x10 <- 0x00000000A56A0000

clint mtime 0x0000000000000074 (mip.MTI <- 0b1, mip.STI <- 0b0)
mem[X,0x00000000800003A0] -> 0x1493
mem[X,0x00000000800003A2] -> 0x28E5
[232] [M]: 0x00000000800003A0 (0x28E51493) bseti x9, x10, 0xe                       inst_22+12
x9 <- 0x00000000A56A4000

mem[X,0x00000000800003A4] -> 0xB823
mem[X,0x00000000800003A6] -> 0x0A90
[233] [M]: 0x00000000800003A4 (0x0A90B823) sd x9, 0xb0(x1)                          inst_22+16
mem[W,0x00000000800041C8] <- 0x00000000A56A4000

clint mtime 0x0000000000000075 (mip.MTI <- 0b1, mip.STI <- 0b0)
mem[X,0x00000000800003A8] -> 0x43B7
mem[X,0x00000000800003AA] -> 0x0000
[234] [M]: 0x00000000800003A8 (0x000043B7) lui x7, 0x4                              inst_23+0
x7 <- 0x0000000000004000

mem[X,0x00000000800003AC] -> 0x8393
mem[X,0x00000000800003AE] -> 0x05D3
[235] [M]: 0x00000000800003AC (0x05D38393) addi x7, x7, 0x5d                        inst_23+4
x7 <- 0x000000000000405D

clint mtime 0x0000000000000076 (mip.MTI <- 0b1, mip.STI <- 0b0)
mem[X,0x00000000800003B0] -> 0x9393
mem[X,0x00000000800003B2] -> 0x0103
[236] [M]: 0x00000000800003B0 (0x01039393) slli x7, x7, 0x10                        inst_23+8
x7 <- 0x00000000405D0000

mem[X,0x00000000800003B4] -> 0x9413
mem[X,0x00000000800003B6] -> 0x2833
[237] [M]: 0x00000000800003B4 (0x28339413) bseti x8, x7, 0x3                        inst_23+12
x8 <- 0x00000000405D0008

clint mtime 0x0000000000000077 (mip.MTI <- 0b1, mip.STI <- 0b0)
mem[X,0x00000000800003B8] -> 0xBC23
mem[X,0x00000000800003BA] -> 0x0A80
[238] [M]: 0x00000000800003B8 (0x0A80BC23) sd x8, 0xb8(x1)                          inst_23+16
mem[W,0x00000000800041D0] <- 0x00000000405D0008

mem[X,0x00000000800003BC] -> 0x0437
mem[X,0x00000000800003BE] -> 0x0000
[239] [M]: 0x00000000800003BC (0x00000437) lui x8, 0x0                              inst_24+0
x8 <- 0x0000000000000000

clint mtime 0x0000000000000078 (mip.MTI <- 0b1, mip.STI <- 0b0)
mem[X,0x00000000800003C0] -> 0x0413
mem[X,0x00000000800003C2] -> 0x0004
[240] [M]: 0x00000000800003C0 (0x00040413) addi x8, x8, 0x0                         inst_24+4
x8 <- 0x0000000000000000

mem[X,0x00000000800003C4] -> 0x1413
mem[X,0x00000000800003C6] -> 0x00B4
[241] [M]: 0x00000000800003C4 (0x00B41413) slli x8, x8, 0xb                         inst_24+8
x8 <- 0x0000000000000000

clint mtime 0x0000000000000079 (mip.MTI <- 0b1, mip.STI <- 0b0)
mem[X,0x00000000800003C8] -> 0x0413
mem[X,0x00000000800003CA] -> 0x6694
[242] [M]: 0x00000000800003C8 (0x66940413) addi x8, x8, 0x669                       inst_24+12
x8 <- 0x0000000000000669

mem[X,0x00000000800003CC] -> 0x1413
mem[X,0x00000000800003CE] -> 0x00B4
[243] [M]: 0x00000000800003CC (0x00B41413) slli x8, x8, 0xb                         inst_24+16
x8 <- 0x0000000000334800

clint mtime 0x000000000000007A (mip.MTI <- 0b1, mip.STI <- 0b0)
mem[X,0x00000000800003D0] -> 0x0413
mem[X,0x00000000800003D2] -> 0x3E04
[244] [M]: 0x00000000800003D0 (0x3E040413) addi x8, x8, 0x3e0                       inst_24+20
x8 <- 0x0000000000334BE0

mem[X,0x00000000800003D4] -> 0x1413
mem[X,0x00000000800003D6] -> 0x00A4
[245] [M]: 0x00000000800003D4 (0x00A41413) slli x8, x8, 0xa                         inst_24+24
x8 <- 0x00000000CD2F8000

clint mtime 0x000000000000007B (mip.MTI <- 0b1, mip.STI <- 0b0)
mem[X,0x00000000800003D8] -> 0x1393
mem[X,0x00000000800003DA] -> 0x2854
[246] [M]: 0x00000000800003D8 (0x28541393) bseti x7, x8, 0x5                        inst_24+28
x7 <- 0x00000000CD2F8020

mem[X,0x00000000800003DC] -> 0xB023
mem[X,0x00000000800003DE] -> 0x0C70
[247] [M]: 0x00000000800003DC (0x0C70B023) sd x7, 0xc0(x1)                          inst_24+32
mem[W,0x00000000800041D8] <- 0x00000000CD2F8020

clint mtime 0x000000000000007C (mip.MTI <- 0b1, mip.STI <- 0b0)
mem[X,0x00000000800003E0] -> 0x02B7
mem[X,0x00000000800003E2] -> 0x0000
[248] [M]: 0x00000000800003E0 (0x000002B7) lui x5, 0x0                              inst_25+0
x5 <- 0x0000000000000000

mem[X,0x00000000800003E4] -> 0x8293
mem[X,0x00000000800003E6] -> 0x0002
[249] [M]: 0x00000000800003E4 (0x00028293) addi x5, x5, 0x0                         inst_25+4
x5 <- 0x0000000000000000

clint mtime 0x000000000000007D (mip.MTI <- 0b1, mip.STI <- 0b0)
mem[X,0x00000000800003E8] -> 0x9293
mem[X,0x00000000800003EA] -> 0x00B2
[250] [M]: 0x00000000800003E8 (0x00B29293) slli x5, x5, 0xb                         inst_25+8
x5 <- 0x0000000000000000

mem[X,0x00000000800003EC] -> 0x8293
mem[X,0x00000000800003EE] -> 0x5362
[251] [M]: 0x00000000800003EC (0x53628293) addi x5, x5, 0x536                       inst_25+12
x5 <- 0x0000000000000536

clint mtime 0x000000000000007E (mip.MTI <- 0b1, mip.STI <- 0b0)
mem[X,0x00000000800003F0] -> 0x9293
mem[X,0x00000000800003F2] -> 0x00B2
[252] [M]: 0x00000000800003F0 (0x00B29293) slli x5, x5, 0xb                         inst_25+16
x5 <- 0x000000000029B000

mem[X,0x00000000800003F4] -> 0x8293
mem[X,0x00000000800003F6] -> 0x0102
[253] [M]: 0x00000000800003F4 (0x01028293) addi x5, x5, 0x10                        inst_25+20
x5 <- 0x000000000029B010

clint mtime 0x000000000000007F (mip.MTI <- 0b1, mip.STI <- 0b0)
mem[X,0x00000000800003F8] -> 0x9293
mem[X,0x00000000800003FA] -> 0x00A2
[254] [M]: 0x00000000800003F8 (0x00A29293) slli x5, x5, 0xa                         inst_25+24
x5 <- 0x00000000A6C04000

mem[X,0x00000000800003FC] -> 0x9313
mem[X,0x00000000800003FE] -> 0x2992
[255] [M]: 0x00000000800003FC (0x29929313) bseti x6, x5, 0x19                       inst_25+28
x6 <- 0x00000000A6C04000

clint mtime 0x0000000000000080 (mip.MTI <- 0b1, mip.STI <- 0b0)
mem[X,0x0000000080000400] -> 0xB423
mem[X,0x0000000080000402] -> 0x0C60
[256] [M]: 0x0000000080000400 (0x0C60B423) sd x6, 0xc8(x1)                          inst_25+32
mem[W,0x00000000800041E0] <- 0x00000000A6C04000

mem[X,0x0000000080000404] -> 0x0337
mem[X,0x0000000080000406] -> 0x0000
[257] [M]: 0x0000000080000404 (0x00000337) lui x6, 0x0                              inst_26+0
x6 <- 0x0000000000000000

clint mtime 0x0000000000000081 (mip.MTI <- 0b1, mip.STI <- 0b0)
mem[X,0x0000000080000408] -> 0x0313
mem[X,0x000000008000040A] -> 0x0003
[258] [M]: 0x0000000080000408 (0x00030313) addi x6, x6, 0x0                         inst_26+4
x6 <- 0x0000000000000000

mem[X,0x000000008000040C] -> 0x1313
mem[X,0x000000008000040E] -> 0x00B3
[259] [M]: 0x000000008000040C (0x00B31313) slli x6, x6, 0xb                         inst_26+8
x6 <- 0x0000000000000000

clint mtime 0x0000000000000082 (mip.MTI <- 0b1, mip.STI <- 0b0)
mem[X,0x0000000080000410] -> 0x0313
mem[X,0x0000000080000412] -> 0x19D3
[260] [M]: 0x0000000080000410 (0x19D30313) addi x6, x6, 0x19d                       inst_26+12
x6 <- 0x000000000000019D

mem[X,0x0000000080000414] -> 0x1313
mem[X,0x0000000080000416] -> 0x00B3
[261] [M]: 0x0000000080000414 (0x00B31313) slli x6, x6, 0xb                         inst_26+16
x6 <- 0x00000000000CE800

clint mtime 0x0000000000000083 (mip.MTI <- 0b1, mip.STI <- 0b0)
mem[X,0x0000000080000418] -> 0x0313
mem[X,0x000000008000041A] -> 0x7083
[262] [M]: 0x0000000080000418 (0x70830313) addi x6, x6, 0x708                       inst_26+20
x6 <- 0x00000000000CEF08

mem[X,0x000000008000041C] -> 0x1313
mem[X,0x000000008000041E] -> 0x00A3
[263] [M]: 0x000000008000041C (0x00A31313) slli x6, x6, 0xa                         inst_26+24
x6 <- 0x0000000033BC2000

clint mtime 0x0000000000000084 (mip.MTI <- 0b1, mip.STI <- 0b0)
mem[X,0x0000000080000420] -> 0x1293
mem[X,0x0000000080000422] -> 0x2953
[264] [M]: 0x0000000080000420 (0x29531293) bseti x5, x6, 0x15                       inst_26+28
x5 <- 0x0000000033BC2000

mem[X,0x0000000080000424] -> 0xB823
mem[X,0x0000000080000426] -> 0x0C50
[265] [M]: 0x0000000080000424 (0x0C50B823) sd x5, 0xd0(x1)                          inst_26+32
mem[W,0x00000000800041E8] <- 0x0000000033BC2000

clint mtime 0x0000000000000085 (mip.MTI <- 0b1, mip.STI <- 0b0)
mem[X,0x0000000080000428] -> 0x01B7
mem[X,0x000000008000042A] -> 0x0000
[266] [M]: 0x0000000080000428 (0x000001B7) lui x3, 0x0                              inst_27+0
x3 <- 0x0000000000000000

mem[X,0x000000008000042C] -> 0x8193
mem[X,0x000000008000042E] -> 0x0001
[267] [M]: 0x000000008000042C (0x00018193) addi x3, x3, 0x0                         inst_27+4
x3 <- 0x0000000000000000

clint mtime 0x0000000000000086 (mip.MTI <- 0b1, mip.STI <- 0b0)
mem[X,0x0000000080000430] -> 0x9193
mem[X,0x0000000080000432] -> 0x00B1
[268] [M]: 0x0000000080000430 (0x00B19193) slli x3, x3, 0xb                         inst_27+8
x3 <- 0x0000000000000000

mem[X,0x0000000080000434] -> 0x8193
mem[X,0x0000000080000436] -> 0x78E1
[269] [M]: 0x0000000080000434 (0x78E18193) addi x3, x3, 0x78e                       inst_27+12
x3 <- 0x000000000000078E

clint mtime 0x0000000000000087 (mip.MTI <- 0b1, mip.STI <- 0b0)
mem[X,0x0000000080000438] -> 0x9193
mem[X,0x000000008000043A] -> 0x00B1
[270] [M]: 0x0000000080000438 (0x00B19193) slli x3, x3, 0xb                         inst_27+16
x3 <- 0x00000000003C7000

mem[X,0x000000008000043C] -> 0x8193
mem[X,0x000000008000043E] -> 0x1AC1
[271] [M]: 0x000000008000043C (0x1AC18193) addi x3, x3, 0x1ac                       inst_27+20
x3 <- 0x00000000003C71AC

clint mtime 0x0000000000000088 (mip.MTI <- 0b1, mip.STI <- 0b0)
mem[X,0x0000000080000440] -> 0x9193
mem[X,0x0000000080000442] -> 0x00A1
[272] [M]: 0x0000000080000440 (0x00A19193) slli x3, x3, 0xa                         inst_27+24
x3 <- 0x00000000F1C6B000

mem[X,0x0000000080000444] -> 0x9213
mem[X,0x0000000080000446] -> 0x28C1
[273] [M]: 0x0000000080000444 (0x28C19213) bseti x4, x3, 0xc                        inst_27+28
x4 <- 0x00000000F1C6B000

clint mtime 0x0000000000000089 (mip.MTI <- 0b1, mip.STI <- 0b0)
mem[X,0x0000000080000448] -> 0xBC23
mem[X,0x000000008000044A] -> 0x0C40
[274] [M]: 0x0000000080000448 (0x0C40BC23) sd x4, 0xd8(x1)                          inst_27+32
mem[W,0x00000000800041F0] <- 0x00000000F1C6B000

mem[X,0x000000008000044C] -> 0x0013
mem[X,0x000000008000044E] -> 0x0000
[275] [M]: 0x000000008000044C (0x00000013) addi x0, x0, 0x0                         inst_27+36

clint mtime 0x000000000000008A (mip.MTI <- 0b1, mip.STI <- 0b0)
mem[X,0x0000000080000450] -> 0x0013
mem[X,0x0000000080000452] -> 0x0000
[276] [M]: 0x0000000080000450 (0x00000013) addi x0, x0, 0x0                         inst_27+40

mem[X,0x0000000080000454] -> 0x0013
mem[X,0x0000000080000456] -> 0x0000
[277] [M]: 0x0000000080000454 (0x00000013) addi x0, x0, 0x0                         inst_27+44

clint mtime 0x000000000000008B (mip.MTI <- 0b1, mip.STI <- 0b0)
mem[X,0x0000000080000458] -> 0x0013
mem[X,0x000000008000045A] -> 0x0000
[278] [M]: 0x0000000080000458 (0x00000013) addi x0, x0, 0x0                         inst_27+48

mem[X,0x000000008000045C] -> 0x0013
mem[X,0x000000008000045E] -> 0x0000
[279] [M]: 0x000000008000045C (0x00000013) addi x0, x0, 0x0                         inst_27+52

clint mtime 0x000000000000008C (mip.MTI <- 0b1, mip.STI <- 0b0)
mem[X,0x0000000080000460] -> 0x4297
mem[X,0x0000000080000462] -> 0x0000
[280] [M]: 0x0000000080000460 (0x00004297) auipc x5, 0x4                            inst_27+56
x5 <- 0x0000000080004460

mem[X,0x0000000080000464] -> 0x8293
mem[X,0x0000000080000466] -> 0xD982
[281] [M]: 0x0000000080000464 (0xD9828293) addi x5, x5, -0x268                      inst_27+60
x5 <- 0x00000000800041F8

clint mtime 0x000000000000008D (mip.MTI <- 0b1, mip.STI <- 0b0)
mem[X,0x0000000080000468] -> 0x0001
[282] [M]: 0x0000000080000468 (0x0001) c.nop                                        inst_27+64

mem[X,0x000000008000046A] -> 0x0013
mem[X,0x000000008000046C] -> 0x0000
[283] [M]: 0x000000008000046A (0x00000013) addi x0, x0, 0x0                         inst_27+66

clint mtime 0x000000000000008E (mip.MTI <- 0b1, mip.STI <- 0b0)
mem[X,0x000000008000046E] -> 0x0013
mem[X,0x0000000080000470] -> 0x0000
[284] [M]: 0x000000008000046E (0x00000013) addi x0, x0, 0x0                         inst_27+70

mem[X,0x0000000080000472] -> 0x0013
mem[X,0x0000000080000474] -> 0x0000
[285] [M]: 0x0000000080000472 (0x00000013) addi x0, x0, 0x0                         inst_27+74

clint mtime 0x000000000000008F (mip.MTI <- 0b1, mip.STI <- 0b0)
mem[X,0x0000000080000476] -> 0x0013
mem[X,0x0000000080000478] -> 0x0000
[286] [M]: 0x0000000080000476 (0x00000013) addi x0, x0, 0x0                         inst_27+78

mem[X,0x000000008000047A] -> 0x0013
mem[X,0x000000008000047C] -> 0x0000
[287] [M]: 0x000000008000047A (0x00000013) addi x0, x0, 0x0                         inst_27+82

clint mtime 0x0000000000000090 (mip.MTI <- 0b1, mip.STI <- 0b0)
mem[X,0x000000008000047E] -> 0x0001
[288] [M]: 0x000000008000047E (0x0001) c.nop                                        inst_27+86

mem[X,0x0000000080000480] -> 0x4237
mem[X,0x0000000080000482] -> 0x0015
[289] [M]: 0x0000000080000480 (0x00154237) lui x4, 0x154                            inst_28+0
x4 <- 0x0000000000154000

clint mtime 0x0000000000000091 (mip.MTI <- 0b1, mip.STI <- 0b0)
mem[X,0x0000000080000484] -> 0x0213
mem[X,0x0000000080000486] -> 0x7AD2
[290] [M]: 0x0000000080000484 (0x7AD20213) addi x4, x4, 0x7ad                       inst_28+4
x4 <- 0x00000000001547AD

mem[X,0x0000000080000488] -> 0x1213
mem[X,0x000000008000048A] -> 0x00B2
[291] [M]: 0x0000000080000488 (0x00B21213) slli x4, x4, 0xb                         inst_28+8
x4 <- 0x00000000AA3D6800

clint mtime 0x0000000000000092 (mip.MTI <- 0b1, mip.STI <- 0b0)
mem[X,0x000000008000048C] -> 0x1193
mem[X,0x000000008000048E] -> 0x28D2
[292] [M]: 0x000000008000048C (0x28D21193) bseti x3, x4, 0xd                        inst_28+12
x3 <- 0x00000000AA3D6800

mem[X,0x0000000080000490] -> 0xB023
mem[X,0x0000000080000492] -> 0x0032
[293] [M]: 0x0000000080000490 (0x0032B023) sd x3, 0x0(x5)                           inst_28+16
mem[W,0x00000000800041F8] <- 0x00000000AA3D6800

clint mtime 0x0000000000000093 (mip.MTI <- 0b1, mip.STI <- 0b0)
mem[X,0x0000000080000494] -> 0x00B7
mem[X,0x0000000080000496] -> 0x0000
[294] [M]: 0x0000000080000494 (0x000000B7) lui x1, 0x0                              inst_29+0
x1 <- 0x0000000000000000

mem[X,0x0000000080000498] -> 0x8093
mem[X,0x000000008000049A] -> 0x0000
[295] [M]: 0x0000000080000498 (0x00008093) addi x1, x1, 0x0                         inst_29+4
x1 <- 0x0000000000000000

clint mtime 0x0000000000000094 (mip.MTI <- 0b1, mip.STI <- 0b0)
mem[X,0x000000008000049C] -> 0x9093
mem[X,0x000000008000049E] -> 0x00B0
[296] [M]: 0x000000008000049C (0x00B09093) slli x1, x1, 0xb                         inst_29+8
x1 <- 0x0000000000000000

mem[X,0x00000000800004A0] -> 0x8093
mem[X,0x00000000800004A2] -> 0x3D50
[297] [M]: 0x00000000800004A0 (0x3D508093) addi x1, x1, 0x3d5                       inst_29+12
x1 <- 0x00000000000003D5

clint mtime 0x0000000000000095 (mip.MTI <- 0b1, mip.STI <- 0b0)
mem[X,0x00000000800004A4] -> 0x9093
mem[X,0x00000000800004A6] -> 0x00B0
[298] [M]: 0x00000000800004A4 (0x00B09093) slli x1, x1, 0xb                         inst_29+16
x1 <- 0x00000000001EA800

mem[X,0x00000000800004A8] -> 0x8093
mem[X,0x00000000800004AA] -> 0x1790
[299] [M]: 0x00000000800004A8 (0x17908093) addi x1, x1, 0x179                       inst_29+20
x1 <- 0x00000000001EA979

clint mtime 0x0000000000000096 (mip.MTI <- 0b1, mip.STI <- 0b0)
mem[X,0x00000000800004AC] -> 0x9093
mem[X,0x00000000800004AE] -> 0x00A0
[300] [M]: 0x00000000800004AC (0x00A09093) slli x1, x1, 0xa                         inst_29+24
x1 <- 0x000000007AA5E400

mem[X,0x00000000800004B0] -> 0x9113
mem[X,0x00000000800004B2] -> 0x28A0
[301] [M]: 0x00000000800004B0 (0x28A09113) bseti x2, x1, 0xa                        inst_29+28
x2 <- 0x000000007AA5E400

clint mtime 0x0000000000000097 (mip.MTI <- 0b1, mip.STI <- 0b0)
mem[X,0x00000000800004B4] -> 0xB423
mem[X,0x00000000800004B6] -> 0x0022
[302] [M]: 0x00000000800004B4 (0x0022B423) sd x2, 0x8(x5)                           inst_29+32
mem[W,0x0000000080004200] <- 0x000000007AA5E400

mem[X,0x00000000800004B8] -> 0x0137
mem[X,0x00000000800004BA] -> 0x0000
[303] [M]: 0x00000000800004B8 (0x00000137) lui x2, 0x0                              inst_30+0
x2 <- 0x0000000000000000

clint mtime 0x0000000000000098 (mip.MTI <- 0b1, mip.STI <- 0b0)
mem[X,0x00000000800004BC] -> 0x0113
mem[X,0x00000000800004BE] -> 0x0001
[304] [M]: 0x00000000800004BC (0x00010113) addi x2, x2, 0x0                         inst_30+4
x2 <- 0x0000000000000000

mem[X,0x00000000800004C0] -> 0x1113
mem[X,0x00000000800004C2] -> 0x00B1
[305] [M]: 0x00000000800004C0 (0x00B11113) slli x2, x2, 0xb                         inst_30+8
x2 <- 0x0000000000000000

clint mtime 0x0000000000000099 (mip.MTI <- 0b1, mip.STI <- 0b0)
mem[X,0x00000000800004C4] -> 0x0113
mem[X,0x00000000800004C6] -> 0x60D1
[306] [M]: 0x00000000800004C4 (0x60D10113) addi x2, x2, 0x60d                       inst_30+12
x2 <- 0x000000000000060D

mem[X,0x00000000800004C8] -> 0x1113
mem[X,0x00000000800004CA] -> 0x00B1
[307] [M]: 0x00000000800004C8 (0x00B11113) slli x2, x2, 0xb                         inst_30+16
x2 <- 0x0000000000306800

clint mtime 0x000000000000009A (mip.MTI <- 0b1, mip.STI <- 0b0)
mem[X,0x00000000800004CC] -> 0x0113
mem[X,0x00000000800004CE] -> 0x5EB1
[308] [M]: 0x00000000800004CC (0x5EB10113) addi x2, x2, 0x5eb                       inst_30+20
x2 <- 0x0000000000306DEB

mem[X,0x00000000800004D0] -> 0x1113
mem[X,0x00000000800004D2] -> 0x00A1
[309] [M]: 0x00000000800004D0 (0x00A11113) slli x2, x2, 0xa                         inst_30+24
x2 <- 0x00000000C1B7AC00

clint mtime 0x000000000000009B (mip.MTI <- 0b1, mip.STI <- 0b0)
mem[X,0x00000000800004D4] -> 0x0113
mem[X,0x00000000800004D6] -> 0x2001
[310] [M]: 0x00000000800004D4 (0x20010113) addi x2, x2, 0x200                       inst_30+28
x2 <- 0x00000000C1B7AE00

mem[X,0x00000000800004D8] -> 0x1093
mem[X,0x00000000800004DA] -> 0x29C1
[311] [M]: 0x00000000800004D8 (0x29C11093) bseti x1, x2, 0x1c                       inst_30+32
x1 <- 0x00000000D1B7AE00

clint mtime 0x000000000000009C (mip.MTI <- 0b1, mip.STI <- 0b0)
mem[X,0x00000000800004DC] -> 0xB823
mem[X,0x00000000800004DE] -> 0x0012
[312] [M]: 0x00000000800004DC (0x0012B823) sd x1, 0x10(x5)                          inst_30+36
mem[W,0x0000000080004208] <- 0x00000000D1B7AE00

mem[X,0x00000000800004E0] -> 0x0013
mem[X,0x00000000800004E2] -> 0x0000
[313] [M]: 0x00000000800004E0 (0x00000013) addi x0, x0, 0x0                         inst_31+0

clint mtime 0x000000000000009D (mip.MTI <- 0b1, mip.STI <- 0b0)
mem[X,0x00000000800004E4] -> 0x1F93
mem[X,0x00000000800004E6] -> 0x2890
[314] [M]: 0x00000000800004E4 (0x28901F93) bseti x31, x0, 0x9                       inst_31+4
x31 <- 0x0000000000000200

mem[X,0x00000000800004E8] -> 0xBC23
mem[X,0x00000000800004EA] -> 0x01F2
[315] [M]: 0x00000000800004E8 (0x01F2BC23) sd x31, 0x18(x5)                         inst_31+8
mem[W,0x0000000080004210] <- 0x0000000000000200

clint mtime 0x000000000000009E (mip.MTI <- 0b1, mip.STI <- 0b0)
mem[X,0x00000000800004EC] -> 0x0FB7
mem[X,0x00000000800004EE] -> 0x0000
[316] [M]: 0x00000000800004EC (0x00000FB7) lui x31, 0x0                             inst_32+0
x31 <- 0x0000000000000000

mem[X,0x00000000800004F0] -> 0x8F93
mem[X,0x00000000800004F2] -> 0x000F
[317] [M]: 0x00000000800004F0 (0x000F8F93) addi x31, x31, 0x0                       inst_32+4
x31 <- 0x0000000000000000

clint mtime 0x000000000000009F (mip.MTI <- 0b1, mip.STI <- 0b0)
mem[X,0x00000000800004F4] -> 0x9F93
mem[X,0x00000000800004F6] -> 0x00BF
[318] [M]: 0x00000000800004F4 (0x00BF9F93) slli x31, x31, 0xb                       inst_32+8
x31 <- 0x0000000000000000

mem[X,0x00000000800004F8] -> 0x8F93
mem[X,0x00000000800004FA] -> 0x396F
[319] [M]: 0x00000000800004F8 (0x396F8F93) addi x31, x31, 0x396                     inst_32+12
x31 <- 0x0000000000000396

clint mtime 0x00000000000000A0 (mip.MTI <- 0b1, mip.STI <- 0b0)
mem[X,0x00000000800004FC] -> 0x9F93
mem[X,0x00000000800004FE] -> 0x00BF
[320] [M]: 0x00000000800004FC (0x00BF9F93) slli x31, x31, 0xb                       inst_32+16
x31 <- 0x00000000001CB000

mem[X,0x0000000080000500] -> 0x8F93
mem[X,0x0000000080000502] -> 0x160F
[321] [M]: 0x0000000080000500 (0x160F8F93) addi x31, x31, 0x160                     inst_32+20
x31 <- 0x00000000001CB160

clint mtime 0x00000000000000A1 (mip.MTI <- 0b1, mip.STI <- 0b0)
mem[X,0x0000000080000504] -> 0x9F93
mem[X,0x0000000080000506] -> 0x00AF
[322] [M]: 0x0000000080000504 (0x00AF9F93) slli x31, x31, 0xa                       inst_32+24
x31 <- 0x0000000072C58000

mem[X,0x0000000080000508] -> 0x8F93
mem[X,0x000000008000050A] -> 0x380F
[323] [M]: 0x0000000080000508 (0x380F8F93) addi x31, x31, 0x380                     inst_32+28
x31 <- 0x0000000072C58380

clint mtime 0x00000000000000A2 (mip.MTI <- 0b1, mip.STI <- 0b0)
mem[X,0x000000008000050C] -> 0x9013
mem[X,0x000000008000050E] -> 0x280F
[324] [M]: 0x000000008000050C (0x280F9013) bseti x0, x31, 0x0                       inst_32+32

mem[X,0x0000000080000510] -> 0xB023
mem[X,0x0000000080000512] -> 0x0202
[325] [M]: 0x0000000080000510 (0x0202B023) sd x0, 0x20(x5)                          inst_32+36
mem[W,0x0000000080004218] <- 0x0000000000000000

clint mtime 0x00000000000000A3 (mip.MTI <- 0b1, mip.STI <- 0b0)
mem[X,0x0000000080000514] -> 0x0F37
mem[X,0x0000000080000516] -> 0x0000
[326] [M]: 0x0000000080000514 (0x00000F37) lui x30, 0x0                             inst_33+0
x30 <- 0x0000000000000000

mem[X,0x0000000080000518] -> 0x0F13
mem[X,0x000000008000051A] -> 0x000F
[327] [M]: 0x0000000080000518 (0x000F0F13) addi x30, x30, 0x0                       inst_33+4
x30 <- 0x0000000000000000

clint mtime 0x00000000000000A4 (mip.MTI <- 0b1, mip.STI <- 0b0)
mem[X,0x000000008000051C] -> 0x1F13
mem[X,0x000000008000051E] -> 0x00BF
[328] [M]: 0x000000008000051C (0x00BF1F13) slli x30, x30, 0xb                       inst_33+8
x30 <- 0x0000000000000000

mem[X,0x0000000080000520] -> 0x0F13
mem[X,0x0000000080000522] -> 0x195F
[329] [M]: 0x0000000080000520 (0x195F0F13) addi x30, x30, 0x195                     inst_33+12
x30 <- 0x0000000000000195

clint mtime 0x00000000000000A5 (mip.MTI <- 0b1, mip.STI <- 0b0)
mem[X,0x0000000080000524] -> 0x1F13
mem[X,0x0000000080000526] -> 0x00BF
[330] [M]: 0x0000000080000524 (0x00BF1F13) slli x30, x30, 0xb                       inst_33+16
x30 <- 0x00000000000CA800

mem[X,0x0000000080000528] -> 0x0F13
mem[X,0x000000008000052A] -> 0x2E1F
[331] [M]: 0x0000000080000528 (0x2E1F0F13) addi x30, x30, 0x2e1                     inst_33+20
x30 <- 0x00000000000CAAE1

clint mtime 0x00000000000000A6 (mip.MTI <- 0b1, mip.STI <- 0b0)
mem[X,0x000000008000052C] -> 0x1F13
mem[X,0x000000008000052E] -> 0x00AF
[332] [M]: 0x000000008000052C (0x00AF1F13) slli x30, x30, 0xa                       inst_33+24
x30 <- 0x0000000032AB8400

mem[X,0x0000000080000530] -> 0x0F13
mem[X,0x0000000080000532] -> 0x340F
[333] [M]: 0x0000000080000530 (0x340F0F13) addi x30, x30, 0x340                     inst_33+28
x30 <- 0x0000000032AB8740

clint mtime 0x00000000000000A7 (mip.MTI <- 0b1, mip.STI <- 0b0)
mem[X,0x0000000080000534] -> 0x1F93
mem[X,0x0000000080000536] -> 0x28EF
[334] [M]: 0x0000000080000534 (0x28EF1F93) bseti x31, x30, 0xe                      inst_33+32
x31 <- 0x0000000032ABC740

mem[X,0x0000000080000538] -> 0xB423
mem[X,0x000000008000053A] -> 0x03F2
[335] [M]: 0x0000000080000538 (0x03F2B423) sd x31, 0x28(x5)                         inst_33+36
mem[W,0x0000000080004220] <- 0x0000000032ABC740

clint mtime 0x00000000000000A8 (mip.MTI <- 0b1, mip.STI <- 0b0)
mem[X,0x000000008000053C] -> 0x0F37
mem[X,0x000000008000053E] -> 0x0000
[336] [M]: 0x000000008000053C (0x00000F37) lui x30, 0x0                             inst_34+0
x30 <- 0x0000000000000000

mem[X,0x0000000080000540] -> 0x0F13
mem[X,0x0000000080000542] -> 0x000F
[337] [M]: 0x0000000080000540 (0x000F0F13) addi x30, x30, 0x0                       inst_34+4
x30 <- 0x0000000000000000

clint mtime 0x00000000000000A9 (mip.MTI <- 0b1, mip.STI <- 0b0)
mem[X,0x0000000080000544] -> 0x1F13
mem[X,0x0000000080000546] -> 0x00BF
[338] [M]: 0x0000000080000544 (0x00BF1F13) slli x30, x30, 0xb                       inst_34+8
x30 <- 0x0000000000000000

mem[X,0x0000000080000548] -> 0x0F13
mem[X,0x000000008000054A] -> 0x4B6F
[339] [M]: 0x0000000080000548 (0x4B6F0F13) addi x30, x30, 0x4b6                     inst_34+12
x30 <- 0x00000000000004B6

clint mtime 0x00000000000000AA (mip.MTI <- 0b1, mip.STI <- 0b0)
mem[X,0x000000008000054C] -> 0x1F13
mem[X,0x000000008000054E] -> 0x00BF
[340] [M]: 0x000000008000054C (0x00BF1F13) slli x30, x30, 0xb                       inst_34+16
x30 <- 0x000000000025B000

mem[X,0x0000000080000550] -> 0x0F13
mem[X,0x0000000080000552] -> 0x37CF
[341] [M]: 0x0000000080000550 (0x37CF0F13) addi x30, x30, 0x37c                     inst_34+20
x30 <- 0x000000000025B37C

clint mtime 0x00000000000000AB (mip.MTI <- 0b1, mip.STI <- 0b0)
mem[X,0x0000000080000554] -> 0x1F13
mem[X,0x0000000080000556] -> 0x00AF
[342] [M]: 0x0000000080000554 (0x00AF1F13) slli x30, x30, 0xa                       inst_34+24
x30 <- 0x0000000096CDF000

mem[X,0x0000000080000558] -> 0x0F13
mem[X,0x000000008000055A] -> 0x1A0F
[343] [M]: 0x0000000080000558 (0x1A0F0F13) addi x30, x30, 0x1a0                     inst_34+28
x30 <- 0x0000000096CDF1A0

clint mtime 0x00000000000000AC (mip.MTI <- 0b1, mip.STI <- 0b0)
mem[X,0x000000008000055C] -> 0x1F93
mem[X,0x000000008000055E] -> 0x29DF
[344] [M]: 0x000000008000055C (0x29DF1F93) bseti x31, x30, 0x1d                     inst_34+32
x31 <- 0x00000000B6CDF1A0

mem[X,0x0000000080000560] -> 0xB823
mem[X,0x0000000080000562] -> 0x03F2
[345] [M]: 0x0000000080000560 (0x03F2B823) sd x31, 0x30(x5)                         inst_34+36
mem[W,0x0000000080004228] <- 0x00000000B6CDF1A0

clint mtime 0x00000000000000AD (mip.MTI <- 0b1, mip.STI <- 0b0)
mem[X,0x0000000080000564] -> 0x0F37
mem[X,0x0000000080000566] -> 0x0000
[346] [M]: 0x0000000080000564 (0x00000F37) lui x30, 0x0                             inst_35+0
x30 <- 0x0000000000000000

mem[X,0x0000000080000568] -> 0x0F13
mem[X,0x000000008000056A] -> 0x000F
[347] [M]: 0x0000000080000568 (0x000F0F13) addi x30, x30, 0x0                       inst_35+4
x30 <- 0x0000000000000000

clint mtime 0x00000000000000AE (mip.MTI <- 0b1, mip.STI <- 0b0)
mem[X,0x000000008000056C] -> 0x1F13
mem[X,0x000000008000056E] -> 0x00BF
[348] [M]: 0x000000008000056C (0x00BF1F13) slli x30, x30, 0xb                       inst_35+8
x30 <- 0x0000000000000000

mem[X,0x0000000080000570] -> 0x0F13
mem[X,0x0000000080000572] -> 0x5C3F
[349] [M]: 0x0000000080000570 (0x5C3F0F13) addi x30, x30, 0x5c3                     inst_35+12
x30 <- 0x00000000000005C3

clint mtime 0x00000000000000AF (mip.MTI <- 0b1, mip.STI <- 0b0)
mem[X,0x0000000080000574] -> 0x1F13
mem[X,0x0000000080000576] -> 0x00BF
[350] [M]: 0x0000000080000574 (0x00BF1F13) slli x30, x30, 0xb                       inst_35+16
x30 <- 0x00000000002E1800

mem[X,0x0000000080000578] -> 0x0F13
mem[X,0x000000008000057A] -> 0x6A7F
[351] [M]: 0x0000000080000578 (0x6A7F0F13) addi x30, x30, 0x6a7                     inst_35+20
x30 <- 0x00000000002E1EA7

clint mtime 0x00000000000000B0 (mip.MTI <- 0b1, mip.STI <- 0b0)
mem[X,0x000000008000057C] -> 0x1F13
mem[X,0x000000008000057E] -> 0x00AF
[352] [M]: 0x000000008000057C (0x00AF1F13) slli x30, x30, 0xa                       inst_35+24
x30 <- 0x00000000B87A9C00

mem[X,0x0000000080000580] -> 0x0F13
mem[X,0x0000000080000582] -> 0x230F
[353] [M]: 0x0000000080000580 (0x230F0F13) addi x30, x30, 0x230                     inst_35+28
x30 <- 0x00000000B87A9E30

clint mtime 0x00000000000000B1 (mip.MTI <- 0b1, mip.STI <- 0b0)
mem[X,0x0000000080000584] -> 0x1F93
mem[X,0x0000000080000586] -> 0x291F
[354] [M]: 0x0000000080000584 (0x291F1F93) bseti x31, x30, 0x11                     inst_35+32
x31 <- 0x00000000B87A9E30

mem[X,0x0000000080000588] -> 0xBC23
mem[X,0x000000008000058A] -> 0x03F2
[355] [M]: 0x0000000080000588 (0x03F2BC23) sd x31, 0x38(x5)                         inst_35+36
mem[W,0x0000000080004230] <- 0x00000000B87A9E30

clint mtime 0x00000000000000B2 (mip.MTI <- 0b1, mip.STI <- 0b0)
mem[X,0x000000008000058C] -> 0x0F37
mem[X,0x000000008000058E] -> 0x0000
[356] [M]: 0x000000008000058C (0x00000F37) lui x30, 0x0                             inst_36+0
x30 <- 0x0000000000000000

mem[X,0x0000000080000590] -> 0x0F13
mem[X,0x0000000080000592] -> 0x000F
[357] [M]: 0x0000000080000590 (0x000F0F13) addi x30, x30, 0x0                       inst_36+4
x30 <- 0x0000000000000000

clint mtime 0x00000000000000B3 (mip.MTI <- 0b1, mip.STI <- 0b0)
mem[X,0x0000000080000594] -> 0x1F13
mem[X,0x0000000080000596] -> 0x00BF
[358] [M]: 0x0000000080000594 (0x00BF1F13) slli x30, x30, 0xb                       inst_36+8
x30 <- 0x0000000000000000

mem[X,0x0000000080000598] -> 0x0F13
mem[X,0x000000008000059A] -> 0x0B1F
[359] [M]: 0x0000000080000598 (0x0B1F0F13) addi x30, x30, 0xb1                      inst_36+12
x30 <- 0x00000000000000B1

clint mtime 0x00000000000000B4 (mip.MTI <- 0b1, mip.STI <- 0b0)
mem[X,0x000000008000059C] -> 0x1F13
mem[X,0x000000008000059E] -> 0x00BF
[360] [M]: 0x000000008000059C (0x00BF1F13) slli x30, x30, 0xb                       inst_36+16
x30 <- 0x0000000000058800

mem[X,0x00000000800005A0] -> 0x0F13
mem[X,0x00000000800005A2] -> 0x77FF
[361] [M]: 0x00000000800005A0 (0x77FF0F13) addi x30, x30, 0x77f                     inst_36+20
x30 <- 0x0000000000058F7F

clint mtime 0x00000000000000B5 (mip.MTI <- 0b1, mip.STI <- 0b0)
mem[X,0x00000000800005A4] -> 0x1F13
mem[X,0x00000000800005A6] -> 0x00AF
[362] [M]: 0x00000000800005A4 (0x00AF1F13) slli x30, x30, 0xa                       inst_36+24
x30 <- 0x00000000163DFC00

mem[X,0x00000000800005A8] -> 0x0F13
mem[X,0x00000000800005AA] -> 0x398F
[363] [M]: 0x00000000800005A8 (0x398F0F13) addi x30, x30, 0x398                     inst_36+28
x30 <- 0x00000000163DFF98

clint mtime 0x00000000000000B6 (mip.MTI <- 0b1, mip.STI <- 0b0)
mem[X,0x00000000800005AC] -> 0x1F93
mem[X,0x00000000800005AE] -> 0x297F
[364] [M]: 0x00000000800005AC (0x297F1F93) bseti x31, x30, 0x17                     inst_36+32
x31 <- 0x0000000016BDFF98

mem[X,0x00000000800005B0] -> 0xB023
mem[X,0x00000000800005B2] -> 0x05F2
[365] [M]: 0x00000000800005B0 (0x05F2B023) sd x31, 0x40(x5)                         inst_36+36
mem[W,0x0000000080004238] <- 0x0000000016BDFF98

clint mtime 0x00000000000000B7 (mip.MTI <- 0b1, mip.STI <- 0b0)
mem[X,0x00000000800005B4] -> 0x7F37
mem[X,0x00000000800005B6] -> 0x2481
[366] [M]: 0x00000000800005B4 (0x24817F37) lui x30, 0x24817                         inst_37+0
x30 <- 0x0000000024817000

mem[X,0x00000000800005B8] -> 0x0F13
mem[X,0x00000000800005BA] -> 0x4E7F
[367] [M]: 0x00000000800005B8 (0x4E7F0F13) addi x30, x30, 0x4e7                     inst_37+4
x30 <- 0x00000000248174E7

clint mtime 0x00000000000000B8 (mip.MTI <- 0b1, mip.STI <- 0b0)
mem[X,0x00000000800005BC] -> 0x1F13
mem[X,0x00000000800005BE] -> 0x002F
[368] [M]: 0x00000000800005BC (0x002F1F13) slli x30, x30, 0x2                       inst_37+8
x30 <- 0x000000009205D39C

mem[X,0x00000000800005C0] -> 0x1F93
mem[X,0x00000000800005C2] -> 0x298F
[369] [M]: 0x00000000800005C0 (0x298F1F93) bseti x31, x30, 0x18                     inst_37+12
x31 <- 0x000000009305D39C

clint mtime 0x00000000000000B9 (mip.MTI <- 0b1, mip.STI <- 0b0)
mem[X,0x00000000800005C4] -> 0xB423
mem[X,0x00000000800005C6] -> 0x05F2
[370] [M]: 0x00000000800005C4 (0x05F2B423) sd x31, 0x48(x5)                         inst_37+16
mem[W,0x0000000080004240] <- 0x000000009305D39C

mem[X,0x00000000800005C8] -> 0x0F37
mem[X,0x00000000800005CA] -> 0x0000
[371] [M]: 0x00000000800005C8 (0x00000F37) lui x30, 0x0                             inst_38+0
x30 <- 0x0000000000000000

clint mtime 0x00000000000000BA (mip.MTI <- 0b1, mip.STI <- 0b0)
mem[X,0x00000000800005CC] -> 0x0F13
mem[X,0x00000000800005CE] -> 0x000F
[372] [M]: 0x00000000800005CC (0x000F0F13) addi x30, x30, 0x0                       inst_38+4
x30 <- 0x0000000000000000

mem[X,0x00000000800005D0] -> 0x1F13
mem[X,0x00000000800005D2] -> 0x00BF
[373] [M]: 0x00000000800005D0 (0x00BF1F13) slli x30, x30, 0xb                       inst_38+8
x30 <- 0x0000000000000000

clint mtime 0x00000000000000BB (mip.MTI <- 0b1, mip.STI <- 0b0)
mem[X,0x00000000800005D4] -> 0x0F13
mem[X,0x00000000800005D6] -> 0x285F
[374] [M]: 0x00000000800005D4 (0x285F0F13) addi x30, x30, 0x285                     inst_38+12
x30 <- 0x0000000000000285

mem[X,0x00000000800005D8] -> 0x1F13
mem[X,0x00000000800005DA] -> 0x00BF
[375] [M]: 0x00000000800005D8 (0x00BF1F13) slli x30, x30, 0xb                       inst_38+16
x30 <- 0x0000000000142800

clint mtime 0x00000000000000BC (mip.MTI <- 0b1, mip.STI <- 0b0)
mem[X,0x00000000800005DC] -> 0x0F13
mem[X,0x00000000800005DE] -> 0x00FF
[376] [M]: 0x00000000800005DC (0x00FF0F13) addi x30, x30, 0xf                       inst_38+20
x30 <- 0x000000000014280F

mem[X,0x00000000800005E0] -> 0x1F13
mem[X,0x00000000800005E2] -> 0x00AF
[377] [M]: 0x00000000800005E0 (0x00AF1F13) slli x30, x30, 0xa                       inst_38+24
x30 <- 0x0000000050A03C00

clint mtime 0x00000000000000BD (mip.MTI <- 0b1, mip.STI <- 0b0)
mem[X,0x00000000800005E4] -> 0x0F13
mem[X,0x00000000800005E6] -> 0x05AF
[378] [M]: 0x00000000800005E4 (0x05AF0F13) addi x30, x30, 0x5a                      inst_38+28
x30 <- 0x0000000050A03C5A

mem[X,0x00000000800005E8] -> 0x1F93
mem[X,0x00000000800005EA] -> 0x296F
[379] [M]: 0x00000000800005E8 (0x296F1F93) bseti x31, x30, 0x16                     inst_38+32
x31 <- 0x0000000050E03C5A

clint mtime 0x00000000000000BE (mip.MTI <- 0b1, mip.STI <- 0b0)
mem[X,0x00000000800005EC] -> 0xB823
mem[X,0x00000000800005EE] -> 0x05F2
[380] [M]: 0x00000000800005EC (0x05F2B823) sd x31, 0x50(x5)                         inst_38+36
mem[W,0x0000000080004248] <- 0x0000000050E03C5A

mem[X,0x00000000800005F0] -> 0x0F37
mem[X,0x00000000800005F2] -> 0x0000
[381] [M]: 0x00000000800005F0 (0x00000F37) lui x30, 0x0                             inst_39+0
x30 <- 0x0000000000000000

clint mtime 0x00000000000000BF (mip.MTI <- 0b1, mip.STI <- 0b0)
mem[X,0x00000000800005F4] -> 0x0F13
mem[X,0x00000000800005F6] -> 0x000F
[382] [M]: 0x00000000800005F4 (0x000F0F13) addi x30, x30, 0x0                       inst_39+4
x30 <- 0x0000000000000000

mem[X,0x00000000800005F8] -> 0x1F13
mem[X,0x00000000800005FA] -> 0x00BF
[383] [M]: 0x00000000800005F8 (0x00BF1F13) slli x30, x30, 0xb                       inst_39+8
x30 <- 0x0000000000000000

clint mtime 0x00000000000000C0 (mip.MTI <- 0b1, mip.STI <- 0b0)
mem[X,0x00000000800005FC] -> 0x0F13
mem[X,0x00000000800005FE] -> 0x3CBF
[384] [M]: 0x00000000800005FC (0x3CBF0F13) addi x30, x30, 0x3cb                     inst_39+12
x30 <- 0x00000000000003CB

mem[X,0x0000000080000600] -> 0x1F13
mem[X,0x0000000080000602] -> 0x00BF
[385] [M]: 0x0000000080000600 (0x00BF1F13) slli x30, x30, 0xb                       inst_39+16
x30 <- 0x00000000001E5800

clint mtime 0x00000000000000C1 (mip.MTI <- 0b1, mip.STI <- 0b0)
mem[X,0x0000000080000604] -> 0x0F13
mem[X,0x0000000080000606] -> 0x75DF
[386] [M]: 0x0000000080000604 (0x75DF0F13) addi x30, x30, 0x75d                     inst_39+20
x30 <- 0x00000000001E5F5D

mem[X,0x0000000080000608] -> 0x1F13
mem[X,0x000000008000060A] -> 0x00AF
[387] [M]: 0x0000000080000608 (0x00AF1F13) slli x30, x30, 0xa                       inst_39+24
x30 <- 0x00000000797D7400

clint mtime 0x00000000000000C2 (mip.MTI <- 0b1, mip.STI <- 0b0)
mem[X,0x000000008000060C] -> 0x0F13
mem[X,0x000000008000060E] -> 0x2DFF
[388] [M]: 0x000000008000060C (0x2DFF0F13) addi x30, x30, 0x2df                     inst_39+28
x30 <- 0x00000000797D76DF

mem[X,0x0000000080000610] -> 0x1F93
mem[X,0x0000000080000612] -> 0x291F
[389] [M]: 0x0000000080000610 (0x291F1F93) bseti x31, x30, 0x11                     inst_39+32
x31 <- 0x00000000797F76DF

clint mtime 0x00000000000000C3 (mip.MTI <- 0b1, mip.STI <- 0b0)
mem[X,0x0000000080000614] -> 0xBC23
mem[X,0x0000000080000616] -> 0x05F2
[390] [M]: 0x0000000080000614 (0x05F2BC23) sd x31, 0x58(x5)                         inst_39+36
mem[W,0x0000000080004250] <- 0x00000000797F76DF

mem[X,0x0000000080000618] -> 0x0F37
mem[X,0x000000008000061A] -> 0x0000
[391] [M]: 0x0000000080000618 (0x00000F37) lui x30, 0x0                             inst_40+0
x30 <- 0x0000000000000000

clint mtime 0x00000000000000C4 (mip.MTI <- 0b1, mip.STI <- 0b0)
mem[X,0x000000008000061C] -> 0x0F13
mem[X,0x000000008000061E] -> 0x000F
[392] [M]: 0x000000008000061C (0x000F0F13) addi x30, x30, 0x0                       inst_40+4
x30 <- 0x0000000000000000

mem[X,0x0000000080000620] -> 0x1F13
mem[X,0x0000000080000622] -> 0x00BF
[393] [M]: 0x0000000080000620 (0x00BF1F13) slli x30, x30, 0xb                       inst_40+8
x30 <- 0x0000000000000000

clint mtime 0x00000000000000C5 (mip.MTI <- 0b1, mip.STI <- 0b0)
mem[X,0x0000000080000624] -> 0x0F13
mem[X,0x0000000080000626] -> 0x122F
[394] [M]: 0x0000000080000624 (0x122F0F13) addi x30, x30, 0x122                     inst_40+12
x30 <- 0x0000000000000122

mem[X,0x0000000080000628] -> 0x1F13
mem[X,0x000000008000062A] -> 0x00BF
[395] [M]: 0x0000000080000628 (0x00BF1F13) slli x30, x30, 0xb                       inst_40+16
x30 <- 0x0000000000091000

clint mtime 0x00000000000000C6 (mip.MTI <- 0b1, mip.STI <- 0b0)
mem[X,0x000000008000062C] -> 0x0F13
mem[X,0x000000008000062E] -> 0x25BF
[396] [M]: 0x000000008000062C (0x25BF0F13) addi x30, x30, 0x25b                     inst_40+20
x30 <- 0x000000000009125B

mem[X,0x0000000080000630] -> 0x1F13
mem[X,0x0000000080000632] -> 0x00AF
[397] [M]: 0x0000000080000630 (0x00AF1F13) slli x30, x30, 0xa                       inst_40+24
x30 <- 0x0000000024496C00

clint mtime 0x00000000000000C7 (mip.MTI <- 0b1, mip.STI <- 0b0)
mem[X,0x0000000080000634] -> 0x0F13
mem[X,0x0000000080000636] -> 0x3E3F
[398] [M]: 0x0000000080000634 (0x3E3F0F13) addi x30, x30, 0x3e3                     inst_40+28
x30 <- 0x0000000024496FE3

mem[X,0x0000000080000638] -> 0x1F93
mem[X,0x000000008000063A] -> 0x288F
[399] [M]: 0x0000000080000638 (0x288F1F93) bseti x31, x30, 0x8                      inst_40+32
x31 <- 0x0000000024496FE3

clint mtime 0x00000000000000C8 (mip.MTI <- 0b1, mip.STI <- 0b0)
mem[X,0x000000008000063C] -> 0xB023
mem[X,0x000000008000063E] -> 0x07F2
[400] [M]: 0x000000008000063C (0x07F2B023) sd x31, 0x60(x5)                         inst_40+36
mem[W,0x0000000080004258] <- 0x0000000024496FE3

mem[X,0x0000000080000640] -> 0x0F37
mem[X,0x0000000080000642] -> 0x0000
[401] [M]: 0x0000000080000640 (0x00000F37) lui x30, 0x0                             inst_41+0
x30 <- 0x0000000000000000

clint mtime 0x00000000000000C9 (mip.MTI <- 0b1, mip.STI <- 0b0)
mem[X,0x0000000080000644] -> 0x0F13
mem[X,0x0000000080000646] -> 0x000F
[402] [M]: 0x0000000080000644 (0x000F0F13) addi x30, x30, 0x0                       inst_41+4
x30 <- 0x0000000000000000

mem[X,0x0000000080000648] -> 0x1F13
mem[X,0x000000008000064A] -> 0x00BF
[403] [M]: 0x0000000080000648 (0x00BF1F13) slli x30, x30, 0xb                       inst_41+8
x30 <- 0x0000000000000000

clint mtime 0x00000000000000CA (mip.MTI <- 0b1, mip.STI <- 0b0)
mem[X,0x000000008000064C] -> 0x0F13
mem[X,0x000000008000064E] -> 0x6F0F
[404] [M]: 0x000000008000064C (0x6F0F0F13) addi x30, x30, 0x6f0                     inst_41+12
x30 <- 0x00000000000006F0

mem[X,0x0000000080000650] -> 0x1F13
mem[X,0x0000000080000652] -> 0x00BF
[405] [M]: 0x0000000080000650 (0x00BF1F13) slli x30, x30, 0xb                       inst_41+16
x30 <- 0x0000000000378000

clint mtime 0x00000000000000CB (mip.MTI <- 0b1, mip.STI <- 0b0)
mem[X,0x0000000080000654] -> 0x0F13
mem[X,0x0000000080000656] -> 0x52FF
[406] [M]: 0x0000000080000654 (0x52FF0F13) addi x30, x30, 0x52f                     inst_41+20
x30 <- 0x000000000037852F

mem[X,0x0000000080000658] -> 0x1F13
mem[X,0x000000008000065A] -> 0x00AF
[407] [M]: 0x0000000080000658 (0x00AF1F13) slli x30, x30, 0xa                       inst_41+24
x30 <- 0x00000000DE14BC00

clint mtime 0x00000000000000CC (mip.MTI <- 0b1, mip.STI <- 0b0)
mem[X,0x000000008000065C] -> 0x0F13
mem[X,0x000000008000065E] -> 0x3F2F
[408] [M]: 0x000000008000065C (0x3F2F0F13) addi x30, x30, 0x3f2                     inst_41+28
x30 <- 0x00000000DE14BFF2

mem[X,0x0000000080000660] -> 0x1F93
mem[X,0x0000000080000662] -> 0x29DF
[409] [M]: 0x0000000080000660 (0x29DF1F93) bseti x31, x30, 0x1d                     inst_41+32
x31 <- 0x00000000FE14BFF2

clint mtime 0x00000000000000CD (mip.MTI <- 0b1, mip.STI <- 0b0)
mem[X,0x0000000080000664] -> 0xB423
mem[X,0x0000000080000666] -> 0x07F2
[410] [M]: 0x0000000080000664 (0x07F2B423) sd x31, 0x68(x5)                         inst_41+36
mem[W,0x0000000080004260] <- 0x00000000FE14BFF2

mem[X,0x0000000080000668] -> 0x0F37
mem[X,0x000000008000066A] -> 0x0000
[411] [M]: 0x0000000080000668 (0x00000F37) lui x30, 0x0                             inst_42+0
x30 <- 0x0000000000000000

clint mtime 0x00000000000000CE (mip.MTI <- 0b1, mip.STI <- 0b0)
mem[X,0x000000008000066C] -> 0x0F13
mem[X,0x000000008000066E] -> 0x000F
[412] [M]: 0x000000008000066C (0x000F0F13) addi x30, x30, 0x0                       inst_42+4
x30 <- 0x0000000000000000

mem[X,0x0000000080000670] -> 0x1F13
mem[X,0x0000000080000672] -> 0x00BF
[413] [M]: 0x0000000080000670 (0x00BF1F13) slli x30, x30, 0xb                       inst_42+8
x30 <- 0x0000000000000000

clint mtime 0x00000000000000CF (mip.MTI <- 0b1, mip.STI <- 0b0)
mem[X,0x0000000080000674] -> 0x0F13
mem[X,0x0000000080000676] -> 0x5C0F
[414] [M]: 0x0000000080000674 (0x5C0F0F13) addi x30, x30, 0x5c0                     inst_42+12
x30 <- 0x00000000000005C0

mem[X,0x0000000080000678] -> 0x1F13
mem[X,0x000000008000067A] -> 0x00BF
[415] [M]: 0x0000000080000678 (0x00BF1F13) slli x30, x30, 0xb                       inst_42+16
x30 <- 0x00000000002E0000

clint mtime 0x00000000000000D0 (mip.MTI <- 0b1, mip.STI <- 0b0)
mem[X,0x000000008000067C] -> 0x0F13
mem[X,0x000000008000067E] -> 0x229F
[416] [M]: 0x000000008000067C (0x229F0F13) addi x30, x30, 0x229                     inst_42+20
x30 <- 0x00000000002E0229

mem[X,0x0000000080000680] -> 0x1F13
mem[X,0x0000000080000682] -> 0x00AF
[417] [M]: 0x0000000080000680 (0x00AF1F13) slli x30, x30, 0xa                       inst_42+24
x30 <- 0x00000000B808A400

clint mtime 0x00000000000000D1 (mip.MTI <- 0b1, mip.STI <- 0b0)
mem[X,0x0000000080000684] -> 0x0F13
mem[X,0x0000000080000686] -> 0x277F
[418] [M]: 0x0000000080000684 (0x277F0F13) addi x30, x30, 0x277                     inst_42+28
x30 <- 0x00000000B808A677

mem[X,0x0000000080000688] -> 0x1F93
mem[X,0x000000008000068A] -> 0x283F
[419] [M]: 0x0000000080000688 (0x283F1F93) bseti x31, x30, 0x3                      inst_42+32
x31 <- 0x00000000B808A67F

clint mtime 0x00000000000000D2 (mip.MTI <- 0b1, mip.STI <- 0b0)
mem[X,0x000000008000068C] -> 0xB823
mem[X,0x000000008000068E] -> 0x07F2
[420] [M]: 0x000000008000068C (0x07F2B823) sd x31, 0x70(x5)                         inst_42+36
mem[W,0x0000000080004268] <- 0x00000000B808A67F

mem[X,0x0000000080000690] -> 0x0F37
mem[X,0x0000000080000692] -> 0x0000
[421] [M]: 0x0000000080000690 (0x00000F37) lui x30, 0x0                             inst_43+0
x30 <- 0x0000000000000000

clint mtime 0x00000000000000D3 (mip.MTI <- 0b1, mip.STI <- 0b0)
mem[X,0x0000000080000694] -> 0x0F13
mem[X,0x0000000080000696] -> 0x000F
[422] [M]: 0x0000000080000694 (0x000F0F13) addi x30, x30, 0x0                       inst_43+4
x30 <- 0x0000000000000000

mem[X,0x0000000080000698] -> 0x1F13
mem[X,0x000000008000069A] -> 0x00BF
[423] [M]: 0x0000000080000698 (0x00BF1F13) slli x30, x30, 0xb                       inst_43+8
x30 <- 0x0000000000000000

clint mtime 0x00000000000000D4 (mip.MTI <- 0b1, mip.STI <- 0b0)
mem[X,0x000000008000069C] -> 0x0F13
mem[X,0x000000008000069E] -> 0x3B5F
[424] [M]: 0x000000008000069C (0x3B5F0F13) addi x30, x30, 0x3b5                     inst_43+12
x30 <- 0x00000000000003B5

mem[X,0x00000000800006A0] -> 0x1F13
mem[X,0x00000000800006A2] -> 0x00BF
[425] [M]: 0x00000000800006A0 (0x00BF1F13) slli x30, x30, 0xb                       inst_43+16
x30 <- 0x00000000001DA800

clint mtime 0x00000000000000D5 (mip.MTI <- 0b1, mip.STI <- 0b0)
mem[X,0x00000000800006A4] -> 0x0F13
mem[X,0x00000000800006A6] -> 0x47FF
[426] [M]: 0x00000000800006A4 (0x47FF0F13) addi x30, x30, 0x47f                     inst_43+20
x30 <- 0x00000000001DAC7F

mem[X,0x00000000800006A8] -> 0x1F13
mem[X,0x00000000800006AA] -> 0x00AF
[427] [M]: 0x00000000800006A8 (0x00AF1F13) slli x30, x30, 0xa                       inst_43+24
x30 <- 0x0000000076B1FC00

clint mtime 0x00000000000000D6 (mip.MTI <- 0b1, mip.STI <- 0b0)
mem[X,0x00000000800006AC] -> 0x0F13
mem[X,0x00000000800006AE] -> 0x13DF
[428] [M]: 0x00000000800006AC (0x13DF0F13) addi x30, x30, 0x13d                     inst_43+28
x30 <- 0x0000000076B1FD3D

mem[X,0x00000000800006B0] -> 0x1F93
mem[X,0x00000000800006B2] -> 0x287F
[429] [M]: 0x00000000800006B0 (0x287F1F93) bseti x31, x30, 0x7                      inst_43+32
x31 <- 0x0000000076B1FDBD

clint mtime 0x00000000000000D7 (mip.MTI <- 0b1, mip.STI <- 0b0)
mem[X,0x00000000800006B4] -> 0xBC23
mem[X,0x00000000800006B6] -> 0x07F2
[430] [M]: 0x00000000800006B4 (0x07F2BC23) sd x31, 0x78(x5)                         inst_43+36
mem[W,0x0000000080004270] <- 0x0000000076B1FDBD

mem[X,0x00000000800006B8] -> 0x0F37
mem[X,0x00000000800006BA] -> 0x0000
[431] [M]: 0x00000000800006B8 (0x00000F37) lui x30, 0x0                             inst_44+0
x30 <- 0x0000000000000000

clint mtime 0x00000000000000D8 (mip.MTI <- 0b1, mip.STI <- 0b0)
mem[X,0x00000000800006BC] -> 0x0F13
mem[X,0x00000000800006BE] -> 0x000F
[432] [M]: 0x00000000800006BC (0x000F0F13) addi x30, x30, 0x0                       inst_44+4
x30 <- 0x0000000000000000

mem[X,0x00000000800006C0] -> 0x1F13
mem[X,0x00000000800006C2] -> 0x00BF
[433] [M]: 0x00000000800006C0 (0x00BF1F13) slli x30, x30, 0xb                       inst_44+8
x30 <- 0x0000000000000000

clint mtime 0x00000000000000D9 (mip.MTI <- 0b1, mip.STI <- 0b0)
mem[X,0x00000000800006C4] -> 0x0F13
mem[X,0x00000000800006C6] -> 0x2EEF
[434] [M]: 0x00000000800006C4 (0x2EEF0F13) addi x30, x30, 0x2ee                     inst_44+12
x30 <- 0x00000000000002EE

mem[X,0x00000000800006C8] -> 0x1F13
mem[X,0x00000000800006CA] -> 0x00BF
[435] [M]: 0x00000000800006C8 (0x00BF1F13) slli x30, x30, 0xb                       inst_44+16
x30 <- 0x0000000000177000

clint mtime 0x00000000000000DA (mip.MTI <- 0b1, mip.STI <- 0b0)
mem[X,0x00000000800006CC] -> 0x0F13
mem[X,0x00000000800006CE] -> 0x3C0F
[436] [M]: 0x00000000800006CC (0x3C0F0F13) addi x30, x30, 0x3c0                     inst_44+20
x30 <- 0x00000000001773C0

mem[X,0x00000000800006D0] -> 0x1F13
mem[X,0x00000000800006D2] -> 0x00AF
[437] [M]: 0x00000000800006D0 (0x00AF1F13) slli x30, x30, 0xa                       inst_44+24
x30 <- 0x000000005DCF0000

clint mtime 0x00000000000000DB (mip.MTI <- 0b1, mip.STI <- 0b0)
mem[X,0x00000000800006D4] -> 0x0F13
mem[X,0x00000000800006D6] -> 0x19DF
[438] [M]: 0x00000000800006D4 (0x19DF0F13) addi x30, x30, 0x19d                     inst_44+28
x30 <- 0x000000005DCF019D

mem[X,0x00000000800006D8] -> 0x1F93
mem[X,0x00000000800006DA] -> 0x28FF
[439] [M]: 0x00000000800006D8 (0x28FF1F93) bseti x31, x30, 0xf                      inst_44+32
x31 <- 0x000000005DCF819D

clint mtime 0x00000000000000DC (mip.MTI <- 0b1, mip.STI <- 0b0)
mem[X,0x00000000800006DC] -> 0xB023
mem[X,0x00000000800006DE] -> 0x09F2
[440] [M]: 0x00000000800006DC (0x09F2B023) sd x31, 0x80(x5)                         inst_44+36
mem[W,0x0000000080004278] <- 0x000000005DCF819D

mem[X,0x00000000800006E0] -> 0x0F37
mem[X,0x00000000800006E2] -> 0x0000
[441] [M]: 0x00000000800006E0 (0x00000F37) lui x30, 0x0                             inst_45+0
x30 <- 0x0000000000000000

clint mtime 0x00000000000000DD (mip.MTI <- 0b1, mip.STI <- 0b0)
mem[X,0x00000000800006E4] -> 0x0F13
mem[X,0x00000000800006E6] -> 0x000F
[442] [M]: 0x00000000800006E4 (0x000F0F13) addi x30, x30, 0x0                       inst_45+4
x30 <- 0x0000000000000000

mem[X,0x00000000800006E8] -> 0x1F13
mem[X,0x00000000800006EA] -> 0x00BF
[443] [M]: 0x00000000800006E8 (0x00BF1F13) slli x30, x30, 0xb                       inst_45+8
x30 <- 0x0000000000000000

clint mtime 0x00000000000000DE (mip.MTI <- 0b1, mip.STI <- 0b0)
mem[X,0x00000000800006EC] -> 0x0F13
mem[X,0x00000000800006EE] -> 0x23DF
[444] [M]: 0x00000000800006EC (0x23DF0F13) addi x30, x30, 0x23d                     inst_45+12
x30 <- 0x000000000000023D

mem[X,0x00000000800006F0] -> 0x1F13
mem[X,0x00000000800006F2] -> 0x00BF
[445] [M]: 0x00000000800006F0 (0x00BF1F13) slli x30, x30, 0xb                       inst_45+16
x30 <- 0x000000000011E800

clint mtime 0x00000000000000DF (mip.MTI <- 0b1, mip.STI <- 0b0)
mem[X,0x00000000800006F4] -> 0x0F13
mem[X,0x00000000800006F6] -> 0x5C2F
[446] [M]: 0x00000000800006F4 (0x5C2F0F13) addi x30, x30, 0x5c2                     inst_45+20
x30 <- 0x000000000011EDC2

mem[X,0x00000000800006F8] -> 0x1F13
mem[X,0x00000000800006FA] -> 0x00AF
[447] [M]: 0x00000000800006F8 (0x00AF1F13) slli x30, x30, 0xa                       inst_45+24
x30 <- 0x0000000047B70800

clint mtime 0x00000000000000E0 (mip.MTI <- 0b1, mip.STI <- 0b0)
mem[X,0x00000000800006FC] -> 0x0F13
mem[X,0x00000000800006FE] -> 0x17BF
[448] [M]: 0x00000000800006FC (0x17BF0F13) addi x30, x30, 0x17b                     inst_45+28
x30 <- 0x0000000047B7097B

mem[X,0x0000000080000700] -> 0x1F93
mem[X,0x0000000080000702] -> 0x29FF
[449] [M]: 0x0000000080000700 (0x29FF1F93) bseti x31, x30, 0x1f                     inst_45+32
x31 <- 0x00000000C7B7097B

clint mtime 0x00000000000000E1 (mip.MTI <- 0b1, mip.STI <- 0b0)
mem[X,0x0000000080000704] -> 0xB423
mem[X,0x0000000080000706] -> 0x09F2
[450] [M]: 0x0000000080000704 (0x09F2B423) sd x31, 0x88(x5)                         inst_45+36
mem[W,0x0000000080004280] <- 0x00000000C7B7097B

mem[X,0x0000000080000708] -> 0xCF37
mem[X,0x000000008000070A] -> 0x1D67
[451] [M]: 0x0000000080000708 (0x1D67CF37) lui x30, 0x1d67c                         inst_46+0
x30 <- 0x000000001D67C000

clint mtime 0x00000000000000E2 (mip.MTI <- 0b1, mip.STI <- 0b0)
mem[X,0x000000008000070C] -> 0x0F13
mem[X,0x000000008000070E] -> 0x6D1F
[452] [M]: 0x000000008000070C (0x6D1F0F13) addi x30, x30, 0x6d1                     inst_46+4
x30 <- 0x000000001D67C6D1

mem[X,0x0000000080000710] -> 0x1F13
mem[X,0x0000000080000712] -> 0x002F
[453] [M]: 0x0000000080000710 (0x002F1F13) slli x30, x30, 0x2                       inst_46+8
x30 <- 0x00000000759F1B44

clint mtime 0x00000000000000E3 (mip.MTI <- 0b1, mip.STI <- 0b0)
mem[X,0x0000000080000714] -> 0x1F93
mem[X,0x0000000080000716] -> 0x290F
[454] [M]: 0x0000000080000714 (0x290F1F93) bseti x31, x30, 0x10                     inst_46+12
x31 <- 0x00000000759F1B44

mem[X,0x0000000080000718] -> 0xB823
mem[X,0x000000008000071A] -> 0x09F2
[455] [M]: 0x0000000080000718 (0x09F2B823) sd x31, 0x90(x5)                         inst_46+16
mem[W,0x0000000080004288] <- 0x00000000759F1B44

clint mtime 0x00000000000000E4 (mip.MTI <- 0b1, mip.STI <- 0b0)
mem[X,0x000000008000071C] -> 0x0F37
mem[X,0x000000008000071E] -> 0x0000
[456] [M]: 0x000000008000071C (0x00000F37) lui x30, 0x0                             inst_47+0
x30 <- 0x0000000000000000

mem[X,0x0000000080000720] -> 0x0F13
mem[X,0x0000000080000722] -> 0x000F
[457] [M]: 0x0000000080000720 (0x000F0F13) addi x30, x30, 0x0                       inst_47+4
x30 <- 0x0000000000000000

clint mtime 0x00000000000000E5 (mip.MTI <- 0b1, mip.STI <- 0b0)
mem[X,0x0000000080000724] -> 0x1F13
mem[X,0x0000000080000726] -> 0x00BF
[458] [M]: 0x0000000080000724 (0x00BF1F13) slli x30, x30, 0xb                       inst_47+8
x30 <- 0x0000000000000000

mem[X,0x0000000080000728] -> 0x0F13
mem[X,0x000000008000072A] -> 0x206F
[459] [M]: 0x0000000080000728 (0x206F0F13) addi x30, x30, 0x206                     inst_47+12
x30 <- 0x0000000000000206

clint mtime 0x00000000000000E6 (mip.MTI <- 0b1, mip.STI <- 0b0)
mem[X,0x000000008000072C] -> 0x1F13
mem[X,0x000000008000072E] -> 0x00BF
[460] [M]: 0x000000008000072C (0x00BF1F13) slli x30, x30, 0xb                       inst_47+16
x30 <- 0x0000000000103000

mem[X,0x0000000080000730] -> 0x0F13
mem[X,0x0000000080000732] -> 0x642F
[461] [M]: 0x0000000080000730 (0x642F0F13) addi x30, x30, 0x642                     inst_47+20
x30 <- 0x0000000000103642

clint mtime 0x00000000000000E7 (mip.MTI <- 0b1, mip.STI <- 0b0)
mem[X,0x0000000080000734] -> 0x1F13
mem[X,0x0000000080000736] -> 0x00AF
[462] [M]: 0x0000000080000734 (0x00AF1F13) slli x30, x30, 0xa                       inst_47+24
x30 <- 0x0000000040D90800

mem[X,0x0000000080000738] -> 0x0F13
mem[X,0x000000008000073A] -> 0x21DF
[463] [M]: 0x0000000080000738 (0x21DF0F13) addi x30, x30, 0x21d                     inst_47+28
x30 <- 0x0000000040D90A1D

clint mtime 0x00000000000000E8 (mip.MTI <- 0b1, mip.STI <- 0b0)
mem[X,0x000000008000073C] -> 0x1F93
mem[X,0x000000008000073E] -> 0x297F
[464] [M]: 0x000000008000073C (0x297F1F93) bseti x31, x30, 0x17                     inst_47+32
x31 <- 0x0000000040D90A1D

mem[X,0x0000000080000740] -> 0xBC23
mem[X,0x0000000080000742] -> 0x09F2
[465] [M]: 0x0000000080000740 (0x09F2BC23) sd x31, 0x98(x5)                         inst_47+36
mem[W,0x0000000080004290] <- 0x0000000040D90A1D

clint mtime 0x00000000000000E9 (mip.MTI <- 0b1, mip.STI <- 0b0)
mem[X,0x0000000080000744] -> 0x0F37
mem[X,0x0000000080000746] -> 0x0000
[466] [M]: 0x0000000080000744 (0x00000F37) lui x30, 0x0                             inst_48+0
x30 <- 0x0000000000000000

mem[X,0x0000000080000748] -> 0x0F13
mem[X,0x000000008000074A] -> 0x000F
[467] [M]: 0x0000000080000748 (0x000F0F13) addi x30, x30, 0x0                       inst_48+4
x30 <- 0x0000000000000000

clint mtime 0x00000000000000EA (mip.MTI <- 0b1, mip.STI <- 0b0)
mem[X,0x000000008000074C] -> 0x1F13
mem[X,0x000000008000074E] -> 0x00BF
[468] [M]: 0x000000008000074C (0x00BF1F13) slli x30, x30, 0xb                       inst_48+8
x30 <- 0x0000000000000000

mem[X,0x0000000080000750] -> 0x0F13
mem[X,0x0000000080000752] -> 0x16FF
[469] [M]: 0x0000000080000750 (0x16FF0F13) addi x30, x30, 0x16f                     inst_48+12
x30 <- 0x000000000000016F

clint mtime 0x00000000000000EB (mip.MTI <- 0b1, mip.STI <- 0b0)
mem[X,0x0000000080000754] -> 0x1F13
mem[X,0x0000000080000756] -> 0x00BF
[470] [M]: 0x0000000080000754 (0x00BF1F13) slli x30, x30, 0xb                       inst_48+16
x30 <- 0x00000000000B7800

mem[X,0x0000000080000758] -> 0x0F13
mem[X,0x000000008000075A] -> 0x37CF
[471] [M]: 0x0000000080000758 (0x37CF0F13) addi x30, x30, 0x37c                     inst_48+20
x30 <- 0x00000000000B7B7C

clint mtime 0x00000000000000EC (mip.MTI <- 0b1, mip.STI <- 0b0)
mem[X,0x000000008000075C] -> 0x1F13
mem[X,0x000000008000075E] -> 0x00AF
[472] [M]: 0x000000008000075C (0x00AF1F13) slli x30, x30, 0xa                       inst_48+24
x30 <- 0x000000002DEDF000

mem[X,0x0000000080000760] -> 0x0F13
mem[X,0x0000000080000762] -> 0x123F
[473] [M]: 0x0000000080000760 (0x123F0F13) addi x30, x30, 0x123                     inst_48+28
x30 <- 0x000000002DEDF123

clint mtime 0x00000000000000ED (mip.MTI <- 0b1, mip.STI <- 0b0)
mem[X,0x0000000080000764] -> 0x1F93
mem[X,0x0000000080000766] -> 0x296F
[474] [M]: 0x0000000080000764 (0x296F1F93) bseti x31, x30, 0x16                     inst_48+32
x31 <- 0x000000002DEDF123

mem[X,0x0000000080000768] -> 0xB023
mem[X,0x000000008000076A] -> 0x0BF2
[475] [M]: 0x0000000080000768 (0x0BF2B023) sd x31, 0xa0(x5)                         inst_48+36
mem[W,0x0000000080004298] <- 0x000000002DEDF123

clint mtime 0x00000000000000EE (mip.MTI <- 0b1, mip.STI <- 0b0)
mem[X,0x000000008000076C] -> 0x0F37
mem[X,0x000000008000076E] -> 0x0000
[476] [M]: 0x000000008000076C (0x00000F37) lui x30, 0x0                             inst_49+0
x30 <- 0x0000000000000000

mem[X,0x0000000080000770] -> 0x0F13
mem[X,0x0000000080000772] -> 0x000F
[477] [M]: 0x0000000080000770 (0x000F0F13) addi x30, x30, 0x0                       inst_49+4
x30 <- 0x0000000000000000

clint mtime 0x00000000000000EF (mip.MTI <- 0b1, mip.STI <- 0b0)
mem[X,0x0000000080000774] -> 0x1F13
mem[X,0x0000000080000776] -> 0x00BF
[478] [M]: 0x0000000080000774 (0x00BF1F13) slli x30, x30, 0xb                       inst_49+8
x30 <- 0x0000000000000000

mem[X,0x0000000080000778] -> 0x0F13
mem[X,0x000000008000077A] -> 0x258F
[479] [M]: 0x0000000080000778 (0x258F0F13) addi x30, x30, 0x258                     inst_49+12
x30 <- 0x0000000000000258

clint mtime 0x00000000000000F0 (mip.MTI <- 0b1, mip.STI <- 0b0)
mem[X,0x000000008000077C] -> 0x1F13
mem[X,0x000000008000077E] -> 0x00BF
[480] [M]: 0x000000008000077C (0x00BF1F13) slli x30, x30, 0xb                       inst_49+16
x30 <- 0x000000000012C000

mem[X,0x0000000080000780] -> 0x0F13
mem[X,0x0000000080000782] -> 0x58DF
[481] [M]: 0x0000000080000780 (0x58DF0F13) addi x30, x30, 0x58d                     inst_49+20
x30 <- 0x000000000012C58D

clint mtime 0x00000000000000F1 (mip.MTI <- 0b1, mip.STI <- 0b0)
mem[X,0x0000000080000784] -> 0x1F13
mem[X,0x0000000080000786] -> 0x00AF
[482] [M]: 0x0000000080000784 (0x00AF1F13) slli x30, x30, 0xa                       inst_49+24
x30 <- 0x000000004B163400

mem[X,0x0000000080000788] -> 0x0F13
mem[X,0x000000008000078A] -> 0x0E7F
[483] [M]: 0x0000000080000788 (0x0E7F0F13) addi x30, x30, 0xe7                      inst_49+28
x30 <- 0x000000004B1634E7

clint mtime 0x00000000000000F2 (mip.MTI <- 0b1, mip.STI <- 0b0)
mem[X,0x000000008000078C] -> 0x1F93
mem[X,0x000000008000078E] -> 0x28CF
[484] [M]: 0x000000008000078C (0x28CF1F93) bseti x31, x30, 0xc                      inst_49+32
x31 <- 0x000000004B1634E7

mem[X,0x0000000080000790] -> 0xB423
mem[X,0x0000000080000792] -> 0x0BF2
[485] [M]: 0x0000000080000790 (0x0BF2B423) sd x31, 0xa8(x5)                         inst_49+36
mem[W,0x00000000800042A0] <- 0x000000004B1634E7

clint mtime 0x00000000000000F3 (mip.MTI <- 0b1, mip.STI <- 0b0)
mem[X,0x0000000080000794] -> 0x0F37
mem[X,0x0000000080000796] -> 0x0000
[486] [M]: 0x0000000080000794 (0x00000F37) lui x30, 0x0                             inst_50+0
x30 <- 0x0000000000000000

mem[X,0x0000000080000798] -> 0x0F13
mem[X,0x000000008000079A] -> 0x000F
[487] [M]: 0x0000000080000798 (0x000F0F13) addi x30, x30, 0x0                       inst_50+4
x30 <- 0x0000000000000000

clint mtime 0x00000000000000F4 (mip.MTI <- 0b1, mip.STI <- 0b0)
mem[X,0x000000008000079C] -> 0x1F13
mem[X,0x000000008000079E] -> 0x00BF
[488] [M]: 0x000000008000079C (0x00BF1F13) slli x30, x30, 0xb                       inst_50+8
x30 <- 0x0000000000000000

mem[X,0x00000000800007A0] -> 0x0F13
mem[X,0x00000000800007A2] -> 0x449F
[489] [M]: 0x00000000800007A0 (0x449F0F13) addi x30, x30, 0x449                     inst_50+12
x30 <- 0x0000000000000449

clint mtime 0x00000000000000F5 (mip.MTI <- 0b1, mip.STI <- 0b0)
mem[X,0x00000000800007A4] -> 0x1F13
mem[X,0x00000000800007A6] -> 0x00BF
[490] [M]: 0x00000000800007A4 (0x00BF1F13) slli x30, x30, 0xb                       inst_50+16
x30 <- 0x0000000000224800

mem[X,0x00000000800007A8] -> 0x0F13
mem[X,0x00000000800007AA] -> 0x56EF
[491] [M]: 0x00000000800007A8 (0x56EF0F13) addi x30, x30, 0x56e                     inst_50+20
x30 <- 0x0000000000224D6E

clint mtime 0x00000000000000F6 (mip.MTI <- 0b1, mip.STI <- 0b0)
mem[X,0x00000000800007AC] -> 0x1F13
mem[X,0x00000000800007AE] -> 0x00AF
[492] [M]: 0x00000000800007AC (0x00AF1F13) slli x30, x30, 0xa                       inst_50+24
x30 <- 0x000000008935B800

mem[X,0x00000000800007B0] -> 0x0F13
mem[X,0x00000000800007B2] -> 0x02FF
[493] [M]: 0x00000000800007B0 (0x02FF0F13) addi x30, x30, 0x2f                      inst_50+28
x30 <- 0x000000008935B82F

clint mtime 0x00000000000000F7 (mip.MTI <- 0b1, mip.STI <- 0b0)
mem[X,0x00000000800007B4] -> 0x1F93
mem[X,0x00000000800007B6] -> 0x28BF
[494] [M]: 0x00000000800007B4 (0x28BF1F93) bseti x31, x30, 0xb                      inst_50+32
x31 <- 0x000000008935B82F

mem[X,0x00000000800007B8] -> 0xB823
mem[X,0x00000000800007BA] -> 0x0BF2
[495] [M]: 0x00000000800007B8 (0x0BF2B823) sd x31, 0xb0(x5)                         inst_50+36
mem[W,0x00000000800042A8] <- 0x000000008935B82F

clint mtime 0x00000000000000F8 (mip.MTI <- 0b1, mip.STI <- 0b0)
mem[X,0x00000000800007BC] -> 0x0F37
mem[X,0x00000000800007BE] -> 0x0000
[496] [M]: 0x00000000800007BC (0x00000F37) lui x30, 0x0                             inst_51+0
x30 <- 0x0000000000000000

mem[X,0x00000000800007C0] -> 0x0F13
mem[X,0x00000000800007C2] -> 0x000F
[497] [M]: 0x00000000800007C0 (0x000F0F13) addi x30, x30, 0x0                       inst_51+4
x30 <- 0x0000000000000000

clint mtime 0x00000000000000F9 (mip.MTI <- 0b1, mip.STI <- 0b0)
mem[X,0x00000000800007C4] -> 0x1F13
mem[X,0x00000000800007C6] -> 0x00BF
[498] [M]: 0x00000000800007C4 (0x00BF1F13) slli x30, x30, 0xb                       inst_51+8
x30 <- 0x0000000000000000

mem[X,0x00000000800007C8] -> 0x0F13
mem[X,0x00000000800007CA] -> 0x385F
[499] [M]: 0x00000000800007C8 (0x385F0F13) addi x30, x30, 0x385                     inst_51+12
x30 <- 0x0000000000000385

clint mtime 0x00000000000000FA (mip.MTI <- 0b1, mip.STI <- 0b0)
mem[X,0x00000000800007CC] -> 0x1F13
mem[X,0x00000000800007CE] -> 0x00BF
[500] [M]: 0x00000000800007CC (0x00BF1F13) slli x30, x30, 0xb                       inst_51+16
x30 <- 0x00000000001C2800

mem[X,0x00000000800007D0] -> 0x0F13
mem[X,0x00000000800007D2] -> 0x72EF
[501] [M]: 0x00000000800007D0 (0x72EF0F13) addi x30, x30, 0x72e                     inst_51+20
x30 <- 0x00000000001C2F2E

clint mtime 0x00000000000000FB (mip.MTI <- 0b1, mip.STI <- 0b0)
mem[X,0x00000000800007D4] -> 0x1F13
mem[X,0x00000000800007D6] -> 0x00AF
[502] [M]: 0x00000000800007D4 (0x00AF1F13) slli x30, x30, 0xa                       inst_51+24
x30 <- 0x0000000070BCB800

mem[X,0x00000000800007D8] -> 0x0F13
mem[X,0x00000000800007DA] -> 0x0DFF
[503] [M]: 0x00000000800007D8 (0x0DFF0F13) addi x30, x30, 0xdf                      inst_51+28
x30 <- 0x0000000070BCB8DF

clint mtime 0x00000000000000FC (mip.MTI <- 0b1, mip.STI <- 0b0)
mem[X,0x00000000800007DC] -> 0x1F93
mem[X,0x00000000800007DE] -> 0x29CF
[504] [M]: 0x00000000800007DC (0x29CF1F93) bseti x31, x30, 0x1c                     inst_51+32
x31 <- 0x0000000070BCB8DF

mem[X,0x00000000800007E0] -> 0xBC23
mem[X,0x00000000800007E2] -> 0x0BF2
[505] [M]: 0x00000000800007E0 (0x0BF2BC23) sd x31, 0xb8(x5)                         inst_51+36
mem[W,0x00000000800042B0] <- 0x0000000070BCB8DF

clint mtime 0x00000000000000FD (mip.MTI <- 0b1, mip.STI <- 0b0)
mem[X,0x00000000800007E4] -> 0x0F37
mem[X,0x00000000800007E6] -> 0x0000
[506] [M]: 0x00000000800007E4 (0x00000F37) lui x30, 0x0                             inst_52+0
x30 <- 0x0000000000000000

mem[X,0x00000000800007E8] -> 0x0F13
mem[X,0x00000000800007EA] -> 0x000F
[507] [M]: 0x00000000800007E8 (0x000F0F13) addi x30, x30, 0x0                       inst_52+4
x30 <- 0x0000000000000000

clint mtime 0x00000000000000FE (mip.MTI <- 0b1, mip.STI <- 0b0)
mem[X,0x00000000800007EC] -> 0x1F13
mem[X,0x00000000800007EE] -> 0x00BF
[508] [M]: 0x00000000800007EC (0x00BF1F13) slli x30, x30, 0xb                       inst_52+8
x30 <- 0x0000000000000000

mem[X,0x00000000800007F0] -> 0x0F13
mem[X,0x00000000800007F2] -> 0x46FF
[509] [M]: 0x00000000800007F0 (0x46FF0F13) addi x30, x30, 0x46f                     inst_52+12
x30 <- 0x000000000000046F

clint mtime 0x00000000000000FF (mip.MTI <- 0b1, mip.STI <- 0b0)
mem[X,0x00000000800007F4] -> 0x1F13
mem[X,0x00000000800007F6] -> 0x00BF
[510] [M]: 0x00000000800007F4 (0x00BF1F13) slli x30, x30, 0xb                       inst_52+16
x30 <- 0x0000000000237800

mem[X,0x00000000800007F8] -> 0x0F13
mem[X,0x00000000800007FA] -> 0x071F
[511] [M]: 0x00000000800007F8 (0x071F0F13) addi x30, x30, 0x71                      inst_52+20
x30 <- 0x0000000000237871

clint mtime 0x0000000000000100 (mip.MTI <- 0b1, mip.STI <- 0b0)
mem[X,0x00000000800007FC] -> 0x1F13
mem[X,0x00000000800007FE] -> 0x00AF
[512] [M]: 0x00000000800007FC (0x00AF1F13) slli x30, x30, 0xa                       inst_52+24
x30 <- 0x000000008DE1C400

mem[X,0x0000000080000800] -> 0x0F13
mem[X,0x0000000080000802] -> 0x33FF
[513] [M]: 0x0000000080000800 (0x33FF0F13) addi x30, x30, 0x33f                     inst_52+28
x30 <- 0x000000008DE1C73F

clint mtime 0x0000000000000101 (mip.MTI <- 0b1, mip.STI <- 0b0)
mem[X,0x0000000080000804] -> 0x1F93
mem[X,0x0000000080000806] -> 0x288F
[514] [M]: 0x0000000080000804 (0x288F1F93) bseti x31, x30, 0x8                      inst_52+32
x31 <- 0x000000008DE1C73F

mem[X,0x0000000080000808] -> 0xB023
mem[X,0x000000008000080A] -> 0x0DF2
[515] [M]: 0x0000000080000808 (0x0DF2B023) sd x31, 0xc0(x5)                         inst_52+36
mem[W,0x00000000800042B8] <- 0x000000008DE1C73F

clint mtime 0x0000000000000102 (mip.MTI <- 0b1, mip.STI <- 0b0)
mem[X,0x000000008000080C] -> 0x0F37
mem[X,0x000000008000080E] -> 0x0000
[516] [M]: 0x000000008000080C (0x00000F37) lui x30, 0x0                             inst_53+0
x30 <- 0x0000000000000000

mem[X,0x0000000080000810] -> 0x0F13
mem[X,0x0000000080000812] -> 0x000F
[517] [M]: 0x0000000080000810 (0x000F0F13) addi x30, x30, 0x0                       inst_53+4
x30 <- 0x0000000000000000

clint mtime 0x0000000000000103 (mip.MTI <- 0b1, mip.STI <- 0b0)
mem[X,0x0000000080000814] -> 0x1F13
mem[X,0x0000000080000816] -> 0x00BF
[518] [M]: 0x0000000080000814 (0x00BF1F13) slli x30, x30, 0xb                       inst_53+8
x30 <- 0x0000000000000000

mem[X,0x0000000080000818] -> 0x0F13
mem[X,0x000000008000081A] -> 0x587F
[519] [M]: 0x0000000080000818 (0x587F0F13) addi x30, x30, 0x587                     inst_53+12
x30 <- 0x0000000000000587

clint mtime 0x0000000000000104 (mip.MTI <- 0b1, mip.STI <- 0b0)
mem[X,0x000000008000081C] -> 0x1F13
mem[X,0x000000008000081E] -> 0x00BF
[520] [M]: 0x000000008000081C (0x00BF1F13) slli x30, x30, 0xb                       inst_53+16
x30 <- 0x00000000002C3800

mem[X,0x0000000080000820] -> 0x0F13
mem[X,0x0000000080000822] -> 0x013F
[521] [M]: 0x0000000080000820 (0x013F0F13) addi x30, x30, 0x13                      inst_53+20
x30 <- 0x00000000002C3813

clint mtime 0x0000000000000105 (mip.MTI <- 0b1, mip.STI <- 0b0)
mem[X,0x0000000080000824] -> 0x1F13
mem[X,0x0000000080000826] -> 0x00AF
[522] [M]: 0x0000000080000824 (0x00AF1F13) slli x30, x30, 0xa                       inst_53+24
x30 <- 0x00000000B0E04C00

mem[X,0x0000000080000828] -> 0x0F13
mem[X,0x000000008000082A] -> 0x27FF
[523] [M]: 0x0000000080000828 (0x27FF0F13) addi x30, x30, 0x27f                     inst_53+28
x30 <- 0x00000000B0E04E7F

clint mtime 0x0000000000000106 (mip.MTI <- 0b1, mip.STI <- 0b0)
mem[X,0x000000008000082C] -> 0x1F93
mem[X,0x000000008000082E] -> 0x29CF
[524] [M]: 0x000000008000082C (0x29CF1F93) bseti x31, x30, 0x1c                     inst_53+32
x31 <- 0x00000000B0E04E7F

mem[X,0x0000000080000830] -> 0xB423
mem[X,0x0000000080000832] -> 0x0DF2
[525] [M]: 0x0000000080000830 (0x0DF2B423) sd x31, 0xc8(x5)                         inst_53+36
mem[W,0x00000000800042C0] <- 0x00000000B0E04E7F

clint mtime 0x0000000000000107 (mip.MTI <- 0b1, mip.STI <- 0b0)
mem[X,0x0000000080000834] -> 0x0F37
mem[X,0x0000000080000836] -> 0x0000
[526] [M]: 0x0000000080000834 (0x00000F37) lui x30, 0x0                             inst_54+0
x30 <- 0x0000000000000000

mem[X,0x0000000080000838] -> 0x0F13
mem[X,0x000000008000083A] -> 0x000F
[527] [M]: 0x0000000080000838 (0x000F0F13) addi x30, x30, 0x0                       inst_54+4
x30 <- 0x0000000000000000

clint mtime 0x0000000000000108 (mip.MTI <- 0b1, mip.STI <- 0b0)
mem[X,0x000000008000083C] -> 0x1F13
mem[X,0x000000008000083E] -> 0x00BF
[528] [M]: 0x000000008000083C (0x00BF1F13) slli x30, x30, 0xb                       inst_54+8
x30 <- 0x0000000000000000

mem[X,0x0000000080000840] -> 0x0F13
mem[X,0x0000000080000842] -> 0x2C4F
[529] [M]: 0x0000000080000840 (0x2C4F0F13) addi x30, x30, 0x2c4                     inst_54+12
x30 <- 0x00000000000002C4

clint mtime 0x0000000000000109 (mip.MTI <- 0b1, mip.STI <- 0b0)
mem[X,0x0000000080000844] -> 0x1F13
mem[X,0x0000000080000846] -> 0x00BF
[530] [M]: 0x0000000080000844 (0x00BF1F13) slli x30, x30, 0xb                       inst_54+16
x30 <- 0x0000000000162000

mem[X,0x0000000080000848] -> 0x0F13
mem[X,0x000000008000084A] -> 0x486F
[531] [M]: 0x0000000080000848 (0x486F0F13) addi x30, x30, 0x486                     inst_54+20
x30 <- 0x0000000000162486

clint mtime 0x000000000000010A (mip.MTI <- 0b1, mip.STI <- 0b0)
mem[X,0x000000008000084C] -> 0x1F13
mem[X,0x000000008000084E] -> 0x00AF
[532] [M]: 0x000000008000084C (0x00AF1F13) slli x30, x30, 0xa                       inst_54+24
x30 <- 0x0000000058921800

mem[X,0x0000000080000850] -> 0x0F13
mem[X,0x0000000080000852] -> 0x0FFF
[533] [M]: 0x0000000080000850 (0x0FFF0F13) addi x30, x30, 0xff                      inst_54+28
x30 <- 0x00000000589218FF

clint mtime 0x000000000000010B (mip.MTI <- 0b1, mip.STI <- 0b0)
mem[X,0x0000000080000854] -> 0x1F93
mem[X,0x0000000080000856] -> 0x290F
[534] [M]: 0x0000000080000854 (0x290F1F93) bseti x31, x30, 0x10                     inst_54+32
x31 <- 0x00000000589318FF

mem[X,0x0000000080000858] -> 0xB823
mem[X,0x000000008000085A] -> 0x0DF2
[535] [M]: 0x0000000080000858 (0x0DF2B823) sd x31, 0xd0(x5)                         inst_54+36
mem[W,0x00000000800042C8] <- 0x00000000589318FF

clint mtime 0x000000000000010C (mip.MTI <- 0b1, mip.STI <- 0b0)
mem[X,0x000000008000085C] -> 0x0F37
mem[X,0x000000008000085E] -> 0x0000
[536] [M]: 0x000000008000085C (0x00000F37) lui x30, 0x0                             inst_55+0
x30 <- 0x0000000000000000

mem[X,0x0000000080000860] -> 0x0F13
mem[X,0x0000000080000862] -> 0x000F
[537] [M]: 0x0000000080000860 (0x000F0F13) addi x30, x30, 0x0                       inst_55+4
x30 <- 0x0000000000000000

clint mtime 0x000000000000010D (mip.MTI <- 0b1, mip.STI <- 0b0)
mem[X,0x0000000080000864] -> 0x1F13
mem[X,0x0000000080000866] -> 0x00BF
[538] [M]: 0x0000000080000864 (0x00BF1F13) slli x30, x30, 0xb                       inst_55+8
x30 <- 0x0000000000000000

mem[X,0x0000000080000868] -> 0x0F13
mem[X,0x000000008000086A] -> 0x53DF
[539] [M]: 0x0000000080000868 (0x53DF0F13) addi x30, x30, 0x53d                     inst_55+12
x30 <- 0x000000000000053D

clint mtime 0x000000000000010E (mip.MTI <- 0b1, mip.STI <- 0b0)
mem[X,0x000000008000086C] -> 0x1F13
mem[X,0x000000008000086E] -> 0x00BF
[540] [M]: 0x000000008000086C (0x00BF1F13) slli x30, x30, 0xb                       inst_55+16
x30 <- 0x000000000029E800

mem[X,0x0000000080000870] -> 0x0F13
mem[X,0x0000000080000872] -> 0x7A6F
[541] [M]: 0x0000000080000870 (0x7A6F0F13) addi x30, x30, 0x7a6                     inst_55+20
x30 <- 0x000000000029EFA6

clint mtime 0x000000000000010F (mip.MTI <- 0b1, mip.STI <- 0b0)
mem[X,0x0000000080000874] -> 0x1F13
mem[X,0x0000000080000876] -> 0x00AF
[542] [M]: 0x0000000080000874 (0x00AF1F13) slli x30, x30, 0xa                       inst_55+24
x30 <- 0x00000000A7BE9800

mem[X,0x0000000080000878] -> 0x0F13
mem[X,0x000000008000087A] -> 0x1FFF
[543] [M]: 0x0000000080000878 (0x1FFF0F13) addi x30, x30, 0x1ff                     inst_55+28
x30 <- 0x00000000A7BE99FF

clint mtime 0x0000000000000110 (mip.MTI <- 0b1, mip.STI <- 0b0)
mem[X,0x000000008000087C] -> 0x1F93
mem[X,0x000000008000087E] -> 0x287F
[544] [M]: 0x000000008000087C (0x287F1F93) bseti x31, x30, 0x7                      inst_55+32
x31 <- 0x00000000A7BE99FF

mem[X,0x0000000080000880] -> 0xBC23
mem[X,0x0000000080000882] -> 0x0DF2
[545] [M]: 0x0000000080000880 (0x0DF2BC23) sd x31, 0xd8(x5)                         inst_55+36
mem[W,0x00000000800042D0] <- 0x00000000A7BE99FF

clint mtime 0x0000000000000111 (mip.MTI <- 0b1, mip.STI <- 0b0)
mem[X,0x0000000080000884] -> 0x0F37
mem[X,0x0000000080000886] -> 0x0000
[546] [M]: 0x0000000080000884 (0x00000F37) lui x30, 0x0                             inst_56+0
x30 <- 0x0000000000000000

mem[X,0x0000000080000888] -> 0x0F13
mem[X,0x000000008000088A] -> 0x000F
[547] [M]: 0x0000000080000888 (0x000F0F13) addi x30, x30, 0x0                       inst_56+4
x30 <- 0x0000000000000000

clint mtime 0x0000000000000112 (mip.MTI <- 0b1, mip.STI <- 0b0)
mem[X,0x000000008000088C] -> 0x1F13
mem[X,0x000000008000088E] -> 0x00BF
[548] [M]: 0x000000008000088C (0x00BF1F13) slli x30, x30, 0xb                       inst_56+8
x30 <- 0x0000000000000000

mem[X,0x0000000080000890] -> 0x0F13
mem[X,0x0000000080000892] -> 0x51BF
[549] [M]: 0x0000000080000890 (0x51BF0F13) addi x30, x30, 0x51b                     inst_56+12
x30 <- 0x000000000000051B

clint mtime 0x0000000000000113 (mip.MTI <- 0b1, mip.STI <- 0b0)
mem[X,0x0000000080000894] -> 0x1F13
mem[X,0x0000000080000896] -> 0x00BF
[550] [M]: 0x0000000080000894 (0x00BF1F13) slli x30, x30, 0xb                       inst_56+16
x30 <- 0x000000000028D800

mem[X,0x0000000080000898] -> 0x0F13
mem[X,0x000000008000089A] -> 0x78CF
[551] [M]: 0x0000000080000898 (0x78CF0F13) addi x30, x30, 0x78c                     inst_56+20
x30 <- 0x000000000028DF8C

clint mtime 0x0000000000000114 (mip.MTI <- 0b1, mip.STI <- 0b0)
mem[X,0x000000008000089C] -> 0x1F13
mem[X,0x000000008000089E] -> 0x00AF
[552] [M]: 0x000000008000089C (0x00AF1F13) slli x30, x30, 0xa                       inst_56+24
x30 <- 0x00000000A37E3000

mem[X,0x00000000800008A0] -> 0x0F13
mem[X,0x00000000800008A2] -> 0x3FFF
[553] [M]: 0x00000000800008A0 (0x3FFF0F13) addi x30, x30, 0x3ff                     inst_56+28
x30 <- 0x00000000A37E33FF

clint mtime 0x0000000000000115 (mip.MTI <- 0b1, mip.STI <- 0b0)
mem[X,0x00000000800008A4] -> 0x1F93
mem[X,0x00000000800008A6] -> 0x294F
[554] [M]: 0x00000000800008A4 (0x294F1F93) bseti x31, x30, 0x14                     inst_56+32
x31 <- 0x00000000A37E33FF

mem[X,0x00000000800008A8] -> 0xB023
mem[X,0x00000000800008AA] -> 0x0FF2
[555] [M]: 0x00000000800008A8 (0x0FF2B023) sd x31, 0xe0(x5)                         inst_56+36
mem[W,0x00000000800042D8] <- 0x00000000A37E33FF

clint mtime 0x0000000000000116 (mip.MTI <- 0b1, mip.STI <- 0b0)
mem[X,0x00000000800008AC] -> 0x0F37
mem[X,0x00000000800008AE] -> 0x0000
[556] [M]: 0x00000000800008AC (0x00000F37) lui x30, 0x0                             inst_57+0
x30 <- 0x0000000000000000

mem[X,0x00000000800008B0] -> 0x0F13
mem[X,0x00000000800008B2] -> 0x000F
[557] [M]: 0x00000000800008B0 (0x000F0F13) addi x30, x30, 0x0                       inst_57+4
x30 <- 0x0000000000000000

clint mtime 0x0000000000000117 (mip.MTI <- 0b1, mip.STI <- 0b0)
mem[X,0x00000000800008B4] -> 0x1F13
mem[X,0x00000000800008B6] -> 0x00BF
[558] [M]: 0x00000000800008B4 (0x00BF1F13) slli x30, x30, 0xb                       inst_57+8
x30 <- 0x0000000000000000

mem[X,0x00000000800008B8] -> 0x0F13
mem[X,0x00000000800008BA] -> 0x71BF
[559] [M]: 0x00000000800008B8 (0x71BF0F13) addi x30, x30, 0x71b                     inst_57+12
x30 <- 0x000000000000071B

clint mtime 0x0000000000000118 (mip.MTI <- 0b1, mip.STI <- 0b0)
mem[X,0x00000000800008BC] -> 0x1F13
mem[X,0x00000000800008BE] -> 0x00BF
[560] [M]: 0x00000000800008BC (0x00BF1F13) slli x30, x30, 0xb                       inst_57+16
x30 <- 0x000000000038D800

mem[X,0x00000000800008C0] -> 0x0F13
mem[X,0x00000000800008C2] -> 0x74DF
[561] [M]: 0x00000000800008C0 (0x74DF0F13) addi x30, x30, 0x74d                     inst_57+20
x30 <- 0x000000000038DF4D

clint mtime 0x0000000000000119 (mip.MTI <- 0b1, mip.STI <- 0b0)
mem[X,0x00000000800008C4] -> 0x1F13
mem[X,0x00000000800008C6] -> 0x00AF
[562] [M]: 0x00000000800008C4 (0x00AF1F13) slli x30, x30, 0xa                       inst_57+24
x30 <- 0x00000000E37D3400

mem[X,0x00000000800008C8] -> 0x0F13
mem[X,0x00000000800008CA] -> 0x3FFF
[563] [M]: 0x00000000800008C8 (0x3FFF0F13) addi x30, x30, 0x3ff                     inst_57+28
x30 <- 0x00000000E37D37FF

clint mtime 0x000000000000011A (mip.MTI <- 0b1, mip.STI <- 0b0)
mem[X,0x00000000800008CC] -> 0x1F93
mem[X,0x00000000800008CE] -> 0x29BF
[564] [M]: 0x00000000800008CC (0x29BF1F93) bseti x31, x30, 0x1b                     inst_57+32
x31 <- 0x00000000EB7D37FF

mem[X,0x00000000800008D0] -> 0xB423
mem[X,0x00000000800008D2] -> 0x0FF2
[565] [M]: 0x00000000800008D0 (0x0FF2B423) sd x31, 0xe8(x5)                         inst_57+36
mem[W,0x00000000800042E0] <- 0x00000000EB7D37FF

clint mtime 0x000000000000011B (mip.MTI <- 0b1, mip.STI <- 0b0)
mem[X,0x00000000800008D4] -> 0x0F37
mem[X,0x00000000800008D6] -> 0x0000
[566] [M]: 0x00000000800008D4 (0x00000F37) lui x30, 0x0                             inst_58+0
x30 <- 0x0000000000000000

mem[X,0x00000000800008D8] -> 0x0F13
mem[X,0x00000000800008DA] -> 0x000F
[567] [M]: 0x00000000800008D8 (0x000F0F13) addi x30, x30, 0x0                       inst_58+4
x30 <- 0x0000000000000000

clint mtime 0x000000000000011C (mip.MTI <- 0b1, mip.STI <- 0b0)
mem[X,0x00000000800008DC] -> 0x1F13
mem[X,0x00000000800008DE] -> 0x00BF
[568] [M]: 0x00000000800008DC (0x00BF1F13) slli x30, x30, 0xb                       inst_58+8
x30 <- 0x0000000000000000

mem[X,0x00000000800008E0] -> 0x0F13
mem[X,0x00000000800008E2] -> 0x55DF
[569] [M]: 0x00000000800008E0 (0x55DF0F13) addi x30, x30, 0x55d                     inst_58+12
x30 <- 0x000000000000055D

clint mtime 0x000000000000011D (mip.MTI <- 0b1, mip.STI <- 0b0)
mem[X,0x00000000800008E4] -> 0x1F13
mem[X,0x00000000800008E6] -> 0x00BF
[570] [M]: 0x00000000800008E4 (0x00BF1F13) slli x30, x30, 0xb                       inst_58+16
x30 <- 0x00000000002AE800

mem[X,0x00000000800008E8] -> 0x0F13
mem[X,0x00000000800008EA] -> 0x533F
[571] [M]: 0x00000000800008E8 (0x533F0F13) addi x30, x30, 0x533                     inst_58+20
x30 <- 0x00000000002AED33

clint mtime 0x000000000000011E (mip.MTI <- 0b1, mip.STI <- 0b0)
mem[X,0x00000000800008EC] -> 0x1F13
mem[X,0x00000000800008EE] -> 0x00AF
[572] [M]: 0x00000000800008EC (0x00AF1F13) slli x30, x30, 0xa                       inst_58+24
x30 <- 0x00000000ABB4CC00

mem[X,0x00000000800008F0] -> 0x0F13
mem[X,0x00000000800008F2] -> 0x3FFF
[573] [M]: 0x00000000800008F0 (0x3FFF0F13) addi x30, x30, 0x3ff                     inst_58+28
x30 <- 0x00000000ABB4CFFF

clint mtime 0x000000000000011F (mip.MTI <- 0b1, mip.STI <- 0b0)
mem[X,0x00000000800008F4] -> 0x1F93
mem[X,0x00000000800008F6] -> 0x297F
[574] [M]: 0x00000000800008F4 (0x297F1F93) bseti x31, x30, 0x17                     inst_58+32
x31 <- 0x00000000ABB4CFFF

mem[X,0x00000000800008F8] -> 0xB823
mem[X,0x00000000800008FA] -> 0x0FF2
[575] [M]: 0x00000000800008F8 (0x0FF2B823) sd x31, 0xf0(x5)                         inst_58+36
mem[W,0x00000000800042E8] <- 0x00000000ABB4CFFF

clint mtime 0x0000000000000120 (mip.MTI <- 0b1, mip.STI <- 0b0)
mem[X,0x00000000800008FC] -> 0x0F37
mem[X,0x00000000800008FE] -> 0x0000
[576] [M]: 0x00000000800008FC (0x00000F37) lui x30, 0x0                             inst_59+0
x30 <- 0x0000000000000000

mem[X,0x0000000080000900] -> 0x0F13
mem[X,0x0000000080000902] -> 0x000F
[577] [M]: 0x0000000080000900 (0x000F0F13) addi x30, x30, 0x0                       inst_59+4
x30 <- 0x0000000000000000

clint mtime 0x0000000000000121 (mip.MTI <- 0b1, mip.STI <- 0b0)
mem[X,0x0000000080000904] -> 0x1F13
mem[X,0x0000000080000906] -> 0x00BF
[578] [M]: 0x0000000080000904 (0x00BF1F13) slli x30, x30, 0xb                       inst_59+8
x30 <- 0x0000000000000000

mem[X,0x0000000080000908] -> 0x0F13
mem[X,0x000000008000090A] -> 0x3E4F
[579] [M]: 0x0000000080000908 (0x3E4F0F13) addi x30, x30, 0x3e4                     inst_59+12
x30 <- 0x00000000000003E4

clint mtime 0x0000000000000122 (mip.MTI <- 0b1, mip.STI <- 0b0)
mem[X,0x000000008000090C] -> 0x1F13
mem[X,0x000000008000090E] -> 0x00BF
[580] [M]: 0x000000008000090C (0x00BF1F13) slli x30, x30, 0xb                       inst_59+16
x30 <- 0x00000000001F2000

mem[X,0x0000000080000910] -> 0x0F13
mem[X,0x0000000080000912] -> 0x777F
[581] [M]: 0x0000000080000910 (0x777F0F13) addi x30, x30, 0x777                     inst_59+20
x30 <- 0x00000000001F2777

clint mtime 0x0000000000000123 (mip.MTI <- 0b1, mip.STI <- 0b0)
mem[X,0x0000000080000914] -> 0x1F13
mem[X,0x0000000080000916] -> 0x00AF
[582] [M]: 0x0000000080000914 (0x00AF1F13) slli x30, x30, 0xa                       inst_59+24
x30 <- 0x000000007C9DDC00

mem[X,0x0000000080000918] -> 0x0F13
mem[X,0x000000008000091A] -> 0x3FFF
[583] [M]: 0x0000000080000918 (0x3FFF0F13) addi x30, x30, 0x3ff                     inst_59+28
x30 <- 0x000000007C9DDFFF

clint mtime 0x0000000000000124 (mip.MTI <- 0b1, mip.STI <- 0b0)
mem[X,0x000000008000091C] -> 0x1F93
mem[X,0x000000008000091E] -> 0x29BF
[584] [M]: 0x000000008000091C (0x29BF1F93) bseti x31, x30, 0x1b                     inst_59+32
x31 <- 0x000000007C9DDFFF

mem[X,0x0000000080000920] -> 0xBC23
mem[X,0x0000000080000922] -> 0x0FF2
[585] [M]: 0x0000000080000920 (0x0FF2BC23) sd x31, 0xf8(x5)                         inst_59+36
mem[W,0x00000000800042F0] <- 0x000000007C9DDFFF

clint mtime 0x0000000000000125 (mip.MTI <- 0b1, mip.STI <- 0b0)
mem[X,0x0000000080000924] -> 0x0F37
mem[X,0x0000000080000926] -> 0x0000
[586] [M]: 0x0000000080000924 (0x00000F37) lui x30, 0x0                             inst_60+0
x30 <- 0x0000000000000000

mem[X,0x0000000080000928] -> 0x0F13
mem[X,0x000000008000092A] -> 0x000F
[587] [M]: 0x0000000080000928 (0x000F0F13) addi x30, x30, 0x0                       inst_60+4
x30 <- 0x0000000000000000

clint mtime 0x0000000000000126 (mip.MTI <- 0b1, mip.STI <- 0b0)
mem[X,0x000000008000092C] -> 0x1F13
mem[X,0x000000008000092E] -> 0x00BF
[588] [M]: 0x000000008000092C (0x00BF1F13) slli x30, x30, 0xb                       inst_60+8
x30 <- 0x0000000000000000

mem[X,0x0000000080000930] -> 0x0F13
mem[X,0x0000000080000932] -> 0x2D8F
[589] [M]: 0x0000000080000930 (0x2D8F0F13) addi x30, x30, 0x2d8                     inst_60+12
x30 <- 0x00000000000002D8

clint mtime 0x0000000000000127 (mip.MTI <- 0b1, mip.STI <- 0b0)
mem[X,0x0000000080000934] -> 0x1F13
mem[X,0x0000000080000936] -> 0x00BF
[590] [M]: 0x0000000080000934 (0x00BF1F13) slli x30, x30, 0xb                       inst_60+16
x30 <- 0x000000000016C000

mem[X,0x0000000080000938] -> 0x0F13
mem[X,0x000000008000093A] -> 0x46FF
[591] [M]: 0x0000000080000938 (0x46FF0F13) addi x30, x30, 0x46f                     inst_60+20
x30 <- 0x000000000016C46F

clint mtime 0x0000000000000128 (mip.MTI <- 0b1, mip.STI <- 0b0)
mem[X,0x000000008000093C] -> 0x1F13
mem[X,0x000000008000093E] -> 0x00AF
[592] [M]: 0x000000008000093C (0x00AF1F13) slli x30, x30, 0xa                       inst_60+24
x30 <- 0x000000005B11BC00

mem[X,0x0000000080000940] -> 0x0F13
mem[X,0x0000000080000942] -> 0x3FFF
[593] [M]: 0x0000000080000940 (0x3FFF0F13) addi x30, x30, 0x3ff                     inst_60+28
x30 <- 0x000000005B11BFFF

clint mtime 0x0000000000000129 (mip.MTI <- 0b1, mip.STI <- 0b0)
mem[X,0x0000000080000944] -> 0x1F93
mem[X,0x0000000080000946] -> 0x28EF
[594] [M]: 0x0000000080000944 (0x28EF1F93) bseti x31, x30, 0xe                      inst_60+32
x31 <- 0x000000005B11FFFF

mem[X,0x0000000080000948] -> 0xB023
mem[X,0x000000008000094A] -> 0x11F2
[595] [M]: 0x0000000080000948 (0x11F2B023) sd x31, 0x100(x5)                        inst_60+36
mem[W,0x00000000800042F8] <- 0x000000005B11FFFF

clint mtime 0x000000000000012A (mip.MTI <- 0b1, mip.STI <- 0b0)
mem[X,0x000000008000094C] -> 0x0F37
mem[X,0x000000008000094E] -> 0x0000
[596] [M]: 0x000000008000094C (0x00000F37) lui x30, 0x0                             inst_61+0
x30 <- 0x0000000000000000

mem[X,0x0000000080000950] -> 0x0F13
mem[X,0x0000000080000952] -> 0x000F
[597] [M]: 0x0000000080000950 (0x000F0F13) addi x30, x30, 0x0                       inst_61+4
x30 <- 0x0000000000000000

clint mtime 0x000000000000012B (mip.MTI <- 0b1, mip.STI <- 0b0)
mem[X,0x0000000080000954] -> 0x1F13
mem[X,0x0000000080000956] -> 0x00BF
[598] [M]: 0x0000000080000954 (0x00BF1F13) slli x30, x30, 0xb                       inst_61+8
x30 <- 0x0000000000000000

mem[X,0x0000000080000958] -> 0x0F13
mem[X,0x000000008000095A] -> 0x659F
[599] [M]: 0x0000000080000958 (0x659F0F13) addi x30, x30, 0x659                     inst_61+12
x30 <- 0x0000000000000659

clint mtime 0x000000000000012C (mip.MTI <- 0b1, mip.STI <- 0b0)
mem[X,0x000000008000095C] -> 0x1F13
mem[X,0x000000008000095E] -> 0x00BF
[600] [M]: 0x000000008000095C (0x00BF1F13) slli x30, x30, 0xb                       inst_61+16
x30 <- 0x000000000032C800

mem[X,0x0000000080000960] -> 0x0F13
mem[X,0x0000000080000962] -> 0x51FF
[601] [M]: 0x0000000080000960 (0x51FF0F13) addi x30, x30, 0x51f                     inst_61+20
x30 <- 0x000000000032CD1F

clint mtime 0x000000000000012D (mip.MTI <- 0b1, mip.STI <- 0b0)
mem[X,0x0000000080000964] -> 0x1F13
mem[X,0x0000000080000966] -> 0x00AF
[602] [M]: 0x0000000080000964 (0x00AF1F13) slli x30, x30, 0xa                       inst_61+24
x30 <- 0x00000000CB347C00

mem[X,0x0000000080000968] -> 0x0F13
mem[X,0x000000008000096A] -> 0x3FFF
[603] [M]: 0x0000000080000968 (0x3FFF0F13) addi x30, x30, 0x3ff                     inst_61+28
x30 <- 0x00000000CB347FFF

clint mtime 0x000000000000012E (mip.MTI <- 0b1, mip.STI <- 0b0)
mem[X,0x000000008000096C] -> 0x1F93
mem[X,0x000000008000096E] -> 0x290F
[604] [M]: 0x000000008000096C (0x290F1F93) bseti x31, x30, 0x10                     inst_61+32
x31 <- 0x00000000CB357FFF

mem[X,0x0000000080000970] -> 0xB423
mem[X,0x0000000080000972] -> 0x11F2
[605] [M]: 0x0000000080000970 (0x11F2B423) sd x31, 0x108(x5)                        inst_61+36
mem[W,0x0000000080004300] <- 0x00000000CB357FFF

clint mtime 0x000000000000012F (mip.MTI <- 0b1, mip.STI <- 0b0)
mem[X,0x0000000080000974] -> 0x0F37
mem[X,0x0000000080000976] -> 0x0000
[606] [M]: 0x0000000080000974 (0x00000F37) lui x30, 0x0                             inst_62+0
x30 <- 0x0000000000000000

mem[X,0x0000000080000978] -> 0x0F13
mem[X,0x000000008000097A] -> 0x000F
[607] [M]: 0x0000000080000978 (0x000F0F13) addi x30, x30, 0x0                       inst_62+4
x30 <- 0x0000000000000000

clint mtime 0x0000000000000130 (mip.MTI <- 0b1, mip.STI <- 0b0)
mem[X,0x000000008000097C] -> 0x1F13
mem[X,0x000000008000097E] -> 0x00BF
[608] [M]: 0x000000008000097C (0x00BF1F13) slli x30, x30, 0xb                       inst_62+8
x30 <- 0x0000000000000000

mem[X,0x0000000080000980] -> 0x0F13
mem[X,0x0000000080000982] -> 0x798F
[609] [M]: 0x0000000080000980 (0x798F0F13) addi x30, x30, 0x798                     inst_62+12
x30 <- 0x0000000000000798

clint mtime 0x0000000000000131 (mip.MTI <- 0b1, mip.STI <- 0b0)
mem[X,0x0000000080000984] -> 0x1F13
mem[X,0x0000000080000986] -> 0x00BF
[610] [M]: 0x0000000080000984 (0x00BF1F13) slli x30, x30, 0xb                       inst_62+16
x30 <- 0x00000000003CC000

mem[X,0x0000000080000988] -> 0x0F13
mem[X,0x000000008000098A] -> 0x1BFF
[611] [M]: 0x0000000080000988 (0x1BFF0F13) addi x30, x30, 0x1bf                     inst_62+20
x30 <- 0x00000000003CC1BF

clint mtime 0x0000000000000132 (mip.MTI <- 0b1, mip.STI <- 0b0)
mem[X,0x000000008000098C] -> 0x1F13
mem[X,0x000000008000098E] -> 0x00AF
[612] [M]: 0x000000008000098C (0x00AF1F13) slli x30, x30, 0xa                       inst_62+24
x30 <- 0x00000000F306FC00

mem[X,0x0000000080000990] -> 0x0F13
mem[X,0x0000000080000992] -> 0x3FFF
[613] [M]: 0x0000000080000990 (0x3FFF0F13) addi x30, x30, 0x3ff                     inst_62+28
x30 <- 0x00000000F306FFFF

clint mtime 0x0000000000000133 (mip.MTI <- 0b1, mip.STI <- 0b0)
mem[X,0x0000000080000994] -> 0x1F93
mem[X,0x0000000080000996] -> 0x288F
[614] [M]: 0x0000000080000994 (0x288F1F93) bseti x31, x30, 0x8                      inst_62+32
x31 <- 0x00000000F306FFFF

mem[X,0x0000000080000998] -> 0xB823
mem[X,0x000000008000099A] -> 0x11F2
[615] [M]: 0x0000000080000998 (0x11F2B823) sd x31, 0x110(x5)                        inst_62+36
mem[W,0x0000000080004308] <- 0x00000000F306FFFF

clint mtime 0x0000000000000134 (mip.MTI <- 0b1, mip.STI <- 0b0)
mem[X,0x000000008000099C] -> 0x0F37
mem[X,0x000000008000099E] -> 0x0000
[616] [M]: 0x000000008000099C (0x00000F37) lui x30, 0x0                             inst_63+0
x30 <- 0x0000000000000000

mem[X,0x00000000800009A0] -> 0x0F13
mem[X,0x00000000800009A2] -> 0x000F
[617] [M]: 0x00000000800009A0 (0x000F0F13) addi x30, x30, 0x0                       inst_63+4
x30 <- 0x0000000000000000

clint mtime 0x0000000000000135 (mip.MTI <- 0b1, mip.STI <- 0b0)
mem[X,0x00000000800009A4] -> 0x1F13
mem[X,0x00000000800009A6] -> 0x00BF
[618] [M]: 0x00000000800009A4 (0x00BF1F13) slli x30, x30, 0xb                       inst_63+8
x30 <- 0x0000000000000000

mem[X,0x00000000800009A8] -> 0x0F13
mem[X,0x00000000800009AA] -> 0x5F5F
[619] [M]: 0x00000000800009A8 (0x5F5F0F13) addi x30, x30, 0x5f5                     inst_63+12
x30 <- 0x00000000000005F5

clint mtime 0x0000000000000136 (mip.MTI <- 0b1, mip.STI <- 0b0)
mem[X,0x00000000800009AC] -> 0x1F13
mem[X,0x00000000800009AE] -> 0x00BF
[620] [M]: 0x00000000800009AC (0x00BF1F13) slli x30, x30, 0xb                       inst_63+16
x30 <- 0x00000000002FA800

mem[X,0x00000000800009B0] -> 0x0F13
mem[X,0x00000000800009B2] -> 0x17FF
[621] [M]: 0x00000000800009B0 (0x17FF0F13) addi x30, x30, 0x17f                     inst_63+20
x30 <- 0x00000000002FA97F

clint mtime 0x0000000000000137 (mip.MTI <- 0b1, mip.STI <- 0b0)
mem[X,0x00000000800009B4] -> 0x1F13
mem[X,0x00000000800009B6] -> 0x00AF
[622] [M]: 0x00000000800009B4 (0x00AF1F13) slli x30, x30, 0xa                       inst_63+24
x30 <- 0x00000000BEA5FC00

mem[X,0x00000000800009B8] -> 0x0F13
mem[X,0x00000000800009BA] -> 0x3FFF
[623] [M]: 0x00000000800009B8 (0x3FFF0F13) addi x30, x30, 0x3ff                     inst_63+28
x30 <- 0x00000000BEA5FFFF

clint mtime 0x0000000000000138 (mip.MTI <- 0b1, mip.STI <- 0b0)
mem[X,0x00000000800009BC] -> 0x1F93
mem[X,0x00000000800009BE] -> 0x29BF
[624] [M]: 0x00000000800009BC (0x29BF1F93) bseti x31, x30, 0x1b                     inst_63+32
x31 <- 0x00000000BEA5FFFF

mem[X,0x00000000800009C0] -> 0xBC23
mem[X,0x00000000800009C2] -> 0x11F2
[625] [M]: 0x00000000800009C0 (0x11F2BC23) sd x31, 0x118(x5)                        inst_63+36
mem[W,0x0000000080004310] <- 0x00000000BEA5FFFF

clint mtime 0x0000000000000139 (mip.MTI <- 0b1, mip.STI <- 0b0)
mem[X,0x00000000800009C4] -> 0x0F37
mem[X,0x00000000800009C6] -> 0x0000
[626] [M]: 0x00000000800009C4 (0x00000F37) lui x30, 0x0                             inst_64+0
x30 <- 0x0000000000000000

mem[X,0x00000000800009C8] -> 0x0F13
mem[X,0x00000000800009CA] -> 0x000F
[627] [M]: 0x00000000800009C8 (0x000F0F13) addi x30, x30, 0x0                       inst_64+4
x30 <- 0x0000000000000000

clint mtime 0x000000000000013A (mip.MTI <- 0b1, mip.STI <- 0b0)
mem[X,0x00000000800009CC] -> 0x1F13
mem[X,0x00000000800009CE] -> 0x00BF
[628] [M]: 0x00000000800009CC (0x00BF1F13) slli x30, x30, 0xb                       inst_64+8
x30 <- 0x0000000000000000

mem[X,0x00000000800009D0] -> 0x0F13
mem[X,0x00000000800009D2] -> 0x69CF
[629] [M]: 0x00000000800009D0 (0x69CF0F13) addi x30, x30, 0x69c                     inst_64+12
x30 <- 0x000000000000069C

clint mtime 0x000000000000013B (mip.MTI <- 0b1, mip.STI <- 0b0)
mem[X,0x00000000800009D4] -> 0x1F13
mem[X,0x00000000800009D6] -> 0x00BF
[630] [M]: 0x00000000800009D4 (0x00BF1F13) slli x30, x30, 0xb                       inst_64+16
x30 <- 0x000000000034E000

mem[X,0x00000000800009D8] -> 0x0F13
mem[X,0x00000000800009DA] -> 0x2FFF
[631] [M]: 0x00000000800009D8 (0x2FFF0F13) addi x30, x30, 0x2ff                     inst_64+20
x30 <- 0x000000000034E2FF

clint mtime 0x000000000000013C (mip.MTI <- 0b1, mip.STI <- 0b0)
mem[X,0x00000000800009DC] -> 0x1F13
mem[X,0x00000000800009DE] -> 0x00AF
[632] [M]: 0x00000000800009DC (0x00AF1F13) slli x30, x30, 0xa                       inst_64+24
x30 <- 0x00000000D38BFC00

mem[X,0x00000000800009E0] -> 0x0F13
mem[X,0x00000000800009E2] -> 0x3FFF
[633] [M]: 0x00000000800009E0 (0x3FFF0F13) addi x30, x30, 0x3ff                     inst_64+28
x30 <- 0x00000000D38BFFFF

clint mtime 0x000000000000013D (mip.MTI <- 0b1, mip.STI <- 0b0)
mem[X,0x00000000800009E4] -> 0x1F93
mem[X,0x00000000800009E6] -> 0x29CF
[634] [M]: 0x00000000800009E4 (0x29CF1F93) bseti x31, x30, 0x1c                     inst_64+32
x31 <- 0x00000000D38BFFFF

mem[X,0x00000000800009E8] -> 0xB023
mem[X,0x00000000800009EA] -> 0x13F2
[635] [M]: 0x00000000800009E8 (0x13F2B023) sd x31, 0x120(x5)                        inst_64+36
mem[W,0x0000000080004318] <- 0x00000000D38BFFFF

clint mtime 0x000000000000013E (mip.MTI <- 0b1, mip.STI <- 0b0)
mem[X,0x00000000800009EC] -> 0x0F37
mem[X,0x00000000800009EE] -> 0x0000
[636] [M]: 0x00000000800009EC (0x00000F37) lui x30, 0x0                             inst_65+0
x30 <- 0x0000000000000000

mem[X,0x00000000800009F0] -> 0x0F13
mem[X,0x00000000800009F2] -> 0x000F
[637] [M]: 0x00000000800009F0 (0x000F0F13) addi x30, x30, 0x0                       inst_65+4
x30 <- 0x0000000000000000

clint mtime 0x000000000000013F (mip.MTI <- 0b1, mip.STI <- 0b0)
mem[X,0x00000000800009F4] -> 0x1F13
mem[X,0x00000000800009F6] -> 0x00BF
[638] [M]: 0x00000000800009F4 (0x00BF1F13) slli x30, x30, 0xb                       inst_65+8
x30 <- 0x0000000000000000

mem[X,0x00000000800009F8] -> 0x0F13
mem[X,0x00000000800009FA] -> 0x0ADF
[639] [M]: 0x00000000800009F8 (0x0ADF0F13) addi x30, x30, 0xad                      inst_65+12
x30 <- 0x00000000000000AD

clint mtime 0x0000000000000140 (mip.MTI <- 0b1, mip.STI <- 0b0)
mem[X,0x00000000800009FC] -> 0x1F13
mem[X,0x00000000800009FE] -> 0x00BF
[640] [M]: 0x00000000800009FC (0x00BF1F13) slli x30, x30, 0xb                       inst_65+16
x30 <- 0x0000000000056800

mem[X,0x0000000080000A00] -> 0x0F13
mem[X,0x0000000080000A02] -> 0x5FFF
[641] [M]: 0x0000000080000A00 (0x5FFF0F13) addi x30, x30, 0x5ff                     inst_65+20
x30 <- 0x0000000000056DFF

clint mtime 0x0000000000000141 (mip.MTI <- 0b1, mip.STI <- 0b0)
mem[X,0x0000000080000A04] -> 0x1F13
mem[X,0x0000000080000A06] -> 0x00AF
[642] [M]: 0x0000000080000A04 (0x00AF1F13) slli x30, x30, 0xa                       inst_65+24
x30 <- 0x0000000015B7FC00

mem[X,0x0000000080000A08] -> 0x0F13
mem[X,0x0000000080000A0A] -> 0x3FFF
[643] [M]: 0x0000000080000A08 (0x3FFF0F13) addi x30, x30, 0x3ff                     inst_65+28
x30 <- 0x0000000015B7FFFF

clint mtime 0x0000000000000142 (mip.MTI <- 0b1, mip.STI <- 0b0)
mem[X,0x0000000080000A0C] -> 0x1F93
mem[X,0x0000000080000A0E] -> 0x290F
[644] [M]: 0x0000000080000A0C (0x290F1F93) bseti x31, x30, 0x10                     inst_65+32
x31 <- 0x0000000015B7FFFF

mem[X,0x0000000080000A10] -> 0xB423
mem[X,0x0000000080000A12] -> 0x13F2
[645] [M]: 0x0000000080000A10 (0x13F2B423) sd x31, 0x128(x5)                        inst_65+36
mem[W,0x0000000080004320] <- 0x0000000015B7FFFF

clint mtime 0x0000000000000143 (mip.MTI <- 0b1, mip.STI <- 0b0)
mem[X,0x0000000080000A14] -> 0x0F37
mem[X,0x0000000080000A16] -> 0x0000
[646] [M]: 0x0000000080000A14 (0x00000F37) lui x30, 0x0                             inst_66+0
x30 <- 0x0000000000000000

mem[X,0x0000000080000A18] -> 0x0F13
mem[X,0x0000000080000A1A] -> 0x000F
[647] [M]: 0x0000000080000A18 (0x000F0F13) addi x30, x30, 0x0                       inst_66+4
x30 <- 0x0000000000000000

clint mtime 0x0000000000000144 (mip.MTI <- 0b1, mip.STI <- 0b0)
mem[X,0x0000000080000A1C] -> 0x1F13
mem[X,0x0000000080000A1E] -> 0x00BF
[648] [M]: 0x0000000080000A1C (0x00BF1F13) slli x30, x30, 0xb                       inst_66+8
x30 <- 0x0000000000000000

mem[X,0x0000000080000A20] -> 0x0F13
mem[X,0x0000000080000A22] -> 0x6ACF
[649] [M]: 0x0000000080000A20 (0x6ACF0F13) addi x30, x30, 0x6ac                     inst_66+12
x30 <- 0x00000000000006AC

clint mtime 0x0000000000000145 (mip.MTI <- 0b1, mip.STI <- 0b0)
mem[X,0x0000000080000A24] -> 0x1F13
mem[X,0x0000000080000A26] -> 0x00BF
[650] [M]: 0x0000000080000A24 (0x00BF1F13) slli x30, x30, 0xb                       inst_66+16
x30 <- 0x0000000000356000

mem[X,0x0000000080000A28] -> 0x0F13
mem[X,0x0000000080000A2A] -> 0x3FFF
[651] [M]: 0x0000000080000A28 (0x3FFF0F13) addi x30, x30, 0x3ff                     inst_66+20
x30 <- 0x00000000003563FF

clint mtime 0x0000000000000146 (mip.MTI <- 0b1, mip.STI <- 0b0)
mem[X,0x0000000080000A2C] -> 0x1F13
mem[X,0x0000000080000A2E] -> 0x00AF
[652] [M]: 0x0000000080000A2C (0x00AF1F13) slli x30, x30, 0xa                       inst_66+24
x30 <- 0x00000000D58FFC00

mem[X,0x0000000080000A30] -> 0x0F13
mem[X,0x0000000080000A32] -> 0x3FFF
[653] [M]: 0x0000000080000A30 (0x3FFF0F13) addi x30, x30, 0x3ff                     inst_66+28
x30 <- 0x00000000D58FFFFF

clint mtime 0x0000000000000147 (mip.MTI <- 0b1, mip.STI <- 0b0)
mem[X,0x0000000080000A34] -> 0x1F93
mem[X,0x0000000080000A36] -> 0x289F
[654] [M]: 0x0000000080000A34 (0x289F1F93) bseti x31, x30, 0x9                      inst_66+32
x31 <- 0x00000000D58FFFFF

mem[X,0x0000000080000A38] -> 0xB823
mem[X,0x0000000080000A3A] -> 0x13F2
[655] [M]: 0x0000000080000A38 (0x13F2B823) sd x31, 0x130(x5)                        inst_66+36
mem[W,0x0000000080004328] <- 0x00000000D58FFFFF

clint mtime 0x0000000000000148 (mip.MTI <- 0b1, mip.STI <- 0b0)
mem[X,0x0000000080000A3C] -> 0x0F37
mem[X,0x0000000080000A3E] -> 0x0000
[656] [M]: 0x0000000080000A3C (0x00000F37) lui x30, 0x0                             inst_67+0
x30 <- 0x0000000000000000

mem[X,0x0000000080000A40] -> 0x0F13
mem[X,0x0000000080000A42] -> 0x000F
[657] [M]: 0x0000000080000A40 (0x000F0F13) addi x30, x30, 0x0                       inst_67+4
x30 <- 0x0000000000000000

clint mtime 0x0000000000000149 (mip.MTI <- 0b1, mip.STI <- 0b0)
mem[X,0x0000000080000A44] -> 0x1F13
mem[X,0x0000000080000A46] -> 0x00BF
[658] [M]: 0x0000000080000A44 (0x00BF1F13) slli x30, x30, 0xb                       inst_67+8
x30 <- 0x0000000000000000

mem[X,0x0000000080000A48] -> 0x0F13
mem[X,0x0000000080000A4A] -> 0x7F0F
[659] [M]: 0x0000000080000A48 (0x7F0F0F13) addi x30, x30, 0x7f0                     inst_67+12
x30 <- 0x00000000000007F0

clint mtime 0x000000000000014A (mip.MTI <- 0b1, mip.STI <- 0b0)
mem[X,0x0000000080000A4C] -> 0x1F13
mem[X,0x0000000080000A4E] -> 0x00BF
[660] [M]: 0x0000000080000A4C (0x00BF1F13) slli x30, x30, 0xb                       inst_67+16
x30 <- 0x00000000003F8000

mem[X,0x0000000080000A50] -> 0x0F13
mem[X,0x0000000080000A52] -> 0x7FFF
[661] [M]: 0x0000000080000A50 (0x7FFF0F13) addi x30, x30, 0x7ff                     inst_67+20
x30 <- 0x00000000003F87FF

clint mtime 0x000000000000014B (mip.MTI <- 0b1, mip.STI <- 0b0)
mem[X,0x0000000080000A54] -> 0x1F13
mem[X,0x0000000080000A56] -> 0x00AF
[662] [M]: 0x0000000080000A54 (0x00AF1F13) slli x30, x30, 0xa                       inst_67+24
x30 <- 0x00000000FE1FFC00

mem[X,0x0000000080000A58] -> 0x0F13
mem[X,0x0000000080000A5A] -> 0x3FFF
[663] [M]: 0x0000000080000A58 (0x3FFF0F13) addi x30, x30, 0x3ff                     inst_67+28
x30 <- 0x00000000FE1FFFFF

clint mtime 0x000000000000014C (mip.MTI <- 0b1, mip.STI <- 0b0)
mem[X,0x0000000080000A5C] -> 0x1F93
mem[X,0x0000000080000A5E] -> 0x291F
[664] [M]: 0x0000000080000A5C (0x291F1F93) bseti x31, x30, 0x11                     inst_67+32
x31 <- 0x00000000FE1FFFFF

mem[X,0x0000000080000A60] -> 0xBC23
mem[X,0x0000000080000A62] -> 0x13F2
[665] [M]: 0x0000000080000A60 (0x13F2BC23) sd x31, 0x138(x5)                        inst_67+36
mem[W,0x0000000080004330] <- 0x00000000FE1FFFFF

clint mtime 0x000000000000014D (mip.MTI <- 0b1, mip.STI <- 0b0)
mem[X,0x0000000080000A64] -> 0x0F37
mem[X,0x0000000080000A66] -> 0x0000
[666] [M]: 0x0000000080000A64 (0x00000F37) lui x30, 0x0                             inst_68+0
x30 <- 0x0000000000000000

mem[X,0x0000000080000A68] -> 0x0F13
mem[X,0x0000000080000A6A] -> 0x000F
[667] [M]: 0x0000000080000A68 (0x000F0F13) addi x30, x30, 0x0                       inst_68+4
x30 <- 0x0000000000000000

clint mtime 0x000000000000014E (mip.MTI <- 0b1, mip.STI <- 0b0)
mem[X,0x0000000080000A6C] -> 0x1F13
mem[X,0x0000000080000A6E] -> 0x00BF
[668] [M]: 0x0000000080000A6C (0x00BF1F13) slli x30, x30, 0xb                       inst_68+8
x30 <- 0x0000000000000000

mem[X,0x0000000080000A70] -> 0x0F13
mem[X,0x0000000080000A72] -> 0x101F
[669] [M]: 0x0000000080000A70 (0x101F0F13) addi x30, x30, 0x101                     inst_68+12
x30 <- 0x0000000000000101

clint mtime 0x000000000000014F (mip.MTI <- 0b1, mip.STI <- 0b0)
mem[X,0x0000000080000A74] -> 0x1F13
mem[X,0x0000000080000A76] -> 0x00BF
[670] [M]: 0x0000000080000A74 (0x00BF1F13) slli x30, x30, 0xb                       inst_68+16
x30 <- 0x0000000000080800

mem[X,0x0000000080000A78] -> 0x0F13
mem[X,0x0000000080000A7A] -> 0x7FFF
[671] [M]: 0x0000000080000A78 (0x7FFF0F13) addi x30, x30, 0x7ff                     inst_68+20
x30 <- 0x0000000000080FFF

clint mtime 0x0000000000000150 (mip.MTI <- 0b1, mip.STI <- 0b0)
mem[X,0x0000000080000A7C] -> 0x1F13
mem[X,0x0000000080000A7E] -> 0x00AF
[672] [M]: 0x0000000080000A7C (0x00AF1F13) slli x30, x30, 0xa                       inst_68+24
x30 <- 0x00000000203FFC00

mem[X,0x0000000080000A80] -> 0x0F13
mem[X,0x0000000080000A82] -> 0x3FFF
[673] [M]: 0x0000000080000A80 (0x3FFF0F13) addi x30, x30, 0x3ff                     inst_68+28
x30 <- 0x00000000203FFFFF

clint mtime 0x0000000000000151 (mip.MTI <- 0b1, mip.STI <- 0b0)
mem[X,0x0000000080000A84] -> 0x1F93
mem[X,0x0000000080000A86] -> 0x280F
[674] [M]: 0x0000000080000A84 (0x280F1F93) bseti x31, x30, 0x0                      inst_68+32
x31 <- 0x00000000203FFFFF

mem[X,0x0000000080000A88] -> 0xB023
mem[X,0x0000000080000A8A] -> 0x15F2
[675] [M]: 0x0000000080000A88 (0x15F2B023) sd x31, 0x140(x5)                        inst_68+36
mem[W,0x0000000080004338] <- 0x00000000203FFFFF

clint mtime 0x0000000000000152 (mip.MTI <- 0b1, mip.STI <- 0b0)
mem[X,0x0000000080000A8C] -> 0x0F37
mem[X,0x0000000080000A8E] -> 0x0000
[676] [M]: 0x0000000080000A8C (0x00000F37) lui x30, 0x0                             inst_69+0
x30 <- 0x0000000000000000

mem[X,0x0000000080000A90] -> 0x0F13
mem[X,0x0000000080000A92] -> 0x000F
[677] [M]: 0x0000000080000A90 (0x000F0F13) addi x30, x30, 0x0                       inst_69+4
x30 <- 0x0000000000000000

clint mtime 0x0000000000000153 (mip.MTI <- 0b1, mip.STI <- 0b0)
mem[X,0x0000000080000A94] -> 0x1F13
mem[X,0x0000000080000A96] -> 0x00BF
[678] [M]: 0x0000000080000A94 (0x00BF1F13) slli x30, x30, 0xb                       inst_69+8
x30 <- 0x0000000000000000

mem[X,0x0000000080000A98] -> 0x0F13
mem[X,0x0000000080000A9A] -> 0x03BF
[679] [M]: 0x0000000080000A98 (0x03BF0F13) addi x30, x30, 0x3b                      inst_69+12
x30 <- 0x000000000000003B

clint mtime 0x0000000000000154 (mip.MTI <- 0b1, mip.STI <- 0b0)
mem[X,0x0000000080000A9C] -> 0x1F13
mem[X,0x0000000080000A9E] -> 0x00BF
[680] [M]: 0x0000000080000A9C (0x00BF1F13) slli x30, x30, 0xb                       inst_69+16
x30 <- 0x000000000001D800

mem[X,0x0000000080000AA0] -> 0x0F13
mem[X,0x0000000080000AA2] -> 0x7FFF
[681] [M]: 0x0000000080000AA0 (0x7FFF0F13) addi x30, x30, 0x7ff                     inst_69+20
x30 <- 0x000000000001DFFF

clint mtime 0x0000000000000155 (mip.MTI <- 0b1, mip.STI <- 0b0)
mem[X,0x0000000080000AA4] -> 0x1F13
mem[X,0x0000000080000AA6] -> 0x00AF
[682] [M]: 0x0000000080000AA4 (0x00AF1F13) slli x30, x30, 0xa                       inst_69+24
x30 <- 0x00000000077FFC00

mem[X,0x0000000080000AA8] -> 0x0F13
mem[X,0x0000000080000AAA] -> 0x3FFF
[683] [M]: 0x0000000080000AA8 (0x3FFF0F13) addi x30, x30, 0x3ff                     inst_69+28
x30 <- 0x00000000077FFFFF

clint mtime 0x0000000000000156 (mip.MTI <- 0b1, mip.STI <- 0b0)
mem[X,0x0000000080000AAC] -> 0x1F93
mem[X,0x0000000080000AAE] -> 0x29BF
[684] [M]: 0x0000000080000AAC (0x29BF1F93) bseti x31, x30, 0x1b                     inst_69+32
x31 <- 0x000000000F7FFFFF

mem[X,0x0000000080000AB0] -> 0xB423
mem[X,0x0000000080000AB2] -> 0x15F2
[685] [M]: 0x0000000080000AB0 (0x15F2B423) sd x31, 0x148(x5)                        inst_69+36
mem[W,0x0000000080004340] <- 0x000000000F7FFFFF

clint mtime 0x0000000000000157 (mip.MTI <- 0b1, mip.STI <- 0b0)
mem[X,0x0000000080000AB4] -> 0x0F37
mem[X,0x0000000080000AB6] -> 0x0000
[686] [M]: 0x0000000080000AB4 (0x00000F37) lui x30, 0x0                             inst_70+0
x30 <- 0x0000000000000000

mem[X,0x0000000080000AB8] -> 0x0F13
mem[X,0x0000000080000ABA] -> 0x000F
[687] [M]: 0x0000000080000AB8 (0x000F0F13) addi x30, x30, 0x0                       inst_70+4
x30 <- 0x0000000000000000

clint mtime 0x0000000000000158 (mip.MTI <- 0b1, mip.STI <- 0b0)
mem[X,0x0000000080000ABC] -> 0x1F13
mem[X,0x0000000080000ABE] -> 0x00BF
[688] [M]: 0x0000000080000ABC (0x00BF1F13) slli x30, x30, 0xb                       inst_70+8
x30 <- 0x0000000000000000

mem[X,0x0000000080000AC0] -> 0x0F13
mem[X,0x0000000080000AC2] -> 0x5F7F
[689] [M]: 0x0000000080000AC0 (0x5F7F0F13) addi x30, x30, 0x5f7                     inst_70+12
x30 <- 0x00000000000005F7

clint mtime 0x0000000000000159 (mip.MTI <- 0b1, mip.STI <- 0b0)
mem[X,0x0000000080000AC4] -> 0x1F13
mem[X,0x0000000080000AC6] -> 0x00BF
[690] [M]: 0x0000000080000AC4 (0x00BF1F13) slli x30, x30, 0xb                       inst_70+16
x30 <- 0x00000000002FB800

mem[X,0x0000000080000AC8] -> 0x0F13
mem[X,0x0000000080000ACA] -> 0x7FFF
[691] [M]: 0x0000000080000AC8 (0x7FFF0F13) addi x30, x30, 0x7ff                     inst_70+20
x30 <- 0x00000000002FBFFF

clint mtime 0x000000000000015A (mip.MTI <- 0b1, mip.STI <- 0b0)
mem[X,0x0000000080000ACC] -> 0x1F13
mem[X,0x0000000080000ACE] -> 0x00AF
[692] [M]: 0x0000000080000ACC (0x00AF1F13) slli x30, x30, 0xa                       inst_70+24
x30 <- 0x00000000BEFFFC00

mem[X,0x0000000080000AD0] -> 0x0F13
mem[X,0x0000000080000AD2] -> 0x3FFF
[693] [M]: 0x0000000080000AD0 (0x3FFF0F13) addi x30, x30, 0x3ff                     inst_70+28
x30 <- 0x00000000BEFFFFFF

clint mtime 0x000000000000015B (mip.MTI <- 0b1, mip.STI <- 0b0)
mem[X,0x0000000080000AD4] -> 0x1F93
mem[X,0x0000000080000AD6] -> 0x292F
[694] [M]: 0x0000000080000AD4 (0x292F1F93) bseti x31, x30, 0x12                     inst_70+32
x31 <- 0x00000000BEFFFFFF

mem[X,0x0000000080000AD8] -> 0xB823
mem[X,0x0000000080000ADA] -> 0x15F2
[695] [M]: 0x0000000080000AD8 (0x15F2B823) sd x31, 0x150(x5)                        inst_70+36
mem[W,0x0000000080004348] <- 0x00000000BEFFFFFF

clint mtime 0x000000000000015C (mip.MTI <- 0b1, mip.STI <- 0b0)
mem[X,0x0000000080000ADC] -> 0x0F37
mem[X,0x0000000080000ADE] -> 0x0000
[696] [M]: 0x0000000080000ADC (0x00000F37) lui x30, 0x0                             inst_71+0
x30 <- 0x0000000000000000

mem[X,0x0000000080000AE0] -> 0x0F13
mem[X,0x0000000080000AE2] -> 0x000F
[697] [M]: 0x0000000080000AE0 (0x000F0F13) addi x30, x30, 0x0                       inst_71+4
x30 <- 0x0000000000000000

clint mtime 0x000000000000015D (mip.MTI <- 0b1, mip.STI <- 0b0)
mem[X,0x0000000080000AE4] -> 0x1F13
mem[X,0x0000000080000AE6] -> 0x00BF
[698] [M]: 0x0000000080000AE4 (0x00BF1F13) slli x30, x30, 0xb                       inst_71+8
x30 <- 0x0000000000000000

mem[X,0x0000000080000AE8] -> 0x0F13
mem[X,0x0000000080000AEA] -> 0x44FF
[699] [M]: 0x0000000080000AE8 (0x44FF0F13) addi x30, x30, 0x44f                     inst_71+12
x30 <- 0x000000000000044F

clint mtime 0x000000000000015E (mip.MTI <- 0b1, mip.STI <- 0b0)
mem[X,0x0000000080000AEC] -> 0x1F13
mem[X,0x0000000080000AEE] -> 0x00BF
[700] [M]: 0x0000000080000AEC (0x00BF1F13) slli x30, x30, 0xb                       inst_71+16
x30 <- 0x0000000000227800

mem[X,0x0000000080000AF0] -> 0x0F13
mem[X,0x0000000080000AF2] -> 0x7FFF
[701] [M]: 0x0000000080000AF0 (0x7FFF0F13) addi x30, x30, 0x7ff                     inst_71+20
x30 <- 0x0000000000227FFF

clint mtime 0x000000000000015F (mip.MTI <- 0b1, mip.STI <- 0b0)
mem[X,0x0000000080000AF4] -> 0x1F13
mem[X,0x0000000080000AF6] -> 0x00AF
[702] [M]: 0x0000000080000AF4 (0x00AF1F13) slli x30, x30, 0xa                       inst_71+24
x30 <- 0x0000000089FFFC00

mem[X,0x0000000080000AF8] -> 0x0F13
mem[X,0x0000000080000AFA] -> 0x3FFF
[703] [M]: 0x0000000080000AF8 (0x3FFF0F13) addi x30, x30, 0x3ff                     inst_71+28
x30 <- 0x0000000089FFFFFF

clint mtime 0x0000000000000160 (mip.MTI <- 0b1, mip.STI <- 0b0)
mem[X,0x0000000080000AFC] -> 0x1F93
mem[X,0x0000000080000AFE] -> 0x28DF
[704] [M]: 0x0000000080000AFC (0x28DF1F93) bseti x31, x30, 0xd                      inst_71+32
x31 <- 0x0000000089FFFFFF

mem[X,0x0000000080000B00] -> 0xBC23
mem[X,0x0000000080000B02] -> 0x15F2
[705] [M]: 0x0000000080000B00 (0x15F2BC23) sd x31, 0x158(x5)                        inst_71+36
mem[W,0x0000000080004350] <- 0x0000000089FFFFFF

clint mtime 0x0000000000000161 (mip.MTI <- 0b1, mip.STI <- 0b0)
mem[X,0x0000000080000B04] -> 0x0F37
mem[X,0x0000000080000B06] -> 0x0000
[706] [M]: 0x0000000080000B04 (0x00000F37) lui x30, 0x0                             inst_72+0
x30 <- 0x0000000000000000

mem[X,0x0000000080000B08] -> 0x0F13
mem[X,0x0000000080000B0A] -> 0x000F
[707] [M]: 0x0000000080000B08 (0x000F0F13) addi x30, x30, 0x0                       inst_72+4
x30 <- 0x0000000000000000

clint mtime 0x0000000000000162 (mip.MTI <- 0b1, mip.STI <- 0b0)
mem[X,0x0000000080000B0C] -> 0x1F13
mem[X,0x0000000080000B0E] -> 0x00BF
[708] [M]: 0x0000000080000B0C (0x00BF1F13) slli x30, x30, 0xb                       inst_72+8
x30 <- 0x0000000000000000

mem[X,0x0000000080000B10] -> 0x0F13
mem[X,0x0000000080000B12] -> 0x11FF
[709] [M]: 0x0000000080000B10 (0x11FF0F13) addi x30, x30, 0x11f                     inst_72+12
x30 <- 0x000000000000011F

clint mtime 0x0000000000000163 (mip.MTI <- 0b1, mip.STI <- 0b0)
mem[X,0x0000000080000B14] -> 0x1F13
mem[X,0x0000000080000B16] -> 0x00BF
[710] [M]: 0x0000000080000B14 (0x00BF1F13) slli x30, x30, 0xb                       inst_72+16
x30 <- 0x000000000008F800

mem[X,0x0000000080000B18] -> 0x0F13
mem[X,0x0000000080000B1A] -> 0x7FFF
[711] [M]: 0x0000000080000B18 (0x7FFF0F13) addi x30, x30, 0x7ff                     inst_72+20
x30 <- 0x000000000008FFFF

clint mtime 0x0000000000000164 (mip.MTI <- 0b1, mip.STI <- 0b0)
mem[X,0x0000000080000B1C] -> 0x1F13
mem[X,0x0000000080000B1E] -> 0x00AF
[712] [M]: 0x0000000080000B1C (0x00AF1F13) slli x30, x30, 0xa                       inst_72+24
x30 <- 0x0000000023FFFC00

mem[X,0x0000000080000B20] -> 0x0F13
mem[X,0x0000000080000B22] -> 0x3FFF
[713] [M]: 0x0000000080000B20 (0x3FFF0F13) addi x30, x30, 0x3ff                     inst_72+28
x30 <- 0x0000000023FFFFFF

clint mtime 0x0000000000000165 (mip.MTI <- 0b1, mip.STI <- 0b0)
mem[X,0x0000000080000B24] -> 0x1F93
mem[X,0x0000000080000B26] -> 0x284F
[714] [M]: 0x0000000080000B24 (0x284F1F93) bseti x31, x30, 0x4                      inst_72+32
x31 <- 0x0000000023FFFFFF

mem[X,0x0000000080000B28] -> 0xB023
mem[X,0x0000000080000B2A] -> 0x17F2
[715] [M]: 0x0000000080000B28 (0x17F2B023) sd x31, 0x160(x5)                        inst_72+36
mem[W,0x0000000080004358] <- 0x0000000023FFFFFF

clint mtime 0x0000000000000166 (mip.MTI <- 0b1, mip.STI <- 0b0)
mem[X,0x0000000080000B2C] -> 0x0F37
mem[X,0x0000000080000B2E] -> 0x0000
[716] [M]: 0x0000000080000B2C (0x00000F37) lui x30, 0x0                             inst_73+0
x30 <- 0x0000000000000000

mem[X,0x0000000080000B30] -> 0x0F13
mem[X,0x0000000080000B32] -> 0x000F
[717] [M]: 0x0000000080000B30 (0x000F0F13) addi x30, x30, 0x0                       inst_73+4
x30 <- 0x0000000000000000

clint mtime 0x0000000000000167 (mip.MTI <- 0b1, mip.STI <- 0b0)
mem[X,0x0000000080000B34] -> 0x1F13
mem[X,0x0000000080000B36] -> 0x00BF
[718] [M]: 0x0000000080000B34 (0x00BF1F13) slli x30, x30, 0xb                       inst_73+8
x30 <- 0x0000000000000000

mem[X,0x0000000080000B38] -> 0x0F13
mem[X,0x0000000080000B3A] -> 0x53FF
[719] [M]: 0x0000000080000B38 (0x53FF0F13) addi x30, x30, 0x53f                     inst_73+12
x30 <- 0x000000000000053F

clint mtime 0x0000000000000168 (mip.MTI <- 0b1, mip.STI <- 0b0)
mem[X,0x0000000080000B3C] -> 0x1F13
mem[X,0x0000000080000B3E] -> 0x00BF
[720] [M]: 0x0000000080000B3C (0x00BF1F13) slli x30, x30, 0xb                       inst_73+16
x30 <- 0x000000000029F800

mem[X,0x0000000080000B40] -> 0x0F13
mem[X,0x0000000080000B42] -> 0x7FFF
[721] [M]: 0x0000000080000B40 (0x7FFF0F13) addi x30, x30, 0x7ff                     inst_73+20
x30 <- 0x000000000029FFFF

clint mtime 0x0000000000000169 (mip.MTI <- 0b1, mip.STI <- 0b0)
mem[X,0x0000000080000B44] -> 0x1F13
mem[X,0x0000000080000B46] -> 0x00AF
[722] [M]: 0x0000000080000B44 (0x00AF1F13) slli x30, x30, 0xa                       inst_73+24
x30 <- 0x00000000A7FFFC00

mem[X,0x0000000080000B48] -> 0x0F13
mem[X,0x0000000080000B4A] -> 0x3FFF
[723] [M]: 0x0000000080000B48 (0x3FFF0F13) addi x30, x30, 0x3ff                     inst_73+28
x30 <- 0x00000000A7FFFFFF

clint mtime 0x000000000000016A (mip.MTI <- 0b1, mip.STI <- 0b0)
mem[X,0x0000000080000B4C] -> 0x1F93
mem[X,0x0000000080000B4E] -> 0x28BF
[724] [M]: 0x0000000080000B4C (0x28BF1F93) bseti x31, x30, 0xb                      inst_73+32
x31 <- 0x00000000A7FFFFFF

mem[X,0x0000000080000B50] -> 0xB423
mem[X,0x0000000080000B52] -> 0x17F2
[725] [M]: 0x0000000080000B50 (0x17F2B423) sd x31, 0x168(x5)                        inst_73+36
mem[W,0x0000000080004360] <- 0x00000000A7FFFFFF

clint mtime 0x000000000000016B (mip.MTI <- 0b1, mip.STI <- 0b0)
mem[X,0x0000000080000B54] -> 0x0F37
mem[X,0x0000000080000B56] -> 0x0000
[726] [M]: 0x0000000080000B54 (0x00000F37) lui x30, 0x0                             inst_74+0
x30 <- 0x0000000000000000

mem[X,0x0000000080000B58] -> 0x0F13
mem[X,0x0000000080000B5A] -> 0x000F
[727] [M]: 0x0000000080000B58 (0x000F0F13) addi x30, x30, 0x0                       inst_74+4
x30 <- 0x0000000000000000

clint mtime 0x000000000000016C (mip.MTI <- 0b1, mip.STI <- 0b0)
mem[X,0x0000000080000B5C] -> 0x1F13
mem[X,0x0000000080000B5E] -> 0x00BF
[728] [M]: 0x0000000080000B5C (0x00BF1F13) slli x30, x30, 0xb                       inst_74+8
x30 <- 0x0000000000000000

mem[X,0x0000000080000B60] -> 0x0F13
mem[X,0x0000000080000B62] -> 0x67FF
[729] [M]: 0x0000000080000B60 (0x67FF0F13) addi x30, x30, 0x67f                     inst_74+12
x30 <- 0x000000000000067F

clint mtime 0x000000000000016D (mip.MTI <- 0b1, mip.STI <- 0b0)
mem[X,0x0000000080000B64] -> 0x1F13
mem[X,0x0000000080000B66] -> 0x00BF
[730] [M]: 0x0000000080000B64 (0x00BF1F13) slli x30, x30, 0xb                       inst_74+16
x30 <- 0x000000000033F800

mem[X,0x0000000080000B68] -> 0x0F13
mem[X,0x0000000080000B6A] -> 0x7FFF
[731] [M]: 0x0000000080000B68 (0x7FFF0F13) addi x30, x30, 0x7ff                     inst_74+20
x30 <- 0x000000000033FFFF

clint mtime 0x000000000000016E (mip.MTI <- 0b1, mip.STI <- 0b0)
mem[X,0x0000000080000B6C] -> 0x1F13
mem[X,0x0000000080000B6E] -> 0x00AF
[732] [M]: 0x0000000080000B6C (0x00AF1F13) slli x30, x30, 0xa                       inst_74+24
x30 <- 0x00000000CFFFFC00

mem[X,0x0000000080000B70] -> 0x0F13
mem[X,0x0000000080000B72] -> 0x3FFF
[733] [M]: 0x0000000080000B70 (0x3FFF0F13) addi x30, x30, 0x3ff                     inst_74+28
x30 <- 0x00000000CFFFFFFF

clint mtime 0x000000000000016F (mip.MTI <- 0b1, mip.STI <- 0b0)
mem[X,0x0000000080000B74] -> 0x1F93
mem[X,0x0000000080000B76] -> 0x28EF
[734] [M]: 0x0000000080000B74 (0x28EF1F93) bseti x31, x30, 0xe                      inst_74+32
x31 <- 0x00000000CFFFFFFF

mem[X,0x0000000080000B78] -> 0xB823
mem[X,0x0000000080000B7A] -> 0x17F2
[735] [M]: 0x0000000080000B78 (0x17F2B823) sd x31, 0x170(x5)                        inst_74+36
mem[W,0x0000000080004368] <- 0x00000000CFFFFFFF

clint mtime 0x0000000000000170 (mip.MTI <- 0b1, mip.STI <- 0b0)
mem[X,0x0000000080000B7C] -> 0x0F37
mem[X,0x0000000080000B7E] -> 0x0000
[736] [M]: 0x0000000080000B7C (0x00000F37) lui x30, 0x0                             inst_75+0
x30 <- 0x0000000000000000

mem[X,0x0000000080000B80] -> 0x0F13
mem[X,0x0000000080000B82] -> 0x000F
[737] [M]: 0x0000000080000B80 (0x000F0F13) addi x30, x30, 0x0                       inst_75+4
x30 <- 0x0000000000000000

clint mtime 0x0000000000000171 (mip.MTI <- 0b1, mip.STI <- 0b0)
mem[X,0x0000000080000B84] -> 0x1F13
mem[X,0x0000000080000B86] -> 0x00BF
[738] [M]: 0x0000000080000B84 (0x00BF1F13) slli x30, x30, 0xb                       inst_75+8
x30 <- 0x0000000000000000

mem[X,0x0000000080000B88] -> 0x0F13
mem[X,0x0000000080000B8A] -> 0x4FFF
[739] [M]: 0x0000000080000B88 (0x4FFF0F13) addi x30, x30, 0x4ff                     inst_75+12
x30 <- 0x00000000000004FF

clint mtime 0x0000000000000172 (mip.MTI <- 0b1, mip.STI <- 0b0)
mem[X,0x0000000080000B8C] -> 0x1F13
mem[X,0x0000000080000B8E] -> 0x00BF
[740] [M]: 0x0000000080000B8C (0x00BF1F13) slli x30, x30, 0xb                       inst_75+16
x30 <- 0x000000000027F800

mem[X,0x0000000080000B90] -> 0x0F13
mem[X,0x0000000080000B92] -> 0x7FFF
[741] [M]: 0x0000000080000B90 (0x7FFF0F13) addi x30, x30, 0x7ff                     inst_75+20
x30 <- 0x000000000027FFFF

clint mtime 0x0000000000000173 (mip.MTI <- 0b1, mip.STI <- 0b0)
mem[X,0x0000000080000B94] -> 0x1F13
mem[X,0x0000000080000B96] -> 0x00AF
[742] [M]: 0x0000000080000B94 (0x00AF1F13) slli x30, x30, 0xa                       inst_75+24
x30 <- 0x000000009FFFFC00

mem[X,0x0000000080000B98] -> 0x0F13
mem[X,0x0000000080000B9A] -> 0x3FFF
[743] [M]: 0x0000000080000B98 (0x3FFF0F13) addi x30, x30, 0x3ff                     inst_75+28
x30 <- 0x000000009FFFFFFF

clint mtime 0x0000000000000174 (mip.MTI <- 0b1, mip.STI <- 0b0)
mem[X,0x0000000080000B9C] -> 0x1F93
mem[X,0x0000000080000B9E] -> 0x289F
[744] [M]: 0x0000000080000B9C (0x289F1F93) bseti x31, x30, 0x9                      inst_75+32
x31 <- 0x000000009FFFFFFF

mem[X,0x0000000080000BA0] -> 0xBC23
mem[X,0x0000000080000BA2] -> 0x17F2
[745] [M]: 0x0000000080000BA0 (0x17F2BC23) sd x31, 0x178(x5)                        inst_75+36
mem[W,0x0000000080004370] <- 0x000000009FFFFFFF

clint mtime 0x0000000000000175 (mip.MTI <- 0b1, mip.STI <- 0b0)
mem[X,0x0000000080000BA4] -> 0x0F37
mem[X,0x0000000080000BA6] -> 0x0000
[746] [M]: 0x0000000080000BA4 (0x00000F37) lui x30, 0x0                             inst_76+0
x30 <- 0x0000000000000000

mem[X,0x0000000080000BA8] -> 0x0F13
mem[X,0x0000000080000BAA] -> 0x000F
[747] [M]: 0x0000000080000BA8 (0x000F0F13) addi x30, x30, 0x0                       inst_76+4
x30 <- 0x0000000000000000

clint mtime 0x0000000000000176 (mip.MTI <- 0b1, mip.STI <- 0b0)
mem[X,0x0000000080000BAC] -> 0x1F13
mem[X,0x0000000080000BAE] -> 0x00BF
[748] [M]: 0x0000000080000BAC (0x00BF1F13) slli x30, x30, 0xb                       inst_76+8
x30 <- 0x0000000000000000

mem[X,0x0000000080000BB0] -> 0x0F13
mem[X,0x0000000080000BB2] -> 0x5FFF
[749] [M]: 0x0000000080000BB0 (0x5FFF0F13) addi x30, x30, 0x5ff                     inst_76+12
x30 <- 0x00000000000005FF

clint mtime 0x0000000000000177 (mip.MTI <- 0b1, mip.STI <- 0b0)
mem[X,0x0000000080000BB4] -> 0x1F13
mem[X,0x0000000080000BB6] -> 0x00BF
[750] [M]: 0x0000000080000BB4 (0x00BF1F13) slli x30, x30, 0xb                       inst_76+16
x30 <- 0x00000000002FF800

mem[X,0x0000000080000BB8] -> 0x0F13
mem[X,0x0000000080000BBA] -> 0x7FFF
[751] [M]: 0x0000000080000BB8 (0x7FFF0F13) addi x30, x30, 0x7ff                     inst_76+20
x30 <- 0x00000000002FFFFF

clint mtime 0x0000000000000178 (mip.MTI <- 0b1, mip.STI <- 0b0)
mem[X,0x0000000080000BBC] -> 0x1F13
mem[X,0x0000000080000BBE] -> 0x00AF
[752] [M]: 0x0000000080000BBC (0x00AF1F13) slli x30, x30, 0xa                       inst_76+24
x30 <- 0x00000000BFFFFC00

mem[X,0x0000000080000BC0] -> 0x0F13
mem[X,0x0000000080000BC2] -> 0x3FFF
[753] [M]: 0x0000000080000BC0 (0x3FFF0F13) addi x30, x30, 0x3ff                     inst_76+28
x30 <- 0x00000000BFFFFFFF

clint mtime 0x0000000000000179 (mip.MTI <- 0b1, mip.STI <- 0b0)
mem[X,0x0000000080000BC4] -> 0x1F93
mem[X,0x0000000080000BC6] -> 0x28EF
[754] [M]: 0x0000000080000BC4 (0x28EF1F93) bseti x31, x30, 0xe                      inst_76+32
x31 <- 0x00000000BFFFFFFF

mem[X,0x0000000080000BC8] -> 0xB023
mem[X,0x0000000080000BCA] -> 0x19F2
[755] [M]: 0x0000000080000BC8 (0x19F2B023) sd x31, 0x180(x5)                        inst_76+36
mem[W,0x0000000080004378] <- 0x00000000BFFFFFFF

clint mtime 0x000000000000017A (mip.MTI <- 0b1, mip.STI <- 0b0)
mem[X,0x0000000080000BCC] -> 0x0F13
mem[X,0x0000000080000BCE] -> 0xFFF0
[756] [M]: 0x0000000080000BCC (0xFFF00F13) addi x30, x0, -0x1                       inst_77+0
x30 <- 0xFFFFFFFFFFFFFFFF

mem[X,0x0000000080000BD0] -> 0x5F13
mem[X,0x0000000080000BD2] -> 0x021F
[757] [M]: 0x0000000080000BD0 (0x021F5F13) srli x30, x30, 0x21                      inst_77+4
x30 <- 0x000000007FFFFFFF

clint mtime 0x000000000000017B (mip.MTI <- 0b1, mip.STI <- 0b0)
mem[X,0x0000000080000BD4] -> 0x1F93
mem[X,0x0000000080000BD6] -> 0x28BF
[758] [M]: 0x0000000080000BD4 (0x28BF1F93) bseti x31, x30, 0xb                      inst_77+8
x31 <- 0x000000007FFFFFFF

mem[X,0x0000000080000BD8] -> 0xB423
mem[X,0x0000000080000BDA] -> 0x19F2
[759] [M]: 0x0000000080000BD8 (0x19F2B423) sd x31, 0x188(x5)                        inst_77+12
mem[W,0x0000000080004380] <- 0x000000007FFFFFFF

clint mtime 0x000000000000017C (mip.MTI <- 0b1, mip.STI <- 0b0)
mem[X,0x0000000080000BDC] -> 0x0F13
mem[X,0x0000000080000BDE] -> 0xFFF0
[760] [M]: 0x0000000080000BDC (0xFFF00F13) addi x30, x0, -0x1                       inst_78+0
x30 <- 0xFFFFFFFFFFFFFFFF

mem[X,0x0000000080000BE0] -> 0x5F13
mem[X,0x0000000080000BE2] -> 0x020F
[761] [M]: 0x0000000080000BE0 (0x020F5F13) srli x30, x30, 0x20                      inst_78+4
x30 <- 0x00000000FFFFFFFF

clint mtime 0x000000000000017D (mip.MTI <- 0b1, mip.STI <- 0b0)
mem[X,0x0000000080000BE4] -> 0x1F93
mem[X,0x0000000080000BE6] -> 0x292F
[762] [M]: 0x0000000080000BE4 (0x292F1F93) bseti x31, x30, 0x12                     inst_78+8
x31 <- 0x00000000FFFFFFFF

mem[X,0x0000000080000BE8] -> 0xB823
mem[X,0x0000000080000BEA] -> 0x19F2
[763] [M]: 0x0000000080000BE8 (0x19F2B823) sd x31, 0x190(x5)                        inst_78+12
mem[W,0x0000000080004388] <- 0x00000000FFFFFFFF

clint mtime 0x000000000000017E (mip.MTI <- 0b1, mip.STI <- 0b0)
mem[X,0x0000000080000BEC] -> 0x0F37
mem[X,0x0000000080000BEE] -> 0x0000
[764] [M]: 0x0000000080000BEC (0x00000F37) lui x30, 0x0                             inst_79+0
x30 <- 0x0000000000000000

mem[X,0x0000000080000BF0] -> 0x0F13
mem[X,0x0000000080000BF2] -> 0x000F
[765] [M]: 0x0000000080000BF0 (0x000F0F13) addi x30, x30, 0x0                       inst_79+4
x30 <- 0x0000000000000000

clint mtime 0x000000000000017F (mip.MTI <- 0b1, mip.STI <- 0b0)
mem[X,0x0000000080000BF4] -> 0x1F13
mem[X,0x0000000080000BF6] -> 0x00BF
[766] [M]: 0x0000000080000BF4 (0x00BF1F13) slli x30, x30, 0xb                       inst_79+8
x30 <- 0x0000000000000000

mem[X,0x0000000080000BF8] -> 0x0F13
mem[X,0x0000000080000BFA] -> 0x0B2F
[767] [M]: 0x0000000080000BF8 (0x0B2F0F13) addi x30, x30, 0xb2                      inst_79+12
x30 <- 0x00000000000000B2

clint mtime 0x0000000000000180 (mip.MTI <- 0b1, mip.STI <- 0b0)
mem[X,0x0000000080000BFC] -> 0x1F13
mem[X,0x0000000080000BFE] -> 0x00BF
[768] [M]: 0x0000000080000BFC (0x00BF1F13) slli x30, x30, 0xb                       inst_79+16
x30 <- 0x0000000000059000

mem[X,0x0000000080000C00] -> 0x0F13
mem[X,0x0000000080000C02] -> 0x3C5F
[769] [M]: 0x0000000080000C00 (0x3C5F0F13) addi x30, x30, 0x3c5                     inst_79+20
x30 <- 0x00000000000593C5

clint mtime 0x0000000000000181 (mip.MTI <- 0b1, mip.STI <- 0b0)
mem[X,0x0000000080000C04] -> 0x1F13
mem[X,0x0000000080000C06] -> 0x00AF
[770] [M]: 0x0000000080000C04 (0x00AF1F13) slli x30, x30, 0xa                       inst_79+24
x30 <- 0x00000000164F1400

mem[X,0x0000000080000C08] -> 0x0F13
mem[X,0x0000000080000C0A] -> 0x113F
[771] [M]: 0x0000000080000C08 (0x113F0F13) addi x30, x30, 0x113                     inst_79+28
x30 <- 0x00000000164F1513

clint mtime 0x0000000000000182 (mip.MTI <- 0b1, mip.STI <- 0b0)
mem[X,0x0000000080000C0C] -> 0x1F93
mem[X,0x0000000080000C0E] -> 0x29BF
[772] [M]: 0x0000000080000C0C (0x29BF1F93) bseti x31, x30, 0x1b                     inst_79+32
x31 <- 0x000000001E4F1513

mem[X,0x0000000080000C10] -> 0xBC23
mem[X,0x0000000080000C12] -> 0x19F2
[773] [M]: 0x0000000080000C10 (0x19F2BC23) sd x31, 0x198(x5)                        inst_79+36
mem[W,0x0000000080004390] <- 0x000000001E4F1513

clint mtime 0x0000000000000183 (mip.MTI <- 0b1, mip.STI <- 0b0)
mem[X,0x0000000080000C14] -> 0x0F37
mem[X,0x0000000080000C16] -> 0x0000
[774] [M]: 0x0000000080000C14 (0x00000F37) lui x30, 0x0                             inst_80+0
x30 <- 0x0000000000000000

mem[X,0x0000000080000C18] -> 0x0F13
mem[X,0x0000000080000C1A] -> 0x000F
[775] [M]: 0x0000000080000C18 (0x000F0F13) addi x30, x30, 0x0                       inst_80+4
x30 <- 0x0000000000000000

clint mtime 0x0000000000000184 (mip.MTI <- 0b1, mip.STI <- 0b0)
mem[X,0x0000000080000C1C] -> 0x1F13
mem[X,0x0000000080000C1E] -> 0x00BF
[776] [M]: 0x0000000080000C1C (0x00BF1F13) slli x30, x30, 0xb                       inst_80+8
x30 <- 0x0000000000000000

mem[X,0x0000000080000C20] -> 0x0F13
mem[X,0x0000000080000C22] -> 0x566F
[777] [M]: 0x0000000080000C20 (0x566F0F13) addi x30, x30, 0x566                     inst_80+12
x30 <- 0x0000000000000566

clint mtime 0x0000000000000185 (mip.MTI <- 0b1, mip.STI <- 0b0)
mem[X,0x0000000080000C24] -> 0x1F13
mem[X,0x0000000080000C26] -> 0x00BF
[778] [M]: 0x0000000080000C24 (0x00BF1F13) slli x30, x30, 0xb                       inst_80+16
x30 <- 0x00000000002B3000

mem[X,0x0000000080000C28] -> 0x0F13
mem[X,0x0000000080000C2A] -> 0x1B6F
[779] [M]: 0x0000000080000C28 (0x1B6F0F13) addi x30, x30, 0x1b6                     inst_80+20
x30 <- 0x00000000002B31B6

clint mtime 0x0000000000000186 (mip.MTI <- 0b1, mip.STI <- 0b0)
mem[X,0x0000000080000C2C] -> 0x1F13
mem[X,0x0000000080000C2E] -> 0x00AF
[780] [M]: 0x0000000080000C2C (0x00AF1F13) slli x30, x30, 0xa                       inst_80+24
x30 <- 0x00000000ACC6D800

mem[X,0x0000000080000C30] -> 0x0F13
mem[X,0x0000000080000C32] -> 0x0F2F
[781] [M]: 0x0000000080000C30 (0x0F2F0F13) addi x30, x30, 0xf2                      inst_80+28
x30 <- 0x00000000ACC6D8F2

clint mtime 0x0000000000000187 (mip.MTI <- 0b1, mip.STI <- 0b0)
mem[X,0x0000000080000C34] -> 0x1F93
mem[X,0x0000000080000C36] -> 0x289F
[782] [M]: 0x0000000080000C34 (0x289F1F93) bseti x31, x30, 0x9                      inst_80+32
x31 <- 0x00000000ACC6DAF2

mem[X,0x0000000080000C38] -> 0xB023
mem[X,0x0000000080000C3A] -> 0x1BF2
[783] [M]: 0x0000000080000C38 (0x1BF2B023) sd x31, 0x1a0(x5)                        inst_80+36
mem[W,0x0000000080004398] <- 0x00000000ACC6DAF2

clint mtime 0x0000000000000188 (mip.MTI <- 0b1, mip.STI <- 0b0)
mem[X,0x0000000080000C3C] -> 0x0F37
mem[X,0x0000000080000C3E] -> 0x0000
[784] [M]: 0x0000000080000C3C (0x00000F37) lui x30, 0x0                             inst_81+0
x30 <- 0x0000000000000000

mem[X,0x0000000080000C40] -> 0x0F13
mem[X,0x0000000080000C42] -> 0x000F
[785] [M]: 0x0000000080000C40 (0x000F0F13) addi x30, x30, 0x0                       inst_81+4
x30 <- 0x0000000000000000

clint mtime 0x0000000000000189 (mip.MTI <- 0b1, mip.STI <- 0b0)
mem[X,0x0000000080000C44] -> 0x1F13
mem[X,0x0000000080000C46] -> 0x00BF
[786] [M]: 0x0000000080000C44 (0x00BF1F13) slli x30, x30, 0xb                       inst_81+8
x30 <- 0x0000000000000000

mem[X,0x0000000080000C48] -> 0x0F13
mem[X,0x0000000080000C4A] -> 0x509F
[787] [M]: 0x0000000080000C48 (0x509F0F13) addi x30, x30, 0x509                     inst_81+12
x30 <- 0x0000000000000509

clint mtime 0x000000000000018A (mip.MTI <- 0b1, mip.STI <- 0b0)
mem[X,0x0000000080000C4C] -> 0x1F13
mem[X,0x0000000080000C4E] -> 0x00BF
[788] [M]: 0x0000000080000C4C (0x00BF1F13) slli x30, x30, 0xb                       inst_81+16
x30 <- 0x0000000000284800

mem[X,0x0000000080000C50] -> 0x0F13
mem[X,0x0000000080000C52] -> 0x0FDF
[789] [M]: 0x0000000080000C50 (0x0FDF0F13) addi x30, x30, 0xfd                      inst_81+20
x30 <- 0x00000000002848FD

clint mtime 0x000000000000018B (mip.MTI <- 0b1, mip.STI <- 0b0)
mem[X,0x0000000080000C54] -> 0x1F13
mem[X,0x0000000080000C56] -> 0x00AF
[790] [M]: 0x0000000080000C54 (0x00AF1F13) slli x30, x30, 0xa                       inst_81+24
x30 <- 0x00000000A123F400

mem[X,0x0000000080000C58] -> 0x0F13
mem[X,0x0000000080000C5A] -> 0x101F
[791] [M]: 0x0000000080000C58 (0x101F0F13) addi x30, x30, 0x101                     inst_81+28
x30 <- 0x00000000A123F501

clint mtime 0x000000000000018C (mip.MTI <- 0b1, mip.STI <- 0b0)
mem[X,0x0000000080000C5C] -> 0x1F93
mem[X,0x0000000080000C5E] -> 0x286F
[792] [M]: 0x0000000080000C5C (0x286F1F93) bseti x31, x30, 0x6                      inst_81+32
x31 <- 0x00000000A123F541

mem[X,0x0000000080000C60] -> 0xB423
mem[X,0x0000000080000C62] -> 0x1BF2
[793] [M]: 0x0000000080000C60 (0x1BF2B423) sd x31, 0x1a8(x5)                        inst_81+36
mem[W,0x00000000800043A0] <- 0x00000000A123F541

clint mtime 0x000000000000018D (mip.MTI <- 0b1, mip.STI <- 0b0)
mem[X,0x0000000080000C64] -> 0x0F37
mem[X,0x0000000080000C66] -> 0x0000
[794] [M]: 0x0000000080000C64 (0x00000F37) lui x30, 0x0                             inst_82+0
x30 <- 0x0000000000000000

mem[X,0x0000000080000C68] -> 0x0F13
mem[X,0x0000000080000C6A] -> 0x000F
[795] [M]: 0x0000000080000C68 (0x000F0F13) addi x30, x30, 0x0                       inst_82+4
x30 <- 0x0000000000000000

clint mtime 0x000000000000018E (mip.MTI <- 0b1, mip.STI <- 0b0)
mem[X,0x0000000080000C6C] -> 0x1F13
mem[X,0x0000000080000C6E] -> 0x00BF
[796] [M]: 0x0000000080000C6C (0x00BF1F13) slli x30, x30, 0xb                       inst_82+8
x30 <- 0x0000000000000000

mem[X,0x0000000080000C70] -> 0x0F13
mem[X,0x0000000080000C72] -> 0x5ABF
[797] [M]: 0x0000000080000C70 (0x5ABF0F13) addi x30, x30, 0x5ab                     inst_82+12
x30 <- 0x00000000000005AB

clint mtime 0x000000000000018F (mip.MTI <- 0b1, mip.STI <- 0b0)
mem[X,0x0000000080000C74] -> 0x1F13
mem[X,0x0000000080000C76] -> 0x00BF
[798] [M]: 0x0000000080000C74 (0x00BF1F13) slli x30, x30, 0xb                       inst_82+16
x30 <- 0x00000000002D5800

mem[X,0x0000000080000C78] -> 0x0F13
mem[X,0x0000000080000C7A] -> 0x69AF
[799] [M]: 0x0000000080000C78 (0x69AF0F13) addi x30, x30, 0x69a                     inst_82+20
x30 <- 0x00000000002D5E9A

clint mtime 0x0000000000000190 (mip.MTI <- 0b1, mip.STI <- 0b0)
mem[X,0x0000000080000C7C] -> 0x1F13
mem[X,0x0000000080000C7E] -> 0x00AF
[800] [M]: 0x0000000080000C7C (0x00AF1F13) slli x30, x30, 0xa                       inst_82+24
x30 <- 0x00000000B57A6800

mem[X,0x0000000080000C80] -> 0x0F13
mem[X,0x0000000080000C82] -> 0x21DF
[801] [M]: 0x0000000080000C80 (0x21DF0F13) addi x30, x30, 0x21d                     inst_82+28
x30 <- 0x00000000B57A6A1D

clint mtime 0x0000000000000191 (mip.MTI <- 0b1, mip.STI <- 0b0)
mem[X,0x0000000080000C84] -> 0x1F93
mem[X,0x0000000080000C86] -> 0x282F
[802] [M]: 0x0000000080000C84 (0x282F1F93) bseti x31, x30, 0x2                      inst_82+32
x31 <- 0x00000000B57A6A1D

mem[X,0x0000000080000C88] -> 0xB823
mem[X,0x0000000080000C8A] -> 0x1BF2
[803] [M]: 0x0000000080000C88 (0x1BF2B823) sd x31, 0x1b0(x5)                        inst_82+36
mem[W,0x00000000800043A8] <- 0x00000000B57A6A1D

clint mtime 0x0000000000000192 (mip.MTI <- 0b1, mip.STI <- 0b0)
mem[X,0x0000000080000C8C] -> 0x0F37
mem[X,0x0000000080000C8E] -> 0x0000
[804] [M]: 0x0000000080000C8C (0x00000F37) lui x30, 0x0                             inst_83+0
x30 <- 0x0000000000000000

mem[X,0x0000000080000C90] -> 0x0F13
mem[X,0x0000000080000C92] -> 0x000F
[805] [M]: 0x0000000080000C90 (0x000F0F13) addi x30, x30, 0x0                       inst_83+4
x30 <- 0x0000000000000000

clint mtime 0x0000000000000193 (mip.MTI <- 0b1, mip.STI <- 0b0)
mem[X,0x0000000080000C94] -> 0x1F13
mem[X,0x0000000080000C96] -> 0x00BF
[806] [M]: 0x0000000080000C94 (0x00BF1F13) slli x30, x30, 0xb                       inst_83+8
x30 <- 0x0000000000000000

mem[X,0x0000000080000C98] -> 0x0F13
mem[X,0x0000000080000C9A] -> 0x748F
[807] [M]: 0x0000000080000C98 (0x748F0F13) addi x30, x30, 0x748                     inst_83+12
x30 <- 0x0000000000000748

clint mtime 0x0000000000000194 (mip.MTI <- 0b1, mip.STI <- 0b0)
mem[X,0x0000000080000C9C] -> 0x1F13
mem[X,0x0000000080000C9E] -> 0x00BF
[808] [M]: 0x0000000080000C9C (0x00BF1F13) slli x30, x30, 0xb                       inst_83+16
x30 <- 0x00000000003A4000

mem[X,0x0000000080000CA0] -> 0x0F13
mem[X,0x0000000080000CA2] -> 0x1E5F
[809] [M]: 0x0000000080000CA0 (0x1E5F0F13) addi x30, x30, 0x1e5                     inst_83+20
x30 <- 0x00000000003A41E5

clint mtime 0x0000000000000195 (mip.MTI <- 0b1, mip.STI <- 0b0)
mem[X,0x0000000080000CA4] -> 0x1F13
mem[X,0x0000000080000CA6] -> 0x00AF
[810] [M]: 0x0000000080000CA4 (0x00AF1F13) slli x30, x30, 0xa                       inst_83+24
x30 <- 0x00000000E9079400

mem[X,0x0000000080000CA8] -> 0x0F13
mem[X,0x0000000080000CAA] -> 0x0DFF
[811] [M]: 0x0000000080000CA8 (0x0DFF0F13) addi x30, x30, 0xdf                      inst_83+28
x30 <- 0x00000000E90794DF

clint mtime 0x0000000000000196 (mip.MTI <- 0b1, mip.STI <- 0b0)
mem[X,0x0000000080000CAC] -> 0x1F93
mem[X,0x0000000080000CAE] -> 0x281F
[812] [M]: 0x0000000080000CAC (0x281F1F93) bseti x31, x30, 0x1                      inst_83+32
x31 <- 0x00000000E90794DF

mem[X,0x0000000080000CB0] -> 0xBC23
mem[X,0x0000000080000CB2] -> 0x1BF2
[813] [M]: 0x0000000080000CB0 (0x1BF2BC23) sd x31, 0x1b8(x5)                        inst_83+36
mem[W,0x00000000800043B0] <- 0x00000000E90794DF

clint mtime 0x0000000000000197 (mip.MTI <- 0b1, mip.STI <- 0b0)
mem[X,0x0000000080000CB4] -> 0x0F37
mem[X,0x0000000080000CB6] -> 0x0000
[814] [M]: 0x0000000080000CB4 (0x00000F37) lui x30, 0x0                             inst_84+0
x30 <- 0x0000000000000000

mem[X,0x0000000080000CB8] -> 0x0F13
mem[X,0x0000000080000CBA] -> 0x000F
[815] [M]: 0x0000000080000CB8 (0x000F0F13) addi x30, x30, 0x0                       inst_84+4
x30 <- 0x0000000000000000

clint mtime 0x0000000000000198 (mip.MTI <- 0b1, mip.STI <- 0b0)
mem[X,0x0000000080000CBC] -> 0x1F13
mem[X,0x0000000080000CBE] -> 0x00BF
[816] [M]: 0x0000000080000CBC (0x00BF1F13) slli x30, x30, 0xb                       inst_84+8
x30 <- 0x0000000000000000

mem[X,0x0000000080000CC0] -> 0x0F13
mem[X,0x0000000080000CC2] -> 0x57AF
[817] [M]: 0x0000000080000CC0 (0x57AF0F13) addi x30, x30, 0x57a                     inst_84+12
x30 <- 0x000000000000057A

clint mtime 0x0000000000000199 (mip.MTI <- 0b1, mip.STI <- 0b0)
mem[X,0x0000000080000CC4] -> 0x1F13
mem[X,0x0000000080000CC6] -> 0x00BF
[818] [M]: 0x0000000080000CC4 (0x00BF1F13) slli x30, x30, 0xb                       inst_84+16
x30 <- 0x00000000002BD000

mem[X,0x0000000080000CC8] -> 0x0F13
mem[X,0x0000000080000CCA] -> 0x55CF
[819] [M]: 0x0000000080000CC8 (0x55CF0F13) addi x30, x30, 0x55c                     inst_84+20
x30 <- 0x00000000002BD55C

clint mtime 0x000000000000019A (mip.MTI <- 0b1, mip.STI <- 0b0)
mem[X,0x0000000080000CCC] -> 0x1F13
mem[X,0x0000000080000CCE] -> 0x00AF
[820] [M]: 0x0000000080000CCC (0x00AF1F13) slli x30, x30, 0xa                       inst_84+24
x30 <- 0x00000000AF557000

mem[X,0x0000000080000CD0] -> 0x0F13
mem[X,0x0000000080000CD2] -> 0x0EEF
[821] [M]: 0x0000000080000CD0 (0x0EEF0F13) addi x30, x30, 0xee                      inst_84+28
x30 <- 0x00000000AF5570EE

clint mtime 0x000000000000019B (mip.MTI <- 0b1, mip.STI <- 0b0)
mem[X,0x0000000080000CD4] -> 0x1F93
mem[X,0x0000000080000CD6] -> 0x280F
[822] [M]: 0x0000000080000CD4 (0x280F1F93) bseti x31, x30, 0x0                      inst_84+32
x31 <- 0x00000000AF5570EF

mem[X,0x0000000080000CD8] -> 0xB023
mem[X,0x0000000080000CDA] -> 0x1DF2
[823] [M]: 0x0000000080000CD8 (0x1DF2B023) sd x31, 0x1c0(x5)                        inst_84+36
mem[W,0x00000000800043B8] <- 0x00000000AF5570EF

clint mtime 0x000000000000019C (mip.MTI <- 0b1, mip.STI <- 0b0)
mem[X,0x0000000080000CDC] -> 0x2F37
mem[X,0x0000000080000CDE] -> 0x7AA1
[824] [M]: 0x0000000080000CDC (0x7AA12F37) lui x30, 0x7aa12                         inst_85+0
x30 <- 0x000000007AA12000

mem[X,0x0000000080000CE0] -> 0x0F13
mem[X,0x0000000080000CE2] -> 0x20FF
[825] [M]: 0x0000000080000CE0 (0x20FF0F13) addi x30, x30, 0x20f                     inst_85+4
x30 <- 0x000000007AA1220F

clint mtime 0x000000000000019D (mip.MTI <- 0b1, mip.STI <- 0b0)
mem[X,0x0000000080000CE4] -> 0x1F13
mem[X,0x0000000080000CE6] -> 0x001F
[826] [M]: 0x0000000080000CE4 (0x001F1F13) slli x30, x30, 0x1                       inst_85+8
x30 <- 0x00000000F542441E

mem[X,0x0000000080000CE8] -> 0x1F93
mem[X,0x0000000080000CEA] -> 0x281F
[827] [M]: 0x0000000080000CE8 (0x281F1F93) bseti x31, x30, 0x1                      inst_85+12
x31 <- 0x00000000F542441E

clint mtime 0x000000000000019E (mip.MTI <- 0b1, mip.STI <- 0b0)
mem[X,0x0000000080000CEC] -> 0xB423
mem[X,0x0000000080000CEE] -> 0x1DF2
[828] [M]: 0x0000000080000CEC (0x1DF2B423) sd x31, 0x1c8(x5)                        inst_85+16
mem[W,0x00000000800043C0] <- 0x00000000F542441E

mem[X,0x0000000080000CF0] -> 0x0F37
mem[X,0x0000000080000CF2] -> 0x0000
[829] [M]: 0x0000000080000CF0 (0x00000F37) lui x30, 0x0                             inst_86+0
x30 <- 0x0000000000000000

clint mtime 0x000000000000019F (mip.MTI <- 0b1, mip.STI <- 0b0)
mem[X,0x0000000080000CF4] -> 0x0F13
mem[X,0x0000000080000CF6] -> 0x000F
[830] [M]: 0x0000000080000CF4 (0x000F0F13) addi x30, x30, 0x0                       inst_86+4
x30 <- 0x0000000000000000

mem[X,0x0000000080000CF8] -> 0x1F13
mem[X,0x0000000080000CFA] -> 0x00BF
[831] [M]: 0x0000000080000CF8 (0x00BF1F13) slli x30, x30, 0xb                       inst_86+8
x30 <- 0x0000000000000000

clint mtime 0x00000000000001A0 (mip.MTI <- 0b1, mip.STI <- 0b0)
mem[X,0x0000000080000CFC] -> 0x0F13
mem[X,0x0000000080000CFE] -> 0x317F
[832] [M]: 0x0000000080000CFC (0x317F0F13) addi x30, x30, 0x317                     inst_86+12
x30 <- 0x0000000000000317

mem[X,0x0000000080000D00] -> 0x1F13
mem[X,0x0000000080000D02] -> 0x00BF
[833] [M]: 0x0000000080000D00 (0x00BF1F13) slli x30, x30, 0xb                       inst_86+16
x30 <- 0x000000000018B800

clint mtime 0x00000000000001A1 (mip.MTI <- 0b1, mip.STI <- 0b0)
mem[X,0x0000000080000D04] -> 0x0F13
mem[X,0x0000000080000D06] -> 0x4A3F
[834] [M]: 0x0000000080000D04 (0x4A3F0F13) addi x30, x30, 0x4a3                     inst_86+20
x30 <- 0x000000000018BCA3

mem[X,0x0000000080000D08] -> 0x1F13
mem[X,0x0000000080000D0A] -> 0x00AF
[835] [M]: 0x0000000080000D08 (0x00AF1F13) slli x30, x30, 0xa                       inst_86+24
x30 <- 0x0000000062F28C00

clint mtime 0x00000000000001A2 (mip.MTI <- 0b1, mip.STI <- 0b0)
mem[X,0x0000000080000D0C] -> 0x0F13
mem[X,0x0000000080000D0E] -> 0x11BF
[836] [M]: 0x0000000080000D0C (0x11BF0F13) addi x30, x30, 0x11b                     inst_86+28
x30 <- 0x0000000062F28D1B

mem[X,0x0000000080000D10] -> 0x1F93
mem[X,0x0000000080000D12] -> 0x284F
[837] [M]: 0x0000000080000D10 (0x284F1F93) bseti x31, x30, 0x4                      inst_86+32
x31 <- 0x0000000062F28D1B

clint mtime 0x00000000000001A3 (mip.MTI <- 0b1, mip.STI <- 0b0)
mem[X,0x0000000080000D14] -> 0xB823
mem[X,0x0000000080000D16] -> 0x1DF2
[838] [M]: 0x0000000080000D14 (0x1DF2B823) sd x31, 0x1d0(x5)                        inst_86+36
mem[W,0x00000000800043C8] <- 0x0000000062F28D1B

mem[X,0x0000000080000D18] -> 0x0F37
mem[X,0x0000000080000D1A] -> 0x0000
[839] [M]: 0x0000000080000D18 (0x00000F37) lui x30, 0x0                             inst_87+0
x30 <- 0x0000000000000000

clint mtime 0x00000000000001A4 (mip.MTI <- 0b1, mip.STI <- 0b0)
mem[X,0x0000000080000D1C] -> 0x0F13
mem[X,0x0000000080000D1E] -> 0x000F
[840] [M]: 0x0000000080000D1C (0x000F0F13) addi x30, x30, 0x0                       inst_87+4
x30 <- 0x0000000000000000

mem[X,0x0000000080000D20] -> 0x1F13
mem[X,0x0000000080000D22] -> 0x00BF
[841] [M]: 0x0000000080000D20 (0x00BF1F13) slli x30, x30, 0xb                       inst_87+8
x30 <- 0x0000000000000000

clint mtime 0x00000000000001A5 (mip.MTI <- 0b1, mip.STI <- 0b0)
mem[X,0x0000000080000D24] -> 0x0F13
mem[X,0x0000000080000D26] -> 0x1C5F
[842] [M]: 0x0000000080000D24 (0x1C5F0F13) addi x30, x30, 0x1c5                     inst_87+12
x30 <- 0x00000000000001C5

mem[X,0x0000000080000D28] -> 0x1F13
mem[X,0x0000000080000D2A] -> 0x00BF
[843] [M]: 0x0000000080000D28 (0x00BF1F13) slli x30, x30, 0xb                       inst_87+16
x30 <- 0x00000000000E2800

clint mtime 0x00000000000001A6 (mip.MTI <- 0b1, mip.STI <- 0b0)
mem[X,0x0000000080000D2C] -> 0x0F13
mem[X,0x0000000080000D2E] -> 0x66DF
[844] [M]: 0x0000000080000D2C (0x66DF0F13) addi x30, x30, 0x66d                     inst_87+20
x30 <- 0x00000000000E2E6D

mem[X,0x0000000080000D30] -> 0x1F13
mem[X,0x0000000080000D32] -> 0x00AF
[845] [M]: 0x0000000080000D30 (0x00AF1F13) slli x30, x30, 0xa                       inst_87+24
x30 <- 0x0000000038B9B400

clint mtime 0x00000000000001A7 (mip.MTI <- 0b1, mip.STI <- 0b0)
mem[X,0x0000000080000D34] -> 0x0F13
mem[X,0x0000000080000D36] -> 0x05DF
[846] [M]: 0x0000000080000D34 (0x05DF0F13) addi x30, x30, 0x5d                      inst_87+28
x30 <- 0x0000000038B9B45D

mem[X,0x0000000080000D38] -> 0x1F93
mem[X,0x0000000080000D3A] -> 0x292F
[847] [M]: 0x0000000080000D38 (0x292F1F93) bseti x31, x30, 0x12                     inst_87+32
x31 <- 0x0000000038BDB45D

clint mtime 0x00000000000001A8 (mip.MTI <- 0b1, mip.STI <- 0b0)
mem[X,0x0000000080000D3C] -> 0xBC23
mem[X,0x0000000080000D3E] -> 0x1DF2
[848] [M]: 0x0000000080000D3C (0x1DF2BC23) sd x31, 0x1d8(x5)                        inst_87+36
mem[W,0x00000000800043D0] <- 0x0000000038BDB45D

mem[X,0x0000000080000D40] -> 0x0F37
mem[X,0x0000000080000D42] -> 0x0000
[849] [M]: 0x0000000080000D40 (0x00000F37) lui x30, 0x0                             inst_88+0
x30 <- 0x0000000000000000

clint mtime 0x00000000000001A9 (mip.MTI <- 0b1, mip.STI <- 0b0)
mem[X,0x0000000080000D44] -> 0x0F13
mem[X,0x0000000080000D46] -> 0x000F
[850] [M]: 0x0000000080000D44 (0x000F0F13) addi x30, x30, 0x0                       inst_88+4
x30 <- 0x0000000000000000

mem[X,0x0000000080000D48] -> 0x1F13
mem[X,0x0000000080000D4A] -> 0x00BF
[851] [M]: 0x0000000080000D48 (0x00BF1F13) slli x30, x30, 0xb                       inst_88+8
x30 <- 0x0000000000000000

clint mtime 0x00000000000001AA (mip.MTI <- 0b1, mip.STI <- 0b0)
mem[X,0x0000000080000D4C] -> 0x0F13
mem[X,0x0000000080000D4E] -> 0x0B4F
[852] [M]: 0x0000000080000D4C (0x0B4F0F13) addi x30, x30, 0xb4                      inst_88+12
x30 <- 0x00000000000000B4

mem[X,0x0000000080000D50] -> 0x1F13
mem[X,0x0000000080000D52] -> 0x00BF
[853] [M]: 0x0000000080000D50 (0x00BF1F13) slli x30, x30, 0xb                       inst_88+16
x30 <- 0x000000000005A000

clint mtime 0x00000000000001AB (mip.MTI <- 0b1, mip.STI <- 0b0)
mem[X,0x0000000080000D54] -> 0x0F13
mem[X,0x0000000080000D56] -> 0x026F
[854] [M]: 0x0000000080000D54 (0x026F0F13) addi x30, x30, 0x26                      inst_88+20
x30 <- 0x000000000005A026

mem[X,0x0000000080000D58] -> 0x1F13
mem[X,0x0000000080000D5A] -> 0x00AF
[855] [M]: 0x0000000080000D58 (0x00AF1F13) slli x30, x30, 0xa                       inst_88+24
x30 <- 0x0000000016809800

clint mtime 0x00000000000001AC (mip.MTI <- 0b1, mip.STI <- 0b0)
mem[X,0x0000000080000D5C] -> 0x0F13
mem[X,0x0000000080000D5E] -> 0x212F
[856] [M]: 0x0000000080000D5C (0x212F0F13) addi x30, x30, 0x212                     inst_88+28
x30 <- 0x0000000016809A12

mem[X,0x0000000080000D60] -> 0x1F93
mem[X,0x0000000080000D62] -> 0x286F
[857] [M]: 0x0000000080000D60 (0x286F1F93) bseti x31, x30, 0x6                      inst_88+32
x31 <- 0x0000000016809A52

clint mtime 0x00000000000001AD (mip.MTI <- 0b1, mip.STI <- 0b0)
mem[X,0x0000000080000D64] -> 0xB023
mem[X,0x0000000080000D66] -> 0x1FF2
[858] [M]: 0x0000000080000D64 (0x1FF2B023) sd x31, 0x1e0(x5)                        inst_88+36
mem[W,0x00000000800043D8] <- 0x0000000016809A52

mem[X,0x0000000080000D68] -> 0xAF37
mem[X,0x0000000080000D6A] -> 0x0082
[859] [M]: 0x0000000080000D68 (0x0082AF37) lui x30, 0x82a                           inst_89+0
x30 <- 0x000000000082A000

clint mtime 0x00000000000001AE (mip.MTI <- 0b1, mip.STI <- 0b0)
mem[X,0x0000000080000D6C] -> 0x0F13
mem[X,0x0000000080000D6E] -> 0x175F
[860] [M]: 0x0000000080000D6C (0x175F0F13) addi x30, x30, 0x175                     inst_89+4
x30 <- 0x000000000082A175

mem[X,0x0000000080000D70] -> 0x1F13
mem[X,0x0000000080000D72] -> 0x004F
[861] [M]: 0x0000000080000D70 (0x004F1F13) slli x30, x30, 0x4                       inst_89+8
x30 <- 0x00000000082A1750

clint mtime 0x00000000000001AF (mip.MTI <- 0b1, mip.STI <- 0b0)
mem[X,0x0000000080000D74] -> 0x1F93
mem[X,0x0000000080000D76] -> 0x286F
[862] [M]: 0x0000000080000D74 (0x286F1F93) bseti x31, x30, 0x6                      inst_89+12
x31 <- 0x00000000082A1750

mem[X,0x0000000080000D78] -> 0xB423
mem[X,0x0000000080000D7A] -> 0x1FF2
[863] [M]: 0x0000000080000D78 (0x1FF2B423) sd x31, 0x1e8(x5)                        inst_89+16
mem[W,0x00000000800043E0] <- 0x00000000082A1750

clint mtime 0x00000000000001B0 (mip.MTI <- 0b1, mip.STI <- 0b0)
mem[X,0x0000000080000D7C] -> 0x0F37
mem[X,0x0000000080000D7E] -> 0x0000
[864] [M]: 0x0000000080000D7C (0x00000F37) lui x30, 0x0                             inst_90+0
x30 <- 0x0000000000000000

mem[X,0x0000000080000D80] -> 0x0F13
mem[X,0x0000000080000D82] -> 0x000F
[865] [M]: 0x0000000080000D80 (0x000F0F13) addi x30, x30, 0x0                       inst_90+4
x30 <- 0x0000000000000000

clint mtime 0x00000000000001B1 (mip.MTI <- 0b1, mip.STI <- 0b0)
mem[X,0x0000000080000D84] -> 0x1F13
mem[X,0x0000000080000D86] -> 0x00BF
[866] [M]: 0x0000000080000D84 (0x00BF1F13) slli x30, x30, 0xb                       inst_90+8
x30 <- 0x0000000000000000

mem[X,0x0000000080000D88] -> 0x0F13
mem[X,0x0000000080000D8A] -> 0x03CF
[867] [M]: 0x0000000080000D88 (0x03CF0F13) addi x30, x30, 0x3c                      inst_90+12
x30 <- 0x000000000000003C

clint mtime 0x00000000000001B2 (mip.MTI <- 0b1, mip.STI <- 0b0)
mem[X,0x0000000080000D8C] -> 0x1F13
mem[X,0x0000000080000D8E] -> 0x00BF
[868] [M]: 0x0000000080000D8C (0x00BF1F13) slli x30, x30, 0xb                       inst_90+16
x30 <- 0x000000000001E000

mem[X,0x0000000080000D90] -> 0x0F13
mem[X,0x0000000080000D92] -> 0x774F
[869] [M]: 0x0000000080000D90 (0x774F0F13) addi x30, x30, 0x774                     inst_90+20
x30 <- 0x000000000001E774

clint mtime 0x00000000000001B3 (mip.MTI <- 0b1, mip.STI <- 0b0)
mem[X,0x0000000080000D94] -> 0x1F13
mem[X,0x0000000080000D96] -> 0x00AF
[870] [M]: 0x0000000080000D94 (0x00AF1F13) slli x30, x30, 0xa                       inst_90+24
x30 <- 0x00000000079DD000

mem[X,0x0000000080000D98] -> 0x0F13
mem[X,0x0000000080000D9A] -> 0x25BF
[871] [M]: 0x0000000080000D98 (0x25BF0F13) addi x30, x30, 0x25b                     inst_90+28
x30 <- 0x00000000079DD25B

clint mtime 0x00000000000001B4 (mip.MTI <- 0b1, mip.STI <- 0b0)
mem[X,0x0000000080000D9C] -> 0x1F93
mem[X,0x0000000080000D9E] -> 0x284F
[872] [M]: 0x0000000080000D9C (0x284F1F93) bseti x31, x30, 0x4                      inst_90+32
x31 <- 0x00000000079DD25B

mem[X,0x0000000080000DA0] -> 0xB823
mem[X,0x0000000080000DA2] -> 0x1FF2
[873] [M]: 0x0000000080000DA0 (0x1FF2B823) sd x31, 0x1f0(x5)                        inst_90+36
mem[W,0x00000000800043E8] <- 0x00000000079DD25B

clint mtime 0x00000000000001B5 (mip.MTI <- 0b1, mip.STI <- 0b0)
mem[X,0x0000000080000DA4] -> 0x0F37
mem[X,0x0000000080000DA6] -> 0x0000
[874] [M]: 0x0000000080000DA4 (0x00000F37) lui x30, 0x0                             inst_91+0
x30 <- 0x0000000000000000

mem[X,0x0000000080000DA8] -> 0x0F13
mem[X,0x0000000080000DAA] -> 0x000F
[875] [M]: 0x0000000080000DA8 (0x000F0F13) addi x30, x30, 0x0                       inst_91+4
x30 <- 0x0000000000000000

clint mtime 0x00000000000001B6 (mip.MTI <- 0b1, mip.STI <- 0b0)
mem[X,0x0000000080000DAC] -> 0x1F13
mem[X,0x0000000080000DAE] -> 0x00BF
[876] [M]: 0x0000000080000DAC (0x00BF1F13) slli x30, x30, 0xb                       inst_91+8
x30 <- 0x0000000000000000

mem[X,0x0000000080000DB0] -> 0x0F13
mem[X,0x0000000080000DB2] -> 0x01AF
[877] [M]: 0x0000000080000DB0 (0x01AF0F13) addi x30, x30, 0x1a                      inst_91+12
x30 <- 0x000000000000001A

clint mtime 0x00000000000001B7 (mip.MTI <- 0b1, mip.STI <- 0b0)
mem[X,0x0000000080000DB4] -> 0x1F13
mem[X,0x0000000080000DB6] -> 0x00BF
[878] [M]: 0x0000000080000DB4 (0x00BF1F13) slli x30, x30, 0xb                       inst_91+16
x30 <- 0x000000000000D000

mem[X,0x0000000080000DB8] -> 0x0F13
mem[X,0x0000000080000DBA] -> 0x31AF
[879] [M]: 0x0000000080000DB8 (0x31AF0F13) addi x30, x30, 0x31a                     inst_91+20
x30 <- 0x000000000000D31A

clint mtime 0x00000000000001B8 (mip.MTI <- 0b1, mip.STI <- 0b0)
mem[X,0x0000000080000DBC] -> 0x1F13
mem[X,0x0000000080000DBE] -> 0x00AF
[880] [M]: 0x0000000080000DBC (0x00AF1F13) slli x30, x30, 0xa                       inst_91+24
x30 <- 0x00000000034C6800

mem[X,0x0000000080000DC0] -> 0x0F13
mem[X,0x0000000080000DC2] -> 0x07BF
[881] [M]: 0x0000000080000DC0 (0x07BF0F13) addi x30, x30, 0x7b                      inst_91+28
x30 <- 0x00000000034C687B

clint mtime 0x00000000000001B9 (mip.MTI <- 0b1, mip.STI <- 0b0)
mem[X,0x0000000080000DC4] -> 0x1F93
mem[X,0x0000000080000DC6] -> 0x292F
[882] [M]: 0x0000000080000DC4 (0x292F1F93) bseti x31, x30, 0x12                     inst_91+32
x31 <- 0x00000000034C687B

mem[X,0x0000000080000DC8] -> 0xBC23
mem[X,0x0000000080000DCA] -> 0x1FF2
[883] [M]: 0x0000000080000DC8 (0x1FF2BC23) sd x31, 0x1f8(x5)                        inst_91+36
mem[W,0x00000000800043F0] <- 0x00000000034C687B

clint mtime 0x00000000000001BA (mip.MTI <- 0b1, mip.STI <- 0b0)
mem[X,0x0000000080000DCC] -> 0x0F37
mem[X,0x0000000080000DCE] -> 0x0000
[884] [M]: 0x0000000080000DCC (0x00000F37) lui x30, 0x0                             inst_92+0
x30 <- 0x0000000000000000

mem[X,0x0000000080000DD0] -> 0x0F13
mem[X,0x0000000080000DD2] -> 0x000F
[885] [M]: 0x0000000080000DD0 (0x000F0F13) addi x30, x30, 0x0                       inst_92+4
x30 <- 0x0000000000000000

clint mtime 0x00000000000001BB (mip.MTI <- 0b1, mip.STI <- 0b0)
mem[X,0x0000000080000DD4] -> 0x1F13
mem[X,0x0000000080000DD6] -> 0x00BF
[886] [M]: 0x0000000080000DD4 (0x00BF1F13) slli x30, x30, 0xb                       inst_92+8
x30 <- 0x0000000000000000

mem[X,0x0000000080000DD8] -> 0x0F13
mem[X,0x0000000080000DDA] -> 0x00DF
[887] [M]: 0x0000000080000DD8 (0x00DF0F13) addi x30, x30, 0xd                       inst_92+12
x30 <- 0x000000000000000D

clint mtime 0x00000000000001BC (mip.MTI <- 0b1, mip.STI <- 0b0)
mem[X,0x0000000080000DDC] -> 0x1F13
mem[X,0x0000000080000DDE] -> 0x00BF
[888] [M]: 0x0000000080000DDC (0x00BF1F13) slli x30, x30, 0xb                       inst_92+16
x30 <- 0x0000000000006800

mem[X,0x0000000080000DE0] -> 0x0F13
mem[X,0x0000000080000DE2] -> 0x580F
[889] [M]: 0x0000000080000DE0 (0x580F0F13) addi x30, x30, 0x580                     inst_92+20
x30 <- 0x0000000000006D80

clint mtime 0x00000000000001BD (mip.MTI <- 0b1, mip.STI <- 0b0)
mem[X,0x0000000080000DE4] -> 0x1F13
mem[X,0x0000000080000DE6] -> 0x00AF
[890] [M]: 0x0000000080000DE4 (0x00AF1F13) slli x30, x30, 0xa                       inst_92+24
x30 <- 0x0000000001B60000

mem[X,0x0000000080000DE8] -> 0x0F13
mem[X,0x0000000080000DEA] -> 0x1FDF
[891] [M]: 0x0000000080000DE8 (0x1FDF0F13) addi x30, x30, 0x1fd                     inst_92+28
x30 <- 0x0000000001B601FD

clint mtime 0x00000000000001BE (mip.MTI <- 0b1, mip.STI <- 0b0)
mem[X,0x0000000080000DEC] -> 0x1F93
mem[X,0x0000000080000DEE] -> 0x28EF
[892] [M]: 0x0000000080000DEC (0x28EF1F93) bseti x31, x30, 0xe                      inst_92+32
x31 <- 0x0000000001B641FD

mem[X,0x0000000080000DF0] -> 0xB023
mem[X,0x0000000080000DF2] -> 0x21F2
[893] [M]: 0x0000000080000DF0 (0x21F2B023) sd x31, 0x200(x5)                        inst_92+36
mem[W,0x00000000800043F8] <- 0x0000000001B641FD

clint mtime 0x00000000000001BF (mip.MTI <- 0b1, mip.STI <- 0b0)
mem[X,0x0000000080000DF4] -> 0x0F37
mem[X,0x0000000080000DF6] -> 0x0000
[894] [M]: 0x0000000080000DF4 (0x00000F37) lui x30, 0x0                             inst_93+0
x30 <- 0x0000000000000000

mem[X,0x0000000080000DF8] -> 0x0F13
mem[X,0x0000000080000DFA] -> 0x000F
[895] [M]: 0x0000000080000DF8 (0x000F0F13) addi x30, x30, 0x0                       inst_93+4
x30 <- 0x0000000000000000

clint mtime 0x00000000000001C0 (mip.MTI <- 0b1, mip.STI <- 0b0)
mem[X,0x0000000080000DFC] -> 0x1F13
mem[X,0x0000000080000DFE] -> 0x00BF
[896] [M]: 0x0000000080000DFC (0x00BF1F13) slli x30, x30, 0xb                       inst_93+8
x30 <- 0x0000000000000000

mem[X,0x0000000080000E00] -> 0x0F13
mem[X,0x0000000080000E02] -> 0x005F
[897] [M]: 0x0000000080000E00 (0x005F0F13) addi x30, x30, 0x5                       inst_93+12
x30 <- 0x0000000000000005

clint mtime 0x00000000000001C1 (mip.MTI <- 0b1, mip.STI <- 0b0)
mem[X,0x0000000080000E04] -> 0x1F13
mem[X,0x0000000080000E06] -> 0x00BF
[898] [M]: 0x0000000080000E04 (0x00BF1F13) slli x30, x30, 0xb                       inst_93+16
x30 <- 0x0000000000002800

mem[X,0x0000000080000E08] -> 0x0F13
mem[X,0x0000000080000E0A] -> 0x4C0F
[899] [M]: 0x0000000080000E08 (0x4C0F0F13) addi x30, x30, 0x4c0                     inst_93+20
x30 <- 0x0000000000002CC0

clint mtime 0x00000000000001C2 (mip.MTI <- 0b1, mip.STI <- 0b0)
mem[X,0x0000000080000E0C] -> 0x1F13
mem[X,0x0000000080000E0E] -> 0x00AF
[900] [M]: 0x0000000080000E0C (0x00AF1F13) slli x30, x30, 0xa                       inst_93+24
x30 <- 0x0000000000B30000

mem[X,0x0000000080000E10] -> 0x0F13
mem[X,0x0000000080000E12] -> 0x2FDF
[901] [M]: 0x0000000080000E10 (0x2FDF0F13) addi x30, x30, 0x2fd                     inst_93+28
x30 <- 0x0000000000B302FD

clint mtime 0x00000000000001C3 (mip.MTI <- 0b1, mip.STI <- 0b0)
mem[X,0x0000000080000E14] -> 0x1F93
mem[X,0x0000000080000E16] -> 0x290F
[902] [M]: 0x0000000080000E14 (0x290F1F93) bseti x31, x30, 0x10                     inst_93+32
x31 <- 0x0000000000B302FD

mem[X,0x0000000080000E18] -> 0xB423
mem[X,0x0000000080000E1A] -> 0x21F2
[903] [M]: 0x0000000080000E18 (0x21F2B423) sd x31, 0x208(x5)                        inst_93+36
mem[W,0x0000000080004400] <- 0x0000000000B302FD

clint mtime 0x00000000000001C4 (mip.MTI <- 0b1, mip.STI <- 0b0)
mem[X,0x0000000080000E1C] -> 0x0F37
mem[X,0x0000000080000E1E] -> 0x0000
[904] [M]: 0x0000000080000E1C (0x00000F37) lui x30, 0x0                             inst_94+0
x30 <- 0x0000000000000000

mem[X,0x0000000080000E20] -> 0x0F13
mem[X,0x0000000080000E22] -> 0x000F
[905] [M]: 0x0000000080000E20 (0x000F0F13) addi x30, x30, 0x0                       inst_94+4
x30 <- 0x0000000000000000

clint mtime 0x00000000000001C5 (mip.MTI <- 0b1, mip.STI <- 0b0)
mem[X,0x0000000080000E24] -> 0x1F13
mem[X,0x0000000080000E26] -> 0x00BF
[906] [M]: 0x0000000080000E24 (0x00BF1F13) slli x30, x30, 0xb                       inst_94+8
x30 <- 0x0000000000000000

mem[X,0x0000000080000E28] -> 0x0F13
mem[X,0x0000000080000E2A] -> 0x003F
[907] [M]: 0x0000000080000E28 (0x003F0F13) addi x30, x30, 0x3                       inst_94+12
x30 <- 0x0000000000000003

clint mtime 0x00000000000001C6 (mip.MTI <- 0b1, mip.STI <- 0b0)
mem[X,0x0000000080000E2C] -> 0x1F13
mem[X,0x0000000080000E2E] -> 0x00BF
[908] [M]: 0x0000000080000E2C (0x00BF1F13) slli x30, x30, 0xb                       inst_94+16
x30 <- 0x0000000000001800

mem[X,0x0000000080000E30] -> 0x0F13
mem[X,0x0000000080000E32] -> 0x0A9F
[909] [M]: 0x0000000080000E30 (0x0A9F0F13) addi x30, x30, 0xa9                      inst_94+20
x30 <- 0x00000000000018A9

clint mtime 0x00000000000001C7 (mip.MTI <- 0b1, mip.STI <- 0b0)
mem[X,0x0000000080000E34] -> 0x1F13
mem[X,0x0000000080000E36] -> 0x00AF
[910] [M]: 0x0000000080000E34 (0x00AF1F13) slli x30, x30, 0xa                       inst_94+24
x30 <- 0x000000000062A400

mem[X,0x0000000080000E38] -> 0x0F13
mem[X,0x0000000080000E3A] -> 0x2B3F
[911] [M]: 0x0000000080000E38 (0x2B3F0F13) addi x30, x30, 0x2b3                     inst_94+28
x30 <- 0x000000000062A6B3

clint mtime 0x00000000000001C8 (mip.MTI <- 0b1, mip.STI <- 0b0)
mem[X,0x0000000080000E3C] -> 0x1F93
mem[X,0x0000000080000E3E] -> 0x285F
[912] [M]: 0x0000000080000E3C (0x285F1F93) bseti x31, x30, 0x5                      inst_94+32
x31 <- 0x000000000062A6B3

mem[X,0x0000000080000E40] -> 0xB823
mem[X,0x0000000080000E42] -> 0x21F2
[913] [M]: 0x0000000080000E40 (0x21F2B823) sd x31, 0x210(x5)                        inst_94+36
mem[W,0x0000000080004408] <- 0x000000000062A6B3

clint mtime 0x00000000000001C9 (mip.MTI <- 0b1, mip.STI <- 0b0)
mem[X,0x0000000080000E44] -> 0x7F37
mem[X,0x0000000080000E46] -> 0x0006
[914] [M]: 0x0000000080000E44 (0x00067F37) lui x30, 0x67                            inst_95+0
x30 <- 0x0000000000067000

mem[X,0x0000000080000E48] -> 0x0F13
mem[X,0x0000000080000E4A] -> 0x247F
[915] [M]: 0x0000000080000E48 (0x247F0F13) addi x30, x30, 0x247                     inst_95+4
x30 <- 0x0000000000067247

clint mtime 0x00000000000001CA (mip.MTI <- 0b1, mip.STI <- 0b0)
mem[X,0x0000000080000E4C] -> 0x1F13
mem[X,0x0000000080000E4E] -> 0x003F
[916] [M]: 0x0000000080000E4C (0x003F1F13) slli x30, x30, 0x3                       inst_95+8
x30 <- 0x0000000000339238

mem[X,0x0000000080000E50] -> 0x1F93
mem[X,0x0000000080000E52] -> 0x291F
[917] [M]: 0x0000000080000E50 (0x291F1F93) bseti x31, x30, 0x11                     inst_95+12
x31 <- 0x0000000000339238

clint mtime 0x00000000000001CB (mip.MTI <- 0b1, mip.STI <- 0b0)
mem[X,0x0000000080000E54] -> 0xBC23
mem[X,0x0000000080000E56] -> 0x21F2
[918] [M]: 0x0000000080000E54 (0x21F2BC23) sd x31, 0x218(x5)                        inst_95+16
mem[W,0x0000000080004410] <- 0x0000000000339238

mem[X,0x0000000080000E58] -> 0x6F37
mem[X,0x0000000080000E5A] -> 0x0001
[919] [M]: 0x0000000080000E58 (0x00016F37) lui x30, 0x16                            inst_96+0
x30 <- 0x0000000000016000

clint mtime 0x00000000000001CC (mip.MTI <- 0b1, mip.STI <- 0b0)
mem[X,0x0000000080000E5C] -> 0x0F13
mem[X,0x0000000080000E5E] -> 0x4AFF
[920] [M]: 0x0000000080000E5C (0x4AFF0F13) addi x30, x30, 0x4af                     inst_96+4
x30 <- 0x00000000000164AF

mem[X,0x0000000080000E60] -> 0x1F13
mem[X,0x0000000080000E62] -> 0x004F
[921] [M]: 0x0000000080000E60 (0x004F1F13) slli x30, x30, 0x4                       inst_96+8
x30 <- 0x0000000000164AF0

clint mtime 0x00000000000001CD (mip.MTI <- 0b1, mip.STI <- 0b0)
mem[X,0x0000000080000E64] -> 0x1F93
mem[X,0x0000000080000E66] -> 0x285F
[922] [M]: 0x0000000080000E64 (0x285F1F93) bseti x31, x30, 0x5                      inst_96+12
x31 <- 0x0000000000164AF0

mem[X,0x0000000080000E68] -> 0xB023
mem[X,0x0000000080000E6A] -> 0x23F2
[923] [M]: 0x0000000080000E68 (0x23F2B023) sd x31, 0x220(x5)                        inst_96+16
mem[W,0x0000000080004418] <- 0x0000000000164AF0

clint mtime 0x00000000000001CE (mip.MTI <- 0b1, mip.STI <- 0b0)
mem[X,0x0000000080000E6C] -> 0x9F37
mem[X,0x0000000080000E6E] -> 0x0004
[924] [M]: 0x0000000080000E6C (0x00049F37) lui x30, 0x49                            inst_97+0
x30 <- 0x0000000000049000

mem[X,0x0000000080000E70] -> 0x0F13
mem[X,0x0000000080000E72] -> 0x115F
[925] [M]: 0x0000000080000E70 (0x115F0F13) addi x30, x30, 0x115                     inst_97+4
x30 <- 0x0000000000049115

clint mtime 0x00000000000001CF (mip.MTI <- 0b1, mip.STI <- 0b0)
mem[X,0x0000000080000E74] -> 0x1F13
mem[X,0x0000000080000E76] -> 0x001F
[926] [M]: 0x0000000080000E74 (0x001F1F13) slli x30, x30, 0x1                       inst_97+8
x30 <- 0x000000000009222A

mem[X,0x0000000080000E78] -> 0x1F93
mem[X,0x0000000080000E7A] -> 0x280F
[927] [M]: 0x0000000080000E78 (0x280F1F93) bseti x31, x30, 0x0                      inst_97+12
x31 <- 0x000000000009222B

clint mtime 0x00000000000001D0 (mip.MTI <- 0b1, mip.STI <- 0b0)
mem[X,0x0000000080000E7C] -> 0xB423
mem[X,0x0000000080000E7E] -> 0x23F2
[928] [M]: 0x0000000080000E7C (0x23F2B423) sd x31, 0x228(x5)                        inst_97+16
mem[W,0x0000000080004420] <- 0x000000000009222B

mem[X,0x0000000080000E80] -> 0x1F37
mem[X,0x0000000080000E82] -> 0x0003
[929] [M]: 0x0000000080000E80 (0x00031F37) lui x30, 0x31                            inst_98+0
x30 <- 0x0000000000031000

clint mtime 0x00000000000001D1 (mip.MTI <- 0b1, mip.STI <- 0b0)
mem[X,0x0000000080000E84] -> 0x0F13
mem[X,0x0000000080000E86] -> 0x427F
[930] [M]: 0x0000000080000E84 (0x427F0F13) addi x30, x30, 0x427                     inst_98+4
x30 <- 0x0000000000031427

mem[X,0x0000000080000E88] -> 0x1F13
mem[X,0x0000000080000E8A] -> 0x001F
[931] [M]: 0x0000000080000E88 (0x001F1F13) slli x30, x30, 0x1                       inst_98+8
x30 <- 0x000000000006284E

clint mtime 0x00000000000001D2 (mip.MTI <- 0b1, mip.STI <- 0b0)
mem[X,0x0000000080000E8C] -> 0x1F93
mem[X,0x0000000080000E8E] -> 0x292F
[932] [M]: 0x0000000080000E8C (0x292F1F93) bseti x31, x30, 0x12                     inst_98+12
x31 <- 0x000000000006284E

mem[X,0x0000000080000E90] -> 0xB823
mem[X,0x0000000080000E92] -> 0x23F2
[933] [M]: 0x0000000080000E90 (0x23F2B823) sd x31, 0x230(x5)                        inst_98+16
mem[W,0x0000000080004428] <- 0x000000000006284E

clint mtime 0x00000000000001D3 (mip.MTI <- 0b1, mip.STI <- 0b0)
mem[X,0x0000000080000E94] -> 0x0F37
mem[X,0x0000000080000E96] -> 0x0000
[934] [M]: 0x0000000080000E94 (0x00000F37) lui x30, 0x0                             inst_99+0
x30 <- 0x0000000000000000

mem[X,0x0000000080000E98] -> 0x0F13
mem[X,0x0000000080000E9A] -> 0x000F
[935] [M]: 0x0000000080000E98 (0x000F0F13) addi x30, x30, 0x0                       inst_99+4
x30 <- 0x0000000000000000

clint mtime 0x00000000000001D4 (mip.MTI <- 0b1, mip.STI <- 0b0)
mem[X,0x0000000080000E9C] -> 0x1F13
mem[X,0x0000000080000E9E] -> 0x00BF
[936] [M]: 0x0000000080000E9C (0x00BF1F13) slli x30, x30, 0xb                       inst_99+8
x30 <- 0x0000000000000000

mem[X,0x0000000080000EA0] -> 0x0F13
mem[X,0x0000000080000EA2] -> 0x000F
[937] [M]: 0x0000000080000EA0 (0x000F0F13) addi x30, x30, 0x0                       inst_99+12
x30 <- 0x0000000000000000

clint mtime 0x00000000000001D5 (mip.MTI <- 0b1, mip.STI <- 0b0)
mem[X,0x0000000080000EA4] -> 0x1F13
mem[X,0x0000000080000EA6] -> 0x00BF
[938] [M]: 0x0000000080000EA4 (0x00BF1F13) slli x30, x30, 0xb                       inst_99+16
x30 <- 0x0000000000000000

mem[X,0x0000000080000EA8] -> 0x0F13
mem[X,0x0000000080000EAA] -> 0x0D4F
[939] [M]: 0x0000000080000EA8 (0x0D4F0F13) addi x30, x30, 0xd4                      inst_99+20
x30 <- 0x00000000000000D4

clint mtime 0x00000000000001D6 (mip.MTI <- 0b1, mip.STI <- 0b0)
mem[X,0x0000000080000EAC] -> 0x1F13
mem[X,0x0000000080000EAE] -> 0x00AF
[940] [M]: 0x0000000080000EAC (0x00AF1F13) slli x30, x30, 0xa                       inst_99+24
x30 <- 0x0000000000035000

mem[X,0x0000000080000EB0] -> 0x0F13
mem[X,0x0000000080000EB2] -> 0x161F
[941] [M]: 0x0000000080000EB0 (0x161F0F13) addi x30, x30, 0x161                     inst_99+28
x30 <- 0x0000000000035161

clint mtime 0x00000000000001D7 (mip.MTI <- 0b1, mip.STI <- 0b0)
mem[X,0x0000000080000EB4] -> 0x1F93
mem[X,0x0000000080000EB6] -> 0x28EF
[942] [M]: 0x0000000080000EB4 (0x28EF1F93) bseti x31, x30, 0xe                      inst_99+32
x31 <- 0x0000000000035161

mem[X,0x0000000080000EB8] -> 0xBC23
mem[X,0x0000000080000EBA] -> 0x23F2
[943] [M]: 0x0000000080000EB8 (0x23F2BC23) sd x31, 0x238(x5)                        inst_99+36
mem[W,0x0000000080004430] <- 0x0000000000035161

clint mtime 0x00000000000001D8 (mip.MTI <- 0b1, mip.STI <- 0b0)
mem[X,0x0000000080000EBC] -> 0x4F37
mem[X,0x0000000080000EBE] -> 0x0000
[944] [M]: 0x0000000080000EBC (0x00004F37) lui x30, 0x4                             inst_100+0
x30 <- 0x0000000000004000

mem[X,0x0000000080000EC0] -> 0x0F13
mem[X,0x0000000080000EC2] -> 0x789F
[945] [M]: 0x0000000080000EC0 (0x789F0F13) addi x30, x30, 0x789                     inst_100+4
x30 <- 0x0000000000004789

clint mtime 0x00000000000001D9 (mip.MTI <- 0b1, mip.STI <- 0b0)
mem[X,0x0000000080000EC4] -> 0x1F13
mem[X,0x0000000080000EC6] -> 0x002F
[946] [M]: 0x0000000080000EC4 (0x002F1F13) slli x30, x30, 0x2                       inst_100+8
x30 <- 0x0000000000011E24

mem[X,0x0000000080000EC8] -> 0x1F93
mem[X,0x0000000080000ECA] -> 0x28CF
[947] [M]: 0x0000000080000EC8 (0x28CF1F93) bseti x31, x30, 0xc                      inst_100+12
x31 <- 0x0000000000011E24

clint mtime 0x00000000000001DA (mip.MTI <- 0b1, mip.STI <- 0b0)
mem[X,0x0000000080000ECC] -> 0xB023
mem[X,0x0000000080000ECE] -> 0x25F2
[948] [M]: 0x0000000080000ECC (0x25F2B023) sd x31, 0x240(x5)                        inst_100+16
mem[W,0x0000000080004438] <- 0x0000000000011E24

mem[X,0x0000000080000ED0] -> 0x0F37
mem[X,0x0000000080000ED2] -> 0x0000
[949] [M]: 0x0000000080000ED0 (0x00000F37) lui x30, 0x0                             inst_101+0
x30 <- 0x0000000000000000

clint mtime 0x00000000000001DB (mip.MTI <- 0b1, mip.STI <- 0b0)
mem[X,0x0000000080000ED4] -> 0x0F13
mem[X,0x0000000080000ED6] -> 0x000F
[950] [M]: 0x0000000080000ED4 (0x000F0F13) addi x30, x30, 0x0                       inst_101+4
x30 <- 0x0000000000000000

mem[X,0x0000000080000ED8] -> 0x1F13
mem[X,0x0000000080000EDA] -> 0x00BF
[951] [M]: 0x0000000080000ED8 (0x00BF1F13) slli x30, x30, 0xb                       inst_101+8
x30 <- 0x0000000000000000

clint mtime 0x00000000000001DC (mip.MTI <- 0b1, mip.STI <- 0b0)
mem[X,0x0000000080000EDC] -> 0x0F13
mem[X,0x0000000080000EDE] -> 0x000F
[952] [M]: 0x0000000080000EDC (0x000F0F13) addi x30, x30, 0x0                       inst_101+12
x30 <- 0x0000000000000000

mem[X,0x0000000080000EE0] -> 0x1F13
mem[X,0x0000000080000EE2] -> 0x00BF
[953] [M]: 0x0000000080000EE0 (0x00BF1F13) slli x30, x30, 0xb                       inst_101+16
x30 <- 0x0000000000000000

clint mtime 0x00000000000001DD (mip.MTI <- 0b1, mip.STI <- 0b0)
mem[X,0x0000000080000EE4] -> 0x0F13
mem[X,0x0000000080000EE6] -> 0x03DF
[954] [M]: 0x0000000080000EE4 (0x03DF0F13) addi x30, x30, 0x3d                      inst_101+20
x30 <- 0x000000000000003D

mem[X,0x0000000080000EE8] -> 0x1F13
mem[X,0x0000000080000EEA] -> 0x00AF
[955] [M]: 0x0000000080000EE8 (0x00AF1F13) slli x30, x30, 0xa                       inst_101+24
x30 <- 0x000000000000F400

clint mtime 0x00000000000001DE (mip.MTI <- 0b1, mip.STI <- 0b0)
mem[X,0x0000000080000EEC] -> 0x0F13
mem[X,0x0000000080000EEE] -> 0x214F
[956] [M]: 0x0000000080000EEC (0x214F0F13) addi x30, x30, 0x214                     inst_101+28
x30 <- 0x000000000000F614

mem[X,0x0000000080000EF0] -> 0x1F93
mem[X,0x0000000080000EF2] -> 0x29CF
[957] [M]: 0x0000000080000EF0 (0x29CF1F93) bseti x31, x30, 0x1c                     inst_101+32
x31 <- 0x000000001000F614

clint mtime 0x00000000000001DF (mip.MTI <- 0b1, mip.STI <- 0b0)
mem[X,0x0000000080000EF4] -> 0xB423
mem[X,0x0000000080000EF6] -> 0x25F2
[958] [M]: 0x0000000080000EF4 (0x25F2B423) sd x31, 0x248(x5)                        inst_101+36
mem[W,0x0000000080004440] <- 0x000000001000F614

mem[X,0x0000000080000EF8] -> 0x0F37
mem[X,0x0000000080000EFA] -> 0x0000
[959] [M]: 0x0000000080000EF8 (0x00000F37) lui x30, 0x0                             inst_102+0
x30 <- 0x0000000000000000

clint mtime 0x00000000000001E0 (mip.MTI <- 0b1, mip.STI <- 0b0)
mem[X,0x0000000080000EFC] -> 0x0F13
mem[X,0x0000000080000EFE] -> 0x000F
[960] [M]: 0x0000000080000EFC (0x000F0F13) addi x30, x30, 0x0                       inst_102+4
x30 <- 0x0000000000000000

mem[X,0x0000000080000F00] -> 0x1F13
mem[X,0x0000000080000F02] -> 0x00BF
[961] [M]: 0x0000000080000F00 (0x00BF1F13) slli x30, x30, 0xb                       inst_102+8
x30 <- 0x0000000000000000

clint mtime 0x00000000000001E1 (mip.MTI <- 0b1, mip.STI <- 0b0)
mem[X,0x0000000080000F04] -> 0x0F13
mem[X,0x0000000080000F06] -> 0x000F
[962] [M]: 0x0000000080000F04 (0x000F0F13) addi x30, x30, 0x0                       inst_102+12
x30 <- 0x0000000000000000

mem[X,0x0000000080000F08] -> 0x1F13
mem[X,0x0000000080000F0A] -> 0x00BF
[963] [M]: 0x0000000080000F08 (0x00BF1F13) slli x30, x30, 0xb                       inst_102+16
x30 <- 0x0000000000000000

clint mtime 0x00000000000001E2 (mip.MTI <- 0b1, mip.STI <- 0b0)
mem[X,0x0000000080000F0C] -> 0x0F13
mem[X,0x0000000080000F0E] -> 0x017F
[964] [M]: 0x0000000080000F0C (0x017F0F13) addi x30, x30, 0x17                      inst_102+20
x30 <- 0x0000000000000017

mem[X,0x0000000080000F10] -> 0x1F13
mem[X,0x0000000080000F12] -> 0x00AF
[965] [M]: 0x0000000080000F10 (0x00AF1F13) slli x30, x30, 0xa                       inst_102+24
x30 <- 0x0000000000005C00

clint mtime 0x00000000000001E3 (mip.MTI <- 0b1, mip.STI <- 0b0)
mem[X,0x0000000080000F14] -> 0x0F13
mem[X,0x0000000080000F16] -> 0x0C1F
[966] [M]: 0x0000000080000F14 (0x0C1F0F13) addi x30, x30, 0xc1                      inst_102+28
x30 <- 0x0000000000005CC1

mem[X,0x0000000080000F18] -> 0x1F93
mem[X,0x0000000080000F1A] -> 0x29DF
[967] [M]: 0x0000000080000F18 (0x29DF1F93) bseti x31, x30, 0x1d                     inst_102+32
x31 <- 0x0000000020005CC1

clint mtime 0x00000000000001E4 (mip.MTI <- 0b1, mip.STI <- 0b0)
mem[X,0x0000000080000F1C] -> 0xB823
mem[X,0x0000000080000F1E] -> 0x25F2
[968] [M]: 0x0000000080000F1C (0x25F2B823) sd x31, 0x250(x5)                        inst_102+36
mem[W,0x0000000080004448] <- 0x0000000020005CC1

mem[X,0x0000000080000F20] -> 0x0F37
mem[X,0x0000000080000F22] -> 0x0000
[969] [M]: 0x0000000080000F20 (0x00000F37) lui x30, 0x0                             inst_103+0
x30 <- 0x0000000000000000

clint mtime 0x00000000000001E5 (mip.MTI <- 0b1, mip.STI <- 0b0)
mem[X,0x0000000080000F24] -> 0x0F13
mem[X,0x0000000080000F26] -> 0x000F
[970] [M]: 0x0000000080000F24 (0x000F0F13) addi x30, x30, 0x0                       inst_103+4
x30 <- 0x0000000000000000

mem[X,0x0000000080000F28] -> 0x1F13
mem[X,0x0000000080000F2A] -> 0x00BF
[971] [M]: 0x0000000080000F28 (0x00BF1F13) slli x30, x30, 0xb                       inst_103+8
x30 <- 0x0000000000000000

clint mtime 0x00000000000001E6 (mip.MTI <- 0b1, mip.STI <- 0b0)
mem[X,0x0000000080000F2C] -> 0x0F13
mem[X,0x0000000080000F2E] -> 0x000F
[972] [M]: 0x0000000080000F2C (0x000F0F13) addi x30, x30, 0x0                       inst_103+12
x30 <- 0x0000000000000000

mem[X,0x0000000080000F30] -> 0x1F13
mem[X,0x0000000080000F32] -> 0x00BF
[973] [M]: 0x0000000080000F30 (0x00BF1F13) slli x30, x30, 0xb                       inst_103+16
x30 <- 0x0000000000000000

clint mtime 0x00000000000001E7 (mip.MTI <- 0b1, mip.STI <- 0b0)
mem[X,0x0000000080000F34] -> 0x0F13
mem[X,0x0000000080000F36] -> 0x00CF
[974] [M]: 0x0000000080000F34 (0x00CF0F13) addi x30, x30, 0xc                       inst_103+20
x30 <- 0x000000000000000C

mem[X,0x0000000080000F38] -> 0x1F13
mem[X,0x0000000080000F3A] -> 0x00AF
[975] [M]: 0x0000000080000F38 (0x00AF1F13) slli x30, x30, 0xa                       inst_103+24
x30 <- 0x0000000000003000

clint mtime 0x00000000000001E8 (mip.MTI <- 0b1, mip.STI <- 0b0)
mem[X,0x0000000080000F3C] -> 0x0F13
mem[X,0x0000000080000F3E] -> 0x226F
[976] [M]: 0x0000000080000F3C (0x226F0F13) addi x30, x30, 0x226                     inst_103+28
x30 <- 0x0000000000003226

mem[X,0x0000000080000F40] -> 0x1F93
mem[X,0x0000000080000F42] -> 0x281F
[977] [M]: 0x0000000080000F40 (0x281F1F93) bseti x31, x30, 0x1                      inst_103+32
x31 <- 0x0000000000003226

clint mtime 0x00000000000001E9 (mip.MTI <- 0b1, mip.STI <- 0b0)
mem[X,0x0000000080000F44] -> 0xBC23
mem[X,0x0000000080000F46] -> 0x25F2
[978] [M]: 0x0000000080000F44 (0x25F2BC23) sd x31, 0x258(x5)                        inst_103+36
mem[W,0x0000000080004450] <- 0x0000000000003226

mem[X,0x0000000080000F48] -> 0x0F13
mem[X,0x0000000080000F4A] -> 0x7430
[979] [M]: 0x0000000080000F48 (0x74300F13) addi x30, x0, 0x743                      inst_104+0
x30 <- 0x0000000000000743

clint mtime 0x00000000000001EA (mip.MTI <- 0b1, mip.STI <- 0b0)
mem[X,0x0000000080000F4C] -> 0x1F13
mem[X,0x0000000080000F4E] -> 0x002F
[980] [M]: 0x0000000080000F4C (0x002F1F13) slli x30, x30, 0x2                       inst_104+4
x30 <- 0x0000000000001D0C

mem[X,0x0000000080000F50] -> 0x1F93
mem[X,0x0000000080000F52] -> 0x28FF
[981] [M]: 0x0000000080000F50 (0x28FF1F93) bseti x31, x30, 0xf                      inst_104+8
x31 <- 0x0000000000009D0C

clint mtime 0x00000000000001EB (mip.MTI <- 0b1, mip.STI <- 0b0)
mem[X,0x0000000080000F54] -> 0xB023
mem[X,0x0000000080000F56] -> 0x27F2
[982] [M]: 0x0000000080000F54 (0x27F2B023) sd x31, 0x260(x5)                        inst_104+12
mem[W,0x0000000080004458] <- 0x0000000000009D0C

mem[X,0x0000000080000F58] -> 0x0F13
mem[X,0x0000000080000F5A] -> 0x3750
[983] [M]: 0x0000000080000F58 (0x37500F13) addi x30, x0, 0x375                      inst_105+0
x30 <- 0x0000000000000375

clint mtime 0x00000000000001EC (mip.MTI <- 0b1, mip.STI <- 0b0)
mem[X,0x0000000080000F5C] -> 0x1F13
mem[X,0x0000000080000F5E] -> 0x002F
[984] [M]: 0x0000000080000F5C (0x002F1F13) slli x30, x30, 0x2                       inst_105+4
x30 <- 0x0000000000000DD4

mem[X,0x0000000080000F60] -> 0x1F93
mem[X,0x0000000080000F62] -> 0x282F
[985] [M]: 0x0000000080000F60 (0x282F1F93) bseti x31, x30, 0x2                      inst_105+8
x31 <- 0x0000000000000DD4

clint mtime 0x00000000000001ED (mip.MTI <- 0b1, mip.STI <- 0b0)
mem[X,0x0000000080000F64] -> 0xB423
mem[X,0x0000000080000F66] -> 0x27F2
[986] [M]: 0x0000000080000F64 (0x27F2B423) sd x31, 0x268(x5)                        inst_105+12
mem[W,0x0000000080004460] <- 0x0000000000000DD4

mem[X,0x0000000080000F68] -> 0x0F13
mem[X,0x0000000080000F6A] -> 0x5D10
[987] [M]: 0x0000000080000F68 (0x5D100F13) addi x30, x0, 0x5d1                      inst_106+0
x30 <- 0x00000000000005D1

clint mtime 0x00000000000001EE (mip.MTI <- 0b1, mip.STI <- 0b0)
mem[X,0x0000000080000F6C] -> 0x1F93
mem[X,0x0000000080000F6E] -> 0x284F
[988] [M]: 0x0000000080000F6C (0x284F1F93) bseti x31, x30, 0x4                      inst_106+4
x31 <- 0x00000000000005D1

mem[X,0x0000000080000F70] -> 0xB823
mem[X,0x0000000080000F72] -> 0x27F2
[989] [M]: 0x0000000080000F70 (0x27F2B823) sd x31, 0x270(x5)                        inst_106+8
mem[W,0x0000000080004468] <- 0x00000000000005D1

clint mtime 0x00000000000001EF (mip.MTI <- 0b1, mip.STI <- 0b0)
mem[X,0x0000000080000F74] -> 0x0F13
mem[X,0x0000000080000F76] -> 0x2A70
[990] [M]: 0x0000000080000F74 (0x2A700F13) addi x30, x0, 0x2a7                      inst_107+0
x30 <- 0x00000000000002A7

mem[X,0x0000000080000F78] -> 0x1F93
mem[X,0x0000000080000F7A] -> 0x280F
[991] [M]: 0x0000000080000F78 (0x280F1F93) bseti x31, x30, 0x0                      inst_107+4
x31 <- 0x00000000000002A7

clint mtime 0x00000000000001F0 (mip.MTI <- 0b1, mip.STI <- 0b0)
mem[X,0x0000000080000F7C] -> 0xBC23
mem[X,0x0000000080000F7E] -> 0x27F2
[992] [M]: 0x0000000080000F7C (0x27F2BC23) sd x31, 0x278(x5)                        inst_107+8
mem[W,0x0000000080004470] <- 0x00000000000002A7

mem[X,0x0000000080000F80] -> 0x0F13
mem[X,0x0000000080000F82] -> 0x1970
[993] [M]: 0x0000000080000F80 (0x19700F13) addi x30, x0, 0x197                      inst_108+0
x30 <- 0x0000000000000197

clint mtime 0x00000000000001F1 (mip.MTI <- 0b1, mip.STI <- 0b0)
mem[X,0x0000000080000F84] -> 0x1F93
mem[X,0x0000000080000F86] -> 0x28AF
[994] [M]: 0x0000000080000F84 (0x28AF1F93) bseti x31, x30, 0xa                      inst_108+4
x31 <- 0x0000000000000597

mem[X,0x0000000080000F88] -> 0xB023
mem[X,0x0000000080000F8A] -> 0x29F2
[995] [M]: 0x0000000080000F88 (0x29F2B023) sd x31, 0x280(x5)                        inst_108+8
mem[W,0x0000000080004478] <- 0x0000000000000597

clint mtime 0x00000000000001F2 (mip.MTI <- 0b1, mip.STI <- 0b0)
mem[X,0x0000000080000F8C] -> 0x0F13
mem[X,0x0000000080000F8E] -> 0x0B90
[996] [M]: 0x0000000080000F8C (0x0B900F13) addi x30, x0, 0xb9                       inst_109+0
x30 <- 0x00000000000000B9

mem[X,0x0000000080000F90] -> 0x1F93
mem[X,0x0000000080000F92] -> 0x29CF
[997] [M]: 0x0000000080000F90 (0x29CF1F93) bseti x31, x30, 0x1c                     inst_109+4
x31 <- 0x00000000100000B9

clint mtime 0x00000000000001F3 (mip.MTI <- 0b1, mip.STI <- 0b0)
mem[X,0x0000000080000F94] -> 0xB423
mem[X,0x0000000080000F96] -> 0x29F2
[998] [M]: 0x0000000080000F94 (0x29F2B423) sd x31, 0x288(x5)                        inst_109+8
mem[W,0x0000000080004480] <- 0x00000000100000B9

mem[X,0x0000000080000F98] -> 0x0F13
mem[X,0x0000000080000F9A] -> 0x04C0
[999] [M]: 0x0000000080000F98 (0x04C00F13) addi x30, x0, 0x4c                       inst_110+0
x30 <- 0x000000000000004C

clint mtime 0x00000000000001F4 (mip.MTI <- 0b1, mip.STI <- 0b0)
mem[X,0x0000000080000F9C] -> 0x1F93
mem[X,0x0000000080000F9E] -> 0x299F
[1000] [M]: 0x0000000080000F9C (0x299F1F93) bseti x31, x30, 0x19                    inst_110+4
x31 <- 0x000000000200004C

mem[X,0x0000000080000FA0] -> 0xB823
mem[X,0x0000000080000FA2] -> 0x29F2
[1001] [M]: 0x0000000080000FA0 (0x29F2B823) sd x31, 0x290(x5)                       inst_110+8
mem[W,0x0000000080004488] <- 0x000000000200004C

clint mtime 0x00000000000001F5 (mip.MTI <- 0b1, mip.STI <- 0b0)
mem[X,0x0000000080000FA4] -> 0x0F13
mem[X,0x0000000080000FA6] -> 0x0260
[1002] [M]: 0x0000000080000FA4 (0x02600F13) addi x30, x0, 0x26                      inst_111+0
x30 <- 0x0000000000000026

mem[X,0x0000000080000FA8] -> 0x1F93
mem[X,0x0000000080000FAA] -> 0x282F
[1003] [M]: 0x0000000080000FA8 (0x282F1F93) bseti x31, x30, 0x2                     inst_111+4
x31 <- 0x0000000000000026

clint mtime 0x00000000000001F6 (mip.MTI <- 0b1, mip.STI <- 0b0)
mem[X,0x0000000080000FAC] -> 0xBC23
mem[X,0x0000000080000FAE] -> 0x29F2
[1004] [M]: 0x0000000080000FAC (0x29F2BC23) sd x31, 0x298(x5)                       inst_111+8
mem[W,0x0000000080004490] <- 0x0000000000000026

mem[X,0x0000000080000FB0] -> 0x0F13
mem[X,0x0000000080000FB2] -> 0x0120
[1005] [M]: 0x0000000080000FB0 (0x01200F13) addi x30, x0, 0x12                      inst_112+0
x30 <- 0x0000000000000012

clint mtime 0x00000000000001F7 (mip.MTI <- 0b1, mip.STI <- 0b0)
mem[X,0x0000000080000FB4] -> 0x1F93
mem[X,0x0000000080000FB6] -> 0x289F
[1006] [M]: 0x0000000080000FB4 (0x289F1F93) bseti x31, x30, 0x9                     inst_112+4
x31 <- 0x0000000000000212

mem[X,0x0000000080000FB8] -> 0xB023
mem[X,0x0000000080000FBA] -> 0x2BF2
[1007] [M]: 0x0000000080000FB8 (0x2BF2B023) sd x31, 0x2a0(x5)                       inst_112+8
mem[W,0x0000000080004498] <- 0x0000000000000212

clint mtime 0x00000000000001F8 (mip.MTI <- 0b1, mip.STI <- 0b0)
mem[X,0x0000000080000FBC] -> 0x0F13
mem[X,0x0000000080000FBE] -> 0x00C0
[1008] [M]: 0x0000000080000FBC (0x00C00F13) addi x30, x0, 0xc                       inst_113+0
x30 <- 0x000000000000000C

mem[X,0x0000000080000FC0] -> 0x1F93
mem[X,0x0000000080000FC2] -> 0x29CF
[1009] [M]: 0x0000000080000FC0 (0x29CF1F93) bseti x31, x30, 0x1c                    inst_113+4
x31 <- 0x000000001000000C

clint mtime 0x00000000000001F9 (mip.MTI <- 0b1, mip.STI <- 0b0)
mem[X,0x0000000080000FC4] -> 0xB423
mem[X,0x0000000080000FC6] -> 0x2BF2
[1010] [M]: 0x0000000080000FC4 (0x2BF2B423) sd x31, 0x2a8(x5)                       inst_113+8
mem[W,0x00000000800044A0] <- 0x000000001000000C

mem[X,0x0000000080000FC8] -> 0x0F13
mem[X,0x0000000080000FCA] -> 0x0060
[1011] [M]: 0x0000000080000FC8 (0x00600F13) addi x30, x0, 0x6                       inst_114+0
x30 <- 0x0000000000000006

clint mtime 0x00000000000001FA (mip.MTI <- 0b1, mip.STI <- 0b0)
mem[X,0x0000000080000FCC] -> 0x1F93
mem[X,0x0000000080000FCE] -> 0x28BF
[1012] [M]: 0x0000000080000FCC (0x28BF1F93) bseti x31, x30, 0xb                     inst_114+4
x31 <- 0x0000000000000806

mem[X,0x0000000080000FD0] -> 0xB823
mem[X,0x0000000080000FD2] -> 0x2BF2
[1013] [M]: 0x0000000080000FD0 (0x2BF2B823) sd x31, 0x2b0(x5)                       inst_114+8
mem[W,0x00000000800044A8] <- 0x0000000000000806

clint mtime 0x00000000000001FB (mip.MTI <- 0b1, mip.STI <- 0b0)
mem[X,0x0000000080000FD4] -> 0x0F13
mem[X,0x0000000080000FD6] -> 0x0030
[1014] [M]: 0x0000000080000FD4 (0x00300F13) addi x30, x0, 0x3                       inst_115+0
x30 <- 0x0000000000000003

mem[X,0x0000000080000FD8] -> 0x1F93
mem[X,0x0000000080000FDA] -> 0x29EF
[1015] [M]: 0x0000000080000FD8 (0x29EF1F93) bseti x31, x30, 0x1e                    inst_115+4
x31 <- 0x0000000040000003

clint mtime 0x00000000000001FC (mip.MTI <- 0b1, mip.STI <- 0b0)
mem[X,0x0000000080000FDC] -> 0xBC23
mem[X,0x0000000080000FDE] -> 0x2BF2
[1016] [M]: 0x0000000080000FDC (0x2BF2BC23) sd x31, 0x2b8(x5)                       inst_115+8
mem[W,0x00000000800044B0] <- 0x0000000040000003

mem[X,0x0000000080000FE0] -> 0x0F13
mem[X,0x0000000080000FE2] -> 0x0010
[1017] [M]: 0x0000000080000FE0 (0x00100F13) addi x30, x0, 0x1                       inst_116+0
x30 <- 0x0000000000000001

clint mtime 0x00000000000001FD (mip.MTI <- 0b1, mip.STI <- 0b0)
mem[X,0x0000000080000FE4] -> 0x1F93
mem[X,0x0000000080000FE6] -> 0x28CF
[1018] [M]: 0x0000000080000FE4 (0x28CF1F93) bseti x31, x30, 0xc                     inst_116+4
x31 <- 0x0000000000001001

mem[X,0x0000000080000FE8] -> 0xB023
mem[X,0x0000000080000FEA] -> 0x2DF2
[1019] [M]: 0x0000000080000FE8 (0x2DF2B023) sd x31, 0x2c0(x5)                       inst_116+8
mem[W,0x00000000800044B8] <- 0x0000000000001001

clint mtime 0x00000000000001FE (mip.MTI <- 0b1, mip.STI <- 0b0)
mem[X,0x0000000080000FEC] -> 0x0F13
mem[X,0x0000000080000FEE] -> 0x0000
[1020] [M]: 0x0000000080000FEC (0x00000F13) addi x30, x0, 0x0                       inst_117+0
x30 <- 0x0000000000000000

mem[X,0x0000000080000FF0] -> 0x1F93
mem[X,0x0000000080000FF2] -> 0x29DF
[1021] [M]: 0x0000000080000FF0 (0x29DF1F93) bseti x31, x30, 0x1d                    inst_117+4
x31 <- 0x0000000020000000

clint mtime 0x00000000000001FF (mip.MTI <- 0b1, mip.STI <- 0b0)
mem[X,0x0000000080000FF4] -> 0xB423
mem[X,0x0000000080000FF6] -> 0x2DF2
[1022] [M]: 0x0000000080000FF4 (0x2DF2B423) sd x31, 0x2c8(x5)                       inst_117+8
mem[W,0x00000000800044C0] <- 0x0000000020000000

mem[X,0x0000000080000FF8] -> 0x0F37
mem[X,0x0000000080000FFA] -> 0x0000
[1023] [M]: 0x0000000080000FF8 (0x00000F37) lui x30, 0x0                            inst_118+0
x30 <- 0x0000000000000000

clint mtime 0x0000000000000200 (mip.MTI <- 0b1, mip.STI <- 0b0)
mem[X,0x0000000080000FFC] -> 0x0F13
mem[X,0x0000000080000FFE] -> 0x000F
[1024] [M]: 0x0000000080000FFC (0x000F0F13) addi x30, x30, 0x0                      inst_118+4
x30 <- 0x0000000000000000

mem[X,0x0000000080001000] -> 0x1F13
mem[X,0x0000000080001002] -> 0x00BF
[1025] [M]: 0x0000000080001000 (0x00BF1F13) slli x30, x30, 0xb                      inst_118+8
x30 <- 0x0000000000000000

clint mtime 0x0000000000000201 (mip.MTI <- 0b1, mip.STI <- 0b0)
mem[X,0x0000000080001004] -> 0x0F13
mem[X,0x0000000080001006] -> 0x2CAF
[1026] [M]: 0x0000000080001004 (0x2CAF0F13) addi x30, x30, 0x2ca                    inst_118+12
x30 <- 0x00000000000002CA

mem[X,0x0000000080001008] -> 0x1F13
mem[X,0x000000008000100A] -> 0x00BF
[1027] [M]: 0x0000000080001008 (0x00BF1F13) slli x30, x30, 0xb                      inst_118+16
x30 <- 0x0000000000165000

clint mtime 0x0000000000000202 (mip.MTI <- 0b1, mip.STI <- 0b0)
mem[X,0x000000008000100C] -> 0x0F13
mem[X,0x000000008000100E] -> 0x0CAF
[1028] [M]: 0x000000008000100C (0x0CAF0F13) addi x30, x30, 0xca                     inst_118+20
x30 <- 0x00000000001650CA

mem[X,0x0000000080001010] -> 0x1F13
mem[X,0x0000000080001012] -> 0x00AF
[1029] [M]: 0x0000000080001010 (0x00AF1F13) slli x30, x30, 0xa                      inst_118+24
x30 <- 0x0000000059432800

clint mtime 0x0000000000000203 (mip.MTI <- 0b1, mip.STI <- 0b0)
mem[X,0x0000000080001014] -> 0x0F13
mem[X,0x0000000080001016] -> 0x219F
[1030] [M]: 0x0000000080001014 (0x219F0F13) addi x30, x30, 0x219                    inst_118+28
x30 <- 0x0000000059432A19

mem[X,0x0000000080001018] -> 0x1F93
mem[X,0x000000008000101A] -> 0x28FF
[1031] [M]: 0x0000000080001018 (0x28FF1F93) bseti x31, x30, 0xf                     inst_118+32
x31 <- 0x000000005943AA19

clint mtime 0x0000000000000204 (mip.MTI <- 0b1, mip.STI <- 0b0)
mem[X,0x000000008000101C] -> 0xB823
mem[X,0x000000008000101E] -> 0x2DF2
[1032] [M]: 0x000000008000101C (0x2DF2B823) sd x31, 0x2d0(x5)                       inst_118+36
mem[W,0x00000000800044C8] <- 0x000000005943AA19

mem[X,0x0000000080001020] -> 0x8F37
mem[X,0x0000000080001022] -> 0x675A
[1033] [M]: 0x0000000080001020 (0x675A8F37) lui x30, 0x675a8                        inst_119+0
x30 <- 0x00000000675A8000

clint mtime 0x0000000000000205 (mip.MTI <- 0b1, mip.STI <- 0b0)
mem[X,0x0000000080001024] -> 0x0F13
mem[X,0x0000000080001026] -> 0x37BF
[1034] [M]: 0x0000000080001024 (0x37BF0F13) addi x30, x30, 0x37b                    inst_119+4
x30 <- 0x00000000675A837B

mem[X,0x0000000080001028] -> 0x1F13
mem[X,0x000000008000102A] -> 0x001F
[1035] [M]: 0x0000000080001028 (0x001F1F13) slli x30, x30, 0x1                      inst_119+8
x30 <- 0x00000000CEB506F6

clint mtime 0x0000000000000206 (mip.MTI <- 0b1, mip.STI <- 0b0)
mem[X,0x000000008000102C] -> 0x1F93
mem[X,0x000000008000102E] -> 0x297F
[1036] [M]: 0x000000008000102C (0x297F1F93) bseti x31, x30, 0x17                    inst_119+12
x31 <- 0x00000000CEB506F6

mem[X,0x0000000080001030] -> 0xBC23
mem[X,0x0000000080001032] -> 0x2DF2
[1037] [M]: 0x0000000080001030 (0x2DF2BC23) sd x31, 0x2d8(x5)                       inst_119+16
mem[W,0x00000000800044D0] <- 0x00000000CEB506F6

clint mtime 0x0000000000000207 (mip.MTI <- 0b1, mip.STI <- 0b0)
mem[X,0x0000000080001034] -> 0x0F37
mem[X,0x0000000080001036] -> 0x0000
[1038] [M]: 0x0000000080001034 (0x00000F37) lui x30, 0x0                            inst_120+0
x30 <- 0x0000000000000000

mem[X,0x0000000080001038] -> 0x0F13
mem[X,0x000000008000103A] -> 0x000F
[1039] [M]: 0x0000000080001038 (0x000F0F13) addi x30, x30, 0x0                      inst_120+4
x30 <- 0x0000000000000000

clint mtime 0x0000000000000208 (mip.MTI <- 0b1, mip.STI <- 0b0)
mem[X,0x000000008000103C] -> 0x1F13
mem[X,0x000000008000103E] -> 0x00BF
[1040] [M]: 0x000000008000103C (0x00BF1F13) slli x30, x30, 0xb                      inst_120+8
x30 <- 0x0000000000000000

mem[X,0x0000000080001040] -> 0x0F13
mem[X,0x0000000080001042] -> 0x62FF
[1041] [M]: 0x0000000080001040 (0x62FF0F13) addi x30, x30, 0x62f                    inst_120+12
x30 <- 0x000000000000062F

clint mtime 0x0000000000000209 (mip.MTI <- 0b1, mip.STI <- 0b0)
mem[X,0x0000000080001044] -> 0x1F13
mem[X,0x0000000080001046] -> 0x00BF
[1042] [M]: 0x0000000080001044 (0x00BF1F13) slli x30, x30, 0xb                      inst_120+16
x30 <- 0x0000000000317800

mem[X,0x0000000080001048] -> 0x0F13
mem[X,0x000000008000104A] -> 0x318F
[1043] [M]: 0x0000000080001048 (0x318F0F13) addi x30, x30, 0x318                    inst_120+20
x30 <- 0x0000000000317B18

clint mtime 0x000000000000020A (mip.MTI <- 0b1, mip.STI <- 0b0)
mem[X,0x000000008000104C] -> 0x1F13
mem[X,0x000000008000104E] -> 0x00AF
[1044] [M]: 0x000000008000104C (0x00AF1F13) slli x30, x30, 0xa                      inst_120+24
x30 <- 0x00000000C5EC6000

mem[X,0x0000000080001050] -> 0x0F13
mem[X,0x0000000080001052] -> 0x148F
[1045] [M]: 0x0000000080001050 (0x148F0F13) addi x30, x30, 0x148                    inst_120+28
x30 <- 0x00000000C5EC6148

clint mtime 0x000000000000020B (mip.MTI <- 0b1, mip.STI <- 0b0)
mem[X,0x0000000080001054] -> 0x1F93
mem[X,0x0000000080001056] -> 0x298F
[1046] [M]: 0x0000000080001054 (0x298F1F93) bseti x31, x30, 0x18                    inst_120+32
x31 <- 0x00000000C5EC6148

mem[X,0x0000000080001058] -> 0xB023
mem[X,0x000000008000105A] -> 0x2FF2
[1047] [M]: 0x0000000080001058 (0x2FF2B023) sd x31, 0x2e0(x5)                       inst_120+36
mem[W,0x00000000800044D8] <- 0x00000000C5EC6148

clint mtime 0x000000000000020C (mip.MTI <- 0b1, mip.STI <- 0b0)
mem[X,0x000000008000105C] -> 0x0F37
mem[X,0x000000008000105E] -> 0x0000
[1048] [M]: 0x000000008000105C (0x00000F37) lui x30, 0x0                            inst_121+0
x30 <- 0x0000000000000000

mem[X,0x0000000080001060] -> 0x0F13
mem[X,0x0000000080001062] -> 0x000F
[1049] [M]: 0x0000000080001060 (0x000F0F13) addi x30, x30, 0x0                      inst_121+4
x30 <- 0x0000000000000000

clint mtime 0x000000000000020D (mip.MTI <- 0b1, mip.STI <- 0b0)
mem[X,0x0000000080001064] -> 0x1F13
mem[X,0x0000000080001066] -> 0x00BF
[1050] [M]: 0x0000000080001064 (0x00BF1F13) slli x30, x30, 0xb                      inst_121+8
x30 <- 0x0000000000000000

mem[X,0x0000000080001068] -> 0x0F13
mem[X,0x000000008000106A] -> 0x4CFF
[1051] [M]: 0x0000000080001068 (0x4CFF0F13) addi x30, x30, 0x4cf                    inst_121+12
x30 <- 0x00000000000004CF

clint mtime 0x000000000000020E (mip.MTI <- 0b1, mip.STI <- 0b0)
mem[X,0x000000008000106C] -> 0x1F13
mem[X,0x000000008000106E] -> 0x00BF
[1052] [M]: 0x000000008000106C (0x00BF1F13) slli x30, x30, 0xb                      inst_121+16
x30 <- 0x0000000000267800

mem[X,0x0000000080001070] -> 0x0F13
mem[X,0x0000000080001072] -> 0x3C6F
[1053] [M]: 0x0000000080001070 (0x3C6F0F13) addi x30, x30, 0x3c6                    inst_121+20
x30 <- 0x0000000000267BC6

clint mtime 0x000000000000020F (mip.MTI <- 0b1, mip.STI <- 0b0)
mem[X,0x0000000080001074] -> 0x1F13
mem[X,0x0000000080001076] -> 0x00AF
[1054] [M]: 0x0000000080001074 (0x00AF1F13) slli x30, x30, 0xa                      inst_121+24
x30 <- 0x0000000099EF1800

mem[X,0x0000000080001078] -> 0x0F13
mem[X,0x000000008000107A] -> 0x057F
[1055] [M]: 0x0000000080001078 (0x057F0F13) addi x30, x30, 0x57                     inst_121+28
x30 <- 0x0000000099EF1857

clint mtime 0x0000000000000210 (mip.MTI <- 0b1, mip.STI <- 0b0)
mem[X,0x000000008000107C] -> 0x1F93
mem[X,0x000000008000107E] -> 0x29DF
[1056] [M]: 0x000000008000107C (0x29DF1F93) bseti x31, x30, 0x1d                    inst_121+32
x31 <- 0x00000000B9EF1857

mem[X,0x0000000080001080] -> 0xB423
mem[X,0x0000000080001082] -> 0x2FF2
[1057] [M]: 0x0000000080001080 (0x2FF2B423) sd x31, 0x2e8(x5)                       inst_121+36
mem[W,0x00000000800044E0] <- 0x00000000B9EF1857

clint mtime 0x0000000000000211 (mip.MTI <- 0b1, mip.STI <- 0b0)
mem[X,0x0000000080001084] -> 0x0F37
mem[X,0x0000000080001086] -> 0x0000
[1058] [M]: 0x0000000080001084 (0x00000F37) lui x30, 0x0                            inst_122+0
x30 <- 0x0000000000000000

mem[X,0x0000000080001088] -> 0x0F13
mem[X,0x000000008000108A] -> 0x000F
[1059] [M]: 0x0000000080001088 (0x000F0F13) addi x30, x30, 0x0                      inst_122+4
x30 <- 0x0000000000000000

clint mtime 0x0000000000000212 (mip.MTI <- 0b1, mip.STI <- 0b0)
mem[X,0x000000008000108C] -> 0x1F13
mem[X,0x000000008000108E] -> 0x00BF
[1060] [M]: 0x000000008000108C (0x00BF1F13) slli x30, x30, 0xb                      inst_122+8
x30 <- 0x0000000000000000

mem[X,0x0000000080001090] -> 0x0F13
mem[X,0x0000000080001092] -> 0x0A5F
[1061] [M]: 0x0000000080001090 (0x0A5F0F13) addi x30, x30, 0xa5                     inst_122+12
x30 <- 0x00000000000000A5

clint mtime 0x0000000000000213 (mip.MTI <- 0b1, mip.STI <- 0b0)
mem[X,0x0000000080001094] -> 0x1F13
mem[X,0x0000000080001096] -> 0x00BF
[1062] [M]: 0x0000000080001094 (0x00BF1F13) slli x30, x30, 0xb                      inst_122+16
x30 <- 0x0000000000052800

mem[X,0x0000000080001098] -> 0x0F13
mem[X,0x000000008000109A] -> 0x647F
[1063] [M]: 0x0000000080001098 (0x647F0F13) addi x30, x30, 0x647                    inst_122+20
x30 <- 0x0000000000052E47

clint mtime 0x0000000000000214 (mip.MTI <- 0b1, mip.STI <- 0b0)
mem[X,0x000000008000109C] -> 0x1F13
mem[X,0x000000008000109E] -> 0x00AF
[1064] [M]: 0x000000008000109C (0x00AF1F13) slli x30, x30, 0xa                      inst_122+24
x30 <- 0x0000000014B91C00

mem[X,0x00000000800010A0] -> 0x0F13
mem[X,0x00000000800010A2] -> 0x079F
[1065] [M]: 0x00000000800010A0 (0x079F0F13) addi x30, x30, 0x79                     inst_122+28
x30 <- 0x0000000014B91C79

clint mtime 0x0000000000000215 (mip.MTI <- 0b1, mip.STI <- 0b0)
mem[X,0x00000000800010A4] -> 0x1F93
mem[X,0x00000000800010A6] -> 0x29EF
[1066] [M]: 0x00000000800010A4 (0x29EF1F93) bseti x31, x30, 0x1e                    inst_122+32
x31 <- 0x0000000054B91C79

mem[X,0x00000000800010A8] -> 0xB823
mem[X,0x00000000800010AA] -> 0x2FF2
[1067] [M]: 0x00000000800010A8 (0x2FF2B823) sd x31, 0x2f0(x5)                       inst_122+36
mem[W,0x00000000800044E8] <- 0x0000000054B91C79

clint mtime 0x0000000000000216 (mip.MTI <- 0b1, mip.STI <- 0b0)
mem[X,0x00000000800010AC] -> 0x0F37
mem[X,0x00000000800010AE] -> 0x0000
[1068] [M]: 0x00000000800010AC (0x00000F37) lui x30, 0x0                            inst_123+0
x30 <- 0x0000000000000000

mem[X,0x00000000800010B0] -> 0x0F13
mem[X,0x00000000800010B2] -> 0x000F
[1069] [M]: 0x00000000800010B0 (0x000F0F13) addi x30, x30, 0x0                      inst_123+4
x30 <- 0x0000000000000000

clint mtime 0x0000000000000217 (mip.MTI <- 0b1, mip.STI <- 0b0)
mem[X,0x00000000800010B4] -> 0x1F13
mem[X,0x00000000800010B6] -> 0x00BF
[1070] [M]: 0x00000000800010B4 (0x00BF1F13) slli x30, x30, 0xb                      inst_123+8
x30 <- 0x0000000000000000

mem[X,0x00000000800010B8] -> 0x0F13
mem[X,0x00000000800010BA] -> 0x04BF
[1071] [M]: 0x00000000800010B8 (0x04BF0F13) addi x30, x30, 0x4b                     inst_123+12
x30 <- 0x000000000000004B

clint mtime 0x0000000000000218 (mip.MTI <- 0b1, mip.STI <- 0b0)
mem[X,0x00000000800010BC] -> 0x1F13
mem[X,0x00000000800010BE] -> 0x00BF
[1072] [M]: 0x00000000800010BC (0x00BF1F13) slli x30, x30, 0xb                      inst_123+16
x30 <- 0x0000000000025800

mem[X,0x00000000800010C0] -> 0x0F13
mem[X,0x00000000800010C2] -> 0x4FAF
[1073] [M]: 0x00000000800010C0 (0x4FAF0F13) addi x30, x30, 0x4fa                    inst_123+20
x30 <- 0x0000000000025CFA

clint mtime 0x0000000000000219 (mip.MTI <- 0b1, mip.STI <- 0b0)
mem[X,0x00000000800010C4] -> 0x1F13
mem[X,0x00000000800010C6] -> 0x00AF
[1074] [M]: 0x00000000800010C4 (0x00AF1F13) slli x30, x30, 0xa                      inst_123+24
x30 <- 0x000000000973E800

mem[X,0x00000000800010C8] -> 0x0F13
mem[X,0x00000000800010CA] -> 0x09CF
[1075] [M]: 0x00000000800010C8 (0x09CF0F13) addi x30, x30, 0x9c                     inst_123+28
x30 <- 0x000000000973E89C

clint mtime 0x000000000000021A (mip.MTI <- 0b1, mip.STI <- 0b0)
mem[X,0x00000000800010CC] -> 0x1F93
mem[X,0x00000000800010CE] -> 0x29FF
[1076] [M]: 0x00000000800010CC (0x29FF1F93) bseti x31, x30, 0x1f                    inst_123+32
x31 <- 0x000000008973E89C

mem[X,0x00000000800010D0] -> 0xBC23
mem[X,0x00000000800010D2] -> 0x2FF2
[1077] [M]: 0x00000000800010D0 (0x2FF2BC23) sd x31, 0x2f8(x5)                       inst_123+36
mem[W,0x00000000800044F0] <- 0x000000008973E89C

clint mtime 0x000000000000021B (mip.MTI <- 0b1, mip.STI <- 0b0)
mem[X,0x00000000800010D4] -> 0x0F37
mem[X,0x00000000800010D6] -> 0x0000
[1078] [M]: 0x00000000800010D4 (0x00000F37) lui x30, 0x0                            inst_124+0
x30 <- 0x0000000000000000

mem[X,0x00000000800010D8] -> 0x0F13
mem[X,0x00000000800010DA] -> 0x000F
[1079] [M]: 0x00000000800010D8 (0x000F0F13) addi x30, x30, 0x0                      inst_124+4
x30 <- 0x0000000000000000

clint mtime 0x000000000000021C (mip.MTI <- 0b1, mip.STI <- 0b0)
mem[X,0x00000000800010DC] -> 0x1F13
mem[X,0x00000000800010DE] -> 0x00BF
[1080] [M]: 0x00000000800010DC (0x00BF1F13) slli x30, x30, 0xb                      inst_124+8
x30 <- 0x0000000000000000

mem[X,0x00000000800010E0] -> 0x0F13
mem[X,0x00000000800010E2] -> 0x3C2F
[1081] [M]: 0x00000000800010E0 (0x3C2F0F13) addi x30, x30, 0x3c2                    inst_124+12
x30 <- 0x00000000000003C2

clint mtime 0x000000000000021D (mip.MTI <- 0b1, mip.STI <- 0b0)
mem[X,0x00000000800010E4] -> 0x1F13
mem[X,0x00000000800010E6] -> 0x00BF
[1082] [M]: 0x00000000800010E4 (0x00BF1F13) slli x30, x30, 0xb                      inst_124+16
x30 <- 0x00000000001E1000

mem[X,0x00000000800010E8] -> 0x0F13
mem[X,0x00000000800010EA] -> 0x0EFF
[1083] [M]: 0x00000000800010E8 (0x0EFF0F13) addi x30, x30, 0xef                     inst_124+20
x30 <- 0x00000000001E10EF

clint mtime 0x000000000000021E (mip.MTI <- 0b1, mip.STI <- 0b0)
mem[X,0x00000000800010EC] -> 0x1F13
mem[X,0x00000000800010EE] -> 0x00AF
[1084] [M]: 0x00000000800010EC (0x00AF1F13) slli x30, x30, 0xa                      inst_124+24
x30 <- 0x000000007843BC00

mem[X,0x00000000800010F0] -> 0x0F13
mem[X,0x00000000800010F2] -> 0x1B9F
[1085] [M]: 0x00000000800010F0 (0x1B9F0F13) addi x30, x30, 0x1b9                    inst_124+28
x30 <- 0x000000007843BDB9

clint mtime 0x000000000000021F (mip.MTI <- 0b1, mip.STI <- 0b0)
mem[X,0x00000000800010F4] -> 0x1F93
mem[X,0x00000000800010F6] -> 0x29AF
[1086] [M]: 0x00000000800010F4 (0x29AF1F93) bseti x31, x30, 0x1a                    inst_124+32
x31 <- 0x000000007C43BDB9

mem[X,0x00000000800010F8] -> 0xB023
mem[X,0x00000000800010FA] -> 0x31F2
[1087] [M]: 0x00000000800010F8 (0x31F2B023) sd x31, 0x300(x5)                       inst_124+36
mem[W,0x00000000800044F8] <- 0x000000007C43BDB9

clint mtime 0x0000000000000220 (mip.MTI <- 0b1, mip.STI <- 0b0)
mem[X,0x00000000800010FC] -> 0x0F37
mem[X,0x00000000800010FE] -> 0x0000
[1088] [M]: 0x00000000800010FC (0x00000F37) lui x30, 0x0                            inst_125+0
x30 <- 0x0000000000000000

mem[X,0x0000000080001100] -> 0x0F13
mem[X,0x0000000080001102] -> 0x000F
[1089] [M]: 0x0000000080001100 (0x000F0F13) addi x30, x30, 0x0                      inst_125+4
x30 <- 0x0000000000000000

clint mtime 0x0000000000000221 (mip.MTI <- 0b1, mip.STI <- 0b0)
mem[X,0x0000000080001104] -> 0x1F13
mem[X,0x0000000080001106] -> 0x00BF
[1090] [M]: 0x0000000080001104 (0x00BF1F13) slli x30, x30, 0xb                      inst_125+8
x30 <- 0x0000000000000000

mem[X,0x0000000080001108] -> 0x0F13
mem[X,0x000000008000110A] -> 0x4BCF
[1091] [M]: 0x0000000080001108 (0x4BCF0F13) addi x30, x30, 0x4bc                    inst_125+12
x30 <- 0x00000000000004BC

clint mtime 0x0000000000000222 (mip.MTI <- 0b1, mip.STI <- 0b0)
mem[X,0x000000008000110C] -> 0x1F13
mem[X,0x000000008000110E] -> 0x00BF
[1092] [M]: 0x000000008000110C (0x00BF1F13) slli x30, x30, 0xb                      inst_125+16
x30 <- 0x000000000025E000

mem[X,0x0000000080001110] -> 0x0F13
mem[X,0x0000000080001112] -> 0x632F
[1093] [M]: 0x0000000080001110 (0x632F0F13) addi x30, x30, 0x632                    inst_125+20
x30 <- 0x000000000025E632

clint mtime 0x0000000000000223 (mip.MTI <- 0b1, mip.STI <- 0b0)
mem[X,0x0000000080001114] -> 0x1F13
mem[X,0x0000000080001116] -> 0x00AF
[1094] [M]: 0x0000000080001114 (0x00AF1F13) slli x30, x30, 0xa                      inst_125+24
x30 <- 0x000000009798C800

mem[X,0x0000000080001118] -> 0x0F13
mem[X,0x000000008000111A] -> 0x1D0F
[1095] [M]: 0x0000000080001118 (0x1D0F0F13) addi x30, x30, 0x1d0                    inst_125+28
x30 <- 0x000000009798C9D0

clint mtime 0x0000000000000224 (mip.MTI <- 0b1, mip.STI <- 0b0)
mem[X,0x000000008000111C] -> 0x1F93
mem[X,0x000000008000111E] -> 0x28EF
[1096] [M]: 0x000000008000111C (0x28EF1F93) bseti x31, x30, 0xe                     inst_125+32
x31 <- 0x000000009798C9D0

mem[X,0x0000000080001120] -> 0xB423
mem[X,0x0000000080001122] -> 0x31F2
[1097] [M]: 0x0000000080001120 (0x31F2B423) sd x31, 0x308(x5)                       inst_125+36
mem[W,0x0000000080004500] <- 0x000000009798C9D0

clint mtime 0x0000000000000225 (mip.MTI <- 0b1, mip.STI <- 0b0)
mem[X,0x0000000080001124] -> 0x0F37
mem[X,0x0000000080001126] -> 0x0000
[1098] [M]: 0x0000000080001124 (0x00000F37) lui x30, 0x0                            inst_126+0
x30 <- 0x0000000000000000

mem[X,0x0000000080001128] -> 0x0F13
mem[X,0x000000008000112A] -> 0x000F
[1099] [M]: 0x0000000080001128 (0x000F0F13) addi x30, x30, 0x0                      inst_126+4
x30 <- 0x0000000000000000

clint mtime 0x0000000000000226 (mip.MTI <- 0b1, mip.STI <- 0b0)
mem[X,0x000000008000112C] -> 0x1F13
mem[X,0x000000008000112E] -> 0x00BF
[1100] [M]: 0x000000008000112C (0x00BF1F13) slli x30, x30, 0xb                      inst_126+8
x30 <- 0x0000000000000000

mem[X,0x0000000080001130] -> 0x0F13
mem[X,0x0000000080001132] -> 0x6C0F
[1101] [M]: 0x0000000080001130 (0x6C0F0F13) addi x30, x30, 0x6c0                    inst_126+12
x30 <- 0x00000000000006C0

clint mtime 0x0000000000000227 (mip.MTI <- 0b1, mip.STI <- 0b0)
mem[X,0x0000000080001134] -> 0x1F13
mem[X,0x0000000080001136] -> 0x00BF
[1102] [M]: 0x0000000080001134 (0x00BF1F13) slli x30, x30, 0xb                      inst_126+16
x30 <- 0x0000000000360000

mem[X,0x0000000080001138] -> 0x0F13
mem[X,0x000000008000113A] -> 0x535F
[1103] [M]: 0x0000000080001138 (0x535F0F13) addi x30, x30, 0x535                    inst_126+20
x30 <- 0x0000000000360535

clint mtime 0x0000000000000228 (mip.MTI <- 0b1, mip.STI <- 0b0)
mem[X,0x000000008000113C] -> 0x1F13
mem[X,0x000000008000113E] -> 0x00AF
[1104] [M]: 0x000000008000113C (0x00AF1F13) slli x30, x30, 0xa                      inst_126+24
x30 <- 0x00000000D814D400

mem[X,0x0000000080001140] -> 0x0F13
mem[X,0x0000000080001142] -> 0x176F
[1105] [M]: 0x0000000080001140 (0x176F0F13) addi x30, x30, 0x176                    inst_126+28
x30 <- 0x00000000D814D576

clint mtime 0x0000000000000229 (mip.MTI <- 0b1, mip.STI <- 0b0)
mem[X,0x0000000080001144] -> 0x1F93
mem[X,0x0000000080001146] -> 0x28AF
[1106] [M]: 0x0000000080001144 (0x28AF1F93) bseti x31, x30, 0xa                     inst_126+32
x31 <- 0x00000000D814D576

mem[X,0x0000000080001148] -> 0xB823
mem[X,0x000000008000114A] -> 0x31F2
[1107] [M]: 0x0000000080001148 (0x31F2B823) sd x31, 0x310(x5)                       inst_126+36
mem[W,0x0000000080004508] <- 0x00000000D814D576

clint mtime 0x000000000000022A (mip.MTI <- 0b1, mip.STI <- 0b0)
mem[X,0x000000008000114C] -> 0x0F37
mem[X,0x000000008000114E] -> 0x0000
[1108] [M]: 0x000000008000114C (0x00000F37) lui x30, 0x0                            inst_127+0
x30 <- 0x0000000000000000

mem[X,0x0000000080001150] -> 0x0F13
mem[X,0x0000000080001152] -> 0x000F
[1109] [M]: 0x0000000080001150 (0x000F0F13) addi x30, x30, 0x0                      inst_127+4
x30 <- 0x0000000000000000

clint mtime 0x000000000000022B (mip.MTI <- 0b1, mip.STI <- 0b0)
mem[X,0x0000000080001154] -> 0x1F13
mem[X,0x0000000080001156] -> 0x00BF
[1110] [M]: 0x0000000080001154 (0x00BF1F13) slli x30, x30, 0xb                      inst_127+8
x30 <- 0x0000000000000000

mem[X,0x0000000080001158] -> 0x0F13
mem[X,0x000000008000115A] -> 0x705F
[1111] [M]: 0x0000000080001158 (0x705F0F13) addi x30, x30, 0x705                    inst_127+12
x30 <- 0x0000000000000705

clint mtime 0x000000000000022C (mip.MTI <- 0b1, mip.STI <- 0b0)
mem[X,0x000000008000115C] -> 0x1F13
mem[X,0x000000008000115E] -> 0x00BF
[1112] [M]: 0x000000008000115C (0x00BF1F13) slli x30, x30, 0xb                      inst_127+16
x30 <- 0x0000000000382800

mem[X,0x0000000080001160] -> 0x0F13
mem[X,0x0000000080001162] -> 0x0DDF
[1113] [M]: 0x0000000080001160 (0x0DDF0F13) addi x30, x30, 0xdd                     inst_127+20
x30 <- 0x00000000003828DD

clint mtime 0x000000000000022D (mip.MTI <- 0b1, mip.STI <- 0b0)
mem[X,0x0000000080001164] -> 0x1F13
mem[X,0x0000000080001166] -> 0x00AF
[1114] [M]: 0x0000000080001164 (0x00AF1F13) slli x30, x30, 0xa                      inst_127+24
x30 <- 0x00000000E0A37400

mem[X,0x0000000080001168] -> 0x0F13
mem[X,0x000000008000116A] -> 0x159F
[1115] [M]: 0x0000000080001168 (0x159F0F13) addi x30, x30, 0x159                    inst_127+28
x30 <- 0x00000000E0A37559

clint mtime 0x000000000000022E (mip.MTI <- 0b1, mip.STI <- 0b0)
mem[X,0x000000008000116C] -> 0x1F93
mem[X,0x000000008000116E] -> 0x294F
[1116] [M]: 0x000000008000116C (0x294F1F93) bseti x31, x30, 0x14                    inst_127+32
x31 <- 0x00000000E0B37559

mem[X,0x0000000080001170] -> 0xBC23
mem[X,0x0000000080001172] -> 0x31F2
[1117] [M]: 0x0000000080001170 (0x31F2BC23) sd x31, 0x318(x5)                       inst_127+36
mem[W,0x0000000080004510] <- 0x00000000E0B37559

clint mtime 0x000000000000022F (mip.MTI <- 0b1, mip.STI <- 0b0)
mem[X,0x0000000080001174] -> 0xFF37
mem[X,0x0000000080001176] -> 0x1EF3
[1118] [M]: 0x0000000080001174 (0x1EF3FF37) lui x30, 0x1ef3f                        inst_128+0
x30 <- 0x000000001EF3F000

mem[X,0x0000000080001178] -> 0x0F13
mem[X,0x000000008000117A] -> 0x733F
[1119] [M]: 0x0000000080001178 (0x733F0F13) addi x30, x30, 0x733                    inst_128+4
x30 <- 0x000000001EF3F733

clint mtime 0x0000000000000230 (mip.MTI <- 0b1, mip.STI <- 0b0)
mem[X,0x000000008000117C] -> 0x1F13
mem[X,0x000000008000117E] -> 0x003F
[1120] [M]: 0x000000008000117C (0x003F1F13) slli x30, x30, 0x3                      inst_128+8
x30 <- 0x00000000F79FB998

mem[X,0x0000000080001180] -> 0x1F93
mem[X,0x0000000080001182] -> 0x29EF
[1121] [M]: 0x0000000080001180 (0x29EF1F93) bseti x31, x30, 0x1e                    inst_128+12
x31 <- 0x00000000F79FB998

clint mtime 0x0000000000000231 (mip.MTI <- 0b1, mip.STI <- 0b0)
mem[X,0x0000000080001184] -> 0xB023
mem[X,0x0000000080001186] -> 0x33F2
[1122] [M]: 0x0000000080001184 (0x33F2B023) sd x31, 0x320(x5)                       inst_128+16
mem[W,0x0000000080004518] <- 0x00000000F79FB998

mem[X,0x0000000080001188] -> 0x0F37
mem[X,0x000000008000118A] -> 0x0000
[1123] [M]: 0x0000000080001188 (0x00000F37) lui x30, 0x0                            inst_129+0
x30 <- 0x0000000000000000

clint mtime 0x0000000000000232 (mip.MTI <- 0b1, mip.STI <- 0b0)
mem[X,0x000000008000118C] -> 0x0F13
mem[X,0x000000008000118E] -> 0x000F
[1124] [M]: 0x000000008000118C (0x000F0F13) addi x30, x30, 0x0                      inst_129+4
x30 <- 0x0000000000000000

mem[X,0x0000000080001190] -> 0x1F13
mem[X,0x0000000080001192] -> 0x00BF
[1125] [M]: 0x0000000080001190 (0x00BF1F13) slli x30, x30, 0xb                      inst_129+8
x30 <- 0x0000000000000000

clint mtime 0x0000000000000233 (mip.MTI <- 0b1, mip.STI <- 0b0)
mem[X,0x0000000080001194] -> 0x0F13
mem[X,0x0000000080001196] -> 0x7C3F
[1126] [M]: 0x0000000080001194 (0x7C3F0F13) addi x30, x30, 0x7c3                    inst_129+12
x30 <- 0x00000000000007C3

mem[X,0x0000000080001198] -> 0x1F13
mem[X,0x000000008000119A] -> 0x00BF
[1127] [M]: 0x0000000080001198 (0x00BF1F13) slli x30, x30, 0xb                      inst_129+16
x30 <- 0x00000000003E1800

clint mtime 0x0000000000000234 (mip.MTI <- 0b1, mip.STI <- 0b0)
mem[X,0x000000008000119C] -> 0x0F13
mem[X,0x000000008000119E] -> 0x689F
[1128] [M]: 0x000000008000119C (0x689F0F13) addi x30, x30, 0x689                    inst_129+20
x30 <- 0x00000000003E1E89

mem[X,0x00000000800011A0] -> 0x1F13
mem[X,0x00000000800011A2] -> 0x00AF
[1129] [M]: 0x00000000800011A0 (0x00AF1F13) slli x30, x30, 0xa                      inst_129+24
x30 <- 0x00000000F87A2400

clint mtime 0x0000000000000235 (mip.MTI <- 0b1, mip.STI <- 0b0)
mem[X,0x00000000800011A4] -> 0x0F13
mem[X,0x00000000800011A6] -> 0x161F
[1130] [M]: 0x00000000800011A4 (0x161F0F13) addi x30, x30, 0x161                    inst_129+28
x30 <- 0x00000000F87A2561

mem[X,0x00000000800011A8] -> 0x1F93
mem[X,0x00000000800011AA] -> 0x29CF
[1131] [M]: 0x00000000800011A8 (0x29CF1F93) bseti x31, x30, 0x1c                    inst_129+32
x31 <- 0x00000000F87A2561

clint mtime 0x0000000000000236 (mip.MTI <- 0b1, mip.STI <- 0b0)
mem[X,0x00000000800011AC] -> 0xB423
mem[X,0x00000000800011AE] -> 0x33F2
[1132] [M]: 0x00000000800011AC (0x33F2B423) sd x31, 0x328(x5)                       inst_129+36
mem[W,0x0000000080004520] <- 0x00000000F87A2561

mem[X,0x00000000800011B0] -> 0x0F37
mem[X,0x00000000800011B2] -> 0x0000
[1133] [M]: 0x00000000800011B0 (0x00000F37) lui x30, 0x0                            inst_130+0
x30 <- 0x0000000000000000

clint mtime 0x0000000000000237 (mip.MTI <- 0b1, mip.STI <- 0b0)
mem[X,0x00000000800011B4] -> 0x0F13
mem[X,0x00000000800011B6] -> 0x000F
[1134] [M]: 0x00000000800011B4 (0x000F0F13) addi x30, x30, 0x0                      inst_130+4
x30 <- 0x0000000000000000

mem[X,0x00000000800011B8] -> 0x1F13
mem[X,0x00000000800011BA] -> 0x00BF
[1135] [M]: 0x00000000800011B8 (0x00BF1F13) slli x30, x30, 0xb                      inst_130+8
x30 <- 0x0000000000000000

clint mtime 0x0000000000000238 (mip.MTI <- 0b1, mip.STI <- 0b0)
mem[X,0x00000000800011BC] -> 0x0F13
mem[X,0x00000000800011BE] -> 0x7EDF
[1136] [M]: 0x00000000800011BC (0x7EDF0F13) addi x30, x30, 0x7ed                    inst_130+12
x30 <- 0x00000000000007ED

mem[X,0x00000000800011C0] -> 0x1F13
mem[X,0x00000000800011C2] -> 0x00BF
[1137] [M]: 0x00000000800011C0 (0x00BF1F13) slli x30, x30, 0xb                      inst_130+16
x30 <- 0x00000000003F6800

clint mtime 0x0000000000000239 (mip.MTI <- 0b1, mip.STI <- 0b0)
mem[X,0x00000000800011C4] -> 0x0F13
mem[X,0x00000000800011C6] -> 0x15BF
[1138] [M]: 0x00000000800011C4 (0x15BF0F13) addi x30, x30, 0x15b                    inst_130+20
x30 <- 0x00000000003F695B

mem[X,0x00000000800011C8] -> 0x1F13
mem[X,0x00000000800011CA] -> 0x00AF
[1139] [M]: 0x00000000800011C8 (0x00AF1F13) slli x30, x30, 0xa                      inst_130+24
x30 <- 0x00000000FDA56C00

clint mtime 0x000000000000023A (mip.MTI <- 0b1, mip.STI <- 0b0)
mem[X,0x00000000800011CC] -> 0x0F13
mem[X,0x00000000800011CE] -> 0x17FF
[1140] [M]: 0x00000000800011CC (0x17FF0F13) addi x30, x30, 0x17f                    inst_130+28
x30 <- 0x00000000FDA56D7F

mem[X,0x00000000800011D0] -> 0x1F93
mem[X,0x00000000800011D2] -> 0x28FF
[1141] [M]: 0x00000000800011D0 (0x28FF1F93) bseti x31, x30, 0xf                     inst_130+32
x31 <- 0x00000000FDA5ED7F

clint mtime 0x000000000000023B (mip.MTI <- 0b1, mip.STI <- 0b0)
mem[X,0x00000000800011D4] -> 0xB823
mem[X,0x00000000800011D6] -> 0x33F2
[1142] [M]: 0x00000000800011D4 (0x33F2B823) sd x31, 0x330(x5)                       inst_130+36
mem[W,0x0000000080004528] <- 0x00000000FDA5ED7F

mem[X,0x00000000800011D8] -> 0x0F37
mem[X,0x00000000800011DA] -> 0x0000
[1143] [M]: 0x00000000800011D8 (0x00000F37) lui x30, 0x0                            inst_131+0
x30 <- 0x0000000000000000

clint mtime 0x000000000000023C (mip.MTI <- 0b1, mip.STI <- 0b0)
mem[X,0x00000000800011DC] -> 0x0F13
mem[X,0x00000000800011DE] -> 0x000F
[1144] [M]: 0x00000000800011DC (0x000F0F13) addi x30, x30, 0x0                      inst_131+4
x30 <- 0x0000000000000000

mem[X,0x00000000800011E0] -> 0x1F13
mem[X,0x00000000800011E2] -> 0x00BF
[1145] [M]: 0x00000000800011E0 (0x00BF1F13) slli x30, x30, 0xb                      inst_131+8
x30 <- 0x0000000000000000

clint mtime 0x000000000000023D (mip.MTI <- 0b1, mip.STI <- 0b0)
mem[X,0x00000000800011E4] -> 0x0F13
mem[X,0x00000000800011E6] -> 0x7F2F
[1146] [M]: 0x00000000800011E4 (0x7F2F0F13) addi x30, x30, 0x7f2                    inst_131+12
x30 <- 0x00000000000007F2

mem[X,0x00000000800011E8] -> 0x1F13
mem[X,0x00000000800011EA] -> 0x00BF
[1147] [M]: 0x00000000800011E8 (0x00BF1F13) slli x30, x30, 0xb                      inst_131+16
x30 <- 0x00000000003F9000

clint mtime 0x000000000000023E (mip.MTI <- 0b1, mip.STI <- 0b0)
mem[X,0x00000000800011EC] -> 0x0F13
mem[X,0x00000000800011EE] -> 0x37AF
[1148] [M]: 0x00000000800011EC (0x37AF0F13) addi x30, x30, 0x37a                    inst_131+20
x30 <- 0x00000000003F937A

mem[X,0x00000000800011F0] -> 0x1F13
mem[X,0x00000000800011F2] -> 0x00AF
[1149] [M]: 0x00000000800011F0 (0x00AF1F13) slli x30, x30, 0xa                      inst_131+24
x30 <- 0x00000000FE4DE800

clint mtime 0x000000000000023F (mip.MTI <- 0b1, mip.STI <- 0b0)
mem[X,0x00000000800011F4] -> 0x0F13
mem[X,0x00000000800011F6] -> 0x2B5F
[1150] [M]: 0x00000000800011F4 (0x2B5F0F13) addi x30, x30, 0x2b5                    inst_131+28
x30 <- 0x00000000FE4DEAB5

mem[X,0x00000000800011F8] -> 0x1F93
mem[X,0x00000000800011FA] -> 0x297F
[1151] [M]: 0x00000000800011F8 (0x297F1F93) bseti x31, x30, 0x17                    inst_131+32
x31 <- 0x00000000FECDEAB5

clint mtime 0x0000000000000240 (mip.MTI <- 0b1, mip.STI <- 0b0)
mem[X,0x00000000800011FC] -> 0xBC23
mem[X,0x00000000800011FE] -> 0x33F2
[1152] [M]: 0x00000000800011FC (0x33F2BC23) sd x31, 0x338(x5)                       inst_131+36
mem[W,0x0000000080004530] <- 0x00000000FECDEAB5

mem[X,0x0000000080001200] -> 0x0F37
mem[X,0x0000000080001202] -> 0x0000
[1153] [M]: 0x0000000080001200 (0x00000F37) lui x30, 0x0                            inst_132+0
x30 <- 0x0000000000000000

clint mtime 0x0000000000000241 (mip.MTI <- 0b1, mip.STI <- 0b0)
mem[X,0x0000000080001204] -> 0x0F13
mem[X,0x0000000080001206] -> 0x000F
[1154] [M]: 0x0000000080001204 (0x000F0F13) addi x30, x30, 0x0                      inst_132+4
x30 <- 0x0000000000000000

mem[X,0x0000000080001208] -> 0x1F13
mem[X,0x000000008000120A] -> 0x00BF
[1155] [M]: 0x0000000080001208 (0x00BF1F13) slli x30, x30, 0xb                      inst_132+8
x30 <- 0x0000000000000000

clint mtime 0x0000000000000242 (mip.MTI <- 0b1, mip.STI <- 0b0)
mem[X,0x000000008000120C] -> 0x0F13
mem[X,0x000000008000120E] -> 0x7FBF
[1156] [M]: 0x000000008000120C (0x7FBF0F13) addi x30, x30, 0x7fb                    inst_132+12
x30 <- 0x00000000000007FB

mem[X,0x0000000080001210] -> 0x1F13
mem[X,0x0000000080001212] -> 0x00BF
[1157] [M]: 0x0000000080001210 (0x00BF1F13) slli x30, x30, 0xb                      inst_132+16
x30 <- 0x00000000003FD800

clint mtime 0x0000000000000243 (mip.MTI <- 0b1, mip.STI <- 0b0)
mem[X,0x0000000080001214] -> 0x0F13
mem[X,0x0000000080001216] -> 0x21DF
[1158] [M]: 0x0000000080001214 (0x21DF0F13) addi x30, x30, 0x21d                    inst_132+20
x30 <- 0x00000000003FDA1D

mem[X,0x0000000080001218] -> 0x1F13
mem[X,0x000000008000121A] -> 0x00AF
[1159] [M]: 0x0000000080001218 (0x00AF1F13) slli x30, x30, 0xa                      inst_132+24
x30 <- 0x00000000FF687400

clint mtime 0x0000000000000244 (mip.MTI <- 0b1, mip.STI <- 0b0)
mem[X,0x000000008000121C] -> 0x0F13
mem[X,0x000000008000121E] -> 0x1BBF
[1160] [M]: 0x000000008000121C (0x1BBF0F13) addi x30, x30, 0x1bb                    inst_132+28
x30 <- 0x00000000FF6875BB

mem[X,0x0000000080001220] -> 0x1F93
mem[X,0x0000000080001222] -> 0x293F
[1161] [M]: 0x0000000080001220 (0x293F1F93) bseti x31, x30, 0x13                    inst_132+32
x31 <- 0x00000000FF6875BB

clint mtime 0x0000000000000245 (mip.MTI <- 0b1, mip.STI <- 0b0)
mem[X,0x0000000080001224] -> 0xB023
mem[X,0x0000000080001226] -> 0x35F2
[1162] [M]: 0x0000000080001224 (0x35F2B023) sd x31, 0x340(x5)                       inst_132+36
mem[W,0x0000000080004538] <- 0x00000000FF6875BB

mem[X,0x0000000080001228] -> 0xFF37
mem[X,0x000000008000122A] -> 0x3FE4
[1163] [M]: 0x0000000080001228 (0x3FE4FF37) lui x30, 0x3fe4f                        inst_133+0
x30 <- 0x000000003FE4F000

clint mtime 0x0000000000000246 (mip.MTI <- 0b1, mip.STI <- 0b0)
mem[X,0x000000008000122C] -> 0x0F13
mem[X,0x000000008000122E] -> 0x439F
[1164] [M]: 0x000000008000122C (0x439F0F13) addi x30, x30, 0x439                    inst_133+4
x30 <- 0x000000003FE4F439

mem[X,0x0000000080001230] -> 0x1F13
mem[X,0x0000000080001232] -> 0x002F
[1165] [M]: 0x0000000080001230 (0x002F1F13) slli x30, x30, 0x2                      inst_133+8
x30 <- 0x00000000FF93D0E4

clint mtime 0x0000000000000247 (mip.MTI <- 0b1, mip.STI <- 0b0)
mem[X,0x0000000080001234] -> 0x1F93
mem[X,0x0000000080001236] -> 0x288F
[1166] [M]: 0x0000000080001234 (0x288F1F93) bseti x31, x30, 0x8                     inst_133+12
x31 <- 0x00000000FF93D1E4

mem[X,0x0000000080001238] -> 0xB423
mem[X,0x000000008000123A] -> 0x35F2
[1167] [M]: 0x0000000080001238 (0x35F2B423) sd x31, 0x348(x5)                       inst_133+16
mem[W,0x0000000080004540] <- 0x00000000FF93D1E4

clint mtime 0x0000000000000248 (mip.MTI <- 0b1, mip.STI <- 0b0)
mem[X,0x000000008000123C] -> 0x0F37
mem[X,0x000000008000123E] -> 0x0000
[1168] [M]: 0x000000008000123C (0x00000F37) lui x30, 0x0                            inst_134+0
x30 <- 0x0000000000000000

mem[X,0x0000000080001240] -> 0x0F13
mem[X,0x0000000080001242] -> 0x000F
[1169] [M]: 0x0000000080001240 (0x000F0F13) addi x30, x30, 0x0                      inst_134+4
x30 <- 0x0000000000000000

clint mtime 0x0000000000000249 (mip.MTI <- 0b1, mip.STI <- 0b0)
mem[X,0x0000000080001244] -> 0x1F13
mem[X,0x0000000080001246] -> 0x00BF
[1170] [M]: 0x0000000080001244 (0x00BF1F13) slli x30, x30, 0xb                      inst_134+8
x30 <- 0x0000000000000000

mem[X,0x0000000080001248] -> 0x0F13
mem[X,0x000000008000124A] -> 0x7FEF
[1171] [M]: 0x0000000080001248 (0x7FEF0F13) addi x30, x30, 0x7fe                    inst_134+12
x30 <- 0x00000000000007FE

clint mtime 0x000000000000024A (mip.MTI <- 0b1, mip.STI <- 0b0)
mem[X,0x000000008000124C] -> 0x1F13
mem[X,0x000000008000124E] -> 0x00BF
[1172] [M]: 0x000000008000124C (0x00BF1F13) slli x30, x30, 0xb                      inst_134+16
x30 <- 0x00000000003FF000

mem[X,0x0000000080001250] -> 0x0F13
mem[X,0x0000000080001252] -> 0x52AF
[1173] [M]: 0x0000000080001250 (0x52AF0F13) addi x30, x30, 0x52a                    inst_134+20
x30 <- 0x00000000003FF52A

clint mtime 0x000000000000024B (mip.MTI <- 0b1, mip.STI <- 0b0)
mem[X,0x0000000080001254] -> 0x1F13
mem[X,0x0000000080001256] -> 0x00AF
[1174] [M]: 0x0000000080001254 (0x00AF1F13) slli x30, x30, 0xa                      inst_134+24
x30 <- 0x00000000FFD4A800

mem[X,0x0000000080001258] -> 0x0F13
mem[X,0x000000008000125A] -> 0x223F
[1175] [M]: 0x0000000080001258 (0x223F0F13) addi x30, x30, 0x223                    inst_134+28
x30 <- 0x00000000FFD4AA23

clint mtime 0x000000000000024C (mip.MTI <- 0b1, mip.STI <- 0b0)
mem[X,0x000000008000125C] -> 0x1F93
mem[X,0x000000008000125E] -> 0x280F
[1176] [M]: 0x000000008000125C (0x280F1F93) bseti x31, x30, 0x0                     inst_134+32
x31 <- 0x00000000FFD4AA23

mem[X,0x0000000080001260] -> 0xB823
mem[X,0x0000000080001262] -> 0x35F2
[1177] [M]: 0x0000000080001260 (0x35F2B823) sd x31, 0x350(x5)                       inst_134+36
mem[W,0x0000000080004548] <- 0x00000000FFD4AA23

clint mtime 0x000000000000024D (mip.MTI <- 0b1, mip.STI <- 0b0)
mem[X,0x0000000080001264] -> 0x0F37
mem[X,0x0000000080001266] -> 0x0000
[1178] [M]: 0x0000000080001264 (0x00000F37) lui x30, 0x0                            inst_135+0
x30 <- 0x0000000000000000

mem[X,0x0000000080001268] -> 0x0F13
mem[X,0x000000008000126A] -> 0x000F
[1179] [M]: 0x0000000080001268 (0x000F0F13) addi x30, x30, 0x0                      inst_135+4
x30 <- 0x0000000000000000

clint mtime 0x000000000000024E (mip.MTI <- 0b1, mip.STI <- 0b0)
mem[X,0x000000008000126C] -> 0x1F13
mem[X,0x000000008000126E] -> 0x00BF
[1180] [M]: 0x000000008000126C (0x00BF1F13) slli x30, x30, 0xb                      inst_135+8
x30 <- 0x0000000000000000

mem[X,0x0000000080001270] -> 0x0F13
mem[X,0x0000000080001272] -> 0x7FFF
[1181] [M]: 0x0000000080001270 (0x7FFF0F13) addi x30, x30, 0x7ff                    inst_135+12
x30 <- 0x00000000000007FF

clint mtime 0x000000000000024F (mip.MTI <- 0b1, mip.STI <- 0b0)
mem[X,0x0000000080001274] -> 0x1F13
mem[X,0x0000000080001276] -> 0x00BF
[1182] [M]: 0x0000000080001274 (0x00BF1F13) slli x30, x30, 0xb                      inst_135+16
x30 <- 0x00000000003FF800

mem[X,0x0000000080001278] -> 0x0F13
mem[X,0x000000008000127A] -> 0x0BFF
[1183] [M]: 0x0000000080001278 (0x0BFF0F13) addi x30, x30, 0xbf                     inst_135+20
x30 <- 0x00000000003FF8BF

clint mtime 0x0000000000000250 (mip.MTI <- 0b1, mip.STI <- 0b0)
mem[X,0x000000008000127C] -> 0x1F13
mem[X,0x000000008000127E] -> 0x00AF
[1184] [M]: 0x000000008000127C (0x00AF1F13) slli x30, x30, 0xa                      inst_135+24
x30 <- 0x00000000FFE2FC00

mem[X,0x0000000080001280] -> 0x0F13
mem[X,0x0000000080001282] -> 0x091F
[1185] [M]: 0x0000000080001280 (0x091F0F13) addi x30, x30, 0x91                     inst_135+28
x30 <- 0x00000000FFE2FC91

clint mtime 0x0000000000000251 (mip.MTI <- 0b1, mip.STI <- 0b0)
mem[X,0x0000000080001284] -> 0x1F93
mem[X,0x0000000080001286] -> 0x298F
[1186] [M]: 0x0000000080001284 (0x298F1F93) bseti x31, x30, 0x18                    inst_135+32
x31 <- 0x00000000FFE2FC91

mem[X,0x0000000080001288] -> 0xBC23
mem[X,0x000000008000128A] -> 0x35F2
[1187] [M]: 0x0000000080001288 (0x35F2BC23) sd x31, 0x358(x5)                       inst_135+36
mem[W,0x0000000080004550] <- 0x00000000FFE2FC91

clint mtime 0x0000000000000252 (mip.MTI <- 0b1, mip.STI <- 0b0)
mem[X,0x000000008000128C] -> 0x0F37
mem[X,0x000000008000128E] -> 0x0000
[1188] [M]: 0x000000008000128C (0x00000F37) lui x30, 0x0                            inst_136+0
x30 <- 0x0000000000000000

mem[X,0x0000000080001290] -> 0x0F13
mem[X,0x0000000080001292] -> 0x000F
[1189] [M]: 0x0000000080001290 (0x000F0F13) addi x30, x30, 0x0                      inst_136+4
x30 <- 0x0000000000000000

clint mtime 0x0000000000000253 (mip.MTI <- 0b1, mip.STI <- 0b0)
mem[X,0x0000000080001294] -> 0x1F13
mem[X,0x0000000080001296] -> 0x00BF
[1190] [M]: 0x0000000080001294 (0x00BF1F13) slli x30, x30, 0xb                      inst_136+8
x30 <- 0x0000000000000000

mem[X,0x0000000080001298] -> 0x0F13
mem[X,0x000000008000129A] -> 0x7FFF
[1191] [M]: 0x0000000080001298 (0x7FFF0F13) addi x30, x30, 0x7ff                    inst_136+12
x30 <- 0x00000000000007FF

clint mtime 0x0000000000000254 (mip.MTI <- 0b1, mip.STI <- 0b0)
mem[X,0x000000008000129C] -> 0x1F13
mem[X,0x000000008000129E] -> 0x00BF
[1192] [M]: 0x000000008000129C (0x00BF1F13) slli x30, x30, 0xb                      inst_136+16
x30 <- 0x00000000003FF800

mem[X,0x00000000800012A0] -> 0x0F13
mem[X,0x00000000800012A2] -> 0x474F
[1193] [M]: 0x00000000800012A0 (0x474F0F13) addi x30, x30, 0x474                    inst_136+20
x30 <- 0x00000000003FFC74

clint mtime 0x0000000000000255 (mip.MTI <- 0b1, mip.STI <- 0b0)
mem[X,0x00000000800012A4] -> 0x1F13
mem[X,0x00000000800012A6] -> 0x00AF
[1194] [M]: 0x00000000800012A4 (0x00AF1F13) slli x30, x30, 0xa                      inst_136+24
x30 <- 0x00000000FFF1D000

mem[X,0x00000000800012A8] -> 0x0F13
mem[X,0x00000000800012AA] -> 0x2A0F
[1195] [M]: 0x00000000800012A8 (0x2A0F0F13) addi x30, x30, 0x2a0                    inst_136+28
x30 <- 0x00000000FFF1D2A0

clint mtime 0x0000000000000256 (mip.MTI <- 0b1, mip.STI <- 0b0)
mem[X,0x00000000800012AC] -> 0x1F93
mem[X,0x00000000800012AE] -> 0x29CF
[1196] [M]: 0x00000000800012AC (0x29CF1F93) bseti x31, x30, 0x1c                    inst_136+32
x31 <- 0x00000000FFF1D2A0

mem[X,0x00000000800012B0] -> 0xB023
mem[X,0x00000000800012B2] -> 0x37F2
[1197] [M]: 0x00000000800012B0 (0x37F2B023) sd x31, 0x360(x5)                       inst_136+36
mem[W,0x0000000080004558] <- 0x00000000FFF1D2A0

clint mtime 0x0000000000000257 (mip.MTI <- 0b1, mip.STI <- 0b0)
mem[X,0x00000000800012B4] -> 0x0F37
mem[X,0x00000000800012B6] -> 0x0000
[1198] [M]: 0x00000000800012B4 (0x00000F37) lui x30, 0x0                            inst_137+0
x30 <- 0x0000000000000000

mem[X,0x00000000800012B8] -> 0x0F13
mem[X,0x00000000800012BA] -> 0x000F
[1199] [M]: 0x00000000800012B8 (0x000F0F13) addi x30, x30, 0x0                      inst_137+4
x30 <- 0x0000000000000000

clint mtime 0x0000000000000258 (mip.MTI <- 0b1, mip.STI <- 0b0)
mem[X,0x00000000800012BC] -> 0x1F13
mem[X,0x00000000800012BE] -> 0x00BF
[1200] [M]: 0x00000000800012BC (0x00BF1F13) slli x30, x30, 0xb                      inst_137+8
x30 <- 0x0000000000000000

mem[X,0x00000000800012C0] -> 0x0F13
mem[X,0x00000000800012C2] -> 0x7FFF
[1201] [M]: 0x00000000800012C0 (0x7FFF0F13) addi x30, x30, 0x7ff                    inst_137+12
x30 <- 0x00000000000007FF

clint mtime 0x0000000000000259 (mip.MTI <- 0b1, mip.STI <- 0b0)
mem[X,0x00000000800012C4] -> 0x1F13
mem[X,0x00000000800012C6] -> 0x00BF
[1202] [M]: 0x00000000800012C4 (0x00BF1F13) slli x30, x30, 0xb                      inst_137+16
x30 <- 0x00000000003FF800

mem[X,0x00000000800012C8] -> 0x0F13
mem[X,0x00000000800012CA] -> 0x641F
[1203] [M]: 0x00000000800012C8 (0x641F0F13) addi x30, x30, 0x641                    inst_137+20
x30 <- 0x00000000003FFE41

clint mtime 0x000000000000025A (mip.MTI <- 0b1, mip.STI <- 0b0)
mem[X,0x00000000800012CC] -> 0x1F13
mem[X,0x00000000800012CE] -> 0x00AF
[1204] [M]: 0x00000000800012CC (0x00AF1F13) slli x30, x30, 0xa                      inst_137+24
x30 <- 0x00000000FFF90400

mem[X,0x00000000800012D0] -> 0x0F13
mem[X,0x00000000800012D2] -> 0x0D1F
[1205] [M]: 0x00000000800012D0 (0x0D1F0F13) addi x30, x30, 0xd1                     inst_137+28
x30 <- 0x00000000FFF904D1

clint mtime 0x000000000000025B (mip.MTI <- 0b1, mip.STI <- 0b0)
mem[X,0x00000000800012D4] -> 0x1F93
mem[X,0x00000000800012D6] -> 0x28FF
[1206] [M]: 0x00000000800012D4 (0x28FF1F93) bseti x31, x30, 0xf                     inst_137+32
x31 <- 0x00000000FFF984D1

mem[X,0x00000000800012D8] -> 0xB423
mem[X,0x00000000800012DA] -> 0x37F2
[1207] [M]: 0x00000000800012D8 (0x37F2B423) sd x31, 0x368(x5)                       inst_137+36
mem[W,0x0000000080004560] <- 0x00000000FFF984D1

clint mtime 0x000000000000025C (mip.MTI <- 0b1, mip.STI <- 0b0)
mem[X,0x00000000800012DC] -> 0x0F37
mem[X,0x00000000800012DE] -> 0x0000
[1208] [M]: 0x00000000800012DC (0x00000F37) lui x30, 0x0                            inst_138+0
x30 <- 0x0000000000000000

mem[X,0x00000000800012E0] -> 0x0F13
mem[X,0x00000000800012E2] -> 0x000F
[1209] [M]: 0x00000000800012E0 (0x000F0F13) addi x30, x30, 0x0                      inst_138+4
x30 <- 0x0000000000000000

clint mtime 0x000000000000025D (mip.MTI <- 0b1, mip.STI <- 0b0)
mem[X,0x00000000800012E4] -> 0x1F13
mem[X,0x00000000800012E6] -> 0x00BF
[1210] [M]: 0x00000000800012E4 (0x00BF1F13) slli x30, x30, 0xb                      inst_138+8
x30 <- 0x0000000000000000

mem[X,0x00000000800012E8] -> 0x0F13
mem[X,0x00000000800012EA] -> 0x7FFF
[1211] [M]: 0x00000000800012E8 (0x7FFF0F13) addi x30, x30, 0x7ff                    inst_138+12
x30 <- 0x00000000000007FF

clint mtime 0x000000000000025E (mip.MTI <- 0b1, mip.STI <- 0b0)
mem[X,0x00000000800012EC] -> 0x1F13
mem[X,0x00000000800012EE] -> 0x00BF
[1212] [M]: 0x00000000800012EC (0x00BF1F13) slli x30, x30, 0xb                      inst_138+16
x30 <- 0x00000000003FF800

mem[X,0x00000000800012F0] -> 0x0F13
mem[X,0x00000000800012F2] -> 0x736F
[1213] [M]: 0x00000000800012F0 (0x736F0F13) addi x30, x30, 0x736                    inst_138+20
x30 <- 0x00000000003FFF36

clint mtime 0x000000000000025F (mip.MTI <- 0b1, mip.STI <- 0b0)
mem[X,0x00000000800012F4] -> 0x1F13
mem[X,0x00000000800012F6] -> 0x00AF
[1214] [M]: 0x00000000800012F4 (0x00AF1F13) slli x30, x30, 0xa                      inst_138+24
x30 <- 0x00000000FFFCD800

mem[X,0x00000000800012F8] -> 0x0F13
mem[X,0x00000000800012FA] -> 0x30BF
[1215] [M]: 0x00000000800012F8 (0x30BF0F13) addi x30, x30, 0x30b                    inst_138+28
x30 <- 0x00000000FFFCDB0B

clint mtime 0x0000000000000260 (mip.MTI <- 0b1, mip.STI <- 0b0)
mem[X,0x00000000800012FC] -> 0x1F93
mem[X,0x00000000800012FE] -> 0x29DF
[1216] [M]: 0x00000000800012FC (0x29DF1F93) bseti x31, x30, 0x1d                    inst_138+32
x31 <- 0x00000000FFFCDB0B

mem[X,0x0000000080001300] -> 0xB823
mem[X,0x0000000080001302] -> 0x37F2
[1217] [M]: 0x0000000080001300 (0x37F2B823) sd x31, 0x370(x5)                       inst_138+36
mem[W,0x0000000080004568] <- 0x00000000FFFCDB0B

clint mtime 0x0000000000000261 (mip.MTI <- 0b1, mip.STI <- 0b0)
mem[X,0x0000000080001304] -> 0xBF37
mem[X,0x0000000080001306] -> 0x3FFF
[1218] [M]: 0x0000000080001304 (0x3FFFBF37) lui x30, 0x3fffb                        inst_139+0
x30 <- 0x000000003FFFB000

mem[X,0x0000000080001308] -> 0x0F13
mem[X,0x000000008000130A] -> 0x0ADF
[1219] [M]: 0x0000000080001308 (0x0ADF0F13) addi x30, x30, 0xad                     inst_139+4
x30 <- 0x000000003FFFB0AD

clint mtime 0x0000000000000262 (mip.MTI <- 0b1, mip.STI <- 0b0)
mem[X,0x000000008000130C] -> 0x1F13
mem[X,0x000000008000130E] -> 0x002F
[1220] [M]: 0x000000008000130C (0x002F1F13) slli x30, x30, 0x2                      inst_139+8
x30 <- 0x00000000FFFEC2B4

mem[X,0x0000000080001310] -> 0x1F93
mem[X,0x0000000080001312] -> 0x297F
[1221] [M]: 0x0000000080001310 (0x297F1F93) bseti x31, x30, 0x17                    inst_139+12
x31 <- 0x00000000FFFEC2B4

clint mtime 0x0000000000000263 (mip.MTI <- 0b1, mip.STI <- 0b0)
mem[X,0x0000000080001314] -> 0xBC23
mem[X,0x0000000080001316] -> 0x37F2
[1222] [M]: 0x0000000080001314 (0x37F2BC23) sd x31, 0x378(x5)                       inst_139+16
mem[W,0x0000000080004570] <- 0x00000000FFFEC2B4

mem[X,0x0000000080001318] -> 0x0F37
mem[X,0x000000008000131A] -> 0x0000
[1223] [M]: 0x0000000080001318 (0x00000F37) lui x30, 0x0                            inst_140+0
x30 <- 0x0000000000000000

clint mtime 0x0000000000000264 (mip.MTI <- 0b1, mip.STI <- 0b0)
mem[X,0x000000008000131C] -> 0x0F13
mem[X,0x000000008000131E] -> 0x000F
[1224] [M]: 0x000000008000131C (0x000F0F13) addi x30, x30, 0x0                      inst_140+4
x30 <- 0x0000000000000000

mem[X,0x0000000080001320] -> 0x1F13
mem[X,0x0000000080001322] -> 0x00BF
[1225] [M]: 0x0000000080001320 (0x00BF1F13) slli x30, x30, 0xb                      inst_140+8
x30 <- 0x0000000000000000

clint mtime 0x0000000000000265 (mip.MTI <- 0b1, mip.STI <- 0b0)
mem[X,0x0000000080001324] -> 0x0F13
mem[X,0x0000000080001326] -> 0x7FFF
[1226] [M]: 0x0000000080001324 (0x7FFF0F13) addi x30, x30, 0x7ff                    inst_140+12
x30 <- 0x00000000000007FF

mem[X,0x0000000080001328] -> 0x1F13
mem[X,0x000000008000132A] -> 0x00BF
[1227] [M]: 0x0000000080001328 (0x00BF1F13) slli x30, x30, 0xb                      inst_140+16
x30 <- 0x00000000003FF800

clint mtime 0x0000000000000266 (mip.MTI <- 0b1, mip.STI <- 0b0)
mem[X,0x000000008000132C] -> 0x0F13
mem[X,0x000000008000132E] -> 0x7C7F
[1228] [M]: 0x000000008000132C (0x7C7F0F13) addi x30, x30, 0x7c7                    inst_140+20
x30 <- 0x00000000003FFFC7

mem[X,0x0000000080001330] -> 0x1F13
mem[X,0x0000000080001332] -> 0x00AF
[1229] [M]: 0x0000000080001330 (0x00AF1F13) slli x30, x30, 0xa                      inst_140+24
x30 <- 0x00000000FFFF1C00

clint mtime 0x0000000000000267 (mip.MTI <- 0b1, mip.STI <- 0b0)
mem[X,0x0000000080001334] -> 0x0F13
mem[X,0x0000000080001336] -> 0x25FF
[1230] [M]: 0x0000000080001334 (0x25FF0F13) addi x30, x30, 0x25f                    inst_140+28
x30 <- 0x00000000FFFF1E5F

mem[X,0x0000000080001338] -> 0x1F93
mem[X,0x000000008000133A] -> 0x293F
[1231] [M]: 0x0000000080001338 (0x293F1F93) bseti x31, x30, 0x13                    inst_140+32
x31 <- 0x00000000FFFF1E5F

clint mtime 0x0000000000000268 (mip.MTI <- 0b1, mip.STI <- 0b0)
mem[X,0x000000008000133C] -> 0xB023
mem[X,0x000000008000133E] -> 0x39F2
[1232] [M]: 0x000000008000133C (0x39F2B023) sd x31, 0x380(x5)                       inst_140+36
mem[W,0x0000000080004578] <- 0x00000000FFFF1E5F

mem[X,0x0000000080001340] -> 0xDF37
mem[X,0x0000000080001342] -> 0x7FFF
[1233] [M]: 0x0000000080001340 (0x7FFFDF37) lui x30, 0x7fffd                        inst_141+0
x30 <- 0x000000007FFFD000

clint mtime 0x0000000000000269 (mip.MTI <- 0b1, mip.STI <- 0b0)
mem[X,0x0000000080001344] -> 0x0F13
mem[X,0x0000000080001346] -> 0x177F
[1234] [M]: 0x0000000080001344 (0x177F0F13) addi x30, x30, 0x177                    inst_141+4
x30 <- 0x000000007FFFD177

mem[X,0x0000000080001348] -> 0x1F13
mem[X,0x000000008000134A] -> 0x001F
[1235] [M]: 0x0000000080001348 (0x001F1F13) slli x30, x30, 0x1                      inst_141+8
x30 <- 0x00000000FFFFA2EE

clint mtime 0x000000000000026A (mip.MTI <- 0b1, mip.STI <- 0b0)
mem[X,0x000000008000134C] -> 0x1F93
mem[X,0x000000008000134E] -> 0x28BF
[1236] [M]: 0x000000008000134C (0x28BF1F93) bseti x31, x30, 0xb                     inst_141+12
x31 <- 0x00000000FFFFAAEE

mem[X,0x0000000080001350] -> 0xB423
mem[X,0x0000000080001352] -> 0x39F2
[1237] [M]: 0x0000000080001350 (0x39F2B423) sd x31, 0x388(x5)                       inst_141+16
mem[W,0x0000000080004580] <- 0x00000000FFFFAAEE

clint mtime 0x000000000000026B (mip.MTI <- 0b1, mip.STI <- 0b0)
mem[X,0x0000000080001354] -> 0x0F37
mem[X,0x0000000080001356] -> 0x0000
[1238] [M]: 0x0000000080001354 (0x00000F37) lui x30, 0x0                            inst_142+0
x30 <- 0x0000000000000000

mem[X,0x0000000080001358] -> 0x0F13
mem[X,0x000000008000135A] -> 0x000F
[1239] [M]: 0x0000000080001358 (0x000F0F13) addi x30, x30, 0x0                      inst_142+4
x30 <- 0x0000000000000000

clint mtime 0x000000000000026C (mip.MTI <- 0b1, mip.STI <- 0b0)
mem[X,0x000000008000135C] -> 0x1F13
mem[X,0x000000008000135E] -> 0x00BF
[1240] [M]: 0x000000008000135C (0x00BF1F13) slli x30, x30, 0xb                      inst_142+8
x30 <- 0x0000000000000000

mem[X,0x0000000080001360] -> 0x0F13
mem[X,0x0000000080001362] -> 0x7FFF
[1241] [M]: 0x0000000080001360 (0x7FFF0F13) addi x30, x30, 0x7ff                    inst_142+12
x30 <- 0x00000000000007FF

clint mtime 0x000000000000026D (mip.MTI <- 0b1, mip.STI <- 0b0)
mem[X,0x0000000080001364] -> 0x1F13
mem[X,0x0000000080001366] -> 0x00BF
[1242] [M]: 0x0000000080001364 (0x00BF1F13) slli x30, x30, 0xb                      inst_142+16
x30 <- 0x00000000003FF800

mem[X,0x0000000080001368] -> 0x0F13
mem[X,0x000000008000136A] -> 0x7F5F
[1243] [M]: 0x0000000080001368 (0x7F5F0F13) addi x30, x30, 0x7f5                    inst_142+20
x30 <- 0x00000000003FFFF5

clint mtime 0x000000000000026E (mip.MTI <- 0b1, mip.STI <- 0b0)
mem[X,0x000000008000136C] -> 0x1F13
mem[X,0x000000008000136E] -> 0x00AF
[1244] [M]: 0x000000008000136C (0x00AF1F13) slli x30, x30, 0xa                      inst_142+24
x30 <- 0x00000000FFFFD400

mem[X,0x0000000080001370] -> 0x0F13
mem[X,0x0000000080001372] -> 0x010F
[1245] [M]: 0x0000000080001370 (0x010F0F13) addi x30, x30, 0x10                     inst_142+28
x30 <- 0x00000000FFFFD410

clint mtime 0x000000000000026F (mip.MTI <- 0b1, mip.STI <- 0b0)
mem[X,0x0000000080001374] -> 0x1F93
mem[X,0x0000000080001376] -> 0x290F
[1246] [M]: 0x0000000080001374 (0x290F1F93) bseti x31, x30, 0x10                    inst_142+32
x31 <- 0x00000000FFFFD410

mem[X,0x0000000080001378] -> 0xB823
mem[X,0x000000008000137A] -> 0x39F2
[1247] [M]: 0x0000000080001378 (0x39F2B823) sd x31, 0x390(x5)                       inst_142+36
mem[W,0x0000000080004588] <- 0x00000000FFFFD410

clint mtime 0x0000000000000270 (mip.MTI <- 0b1, mip.STI <- 0b0)
mem[X,0x000000008000137C] -> 0xFF37
mem[X,0x000000008000137E] -> 0x7FFF
[1248] [M]: 0x000000008000137C (0x7FFFFF37) lui x30, 0x7ffff                        inst_143+0
x30 <- 0x000000007FFFF000

mem[X,0x0000000080001380] -> 0x0F13
mem[X,0x0000000080001382] -> 0x705F
[1249] [M]: 0x0000000080001380 (0x705F0F13) addi x30, x30, 0x705                    inst_143+4
x30 <- 0x000000007FFFF705

clint mtime 0x0000000000000271 (mip.MTI <- 0b1, mip.STI <- 0b0)
mem[X,0x0000000080001384] -> 0x1F13
mem[X,0x0000000080001386] -> 0x001F
[1250] [M]: 0x0000000080001384 (0x001F1F13) slli x30, x30, 0x1                      inst_143+8
x30 <- 0x00000000FFFFEE0A

mem[X,0x0000000080001388] -> 0x1F93
mem[X,0x000000008000138A] -> 0x29AF
[1251] [M]: 0x0000000080001388 (0x29AF1F93) bseti x31, x30, 0x1a                    inst_143+12
x31 <- 0x00000000FFFFEE0A

clint mtime 0x0000000000000272 (mip.MTI <- 0b1, mip.STI <- 0b0)
mem[X,0x000000008000138C] -> 0xBC23
mem[X,0x000000008000138E] -> 0x39F2
[1252] [M]: 0x000000008000138C (0x39F2BC23) sd x31, 0x398(x5)                       inst_143+16
mem[W,0x0000000080004590] <- 0x00000000FFFFEE0A

mem[X,0x0000000080001390] -> 0x0F37
mem[X,0x0000000080001392] -> 0x0000
[1253] [M]: 0x0000000080001390 (0x00000F37) lui x30, 0x0                            inst_144+0
x30 <- 0x0000000000000000

clint mtime 0x0000000000000273 (mip.MTI <- 0b1, mip.STI <- 0b0)
mem[X,0x0000000080001394] -> 0x0F13
mem[X,0x0000000080001396] -> 0x000F
[1254] [M]: 0x0000000080001394 (0x000F0F13) addi x30, x30, 0x0                      inst_144+4
x30 <- 0x0000000000000000

mem[X,0x0000000080001398] -> 0x1F13
mem[X,0x000000008000139A] -> 0x00BF
[1255] [M]: 0x0000000080001398 (0x00BF1F13) slli x30, x30, 0xb                      inst_144+8
x30 <- 0x0000000000000000

clint mtime 0x0000000000000274 (mip.MTI <- 0b1, mip.STI <- 0b0)
mem[X,0x000000008000139C] -> 0x0F13
mem[X,0x000000008000139E] -> 0x7FFF
[1256] [M]: 0x000000008000139C (0x7FFF0F13) addi x30, x30, 0x7ff                    inst_144+12
x30 <- 0x00000000000007FF

mem[X,0x00000000800013A0] -> 0x1F13
mem[X,0x00000000800013A2] -> 0x00BF
[1257] [M]: 0x00000000800013A0 (0x00BF1F13) slli x30, x30, 0xb                      inst_144+16
x30 <- 0x00000000003FF800

clint mtime 0x0000000000000275 (mip.MTI <- 0b1, mip.STI <- 0b0)
mem[X,0x00000000800013A4] -> 0x0F13
mem[X,0x00000000800013A6] -> 0x7FCF
[1258] [M]: 0x00000000800013A4 (0x7FCF0F13) addi x30, x30, 0x7fc                    inst_144+20
x30 <- 0x00000000003FFFFC

mem[X,0x00000000800013A8] -> 0x1F13
mem[X,0x00000000800013AA] -> 0x00AF
[1259] [M]: 0x00000000800013A8 (0x00AF1F13) slli x30, x30, 0xa                      inst_144+24
x30 <- 0x00000000FFFFF000

clint mtime 0x0000000000000276 (mip.MTI <- 0b1, mip.STI <- 0b0)
mem[X,0x00000000800013AC] -> 0x0F13
mem[X,0x00000000800013AE] -> 0x32AF
[1260] [M]: 0x00000000800013AC (0x32AF0F13) addi x30, x30, 0x32a                    inst_144+28
x30 <- 0x00000000FFFFF32A

mem[X,0x00000000800013B0] -> 0x1F93
mem[X,0x00000000800013B2] -> 0x296F
[1261] [M]: 0x00000000800013B0 (0x296F1F93) bseti x31, x30, 0x16                    inst_144+32
x31 <- 0x00000000FFFFF32A

clint mtime 0x0000000000000277 (mip.MTI <- 0b1, mip.STI <- 0b0)
mem[X,0x00000000800013B4] -> 0xB023
mem[X,0x00000000800013B6] -> 0x3BF2
[1262] [M]: 0x00000000800013B4 (0x3BF2B023) sd x31, 0x3a0(x5)                       inst_144+36
mem[W,0x0000000080004598] <- 0x00000000FFFFF32A

mem[X,0x00000000800013B8] -> 0x0F37
mem[X,0x00000000800013BA] -> 0x0000
[1263] [M]: 0x00000000800013B8 (0x00000F37) lui x30, 0x0                            inst_145+0
x30 <- 0x0000000000000000

clint mtime 0x0000000000000278 (mip.MTI <- 0b1, mip.STI <- 0b0)
mem[X,0x00000000800013BC] -> 0x0F13
mem[X,0x00000000800013BE] -> 0x000F
[1264] [M]: 0x00000000800013BC (0x000F0F13) addi x30, x30, 0x0                      inst_145+4
x30 <- 0x0000000000000000

mem[X,0x00000000800013C0] -> 0x1F13
mem[X,0x00000000800013C2] -> 0x00BF
[1265] [M]: 0x00000000800013C0 (0x00BF1F13) slli x30, x30, 0xb                      inst_145+8
x30 <- 0x0000000000000000

clint mtime 0x0000000000000279 (mip.MTI <- 0b1, mip.STI <- 0b0)
mem[X,0x00000000800013C4] -> 0x0F13
mem[X,0x00000000800013C6] -> 0x7FFF
[1266] [M]: 0x00000000800013C4 (0x7FFF0F13) addi x30, x30, 0x7ff                    inst_145+12
x30 <- 0x00000000000007FF

mem[X,0x00000000800013C8] -> 0x1F13
mem[X,0x00000000800013CA] -> 0x00BF
[1267] [M]: 0x00000000800013C8 (0x00BF1F13) slli x30, x30, 0xb                      inst_145+16
x30 <- 0x00000000003FF800

clint mtime 0x000000000000027A (mip.MTI <- 0b1, mip.STI <- 0b0)
mem[X,0x00000000800013CC] -> 0x0F13
mem[X,0x00000000800013CE] -> 0x7FEF
[1268] [M]: 0x00000000800013CC (0x7FEF0F13) addi x30, x30, 0x7fe                    inst_145+20
x30 <- 0x00000000003FFFFE

mem[X,0x00000000800013D0] -> 0x1F13
mem[X,0x00000000800013D2] -> 0x00AF
[1269] [M]: 0x00000000800013D0 (0x00AF1F13) slli x30, x30, 0xa                      inst_145+24
x30 <- 0x00000000FFFFF800

clint mtime 0x000000000000027B (mip.MTI <- 0b1, mip.STI <- 0b0)
mem[X,0x00000000800013D4] -> 0x0F13
mem[X,0x00000000800013D6] -> 0x384F
[1270] [M]: 0x00000000800013D4 (0x384F0F13) addi x30, x30, 0x384                    inst_145+28
x30 <- 0x00000000FFFFFB84

mem[X,0x00000000800013D8] -> 0x1F93
mem[X,0x00000000800013DA] -> 0x288F
[1271] [M]: 0x00000000800013D8 (0x288F1F93) bseti x31, x30, 0x8                     inst_145+32
x31 <- 0x00000000FFFFFB84

clint mtime 0x000000000000027C (mip.MTI <- 0b1, mip.STI <- 0b0)
mem[X,0x00000000800013DC] -> 0xB423
mem[X,0x00000000800013DE] -> 0x3BF2
[1272] [M]: 0x00000000800013DC (0x3BF2B423) sd x31, 0x3a8(x5)                       inst_145+36
mem[W,0x00000000800045A0] <- 0x00000000FFFFFB84

mem[X,0x00000000800013E0] -> 0x0F37
mem[X,0x00000000800013E2] -> 0x0000
[1273] [M]: 0x00000000800013E0 (0x00000F37) lui x30, 0x0                            inst_146+0
x30 <- 0x0000000000000000

clint mtime 0x000000000000027D (mip.MTI <- 0b1, mip.STI <- 0b0)
mem[X,0x00000000800013E4] -> 0x0F13
mem[X,0x00000000800013E6] -> 0x000F
[1274] [M]: 0x00000000800013E4 (0x000F0F13) addi x30, x30, 0x0                      inst_146+4
x30 <- 0x0000000000000000

mem[X,0x00000000800013E8] -> 0x1F13
mem[X,0x00000000800013EA] -> 0x00BF
[1275] [M]: 0x00000000800013E8 (0x00BF1F13) slli x30, x30, 0xb                      inst_146+8
x30 <- 0x0000000000000000

clint mtime 0x000000000000027E (mip.MTI <- 0b1, mip.STI <- 0b0)
mem[X,0x00000000800013EC] -> 0x0F13
mem[X,0x00000000800013EE] -> 0x7FFF
[1276] [M]: 0x00000000800013EC (0x7FFF0F13) addi x30, x30, 0x7ff                    inst_146+12
x30 <- 0x00000000000007FF

mem[X,0x00000000800013F0] -> 0x1F13
mem[X,0x00000000800013F2] -> 0x00BF
[1277] [M]: 0x00000000800013F0 (0x00BF1F13) slli x30, x30, 0xb                      inst_146+16
x30 <- 0x00000000003FF800

clint mtime 0x000000000000027F (mip.MTI <- 0b1, mip.STI <- 0b0)
mem[X,0x00000000800013F4] -> 0x0F13
mem[X,0x00000000800013F6] -> 0x7FFF
[1278] [M]: 0x00000000800013F4 (0x7FFF0F13) addi x30, x30, 0x7ff                    inst_146+20
x30 <- 0x00000000003FFFFF

mem[X,0x00000000800013F8] -> 0x1F13
mem[X,0x00000000800013FA] -> 0x00AF
[1279] [M]: 0x00000000800013F8 (0x00AF1F13) slli x30, x30, 0xa                      inst_146+24
x30 <- 0x00000000FFFFFC00

clint mtime 0x0000000000000280 (mip.MTI <- 0b1, mip.STI <- 0b0)
mem[X,0x00000000800013FC] -> 0x0F13
mem[X,0x00000000800013FE] -> 0x01DF
[1280] [M]: 0x00000000800013FC (0x01DF0F13) addi x30, x30, 0x1d                     inst_146+28
x30 <- 0x00000000FFFFFC1D

mem[X,0x0000000080001400] -> 0x1F93
mem[X,0x0000000080001402] -> 0x29AF
[1281] [M]: 0x0000000080001400 (0x29AF1F93) bseti x31, x30, 0x1a                    inst_146+32
x31 <- 0x00000000FFFFFC1D

clint mtime 0x0000000000000281 (mip.MTI <- 0b1, mip.STI <- 0b0)
mem[X,0x0000000080001404] -> 0xB823
mem[X,0x0000000080001406] -> 0x3BF2
[1282] [M]: 0x0000000080001404 (0x3BF2B823) sd x31, 0x3b0(x5)                       inst_146+36
mem[W,0x00000000800045A8] <- 0x00000000FFFFFC1D

mem[X,0x0000000080001408] -> 0x0F37
mem[X,0x000000008000140A] -> 0x0000
[1283] [M]: 0x0000000080001408 (0x00000F37) lui x30, 0x0                            inst_147+0
x30 <- 0x0000000000000000

clint mtime 0x0000000000000282 (mip.MTI <- 0b1, mip.STI <- 0b0)
mem[X,0x000000008000140C] -> 0x0F13
mem[X,0x000000008000140E] -> 0x000F
[1284] [M]: 0x000000008000140C (0x000F0F13) addi x30, x30, 0x0                      inst_147+4
x30 <- 0x0000000000000000

mem[X,0x0000000080001410] -> 0x1F13
mem[X,0x0000000080001412] -> 0x00BF
[1285] [M]: 0x0000000080001410 (0x00BF1F13) slli x30, x30, 0xb                      inst_147+8
x30 <- 0x0000000000000000

clint mtime 0x0000000000000283 (mip.MTI <- 0b1, mip.STI <- 0b0)
mem[X,0x0000000080001414] -> 0x0F13
mem[X,0x0000000080001416] -> 0x7FFF
[1286] [M]: 0x0000000080001414 (0x7FFF0F13) addi x30, x30, 0x7ff                    inst_147+12
x30 <- 0x00000000000007FF

mem[X,0x0000000080001418] -> 0x1F13
mem[X,0x000000008000141A] -> 0x00BF
[1287] [M]: 0x0000000080001418 (0x00BF1F13) slli x30, x30, 0xb                      inst_147+16
x30 <- 0x00000000003FF800

clint mtime 0x0000000000000284 (mip.MTI <- 0b1, mip.STI <- 0b0)
mem[X,0x000000008000141C] -> 0x0F13
mem[X,0x000000008000141E] -> 0x7FFF
[1288] [M]: 0x000000008000141C (0x7FFF0F13) addi x30, x30, 0x7ff                    inst_147+20
x30 <- 0x00000000003FFFFF

mem[X,0x0000000080001420] -> 0x1F13
mem[X,0x0000000080001422] -> 0x00AF
[1289] [M]: 0x0000000080001420 (0x00AF1F13) slli x30, x30, 0xa                      inst_147+24
x30 <- 0x00000000FFFFFC00

clint mtime 0x0000000000000285 (mip.MTI <- 0b1, mip.STI <- 0b0)
mem[X,0x0000000080001424] -> 0x0F13
mem[X,0x0000000080001426] -> 0x231F
[1290] [M]: 0x0000000080001424 (0x231F0F13) addi x30, x30, 0x231                    inst_147+28
x30 <- 0x00000000FFFFFE31

mem[X,0x0000000080001428] -> 0x1F93
mem[X,0x000000008000142A] -> 0x297F
[1291] [M]: 0x0000000080001428 (0x297F1F93) bseti x31, x30, 0x17                    inst_147+32
x31 <- 0x00000000FFFFFE31

clint mtime 0x0000000000000286 (mip.MTI <- 0b1, mip.STI <- 0b0)
mem[X,0x000000008000142C] -> 0xBC23
mem[X,0x000000008000142E] -> 0x3BF2
[1292] [M]: 0x000000008000142C (0x3BF2BC23) sd x31, 0x3b8(x5)                       inst_147+36
mem[W,0x00000000800045B0] <- 0x00000000FFFFFE31

mem[X,0x0000000080001430] -> 0x0F37
mem[X,0x0000000080001432] -> 0x0000
[1293] [M]: 0x0000000080001430 (0x00000F37) lui x30, 0x0                            inst_148+0
x30 <- 0x0000000000000000

clint mtime 0x0000000000000287 (mip.MTI <- 0b1, mip.STI <- 0b0)
mem[X,0x0000000080001434] -> 0x0F13
mem[X,0x0000000080001436] -> 0x000F
[1294] [M]: 0x0000000080001434 (0x000F0F13) addi x30, x30, 0x0                      inst_148+4
x30 <- 0x0000000000000000

mem[X,0x0000000080001438] -> 0x1F13
mem[X,0x000000008000143A] -> 0x00BF
[1295] [M]: 0x0000000080001438 (0x00BF1F13) slli x30, x30, 0xb                      inst_148+8
x30 <- 0x0000000000000000

clint mtime 0x0000000000000288 (mip.MTI <- 0b1, mip.STI <- 0b0)
mem[X,0x000000008000143C] -> 0x0F13
mem[X,0x000000008000143E] -> 0x7FFF
[1296] [M]: 0x000000008000143C (0x7FFF0F13) addi x30, x30, 0x7ff                    inst_148+12
x30 <- 0x00000000000007FF

mem[X,0x0000000080001440] -> 0x1F13
mem[X,0x0000000080001442] -> 0x00BF
[1297] [M]: 0x0000000080001440 (0x00BF1F13) slli x30, x30, 0xb                      inst_148+16
x30 <- 0x00000000003FF800

clint mtime 0x0000000000000289 (mip.MTI <- 0b1, mip.STI <- 0b0)
mem[X,0x0000000080001444] -> 0x0F13
mem[X,0x0000000080001446] -> 0x7FFF
[1298] [M]: 0x0000000080001444 (0x7FFF0F13) addi x30, x30, 0x7ff                    inst_148+20
x30 <- 0x00000000003FFFFF

mem[X,0x0000000080001448] -> 0x1F13
mem[X,0x000000008000144A] -> 0x00AF
[1299] [M]: 0x0000000080001448 (0x00AF1F13) slli x30, x30, 0xa                      inst_148+24
x30 <- 0x00000000FFFFFC00

clint mtime 0x000000000000028A (mip.MTI <- 0b1, mip.STI <- 0b0)
mem[X,0x000000008000144C] -> 0x0F13
mem[X,0x000000008000144E] -> 0x344F
[1300] [M]: 0x000000008000144C (0x344F0F13) addi x30, x30, 0x344                    inst_148+28
x30 <- 0x00000000FFFFFF44

mem[X,0x0000000080001450] -> 0x1F93
mem[X,0x0000000080001452] -> 0x284F
[1301] [M]: 0x0000000080001450 (0x284F1F93) bseti x31, x30, 0x4                     inst_148+32
x31 <- 0x00000000FFFFFF54

clint mtime 0x000000000000028B (mip.MTI <- 0b1, mip.STI <- 0b0)
mem[X,0x0000000080001454] -> 0xB023
mem[X,0x0000000080001456] -> 0x3DF2
[1302] [M]: 0x0000000080001454 (0x3DF2B023) sd x31, 0x3c0(x5)                       inst_148+36
mem[W,0x00000000800045B8] <- 0x00000000FFFFFF54

mem[X,0x0000000080001458] -> 0x0F37
mem[X,0x000000008000145A] -> 0x0000
[1303] [M]: 0x0000000080001458 (0x00000F37) lui x30, 0x0                            inst_149+0
x30 <- 0x0000000000000000

clint mtime 0x000000000000028C (mip.MTI <- 0b1, mip.STI <- 0b0)
mem[X,0x000000008000145C] -> 0x0F13
mem[X,0x000000008000145E] -> 0x000F
[1304] [M]: 0x000000008000145C (0x000F0F13) addi x30, x30, 0x0                      inst_149+4
x30 <- 0x0000000000000000

mem[X,0x0000000080001460] -> 0x1F13
mem[X,0x0000000080001462] -> 0x00BF
[1305] [M]: 0x0000000080001460 (0x00BF1F13) slli x30, x30, 0xb                      inst_149+8
x30 <- 0x0000000000000000

clint mtime 0x000000000000028D (mip.MTI <- 0b1, mip.STI <- 0b0)
mem[X,0x0000000080001464] -> 0x0F13
mem[X,0x0000000080001466] -> 0x7FFF
[1306] [M]: 0x0000000080001464 (0x7FFF0F13) addi x30, x30, 0x7ff                    inst_149+12
x30 <- 0x00000000000007FF

mem[X,0x0000000080001468] -> 0x1F13
mem[X,0x000000008000146A] -> 0x00BF
[1307] [M]: 0x0000000080001468 (0x00BF1F13) slli x30, x30, 0xb                      inst_149+16
x30 <- 0x00000000003FF800

clint mtime 0x000000000000028E (mip.MTI <- 0b1, mip.STI <- 0b0)
mem[X,0x000000008000146C] -> 0x0F13
mem[X,0x000000008000146E] -> 0x7FFF
[1308] [M]: 0x000000008000146C (0x7FFF0F13) addi x30, x30, 0x7ff                    inst_149+20
x30 <- 0x00000000003FFFFF

mem[X,0x0000000080001470] -> 0x1F13
mem[X,0x0000000080001472] -> 0x00AF
[1309] [M]: 0x0000000080001470 (0x00AF1F13) slli x30, x30, 0xa                      inst_149+24
x30 <- 0x00000000FFFFFC00

clint mtime 0x000000000000028F (mip.MTI <- 0b1, mip.STI <- 0b0)
mem[X,0x0000000080001474] -> 0x0F13
mem[X,0x0000000080001476] -> 0x3BAF
[1310] [M]: 0x0000000080001474 (0x3BAF0F13) addi x30, x30, 0x3ba                    inst_149+28
x30 <- 0x00000000FFFFFFBA

mem[X,0x0000000080001478] -> 0x1F93
mem[X,0x000000008000147A] -> 0x29FF
[1311] [M]: 0x0000000080001478 (0x29FF1F93) bseti x31, x30, 0x1f                    inst_149+32
x31 <- 0x00000000FFFFFFBA

clint mtime 0x0000000000000290 (mip.MTI <- 0b1, mip.STI <- 0b0)
mem[X,0x000000008000147C] -> 0xB423
mem[X,0x000000008000147E] -> 0x3DF2
[1312] [M]: 0x000000008000147C (0x3DF2B423) sd x31, 0x3c8(x5)                       inst_149+36
mem[W,0x00000000800045C0] <- 0x00000000FFFFFFBA

mem[X,0x0000000080001480] -> 0x0F37
mem[X,0x0000000080001482] -> 0x0000
[1313] [M]: 0x0000000080001480 (0x00000F37) lui x30, 0x0                            inst_150+0
x30 <- 0x0000000000000000

clint mtime 0x0000000000000291 (mip.MTI <- 0b1, mip.STI <- 0b0)
mem[X,0x0000000080001484] -> 0x0F13
mem[X,0x0000000080001486] -> 0x000F
[1314] [M]: 0x0000000080001484 (0x000F0F13) addi x30, x30, 0x0                      inst_150+4
x30 <- 0x0000000000000000

mem[X,0x0000000080001488] -> 0x1F13
mem[X,0x000000008000148A] -> 0x00BF
[1315] [M]: 0x0000000080001488 (0x00BF1F13) slli x30, x30, 0xb                      inst_150+8
x30 <- 0x0000000000000000

clint mtime 0x0000000000000292 (mip.MTI <- 0b1, mip.STI <- 0b0)
mem[X,0x000000008000148C] -> 0x0F13
mem[X,0x000000008000148E] -> 0x7FFF
[1316] [M]: 0x000000008000148C (0x7FFF0F13) addi x30, x30, 0x7ff                    inst_150+12
x30 <- 0x00000000000007FF

mem[X,0x0000000080001490] -> 0x1F13
mem[X,0x0000000080001492] -> 0x00BF
[1317] [M]: 0x0000000080001490 (0x00BF1F13) slli x30, x30, 0xb                      inst_150+16
x30 <- 0x00000000003FF800

clint mtime 0x0000000000000293 (mip.MTI <- 0b1, mip.STI <- 0b0)
mem[X,0x0000000080001494] -> 0x0F13
mem[X,0x0000000080001496] -> 0x7FFF
[1318] [M]: 0x0000000080001494 (0x7FFF0F13) addi x30, x30, 0x7ff                    inst_150+20
x30 <- 0x00000000003FFFFF

mem[X,0x0000000080001498] -> 0x1F13
mem[X,0x000000008000149A] -> 0x00AF
[1319] [M]: 0x0000000080001498 (0x00AF1F13) slli x30, x30, 0xa                      inst_150+24
x30 <- 0x00000000FFFFFC00

clint mtime 0x0000000000000294 (mip.MTI <- 0b1, mip.STI <- 0b0)
mem[X,0x000000008000149C] -> 0x0F13
mem[X,0x000000008000149E] -> 0x3C6F
[1320] [M]: 0x000000008000149C (0x3C6F0F13) addi x30, x30, 0x3c6                    inst_150+28
x30 <- 0x00000000FFFFFFC6

mem[X,0x00000000800014A0] -> 0x1F93
mem[X,0x00000000800014A2] -> 0x28AF
[1321] [M]: 0x00000000800014A0 (0x28AF1F93) bseti x31, x30, 0xa                     inst_150+32
x31 <- 0x00000000FFFFFFC6

clint mtime 0x0000000000000295 (mip.MTI <- 0b1, mip.STI <- 0b0)
mem[X,0x00000000800014A4] -> 0xB823
mem[X,0x00000000800014A6] -> 0x3DF2
[1322] [M]: 0x00000000800014A4 (0x3DF2B823) sd x31, 0x3d0(x5)                       inst_150+36
mem[W,0x00000000800045C8] <- 0x00000000FFFFFFC6

mem[X,0x00000000800014A8] -> 0x0F37
mem[X,0x00000000800014AA] -> 0x0000
[1323] [M]: 0x00000000800014A8 (0x00000F37) lui x30, 0x0                            inst_151+0
x30 <- 0x0000000000000000

clint mtime 0x0000000000000296 (mip.MTI <- 0b1, mip.STI <- 0b0)
mem[X,0x00000000800014AC] -> 0x0F13
mem[X,0x00000000800014AE] -> 0x000F
[1324] [M]: 0x00000000800014AC (0x000F0F13) addi x30, x30, 0x0                      inst_151+4
x30 <- 0x0000000000000000

mem[X,0x00000000800014B0] -> 0x1F13
mem[X,0x00000000800014B2] -> 0x00BF
[1325] [M]: 0x00000000800014B0 (0x00BF1F13) slli x30, x30, 0xb                      inst_151+8
x30 <- 0x0000000000000000

clint mtime 0x0000000000000297 (mip.MTI <- 0b1, mip.STI <- 0b0)
mem[X,0x00000000800014B4] -> 0x0F13
mem[X,0x00000000800014B6] -> 0x7FFF
[1326] [M]: 0x00000000800014B4 (0x7FFF0F13) addi x30, x30, 0x7ff                    inst_151+12
x30 <- 0x00000000000007FF

mem[X,0x00000000800014B8] -> 0x1F13
mem[X,0x00000000800014BA] -> 0x00BF
[1327] [M]: 0x00000000800014B8 (0x00BF1F13) slli x30, x30, 0xb                      inst_151+16
x30 <- 0x00000000003FF800

clint mtime 0x0000000000000298 (mip.MTI <- 0b1, mip.STI <- 0b0)
mem[X,0x00000000800014BC] -> 0x0F13
mem[X,0x00000000800014BE] -> 0x7FFF
[1328] [M]: 0x00000000800014BC (0x7FFF0F13) addi x30, x30, 0x7ff                    inst_151+20
x30 <- 0x00000000003FFFFF

mem[X,0x00000000800014C0] -> 0x1F13
mem[X,0x00000000800014C2] -> 0x00AF
[1329] [M]: 0x00000000800014C0 (0x00AF1F13) slli x30, x30, 0xa                      inst_151+24
x30 <- 0x00000000FFFFFC00

clint mtime 0x0000000000000299 (mip.MTI <- 0b1, mip.STI <- 0b0)
mem[X,0x00000000800014C4] -> 0x0F13
mem[X,0x00000000800014C6] -> 0x3E8F
[1330] [M]: 0x00000000800014C4 (0x3E8F0F13) addi x30, x30, 0x3e8                    inst_151+28
x30 <- 0x00000000FFFFFFE8

mem[X,0x00000000800014C8] -> 0x1F93
mem[X,0x00000000800014CA] -> 0x291F
[1331] [M]: 0x00000000800014C8 (0x291F1F93) bseti x31, x30, 0x11                    inst_151+32
x31 <- 0x00000000FFFFFFE8

clint mtime 0x000000000000029A (mip.MTI <- 0b1, mip.STI <- 0b0)
mem[X,0x00000000800014CC] -> 0xBC23
mem[X,0x00000000800014CE] -> 0x3DF2
[1332] [M]: 0x00000000800014CC (0x3DF2BC23) sd x31, 0x3d8(x5)                       inst_151+36
mem[W,0x00000000800045D0] <- 0x00000000FFFFFFE8

mem[X,0x00000000800014D0] -> 0x0F37
mem[X,0x00000000800014D2] -> 0x0000
[1333] [M]: 0x00000000800014D0 (0x00000F37) lui x30, 0x0                            inst_152+0
x30 <- 0x0000000000000000

clint mtime 0x000000000000029B (mip.MTI <- 0b1, mip.STI <- 0b0)
mem[X,0x00000000800014D4] -> 0x0F13
mem[X,0x00000000800014D6] -> 0x000F
[1334] [M]: 0x00000000800014D4 (0x000F0F13) addi x30, x30, 0x0                      inst_152+4
x30 <- 0x0000000000000000

mem[X,0x00000000800014D8] -> 0x1F13
mem[X,0x00000000800014DA] -> 0x00BF
[1335] [M]: 0x00000000800014D8 (0x00BF1F13) slli x30, x30, 0xb                      inst_152+8
x30 <- 0x0000000000000000

clint mtime 0x000000000000029C (mip.MTI <- 0b1, mip.STI <- 0b0)
mem[X,0x00000000800014DC] -> 0x0F13
mem[X,0x00000000800014DE] -> 0x7FFF
[1336] [M]: 0x00000000800014DC (0x7FFF0F13) addi x30, x30, 0x7ff                    inst_152+12
x30 <- 0x00000000000007FF

mem[X,0x00000000800014E0] -> 0x1F13
mem[X,0x00000000800014E2] -> 0x00BF
[1337] [M]: 0x00000000800014E0 (0x00BF1F13) slli x30, x30, 0xb                      inst_152+16
x30 <- 0x00000000003FF800

clint mtime 0x000000000000029D (mip.MTI <- 0b1, mip.STI <- 0b0)
mem[X,0x00000000800014E4] -> 0x0F13
mem[X,0x00000000800014E6] -> 0x7FFF
[1338] [M]: 0x00000000800014E4 (0x7FFF0F13) addi x30, x30, 0x7ff                    inst_152+20
x30 <- 0x00000000003FFFFF

mem[X,0x00000000800014E8] -> 0x1F13
mem[X,0x00000000800014EA] -> 0x00AF
[1339] [M]: 0x00000000800014E8 (0x00AF1F13) slli x30, x30, 0xa                      inst_152+24
x30 <- 0x00000000FFFFFC00

clint mtime 0x000000000000029E (mip.MTI <- 0b1, mip.STI <- 0b0)
mem[X,0x00000000800014EC] -> 0x0F13
mem[X,0x00000000800014EE] -> 0x3F2F
[1340] [M]: 0x00000000800014EC (0x3F2F0F13) addi x30, x30, 0x3f2                    inst_152+28
x30 <- 0x00000000FFFFFFF2

mem[X,0x00000000800014F0] -> 0x1F93
mem[X,0x00000000800014F2] -> 0x29FF
[1341] [M]: 0x00000000800014F0 (0x29FF1F93) bseti x31, x30, 0x1f                    inst_152+32
x31 <- 0x00000000FFFFFFF2

clint mtime 0x000000000000029F (mip.MTI <- 0b1, mip.STI <- 0b0)
mem[X,0x00000000800014F4] -> 0xB023
mem[X,0x00000000800014F6] -> 0x3FF2
[1342] [M]: 0x00000000800014F4 (0x3FF2B023) sd x31, 0x3e0(x5)                       inst_152+36
mem[W,0x00000000800045D8] <- 0x00000000FFFFFFF2

mem[X,0x00000000800014F8] -> 0x0F37
mem[X,0x00000000800014FA] -> 0x0000
[1343] [M]: 0x00000000800014F8 (0x00000F37) lui x30, 0x0                            inst_153+0
x30 <- 0x0000000000000000

clint mtime 0x00000000000002A0 (mip.MTI <- 0b1, mip.STI <- 0b0)
mem[X,0x00000000800014FC] -> 0x0F13
mem[X,0x00000000800014FE] -> 0x000F
[1344] [M]: 0x00000000800014FC (0x000F0F13) addi x30, x30, 0x0                      inst_153+4
x30 <- 0x0000000000000000

mem[X,0x0000000080001500] -> 0x1F13
mem[X,0x0000000080001502] -> 0x00BF
[1345] [M]: 0x0000000080001500 (0x00BF1F13) slli x30, x30, 0xb                      inst_153+8
x30 <- 0x0000000000000000

clint mtime 0x00000000000002A1 (mip.MTI <- 0b1, mip.STI <- 0b0)
mem[X,0x0000000080001504] -> 0x0F13
mem[X,0x0000000080001506] -> 0x7FFF
[1346] [M]: 0x0000000080001504 (0x7FFF0F13) addi x30, x30, 0x7ff                    inst_153+12
x30 <- 0x00000000000007FF

mem[X,0x0000000080001508] -> 0x1F13
mem[X,0x000000008000150A] -> 0x00BF
[1347] [M]: 0x0000000080001508 (0x00BF1F13) slli x30, x30, 0xb                      inst_153+16
x30 <- 0x00000000003FF800

clint mtime 0x00000000000002A2 (mip.MTI <- 0b1, mip.STI <- 0b0)
mem[X,0x000000008000150C] -> 0x0F13
mem[X,0x000000008000150E] -> 0x7FFF
[1348] [M]: 0x000000008000150C (0x7FFF0F13) addi x30, x30, 0x7ff                    inst_153+20
x30 <- 0x00000000003FFFFF

mem[X,0x0000000080001510] -> 0x1F13
mem[X,0x0000000080001512] -> 0x00AF
[1349] [M]: 0x0000000080001510 (0x00AF1F13) slli x30, x30, 0xa                      inst_153+24
x30 <- 0x00000000FFFFFC00

clint mtime 0x00000000000002A3 (mip.MTI <- 0b1, mip.STI <- 0b0)
mem[X,0x0000000080001514] -> 0x0F13
mem[X,0x0000000080001516] -> 0x3F9F
[1350] [M]: 0x0000000080001514 (0x3F9F0F13) addi x30, x30, 0x3f9                    inst_153+28
x30 <- 0x00000000FFFFFFF9

mem[X,0x0000000080001518] -> 0x1F93
mem[X,0x000000008000151A] -> 0x29DF
[1351] [M]: 0x0000000080001518 (0x29DF1F93) bseti x31, x30, 0x1d                    inst_153+32
x31 <- 0x00000000FFFFFFF9

clint mtime 0x00000000000002A4 (mip.MTI <- 0b1, mip.STI <- 0b0)
mem[X,0x000000008000151C] -> 0xB423
mem[X,0x000000008000151E] -> 0x3FF2
[1352] [M]: 0x000000008000151C (0x3FF2B423) sd x31, 0x3e8(x5)                       inst_153+36
mem[W,0x00000000800045E0] <- 0x00000000FFFFFFF9

mem[X,0x0000000080001520] -> 0x0F37
mem[X,0x0000000080001522] -> 0x0000
[1353] [M]: 0x0000000080001520 (0x00000F37) lui x30, 0x0                            inst_154+0
x30 <- 0x0000000000000000

clint mtime 0x00000000000002A5 (mip.MTI <- 0b1, mip.STI <- 0b0)
mem[X,0x0000000080001524] -> 0x0F13
mem[X,0x0000000080001526] -> 0x000F
[1354] [M]: 0x0000000080001524 (0x000F0F13) addi x30, x30, 0x0                      inst_154+4
x30 <- 0x0000000000000000

mem[X,0x0000000080001528] -> 0x1F13
mem[X,0x000000008000152A] -> 0x00BF
[1355] [M]: 0x0000000080001528 (0x00BF1F13) slli x30, x30, 0xb                      inst_154+8
x30 <- 0x0000000000000000

clint mtime 0x00000000000002A6 (mip.MTI <- 0b1, mip.STI <- 0b0)
mem[X,0x000000008000152C] -> 0x0F13
mem[X,0x000000008000152E] -> 0x7FFF
[1356] [M]: 0x000000008000152C (0x7FFF0F13) addi x30, x30, 0x7ff                    inst_154+12
x30 <- 0x00000000000007FF

mem[X,0x0000000080001530] -> 0x1F13
mem[X,0x0000000080001532] -> 0x00BF
[1357] [M]: 0x0000000080001530 (0x00BF1F13) slli x30, x30, 0xb                      inst_154+16
x30 <- 0x00000000003FF800

clint mtime 0x00000000000002A7 (mip.MTI <- 0b1, mip.STI <- 0b0)
mem[X,0x0000000080001534] -> 0x0F13
mem[X,0x0000000080001536] -> 0x7FFF
[1358] [M]: 0x0000000080001534 (0x7FFF0F13) addi x30, x30, 0x7ff                    inst_154+20
x30 <- 0x00000000003FFFFF

mem[X,0x0000000080001538] -> 0x1F13
mem[X,0x000000008000153A] -> 0x00AF
[1359] [M]: 0x0000000080001538 (0x00AF1F13) slli x30, x30, 0xa                      inst_154+24
x30 <- 0x00000000FFFFFC00

clint mtime 0x00000000000002A8 (mip.MTI <- 0b1, mip.STI <- 0b0)
mem[X,0x000000008000153C] -> 0x0F13
mem[X,0x000000008000153E] -> 0x3FDF
[1360] [M]: 0x000000008000153C (0x3FDF0F13) addi x30, x30, 0x3fd                    inst_154+28
x30 <- 0x00000000FFFFFFFD

mem[X,0x0000000080001540] -> 0x1F93
mem[X,0x0000000080001542] -> 0x280F
[1361] [M]: 0x0000000080001540 (0x280F1F93) bseti x31, x30, 0x0                     inst_154+32
x31 <- 0x00000000FFFFFFFD

clint mtime 0x00000000000002A9 (mip.MTI <- 0b1, mip.STI <- 0b0)
mem[X,0x0000000080001544] -> 0xB823
mem[X,0x0000000080001546] -> 0x3FF2
[1362] [M]: 0x0000000080001544 (0x3FF2B823) sd x31, 0x3f0(x5)                       inst_154+36
mem[W,0x00000000800045E8] <- 0x00000000FFFFFFFD

mem[X,0x0000000080001548] -> 0x0F13
mem[X,0x000000008000154A] -> 0xFFF0
[1363] [M]: 0x0000000080001548 (0xFFF00F13) addi x30, x0, -0x1                      inst_155+0
x30 <- 0xFFFFFFFFFFFFFFFF

clint mtime 0x00000000000002AA (mip.MTI <- 0b1, mip.STI <- 0b0)
mem[X,0x000000008000154C] -> 0x5F13
mem[X,0x000000008000154E] -> 0x021F
[1364] [M]: 0x000000008000154C (0x021F5F13) srli x30, x30, 0x21                     inst_155+4
x30 <- 0x000000007FFFFFFF

mem[X,0x0000000080001550] -> 0x1F13
mem[X,0x0000000080001552] -> 0x001F
[1365] [M]: 0x0000000080001550 (0x001F1F13) slli x30, x30, 0x1                      inst_155+8
x30 <- 0x00000000FFFFFFFE

clint mtime 0x00000000000002AB (mip.MTI <- 0b1, mip.STI <- 0b0)
mem[X,0x0000000080001554] -> 0x1F93
mem[X,0x0000000080001556] -> 0x29EF
[1366] [M]: 0x0000000080001554 (0x29EF1F93) bseti x31, x30, 0x1e                    inst_155+12
x31 <- 0x00000000FFFFFFFE

mem[X,0x0000000080001558] -> 0xBC23
mem[X,0x000000008000155A] -> 0x3FF2
[1367] [M]: 0x0000000080001558 (0x3FF2BC23) sd x31, 0x3f8(x5)                       inst_155+16
mem[W,0x00000000800045F0] <- 0x00000000FFFFFFFE

clint mtime 0x00000000000002AC (mip.MTI <- 0b1, mip.STI <- 0b0)
mem[X,0x000000008000155C] -> 0x5F37
mem[X,0x000000008000155E] -> 0x004C
[1368] [M]: 0x000000008000155C (0x004C5F37) lui x30, 0x4c5                          inst_156+0
x30 <- 0x00000000004C5000

mem[X,0x0000000080001560] -> 0x0F13
mem[X,0x0000000080001562] -> 0x6BBF
[1369] [M]: 0x0000000080001560 (0x6BBF0F13) addi x30, x30, 0x6bb                    inst_156+4
x30 <- 0x00000000004C56BB

clint mtime 0x00000000000002AD (mip.MTI <- 0b1, mip.STI <- 0b0)
mem[X,0x0000000080001564] -> 0x1F13
mem[X,0x0000000080001566] -> 0x008F
[1370] [M]: 0x0000000080001564 (0x008F1F13) slli x30, x30, 0x8                      inst_156+8
x30 <- 0x000000004C56BB00

mem[X,0x0000000080001568] -> 0x1F93
mem[X,0x000000008000156A] -> 0x289F
[1371] [M]: 0x0000000080001568 (0x289F1F93) bseti x31, x30, 0x9                     inst_156+12
x31 <- 0x000000004C56BB00

clint mtime 0x00000000000002AE (mip.MTI <- 0b1, mip.STI <- 0b0)
mem[X,0x000000008000156C] -> 0xB023
mem[X,0x000000008000156E] -> 0x41F2
[1372] [M]: 0x000000008000156C (0x41F2B023) sd x31, 0x400(x5)                       inst_156+16
mem[W,0x00000000800045F8] <- 0x000000004C56BB00

mem[X,0x0000000080001570] -> 0x0F37
mem[X,0x0000000080001572] -> 0x0000
[1373] [M]: 0x0000000080001570 (0x00000F37) lui x30, 0x0                            inst_157+0
x30 <- 0x0000000000000000

clint mtime 0x00000000000002AF (mip.MTI <- 0b1, mip.STI <- 0b0)
mem[X,0x0000000080001574] -> 0x0F13
mem[X,0x0000000080001576] -> 0x000F
[1374] [M]: 0x0000000080001574 (0x000F0F13) addi x30, x30, 0x0                      inst_157+4
x30 <- 0x0000000000000000

mem[X,0x0000000080001578] -> 0x1F13
mem[X,0x000000008000157A] -> 0x00BF
[1375] [M]: 0x0000000080001578 (0x00BF1F13) slli x30, x30, 0xb                      inst_157+8
x30 <- 0x0000000000000000

clint mtime 0x00000000000002B0 (mip.MTI <- 0b1, mip.STI <- 0b0)
mem[X,0x000000008000157C] -> 0x0F13
mem[X,0x000000008000157E] -> 0x396F
[1376] [M]: 0x000000008000157C (0x396F0F13) addi x30, x30, 0x396                    inst_157+12
x30 <- 0x0000000000000396

mem[X,0x0000000080001580] -> 0x1F13
mem[X,0x0000000080001582] -> 0x00BF
[1377] [M]: 0x0000000080001580 (0x00BF1F13) slli x30, x30, 0xb                      inst_157+16
x30 <- 0x00000000001CB000

clint mtime 0x00000000000002B1 (mip.MTI <- 0b1, mip.STI <- 0b0)
mem[X,0x0000000080001584] -> 0x0F13
mem[X,0x0000000080001586] -> 0x160F
[1378] [M]: 0x0000000080001584 (0x160F0F13) addi x30, x30, 0x160                    inst_157+20
x30 <- 0x00000000001CB160

mem[X,0x0000000080001588] -> 0x1F13
mem[X,0x000000008000158A] -> 0x00AF
[1379] [M]: 0x0000000080001588 (0x00AF1F13) slli x30, x30, 0xa                      inst_157+24
x30 <- 0x0000000072C58000

clint mtime 0x00000000000002B2 (mip.MTI <- 0b1, mip.STI <- 0b0)
mem[X,0x000000008000158C] -> 0x0F13
mem[X,0x000000008000158E] -> 0x380F
[1380] [M]: 0x000000008000158C (0x380F0F13) addi x30, x30, 0x380                    inst_157+28
x30 <- 0x0000000072C58380

mem[X,0x0000000080001590] -> 0x1F93
mem[X,0x0000000080001592] -> 0x280F
[1381] [M]: 0x0000000080001590 (0x280F1F93) bseti x31, x30, 0x0                     inst_157+32
x31 <- 0x0000000072C58381

clint mtime 0x00000000000002B3 (mip.MTI <- 0b1, mip.STI <- 0b0)
mem[X,0x0000000080001594] -> 0xB423
mem[X,0x0000000080001596] -> 0x41F2
[1382] [M]: 0x0000000080001594 (0x41F2B423) sd x31, 0x408(x5)                       inst_157+36
mem[W,0x0000000080004600] <- 0x0000000072C58381

mem[X,0x0000000080001598] -> 0x006F
mem[X,0x000000008000159A] -> 0x0380
[1383] [M]: 0x0000000080001598 (0x0380006F) jal x0, 0x38                            rvtest_code_end+0

clint mtime 0x00000000000002B4 (mip.MTI <- 0b1, mip.STI <- 0b0)
mem[X,0x00000000800015D0] -> 0x0093
mem[X,0x00000000800015D2] -> 0x0010
[1384] [M]: 0x00000000800015D0 (0x00100093) addi x1, x0, 0x1                        exit_cleanup+0
x1 <- 0x0000000000000001

mem[X,0x00000000800015D4] -> 0x1397
mem[X,0x00000000800015D6] -> 0x0000
[1385] [M]: 0x00000000800015D4 (0x00001397) auipc x7, 0x1                           exit_cleanup+4
x7 <- 0x00000000800025D4

clint mtime 0x00000000000002B5 (mip.MTI <- 0b1, mip.STI <- 0b0)
mem[X,0x00000000800015D8] -> 0xA623
mem[X,0x00000000800015DA] -> 0xA213
[1386] [M]: 0x00000000800015D8 (0xA213A623) sw x1, -0x5d4(x7)                       exit_cleanup+8
htif[0x0000000080002000] <- 0x00000001
mem[W,0x0000000080002000] <- 0x00000001

mem[X,0x00000000800015DC] -> 0xF06F
mem[X,0x00000000800015DE] -> 0xFF9F
[1387] [M]: 0x00000000800015DC (0xFF9FF06F) jal x0, -0x8                            exit_cleanup+12

clint mtime 0x00000000000002B6 (mip.MTI <- 0b1, mip.STI <- 0b0)
mem[X,0x00000000800015D4] -> 0x1397
mem[X,0x00000000800015D6] -> 0x0000
[1388] [M]: 0x00000000800015D4 (0x00001397) auipc x7, 0x1                           exit_cleanup+4
x7 <- 0x00000000800025D4

mem[X,0x00000000800015D8] -> 0xA623
mem[X,0x00000000800015DA] -> 0xA213
[1389] [M]: 0x00000000800015D8 (0xA213A623) sw x1, -0x5d4(x7)                       exit_cleanup+8
htif[0x0000000080002000] <- 0x00000001
mem[W,0x0000000080002000] <- 0x00000001

clint mtime 0x00000000000002B7 (mip.MTI <- 0b1, mip.STI <- 0b0)
mem[X,0x00000000800015DC] -> 0xF06F
mem[X,0x00000000800015DE] -> 0xFF9F
[1390] [M]: 0x00000000800015DC (0xFF9FF06F) jal x0, -0x8                            exit_cleanup+12

mem[X,0x00000000800015D4] -> 0x1397
mem[X,0x00000000800015D6] -> 0x0000
[1391] [M]: 0x00000000800015D4 (0x00001397) auipc x7, 0x1                           exit_cleanup+4
x7 <- 0x00000000800025D4

clint mtime 0x00000000000002B8 (mip.MTI <- 0b1, mip.STI <- 0b0)
mem[X,0x00000000800015D8] -> 0xA623
mem[X,0x00000000800015DA] -> 0xA213
[1392] [M]: 0x00000000800015D8 (0xA213A623) sw x1, -0x5d4(x7)                       exit_cleanup+8
htif[0x0000000080002000] <- 0x00000001
htif-syscall-proxy cmd: 0x000000000001
mem[W,0x0000000080002000] <- 0x00000001

SUCCESS
