using /opt/riscv-arch-test/riscof-plugins/rv64/riscof_work/I/src/sll-01.S/ref/Reference-sail_c_simulator.signature for test-signature output.
setting signature-granularity to 8 bytes
HTIF located at 0x80002000
begin_signature: 0x80004110
end_signature: 0x800045f0
Entry point: 0x80000000
CSR mstatus (0x300) <- 0x0000000A00000000
CSR misa (0x301) <- 0x800000000034112F
CSR mcause (0x342) <- 0x0000000000000000
x10 <- 0x0000000000000000
x11 <- 0x0000000000001000
mem[X,0x0000000080000000] -> 0x0837
mem[X,0x0000000080000002] -> 0x7D5C
[0] [M]: 0x0000000080000000 (0x7D5C0837) lui x16, 0x7d5c0                           rvtest_init+0
x16 <- 0x000000007D5C0000

mem[X,0x0000000080000004] -> 0x0813
mem[X,0x0000000080000006] -> 0xDDB8
[1] [M]: 0x0000000080000004 (0xDDB80813) addi x16, x16, -0x225                      rvtest_init+4
x16 <- 0x000000007D5BFDDB

clint mtime 0x0000000000000001 (mip.MTI <- 0b1, mip.STI <- 0b0)
mem[X,0x0000000080000008] -> 0x1813
mem[X,0x000000008000000A] -> 0x00B8
[2] [M]: 0x0000000080000008 (0x00B81813) slli x16, x16, 0xb                         rvtest_init+8
x16 <- 0x000003EADFEED800

mem[X,0x000000008000000C] -> 0x0813
mem[X,0x000000008000000E] -> 0x3EA8
[3] [M]: 0x000000008000000C (0x3EA80813) addi x16, x16, 0x3ea                       rvtest_init+12
x16 <- 0x000003EADFEEDBEA

clint mtime 0x0000000000000002 (mip.MTI <- 0b1, mip.STI <- 0b0)
mem[X,0x0000000080000010] -> 0x1813
mem[X,0x0000000080000012] -> 0x00B8
[4] [M]: 0x0000000080000010 (0x00B81813) slli x16, x16, 0xb                         rvtest_init+16
x16 <- 0x001F56FF76DF5000

mem[X,0x0000000080000014] -> 0x0813
mem[X,0x0000000080000016] -> 0x6FF8
[5] [M]: 0x0000000080000014 (0x6FF80813) addi x16, x16, 0x6ff                       rvtest_init+20
x16 <- 0x001F56FF76DF56FF

clint mtime 0x0000000000000003 (mip.MTI <- 0b1, mip.STI <- 0b0)
mem[X,0x0000000080000018] -> 0x1813
mem[X,0x000000008000001A] -> 0x00A8
[6] [M]: 0x0000000080000018 (0x00A81813) slli x16, x16, 0xa                         rvtest_init+24
x16 <- 0x7D5BFDDB7D5BFC00

mem[X,0x000000008000001C] -> 0x0813
mem[X,0x000000008000001E] -> 0x1DB8
[7] [M]: 0x000000008000001C (0x1DB80813) addi x16, x16, 0x1db                       rvtest_init+28
x16 <- 0x7D5BFDDB7D5BFDDB

clint mtime 0x0000000000000004 (mip.MTI <- 0b1, mip.STI <- 0b0)
mem[X,0x0000000080000020] -> 0x5893
mem[X,0x0000000080000022] -> 0x0078
[8] [M]: 0x0000000080000020 (0x00785893) srli x17, x16, 0x7                         rvtest_init+32
x17 <- 0x00FAB7FBB6FAB7FB

mem[X,0x0000000080000024] -> 0x5793
mem[X,0x0000000080000026] -> 0x0398
[9] [M]: 0x0000000080000024 (0x03985793) srli x15, x16, 0x39                        rvtest_init+36
x15 <- 0x000000000000003E

clint mtime 0x0000000000000005 (mip.MTI <- 0b1, mip.STI <- 0b0)
mem[X,0x0000000080000028] -> 0xE8B3
mem[X,0x000000008000002A] -> 0x00F8
[10] [M]: 0x0000000080000028 (0x00F8E8B3) or x17, x17, x15                          rvtest_init+40
x17 <- 0x00FAB7FBB6FAB7FF

mem[X,0x000000008000002C] -> 0xD913
mem[X,0x000000008000002E] -> 0x0078
[11] [M]: 0x000000008000002C (0x0078D913) srli x18, x17, 0x7                        rvtest_init+44
x18 <- 0x0001F56FF76DF56F

clint mtime 0x0000000000000006 (mip.MTI <- 0b1, mip.STI <- 0b0)
mem[X,0x0000000080000030] -> 0xD793
mem[X,0x0000000080000032] -> 0x0398
[12] [M]: 0x0000000080000030 (0x0398D793) srli x15, x17, 0x39                       rvtest_init+48
x15 <- 0x0000000000000000

mem[X,0x0000000080000034] -> 0x6933
mem[X,0x0000000080000036] -> 0x00F9
[13] [M]: 0x0000000080000034 (0x00F96933) or x18, x18, x15                          rvtest_init+52
x18 <- 0x0001F56FF76DF56F

clint mtime 0x0000000000000007 (mip.MTI <- 0b1, mip.STI <- 0b0)
mem[X,0x0000000080000038] -> 0x5993
mem[X,0x000000008000003A] -> 0x0079
[14] [M]: 0x0000000080000038 (0x00795993) srli x19, x18, 0x7                        rvtest_init+56
x19 <- 0x000003EADFEEDBEA

mem[X,0x000000008000003C] -> 0x5793
mem[X,0x000000008000003E] -> 0x0399
[15] [M]: 0x000000008000003C (0x03995793) srli x15, x18, 0x39                       rvtest_init+60
x15 <- 0x0000000000000000

clint mtime 0x0000000000000008 (mip.MTI <- 0b1, mip.STI <- 0b0)
mem[X,0x0000000080000040] -> 0xE9B3
mem[X,0x0000000080000042] -> 0x00F9
[16] [M]: 0x0000000080000040 (0x00F9E9B3) or x19, x19, x15                          rvtest_init+64
x19 <- 0x000003EADFEEDBEA

mem[X,0x0000000080000044] -> 0xDA13
mem[X,0x0000000080000046] -> 0x0079
[17] [M]: 0x0000000080000044 (0x0079DA13) srli x20, x19, 0x7                        rvtest_init+68
x20 <- 0x00000007D5BFDDB7

clint mtime 0x0000000000000009 (mip.MTI <- 0b1, mip.STI <- 0b0)
mem[X,0x0000000080000048] -> 0xD793
mem[X,0x000000008000004A] -> 0x0399
[18] [M]: 0x0000000080000048 (0x0399D793) srli x15, x19, 0x39                       rvtest_init+72
x15 <- 0x0000000000000000

mem[X,0x000000008000004C] -> 0x6A33
mem[X,0x000000008000004E] -> 0x00FA
[19] [M]: 0x000000008000004C (0x00FA6A33) or x20, x20, x15                          rvtest_init+76
x20 <- 0x00000007D5BFDDB7

clint mtime 0x000000000000000A (mip.MTI <- 0b1, mip.STI <- 0b0)
mem[X,0x0000000080000050] -> 0x5A93
mem[X,0x0000000080000052] -> 0x007A
[20] [M]: 0x0000000080000050 (0x007A5A93) srli x21, x20, 0x7                        rvtest_init+80
x21 <- 0x000000000FAB7FBB

mem[X,0x0000000080000054] -> 0x5793
mem[X,0x0000000080000056] -> 0x039A
[21] [M]: 0x0000000080000054 (0x039A5793) srli x15, x20, 0x39                       rvtest_init+84
x15 <- 0x0000000000000000

clint mtime 0x000000000000000B (mip.MTI <- 0b1, mip.STI <- 0b0)
mem[X,0x0000000080000058] -> 0xEAB3
mem[X,0x000000008000005A] -> 0x00FA
[22] [M]: 0x0000000080000058 (0x00FAEAB3) or x21, x21, x15                          rvtest_init+88
x21 <- 0x000000000FAB7FBB

mem[X,0x000000008000005C] -> 0xDB13
mem[X,0x000000008000005E] -> 0x007A
[23] [M]: 0x000000008000005C (0x007ADB13) srli x22, x21, 0x7                        rvtest_init+92
x22 <- 0x00000000001F56FF

clint mtime 0x000000000000000C (mip.MTI <- 0b1, mip.STI <- 0b0)
mem[X,0x0000000080000060] -> 0xD793
mem[X,0x0000000080000062] -> 0x039A
[24] [M]: 0x0000000080000060 (0x039AD793) srli x15, x21, 0x39                       rvtest_init+96
x15 <- 0x0000000000000000

mem[X,0x0000000080000064] -> 0x6B33
mem[X,0x0000000080000066] -> 0x00FB
[25] [M]: 0x0000000080000064 (0x00FB6B33) or x22, x22, x15                          rvtest_init+100
x22 <- 0x00000000001F56FF

clint mtime 0x000000000000000D (mip.MTI <- 0b1, mip.STI <- 0b0)
mem[X,0x0000000080000068] -> 0x5B93
mem[X,0x000000008000006A] -> 0x007B
[26] [M]: 0x0000000080000068 (0x007B5B93) srli x23, x22, 0x7                        rvtest_init+104
x23 <- 0x0000000000003EAD

mem[X,0x000000008000006C] -> 0x5793
mem[X,0x000000008000006E] -> 0x039B
[27] [M]: 0x000000008000006C (0x039B5793) srli x15, x22, 0x39                       rvtest_init+108
x15 <- 0x0000000000000000

clint mtime 0x000000000000000E (mip.MTI <- 0b1, mip.STI <- 0b0)
mem[X,0x0000000080000070] -> 0xEBB3
mem[X,0x0000000080000072] -> 0x00FB
[28] [M]: 0x0000000080000070 (0x00FBEBB3) or x23, x23, x15                          rvtest_init+112
x23 <- 0x0000000000003EAD

mem[X,0x0000000080000074] -> 0xDC13
mem[X,0x0000000080000076] -> 0x007B
[29] [M]: 0x0000000080000074 (0x007BDC13) srli x24, x23, 0x7                        rvtest_init+116
x24 <- 0x000000000000007D

clint mtime 0x000000000000000F (mip.MTI <- 0b1, mip.STI <- 0b0)
mem[X,0x0000000080000078] -> 0xD793
mem[X,0x000000008000007A] -> 0x039B
[30] [M]: 0x0000000080000078 (0x039BD793) srli x15, x23, 0x39                       rvtest_init+120
x15 <- 0x0000000000000000

mem[X,0x000000008000007C] -> 0x6C33
mem[X,0x000000008000007E] -> 0x00FC
[31] [M]: 0x000000008000007C (0x00FC6C33) or x24, x24, x15                          rvtest_init+124
x24 <- 0x000000000000007D

clint mtime 0x0000000000000010 (mip.MTI <- 0b1, mip.STI <- 0b0)
mem[X,0x0000000080000080] -> 0x5C93
mem[X,0x0000000080000082] -> 0x007C
[32] [M]: 0x0000000080000080 (0x007C5C93) srli x25, x24, 0x7                        rvtest_init+128
x25 <- 0x0000000000000000

mem[X,0x0000000080000084] -> 0x5793
mem[X,0x0000000080000086] -> 0x039C
[33] [M]: 0x0000000080000084 (0x039C5793) srli x15, x24, 0x39                       rvtest_init+132
x15 <- 0x0000000000000000

clint mtime 0x0000000000000011 (mip.MTI <- 0b1, mip.STI <- 0b0)
mem[X,0x0000000080000088] -> 0xECB3
mem[X,0x000000008000008A] -> 0x00FC
[34] [M]: 0x0000000080000088 (0x00FCECB3) or x25, x25, x15                          rvtest_init+136
x25 <- 0x0000000000000000

mem[X,0x000000008000008C] -> 0xDD13
mem[X,0x000000008000008E] -> 0x007C
[35] [M]: 0x000000008000008C (0x007CDD13) srli x26, x25, 0x7                        rvtest_init+140
x26 <- 0x0000000000000000

clint mtime 0x0000000000000012 (mip.MTI <- 0b1, mip.STI <- 0b0)
mem[X,0x0000000080000090] -> 0xD793
mem[X,0x0000000080000092] -> 0x039C
[36] [M]: 0x0000000080000090 (0x039CD793) srli x15, x25, 0x39                       rvtest_init+144
x15 <- 0x0000000000000000

mem[X,0x0000000080000094] -> 0x6D33
mem[X,0x0000000080000096] -> 0x00FD
[37] [M]: 0x0000000080000094 (0x00FD6D33) or x26, x26, x15                          rvtest_init+148
x26 <- 0x0000000000000000

clint mtime 0x0000000000000013 (mip.MTI <- 0b1, mip.STI <- 0b0)
mem[X,0x0000000080000098] -> 0x5D93
mem[X,0x000000008000009A] -> 0x007D
[38] [M]: 0x0000000080000098 (0x007D5D93) srli x27, x26, 0x7                        rvtest_init+152
x27 <- 0x0000000000000000

mem[X,0x000000008000009C] -> 0x5793
mem[X,0x000000008000009E] -> 0x039D
[39] [M]: 0x000000008000009C (0x039D5793) srli x15, x26, 0x39                       rvtest_init+156
x15 <- 0x0000000000000000

clint mtime 0x0000000000000014 (mip.MTI <- 0b1, mip.STI <- 0b0)
mem[X,0x00000000800000A0] -> 0xEDB3
mem[X,0x00000000800000A2] -> 0x00FD
[40] [M]: 0x00000000800000A0 (0x00FDEDB3) or x27, x27, x15                          rvtest_init+160
x27 <- 0x0000000000000000

mem[X,0x00000000800000A4] -> 0xDE13
mem[X,0x00000000800000A6] -> 0x007D
[41] [M]: 0x00000000800000A4 (0x007DDE13) srli x28, x27, 0x7                        rvtest_init+164
x28 <- 0x0000000000000000

clint mtime 0x0000000000000015 (mip.MTI <- 0b1, mip.STI <- 0b0)
mem[X,0x00000000800000A8] -> 0xD793
mem[X,0x00000000800000AA] -> 0x039D
[42] [M]: 0x00000000800000A8 (0x039DD793) srli x15, x27, 0x39                       rvtest_init+168
x15 <- 0x0000000000000000

mem[X,0x00000000800000AC] -> 0x6E33
mem[X,0x00000000800000AE] -> 0x00FE
[43] [M]: 0x00000000800000AC (0x00FE6E33) or x28, x28, x15                          rvtest_init+172
x28 <- 0x0000000000000000

clint mtime 0x0000000000000016 (mip.MTI <- 0b1, mip.STI <- 0b0)
mem[X,0x00000000800000B0] -> 0x5E93
mem[X,0x00000000800000B2] -> 0x007E
[44] [M]: 0x00000000800000B0 (0x007E5E93) srli x29, x28, 0x7                        rvtest_init+176
x29 <- 0x0000000000000000

mem[X,0x00000000800000B4] -> 0x5793
mem[X,0x00000000800000B6] -> 0x039E
[45] [M]: 0x00000000800000B4 (0x039E5793) srli x15, x28, 0x39                       rvtest_init+180
x15 <- 0x0000000000000000

clint mtime 0x0000000000000017 (mip.MTI <- 0b1, mip.STI <- 0b0)
mem[X,0x00000000800000B8] -> 0xEEB3
mem[X,0x00000000800000BA] -> 0x00FE
[46] [M]: 0x00000000800000B8 (0x00FEEEB3) or x29, x29, x15                          rvtest_init+184
x29 <- 0x0000000000000000

mem[X,0x00000000800000BC] -> 0xDF13
mem[X,0x00000000800000BE] -> 0x007E
[47] [M]: 0x00000000800000BC (0x007EDF13) srli x30, x29, 0x7                        rvtest_init+188
x30 <- 0x0000000000000000

clint mtime 0x0000000000000018 (mip.MTI <- 0b1, mip.STI <- 0b0)
mem[X,0x00000000800000C0] -> 0xD793
mem[X,0x00000000800000C2] -> 0x039E
[48] [M]: 0x00000000800000C0 (0x039ED793) srli x15, x29, 0x39                       rvtest_init+192
x15 <- 0x0000000000000000

mem[X,0x00000000800000C4] -> 0x6F33
mem[X,0x00000000800000C6] -> 0x00FF
[49] [M]: 0x00000000800000C4 (0x00FF6F33) or x30, x30, x15                          rvtest_init+196
x30 <- 0x0000000000000000

clint mtime 0x0000000000000019 (mip.MTI <- 0b1, mip.STI <- 0b0)
mem[X,0x00000000800000C8] -> 0xC0B7
mem[X,0x00000000800000CA] -> 0xFEED
[50] [M]: 0x00000000800000C8 (0xFEEDC0B7) lui x1, -0x1124                           rvtest_init+200
x1 <- 0xFFFFFFFFFEEDC000

mem[X,0x00000000800000CC] -> 0x8093
mem[X,0x00000000800000CE] -> 0xEAD0
[51] [M]: 0x00000000800000CC (0xEAD08093) addi x1, x1, -0x153                       rvtest_init+204
x1 <- 0xFFFFFFFFFEEDBEAD

clint mtime 0x000000000000001A (mip.MTI <- 0b1, mip.STI <- 0b0)
mem[X,0x00000000800000D0] -> 0x9093
mem[X,0x00000000800000D2] -> 0x00B0
[52] [M]: 0x00000000800000D0 (0x00B09093) slli x1, x1, 0xb                          rvtest_init+208
x1 <- 0xFFFFFFF76DF56800

mem[X,0x00000000800000D4] -> 0x8093
mem[X,0x00000000800000D6] -> 0x7F70
[53] [M]: 0x00000000800000D4 (0x7F708093) addi x1, x1, 0x7f7                        rvtest_init+212
x1 <- 0xFFFFFFF76DF56FF7

clint mtime 0x000000000000001B (mip.MTI <- 0b1, mip.STI <- 0b0)
mem[X,0x00000000800000D8] -> 0x9093
mem[X,0x00000000800000DA] -> 0x00B0
[54] [M]: 0x00000000800000D8 (0x00B09093) slli x1, x1, 0xb                          rvtest_init+216
x1 <- 0xFFFFBB6FAB7FB800

mem[X,0x00000000800000DC] -> 0x8093
mem[X,0x00000000800000DE] -> 0x36F0
[55] [M]: 0x00000000800000DC (0x36F08093) addi x1, x1, 0x36f                        rvtest_init+220
x1 <- 0xFFFFBB6FAB7FBB6F

clint mtime 0x000000000000001C (mip.MTI <- 0b1, mip.STI <- 0b0)
mem[X,0x00000000800000E0] -> 0x9093
mem[X,0x00000000800000E2] -> 0x00A0
[56] [M]: 0x00000000800000E0 (0x00A09093) slli x1, x1, 0xa                          rvtest_init+224
x1 <- 0xFEEDBEADFEEDBC00

mem[X,0x00000000800000E4] -> 0x8093
mem[X,0x00000000800000E6] -> 0x2AD0
[57] [M]: 0x00000000800000E4 (0x2AD08093) addi x1, x1, 0x2ad                        rvtest_init+228
x1 <- 0xFEEDBEADFEEDBEAD

clint mtime 0x000000000000001D (mip.MTI <- 0b1, mip.STI <- 0b0)
mem[X,0x00000000800000E8] -> 0xD113
mem[X,0x00000000800000EA] -> 0x0070
[58] [M]: 0x00000000800000E8 (0x0070D113) srli x2, x1, 0x7                          rvtest_init+232
x2 <- 0x01FDDB7D5BFDDB7D

mem[X,0x00000000800000EC] -> 0xD793
mem[X,0x00000000800000EE] -> 0x0390
[59] [M]: 0x00000000800000EC (0x0390D793) srli x15, x1, 0x39                        rvtest_init+236
x15 <- 0x000000000000007F

clint mtime 0x000000000000001E (mip.MTI <- 0b1, mip.STI <- 0b0)
mem[X,0x00000000800000F0] -> 0x6133
mem[X,0x00000000800000F2] -> 0x00F1
[60] [M]: 0x00000000800000F0 (0x00F16133) or x2, x2, x15                            rvtest_init+240
x2 <- 0x01FDDB7D5BFDDB7F

mem[X,0x00000000800000F4] -> 0x5193
mem[X,0x00000000800000F6] -> 0x0071
[61] [M]: 0x00000000800000F4 (0x00715193) srli x3, x2, 0x7                          rvtest_init+244
x3 <- 0x0003FBB6FAB7FBB6

clint mtime 0x000000000000001F (mip.MTI <- 0b1, mip.STI <- 0b0)
mem[X,0x00000000800000F8] -> 0x5793
mem[X,0x00000000800000FA] -> 0x0391
[62] [M]: 0x00000000800000F8 (0x03915793) srli x15, x2, 0x39                        rvtest_init+248
x15 <- 0x0000000000000000

mem[X,0x00000000800000FC] -> 0xE1B3
mem[X,0x00000000800000FE] -> 0x00F1
[63] [M]: 0x00000000800000FC (0x00F1E1B3) or x3, x3, x15                            rvtest_init+252
x3 <- 0x0003FBB6FAB7FBB6

clint mtime 0x0000000000000020 (mip.MTI <- 0b1, mip.STI <- 0b0)
mem[X,0x0000000080000100] -> 0xD213
mem[X,0x0000000080000102] -> 0x0071
[64] [M]: 0x0000000080000100 (0x0071D213) srli x4, x3, 0x7                          rvtest_init+256
x4 <- 0x000007F76DF56FF7

mem[X,0x0000000080000104] -> 0xD793
mem[X,0x0000000080000106] -> 0x0391
[65] [M]: 0x0000000080000104 (0x0391D793) srli x15, x3, 0x39                        rvtest_init+260
x15 <- 0x0000000000000000

clint mtime 0x0000000000000021 (mip.MTI <- 0b1, mip.STI <- 0b0)
mem[X,0x0000000080000108] -> 0x6233
mem[X,0x000000008000010A] -> 0x00F2
[66] [M]: 0x0000000080000108 (0x00F26233) or x4, x4, x15                            rvtest_init+264
x4 <- 0x000007F76DF56FF7

mem[X,0x000000008000010C] -> 0x5293
mem[X,0x000000008000010E] -> 0x0072
[67] [M]: 0x000000008000010C (0x00725293) srli x5, x4, 0x7                          rvtest_init+268
x5 <- 0x0000000FEEDBEADF

clint mtime 0x0000000000000022 (mip.MTI <- 0b1, mip.STI <- 0b0)
mem[X,0x0000000080000110] -> 0x5793
mem[X,0x0000000080000112] -> 0x0392
[68] [M]: 0x0000000080000110 (0x03925793) srli x15, x4, 0x39                        rvtest_init+272
x15 <- 0x0000000000000000

mem[X,0x0000000080000114] -> 0xE2B3
mem[X,0x0000000080000116] -> 0x00F2
[69] [M]: 0x0000000080000114 (0x00F2E2B3) or x5, x5, x15                            rvtest_init+276
x5 <- 0x0000000FEEDBEADF

clint mtime 0x0000000000000023 (mip.MTI <- 0b1, mip.STI <- 0b0)
mem[X,0x0000000080000118] -> 0xD313
mem[X,0x000000008000011A] -> 0x0072
[70] [M]: 0x0000000080000118 (0x0072D313) srli x6, x5, 0x7                          rvtest_init+280
x6 <- 0x000000001FDDB7D5

mem[X,0x000000008000011C] -> 0xD793
mem[X,0x000000008000011E] -> 0x0392
[71] [M]: 0x000000008000011C (0x0392D793) srli x15, x5, 0x39                        rvtest_init+284
x15 <- 0x0000000000000000

clint mtime 0x0000000000000024 (mip.MTI <- 0b1, mip.STI <- 0b0)
mem[X,0x0000000080000120] -> 0x6333
mem[X,0x0000000080000122] -> 0x00F3
[72] [M]: 0x0000000080000120 (0x00F36333) or x6, x6, x15                            rvtest_init+288
x6 <- 0x000000001FDDB7D5

mem[X,0x0000000080000124] -> 0x5393
mem[X,0x0000000080000126] -> 0x0073
[73] [M]: 0x0000000080000124 (0x00735393) srli x7, x6, 0x7                          rvtest_init+292
x7 <- 0x00000000003FBB6F

clint mtime 0x0000000000000025 (mip.MTI <- 0b1, mip.STI <- 0b0)
mem[X,0x0000000080000128] -> 0x5793
mem[X,0x000000008000012A] -> 0x0393
[74] [M]: 0x0000000080000128 (0x03935793) srli x15, x6, 0x39                        rvtest_init+296
x15 <- 0x0000000000000000

mem[X,0x000000008000012C] -> 0xE3B3
mem[X,0x000000008000012E] -> 0x00F3
[75] [M]: 0x000000008000012C (0x00F3E3B3) or x7, x7, x15                            rvtest_init+300
x7 <- 0x00000000003FBB6F

clint mtime 0x0000000000000026 (mip.MTI <- 0b1, mip.STI <- 0b0)
mem[X,0x0000000080000130] -> 0xD413
mem[X,0x0000000080000132] -> 0x0073
[76] [M]: 0x0000000080000130 (0x0073D413) srli x8, x7, 0x7                          rvtest_init+304
x8 <- 0x0000000000007F76

mem[X,0x0000000080000134] -> 0xD793
mem[X,0x0000000080000136] -> 0x0393
[77] [M]: 0x0000000080000134 (0x0393D793) srli x15, x7, 0x39                        rvtest_init+308
x15 <- 0x0000000000000000

clint mtime 0x0000000000000027 (mip.MTI <- 0b1, mip.STI <- 0b0)
mem[X,0x0000000080000138] -> 0x6433
mem[X,0x000000008000013A] -> 0x00F4
[78] [M]: 0x0000000080000138 (0x00F46433) or x8, x8, x15                            rvtest_init+312
x8 <- 0x0000000000007F76

mem[X,0x000000008000013C] -> 0x5493
mem[X,0x000000008000013E] -> 0x0074
[79] [M]: 0x000000008000013C (0x00745493) srli x9, x8, 0x7                          rvtest_init+316
x9 <- 0x00000000000000FE

clint mtime 0x0000000000000028 (mip.MTI <- 0b1, mip.STI <- 0b0)
mem[X,0x0000000080000140] -> 0x5793
mem[X,0x0000000080000142] -> 0x0394
[80] [M]: 0x0000000080000140 (0x03945793) srli x15, x8, 0x39                        rvtest_init+320
x15 <- 0x0000000000000000

mem[X,0x0000000080000144] -> 0xE4B3
mem[X,0x0000000080000146] -> 0x00F4
[81] [M]: 0x0000000080000144 (0x00F4E4B3) or x9, x9, x15                            rvtest_init+324
x9 <- 0x00000000000000FE

clint mtime 0x0000000000000029 (mip.MTI <- 0b1, mip.STI <- 0b0)
mem[X,0x0000000080000148] -> 0xD513
mem[X,0x000000008000014A] -> 0x0074
[82] [M]: 0x0000000080000148 (0x0074D513) srli x10, x9, 0x7                         rvtest_init+328
x10 <- 0x0000000000000001

mem[X,0x000000008000014C] -> 0xD793
mem[X,0x000000008000014E] -> 0x0394
[83] [M]: 0x000000008000014C (0x0394D793) srli x15, x9, 0x39                        rvtest_init+332
x15 <- 0x0000000000000000

clint mtime 0x000000000000002A (mip.MTI <- 0b1, mip.STI <- 0b0)
mem[X,0x0000000080000150] -> 0x6533
mem[X,0x0000000080000152] -> 0x00F5
[84] [M]: 0x0000000080000150 (0x00F56533) or x10, x10, x15                          rvtest_init+336
x10 <- 0x0000000000000001

mem[X,0x0000000080000154] -> 0x5593
mem[X,0x0000000080000156] -> 0x0075
[85] [M]: 0x0000000080000154 (0x00755593) srli x11, x10, 0x7                        rvtest_init+340
x11 <- 0x0000000000000000

clint mtime 0x000000000000002B (mip.MTI <- 0b1, mip.STI <- 0b0)
mem[X,0x0000000080000158] -> 0x5793
mem[X,0x000000008000015A] -> 0x0395
[86] [M]: 0x0000000080000158 (0x03955793) srli x15, x10, 0x39                       rvtest_init+344
x15 <- 0x0000000000000000

mem[X,0x000000008000015C] -> 0xE5B3
mem[X,0x000000008000015E] -> 0x00F5
[87] [M]: 0x000000008000015C (0x00F5E5B3) or x11, x11, x15                          rvtest_init+348
x11 <- 0x0000000000000000

clint mtime 0x000000000000002C (mip.MTI <- 0b1, mip.STI <- 0b0)
mem[X,0x0000000080000160] -> 0xD613
mem[X,0x0000000080000162] -> 0x0075
[88] [M]: 0x0000000080000160 (0x0075D613) srli x12, x11, 0x7                        rvtest_init+352
x12 <- 0x0000000000000000

mem[X,0x0000000080000164] -> 0xD793
mem[X,0x0000000080000166] -> 0x0395
[89] [M]: 0x0000000080000164 (0x0395D793) srli x15, x11, 0x39                       rvtest_init+356
x15 <- 0x0000000000000000

clint mtime 0x000000000000002D (mip.MTI <- 0b1, mip.STI <- 0b0)
mem[X,0x0000000080000168] -> 0x6633
mem[X,0x000000008000016A] -> 0x00F6
[90] [M]: 0x0000000080000168 (0x00F66633) or x12, x12, x15                          rvtest_init+360
x12 <- 0x0000000000000000

mem[X,0x000000008000016C] -> 0x5693
mem[X,0x000000008000016E] -> 0x0076
[91] [M]: 0x000000008000016C (0x00765693) srli x13, x12, 0x7                        rvtest_init+364
x13 <- 0x0000000000000000

clint mtime 0x000000000000002E (mip.MTI <- 0b1, mip.STI <- 0b0)
mem[X,0x0000000080000170] -> 0x5793
mem[X,0x0000000080000172] -> 0x0396
[92] [M]: 0x0000000080000170 (0x03965793) srli x15, x12, 0x39                       rvtest_init+368
x15 <- 0x0000000000000000

mem[X,0x0000000080000174] -> 0xE6B3
mem[X,0x0000000080000176] -> 0x00F6
[93] [M]: 0x0000000080000174 (0x00F6E6B3) or x13, x13, x15                          rvtest_init+372
x13 <- 0x0000000000000000

clint mtime 0x000000000000002F (mip.MTI <- 0b1, mip.STI <- 0b0)
mem[X,0x0000000080000178] -> 0x0013
mem[X,0x000000008000017A] -> 0x0000
[94] [M]: 0x0000000080000178 (0x00000013) addi x0, x0, 0x0                          rvtest_code_begin+0

mem[X,0x000000008000017C] -> 0x0013
mem[X,0x000000008000017E] -> 0x0000
[95] [M]: 0x000000008000017C (0x00000013) addi x0, x0, 0x0                          rvtest_code_begin+4

clint mtime 0x0000000000000030 (mip.MTI <- 0b1, mip.STI <- 0b0)
mem[X,0x0000000080000180] -> 0x4097
mem[X,0x0000000080000182] -> 0x0000
[96] [M]: 0x0000000080000180 (0x00004097) auipc x1, 0x4                             rvtest_code_begin+8
x1 <- 0x0000000080004180

mem[X,0x0000000080000184] -> 0x8093
mem[X,0x0000000080000186] -> 0xF980
[97] [M]: 0x0000000080000184 (0xF9808093) addi x1, x1, -0x68                        rvtest_code_begin+12
x1 <- 0x0000000080004118

clint mtime 0x0000000000000031 (mip.MTI <- 0b1, mip.STI <- 0b0)
mem[X,0x0000000080000188] -> 0x0013
mem[X,0x000000008000018A] -> 0x0000
[98] [M]: 0x0000000080000188 (0x00000013) addi x0, x0, 0x0                          rvtest_code_begin+16

mem[X,0x000000008000018C] -> 0x0013
mem[X,0x000000008000018E] -> 0x0000
[99] [M]: 0x000000008000018C (0x00000013) addi x0, x0, 0x0                          rvtest_code_begin+20

clint mtime 0x0000000000000032 (mip.MTI <- 0b1, mip.STI <- 0b0)
mem[X,0x0000000080000190] -> 0x0013
mem[X,0x0000000080000192] -> 0x0000
[100] [M]: 0x0000000080000190 (0x00000013) addi x0, x0, 0x0                         rvtest_code_begin+24

mem[X,0x0000000080000194] -> 0x0013
mem[X,0x0000000080000196] -> 0x0000
[101] [M]: 0x0000000080000194 (0x00000013) addi x0, x0, 0x0                         rvtest_code_begin+28

clint mtime 0x0000000000000033 (mip.MTI <- 0b1, mip.STI <- 0b0)
mem[X,0x0000000080000198] -> 0x0013
mem[X,0x000000008000019A] -> 0x0000
[102] [M]: 0x0000000080000198 (0x00000013) addi x0, x0, 0x0                         rvtest_code_begin+32

mem[X,0x000000008000019C] -> 0x0013
mem[X,0x000000008000019E] -> 0x0000
[103] [M]: 0x000000008000019C (0x00000013) addi x0, x0, 0x0                         rvtest_code_begin+36

clint mtime 0x0000000000000034 (mip.MTI <- 0b1, mip.STI <- 0b0)
mem[X,0x00000000800001A0] -> 0x0B13
mem[X,0x00000000800001A2] -> 0x0010
[104] [M]: 0x00000000800001A0 (0x00100B13) addi x22, x0, 0x1                        inst_0+0
x22 <- 0x0000000000000001

mem[X,0x00000000800001A4] -> 0x1B13
mem[X,0x00000000800001A6] -> 0x026B
[105] [M]: 0x00000000800001A4 (0x026B1B13) slli x22, x22, 0x26                      inst_0+4
x22 <- 0x0000004000000000

clint mtime 0x0000000000000035 (mip.MTI <- 0b1, mip.STI <- 0b0)
mem[X,0x00000000800001A8] -> 0x4B13
mem[X,0x00000000800001AA] -> 0xFFFB
[106] [M]: 0x00000000800001A8 (0xFFFB4B13) xori x22, x22, -0x1                      inst_0+8
x22 <- 0xFFFFFFBFFFFFFFFF

mem[X,0x00000000800001AC] -> 0x0B13
mem[X,0x00000000800001AE] -> 0x0010
[107] [M]: 0x00000000800001AC (0x00100B13) addi x22, x0, 0x1                        inst_0+12
x22 <- 0x0000000000000001

clint mtime 0x0000000000000036 (mip.MTI <- 0b1, mip.STI <- 0b0)
mem[X,0x00000000800001B0] -> 0x1B13
mem[X,0x00000000800001B2] -> 0x026B
[108] [M]: 0x00000000800001B0 (0x026B1B13) slli x22, x22, 0x26                      inst_0+16
x22 <- 0x0000004000000000

mem[X,0x00000000800001B4] -> 0x4B13
mem[X,0x00000000800001B6] -> 0xFFFB
[109] [M]: 0x00000000800001B4 (0xFFFB4B13) xori x22, x22, -0x1                      inst_0+20
x22 <- 0xFFFFFFBFFFFFFFFF

clint mtime 0x0000000000000037 (mip.MTI <- 0b1, mip.STI <- 0b0)
mem[X,0x00000000800001B8] -> 0x1333
mem[X,0x00000000800001BA] -> 0x016B
[110] [M]: 0x00000000800001B8 (0x016B1333) sll x6, x22, x22                         inst_0+24
x6 <- 0x8000000000000000

mem[X,0x00000000800001BC] -> 0xB023
mem[X,0x00000000800001BE] -> 0x0060
[111] [M]: 0x00000000800001BC (0x0060B023) sd x6, 0x0(x1)                           inst_0+28
mem[W,0x0000000080004118] <- 0x8000000000000000

clint mtime 0x0000000000000038 (mip.MTI <- 0b1, mip.STI <- 0b0)
mem[X,0x00000000800001C0] -> 0x0F93
mem[X,0x00000000800001C2] -> 0x4000
[112] [M]: 0x00000000800001C0 (0x40000F93) addi x31, x0, 0x400                      inst_1+0
x31 <- 0x0000000000000400

mem[X,0x00000000800001C4] -> 0x0393
mem[X,0x00000000800001C6] -> 0x00D0
[113] [M]: 0x00000000800001C4 (0x00D00393) addi x7, x0, 0xd                         inst_1+4
x7 <- 0x000000000000000D

clint mtime 0x0000000000000039 (mip.MTI <- 0b1, mip.STI <- 0b0)
mem[X,0x00000000800001C8] -> 0x93B3
mem[X,0x00000000800001CA] -> 0x007F
[114] [M]: 0x00000000800001C8 (0x007F93B3) sll x7, x31, x7                          inst_1+8
x7 <- 0x0000000000800000

mem[X,0x00000000800001CC] -> 0xB423
mem[X,0x00000000800001CE] -> 0x0070
[115] [M]: 0x00000000800001CC (0x0070B423) sd x7, 0x8(x1)                           inst_1+12
mem[W,0x0000000080004120] <- 0x0000000000800000

clint mtime 0x000000000000003A (mip.MTI <- 0b1, mip.STI <- 0b0)
mem[X,0x00000000800001D0] -> 0x0D13
mem[X,0x00000000800001D2] -> 0xFF60
[116] [M]: 0x00000000800001D0 (0xFF600D13) addi x26, x0, -0xa                       inst_2+0
x26 <- 0xFFFFFFFFFFFFFFF6

mem[X,0x00000000800001D4] -> 0x0D13
mem[X,0x00000000800001D6] -> 0xFF60
[117] [M]: 0x00000000800001D4 (0xFF600D13) addi x26, x0, -0xa                       inst_2+4
x26 <- 0xFFFFFFFFFFFFFFF6

clint mtime 0x000000000000003B (mip.MTI <- 0b1, mip.STI <- 0b0)
mem[X,0x00000000800001D8] -> 0x1D33
mem[X,0x00000000800001DA] -> 0x01AD
[118] [M]: 0x00000000800001D8 (0x01AD1D33) sll x26, x26, x26                        inst_2+8
x26 <- 0xFD80000000000000

mem[X,0x00000000800001DC] -> 0xB823
mem[X,0x00000000800001DE] -> 0x01A0
[119] [M]: 0x00000000800001DC (0x01A0B823) sd x26, 0x10(x1)                         inst_2+12
mem[W,0x0000000080004128] <- 0xFD80000000000000

clint mtime 0x000000000000003C (mip.MTI <- 0b1, mip.STI <- 0b0)
mem[X,0x00000000800001E0] -> 0x0793
mem[X,0x00000000800001E2] -> 0x0010
[120] [M]: 0x00000000800001E0 (0x00100793) addi x15, x0, 0x1                        inst_3+0
x15 <- 0x0000000000000001

mem[X,0x00000000800001E4] -> 0x9793
mem[X,0x00000000800001E6] -> 0x02C7
[121] [M]: 0x00000000800001E4 (0x02C79793) slli x15, x15, 0x2c                      inst_3+4
x15 <- 0x0000100000000000

clint mtime 0x000000000000003D (mip.MTI <- 0b1, mip.STI <- 0b0)
mem[X,0x00000000800001E8] -> 0x0E13
mem[X,0x00000000800001EA] -> 0x0000
[122] [M]: 0x00000000800001E8 (0x00000E13) addi x28, x0, 0x0                        inst_3+8
x28 <- 0x0000000000000000

mem[X,0x00000000800001EC] -> 0x9A33
mem[X,0x00000000800001EE] -> 0x01C7
[123] [M]: 0x00000000800001EC (0x01C79A33) sll x20, x15, x28                        inst_3+12
x20 <- 0x0000100000000000

clint mtime 0x000000000000003E (mip.MTI <- 0b1, mip.STI <- 0b0)
mem[X,0x00000000800001F0] -> 0xBC23
mem[X,0x00000000800001F2] -> 0x0140
[124] [M]: 0x00000000800001F0 (0x0140BC23) sd x20, 0x18(x1)                         inst_3+16
mem[W,0x0000000080004130] <- 0x0000100000000000

mem[X,0x00000000800001F4] -> 0x0613
mem[X,0x00000000800001F6] -> 0x0010
[125] [M]: 0x00000000800001F4 (0x00100613) addi x12, x0, 0x1                        inst_4+0
x12 <- 0x0000000000000001

clint mtime 0x000000000000003F (mip.MTI <- 0b1, mip.STI <- 0b0)
mem[X,0x00000000800001F8] -> 0x0513
mem[X,0x00000000800001FA] -> 0x0010
[126] [M]: 0x00000000800001F8 (0x00100513) addi x10, x0, 0x1                        inst_4+4
x10 <- 0x0000000000000001

mem[X,0x00000000800001FC] -> 0x1633
mem[X,0x00000000800001FE] -> 0x00A6
[127] [M]: 0x00000000800001FC (0x00A61633) sll x12, x12, x10                        inst_4+8
x12 <- 0x0000000000000002

clint mtime 0x0000000000000040 (mip.MTI <- 0b1, mip.STI <- 0b0)
mem[X,0x0000000080000200] -> 0xB023
mem[X,0x0000000080000202] -> 0x02C0
[128] [M]: 0x0000000080000200 (0x02C0B023) sd x12, 0x20(x1)                         inst_4+12
mem[W,0x0000000080004138] <- 0x0000000000000002

mem[X,0x0000000080000204] -> 0x0A93
mem[X,0x0000000080000206] -> 0xFFF0
[129] [M]: 0x0000000080000204 (0xFFF00A93) addi x21, x0, -0x1                       inst_5+0
x21 <- 0xFFFFFFFFFFFFFFFF

clint mtime 0x0000000000000041 (mip.MTI <- 0b1, mip.STI <- 0b0)
mem[X,0x0000000080000208] -> 0x9A93
mem[X,0x000000008000020A] -> 0x03FA
[130] [M]: 0x0000000080000208 (0x03FA9A93) slli x21, x21, 0x3f                      inst_5+4
x21 <- 0x8000000000000000

mem[X,0x000000008000020C] -> 0x0D93
mem[X,0x000000008000020E] -> 0x00E0
[131] [M]: 0x000000008000020C (0x00E00D93) addi x27, x0, 0xe                        inst_5+8
x27 <- 0x000000000000000E

clint mtime 0x0000000000000042 (mip.MTI <- 0b1, mip.STI <- 0b0)
mem[X,0x0000000080000210] -> 0x9533
mem[X,0x0000000080000212] -> 0x01BA
[132] [M]: 0x0000000080000210 (0x01BA9533) sll x10, x21, x27                        inst_5+12
x10 <- 0x0000000000000000

mem[X,0x0000000080000214] -> 0xB423
mem[X,0x0000000080000216] -> 0x02A0
[133] [M]: 0x0000000080000214 (0x02A0B423) sd x10, 0x28(x1)                         inst_5+16
mem[W,0x0000000080004140] <- 0x0000000000000000

clint mtime 0x0000000000000043 (mip.MTI <- 0b1, mip.STI <- 0b0)
mem[X,0x0000000080000218] -> 0x0313
mem[X,0x000000008000021A] -> 0x0000
[134] [M]: 0x0000000080000218 (0x00000313) addi x6, x0, 0x0                         inst_6+0
x6 <- 0x0000000000000000

mem[X,0x000000008000021C] -> 0x0C93
mem[X,0x000000008000021E] -> 0x03B0
[135] [M]: 0x000000008000021C (0x03B00C93) addi x25, x0, 0x3b                       inst_6+4
x25 <- 0x000000000000003B

clint mtime 0x0000000000000044 (mip.MTI <- 0b1, mip.STI <- 0b0)
mem[X,0x0000000080000220] -> 0x18B3
mem[X,0x0000000080000222] -> 0x0193
[136] [M]: 0x0000000080000220 (0x019318B3) sll x17, x6, x25                         inst_6+8
x17 <- 0x0000000000000000

mem[X,0x0000000080000224] -> 0xB823
mem[X,0x0000000080000226] -> 0x0310
[137] [M]: 0x0000000080000224 (0x0310B823) sd x17, 0x30(x1)                         inst_6+12
mem[W,0x0000000080004148] <- 0x0000000000000000

clint mtime 0x0000000000000045 (mip.MTI <- 0b1, mip.STI <- 0b0)
mem[X,0x0000000080000228] -> 0x0C13
mem[X,0x000000008000022A] -> 0xFFF0
[138] [M]: 0x0000000080000228 (0xFFF00C13) addi x24, x0, -0x1                       inst_7+0
x24 <- 0xFFFFFFFFFFFFFFFF

mem[X,0x000000008000022C] -> 0x5C13
mem[X,0x000000008000022E] -> 0x001C
[139] [M]: 0x000000008000022C (0x001C5C13) srli x24, x24, 0x1                       inst_7+4
x24 <- 0x7FFFFFFFFFFFFFFF

clint mtime 0x0000000000000046 (mip.MTI <- 0b1, mip.STI <- 0b0)
mem[X,0x0000000080000230] -> 0x0593
mem[X,0x0000000080000232] -> 0x01F0
[140] [M]: 0x0000000080000230 (0x01F00593) addi x11, x0, 0x1f                       inst_7+8
x11 <- 0x000000000000001F

mem[X,0x0000000080000234] -> 0x1BB3
mem[X,0x0000000080000236] -> 0x00BC
[141] [M]: 0x0000000080000234 (0x00BC1BB3) sll x23, x24, x11                        inst_7+12
x23 <- 0xFFFFFFFF80000000

clint mtime 0x0000000000000047 (mip.MTI <- 0b1, mip.STI <- 0b0)
mem[X,0x0000000080000238] -> 0xBC23
mem[X,0x000000008000023A] -> 0x0370
[142] [M]: 0x0000000080000238 (0x0370BC23) sd x23, 0x38(x1)                         inst_7+16
mem[W,0x0000000080004150] <- 0xFFFFFFFF80000000

mem[X,0x000000008000023C] -> 0x0213
mem[X,0x000000008000023E] -> 0x0020
[143] [M]: 0x000000008000023C (0x00200213) addi x4, x0, 0x2                         inst_8+0
x4 <- 0x0000000000000002

clint mtime 0x0000000000000048 (mip.MTI <- 0b1, mip.STI <- 0b0)
mem[X,0x0000000080000240] -> 0x0C13
mem[X,0x0000000080000242] -> 0x0090
[144] [M]: 0x0000000080000240 (0x00900C13) addi x24, x0, 0x9                        inst_8+4
x24 <- 0x0000000000000009

mem[X,0x0000000080000244] -> 0x1133
mem[X,0x0000000080000246] -> 0x0182
[145] [M]: 0x0000000080000244 (0x01821133) sll x2, x4, x24                          inst_8+8
x2 <- 0x0000000000000400

clint mtime 0x0000000000000049 (mip.MTI <- 0b1, mip.STI <- 0b0)
mem[X,0x0000000080000248] -> 0xB023
mem[X,0x000000008000024A] -> 0x0420
[146] [M]: 0x0000000080000248 (0x0420B023) sd x2, 0x40(x1)                          inst_8+12
mem[W,0x0000000080004158] <- 0x0000000000000400

mem[X,0x000000008000024C] -> 0x0113
mem[X,0x000000008000024E] -> 0x0040
[147] [M]: 0x000000008000024C (0x00400113) addi x2, x0, 0x4                         inst_9+0
x2 <- 0x0000000000000004

clint mtime 0x000000000000004A (mip.MTI <- 0b1, mip.STI <- 0b0)
mem[X,0x0000000080000250] -> 0x0893
mem[X,0x0000000080000252] -> 0x00B0
[148] [M]: 0x0000000080000250 (0x00B00893) addi x17, x0, 0xb                        inst_9+4
x17 <- 0x000000000000000B

mem[X,0x0000000080000254] -> 0x1233
mem[X,0x0000000080000256] -> 0x0111
[149] [M]: 0x0000000080000254 (0x01111233) sll x4, x2, x17                          inst_9+8
x4 <- 0x0000000000002000

clint mtime 0x000000000000004B (mip.MTI <- 0b1, mip.STI <- 0b0)
mem[X,0x0000000080000258] -> 0xB423
mem[X,0x000000008000025A] -> 0x0440
[150] [M]: 0x0000000080000258 (0x0440B423) sd x4, 0x48(x1)                          inst_9+12
mem[W,0x0000000080004160] <- 0x0000000000002000

mem[X,0x000000008000025C] -> 0x0413
mem[X,0x000000008000025E] -> 0x0080
[151] [M]: 0x000000008000025C (0x00800413) addi x8, x0, 0x8                         inst_10+0
x8 <- 0x0000000000000008

clint mtime 0x000000000000004C (mip.MTI <- 0b1, mip.STI <- 0b0)
mem[X,0x0000000080000260] -> 0x0293
mem[X,0x0000000080000262] -> 0x0100
[152] [M]: 0x0000000080000260 (0x01000293) addi x5, x0, 0x10                        inst_10+4
x5 <- 0x0000000000000010

mem[X,0x0000000080000264] -> 0x15B3
mem[X,0x0000000080000266] -> 0x0054
[153] [M]: 0x0000000080000264 (0x005415B3) sll x11, x8, x5                          inst_10+8
x11 <- 0x0000000000080000

clint mtime 0x000000000000004D (mip.MTI <- 0b1, mip.STI <- 0b0)
mem[X,0x0000000080000268] -> 0xB823
mem[X,0x000000008000026A] -> 0x04B0
[154] [M]: 0x0000000080000268 (0x04B0B823) sd x11, 0x50(x1)                         inst_10+12
mem[W,0x0000000080004168] <- 0x0000000000080000

mem[X,0x000000008000026C] -> 0x0913
mem[X,0x000000008000026E] -> 0x0100
[155] [M]: 0x000000008000026C (0x01000913) addi x18, x0, 0x10                       inst_11+0
x18 <- 0x0000000000000010

clint mtime 0x000000000000004E (mip.MTI <- 0b1, mip.STI <- 0b0)
mem[X,0x0000000080000270] -> 0x0213
mem[X,0x0000000080000272] -> 0x0010
[156] [M]: 0x0000000080000270 (0x00100213) addi x4, x0, 0x1                         inst_11+4
x4 <- 0x0000000000000001

mem[X,0x0000000080000274] -> 0x1833
mem[X,0x0000000080000276] -> 0x0049
[157] [M]: 0x0000000080000274 (0x00491833) sll x16, x18, x4                         inst_11+8
x16 <- 0x0000000000000020

clint mtime 0x000000000000004F (mip.MTI <- 0b1, mip.STI <- 0b0)
mem[X,0x0000000080000278] -> 0xBC23
mem[X,0x000000008000027A] -> 0x0500
[158] [M]: 0x0000000080000278 (0x0500BC23) sd x16, 0x58(x1)                         inst_11+12
mem[W,0x0000000080004170] <- 0x0000000000000020

mem[X,0x000000008000027C] -> 0x0193
mem[X,0x000000008000027E] -> 0x0200
[159] [M]: 0x000000008000027C (0x02000193) addi x3, x0, 0x20                        inst_12+0
x3 <- 0x0000000000000020

clint mtime 0x0000000000000050 (mip.MTI <- 0b1, mip.STI <- 0b0)
mem[X,0x0000000080000280] -> 0x0A13
mem[X,0x0000000080000282] -> 0x00F0
[160] [M]: 0x0000000080000280 (0x00F00A13) addi x20, x0, 0xf                        inst_12+4
x20 <- 0x000000000000000F

mem[X,0x0000000080000284] -> 0x9B33
mem[X,0x0000000080000286] -> 0x0141
[161] [M]: 0x0000000080000284 (0x01419B33) sll x22, x3, x20                         inst_12+8
x22 <- 0x0000000000100000

clint mtime 0x0000000000000051 (mip.MTI <- 0b1, mip.STI <- 0b0)
mem[X,0x0000000080000288] -> 0xB023
mem[X,0x000000008000028A] -> 0x0760
[162] [M]: 0x0000000080000288 (0x0760B023) sd x22, 0x60(x1)                         inst_12+12
mem[W,0x0000000080004178] <- 0x0000000000100000

mem[X,0x000000008000028C] -> 0x0293
mem[X,0x000000008000028E] -> 0x0400
[163] [M]: 0x000000008000028C (0x04000293) addi x5, x0, 0x40                        inst_13+0
x5 <- 0x0000000000000040

clint mtime 0x0000000000000052 (mip.MTI <- 0b1, mip.STI <- 0b0)
mem[X,0x0000000080000290] -> 0x0313
mem[X,0x0000000080000292] -> 0x0030
[164] [M]: 0x0000000080000290 (0x00300313) addi x6, x0, 0x3                         inst_13+4
x6 <- 0x0000000000000003

mem[X,0x0000000080000294] -> 0x9E33
mem[X,0x0000000080000296] -> 0x0062
[165] [M]: 0x0000000080000294 (0x00629E33) sll x28, x5, x6                          inst_13+8
x28 <- 0x0000000000000200

clint mtime 0x0000000000000053 (mip.MTI <- 0b1, mip.STI <- 0b0)
mem[X,0x0000000080000298] -> 0xB423
mem[X,0x000000008000029A] -> 0x07C0
[166] [M]: 0x0000000080000298 (0x07C0B423) sd x28, 0x68(x1)                         inst_13+12
mem[W,0x0000000080004180] <- 0x0000000000000200

mem[X,0x000000008000029C] -> 0x0593
mem[X,0x000000008000029E] -> 0x0800
[167] [M]: 0x000000008000029C (0x08000593) addi x11, x0, 0x80                       inst_14+0
x11 <- 0x0000000000000080

clint mtime 0x0000000000000054 (mip.MTI <- 0b1, mip.STI <- 0b0)
mem[X,0x00000000800002A0] -> 0x0413
mem[X,0x00000000800002A2] -> 0x00D0
[168] [M]: 0x00000000800002A0 (0x00D00413) addi x8, x0, 0xd                         inst_14+4
x8 <- 0x000000000000000D

mem[X,0x00000000800002A4] -> 0x9CB3
mem[X,0x00000000800002A6] -> 0x0085
[169] [M]: 0x00000000800002A4 (0x00859CB3) sll x25, x11, x8                         inst_14+8
x25 <- 0x0000000000100000

clint mtime 0x0000000000000055 (mip.MTI <- 0b1, mip.STI <- 0b0)
mem[X,0x00000000800002A8] -> 0xB823
mem[X,0x00000000800002AA] -> 0x0790
[170] [M]: 0x00000000800002A8 (0x0790B823) sd x25, 0x70(x1)                         inst_14+12
mem[W,0x0000000080004188] <- 0x0000000000100000

mem[X,0x00000000800002AC] -> 0x0693
mem[X,0x00000000800002AE] -> 0x1000
[171] [M]: 0x00000000800002AC (0x10000693) addi x13, x0, 0x100                      inst_15+0
x13 <- 0x0000000000000100

clint mtime 0x0000000000000056 (mip.MTI <- 0b1, mip.STI <- 0b0)
mem[X,0x00000000800002B0] -> 0x0113
mem[X,0x00000000800002B2] -> 0x03F0
[172] [M]: 0x00000000800002B0 (0x03F00113) addi x2, x0, 0x3f                        inst_15+4
x2 <- 0x000000000000003F

mem[X,0x00000000800002B4] -> 0x9733
mem[X,0x00000000800002B6] -> 0x0026
[173] [M]: 0x00000000800002B4 (0x00269733) sll x14, x13, x2                         inst_15+8
x14 <- 0x0000000000000000

clint mtime 0x0000000000000057 (mip.MTI <- 0b1, mip.STI <- 0b0)
mem[X,0x00000000800002B8] -> 0xBC23
mem[X,0x00000000800002BA] -> 0x06E0
[174] [M]: 0x00000000800002B8 (0x06E0BC23) sd x14, 0x78(x1)                         inst_15+12
mem[W,0x0000000080004190] <- 0x0000000000000000

mem[X,0x00000000800002BC] -> 0x0493
mem[X,0x00000000800002BE] -> 0x2000
[175] [M]: 0x00000000800002BC (0x20000493) addi x9, x0, 0x200                       inst_16+0
x9 <- 0x0000000000000200

clint mtime 0x0000000000000058 (mip.MTI <- 0b1, mip.STI <- 0b0)
mem[X,0x00000000800002C0] -> 0x0613
mem[X,0x00000000800002C2] -> 0x0110
[176] [M]: 0x00000000800002C0 (0x01100613) addi x12, x0, 0x11                       inst_16+4
x12 <- 0x0000000000000011

mem[X,0x00000000800002C4] -> 0x9F33
mem[X,0x00000000800002C6] -> 0x00C4
[177] [M]: 0x00000000800002C4 (0x00C49F33) sll x30, x9, x12                         inst_16+8
x30 <- 0x0000000004000000

clint mtime 0x0000000000000059 (mip.MTI <- 0b1, mip.STI <- 0b0)
mem[X,0x00000000800002C8] -> 0xB023
mem[X,0x00000000800002CA] -> 0x09E0
[178] [M]: 0x00000000800002C8 (0x09E0B023) sd x30, 0x80(x1)                         inst_16+12
mem[W,0x0000000080004198] <- 0x0000000004000000

mem[X,0x00000000800002CC] -> 0x0013
mem[X,0x00000000800002CE] -> 0x0000
[179] [M]: 0x00000000800002CC (0x00000013) addi x0, x0, 0x0                         inst_16+16

clint mtime 0x000000000000005A (mip.MTI <- 0b1, mip.STI <- 0b0)
mem[X,0x00000000800002D0] -> 0x0013
mem[X,0x00000000800002D2] -> 0x0000
[180] [M]: 0x00000000800002D0 (0x00000013) addi x0, x0, 0x0                         inst_16+20

mem[X,0x00000000800002D4] -> 0x0013
mem[X,0x00000000800002D6] -> 0x0000
[181] [M]: 0x00000000800002D4 (0x00000013) addi x0, x0, 0x0                         inst_16+24

clint mtime 0x000000000000005B (mip.MTI <- 0b1, mip.STI <- 0b0)
mem[X,0x00000000800002D8] -> 0x0013
mem[X,0x00000000800002DA] -> 0x0000
[182] [M]: 0x00000000800002D8 (0x00000013) addi x0, x0, 0x0                         inst_16+28

mem[X,0x00000000800002DC] -> 0x0013
mem[X,0x00000000800002DE] -> 0x0000
[183] [M]: 0x00000000800002DC (0x00000013) addi x0, x0, 0x0                         inst_16+32

clint mtime 0x000000000000005C (mip.MTI <- 0b1, mip.STI <- 0b0)
mem[X,0x00000000800002E0] -> 0x4117
mem[X,0x00000000800002E2] -> 0x0000
[184] [M]: 0x00000000800002E0 (0x00004117) auipc x2, 0x4                            inst_16+36
x2 <- 0x00000000800042E0

mem[X,0x00000000800002E4] -> 0x0113
mem[X,0x00000000800002E6] -> 0xEC01
[185] [M]: 0x00000000800002E4 (0xEC010113) addi x2, x2, -0x140                      inst_16+40
x2 <- 0x00000000800041A0

clint mtime 0x000000000000005D (mip.MTI <- 0b1, mip.STI <- 0b0)
mem[X,0x00000000800002E8] -> 0x0001
[186] [M]: 0x00000000800002E8 (0x0001) c.nop                                        inst_16+44

mem[X,0x00000000800002EA] -> 0x0013
mem[X,0x00000000800002EC] -> 0x0000
[187] [M]: 0x00000000800002EA (0x00000013) addi x0, x0, 0x0                         inst_16+46

clint mtime 0x000000000000005E (mip.MTI <- 0b1, mip.STI <- 0b0)
mem[X,0x00000000800002EE] -> 0x0013
mem[X,0x00000000800002F0] -> 0x0000
[188] [M]: 0x00000000800002EE (0x00000013) addi x0, x0, 0x0                         inst_16+50

mem[X,0x00000000800002F2] -> 0x0013
mem[X,0x00000000800002F4] -> 0x0000
[189] [M]: 0x00000000800002F2 (0x00000013) addi x0, x0, 0x0                         inst_16+54

clint mtime 0x000000000000005F (mip.MTI <- 0b1, mip.STI <- 0b0)
mem[X,0x00000000800002F6] -> 0x0013
mem[X,0x00000000800002F8] -> 0x0000
[190] [M]: 0x00000000800002F6 (0x00000013) addi x0, x0, 0x0                         inst_16+58

mem[X,0x00000000800002FA] -> 0x0013
mem[X,0x00000000800002FC] -> 0x0000
[191] [M]: 0x00000000800002FA (0x00000013) addi x0, x0, 0x0                         inst_16+62

clint mtime 0x0000000000000060 (mip.MTI <- 0b1, mip.STI <- 0b0)
mem[X,0x00000000800002FE] -> 0x0001
[192] [M]: 0x00000000800002FE (0x0001) c.nop                                        inst_16+66

mem[X,0x0000000080000300] -> 0x0D93
mem[X,0x0000000080000302] -> 0x0010
[193] [M]: 0x0000000080000300 (0x00100D93) addi x27, x0, 0x1                        inst_17+0
x27 <- 0x0000000000000001

clint mtime 0x0000000000000061 (mip.MTI <- 0b1, mip.STI <- 0b0)
mem[X,0x0000000080000304] -> 0x9D93
mem[X,0x0000000080000306] -> 0x00BD
[194] [M]: 0x0000000080000304 (0x00BD9D93) slli x27, x27, 0xb                       inst_17+4
x27 <- 0x0000000000000800

mem[X,0x0000000080000308] -> 0x0F93
mem[X,0x000000008000030A] -> 0x0000
[195] [M]: 0x0000000080000308 (0x00000F93) addi x31, x0, 0x0                        inst_17+8
x31 <- 0x0000000000000000

clint mtime 0x0000000000000062 (mip.MTI <- 0b1, mip.STI <- 0b0)
mem[X,0x000000008000030C] -> 0x9AB3
mem[X,0x000000008000030E] -> 0x01FD
[196] [M]: 0x000000008000030C (0x01FD9AB3) sll x21, x27, x31                        inst_17+12
x21 <- 0x0000000000000800

mem[X,0x0000000080000310] -> 0x3023
mem[X,0x0000000080000312] -> 0x0151
[197] [M]: 0x0000000080000310 (0x01513023) sd x21, 0x0(x2)                          inst_17+16
mem[W,0x00000000800041A0] <- 0x0000000000000800

clint mtime 0x0000000000000063 (mip.MTI <- 0b1, mip.STI <- 0b0)
mem[X,0x0000000080000314] -> 0x0A13
mem[X,0x0000000080000316] -> 0x0010
[198] [M]: 0x0000000080000314 (0x00100A13) addi x20, x0, 0x1                        inst_18+0
x20 <- 0x0000000000000001

mem[X,0x0000000080000318] -> 0x1A13
mem[X,0x000000008000031A] -> 0x00CA
[199] [M]: 0x0000000080000318 (0x00CA1A13) slli x20, x20, 0xc                       inst_18+4
x20 <- 0x0000000000001000

clint mtime 0x0000000000000064 (mip.MTI <- 0b1, mip.STI <- 0b0)
mem[X,0x000000008000031C] -> 0x0B93
mem[X,0x000000008000031E] -> 0x01F0
[200] [M]: 0x000000008000031C (0x01F00B93) addi x23, x0, 0x1f                       inst_18+8
x23 <- 0x000000000000001F

mem[X,0x0000000080000320] -> 0x11B3
mem[X,0x0000000080000322] -> 0x017A
[201] [M]: 0x0000000080000320 (0x017A11B3) sll x3, x20, x23                         inst_18+12
x3 <- 0x0000080000000000

clint mtime 0x0000000000000065 (mip.MTI <- 0b1, mip.STI <- 0b0)
mem[X,0x0000000080000324] -> 0x3423
mem[X,0x0000000080000326] -> 0x0031
[202] [M]: 0x0000000080000324 (0x00313423) sd x3, 0x8(x2)                           inst_18+16
mem[W,0x00000000800041A8] <- 0x0000080000000000

mem[X,0x0000000080000328] -> 0x0C93
mem[X,0x000000008000032A] -> 0x0010
[203] [M]: 0x0000000080000328 (0x00100C93) addi x25, x0, 0x1                        inst_19+0
x25 <- 0x0000000000000001

clint mtime 0x0000000000000066 (mip.MTI <- 0b1, mip.STI <- 0b0)
mem[X,0x000000008000032C] -> 0x9C93
mem[X,0x000000008000032E] -> 0x00DC
[204] [M]: 0x000000008000032C (0x00DC9C93) slli x25, x25, 0xd                       inst_19+4
x25 <- 0x0000000000002000

mem[X,0x0000000080000330] -> 0x0993
mem[X,0x0000000080000332] -> 0x00B0
[205] [M]: 0x0000000080000330 (0x00B00993) addi x19, x0, 0xb                        inst_19+8
x19 <- 0x000000000000000B

clint mtime 0x0000000000000067 (mip.MTI <- 0b1, mip.STI <- 0b0)
mem[X,0x0000000080000334] -> 0x92B3
mem[X,0x0000000080000336] -> 0x013C
[206] [M]: 0x0000000080000334 (0x013C92B3) sll x5, x25, x19                         inst_19+12
x5 <- 0x0000000001000000

mem[X,0x0000000080000338] -> 0x3823
mem[X,0x000000008000033A] -> 0x0051
[207] [M]: 0x0000000080000338 (0x00513823) sd x5, 0x10(x2)                          inst_19+16
mem[W,0x00000000800041B0] <- 0x0000000001000000

clint mtime 0x0000000000000068 (mip.MTI <- 0b1, mip.STI <- 0b0)
mem[X,0x000000008000033C] -> 0x0513
mem[X,0x000000008000033E] -> 0x0010
[208] [M]: 0x000000008000033C (0x00100513) addi x10, x0, 0x1                        inst_20+0
x10 <- 0x0000000000000001

mem[X,0x0000000080000340] -> 0x1513
mem[X,0x0000000080000342] -> 0x00E5
[209] [M]: 0x0000000080000340 (0x00E51513) slli x10, x10, 0xe                       inst_20+4
x10 <- 0x0000000000004000

clint mtime 0x0000000000000069 (mip.MTI <- 0b1, mip.STI <- 0b0)
mem[X,0x0000000080000344] -> 0x0E93
mem[X,0x0000000080000346] -> 0x0090
[210] [M]: 0x0000000080000344 (0x00900E93) addi x29, x0, 0x9                        inst_20+8
x29 <- 0x0000000000000009

mem[X,0x0000000080000348] -> 0x10B3
mem[X,0x000000008000034A] -> 0x01D5
[211] [M]: 0x0000000080000348 (0x01D510B3) sll x1, x10, x29                         inst_20+12
x1 <- 0x0000000000800000

clint mtime 0x000000000000006A (mip.MTI <- 0b1, mip.STI <- 0b0)
mem[X,0x000000008000034C] -> 0x3C23
mem[X,0x000000008000034E] -> 0x0011
[212] [M]: 0x000000008000034C (0x00113C23) sd x1, 0x18(x2)                          inst_20+16
mem[W,0x00000000800041B8] <- 0x0000000000800000

mem[X,0x0000000080000350] -> 0x0093
mem[X,0x0000000080000352] -> 0x0010
[213] [M]: 0x0000000080000350 (0x00100093) addi x1, x0, 0x1                         inst_21+0
x1 <- 0x0000000000000001

clint mtime 0x000000000000006B (mip.MTI <- 0b1, mip.STI <- 0b0)
mem[X,0x0000000080000354] -> 0x9093
mem[X,0x0000000080000356] -> 0x00F0
[214] [M]: 0x0000000080000354 (0x00F09093) slli x1, x1, 0xf                         inst_21+4
x1 <- 0x0000000000008000

mem[X,0x0000000080000358] -> 0x0913
mem[X,0x000000008000035A] -> 0x0000
[215] [M]: 0x0000000080000358 (0x00000913) addi x18, x0, 0x0                        inst_21+8
x18 <- 0x0000000000000000

clint mtime 0x000000000000006C (mip.MTI <- 0b1, mip.STI <- 0b0)
mem[X,0x000000008000035C] -> 0x99B3
mem[X,0x000000008000035E] -> 0x0120
[216] [M]: 0x000000008000035C (0x012099B3) sll x19, x1, x18                         inst_21+12
x19 <- 0x0000000000008000

mem[X,0x0000000080000360] -> 0x3023
mem[X,0x0000000080000362] -> 0x0331
[217] [M]: 0x0000000080000360 (0x03313023) sd x19, 0x20(x2)                         inst_21+16
mem[W,0x00000000800041C0] <- 0x0000000000008000

clint mtime 0x000000000000006D (mip.MTI <- 0b1, mip.STI <- 0b0)
mem[X,0x0000000080000364] -> 0x0E93
mem[X,0x0000000080000366] -> 0x0010
[218] [M]: 0x0000000080000364 (0x00100E93) addi x29, x0, 0x1                        inst_22+0
x29 <- 0x0000000000000001

mem[X,0x0000000080000368] -> 0x9E93
mem[X,0x000000008000036A] -> 0x010E
[219] [M]: 0x0000000080000368 (0x010E9E93) slli x29, x29, 0x10                      inst_22+4
x29 <- 0x0000000000010000

clint mtime 0x000000000000006E (mip.MTI <- 0b1, mip.STI <- 0b0)
mem[X,0x000000008000036C] -> 0x0F13
mem[X,0x000000008000036E] -> 0x0010
[220] [M]: 0x000000008000036C (0x00100F13) addi x30, x0, 0x1                        inst_22+8
x30 <- 0x0000000000000001

mem[X,0x0000000080000370] -> 0x9FB3
mem[X,0x0000000080000372] -> 0x01EE
[221] [M]: 0x0000000080000370 (0x01EE9FB3) sll x31, x29, x30                        inst_22+12
x31 <- 0x0000000000020000

clint mtime 0x000000000000006F (mip.MTI <- 0b1, mip.STI <- 0b0)
mem[X,0x0000000080000374] -> 0x3423
mem[X,0x0000000080000376] -> 0x03F1
[222] [M]: 0x0000000080000374 (0x03F13423) sd x31, 0x28(x2)                         inst_22+16
mem[W,0x00000000800041C8] <- 0x0000000000020000

mem[X,0x0000000080000378] -> 0x0E13
mem[X,0x000000008000037A] -> 0x0010
[223] [M]: 0x0000000080000378 (0x00100E13) addi x28, x0, 0x1                        inst_23+0
x28 <- 0x0000000000000001

clint mtime 0x0000000000000070 (mip.MTI <- 0b1, mip.STI <- 0b0)
mem[X,0x000000008000037C] -> 0x1E13
mem[X,0x000000008000037E] -> 0x011E
[224] [M]: 0x000000008000037C (0x011E1E13) slli x28, x28, 0x11                      inst_23+4
x28 <- 0x0000000000020000

mem[X,0x0000000080000380] -> 0x0013
mem[X,0x0000000080000382] -> 0x0000
[225] [M]: 0x0000000080000380 (0x00000013) addi x0, x0, 0x0                         inst_23+8

clint mtime 0x0000000000000071 (mip.MTI <- 0b1, mip.STI <- 0b0)
mem[X,0x0000000080000384] -> 0x17B3
mem[X,0x0000000080000386] -> 0x000E
[226] [M]: 0x0000000080000384 (0x000E17B3) sll x15, x28, x0                         inst_23+12
x15 <- 0x0000000000020000

mem[X,0x0000000080000388] -> 0x3823
mem[X,0x000000008000038A] -> 0x02F1
[227] [M]: 0x0000000080000388 (0x02F13823) sd x15, 0x30(x2)                         inst_23+16
mem[W,0x00000000800041D0] <- 0x0000000000020000

clint mtime 0x0000000000000072 (mip.MTI <- 0b1, mip.STI <- 0b0)
mem[X,0x000000008000038C] -> 0x0F13
mem[X,0x000000008000038E] -> 0x0010
[228] [M]: 0x000000008000038C (0x00100F13) addi x30, x0, 0x1                        inst_24+0
x30 <- 0x0000000000000001

mem[X,0x0000000080000390] -> 0x1F13
mem[X,0x0000000080000392] -> 0x012F
[229] [M]: 0x0000000080000390 (0x012F1F13) slli x30, x30, 0x12                      inst_24+4
x30 <- 0x0000000000040000

clint mtime 0x0000000000000073 (mip.MTI <- 0b1, mip.STI <- 0b0)
mem[X,0x0000000080000394] -> 0x0A93
mem[X,0x0000000080000396] -> 0x00F0
[230] [M]: 0x0000000080000394 (0x00F00A93) addi x21, x0, 0xf                        inst_24+8
x21 <- 0x000000000000000F

mem[X,0x0000000080000398] -> 0x1DB3
mem[X,0x000000008000039A] -> 0x015F
[231] [M]: 0x0000000080000398 (0x015F1DB3) sll x27, x30, x21                        inst_24+12
x27 <- 0x0000000200000000

clint mtime 0x0000000000000074 (mip.MTI <- 0b1, mip.STI <- 0b0)
mem[X,0x000000008000039C] -> 0x3C23
mem[X,0x000000008000039E] -> 0x03B1
[232] [M]: 0x000000008000039C (0x03B13C23) sd x27, 0x38(x2)                         inst_24+16
mem[W,0x00000000800041D8] <- 0x0000000200000000

mem[X,0x00000000800003A0] -> 0x0813
mem[X,0x00000000800003A2] -> 0x0010
[233] [M]: 0x00000000800003A0 (0x00100813) addi x16, x0, 0x1                        inst_25+0
x16 <- 0x0000000000000001

clint mtime 0x0000000000000075 (mip.MTI <- 0b1, mip.STI <- 0b0)
mem[X,0x00000000800003A4] -> 0x1813
mem[X,0x00000000800003A6] -> 0x0138
[234] [M]: 0x00000000800003A4 (0x01381813) slli x16, x16, 0x13                      inst_25+4
x16 <- 0x0000000000080000

mem[X,0x00000000800003A8] -> 0x0713
mem[X,0x00000000800003AA] -> 0x0020
[235] [M]: 0x00000000800003A8 (0x00200713) addi x14, x0, 0x2                        inst_25+8
x14 <- 0x0000000000000002

clint mtime 0x0000000000000076 (mip.MTI <- 0b1, mip.STI <- 0b0)
mem[X,0x00000000800003AC] -> 0x1EB3
mem[X,0x00000000800003AE] -> 0x00E8
[236] [M]: 0x00000000800003AC (0x00E81EB3) sll x29, x16, x14                        inst_25+12
x29 <- 0x0000000000200000

mem[X,0x00000000800003B0] -> 0x3023
mem[X,0x00000000800003B2] -> 0x05D1
[237] [M]: 0x00000000800003B0 (0x05D13023) sd x29, 0x40(x2)                         inst_25+16
mem[W,0x00000000800041E0] <- 0x0000000000200000

clint mtime 0x0000000000000077 (mip.MTI <- 0b1, mip.STI <- 0b0)
mem[X,0x00000000800003B4] -> 0x0B93
mem[X,0x00000000800003B6] -> 0x0010
[238] [M]: 0x00000000800003B4 (0x00100B93) addi x23, x0, 0x1                        inst_26+0
x23 <- 0x0000000000000001

mem[X,0x00000000800003B8] -> 0x9B93
mem[X,0x00000000800003BA] -> 0x014B
[239] [M]: 0x00000000800003B8 (0x014B9B93) slli x23, x23, 0x14                      inst_26+4
x23 <- 0x0000000000100000

clint mtime 0x0000000000000078 (mip.MTI <- 0b1, mip.STI <- 0b0)
mem[X,0x00000000800003BC] -> 0x0493
mem[X,0x00000000800003BE] -> 0x0020
[240] [M]: 0x00000000800003BC (0x00200493) addi x9, x0, 0x2                         inst_26+8
x9 <- 0x0000000000000002

mem[X,0x00000000800003C0] -> 0x9033
mem[X,0x00000000800003C2] -> 0x009B
[241] [M]: 0x00000000800003C0 (0x009B9033) sll x0, x23, x9                          inst_26+12

clint mtime 0x0000000000000079 (mip.MTI <- 0b1, mip.STI <- 0b0)
mem[X,0x00000000800003C4] -> 0x3423
mem[X,0x00000000800003C6] -> 0x0401
[242] [M]: 0x00000000800003C4 (0x04013423) sd x0, 0x48(x2)                          inst_26+16
mem[W,0x00000000800041E8] <- 0x0000000000000000

mem[X,0x00000000800003C8] -> 0x0893
mem[X,0x00000000800003CA] -> 0x0010
[243] [M]: 0x00000000800003C8 (0x00100893) addi x17, x0, 0x1                        inst_27+0
x17 <- 0x0000000000000001

clint mtime 0x000000000000007A (mip.MTI <- 0b1, mip.STI <- 0b0)
mem[X,0x00000000800003CC] -> 0x9893
mem[X,0x00000000800003CE] -> 0x0158
[244] [M]: 0x00000000800003CC (0x01589893) slli x17, x17, 0x15                      inst_27+4
x17 <- 0x0000000000200000

mem[X,0x00000000800003D0] -> 0x0093
mem[X,0x00000000800003D2] -> 0x03F0
[245] [M]: 0x00000000800003D0 (0x03F00093) addi x1, x0, 0x3f                        inst_27+8
x1 <- 0x000000000000003F

clint mtime 0x000000000000007B (mip.MTI <- 0b1, mip.STI <- 0b0)
mem[X,0x00000000800003D4] -> 0x9933
mem[X,0x00000000800003D6] -> 0x0018
[246] [M]: 0x00000000800003D4 (0x00189933) sll x18, x17, x1                         inst_27+12
x18 <- 0x0000000000000000

mem[X,0x00000000800003D8] -> 0x3823
mem[X,0x00000000800003DA] -> 0x0521
[247] [M]: 0x00000000800003D8 (0x05213823) sd x18, 0x50(x2)                         inst_27+16
mem[W,0x00000000800041F0] <- 0x0000000000000000

clint mtime 0x000000000000007C (mip.MTI <- 0b1, mip.STI <- 0b0)
mem[X,0x00000000800003DC] -> 0x0993
mem[X,0x00000000800003DE] -> 0x0010
[248] [M]: 0x00000000800003DC (0x00100993) addi x19, x0, 0x1                        inst_28+0
x19 <- 0x0000000000000001

mem[X,0x00000000800003E0] -> 0x9993
mem[X,0x00000000800003E2] -> 0x0169
[249] [M]: 0x00000000800003E0 (0x01699993) slli x19, x19, 0x16                      inst_28+4
x19 <- 0x0000000000400000

clint mtime 0x000000000000007D (mip.MTI <- 0b1, mip.STI <- 0b0)
mem[X,0x00000000800003E4] -> 0x0793
mem[X,0x00000000800003E6] -> 0x03F0
[250] [M]: 0x00000000800003E4 (0x03F00793) addi x15, x0, 0x3f                       inst_28+8
x15 <- 0x000000000000003F

mem[X,0x00000000800003E8] -> 0x9C33
mem[X,0x00000000800003EA] -> 0x00F9
[251] [M]: 0x00000000800003E8 (0x00F99C33) sll x24, x19, x15                        inst_28+12
x24 <- 0x0000000000000000

clint mtime 0x000000000000007E (mip.MTI <- 0b1, mip.STI <- 0b0)
mem[X,0x00000000800003EC] -> 0x3C23
mem[X,0x00000000800003EE] -> 0x0581
[252] [M]: 0x00000000800003EC (0x05813C23) sd x24, 0x58(x2)                         inst_28+16
mem[W,0x00000000800041F8] <- 0x0000000000000000

mem[X,0x00000000800003F0] -> 0x0713
mem[X,0x00000000800003F2] -> 0x0010
[253] [M]: 0x00000000800003F0 (0x00100713) addi x14, x0, 0x1                        inst_29+0
x14 <- 0x0000000000000001

clint mtime 0x000000000000007F (mip.MTI <- 0b1, mip.STI <- 0b0)
mem[X,0x00000000800003F4] -> 0x1713
mem[X,0x00000000800003F6] -> 0x0177
[254] [M]: 0x00000000800003F4 (0x01771713) slli x14, x14, 0x17                      inst_29+4
x14 <- 0x0000000000800000

mem[X,0x00000000800003F8] -> 0x0693
mem[X,0x00000000800003FA] -> 0x0130
[255] [M]: 0x00000000800003F8 (0x01300693) addi x13, x0, 0x13                       inst_29+8
x13 <- 0x0000000000000013

clint mtime 0x0000000000000080 (mip.MTI <- 0b1, mip.STI <- 0b0)
mem[X,0x00000000800003FC] -> 0x1433
mem[X,0x00000000800003FE] -> 0x00D7
[256] [M]: 0x00000000800003FC (0x00D71433) sll x8, x14, x13                         inst_29+12
x8 <- 0x0000040000000000

mem[X,0x0000000080000400] -> 0x3023
mem[X,0x0000000080000402] -> 0x0681
[257] [M]: 0x0000000080000400 (0x06813023) sd x8, 0x60(x2)                          inst_29+16
mem[W,0x0000000080004200] <- 0x0000040000000000

clint mtime 0x0000000000000081 (mip.MTI <- 0b1, mip.STI <- 0b0)
mem[X,0x0000000080000404] -> 0x0013
mem[X,0x0000000080000406] -> 0x0000
[258] [M]: 0x0000000080000404 (0x00000013) addi x0, x0, 0x0                         inst_30+0

mem[X,0x0000000080000408] -> 0x0193
mem[X,0x000000008000040A] -> 0x0200
[259] [M]: 0x0000000080000408 (0x02000193) addi x3, x0, 0x20                        inst_30+4
x3 <- 0x0000000000000020

clint mtime 0x0000000000000082 (mip.MTI <- 0b1, mip.STI <- 0b0)
mem[X,0x000000008000040C] -> 0x16B3
mem[X,0x000000008000040E] -> 0x0030
[260] [M]: 0x000000008000040C (0x003016B3) sll x13, x0, x3                          inst_30+8
x13 <- 0x0000000000000000

mem[X,0x0000000080000410] -> 0x3423
mem[X,0x0000000080000412] -> 0x06D1
[261] [M]: 0x0000000080000410 (0x06D13423) sd x13, 0x68(x2)                         inst_30+12
mem[W,0x0000000080004208] <- 0x0000000000000000

clint mtime 0x0000000000000083 (mip.MTI <- 0b1, mip.STI <- 0b0)
mem[X,0x0000000080000414] -> 0x0393
mem[X,0x0000000080000416] -> 0x0010
[262] [M]: 0x0000000080000414 (0x00100393) addi x7, x0, 0x1                         inst_31+0
x7 <- 0x0000000000000001

mem[X,0x0000000080000418] -> 0x9393
mem[X,0x000000008000041A] -> 0x0193
[263] [M]: 0x0000000080000418 (0x01939393) slli x7, x7, 0x19                        inst_31+4
x7 <- 0x0000000002000000

clint mtime 0x0000000000000084 (mip.MTI <- 0b1, mip.STI <- 0b0)
mem[X,0x000000008000041C] -> 0x0813
mem[X,0x000000008000041E] -> 0x00D0
[264] [M]: 0x000000008000041C (0x00D00813) addi x16, x0, 0xd                        inst_31+8
x16 <- 0x000000000000000D

mem[X,0x0000000080000420] -> 0x94B3
mem[X,0x0000000080000422] -> 0x0103
[265] [M]: 0x0000000080000420 (0x010394B3) sll x9, x7, x16                          inst_31+12
x9 <- 0x0000004000000000

clint mtime 0x0000000000000085 (mip.MTI <- 0b1, mip.STI <- 0b0)
mem[X,0x0000000080000424] -> 0x3823
mem[X,0x0000000080000426] -> 0x0691
[266] [M]: 0x0000000080000424 (0x06913823) sd x9, 0x70(x2)                          inst_31+16
mem[W,0x0000000080004210] <- 0x0000004000000000

mem[X,0x0000000080000428] -> 0x0513
mem[X,0x000000008000042A] -> 0x0010
[267] [M]: 0x0000000080000428 (0x00100513) addi x10, x0, 0x1                        inst_32+0
x10 <- 0x0000000000000001

clint mtime 0x0000000000000086 (mip.MTI <- 0b1, mip.STI <- 0b0)
mem[X,0x000000008000042C] -> 0x1513
mem[X,0x000000008000042E] -> 0x01A5
[268] [M]: 0x000000008000042C (0x01A51513) slli x10, x10, 0x1a                      inst_32+4
x10 <- 0x0000000004000000

mem[X,0x0000000080000430] -> 0x0593
mem[X,0x0000000080000432] -> 0x03F0
[269] [M]: 0x0000000080000430 (0x03F00593) addi x11, x0, 0x3f                       inst_32+8
x11 <- 0x000000000000003F

clint mtime 0x0000000000000087 (mip.MTI <- 0b1, mip.STI <- 0b0)
mem[X,0x0000000080000434] -> 0x1633
mem[X,0x0000000080000436] -> 0x00B5
[270] [M]: 0x0000000080000434 (0x00B51633) sll x12, x10, x11                        inst_32+12
x12 <- 0x0000000000000000

mem[X,0x0000000080000438] -> 0x3C23
mem[X,0x000000008000043A] -> 0x06C1
[271] [M]: 0x0000000080000438 (0x06C13C23) sd x12, 0x78(x2)                         inst_32+16
mem[W,0x0000000080004218] <- 0x0000000000000000

clint mtime 0x0000000000000088 (mip.MTI <- 0b1, mip.STI <- 0b0)
mem[X,0x000000008000043C] -> 0x0513
mem[X,0x000000008000043E] -> 0x0010
[272] [M]: 0x000000008000043C (0x00100513) addi x10, x0, 0x1                        inst_33+0
x10 <- 0x0000000000000001

mem[X,0x0000000080000440] -> 0x1513
mem[X,0x0000000080000442] -> 0x01B5
[273] [M]: 0x0000000080000440 (0x01B51513) slli x10, x10, 0x1b                      inst_33+4
x10 <- 0x0000000008000000

clint mtime 0x0000000000000089 (mip.MTI <- 0b1, mip.STI <- 0b0)
mem[X,0x0000000080000444] -> 0x0593
mem[X,0x0000000080000446] -> 0x0030
[274] [M]: 0x0000000080000444 (0x00300593) addi x11, x0, 0x3                        inst_33+8
x11 <- 0x0000000000000003

mem[X,0x0000000080000448] -> 0x1633
mem[X,0x000000008000044A] -> 0x00B5
[275] [M]: 0x0000000080000448 (0x00B51633) sll x12, x10, x11                        inst_33+12
x12 <- 0x0000000040000000

clint mtime 0x000000000000008A (mip.MTI <- 0b1, mip.STI <- 0b0)
mem[X,0x000000008000044C] -> 0x3023
mem[X,0x000000008000044E] -> 0x08C1
[276] [M]: 0x000000008000044C (0x08C13023) sd x12, 0x80(x2)                         inst_33+16
mem[W,0x0000000080004220] <- 0x0000000040000000

mem[X,0x0000000080000450] -> 0x0513
mem[X,0x0000000080000452] -> 0x0010
[277] [M]: 0x0000000080000450 (0x00100513) addi x10, x0, 0x1                        inst_34+0
x10 <- 0x0000000000000001

clint mtime 0x000000000000008B (mip.MTI <- 0b1, mip.STI <- 0b0)
mem[X,0x0000000080000454] -> 0x1513
mem[X,0x0000000080000456] -> 0x01C5
[278] [M]: 0x0000000080000454 (0x01C51513) slli x10, x10, 0x1c                      inst_34+4
x10 <- 0x0000000010000000

mem[X,0x0000000080000458] -> 0x0593
mem[X,0x000000008000045A] -> 0x0040
[279] [M]: 0x0000000080000458 (0x00400593) addi x11, x0, 0x4                        inst_34+8
x11 <- 0x0000000000000004

clint mtime 0x000000000000008C (mip.MTI <- 0b1, mip.STI <- 0b0)
mem[X,0x000000008000045C] -> 0x1633
mem[X,0x000000008000045E] -> 0x00B5
[280] [M]: 0x000000008000045C (0x00B51633) sll x12, x10, x11                        inst_34+12
x12 <- 0x0000000100000000

mem[X,0x0000000080000460] -> 0x3423
mem[X,0x0000000080000462] -> 0x08C1
[281] [M]: 0x0000000080000460 (0x08C13423) sd x12, 0x88(x2)                         inst_34+16
mem[W,0x0000000080004228] <- 0x0000000100000000

clint mtime 0x000000000000008D (mip.MTI <- 0b1, mip.STI <- 0b0)
mem[X,0x0000000080000464] -> 0x0513
mem[X,0x0000000080000466] -> 0x0010
[282] [M]: 0x0000000080000464 (0x00100513) addi x10, x0, 0x1                        inst_35+0
x10 <- 0x0000000000000001

mem[X,0x0000000080000468] -> 0x1513
mem[X,0x000000008000046A] -> 0x01D5
[283] [M]: 0x0000000080000468 (0x01D51513) slli x10, x10, 0x1d                      inst_35+4
x10 <- 0x0000000020000000

clint mtime 0x000000000000008E (mip.MTI <- 0b1, mip.STI <- 0b0)
mem[X,0x000000008000046C] -> 0x0593
mem[X,0x000000008000046E] -> 0x03B0
[284] [M]: 0x000000008000046C (0x03B00593) addi x11, x0, 0x3b                       inst_35+8
x11 <- 0x000000000000003B

mem[X,0x0000000080000470] -> 0x1633
mem[X,0x0000000080000472] -> 0x00B5
[285] [M]: 0x0000000080000470 (0x00B51633) sll x12, x10, x11                        inst_35+12
x12 <- 0x0000000000000000

clint mtime 0x000000000000008F (mip.MTI <- 0b1, mip.STI <- 0b0)
mem[X,0x0000000080000474] -> 0x3823
mem[X,0x0000000080000476] -> 0x08C1
[286] [M]: 0x0000000080000474 (0x08C13823) sd x12, 0x90(x2)                         inst_35+16
mem[W,0x0000000080004230] <- 0x0000000000000000

mem[X,0x0000000080000478] -> 0x0513
mem[X,0x000000008000047A] -> 0x0010
[287] [M]: 0x0000000080000478 (0x00100513) addi x10, x0, 0x1                        inst_36+0
x10 <- 0x0000000000000001

clint mtime 0x0000000000000090 (mip.MTI <- 0b1, mip.STI <- 0b0)
mem[X,0x000000008000047C] -> 0x1513
mem[X,0x000000008000047E] -> 0x01E5
[288] [M]: 0x000000008000047C (0x01E51513) slli x10, x10, 0x1e                      inst_36+4
x10 <- 0x0000000040000000

mem[X,0x0000000080000480] -> 0x0593
mem[X,0x0000000080000482] -> 0x0060
[289] [M]: 0x0000000080000480 (0x00600593) addi x11, x0, 0x6                        inst_36+8
x11 <- 0x0000000000000006

clint mtime 0x0000000000000091 (mip.MTI <- 0b1, mip.STI <- 0b0)
mem[X,0x0000000080000484] -> 0x1633
mem[X,0x0000000080000486] -> 0x00B5
[290] [M]: 0x0000000080000484 (0x00B51633) sll x12, x10, x11                        inst_36+12
x12 <- 0x0000001000000000

mem[X,0x0000000080000488] -> 0x3C23
mem[X,0x000000008000048A] -> 0x08C1
[291] [M]: 0x0000000080000488 (0x08C13C23) sd x12, 0x98(x2)                         inst_36+16
mem[W,0x0000000080004238] <- 0x0000001000000000

clint mtime 0x0000000000000092 (mip.MTI <- 0b1, mip.STI <- 0b0)
mem[X,0x000000008000048C] -> 0x0513
mem[X,0x000000008000048E] -> 0x0010
[292] [M]: 0x000000008000048C (0x00100513) addi x10, x0, 0x1                        inst_37+0
x10 <- 0x0000000000000001

mem[X,0x0000000080000490] -> 0x1513
mem[X,0x0000000080000492] -> 0x01F5
[293] [M]: 0x0000000080000490 (0x01F51513) slli x10, x10, 0x1f                      inst_37+4
x10 <- 0x0000000080000000

clint mtime 0x0000000000000093 (mip.MTI <- 0b1, mip.STI <- 0b0)
mem[X,0x0000000080000494] -> 0x0593
mem[X,0x0000000080000496] -> 0x0080
[294] [M]: 0x0000000080000494 (0x00800593) addi x11, x0, 0x8                        inst_37+8
x11 <- 0x0000000000000008

mem[X,0x0000000080000498] -> 0x1633
mem[X,0x000000008000049A] -> 0x00B5
[295] [M]: 0x0000000080000498 (0x00B51633) sll x12, x10, x11                        inst_37+12
x12 <- 0x0000008000000000

clint mtime 0x0000000000000094 (mip.MTI <- 0b1, mip.STI <- 0b0)
mem[X,0x000000008000049C] -> 0x3023
mem[X,0x000000008000049E] -> 0x0AC1
[296] [M]: 0x000000008000049C (0x0AC13023) sd x12, 0xa0(x2)                         inst_37+16
mem[W,0x0000000080004240] <- 0x0000008000000000

mem[X,0x00000000800004A0] -> 0x0513
mem[X,0x00000000800004A2] -> 0x0010
[297] [M]: 0x00000000800004A0 (0x00100513) addi x10, x0, 0x1                        inst_38+0
x10 <- 0x0000000000000001

clint mtime 0x0000000000000095 (mip.MTI <- 0b1, mip.STI <- 0b0)
mem[X,0x00000000800004A4] -> 0x1513
mem[X,0x00000000800004A6] -> 0x0205
[298] [M]: 0x00000000800004A4 (0x02051513) slli x10, x10, 0x20                      inst_38+4
x10 <- 0x0000000100000000

mem[X,0x00000000800004A8] -> 0x0593
mem[X,0x00000000800004AA] -> 0x0120
[299] [M]: 0x00000000800004A8 (0x01200593) addi x11, x0, 0x12                       inst_38+8
x11 <- 0x0000000000000012

clint mtime 0x0000000000000096 (mip.MTI <- 0b1, mip.STI <- 0b0)
mem[X,0x00000000800004AC] -> 0x1633
mem[X,0x00000000800004AE] -> 0x00B5
[300] [M]: 0x00000000800004AC (0x00B51633) sll x12, x10, x11                        inst_38+12
x12 <- 0x0004000000000000

mem[X,0x00000000800004B0] -> 0x3423
mem[X,0x00000000800004B2] -> 0x0AC1
[301] [M]: 0x00000000800004B0 (0x0AC13423) sd x12, 0xa8(x2)                         inst_38+16
mem[W,0x0000000080004248] <- 0x0004000000000000

clint mtime 0x0000000000000097 (mip.MTI <- 0b1, mip.STI <- 0b0)
mem[X,0x00000000800004B4] -> 0x0513
mem[X,0x00000000800004B6] -> 0x0010
[302] [M]: 0x00000000800004B4 (0x00100513) addi x10, x0, 0x1                        inst_39+0
x10 <- 0x0000000000000001

mem[X,0x00000000800004B8] -> 0x1513
mem[X,0x00000000800004BA] -> 0x0215
[303] [M]: 0x00000000800004B8 (0x02151513) slli x10, x10, 0x21                      inst_39+4
x10 <- 0x0000000200000000

clint mtime 0x0000000000000098 (mip.MTI <- 0b1, mip.STI <- 0b0)
mem[X,0x00000000800004BC] -> 0x0593
mem[X,0x00000000800004BE] -> 0x0090
[304] [M]: 0x00000000800004BC (0x00900593) addi x11, x0, 0x9                        inst_39+8
x11 <- 0x0000000000000009

mem[X,0x00000000800004C0] -> 0x1633
mem[X,0x00000000800004C2] -> 0x00B5
[305] [M]: 0x00000000800004C0 (0x00B51633) sll x12, x10, x11                        inst_39+12
x12 <- 0x0000040000000000

clint mtime 0x0000000000000099 (mip.MTI <- 0b1, mip.STI <- 0b0)
mem[X,0x00000000800004C4] -> 0x3823
mem[X,0x00000000800004C6] -> 0x0AC1
[306] [M]: 0x00000000800004C4 (0x0AC13823) sd x12, 0xb0(x2)                         inst_39+16
mem[W,0x0000000080004250] <- 0x0000040000000000

mem[X,0x00000000800004C8] -> 0x0513
mem[X,0x00000000800004CA] -> 0x0010
[307] [M]: 0x00000000800004C8 (0x00100513) addi x10, x0, 0x1                        inst_40+0
x10 <- 0x0000000000000001

clint mtime 0x000000000000009A (mip.MTI <- 0b1, mip.STI <- 0b0)
mem[X,0x00000000800004CC] -> 0x1513
mem[X,0x00000000800004CE] -> 0x0225
[308] [M]: 0x00000000800004CC (0x02251513) slli x10, x10, 0x22                      inst_40+4
x10 <- 0x0000000400000000

mem[X,0x00000000800004D0] -> 0x0593
mem[X,0x00000000800004D2] -> 0x0200
[309] [M]: 0x00000000800004D0 (0x02000593) addi x11, x0, 0x20                       inst_40+8
x11 <- 0x0000000000000020

clint mtime 0x000000000000009B (mip.MTI <- 0b1, mip.STI <- 0b0)
mem[X,0x00000000800004D4] -> 0x1633
mem[X,0x00000000800004D6] -> 0x00B5
[310] [M]: 0x00000000800004D4 (0x00B51633) sll x12, x10, x11                        inst_40+12
x12 <- 0x0000000000000000

mem[X,0x00000000800004D8] -> 0x3C23
mem[X,0x00000000800004DA] -> 0x0AC1
[311] [M]: 0x00000000800004D8 (0x0AC13C23) sd x12, 0xb8(x2)                         inst_40+16
mem[W,0x0000000080004258] <- 0x0000000000000000

clint mtime 0x000000000000009C (mip.MTI <- 0b1, mip.STI <- 0b0)
mem[X,0x00000000800004DC] -> 0x0513
mem[X,0x00000000800004DE] -> 0x0010
[312] [M]: 0x00000000800004DC (0x00100513) addi x10, x0, 0x1                        inst_41+0
x10 <- 0x0000000000000001

mem[X,0x00000000800004E0] -> 0x1513
mem[X,0x00000000800004E2] -> 0x0235
[313] [M]: 0x00000000800004E0 (0x02351513) slli x10, x10, 0x23                      inst_41+4
x10 <- 0x0000000800000000

clint mtime 0x000000000000009D (mip.MTI <- 0b1, mip.STI <- 0b0)
mem[X,0x00000000800004E4] -> 0x0593
mem[X,0x00000000800004E6] -> 0x0010
[314] [M]: 0x00000000800004E4 (0x00100593) addi x11, x0, 0x1                        inst_41+8
x11 <- 0x0000000000000001

mem[X,0x00000000800004E8] -> 0x1633
mem[X,0x00000000800004EA] -> 0x00B5
[315] [M]: 0x00000000800004E8 (0x00B51633) sll x12, x10, x11                        inst_41+12
x12 <- 0x0000001000000000

clint mtime 0x000000000000009E (mip.MTI <- 0b1, mip.STI <- 0b0)
mem[X,0x00000000800004EC] -> 0x3023
mem[X,0x00000000800004EE] -> 0x0CC1
[316] [M]: 0x00000000800004EC (0x0CC13023) sd x12, 0xc0(x2)                         inst_41+16
mem[W,0x0000000080004260] <- 0x0000001000000000

mem[X,0x00000000800004F0] -> 0x0513
mem[X,0x00000000800004F2] -> 0x0010
[317] [M]: 0x00000000800004F0 (0x00100513) addi x10, x0, 0x1                        inst_42+0
x10 <- 0x0000000000000001

clint mtime 0x000000000000009F (mip.MTI <- 0b1, mip.STI <- 0b0)
mem[X,0x00000000800004F4] -> 0x1513
mem[X,0x00000000800004F6] -> 0x0245
[318] [M]: 0x00000000800004F4 (0x02451513) slli x10, x10, 0x24                      inst_42+4
x10 <- 0x0000001000000000

mem[X,0x00000000800004F8] -> 0x0593
mem[X,0x00000000800004FA] -> 0x00D0
[319] [M]: 0x00000000800004F8 (0x00D00593) addi x11, x0, 0xd                        inst_42+8
x11 <- 0x000000000000000D

clint mtime 0x00000000000000A0 (mip.MTI <- 0b1, mip.STI <- 0b0)
mem[X,0x00000000800004FC] -> 0x1633
mem[X,0x00000000800004FE] -> 0x00B5
[320] [M]: 0x00000000800004FC (0x00B51633) sll x12, x10, x11                        inst_42+12
x12 <- 0x0002000000000000

mem[X,0x0000000080000500] -> 0x3423
mem[X,0x0000000080000502] -> 0x0CC1
[321] [M]: 0x0000000080000500 (0x0CC13423) sd x12, 0xc8(x2)                         inst_42+16
mem[W,0x0000000080004268] <- 0x0002000000000000

clint mtime 0x00000000000000A1 (mip.MTI <- 0b1, mip.STI <- 0b0)
mem[X,0x0000000080000504] -> 0x0513
mem[X,0x0000000080000506] -> 0x0010
[322] [M]: 0x0000000080000504 (0x00100513) addi x10, x0, 0x1                        inst_43+0
x10 <- 0x0000000000000001

mem[X,0x0000000080000508] -> 0x1513
mem[X,0x000000008000050A] -> 0x0255
[323] [M]: 0x0000000080000508 (0x02551513) slli x10, x10, 0x25                      inst_43+4
x10 <- 0x0000002000000000

clint mtime 0x00000000000000A2 (mip.MTI <- 0b1, mip.STI <- 0b0)
mem[X,0x000000008000050C] -> 0x0593
mem[X,0x000000008000050E] -> 0x02A0
[324] [M]: 0x000000008000050C (0x02A00593) addi x11, x0, 0x2a                       inst_43+8
x11 <- 0x000000000000002A

mem[X,0x0000000080000510] -> 0x1633
mem[X,0x0000000080000512] -> 0x00B5
[325] [M]: 0x0000000080000510 (0x00B51633) sll x12, x10, x11                        inst_43+12
x12 <- 0x0000000000000000

clint mtime 0x00000000000000A3 (mip.MTI <- 0b1, mip.STI <- 0b0)
mem[X,0x0000000080000514] -> 0x3823
mem[X,0x0000000080000516] -> 0x0CC1
[326] [M]: 0x0000000080000514 (0x0CC13823) sd x12, 0xd0(x2)                         inst_43+16
mem[W,0x0000000080004270] <- 0x0000000000000000

mem[X,0x0000000080000518] -> 0x0513
mem[X,0x000000008000051A] -> 0x0010
[327] [M]: 0x0000000080000518 (0x00100513) addi x10, x0, 0x1                        inst_44+0
x10 <- 0x0000000000000001

clint mtime 0x00000000000000A4 (mip.MTI <- 0b1, mip.STI <- 0b0)
mem[X,0x000000008000051C] -> 0x1513
mem[X,0x000000008000051E] -> 0x0265
[328] [M]: 0x000000008000051C (0x02651513) slli x10, x10, 0x26                      inst_44+4
x10 <- 0x0000004000000000

mem[X,0x0000000080000520] -> 0x0593
mem[X,0x0000000080000522] -> 0x0200
[329] [M]: 0x0000000080000520 (0x02000593) addi x11, x0, 0x20                       inst_44+8
x11 <- 0x0000000000000020

clint mtime 0x00000000000000A5 (mip.MTI <- 0b1, mip.STI <- 0b0)
mem[X,0x0000000080000524] -> 0x1633
mem[X,0x0000000080000526] -> 0x00B5
[330] [M]: 0x0000000080000524 (0x00B51633) sll x12, x10, x11                        inst_44+12
x12 <- 0x0000000000000000

mem[X,0x0000000080000528] -> 0x3C23
mem[X,0x000000008000052A] -> 0x0CC1
[331] [M]: 0x0000000080000528 (0x0CC13C23) sd x12, 0xd8(x2)                         inst_44+16
mem[W,0x0000000080004278] <- 0x0000000000000000

clint mtime 0x00000000000000A6 (mip.MTI <- 0b1, mip.STI <- 0b0)
mem[X,0x000000008000052C] -> 0x0513
mem[X,0x000000008000052E] -> 0x0010
[332] [M]: 0x000000008000052C (0x00100513) addi x10, x0, 0x1                        inst_45+0
x10 <- 0x0000000000000001

mem[X,0x0000000080000530] -> 0x1513
mem[X,0x0000000080000532] -> 0x0275
[333] [M]: 0x0000000080000530 (0x02751513) slli x10, x10, 0x27                      inst_45+4
x10 <- 0x0000008000000000

clint mtime 0x00000000000000A7 (mip.MTI <- 0b1, mip.STI <- 0b0)
mem[X,0x0000000080000534] -> 0x0593
mem[X,0x0000000080000536] -> 0x0110
[334] [M]: 0x0000000080000534 (0x01100593) addi x11, x0, 0x11                       inst_45+8
x11 <- 0x0000000000000011

mem[X,0x0000000080000538] -> 0x1633
mem[X,0x000000008000053A] -> 0x00B5
[335] [M]: 0x0000000080000538 (0x00B51633) sll x12, x10, x11                        inst_45+12
x12 <- 0x0100000000000000

clint mtime 0x00000000000000A8 (mip.MTI <- 0b1, mip.STI <- 0b0)
mem[X,0x000000008000053C] -> 0x3023
mem[X,0x000000008000053E] -> 0x0EC1
[336] [M]: 0x000000008000053C (0x0EC13023) sd x12, 0xe0(x2)                         inst_45+16
mem[W,0x0000000080004280] <- 0x0100000000000000

mem[X,0x0000000080000540] -> 0x0513
mem[X,0x0000000080000542] -> 0x0010
[337] [M]: 0x0000000080000540 (0x00100513) addi x10, x0, 0x1                        inst_46+0
x10 <- 0x0000000000000001

clint mtime 0x00000000000000A9 (mip.MTI <- 0b1, mip.STI <- 0b0)
mem[X,0x0000000080000544] -> 0x1513
mem[X,0x0000000080000546] -> 0x0285
[338] [M]: 0x0000000080000544 (0x02851513) slli x10, x10, 0x28                      inst_46+4
x10 <- 0x0000010000000000

mem[X,0x0000000080000548] -> 0x0593
mem[X,0x000000008000054A] -> 0x0020
[339] [M]: 0x0000000080000548 (0x00200593) addi x11, x0, 0x2                        inst_46+8
x11 <- 0x0000000000000002

clint mtime 0x00000000000000AA (mip.MTI <- 0b1, mip.STI <- 0b0)
mem[X,0x000000008000054C] -> 0x1633
mem[X,0x000000008000054E] -> 0x00B5
[340] [M]: 0x000000008000054C (0x00B51633) sll x12, x10, x11                        inst_46+12
x12 <- 0x0000040000000000

mem[X,0x0000000080000550] -> 0x3423
mem[X,0x0000000080000552] -> 0x0EC1
[341] [M]: 0x0000000080000550 (0x0EC13423) sd x12, 0xe8(x2)                         inst_46+16
mem[W,0x0000000080004288] <- 0x0000040000000000

clint mtime 0x00000000000000AB (mip.MTI <- 0b1, mip.STI <- 0b0)
mem[X,0x0000000080000554] -> 0x0513
mem[X,0x0000000080000556] -> 0x0010
[342] [M]: 0x0000000080000554 (0x00100513) addi x10, x0, 0x1                        inst_47+0
x10 <- 0x0000000000000001

mem[X,0x0000000080000558] -> 0x1513
mem[X,0x000000008000055A] -> 0x0295
[343] [M]: 0x0000000080000558 (0x02951513) slli x10, x10, 0x29                      inst_47+4
x10 <- 0x0000020000000000

clint mtime 0x00000000000000AC (mip.MTI <- 0b1, mip.STI <- 0b0)
mem[X,0x000000008000055C] -> 0x0593
mem[X,0x000000008000055E] -> 0x03D0
[344] [M]: 0x000000008000055C (0x03D00593) addi x11, x0, 0x3d                       inst_47+8
x11 <- 0x000000000000003D

mem[X,0x0000000080000560] -> 0x1633
mem[X,0x0000000080000562] -> 0x00B5
[345] [M]: 0x0000000080000560 (0x00B51633) sll x12, x10, x11                        inst_47+12
x12 <- 0x0000000000000000

clint mtime 0x00000000000000AD (mip.MTI <- 0b1, mip.STI <- 0b0)
mem[X,0x0000000080000564] -> 0x3823
mem[X,0x0000000080000566] -> 0x0EC1
[346] [M]: 0x0000000080000564 (0x0EC13823) sd x12, 0xf0(x2)                         inst_47+16
mem[W,0x0000000080004290] <- 0x0000000000000000

mem[X,0x0000000080000568] -> 0x0513
mem[X,0x000000008000056A] -> 0x0010
[347] [M]: 0x0000000080000568 (0x00100513) addi x10, x0, 0x1                        inst_48+0
x10 <- 0x0000000000000001

clint mtime 0x00000000000000AE (mip.MTI <- 0b1, mip.STI <- 0b0)
mem[X,0x000000008000056C] -> 0x1513
mem[X,0x000000008000056E] -> 0x02A5
[348] [M]: 0x000000008000056C (0x02A51513) slli x10, x10, 0x2a                      inst_48+4
x10 <- 0x0000040000000000

mem[X,0x0000000080000570] -> 0x0593
mem[X,0x0000000080000572] -> 0x00C0
[349] [M]: 0x0000000080000570 (0x00C00593) addi x11, x0, 0xc                        inst_48+8
x11 <- 0x000000000000000C

clint mtime 0x00000000000000AF (mip.MTI <- 0b1, mip.STI <- 0b0)
mem[X,0x0000000080000574] -> 0x1633
mem[X,0x0000000080000576] -> 0x00B5
[350] [M]: 0x0000000080000574 (0x00B51633) sll x12, x10, x11                        inst_48+12
x12 <- 0x0040000000000000

mem[X,0x0000000080000578] -> 0x3C23
mem[X,0x000000008000057A] -> 0x0EC1
[351] [M]: 0x0000000080000578 (0x0EC13C23) sd x12, 0xf8(x2)                         inst_48+16
mem[W,0x0000000080004298] <- 0x0040000000000000

clint mtime 0x00000000000000B0 (mip.MTI <- 0b1, mip.STI <- 0b0)
mem[X,0x000000008000057C] -> 0x0513
mem[X,0x000000008000057E] -> 0x0010
[352] [M]: 0x000000008000057C (0x00100513) addi x10, x0, 0x1                        inst_49+0
x10 <- 0x0000000000000001

mem[X,0x0000000080000580] -> 0x1513
mem[X,0x0000000080000582] -> 0x02B5
[353] [M]: 0x0000000080000580 (0x02B51513) slli x10, x10, 0x2b                      inst_49+4
x10 <- 0x0000080000000000

clint mtime 0x00000000000000B1 (mip.MTI <- 0b1, mip.STI <- 0b0)
mem[X,0x0000000080000584] -> 0x0593
mem[X,0x0000000080000586] -> 0x0020
[354] [M]: 0x0000000080000584 (0x00200593) addi x11, x0, 0x2                        inst_49+8
x11 <- 0x0000000000000002

mem[X,0x0000000080000588] -> 0x1633
mem[X,0x000000008000058A] -> 0x00B5
[355] [M]: 0x0000000080000588 (0x00B51633) sll x12, x10, x11                        inst_49+12
x12 <- 0x0000200000000000

clint mtime 0x00000000000000B2 (mip.MTI <- 0b1, mip.STI <- 0b0)
mem[X,0x000000008000058C] -> 0x3023
mem[X,0x000000008000058E] -> 0x10C1
[356] [M]: 0x000000008000058C (0x10C13023) sd x12, 0x100(x2)                        inst_49+16
mem[W,0x00000000800042A0] <- 0x0000200000000000

mem[X,0x0000000080000590] -> 0x0513
mem[X,0x0000000080000592] -> 0x0010
[357] [M]: 0x0000000080000590 (0x00100513) addi x10, x0, 0x1                        inst_50+0
x10 <- 0x0000000000000001

clint mtime 0x00000000000000B3 (mip.MTI <- 0b1, mip.STI <- 0b0)
mem[X,0x0000000080000594] -> 0x1513
mem[X,0x0000000080000596] -> 0x02D5
[358] [M]: 0x0000000080000594 (0x02D51513) slli x10, x10, 0x2d                      inst_50+4
x10 <- 0x0000200000000000

mem[X,0x0000000080000598] -> 0x0593
mem[X,0x000000008000059A] -> 0x01F0
[359] [M]: 0x0000000080000598 (0x01F00593) addi x11, x0, 0x1f                       inst_50+8
x11 <- 0x000000000000001F

clint mtime 0x00000000000000B4 (mip.MTI <- 0b1, mip.STI <- 0b0)
mem[X,0x000000008000059C] -> 0x1633
mem[X,0x000000008000059E] -> 0x00B5
[360] [M]: 0x000000008000059C (0x00B51633) sll x12, x10, x11                        inst_50+12
x12 <- 0x0000000000000000

mem[X,0x00000000800005A0] -> 0x3423
mem[X,0x00000000800005A2] -> 0x10C1
[361] [M]: 0x00000000800005A0 (0x10C13423) sd x12, 0x108(x2)                        inst_50+16
mem[W,0x00000000800042A8] <- 0x0000000000000000

clint mtime 0x00000000000000B5 (mip.MTI <- 0b1, mip.STI <- 0b0)
mem[X,0x00000000800005A4] -> 0x0513
mem[X,0x00000000800005A6] -> 0x0010
[362] [M]: 0x00000000800005A4 (0x00100513) addi x10, x0, 0x1                        inst_51+0
x10 <- 0x0000000000000001

mem[X,0x00000000800005A8] -> 0x1513
mem[X,0x00000000800005AA] -> 0x02E5
[363] [M]: 0x00000000800005A8 (0x02E51513) slli x10, x10, 0x2e                      inst_51+4
x10 <- 0x0000400000000000

clint mtime 0x00000000000000B6 (mip.MTI <- 0b1, mip.STI <- 0b0)
mem[X,0x00000000800005AC] -> 0x0593
mem[X,0x00000000800005AE] -> 0x0090
[364] [M]: 0x00000000800005AC (0x00900593) addi x11, x0, 0x9                        inst_51+8
x11 <- 0x0000000000000009

mem[X,0x00000000800005B0] -> 0x1633
mem[X,0x00000000800005B2] -> 0x00B5
[365] [M]: 0x00000000800005B0 (0x00B51633) sll x12, x10, x11                        inst_51+12
x12 <- 0x0080000000000000

clint mtime 0x00000000000000B7 (mip.MTI <- 0b1, mip.STI <- 0b0)
mem[X,0x00000000800005B4] -> 0x3823
mem[X,0x00000000800005B6] -> 0x10C1
[366] [M]: 0x00000000800005B4 (0x10C13823) sd x12, 0x110(x2)                        inst_51+16
mem[W,0x00000000800042B0] <- 0x0080000000000000

mem[X,0x00000000800005B8] -> 0x0513
mem[X,0x00000000800005BA] -> 0x0010
[367] [M]: 0x00000000800005B8 (0x00100513) addi x10, x0, 0x1                        inst_52+0
x10 <- 0x0000000000000001

clint mtime 0x00000000000000B8 (mip.MTI <- 0b1, mip.STI <- 0b0)
mem[X,0x00000000800005BC] -> 0x1513
mem[X,0x00000000800005BE] -> 0x02F5
[368] [M]: 0x00000000800005BC (0x02F51513) slli x10, x10, 0x2f                      inst_52+4
x10 <- 0x0000800000000000

mem[X,0x00000000800005C0] -> 0x0593
mem[X,0x00000000800005C2] -> 0x0200
[369] [M]: 0x00000000800005C0 (0x02000593) addi x11, x0, 0x20                       inst_52+8
x11 <- 0x0000000000000020

clint mtime 0x00000000000000B9 (mip.MTI <- 0b1, mip.STI <- 0b0)
mem[X,0x00000000800005C4] -> 0x1633
mem[X,0x00000000800005C6] -> 0x00B5
[370] [M]: 0x00000000800005C4 (0x00B51633) sll x12, x10, x11                        inst_52+12
x12 <- 0x0000000000000000

mem[X,0x00000000800005C8] -> 0x3C23
mem[X,0x00000000800005CA] -> 0x10C1
[371] [M]: 0x00000000800005C8 (0x10C13C23) sd x12, 0x118(x2)                        inst_52+16
mem[W,0x00000000800042B8] <- 0x0000000000000000

clint mtime 0x00000000000000BA (mip.MTI <- 0b1, mip.STI <- 0b0)
mem[X,0x00000000800005CC] -> 0x0513
mem[X,0x00000000800005CE] -> 0x0010
[372] [M]: 0x00000000800005CC (0x00100513) addi x10, x0, 0x1                        inst_53+0
x10 <- 0x0000000000000001

mem[X,0x00000000800005D0] -> 0x1513
mem[X,0x00000000800005D2] -> 0x0305
[373] [M]: 0x00000000800005D0 (0x03051513) slli x10, x10, 0x30                      inst_53+4
x10 <- 0x0001000000000000

clint mtime 0x00000000000000BB (mip.MTI <- 0b1, mip.STI <- 0b0)
mem[X,0x00000000800005D4] -> 0x0593
mem[X,0x00000000800005D6] -> 0x03D0
[374] [M]: 0x00000000800005D4 (0x03D00593) addi x11, x0, 0x3d                       inst_53+8
x11 <- 0x000000000000003D

mem[X,0x00000000800005D8] -> 0x1633
mem[X,0x00000000800005DA] -> 0x00B5
[375] [M]: 0x00000000800005D8 (0x00B51633) sll x12, x10, x11                        inst_53+12
x12 <- 0x0000000000000000

clint mtime 0x00000000000000BC (mip.MTI <- 0b1, mip.STI <- 0b0)
mem[X,0x00000000800005DC] -> 0x3023
mem[X,0x00000000800005DE] -> 0x12C1
[376] [M]: 0x00000000800005DC (0x12C13023) sd x12, 0x120(x2)                        inst_53+16
mem[W,0x00000000800042C0] <- 0x0000000000000000

mem[X,0x00000000800005E0] -> 0x0513
mem[X,0x00000000800005E2] -> 0x0010
[377] [M]: 0x00000000800005E0 (0x00100513) addi x10, x0, 0x1                        inst_54+0
x10 <- 0x0000000000000001

clint mtime 0x00000000000000BD (mip.MTI <- 0b1, mip.STI <- 0b0)
mem[X,0x00000000800005E4] -> 0x1513
mem[X,0x00000000800005E6] -> 0x0315
[378] [M]: 0x00000000800005E4 (0x03151513) slli x10, x10, 0x31                      inst_54+4
x10 <- 0x0002000000000000

mem[X,0x00000000800005E8] -> 0x0593
mem[X,0x00000000800005EA] -> 0x0010
[379] [M]: 0x00000000800005E8 (0x00100593) addi x11, x0, 0x1                        inst_54+8
x11 <- 0x0000000000000001

clint mtime 0x00000000000000BE (mip.MTI <- 0b1, mip.STI <- 0b0)
mem[X,0x00000000800005EC] -> 0x1633
mem[X,0x00000000800005EE] -> 0x00B5
[380] [M]: 0x00000000800005EC (0x00B51633) sll x12, x10, x11                        inst_54+12
x12 <- 0x0004000000000000

mem[X,0x00000000800005F0] -> 0x3423
mem[X,0x00000000800005F2] -> 0x12C1
[381] [M]: 0x00000000800005F0 (0x12C13423) sd x12, 0x128(x2)                        inst_54+16
mem[W,0x00000000800042C8] <- 0x0004000000000000

clint mtime 0x00000000000000BF (mip.MTI <- 0b1, mip.STI <- 0b0)
mem[X,0x00000000800005F4] -> 0x0513
mem[X,0x00000000800005F6] -> 0x0010
[382] [M]: 0x00000000800005F4 (0x00100513) addi x10, x0, 0x1                        inst_55+0
x10 <- 0x0000000000000001

mem[X,0x00000000800005F8] -> 0x1513
mem[X,0x00000000800005FA] -> 0x0325
[383] [M]: 0x00000000800005F8 (0x03251513) slli x10, x10, 0x32                      inst_55+4
x10 <- 0x0004000000000000

clint mtime 0x00000000000000C0 (mip.MTI <- 0b1, mip.STI <- 0b0)
mem[X,0x00000000800005FC] -> 0x0593
mem[X,0x00000000800005FE] -> 0x03F0
[384] [M]: 0x00000000800005FC (0x03F00593) addi x11, x0, 0x3f                       inst_55+8
x11 <- 0x000000000000003F

mem[X,0x0000000080000600] -> 0x1633
mem[X,0x0000000080000602] -> 0x00B5
[385] [M]: 0x0000000080000600 (0x00B51633) sll x12, x10, x11                        inst_55+12
x12 <- 0x0000000000000000

clint mtime 0x00000000000000C1 (mip.MTI <- 0b1, mip.STI <- 0b0)
mem[X,0x0000000080000604] -> 0x3823
mem[X,0x0000000080000606] -> 0x12C1
[386] [M]: 0x0000000080000604 (0x12C13823) sd x12, 0x130(x2)                        inst_55+16
mem[W,0x00000000800042D0] <- 0x0000000000000000

mem[X,0x0000000080000608] -> 0x0513
mem[X,0x000000008000060A] -> 0x0010
[387] [M]: 0x0000000080000608 (0x00100513) addi x10, x0, 0x1                        inst_56+0
x10 <- 0x0000000000000001

clint mtime 0x00000000000000C2 (mip.MTI <- 0b1, mip.STI <- 0b0)
mem[X,0x000000008000060C] -> 0x1513
mem[X,0x000000008000060E] -> 0x0335
[388] [M]: 0x000000008000060C (0x03351513) slli x10, x10, 0x33                      inst_56+4
x10 <- 0x0008000000000000

mem[X,0x0000000080000610] -> 0x0593
mem[X,0x0000000080000612] -> 0x0000
[389] [M]: 0x0000000080000610 (0x00000593) addi x11, x0, 0x0                        inst_56+8
x11 <- 0x0000000000000000

clint mtime 0x00000000000000C3 (mip.MTI <- 0b1, mip.STI <- 0b0)
mem[X,0x0000000080000614] -> 0x1633
mem[X,0x0000000080000616] -> 0x00B5
[390] [M]: 0x0000000080000614 (0x00B51633) sll x12, x10, x11                        inst_56+12
x12 <- 0x0008000000000000

mem[X,0x0000000080000618] -> 0x3C23
mem[X,0x000000008000061A] -> 0x12C1
[391] [M]: 0x0000000080000618 (0x12C13C23) sd x12, 0x138(x2)                        inst_56+16
mem[W,0x00000000800042D8] <- 0x0008000000000000

clint mtime 0x00000000000000C4 (mip.MTI <- 0b1, mip.STI <- 0b0)
mem[X,0x000000008000061C] -> 0x0513
mem[X,0x000000008000061E] -> 0x0010
[392] [M]: 0x000000008000061C (0x00100513) addi x10, x0, 0x1                        inst_57+0
x10 <- 0x0000000000000001

mem[X,0x0000000080000620] -> 0x1513
mem[X,0x0000000080000622] -> 0x0345
[393] [M]: 0x0000000080000620 (0x03451513) slli x10, x10, 0x34                      inst_57+4
x10 <- 0x0010000000000000

clint mtime 0x00000000000000C5 (mip.MTI <- 0b1, mip.STI <- 0b0)
mem[X,0x0000000080000624] -> 0x0593
mem[X,0x0000000080000626] -> 0x0020
[394] [M]: 0x0000000080000624 (0x00200593) addi x11, x0, 0x2                        inst_57+8
x11 <- 0x0000000000000002

mem[X,0x0000000080000628] -> 0x1633
mem[X,0x000000008000062A] -> 0x00B5
[395] [M]: 0x0000000080000628 (0x00B51633) sll x12, x10, x11                        inst_57+12
x12 <- 0x0040000000000000

clint mtime 0x00000000000000C6 (mip.MTI <- 0b1, mip.STI <- 0b0)
mem[X,0x000000008000062C] -> 0x3023
mem[X,0x000000008000062E] -> 0x14C1
[396] [M]: 0x000000008000062C (0x14C13023) sd x12, 0x140(x2)                        inst_57+16
mem[W,0x00000000800042E0] <- 0x0040000000000000

mem[X,0x0000000080000630] -> 0x0513
mem[X,0x0000000080000632] -> 0x0010
[397] [M]: 0x0000000080000630 (0x00100513) addi x10, x0, 0x1                        inst_58+0
x10 <- 0x0000000000000001

clint mtime 0x00000000000000C7 (mip.MTI <- 0b1, mip.STI <- 0b0)
mem[X,0x0000000080000634] -> 0x1513
mem[X,0x0000000080000636] -> 0x0355
[398] [M]: 0x0000000080000634 (0x03551513) slli x10, x10, 0x35                      inst_58+4
x10 <- 0x0020000000000000

mem[X,0x0000000080000638] -> 0x0593
mem[X,0x000000008000063A] -> 0x0030
[399] [M]: 0x0000000080000638 (0x00300593) addi x11, x0, 0x3                        inst_58+8
x11 <- 0x0000000000000003

clint mtime 0x00000000000000C8 (mip.MTI <- 0b1, mip.STI <- 0b0)
mem[X,0x000000008000063C] -> 0x1633
mem[X,0x000000008000063E] -> 0x00B5
[400] [M]: 0x000000008000063C (0x00B51633) sll x12, x10, x11                        inst_58+12
x12 <- 0x0100000000000000

mem[X,0x0000000080000640] -> 0x3423
mem[X,0x0000000080000642] -> 0x14C1
[401] [M]: 0x0000000080000640 (0x14C13423) sd x12, 0x148(x2)                        inst_58+16
mem[W,0x00000000800042E8] <- 0x0100000000000000

clint mtime 0x00000000000000C9 (mip.MTI <- 0b1, mip.STI <- 0b0)
mem[X,0x0000000080000644] -> 0x0513
mem[X,0x0000000080000646] -> 0x0010
[402] [M]: 0x0000000080000644 (0x00100513) addi x10, x0, 0x1                        inst_59+0
x10 <- 0x0000000000000001

mem[X,0x0000000080000648] -> 0x1513
mem[X,0x000000008000064A] -> 0x0365
[403] [M]: 0x0000000080000648 (0x03651513) slli x10, x10, 0x36                      inst_59+4
x10 <- 0x0040000000000000

clint mtime 0x00000000000000CA (mip.MTI <- 0b1, mip.STI <- 0b0)
mem[X,0x000000008000064C] -> 0x0593
mem[X,0x000000008000064E] -> 0x00C0
[404] [M]: 0x000000008000064C (0x00C00593) addi x11, x0, 0xc                        inst_59+8
x11 <- 0x000000000000000C

mem[X,0x0000000080000650] -> 0x1633
mem[X,0x0000000080000652] -> 0x00B5
[405] [M]: 0x0000000080000650 (0x00B51633) sll x12, x10, x11                        inst_59+12
x12 <- 0x0000000000000000

clint mtime 0x00000000000000CB (mip.MTI <- 0b1, mip.STI <- 0b0)
mem[X,0x0000000080000654] -> 0x3823
mem[X,0x0000000080000656] -> 0x14C1
[406] [M]: 0x0000000080000654 (0x14C13823) sd x12, 0x150(x2)                        inst_59+16
mem[W,0x00000000800042F0] <- 0x0000000000000000

mem[X,0x0000000080000658] -> 0x0513
mem[X,0x000000008000065A] -> 0x0010
[407] [M]: 0x0000000080000658 (0x00100513) addi x10, x0, 0x1                        inst_60+0
x10 <- 0x0000000000000001

clint mtime 0x00000000000000CC (mip.MTI <- 0b1, mip.STI <- 0b0)
mem[X,0x000000008000065C] -> 0x1513
mem[X,0x000000008000065E] -> 0x0375
[408] [M]: 0x000000008000065C (0x03751513) slli x10, x10, 0x37                      inst_60+4
x10 <- 0x0080000000000000

mem[X,0x0000000080000660] -> 0x0593
mem[X,0x0000000080000662] -> 0x03B0
[409] [M]: 0x0000000080000660 (0x03B00593) addi x11, x0, 0x3b                       inst_60+8
x11 <- 0x000000000000003B

clint mtime 0x00000000000000CD (mip.MTI <- 0b1, mip.STI <- 0b0)
mem[X,0x0000000080000664] -> 0x1633
mem[X,0x0000000080000666] -> 0x00B5
[410] [M]: 0x0000000080000664 (0x00B51633) sll x12, x10, x11                        inst_60+12
x12 <- 0x0000000000000000

mem[X,0x0000000080000668] -> 0x3C23
mem[X,0x000000008000066A] -> 0x14C1
[411] [M]: 0x0000000080000668 (0x14C13C23) sd x12, 0x158(x2)                        inst_60+16
mem[W,0x00000000800042F8] <- 0x0000000000000000

clint mtime 0x00000000000000CE (mip.MTI <- 0b1, mip.STI <- 0b0)
mem[X,0x000000008000066C] -> 0x0513
mem[X,0x000000008000066E] -> 0x0010
[412] [M]: 0x000000008000066C (0x00100513) addi x10, x0, 0x1                        inst_61+0
x10 <- 0x0000000000000001

mem[X,0x0000000080000670] -> 0x1513
mem[X,0x0000000080000672] -> 0x0385
[413] [M]: 0x0000000080000670 (0x03851513) slli x10, x10, 0x38                      inst_61+4
x10 <- 0x0100000000000000

clint mtime 0x00000000000000CF (mip.MTI <- 0b1, mip.STI <- 0b0)
mem[X,0x0000000080000674] -> 0x0593
mem[X,0x0000000080000676] -> 0x00D0
[414] [M]: 0x0000000080000674 (0x00D00593) addi x11, x0, 0xd                        inst_61+8
x11 <- 0x000000000000000D

mem[X,0x0000000080000678] -> 0x1633
mem[X,0x000000008000067A] -> 0x00B5
[415] [M]: 0x0000000080000678 (0x00B51633) sll x12, x10, x11                        inst_61+12
x12 <- 0x0000000000000000

clint mtime 0x00000000000000D0 (mip.MTI <- 0b1, mip.STI <- 0b0)
mem[X,0x000000008000067C] -> 0x3023
mem[X,0x000000008000067E] -> 0x16C1
[416] [M]: 0x000000008000067C (0x16C13023) sd x12, 0x160(x2)                        inst_61+16
mem[W,0x0000000080004300] <- 0x0000000000000000

mem[X,0x0000000080000680] -> 0x0513
mem[X,0x0000000080000682] -> 0x0010
[417] [M]: 0x0000000080000680 (0x00100513) addi x10, x0, 0x1                        inst_62+0
x10 <- 0x0000000000000001

clint mtime 0x00000000000000D1 (mip.MTI <- 0b1, mip.STI <- 0b0)
mem[X,0x0000000080000684] -> 0x1513
mem[X,0x0000000080000686] -> 0x0395
[418] [M]: 0x0000000080000684 (0x03951513) slli x10, x10, 0x39                      inst_62+4
x10 <- 0x0200000000000000

mem[X,0x0000000080000688] -> 0x0593
mem[X,0x000000008000068A] -> 0x03B0
[419] [M]: 0x0000000080000688 (0x03B00593) addi x11, x0, 0x3b                       inst_62+8
x11 <- 0x000000000000003B

clint mtime 0x00000000000000D2 (mip.MTI <- 0b1, mip.STI <- 0b0)
mem[X,0x000000008000068C] -> 0x1633
mem[X,0x000000008000068E] -> 0x00B5
[420] [M]: 0x000000008000068C (0x00B51633) sll x12, x10, x11                        inst_62+12
x12 <- 0x0000000000000000

mem[X,0x0000000080000690] -> 0x3423
mem[X,0x0000000080000692] -> 0x16C1
[421] [M]: 0x0000000080000690 (0x16C13423) sd x12, 0x168(x2)                        inst_62+16
mem[W,0x0000000080004308] <- 0x0000000000000000

clint mtime 0x00000000000000D3 (mip.MTI <- 0b1, mip.STI <- 0b0)
mem[X,0x0000000080000694] -> 0x0513
mem[X,0x0000000080000696] -> 0x0010
[422] [M]: 0x0000000080000694 (0x00100513) addi x10, x0, 0x1                        inst_63+0
x10 <- 0x0000000000000001

mem[X,0x0000000080000698] -> 0x1513
mem[X,0x000000008000069A] -> 0x03A5
[423] [M]: 0x0000000080000698 (0x03A51513) slli x10, x10, 0x3a                      inst_63+4
x10 <- 0x0400000000000000

clint mtime 0x00000000000000D4 (mip.MTI <- 0b1, mip.STI <- 0b0)
mem[X,0x000000008000069C] -> 0x0593
mem[X,0x000000008000069E] -> 0x0120
[424] [M]: 0x000000008000069C (0x01200593) addi x11, x0, 0x12                       inst_63+8
x11 <- 0x0000000000000012

mem[X,0x00000000800006A0] -> 0x1633
mem[X,0x00000000800006A2] -> 0x00B5
[425] [M]: 0x00000000800006A0 (0x00B51633) sll x12, x10, x11                        inst_63+12
x12 <- 0x0000000000000000

clint mtime 0x00000000000000D5 (mip.MTI <- 0b1, mip.STI <- 0b0)
mem[X,0x00000000800006A4] -> 0x3823
mem[X,0x00000000800006A6] -> 0x16C1
[426] [M]: 0x00000000800006A4 (0x16C13823) sd x12, 0x170(x2)                        inst_63+16
mem[W,0x0000000080004310] <- 0x0000000000000000

mem[X,0x00000000800006A8] -> 0x0513
mem[X,0x00000000800006AA] -> 0x0010
[427] [M]: 0x00000000800006A8 (0x00100513) addi x10, x0, 0x1                        inst_64+0
x10 <- 0x0000000000000001

clint mtime 0x00000000000000D6 (mip.MTI <- 0b1, mip.STI <- 0b0)
mem[X,0x00000000800006AC] -> 0x1513
mem[X,0x00000000800006AE] -> 0x03B5
[428] [M]: 0x00000000800006AC (0x03B51513) slli x10, x10, 0x3b                      inst_64+4
x10 <- 0x0800000000000000

mem[X,0x00000000800006B0] -> 0x0593
mem[X,0x00000000800006B2] -> 0x02A0
[429] [M]: 0x00000000800006B0 (0x02A00593) addi x11, x0, 0x2a                       inst_64+8
x11 <- 0x000000000000002A

clint mtime 0x00000000000000D7 (mip.MTI <- 0b1, mip.STI <- 0b0)
mem[X,0x00000000800006B4] -> 0x1633
mem[X,0x00000000800006B6] -> 0x00B5
[430] [M]: 0x00000000800006B4 (0x00B51633) sll x12, x10, x11                        inst_64+12
x12 <- 0x0000000000000000

mem[X,0x00000000800006B8] -> 0x3C23
mem[X,0x00000000800006BA] -> 0x16C1
[431] [M]: 0x00000000800006B8 (0x16C13C23) sd x12, 0x178(x2)                        inst_64+16
mem[W,0x0000000080004318] <- 0x0000000000000000

clint mtime 0x00000000000000D8 (mip.MTI <- 0b1, mip.STI <- 0b0)
mem[X,0x00000000800006BC] -> 0x0513
mem[X,0x00000000800006BE] -> 0x0010
[432] [M]: 0x00000000800006BC (0x00100513) addi x10, x0, 0x1                        inst_65+0
x10 <- 0x0000000000000001

mem[X,0x00000000800006C0] -> 0x1513
mem[X,0x00000000800006C2] -> 0x03C5
[433] [M]: 0x00000000800006C0 (0x03C51513) slli x10, x10, 0x3c                      inst_65+4
x10 <- 0x1000000000000000

clint mtime 0x00000000000000D9 (mip.MTI <- 0b1, mip.STI <- 0b0)
mem[X,0x00000000800006C4] -> 0x0593
mem[X,0x00000000800006C6] -> 0x0020
[434] [M]: 0x00000000800006C4 (0x00200593) addi x11, x0, 0x2                        inst_65+8
x11 <- 0x0000000000000002

mem[X,0x00000000800006C8] -> 0x1633
mem[X,0x00000000800006CA] -> 0x00B5
[435] [M]: 0x00000000800006C8 (0x00B51633) sll x12, x10, x11                        inst_65+12
x12 <- 0x4000000000000000

clint mtime 0x00000000000000DA (mip.MTI <- 0b1, mip.STI <- 0b0)
mem[X,0x00000000800006CC] -> 0x3023
mem[X,0x00000000800006CE] -> 0x18C1
[436] [M]: 0x00000000800006CC (0x18C13023) sd x12, 0x180(x2)                        inst_65+16
mem[W,0x0000000080004320] <- 0x4000000000000000

mem[X,0x00000000800006D0] -> 0x0513
mem[X,0x00000000800006D2] -> 0x0010
[437] [M]: 0x00000000800006D0 (0x00100513) addi x10, x0, 0x1                        inst_66+0
x10 <- 0x0000000000000001

clint mtime 0x00000000000000DB (mip.MTI <- 0b1, mip.STI <- 0b0)
mem[X,0x00000000800006D4] -> 0x1513
mem[X,0x00000000800006D6] -> 0x03D5
[438] [M]: 0x00000000800006D4 (0x03D51513) slli x10, x10, 0x3d                      inst_66+4
x10 <- 0x2000000000000000

mem[X,0x00000000800006D8] -> 0x0593
mem[X,0x00000000800006DA] -> 0x00F0
[439] [M]: 0x00000000800006D8 (0x00F00593) addi x11, x0, 0xf                        inst_66+8
x11 <- 0x000000000000000F

clint mtime 0x00000000000000DC (mip.MTI <- 0b1, mip.STI <- 0b0)
mem[X,0x00000000800006DC] -> 0x1633
mem[X,0x00000000800006DE] -> 0x00B5
[440] [M]: 0x00000000800006DC (0x00B51633) sll x12, x10, x11                        inst_66+12
x12 <- 0x0000000000000000

mem[X,0x00000000800006E0] -> 0x3423
mem[X,0x00000000800006E2] -> 0x18C1
[441] [M]: 0x00000000800006E0 (0x18C13423) sd x12, 0x188(x2)                        inst_66+16
mem[W,0x0000000080004328] <- 0x0000000000000000

clint mtime 0x00000000000000DD (mip.MTI <- 0b1, mip.STI <- 0b0)
mem[X,0x00000000800006E4] -> 0x0513
mem[X,0x00000000800006E6] -> 0x0010
[442] [M]: 0x00000000800006E4 (0x00100513) addi x10, x0, 0x1                        inst_67+0
x10 <- 0x0000000000000001

mem[X,0x00000000800006E8] -> 0x1513
mem[X,0x00000000800006EA] -> 0x03E5
[443] [M]: 0x00000000800006E8 (0x03E51513) slli x10, x10, 0x3e                      inst_67+4
x10 <- 0x4000000000000000

clint mtime 0x00000000000000DE (mip.MTI <- 0b1, mip.STI <- 0b0)
mem[X,0x00000000800006EC] -> 0x0593
mem[X,0x00000000800006EE] -> 0x0030
[444] [M]: 0x00000000800006EC (0x00300593) addi x11, x0, 0x3                        inst_67+8
x11 <- 0x0000000000000003

mem[X,0x00000000800006F0] -> 0x1633
mem[X,0x00000000800006F2] -> 0x00B5
[445] [M]: 0x00000000800006F0 (0x00B51633) sll x12, x10, x11                        inst_67+12
x12 <- 0x0000000000000000

clint mtime 0x00000000000000DF (mip.MTI <- 0b1, mip.STI <- 0b0)
mem[X,0x00000000800006F4] -> 0x3823
mem[X,0x00000000800006F6] -> 0x18C1
[446] [M]: 0x00000000800006F4 (0x18C13823) sd x12, 0x190(x2)                        inst_67+16
mem[W,0x0000000080004330] <- 0x0000000000000000

mem[X,0x00000000800006F8] -> 0x0513
mem[X,0x00000000800006FA] -> 0xFFE0
[447] [M]: 0x00000000800006F8 (0xFFE00513) addi x10, x0, -0x2                       inst_68+0
x10 <- 0xFFFFFFFFFFFFFFFE

clint mtime 0x00000000000000E0 (mip.MTI <- 0b1, mip.STI <- 0b0)
mem[X,0x00000000800006FC] -> 0x0593
mem[X,0x00000000800006FE] -> 0x0100
[448] [M]: 0x00000000800006FC (0x01000593) addi x11, x0, 0x10                       inst_68+4
x11 <- 0x0000000000000010

mem[X,0x0000000080000700] -> 0x1633
mem[X,0x0000000080000702] -> 0x00B5
[449] [M]: 0x0000000080000700 (0x00B51633) sll x12, x10, x11                        inst_68+8
x12 <- 0xFFFFFFFFFFFE0000

clint mtime 0x00000000000000E1 (mip.MTI <- 0b1, mip.STI <- 0b0)
mem[X,0x0000000080000704] -> 0x3C23
mem[X,0x0000000080000706] -> 0x18C1
[450] [M]: 0x0000000080000704 (0x18C13C23) sd x12, 0x198(x2)                        inst_68+12
mem[W,0x0000000080004338] <- 0xFFFFFFFFFFFE0000

mem[X,0x0000000080000708] -> 0x0513
mem[X,0x000000008000070A] -> 0xFFD0
[451] [M]: 0x0000000080000708 (0xFFD00513) addi x10, x0, -0x3                       inst_69+0
x10 <- 0xFFFFFFFFFFFFFFFD

clint mtime 0x00000000000000E2 (mip.MTI <- 0b1, mip.STI <- 0b0)
mem[X,0x000000008000070C] -> 0x0593
mem[X,0x000000008000070E] -> 0x0000
[452] [M]: 0x000000008000070C (0x00000593) addi x11, x0, 0x0                        inst_69+4
x11 <- 0x0000000000000000

mem[X,0x0000000080000710] -> 0x1633
mem[X,0x0000000080000712] -> 0x00B5
[453] [M]: 0x0000000080000710 (0x00B51633) sll x12, x10, x11                        inst_69+8
x12 <- 0xFFFFFFFFFFFFFFFD

clint mtime 0x00000000000000E3 (mip.MTI <- 0b1, mip.STI <- 0b0)
mem[X,0x0000000080000714] -> 0x3023
mem[X,0x0000000080000716] -> 0x1AC1
[454] [M]: 0x0000000080000714 (0x1AC13023) sd x12, 0x1a0(x2)                        inst_69+12
mem[W,0x0000000080004340] <- 0xFFFFFFFFFFFFFFFD

mem[X,0x0000000080000718] -> 0x0513
mem[X,0x000000008000071A] -> 0xFFB0
[455] [M]: 0x0000000080000718 (0xFFB00513) addi x10, x0, -0x5                       inst_70+0
x10 <- 0xFFFFFFFFFFFFFFFB

clint mtime 0x00000000000000E4 (mip.MTI <- 0b1, mip.STI <- 0b0)
mem[X,0x000000008000071C] -> 0x0593
mem[X,0x000000008000071E] -> 0x01F0
[456] [M]: 0x000000008000071C (0x01F00593) addi x11, x0, 0x1f                       inst_70+4
x11 <- 0x000000000000001F

mem[X,0x0000000080000720] -> 0x1633
mem[X,0x0000000080000722] -> 0x00B5
[457] [M]: 0x0000000080000720 (0x00B51633) sll x12, x10, x11                        inst_70+8
x12 <- 0xFFFFFFFD80000000

clint mtime 0x00000000000000E5 (mip.MTI <- 0b1, mip.STI <- 0b0)
mem[X,0x0000000080000724] -> 0x3423
mem[X,0x0000000080000726] -> 0x1AC1
[458] [M]: 0x0000000080000724 (0x1AC13423) sd x12, 0x1a8(x2)                        inst_70+12
mem[W,0x0000000080004348] <- 0xFFFFFFFD80000000

mem[X,0x0000000080000728] -> 0x0513
mem[X,0x000000008000072A] -> 0xFF70
[459] [M]: 0x0000000080000728 (0xFF700513) addi x10, x0, -0x9                       inst_71+0
x10 <- 0xFFFFFFFFFFFFFFF7

clint mtime 0x00000000000000E6 (mip.MTI <- 0b1, mip.STI <- 0b0)
mem[X,0x000000008000072C] -> 0x0593
mem[X,0x000000008000072E] -> 0x0200
[460] [M]: 0x000000008000072C (0x02000593) addi x11, x0, 0x20                       inst_71+4
x11 <- 0x0000000000000020

mem[X,0x0000000080000730] -> 0x1633
mem[X,0x0000000080000732] -> 0x00B5
[461] [M]: 0x0000000080000730 (0x00B51633) sll x12, x10, x11                        inst_71+8
x12 <- 0xFFFFFFF700000000

clint mtime 0x00000000000000E7 (mip.MTI <- 0b1, mip.STI <- 0b0)
mem[X,0x0000000080000734] -> 0x3823
mem[X,0x0000000080000736] -> 0x1AC1
[462] [M]: 0x0000000080000734 (0x1AC13823) sd x12, 0x1b0(x2)                        inst_71+12
mem[W,0x0000000080004350] <- 0xFFFFFFF700000000

mem[X,0x0000000080000738] -> 0x0513
mem[X,0x000000008000073A] -> 0xFEF0
[463] [M]: 0x0000000080000738 (0xFEF00513) addi x10, x0, -0x11                      inst_72+0
x10 <- 0xFFFFFFFFFFFFFFEF

clint mtime 0x00000000000000E8 (mip.MTI <- 0b1, mip.STI <- 0b0)
mem[X,0x000000008000073C] -> 0x0593
mem[X,0x000000008000073E] -> 0x0130
[464] [M]: 0x000000008000073C (0x01300593) addi x11, x0, 0x13                       inst_72+4
x11 <- 0x0000000000000013

mem[X,0x0000000080000740] -> 0x1633
mem[X,0x0000000080000742] -> 0x00B5
[465] [M]: 0x0000000080000740 (0x00B51633) sll x12, x10, x11                        inst_72+8
x12 <- 0xFFFFFFFFFF780000

clint mtime 0x00000000000000E9 (mip.MTI <- 0b1, mip.STI <- 0b0)
mem[X,0x0000000080000744] -> 0x3C23
mem[X,0x0000000080000746] -> 0x1AC1
[466] [M]: 0x0000000080000744 (0x1AC13C23) sd x12, 0x1b8(x2)                        inst_72+12
mem[W,0x0000000080004358] <- 0xFFFFFFFFFF780000

mem[X,0x0000000080000748] -> 0x0513
mem[X,0x000000008000074A] -> 0xFDF0
[467] [M]: 0x0000000080000748 (0xFDF00513) addi x10, x0, -0x21                      inst_73+0
x10 <- 0xFFFFFFFFFFFFFFDF

clint mtime 0x00000000000000EA (mip.MTI <- 0b1, mip.STI <- 0b0)
mem[X,0x000000008000074C] -> 0x0593
mem[X,0x000000008000074E] -> 0x03F0
[468] [M]: 0x000000008000074C (0x03F00593) addi x11, x0, 0x3f                       inst_73+4
x11 <- 0x000000000000003F

mem[X,0x0000000080000750] -> 0x1633
mem[X,0x0000000080000752] -> 0x00B5
[469] [M]: 0x0000000080000750 (0x00B51633) sll x12, x10, x11                        inst_73+8
x12 <- 0x8000000000000000

clint mtime 0x00000000000000EB (mip.MTI <- 0b1, mip.STI <- 0b0)
mem[X,0x0000000080000754] -> 0x3023
mem[X,0x0000000080000756] -> 0x1CC1
[470] [M]: 0x0000000080000754 (0x1CC13023) sd x12, 0x1c0(x2)                        inst_73+12
mem[W,0x0000000080004360] <- 0x8000000000000000

mem[X,0x0000000080000758] -> 0x0513
mem[X,0x000000008000075A] -> 0xFBF0
[471] [M]: 0x0000000080000758 (0xFBF00513) addi x10, x0, -0x41                      inst_74+0
x10 <- 0xFFFFFFFFFFFFFFBF

clint mtime 0x00000000000000EC (mip.MTI <- 0b1, mip.STI <- 0b0)
mem[X,0x000000008000075C] -> 0x0593
mem[X,0x000000008000075E] -> 0x00C0
[472] [M]: 0x000000008000075C (0x00C00593) addi x11, x0, 0xc                        inst_74+4
x11 <- 0x000000000000000C

mem[X,0x0000000080000760] -> 0x1633
mem[X,0x0000000080000762] -> 0x00B5
[473] [M]: 0x0000000080000760 (0x00B51633) sll x12, x10, x11                        inst_74+8
x12 <- 0xFFFFFFFFFFFBF000

clint mtime 0x00000000000000ED (mip.MTI <- 0b1, mip.STI <- 0b0)
mem[X,0x0000000080000764] -> 0x3423
mem[X,0x0000000080000766] -> 0x1CC1
[474] [M]: 0x0000000080000764 (0x1CC13423) sd x12, 0x1c8(x2)                        inst_74+12
mem[W,0x0000000080004368] <- 0xFFFFFFFFFFFBF000

mem[X,0x0000000080000768] -> 0x0513
mem[X,0x000000008000076A] -> 0xF7F0
[475] [M]: 0x0000000080000768 (0xF7F00513) addi x10, x0, -0x81                      inst_75+0
x10 <- 0xFFFFFFFFFFFFFF7F

clint mtime 0x00000000000000EE (mip.MTI <- 0b1, mip.STI <- 0b0)
mem[X,0x000000008000076C] -> 0x0593
mem[X,0x000000008000076E] -> 0x0200
[476] [M]: 0x000000008000076C (0x02000593) addi x11, x0, 0x20                       inst_75+4
x11 <- 0x0000000000000020

mem[X,0x0000000080000770] -> 0x1633
mem[X,0x0000000080000772] -> 0x00B5
[477] [M]: 0x0000000080000770 (0x00B51633) sll x12, x10, x11                        inst_75+8
x12 <- 0xFFFFFF7F00000000

clint mtime 0x00000000000000EF (mip.MTI <- 0b1, mip.STI <- 0b0)
mem[X,0x0000000080000774] -> 0x3823
mem[X,0x0000000080000776] -> 0x1CC1
[478] [M]: 0x0000000080000774 (0x1CC13823) sd x12, 0x1d0(x2)                        inst_75+12
mem[W,0x0000000080004370] <- 0xFFFFFF7F00000000

mem[X,0x0000000080000778] -> 0x0513
mem[X,0x000000008000077A] -> 0xEFF0
[479] [M]: 0x0000000080000778 (0xEFF00513) addi x10, x0, -0x101                     inst_76+0
x10 <- 0xFFFFFFFFFFFFFEFF

clint mtime 0x00000000000000F0 (mip.MTI <- 0b1, mip.STI <- 0b0)
mem[X,0x000000008000077C] -> 0x0593
mem[X,0x000000008000077E] -> 0x0040
[480] [M]: 0x000000008000077C (0x00400593) addi x11, x0, 0x4                        inst_76+4
x11 <- 0x0000000000000004

mem[X,0x0000000080000780] -> 0x1633
mem[X,0x0000000080000782] -> 0x00B5
[481] [M]: 0x0000000080000780 (0x00B51633) sll x12, x10, x11                        inst_76+8
x12 <- 0xFFFFFFFFFFFFEFF0

clint mtime 0x00000000000000F1 (mip.MTI <- 0b1, mip.STI <- 0b0)
mem[X,0x0000000080000784] -> 0x3C23
mem[X,0x0000000080000786] -> 0x1CC1
[482] [M]: 0x0000000080000784 (0x1CC13C23) sd x12, 0x1d8(x2)                        inst_76+12
mem[W,0x0000000080004378] <- 0xFFFFFFFFFFFFEFF0

mem[X,0x0000000080000788] -> 0x0513
mem[X,0x000000008000078A] -> 0xDFF0
[483] [M]: 0x0000000080000788 (0xDFF00513) addi x10, x0, -0x201                     inst_77+0
x10 <- 0xFFFFFFFFFFFFFDFF

clint mtime 0x00000000000000F2 (mip.MTI <- 0b1, mip.STI <- 0b0)
mem[X,0x000000008000078C] -> 0x0593
mem[X,0x000000008000078E] -> 0x01F0
[484] [M]: 0x000000008000078C (0x01F00593) addi x11, x0, 0x1f                       inst_77+4
x11 <- 0x000000000000001F

mem[X,0x0000000080000790] -> 0x1633
mem[X,0x0000000080000792] -> 0x00B5
[485] [M]: 0x0000000080000790 (0x00B51633) sll x12, x10, x11                        inst_77+8
x12 <- 0xFFFFFEFF80000000

clint mtime 0x00000000000000F3 (mip.MTI <- 0b1, mip.STI <- 0b0)
mem[X,0x0000000080000794] -> 0x3023
mem[X,0x0000000080000796] -> 0x1EC1
[486] [M]: 0x0000000080000794 (0x1EC13023) sd x12, 0x1e0(x2)                        inst_77+12
mem[W,0x0000000080004380] <- 0xFFFFFEFF80000000

mem[X,0x0000000080000798] -> 0x0513
mem[X,0x000000008000079A] -> 0xBFF0
[487] [M]: 0x0000000080000798 (0xBFF00513) addi x10, x0, -0x401                     inst_78+0
x10 <- 0xFFFFFFFFFFFFFBFF

clint mtime 0x00000000000000F4 (mip.MTI <- 0b1, mip.STI <- 0b0)
mem[X,0x000000008000079C] -> 0x0593
mem[X,0x000000008000079E] -> 0x0040
[488] [M]: 0x000000008000079C (0x00400593) addi x11, x0, 0x4                        inst_78+4
x11 <- 0x0000000000000004

mem[X,0x00000000800007A0] -> 0x1633
mem[X,0x00000000800007A2] -> 0x00B5
[489] [M]: 0x00000000800007A0 (0x00B51633) sll x12, x10, x11                        inst_78+8
x12 <- 0xFFFFFFFFFFFFBFF0

clint mtime 0x00000000000000F5 (mip.MTI <- 0b1, mip.STI <- 0b0)
mem[X,0x00000000800007A4] -> 0x3423
mem[X,0x00000000800007A6] -> 0x1EC1
[490] [M]: 0x00000000800007A4 (0x1EC13423) sd x12, 0x1e8(x2)                        inst_78+12
mem[W,0x0000000080004388] <- 0xFFFFFFFFFFFFBFF0

mem[X,0x00000000800007A8] -> 0x0513
mem[X,0x00000000800007AA] -> 0x0010
[491] [M]: 0x00000000800007A8 (0x00100513) addi x10, x0, 0x1                        inst_79+0
x10 <- 0x0000000000000001

clint mtime 0x00000000000000F6 (mip.MTI <- 0b1, mip.STI <- 0b0)
mem[X,0x00000000800007AC] -> 0x1513
mem[X,0x00000000800007AE] -> 0x00B5
[492] [M]: 0x00000000800007AC (0x00B51513) slli x10, x10, 0xb                       inst_79+4
x10 <- 0x0000000000000800

mem[X,0x00000000800007B0] -> 0x4513
mem[X,0x00000000800007B2] -> 0xFFF5
[493] [M]: 0x00000000800007B0 (0xFFF54513) xori x10, x10, -0x1                      inst_79+8
x10 <- 0xFFFFFFFFFFFFF7FF

clint mtime 0x00000000000000F7 (mip.MTI <- 0b1, mip.STI <- 0b0)
mem[X,0x00000000800007B4] -> 0x0593
mem[X,0x00000000800007B6] -> 0x0080
[494] [M]: 0x00000000800007B4 (0x00800593) addi x11, x0, 0x8                        inst_79+12
x11 <- 0x0000000000000008

mem[X,0x00000000800007B8] -> 0x1633
mem[X,0x00000000800007BA] -> 0x00B5
[495] [M]: 0x00000000800007B8 (0x00B51633) sll x12, x10, x11                        inst_79+16
x12 <- 0xFFFFFFFFFFF7FF00

clint mtime 0x00000000000000F8 (mip.MTI <- 0b1, mip.STI <- 0b0)
mem[X,0x00000000800007BC] -> 0x3823
mem[X,0x00000000800007BE] -> 0x1EC1
[496] [M]: 0x00000000800007BC (0x1EC13823) sd x12, 0x1f0(x2)                        inst_79+20
mem[W,0x0000000080004390] <- 0xFFFFFFFFFFF7FF00

mem[X,0x00000000800007C0] -> 0x0513
mem[X,0x00000000800007C2] -> 0x0010
[497] [M]: 0x00000000800007C0 (0x00100513) addi x10, x0, 0x1                        inst_80+0
x10 <- 0x0000000000000001

clint mtime 0x00000000000000F9 (mip.MTI <- 0b1, mip.STI <- 0b0)
mem[X,0x00000000800007C4] -> 0x1513
mem[X,0x00000000800007C6] -> 0x00C5
[498] [M]: 0x00000000800007C4 (0x00C51513) slli x10, x10, 0xc                       inst_80+4
x10 <- 0x0000000000001000

mem[X,0x00000000800007C8] -> 0x4513
mem[X,0x00000000800007CA] -> 0xFFF5
[499] [M]: 0x00000000800007C8 (0xFFF54513) xori x10, x10, -0x1                      inst_80+8
x10 <- 0xFFFFFFFFFFFFEFFF

clint mtime 0x00000000000000FA (mip.MTI <- 0b1, mip.STI <- 0b0)
mem[X,0x00000000800007CC] -> 0x0593
mem[X,0x00000000800007CE] -> 0x0040
[500] [M]: 0x00000000800007CC (0x00400593) addi x11, x0, 0x4                        inst_80+12
x11 <- 0x0000000000000004

mem[X,0x00000000800007D0] -> 0x1633
mem[X,0x00000000800007D2] -> 0x00B5
[501] [M]: 0x00000000800007D0 (0x00B51633) sll x12, x10, x11                        inst_80+16
x12 <- 0xFFFFFFFFFFFEFFF0

clint mtime 0x00000000000000FB (mip.MTI <- 0b1, mip.STI <- 0b0)
mem[X,0x00000000800007D4] -> 0x3C23
mem[X,0x00000000800007D6] -> 0x1EC1
[502] [M]: 0x00000000800007D4 (0x1EC13C23) sd x12, 0x1f8(x2)                        inst_80+20
mem[W,0x0000000080004398] <- 0xFFFFFFFFFFFEFFF0

mem[X,0x00000000800007D8] -> 0x0513
mem[X,0x00000000800007DA] -> 0x0010
[503] [M]: 0x00000000800007D8 (0x00100513) addi x10, x0, 0x1                        inst_81+0
x10 <- 0x0000000000000001

clint mtime 0x00000000000000FC (mip.MTI <- 0b1, mip.STI <- 0b0)
mem[X,0x00000000800007DC] -> 0x1513
mem[X,0x00000000800007DE] -> 0x00D5
[504] [M]: 0x00000000800007DC (0x00D51513) slli x10, x10, 0xd                       inst_81+4
x10 <- 0x0000000000002000

mem[X,0x00000000800007E0] -> 0x4513
mem[X,0x00000000800007E2] -> 0xFFF5
[505] [M]: 0x00000000800007E0 (0xFFF54513) xori x10, x10, -0x1                      inst_81+8
x10 <- 0xFFFFFFFFFFFFDFFF

clint mtime 0x00000000000000FD (mip.MTI <- 0b1, mip.STI <- 0b0)
mem[X,0x00000000800007E4] -> 0x0593
mem[X,0x00000000800007E6] -> 0x0370
[506] [M]: 0x00000000800007E4 (0x03700593) addi x11, x0, 0x37                       inst_81+12
x11 <- 0x0000000000000037

mem[X,0x00000000800007E8] -> 0x1633
mem[X,0x00000000800007EA] -> 0x00B5
[507] [M]: 0x00000000800007E8 (0x00B51633) sll x12, x10, x11                        inst_81+16
x12 <- 0xFF80000000000000

clint mtime 0x00000000000000FE (mip.MTI <- 0b1, mip.STI <- 0b0)
mem[X,0x00000000800007EC] -> 0x3023
mem[X,0x00000000800007EE] -> 0x20C1
[508] [M]: 0x00000000800007EC (0x20C13023) sd x12, 0x200(x2)                        inst_81+20
mem[W,0x00000000800043A0] <- 0xFF80000000000000

mem[X,0x00000000800007F0] -> 0x0513
mem[X,0x00000000800007F2] -> 0x0010
[509] [M]: 0x00000000800007F0 (0x00100513) addi x10, x0, 0x1                        inst_82+0
x10 <- 0x0000000000000001

clint mtime 0x00000000000000FF (mip.MTI <- 0b1, mip.STI <- 0b0)
mem[X,0x00000000800007F4] -> 0x1513
mem[X,0x00000000800007F6] -> 0x00E5
[510] [M]: 0x00000000800007F4 (0x00E51513) slli x10, x10, 0xe                       inst_82+4
x10 <- 0x0000000000004000

mem[X,0x00000000800007F8] -> 0x4513
mem[X,0x00000000800007FA] -> 0xFFF5
[511] [M]: 0x00000000800007F8 (0xFFF54513) xori x10, x10, -0x1                      inst_82+8
x10 <- 0xFFFFFFFFFFFFBFFF

clint mtime 0x0000000000000100 (mip.MTI <- 0b1, mip.STI <- 0b0)
mem[X,0x00000000800007FC] -> 0x0593
mem[X,0x00000000800007FE] -> 0x00F0
[512] [M]: 0x00000000800007FC (0x00F00593) addi x11, x0, 0xf                        inst_82+12
x11 <- 0x000000000000000F

mem[X,0x0000000080000800] -> 0x1633
mem[X,0x0000000080000802] -> 0x00B5
[513] [M]: 0x0000000080000800 (0x00B51633) sll x12, x10, x11                        inst_82+16
x12 <- 0xFFFFFFFFDFFF8000

clint mtime 0x0000000000000101 (mip.MTI <- 0b1, mip.STI <- 0b0)
mem[X,0x0000000080000804] -> 0x3423
mem[X,0x0000000080000806] -> 0x20C1
[514] [M]: 0x0000000080000804 (0x20C13423) sd x12, 0x208(x2)                        inst_82+20
mem[W,0x00000000800043A8] <- 0xFFFFFFFFDFFF8000

mem[X,0x0000000080000808] -> 0x0513
mem[X,0x000000008000080A] -> 0x0010
[515] [M]: 0x0000000080000808 (0x00100513) addi x10, x0, 0x1                        inst_83+0
x10 <- 0x0000000000000001

clint mtime 0x0000000000000102 (mip.MTI <- 0b1, mip.STI <- 0b0)
mem[X,0x000000008000080C] -> 0x1513
mem[X,0x000000008000080E] -> 0x00F5
[516] [M]: 0x000000008000080C (0x00F51513) slli x10, x10, 0xf                       inst_83+4
x10 <- 0x0000000000008000

mem[X,0x0000000080000810] -> 0x4513
mem[X,0x0000000080000812] -> 0xFFF5
[517] [M]: 0x0000000080000810 (0xFFF54513) xori x10, x10, -0x1                      inst_83+8
x10 <- 0xFFFFFFFFFFFF7FFF

clint mtime 0x0000000000000103 (mip.MTI <- 0b1, mip.STI <- 0b0)
mem[X,0x0000000080000814] -> 0x0593
mem[X,0x0000000080000816] -> 0x00C0
[518] [M]: 0x0000000080000814 (0x00C00593) addi x11, x0, 0xc                        inst_83+12
x11 <- 0x000000000000000C

mem[X,0x0000000080000818] -> 0x1633
mem[X,0x000000008000081A] -> 0x00B5
[519] [M]: 0x0000000080000818 (0x00B51633) sll x12, x10, x11                        inst_83+16
x12 <- 0xFFFFFFFFF7FFF000

clint mtime 0x0000000000000104 (mip.MTI <- 0b1, mip.STI <- 0b0)
mem[X,0x000000008000081C] -> 0x3823
mem[X,0x000000008000081E] -> 0x20C1
[520] [M]: 0x000000008000081C (0x20C13823) sd x12, 0x210(x2)                        inst_83+20
mem[W,0x00000000800043B0] <- 0xFFFFFFFFF7FFF000

mem[X,0x0000000080000820] -> 0x0513
mem[X,0x0000000080000822] -> 0x0010
[521] [M]: 0x0000000080000820 (0x00100513) addi x10, x0, 0x1                        inst_84+0
x10 <- 0x0000000000000001

clint mtime 0x0000000000000105 (mip.MTI <- 0b1, mip.STI <- 0b0)
mem[X,0x0000000080000824] -> 0x1513
mem[X,0x0000000080000826] -> 0x0105
[522] [M]: 0x0000000080000824 (0x01051513) slli x10, x10, 0x10                      inst_84+4
x10 <- 0x0000000000010000

mem[X,0x0000000080000828] -> 0x4513
mem[X,0x000000008000082A] -> 0xFFF5
[523] [M]: 0x0000000080000828 (0xFFF54513) xori x10, x10, -0x1                      inst_84+8
x10 <- 0xFFFFFFFFFFFEFFFF

clint mtime 0x0000000000000106 (mip.MTI <- 0b1, mip.STI <- 0b0)
mem[X,0x000000008000082C] -> 0x0593
mem[X,0x000000008000082E] -> 0x0370
[524] [M]: 0x000000008000082C (0x03700593) addi x11, x0, 0x37                       inst_84+12
x11 <- 0x0000000000000037

mem[X,0x0000000080000830] -> 0x1633
mem[X,0x0000000080000832] -> 0x00B5
[525] [M]: 0x0000000080000830 (0x00B51633) sll x12, x10, x11                        inst_84+16
x12 <- 0xFF80000000000000

clint mtime 0x0000000000000107 (mip.MTI <- 0b1, mip.STI <- 0b0)
mem[X,0x0000000080000834] -> 0x3C23
mem[X,0x0000000080000836] -> 0x20C1
[526] [M]: 0x0000000080000834 (0x20C13C23) sd x12, 0x218(x2)                        inst_84+20
mem[W,0x00000000800043B8] <- 0xFF80000000000000

mem[X,0x0000000080000838] -> 0x0513
mem[X,0x000000008000083A] -> 0x0010
[527] [M]: 0x0000000080000838 (0x00100513) addi x10, x0, 0x1                        inst_85+0
x10 <- 0x0000000000000001

clint mtime 0x0000000000000108 (mip.MTI <- 0b1, mip.STI <- 0b0)
mem[X,0x000000008000083C] -> 0x1513
mem[X,0x000000008000083E] -> 0x0115
[528] [M]: 0x000000008000083C (0x01151513) slli x10, x10, 0x11                      inst_85+4
x10 <- 0x0000000000020000

mem[X,0x0000000080000840] -> 0x4513
mem[X,0x0000000080000842] -> 0xFFF5
[529] [M]: 0x0000000080000840 (0xFFF54513) xori x10, x10, -0x1                      inst_85+8
x10 <- 0xFFFFFFFFFFFDFFFF

clint mtime 0x0000000000000109 (mip.MTI <- 0b1, mip.STI <- 0b0)
mem[X,0x0000000080000844] -> 0x0593
mem[X,0x0000000080000846] -> 0x03E0
[530] [M]: 0x0000000080000844 (0x03E00593) addi x11, x0, 0x3e                       inst_85+12
x11 <- 0x000000000000003E

mem[X,0x0000000080000848] -> 0x1633
mem[X,0x000000008000084A] -> 0x00B5
[531] [M]: 0x0000000080000848 (0x00B51633) sll x12, x10, x11                        inst_85+16
x12 <- 0xC000000000000000

clint mtime 0x000000000000010A (mip.MTI <- 0b1, mip.STI <- 0b0)
mem[X,0x000000008000084C] -> 0x3023
mem[X,0x000000008000084E] -> 0x22C1
[532] [M]: 0x000000008000084C (0x22C13023) sd x12, 0x220(x2)                        inst_85+20
mem[W,0x00000000800043C0] <- 0xC000000000000000

mem[X,0x0000000080000850] -> 0x0513
mem[X,0x0000000080000852] -> 0x0010
[533] [M]: 0x0000000080000850 (0x00100513) addi x10, x0, 0x1                        inst_86+0
x10 <- 0x0000000000000001

clint mtime 0x000000000000010B (mip.MTI <- 0b1, mip.STI <- 0b0)
mem[X,0x0000000080000854] -> 0x1513
mem[X,0x0000000080000856] -> 0x0125
[534] [M]: 0x0000000080000854 (0x01251513) slli x10, x10, 0x12                      inst_86+4
x10 <- 0x0000000000040000

mem[X,0x0000000080000858] -> 0x4513
mem[X,0x000000008000085A] -> 0xFFF5
[535] [M]: 0x0000000080000858 (0xFFF54513) xori x10, x10, -0x1                      inst_86+8
x10 <- 0xFFFFFFFFFFFBFFFF

clint mtime 0x000000000000010C (mip.MTI <- 0b1, mip.STI <- 0b0)
mem[X,0x000000008000085C] -> 0x0593
mem[X,0x000000008000085E] -> 0x0070
[536] [M]: 0x000000008000085C (0x00700593) addi x11, x0, 0x7                        inst_86+12
x11 <- 0x0000000000000007

mem[X,0x0000000080000860] -> 0x1633
mem[X,0x0000000080000862] -> 0x00B5
[537] [M]: 0x0000000080000860 (0x00B51633) sll x12, x10, x11                        inst_86+16
x12 <- 0xFFFFFFFFFDFFFF80

clint mtime 0x000000000000010D (mip.MTI <- 0b1, mip.STI <- 0b0)
mem[X,0x0000000080000864] -> 0x3423
mem[X,0x0000000080000866] -> 0x22C1
[538] [M]: 0x0000000080000864 (0x22C13423) sd x12, 0x228(x2)                        inst_86+20
mem[W,0x00000000800043C8] <- 0xFFFFFFFFFDFFFF80

mem[X,0x0000000080000868] -> 0x0513
mem[X,0x000000008000086A] -> 0x0010
[539] [M]: 0x0000000080000868 (0x00100513) addi x10, x0, 0x1                        inst_87+0
x10 <- 0x0000000000000001

clint mtime 0x000000000000010E (mip.MTI <- 0b1, mip.STI <- 0b0)
mem[X,0x000000008000086C] -> 0x1513
mem[X,0x000000008000086E] -> 0x0135
[540] [M]: 0x000000008000086C (0x01351513) slli x10, x10, 0x13                      inst_87+4
x10 <- 0x0000000000080000

mem[X,0x0000000080000870] -> 0x4513
mem[X,0x0000000080000872] -> 0xFFF5
[541] [M]: 0x0000000080000870 (0xFFF54513) xori x10, x10, -0x1                      inst_87+8
x10 <- 0xFFFFFFFFFFF7FFFF

clint mtime 0x000000000000010F (mip.MTI <- 0b1, mip.STI <- 0b0)
mem[X,0x0000000080000874] -> 0x0593
mem[X,0x0000000080000876] -> 0x0150
[542] [M]: 0x0000000080000874 (0x01500593) addi x11, x0, 0x15                       inst_87+12
x11 <- 0x0000000000000015

mem[X,0x0000000080000878] -> 0x1633
mem[X,0x000000008000087A] -> 0x00B5
[543] [M]: 0x0000000080000878 (0x00B51633) sll x12, x10, x11                        inst_87+16
x12 <- 0xFFFFFEFFFFE00000

clint mtime 0x0000000000000110 (mip.MTI <- 0b1, mip.STI <- 0b0)
mem[X,0x000000008000087C] -> 0x3823
mem[X,0x000000008000087E] -> 0x22C1
[544] [M]: 0x000000008000087C (0x22C13823) sd x12, 0x230(x2)                        inst_87+20
mem[W,0x00000000800043D0] <- 0xFFFFFEFFFFE00000

mem[X,0x0000000080000880] -> 0x0513
mem[X,0x0000000080000882] -> 0x0010
[545] [M]: 0x0000000080000880 (0x00100513) addi x10, x0, 0x1                        inst_88+0
x10 <- 0x0000000000000001

clint mtime 0x0000000000000111 (mip.MTI <- 0b1, mip.STI <- 0b0)
mem[X,0x0000000080000884] -> 0x1513
mem[X,0x0000000080000886] -> 0x0145
[546] [M]: 0x0000000080000884 (0x01451513) slli x10, x10, 0x14                      inst_88+4
x10 <- 0x0000000000100000

mem[X,0x0000000080000888] -> 0x4513
mem[X,0x000000008000088A] -> 0xFFF5
[547] [M]: 0x0000000080000888 (0xFFF54513) xori x10, x10, -0x1                      inst_88+8
x10 <- 0xFFFFFFFFFFEFFFFF

clint mtime 0x0000000000000112 (mip.MTI <- 0b1, mip.STI <- 0b0)
mem[X,0x000000008000088C] -> 0x0593
mem[X,0x000000008000088E] -> 0x02A0
[548] [M]: 0x000000008000088C (0x02A00593) addi x11, x0, 0x2a                       inst_88+12
x11 <- 0x000000000000002A

mem[X,0x0000000080000890] -> 0x1633
mem[X,0x0000000080000892] -> 0x00B5
[549] [M]: 0x0000000080000890 (0x00B51633) sll x12, x10, x11                        inst_88+16
x12 <- 0xBFFFFC0000000000

clint mtime 0x0000000000000113 (mip.MTI <- 0b1, mip.STI <- 0b0)
mem[X,0x0000000080000894] -> 0x3C23
mem[X,0x0000000080000896] -> 0x22C1
[550] [M]: 0x0000000080000894 (0x22C13C23) sd x12, 0x238(x2)                        inst_88+20
mem[W,0x00000000800043D8] <- 0xBFFFFC0000000000

mem[X,0x0000000080000898] -> 0x0513
mem[X,0x000000008000089A] -> 0x0010
[551] [M]: 0x0000000080000898 (0x00100513) addi x10, x0, 0x1                        inst_89+0
x10 <- 0x0000000000000001

clint mtime 0x0000000000000114 (mip.MTI <- 0b1, mip.STI <- 0b0)
mem[X,0x000000008000089C] -> 0x1513
mem[X,0x000000008000089E] -> 0x0375
[552] [M]: 0x000000008000089C (0x03751513) slli x10, x10, 0x37                      inst_89+4
x10 <- 0x0080000000000000

mem[X,0x00000000800008A0] -> 0x4513
mem[X,0x00000000800008A2] -> 0xFFF5
[553] [M]: 0x00000000800008A0 (0xFFF54513) xori x10, x10, -0x1                      inst_89+8
x10 <- 0xFF7FFFFFFFFFFFFF

clint mtime 0x0000000000000115 (mip.MTI <- 0b1, mip.STI <- 0b0)
mem[X,0x00000000800008A4] -> 0x0593
mem[X,0x00000000800008A6] -> 0x01F0
[554] [M]: 0x00000000800008A4 (0x01F00593) addi x11, x0, 0x1f                       inst_89+12
x11 <- 0x000000000000001F

mem[X,0x00000000800008A8] -> 0x1633
mem[X,0x00000000800008AA] -> 0x00B5
[555] [M]: 0x00000000800008A8 (0x00B51633) sll x12, x10, x11                        inst_89+16
x12 <- 0xFFFFFFFF80000000

clint mtime 0x0000000000000116 (mip.MTI <- 0b1, mip.STI <- 0b0)
mem[X,0x00000000800008AC] -> 0x3023
mem[X,0x00000000800008AE] -> 0x24C1
[556] [M]: 0x00000000800008AC (0x24C13023) sd x12, 0x240(x2)                        inst_89+20
mem[W,0x00000000800043E0] <- 0xFFFFFFFF80000000

mem[X,0x00000000800008B0] -> 0x0513
mem[X,0x00000000800008B2] -> 0x0010
[557] [M]: 0x00000000800008B0 (0x00100513) addi x10, x0, 0x1                        inst_90+0
x10 <- 0x0000000000000001

clint mtime 0x0000000000000117 (mip.MTI <- 0b1, mip.STI <- 0b0)
mem[X,0x00000000800008B4] -> 0x1513
mem[X,0x00000000800008B6] -> 0x0385
[558] [M]: 0x00000000800008B4 (0x03851513) slli x10, x10, 0x38                      inst_90+4
x10 <- 0x0100000000000000

mem[X,0x00000000800008B8] -> 0x4513
mem[X,0x00000000800008BA] -> 0xFFF5
[559] [M]: 0x00000000800008B8 (0xFFF54513) xori x10, x10, -0x1                      inst_90+8
x10 <- 0xFEFFFFFFFFFFFFFF

clint mtime 0x0000000000000118 (mip.MTI <- 0b1, mip.STI <- 0b0)
mem[X,0x00000000800008BC] -> 0x0593
mem[X,0x00000000800008BE] -> 0x03D0
[560] [M]: 0x00000000800008BC (0x03D00593) addi x11, x0, 0x3d                       inst_90+12
x11 <- 0x000000000000003D

mem[X,0x00000000800008C0] -> 0x1633
mem[X,0x00000000800008C2] -> 0x00B5
[561] [M]: 0x00000000800008C0 (0x00B51633) sll x12, x10, x11                        inst_90+16
x12 <- 0xE000000000000000

clint mtime 0x0000000000000119 (mip.MTI <- 0b1, mip.STI <- 0b0)
mem[X,0x00000000800008C4] -> 0x3423
mem[X,0x00000000800008C6] -> 0x24C1
[562] [M]: 0x00000000800008C4 (0x24C13423) sd x12, 0x248(x2)                        inst_90+20
mem[W,0x00000000800043E8] <- 0xE000000000000000

mem[X,0x00000000800008C8] -> 0x0513
mem[X,0x00000000800008CA] -> 0x0010
[563] [M]: 0x00000000800008C8 (0x00100513) addi x10, x0, 0x1                        inst_91+0
x10 <- 0x0000000000000001

clint mtime 0x000000000000011A (mip.MTI <- 0b1, mip.STI <- 0b0)
mem[X,0x00000000800008CC] -> 0x1513
mem[X,0x00000000800008CE] -> 0x0395
[564] [M]: 0x00000000800008CC (0x03951513) slli x10, x10, 0x39                      inst_91+4
x10 <- 0x0200000000000000

mem[X,0x00000000800008D0] -> 0x4513
mem[X,0x00000000800008D2] -> 0xFFF5
[565] [M]: 0x00000000800008D0 (0xFFF54513) xori x10, x10, -0x1                      inst_91+8
x10 <- 0xFDFFFFFFFFFFFFFF

clint mtime 0x000000000000011B (mip.MTI <- 0b1, mip.STI <- 0b0)
mem[X,0x00000000800008D4] -> 0x0593
mem[X,0x00000000800008D6] -> 0x02F0
[566] [M]: 0x00000000800008D4 (0x02F00593) addi x11, x0, 0x2f                       inst_91+12
x11 <- 0x000000000000002F

mem[X,0x00000000800008D8] -> 0x1633
mem[X,0x00000000800008DA] -> 0x00B5
[567] [M]: 0x00000000800008D8 (0x00B51633) sll x12, x10, x11                        inst_91+16
x12 <- 0xFFFF800000000000

clint mtime 0x000000000000011C (mip.MTI <- 0b1, mip.STI <- 0b0)
mem[X,0x00000000800008DC] -> 0x3823
mem[X,0x00000000800008DE] -> 0x24C1
[568] [M]: 0x00000000800008DC (0x24C13823) sd x12, 0x250(x2)                        inst_91+20
mem[W,0x00000000800043F0] <- 0xFFFF800000000000

mem[X,0x00000000800008E0] -> 0x0513
mem[X,0x00000000800008E2] -> 0x0010
[569] [M]: 0x00000000800008E0 (0x00100513) addi x10, x0, 0x1                        inst_92+0
x10 <- 0x0000000000000001

clint mtime 0x000000000000011D (mip.MTI <- 0b1, mip.STI <- 0b0)
mem[X,0x00000000800008E4] -> 0x1513
mem[X,0x00000000800008E6] -> 0x03A5
[570] [M]: 0x00000000800008E4 (0x03A51513) slli x10, x10, 0x3a                      inst_92+4
x10 <- 0x0400000000000000

mem[X,0x00000000800008E8] -> 0x4513
mem[X,0x00000000800008EA] -> 0xFFF5
[571] [M]: 0x00000000800008E8 (0xFFF54513) xori x10, x10, -0x1                      inst_92+8
x10 <- 0xFBFFFFFFFFFFFFFF

clint mtime 0x000000000000011E (mip.MTI <- 0b1, mip.STI <- 0b0)
mem[X,0x00000000800008EC] -> 0x0593
mem[X,0x00000000800008EE] -> 0x0080
[572] [M]: 0x00000000800008EC (0x00800593) addi x11, x0, 0x8                        inst_92+12
x11 <- 0x0000000000000008

mem[X,0x00000000800008F0] -> 0x1633
mem[X,0x00000000800008F2] -> 0x00B5
[573] [M]: 0x00000000800008F0 (0x00B51633) sll x12, x10, x11                        inst_92+16
x12 <- 0xFFFFFFFFFFFFFF00

clint mtime 0x000000000000011F (mip.MTI <- 0b1, mip.STI <- 0b0)
mem[X,0x00000000800008F4] -> 0x3C23
mem[X,0x00000000800008F6] -> 0x24C1
[574] [M]: 0x00000000800008F4 (0x24C13C23) sd x12, 0x258(x2)                        inst_92+20
mem[W,0x00000000800043F8] <- 0xFFFFFFFFFFFFFF00

mem[X,0x00000000800008F8] -> 0x0513
mem[X,0x00000000800008FA] -> 0x0010
[575] [M]: 0x00000000800008F8 (0x00100513) addi x10, x0, 0x1                        inst_93+0
x10 <- 0x0000000000000001

clint mtime 0x0000000000000120 (mip.MTI <- 0b1, mip.STI <- 0b0)
mem[X,0x00000000800008FC] -> 0x1513
mem[X,0x00000000800008FE] -> 0x03B5
[576] [M]: 0x00000000800008FC (0x03B51513) slli x10, x10, 0x3b                      inst_93+4
x10 <- 0x0800000000000000

mem[X,0x0000000080000900] -> 0x4513
mem[X,0x0000000080000902] -> 0xFFF5
[577] [M]: 0x0000000080000900 (0xFFF54513) xori x10, x10, -0x1                      inst_93+8
x10 <- 0xF7FFFFFFFFFFFFFF

clint mtime 0x0000000000000121 (mip.MTI <- 0b1, mip.STI <- 0b0)
mem[X,0x0000000080000904] -> 0x0593
mem[X,0x0000000080000906] -> 0x02F0
[578] [M]: 0x0000000080000904 (0x02F00593) addi x11, x0, 0x2f                       inst_93+12
x11 <- 0x000000000000002F

mem[X,0x0000000080000908] -> 0x1633
mem[X,0x000000008000090A] -> 0x00B5
[579] [M]: 0x0000000080000908 (0x00B51633) sll x12, x10, x11                        inst_93+16
x12 <- 0xFFFF800000000000

clint mtime 0x0000000000000122 (mip.MTI <- 0b1, mip.STI <- 0b0)
mem[X,0x000000008000090C] -> 0x3023
mem[X,0x000000008000090E] -> 0x26C1
[580] [M]: 0x000000008000090C (0x26C13023) sd x12, 0x260(x2)                        inst_93+20
mem[W,0x0000000080004400] <- 0xFFFF800000000000

mem[X,0x0000000080000910] -> 0x0513
mem[X,0x0000000080000912] -> 0x0010
[581] [M]: 0x0000000080000910 (0x00100513) addi x10, x0, 0x1                        inst_94+0
x10 <- 0x0000000000000001

clint mtime 0x0000000000000123 (mip.MTI <- 0b1, mip.STI <- 0b0)
mem[X,0x0000000080000914] -> 0x1513
mem[X,0x0000000080000916] -> 0x03C5
[582] [M]: 0x0000000080000914 (0x03C51513) slli x10, x10, 0x3c                      inst_94+4
x10 <- 0x1000000000000000

mem[X,0x0000000080000918] -> 0x4513
mem[X,0x000000008000091A] -> 0xFFF5
[583] [M]: 0x0000000080000918 (0xFFF54513) xori x10, x10, -0x1                      inst_94+8
x10 <- 0xEFFFFFFFFFFFFFFF

clint mtime 0x0000000000000124 (mip.MTI <- 0b1, mip.STI <- 0b0)
mem[X,0x000000008000091C] -> 0x0593
mem[X,0x000000008000091E] -> 0x00D0
[584] [M]: 0x000000008000091C (0x00D00593) addi x11, x0, 0xd                        inst_94+12
x11 <- 0x000000000000000D

mem[X,0x0000000080000920] -> 0x1633
mem[X,0x0000000080000922] -> 0x00B5
[585] [M]: 0x0000000080000920 (0x00B51633) sll x12, x10, x11                        inst_94+16
x12 <- 0xFFFFFFFFFFFFE000

clint mtime 0x0000000000000125 (mip.MTI <- 0b1, mip.STI <- 0b0)
mem[X,0x0000000080000924] -> 0x3423
mem[X,0x0000000080000926] -> 0x26C1
[586] [M]: 0x0000000080000924 (0x26C13423) sd x12, 0x268(x2)                        inst_94+20
mem[W,0x0000000080004408] <- 0xFFFFFFFFFFFFE000

mem[X,0x0000000080000928] -> 0x0513
mem[X,0x000000008000092A] -> 0x0010
[587] [M]: 0x0000000080000928 (0x00100513) addi x10, x0, 0x1                        inst_95+0
x10 <- 0x0000000000000001

clint mtime 0x0000000000000126 (mip.MTI <- 0b1, mip.STI <- 0b0)
mem[X,0x000000008000092C] -> 0x1513
mem[X,0x000000008000092E] -> 0x03D5
[588] [M]: 0x000000008000092C (0x03D51513) slli x10, x10, 0x3d                      inst_95+4
x10 <- 0x2000000000000000

mem[X,0x0000000080000930] -> 0x4513
mem[X,0x0000000080000932] -> 0xFFF5
[589] [M]: 0x0000000080000930 (0xFFF54513) xori x10, x10, -0x1                      inst_95+8
x10 <- 0xDFFFFFFFFFFFFFFF

clint mtime 0x0000000000000127 (mip.MTI <- 0b1, mip.STI <- 0b0)
mem[X,0x0000000080000934] -> 0x0593
mem[X,0x0000000080000936] -> 0x0120
[590] [M]: 0x0000000080000934 (0x01200593) addi x11, x0, 0x12                       inst_95+12
x11 <- 0x0000000000000012

mem[X,0x0000000080000938] -> 0x1633
mem[X,0x000000008000093A] -> 0x00B5
[591] [M]: 0x0000000080000938 (0x00B51633) sll x12, x10, x11                        inst_95+16
x12 <- 0xFFFFFFFFFFFC0000

clint mtime 0x0000000000000128 (mip.MTI <- 0b1, mip.STI <- 0b0)
mem[X,0x000000008000093C] -> 0x3823
mem[X,0x000000008000093E] -> 0x26C1
[592] [M]: 0x000000008000093C (0x26C13823) sd x12, 0x270(x2)                        inst_95+20
mem[W,0x0000000080004410] <- 0xFFFFFFFFFFFC0000

mem[X,0x0000000080000940] -> 0x0513
mem[X,0x0000000080000942] -> 0x0010
[593] [M]: 0x0000000080000940 (0x00100513) addi x10, x0, 0x1                        inst_96+0
x10 <- 0x0000000000000001

clint mtime 0x0000000000000129 (mip.MTI <- 0b1, mip.STI <- 0b0)
mem[X,0x0000000080000944] -> 0x1513
mem[X,0x0000000080000946] -> 0x03E5
[594] [M]: 0x0000000080000944 (0x03E51513) slli x10, x10, 0x3e                      inst_96+4
x10 <- 0x4000000000000000

mem[X,0x0000000080000948] -> 0x4513
mem[X,0x000000008000094A] -> 0xFFF5
[595] [M]: 0x0000000080000948 (0xFFF54513) xori x10, x10, -0x1                      inst_96+8
x10 <- 0xBFFFFFFFFFFFFFFF

clint mtime 0x000000000000012A (mip.MTI <- 0b1, mip.STI <- 0b0)
mem[X,0x000000008000094C] -> 0x0593
mem[X,0x000000008000094E] -> 0x03D0
[596] [M]: 0x000000008000094C (0x03D00593) addi x11, x0, 0x3d                       inst_96+12
x11 <- 0x000000000000003D

mem[X,0x0000000080000950] -> 0x1633
mem[X,0x0000000080000952] -> 0x00B5
[597] [M]: 0x0000000080000950 (0x00B51633) sll x12, x10, x11                        inst_96+16
x12 <- 0xE000000000000000

clint mtime 0x000000000000012B (mip.MTI <- 0b1, mip.STI <- 0b0)
mem[X,0x0000000080000954] -> 0x3C23
mem[X,0x0000000080000956] -> 0x26C1
[598] [M]: 0x0000000080000954 (0x26C13C23) sd x12, 0x278(x2)                        inst_96+20
mem[W,0x0000000080004418] <- 0xE000000000000000

mem[X,0x0000000080000958] -> 0x5537
mem[X,0x000000008000095A] -> 0x5555
[599] [M]: 0x0000000080000958 (0x55555537) lui x10, 0x55555                         inst_97+0
x10 <- 0x0000000055555000

clint mtime 0x000000000000012C (mip.MTI <- 0b1, mip.STI <- 0b0)
mem[X,0x000000008000095C] -> 0x0513
mem[X,0x000000008000095E] -> 0x5555
[600] [M]: 0x000000008000095C (0x55550513) addi x10, x10, 0x555                     inst_97+4
x10 <- 0x0000000055555555

mem[X,0x0000000080000960] -> 0x1513
mem[X,0x0000000080000962] -> 0x00B5
[601] [M]: 0x0000000080000960 (0x00B51513) slli x10, x10, 0xb                       inst_97+8
x10 <- 0x000002AAAAAAA800

clint mtime 0x000000000000012D (mip.MTI <- 0b1, mip.STI <- 0b0)
mem[X,0x0000000080000964] -> 0x0513
mem[X,0x0000000080000966] -> 0x2AA5
[602] [M]: 0x0000000080000964 (0x2AA50513) addi x10, x10, 0x2aa                     inst_97+12
x10 <- 0x000002AAAAAAAAAA

mem[X,0x0000000080000968] -> 0x1513
mem[X,0x000000008000096A] -> 0x00B5
[603] [M]: 0x0000000080000968 (0x00B51513) slli x10, x10, 0xb                       inst_97+16
x10 <- 0x0015555555555000

clint mtime 0x000000000000012E (mip.MTI <- 0b1, mip.STI <- 0b0)
mem[X,0x000000008000096C] -> 0x0513
mem[X,0x000000008000096E] -> 0x5555
[604] [M]: 0x000000008000096C (0x55550513) addi x10, x10, 0x555                     inst_97+20
x10 <- 0x0015555555555555

mem[X,0x0000000080000970] -> 0x1513
mem[X,0x0000000080000972] -> 0x00A5
[605] [M]: 0x0000000080000970 (0x00A51513) slli x10, x10, 0xa                       inst_97+24
x10 <- 0x5555555555555400

clint mtime 0x000000000000012F (mip.MTI <- 0b1, mip.STI <- 0b0)
mem[X,0x0000000080000974] -> 0x0513
mem[X,0x0000000080000976] -> 0x1555
[606] [M]: 0x0000000080000974 (0x15550513) addi x10, x10, 0x155                     inst_97+28
x10 <- 0x5555555555555555

mem[X,0x0000000080000978] -> 0x0593
mem[X,0x000000008000097A] -> 0x0030
[607] [M]: 0x0000000080000978 (0x00300593) addi x11, x0, 0x3                        inst_97+32
x11 <- 0x0000000000000003

clint mtime 0x0000000000000130 (mip.MTI <- 0b1, mip.STI <- 0b0)
mem[X,0x000000008000097C] -> 0x1633
mem[X,0x000000008000097E] -> 0x00B5
[608] [M]: 0x000000008000097C (0x00B51633) sll x12, x10, x11                        inst_97+36
x12 <- 0xAAAAAAAAAAAAAAA8

mem[X,0x0000000080000980] -> 0x3023
mem[X,0x0000000080000982] -> 0x28C1
[609] [M]: 0x0000000080000980 (0x28C13023) sd x12, 0x280(x2)                        inst_97+40
mem[W,0x0000000080004420] <- 0xAAAAAAAAAAAAAAA8

clint mtime 0x0000000000000131 (mip.MTI <- 0b1, mip.STI <- 0b0)
mem[X,0x0000000080000984] -> 0xB537
mem[X,0x0000000080000986] -> 0xAAAA
[610] [M]: 0x0000000080000984 (0xAAAAB537) lui x10, -0x55555                        inst_98+0
x10 <- 0xFFFFFFFFAAAAB000

mem[X,0x0000000080000988] -> 0x0513
mem[X,0x000000008000098A] -> 0xAAA5
[611] [M]: 0x0000000080000988 (0xAAA50513) addi x10, x10, -0x556                    inst_98+4
x10 <- 0xFFFFFFFFAAAAAAAA

clint mtime 0x0000000000000132 (mip.MTI <- 0b1, mip.STI <- 0b0)
mem[X,0x000000008000098C] -> 0x1513
mem[X,0x000000008000098E] -> 0x00B5
[612] [M]: 0x000000008000098C (0x00B51513) slli x10, x10, 0xb                       inst_98+8
x10 <- 0xFFFFFD5555555000

mem[X,0x0000000080000990] -> 0x0513
mem[X,0x0000000080000992] -> 0x5555
[613] [M]: 0x0000000080000990 (0x55550513) addi x10, x10, 0x555                     inst_98+12
x10 <- 0xFFFFFD5555555555

clint mtime 0x0000000000000133 (mip.MTI <- 0b1, mip.STI <- 0b0)
mem[X,0x0000000080000994] -> 0x1513
mem[X,0x0000000080000996] -> 0x00B5
[614] [M]: 0x0000000080000994 (0x00B51513) slli x10, x10, 0xb                       inst_98+16
x10 <- 0xFFEAAAAAAAAAA800

mem[X,0x0000000080000998] -> 0x0513
mem[X,0x000000008000099A] -> 0x2AA5
[615] [M]: 0x0000000080000998 (0x2AA50513) addi x10, x10, 0x2aa                     inst_98+20
x10 <- 0xFFEAAAAAAAAAAAAA

clint mtime 0x0000000000000134 (mip.MTI <- 0b1, mip.STI <- 0b0)
mem[X,0x000000008000099C] -> 0x1513
mem[X,0x000000008000099E] -> 0x00A5
[616] [M]: 0x000000008000099C (0x00A51513) slli x10, x10, 0xa                       inst_98+24
x10 <- 0xAAAAAAAAAAAAA800

mem[X,0x00000000800009A0] -> 0x0513
mem[X,0x00000000800009A2] -> 0x2AA5
[617] [M]: 0x00000000800009A0 (0x2AA50513) addi x10, x10, 0x2aa                     inst_98+28
x10 <- 0xAAAAAAAAAAAAAAAA

clint mtime 0x0000000000000135 (mip.MTI <- 0b1, mip.STI <- 0b0)
mem[X,0x00000000800009A4] -> 0x0593
mem[X,0x00000000800009A6] -> 0x0020
[618] [M]: 0x00000000800009A4 (0x00200593) addi x11, x0, 0x2                        inst_98+32
x11 <- 0x0000000000000002

mem[X,0x00000000800009A8] -> 0x1633
mem[X,0x00000000800009AA] -> 0x00B5
[619] [M]: 0x00000000800009A8 (0x00B51633) sll x12, x10, x11                        inst_98+36
x12 <- 0xAAAAAAAAAAAAAAA8

clint mtime 0x0000000000000136 (mip.MTI <- 0b1, mip.STI <- 0b0)
mem[X,0x00000000800009AC] -> 0x3423
mem[X,0x00000000800009AE] -> 0x28C1
[620] [M]: 0x00000000800009AC (0x28C13423) sd x12, 0x288(x2)                        inst_98+40
mem[W,0x0000000080004428] <- 0xAAAAAAAAAAAAAAA8

mem[X,0x00000000800009B0] -> 0x0513
mem[X,0x00000000800009B2] -> 0x0030
[621] [M]: 0x00000000800009B0 (0x00300513) addi x10, x0, 0x3                        inst_99+0
x10 <- 0x0000000000000003

clint mtime 0x0000000000000137 (mip.MTI <- 0b1, mip.STI <- 0b0)
mem[X,0x00000000800009B4] -> 0x0593
mem[X,0x00000000800009B6] -> 0x0060
[622] [M]: 0x00000000800009B4 (0x00600593) addi x11, x0, 0x6                        inst_99+4
x11 <- 0x0000000000000006

mem[X,0x00000000800009B8] -> 0x1633
mem[X,0x00000000800009BA] -> 0x00B5
[623] [M]: 0x00000000800009B8 (0x00B51633) sll x12, x10, x11                        inst_99+8
x12 <- 0x00000000000000C0

clint mtime 0x0000000000000138 (mip.MTI <- 0b1, mip.STI <- 0b0)
mem[X,0x00000000800009BC] -> 0x3823
mem[X,0x00000000800009BE] -> 0x28C1
[624] [M]: 0x00000000800009BC (0x28C13823) sd x12, 0x290(x2)                        inst_99+12
mem[W,0x0000000080004430] <- 0x00000000000000C0

mem[X,0x00000000800009C0] -> 0x0513
mem[X,0x00000000800009C2] -> 0x0050
[625] [M]: 0x00000000800009C0 (0x00500513) addi x10, x0, 0x5                        inst_100+0
x10 <- 0x0000000000000005

clint mtime 0x0000000000000139 (mip.MTI <- 0b1, mip.STI <- 0b0)
mem[X,0x00000000800009C4] -> 0x0593
mem[X,0x00000000800009C6] -> 0x02A0
[626] [M]: 0x00000000800009C4 (0x02A00593) addi x11, x0, 0x2a                       inst_100+4
x11 <- 0x000000000000002A

mem[X,0x00000000800009C8] -> 0x1633
mem[X,0x00000000800009CA] -> 0x00B5
[627] [M]: 0x00000000800009C8 (0x00B51633) sll x12, x10, x11                        inst_100+8
x12 <- 0x0000140000000000

clint mtime 0x000000000000013A (mip.MTI <- 0b1, mip.STI <- 0b0)
mem[X,0x00000000800009CC] -> 0x3C23
mem[X,0x00000000800009CE] -> 0x28C1
[628] [M]: 0x00000000800009CC (0x28C13C23) sd x12, 0x298(x2)                        inst_100+12
mem[W,0x0000000080004438] <- 0x0000140000000000

mem[X,0x00000000800009D0] -> 0x3537
mem[X,0x00000000800009D2] -> 0x3333
[629] [M]: 0x00000000800009D0 (0x33333537) lui x10, 0x33333                         inst_101+0
x10 <- 0x0000000033333000

clint mtime 0x000000000000013B (mip.MTI <- 0b1, mip.STI <- 0b0)
mem[X,0x00000000800009D4] -> 0x0513
mem[X,0x00000000800009D6] -> 0x3335
[630] [M]: 0x00000000800009D4 (0x33350513) addi x10, x10, 0x333                     inst_101+4
x10 <- 0x0000000033333333

mem[X,0x00000000800009D8] -> 0x1513
mem[X,0x00000000800009DA] -> 0x00B5
[631] [M]: 0x00000000800009D8 (0x00B51513) slli x10, x10, 0xb                       inst_101+8
x10 <- 0x0000019999999800

clint mtime 0x000000000000013C (mip.MTI <- 0b1, mip.STI <- 0b0)
mem[X,0x00000000800009DC] -> 0x0513
mem[X,0x00000000800009DE] -> 0x1995
[632] [M]: 0x00000000800009DC (0x19950513) addi x10, x10, 0x199                     inst_101+12
x10 <- 0x0000019999999999

mem[X,0x00000000800009E0] -> 0x1513
mem[X,0x00000000800009E2] -> 0x00B5
[633] [M]: 0x00000000800009E0 (0x00B51513) slli x10, x10, 0xb                       inst_101+16
x10 <- 0x000CCCCCCCCCC800

clint mtime 0x000000000000013D (mip.MTI <- 0b1, mip.STI <- 0b0)
mem[X,0x00000000800009E4] -> 0x0513
mem[X,0x00000000800009E6] -> 0x4CC5
[634] [M]: 0x00000000800009E4 (0x4CC50513) addi x10, x10, 0x4cc                     inst_101+20
x10 <- 0x000CCCCCCCCCCCCC

mem[X,0x00000000800009E8] -> 0x1513
mem[X,0x00000000800009EA] -> 0x00A5
[635] [M]: 0x00000000800009E8 (0x00A51513) slli x10, x10, 0xa                       inst_101+24
x10 <- 0x3333333333333000

clint mtime 0x000000000000013E (mip.MTI <- 0b1, mip.STI <- 0b0)
mem[X,0x00000000800009EC] -> 0x0513
mem[X,0x00000000800009EE] -> 0x3335
[636] [M]: 0x00000000800009EC (0x33350513) addi x10, x10, 0x333                     inst_101+28
x10 <- 0x3333333333333333

mem[X,0x00000000800009F0] -> 0x0593
mem[X,0x00000000800009F2] -> 0x0010
[637] [M]: 0x00000000800009F0 (0x00100593) addi x11, x0, 0x1                        inst_101+32
x11 <- 0x0000000000000001

clint mtime 0x000000000000013F (mip.MTI <- 0b1, mip.STI <- 0b0)
mem[X,0x00000000800009F4] -> 0x1633
mem[X,0x00000000800009F6] -> 0x00B5
[638] [M]: 0x00000000800009F4 (0x00B51633) sll x12, x10, x11                        inst_101+36
x12 <- 0x6666666666666666

mem[X,0x00000000800009F8] -> 0x3023
mem[X,0x00000000800009FA] -> 0x2AC1
[639] [M]: 0x00000000800009F8 (0x2AC13023) sd x12, 0x2a0(x2)                        inst_101+40
mem[W,0x0000000080004440] <- 0x6666666666666666

clint mtime 0x0000000000000140 (mip.MTI <- 0b1, mip.STI <- 0b0)
mem[X,0x00000000800009FC] -> 0x6537
mem[X,0x00000000800009FE] -> 0x6666
[640] [M]: 0x00000000800009FC (0x66666537) lui x10, 0x66666                         inst_102+0
x10 <- 0x0000000066666000

mem[X,0x0000000080000A00] -> 0x0513
mem[X,0x0000000080000A02] -> 0x6665
[641] [M]: 0x0000000080000A00 (0x66650513) addi x10, x10, 0x666                     inst_102+4
x10 <- 0x0000000066666666

clint mtime 0x0000000000000141 (mip.MTI <- 0b1, mip.STI <- 0b0)
mem[X,0x0000000080000A04] -> 0x1513
mem[X,0x0000000080000A06] -> 0x00B5
[642] [M]: 0x0000000080000A04 (0x00B51513) slli x10, x10, 0xb                       inst_102+8
x10 <- 0x0000033333333000

mem[X,0x0000000080000A08] -> 0x0513
mem[X,0x0000000080000A0A] -> 0x3335
[643] [M]: 0x0000000080000A08 (0x33350513) addi x10, x10, 0x333                     inst_102+12
x10 <- 0x0000033333333333

clint mtime 0x0000000000000142 (mip.MTI <- 0b1, mip.STI <- 0b0)
mem[X,0x0000000080000A0C] -> 0x1513
mem[X,0x0000000080000A0E] -> 0x00B5
[644] [M]: 0x0000000080000A0C (0x00B51513) slli x10, x10, 0xb                       inst_102+16
x10 <- 0x0019999999999800

mem[X,0x0000000080000A10] -> 0x0513
mem[X,0x0000000080000A12] -> 0x1995
[645] [M]: 0x0000000080000A10 (0x19950513) addi x10, x10, 0x199                     inst_102+20
x10 <- 0x0019999999999999

clint mtime 0x0000000000000143 (mip.MTI <- 0b1, mip.STI <- 0b0)
mem[X,0x0000000080000A14] -> 0x1513
mem[X,0x0000000080000A16] -> 0x00A5
[646] [M]: 0x0000000080000A14 (0x00A51513) slli x10, x10, 0xa                       inst_102+24
x10 <- 0x6666666666666400

mem[X,0x0000000080000A18] -> 0x0513
mem[X,0x0000000080000A1A] -> 0x2665
[647] [M]: 0x0000000080000A18 (0x26650513) addi x10, x10, 0x266                     inst_102+28
x10 <- 0x6666666666666666

clint mtime 0x0000000000000144 (mip.MTI <- 0b1, mip.STI <- 0b0)
mem[X,0x0000000080000A1C] -> 0x0593
mem[X,0x0000000080000A1E] -> 0x0030
[648] [M]: 0x0000000080000A1C (0x00300593) addi x11, x0, 0x3                        inst_102+32
x11 <- 0x0000000000000003

mem[X,0x0000000080000A20] -> 0x1633
mem[X,0x0000000080000A22] -> 0x00B5
[649] [M]: 0x0000000080000A20 (0x00B51633) sll x12, x10, x11                        inst_102+36
x12 <- 0x3333333333333330

clint mtime 0x0000000000000145 (mip.MTI <- 0b1, mip.STI <- 0b0)
mem[X,0x0000000080000A24] -> 0x3423
mem[X,0x0000000080000A26] -> 0x2AC1
[650] [M]: 0x0000000080000A24 (0x2AC13423) sd x12, 0x2a8(x2)                        inst_102+40
mem[W,0x0000000080004448] <- 0x3333333333333330

mem[X,0x0000000080000A28] -> 0x0537
mem[X,0x0000000080000A2A] -> 0x0000
[651] [M]: 0x0000000080000A28 (0x00000537) lui x10, 0x0                             inst_103+0
x10 <- 0x0000000000000000

clint mtime 0x0000000000000146 (mip.MTI <- 0b1, mip.STI <- 0b0)
mem[X,0x0000000080000A2C] -> 0x0513
mem[X,0x0000000080000A2E] -> 0xFFF5
[652] [M]: 0x0000000080000A2C (0xFFF50513) addi x10, x10, -0x1                      inst_103+4
x10 <- 0xFFFFFFFFFFFFFFFF

mem[X,0x0000000080000A30] -> 0x1513
mem[X,0x0000000080000A32] -> 0x00B5
[653] [M]: 0x0000000080000A30 (0x00B51513) slli x10, x10, 0xb                       inst_103+8
x10 <- 0xFFFFFFFFFFFFF800

clint mtime 0x0000000000000147 (mip.MTI <- 0b1, mip.STI <- 0b0)
mem[X,0x0000000080000A34] -> 0x0513
mem[X,0x0000000080000A36] -> 0x2575
[654] [M]: 0x0000000080000A34 (0x25750513) addi x10, x10, 0x257                     inst_103+12
x10 <- 0xFFFFFFFFFFFFFA57

mem[X,0x0000000080000A38] -> 0x1513
mem[X,0x0000000080000A3A] -> 0x00B5
[655] [M]: 0x0000000080000A38 (0x00B51513) slli x10, x10, 0xb                       inst_103+16
x10 <- 0xFFFFFFFFFFD2B800

clint mtime 0x0000000000000148 (mip.MTI <- 0b1, mip.STI <- 0b0)
mem[X,0x0000000080000A3C] -> 0x0513
mem[X,0x0000000080000A3E] -> 0x6C35
[656] [M]: 0x0000000080000A3C (0x6C350513) addi x10, x10, 0x6c3                     inst_103+20
x10 <- 0xFFFFFFFFFFD2BEC3

mem[X,0x0000000080000A40] -> 0x1513
mem[X,0x0000000080000A42] -> 0x00A5
[657] [M]: 0x0000000080000A40 (0x00A51513) slli x10, x10, 0xa                       inst_103+24
x10 <- 0xFFFFFFFF4AFB0C00

clint mtime 0x0000000000000149 (mip.MTI <- 0b1, mip.STI <- 0b0)
mem[X,0x0000000080000A44] -> 0x0513
mem[X,0x0000000080000A46] -> 0x0CD5
[658] [M]: 0x0000000080000A44 (0x0CD50513) addi x10, x10, 0xcd                      inst_103+28
x10 <- 0xFFFFFFFF4AFB0CCD

mem[X,0x0000000080000A48] -> 0x0593
mem[X,0x0000000080000A4A] -> 0x00E0
[659] [M]: 0x0000000080000A48 (0x00E00593) addi x11, x0, 0xe                        inst_103+32
x11 <- 0x000000000000000E

clint mtime 0x000000000000014A (mip.MTI <- 0b1, mip.STI <- 0b0)
mem[X,0x0000000080000A4C] -> 0x1633
mem[X,0x0000000080000A4E] -> 0x00B5
[660] [M]: 0x0000000080000A4C (0x00B51633) sll x12, x10, x11                        inst_103+36
x12 <- 0xFFFFD2BEC3334000

mem[X,0x0000000080000A50] -> 0x3823
mem[X,0x0000000080000A52] -> 0x2AC1
[661] [M]: 0x0000000080000A50 (0x2AC13823) sd x12, 0x2b0(x2)                        inst_103+40
mem[W,0x0000000080004450] <- 0xFFFFD2BEC3334000

clint mtime 0x000000000000014B (mip.MTI <- 0b1, mip.STI <- 0b0)
mem[X,0x0000000080000A54] -> 0x0537
mem[X,0x0000000080000A56] -> 0x0000
[662] [M]: 0x0000000080000A54 (0x00000537) lui x10, 0x0                             inst_104+0
x10 <- 0x0000000000000000

mem[X,0x0000000080000A58] -> 0x0513
mem[X,0x0000000080000A5A] -> 0x0005
[663] [M]: 0x0000000080000A58 (0x00050513) addi x10, x10, 0x0                       inst_104+4
x10 <- 0x0000000000000000

clint mtime 0x000000000000014C (mip.MTI <- 0b1, mip.STI <- 0b0)
mem[X,0x0000000080000A5C] -> 0x1513
mem[X,0x0000000080000A5E] -> 0x00B5
[664] [M]: 0x0000000080000A5C (0x00B51513) slli x10, x10, 0xb                       inst_104+8
x10 <- 0x0000000000000000

mem[X,0x0000000080000A60] -> 0x0513
mem[X,0x0000000080000A62] -> 0x5A85
[665] [M]: 0x0000000080000A60 (0x5A850513) addi x10, x10, 0x5a8                     inst_104+12
x10 <- 0x00000000000005A8

clint mtime 0x000000000000014D (mip.MTI <- 0b1, mip.STI <- 0b0)
mem[X,0x0000000080000A64] -> 0x1513
mem[X,0x0000000080000A66] -> 0x00B5
[666] [M]: 0x0000000080000A64 (0x00B51513) slli x10, x10, 0xb                       inst_104+16
x10 <- 0x00000000002D4000

mem[X,0x0000000080000A68] -> 0x0513
mem[X,0x0000000080000A6A] -> 0x13C5
[667] [M]: 0x0000000080000A68 (0x13C50513) addi x10, x10, 0x13c                     inst_104+20
x10 <- 0x00000000002D413C

clint mtime 0x000000000000014E (mip.MTI <- 0b1, mip.STI <- 0b0)
mem[X,0x0000000080000A6C] -> 0x1513
mem[X,0x0000000080000A6E] -> 0x00A5
[668] [M]: 0x0000000080000A6C (0x00A51513) slli x10, x10, 0xa                       inst_104+24
x10 <- 0x00000000B504F000

mem[X,0x0000000080000A70] -> 0x0513
mem[X,0x0000000080000A72] -> 0x3335
[669] [M]: 0x0000000080000A70 (0x33350513) addi x10, x10, 0x333                     inst_104+28
x10 <- 0x00000000B504F333

clint mtime 0x000000000000014F (mip.MTI <- 0b1, mip.STI <- 0b0)
mem[X,0x0000000080000A74] -> 0x0593
mem[X,0x0000000080000A76] -> 0x0040
[670] [M]: 0x0000000080000A74 (0x00400593) addi x11, x0, 0x4                        inst_104+32
x11 <- 0x0000000000000004

mem[X,0x0000000080000A78] -> 0x1633
mem[X,0x0000000080000A7A] -> 0x00B5
[671] [M]: 0x0000000080000A78 (0x00B51633) sll x12, x10, x11                        inst_104+36
x12 <- 0x0000000B504F3330

clint mtime 0x0000000000000150 (mip.MTI <- 0b1, mip.STI <- 0b0)
mem[X,0x0000000080000A7C] -> 0x3C23
mem[X,0x0000000080000A7E] -> 0x2AC1
[672] [M]: 0x0000000080000A7C (0x2AC13C23) sd x12, 0x2b8(x2)                        inst_104+40
mem[W,0x0000000080004458] <- 0x0000000B504F3330

mem[X,0x0000000080000A80] -> 0x5537
mem[X,0x0000000080000A82] -> 0x5555
[673] [M]: 0x0000000080000A80 (0x55555537) lui x10, 0x55555                         inst_105+0
x10 <- 0x0000000055555000

clint mtime 0x0000000000000151 (mip.MTI <- 0b1, mip.STI <- 0b0)
mem[X,0x0000000080000A84] -> 0x0513
mem[X,0x0000000080000A86] -> 0x5555
[674] [M]: 0x0000000080000A84 (0x55550513) addi x10, x10, 0x555                     inst_105+4
x10 <- 0x0000000055555555

mem[X,0x0000000080000A88] -> 0x1513
mem[X,0x0000000080000A8A] -> 0x00B5
[675] [M]: 0x0000000080000A88 (0x00B51513) slli x10, x10, 0xb                       inst_105+8
x10 <- 0x000002AAAAAAA800

clint mtime 0x0000000000000152 (mip.MTI <- 0b1, mip.STI <- 0b0)
mem[X,0x0000000080000A8C] -> 0x0513
mem[X,0x0000000080000A8E] -> 0x2AA5
[676] [M]: 0x0000000080000A8C (0x2AA50513) addi x10, x10, 0x2aa                     inst_105+12
x10 <- 0x000002AAAAAAAAAA

mem[X,0x0000000080000A90] -> 0x1513
mem[X,0x0000000080000A92] -> 0x00B5
[677] [M]: 0x0000000080000A90 (0x00B51513) slli x10, x10, 0xb                       inst_105+16
x10 <- 0x0015555555555000

clint mtime 0x0000000000000153 (mip.MTI <- 0b1, mip.STI <- 0b0)
mem[X,0x0000000080000A94] -> 0x0513
mem[X,0x0000000080000A96] -> 0x5555
[678] [M]: 0x0000000080000A94 (0x55550513) addi x10, x10, 0x555                     inst_105+20
x10 <- 0x0015555555555555

mem[X,0x0000000080000A98] -> 0x1513
mem[X,0x0000000080000A9A] -> 0x00A5
[679] [M]: 0x0000000080000A98 (0x00A51513) slli x10, x10, 0xa                       inst_105+24
x10 <- 0x5555555555555400

clint mtime 0x0000000000000154 (mip.MTI <- 0b1, mip.STI <- 0b0)
mem[X,0x0000000080000A9C] -> 0x0513
mem[X,0x0000000080000A9E] -> 0x1545
[680] [M]: 0x0000000080000A9C (0x15450513) addi x10, x10, 0x154                     inst_105+28
x10 <- 0x5555555555555554

mem[X,0x0000000080000AA0] -> 0x0593
mem[X,0x0000000080000AA2] -> 0x0050
[681] [M]: 0x0000000080000AA0 (0x00500593) addi x11, x0, 0x5                        inst_105+32
x11 <- 0x0000000000000005

clint mtime 0x0000000000000155 (mip.MTI <- 0b1, mip.STI <- 0b0)
mem[X,0x0000000080000AA4] -> 0x1633
mem[X,0x0000000080000AA6] -> 0x00B5
[682] [M]: 0x0000000080000AA4 (0x00B51633) sll x12, x10, x11                        inst_105+36
x12 <- 0xAAAAAAAAAAAAAA80

mem[X,0x0000000080000AA8] -> 0x3023
mem[X,0x0000000080000AAA] -> 0x2CC1
[683] [M]: 0x0000000080000AA8 (0x2CC13023) sd x12, 0x2c0(x2)                        inst_105+40
mem[W,0x0000000080004460] <- 0xAAAAAAAAAAAAAA80

clint mtime 0x0000000000000156 (mip.MTI <- 0b1, mip.STI <- 0b0)
mem[X,0x0000000080000AAC] -> 0x3537
mem[X,0x0000000080000AAE] -> 0x3333
[684] [M]: 0x0000000080000AAC (0x33333537) lui x10, 0x33333                         inst_106+0
x10 <- 0x0000000033333000

mem[X,0x0000000080000AB0] -> 0x0513
mem[X,0x0000000080000AB2] -> 0x3335
[685] [M]: 0x0000000080000AB0 (0x33350513) addi x10, x10, 0x333                     inst_106+4
x10 <- 0x0000000033333333

clint mtime 0x0000000000000157 (mip.MTI <- 0b1, mip.STI <- 0b0)
mem[X,0x0000000080000AB4] -> 0x1513
mem[X,0x0000000080000AB6] -> 0x00B5
[686] [M]: 0x0000000080000AB4 (0x00B51513) slli x10, x10, 0xb                       inst_106+8
x10 <- 0x0000019999999800

mem[X,0x0000000080000AB8] -> 0x0513
mem[X,0x0000000080000ABA] -> 0x1995
[687] [M]: 0x0000000080000AB8 (0x19950513) addi x10, x10, 0x199                     inst_106+12
x10 <- 0x0000019999999999

clint mtime 0x0000000000000158 (mip.MTI <- 0b1, mip.STI <- 0b0)
mem[X,0x0000000080000ABC] -> 0x1513
mem[X,0x0000000080000ABE] -> 0x00B5
[688] [M]: 0x0000000080000ABC (0x00B51513) slli x10, x10, 0xb                       inst_106+16
x10 <- 0x000CCCCCCCCCC800

mem[X,0x0000000080000AC0] -> 0x0513
mem[X,0x0000000080000AC2] -> 0x4CC5
[689] [M]: 0x0000000080000AC0 (0x4CC50513) addi x10, x10, 0x4cc                     inst_106+20
x10 <- 0x000CCCCCCCCCCCCC

clint mtime 0x0000000000000159 (mip.MTI <- 0b1, mip.STI <- 0b0)
mem[X,0x0000000080000AC4] -> 0x1513
mem[X,0x0000000080000AC6] -> 0x00A5
[690] [M]: 0x0000000080000AC4 (0x00A51513) slli x10, x10, 0xa                       inst_106+24
x10 <- 0x3333333333333000

mem[X,0x0000000080000AC8] -> 0x0513
mem[X,0x0000000080000ACA] -> 0x3325
[691] [M]: 0x0000000080000AC8 (0x33250513) addi x10, x10, 0x332                     inst_106+28
x10 <- 0x3333333333333332

clint mtime 0x000000000000015A (mip.MTI <- 0b1, mip.STI <- 0b0)
mem[X,0x0000000080000ACC] -> 0x0593
mem[X,0x0000000080000ACE] -> 0x03F0
[692] [M]: 0x0000000080000ACC (0x03F00593) addi x11, x0, 0x3f                       inst_106+32
x11 <- 0x000000000000003F

mem[X,0x0000000080000AD0] -> 0x1633
mem[X,0x0000000080000AD2] -> 0x00B5
[693] [M]: 0x0000000080000AD0 (0x00B51633) sll x12, x10, x11                        inst_106+36
x12 <- 0x0000000000000000

clint mtime 0x000000000000015B (mip.MTI <- 0b1, mip.STI <- 0b0)
mem[X,0x0000000080000AD4] -> 0x3423
mem[X,0x0000000080000AD6] -> 0x2CC1
[694] [M]: 0x0000000080000AD4 (0x2CC13423) sd x12, 0x2c8(x2)                        inst_106+40
mem[W,0x0000000080004468] <- 0x0000000000000000

mem[X,0x0000000080000AD8] -> 0x6537
mem[X,0x0000000080000ADA] -> 0x6666
[695] [M]: 0x0000000080000AD8 (0x66666537) lui x10, 0x66666                         inst_107+0
x10 <- 0x0000000066666000

clint mtime 0x000000000000015C (mip.MTI <- 0b1, mip.STI <- 0b0)
mem[X,0x0000000080000ADC] -> 0x0513
mem[X,0x0000000080000ADE] -> 0x6665
[696] [M]: 0x0000000080000ADC (0x66650513) addi x10, x10, 0x666                     inst_107+4
x10 <- 0x0000000066666666

mem[X,0x0000000080000AE0] -> 0x1513
mem[X,0x0000000080000AE2] -> 0x00B5
[697] [M]: 0x0000000080000AE0 (0x00B51513) slli x10, x10, 0xb                       inst_107+8
x10 <- 0x0000033333333000

clint mtime 0x000000000000015D (mip.MTI <- 0b1, mip.STI <- 0b0)
mem[X,0x0000000080000AE4] -> 0x0513
mem[X,0x0000000080000AE6] -> 0x3335
[698] [M]: 0x0000000080000AE4 (0x33350513) addi x10, x10, 0x333                     inst_107+12
x10 <- 0x0000033333333333

mem[X,0x0000000080000AE8] -> 0x1513
mem[X,0x0000000080000AEA] -> 0x00B5
[699] [M]: 0x0000000080000AE8 (0x00B51513) slli x10, x10, 0xb                       inst_107+16
x10 <- 0x0019999999999800

clint mtime 0x000000000000015E (mip.MTI <- 0b1, mip.STI <- 0b0)
mem[X,0x0000000080000AEC] -> 0x0513
mem[X,0x0000000080000AEE] -> 0x1995
[700] [M]: 0x0000000080000AEC (0x19950513) addi x10, x10, 0x199                     inst_107+20
x10 <- 0x0019999999999999

mem[X,0x0000000080000AF0] -> 0x1513
mem[X,0x0000000080000AF2] -> 0x00A5
[701] [M]: 0x0000000080000AF0 (0x00A51513) slli x10, x10, 0xa                       inst_107+24
x10 <- 0x6666666666666400

clint mtime 0x000000000000015F (mip.MTI <- 0b1, mip.STI <- 0b0)
mem[X,0x0000000080000AF4] -> 0x0513
mem[X,0x0000000080000AF6] -> 0x2655
[702] [M]: 0x0000000080000AF4 (0x26550513) addi x10, x10, 0x265                     inst_107+28
x10 <- 0x6666666666666665

mem[X,0x0000000080000AF8] -> 0x0593
mem[X,0x0000000080000AFA] -> 0x0120
[703] [M]: 0x0000000080000AF8 (0x01200593) addi x11, x0, 0x12                       inst_107+32
x11 <- 0x0000000000000012

clint mtime 0x0000000000000160 (mip.MTI <- 0b1, mip.STI <- 0b0)
mem[X,0x0000000080000AFC] -> 0x1633
mem[X,0x0000000080000AFE] -> 0x00B5
[704] [M]: 0x0000000080000AFC (0x00B51633) sll x12, x10, x11                        inst_107+36
x12 <- 0x9999999999940000

mem[X,0x0000000080000B00] -> 0x3823
mem[X,0x0000000080000B02] -> 0x2CC1
[705] [M]: 0x0000000080000B00 (0x2CC13823) sd x12, 0x2d0(x2)                        inst_107+40
mem[W,0x0000000080004470] <- 0x9999999999940000

clint mtime 0x0000000000000161 (mip.MTI <- 0b1, mip.STI <- 0b0)
mem[X,0x0000000080000B04] -> 0x0537
mem[X,0x0000000080000B06] -> 0x0000
[706] [M]: 0x0000000080000B04 (0x00000537) lui x10, 0x0                             inst_108+0
x10 <- 0x0000000000000000

mem[X,0x0000000080000B08] -> 0x0513
mem[X,0x0000000080000B0A] -> 0x0005
[707] [M]: 0x0000000080000B08 (0x00050513) addi x10, x10, 0x0                       inst_108+4
x10 <- 0x0000000000000000

clint mtime 0x0000000000000162 (mip.MTI <- 0b1, mip.STI <- 0b0)
mem[X,0x0000000080000B0C] -> 0x1513
mem[X,0x0000000080000B0E] -> 0x00B5
[708] [M]: 0x0000000080000B0C (0x00B51513) slli x10, x10, 0xb                       inst_108+8
x10 <- 0x0000000000000000

mem[X,0x0000000080000B10] -> 0x0513
mem[X,0x0000000080000B12] -> 0x5A85
[709] [M]: 0x0000000080000B10 (0x5A850513) addi x10, x10, 0x5a8                     inst_108+12
x10 <- 0x00000000000005A8

clint mtime 0x0000000000000163 (mip.MTI <- 0b1, mip.STI <- 0b0)
mem[X,0x0000000080000B14] -> 0x1513
mem[X,0x0000000080000B16] -> 0x00B5
[710] [M]: 0x0000000080000B14 (0x00B51513) slli x10, x10, 0xb                       inst_108+16
x10 <- 0x00000000002D4000

mem[X,0x0000000080000B18] -> 0x0513
mem[X,0x0000000080000B1A] -> 0x13C5
[711] [M]: 0x0000000080000B18 (0x13C50513) addi x10, x10, 0x13c                     inst_108+20
x10 <- 0x00000000002D413C

clint mtime 0x0000000000000164 (mip.MTI <- 0b1, mip.STI <- 0b0)
mem[X,0x0000000080000B1C] -> 0x1513
mem[X,0x0000000080000B1E] -> 0x00A5
[712] [M]: 0x0000000080000B1C (0x00A51513) slli x10, x10, 0xa                       inst_108+24
x10 <- 0x00000000B504F000

mem[X,0x0000000080000B20] -> 0x0513
mem[X,0x0000000080000B22] -> 0x3325
[713] [M]: 0x0000000080000B20 (0x33250513) addi x10, x10, 0x332                     inst_108+28
x10 <- 0x00000000B504F332

clint mtime 0x0000000000000165 (mip.MTI <- 0b1, mip.STI <- 0b0)
mem[X,0x0000000080000B24] -> 0x0593
mem[X,0x0000000080000B26] -> 0x0200
[714] [M]: 0x0000000080000B24 (0x02000593) addi x11, x0, 0x20                       inst_108+32
x11 <- 0x0000000000000020

mem[X,0x0000000080000B28] -> 0x1633
mem[X,0x0000000080000B2A] -> 0x00B5
[715] [M]: 0x0000000080000B28 (0x00B51633) sll x12, x10, x11                        inst_108+36
x12 <- 0xB504F33200000000

clint mtime 0x0000000000000166 (mip.MTI <- 0b1, mip.STI <- 0b0)
mem[X,0x0000000080000B2C] -> 0x3C23
mem[X,0x0000000080000B2E] -> 0x2CC1
[716] [M]: 0x0000000080000B2C (0x2CC13C23) sd x12, 0x2d8(x2)                        inst_108+40
mem[W,0x0000000080004478] <- 0xB504F33200000000

mem[X,0x0000000080000B30] -> 0x5537
mem[X,0x0000000080000B32] -> 0x5555
[717] [M]: 0x0000000080000B30 (0x55555537) lui x10, 0x55555                         inst_109+0
x10 <- 0x0000000055555000

clint mtime 0x0000000000000167 (mip.MTI <- 0b1, mip.STI <- 0b0)
mem[X,0x0000000080000B34] -> 0x0513
mem[X,0x0000000080000B36] -> 0x5555
[718] [M]: 0x0000000080000B34 (0x55550513) addi x10, x10, 0x555                     inst_109+4
x10 <- 0x0000000055555555

mem[X,0x0000000080000B38] -> 0x1513
mem[X,0x0000000080000B3A] -> 0x00B5
[719] [M]: 0x0000000080000B38 (0x00B51513) slli x10, x10, 0xb                       inst_109+8
x10 <- 0x000002AAAAAAA800

clint mtime 0x0000000000000168 (mip.MTI <- 0b1, mip.STI <- 0b0)
mem[X,0x0000000080000B3C] -> 0x0513
mem[X,0x0000000080000B3E] -> 0x2AA5
[720] [M]: 0x0000000080000B3C (0x2AA50513) addi x10, x10, 0x2aa                     inst_109+12
x10 <- 0x000002AAAAAAAAAA

mem[X,0x0000000080000B40] -> 0x1513
mem[X,0x0000000080000B42] -> 0x00B5
[721] [M]: 0x0000000080000B40 (0x00B51513) slli x10, x10, 0xb                       inst_109+16
x10 <- 0x0015555555555000

clint mtime 0x0000000000000169 (mip.MTI <- 0b1, mip.STI <- 0b0)
mem[X,0x0000000080000B44] -> 0x0513
mem[X,0x0000000080000B46] -> 0x5555
[722] [M]: 0x0000000080000B44 (0x55550513) addi x10, x10, 0x555                     inst_109+20
x10 <- 0x0015555555555555

mem[X,0x0000000080000B48] -> 0x1513
mem[X,0x0000000080000B4A] -> 0x00A5
[723] [M]: 0x0000000080000B48 (0x00A51513) slli x10, x10, 0xa                       inst_109+24
x10 <- 0x5555555555555400

clint mtime 0x000000000000016A (mip.MTI <- 0b1, mip.STI <- 0b0)
mem[X,0x0000000080000B4C] -> 0x0513
mem[X,0x0000000080000B4E] -> 0x1565
[724] [M]: 0x0000000080000B4C (0x15650513) addi x10, x10, 0x156                     inst_109+28
x10 <- 0x5555555555555556

mem[X,0x0000000080000B50] -> 0x0593
mem[X,0x0000000080000B52] -> 0x0020
[725] [M]: 0x0000000080000B50 (0x00200593) addi x11, x0, 0x2                        inst_109+32
x11 <- 0x0000000000000002

clint mtime 0x000000000000016B (mip.MTI <- 0b1, mip.STI <- 0b0)
mem[X,0x0000000080000B54] -> 0x1633
mem[X,0x0000000080000B56] -> 0x00B5
[726] [M]: 0x0000000080000B54 (0x00B51633) sll x12, x10, x11                        inst_109+36
x12 <- 0x5555555555555558

mem[X,0x0000000080000B58] -> 0x3023
mem[X,0x0000000080000B5A] -> 0x2EC1
[727] [M]: 0x0000000080000B58 (0x2EC13023) sd x12, 0x2e0(x2)                        inst_109+40
mem[W,0x0000000080004480] <- 0x5555555555555558

clint mtime 0x000000000000016C (mip.MTI <- 0b1, mip.STI <- 0b0)
mem[X,0x0000000080000B5C] -> 0xB537
mem[X,0x0000000080000B5E] -> 0xAAAA
[728] [M]: 0x0000000080000B5C (0xAAAAB537) lui x10, -0x55555                        inst_110+0
x10 <- 0xFFFFFFFFAAAAB000

mem[X,0x0000000080000B60] -> 0x0513
mem[X,0x0000000080000B62] -> 0xAAA5
[729] [M]: 0x0000000080000B60 (0xAAA50513) addi x10, x10, -0x556                    inst_110+4
x10 <- 0xFFFFFFFFAAAAAAAA

clint mtime 0x000000000000016D (mip.MTI <- 0b1, mip.STI <- 0b0)
mem[X,0x0000000080000B64] -> 0x1513
mem[X,0x0000000080000B66] -> 0x00B5
[730] [M]: 0x0000000080000B64 (0x00B51513) slli x10, x10, 0xb                       inst_110+8
x10 <- 0xFFFFFD5555555000

mem[X,0x0000000080000B68] -> 0x0513
mem[X,0x0000000080000B6A] -> 0x5555
[731] [M]: 0x0000000080000B68 (0x55550513) addi x10, x10, 0x555                     inst_110+12
x10 <- 0xFFFFFD5555555555

clint mtime 0x000000000000016E (mip.MTI <- 0b1, mip.STI <- 0b0)
mem[X,0x0000000080000B6C] -> 0x1513
mem[X,0x0000000080000B6E] -> 0x00B5
[732] [M]: 0x0000000080000B6C (0x00B51513) slli x10, x10, 0xb                       inst_110+16
x10 <- 0xFFEAAAAAAAAAA800

mem[X,0x0000000080000B70] -> 0x0513
mem[X,0x0000000080000B72] -> 0x2AA5
[733] [M]: 0x0000000080000B70 (0x2AA50513) addi x10, x10, 0x2aa                     inst_110+20
x10 <- 0xFFEAAAAAAAAAAAAA

clint mtime 0x000000000000016F (mip.MTI <- 0b1, mip.STI <- 0b0)
mem[X,0x0000000080000B74] -> 0x1513
mem[X,0x0000000080000B76] -> 0x00A5
[734] [M]: 0x0000000080000B74 (0x00A51513) slli x10, x10, 0xa                       inst_110+24
x10 <- 0xAAAAAAAAAAAAA800

mem[X,0x0000000080000B78] -> 0x0513
mem[X,0x0000000080000B7A] -> 0x2AB5
[735] [M]: 0x0000000080000B78 (0x2AB50513) addi x10, x10, 0x2ab                     inst_110+28
x10 <- 0xAAAAAAAAAAAAAAAB

clint mtime 0x0000000000000170 (mip.MTI <- 0b1, mip.STI <- 0b0)
mem[X,0x0000000080000B7C] -> 0x0593
mem[X,0x0000000080000B7E] -> 0x0060
[736] [M]: 0x0000000080000B7C (0x00600593) addi x11, x0, 0x6                        inst_110+32
x11 <- 0x0000000000000006

mem[X,0x0000000080000B80] -> 0x1633
mem[X,0x0000000080000B82] -> 0x00B5
[737] [M]: 0x0000000080000B80 (0x00B51633) sll x12, x10, x11                        inst_110+36
x12 <- 0xAAAAAAAAAAAAAAC0

clint mtime 0x0000000000000171 (mip.MTI <- 0b1, mip.STI <- 0b0)
mem[X,0x0000000080000B84] -> 0x3423
mem[X,0x0000000080000B86] -> 0x2EC1
[738] [M]: 0x0000000080000B84 (0x2EC13423) sd x12, 0x2e8(x2)                        inst_110+40
mem[W,0x0000000080004488] <- 0xAAAAAAAAAAAAAAC0

mem[X,0x0000000080000B88] -> 0x0513
mem[X,0x0000000080000B8A] -> 0x0060
[739] [M]: 0x0000000080000B88 (0x00600513) addi x10, x0, 0x6                        inst_111+0
x10 <- 0x0000000000000006

clint mtime 0x0000000000000172 (mip.MTI <- 0b1, mip.STI <- 0b0)
mem[X,0x0000000080000B8C] -> 0x0593
mem[X,0x0000000080000B8E] -> 0x03B0
[740] [M]: 0x0000000080000B8C (0x03B00593) addi x11, x0, 0x3b                       inst_111+4
x11 <- 0x000000000000003B

mem[X,0x0000000080000B90] -> 0x1633
mem[X,0x0000000080000B92] -> 0x00B5
[741] [M]: 0x0000000080000B90 (0x00B51633) sll x12, x10, x11                        inst_111+8
x12 <- 0x3000000000000000

clint mtime 0x0000000000000173 (mip.MTI <- 0b1, mip.STI <- 0b0)
mem[X,0x0000000080000B94] -> 0x3823
mem[X,0x0000000080000B96] -> 0x2EC1
[742] [M]: 0x0000000080000B94 (0x2EC13823) sd x12, 0x2f0(x2)                        inst_111+12
mem[W,0x0000000080004490] <- 0x3000000000000000

mem[X,0x0000000080000B98] -> 0x3537
mem[X,0x0000000080000B9A] -> 0x3333
[743] [M]: 0x0000000080000B98 (0x33333537) lui x10, 0x33333                         inst_112+0
x10 <- 0x0000000033333000

clint mtime 0x0000000000000174 (mip.MTI <- 0b1, mip.STI <- 0b0)
mem[X,0x0000000080000B9C] -> 0x0513
mem[X,0x0000000080000B9E] -> 0x3335
[744] [M]: 0x0000000080000B9C (0x33350513) addi x10, x10, 0x333                     inst_112+4
x10 <- 0x0000000033333333

mem[X,0x0000000080000BA0] -> 0x1513
mem[X,0x0000000080000BA2] -> 0x00B5
[745] [M]: 0x0000000080000BA0 (0x00B51513) slli x10, x10, 0xb                       inst_112+8
x10 <- 0x0000019999999800

clint mtime 0x0000000000000175 (mip.MTI <- 0b1, mip.STI <- 0b0)
mem[X,0x0000000080000BA4] -> 0x0513
mem[X,0x0000000080000BA6] -> 0x1995
[746] [M]: 0x0000000080000BA4 (0x19950513) addi x10, x10, 0x199                     inst_112+12
x10 <- 0x0000019999999999

mem[X,0x0000000080000BA8] -> 0x1513
mem[X,0x0000000080000BAA] -> 0x00B5
[747] [M]: 0x0000000080000BA8 (0x00B51513) slli x10, x10, 0xb                       inst_112+16
x10 <- 0x000CCCCCCCCCC800

clint mtime 0x0000000000000176 (mip.MTI <- 0b1, mip.STI <- 0b0)
mem[X,0x0000000080000BAC] -> 0x0513
mem[X,0x0000000080000BAE] -> 0x4CC5
[748] [M]: 0x0000000080000BAC (0x4CC50513) addi x10, x10, 0x4cc                     inst_112+20
x10 <- 0x000CCCCCCCCCCCCC

mem[X,0x0000000080000BB0] -> 0x1513
mem[X,0x0000000080000BB2] -> 0x00A5
[749] [M]: 0x0000000080000BB0 (0x00A51513) slli x10, x10, 0xa                       inst_112+24
x10 <- 0x3333333333333000

clint mtime 0x0000000000000177 (mip.MTI <- 0b1, mip.STI <- 0b0)
mem[X,0x0000000080000BB4] -> 0x0513
mem[X,0x0000000080000BB6] -> 0x3345
[750] [M]: 0x0000000080000BB4 (0x33450513) addi x10, x10, 0x334                     inst_112+28
x10 <- 0x3333333333333334

mem[X,0x0000000080000BB8] -> 0x0593
mem[X,0x0000000080000BBA] -> 0x0100
[751] [M]: 0x0000000080000BB8 (0x01000593) addi x11, x0, 0x10                       inst_112+32
x11 <- 0x0000000000000010

clint mtime 0x0000000000000178 (mip.MTI <- 0b1, mip.STI <- 0b0)
mem[X,0x0000000080000BBC] -> 0x1633
mem[X,0x0000000080000BBE] -> 0x00B5
[752] [M]: 0x0000000080000BBC (0x00B51633) sll x12, x10, x11                        inst_112+36
x12 <- 0x3333333333340000

mem[X,0x0000000080000BC0] -> 0x3C23
mem[X,0x0000000080000BC2] -> 0x2EC1
[753] [M]: 0x0000000080000BC0 (0x2EC13C23) sd x12, 0x2f8(x2)                        inst_112+40
mem[W,0x0000000080004498] <- 0x3333333333340000

clint mtime 0x0000000000000179 (mip.MTI <- 0b1, mip.STI <- 0b0)
mem[X,0x0000000080000BC4] -> 0x6537
mem[X,0x0000000080000BC6] -> 0x6666
[754] [M]: 0x0000000080000BC4 (0x66666537) lui x10, 0x66666                         inst_113+0
x10 <- 0x0000000066666000

mem[X,0x0000000080000BC8] -> 0x0513
mem[X,0x0000000080000BCA] -> 0x6665
[755] [M]: 0x0000000080000BC8 (0x66650513) addi x10, x10, 0x666                     inst_113+4
x10 <- 0x0000000066666666

clint mtime 0x000000000000017A (mip.MTI <- 0b1, mip.STI <- 0b0)
mem[X,0x0000000080000BCC] -> 0x1513
mem[X,0x0000000080000BCE] -> 0x00B5
[756] [M]: 0x0000000080000BCC (0x00B51513) slli x10, x10, 0xb                       inst_113+8
x10 <- 0x0000033333333000

mem[X,0x0000000080000BD0] -> 0x0513
mem[X,0x0000000080000BD2] -> 0x3335
[757] [M]: 0x0000000080000BD0 (0x33350513) addi x10, x10, 0x333                     inst_113+12
x10 <- 0x0000033333333333

clint mtime 0x000000000000017B (mip.MTI <- 0b1, mip.STI <- 0b0)
mem[X,0x0000000080000BD4] -> 0x1513
mem[X,0x0000000080000BD6] -> 0x00B5
[758] [M]: 0x0000000080000BD4 (0x00B51513) slli x10, x10, 0xb                       inst_113+16
x10 <- 0x0019999999999800

mem[X,0x0000000080000BD8] -> 0x0513
mem[X,0x0000000080000BDA] -> 0x1995
[759] [M]: 0x0000000080000BD8 (0x19950513) addi x10, x10, 0x199                     inst_113+20
x10 <- 0x0019999999999999

clint mtime 0x000000000000017C (mip.MTI <- 0b1, mip.STI <- 0b0)
mem[X,0x0000000080000BDC] -> 0x1513
mem[X,0x0000000080000BDE] -> 0x00A5
[760] [M]: 0x0000000080000BDC (0x00A51513) slli x10, x10, 0xa                       inst_113+24
x10 <- 0x6666666666666400

mem[X,0x0000000080000BE0] -> 0x0513
mem[X,0x0000000080000BE2] -> 0x2675
[761] [M]: 0x0000000080000BE0 (0x26750513) addi x10, x10, 0x267                     inst_113+28
x10 <- 0x6666666666666667

clint mtime 0x000000000000017D (mip.MTI <- 0b1, mip.STI <- 0b0)
mem[X,0x0000000080000BE4] -> 0x0593
mem[X,0x0000000080000BE6] -> 0x02A0
[762] [M]: 0x0000000080000BE4 (0x02A00593) addi x11, x0, 0x2a                       inst_113+32
x11 <- 0x000000000000002A

mem[X,0x0000000080000BE8] -> 0x1633
mem[X,0x0000000080000BEA] -> 0x00B5
[763] [M]: 0x0000000080000BE8 (0x00B51633) sll x12, x10, x11                        inst_113+36
x12 <- 0x99999C0000000000

clint mtime 0x000000000000017E (mip.MTI <- 0b1, mip.STI <- 0b0)
mem[X,0x0000000080000BEC] -> 0x3023
mem[X,0x0000000080000BEE] -> 0x30C1
[764] [M]: 0x0000000080000BEC (0x30C13023) sd x12, 0x300(x2)                        inst_113+40
mem[W,0x00000000800044A0] <- 0x99999C0000000000

mem[X,0x0000000080000BF0] -> 0x0537
mem[X,0x0000000080000BF2] -> 0x0000
[765] [M]: 0x0000000080000BF0 (0x00000537) lui x10, 0x0                             inst_114+0
x10 <- 0x0000000000000000

clint mtime 0x000000000000017F (mip.MTI <- 0b1, mip.STI <- 0b0)
mem[X,0x0000000080000BF4] -> 0x0513
mem[X,0x0000000080000BF6] -> 0xFFF5
[766] [M]: 0x0000000080000BF4 (0xFFF50513) addi x10, x10, -0x1                      inst_114+4
x10 <- 0xFFFFFFFFFFFFFFFF

mem[X,0x0000000080000BF8] -> 0x1513
mem[X,0x0000000080000BFA] -> 0x00B5
[767] [M]: 0x0000000080000BF8 (0x00B51513) slli x10, x10, 0xb                       inst_114+8
x10 <- 0xFFFFFFFFFFFFF800

clint mtime 0x0000000000000180 (mip.MTI <- 0b1, mip.STI <- 0b0)
mem[X,0x0000000080000BFC] -> 0x0513
mem[X,0x0000000080000BFE] -> 0x2575
[768] [M]: 0x0000000080000BFC (0x25750513) addi x10, x10, 0x257                     inst_114+12
x10 <- 0xFFFFFFFFFFFFFA57

mem[X,0x0000000080000C00] -> 0x1513
mem[X,0x0000000080000C02] -> 0x00B5
[769] [M]: 0x0000000080000C00 (0x00B51513) slli x10, x10, 0xb                       inst_114+16
x10 <- 0xFFFFFFFFFFD2B800

clint mtime 0x0000000000000181 (mip.MTI <- 0b1, mip.STI <- 0b0)
mem[X,0x0000000080000C04] -> 0x0513
mem[X,0x0000000080000C06] -> 0x6C35
[770] [M]: 0x0000000080000C04 (0x6C350513) addi x10, x10, 0x6c3                     inst_114+20
x10 <- 0xFFFFFFFFFFD2BEC3

mem[X,0x0000000080000C08] -> 0x1513
mem[X,0x0000000080000C0A] -> 0x00A5
[771] [M]: 0x0000000080000C08 (0x00A51513) slli x10, x10, 0xa                       inst_114+24
x10 <- 0xFFFFFFFF4AFB0C00

clint mtime 0x0000000000000182 (mip.MTI <- 0b1, mip.STI <- 0b0)
mem[X,0x0000000080000C0C] -> 0x0513
mem[X,0x0000000080000C0E] -> 0x0CE5
[772] [M]: 0x0000000080000C0C (0x0CE50513) addi x10, x10, 0xce                      inst_114+28
x10 <- 0xFFFFFFFF4AFB0CCE

mem[X,0x0000000080000C10] -> 0x0593
mem[X,0x0000000080000C12] -> 0x02F0
[773] [M]: 0x0000000080000C10 (0x02F00593) addi x11, x0, 0x2f                       inst_114+32
x11 <- 0x000000000000002F

clint mtime 0x0000000000000183 (mip.MTI <- 0b1, mip.STI <- 0b0)
mem[X,0x0000000080000C14] -> 0x1633
mem[X,0x0000000080000C16] -> 0x00B5
[774] [M]: 0x0000000080000C14 (0x00B51633) sll x12, x10, x11                        inst_114+36
x12 <- 0x8667000000000000

mem[X,0x0000000080000C18] -> 0x3423
mem[X,0x0000000080000C1A] -> 0x30C1
[775] [M]: 0x0000000080000C18 (0x30C13423) sd x12, 0x308(x2)                        inst_114+40
mem[W,0x00000000800044A8] <- 0x8667000000000000

clint mtime 0x0000000000000184 (mip.MTI <- 0b1, mip.STI <- 0b0)
mem[X,0x0000000080000C1C] -> 0x0537
mem[X,0x0000000080000C1E] -> 0x0000
[776] [M]: 0x0000000080000C1C (0x00000537) lui x10, 0x0                             inst_115+0
x10 <- 0x0000000000000000

mem[X,0x0000000080000C20] -> 0x0513
mem[X,0x0000000080000C22] -> 0x0005
[777] [M]: 0x0000000080000C20 (0x00050513) addi x10, x10, 0x0                       inst_115+4
x10 <- 0x0000000000000000

clint mtime 0x0000000000000185 (mip.MTI <- 0b1, mip.STI <- 0b0)
mem[X,0x0000000080000C24] -> 0x1513
mem[X,0x0000000080000C26] -> 0x00B5
[778] [M]: 0x0000000080000C24 (0x00B51513) slli x10, x10, 0xb                       inst_115+8
x10 <- 0x0000000000000000

mem[X,0x0000000080000C28] -> 0x0513
mem[X,0x0000000080000C2A] -> 0x5A85
[779] [M]: 0x0000000080000C28 (0x5A850513) addi x10, x10, 0x5a8                     inst_115+12
x10 <- 0x00000000000005A8

clint mtime 0x0000000000000186 (mip.MTI <- 0b1, mip.STI <- 0b0)
mem[X,0x0000000080000C2C] -> 0x1513
mem[X,0x0000000080000C2E] -> 0x00B5
[780] [M]: 0x0000000080000C2C (0x00B51513) slli x10, x10, 0xb                       inst_115+16
x10 <- 0x00000000002D4000

mem[X,0x0000000080000C30] -> 0x0513
mem[X,0x0000000080000C32] -> 0x13C5
[781] [M]: 0x0000000080000C30 (0x13C50513) addi x10, x10, 0x13c                     inst_115+20
x10 <- 0x00000000002D413C

clint mtime 0x0000000000000187 (mip.MTI <- 0b1, mip.STI <- 0b0)
mem[X,0x0000000080000C34] -> 0x1513
mem[X,0x0000000080000C36] -> 0x00A5
[782] [M]: 0x0000000080000C34 (0x00A51513) slli x10, x10, 0xa                       inst_115+24
x10 <- 0x00000000B504F000

mem[X,0x0000000080000C38] -> 0x0513
mem[X,0x0000000080000C3A] -> 0x3345
[783] [M]: 0x0000000080000C38 (0x33450513) addi x10, x10, 0x334                     inst_115+28
x10 <- 0x00000000B504F334

clint mtime 0x0000000000000188 (mip.MTI <- 0b1, mip.STI <- 0b0)
mem[X,0x0000000080000C3C] -> 0x0593
mem[X,0x0000000080000C3E] -> 0x0070
[784] [M]: 0x0000000080000C3C (0x00700593) addi x11, x0, 0x7                        inst_115+32
x11 <- 0x0000000000000007

mem[X,0x0000000080000C40] -> 0x1633
mem[X,0x0000000080000C42] -> 0x00B5
[785] [M]: 0x0000000080000C40 (0x00B51633) sll x12, x10, x11                        inst_115+36
x12 <- 0x0000005A82799A00

clint mtime 0x0000000000000189 (mip.MTI <- 0b1, mip.STI <- 0b0)
mem[X,0x0000000080000C44] -> 0x3823
mem[X,0x0000000080000C46] -> 0x30C1
[786] [M]: 0x0000000080000C44 (0x30C13823) sd x12, 0x310(x2)                        inst_115+40
mem[W,0x00000000800044B0] <- 0x0000005A82799A00

mem[X,0x0000000080000C48] -> 0x0513
mem[X,0x0000000080000C4A] -> 0x0010
[787] [M]: 0x0000000080000C48 (0x00100513) addi x10, x0, 0x1                        inst_116+0
x10 <- 0x0000000000000001

clint mtime 0x000000000000018A (mip.MTI <- 0b1, mip.STI <- 0b0)
mem[X,0x0000000080000C4C] -> 0x1513
mem[X,0x0000000080000C4E] -> 0x0155
[788] [M]: 0x0000000080000C4C (0x01551513) slli x10, x10, 0x15                      inst_116+4
x10 <- 0x0000000000200000

mem[X,0x0000000080000C50] -> 0x4513
mem[X,0x0000000080000C52] -> 0xFFF5
[789] [M]: 0x0000000080000C50 (0xFFF54513) xori x10, x10, -0x1                      inst_116+8
x10 <- 0xFFFFFFFFFFDFFFFF

clint mtime 0x000000000000018B (mip.MTI <- 0b1, mip.STI <- 0b0)
mem[X,0x0000000080000C54] -> 0x0593
mem[X,0x0000000080000C56] -> 0x0070
[790] [M]: 0x0000000080000C54 (0x00700593) addi x11, x0, 0x7                        inst_116+12
x11 <- 0x0000000000000007

mem[X,0x0000000080000C58] -> 0x1633
mem[X,0x0000000080000C5A] -> 0x00B5
[791] [M]: 0x0000000080000C58 (0x00B51633) sll x12, x10, x11                        inst_116+16
x12 <- 0xFFFFFFFFEFFFFF80

clint mtime 0x000000000000018C (mip.MTI <- 0b1, mip.STI <- 0b0)
mem[X,0x0000000080000C5C] -> 0x3C23
mem[X,0x0000000080000C5E] -> 0x30C1
[792] [M]: 0x0000000080000C5C (0x30C13C23) sd x12, 0x318(x2)                        inst_116+20
mem[W,0x00000000800044B8] <- 0xFFFFFFFFEFFFFF80

mem[X,0x0000000080000C60] -> 0x0513
mem[X,0x0000000080000C62] -> 0x0010
[793] [M]: 0x0000000080000C60 (0x00100513) addi x10, x0, 0x1                        inst_117+0
x10 <- 0x0000000000000001

clint mtime 0x000000000000018D (mip.MTI <- 0b1, mip.STI <- 0b0)
mem[X,0x0000000080000C64] -> 0x1513
mem[X,0x0000000080000C66] -> 0x0165
[794] [M]: 0x0000000080000C64 (0x01651513) slli x10, x10, 0x16                      inst_117+4
x10 <- 0x0000000000400000

mem[X,0x0000000080000C68] -> 0x4513
mem[X,0x0000000080000C6A] -> 0xFFF5
[795] [M]: 0x0000000080000C68 (0xFFF54513) xori x10, x10, -0x1                      inst_117+8
x10 <- 0xFFFFFFFFFFBFFFFF

clint mtime 0x000000000000018E (mip.MTI <- 0b1, mip.STI <- 0b0)
mem[X,0x0000000080000C6C] -> 0x0593
mem[X,0x0000000080000C6E] -> 0x00B0
[796] [M]: 0x0000000080000C6C (0x00B00593) addi x11, x0, 0xb                        inst_117+12
x11 <- 0x000000000000000B

mem[X,0x0000000080000C70] -> 0x1633
mem[X,0x0000000080000C72] -> 0x00B5
[797] [M]: 0x0000000080000C70 (0x00B51633) sll x12, x10, x11                        inst_117+16
x12 <- 0xFFFFFFFDFFFFF800

clint mtime 0x000000000000018F (mip.MTI <- 0b1, mip.STI <- 0b0)
mem[X,0x0000000080000C74] -> 0x3023
mem[X,0x0000000080000C76] -> 0x32C1
[798] [M]: 0x0000000080000C74 (0x32C13023) sd x12, 0x320(x2)                        inst_117+20
mem[W,0x00000000800044C0] <- 0xFFFFFFFDFFFFF800

mem[X,0x0000000080000C78] -> 0x0513
mem[X,0x0000000080000C7A] -> 0x0010
[799] [M]: 0x0000000080000C78 (0x00100513) addi x10, x0, 0x1                        inst_118+0
x10 <- 0x0000000000000001

clint mtime 0x0000000000000190 (mip.MTI <- 0b1, mip.STI <- 0b0)
mem[X,0x0000000080000C7C] -> 0x1513
mem[X,0x0000000080000C7E] -> 0x0175
[800] [M]: 0x0000000080000C7C (0x01751513) slli x10, x10, 0x17                      inst_118+4
x10 <- 0x0000000000800000

mem[X,0x0000000080000C80] -> 0x4513
mem[X,0x0000000080000C82] -> 0xFFF5
[801] [M]: 0x0000000080000C80 (0xFFF54513) xori x10, x10, -0x1                      inst_118+8
x10 <- 0xFFFFFFFFFF7FFFFF

clint mtime 0x0000000000000191 (mip.MTI <- 0b1, mip.STI <- 0b0)
mem[X,0x0000000080000C84] -> 0x0593
mem[X,0x0000000080000C86] -> 0x02F0
[802] [M]: 0x0000000080000C84 (0x02F00593) addi x11, x0, 0x2f                       inst_118+12
x11 <- 0x000000000000002F

mem[X,0x0000000080000C88] -> 0x1633
mem[X,0x0000000080000C8A] -> 0x00B5
[803] [M]: 0x0000000080000C88 (0x00B51633) sll x12, x10, x11                        inst_118+16
x12 <- 0xFFFF800000000000

clint mtime 0x0000000000000192 (mip.MTI <- 0b1, mip.STI <- 0b0)
mem[X,0x0000000080000C8C] -> 0x3423
mem[X,0x0000000080000C8E] -> 0x32C1
[804] [M]: 0x0000000080000C8C (0x32C13423) sd x12, 0x328(x2)                        inst_118+20
mem[W,0x00000000800044C8] <- 0xFFFF800000000000

mem[X,0x0000000080000C90] -> 0x0513
mem[X,0x0000000080000C92] -> 0x0010
[805] [M]: 0x0000000080000C90 (0x00100513) addi x10, x0, 0x1                        inst_119+0
x10 <- 0x0000000000000001

clint mtime 0x0000000000000193 (mip.MTI <- 0b1, mip.STI <- 0b0)
mem[X,0x0000000080000C94] -> 0x1513
mem[X,0x0000000080000C96] -> 0x0185
[806] [M]: 0x0000000080000C94 (0x01851513) slli x10, x10, 0x18                      inst_119+4
x10 <- 0x0000000001000000

mem[X,0x0000000080000C98] -> 0x4513
mem[X,0x0000000080000C9A] -> 0xFFF5
[807] [M]: 0x0000000080000C98 (0xFFF54513) xori x10, x10, -0x1                      inst_119+8
x10 <- 0xFFFFFFFFFEFFFFFF

clint mtime 0x0000000000000194 (mip.MTI <- 0b1, mip.STI <- 0b0)
mem[X,0x0000000080000C9C] -> 0x0593
mem[X,0x0000000080000C9E] -> 0x0110
[808] [M]: 0x0000000080000C9C (0x01100593) addi x11, x0, 0x11                       inst_119+12
x11 <- 0x0000000000000011

mem[X,0x0000000080000CA0] -> 0x1633
mem[X,0x0000000080000CA2] -> 0x00B5
[809] [M]: 0x0000000080000CA0 (0x00B51633) sll x12, x10, x11                        inst_119+16
x12 <- 0xFFFFFDFFFFFE0000

clint mtime 0x0000000000000195 (mip.MTI <- 0b1, mip.STI <- 0b0)
mem[X,0x0000000080000CA4] -> 0x3823
mem[X,0x0000000080000CA6] -> 0x32C1
[810] [M]: 0x0000000080000CA4 (0x32C13823) sd x12, 0x330(x2)                        inst_119+20
mem[W,0x00000000800044D0] <- 0xFFFFFDFFFFFE0000

mem[X,0x0000000080000CA8] -> 0x0513
mem[X,0x0000000080000CAA] -> 0x0010
[811] [M]: 0x0000000080000CA8 (0x00100513) addi x10, x0, 0x1                        inst_120+0
x10 <- 0x0000000000000001

clint mtime 0x0000000000000196 (mip.MTI <- 0b1, mip.STI <- 0b0)
mem[X,0x0000000080000CAC] -> 0x1513
mem[X,0x0000000080000CAE] -> 0x0195
[812] [M]: 0x0000000080000CAC (0x01951513) slli x10, x10, 0x19                      inst_120+4
x10 <- 0x0000000002000000

mem[X,0x0000000080000CB0] -> 0x4513
mem[X,0x0000000080000CB2] -> 0xFFF5
[813] [M]: 0x0000000080000CB0 (0xFFF54513) xori x10, x10, -0x1                      inst_120+8
x10 <- 0xFFFFFFFFFDFFFFFF

clint mtime 0x0000000000000197 (mip.MTI <- 0b1, mip.STI <- 0b0)
mem[X,0x0000000080000CB4] -> 0x0593
mem[X,0x0000000080000CB6] -> 0x0000
[814] [M]: 0x0000000080000CB4 (0x00000593) addi x11, x0, 0x0                        inst_120+12
x11 <- 0x0000000000000000

mem[X,0x0000000080000CB8] -> 0x1633
mem[X,0x0000000080000CBA] -> 0x00B5
[815] [M]: 0x0000000080000CB8 (0x00B51633) sll x12, x10, x11                        inst_120+16
x12 <- 0xFFFFFFFFFDFFFFFF

clint mtime 0x0000000000000198 (mip.MTI <- 0b1, mip.STI <- 0b0)
mem[X,0x0000000080000CBC] -> 0x3C23
mem[X,0x0000000080000CBE] -> 0x32C1
[816] [M]: 0x0000000080000CBC (0x32C13C23) sd x12, 0x338(x2)                        inst_120+20
mem[W,0x00000000800044D8] <- 0xFFFFFFFFFDFFFFFF

mem[X,0x0000000080000CC0] -> 0x0513
mem[X,0x0000000080000CC2] -> 0x0010
[817] [M]: 0x0000000080000CC0 (0x00100513) addi x10, x0, 0x1                        inst_121+0
x10 <- 0x0000000000000001

clint mtime 0x0000000000000199 (mip.MTI <- 0b1, mip.STI <- 0b0)
mem[X,0x0000000080000CC4] -> 0x1513
mem[X,0x0000000080000CC6] -> 0x01A5
[818] [M]: 0x0000000080000CC4 (0x01A51513) slli x10, x10, 0x1a                      inst_121+4
x10 <- 0x0000000004000000

mem[X,0x0000000080000CC8] -> 0x4513
mem[X,0x0000000080000CCA] -> 0xFFF5
[819] [M]: 0x0000000080000CC8 (0xFFF54513) xori x10, x10, -0x1                      inst_121+8
x10 <- 0xFFFFFFFFFBFFFFFF

clint mtime 0x000000000000019A (mip.MTI <- 0b1, mip.STI <- 0b0)
mem[X,0x0000000080000CCC] -> 0x0593
mem[X,0x0000000080000CCE] -> 0x0370
[820] [M]: 0x0000000080000CCC (0x03700593) addi x11, x0, 0x37                       inst_121+12
x11 <- 0x0000000000000037

mem[X,0x0000000080000CD0] -> 0x1633
mem[X,0x0000000080000CD2] -> 0x00B5
[821] [M]: 0x0000000080000CD0 (0x00B51633) sll x12, x10, x11                        inst_121+16
x12 <- 0xFF80000000000000

clint mtime 0x000000000000019B (mip.MTI <- 0b1, mip.STI <- 0b0)
mem[X,0x0000000080000CD4] -> 0x3023
mem[X,0x0000000080000CD6] -> 0x34C1
[822] [M]: 0x0000000080000CD4 (0x34C13023) sd x12, 0x340(x2)                        inst_121+20
mem[W,0x00000000800044E0] <- 0xFF80000000000000

mem[X,0x0000000080000CD8] -> 0x0513
mem[X,0x0000000080000CDA] -> 0x0010
[823] [M]: 0x0000000080000CD8 (0x00100513) addi x10, x0, 0x1                        inst_122+0
x10 <- 0x0000000000000001

clint mtime 0x000000000000019C (mip.MTI <- 0b1, mip.STI <- 0b0)
mem[X,0x0000000080000CDC] -> 0x1513
mem[X,0x0000000080000CDE] -> 0x01B5
[824] [M]: 0x0000000080000CDC (0x01B51513) slli x10, x10, 0x1b                      inst_122+4
x10 <- 0x0000000008000000

mem[X,0x0000000080000CE0] -> 0x4513
mem[X,0x0000000080000CE2] -> 0xFFF5
[825] [M]: 0x0000000080000CE0 (0xFFF54513) xori x10, x10, -0x1                      inst_122+8
x10 <- 0xFFFFFFFFF7FFFFFF

clint mtime 0x000000000000019D (mip.MTI <- 0b1, mip.STI <- 0b0)
mem[X,0x0000000080000CE4] -> 0x0593
mem[X,0x0000000080000CE6] -> 0x0020
[826] [M]: 0x0000000080000CE4 (0x00200593) addi x11, x0, 0x2                        inst_122+12
x11 <- 0x0000000000000002

mem[X,0x0000000080000CE8] -> 0x1633
mem[X,0x0000000080000CEA] -> 0x00B5
[827] [M]: 0x0000000080000CE8 (0x00B51633) sll x12, x10, x11                        inst_122+16
x12 <- 0xFFFFFFFFDFFFFFFC

clint mtime 0x000000000000019E (mip.MTI <- 0b1, mip.STI <- 0b0)
mem[X,0x0000000080000CEC] -> 0x3423
mem[X,0x0000000080000CEE] -> 0x34C1
[828] [M]: 0x0000000080000CEC (0x34C13423) sd x12, 0x348(x2)                        inst_122+20
mem[W,0x00000000800044E8] <- 0xFFFFFFFFDFFFFFFC

mem[X,0x0000000080000CF0] -> 0x0513
mem[X,0x0000000080000CF2] -> 0x0010
[829] [M]: 0x0000000080000CF0 (0x00100513) addi x10, x0, 0x1                        inst_123+0
x10 <- 0x0000000000000001

clint mtime 0x000000000000019F (mip.MTI <- 0b1, mip.STI <- 0b0)
mem[X,0x0000000080000CF4] -> 0x1513
mem[X,0x0000000080000CF6] -> 0x01C5
[830] [M]: 0x0000000080000CF4 (0x01C51513) slli x10, x10, 0x1c                      inst_123+4
x10 <- 0x0000000010000000

mem[X,0x0000000080000CF8] -> 0x4513
mem[X,0x0000000080000CFA] -> 0xFFF5
[831] [M]: 0x0000000080000CF8 (0xFFF54513) xori x10, x10, -0x1                      inst_123+8
x10 <- 0xFFFFFFFFEFFFFFFF

clint mtime 0x00000000000001A0 (mip.MTI <- 0b1, mip.STI <- 0b0)
mem[X,0x0000000080000CFC] -> 0x0593
mem[X,0x0000000080000CFE] -> 0x01F0
[832] [M]: 0x0000000080000CFC (0x01F00593) addi x11, x0, 0x1f                       inst_123+12
x11 <- 0x000000000000001F

mem[X,0x0000000080000D00] -> 0x1633
mem[X,0x0000000080000D02] -> 0x00B5
[833] [M]: 0x0000000080000D00 (0x00B51633) sll x12, x10, x11                        inst_123+16
x12 <- 0xF7FFFFFF80000000

clint mtime 0x00000000000001A1 (mip.MTI <- 0b1, mip.STI <- 0b0)
mem[X,0x0000000080000D04] -> 0x3823
mem[X,0x0000000080000D06] -> 0x34C1
[834] [M]: 0x0000000080000D04 (0x34C13823) sd x12, 0x350(x2)                        inst_123+20
mem[W,0x00000000800044F0] <- 0xF7FFFFFF80000000

mem[X,0x0000000080000D08] -> 0x0513
mem[X,0x0000000080000D0A] -> 0x0010
[835] [M]: 0x0000000080000D08 (0x00100513) addi x10, x0, 0x1                        inst_124+0
x10 <- 0x0000000000000001

clint mtime 0x00000000000001A2 (mip.MTI <- 0b1, mip.STI <- 0b0)
mem[X,0x0000000080000D0C] -> 0x1513
mem[X,0x0000000080000D0E] -> 0x01D5
[836] [M]: 0x0000000080000D0C (0x01D51513) slli x10, x10, 0x1d                      inst_124+4
x10 <- 0x0000000020000000

mem[X,0x0000000080000D10] -> 0x4513
mem[X,0x0000000080000D12] -> 0xFFF5
[837] [M]: 0x0000000080000D10 (0xFFF54513) xori x10, x10, -0x1                      inst_124+8
x10 <- 0xFFFFFFFFDFFFFFFF

clint mtime 0x00000000000001A3 (mip.MTI <- 0b1, mip.STI <- 0b0)
mem[X,0x0000000080000D14] -> 0x0593
mem[X,0x0000000080000D16] -> 0x0030
[838] [M]: 0x0000000080000D14 (0x00300593) addi x11, x0, 0x3                        inst_124+12
x11 <- 0x0000000000000003

mem[X,0x0000000080000D18] -> 0x1633
mem[X,0x0000000080000D1A] -> 0x00B5
[839] [M]: 0x0000000080000D18 (0x00B51633) sll x12, x10, x11                        inst_124+16
x12 <- 0xFFFFFFFEFFFFFFF8

clint mtime 0x00000000000001A4 (mip.MTI <- 0b1, mip.STI <- 0b0)
mem[X,0x0000000080000D1C] -> 0x3C23
mem[X,0x0000000080000D1E] -> 0x34C1
[840] [M]: 0x0000000080000D1C (0x34C13C23) sd x12, 0x358(x2)                        inst_124+20
mem[W,0x00000000800044F8] <- 0xFFFFFFFEFFFFFFF8

mem[X,0x0000000080000D20] -> 0x0513
mem[X,0x0000000080000D22] -> 0x0010
[841] [M]: 0x0000000080000D20 (0x00100513) addi x10, x0, 0x1                        inst_125+0
x10 <- 0x0000000000000001

clint mtime 0x00000000000001A5 (mip.MTI <- 0b1, mip.STI <- 0b0)
mem[X,0x0000000080000D24] -> 0x1513
mem[X,0x0000000080000D26] -> 0x01E5
[842] [M]: 0x0000000080000D24 (0x01E51513) slli x10, x10, 0x1e                      inst_125+4
x10 <- 0x0000000040000000

mem[X,0x0000000080000D28] -> 0x4513
mem[X,0x0000000080000D2A] -> 0xFFF5
[843] [M]: 0x0000000080000D28 (0xFFF54513) xori x10, x10, -0x1                      inst_125+8
x10 <- 0xFFFFFFFFBFFFFFFF

clint mtime 0x00000000000001A6 (mip.MTI <- 0b1, mip.STI <- 0b0)
mem[X,0x0000000080000D2C] -> 0x0593
mem[X,0x0000000080000D2E] -> 0x03F0
[844] [M]: 0x0000000080000D2C (0x03F00593) addi x11, x0, 0x3f                       inst_125+12
x11 <- 0x000000000000003F

mem[X,0x0000000080000D30] -> 0x1633
mem[X,0x0000000080000D32] -> 0x00B5
[845] [M]: 0x0000000080000D30 (0x00B51633) sll x12, x10, x11                        inst_125+16
x12 <- 0x8000000000000000

clint mtime 0x00000000000001A7 (mip.MTI <- 0b1, mip.STI <- 0b0)
mem[X,0x0000000080000D34] -> 0x3023
mem[X,0x0000000080000D36] -> 0x36C1
[846] [M]: 0x0000000080000D34 (0x36C13023) sd x12, 0x360(x2)                        inst_125+20
mem[W,0x0000000080004500] <- 0x8000000000000000

mem[X,0x0000000080000D38] -> 0x0513
mem[X,0x0000000080000D3A] -> 0x0010
[847] [M]: 0x0000000080000D38 (0x00100513) addi x10, x0, 0x1                        inst_126+0
x10 <- 0x0000000000000001

clint mtime 0x00000000000001A8 (mip.MTI <- 0b1, mip.STI <- 0b0)
mem[X,0x0000000080000D3C] -> 0x1513
mem[X,0x0000000080000D3E] -> 0x01F5
[848] [M]: 0x0000000080000D3C (0x01F51513) slli x10, x10, 0x1f                      inst_126+4
x10 <- 0x0000000080000000

mem[X,0x0000000080000D40] -> 0x4513
mem[X,0x0000000080000D42] -> 0xFFF5
[849] [M]: 0x0000000080000D40 (0xFFF54513) xori x10, x10, -0x1                      inst_126+8
x10 <- 0xFFFFFFFF7FFFFFFF

clint mtime 0x00000000000001A9 (mip.MTI <- 0b1, mip.STI <- 0b0)
mem[X,0x0000000080000D44] -> 0x0593
mem[X,0x0000000080000D46] -> 0x0060
[850] [M]: 0x0000000080000D44 (0x00600593) addi x11, x0, 0x6                        inst_126+12
x11 <- 0x0000000000000006

mem[X,0x0000000080000D48] -> 0x1633
mem[X,0x0000000080000D4A] -> 0x00B5
[851] [M]: 0x0000000080000D48 (0x00B51633) sll x12, x10, x11                        inst_126+16
x12 <- 0xFFFFFFDFFFFFFFC0

clint mtime 0x00000000000001AA (mip.MTI <- 0b1, mip.STI <- 0b0)
mem[X,0x0000000080000D4C] -> 0x3423
mem[X,0x0000000080000D4E] -> 0x36C1
[852] [M]: 0x0000000080000D4C (0x36C13423) sd x12, 0x368(x2)                        inst_126+20
mem[W,0x0000000080004508] <- 0xFFFFFFDFFFFFFFC0

mem[X,0x0000000080000D50] -> 0x0513
mem[X,0x0000000080000D52] -> 0x0010
[853] [M]: 0x0000000080000D50 (0x00100513) addi x10, x0, 0x1                        inst_127+0
x10 <- 0x0000000000000001

clint mtime 0x00000000000001AB (mip.MTI <- 0b1, mip.STI <- 0b0)
mem[X,0x0000000080000D54] -> 0x1513
mem[X,0x0000000080000D56] -> 0x0205
[854] [M]: 0x0000000080000D54 (0x02051513) slli x10, x10, 0x20                      inst_127+4
x10 <- 0x0000000100000000

mem[X,0x0000000080000D58] -> 0x4513
mem[X,0x0000000080000D5A] -> 0xFFF5
[855] [M]: 0x0000000080000D58 (0xFFF54513) xori x10, x10, -0x1                      inst_127+8
x10 <- 0xFFFFFFFEFFFFFFFF

clint mtime 0x00000000000001AC (mip.MTI <- 0b1, mip.STI <- 0b0)
mem[X,0x0000000080000D5C] -> 0x0593
mem[X,0x0000000080000D5E] -> 0x03E0
[856] [M]: 0x0000000080000D5C (0x03E00593) addi x11, x0, 0x3e                       inst_127+12
x11 <- 0x000000000000003E

mem[X,0x0000000080000D60] -> 0x1633
mem[X,0x0000000080000D62] -> 0x00B5
[857] [M]: 0x0000000080000D60 (0x00B51633) sll x12, x10, x11                        inst_127+16
x12 <- 0xC000000000000000

clint mtime 0x00000000000001AD (mip.MTI <- 0b1, mip.STI <- 0b0)
mem[X,0x0000000080000D64] -> 0x3823
mem[X,0x0000000080000D66] -> 0x36C1
[858] [M]: 0x0000000080000D64 (0x36C13823) sd x12, 0x370(x2)                        inst_127+20
mem[W,0x0000000080004510] <- 0xC000000000000000

mem[X,0x0000000080000D68] -> 0x0513
mem[X,0x0000000080000D6A] -> 0x0010
[859] [M]: 0x0000000080000D68 (0x00100513) addi x10, x0, 0x1                        inst_128+0
x10 <- 0x0000000000000001

clint mtime 0x00000000000001AE (mip.MTI <- 0b1, mip.STI <- 0b0)
mem[X,0x0000000080000D6C] -> 0x1513
mem[X,0x0000000080000D6E] -> 0x0215
[860] [M]: 0x0000000080000D6C (0x02151513) slli x10, x10, 0x21                      inst_128+4
x10 <- 0x0000000200000000

mem[X,0x0000000080000D70] -> 0x4513
mem[X,0x0000000080000D72] -> 0xFFF5
[861] [M]: 0x0000000080000D70 (0xFFF54513) xori x10, x10, -0x1                      inst_128+8
x10 <- 0xFFFFFFFDFFFFFFFF

clint mtime 0x00000000000001AF (mip.MTI <- 0b1, mip.STI <- 0b0)
mem[X,0x0000000080000D74] -> 0x0593
mem[X,0x0000000080000D76] -> 0x00B0
[862] [M]: 0x0000000080000D74 (0x00B00593) addi x11, x0, 0xb                        inst_128+12
x11 <- 0x000000000000000B

mem[X,0x0000000080000D78] -> 0x1633
mem[X,0x0000000080000D7A] -> 0x00B5
[863] [M]: 0x0000000080000D78 (0x00B51633) sll x12, x10, x11                        inst_128+16
x12 <- 0xFFFFEFFFFFFFF800

clint mtime 0x00000000000001B0 (mip.MTI <- 0b1, mip.STI <- 0b0)
mem[X,0x0000000080000D7C] -> 0x3C23
mem[X,0x0000000080000D7E] -> 0x36C1
[864] [M]: 0x0000000080000D7C (0x36C13C23) sd x12, 0x378(x2)                        inst_128+20
mem[W,0x0000000080004518] <- 0xFFFFEFFFFFFFF800

mem[X,0x0000000080000D80] -> 0x0513
mem[X,0x0000000080000D82] -> 0x0010
[865] [M]: 0x0000000080000D80 (0x00100513) addi x10, x0, 0x1                        inst_129+0
x10 <- 0x0000000000000001

clint mtime 0x00000000000001B1 (mip.MTI <- 0b1, mip.STI <- 0b0)
mem[X,0x0000000080000D84] -> 0x1513
mem[X,0x0000000080000D86] -> 0x0225
[866] [M]: 0x0000000080000D84 (0x02251513) slli x10, x10, 0x22                      inst_129+4
x10 <- 0x0000000400000000

mem[X,0x0000000080000D88] -> 0x4513
mem[X,0x0000000080000D8A] -> 0xFFF5
[867] [M]: 0x0000000080000D88 (0xFFF54513) xori x10, x10, -0x1                      inst_129+8
x10 <- 0xFFFFFFFBFFFFFFFF

clint mtime 0x00000000000001B2 (mip.MTI <- 0b1, mip.STI <- 0b0)
mem[X,0x0000000080000D8C] -> 0x0593
mem[X,0x0000000080000D8E] -> 0x00F0
[868] [M]: 0x0000000080000D8C (0x00F00593) addi x11, x0, 0xf                        inst_129+12
x11 <- 0x000000000000000F

mem[X,0x0000000080000D90] -> 0x1633
mem[X,0x0000000080000D92] -> 0x00B5
[869] [M]: 0x0000000080000D90 (0x00B51633) sll x12, x10, x11                        inst_129+16
x12 <- 0xFFFDFFFFFFFF8000

clint mtime 0x00000000000001B3 (mip.MTI <- 0b1, mip.STI <- 0b0)
mem[X,0x0000000080000D94] -> 0x3023
mem[X,0x0000000080000D96] -> 0x38C1
[870] [M]: 0x0000000080000D94 (0x38C13023) sd x12, 0x380(x2)                        inst_129+20
mem[W,0x0000000080004520] <- 0xFFFDFFFFFFFF8000

mem[X,0x0000000080000D98] -> 0x0513
mem[X,0x0000000080000D9A] -> 0x0010
[871] [M]: 0x0000000080000D98 (0x00100513) addi x10, x0, 0x1                        inst_130+0
x10 <- 0x0000000000000001

clint mtime 0x00000000000001B4 (mip.MTI <- 0b1, mip.STI <- 0b0)
mem[X,0x0000000080000D9C] -> 0x1513
mem[X,0x0000000080000D9E] -> 0x0235
[872] [M]: 0x0000000080000D9C (0x02351513) slli x10, x10, 0x23                      inst_130+4
x10 <- 0x0000000800000000

mem[X,0x0000000080000DA0] -> 0x4513
mem[X,0x0000000080000DA2] -> 0xFFF5
[873] [M]: 0x0000000080000DA0 (0xFFF54513) xori x10, x10, -0x1                      inst_130+8
x10 <- 0xFFFFFFF7FFFFFFFF

clint mtime 0x00000000000001B5 (mip.MTI <- 0b1, mip.STI <- 0b0)
mem[X,0x0000000080000DA4] -> 0x0593
mem[X,0x0000000080000DA6] -> 0x0030
[874] [M]: 0x0000000080000DA4 (0x00300593) addi x11, x0, 0x3                        inst_130+12
x11 <- 0x0000000000000003

mem[X,0x0000000080000DA8] -> 0x1633
mem[X,0x0000000080000DAA] -> 0x00B5
[875] [M]: 0x0000000080000DA8 (0x00B51633) sll x12, x10, x11                        inst_130+16
x12 <- 0xFFFFFFBFFFFFFFF8

clint mtime 0x00000000000001B6 (mip.MTI <- 0b1, mip.STI <- 0b0)
mem[X,0x0000000080000DAC] -> 0x3423
mem[X,0x0000000080000DAE] -> 0x38C1
[876] [M]: 0x0000000080000DAC (0x38C13423) sd x12, 0x388(x2)                        inst_130+20
mem[W,0x0000000080004528] <- 0xFFFFFFBFFFFFFFF8

mem[X,0x0000000080000DB0] -> 0x0513
mem[X,0x0000000080000DB2] -> 0x0010
[877] [M]: 0x0000000080000DB0 (0x00100513) addi x10, x0, 0x1                        inst_131+0
x10 <- 0x0000000000000001

clint mtime 0x00000000000001B7 (mip.MTI <- 0b1, mip.STI <- 0b0)
mem[X,0x0000000080000DB4] -> 0x1513
mem[X,0x0000000080000DB6] -> 0x0245
[878] [M]: 0x0000000080000DB4 (0x02451513) slli x10, x10, 0x24                      inst_131+4
x10 <- 0x0000001000000000

mem[X,0x0000000080000DB8] -> 0x4513
mem[X,0x0000000080000DBA] -> 0xFFF5
[879] [M]: 0x0000000080000DB8 (0xFFF54513) xori x10, x10, -0x1                      inst_131+8
x10 <- 0xFFFFFFEFFFFFFFFF

clint mtime 0x00000000000001B8 (mip.MTI <- 0b1, mip.STI <- 0b0)
mem[X,0x0000000080000DBC] -> 0x0593
mem[X,0x0000000080000DBE] -> 0x0370
[880] [M]: 0x0000000080000DBC (0x03700593) addi x11, x0, 0x37                       inst_131+12
x11 <- 0x0000000000000037

mem[X,0x0000000080000DC0] -> 0x1633
mem[X,0x0000000080000DC2] -> 0x00B5
[881] [M]: 0x0000000080000DC0 (0x00B51633) sll x12, x10, x11                        inst_131+16
x12 <- 0xFF80000000000000

clint mtime 0x00000000000001B9 (mip.MTI <- 0b1, mip.STI <- 0b0)
mem[X,0x0000000080000DC4] -> 0x3823
mem[X,0x0000000080000DC6] -> 0x38C1
[882] [M]: 0x0000000080000DC4 (0x38C13823) sd x12, 0x390(x2)                        inst_131+20
mem[W,0x0000000080004530] <- 0xFF80000000000000

mem[X,0x0000000080000DC8] -> 0x0513
mem[X,0x0000000080000DCA] -> 0x0010
[883] [M]: 0x0000000080000DC8 (0x00100513) addi x10, x0, 0x1                        inst_132+0
x10 <- 0x0000000000000001

clint mtime 0x00000000000001BA (mip.MTI <- 0b1, mip.STI <- 0b0)
mem[X,0x0000000080000DCC] -> 0x1513
mem[X,0x0000000080000DCE] -> 0x0255
[884] [M]: 0x0000000080000DCC (0x02551513) slli x10, x10, 0x25                      inst_132+4
x10 <- 0x0000002000000000

mem[X,0x0000000080000DD0] -> 0x4513
mem[X,0x0000000080000DD2] -> 0xFFF5
[885] [M]: 0x0000000080000DD0 (0xFFF54513) xori x10, x10, -0x1                      inst_132+8
x10 <- 0xFFFFFFDFFFFFFFFF

clint mtime 0x00000000000001BB (mip.MTI <- 0b1, mip.STI <- 0b0)
mem[X,0x0000000080000DD4] -> 0x0593
mem[X,0x0000000080000DD6] -> 0x0090
[886] [M]: 0x0000000080000DD4 (0x00900593) addi x11, x0, 0x9                        inst_132+12
x11 <- 0x0000000000000009

mem[X,0x0000000080000DD8] -> 0x1633
mem[X,0x0000000080000DDA] -> 0x00B5
[887] [M]: 0x0000000080000DD8 (0x00B51633) sll x12, x10, x11                        inst_132+16
x12 <- 0xFFFFBFFFFFFFFE00

clint mtime 0x00000000000001BC (mip.MTI <- 0b1, mip.STI <- 0b0)
mem[X,0x0000000080000DDC] -> 0x3C23
mem[X,0x0000000080000DDE] -> 0x38C1
[888] [M]: 0x0000000080000DDC (0x38C13C23) sd x12, 0x398(x2)                        inst_132+20
mem[W,0x0000000080004538] <- 0xFFFFBFFFFFFFFE00

mem[X,0x0000000080000DE0] -> 0x0513
mem[X,0x0000000080000DE2] -> 0x0010
[889] [M]: 0x0000000080000DE0 (0x00100513) addi x10, x0, 0x1                        inst_133+0
x10 <- 0x0000000000000001

clint mtime 0x00000000000001BD (mip.MTI <- 0b1, mip.STI <- 0b0)
mem[X,0x0000000080000DE4] -> 0x1513
mem[X,0x0000000080000DE6] -> 0x0275
[890] [M]: 0x0000000080000DE4 (0x02751513) slli x10, x10, 0x27                      inst_133+4
x10 <- 0x0000008000000000

mem[X,0x0000000080000DE8] -> 0x4513
mem[X,0x0000000080000DEA] -> 0xFFF5
[891] [M]: 0x0000000080000DE8 (0xFFF54513) xori x10, x10, -0x1                      inst_133+8
x10 <- 0xFFFFFF7FFFFFFFFF

clint mtime 0x00000000000001BE (mip.MTI <- 0b1, mip.STI <- 0b0)
mem[X,0x0000000080000DEC] -> 0x0593
mem[X,0x0000000080000DEE] -> 0x00E0
[892] [M]: 0x0000000080000DEC (0x00E00593) addi x11, x0, 0xe                        inst_133+12
x11 <- 0x000000000000000E

mem[X,0x0000000080000DF0] -> 0x1633
mem[X,0x0000000080000DF2] -> 0x00B5
[893] [M]: 0x0000000080000DF0 (0x00B51633) sll x12, x10, x11                        inst_133+16
x12 <- 0xFFDFFFFFFFFFC000

clint mtime 0x00000000000001BF (mip.MTI <- 0b1, mip.STI <- 0b0)
mem[X,0x0000000080000DF4] -> 0x3023
mem[X,0x0000000080000DF6] -> 0x3AC1
[894] [M]: 0x0000000080000DF4 (0x3AC13023) sd x12, 0x3a0(x2)                        inst_133+20
mem[W,0x0000000080004540] <- 0xFFDFFFFFFFFFC000

mem[X,0x0000000080000DF8] -> 0x0513
mem[X,0x0000000080000DFA] -> 0x0010
[895] [M]: 0x0000000080000DF8 (0x00100513) addi x10, x0, 0x1                        inst_134+0
x10 <- 0x0000000000000001

clint mtime 0x00000000000001C0 (mip.MTI <- 0b1, mip.STI <- 0b0)
mem[X,0x0000000080000DFC] -> 0x1513
mem[X,0x0000000080000DFE] -> 0x0285
[896] [M]: 0x0000000080000DFC (0x02851513) slli x10, x10, 0x28                      inst_134+4
x10 <- 0x0000010000000000

mem[X,0x0000000080000E00] -> 0x4513
mem[X,0x0000000080000E02] -> 0xFFF5
[897] [M]: 0x0000000080000E00 (0xFFF54513) xori x10, x10, -0x1                      inst_134+8
x10 <- 0xFFFFFEFFFFFFFFFF

clint mtime 0x00000000000001C1 (mip.MTI <- 0b1, mip.STI <- 0b0)
mem[X,0x0000000080000E04] -> 0x0593
mem[X,0x0000000080000E06] -> 0x02A0
[898] [M]: 0x0000000080000E04 (0x02A00593) addi x11, x0, 0x2a                       inst_134+12
x11 <- 0x000000000000002A

mem[X,0x0000000080000E08] -> 0x1633
mem[X,0x0000000080000E0A] -> 0x00B5
[899] [M]: 0x0000000080000E08 (0x00B51633) sll x12, x10, x11                        inst_134+16
x12 <- 0xFFFFFC0000000000

clint mtime 0x00000000000001C2 (mip.MTI <- 0b1, mip.STI <- 0b0)
mem[X,0x0000000080000E0C] -> 0x3423
mem[X,0x0000000080000E0E] -> 0x3AC1
[900] [M]: 0x0000000080000E0C (0x3AC13423) sd x12, 0x3a8(x2)                        inst_134+20
mem[W,0x0000000080004548] <- 0xFFFFFC0000000000

mem[X,0x0000000080000E10] -> 0x0513
mem[X,0x0000000080000E12] -> 0x0010
[901] [M]: 0x0000000080000E10 (0x00100513) addi x10, x0, 0x1                        inst_135+0
x10 <- 0x0000000000000001

clint mtime 0x00000000000001C3 (mip.MTI <- 0b1, mip.STI <- 0b0)
mem[X,0x0000000080000E14] -> 0x1513
mem[X,0x0000000080000E16] -> 0x0295
[902] [M]: 0x0000000080000E14 (0x02951513) slli x10, x10, 0x29                      inst_135+4
x10 <- 0x0000020000000000

mem[X,0x0000000080000E18] -> 0x4513
mem[X,0x0000000080000E1A] -> 0xFFF5
[903] [M]: 0x0000000080000E18 (0xFFF54513) xori x10, x10, -0x1                      inst_135+8
x10 <- 0xFFFFFDFFFFFFFFFF

clint mtime 0x00000000000001C4 (mip.MTI <- 0b1, mip.STI <- 0b0)
mem[X,0x0000000080000E1C] -> 0x0593
mem[X,0x0000000080000E1E] -> 0x0070
[904] [M]: 0x0000000080000E1C (0x00700593) addi x11, x0, 0x7                        inst_135+12
x11 <- 0x0000000000000007

mem[X,0x0000000080000E20] -> 0x1633
mem[X,0x0000000080000E22] -> 0x00B5
[905] [M]: 0x0000000080000E20 (0x00B51633) sll x12, x10, x11                        inst_135+16
x12 <- 0xFFFEFFFFFFFFFF80

clint mtime 0x00000000000001C5 (mip.MTI <- 0b1, mip.STI <- 0b0)
mem[X,0x0000000080000E24] -> 0x3823
mem[X,0x0000000080000E26] -> 0x3AC1
[906] [M]: 0x0000000080000E24 (0x3AC13823) sd x12, 0x3b0(x2)                        inst_135+20
mem[W,0x0000000080004550] <- 0xFFFEFFFFFFFFFF80

mem[X,0x0000000080000E28] -> 0x0513
mem[X,0x0000000080000E2A] -> 0x0010
[907] [M]: 0x0000000080000E28 (0x00100513) addi x10, x0, 0x1                        inst_136+0
x10 <- 0x0000000000000001

clint mtime 0x00000000000001C6 (mip.MTI <- 0b1, mip.STI <- 0b0)
mem[X,0x0000000080000E2C] -> 0x1513
mem[X,0x0000000080000E2E] -> 0x02A5
[908] [M]: 0x0000000080000E2C (0x02A51513) slli x10, x10, 0x2a                      inst_136+4
x10 <- 0x0000040000000000

mem[X,0x0000000080000E30] -> 0x4513
mem[X,0x0000000080000E32] -> 0xFFF5
[909] [M]: 0x0000000080000E30 (0xFFF54513) xori x10, x10, -0x1                      inst_136+8
x10 <- 0xFFFFFBFFFFFFFFFF

clint mtime 0x00000000000001C7 (mip.MTI <- 0b1, mip.STI <- 0b0)
mem[X,0x0000000080000E34] -> 0x0593
mem[X,0x0000000080000E36] -> 0x0060
[910] [M]: 0x0000000080000E34 (0x00600593) addi x11, x0, 0x6                        inst_136+12
x11 <- 0x0000000000000006

mem[X,0x0000000080000E38] -> 0x1633
mem[X,0x0000000080000E3A] -> 0x00B5
[911] [M]: 0x0000000080000E38 (0x00B51633) sll x12, x10, x11                        inst_136+16
x12 <- 0xFFFEFFFFFFFFFFC0

clint mtime 0x00000000000001C8 (mip.MTI <- 0b1, mip.STI <- 0b0)
mem[X,0x0000000080000E3C] -> 0x3C23
mem[X,0x0000000080000E3E] -> 0x3AC1
[912] [M]: 0x0000000080000E3C (0x3AC13C23) sd x12, 0x3b8(x2)                        inst_136+20
mem[W,0x0000000080004558] <- 0xFFFEFFFFFFFFFFC0

mem[X,0x0000000080000E40] -> 0x0513
mem[X,0x0000000080000E42] -> 0x0010
[913] [M]: 0x0000000080000E40 (0x00100513) addi x10, x0, 0x1                        inst_137+0
x10 <- 0x0000000000000001

clint mtime 0x00000000000001C9 (mip.MTI <- 0b1, mip.STI <- 0b0)
mem[X,0x0000000080000E44] -> 0x1513
mem[X,0x0000000080000E46] -> 0x02B5
[914] [M]: 0x0000000080000E44 (0x02B51513) slli x10, x10, 0x2b                      inst_137+4
x10 <- 0x0000080000000000

mem[X,0x0000000080000E48] -> 0x4513
mem[X,0x0000000080000E4A] -> 0xFFF5
[915] [M]: 0x0000000080000E48 (0xFFF54513) xori x10, x10, -0x1                      inst_137+8
x10 <- 0xFFFFF7FFFFFFFFFF

clint mtime 0x00000000000001CA (mip.MTI <- 0b1, mip.STI <- 0b0)
mem[X,0x0000000080000E4C] -> 0x0593
mem[X,0x0000000080000E4E] -> 0x00B0
[916] [M]: 0x0000000080000E4C (0x00B00593) addi x11, x0, 0xb                        inst_137+12
x11 <- 0x000000000000000B

mem[X,0x0000000080000E50] -> 0x1633
mem[X,0x0000000080000E52] -> 0x00B5
[917] [M]: 0x0000000080000E50 (0x00B51633) sll x12, x10, x11                        inst_137+16
x12 <- 0xFFBFFFFFFFFFF800

clint mtime 0x00000000000001CB (mip.MTI <- 0b1, mip.STI <- 0b0)
mem[X,0x0000000080000E54] -> 0x3023
mem[X,0x0000000080000E56] -> 0x3CC1
[918] [M]: 0x0000000080000E54 (0x3CC13023) sd x12, 0x3c0(x2)                        inst_137+20
mem[W,0x0000000080004560] <- 0xFFBFFFFFFFFFF800

mem[X,0x0000000080000E58] -> 0x0513
mem[X,0x0000000080000E5A] -> 0x0010
[919] [M]: 0x0000000080000E58 (0x00100513) addi x10, x0, 0x1                        inst_138+0
x10 <- 0x0000000000000001

clint mtime 0x00000000000001CC (mip.MTI <- 0b1, mip.STI <- 0b0)
mem[X,0x0000000080000E5C] -> 0x1513
mem[X,0x0000000080000E5E] -> 0x02C5
[920] [M]: 0x0000000080000E5C (0x02C51513) slli x10, x10, 0x2c                      inst_138+4
x10 <- 0x0000100000000000

mem[X,0x0000000080000E60] -> 0x4513
mem[X,0x0000000080000E62] -> 0xFFF5
[921] [M]: 0x0000000080000E60 (0xFFF54513) xori x10, x10, -0x1                      inst_138+8
x10 <- 0xFFFFEFFFFFFFFFFF

clint mtime 0x00000000000001CD (mip.MTI <- 0b1, mip.STI <- 0b0)
mem[X,0x0000000080000E64] -> 0x0593
mem[X,0x0000000080000E66] -> 0x0200
[922] [M]: 0x0000000080000E64 (0x02000593) addi x11, x0, 0x20                       inst_138+12
x11 <- 0x0000000000000020

mem[X,0x0000000080000E68] -> 0x1633
mem[X,0x0000000080000E6A] -> 0x00B5
[923] [M]: 0x0000000080000E68 (0x00B51633) sll x12, x10, x11                        inst_138+16
x12 <- 0xFFFFFFFF00000000

clint mtime 0x00000000000001CE (mip.MTI <- 0b1, mip.STI <- 0b0)
mem[X,0x0000000080000E6C] -> 0x3423
mem[X,0x0000000080000E6E] -> 0x3CC1
[924] [M]: 0x0000000080000E6C (0x3CC13423) sd x12, 0x3c8(x2)                        inst_138+20
mem[W,0x0000000080004568] <- 0xFFFFFFFF00000000

mem[X,0x0000000080000E70] -> 0x0513
mem[X,0x0000000080000E72] -> 0x0010
[925] [M]: 0x0000000080000E70 (0x00100513) addi x10, x0, 0x1                        inst_139+0
x10 <- 0x0000000000000001

clint mtime 0x00000000000001CF (mip.MTI <- 0b1, mip.STI <- 0b0)
mem[X,0x0000000080000E74] -> 0x1513
mem[X,0x0000000080000E76] -> 0x02D5
[926] [M]: 0x0000000080000E74 (0x02D51513) slli x10, x10, 0x2d                      inst_139+4
x10 <- 0x0000200000000000

mem[X,0x0000000080000E78] -> 0x4513
mem[X,0x0000000080000E7A] -> 0xFFF5
[927] [M]: 0x0000000080000E78 (0xFFF54513) xori x10, x10, -0x1                      inst_139+8
x10 <- 0xFFFFDFFFFFFFFFFF

clint mtime 0x00000000000001D0 (mip.MTI <- 0b1, mip.STI <- 0b0)
mem[X,0x0000000080000E7C] -> 0x0593
mem[X,0x0000000080000E7E] -> 0x0010
[928] [M]: 0x0000000080000E7C (0x00100593) addi x11, x0, 0x1                        inst_139+12
x11 <- 0x0000000000000001

mem[X,0x0000000080000E80] -> 0x1633
mem[X,0x0000000080000E82] -> 0x00B5
[929] [M]: 0x0000000080000E80 (0x00B51633) sll x12, x10, x11                        inst_139+16
x12 <- 0xFFFFBFFFFFFFFFFE

clint mtime 0x00000000000001D1 (mip.MTI <- 0b1, mip.STI <- 0b0)
mem[X,0x0000000080000E84] -> 0x3823
mem[X,0x0000000080000E86] -> 0x3CC1
[930] [M]: 0x0000000080000E84 (0x3CC13823) sd x12, 0x3d0(x2)                        inst_139+20
mem[W,0x0000000080004570] <- 0xFFFFBFFFFFFFFFFE

mem[X,0x0000000080000E88] -> 0x0513
mem[X,0x0000000080000E8A] -> 0x0010
[931] [M]: 0x0000000080000E88 (0x00100513) addi x10, x0, 0x1                        inst_140+0
x10 <- 0x0000000000000001

clint mtime 0x00000000000001D2 (mip.MTI <- 0b1, mip.STI <- 0b0)
mem[X,0x0000000080000E8C] -> 0x1513
mem[X,0x0000000080000E8E] -> 0x02E5
[932] [M]: 0x0000000080000E8C (0x02E51513) slli x10, x10, 0x2e                      inst_140+4
x10 <- 0x0000400000000000

mem[X,0x0000000080000E90] -> 0x4513
mem[X,0x0000000080000E92] -> 0xFFF5
[933] [M]: 0x0000000080000E90 (0xFFF54513) xori x10, x10, -0x1                      inst_140+8
x10 <- 0xFFFFBFFFFFFFFFFF

clint mtime 0x00000000000001D3 (mip.MTI <- 0b1, mip.STI <- 0b0)
mem[X,0x0000000080000E94] -> 0x0593
mem[X,0x0000000080000E96] -> 0x0020
[934] [M]: 0x0000000080000E94 (0x00200593) addi x11, x0, 0x2                        inst_140+12
x11 <- 0x0000000000000002

mem[X,0x0000000080000E98] -> 0x1633
mem[X,0x0000000080000E9A] -> 0x00B5
[935] [M]: 0x0000000080000E98 (0x00B51633) sll x12, x10, x11                        inst_140+16
x12 <- 0xFFFEFFFFFFFFFFFC

clint mtime 0x00000000000001D4 (mip.MTI <- 0b1, mip.STI <- 0b0)
mem[X,0x0000000080000E9C] -> 0x3C23
mem[X,0x0000000080000E9E] -> 0x3CC1
[936] [M]: 0x0000000080000E9C (0x3CC13C23) sd x12, 0x3d8(x2)                        inst_140+20
mem[W,0x0000000080004578] <- 0xFFFEFFFFFFFFFFFC

mem[X,0x0000000080000EA0] -> 0x0513
mem[X,0x0000000080000EA2] -> 0x0010
[937] [M]: 0x0000000080000EA0 (0x00100513) addi x10, x0, 0x1                        inst_141+0
x10 <- 0x0000000000000001

clint mtime 0x00000000000001D5 (mip.MTI <- 0b1, mip.STI <- 0b0)
mem[X,0x0000000080000EA4] -> 0x1513
mem[X,0x0000000080000EA6] -> 0x02F5
[938] [M]: 0x0000000080000EA4 (0x02F51513) slli x10, x10, 0x2f                      inst_141+4
x10 <- 0x0000800000000000

mem[X,0x0000000080000EA8] -> 0x4513
mem[X,0x0000000080000EAA] -> 0xFFF5
[939] [M]: 0x0000000080000EA8 (0xFFF54513) xori x10, x10, -0x1                      inst_141+8
x10 <- 0xFFFF7FFFFFFFFFFF

clint mtime 0x00000000000001D6 (mip.MTI <- 0b1, mip.STI <- 0b0)
mem[X,0x0000000080000EAC] -> 0x0593
mem[X,0x0000000080000EAE] -> 0x00E0
[940] [M]: 0x0000000080000EAC (0x00E00593) addi x11, x0, 0xe                        inst_141+12
x11 <- 0x000000000000000E

mem[X,0x0000000080000EB0] -> 0x1633
mem[X,0x0000000080000EB2] -> 0x00B5
[941] [M]: 0x0000000080000EB0 (0x00B51633) sll x12, x10, x11                        inst_141+16
x12 <- 0xDFFFFFFFFFFFC000

clint mtime 0x00000000000001D7 (mip.MTI <- 0b1, mip.STI <- 0b0)
mem[X,0x0000000080000EB4] -> 0x3023
mem[X,0x0000000080000EB6] -> 0x3EC1
[942] [M]: 0x0000000080000EB4 (0x3EC13023) sd x12, 0x3e0(x2)                        inst_141+20
mem[W,0x0000000080004580] <- 0xDFFFFFFFFFFFC000

mem[X,0x0000000080000EB8] -> 0x0513
mem[X,0x0000000080000EBA] -> 0x0010
[943] [M]: 0x0000000080000EB8 (0x00100513) addi x10, x0, 0x1                        inst_142+0
x10 <- 0x0000000000000001

clint mtime 0x00000000000001D8 (mip.MTI <- 0b1, mip.STI <- 0b0)
mem[X,0x0000000080000EBC] -> 0x1513
mem[X,0x0000000080000EBE] -> 0x0305
[944] [M]: 0x0000000080000EBC (0x03051513) slli x10, x10, 0x30                      inst_142+4
x10 <- 0x0001000000000000

mem[X,0x0000000080000EC0] -> 0x4513
mem[X,0x0000000080000EC2] -> 0xFFF5
[945] [M]: 0x0000000080000EC0 (0xFFF54513) xori x10, x10, -0x1                      inst_142+8
x10 <- 0xFFFEFFFFFFFFFFFF

clint mtime 0x00000000000001D9 (mip.MTI <- 0b1, mip.STI <- 0b0)
mem[X,0x0000000080000EC4] -> 0x0593
mem[X,0x0000000080000EC6] -> 0x0050
[946] [M]: 0x0000000080000EC4 (0x00500593) addi x11, x0, 0x5                        inst_142+12
x11 <- 0x0000000000000005

mem[X,0x0000000080000EC8] -> 0x1633
mem[X,0x0000000080000ECA] -> 0x00B5
[947] [M]: 0x0000000080000EC8 (0x00B51633) sll x12, x10, x11                        inst_142+16
x12 <- 0xFFDFFFFFFFFFFFE0

clint mtime 0x00000000000001DA (mip.MTI <- 0b1, mip.STI <- 0b0)
mem[X,0x0000000080000ECC] -> 0x3423
mem[X,0x0000000080000ECE] -> 0x3EC1
[948] [M]: 0x0000000080000ECC (0x3EC13423) sd x12, 0x3e8(x2)                        inst_142+20
mem[W,0x0000000080004588] <- 0xFFDFFFFFFFFFFFE0

mem[X,0x0000000080000ED0] -> 0x0513
mem[X,0x0000000080000ED2] -> 0x0010
[949] [M]: 0x0000000080000ED0 (0x00100513) addi x10, x0, 0x1                        inst_143+0
x10 <- 0x0000000000000001

clint mtime 0x00000000000001DB (mip.MTI <- 0b1, mip.STI <- 0b0)
mem[X,0x0000000080000ED4] -> 0x1513
mem[X,0x0000000080000ED6] -> 0x0315
[950] [M]: 0x0000000080000ED4 (0x03151513) slli x10, x10, 0x31                      inst_143+4
x10 <- 0x0002000000000000

mem[X,0x0000000080000ED8] -> 0x4513
mem[X,0x0000000080000EDA] -> 0xFFF5
[951] [M]: 0x0000000080000ED8 (0xFFF54513) xori x10, x10, -0x1                      inst_143+8
x10 <- 0xFFFDFFFFFFFFFFFF

clint mtime 0x00000000000001DC (mip.MTI <- 0b1, mip.STI <- 0b0)
mem[X,0x0000000080000EDC] -> 0x0593
mem[X,0x0000000080000EDE] -> 0x00E0
[952] [M]: 0x0000000080000EDC (0x00E00593) addi x11, x0, 0xe                        inst_143+12
x11 <- 0x000000000000000E

mem[X,0x0000000080000EE0] -> 0x1633
mem[X,0x0000000080000EE2] -> 0x00B5
[953] [M]: 0x0000000080000EE0 (0x00B51633) sll x12, x10, x11                        inst_143+16
x12 <- 0x7FFFFFFFFFFFC000

clint mtime 0x00000000000001DD (mip.MTI <- 0b1, mip.STI <- 0b0)
mem[X,0x0000000080000EE4] -> 0x3823
mem[X,0x0000000080000EE6] -> 0x3EC1
[954] [M]: 0x0000000080000EE4 (0x3EC13823) sd x12, 0x3f0(x2)                        inst_143+20
mem[W,0x0000000080004590] <- 0x7FFFFFFFFFFFC000

mem[X,0x0000000080000EE8] -> 0x0513
mem[X,0x0000000080000EEA] -> 0x0010
[955] [M]: 0x0000000080000EE8 (0x00100513) addi x10, x0, 0x1                        inst_144+0
x10 <- 0x0000000000000001

clint mtime 0x00000000000001DE (mip.MTI <- 0b1, mip.STI <- 0b0)
mem[X,0x0000000080000EEC] -> 0x1513
mem[X,0x0000000080000EEE] -> 0x0325
[956] [M]: 0x0000000080000EEC (0x03251513) slli x10, x10, 0x32                      inst_144+4
x10 <- 0x0004000000000000

mem[X,0x0000000080000EF0] -> 0x4513
mem[X,0x0000000080000EF2] -> 0xFFF5
[957] [M]: 0x0000000080000EF0 (0xFFF54513) xori x10, x10, -0x1                      inst_144+8
x10 <- 0xFFFBFFFFFFFFFFFF

clint mtime 0x00000000000001DF (mip.MTI <- 0b1, mip.STI <- 0b0)
mem[X,0x0000000080000EF4] -> 0x0593
mem[X,0x0000000080000EF6] -> 0x0110
[958] [M]: 0x0000000080000EF4 (0x01100593) addi x11, x0, 0x11                       inst_144+12
x11 <- 0x0000000000000011

mem[X,0x0000000080000EF8] -> 0x1633
mem[X,0x0000000080000EFA] -> 0x00B5
[959] [M]: 0x0000000080000EF8 (0x00B51633) sll x12, x10, x11                        inst_144+16
x12 <- 0xFFFFFFFFFFFE0000

clint mtime 0x00000000000001E0 (mip.MTI <- 0b1, mip.STI <- 0b0)
mem[X,0x0000000080000EFC] -> 0x3C23
mem[X,0x0000000080000EFE] -> 0x3EC1
[960] [M]: 0x0000000080000EFC (0x3EC13C23) sd x12, 0x3f8(x2)                        inst_144+20
mem[W,0x0000000080004598] <- 0xFFFFFFFFFFFE0000

mem[X,0x0000000080000F00] -> 0x0513
mem[X,0x0000000080000F02] -> 0x0010
[961] [M]: 0x0000000080000F00 (0x00100513) addi x10, x0, 0x1                        inst_145+0
x10 <- 0x0000000000000001

clint mtime 0x00000000000001E1 (mip.MTI <- 0b1, mip.STI <- 0b0)
mem[X,0x0000000080000F04] -> 0x1513
mem[X,0x0000000080000F06] -> 0x0335
[962] [M]: 0x0000000080000F04 (0x03351513) slli x10, x10, 0x33                      inst_145+4
x10 <- 0x0008000000000000

mem[X,0x0000000080000F08] -> 0x4513
mem[X,0x0000000080000F0A] -> 0xFFF5
[963] [M]: 0x0000000080000F08 (0xFFF54513) xori x10, x10, -0x1                      inst_145+8
x10 <- 0xFFF7FFFFFFFFFFFF

clint mtime 0x00000000000001E2 (mip.MTI <- 0b1, mip.STI <- 0b0)
mem[X,0x0000000080000F0C] -> 0x0593
mem[X,0x0000000080000F0E] -> 0x0370
[964] [M]: 0x0000000080000F0C (0x03700593) addi x11, x0, 0x37                       inst_145+12
x11 <- 0x0000000000000037

mem[X,0x0000000080000F10] -> 0x1633
mem[X,0x0000000080000F12] -> 0x00B5
[965] [M]: 0x0000000080000F10 (0x00B51633) sll x12, x10, x11                        inst_145+16
x12 <- 0xFF80000000000000

clint mtime 0x00000000000001E3 (mip.MTI <- 0b1, mip.STI <- 0b0)
mem[X,0x0000000080000F14] -> 0x3023
mem[X,0x0000000080000F16] -> 0x40C1
[966] [M]: 0x0000000080000F14 (0x40C13023) sd x12, 0x400(x2)                        inst_145+20
mem[W,0x00000000800045A0] <- 0xFF80000000000000

mem[X,0x0000000080000F18] -> 0x0513
mem[X,0x0000000080000F1A] -> 0x0010
[967] [M]: 0x0000000080000F18 (0x00100513) addi x10, x0, 0x1                        inst_146+0
x10 <- 0x0000000000000001

clint mtime 0x00000000000001E4 (mip.MTI <- 0b1, mip.STI <- 0b0)
mem[X,0x0000000080000F1C] -> 0x1513
mem[X,0x0000000080000F1E] -> 0x0345
[968] [M]: 0x0000000080000F1C (0x03451513) slli x10, x10, 0x34                      inst_146+4
x10 <- 0x0010000000000000

mem[X,0x0000000080000F20] -> 0x4513
mem[X,0x0000000080000F22] -> 0xFFF5
[969] [M]: 0x0000000080000F20 (0xFFF54513) xori x10, x10, -0x1                      inst_146+8
x10 <- 0xFFEFFFFFFFFFFFFF

clint mtime 0x00000000000001E5 (mip.MTI <- 0b1, mip.STI <- 0b0)
mem[X,0x0000000080000F24] -> 0x0593
mem[X,0x0000000080000F26] -> 0x0100
[970] [M]: 0x0000000080000F24 (0x01000593) addi x11, x0, 0x10                       inst_146+12
x11 <- 0x0000000000000010

mem[X,0x0000000080000F28] -> 0x1633
mem[X,0x0000000080000F2A] -> 0x00B5
[971] [M]: 0x0000000080000F28 (0x00B51633) sll x12, x10, x11                        inst_146+16
x12 <- 0xFFFFFFFFFFFF0000

clint mtime 0x00000000000001E6 (mip.MTI <- 0b1, mip.STI <- 0b0)
mem[X,0x0000000080000F2C] -> 0x3423
mem[X,0x0000000080000F2E] -> 0x40C1
[972] [M]: 0x0000000080000F2C (0x40C13423) sd x12, 0x408(x2)                        inst_146+20
mem[W,0x00000000800045A8] <- 0xFFFFFFFFFFFF0000

mem[X,0x0000000080000F30] -> 0x0513
mem[X,0x0000000080000F32] -> 0x0010
[973] [M]: 0x0000000080000F30 (0x00100513) addi x10, x0, 0x1                        inst_147+0
x10 <- 0x0000000000000001

clint mtime 0x00000000000001E7 (mip.MTI <- 0b1, mip.STI <- 0b0)
mem[X,0x0000000080000F34] -> 0x1513
mem[X,0x0000000080000F36] -> 0x0355
[974] [M]: 0x0000000080000F34 (0x03551513) slli x10, x10, 0x35                      inst_147+4
x10 <- 0x0020000000000000

mem[X,0x0000000080000F38] -> 0x4513
mem[X,0x0000000080000F3A] -> 0xFFF5
[975] [M]: 0x0000000080000F38 (0xFFF54513) xori x10, x10, -0x1                      inst_147+8
x10 <- 0xFFDFFFFFFFFFFFFF

clint mtime 0x00000000000001E8 (mip.MTI <- 0b1, mip.STI <- 0b0)
mem[X,0x0000000080000F3C] -> 0x0593
mem[X,0x0000000080000F3E] -> 0x0130
[976] [M]: 0x0000000080000F3C (0x01300593) addi x11, x0, 0x13                       inst_147+12
x11 <- 0x0000000000000013

mem[X,0x0000000080000F40] -> 0x1633
mem[X,0x0000000080000F42] -> 0x00B5
[977] [M]: 0x0000000080000F40 (0x00B51633) sll x12, x10, x11                        inst_147+16
x12 <- 0xFFFFFFFFFFF80000

clint mtime 0x00000000000001E9 (mip.MTI <- 0b1, mip.STI <- 0b0)
mem[X,0x0000000080000F44] -> 0x3823
mem[X,0x0000000080000F46] -> 0x40C1
[978] [M]: 0x0000000080000F44 (0x40C13823) sd x12, 0x410(x2)                        inst_147+20
mem[W,0x00000000800045B0] <- 0xFFFFFFFFFFF80000

mem[X,0x0000000080000F48] -> 0x0513
mem[X,0x0000000080000F4A] -> 0x0010
[979] [M]: 0x0000000080000F48 (0x00100513) addi x10, x0, 0x1                        inst_148+0
x10 <- 0x0000000000000001

clint mtime 0x00000000000001EA (mip.MTI <- 0b1, mip.STI <- 0b0)
mem[X,0x0000000080000F4C] -> 0x1513
mem[X,0x0000000080000F4E] -> 0x0365
[980] [M]: 0x0000000080000F4C (0x03651513) slli x10, x10, 0x36                      inst_148+4
x10 <- 0x0040000000000000

mem[X,0x0000000080000F50] -> 0x4513
mem[X,0x0000000080000F52] -> 0xFFF5
[981] [M]: 0x0000000080000F50 (0xFFF54513) xori x10, x10, -0x1                      inst_148+8
x10 <- 0xFFBFFFFFFFFFFFFF

clint mtime 0x00000000000001EB (mip.MTI <- 0b1, mip.STI <- 0b0)
mem[X,0x0000000080000F54] -> 0x0593
mem[X,0x0000000080000F56] -> 0x00A0
[982] [M]: 0x0000000080000F54 (0x00A00593) addi x11, x0, 0xa                        inst_148+12
x11 <- 0x000000000000000A

mem[X,0x0000000080000F58] -> 0x1633
mem[X,0x0000000080000F5A] -> 0x00B5
[983] [M]: 0x0000000080000F58 (0x00B51633) sll x12, x10, x11                        inst_148+16
x12 <- 0xFFFFFFFFFFFFFC00

clint mtime 0x00000000000001EC (mip.MTI <- 0b1, mip.STI <- 0b0)
mem[X,0x0000000080000F5C] -> 0x3C23
mem[X,0x0000000080000F5E] -> 0x40C1
[984] [M]: 0x0000000080000F5C (0x40C13C23) sd x12, 0x418(x2)                        inst_148+20
mem[W,0x00000000800045B8] <- 0xFFFFFFFFFFFFFC00

mem[X,0x0000000080000F60] -> 0x0513
mem[X,0x0000000080000F62] -> 0x0010
[985] [M]: 0x0000000080000F60 (0x00100513) addi x10, x0, 0x1                        inst_149+0
x10 <- 0x0000000000000001

clint mtime 0x00000000000001ED (mip.MTI <- 0b1, mip.STI <- 0b0)
mem[X,0x0000000080000F64] -> 0x1513
mem[X,0x0000000080000F66] -> 0x0265
[986] [M]: 0x0000000080000F64 (0x02651513) slli x10, x10, 0x26                      inst_149+4
x10 <- 0x0000004000000000

mem[X,0x0000000080000F68] -> 0x4513
mem[X,0x0000000080000F6A] -> 0xFFF5
[987] [M]: 0x0000000080000F68 (0xFFF54513) xori x10, x10, -0x1                      inst_149+8
x10 <- 0xFFFFFFBFFFFFFFFF

clint mtime 0x00000000000001EE (mip.MTI <- 0b1, mip.STI <- 0b0)
mem[X,0x0000000080000F6C] -> 0x0593
mem[X,0x0000000080000F6E] -> 0x00A0
[988] [M]: 0x0000000080000F6C (0x00A00593) addi x11, x0, 0xa                        inst_149+12
x11 <- 0x000000000000000A

mem[X,0x0000000080000F70] -> 0x1633
mem[X,0x0000000080000F72] -> 0x00B5
[989] [M]: 0x0000000080000F70 (0x00B51633) sll x12, x10, x11                        inst_149+16
x12 <- 0xFFFEFFFFFFFFFC00

clint mtime 0x00000000000001EF (mip.MTI <- 0b1, mip.STI <- 0b0)
mem[X,0x0000000080000F74] -> 0x3023
mem[X,0x0000000080000F76] -> 0x42C1
[990] [M]: 0x0000000080000F74 (0x42C13023) sd x12, 0x420(x2)                        inst_149+20
mem[W,0x00000000800045C0] <- 0xFFFEFFFFFFFFFC00

mem[X,0x0000000080000F78] -> 0x0513
mem[X,0x0000000080000F7A] -> 0x0010
[991] [M]: 0x0000000080000F78 (0x00100513) addi x10, x0, 0x1                        inst_150+0
x10 <- 0x0000000000000001

clint mtime 0x00000000000001F0 (mip.MTI <- 0b1, mip.STI <- 0b0)
mem[X,0x0000000080000F7C] -> 0x1513
mem[X,0x0000000080000F7E] -> 0x0115
[992] [M]: 0x0000000080000F7C (0x01151513) slli x10, x10, 0x11                      inst_150+4
x10 <- 0x0000000000020000

mem[X,0x0000000080000F80] -> 0x0593
mem[X,0x0000000080000F82] -> 0x0020
[993] [M]: 0x0000000080000F80 (0x00200593) addi x11, x0, 0x2                        inst_150+8
x11 <- 0x0000000000000002

clint mtime 0x00000000000001F1 (mip.MTI <- 0b1, mip.STI <- 0b0)
mem[X,0x0000000080000F84] -> 0x1633
mem[X,0x0000000080000F86] -> 0x00B5
[994] [M]: 0x0000000080000F84 (0x00B51633) sll x12, x10, x11                        inst_150+12
x12 <- 0x0000000000080000

mem[X,0x0000000080000F88] -> 0x3423
mem[X,0x0000000080000F8A] -> 0x42C1
[995] [M]: 0x0000000080000F88 (0x42C13423) sd x12, 0x428(x2)                        inst_150+16
mem[W,0x00000000800045C8] <- 0x0000000000080000

clint mtime 0x00000000000001F2 (mip.MTI <- 0b1, mip.STI <- 0b0)
mem[X,0x0000000080000F8C] -> 0x0513
mem[X,0x0000000080000F8E] -> 0x0010
[996] [M]: 0x0000000080000F8C (0x00100513) addi x10, x0, 0x1                        inst_151+0
x10 <- 0x0000000000000001

mem[X,0x0000000080000F90] -> 0x1513
mem[X,0x0000000080000F92] -> 0x0145
[997] [M]: 0x0000000080000F90 (0x01451513) slli x10, x10, 0x14                      inst_151+4
x10 <- 0x0000000000100000

clint mtime 0x00000000000001F3 (mip.MTI <- 0b1, mip.STI <- 0b0)
mem[X,0x0000000080000F94] -> 0x0593
mem[X,0x0000000080000F96] -> 0x0020
[998] [M]: 0x0000000080000F94 (0x00200593) addi x11, x0, 0x2                        inst_151+8
x11 <- 0x0000000000000002

mem[X,0x0000000080000F98] -> 0x1633
mem[X,0x0000000080000F9A] -> 0x00B5
[999] [M]: 0x0000000080000F98 (0x00B51633) sll x12, x10, x11                        inst_151+12
x12 <- 0x0000000000400000

clint mtime 0x00000000000001F4 (mip.MTI <- 0b1, mip.STI <- 0b0)
mem[X,0x0000000080000F9C] -> 0x3823
mem[X,0x0000000080000F9E] -> 0x42C1
[1000] [M]: 0x0000000080000F9C (0x42C13823) sd x12, 0x430(x2)                       inst_151+16
mem[W,0x00000000800045D0] <- 0x0000000000400000

mem[X,0x0000000080000FA0] -> 0x0513
mem[X,0x0000000080000FA2] -> 0x0010
[1001] [M]: 0x0000000080000FA0 (0x00100513) addi x10, x0, 0x1                       inst_152+0
x10 <- 0x0000000000000001

clint mtime 0x00000000000001F5 (mip.MTI <- 0b1, mip.STI <- 0b0)
mem[X,0x0000000080000FA4] -> 0x1513
mem[X,0x0000000080000FA6] -> 0x0185
[1002] [M]: 0x0000000080000FA4 (0x01851513) slli x10, x10, 0x18                     inst_152+4
x10 <- 0x0000000001000000

mem[X,0x0000000080000FA8] -> 0x0593
mem[X,0x0000000080000FAA] -> 0x0200
[1003] [M]: 0x0000000080000FA8 (0x02000593) addi x11, x0, 0x20                      inst_152+8
x11 <- 0x0000000000000020

clint mtime 0x00000000000001F6 (mip.MTI <- 0b1, mip.STI <- 0b0)
mem[X,0x0000000080000FAC] -> 0x1633
mem[X,0x0000000080000FAE] -> 0x00B5
[1004] [M]: 0x0000000080000FAC (0x00B51633) sll x12, x10, x11                       inst_152+12
x12 <- 0x0100000000000000

mem[X,0x0000000080000FB0] -> 0x3C23
mem[X,0x0000000080000FB2] -> 0x42C1
[1005] [M]: 0x0000000080000FB0 (0x42C13C23) sd x12, 0x438(x2)                       inst_152+16
mem[W,0x00000000800045D8] <- 0x0100000000000000

clint mtime 0x00000000000001F7 (mip.MTI <- 0b1, mip.STI <- 0b0)
mem[X,0x0000000080000FB4] -> 0x006F
mem[X,0x0000000080000FB6] -> 0x0380
[1006] [M]: 0x0000000080000FB4 (0x0380006F) jal x0, 0x38                            rvtest_code_end+0

mem[X,0x0000000080000FEC] -> 0x0093
mem[X,0x0000000080000FEE] -> 0x0010
[1007] [M]: 0x0000000080000FEC (0x00100093) addi x1, x0, 0x1                        exit_cleanup+0
x1 <- 0x0000000000000001

clint mtime 0x00000000000001F8 (mip.MTI <- 0b1, mip.STI <- 0b0)
mem[X,0x0000000080000FF0] -> 0x1397
mem[X,0x0000000080000FF2] -> 0x0000
[1008] [M]: 0x0000000080000FF0 (0x00001397) auipc x7, 0x1                           exit_cleanup+4
x7 <- 0x0000000080001FF0

mem[X,0x0000000080000FF4] -> 0xA823
mem[X,0x0000000080000FF6] -> 0x0013
[1009] [M]: 0x0000000080000FF4 (0x0013A823) sw x1, 0x10(x7)                         exit_cleanup+8
htif[0x0000000080002000] <- 0x00000001
mem[W,0x0000000080002000] <- 0x00000001

clint mtime 0x00000000000001F9 (mip.MTI <- 0b1, mip.STI <- 0b0)
mem[X,0x0000000080000FF8] -> 0xF06F
mem[X,0x0000000080000FFA] -> 0xFF9F
[1010] [M]: 0x0000000080000FF8 (0xFF9FF06F) jal x0, -0x8                            exit_cleanup+12

mem[X,0x0000000080000FF0] -> 0x1397
mem[X,0x0000000080000FF2] -> 0x0000
[1011] [M]: 0x0000000080000FF0 (0x00001397) auipc x7, 0x1                           exit_cleanup+4
x7 <- 0x0000000080001FF0

clint mtime 0x00000000000001FA (mip.MTI <- 0b1, mip.STI <- 0b0)
mem[X,0x0000000080000FF4] -> 0xA823
mem[X,0x0000000080000FF6] -> 0x0013
[1012] [M]: 0x0000000080000FF4 (0x0013A823) sw x1, 0x10(x7)                         exit_cleanup+8
htif[0x0000000080002000] <- 0x00000001
mem[W,0x0000000080002000] <- 0x00000001

mem[X,0x0000000080000FF8] -> 0xF06F
mem[X,0x0000000080000FFA] -> 0xFF9F
[1013] [M]: 0x0000000080000FF8 (0xFF9FF06F) jal x0, -0x8                            exit_cleanup+12

clint mtime 0x00000000000001FB (mip.MTI <- 0b1, mip.STI <- 0b0)
mem[X,0x0000000080000FF0] -> 0x1397
mem[X,0x0000000080000FF2] -> 0x0000
[1014] [M]: 0x0000000080000FF0 (0x00001397) auipc x7, 0x1                           exit_cleanup+4
x7 <- 0x0000000080001FF0

mem[X,0x0000000080000FF4] -> 0xA823
mem[X,0x0000000080000FF6] -> 0x0013
[1015] [M]: 0x0000000080000FF4 (0x0013A823) sw x1, 0x10(x7)                         exit_cleanup+8
htif[0x0000000080002000] <- 0x00000001
htif-syscall-proxy cmd: 0x000000000001
mem[W,0x0000000080002000] <- 0x00000001

SUCCESS
clint mtime 0x00000000000001FC (mip.MTI <- 0b1, mip.STI <- 0b0)
