using /opt/riscv-arch-test/riscof-plugins/rv64/riscof_work/C/src/csrli-01.S/ref/Reference-sail_c_simulator.signature for test-signature output.
setting signature-granularity to 8 bytes
HTIF located at 0x80001000
begin_signature: 0x80003110
end_signature: 0x800035d0
Entry point: 0x80000000
CSR mstatus (0x300) <- 0x0000000A00000000
CSR misa (0x301) <- 0x800000000034112F
CSR mcause (0x342) <- 0x0000000000000000
x10 <- 0x0000000000000000
x11 <- 0x0000000000001000
mem[X,0x0000000080000000] -> 0x0837
mem[X,0x0000000080000002] -> 0x7D5C
[0] [M]: 0x0000000080000000 (0x7D5C0837) lui x16, 0x7d5c0                           rvtest_init+0
x16 <- 0x000000007D5C0000

mem[X,0x0000000080000004] -> 0x0813
mem[X,0x0000000080000006] -> 0xDDB8
[1] [M]: 0x0000000080000004 (0xDDB80813) addi x16, x16, -0x225                      rvtest_init+4
x16 <- 0x000000007D5BFDDB

clint mtime 0x0000000000000001 (mip.MTI <- 0b1, mip.STI <- 0b0)
mem[X,0x0000000080000008] -> 0x1813
mem[X,0x000000008000000A] -> 0x00B8
[2] [M]: 0x0000000080000008 (0x00B81813) slli x16, x16, 0xb                         rvtest_init+8
x16 <- 0x000003EADFEED800

mem[X,0x000000008000000C] -> 0x0813
mem[X,0x000000008000000E] -> 0x3EA8
[3] [M]: 0x000000008000000C (0x3EA80813) addi x16, x16, 0x3ea                       rvtest_init+12
x16 <- 0x000003EADFEEDBEA

clint mtime 0x0000000000000002 (mip.MTI <- 0b1, mip.STI <- 0b0)
mem[X,0x0000000080000010] -> 0x1813
mem[X,0x0000000080000012] -> 0x00B8
[4] [M]: 0x0000000080000010 (0x00B81813) slli x16, x16, 0xb                         rvtest_init+16
x16 <- 0x001F56FF76DF5000

mem[X,0x0000000080000014] -> 0x0813
mem[X,0x0000000080000016] -> 0x6FF8
[5] [M]: 0x0000000080000014 (0x6FF80813) addi x16, x16, 0x6ff                       rvtest_init+20
x16 <- 0x001F56FF76DF56FF

clint mtime 0x0000000000000003 (mip.MTI <- 0b1, mip.STI <- 0b0)
mem[X,0x0000000080000018] -> 0x1813
mem[X,0x000000008000001A] -> 0x00A8
[6] [M]: 0x0000000080000018 (0x00A81813) slli x16, x16, 0xa                         rvtest_init+24
x16 <- 0x7D5BFDDB7D5BFC00

mem[X,0x000000008000001C] -> 0x0813
mem[X,0x000000008000001E] -> 0x1DB8
[7] [M]: 0x000000008000001C (0x1DB80813) addi x16, x16, 0x1db                       rvtest_init+28
x16 <- 0x7D5BFDDB7D5BFDDB

clint mtime 0x0000000000000004 (mip.MTI <- 0b1, mip.STI <- 0b0)
mem[X,0x0000000080000020] -> 0x5893
mem[X,0x0000000080000022] -> 0x0078
[8] [M]: 0x0000000080000020 (0x00785893) srli x17, x16, 0x7                         rvtest_init+32
x17 <- 0x00FAB7FBB6FAB7FB

mem[X,0x0000000080000024] -> 0x5793
mem[X,0x0000000080000026] -> 0x0398
[9] [M]: 0x0000000080000024 (0x03985793) srli x15, x16, 0x39                        rvtest_init+36
x15 <- 0x000000000000003E

clint mtime 0x0000000000000005 (mip.MTI <- 0b1, mip.STI <- 0b0)
mem[X,0x0000000080000028] -> 0xE8B3
mem[X,0x000000008000002A] -> 0x00F8
[10] [M]: 0x0000000080000028 (0x00F8E8B3) or x17, x17, x15                          rvtest_init+40
x17 <- 0x00FAB7FBB6FAB7FF

mem[X,0x000000008000002C] -> 0xD913
mem[X,0x000000008000002E] -> 0x0078
[11] [M]: 0x000000008000002C (0x0078D913) srli x18, x17, 0x7                        rvtest_init+44
x18 <- 0x0001F56FF76DF56F

clint mtime 0x0000000000000006 (mip.MTI <- 0b1, mip.STI <- 0b0)
mem[X,0x0000000080000030] -> 0xD793
mem[X,0x0000000080000032] -> 0x0398
[12] [M]: 0x0000000080000030 (0x0398D793) srli x15, x17, 0x39                       rvtest_init+48
x15 <- 0x0000000000000000

mem[X,0x0000000080000034] -> 0x6933
mem[X,0x0000000080000036] -> 0x00F9
[13] [M]: 0x0000000080000034 (0x00F96933) or x18, x18, x15                          rvtest_init+52
x18 <- 0x0001F56FF76DF56F

clint mtime 0x0000000000000007 (mip.MTI <- 0b1, mip.STI <- 0b0)
mem[X,0x0000000080000038] -> 0x5993
mem[X,0x000000008000003A] -> 0x0079
[14] [M]: 0x0000000080000038 (0x00795993) srli x19, x18, 0x7                        rvtest_init+56
x19 <- 0x000003EADFEEDBEA

mem[X,0x000000008000003C] -> 0x5793
mem[X,0x000000008000003E] -> 0x0399
[15] [M]: 0x000000008000003C (0x03995793) srli x15, x18, 0x39                       rvtest_init+60
x15 <- 0x0000000000000000

clint mtime 0x0000000000000008 (mip.MTI <- 0b1, mip.STI <- 0b0)
mem[X,0x0000000080000040] -> 0xE9B3
mem[X,0x0000000080000042] -> 0x00F9
[16] [M]: 0x0000000080000040 (0x00F9E9B3) or x19, x19, x15                          rvtest_init+64
x19 <- 0x000003EADFEEDBEA

mem[X,0x0000000080000044] -> 0xDA13
mem[X,0x0000000080000046] -> 0x0079
[17] [M]: 0x0000000080000044 (0x0079DA13) srli x20, x19, 0x7                        rvtest_init+68
x20 <- 0x00000007D5BFDDB7

clint mtime 0x0000000000000009 (mip.MTI <- 0b1, mip.STI <- 0b0)
mem[X,0x0000000080000048] -> 0xD793
mem[X,0x000000008000004A] -> 0x0399
[18] [M]: 0x0000000080000048 (0x0399D793) srli x15, x19, 0x39                       rvtest_init+72
x15 <- 0x0000000000000000

mem[X,0x000000008000004C] -> 0x6A33
mem[X,0x000000008000004E] -> 0x00FA
[19] [M]: 0x000000008000004C (0x00FA6A33) or x20, x20, x15                          rvtest_init+76
x20 <- 0x00000007D5BFDDB7

clint mtime 0x000000000000000A (mip.MTI <- 0b1, mip.STI <- 0b0)
mem[X,0x0000000080000050] -> 0x5A93
mem[X,0x0000000080000052] -> 0x007A
[20] [M]: 0x0000000080000050 (0x007A5A93) srli x21, x20, 0x7                        rvtest_init+80
x21 <- 0x000000000FAB7FBB

mem[X,0x0000000080000054] -> 0x5793
mem[X,0x0000000080000056] -> 0x039A
[21] [M]: 0x0000000080000054 (0x039A5793) srli x15, x20, 0x39                       rvtest_init+84
x15 <- 0x0000000000000000

clint mtime 0x000000000000000B (mip.MTI <- 0b1, mip.STI <- 0b0)
mem[X,0x0000000080000058] -> 0xEAB3
mem[X,0x000000008000005A] -> 0x00FA
[22] [M]: 0x0000000080000058 (0x00FAEAB3) or x21, x21, x15                          rvtest_init+88
x21 <- 0x000000000FAB7FBB

mem[X,0x000000008000005C] -> 0xDB13
mem[X,0x000000008000005E] -> 0x007A
[23] [M]: 0x000000008000005C (0x007ADB13) srli x22, x21, 0x7                        rvtest_init+92
x22 <- 0x00000000001F56FF

clint mtime 0x000000000000000C (mip.MTI <- 0b1, mip.STI <- 0b0)
mem[X,0x0000000080000060] -> 0xD793
mem[X,0x0000000080000062] -> 0x039A
[24] [M]: 0x0000000080000060 (0x039AD793) srli x15, x21, 0x39                       rvtest_init+96
x15 <- 0x0000000000000000

mem[X,0x0000000080000064] -> 0x6B33
mem[X,0x0000000080000066] -> 0x00FB
[25] [M]: 0x0000000080000064 (0x00FB6B33) or x22, x22, x15                          rvtest_init+100
x22 <- 0x00000000001F56FF

clint mtime 0x000000000000000D (mip.MTI <- 0b1, mip.STI <- 0b0)
mem[X,0x0000000080000068] -> 0x5B93
mem[X,0x000000008000006A] -> 0x007B
[26] [M]: 0x0000000080000068 (0x007B5B93) srli x23, x22, 0x7                        rvtest_init+104
x23 <- 0x0000000000003EAD

mem[X,0x000000008000006C] -> 0x5793
mem[X,0x000000008000006E] -> 0x039B
[27] [M]: 0x000000008000006C (0x039B5793) srli x15, x22, 0x39                       rvtest_init+108
x15 <- 0x0000000000000000

clint mtime 0x000000000000000E (mip.MTI <- 0b1, mip.STI <- 0b0)
mem[X,0x0000000080000070] -> 0xEBB3
mem[X,0x0000000080000072] -> 0x00FB
[28] [M]: 0x0000000080000070 (0x00FBEBB3) or x23, x23, x15                          rvtest_init+112
x23 <- 0x0000000000003EAD

mem[X,0x0000000080000074] -> 0xDC13
mem[X,0x0000000080000076] -> 0x007B
[29] [M]: 0x0000000080000074 (0x007BDC13) srli x24, x23, 0x7                        rvtest_init+116
x24 <- 0x000000000000007D

clint mtime 0x000000000000000F (mip.MTI <- 0b1, mip.STI <- 0b0)
mem[X,0x0000000080000078] -> 0xD793
mem[X,0x000000008000007A] -> 0x039B
[30] [M]: 0x0000000080000078 (0x039BD793) srli x15, x23, 0x39                       rvtest_init+120
x15 <- 0x0000000000000000

mem[X,0x000000008000007C] -> 0x6C33
mem[X,0x000000008000007E] -> 0x00FC
[31] [M]: 0x000000008000007C (0x00FC6C33) or x24, x24, x15                          rvtest_init+124
x24 <- 0x000000000000007D

clint mtime 0x0000000000000010 (mip.MTI <- 0b1, mip.STI <- 0b0)
mem[X,0x0000000080000080] -> 0x5C93
mem[X,0x0000000080000082] -> 0x007C
[32] [M]: 0x0000000080000080 (0x007C5C93) srli x25, x24, 0x7                        rvtest_init+128
x25 <- 0x0000000000000000

mem[X,0x0000000080000084] -> 0x5793
mem[X,0x0000000080000086] -> 0x039C
[33] [M]: 0x0000000080000084 (0x039C5793) srli x15, x24, 0x39                       rvtest_init+132
x15 <- 0x0000000000000000

clint mtime 0x0000000000000011 (mip.MTI <- 0b1, mip.STI <- 0b0)
mem[X,0x0000000080000088] -> 0xECB3
mem[X,0x000000008000008A] -> 0x00FC
[34] [M]: 0x0000000080000088 (0x00FCECB3) or x25, x25, x15                          rvtest_init+136
x25 <- 0x0000000000000000

mem[X,0x000000008000008C] -> 0xDD13
mem[X,0x000000008000008E] -> 0x007C
[35] [M]: 0x000000008000008C (0x007CDD13) srli x26, x25, 0x7                        rvtest_init+140
x26 <- 0x0000000000000000

clint mtime 0x0000000000000012 (mip.MTI <- 0b1, mip.STI <- 0b0)
mem[X,0x0000000080000090] -> 0xD793
mem[X,0x0000000080000092] -> 0x039C
[36] [M]: 0x0000000080000090 (0x039CD793) srli x15, x25, 0x39                       rvtest_init+144
x15 <- 0x0000000000000000

mem[X,0x0000000080000094] -> 0x6D33
mem[X,0x0000000080000096] -> 0x00FD
[37] [M]: 0x0000000080000094 (0x00FD6D33) or x26, x26, x15                          rvtest_init+148
x26 <- 0x0000000000000000

clint mtime 0x0000000000000013 (mip.MTI <- 0b1, mip.STI <- 0b0)
mem[X,0x0000000080000098] -> 0x5D93
mem[X,0x000000008000009A] -> 0x007D
[38] [M]: 0x0000000080000098 (0x007D5D93) srli x27, x26, 0x7                        rvtest_init+152
x27 <- 0x0000000000000000

mem[X,0x000000008000009C] -> 0x5793
mem[X,0x000000008000009E] -> 0x039D
[39] [M]: 0x000000008000009C (0x039D5793) srli x15, x26, 0x39                       rvtest_init+156
x15 <- 0x0000000000000000

clint mtime 0x0000000000000014 (mip.MTI <- 0b1, mip.STI <- 0b0)
mem[X,0x00000000800000A0] -> 0xEDB3
mem[X,0x00000000800000A2] -> 0x00FD
[40] [M]: 0x00000000800000A0 (0x00FDEDB3) or x27, x27, x15                          rvtest_init+160
x27 <- 0x0000000000000000

mem[X,0x00000000800000A4] -> 0xDE13
mem[X,0x00000000800000A6] -> 0x007D
[41] [M]: 0x00000000800000A4 (0x007DDE13) srli x28, x27, 0x7                        rvtest_init+164
x28 <- 0x0000000000000000

clint mtime 0x0000000000000015 (mip.MTI <- 0b1, mip.STI <- 0b0)
mem[X,0x00000000800000A8] -> 0xD793
mem[X,0x00000000800000AA] -> 0x039D
[42] [M]: 0x00000000800000A8 (0x039DD793) srli x15, x27, 0x39                       rvtest_init+168
x15 <- 0x0000000000000000

mem[X,0x00000000800000AC] -> 0x6E33
mem[X,0x00000000800000AE] -> 0x00FE
[43] [M]: 0x00000000800000AC (0x00FE6E33) or x28, x28, x15                          rvtest_init+172
x28 <- 0x0000000000000000

clint mtime 0x0000000000000016 (mip.MTI <- 0b1, mip.STI <- 0b0)
mem[X,0x00000000800000B0] -> 0x5E93
mem[X,0x00000000800000B2] -> 0x007E
[44] [M]: 0x00000000800000B0 (0x007E5E93) srli x29, x28, 0x7                        rvtest_init+176
x29 <- 0x0000000000000000

mem[X,0x00000000800000B4] -> 0x5793
mem[X,0x00000000800000B6] -> 0x039E
[45] [M]: 0x00000000800000B4 (0x039E5793) srli x15, x28, 0x39                       rvtest_init+180
x15 <- 0x0000000000000000

clint mtime 0x0000000000000017 (mip.MTI <- 0b1, mip.STI <- 0b0)
mem[X,0x00000000800000B8] -> 0xEEB3
mem[X,0x00000000800000BA] -> 0x00FE
[46] [M]: 0x00000000800000B8 (0x00FEEEB3) or x29, x29, x15                          rvtest_init+184
x29 <- 0x0000000000000000

mem[X,0x00000000800000BC] -> 0xDF13
mem[X,0x00000000800000BE] -> 0x007E
[47] [M]: 0x00000000800000BC (0x007EDF13) srli x30, x29, 0x7                        rvtest_init+188
x30 <- 0x0000000000000000

clint mtime 0x0000000000000018 (mip.MTI <- 0b1, mip.STI <- 0b0)
mem[X,0x00000000800000C0] -> 0xD793
mem[X,0x00000000800000C2] -> 0x039E
[48] [M]: 0x00000000800000C0 (0x039ED793) srli x15, x29, 0x39                       rvtest_init+192
x15 <- 0x0000000000000000

mem[X,0x00000000800000C4] -> 0x6F33
mem[X,0x00000000800000C6] -> 0x00FF
[49] [M]: 0x00000000800000C4 (0x00FF6F33) or x30, x30, x15                          rvtest_init+196
x30 <- 0x0000000000000000

clint mtime 0x0000000000000019 (mip.MTI <- 0b1, mip.STI <- 0b0)
mem[X,0x00000000800000C8] -> 0xC0B7
mem[X,0x00000000800000CA] -> 0xFEED
[50] [M]: 0x00000000800000C8 (0xFEEDC0B7) lui x1, -0x1124                           rvtest_init+200
x1 <- 0xFFFFFFFFFEEDC000

mem[X,0x00000000800000CC] -> 0x8093
mem[X,0x00000000800000CE] -> 0xEAD0
[51] [M]: 0x00000000800000CC (0xEAD08093) addi x1, x1, -0x153                       rvtest_init+204
x1 <- 0xFFFFFFFFFEEDBEAD

clint mtime 0x000000000000001A (mip.MTI <- 0b1, mip.STI <- 0b0)
mem[X,0x00000000800000D0] -> 0x9093
mem[X,0x00000000800000D2] -> 0x00B0
[52] [M]: 0x00000000800000D0 (0x00B09093) slli x1, x1, 0xb                          rvtest_init+208
x1 <- 0xFFFFFFF76DF56800

mem[X,0x00000000800000D4] -> 0x8093
mem[X,0x00000000800000D6] -> 0x7F70
[53] [M]: 0x00000000800000D4 (0x7F708093) addi x1, x1, 0x7f7                        rvtest_init+212
x1 <- 0xFFFFFFF76DF56FF7

clint mtime 0x000000000000001B (mip.MTI <- 0b1, mip.STI <- 0b0)
mem[X,0x00000000800000D8] -> 0x9093
mem[X,0x00000000800000DA] -> 0x00B0
[54] [M]: 0x00000000800000D8 (0x00B09093) slli x1, x1, 0xb                          rvtest_init+216
x1 <- 0xFFFFBB6FAB7FB800

mem[X,0x00000000800000DC] -> 0x8093
mem[X,0x00000000800000DE] -> 0x36F0
[55] [M]: 0x00000000800000DC (0x36F08093) addi x1, x1, 0x36f                        rvtest_init+220
x1 <- 0xFFFFBB6FAB7FBB6F

clint mtime 0x000000000000001C (mip.MTI <- 0b1, mip.STI <- 0b0)
mem[X,0x00000000800000E0] -> 0x9093
mem[X,0x00000000800000E2] -> 0x00A0
[56] [M]: 0x00000000800000E0 (0x00A09093) slli x1, x1, 0xa                          rvtest_init+224
x1 <- 0xFEEDBEADFEEDBC00

mem[X,0x00000000800000E4] -> 0x8093
mem[X,0x00000000800000E6] -> 0x2AD0
[57] [M]: 0x00000000800000E4 (0x2AD08093) addi x1, x1, 0x2ad                        rvtest_init+228
x1 <- 0xFEEDBEADFEEDBEAD

clint mtime 0x000000000000001D (mip.MTI <- 0b1, mip.STI <- 0b0)
mem[X,0x00000000800000E8] -> 0xD113
mem[X,0x00000000800000EA] -> 0x0070
[58] [M]: 0x00000000800000E8 (0x0070D113) srli x2, x1, 0x7                          rvtest_init+232
x2 <- 0x01FDDB7D5BFDDB7D

mem[X,0x00000000800000EC] -> 0xD793
mem[X,0x00000000800000EE] -> 0x0390
[59] [M]: 0x00000000800000EC (0x0390D793) srli x15, x1, 0x39                        rvtest_init+236
x15 <- 0x000000000000007F

clint mtime 0x000000000000001E (mip.MTI <- 0b1, mip.STI <- 0b0)
mem[X,0x00000000800000F0] -> 0x6133
mem[X,0x00000000800000F2] -> 0x00F1
[60] [M]: 0x00000000800000F0 (0x00F16133) or x2, x2, x15                            rvtest_init+240
x2 <- 0x01FDDB7D5BFDDB7F

mem[X,0x00000000800000F4] -> 0x5193
mem[X,0x00000000800000F6] -> 0x0071
[61] [M]: 0x00000000800000F4 (0x00715193) srli x3, x2, 0x7                          rvtest_init+244
x3 <- 0x0003FBB6FAB7FBB6

clint mtime 0x000000000000001F (mip.MTI <- 0b1, mip.STI <- 0b0)
mem[X,0x00000000800000F8] -> 0x5793
mem[X,0x00000000800000FA] -> 0x0391
[62] [M]: 0x00000000800000F8 (0x03915793) srli x15, x2, 0x39                        rvtest_init+248
x15 <- 0x0000000000000000

mem[X,0x00000000800000FC] -> 0xE1B3
mem[X,0x00000000800000FE] -> 0x00F1
[63] [M]: 0x00000000800000FC (0x00F1E1B3) or x3, x3, x15                            rvtest_init+252
x3 <- 0x0003FBB6FAB7FBB6

clint mtime 0x0000000000000020 (mip.MTI <- 0b1, mip.STI <- 0b0)
mem[X,0x0000000080000100] -> 0xD213
mem[X,0x0000000080000102] -> 0x0071
[64] [M]: 0x0000000080000100 (0x0071D213) srli x4, x3, 0x7                          rvtest_init+256
x4 <- 0x000007F76DF56FF7

mem[X,0x0000000080000104] -> 0xD793
mem[X,0x0000000080000106] -> 0x0391
[65] [M]: 0x0000000080000104 (0x0391D793) srli x15, x3, 0x39                        rvtest_init+260
x15 <- 0x0000000000000000

clint mtime 0x0000000000000021 (mip.MTI <- 0b1, mip.STI <- 0b0)
mem[X,0x0000000080000108] -> 0x6233
mem[X,0x000000008000010A] -> 0x00F2
[66] [M]: 0x0000000080000108 (0x00F26233) or x4, x4, x15                            rvtest_init+264
x4 <- 0x000007F76DF56FF7

mem[X,0x000000008000010C] -> 0x5293
mem[X,0x000000008000010E] -> 0x0072
[67] [M]: 0x000000008000010C (0x00725293) srli x5, x4, 0x7                          rvtest_init+268
x5 <- 0x0000000FEEDBEADF

clint mtime 0x0000000000000022 (mip.MTI <- 0b1, mip.STI <- 0b0)
mem[X,0x0000000080000110] -> 0x5793
mem[X,0x0000000080000112] -> 0x0392
[68] [M]: 0x0000000080000110 (0x03925793) srli x15, x4, 0x39                        rvtest_init+272
x15 <- 0x0000000000000000

mem[X,0x0000000080000114] -> 0xE2B3
mem[X,0x0000000080000116] -> 0x00F2
[69] [M]: 0x0000000080000114 (0x00F2E2B3) or x5, x5, x15                            rvtest_init+276
x5 <- 0x0000000FEEDBEADF

clint mtime 0x0000000000000023 (mip.MTI <- 0b1, mip.STI <- 0b0)
mem[X,0x0000000080000118] -> 0xD313
mem[X,0x000000008000011A] -> 0x0072
[70] [M]: 0x0000000080000118 (0x0072D313) srli x6, x5, 0x7                          rvtest_init+280
x6 <- 0x000000001FDDB7D5

mem[X,0x000000008000011C] -> 0xD793
mem[X,0x000000008000011E] -> 0x0392
[71] [M]: 0x000000008000011C (0x0392D793) srli x15, x5, 0x39                        rvtest_init+284
x15 <- 0x0000000000000000

clint mtime 0x0000000000000024 (mip.MTI <- 0b1, mip.STI <- 0b0)
mem[X,0x0000000080000120] -> 0x6333
mem[X,0x0000000080000122] -> 0x00F3
[72] [M]: 0x0000000080000120 (0x00F36333) or x6, x6, x15                            rvtest_init+288
x6 <- 0x000000001FDDB7D5

mem[X,0x0000000080000124] -> 0x5393
mem[X,0x0000000080000126] -> 0x0073
[73] [M]: 0x0000000080000124 (0x00735393) srli x7, x6, 0x7                          rvtest_init+292
x7 <- 0x00000000003FBB6F

clint mtime 0x0000000000000025 (mip.MTI <- 0b1, mip.STI <- 0b0)
mem[X,0x0000000080000128] -> 0x5793
mem[X,0x000000008000012A] -> 0x0393
[74] [M]: 0x0000000080000128 (0x03935793) srli x15, x6, 0x39                        rvtest_init+296
x15 <- 0x0000000000000000

mem[X,0x000000008000012C] -> 0xE3B3
mem[X,0x000000008000012E] -> 0x00F3
[75] [M]: 0x000000008000012C (0x00F3E3B3) or x7, x7, x15                            rvtest_init+300
x7 <- 0x00000000003FBB6F

clint mtime 0x0000000000000026 (mip.MTI <- 0b1, mip.STI <- 0b0)
mem[X,0x0000000080000130] -> 0xD413
mem[X,0x0000000080000132] -> 0x0073
[76] [M]: 0x0000000080000130 (0x0073D413) srli x8, x7, 0x7                          rvtest_init+304
x8 <- 0x0000000000007F76

mem[X,0x0000000080000134] -> 0xD793
mem[X,0x0000000080000136] -> 0x0393
[77] [M]: 0x0000000080000134 (0x0393D793) srli x15, x7, 0x39                        rvtest_init+308
x15 <- 0x0000000000000000

clint mtime 0x0000000000000027 (mip.MTI <- 0b1, mip.STI <- 0b0)
mem[X,0x0000000080000138] -> 0x6433
mem[X,0x000000008000013A] -> 0x00F4
[78] [M]: 0x0000000080000138 (0x00F46433) or x8, x8, x15                            rvtest_init+312
x8 <- 0x0000000000007F76

mem[X,0x000000008000013C] -> 0x5493
mem[X,0x000000008000013E] -> 0x0074
[79] [M]: 0x000000008000013C (0x00745493) srli x9, x8, 0x7                          rvtest_init+316
x9 <- 0x00000000000000FE

clint mtime 0x0000000000000028 (mip.MTI <- 0b1, mip.STI <- 0b0)
mem[X,0x0000000080000140] -> 0x5793
mem[X,0x0000000080000142] -> 0x0394
[80] [M]: 0x0000000080000140 (0x03945793) srli x15, x8, 0x39                        rvtest_init+320
x15 <- 0x0000000000000000

mem[X,0x0000000080000144] -> 0xE4B3
mem[X,0x0000000080000146] -> 0x00F4
[81] [M]: 0x0000000080000144 (0x00F4E4B3) or x9, x9, x15                            rvtest_init+324
x9 <- 0x00000000000000FE

clint mtime 0x0000000000000029 (mip.MTI <- 0b1, mip.STI <- 0b0)
mem[X,0x0000000080000148] -> 0xD513
mem[X,0x000000008000014A] -> 0x0074
[82] [M]: 0x0000000080000148 (0x0074D513) srli x10, x9, 0x7                         rvtest_init+328
x10 <- 0x0000000000000001

mem[X,0x000000008000014C] -> 0xD793
mem[X,0x000000008000014E] -> 0x0394
[83] [M]: 0x000000008000014C (0x0394D793) srli x15, x9, 0x39                        rvtest_init+332
x15 <- 0x0000000000000000

clint mtime 0x000000000000002A (mip.MTI <- 0b1, mip.STI <- 0b0)
mem[X,0x0000000080000150] -> 0x6533
mem[X,0x0000000080000152] -> 0x00F5
[84] [M]: 0x0000000080000150 (0x00F56533) or x10, x10, x15                          rvtest_init+336
x10 <- 0x0000000000000001

mem[X,0x0000000080000154] -> 0x5593
mem[X,0x0000000080000156] -> 0x0075
[85] [M]: 0x0000000080000154 (0x00755593) srli x11, x10, 0x7                        rvtest_init+340
x11 <- 0x0000000000000000

clint mtime 0x000000000000002B (mip.MTI <- 0b1, mip.STI <- 0b0)
mem[X,0x0000000080000158] -> 0x5793
mem[X,0x000000008000015A] -> 0x0395
[86] [M]: 0x0000000080000158 (0x03955793) srli x15, x10, 0x39                       rvtest_init+344
x15 <- 0x0000000000000000

mem[X,0x000000008000015C] -> 0xE5B3
mem[X,0x000000008000015E] -> 0x00F5
[87] [M]: 0x000000008000015C (0x00F5E5B3) or x11, x11, x15                          rvtest_init+348
x11 <- 0x0000000000000000

clint mtime 0x000000000000002C (mip.MTI <- 0b1, mip.STI <- 0b0)
mem[X,0x0000000080000160] -> 0xD613
mem[X,0x0000000080000162] -> 0x0075
[88] [M]: 0x0000000080000160 (0x0075D613) srli x12, x11, 0x7                        rvtest_init+352
x12 <- 0x0000000000000000

mem[X,0x0000000080000164] -> 0xD793
mem[X,0x0000000080000166] -> 0x0395
[89] [M]: 0x0000000080000164 (0x0395D793) srli x15, x11, 0x39                       rvtest_init+356
x15 <- 0x0000000000000000

clint mtime 0x000000000000002D (mip.MTI <- 0b1, mip.STI <- 0b0)
mem[X,0x0000000080000168] -> 0x6633
mem[X,0x000000008000016A] -> 0x00F6
[90] [M]: 0x0000000080000168 (0x00F66633) or x12, x12, x15                          rvtest_init+360
x12 <- 0x0000000000000000

mem[X,0x000000008000016C] -> 0x5693
mem[X,0x000000008000016E] -> 0x0076
[91] [M]: 0x000000008000016C (0x00765693) srli x13, x12, 0x7                        rvtest_init+364
x13 <- 0x0000000000000000

clint mtime 0x000000000000002E (mip.MTI <- 0b1, mip.STI <- 0b0)
mem[X,0x0000000080000170] -> 0x5793
mem[X,0x0000000080000172] -> 0x0396
[92] [M]: 0x0000000080000170 (0x03965793) srli x15, x12, 0x39                       rvtest_init+368
x15 <- 0x0000000000000000

mem[X,0x0000000080000174] -> 0xE6B3
mem[X,0x0000000080000176] -> 0x00F6
[93] [M]: 0x0000000080000174 (0x00F6E6B3) or x13, x13, x15                          rvtest_init+372
x13 <- 0x0000000000000000

clint mtime 0x000000000000002F (mip.MTI <- 0b1, mip.STI <- 0b0)
mem[X,0x0000000080000178] -> 0x0013
mem[X,0x000000008000017A] -> 0x0000
[94] [M]: 0x0000000080000178 (0x00000013) addi x0, x0, 0x0                          rvtest_code_begin+0

mem[X,0x000000008000017C] -> 0x0013
mem[X,0x000000008000017E] -> 0x0000
[95] [M]: 0x000000008000017C (0x00000013) addi x0, x0, 0x0                          rvtest_code_begin+4

clint mtime 0x0000000000000030 (mip.MTI <- 0b1, mip.STI <- 0b0)
mem[X,0x0000000080000180] -> 0x3097
mem[X,0x0000000080000182] -> 0x0000
[96] [M]: 0x0000000080000180 (0x00003097) auipc x1, 0x3                             rvtest_code_begin+8
x1 <- 0x0000000080003180

mem[X,0x0000000080000184] -> 0x8093
mem[X,0x0000000080000186] -> 0xF980
[97] [M]: 0x0000000080000184 (0xF9808093) addi x1, x1, -0x68                        rvtest_code_begin+12
x1 <- 0x0000000080003118

clint mtime 0x0000000000000031 (mip.MTI <- 0b1, mip.STI <- 0b0)
mem[X,0x0000000080000188] -> 0x0013
mem[X,0x000000008000018A] -> 0x0000
[98] [M]: 0x0000000080000188 (0x00000013) addi x0, x0, 0x0                          rvtest_code_begin+16

mem[X,0x000000008000018C] -> 0x0013
mem[X,0x000000008000018E] -> 0x0000
[99] [M]: 0x000000008000018C (0x00000013) addi x0, x0, 0x0                          rvtest_code_begin+20

clint mtime 0x0000000000000032 (mip.MTI <- 0b1, mip.STI <- 0b0)
mem[X,0x0000000080000190] -> 0x0013
mem[X,0x0000000080000192] -> 0x0000
[100] [M]: 0x0000000080000190 (0x00000013) addi x0, x0, 0x0                         rvtest_code_begin+24

mem[X,0x0000000080000194] -> 0x0013
mem[X,0x0000000080000196] -> 0x0000
[101] [M]: 0x0000000080000194 (0x00000013) addi x0, x0, 0x0                         rvtest_code_begin+28

clint mtime 0x0000000000000033 (mip.MTI <- 0b1, mip.STI <- 0b0)
mem[X,0x0000000080000198] -> 0x0013
mem[X,0x000000008000019A] -> 0x0000
[102] [M]: 0x0000000080000198 (0x00000013) addi x0, x0, 0x0                         rvtest_code_begin+32

mem[X,0x000000008000019C] -> 0x0013
mem[X,0x000000008000019E] -> 0x0000
[103] [M]: 0x000000008000019C (0x00000013) addi x0, x0, 0x0                         rvtest_code_begin+36

clint mtime 0x0000000000000034 (mip.MTI <- 0b1, mip.STI <- 0b0)
mem[X,0x00000000800001A0] -> 0x0693
mem[X,0x00000000800001A2] -> 0x0010
[104] [M]: 0x00000000800001A0 (0x00100693) addi x13, x0, 0x1                        inst_0+0
x13 <- 0x0000000000000001

mem[X,0x00000000800001A4] -> 0x9693
mem[X,0x00000000800001A6] -> 0x0326
[105] [M]: 0x00000000800001A4 (0x03269693) slli x13, x13, 0x32                      inst_0+4
x13 <- 0x0004000000000000

clint mtime 0x0000000000000035 (mip.MTI <- 0b1, mip.STI <- 0b0)
mem[X,0x00000000800001A8] -> 0xC693
mem[X,0x00000000800001AA] -> 0xFFF6
[106] [M]: 0x00000000800001A8 (0xFFF6C693) xori x13, x13, -0x1                      inst_0+8
x13 <- 0xFFFBFFFFFFFFFFFF

mem[X,0x00000000800001AC] -> 0x828D
[107] [M]: 0x00000000800001AC (0x828D) c.srli x13, 0x3                              inst_0+12
x13 <- 0x1FFF7FFFFFFFFFFF

clint mtime 0x0000000000000036 (mip.MTI <- 0b1, mip.STI <- 0b0)
mem[X,0x00000000800001AE] -> 0xB023
mem[X,0x00000000800001B0] -> 0x00D0
[108] [M]: 0x00000000800001AE (0x00D0B023) sd x13, 0x0(x1)                          inst_0+14
mem[W,0x0000000080003118] <- 0x1FFF7FFFFFFFFFFF

mem[X,0x00000000800001B2] -> 0x0593
mem[X,0x00000000800001B4] -> 0x0010
[109] [M]: 0x00000000800001B2 (0x00100593) addi x11, x0, 0x1                        inst_1+0
x11 <- 0x0000000000000001

clint mtime 0x0000000000000037 (mip.MTI <- 0b1, mip.STI <- 0b0)
mem[X,0x00000000800001B6] -> 0x9593
mem[X,0x00000000800001B8] -> 0x01D5
[110] [M]: 0x00000000800001B6 (0x01D59593) slli x11, x11, 0x1d                      inst_1+4
x11 <- 0x0000000020000000

mem[X,0x00000000800001BA] -> 0x81C1
[111] [M]: 0x00000000800001BA (0x81C1) c.srli x11, 0x10                             inst_1+8
x11 <- 0x0000000000002000

clint mtime 0x0000000000000038 (mip.MTI <- 0b1, mip.STI <- 0b0)
mem[X,0x00000000800001BC] -> 0xB423
mem[X,0x00000000800001BE] -> 0x00B0
[112] [M]: 0x00000000800001BC (0x00B0B423) sd x11, 0x8(x1)                          inst_1+10
mem[W,0x0000000080003120] <- 0x0000000000002000

mem[X,0x00000000800001C0] -> 0x0613
mem[X,0x00000000800001C2] -> 0x0050
[113] [M]: 0x00000000800001C0 (0x00500613) addi x12, x0, 0x5                        inst_2+0
x12 <- 0x0000000000000005

clint mtime 0x0000000000000039 (mip.MTI <- 0b1, mip.STI <- 0b0)
mem[X,0x00000000800001C4] -> 0x8215
[114] [M]: 0x00000000800001C4 (0x8215) c.srli x12, 0x5                              inst_2+4
x12 <- 0x0000000000000000

mem[X,0x00000000800001C6] -> 0xB823
mem[X,0x00000000800001C8] -> 0x00C0
[115] [M]: 0x00000000800001C6 (0x00C0B823) sd x12, 0x10(x1)                         inst_2+6
mem[W,0x0000000080003128] <- 0x0000000000000000

clint mtime 0x000000000000003A (mip.MTI <- 0b1, mip.STI <- 0b0)
mem[X,0x00000000800001CA] -> 0x0513
mem[X,0x00000000800001CC] -> 0xFFF0
[116] [M]: 0x00000000800001CA (0xFFF00513) addi x10, x0, -0x1                       inst_3+0
x10 <- 0xFFFFFFFFFFFFFFFF

mem[X,0x00000000800001CE] -> 0x1513
mem[X,0x00000000800001D0] -> 0x03F5
[117] [M]: 0x00000000800001CE (0x03F51513) slli x10, x10, 0x3f                      inst_3+4
x10 <- 0x8000000000000000

clint mtime 0x000000000000003B (mip.MTI <- 0b1, mip.STI <- 0b0)
mem[X,0x00000000800001D2] -> 0x814D
[118] [M]: 0x00000000800001D2 (0x814D) c.srli x10, 0x13                             inst_3+8
x10 <- 0x0000100000000000

mem[X,0x00000000800001D4] -> 0xBC23
mem[X,0x00000000800001D6] -> 0x00A0
[119] [M]: 0x00000000800001D4 (0x00A0BC23) sd x10, 0x18(x1)                         inst_3+10
mem[W,0x0000000080003130] <- 0x0000100000000000

clint mtime 0x000000000000003C (mip.MTI <- 0b1, mip.STI <- 0b0)
mem[X,0x00000000800001D8] -> 0x0793
mem[X,0x00000000800001DA] -> 0x0000
[120] [M]: 0x00000000800001D8 (0x00000793) addi x15, x0, 0x0                        inst_4+0
x15 <- 0x0000000000000000

mem[X,0x00000000800001DC] -> 0x839D
[121] [M]: 0x00000000800001DC (0x839D) c.srli x15, 0x7                              inst_4+4
x15 <- 0x0000000000000000

clint mtime 0x000000000000003D (mip.MTI <- 0b1, mip.STI <- 0b0)
mem[X,0x00000000800001DE] -> 0xB023
mem[X,0x00000000800001E0] -> 0x02F0
[122] [M]: 0x00000000800001DE (0x02F0B023) sd x15, 0x20(x1)                         inst_4+6
mem[W,0x0000000080003138] <- 0x0000000000000000

mem[X,0x00000000800001E2] -> 0x0713
mem[X,0x00000000800001E4] -> 0xFFF0
[123] [M]: 0x00000000800001E2 (0xFFF00713) addi x14, x0, -0x1                       inst_5+0
x14 <- 0xFFFFFFFFFFFFFFFF

clint mtime 0x000000000000003E (mip.MTI <- 0b1, mip.STI <- 0b0)
mem[X,0x00000000800001E6] -> 0x5713
mem[X,0x00000000800001E8] -> 0x0017
[124] [M]: 0x00000000800001E6 (0x00175713) srli x14, x14, 0x1                       inst_5+4
x14 <- 0x7FFFFFFFFFFFFFFF

mem[X,0x00000000800001EA] -> 0x8321
[125] [M]: 0x00000000800001EA (0x8321) c.srli x14, 0x8                              inst_5+8
x14 <- 0x007FFFFFFFFFFFFF

clint mtime 0x000000000000003F (mip.MTI <- 0b1, mip.STI <- 0b0)
mem[X,0x00000000800001EC] -> 0xB423
mem[X,0x00000000800001EE] -> 0x02E0
[126] [M]: 0x00000000800001EC (0x02E0B423) sd x14, 0x28(x1)                         inst_5+10
mem[W,0x0000000080003140] <- 0x007FFFFFFFFFFFFF

mem[X,0x00000000800001F0] -> 0x0493
mem[X,0x00000000800001F2] -> 0x0010
[127] [M]: 0x00000000800001F0 (0x00100493) addi x9, x0, 0x1                         inst_6+0
x9 <- 0x0000000000000001

clint mtime 0x0000000000000040 (mip.MTI <- 0b1, mip.STI <- 0b0)
mem[X,0x00000000800001F4] -> 0x80A1
[128] [M]: 0x00000000800001F4 (0x80A1) c.srli x9, 0x8                               inst_6+4
x9 <- 0x0000000000000000

mem[X,0x00000000800001F6] -> 0xB823
mem[X,0x00000000800001F8] -> 0x0290
[129] [M]: 0x00000000800001F6 (0x0290B823) sd x9, 0x30(x1)                          inst_6+6
mem[W,0x0000000080003148] <- 0x0000000000000000

clint mtime 0x0000000000000041 (mip.MTI <- 0b1, mip.STI <- 0b0)
mem[X,0x00000000800001FA] -> 0x0413
mem[X,0x00000000800001FC] -> 0x0020
[130] [M]: 0x00000000800001FA (0x00200413) addi x8, x0, 0x2                         inst_7+0
x8 <- 0x0000000000000002

mem[X,0x00000000800001FE] -> 0x8015
[131] [M]: 0x00000000800001FE (0x8015) c.srli x8, 0x5                               inst_7+4
x8 <- 0x0000000000000000

clint mtime 0x0000000000000042 (mip.MTI <- 0b1, mip.STI <- 0b0)
mem[X,0x0000000080000200] -> 0xBC23
mem[X,0x0000000080000202] -> 0x0280
[132] [M]: 0x0000000080000200 (0x0280BC23) sd x8, 0x38(x1)                          inst_7+6
mem[W,0x0000000080003150] <- 0x0000000000000000

mem[X,0x0000000080000204] -> 0x0513
mem[X,0x0000000080000206] -> 0x0040
[133] [M]: 0x0000000080000204 (0x00400513) addi x10, x0, 0x4                        inst_8+0
x10 <- 0x0000000000000004

clint mtime 0x0000000000000043 (mip.MTI <- 0b1, mip.STI <- 0b0)
mem[X,0x0000000080000208] -> 0x9175
[134] [M]: 0x0000000080000208 (0x9175) c.srli x10, 0x3d                             inst_8+4
x10 <- 0x0000000000000000

mem[X,0x000000008000020A] -> 0xB023
mem[X,0x000000008000020C] -> 0x04A0
[135] [M]: 0x000000008000020A (0x04A0B023) sd x10, 0x40(x1)                         inst_8+6
mem[W,0x0000000080003158] <- 0x0000000000000000

clint mtime 0x0000000000000044 (mip.MTI <- 0b1, mip.STI <- 0b0)
mem[X,0x000000008000020E] -> 0x0513
mem[X,0x0000000080000210] -> 0x0080
[136] [M]: 0x000000008000020E (0x00800513) addi x10, x0, 0x8                        inst_9+0
x10 <- 0x0000000000000008

mem[X,0x0000000080000212] -> 0x915D
[137] [M]: 0x0000000080000212 (0x915D) c.srli x10, 0x37                             inst_9+4
x10 <- 0x0000000000000000

clint mtime 0x0000000000000045 (mip.MTI <- 0b1, mip.STI <- 0b0)
mem[X,0x0000000080000214] -> 0xB423
mem[X,0x0000000080000216] -> 0x04A0
[138] [M]: 0x0000000080000214 (0x04A0B423) sd x10, 0x48(x1)                         inst_9+6
mem[W,0x0000000080003160] <- 0x0000000000000000

mem[X,0x0000000080000218] -> 0x0513
mem[X,0x000000008000021A] -> 0x0100
[139] [M]: 0x0000000080000218 (0x01000513) addi x10, x0, 0x10                       inst_10+0
x10 <- 0x0000000000000010

clint mtime 0x0000000000000046 (mip.MTI <- 0b1, mip.STI <- 0b0)
mem[X,0x000000008000021C] -> 0x917D
[140] [M]: 0x000000008000021C (0x917D) c.srli x10, 0x3f                             inst_10+4
x10 <- 0x0000000000000000

mem[X,0x000000008000021E] -> 0xB823
mem[X,0x0000000080000220] -> 0x04A0
[141] [M]: 0x000000008000021E (0x04A0B823) sd x10, 0x50(x1)                         inst_10+6
mem[W,0x0000000080003168] <- 0x0000000000000000

clint mtime 0x0000000000000047 (mip.MTI <- 0b1, mip.STI <- 0b0)
mem[X,0x0000000080000222] -> 0x0513
mem[X,0x0000000080000224] -> 0x0200
[142] [M]: 0x0000000080000222 (0x02000513) addi x10, x0, 0x20                       inst_11+0
x10 <- 0x0000000000000020

mem[X,0x0000000080000226] -> 0x916D
[143] [M]: 0x0000000080000226 (0x916D) c.srli x10, 0x3b                             inst_11+4
x10 <- 0x0000000000000000

clint mtime 0x0000000000000048 (mip.MTI <- 0b1, mip.STI <- 0b0)
mem[X,0x0000000080000228] -> 0xBC23
mem[X,0x000000008000022A] -> 0x04A0
[144] [M]: 0x0000000080000228 (0x04A0BC23) sd x10, 0x58(x1)                         inst_11+6
mem[W,0x0000000080003170] <- 0x0000000000000000

mem[X,0x000000008000022C] -> 0x0513
mem[X,0x000000008000022E] -> 0x0400
[145] [M]: 0x000000008000022C (0x04000513) addi x10, x0, 0x40                       inst_12+0
x10 <- 0x0000000000000040

clint mtime 0x0000000000000049 (mip.MTI <- 0b1, mip.STI <- 0b0)
mem[X,0x0000000080000230] -> 0x8155
[146] [M]: 0x0000000080000230 (0x8155) c.srli x10, 0x15                             inst_12+4
x10 <- 0x0000000000000000

mem[X,0x0000000080000232] -> 0xB023
mem[X,0x0000000080000234] -> 0x06A0
[147] [M]: 0x0000000080000232 (0x06A0B023) sd x10, 0x60(x1)                         inst_12+6
mem[W,0x0000000080003178] <- 0x0000000000000000

clint mtime 0x000000000000004A (mip.MTI <- 0b1, mip.STI <- 0b0)
mem[X,0x0000000080000236] -> 0x0513
mem[X,0x0000000080000238] -> 0x0800
[148] [M]: 0x0000000080000236 (0x08000513) addi x10, x0, 0x80                       inst_13+0
x10 <- 0x0000000000000080

mem[X,0x000000008000023A] -> 0x8131
[149] [M]: 0x000000008000023A (0x8131) c.srli x10, 0xc                              inst_13+4
x10 <- 0x0000000000000000

clint mtime 0x000000000000004B (mip.MTI <- 0b1, mip.STI <- 0b0)
mem[X,0x000000008000023C] -> 0xB423
mem[X,0x000000008000023E] -> 0x06A0
[150] [M]: 0x000000008000023C (0x06A0B423) sd x10, 0x68(x1)                         inst_13+6
mem[W,0x0000000080003180] <- 0x0000000000000000

mem[X,0x0000000080000240] -> 0x0513
mem[X,0x0000000080000242] -> 0x1000
[151] [M]: 0x0000000080000240 (0x10000513) addi x10, x0, 0x100                      inst_14+0
x10 <- 0x0000000000000100

clint mtime 0x000000000000004C (mip.MTI <- 0b1, mip.STI <- 0b0)
mem[X,0x0000000080000244] -> 0x8109
[152] [M]: 0x0000000080000244 (0x8109) c.srli x10, 0x2                              inst_14+4
x10 <- 0x0000000000000040

mem[X,0x0000000080000246] -> 0xB823
mem[X,0x0000000080000248] -> 0x06A0
[153] [M]: 0x0000000080000246 (0x06A0B823) sd x10, 0x70(x1)                         inst_14+6
mem[W,0x0000000080003188] <- 0x0000000000000040

clint mtime 0x000000000000004D (mip.MTI <- 0b1, mip.STI <- 0b0)
mem[X,0x000000008000024A] -> 0x0513
mem[X,0x000000008000024C] -> 0x2000
[154] [M]: 0x000000008000024A (0x20000513) addi x10, x0, 0x200                      inst_15+0
x10 <- 0x0000000000000200

mem[X,0x000000008000024E] -> 0x916D
[155] [M]: 0x000000008000024E (0x916D) c.srli x10, 0x3b                             inst_15+4
x10 <- 0x0000000000000000

clint mtime 0x000000000000004E (mip.MTI <- 0b1, mip.STI <- 0b0)
mem[X,0x0000000080000250] -> 0xBC23
mem[X,0x0000000080000252] -> 0x06A0
[156] [M]: 0x0000000080000250 (0x06A0BC23) sd x10, 0x78(x1)                         inst_15+6
mem[W,0x0000000080003190] <- 0x0000000000000000

mem[X,0x0000000080000254] -> 0x0513
mem[X,0x0000000080000256] -> 0x4000
[157] [M]: 0x0000000080000254 (0x40000513) addi x10, x0, 0x400                      inst_16+0
x10 <- 0x0000000000000400

clint mtime 0x000000000000004F (mip.MTI <- 0b1, mip.STI <- 0b0)
mem[X,0x0000000080000258] -> 0x8111
[158] [M]: 0x0000000080000258 (0x8111) c.srli x10, 0x4                              inst_16+4
x10 <- 0x0000000000000040

mem[X,0x000000008000025A] -> 0xB023
mem[X,0x000000008000025C] -> 0x08A0
[159] [M]: 0x000000008000025A (0x08A0B023) sd x10, 0x80(x1)                         inst_16+6
mem[W,0x0000000080003198] <- 0x0000000000000040

clint mtime 0x0000000000000050 (mip.MTI <- 0b1, mip.STI <- 0b0)
mem[X,0x000000008000025E] -> 0x0513
mem[X,0x0000000080000260] -> 0x0010
[160] [M]: 0x000000008000025E (0x00100513) addi x10, x0, 0x1                        inst_17+0
x10 <- 0x0000000000000001

mem[X,0x0000000080000262] -> 0x1513
mem[X,0x0000000080000264] -> 0x00B5
[161] [M]: 0x0000000080000262 (0x00B51513) slli x10, x10, 0xb                       inst_17+4
x10 <- 0x0000000000000800

clint mtime 0x0000000000000051 (mip.MTI <- 0b1, mip.STI <- 0b0)
mem[X,0x0000000080000266] -> 0x811D
[162] [M]: 0x0000000080000266 (0x811D) c.srli x10, 0x7                              inst_17+8
x10 <- 0x0000000000000010

mem[X,0x0000000080000268] -> 0xB423
mem[X,0x000000008000026A] -> 0x08A0
[163] [M]: 0x0000000080000268 (0x08A0B423) sd x10, 0x88(x1)                         inst_17+10
mem[W,0x00000000800031A0] <- 0x0000000000000010

clint mtime 0x0000000000000052 (mip.MTI <- 0b1, mip.STI <- 0b0)
mem[X,0x000000008000026C] -> 0x0513
mem[X,0x000000008000026E] -> 0x0010
[164] [M]: 0x000000008000026C (0x00100513) addi x10, x0, 0x1                        inst_18+0
x10 <- 0x0000000000000001

mem[X,0x0000000080000270] -> 0x1513
mem[X,0x0000000080000272] -> 0x00C5
[165] [M]: 0x0000000080000270 (0x00C51513) slli x10, x10, 0xc                       inst_18+4
x10 <- 0x0000000000001000

clint mtime 0x0000000000000053 (mip.MTI <- 0b1, mip.STI <- 0b0)
mem[X,0x0000000080000274] -> 0x810D
[166] [M]: 0x0000000080000274 (0x810D) c.srli x10, 0x3                              inst_18+8
x10 <- 0x0000000000000200

mem[X,0x0000000080000276] -> 0xB823
mem[X,0x0000000080000278] -> 0x08A0
[167] [M]: 0x0000000080000276 (0x08A0B823) sd x10, 0x90(x1)                         inst_18+10
mem[W,0x00000000800031A8] <- 0x0000000000000200

clint mtime 0x0000000000000054 (mip.MTI <- 0b1, mip.STI <- 0b0)
mem[X,0x000000008000027A] -> 0x0513
mem[X,0x000000008000027C] -> 0x0010
[168] [M]: 0x000000008000027A (0x00100513) addi x10, x0, 0x1                        inst_19+0
x10 <- 0x0000000000000001

mem[X,0x000000008000027E] -> 0x1513
mem[X,0x0000000080000280] -> 0x00D5
[169] [M]: 0x000000008000027E (0x00D51513) slli x10, x10, 0xd                       inst_19+4
x10 <- 0x0000000000002000

clint mtime 0x0000000000000055 (mip.MTI <- 0b1, mip.STI <- 0b0)
mem[X,0x0000000080000282] -> 0x817D
[170] [M]: 0x0000000080000282 (0x817D) c.srli x10, 0x1f                             inst_19+8
x10 <- 0x0000000000000000

mem[X,0x0000000080000284] -> 0xBC23
mem[X,0x0000000080000286] -> 0x08A0
[171] [M]: 0x0000000080000284 (0x08A0BC23) sd x10, 0x98(x1)                         inst_19+10
mem[W,0x00000000800031B0] <- 0x0000000000000000

clint mtime 0x0000000000000056 (mip.MTI <- 0b1, mip.STI <- 0b0)
mem[X,0x0000000080000288] -> 0x0513
mem[X,0x000000008000028A] -> 0x0010
[172] [M]: 0x0000000080000288 (0x00100513) addi x10, x0, 0x1                        inst_20+0
x10 <- 0x0000000000000001

mem[X,0x000000008000028C] -> 0x1513
mem[X,0x000000008000028E] -> 0x00E5
[173] [M]: 0x000000008000028C (0x00E51513) slli x10, x10, 0xe                       inst_20+4
x10 <- 0x0000000000004000

clint mtime 0x0000000000000057 (mip.MTI <- 0b1, mip.STI <- 0b0)
mem[X,0x0000000080000290] -> 0x9175
[174] [M]: 0x0000000080000290 (0x9175) c.srli x10, 0x3d                             inst_20+8
x10 <- 0x0000000000000000

mem[X,0x0000000080000292] -> 0xB023
mem[X,0x0000000080000294] -> 0x0AA0
[175] [M]: 0x0000000080000292 (0x0AA0B023) sd x10, 0xa0(x1)                         inst_20+10
mem[W,0x00000000800031B8] <- 0x0000000000000000

clint mtime 0x0000000000000058 (mip.MTI <- 0b1, mip.STI <- 0b0)
mem[X,0x0000000080000296] -> 0x0513
mem[X,0x0000000080000298] -> 0x0010
[176] [M]: 0x0000000080000296 (0x00100513) addi x10, x0, 0x1                        inst_21+0
x10 <- 0x0000000000000001

mem[X,0x000000008000029A] -> 0x1513
mem[X,0x000000008000029C] -> 0x00F5
[177] [M]: 0x000000008000029A (0x00F51513) slli x10, x10, 0xf                       inst_21+4
x10 <- 0x0000000000008000

clint mtime 0x0000000000000059 (mip.MTI <- 0b1, mip.STI <- 0b0)
mem[X,0x000000008000029E] -> 0x8141
[178] [M]: 0x000000008000029E (0x8141) c.srli x10, 0x10                             inst_21+8
x10 <- 0x0000000000000000

mem[X,0x00000000800002A0] -> 0xB423
mem[X,0x00000000800002A2] -> 0x0AA0
[179] [M]: 0x00000000800002A0 (0x0AA0B423) sd x10, 0xa8(x1)                         inst_21+10
mem[W,0x00000000800031C0] <- 0x0000000000000000

clint mtime 0x000000000000005A (mip.MTI <- 0b1, mip.STI <- 0b0)
mem[X,0x00000000800002A4] -> 0x0513
mem[X,0x00000000800002A6] -> 0x0010
[180] [M]: 0x00000000800002A4 (0x00100513) addi x10, x0, 0x1                        inst_22+0
x10 <- 0x0000000000000001

mem[X,0x00000000800002A8] -> 0x1513
mem[X,0x00000000800002AA] -> 0x0105
[181] [M]: 0x00000000800002A8 (0x01051513) slli x10, x10, 0x10                      inst_22+4
x10 <- 0x0000000000010000

clint mtime 0x000000000000005B (mip.MTI <- 0b1, mip.STI <- 0b0)
mem[X,0x00000000800002AC] -> 0x810D
[182] [M]: 0x00000000800002AC (0x810D) c.srli x10, 0x3                              inst_22+8
x10 <- 0x0000000000002000

mem[X,0x00000000800002AE] -> 0xB823
mem[X,0x00000000800002B0] -> 0x0AA0
[183] [M]: 0x00000000800002AE (0x0AA0B823) sd x10, 0xb0(x1)                         inst_22+10
mem[W,0x00000000800031C8] <- 0x0000000000002000

clint mtime 0x000000000000005C (mip.MTI <- 0b1, mip.STI <- 0b0)
mem[X,0x00000000800002B2] -> 0x0513
mem[X,0x00000000800002B4] -> 0x0010
[184] [M]: 0x00000000800002B2 (0x00100513) addi x10, x0, 0x1                        inst_23+0
x10 <- 0x0000000000000001

mem[X,0x00000000800002B6] -> 0x1513
mem[X,0x00000000800002B8] -> 0x0115
[185] [M]: 0x00000000800002B6 (0x01151513) slli x10, x10, 0x11                      inst_23+4
x10 <- 0x0000000000020000

clint mtime 0x000000000000005D (mip.MTI <- 0b1, mip.STI <- 0b0)
mem[X,0x00000000800002BA] -> 0x8105
[186] [M]: 0x00000000800002BA (0x8105) c.srli x10, 0x1                              inst_23+8
x10 <- 0x0000000000010000

mem[X,0x00000000800002BC] -> 0xBC23
mem[X,0x00000000800002BE] -> 0x0AA0
[187] [M]: 0x00000000800002BC (0x0AA0BC23) sd x10, 0xb8(x1)                         inst_23+10
mem[W,0x00000000800031D0] <- 0x0000000000010000

clint mtime 0x000000000000005E (mip.MTI <- 0b1, mip.STI <- 0b0)
mem[X,0x00000000800002C0] -> 0x0513
mem[X,0x00000000800002C2] -> 0x0010
[188] [M]: 0x00000000800002C0 (0x00100513) addi x10, x0, 0x1                        inst_24+0
x10 <- 0x0000000000000001

mem[X,0x00000000800002C4] -> 0x1513
mem[X,0x00000000800002C6] -> 0x0125
[189] [M]: 0x00000000800002C4 (0x01251513) slli x10, x10, 0x12                      inst_24+4
x10 <- 0x0000000000040000

clint mtime 0x000000000000005F (mip.MTI <- 0b1, mip.STI <- 0b0)
mem[X,0x00000000800002C8] -> 0x817D
[190] [M]: 0x00000000800002C8 (0x817D) c.srli x10, 0x1f                             inst_24+8
x10 <- 0x0000000000000000

mem[X,0x00000000800002CA] -> 0xB023
mem[X,0x00000000800002CC] -> 0x0CA0
[191] [M]: 0x00000000800002CA (0x0CA0B023) sd x10, 0xc0(x1)                         inst_24+10
mem[W,0x00000000800031D8] <- 0x0000000000000000

clint mtime 0x0000000000000060 (mip.MTI <- 0b1, mip.STI <- 0b0)
mem[X,0x00000000800002CE] -> 0x0513
mem[X,0x00000000800002D0] -> 0x0010
[192] [M]: 0x00000000800002CE (0x00100513) addi x10, x0, 0x1                        inst_25+0
x10 <- 0x0000000000000001

mem[X,0x00000000800002D2] -> 0x1513
mem[X,0x00000000800002D4] -> 0x0135
[193] [M]: 0x00000000800002D2 (0x01351513) slli x10, x10, 0x13                      inst_25+4
x10 <- 0x0000000000080000

clint mtime 0x0000000000000061 (mip.MTI <- 0b1, mip.STI <- 0b0)
mem[X,0x00000000800002D6] -> 0x814D
[194] [M]: 0x00000000800002D6 (0x814D) c.srli x10, 0x13                             inst_25+8
x10 <- 0x0000000000000001

mem[X,0x00000000800002D8] -> 0xB423
mem[X,0x00000000800002DA] -> 0x0CA0
[195] [M]: 0x00000000800002D8 (0x0CA0B423) sd x10, 0xc8(x1)                         inst_25+10
mem[W,0x00000000800031E0] <- 0x0000000000000001

clint mtime 0x0000000000000062 (mip.MTI <- 0b1, mip.STI <- 0b0)
mem[X,0x00000000800002DC] -> 0x0513
mem[X,0x00000000800002DE] -> 0x0010
[196] [M]: 0x00000000800002DC (0x00100513) addi x10, x0, 0x1                        inst_26+0
x10 <- 0x0000000000000001

mem[X,0x00000000800002E0] -> 0x1513
mem[X,0x00000000800002E2] -> 0x0145
[197] [M]: 0x00000000800002E0 (0x01451513) slli x10, x10, 0x14                      inst_26+4
x10 <- 0x0000000000100000

clint mtime 0x0000000000000063 (mip.MTI <- 0b1, mip.STI <- 0b0)
mem[X,0x00000000800002E4] -> 0x813D
[198] [M]: 0x00000000800002E4 (0x813D) c.srli x10, 0xf                              inst_26+8
x10 <- 0x0000000000000020

mem[X,0x00000000800002E6] -> 0xB823
mem[X,0x00000000800002E8] -> 0x0CA0
[199] [M]: 0x00000000800002E6 (0x0CA0B823) sd x10, 0xd0(x1)                         inst_26+10
mem[W,0x00000000800031E8] <- 0x0000000000000020

clint mtime 0x0000000000000064 (mip.MTI <- 0b1, mip.STI <- 0b0)
mem[X,0x00000000800002EA] -> 0x0513
mem[X,0x00000000800002EC] -> 0x0010
[200] [M]: 0x00000000800002EA (0x00100513) addi x10, x0, 0x1                        inst_27+0
x10 <- 0x0000000000000001

mem[X,0x00000000800002EE] -> 0x1513
mem[X,0x00000000800002F0] -> 0x0155
[201] [M]: 0x00000000800002EE (0x01551513) slli x10, x10, 0x15                      inst_27+4
x10 <- 0x0000000000200000

clint mtime 0x0000000000000065 (mip.MTI <- 0b1, mip.STI <- 0b0)
mem[X,0x00000000800002F2] -> 0x8141
[202] [M]: 0x00000000800002F2 (0x8141) c.srli x10, 0x10                             inst_27+8
x10 <- 0x0000000000000020

mem[X,0x00000000800002F4] -> 0xBC23
mem[X,0x00000000800002F6] -> 0x0CA0
[203] [M]: 0x00000000800002F4 (0x0CA0BC23) sd x10, 0xd8(x1)                         inst_27+10
mem[W,0x00000000800031F0] <- 0x0000000000000020

clint mtime 0x0000000000000066 (mip.MTI <- 0b1, mip.STI <- 0b0)
mem[X,0x00000000800002F8] -> 0x0513
mem[X,0x00000000800002FA] -> 0x0010
[204] [M]: 0x00000000800002F8 (0x00100513) addi x10, x0, 0x1                        inst_28+0
x10 <- 0x0000000000000001

mem[X,0x00000000800002FC] -> 0x1513
mem[X,0x00000000800002FE] -> 0x0165
[205] [M]: 0x00000000800002FC (0x01651513) slli x10, x10, 0x16                      inst_28+4
x10 <- 0x0000000000400000

clint mtime 0x0000000000000067 (mip.MTI <- 0b1, mip.STI <- 0b0)
mem[X,0x0000000080000300] -> 0x8111
[206] [M]: 0x0000000080000300 (0x8111) c.srli x10, 0x4                              inst_28+8
x10 <- 0x0000000000040000

mem[X,0x0000000080000302] -> 0xB023
mem[X,0x0000000080000304] -> 0x0EA0
[207] [M]: 0x0000000080000302 (0x0EA0B023) sd x10, 0xe0(x1)                         inst_28+10
mem[W,0x00000000800031F8] <- 0x0000000000040000

clint mtime 0x0000000000000068 (mip.MTI <- 0b1, mip.STI <- 0b0)
mem[X,0x0000000080000306] -> 0x0513
mem[X,0x0000000080000308] -> 0x0010
[208] [M]: 0x0000000080000306 (0x00100513) addi x10, x0, 0x1                        inst_29+0
x10 <- 0x0000000000000001

mem[X,0x000000008000030A] -> 0x1513
mem[X,0x000000008000030C] -> 0x0175
[209] [M]: 0x000000008000030A (0x01751513) slli x10, x10, 0x17                      inst_29+4
x10 <- 0x0000000000800000

clint mtime 0x0000000000000069 (mip.MTI <- 0b1, mip.STI <- 0b0)
mem[X,0x000000008000030E] -> 0x8129
[210] [M]: 0x000000008000030E (0x8129) c.srli x10, 0xa                              inst_29+8
x10 <- 0x0000000000002000

mem[X,0x0000000080000310] -> 0xB423
mem[X,0x0000000080000312] -> 0x0EA0
[211] [M]: 0x0000000080000310 (0x0EA0B423) sd x10, 0xe8(x1)                         inst_29+10
mem[W,0x0000000080003200] <- 0x0000000000002000

clint mtime 0x000000000000006A (mip.MTI <- 0b1, mip.STI <- 0b0)
mem[X,0x0000000080000314] -> 0x0513
mem[X,0x0000000080000316] -> 0x0010
[212] [M]: 0x0000000080000314 (0x00100513) addi x10, x0, 0x1                        inst_30+0
x10 <- 0x0000000000000001

mem[X,0x0000000080000318] -> 0x1513
mem[X,0x000000008000031A] -> 0x0185
[213] [M]: 0x0000000080000318 (0x01851513) slli x10, x10, 0x18                      inst_30+4
x10 <- 0x0000000001000000

clint mtime 0x000000000000006B (mip.MTI <- 0b1, mip.STI <- 0b0)
mem[X,0x000000008000031C] -> 0x8135
[214] [M]: 0x000000008000031C (0x8135) c.srli x10, 0xd                              inst_30+8
x10 <- 0x0000000000000800

mem[X,0x000000008000031E] -> 0xB823
mem[X,0x0000000080000320] -> 0x0EA0
[215] [M]: 0x000000008000031E (0x0EA0B823) sd x10, 0xf0(x1)                         inst_30+10
mem[W,0x0000000080003208] <- 0x0000000000000800

clint mtime 0x000000000000006C (mip.MTI <- 0b1, mip.STI <- 0b0)
mem[X,0x0000000080000322] -> 0x0513
mem[X,0x0000000080000324] -> 0x0010
[216] [M]: 0x0000000080000322 (0x00100513) addi x10, x0, 0x1                        inst_31+0
x10 <- 0x0000000000000001

mem[X,0x0000000080000326] -> 0x1513
mem[X,0x0000000080000328] -> 0x0195
[217] [M]: 0x0000000080000326 (0x01951513) slli x10, x10, 0x19                      inst_31+4
x10 <- 0x0000000002000000

clint mtime 0x000000000000006D (mip.MTI <- 0b1, mip.STI <- 0b0)
mem[X,0x000000008000032A] -> 0x916D
[218] [M]: 0x000000008000032A (0x916D) c.srli x10, 0x3b                             inst_31+8
x10 <- 0x0000000000000000

mem[X,0x000000008000032C] -> 0xBC23
mem[X,0x000000008000032E] -> 0x0EA0
[219] [M]: 0x000000008000032C (0x0EA0BC23) sd x10, 0xf8(x1)                         inst_31+10
mem[W,0x0000000080003210] <- 0x0000000000000000

clint mtime 0x000000000000006E (mip.MTI <- 0b1, mip.STI <- 0b0)
mem[X,0x0000000080000330] -> 0x0513
mem[X,0x0000000080000332] -> 0x0010
[220] [M]: 0x0000000080000330 (0x00100513) addi x10, x0, 0x1                        inst_32+0
x10 <- 0x0000000000000001

mem[X,0x0000000080000334] -> 0x1513
mem[X,0x0000000080000336] -> 0x01A5
[221] [M]: 0x0000000080000334 (0x01A51513) slli x10, x10, 0x1a                      inst_32+4
x10 <- 0x0000000004000000

clint mtime 0x000000000000006F (mip.MTI <- 0b1, mip.STI <- 0b0)
mem[X,0x0000000080000338] -> 0x8141
[222] [M]: 0x0000000080000338 (0x8141) c.srli x10, 0x10                             inst_32+8
x10 <- 0x0000000000000400

mem[X,0x000000008000033A] -> 0xB023
mem[X,0x000000008000033C] -> 0x10A0
[223] [M]: 0x000000008000033A (0x10A0B023) sd x10, 0x100(x1)                        inst_32+10
mem[W,0x0000000080003218] <- 0x0000000000000400

clint mtime 0x0000000000000070 (mip.MTI <- 0b1, mip.STI <- 0b0)
mem[X,0x000000008000033E] -> 0x0513
mem[X,0x0000000080000340] -> 0x0010
[224] [M]: 0x000000008000033E (0x00100513) addi x10, x0, 0x1                        inst_33+0
x10 <- 0x0000000000000001

mem[X,0x0000000080000342] -> 0x1513
mem[X,0x0000000080000344] -> 0x01B5
[225] [M]: 0x0000000080000342 (0x01B51513) slli x10, x10, 0x1b                      inst_33+4
x10 <- 0x0000000008000000

clint mtime 0x0000000000000071 (mip.MTI <- 0b1, mip.STI <- 0b0)
mem[X,0x0000000080000346] -> 0x915D
[226] [M]: 0x0000000080000346 (0x915D) c.srli x10, 0x37                             inst_33+8
x10 <- 0x0000000000000000

mem[X,0x0000000080000348] -> 0xB423
mem[X,0x000000008000034A] -> 0x10A0
[227] [M]: 0x0000000080000348 (0x10A0B423) sd x10, 0x108(x1)                        inst_33+10
mem[W,0x0000000080003220] <- 0x0000000000000000

clint mtime 0x0000000000000072 (mip.MTI <- 0b1, mip.STI <- 0b0)
mem[X,0x000000008000034C] -> 0x0513
mem[X,0x000000008000034E] -> 0x0010
[228] [M]: 0x000000008000034C (0x00100513) addi x10, x0, 0x1                        inst_34+0
x10 <- 0x0000000000000001

mem[X,0x0000000080000350] -> 0x1513
mem[X,0x0000000080000352] -> 0x01C5
[229] [M]: 0x0000000080000350 (0x01C51513) slli x10, x10, 0x1c                      inst_34+4
x10 <- 0x0000000010000000

clint mtime 0x0000000000000073 (mip.MTI <- 0b1, mip.STI <- 0b0)
mem[X,0x0000000080000354] -> 0x811D
[230] [M]: 0x0000000080000354 (0x811D) c.srli x10, 0x7                              inst_34+8
x10 <- 0x0000000000200000

mem[X,0x0000000080000356] -> 0xB823
mem[X,0x0000000080000358] -> 0x10A0
[231] [M]: 0x0000000080000356 (0x10A0B823) sd x10, 0x110(x1)                        inst_34+10
mem[W,0x0000000080003228] <- 0x0000000000200000

clint mtime 0x0000000000000074 (mip.MTI <- 0b1, mip.STI <- 0b0)
mem[X,0x000000008000035A] -> 0x0513
mem[X,0x000000008000035C] -> 0x0010
[232] [M]: 0x000000008000035A (0x00100513) addi x10, x0, 0x1                        inst_35+0
x10 <- 0x0000000000000001

mem[X,0x000000008000035E] -> 0x1513
mem[X,0x0000000080000360] -> 0x01E5
[233] [M]: 0x000000008000035E (0x01E51513) slli x10, x10, 0x1e                      inst_35+4
x10 <- 0x0000000040000000

clint mtime 0x0000000000000075 (mip.MTI <- 0b1, mip.STI <- 0b0)
mem[X,0x0000000080000362] -> 0x916D
[234] [M]: 0x0000000080000362 (0x916D) c.srli x10, 0x3b                             inst_35+8
x10 <- 0x0000000000000000

mem[X,0x0000000080000364] -> 0xBC23
mem[X,0x0000000080000366] -> 0x10A0
[235] [M]: 0x0000000080000364 (0x10A0BC23) sd x10, 0x118(x1)                        inst_35+10
mem[W,0x0000000080003230] <- 0x0000000000000000

clint mtime 0x0000000000000076 (mip.MTI <- 0b1, mip.STI <- 0b0)
mem[X,0x0000000080000368] -> 0x0513
mem[X,0x000000008000036A] -> 0x0010
[236] [M]: 0x0000000080000368 (0x00100513) addi x10, x0, 0x1                        inst_36+0
x10 <- 0x0000000000000001

mem[X,0x000000008000036C] -> 0x1513
mem[X,0x000000008000036E] -> 0x01F5
[237] [M]: 0x000000008000036C (0x01F51513) slli x10, x10, 0x1f                      inst_36+4
x10 <- 0x0000000080000000

clint mtime 0x0000000000000077 (mip.MTI <- 0b1, mip.STI <- 0b0)
mem[X,0x0000000080000370] -> 0x8125
[238] [M]: 0x0000000080000370 (0x8125) c.srli x10, 0x9                              inst_36+8
x10 <- 0x0000000000400000

mem[X,0x0000000080000372] -> 0xB023
mem[X,0x0000000080000374] -> 0x12A0
[239] [M]: 0x0000000080000372 (0x12A0B023) sd x10, 0x120(x1)                        inst_36+10
mem[W,0x0000000080003238] <- 0x0000000000400000

clint mtime 0x0000000000000078 (mip.MTI <- 0b1, mip.STI <- 0b0)
mem[X,0x0000000080000376] -> 0x0513
mem[X,0x0000000080000378] -> 0x0010
[240] [M]: 0x0000000080000376 (0x00100513) addi x10, x0, 0x1                        inst_37+0
x10 <- 0x0000000000000001

mem[X,0x000000008000037A] -> 0x1513
mem[X,0x000000008000037C] -> 0x0205
[241] [M]: 0x000000008000037A (0x02051513) slli x10, x10, 0x20                      inst_37+4
x10 <- 0x0000000100000000

clint mtime 0x0000000000000079 (mip.MTI <- 0b1, mip.STI <- 0b0)
mem[X,0x000000008000037E] -> 0x8139
[242] [M]: 0x000000008000037E (0x8139) c.srli x10, 0xe                              inst_37+8
x10 <- 0x0000000000040000

mem[X,0x0000000080000380] -> 0xB423
mem[X,0x0000000080000382] -> 0x12A0
[243] [M]: 0x0000000080000380 (0x12A0B423) sd x10, 0x128(x1)                        inst_37+10
mem[W,0x0000000080003240] <- 0x0000000000040000

clint mtime 0x000000000000007A (mip.MTI <- 0b1, mip.STI <- 0b0)
mem[X,0x0000000080000384] -> 0x0513
mem[X,0x0000000080000386] -> 0x0010
[244] [M]: 0x0000000080000384 (0x00100513) addi x10, x0, 0x1                        inst_38+0
x10 <- 0x0000000000000001

mem[X,0x0000000080000388] -> 0x1513
mem[X,0x000000008000038A] -> 0x0215
[245] [M]: 0x0000000080000388 (0x02151513) slli x10, x10, 0x21                      inst_38+4
x10 <- 0x0000000200000000

clint mtime 0x000000000000007B (mip.MTI <- 0b1, mip.STI <- 0b0)
mem[X,0x000000008000038C] -> 0x8105
[246] [M]: 0x000000008000038C (0x8105) c.srli x10, 0x1                              inst_38+8
x10 <- 0x0000000100000000

mem[X,0x000000008000038E] -> 0xB823
mem[X,0x0000000080000390] -> 0x12A0
[247] [M]: 0x000000008000038E (0x12A0B823) sd x10, 0x130(x1)                        inst_38+10
mem[W,0x0000000080003248] <- 0x0000000100000000

clint mtime 0x000000000000007C (mip.MTI <- 0b1, mip.STI <- 0b0)
mem[X,0x0000000080000392] -> 0x0513
mem[X,0x0000000080000394] -> 0x0010
[248] [M]: 0x0000000080000392 (0x00100513) addi x10, x0, 0x1                        inst_39+0
x10 <- 0x0000000000000001

mem[X,0x0000000080000396] -> 0x1513
mem[X,0x0000000080000398] -> 0x0225
[249] [M]: 0x0000000080000396 (0x02251513) slli x10, x10, 0x22                      inst_39+4
x10 <- 0x0000000400000000

clint mtime 0x000000000000007D (mip.MTI <- 0b1, mip.STI <- 0b0)
mem[X,0x000000008000039A] -> 0x8145
[250] [M]: 0x000000008000039A (0x8145) c.srli x10, 0x11                             inst_39+8
x10 <- 0x0000000000020000

mem[X,0x000000008000039C] -> 0xBC23
mem[X,0x000000008000039E] -> 0x12A0
[251] [M]: 0x000000008000039C (0x12A0BC23) sd x10, 0x138(x1)                        inst_39+10
mem[W,0x0000000080003250] <- 0x0000000000020000

clint mtime 0x000000000000007E (mip.MTI <- 0b1, mip.STI <- 0b0)
mem[X,0x00000000800003A0] -> 0x0513
mem[X,0x00000000800003A2] -> 0x0010
[252] [M]: 0x00000000800003A0 (0x00100513) addi x10, x0, 0x1                        inst_40+0
x10 <- 0x0000000000000001

mem[X,0x00000000800003A4] -> 0x1513
mem[X,0x00000000800003A6] -> 0x0235
[253] [M]: 0x00000000800003A4 (0x02351513) slli x10, x10, 0x23                      inst_40+4
x10 <- 0x0000000800000000

clint mtime 0x000000000000007F (mip.MTI <- 0b1, mip.STI <- 0b0)
mem[X,0x00000000800003A8] -> 0x9179
[254] [M]: 0x00000000800003A8 (0x9179) c.srli x10, 0x3e                             inst_40+8
x10 <- 0x0000000000000000

mem[X,0x00000000800003AA] -> 0xB023
mem[X,0x00000000800003AC] -> 0x14A0
[255] [M]: 0x00000000800003AA (0x14A0B023) sd x10, 0x140(x1)                        inst_40+10
mem[W,0x0000000080003258] <- 0x0000000000000000

clint mtime 0x0000000000000080 (mip.MTI <- 0b1, mip.STI <- 0b0)
mem[X,0x00000000800003AE] -> 0x0513
mem[X,0x00000000800003B0] -> 0x0010
[256] [M]: 0x00000000800003AE (0x00100513) addi x10, x0, 0x1                        inst_41+0
x10 <- 0x0000000000000001

mem[X,0x00000000800003B2] -> 0x1513
mem[X,0x00000000800003B4] -> 0x0245
[257] [M]: 0x00000000800003B2 (0x02451513) slli x10, x10, 0x24                      inst_41+4
x10 <- 0x0000001000000000

clint mtime 0x0000000000000081 (mip.MTI <- 0b1, mip.STI <- 0b0)
mem[X,0x00000000800003B6] -> 0x812D
[258] [M]: 0x00000000800003B6 (0x812D) c.srli x10, 0xb                              inst_41+8
x10 <- 0x0000000002000000

mem[X,0x00000000800003B8] -> 0xB423
mem[X,0x00000000800003BA] -> 0x14A0
[259] [M]: 0x00000000800003B8 (0x14A0B423) sd x10, 0x148(x1)                        inst_41+10
mem[W,0x0000000080003260] <- 0x0000000002000000

clint mtime 0x0000000000000082 (mip.MTI <- 0b1, mip.STI <- 0b0)
mem[X,0x00000000800003BC] -> 0x0513
mem[X,0x00000000800003BE] -> 0x0010
[260] [M]: 0x00000000800003BC (0x00100513) addi x10, x0, 0x1                        inst_42+0
x10 <- 0x0000000000000001

mem[X,0x00000000800003C0] -> 0x1513
mem[X,0x00000000800003C2] -> 0x0255
[261] [M]: 0x00000000800003C0 (0x02551513) slli x10, x10, 0x25                      inst_42+4
x10 <- 0x0000002000000000

clint mtime 0x0000000000000083 (mip.MTI <- 0b1, mip.STI <- 0b0)
mem[X,0x00000000800003C4] -> 0x8119
[262] [M]: 0x00000000800003C4 (0x8119) c.srli x10, 0x6                              inst_42+8
x10 <- 0x0000000080000000

mem[X,0x00000000800003C6] -> 0xB823
mem[X,0x00000000800003C8] -> 0x14A0
[263] [M]: 0x00000000800003C6 (0x14A0B823) sd x10, 0x150(x1)                        inst_42+10
mem[W,0x0000000080003268] <- 0x0000000080000000

clint mtime 0x0000000000000084 (mip.MTI <- 0b1, mip.STI <- 0b0)
mem[X,0x00000000800003CA] -> 0x0513
mem[X,0x00000000800003CC] -> 0x0010
[264] [M]: 0x00000000800003CA (0x00100513) addi x10, x0, 0x1                        inst_43+0
x10 <- 0x0000000000000001

mem[X,0x00000000800003CE] -> 0x1513
mem[X,0x00000000800003D0] -> 0x0265
[265] [M]: 0x00000000800003CE (0x02651513) slli x10, x10, 0x26                      inst_43+4
x10 <- 0x0000004000000000

clint mtime 0x0000000000000085 (mip.MTI <- 0b1, mip.STI <- 0b0)
mem[X,0x00000000800003D2] -> 0x817D
[266] [M]: 0x00000000800003D2 (0x817D) c.srli x10, 0x1f                             inst_43+8
x10 <- 0x0000000000000080

mem[X,0x00000000800003D4] -> 0xBC23
mem[X,0x00000000800003D6] -> 0x14A0
[267] [M]: 0x00000000800003D4 (0x14A0BC23) sd x10, 0x158(x1)                        inst_43+10
mem[W,0x0000000080003270] <- 0x0000000000000080

clint mtime 0x0000000000000086 (mip.MTI <- 0b1, mip.STI <- 0b0)
mem[X,0x00000000800003D8] -> 0x0513
mem[X,0x00000000800003DA] -> 0x0010
[268] [M]: 0x00000000800003D8 (0x00100513) addi x10, x0, 0x1                        inst_44+0
x10 <- 0x0000000000000001

mem[X,0x00000000800003DC] -> 0x1513
mem[X,0x00000000800003DE] -> 0x0275
[269] [M]: 0x00000000800003DC (0x02751513) slli x10, x10, 0x27                      inst_44+4
x10 <- 0x0000008000000000

clint mtime 0x0000000000000087 (mip.MTI <- 0b1, mip.STI <- 0b0)
mem[X,0x00000000800003E0] -> 0x8155
[270] [M]: 0x00000000800003E0 (0x8155) c.srli x10, 0x15                             inst_44+8
x10 <- 0x0000000000040000

mem[X,0x00000000800003E2] -> 0xB023
mem[X,0x00000000800003E4] -> 0x16A0
[271] [M]: 0x00000000800003E2 (0x16A0B023) sd x10, 0x160(x1)                        inst_44+10
mem[W,0x0000000080003278] <- 0x0000000000040000

clint mtime 0x0000000000000088 (mip.MTI <- 0b1, mip.STI <- 0b0)
mem[X,0x00000000800003E6] -> 0x0513
mem[X,0x00000000800003E8] -> 0x0010
[272] [M]: 0x00000000800003E6 (0x00100513) addi x10, x0, 0x1                        inst_45+0
x10 <- 0x0000000000000001

mem[X,0x00000000800003EA] -> 0x1513
mem[X,0x00000000800003EC] -> 0x0285
[273] [M]: 0x00000000800003EA (0x02851513) slli x10, x10, 0x28                      inst_45+4
x10 <- 0x0000010000000000

clint mtime 0x0000000000000089 (mip.MTI <- 0b1, mip.STI <- 0b0)
mem[X,0x00000000800003EE] -> 0x8125
[274] [M]: 0x00000000800003EE (0x8125) c.srli x10, 0x9                              inst_45+8
x10 <- 0x0000000080000000

mem[X,0x00000000800003F0] -> 0xB423
mem[X,0x00000000800003F2] -> 0x16A0
[275] [M]: 0x00000000800003F0 (0x16A0B423) sd x10, 0x168(x1)                        inst_45+10
mem[W,0x0000000080003280] <- 0x0000000080000000

clint mtime 0x000000000000008A (mip.MTI <- 0b1, mip.STI <- 0b0)
mem[X,0x00000000800003F4] -> 0x0513
mem[X,0x00000000800003F6] -> 0x0010
[276] [M]: 0x00000000800003F4 (0x00100513) addi x10, x0, 0x1                        inst_46+0
x10 <- 0x0000000000000001

mem[X,0x00000000800003F8] -> 0x1513
mem[X,0x00000000800003FA] -> 0x0295
[277] [M]: 0x00000000800003F8 (0x02951513) slli x10, x10, 0x29                      inst_46+4
x10 <- 0x0000020000000000

clint mtime 0x000000000000008B (mip.MTI <- 0b1, mip.STI <- 0b0)
mem[X,0x00000000800003FC] -> 0x9179
[278] [M]: 0x00000000800003FC (0x9179) c.srli x10, 0x3e                             inst_46+8
x10 <- 0x0000000000000000

mem[X,0x00000000800003FE] -> 0xB823
mem[X,0x0000000080000400] -> 0x16A0
[279] [M]: 0x00000000800003FE (0x16A0B823) sd x10, 0x170(x1)                        inst_46+10
mem[W,0x0000000080003288] <- 0x0000000000000000

clint mtime 0x000000000000008C (mip.MTI <- 0b1, mip.STI <- 0b0)
mem[X,0x0000000080000402] -> 0x0513
mem[X,0x0000000080000404] -> 0x0010
[280] [M]: 0x0000000080000402 (0x00100513) addi x10, x0, 0x1                        inst_47+0
x10 <- 0x0000000000000001

mem[X,0x0000000080000406] -> 0x1513
mem[X,0x0000000080000408] -> 0x02A5
[281] [M]: 0x0000000080000406 (0x02A51513) slli x10, x10, 0x2a                      inst_47+4
x10 <- 0x0000040000000000

clint mtime 0x000000000000008D (mip.MTI <- 0b1, mip.STI <- 0b0)
mem[X,0x000000008000040A] -> 0x810D
[282] [M]: 0x000000008000040A (0x810D) c.srli x10, 0x3                              inst_47+8
x10 <- 0x0000008000000000

mem[X,0x000000008000040C] -> 0xBC23
mem[X,0x000000008000040E] -> 0x16A0
[283] [M]: 0x000000008000040C (0x16A0BC23) sd x10, 0x178(x1)                        inst_47+10
mem[W,0x0000000080003290] <- 0x0000008000000000

clint mtime 0x000000000000008E (mip.MTI <- 0b1, mip.STI <- 0b0)
mem[X,0x0000000080000410] -> 0x0513
mem[X,0x0000000080000412] -> 0x0010
[284] [M]: 0x0000000080000410 (0x00100513) addi x10, x0, 0x1                        inst_48+0
x10 <- 0x0000000000000001

mem[X,0x0000000080000414] -> 0x1513
mem[X,0x0000000080000416] -> 0x02B5
[285] [M]: 0x0000000080000414 (0x02B51513) slli x10, x10, 0x2b                      inst_48+4
x10 <- 0x0000080000000000

clint mtime 0x000000000000008F (mip.MTI <- 0b1, mip.STI <- 0b0)
mem[X,0x0000000080000418] -> 0x8119
[286] [M]: 0x0000000080000418 (0x8119) c.srli x10, 0x6                              inst_48+8
x10 <- 0x0000002000000000

mem[X,0x000000008000041A] -> 0xB023
mem[X,0x000000008000041C] -> 0x18A0
[287] [M]: 0x000000008000041A (0x18A0B023) sd x10, 0x180(x1)                        inst_48+10
mem[W,0x0000000080003298] <- 0x0000002000000000

clint mtime 0x0000000000000090 (mip.MTI <- 0b1, mip.STI <- 0b0)
mem[X,0x000000008000041E] -> 0x0513
mem[X,0x0000000080000420] -> 0x0010
[288] [M]: 0x000000008000041E (0x00100513) addi x10, x0, 0x1                        inst_49+0
x10 <- 0x0000000000000001

mem[X,0x0000000080000422] -> 0x1513
mem[X,0x0000000080000424] -> 0x02C5
[289] [M]: 0x0000000080000422 (0x02C51513) slli x10, x10, 0x2c                      inst_49+4
x10 <- 0x0000100000000000

clint mtime 0x0000000000000091 (mip.MTI <- 0b1, mip.STI <- 0b0)
mem[X,0x0000000080000426] -> 0x8105
[290] [M]: 0x0000000080000426 (0x8105) c.srli x10, 0x1                              inst_49+8
x10 <- 0x0000080000000000

mem[X,0x0000000080000428] -> 0xB423
mem[X,0x000000008000042A] -> 0x18A0
[291] [M]: 0x0000000080000428 (0x18A0B423) sd x10, 0x188(x1)                        inst_49+10
mem[W,0x00000000800032A0] <- 0x0000080000000000

clint mtime 0x0000000000000092 (mip.MTI <- 0b1, mip.STI <- 0b0)
mem[X,0x000000008000042C] -> 0x0513
mem[X,0x000000008000042E] -> 0x0010
[292] [M]: 0x000000008000042C (0x00100513) addi x10, x0, 0x1                        inst_50+0
x10 <- 0x0000000000000001

mem[X,0x0000000080000430] -> 0x1513
mem[X,0x0000000080000432] -> 0x02D5
[293] [M]: 0x0000000080000430 (0x02D51513) slli x10, x10, 0x2d                      inst_50+4
x10 <- 0x0000200000000000

clint mtime 0x0000000000000093 (mip.MTI <- 0b1, mip.STI <- 0b0)
mem[X,0x0000000080000434] -> 0x810D
[294] [M]: 0x0000000080000434 (0x810D) c.srli x10, 0x3                              inst_50+8
x10 <- 0x0000040000000000

mem[X,0x0000000080000436] -> 0xB823
mem[X,0x0000000080000438] -> 0x18A0
[295] [M]: 0x0000000080000436 (0x18A0B823) sd x10, 0x190(x1)                        inst_50+10
mem[W,0x00000000800032A8] <- 0x0000040000000000

clint mtime 0x0000000000000094 (mip.MTI <- 0b1, mip.STI <- 0b0)
mem[X,0x000000008000043A] -> 0x0513
mem[X,0x000000008000043C] -> 0x0010
[296] [M]: 0x000000008000043A (0x00100513) addi x10, x0, 0x1                        inst_51+0
x10 <- 0x0000000000000001

mem[X,0x000000008000043E] -> 0x1513
mem[X,0x0000000080000440] -> 0x02E5
[297] [M]: 0x000000008000043E (0x02E51513) slli x10, x10, 0x2e                      inst_51+4
x10 <- 0x0000400000000000

clint mtime 0x0000000000000095 (mip.MTI <- 0b1, mip.STI <- 0b0)
mem[X,0x0000000080000442] -> 0x8125
[298] [M]: 0x0000000080000442 (0x8125) c.srli x10, 0x9                              inst_51+8
x10 <- 0x0000002000000000

mem[X,0x0000000080000444] -> 0xBC23
mem[X,0x0000000080000446] -> 0x18A0
[299] [M]: 0x0000000080000444 (0x18A0BC23) sd x10, 0x198(x1)                        inst_51+10
mem[W,0x00000000800032B0] <- 0x0000002000000000

clint mtime 0x0000000000000096 (mip.MTI <- 0b1, mip.STI <- 0b0)
mem[X,0x0000000080000448] -> 0x0513
mem[X,0x000000008000044A] -> 0x0010
[300] [M]: 0x0000000080000448 (0x00100513) addi x10, x0, 0x1                        inst_52+0
x10 <- 0x0000000000000001

mem[X,0x000000008000044C] -> 0x1513
mem[X,0x000000008000044E] -> 0x02F5
[301] [M]: 0x000000008000044C (0x02F51513) slli x10, x10, 0x2f                      inst_52+4
x10 <- 0x0000800000000000

clint mtime 0x0000000000000097 (mip.MTI <- 0b1, mip.STI <- 0b0)
mem[X,0x0000000080000450] -> 0x8105
[302] [M]: 0x0000000080000450 (0x8105) c.srli x10, 0x1                              inst_52+8
x10 <- 0x0000400000000000

mem[X,0x0000000080000452] -> 0xB023
mem[X,0x0000000080000454] -> 0x1AA0
[303] [M]: 0x0000000080000452 (0x1AA0B023) sd x10, 0x1a0(x1)                        inst_52+10
mem[W,0x00000000800032B8] <- 0x0000400000000000

clint mtime 0x0000000000000098 (mip.MTI <- 0b1, mip.STI <- 0b0)
mem[X,0x0000000080000456] -> 0x0513
mem[X,0x0000000080000458] -> 0x0010
[304] [M]: 0x0000000080000456 (0x00100513) addi x10, x0, 0x1                        inst_53+0
x10 <- 0x0000000000000001

mem[X,0x000000008000045A] -> 0x1513
mem[X,0x000000008000045C] -> 0x0305
[305] [M]: 0x000000008000045A (0x03051513) slli x10, x10, 0x30                      inst_53+4
x10 <- 0x0001000000000000

clint mtime 0x0000000000000099 (mip.MTI <- 0b1, mip.STI <- 0b0)
mem[X,0x000000008000045E] -> 0x913D
[306] [M]: 0x000000008000045E (0x913D) c.srli x10, 0x2f                             inst_53+8
x10 <- 0x0000000000000002

mem[X,0x0000000080000460] -> 0xB423
mem[X,0x0000000080000462] -> 0x1AA0
[307] [M]: 0x0000000080000460 (0x1AA0B423) sd x10, 0x1a8(x1)                        inst_53+10
mem[W,0x00000000800032C0] <- 0x0000000000000002

clint mtime 0x000000000000009A (mip.MTI <- 0b1, mip.STI <- 0b0)
mem[X,0x0000000080000464] -> 0x0513
mem[X,0x0000000080000466] -> 0x0010
[308] [M]: 0x0000000080000464 (0x00100513) addi x10, x0, 0x1                        inst_54+0
x10 <- 0x0000000000000001

mem[X,0x0000000080000468] -> 0x1513
mem[X,0x000000008000046A] -> 0x0315
[309] [M]: 0x0000000080000468 (0x03151513) slli x10, x10, 0x31                      inst_54+4
x10 <- 0x0002000000000000

clint mtime 0x000000000000009B (mip.MTI <- 0b1, mip.STI <- 0b0)
mem[X,0x000000008000046C] -> 0x8139
[310] [M]: 0x000000008000046C (0x8139) c.srli x10, 0xe                              inst_54+8
x10 <- 0x0000000800000000

mem[X,0x000000008000046E] -> 0xB823
mem[X,0x0000000080000470] -> 0x1AA0
[311] [M]: 0x000000008000046E (0x1AA0B823) sd x10, 0x1b0(x1)                        inst_54+10
mem[W,0x00000000800032C8] <- 0x0000000800000000

clint mtime 0x000000000000009C (mip.MTI <- 0b1, mip.STI <- 0b0)
mem[X,0x0000000080000472] -> 0x0513
mem[X,0x0000000080000474] -> 0x0010
[312] [M]: 0x0000000080000472 (0x00100513) addi x10, x0, 0x1                        inst_55+0
x10 <- 0x0000000000000001

mem[X,0x0000000080000476] -> 0x1513
mem[X,0x0000000080000478] -> 0x0325
[313] [M]: 0x0000000080000476 (0x03251513) slli x10, x10, 0x32                      inst_55+4
x10 <- 0x0004000000000000

clint mtime 0x000000000000009D (mip.MTI <- 0b1, mip.STI <- 0b0)
mem[X,0x000000008000047A] -> 0x917D
[314] [M]: 0x000000008000047A (0x917D) c.srli x10, 0x3f                             inst_55+8
x10 <- 0x0000000000000000

mem[X,0x000000008000047C] -> 0xBC23
mem[X,0x000000008000047E] -> 0x1AA0
[315] [M]: 0x000000008000047C (0x1AA0BC23) sd x10, 0x1b8(x1)                        inst_55+10
mem[W,0x00000000800032D0] <- 0x0000000000000000

clint mtime 0x000000000000009E (mip.MTI <- 0b1, mip.STI <- 0b0)
mem[X,0x0000000080000480] -> 0x0513
mem[X,0x0000000080000482] -> 0x0010
[316] [M]: 0x0000000080000480 (0x00100513) addi x10, x0, 0x1                        inst_56+0
x10 <- 0x0000000000000001

mem[X,0x0000000080000484] -> 0x1513
mem[X,0x0000000080000486] -> 0x0335
[317] [M]: 0x0000000080000484 (0x03351513) slli x10, x10, 0x33                      inst_56+4
x10 <- 0x0008000000000000

clint mtime 0x000000000000009F (mip.MTI <- 0b1, mip.STI <- 0b0)
mem[X,0x0000000080000488] -> 0x917D
[318] [M]: 0x0000000080000488 (0x917D) c.srli x10, 0x3f                             inst_56+8
x10 <- 0x0000000000000000

mem[X,0x000000008000048A] -> 0xB023
mem[X,0x000000008000048C] -> 0x1CA0
[319] [M]: 0x000000008000048A (0x1CA0B023) sd x10, 0x1c0(x1)                        inst_56+10
mem[W,0x00000000800032D8] <- 0x0000000000000000

clint mtime 0x00000000000000A0 (mip.MTI <- 0b1, mip.STI <- 0b0)
mem[X,0x000000008000048E] -> 0x0513
mem[X,0x0000000080000490] -> 0x0010
[320] [M]: 0x000000008000048E (0x00100513) addi x10, x0, 0x1                        inst_57+0
x10 <- 0x0000000000000001

mem[X,0x0000000080000492] -> 0x1513
mem[X,0x0000000080000494] -> 0x0345
[321] [M]: 0x0000000080000492 (0x03451513) slli x10, x10, 0x34                      inst_57+4
x10 <- 0x0010000000000000

clint mtime 0x00000000000000A1 (mip.MTI <- 0b1, mip.STI <- 0b0)
mem[X,0x0000000080000496] -> 0x917D
[322] [M]: 0x0000000080000496 (0x917D) c.srli x10, 0x3f                             inst_57+8
x10 <- 0x0000000000000000

mem[X,0x0000000080000498] -> 0xB423
mem[X,0x000000008000049A] -> 0x1CA0
[323] [M]: 0x0000000080000498 (0x1CA0B423) sd x10, 0x1c8(x1)                        inst_57+10
mem[W,0x00000000800032E0] <- 0x0000000000000000

clint mtime 0x00000000000000A2 (mip.MTI <- 0b1, mip.STI <- 0b0)
mem[X,0x000000008000049C] -> 0x0513
mem[X,0x000000008000049E] -> 0x0010
[324] [M]: 0x000000008000049C (0x00100513) addi x10, x0, 0x1                        inst_58+0
x10 <- 0x0000000000000001

mem[X,0x00000000800004A0] -> 0x1513
mem[X,0x00000000800004A2] -> 0x0355
[325] [M]: 0x00000000800004A0 (0x03551513) slli x10, x10, 0x35                      inst_58+4
x10 <- 0x0020000000000000

clint mtime 0x00000000000000A3 (mip.MTI <- 0b1, mip.STI <- 0b0)
mem[X,0x00000000800004A4] -> 0x8149
[326] [M]: 0x00000000800004A4 (0x8149) c.srli x10, 0x12                             inst_58+8
x10 <- 0x0000000800000000

mem[X,0x00000000800004A6] -> 0xB823
mem[X,0x00000000800004A8] -> 0x1CA0
[327] [M]: 0x00000000800004A6 (0x1CA0B823) sd x10, 0x1d0(x1)                        inst_58+10
mem[W,0x00000000800032E8] <- 0x0000000800000000

clint mtime 0x00000000000000A4 (mip.MTI <- 0b1, mip.STI <- 0b0)
mem[X,0x00000000800004AA] -> 0x0513
mem[X,0x00000000800004AC] -> 0x0010
[328] [M]: 0x00000000800004AA (0x00100513) addi x10, x0, 0x1                        inst_59+0
x10 <- 0x0000000000000001

mem[X,0x00000000800004AE] -> 0x1513
mem[X,0x00000000800004B0] -> 0x0365
[329] [M]: 0x00000000800004AE (0x03651513) slli x10, x10, 0x36                      inst_59+4
x10 <- 0x0040000000000000

clint mtime 0x00000000000000A5 (mip.MTI <- 0b1, mip.STI <- 0b0)
mem[X,0x00000000800004B2] -> 0x8149
[330] [M]: 0x00000000800004B2 (0x8149) c.srli x10, 0x12                             inst_59+8
x10 <- 0x0000001000000000

mem[X,0x00000000800004B4] -> 0xBC23
mem[X,0x00000000800004B6] -> 0x1CA0
[331] [M]: 0x00000000800004B4 (0x1CA0BC23) sd x10, 0x1d8(x1)                        inst_59+10
mem[W,0x00000000800032F0] <- 0x0000001000000000

clint mtime 0x00000000000000A6 (mip.MTI <- 0b1, mip.STI <- 0b0)
mem[X,0x00000000800004B8] -> 0x0513
mem[X,0x00000000800004BA] -> 0x0010
[332] [M]: 0x00000000800004B8 (0x00100513) addi x10, x0, 0x1                        inst_60+0
x10 <- 0x0000000000000001

mem[X,0x00000000800004BC] -> 0x1513
mem[X,0x00000000800004BE] -> 0x0375
[333] [M]: 0x00000000800004BC (0x03751513) slli x10, x10, 0x37                      inst_60+4
x10 <- 0x0080000000000000

clint mtime 0x00000000000000A7 (mip.MTI <- 0b1, mip.STI <- 0b0)
mem[X,0x00000000800004C0] -> 0x8129
[334] [M]: 0x00000000800004C0 (0x8129) c.srli x10, 0xa                              inst_60+8
x10 <- 0x0000200000000000

mem[X,0x00000000800004C2] -> 0xB023
mem[X,0x00000000800004C4] -> 0x1EA0
[335] [M]: 0x00000000800004C2 (0x1EA0B023) sd x10, 0x1e0(x1)                        inst_60+10
mem[W,0x00000000800032F8] <- 0x0000200000000000

clint mtime 0x00000000000000A8 (mip.MTI <- 0b1, mip.STI <- 0b0)
mem[X,0x00000000800004C6] -> 0x0513
mem[X,0x00000000800004C8] -> 0x0010
[336] [M]: 0x00000000800004C6 (0x00100513) addi x10, x0, 0x1                        inst_61+0
x10 <- 0x0000000000000001

mem[X,0x00000000800004CA] -> 0x1513
mem[X,0x00000000800004CC] -> 0x0385
[337] [M]: 0x00000000800004CA (0x03851513) slli x10, x10, 0x38                      inst_61+4
x10 <- 0x0100000000000000

clint mtime 0x00000000000000A9 (mip.MTI <- 0b1, mip.STI <- 0b0)
mem[X,0x00000000800004CE] -> 0x8155
[338] [M]: 0x00000000800004CE (0x8155) c.srli x10, 0x15                             inst_61+8
x10 <- 0x0000000800000000

mem[X,0x00000000800004D0] -> 0xB423
mem[X,0x00000000800004D2] -> 0x1EA0
[339] [M]: 0x00000000800004D0 (0x1EA0B423) sd x10, 0x1e8(x1)                        inst_61+10
mem[W,0x0000000080003300] <- 0x0000000800000000

clint mtime 0x00000000000000AA (mip.MTI <- 0b1, mip.STI <- 0b0)
mem[X,0x00000000800004D4] -> 0x0513
mem[X,0x00000000800004D6] -> 0x0010
[340] [M]: 0x00000000800004D4 (0x00100513) addi x10, x0, 0x1                        inst_62+0
x10 <- 0x0000000000000001

mem[X,0x00000000800004D8] -> 0x1513
mem[X,0x00000000800004DA] -> 0x0395
[341] [M]: 0x00000000800004D8 (0x03951513) slli x10, x10, 0x39                      inst_62+4
x10 <- 0x0200000000000000

clint mtime 0x00000000000000AB (mip.MTI <- 0b1, mip.STI <- 0b0)
mem[X,0x00000000800004DC] -> 0x812D
[342] [M]: 0x00000000800004DC (0x812D) c.srli x10, 0xb                              inst_62+8
x10 <- 0x0000400000000000

mem[X,0x00000000800004DE] -> 0xB823
mem[X,0x00000000800004E0] -> 0x1EA0
[343] [M]: 0x00000000800004DE (0x1EA0B823) sd x10, 0x1f0(x1)                        inst_62+10
mem[W,0x0000000080003308] <- 0x0000400000000000

clint mtime 0x00000000000000AC (mip.MTI <- 0b1, mip.STI <- 0b0)
mem[X,0x00000000800004E2] -> 0x0513
mem[X,0x00000000800004E4] -> 0x0010
[344] [M]: 0x00000000800004E2 (0x00100513) addi x10, x0, 0x1                        inst_63+0
x10 <- 0x0000000000000001

mem[X,0x00000000800004E6] -> 0x1513
mem[X,0x00000000800004E8] -> 0x03A5
[345] [M]: 0x00000000800004E6 (0x03A51513) slli x10, x10, 0x3a                      inst_63+4
x10 <- 0x0400000000000000

clint mtime 0x00000000000000AD (mip.MTI <- 0b1, mip.STI <- 0b0)
mem[X,0x00000000800004EA] -> 0x9175
[346] [M]: 0x00000000800004EA (0x9175) c.srli x10, 0x3d                             inst_63+8
x10 <- 0x0000000000000000

mem[X,0x00000000800004EC] -> 0xBC23
mem[X,0x00000000800004EE] -> 0x1EA0
[347] [M]: 0x00000000800004EC (0x1EA0BC23) sd x10, 0x1f8(x1)                        inst_63+10
mem[W,0x0000000080003310] <- 0x0000000000000000

clint mtime 0x00000000000000AE (mip.MTI <- 0b1, mip.STI <- 0b0)
mem[X,0x00000000800004F0] -> 0x0513
mem[X,0x00000000800004F2] -> 0x0010
[348] [M]: 0x00000000800004F0 (0x00100513) addi x10, x0, 0x1                        inst_64+0
x10 <- 0x0000000000000001

mem[X,0x00000000800004F4] -> 0x1513
mem[X,0x00000000800004F6] -> 0x03B5
[349] [M]: 0x00000000800004F4 (0x03B51513) slli x10, x10, 0x3b                      inst_64+4
x10 <- 0x0800000000000000

clint mtime 0x00000000000000AF (mip.MTI <- 0b1, mip.STI <- 0b0)
mem[X,0x00000000800004F8] -> 0x813D
[350] [M]: 0x00000000800004F8 (0x813D) c.srli x10, 0xf                              inst_64+8
x10 <- 0x0000100000000000

mem[X,0x00000000800004FA] -> 0xB023
mem[X,0x00000000800004FC] -> 0x20A0
[351] [M]: 0x00000000800004FA (0x20A0B023) sd x10, 0x200(x1)                        inst_64+10
mem[W,0x0000000080003318] <- 0x0000100000000000

clint mtime 0x00000000000000B0 (mip.MTI <- 0b1, mip.STI <- 0b0)
mem[X,0x00000000800004FE] -> 0x0513
mem[X,0x0000000080000500] -> 0x0010
[352] [M]: 0x00000000800004FE (0x00100513) addi x10, x0, 0x1                        inst_65+0
x10 <- 0x0000000000000001

mem[X,0x0000000080000502] -> 0x1513
mem[X,0x0000000080000504] -> 0x03C5
[353] [M]: 0x0000000080000502 (0x03C51513) slli x10, x10, 0x3c                      inst_65+4
x10 <- 0x1000000000000000

clint mtime 0x00000000000000B1 (mip.MTI <- 0b1, mip.STI <- 0b0)
mem[X,0x0000000080000506] -> 0x916D
[354] [M]: 0x0000000080000506 (0x916D) c.srli x10, 0x3b                             inst_65+8
x10 <- 0x0000000000000002

mem[X,0x0000000080000508] -> 0xB423
mem[X,0x000000008000050A] -> 0x20A0
[355] [M]: 0x0000000080000508 (0x20A0B423) sd x10, 0x208(x1)                        inst_65+10
mem[W,0x0000000080003320] <- 0x0000000000000002

clint mtime 0x00000000000000B2 (mip.MTI <- 0b1, mip.STI <- 0b0)
mem[X,0x000000008000050C] -> 0x0513
mem[X,0x000000008000050E] -> 0x0010
[356] [M]: 0x000000008000050C (0x00100513) addi x10, x0, 0x1                        inst_66+0
x10 <- 0x0000000000000001

mem[X,0x0000000080000510] -> 0x1513
mem[X,0x0000000080000512] -> 0x03D5
[357] [M]: 0x0000000080000510 (0x03D51513) slli x10, x10, 0x3d                      inst_66+4
x10 <- 0x2000000000000000

clint mtime 0x00000000000000B3 (mip.MTI <- 0b1, mip.STI <- 0b0)
mem[X,0x0000000080000514] -> 0x917D
[358] [M]: 0x0000000080000514 (0x917D) c.srli x10, 0x3f                             inst_66+8
x10 <- 0x0000000000000000

mem[X,0x0000000080000516] -> 0xB823
mem[X,0x0000000080000518] -> 0x20A0
[359] [M]: 0x0000000080000516 (0x20A0B823) sd x10, 0x210(x1)                        inst_66+10
mem[W,0x0000000080003328] <- 0x0000000000000000

clint mtime 0x00000000000000B4 (mip.MTI <- 0b1, mip.STI <- 0b0)
mem[X,0x000000008000051A] -> 0x0513
mem[X,0x000000008000051C] -> 0x0010
[360] [M]: 0x000000008000051A (0x00100513) addi x10, x0, 0x1                        inst_67+0
x10 <- 0x0000000000000001

mem[X,0x000000008000051E] -> 0x1513
mem[X,0x0000000080000520] -> 0x03E5
[361] [M]: 0x000000008000051E (0x03E51513) slli x10, x10, 0x3e                      inst_67+4
x10 <- 0x4000000000000000

clint mtime 0x00000000000000B5 (mip.MTI <- 0b1, mip.STI <- 0b0)
mem[X,0x0000000080000522] -> 0x8125
[362] [M]: 0x0000000080000522 (0x8125) c.srli x10, 0x9                              inst_67+8
x10 <- 0x0020000000000000

mem[X,0x0000000080000524] -> 0xBC23
mem[X,0x0000000080000526] -> 0x20A0
[363] [M]: 0x0000000080000524 (0x20A0BC23) sd x10, 0x218(x1)                        inst_67+10
mem[W,0x0000000080003330] <- 0x0020000000000000

clint mtime 0x00000000000000B6 (mip.MTI <- 0b1, mip.STI <- 0b0)
mem[X,0x0000000080000528] -> 0x0513
mem[X,0x000000008000052A] -> 0xFFE0
[364] [M]: 0x0000000080000528 (0xFFE00513) addi x10, x0, -0x2                       inst_68+0
x10 <- 0xFFFFFFFFFFFFFFFE

mem[X,0x000000008000052C] -> 0x8139
[365] [M]: 0x000000008000052C (0x8139) c.srli x10, 0xe                              inst_68+4
x10 <- 0x0003FFFFFFFFFFFF

clint mtime 0x00000000000000B7 (mip.MTI <- 0b1, mip.STI <- 0b0)
mem[X,0x000000008000052E] -> 0xB023
mem[X,0x0000000080000530] -> 0x22A0
[366] [M]: 0x000000008000052E (0x22A0B023) sd x10, 0x220(x1)                        inst_68+6
mem[W,0x0000000080003338] <- 0x0003FFFFFFFFFFFF

mem[X,0x0000000080000532] -> 0x0513
mem[X,0x0000000080000534] -> 0xFFD0
[367] [M]: 0x0000000080000532 (0xFFD00513) addi x10, x0, -0x3                       inst_69+0
x10 <- 0xFFFFFFFFFFFFFFFD

clint mtime 0x00000000000000B8 (mip.MTI <- 0b1, mip.STI <- 0b0)
mem[X,0x0000000080000536] -> 0x8131
[368] [M]: 0x0000000080000536 (0x8131) c.srli x10, 0xc                              inst_69+4
x10 <- 0x000FFFFFFFFFFFFF

mem[X,0x0000000080000538] -> 0xB423
mem[X,0x000000008000053A] -> 0x22A0
[369] [M]: 0x0000000080000538 (0x22A0B423) sd x10, 0x228(x1)                        inst_69+6
mem[W,0x0000000080003340] <- 0x000FFFFFFFFFFFFF

clint mtime 0x00000000000000B9 (mip.MTI <- 0b1, mip.STI <- 0b0)
mem[X,0x000000008000053C] -> 0x0513
mem[X,0x000000008000053E] -> 0xFFB0
[370] [M]: 0x000000008000053C (0xFFB00513) addi x10, x0, -0x5                       inst_70+0
x10 <- 0xFFFFFFFFFFFFFFFB

mem[X,0x0000000080000540] -> 0x8119
[371] [M]: 0x0000000080000540 (0x8119) c.srli x10, 0x6                              inst_70+4
x10 <- 0x03FFFFFFFFFFFFFF

clint mtime 0x00000000000000BA (mip.MTI <- 0b1, mip.STI <- 0b0)
mem[X,0x0000000080000542] -> 0xB823
mem[X,0x0000000080000544] -> 0x22A0
[372] [M]: 0x0000000080000542 (0x22A0B823) sd x10, 0x230(x1)                        inst_70+6
mem[W,0x0000000080003348] <- 0x03FFFFFFFFFFFFFF

mem[X,0x0000000080000546] -> 0x0513
mem[X,0x0000000080000548] -> 0xFF70
[373] [M]: 0x0000000080000546 (0xFF700513) addi x10, x0, -0x9                       inst_71+0
x10 <- 0xFFFFFFFFFFFFFFF7

clint mtime 0x00000000000000BB (mip.MTI <- 0b1, mip.STI <- 0b0)
mem[X,0x000000008000054A] -> 0x9101
[374] [M]: 0x000000008000054A (0x9101) c.srli x10, 0x20                             inst_71+4
x10 <- 0x00000000FFFFFFFF

mem[X,0x000000008000054C] -> 0xBC23
mem[X,0x000000008000054E] -> 0x22A0
[375] [M]: 0x000000008000054C (0x22A0BC23) sd x10, 0x238(x1)                        inst_71+6
mem[W,0x0000000080003350] <- 0x00000000FFFFFFFF

clint mtime 0x00000000000000BC (mip.MTI <- 0b1, mip.STI <- 0b0)
mem[X,0x0000000080000550] -> 0x0513
mem[X,0x0000000080000552] -> 0xFEF0
[376] [M]: 0x0000000080000550 (0xFEF00513) addi x10, x0, -0x11                      inst_72+0
x10 <- 0xFFFFFFFFFFFFFFEF

mem[X,0x0000000080000554] -> 0x810D
[377] [M]: 0x0000000080000554 (0x810D) c.srli x10, 0x3                              inst_72+4
x10 <- 0x1FFFFFFFFFFFFFFD

clint mtime 0x00000000000000BD (mip.MTI <- 0b1, mip.STI <- 0b0)
mem[X,0x0000000080000556] -> 0xB023
mem[X,0x0000000080000558] -> 0x24A0
[378] [M]: 0x0000000080000556 (0x24A0B023) sd x10, 0x240(x1)                        inst_72+6
mem[W,0x0000000080003358] <- 0x1FFFFFFFFFFFFFFD

mem[X,0x000000008000055A] -> 0x0513
mem[X,0x000000008000055C] -> 0xFDF0
[379] [M]: 0x000000008000055A (0xFDF00513) addi x10, x0, -0x21                      inst_73+0
x10 <- 0xFFFFFFFFFFFFFFDF

clint mtime 0x00000000000000BE (mip.MTI <- 0b1, mip.STI <- 0b0)
mem[X,0x000000008000055E] -> 0x810D
[380] [M]: 0x000000008000055E (0x810D) c.srli x10, 0x3                              inst_73+4
x10 <- 0x1FFFFFFFFFFFFFFB

mem[X,0x0000000080000560] -> 0xB423
mem[X,0x0000000080000562] -> 0x24A0
[381] [M]: 0x0000000080000560 (0x24A0B423) sd x10, 0x248(x1)                        inst_73+6
mem[W,0x0000000080003360] <- 0x1FFFFFFFFFFFFFFB

clint mtime 0x00000000000000BF (mip.MTI <- 0b1, mip.STI <- 0b0)
mem[X,0x0000000080000564] -> 0x0513
mem[X,0x0000000080000566] -> 0xFBF0
[382] [M]: 0x0000000080000564 (0xFBF00513) addi x10, x0, -0x41                      inst_74+0
x10 <- 0xFFFFFFFFFFFFFFBF

mem[X,0x0000000080000568] -> 0x913D
[383] [M]: 0x0000000080000568 (0x913D) c.srli x10, 0x2f                             inst_74+4
x10 <- 0x000000000001FFFF

clint mtime 0x00000000000000C0 (mip.MTI <- 0b1, mip.STI <- 0b0)
mem[X,0x000000008000056A] -> 0xB823
mem[X,0x000000008000056C] -> 0x24A0
[384] [M]: 0x000000008000056A (0x24A0B823) sd x10, 0x250(x1)                        inst_74+6
mem[W,0x0000000080003368] <- 0x000000000001FFFF

mem[X,0x000000008000056E] -> 0x0513
mem[X,0x0000000080000570] -> 0xF7F0
[385] [M]: 0x000000008000056E (0xF7F00513) addi x10, x0, -0x81                      inst_75+0
x10 <- 0xFFFFFFFFFFFFFF7F

clint mtime 0x00000000000000C1 (mip.MTI <- 0b1, mip.STI <- 0b0)
mem[X,0x0000000080000572] -> 0x9101
[386] [M]: 0x0000000080000572 (0x9101) c.srli x10, 0x20                             inst_75+4
x10 <- 0x00000000FFFFFFFF

mem[X,0x0000000080000574] -> 0xBC23
mem[X,0x0000000080000576] -> 0x24A0
[387] [M]: 0x0000000080000574 (0x24A0BC23) sd x10, 0x258(x1)                        inst_75+6
mem[W,0x0000000080003370] <- 0x00000000FFFFFFFF

clint mtime 0x00000000000000C2 (mip.MTI <- 0b1, mip.STI <- 0b0)
mem[X,0x0000000080000578] -> 0x0513
mem[X,0x000000008000057A] -> 0xEFF0
[388] [M]: 0x0000000080000578 (0xEFF00513) addi x10, x0, -0x101                     inst_76+0
x10 <- 0xFFFFFFFFFFFFFEFF

mem[X,0x000000008000057C] -> 0x9179
[389] [M]: 0x000000008000057C (0x9179) c.srli x10, 0x3e                             inst_76+4
x10 <- 0x0000000000000003

clint mtime 0x00000000000000C3 (mip.MTI <- 0b1, mip.STI <- 0b0)
mem[X,0x000000008000057E] -> 0xB023
mem[X,0x0000000080000580] -> 0x26A0
[390] [M]: 0x000000008000057E (0x26A0B023) sd x10, 0x260(x1)                        inst_76+6
mem[W,0x0000000080003378] <- 0x0000000000000003

mem[X,0x0000000080000582] -> 0x0513
mem[X,0x0000000080000584] -> 0xDFF0
[391] [M]: 0x0000000080000582 (0xDFF00513) addi x10, x0, -0x201                     inst_77+0
x10 <- 0xFFFFFFFFFFFFFDFF

clint mtime 0x00000000000000C4 (mip.MTI <- 0b1, mip.STI <- 0b0)
mem[X,0x0000000080000586] -> 0x915D
[392] [M]: 0x0000000080000586 (0x915D) c.srli x10, 0x37                             inst_77+4
x10 <- 0x00000000000001FF

mem[X,0x0000000080000588] -> 0xB423
mem[X,0x000000008000058A] -> 0x26A0
[393] [M]: 0x0000000080000588 (0x26A0B423) sd x10, 0x268(x1)                        inst_77+6
mem[W,0x0000000080003380] <- 0x00000000000001FF

clint mtime 0x00000000000000C5 (mip.MTI <- 0b1, mip.STI <- 0b0)
mem[X,0x000000008000058C] -> 0x0513
mem[X,0x000000008000058E] -> 0xBFF0
[394] [M]: 0x000000008000058C (0xBFF00513) addi x10, x0, -0x401                     inst_78+0
x10 <- 0xFFFFFFFFFFFFFBFF

mem[X,0x0000000080000590] -> 0x8135
[395] [M]: 0x0000000080000590 (0x8135) c.srli x10, 0xd                              inst_78+4
x10 <- 0x0007FFFFFFFFFFFF

clint mtime 0x00000000000000C6 (mip.MTI <- 0b1, mip.STI <- 0b0)
mem[X,0x0000000080000592] -> 0xB823
mem[X,0x0000000080000594] -> 0x26A0
[396] [M]: 0x0000000080000592 (0x26A0B823) sd x10, 0x270(x1)                        inst_78+6
mem[W,0x0000000080003388] <- 0x0007FFFFFFFFFFFF

mem[X,0x0000000080000596] -> 0x0513
mem[X,0x0000000080000598] -> 0x0010
[397] [M]: 0x0000000080000596 (0x00100513) addi x10, x0, 0x1                        inst_79+0
x10 <- 0x0000000000000001

clint mtime 0x00000000000000C7 (mip.MTI <- 0b1, mip.STI <- 0b0)
mem[X,0x000000008000059A] -> 0x1513
mem[X,0x000000008000059C] -> 0x00B5
[398] [M]: 0x000000008000059A (0x00B51513) slli x10, x10, 0xb                       inst_79+4
x10 <- 0x0000000000000800

mem[X,0x000000008000059E] -> 0x4513
mem[X,0x00000000800005A0] -> 0xFFF5
[399] [M]: 0x000000008000059E (0xFFF54513) xori x10, x10, -0x1                      inst_79+8
x10 <- 0xFFFFFFFFFFFFF7FF

clint mtime 0x00000000000000C8 (mip.MTI <- 0b1, mip.STI <- 0b0)
mem[X,0x00000000800005A2] -> 0x8111
[400] [M]: 0x00000000800005A2 (0x8111) c.srli x10, 0x4                              inst_79+12
x10 <- 0x0FFFFFFFFFFFFF7F

mem[X,0x00000000800005A4] -> 0xBC23
mem[X,0x00000000800005A6] -> 0x26A0
[401] [M]: 0x00000000800005A4 (0x26A0BC23) sd x10, 0x278(x1)                        inst_79+14
mem[W,0x0000000080003390] <- 0x0FFFFFFFFFFFFF7F

clint mtime 0x00000000000000C9 (mip.MTI <- 0b1, mip.STI <- 0b0)
mem[X,0x00000000800005A8] -> 0x0513
mem[X,0x00000000800005AA] -> 0x0010
[402] [M]: 0x00000000800005A8 (0x00100513) addi x10, x0, 0x1                        inst_80+0
x10 <- 0x0000000000000001

mem[X,0x00000000800005AC] -> 0x1513
mem[X,0x00000000800005AE] -> 0x00C5
[403] [M]: 0x00000000800005AC (0x00C51513) slli x10, x10, 0xc                       inst_80+4
x10 <- 0x0000000000001000

clint mtime 0x00000000000000CA (mip.MTI <- 0b1, mip.STI <- 0b0)
mem[X,0x00000000800005B0] -> 0x4513
mem[X,0x00000000800005B2] -> 0xFFF5
[404] [M]: 0x00000000800005B0 (0xFFF54513) xori x10, x10, -0x1                      inst_80+8
x10 <- 0xFFFFFFFFFFFFEFFF

mem[X,0x00000000800005B4] -> 0x8139
[405] [M]: 0x00000000800005B4 (0x8139) c.srli x10, 0xe                              inst_80+12
x10 <- 0x0003FFFFFFFFFFFF

clint mtime 0x00000000000000CB (mip.MTI <- 0b1, mip.STI <- 0b0)
mem[X,0x00000000800005B6] -> 0xB023
mem[X,0x00000000800005B8] -> 0x28A0
[406] [M]: 0x00000000800005B6 (0x28A0B023) sd x10, 0x280(x1)                        inst_80+14
mem[W,0x0000000080003398] <- 0x0003FFFFFFFFFFFF

mem[X,0x00000000800005BA] -> 0x0513
mem[X,0x00000000800005BC] -> 0x0010
[407] [M]: 0x00000000800005BA (0x00100513) addi x10, x0, 0x1                        inst_81+0
x10 <- 0x0000000000000001

clint mtime 0x00000000000000CC (mip.MTI <- 0b1, mip.STI <- 0b0)
mem[X,0x00000000800005BE] -> 0x1513
mem[X,0x00000000800005C0] -> 0x00D5
[408] [M]: 0x00000000800005BE (0x00D51513) slli x10, x10, 0xd                       inst_81+4
x10 <- 0x0000000000002000

mem[X,0x00000000800005C2] -> 0x4513
mem[X,0x00000000800005C4] -> 0xFFF5
[409] [M]: 0x00000000800005C2 (0xFFF54513) xori x10, x10, -0x1                      inst_81+8
x10 <- 0xFFFFFFFFFFFFDFFF

clint mtime 0x00000000000000CD (mip.MTI <- 0b1, mip.STI <- 0b0)
mem[X,0x00000000800005C6] -> 0x8145
[410] [M]: 0x00000000800005C6 (0x8145) c.srli x10, 0x11                             inst_81+12
x10 <- 0x00007FFFFFFFFFFF

mem[X,0x00000000800005C8] -> 0xB423
mem[X,0x00000000800005CA] -> 0x28A0
[411] [M]: 0x00000000800005C8 (0x28A0B423) sd x10, 0x288(x1)                        inst_81+14
mem[W,0x00000000800033A0] <- 0x00007FFFFFFFFFFF

clint mtime 0x00000000000000CE (mip.MTI <- 0b1, mip.STI <- 0b0)
mem[X,0x00000000800005CC] -> 0x0513
mem[X,0x00000000800005CE] -> 0x0010
[412] [M]: 0x00000000800005CC (0x00100513) addi x10, x0, 0x1                        inst_82+0
x10 <- 0x0000000000000001

mem[X,0x00000000800005D0] -> 0x1513
mem[X,0x00000000800005D2] -> 0x00E5
[413] [M]: 0x00000000800005D0 (0x00E51513) slli x10, x10, 0xe                       inst_82+4
x10 <- 0x0000000000004000

clint mtime 0x00000000000000CF (mip.MTI <- 0b1, mip.STI <- 0b0)
mem[X,0x00000000800005D4] -> 0x4513
mem[X,0x00000000800005D6] -> 0xFFF5
[414] [M]: 0x00000000800005D4 (0xFFF54513) xori x10, x10, -0x1                      inst_82+8
x10 <- 0xFFFFFFFFFFFFBFFF

mem[X,0x00000000800005D8] -> 0x8115
[415] [M]: 0x00000000800005D8 (0x8115) c.srli x10, 0x5                              inst_82+12
x10 <- 0x07FFFFFFFFFFFDFF

clint mtime 0x00000000000000D0 (mip.MTI <- 0b1, mip.STI <- 0b0)
mem[X,0x00000000800005DA] -> 0xB823
mem[X,0x00000000800005DC] -> 0x28A0
[416] [M]: 0x00000000800005DA (0x28A0B823) sd x10, 0x290(x1)                        inst_82+14
mem[W,0x00000000800033A8] <- 0x07FFFFFFFFFFFDFF

mem[X,0x00000000800005DE] -> 0x0513
mem[X,0x00000000800005E0] -> 0x0010
[417] [M]: 0x00000000800005DE (0x00100513) addi x10, x0, 0x1                        inst_83+0
x10 <- 0x0000000000000001

clint mtime 0x00000000000000D1 (mip.MTI <- 0b1, mip.STI <- 0b0)
mem[X,0x00000000800005E2] -> 0x1513
mem[X,0x00000000800005E4] -> 0x00F5
[418] [M]: 0x00000000800005E2 (0x00F51513) slli x10, x10, 0xf                       inst_83+4
x10 <- 0x0000000000008000

mem[X,0x00000000800005E6] -> 0x4513
mem[X,0x00000000800005E8] -> 0xFFF5
[419] [M]: 0x00000000800005E6 (0xFFF54513) xori x10, x10, -0x1                      inst_83+8
x10 <- 0xFFFFFFFFFFFF7FFF

clint mtime 0x00000000000000D2 (mip.MTI <- 0b1, mip.STI <- 0b0)
mem[X,0x00000000800005EA] -> 0x8125
[420] [M]: 0x00000000800005EA (0x8125) c.srli x10, 0x9                              inst_83+12
x10 <- 0x007FFFFFFFFFFFBF

mem[X,0x00000000800005EC] -> 0xBC23
mem[X,0x00000000800005EE] -> 0x28A0
[421] [M]: 0x00000000800005EC (0x28A0BC23) sd x10, 0x298(x1)                        inst_83+14
mem[W,0x00000000800033B0] <- 0x007FFFFFFFFFFFBF

clint mtime 0x00000000000000D3 (mip.MTI <- 0b1, mip.STI <- 0b0)
mem[X,0x00000000800005F0] -> 0x0513
mem[X,0x00000000800005F2] -> 0x0010
[422] [M]: 0x00000000800005F0 (0x00100513) addi x10, x0, 0x1                        inst_84+0
x10 <- 0x0000000000000001

mem[X,0x00000000800005F4] -> 0x1513
mem[X,0x00000000800005F6] -> 0x0105
[423] [M]: 0x00000000800005F4 (0x01051513) slli x10, x10, 0x10                      inst_84+4
x10 <- 0x0000000000010000

clint mtime 0x00000000000000D4 (mip.MTI <- 0b1, mip.STI <- 0b0)
mem[X,0x00000000800005F8] -> 0x4513
mem[X,0x00000000800005FA] -> 0xFFF5
[424] [M]: 0x00000000800005F8 (0xFFF54513) xori x10, x10, -0x1                      inst_84+8
x10 <- 0xFFFFFFFFFFFEFFFF

mem[X,0x00000000800005FC] -> 0x810D
[425] [M]: 0x00000000800005FC (0x810D) c.srli x10, 0x3                              inst_84+12
x10 <- 0x1FFFFFFFFFFFDFFF

clint mtime 0x00000000000000D5 (mip.MTI <- 0b1, mip.STI <- 0b0)
mem[X,0x00000000800005FE] -> 0xB023
mem[X,0x0000000080000600] -> 0x2AA0
[426] [M]: 0x00000000800005FE (0x2AA0B023) sd x10, 0x2a0(x1)                        inst_84+14
mem[W,0x00000000800033B8] <- 0x1FFFFFFFFFFFDFFF

mem[X,0x0000000080000602] -> 0x0513
mem[X,0x0000000080000604] -> 0x0010
[427] [M]: 0x0000000080000602 (0x00100513) addi x10, x0, 0x1                        inst_85+0
x10 <- 0x0000000000000001

clint mtime 0x00000000000000D6 (mip.MTI <- 0b1, mip.STI <- 0b0)
mem[X,0x0000000080000606] -> 0x1513
mem[X,0x0000000080000608] -> 0x0115
[428] [M]: 0x0000000080000606 (0x01151513) slli x10, x10, 0x11                      inst_85+4
x10 <- 0x0000000000020000

mem[X,0x000000008000060A] -> 0x4513
mem[X,0x000000008000060C] -> 0xFFF5
[429] [M]: 0x000000008000060A (0xFFF54513) xori x10, x10, -0x1                      inst_85+8
x10 <- 0xFFFFFFFFFFFDFFFF

clint mtime 0x00000000000000D7 (mip.MTI <- 0b1, mip.STI <- 0b0)
mem[X,0x000000008000060E] -> 0x814D
[430] [M]: 0x000000008000060E (0x814D) c.srli x10, 0x13                             inst_85+12
x10 <- 0x00001FFFFFFFFFFF

mem[X,0x0000000080000610] -> 0xB423
mem[X,0x0000000080000612] -> 0x2AA0
[431] [M]: 0x0000000080000610 (0x2AA0B423) sd x10, 0x2a8(x1)                        inst_85+14
mem[W,0x00000000800033C0] <- 0x00001FFFFFFFFFFF

clint mtime 0x00000000000000D8 (mip.MTI <- 0b1, mip.STI <- 0b0)
mem[X,0x0000000080000614] -> 0x0513
mem[X,0x0000000080000616] -> 0x0010
[432] [M]: 0x0000000080000614 (0x00100513) addi x10, x0, 0x1                        inst_86+0
x10 <- 0x0000000000000001

mem[X,0x0000000080000618] -> 0x1513
mem[X,0x000000008000061A] -> 0x0125
[433] [M]: 0x0000000080000618 (0x01251513) slli x10, x10, 0x12                      inst_86+4
x10 <- 0x0000000000040000

clint mtime 0x00000000000000D9 (mip.MTI <- 0b1, mip.STI <- 0b0)
mem[X,0x000000008000061C] -> 0x4513
mem[X,0x000000008000061E] -> 0xFFF5
[434] [M]: 0x000000008000061C (0xFFF54513) xori x10, x10, -0x1                      inst_86+8
x10 <- 0xFFFFFFFFFFFBFFFF

mem[X,0x0000000080000620] -> 0x817D
[435] [M]: 0x0000000080000620 (0x817D) c.srli x10, 0x1f                             inst_86+12
x10 <- 0x00000001FFFFFFFF

clint mtime 0x00000000000000DA (mip.MTI <- 0b1, mip.STI <- 0b0)
mem[X,0x0000000080000622] -> 0xB823
mem[X,0x0000000080000624] -> 0x2AA0
[436] [M]: 0x0000000080000622 (0x2AA0B823) sd x10, 0x2b0(x1)                        inst_86+14
mem[W,0x00000000800033C8] <- 0x00000001FFFFFFFF

mem[X,0x0000000080000626] -> 0x0513
mem[X,0x0000000080000628] -> 0x0010
[437] [M]: 0x0000000080000626 (0x00100513) addi x10, x0, 0x1                        inst_87+0
x10 <- 0x0000000000000001

clint mtime 0x00000000000000DB (mip.MTI <- 0b1, mip.STI <- 0b0)
mem[X,0x000000008000062A] -> 0x1513
mem[X,0x000000008000062C] -> 0x0135
[438] [M]: 0x000000008000062A (0x01351513) slli x10, x10, 0x13                      inst_87+4
x10 <- 0x0000000000080000

mem[X,0x000000008000062E] -> 0x4513
mem[X,0x0000000080000630] -> 0xFFF5
[439] [M]: 0x000000008000062E (0xFFF54513) xori x10, x10, -0x1                      inst_87+8
x10 <- 0xFFFFFFFFFFF7FFFF

clint mtime 0x00000000000000DC (mip.MTI <- 0b1, mip.STI <- 0b0)
mem[X,0x0000000080000632] -> 0x8141
[440] [M]: 0x0000000080000632 (0x8141) c.srli x10, 0x10                             inst_87+12
x10 <- 0x0000FFFFFFFFFFF7

mem[X,0x0000000080000634] -> 0xBC23
mem[X,0x0000000080000636] -> 0x2AA0
[441] [M]: 0x0000000080000634 (0x2AA0BC23) sd x10, 0x2b8(x1)                        inst_87+14
mem[W,0x00000000800033D0] <- 0x0000FFFFFFFFFFF7

clint mtime 0x00000000000000DD (mip.MTI <- 0b1, mip.STI <- 0b0)
mem[X,0x0000000080000638] -> 0x0513
mem[X,0x000000008000063A] -> 0x0010
[442] [M]: 0x0000000080000638 (0x00100513) addi x10, x0, 0x1                        inst_88+0
x10 <- 0x0000000000000001

mem[X,0x000000008000063C] -> 0x1513
mem[X,0x000000008000063E] -> 0x0395
[443] [M]: 0x000000008000063C (0x03951513) slli x10, x10, 0x39                      inst_88+4
x10 <- 0x0200000000000000

clint mtime 0x00000000000000DE (mip.MTI <- 0b1, mip.STI <- 0b0)
mem[X,0x0000000080000640] -> 0x4513
mem[X,0x0000000080000642] -> 0xFFF5
[444] [M]: 0x0000000080000640 (0xFFF54513) xori x10, x10, -0x1                      inst_88+8
x10 <- 0xFDFFFFFFFFFFFFFF

mem[X,0x0000000080000644] -> 0x9179
[445] [M]: 0x0000000080000644 (0x9179) c.srli x10, 0x3e                             inst_88+12
x10 <- 0x0000000000000003

clint mtime 0x00000000000000DF (mip.MTI <- 0b1, mip.STI <- 0b0)
mem[X,0x0000000080000646] -> 0xB023
mem[X,0x0000000080000648] -> 0x2CA0
[446] [M]: 0x0000000080000646 (0x2CA0B023) sd x10, 0x2c0(x1)                        inst_88+14
mem[W,0x00000000800033D8] <- 0x0000000000000003

mem[X,0x000000008000064A] -> 0x0513
mem[X,0x000000008000064C] -> 0x0010
[447] [M]: 0x000000008000064A (0x00100513) addi x10, x0, 0x1                        inst_89+0
x10 <- 0x0000000000000001

clint mtime 0x00000000000000E0 (mip.MTI <- 0b1, mip.STI <- 0b0)
mem[X,0x000000008000064E] -> 0x1513
mem[X,0x0000000080000650] -> 0x03A5
[448] [M]: 0x000000008000064E (0x03A51513) slli x10, x10, 0x3a                      inst_89+4
x10 <- 0x0400000000000000

mem[X,0x0000000080000652] -> 0x4513
mem[X,0x0000000080000654] -> 0xFFF5
[449] [M]: 0x0000000080000652 (0xFFF54513) xori x10, x10, -0x1                      inst_89+8
x10 <- 0xFBFFFFFFFFFFFFFF

clint mtime 0x00000000000000E1 (mip.MTI <- 0b1, mip.STI <- 0b0)
mem[X,0x0000000080000656] -> 0x915D
[450] [M]: 0x0000000080000656 (0x915D) c.srli x10, 0x37                             inst_89+12
x10 <- 0x00000000000001F7

mem[X,0x0000000080000658] -> 0xB423
mem[X,0x000000008000065A] -> 0x2CA0
[451] [M]: 0x0000000080000658 (0x2CA0B423) sd x10, 0x2c8(x1)                        inst_89+14
mem[W,0x00000000800033E0] <- 0x00000000000001F7

clint mtime 0x00000000000000E2 (mip.MTI <- 0b1, mip.STI <- 0b0)
mem[X,0x000000008000065C] -> 0x0513
mem[X,0x000000008000065E] -> 0x0010
[452] [M]: 0x000000008000065C (0x00100513) addi x10, x0, 0x1                        inst_90+0
x10 <- 0x0000000000000001

mem[X,0x0000000080000660] -> 0x1513
mem[X,0x0000000080000662] -> 0x03B5
[453] [M]: 0x0000000080000660 (0x03B51513) slli x10, x10, 0x3b                      inst_90+4
x10 <- 0x0800000000000000

clint mtime 0x00000000000000E3 (mip.MTI <- 0b1, mip.STI <- 0b0)
mem[X,0x0000000080000664] -> 0x4513
mem[X,0x0000000080000666] -> 0xFFF5
[454] [M]: 0x0000000080000664 (0xFFF54513) xori x10, x10, -0x1                      inst_90+8
x10 <- 0xF7FFFFFFFFFFFFFF

mem[X,0x0000000080000668] -> 0x8155
[455] [M]: 0x0000000080000668 (0x8155) c.srli x10, 0x15                             inst_90+12
x10 <- 0x000007BFFFFFFFFF

clint mtime 0x00000000000000E4 (mip.MTI <- 0b1, mip.STI <- 0b0)
mem[X,0x000000008000066A] -> 0xB823
mem[X,0x000000008000066C] -> 0x2CA0
[456] [M]: 0x000000008000066A (0x2CA0B823) sd x10, 0x2d0(x1)                        inst_90+14
mem[W,0x00000000800033E8] <- 0x000007BFFFFFFFFF

mem[X,0x000000008000066E] -> 0x0513
mem[X,0x0000000080000670] -> 0x0010
[457] [M]: 0x000000008000066E (0x00100513) addi x10, x0, 0x1                        inst_91+0
x10 <- 0x0000000000000001

clint mtime 0x00000000000000E5 (mip.MTI <- 0b1, mip.STI <- 0b0)
mem[X,0x0000000080000672] -> 0x1513
mem[X,0x0000000080000674] -> 0x03C5
[458] [M]: 0x0000000080000672 (0x03C51513) slli x10, x10, 0x3c                      inst_91+4
x10 <- 0x1000000000000000

mem[X,0x0000000080000676] -> 0x4513
mem[X,0x0000000080000678] -> 0xFFF5
[459] [M]: 0x0000000080000676 (0xFFF54513) xori x10, x10, -0x1                      inst_91+8
x10 <- 0xEFFFFFFFFFFFFFFF

clint mtime 0x00000000000000E6 (mip.MTI <- 0b1, mip.STI <- 0b0)
mem[X,0x000000008000067A] -> 0x8125
[460] [M]: 0x000000008000067A (0x8125) c.srli x10, 0x9                              inst_91+12
x10 <- 0x0077FFFFFFFFFFFF

mem[X,0x000000008000067C] -> 0xBC23
mem[X,0x000000008000067E] -> 0x2CA0
[461] [M]: 0x000000008000067C (0x2CA0BC23) sd x10, 0x2d8(x1)                        inst_91+14
mem[W,0x00000000800033F0] <- 0x0077FFFFFFFFFFFF

clint mtime 0x00000000000000E7 (mip.MTI <- 0b1, mip.STI <- 0b0)
mem[X,0x0000000080000680] -> 0x0513
mem[X,0x0000000080000682] -> 0x0010
[462] [M]: 0x0000000080000680 (0x00100513) addi x10, x0, 0x1                        inst_92+0
x10 <- 0x0000000000000001

mem[X,0x0000000080000684] -> 0x1513
mem[X,0x0000000080000686] -> 0x03D5
[463] [M]: 0x0000000080000684 (0x03D51513) slli x10, x10, 0x3d                      inst_92+4
x10 <- 0x2000000000000000

clint mtime 0x00000000000000E8 (mip.MTI <- 0b1, mip.STI <- 0b0)
mem[X,0x0000000080000688] -> 0x4513
mem[X,0x000000008000068A] -> 0xFFF5
[464] [M]: 0x0000000080000688 (0xFFF54513) xori x10, x10, -0x1                      inst_92+8
x10 <- 0xDFFFFFFFFFFFFFFF

mem[X,0x000000008000068C] -> 0x8119
[465] [M]: 0x000000008000068C (0x8119) c.srli x10, 0x6                              inst_92+12
x10 <- 0x037FFFFFFFFFFFFF

clint mtime 0x00000000000000E9 (mip.MTI <- 0b1, mip.STI <- 0b0)
mem[X,0x000000008000068E] -> 0xB023
mem[X,0x0000000080000690] -> 0x2EA0
[466] [M]: 0x000000008000068E (0x2EA0B023) sd x10, 0x2e0(x1)                        inst_92+14
mem[W,0x00000000800033F8] <- 0x037FFFFFFFFFFFFF

mem[X,0x0000000080000692] -> 0x0513
mem[X,0x0000000080000694] -> 0x0010
[467] [M]: 0x0000000080000692 (0x00100513) addi x10, x0, 0x1                        inst_93+0
x10 <- 0x0000000000000001

clint mtime 0x00000000000000EA (mip.MTI <- 0b1, mip.STI <- 0b0)
mem[X,0x0000000080000696] -> 0x1513
mem[X,0x0000000080000698] -> 0x03E5
[468] [M]: 0x0000000080000696 (0x03E51513) slli x10, x10, 0x3e                      inst_93+4
x10 <- 0x4000000000000000

mem[X,0x000000008000069A] -> 0x4513
mem[X,0x000000008000069C] -> 0xFFF5
[469] [M]: 0x000000008000069A (0xFFF54513) xori x10, x10, -0x1                      inst_93+8
x10 <- 0xBFFFFFFFFFFFFFFF

clint mtime 0x00000000000000EB (mip.MTI <- 0b1, mip.STI <- 0b0)
mem[X,0x000000008000069E] -> 0x8141
[470] [M]: 0x000000008000069E (0x8141) c.srli x10, 0x10                             inst_93+12
x10 <- 0x0000BFFFFFFFFFFF

mem[X,0x00000000800006A0] -> 0xB423
mem[X,0x00000000800006A2] -> 0x2EA0
[471] [M]: 0x00000000800006A0 (0x2EA0B423) sd x10, 0x2e8(x1)                        inst_93+14
mem[W,0x0000000080003400] <- 0x0000BFFFFFFFFFFF

clint mtime 0x00000000000000EC (mip.MTI <- 0b1, mip.STI <- 0b0)
mem[X,0x00000000800006A4] -> 0x5537
mem[X,0x00000000800006A6] -> 0x5555
[472] [M]: 0x00000000800006A4 (0x55555537) lui x10, 0x55555                         inst_94+0
x10 <- 0x0000000055555000

mem[X,0x00000000800006A8] -> 0x0513
mem[X,0x00000000800006AA] -> 0x5555
[473] [M]: 0x00000000800006A8 (0x55550513) addi x10, x10, 0x555                     inst_94+4
x10 <- 0x0000000055555555

clint mtime 0x00000000000000ED (mip.MTI <- 0b1, mip.STI <- 0b0)
mem[X,0x00000000800006AC] -> 0x1513
mem[X,0x00000000800006AE] -> 0x00B5
[474] [M]: 0x00000000800006AC (0x00B51513) slli x10, x10, 0xb                       inst_94+8
x10 <- 0x000002AAAAAAA800

mem[X,0x00000000800006B0] -> 0x0513
mem[X,0x00000000800006B2] -> 0x2AA5
[475] [M]: 0x00000000800006B0 (0x2AA50513) addi x10, x10, 0x2aa                     inst_94+12
x10 <- 0x000002AAAAAAAAAA

clint mtime 0x00000000000000EE (mip.MTI <- 0b1, mip.STI <- 0b0)
mem[X,0x00000000800006B4] -> 0x1513
mem[X,0x00000000800006B6] -> 0x00B5
[476] [M]: 0x00000000800006B4 (0x00B51513) slli x10, x10, 0xb                       inst_94+16
x10 <- 0x0015555555555000

mem[X,0x00000000800006B8] -> 0x0513
mem[X,0x00000000800006BA] -> 0x5555
[477] [M]: 0x00000000800006B8 (0x55550513) addi x10, x10, 0x555                     inst_94+20
x10 <- 0x0015555555555555

clint mtime 0x00000000000000EF (mip.MTI <- 0b1, mip.STI <- 0b0)
mem[X,0x00000000800006BC] -> 0x1513
mem[X,0x00000000800006BE] -> 0x00A5
[478] [M]: 0x00000000800006BC (0x00A51513) slli x10, x10, 0xa                       inst_94+24
x10 <- 0x5555555555555400

mem[X,0x00000000800006C0] -> 0x0513
mem[X,0x00000000800006C2] -> 0x1555
[479] [M]: 0x00000000800006C0 (0x15550513) addi x10, x10, 0x155                     inst_94+28
x10 <- 0x5555555555555555

clint mtime 0x00000000000000F0 (mip.MTI <- 0b1, mip.STI <- 0b0)
mem[X,0x00000000800006C4] -> 0x817D
[480] [M]: 0x00000000800006C4 (0x817D) c.srli x10, 0x1f                             inst_94+32
x10 <- 0x00000000AAAAAAAA

mem[X,0x00000000800006C6] -> 0xB823
mem[X,0x00000000800006C8] -> 0x2EA0
[481] [M]: 0x00000000800006C6 (0x2EA0B823) sd x10, 0x2f0(x1)                        inst_94+34
mem[W,0x0000000080003408] <- 0x00000000AAAAAAAA

clint mtime 0x00000000000000F1 (mip.MTI <- 0b1, mip.STI <- 0b0)
mem[X,0x00000000800006CA] -> 0xB537
mem[X,0x00000000800006CC] -> 0xAAAA
[482] [M]: 0x00000000800006CA (0xAAAAB537) lui x10, -0x55555                        inst_95+0
x10 <- 0xFFFFFFFFAAAAB000

mem[X,0x00000000800006CE] -> 0x0513
mem[X,0x00000000800006D0] -> 0xAAA5
[483] [M]: 0x00000000800006CE (0xAAA50513) addi x10, x10, -0x556                    inst_95+4
x10 <- 0xFFFFFFFFAAAAAAAA

clint mtime 0x00000000000000F2 (mip.MTI <- 0b1, mip.STI <- 0b0)
mem[X,0x00000000800006D2] -> 0x1513
mem[X,0x00000000800006D4] -> 0x00B5
[484] [M]: 0x00000000800006D2 (0x00B51513) slli x10, x10, 0xb                       inst_95+8
x10 <- 0xFFFFFD5555555000

mem[X,0x00000000800006D6] -> 0x0513
mem[X,0x00000000800006D8] -> 0x5555
[485] [M]: 0x00000000800006D6 (0x55550513) addi x10, x10, 0x555                     inst_95+12
x10 <- 0xFFFFFD5555555555

clint mtime 0x00000000000000F3 (mip.MTI <- 0b1, mip.STI <- 0b0)
mem[X,0x00000000800006DA] -> 0x1513
mem[X,0x00000000800006DC] -> 0x00B5
[486] [M]: 0x00000000800006DA (0x00B51513) slli x10, x10, 0xb                       inst_95+16
x10 <- 0xFFEAAAAAAAAAA800

mem[X,0x00000000800006DE] -> 0x0513
mem[X,0x00000000800006E0] -> 0x2AA5
[487] [M]: 0x00000000800006DE (0x2AA50513) addi x10, x10, 0x2aa                     inst_95+20
x10 <- 0xFFEAAAAAAAAAAAAA

clint mtime 0x00000000000000F4 (mip.MTI <- 0b1, mip.STI <- 0b0)
mem[X,0x00000000800006E2] -> 0x1513
mem[X,0x00000000800006E4] -> 0x00A5
[488] [M]: 0x00000000800006E2 (0x00A51513) slli x10, x10, 0xa                       inst_95+24
x10 <- 0xAAAAAAAAAAAAA800

mem[X,0x00000000800006E6] -> 0x0513
mem[X,0x00000000800006E8] -> 0x2AA5
[489] [M]: 0x00000000800006E6 (0x2AA50513) addi x10, x10, 0x2aa                     inst_95+28
x10 <- 0xAAAAAAAAAAAAAAAA

clint mtime 0x00000000000000F5 (mip.MTI <- 0b1, mip.STI <- 0b0)
mem[X,0x00000000800006EA] -> 0x8119
[490] [M]: 0x00000000800006EA (0x8119) c.srli x10, 0x6                              inst_95+32
x10 <- 0x02AAAAAAAAAAAAAA

mem[X,0x00000000800006EC] -> 0xBC23
mem[X,0x00000000800006EE] -> 0x2EA0
[491] [M]: 0x00000000800006EC (0x2EA0BC23) sd x10, 0x2f8(x1)                        inst_95+34
mem[W,0x0000000080003410] <- 0x02AAAAAAAAAAAAAA

clint mtime 0x00000000000000F6 (mip.MTI <- 0b1, mip.STI <- 0b0)
mem[X,0x00000000800006F0] -> 0x0513
mem[X,0x00000000800006F2] -> 0x0030
[492] [M]: 0x00000000800006F0 (0x00300513) addi x10, x0, 0x3                        inst_96+0
x10 <- 0x0000000000000003

mem[X,0x00000000800006F4] -> 0x8131
[493] [M]: 0x00000000800006F4 (0x8131) c.srli x10, 0xc                              inst_96+4
x10 <- 0x0000000000000000

clint mtime 0x00000000000000F7 (mip.MTI <- 0b1, mip.STI <- 0b0)
mem[X,0x00000000800006F6] -> 0xB023
mem[X,0x00000000800006F8] -> 0x30A0
[494] [M]: 0x00000000800006F6 (0x30A0B023) sd x10, 0x300(x1)                        inst_96+6
mem[W,0x0000000080003418] <- 0x0000000000000000

mem[X,0x00000000800006FA] -> 0x3537
mem[X,0x00000000800006FC] -> 0x3333
[495] [M]: 0x00000000800006FA (0x33333537) lui x10, 0x33333                         inst_97+0
x10 <- 0x0000000033333000

clint mtime 0x00000000000000F8 (mip.MTI <- 0b1, mip.STI <- 0b0)
mem[X,0x00000000800006FE] -> 0x0513
mem[X,0x0000000080000700] -> 0x3335
[496] [M]: 0x00000000800006FE (0x33350513) addi x10, x10, 0x333                     inst_97+4
x10 <- 0x0000000033333333

mem[X,0x0000000080000702] -> 0x1513
mem[X,0x0000000080000704] -> 0x00B5
[497] [M]: 0x0000000080000702 (0x00B51513) slli x10, x10, 0xb                       inst_97+8
x10 <- 0x0000019999999800

clint mtime 0x00000000000000F9 (mip.MTI <- 0b1, mip.STI <- 0b0)
mem[X,0x0000000080000706] -> 0x0513
mem[X,0x0000000080000708] -> 0x1995
[498] [M]: 0x0000000080000706 (0x19950513) addi x10, x10, 0x199                     inst_97+12
x10 <- 0x0000019999999999

mem[X,0x000000008000070A] -> 0x1513
mem[X,0x000000008000070C] -> 0x00B5
[499] [M]: 0x000000008000070A (0x00B51513) slli x10, x10, 0xb                       inst_97+16
x10 <- 0x000CCCCCCCCCC800

clint mtime 0x00000000000000FA (mip.MTI <- 0b1, mip.STI <- 0b0)
mem[X,0x000000008000070E] -> 0x0513
mem[X,0x0000000080000710] -> 0x4CC5
[500] [M]: 0x000000008000070E (0x4CC50513) addi x10, x10, 0x4cc                     inst_97+20
x10 <- 0x000CCCCCCCCCCCCC

mem[X,0x0000000080000712] -> 0x1513
mem[X,0x0000000080000714] -> 0x00A5
[501] [M]: 0x0000000080000712 (0x00A51513) slli x10, x10, 0xa                       inst_97+24
x10 <- 0x3333333333333000

clint mtime 0x00000000000000FB (mip.MTI <- 0b1, mip.STI <- 0b0)
mem[X,0x0000000080000716] -> 0x0513
mem[X,0x0000000080000718] -> 0x3335
[502] [M]: 0x0000000080000716 (0x33350513) addi x10, x10, 0x333                     inst_97+28
x10 <- 0x3333333333333333

mem[X,0x000000008000071A] -> 0x813D
[503] [M]: 0x000000008000071A (0x813D) c.srli x10, 0xf                              inst_97+32
x10 <- 0x0000666666666666

clint mtime 0x00000000000000FC (mip.MTI <- 0b1, mip.STI <- 0b0)
mem[X,0x000000008000071C] -> 0xB423
mem[X,0x000000008000071E] -> 0x30A0
[504] [M]: 0x000000008000071C (0x30A0B423) sd x10, 0x308(x1)                        inst_97+34
mem[W,0x0000000080003420] <- 0x0000666666666666

mem[X,0x0000000080000720] -> 0x6537
mem[X,0x0000000080000722] -> 0x6666
[505] [M]: 0x0000000080000720 (0x66666537) lui x10, 0x66666                         inst_98+0
x10 <- 0x0000000066666000

clint mtime 0x00000000000000FD (mip.MTI <- 0b1, mip.STI <- 0b0)
mem[X,0x0000000080000724] -> 0x0513
mem[X,0x0000000080000726] -> 0x6665
[506] [M]: 0x0000000080000724 (0x66650513) addi x10, x10, 0x666                     inst_98+4
x10 <- 0x0000000066666666

mem[X,0x0000000080000728] -> 0x1513
mem[X,0x000000008000072A] -> 0x00B5
[507] [M]: 0x0000000080000728 (0x00B51513) slli x10, x10, 0xb                       inst_98+8
x10 <- 0x0000033333333000

clint mtime 0x00000000000000FE (mip.MTI <- 0b1, mip.STI <- 0b0)
mem[X,0x000000008000072C] -> 0x0513
mem[X,0x000000008000072E] -> 0x3335
[508] [M]: 0x000000008000072C (0x33350513) addi x10, x10, 0x333                     inst_98+12
x10 <- 0x0000033333333333

mem[X,0x0000000080000730] -> 0x1513
mem[X,0x0000000080000732] -> 0x00B5
[509] [M]: 0x0000000080000730 (0x00B51513) slli x10, x10, 0xb                       inst_98+16
x10 <- 0x0019999999999800

clint mtime 0x00000000000000FF (mip.MTI <- 0b1, mip.STI <- 0b0)
mem[X,0x0000000080000734] -> 0x0513
mem[X,0x0000000080000736] -> 0x1995
[510] [M]: 0x0000000080000734 (0x19950513) addi x10, x10, 0x199                     inst_98+20
x10 <- 0x0019999999999999

mem[X,0x0000000080000738] -> 0x1513
mem[X,0x000000008000073A] -> 0x00A5
[511] [M]: 0x0000000080000738 (0x00A51513) slli x10, x10, 0xa                       inst_98+24
x10 <- 0x6666666666666400

clint mtime 0x0000000000000100 (mip.MTI <- 0b1, mip.STI <- 0b0)
mem[X,0x000000008000073C] -> 0x0513
mem[X,0x000000008000073E] -> 0x2665
[512] [M]: 0x000000008000073C (0x26650513) addi x10, x10, 0x266                     inst_98+28
x10 <- 0x6666666666666666

mem[X,0x0000000080000740] -> 0x812D
[513] [M]: 0x0000000080000740 (0x812D) c.srli x10, 0xb                              inst_98+32
x10 <- 0x000CCCCCCCCCCCCC

clint mtime 0x0000000000000101 (mip.MTI <- 0b1, mip.STI <- 0b0)
mem[X,0x0000000080000742] -> 0xB823
mem[X,0x0000000080000744] -> 0x30A0
[514] [M]: 0x0000000080000742 (0x30A0B823) sd x10, 0x310(x1)                        inst_98+34
mem[W,0x0000000080003428] <- 0x000CCCCCCCCCCCCC

mem[X,0x0000000080000746] -> 0x0537
mem[X,0x0000000080000748] -> 0x0000
[515] [M]: 0x0000000080000746 (0x00000537) lui x10, 0x0                             inst_99+0
x10 <- 0x0000000000000000

clint mtime 0x0000000000000102 (mip.MTI <- 0b1, mip.STI <- 0b0)
mem[X,0x000000008000074A] -> 0x0513
mem[X,0x000000008000074C] -> 0xFFF5
[516] [M]: 0x000000008000074A (0xFFF50513) addi x10, x10, -0x1                      inst_99+4
x10 <- 0xFFFFFFFFFFFFFFFF

mem[X,0x000000008000074E] -> 0x1513
mem[X,0x0000000080000750] -> 0x00B5
[517] [M]: 0x000000008000074E (0x00B51513) slli x10, x10, 0xb                       inst_99+8
x10 <- 0xFFFFFFFFFFFFF800

clint mtime 0x0000000000000103 (mip.MTI <- 0b1, mip.STI <- 0b0)
mem[X,0x0000000080000752] -> 0x0513
mem[X,0x0000000080000754] -> 0x2575
[518] [M]: 0x0000000080000752 (0x25750513) addi x10, x10, 0x257                     inst_99+12
x10 <- 0xFFFFFFFFFFFFFA57

mem[X,0x0000000080000756] -> 0x1513
mem[X,0x0000000080000758] -> 0x00B5
[519] [M]: 0x0000000080000756 (0x00B51513) slli x10, x10, 0xb                       inst_99+16
x10 <- 0xFFFFFFFFFFD2B800

clint mtime 0x0000000000000104 (mip.MTI <- 0b1, mip.STI <- 0b0)
mem[X,0x000000008000075A] -> 0x0513
mem[X,0x000000008000075C] -> 0x6C35
[520] [M]: 0x000000008000075A (0x6C350513) addi x10, x10, 0x6c3                     inst_99+20
x10 <- 0xFFFFFFFFFFD2BEC3

mem[X,0x000000008000075E] -> 0x1513
mem[X,0x0000000080000760] -> 0x00A5
[521] [M]: 0x000000008000075E (0x00A51513) slli x10, x10, 0xa                       inst_99+24
x10 <- 0xFFFFFFFF4AFB0C00

clint mtime 0x0000000000000105 (mip.MTI <- 0b1, mip.STI <- 0b0)
mem[X,0x0000000080000762] -> 0x0513
mem[X,0x0000000080000764] -> 0x0CD5
[522] [M]: 0x0000000080000762 (0x0CD50513) addi x10, x10, 0xcd                      inst_99+28
x10 <- 0xFFFFFFFF4AFB0CCD

mem[X,0x0000000080000766] -> 0x915D
[523] [M]: 0x0000000080000766 (0x915D) c.srli x10, 0x37                             inst_99+32
x10 <- 0x00000000000001FF

clint mtime 0x0000000000000106 (mip.MTI <- 0b1, mip.STI <- 0b0)
mem[X,0x0000000080000768] -> 0xBC23
mem[X,0x000000008000076A] -> 0x30A0
[524] [M]: 0x0000000080000768 (0x30A0BC23) sd x10, 0x318(x1)                        inst_99+34
mem[W,0x0000000080003430] <- 0x00000000000001FF

mem[X,0x000000008000076C] -> 0x0537
mem[X,0x000000008000076E] -> 0x0000
[525] [M]: 0x000000008000076C (0x00000537) lui x10, 0x0                             inst_100+0
x10 <- 0x0000000000000000

clint mtime 0x0000000000000107 (mip.MTI <- 0b1, mip.STI <- 0b0)
mem[X,0x0000000080000770] -> 0x0513
mem[X,0x0000000080000772] -> 0x0005
[526] [M]: 0x0000000080000770 (0x00050513) addi x10, x10, 0x0                       inst_100+4
x10 <- 0x0000000000000000

mem[X,0x0000000080000774] -> 0x1513
mem[X,0x0000000080000776] -> 0x00B5
[527] [M]: 0x0000000080000774 (0x00B51513) slli x10, x10, 0xb                       inst_100+8
x10 <- 0x0000000000000000

clint mtime 0x0000000000000108 (mip.MTI <- 0b1, mip.STI <- 0b0)
mem[X,0x0000000080000778] -> 0x0513
mem[X,0x000000008000077A] -> 0x5A85
[528] [M]: 0x0000000080000778 (0x5A850513) addi x10, x10, 0x5a8                     inst_100+12
x10 <- 0x00000000000005A8

mem[X,0x000000008000077C] -> 0x1513
mem[X,0x000000008000077E] -> 0x00B5
[529] [M]: 0x000000008000077C (0x00B51513) slli x10, x10, 0xb                       inst_100+16
x10 <- 0x00000000002D4000

clint mtime 0x0000000000000109 (mip.MTI <- 0b1, mip.STI <- 0b0)
mem[X,0x0000000080000780] -> 0x0513
mem[X,0x0000000080000782] -> 0x13C5
[530] [M]: 0x0000000080000780 (0x13C50513) addi x10, x10, 0x13c                     inst_100+20
x10 <- 0x00000000002D413C

mem[X,0x0000000080000784] -> 0x1513
mem[X,0x0000000080000786] -> 0x00A5
[531] [M]: 0x0000000080000784 (0x00A51513) slli x10, x10, 0xa                       inst_100+24
x10 <- 0x00000000B504F000

clint mtime 0x000000000000010A (mip.MTI <- 0b1, mip.STI <- 0b0)
mem[X,0x0000000080000788] -> 0x0513
mem[X,0x000000008000078A] -> 0x3335
[532] [M]: 0x0000000080000788 (0x33350513) addi x10, x10, 0x333                     inst_100+28
x10 <- 0x00000000B504F333

mem[X,0x000000008000078C] -> 0x811D
[533] [M]: 0x000000008000078C (0x811D) c.srli x10, 0x7                              inst_100+32
x10 <- 0x00000000016A09E6

clint mtime 0x000000000000010B (mip.MTI <- 0b1, mip.STI <- 0b0)
mem[X,0x000000008000078E] -> 0xB023
mem[X,0x0000000080000790] -> 0x32A0
[534] [M]: 0x000000008000078E (0x32A0B023) sd x10, 0x320(x1)                        inst_100+34
mem[W,0x0000000080003438] <- 0x00000000016A09E6

mem[X,0x0000000080000792] -> 0x5537
mem[X,0x0000000080000794] -> 0x5555
[535] [M]: 0x0000000080000792 (0x55555537) lui x10, 0x55555                         inst_101+0
x10 <- 0x0000000055555000

clint mtime 0x000000000000010C (mip.MTI <- 0b1, mip.STI <- 0b0)
mem[X,0x0000000080000796] -> 0x0513
mem[X,0x0000000080000798] -> 0x5555
[536] [M]: 0x0000000080000796 (0x55550513) addi x10, x10, 0x555                     inst_101+4
x10 <- 0x0000000055555555

mem[X,0x000000008000079A] -> 0x1513
mem[X,0x000000008000079C] -> 0x00B5
[537] [M]: 0x000000008000079A (0x00B51513) slli x10, x10, 0xb                       inst_101+8
x10 <- 0x000002AAAAAAA800

clint mtime 0x000000000000010D (mip.MTI <- 0b1, mip.STI <- 0b0)
mem[X,0x000000008000079E] -> 0x0513
mem[X,0x00000000800007A0] -> 0x2AA5
[538] [M]: 0x000000008000079E (0x2AA50513) addi x10, x10, 0x2aa                     inst_101+12
x10 <- 0x000002AAAAAAAAAA

mem[X,0x00000000800007A2] -> 0x1513
mem[X,0x00000000800007A4] -> 0x00B5
[539] [M]: 0x00000000800007A2 (0x00B51513) slli x10, x10, 0xb                       inst_101+16
x10 <- 0x0015555555555000

clint mtime 0x000000000000010E (mip.MTI <- 0b1, mip.STI <- 0b0)
mem[X,0x00000000800007A6] -> 0x0513
mem[X,0x00000000800007A8] -> 0x5555
[540] [M]: 0x00000000800007A6 (0x55550513) addi x10, x10, 0x555                     inst_101+20
x10 <- 0x0015555555555555

mem[X,0x00000000800007AA] -> 0x1513
mem[X,0x00000000800007AC] -> 0x00A5
[541] [M]: 0x00000000800007AA (0x00A51513) slli x10, x10, 0xa                       inst_101+24
x10 <- 0x5555555555555400

clint mtime 0x000000000000010F (mip.MTI <- 0b1, mip.STI <- 0b0)
mem[X,0x00000000800007AE] -> 0x0513
mem[X,0x00000000800007B0] -> 0x1545
[542] [M]: 0x00000000800007AE (0x15450513) addi x10, x10, 0x154                     inst_101+28
x10 <- 0x5555555555555554

mem[X,0x00000000800007B2] -> 0x9101
[543] [M]: 0x00000000800007B2 (0x9101) c.srli x10, 0x20                             inst_101+32
x10 <- 0x0000000055555555

clint mtime 0x0000000000000110 (mip.MTI <- 0b1, mip.STI <- 0b0)
mem[X,0x00000000800007B4] -> 0xB423
mem[X,0x00000000800007B6] -> 0x32A0
[544] [M]: 0x00000000800007B4 (0x32A0B423) sd x10, 0x328(x1)                        inst_101+34
mem[W,0x0000000080003440] <- 0x0000000055555555

mem[X,0x00000000800007B8] -> 0x3537
mem[X,0x00000000800007BA] -> 0x3333
[545] [M]: 0x00000000800007B8 (0x33333537) lui x10, 0x33333                         inst_102+0
x10 <- 0x0000000033333000

clint mtime 0x0000000000000111 (mip.MTI <- 0b1, mip.STI <- 0b0)
mem[X,0x00000000800007BC] -> 0x0513
mem[X,0x00000000800007BE] -> 0x3335
[546] [M]: 0x00000000800007BC (0x33350513) addi x10, x10, 0x333                     inst_102+4
x10 <- 0x0000000033333333

mem[X,0x00000000800007C0] -> 0x1513
mem[X,0x00000000800007C2] -> 0x00B5
[547] [M]: 0x00000000800007C0 (0x00B51513) slli x10, x10, 0xb                       inst_102+8
x10 <- 0x0000019999999800

clint mtime 0x0000000000000112 (mip.MTI <- 0b1, mip.STI <- 0b0)
mem[X,0x00000000800007C4] -> 0x0513
mem[X,0x00000000800007C6] -> 0x1995
[548] [M]: 0x00000000800007C4 (0x19950513) addi x10, x10, 0x199                     inst_102+12
x10 <- 0x0000019999999999

mem[X,0x00000000800007C8] -> 0x1513
mem[X,0x00000000800007CA] -> 0x00B5
[549] [M]: 0x00000000800007C8 (0x00B51513) slli x10, x10, 0xb                       inst_102+16
x10 <- 0x000CCCCCCCCCC800

clint mtime 0x0000000000000113 (mip.MTI <- 0b1, mip.STI <- 0b0)
mem[X,0x00000000800007CC] -> 0x0513
mem[X,0x00000000800007CE] -> 0x4CC5
[550] [M]: 0x00000000800007CC (0x4CC50513) addi x10, x10, 0x4cc                     inst_102+20
x10 <- 0x000CCCCCCCCCCCCC

mem[X,0x00000000800007D0] -> 0x1513
mem[X,0x00000000800007D2] -> 0x00A5
[551] [M]: 0x00000000800007D0 (0x00A51513) slli x10, x10, 0xa                       inst_102+24
x10 <- 0x3333333333333000

clint mtime 0x0000000000000114 (mip.MTI <- 0b1, mip.STI <- 0b0)
mem[X,0x00000000800007D4] -> 0x0513
mem[X,0x00000000800007D6] -> 0x3325
[552] [M]: 0x00000000800007D4 (0x33250513) addi x10, x10, 0x332                     inst_102+28
x10 <- 0x3333333333333332

mem[X,0x00000000800007D8] -> 0x8105
[553] [M]: 0x00000000800007D8 (0x8105) c.srli x10, 0x1                              inst_102+32
x10 <- 0x1999999999999999

clint mtime 0x0000000000000115 (mip.MTI <- 0b1, mip.STI <- 0b0)
mem[X,0x00000000800007DA] -> 0xB823
mem[X,0x00000000800007DC] -> 0x32A0
[554] [M]: 0x00000000800007DA (0x32A0B823) sd x10, 0x330(x1)                        inst_102+34
mem[W,0x0000000080003448] <- 0x1999999999999999

mem[X,0x00000000800007DE] -> 0x6537
mem[X,0x00000000800007E0] -> 0x6666
[555] [M]: 0x00000000800007DE (0x66666537) lui x10, 0x66666                         inst_103+0
x10 <- 0x0000000066666000

clint mtime 0x0000000000000116 (mip.MTI <- 0b1, mip.STI <- 0b0)
mem[X,0x00000000800007E2] -> 0x0513
mem[X,0x00000000800007E4] -> 0x6665
[556] [M]: 0x00000000800007E2 (0x66650513) addi x10, x10, 0x666                     inst_103+4
x10 <- 0x0000000066666666

mem[X,0x00000000800007E6] -> 0x1513
mem[X,0x00000000800007E8] -> 0x00B5
[557] [M]: 0x00000000800007E6 (0x00B51513) slli x10, x10, 0xb                       inst_103+8
x10 <- 0x0000033333333000

clint mtime 0x0000000000000117 (mip.MTI <- 0b1, mip.STI <- 0b0)
mem[X,0x00000000800007EA] -> 0x0513
mem[X,0x00000000800007EC] -> 0x3335
[558] [M]: 0x00000000800007EA (0x33350513) addi x10, x10, 0x333                     inst_103+12
x10 <- 0x0000033333333333

mem[X,0x00000000800007EE] -> 0x1513
mem[X,0x00000000800007F0] -> 0x00B5
[559] [M]: 0x00000000800007EE (0x00B51513) slli x10, x10, 0xb                       inst_103+16
x10 <- 0x0019999999999800

clint mtime 0x0000000000000118 (mip.MTI <- 0b1, mip.STI <- 0b0)
mem[X,0x00000000800007F2] -> 0x0513
mem[X,0x00000000800007F4] -> 0x1995
[560] [M]: 0x00000000800007F2 (0x19950513) addi x10, x10, 0x199                     inst_103+20
x10 <- 0x0019999999999999

mem[X,0x00000000800007F6] -> 0x1513
mem[X,0x00000000800007F8] -> 0x00A5
[561] [M]: 0x00000000800007F6 (0x00A51513) slli x10, x10, 0xa                       inst_103+24
x10 <- 0x6666666666666400

clint mtime 0x0000000000000119 (mip.MTI <- 0b1, mip.STI <- 0b0)
mem[X,0x00000000800007FA] -> 0x0513
mem[X,0x00000000800007FC] -> 0x2655
[562] [M]: 0x00000000800007FA (0x26550513) addi x10, x10, 0x265                     inst_103+28
x10 <- 0x6666666666666665

mem[X,0x00000000800007FE] -> 0x8135
[563] [M]: 0x00000000800007FE (0x8135) c.srli x10, 0xd                              inst_103+32
x10 <- 0x0003333333333333

clint mtime 0x000000000000011A (mip.MTI <- 0b1, mip.STI <- 0b0)
mem[X,0x0000000080000800] -> 0xBC23
mem[X,0x0000000080000802] -> 0x32A0
[564] [M]: 0x0000000080000800 (0x32A0BC23) sd x10, 0x338(x1)                        inst_103+34
mem[W,0x0000000080003450] <- 0x0003333333333333

mem[X,0x0000000080000804] -> 0x0537
mem[X,0x0000000080000806] -> 0x0000
[565] [M]: 0x0000000080000804 (0x00000537) lui x10, 0x0                             inst_104+0
x10 <- 0x0000000000000000

clint mtime 0x000000000000011B (mip.MTI <- 0b1, mip.STI <- 0b0)
mem[X,0x0000000080000808] -> 0x0513
mem[X,0x000000008000080A] -> 0x0005
[566] [M]: 0x0000000080000808 (0x00050513) addi x10, x10, 0x0                       inst_104+4
x10 <- 0x0000000000000000

mem[X,0x000000008000080C] -> 0x1513
mem[X,0x000000008000080E] -> 0x00B5
[567] [M]: 0x000000008000080C (0x00B51513) slli x10, x10, 0xb                       inst_104+8
x10 <- 0x0000000000000000

clint mtime 0x000000000000011C (mip.MTI <- 0b1, mip.STI <- 0b0)
mem[X,0x0000000080000810] -> 0x0513
mem[X,0x0000000080000812] -> 0x5A85
[568] [M]: 0x0000000080000810 (0x5A850513) addi x10, x10, 0x5a8                     inst_104+12
x10 <- 0x00000000000005A8

mem[X,0x0000000080000814] -> 0x1513
mem[X,0x0000000080000816] -> 0x00B5
[569] [M]: 0x0000000080000814 (0x00B51513) slli x10, x10, 0xb                       inst_104+16
x10 <- 0x00000000002D4000

clint mtime 0x000000000000011D (mip.MTI <- 0b1, mip.STI <- 0b0)
mem[X,0x0000000080000818] -> 0x0513
mem[X,0x000000008000081A] -> 0x13C5
[570] [M]: 0x0000000080000818 (0x13C50513) addi x10, x10, 0x13c                     inst_104+20
x10 <- 0x00000000002D413C

mem[X,0x000000008000081C] -> 0x1513
mem[X,0x000000008000081E] -> 0x00A5
[571] [M]: 0x000000008000081C (0x00A51513) slli x10, x10, 0xa                       inst_104+24
x10 <- 0x00000000B504F000

clint mtime 0x000000000000011E (mip.MTI <- 0b1, mip.STI <- 0b0)
mem[X,0x0000000080000820] -> 0x0513
mem[X,0x0000000080000822] -> 0x3325
[572] [M]: 0x0000000080000820 (0x33250513) addi x10, x10, 0x332                     inst_104+28
x10 <- 0x00000000B504F332

mem[X,0x0000000080000824] -> 0x8129
[573] [M]: 0x0000000080000824 (0x8129) c.srli x10, 0xa                              inst_104+32
x10 <- 0x00000000002D413C

clint mtime 0x000000000000011F (mip.MTI <- 0b1, mip.STI <- 0b0)
mem[X,0x0000000080000826] -> 0xB023
mem[X,0x0000000080000828] -> 0x34A0
[574] [M]: 0x0000000080000826 (0x34A0B023) sd x10, 0x340(x1)                        inst_104+34
mem[W,0x0000000080003458] <- 0x00000000002D413C

mem[X,0x000000008000082A] -> 0x5537
mem[X,0x000000008000082C] -> 0x5555
[575] [M]: 0x000000008000082A (0x55555537) lui x10, 0x55555                         inst_105+0
x10 <- 0x0000000055555000

clint mtime 0x0000000000000120 (mip.MTI <- 0b1, mip.STI <- 0b0)
mem[X,0x000000008000082E] -> 0x0513
mem[X,0x0000000080000830] -> 0x5555
[576] [M]: 0x000000008000082E (0x55550513) addi x10, x10, 0x555                     inst_105+4
x10 <- 0x0000000055555555

mem[X,0x0000000080000832] -> 0x1513
mem[X,0x0000000080000834] -> 0x00B5
[577] [M]: 0x0000000080000832 (0x00B51513) slli x10, x10, 0xb                       inst_105+8
x10 <- 0x000002AAAAAAA800

clint mtime 0x0000000000000121 (mip.MTI <- 0b1, mip.STI <- 0b0)
mem[X,0x0000000080000836] -> 0x0513
mem[X,0x0000000080000838] -> 0x2AA5
[578] [M]: 0x0000000080000836 (0x2AA50513) addi x10, x10, 0x2aa                     inst_105+12
x10 <- 0x000002AAAAAAAAAA

mem[X,0x000000008000083A] -> 0x1513
mem[X,0x000000008000083C] -> 0x00B5
[579] [M]: 0x000000008000083A (0x00B51513) slli x10, x10, 0xb                       inst_105+16
x10 <- 0x0015555555555000

clint mtime 0x0000000000000122 (mip.MTI <- 0b1, mip.STI <- 0b0)
mem[X,0x000000008000083E] -> 0x0513
mem[X,0x0000000080000840] -> 0x5555
[580] [M]: 0x000000008000083E (0x55550513) addi x10, x10, 0x555                     inst_105+20
x10 <- 0x0015555555555555

mem[X,0x0000000080000842] -> 0x1513
mem[X,0x0000000080000844] -> 0x00A5
[581] [M]: 0x0000000080000842 (0x00A51513) slli x10, x10, 0xa                       inst_105+24
x10 <- 0x5555555555555400

clint mtime 0x0000000000000123 (mip.MTI <- 0b1, mip.STI <- 0b0)
mem[X,0x0000000080000846] -> 0x0513
mem[X,0x0000000080000848] -> 0x1565
[582] [M]: 0x0000000080000846 (0x15650513) addi x10, x10, 0x156                     inst_105+28
x10 <- 0x5555555555555556

mem[X,0x000000008000084A] -> 0x8109
[583] [M]: 0x000000008000084A (0x8109) c.srli x10, 0x2                              inst_105+32
x10 <- 0x1555555555555555

clint mtime 0x0000000000000124 (mip.MTI <- 0b1, mip.STI <- 0b0)
mem[X,0x000000008000084C] -> 0xB423
mem[X,0x000000008000084E] -> 0x34A0
[584] [M]: 0x000000008000084C (0x34A0B423) sd x10, 0x348(x1)                        inst_105+34
mem[W,0x0000000080003460] <- 0x1555555555555555

mem[X,0x0000000080000850] -> 0xB537
mem[X,0x0000000080000852] -> 0xAAAA
[585] [M]: 0x0000000080000850 (0xAAAAB537) lui x10, -0x55555                        inst_106+0
x10 <- 0xFFFFFFFFAAAAB000

clint mtime 0x0000000000000125 (mip.MTI <- 0b1, mip.STI <- 0b0)
mem[X,0x0000000080000854] -> 0x0513
mem[X,0x0000000080000856] -> 0xAAA5
[586] [M]: 0x0000000080000854 (0xAAA50513) addi x10, x10, -0x556                    inst_106+4
x10 <- 0xFFFFFFFFAAAAAAAA

mem[X,0x0000000080000858] -> 0x1513
mem[X,0x000000008000085A] -> 0x00B5
[587] [M]: 0x0000000080000858 (0x00B51513) slli x10, x10, 0xb                       inst_106+8
x10 <- 0xFFFFFD5555555000

clint mtime 0x0000000000000126 (mip.MTI <- 0b1, mip.STI <- 0b0)
mem[X,0x000000008000085C] -> 0x0513
mem[X,0x000000008000085E] -> 0x5555
[588] [M]: 0x000000008000085C (0x55550513) addi x10, x10, 0x555                     inst_106+12
x10 <- 0xFFFFFD5555555555

mem[X,0x0000000080000860] -> 0x1513
mem[X,0x0000000080000862] -> 0x00B5
[589] [M]: 0x0000000080000860 (0x00B51513) slli x10, x10, 0xb                       inst_106+16
x10 <- 0xFFEAAAAAAAAAA800

clint mtime 0x0000000000000127 (mip.MTI <- 0b1, mip.STI <- 0b0)
mem[X,0x0000000080000864] -> 0x0513
mem[X,0x0000000080000866] -> 0x2AA5
[590] [M]: 0x0000000080000864 (0x2AA50513) addi x10, x10, 0x2aa                     inst_106+20
x10 <- 0xFFEAAAAAAAAAAAAA

mem[X,0x0000000080000868] -> 0x1513
mem[X,0x000000008000086A] -> 0x00A5
[591] [M]: 0x0000000080000868 (0x00A51513) slli x10, x10, 0xa                       inst_106+24
x10 <- 0xAAAAAAAAAAAAA800

clint mtime 0x0000000000000128 (mip.MTI <- 0b1, mip.STI <- 0b0)
mem[X,0x000000008000086C] -> 0x0513
mem[X,0x000000008000086E] -> 0x2AB5
[592] [M]: 0x000000008000086C (0x2AB50513) addi x10, x10, 0x2ab                     inst_106+28
x10 <- 0xAAAAAAAAAAAAAAAB

mem[X,0x0000000080000870] -> 0x8149
[593] [M]: 0x0000000080000870 (0x8149) c.srli x10, 0x12                             inst_106+32
x10 <- 0x00002AAAAAAAAAAA

clint mtime 0x0000000000000129 (mip.MTI <- 0b1, mip.STI <- 0b0)
mem[X,0x0000000080000872] -> 0xB823
mem[X,0x0000000080000874] -> 0x34A0
[594] [M]: 0x0000000080000872 (0x34A0B823) sd x10, 0x350(x1)                        inst_106+34
mem[W,0x0000000080003468] <- 0x00002AAAAAAAAAAA

mem[X,0x0000000080000876] -> 0x0513
mem[X,0x0000000080000878] -> 0x0060
[595] [M]: 0x0000000080000876 (0x00600513) addi x10, x0, 0x6                        inst_107+0
x10 <- 0x0000000000000006

clint mtime 0x000000000000012A (mip.MTI <- 0b1, mip.STI <- 0b0)
mem[X,0x000000008000087A] -> 0x8111
[596] [M]: 0x000000008000087A (0x8111) c.srli x10, 0x4                              inst_107+4
x10 <- 0x0000000000000000

mem[X,0x000000008000087C] -> 0xBC23
mem[X,0x000000008000087E] -> 0x34A0
[597] [M]: 0x000000008000087C (0x34A0BC23) sd x10, 0x358(x1)                        inst_107+6
mem[W,0x0000000080003470] <- 0x0000000000000000

clint mtime 0x000000000000012B (mip.MTI <- 0b1, mip.STI <- 0b0)
mem[X,0x0000000080000880] -> 0x3537
mem[X,0x0000000080000882] -> 0x3333
[598] [M]: 0x0000000080000880 (0x33333537) lui x10, 0x33333                         inst_108+0
x10 <- 0x0000000033333000

mem[X,0x0000000080000884] -> 0x0513
mem[X,0x0000000080000886] -> 0x3335
[599] [M]: 0x0000000080000884 (0x33350513) addi x10, x10, 0x333                     inst_108+4
x10 <- 0x0000000033333333

clint mtime 0x000000000000012C (mip.MTI <- 0b1, mip.STI <- 0b0)
mem[X,0x0000000080000888] -> 0x1513
mem[X,0x000000008000088A] -> 0x00B5
[600] [M]: 0x0000000080000888 (0x00B51513) slli x10, x10, 0xb                       inst_108+8
x10 <- 0x0000019999999800

mem[X,0x000000008000088C] -> 0x0513
mem[X,0x000000008000088E] -> 0x1995
[601] [M]: 0x000000008000088C (0x19950513) addi x10, x10, 0x199                     inst_108+12
x10 <- 0x0000019999999999

clint mtime 0x000000000000012D (mip.MTI <- 0b1, mip.STI <- 0b0)
mem[X,0x0000000080000890] -> 0x1513
mem[X,0x0000000080000892] -> 0x00B5
[602] [M]: 0x0000000080000890 (0x00B51513) slli x10, x10, 0xb                       inst_108+16
x10 <- 0x000CCCCCCCCCC800

mem[X,0x0000000080000894] -> 0x0513
mem[X,0x0000000080000896] -> 0x4CC5
[603] [M]: 0x0000000080000894 (0x4CC50513) addi x10, x10, 0x4cc                     inst_108+20
x10 <- 0x000CCCCCCCCCCCCC

clint mtime 0x000000000000012E (mip.MTI <- 0b1, mip.STI <- 0b0)
mem[X,0x0000000080000898] -> 0x1513
mem[X,0x000000008000089A] -> 0x00A5
[604] [M]: 0x0000000080000898 (0x00A51513) slli x10, x10, 0xa                       inst_108+24
x10 <- 0x3333333333333000

mem[X,0x000000008000089C] -> 0x0513
mem[X,0x000000008000089E] -> 0x3345
[605] [M]: 0x000000008000089C (0x33450513) addi x10, x10, 0x334                     inst_108+28
x10 <- 0x3333333333333334

clint mtime 0x000000000000012F (mip.MTI <- 0b1, mip.STI <- 0b0)
mem[X,0x00000000800008A0] -> 0x8129
[606] [M]: 0x00000000800008A0 (0x8129) c.srli x10, 0xa                              inst_108+32
x10 <- 0x000CCCCCCCCCCCCC

mem[X,0x00000000800008A2] -> 0xB023
mem[X,0x00000000800008A4] -> 0x36A0
[607] [M]: 0x00000000800008A2 (0x36A0B023) sd x10, 0x360(x1)                        inst_108+34
mem[W,0x0000000080003478] <- 0x000CCCCCCCCCCCCC

clint mtime 0x0000000000000130 (mip.MTI <- 0b1, mip.STI <- 0b0)
mem[X,0x00000000800008A6] -> 0x6537
mem[X,0x00000000800008A8] -> 0x6666
[608] [M]: 0x00000000800008A6 (0x66666537) lui x10, 0x66666                         inst_109+0
x10 <- 0x0000000066666000

mem[X,0x00000000800008AA] -> 0x0513
mem[X,0x00000000800008AC] -> 0x6665
[609] [M]: 0x00000000800008AA (0x66650513) addi x10, x10, 0x666                     inst_109+4
x10 <- 0x0000000066666666

clint mtime 0x0000000000000131 (mip.MTI <- 0b1, mip.STI <- 0b0)
mem[X,0x00000000800008AE] -> 0x1513
mem[X,0x00000000800008B0] -> 0x00B5
[610] [M]: 0x00000000800008AE (0x00B51513) slli x10, x10, 0xb                       inst_109+8
x10 <- 0x0000033333333000

mem[X,0x00000000800008B2] -> 0x0513
mem[X,0x00000000800008B4] -> 0x3335
[611] [M]: 0x00000000800008B2 (0x33350513) addi x10, x10, 0x333                     inst_109+12
x10 <- 0x0000033333333333

clint mtime 0x0000000000000132 (mip.MTI <- 0b1, mip.STI <- 0b0)
mem[X,0x00000000800008B6] -> 0x1513
mem[X,0x00000000800008B8] -> 0x00B5
[612] [M]: 0x00000000800008B6 (0x00B51513) slli x10, x10, 0xb                       inst_109+16
x10 <- 0x0019999999999800

mem[X,0x00000000800008BA] -> 0x0513
mem[X,0x00000000800008BC] -> 0x1995
[613] [M]: 0x00000000800008BA (0x19950513) addi x10, x10, 0x199                     inst_109+20
x10 <- 0x0019999999999999

clint mtime 0x0000000000000133 (mip.MTI <- 0b1, mip.STI <- 0b0)
mem[X,0x00000000800008BE] -> 0x1513
mem[X,0x00000000800008C0] -> 0x00A5
[614] [M]: 0x00000000800008BE (0x00A51513) slli x10, x10, 0xa                       inst_109+24
x10 <- 0x6666666666666400

mem[X,0x00000000800008C2] -> 0x0513
mem[X,0x00000000800008C4] -> 0x2675
[615] [M]: 0x00000000800008C2 (0x26750513) addi x10, x10, 0x267                     inst_109+28
x10 <- 0x6666666666666667

clint mtime 0x0000000000000134 (mip.MTI <- 0b1, mip.STI <- 0b0)
mem[X,0x00000000800008C6] -> 0x8121
[616] [M]: 0x00000000800008C6 (0x8121) c.srli x10, 0x8                              inst_109+32
x10 <- 0x0066666666666666

mem[X,0x00000000800008C8] -> 0xB423
mem[X,0x00000000800008CA] -> 0x36A0
[617] [M]: 0x00000000800008C8 (0x36A0B423) sd x10, 0x368(x1)                        inst_109+34
mem[W,0x0000000080003480] <- 0x0066666666666666

clint mtime 0x0000000000000135 (mip.MTI <- 0b1, mip.STI <- 0b0)
mem[X,0x00000000800008CC] -> 0x0537
mem[X,0x00000000800008CE] -> 0x0000
[618] [M]: 0x00000000800008CC (0x00000537) lui x10, 0x0                             inst_110+0
x10 <- 0x0000000000000000

mem[X,0x00000000800008D0] -> 0x0513
mem[X,0x00000000800008D2] -> 0xFFF5
[619] [M]: 0x00000000800008D0 (0xFFF50513) addi x10, x10, -0x1                      inst_110+4
x10 <- 0xFFFFFFFFFFFFFFFF

clint mtime 0x0000000000000136 (mip.MTI <- 0b1, mip.STI <- 0b0)
mem[X,0x00000000800008D4] -> 0x1513
mem[X,0x00000000800008D6] -> 0x00B5
[620] [M]: 0x00000000800008D4 (0x00B51513) slli x10, x10, 0xb                       inst_110+8
x10 <- 0xFFFFFFFFFFFFF800

mem[X,0x00000000800008D8] -> 0x0513
mem[X,0x00000000800008DA] -> 0x2575
[621] [M]: 0x00000000800008D8 (0x25750513) addi x10, x10, 0x257                     inst_110+12
x10 <- 0xFFFFFFFFFFFFFA57

clint mtime 0x0000000000000137 (mip.MTI <- 0b1, mip.STI <- 0b0)
mem[X,0x00000000800008DC] -> 0x1513
mem[X,0x00000000800008DE] -> 0x00B5
[622] [M]: 0x00000000800008DC (0x00B51513) slli x10, x10, 0xb                       inst_110+16
x10 <- 0xFFFFFFFFFFD2B800

mem[X,0x00000000800008E0] -> 0x0513
mem[X,0x00000000800008E2] -> 0x6C35
[623] [M]: 0x00000000800008E0 (0x6C350513) addi x10, x10, 0x6c3                     inst_110+20
x10 <- 0xFFFFFFFFFFD2BEC3

clint mtime 0x0000000000000138 (mip.MTI <- 0b1, mip.STI <- 0b0)
mem[X,0x00000000800008E4] -> 0x1513
mem[X,0x00000000800008E6] -> 0x00A5
[624] [M]: 0x00000000800008E4 (0x00A51513) slli x10, x10, 0xa                       inst_110+24
x10 <- 0xFFFFFFFF4AFB0C00

mem[X,0x00000000800008E8] -> 0x0513
mem[X,0x00000000800008EA] -> 0x0CE5
[625] [M]: 0x00000000800008E8 (0x0CE50513) addi x10, x10, 0xce                      inst_110+28
x10 <- 0xFFFFFFFF4AFB0CCE

clint mtime 0x0000000000000139 (mip.MTI <- 0b1, mip.STI <- 0b0)
mem[X,0x00000000800008EC] -> 0x8115
[626] [M]: 0x00000000800008EC (0x8115) c.srli x10, 0x5                              inst_110+32
x10 <- 0x07FFFFFFFA57D866

mem[X,0x00000000800008EE] -> 0xB823
mem[X,0x00000000800008F0] -> 0x36A0
[627] [M]: 0x00000000800008EE (0x36A0B823) sd x10, 0x370(x1)                        inst_110+34
mem[W,0x0000000080003488] <- 0x07FFFFFFFA57D866

clint mtime 0x000000000000013A (mip.MTI <- 0b1, mip.STI <- 0b0)
mem[X,0x00000000800008F2] -> 0x0537
mem[X,0x00000000800008F4] -> 0x0000
[628] [M]: 0x00000000800008F2 (0x00000537) lui x10, 0x0                             inst_111+0
x10 <- 0x0000000000000000

mem[X,0x00000000800008F6] -> 0x0513
mem[X,0x00000000800008F8] -> 0x0005
[629] [M]: 0x00000000800008F6 (0x00050513) addi x10, x10, 0x0                       inst_111+4
x10 <- 0x0000000000000000

clint mtime 0x000000000000013B (mip.MTI <- 0b1, mip.STI <- 0b0)
mem[X,0x00000000800008FA] -> 0x1513
mem[X,0x00000000800008FC] -> 0x00B5
[630] [M]: 0x00000000800008FA (0x00B51513) slli x10, x10, 0xb                       inst_111+8
x10 <- 0x0000000000000000

mem[X,0x00000000800008FE] -> 0x0513
mem[X,0x0000000080000900] -> 0x5A85
[631] [M]: 0x00000000800008FE (0x5A850513) addi x10, x10, 0x5a8                     inst_111+12
x10 <- 0x00000000000005A8

clint mtime 0x000000000000013C (mip.MTI <- 0b1, mip.STI <- 0b0)
mem[X,0x0000000080000902] -> 0x1513
mem[X,0x0000000080000904] -> 0x00B5
[632] [M]: 0x0000000080000902 (0x00B51513) slli x10, x10, 0xb                       inst_111+16
x10 <- 0x00000000002D4000

mem[X,0x0000000080000906] -> 0x0513
mem[X,0x0000000080000908] -> 0x13C5
[633] [M]: 0x0000000080000906 (0x13C50513) addi x10, x10, 0x13c                     inst_111+20
x10 <- 0x00000000002D413C

clint mtime 0x000000000000013D (mip.MTI <- 0b1, mip.STI <- 0b0)
mem[X,0x000000008000090A] -> 0x1513
mem[X,0x000000008000090C] -> 0x00A5
[634] [M]: 0x000000008000090A (0x00A51513) slli x10, x10, 0xa                       inst_111+24
x10 <- 0x00000000B504F000

mem[X,0x000000008000090E] -> 0x0513
mem[X,0x0000000080000910] -> 0x3345
[635] [M]: 0x000000008000090E (0x33450513) addi x10, x10, 0x334                     inst_111+28
x10 <- 0x00000000B504F334

clint mtime 0x000000000000013E (mip.MTI <- 0b1, mip.STI <- 0b0)
mem[X,0x0000000080000912] -> 0x913D
[636] [M]: 0x0000000080000912 (0x913D) c.srli x10, 0x2f                             inst_111+32
x10 <- 0x0000000000000000

mem[X,0x0000000080000914] -> 0xBC23
mem[X,0x0000000080000916] -> 0x36A0
[637] [M]: 0x0000000080000914 (0x36A0BC23) sd x10, 0x378(x1)                        inst_111+34
mem[W,0x0000000080003490] <- 0x0000000000000000

clint mtime 0x000000000000013F (mip.MTI <- 0b1, mip.STI <- 0b0)
mem[X,0x0000000080000918] -> 0x0513
mem[X,0x000000008000091A] -> 0x0010
[638] [M]: 0x0000000080000918 (0x00100513) addi x10, x0, 0x1                        inst_112+0
x10 <- 0x0000000000000001

mem[X,0x000000008000091C] -> 0x1513
mem[X,0x000000008000091E] -> 0x0385
[639] [M]: 0x000000008000091C (0x03851513) slli x10, x10, 0x38                      inst_112+4
x10 <- 0x0100000000000000

clint mtime 0x0000000000000140 (mip.MTI <- 0b1, mip.STI <- 0b0)
mem[X,0x0000000080000920] -> 0x9129
[640] [M]: 0x0000000080000920 (0x9129) c.srli x10, 0x2a                             inst_112+8
x10 <- 0x0000000000004000

mem[X,0x0000000080000922] -> 0xB023
mem[X,0x0000000080000924] -> 0x38A0
[641] [M]: 0x0000000080000922 (0x38A0B023) sd x10, 0x380(x1)                        inst_112+10
mem[W,0x0000000080003498] <- 0x0000000000004000

clint mtime 0x0000000000000141 (mip.MTI <- 0b1, mip.STI <- 0b0)
mem[X,0x0000000080000926] -> 0x0513
mem[X,0x0000000080000928] -> 0x0010
[642] [M]: 0x0000000080000926 (0x00100513) addi x10, x0, 0x1                        inst_113+0
x10 <- 0x0000000000000001

mem[X,0x000000008000092A] -> 0x1513
mem[X,0x000000008000092C] -> 0x0145
[643] [M]: 0x000000008000092A (0x01451513) slli x10, x10, 0x14                      inst_113+4
x10 <- 0x0000000000100000

clint mtime 0x0000000000000142 (mip.MTI <- 0b1, mip.STI <- 0b0)
mem[X,0x000000008000092E] -> 0x4513
mem[X,0x0000000080000930] -> 0xFFF5
[644] [M]: 0x000000008000092E (0xFFF54513) xori x10, x10, -0x1                      inst_113+8
x10 <- 0xFFFFFFFFFFEFFFFF

mem[X,0x0000000080000932] -> 0x8115
[645] [M]: 0x0000000080000932 (0x8115) c.srli x10, 0x5                              inst_113+12
x10 <- 0x07FFFFFFFFFF7FFF

clint mtime 0x0000000000000143 (mip.MTI <- 0b1, mip.STI <- 0b0)
mem[X,0x0000000080000934] -> 0xB423
mem[X,0x0000000080000936] -> 0x38A0
[646] [M]: 0x0000000080000934 (0x38A0B423) sd x10, 0x388(x1)                        inst_113+14
mem[W,0x00000000800034A0] <- 0x07FFFFFFFFFF7FFF

mem[X,0x0000000080000938] -> 0x0513
mem[X,0x000000008000093A] -> 0x0010
[647] [M]: 0x0000000080000938 (0x00100513) addi x10, x0, 0x1                        inst_114+0
x10 <- 0x0000000000000001

clint mtime 0x0000000000000144 (mip.MTI <- 0b1, mip.STI <- 0b0)
mem[X,0x000000008000093C] -> 0x1513
mem[X,0x000000008000093E] -> 0x0155
[648] [M]: 0x000000008000093C (0x01551513) slli x10, x10, 0x15                      inst_114+4
x10 <- 0x0000000000200000

mem[X,0x0000000080000940] -> 0x4513
mem[X,0x0000000080000942] -> 0xFFF5
[649] [M]: 0x0000000080000940 (0xFFF54513) xori x10, x10, -0x1                      inst_114+8
x10 <- 0xFFFFFFFFFFDFFFFF

clint mtime 0x0000000000000145 (mip.MTI <- 0b1, mip.STI <- 0b0)
mem[X,0x0000000080000944] -> 0x9101
[650] [M]: 0x0000000080000944 (0x9101) c.srli x10, 0x20                             inst_114+12
x10 <- 0x00000000FFFFFFFF

mem[X,0x0000000080000946] -> 0xB823
mem[X,0x0000000080000948] -> 0x38A0
[651] [M]: 0x0000000080000946 (0x38A0B823) sd x10, 0x390(x1)                        inst_114+14
mem[W,0x00000000800034A8] <- 0x00000000FFFFFFFF

clint mtime 0x0000000000000146 (mip.MTI <- 0b1, mip.STI <- 0b0)
mem[X,0x000000008000094A] -> 0x0513
mem[X,0x000000008000094C] -> 0x0010
[652] [M]: 0x000000008000094A (0x00100513) addi x10, x0, 0x1                        inst_115+0
x10 <- 0x0000000000000001

mem[X,0x000000008000094E] -> 0x1513
mem[X,0x0000000080000950] -> 0x0165
[653] [M]: 0x000000008000094E (0x01651513) slli x10, x10, 0x16                      inst_115+4
x10 <- 0x0000000000400000

clint mtime 0x0000000000000147 (mip.MTI <- 0b1, mip.STI <- 0b0)
mem[X,0x0000000080000952] -> 0x4513
mem[X,0x0000000080000954] -> 0xFFF5
[654] [M]: 0x0000000080000952 (0xFFF54513) xori x10, x10, -0x1                      inst_115+8
x10 <- 0xFFFFFFFFFFBFFFFF

mem[X,0x0000000080000956] -> 0x8121
[655] [M]: 0x0000000080000956 (0x8121) c.srli x10, 0x8                              inst_115+12
x10 <- 0x00FFFFFFFFFFBFFF

clint mtime 0x0000000000000148 (mip.MTI <- 0b1, mip.STI <- 0b0)
mem[X,0x0000000080000958] -> 0xBC23
mem[X,0x000000008000095A] -> 0x38A0
[656] [M]: 0x0000000080000958 (0x38A0BC23) sd x10, 0x398(x1)                        inst_115+14
mem[W,0x00000000800034B0] <- 0x00FFFFFFFFFFBFFF

mem[X,0x000000008000095C] -> 0x0513
mem[X,0x000000008000095E] -> 0x0010
[657] [M]: 0x000000008000095C (0x00100513) addi x10, x0, 0x1                        inst_116+0
x10 <- 0x0000000000000001

clint mtime 0x0000000000000149 (mip.MTI <- 0b1, mip.STI <- 0b0)
mem[X,0x0000000080000960] -> 0x1513
mem[X,0x0000000080000962] -> 0x0175
[658] [M]: 0x0000000080000960 (0x01751513) slli x10, x10, 0x17                      inst_116+4
x10 <- 0x0000000000800000

mem[X,0x0000000080000964] -> 0x4513
mem[X,0x0000000080000966] -> 0xFFF5
[659] [M]: 0x0000000080000964 (0xFFF54513) xori x10, x10, -0x1                      inst_116+8
x10 <- 0xFFFFFFFFFF7FFFFF

clint mtime 0x000000000000014A (mip.MTI <- 0b1, mip.STI <- 0b0)
mem[X,0x0000000080000968] -> 0x9175
[660] [M]: 0x0000000080000968 (0x9175) c.srli x10, 0x3d                             inst_116+12
x10 <- 0x0000000000000007

mem[X,0x000000008000096A] -> 0xB023
mem[X,0x000000008000096C] -> 0x3AA0
[661] [M]: 0x000000008000096A (0x3AA0B023) sd x10, 0x3a0(x1)                        inst_116+14
mem[W,0x00000000800034B8] <- 0x0000000000000007

clint mtime 0x000000000000014B (mip.MTI <- 0b1, mip.STI <- 0b0)
mem[X,0x000000008000096E] -> 0x0513
mem[X,0x0000000080000970] -> 0x0010
[662] [M]: 0x000000008000096E (0x00100513) addi x10, x0, 0x1                        inst_117+0
x10 <- 0x0000000000000001

mem[X,0x0000000080000972] -> 0x1513
mem[X,0x0000000080000974] -> 0x0185
[663] [M]: 0x0000000080000972 (0x01851513) slli x10, x10, 0x18                      inst_117+4
x10 <- 0x0000000001000000

clint mtime 0x000000000000014C (mip.MTI <- 0b1, mip.STI <- 0b0)
mem[X,0x0000000080000976] -> 0x4513
mem[X,0x0000000080000978] -> 0xFFF5
[664] [M]: 0x0000000080000976 (0xFFF54513) xori x10, x10, -0x1                      inst_117+8
x10 <- 0xFFFFFFFFFEFFFFFF

mem[X,0x000000008000097A] -> 0x8109
[665] [M]: 0x000000008000097A (0x8109) c.srli x10, 0x2                              inst_117+12
x10 <- 0x3FFFFFFFFFBFFFFF

clint mtime 0x000000000000014D (mip.MTI <- 0b1, mip.STI <- 0b0)
mem[X,0x000000008000097C] -> 0xB423
mem[X,0x000000008000097E] -> 0x3AA0
[666] [M]: 0x000000008000097C (0x3AA0B423) sd x10, 0x3a8(x1)                        inst_117+14
mem[W,0x00000000800034C0] <- 0x3FFFFFFFFFBFFFFF

mem[X,0x0000000080000980] -> 0x0513
mem[X,0x0000000080000982] -> 0x0010
[667] [M]: 0x0000000080000980 (0x00100513) addi x10, x0, 0x1                        inst_118+0
x10 <- 0x0000000000000001

clint mtime 0x000000000000014E (mip.MTI <- 0b1, mip.STI <- 0b0)
mem[X,0x0000000080000984] -> 0x1513
mem[X,0x0000000080000986] -> 0x0195
[668] [M]: 0x0000000080000984 (0x01951513) slli x10, x10, 0x19                      inst_118+4
x10 <- 0x0000000002000000

mem[X,0x0000000080000988] -> 0x4513
mem[X,0x000000008000098A] -> 0xFFF5
[669] [M]: 0x0000000080000988 (0xFFF54513) xori x10, x10, -0x1                      inst_118+8
x10 <- 0xFFFFFFFFFDFFFFFF

clint mtime 0x000000000000014F (mip.MTI <- 0b1, mip.STI <- 0b0)
mem[X,0x000000008000098C] -> 0x810D
[670] [M]: 0x000000008000098C (0x810D) c.srli x10, 0x3                              inst_118+12
x10 <- 0x1FFFFFFFFFBFFFFF

mem[X,0x000000008000098E] -> 0xB823
mem[X,0x0000000080000990] -> 0x3AA0
[671] [M]: 0x000000008000098E (0x3AA0B823) sd x10, 0x3b0(x1)                        inst_118+14
mem[W,0x00000000800034C8] <- 0x1FFFFFFFFFBFFFFF

clint mtime 0x0000000000000150 (mip.MTI <- 0b1, mip.STI <- 0b0)
mem[X,0x0000000080000992] -> 0x0513
mem[X,0x0000000080000994] -> 0x0010
[672] [M]: 0x0000000080000992 (0x00100513) addi x10, x0, 0x1                        inst_119+0
x10 <- 0x0000000000000001

mem[X,0x0000000080000996] -> 0x1513
mem[X,0x0000000080000998] -> 0x01A5
[673] [M]: 0x0000000080000996 (0x01A51513) slli x10, x10, 0x1a                      inst_119+4
x10 <- 0x0000000004000000

clint mtime 0x0000000000000151 (mip.MTI <- 0b1, mip.STI <- 0b0)
mem[X,0x000000008000099A] -> 0x4513
mem[X,0x000000008000099C] -> 0xFFF5
[674] [M]: 0x000000008000099A (0xFFF54513) xori x10, x10, -0x1                      inst_119+8
x10 <- 0xFFFFFFFFFBFFFFFF

mem[X,0x000000008000099E] -> 0x8129
[675] [M]: 0x000000008000099E (0x8129) c.srli x10, 0xa                              inst_119+12
x10 <- 0x003FFFFFFFFEFFFF

clint mtime 0x0000000000000152 (mip.MTI <- 0b1, mip.STI <- 0b0)
mem[X,0x00000000800009A0] -> 0xBC23
mem[X,0x00000000800009A2] -> 0x3AA0
[676] [M]: 0x00000000800009A0 (0x3AA0BC23) sd x10, 0x3b8(x1)                        inst_119+14
mem[W,0x00000000800034D0] <- 0x003FFFFFFFFEFFFF

mem[X,0x00000000800009A4] -> 0x0513
mem[X,0x00000000800009A6] -> 0x0010
[677] [M]: 0x00000000800009A4 (0x00100513) addi x10, x0, 0x1                        inst_120+0
x10 <- 0x0000000000000001

clint mtime 0x0000000000000153 (mip.MTI <- 0b1, mip.STI <- 0b0)
mem[X,0x00000000800009A8] -> 0x1513
mem[X,0x00000000800009AA] -> 0x01B5
[678] [M]: 0x00000000800009A8 (0x01B51513) slli x10, x10, 0x1b                      inst_120+4
x10 <- 0x0000000008000000

mem[X,0x00000000800009AC] -> 0x4513
mem[X,0x00000000800009AE] -> 0xFFF5
[679] [M]: 0x00000000800009AC (0xFFF54513) xori x10, x10, -0x1                      inst_120+8
x10 <- 0xFFFFFFFFF7FFFFFF

clint mtime 0x0000000000000154 (mip.MTI <- 0b1, mip.STI <- 0b0)
mem[X,0x00000000800009B0] -> 0x8129
[680] [M]: 0x00000000800009B0 (0x8129) c.srli x10, 0xa                              inst_120+12
x10 <- 0x003FFFFFFFFDFFFF

mem[X,0x00000000800009B2] -> 0xB023
mem[X,0x00000000800009B4] -> 0x3CA0
[681] [M]: 0x00000000800009B2 (0x3CA0B023) sd x10, 0x3c0(x1)                        inst_120+14
mem[W,0x00000000800034D8] <- 0x003FFFFFFFFDFFFF

clint mtime 0x0000000000000155 (mip.MTI <- 0b1, mip.STI <- 0b0)
mem[X,0x00000000800009B6] -> 0x0513
mem[X,0x00000000800009B8] -> 0x0010
[682] [M]: 0x00000000800009B6 (0x00100513) addi x10, x0, 0x1                        inst_121+0
x10 <- 0x0000000000000001

mem[X,0x00000000800009BA] -> 0x1513
mem[X,0x00000000800009BC] -> 0x01C5
[683] [M]: 0x00000000800009BA (0x01C51513) slli x10, x10, 0x1c                      inst_121+4
x10 <- 0x0000000010000000

clint mtime 0x0000000000000156 (mip.MTI <- 0b1, mip.STI <- 0b0)
mem[X,0x00000000800009BE] -> 0x4513
mem[X,0x00000000800009C0] -> 0xFFF5
[684] [M]: 0x00000000800009BE (0xFFF54513) xori x10, x10, -0x1                      inst_121+8
x10 <- 0xFFFFFFFFEFFFFFFF

mem[X,0x00000000800009C2] -> 0x8135
[685] [M]: 0x00000000800009C2 (0x8135) c.srli x10, 0xd                              inst_121+12
x10 <- 0x0007FFFFFFFF7FFF

clint mtime 0x0000000000000157 (mip.MTI <- 0b1, mip.STI <- 0b0)
mem[X,0x00000000800009C4] -> 0xB423
mem[X,0x00000000800009C6] -> 0x3CA0
[686] [M]: 0x00000000800009C4 (0x3CA0B423) sd x10, 0x3c8(x1)                        inst_121+14
mem[W,0x00000000800034E0] <- 0x0007FFFFFFFF7FFF

mem[X,0x00000000800009C8] -> 0x0513
mem[X,0x00000000800009CA] -> 0x0010
[687] [M]: 0x00000000800009C8 (0x00100513) addi x10, x0, 0x1                        inst_122+0
x10 <- 0x0000000000000001

clint mtime 0x0000000000000158 (mip.MTI <- 0b1, mip.STI <- 0b0)
mem[X,0x00000000800009CC] -> 0x1513
mem[X,0x00000000800009CE] -> 0x01D5
[688] [M]: 0x00000000800009CC (0x01D51513) slli x10, x10, 0x1d                      inst_122+4
x10 <- 0x0000000020000000

mem[X,0x00000000800009D0] -> 0x4513
mem[X,0x00000000800009D2] -> 0xFFF5
[689] [M]: 0x00000000800009D0 (0xFFF54513) xori x10, x10, -0x1                      inst_122+8
x10 <- 0xFFFFFFFFDFFFFFFF

clint mtime 0x0000000000000159 (mip.MTI <- 0b1, mip.STI <- 0b0)
mem[X,0x00000000800009D4] -> 0x817D
[690] [M]: 0x00000000800009D4 (0x817D) c.srli x10, 0x1f                             inst_122+12
x10 <- 0x00000001FFFFFFFF

mem[X,0x00000000800009D6] -> 0xB823
mem[X,0x00000000800009D8] -> 0x3CA0
[691] [M]: 0x00000000800009D6 (0x3CA0B823) sd x10, 0x3d0(x1)                        inst_122+14
mem[W,0x00000000800034E8] <- 0x00000001FFFFFFFF

clint mtime 0x000000000000015A (mip.MTI <- 0b1, mip.STI <- 0b0)
mem[X,0x00000000800009DA] -> 0x0513
mem[X,0x00000000800009DC] -> 0x0010
[692] [M]: 0x00000000800009DA (0x00100513) addi x10, x0, 0x1                        inst_123+0
x10 <- 0x0000000000000001

mem[X,0x00000000800009DE] -> 0x1513
mem[X,0x00000000800009E0] -> 0x01E5
[693] [M]: 0x00000000800009DE (0x01E51513) slli x10, x10, 0x1e                      inst_123+4
x10 <- 0x0000000040000000

clint mtime 0x000000000000015B (mip.MTI <- 0b1, mip.STI <- 0b0)
mem[X,0x00000000800009E2] -> 0x4513
mem[X,0x00000000800009E4] -> 0xFFF5
[694] [M]: 0x00000000800009E2 (0xFFF54513) xori x10, x10, -0x1                      inst_123+8
x10 <- 0xFFFFFFFFBFFFFFFF

mem[X,0x00000000800009E6] -> 0x9101
[695] [M]: 0x00000000800009E6 (0x9101) c.srli x10, 0x20                             inst_123+12
x10 <- 0x00000000FFFFFFFF

clint mtime 0x000000000000015C (mip.MTI <- 0b1, mip.STI <- 0b0)
mem[X,0x00000000800009E8] -> 0xBC23
mem[X,0x00000000800009EA] -> 0x3CA0
[696] [M]: 0x00000000800009E8 (0x3CA0BC23) sd x10, 0x3d8(x1)                        inst_123+14
mem[W,0x00000000800034F0] <- 0x00000000FFFFFFFF

mem[X,0x00000000800009EC] -> 0x0513
mem[X,0x00000000800009EE] -> 0x0010
[697] [M]: 0x00000000800009EC (0x00100513) addi x10, x0, 0x1                        inst_124+0
x10 <- 0x0000000000000001

clint mtime 0x000000000000015D (mip.MTI <- 0b1, mip.STI <- 0b0)
mem[X,0x00000000800009F0] -> 0x1513
mem[X,0x00000000800009F2] -> 0x01F5
[698] [M]: 0x00000000800009F0 (0x01F51513) slli x10, x10, 0x1f                      inst_124+4
x10 <- 0x0000000080000000

mem[X,0x00000000800009F4] -> 0x4513
mem[X,0x00000000800009F6] -> 0xFFF5
[699] [M]: 0x00000000800009F4 (0xFFF54513) xori x10, x10, -0x1                      inst_124+8
x10 <- 0xFFFFFFFF7FFFFFFF

clint mtime 0x000000000000015E (mip.MTI <- 0b1, mip.STI <- 0b0)
mem[X,0x00000000800009F8] -> 0x9179
[700] [M]: 0x00000000800009F8 (0x9179) c.srli x10, 0x3e                             inst_124+12
x10 <- 0x0000000000000003

mem[X,0x00000000800009FA] -> 0xB023
mem[X,0x00000000800009FC] -> 0x3EA0
[701] [M]: 0x00000000800009FA (0x3EA0B023) sd x10, 0x3e0(x1)                        inst_124+14
mem[W,0x00000000800034F8] <- 0x0000000000000003

clint mtime 0x000000000000015F (mip.MTI <- 0b1, mip.STI <- 0b0)
mem[X,0x00000000800009FE] -> 0x0513
mem[X,0x0000000080000A00] -> 0x0010
[702] [M]: 0x00000000800009FE (0x00100513) addi x10, x0, 0x1                        inst_125+0
x10 <- 0x0000000000000001

mem[X,0x0000000080000A02] -> 0x1513
mem[X,0x0000000080000A04] -> 0x0205
[703] [M]: 0x0000000080000A02 (0x02051513) slli x10, x10, 0x20                      inst_125+4
x10 <- 0x0000000100000000

clint mtime 0x0000000000000160 (mip.MTI <- 0b1, mip.STI <- 0b0)
mem[X,0x0000000080000A06] -> 0x4513
mem[X,0x0000000080000A08] -> 0xFFF5
[704] [M]: 0x0000000080000A06 (0xFFF54513) xori x10, x10, -0x1                      inst_125+8
x10 <- 0xFFFFFFFEFFFFFFFF

mem[X,0x0000000080000A0A] -> 0x915D
[705] [M]: 0x0000000080000A0A (0x915D) c.srli x10, 0x37                             inst_125+12
x10 <- 0x00000000000001FF

clint mtime 0x0000000000000161 (mip.MTI <- 0b1, mip.STI <- 0b0)
mem[X,0x0000000080000A0C] -> 0xB423
mem[X,0x0000000080000A0E] -> 0x3EA0
[706] [M]: 0x0000000080000A0C (0x3EA0B423) sd x10, 0x3e8(x1)                        inst_125+14
mem[W,0x0000000080003500] <- 0x00000000000001FF

mem[X,0x0000000080000A10] -> 0x0513
mem[X,0x0000000080000A12] -> 0x0010
[707] [M]: 0x0000000080000A10 (0x00100513) addi x10, x0, 0x1                        inst_126+0
x10 <- 0x0000000000000001

clint mtime 0x0000000000000162 (mip.MTI <- 0b1, mip.STI <- 0b0)
mem[X,0x0000000080000A14] -> 0x1513
mem[X,0x0000000080000A16] -> 0x0215
[708] [M]: 0x0000000080000A14 (0x02151513) slli x10, x10, 0x21                      inst_126+4
x10 <- 0x0000000200000000

mem[X,0x0000000080000A18] -> 0x4513
mem[X,0x0000000080000A1A] -> 0xFFF5
[709] [M]: 0x0000000080000A18 (0xFFF54513) xori x10, x10, -0x1                      inst_126+8
x10 <- 0xFFFFFFFDFFFFFFFF

clint mtime 0x0000000000000163 (mip.MTI <- 0b1, mip.STI <- 0b0)
mem[X,0x0000000080000A1C] -> 0x812D
[710] [M]: 0x0000000080000A1C (0x812D) c.srli x10, 0xb                              inst_126+12
x10 <- 0x001FFFFFFFBFFFFF

mem[X,0x0000000080000A1E] -> 0xB823
mem[X,0x0000000080000A20] -> 0x3EA0
[711] [M]: 0x0000000080000A1E (0x3EA0B823) sd x10, 0x3f0(x1)                        inst_126+14
mem[W,0x0000000080003508] <- 0x001FFFFFFFBFFFFF

clint mtime 0x0000000000000164 (mip.MTI <- 0b1, mip.STI <- 0b0)
mem[X,0x0000000080000A22] -> 0x0513
mem[X,0x0000000080000A24] -> 0x0010
[712] [M]: 0x0000000080000A22 (0x00100513) addi x10, x0, 0x1                        inst_127+0
x10 <- 0x0000000000000001

mem[X,0x0000000080000A26] -> 0x1513
mem[X,0x0000000080000A28] -> 0x0225
[713] [M]: 0x0000000080000A26 (0x02251513) slli x10, x10, 0x22                      inst_127+4
x10 <- 0x0000000400000000

clint mtime 0x0000000000000165 (mip.MTI <- 0b1, mip.STI <- 0b0)
mem[X,0x0000000080000A2A] -> 0x4513
mem[X,0x0000000080000A2C] -> 0xFFF5
[714] [M]: 0x0000000080000A2A (0xFFF54513) xori x10, x10, -0x1                      inst_127+8
x10 <- 0xFFFFFFFBFFFFFFFF

mem[X,0x0000000080000A2E] -> 0x913D
[715] [M]: 0x0000000080000A2E (0x913D) c.srli x10, 0x2f                             inst_127+12
x10 <- 0x000000000001FFFF

clint mtime 0x0000000000000166 (mip.MTI <- 0b1, mip.STI <- 0b0)
mem[X,0x0000000080000A30] -> 0xBC23
mem[X,0x0000000080000A32] -> 0x3EA0
[716] [M]: 0x0000000080000A30 (0x3EA0BC23) sd x10, 0x3f8(x1)                        inst_127+14
mem[W,0x0000000080003510] <- 0x000000000001FFFF

mem[X,0x0000000080000A34] -> 0x0513
mem[X,0x0000000080000A36] -> 0x0010
[717] [M]: 0x0000000080000A34 (0x00100513) addi x10, x0, 0x1                        inst_128+0
x10 <- 0x0000000000000001

clint mtime 0x0000000000000167 (mip.MTI <- 0b1, mip.STI <- 0b0)
mem[X,0x0000000080000A38] -> 0x1513
mem[X,0x0000000080000A3A] -> 0x0235
[718] [M]: 0x0000000080000A38 (0x02351513) slli x10, x10, 0x23                      inst_128+4
x10 <- 0x0000000800000000

mem[X,0x0000000080000A3C] -> 0x4513
mem[X,0x0000000080000A3E] -> 0xFFF5
[719] [M]: 0x0000000080000A3C (0xFFF54513) xori x10, x10, -0x1                      inst_128+8
x10 <- 0xFFFFFFF7FFFFFFFF

clint mtime 0x0000000000000168 (mip.MTI <- 0b1, mip.STI <- 0b0)
mem[X,0x0000000080000A40] -> 0x917D
[720] [M]: 0x0000000080000A40 (0x917D) c.srli x10, 0x3f                             inst_128+12
x10 <- 0x0000000000000001

mem[X,0x0000000080000A42] -> 0xB023
mem[X,0x0000000080000A44] -> 0x40A0
[721] [M]: 0x0000000080000A42 (0x40A0B023) sd x10, 0x400(x1)                        inst_128+14
mem[W,0x0000000080003518] <- 0x0000000000000001

clint mtime 0x0000000000000169 (mip.MTI <- 0b1, mip.STI <- 0b0)
mem[X,0x0000000080000A46] -> 0x0513
mem[X,0x0000000080000A48] -> 0x0010
[722] [M]: 0x0000000080000A46 (0x00100513) addi x10, x0, 0x1                        inst_129+0
x10 <- 0x0000000000000001

mem[X,0x0000000080000A4A] -> 0x1513
mem[X,0x0000000080000A4C] -> 0x0245
[723] [M]: 0x0000000080000A4A (0x02451513) slli x10, x10, 0x24                      inst_129+4
x10 <- 0x0000001000000000

clint mtime 0x000000000000016A (mip.MTI <- 0b1, mip.STI <- 0b0)
mem[X,0x0000000080000A4E] -> 0x4513
mem[X,0x0000000080000A50] -> 0xFFF5
[724] [M]: 0x0000000080000A4E (0xFFF54513) xori x10, x10, -0x1                      inst_129+8
x10 <- 0xFFFFFFEFFFFFFFFF

mem[X,0x0000000080000A52] -> 0x8115
[725] [M]: 0x0000000080000A52 (0x8115) c.srli x10, 0x5                              inst_129+12
x10 <- 0x07FFFFFF7FFFFFFF

clint mtime 0x000000000000016B (mip.MTI <- 0b1, mip.STI <- 0b0)
mem[X,0x0000000080000A54] -> 0xB423
mem[X,0x0000000080000A56] -> 0x40A0
[726] [M]: 0x0000000080000A54 (0x40A0B423) sd x10, 0x408(x1)                        inst_129+14
mem[W,0x0000000080003520] <- 0x07FFFFFF7FFFFFFF

mem[X,0x0000000080000A58] -> 0x0513
mem[X,0x0000000080000A5A] -> 0x0010
[727] [M]: 0x0000000080000A58 (0x00100513) addi x10, x0, 0x1                        inst_130+0
x10 <- 0x0000000000000001

clint mtime 0x000000000000016C (mip.MTI <- 0b1, mip.STI <- 0b0)
mem[X,0x0000000080000A5C] -> 0x1513
mem[X,0x0000000080000A5E] -> 0x0255
[728] [M]: 0x0000000080000A5C (0x02551513) slli x10, x10, 0x25                      inst_130+4
x10 <- 0x0000002000000000

mem[X,0x0000000080000A60] -> 0x4513
mem[X,0x0000000080000A62] -> 0xFFF5
[729] [M]: 0x0000000080000A60 (0xFFF54513) xori x10, x10, -0x1                      inst_130+8
x10 <- 0xFFFFFFDFFFFFFFFF

clint mtime 0x000000000000016D (mip.MTI <- 0b1, mip.STI <- 0b0)
mem[X,0x0000000080000A64] -> 0x9175
[730] [M]: 0x0000000080000A64 (0x9175) c.srli x10, 0x3d                             inst_130+12
x10 <- 0x0000000000000007

mem[X,0x0000000080000A66] -> 0xB823
mem[X,0x0000000080000A68] -> 0x40A0
[731] [M]: 0x0000000080000A66 (0x40A0B823) sd x10, 0x410(x1)                        inst_130+14
mem[W,0x0000000080003528] <- 0x0000000000000007

clint mtime 0x000000000000016E (mip.MTI <- 0b1, mip.STI <- 0b0)
mem[X,0x0000000080000A6A] -> 0x0513
mem[X,0x0000000080000A6C] -> 0x0010
[732] [M]: 0x0000000080000A6A (0x00100513) addi x10, x0, 0x1                        inst_131+0
x10 <- 0x0000000000000001

mem[X,0x0000000080000A6E] -> 0x1513
mem[X,0x0000000080000A70] -> 0x0265
[733] [M]: 0x0000000080000A6E (0x02651513) slli x10, x10, 0x26                      inst_131+4
x10 <- 0x0000004000000000

clint mtime 0x000000000000016F (mip.MTI <- 0b1, mip.STI <- 0b0)
mem[X,0x0000000080000A72] -> 0x4513
mem[X,0x0000000080000A74] -> 0xFFF5
[734] [M]: 0x0000000080000A72 (0xFFF54513) xori x10, x10, -0x1                      inst_131+8
x10 <- 0xFFFFFFBFFFFFFFFF

mem[X,0x0000000080000A76] -> 0x8135
[735] [M]: 0x0000000080000A76 (0x8135) c.srli x10, 0xd                              inst_131+12
x10 <- 0x0007FFFFFDFFFFFF

clint mtime 0x0000000000000170 (mip.MTI <- 0b1, mip.STI <- 0b0)
mem[X,0x0000000080000A78] -> 0xBC23
mem[X,0x0000000080000A7A] -> 0x40A0
[736] [M]: 0x0000000080000A78 (0x40A0BC23) sd x10, 0x418(x1)                        inst_131+14
mem[W,0x0000000080003530] <- 0x0007FFFFFDFFFFFF

mem[X,0x0000000080000A7C] -> 0x0513
mem[X,0x0000000080000A7E] -> 0x0010
[737] [M]: 0x0000000080000A7C (0x00100513) addi x10, x0, 0x1                        inst_132+0
x10 <- 0x0000000000000001

clint mtime 0x0000000000000171 (mip.MTI <- 0b1, mip.STI <- 0b0)
mem[X,0x0000000080000A80] -> 0x1513
mem[X,0x0000000080000A82] -> 0x0275
[738] [M]: 0x0000000080000A80 (0x02751513) slli x10, x10, 0x27                      inst_132+4
x10 <- 0x0000008000000000

mem[X,0x0000000080000A84] -> 0x4513
mem[X,0x0000000080000A86] -> 0xFFF5
[739] [M]: 0x0000000080000A84 (0xFFF54513) xori x10, x10, -0x1                      inst_132+8
x10 <- 0xFFFFFF7FFFFFFFFF

clint mtime 0x0000000000000172 (mip.MTI <- 0b1, mip.STI <- 0b0)
mem[X,0x0000000080000A88] -> 0x812D
[740] [M]: 0x0000000080000A88 (0x812D) c.srli x10, 0xb                              inst_132+12
x10 <- 0x001FFFFFEFFFFFFF

mem[X,0x0000000080000A8A] -> 0xB023
mem[X,0x0000000080000A8C] -> 0x42A0
[741] [M]: 0x0000000080000A8A (0x42A0B023) sd x10, 0x420(x1)                        inst_132+14
mem[W,0x0000000080003538] <- 0x001FFFFFEFFFFFFF

clint mtime 0x0000000000000173 (mip.MTI <- 0b1, mip.STI <- 0b0)
mem[X,0x0000000080000A8E] -> 0x0513
mem[X,0x0000000080000A90] -> 0x0010
[742] [M]: 0x0000000080000A8E (0x00100513) addi x10, x0, 0x1                        inst_133+0
x10 <- 0x0000000000000001

mem[X,0x0000000080000A92] -> 0x1513
mem[X,0x0000000080000A94] -> 0x0285
[743] [M]: 0x0000000080000A92 (0x02851513) slli x10, x10, 0x28                      inst_133+4
x10 <- 0x0000010000000000

clint mtime 0x0000000000000174 (mip.MTI <- 0b1, mip.STI <- 0b0)
mem[X,0x0000000080000A96] -> 0x4513
mem[X,0x0000000080000A98] -> 0xFFF5
[744] [M]: 0x0000000080000A96 (0xFFF54513) xori x10, x10, -0x1                      inst_133+8
x10 <- 0xFFFFFEFFFFFFFFFF

mem[X,0x0000000080000A9A] -> 0x8155
[745] [M]: 0x0000000080000A9A (0x8155) c.srli x10, 0x15                             inst_133+12
x10 <- 0x000007FFFFF7FFFF

clint mtime 0x0000000000000175 (mip.MTI <- 0b1, mip.STI <- 0b0)
mem[X,0x0000000080000A9C] -> 0xB423
mem[X,0x0000000080000A9E] -> 0x42A0
[746] [M]: 0x0000000080000A9C (0x42A0B423) sd x10, 0x428(x1)                        inst_133+14
mem[W,0x0000000080003540] <- 0x000007FFFFF7FFFF

mem[X,0x0000000080000AA0] -> 0x0513
mem[X,0x0000000080000AA2] -> 0x0010
[747] [M]: 0x0000000080000AA0 (0x00100513) addi x10, x0, 0x1                        inst_134+0
x10 <- 0x0000000000000001

clint mtime 0x0000000000000176 (mip.MTI <- 0b1, mip.STI <- 0b0)
mem[X,0x0000000080000AA4] -> 0x1513
mem[X,0x0000000080000AA6] -> 0x0295
[748] [M]: 0x0000000080000AA4 (0x02951513) slli x10, x10, 0x29                      inst_134+4
x10 <- 0x0000020000000000

mem[X,0x0000000080000AA8] -> 0x4513
mem[X,0x0000000080000AAA] -> 0xFFF5
[749] [M]: 0x0000000080000AA8 (0xFFF54513) xori x10, x10, -0x1                      inst_134+8
x10 <- 0xFFFFFDFFFFFFFFFF

clint mtime 0x0000000000000177 (mip.MTI <- 0b1, mip.STI <- 0b0)
mem[X,0x0000000080000AAC] -> 0x811D
[750] [M]: 0x0000000080000AAC (0x811D) c.srli x10, 0x7                              inst_134+12
x10 <- 0x01FFFFFBFFFFFFFF

mem[X,0x0000000080000AAE] -> 0xB823
mem[X,0x0000000080000AB0] -> 0x42A0
[751] [M]: 0x0000000080000AAE (0x42A0B823) sd x10, 0x430(x1)                        inst_134+14
mem[W,0x0000000080003548] <- 0x01FFFFFBFFFFFFFF

clint mtime 0x0000000000000178 (mip.MTI <- 0b1, mip.STI <- 0b0)
mem[X,0x0000000080000AB2] -> 0x0513
mem[X,0x0000000080000AB4] -> 0x0010
[752] [M]: 0x0000000080000AB2 (0x00100513) addi x10, x0, 0x1                        inst_135+0
x10 <- 0x0000000000000001

mem[X,0x0000000080000AB6] -> 0x1513
mem[X,0x0000000080000AB8] -> 0x02A5
[753] [M]: 0x0000000080000AB6 (0x02A51513) slli x10, x10, 0x2a                      inst_135+4
x10 <- 0x0000040000000000

clint mtime 0x0000000000000179 (mip.MTI <- 0b1, mip.STI <- 0b0)
mem[X,0x0000000080000ABA] -> 0x4513
mem[X,0x0000000080000ABC] -> 0xFFF5
[754] [M]: 0x0000000080000ABA (0xFFF54513) xori x10, x10, -0x1                      inst_135+8
x10 <- 0xFFFFFBFFFFFFFFFF

mem[X,0x0000000080000ABE] -> 0x810D
[755] [M]: 0x0000000080000ABE (0x810D) c.srli x10, 0x3                              inst_135+12
x10 <- 0x1FFFFF7FFFFFFFFF

clint mtime 0x000000000000017A (mip.MTI <- 0b1, mip.STI <- 0b0)
mem[X,0x0000000080000AC0] -> 0xBC23
mem[X,0x0000000080000AC2] -> 0x42A0
[756] [M]: 0x0000000080000AC0 (0x42A0BC23) sd x10, 0x438(x1)                        inst_135+14
mem[W,0x0000000080003550] <- 0x1FFFFF7FFFFFFFFF

mem[X,0x0000000080000AC4] -> 0x0513
mem[X,0x0000000080000AC6] -> 0x0010
[757] [M]: 0x0000000080000AC4 (0x00100513) addi x10, x0, 0x1                        inst_136+0
x10 <- 0x0000000000000001

clint mtime 0x000000000000017B (mip.MTI <- 0b1, mip.STI <- 0b0)
mem[X,0x0000000080000AC8] -> 0x1513
mem[X,0x0000000080000ACA] -> 0x02B5
[758] [M]: 0x0000000080000AC8 (0x02B51513) slli x10, x10, 0x2b                      inst_136+4
x10 <- 0x0000080000000000

mem[X,0x0000000080000ACC] -> 0x4513
mem[X,0x0000000080000ACE] -> 0xFFF5
[759] [M]: 0x0000000080000ACC (0xFFF54513) xori x10, x10, -0x1                      inst_136+8
x10 <- 0xFFFFF7FFFFFFFFFF

clint mtime 0x000000000000017C (mip.MTI <- 0b1, mip.STI <- 0b0)
mem[X,0x0000000080000AD0] -> 0x8129
[760] [M]: 0x0000000080000AD0 (0x8129) c.srli x10, 0xa                              inst_136+12
x10 <- 0x003FFFFDFFFFFFFF

mem[X,0x0000000080000AD2] -> 0xB023
mem[X,0x0000000080000AD4] -> 0x44A0
[761] [M]: 0x0000000080000AD2 (0x44A0B023) sd x10, 0x440(x1)                        inst_136+14
mem[W,0x0000000080003558] <- 0x003FFFFDFFFFFFFF

clint mtime 0x000000000000017D (mip.MTI <- 0b1, mip.STI <- 0b0)
mem[X,0x0000000080000AD6] -> 0x0513
mem[X,0x0000000080000AD8] -> 0x0010
[762] [M]: 0x0000000080000AD6 (0x00100513) addi x10, x0, 0x1                        inst_137+0
x10 <- 0x0000000000000001

mem[X,0x0000000080000ADA] -> 0x1513
mem[X,0x0000000080000ADC] -> 0x02C5
[763] [M]: 0x0000000080000ADA (0x02C51513) slli x10, x10, 0x2c                      inst_137+4
x10 <- 0x0000100000000000

clint mtime 0x000000000000017E (mip.MTI <- 0b1, mip.STI <- 0b0)
mem[X,0x0000000080000ADE] -> 0x4513
mem[X,0x0000000080000AE0] -> 0xFFF5
[764] [M]: 0x0000000080000ADE (0xFFF54513) xori x10, x10, -0x1                      inst_137+8
x10 <- 0xFFFFEFFFFFFFFFFF

mem[X,0x0000000080000AE2] -> 0x9175
[765] [M]: 0x0000000080000AE2 (0x9175) c.srli x10, 0x3d                             inst_137+12
x10 <- 0x0000000000000007

clint mtime 0x000000000000017F (mip.MTI <- 0b1, mip.STI <- 0b0)
mem[X,0x0000000080000AE4] -> 0xB423
mem[X,0x0000000080000AE6] -> 0x44A0
[766] [M]: 0x0000000080000AE4 (0x44A0B423) sd x10, 0x448(x1)                        inst_137+14
mem[W,0x0000000080003560] <- 0x0000000000000007

mem[X,0x0000000080000AE8] -> 0x0513
mem[X,0x0000000080000AEA] -> 0x0010
[767] [M]: 0x0000000080000AE8 (0x00100513) addi x10, x0, 0x1                        inst_138+0
x10 <- 0x0000000000000001

clint mtime 0x0000000000000180 (mip.MTI <- 0b1, mip.STI <- 0b0)
mem[X,0x0000000080000AEC] -> 0x1513
mem[X,0x0000000080000AEE] -> 0x02D5
[768] [M]: 0x0000000080000AEC (0x02D51513) slli x10, x10, 0x2d                      inst_138+4
x10 <- 0x0000200000000000

mem[X,0x0000000080000AF0] -> 0x4513
mem[X,0x0000000080000AF2] -> 0xFFF5
[769] [M]: 0x0000000080000AF0 (0xFFF54513) xori x10, x10, -0x1                      inst_138+8
x10 <- 0xFFFFDFFFFFFFFFFF

clint mtime 0x0000000000000181 (mip.MTI <- 0b1, mip.STI <- 0b0)
mem[X,0x0000000080000AF4] -> 0x817D
[770] [M]: 0x0000000080000AF4 (0x817D) c.srli x10, 0x1f                             inst_138+12
x10 <- 0x00000001FFFFBFFF

mem[X,0x0000000080000AF6] -> 0xB823
mem[X,0x0000000080000AF8] -> 0x44A0
[771] [M]: 0x0000000080000AF6 (0x44A0B823) sd x10, 0x450(x1)                        inst_138+14
mem[W,0x0000000080003568] <- 0x00000001FFFFBFFF

clint mtime 0x0000000000000182 (mip.MTI <- 0b1, mip.STI <- 0b0)
mem[X,0x0000000080000AFA] -> 0x0513
mem[X,0x0000000080000AFC] -> 0x0010
[772] [M]: 0x0000000080000AFA (0x00100513) addi x10, x0, 0x1                        inst_139+0
x10 <- 0x0000000000000001

mem[X,0x0000000080000AFE] -> 0x1513
mem[X,0x0000000080000B00] -> 0x02E5
[773] [M]: 0x0000000080000AFE (0x02E51513) slli x10, x10, 0x2e                      inst_139+4
x10 <- 0x0000400000000000

clint mtime 0x0000000000000183 (mip.MTI <- 0b1, mip.STI <- 0b0)
mem[X,0x0000000080000B02] -> 0x4513
mem[X,0x0000000080000B04] -> 0xFFF5
[774] [M]: 0x0000000080000B02 (0xFFF54513) xori x10, x10, -0x1                      inst_139+8
x10 <- 0xFFFFBFFFFFFFFFFF

mem[X,0x0000000080000B06] -> 0x8131
[775] [M]: 0x0000000080000B06 (0x8131) c.srli x10, 0xc                              inst_139+12
x10 <- 0x000FFFFBFFFFFFFF

clint mtime 0x0000000000000184 (mip.MTI <- 0b1, mip.STI <- 0b0)
mem[X,0x0000000080000B08] -> 0xBC23
mem[X,0x0000000080000B0A] -> 0x44A0
[776] [M]: 0x0000000080000B08 (0x44A0BC23) sd x10, 0x458(x1)                        inst_139+14
mem[W,0x0000000080003570] <- 0x000FFFFBFFFFFFFF

mem[X,0x0000000080000B0C] -> 0x0513
mem[X,0x0000000080000B0E] -> 0x0010
[777] [M]: 0x0000000080000B0C (0x00100513) addi x10, x0, 0x1                        inst_140+0
x10 <- 0x0000000000000001

clint mtime 0x0000000000000185 (mip.MTI <- 0b1, mip.STI <- 0b0)
mem[X,0x0000000080000B10] -> 0x1513
mem[X,0x0000000080000B12] -> 0x02F5
[778] [M]: 0x0000000080000B10 (0x02F51513) slli x10, x10, 0x2f                      inst_140+4
x10 <- 0x0000800000000000

mem[X,0x0000000080000B14] -> 0x4513
mem[X,0x0000000080000B16] -> 0xFFF5
[779] [M]: 0x0000000080000B14 (0xFFF54513) xori x10, x10, -0x1                      inst_140+8
x10 <- 0xFFFF7FFFFFFFFFFF

clint mtime 0x0000000000000186 (mip.MTI <- 0b1, mip.STI <- 0b0)
mem[X,0x0000000080000B18] -> 0x8105
[780] [M]: 0x0000000080000B18 (0x8105) c.srli x10, 0x1                              inst_140+12
x10 <- 0x7FFFBFFFFFFFFFFF

mem[X,0x0000000080000B1A] -> 0xB023
mem[X,0x0000000080000B1C] -> 0x46A0
[781] [M]: 0x0000000080000B1A (0x46A0B023) sd x10, 0x460(x1)                        inst_140+14
mem[W,0x0000000080003578] <- 0x7FFFBFFFFFFFFFFF

clint mtime 0x0000000000000187 (mip.MTI <- 0b1, mip.STI <- 0b0)
mem[X,0x0000000080000B1E] -> 0x0513
mem[X,0x0000000080000B20] -> 0x0010
[782] [M]: 0x0000000080000B1E (0x00100513) addi x10, x0, 0x1                        inst_141+0
x10 <- 0x0000000000000001

mem[X,0x0000000080000B22] -> 0x1513
mem[X,0x0000000080000B24] -> 0x0305
[783] [M]: 0x0000000080000B22 (0x03051513) slli x10, x10, 0x30                      inst_141+4
x10 <- 0x0001000000000000

clint mtime 0x0000000000000188 (mip.MTI <- 0b1, mip.STI <- 0b0)
mem[X,0x0000000080000B26] -> 0x4513
mem[X,0x0000000080000B28] -> 0xFFF5
[784] [M]: 0x0000000080000B26 (0xFFF54513) xori x10, x10, -0x1                      inst_141+8
x10 <- 0xFFFEFFFFFFFFFFFF

mem[X,0x0000000080000B2A] -> 0x810D
[785] [M]: 0x0000000080000B2A (0x810D) c.srli x10, 0x3                              inst_141+12
x10 <- 0x1FFFDFFFFFFFFFFF

clint mtime 0x0000000000000189 (mip.MTI <- 0b1, mip.STI <- 0b0)
mem[X,0x0000000080000B2C] -> 0xB423
mem[X,0x0000000080000B2E] -> 0x46A0
[786] [M]: 0x0000000080000B2C (0x46A0B423) sd x10, 0x468(x1)                        inst_141+14
mem[W,0x0000000080003580] <- 0x1FFFDFFFFFFFFFFF

mem[X,0x0000000080000B30] -> 0x0513
mem[X,0x0000000080000B32] -> 0x0010
[787] [M]: 0x0000000080000B30 (0x00100513) addi x10, x0, 0x1                        inst_142+0
x10 <- 0x0000000000000001

clint mtime 0x000000000000018A (mip.MTI <- 0b1, mip.STI <- 0b0)
mem[X,0x0000000080000B34] -> 0x1513
mem[X,0x0000000080000B36] -> 0x0315
[788] [M]: 0x0000000080000B34 (0x03151513) slli x10, x10, 0x31                      inst_142+4
x10 <- 0x0002000000000000

mem[X,0x0000000080000B38] -> 0x4513
mem[X,0x0000000080000B3A] -> 0xFFF5
[789] [M]: 0x0000000080000B38 (0xFFF54513) xori x10, x10, -0x1                      inst_142+8
x10 <- 0xFFFDFFFFFFFFFFFF

clint mtime 0x000000000000018B (mip.MTI <- 0b1, mip.STI <- 0b0)
mem[X,0x0000000080000B3C] -> 0x8109
[790] [M]: 0x0000000080000B3C (0x8109) c.srli x10, 0x2                              inst_142+12
x10 <- 0x3FFF7FFFFFFFFFFF

mem[X,0x0000000080000B3E] -> 0xB823
mem[X,0x0000000080000B40] -> 0x46A0
[791] [M]: 0x0000000080000B3E (0x46A0B823) sd x10, 0x470(x1)                        inst_142+14
mem[W,0x0000000080003588] <- 0x3FFF7FFFFFFFFFFF

clint mtime 0x000000000000018C (mip.MTI <- 0b1, mip.STI <- 0b0)
mem[X,0x0000000080000B42] -> 0x0513
mem[X,0x0000000080000B44] -> 0x0010
[792] [M]: 0x0000000080000B42 (0x00100513) addi x10, x0, 0x1                        inst_143+0
x10 <- 0x0000000000000001

mem[X,0x0000000080000B46] -> 0x1513
mem[X,0x0000000080000B48] -> 0x0335
[793] [M]: 0x0000000080000B46 (0x03351513) slli x10, x10, 0x33                      inst_143+4
x10 <- 0x0008000000000000

clint mtime 0x000000000000018D (mip.MTI <- 0b1, mip.STI <- 0b0)
mem[X,0x0000000080000B4A] -> 0x4513
mem[X,0x0000000080000B4C] -> 0xFFF5
[794] [M]: 0x0000000080000B4A (0xFFF54513) xori x10, x10, -0x1                      inst_143+8
x10 <- 0xFFF7FFFFFFFFFFFF

mem[X,0x0000000080000B4E] -> 0x8115
[795] [M]: 0x0000000080000B4E (0x8115) c.srli x10, 0x5                              inst_143+12
x10 <- 0x07FFBFFFFFFFFFFF

clint mtime 0x000000000000018E (mip.MTI <- 0b1, mip.STI <- 0b0)
mem[X,0x0000000080000B50] -> 0xBC23
mem[X,0x0000000080000B52] -> 0x46A0
[796] [M]: 0x0000000080000B50 (0x46A0BC23) sd x10, 0x478(x1)                        inst_143+14
mem[W,0x0000000080003590] <- 0x07FFBFFFFFFFFFFF

mem[X,0x0000000080000B54] -> 0x0513
mem[X,0x0000000080000B56] -> 0x0010
[797] [M]: 0x0000000080000B54 (0x00100513) addi x10, x0, 0x1                        inst_144+0
x10 <- 0x0000000000000001

clint mtime 0x000000000000018F (mip.MTI <- 0b1, mip.STI <- 0b0)
mem[X,0x0000000080000B58] -> 0x1513
mem[X,0x0000000080000B5A] -> 0x0345
[798] [M]: 0x0000000080000B58 (0x03451513) slli x10, x10, 0x34                      inst_144+4
x10 <- 0x0010000000000000

mem[X,0x0000000080000B5C] -> 0x4513
mem[X,0x0000000080000B5E] -> 0xFFF5
[799] [M]: 0x0000000080000B5C (0xFFF54513) xori x10, x10, -0x1                      inst_144+8
x10 <- 0xFFEFFFFFFFFFFFFF

clint mtime 0x0000000000000190 (mip.MTI <- 0b1, mip.STI <- 0b0)
mem[X,0x0000000080000B60] -> 0x8149
[800] [M]: 0x0000000080000B60 (0x8149) c.srli x10, 0x12                             inst_144+12
x10 <- 0x00003FFBFFFFFFFF

mem[X,0x0000000080000B62] -> 0xB023
mem[X,0x0000000080000B64] -> 0x48A0
[801] [M]: 0x0000000080000B62 (0x48A0B023) sd x10, 0x480(x1)                        inst_144+14
mem[W,0x0000000080003598] <- 0x00003FFBFFFFFFFF

clint mtime 0x0000000000000191 (mip.MTI <- 0b1, mip.STI <- 0b0)
mem[X,0x0000000080000B66] -> 0x0513
mem[X,0x0000000080000B68] -> 0x0010
[802] [M]: 0x0000000080000B66 (0x00100513) addi x10, x0, 0x1                        inst_145+0
x10 <- 0x0000000000000001

mem[X,0x0000000080000B6A] -> 0x1513
mem[X,0x0000000080000B6C] -> 0x0355
[803] [M]: 0x0000000080000B6A (0x03551513) slli x10, x10, 0x35                      inst_145+4
x10 <- 0x0020000000000000

clint mtime 0x0000000000000192 (mip.MTI <- 0b1, mip.STI <- 0b0)
mem[X,0x0000000080000B6E] -> 0x4513
mem[X,0x0000000080000B70] -> 0xFFF5
[804] [M]: 0x0000000080000B6E (0xFFF54513) xori x10, x10, -0x1                      inst_145+8
x10 <- 0xFFDFFFFFFFFFFFFF

mem[X,0x0000000080000B72] -> 0x915D
[805] [M]: 0x0000000080000B72 (0x915D) c.srli x10, 0x37                             inst_145+12
x10 <- 0x00000000000001FF

clint mtime 0x0000000000000193 (mip.MTI <- 0b1, mip.STI <- 0b0)
mem[X,0x0000000080000B74] -> 0xB423
mem[X,0x0000000080000B76] -> 0x48A0
[806] [M]: 0x0000000080000B74 (0x48A0B423) sd x10, 0x488(x1)                        inst_145+14
mem[W,0x00000000800035A0] <- 0x00000000000001FF

mem[X,0x0000000080000B78] -> 0x0513
mem[X,0x0000000080000B7A] -> 0x0010
[807] [M]: 0x0000000080000B78 (0x00100513) addi x10, x0, 0x1                        inst_146+0
x10 <- 0x0000000000000001

clint mtime 0x0000000000000194 (mip.MTI <- 0b1, mip.STI <- 0b0)
mem[X,0x0000000080000B7C] -> 0x1513
mem[X,0x0000000080000B7E] -> 0x0365
[808] [M]: 0x0000000080000B7C (0x03651513) slli x10, x10, 0x36                      inst_146+4
x10 <- 0x0040000000000000

mem[X,0x0000000080000B80] -> 0x4513
mem[X,0x0000000080000B82] -> 0xFFF5
[809] [M]: 0x0000000080000B80 (0xFFF54513) xori x10, x10, -0x1                      inst_146+8
x10 <- 0xFFBFFFFFFFFFFFFF

clint mtime 0x0000000000000195 (mip.MTI <- 0b1, mip.STI <- 0b0)
mem[X,0x0000000080000B84] -> 0x8131
[810] [M]: 0x0000000080000B84 (0x8131) c.srli x10, 0xc                              inst_146+12
x10 <- 0x000FFBFFFFFFFFFF

mem[X,0x0000000080000B86] -> 0xB823
mem[X,0x0000000080000B88] -> 0x48A0
[811] [M]: 0x0000000080000B86 (0x48A0B823) sd x10, 0x490(x1)                        inst_146+14
mem[W,0x00000000800035A8] <- 0x000FFBFFFFFFFFFF

clint mtime 0x0000000000000196 (mip.MTI <- 0b1, mip.STI <- 0b0)
mem[X,0x0000000080000B8A] -> 0x0513
mem[X,0x0000000080000B8C] -> 0x0010
[812] [M]: 0x0000000080000B8A (0x00100513) addi x10, x0, 0x1                        inst_147+0
x10 <- 0x0000000000000001

mem[X,0x0000000080000B8E] -> 0x1513
mem[X,0x0000000080000B90] -> 0x0375
[813] [M]: 0x0000000080000B8E (0x03751513) slli x10, x10, 0x37                      inst_147+4
x10 <- 0x0080000000000000

clint mtime 0x0000000000000197 (mip.MTI <- 0b1, mip.STI <- 0b0)
mem[X,0x0000000080000B92] -> 0x4513
mem[X,0x0000000080000B94] -> 0xFFF5
[814] [M]: 0x0000000080000B92 (0xFFF54513) xori x10, x10, -0x1                      inst_147+8
x10 <- 0xFF7FFFFFFFFFFFFF

mem[X,0x0000000080000B96] -> 0x814D
[815] [M]: 0x0000000080000B96 (0x814D) c.srli x10, 0x13                             inst_147+12
x10 <- 0x00001FEFFFFFFFFF

clint mtime 0x0000000000000198 (mip.MTI <- 0b1, mip.STI <- 0b0)
mem[X,0x0000000080000B98] -> 0xBC23
mem[X,0x0000000080000B9A] -> 0x48A0
[816] [M]: 0x0000000080000B98 (0x48A0BC23) sd x10, 0x498(x1)                        inst_147+14
mem[W,0x00000000800035B0] <- 0x00001FEFFFFFFFFF

mem[X,0x0000000080000B9C] -> 0x0513
mem[X,0x0000000080000B9E] -> 0x0010
[817] [M]: 0x0000000080000B9C (0x00100513) addi x10, x0, 0x1                        inst_148+0
x10 <- 0x0000000000000001

clint mtime 0x0000000000000199 (mip.MTI <- 0b1, mip.STI <- 0b0)
mem[X,0x0000000080000BA0] -> 0x1513
mem[X,0x0000000080000BA2] -> 0x0385
[818] [M]: 0x0000000080000BA0 (0x03851513) slli x10, x10, 0x38                      inst_148+4
x10 <- 0x0100000000000000

mem[X,0x0000000080000BA4] -> 0x4513
mem[X,0x0000000080000BA6] -> 0xFFF5
[819] [M]: 0x0000000080000BA4 (0xFFF54513) xori x10, x10, -0x1                      inst_148+8
x10 <- 0xFEFFFFFFFFFFFFFF

clint mtime 0x000000000000019A (mip.MTI <- 0b1, mip.STI <- 0b0)
mem[X,0x0000000080000BA8] -> 0x913D
[820] [M]: 0x0000000080000BA8 (0x913D) c.srli x10, 0x2f                             inst_148+12
x10 <- 0x000000000001FDFF

mem[X,0x0000000080000BAA] -> 0xB023
mem[X,0x0000000080000BAC] -> 0x4AA0
[821] [M]: 0x0000000080000BAA (0x4AA0B023) sd x10, 0x4a0(x1)                        inst_148+14
mem[W,0x00000000800035B8] <- 0x000000000001FDFF

clint mtime 0x000000000000019B (mip.MTI <- 0b1, mip.STI <- 0b0)
mem[X,0x0000000080000BAE] -> 0x006F
mem[X,0x0000000080000BB0] -> 0x0380
[822] [M]: 0x0000000080000BAE (0x0380006F) jal x0, 0x38                             rvtest_code_end+0

mem[X,0x0000000080000BE6] -> 0x4085
[823] [M]: 0x0000000080000BE6 (0x4085) c.li x1, 0x1                                 exit_cleanup+0
x1 <- 0x0000000000000001

clint mtime 0x000000000000019C (mip.MTI <- 0b1, mip.STI <- 0b0)
mem[X,0x0000000080000BE8] -> 0x0397
mem[X,0x0000000080000BEA] -> 0x0000
[824] [M]: 0x0000000080000BE8 (0x00000397) auipc x7, 0x0                            exit_cleanup+2
x7 <- 0x0000000080000BE8

mem[X,0x0000000080000BEC] -> 0xAC23
mem[X,0x0000000080000BEE] -> 0x4013
[825] [M]: 0x0000000080000BEC (0x4013AC23) sw x1, 0x418(x7)                         exit_cleanup+6
htif[0x0000000080001000] <- 0x00000001
mem[W,0x0000000080001000] <- 0x00000001

clint mtime 0x000000000000019D (mip.MTI <- 0b1, mip.STI <- 0b0)
mem[X,0x0000000080000BF0] -> 0xBFE5
[826] [M]: 0x0000000080000BF0 (0xBFE5) c.j -0x8                                     exit_cleanup+10

mem[X,0x0000000080000BE8] -> 0x0397
mem[X,0x0000000080000BEA] -> 0x0000
[827] [M]: 0x0000000080000BE8 (0x00000397) auipc x7, 0x0                            exit_cleanup+2
x7 <- 0x0000000080000BE8

clint mtime 0x000000000000019E (mip.MTI <- 0b1, mip.STI <- 0b0)
mem[X,0x0000000080000BEC] -> 0xAC23
mem[X,0x0000000080000BEE] -> 0x4013
[828] [M]: 0x0000000080000BEC (0x4013AC23) sw x1, 0x418(x7)                         exit_cleanup+6
htif[0x0000000080001000] <- 0x00000001
mem[W,0x0000000080001000] <- 0x00000001

mem[X,0x0000000080000BF0] -> 0xBFE5
[829] [M]: 0x0000000080000BF0 (0xBFE5) c.j -0x8                                     exit_cleanup+10

clint mtime 0x000000000000019F (mip.MTI <- 0b1, mip.STI <- 0b0)
mem[X,0x0000000080000BE8] -> 0x0397
mem[X,0x0000000080000BEA] -> 0x0000
[830] [M]: 0x0000000080000BE8 (0x00000397) auipc x7, 0x0                            exit_cleanup+2
x7 <- 0x0000000080000BE8

mem[X,0x0000000080000BEC] -> 0xAC23
mem[X,0x0000000080000BEE] -> 0x4013
[831] [M]: 0x0000000080000BEC (0x4013AC23) sw x1, 0x418(x7)                         exit_cleanup+6
htif[0x0000000080001000] <- 0x00000001
htif-syscall-proxy cmd: 0x000000000001
mem[W,0x0000000080001000] <- 0x00000001

SUCCESS
clint mtime 0x00000000000001A0 (mip.MTI <- 0b1, mip.STI <- 0b0)
