using /opt/riscv-arch-test/riscof-plugins/rv64/riscof_work/hints/src/slli-01.S/ref/Reference-sail_c_simulator.signature for test-signature output.
setting signature-granularity to 8 bytes
HTIF located at 0x80001000
begin_signature: 0x80003110
end_signature: 0x80003720
Entry point: 0x80000000
CSR mstatus (0x300) <- 0x0000000A00000000
CSR misa (0x301) <- 0x800000000034112F
CSR mcause (0x342) <- 0x0000000000000000
x10 <- 0x0000000000000000
x11 <- 0x0000000000001000
mem[X,0x0000000080000000] -> 0x0837
mem[X,0x0000000080000002] -> 0x7D5C
[0] [M]: 0x0000000080000000 (0x7D5C0837) lui x16, 0x7d5c0                           rvtest_init+0
x16 <- 0x000000007D5C0000

mem[X,0x0000000080000004] -> 0x0813
mem[X,0x0000000080000006] -> 0xDDB8
[1] [M]: 0x0000000080000004 (0xDDB80813) addi x16, x16, -0x225                      rvtest_init+4
x16 <- 0x000000007D5BFDDB

clint mtime 0x0000000000000001 (mip.MTI <- 0b1, mip.STI <- 0b0)
mem[X,0x0000000080000008] -> 0x1813
mem[X,0x000000008000000A] -> 0x00B8
[2] [M]: 0x0000000080000008 (0x00B81813) slli x16, x16, 0xb                         rvtest_init+8
x16 <- 0x000003EADFEED800

mem[X,0x000000008000000C] -> 0x0813
mem[X,0x000000008000000E] -> 0x3EA8
[3] [M]: 0x000000008000000C (0x3EA80813) addi x16, x16, 0x3ea                       rvtest_init+12
x16 <- 0x000003EADFEEDBEA

clint mtime 0x0000000000000002 (mip.MTI <- 0b1, mip.STI <- 0b0)
mem[X,0x0000000080000010] -> 0x1813
mem[X,0x0000000080000012] -> 0x00B8
[4] [M]: 0x0000000080000010 (0x00B81813) slli x16, x16, 0xb                         rvtest_init+16
x16 <- 0x001F56FF76DF5000

mem[X,0x0000000080000014] -> 0x0813
mem[X,0x0000000080000016] -> 0x6FF8
[5] [M]: 0x0000000080000014 (0x6FF80813) addi x16, x16, 0x6ff                       rvtest_init+20
x16 <- 0x001F56FF76DF56FF

clint mtime 0x0000000000000003 (mip.MTI <- 0b1, mip.STI <- 0b0)
mem[X,0x0000000080000018] -> 0x1813
mem[X,0x000000008000001A] -> 0x00A8
[6] [M]: 0x0000000080000018 (0x00A81813) slli x16, x16, 0xa                         rvtest_init+24
x16 <- 0x7D5BFDDB7D5BFC00

mem[X,0x000000008000001C] -> 0x0813
mem[X,0x000000008000001E] -> 0x1DB8
[7] [M]: 0x000000008000001C (0x1DB80813) addi x16, x16, 0x1db                       rvtest_init+28
x16 <- 0x7D5BFDDB7D5BFDDB

clint mtime 0x0000000000000004 (mip.MTI <- 0b1, mip.STI <- 0b0)
mem[X,0x0000000080000020] -> 0x5893
mem[X,0x0000000080000022] -> 0x0078
[8] [M]: 0x0000000080000020 (0x00785893) srli x17, x16, 0x7                         rvtest_init+32
x17 <- 0x00FAB7FBB6FAB7FB

mem[X,0x0000000080000024] -> 0x5793
mem[X,0x0000000080000026] -> 0x0398
[9] [M]: 0x0000000080000024 (0x03985793) srli x15, x16, 0x39                        rvtest_init+36
x15 <- 0x000000000000003E

clint mtime 0x0000000000000005 (mip.MTI <- 0b1, mip.STI <- 0b0)
mem[X,0x0000000080000028] -> 0xE8B3
mem[X,0x000000008000002A] -> 0x00F8
[10] [M]: 0x0000000080000028 (0x00F8E8B3) or x17, x17, x15                          rvtest_init+40
x17 <- 0x00FAB7FBB6FAB7FF

mem[X,0x000000008000002C] -> 0xD913
mem[X,0x000000008000002E] -> 0x0078
[11] [M]: 0x000000008000002C (0x0078D913) srli x18, x17, 0x7                        rvtest_init+44
x18 <- 0x0001F56FF76DF56F

clint mtime 0x0000000000000006 (mip.MTI <- 0b1, mip.STI <- 0b0)
mem[X,0x0000000080000030] -> 0xD793
mem[X,0x0000000080000032] -> 0x0398
[12] [M]: 0x0000000080000030 (0x0398D793) srli x15, x17, 0x39                       rvtest_init+48
x15 <- 0x0000000000000000

mem[X,0x0000000080000034] -> 0x6933
mem[X,0x0000000080000036] -> 0x00F9
[13] [M]: 0x0000000080000034 (0x00F96933) or x18, x18, x15                          rvtest_init+52
x18 <- 0x0001F56FF76DF56F

clint mtime 0x0000000000000007 (mip.MTI <- 0b1, mip.STI <- 0b0)
mem[X,0x0000000080000038] -> 0x5993
mem[X,0x000000008000003A] -> 0x0079
[14] [M]: 0x0000000080000038 (0x00795993) srli x19, x18, 0x7                        rvtest_init+56
x19 <- 0x000003EADFEEDBEA

mem[X,0x000000008000003C] -> 0x5793
mem[X,0x000000008000003E] -> 0x0399
[15] [M]: 0x000000008000003C (0x03995793) srli x15, x18, 0x39                       rvtest_init+60
x15 <- 0x0000000000000000

clint mtime 0x0000000000000008 (mip.MTI <- 0b1, mip.STI <- 0b0)
mem[X,0x0000000080000040] -> 0xE9B3
mem[X,0x0000000080000042] -> 0x00F9
[16] [M]: 0x0000000080000040 (0x00F9E9B3) or x19, x19, x15                          rvtest_init+64
x19 <- 0x000003EADFEEDBEA

mem[X,0x0000000080000044] -> 0xDA13
mem[X,0x0000000080000046] -> 0x0079
[17] [M]: 0x0000000080000044 (0x0079DA13) srli x20, x19, 0x7                        rvtest_init+68
x20 <- 0x00000007D5BFDDB7

clint mtime 0x0000000000000009 (mip.MTI <- 0b1, mip.STI <- 0b0)
mem[X,0x0000000080000048] -> 0xD793
mem[X,0x000000008000004A] -> 0x0399
[18] [M]: 0x0000000080000048 (0x0399D793) srli x15, x19, 0x39                       rvtest_init+72
x15 <- 0x0000000000000000

mem[X,0x000000008000004C] -> 0x6A33
mem[X,0x000000008000004E] -> 0x00FA
[19] [M]: 0x000000008000004C (0x00FA6A33) or x20, x20, x15                          rvtest_init+76
x20 <- 0x00000007D5BFDDB7

clint mtime 0x000000000000000A (mip.MTI <- 0b1, mip.STI <- 0b0)
mem[X,0x0000000080000050] -> 0x5A93
mem[X,0x0000000080000052] -> 0x007A
[20] [M]: 0x0000000080000050 (0x007A5A93) srli x21, x20, 0x7                        rvtest_init+80
x21 <- 0x000000000FAB7FBB

mem[X,0x0000000080000054] -> 0x5793
mem[X,0x0000000080000056] -> 0x039A
[21] [M]: 0x0000000080000054 (0x039A5793) srli x15, x20, 0x39                       rvtest_init+84
x15 <- 0x0000000000000000

clint mtime 0x000000000000000B (mip.MTI <- 0b1, mip.STI <- 0b0)
mem[X,0x0000000080000058] -> 0xEAB3
mem[X,0x000000008000005A] -> 0x00FA
[22] [M]: 0x0000000080000058 (0x00FAEAB3) or x21, x21, x15                          rvtest_init+88
x21 <- 0x000000000FAB7FBB

mem[X,0x000000008000005C] -> 0xDB13
mem[X,0x000000008000005E] -> 0x007A
[23] [M]: 0x000000008000005C (0x007ADB13) srli x22, x21, 0x7                        rvtest_init+92
x22 <- 0x00000000001F56FF

clint mtime 0x000000000000000C (mip.MTI <- 0b1, mip.STI <- 0b0)
mem[X,0x0000000080000060] -> 0xD793
mem[X,0x0000000080000062] -> 0x039A
[24] [M]: 0x0000000080000060 (0x039AD793) srli x15, x21, 0x39                       rvtest_init+96
x15 <- 0x0000000000000000

mem[X,0x0000000080000064] -> 0x6B33
mem[X,0x0000000080000066] -> 0x00FB
[25] [M]: 0x0000000080000064 (0x00FB6B33) or x22, x22, x15                          rvtest_init+100
x22 <- 0x00000000001F56FF

clint mtime 0x000000000000000D (mip.MTI <- 0b1, mip.STI <- 0b0)
mem[X,0x0000000080000068] -> 0x5B93
mem[X,0x000000008000006A] -> 0x007B
[26] [M]: 0x0000000080000068 (0x007B5B93) srli x23, x22, 0x7                        rvtest_init+104
x23 <- 0x0000000000003EAD

mem[X,0x000000008000006C] -> 0x5793
mem[X,0x000000008000006E] -> 0x039B
[27] [M]: 0x000000008000006C (0x039B5793) srli x15, x22, 0x39                       rvtest_init+108
x15 <- 0x0000000000000000

clint mtime 0x000000000000000E (mip.MTI <- 0b1, mip.STI <- 0b0)
mem[X,0x0000000080000070] -> 0xEBB3
mem[X,0x0000000080000072] -> 0x00FB
[28] [M]: 0x0000000080000070 (0x00FBEBB3) or x23, x23, x15                          rvtest_init+112
x23 <- 0x0000000000003EAD

mem[X,0x0000000080000074] -> 0xDC13
mem[X,0x0000000080000076] -> 0x007B
[29] [M]: 0x0000000080000074 (0x007BDC13) srli x24, x23, 0x7                        rvtest_init+116
x24 <- 0x000000000000007D

clint mtime 0x000000000000000F (mip.MTI <- 0b1, mip.STI <- 0b0)
mem[X,0x0000000080000078] -> 0xD793
mem[X,0x000000008000007A] -> 0x039B
[30] [M]: 0x0000000080000078 (0x039BD793) srli x15, x23, 0x39                       rvtest_init+120
x15 <- 0x0000000000000000

mem[X,0x000000008000007C] -> 0x6C33
mem[X,0x000000008000007E] -> 0x00FC
[31] [M]: 0x000000008000007C (0x00FC6C33) or x24, x24, x15                          rvtest_init+124
x24 <- 0x000000000000007D

clint mtime 0x0000000000000010 (mip.MTI <- 0b1, mip.STI <- 0b0)
mem[X,0x0000000080000080] -> 0x5C93
mem[X,0x0000000080000082] -> 0x007C
[32] [M]: 0x0000000080000080 (0x007C5C93) srli x25, x24, 0x7                        rvtest_init+128
x25 <- 0x0000000000000000

mem[X,0x0000000080000084] -> 0x5793
mem[X,0x0000000080000086] -> 0x039C
[33] [M]: 0x0000000080000084 (0x039C5793) srli x15, x24, 0x39                       rvtest_init+132
x15 <- 0x0000000000000000

clint mtime 0x0000000000000011 (mip.MTI <- 0b1, mip.STI <- 0b0)
mem[X,0x0000000080000088] -> 0xECB3
mem[X,0x000000008000008A] -> 0x00FC
[34] [M]: 0x0000000080000088 (0x00FCECB3) or x25, x25, x15                          rvtest_init+136
x25 <- 0x0000000000000000

mem[X,0x000000008000008C] -> 0xDD13
mem[X,0x000000008000008E] -> 0x007C
[35] [M]: 0x000000008000008C (0x007CDD13) srli x26, x25, 0x7                        rvtest_init+140
x26 <- 0x0000000000000000

clint mtime 0x0000000000000012 (mip.MTI <- 0b1, mip.STI <- 0b0)
mem[X,0x0000000080000090] -> 0xD793
mem[X,0x0000000080000092] -> 0x039C
[36] [M]: 0x0000000080000090 (0x039CD793) srli x15, x25, 0x39                       rvtest_init+144
x15 <- 0x0000000000000000

mem[X,0x0000000080000094] -> 0x6D33
mem[X,0x0000000080000096] -> 0x00FD
[37] [M]: 0x0000000080000094 (0x00FD6D33) or x26, x26, x15                          rvtest_init+148
x26 <- 0x0000000000000000

clint mtime 0x0000000000000013 (mip.MTI <- 0b1, mip.STI <- 0b0)
mem[X,0x0000000080000098] -> 0x5D93
mem[X,0x000000008000009A] -> 0x007D
[38] [M]: 0x0000000080000098 (0x007D5D93) srli x27, x26, 0x7                        rvtest_init+152
x27 <- 0x0000000000000000

mem[X,0x000000008000009C] -> 0x5793
mem[X,0x000000008000009E] -> 0x039D
[39] [M]: 0x000000008000009C (0x039D5793) srli x15, x26, 0x39                       rvtest_init+156
x15 <- 0x0000000000000000

clint mtime 0x0000000000000014 (mip.MTI <- 0b1, mip.STI <- 0b0)
mem[X,0x00000000800000A0] -> 0xEDB3
mem[X,0x00000000800000A2] -> 0x00FD
[40] [M]: 0x00000000800000A0 (0x00FDEDB3) or x27, x27, x15                          rvtest_init+160
x27 <- 0x0000000000000000

mem[X,0x00000000800000A4] -> 0xDE13
mem[X,0x00000000800000A6] -> 0x007D
[41] [M]: 0x00000000800000A4 (0x007DDE13) srli x28, x27, 0x7                        rvtest_init+164
x28 <- 0x0000000000000000

clint mtime 0x0000000000000015 (mip.MTI <- 0b1, mip.STI <- 0b0)
mem[X,0x00000000800000A8] -> 0xD793
mem[X,0x00000000800000AA] -> 0x039D
[42] [M]: 0x00000000800000A8 (0x039DD793) srli x15, x27, 0x39                       rvtest_init+168
x15 <- 0x0000000000000000

mem[X,0x00000000800000AC] -> 0x6E33
mem[X,0x00000000800000AE] -> 0x00FE
[43] [M]: 0x00000000800000AC (0x00FE6E33) or x28, x28, x15                          rvtest_init+172
x28 <- 0x0000000000000000

clint mtime 0x0000000000000016 (mip.MTI <- 0b1, mip.STI <- 0b0)
mem[X,0x00000000800000B0] -> 0x5E93
mem[X,0x00000000800000B2] -> 0x007E
[44] [M]: 0x00000000800000B0 (0x007E5E93) srli x29, x28, 0x7                        rvtest_init+176
x29 <- 0x0000000000000000

mem[X,0x00000000800000B4] -> 0x5793
mem[X,0x00000000800000B6] -> 0x039E
[45] [M]: 0x00000000800000B4 (0x039E5793) srli x15, x28, 0x39                       rvtest_init+180
x15 <- 0x0000000000000000

clint mtime 0x0000000000000017 (mip.MTI <- 0b1, mip.STI <- 0b0)
mem[X,0x00000000800000B8] -> 0xEEB3
mem[X,0x00000000800000BA] -> 0x00FE
[46] [M]: 0x00000000800000B8 (0x00FEEEB3) or x29, x29, x15                          rvtest_init+184
x29 <- 0x0000000000000000

mem[X,0x00000000800000BC] -> 0xDF13
mem[X,0x00000000800000BE] -> 0x007E
[47] [M]: 0x00000000800000BC (0x007EDF13) srli x30, x29, 0x7                        rvtest_init+188
x30 <- 0x0000000000000000

clint mtime 0x0000000000000018 (mip.MTI <- 0b1, mip.STI <- 0b0)
mem[X,0x00000000800000C0] -> 0xD793
mem[X,0x00000000800000C2] -> 0x039E
[48] [M]: 0x00000000800000C0 (0x039ED793) srli x15, x29, 0x39                       rvtest_init+192
x15 <- 0x0000000000000000

mem[X,0x00000000800000C4] -> 0x6F33
mem[X,0x00000000800000C6] -> 0x00FF
[49] [M]: 0x00000000800000C4 (0x00FF6F33) or x30, x30, x15                          rvtest_init+196
x30 <- 0x0000000000000000

clint mtime 0x0000000000000019 (mip.MTI <- 0b1, mip.STI <- 0b0)
mem[X,0x00000000800000C8] -> 0xC0B7
mem[X,0x00000000800000CA] -> 0xFEED
[50] [M]: 0x00000000800000C8 (0xFEEDC0B7) lui x1, -0x1124                           rvtest_init+200
x1 <- 0xFFFFFFFFFEEDC000

mem[X,0x00000000800000CC] -> 0x8093
mem[X,0x00000000800000CE] -> 0xEAD0
[51] [M]: 0x00000000800000CC (0xEAD08093) addi x1, x1, -0x153                       rvtest_init+204
x1 <- 0xFFFFFFFFFEEDBEAD

clint mtime 0x000000000000001A (mip.MTI <- 0b1, mip.STI <- 0b0)
mem[X,0x00000000800000D0] -> 0x9093
mem[X,0x00000000800000D2] -> 0x00B0
[52] [M]: 0x00000000800000D0 (0x00B09093) slli x1, x1, 0xb                          rvtest_init+208
x1 <- 0xFFFFFFF76DF56800

mem[X,0x00000000800000D4] -> 0x8093
mem[X,0x00000000800000D6] -> 0x7F70
[53] [M]: 0x00000000800000D4 (0x7F708093) addi x1, x1, 0x7f7                        rvtest_init+212
x1 <- 0xFFFFFFF76DF56FF7

clint mtime 0x000000000000001B (mip.MTI <- 0b1, mip.STI <- 0b0)
mem[X,0x00000000800000D8] -> 0x9093
mem[X,0x00000000800000DA] -> 0x00B0
[54] [M]: 0x00000000800000D8 (0x00B09093) slli x1, x1, 0xb                          rvtest_init+216
x1 <- 0xFFFFBB6FAB7FB800

mem[X,0x00000000800000DC] -> 0x8093
mem[X,0x00000000800000DE] -> 0x36F0
[55] [M]: 0x00000000800000DC (0x36F08093) addi x1, x1, 0x36f                        rvtest_init+220
x1 <- 0xFFFFBB6FAB7FBB6F

clint mtime 0x000000000000001C (mip.MTI <- 0b1, mip.STI <- 0b0)
mem[X,0x00000000800000E0] -> 0x9093
mem[X,0x00000000800000E2] -> 0x00A0
[56] [M]: 0x00000000800000E0 (0x00A09093) slli x1, x1, 0xa                          rvtest_init+224
x1 <- 0xFEEDBEADFEEDBC00

mem[X,0x00000000800000E4] -> 0x8093
mem[X,0x00000000800000E6] -> 0x2AD0
[57] [M]: 0x00000000800000E4 (0x2AD08093) addi x1, x1, 0x2ad                        rvtest_init+228
x1 <- 0xFEEDBEADFEEDBEAD

clint mtime 0x000000000000001D (mip.MTI <- 0b1, mip.STI <- 0b0)
mem[X,0x00000000800000E8] -> 0xD113
mem[X,0x00000000800000EA] -> 0x0070
[58] [M]: 0x00000000800000E8 (0x0070D113) srli x2, x1, 0x7                          rvtest_init+232
x2 <- 0x01FDDB7D5BFDDB7D

mem[X,0x00000000800000EC] -> 0xD793
mem[X,0x00000000800000EE] -> 0x0390
[59] [M]: 0x00000000800000EC (0x0390D793) srli x15, x1, 0x39                        rvtest_init+236
x15 <- 0x000000000000007F

clint mtime 0x000000000000001E (mip.MTI <- 0b1, mip.STI <- 0b0)
mem[X,0x00000000800000F0] -> 0x6133
mem[X,0x00000000800000F2] -> 0x00F1
[60] [M]: 0x00000000800000F0 (0x00F16133) or x2, x2, x15                            rvtest_init+240
x2 <- 0x01FDDB7D5BFDDB7F

mem[X,0x00000000800000F4] -> 0x5193
mem[X,0x00000000800000F6] -> 0x0071
[61] [M]: 0x00000000800000F4 (0x00715193) srli x3, x2, 0x7                          rvtest_init+244
x3 <- 0x0003FBB6FAB7FBB6

clint mtime 0x000000000000001F (mip.MTI <- 0b1, mip.STI <- 0b0)
mem[X,0x00000000800000F8] -> 0x5793
mem[X,0x00000000800000FA] -> 0x0391
[62] [M]: 0x00000000800000F8 (0x03915793) srli x15, x2, 0x39                        rvtest_init+248
x15 <- 0x0000000000000000

mem[X,0x00000000800000FC] -> 0xE1B3
mem[X,0x00000000800000FE] -> 0x00F1
[63] [M]: 0x00000000800000FC (0x00F1E1B3) or x3, x3, x15                            rvtest_init+252
x3 <- 0x0003FBB6FAB7FBB6

clint mtime 0x0000000000000020 (mip.MTI <- 0b1, mip.STI <- 0b0)
mem[X,0x0000000080000100] -> 0xD213
mem[X,0x0000000080000102] -> 0x0071
[64] [M]: 0x0000000080000100 (0x0071D213) srli x4, x3, 0x7                          rvtest_init+256
x4 <- 0x000007F76DF56FF7

mem[X,0x0000000080000104] -> 0xD793
mem[X,0x0000000080000106] -> 0x0391
[65] [M]: 0x0000000080000104 (0x0391D793) srli x15, x3, 0x39                        rvtest_init+260
x15 <- 0x0000000000000000

clint mtime 0x0000000000000021 (mip.MTI <- 0b1, mip.STI <- 0b0)
mem[X,0x0000000080000108] -> 0x6233
mem[X,0x000000008000010A] -> 0x00F2
[66] [M]: 0x0000000080000108 (0x00F26233) or x4, x4, x15                            rvtest_init+264
x4 <- 0x000007F76DF56FF7

mem[X,0x000000008000010C] -> 0x5293
mem[X,0x000000008000010E] -> 0x0072
[67] [M]: 0x000000008000010C (0x00725293) srli x5, x4, 0x7                          rvtest_init+268
x5 <- 0x0000000FEEDBEADF

clint mtime 0x0000000000000022 (mip.MTI <- 0b1, mip.STI <- 0b0)
mem[X,0x0000000080000110] -> 0x5793
mem[X,0x0000000080000112] -> 0x0392
[68] [M]: 0x0000000080000110 (0x03925793) srli x15, x4, 0x39                        rvtest_init+272
x15 <- 0x0000000000000000

mem[X,0x0000000080000114] -> 0xE2B3
mem[X,0x0000000080000116] -> 0x00F2
[69] [M]: 0x0000000080000114 (0x00F2E2B3) or x5, x5, x15                            rvtest_init+276
x5 <- 0x0000000FEEDBEADF

clint mtime 0x0000000000000023 (mip.MTI <- 0b1, mip.STI <- 0b0)
mem[X,0x0000000080000118] -> 0xD313
mem[X,0x000000008000011A] -> 0x0072
[70] [M]: 0x0000000080000118 (0x0072D313) srli x6, x5, 0x7                          rvtest_init+280
x6 <- 0x000000001FDDB7D5

mem[X,0x000000008000011C] -> 0xD793
mem[X,0x000000008000011E] -> 0x0392
[71] [M]: 0x000000008000011C (0x0392D793) srli x15, x5, 0x39                        rvtest_init+284
x15 <- 0x0000000000000000

clint mtime 0x0000000000000024 (mip.MTI <- 0b1, mip.STI <- 0b0)
mem[X,0x0000000080000120] -> 0x6333
mem[X,0x0000000080000122] -> 0x00F3
[72] [M]: 0x0000000080000120 (0x00F36333) or x6, x6, x15                            rvtest_init+288
x6 <- 0x000000001FDDB7D5

mem[X,0x0000000080000124] -> 0x5393
mem[X,0x0000000080000126] -> 0x0073
[73] [M]: 0x0000000080000124 (0x00735393) srli x7, x6, 0x7                          rvtest_init+292
x7 <- 0x00000000003FBB6F

clint mtime 0x0000000000000025 (mip.MTI <- 0b1, mip.STI <- 0b0)
mem[X,0x0000000080000128] -> 0x5793
mem[X,0x000000008000012A] -> 0x0393
[74] [M]: 0x0000000080000128 (0x03935793) srli x15, x6, 0x39                        rvtest_init+296
x15 <- 0x0000000000000000

mem[X,0x000000008000012C] -> 0xE3B3
mem[X,0x000000008000012E] -> 0x00F3
[75] [M]: 0x000000008000012C (0x00F3E3B3) or x7, x7, x15                            rvtest_init+300
x7 <- 0x00000000003FBB6F

clint mtime 0x0000000000000026 (mip.MTI <- 0b1, mip.STI <- 0b0)
mem[X,0x0000000080000130] -> 0xD413
mem[X,0x0000000080000132] -> 0x0073
[76] [M]: 0x0000000080000130 (0x0073D413) srli x8, x7, 0x7                          rvtest_init+304
x8 <- 0x0000000000007F76

mem[X,0x0000000080000134] -> 0xD793
mem[X,0x0000000080000136] -> 0x0393
[77] [M]: 0x0000000080000134 (0x0393D793) srli x15, x7, 0x39                        rvtest_init+308
x15 <- 0x0000000000000000

clint mtime 0x0000000000000027 (mip.MTI <- 0b1, mip.STI <- 0b0)
mem[X,0x0000000080000138] -> 0x6433
mem[X,0x000000008000013A] -> 0x00F4
[78] [M]: 0x0000000080000138 (0x00F46433) or x8, x8, x15                            rvtest_init+312
x8 <- 0x0000000000007F76

mem[X,0x000000008000013C] -> 0x5493
mem[X,0x000000008000013E] -> 0x0074
[79] [M]: 0x000000008000013C (0x00745493) srli x9, x8, 0x7                          rvtest_init+316
x9 <- 0x00000000000000FE

clint mtime 0x0000000000000028 (mip.MTI <- 0b1, mip.STI <- 0b0)
mem[X,0x0000000080000140] -> 0x5793
mem[X,0x0000000080000142] -> 0x0394
[80] [M]: 0x0000000080000140 (0x03945793) srli x15, x8, 0x39                        rvtest_init+320
x15 <- 0x0000000000000000

mem[X,0x0000000080000144] -> 0xE4B3
mem[X,0x0000000080000146] -> 0x00F4
[81] [M]: 0x0000000080000144 (0x00F4E4B3) or x9, x9, x15                            rvtest_init+324
x9 <- 0x00000000000000FE

clint mtime 0x0000000000000029 (mip.MTI <- 0b1, mip.STI <- 0b0)
mem[X,0x0000000080000148] -> 0xD513
mem[X,0x000000008000014A] -> 0x0074
[82] [M]: 0x0000000080000148 (0x0074D513) srli x10, x9, 0x7                         rvtest_init+328
x10 <- 0x0000000000000001

mem[X,0x000000008000014C] -> 0xD793
mem[X,0x000000008000014E] -> 0x0394
[83] [M]: 0x000000008000014C (0x0394D793) srli x15, x9, 0x39                        rvtest_init+332
x15 <- 0x0000000000000000

clint mtime 0x000000000000002A (mip.MTI <- 0b1, mip.STI <- 0b0)
mem[X,0x0000000080000150] -> 0x6533
mem[X,0x0000000080000152] -> 0x00F5
[84] [M]: 0x0000000080000150 (0x00F56533) or x10, x10, x15                          rvtest_init+336
x10 <- 0x0000000000000001

mem[X,0x0000000080000154] -> 0x5593
mem[X,0x0000000080000156] -> 0x0075
[85] [M]: 0x0000000080000154 (0x00755593) srli x11, x10, 0x7                        rvtest_init+340
x11 <- 0x0000000000000000

clint mtime 0x000000000000002B (mip.MTI <- 0b1, mip.STI <- 0b0)
mem[X,0x0000000080000158] -> 0x5793
mem[X,0x000000008000015A] -> 0x0395
[86] [M]: 0x0000000080000158 (0x03955793) srli x15, x10, 0x39                       rvtest_init+344
x15 <- 0x0000000000000000

mem[X,0x000000008000015C] -> 0xE5B3
mem[X,0x000000008000015E] -> 0x00F5
[87] [M]: 0x000000008000015C (0x00F5E5B3) or x11, x11, x15                          rvtest_init+348
x11 <- 0x0000000000000000

clint mtime 0x000000000000002C (mip.MTI <- 0b1, mip.STI <- 0b0)
mem[X,0x0000000080000160] -> 0xD613
mem[X,0x0000000080000162] -> 0x0075
[88] [M]: 0x0000000080000160 (0x0075D613) srli x12, x11, 0x7                        rvtest_init+352
x12 <- 0x0000000000000000

mem[X,0x0000000080000164] -> 0xD793
mem[X,0x0000000080000166] -> 0x0395
[89] [M]: 0x0000000080000164 (0x0395D793) srli x15, x11, 0x39                       rvtest_init+356
x15 <- 0x0000000000000000

clint mtime 0x000000000000002D (mip.MTI <- 0b1, mip.STI <- 0b0)
mem[X,0x0000000080000168] -> 0x6633
mem[X,0x000000008000016A] -> 0x00F6
[90] [M]: 0x0000000080000168 (0x00F66633) or x12, x12, x15                          rvtest_init+360
x12 <- 0x0000000000000000

mem[X,0x000000008000016C] -> 0x5693
mem[X,0x000000008000016E] -> 0x0076
[91] [M]: 0x000000008000016C (0x00765693) srli x13, x12, 0x7                        rvtest_init+364
x13 <- 0x0000000000000000

clint mtime 0x000000000000002E (mip.MTI <- 0b1, mip.STI <- 0b0)
mem[X,0x0000000080000170] -> 0x5793
mem[X,0x0000000080000172] -> 0x0396
[92] [M]: 0x0000000080000170 (0x03965793) srli x15, x12, 0x39                       rvtest_init+368
x15 <- 0x0000000000000000

mem[X,0x0000000080000174] -> 0xE6B3
mem[X,0x0000000080000176] -> 0x00F6
[93] [M]: 0x0000000080000174 (0x00F6E6B3) or x13, x13, x15                          rvtest_init+372
x13 <- 0x0000000000000000

clint mtime 0x000000000000002F (mip.MTI <- 0b1, mip.STI <- 0b0)
mem[X,0x0000000080000178] -> 0x0013
mem[X,0x000000008000017A] -> 0x0000
[94] [M]: 0x0000000080000178 (0x00000013) addi x0, x0, 0x0                          rvtest_code_begin+0

mem[X,0x000000008000017C] -> 0x0013
mem[X,0x000000008000017E] -> 0x0000
[95] [M]: 0x000000008000017C (0x00000013) addi x0, x0, 0x0                          rvtest_code_begin+4

clint mtime 0x0000000000000030 (mip.MTI <- 0b1, mip.STI <- 0b0)
mem[X,0x0000000080000180] -> 0x3197
mem[X,0x0000000080000182] -> 0x0000
[96] [M]: 0x0000000080000180 (0x00003197) auipc x3, 0x3                             rvtest_code_begin+8
x3 <- 0x0000000080003180

mem[X,0x0000000080000184] -> 0x8193
mem[X,0x0000000080000186] -> 0x1981
[97] [M]: 0x0000000080000184 (0x19818193) addi x3, x3, 0x198                        rvtest_code_begin+12
x3 <- 0x0000000080003318

clint mtime 0x0000000000000031 (mip.MTI <- 0b1, mip.STI <- 0b0)
mem[X,0x0000000080000188] -> 0x0013
mem[X,0x000000008000018A] -> 0x0000
[98] [M]: 0x0000000080000188 (0x00000013) addi x0, x0, 0x0                          rvtest_code_begin+16

mem[X,0x000000008000018C] -> 0x0013
mem[X,0x000000008000018E] -> 0x0000
[99] [M]: 0x000000008000018C (0x00000013) addi x0, x0, 0x0                          rvtest_code_begin+20

clint mtime 0x0000000000000032 (mip.MTI <- 0b1, mip.STI <- 0b0)
mem[X,0x0000000080000190] -> 0x0013
mem[X,0x0000000080000192] -> 0x0000
[100] [M]: 0x0000000080000190 (0x00000013) addi x0, x0, 0x0                         rvtest_code_begin+24

mem[X,0x0000000080000194] -> 0x0013
mem[X,0x0000000080000196] -> 0x0000
[101] [M]: 0x0000000080000194 (0x00000013) addi x0, x0, 0x0                         rvtest_code_begin+28

clint mtime 0x0000000000000033 (mip.MTI <- 0b1, mip.STI <- 0b0)
mem[X,0x0000000080000198] -> 0x0013
mem[X,0x000000008000019A] -> 0x0000
[102] [M]: 0x0000000080000198 (0x00000013) addi x0, x0, 0x0                         rvtest_code_begin+32

mem[X,0x000000008000019C] -> 0x0013
mem[X,0x000000008000019E] -> 0x0000
[103] [M]: 0x000000008000019C (0x00000013) addi x0, x0, 0x0                         rvtest_code_begin+36

clint mtime 0x0000000000000034 (mip.MTI <- 0b1, mip.STI <- 0b0)
mem[X,0x00000000800001A0] -> 0x0293
mem[X,0x00000000800001A2] -> 0xEFF0
[104] [M]: 0x00000000800001A0 (0xEFF00293) addi x5, x0, -0x101                      inst_0+0
x5 <- 0xFFFFFFFFFFFFFEFF

mem[X,0x00000000800001A4] -> 0x9013
mem[X,0x00000000800001A6] -> 0x00F2
[105] [M]: 0x00000000800001A4 (0x00F29013) slli x0, x5, 0xf                         inst_0+4

clint mtime 0x0000000000000035 (mip.MTI <- 0b1, mip.STI <- 0b0)
mem[X,0x00000000800001A8] -> 0xB023
mem[X,0x00000000800001AA] -> 0x0001
[106] [M]: 0x00000000800001A8 (0x0001B023) sd x0, 0x0(x3)                           inst_0+8
mem[W,0x0000000080003318] <- 0x0000000000000000

mem[X,0x00000000800001AC] -> 0x0413
mem[X,0x00000000800001AE] -> 0x0040
[107] [M]: 0x00000000800001AC (0x00400413) addi x8, x0, 0x4                         inst_1+0
x8 <- 0x0000000000000004

clint mtime 0x0000000000000036 (mip.MTI <- 0b1, mip.STI <- 0b0)
mem[X,0x00000000800001B0] -> 0x1013
mem[X,0x00000000800001B2] -> 0x00E4
[108] [M]: 0x00000000800001B0 (0x00E41013) slli x0, x8, 0xe                         inst_1+4

mem[X,0x00000000800001B4] -> 0xB423
mem[X,0x00000000800001B6] -> 0x0001
[109] [M]: 0x00000000800001B4 (0x0001B423) sd x0, 0x8(x3)                           inst_1+8
mem[W,0x0000000080003320] <- 0x0000000000000000

clint mtime 0x0000000000000037 (mip.MTI <- 0b1, mip.STI <- 0b0)
mem[X,0x00000000800001B8] -> 0x0E93
mem[X,0x00000000800001BA] -> 0xFF70
[110] [M]: 0x00000000800001B8 (0xFF700E93) addi x29, x0, -0x9                       inst_2+0
x29 <- 0xFFFFFFFFFFFFFFF7

mem[X,0x00000000800001BC] -> 0x9013
mem[X,0x00000000800001BE] -> 0x000E
[111] [M]: 0x00000000800001BC (0x000E9013) slli x0, x29, 0x0                        inst_2+4

clint mtime 0x0000000000000038 (mip.MTI <- 0b1, mip.STI <- 0b0)
mem[X,0x00000000800001C0] -> 0xB823
mem[X,0x00000000800001C2] -> 0x0001
[112] [M]: 0x00000000800001C0 (0x0001B823) sd x0, 0x10(x3)                          inst_2+8
mem[W,0x0000000080003328] <- 0x0000000000000000

mem[X,0x00000000800001C4] -> 0x0E13
mem[X,0x00000000800001C6] -> 0x0040
[113] [M]: 0x00000000800001C4 (0x00400E13) addi x28, x0, 0x4                        inst_3+0
x28 <- 0x0000000000000004

clint mtime 0x0000000000000039 (mip.MTI <- 0b1, mip.STI <- 0b0)
mem[X,0x00000000800001C8] -> 0x1013
mem[X,0x00000000800001CA] -> 0x000E
[114] [M]: 0x00000000800001C8 (0x000E1013) slli x0, x28, 0x0                        inst_3+4

mem[X,0x00000000800001CC] -> 0xBC23
mem[X,0x00000000800001CE] -> 0x0001
[115] [M]: 0x00000000800001CC (0x0001BC23) sd x0, 0x18(x3)                          inst_3+8
mem[W,0x0000000080003330] <- 0x0000000000000000

clint mtime 0x000000000000003A (mip.MTI <- 0b1, mip.STI <- 0b0)
mem[X,0x00000000800001D0] -> 0x0793
mem[X,0x00000000800001D2] -> 0x0010
[116] [M]: 0x00000000800001D0 (0x00100793) addi x15, x0, 0x1                        inst_4+0
x15 <- 0x0000000000000001

mem[X,0x00000000800001D4] -> 0x9793
mem[X,0x00000000800001D6] -> 0x01D7
[117] [M]: 0x00000000800001D4 (0x01D79793) slli x15, x15, 0x1d                      inst_4+4
x15 <- 0x0000000020000000

clint mtime 0x000000000000003B (mip.MTI <- 0b1, mip.STI <- 0b0)
mem[X,0x00000000800001D8] -> 0xC793
mem[X,0x00000000800001DA] -> 0xFFF7
[118] [M]: 0x00000000800001D8 (0xFFF7C793) xori x15, x15, -0x1                      inst_4+8
x15 <- 0xFFFFFFFFDFFFFFFF

mem[X,0x00000000800001DC] -> 0x9013
mem[X,0x00000000800001DE] -> 0x03F7
[119] [M]: 0x00000000800001DC (0x03F79013) slli x0, x15, 0x3f                       inst_4+12

clint mtime 0x000000000000003C (mip.MTI <- 0b1, mip.STI <- 0b0)
mem[X,0x00000000800001E0] -> 0xB023
mem[X,0x00000000800001E2] -> 0x0201
[120] [M]: 0x00000000800001E0 (0x0201B023) sd x0, 0x20(x3)                          inst_4+16
mem[W,0x0000000080003338] <- 0x0000000000000000

mem[X,0x00000000800001E4] -> 0x0993
mem[X,0x00000000800001E6] -> 0x0010
[121] [M]: 0x00000000800001E4 (0x00100993) addi x19, x0, 0x1                        inst_5+0
x19 <- 0x0000000000000001

clint mtime 0x000000000000003D (mip.MTI <- 0b1, mip.STI <- 0b0)
mem[X,0x00000000800001E8] -> 0x9993
mem[X,0x00000000800001EA] -> 0x0349
[122] [M]: 0x00000000800001E8 (0x03499993) slli x19, x19, 0x34                      inst_5+4
x19 <- 0x0010000000000000

mem[X,0x00000000800001EC] -> 0x9013
mem[X,0x00000000800001EE] -> 0x03F9
[123] [M]: 0x00000000800001EC (0x03F99013) slli x0, x19, 0x3f                       inst_5+8

clint mtime 0x000000000000003E (mip.MTI <- 0b1, mip.STI <- 0b0)
mem[X,0x00000000800001F0] -> 0xB423
mem[X,0x00000000800001F2] -> 0x0201
[124] [M]: 0x00000000800001F0 (0x0201B423) sd x0, 0x28(x3)                          inst_5+12
mem[W,0x0000000080003340] <- 0x0000000000000000

mem[X,0x00000000800001F4] -> 0x0B13
mem[X,0x00000000800001F6] -> 0x0020
[125] [M]: 0x00000000800001F4 (0x00200B13) addi x22, x0, 0x2                        inst_6+0
x22 <- 0x0000000000000002

clint mtime 0x000000000000003F (mip.MTI <- 0b1, mip.STI <- 0b0)
mem[X,0x00000000800001F8] -> 0x1013
mem[X,0x00000000800001FA] -> 0x002B
[126] [M]: 0x00000000800001F8 (0x002B1013) slli x0, x22, 0x2                        inst_6+4

mem[X,0x00000000800001FC] -> 0xB823
mem[X,0x00000000800001FE] -> 0x0201
[127] [M]: 0x00000000800001FC (0x0201B823) sd x0, 0x30(x3)                          inst_6+8
mem[W,0x0000000080003348] <- 0x0000000000000000

clint mtime 0x0000000000000040 (mip.MTI <- 0b1, mip.STI <- 0b0)
mem[X,0x0000000080000200] -> 0x0313
mem[X,0x0000000080000202] -> 0xFFF0
[128] [M]: 0x0000000080000200 (0xFFF00313) addi x6, x0, -0x1                        inst_7+0
x6 <- 0xFFFFFFFFFFFFFFFF

mem[X,0x0000000080000204] -> 0x1313
mem[X,0x0000000080000206] -> 0x03F3
[129] [M]: 0x0000000080000204 (0x03F31313) slli x6, x6, 0x3f                        inst_7+4
x6 <- 0x8000000000000000

clint mtime 0x0000000000000041 (mip.MTI <- 0b1, mip.STI <- 0b0)
mem[X,0x0000000080000208] -> 0x1013
mem[X,0x000000008000020A] -> 0x00B3
[130] [M]: 0x0000000080000208 (0x00B31013) slli x0, x6, 0xb                         inst_7+8

mem[X,0x000000008000020C] -> 0xBC23
mem[X,0x000000008000020E] -> 0x0201
[131] [M]: 0x000000008000020C (0x0201BC23) sd x0, 0x38(x3)                          inst_7+12
mem[W,0x0000000080003350] <- 0x0000000000000000

clint mtime 0x0000000000000042 (mip.MTI <- 0b1, mip.STI <- 0b0)
mem[X,0x0000000080000210] -> 0x0D93
mem[X,0x0000000080000212] -> 0x0000
[132] [M]: 0x0000000080000210 (0x00000D93) addi x27, x0, 0x0                        inst_8+0
x27 <- 0x0000000000000000

mem[X,0x0000000080000214] -> 0x9013
mem[X,0x0000000080000216] -> 0x00FD
[133] [M]: 0x0000000080000214 (0x00FD9013) slli x0, x27, 0xf                        inst_8+4

clint mtime 0x0000000000000043 (mip.MTI <- 0b1, mip.STI <- 0b0)
mem[X,0x0000000080000218] -> 0xB023
mem[X,0x000000008000021A] -> 0x0401
[134] [M]: 0x0000000080000218 (0x0401B023) sd x0, 0x40(x3)                          inst_8+8
mem[W,0x0000000080003358] <- 0x0000000000000000

mem[X,0x000000008000021C] -> 0x0B93
mem[X,0x000000008000021E] -> 0xFFF0
[135] [M]: 0x000000008000021C (0xFFF00B93) addi x23, x0, -0x1                       inst_9+0
x23 <- 0xFFFFFFFFFFFFFFFF

clint mtime 0x0000000000000044 (mip.MTI <- 0b1, mip.STI <- 0b0)
mem[X,0x0000000080000220] -> 0xDB93
mem[X,0x0000000080000222] -> 0x001B
[136] [M]: 0x0000000080000220 (0x001BDB93) srli x23, x23, 0x1                       inst_9+4
x23 <- 0x7FFFFFFFFFFFFFFF

mem[X,0x0000000080000224] -> 0x9013
mem[X,0x0000000080000226] -> 0x007B
[137] [M]: 0x0000000080000224 (0x007B9013) slli x0, x23, 0x7                        inst_9+8

clint mtime 0x0000000000000045 (mip.MTI <- 0b1, mip.STI <- 0b0)
mem[X,0x0000000080000228] -> 0xB423
mem[X,0x000000008000022A] -> 0x0401
[138] [M]: 0x0000000080000228 (0x0401B423) sd x0, 0x48(x3)                          inst_9+12
mem[W,0x0000000080003360] <- 0x0000000000000000

mem[X,0x000000008000022C] -> 0x0713
mem[X,0x000000008000022E] -> 0x0010
[139] [M]: 0x000000008000022C (0x00100713) addi x14, x0, 0x1                        inst_10+0
x14 <- 0x0000000000000001

clint mtime 0x0000000000000046 (mip.MTI <- 0b1, mip.STI <- 0b0)
mem[X,0x0000000080000230] -> 0x1013
mem[X,0x0000000080000232] -> 0x03B7
[140] [M]: 0x0000000080000230 (0x03B71013) slli x0, x14, 0x3b                       inst_10+4

mem[X,0x0000000080000234] -> 0xB823
mem[X,0x0000000080000236] -> 0x0401
[141] [M]: 0x0000000080000234 (0x0401B823) sd x0, 0x50(x3)                          inst_10+8
mem[W,0x0000000080003368] <- 0x0000000000000000

clint mtime 0x0000000000000047 (mip.MTI <- 0b1, mip.STI <- 0b0)
mem[X,0x0000000080000238] -> 0x0D13
mem[X,0x000000008000023A] -> 0x0080
[142] [M]: 0x0000000080000238 (0x00800D13) addi x26, x0, 0x8                        inst_11+0
x26 <- 0x0000000000000008

mem[X,0x000000008000023C] -> 0x1013
mem[X,0x000000008000023E] -> 0x02FD
[143] [M]: 0x000000008000023C (0x02FD1013) slli x0, x26, 0x2f                       inst_11+4

clint mtime 0x0000000000000048 (mip.MTI <- 0b1, mip.STI <- 0b0)
mem[X,0x0000000080000240] -> 0xBC23
mem[X,0x0000000080000242] -> 0x0401
[144] [M]: 0x0000000080000240 (0x0401BC23) sd x0, 0x58(x3)                          inst_11+8
mem[W,0x0000000080003370] <- 0x0000000000000000

mem[X,0x0000000080000244] -> 0x0393
mem[X,0x0000000080000246] -> 0x0100
[145] [M]: 0x0000000080000244 (0x01000393) addi x7, x0, 0x10                        inst_12+0
x7 <- 0x0000000000000010

clint mtime 0x0000000000000049 (mip.MTI <- 0b1, mip.STI <- 0b0)
mem[X,0x0000000080000248] -> 0x9013
mem[X,0x000000008000024A] -> 0x00E3
[146] [M]: 0x0000000080000248 (0x00E39013) slli x0, x7, 0xe                         inst_12+4

mem[X,0x000000008000024C] -> 0xB023
mem[X,0x000000008000024E] -> 0x0601
[147] [M]: 0x000000008000024C (0x0601B023) sd x0, 0x60(x3)                          inst_12+8
mem[W,0x0000000080003378] <- 0x0000000000000000

clint mtime 0x000000000000004A (mip.MTI <- 0b1, mip.STI <- 0b0)
mem[X,0x0000000080000250] -> 0x0F13
mem[X,0x0000000080000252] -> 0x0200
[148] [M]: 0x0000000080000250 (0x02000F13) addi x30, x0, 0x20                       inst_13+0
x30 <- 0x0000000000000020

mem[X,0x0000000080000254] -> 0x1013
mem[X,0x0000000080000256] -> 0x005F
[149] [M]: 0x0000000080000254 (0x005F1013) slli x0, x30, 0x5                        inst_13+4

clint mtime 0x000000000000004B (mip.MTI <- 0b1, mip.STI <- 0b0)
mem[X,0x0000000080000258] -> 0xB423
mem[X,0x000000008000025A] -> 0x0601
[150] [M]: 0x0000000080000258 (0x0601B423) sd x0, 0x68(x3)                          inst_13+8
mem[W,0x0000000080003380] <- 0x0000000000000000

mem[X,0x000000008000025C] -> 0x0C13
mem[X,0x000000008000025E] -> 0x0400
[151] [M]: 0x000000008000025C (0x04000C13) addi x24, x0, 0x40                       inst_14+0
x24 <- 0x0000000000000040

clint mtime 0x000000000000004C (mip.MTI <- 0b1, mip.STI <- 0b0)
mem[X,0x0000000080000260] -> 0x1013
mem[X,0x0000000080000262] -> 0x02FC
[152] [M]: 0x0000000080000260 (0x02FC1013) slli x0, x24, 0x2f                       inst_14+4

mem[X,0x0000000080000264] -> 0xB823
mem[X,0x0000000080000266] -> 0x0601
[153] [M]: 0x0000000080000264 (0x0601B823) sd x0, 0x70(x3)                          inst_14+8
mem[W,0x0000000080003388] <- 0x0000000000000000

clint mtime 0x000000000000004D (mip.MTI <- 0b1, mip.STI <- 0b0)
mem[X,0x0000000080000268] -> 0x0213
mem[X,0x000000008000026A] -> 0x0800
[154] [M]: 0x0000000080000268 (0x08000213) addi x4, x0, 0x80                        inst_15+0
x4 <- 0x0000000000000080

mem[X,0x000000008000026C] -> 0x1013
mem[X,0x000000008000026E] -> 0x0122
[155] [M]: 0x000000008000026C (0x01221013) slli x0, x4, 0x12                        inst_15+4

clint mtime 0x000000000000004E (mip.MTI <- 0b1, mip.STI <- 0b0)
mem[X,0x0000000080000270] -> 0xBC23
mem[X,0x0000000080000272] -> 0x0601
[156] [M]: 0x0000000080000270 (0x0601BC23) sd x0, 0x78(x3)                          inst_15+8
mem[W,0x0000000080003390] <- 0x0000000000000000

mem[X,0x0000000080000274] -> 0x0013
mem[X,0x0000000080000276] -> 0x0000
[157] [M]: 0x0000000080000274 (0x00000013) addi x0, x0, 0x0                         inst_15+12

clint mtime 0x000000000000004F (mip.MTI <- 0b1, mip.STI <- 0b0)
mem[X,0x0000000080000278] -> 0x0013
mem[X,0x000000008000027A] -> 0x0000
[158] [M]: 0x0000000080000278 (0x00000013) addi x0, x0, 0x0                         inst_15+16

mem[X,0x000000008000027C] -> 0x0013
mem[X,0x000000008000027E] -> 0x0000
[159] [M]: 0x000000008000027C (0x00000013) addi x0, x0, 0x0                         inst_15+20

clint mtime 0x0000000000000050 (mip.MTI <- 0b1, mip.STI <- 0b0)
mem[X,0x0000000080000280] -> 0x3F17
mem[X,0x0000000080000282] -> 0x0000
[160] [M]: 0x0000000080000280 (0x00003F17) auipc x30, 0x3                           inst_15+24
x30 <- 0x0000000080003280

mem[X,0x0000000080000284] -> 0x0F13
mem[X,0x0000000080000286] -> 0x298F
[161] [M]: 0x0000000080000284 (0x298F0F13) addi x30, x30, 0x298                     inst_15+28
x30 <- 0x0000000080003518

clint mtime 0x0000000000000051 (mip.MTI <- 0b1, mip.STI <- 0b0)
mem[X,0x0000000080000288] -> 0x0001
[162] [M]: 0x0000000080000288 (0x0001) c.nop                                        inst_15+32

mem[X,0x000000008000028A] -> 0x0013
mem[X,0x000000008000028C] -> 0x0000
[163] [M]: 0x000000008000028A (0x00000013) addi x0, x0, 0x0                         inst_15+34

clint mtime 0x0000000000000052 (mip.MTI <- 0b1, mip.STI <- 0b0)
mem[X,0x000000008000028E] -> 0x0013
mem[X,0x0000000080000290] -> 0x0000
[164] [M]: 0x000000008000028E (0x00000013) addi x0, x0, 0x0                         inst_15+38

mem[X,0x0000000080000292] -> 0x0013
mem[X,0x0000000080000294] -> 0x0000
[165] [M]: 0x0000000080000292 (0x00000013) addi x0, x0, 0x0                         inst_15+42

clint mtime 0x0000000000000053 (mip.MTI <- 0b1, mip.STI <- 0b0)
mem[X,0x0000000080000296] -> 0x0013
mem[X,0x0000000080000298] -> 0x0000
[166] [M]: 0x0000000080000296 (0x00000013) addi x0, x0, 0x0                         inst_15+46

mem[X,0x000000008000029A] -> 0x0013
mem[X,0x000000008000029C] -> 0x0000
[167] [M]: 0x000000008000029A (0x00000013) addi x0, x0, 0x0                         inst_15+50

clint mtime 0x0000000000000054 (mip.MTI <- 0b1, mip.STI <- 0b0)
mem[X,0x000000008000029E] -> 0x0001
[168] [M]: 0x000000008000029E (0x0001) c.nop                                        inst_15+54

mem[X,0x00000000800002A0] -> 0x3023
mem[X,0x00000000800002A2] -> 0x001F
[169] [M]: 0x00000000800002A0 (0x001F3023) sd x1, 0x0(x30)                          inst_15+56
mem[W,0x0000000080003518] <- 0xFEEDBEADFEEDBEAD

clint mtime 0x0000000000000055 (mip.MTI <- 0b1, mip.STI <- 0b0)
mem[X,0x00000000800002A4] -> 0x3423
mem[X,0x00000000800002A6] -> 0x002F
[170] [M]: 0x00000000800002A4 (0x002F3423) sd x2, 0x8(x30)                          inst_15+60
mem[W,0x0000000080003520] <- 0x01FDDB7D5BFDDB7F

mem[X,0x00000000800002A8] -> 0x3823
mem[X,0x00000000800002AA] -> 0x004F
[171] [M]: 0x00000000800002A8 (0x004F3823) sd x4, 0x10(x30)                         inst_15+64
mem[W,0x0000000080003528] <- 0x0000000000000080

clint mtime 0x0000000000000056 (mip.MTI <- 0b1, mip.STI <- 0b0)
mem[X,0x00000000800002AC] -> 0x3C23
mem[X,0x00000000800002AE] -> 0x005F
[172] [M]: 0x00000000800002AC (0x005F3C23) sd x5, 0x18(x30)                         inst_15+68
mem[W,0x0000000080003530] <- 0xFFFFFFFFFFFFFEFF

mem[X,0x00000000800002B0] -> 0x3023
mem[X,0x00000000800002B2] -> 0x026F
[173] [M]: 0x00000000800002B0 (0x026F3023) sd x6, 0x20(x30)                         inst_15+72
mem[W,0x0000000080003538] <- 0x8000000000000000

clint mtime 0x0000000000000057 (mip.MTI <- 0b1, mip.STI <- 0b0)
mem[X,0x00000000800002B4] -> 0x3423
mem[X,0x00000000800002B6] -> 0x027F
[174] [M]: 0x00000000800002B4 (0x027F3423) sd x7, 0x28(x30)                         inst_15+76
mem[W,0x0000000080003540] <- 0x0000000000000010

mem[X,0x00000000800002B8] -> 0x3823
mem[X,0x00000000800002BA] -> 0x028F
[175] [M]: 0x00000000800002B8 (0x028F3823) sd x8, 0x30(x30)                         inst_15+80
mem[W,0x0000000080003548] <- 0x0000000000000004

clint mtime 0x0000000000000058 (mip.MTI <- 0b1, mip.STI <- 0b0)
mem[X,0x00000000800002BC] -> 0x3C23
mem[X,0x00000000800002BE] -> 0x029F
[176] [M]: 0x00000000800002BC (0x029F3C23) sd x9, 0x38(x30)                         inst_15+84
mem[W,0x0000000080003550] <- 0x00000000000000FE

mem[X,0x00000000800002C0] -> 0x3023
mem[X,0x00000000800002C2] -> 0x04AF
[177] [M]: 0x00000000800002C0 (0x04AF3023) sd x10, 0x40(x30)                        inst_15+88
mem[W,0x0000000080003558] <- 0x0000000000000001

clint mtime 0x0000000000000059 (mip.MTI <- 0b1, mip.STI <- 0b0)
mem[X,0x00000000800002C4] -> 0x3423
mem[X,0x00000000800002C6] -> 0x04BF
[178] [M]: 0x00000000800002C4 (0x04BF3423) sd x11, 0x48(x30)                        inst_15+92
mem[W,0x0000000080003560] <- 0x0000000000000000

mem[X,0x00000000800002C8] -> 0x3823
mem[X,0x00000000800002CA] -> 0x04CF
[179] [M]: 0x00000000800002C8 (0x04CF3823) sd x12, 0x50(x30)                        inst_15+96
mem[W,0x0000000080003568] <- 0x0000000000000000

clint mtime 0x000000000000005A (mip.MTI <- 0b1, mip.STI <- 0b0)
mem[X,0x00000000800002CC] -> 0x3C23
mem[X,0x00000000800002CE] -> 0x04DF
[180] [M]: 0x00000000800002CC (0x04DF3C23) sd x13, 0x58(x30)                        inst_15+100
mem[W,0x0000000080003570] <- 0x0000000000000000

mem[X,0x00000000800002D0] -> 0x3023
mem[X,0x00000000800002D2] -> 0x06EF
[181] [M]: 0x00000000800002D0 (0x06EF3023) sd x14, 0x60(x30)                        inst_15+104
mem[W,0x0000000080003578] <- 0x0000000000000001

clint mtime 0x000000000000005B (mip.MTI <- 0b1, mip.STI <- 0b0)
mem[X,0x00000000800002D4] -> 0x3423
mem[X,0x00000000800002D6] -> 0x06FF
[182] [M]: 0x00000000800002D4 (0x06FF3423) sd x15, 0x68(x30)                        inst_15+108
mem[W,0x0000000080003580] <- 0xFFFFFFFFDFFFFFFF

mem[X,0x00000000800002D8] -> 0x3823
mem[X,0x00000000800002DA] -> 0x070F
[183] [M]: 0x00000000800002D8 (0x070F3823) sd x16, 0x70(x30)                        inst_15+112
mem[W,0x0000000080003588] <- 0x7D5BFDDB7D5BFDDB

clint mtime 0x000000000000005C (mip.MTI <- 0b1, mip.STI <- 0b0)
mem[X,0x00000000800002DC] -> 0x3C23
mem[X,0x00000000800002DE] -> 0x071F
[184] [M]: 0x00000000800002DC (0x071F3C23) sd x17, 0x78(x30)                        inst_15+116
mem[W,0x0000000080003590] <- 0x00FAB7FBB6FAB7FF

mem[X,0x00000000800002E0] -> 0x3023
mem[X,0x00000000800002E2] -> 0x092F
[185] [M]: 0x00000000800002E0 (0x092F3023) sd x18, 0x80(x30)                        inst_15+120
mem[W,0x0000000080003598] <- 0x0001F56FF76DF56F

clint mtime 0x000000000000005D (mip.MTI <- 0b1, mip.STI <- 0b0)
mem[X,0x00000000800002E4] -> 0x3423
mem[X,0x00000000800002E6] -> 0x093F
[186] [M]: 0x00000000800002E4 (0x093F3423) sd x19, 0x88(x30)                        inst_15+124
mem[W,0x00000000800035A0] <- 0x0010000000000000

mem[X,0x00000000800002E8] -> 0x3823
mem[X,0x00000000800002EA] -> 0x094F
[187] [M]: 0x00000000800002E8 (0x094F3823) sd x20, 0x90(x30)                        inst_15+128
mem[W,0x00000000800035A8] <- 0x00000007D5BFDDB7

clint mtime 0x000000000000005E (mip.MTI <- 0b1, mip.STI <- 0b0)
mem[X,0x00000000800002EC] -> 0x3C23
mem[X,0x00000000800002EE] -> 0x095F
[188] [M]: 0x00000000800002EC (0x095F3C23) sd x21, 0x98(x30)                        inst_15+132
mem[W,0x00000000800035B0] <- 0x000000000FAB7FBB

mem[X,0x00000000800002F0] -> 0x3023
mem[X,0x00000000800002F2] -> 0x0B6F
[189] [M]: 0x00000000800002F0 (0x0B6F3023) sd x22, 0xa0(x30)                        inst_15+136
mem[W,0x00000000800035B8] <- 0x0000000000000002

clint mtime 0x000000000000005F (mip.MTI <- 0b1, mip.STI <- 0b0)
mem[X,0x00000000800002F4] -> 0x3423
mem[X,0x00000000800002F6] -> 0x0B7F
[190] [M]: 0x00000000800002F4 (0x0B7F3423) sd x23, 0xa8(x30)                        inst_15+140
mem[W,0x00000000800035C0] <- 0x7FFFFFFFFFFFFFFF

mem[X,0x00000000800002F8] -> 0x3823
mem[X,0x00000000800002FA] -> 0x0B8F
[191] [M]: 0x00000000800002F8 (0x0B8F3823) sd x24, 0xb0(x30)                        inst_15+144
mem[W,0x00000000800035C8] <- 0x0000000000000040

clint mtime 0x0000000000000060 (mip.MTI <- 0b1, mip.STI <- 0b0)
mem[X,0x00000000800002FC] -> 0x3C23
mem[X,0x00000000800002FE] -> 0x0B9F
[192] [M]: 0x00000000800002FC (0x0B9F3C23) sd x25, 0xb8(x30)                        inst_15+148
mem[W,0x00000000800035D0] <- 0x0000000000000000

mem[X,0x0000000080000300] -> 0x3023
mem[X,0x0000000080000302] -> 0x0DAF
[193] [M]: 0x0000000080000300 (0x0DAF3023) sd x26, 0xc0(x30)                        inst_15+152
mem[W,0x00000000800035D8] <- 0x0000000000000008

clint mtime 0x0000000000000061 (mip.MTI <- 0b1, mip.STI <- 0b0)
mem[X,0x0000000080000304] -> 0x3423
mem[X,0x0000000080000306] -> 0x0DBF
[194] [M]: 0x0000000080000304 (0x0DBF3423) sd x27, 0xc8(x30)                        inst_15+156
mem[W,0x00000000800035E0] <- 0x0000000000000000

mem[X,0x0000000080000308] -> 0x3823
mem[X,0x000000008000030A] -> 0x0DCF
[195] [M]: 0x0000000080000308 (0x0DCF3823) sd x28, 0xd0(x30)                        inst_15+160
mem[W,0x00000000800035E8] <- 0x0000000000000004

clint mtime 0x0000000000000062 (mip.MTI <- 0b1, mip.STI <- 0b0)
mem[X,0x000000008000030C] -> 0x3C23
mem[X,0x000000008000030E] -> 0x0DDF
[196] [M]: 0x000000008000030C (0x0DDF3C23) sd x29, 0xd8(x30)                        inst_15+164
mem[W,0x00000000800035F0] <- 0xFFFFFFFFFFFFFFF7

mem[X,0x0000000080000310] -> 0x006F
mem[X,0x0000000080000312] -> 0x0380
[197] [M]: 0x0000000080000310 (0x0380006F) jal x0, 0x38                             rvtest_code_end+0

clint mtime 0x0000000000000063 (mip.MTI <- 0b1, mip.STI <- 0b0)
mem[X,0x0000000080000348] -> 0x0093
mem[X,0x000000008000034A] -> 0x0010
[198] [M]: 0x0000000080000348 (0x00100093) addi x1, x0, 0x1                         exit_cleanup+0
x1 <- 0x0000000000000001

mem[X,0x000000008000034C] -> 0x1397
mem[X,0x000000008000034E] -> 0x0000
[199] [M]: 0x000000008000034C (0x00001397) auipc x7, 0x1                            exit_cleanup+4
x7 <- 0x000000008000134C

clint mtime 0x0000000000000064 (mip.MTI <- 0b1, mip.STI <- 0b0)
mem[X,0x0000000080000350] -> 0xAA23
mem[X,0x0000000080000352] -> 0xCA13
[200] [M]: 0x0000000080000350 (0xCA13AA23) sw x1, -0x34c(x7)                        exit_cleanup+8
htif[0x0000000080001000] <- 0x00000001
mem[W,0x0000000080001000] <- 0x00000001

mem[X,0x0000000080000354] -> 0xF06F
mem[X,0x0000000080000356] -> 0xFF9F
[201] [M]: 0x0000000080000354 (0xFF9FF06F) jal x0, -0x8                             exit_cleanup+12

clint mtime 0x0000000000000065 (mip.MTI <- 0b1, mip.STI <- 0b0)
mem[X,0x000000008000034C] -> 0x1397
mem[X,0x000000008000034E] -> 0x0000
[202] [M]: 0x000000008000034C (0x00001397) auipc x7, 0x1                            exit_cleanup+4
x7 <- 0x000000008000134C

mem[X,0x0000000080000350] -> 0xAA23
mem[X,0x0000000080000352] -> 0xCA13
[203] [M]: 0x0000000080000350 (0xCA13AA23) sw x1, -0x34c(x7)                        exit_cleanup+8
htif[0x0000000080001000] <- 0x00000001
mem[W,0x0000000080001000] <- 0x00000001

clint mtime 0x0000000000000066 (mip.MTI <- 0b1, mip.STI <- 0b0)
mem[X,0x0000000080000354] -> 0xF06F
mem[X,0x0000000080000356] -> 0xFF9F
[204] [M]: 0x0000000080000354 (0xFF9FF06F) jal x0, -0x8                             exit_cleanup+12

mem[X,0x000000008000034C] -> 0x1397
mem[X,0x000000008000034E] -> 0x0000
[205] [M]: 0x000000008000034C (0x00001397) auipc x7, 0x1                            exit_cleanup+4
x7 <- 0x000000008000134C

clint mtime 0x0000000000000067 (mip.MTI <- 0b1, mip.STI <- 0b0)
mem[X,0x0000000080000350] -> 0xAA23
mem[X,0x0000000080000352] -> 0xCA13
[206] [M]: 0x0000000080000350 (0xCA13AA23) sw x1, -0x34c(x7)                        exit_cleanup+8
htif[0x0000000080001000] <- 0x00000001
htif-syscall-proxy cmd: 0x000000000001
mem[W,0x0000000080001000] <- 0x00000001

SUCCESS
