using /opt/riscv-arch-test/riscof-plugins/rv64/riscof_work/C/src/caddi-01.S/ref/Reference-sail_c_simulator.signature for test-signature output.
setting signature-granularity to 8 bytes
HTIF located at 0x80003000
begin_signature: 0x80005110
end_signature: 0x80005ee0
Entry point: 0x80000000
CSR mstatus (0x300) <- 0x0000000A00000000
CSR misa (0x301) <- 0x800000000034112F
CSR mcause (0x342) <- 0x0000000000000000
x10 <- 0x0000000000000000
x11 <- 0x0000000000001000
mem[X,0x0000000080000000] -> 0x0837
mem[X,0x0000000080000002] -> 0x7D5C
[0] [M]: 0x0000000080000000 (0x7D5C0837) lui x16, 0x7d5c0                           rvtest_init+0
x16 <- 0x000000007D5C0000

mem[X,0x0000000080000004] -> 0x0813
mem[X,0x0000000080000006] -> 0xDDB8
[1] [M]: 0x0000000080000004 (0xDDB80813) addi x16, x16, -0x225                      rvtest_init+4
x16 <- 0x000000007D5BFDDB

clint mtime 0x0000000000000001 (mip.MTI <- 0b1, mip.STI <- 0b0)
mem[X,0x0000000080000008] -> 0x1813
mem[X,0x000000008000000A] -> 0x00B8
[2] [M]: 0x0000000080000008 (0x00B81813) slli x16, x16, 0xb                         rvtest_init+8
x16 <- 0x000003EADFEED800

mem[X,0x000000008000000C] -> 0x0813
mem[X,0x000000008000000E] -> 0x3EA8
[3] [M]: 0x000000008000000C (0x3EA80813) addi x16, x16, 0x3ea                       rvtest_init+12
x16 <- 0x000003EADFEEDBEA

clint mtime 0x0000000000000002 (mip.MTI <- 0b1, mip.STI <- 0b0)
mem[X,0x0000000080000010] -> 0x1813
mem[X,0x0000000080000012] -> 0x00B8
[4] [M]: 0x0000000080000010 (0x00B81813) slli x16, x16, 0xb                         rvtest_init+16
x16 <- 0x001F56FF76DF5000

mem[X,0x0000000080000014] -> 0x0813
mem[X,0x0000000080000016] -> 0x6FF8
[5] [M]: 0x0000000080000014 (0x6FF80813) addi x16, x16, 0x6ff                       rvtest_init+20
x16 <- 0x001F56FF76DF56FF

clint mtime 0x0000000000000003 (mip.MTI <- 0b1, mip.STI <- 0b0)
mem[X,0x0000000080000018] -> 0x1813
mem[X,0x000000008000001A] -> 0x00A8
[6] [M]: 0x0000000080000018 (0x00A81813) slli x16, x16, 0xa                         rvtest_init+24
x16 <- 0x7D5BFDDB7D5BFC00

mem[X,0x000000008000001C] -> 0x0813
mem[X,0x000000008000001E] -> 0x1DB8
[7] [M]: 0x000000008000001C (0x1DB80813) addi x16, x16, 0x1db                       rvtest_init+28
x16 <- 0x7D5BFDDB7D5BFDDB

clint mtime 0x0000000000000004 (mip.MTI <- 0b1, mip.STI <- 0b0)
mem[X,0x0000000080000020] -> 0x5893
mem[X,0x0000000080000022] -> 0x0078
[8] [M]: 0x0000000080000020 (0x00785893) srli x17, x16, 0x7                         rvtest_init+32
x17 <- 0x00FAB7FBB6FAB7FB

mem[X,0x0000000080000024] -> 0x5793
mem[X,0x0000000080000026] -> 0x0398
[9] [M]: 0x0000000080000024 (0x03985793) srli x15, x16, 0x39                        rvtest_init+36
x15 <- 0x000000000000003E

clint mtime 0x0000000000000005 (mip.MTI <- 0b1, mip.STI <- 0b0)
mem[X,0x0000000080000028] -> 0xE8B3
mem[X,0x000000008000002A] -> 0x00F8
[10] [M]: 0x0000000080000028 (0x00F8E8B3) or x17, x17, x15                          rvtest_init+40
x17 <- 0x00FAB7FBB6FAB7FF

mem[X,0x000000008000002C] -> 0xD913
mem[X,0x000000008000002E] -> 0x0078
[11] [M]: 0x000000008000002C (0x0078D913) srli x18, x17, 0x7                        rvtest_init+44
x18 <- 0x0001F56FF76DF56F

clint mtime 0x0000000000000006 (mip.MTI <- 0b1, mip.STI <- 0b0)
mem[X,0x0000000080000030] -> 0xD793
mem[X,0x0000000080000032] -> 0x0398
[12] [M]: 0x0000000080000030 (0x0398D793) srli x15, x17, 0x39                       rvtest_init+48
x15 <- 0x0000000000000000

mem[X,0x0000000080000034] -> 0x6933
mem[X,0x0000000080000036] -> 0x00F9
[13] [M]: 0x0000000080000034 (0x00F96933) or x18, x18, x15                          rvtest_init+52
x18 <- 0x0001F56FF76DF56F

clint mtime 0x0000000000000007 (mip.MTI <- 0b1, mip.STI <- 0b0)
mem[X,0x0000000080000038] -> 0x5993
mem[X,0x000000008000003A] -> 0x0079
[14] [M]: 0x0000000080000038 (0x00795993) srli x19, x18, 0x7                        rvtest_init+56
x19 <- 0x000003EADFEEDBEA

mem[X,0x000000008000003C] -> 0x5793
mem[X,0x000000008000003E] -> 0x0399
[15] [M]: 0x000000008000003C (0x03995793) srli x15, x18, 0x39                       rvtest_init+60
x15 <- 0x0000000000000000

clint mtime 0x0000000000000008 (mip.MTI <- 0b1, mip.STI <- 0b0)
mem[X,0x0000000080000040] -> 0xE9B3
mem[X,0x0000000080000042] -> 0x00F9
[16] [M]: 0x0000000080000040 (0x00F9E9B3) or x19, x19, x15                          rvtest_init+64
x19 <- 0x000003EADFEEDBEA

mem[X,0x0000000080000044] -> 0xDA13
mem[X,0x0000000080000046] -> 0x0079
[17] [M]: 0x0000000080000044 (0x0079DA13) srli x20, x19, 0x7                        rvtest_init+68
x20 <- 0x00000007D5BFDDB7

clint mtime 0x0000000000000009 (mip.MTI <- 0b1, mip.STI <- 0b0)
mem[X,0x0000000080000048] -> 0xD793
mem[X,0x000000008000004A] -> 0x0399
[18] [M]: 0x0000000080000048 (0x0399D793) srli x15, x19, 0x39                       rvtest_init+72
x15 <- 0x0000000000000000

mem[X,0x000000008000004C] -> 0x6A33
mem[X,0x000000008000004E] -> 0x00FA
[19] [M]: 0x000000008000004C (0x00FA6A33) or x20, x20, x15                          rvtest_init+76
x20 <- 0x00000007D5BFDDB7

clint mtime 0x000000000000000A (mip.MTI <- 0b1, mip.STI <- 0b0)
mem[X,0x0000000080000050] -> 0x5A93
mem[X,0x0000000080000052] -> 0x007A
[20] [M]: 0x0000000080000050 (0x007A5A93) srli x21, x20, 0x7                        rvtest_init+80
x21 <- 0x000000000FAB7FBB

mem[X,0x0000000080000054] -> 0x5793
mem[X,0x0000000080000056] -> 0x039A
[21] [M]: 0x0000000080000054 (0x039A5793) srli x15, x20, 0x39                       rvtest_init+84
x15 <- 0x0000000000000000

clint mtime 0x000000000000000B (mip.MTI <- 0b1, mip.STI <- 0b0)
mem[X,0x0000000080000058] -> 0xEAB3
mem[X,0x000000008000005A] -> 0x00FA
[22] [M]: 0x0000000080000058 (0x00FAEAB3) or x21, x21, x15                          rvtest_init+88
x21 <- 0x000000000FAB7FBB

mem[X,0x000000008000005C] -> 0xDB13
mem[X,0x000000008000005E] -> 0x007A
[23] [M]: 0x000000008000005C (0x007ADB13) srli x22, x21, 0x7                        rvtest_init+92
x22 <- 0x00000000001F56FF

clint mtime 0x000000000000000C (mip.MTI <- 0b1, mip.STI <- 0b0)
mem[X,0x0000000080000060] -> 0xD793
mem[X,0x0000000080000062] -> 0x039A
[24] [M]: 0x0000000080000060 (0x039AD793) srli x15, x21, 0x39                       rvtest_init+96
x15 <- 0x0000000000000000

mem[X,0x0000000080000064] -> 0x6B33
mem[X,0x0000000080000066] -> 0x00FB
[25] [M]: 0x0000000080000064 (0x00FB6B33) or x22, x22, x15                          rvtest_init+100
x22 <- 0x00000000001F56FF

clint mtime 0x000000000000000D (mip.MTI <- 0b1, mip.STI <- 0b0)
mem[X,0x0000000080000068] -> 0x5B93
mem[X,0x000000008000006A] -> 0x007B
[26] [M]: 0x0000000080000068 (0x007B5B93) srli x23, x22, 0x7                        rvtest_init+104
x23 <- 0x0000000000003EAD

mem[X,0x000000008000006C] -> 0x5793
mem[X,0x000000008000006E] -> 0x039B
[27] [M]: 0x000000008000006C (0x039B5793) srli x15, x22, 0x39                       rvtest_init+108
x15 <- 0x0000000000000000

clint mtime 0x000000000000000E (mip.MTI <- 0b1, mip.STI <- 0b0)
mem[X,0x0000000080000070] -> 0xEBB3
mem[X,0x0000000080000072] -> 0x00FB
[28] [M]: 0x0000000080000070 (0x00FBEBB3) or x23, x23, x15                          rvtest_init+112
x23 <- 0x0000000000003EAD

mem[X,0x0000000080000074] -> 0xDC13
mem[X,0x0000000080000076] -> 0x007B
[29] [M]: 0x0000000080000074 (0x007BDC13) srli x24, x23, 0x7                        rvtest_init+116
x24 <- 0x000000000000007D

clint mtime 0x000000000000000F (mip.MTI <- 0b1, mip.STI <- 0b0)
mem[X,0x0000000080000078] -> 0xD793
mem[X,0x000000008000007A] -> 0x039B
[30] [M]: 0x0000000080000078 (0x039BD793) srli x15, x23, 0x39                       rvtest_init+120
x15 <- 0x0000000000000000

mem[X,0x000000008000007C] -> 0x6C33
mem[X,0x000000008000007E] -> 0x00FC
[31] [M]: 0x000000008000007C (0x00FC6C33) or x24, x24, x15                          rvtest_init+124
x24 <- 0x000000000000007D

clint mtime 0x0000000000000010 (mip.MTI <- 0b1, mip.STI <- 0b0)
mem[X,0x0000000080000080] -> 0x5C93
mem[X,0x0000000080000082] -> 0x007C
[32] [M]: 0x0000000080000080 (0x007C5C93) srli x25, x24, 0x7                        rvtest_init+128
x25 <- 0x0000000000000000

mem[X,0x0000000080000084] -> 0x5793
mem[X,0x0000000080000086] -> 0x039C
[33] [M]: 0x0000000080000084 (0x039C5793) srli x15, x24, 0x39                       rvtest_init+132
x15 <- 0x0000000000000000

clint mtime 0x0000000000000011 (mip.MTI <- 0b1, mip.STI <- 0b0)
mem[X,0x0000000080000088] -> 0xECB3
mem[X,0x000000008000008A] -> 0x00FC
[34] [M]: 0x0000000080000088 (0x00FCECB3) or x25, x25, x15                          rvtest_init+136
x25 <- 0x0000000000000000

mem[X,0x000000008000008C] -> 0xDD13
mem[X,0x000000008000008E] -> 0x007C
[35] [M]: 0x000000008000008C (0x007CDD13) srli x26, x25, 0x7                        rvtest_init+140
x26 <- 0x0000000000000000

clint mtime 0x0000000000000012 (mip.MTI <- 0b1, mip.STI <- 0b0)
mem[X,0x0000000080000090] -> 0xD793
mem[X,0x0000000080000092] -> 0x039C
[36] [M]: 0x0000000080000090 (0x039CD793) srli x15, x25, 0x39                       rvtest_init+144
x15 <- 0x0000000000000000

mem[X,0x0000000080000094] -> 0x6D33
mem[X,0x0000000080000096] -> 0x00FD
[37] [M]: 0x0000000080000094 (0x00FD6D33) or x26, x26, x15                          rvtest_init+148
x26 <- 0x0000000000000000

clint mtime 0x0000000000000013 (mip.MTI <- 0b1, mip.STI <- 0b0)
mem[X,0x0000000080000098] -> 0x5D93
mem[X,0x000000008000009A] -> 0x007D
[38] [M]: 0x0000000080000098 (0x007D5D93) srli x27, x26, 0x7                        rvtest_init+152
x27 <- 0x0000000000000000

mem[X,0x000000008000009C] -> 0x5793
mem[X,0x000000008000009E] -> 0x039D
[39] [M]: 0x000000008000009C (0x039D5793) srli x15, x26, 0x39                       rvtest_init+156
x15 <- 0x0000000000000000

clint mtime 0x0000000000000014 (mip.MTI <- 0b1, mip.STI <- 0b0)
mem[X,0x00000000800000A0] -> 0xEDB3
mem[X,0x00000000800000A2] -> 0x00FD
[40] [M]: 0x00000000800000A0 (0x00FDEDB3) or x27, x27, x15                          rvtest_init+160
x27 <- 0x0000000000000000

mem[X,0x00000000800000A4] -> 0xDE13
mem[X,0x00000000800000A6] -> 0x007D
[41] [M]: 0x00000000800000A4 (0x007DDE13) srli x28, x27, 0x7                        rvtest_init+164
x28 <- 0x0000000000000000

clint mtime 0x0000000000000015 (mip.MTI <- 0b1, mip.STI <- 0b0)
mem[X,0x00000000800000A8] -> 0xD793
mem[X,0x00000000800000AA] -> 0x039D
[42] [M]: 0x00000000800000A8 (0x039DD793) srli x15, x27, 0x39                       rvtest_init+168
x15 <- 0x0000000000000000

mem[X,0x00000000800000AC] -> 0x6E33
mem[X,0x00000000800000AE] -> 0x00FE
[43] [M]: 0x00000000800000AC (0x00FE6E33) or x28, x28, x15                          rvtest_init+172
x28 <- 0x0000000000000000

clint mtime 0x0000000000000016 (mip.MTI <- 0b1, mip.STI <- 0b0)
mem[X,0x00000000800000B0] -> 0x5E93
mem[X,0x00000000800000B2] -> 0x007E
[44] [M]: 0x00000000800000B0 (0x007E5E93) srli x29, x28, 0x7                        rvtest_init+176
x29 <- 0x0000000000000000

mem[X,0x00000000800000B4] -> 0x5793
mem[X,0x00000000800000B6] -> 0x039E
[45] [M]: 0x00000000800000B4 (0x039E5793) srli x15, x28, 0x39                       rvtest_init+180
x15 <- 0x0000000000000000

clint mtime 0x0000000000000017 (mip.MTI <- 0b1, mip.STI <- 0b0)
mem[X,0x00000000800000B8] -> 0xEEB3
mem[X,0x00000000800000BA] -> 0x00FE
[46] [M]: 0x00000000800000B8 (0x00FEEEB3) or x29, x29, x15                          rvtest_init+184
x29 <- 0x0000000000000000

mem[X,0x00000000800000BC] -> 0xDF13
mem[X,0x00000000800000BE] -> 0x007E
[47] [M]: 0x00000000800000BC (0x007EDF13) srli x30, x29, 0x7                        rvtest_init+188
x30 <- 0x0000000000000000

clint mtime 0x0000000000000018 (mip.MTI <- 0b1, mip.STI <- 0b0)
mem[X,0x00000000800000C0] -> 0xD793
mem[X,0x00000000800000C2] -> 0x039E
[48] [M]: 0x00000000800000C0 (0x039ED793) srli x15, x29, 0x39                       rvtest_init+192
x15 <- 0x0000000000000000

mem[X,0x00000000800000C4] -> 0x6F33
mem[X,0x00000000800000C6] -> 0x00FF
[49] [M]: 0x00000000800000C4 (0x00FF6F33) or x30, x30, x15                          rvtest_init+196
x30 <- 0x0000000000000000

clint mtime 0x0000000000000019 (mip.MTI <- 0b1, mip.STI <- 0b0)
mem[X,0x00000000800000C8] -> 0xC0B7
mem[X,0x00000000800000CA] -> 0xFEED
[50] [M]: 0x00000000800000C8 (0xFEEDC0B7) lui x1, -0x1124                           rvtest_init+200
x1 <- 0xFFFFFFFFFEEDC000

mem[X,0x00000000800000CC] -> 0x8093
mem[X,0x00000000800000CE] -> 0xEAD0
[51] [M]: 0x00000000800000CC (0xEAD08093) addi x1, x1, -0x153                       rvtest_init+204
x1 <- 0xFFFFFFFFFEEDBEAD

clint mtime 0x000000000000001A (mip.MTI <- 0b1, mip.STI <- 0b0)
mem[X,0x00000000800000D0] -> 0x9093
mem[X,0x00000000800000D2] -> 0x00B0
[52] [M]: 0x00000000800000D0 (0x00B09093) slli x1, x1, 0xb                          rvtest_init+208
x1 <- 0xFFFFFFF76DF56800

mem[X,0x00000000800000D4] -> 0x8093
mem[X,0x00000000800000D6] -> 0x7F70
[53] [M]: 0x00000000800000D4 (0x7F708093) addi x1, x1, 0x7f7                        rvtest_init+212
x1 <- 0xFFFFFFF76DF56FF7

clint mtime 0x000000000000001B (mip.MTI <- 0b1, mip.STI <- 0b0)
mem[X,0x00000000800000D8] -> 0x9093
mem[X,0x00000000800000DA] -> 0x00B0
[54] [M]: 0x00000000800000D8 (0x00B09093) slli x1, x1, 0xb                          rvtest_init+216
x1 <- 0xFFFFBB6FAB7FB800

mem[X,0x00000000800000DC] -> 0x8093
mem[X,0x00000000800000DE] -> 0x36F0
[55] [M]: 0x00000000800000DC (0x36F08093) addi x1, x1, 0x36f                        rvtest_init+220
x1 <- 0xFFFFBB6FAB7FBB6F

clint mtime 0x000000000000001C (mip.MTI <- 0b1, mip.STI <- 0b0)
mem[X,0x00000000800000E0] -> 0x9093
mem[X,0x00000000800000E2] -> 0x00A0
[56] [M]: 0x00000000800000E0 (0x00A09093) slli x1, x1, 0xa                          rvtest_init+224
x1 <- 0xFEEDBEADFEEDBC00

mem[X,0x00000000800000E4] -> 0x8093
mem[X,0x00000000800000E6] -> 0x2AD0
[57] [M]: 0x00000000800000E4 (0x2AD08093) addi x1, x1, 0x2ad                        rvtest_init+228
x1 <- 0xFEEDBEADFEEDBEAD

clint mtime 0x000000000000001D (mip.MTI <- 0b1, mip.STI <- 0b0)
mem[X,0x00000000800000E8] -> 0xD113
mem[X,0x00000000800000EA] -> 0x0070
[58] [M]: 0x00000000800000E8 (0x0070D113) srli x2, x1, 0x7                          rvtest_init+232
x2 <- 0x01FDDB7D5BFDDB7D

mem[X,0x00000000800000EC] -> 0xD793
mem[X,0x00000000800000EE] -> 0x0390
[59] [M]: 0x00000000800000EC (0x0390D793) srli x15, x1, 0x39                        rvtest_init+236
x15 <- 0x000000000000007F

clint mtime 0x000000000000001E (mip.MTI <- 0b1, mip.STI <- 0b0)
mem[X,0x00000000800000F0] -> 0x6133
mem[X,0x00000000800000F2] -> 0x00F1
[60] [M]: 0x00000000800000F0 (0x00F16133) or x2, x2, x15                            rvtest_init+240
x2 <- 0x01FDDB7D5BFDDB7F

mem[X,0x00000000800000F4] -> 0x5193
mem[X,0x00000000800000F6] -> 0x0071
[61] [M]: 0x00000000800000F4 (0x00715193) srli x3, x2, 0x7                          rvtest_init+244
x3 <- 0x0003FBB6FAB7FBB6

clint mtime 0x000000000000001F (mip.MTI <- 0b1, mip.STI <- 0b0)
mem[X,0x00000000800000F8] -> 0x5793
mem[X,0x00000000800000FA] -> 0x0391
[62] [M]: 0x00000000800000F8 (0x03915793) srli x15, x2, 0x39                        rvtest_init+248
x15 <- 0x0000000000000000

mem[X,0x00000000800000FC] -> 0xE1B3
mem[X,0x00000000800000FE] -> 0x00F1
[63] [M]: 0x00000000800000FC (0x00F1E1B3) or x3, x3, x15                            rvtest_init+252
x3 <- 0x0003FBB6FAB7FBB6

clint mtime 0x0000000000000020 (mip.MTI <- 0b1, mip.STI <- 0b0)
mem[X,0x0000000080000100] -> 0xD213
mem[X,0x0000000080000102] -> 0x0071
[64] [M]: 0x0000000080000100 (0x0071D213) srli x4, x3, 0x7                          rvtest_init+256
x4 <- 0x000007F76DF56FF7

mem[X,0x0000000080000104] -> 0xD793
mem[X,0x0000000080000106] -> 0x0391
[65] [M]: 0x0000000080000104 (0x0391D793) srli x15, x3, 0x39                        rvtest_init+260
x15 <- 0x0000000000000000

clint mtime 0x0000000000000021 (mip.MTI <- 0b1, mip.STI <- 0b0)
mem[X,0x0000000080000108] -> 0x6233
mem[X,0x000000008000010A] -> 0x00F2
[66] [M]: 0x0000000080000108 (0x00F26233) or x4, x4, x15                            rvtest_init+264
x4 <- 0x000007F76DF56FF7

mem[X,0x000000008000010C] -> 0x5293
mem[X,0x000000008000010E] -> 0x0072
[67] [M]: 0x000000008000010C (0x00725293) srli x5, x4, 0x7                          rvtest_init+268
x5 <- 0x0000000FEEDBEADF

clint mtime 0x0000000000000022 (mip.MTI <- 0b1, mip.STI <- 0b0)
mem[X,0x0000000080000110] -> 0x5793
mem[X,0x0000000080000112] -> 0x0392
[68] [M]: 0x0000000080000110 (0x03925793) srli x15, x4, 0x39                        rvtest_init+272
x15 <- 0x0000000000000000

mem[X,0x0000000080000114] -> 0xE2B3
mem[X,0x0000000080000116] -> 0x00F2
[69] [M]: 0x0000000080000114 (0x00F2E2B3) or x5, x5, x15                            rvtest_init+276
x5 <- 0x0000000FEEDBEADF

clint mtime 0x0000000000000023 (mip.MTI <- 0b1, mip.STI <- 0b0)
mem[X,0x0000000080000118] -> 0xD313
mem[X,0x000000008000011A] -> 0x0072
[70] [M]: 0x0000000080000118 (0x0072D313) srli x6, x5, 0x7                          rvtest_init+280
x6 <- 0x000000001FDDB7D5

mem[X,0x000000008000011C] -> 0xD793
mem[X,0x000000008000011E] -> 0x0392
[71] [M]: 0x000000008000011C (0x0392D793) srli x15, x5, 0x39                        rvtest_init+284
x15 <- 0x0000000000000000

clint mtime 0x0000000000000024 (mip.MTI <- 0b1, mip.STI <- 0b0)
mem[X,0x0000000080000120] -> 0x6333
mem[X,0x0000000080000122] -> 0x00F3
[72] [M]: 0x0000000080000120 (0x00F36333) or x6, x6, x15                            rvtest_init+288
x6 <- 0x000000001FDDB7D5

mem[X,0x0000000080000124] -> 0x5393
mem[X,0x0000000080000126] -> 0x0073
[73] [M]: 0x0000000080000124 (0x00735393) srli x7, x6, 0x7                          rvtest_init+292
x7 <- 0x00000000003FBB6F

clint mtime 0x0000000000000025 (mip.MTI <- 0b1, mip.STI <- 0b0)
mem[X,0x0000000080000128] -> 0x5793
mem[X,0x000000008000012A] -> 0x0393
[74] [M]: 0x0000000080000128 (0x03935793) srli x15, x6, 0x39                        rvtest_init+296
x15 <- 0x0000000000000000

mem[X,0x000000008000012C] -> 0xE3B3
mem[X,0x000000008000012E] -> 0x00F3
[75] [M]: 0x000000008000012C (0x00F3E3B3) or x7, x7, x15                            rvtest_init+300
x7 <- 0x00000000003FBB6F

clint mtime 0x0000000000000026 (mip.MTI <- 0b1, mip.STI <- 0b0)
mem[X,0x0000000080000130] -> 0xD413
mem[X,0x0000000080000132] -> 0x0073
[76] [M]: 0x0000000080000130 (0x0073D413) srli x8, x7, 0x7                          rvtest_init+304
x8 <- 0x0000000000007F76

mem[X,0x0000000080000134] -> 0xD793
mem[X,0x0000000080000136] -> 0x0393
[77] [M]: 0x0000000080000134 (0x0393D793) srli x15, x7, 0x39                        rvtest_init+308
x15 <- 0x0000000000000000

clint mtime 0x0000000000000027 (mip.MTI <- 0b1, mip.STI <- 0b0)
mem[X,0x0000000080000138] -> 0x6433
mem[X,0x000000008000013A] -> 0x00F4
[78] [M]: 0x0000000080000138 (0x00F46433) or x8, x8, x15                            rvtest_init+312
x8 <- 0x0000000000007F76

mem[X,0x000000008000013C] -> 0x5493
mem[X,0x000000008000013E] -> 0x0074
[79] [M]: 0x000000008000013C (0x00745493) srli x9, x8, 0x7                          rvtest_init+316
x9 <- 0x00000000000000FE

clint mtime 0x0000000000000028 (mip.MTI <- 0b1, mip.STI <- 0b0)
mem[X,0x0000000080000140] -> 0x5793
mem[X,0x0000000080000142] -> 0x0394
[80] [M]: 0x0000000080000140 (0x03945793) srli x15, x8, 0x39                        rvtest_init+320
x15 <- 0x0000000000000000

mem[X,0x0000000080000144] -> 0xE4B3
mem[X,0x0000000080000146] -> 0x00F4
[81] [M]: 0x0000000080000144 (0x00F4E4B3) or x9, x9, x15                            rvtest_init+324
x9 <- 0x00000000000000FE

clint mtime 0x0000000000000029 (mip.MTI <- 0b1, mip.STI <- 0b0)
mem[X,0x0000000080000148] -> 0xD513
mem[X,0x000000008000014A] -> 0x0074
[82] [M]: 0x0000000080000148 (0x0074D513) srli x10, x9, 0x7                         rvtest_init+328
x10 <- 0x0000000000000001

mem[X,0x000000008000014C] -> 0xD793
mem[X,0x000000008000014E] -> 0x0394
[83] [M]: 0x000000008000014C (0x0394D793) srli x15, x9, 0x39                        rvtest_init+332
x15 <- 0x0000000000000000

clint mtime 0x000000000000002A (mip.MTI <- 0b1, mip.STI <- 0b0)
mem[X,0x0000000080000150] -> 0x6533
mem[X,0x0000000080000152] -> 0x00F5
[84] [M]: 0x0000000080000150 (0x00F56533) or x10, x10, x15                          rvtest_init+336
x10 <- 0x0000000000000001

mem[X,0x0000000080000154] -> 0x5593
mem[X,0x0000000080000156] -> 0x0075
[85] [M]: 0x0000000080000154 (0x00755593) srli x11, x10, 0x7                        rvtest_init+340
x11 <- 0x0000000000000000

clint mtime 0x000000000000002B (mip.MTI <- 0b1, mip.STI <- 0b0)
mem[X,0x0000000080000158] -> 0x5793
mem[X,0x000000008000015A] -> 0x0395
[86] [M]: 0x0000000080000158 (0x03955793) srli x15, x10, 0x39                       rvtest_init+344
x15 <- 0x0000000000000000

mem[X,0x000000008000015C] -> 0xE5B3
mem[X,0x000000008000015E] -> 0x00F5
[87] [M]: 0x000000008000015C (0x00F5E5B3) or x11, x11, x15                          rvtest_init+348
x11 <- 0x0000000000000000

clint mtime 0x000000000000002C (mip.MTI <- 0b1, mip.STI <- 0b0)
mem[X,0x0000000080000160] -> 0xD613
mem[X,0x0000000080000162] -> 0x0075
[88] [M]: 0x0000000080000160 (0x0075D613) srli x12, x11, 0x7                        rvtest_init+352
x12 <- 0x0000000000000000

mem[X,0x0000000080000164] -> 0xD793
mem[X,0x0000000080000166] -> 0x0395
[89] [M]: 0x0000000080000164 (0x0395D793) srli x15, x11, 0x39                       rvtest_init+356
x15 <- 0x0000000000000000

clint mtime 0x000000000000002D (mip.MTI <- 0b1, mip.STI <- 0b0)
mem[X,0x0000000080000168] -> 0x6633
mem[X,0x000000008000016A] -> 0x00F6
[90] [M]: 0x0000000080000168 (0x00F66633) or x12, x12, x15                          rvtest_init+360
x12 <- 0x0000000000000000

mem[X,0x000000008000016C] -> 0x5693
mem[X,0x000000008000016E] -> 0x0076
[91] [M]: 0x000000008000016C (0x00765693) srli x13, x12, 0x7                        rvtest_init+364
x13 <- 0x0000000000000000

clint mtime 0x000000000000002E (mip.MTI <- 0b1, mip.STI <- 0b0)
mem[X,0x0000000080000170] -> 0x5793
mem[X,0x0000000080000172] -> 0x0396
[92] [M]: 0x0000000080000170 (0x03965793) srli x15, x12, 0x39                       rvtest_init+368
x15 <- 0x0000000000000000

mem[X,0x0000000080000174] -> 0xE6B3
mem[X,0x0000000080000176] -> 0x00F6
[93] [M]: 0x0000000080000174 (0x00F6E6B3) or x13, x13, x15                          rvtest_init+372
x13 <- 0x0000000000000000

clint mtime 0x000000000000002F (mip.MTI <- 0b1, mip.STI <- 0b0)
mem[X,0x0000000080000178] -> 0x0013
mem[X,0x000000008000017A] -> 0x0000
[94] [M]: 0x0000000080000178 (0x00000013) addi x0, x0, 0x0                          rvtest_code_begin+0

mem[X,0x000000008000017C] -> 0x0013
mem[X,0x000000008000017E] -> 0x0000
[95] [M]: 0x000000008000017C (0x00000013) addi x0, x0, 0x0                          rvtest_code_begin+4

clint mtime 0x0000000000000030 (mip.MTI <- 0b1, mip.STI <- 0b0)
mem[X,0x0000000080000180] -> 0x5697
mem[X,0x0000000080000182] -> 0x0000
[96] [M]: 0x0000000080000180 (0x00005697) auipc x13, 0x5                            rvtest_code_begin+8
x13 <- 0x0000000080005180

mem[X,0x0000000080000184] -> 0x8693
mem[X,0x0000000080000186] -> 0xF986
[97] [M]: 0x0000000080000184 (0xF9868693) addi x13, x13, -0x68                      rvtest_code_begin+12
x13 <- 0x0000000080005118

clint mtime 0x0000000000000031 (mip.MTI <- 0b1, mip.STI <- 0b0)
mem[X,0x0000000080000188] -> 0x0013
mem[X,0x000000008000018A] -> 0x0000
[98] [M]: 0x0000000080000188 (0x00000013) addi x0, x0, 0x0                          rvtest_code_begin+16

mem[X,0x000000008000018C] -> 0x0013
mem[X,0x000000008000018E] -> 0x0000
[99] [M]: 0x000000008000018C (0x00000013) addi x0, x0, 0x0                          rvtest_code_begin+20

clint mtime 0x0000000000000032 (mip.MTI <- 0b1, mip.STI <- 0b0)
mem[X,0x0000000080000190] -> 0x0013
mem[X,0x0000000080000192] -> 0x0000
[100] [M]: 0x0000000080000190 (0x00000013) addi x0, x0, 0x0                         rvtest_code_begin+24

mem[X,0x0000000080000194] -> 0x0013
mem[X,0x0000000080000196] -> 0x0000
[101] [M]: 0x0000000080000194 (0x00000013) addi x0, x0, 0x0                         rvtest_code_begin+28

clint mtime 0x0000000000000033 (mip.MTI <- 0b1, mip.STI <- 0b0)
mem[X,0x0000000080000198] -> 0x0013
mem[X,0x000000008000019A] -> 0x0000
[102] [M]: 0x0000000080000198 (0x00000013) addi x0, x0, 0x0                         rvtest_code_begin+32

mem[X,0x000000008000019C] -> 0x0013
mem[X,0x000000008000019E] -> 0x0000
[103] [M]: 0x000000008000019C (0x00000013) addi x0, x0, 0x0                         rvtest_code_begin+36

clint mtime 0x0000000000000034 (mip.MTI <- 0b1, mip.STI <- 0b0)
mem[X,0x00000000800001A0] -> 0x0793
mem[X,0x00000000800001A2] -> 0xFFD0
[104] [M]: 0x00000000800001A0 (0xFFD00793) addi x15, x0, -0x3                       inst_0+0
x15 <- 0xFFFFFFFFFFFFFFFD

mem[X,0x00000000800001A4] -> 0x17F5
[105] [M]: 0x00000000800001A4 (0x17F5) c.addi x15, -0x3                             inst_0+4
x15 <- 0xFFFFFFFFFFFFFFFA

clint mtime 0x0000000000000035 (mip.MTI <- 0b1, mip.STI <- 0b0)
mem[X,0x00000000800001A6] -> 0xE29C
[106] [M]: 0x00000000800001A6 (0xE29C) c.sd x15, 0x0(x13)                           inst_0+6
mem[W,0x0000000080005118] <- 0xFFFFFFFFFFFFFFFA

mem[X,0x00000000800001A8] -> 0x0237
mem[X,0x00000000800001AA] -> 0x0000
[107] [M]: 0x00000000800001A8 (0x00000237) lui x4, 0x0                              inst_1+0
x4 <- 0x0000000000000000

clint mtime 0x0000000000000036 (mip.MTI <- 0b1, mip.STI <- 0b0)
mem[X,0x00000000800001AC] -> 0x0213
mem[X,0x00000000800001AE] -> 0xFFF2
[108] [M]: 0x00000000800001AC (0xFFF20213) addi x4, x4, -0x1                        inst_1+4
x4 <- 0xFFFFFFFFFFFFFFFF

mem[X,0x00000000800001B0] -> 0x1213
mem[X,0x00000000800001B2] -> 0x00B2
[109] [M]: 0x00000000800001B0 (0x00B21213) slli x4, x4, 0xb                         inst_1+8
x4 <- 0xFFFFFFFFFFFFF800

clint mtime 0x0000000000000037 (mip.MTI <- 0b1, mip.STI <- 0b0)
mem[X,0x00000000800001B4] -> 0x0213
mem[X,0x00000000800001B6] -> 0x2572
[110] [M]: 0x00000000800001B4 (0x25720213) addi x4, x4, 0x257                       inst_1+12
x4 <- 0xFFFFFFFFFFFFFA57

mem[X,0x00000000800001B8] -> 0x1213
mem[X,0x00000000800001BA] -> 0x00B2
[111] [M]: 0x00000000800001B8 (0x00B21213) slli x4, x4, 0xb                         inst_1+16
x4 <- 0xFFFFFFFFFFD2B800

clint mtime 0x0000000000000038 (mip.MTI <- 0b1, mip.STI <- 0b0)
mem[X,0x00000000800001BC] -> 0x0213
mem[X,0x00000000800001BE] -> 0x6C32
[112] [M]: 0x00000000800001BC (0x6C320213) addi x4, x4, 0x6c3                       inst_1+20
x4 <- 0xFFFFFFFFFFD2BEC3

mem[X,0x00000000800001C0] -> 0x1213
mem[X,0x00000000800001C2] -> 0x00A2
[113] [M]: 0x00000000800001C0 (0x00A21213) slli x4, x4, 0xa                         inst_1+24
x4 <- 0xFFFFFFFF4AFB0C00

clint mtime 0x0000000000000039 (mip.MTI <- 0b1, mip.STI <- 0b0)
mem[X,0x00000000800001C4] -> 0x0213
mem[X,0x00000000800001C6] -> 0x0CE2
[114] [M]: 0x00000000800001C4 (0x0CE20213) addi x4, x4, 0xce                        inst_1+28
x4 <- 0xFFFFFFFF4AFB0CCE

mem[X,0x00000000800001C8] -> 0x023D
[115] [M]: 0x00000000800001C8 (0x023D) c.addi x4, 0xf                               inst_1+32
x4 <- 0xFFFFFFFF4AFB0CDD

clint mtime 0x000000000000003A (mip.MTI <- 0b1, mip.STI <- 0b0)
mem[X,0x00000000800001CA] -> 0xB423
mem[X,0x00000000800001CC] -> 0x0046
[116] [M]: 0x00000000800001CA (0x0046B423) sd x4, 0x8(x13)                          inst_1+34
mem[W,0x0000000080005120] <- 0xFFFFFFFF4AFB0CDD

mem[X,0x00000000800001CE] -> 0x5637
mem[X,0x00000000800001D0] -> 0x5555
[117] [M]: 0x00000000800001CE (0x55555637) lui x12, 0x55555                         inst_2+0
x12 <- 0x0000000055555000

clint mtime 0x000000000000003B (mip.MTI <- 0b1, mip.STI <- 0b0)
mem[X,0x00000000800001D2] -> 0x0613
mem[X,0x00000000800001D4] -> 0x5556
[118] [M]: 0x00000000800001D2 (0x55560613) addi x12, x12, 0x555                     inst_2+4
x12 <- 0x0000000055555555

mem[X,0x00000000800001D6] -> 0x1613
mem[X,0x00000000800001D8] -> 0x00B6
[119] [M]: 0x00000000800001D6 (0x00B61613) slli x12, x12, 0xb                       inst_2+8
x12 <- 0x000002AAAAAAA800

clint mtime 0x000000000000003C (mip.MTI <- 0b1, mip.STI <- 0b0)
mem[X,0x00000000800001DA] -> 0x0613
mem[X,0x00000000800001DC] -> 0x2AA6
[120] [M]: 0x00000000800001DA (0x2AA60613) addi x12, x12, 0x2aa                     inst_2+12
x12 <- 0x000002AAAAAAAAAA

mem[X,0x00000000800001DE] -> 0x1613
mem[X,0x00000000800001E0] -> 0x00B6
[121] [M]: 0x00000000800001DE (0x00B61613) slli x12, x12, 0xb                       inst_2+16
x12 <- 0x0015555555555000

clint mtime 0x000000000000003D (mip.MTI <- 0b1, mip.STI <- 0b0)
mem[X,0x00000000800001E2] -> 0x0613
mem[X,0x00000000800001E4] -> 0x5556
[122] [M]: 0x00000000800001E2 (0x55560613) addi x12, x12, 0x555                     inst_2+20
x12 <- 0x0015555555555555

mem[X,0x00000000800001E6] -> 0x1613
mem[X,0x00000000800001E8] -> 0x00A6
[123] [M]: 0x00000000800001E6 (0x00A61613) slli x12, x12, 0xa                       inst_2+24
x12 <- 0x5555555555555400

clint mtime 0x000000000000003E (mip.MTI <- 0b1, mip.STI <- 0b0)
mem[X,0x00000000800001EA] -> 0x0613
mem[X,0x00000000800001EC] -> 0x1556
[124] [M]: 0x00000000800001EA (0x15560613) addi x12, x12, 0x155                     inst_2+28
x12 <- 0x5555555555555555

mem[X,0x00000000800001EE] -> 0x0619
[125] [M]: 0x00000000800001EE (0x0619) c.addi x12, 0x6                              inst_2+32
x12 <- 0x555555555555555B

clint mtime 0x000000000000003F (mip.MTI <- 0b1, mip.STI <- 0b0)
mem[X,0x00000000800001F0] -> 0xEA90
[126] [M]: 0x00000000800001F0 (0xEA90) c.sd x12, 0x10(x13)                          inst_2+34
mem[W,0x0000000080005128] <- 0x555555555555555B

mem[X,0x00000000800001F2] -> 0x0293
mem[X,0x00000000800001F4] -> 0x0060
[127] [M]: 0x00000000800001F2 (0x00600293) addi x5, x0, 0x6                         inst_3+0
x5 <- 0x0000000000000006

clint mtime 0x0000000000000040 (mip.MTI <- 0b1, mip.STI <- 0b0)
mem[X,0x00000000800001F6] -> 0x12FD
[128] [M]: 0x00000000800001F6 (0x12FD) c.addi x5, -0x1                              inst_3+4
x5 <- 0x0000000000000005

mem[X,0x00000000800001F8] -> 0xBC23
mem[X,0x00000000800001FA] -> 0x0056
[129] [M]: 0x00000000800001F8 (0x0056BC23) sd x5, 0x18(x13)                         inst_3+6
mem[W,0x0000000080005130] <- 0x0000000000000005

clint mtime 0x0000000000000041 (mip.MTI <- 0b1, mip.STI <- 0b0)
mem[X,0x00000000800001FC] -> 0x0413
mem[X,0x00000000800001FE] -> 0xBFF0
[130] [M]: 0x00000000800001FC (0xBFF00413) addi x8, x0, -0x401                      inst_4+0
x8 <- 0xFFFFFFFFFFFFFBFF

mem[X,0x0000000080000200] -> 0x1401
[131] [M]: 0x0000000080000200 (0x1401) c.addi x8, -0x20                             inst_4+4
x8 <- 0xFFFFFFFFFFFFFBDF

clint mtime 0x0000000000000042 (mip.MTI <- 0b1, mip.STI <- 0b0)
mem[X,0x0000000080000202] -> 0xF280
[132] [M]: 0x0000000080000202 (0xF280) c.sd x8, 0x20(x13)                           inst_4+6
mem[W,0x0000000080005138] <- 0xFFFFFFFFFFFFFBDF

mem[X,0x0000000080000204] -> 0xB737
mem[X,0x0000000080000206] -> 0xAAAA
[133] [M]: 0x0000000080000204 (0xAAAAB737) lui x14, -0x55555                        inst_5+0
x14 <- 0xFFFFFFFFAAAAB000

clint mtime 0x0000000000000043 (mip.MTI <- 0b1, mip.STI <- 0b0)
mem[X,0x0000000080000208] -> 0x0713
mem[X,0x000000008000020A] -> 0xAAA7
[134] [M]: 0x0000000080000208 (0xAAA70713) addi x14, x14, -0x556                    inst_5+4
x14 <- 0xFFFFFFFFAAAAAAAA

mem[X,0x000000008000020C] -> 0x1713
mem[X,0x000000008000020E] -> 0x00B7
[135] [M]: 0x000000008000020C (0x00B71713) slli x14, x14, 0xb                       inst_5+8
x14 <- 0xFFFFFD5555555000

clint mtime 0x0000000000000044 (mip.MTI <- 0b1, mip.STI <- 0b0)
mem[X,0x0000000080000210] -> 0x0713
mem[X,0x0000000080000212] -> 0x5557
[136] [M]: 0x0000000080000210 (0x55570713) addi x14, x14, 0x555                     inst_5+12
x14 <- 0xFFFFFD5555555555

mem[X,0x0000000080000214] -> 0x1713
mem[X,0x0000000080000216] -> 0x00B7
[137] [M]: 0x0000000080000214 (0x00B71713) slli x14, x14, 0xb                       inst_5+16
x14 <- 0xFFEAAAAAAAAAA800

clint mtime 0x0000000000000045 (mip.MTI <- 0b1, mip.STI <- 0b0)
mem[X,0x0000000080000218] -> 0x0713
mem[X,0x000000008000021A] -> 0x2AA7
[138] [M]: 0x0000000080000218 (0x2AA70713) addi x14, x14, 0x2aa                     inst_5+20
x14 <- 0xFFEAAAAAAAAAAAAA

mem[X,0x000000008000021C] -> 0x1713
mem[X,0x000000008000021E] -> 0x00A7
[139] [M]: 0x000000008000021C (0x00A71713) slli x14, x14, 0xa                       inst_5+24
x14 <- 0xAAAAAAAAAAAAA800

clint mtime 0x0000000000000046 (mip.MTI <- 0b1, mip.STI <- 0b0)
mem[X,0x0000000080000220] -> 0x0713
mem[X,0x0000000080000222] -> 0x2AA7
[140] [M]: 0x0000000080000220 (0x2AA70713) addi x14, x14, 0x2aa                     inst_5+28
x14 <- 0xAAAAAAAAAAAAAAAA

mem[X,0x0000000080000224] -> 0x0701
[141] [M]: 0x0000000080000224 (0x0701) c.addi x14, 0x0                              inst_5+32
x14 <- 0xAAAAAAAAAAAAAAAA

clint mtime 0x0000000000000047 (mip.MTI <- 0b1, mip.STI <- 0b0)
mem[X,0x0000000080000226] -> 0xF698
[142] [M]: 0x0000000080000226 (0xF698) c.sd x14, 0x28(x13)                          inst_5+34
mem[W,0x0000000080005140] <- 0xAAAAAAAAAAAAAAAA

mem[X,0x0000000080000228] -> 0x0A93
mem[X,0x000000008000022A] -> 0xBFF0
[143] [M]: 0x0000000080000228 (0xBFF00A93) addi x21, x0, -0x401                     inst_6+0
x21 <- 0xFFFFFFFFFFFFFBFF

clint mtime 0x0000000000000048 (mip.MTI <- 0b1, mip.STI <- 0b0)
mem[X,0x000000008000022C] -> 0x0AFD
[144] [M]: 0x000000008000022C (0x0AFD) c.addi x21, 0x1f                             inst_6+4
x21 <- 0xFFFFFFFFFFFFFC1E

mem[X,0x000000008000022E] -> 0xB823
mem[X,0x0000000080000230] -> 0x0356
[145] [M]: 0x000000008000022E (0x0356B823) sd x21, 0x30(x13)                        inst_6+6
mem[W,0x0000000080005148] <- 0xFFFFFFFFFFFFFC1E

clint mtime 0x0000000000000049 (mip.MTI <- 0b1, mip.STI <- 0b0)
mem[X,0x0000000080000232] -> 0x5B37
mem[X,0x0000000080000234] -> 0x5555
[146] [M]: 0x0000000080000232 (0x55555B37) lui x22, 0x55555                         inst_7+0
x22 <- 0x0000000055555000

mem[X,0x0000000080000236] -> 0x0B13
mem[X,0x0000000080000238] -> 0x555B
[147] [M]: 0x0000000080000236 (0x555B0B13) addi x22, x22, 0x555                     inst_7+4
x22 <- 0x0000000055555555

clint mtime 0x000000000000004A (mip.MTI <- 0b1, mip.STI <- 0b0)
mem[X,0x000000008000023A] -> 0x1B13
mem[X,0x000000008000023C] -> 0x00BB
[148] [M]: 0x000000008000023A (0x00BB1B13) slli x22, x22, 0xb                       inst_7+8
x22 <- 0x000002AAAAAAA800

mem[X,0x000000008000023E] -> 0x0B13
mem[X,0x0000000080000240] -> 0x2AAB
[149] [M]: 0x000000008000023E (0x2AAB0B13) addi x22, x22, 0x2aa                     inst_7+12
x22 <- 0x000002AAAAAAAAAA

clint mtime 0x000000000000004B (mip.MTI <- 0b1, mip.STI <- 0b0)
mem[X,0x0000000080000242] -> 0x1B13
mem[X,0x0000000080000244] -> 0x00BB
[150] [M]: 0x0000000080000242 (0x00BB1B13) slli x22, x22, 0xb                       inst_7+16
x22 <- 0x0015555555555000

mem[X,0x0000000080000246] -> 0x0B13
mem[X,0x0000000080000248] -> 0x555B
[151] [M]: 0x0000000080000246 (0x555B0B13) addi x22, x22, 0x555                     inst_7+20
x22 <- 0x0015555555555555

clint mtime 0x000000000000004C (mip.MTI <- 0b1, mip.STI <- 0b0)
mem[X,0x000000008000024A] -> 0x1B13
mem[X,0x000000008000024C] -> 0x00AB
[152] [M]: 0x000000008000024A (0x00AB1B13) slli x22, x22, 0xa                       inst_7+24
x22 <- 0x5555555555555400

mem[X,0x000000008000024E] -> 0x0B13
mem[X,0x0000000080000250] -> 0x155B
[153] [M]: 0x000000008000024E (0x155B0B13) addi x22, x22, 0x155                     inst_7+28
x22 <- 0x5555555555555555

clint mtime 0x000000000000004D (mip.MTI <- 0b1, mip.STI <- 0b0)
mem[X,0x0000000080000252] -> 0x0B05
[154] [M]: 0x0000000080000252 (0x0B05) c.addi x22, 0x1                              inst_7+32
x22 <- 0x5555555555555556

mem[X,0x0000000080000254] -> 0xBC23
mem[X,0x0000000080000256] -> 0x0366
[155] [M]: 0x0000000080000254 (0x0366BC23) sd x22, 0x38(x13)                        inst_7+34
mem[W,0x0000000080005150] <- 0x5555555555555556

clint mtime 0x000000000000004E (mip.MTI <- 0b1, mip.STI <- 0b0)
mem[X,0x0000000080000258] -> 0x0E13
mem[X,0x000000008000025A] -> 0xFFF0
[156] [M]: 0x0000000080000258 (0xFFF00E13) addi x28, x0, -0x1                       inst_8+0
x28 <- 0xFFFFFFFFFFFFFFFF

mem[X,0x000000008000025C] -> 0x1E13
mem[X,0x000000008000025E] -> 0x03FE
[157] [M]: 0x000000008000025C (0x03FE1E13) slli x28, x28, 0x3f                      inst_8+4
x28 <- 0x8000000000000000

clint mtime 0x000000000000004F (mip.MTI <- 0b1, mip.STI <- 0b0)
mem[X,0x0000000080000260] -> 0x0E09
[158] [M]: 0x0000000080000260 (0x0E09) c.addi x28, 0x2                              inst_8+8
x28 <- 0x8000000000000002

mem[X,0x0000000080000262] -> 0xB023
mem[X,0x0000000080000264] -> 0x05C6
[159] [M]: 0x0000000080000262 (0x05C6B023) sd x28, 0x40(x13)                        inst_8+10
mem[W,0x0000000080005158] <- 0x8000000000000002

clint mtime 0x0000000000000050 (mip.MTI <- 0b1, mip.STI <- 0b0)
mem[X,0x0000000080000266] -> 0x0093
mem[X,0x0000000080000268] -> 0x0000
[160] [M]: 0x0000000080000266 (0x00000093) addi x1, x0, 0x0                         inst_9+0
x1 <- 0x0000000000000000

mem[X,0x000000008000026A] -> 0x10C1
[161] [M]: 0x000000008000026A (0x10C1) c.addi x1, -0x10                             inst_9+4
x1 <- 0xFFFFFFFFFFFFFFF0

clint mtime 0x0000000000000051 (mip.MTI <- 0b1, mip.STI <- 0b0)
mem[X,0x000000008000026C] -> 0xB423
mem[X,0x000000008000026E] -> 0x0416
[162] [M]: 0x000000008000026C (0x0416B423) sd x1, 0x48(x13)                         inst_9+6
mem[W,0x0000000080005160] <- 0xFFFFFFFFFFFFFFF0

mem[X,0x0000000080000270] -> 0x0493
mem[X,0x0000000080000272] -> 0xFFF0
[163] [M]: 0x0000000080000270 (0xFFF00493) addi x9, x0, -0x1                        inst_10+0
x9 <- 0xFFFFFFFFFFFFFFFF

clint mtime 0x0000000000000052 (mip.MTI <- 0b1, mip.STI <- 0b0)
mem[X,0x0000000080000274] -> 0xD493
mem[X,0x0000000080000276] -> 0x0014
[164] [M]: 0x0000000080000274 (0x0014D493) srli x9, x9, 0x1                         inst_10+4
x9 <- 0x7FFFFFFFFFFFFFFF

mem[X,0x0000000080000278] -> 0x14ED
[165] [M]: 0x0000000080000278 (0x14ED) c.addi x9, -0x5                              inst_10+8
x9 <- 0x7FFFFFFFFFFFFFFA

clint mtime 0x0000000000000053 (mip.MTI <- 0b1, mip.STI <- 0b0)
mem[X,0x000000008000027A] -> 0xEAA4
[166] [M]: 0x000000008000027A (0xEAA4) c.sd x9, 0x50(x13)                           inst_10+10
mem[W,0x0000000080005168] <- 0x7FFFFFFFFFFFFFFA

mem[X,0x000000008000027C] -> 0x0C93
mem[X,0x000000008000027E] -> 0x0010
[167] [M]: 0x000000008000027C (0x00100C93) addi x25, x0, 0x1                        inst_11+0
x25 <- 0x0000000000000001

clint mtime 0x0000000000000054 (mip.MTI <- 0b1, mip.STI <- 0b0)
mem[X,0x0000000080000280] -> 0x1CFD
[168] [M]: 0x0000000080000280 (0x1CFD) c.addi x25, -0x1                             inst_11+4
x25 <- 0x0000000000000000

mem[X,0x0000000080000282] -> 0xBC23
mem[X,0x0000000080000284] -> 0x0596
[169] [M]: 0x0000000080000282 (0x0596BC23) sd x25, 0x58(x13)                        inst_11+6
mem[W,0x0000000080005170] <- 0x0000000000000000

clint mtime 0x0000000000000055 (mip.MTI <- 0b1, mip.STI <- 0b0)
mem[X,0x0000000080000286] -> 0x0F93
mem[X,0x0000000080000288] -> 0x0010
[170] [M]: 0x0000000080000286 (0x00100F93) addi x31, x0, 0x1                        inst_12+0
x31 <- 0x0000000000000001

mem[X,0x000000008000028A] -> 0x9F93
mem[X,0x000000008000028C] -> 0x01EF
[171] [M]: 0x000000008000028A (0x01EF9F93) slli x31, x31, 0x1e                      inst_12+4
x31 <- 0x0000000040000000

clint mtime 0x0000000000000056 (mip.MTI <- 0b1, mip.STI <- 0b0)
mem[X,0x000000008000028E] -> 0x0F91
[172] [M]: 0x000000008000028E (0x0F91) c.addi x31, 0x4                              inst_12+8
x31 <- 0x0000000040000004

mem[X,0x0000000080000290] -> 0xB023
mem[X,0x0000000080000292] -> 0x07F6
[173] [M]: 0x0000000080000290 (0x07F6B023) sd x31, 0x60(x13)                        inst_12+10
mem[W,0x0000000080005178] <- 0x0000000040000004

clint mtime 0x0000000000000057 (mip.MTI <- 0b1, mip.STI <- 0b0)
mem[X,0x0000000080000294] -> 0x0A13
mem[X,0x0000000080000296] -> 0x0010
[174] [M]: 0x0000000080000294 (0x00100A13) addi x20, x0, 0x1                        inst_13+0
x20 <- 0x0000000000000001

mem[X,0x0000000080000298] -> 0x1A13
mem[X,0x000000008000029A] -> 0x022A
[175] [M]: 0x0000000080000298 (0x022A1A13) slli x20, x20, 0x22                      inst_13+4
x20 <- 0x0000000400000000

clint mtime 0x0000000000000058 (mip.MTI <- 0b1, mip.STI <- 0b0)
mem[X,0x000000008000029C] -> 0x4A13
mem[X,0x000000008000029E] -> 0xFFFA
[176] [M]: 0x000000008000029C (0xFFFA4A13) xori x20, x20, -0x1                      inst_13+8
x20 <- 0xFFFFFFFBFFFFFFFF

mem[X,0x00000000800002A0] -> 0x0A21
[177] [M]: 0x00000000800002A0 (0x0A21) c.addi x20, 0x8                              inst_13+12
x20 <- 0xFFFFFFFC00000007

clint mtime 0x0000000000000059 (mip.MTI <- 0b1, mip.STI <- 0b0)
mem[X,0x00000000800002A2] -> 0xB423
mem[X,0x00000000800002A4] -> 0x0746
[178] [M]: 0x00000000800002A2 (0x0746B423) sd x20, 0x68(x13)                        inst_13+14
mem[W,0x0000000080005180] <- 0xFFFFFFFC00000007

mem[X,0x00000000800002A6] -> 0x0313
mem[X,0x00000000800002A8] -> 0xFFA0
[179] [M]: 0x00000000800002A6 (0xFFA00313) addi x6, x0, -0x6                        inst_14+0
x6 <- 0xFFFFFFFFFFFFFFFA

clint mtime 0x000000000000005A (mip.MTI <- 0b1, mip.STI <- 0b0)
mem[X,0x00000000800002AA] -> 0x0341
[180] [M]: 0x00000000800002AA (0x0341) c.addi x6, 0x10                              inst_14+4
x6 <- 0x000000000000000A

mem[X,0x00000000800002AC] -> 0xB823
mem[X,0x00000000800002AE] -> 0x0666
[181] [M]: 0x00000000800002AC (0x0666B823) sd x6, 0x70(x13)                         inst_14+6
mem[W,0x0000000080005188] <- 0x000000000000000A

clint mtime 0x000000000000005B (mip.MTI <- 0b1, mip.STI <- 0b0)
mem[X,0x00000000800002B0] -> 0x0D13
mem[X,0x00000000800002B2] -> 0x0040
[182] [M]: 0x00000000800002B0 (0x00400D13) addi x26, x0, 0x4                        inst_15+0
x26 <- 0x0000000000000004

mem[X,0x00000000800002B4] -> 0x1D79
[183] [M]: 0x00000000800002B4 (0x1D79) c.addi x26, -0x2                             inst_15+4
x26 <- 0x0000000000000002

clint mtime 0x000000000000005C (mip.MTI <- 0b1, mip.STI <- 0b0)
mem[X,0x00000000800002B6] -> 0xBC23
mem[X,0x00000000800002B8] -> 0x07A6
[184] [M]: 0x00000000800002B6 (0x07A6BC23) sd x26, 0x78(x13)                        inst_15+6
mem[W,0x0000000080005190] <- 0x0000000000000002

mem[X,0x00000000800002BA] -> 0x09B7
mem[X,0x00000000800002BC] -> 0x0000
[185] [M]: 0x00000000800002BA (0x000009B7) lui x19, 0x0                             inst_16+0
x19 <- 0x0000000000000000

clint mtime 0x000000000000005D (mip.MTI <- 0b1, mip.STI <- 0b0)
mem[X,0x00000000800002BE] -> 0x8993
mem[X,0x00000000800002C0] -> 0x0009
[186] [M]: 0x00000000800002BE (0x00098993) addi x19, x19, 0x0                       inst_16+4
x19 <- 0x0000000000000000

mem[X,0x00000000800002C2] -> 0x9993
mem[X,0x00000000800002C4] -> 0x00B9
[187] [M]: 0x00000000800002C2 (0x00B99993) slli x19, x19, 0xb                       inst_16+8
x19 <- 0x0000000000000000

clint mtime 0x000000000000005E (mip.MTI <- 0b1, mip.STI <- 0b0)
mem[X,0x00000000800002C6] -> 0x8993
mem[X,0x00000000800002C8] -> 0x5A89
[188] [M]: 0x00000000800002C6 (0x5A898993) addi x19, x19, 0x5a8                     inst_16+12
x19 <- 0x00000000000005A8

mem[X,0x00000000800002CA] -> 0x9993
mem[X,0x00000000800002CC] -> 0x00B9
[189] [M]: 0x00000000800002CA (0x00B99993) slli x19, x19, 0xb                       inst_16+16
x19 <- 0x00000000002D4000

clint mtime 0x000000000000005F (mip.MTI <- 0b1, mip.STI <- 0b0)
mem[X,0x00000000800002CE] -> 0x8993
mem[X,0x00000000800002D0] -> 0x13C9
[190] [M]: 0x00000000800002CE (0x13C98993) addi x19, x19, 0x13c                     inst_16+20
x19 <- 0x00000000002D413C

mem[X,0x00000000800002D2] -> 0x9993
mem[X,0x00000000800002D4] -> 0x00A9
[191] [M]: 0x00000000800002D2 (0x00A99993) slli x19, x19, 0xa                       inst_16+24
x19 <- 0x00000000B504F000

clint mtime 0x0000000000000060 (mip.MTI <- 0b1, mip.STI <- 0b0)
mem[X,0x00000000800002D6] -> 0x8993
mem[X,0x00000000800002D8] -> 0x3329
[192] [M]: 0x00000000800002D6 (0x33298993) addi x19, x19, 0x332                     inst_16+28
x19 <- 0x00000000B504F332

mem[X,0x00000000800002DA] -> 0x19DD
[193] [M]: 0x00000000800002DA (0x19DD) c.addi x19, -0x9                             inst_16+32
x19 <- 0x00000000B504F329

clint mtime 0x0000000000000061 (mip.MTI <- 0b1, mip.STI <- 0b0)
mem[X,0x00000000800002DC] -> 0xB023
mem[X,0x00000000800002DE] -> 0x0936
[194] [M]: 0x00000000800002DC (0x0936B023) sd x19, 0x80(x13)                        inst_16+34
mem[W,0x0000000080005198] <- 0x00000000B504F329

mem[X,0x00000000800002E0] -> 0x0813
mem[X,0x00000000800002E2] -> 0x0010
[195] [M]: 0x00000000800002E0 (0x00100813) addi x16, x0, 0x1                        inst_17+0
x16 <- 0x0000000000000001

clint mtime 0x0000000000000062 (mip.MTI <- 0b1, mip.STI <- 0b0)
mem[X,0x00000000800002E4] -> 0x1813
mem[X,0x00000000800002E6] -> 0x0338
[196] [M]: 0x00000000800002E4 (0x03381813) slli x16, x16, 0x33                      inst_17+4
x16 <- 0x0008000000000000

mem[X,0x00000000800002E8] -> 0x4813
mem[X,0x00000000800002EA] -> 0xFFF8
[197] [M]: 0x00000000800002E8 (0xFFF84813) xori x16, x16, -0x1                      inst_17+8
x16 <- 0xFFF7FFFFFFFFFFFF

clint mtime 0x0000000000000063 (mip.MTI <- 0b1, mip.STI <- 0b0)
mem[X,0x00000000800002EC] -> 0x183D
[198] [M]: 0x00000000800002EC (0x183D) c.addi x16, -0x11                            inst_17+12
x16 <- 0xFFF7FFFFFFFFFFEE

mem[X,0x00000000800002EE] -> 0xB423
mem[X,0x00000000800002F0] -> 0x0906
[199] [M]: 0x00000000800002EE (0x0906B423) sd x16, 0x88(x13)                        inst_17+14
mem[W,0x00000000800051A0] <- 0xFFF7FFFFFFFFFFEE

clint mtime 0x0000000000000064 (mip.MTI <- 0b1, mip.STI <- 0b0)
mem[X,0x00000000800002F2] -> 0x0393
mem[X,0x00000000800002F4] -> 0x0010
[200] [M]: 0x00000000800002F2 (0x00100393) addi x7, x0, 0x1                         inst_18+0
x7 <- 0x0000000000000001

mem[X,0x00000000800002F6] -> 0x9393
mem[X,0x00000000800002F8] -> 0x0183
[201] [M]: 0x00000000800002F6 (0x01839393) slli x7, x7, 0x18                        inst_18+4
x7 <- 0x0000000001000000

clint mtime 0x0000000000000065 (mip.MTI <- 0b1, mip.STI <- 0b0)
mem[X,0x00000000800002FA] -> 0x03D5
[202] [M]: 0x00000000800002FA (0x03D5) c.addi x7, 0x15                              inst_18+8
x7 <- 0x0000000001000015

mem[X,0x00000000800002FC] -> 0xB823
mem[X,0x00000000800002FE] -> 0x0876
[203] [M]: 0x00000000800002FC (0x0876B823) sd x7, 0x90(x13)                         inst_18+10
mem[W,0x00000000800051A8] <- 0x0000000001000015

clint mtime 0x0000000000000066 (mip.MTI <- 0b1, mip.STI <- 0b0)
mem[X,0x0000000080000300] -> 0x0F13
mem[X,0x0000000080000302] -> 0x0010
[204] [M]: 0x0000000080000300 (0x00100F13) addi x30, x0, 0x1                        inst_19+0
x30 <- 0x0000000000000001

mem[X,0x0000000080000304] -> 0x1F13
mem[X,0x0000000080000306] -> 0x011F
[205] [M]: 0x0000000080000304 (0x011F1F13) slli x30, x30, 0x11                      inst_19+4
x30 <- 0x0000000000020000

clint mtime 0x0000000000000067 (mip.MTI <- 0b1, mip.STI <- 0b0)
mem[X,0x0000000080000308] -> 0x4F13
mem[X,0x000000008000030A] -> 0xFFFF
[206] [M]: 0x0000000080000308 (0xFFFF4F13) xori x30, x30, -0x1                      inst_19+8
x30 <- 0xFFFFFFFFFFFDFFFF

mem[X,0x000000008000030C] -> 0x1F29
[207] [M]: 0x000000008000030C (0x1F29) c.addi x30, -0x16                            inst_19+12
x30 <- 0xFFFFFFFFFFFDFFE9

clint mtime 0x0000000000000068 (mip.MTI <- 0b1, mip.STI <- 0b0)
mem[X,0x000000008000030E] -> 0xBC23
mem[X,0x0000000080000310] -> 0x09E6
[208] [M]: 0x000000008000030E (0x09E6BC23) sd x30, 0x98(x13)                        inst_19+14
mem[W,0x00000000800051B0] <- 0xFFFFFFFFFFFDFFE9

mem[X,0x0000000080000312] -> 0x0593
mem[X,0x0000000080000314] -> 0x0020
[209] [M]: 0x0000000080000312 (0x00200593) addi x11, x0, 0x2                        inst_20+0
x11 <- 0x0000000000000002

clint mtime 0x0000000000000069 (mip.MTI <- 0b1, mip.STI <- 0b0)
mem[X,0x0000000080000316] -> 0x0595
[210] [M]: 0x0000000080000316 (0x0595) c.addi x11, 0x5                              inst_20+4
x11 <- 0x0000000000000007

mem[X,0x0000000080000318] -> 0xF2CC
[211] [M]: 0x0000000080000318 (0xF2CC) c.sd x11, 0xa0(x13)                          inst_20+6
mem[W,0x00000000800051B8] <- 0x0000000000000007

clint mtime 0x000000000000006A (mip.MTI <- 0b1, mip.STI <- 0b0)
mem[X,0x000000008000031A] -> 0x0513
mem[X,0x000000008000031C] -> 0x0080
[212] [M]: 0x000000008000031A (0x00800513) addi x10, x0, 0x8                        inst_21+0
x10 <- 0x0000000000000008

mem[X,0x000000008000031E] -> 0x0515
[213] [M]: 0x000000008000031E (0x0515) c.addi x10, 0x5                              inst_21+4
x10 <- 0x000000000000000D

clint mtime 0x000000000000006B (mip.MTI <- 0b1, mip.STI <- 0b0)
mem[X,0x0000000080000320] -> 0xF6C8
[214] [M]: 0x0000000080000320 (0xF6C8) c.sd x10, 0xa8(x13)                          inst_21+6
mem[W,0x00000000800051C0] <- 0x000000000000000D

mem[X,0x0000000080000322] -> 0x0193
mem[X,0x0000000080000324] -> 0x0100
[215] [M]: 0x0000000080000322 (0x01000193) addi x3, x0, 0x10                        inst_22+0
x3 <- 0x0000000000000010

clint mtime 0x000000000000006C (mip.MTI <- 0b1, mip.STI <- 0b0)
mem[X,0x0000000080000326] -> 0x019D
[216] [M]: 0x0000000080000326 (0x019D) c.addi x3, 0x7                               inst_22+4
x3 <- 0x0000000000000017

mem[X,0x0000000080000328] -> 0xB823
mem[X,0x000000008000032A] -> 0x0A36
[217] [M]: 0x0000000080000328 (0x0A36B823) sd x3, 0xb0(x13)                         inst_22+6
mem[W,0x00000000800051C8] <- 0x0000000000000017

clint mtime 0x000000000000006D (mip.MTI <- 0b1, mip.STI <- 0b0)
mem[X,0x000000008000032C] -> 0x0D93
mem[X,0x000000008000032E] -> 0x0200
[218] [M]: 0x000000008000032C (0x02000D93) addi x27, x0, 0x20                       inst_23+0
x27 <- 0x0000000000000020

mem[X,0x0000000080000330] -> 0x1D81
[219] [M]: 0x0000000080000330 (0x1D81) c.addi x27, -0x20                            inst_23+4
x27 <- 0x0000000000000000

clint mtime 0x000000000000006E (mip.MTI <- 0b1, mip.STI <- 0b0)
mem[X,0x0000000080000332] -> 0xBC23
mem[X,0x0000000080000334] -> 0x0BB6
[220] [M]: 0x0000000080000332 (0x0BB6BC23) sd x27, 0xb8(x13)                        inst_23+6
mem[W,0x00000000800051D0] <- 0x0000000000000000

mem[X,0x0000000080000336] -> 0x0913
mem[X,0x0000000080000338] -> 0x0400
[221] [M]: 0x0000000080000336 (0x04000913) addi x18, x0, 0x40                       inst_24+0
x18 <- 0x0000000000000040

clint mtime 0x000000000000006F (mip.MTI <- 0b1, mip.STI <- 0b0)
mem[X,0x000000008000033A] -> 0x1979
[222] [M]: 0x000000008000033A (0x1979) c.addi x18, -0x2                             inst_24+4
x18 <- 0x000000000000003E

mem[X,0x000000008000033C] -> 0xB023
mem[X,0x000000008000033E] -> 0x0D26
[223] [M]: 0x000000008000033C (0x0D26B023) sd x18, 0xc0(x13)                        inst_24+6
mem[W,0x00000000800051D8] <- 0x000000000000003E

clint mtime 0x0000000000000070 (mip.MTI <- 0b1, mip.STI <- 0b0)
mem[X,0x0000000080000340] -> 0x0B93
mem[X,0x0000000080000342] -> 0x0800
[224] [M]: 0x0000000080000340 (0x08000B93) addi x23, x0, 0x80                       inst_25+0
x23 <- 0x0000000000000080

mem[X,0x0000000080000344] -> 0x0BFD
[225] [M]: 0x0000000080000344 (0x0BFD) c.addi x23, 0x1f                             inst_25+4
x23 <- 0x000000000000009F

clint mtime 0x0000000000000071 (mip.MTI <- 0b1, mip.STI <- 0b0)
mem[X,0x0000000080000346] -> 0xB423
mem[X,0x0000000080000348] -> 0x0D76
[226] [M]: 0x0000000080000346 (0x0D76B423) sd x23, 0xc8(x13)                        inst_25+6
mem[W,0x00000000800051E0] <- 0x000000000000009F

mem[X,0x000000008000034A] -> 0x0113
mem[X,0x000000008000034C] -> 0x1000
[227] [M]: 0x000000008000034A (0x10000113) addi x2, x0, 0x100                       inst_26+0
x2 <- 0x0000000000000100

clint mtime 0x0000000000000072 (mip.MTI <- 0b1, mip.STI <- 0b0)
mem[X,0x000000008000034E] -> 0x0111
[228] [M]: 0x000000008000034E (0x0111) c.addi x2, 0x4                               inst_26+4
x2 <- 0x0000000000000104

mem[X,0x0000000080000350] -> 0xB823
mem[X,0x0000000080000352] -> 0x0C26
[229] [M]: 0x0000000080000350 (0x0C26B823) sd x2, 0xd0(x13)                         inst_26+6
mem[W,0x00000000800051E8] <- 0x0000000000000104

clint mtime 0x0000000000000073 (mip.MTI <- 0b1, mip.STI <- 0b0)
mem[X,0x0000000080000354] -> 0x0C13
mem[X,0x0000000080000356] -> 0x2000
[230] [M]: 0x0000000080000354 (0x20000C13) addi x24, x0, 0x200                      inst_27+0
x24 <- 0x0000000000000200

mem[X,0x0000000080000358] -> 0x0C19
[231] [M]: 0x0000000080000358 (0x0C19) c.addi x24, 0x6                              inst_27+4
x24 <- 0x0000000000000206

clint mtime 0x0000000000000074 (mip.MTI <- 0b1, mip.STI <- 0b0)
mem[X,0x000000008000035A] -> 0xBC23
mem[X,0x000000008000035C] -> 0x0D86
[232] [M]: 0x000000008000035A (0x0D86BC23) sd x24, 0xd8(x13)                        inst_27+6
mem[W,0x00000000800051F0] <- 0x0000000000000206

mem[X,0x000000008000035E] -> 0x0001
[233] [M]: 0x000000008000035E (0x0001) c.nop                                        inst_27+10

clint mtime 0x0000000000000075 (mip.MTI <- 0b1, mip.STI <- 0b0)
mem[X,0x0000000080000360] -> 0x5097
mem[X,0x0000000080000362] -> 0x0000
[234] [M]: 0x0000000080000360 (0x00005097) auipc x1, 0x5                            inst_27+12
x1 <- 0x0000000080005360

mem[X,0x0000000080000364] -> 0x8093
mem[X,0x0000000080000366] -> 0xE980
[235] [M]: 0x0000000080000364 (0xE9808093) addi x1, x1, -0x168                      inst_27+16
x1 <- 0x00000000800051F8

clint mtime 0x0000000000000076 (mip.MTI <- 0b1, mip.STI <- 0b0)
mem[X,0x0000000080000368] -> 0x0013
mem[X,0x000000008000036A] -> 0x0000
[236] [M]: 0x0000000080000368 (0x00000013) addi x0, x0, 0x0                         inst_27+20

mem[X,0x000000008000036C] -> 0x0013
mem[X,0x000000008000036E] -> 0x0000
[237] [M]: 0x000000008000036C (0x00000013) addi x0, x0, 0x0                         inst_27+24

clint mtime 0x0000000000000077 (mip.MTI <- 0b1, mip.STI <- 0b0)
mem[X,0x0000000080000370] -> 0x0013
mem[X,0x0000000080000372] -> 0x0000
[238] [M]: 0x0000000080000370 (0x00000013) addi x0, x0, 0x0                         inst_27+28

mem[X,0x0000000080000374] -> 0x0013
mem[X,0x0000000080000376] -> 0x0000
[239] [M]: 0x0000000080000374 (0x00000013) addi x0, x0, 0x0                         inst_27+32

clint mtime 0x0000000000000078 (mip.MTI <- 0b1, mip.STI <- 0b0)
mem[X,0x0000000080000378] -> 0x0013
mem[X,0x000000008000037A] -> 0x0000
[240] [M]: 0x0000000080000378 (0x00000013) addi x0, x0, 0x0                         inst_27+36

mem[X,0x000000008000037C] -> 0x0013
mem[X,0x000000008000037E] -> 0x0000
[241] [M]: 0x000000008000037C (0x00000013) addi x0, x0, 0x0                         inst_27+40

clint mtime 0x0000000000000079 (mip.MTI <- 0b1, mip.STI <- 0b0)
mem[X,0x0000000080000380] -> 0x0693
mem[X,0x0000000080000382] -> 0x4000
[242] [M]: 0x0000000080000380 (0x40000693) addi x13, x0, 0x400                      inst_28+0
x13 <- 0x0000000000000400

mem[X,0x0000000080000384] -> 0x069D
[243] [M]: 0x0000000080000384 (0x069D) c.addi x13, 0x7                              inst_28+4
x13 <- 0x0000000000000407

clint mtime 0x000000000000007A (mip.MTI <- 0b1, mip.STI <- 0b0)
mem[X,0x0000000080000386] -> 0xB023
mem[X,0x0000000080000388] -> 0x00D0
[244] [M]: 0x0000000080000386 (0x00D0B023) sd x13, 0x0(x1)                          inst_28+6
mem[W,0x00000000800051F8] <- 0x0000000000000407

mem[X,0x000000008000038A] -> 0x0893
mem[X,0x000000008000038C] -> 0x0010
[245] [M]: 0x000000008000038A (0x00100893) addi x17, x0, 0x1                        inst_29+0
x17 <- 0x0000000000000001

clint mtime 0x000000000000007B (mip.MTI <- 0b1, mip.STI <- 0b0)
mem[X,0x000000008000038E] -> 0x9893
mem[X,0x0000000080000390] -> 0x00B8
[246] [M]: 0x000000008000038E (0x00B89893) slli x17, x17, 0xb                       inst_29+4
x17 <- 0x0000000000000800

mem[X,0x0000000080000392] -> 0x08FD
[247] [M]: 0x0000000080000392 (0x08FD) c.addi x17, 0x1f                             inst_29+8
x17 <- 0x000000000000081F

clint mtime 0x000000000000007C (mip.MTI <- 0b1, mip.STI <- 0b0)
mem[X,0x0000000080000394] -> 0xB423
mem[X,0x0000000080000396] -> 0x0110
[248] [M]: 0x0000000080000394 (0x0110B423) sd x17, 0x8(x1)                          inst_29+10
mem[W,0x0000000080005200] <- 0x000000000000081F

mem[X,0x0000000080000398] -> 0x0E93
mem[X,0x000000008000039A] -> 0x0010
[249] [M]: 0x0000000080000398 (0x00100E93) addi x29, x0, 0x1                        inst_30+0
x29 <- 0x0000000000000001

clint mtime 0x000000000000007D (mip.MTI <- 0b1, mip.STI <- 0b0)
mem[X,0x000000008000039C] -> 0x9E93
mem[X,0x000000008000039E] -> 0x00CE
[250] [M]: 0x000000008000039C (0x00CE9E93) slli x29, x29, 0xc                       inst_30+4
x29 <- 0x0000000000001000

mem[X,0x00000000800003A0] -> 0x0E99
[251] [M]: 0x00000000800003A0 (0x0E99) c.addi x29, 0x6                              inst_30+8
x29 <- 0x0000000000001006

clint mtime 0x000000000000007E (mip.MTI <- 0b1, mip.STI <- 0b0)
mem[X,0x00000000800003A2] -> 0xB823
mem[X,0x00000000800003A4] -> 0x01D0
[252] [M]: 0x00000000800003A2 (0x01D0B823) sd x29, 0x10(x1)                         inst_30+10
mem[W,0x0000000080005208] <- 0x0000000000001006

mem[X,0x00000000800003A6] -> 0x0513
mem[X,0x00000000800003A8] -> 0x0010
[253] [M]: 0x00000000800003A6 (0x00100513) addi x10, x0, 0x1                        inst_31+0
x10 <- 0x0000000000000001

clint mtime 0x000000000000007F (mip.MTI <- 0b1, mip.STI <- 0b0)
mem[X,0x00000000800003AA] -> 0x1513
mem[X,0x00000000800003AC] -> 0x00D5
[254] [M]: 0x00000000800003AA (0x00D51513) slli x10, x10, 0xd                       inst_31+4
x10 <- 0x0000000000002000

mem[X,0x00000000800003AE] -> 0x0511
[255] [M]: 0x00000000800003AE (0x0511) c.addi x10, 0x4                              inst_31+8
x10 <- 0x0000000000002004

clint mtime 0x0000000000000080 (mip.MTI <- 0b1, mip.STI <- 0b0)
mem[X,0x00000000800003B0] -> 0xBC23
mem[X,0x00000000800003B2] -> 0x00A0
[256] [M]: 0x00000000800003B0 (0x00A0BC23) sd x10, 0x18(x1)                         inst_31+10
mem[W,0x0000000080005210] <- 0x0000000000002004

mem[X,0x00000000800003B4] -> 0x0513
mem[X,0x00000000800003B6] -> 0x0010
[257] [M]: 0x00000000800003B4 (0x00100513) addi x10, x0, 0x1                        inst_32+0
x10 <- 0x0000000000000001

clint mtime 0x0000000000000081 (mip.MTI <- 0b1, mip.STI <- 0b0)
mem[X,0x00000000800003B8] -> 0x1513
mem[X,0x00000000800003BA] -> 0x00E5
[258] [M]: 0x00000000800003B8 (0x00E51513) slli x10, x10, 0xe                       inst_32+4
x10 <- 0x0000000000004000

mem[X,0x00000000800003BC] -> 0x051D
[259] [M]: 0x00000000800003BC (0x051D) c.addi x10, 0x7                              inst_32+8
x10 <- 0x0000000000004007

clint mtime 0x0000000000000082 (mip.MTI <- 0b1, mip.STI <- 0b0)
mem[X,0x00000000800003BE] -> 0xB023
mem[X,0x00000000800003C0] -> 0x02A0
[260] [M]: 0x00000000800003BE (0x02A0B023) sd x10, 0x20(x1)                         inst_32+10
mem[W,0x0000000080005218] <- 0x0000000000004007

mem[X,0x00000000800003C2] -> 0x0513
mem[X,0x00000000800003C4] -> 0x0010
[261] [M]: 0x00000000800003C2 (0x00100513) addi x10, x0, 0x1                        inst_33+0
x10 <- 0x0000000000000001

clint mtime 0x0000000000000083 (mip.MTI <- 0b1, mip.STI <- 0b0)
mem[X,0x00000000800003C6] -> 0x1513
mem[X,0x00000000800003C8] -> 0x00F5
[262] [M]: 0x00000000800003C6 (0x00F51513) slli x10, x10, 0xf                       inst_33+4
x10 <- 0x0000000000008000

mem[X,0x00000000800003CA] -> 0x0511
[263] [M]: 0x00000000800003CA (0x0511) c.addi x10, 0x4                              inst_33+8
x10 <- 0x0000000000008004

clint mtime 0x0000000000000084 (mip.MTI <- 0b1, mip.STI <- 0b0)
mem[X,0x00000000800003CC] -> 0xB423
mem[X,0x00000000800003CE] -> 0x02A0
[264] [M]: 0x00000000800003CC (0x02A0B423) sd x10, 0x28(x1)                         inst_33+10
mem[W,0x0000000080005220] <- 0x0000000000008004

mem[X,0x00000000800003D0] -> 0x0513
mem[X,0x00000000800003D2] -> 0x0010
[265] [M]: 0x00000000800003D0 (0x00100513) addi x10, x0, 0x1                        inst_34+0
x10 <- 0x0000000000000001

clint mtime 0x0000000000000085 (mip.MTI <- 0b1, mip.STI <- 0b0)
mem[X,0x00000000800003D4] -> 0x1513
mem[X,0x00000000800003D6] -> 0x0105
[266] [M]: 0x00000000800003D4 (0x01051513) slli x10, x10, 0x10                      inst_34+4
x10 <- 0x0000000000010000

mem[X,0x00000000800003D8] -> 0x0511
[267] [M]: 0x00000000800003D8 (0x0511) c.addi x10, 0x4                              inst_34+8
x10 <- 0x0000000000010004

clint mtime 0x0000000000000086 (mip.MTI <- 0b1, mip.STI <- 0b0)
mem[X,0x00000000800003DA] -> 0xB823
mem[X,0x00000000800003DC] -> 0x02A0
[268] [M]: 0x00000000800003DA (0x02A0B823) sd x10, 0x30(x1)                         inst_34+10
mem[W,0x0000000080005228] <- 0x0000000000010004

mem[X,0x00000000800003DE] -> 0x0513
mem[X,0x00000000800003E0] -> 0x0010
[269] [M]: 0x00000000800003DE (0x00100513) addi x10, x0, 0x1                        inst_35+0
x10 <- 0x0000000000000001

clint mtime 0x0000000000000087 (mip.MTI <- 0b1, mip.STI <- 0b0)
mem[X,0x00000000800003E2] -> 0x1513
mem[X,0x00000000800003E4] -> 0x0115
[270] [M]: 0x00000000800003E2 (0x01151513) slli x10, x10, 0x11                      inst_35+4
x10 <- 0x0000000000020000

mem[X,0x00000000800003E6] -> 0x1575
[271] [M]: 0x00000000800003E6 (0x1575) c.addi x10, -0x3                             inst_35+8
x10 <- 0x000000000001FFFD

clint mtime 0x0000000000000088 (mip.MTI <- 0b1, mip.STI <- 0b0)
mem[X,0x00000000800003E8] -> 0xBC23
mem[X,0x00000000800003EA] -> 0x02A0
[272] [M]: 0x00000000800003E8 (0x02A0BC23) sd x10, 0x38(x1)                         inst_35+10
mem[W,0x0000000080005230] <- 0x000000000001FFFD

mem[X,0x00000000800003EC] -> 0x0513
mem[X,0x00000000800003EE] -> 0x0010
[273] [M]: 0x00000000800003EC (0x00100513) addi x10, x0, 0x1                        inst_36+0
x10 <- 0x0000000000000001

clint mtime 0x0000000000000089 (mip.MTI <- 0b1, mip.STI <- 0b0)
mem[X,0x00000000800003F0] -> 0x1513
mem[X,0x00000000800003F2] -> 0x0125
[274] [M]: 0x00000000800003F0 (0x01251513) slli x10, x10, 0x12                      inst_36+4
x10 <- 0x0000000000040000

mem[X,0x00000000800003F4] -> 0x0509
[275] [M]: 0x00000000800003F4 (0x0509) c.addi x10, 0x2                              inst_36+8
x10 <- 0x0000000000040002

clint mtime 0x000000000000008A (mip.MTI <- 0b1, mip.STI <- 0b0)
mem[X,0x00000000800003F6] -> 0xB023
mem[X,0x00000000800003F8] -> 0x04A0
[276] [M]: 0x00000000800003F6 (0x04A0B023) sd x10, 0x40(x1)                         inst_36+10
mem[W,0x0000000080005238] <- 0x0000000000040002

mem[X,0x00000000800003FA] -> 0x0513
mem[X,0x00000000800003FC] -> 0x0010
[277] [M]: 0x00000000800003FA (0x00100513) addi x10, x0, 0x1                        inst_37+0
x10 <- 0x0000000000000001

clint mtime 0x000000000000008B (mip.MTI <- 0b1, mip.STI <- 0b0)
mem[X,0x00000000800003FE] -> 0x1513
mem[X,0x0000000080000400] -> 0x0135
[278] [M]: 0x00000000800003FE (0x01351513) slli x10, x10, 0x13                      inst_37+4
x10 <- 0x0000000000080000

mem[X,0x0000000080000402] -> 0x1529
[279] [M]: 0x0000000080000402 (0x1529) c.addi x10, -0x16                            inst_37+8
x10 <- 0x000000000007FFEA

clint mtime 0x000000000000008C (mip.MTI <- 0b1, mip.STI <- 0b0)
mem[X,0x0000000080000404] -> 0xB423
mem[X,0x0000000080000406] -> 0x04A0
[280] [M]: 0x0000000080000404 (0x04A0B423) sd x10, 0x48(x1)                         inst_37+10
mem[W,0x0000000080005240] <- 0x000000000007FFEA

mem[X,0x0000000080000408] -> 0x0513
mem[X,0x000000008000040A] -> 0x0010
[281] [M]: 0x0000000080000408 (0x00100513) addi x10, x0, 0x1                        inst_38+0
x10 <- 0x0000000000000001

clint mtime 0x000000000000008D (mip.MTI <- 0b1, mip.STI <- 0b0)
mem[X,0x000000008000040C] -> 0x1513
mem[X,0x000000008000040E] -> 0x0145
[282] [M]: 0x000000008000040C (0x01451513) slli x10, x10, 0x14                      inst_38+4
x10 <- 0x0000000000100000

mem[X,0x0000000080000410] -> 0x155D
[283] [M]: 0x0000000080000410 (0x155D) c.addi x10, -0x9                             inst_38+8
x10 <- 0x00000000000FFFF7

clint mtime 0x000000000000008E (mip.MTI <- 0b1, mip.STI <- 0b0)
mem[X,0x0000000080000412] -> 0xB823
mem[X,0x0000000080000414] -> 0x04A0
[284] [M]: 0x0000000080000412 (0x04A0B823) sd x10, 0x50(x1)                         inst_38+10
mem[W,0x0000000080005248] <- 0x00000000000FFFF7

mem[X,0x0000000080000416] -> 0x0513
mem[X,0x0000000080000418] -> 0x0010
[285] [M]: 0x0000000080000416 (0x00100513) addi x10, x0, 0x1                        inst_39+0
x10 <- 0x0000000000000001

clint mtime 0x000000000000008F (mip.MTI <- 0b1, mip.STI <- 0b0)
mem[X,0x000000008000041A] -> 0x1513
mem[X,0x000000008000041C] -> 0x0155
[286] [M]: 0x000000008000041A (0x01551513) slli x10, x10, 0x15                      inst_39+4
x10 <- 0x0000000000200000

mem[X,0x000000008000041E] -> 0x1559
[287] [M]: 0x000000008000041E (0x1559) c.addi x10, -0xa                             inst_39+8
x10 <- 0x00000000001FFFF6

clint mtime 0x0000000000000090 (mip.MTI <- 0b1, mip.STI <- 0b0)
mem[X,0x0000000080000420] -> 0xBC23
mem[X,0x0000000080000422] -> 0x04A0
[288] [M]: 0x0000000080000420 (0x04A0BC23) sd x10, 0x58(x1)                         inst_39+10
mem[W,0x0000000080005250] <- 0x00000000001FFFF6

mem[X,0x0000000080000424] -> 0x0513
mem[X,0x0000000080000426] -> 0x0010
[289] [M]: 0x0000000080000424 (0x00100513) addi x10, x0, 0x1                        inst_40+0
x10 <- 0x0000000000000001

clint mtime 0x0000000000000091 (mip.MTI <- 0b1, mip.STI <- 0b0)
mem[X,0x0000000080000428] -> 0x1513
mem[X,0x000000008000042A] -> 0x0165
[290] [M]: 0x0000000080000428 (0x01651513) slli x10, x10, 0x16                      inst_40+4
x10 <- 0x0000000000400000

mem[X,0x000000008000042C] -> 0x0511
[291] [M]: 0x000000008000042C (0x0511) c.addi x10, 0x4                              inst_40+8
x10 <- 0x0000000000400004

clint mtime 0x0000000000000092 (mip.MTI <- 0b1, mip.STI <- 0b0)
mem[X,0x000000008000042E] -> 0xB023
mem[X,0x0000000080000430] -> 0x06A0
[292] [M]: 0x000000008000042E (0x06A0B023) sd x10, 0x60(x1)                         inst_40+10
mem[W,0x0000000080005258] <- 0x0000000000400004

mem[X,0x0000000080000432] -> 0x0513
mem[X,0x0000000080000434] -> 0x0010
[293] [M]: 0x0000000080000432 (0x00100513) addi x10, x0, 0x1                        inst_41+0
x10 <- 0x0000000000000001

clint mtime 0x0000000000000093 (mip.MTI <- 0b1, mip.STI <- 0b0)
mem[X,0x0000000080000436] -> 0x1513
mem[X,0x0000000080000438] -> 0x0175
[294] [M]: 0x0000000080000436 (0x01751513) slli x10, x10, 0x17                      inst_41+4
x10 <- 0x0000000000800000

mem[X,0x000000008000043A] -> 0x1501
[295] [M]: 0x000000008000043A (0x1501) c.addi x10, -0x20                            inst_41+8
x10 <- 0x00000000007FFFE0

clint mtime 0x0000000000000094 (mip.MTI <- 0b1, mip.STI <- 0b0)
mem[X,0x000000008000043C] -> 0xB423
mem[X,0x000000008000043E] -> 0x06A0
[296] [M]: 0x000000008000043C (0x06A0B423) sd x10, 0x68(x1)                         inst_41+10
mem[W,0x0000000080005260] <- 0x00000000007FFFE0

mem[X,0x0000000080000440] -> 0x0513
mem[X,0x0000000080000442] -> 0x0010
[297] [M]: 0x0000000080000440 (0x00100513) addi x10, x0, 0x1                        inst_42+0
x10 <- 0x0000000000000001

clint mtime 0x0000000000000095 (mip.MTI <- 0b1, mip.STI <- 0b0)
mem[X,0x0000000080000444] -> 0x1513
mem[X,0x0000000080000446] -> 0x0195
[298] [M]: 0x0000000080000444 (0x01951513) slli x10, x10, 0x19                      inst_42+4
x10 <- 0x0000000002000000

mem[X,0x0000000080000448] -> 0x153D
[299] [M]: 0x0000000080000448 (0x153D) c.addi x10, -0x11                            inst_42+8
x10 <- 0x0000000001FFFFEF

clint mtime 0x0000000000000096 (mip.MTI <- 0b1, mip.STI <- 0b0)
mem[X,0x000000008000044A] -> 0xB823
mem[X,0x000000008000044C] -> 0x06A0
[300] [M]: 0x000000008000044A (0x06A0B823) sd x10, 0x70(x1)                         inst_42+10
mem[W,0x0000000080005268] <- 0x0000000001FFFFEF

mem[X,0x000000008000044E] -> 0x0513
mem[X,0x0000000080000450] -> 0x0010
[301] [M]: 0x000000008000044E (0x00100513) addi x10, x0, 0x1                        inst_43+0
x10 <- 0x0000000000000001

clint mtime 0x0000000000000097 (mip.MTI <- 0b1, mip.STI <- 0b0)
mem[X,0x0000000080000452] -> 0x1513
mem[X,0x0000000080000454] -> 0x01A5
[302] [M]: 0x0000000080000452 (0x01A51513) slli x10, x10, 0x1a                      inst_43+4
x10 <- 0x0000000004000000

mem[X,0x0000000080000456] -> 0x0511
[303] [M]: 0x0000000080000456 (0x0511) c.addi x10, 0x4                              inst_43+8
x10 <- 0x0000000004000004

clint mtime 0x0000000000000098 (mip.MTI <- 0b1, mip.STI <- 0b0)
mem[X,0x0000000080000458] -> 0xBC23
mem[X,0x000000008000045A] -> 0x06A0
[304] [M]: 0x0000000080000458 (0x06A0BC23) sd x10, 0x78(x1)                         inst_43+10
mem[W,0x0000000080005270] <- 0x0000000004000004

mem[X,0x000000008000045C] -> 0x0513
mem[X,0x000000008000045E] -> 0x0010
[305] [M]: 0x000000008000045C (0x00100513) addi x10, x0, 0x1                        inst_44+0
x10 <- 0x0000000000000001

clint mtime 0x0000000000000099 (mip.MTI <- 0b1, mip.STI <- 0b0)
mem[X,0x0000000080000460] -> 0x1513
mem[X,0x0000000080000462] -> 0x01B5
[306] [M]: 0x0000000080000460 (0x01B51513) slli x10, x10, 0x1b                      inst_44+4
x10 <- 0x0000000008000000

mem[X,0x0000000080000464] -> 0x0519
[307] [M]: 0x0000000080000464 (0x0519) c.addi x10, 0x6                              inst_44+8
x10 <- 0x0000000008000006

clint mtime 0x000000000000009A (mip.MTI <- 0b1, mip.STI <- 0b0)
mem[X,0x0000000080000466] -> 0xB023
mem[X,0x0000000080000468] -> 0x08A0
[308] [M]: 0x0000000080000466 (0x08A0B023) sd x10, 0x80(x1)                         inst_44+10
mem[W,0x0000000080005278] <- 0x0000000008000006

mem[X,0x000000008000046A] -> 0x0513
mem[X,0x000000008000046C] -> 0x0010
[309] [M]: 0x000000008000046A (0x00100513) addi x10, x0, 0x1                        inst_45+0
x10 <- 0x0000000000000001

clint mtime 0x000000000000009B (mip.MTI <- 0b1, mip.STI <- 0b0)
mem[X,0x000000008000046E] -> 0x1513
mem[X,0x0000000080000470] -> 0x01C5
[310] [M]: 0x000000008000046E (0x01C51513) slli x10, x10, 0x1c                      inst_45+4
x10 <- 0x0000000010000000

mem[X,0x0000000080000472] -> 0x0509
[311] [M]: 0x0000000080000472 (0x0509) c.addi x10, 0x2                              inst_45+8
x10 <- 0x0000000010000002

clint mtime 0x000000000000009C (mip.MTI <- 0b1, mip.STI <- 0b0)
mem[X,0x0000000080000474] -> 0xB423
mem[X,0x0000000080000476] -> 0x08A0
[312] [M]: 0x0000000080000474 (0x08A0B423) sd x10, 0x88(x1)                         inst_45+10
mem[W,0x0000000080005280] <- 0x0000000010000002

mem[X,0x0000000080000478] -> 0x0513
mem[X,0x000000008000047A] -> 0x0010
[313] [M]: 0x0000000080000478 (0x00100513) addi x10, x0, 0x1                        inst_46+0
x10 <- 0x0000000000000001

clint mtime 0x000000000000009D (mip.MTI <- 0b1, mip.STI <- 0b0)
mem[X,0x000000008000047C] -> 0x1513
mem[X,0x000000008000047E] -> 0x01D5
[314] [M]: 0x000000008000047C (0x01D51513) slli x10, x10, 0x1d                      inst_46+4
x10 <- 0x0000000020000000

mem[X,0x0000000080000480] -> 0x1501
[315] [M]: 0x0000000080000480 (0x1501) c.addi x10, -0x20                            inst_46+8
x10 <- 0x000000001FFFFFE0

clint mtime 0x000000000000009E (mip.MTI <- 0b1, mip.STI <- 0b0)
mem[X,0x0000000080000482] -> 0xB823
mem[X,0x0000000080000484] -> 0x08A0
[316] [M]: 0x0000000080000482 (0x08A0B823) sd x10, 0x90(x1)                         inst_46+10
mem[W,0x0000000080005288] <- 0x000000001FFFFFE0

mem[X,0x0000000080000486] -> 0x0513
mem[X,0x0000000080000488] -> 0x0010
[317] [M]: 0x0000000080000486 (0x00100513) addi x10, x0, 0x1                        inst_47+0
x10 <- 0x0000000000000001

clint mtime 0x000000000000009F (mip.MTI <- 0b1, mip.STI <- 0b0)
mem[X,0x000000008000048A] -> 0x1513
mem[X,0x000000008000048C] -> 0x01F5
[318] [M]: 0x000000008000048A (0x01F51513) slli x10, x10, 0x1f                      inst_47+4
x10 <- 0x0000000080000000

mem[X,0x000000008000048E] -> 0x0501
[319] [M]: 0x000000008000048E (0x0501) c.addi x10, 0x0                              inst_47+8
x10 <- 0x0000000080000000

clint mtime 0x00000000000000A0 (mip.MTI <- 0b1, mip.STI <- 0b0)
mem[X,0x0000000080000490] -> 0xBC23
mem[X,0x0000000080000492] -> 0x08A0
[320] [M]: 0x0000000080000490 (0x08A0BC23) sd x10, 0x98(x1)                         inst_47+10
mem[W,0x0000000080005290] <- 0x0000000080000000

mem[X,0x0000000080000494] -> 0x0513
mem[X,0x0000000080000496] -> 0x0010
[321] [M]: 0x0000000080000494 (0x00100513) addi x10, x0, 0x1                        inst_48+0
x10 <- 0x0000000000000001

clint mtime 0x00000000000000A1 (mip.MTI <- 0b1, mip.STI <- 0b0)
mem[X,0x0000000080000498] -> 0x1513
mem[X,0x000000008000049A] -> 0x0205
[322] [M]: 0x0000000080000498 (0x02051513) slli x10, x10, 0x20                      inst_48+4
x10 <- 0x0000000100000000

mem[X,0x000000008000049C] -> 0x0529
[323] [M]: 0x000000008000049C (0x0529) c.addi x10, 0xa                              inst_48+8
x10 <- 0x000000010000000A

clint mtime 0x00000000000000A2 (mip.MTI <- 0b1, mip.STI <- 0b0)
mem[X,0x000000008000049E] -> 0xB023
mem[X,0x00000000800004A0] -> 0x0AA0
[324] [M]: 0x000000008000049E (0x0AA0B023) sd x10, 0xa0(x1)                         inst_48+10
mem[W,0x0000000080005298] <- 0x000000010000000A

mem[X,0x00000000800004A2] -> 0x0513
mem[X,0x00000000800004A4] -> 0x0010
[325] [M]: 0x00000000800004A2 (0x00100513) addi x10, x0, 0x1                        inst_49+0
x10 <- 0x0000000000000001

clint mtime 0x00000000000000A3 (mip.MTI <- 0b1, mip.STI <- 0b0)
mem[X,0x00000000800004A6] -> 0x1513
mem[X,0x00000000800004A8] -> 0x0215
[326] [M]: 0x00000000800004A6 (0x02151513) slli x10, x10, 0x21                      inst_49+4
x10 <- 0x0000000200000000

mem[X,0x00000000800004AA] -> 0x0519
[327] [M]: 0x00000000800004AA (0x0519) c.addi x10, 0x6                              inst_49+8
x10 <- 0x0000000200000006

clint mtime 0x00000000000000A4 (mip.MTI <- 0b1, mip.STI <- 0b0)
mem[X,0x00000000800004AC] -> 0xB423
mem[X,0x00000000800004AE] -> 0x0AA0
[328] [M]: 0x00000000800004AC (0x0AA0B423) sd x10, 0xa8(x1)                         inst_49+10
mem[W,0x00000000800052A0] <- 0x0000000200000006

mem[X,0x00000000800004B0] -> 0x0513
mem[X,0x00000000800004B2] -> 0x0010
[329] [M]: 0x00000000800004B0 (0x00100513) addi x10, x0, 0x1                        inst_50+0
x10 <- 0x0000000000000001

clint mtime 0x00000000000000A5 (mip.MTI <- 0b1, mip.STI <- 0b0)
mem[X,0x00000000800004B4] -> 0x1513
mem[X,0x00000000800004B6] -> 0x0225
[330] [M]: 0x00000000800004B4 (0x02251513) slli x10, x10, 0x22                      inst_50+4
x10 <- 0x0000000400000000

mem[X,0x00000000800004B8] -> 0x0529
[331] [M]: 0x00000000800004B8 (0x0529) c.addi x10, 0xa                              inst_50+8
x10 <- 0x000000040000000A

clint mtime 0x00000000000000A6 (mip.MTI <- 0b1, mip.STI <- 0b0)
mem[X,0x00000000800004BA] -> 0xB823
mem[X,0x00000000800004BC] -> 0x0AA0
[332] [M]: 0x00000000800004BA (0x0AA0B823) sd x10, 0xb0(x1)                         inst_50+10
mem[W,0x00000000800052A8] <- 0x000000040000000A

mem[X,0x00000000800004BE] -> 0x0513
mem[X,0x00000000800004C0] -> 0x0010
[333] [M]: 0x00000000800004BE (0x00100513) addi x10, x0, 0x1                        inst_51+0
x10 <- 0x0000000000000001

clint mtime 0x00000000000000A7 (mip.MTI <- 0b1, mip.STI <- 0b0)
mem[X,0x00000000800004C2] -> 0x1513
mem[X,0x00000000800004C4] -> 0x0235
[334] [M]: 0x00000000800004C2 (0x02351513) slli x10, x10, 0x23                      inst_51+4
x10 <- 0x0000000800000000

mem[X,0x00000000800004C6] -> 0x051D
[335] [M]: 0x00000000800004C6 (0x051D) c.addi x10, 0x7                              inst_51+8
x10 <- 0x0000000800000007

clint mtime 0x00000000000000A8 (mip.MTI <- 0b1, mip.STI <- 0b0)
mem[X,0x00000000800004C8] -> 0xBC23
mem[X,0x00000000800004CA] -> 0x0AA0
[336] [M]: 0x00000000800004C8 (0x0AA0BC23) sd x10, 0xb8(x1)                         inst_51+10
mem[W,0x00000000800052B0] <- 0x0000000800000007

mem[X,0x00000000800004CC] -> 0x0513
mem[X,0x00000000800004CE] -> 0x0010
[337] [M]: 0x00000000800004CC (0x00100513) addi x10, x0, 0x1                        inst_52+0
x10 <- 0x0000000000000001

clint mtime 0x00000000000000A9 (mip.MTI <- 0b1, mip.STI <- 0b0)
mem[X,0x00000000800004D0] -> 0x1513
mem[X,0x00000000800004D2] -> 0x0245
[338] [M]: 0x00000000800004D0 (0x02451513) slli x10, x10, 0x24                      inst_52+4
x10 <- 0x0000001000000000

mem[X,0x00000000800004D4] -> 0x1575
[339] [M]: 0x00000000800004D4 (0x1575) c.addi x10, -0x3                             inst_52+8
x10 <- 0x0000000FFFFFFFFD

clint mtime 0x00000000000000AA (mip.MTI <- 0b1, mip.STI <- 0b0)
mem[X,0x00000000800004D6] -> 0xB023
mem[X,0x00000000800004D8] -> 0x0CA0
[340] [M]: 0x00000000800004D6 (0x0CA0B023) sd x10, 0xc0(x1)                         inst_52+10
mem[W,0x00000000800052B8] <- 0x0000000FFFFFFFFD

mem[X,0x00000000800004DA] -> 0x0513
mem[X,0x00000000800004DC] -> 0x0010
[341] [M]: 0x00000000800004DA (0x00100513) addi x10, x0, 0x1                        inst_53+0
x10 <- 0x0000000000000001

clint mtime 0x00000000000000AB (mip.MTI <- 0b1, mip.STI <- 0b0)
mem[X,0x00000000800004DE] -> 0x1513
mem[X,0x00000000800004E0] -> 0x0255
[342] [M]: 0x00000000800004DE (0x02551513) slli x10, x10, 0x25                      inst_53+4
x10 <- 0x0000002000000000

mem[X,0x00000000800004E2] -> 0x1571
[343] [M]: 0x00000000800004E2 (0x1571) c.addi x10, -0x4                             inst_53+8
x10 <- 0x0000001FFFFFFFFC

clint mtime 0x00000000000000AC (mip.MTI <- 0b1, mip.STI <- 0b0)
mem[X,0x00000000800004E4] -> 0xB423
mem[X,0x00000000800004E6] -> 0x0CA0
[344] [M]: 0x00000000800004E4 (0x0CA0B423) sd x10, 0xc8(x1)                         inst_53+10
mem[W,0x00000000800052C0] <- 0x0000001FFFFFFFFC

mem[X,0x00000000800004E8] -> 0x0513
mem[X,0x00000000800004EA] -> 0x0010
[345] [M]: 0x00000000800004E8 (0x00100513) addi x10, x0, 0x1                        inst_54+0
x10 <- 0x0000000000000001

clint mtime 0x00000000000000AD (mip.MTI <- 0b1, mip.STI <- 0b0)
mem[X,0x00000000800004EC] -> 0x1513
mem[X,0x00000000800004EE] -> 0x0265
[346] [M]: 0x00000000800004EC (0x02651513) slli x10, x10, 0x26                      inst_54+4
x10 <- 0x0000004000000000

mem[X,0x00000000800004F0] -> 0x0509
[347] [M]: 0x00000000800004F0 (0x0509) c.addi x10, 0x2                              inst_54+8
x10 <- 0x0000004000000002

clint mtime 0x00000000000000AE (mip.MTI <- 0b1, mip.STI <- 0b0)
mem[X,0x00000000800004F2] -> 0xB823
mem[X,0x00000000800004F4] -> 0x0CA0
[348] [M]: 0x00000000800004F2 (0x0CA0B823) sd x10, 0xd0(x1)                         inst_54+10
mem[W,0x00000000800052C8] <- 0x0000004000000002

mem[X,0x00000000800004F6] -> 0x0513
mem[X,0x00000000800004F8] -> 0x0010
[349] [M]: 0x00000000800004F6 (0x00100513) addi x10, x0, 0x1                        inst_55+0
x10 <- 0x0000000000000001

clint mtime 0x00000000000000AF (mip.MTI <- 0b1, mip.STI <- 0b0)
mem[X,0x00000000800004FA] -> 0x1513
mem[X,0x00000000800004FC] -> 0x0275
[350] [M]: 0x00000000800004FA (0x02751513) slli x10, x10, 0x27                      inst_55+4
x10 <- 0x0000008000000000

mem[X,0x00000000800004FE] -> 0x0519
[351] [M]: 0x00000000800004FE (0x0519) c.addi x10, 0x6                              inst_55+8
x10 <- 0x0000008000000006

clint mtime 0x00000000000000B0 (mip.MTI <- 0b1, mip.STI <- 0b0)
mem[X,0x0000000080000500] -> 0xBC23
mem[X,0x0000000080000502] -> 0x0CA0
[352] [M]: 0x0000000080000500 (0x0CA0BC23) sd x10, 0xd8(x1)                         inst_55+10
mem[W,0x00000000800052D0] <- 0x0000008000000006

mem[X,0x0000000080000504] -> 0x0513
mem[X,0x0000000080000506] -> 0x0010
[353] [M]: 0x0000000080000504 (0x00100513) addi x10, x0, 0x1                        inst_56+0
x10 <- 0x0000000000000001

clint mtime 0x00000000000000B1 (mip.MTI <- 0b1, mip.STI <- 0b0)
mem[X,0x0000000080000508] -> 0x1513
mem[X,0x000000008000050A] -> 0x0285
[354] [M]: 0x0000000080000508 (0x02851513) slli x10, x10, 0x28                      inst_56+4
x10 <- 0x0000010000000000

mem[X,0x000000008000050C] -> 0x0521
[355] [M]: 0x000000008000050C (0x0521) c.addi x10, 0x8                              inst_56+8
x10 <- 0x0000010000000008

clint mtime 0x00000000000000B2 (mip.MTI <- 0b1, mip.STI <- 0b0)
mem[X,0x000000008000050E] -> 0xB023
mem[X,0x0000000080000510] -> 0x0EA0
[356] [M]: 0x000000008000050E (0x0EA0B023) sd x10, 0xe0(x1)                         inst_56+10
mem[W,0x00000000800052D8] <- 0x0000010000000008

mem[X,0x0000000080000512] -> 0x0513
mem[X,0x0000000080000514] -> 0x0010
[357] [M]: 0x0000000080000512 (0x00100513) addi x10, x0, 0x1                        inst_57+0
x10 <- 0x0000000000000001

clint mtime 0x00000000000000B3 (mip.MTI <- 0b1, mip.STI <- 0b0)
mem[X,0x0000000080000516] -> 0x1513
mem[X,0x0000000080000518] -> 0x0295
[358] [M]: 0x0000000080000516 (0x02951513) slli x10, x10, 0x29                      inst_57+4
x10 <- 0x0000020000000000

mem[X,0x000000008000051A] -> 0x0501
[359] [M]: 0x000000008000051A (0x0501) c.addi x10, 0x0                              inst_57+8
x10 <- 0x0000020000000000

clint mtime 0x00000000000000B4 (mip.MTI <- 0b1, mip.STI <- 0b0)
mem[X,0x000000008000051C] -> 0xB423
mem[X,0x000000008000051E] -> 0x0EA0
[360] [M]: 0x000000008000051C (0x0EA0B423) sd x10, 0xe8(x1)                         inst_57+10
mem[W,0x00000000800052E0] <- 0x0000020000000000

mem[X,0x0000000080000520] -> 0x0513
mem[X,0x0000000080000522] -> 0x0010
[361] [M]: 0x0000000080000520 (0x00100513) addi x10, x0, 0x1                        inst_58+0
x10 <- 0x0000000000000001

clint mtime 0x00000000000000B5 (mip.MTI <- 0b1, mip.STI <- 0b0)
mem[X,0x0000000080000524] -> 0x1513
mem[X,0x0000000080000526] -> 0x02A5
[362] [M]: 0x0000000080000524 (0x02A51513) slli x10, x10, 0x2a                      inst_58+4
x10 <- 0x0000040000000000

mem[X,0x0000000080000528] -> 0x0515
[363] [M]: 0x0000000080000528 (0x0515) c.addi x10, 0x5                              inst_58+8
x10 <- 0x0000040000000005

clint mtime 0x00000000000000B6 (mip.MTI <- 0b1, mip.STI <- 0b0)
mem[X,0x000000008000052A] -> 0xB823
mem[X,0x000000008000052C] -> 0x0EA0
[364] [M]: 0x000000008000052A (0x0EA0B823) sd x10, 0xf0(x1)                         inst_58+10
mem[W,0x00000000800052E8] <- 0x0000040000000005

mem[X,0x000000008000052E] -> 0x0513
mem[X,0x0000000080000530] -> 0x0010
[365] [M]: 0x000000008000052E (0x00100513) addi x10, x0, 0x1                        inst_59+0
x10 <- 0x0000000000000001

clint mtime 0x00000000000000B7 (mip.MTI <- 0b1, mip.STI <- 0b0)
mem[X,0x0000000080000532] -> 0x1513
mem[X,0x0000000080000534] -> 0x02B5
[366] [M]: 0x0000000080000532 (0x02B51513) slli x10, x10, 0x2b                      inst_59+4
x10 <- 0x0000080000000000

mem[X,0x0000000080000536] -> 0x1575
[367] [M]: 0x0000000080000536 (0x1575) c.addi x10, -0x3                             inst_59+8
x10 <- 0x000007FFFFFFFFFD

clint mtime 0x00000000000000B8 (mip.MTI <- 0b1, mip.STI <- 0b0)
mem[X,0x0000000080000538] -> 0xBC23
mem[X,0x000000008000053A] -> 0x0EA0
[368] [M]: 0x0000000080000538 (0x0EA0BC23) sd x10, 0xf8(x1)                         inst_59+10
mem[W,0x00000000800052F0] <- 0x000007FFFFFFFFFD

mem[X,0x000000008000053C] -> 0x0513
mem[X,0x000000008000053E] -> 0x0010
[369] [M]: 0x000000008000053C (0x00100513) addi x10, x0, 0x1                        inst_60+0
x10 <- 0x0000000000000001

clint mtime 0x00000000000000B9 (mip.MTI <- 0b1, mip.STI <- 0b0)
mem[X,0x0000000080000540] -> 0x1513
mem[X,0x0000000080000542] -> 0x02C5
[370] [M]: 0x0000000080000540 (0x02C51513) slli x10, x10, 0x2c                      inst_60+4
x10 <- 0x0000100000000000

mem[X,0x0000000080000544] -> 0x0519
[371] [M]: 0x0000000080000544 (0x0519) c.addi x10, 0x6                              inst_60+8
x10 <- 0x0000100000000006

clint mtime 0x00000000000000BA (mip.MTI <- 0b1, mip.STI <- 0b0)
mem[X,0x0000000080000546] -> 0xB023
mem[X,0x0000000080000548] -> 0x10A0
[372] [M]: 0x0000000080000546 (0x10A0B023) sd x10, 0x100(x1)                        inst_60+10
mem[W,0x00000000800052F8] <- 0x0000100000000006

mem[X,0x000000008000054A] -> 0x0513
mem[X,0x000000008000054C] -> 0x0010
[373] [M]: 0x000000008000054A (0x00100513) addi x10, x0, 0x1                        inst_61+0
x10 <- 0x0000000000000001

clint mtime 0x00000000000000BB (mip.MTI <- 0b1, mip.STI <- 0b0)
mem[X,0x000000008000054E] -> 0x1513
mem[X,0x0000000080000550] -> 0x02D5
[374] [M]: 0x000000008000054E (0x02D51513) slli x10, x10, 0x2d                      inst_61+4
x10 <- 0x0000200000000000

mem[X,0x0000000080000552] -> 0x156D
[375] [M]: 0x0000000080000552 (0x156D) c.addi x10, -0x5                             inst_61+8
x10 <- 0x00001FFFFFFFFFFB

clint mtime 0x00000000000000BC (mip.MTI <- 0b1, mip.STI <- 0b0)
mem[X,0x0000000080000554] -> 0xB423
mem[X,0x0000000080000556] -> 0x10A0
[376] [M]: 0x0000000080000554 (0x10A0B423) sd x10, 0x108(x1)                        inst_61+10
mem[W,0x0000000080005300] <- 0x00001FFFFFFFFFFB

mem[X,0x0000000080000558] -> 0x0513
mem[X,0x000000008000055A] -> 0x0010
[377] [M]: 0x0000000080000558 (0x00100513) addi x10, x0, 0x1                        inst_62+0
x10 <- 0x0000000000000001

clint mtime 0x00000000000000BD (mip.MTI <- 0b1, mip.STI <- 0b0)
mem[X,0x000000008000055C] -> 0x1513
mem[X,0x000000008000055E] -> 0x02E5
[378] [M]: 0x000000008000055C (0x02E51513) slli x10, x10, 0x2e                      inst_62+4
x10 <- 0x0000400000000000

mem[X,0x0000000080000560] -> 0x0525
[379] [M]: 0x0000000080000560 (0x0525) c.addi x10, 0x9                              inst_62+8
x10 <- 0x0000400000000009

clint mtime 0x00000000000000BE (mip.MTI <- 0b1, mip.STI <- 0b0)
mem[X,0x0000000080000562] -> 0xB823
mem[X,0x0000000080000564] -> 0x10A0
[380] [M]: 0x0000000080000562 (0x10A0B823) sd x10, 0x110(x1)                        inst_62+10
mem[W,0x0000000080005308] <- 0x0000400000000009

mem[X,0x0000000080000566] -> 0x0513
mem[X,0x0000000080000568] -> 0x0010
[381] [M]: 0x0000000080000566 (0x00100513) addi x10, x0, 0x1                        inst_63+0
x10 <- 0x0000000000000001

clint mtime 0x00000000000000BF (mip.MTI <- 0b1, mip.STI <- 0b0)
mem[X,0x000000008000056A] -> 0x1513
mem[X,0x000000008000056C] -> 0x02F5
[382] [M]: 0x000000008000056A (0x02F51513) slli x10, x10, 0x2f                      inst_63+4
x10 <- 0x0000800000000000

mem[X,0x000000008000056E] -> 0x0501
[383] [M]: 0x000000008000056E (0x0501) c.addi x10, 0x0                              inst_63+8
x10 <- 0x0000800000000000

clint mtime 0x00000000000000C0 (mip.MTI <- 0b1, mip.STI <- 0b0)
mem[X,0x0000000080000570] -> 0xBC23
mem[X,0x0000000080000572] -> 0x10A0
[384] [M]: 0x0000000080000570 (0x10A0BC23) sd x10, 0x118(x1)                        inst_63+10
mem[W,0x0000000080005310] <- 0x0000800000000000

mem[X,0x0000000080000574] -> 0x0513
mem[X,0x0000000080000576] -> 0x0010
[385] [M]: 0x0000000080000574 (0x00100513) addi x10, x0, 0x1                        inst_64+0
x10 <- 0x0000000000000001

clint mtime 0x00000000000000C1 (mip.MTI <- 0b1, mip.STI <- 0b0)
mem[X,0x0000000080000578] -> 0x1513
mem[X,0x000000008000057A] -> 0x0305
[386] [M]: 0x0000000080000578 (0x03051513) slli x10, x10, 0x30                      inst_64+4
x10 <- 0x0001000000000000

mem[X,0x000000008000057C] -> 0x0515
[387] [M]: 0x000000008000057C (0x0515) c.addi x10, 0x5                              inst_64+8
x10 <- 0x0001000000000005

clint mtime 0x00000000000000C2 (mip.MTI <- 0b1, mip.STI <- 0b0)
mem[X,0x000000008000057E] -> 0xB023
mem[X,0x0000000080000580] -> 0x12A0
[388] [M]: 0x000000008000057E (0x12A0B023) sd x10, 0x120(x1)                        inst_64+10
mem[W,0x0000000080005318] <- 0x0001000000000005

mem[X,0x0000000080000582] -> 0x0513
mem[X,0x0000000080000584] -> 0x0010
[389] [M]: 0x0000000080000582 (0x00100513) addi x10, x0, 0x1                        inst_65+0
x10 <- 0x0000000000000001

clint mtime 0x00000000000000C3 (mip.MTI <- 0b1, mip.STI <- 0b0)
mem[X,0x0000000080000586] -> 0x1513
mem[X,0x0000000080000588] -> 0x0315
[390] [M]: 0x0000000080000586 (0x03151513) slli x10, x10, 0x31                      inst_65+4
x10 <- 0x0002000000000000

mem[X,0x000000008000058A] -> 0x0515
[391] [M]: 0x000000008000058A (0x0515) c.addi x10, 0x5                              inst_65+8
x10 <- 0x0002000000000005

clint mtime 0x00000000000000C4 (mip.MTI <- 0b1, mip.STI <- 0b0)
mem[X,0x000000008000058C] -> 0xB423
mem[X,0x000000008000058E] -> 0x12A0
[392] [M]: 0x000000008000058C (0x12A0B423) sd x10, 0x128(x1)                        inst_65+10
mem[W,0x0000000080005320] <- 0x0002000000000005

mem[X,0x0000000080000590] -> 0x0513
mem[X,0x0000000080000592] -> 0x0010
[393] [M]: 0x0000000080000590 (0x00100513) addi x10, x0, 0x1                        inst_66+0
x10 <- 0x0000000000000001

clint mtime 0x00000000000000C5 (mip.MTI <- 0b1, mip.STI <- 0b0)
mem[X,0x0000000080000594] -> 0x1513
mem[X,0x0000000080000596] -> 0x0325
[394] [M]: 0x0000000080000594 (0x03251513) slli x10, x10, 0x32                      inst_66+4
x10 <- 0x0004000000000000

mem[X,0x0000000080000598] -> 0x1501
[395] [M]: 0x0000000080000598 (0x1501) c.addi x10, -0x20                            inst_66+8
x10 <- 0x0003FFFFFFFFFFE0

clint mtime 0x00000000000000C6 (mip.MTI <- 0b1, mip.STI <- 0b0)
mem[X,0x000000008000059A] -> 0xB823
mem[X,0x000000008000059C] -> 0x12A0
[396] [M]: 0x000000008000059A (0x12A0B823) sd x10, 0x130(x1)                        inst_66+10
mem[W,0x0000000080005328] <- 0x0003FFFFFFFFFFE0

mem[X,0x000000008000059E] -> 0x0513
mem[X,0x00000000800005A0] -> 0x0010
[397] [M]: 0x000000008000059E (0x00100513) addi x10, x0, 0x1                        inst_67+0
x10 <- 0x0000000000000001

clint mtime 0x00000000000000C7 (mip.MTI <- 0b1, mip.STI <- 0b0)
mem[X,0x00000000800005A2] -> 0x1513
mem[X,0x00000000800005A4] -> 0x0335
[398] [M]: 0x00000000800005A2 (0x03351513) slli x10, x10, 0x33                      inst_67+4
x10 <- 0x0008000000000000

mem[X,0x00000000800005A6] -> 0x050D
[399] [M]: 0x00000000800005A6 (0x050D) c.addi x10, 0x3                              inst_67+8
x10 <- 0x0008000000000003

clint mtime 0x00000000000000C8 (mip.MTI <- 0b1, mip.STI <- 0b0)
mem[X,0x00000000800005A8] -> 0xBC23
mem[X,0x00000000800005AA] -> 0x12A0
[400] [M]: 0x00000000800005A8 (0x12A0BC23) sd x10, 0x138(x1)                        inst_67+10
mem[W,0x0000000080005330] <- 0x0008000000000003

mem[X,0x00000000800005AC] -> 0x0513
mem[X,0x00000000800005AE] -> 0x0010
[401] [M]: 0x00000000800005AC (0x00100513) addi x10, x0, 0x1                        inst_68+0
x10 <- 0x0000000000000001

clint mtime 0x00000000000000C9 (mip.MTI <- 0b1, mip.STI <- 0b0)
mem[X,0x00000000800005B0] -> 0x1513
mem[X,0x00000000800005B2] -> 0x0345
[402] [M]: 0x00000000800005B0 (0x03451513) slli x10, x10, 0x34                      inst_68+4
x10 <- 0x0010000000000000

mem[X,0x00000000800005B4] -> 0x050D
[403] [M]: 0x00000000800005B4 (0x050D) c.addi x10, 0x3                              inst_68+8
x10 <- 0x0010000000000003

clint mtime 0x00000000000000CA (mip.MTI <- 0b1, mip.STI <- 0b0)
mem[X,0x00000000800005B6] -> 0xB023
mem[X,0x00000000800005B8] -> 0x14A0
[404] [M]: 0x00000000800005B6 (0x14A0B023) sd x10, 0x140(x1)                        inst_68+10
mem[W,0x0000000080005338] <- 0x0010000000000003

mem[X,0x00000000800005BA] -> 0x0513
mem[X,0x00000000800005BC] -> 0x0010
[405] [M]: 0x00000000800005BA (0x00100513) addi x10, x0, 0x1                        inst_69+0
x10 <- 0x0000000000000001

clint mtime 0x00000000000000CB (mip.MTI <- 0b1, mip.STI <- 0b0)
mem[X,0x00000000800005BE] -> 0x1513
mem[X,0x00000000800005C0] -> 0x0355
[406] [M]: 0x00000000800005BE (0x03551513) slli x10, x10, 0x35                      inst_69+4
x10 <- 0x0020000000000000

mem[X,0x00000000800005C2] -> 0x0519
[407] [M]: 0x00000000800005C2 (0x0519) c.addi x10, 0x6                              inst_69+8
x10 <- 0x0020000000000006

clint mtime 0x00000000000000CC (mip.MTI <- 0b1, mip.STI <- 0b0)
mem[X,0x00000000800005C4] -> 0xB423
mem[X,0x00000000800005C6] -> 0x14A0
[408] [M]: 0x00000000800005C4 (0x14A0B423) sd x10, 0x148(x1)                        inst_69+10
mem[W,0x0000000080005340] <- 0x0020000000000006

mem[X,0x00000000800005C8] -> 0x0513
mem[X,0x00000000800005CA] -> 0x0010
[409] [M]: 0x00000000800005C8 (0x00100513) addi x10, x0, 0x1                        inst_70+0
x10 <- 0x0000000000000001

clint mtime 0x00000000000000CD (mip.MTI <- 0b1, mip.STI <- 0b0)
mem[X,0x00000000800005CC] -> 0x1513
mem[X,0x00000000800005CE] -> 0x0365
[410] [M]: 0x00000000800005CC (0x03651513) slli x10, x10, 0x36                      inst_70+4
x10 <- 0x0040000000000000

mem[X,0x00000000800005D0] -> 0x0515
[411] [M]: 0x00000000800005D0 (0x0515) c.addi x10, 0x5                              inst_70+8
x10 <- 0x0040000000000005

clint mtime 0x00000000000000CE (mip.MTI <- 0b1, mip.STI <- 0b0)
mem[X,0x00000000800005D2] -> 0xB823
mem[X,0x00000000800005D4] -> 0x14A0
[412] [M]: 0x00000000800005D2 (0x14A0B823) sd x10, 0x150(x1)                        inst_70+10
mem[W,0x0000000080005348] <- 0x0040000000000005

mem[X,0x00000000800005D6] -> 0x0513
mem[X,0x00000000800005D8] -> 0x0010
[413] [M]: 0x00000000800005D6 (0x00100513) addi x10, x0, 0x1                        inst_71+0
x10 <- 0x0000000000000001

clint mtime 0x00000000000000CF (mip.MTI <- 0b1, mip.STI <- 0b0)
mem[X,0x00000000800005DA] -> 0x1513
mem[X,0x00000000800005DC] -> 0x0375
[414] [M]: 0x00000000800005DA (0x03751513) slli x10, x10, 0x37                      inst_71+4
x10 <- 0x0080000000000000

mem[X,0x00000000800005DE] -> 0x0509
[415] [M]: 0x00000000800005DE (0x0509) c.addi x10, 0x2                              inst_71+8
x10 <- 0x0080000000000002

clint mtime 0x00000000000000D0 (mip.MTI <- 0b1, mip.STI <- 0b0)
mem[X,0x00000000800005E0] -> 0xBC23
mem[X,0x00000000800005E2] -> 0x14A0
[416] [M]: 0x00000000800005E0 (0x14A0BC23) sd x10, 0x158(x1)                        inst_71+10
mem[W,0x0000000080005350] <- 0x0080000000000002

mem[X,0x00000000800005E4] -> 0x0513
mem[X,0x00000000800005E6] -> 0x0010
[417] [M]: 0x00000000800005E4 (0x00100513) addi x10, x0, 0x1                        inst_72+0
x10 <- 0x0000000000000001

clint mtime 0x00000000000000D1 (mip.MTI <- 0b1, mip.STI <- 0b0)
mem[X,0x00000000800005E8] -> 0x1513
mem[X,0x00000000800005EA] -> 0x0385
[418] [M]: 0x00000000800005E8 (0x03851513) slli x10, x10, 0x38                      inst_72+4
x10 <- 0x0100000000000000

mem[X,0x00000000800005EC] -> 0x1575
[419] [M]: 0x00000000800005EC (0x1575) c.addi x10, -0x3                             inst_72+8
x10 <- 0x00FFFFFFFFFFFFFD

clint mtime 0x00000000000000D2 (mip.MTI <- 0b1, mip.STI <- 0b0)
mem[X,0x00000000800005EE] -> 0xB023
mem[X,0x00000000800005F0] -> 0x16A0
[420] [M]: 0x00000000800005EE (0x16A0B023) sd x10, 0x160(x1)                        inst_72+10
mem[W,0x0000000080005358] <- 0x00FFFFFFFFFFFFFD

mem[X,0x00000000800005F2] -> 0x0513
mem[X,0x00000000800005F4] -> 0x0010
[421] [M]: 0x00000000800005F2 (0x00100513) addi x10, x0, 0x1                        inst_73+0
x10 <- 0x0000000000000001

clint mtime 0x00000000000000D3 (mip.MTI <- 0b1, mip.STI <- 0b0)
mem[X,0x00000000800005F6] -> 0x1513
mem[X,0x00000000800005F8] -> 0x0395
[422] [M]: 0x00000000800005F6 (0x03951513) slli x10, x10, 0x39                      inst_73+4
x10 <- 0x0200000000000000

mem[X,0x00000000800005FA] -> 0x0511
[423] [M]: 0x00000000800005FA (0x0511) c.addi x10, 0x4                              inst_73+8
x10 <- 0x0200000000000004

clint mtime 0x00000000000000D4 (mip.MTI <- 0b1, mip.STI <- 0b0)
mem[X,0x00000000800005FC] -> 0xB423
mem[X,0x00000000800005FE] -> 0x16A0
[424] [M]: 0x00000000800005FC (0x16A0B423) sd x10, 0x168(x1)                        inst_73+10
mem[W,0x0000000080005360] <- 0x0200000000000004

mem[X,0x0000000080000600] -> 0x0513
mem[X,0x0000000080000602] -> 0x0010
[425] [M]: 0x0000000080000600 (0x00100513) addi x10, x0, 0x1                        inst_74+0
x10 <- 0x0000000000000001

clint mtime 0x00000000000000D5 (mip.MTI <- 0b1, mip.STI <- 0b0)
mem[X,0x0000000080000604] -> 0x1513
mem[X,0x0000000080000606] -> 0x03A5
[426] [M]: 0x0000000080000604 (0x03A51513) slli x10, x10, 0x3a                      inst_74+4
x10 <- 0x0400000000000000

mem[X,0x0000000080000608] -> 0x0505
[427] [M]: 0x0000000080000608 (0x0505) c.addi x10, 0x1                              inst_74+8
x10 <- 0x0400000000000001

clint mtime 0x00000000000000D6 (mip.MTI <- 0b1, mip.STI <- 0b0)
mem[X,0x000000008000060A] -> 0xB823
mem[X,0x000000008000060C] -> 0x16A0
[428] [M]: 0x000000008000060A (0x16A0B823) sd x10, 0x170(x1)                        inst_74+10
mem[W,0x0000000080005368] <- 0x0400000000000001

mem[X,0x000000008000060E] -> 0x0513
mem[X,0x0000000080000610] -> 0x0010
[429] [M]: 0x000000008000060E (0x00100513) addi x10, x0, 0x1                        inst_75+0
x10 <- 0x0000000000000001

clint mtime 0x00000000000000D7 (mip.MTI <- 0b1, mip.STI <- 0b0)
mem[X,0x0000000080000612] -> 0x1513
mem[X,0x0000000080000614] -> 0x03B5
[430] [M]: 0x0000000080000612 (0x03B51513) slli x10, x10, 0x3b                      inst_75+4
x10 <- 0x0800000000000000

mem[X,0x0000000080000616] -> 0x0521
[431] [M]: 0x0000000080000616 (0x0521) c.addi x10, 0x8                              inst_75+8
x10 <- 0x0800000000000008

clint mtime 0x00000000000000D8 (mip.MTI <- 0b1, mip.STI <- 0b0)
mem[X,0x0000000080000618] -> 0xBC23
mem[X,0x000000008000061A] -> 0x16A0
[432] [M]: 0x0000000080000618 (0x16A0BC23) sd x10, 0x178(x1)                        inst_75+10
mem[W,0x0000000080005370] <- 0x0800000000000008

mem[X,0x000000008000061C] -> 0x0513
mem[X,0x000000008000061E] -> 0x0010
[433] [M]: 0x000000008000061C (0x00100513) addi x10, x0, 0x1                        inst_76+0
x10 <- 0x0000000000000001

clint mtime 0x00000000000000D9 (mip.MTI <- 0b1, mip.STI <- 0b0)
mem[X,0x0000000080000620] -> 0x1513
mem[X,0x0000000080000622] -> 0x03C5
[434] [M]: 0x0000000080000620 (0x03C51513) slli x10, x10, 0x3c                      inst_76+4
x10 <- 0x1000000000000000

mem[X,0x0000000080000624] -> 0x0511
[435] [M]: 0x0000000080000624 (0x0511) c.addi x10, 0x4                              inst_76+8
x10 <- 0x1000000000000004

clint mtime 0x00000000000000DA (mip.MTI <- 0b1, mip.STI <- 0b0)
mem[X,0x0000000080000626] -> 0xB023
mem[X,0x0000000080000628] -> 0x18A0
[436] [M]: 0x0000000080000626 (0x18A0B023) sd x10, 0x180(x1)                        inst_76+10
mem[W,0x0000000080005378] <- 0x1000000000000004

mem[X,0x000000008000062A] -> 0x0513
mem[X,0x000000008000062C] -> 0x0010
[437] [M]: 0x000000008000062A (0x00100513) addi x10, x0, 0x1                        inst_77+0
x10 <- 0x0000000000000001

clint mtime 0x00000000000000DB (mip.MTI <- 0b1, mip.STI <- 0b0)
mem[X,0x000000008000062E] -> 0x1513
mem[X,0x0000000080000630] -> 0x03D5
[438] [M]: 0x000000008000062E (0x03D51513) slli x10, x10, 0x3d                      inst_77+4
x10 <- 0x2000000000000000

mem[X,0x0000000080000632] -> 0x050D
[439] [M]: 0x0000000080000632 (0x050D) c.addi x10, 0x3                              inst_77+8
x10 <- 0x2000000000000003

clint mtime 0x00000000000000DC (mip.MTI <- 0b1, mip.STI <- 0b0)
mem[X,0x0000000080000634] -> 0xB423
mem[X,0x0000000080000636] -> 0x18A0
[440] [M]: 0x0000000080000634 (0x18A0B423) sd x10, 0x188(x1)                        inst_77+10
mem[W,0x0000000080005380] <- 0x2000000000000003

mem[X,0x0000000080000638] -> 0x0513
mem[X,0x000000008000063A] -> 0x0010
[441] [M]: 0x0000000080000638 (0x00100513) addi x10, x0, 0x1                        inst_78+0
x10 <- 0x0000000000000001

clint mtime 0x00000000000000DD (mip.MTI <- 0b1, mip.STI <- 0b0)
mem[X,0x000000008000063C] -> 0x1513
mem[X,0x000000008000063E] -> 0x03E5
[442] [M]: 0x000000008000063C (0x03E51513) slli x10, x10, 0x3e                      inst_78+4
x10 <- 0x4000000000000000

mem[X,0x0000000080000640] -> 0x1579
[443] [M]: 0x0000000080000640 (0x1579) c.addi x10, -0x2                             inst_78+8
x10 <- 0x3FFFFFFFFFFFFFFE

clint mtime 0x00000000000000DE (mip.MTI <- 0b1, mip.STI <- 0b0)
mem[X,0x0000000080000642] -> 0xB823
mem[X,0x0000000080000644] -> 0x18A0
[444] [M]: 0x0000000080000642 (0x18A0B823) sd x10, 0x190(x1)                        inst_78+10
mem[W,0x0000000080005388] <- 0x3FFFFFFFFFFFFFFE

mem[X,0x0000000080000646] -> 0x0513
mem[X,0x0000000080000648] -> 0xFFE0
[445] [M]: 0x0000000080000646 (0xFFE00513) addi x10, x0, -0x2                       inst_79+0
x10 <- 0xFFFFFFFFFFFFFFFE

clint mtime 0x00000000000000DF (mip.MTI <- 0b1, mip.STI <- 0b0)
mem[X,0x000000008000064A] -> 0x0521
[446] [M]: 0x000000008000064A (0x0521) c.addi x10, 0x8                              inst_79+4
x10 <- 0x0000000000000006

mem[X,0x000000008000064C] -> 0xBC23
mem[X,0x000000008000064E] -> 0x18A0
[447] [M]: 0x000000008000064C (0x18A0BC23) sd x10, 0x198(x1)                        inst_79+6
mem[W,0x0000000080005390] <- 0x0000000000000006

clint mtime 0x00000000000000E0 (mip.MTI <- 0b1, mip.STI <- 0b0)
mem[X,0x0000000080000650] -> 0x0513
mem[X,0x0000000080000652] -> 0xFFB0
[448] [M]: 0x0000000080000650 (0xFFB00513) addi x10, x0, -0x5                       inst_80+0
x10 <- 0xFFFFFFFFFFFFFFFB

mem[X,0x0000000080000654] -> 0x052D
[449] [M]: 0x0000000080000654 (0x052D) c.addi x10, 0xb                              inst_80+4
x10 <- 0x0000000000000006

clint mtime 0x00000000000000E1 (mip.MTI <- 0b1, mip.STI <- 0b0)
mem[X,0x0000000080000656] -> 0xB023
mem[X,0x0000000080000658] -> 0x1AA0
[450] [M]: 0x0000000080000656 (0x1AA0B023) sd x10, 0x1a0(x1)                        inst_80+6
mem[W,0x0000000080005398] <- 0x0000000000000006

mem[X,0x000000008000065A] -> 0x0513
mem[X,0x000000008000065C] -> 0xFF70
[451] [M]: 0x000000008000065A (0xFF700513) addi x10, x0, -0x9                       inst_81+0
x10 <- 0xFFFFFFFFFFFFFFF7

clint mtime 0x00000000000000E2 (mip.MTI <- 0b1, mip.STI <- 0b0)
mem[X,0x000000008000065E] -> 0x0501
[452] [M]: 0x000000008000065E (0x0501) c.addi x10, 0x0                              inst_81+4
x10 <- 0xFFFFFFFFFFFFFFF7

mem[X,0x0000000080000660] -> 0xB423
mem[X,0x0000000080000662] -> 0x1AA0
[453] [M]: 0x0000000080000660 (0x1AA0B423) sd x10, 0x1a8(x1)                        inst_81+6
mem[W,0x00000000800053A0] <- 0xFFFFFFFFFFFFFFF7

clint mtime 0x00000000000000E3 (mip.MTI <- 0b1, mip.STI <- 0b0)
mem[X,0x0000000080000664] -> 0x0513
mem[X,0x0000000080000666] -> 0xFEF0
[454] [M]: 0x0000000080000664 (0xFEF00513) addi x10, x0, -0x11                      inst_82+0
x10 <- 0xFFFFFFFFFFFFFFEF

mem[X,0x0000000080000668] -> 0x156D
[455] [M]: 0x0000000080000668 (0x156D) c.addi x10, -0x5                             inst_82+4
x10 <- 0xFFFFFFFFFFFFFFEA

clint mtime 0x00000000000000E4 (mip.MTI <- 0b1, mip.STI <- 0b0)
mem[X,0x000000008000066A] -> 0xB823
mem[X,0x000000008000066C] -> 0x1AA0
[456] [M]: 0x000000008000066A (0x1AA0B823) sd x10, 0x1b0(x1)                        inst_82+6
mem[W,0x00000000800053A8] <- 0xFFFFFFFFFFFFFFEA

mem[X,0x000000008000066E] -> 0x0513
mem[X,0x0000000080000670] -> 0xFDF0
[457] [M]: 0x000000008000066E (0xFDF00513) addi x10, x0, -0x21                      inst_83+0
x10 <- 0xFFFFFFFFFFFFFFDF

clint mtime 0x00000000000000E5 (mip.MTI <- 0b1, mip.STI <- 0b0)
mem[X,0x0000000080000672] -> 0x156D
[458] [M]: 0x0000000080000672 (0x156D) c.addi x10, -0x5                             inst_83+4
x10 <- 0xFFFFFFFFFFFFFFDA

mem[X,0x0000000080000674] -> 0xBC23
mem[X,0x0000000080000676] -> 0x1AA0
[459] [M]: 0x0000000080000674 (0x1AA0BC23) sd x10, 0x1b8(x1)                        inst_83+6
mem[W,0x00000000800053B0] <- 0xFFFFFFFFFFFFFFDA

clint mtime 0x00000000000000E6 (mip.MTI <- 0b1, mip.STI <- 0b0)
mem[X,0x0000000080000678] -> 0x0513
mem[X,0x000000008000067A] -> 0xFBF0
[460] [M]: 0x0000000080000678 (0xFBF00513) addi x10, x0, -0x41                      inst_84+0
x10 <- 0xFFFFFFFFFFFFFFBF

mem[X,0x000000008000067C] -> 0x0519
[461] [M]: 0x000000008000067C (0x0519) c.addi x10, 0x6                              inst_84+4
x10 <- 0xFFFFFFFFFFFFFFC5

clint mtime 0x00000000000000E7 (mip.MTI <- 0b1, mip.STI <- 0b0)
mem[X,0x000000008000067E] -> 0xB023
mem[X,0x0000000080000680] -> 0x1CA0
[462] [M]: 0x000000008000067E (0x1CA0B023) sd x10, 0x1c0(x1)                        inst_84+6
mem[W,0x00000000800053B8] <- 0xFFFFFFFFFFFFFFC5

mem[X,0x0000000080000682] -> 0x0513
mem[X,0x0000000080000684] -> 0xF7F0
[463] [M]: 0x0000000080000682 (0xF7F00513) addi x10, x0, -0x81                      inst_85+0
x10 <- 0xFFFFFFFFFFFFFF7F

clint mtime 0x00000000000000E8 (mip.MTI <- 0b1, mip.STI <- 0b0)
mem[X,0x0000000080000686] -> 0x156D
[464] [M]: 0x0000000080000686 (0x156D) c.addi x10, -0x5                             inst_85+4
x10 <- 0xFFFFFFFFFFFFFF7A

mem[X,0x0000000080000688] -> 0xB423
mem[X,0x000000008000068A] -> 0x1CA0
[465] [M]: 0x0000000080000688 (0x1CA0B423) sd x10, 0x1c8(x1)                        inst_85+6
mem[W,0x00000000800053C0] <- 0xFFFFFFFFFFFFFF7A

clint mtime 0x00000000000000E9 (mip.MTI <- 0b1, mip.STI <- 0b0)
mem[X,0x000000008000068C] -> 0x0513
mem[X,0x000000008000068E] -> 0xEFF0
[466] [M]: 0x000000008000068C (0xEFF00513) addi x10, x0, -0x101                     inst_86+0
x10 <- 0xFFFFFFFFFFFFFEFF

mem[X,0x0000000080000690] -> 0x1579
[467] [M]: 0x0000000080000690 (0x1579) c.addi x10, -0x2                             inst_86+4
x10 <- 0xFFFFFFFFFFFFFEFD

clint mtime 0x00000000000000EA (mip.MTI <- 0b1, mip.STI <- 0b0)
mem[X,0x0000000080000692] -> 0xB823
mem[X,0x0000000080000694] -> 0x1CA0
[468] [M]: 0x0000000080000692 (0x1CA0B823) sd x10, 0x1d0(x1)                        inst_86+6
mem[W,0x00000000800053C8] <- 0xFFFFFFFFFFFFFEFD

mem[X,0x0000000080000696] -> 0x0513
mem[X,0x0000000080000698] -> 0xDFF0
[469] [M]: 0x0000000080000696 (0xDFF00513) addi x10, x0, -0x201                     inst_87+0
x10 <- 0xFFFFFFFFFFFFFDFF

clint mtime 0x00000000000000EB (mip.MTI <- 0b1, mip.STI <- 0b0)
mem[X,0x000000008000069A] -> 0x0511
[470] [M]: 0x000000008000069A (0x0511) c.addi x10, 0x4                              inst_87+4
x10 <- 0xFFFFFFFFFFFFFE03

mem[X,0x000000008000069C] -> 0xBC23
mem[X,0x000000008000069E] -> 0x1CA0
[471] [M]: 0x000000008000069C (0x1CA0BC23) sd x10, 0x1d8(x1)                        inst_87+6
mem[W,0x00000000800053D0] <- 0xFFFFFFFFFFFFFE03

clint mtime 0x00000000000000EC (mip.MTI <- 0b1, mip.STI <- 0b0)
mem[X,0x00000000800006A0] -> 0x0513
mem[X,0x00000000800006A2] -> 0x0010
[472] [M]: 0x00000000800006A0 (0x00100513) addi x10, x0, 0x1                        inst_88+0
x10 <- 0x0000000000000001

mem[X,0x00000000800006A4] -> 0x1513
mem[X,0x00000000800006A6] -> 0x00B5
[473] [M]: 0x00000000800006A4 (0x00B51513) slli x10, x10, 0xb                       inst_88+4
x10 <- 0x0000000000000800

clint mtime 0x00000000000000ED (mip.MTI <- 0b1, mip.STI <- 0b0)
mem[X,0x00000000800006A8] -> 0x4513
mem[X,0x00000000800006AA] -> 0xFFF5
[474] [M]: 0x00000000800006A8 (0xFFF54513) xori x10, x10, -0x1                      inst_88+8
x10 <- 0xFFFFFFFFFFFFF7FF

mem[X,0x00000000800006AC] -> 0x0519
[475] [M]: 0x00000000800006AC (0x0519) c.addi x10, 0x6                              inst_88+12
x10 <- 0xFFFFFFFFFFFFF805

clint mtime 0x00000000000000EE (mip.MTI <- 0b1, mip.STI <- 0b0)
mem[X,0x00000000800006AE] -> 0xB023
mem[X,0x00000000800006B0] -> 0x1EA0
[476] [M]: 0x00000000800006AE (0x1EA0B023) sd x10, 0x1e0(x1)                        inst_88+14
mem[W,0x00000000800053D8] <- 0xFFFFFFFFFFFFF805

mem[X,0x00000000800006B2] -> 0x0513
mem[X,0x00000000800006B4] -> 0x0010
[477] [M]: 0x00000000800006B2 (0x00100513) addi x10, x0, 0x1                        inst_89+0
x10 <- 0x0000000000000001

clint mtime 0x00000000000000EF (mip.MTI <- 0b1, mip.STI <- 0b0)
mem[X,0x00000000800006B6] -> 0x1513
mem[X,0x00000000800006B8] -> 0x00C5
[478] [M]: 0x00000000800006B6 (0x00C51513) slli x10, x10, 0xc                       inst_89+4
x10 <- 0x0000000000001000

mem[X,0x00000000800006BA] -> 0x4513
mem[X,0x00000000800006BC] -> 0xFFF5
[479] [M]: 0x00000000800006BA (0xFFF54513) xori x10, x10, -0x1                      inst_89+8
x10 <- 0xFFFFFFFFFFFFEFFF

clint mtime 0x00000000000000F0 (mip.MTI <- 0b1, mip.STI <- 0b0)
mem[X,0x00000000800006BE] -> 0x1575
[480] [M]: 0x00000000800006BE (0x1575) c.addi x10, -0x3                             inst_89+12
x10 <- 0xFFFFFFFFFFFFEFFC

mem[X,0x00000000800006C0] -> 0xB423
mem[X,0x00000000800006C2] -> 0x1EA0
[481] [M]: 0x00000000800006C0 (0x1EA0B423) sd x10, 0x1e8(x1)                        inst_89+14
mem[W,0x00000000800053E0] <- 0xFFFFFFFFFFFFEFFC

clint mtime 0x00000000000000F1 (mip.MTI <- 0b1, mip.STI <- 0b0)
mem[X,0x00000000800006C4] -> 0x0513
mem[X,0x00000000800006C6] -> 0x0010
[482] [M]: 0x00000000800006C4 (0x00100513) addi x10, x0, 0x1                        inst_90+0
x10 <- 0x0000000000000001

mem[X,0x00000000800006C8] -> 0x1513
mem[X,0x00000000800006CA] -> 0x00D5
[483] [M]: 0x00000000800006C8 (0x00D51513) slli x10, x10, 0xd                       inst_90+4
x10 <- 0x0000000000002000

clint mtime 0x00000000000000F2 (mip.MTI <- 0b1, mip.STI <- 0b0)
mem[X,0x00000000800006CC] -> 0x4513
mem[X,0x00000000800006CE] -> 0xFFF5
[484] [M]: 0x00000000800006CC (0xFFF54513) xori x10, x10, -0x1                      inst_90+8
x10 <- 0xFFFFFFFFFFFFDFFF

mem[X,0x00000000800006D0] -> 0x0519
[485] [M]: 0x00000000800006D0 (0x0519) c.addi x10, 0x6                              inst_90+12
x10 <- 0xFFFFFFFFFFFFE005

clint mtime 0x00000000000000F3 (mip.MTI <- 0b1, mip.STI <- 0b0)
mem[X,0x00000000800006D2] -> 0xB823
mem[X,0x00000000800006D4] -> 0x1EA0
[486] [M]: 0x00000000800006D2 (0x1EA0B823) sd x10, 0x1f0(x1)                        inst_90+14
mem[W,0x00000000800053E8] <- 0xFFFFFFFFFFFFE005

mem[X,0x00000000800006D6] -> 0x0513
mem[X,0x00000000800006D8] -> 0x0010
[487] [M]: 0x00000000800006D6 (0x00100513) addi x10, x0, 0x1                        inst_91+0
x10 <- 0x0000000000000001

clint mtime 0x00000000000000F4 (mip.MTI <- 0b1, mip.STI <- 0b0)
mem[X,0x00000000800006DA] -> 0x1513
mem[X,0x00000000800006DC] -> 0x00E5
[488] [M]: 0x00000000800006DA (0x00E51513) slli x10, x10, 0xe                       inst_91+4
x10 <- 0x0000000000004000

mem[X,0x00000000800006DE] -> 0x4513
mem[X,0x00000000800006E0] -> 0xFFF5
[489] [M]: 0x00000000800006DE (0xFFF54513) xori x10, x10, -0x1                      inst_91+8
x10 <- 0xFFFFFFFFFFFFBFFF

clint mtime 0x00000000000000F5 (mip.MTI <- 0b1, mip.STI <- 0b0)
mem[X,0x00000000800006E2] -> 0x153D
[490] [M]: 0x00000000800006E2 (0x153D) c.addi x10, -0x11                            inst_91+12
x10 <- 0xFFFFFFFFFFFFBFEE

mem[X,0x00000000800006E4] -> 0xBC23
mem[X,0x00000000800006E6] -> 0x1EA0
[491] [M]: 0x00000000800006E4 (0x1EA0BC23) sd x10, 0x1f8(x1)                        inst_91+14
mem[W,0x00000000800053F0] <- 0xFFFFFFFFFFFFBFEE

clint mtime 0x00000000000000F6 (mip.MTI <- 0b1, mip.STI <- 0b0)
mem[X,0x00000000800006E8] -> 0x0513
mem[X,0x00000000800006EA] -> 0x0010
[492] [M]: 0x00000000800006E8 (0x00100513) addi x10, x0, 0x1                        inst_92+0
x10 <- 0x0000000000000001

mem[X,0x00000000800006EC] -> 0x1513
mem[X,0x00000000800006EE] -> 0x00F5
[493] [M]: 0x00000000800006EC (0x00F51513) slli x10, x10, 0xf                       inst_92+4
x10 <- 0x0000000000008000

clint mtime 0x00000000000000F7 (mip.MTI <- 0b1, mip.STI <- 0b0)
mem[X,0x00000000800006F0] -> 0x4513
mem[X,0x00000000800006F2] -> 0xFFF5
[494] [M]: 0x00000000800006F0 (0xFFF54513) xori x10, x10, -0x1                      inst_92+8
x10 <- 0xFFFFFFFFFFFF7FFF

mem[X,0x00000000800006F4] -> 0x0511
[495] [M]: 0x00000000800006F4 (0x0511) c.addi x10, 0x4                              inst_92+12
x10 <- 0xFFFFFFFFFFFF8003

clint mtime 0x00000000000000F8 (mip.MTI <- 0b1, mip.STI <- 0b0)
mem[X,0x00000000800006F6] -> 0xB023
mem[X,0x00000000800006F8] -> 0x20A0
[496] [M]: 0x00000000800006F6 (0x20A0B023) sd x10, 0x200(x1)                        inst_92+14
mem[W,0x00000000800053F8] <- 0xFFFFFFFFFFFF8003

mem[X,0x00000000800006FA] -> 0x0513
mem[X,0x00000000800006FC] -> 0x0010
[497] [M]: 0x00000000800006FA (0x00100513) addi x10, x0, 0x1                        inst_93+0
x10 <- 0x0000000000000001

clint mtime 0x00000000000000F9 (mip.MTI <- 0b1, mip.STI <- 0b0)
mem[X,0x00000000800006FE] -> 0x1513
mem[X,0x0000000080000700] -> 0x0105
[498] [M]: 0x00000000800006FE (0x01051513) slli x10, x10, 0x10                      inst_93+4
x10 <- 0x0000000000010000

mem[X,0x0000000080000702] -> 0x4513
mem[X,0x0000000080000704] -> 0xFFF5
[499] [M]: 0x0000000080000702 (0xFFF54513) xori x10, x10, -0x1                      inst_93+8
x10 <- 0xFFFFFFFFFFFEFFFF

clint mtime 0x00000000000000FA (mip.MTI <- 0b1, mip.STI <- 0b0)
mem[X,0x0000000080000706] -> 0x050D
[500] [M]: 0x0000000080000706 (0x050D) c.addi x10, 0x3                              inst_93+12
x10 <- 0xFFFFFFFFFFFF0002

mem[X,0x0000000080000708] -> 0xB423
mem[X,0x000000008000070A] -> 0x20A0
[501] [M]: 0x0000000080000708 (0x20A0B423) sd x10, 0x208(x1)                        inst_93+14
mem[W,0x0000000080005400] <- 0xFFFFFFFFFFFF0002

clint mtime 0x00000000000000FB (mip.MTI <- 0b1, mip.STI <- 0b0)
mem[X,0x000000008000070C] -> 0x0513
mem[X,0x000000008000070E] -> 0x0010
[502] [M]: 0x000000008000070C (0x00100513) addi x10, x0, 0x1                        inst_94+0
x10 <- 0x0000000000000001

mem[X,0x0000000080000710] -> 0x1513
mem[X,0x0000000080000712] -> 0x0125
[503] [M]: 0x0000000080000710 (0x01251513) slli x10, x10, 0x12                      inst_94+4
x10 <- 0x0000000000040000

clint mtime 0x00000000000000FC (mip.MTI <- 0b1, mip.STI <- 0b0)
mem[X,0x0000000080000714] -> 0x4513
mem[X,0x0000000080000716] -> 0xFFF5
[504] [M]: 0x0000000080000714 (0xFFF54513) xori x10, x10, -0x1                      inst_94+8
x10 <- 0xFFFFFFFFFFFBFFFF

mem[X,0x0000000080000718] -> 0x157D
[505] [M]: 0x0000000080000718 (0x157D) c.addi x10, -0x1                             inst_94+12
x10 <- 0xFFFFFFFFFFFBFFFE

clint mtime 0x00000000000000FD (mip.MTI <- 0b1, mip.STI <- 0b0)
mem[X,0x000000008000071A] -> 0xB823
mem[X,0x000000008000071C] -> 0x20A0
[506] [M]: 0x000000008000071A (0x20A0B823) sd x10, 0x210(x1)                        inst_94+14
mem[W,0x0000000080005408] <- 0xFFFFFFFFFFFBFFFE

mem[X,0x000000008000071E] -> 0x0513
mem[X,0x0000000080000720] -> 0x0010
[507] [M]: 0x000000008000071E (0x00100513) addi x10, x0, 0x1                        inst_95+0
x10 <- 0x0000000000000001

clint mtime 0x00000000000000FE (mip.MTI <- 0b1, mip.STI <- 0b0)
mem[X,0x0000000080000722] -> 0x1513
mem[X,0x0000000080000724] -> 0x0135
[508] [M]: 0x0000000080000722 (0x01351513) slli x10, x10, 0x13                      inst_95+4
x10 <- 0x0000000000080000

mem[X,0x0000000080000726] -> 0x4513
mem[X,0x0000000080000728] -> 0xFFF5
[509] [M]: 0x0000000080000726 (0xFFF54513) xori x10, x10, -0x1                      inst_95+8
x10 <- 0xFFFFFFFFFFF7FFFF

clint mtime 0x00000000000000FF (mip.MTI <- 0b1, mip.STI <- 0b0)
mem[X,0x000000008000072A] -> 0x1579
[510] [M]: 0x000000008000072A (0x1579) c.addi x10, -0x2                             inst_95+12
x10 <- 0xFFFFFFFFFFF7FFFD

mem[X,0x000000008000072C] -> 0xBC23
mem[X,0x000000008000072E] -> 0x20A0
[511] [M]: 0x000000008000072C (0x20A0BC23) sd x10, 0x218(x1)                        inst_95+14
mem[W,0x0000000080005410] <- 0xFFFFFFFFFFF7FFFD

clint mtime 0x0000000000000100 (mip.MTI <- 0b1, mip.STI <- 0b0)
mem[X,0x0000000080000730] -> 0x0513
mem[X,0x0000000080000732] -> 0x0010
[512] [M]: 0x0000000080000730 (0x00100513) addi x10, x0, 0x1                        inst_96+0
x10 <- 0x0000000000000001

mem[X,0x0000000080000734] -> 0x1513
mem[X,0x0000000080000736] -> 0x0145
[513] [M]: 0x0000000080000734 (0x01451513) slli x10, x10, 0x14                      inst_96+4
x10 <- 0x0000000000100000

clint mtime 0x0000000000000101 (mip.MTI <- 0b1, mip.STI <- 0b0)
mem[X,0x0000000080000738] -> 0x4513
mem[X,0x000000008000073A] -> 0xFFF5
[514] [M]: 0x0000000080000738 (0xFFF54513) xori x10, x10, -0x1                      inst_96+8
x10 <- 0xFFFFFFFFFFEFFFFF

mem[X,0x000000008000073C] -> 0x0501
[515] [M]: 0x000000008000073C (0x0501) c.addi x10, 0x0                              inst_96+12
x10 <- 0xFFFFFFFFFFEFFFFF

clint mtime 0x0000000000000102 (mip.MTI <- 0b1, mip.STI <- 0b0)
mem[X,0x000000008000073E] -> 0xB023
mem[X,0x0000000080000740] -> 0x22A0
[516] [M]: 0x000000008000073E (0x22A0B023) sd x10, 0x220(x1)                        inst_96+14
mem[W,0x0000000080005418] <- 0xFFFFFFFFFFEFFFFF

mem[X,0x0000000080000742] -> 0x0513
mem[X,0x0000000080000744] -> 0x0010
[517] [M]: 0x0000000080000742 (0x00100513) addi x10, x0, 0x1                        inst_97+0
x10 <- 0x0000000000000001

clint mtime 0x0000000000000103 (mip.MTI <- 0b1, mip.STI <- 0b0)
mem[X,0x0000000080000746] -> 0x1513
mem[X,0x0000000080000748] -> 0x0155
[518] [M]: 0x0000000080000746 (0x01551513) slli x10, x10, 0x15                      inst_97+4
x10 <- 0x0000000000200000

mem[X,0x000000008000074A] -> 0x4513
mem[X,0x000000008000074C] -> 0xFFF5
[519] [M]: 0x000000008000074A (0xFFF54513) xori x10, x10, -0x1                      inst_97+8
x10 <- 0xFFFFFFFFFFDFFFFF

clint mtime 0x0000000000000104 (mip.MTI <- 0b1, mip.STI <- 0b0)
mem[X,0x000000008000074E] -> 0x0519
[520] [M]: 0x000000008000074E (0x0519) c.addi x10, 0x6                              inst_97+12
x10 <- 0xFFFFFFFFFFE00005

mem[X,0x0000000080000750] -> 0xB423
mem[X,0x0000000080000752] -> 0x22A0
[521] [M]: 0x0000000080000750 (0x22A0B423) sd x10, 0x228(x1)                        inst_97+14
mem[W,0x0000000080005420] <- 0xFFFFFFFFFFE00005

clint mtime 0x0000000000000105 (mip.MTI <- 0b1, mip.STI <- 0b0)
mem[X,0x0000000080000754] -> 0x0513
mem[X,0x0000000080000756] -> 0x0010
[522] [M]: 0x0000000080000754 (0x00100513) addi x10, x0, 0x1                        inst_98+0
x10 <- 0x0000000000000001

mem[X,0x0000000080000758] -> 0x1513
mem[X,0x000000008000075A] -> 0x0165
[523] [M]: 0x0000000080000758 (0x01651513) slli x10, x10, 0x16                      inst_98+4
x10 <- 0x0000000000400000

clint mtime 0x0000000000000106 (mip.MTI <- 0b1, mip.STI <- 0b0)
mem[X,0x000000008000075C] -> 0x4513
mem[X,0x000000008000075E] -> 0xFFF5
[524] [M]: 0x000000008000075C (0xFFF54513) xori x10, x10, -0x1                      inst_98+8
x10 <- 0xFFFFFFFFFFBFFFFF

mem[X,0x0000000080000760] -> 0x057D
[525] [M]: 0x0000000080000760 (0x057D) c.addi x10, 0x1f                             inst_98+12
x10 <- 0xFFFFFFFFFFC0001E

clint mtime 0x0000000000000107 (mip.MTI <- 0b1, mip.STI <- 0b0)
mem[X,0x0000000080000762] -> 0xB823
mem[X,0x0000000080000764] -> 0x22A0
[526] [M]: 0x0000000080000762 (0x22A0B823) sd x10, 0x230(x1)                        inst_98+14
mem[W,0x0000000080005428] <- 0xFFFFFFFFFFC0001E

mem[X,0x0000000080000766] -> 0x0513
mem[X,0x0000000080000768] -> 0x0010
[527] [M]: 0x0000000080000766 (0x00100513) addi x10, x0, 0x1                        inst_99+0
x10 <- 0x0000000000000001

clint mtime 0x0000000000000108 (mip.MTI <- 0b1, mip.STI <- 0b0)
mem[X,0x000000008000076A] -> 0x1513
mem[X,0x000000008000076C] -> 0x0175
[528] [M]: 0x000000008000076A (0x01751513) slli x10, x10, 0x17                      inst_99+4
x10 <- 0x0000000000800000

mem[X,0x000000008000076E] -> 0x4513
mem[X,0x0000000080000770] -> 0xFFF5
[529] [M]: 0x000000008000076E (0xFFF54513) xori x10, x10, -0x1                      inst_99+8
x10 <- 0xFFFFFFFFFF7FFFFF

clint mtime 0x0000000000000109 (mip.MTI <- 0b1, mip.STI <- 0b0)
mem[X,0x0000000080000772] -> 0x1569
[530] [M]: 0x0000000080000772 (0x1569) c.addi x10, -0x6                             inst_99+12
x10 <- 0xFFFFFFFFFF7FFFF9

mem[X,0x0000000080000774] -> 0xBC23
mem[X,0x0000000080000776] -> 0x22A0
[531] [M]: 0x0000000080000774 (0x22A0BC23) sd x10, 0x238(x1)                        inst_99+14
mem[W,0x0000000080005430] <- 0xFFFFFFFFFF7FFFF9

clint mtime 0x000000000000010A (mip.MTI <- 0b1, mip.STI <- 0b0)
mem[X,0x0000000080000778] -> 0x0513
mem[X,0x000000008000077A] -> 0x0010
[532] [M]: 0x0000000080000778 (0x00100513) addi x10, x0, 0x1                        inst_100+0
x10 <- 0x0000000000000001

mem[X,0x000000008000077C] -> 0x1513
mem[X,0x000000008000077E] -> 0x0185
[533] [M]: 0x000000008000077C (0x01851513) slli x10, x10, 0x18                      inst_100+4
x10 <- 0x0000000001000000

clint mtime 0x000000000000010B (mip.MTI <- 0b1, mip.STI <- 0b0)
mem[X,0x0000000080000780] -> 0x4513
mem[X,0x0000000080000782] -> 0xFFF5
[534] [M]: 0x0000000080000780 (0xFFF54513) xori x10, x10, -0x1                      inst_100+8
x10 <- 0xFFFFFFFFFEFFFFFF

mem[X,0x0000000080000784] -> 0x0529
[535] [M]: 0x0000000080000784 (0x0529) c.addi x10, 0xa                              inst_100+12
x10 <- 0xFFFFFFFFFF000009

clint mtime 0x000000000000010C (mip.MTI <- 0b1, mip.STI <- 0b0)
mem[X,0x0000000080000786] -> 0xB023
mem[X,0x0000000080000788] -> 0x24A0
[536] [M]: 0x0000000080000786 (0x24A0B023) sd x10, 0x240(x1)                        inst_100+14
mem[W,0x0000000080005438] <- 0xFFFFFFFFFF000009

mem[X,0x000000008000078A] -> 0x0513
mem[X,0x000000008000078C] -> 0x0010
[537] [M]: 0x000000008000078A (0x00100513) addi x10, x0, 0x1                        inst_101+0
x10 <- 0x0000000000000001

clint mtime 0x000000000000010D (mip.MTI <- 0b1, mip.STI <- 0b0)
mem[X,0x000000008000078E] -> 0x1513
mem[X,0x0000000080000790] -> 0x0195
[538] [M]: 0x000000008000078E (0x01951513) slli x10, x10, 0x19                      inst_101+4
x10 <- 0x0000000002000000

mem[X,0x0000000080000792] -> 0x4513
mem[X,0x0000000080000794] -> 0xFFF5
[539] [M]: 0x0000000080000792 (0xFFF54513) xori x10, x10, -0x1                      inst_101+8
x10 <- 0xFFFFFFFFFDFFFFFF

clint mtime 0x000000000000010E (mip.MTI <- 0b1, mip.STI <- 0b0)
mem[X,0x0000000080000796] -> 0x1571
[540] [M]: 0x0000000080000796 (0x1571) c.addi x10, -0x4                             inst_101+12
x10 <- 0xFFFFFFFFFDFFFFFB

mem[X,0x0000000080000798] -> 0xB423
mem[X,0x000000008000079A] -> 0x24A0
[541] [M]: 0x0000000080000798 (0x24A0B423) sd x10, 0x248(x1)                        inst_101+14
mem[W,0x0000000080005440] <- 0xFFFFFFFFFDFFFFFB

clint mtime 0x000000000000010F (mip.MTI <- 0b1, mip.STI <- 0b0)
mem[X,0x000000008000079C] -> 0x0513
mem[X,0x000000008000079E] -> 0x0010
[542] [M]: 0x000000008000079C (0x00100513) addi x10, x0, 0x1                        inst_102+0
x10 <- 0x0000000000000001

mem[X,0x00000000800007A0] -> 0x1513
mem[X,0x00000000800007A2] -> 0x01A5
[543] [M]: 0x00000000800007A0 (0x01A51513) slli x10, x10, 0x1a                      inst_102+4
x10 <- 0x0000000004000000

clint mtime 0x0000000000000110 (mip.MTI <- 0b1, mip.STI <- 0b0)
mem[X,0x00000000800007A4] -> 0x4513
mem[X,0x00000000800007A6] -> 0xFFF5
[544] [M]: 0x00000000800007A4 (0xFFF54513) xori x10, x10, -0x1                      inst_102+8
x10 <- 0xFFFFFFFFFBFFFFFF

mem[X,0x00000000800007A8] -> 0x053D
[545] [M]: 0x00000000800007A8 (0x053D) c.addi x10, 0xf                              inst_102+12
x10 <- 0xFFFFFFFFFC00000E

clint mtime 0x0000000000000111 (mip.MTI <- 0b1, mip.STI <- 0b0)
mem[X,0x00000000800007AA] -> 0xB823
mem[X,0x00000000800007AC] -> 0x24A0
[546] [M]: 0x00000000800007AA (0x24A0B823) sd x10, 0x250(x1)                        inst_102+14
mem[W,0x0000000080005448] <- 0xFFFFFFFFFC00000E

mem[X,0x00000000800007AE] -> 0x0513
mem[X,0x00000000800007B0] -> 0x0010
[547] [M]: 0x00000000800007AE (0x00100513) addi x10, x0, 0x1                        inst_103+0
x10 <- 0x0000000000000001

clint mtime 0x0000000000000112 (mip.MTI <- 0b1, mip.STI <- 0b0)
mem[X,0x00000000800007B2] -> 0x1513
mem[X,0x00000000800007B4] -> 0x01B5
[548] [M]: 0x00000000800007B2 (0x01B51513) slli x10, x10, 0x1b                      inst_103+4
x10 <- 0x0000000008000000

mem[X,0x00000000800007B6] -> 0x4513
mem[X,0x00000000800007B8] -> 0xFFF5
[549] [M]: 0x00000000800007B6 (0xFFF54513) xori x10, x10, -0x1                      inst_103+8
x10 <- 0xFFFFFFFFF7FFFFFF

clint mtime 0x0000000000000113 (mip.MTI <- 0b1, mip.STI <- 0b0)
mem[X,0x00000000800007BA] -> 0x0519
[550] [M]: 0x00000000800007BA (0x0519) c.addi x10, 0x6                              inst_103+12
x10 <- 0xFFFFFFFFF8000005

mem[X,0x00000000800007BC] -> 0xBC23
mem[X,0x00000000800007BE] -> 0x24A0
[551] [M]: 0x00000000800007BC (0x24A0BC23) sd x10, 0x258(x1)                        inst_103+14
mem[W,0x0000000080005450] <- 0xFFFFFFFFF8000005

clint mtime 0x0000000000000114 (mip.MTI <- 0b1, mip.STI <- 0b0)
mem[X,0x00000000800007C0] -> 0x0513
mem[X,0x00000000800007C2] -> 0x0010
[552] [M]: 0x00000000800007C0 (0x00100513) addi x10, x0, 0x1                        inst_104+0
x10 <- 0x0000000000000001

mem[X,0x00000000800007C4] -> 0x1513
mem[X,0x00000000800007C6] -> 0x01C5
[553] [M]: 0x00000000800007C4 (0x01C51513) slli x10, x10, 0x1c                      inst_104+4
x10 <- 0x0000000010000000

clint mtime 0x0000000000000115 (mip.MTI <- 0b1, mip.STI <- 0b0)
mem[X,0x00000000800007C8] -> 0x4513
mem[X,0x00000000800007CA] -> 0xFFF5
[554] [M]: 0x00000000800007C8 (0xFFF54513) xori x10, x10, -0x1                      inst_104+8
x10 <- 0xFFFFFFFFEFFFFFFF

mem[X,0x00000000800007CC] -> 0x0519
[555] [M]: 0x00000000800007CC (0x0519) c.addi x10, 0x6                              inst_104+12
x10 <- 0xFFFFFFFFF0000005

clint mtime 0x0000000000000116 (mip.MTI <- 0b1, mip.STI <- 0b0)
mem[X,0x00000000800007CE] -> 0xB023
mem[X,0x00000000800007D0] -> 0x26A0
[556] [M]: 0x00000000800007CE (0x26A0B023) sd x10, 0x260(x1)                        inst_104+14
mem[W,0x0000000080005458] <- 0xFFFFFFFFF0000005

mem[X,0x00000000800007D2] -> 0x0513
mem[X,0x00000000800007D4] -> 0x0010
[557] [M]: 0x00000000800007D2 (0x00100513) addi x10, x0, 0x1                        inst_105+0
x10 <- 0x0000000000000001

clint mtime 0x0000000000000117 (mip.MTI <- 0b1, mip.STI <- 0b0)
mem[X,0x00000000800007D6] -> 0x1513
mem[X,0x00000000800007D8] -> 0x01D5
[558] [M]: 0x00000000800007D6 (0x01D51513) slli x10, x10, 0x1d                      inst_105+4
x10 <- 0x0000000020000000

mem[X,0x00000000800007DA] -> 0x4513
mem[X,0x00000000800007DC] -> 0xFFF5
[559] [M]: 0x00000000800007DA (0xFFF54513) xori x10, x10, -0x1                      inst_105+8
x10 <- 0xFFFFFFFFDFFFFFFF

clint mtime 0x0000000000000118 (mip.MTI <- 0b1, mip.STI <- 0b0)
mem[X,0x00000000800007DE] -> 0x157D
[560] [M]: 0x00000000800007DE (0x157D) c.addi x10, -0x1                             inst_105+12
x10 <- 0xFFFFFFFFDFFFFFFE

mem[X,0x00000000800007E0] -> 0xB423
mem[X,0x00000000800007E2] -> 0x26A0
[561] [M]: 0x00000000800007E0 (0x26A0B423) sd x10, 0x268(x1)                        inst_105+14
mem[W,0x0000000080005460] <- 0xFFFFFFFFDFFFFFFE

clint mtime 0x0000000000000119 (mip.MTI <- 0b1, mip.STI <- 0b0)
mem[X,0x00000000800007E4] -> 0x0513
mem[X,0x00000000800007E6] -> 0x0010
[562] [M]: 0x00000000800007E4 (0x00100513) addi x10, x0, 0x1                        inst_106+0
x10 <- 0x0000000000000001

mem[X,0x00000000800007E8] -> 0x1513
mem[X,0x00000000800007EA] -> 0x01E5
[563] [M]: 0x00000000800007E8 (0x01E51513) slli x10, x10, 0x1e                      inst_106+4
x10 <- 0x0000000040000000

clint mtime 0x000000000000011A (mip.MTI <- 0b1, mip.STI <- 0b0)
mem[X,0x00000000800007EC] -> 0x4513
mem[X,0x00000000800007EE] -> 0xFFF5
[564] [M]: 0x00000000800007EC (0xFFF54513) xori x10, x10, -0x1                      inst_106+8
x10 <- 0xFFFFFFFFBFFFFFFF

mem[X,0x00000000800007F0] -> 0x0501
[565] [M]: 0x00000000800007F0 (0x0501) c.addi x10, 0x0                              inst_106+12
x10 <- 0xFFFFFFFFBFFFFFFF

clint mtime 0x000000000000011B (mip.MTI <- 0b1, mip.STI <- 0b0)
mem[X,0x00000000800007F2] -> 0xB823
mem[X,0x00000000800007F4] -> 0x26A0
[566] [M]: 0x00000000800007F2 (0x26A0B823) sd x10, 0x270(x1)                        inst_106+14
mem[W,0x0000000080005468] <- 0xFFFFFFFFBFFFFFFF

mem[X,0x00000000800007F6] -> 0x0513
mem[X,0x00000000800007F8] -> 0x0010
[567] [M]: 0x00000000800007F6 (0x00100513) addi x10, x0, 0x1                        inst_107+0
x10 <- 0x0000000000000001

clint mtime 0x000000000000011C (mip.MTI <- 0b1, mip.STI <- 0b0)
mem[X,0x00000000800007FA] -> 0x1513
mem[X,0x00000000800007FC] -> 0x01F5
[568] [M]: 0x00000000800007FA (0x01F51513) slli x10, x10, 0x1f                      inst_107+4
x10 <- 0x0000000080000000

mem[X,0x00000000800007FE] -> 0x4513
mem[X,0x0000000080000800] -> 0xFFF5
[569] [M]: 0x00000000800007FE (0xFFF54513) xori x10, x10, -0x1                      inst_107+8
x10 <- 0xFFFFFFFF7FFFFFFF

clint mtime 0x000000000000011D (mip.MTI <- 0b1, mip.STI <- 0b0)
mem[X,0x0000000080000802] -> 0x1565
[570] [M]: 0x0000000080000802 (0x1565) c.addi x10, -0x7                             inst_107+12
x10 <- 0xFFFFFFFF7FFFFFF8

mem[X,0x0000000080000804] -> 0xBC23
mem[X,0x0000000080000806] -> 0x26A0
[571] [M]: 0x0000000080000804 (0x26A0BC23) sd x10, 0x278(x1)                        inst_107+14
mem[W,0x0000000080005470] <- 0xFFFFFFFF7FFFFFF8

clint mtime 0x000000000000011E (mip.MTI <- 0b1, mip.STI <- 0b0)
mem[X,0x0000000080000808] -> 0x0513
mem[X,0x000000008000080A] -> 0x0010
[572] [M]: 0x0000000080000808 (0x00100513) addi x10, x0, 0x1                        inst_108+0
x10 <- 0x0000000000000001

mem[X,0x000000008000080C] -> 0x1513
mem[X,0x000000008000080E] -> 0x0205
[573] [M]: 0x000000008000080C (0x02051513) slli x10, x10, 0x20                      inst_108+4
x10 <- 0x0000000100000000

clint mtime 0x000000000000011F (mip.MTI <- 0b1, mip.STI <- 0b0)
mem[X,0x0000000080000810] -> 0x4513
mem[X,0x0000000080000812] -> 0xFFF5
[574] [M]: 0x0000000080000810 (0xFFF54513) xori x10, x10, -0x1                      inst_108+8
x10 <- 0xFFFFFFFEFFFFFFFF

mem[X,0x0000000080000814] -> 0x0541
[575] [M]: 0x0000000080000814 (0x0541) c.addi x10, 0x10                             inst_108+12
x10 <- 0xFFFFFFFF0000000F

clint mtime 0x0000000000000120 (mip.MTI <- 0b1, mip.STI <- 0b0)
mem[X,0x0000000080000816] -> 0xB023
mem[X,0x0000000080000818] -> 0x28A0
[576] [M]: 0x0000000080000816 (0x28A0B023) sd x10, 0x280(x1)                        inst_108+14
mem[W,0x0000000080005478] <- 0xFFFFFFFF0000000F

mem[X,0x000000008000081A] -> 0x0513
mem[X,0x000000008000081C] -> 0x0010
[577] [M]: 0x000000008000081A (0x00100513) addi x10, x0, 0x1                        inst_109+0
x10 <- 0x0000000000000001

clint mtime 0x0000000000000121 (mip.MTI <- 0b1, mip.STI <- 0b0)
mem[X,0x000000008000081E] -> 0x1513
mem[X,0x0000000080000820] -> 0x0215
[578] [M]: 0x000000008000081E (0x02151513) slli x10, x10, 0x21                      inst_109+4
x10 <- 0x0000000200000000

mem[X,0x0000000080000822] -> 0x4513
mem[X,0x0000000080000824] -> 0xFFF5
[579] [M]: 0x0000000080000822 (0xFFF54513) xori x10, x10, -0x1                      inst_109+8
x10 <- 0xFFFFFFFDFFFFFFFF

clint mtime 0x0000000000000122 (mip.MTI <- 0b1, mip.STI <- 0b0)
mem[X,0x0000000080000826] -> 0x0521
[580] [M]: 0x0000000080000826 (0x0521) c.addi x10, 0x8                              inst_109+12
x10 <- 0xFFFFFFFE00000007

mem[X,0x0000000080000828] -> 0xB423
mem[X,0x000000008000082A] -> 0x28A0
[581] [M]: 0x0000000080000828 (0x28A0B423) sd x10, 0x288(x1)                        inst_109+14
mem[W,0x0000000080005480] <- 0xFFFFFFFE00000007

clint mtime 0x0000000000000123 (mip.MTI <- 0b1, mip.STI <- 0b0)
mem[X,0x000000008000082C] -> 0x0513
mem[X,0x000000008000082E] -> 0x0010
[582] [M]: 0x000000008000082C (0x00100513) addi x10, x0, 0x1                        inst_110+0
x10 <- 0x0000000000000001

mem[X,0x0000000080000830] -> 0x1513
mem[X,0x0000000080000832] -> 0x0235
[583] [M]: 0x0000000080000830 (0x02351513) slli x10, x10, 0x23                      inst_110+4
x10 <- 0x0000000800000000

clint mtime 0x0000000000000124 (mip.MTI <- 0b1, mip.STI <- 0b0)
mem[X,0x0000000080000834] -> 0x4513
mem[X,0x0000000080000836] -> 0xFFF5
[584] [M]: 0x0000000080000834 (0xFFF54513) xori x10, x10, -0x1                      inst_110+8
x10 <- 0xFFFFFFF7FFFFFFFF

mem[X,0x0000000080000838] -> 0x0501
[585] [M]: 0x0000000080000838 (0x0501) c.addi x10, 0x0                              inst_110+12
x10 <- 0xFFFFFFF7FFFFFFFF

clint mtime 0x0000000000000125 (mip.MTI <- 0b1, mip.STI <- 0b0)
mem[X,0x000000008000083A] -> 0xB823
mem[X,0x000000008000083C] -> 0x28A0
[586] [M]: 0x000000008000083A (0x28A0B823) sd x10, 0x290(x1)                        inst_110+14
mem[W,0x0000000080005488] <- 0xFFFFFFF7FFFFFFFF

mem[X,0x000000008000083E] -> 0x0513
mem[X,0x0000000080000840] -> 0x0010
[587] [M]: 0x000000008000083E (0x00100513) addi x10, x0, 0x1                        inst_111+0
x10 <- 0x0000000000000001

clint mtime 0x0000000000000126 (mip.MTI <- 0b1, mip.STI <- 0b0)
mem[X,0x0000000080000842] -> 0x1513
mem[X,0x0000000080000844] -> 0x0245
[588] [M]: 0x0000000080000842 (0x02451513) slli x10, x10, 0x24                      inst_111+4
x10 <- 0x0000001000000000

mem[X,0x0000000080000846] -> 0x4513
mem[X,0x0000000080000848] -> 0xFFF5
[589] [M]: 0x0000000080000846 (0xFFF54513) xori x10, x10, -0x1                      inst_111+8
x10 <- 0xFFFFFFEFFFFFFFFF

clint mtime 0x0000000000000127 (mip.MTI <- 0b1, mip.STI <- 0b0)
mem[X,0x000000008000084A] -> 0x0511
[590] [M]: 0x000000008000084A (0x0511) c.addi x10, 0x4                              inst_111+12
x10 <- 0xFFFFFFF000000003

mem[X,0x000000008000084C] -> 0xBC23
mem[X,0x000000008000084E] -> 0x28A0
[591] [M]: 0x000000008000084C (0x28A0BC23) sd x10, 0x298(x1)                        inst_111+14
mem[W,0x0000000080005490] <- 0xFFFFFFF000000003

clint mtime 0x0000000000000128 (mip.MTI <- 0b1, mip.STI <- 0b0)
mem[X,0x0000000080000850] -> 0x0513
mem[X,0x0000000080000852] -> 0x0010
[592] [M]: 0x0000000080000850 (0x00100513) addi x10, x0, 0x1                        inst_112+0
x10 <- 0x0000000000000001

mem[X,0x0000000080000854] -> 0x1513
mem[X,0x0000000080000856] -> 0x0255
[593] [M]: 0x0000000080000854 (0x02551513) slli x10, x10, 0x25                      inst_112+4
x10 <- 0x0000002000000000

clint mtime 0x0000000000000129 (mip.MTI <- 0b1, mip.STI <- 0b0)
mem[X,0x0000000080000858] -> 0x4513
mem[X,0x000000008000085A] -> 0xFFF5
[594] [M]: 0x0000000080000858 (0xFFF54513) xori x10, x10, -0x1                      inst_112+8
x10 <- 0xFFFFFFDFFFFFFFFF

mem[X,0x000000008000085C] -> 0x153D
[595] [M]: 0x000000008000085C (0x153D) c.addi x10, -0x11                            inst_112+12
x10 <- 0xFFFFFFDFFFFFFFEE

clint mtime 0x000000000000012A (mip.MTI <- 0b1, mip.STI <- 0b0)
mem[X,0x000000008000085E] -> 0xB023
mem[X,0x0000000080000860] -> 0x2AA0
[596] [M]: 0x000000008000085E (0x2AA0B023) sd x10, 0x2a0(x1)                        inst_112+14
mem[W,0x0000000080005498] <- 0xFFFFFFDFFFFFFFEE

mem[X,0x0000000080000862] -> 0x0513
mem[X,0x0000000080000864] -> 0x0010
[597] [M]: 0x0000000080000862 (0x00100513) addi x10, x0, 0x1                        inst_113+0
x10 <- 0x0000000000000001

clint mtime 0x000000000000012B (mip.MTI <- 0b1, mip.STI <- 0b0)
mem[X,0x0000000080000866] -> 0x1513
mem[X,0x0000000080000868] -> 0x0265
[598] [M]: 0x0000000080000866 (0x02651513) slli x10, x10, 0x26                      inst_113+4
x10 <- 0x0000004000000000

mem[X,0x000000008000086A] -> 0x4513
mem[X,0x000000008000086C] -> 0xFFF5
[599] [M]: 0x000000008000086A (0xFFF54513) xori x10, x10, -0x1                      inst_113+8
x10 <- 0xFFFFFFBFFFFFFFFF

clint mtime 0x000000000000012C (mip.MTI <- 0b1, mip.STI <- 0b0)
mem[X,0x000000008000086E] -> 0x053D
[600] [M]: 0x000000008000086E (0x053D) c.addi x10, 0xf                              inst_113+12
x10 <- 0xFFFFFFC00000000E

mem[X,0x0000000080000870] -> 0xB423
mem[X,0x0000000080000872] -> 0x2AA0
[601] [M]: 0x0000000080000870 (0x2AA0B423) sd x10, 0x2a8(x1)                        inst_113+14
mem[W,0x00000000800054A0] <- 0xFFFFFFC00000000E

clint mtime 0x000000000000012D (mip.MTI <- 0b1, mip.STI <- 0b0)
mem[X,0x0000000080000874] -> 0x0513
mem[X,0x0000000080000876] -> 0x0010
[602] [M]: 0x0000000080000874 (0x00100513) addi x10, x0, 0x1                        inst_114+0
x10 <- 0x0000000000000001

mem[X,0x0000000080000878] -> 0x1513
mem[X,0x000000008000087A] -> 0x0275
[603] [M]: 0x0000000080000878 (0x02751513) slli x10, x10, 0x27                      inst_114+4
x10 <- 0x0000008000000000

clint mtime 0x000000000000012E (mip.MTI <- 0b1, mip.STI <- 0b0)
mem[X,0x000000008000087C] -> 0x4513
mem[X,0x000000008000087E] -> 0xFFF5
[604] [M]: 0x000000008000087C (0xFFF54513) xori x10, x10, -0x1                      inst_114+8
x10 <- 0xFFFFFF7FFFFFFFFF

mem[X,0x0000000080000880] -> 0x0515
[605] [M]: 0x0000000080000880 (0x0515) c.addi x10, 0x5                              inst_114+12
x10 <- 0xFFFFFF8000000004

clint mtime 0x000000000000012F (mip.MTI <- 0b1, mip.STI <- 0b0)
mem[X,0x0000000080000882] -> 0xB823
mem[X,0x0000000080000884] -> 0x2AA0
[606] [M]: 0x0000000080000882 (0x2AA0B823) sd x10, 0x2b0(x1)                        inst_114+14
mem[W,0x00000000800054A8] <- 0xFFFFFF8000000004

mem[X,0x0000000080000886] -> 0x0513
mem[X,0x0000000080000888] -> 0x0010
[607] [M]: 0x0000000080000886 (0x00100513) addi x10, x0, 0x1                        inst_115+0
x10 <- 0x0000000000000001

clint mtime 0x0000000000000130 (mip.MTI <- 0b1, mip.STI <- 0b0)
mem[X,0x000000008000088A] -> 0x1513
mem[X,0x000000008000088C] -> 0x0285
[608] [M]: 0x000000008000088A (0x02851513) slli x10, x10, 0x28                      inst_115+4
x10 <- 0x0000010000000000

mem[X,0x000000008000088E] -> 0x4513
mem[X,0x0000000080000890] -> 0xFFF5
[609] [M]: 0x000000008000088E (0xFFF54513) xori x10, x10, -0x1                      inst_115+8
x10 <- 0xFFFFFEFFFFFFFFFF

clint mtime 0x0000000000000131 (mip.MTI <- 0b1, mip.STI <- 0b0)
mem[X,0x0000000080000892] -> 0x0501
[610] [M]: 0x0000000080000892 (0x0501) c.addi x10, 0x0                              inst_115+12
x10 <- 0xFFFFFEFFFFFFFFFF

mem[X,0x0000000080000894] -> 0xBC23
mem[X,0x0000000080000896] -> 0x2AA0
[611] [M]: 0x0000000080000894 (0x2AA0BC23) sd x10, 0x2b8(x1)                        inst_115+14
mem[W,0x00000000800054B0] <- 0xFFFFFEFFFFFFFFFF

clint mtime 0x0000000000000132 (mip.MTI <- 0b1, mip.STI <- 0b0)
mem[X,0x0000000080000898] -> 0x0513
mem[X,0x000000008000089A] -> 0x0010
[612] [M]: 0x0000000080000898 (0x00100513) addi x10, x0, 0x1                        inst_116+0
x10 <- 0x0000000000000001

mem[X,0x000000008000089C] -> 0x1513
mem[X,0x000000008000089E] -> 0x0295
[613] [M]: 0x000000008000089C (0x02951513) slli x10, x10, 0x29                      inst_116+4
x10 <- 0x0000020000000000

clint mtime 0x0000000000000133 (mip.MTI <- 0b1, mip.STI <- 0b0)
mem[X,0x00000000800008A0] -> 0x4513
mem[X,0x00000000800008A2] -> 0xFFF5
[614] [M]: 0x00000000800008A0 (0xFFF54513) xori x10, x10, -0x1                      inst_116+8
x10 <- 0xFFFFFDFFFFFFFFFF

mem[X,0x00000000800008A4] -> 0x0519
[615] [M]: 0x00000000800008A4 (0x0519) c.addi x10, 0x6                              inst_116+12
x10 <- 0xFFFFFE0000000005

clint mtime 0x0000000000000134 (mip.MTI <- 0b1, mip.STI <- 0b0)
mem[X,0x00000000800008A6] -> 0xB023
mem[X,0x00000000800008A8] -> 0x2CA0
[616] [M]: 0x00000000800008A6 (0x2CA0B023) sd x10, 0x2c0(x1)                        inst_116+14
mem[W,0x00000000800054B8] <- 0xFFFFFE0000000005

mem[X,0x00000000800008AA] -> 0x0513
mem[X,0x00000000800008AC] -> 0x0010
[617] [M]: 0x00000000800008AA (0x00100513) addi x10, x0, 0x1                        inst_117+0
x10 <- 0x0000000000000001

clint mtime 0x0000000000000135 (mip.MTI <- 0b1, mip.STI <- 0b0)
mem[X,0x00000000800008AE] -> 0x1513
mem[X,0x00000000800008B0] -> 0x02A5
[618] [M]: 0x00000000800008AE (0x02A51513) slli x10, x10, 0x2a                      inst_117+4
x10 <- 0x0000040000000000

mem[X,0x00000000800008B2] -> 0x4513
mem[X,0x00000000800008B4] -> 0xFFF5
[619] [M]: 0x00000000800008B2 (0xFFF54513) xori x10, x10, -0x1                      inst_117+8
x10 <- 0xFFFFFBFFFFFFFFFF

clint mtime 0x0000000000000136 (mip.MTI <- 0b1, mip.STI <- 0b0)
mem[X,0x00000000800008B6] -> 0x051D
[620] [M]: 0x00000000800008B6 (0x051D) c.addi x10, 0x7                              inst_117+12
x10 <- 0xFFFFFC0000000006

mem[X,0x00000000800008B8] -> 0xB423
mem[X,0x00000000800008BA] -> 0x2CA0
[621] [M]: 0x00000000800008B8 (0x2CA0B423) sd x10, 0x2c8(x1)                        inst_117+14
mem[W,0x00000000800054C0] <- 0xFFFFFC0000000006

clint mtime 0x0000000000000137 (mip.MTI <- 0b1, mip.STI <- 0b0)
mem[X,0x00000000800008BC] -> 0x0513
mem[X,0x00000000800008BE] -> 0x0010
[622] [M]: 0x00000000800008BC (0x00100513) addi x10, x0, 0x1                        inst_118+0
x10 <- 0x0000000000000001

mem[X,0x00000000800008C0] -> 0x1513
mem[X,0x00000000800008C2] -> 0x02B5
[623] [M]: 0x00000000800008C0 (0x02B51513) slli x10, x10, 0x2b                      inst_118+4
x10 <- 0x0000080000000000

clint mtime 0x0000000000000138 (mip.MTI <- 0b1, mip.STI <- 0b0)
mem[X,0x00000000800008C4] -> 0x4513
mem[X,0x00000000800008C6] -> 0xFFF5
[624] [M]: 0x00000000800008C4 (0xFFF54513) xori x10, x10, -0x1                      inst_118+8
x10 <- 0xFFFFF7FFFFFFFFFF

mem[X,0x00000000800008C8] -> 0x155D
[625] [M]: 0x00000000800008C8 (0x155D) c.addi x10, -0x9                             inst_118+12
x10 <- 0xFFFFF7FFFFFFFFF6

clint mtime 0x0000000000000139 (mip.MTI <- 0b1, mip.STI <- 0b0)
mem[X,0x00000000800008CA] -> 0xB823
mem[X,0x00000000800008CC] -> 0x2CA0
[626] [M]: 0x00000000800008CA (0x2CA0B823) sd x10, 0x2d0(x1)                        inst_118+14
mem[W,0x00000000800054C8] <- 0xFFFFF7FFFFFFFFF6

mem[X,0x00000000800008CE] -> 0x0513
mem[X,0x00000000800008D0] -> 0x0010
[627] [M]: 0x00000000800008CE (0x00100513) addi x10, x0, 0x1                        inst_119+0
x10 <- 0x0000000000000001

clint mtime 0x000000000000013A (mip.MTI <- 0b1, mip.STI <- 0b0)
mem[X,0x00000000800008D2] -> 0x1513
mem[X,0x00000000800008D4] -> 0x02C5
[628] [M]: 0x00000000800008D2 (0x02C51513) slli x10, x10, 0x2c                      inst_119+4
x10 <- 0x0000100000000000

mem[X,0x00000000800008D6] -> 0x4513
mem[X,0x00000000800008D8] -> 0xFFF5
[629] [M]: 0x00000000800008D6 (0xFFF54513) xori x10, x10, -0x1                      inst_119+8
x10 <- 0xFFFFEFFFFFFFFFFF

clint mtime 0x000000000000013B (mip.MTI <- 0b1, mip.STI <- 0b0)
mem[X,0x00000000800008DA] -> 0x1529
[630] [M]: 0x00000000800008DA (0x1529) c.addi x10, -0x16                            inst_119+12
x10 <- 0xFFFFEFFFFFFFFFE9

mem[X,0x00000000800008DC] -> 0xBC23
mem[X,0x00000000800008DE] -> 0x2CA0
[631] [M]: 0x00000000800008DC (0x2CA0BC23) sd x10, 0x2d8(x1)                        inst_119+14
mem[W,0x00000000800054D0] <- 0xFFFFEFFFFFFFFFE9

clint mtime 0x000000000000013C (mip.MTI <- 0b1, mip.STI <- 0b0)
mem[X,0x00000000800008E0] -> 0x0513
mem[X,0x00000000800008E2] -> 0x0010
[632] [M]: 0x00000000800008E0 (0x00100513) addi x10, x0, 0x1                        inst_120+0
x10 <- 0x0000000000000001

mem[X,0x00000000800008E4] -> 0x1513
mem[X,0x00000000800008E6] -> 0x02D5
[633] [M]: 0x00000000800008E4 (0x02D51513) slli x10, x10, 0x2d                      inst_120+4
x10 <- 0x0000200000000000

clint mtime 0x000000000000013D (mip.MTI <- 0b1, mip.STI <- 0b0)
mem[X,0x00000000800008E8] -> 0x4513
mem[X,0x00000000800008EA] -> 0xFFF5
[634] [M]: 0x00000000800008E8 (0xFFF54513) xori x10, x10, -0x1                      inst_120+8
x10 <- 0xFFFFDFFFFFFFFFFF

mem[X,0x00000000800008EC] -> 0x0511
[635] [M]: 0x00000000800008EC (0x0511) c.addi x10, 0x4                              inst_120+12
x10 <- 0xFFFFE00000000003

clint mtime 0x000000000000013E (mip.MTI <- 0b1, mip.STI <- 0b0)
mem[X,0x00000000800008EE] -> 0xB023
mem[X,0x00000000800008F0] -> 0x2EA0
[636] [M]: 0x00000000800008EE (0x2EA0B023) sd x10, 0x2e0(x1)                        inst_120+14
mem[W,0x00000000800054D8] <- 0xFFFFE00000000003

mem[X,0x00000000800008F2] -> 0x0513
mem[X,0x00000000800008F4] -> 0x0010
[637] [M]: 0x00000000800008F2 (0x00100513) addi x10, x0, 0x1                        inst_121+0
x10 <- 0x0000000000000001

clint mtime 0x000000000000013F (mip.MTI <- 0b1, mip.STI <- 0b0)
mem[X,0x00000000800008F6] -> 0x1513
mem[X,0x00000000800008F8] -> 0x02E5
[638] [M]: 0x00000000800008F6 (0x02E51513) slli x10, x10, 0x2e                      inst_121+4
x10 <- 0x0000400000000000

mem[X,0x00000000800008FA] -> 0x4513
mem[X,0x00000000800008FC] -> 0xFFF5
[639] [M]: 0x00000000800008FA (0xFFF54513) xori x10, x10, -0x1                      inst_121+8
x10 <- 0xFFFFBFFFFFFFFFFF

clint mtime 0x0000000000000140 (mip.MTI <- 0b1, mip.STI <- 0b0)
mem[X,0x00000000800008FE] -> 0x0511
[640] [M]: 0x00000000800008FE (0x0511) c.addi x10, 0x4                              inst_121+12
x10 <- 0xFFFFC00000000003

mem[X,0x0000000080000900] -> 0xB423
mem[X,0x0000000080000902] -> 0x2EA0
[641] [M]: 0x0000000080000900 (0x2EA0B423) sd x10, 0x2e8(x1)                        inst_121+14
mem[W,0x00000000800054E0] <- 0xFFFFC00000000003

clint mtime 0x0000000000000141 (mip.MTI <- 0b1, mip.STI <- 0b0)
mem[X,0x0000000080000904] -> 0x0513
mem[X,0x0000000080000906] -> 0x0010
[642] [M]: 0x0000000080000904 (0x00100513) addi x10, x0, 0x1                        inst_122+0
x10 <- 0x0000000000000001

mem[X,0x0000000080000908] -> 0x1513
mem[X,0x000000008000090A] -> 0x02F5
[643] [M]: 0x0000000080000908 (0x02F51513) slli x10, x10, 0x2f                      inst_122+4
x10 <- 0x0000800000000000

clint mtime 0x0000000000000142 (mip.MTI <- 0b1, mip.STI <- 0b0)
mem[X,0x000000008000090C] -> 0x4513
mem[X,0x000000008000090E] -> 0xFFF5
[644] [M]: 0x000000008000090C (0xFFF54513) xori x10, x10, -0x1                      inst_122+8
x10 <- 0xFFFF7FFFFFFFFFFF

mem[X,0x0000000080000910] -> 0x0515
[645] [M]: 0x0000000080000910 (0x0515) c.addi x10, 0x5                              inst_122+12
x10 <- 0xFFFF800000000004

clint mtime 0x0000000000000143 (mip.MTI <- 0b1, mip.STI <- 0b0)
mem[X,0x0000000080000912] -> 0xB823
mem[X,0x0000000080000914] -> 0x2EA0
[646] [M]: 0x0000000080000912 (0x2EA0B823) sd x10, 0x2f0(x1)                        inst_122+14
mem[W,0x00000000800054E8] <- 0xFFFF800000000004

mem[X,0x0000000080000916] -> 0x0513
mem[X,0x0000000080000918] -> 0x0010
[647] [M]: 0x0000000080000916 (0x00100513) addi x10, x0, 0x1                        inst_123+0
x10 <- 0x0000000000000001

clint mtime 0x0000000000000144 (mip.MTI <- 0b1, mip.STI <- 0b0)
mem[X,0x000000008000091A] -> 0x1513
mem[X,0x000000008000091C] -> 0x0305
[648] [M]: 0x000000008000091A (0x03051513) slli x10, x10, 0x30                      inst_123+4
x10 <- 0x0001000000000000

mem[X,0x000000008000091E] -> 0x4513
mem[X,0x0000000080000920] -> 0xFFF5
[649] [M]: 0x000000008000091E (0xFFF54513) xori x10, x10, -0x1                      inst_123+8
x10 <- 0xFFFEFFFFFFFFFFFF

clint mtime 0x0000000000000145 (mip.MTI <- 0b1, mip.STI <- 0b0)
mem[X,0x0000000080000922] -> 0x1529
[650] [M]: 0x0000000080000922 (0x1529) c.addi x10, -0x16                            inst_123+12
x10 <- 0xFFFEFFFFFFFFFFE9

mem[X,0x0000000080000924] -> 0xBC23
mem[X,0x0000000080000926] -> 0x2EA0
[651] [M]: 0x0000000080000924 (0x2EA0BC23) sd x10, 0x2f8(x1)                        inst_123+14
mem[W,0x00000000800054F0] <- 0xFFFEFFFFFFFFFFE9

clint mtime 0x0000000000000146 (mip.MTI <- 0b1, mip.STI <- 0b0)
mem[X,0x0000000080000928] -> 0x0513
mem[X,0x000000008000092A] -> 0x0010
[652] [M]: 0x0000000080000928 (0x00100513) addi x10, x0, 0x1                        inst_124+0
x10 <- 0x0000000000000001

mem[X,0x000000008000092C] -> 0x1513
mem[X,0x000000008000092E] -> 0x0315
[653] [M]: 0x000000008000092C (0x03151513) slli x10, x10, 0x31                      inst_124+4
x10 <- 0x0002000000000000

clint mtime 0x0000000000000147 (mip.MTI <- 0b1, mip.STI <- 0b0)
mem[X,0x0000000080000930] -> 0x4513
mem[X,0x0000000080000932] -> 0xFFF5
[654] [M]: 0x0000000080000930 (0xFFF54513) xori x10, x10, -0x1                      inst_124+8
x10 <- 0xFFFDFFFFFFFFFFFF

mem[X,0x0000000080000934] -> 0x052D
[655] [M]: 0x0000000080000934 (0x052D) c.addi x10, 0xb                              inst_124+12
x10 <- 0xFFFE00000000000A

clint mtime 0x0000000000000148 (mip.MTI <- 0b1, mip.STI <- 0b0)
mem[X,0x0000000080000936] -> 0xB023
mem[X,0x0000000080000938] -> 0x30A0
[656] [M]: 0x0000000080000936 (0x30A0B023) sd x10, 0x300(x1)                        inst_124+14
mem[W,0x00000000800054F8] <- 0xFFFE00000000000A

mem[X,0x000000008000093A] -> 0x0513
mem[X,0x000000008000093C] -> 0x0010
[657] [M]: 0x000000008000093A (0x00100513) addi x10, x0, 0x1                        inst_125+0
x10 <- 0x0000000000000001

clint mtime 0x0000000000000149 (mip.MTI <- 0b1, mip.STI <- 0b0)
mem[X,0x000000008000093E] -> 0x1513
mem[X,0x0000000080000940] -> 0x0325
[658] [M]: 0x000000008000093E (0x03251513) slli x10, x10, 0x32                      inst_125+4
x10 <- 0x0004000000000000

mem[X,0x0000000080000942] -> 0x4513
mem[X,0x0000000080000944] -> 0xFFF5
[659] [M]: 0x0000000080000942 (0xFFF54513) xori x10, x10, -0x1                      inst_125+8
x10 <- 0xFFFBFFFFFFFFFFFF

clint mtime 0x000000000000014A (mip.MTI <- 0b1, mip.STI <- 0b0)
mem[X,0x0000000080000946] -> 0x0515
[660] [M]: 0x0000000080000946 (0x0515) c.addi x10, 0x5                              inst_125+12
x10 <- 0xFFFC000000000004

mem[X,0x0000000080000948] -> 0xB423
mem[X,0x000000008000094A] -> 0x30A0
[661] [M]: 0x0000000080000948 (0x30A0B423) sd x10, 0x308(x1)                        inst_125+14
mem[W,0x0000000080005500] <- 0xFFFC000000000004

clint mtime 0x000000000000014B (mip.MTI <- 0b1, mip.STI <- 0b0)
mem[X,0x000000008000094C] -> 0x0513
mem[X,0x000000008000094E] -> 0x0010
[662] [M]: 0x000000008000094C (0x00100513) addi x10, x0, 0x1                        inst_126+0
x10 <- 0x0000000000000001

mem[X,0x0000000080000950] -> 0x1513
mem[X,0x0000000080000952] -> 0x0345
[663] [M]: 0x0000000080000950 (0x03451513) slli x10, x10, 0x34                      inst_126+4
x10 <- 0x0010000000000000

clint mtime 0x000000000000014C (mip.MTI <- 0b1, mip.STI <- 0b0)
mem[X,0x0000000080000954] -> 0x4513
mem[X,0x0000000080000956] -> 0xFFF5
[664] [M]: 0x0000000080000954 (0xFFF54513) xori x10, x10, -0x1                      inst_126+8
x10 <- 0xFFEFFFFFFFFFFFFF

mem[X,0x0000000080000958] -> 0x1561
[665] [M]: 0x0000000080000958 (0x1561) c.addi x10, -0x8                             inst_126+12
x10 <- 0xFFEFFFFFFFFFFFF7

clint mtime 0x000000000000014D (mip.MTI <- 0b1, mip.STI <- 0b0)
mem[X,0x000000008000095A] -> 0xB823
mem[X,0x000000008000095C] -> 0x30A0
[666] [M]: 0x000000008000095A (0x30A0B823) sd x10, 0x310(x1)                        inst_126+14
mem[W,0x0000000080005508] <- 0xFFEFFFFFFFFFFFF7

mem[X,0x000000008000095E] -> 0x0513
mem[X,0x0000000080000960] -> 0x0010
[667] [M]: 0x000000008000095E (0x00100513) addi x10, x0, 0x1                        inst_127+0
x10 <- 0x0000000000000001

clint mtime 0x000000000000014E (mip.MTI <- 0b1, mip.STI <- 0b0)
mem[X,0x0000000080000962] -> 0x1513
mem[X,0x0000000080000964] -> 0x0355
[668] [M]: 0x0000000080000962 (0x03551513) slli x10, x10, 0x35                      inst_127+4
x10 <- 0x0020000000000000

mem[X,0x0000000080000966] -> 0x4513
mem[X,0x0000000080000968] -> 0xFFF5
[669] [M]: 0x0000000080000966 (0xFFF54513) xori x10, x10, -0x1                      inst_127+8
x10 <- 0xFFDFFFFFFFFFFFFF

clint mtime 0x000000000000014F (mip.MTI <- 0b1, mip.STI <- 0b0)
mem[X,0x000000008000096A] -> 0x0519
[670] [M]: 0x000000008000096A (0x0519) c.addi x10, 0x6                              inst_127+12
x10 <- 0xFFE0000000000005

mem[X,0x000000008000096C] -> 0xBC23
mem[X,0x000000008000096E] -> 0x30A0
[671] [M]: 0x000000008000096C (0x30A0BC23) sd x10, 0x318(x1)                        inst_127+14
mem[W,0x0000000080005510] <- 0xFFE0000000000005

clint mtime 0x0000000000000150 (mip.MTI <- 0b1, mip.STI <- 0b0)
mem[X,0x0000000080000970] -> 0x0513
mem[X,0x0000000080000972] -> 0x0010
[672] [M]: 0x0000000080000970 (0x00100513) addi x10, x0, 0x1                        inst_128+0
x10 <- 0x0000000000000001

mem[X,0x0000000080000974] -> 0x1513
mem[X,0x0000000080000976] -> 0x0365
[673] [M]: 0x0000000080000974 (0x03651513) slli x10, x10, 0x36                      inst_128+4
x10 <- 0x0040000000000000

clint mtime 0x0000000000000151 (mip.MTI <- 0b1, mip.STI <- 0b0)
mem[X,0x0000000080000978] -> 0x4513
mem[X,0x000000008000097A] -> 0xFFF5
[674] [M]: 0x0000000080000978 (0xFFF54513) xori x10, x10, -0x1                      inst_128+8
x10 <- 0xFFBFFFFFFFFFFFFF

mem[X,0x000000008000097C] -> 0x0509
[675] [M]: 0x000000008000097C (0x0509) c.addi x10, 0x2                              inst_128+12
x10 <- 0xFFC0000000000001

clint mtime 0x0000000000000152 (mip.MTI <- 0b1, mip.STI <- 0b0)
mem[X,0x000000008000097E] -> 0xB023
mem[X,0x0000000080000980] -> 0x32A0
[676] [M]: 0x000000008000097E (0x32A0B023) sd x10, 0x320(x1)                        inst_128+14
mem[W,0x0000000080005518] <- 0xFFC0000000000001

mem[X,0x0000000080000982] -> 0x0513
mem[X,0x0000000080000984] -> 0x0010
[677] [M]: 0x0000000080000982 (0x00100513) addi x10, x0, 0x1                        inst_129+0
x10 <- 0x0000000000000001

clint mtime 0x0000000000000153 (mip.MTI <- 0b1, mip.STI <- 0b0)
mem[X,0x0000000080000986] -> 0x1513
mem[X,0x0000000080000988] -> 0x0375
[678] [M]: 0x0000000080000986 (0x03751513) slli x10, x10, 0x37                      inst_129+4
x10 <- 0x0080000000000000

mem[X,0x000000008000098A] -> 0x4513
mem[X,0x000000008000098C] -> 0xFFF5
[679] [M]: 0x000000008000098A (0xFFF54513) xori x10, x10, -0x1                      inst_129+8
x10 <- 0xFF7FFFFFFFFFFFFF

clint mtime 0x0000000000000154 (mip.MTI <- 0b1, mip.STI <- 0b0)
mem[X,0x000000008000098E] -> 0x0501
[680] [M]: 0x000000008000098E (0x0501) c.addi x10, 0x0                              inst_129+12
x10 <- 0xFF7FFFFFFFFFFFFF

mem[X,0x0000000080000990] -> 0xB423
mem[X,0x0000000080000992] -> 0x32A0
[681] [M]: 0x0000000080000990 (0x32A0B423) sd x10, 0x328(x1)                        inst_129+14
mem[W,0x0000000080005520] <- 0xFF7FFFFFFFFFFFFF

clint mtime 0x0000000000000155 (mip.MTI <- 0b1, mip.STI <- 0b0)
mem[X,0x0000000080000994] -> 0x0513
mem[X,0x0000000080000996] -> 0x0010
[682] [M]: 0x0000000080000994 (0x00100513) addi x10, x0, 0x1                        inst_130+0
x10 <- 0x0000000000000001

mem[X,0x0000000080000998] -> 0x1513
mem[X,0x000000008000099A] -> 0x0385
[683] [M]: 0x0000000080000998 (0x03851513) slli x10, x10, 0x38                      inst_130+4
x10 <- 0x0100000000000000

clint mtime 0x0000000000000156 (mip.MTI <- 0b1, mip.STI <- 0b0)
mem[X,0x000000008000099C] -> 0x4513
mem[X,0x000000008000099E] -> 0xFFF5
[684] [M]: 0x000000008000099C (0xFFF54513) xori x10, x10, -0x1                      inst_130+8
x10 <- 0xFEFFFFFFFFFFFFFF

mem[X,0x00000000800009A0] -> 0x0519
[685] [M]: 0x00000000800009A0 (0x0519) c.addi x10, 0x6                              inst_130+12
x10 <- 0xFF00000000000005

clint mtime 0x0000000000000157 (mip.MTI <- 0b1, mip.STI <- 0b0)
mem[X,0x00000000800009A2] -> 0xB823
mem[X,0x00000000800009A4] -> 0x32A0
[686] [M]: 0x00000000800009A2 (0x32A0B823) sd x10, 0x330(x1)                        inst_130+14
mem[W,0x0000000080005528] <- 0xFF00000000000005

mem[X,0x00000000800009A6] -> 0x0513
mem[X,0x00000000800009A8] -> 0x0010
[687] [M]: 0x00000000800009A6 (0x00100513) addi x10, x0, 0x1                        inst_131+0
x10 <- 0x0000000000000001

clint mtime 0x0000000000000158 (mip.MTI <- 0b1, mip.STI <- 0b0)
mem[X,0x00000000800009AA] -> 0x1513
mem[X,0x00000000800009AC] -> 0x0395
[688] [M]: 0x00000000800009AA (0x03951513) slli x10, x10, 0x39                      inst_131+4
x10 <- 0x0200000000000000

mem[X,0x00000000800009AE] -> 0x4513
mem[X,0x00000000800009B0] -> 0xFFF5
[689] [M]: 0x00000000800009AE (0xFFF54513) xori x10, x10, -0x1                      inst_131+8
x10 <- 0xFDFFFFFFFFFFFFFF

clint mtime 0x0000000000000159 (mip.MTI <- 0b1, mip.STI <- 0b0)
mem[X,0x00000000800009B2] -> 0x0501
[690] [M]: 0x00000000800009B2 (0x0501) c.addi x10, 0x0                              inst_131+12
x10 <- 0xFDFFFFFFFFFFFFFF

mem[X,0x00000000800009B4] -> 0xBC23
mem[X,0x00000000800009B6] -> 0x32A0
[691] [M]: 0x00000000800009B4 (0x32A0BC23) sd x10, 0x338(x1)                        inst_131+14
mem[W,0x0000000080005530] <- 0xFDFFFFFFFFFFFFFF

clint mtime 0x000000000000015A (mip.MTI <- 0b1, mip.STI <- 0b0)
mem[X,0x00000000800009B8] -> 0x0513
mem[X,0x00000000800009BA] -> 0x0010
[692] [M]: 0x00000000800009B8 (0x00100513) addi x10, x0, 0x1                        inst_132+0
x10 <- 0x0000000000000001

mem[X,0x00000000800009BC] -> 0x1513
mem[X,0x00000000800009BE] -> 0x03A5
[693] [M]: 0x00000000800009BC (0x03A51513) slli x10, x10, 0x3a                      inst_132+4
x10 <- 0x0400000000000000

clint mtime 0x000000000000015B (mip.MTI <- 0b1, mip.STI <- 0b0)
mem[X,0x00000000800009C0] -> 0x4513
mem[X,0x00000000800009C2] -> 0xFFF5
[694] [M]: 0x00000000800009C0 (0xFFF54513) xori x10, x10, -0x1                      inst_132+8
x10 <- 0xFBFFFFFFFFFFFFFF

mem[X,0x00000000800009C4] -> 0x153D
[695] [M]: 0x00000000800009C4 (0x153D) c.addi x10, -0x11                            inst_132+12
x10 <- 0xFBFFFFFFFFFFFFEE

clint mtime 0x000000000000015C (mip.MTI <- 0b1, mip.STI <- 0b0)
mem[X,0x00000000800009C6] -> 0xB023
mem[X,0x00000000800009C8] -> 0x34A0
[696] [M]: 0x00000000800009C6 (0x34A0B023) sd x10, 0x340(x1)                        inst_132+14
mem[W,0x0000000080005538] <- 0xFBFFFFFFFFFFFFEE

mem[X,0x00000000800009CA] -> 0x0513
mem[X,0x00000000800009CC] -> 0x0010
[697] [M]: 0x00000000800009CA (0x00100513) addi x10, x0, 0x1                        inst_133+0
x10 <- 0x0000000000000001

clint mtime 0x000000000000015D (mip.MTI <- 0b1, mip.STI <- 0b0)
mem[X,0x00000000800009CE] -> 0x1513
mem[X,0x00000000800009D0] -> 0x03B5
[698] [M]: 0x00000000800009CE (0x03B51513) slli x10, x10, 0x3b                      inst_133+4
x10 <- 0x0800000000000000

mem[X,0x00000000800009D2] -> 0x4513
mem[X,0x00000000800009D4] -> 0xFFF5
[699] [M]: 0x00000000800009D2 (0xFFF54513) xori x10, x10, -0x1                      inst_133+8
x10 <- 0xF7FFFFFFFFFFFFFF

clint mtime 0x000000000000015E (mip.MTI <- 0b1, mip.STI <- 0b0)
mem[X,0x00000000800009D6] -> 0x153D
[700] [M]: 0x00000000800009D6 (0x153D) c.addi x10, -0x11                            inst_133+12
x10 <- 0xF7FFFFFFFFFFFFEE

mem[X,0x00000000800009D8] -> 0xB423
mem[X,0x00000000800009DA] -> 0x34A0
[701] [M]: 0x00000000800009D8 (0x34A0B423) sd x10, 0x348(x1)                        inst_133+14
mem[W,0x0000000080005540] <- 0xF7FFFFFFFFFFFFEE

clint mtime 0x000000000000015F (mip.MTI <- 0b1, mip.STI <- 0b0)
mem[X,0x00000000800009DC] -> 0x0513
mem[X,0x00000000800009DE] -> 0x0010
[702] [M]: 0x00000000800009DC (0x00100513) addi x10, x0, 0x1                        inst_134+0
x10 <- 0x0000000000000001

mem[X,0x00000000800009E0] -> 0x1513
mem[X,0x00000000800009E2] -> 0x03C5
[703] [M]: 0x00000000800009E0 (0x03C51513) slli x10, x10, 0x3c                      inst_134+4
x10 <- 0x1000000000000000

clint mtime 0x0000000000000160 (mip.MTI <- 0b1, mip.STI <- 0b0)
mem[X,0x00000000800009E4] -> 0x4513
mem[X,0x00000000800009E6] -> 0xFFF5
[704] [M]: 0x00000000800009E4 (0xFFF54513) xori x10, x10, -0x1                      inst_134+8
x10 <- 0xEFFFFFFFFFFFFFFF

mem[X,0x00000000800009E8] -> 0x0509
[705] [M]: 0x00000000800009E8 (0x0509) c.addi x10, 0x2                              inst_134+12
x10 <- 0xF000000000000001

clint mtime 0x0000000000000161 (mip.MTI <- 0b1, mip.STI <- 0b0)
mem[X,0x00000000800009EA] -> 0xB823
mem[X,0x00000000800009EC] -> 0x34A0
[706] [M]: 0x00000000800009EA (0x34A0B823) sd x10, 0x350(x1)                        inst_134+14
mem[W,0x0000000080005548] <- 0xF000000000000001

mem[X,0x00000000800009EE] -> 0x0513
mem[X,0x00000000800009F0] -> 0x0010
[707] [M]: 0x00000000800009EE (0x00100513) addi x10, x0, 0x1                        inst_135+0
x10 <- 0x0000000000000001

clint mtime 0x0000000000000162 (mip.MTI <- 0b1, mip.STI <- 0b0)
mem[X,0x00000000800009F2] -> 0x1513
mem[X,0x00000000800009F4] -> 0x03D5
[708] [M]: 0x00000000800009F2 (0x03D51513) slli x10, x10, 0x3d                      inst_135+4
x10 <- 0x2000000000000000

mem[X,0x00000000800009F6] -> 0x4513
mem[X,0x00000000800009F8] -> 0xFFF5
[709] [M]: 0x00000000800009F6 (0xFFF54513) xori x10, x10, -0x1                      inst_135+8
x10 <- 0xDFFFFFFFFFFFFFFF

clint mtime 0x0000000000000163 (mip.MTI <- 0b1, mip.STI <- 0b0)
mem[X,0x00000000800009FA] -> 0x0555
[710] [M]: 0x00000000800009FA (0x0555) c.addi x10, 0x15                             inst_135+12
x10 <- 0xE000000000000014

mem[X,0x00000000800009FC] -> 0xBC23
mem[X,0x00000000800009FE] -> 0x34A0
[711] [M]: 0x00000000800009FC (0x34A0BC23) sd x10, 0x358(x1)                        inst_135+14
mem[W,0x0000000080005550] <- 0xE000000000000014

clint mtime 0x0000000000000164 (mip.MTI <- 0b1, mip.STI <- 0b0)
mem[X,0x0000000080000A00] -> 0x0513
mem[X,0x0000000080000A02] -> 0x0010
[712] [M]: 0x0000000080000A00 (0x00100513) addi x10, x0, 0x1                        inst_136+0
x10 <- 0x0000000000000001

mem[X,0x0000000080000A04] -> 0x1513
mem[X,0x0000000080000A06] -> 0x03E5
[713] [M]: 0x0000000080000A04 (0x03E51513) slli x10, x10, 0x3e                      inst_136+4
x10 <- 0x4000000000000000

clint mtime 0x0000000000000165 (mip.MTI <- 0b1, mip.STI <- 0b0)
mem[X,0x0000000080000A08] -> 0x4513
mem[X,0x0000000080000A0A] -> 0xFFF5
[714] [M]: 0x0000000080000A08 (0xFFF54513) xori x10, x10, -0x1                      inst_136+8
x10 <- 0xBFFFFFFFFFFFFFFF

mem[X,0x0000000080000A0C] -> 0x050D
[715] [M]: 0x0000000080000A0C (0x050D) c.addi x10, 0x3                              inst_136+12
x10 <- 0xC000000000000002

clint mtime 0x0000000000000166 (mip.MTI <- 0b1, mip.STI <- 0b0)
mem[X,0x0000000080000A0E] -> 0xB023
mem[X,0x0000000080000A10] -> 0x36A0
[716] [M]: 0x0000000080000A0E (0x36A0B023) sd x10, 0x360(x1)                        inst_136+14
mem[W,0x0000000080005558] <- 0xC000000000000002

mem[X,0x0000000080000A12] -> 0x0513
mem[X,0x0000000080000A14] -> 0x0030
[717] [M]: 0x0000000080000A12 (0x00300513) addi x10, x0, 0x3                        inst_137+0
x10 <- 0x0000000000000003

clint mtime 0x0000000000000167 (mip.MTI <- 0b1, mip.STI <- 0b0)
mem[X,0x0000000080000A16] -> 0x050D
[718] [M]: 0x0000000080000A16 (0x050D) c.addi x10, 0x3                              inst_137+4
x10 <- 0x0000000000000006

mem[X,0x0000000080000A18] -> 0xB423
mem[X,0x0000000080000A1A] -> 0x36A0
[719] [M]: 0x0000000080000A18 (0x36A0B423) sd x10, 0x368(x1)                        inst_137+6
mem[W,0x0000000080005560] <- 0x0000000000000006

clint mtime 0x0000000000000168 (mip.MTI <- 0b1, mip.STI <- 0b0)
mem[X,0x0000000080000A1C] -> 0x0513
mem[X,0x0000000080000A1E] -> 0x0030
[720] [M]: 0x0000000080000A1C (0x00300513) addi x10, x0, 0x3                        inst_138+0
x10 <- 0x0000000000000003

mem[X,0x0000000080000A20] -> 0x0515
[721] [M]: 0x0000000080000A20 (0x0515) c.addi x10, 0x5                              inst_138+4
x10 <- 0x0000000000000008

clint mtime 0x0000000000000169 (mip.MTI <- 0b1, mip.STI <- 0b0)
mem[X,0x0000000080000A22] -> 0xB823
mem[X,0x0000000080000A24] -> 0x36A0
[722] [M]: 0x0000000080000A22 (0x36A0B823) sd x10, 0x370(x1)                        inst_138+6
mem[W,0x0000000080005568] <- 0x0000000000000008

mem[X,0x0000000080000A26] -> 0x0513
mem[X,0x0000000080000A28] -> 0x0030
[723] [M]: 0x0000000080000A26 (0x00300513) addi x10, x0, 0x3                        inst_139+0
x10 <- 0x0000000000000003

clint mtime 0x000000000000016A (mip.MTI <- 0b1, mip.STI <- 0b0)
mem[X,0x0000000080000A2A] -> 0x0529
[724] [M]: 0x0000000080000A2A (0x0529) c.addi x10, 0xa                              inst_139+4
x10 <- 0x000000000000000D

mem[X,0x0000000080000A2C] -> 0xBC23
mem[X,0x0000000080000A2E] -> 0x36A0
[725] [M]: 0x0000000080000A2C (0x36A0BC23) sd x10, 0x378(x1)                        inst_139+6
mem[W,0x0000000080005570] <- 0x000000000000000D

clint mtime 0x000000000000016B (mip.MTI <- 0b1, mip.STI <- 0b0)
mem[X,0x0000000080000A30] -> 0x0513
mem[X,0x0000000080000A32] -> 0x0030
[726] [M]: 0x0000000080000A30 (0x00300513) addi x10, x0, 0x3                        inst_140+0
x10 <- 0x0000000000000003

mem[X,0x0000000080000A34] -> 0x0519
[727] [M]: 0x0000000080000A34 (0x0519) c.addi x10, 0x6                              inst_140+4
x10 <- 0x0000000000000009

clint mtime 0x000000000000016C (mip.MTI <- 0b1, mip.STI <- 0b0)
mem[X,0x0000000080000A36] -> 0xB023
mem[X,0x0000000080000A38] -> 0x38A0
[728] [M]: 0x0000000080000A36 (0x38A0B023) sd x10, 0x380(x1)                        inst_140+6
mem[W,0x0000000080005578] <- 0x0000000000000009

mem[X,0x0000000080000A3A] -> 0x0513
mem[X,0x0000000080000A3C] -> 0x0030
[729] [M]: 0x0000000080000A3A (0x00300513) addi x10, x0, 0x3                        inst_141+0
x10 <- 0x0000000000000003

clint mtime 0x000000000000016D (mip.MTI <- 0b1, mip.STI <- 0b0)
mem[X,0x0000000080000A3E] -> 0x1579
[730] [M]: 0x0000000080000A3E (0x1579) c.addi x10, -0x2                             inst_141+4
x10 <- 0x0000000000000001

mem[X,0x0000000080000A40] -> 0xB423
mem[X,0x0000000080000A42] -> 0x38A0
[731] [M]: 0x0000000080000A40 (0x38A0B423) sd x10, 0x388(x1)                        inst_141+6
mem[W,0x0000000080005580] <- 0x0000000000000001

clint mtime 0x000000000000016E (mip.MTI <- 0b1, mip.STI <- 0b0)
mem[X,0x0000000080000A44] -> 0x0513
mem[X,0x0000000080000A46] -> 0x0030
[732] [M]: 0x0000000080000A44 (0x00300513) addi x10, x0, 0x3                        inst_142+0
x10 <- 0x0000000000000003

mem[X,0x0000000080000A48] -> 0x156D
[733] [M]: 0x0000000080000A48 (0x156D) c.addi x10, -0x5                             inst_142+4
x10 <- 0xFFFFFFFFFFFFFFFE

clint mtime 0x000000000000016F (mip.MTI <- 0b1, mip.STI <- 0b0)
mem[X,0x0000000080000A4A] -> 0xB823
mem[X,0x0000000080000A4C] -> 0x38A0
[734] [M]: 0x0000000080000A4A (0x38A0B823) sd x10, 0x390(x1)                        inst_142+6
mem[W,0x0000000080005588] <- 0xFFFFFFFFFFFFFFFE

mem[X,0x0000000080000A4E] -> 0x0513
mem[X,0x0000000080000A50] -> 0x0030
[735] [M]: 0x0000000080000A4E (0x00300513) addi x10, x0, 0x3                        inst_143+0
x10 <- 0x0000000000000003

clint mtime 0x0000000000000170 (mip.MTI <- 0b1, mip.STI <- 0b0)
mem[X,0x0000000080000A52] -> 0x0509
[736] [M]: 0x0000000080000A52 (0x0509) c.addi x10, 0x2                              inst_143+4
x10 <- 0x0000000000000005

mem[X,0x0000000080000A54] -> 0xBC23
mem[X,0x0000000080000A56] -> 0x38A0
[737] [M]: 0x0000000080000A54 (0x38A0BC23) sd x10, 0x398(x1)                        inst_143+6
mem[W,0x0000000080005590] <- 0x0000000000000005

clint mtime 0x0000000000000171 (mip.MTI <- 0b1, mip.STI <- 0b0)
mem[X,0x0000000080000A58] -> 0x0513
mem[X,0x0000000080000A5A] -> 0x0030
[738] [M]: 0x0000000080000A58 (0x00300513) addi x10, x0, 0x3                        inst_144+0
x10 <- 0x0000000000000003

mem[X,0x0000000080000A5C] -> 0x0511
[739] [M]: 0x0000000080000A5C (0x0511) c.addi x10, 0x4                              inst_144+4
x10 <- 0x0000000000000007

clint mtime 0x0000000000000172 (mip.MTI <- 0b1, mip.STI <- 0b0)
mem[X,0x0000000080000A5E] -> 0xB023
mem[X,0x0000000080000A60] -> 0x3AA0
[740] [M]: 0x0000000080000A5E (0x3AA0B023) sd x10, 0x3a0(x1)                        inst_144+6
mem[W,0x0000000080005598] <- 0x0000000000000007

mem[X,0x0000000080000A62] -> 0x0513
mem[X,0x0000000080000A64] -> 0x0030
[741] [M]: 0x0000000080000A62 (0x00300513) addi x10, x0, 0x3                        inst_145+0
x10 <- 0x0000000000000003

clint mtime 0x0000000000000173 (mip.MTI <- 0b1, mip.STI <- 0b0)
mem[X,0x0000000080000A66] -> 0x0525
[742] [M]: 0x0000000080000A66 (0x0525) c.addi x10, 0x9                              inst_145+4
x10 <- 0x000000000000000C

mem[X,0x0000000080000A68] -> 0xB423
mem[X,0x0000000080000A6A] -> 0x3AA0
[743] [M]: 0x0000000080000A68 (0x3AA0B423) sd x10, 0x3a8(x1)                        inst_145+6
mem[W,0x00000000800055A0] <- 0x000000000000000C

clint mtime 0x0000000000000174 (mip.MTI <- 0b1, mip.STI <- 0b0)
mem[X,0x0000000080000A6C] -> 0x0513
mem[X,0x0000000080000A6E] -> 0x0030
[744] [M]: 0x0000000080000A6C (0x00300513) addi x10, x0, 0x3                        inst_146+0
x10 <- 0x0000000000000003

mem[X,0x0000000080000A70] -> 0x0501
[745] [M]: 0x0000000080000A70 (0x0501) c.addi x10, 0x0                              inst_146+4
x10 <- 0x0000000000000003

clint mtime 0x0000000000000175 (mip.MTI <- 0b1, mip.STI <- 0b0)
mem[X,0x0000000080000A72] -> 0xB823
mem[X,0x0000000080000A74] -> 0x3AA0
[746] [M]: 0x0000000080000A72 (0x3AA0B823) sd x10, 0x3b0(x1)                        inst_146+6
mem[W,0x00000000800055A8] <- 0x0000000000000003

mem[X,0x0000000080000A76] -> 0x0513
mem[X,0x0000000080000A78] -> 0x0030
[747] [M]: 0x0000000080000A76 (0x00300513) addi x10, x0, 0x3                        inst_147+0
x10 <- 0x0000000000000003

clint mtime 0x0000000000000176 (mip.MTI <- 0b1, mip.STI <- 0b0)
mem[X,0x0000000080000A7A] -> 0x052D
[748] [M]: 0x0000000080000A7A (0x052D) c.addi x10, 0xb                              inst_147+4
x10 <- 0x000000000000000E

mem[X,0x0000000080000A7C] -> 0xBC23
mem[X,0x0000000080000A7E] -> 0x3AA0
[749] [M]: 0x0000000080000A7C (0x3AA0BC23) sd x10, 0x3b8(x1)                        inst_147+6
mem[W,0x00000000800055B0] <- 0x000000000000000E

clint mtime 0x0000000000000177 (mip.MTI <- 0b1, mip.STI <- 0b0)
mem[X,0x0000000080000A80] -> 0x0513
mem[X,0x0000000080000A82] -> 0x0030
[750] [M]: 0x0000000080000A80 (0x00300513) addi x10, x0, 0x3                        inst_148+0
x10 <- 0x0000000000000003

mem[X,0x0000000080000A84] -> 0x051D
[751] [M]: 0x0000000080000A84 (0x051D) c.addi x10, 0x7                              inst_148+4
x10 <- 0x000000000000000A

clint mtime 0x0000000000000178 (mip.MTI <- 0b1, mip.STI <- 0b0)
mem[X,0x0000000080000A86] -> 0xB023
mem[X,0x0000000080000A88] -> 0x3CA0
[752] [M]: 0x0000000080000A86 (0x3CA0B023) sd x10, 0x3c0(x1)                        inst_148+6
mem[W,0x00000000800055B8] <- 0x000000000000000A

mem[X,0x0000000080000A8A] -> 0x0513
mem[X,0x0000000080000A8C] -> 0x0030
[753] [M]: 0x0000000080000A8A (0x00300513) addi x10, x0, 0x3                        inst_149+0
x10 <- 0x0000000000000003

clint mtime 0x0000000000000179 (mip.MTI <- 0b1, mip.STI <- 0b0)
mem[X,0x0000000080000A8E] -> 0x157D
[754] [M]: 0x0000000080000A8E (0x157D) c.addi x10, -0x1                             inst_149+4
x10 <- 0x0000000000000002

mem[X,0x0000000080000A90] -> 0xB423
mem[X,0x0000000080000A92] -> 0x3CA0
[755] [M]: 0x0000000080000A90 (0x3CA0B423) sd x10, 0x3c8(x1)                        inst_149+6
mem[W,0x00000000800055C0] <- 0x0000000000000002

clint mtime 0x000000000000017A (mip.MTI <- 0b1, mip.STI <- 0b0)
mem[X,0x0000000080000A94] -> 0x0513
mem[X,0x0000000080000A96] -> 0x0030
[756] [M]: 0x0000000080000A94 (0x00300513) addi x10, x0, 0x3                        inst_150+0
x10 <- 0x0000000000000003

mem[X,0x0000000080000A98] -> 0x1571
[757] [M]: 0x0000000080000A98 (0x1571) c.addi x10, -0x4                             inst_150+4
x10 <- 0xFFFFFFFFFFFFFFFF

clint mtime 0x000000000000017B (mip.MTI <- 0b1, mip.STI <- 0b0)
mem[X,0x0000000080000A9A] -> 0xB823
mem[X,0x0000000080000A9C] -> 0x3CA0
[758] [M]: 0x0000000080000A9A (0x3CA0B823) sd x10, 0x3d0(x1)                        inst_150+6
mem[W,0x00000000800055C8] <- 0xFFFFFFFFFFFFFFFF

mem[X,0x0000000080000A9E] -> 0x5537
mem[X,0x0000000080000AA0] -> 0x5555
[759] [M]: 0x0000000080000A9E (0x55555537) lui x10, 0x55555                         inst_151+0
x10 <- 0x0000000055555000

clint mtime 0x000000000000017C (mip.MTI <- 0b1, mip.STI <- 0b0)
mem[X,0x0000000080000AA2] -> 0x0513
mem[X,0x0000000080000AA4] -> 0x5555
[760] [M]: 0x0000000080000AA2 (0x55550513) addi x10, x10, 0x555                     inst_151+4
x10 <- 0x0000000055555555

mem[X,0x0000000080000AA6] -> 0x1513
mem[X,0x0000000080000AA8] -> 0x00B5
[761] [M]: 0x0000000080000AA6 (0x00B51513) slli x10, x10, 0xb                       inst_151+8
x10 <- 0x000002AAAAAAA800

clint mtime 0x000000000000017D (mip.MTI <- 0b1, mip.STI <- 0b0)
mem[X,0x0000000080000AAA] -> 0x0513
mem[X,0x0000000080000AAC] -> 0x2AA5
[762] [M]: 0x0000000080000AAA (0x2AA50513) addi x10, x10, 0x2aa                     inst_151+12
x10 <- 0x000002AAAAAAAAAA

mem[X,0x0000000080000AAE] -> 0x1513
mem[X,0x0000000080000AB0] -> 0x00B5
[763] [M]: 0x0000000080000AAE (0x00B51513) slli x10, x10, 0xb                       inst_151+16
x10 <- 0x0015555555555000

clint mtime 0x000000000000017E (mip.MTI <- 0b1, mip.STI <- 0b0)
mem[X,0x0000000080000AB2] -> 0x0513
mem[X,0x0000000080000AB4] -> 0x5555
[764] [M]: 0x0000000080000AB2 (0x55550513) addi x10, x10, 0x555                     inst_151+20
x10 <- 0x0015555555555555

mem[X,0x0000000080000AB6] -> 0x1513
mem[X,0x0000000080000AB8] -> 0x00A5
[765] [M]: 0x0000000080000AB6 (0x00A51513) slli x10, x10, 0xa                       inst_151+24
x10 <- 0x5555555555555400

clint mtime 0x000000000000017F (mip.MTI <- 0b1, mip.STI <- 0b0)
mem[X,0x0000000080000ABA] -> 0x0513
mem[X,0x0000000080000ABC] -> 0x1555
[766] [M]: 0x0000000080000ABA (0x15550513) addi x10, x10, 0x155                     inst_151+28
x10 <- 0x5555555555555555

mem[X,0x0000000080000ABE] -> 0x050D
[767] [M]: 0x0000000080000ABE (0x050D) c.addi x10, 0x3                              inst_151+32
x10 <- 0x5555555555555558

clint mtime 0x0000000000000180 (mip.MTI <- 0b1, mip.STI <- 0b0)
mem[X,0x0000000080000AC0] -> 0xBC23
mem[X,0x0000000080000AC2] -> 0x3CA0
[768] [M]: 0x0000000080000AC0 (0x3CA0BC23) sd x10, 0x3d8(x1)                        inst_151+34
mem[W,0x00000000800055D0] <- 0x5555555555555558

mem[X,0x0000000080000AC4] -> 0x5537
mem[X,0x0000000080000AC6] -> 0x5555
[769] [M]: 0x0000000080000AC4 (0x55555537) lui x10, 0x55555                         inst_152+0
x10 <- 0x0000000055555000

clint mtime 0x0000000000000181 (mip.MTI <- 0b1, mip.STI <- 0b0)
mem[X,0x0000000080000AC8] -> 0x0513
mem[X,0x0000000080000ACA] -> 0x5555
[770] [M]: 0x0000000080000AC8 (0x55550513) addi x10, x10, 0x555                     inst_152+4
x10 <- 0x0000000055555555

mem[X,0x0000000080000ACC] -> 0x1513
mem[X,0x0000000080000ACE] -> 0x00B5
[771] [M]: 0x0000000080000ACC (0x00B51513) slli x10, x10, 0xb                       inst_152+8
x10 <- 0x000002AAAAAAA800

clint mtime 0x0000000000000182 (mip.MTI <- 0b1, mip.STI <- 0b0)
mem[X,0x0000000080000AD0] -> 0x0513
mem[X,0x0000000080000AD2] -> 0x2AA5
[772] [M]: 0x0000000080000AD0 (0x2AA50513) addi x10, x10, 0x2aa                     inst_152+12
x10 <- 0x000002AAAAAAAAAA

mem[X,0x0000000080000AD4] -> 0x1513
mem[X,0x0000000080000AD6] -> 0x00B5
[773] [M]: 0x0000000080000AD4 (0x00B51513) slli x10, x10, 0xb                       inst_152+16
x10 <- 0x0015555555555000

clint mtime 0x0000000000000183 (mip.MTI <- 0b1, mip.STI <- 0b0)
mem[X,0x0000000080000AD8] -> 0x0513
mem[X,0x0000000080000ADA] -> 0x5555
[774] [M]: 0x0000000080000AD8 (0x55550513) addi x10, x10, 0x555                     inst_152+20
x10 <- 0x0015555555555555

mem[X,0x0000000080000ADC] -> 0x1513
mem[X,0x0000000080000ADE] -> 0x00A5
[775] [M]: 0x0000000080000ADC (0x00A51513) slli x10, x10, 0xa                       inst_152+24
x10 <- 0x5555555555555400

clint mtime 0x0000000000000184 (mip.MTI <- 0b1, mip.STI <- 0b0)
mem[X,0x0000000080000AE0] -> 0x0513
mem[X,0x0000000080000AE2] -> 0x1555
[776] [M]: 0x0000000080000AE0 (0x15550513) addi x10, x10, 0x155                     inst_152+28
x10 <- 0x5555555555555555

mem[X,0x0000000080000AE4] -> 0x0515
[777] [M]: 0x0000000080000AE4 (0x0515) c.addi x10, 0x5                              inst_152+32
x10 <- 0x555555555555555A

clint mtime 0x0000000000000185 (mip.MTI <- 0b1, mip.STI <- 0b0)
mem[X,0x0000000080000AE6] -> 0xB023
mem[X,0x0000000080000AE8] -> 0x3EA0
[778] [M]: 0x0000000080000AE6 (0x3EA0B023) sd x10, 0x3e0(x1)                        inst_152+34
mem[W,0x00000000800055D8] <- 0x555555555555555A

mem[X,0x0000000080000AEA] -> 0x5537
mem[X,0x0000000080000AEC] -> 0x5555
[779] [M]: 0x0000000080000AEA (0x55555537) lui x10, 0x55555                         inst_153+0
x10 <- 0x0000000055555000

clint mtime 0x0000000000000186 (mip.MTI <- 0b1, mip.STI <- 0b0)
mem[X,0x0000000080000AEE] -> 0x0513
mem[X,0x0000000080000AF0] -> 0x5555
[780] [M]: 0x0000000080000AEE (0x55550513) addi x10, x10, 0x555                     inst_153+4
x10 <- 0x0000000055555555

mem[X,0x0000000080000AF2] -> 0x1513
mem[X,0x0000000080000AF4] -> 0x00B5
[781] [M]: 0x0000000080000AF2 (0x00B51513) slli x10, x10, 0xb                       inst_153+8
x10 <- 0x000002AAAAAAA800

clint mtime 0x0000000000000187 (mip.MTI <- 0b1, mip.STI <- 0b0)
mem[X,0x0000000080000AF6] -> 0x0513
mem[X,0x0000000080000AF8] -> 0x2AA5
[782] [M]: 0x0000000080000AF6 (0x2AA50513) addi x10, x10, 0x2aa                     inst_153+12
x10 <- 0x000002AAAAAAAAAA

mem[X,0x0000000080000AFA] -> 0x1513
mem[X,0x0000000080000AFC] -> 0x00B5
[783] [M]: 0x0000000080000AFA (0x00B51513) slli x10, x10, 0xb                       inst_153+16
x10 <- 0x0015555555555000

clint mtime 0x0000000000000188 (mip.MTI <- 0b1, mip.STI <- 0b0)
mem[X,0x0000000080000AFE] -> 0x0513
mem[X,0x0000000080000B00] -> 0x5555
[784] [M]: 0x0000000080000AFE (0x55550513) addi x10, x10, 0x555                     inst_153+20
x10 <- 0x0015555555555555

mem[X,0x0000000080000B02] -> 0x1513
mem[X,0x0000000080000B04] -> 0x00A5
[785] [M]: 0x0000000080000B02 (0x00A51513) slli x10, x10, 0xa                       inst_153+24
x10 <- 0x5555555555555400

clint mtime 0x0000000000000189 (mip.MTI <- 0b1, mip.STI <- 0b0)
mem[X,0x0000000080000B06] -> 0x0513
mem[X,0x0000000080000B08] -> 0x1555
[786] [M]: 0x0000000080000B06 (0x15550513) addi x10, x10, 0x155                     inst_153+28
x10 <- 0x5555555555555555

mem[X,0x0000000080000B0A] -> 0x0529
[787] [M]: 0x0000000080000B0A (0x0529) c.addi x10, 0xa                              inst_153+32
x10 <- 0x555555555555555F

clint mtime 0x000000000000018A (mip.MTI <- 0b1, mip.STI <- 0b0)
mem[X,0x0000000080000B0C] -> 0xB423
mem[X,0x0000000080000B0E] -> 0x3EA0
[788] [M]: 0x0000000080000B0C (0x3EA0B423) sd x10, 0x3e8(x1)                        inst_153+34
mem[W,0x00000000800055E0] <- 0x555555555555555F

mem[X,0x0000000080000B10] -> 0x5537
mem[X,0x0000000080000B12] -> 0x5555
[789] [M]: 0x0000000080000B10 (0x55555537) lui x10, 0x55555                         inst_154+0
x10 <- 0x0000000055555000

clint mtime 0x000000000000018B (mip.MTI <- 0b1, mip.STI <- 0b0)
mem[X,0x0000000080000B14] -> 0x0513
mem[X,0x0000000080000B16] -> 0x5555
[790] [M]: 0x0000000080000B14 (0x55550513) addi x10, x10, 0x555                     inst_154+4
x10 <- 0x0000000055555555

mem[X,0x0000000080000B18] -> 0x1513
mem[X,0x0000000080000B1A] -> 0x00B5
[791] [M]: 0x0000000080000B18 (0x00B51513) slli x10, x10, 0xb                       inst_154+8
x10 <- 0x000002AAAAAAA800

clint mtime 0x000000000000018C (mip.MTI <- 0b1, mip.STI <- 0b0)
mem[X,0x0000000080000B1C] -> 0x0513
mem[X,0x0000000080000B1E] -> 0x2AA5
[792] [M]: 0x0000000080000B1C (0x2AA50513) addi x10, x10, 0x2aa                     inst_154+12
x10 <- 0x000002AAAAAAAAAA

mem[X,0x0000000080000B20] -> 0x1513
mem[X,0x0000000080000B22] -> 0x00B5
[793] [M]: 0x0000000080000B20 (0x00B51513) slli x10, x10, 0xb                       inst_154+16
x10 <- 0x0015555555555000

clint mtime 0x000000000000018D (mip.MTI <- 0b1, mip.STI <- 0b0)
mem[X,0x0000000080000B24] -> 0x0513
mem[X,0x0000000080000B26] -> 0x5555
[794] [M]: 0x0000000080000B24 (0x55550513) addi x10, x10, 0x555                     inst_154+20
x10 <- 0x0015555555555555

mem[X,0x0000000080000B28] -> 0x1513
mem[X,0x0000000080000B2A] -> 0x00A5
[795] [M]: 0x0000000080000B28 (0x00A51513) slli x10, x10, 0xa                       inst_154+24
x10 <- 0x5555555555555400

clint mtime 0x000000000000018E (mip.MTI <- 0b1, mip.STI <- 0b0)
mem[X,0x0000000080000B2C] -> 0x0513
mem[X,0x0000000080000B2E] -> 0x1555
[796] [M]: 0x0000000080000B2C (0x15550513) addi x10, x10, 0x155                     inst_154+28
x10 <- 0x5555555555555555

mem[X,0x0000000080000B30] -> 0x1579
[797] [M]: 0x0000000080000B30 (0x1579) c.addi x10, -0x2                             inst_154+32
x10 <- 0x5555555555555553

clint mtime 0x000000000000018F (mip.MTI <- 0b1, mip.STI <- 0b0)
mem[X,0x0000000080000B32] -> 0xB823
mem[X,0x0000000080000B34] -> 0x3EA0
[798] [M]: 0x0000000080000B32 (0x3EA0B823) sd x10, 0x3f0(x1)                        inst_154+34
mem[W,0x00000000800055E8] <- 0x5555555555555553

mem[X,0x0000000080000B36] -> 0x5537
mem[X,0x0000000080000B38] -> 0x5555
[799] [M]: 0x0000000080000B36 (0x55555537) lui x10, 0x55555                         inst_155+0
x10 <- 0x0000000055555000

clint mtime 0x0000000000000190 (mip.MTI <- 0b1, mip.STI <- 0b0)
mem[X,0x0000000080000B3A] -> 0x0513
mem[X,0x0000000080000B3C] -> 0x5555
[800] [M]: 0x0000000080000B3A (0x55550513) addi x10, x10, 0x555                     inst_155+4
x10 <- 0x0000000055555555

mem[X,0x0000000080000B3E] -> 0x1513
mem[X,0x0000000080000B40] -> 0x00B5
[801] [M]: 0x0000000080000B3E (0x00B51513) slli x10, x10, 0xb                       inst_155+8
x10 <- 0x000002AAAAAAA800

clint mtime 0x0000000000000191 (mip.MTI <- 0b1, mip.STI <- 0b0)
mem[X,0x0000000080000B42] -> 0x0513
mem[X,0x0000000080000B44] -> 0x2AA5
[802] [M]: 0x0000000080000B42 (0x2AA50513) addi x10, x10, 0x2aa                     inst_155+12
x10 <- 0x000002AAAAAAAAAA

mem[X,0x0000000080000B46] -> 0x1513
mem[X,0x0000000080000B48] -> 0x00B5
[803] [M]: 0x0000000080000B46 (0x00B51513) slli x10, x10, 0xb                       inst_155+16
x10 <- 0x0015555555555000

clint mtime 0x0000000000000192 (mip.MTI <- 0b1, mip.STI <- 0b0)
mem[X,0x0000000080000B4A] -> 0x0513
mem[X,0x0000000080000B4C] -> 0x5555
[804] [M]: 0x0000000080000B4A (0x55550513) addi x10, x10, 0x555                     inst_155+20
x10 <- 0x0015555555555555

mem[X,0x0000000080000B4E] -> 0x1513
mem[X,0x0000000080000B50] -> 0x00A5
[805] [M]: 0x0000000080000B4E (0x00A51513) slli x10, x10, 0xa                       inst_155+24
x10 <- 0x5555555555555400

clint mtime 0x0000000000000193 (mip.MTI <- 0b1, mip.STI <- 0b0)
mem[X,0x0000000080000B52] -> 0x0513
mem[X,0x0000000080000B54] -> 0x1555
[806] [M]: 0x0000000080000B52 (0x15550513) addi x10, x10, 0x155                     inst_155+28
x10 <- 0x5555555555555555

mem[X,0x0000000080000B56] -> 0x156D
[807] [M]: 0x0000000080000B56 (0x156D) c.addi x10, -0x5                             inst_155+32
x10 <- 0x5555555555555550

clint mtime 0x0000000000000194 (mip.MTI <- 0b1, mip.STI <- 0b0)
mem[X,0x0000000080000B58] -> 0xBC23
mem[X,0x0000000080000B5A] -> 0x3EA0
[808] [M]: 0x0000000080000B58 (0x3EA0BC23) sd x10, 0x3f8(x1)                        inst_155+34
mem[W,0x00000000800055F0] <- 0x5555555555555550

mem[X,0x0000000080000B5C] -> 0x5537
mem[X,0x0000000080000B5E] -> 0x5555
[809] [M]: 0x0000000080000B5C (0x55555537) lui x10, 0x55555                         inst_156+0
x10 <- 0x0000000055555000

clint mtime 0x0000000000000195 (mip.MTI <- 0b1, mip.STI <- 0b0)
mem[X,0x0000000080000B60] -> 0x0513
mem[X,0x0000000080000B62] -> 0x5555
[810] [M]: 0x0000000080000B60 (0x55550513) addi x10, x10, 0x555                     inst_156+4
x10 <- 0x0000000055555555

mem[X,0x0000000080000B64] -> 0x1513
mem[X,0x0000000080000B66] -> 0x00B5
[811] [M]: 0x0000000080000B64 (0x00B51513) slli x10, x10, 0xb                       inst_156+8
x10 <- 0x000002AAAAAAA800

clint mtime 0x0000000000000196 (mip.MTI <- 0b1, mip.STI <- 0b0)
mem[X,0x0000000080000B68] -> 0x0513
mem[X,0x0000000080000B6A] -> 0x2AA5
[812] [M]: 0x0000000080000B68 (0x2AA50513) addi x10, x10, 0x2aa                     inst_156+12
x10 <- 0x000002AAAAAAAAAA

mem[X,0x0000000080000B6C] -> 0x1513
mem[X,0x0000000080000B6E] -> 0x00B5
[813] [M]: 0x0000000080000B6C (0x00B51513) slli x10, x10, 0xb                       inst_156+16
x10 <- 0x0015555555555000

clint mtime 0x0000000000000197 (mip.MTI <- 0b1, mip.STI <- 0b0)
mem[X,0x0000000080000B70] -> 0x0513
mem[X,0x0000000080000B72] -> 0x5555
[814] [M]: 0x0000000080000B70 (0x55550513) addi x10, x10, 0x555                     inst_156+20
x10 <- 0x0015555555555555

mem[X,0x0000000080000B74] -> 0x1513
mem[X,0x0000000080000B76] -> 0x00A5
[815] [M]: 0x0000000080000B74 (0x00A51513) slli x10, x10, 0xa                       inst_156+24
x10 <- 0x5555555555555400

clint mtime 0x0000000000000198 (mip.MTI <- 0b1, mip.STI <- 0b0)
mem[X,0x0000000080000B78] -> 0x0513
mem[X,0x0000000080000B7A] -> 0x1555
[816] [M]: 0x0000000080000B78 (0x15550513) addi x10, x10, 0x155                     inst_156+28
x10 <- 0x5555555555555555

mem[X,0x0000000080000B7C] -> 0x0509
[817] [M]: 0x0000000080000B7C (0x0509) c.addi x10, 0x2                              inst_156+32
x10 <- 0x5555555555555557

clint mtime 0x0000000000000199 (mip.MTI <- 0b1, mip.STI <- 0b0)
mem[X,0x0000000080000B7E] -> 0xB023
mem[X,0x0000000080000B80] -> 0x40A0
[818] [M]: 0x0000000080000B7E (0x40A0B023) sd x10, 0x400(x1)                        inst_156+34
mem[W,0x00000000800055F8] <- 0x5555555555555557

mem[X,0x0000000080000B82] -> 0x5537
mem[X,0x0000000080000B84] -> 0x5555
[819] [M]: 0x0000000080000B82 (0x55555537) lui x10, 0x55555                         inst_157+0
x10 <- 0x0000000055555000

clint mtime 0x000000000000019A (mip.MTI <- 0b1, mip.STI <- 0b0)
mem[X,0x0000000080000B86] -> 0x0513
mem[X,0x0000000080000B88] -> 0x5555
[820] [M]: 0x0000000080000B86 (0x55550513) addi x10, x10, 0x555                     inst_157+4
x10 <- 0x0000000055555555

mem[X,0x0000000080000B8A] -> 0x1513
mem[X,0x0000000080000B8C] -> 0x00B5
[821] [M]: 0x0000000080000B8A (0x00B51513) slli x10, x10, 0xb                       inst_157+8
x10 <- 0x000002AAAAAAA800

clint mtime 0x000000000000019B (mip.MTI <- 0b1, mip.STI <- 0b0)
mem[X,0x0000000080000B8E] -> 0x0513
mem[X,0x0000000080000B90] -> 0x2AA5
[822] [M]: 0x0000000080000B8E (0x2AA50513) addi x10, x10, 0x2aa                     inst_157+12
x10 <- 0x000002AAAAAAAAAA

mem[X,0x0000000080000B92] -> 0x1513
mem[X,0x0000000080000B94] -> 0x00B5
[823] [M]: 0x0000000080000B92 (0x00B51513) slli x10, x10, 0xb                       inst_157+16
x10 <- 0x0015555555555000

clint mtime 0x000000000000019C (mip.MTI <- 0b1, mip.STI <- 0b0)
mem[X,0x0000000080000B96] -> 0x0513
mem[X,0x0000000080000B98] -> 0x5555
[824] [M]: 0x0000000080000B96 (0x55550513) addi x10, x10, 0x555                     inst_157+20
x10 <- 0x0015555555555555

mem[X,0x0000000080000B9A] -> 0x1513
mem[X,0x0000000080000B9C] -> 0x00A5
[825] [M]: 0x0000000080000B9A (0x00A51513) slli x10, x10, 0xa                       inst_157+24
x10 <- 0x5555555555555400

clint mtime 0x000000000000019D (mip.MTI <- 0b1, mip.STI <- 0b0)
mem[X,0x0000000080000B9E] -> 0x0513
mem[X,0x0000000080000BA0] -> 0x1555
[826] [M]: 0x0000000080000B9E (0x15550513) addi x10, x10, 0x155                     inst_157+28
x10 <- 0x5555555555555555

mem[X,0x0000000080000BA2] -> 0x0511
[827] [M]: 0x0000000080000BA2 (0x0511) c.addi x10, 0x4                              inst_157+32
x10 <- 0x5555555555555559

clint mtime 0x000000000000019E (mip.MTI <- 0b1, mip.STI <- 0b0)
mem[X,0x0000000080000BA4] -> 0xB423
mem[X,0x0000000080000BA6] -> 0x40A0
[828] [M]: 0x0000000080000BA4 (0x40A0B423) sd x10, 0x408(x1)                        inst_157+34
mem[W,0x0000000080005600] <- 0x5555555555555559

mem[X,0x0000000080000BA8] -> 0x5537
mem[X,0x0000000080000BAA] -> 0x5555
[829] [M]: 0x0000000080000BA8 (0x55555537) lui x10, 0x55555                         inst_158+0
x10 <- 0x0000000055555000

clint mtime 0x000000000000019F (mip.MTI <- 0b1, mip.STI <- 0b0)
mem[X,0x0000000080000BAC] -> 0x0513
mem[X,0x0000000080000BAE] -> 0x5555
[830] [M]: 0x0000000080000BAC (0x55550513) addi x10, x10, 0x555                     inst_158+4
x10 <- 0x0000000055555555

mem[X,0x0000000080000BB0] -> 0x1513
mem[X,0x0000000080000BB2] -> 0x00B5
[831] [M]: 0x0000000080000BB0 (0x00B51513) slli x10, x10, 0xb                       inst_158+8
x10 <- 0x000002AAAAAAA800

clint mtime 0x00000000000001A0 (mip.MTI <- 0b1, mip.STI <- 0b0)
mem[X,0x0000000080000BB4] -> 0x0513
mem[X,0x0000000080000BB6] -> 0x2AA5
[832] [M]: 0x0000000080000BB4 (0x2AA50513) addi x10, x10, 0x2aa                     inst_158+12
x10 <- 0x000002AAAAAAAAAA

mem[X,0x0000000080000BB8] -> 0x1513
mem[X,0x0000000080000BBA] -> 0x00B5
[833] [M]: 0x0000000080000BB8 (0x00B51513) slli x10, x10, 0xb                       inst_158+16
x10 <- 0x0015555555555000

clint mtime 0x00000000000001A1 (mip.MTI <- 0b1, mip.STI <- 0b0)
mem[X,0x0000000080000BBC] -> 0x0513
mem[X,0x0000000080000BBE] -> 0x5555
[834] [M]: 0x0000000080000BBC (0x55550513) addi x10, x10, 0x555                     inst_158+20
x10 <- 0x0015555555555555

mem[X,0x0000000080000BC0] -> 0x1513
mem[X,0x0000000080000BC2] -> 0x00A5
[835] [M]: 0x0000000080000BC0 (0x00A51513) slli x10, x10, 0xa                       inst_158+24
x10 <- 0x5555555555555400

clint mtime 0x00000000000001A2 (mip.MTI <- 0b1, mip.STI <- 0b0)
mem[X,0x0000000080000BC4] -> 0x0513
mem[X,0x0000000080000BC6] -> 0x1555
[836] [M]: 0x0000000080000BC4 (0x15550513) addi x10, x10, 0x155                     inst_158+28
x10 <- 0x5555555555555555

mem[X,0x0000000080000BC8] -> 0x0525
[837] [M]: 0x0000000080000BC8 (0x0525) c.addi x10, 0x9                              inst_158+32
x10 <- 0x555555555555555E

clint mtime 0x00000000000001A3 (mip.MTI <- 0b1, mip.STI <- 0b0)
mem[X,0x0000000080000BCA] -> 0xB823
mem[X,0x0000000080000BCC] -> 0x40A0
[838] [M]: 0x0000000080000BCA (0x40A0B823) sd x10, 0x410(x1)                        inst_158+34
mem[W,0x0000000080005608] <- 0x555555555555555E

mem[X,0x0000000080000BCE] -> 0x5537
mem[X,0x0000000080000BD0] -> 0x5555
[839] [M]: 0x0000000080000BCE (0x55555537) lui x10, 0x55555                         inst_159+0
x10 <- 0x0000000055555000

clint mtime 0x00000000000001A4 (mip.MTI <- 0b1, mip.STI <- 0b0)
mem[X,0x0000000080000BD2] -> 0x0513
mem[X,0x0000000080000BD4] -> 0x5555
[840] [M]: 0x0000000080000BD2 (0x55550513) addi x10, x10, 0x555                     inst_159+4
x10 <- 0x0000000055555555

mem[X,0x0000000080000BD6] -> 0x1513
mem[X,0x0000000080000BD8] -> 0x00B5
[841] [M]: 0x0000000080000BD6 (0x00B51513) slli x10, x10, 0xb                       inst_159+8
x10 <- 0x000002AAAAAAA800

clint mtime 0x00000000000001A5 (mip.MTI <- 0b1, mip.STI <- 0b0)
mem[X,0x0000000080000BDA] -> 0x0513
mem[X,0x0000000080000BDC] -> 0x2AA5
[842] [M]: 0x0000000080000BDA (0x2AA50513) addi x10, x10, 0x2aa                     inst_159+12
x10 <- 0x000002AAAAAAAAAA

mem[X,0x0000000080000BDE] -> 0x1513
mem[X,0x0000000080000BE0] -> 0x00B5
[843] [M]: 0x0000000080000BDE (0x00B51513) slli x10, x10, 0xb                       inst_159+16
x10 <- 0x0015555555555000

clint mtime 0x00000000000001A6 (mip.MTI <- 0b1, mip.STI <- 0b0)
mem[X,0x0000000080000BE2] -> 0x0513
mem[X,0x0000000080000BE4] -> 0x5555
[844] [M]: 0x0000000080000BE2 (0x55550513) addi x10, x10, 0x555                     inst_159+20
x10 <- 0x0015555555555555

mem[X,0x0000000080000BE6] -> 0x1513
mem[X,0x0000000080000BE8] -> 0x00A5
[845] [M]: 0x0000000080000BE6 (0x00A51513) slli x10, x10, 0xa                       inst_159+24
x10 <- 0x5555555555555400

clint mtime 0x00000000000001A7 (mip.MTI <- 0b1, mip.STI <- 0b0)
mem[X,0x0000000080000BEA] -> 0x0513
mem[X,0x0000000080000BEC] -> 0x1555
[846] [M]: 0x0000000080000BEA (0x15550513) addi x10, x10, 0x155                     inst_159+28
x10 <- 0x5555555555555555

mem[X,0x0000000080000BEE] -> 0x0501
[847] [M]: 0x0000000080000BEE (0x0501) c.addi x10, 0x0                              inst_159+32
x10 <- 0x5555555555555555

clint mtime 0x00000000000001A8 (mip.MTI <- 0b1, mip.STI <- 0b0)
mem[X,0x0000000080000BF0] -> 0xBC23
mem[X,0x0000000080000BF2] -> 0x40A0
[848] [M]: 0x0000000080000BF0 (0x40A0BC23) sd x10, 0x418(x1)                        inst_159+34
mem[W,0x0000000080005610] <- 0x5555555555555555

mem[X,0x0000000080000BF4] -> 0x5537
mem[X,0x0000000080000BF6] -> 0x5555
[849] [M]: 0x0000000080000BF4 (0x55555537) lui x10, 0x55555                         inst_160+0
x10 <- 0x0000000055555000

clint mtime 0x00000000000001A9 (mip.MTI <- 0b1, mip.STI <- 0b0)
mem[X,0x0000000080000BF8] -> 0x0513
mem[X,0x0000000080000BFA] -> 0x5555
[850] [M]: 0x0000000080000BF8 (0x55550513) addi x10, x10, 0x555                     inst_160+4
x10 <- 0x0000000055555555

mem[X,0x0000000080000BFC] -> 0x1513
mem[X,0x0000000080000BFE] -> 0x00B5
[851] [M]: 0x0000000080000BFC (0x00B51513) slli x10, x10, 0xb                       inst_160+8
x10 <- 0x000002AAAAAAA800

clint mtime 0x00000000000001AA (mip.MTI <- 0b1, mip.STI <- 0b0)
mem[X,0x0000000080000C00] -> 0x0513
mem[X,0x0000000080000C02] -> 0x2AA5
[852] [M]: 0x0000000080000C00 (0x2AA50513) addi x10, x10, 0x2aa                     inst_160+12
x10 <- 0x000002AAAAAAAAAA

mem[X,0x0000000080000C04] -> 0x1513
mem[X,0x0000000080000C06] -> 0x00B5
[853] [M]: 0x0000000080000C04 (0x00B51513) slli x10, x10, 0xb                       inst_160+16
x10 <- 0x0015555555555000

clint mtime 0x00000000000001AB (mip.MTI <- 0b1, mip.STI <- 0b0)
mem[X,0x0000000080000C08] -> 0x0513
mem[X,0x0000000080000C0A] -> 0x5555
[854] [M]: 0x0000000080000C08 (0x55550513) addi x10, x10, 0x555                     inst_160+20
x10 <- 0x0015555555555555

mem[X,0x0000000080000C0C] -> 0x1513
mem[X,0x0000000080000C0E] -> 0x00A5
[855] [M]: 0x0000000080000C0C (0x00A51513) slli x10, x10, 0xa                       inst_160+24
x10 <- 0x5555555555555400

clint mtime 0x00000000000001AC (mip.MTI <- 0b1, mip.STI <- 0b0)
mem[X,0x0000000080000C10] -> 0x0513
mem[X,0x0000000080000C12] -> 0x1555
[856] [M]: 0x0000000080000C10 (0x15550513) addi x10, x10, 0x155                     inst_160+28
x10 <- 0x5555555555555555

mem[X,0x0000000080000C14] -> 0x052D
[857] [M]: 0x0000000080000C14 (0x052D) c.addi x10, 0xb                              inst_160+32
x10 <- 0x5555555555555560

clint mtime 0x00000000000001AD (mip.MTI <- 0b1, mip.STI <- 0b0)
mem[X,0x0000000080000C16] -> 0xB023
mem[X,0x0000000080000C18] -> 0x42A0
[858] [M]: 0x0000000080000C16 (0x42A0B023) sd x10, 0x420(x1)                        inst_160+34
mem[W,0x0000000080005618] <- 0x5555555555555560

mem[X,0x0000000080000C1A] -> 0x5537
mem[X,0x0000000080000C1C] -> 0x5555
[859] [M]: 0x0000000080000C1A (0x55555537) lui x10, 0x55555                         inst_161+0
x10 <- 0x0000000055555000

clint mtime 0x00000000000001AE (mip.MTI <- 0b1, mip.STI <- 0b0)
mem[X,0x0000000080000C1E] -> 0x0513
mem[X,0x0000000080000C20] -> 0x5555
[860] [M]: 0x0000000080000C1E (0x55550513) addi x10, x10, 0x555                     inst_161+4
x10 <- 0x0000000055555555

mem[X,0x0000000080000C22] -> 0x1513
mem[X,0x0000000080000C24] -> 0x00B5
[861] [M]: 0x0000000080000C22 (0x00B51513) slli x10, x10, 0xb                       inst_161+8
x10 <- 0x000002AAAAAAA800

clint mtime 0x00000000000001AF (mip.MTI <- 0b1, mip.STI <- 0b0)
mem[X,0x0000000080000C26] -> 0x0513
mem[X,0x0000000080000C28] -> 0x2AA5
[862] [M]: 0x0000000080000C26 (0x2AA50513) addi x10, x10, 0x2aa                     inst_161+12
x10 <- 0x000002AAAAAAAAAA

mem[X,0x0000000080000C2A] -> 0x1513
mem[X,0x0000000080000C2C] -> 0x00B5
[863] [M]: 0x0000000080000C2A (0x00B51513) slli x10, x10, 0xb                       inst_161+16
x10 <- 0x0015555555555000

clint mtime 0x00000000000001B0 (mip.MTI <- 0b1, mip.STI <- 0b0)
mem[X,0x0000000080000C2E] -> 0x0513
mem[X,0x0000000080000C30] -> 0x5555
[864] [M]: 0x0000000080000C2E (0x55550513) addi x10, x10, 0x555                     inst_161+20
x10 <- 0x0015555555555555

mem[X,0x0000000080000C32] -> 0x1513
mem[X,0x0000000080000C34] -> 0x00A5
[865] [M]: 0x0000000080000C32 (0x00A51513) slli x10, x10, 0xa                       inst_161+24
x10 <- 0x5555555555555400

clint mtime 0x00000000000001B1 (mip.MTI <- 0b1, mip.STI <- 0b0)
mem[X,0x0000000080000C36] -> 0x0513
mem[X,0x0000000080000C38] -> 0x1555
[866] [M]: 0x0000000080000C36 (0x15550513) addi x10, x10, 0x155                     inst_161+28
x10 <- 0x5555555555555555

mem[X,0x0000000080000C3A] -> 0x051D
[867] [M]: 0x0000000080000C3A (0x051D) c.addi x10, 0x7                              inst_161+32
x10 <- 0x555555555555555C

clint mtime 0x00000000000001B2 (mip.MTI <- 0b1, mip.STI <- 0b0)
mem[X,0x0000000080000C3C] -> 0xB423
mem[X,0x0000000080000C3E] -> 0x42A0
[868] [M]: 0x0000000080000C3C (0x42A0B423) sd x10, 0x428(x1)                        inst_161+34
mem[W,0x0000000080005620] <- 0x555555555555555C

mem[X,0x0000000080000C40] -> 0x5537
mem[X,0x0000000080000C42] -> 0x5555
[869] [M]: 0x0000000080000C40 (0x55555537) lui x10, 0x55555                         inst_162+0
x10 <- 0x0000000055555000

clint mtime 0x00000000000001B3 (mip.MTI <- 0b1, mip.STI <- 0b0)
mem[X,0x0000000080000C44] -> 0x0513
mem[X,0x0000000080000C46] -> 0x5555
[870] [M]: 0x0000000080000C44 (0x55550513) addi x10, x10, 0x555                     inst_162+4
x10 <- 0x0000000055555555

mem[X,0x0000000080000C48] -> 0x1513
mem[X,0x0000000080000C4A] -> 0x00B5
[871] [M]: 0x0000000080000C48 (0x00B51513) slli x10, x10, 0xb                       inst_162+8
x10 <- 0x000002AAAAAAA800

clint mtime 0x00000000000001B4 (mip.MTI <- 0b1, mip.STI <- 0b0)
mem[X,0x0000000080000C4C] -> 0x0513
mem[X,0x0000000080000C4E] -> 0x2AA5
[872] [M]: 0x0000000080000C4C (0x2AA50513) addi x10, x10, 0x2aa                     inst_162+12
x10 <- 0x000002AAAAAAAAAA

mem[X,0x0000000080000C50] -> 0x1513
mem[X,0x0000000080000C52] -> 0x00B5
[873] [M]: 0x0000000080000C50 (0x00B51513) slli x10, x10, 0xb                       inst_162+16
x10 <- 0x0015555555555000

clint mtime 0x00000000000001B5 (mip.MTI <- 0b1, mip.STI <- 0b0)
mem[X,0x0000000080000C54] -> 0x0513
mem[X,0x0000000080000C56] -> 0x5555
[874] [M]: 0x0000000080000C54 (0x55550513) addi x10, x10, 0x555                     inst_162+20
x10 <- 0x0015555555555555

mem[X,0x0000000080000C58] -> 0x1513
mem[X,0x0000000080000C5A] -> 0x00A5
[875] [M]: 0x0000000080000C58 (0x00A51513) slli x10, x10, 0xa                       inst_162+24
x10 <- 0x5555555555555400

clint mtime 0x00000000000001B6 (mip.MTI <- 0b1, mip.STI <- 0b0)
mem[X,0x0000000080000C5C] -> 0x0513
mem[X,0x0000000080000C5E] -> 0x1555
[876] [M]: 0x0000000080000C5C (0x15550513) addi x10, x10, 0x155                     inst_162+28
x10 <- 0x5555555555555555

mem[X,0x0000000080000C60] -> 0x157D
[877] [M]: 0x0000000080000C60 (0x157D) c.addi x10, -0x1                             inst_162+32
x10 <- 0x5555555555555554

clint mtime 0x00000000000001B7 (mip.MTI <- 0b1, mip.STI <- 0b0)
mem[X,0x0000000080000C62] -> 0xB823
mem[X,0x0000000080000C64] -> 0x42A0
[878] [M]: 0x0000000080000C62 (0x42A0B823) sd x10, 0x430(x1)                        inst_162+34
mem[W,0x0000000080005628] <- 0x5555555555555554

mem[X,0x0000000080000C66] -> 0x5537
mem[X,0x0000000080000C68] -> 0x5555
[879] [M]: 0x0000000080000C66 (0x55555537) lui x10, 0x55555                         inst_163+0
x10 <- 0x0000000055555000

clint mtime 0x00000000000001B8 (mip.MTI <- 0b1, mip.STI <- 0b0)
mem[X,0x0000000080000C6A] -> 0x0513
mem[X,0x0000000080000C6C] -> 0x5555
[880] [M]: 0x0000000080000C6A (0x55550513) addi x10, x10, 0x555                     inst_163+4
x10 <- 0x0000000055555555

mem[X,0x0000000080000C6E] -> 0x1513
mem[X,0x0000000080000C70] -> 0x00B5
[881] [M]: 0x0000000080000C6E (0x00B51513) slli x10, x10, 0xb                       inst_163+8
x10 <- 0x000002AAAAAAA800

clint mtime 0x00000000000001B9 (mip.MTI <- 0b1, mip.STI <- 0b0)
mem[X,0x0000000080000C72] -> 0x0513
mem[X,0x0000000080000C74] -> 0x2AA5
[882] [M]: 0x0000000080000C72 (0x2AA50513) addi x10, x10, 0x2aa                     inst_163+12
x10 <- 0x000002AAAAAAAAAA

mem[X,0x0000000080000C76] -> 0x1513
mem[X,0x0000000080000C78] -> 0x00B5
[883] [M]: 0x0000000080000C76 (0x00B51513) slli x10, x10, 0xb                       inst_163+16
x10 <- 0x0015555555555000

clint mtime 0x00000000000001BA (mip.MTI <- 0b1, mip.STI <- 0b0)
mem[X,0x0000000080000C7A] -> 0x0513
mem[X,0x0000000080000C7C] -> 0x5555
[884] [M]: 0x0000000080000C7A (0x55550513) addi x10, x10, 0x555                     inst_163+20
x10 <- 0x0015555555555555

mem[X,0x0000000080000C7E] -> 0x1513
mem[X,0x0000000080000C80] -> 0x00A5
[885] [M]: 0x0000000080000C7E (0x00A51513) slli x10, x10, 0xa                       inst_163+24
x10 <- 0x5555555555555400

clint mtime 0x00000000000001BB (mip.MTI <- 0b1, mip.STI <- 0b0)
mem[X,0x0000000080000C82] -> 0x0513
mem[X,0x0000000080000C84] -> 0x1555
[886] [M]: 0x0000000080000C82 (0x15550513) addi x10, x10, 0x155                     inst_163+28
x10 <- 0x5555555555555555

mem[X,0x0000000080000C86] -> 0x1571
[887] [M]: 0x0000000080000C86 (0x1571) c.addi x10, -0x4                             inst_163+32
x10 <- 0x5555555555555551

clint mtime 0x00000000000001BC (mip.MTI <- 0b1, mip.STI <- 0b0)
mem[X,0x0000000080000C88] -> 0xBC23
mem[X,0x0000000080000C8A] -> 0x42A0
[888] [M]: 0x0000000080000C88 (0x42A0BC23) sd x10, 0x438(x1)                        inst_163+34
mem[W,0x0000000080005630] <- 0x5555555555555551

mem[X,0x0000000080000C8C] -> 0xB537
mem[X,0x0000000080000C8E] -> 0xAAAA
[889] [M]: 0x0000000080000C8C (0xAAAAB537) lui x10, -0x55555                        inst_164+0
x10 <- 0xFFFFFFFFAAAAB000

clint mtime 0x00000000000001BD (mip.MTI <- 0b1, mip.STI <- 0b0)
mem[X,0x0000000080000C90] -> 0x0513
mem[X,0x0000000080000C92] -> 0xAAA5
[890] [M]: 0x0000000080000C90 (0xAAA50513) addi x10, x10, -0x556                    inst_164+4
x10 <- 0xFFFFFFFFAAAAAAAA

mem[X,0x0000000080000C94] -> 0x1513
mem[X,0x0000000080000C96] -> 0x00B5
[891] [M]: 0x0000000080000C94 (0x00B51513) slli x10, x10, 0xb                       inst_164+8
x10 <- 0xFFFFFD5555555000

clint mtime 0x00000000000001BE (mip.MTI <- 0b1, mip.STI <- 0b0)
mem[X,0x0000000080000C98] -> 0x0513
mem[X,0x0000000080000C9A] -> 0x5555
[892] [M]: 0x0000000080000C98 (0x55550513) addi x10, x10, 0x555                     inst_164+12
x10 <- 0xFFFFFD5555555555

mem[X,0x0000000080000C9C] -> 0x1513
mem[X,0x0000000080000C9E] -> 0x00B5
[893] [M]: 0x0000000080000C9C (0x00B51513) slli x10, x10, 0xb                       inst_164+16
x10 <- 0xFFEAAAAAAAAAA800

clint mtime 0x00000000000001BF (mip.MTI <- 0b1, mip.STI <- 0b0)
mem[X,0x0000000080000CA0] -> 0x0513
mem[X,0x0000000080000CA2] -> 0x2AA5
[894] [M]: 0x0000000080000CA0 (0x2AA50513) addi x10, x10, 0x2aa                     inst_164+20
x10 <- 0xFFEAAAAAAAAAAAAA

mem[X,0x0000000080000CA4] -> 0x1513
mem[X,0x0000000080000CA6] -> 0x00A5
[895] [M]: 0x0000000080000CA4 (0x00A51513) slli x10, x10, 0xa                       inst_164+24
x10 <- 0xAAAAAAAAAAAAA800

clint mtime 0x00000000000001C0 (mip.MTI <- 0b1, mip.STI <- 0b0)
mem[X,0x0000000080000CA8] -> 0x0513
mem[X,0x0000000080000CAA] -> 0x2AA5
[896] [M]: 0x0000000080000CA8 (0x2AA50513) addi x10, x10, 0x2aa                     inst_164+28
x10 <- 0xAAAAAAAAAAAAAAAA

mem[X,0x0000000080000CAC] -> 0x050D
[897] [M]: 0x0000000080000CAC (0x050D) c.addi x10, 0x3                              inst_164+32
x10 <- 0xAAAAAAAAAAAAAAAD

clint mtime 0x00000000000001C1 (mip.MTI <- 0b1, mip.STI <- 0b0)
mem[X,0x0000000080000CAE] -> 0xB023
mem[X,0x0000000080000CB0] -> 0x44A0
[898] [M]: 0x0000000080000CAE (0x44A0B023) sd x10, 0x440(x1)                        inst_164+34
mem[W,0x0000000080005638] <- 0xAAAAAAAAAAAAAAAD

mem[X,0x0000000080000CB2] -> 0xB537
mem[X,0x0000000080000CB4] -> 0xAAAA
[899] [M]: 0x0000000080000CB2 (0xAAAAB537) lui x10, -0x55555                        inst_165+0
x10 <- 0xFFFFFFFFAAAAB000

clint mtime 0x00000000000001C2 (mip.MTI <- 0b1, mip.STI <- 0b0)
mem[X,0x0000000080000CB6] -> 0x0513
mem[X,0x0000000080000CB8] -> 0xAAA5
[900] [M]: 0x0000000080000CB6 (0xAAA50513) addi x10, x10, -0x556                    inst_165+4
x10 <- 0xFFFFFFFFAAAAAAAA

mem[X,0x0000000080000CBA] -> 0x1513
mem[X,0x0000000080000CBC] -> 0x00B5
[901] [M]: 0x0000000080000CBA (0x00B51513) slli x10, x10, 0xb                       inst_165+8
x10 <- 0xFFFFFD5555555000

clint mtime 0x00000000000001C3 (mip.MTI <- 0b1, mip.STI <- 0b0)
mem[X,0x0000000080000CBE] -> 0x0513
mem[X,0x0000000080000CC0] -> 0x5555
[902] [M]: 0x0000000080000CBE (0x55550513) addi x10, x10, 0x555                     inst_165+12
x10 <- 0xFFFFFD5555555555

mem[X,0x0000000080000CC2] -> 0x1513
mem[X,0x0000000080000CC4] -> 0x00B5
[903] [M]: 0x0000000080000CC2 (0x00B51513) slli x10, x10, 0xb                       inst_165+16
x10 <- 0xFFEAAAAAAAAAA800

clint mtime 0x00000000000001C4 (mip.MTI <- 0b1, mip.STI <- 0b0)
mem[X,0x0000000080000CC6] -> 0x0513
mem[X,0x0000000080000CC8] -> 0x2AA5
[904] [M]: 0x0000000080000CC6 (0x2AA50513) addi x10, x10, 0x2aa                     inst_165+20
x10 <- 0xFFEAAAAAAAAAAAAA

mem[X,0x0000000080000CCA] -> 0x1513
mem[X,0x0000000080000CCC] -> 0x00A5
[905] [M]: 0x0000000080000CCA (0x00A51513) slli x10, x10, 0xa                       inst_165+24
x10 <- 0xAAAAAAAAAAAAA800

clint mtime 0x00000000000001C5 (mip.MTI <- 0b1, mip.STI <- 0b0)
mem[X,0x0000000080000CCE] -> 0x0513
mem[X,0x0000000080000CD0] -> 0x2AA5
[906] [M]: 0x0000000080000CCE (0x2AA50513) addi x10, x10, 0x2aa                     inst_165+28
x10 <- 0xAAAAAAAAAAAAAAAA

mem[X,0x0000000080000CD2] -> 0x0515
[907] [M]: 0x0000000080000CD2 (0x0515) c.addi x10, 0x5                              inst_165+32
x10 <- 0xAAAAAAAAAAAAAAAF

clint mtime 0x00000000000001C6 (mip.MTI <- 0b1, mip.STI <- 0b0)
mem[X,0x0000000080000CD4] -> 0xB423
mem[X,0x0000000080000CD6] -> 0x44A0
[908] [M]: 0x0000000080000CD4 (0x44A0B423) sd x10, 0x448(x1)                        inst_165+34
mem[W,0x0000000080005640] <- 0xAAAAAAAAAAAAAAAF

mem[X,0x0000000080000CD8] -> 0xB537
mem[X,0x0000000080000CDA] -> 0xAAAA
[909] [M]: 0x0000000080000CD8 (0xAAAAB537) lui x10, -0x55555                        inst_166+0
x10 <- 0xFFFFFFFFAAAAB000

clint mtime 0x00000000000001C7 (mip.MTI <- 0b1, mip.STI <- 0b0)
mem[X,0x0000000080000CDC] -> 0x0513
mem[X,0x0000000080000CDE] -> 0xAAA5
[910] [M]: 0x0000000080000CDC (0xAAA50513) addi x10, x10, -0x556                    inst_166+4
x10 <- 0xFFFFFFFFAAAAAAAA

mem[X,0x0000000080000CE0] -> 0x1513
mem[X,0x0000000080000CE2] -> 0x00B5
[911] [M]: 0x0000000080000CE0 (0x00B51513) slli x10, x10, 0xb                       inst_166+8
x10 <- 0xFFFFFD5555555000

clint mtime 0x00000000000001C8 (mip.MTI <- 0b1, mip.STI <- 0b0)
mem[X,0x0000000080000CE4] -> 0x0513
mem[X,0x0000000080000CE6] -> 0x5555
[912] [M]: 0x0000000080000CE4 (0x55550513) addi x10, x10, 0x555                     inst_166+12
x10 <- 0xFFFFFD5555555555

mem[X,0x0000000080000CE8] -> 0x1513
mem[X,0x0000000080000CEA] -> 0x00B5
[913] [M]: 0x0000000080000CE8 (0x00B51513) slli x10, x10, 0xb                       inst_166+16
x10 <- 0xFFEAAAAAAAAAA800

clint mtime 0x00000000000001C9 (mip.MTI <- 0b1, mip.STI <- 0b0)
mem[X,0x0000000080000CEC] -> 0x0513
mem[X,0x0000000080000CEE] -> 0x2AA5
[914] [M]: 0x0000000080000CEC (0x2AA50513) addi x10, x10, 0x2aa                     inst_166+20
x10 <- 0xFFEAAAAAAAAAAAAA

mem[X,0x0000000080000CF0] -> 0x1513
mem[X,0x0000000080000CF2] -> 0x00A5
[915] [M]: 0x0000000080000CF0 (0x00A51513) slli x10, x10, 0xa                       inst_166+24
x10 <- 0xAAAAAAAAAAAAA800

clint mtime 0x00000000000001CA (mip.MTI <- 0b1, mip.STI <- 0b0)
mem[X,0x0000000080000CF4] -> 0x0513
mem[X,0x0000000080000CF6] -> 0x2AA5
[916] [M]: 0x0000000080000CF4 (0x2AA50513) addi x10, x10, 0x2aa                     inst_166+28
x10 <- 0xAAAAAAAAAAAAAAAA

mem[X,0x0000000080000CF8] -> 0x0529
[917] [M]: 0x0000000080000CF8 (0x0529) c.addi x10, 0xa                              inst_166+32
x10 <- 0xAAAAAAAAAAAAAAB4

clint mtime 0x00000000000001CB (mip.MTI <- 0b1, mip.STI <- 0b0)
mem[X,0x0000000080000CFA] -> 0xB823
mem[X,0x0000000080000CFC] -> 0x44A0
[918] [M]: 0x0000000080000CFA (0x44A0B823) sd x10, 0x450(x1)                        inst_166+34
mem[W,0x0000000080005648] <- 0xAAAAAAAAAAAAAAB4

mem[X,0x0000000080000CFE] -> 0xB537
mem[X,0x0000000080000D00] -> 0xAAAA
[919] [M]: 0x0000000080000CFE (0xAAAAB537) lui x10, -0x55555                        inst_167+0
x10 <- 0xFFFFFFFFAAAAB000

clint mtime 0x00000000000001CC (mip.MTI <- 0b1, mip.STI <- 0b0)
mem[X,0x0000000080000D02] -> 0x0513
mem[X,0x0000000080000D04] -> 0xAAA5
[920] [M]: 0x0000000080000D02 (0xAAA50513) addi x10, x10, -0x556                    inst_167+4
x10 <- 0xFFFFFFFFAAAAAAAA

mem[X,0x0000000080000D06] -> 0x1513
mem[X,0x0000000080000D08] -> 0x00B5
[921] [M]: 0x0000000080000D06 (0x00B51513) slli x10, x10, 0xb                       inst_167+8
x10 <- 0xFFFFFD5555555000

clint mtime 0x00000000000001CD (mip.MTI <- 0b1, mip.STI <- 0b0)
mem[X,0x0000000080000D0A] -> 0x0513
mem[X,0x0000000080000D0C] -> 0x5555
[922] [M]: 0x0000000080000D0A (0x55550513) addi x10, x10, 0x555                     inst_167+12
x10 <- 0xFFFFFD5555555555

mem[X,0x0000000080000D0E] -> 0x1513
mem[X,0x0000000080000D10] -> 0x00B5
[923] [M]: 0x0000000080000D0E (0x00B51513) slli x10, x10, 0xb                       inst_167+16
x10 <- 0xFFEAAAAAAAAAA800

clint mtime 0x00000000000001CE (mip.MTI <- 0b1, mip.STI <- 0b0)
mem[X,0x0000000080000D12] -> 0x0513
mem[X,0x0000000080000D14] -> 0x2AA5
[924] [M]: 0x0000000080000D12 (0x2AA50513) addi x10, x10, 0x2aa                     inst_167+20
x10 <- 0xFFEAAAAAAAAAAAAA

mem[X,0x0000000080000D16] -> 0x1513
mem[X,0x0000000080000D18] -> 0x00A5
[925] [M]: 0x0000000080000D16 (0x00A51513) slli x10, x10, 0xa                       inst_167+24
x10 <- 0xAAAAAAAAAAAAA800

clint mtime 0x00000000000001CF (mip.MTI <- 0b1, mip.STI <- 0b0)
mem[X,0x0000000080000D1A] -> 0x0513
mem[X,0x0000000080000D1C] -> 0x2AA5
[926] [M]: 0x0000000080000D1A (0x2AA50513) addi x10, x10, 0x2aa                     inst_167+28
x10 <- 0xAAAAAAAAAAAAAAAA

mem[X,0x0000000080000D1E] -> 0x0519
[927] [M]: 0x0000000080000D1E (0x0519) c.addi x10, 0x6                              inst_167+32
x10 <- 0xAAAAAAAAAAAAAAB0

clint mtime 0x00000000000001D0 (mip.MTI <- 0b1, mip.STI <- 0b0)
mem[X,0x0000000080000D20] -> 0xBC23
mem[X,0x0000000080000D22] -> 0x44A0
[928] [M]: 0x0000000080000D20 (0x44A0BC23) sd x10, 0x458(x1)                        inst_167+34
mem[W,0x0000000080005650] <- 0xAAAAAAAAAAAAAAB0

mem[X,0x0000000080000D24] -> 0xB537
mem[X,0x0000000080000D26] -> 0xAAAA
[929] [M]: 0x0000000080000D24 (0xAAAAB537) lui x10, -0x55555                        inst_168+0
x10 <- 0xFFFFFFFFAAAAB000

clint mtime 0x00000000000001D1 (mip.MTI <- 0b1, mip.STI <- 0b0)
mem[X,0x0000000080000D28] -> 0x0513
mem[X,0x0000000080000D2A] -> 0xAAA5
[930] [M]: 0x0000000080000D28 (0xAAA50513) addi x10, x10, -0x556                    inst_168+4
x10 <- 0xFFFFFFFFAAAAAAAA

mem[X,0x0000000080000D2C] -> 0x1513
mem[X,0x0000000080000D2E] -> 0x00B5
[931] [M]: 0x0000000080000D2C (0x00B51513) slli x10, x10, 0xb                       inst_168+8
x10 <- 0xFFFFFD5555555000

clint mtime 0x00000000000001D2 (mip.MTI <- 0b1, mip.STI <- 0b0)
mem[X,0x0000000080000D30] -> 0x0513
mem[X,0x0000000080000D32] -> 0x5555
[932] [M]: 0x0000000080000D30 (0x55550513) addi x10, x10, 0x555                     inst_168+12
x10 <- 0xFFFFFD5555555555

mem[X,0x0000000080000D34] -> 0x1513
mem[X,0x0000000080000D36] -> 0x00B5
[933] [M]: 0x0000000080000D34 (0x00B51513) slli x10, x10, 0xb                       inst_168+16
x10 <- 0xFFEAAAAAAAAAA800

clint mtime 0x00000000000001D3 (mip.MTI <- 0b1, mip.STI <- 0b0)
mem[X,0x0000000080000D38] -> 0x0513
mem[X,0x0000000080000D3A] -> 0x2AA5
[934] [M]: 0x0000000080000D38 (0x2AA50513) addi x10, x10, 0x2aa                     inst_168+20
x10 <- 0xFFEAAAAAAAAAAAAA

mem[X,0x0000000080000D3C] -> 0x1513
mem[X,0x0000000080000D3E] -> 0x00A5
[935] [M]: 0x0000000080000D3C (0x00A51513) slli x10, x10, 0xa                       inst_168+24
x10 <- 0xAAAAAAAAAAAAA800

clint mtime 0x00000000000001D4 (mip.MTI <- 0b1, mip.STI <- 0b0)
mem[X,0x0000000080000D40] -> 0x0513
mem[X,0x0000000080000D42] -> 0x2AA5
[936] [M]: 0x0000000080000D40 (0x2AA50513) addi x10, x10, 0x2aa                     inst_168+28
x10 <- 0xAAAAAAAAAAAAAAAA

mem[X,0x0000000080000D44] -> 0x1579
[937] [M]: 0x0000000080000D44 (0x1579) c.addi x10, -0x2                             inst_168+32
x10 <- 0xAAAAAAAAAAAAAAA8

clint mtime 0x00000000000001D5 (mip.MTI <- 0b1, mip.STI <- 0b0)
mem[X,0x0000000080000D46] -> 0xB023
mem[X,0x0000000080000D48] -> 0x46A0
[938] [M]: 0x0000000080000D46 (0x46A0B023) sd x10, 0x460(x1)                        inst_168+34
mem[W,0x0000000080005658] <- 0xAAAAAAAAAAAAAAA8

mem[X,0x0000000080000D4A] -> 0xB537
mem[X,0x0000000080000D4C] -> 0xAAAA
[939] [M]: 0x0000000080000D4A (0xAAAAB537) lui x10, -0x55555                        inst_169+0
x10 <- 0xFFFFFFFFAAAAB000

clint mtime 0x00000000000001D6 (mip.MTI <- 0b1, mip.STI <- 0b0)
mem[X,0x0000000080000D4E] -> 0x0513
mem[X,0x0000000080000D50] -> 0xAAA5
[940] [M]: 0x0000000080000D4E (0xAAA50513) addi x10, x10, -0x556                    inst_169+4
x10 <- 0xFFFFFFFFAAAAAAAA

mem[X,0x0000000080000D52] -> 0x1513
mem[X,0x0000000080000D54] -> 0x00B5
[941] [M]: 0x0000000080000D52 (0x00B51513) slli x10, x10, 0xb                       inst_169+8
x10 <- 0xFFFFFD5555555000

clint mtime 0x00000000000001D7 (mip.MTI <- 0b1, mip.STI <- 0b0)
mem[X,0x0000000080000D56] -> 0x0513
mem[X,0x0000000080000D58] -> 0x5555
[942] [M]: 0x0000000080000D56 (0x55550513) addi x10, x10, 0x555                     inst_169+12
x10 <- 0xFFFFFD5555555555

mem[X,0x0000000080000D5A] -> 0x1513
mem[X,0x0000000080000D5C] -> 0x00B5
[943] [M]: 0x0000000080000D5A (0x00B51513) slli x10, x10, 0xb                       inst_169+16
x10 <- 0xFFEAAAAAAAAAA800

clint mtime 0x00000000000001D8 (mip.MTI <- 0b1, mip.STI <- 0b0)
mem[X,0x0000000080000D5E] -> 0x0513
mem[X,0x0000000080000D60] -> 0x2AA5
[944] [M]: 0x0000000080000D5E (0x2AA50513) addi x10, x10, 0x2aa                     inst_169+20
x10 <- 0xFFEAAAAAAAAAAAAA

mem[X,0x0000000080000D62] -> 0x1513
mem[X,0x0000000080000D64] -> 0x00A5
[945] [M]: 0x0000000080000D62 (0x00A51513) slli x10, x10, 0xa                       inst_169+24
x10 <- 0xAAAAAAAAAAAAA800

clint mtime 0x00000000000001D9 (mip.MTI <- 0b1, mip.STI <- 0b0)
mem[X,0x0000000080000D66] -> 0x0513
mem[X,0x0000000080000D68] -> 0x2AA5
[946] [M]: 0x0000000080000D66 (0x2AA50513) addi x10, x10, 0x2aa                     inst_169+28
x10 <- 0xAAAAAAAAAAAAAAAA

mem[X,0x0000000080000D6A] -> 0x156D
[947] [M]: 0x0000000080000D6A (0x156D) c.addi x10, -0x5                             inst_169+32
x10 <- 0xAAAAAAAAAAAAAAA5

clint mtime 0x00000000000001DA (mip.MTI <- 0b1, mip.STI <- 0b0)
mem[X,0x0000000080000D6C] -> 0xB423
mem[X,0x0000000080000D6E] -> 0x46A0
[948] [M]: 0x0000000080000D6C (0x46A0B423) sd x10, 0x468(x1)                        inst_169+34
mem[W,0x0000000080005660] <- 0xAAAAAAAAAAAAAAA5

mem[X,0x0000000080000D70] -> 0xB537
mem[X,0x0000000080000D72] -> 0xAAAA
[949] [M]: 0x0000000080000D70 (0xAAAAB537) lui x10, -0x55555                        inst_170+0
x10 <- 0xFFFFFFFFAAAAB000

clint mtime 0x00000000000001DB (mip.MTI <- 0b1, mip.STI <- 0b0)
mem[X,0x0000000080000D74] -> 0x0513
mem[X,0x0000000080000D76] -> 0xAAA5
[950] [M]: 0x0000000080000D74 (0xAAA50513) addi x10, x10, -0x556                    inst_170+4
x10 <- 0xFFFFFFFFAAAAAAAA

mem[X,0x0000000080000D78] -> 0x1513
mem[X,0x0000000080000D7A] -> 0x00B5
[951] [M]: 0x0000000080000D78 (0x00B51513) slli x10, x10, 0xb                       inst_170+8
x10 <- 0xFFFFFD5555555000

clint mtime 0x00000000000001DC (mip.MTI <- 0b1, mip.STI <- 0b0)
mem[X,0x0000000080000D7C] -> 0x0513
mem[X,0x0000000080000D7E] -> 0x5555
[952] [M]: 0x0000000080000D7C (0x55550513) addi x10, x10, 0x555                     inst_170+12
x10 <- 0xFFFFFD5555555555

mem[X,0x0000000080000D80] -> 0x1513
mem[X,0x0000000080000D82] -> 0x00B5
[953] [M]: 0x0000000080000D80 (0x00B51513) slli x10, x10, 0xb                       inst_170+16
x10 <- 0xFFEAAAAAAAAAA800

clint mtime 0x00000000000001DD (mip.MTI <- 0b1, mip.STI <- 0b0)
mem[X,0x0000000080000D84] -> 0x0513
mem[X,0x0000000080000D86] -> 0x2AA5
[954] [M]: 0x0000000080000D84 (0x2AA50513) addi x10, x10, 0x2aa                     inst_170+20
x10 <- 0xFFEAAAAAAAAAAAAA

mem[X,0x0000000080000D88] -> 0x1513
mem[X,0x0000000080000D8A] -> 0x00A5
[955] [M]: 0x0000000080000D88 (0x00A51513) slli x10, x10, 0xa                       inst_170+24
x10 <- 0xAAAAAAAAAAAAA800

clint mtime 0x00000000000001DE (mip.MTI <- 0b1, mip.STI <- 0b0)
mem[X,0x0000000080000D8C] -> 0x0513
mem[X,0x0000000080000D8E] -> 0x2AA5
[956] [M]: 0x0000000080000D8C (0x2AA50513) addi x10, x10, 0x2aa                     inst_170+28
x10 <- 0xAAAAAAAAAAAAAAAA

mem[X,0x0000000080000D90] -> 0x0509
[957] [M]: 0x0000000080000D90 (0x0509) c.addi x10, 0x2                              inst_170+32
x10 <- 0xAAAAAAAAAAAAAAAC

clint mtime 0x00000000000001DF (mip.MTI <- 0b1, mip.STI <- 0b0)
mem[X,0x0000000080000D92] -> 0xB823
mem[X,0x0000000080000D94] -> 0x46A0
[958] [M]: 0x0000000080000D92 (0x46A0B823) sd x10, 0x470(x1)                        inst_170+34
mem[W,0x0000000080005668] <- 0xAAAAAAAAAAAAAAAC

mem[X,0x0000000080000D96] -> 0xB537
mem[X,0x0000000080000D98] -> 0xAAAA
[959] [M]: 0x0000000080000D96 (0xAAAAB537) lui x10, -0x55555                        inst_171+0
x10 <- 0xFFFFFFFFAAAAB000

clint mtime 0x00000000000001E0 (mip.MTI <- 0b1, mip.STI <- 0b0)
mem[X,0x0000000080000D9A] -> 0x0513
mem[X,0x0000000080000D9C] -> 0xAAA5
[960] [M]: 0x0000000080000D9A (0xAAA50513) addi x10, x10, -0x556                    inst_171+4
x10 <- 0xFFFFFFFFAAAAAAAA

mem[X,0x0000000080000D9E] -> 0x1513
mem[X,0x0000000080000DA0] -> 0x00B5
[961] [M]: 0x0000000080000D9E (0x00B51513) slli x10, x10, 0xb                       inst_171+8
x10 <- 0xFFFFFD5555555000

clint mtime 0x00000000000001E1 (mip.MTI <- 0b1, mip.STI <- 0b0)
mem[X,0x0000000080000DA2] -> 0x0513
mem[X,0x0000000080000DA4] -> 0x5555
[962] [M]: 0x0000000080000DA2 (0x55550513) addi x10, x10, 0x555                     inst_171+12
x10 <- 0xFFFFFD5555555555

mem[X,0x0000000080000DA6] -> 0x1513
mem[X,0x0000000080000DA8] -> 0x00B5
[963] [M]: 0x0000000080000DA6 (0x00B51513) slli x10, x10, 0xb                       inst_171+16
x10 <- 0xFFEAAAAAAAAAA800

clint mtime 0x00000000000001E2 (mip.MTI <- 0b1, mip.STI <- 0b0)
mem[X,0x0000000080000DAA] -> 0x0513
mem[X,0x0000000080000DAC] -> 0x2AA5
[964] [M]: 0x0000000080000DAA (0x2AA50513) addi x10, x10, 0x2aa                     inst_171+20
x10 <- 0xFFEAAAAAAAAAAAAA

mem[X,0x0000000080000DAE] -> 0x1513
mem[X,0x0000000080000DB0] -> 0x00A5
[965] [M]: 0x0000000080000DAE (0x00A51513) slli x10, x10, 0xa                       inst_171+24
x10 <- 0xAAAAAAAAAAAAA800

clint mtime 0x00000000000001E3 (mip.MTI <- 0b1, mip.STI <- 0b0)
mem[X,0x0000000080000DB2] -> 0x0513
mem[X,0x0000000080000DB4] -> 0x2AA5
[966] [M]: 0x0000000080000DB2 (0x2AA50513) addi x10, x10, 0x2aa                     inst_171+28
x10 <- 0xAAAAAAAAAAAAAAAA

mem[X,0x0000000080000DB6] -> 0x0511
[967] [M]: 0x0000000080000DB6 (0x0511) c.addi x10, 0x4                              inst_171+32
x10 <- 0xAAAAAAAAAAAAAAAE

clint mtime 0x00000000000001E4 (mip.MTI <- 0b1, mip.STI <- 0b0)
mem[X,0x0000000080000DB8] -> 0xBC23
mem[X,0x0000000080000DBA] -> 0x46A0
[968] [M]: 0x0000000080000DB8 (0x46A0BC23) sd x10, 0x478(x1)                        inst_171+34
mem[W,0x0000000080005670] <- 0xAAAAAAAAAAAAAAAE

mem[X,0x0000000080000DBC] -> 0xB537
mem[X,0x0000000080000DBE] -> 0xAAAA
[969] [M]: 0x0000000080000DBC (0xAAAAB537) lui x10, -0x55555                        inst_172+0
x10 <- 0xFFFFFFFFAAAAB000

clint mtime 0x00000000000001E5 (mip.MTI <- 0b1, mip.STI <- 0b0)
mem[X,0x0000000080000DC0] -> 0x0513
mem[X,0x0000000080000DC2] -> 0xAAA5
[970] [M]: 0x0000000080000DC0 (0xAAA50513) addi x10, x10, -0x556                    inst_172+4
x10 <- 0xFFFFFFFFAAAAAAAA

mem[X,0x0000000080000DC4] -> 0x1513
mem[X,0x0000000080000DC6] -> 0x00B5
[971] [M]: 0x0000000080000DC4 (0x00B51513) slli x10, x10, 0xb                       inst_172+8
x10 <- 0xFFFFFD5555555000

clint mtime 0x00000000000001E6 (mip.MTI <- 0b1, mip.STI <- 0b0)
mem[X,0x0000000080000DC8] -> 0x0513
mem[X,0x0000000080000DCA] -> 0x5555
[972] [M]: 0x0000000080000DC8 (0x55550513) addi x10, x10, 0x555                     inst_172+12
x10 <- 0xFFFFFD5555555555

mem[X,0x0000000080000DCC] -> 0x1513
mem[X,0x0000000080000DCE] -> 0x00B5
[973] [M]: 0x0000000080000DCC (0x00B51513) slli x10, x10, 0xb                       inst_172+16
x10 <- 0xFFEAAAAAAAAAA800

clint mtime 0x00000000000001E7 (mip.MTI <- 0b1, mip.STI <- 0b0)
mem[X,0x0000000080000DD0] -> 0x0513
mem[X,0x0000000080000DD2] -> 0x2AA5
[974] [M]: 0x0000000080000DD0 (0x2AA50513) addi x10, x10, 0x2aa                     inst_172+20
x10 <- 0xFFEAAAAAAAAAAAAA

mem[X,0x0000000080000DD4] -> 0x1513
mem[X,0x0000000080000DD6] -> 0x00A5
[975] [M]: 0x0000000080000DD4 (0x00A51513) slli x10, x10, 0xa                       inst_172+24
x10 <- 0xAAAAAAAAAAAAA800

clint mtime 0x00000000000001E8 (mip.MTI <- 0b1, mip.STI <- 0b0)
mem[X,0x0000000080000DD8] -> 0x0513
mem[X,0x0000000080000DDA] -> 0x2AA5
[976] [M]: 0x0000000080000DD8 (0x2AA50513) addi x10, x10, 0x2aa                     inst_172+28
x10 <- 0xAAAAAAAAAAAAAAAA

mem[X,0x0000000080000DDC] -> 0x0525
[977] [M]: 0x0000000080000DDC (0x0525) c.addi x10, 0x9                              inst_172+32
x10 <- 0xAAAAAAAAAAAAAAB3

clint mtime 0x00000000000001E9 (mip.MTI <- 0b1, mip.STI <- 0b0)
mem[X,0x0000000080000DDE] -> 0xB023
mem[X,0x0000000080000DE0] -> 0x48A0
[978] [M]: 0x0000000080000DDE (0x48A0B023) sd x10, 0x480(x1)                        inst_172+34
mem[W,0x0000000080005678] <- 0xAAAAAAAAAAAAAAB3

mem[X,0x0000000080000DE2] -> 0xB537
mem[X,0x0000000080000DE4] -> 0xAAAA
[979] [M]: 0x0000000080000DE2 (0xAAAAB537) lui x10, -0x55555                        inst_173+0
x10 <- 0xFFFFFFFFAAAAB000

clint mtime 0x00000000000001EA (mip.MTI <- 0b1, mip.STI <- 0b0)
mem[X,0x0000000080000DE6] -> 0x0513
mem[X,0x0000000080000DE8] -> 0xAAA5
[980] [M]: 0x0000000080000DE6 (0xAAA50513) addi x10, x10, -0x556                    inst_173+4
x10 <- 0xFFFFFFFFAAAAAAAA

mem[X,0x0000000080000DEA] -> 0x1513
mem[X,0x0000000080000DEC] -> 0x00B5
[981] [M]: 0x0000000080000DEA (0x00B51513) slli x10, x10, 0xb                       inst_173+8
x10 <- 0xFFFFFD5555555000

clint mtime 0x00000000000001EB (mip.MTI <- 0b1, mip.STI <- 0b0)
mem[X,0x0000000080000DEE] -> 0x0513
mem[X,0x0000000080000DF0] -> 0x5555
[982] [M]: 0x0000000080000DEE (0x55550513) addi x10, x10, 0x555                     inst_173+12
x10 <- 0xFFFFFD5555555555

mem[X,0x0000000080000DF2] -> 0x1513
mem[X,0x0000000080000DF4] -> 0x00B5
[983] [M]: 0x0000000080000DF2 (0x00B51513) slli x10, x10, 0xb                       inst_173+16
x10 <- 0xFFEAAAAAAAAAA800

clint mtime 0x00000000000001EC (mip.MTI <- 0b1, mip.STI <- 0b0)
mem[X,0x0000000080000DF6] -> 0x0513
mem[X,0x0000000080000DF8] -> 0x2AA5
[984] [M]: 0x0000000080000DF6 (0x2AA50513) addi x10, x10, 0x2aa                     inst_173+20
x10 <- 0xFFEAAAAAAAAAAAAA

mem[X,0x0000000080000DFA] -> 0x1513
mem[X,0x0000000080000DFC] -> 0x00A5
[985] [M]: 0x0000000080000DFA (0x00A51513) slli x10, x10, 0xa                       inst_173+24
x10 <- 0xAAAAAAAAAAAAA800

clint mtime 0x00000000000001ED (mip.MTI <- 0b1, mip.STI <- 0b0)
mem[X,0x0000000080000DFE] -> 0x0513
mem[X,0x0000000080000E00] -> 0x2AA5
[986] [M]: 0x0000000080000DFE (0x2AA50513) addi x10, x10, 0x2aa                     inst_173+28
x10 <- 0xAAAAAAAAAAAAAAAA

mem[X,0x0000000080000E02] -> 0x052D
[987] [M]: 0x0000000080000E02 (0x052D) c.addi x10, 0xb                              inst_173+32
x10 <- 0xAAAAAAAAAAAAAAB5

clint mtime 0x00000000000001EE (mip.MTI <- 0b1, mip.STI <- 0b0)
mem[X,0x0000000080000E04] -> 0xB423
mem[X,0x0000000080000E06] -> 0x48A0
[988] [M]: 0x0000000080000E04 (0x48A0B423) sd x10, 0x488(x1)                        inst_173+34
mem[W,0x0000000080005680] <- 0xAAAAAAAAAAAAAAB5

mem[X,0x0000000080000E08] -> 0xB537
mem[X,0x0000000080000E0A] -> 0xAAAA
[989] [M]: 0x0000000080000E08 (0xAAAAB537) lui x10, -0x55555                        inst_174+0
x10 <- 0xFFFFFFFFAAAAB000

clint mtime 0x00000000000001EF (mip.MTI <- 0b1, mip.STI <- 0b0)
mem[X,0x0000000080000E0C] -> 0x0513
mem[X,0x0000000080000E0E] -> 0xAAA5
[990] [M]: 0x0000000080000E0C (0xAAA50513) addi x10, x10, -0x556                    inst_174+4
x10 <- 0xFFFFFFFFAAAAAAAA

mem[X,0x0000000080000E10] -> 0x1513
mem[X,0x0000000080000E12] -> 0x00B5
[991] [M]: 0x0000000080000E10 (0x00B51513) slli x10, x10, 0xb                       inst_174+8
x10 <- 0xFFFFFD5555555000

clint mtime 0x00000000000001F0 (mip.MTI <- 0b1, mip.STI <- 0b0)
mem[X,0x0000000080000E14] -> 0x0513
mem[X,0x0000000080000E16] -> 0x5555
[992] [M]: 0x0000000080000E14 (0x55550513) addi x10, x10, 0x555                     inst_174+12
x10 <- 0xFFFFFD5555555555

mem[X,0x0000000080000E18] -> 0x1513
mem[X,0x0000000080000E1A] -> 0x00B5
[993] [M]: 0x0000000080000E18 (0x00B51513) slli x10, x10, 0xb                       inst_174+16
x10 <- 0xFFEAAAAAAAAAA800

clint mtime 0x00000000000001F1 (mip.MTI <- 0b1, mip.STI <- 0b0)
mem[X,0x0000000080000E1C] -> 0x0513
mem[X,0x0000000080000E1E] -> 0x2AA5
[994] [M]: 0x0000000080000E1C (0x2AA50513) addi x10, x10, 0x2aa                     inst_174+20
x10 <- 0xFFEAAAAAAAAAAAAA

mem[X,0x0000000080000E20] -> 0x1513
mem[X,0x0000000080000E22] -> 0x00A5
[995] [M]: 0x0000000080000E20 (0x00A51513) slli x10, x10, 0xa                       inst_174+24
x10 <- 0xAAAAAAAAAAAAA800

clint mtime 0x00000000000001F2 (mip.MTI <- 0b1, mip.STI <- 0b0)
mem[X,0x0000000080000E24] -> 0x0513
mem[X,0x0000000080000E26] -> 0x2AA5
[996] [M]: 0x0000000080000E24 (0x2AA50513) addi x10, x10, 0x2aa                     inst_174+28
x10 <- 0xAAAAAAAAAAAAAAAA

mem[X,0x0000000080000E28] -> 0x051D
[997] [M]: 0x0000000080000E28 (0x051D) c.addi x10, 0x7                              inst_174+32
x10 <- 0xAAAAAAAAAAAAAAB1

clint mtime 0x00000000000001F3 (mip.MTI <- 0b1, mip.STI <- 0b0)
mem[X,0x0000000080000E2A] -> 0xB823
mem[X,0x0000000080000E2C] -> 0x48A0
[998] [M]: 0x0000000080000E2A (0x48A0B823) sd x10, 0x490(x1)                        inst_174+34
mem[W,0x0000000080005688] <- 0xAAAAAAAAAAAAAAB1

mem[X,0x0000000080000E2E] -> 0xB537
mem[X,0x0000000080000E30] -> 0xAAAA
[999] [M]: 0x0000000080000E2E (0xAAAAB537) lui x10, -0x55555                        inst_175+0
x10 <- 0xFFFFFFFFAAAAB000

clint mtime 0x00000000000001F4 (mip.MTI <- 0b1, mip.STI <- 0b0)
mem[X,0x0000000080000E32] -> 0x0513
mem[X,0x0000000080000E34] -> 0xAAA5
[1000] [M]: 0x0000000080000E32 (0xAAA50513) addi x10, x10, -0x556                   inst_175+4
x10 <- 0xFFFFFFFFAAAAAAAA

mem[X,0x0000000080000E36] -> 0x1513
mem[X,0x0000000080000E38] -> 0x00B5
[1001] [M]: 0x0000000080000E36 (0x00B51513) slli x10, x10, 0xb                      inst_175+8
x10 <- 0xFFFFFD5555555000

clint mtime 0x00000000000001F5 (mip.MTI <- 0b1, mip.STI <- 0b0)
mem[X,0x0000000080000E3A] -> 0x0513
mem[X,0x0000000080000E3C] -> 0x5555
[1002] [M]: 0x0000000080000E3A (0x55550513) addi x10, x10, 0x555                    inst_175+12
x10 <- 0xFFFFFD5555555555

mem[X,0x0000000080000E3E] -> 0x1513
mem[X,0x0000000080000E40] -> 0x00B5
[1003] [M]: 0x0000000080000E3E (0x00B51513) slli x10, x10, 0xb                      inst_175+16
x10 <- 0xFFEAAAAAAAAAA800

clint mtime 0x00000000000001F6 (mip.MTI <- 0b1, mip.STI <- 0b0)
mem[X,0x0000000080000E42] -> 0x0513
mem[X,0x0000000080000E44] -> 0x2AA5
[1004] [M]: 0x0000000080000E42 (0x2AA50513) addi x10, x10, 0x2aa                    inst_175+20
x10 <- 0xFFEAAAAAAAAAAAAA

mem[X,0x0000000080000E46] -> 0x1513
mem[X,0x0000000080000E48] -> 0x00A5
[1005] [M]: 0x0000000080000E46 (0x00A51513) slli x10, x10, 0xa                      inst_175+24
x10 <- 0xAAAAAAAAAAAAA800

clint mtime 0x00000000000001F7 (mip.MTI <- 0b1, mip.STI <- 0b0)
mem[X,0x0000000080000E4A] -> 0x0513
mem[X,0x0000000080000E4C] -> 0x2AA5
[1006] [M]: 0x0000000080000E4A (0x2AA50513) addi x10, x10, 0x2aa                    inst_175+28
x10 <- 0xAAAAAAAAAAAAAAAA

mem[X,0x0000000080000E4E] -> 0x157D
[1007] [M]: 0x0000000080000E4E (0x157D) c.addi x10, -0x1                            inst_175+32
x10 <- 0xAAAAAAAAAAAAAAA9

clint mtime 0x00000000000001F8 (mip.MTI <- 0b1, mip.STI <- 0b0)
mem[X,0x0000000080000E50] -> 0xBC23
mem[X,0x0000000080000E52] -> 0x48A0
[1008] [M]: 0x0000000080000E50 (0x48A0BC23) sd x10, 0x498(x1)                       inst_175+34
mem[W,0x0000000080005690] <- 0xAAAAAAAAAAAAAAA9

mem[X,0x0000000080000E54] -> 0xB537
mem[X,0x0000000080000E56] -> 0xAAAA
[1009] [M]: 0x0000000080000E54 (0xAAAAB537) lui x10, -0x55555                       inst_176+0
x10 <- 0xFFFFFFFFAAAAB000

clint mtime 0x00000000000001F9 (mip.MTI <- 0b1, mip.STI <- 0b0)
mem[X,0x0000000080000E58] -> 0x0513
mem[X,0x0000000080000E5A] -> 0xAAA5
[1010] [M]: 0x0000000080000E58 (0xAAA50513) addi x10, x10, -0x556                   inst_176+4
x10 <- 0xFFFFFFFFAAAAAAAA

mem[X,0x0000000080000E5C] -> 0x1513
mem[X,0x0000000080000E5E] -> 0x00B5
[1011] [M]: 0x0000000080000E5C (0x00B51513) slli x10, x10, 0xb                      inst_176+8
x10 <- 0xFFFFFD5555555000

clint mtime 0x00000000000001FA (mip.MTI <- 0b1, mip.STI <- 0b0)
mem[X,0x0000000080000E60] -> 0x0513
mem[X,0x0000000080000E62] -> 0x5555
[1012] [M]: 0x0000000080000E60 (0x55550513) addi x10, x10, 0x555                    inst_176+12
x10 <- 0xFFFFFD5555555555

mem[X,0x0000000080000E64] -> 0x1513
mem[X,0x0000000080000E66] -> 0x00B5
[1013] [M]: 0x0000000080000E64 (0x00B51513) slli x10, x10, 0xb                      inst_176+16
x10 <- 0xFFEAAAAAAAAAA800

clint mtime 0x00000000000001FB (mip.MTI <- 0b1, mip.STI <- 0b0)
mem[X,0x0000000080000E68] -> 0x0513
mem[X,0x0000000080000E6A] -> 0x2AA5
[1014] [M]: 0x0000000080000E68 (0x2AA50513) addi x10, x10, 0x2aa                    inst_176+20
x10 <- 0xFFEAAAAAAAAAAAAA

mem[X,0x0000000080000E6C] -> 0x1513
mem[X,0x0000000080000E6E] -> 0x00A5
[1015] [M]: 0x0000000080000E6C (0x00A51513) slli x10, x10, 0xa                      inst_176+24
x10 <- 0xAAAAAAAAAAAAA800

clint mtime 0x00000000000001FC (mip.MTI <- 0b1, mip.STI <- 0b0)
mem[X,0x0000000080000E70] -> 0x0513
mem[X,0x0000000080000E72] -> 0x2AA5
[1016] [M]: 0x0000000080000E70 (0x2AA50513) addi x10, x10, 0x2aa                    inst_176+28
x10 <- 0xAAAAAAAAAAAAAAAA

mem[X,0x0000000080000E74] -> 0x1571
[1017] [M]: 0x0000000080000E74 (0x1571) c.addi x10, -0x4                            inst_176+32
x10 <- 0xAAAAAAAAAAAAAAA6

clint mtime 0x00000000000001FD (mip.MTI <- 0b1, mip.STI <- 0b0)
mem[X,0x0000000080000E76] -> 0xB023
mem[X,0x0000000080000E78] -> 0x4AA0
[1018] [M]: 0x0000000080000E76 (0x4AA0B023) sd x10, 0x4a0(x1)                       inst_176+34
mem[W,0x0000000080005698] <- 0xAAAAAAAAAAAAAAA6

mem[X,0x0000000080000E7A] -> 0x0513
mem[X,0x0000000080000E7C] -> 0x0050
[1019] [M]: 0x0000000080000E7A (0x00500513) addi x10, x0, 0x5                       inst_177+0
x10 <- 0x0000000000000005

clint mtime 0x00000000000001FE (mip.MTI <- 0b1, mip.STI <- 0b0)
mem[X,0x0000000080000E7E] -> 0x050D
[1020] [M]: 0x0000000080000E7E (0x050D) c.addi x10, 0x3                             inst_177+4
x10 <- 0x0000000000000008

mem[X,0x0000000080000E80] -> 0xB423
mem[X,0x0000000080000E82] -> 0x4AA0
[1021] [M]: 0x0000000080000E80 (0x4AA0B423) sd x10, 0x4a8(x1)                       inst_177+6
mem[W,0x00000000800056A0] <- 0x0000000000000008

clint mtime 0x00000000000001FF (mip.MTI <- 0b1, mip.STI <- 0b0)
mem[X,0x0000000080000E84] -> 0x0513
mem[X,0x0000000080000E86] -> 0x0050
[1022] [M]: 0x0000000080000E84 (0x00500513) addi x10, x0, 0x5                       inst_178+0
x10 <- 0x0000000000000005

mem[X,0x0000000080000E88] -> 0x0515
[1023] [M]: 0x0000000080000E88 (0x0515) c.addi x10, 0x5                             inst_178+4
x10 <- 0x000000000000000A

clint mtime 0x0000000000000200 (mip.MTI <- 0b1, mip.STI <- 0b0)
mem[X,0x0000000080000E8A] -> 0xB823
mem[X,0x0000000080000E8C] -> 0x4AA0
[1024] [M]: 0x0000000080000E8A (0x4AA0B823) sd x10, 0x4b0(x1)                       inst_178+6
mem[W,0x00000000800056A8] <- 0x000000000000000A

mem[X,0x0000000080000E8E] -> 0x0513
mem[X,0x0000000080000E90] -> 0x0050
[1025] [M]: 0x0000000080000E8E (0x00500513) addi x10, x0, 0x5                       inst_179+0
x10 <- 0x0000000000000005

clint mtime 0x0000000000000201 (mip.MTI <- 0b1, mip.STI <- 0b0)
mem[X,0x0000000080000E92] -> 0x0529
[1026] [M]: 0x0000000080000E92 (0x0529) c.addi x10, 0xa                             inst_179+4
x10 <- 0x000000000000000F

mem[X,0x0000000080000E94] -> 0xBC23
mem[X,0x0000000080000E96] -> 0x4AA0
[1027] [M]: 0x0000000080000E94 (0x4AA0BC23) sd x10, 0x4b8(x1)                       inst_179+6
mem[W,0x00000000800056B0] <- 0x000000000000000F

clint mtime 0x0000000000000202 (mip.MTI <- 0b1, mip.STI <- 0b0)
mem[X,0x0000000080000E98] -> 0x0513
mem[X,0x0000000080000E9A] -> 0x0050
[1028] [M]: 0x0000000080000E98 (0x00500513) addi x10, x0, 0x5                       inst_180+0
x10 <- 0x0000000000000005

mem[X,0x0000000080000E9C] -> 0x0519
[1029] [M]: 0x0000000080000E9C (0x0519) c.addi x10, 0x6                             inst_180+4
x10 <- 0x000000000000000B

clint mtime 0x0000000000000203 (mip.MTI <- 0b1, mip.STI <- 0b0)
mem[X,0x0000000080000E9E] -> 0xB023
mem[X,0x0000000080000EA0] -> 0x4CA0
[1030] [M]: 0x0000000080000E9E (0x4CA0B023) sd x10, 0x4c0(x1)                       inst_180+6
mem[W,0x00000000800056B8] <- 0x000000000000000B

mem[X,0x0000000080000EA2] -> 0x0513
mem[X,0x0000000080000EA4] -> 0x0050
[1031] [M]: 0x0000000080000EA2 (0x00500513) addi x10, x0, 0x5                       inst_181+0
x10 <- 0x0000000000000005

clint mtime 0x0000000000000204 (mip.MTI <- 0b1, mip.STI <- 0b0)
mem[X,0x0000000080000EA6] -> 0x1579
[1032] [M]: 0x0000000080000EA6 (0x1579) c.addi x10, -0x2                            inst_181+4
x10 <- 0x0000000000000003

mem[X,0x0000000080000EA8] -> 0xB423
mem[X,0x0000000080000EAA] -> 0x4CA0
[1033] [M]: 0x0000000080000EA8 (0x4CA0B423) sd x10, 0x4c8(x1)                       inst_181+6
mem[W,0x00000000800056C0] <- 0x0000000000000003

clint mtime 0x0000000000000205 (mip.MTI <- 0b1, mip.STI <- 0b0)
mem[X,0x0000000080000EAC] -> 0x0513
mem[X,0x0000000080000EAE] -> 0x0050
[1034] [M]: 0x0000000080000EAC (0x00500513) addi x10, x0, 0x5                       inst_182+0
x10 <- 0x0000000000000005

mem[X,0x0000000080000EB0] -> 0x156D
[1035] [M]: 0x0000000080000EB0 (0x156D) c.addi x10, -0x5                            inst_182+4
x10 <- 0x0000000000000000

clint mtime 0x0000000000000206 (mip.MTI <- 0b1, mip.STI <- 0b0)
mem[X,0x0000000080000EB2] -> 0xB823
mem[X,0x0000000080000EB4] -> 0x4CA0
[1036] [M]: 0x0000000080000EB2 (0x4CA0B823) sd x10, 0x4d0(x1)                       inst_182+6
mem[W,0x00000000800056C8] <- 0x0000000000000000

mem[X,0x0000000080000EB6] -> 0x0513
mem[X,0x0000000080000EB8] -> 0x0050
[1037] [M]: 0x0000000080000EB6 (0x00500513) addi x10, x0, 0x5                       inst_183+0
x10 <- 0x0000000000000005

clint mtime 0x0000000000000207 (mip.MTI <- 0b1, mip.STI <- 0b0)
mem[X,0x0000000080000EBA] -> 0x0509
[1038] [M]: 0x0000000080000EBA (0x0509) c.addi x10, 0x2                             inst_183+4
x10 <- 0x0000000000000007

mem[X,0x0000000080000EBC] -> 0xBC23
mem[X,0x0000000080000EBE] -> 0x4CA0
[1039] [M]: 0x0000000080000EBC (0x4CA0BC23) sd x10, 0x4d8(x1)                       inst_183+6
mem[W,0x00000000800056D0] <- 0x0000000000000007

clint mtime 0x0000000000000208 (mip.MTI <- 0b1, mip.STI <- 0b0)
mem[X,0x0000000080000EC0] -> 0x0513
mem[X,0x0000000080000EC2] -> 0x0050
[1040] [M]: 0x0000000080000EC0 (0x00500513) addi x10, x0, 0x5                       inst_184+0
x10 <- 0x0000000000000005

mem[X,0x0000000080000EC4] -> 0x0511
[1041] [M]: 0x0000000080000EC4 (0x0511) c.addi x10, 0x4                             inst_184+4
x10 <- 0x0000000000000009

clint mtime 0x0000000000000209 (mip.MTI <- 0b1, mip.STI <- 0b0)
mem[X,0x0000000080000EC6] -> 0xB023
mem[X,0x0000000080000EC8] -> 0x4EA0
[1042] [M]: 0x0000000080000EC6 (0x4EA0B023) sd x10, 0x4e0(x1)                       inst_184+6
mem[W,0x00000000800056D8] <- 0x0000000000000009

mem[X,0x0000000080000ECA] -> 0x0513
mem[X,0x0000000080000ECC] -> 0x0050
[1043] [M]: 0x0000000080000ECA (0x00500513) addi x10, x0, 0x5                       inst_185+0
x10 <- 0x0000000000000005

clint mtime 0x000000000000020A (mip.MTI <- 0b1, mip.STI <- 0b0)
mem[X,0x0000000080000ECE] -> 0x0525
[1044] [M]: 0x0000000080000ECE (0x0525) c.addi x10, 0x9                             inst_185+4
x10 <- 0x000000000000000E

mem[X,0x0000000080000ED0] -> 0xB423
mem[X,0x0000000080000ED2] -> 0x4EA0
[1045] [M]: 0x0000000080000ED0 (0x4EA0B423) sd x10, 0x4e8(x1)                       inst_185+6
mem[W,0x00000000800056E0] <- 0x000000000000000E

clint mtime 0x000000000000020B (mip.MTI <- 0b1, mip.STI <- 0b0)
mem[X,0x0000000080000ED4] -> 0x0513
mem[X,0x0000000080000ED6] -> 0x0050
[1046] [M]: 0x0000000080000ED4 (0x00500513) addi x10, x0, 0x5                       inst_186+0
x10 <- 0x0000000000000005

mem[X,0x0000000080000ED8] -> 0x0501
[1047] [M]: 0x0000000080000ED8 (0x0501) c.addi x10, 0x0                             inst_186+4
x10 <- 0x0000000000000005

clint mtime 0x000000000000020C (mip.MTI <- 0b1, mip.STI <- 0b0)
mem[X,0x0000000080000EDA] -> 0xB823
mem[X,0x0000000080000EDC] -> 0x4EA0
[1048] [M]: 0x0000000080000EDA (0x4EA0B823) sd x10, 0x4f0(x1)                       inst_186+6
mem[W,0x00000000800056E8] <- 0x0000000000000005

mem[X,0x0000000080000EDE] -> 0x0513
mem[X,0x0000000080000EE0] -> 0x0050
[1049] [M]: 0x0000000080000EDE (0x00500513) addi x10, x0, 0x5                       inst_187+0
x10 <- 0x0000000000000005

clint mtime 0x000000000000020D (mip.MTI <- 0b1, mip.STI <- 0b0)
mem[X,0x0000000080000EE2] -> 0x052D
[1050] [M]: 0x0000000080000EE2 (0x052D) c.addi x10, 0xb                             inst_187+4
x10 <- 0x0000000000000010

mem[X,0x0000000080000EE4] -> 0xBC23
mem[X,0x0000000080000EE6] -> 0x4EA0
[1051] [M]: 0x0000000080000EE4 (0x4EA0BC23) sd x10, 0x4f8(x1)                       inst_187+6
mem[W,0x00000000800056F0] <- 0x0000000000000010

clint mtime 0x000000000000020E (mip.MTI <- 0b1, mip.STI <- 0b0)
mem[X,0x0000000080000EE8] -> 0x0513
mem[X,0x0000000080000EEA] -> 0x0050
[1052] [M]: 0x0000000080000EE8 (0x00500513) addi x10, x0, 0x5                       inst_188+0
x10 <- 0x0000000000000005

mem[X,0x0000000080000EEC] -> 0x051D
[1053] [M]: 0x0000000080000EEC (0x051D) c.addi x10, 0x7                             inst_188+4
x10 <- 0x000000000000000C

clint mtime 0x000000000000020F (mip.MTI <- 0b1, mip.STI <- 0b0)
mem[X,0x0000000080000EEE] -> 0xB023
mem[X,0x0000000080000EF0] -> 0x50A0
[1054] [M]: 0x0000000080000EEE (0x50A0B023) sd x10, 0x500(x1)                       inst_188+6
mem[W,0x00000000800056F8] <- 0x000000000000000C

mem[X,0x0000000080000EF2] -> 0x0513
mem[X,0x0000000080000EF4] -> 0x0050
[1055] [M]: 0x0000000080000EF2 (0x00500513) addi x10, x0, 0x5                       inst_189+0
x10 <- 0x0000000000000005

clint mtime 0x0000000000000210 (mip.MTI <- 0b1, mip.STI <- 0b0)
mem[X,0x0000000080000EF6] -> 0x157D
[1056] [M]: 0x0000000080000EF6 (0x157D) c.addi x10, -0x1                            inst_189+4
x10 <- 0x0000000000000004

mem[X,0x0000000080000EF8] -> 0xB423
mem[X,0x0000000080000EFA] -> 0x50A0
[1057] [M]: 0x0000000080000EF8 (0x50A0B423) sd x10, 0x508(x1)                       inst_189+6
mem[W,0x0000000080005700] <- 0x0000000000000004

clint mtime 0x0000000000000211 (mip.MTI <- 0b1, mip.STI <- 0b0)
mem[X,0x0000000080000EFC] -> 0x0513
mem[X,0x0000000080000EFE] -> 0x0050
[1058] [M]: 0x0000000080000EFC (0x00500513) addi x10, x0, 0x5                       inst_190+0
x10 <- 0x0000000000000005

mem[X,0x0000000080000F00] -> 0x1571
[1059] [M]: 0x0000000080000F00 (0x1571) c.addi x10, -0x4                            inst_190+4
x10 <- 0x0000000000000001

clint mtime 0x0000000000000212 (mip.MTI <- 0b1, mip.STI <- 0b0)
mem[X,0x0000000080000F02] -> 0xB823
mem[X,0x0000000080000F04] -> 0x50A0
[1060] [M]: 0x0000000080000F02 (0x50A0B823) sd x10, 0x510(x1)                       inst_190+6
mem[W,0x0000000080005708] <- 0x0000000000000001

mem[X,0x0000000080000F06] -> 0x3537
mem[X,0x0000000080000F08] -> 0x3333
[1061] [M]: 0x0000000080000F06 (0x33333537) lui x10, 0x33333                        inst_191+0
x10 <- 0x0000000033333000

clint mtime 0x0000000000000213 (mip.MTI <- 0b1, mip.STI <- 0b0)
mem[X,0x0000000080000F0A] -> 0x0513
mem[X,0x0000000080000F0C] -> 0x3335
[1062] [M]: 0x0000000080000F0A (0x33350513) addi x10, x10, 0x333                    inst_191+4
x10 <- 0x0000000033333333

mem[X,0x0000000080000F0E] -> 0x1513
mem[X,0x0000000080000F10] -> 0x00B5
[1063] [M]: 0x0000000080000F0E (0x00B51513) slli x10, x10, 0xb                      inst_191+8
x10 <- 0x0000019999999800

clint mtime 0x0000000000000214 (mip.MTI <- 0b1, mip.STI <- 0b0)
mem[X,0x0000000080000F12] -> 0x0513
mem[X,0x0000000080000F14] -> 0x1995
[1064] [M]: 0x0000000080000F12 (0x19950513) addi x10, x10, 0x199                    inst_191+12
x10 <- 0x0000019999999999

mem[X,0x0000000080000F16] -> 0x1513
mem[X,0x0000000080000F18] -> 0x00B5
[1065] [M]: 0x0000000080000F16 (0x00B51513) slli x10, x10, 0xb                      inst_191+16
x10 <- 0x000CCCCCCCCCC800

clint mtime 0x0000000000000215 (mip.MTI <- 0b1, mip.STI <- 0b0)
mem[X,0x0000000080000F1A] -> 0x0513
mem[X,0x0000000080000F1C] -> 0x4CC5
[1066] [M]: 0x0000000080000F1A (0x4CC50513) addi x10, x10, 0x4cc                    inst_191+20
x10 <- 0x000CCCCCCCCCCCCC

mem[X,0x0000000080000F1E] -> 0x1513
mem[X,0x0000000080000F20] -> 0x00A5
[1067] [M]: 0x0000000080000F1E (0x00A51513) slli x10, x10, 0xa                      inst_191+24
x10 <- 0x3333333333333000

clint mtime 0x0000000000000216 (mip.MTI <- 0b1, mip.STI <- 0b0)
mem[X,0x0000000080000F22] -> 0x0513
mem[X,0x0000000080000F24] -> 0x3335
[1068] [M]: 0x0000000080000F22 (0x33350513) addi x10, x10, 0x333                    inst_191+28
x10 <- 0x3333333333333333

mem[X,0x0000000080000F26] -> 0x050D
[1069] [M]: 0x0000000080000F26 (0x050D) c.addi x10, 0x3                             inst_191+32
x10 <- 0x3333333333333336

clint mtime 0x0000000000000217 (mip.MTI <- 0b1, mip.STI <- 0b0)
mem[X,0x0000000080000F28] -> 0xBC23
mem[X,0x0000000080000F2A] -> 0x50A0
[1070] [M]: 0x0000000080000F28 (0x50A0BC23) sd x10, 0x518(x1)                       inst_191+34
mem[W,0x0000000080005710] <- 0x3333333333333336

mem[X,0x0000000080000F2C] -> 0x3537
mem[X,0x0000000080000F2E] -> 0x3333
[1071] [M]: 0x0000000080000F2C (0x33333537) lui x10, 0x33333                        inst_192+0
x10 <- 0x0000000033333000

clint mtime 0x0000000000000218 (mip.MTI <- 0b1, mip.STI <- 0b0)
mem[X,0x0000000080000F30] -> 0x0513
mem[X,0x0000000080000F32] -> 0x3335
[1072] [M]: 0x0000000080000F30 (0x33350513) addi x10, x10, 0x333                    inst_192+4
x10 <- 0x0000000033333333

mem[X,0x0000000080000F34] -> 0x1513
mem[X,0x0000000080000F36] -> 0x00B5
[1073] [M]: 0x0000000080000F34 (0x00B51513) slli x10, x10, 0xb                      inst_192+8
x10 <- 0x0000019999999800

clint mtime 0x0000000000000219 (mip.MTI <- 0b1, mip.STI <- 0b0)
mem[X,0x0000000080000F38] -> 0x0513
mem[X,0x0000000080000F3A] -> 0x1995
[1074] [M]: 0x0000000080000F38 (0x19950513) addi x10, x10, 0x199                    inst_192+12
x10 <- 0x0000019999999999

mem[X,0x0000000080000F3C] -> 0x1513
mem[X,0x0000000080000F3E] -> 0x00B5
[1075] [M]: 0x0000000080000F3C (0x00B51513) slli x10, x10, 0xb                      inst_192+16
x10 <- 0x000CCCCCCCCCC800

clint mtime 0x000000000000021A (mip.MTI <- 0b1, mip.STI <- 0b0)
mem[X,0x0000000080000F40] -> 0x0513
mem[X,0x0000000080000F42] -> 0x4CC5
[1076] [M]: 0x0000000080000F40 (0x4CC50513) addi x10, x10, 0x4cc                    inst_192+20
x10 <- 0x000CCCCCCCCCCCCC

mem[X,0x0000000080000F44] -> 0x1513
mem[X,0x0000000080000F46] -> 0x00A5
[1077] [M]: 0x0000000080000F44 (0x00A51513) slli x10, x10, 0xa                      inst_192+24
x10 <- 0x3333333333333000

clint mtime 0x000000000000021B (mip.MTI <- 0b1, mip.STI <- 0b0)
mem[X,0x0000000080000F48] -> 0x0513
mem[X,0x0000000080000F4A] -> 0x3335
[1078] [M]: 0x0000000080000F48 (0x33350513) addi x10, x10, 0x333                    inst_192+28
x10 <- 0x3333333333333333

mem[X,0x0000000080000F4C] -> 0x0515
[1079] [M]: 0x0000000080000F4C (0x0515) c.addi x10, 0x5                             inst_192+32
x10 <- 0x3333333333333338

clint mtime 0x000000000000021C (mip.MTI <- 0b1, mip.STI <- 0b0)
mem[X,0x0000000080000F4E] -> 0xB023
mem[X,0x0000000080000F50] -> 0x52A0
[1080] [M]: 0x0000000080000F4E (0x52A0B023) sd x10, 0x520(x1)                       inst_192+34
mem[W,0x0000000080005718] <- 0x3333333333333338

mem[X,0x0000000080000F52] -> 0x3537
mem[X,0x0000000080000F54] -> 0x3333
[1081] [M]: 0x0000000080000F52 (0x33333537) lui x10, 0x33333                        inst_193+0
x10 <- 0x0000000033333000

clint mtime 0x000000000000021D (mip.MTI <- 0b1, mip.STI <- 0b0)
mem[X,0x0000000080000F56] -> 0x0513
mem[X,0x0000000080000F58] -> 0x3335
[1082] [M]: 0x0000000080000F56 (0x33350513) addi x10, x10, 0x333                    inst_193+4
x10 <- 0x0000000033333333

mem[X,0x0000000080000F5A] -> 0x1513
mem[X,0x0000000080000F5C] -> 0x00B5
[1083] [M]: 0x0000000080000F5A (0x00B51513) slli x10, x10, 0xb                      inst_193+8
x10 <- 0x0000019999999800

clint mtime 0x000000000000021E (mip.MTI <- 0b1, mip.STI <- 0b0)
mem[X,0x0000000080000F5E] -> 0x0513
mem[X,0x0000000080000F60] -> 0x1995
[1084] [M]: 0x0000000080000F5E (0x19950513) addi x10, x10, 0x199                    inst_193+12
x10 <- 0x0000019999999999

mem[X,0x0000000080000F62] -> 0x1513
mem[X,0x0000000080000F64] -> 0x00B5
[1085] [M]: 0x0000000080000F62 (0x00B51513) slli x10, x10, 0xb                      inst_193+16
x10 <- 0x000CCCCCCCCCC800

clint mtime 0x000000000000021F (mip.MTI <- 0b1, mip.STI <- 0b0)
mem[X,0x0000000080000F66] -> 0x0513
mem[X,0x0000000080000F68] -> 0x4CC5
[1086] [M]: 0x0000000080000F66 (0x4CC50513) addi x10, x10, 0x4cc                    inst_193+20
x10 <- 0x000CCCCCCCCCCCCC

mem[X,0x0000000080000F6A] -> 0x1513
mem[X,0x0000000080000F6C] -> 0x00A5
[1087] [M]: 0x0000000080000F6A (0x00A51513) slli x10, x10, 0xa                      inst_193+24
x10 <- 0x3333333333333000

clint mtime 0x0000000000000220 (mip.MTI <- 0b1, mip.STI <- 0b0)
mem[X,0x0000000080000F6E] -> 0x0513
mem[X,0x0000000080000F70] -> 0x3335
[1088] [M]: 0x0000000080000F6E (0x33350513) addi x10, x10, 0x333                    inst_193+28
x10 <- 0x3333333333333333

mem[X,0x0000000080000F72] -> 0x0529
[1089] [M]: 0x0000000080000F72 (0x0529) c.addi x10, 0xa                             inst_193+32
x10 <- 0x333333333333333D

clint mtime 0x0000000000000221 (mip.MTI <- 0b1, mip.STI <- 0b0)
mem[X,0x0000000080000F74] -> 0xB423
mem[X,0x0000000080000F76] -> 0x52A0
[1090] [M]: 0x0000000080000F74 (0x52A0B423) sd x10, 0x528(x1)                       inst_193+34
mem[W,0x0000000080005720] <- 0x333333333333333D

mem[X,0x0000000080000F78] -> 0x3537
mem[X,0x0000000080000F7A] -> 0x3333
[1091] [M]: 0x0000000080000F78 (0x33333537) lui x10, 0x33333                        inst_194+0
x10 <- 0x0000000033333000

clint mtime 0x0000000000000222 (mip.MTI <- 0b1, mip.STI <- 0b0)
mem[X,0x0000000080000F7C] -> 0x0513
mem[X,0x0000000080000F7E] -> 0x3335
[1092] [M]: 0x0000000080000F7C (0x33350513) addi x10, x10, 0x333                    inst_194+4
x10 <- 0x0000000033333333

mem[X,0x0000000080000F80] -> 0x1513
mem[X,0x0000000080000F82] -> 0x00B5
[1093] [M]: 0x0000000080000F80 (0x00B51513) slli x10, x10, 0xb                      inst_194+8
x10 <- 0x0000019999999800

clint mtime 0x0000000000000223 (mip.MTI <- 0b1, mip.STI <- 0b0)
mem[X,0x0000000080000F84] -> 0x0513
mem[X,0x0000000080000F86] -> 0x1995
[1094] [M]: 0x0000000080000F84 (0x19950513) addi x10, x10, 0x199                    inst_194+12
x10 <- 0x0000019999999999

mem[X,0x0000000080000F88] -> 0x1513
mem[X,0x0000000080000F8A] -> 0x00B5
[1095] [M]: 0x0000000080000F88 (0x00B51513) slli x10, x10, 0xb                      inst_194+16
x10 <- 0x000CCCCCCCCCC800

clint mtime 0x0000000000000224 (mip.MTI <- 0b1, mip.STI <- 0b0)
mem[X,0x0000000080000F8C] -> 0x0513
mem[X,0x0000000080000F8E] -> 0x4CC5
[1096] [M]: 0x0000000080000F8C (0x4CC50513) addi x10, x10, 0x4cc                    inst_194+20
x10 <- 0x000CCCCCCCCCCCCC

mem[X,0x0000000080000F90] -> 0x1513
mem[X,0x0000000080000F92] -> 0x00A5
[1097] [M]: 0x0000000080000F90 (0x00A51513) slli x10, x10, 0xa                      inst_194+24
x10 <- 0x3333333333333000

clint mtime 0x0000000000000225 (mip.MTI <- 0b1, mip.STI <- 0b0)
mem[X,0x0000000080000F94] -> 0x0513
mem[X,0x0000000080000F96] -> 0x3335
[1098] [M]: 0x0000000080000F94 (0x33350513) addi x10, x10, 0x333                    inst_194+28
x10 <- 0x3333333333333333

mem[X,0x0000000080000F98] -> 0x0519
[1099] [M]: 0x0000000080000F98 (0x0519) c.addi x10, 0x6                             inst_194+32
x10 <- 0x3333333333333339

clint mtime 0x0000000000000226 (mip.MTI <- 0b1, mip.STI <- 0b0)
mem[X,0x0000000080000F9A] -> 0xB823
mem[X,0x0000000080000F9C] -> 0x52A0
[1100] [M]: 0x0000000080000F9A (0x52A0B823) sd x10, 0x530(x1)                       inst_194+34
mem[W,0x0000000080005728] <- 0x3333333333333339

mem[X,0x0000000080000F9E] -> 0x3537
mem[X,0x0000000080000FA0] -> 0x3333
[1101] [M]: 0x0000000080000F9E (0x33333537) lui x10, 0x33333                        inst_195+0
x10 <- 0x0000000033333000

clint mtime 0x0000000000000227 (mip.MTI <- 0b1, mip.STI <- 0b0)
mem[X,0x0000000080000FA2] -> 0x0513
mem[X,0x0000000080000FA4] -> 0x3335
[1102] [M]: 0x0000000080000FA2 (0x33350513) addi x10, x10, 0x333                    inst_195+4
x10 <- 0x0000000033333333

mem[X,0x0000000080000FA6] -> 0x1513
mem[X,0x0000000080000FA8] -> 0x00B5
[1103] [M]: 0x0000000080000FA6 (0x00B51513) slli x10, x10, 0xb                      inst_195+8
x10 <- 0x0000019999999800

clint mtime 0x0000000000000228 (mip.MTI <- 0b1, mip.STI <- 0b0)
mem[X,0x0000000080000FAA] -> 0x0513
mem[X,0x0000000080000FAC] -> 0x1995
[1104] [M]: 0x0000000080000FAA (0x19950513) addi x10, x10, 0x199                    inst_195+12
x10 <- 0x0000019999999999

mem[X,0x0000000080000FAE] -> 0x1513
mem[X,0x0000000080000FB0] -> 0x00B5
[1105] [M]: 0x0000000080000FAE (0x00B51513) slli x10, x10, 0xb                      inst_195+16
x10 <- 0x000CCCCCCCCCC800

clint mtime 0x0000000000000229 (mip.MTI <- 0b1, mip.STI <- 0b0)
mem[X,0x0000000080000FB2] -> 0x0513
mem[X,0x0000000080000FB4] -> 0x4CC5
[1106] [M]: 0x0000000080000FB2 (0x4CC50513) addi x10, x10, 0x4cc                    inst_195+20
x10 <- 0x000CCCCCCCCCCCCC

mem[X,0x0000000080000FB6] -> 0x1513
mem[X,0x0000000080000FB8] -> 0x00A5
[1107] [M]: 0x0000000080000FB6 (0x00A51513) slli x10, x10, 0xa                      inst_195+24
x10 <- 0x3333333333333000

clint mtime 0x000000000000022A (mip.MTI <- 0b1, mip.STI <- 0b0)
mem[X,0x0000000080000FBA] -> 0x0513
mem[X,0x0000000080000FBC] -> 0x3335
[1108] [M]: 0x0000000080000FBA (0x33350513) addi x10, x10, 0x333                    inst_195+28
x10 <- 0x3333333333333333

mem[X,0x0000000080000FBE] -> 0x1579
[1109] [M]: 0x0000000080000FBE (0x1579) c.addi x10, -0x2                            inst_195+32
x10 <- 0x3333333333333331

clint mtime 0x000000000000022B (mip.MTI <- 0b1, mip.STI <- 0b0)
mem[X,0x0000000080000FC0] -> 0xBC23
mem[X,0x0000000080000FC2] -> 0x52A0
[1110] [M]: 0x0000000080000FC0 (0x52A0BC23) sd x10, 0x538(x1)                       inst_195+34
mem[W,0x0000000080005730] <- 0x3333333333333331

mem[X,0x0000000080000FC4] -> 0x3537
mem[X,0x0000000080000FC6] -> 0x3333
[1111] [M]: 0x0000000080000FC4 (0x33333537) lui x10, 0x33333                        inst_196+0
x10 <- 0x0000000033333000

clint mtime 0x000000000000022C (mip.MTI <- 0b1, mip.STI <- 0b0)
mem[X,0x0000000080000FC8] -> 0x0513
mem[X,0x0000000080000FCA] -> 0x3335
[1112] [M]: 0x0000000080000FC8 (0x33350513) addi x10, x10, 0x333                    inst_196+4
x10 <- 0x0000000033333333

mem[X,0x0000000080000FCC] -> 0x1513
mem[X,0x0000000080000FCE] -> 0x00B5
[1113] [M]: 0x0000000080000FCC (0x00B51513) slli x10, x10, 0xb                      inst_196+8
x10 <- 0x0000019999999800

clint mtime 0x000000000000022D (mip.MTI <- 0b1, mip.STI <- 0b0)
mem[X,0x0000000080000FD0] -> 0x0513
mem[X,0x0000000080000FD2] -> 0x1995
[1114] [M]: 0x0000000080000FD0 (0x19950513) addi x10, x10, 0x199                    inst_196+12
x10 <- 0x0000019999999999

mem[X,0x0000000080000FD4] -> 0x1513
mem[X,0x0000000080000FD6] -> 0x00B5
[1115] [M]: 0x0000000080000FD4 (0x00B51513) slli x10, x10, 0xb                      inst_196+16
x10 <- 0x000CCCCCCCCCC800

clint mtime 0x000000000000022E (mip.MTI <- 0b1, mip.STI <- 0b0)
mem[X,0x0000000080000FD8] -> 0x0513
mem[X,0x0000000080000FDA] -> 0x4CC5
[1116] [M]: 0x0000000080000FD8 (0x4CC50513) addi x10, x10, 0x4cc                    inst_196+20
x10 <- 0x000CCCCCCCCCCCCC

mem[X,0x0000000080000FDC] -> 0x1513
mem[X,0x0000000080000FDE] -> 0x00A5
[1117] [M]: 0x0000000080000FDC (0x00A51513) slli x10, x10, 0xa                      inst_196+24
x10 <- 0x3333333333333000

clint mtime 0x000000000000022F (mip.MTI <- 0b1, mip.STI <- 0b0)
mem[X,0x0000000080000FE0] -> 0x0513
mem[X,0x0000000080000FE2] -> 0x3335
[1118] [M]: 0x0000000080000FE0 (0x33350513) addi x10, x10, 0x333                    inst_196+28
x10 <- 0x3333333333333333

mem[X,0x0000000080000FE4] -> 0x156D
[1119] [M]: 0x0000000080000FE4 (0x156D) c.addi x10, -0x5                            inst_196+32
x10 <- 0x333333333333332E

clint mtime 0x0000000000000230 (mip.MTI <- 0b1, mip.STI <- 0b0)
mem[X,0x0000000080000FE6] -> 0xB023
mem[X,0x0000000080000FE8] -> 0x54A0
[1120] [M]: 0x0000000080000FE6 (0x54A0B023) sd x10, 0x540(x1)                       inst_196+34
mem[W,0x0000000080005738] <- 0x333333333333332E

mem[X,0x0000000080000FEA] -> 0x3537
mem[X,0x0000000080000FEC] -> 0x3333
[1121] [M]: 0x0000000080000FEA (0x33333537) lui x10, 0x33333                        inst_197+0
x10 <- 0x0000000033333000

clint mtime 0x0000000000000231 (mip.MTI <- 0b1, mip.STI <- 0b0)
mem[X,0x0000000080000FEE] -> 0x0513
mem[X,0x0000000080000FF0] -> 0x3335
[1122] [M]: 0x0000000080000FEE (0x33350513) addi x10, x10, 0x333                    inst_197+4
x10 <- 0x0000000033333333

mem[X,0x0000000080000FF2] -> 0x1513
mem[X,0x0000000080000FF4] -> 0x00B5
[1123] [M]: 0x0000000080000FF2 (0x00B51513) slli x10, x10, 0xb                      inst_197+8
x10 <- 0x0000019999999800

clint mtime 0x0000000000000232 (mip.MTI <- 0b1, mip.STI <- 0b0)
mem[X,0x0000000080000FF6] -> 0x0513
mem[X,0x0000000080000FF8] -> 0x1995
[1124] [M]: 0x0000000080000FF6 (0x19950513) addi x10, x10, 0x199                    inst_197+12
x10 <- 0x0000019999999999

mem[X,0x0000000080000FFA] -> 0x1513
mem[X,0x0000000080000FFC] -> 0x00B5
[1125] [M]: 0x0000000080000FFA (0x00B51513) slli x10, x10, 0xb                      inst_197+16
x10 <- 0x000CCCCCCCCCC800

clint mtime 0x0000000000000233 (mip.MTI <- 0b1, mip.STI <- 0b0)
mem[X,0x0000000080000FFE] -> 0x0513
mem[X,0x0000000080001000] -> 0x4CC5
[1126] [M]: 0x0000000080000FFE (0x4CC50513) addi x10, x10, 0x4cc                    inst_197+20
x10 <- 0x000CCCCCCCCCCCCC

mem[X,0x0000000080001002] -> 0x1513
mem[X,0x0000000080001004] -> 0x00A5
[1127] [M]: 0x0000000080001002 (0x00A51513) slli x10, x10, 0xa                      inst_197+24
x10 <- 0x3333333333333000

clint mtime 0x0000000000000234 (mip.MTI <- 0b1, mip.STI <- 0b0)
mem[X,0x0000000080001006] -> 0x0513
mem[X,0x0000000080001008] -> 0x3335
[1128] [M]: 0x0000000080001006 (0x33350513) addi x10, x10, 0x333                    inst_197+28
x10 <- 0x3333333333333333

mem[X,0x000000008000100A] -> 0x0509
[1129] [M]: 0x000000008000100A (0x0509) c.addi x10, 0x2                             inst_197+32
x10 <- 0x3333333333333335

clint mtime 0x0000000000000235 (mip.MTI <- 0b1, mip.STI <- 0b0)
mem[X,0x000000008000100C] -> 0xB423
mem[X,0x000000008000100E] -> 0x54A0
[1130] [M]: 0x000000008000100C (0x54A0B423) sd x10, 0x548(x1)                       inst_197+34
mem[W,0x0000000080005740] <- 0x3333333333333335

mem[X,0x0000000080001010] -> 0x3537
mem[X,0x0000000080001012] -> 0x3333
[1131] [M]: 0x0000000080001010 (0x33333537) lui x10, 0x33333                        inst_198+0
x10 <- 0x0000000033333000

clint mtime 0x0000000000000236 (mip.MTI <- 0b1, mip.STI <- 0b0)
mem[X,0x0000000080001014] -> 0x0513
mem[X,0x0000000080001016] -> 0x3335
[1132] [M]: 0x0000000080001014 (0x33350513) addi x10, x10, 0x333                    inst_198+4
x10 <- 0x0000000033333333

mem[X,0x0000000080001018] -> 0x1513
mem[X,0x000000008000101A] -> 0x00B5
[1133] [M]: 0x0000000080001018 (0x00B51513) slli x10, x10, 0xb                      inst_198+8
x10 <- 0x0000019999999800

clint mtime 0x0000000000000237 (mip.MTI <- 0b1, mip.STI <- 0b0)
mem[X,0x000000008000101C] -> 0x0513
mem[X,0x000000008000101E] -> 0x1995
[1134] [M]: 0x000000008000101C (0x19950513) addi x10, x10, 0x199                    inst_198+12
x10 <- 0x0000019999999999

mem[X,0x0000000080001020] -> 0x1513
mem[X,0x0000000080001022] -> 0x00B5
[1135] [M]: 0x0000000080001020 (0x00B51513) slli x10, x10, 0xb                      inst_198+16
x10 <- 0x000CCCCCCCCCC800

clint mtime 0x0000000000000238 (mip.MTI <- 0b1, mip.STI <- 0b0)
mem[X,0x0000000080001024] -> 0x0513
mem[X,0x0000000080001026] -> 0x4CC5
[1136] [M]: 0x0000000080001024 (0x4CC50513) addi x10, x10, 0x4cc                    inst_198+20
x10 <- 0x000CCCCCCCCCCCCC

mem[X,0x0000000080001028] -> 0x1513
mem[X,0x000000008000102A] -> 0x00A5
[1137] [M]: 0x0000000080001028 (0x00A51513) slli x10, x10, 0xa                      inst_198+24
x10 <- 0x3333333333333000

clint mtime 0x0000000000000239 (mip.MTI <- 0b1, mip.STI <- 0b0)
mem[X,0x000000008000102C] -> 0x0513
mem[X,0x000000008000102E] -> 0x3335
[1138] [M]: 0x000000008000102C (0x33350513) addi x10, x10, 0x333                    inst_198+28
x10 <- 0x3333333333333333

mem[X,0x0000000080001030] -> 0x0511
[1139] [M]: 0x0000000080001030 (0x0511) c.addi x10, 0x4                             inst_198+32
x10 <- 0x3333333333333337

clint mtime 0x000000000000023A (mip.MTI <- 0b1, mip.STI <- 0b0)
mem[X,0x0000000080001032] -> 0xB823
mem[X,0x0000000080001034] -> 0x54A0
[1140] [M]: 0x0000000080001032 (0x54A0B823) sd x10, 0x550(x1)                       inst_198+34
mem[W,0x0000000080005748] <- 0x3333333333333337

mem[X,0x0000000080001036] -> 0x3537
mem[X,0x0000000080001038] -> 0x3333
[1141] [M]: 0x0000000080001036 (0x33333537) lui x10, 0x33333                        inst_199+0
x10 <- 0x0000000033333000

clint mtime 0x000000000000023B (mip.MTI <- 0b1, mip.STI <- 0b0)
mem[X,0x000000008000103A] -> 0x0513
mem[X,0x000000008000103C] -> 0x3335
[1142] [M]: 0x000000008000103A (0x33350513) addi x10, x10, 0x333                    inst_199+4
x10 <- 0x0000000033333333

mem[X,0x000000008000103E] -> 0x1513
mem[X,0x0000000080001040] -> 0x00B5
[1143] [M]: 0x000000008000103E (0x00B51513) slli x10, x10, 0xb                      inst_199+8
x10 <- 0x0000019999999800

clint mtime 0x000000000000023C (mip.MTI <- 0b1, mip.STI <- 0b0)
mem[X,0x0000000080001042] -> 0x0513
mem[X,0x0000000080001044] -> 0x1995
[1144] [M]: 0x0000000080001042 (0x19950513) addi x10, x10, 0x199                    inst_199+12
x10 <- 0x0000019999999999

mem[X,0x0000000080001046] -> 0x1513
mem[X,0x0000000080001048] -> 0x00B5
[1145] [M]: 0x0000000080001046 (0x00B51513) slli x10, x10, 0xb                      inst_199+16
x10 <- 0x000CCCCCCCCCC800

clint mtime 0x000000000000023D (mip.MTI <- 0b1, mip.STI <- 0b0)
mem[X,0x000000008000104A] -> 0x0513
mem[X,0x000000008000104C] -> 0x4CC5
[1146] [M]: 0x000000008000104A (0x4CC50513) addi x10, x10, 0x4cc                    inst_199+20
x10 <- 0x000CCCCCCCCCCCCC

mem[X,0x000000008000104E] -> 0x1513
mem[X,0x0000000080001050] -> 0x00A5
[1147] [M]: 0x000000008000104E (0x00A51513) slli x10, x10, 0xa                      inst_199+24
x10 <- 0x3333333333333000

clint mtime 0x000000000000023E (mip.MTI <- 0b1, mip.STI <- 0b0)
mem[X,0x0000000080001052] -> 0x0513
mem[X,0x0000000080001054] -> 0x3335
[1148] [M]: 0x0000000080001052 (0x33350513) addi x10, x10, 0x333                    inst_199+28
x10 <- 0x3333333333333333

mem[X,0x0000000080001056] -> 0x0525
[1149] [M]: 0x0000000080001056 (0x0525) c.addi x10, 0x9                             inst_199+32
x10 <- 0x333333333333333C

clint mtime 0x000000000000023F (mip.MTI <- 0b1, mip.STI <- 0b0)
mem[X,0x0000000080001058] -> 0xBC23
mem[X,0x000000008000105A] -> 0x54A0
[1150] [M]: 0x0000000080001058 (0x54A0BC23) sd x10, 0x558(x1)                       inst_199+34
mem[W,0x0000000080005750] <- 0x333333333333333C

mem[X,0x000000008000105C] -> 0x3537
mem[X,0x000000008000105E] -> 0x3333
[1151] [M]: 0x000000008000105C (0x33333537) lui x10, 0x33333                        inst_200+0
x10 <- 0x0000000033333000

clint mtime 0x0000000000000240 (mip.MTI <- 0b1, mip.STI <- 0b0)
mem[X,0x0000000080001060] -> 0x0513
mem[X,0x0000000080001062] -> 0x3335
[1152] [M]: 0x0000000080001060 (0x33350513) addi x10, x10, 0x333                    inst_200+4
x10 <- 0x0000000033333333

mem[X,0x0000000080001064] -> 0x1513
mem[X,0x0000000080001066] -> 0x00B5
[1153] [M]: 0x0000000080001064 (0x00B51513) slli x10, x10, 0xb                      inst_200+8
x10 <- 0x0000019999999800

clint mtime 0x0000000000000241 (mip.MTI <- 0b1, mip.STI <- 0b0)
mem[X,0x0000000080001068] -> 0x0513
mem[X,0x000000008000106A] -> 0x1995
[1154] [M]: 0x0000000080001068 (0x19950513) addi x10, x10, 0x199                    inst_200+12
x10 <- 0x0000019999999999

mem[X,0x000000008000106C] -> 0x1513
mem[X,0x000000008000106E] -> 0x00B5
[1155] [M]: 0x000000008000106C (0x00B51513) slli x10, x10, 0xb                      inst_200+16
x10 <- 0x000CCCCCCCCCC800

clint mtime 0x0000000000000242 (mip.MTI <- 0b1, mip.STI <- 0b0)
mem[X,0x0000000080001070] -> 0x0513
mem[X,0x0000000080001072] -> 0x4CC5
[1156] [M]: 0x0000000080001070 (0x4CC50513) addi x10, x10, 0x4cc                    inst_200+20
x10 <- 0x000CCCCCCCCCCCCC

mem[X,0x0000000080001074] -> 0x1513
mem[X,0x0000000080001076] -> 0x00A5
[1157] [M]: 0x0000000080001074 (0x00A51513) slli x10, x10, 0xa                      inst_200+24
x10 <- 0x3333333333333000

clint mtime 0x0000000000000243 (mip.MTI <- 0b1, mip.STI <- 0b0)
mem[X,0x0000000080001078] -> 0x0513
mem[X,0x000000008000107A] -> 0x3335
[1158] [M]: 0x0000000080001078 (0x33350513) addi x10, x10, 0x333                    inst_200+28
x10 <- 0x3333333333333333

mem[X,0x000000008000107C] -> 0x0501
[1159] [M]: 0x000000008000107C (0x0501) c.addi x10, 0x0                             inst_200+32
x10 <- 0x3333333333333333

clint mtime 0x0000000000000244 (mip.MTI <- 0b1, mip.STI <- 0b0)
mem[X,0x000000008000107E] -> 0xB023
mem[X,0x0000000080001080] -> 0x56A0
[1160] [M]: 0x000000008000107E (0x56A0B023) sd x10, 0x560(x1)                       inst_200+34
mem[W,0x0000000080005758] <- 0x3333333333333333

mem[X,0x0000000080001082] -> 0x3537
mem[X,0x0000000080001084] -> 0x3333
[1161] [M]: 0x0000000080001082 (0x33333537) lui x10, 0x33333                        inst_201+0
x10 <- 0x0000000033333000

clint mtime 0x0000000000000245 (mip.MTI <- 0b1, mip.STI <- 0b0)
mem[X,0x0000000080001086] -> 0x0513
mem[X,0x0000000080001088] -> 0x3335
[1162] [M]: 0x0000000080001086 (0x33350513) addi x10, x10, 0x333                    inst_201+4
x10 <- 0x0000000033333333

mem[X,0x000000008000108A] -> 0x1513
mem[X,0x000000008000108C] -> 0x00B5
[1163] [M]: 0x000000008000108A (0x00B51513) slli x10, x10, 0xb                      inst_201+8
x10 <- 0x0000019999999800

clint mtime 0x0000000000000246 (mip.MTI <- 0b1, mip.STI <- 0b0)
mem[X,0x000000008000108E] -> 0x0513
mem[X,0x0000000080001090] -> 0x1995
[1164] [M]: 0x000000008000108E (0x19950513) addi x10, x10, 0x199                    inst_201+12
x10 <- 0x0000019999999999

mem[X,0x0000000080001092] -> 0x1513
mem[X,0x0000000080001094] -> 0x00B5
[1165] [M]: 0x0000000080001092 (0x00B51513) slli x10, x10, 0xb                      inst_201+16
x10 <- 0x000CCCCCCCCCC800

clint mtime 0x0000000000000247 (mip.MTI <- 0b1, mip.STI <- 0b0)
mem[X,0x0000000080001096] -> 0x0513
mem[X,0x0000000080001098] -> 0x4CC5
[1166] [M]: 0x0000000080001096 (0x4CC50513) addi x10, x10, 0x4cc                    inst_201+20
x10 <- 0x000CCCCCCCCCCCCC

mem[X,0x000000008000109A] -> 0x1513
mem[X,0x000000008000109C] -> 0x00A5
[1167] [M]: 0x000000008000109A (0x00A51513) slli x10, x10, 0xa                      inst_201+24
x10 <- 0x3333333333333000

clint mtime 0x0000000000000248 (mip.MTI <- 0b1, mip.STI <- 0b0)
mem[X,0x000000008000109E] -> 0x0513
mem[X,0x00000000800010A0] -> 0x3335
[1168] [M]: 0x000000008000109E (0x33350513) addi x10, x10, 0x333                    inst_201+28
x10 <- 0x3333333333333333

mem[X,0x00000000800010A2] -> 0x052D
[1169] [M]: 0x00000000800010A2 (0x052D) c.addi x10, 0xb                             inst_201+32
x10 <- 0x333333333333333E

clint mtime 0x0000000000000249 (mip.MTI <- 0b1, mip.STI <- 0b0)
mem[X,0x00000000800010A4] -> 0xB423
mem[X,0x00000000800010A6] -> 0x56A0
[1170] [M]: 0x00000000800010A4 (0x56A0B423) sd x10, 0x568(x1)                       inst_201+34
mem[W,0x0000000080005760] <- 0x333333333333333E

mem[X,0x00000000800010A8] -> 0x3537
mem[X,0x00000000800010AA] -> 0x3333
[1171] [M]: 0x00000000800010A8 (0x33333537) lui x10, 0x33333                        inst_202+0
x10 <- 0x0000000033333000

clint mtime 0x000000000000024A (mip.MTI <- 0b1, mip.STI <- 0b0)
mem[X,0x00000000800010AC] -> 0x0513
mem[X,0x00000000800010AE] -> 0x3335
[1172] [M]: 0x00000000800010AC (0x33350513) addi x10, x10, 0x333                    inst_202+4
x10 <- 0x0000000033333333

mem[X,0x00000000800010B0] -> 0x1513
mem[X,0x00000000800010B2] -> 0x00B5
[1173] [M]: 0x00000000800010B0 (0x00B51513) slli x10, x10, 0xb                      inst_202+8
x10 <- 0x0000019999999800

clint mtime 0x000000000000024B (mip.MTI <- 0b1, mip.STI <- 0b0)
mem[X,0x00000000800010B4] -> 0x0513
mem[X,0x00000000800010B6] -> 0x1995
[1174] [M]: 0x00000000800010B4 (0x19950513) addi x10, x10, 0x199                    inst_202+12
x10 <- 0x0000019999999999

mem[X,0x00000000800010B8] -> 0x1513
mem[X,0x00000000800010BA] -> 0x00B5
[1175] [M]: 0x00000000800010B8 (0x00B51513) slli x10, x10, 0xb                      inst_202+16
x10 <- 0x000CCCCCCCCCC800

clint mtime 0x000000000000024C (mip.MTI <- 0b1, mip.STI <- 0b0)
mem[X,0x00000000800010BC] -> 0x0513
mem[X,0x00000000800010BE] -> 0x4CC5
[1176] [M]: 0x00000000800010BC (0x4CC50513) addi x10, x10, 0x4cc                    inst_202+20
x10 <- 0x000CCCCCCCCCCCCC

mem[X,0x00000000800010C0] -> 0x1513
mem[X,0x00000000800010C2] -> 0x00A5
[1177] [M]: 0x00000000800010C0 (0x00A51513) slli x10, x10, 0xa                      inst_202+24
x10 <- 0x3333333333333000

clint mtime 0x000000000000024D (mip.MTI <- 0b1, mip.STI <- 0b0)
mem[X,0x00000000800010C4] -> 0x0513
mem[X,0x00000000800010C6] -> 0x3335
[1178] [M]: 0x00000000800010C4 (0x33350513) addi x10, x10, 0x333                    inst_202+28
x10 <- 0x3333333333333333

mem[X,0x00000000800010C8] -> 0x051D
[1179] [M]: 0x00000000800010C8 (0x051D) c.addi x10, 0x7                             inst_202+32
x10 <- 0x333333333333333A

clint mtime 0x000000000000024E (mip.MTI <- 0b1, mip.STI <- 0b0)
mem[X,0x00000000800010CA] -> 0xB823
mem[X,0x00000000800010CC] -> 0x56A0
[1180] [M]: 0x00000000800010CA (0x56A0B823) sd x10, 0x570(x1)                       inst_202+34
mem[W,0x0000000080005768] <- 0x333333333333333A

mem[X,0x00000000800010CE] -> 0x3537
mem[X,0x00000000800010D0] -> 0x3333
[1181] [M]: 0x00000000800010CE (0x33333537) lui x10, 0x33333                        inst_203+0
x10 <- 0x0000000033333000

clint mtime 0x000000000000024F (mip.MTI <- 0b1, mip.STI <- 0b0)
mem[X,0x00000000800010D2] -> 0x0513
mem[X,0x00000000800010D4] -> 0x3335
[1182] [M]: 0x00000000800010D2 (0x33350513) addi x10, x10, 0x333                    inst_203+4
x10 <- 0x0000000033333333

mem[X,0x00000000800010D6] -> 0x1513
mem[X,0x00000000800010D8] -> 0x00B5
[1183] [M]: 0x00000000800010D6 (0x00B51513) slli x10, x10, 0xb                      inst_203+8
x10 <- 0x0000019999999800

clint mtime 0x0000000000000250 (mip.MTI <- 0b1, mip.STI <- 0b0)
mem[X,0x00000000800010DA] -> 0x0513
mem[X,0x00000000800010DC] -> 0x1995
[1184] [M]: 0x00000000800010DA (0x19950513) addi x10, x10, 0x199                    inst_203+12
x10 <- 0x0000019999999999

mem[X,0x00000000800010DE] -> 0x1513
mem[X,0x00000000800010E0] -> 0x00B5
[1185] [M]: 0x00000000800010DE (0x00B51513) slli x10, x10, 0xb                      inst_203+16
x10 <- 0x000CCCCCCCCCC800

clint mtime 0x0000000000000251 (mip.MTI <- 0b1, mip.STI <- 0b0)
mem[X,0x00000000800010E2] -> 0x0513
mem[X,0x00000000800010E4] -> 0x4CC5
[1186] [M]: 0x00000000800010E2 (0x4CC50513) addi x10, x10, 0x4cc                    inst_203+20
x10 <- 0x000CCCCCCCCCCCCC

mem[X,0x00000000800010E6] -> 0x1513
mem[X,0x00000000800010E8] -> 0x00A5
[1187] [M]: 0x00000000800010E6 (0x00A51513) slli x10, x10, 0xa                      inst_203+24
x10 <- 0x3333333333333000

clint mtime 0x0000000000000252 (mip.MTI <- 0b1, mip.STI <- 0b0)
mem[X,0x00000000800010EA] -> 0x0513
mem[X,0x00000000800010EC] -> 0x3335
[1188] [M]: 0x00000000800010EA (0x33350513) addi x10, x10, 0x333                    inst_203+28
x10 <- 0x3333333333333333

mem[X,0x00000000800010EE] -> 0x157D
[1189] [M]: 0x00000000800010EE (0x157D) c.addi x10, -0x1                            inst_203+32
x10 <- 0x3333333333333332

clint mtime 0x0000000000000253 (mip.MTI <- 0b1, mip.STI <- 0b0)
mem[X,0x00000000800010F0] -> 0xBC23
mem[X,0x00000000800010F2] -> 0x56A0
[1190] [M]: 0x00000000800010F0 (0x56A0BC23) sd x10, 0x578(x1)                       inst_203+34
mem[W,0x0000000080005770] <- 0x3333333333333332

mem[X,0x00000000800010F4] -> 0x3537
mem[X,0x00000000800010F6] -> 0x3333
[1191] [M]: 0x00000000800010F4 (0x33333537) lui x10, 0x33333                        inst_204+0
x10 <- 0x0000000033333000

clint mtime 0x0000000000000254 (mip.MTI <- 0b1, mip.STI <- 0b0)
mem[X,0x00000000800010F8] -> 0x0513
mem[X,0x00000000800010FA] -> 0x3335
[1192] [M]: 0x00000000800010F8 (0x33350513) addi x10, x10, 0x333                    inst_204+4
x10 <- 0x0000000033333333

mem[X,0x00000000800010FC] -> 0x1513
mem[X,0x00000000800010FE] -> 0x00B5
[1193] [M]: 0x00000000800010FC (0x00B51513) slli x10, x10, 0xb                      inst_204+8
x10 <- 0x0000019999999800

clint mtime 0x0000000000000255 (mip.MTI <- 0b1, mip.STI <- 0b0)
mem[X,0x0000000080001100] -> 0x0513
mem[X,0x0000000080001102] -> 0x1995
[1194] [M]: 0x0000000080001100 (0x19950513) addi x10, x10, 0x199                    inst_204+12
x10 <- 0x0000019999999999

mem[X,0x0000000080001104] -> 0x1513
mem[X,0x0000000080001106] -> 0x00B5
[1195] [M]: 0x0000000080001104 (0x00B51513) slli x10, x10, 0xb                      inst_204+16
x10 <- 0x000CCCCCCCCCC800

clint mtime 0x0000000000000256 (mip.MTI <- 0b1, mip.STI <- 0b0)
mem[X,0x0000000080001108] -> 0x0513
mem[X,0x000000008000110A] -> 0x4CC5
[1196] [M]: 0x0000000080001108 (0x4CC50513) addi x10, x10, 0x4cc                    inst_204+20
x10 <- 0x000CCCCCCCCCCCCC

mem[X,0x000000008000110C] -> 0x1513
mem[X,0x000000008000110E] -> 0x00A5
[1197] [M]: 0x000000008000110C (0x00A51513) slli x10, x10, 0xa                      inst_204+24
x10 <- 0x3333333333333000

clint mtime 0x0000000000000257 (mip.MTI <- 0b1, mip.STI <- 0b0)
mem[X,0x0000000080001110] -> 0x0513
mem[X,0x0000000080001112] -> 0x3335
[1198] [M]: 0x0000000080001110 (0x33350513) addi x10, x10, 0x333                    inst_204+28
x10 <- 0x3333333333333333

mem[X,0x0000000080001114] -> 0x1571
[1199] [M]: 0x0000000080001114 (0x1571) c.addi x10, -0x4                            inst_204+32
x10 <- 0x333333333333332F

clint mtime 0x0000000000000258 (mip.MTI <- 0b1, mip.STI <- 0b0)
mem[X,0x0000000080001116] -> 0xB023
mem[X,0x0000000080001118] -> 0x58A0
[1200] [M]: 0x0000000080001116 (0x58A0B023) sd x10, 0x580(x1)                       inst_204+34
mem[W,0x0000000080005778] <- 0x333333333333332F

mem[X,0x000000008000111A] -> 0x6537
mem[X,0x000000008000111C] -> 0x6666
[1201] [M]: 0x000000008000111A (0x66666537) lui x10, 0x66666                        inst_205+0
x10 <- 0x0000000066666000

clint mtime 0x0000000000000259 (mip.MTI <- 0b1, mip.STI <- 0b0)
mem[X,0x000000008000111E] -> 0x0513
mem[X,0x0000000080001120] -> 0x6665
[1202] [M]: 0x000000008000111E (0x66650513) addi x10, x10, 0x666                    inst_205+4
x10 <- 0x0000000066666666

mem[X,0x0000000080001122] -> 0x1513
mem[X,0x0000000080001124] -> 0x00B5
[1203] [M]: 0x0000000080001122 (0x00B51513) slli x10, x10, 0xb                      inst_205+8
x10 <- 0x0000033333333000

clint mtime 0x000000000000025A (mip.MTI <- 0b1, mip.STI <- 0b0)
mem[X,0x0000000080001126] -> 0x0513
mem[X,0x0000000080001128] -> 0x3335
[1204] [M]: 0x0000000080001126 (0x33350513) addi x10, x10, 0x333                    inst_205+12
x10 <- 0x0000033333333333

mem[X,0x000000008000112A] -> 0x1513
mem[X,0x000000008000112C] -> 0x00B5
[1205] [M]: 0x000000008000112A (0x00B51513) slli x10, x10, 0xb                      inst_205+16
x10 <- 0x0019999999999800

clint mtime 0x000000000000025B (mip.MTI <- 0b1, mip.STI <- 0b0)
mem[X,0x000000008000112E] -> 0x0513
mem[X,0x0000000080001130] -> 0x1995
[1206] [M]: 0x000000008000112E (0x19950513) addi x10, x10, 0x199                    inst_205+20
x10 <- 0x0019999999999999

mem[X,0x0000000080001132] -> 0x1513
mem[X,0x0000000080001134] -> 0x00A5
[1207] [M]: 0x0000000080001132 (0x00A51513) slli x10, x10, 0xa                      inst_205+24
x10 <- 0x6666666666666400

clint mtime 0x000000000000025C (mip.MTI <- 0b1, mip.STI <- 0b0)
mem[X,0x0000000080001136] -> 0x0513
mem[X,0x0000000080001138] -> 0x2665
[1208] [M]: 0x0000000080001136 (0x26650513) addi x10, x10, 0x266                    inst_205+28
x10 <- 0x6666666666666666

mem[X,0x000000008000113A] -> 0x050D
[1209] [M]: 0x000000008000113A (0x050D) c.addi x10, 0x3                             inst_205+32
x10 <- 0x6666666666666669

clint mtime 0x000000000000025D (mip.MTI <- 0b1, mip.STI <- 0b0)
mem[X,0x000000008000113C] -> 0xB423
mem[X,0x000000008000113E] -> 0x58A0
[1210] [M]: 0x000000008000113C (0x58A0B423) sd x10, 0x588(x1)                       inst_205+34
mem[W,0x0000000080005780] <- 0x6666666666666669

mem[X,0x0000000080001140] -> 0x6537
mem[X,0x0000000080001142] -> 0x6666
[1211] [M]: 0x0000000080001140 (0x66666537) lui x10, 0x66666                        inst_206+0
x10 <- 0x0000000066666000

clint mtime 0x000000000000025E (mip.MTI <- 0b1, mip.STI <- 0b0)
mem[X,0x0000000080001144] -> 0x0513
mem[X,0x0000000080001146] -> 0x6665
[1212] [M]: 0x0000000080001144 (0x66650513) addi x10, x10, 0x666                    inst_206+4
x10 <- 0x0000000066666666

mem[X,0x0000000080001148] -> 0x1513
mem[X,0x000000008000114A] -> 0x00B5
[1213] [M]: 0x0000000080001148 (0x00B51513) slli x10, x10, 0xb                      inst_206+8
x10 <- 0x0000033333333000

clint mtime 0x000000000000025F (mip.MTI <- 0b1, mip.STI <- 0b0)
mem[X,0x000000008000114C] -> 0x0513
mem[X,0x000000008000114E] -> 0x3335
[1214] [M]: 0x000000008000114C (0x33350513) addi x10, x10, 0x333                    inst_206+12
x10 <- 0x0000033333333333

mem[X,0x0000000080001150] -> 0x1513
mem[X,0x0000000080001152] -> 0x00B5
[1215] [M]: 0x0000000080001150 (0x00B51513) slli x10, x10, 0xb                      inst_206+16
x10 <- 0x0019999999999800

clint mtime 0x0000000000000260 (mip.MTI <- 0b1, mip.STI <- 0b0)
mem[X,0x0000000080001154] -> 0x0513
mem[X,0x0000000080001156] -> 0x1995
[1216] [M]: 0x0000000080001154 (0x19950513) addi x10, x10, 0x199                    inst_206+20
x10 <- 0x0019999999999999

mem[X,0x0000000080001158] -> 0x1513
mem[X,0x000000008000115A] -> 0x00A5
[1217] [M]: 0x0000000080001158 (0x00A51513) slli x10, x10, 0xa                      inst_206+24
x10 <- 0x6666666666666400

clint mtime 0x0000000000000261 (mip.MTI <- 0b1, mip.STI <- 0b0)
mem[X,0x000000008000115C] -> 0x0513
mem[X,0x000000008000115E] -> 0x2665
[1218] [M]: 0x000000008000115C (0x26650513) addi x10, x10, 0x266                    inst_206+28
x10 <- 0x6666666666666666

mem[X,0x0000000080001160] -> 0x0515
[1219] [M]: 0x0000000080001160 (0x0515) c.addi x10, 0x5                             inst_206+32
x10 <- 0x666666666666666B

clint mtime 0x0000000000000262 (mip.MTI <- 0b1, mip.STI <- 0b0)
mem[X,0x0000000080001162] -> 0xB823
mem[X,0x0000000080001164] -> 0x58A0
[1220] [M]: 0x0000000080001162 (0x58A0B823) sd x10, 0x590(x1)                       inst_206+34
mem[W,0x0000000080005788] <- 0x666666666666666B

mem[X,0x0000000080001166] -> 0x6537
mem[X,0x0000000080001168] -> 0x6666
[1221] [M]: 0x0000000080001166 (0x66666537) lui x10, 0x66666                        inst_207+0
x10 <- 0x0000000066666000

clint mtime 0x0000000000000263 (mip.MTI <- 0b1, mip.STI <- 0b0)
mem[X,0x000000008000116A] -> 0x0513
mem[X,0x000000008000116C] -> 0x6665
[1222] [M]: 0x000000008000116A (0x66650513) addi x10, x10, 0x666                    inst_207+4
x10 <- 0x0000000066666666

mem[X,0x000000008000116E] -> 0x1513
mem[X,0x0000000080001170] -> 0x00B5
[1223] [M]: 0x000000008000116E (0x00B51513) slli x10, x10, 0xb                      inst_207+8
x10 <- 0x0000033333333000

clint mtime 0x0000000000000264 (mip.MTI <- 0b1, mip.STI <- 0b0)
mem[X,0x0000000080001172] -> 0x0513
mem[X,0x0000000080001174] -> 0x3335
[1224] [M]: 0x0000000080001172 (0x33350513) addi x10, x10, 0x333                    inst_207+12
x10 <- 0x0000033333333333

mem[X,0x0000000080001176] -> 0x1513
mem[X,0x0000000080001178] -> 0x00B5
[1225] [M]: 0x0000000080001176 (0x00B51513) slli x10, x10, 0xb                      inst_207+16
x10 <- 0x0019999999999800

clint mtime 0x0000000000000265 (mip.MTI <- 0b1, mip.STI <- 0b0)
mem[X,0x000000008000117A] -> 0x0513
mem[X,0x000000008000117C] -> 0x1995
[1226] [M]: 0x000000008000117A (0x19950513) addi x10, x10, 0x199                    inst_207+20
x10 <- 0x0019999999999999

mem[X,0x000000008000117E] -> 0x1513
mem[X,0x0000000080001180] -> 0x00A5
[1227] [M]: 0x000000008000117E (0x00A51513) slli x10, x10, 0xa                      inst_207+24
x10 <- 0x6666666666666400

clint mtime 0x0000000000000266 (mip.MTI <- 0b1, mip.STI <- 0b0)
mem[X,0x0000000080001182] -> 0x0513
mem[X,0x0000000080001184] -> 0x2665
[1228] [M]: 0x0000000080001182 (0x26650513) addi x10, x10, 0x266                    inst_207+28
x10 <- 0x6666666666666666

mem[X,0x0000000080001186] -> 0x0529
[1229] [M]: 0x0000000080001186 (0x0529) c.addi x10, 0xa                             inst_207+32
x10 <- 0x6666666666666670

clint mtime 0x0000000000000267 (mip.MTI <- 0b1, mip.STI <- 0b0)
mem[X,0x0000000080001188] -> 0xBC23
mem[X,0x000000008000118A] -> 0x58A0
[1230] [M]: 0x0000000080001188 (0x58A0BC23) sd x10, 0x598(x1)                       inst_207+34
mem[W,0x0000000080005790] <- 0x6666666666666670

mem[X,0x000000008000118C] -> 0x6537
mem[X,0x000000008000118E] -> 0x6666
[1231] [M]: 0x000000008000118C (0x66666537) lui x10, 0x66666                        inst_208+0
x10 <- 0x0000000066666000

clint mtime 0x0000000000000268 (mip.MTI <- 0b1, mip.STI <- 0b0)
mem[X,0x0000000080001190] -> 0x0513
mem[X,0x0000000080001192] -> 0x6665
[1232] [M]: 0x0000000080001190 (0x66650513) addi x10, x10, 0x666                    inst_208+4
x10 <- 0x0000000066666666

mem[X,0x0000000080001194] -> 0x1513
mem[X,0x0000000080001196] -> 0x00B5
[1233] [M]: 0x0000000080001194 (0x00B51513) slli x10, x10, 0xb                      inst_208+8
x10 <- 0x0000033333333000

clint mtime 0x0000000000000269 (mip.MTI <- 0b1, mip.STI <- 0b0)
mem[X,0x0000000080001198] -> 0x0513
mem[X,0x000000008000119A] -> 0x3335
[1234] [M]: 0x0000000080001198 (0x33350513) addi x10, x10, 0x333                    inst_208+12
x10 <- 0x0000033333333333

mem[X,0x000000008000119C] -> 0x1513
mem[X,0x000000008000119E] -> 0x00B5
[1235] [M]: 0x000000008000119C (0x00B51513) slli x10, x10, 0xb                      inst_208+16
x10 <- 0x0019999999999800

clint mtime 0x000000000000026A (mip.MTI <- 0b1, mip.STI <- 0b0)
mem[X,0x00000000800011A0] -> 0x0513
mem[X,0x00000000800011A2] -> 0x1995
[1236] [M]: 0x00000000800011A0 (0x19950513) addi x10, x10, 0x199                    inst_208+20
x10 <- 0x0019999999999999

mem[X,0x00000000800011A4] -> 0x1513
mem[X,0x00000000800011A6] -> 0x00A5
[1237] [M]: 0x00000000800011A4 (0x00A51513) slli x10, x10, 0xa                      inst_208+24
x10 <- 0x6666666666666400

clint mtime 0x000000000000026B (mip.MTI <- 0b1, mip.STI <- 0b0)
mem[X,0x00000000800011A8] -> 0x0513
mem[X,0x00000000800011AA] -> 0x2665
[1238] [M]: 0x00000000800011A8 (0x26650513) addi x10, x10, 0x266                    inst_208+28
x10 <- 0x6666666666666666

mem[X,0x00000000800011AC] -> 0x0519
[1239] [M]: 0x00000000800011AC (0x0519) c.addi x10, 0x6                             inst_208+32
x10 <- 0x666666666666666C

clint mtime 0x000000000000026C (mip.MTI <- 0b1, mip.STI <- 0b0)
mem[X,0x00000000800011AE] -> 0xB023
mem[X,0x00000000800011B0] -> 0x5AA0
[1240] [M]: 0x00000000800011AE (0x5AA0B023) sd x10, 0x5a0(x1)                       inst_208+34
mem[W,0x0000000080005798] <- 0x666666666666666C

mem[X,0x00000000800011B2] -> 0x6537
mem[X,0x00000000800011B4] -> 0x6666
[1241] [M]: 0x00000000800011B2 (0x66666537) lui x10, 0x66666                        inst_209+0
x10 <- 0x0000000066666000

clint mtime 0x000000000000026D (mip.MTI <- 0b1, mip.STI <- 0b0)
mem[X,0x00000000800011B6] -> 0x0513
mem[X,0x00000000800011B8] -> 0x6665
[1242] [M]: 0x00000000800011B6 (0x66650513) addi x10, x10, 0x666                    inst_209+4
x10 <- 0x0000000066666666

mem[X,0x00000000800011BA] -> 0x1513
mem[X,0x00000000800011BC] -> 0x00B5
[1243] [M]: 0x00000000800011BA (0x00B51513) slli x10, x10, 0xb                      inst_209+8
x10 <- 0x0000033333333000

clint mtime 0x000000000000026E (mip.MTI <- 0b1, mip.STI <- 0b0)
mem[X,0x00000000800011BE] -> 0x0513
mem[X,0x00000000800011C0] -> 0x3335
[1244] [M]: 0x00000000800011BE (0x33350513) addi x10, x10, 0x333                    inst_209+12
x10 <- 0x0000033333333333

mem[X,0x00000000800011C2] -> 0x1513
mem[X,0x00000000800011C4] -> 0x00B5
[1245] [M]: 0x00000000800011C2 (0x00B51513) slli x10, x10, 0xb                      inst_209+16
x10 <- 0x0019999999999800

clint mtime 0x000000000000026F (mip.MTI <- 0b1, mip.STI <- 0b0)
mem[X,0x00000000800011C6] -> 0x0513
mem[X,0x00000000800011C8] -> 0x1995
[1246] [M]: 0x00000000800011C6 (0x19950513) addi x10, x10, 0x199                    inst_209+20
x10 <- 0x0019999999999999

mem[X,0x00000000800011CA] -> 0x1513
mem[X,0x00000000800011CC] -> 0x00A5
[1247] [M]: 0x00000000800011CA (0x00A51513) slli x10, x10, 0xa                      inst_209+24
x10 <- 0x6666666666666400

clint mtime 0x0000000000000270 (mip.MTI <- 0b1, mip.STI <- 0b0)
mem[X,0x00000000800011CE] -> 0x0513
mem[X,0x00000000800011D0] -> 0x2665
[1248] [M]: 0x00000000800011CE (0x26650513) addi x10, x10, 0x266                    inst_209+28
x10 <- 0x6666666666666666

mem[X,0x00000000800011D2] -> 0x1579
[1249] [M]: 0x00000000800011D2 (0x1579) c.addi x10, -0x2                            inst_209+32
x10 <- 0x6666666666666664

clint mtime 0x0000000000000271 (mip.MTI <- 0b1, mip.STI <- 0b0)
mem[X,0x00000000800011D4] -> 0xB423
mem[X,0x00000000800011D6] -> 0x5AA0
[1250] [M]: 0x00000000800011D4 (0x5AA0B423) sd x10, 0x5a8(x1)                       inst_209+34
mem[W,0x00000000800057A0] <- 0x6666666666666664

mem[X,0x00000000800011D8] -> 0x6537
mem[X,0x00000000800011DA] -> 0x6666
[1251] [M]: 0x00000000800011D8 (0x66666537) lui x10, 0x66666                        inst_210+0
x10 <- 0x0000000066666000

clint mtime 0x0000000000000272 (mip.MTI <- 0b1, mip.STI <- 0b0)
mem[X,0x00000000800011DC] -> 0x0513
mem[X,0x00000000800011DE] -> 0x6665
[1252] [M]: 0x00000000800011DC (0x66650513) addi x10, x10, 0x666                    inst_210+4
x10 <- 0x0000000066666666

mem[X,0x00000000800011E0] -> 0x1513
mem[X,0x00000000800011E2] -> 0x00B5
[1253] [M]: 0x00000000800011E0 (0x00B51513) slli x10, x10, 0xb                      inst_210+8
x10 <- 0x0000033333333000

clint mtime 0x0000000000000273 (mip.MTI <- 0b1, mip.STI <- 0b0)
mem[X,0x00000000800011E4] -> 0x0513
mem[X,0x00000000800011E6] -> 0x3335
[1254] [M]: 0x00000000800011E4 (0x33350513) addi x10, x10, 0x333                    inst_210+12
x10 <- 0x0000033333333333

mem[X,0x00000000800011E8] -> 0x1513
mem[X,0x00000000800011EA] -> 0x00B5
[1255] [M]: 0x00000000800011E8 (0x00B51513) slli x10, x10, 0xb                      inst_210+16
x10 <- 0x0019999999999800

clint mtime 0x0000000000000274 (mip.MTI <- 0b1, mip.STI <- 0b0)
mem[X,0x00000000800011EC] -> 0x0513
mem[X,0x00000000800011EE] -> 0x1995
[1256] [M]: 0x00000000800011EC (0x19950513) addi x10, x10, 0x199                    inst_210+20
x10 <- 0x0019999999999999

mem[X,0x00000000800011F0] -> 0x1513
mem[X,0x00000000800011F2] -> 0x00A5
[1257] [M]: 0x00000000800011F0 (0x00A51513) slli x10, x10, 0xa                      inst_210+24
x10 <- 0x6666666666666400

clint mtime 0x0000000000000275 (mip.MTI <- 0b1, mip.STI <- 0b0)
mem[X,0x00000000800011F4] -> 0x0513
mem[X,0x00000000800011F6] -> 0x2665
[1258] [M]: 0x00000000800011F4 (0x26650513) addi x10, x10, 0x266                    inst_210+28
x10 <- 0x6666666666666666

mem[X,0x00000000800011F8] -> 0x156D
[1259] [M]: 0x00000000800011F8 (0x156D) c.addi x10, -0x5                            inst_210+32
x10 <- 0x6666666666666661

clint mtime 0x0000000000000276 (mip.MTI <- 0b1, mip.STI <- 0b0)
mem[X,0x00000000800011FA] -> 0xB823
mem[X,0x00000000800011FC] -> 0x5AA0
[1260] [M]: 0x00000000800011FA (0x5AA0B823) sd x10, 0x5b0(x1)                       inst_210+34
mem[W,0x00000000800057A8] <- 0x6666666666666661

mem[X,0x00000000800011FE] -> 0x6537
mem[X,0x0000000080001200] -> 0x6666
[1261] [M]: 0x00000000800011FE (0x66666537) lui x10, 0x66666                        inst_211+0
x10 <- 0x0000000066666000

clint mtime 0x0000000000000277 (mip.MTI <- 0b1, mip.STI <- 0b0)
mem[X,0x0000000080001202] -> 0x0513
mem[X,0x0000000080001204] -> 0x6665
[1262] [M]: 0x0000000080001202 (0x66650513) addi x10, x10, 0x666                    inst_211+4
x10 <- 0x0000000066666666

mem[X,0x0000000080001206] -> 0x1513
mem[X,0x0000000080001208] -> 0x00B5
[1263] [M]: 0x0000000080001206 (0x00B51513) slli x10, x10, 0xb                      inst_211+8
x10 <- 0x0000033333333000

clint mtime 0x0000000000000278 (mip.MTI <- 0b1, mip.STI <- 0b0)
mem[X,0x000000008000120A] -> 0x0513
mem[X,0x000000008000120C] -> 0x3335
[1264] [M]: 0x000000008000120A (0x33350513) addi x10, x10, 0x333                    inst_211+12
x10 <- 0x0000033333333333

mem[X,0x000000008000120E] -> 0x1513
mem[X,0x0000000080001210] -> 0x00B5
[1265] [M]: 0x000000008000120E (0x00B51513) slli x10, x10, 0xb                      inst_211+16
x10 <- 0x0019999999999800

clint mtime 0x0000000000000279 (mip.MTI <- 0b1, mip.STI <- 0b0)
mem[X,0x0000000080001212] -> 0x0513
mem[X,0x0000000080001214] -> 0x1995
[1266] [M]: 0x0000000080001212 (0x19950513) addi x10, x10, 0x199                    inst_211+20
x10 <- 0x0019999999999999

mem[X,0x0000000080001216] -> 0x1513
mem[X,0x0000000080001218] -> 0x00A5
[1267] [M]: 0x0000000080001216 (0x00A51513) slli x10, x10, 0xa                      inst_211+24
x10 <- 0x6666666666666400

clint mtime 0x000000000000027A (mip.MTI <- 0b1, mip.STI <- 0b0)
mem[X,0x000000008000121A] -> 0x0513
mem[X,0x000000008000121C] -> 0x2665
[1268] [M]: 0x000000008000121A (0x26650513) addi x10, x10, 0x266                    inst_211+28
x10 <- 0x6666666666666666

mem[X,0x000000008000121E] -> 0x0509
[1269] [M]: 0x000000008000121E (0x0509) c.addi x10, 0x2                             inst_211+32
x10 <- 0x6666666666666668

clint mtime 0x000000000000027B (mip.MTI <- 0b1, mip.STI <- 0b0)
mem[X,0x0000000080001220] -> 0xBC23
mem[X,0x0000000080001222] -> 0x5AA0
[1270] [M]: 0x0000000080001220 (0x5AA0BC23) sd x10, 0x5b8(x1)                       inst_211+34
mem[W,0x00000000800057B0] <- 0x6666666666666668

mem[X,0x0000000080001224] -> 0x6537
mem[X,0x0000000080001226] -> 0x6666
[1271] [M]: 0x0000000080001224 (0x66666537) lui x10, 0x66666                        inst_212+0
x10 <- 0x0000000066666000

clint mtime 0x000000000000027C (mip.MTI <- 0b1, mip.STI <- 0b0)
mem[X,0x0000000080001228] -> 0x0513
mem[X,0x000000008000122A] -> 0x6665
[1272] [M]: 0x0000000080001228 (0x66650513) addi x10, x10, 0x666                    inst_212+4
x10 <- 0x0000000066666666

mem[X,0x000000008000122C] -> 0x1513
mem[X,0x000000008000122E] -> 0x00B5
[1273] [M]: 0x000000008000122C (0x00B51513) slli x10, x10, 0xb                      inst_212+8
x10 <- 0x0000033333333000

clint mtime 0x000000000000027D (mip.MTI <- 0b1, mip.STI <- 0b0)
mem[X,0x0000000080001230] -> 0x0513
mem[X,0x0000000080001232] -> 0x3335
[1274] [M]: 0x0000000080001230 (0x33350513) addi x10, x10, 0x333                    inst_212+12
x10 <- 0x0000033333333333

mem[X,0x0000000080001234] -> 0x1513
mem[X,0x0000000080001236] -> 0x00B5
[1275] [M]: 0x0000000080001234 (0x00B51513) slli x10, x10, 0xb                      inst_212+16
x10 <- 0x0019999999999800

clint mtime 0x000000000000027E (mip.MTI <- 0b1, mip.STI <- 0b0)
mem[X,0x0000000080001238] -> 0x0513
mem[X,0x000000008000123A] -> 0x1995
[1276] [M]: 0x0000000080001238 (0x19950513) addi x10, x10, 0x199                    inst_212+20
x10 <- 0x0019999999999999

mem[X,0x000000008000123C] -> 0x1513
mem[X,0x000000008000123E] -> 0x00A5
[1277] [M]: 0x000000008000123C (0x00A51513) slli x10, x10, 0xa                      inst_212+24
x10 <- 0x6666666666666400

clint mtime 0x000000000000027F (mip.MTI <- 0b1, mip.STI <- 0b0)
mem[X,0x0000000080001240] -> 0x0513
mem[X,0x0000000080001242] -> 0x2665
[1278] [M]: 0x0000000080001240 (0x26650513) addi x10, x10, 0x266                    inst_212+28
x10 <- 0x6666666666666666

mem[X,0x0000000080001244] -> 0x0511
[1279] [M]: 0x0000000080001244 (0x0511) c.addi x10, 0x4                             inst_212+32
x10 <- 0x666666666666666A

clint mtime 0x0000000000000280 (mip.MTI <- 0b1, mip.STI <- 0b0)
mem[X,0x0000000080001246] -> 0xB023
mem[X,0x0000000080001248] -> 0x5CA0
[1280] [M]: 0x0000000080001246 (0x5CA0B023) sd x10, 0x5c0(x1)                       inst_212+34
mem[W,0x00000000800057B8] <- 0x666666666666666A

mem[X,0x000000008000124A] -> 0x6537
mem[X,0x000000008000124C] -> 0x6666
[1281] [M]: 0x000000008000124A (0x66666537) lui x10, 0x66666                        inst_213+0
x10 <- 0x0000000066666000

clint mtime 0x0000000000000281 (mip.MTI <- 0b1, mip.STI <- 0b0)
mem[X,0x000000008000124E] -> 0x0513
mem[X,0x0000000080001250] -> 0x6665
[1282] [M]: 0x000000008000124E (0x66650513) addi x10, x10, 0x666                    inst_213+4
x10 <- 0x0000000066666666

mem[X,0x0000000080001252] -> 0x1513
mem[X,0x0000000080001254] -> 0x00B5
[1283] [M]: 0x0000000080001252 (0x00B51513) slli x10, x10, 0xb                      inst_213+8
x10 <- 0x0000033333333000

clint mtime 0x0000000000000282 (mip.MTI <- 0b1, mip.STI <- 0b0)
mem[X,0x0000000080001256] -> 0x0513
mem[X,0x0000000080001258] -> 0x3335
[1284] [M]: 0x0000000080001256 (0x33350513) addi x10, x10, 0x333                    inst_213+12
x10 <- 0x0000033333333333

mem[X,0x000000008000125A] -> 0x1513
mem[X,0x000000008000125C] -> 0x00B5
[1285] [M]: 0x000000008000125A (0x00B51513) slli x10, x10, 0xb                      inst_213+16
x10 <- 0x0019999999999800

clint mtime 0x0000000000000283 (mip.MTI <- 0b1, mip.STI <- 0b0)
mem[X,0x000000008000125E] -> 0x0513
mem[X,0x0000000080001260] -> 0x1995
[1286] [M]: 0x000000008000125E (0x19950513) addi x10, x10, 0x199                    inst_213+20
x10 <- 0x0019999999999999

mem[X,0x0000000080001262] -> 0x1513
mem[X,0x0000000080001264] -> 0x00A5
[1287] [M]: 0x0000000080001262 (0x00A51513) slli x10, x10, 0xa                      inst_213+24
x10 <- 0x6666666666666400

clint mtime 0x0000000000000284 (mip.MTI <- 0b1, mip.STI <- 0b0)
mem[X,0x0000000080001266] -> 0x0513
mem[X,0x0000000080001268] -> 0x2665
[1288] [M]: 0x0000000080001266 (0x26650513) addi x10, x10, 0x266                    inst_213+28
x10 <- 0x6666666666666666

mem[X,0x000000008000126A] -> 0x0525
[1289] [M]: 0x000000008000126A (0x0525) c.addi x10, 0x9                             inst_213+32
x10 <- 0x666666666666666F

clint mtime 0x0000000000000285 (mip.MTI <- 0b1, mip.STI <- 0b0)
mem[X,0x000000008000126C] -> 0xB423
mem[X,0x000000008000126E] -> 0x5CA0
[1290] [M]: 0x000000008000126C (0x5CA0B423) sd x10, 0x5c8(x1)                       inst_213+34
mem[W,0x00000000800057C0] <- 0x666666666666666F

mem[X,0x0000000080001270] -> 0x6537
mem[X,0x0000000080001272] -> 0x6666
[1291] [M]: 0x0000000080001270 (0x66666537) lui x10, 0x66666                        inst_214+0
x10 <- 0x0000000066666000

clint mtime 0x0000000000000286 (mip.MTI <- 0b1, mip.STI <- 0b0)
mem[X,0x0000000080001274] -> 0x0513
mem[X,0x0000000080001276] -> 0x6665
[1292] [M]: 0x0000000080001274 (0x66650513) addi x10, x10, 0x666                    inst_214+4
x10 <- 0x0000000066666666

mem[X,0x0000000080001278] -> 0x1513
mem[X,0x000000008000127A] -> 0x00B5
[1293] [M]: 0x0000000080001278 (0x00B51513) slli x10, x10, 0xb                      inst_214+8
x10 <- 0x0000033333333000

clint mtime 0x0000000000000287 (mip.MTI <- 0b1, mip.STI <- 0b0)
mem[X,0x000000008000127C] -> 0x0513
mem[X,0x000000008000127E] -> 0x3335
[1294] [M]: 0x000000008000127C (0x33350513) addi x10, x10, 0x333                    inst_214+12
x10 <- 0x0000033333333333

mem[X,0x0000000080001280] -> 0x1513
mem[X,0x0000000080001282] -> 0x00B5
[1295] [M]: 0x0000000080001280 (0x00B51513) slli x10, x10, 0xb                      inst_214+16
x10 <- 0x0019999999999800

clint mtime 0x0000000000000288 (mip.MTI <- 0b1, mip.STI <- 0b0)
mem[X,0x0000000080001284] -> 0x0513
mem[X,0x0000000080001286] -> 0x1995
[1296] [M]: 0x0000000080001284 (0x19950513) addi x10, x10, 0x199                    inst_214+20
x10 <- 0x0019999999999999

mem[X,0x0000000080001288] -> 0x1513
mem[X,0x000000008000128A] -> 0x00A5
[1297] [M]: 0x0000000080001288 (0x00A51513) slli x10, x10, 0xa                      inst_214+24
x10 <- 0x6666666666666400

clint mtime 0x0000000000000289 (mip.MTI <- 0b1, mip.STI <- 0b0)
mem[X,0x000000008000128C] -> 0x0513
mem[X,0x000000008000128E] -> 0x2665
[1298] [M]: 0x000000008000128C (0x26650513) addi x10, x10, 0x266                    inst_214+28
x10 <- 0x6666666666666666

mem[X,0x0000000080001290] -> 0x0501
[1299] [M]: 0x0000000080001290 (0x0501) c.addi x10, 0x0                             inst_214+32
x10 <- 0x6666666666666666

clint mtime 0x000000000000028A (mip.MTI <- 0b1, mip.STI <- 0b0)
mem[X,0x0000000080001292] -> 0xB823
mem[X,0x0000000080001294] -> 0x5CA0
[1300] [M]: 0x0000000080001292 (0x5CA0B823) sd x10, 0x5d0(x1)                       inst_214+34
mem[W,0x00000000800057C8] <- 0x6666666666666666

mem[X,0x0000000080001296] -> 0x6537
mem[X,0x0000000080001298] -> 0x6666
[1301] [M]: 0x0000000080001296 (0x66666537) lui x10, 0x66666                        inst_215+0
x10 <- 0x0000000066666000

clint mtime 0x000000000000028B (mip.MTI <- 0b1, mip.STI <- 0b0)
mem[X,0x000000008000129A] -> 0x0513
mem[X,0x000000008000129C] -> 0x6665
[1302] [M]: 0x000000008000129A (0x66650513) addi x10, x10, 0x666                    inst_215+4
x10 <- 0x0000000066666666

mem[X,0x000000008000129E] -> 0x1513
mem[X,0x00000000800012A0] -> 0x00B5
[1303] [M]: 0x000000008000129E (0x00B51513) slli x10, x10, 0xb                      inst_215+8
x10 <- 0x0000033333333000

clint mtime 0x000000000000028C (mip.MTI <- 0b1, mip.STI <- 0b0)
mem[X,0x00000000800012A2] -> 0x0513
mem[X,0x00000000800012A4] -> 0x3335
[1304] [M]: 0x00000000800012A2 (0x33350513) addi x10, x10, 0x333                    inst_215+12
x10 <- 0x0000033333333333

mem[X,0x00000000800012A6] -> 0x1513
mem[X,0x00000000800012A8] -> 0x00B5
[1305] [M]: 0x00000000800012A6 (0x00B51513) slli x10, x10, 0xb                      inst_215+16
x10 <- 0x0019999999999800

clint mtime 0x000000000000028D (mip.MTI <- 0b1, mip.STI <- 0b0)
mem[X,0x00000000800012AA] -> 0x0513
mem[X,0x00000000800012AC] -> 0x1995
[1306] [M]: 0x00000000800012AA (0x19950513) addi x10, x10, 0x199                    inst_215+20
x10 <- 0x0019999999999999

mem[X,0x00000000800012AE] -> 0x1513
mem[X,0x00000000800012B0] -> 0x00A5
[1307] [M]: 0x00000000800012AE (0x00A51513) slli x10, x10, 0xa                      inst_215+24
x10 <- 0x6666666666666400

clint mtime 0x000000000000028E (mip.MTI <- 0b1, mip.STI <- 0b0)
mem[X,0x00000000800012B2] -> 0x0513
mem[X,0x00000000800012B4] -> 0x2665
[1308] [M]: 0x00000000800012B2 (0x26650513) addi x10, x10, 0x266                    inst_215+28
x10 <- 0x6666666666666666

mem[X,0x00000000800012B6] -> 0x052D
[1309] [M]: 0x00000000800012B6 (0x052D) c.addi x10, 0xb                             inst_215+32
x10 <- 0x6666666666666671

clint mtime 0x000000000000028F (mip.MTI <- 0b1, mip.STI <- 0b0)
mem[X,0x00000000800012B8] -> 0xBC23
mem[X,0x00000000800012BA] -> 0x5CA0
[1310] [M]: 0x00000000800012B8 (0x5CA0BC23) sd x10, 0x5d8(x1)                       inst_215+34
mem[W,0x00000000800057D0] <- 0x6666666666666671

mem[X,0x00000000800012BC] -> 0x6537
mem[X,0x00000000800012BE] -> 0x6666
[1311] [M]: 0x00000000800012BC (0x66666537) lui x10, 0x66666                        inst_216+0
x10 <- 0x0000000066666000

clint mtime 0x0000000000000290 (mip.MTI <- 0b1, mip.STI <- 0b0)
mem[X,0x00000000800012C0] -> 0x0513
mem[X,0x00000000800012C2] -> 0x6665
[1312] [M]: 0x00000000800012C0 (0x66650513) addi x10, x10, 0x666                    inst_216+4
x10 <- 0x0000000066666666

mem[X,0x00000000800012C4] -> 0x1513
mem[X,0x00000000800012C6] -> 0x00B5
[1313] [M]: 0x00000000800012C4 (0x00B51513) slli x10, x10, 0xb                      inst_216+8
x10 <- 0x0000033333333000

clint mtime 0x0000000000000291 (mip.MTI <- 0b1, mip.STI <- 0b0)
mem[X,0x00000000800012C8] -> 0x0513
mem[X,0x00000000800012CA] -> 0x3335
[1314] [M]: 0x00000000800012C8 (0x33350513) addi x10, x10, 0x333                    inst_216+12
x10 <- 0x0000033333333333

mem[X,0x00000000800012CC] -> 0x1513
mem[X,0x00000000800012CE] -> 0x00B5
[1315] [M]: 0x00000000800012CC (0x00B51513) slli x10, x10, 0xb                      inst_216+16
x10 <- 0x0019999999999800

clint mtime 0x0000000000000292 (mip.MTI <- 0b1, mip.STI <- 0b0)
mem[X,0x00000000800012D0] -> 0x0513
mem[X,0x00000000800012D2] -> 0x1995
[1316] [M]: 0x00000000800012D0 (0x19950513) addi x10, x10, 0x199                    inst_216+20
x10 <- 0x0019999999999999

mem[X,0x00000000800012D4] -> 0x1513
mem[X,0x00000000800012D6] -> 0x00A5
[1317] [M]: 0x00000000800012D4 (0x00A51513) slli x10, x10, 0xa                      inst_216+24
x10 <- 0x6666666666666400

clint mtime 0x0000000000000293 (mip.MTI <- 0b1, mip.STI <- 0b0)
mem[X,0x00000000800012D8] -> 0x0513
mem[X,0x00000000800012DA] -> 0x2665
[1318] [M]: 0x00000000800012D8 (0x26650513) addi x10, x10, 0x266                    inst_216+28
x10 <- 0x6666666666666666

mem[X,0x00000000800012DC] -> 0x051D
[1319] [M]: 0x00000000800012DC (0x051D) c.addi x10, 0x7                             inst_216+32
x10 <- 0x666666666666666D

clint mtime 0x0000000000000294 (mip.MTI <- 0b1, mip.STI <- 0b0)
mem[X,0x00000000800012DE] -> 0xB023
mem[X,0x00000000800012E0] -> 0x5EA0
[1320] [M]: 0x00000000800012DE (0x5EA0B023) sd x10, 0x5e0(x1)                       inst_216+34
mem[W,0x00000000800057D8] <- 0x666666666666666D

mem[X,0x00000000800012E2] -> 0x6537
mem[X,0x00000000800012E4] -> 0x6666
[1321] [M]: 0x00000000800012E2 (0x66666537) lui x10, 0x66666                        inst_217+0
x10 <- 0x0000000066666000

clint mtime 0x0000000000000295 (mip.MTI <- 0b1, mip.STI <- 0b0)
mem[X,0x00000000800012E6] -> 0x0513
mem[X,0x00000000800012E8] -> 0x6665
[1322] [M]: 0x00000000800012E6 (0x66650513) addi x10, x10, 0x666                    inst_217+4
x10 <- 0x0000000066666666

mem[X,0x00000000800012EA] -> 0x1513
mem[X,0x00000000800012EC] -> 0x00B5
[1323] [M]: 0x00000000800012EA (0x00B51513) slli x10, x10, 0xb                      inst_217+8
x10 <- 0x0000033333333000

clint mtime 0x0000000000000296 (mip.MTI <- 0b1, mip.STI <- 0b0)
mem[X,0x00000000800012EE] -> 0x0513
mem[X,0x00000000800012F0] -> 0x3335
[1324] [M]: 0x00000000800012EE (0x33350513) addi x10, x10, 0x333                    inst_217+12
x10 <- 0x0000033333333333

mem[X,0x00000000800012F2] -> 0x1513
mem[X,0x00000000800012F4] -> 0x00B5
[1325] [M]: 0x00000000800012F2 (0x00B51513) slli x10, x10, 0xb                      inst_217+16
x10 <- 0x0019999999999800

clint mtime 0x0000000000000297 (mip.MTI <- 0b1, mip.STI <- 0b0)
mem[X,0x00000000800012F6] -> 0x0513
mem[X,0x00000000800012F8] -> 0x1995
[1326] [M]: 0x00000000800012F6 (0x19950513) addi x10, x10, 0x199                    inst_217+20
x10 <- 0x0019999999999999

mem[X,0x00000000800012FA] -> 0x1513
mem[X,0x00000000800012FC] -> 0x00A5
[1327] [M]: 0x00000000800012FA (0x00A51513) slli x10, x10, 0xa                      inst_217+24
x10 <- 0x6666666666666400

clint mtime 0x0000000000000298 (mip.MTI <- 0b1, mip.STI <- 0b0)
mem[X,0x00000000800012FE] -> 0x0513
mem[X,0x0000000080001300] -> 0x2665
[1328] [M]: 0x00000000800012FE (0x26650513) addi x10, x10, 0x266                    inst_217+28
x10 <- 0x6666666666666666

mem[X,0x0000000080001302] -> 0x157D
[1329] [M]: 0x0000000080001302 (0x157D) c.addi x10, -0x1                            inst_217+32
x10 <- 0x6666666666666665

clint mtime 0x0000000000000299 (mip.MTI <- 0b1, mip.STI <- 0b0)
mem[X,0x0000000080001304] -> 0xB423
mem[X,0x0000000080001306] -> 0x5EA0
[1330] [M]: 0x0000000080001304 (0x5EA0B423) sd x10, 0x5e8(x1)                       inst_217+34
mem[W,0x00000000800057E0] <- 0x6666666666666665

mem[X,0x0000000080001308] -> 0x6537
mem[X,0x000000008000130A] -> 0x6666
[1331] [M]: 0x0000000080001308 (0x66666537) lui x10, 0x66666                        inst_218+0
x10 <- 0x0000000066666000

clint mtime 0x000000000000029A (mip.MTI <- 0b1, mip.STI <- 0b0)
mem[X,0x000000008000130C] -> 0x0513
mem[X,0x000000008000130E] -> 0x6665
[1332] [M]: 0x000000008000130C (0x66650513) addi x10, x10, 0x666                    inst_218+4
x10 <- 0x0000000066666666

mem[X,0x0000000080001310] -> 0x1513
mem[X,0x0000000080001312] -> 0x00B5
[1333] [M]: 0x0000000080001310 (0x00B51513) slli x10, x10, 0xb                      inst_218+8
x10 <- 0x0000033333333000

clint mtime 0x000000000000029B (mip.MTI <- 0b1, mip.STI <- 0b0)
mem[X,0x0000000080001314] -> 0x0513
mem[X,0x0000000080001316] -> 0x3335
[1334] [M]: 0x0000000080001314 (0x33350513) addi x10, x10, 0x333                    inst_218+12
x10 <- 0x0000033333333333

mem[X,0x0000000080001318] -> 0x1513
mem[X,0x000000008000131A] -> 0x00B5
[1335] [M]: 0x0000000080001318 (0x00B51513) slli x10, x10, 0xb                      inst_218+16
x10 <- 0x0019999999999800

clint mtime 0x000000000000029C (mip.MTI <- 0b1, mip.STI <- 0b0)
mem[X,0x000000008000131C] -> 0x0513
mem[X,0x000000008000131E] -> 0x1995
[1336] [M]: 0x000000008000131C (0x19950513) addi x10, x10, 0x199                    inst_218+20
x10 <- 0x0019999999999999

mem[X,0x0000000080001320] -> 0x1513
mem[X,0x0000000080001322] -> 0x00A5
[1337] [M]: 0x0000000080001320 (0x00A51513) slli x10, x10, 0xa                      inst_218+24
x10 <- 0x6666666666666400

clint mtime 0x000000000000029D (mip.MTI <- 0b1, mip.STI <- 0b0)
mem[X,0x0000000080001324] -> 0x0513
mem[X,0x0000000080001326] -> 0x2665
[1338] [M]: 0x0000000080001324 (0x26650513) addi x10, x10, 0x266                    inst_218+28
x10 <- 0x6666666666666666

mem[X,0x0000000080001328] -> 0x1571
[1339] [M]: 0x0000000080001328 (0x1571) c.addi x10, -0x4                            inst_218+32
x10 <- 0x6666666666666662

clint mtime 0x000000000000029E (mip.MTI <- 0b1, mip.STI <- 0b0)
mem[X,0x000000008000132A] -> 0xB823
mem[X,0x000000008000132C] -> 0x5EA0
[1340] [M]: 0x000000008000132A (0x5EA0B823) sd x10, 0x5f0(x1)                       inst_218+34
mem[W,0x00000000800057E8] <- 0x6666666666666662

mem[X,0x000000008000132E] -> 0x0537
mem[X,0x0000000080001330] -> 0x0000
[1341] [M]: 0x000000008000132E (0x00000537) lui x10, 0x0                            inst_219+0
x10 <- 0x0000000000000000

clint mtime 0x000000000000029F (mip.MTI <- 0b1, mip.STI <- 0b0)
mem[X,0x0000000080001332] -> 0x0513
mem[X,0x0000000080001334] -> 0xFFF5
[1342] [M]: 0x0000000080001332 (0xFFF50513) addi x10, x10, -0x1                     inst_219+4
x10 <- 0xFFFFFFFFFFFFFFFF

mem[X,0x0000000080001336] -> 0x1513
mem[X,0x0000000080001338] -> 0x00B5
[1343] [M]: 0x0000000080001336 (0x00B51513) slli x10, x10, 0xb                      inst_219+8
x10 <- 0xFFFFFFFFFFFFF800

clint mtime 0x00000000000002A0 (mip.MTI <- 0b1, mip.STI <- 0b0)
mem[X,0x000000008000133A] -> 0x0513
mem[X,0x000000008000133C] -> 0x2575
[1344] [M]: 0x000000008000133A (0x25750513) addi x10, x10, 0x257                    inst_219+12
x10 <- 0xFFFFFFFFFFFFFA57

mem[X,0x000000008000133E] -> 0x1513
mem[X,0x0000000080001340] -> 0x00B5
[1345] [M]: 0x000000008000133E (0x00B51513) slli x10, x10, 0xb                      inst_219+16
x10 <- 0xFFFFFFFFFFD2B800

clint mtime 0x00000000000002A1 (mip.MTI <- 0b1, mip.STI <- 0b0)
mem[X,0x0000000080001342] -> 0x0513
mem[X,0x0000000080001344] -> 0x6C35
[1346] [M]: 0x0000000080001342 (0x6C350513) addi x10, x10, 0x6c3                    inst_219+20
x10 <- 0xFFFFFFFFFFD2BEC3

mem[X,0x0000000080001346] -> 0x1513
mem[X,0x0000000080001348] -> 0x00A5
[1347] [M]: 0x0000000080001346 (0x00A51513) slli x10, x10, 0xa                      inst_219+24
x10 <- 0xFFFFFFFF4AFB0C00

clint mtime 0x00000000000002A2 (mip.MTI <- 0b1, mip.STI <- 0b0)
mem[X,0x000000008000134A] -> 0x0513
mem[X,0x000000008000134C] -> 0x0CD5
[1348] [M]: 0x000000008000134A (0x0CD50513) addi x10, x10, 0xcd                     inst_219+28
x10 <- 0xFFFFFFFF4AFB0CCD

mem[X,0x000000008000134E] -> 0x050D
[1349] [M]: 0x000000008000134E (0x050D) c.addi x10, 0x3                             inst_219+32
x10 <- 0xFFFFFFFF4AFB0CD0

clint mtime 0x00000000000002A3 (mip.MTI <- 0b1, mip.STI <- 0b0)
mem[X,0x0000000080001350] -> 0xBC23
mem[X,0x0000000080001352] -> 0x5EA0
[1350] [M]: 0x0000000080001350 (0x5EA0BC23) sd x10, 0x5f8(x1)                       inst_219+34
mem[W,0x00000000800057F0] <- 0xFFFFFFFF4AFB0CD0

mem[X,0x0000000080001354] -> 0x0537
mem[X,0x0000000080001356] -> 0x0000
[1351] [M]: 0x0000000080001354 (0x00000537) lui x10, 0x0                            inst_220+0
x10 <- 0x0000000000000000

clint mtime 0x00000000000002A4 (mip.MTI <- 0b1, mip.STI <- 0b0)
mem[X,0x0000000080001358] -> 0x0513
mem[X,0x000000008000135A] -> 0xFFF5
[1352] [M]: 0x0000000080001358 (0xFFF50513) addi x10, x10, -0x1                     inst_220+4
x10 <- 0xFFFFFFFFFFFFFFFF

mem[X,0x000000008000135C] -> 0x1513
mem[X,0x000000008000135E] -> 0x00B5
[1353] [M]: 0x000000008000135C (0x00B51513) slli x10, x10, 0xb                      inst_220+8
x10 <- 0xFFFFFFFFFFFFF800

clint mtime 0x00000000000002A5 (mip.MTI <- 0b1, mip.STI <- 0b0)
mem[X,0x0000000080001360] -> 0x0513
mem[X,0x0000000080001362] -> 0x2575
[1354] [M]: 0x0000000080001360 (0x25750513) addi x10, x10, 0x257                    inst_220+12
x10 <- 0xFFFFFFFFFFFFFA57

mem[X,0x0000000080001364] -> 0x1513
mem[X,0x0000000080001366] -> 0x00B5
[1355] [M]: 0x0000000080001364 (0x00B51513) slli x10, x10, 0xb                      inst_220+16
x10 <- 0xFFFFFFFFFFD2B800

clint mtime 0x00000000000002A6 (mip.MTI <- 0b1, mip.STI <- 0b0)
mem[X,0x0000000080001368] -> 0x0513
mem[X,0x000000008000136A] -> 0x6C35
[1356] [M]: 0x0000000080001368 (0x6C350513) addi x10, x10, 0x6c3                    inst_220+20
x10 <- 0xFFFFFFFFFFD2BEC3

mem[X,0x000000008000136C] -> 0x1513
mem[X,0x000000008000136E] -> 0x00A5
[1357] [M]: 0x000000008000136C (0x00A51513) slli x10, x10, 0xa                      inst_220+24
x10 <- 0xFFFFFFFF4AFB0C00

clint mtime 0x00000000000002A7 (mip.MTI <- 0b1, mip.STI <- 0b0)
mem[X,0x0000000080001370] -> 0x0513
mem[X,0x0000000080001372] -> 0x0CD5
[1358] [M]: 0x0000000080001370 (0x0CD50513) addi x10, x10, 0xcd                     inst_220+28
x10 <- 0xFFFFFFFF4AFB0CCD

mem[X,0x0000000080001374] -> 0x0515
[1359] [M]: 0x0000000080001374 (0x0515) c.addi x10, 0x5                             inst_220+32
x10 <- 0xFFFFFFFF4AFB0CD2

clint mtime 0x00000000000002A8 (mip.MTI <- 0b1, mip.STI <- 0b0)
mem[X,0x0000000080001376] -> 0xB023
mem[X,0x0000000080001378] -> 0x60A0
[1360] [M]: 0x0000000080001376 (0x60A0B023) sd x10, 0x600(x1)                       inst_220+34
mem[W,0x00000000800057F8] <- 0xFFFFFFFF4AFB0CD2

mem[X,0x000000008000137A] -> 0x0537
mem[X,0x000000008000137C] -> 0x0000
[1361] [M]: 0x000000008000137A (0x00000537) lui x10, 0x0                            inst_221+0
x10 <- 0x0000000000000000

clint mtime 0x00000000000002A9 (mip.MTI <- 0b1, mip.STI <- 0b0)
mem[X,0x000000008000137E] -> 0x0513
mem[X,0x0000000080001380] -> 0xFFF5
[1362] [M]: 0x000000008000137E (0xFFF50513) addi x10, x10, -0x1                     inst_221+4
x10 <- 0xFFFFFFFFFFFFFFFF

mem[X,0x0000000080001382] -> 0x1513
mem[X,0x0000000080001384] -> 0x00B5
[1363] [M]: 0x0000000080001382 (0x00B51513) slli x10, x10, 0xb                      inst_221+8
x10 <- 0xFFFFFFFFFFFFF800

clint mtime 0x00000000000002AA (mip.MTI <- 0b1, mip.STI <- 0b0)
mem[X,0x0000000080001386] -> 0x0513
mem[X,0x0000000080001388] -> 0x2575
[1364] [M]: 0x0000000080001386 (0x25750513) addi x10, x10, 0x257                    inst_221+12
x10 <- 0xFFFFFFFFFFFFFA57

mem[X,0x000000008000138A] -> 0x1513
mem[X,0x000000008000138C] -> 0x00B5
[1365] [M]: 0x000000008000138A (0x00B51513) slli x10, x10, 0xb                      inst_221+16
x10 <- 0xFFFFFFFFFFD2B800

clint mtime 0x00000000000002AB (mip.MTI <- 0b1, mip.STI <- 0b0)
mem[X,0x000000008000138E] -> 0x0513
mem[X,0x0000000080001390] -> 0x6C35
[1366] [M]: 0x000000008000138E (0x6C350513) addi x10, x10, 0x6c3                    inst_221+20
x10 <- 0xFFFFFFFFFFD2BEC3

mem[X,0x0000000080001392] -> 0x1513
mem[X,0x0000000080001394] -> 0x00A5
[1367] [M]: 0x0000000080001392 (0x00A51513) slli x10, x10, 0xa                      inst_221+24
x10 <- 0xFFFFFFFF4AFB0C00

clint mtime 0x00000000000002AC (mip.MTI <- 0b1, mip.STI <- 0b0)
mem[X,0x0000000080001396] -> 0x0513
mem[X,0x0000000080001398] -> 0x0CD5
[1368] [M]: 0x0000000080001396 (0x0CD50513) addi x10, x10, 0xcd                     inst_221+28
x10 <- 0xFFFFFFFF4AFB0CCD

mem[X,0x000000008000139A] -> 0x0529
[1369] [M]: 0x000000008000139A (0x0529) c.addi x10, 0xa                             inst_221+32
x10 <- 0xFFFFFFFF4AFB0CD7

clint mtime 0x00000000000002AD (mip.MTI <- 0b1, mip.STI <- 0b0)
mem[X,0x000000008000139C] -> 0xB423
mem[X,0x000000008000139E] -> 0x60A0
[1370] [M]: 0x000000008000139C (0x60A0B423) sd x10, 0x608(x1)                       inst_221+34
mem[W,0x0000000080005800] <- 0xFFFFFFFF4AFB0CD7

mem[X,0x00000000800013A0] -> 0x0537
mem[X,0x00000000800013A2] -> 0x0000
[1371] [M]: 0x00000000800013A0 (0x00000537) lui x10, 0x0                            inst_222+0
x10 <- 0x0000000000000000

clint mtime 0x00000000000002AE (mip.MTI <- 0b1, mip.STI <- 0b0)
mem[X,0x00000000800013A4] -> 0x0513
mem[X,0x00000000800013A6] -> 0xFFF5
[1372] [M]: 0x00000000800013A4 (0xFFF50513) addi x10, x10, -0x1                     inst_222+4
x10 <- 0xFFFFFFFFFFFFFFFF

mem[X,0x00000000800013A8] -> 0x1513
mem[X,0x00000000800013AA] -> 0x00B5
[1373] [M]: 0x00000000800013A8 (0x00B51513) slli x10, x10, 0xb                      inst_222+8
x10 <- 0xFFFFFFFFFFFFF800

clint mtime 0x00000000000002AF (mip.MTI <- 0b1, mip.STI <- 0b0)
mem[X,0x00000000800013AC] -> 0x0513
mem[X,0x00000000800013AE] -> 0x2575
[1374] [M]: 0x00000000800013AC (0x25750513) addi x10, x10, 0x257                    inst_222+12
x10 <- 0xFFFFFFFFFFFFFA57

mem[X,0x00000000800013B0] -> 0x1513
mem[X,0x00000000800013B2] -> 0x00B5
[1375] [M]: 0x00000000800013B0 (0x00B51513) slli x10, x10, 0xb                      inst_222+16
x10 <- 0xFFFFFFFFFFD2B800

clint mtime 0x00000000000002B0 (mip.MTI <- 0b1, mip.STI <- 0b0)
mem[X,0x00000000800013B4] -> 0x0513
mem[X,0x00000000800013B6] -> 0x6C35
[1376] [M]: 0x00000000800013B4 (0x6C350513) addi x10, x10, 0x6c3                    inst_222+20
x10 <- 0xFFFFFFFFFFD2BEC3

mem[X,0x00000000800013B8] -> 0x1513
mem[X,0x00000000800013BA] -> 0x00A5
[1377] [M]: 0x00000000800013B8 (0x00A51513) slli x10, x10, 0xa                      inst_222+24
x10 <- 0xFFFFFFFF4AFB0C00

clint mtime 0x00000000000002B1 (mip.MTI <- 0b1, mip.STI <- 0b0)
mem[X,0x00000000800013BC] -> 0x0513
mem[X,0x00000000800013BE] -> 0x0CD5
[1378] [M]: 0x00000000800013BC (0x0CD50513) addi x10, x10, 0xcd                     inst_222+28
x10 <- 0xFFFFFFFF4AFB0CCD

mem[X,0x00000000800013C0] -> 0x0519
[1379] [M]: 0x00000000800013C0 (0x0519) c.addi x10, 0x6                             inst_222+32
x10 <- 0xFFFFFFFF4AFB0CD3

clint mtime 0x00000000000002B2 (mip.MTI <- 0b1, mip.STI <- 0b0)
mem[X,0x00000000800013C2] -> 0xB823
mem[X,0x00000000800013C4] -> 0x60A0
[1380] [M]: 0x00000000800013C2 (0x60A0B823) sd x10, 0x610(x1)                       inst_222+34
mem[W,0x0000000080005808] <- 0xFFFFFFFF4AFB0CD3

mem[X,0x00000000800013C6] -> 0x0537
mem[X,0x00000000800013C8] -> 0x0000
[1381] [M]: 0x00000000800013C6 (0x00000537) lui x10, 0x0                            inst_223+0
x10 <- 0x0000000000000000

clint mtime 0x00000000000002B3 (mip.MTI <- 0b1, mip.STI <- 0b0)
mem[X,0x00000000800013CA] -> 0x0513
mem[X,0x00000000800013CC] -> 0xFFF5
[1382] [M]: 0x00000000800013CA (0xFFF50513) addi x10, x10, -0x1                     inst_223+4
x10 <- 0xFFFFFFFFFFFFFFFF

mem[X,0x00000000800013CE] -> 0x1513
mem[X,0x00000000800013D0] -> 0x00B5
[1383] [M]: 0x00000000800013CE (0x00B51513) slli x10, x10, 0xb                      inst_223+8
x10 <- 0xFFFFFFFFFFFFF800

clint mtime 0x00000000000002B4 (mip.MTI <- 0b1, mip.STI <- 0b0)
mem[X,0x00000000800013D2] -> 0x0513
mem[X,0x00000000800013D4] -> 0x2575
[1384] [M]: 0x00000000800013D2 (0x25750513) addi x10, x10, 0x257                    inst_223+12
x10 <- 0xFFFFFFFFFFFFFA57

mem[X,0x00000000800013D6] -> 0x1513
mem[X,0x00000000800013D8] -> 0x00B5
[1385] [M]: 0x00000000800013D6 (0x00B51513) slli x10, x10, 0xb                      inst_223+16
x10 <- 0xFFFFFFFFFFD2B800

clint mtime 0x00000000000002B5 (mip.MTI <- 0b1, mip.STI <- 0b0)
mem[X,0x00000000800013DA] -> 0x0513
mem[X,0x00000000800013DC] -> 0x6C35
[1386] [M]: 0x00000000800013DA (0x6C350513) addi x10, x10, 0x6c3                    inst_223+20
x10 <- 0xFFFFFFFFFFD2BEC3

mem[X,0x00000000800013DE] -> 0x1513
mem[X,0x00000000800013E0] -> 0x00A5
[1387] [M]: 0x00000000800013DE (0x00A51513) slli x10, x10, 0xa                      inst_223+24
x10 <- 0xFFFFFFFF4AFB0C00

clint mtime 0x00000000000002B6 (mip.MTI <- 0b1, mip.STI <- 0b0)
mem[X,0x00000000800013E2] -> 0x0513
mem[X,0x00000000800013E4] -> 0x0CD5
[1388] [M]: 0x00000000800013E2 (0x0CD50513) addi x10, x10, 0xcd                     inst_223+28
x10 <- 0xFFFFFFFF4AFB0CCD

mem[X,0x00000000800013E6] -> 0x1579
[1389] [M]: 0x00000000800013E6 (0x1579) c.addi x10, -0x2                            inst_223+32
x10 <- 0xFFFFFFFF4AFB0CCB

clint mtime 0x00000000000002B7 (mip.MTI <- 0b1, mip.STI <- 0b0)
mem[X,0x00000000800013E8] -> 0xBC23
mem[X,0x00000000800013EA] -> 0x60A0
[1390] [M]: 0x00000000800013E8 (0x60A0BC23) sd x10, 0x618(x1)                       inst_223+34
mem[W,0x0000000080005810] <- 0xFFFFFFFF4AFB0CCB

mem[X,0x00000000800013EC] -> 0x0537
mem[X,0x00000000800013EE] -> 0x0000
[1391] [M]: 0x00000000800013EC (0x00000537) lui x10, 0x0                            inst_224+0
x10 <- 0x0000000000000000

clint mtime 0x00000000000002B8 (mip.MTI <- 0b1, mip.STI <- 0b0)
mem[X,0x00000000800013F0] -> 0x0513
mem[X,0x00000000800013F2] -> 0xFFF5
[1392] [M]: 0x00000000800013F0 (0xFFF50513) addi x10, x10, -0x1                     inst_224+4
x10 <- 0xFFFFFFFFFFFFFFFF

mem[X,0x00000000800013F4] -> 0x1513
mem[X,0x00000000800013F6] -> 0x00B5
[1393] [M]: 0x00000000800013F4 (0x00B51513) slli x10, x10, 0xb                      inst_224+8
x10 <- 0xFFFFFFFFFFFFF800

clint mtime 0x00000000000002B9 (mip.MTI <- 0b1, mip.STI <- 0b0)
mem[X,0x00000000800013F8] -> 0x0513
mem[X,0x00000000800013FA] -> 0x2575
[1394] [M]: 0x00000000800013F8 (0x25750513) addi x10, x10, 0x257                    inst_224+12
x10 <- 0xFFFFFFFFFFFFFA57

mem[X,0x00000000800013FC] -> 0x1513
mem[X,0x00000000800013FE] -> 0x00B5
[1395] [M]: 0x00000000800013FC (0x00B51513) slli x10, x10, 0xb                      inst_224+16
x10 <- 0xFFFFFFFFFFD2B800

clint mtime 0x00000000000002BA (mip.MTI <- 0b1, mip.STI <- 0b0)
mem[X,0x0000000080001400] -> 0x0513
mem[X,0x0000000080001402] -> 0x6C35
[1396] [M]: 0x0000000080001400 (0x6C350513) addi x10, x10, 0x6c3                    inst_224+20
x10 <- 0xFFFFFFFFFFD2BEC3

mem[X,0x0000000080001404] -> 0x1513
mem[X,0x0000000080001406] -> 0x00A5
[1397] [M]: 0x0000000080001404 (0x00A51513) slli x10, x10, 0xa                      inst_224+24
x10 <- 0xFFFFFFFF4AFB0C00

clint mtime 0x00000000000002BB (mip.MTI <- 0b1, mip.STI <- 0b0)
mem[X,0x0000000080001408] -> 0x0513
mem[X,0x000000008000140A] -> 0x0CD5
[1398] [M]: 0x0000000080001408 (0x0CD50513) addi x10, x10, 0xcd                     inst_224+28
x10 <- 0xFFFFFFFF4AFB0CCD

mem[X,0x000000008000140C] -> 0x156D
[1399] [M]: 0x000000008000140C (0x156D) c.addi x10, -0x5                            inst_224+32
x10 <- 0xFFFFFFFF4AFB0CC8

clint mtime 0x00000000000002BC (mip.MTI <- 0b1, mip.STI <- 0b0)
mem[X,0x000000008000140E] -> 0xB023
mem[X,0x0000000080001410] -> 0x62A0
[1400] [M]: 0x000000008000140E (0x62A0B023) sd x10, 0x620(x1)                       inst_224+34
mem[W,0x0000000080005818] <- 0xFFFFFFFF4AFB0CC8

mem[X,0x0000000080001412] -> 0x0537
mem[X,0x0000000080001414] -> 0x0000
[1401] [M]: 0x0000000080001412 (0x00000537) lui x10, 0x0                            inst_225+0
x10 <- 0x0000000000000000

clint mtime 0x00000000000002BD (mip.MTI <- 0b1, mip.STI <- 0b0)
mem[X,0x0000000080001416] -> 0x0513
mem[X,0x0000000080001418] -> 0xFFF5
[1402] [M]: 0x0000000080001416 (0xFFF50513) addi x10, x10, -0x1                     inst_225+4
x10 <- 0xFFFFFFFFFFFFFFFF

mem[X,0x000000008000141A] -> 0x1513
mem[X,0x000000008000141C] -> 0x00B5
[1403] [M]: 0x000000008000141A (0x00B51513) slli x10, x10, 0xb                      inst_225+8
x10 <- 0xFFFFFFFFFFFFF800

clint mtime 0x00000000000002BE (mip.MTI <- 0b1, mip.STI <- 0b0)
mem[X,0x000000008000141E] -> 0x0513
mem[X,0x0000000080001420] -> 0x2575
[1404] [M]: 0x000000008000141E (0x25750513) addi x10, x10, 0x257                    inst_225+12
x10 <- 0xFFFFFFFFFFFFFA57

mem[X,0x0000000080001422] -> 0x1513
mem[X,0x0000000080001424] -> 0x00B5
[1405] [M]: 0x0000000080001422 (0x00B51513) slli x10, x10, 0xb                      inst_225+16
x10 <- 0xFFFFFFFFFFD2B800

clint mtime 0x00000000000002BF (mip.MTI <- 0b1, mip.STI <- 0b0)
mem[X,0x0000000080001426] -> 0x0513
mem[X,0x0000000080001428] -> 0x6C35
[1406] [M]: 0x0000000080001426 (0x6C350513) addi x10, x10, 0x6c3                    inst_225+20
x10 <- 0xFFFFFFFFFFD2BEC3

mem[X,0x000000008000142A] -> 0x1513
mem[X,0x000000008000142C] -> 0x00A5
[1407] [M]: 0x000000008000142A (0x00A51513) slli x10, x10, 0xa                      inst_225+24
x10 <- 0xFFFFFFFF4AFB0C00

clint mtime 0x00000000000002C0 (mip.MTI <- 0b1, mip.STI <- 0b0)
mem[X,0x000000008000142E] -> 0x0513
mem[X,0x0000000080001430] -> 0x0CD5
[1408] [M]: 0x000000008000142E (0x0CD50513) addi x10, x10, 0xcd                     inst_225+28
x10 <- 0xFFFFFFFF4AFB0CCD

mem[X,0x0000000080001432] -> 0x0509
[1409] [M]: 0x0000000080001432 (0x0509) c.addi x10, 0x2                             inst_225+32
x10 <- 0xFFFFFFFF4AFB0CCF

clint mtime 0x00000000000002C1 (mip.MTI <- 0b1, mip.STI <- 0b0)
mem[X,0x0000000080001434] -> 0xB423
mem[X,0x0000000080001436] -> 0x62A0
[1410] [M]: 0x0000000080001434 (0x62A0B423) sd x10, 0x628(x1)                       inst_225+34
mem[W,0x0000000080005820] <- 0xFFFFFFFF4AFB0CCF

mem[X,0x0000000080001438] -> 0x0537
mem[X,0x000000008000143A] -> 0x0000
[1411] [M]: 0x0000000080001438 (0x00000537) lui x10, 0x0                            inst_226+0
x10 <- 0x0000000000000000

clint mtime 0x00000000000002C2 (mip.MTI <- 0b1, mip.STI <- 0b0)
mem[X,0x000000008000143C] -> 0x0513
mem[X,0x000000008000143E] -> 0xFFF5
[1412] [M]: 0x000000008000143C (0xFFF50513) addi x10, x10, -0x1                     inst_226+4
x10 <- 0xFFFFFFFFFFFFFFFF

mem[X,0x0000000080001440] -> 0x1513
mem[X,0x0000000080001442] -> 0x00B5
[1413] [M]: 0x0000000080001440 (0x00B51513) slli x10, x10, 0xb                      inst_226+8
x10 <- 0xFFFFFFFFFFFFF800

clint mtime 0x00000000000002C3 (mip.MTI <- 0b1, mip.STI <- 0b0)
mem[X,0x0000000080001444] -> 0x0513
mem[X,0x0000000080001446] -> 0x2575
[1414] [M]: 0x0000000080001444 (0x25750513) addi x10, x10, 0x257                    inst_226+12
x10 <- 0xFFFFFFFFFFFFFA57

mem[X,0x0000000080001448] -> 0x1513
mem[X,0x000000008000144A] -> 0x00B5
[1415] [M]: 0x0000000080001448 (0x00B51513) slli x10, x10, 0xb                      inst_226+16
x10 <- 0xFFFFFFFFFFD2B800

clint mtime 0x00000000000002C4 (mip.MTI <- 0b1, mip.STI <- 0b0)
mem[X,0x000000008000144C] -> 0x0513
mem[X,0x000000008000144E] -> 0x6C35
[1416] [M]: 0x000000008000144C (0x6C350513) addi x10, x10, 0x6c3                    inst_226+20
x10 <- 0xFFFFFFFFFFD2BEC3

mem[X,0x0000000080001450] -> 0x1513
mem[X,0x0000000080001452] -> 0x00A5
[1417] [M]: 0x0000000080001450 (0x00A51513) slli x10, x10, 0xa                      inst_226+24
x10 <- 0xFFFFFFFF4AFB0C00

clint mtime 0x00000000000002C5 (mip.MTI <- 0b1, mip.STI <- 0b0)
mem[X,0x0000000080001454] -> 0x0513
mem[X,0x0000000080001456] -> 0x0CD5
[1418] [M]: 0x0000000080001454 (0x0CD50513) addi x10, x10, 0xcd                     inst_226+28
x10 <- 0xFFFFFFFF4AFB0CCD

mem[X,0x0000000080001458] -> 0x0511
[1419] [M]: 0x0000000080001458 (0x0511) c.addi x10, 0x4                             inst_226+32
x10 <- 0xFFFFFFFF4AFB0CD1

clint mtime 0x00000000000002C6 (mip.MTI <- 0b1, mip.STI <- 0b0)
mem[X,0x000000008000145A] -> 0xB823
mem[X,0x000000008000145C] -> 0x62A0
[1420] [M]: 0x000000008000145A (0x62A0B823) sd x10, 0x630(x1)                       inst_226+34
mem[W,0x0000000080005828] <- 0xFFFFFFFF4AFB0CD1

mem[X,0x000000008000145E] -> 0x0537
mem[X,0x0000000080001460] -> 0x0000
[1421] [M]: 0x000000008000145E (0x00000537) lui x10, 0x0                            inst_227+0
x10 <- 0x0000000000000000

clint mtime 0x00000000000002C7 (mip.MTI <- 0b1, mip.STI <- 0b0)
mem[X,0x0000000080001462] -> 0x0513
mem[X,0x0000000080001464] -> 0xFFF5
[1422] [M]: 0x0000000080001462 (0xFFF50513) addi x10, x10, -0x1                     inst_227+4
x10 <- 0xFFFFFFFFFFFFFFFF

mem[X,0x0000000080001466] -> 0x1513
mem[X,0x0000000080001468] -> 0x00B5
[1423] [M]: 0x0000000080001466 (0x00B51513) slli x10, x10, 0xb                      inst_227+8
x10 <- 0xFFFFFFFFFFFFF800

clint mtime 0x00000000000002C8 (mip.MTI <- 0b1, mip.STI <- 0b0)
mem[X,0x000000008000146A] -> 0x0513
mem[X,0x000000008000146C] -> 0x2575
[1424] [M]: 0x000000008000146A (0x25750513) addi x10, x10, 0x257                    inst_227+12
x10 <- 0xFFFFFFFFFFFFFA57

mem[X,0x000000008000146E] -> 0x1513
mem[X,0x0000000080001470] -> 0x00B5
[1425] [M]: 0x000000008000146E (0x00B51513) slli x10, x10, 0xb                      inst_227+16
x10 <- 0xFFFFFFFFFFD2B800

clint mtime 0x00000000000002C9 (mip.MTI <- 0b1, mip.STI <- 0b0)
mem[X,0x0000000080001472] -> 0x0513
mem[X,0x0000000080001474] -> 0x6C35
[1426] [M]: 0x0000000080001472 (0x6C350513) addi x10, x10, 0x6c3                    inst_227+20
x10 <- 0xFFFFFFFFFFD2BEC3

mem[X,0x0000000080001476] -> 0x1513
mem[X,0x0000000080001478] -> 0x00A5
[1427] [M]: 0x0000000080001476 (0x00A51513) slli x10, x10, 0xa                      inst_227+24
x10 <- 0xFFFFFFFF4AFB0C00

clint mtime 0x00000000000002CA (mip.MTI <- 0b1, mip.STI <- 0b0)
mem[X,0x000000008000147A] -> 0x0513
mem[X,0x000000008000147C] -> 0x0CD5
[1428] [M]: 0x000000008000147A (0x0CD50513) addi x10, x10, 0xcd                     inst_227+28
x10 <- 0xFFFFFFFF4AFB0CCD

mem[X,0x000000008000147E] -> 0x0525
[1429] [M]: 0x000000008000147E (0x0525) c.addi x10, 0x9                             inst_227+32
x10 <- 0xFFFFFFFF4AFB0CD6

clint mtime 0x00000000000002CB (mip.MTI <- 0b1, mip.STI <- 0b0)
mem[X,0x0000000080001480] -> 0xBC23
mem[X,0x0000000080001482] -> 0x62A0
[1430] [M]: 0x0000000080001480 (0x62A0BC23) sd x10, 0x638(x1)                       inst_227+34
mem[W,0x0000000080005830] <- 0xFFFFFFFF4AFB0CD6

mem[X,0x0000000080001484] -> 0x0537
mem[X,0x0000000080001486] -> 0x0000
[1431] [M]: 0x0000000080001484 (0x00000537) lui x10, 0x0                            inst_228+0
x10 <- 0x0000000000000000

clint mtime 0x00000000000002CC (mip.MTI <- 0b1, mip.STI <- 0b0)
mem[X,0x0000000080001488] -> 0x0513
mem[X,0x000000008000148A] -> 0xFFF5
[1432] [M]: 0x0000000080001488 (0xFFF50513) addi x10, x10, -0x1                     inst_228+4
x10 <- 0xFFFFFFFFFFFFFFFF

mem[X,0x000000008000148C] -> 0x1513
mem[X,0x000000008000148E] -> 0x00B5
[1433] [M]: 0x000000008000148C (0x00B51513) slli x10, x10, 0xb                      inst_228+8
x10 <- 0xFFFFFFFFFFFFF800

clint mtime 0x00000000000002CD (mip.MTI <- 0b1, mip.STI <- 0b0)
mem[X,0x0000000080001490] -> 0x0513
mem[X,0x0000000080001492] -> 0x2575
[1434] [M]: 0x0000000080001490 (0x25750513) addi x10, x10, 0x257                    inst_228+12
x10 <- 0xFFFFFFFFFFFFFA57

mem[X,0x0000000080001494] -> 0x1513
mem[X,0x0000000080001496] -> 0x00B5
[1435] [M]: 0x0000000080001494 (0x00B51513) slli x10, x10, 0xb                      inst_228+16
x10 <- 0xFFFFFFFFFFD2B800

clint mtime 0x00000000000002CE (mip.MTI <- 0b1, mip.STI <- 0b0)
mem[X,0x0000000080001498] -> 0x0513
mem[X,0x000000008000149A] -> 0x6C35
[1436] [M]: 0x0000000080001498 (0x6C350513) addi x10, x10, 0x6c3                    inst_228+20
x10 <- 0xFFFFFFFFFFD2BEC3

mem[X,0x000000008000149C] -> 0x1513
mem[X,0x000000008000149E] -> 0x00A5
[1437] [M]: 0x000000008000149C (0x00A51513) slli x10, x10, 0xa                      inst_228+24
x10 <- 0xFFFFFFFF4AFB0C00

clint mtime 0x00000000000002CF (mip.MTI <- 0b1, mip.STI <- 0b0)
mem[X,0x00000000800014A0] -> 0x0513
mem[X,0x00000000800014A2] -> 0x0CD5
[1438] [M]: 0x00000000800014A0 (0x0CD50513) addi x10, x10, 0xcd                     inst_228+28
x10 <- 0xFFFFFFFF4AFB0CCD

mem[X,0x00000000800014A4] -> 0x0501
[1439] [M]: 0x00000000800014A4 (0x0501) c.addi x10, 0x0                             inst_228+32
x10 <- 0xFFFFFFFF4AFB0CCD

clint mtime 0x00000000000002D0 (mip.MTI <- 0b1, mip.STI <- 0b0)
mem[X,0x00000000800014A6] -> 0xB023
mem[X,0x00000000800014A8] -> 0x64A0
[1440] [M]: 0x00000000800014A6 (0x64A0B023) sd x10, 0x640(x1)                       inst_228+34
mem[W,0x0000000080005838] <- 0xFFFFFFFF4AFB0CCD

mem[X,0x00000000800014AA] -> 0x0537
mem[X,0x00000000800014AC] -> 0x0000
[1441] [M]: 0x00000000800014AA (0x00000537) lui x10, 0x0                            inst_229+0
x10 <- 0x0000000000000000

clint mtime 0x00000000000002D1 (mip.MTI <- 0b1, mip.STI <- 0b0)
mem[X,0x00000000800014AE] -> 0x0513
mem[X,0x00000000800014B0] -> 0xFFF5
[1442] [M]: 0x00000000800014AE (0xFFF50513) addi x10, x10, -0x1                     inst_229+4
x10 <- 0xFFFFFFFFFFFFFFFF

mem[X,0x00000000800014B2] -> 0x1513
mem[X,0x00000000800014B4] -> 0x00B5
[1443] [M]: 0x00000000800014B2 (0x00B51513) slli x10, x10, 0xb                      inst_229+8
x10 <- 0xFFFFFFFFFFFFF800

clint mtime 0x00000000000002D2 (mip.MTI <- 0b1, mip.STI <- 0b0)
mem[X,0x00000000800014B6] -> 0x0513
mem[X,0x00000000800014B8] -> 0x2575
[1444] [M]: 0x00000000800014B6 (0x25750513) addi x10, x10, 0x257                    inst_229+12
x10 <- 0xFFFFFFFFFFFFFA57

mem[X,0x00000000800014BA] -> 0x1513
mem[X,0x00000000800014BC] -> 0x00B5
[1445] [M]: 0x00000000800014BA (0x00B51513) slli x10, x10, 0xb                      inst_229+16
x10 <- 0xFFFFFFFFFFD2B800

clint mtime 0x00000000000002D3 (mip.MTI <- 0b1, mip.STI <- 0b0)
mem[X,0x00000000800014BE] -> 0x0513
mem[X,0x00000000800014C0] -> 0x6C35
[1446] [M]: 0x00000000800014BE (0x6C350513) addi x10, x10, 0x6c3                    inst_229+20
x10 <- 0xFFFFFFFFFFD2BEC3

mem[X,0x00000000800014C2] -> 0x1513
mem[X,0x00000000800014C4] -> 0x00A5
[1447] [M]: 0x00000000800014C2 (0x00A51513) slli x10, x10, 0xa                      inst_229+24
x10 <- 0xFFFFFFFF4AFB0C00

clint mtime 0x00000000000002D4 (mip.MTI <- 0b1, mip.STI <- 0b0)
mem[X,0x00000000800014C6] -> 0x0513
mem[X,0x00000000800014C8] -> 0x0CD5
[1448] [M]: 0x00000000800014C6 (0x0CD50513) addi x10, x10, 0xcd                     inst_229+28
x10 <- 0xFFFFFFFF4AFB0CCD

mem[X,0x00000000800014CA] -> 0x052D
[1449] [M]: 0x00000000800014CA (0x052D) c.addi x10, 0xb                             inst_229+32
x10 <- 0xFFFFFFFF4AFB0CD8

clint mtime 0x00000000000002D5 (mip.MTI <- 0b1, mip.STI <- 0b0)
mem[X,0x00000000800014CC] -> 0xB423
mem[X,0x00000000800014CE] -> 0x64A0
[1450] [M]: 0x00000000800014CC (0x64A0B423) sd x10, 0x648(x1)                       inst_229+34
mem[W,0x0000000080005840] <- 0xFFFFFFFF4AFB0CD8

mem[X,0x00000000800014D0] -> 0x0537
mem[X,0x00000000800014D2] -> 0x0000
[1451] [M]: 0x00000000800014D0 (0x00000537) lui x10, 0x0                            inst_230+0
x10 <- 0x0000000000000000

clint mtime 0x00000000000002D6 (mip.MTI <- 0b1, mip.STI <- 0b0)
mem[X,0x00000000800014D4] -> 0x0513
mem[X,0x00000000800014D6] -> 0xFFF5
[1452] [M]: 0x00000000800014D4 (0xFFF50513) addi x10, x10, -0x1                     inst_230+4
x10 <- 0xFFFFFFFFFFFFFFFF

mem[X,0x00000000800014D8] -> 0x1513
mem[X,0x00000000800014DA] -> 0x00B5
[1453] [M]: 0x00000000800014D8 (0x00B51513) slli x10, x10, 0xb                      inst_230+8
x10 <- 0xFFFFFFFFFFFFF800

clint mtime 0x00000000000002D7 (mip.MTI <- 0b1, mip.STI <- 0b0)
mem[X,0x00000000800014DC] -> 0x0513
mem[X,0x00000000800014DE] -> 0x2575
[1454] [M]: 0x00000000800014DC (0x25750513) addi x10, x10, 0x257                    inst_230+12
x10 <- 0xFFFFFFFFFFFFFA57

mem[X,0x00000000800014E0] -> 0x1513
mem[X,0x00000000800014E2] -> 0x00B5
[1455] [M]: 0x00000000800014E0 (0x00B51513) slli x10, x10, 0xb                      inst_230+16
x10 <- 0xFFFFFFFFFFD2B800

clint mtime 0x00000000000002D8 (mip.MTI <- 0b1, mip.STI <- 0b0)
mem[X,0x00000000800014E4] -> 0x0513
mem[X,0x00000000800014E6] -> 0x6C35
[1456] [M]: 0x00000000800014E4 (0x6C350513) addi x10, x10, 0x6c3                    inst_230+20
x10 <- 0xFFFFFFFFFFD2BEC3

mem[X,0x00000000800014E8] -> 0x1513
mem[X,0x00000000800014EA] -> 0x00A5
[1457] [M]: 0x00000000800014E8 (0x00A51513) slli x10, x10, 0xa                      inst_230+24
x10 <- 0xFFFFFFFF4AFB0C00

clint mtime 0x00000000000002D9 (mip.MTI <- 0b1, mip.STI <- 0b0)
mem[X,0x00000000800014EC] -> 0x0513
mem[X,0x00000000800014EE] -> 0x0CD5
[1458] [M]: 0x00000000800014EC (0x0CD50513) addi x10, x10, 0xcd                     inst_230+28
x10 <- 0xFFFFFFFF4AFB0CCD

mem[X,0x00000000800014F0] -> 0x051D
[1459] [M]: 0x00000000800014F0 (0x051D) c.addi x10, 0x7                             inst_230+32
x10 <- 0xFFFFFFFF4AFB0CD4

clint mtime 0x00000000000002DA (mip.MTI <- 0b1, mip.STI <- 0b0)
mem[X,0x00000000800014F2] -> 0xB823
mem[X,0x00000000800014F4] -> 0x64A0
[1460] [M]: 0x00000000800014F2 (0x64A0B823) sd x10, 0x650(x1)                       inst_230+34
mem[W,0x0000000080005848] <- 0xFFFFFFFF4AFB0CD4

mem[X,0x00000000800014F6] -> 0x0537
mem[X,0x00000000800014F8] -> 0x0000
[1461] [M]: 0x00000000800014F6 (0x00000537) lui x10, 0x0                            inst_231+0
x10 <- 0x0000000000000000

clint mtime 0x00000000000002DB (mip.MTI <- 0b1, mip.STI <- 0b0)
mem[X,0x00000000800014FA] -> 0x0513
mem[X,0x00000000800014FC] -> 0xFFF5
[1462] [M]: 0x00000000800014FA (0xFFF50513) addi x10, x10, -0x1                     inst_231+4
x10 <- 0xFFFFFFFFFFFFFFFF

mem[X,0x00000000800014FE] -> 0x1513
mem[X,0x0000000080001500] -> 0x00B5
[1463] [M]: 0x00000000800014FE (0x00B51513) slli x10, x10, 0xb                      inst_231+8
x10 <- 0xFFFFFFFFFFFFF800

clint mtime 0x00000000000002DC (mip.MTI <- 0b1, mip.STI <- 0b0)
mem[X,0x0000000080001502] -> 0x0513
mem[X,0x0000000080001504] -> 0x2575
[1464] [M]: 0x0000000080001502 (0x25750513) addi x10, x10, 0x257                    inst_231+12
x10 <- 0xFFFFFFFFFFFFFA57

mem[X,0x0000000080001506] -> 0x1513
mem[X,0x0000000080001508] -> 0x00B5
[1465] [M]: 0x0000000080001506 (0x00B51513) slli x10, x10, 0xb                      inst_231+16
x10 <- 0xFFFFFFFFFFD2B800

clint mtime 0x00000000000002DD (mip.MTI <- 0b1, mip.STI <- 0b0)
mem[X,0x000000008000150A] -> 0x0513
mem[X,0x000000008000150C] -> 0x6C35
[1466] [M]: 0x000000008000150A (0x6C350513) addi x10, x10, 0x6c3                    inst_231+20
x10 <- 0xFFFFFFFFFFD2BEC3

mem[X,0x000000008000150E] -> 0x1513
mem[X,0x0000000080001510] -> 0x00A5
[1467] [M]: 0x000000008000150E (0x00A51513) slli x10, x10, 0xa                      inst_231+24
x10 <- 0xFFFFFFFF4AFB0C00

clint mtime 0x00000000000002DE (mip.MTI <- 0b1, mip.STI <- 0b0)
mem[X,0x0000000080001512] -> 0x0513
mem[X,0x0000000080001514] -> 0x0CD5
[1468] [M]: 0x0000000080001512 (0x0CD50513) addi x10, x10, 0xcd                     inst_231+28
x10 <- 0xFFFFFFFF4AFB0CCD

mem[X,0x0000000080001516] -> 0x157D
[1469] [M]: 0x0000000080001516 (0x157D) c.addi x10, -0x1                            inst_231+32
x10 <- 0xFFFFFFFF4AFB0CCC

clint mtime 0x00000000000002DF (mip.MTI <- 0b1, mip.STI <- 0b0)
mem[X,0x0000000080001518] -> 0xBC23
mem[X,0x000000008000151A] -> 0x64A0
[1470] [M]: 0x0000000080001518 (0x64A0BC23) sd x10, 0x658(x1)                       inst_231+34
mem[W,0x0000000080005850] <- 0xFFFFFFFF4AFB0CCC

mem[X,0x000000008000151C] -> 0x0537
mem[X,0x000000008000151E] -> 0x0000
[1471] [M]: 0x000000008000151C (0x00000537) lui x10, 0x0                            inst_232+0
x10 <- 0x0000000000000000

clint mtime 0x00000000000002E0 (mip.MTI <- 0b1, mip.STI <- 0b0)
mem[X,0x0000000080001520] -> 0x0513
mem[X,0x0000000080001522] -> 0xFFF5
[1472] [M]: 0x0000000080001520 (0xFFF50513) addi x10, x10, -0x1                     inst_232+4
x10 <- 0xFFFFFFFFFFFFFFFF

mem[X,0x0000000080001524] -> 0x1513
mem[X,0x0000000080001526] -> 0x00B5
[1473] [M]: 0x0000000080001524 (0x00B51513) slli x10, x10, 0xb                      inst_232+8
x10 <- 0xFFFFFFFFFFFFF800

clint mtime 0x00000000000002E1 (mip.MTI <- 0b1, mip.STI <- 0b0)
mem[X,0x0000000080001528] -> 0x0513
mem[X,0x000000008000152A] -> 0x2575
[1474] [M]: 0x0000000080001528 (0x25750513) addi x10, x10, 0x257                    inst_232+12
x10 <- 0xFFFFFFFFFFFFFA57

mem[X,0x000000008000152C] -> 0x1513
mem[X,0x000000008000152E] -> 0x00B5
[1475] [M]: 0x000000008000152C (0x00B51513) slli x10, x10, 0xb                      inst_232+16
x10 <- 0xFFFFFFFFFFD2B800

clint mtime 0x00000000000002E2 (mip.MTI <- 0b1, mip.STI <- 0b0)
mem[X,0x0000000080001530] -> 0x0513
mem[X,0x0000000080001532] -> 0x6C35
[1476] [M]: 0x0000000080001530 (0x6C350513) addi x10, x10, 0x6c3                    inst_232+20
x10 <- 0xFFFFFFFFFFD2BEC3

mem[X,0x0000000080001534] -> 0x1513
mem[X,0x0000000080001536] -> 0x00A5
[1477] [M]: 0x0000000080001534 (0x00A51513) slli x10, x10, 0xa                      inst_232+24
x10 <- 0xFFFFFFFF4AFB0C00

clint mtime 0x00000000000002E3 (mip.MTI <- 0b1, mip.STI <- 0b0)
mem[X,0x0000000080001538] -> 0x0513
mem[X,0x000000008000153A] -> 0x0CD5
[1478] [M]: 0x0000000080001538 (0x0CD50513) addi x10, x10, 0xcd                     inst_232+28
x10 <- 0xFFFFFFFF4AFB0CCD

mem[X,0x000000008000153C] -> 0x1571
[1479] [M]: 0x000000008000153C (0x1571) c.addi x10, -0x4                            inst_232+32
x10 <- 0xFFFFFFFF4AFB0CC9

clint mtime 0x00000000000002E4 (mip.MTI <- 0b1, mip.STI <- 0b0)
mem[X,0x000000008000153E] -> 0xB023
mem[X,0x0000000080001540] -> 0x66A0
[1480] [M]: 0x000000008000153E (0x66A0B023) sd x10, 0x660(x1)                       inst_232+34
mem[W,0x0000000080005858] <- 0xFFFFFFFF4AFB0CC9

mem[X,0x0000000080001542] -> 0x0537
mem[X,0x0000000080001544] -> 0x0000
[1481] [M]: 0x0000000080001542 (0x00000537) lui x10, 0x0                            inst_233+0
x10 <- 0x0000000000000000

clint mtime 0x00000000000002E5 (mip.MTI <- 0b1, mip.STI <- 0b0)
mem[X,0x0000000080001546] -> 0x0513
mem[X,0x0000000080001548] -> 0x0005
[1482] [M]: 0x0000000080001546 (0x00050513) addi x10, x10, 0x0                      inst_233+4
x10 <- 0x0000000000000000

mem[X,0x000000008000154A] -> 0x1513
mem[X,0x000000008000154C] -> 0x00B5
[1483] [M]: 0x000000008000154A (0x00B51513) slli x10, x10, 0xb                      inst_233+8
x10 <- 0x0000000000000000

clint mtime 0x00000000000002E6 (mip.MTI <- 0b1, mip.STI <- 0b0)
mem[X,0x000000008000154E] -> 0x0513
mem[X,0x0000000080001550] -> 0x5A85
[1484] [M]: 0x000000008000154E (0x5A850513) addi x10, x10, 0x5a8                    inst_233+12
x10 <- 0x00000000000005A8

mem[X,0x0000000080001552] -> 0x1513
mem[X,0x0000000080001554] -> 0x00B5
[1485] [M]: 0x0000000080001552 (0x00B51513) slli x10, x10, 0xb                      inst_233+16
x10 <- 0x00000000002D4000

clint mtime 0x00000000000002E7 (mip.MTI <- 0b1, mip.STI <- 0b0)
mem[X,0x0000000080001556] -> 0x0513
mem[X,0x0000000080001558] -> 0x13C5
[1486] [M]: 0x0000000080001556 (0x13C50513) addi x10, x10, 0x13c                    inst_233+20
x10 <- 0x00000000002D413C

mem[X,0x000000008000155A] -> 0x1513
mem[X,0x000000008000155C] -> 0x00A5
[1487] [M]: 0x000000008000155A (0x00A51513) slli x10, x10, 0xa                      inst_233+24
x10 <- 0x00000000B504F000

clint mtime 0x00000000000002E8 (mip.MTI <- 0b1, mip.STI <- 0b0)
mem[X,0x000000008000155E] -> 0x0513
mem[X,0x0000000080001560] -> 0x3335
[1488] [M]: 0x000000008000155E (0x33350513) addi x10, x10, 0x333                    inst_233+28
x10 <- 0x00000000B504F333

mem[X,0x0000000080001562] -> 0x050D
[1489] [M]: 0x0000000080001562 (0x050D) c.addi x10, 0x3                             inst_233+32
x10 <- 0x00000000B504F336

clint mtime 0x00000000000002E9 (mip.MTI <- 0b1, mip.STI <- 0b0)
mem[X,0x0000000080001564] -> 0xB423
mem[X,0x0000000080001566] -> 0x66A0
[1490] [M]: 0x0000000080001564 (0x66A0B423) sd x10, 0x668(x1)                       inst_233+34
mem[W,0x0000000080005860] <- 0x00000000B504F336

mem[X,0x0000000080001568] -> 0x0537
mem[X,0x000000008000156A] -> 0x0000
[1491] [M]: 0x0000000080001568 (0x00000537) lui x10, 0x0                            inst_234+0
x10 <- 0x0000000000000000

clint mtime 0x00000000000002EA (mip.MTI <- 0b1, mip.STI <- 0b0)
mem[X,0x000000008000156C] -> 0x0513
mem[X,0x000000008000156E] -> 0x0005
[1492] [M]: 0x000000008000156C (0x00050513) addi x10, x10, 0x0                      inst_234+4
x10 <- 0x0000000000000000

mem[X,0x0000000080001570] -> 0x1513
mem[X,0x0000000080001572] -> 0x00B5
[1493] [M]: 0x0000000080001570 (0x00B51513) slli x10, x10, 0xb                      inst_234+8
x10 <- 0x0000000000000000

clint mtime 0x00000000000002EB (mip.MTI <- 0b1, mip.STI <- 0b0)
mem[X,0x0000000080001574] -> 0x0513
mem[X,0x0000000080001576] -> 0x5A85
[1494] [M]: 0x0000000080001574 (0x5A850513) addi x10, x10, 0x5a8                    inst_234+12
x10 <- 0x00000000000005A8

mem[X,0x0000000080001578] -> 0x1513
mem[X,0x000000008000157A] -> 0x00B5
[1495] [M]: 0x0000000080001578 (0x00B51513) slli x10, x10, 0xb                      inst_234+16
x10 <- 0x00000000002D4000

clint mtime 0x00000000000002EC (mip.MTI <- 0b1, mip.STI <- 0b0)
mem[X,0x000000008000157C] -> 0x0513
mem[X,0x000000008000157E] -> 0x13C5
[1496] [M]: 0x000000008000157C (0x13C50513) addi x10, x10, 0x13c                    inst_234+20
x10 <- 0x00000000002D413C

mem[X,0x0000000080001580] -> 0x1513
mem[X,0x0000000080001582] -> 0x00A5
[1497] [M]: 0x0000000080001580 (0x00A51513) slli x10, x10, 0xa                      inst_234+24
x10 <- 0x00000000B504F000

clint mtime 0x00000000000002ED (mip.MTI <- 0b1, mip.STI <- 0b0)
mem[X,0x0000000080001584] -> 0x0513
mem[X,0x0000000080001586] -> 0x3335
[1498] [M]: 0x0000000080001584 (0x33350513) addi x10, x10, 0x333                    inst_234+28
x10 <- 0x00000000B504F333

mem[X,0x0000000080001588] -> 0x0515
[1499] [M]: 0x0000000080001588 (0x0515) c.addi x10, 0x5                             inst_234+32
x10 <- 0x00000000B504F338

clint mtime 0x00000000000002EE (mip.MTI <- 0b1, mip.STI <- 0b0)
mem[X,0x000000008000158A] -> 0xB823
mem[X,0x000000008000158C] -> 0x66A0
[1500] [M]: 0x000000008000158A (0x66A0B823) sd x10, 0x670(x1)                       inst_234+34
mem[W,0x0000000080005868] <- 0x00000000B504F338

mem[X,0x000000008000158E] -> 0x0537
mem[X,0x0000000080001590] -> 0x0000
[1501] [M]: 0x000000008000158E (0x00000537) lui x10, 0x0                            inst_235+0
x10 <- 0x0000000000000000

clint mtime 0x00000000000002EF (mip.MTI <- 0b1, mip.STI <- 0b0)
mem[X,0x0000000080001592] -> 0x0513
mem[X,0x0000000080001594] -> 0x0005
[1502] [M]: 0x0000000080001592 (0x00050513) addi x10, x10, 0x0                      inst_235+4
x10 <- 0x0000000000000000

mem[X,0x0000000080001596] -> 0x1513
mem[X,0x0000000080001598] -> 0x00B5
[1503] [M]: 0x0000000080001596 (0x00B51513) slli x10, x10, 0xb                      inst_235+8
x10 <- 0x0000000000000000

clint mtime 0x00000000000002F0 (mip.MTI <- 0b1, mip.STI <- 0b0)
mem[X,0x000000008000159A] -> 0x0513
mem[X,0x000000008000159C] -> 0x5A85
[1504] [M]: 0x000000008000159A (0x5A850513) addi x10, x10, 0x5a8                    inst_235+12
x10 <- 0x00000000000005A8

mem[X,0x000000008000159E] -> 0x1513
mem[X,0x00000000800015A0] -> 0x00B5
[1505] [M]: 0x000000008000159E (0x00B51513) slli x10, x10, 0xb                      inst_235+16
x10 <- 0x00000000002D4000

clint mtime 0x00000000000002F1 (mip.MTI <- 0b1, mip.STI <- 0b0)
mem[X,0x00000000800015A2] -> 0x0513
mem[X,0x00000000800015A4] -> 0x13C5
[1506] [M]: 0x00000000800015A2 (0x13C50513) addi x10, x10, 0x13c                    inst_235+20
x10 <- 0x00000000002D413C

mem[X,0x00000000800015A6] -> 0x1513
mem[X,0x00000000800015A8] -> 0x00A5
[1507] [M]: 0x00000000800015A6 (0x00A51513) slli x10, x10, 0xa                      inst_235+24
x10 <- 0x00000000B504F000

clint mtime 0x00000000000002F2 (mip.MTI <- 0b1, mip.STI <- 0b0)
mem[X,0x00000000800015AA] -> 0x0513
mem[X,0x00000000800015AC] -> 0x3335
[1508] [M]: 0x00000000800015AA (0x33350513) addi x10, x10, 0x333                    inst_235+28
x10 <- 0x00000000B504F333

mem[X,0x00000000800015AE] -> 0x0529
[1509] [M]: 0x00000000800015AE (0x0529) c.addi x10, 0xa                             inst_235+32
x10 <- 0x00000000B504F33D

clint mtime 0x00000000000002F3 (mip.MTI <- 0b1, mip.STI <- 0b0)
mem[X,0x00000000800015B0] -> 0xBC23
mem[X,0x00000000800015B2] -> 0x66A0
[1510] [M]: 0x00000000800015B0 (0x66A0BC23) sd x10, 0x678(x1)                       inst_235+34
mem[W,0x0000000080005870] <- 0x00000000B504F33D

mem[X,0x00000000800015B4] -> 0x0537
mem[X,0x00000000800015B6] -> 0x0000
[1511] [M]: 0x00000000800015B4 (0x00000537) lui x10, 0x0                            inst_236+0
x10 <- 0x0000000000000000

clint mtime 0x00000000000002F4 (mip.MTI <- 0b1, mip.STI <- 0b0)
mem[X,0x00000000800015B8] -> 0x0513
mem[X,0x00000000800015BA] -> 0x0005
[1512] [M]: 0x00000000800015B8 (0x00050513) addi x10, x10, 0x0                      inst_236+4
x10 <- 0x0000000000000000

mem[X,0x00000000800015BC] -> 0x1513
mem[X,0x00000000800015BE] -> 0x00B5
[1513] [M]: 0x00000000800015BC (0x00B51513) slli x10, x10, 0xb                      inst_236+8
x10 <- 0x0000000000000000

clint mtime 0x00000000000002F5 (mip.MTI <- 0b1, mip.STI <- 0b0)
mem[X,0x00000000800015C0] -> 0x0513
mem[X,0x00000000800015C2] -> 0x5A85
[1514] [M]: 0x00000000800015C0 (0x5A850513) addi x10, x10, 0x5a8                    inst_236+12
x10 <- 0x00000000000005A8

mem[X,0x00000000800015C4] -> 0x1513
mem[X,0x00000000800015C6] -> 0x00B5
[1515] [M]: 0x00000000800015C4 (0x00B51513) slli x10, x10, 0xb                      inst_236+16
x10 <- 0x00000000002D4000

clint mtime 0x00000000000002F6 (mip.MTI <- 0b1, mip.STI <- 0b0)
mem[X,0x00000000800015C8] -> 0x0513
mem[X,0x00000000800015CA] -> 0x13C5
[1516] [M]: 0x00000000800015C8 (0x13C50513) addi x10, x10, 0x13c                    inst_236+20
x10 <- 0x00000000002D413C

mem[X,0x00000000800015CC] -> 0x1513
mem[X,0x00000000800015CE] -> 0x00A5
[1517] [M]: 0x00000000800015CC (0x00A51513) slli x10, x10, 0xa                      inst_236+24
x10 <- 0x00000000B504F000

clint mtime 0x00000000000002F7 (mip.MTI <- 0b1, mip.STI <- 0b0)
mem[X,0x00000000800015D0] -> 0x0513
mem[X,0x00000000800015D2] -> 0x3335
[1518] [M]: 0x00000000800015D0 (0x33350513) addi x10, x10, 0x333                    inst_236+28
x10 <- 0x00000000B504F333

mem[X,0x00000000800015D4] -> 0x0519
[1519] [M]: 0x00000000800015D4 (0x0519) c.addi x10, 0x6                             inst_236+32
x10 <- 0x00000000B504F339

clint mtime 0x00000000000002F8 (mip.MTI <- 0b1, mip.STI <- 0b0)
mem[X,0x00000000800015D6] -> 0xB023
mem[X,0x00000000800015D8] -> 0x68A0
[1520] [M]: 0x00000000800015D6 (0x68A0B023) sd x10, 0x680(x1)                       inst_236+34
mem[W,0x0000000080005878] <- 0x00000000B504F339

mem[X,0x00000000800015DA] -> 0x0537
mem[X,0x00000000800015DC] -> 0x0000
[1521] [M]: 0x00000000800015DA (0x00000537) lui x10, 0x0                            inst_237+0
x10 <- 0x0000000000000000

clint mtime 0x00000000000002F9 (mip.MTI <- 0b1, mip.STI <- 0b0)
mem[X,0x00000000800015DE] -> 0x0513
mem[X,0x00000000800015E0] -> 0x0005
[1522] [M]: 0x00000000800015DE (0x00050513) addi x10, x10, 0x0                      inst_237+4
x10 <- 0x0000000000000000

mem[X,0x00000000800015E2] -> 0x1513
mem[X,0x00000000800015E4] -> 0x00B5
[1523] [M]: 0x00000000800015E2 (0x00B51513) slli x10, x10, 0xb                      inst_237+8
x10 <- 0x0000000000000000

clint mtime 0x00000000000002FA (mip.MTI <- 0b1, mip.STI <- 0b0)
mem[X,0x00000000800015E6] -> 0x0513
mem[X,0x00000000800015E8] -> 0x5A85
[1524] [M]: 0x00000000800015E6 (0x5A850513) addi x10, x10, 0x5a8                    inst_237+12
x10 <- 0x00000000000005A8

mem[X,0x00000000800015EA] -> 0x1513
mem[X,0x00000000800015EC] -> 0x00B5
[1525] [M]: 0x00000000800015EA (0x00B51513) slli x10, x10, 0xb                      inst_237+16
x10 <- 0x00000000002D4000

clint mtime 0x00000000000002FB (mip.MTI <- 0b1, mip.STI <- 0b0)
mem[X,0x00000000800015EE] -> 0x0513
mem[X,0x00000000800015F0] -> 0x13C5
[1526] [M]: 0x00000000800015EE (0x13C50513) addi x10, x10, 0x13c                    inst_237+20
x10 <- 0x00000000002D413C

mem[X,0x00000000800015F2] -> 0x1513
mem[X,0x00000000800015F4] -> 0x00A5
[1527] [M]: 0x00000000800015F2 (0x00A51513) slli x10, x10, 0xa                      inst_237+24
x10 <- 0x00000000B504F000

clint mtime 0x00000000000002FC (mip.MTI <- 0b1, mip.STI <- 0b0)
mem[X,0x00000000800015F6] -> 0x0513
mem[X,0x00000000800015F8] -> 0x3335
[1528] [M]: 0x00000000800015F6 (0x33350513) addi x10, x10, 0x333                    inst_237+28
x10 <- 0x00000000B504F333

mem[X,0x00000000800015FA] -> 0x1579
[1529] [M]: 0x00000000800015FA (0x1579) c.addi x10, -0x2                            inst_237+32
x10 <- 0x00000000B504F331

clint mtime 0x00000000000002FD (mip.MTI <- 0b1, mip.STI <- 0b0)
mem[X,0x00000000800015FC] -> 0xB423
mem[X,0x00000000800015FE] -> 0x68A0
[1530] [M]: 0x00000000800015FC (0x68A0B423) sd x10, 0x688(x1)                       inst_237+34
mem[W,0x0000000080005880] <- 0x00000000B504F331

mem[X,0x0000000080001600] -> 0x0537
mem[X,0x0000000080001602] -> 0x0000
[1531] [M]: 0x0000000080001600 (0x00000537) lui x10, 0x0                            inst_238+0
x10 <- 0x0000000000000000

clint mtime 0x00000000000002FE (mip.MTI <- 0b1, mip.STI <- 0b0)
mem[X,0x0000000080001604] -> 0x0513
mem[X,0x0000000080001606] -> 0x0005
[1532] [M]: 0x0000000080001604 (0x00050513) addi x10, x10, 0x0                      inst_238+4
x10 <- 0x0000000000000000

mem[X,0x0000000080001608] -> 0x1513
mem[X,0x000000008000160A] -> 0x00B5
[1533] [M]: 0x0000000080001608 (0x00B51513) slli x10, x10, 0xb                      inst_238+8
x10 <- 0x0000000000000000

clint mtime 0x00000000000002FF (mip.MTI <- 0b1, mip.STI <- 0b0)
mem[X,0x000000008000160C] -> 0x0513
mem[X,0x000000008000160E] -> 0x5A85
[1534] [M]: 0x000000008000160C (0x5A850513) addi x10, x10, 0x5a8                    inst_238+12
x10 <- 0x00000000000005A8

mem[X,0x0000000080001610] -> 0x1513
mem[X,0x0000000080001612] -> 0x00B5
[1535] [M]: 0x0000000080001610 (0x00B51513) slli x10, x10, 0xb                      inst_238+16
x10 <- 0x00000000002D4000

clint mtime 0x0000000000000300 (mip.MTI <- 0b1, mip.STI <- 0b0)
mem[X,0x0000000080001614] -> 0x0513
mem[X,0x0000000080001616] -> 0x13C5
[1536] [M]: 0x0000000080001614 (0x13C50513) addi x10, x10, 0x13c                    inst_238+20
x10 <- 0x00000000002D413C

mem[X,0x0000000080001618] -> 0x1513
mem[X,0x000000008000161A] -> 0x00A5
[1537] [M]: 0x0000000080001618 (0x00A51513) slli x10, x10, 0xa                      inst_238+24
x10 <- 0x00000000B504F000

clint mtime 0x0000000000000301 (mip.MTI <- 0b1, mip.STI <- 0b0)
mem[X,0x000000008000161C] -> 0x0513
mem[X,0x000000008000161E] -> 0x3335
[1538] [M]: 0x000000008000161C (0x33350513) addi x10, x10, 0x333                    inst_238+28
x10 <- 0x00000000B504F333

mem[X,0x0000000080001620] -> 0x156D
[1539] [M]: 0x0000000080001620 (0x156D) c.addi x10, -0x5                            inst_238+32
x10 <- 0x00000000B504F32E

clint mtime 0x0000000000000302 (mip.MTI <- 0b1, mip.STI <- 0b0)
mem[X,0x0000000080001622] -> 0xB823
mem[X,0x0000000080001624] -> 0x68A0
[1540] [M]: 0x0000000080001622 (0x68A0B823) sd x10, 0x690(x1)                       inst_238+34
mem[W,0x0000000080005888] <- 0x00000000B504F32E

mem[X,0x0000000080001626] -> 0x0537
mem[X,0x0000000080001628] -> 0x0000
[1541] [M]: 0x0000000080001626 (0x00000537) lui x10, 0x0                            inst_239+0
x10 <- 0x0000000000000000

clint mtime 0x0000000000000303 (mip.MTI <- 0b1, mip.STI <- 0b0)
mem[X,0x000000008000162A] -> 0x0513
mem[X,0x000000008000162C] -> 0x0005
[1542] [M]: 0x000000008000162A (0x00050513) addi x10, x10, 0x0                      inst_239+4
x10 <- 0x0000000000000000

mem[X,0x000000008000162E] -> 0x1513
mem[X,0x0000000080001630] -> 0x00B5
[1543] [M]: 0x000000008000162E (0x00B51513) slli x10, x10, 0xb                      inst_239+8
x10 <- 0x0000000000000000

clint mtime 0x0000000000000304 (mip.MTI <- 0b1, mip.STI <- 0b0)
mem[X,0x0000000080001632] -> 0x0513
mem[X,0x0000000080001634] -> 0x5A85
[1544] [M]: 0x0000000080001632 (0x5A850513) addi x10, x10, 0x5a8                    inst_239+12
x10 <- 0x00000000000005A8

mem[X,0x0000000080001636] -> 0x1513
mem[X,0x0000000080001638] -> 0x00B5
[1545] [M]: 0x0000000080001636 (0x00B51513) slli x10, x10, 0xb                      inst_239+16
x10 <- 0x00000000002D4000

clint mtime 0x0000000000000305 (mip.MTI <- 0b1, mip.STI <- 0b0)
mem[X,0x000000008000163A] -> 0x0513
mem[X,0x000000008000163C] -> 0x13C5
[1546] [M]: 0x000000008000163A (0x13C50513) addi x10, x10, 0x13c                    inst_239+20
x10 <- 0x00000000002D413C

mem[X,0x000000008000163E] -> 0x1513
mem[X,0x0000000080001640] -> 0x00A5
[1547] [M]: 0x000000008000163E (0x00A51513) slli x10, x10, 0xa                      inst_239+24
x10 <- 0x00000000B504F000

clint mtime 0x0000000000000306 (mip.MTI <- 0b1, mip.STI <- 0b0)
mem[X,0x0000000080001642] -> 0x0513
mem[X,0x0000000080001644] -> 0x3335
[1548] [M]: 0x0000000080001642 (0x33350513) addi x10, x10, 0x333                    inst_239+28
x10 <- 0x00000000B504F333

mem[X,0x0000000080001646] -> 0x0509
[1549] [M]: 0x0000000080001646 (0x0509) c.addi x10, 0x2                             inst_239+32
x10 <- 0x00000000B504F335

clint mtime 0x0000000000000307 (mip.MTI <- 0b1, mip.STI <- 0b0)
mem[X,0x0000000080001648] -> 0xBC23
mem[X,0x000000008000164A] -> 0x68A0
[1550] [M]: 0x0000000080001648 (0x68A0BC23) sd x10, 0x698(x1)                       inst_239+34
mem[W,0x0000000080005890] <- 0x00000000B504F335

mem[X,0x000000008000164C] -> 0x0537
mem[X,0x000000008000164E] -> 0x0000
[1551] [M]: 0x000000008000164C (0x00000537) lui x10, 0x0                            inst_240+0
x10 <- 0x0000000000000000

clint mtime 0x0000000000000308 (mip.MTI <- 0b1, mip.STI <- 0b0)
mem[X,0x0000000080001650] -> 0x0513
mem[X,0x0000000080001652] -> 0x0005
[1552] [M]: 0x0000000080001650 (0x00050513) addi x10, x10, 0x0                      inst_240+4
x10 <- 0x0000000000000000

mem[X,0x0000000080001654] -> 0x1513
mem[X,0x0000000080001656] -> 0x00B5
[1553] [M]: 0x0000000080001654 (0x00B51513) slli x10, x10, 0xb                      inst_240+8
x10 <- 0x0000000000000000

clint mtime 0x0000000000000309 (mip.MTI <- 0b1, mip.STI <- 0b0)
mem[X,0x0000000080001658] -> 0x0513
mem[X,0x000000008000165A] -> 0x5A85
[1554] [M]: 0x0000000080001658 (0x5A850513) addi x10, x10, 0x5a8                    inst_240+12
x10 <- 0x00000000000005A8

mem[X,0x000000008000165C] -> 0x1513
mem[X,0x000000008000165E] -> 0x00B5
[1555] [M]: 0x000000008000165C (0x00B51513) slli x10, x10, 0xb                      inst_240+16
x10 <- 0x00000000002D4000

clint mtime 0x000000000000030A (mip.MTI <- 0b1, mip.STI <- 0b0)
mem[X,0x0000000080001660] -> 0x0513
mem[X,0x0000000080001662] -> 0x13C5
[1556] [M]: 0x0000000080001660 (0x13C50513) addi x10, x10, 0x13c                    inst_240+20
x10 <- 0x00000000002D413C

mem[X,0x0000000080001664] -> 0x1513
mem[X,0x0000000080001666] -> 0x00A5
[1557] [M]: 0x0000000080001664 (0x00A51513) slli x10, x10, 0xa                      inst_240+24
x10 <- 0x00000000B504F000

clint mtime 0x000000000000030B (mip.MTI <- 0b1, mip.STI <- 0b0)
mem[X,0x0000000080001668] -> 0x0513
mem[X,0x000000008000166A] -> 0x3335
[1558] [M]: 0x0000000080001668 (0x33350513) addi x10, x10, 0x333                    inst_240+28
x10 <- 0x00000000B504F333

mem[X,0x000000008000166C] -> 0x0511
[1559] [M]: 0x000000008000166C (0x0511) c.addi x10, 0x4                             inst_240+32
x10 <- 0x00000000B504F337

clint mtime 0x000000000000030C (mip.MTI <- 0b1, mip.STI <- 0b0)
mem[X,0x000000008000166E] -> 0xB023
mem[X,0x0000000080001670] -> 0x6AA0
[1560] [M]: 0x000000008000166E (0x6AA0B023) sd x10, 0x6a0(x1)                       inst_240+34
mem[W,0x0000000080005898] <- 0x00000000B504F337

mem[X,0x0000000080001672] -> 0x0537
mem[X,0x0000000080001674] -> 0x0000
[1561] [M]: 0x0000000080001672 (0x00000537) lui x10, 0x0                            inst_241+0
x10 <- 0x0000000000000000

clint mtime 0x000000000000030D (mip.MTI <- 0b1, mip.STI <- 0b0)
mem[X,0x0000000080001676] -> 0x0513
mem[X,0x0000000080001678] -> 0x0005
[1562] [M]: 0x0000000080001676 (0x00050513) addi x10, x10, 0x0                      inst_241+4
x10 <- 0x0000000000000000

mem[X,0x000000008000167A] -> 0x1513
mem[X,0x000000008000167C] -> 0x00B5
[1563] [M]: 0x000000008000167A (0x00B51513) slli x10, x10, 0xb                      inst_241+8
x10 <- 0x0000000000000000

clint mtime 0x000000000000030E (mip.MTI <- 0b1, mip.STI <- 0b0)
mem[X,0x000000008000167E] -> 0x0513
mem[X,0x0000000080001680] -> 0x5A85
[1564] [M]: 0x000000008000167E (0x5A850513) addi x10, x10, 0x5a8                    inst_241+12
x10 <- 0x00000000000005A8

mem[X,0x0000000080001682] -> 0x1513
mem[X,0x0000000080001684] -> 0x00B5
[1565] [M]: 0x0000000080001682 (0x00B51513) slli x10, x10, 0xb                      inst_241+16
x10 <- 0x00000000002D4000

clint mtime 0x000000000000030F (mip.MTI <- 0b1, mip.STI <- 0b0)
mem[X,0x0000000080001686] -> 0x0513
mem[X,0x0000000080001688] -> 0x13C5
[1566] [M]: 0x0000000080001686 (0x13C50513) addi x10, x10, 0x13c                    inst_241+20
x10 <- 0x00000000002D413C

mem[X,0x000000008000168A] -> 0x1513
mem[X,0x000000008000168C] -> 0x00A5
[1567] [M]: 0x000000008000168A (0x00A51513) slli x10, x10, 0xa                      inst_241+24
x10 <- 0x00000000B504F000

clint mtime 0x0000000000000310 (mip.MTI <- 0b1, mip.STI <- 0b0)
mem[X,0x000000008000168E] -> 0x0513
mem[X,0x0000000080001690] -> 0x3335
[1568] [M]: 0x000000008000168E (0x33350513) addi x10, x10, 0x333                    inst_241+28
x10 <- 0x00000000B504F333

mem[X,0x0000000080001692] -> 0x0525
[1569] [M]: 0x0000000080001692 (0x0525) c.addi x10, 0x9                             inst_241+32
x10 <- 0x00000000B504F33C

clint mtime 0x0000000000000311 (mip.MTI <- 0b1, mip.STI <- 0b0)
mem[X,0x0000000080001694] -> 0xB423
mem[X,0x0000000080001696] -> 0x6AA0
[1570] [M]: 0x0000000080001694 (0x6AA0B423) sd x10, 0x6a8(x1)                       inst_241+34
mem[W,0x00000000800058A0] <- 0x00000000B504F33C

mem[X,0x0000000080001698] -> 0x0537
mem[X,0x000000008000169A] -> 0x0000
[1571] [M]: 0x0000000080001698 (0x00000537) lui x10, 0x0                            inst_242+0
x10 <- 0x0000000000000000

clint mtime 0x0000000000000312 (mip.MTI <- 0b1, mip.STI <- 0b0)
mem[X,0x000000008000169C] -> 0x0513
mem[X,0x000000008000169E] -> 0x0005
[1572] [M]: 0x000000008000169C (0x00050513) addi x10, x10, 0x0                      inst_242+4
x10 <- 0x0000000000000000

mem[X,0x00000000800016A0] -> 0x1513
mem[X,0x00000000800016A2] -> 0x00B5
[1573] [M]: 0x00000000800016A0 (0x00B51513) slli x10, x10, 0xb                      inst_242+8
x10 <- 0x0000000000000000

clint mtime 0x0000000000000313 (mip.MTI <- 0b1, mip.STI <- 0b0)
mem[X,0x00000000800016A4] -> 0x0513
mem[X,0x00000000800016A6] -> 0x5A85
[1574] [M]: 0x00000000800016A4 (0x5A850513) addi x10, x10, 0x5a8                    inst_242+12
x10 <- 0x00000000000005A8

mem[X,0x00000000800016A8] -> 0x1513
mem[X,0x00000000800016AA] -> 0x00B5
[1575] [M]: 0x00000000800016A8 (0x00B51513) slli x10, x10, 0xb                      inst_242+16
x10 <- 0x00000000002D4000

clint mtime 0x0000000000000314 (mip.MTI <- 0b1, mip.STI <- 0b0)
mem[X,0x00000000800016AC] -> 0x0513
mem[X,0x00000000800016AE] -> 0x13C5
[1576] [M]: 0x00000000800016AC (0x13C50513) addi x10, x10, 0x13c                    inst_242+20
x10 <- 0x00000000002D413C

mem[X,0x00000000800016B0] -> 0x1513
mem[X,0x00000000800016B2] -> 0x00A5
[1577] [M]: 0x00000000800016B0 (0x00A51513) slli x10, x10, 0xa                      inst_242+24
x10 <- 0x00000000B504F000

clint mtime 0x0000000000000315 (mip.MTI <- 0b1, mip.STI <- 0b0)
mem[X,0x00000000800016B4] -> 0x0513
mem[X,0x00000000800016B6] -> 0x3335
[1578] [M]: 0x00000000800016B4 (0x33350513) addi x10, x10, 0x333                    inst_242+28
x10 <- 0x00000000B504F333

mem[X,0x00000000800016B8] -> 0x0501
[1579] [M]: 0x00000000800016B8 (0x0501) c.addi x10, 0x0                             inst_242+32
x10 <- 0x00000000B504F333

clint mtime 0x0000000000000316 (mip.MTI <- 0b1, mip.STI <- 0b0)
mem[X,0x00000000800016BA] -> 0xB823
mem[X,0x00000000800016BC] -> 0x6AA0
[1580] [M]: 0x00000000800016BA (0x6AA0B823) sd x10, 0x6b0(x1)                       inst_242+34
mem[W,0x00000000800058A8] <- 0x00000000B504F333

mem[X,0x00000000800016BE] -> 0x0537
mem[X,0x00000000800016C0] -> 0x0000
[1581] [M]: 0x00000000800016BE (0x00000537) lui x10, 0x0                            inst_243+0
x10 <- 0x0000000000000000

clint mtime 0x0000000000000317 (mip.MTI <- 0b1, mip.STI <- 0b0)
mem[X,0x00000000800016C2] -> 0x0513
mem[X,0x00000000800016C4] -> 0x0005
[1582] [M]: 0x00000000800016C2 (0x00050513) addi x10, x10, 0x0                      inst_243+4
x10 <- 0x0000000000000000

mem[X,0x00000000800016C6] -> 0x1513
mem[X,0x00000000800016C8] -> 0x00B5
[1583] [M]: 0x00000000800016C6 (0x00B51513) slli x10, x10, 0xb                      inst_243+8
x10 <- 0x0000000000000000

clint mtime 0x0000000000000318 (mip.MTI <- 0b1, mip.STI <- 0b0)
mem[X,0x00000000800016CA] -> 0x0513
mem[X,0x00000000800016CC] -> 0x5A85
[1584] [M]: 0x00000000800016CA (0x5A850513) addi x10, x10, 0x5a8                    inst_243+12
x10 <- 0x00000000000005A8

mem[X,0x00000000800016CE] -> 0x1513
mem[X,0x00000000800016D0] -> 0x00B5
[1585] [M]: 0x00000000800016CE (0x00B51513) slli x10, x10, 0xb                      inst_243+16
x10 <- 0x00000000002D4000

clint mtime 0x0000000000000319 (mip.MTI <- 0b1, mip.STI <- 0b0)
mem[X,0x00000000800016D2] -> 0x0513
mem[X,0x00000000800016D4] -> 0x13C5
[1586] [M]: 0x00000000800016D2 (0x13C50513) addi x10, x10, 0x13c                    inst_243+20
x10 <- 0x00000000002D413C

mem[X,0x00000000800016D6] -> 0x1513
mem[X,0x00000000800016D8] -> 0x00A5
[1587] [M]: 0x00000000800016D6 (0x00A51513) slli x10, x10, 0xa                      inst_243+24
x10 <- 0x00000000B504F000

clint mtime 0x000000000000031A (mip.MTI <- 0b1, mip.STI <- 0b0)
mem[X,0x00000000800016DA] -> 0x0513
mem[X,0x00000000800016DC] -> 0x3335
[1588] [M]: 0x00000000800016DA (0x33350513) addi x10, x10, 0x333                    inst_243+28
x10 <- 0x00000000B504F333

mem[X,0x00000000800016DE] -> 0x052D
[1589] [M]: 0x00000000800016DE (0x052D) c.addi x10, 0xb                             inst_243+32
x10 <- 0x00000000B504F33E

clint mtime 0x000000000000031B (mip.MTI <- 0b1, mip.STI <- 0b0)
mem[X,0x00000000800016E0] -> 0xBC23
mem[X,0x00000000800016E2] -> 0x6AA0
[1590] [M]: 0x00000000800016E0 (0x6AA0BC23) sd x10, 0x6b8(x1)                       inst_243+34
mem[W,0x00000000800058B0] <- 0x00000000B504F33E

mem[X,0x00000000800016E4] -> 0x0537
mem[X,0x00000000800016E6] -> 0x0000
[1591] [M]: 0x00000000800016E4 (0x00000537) lui x10, 0x0                            inst_244+0
x10 <- 0x0000000000000000

clint mtime 0x000000000000031C (mip.MTI <- 0b1, mip.STI <- 0b0)
mem[X,0x00000000800016E8] -> 0x0513
mem[X,0x00000000800016EA] -> 0x0005
[1592] [M]: 0x00000000800016E8 (0x00050513) addi x10, x10, 0x0                      inst_244+4
x10 <- 0x0000000000000000

mem[X,0x00000000800016EC] -> 0x1513
mem[X,0x00000000800016EE] -> 0x00B5
[1593] [M]: 0x00000000800016EC (0x00B51513) slli x10, x10, 0xb                      inst_244+8
x10 <- 0x0000000000000000

clint mtime 0x000000000000031D (mip.MTI <- 0b1, mip.STI <- 0b0)
mem[X,0x00000000800016F0] -> 0x0513
mem[X,0x00000000800016F2] -> 0x5A85
[1594] [M]: 0x00000000800016F0 (0x5A850513) addi x10, x10, 0x5a8                    inst_244+12
x10 <- 0x00000000000005A8

mem[X,0x00000000800016F4] -> 0x1513
mem[X,0x00000000800016F6] -> 0x00B5
[1595] [M]: 0x00000000800016F4 (0x00B51513) slli x10, x10, 0xb                      inst_244+16
x10 <- 0x00000000002D4000

clint mtime 0x000000000000031E (mip.MTI <- 0b1, mip.STI <- 0b0)
mem[X,0x00000000800016F8] -> 0x0513
mem[X,0x00000000800016FA] -> 0x13C5
[1596] [M]: 0x00000000800016F8 (0x13C50513) addi x10, x10, 0x13c                    inst_244+20
x10 <- 0x00000000002D413C

mem[X,0x00000000800016FC] -> 0x1513
mem[X,0x00000000800016FE] -> 0x00A5
[1597] [M]: 0x00000000800016FC (0x00A51513) slli x10, x10, 0xa                      inst_244+24
x10 <- 0x00000000B504F000

clint mtime 0x000000000000031F (mip.MTI <- 0b1, mip.STI <- 0b0)
mem[X,0x0000000080001700] -> 0x0513
mem[X,0x0000000080001702] -> 0x3335
[1598] [M]: 0x0000000080001700 (0x33350513) addi x10, x10, 0x333                    inst_244+28
x10 <- 0x00000000B504F333

mem[X,0x0000000080001704] -> 0x051D
[1599] [M]: 0x0000000080001704 (0x051D) c.addi x10, 0x7                             inst_244+32
x10 <- 0x00000000B504F33A

clint mtime 0x0000000000000320 (mip.MTI <- 0b1, mip.STI <- 0b0)
mem[X,0x0000000080001706] -> 0xB023
mem[X,0x0000000080001708] -> 0x6CA0
[1600] [M]: 0x0000000080001706 (0x6CA0B023) sd x10, 0x6c0(x1)                       inst_244+34
mem[W,0x00000000800058B8] <- 0x00000000B504F33A

mem[X,0x000000008000170A] -> 0x0537
mem[X,0x000000008000170C] -> 0x0000
[1601] [M]: 0x000000008000170A (0x00000537) lui x10, 0x0                            inst_245+0
x10 <- 0x0000000000000000

clint mtime 0x0000000000000321 (mip.MTI <- 0b1, mip.STI <- 0b0)
mem[X,0x000000008000170E] -> 0x0513
mem[X,0x0000000080001710] -> 0x0005
[1602] [M]: 0x000000008000170E (0x00050513) addi x10, x10, 0x0                      inst_245+4
x10 <- 0x0000000000000000

mem[X,0x0000000080001712] -> 0x1513
mem[X,0x0000000080001714] -> 0x00B5
[1603] [M]: 0x0000000080001712 (0x00B51513) slli x10, x10, 0xb                      inst_245+8
x10 <- 0x0000000000000000

clint mtime 0x0000000000000322 (mip.MTI <- 0b1, mip.STI <- 0b0)
mem[X,0x0000000080001716] -> 0x0513
mem[X,0x0000000080001718] -> 0x5A85
[1604] [M]: 0x0000000080001716 (0x5A850513) addi x10, x10, 0x5a8                    inst_245+12
x10 <- 0x00000000000005A8

mem[X,0x000000008000171A] -> 0x1513
mem[X,0x000000008000171C] -> 0x00B5
[1605] [M]: 0x000000008000171A (0x00B51513) slli x10, x10, 0xb                      inst_245+16
x10 <- 0x00000000002D4000

clint mtime 0x0000000000000323 (mip.MTI <- 0b1, mip.STI <- 0b0)
mem[X,0x000000008000171E] -> 0x0513
mem[X,0x0000000080001720] -> 0x13C5
[1606] [M]: 0x000000008000171E (0x13C50513) addi x10, x10, 0x13c                    inst_245+20
x10 <- 0x00000000002D413C

mem[X,0x0000000080001722] -> 0x1513
mem[X,0x0000000080001724] -> 0x00A5
[1607] [M]: 0x0000000080001722 (0x00A51513) slli x10, x10, 0xa                      inst_245+24
x10 <- 0x00000000B504F000

clint mtime 0x0000000000000324 (mip.MTI <- 0b1, mip.STI <- 0b0)
mem[X,0x0000000080001726] -> 0x0513
mem[X,0x0000000080001728] -> 0x3335
[1608] [M]: 0x0000000080001726 (0x33350513) addi x10, x10, 0x333                    inst_245+28
x10 <- 0x00000000B504F333

mem[X,0x000000008000172A] -> 0x157D
[1609] [M]: 0x000000008000172A (0x157D) c.addi x10, -0x1                            inst_245+32
x10 <- 0x00000000B504F332

clint mtime 0x0000000000000325 (mip.MTI <- 0b1, mip.STI <- 0b0)
mem[X,0x000000008000172C] -> 0xB423
mem[X,0x000000008000172E] -> 0x6CA0
[1610] [M]: 0x000000008000172C (0x6CA0B423) sd x10, 0x6c8(x1)                       inst_245+34
mem[W,0x00000000800058C0] <- 0x00000000B504F332

mem[X,0x0000000080001730] -> 0x0537
mem[X,0x0000000080001732] -> 0x0000
[1611] [M]: 0x0000000080001730 (0x00000537) lui x10, 0x0                            inst_246+0
x10 <- 0x0000000000000000

clint mtime 0x0000000000000326 (mip.MTI <- 0b1, mip.STI <- 0b0)
mem[X,0x0000000080001734] -> 0x0513
mem[X,0x0000000080001736] -> 0x0005
[1612] [M]: 0x0000000080001734 (0x00050513) addi x10, x10, 0x0                      inst_246+4
x10 <- 0x0000000000000000

mem[X,0x0000000080001738] -> 0x1513
mem[X,0x000000008000173A] -> 0x00B5
[1613] [M]: 0x0000000080001738 (0x00B51513) slli x10, x10, 0xb                      inst_246+8
x10 <- 0x0000000000000000

clint mtime 0x0000000000000327 (mip.MTI <- 0b1, mip.STI <- 0b0)
mem[X,0x000000008000173C] -> 0x0513
mem[X,0x000000008000173E] -> 0x5A85
[1614] [M]: 0x000000008000173C (0x5A850513) addi x10, x10, 0x5a8                    inst_246+12
x10 <- 0x00000000000005A8

mem[X,0x0000000080001740] -> 0x1513
mem[X,0x0000000080001742] -> 0x00B5
[1615] [M]: 0x0000000080001740 (0x00B51513) slli x10, x10, 0xb                      inst_246+16
x10 <- 0x00000000002D4000

clint mtime 0x0000000000000328 (mip.MTI <- 0b1, mip.STI <- 0b0)
mem[X,0x0000000080001744] -> 0x0513
mem[X,0x0000000080001746] -> 0x13C5
[1616] [M]: 0x0000000080001744 (0x13C50513) addi x10, x10, 0x13c                    inst_246+20
x10 <- 0x00000000002D413C

mem[X,0x0000000080001748] -> 0x1513
mem[X,0x000000008000174A] -> 0x00A5
[1617] [M]: 0x0000000080001748 (0x00A51513) slli x10, x10, 0xa                      inst_246+24
x10 <- 0x00000000B504F000

clint mtime 0x0000000000000329 (mip.MTI <- 0b1, mip.STI <- 0b0)
mem[X,0x000000008000174C] -> 0x0513
mem[X,0x000000008000174E] -> 0x3335
[1618] [M]: 0x000000008000174C (0x33350513) addi x10, x10, 0x333                    inst_246+28
x10 <- 0x00000000B504F333

mem[X,0x0000000080001750] -> 0x1571
[1619] [M]: 0x0000000080001750 (0x1571) c.addi x10, -0x4                            inst_246+32
x10 <- 0x00000000B504F32F

clint mtime 0x000000000000032A (mip.MTI <- 0b1, mip.STI <- 0b0)
mem[X,0x0000000080001752] -> 0xB823
mem[X,0x0000000080001754] -> 0x6CA0
[1620] [M]: 0x0000000080001752 (0x6CA0B823) sd x10, 0x6d0(x1)                       inst_246+34
mem[W,0x00000000800058C8] <- 0x00000000B504F32F

mem[X,0x0000000080001756] -> 0x0513
mem[X,0x0000000080001758] -> 0x0020
[1621] [M]: 0x0000000080001756 (0x00200513) addi x10, x0, 0x2                       inst_247+0
x10 <- 0x0000000000000002

clint mtime 0x000000000000032B (mip.MTI <- 0b1, mip.STI <- 0b0)
mem[X,0x000000008000175A] -> 0x050D
[1622] [M]: 0x000000008000175A (0x050D) c.addi x10, 0x3                             inst_247+4
x10 <- 0x0000000000000005

mem[X,0x000000008000175C] -> 0xBC23
mem[X,0x000000008000175E] -> 0x6CA0
[1623] [M]: 0x000000008000175C (0x6CA0BC23) sd x10, 0x6d8(x1)                       inst_247+6
mem[W,0x00000000800058D0] <- 0x0000000000000005

clint mtime 0x000000000000032C (mip.MTI <- 0b1, mip.STI <- 0b0)
mem[X,0x0000000080001760] -> 0x0513
mem[X,0x0000000080001762] -> 0x0020
[1624] [M]: 0x0000000080001760 (0x00200513) addi x10, x0, 0x2                       inst_248+0
x10 <- 0x0000000000000002

mem[X,0x0000000080001764] -> 0x0529
[1625] [M]: 0x0000000080001764 (0x0529) c.addi x10, 0xa                             inst_248+4
x10 <- 0x000000000000000C

clint mtime 0x000000000000032D (mip.MTI <- 0b1, mip.STI <- 0b0)
mem[X,0x0000000080001766] -> 0xB023
mem[X,0x0000000080001768] -> 0x6EA0
[1626] [M]: 0x0000000080001766 (0x6EA0B023) sd x10, 0x6e0(x1)                       inst_248+6
mem[W,0x00000000800058D8] <- 0x000000000000000C

mem[X,0x000000008000176A] -> 0x0513
mem[X,0x000000008000176C] -> 0x0020
[1627] [M]: 0x000000008000176A (0x00200513) addi x10, x0, 0x2                       inst_249+0
x10 <- 0x0000000000000002

clint mtime 0x000000000000032E (mip.MTI <- 0b1, mip.STI <- 0b0)
mem[X,0x000000008000176E] -> 0x0519
[1628] [M]: 0x000000008000176E (0x0519) c.addi x10, 0x6                             inst_249+4
x10 <- 0x0000000000000008

mem[X,0x0000000080001770] -> 0xB423
mem[X,0x0000000080001772] -> 0x6EA0
[1629] [M]: 0x0000000080001770 (0x6EA0B423) sd x10, 0x6e8(x1)                       inst_249+6
mem[W,0x00000000800058E0] <- 0x0000000000000008

clint mtime 0x000000000000032F (mip.MTI <- 0b1, mip.STI <- 0b0)
mem[X,0x0000000080001774] -> 0x0513
mem[X,0x0000000080001776] -> 0x0020
[1630] [M]: 0x0000000080001774 (0x00200513) addi x10, x0, 0x2                       inst_250+0
x10 <- 0x0000000000000002

mem[X,0x0000000080001778] -> 0x1579
[1631] [M]: 0x0000000080001778 (0x1579) c.addi x10, -0x2                            inst_250+4
x10 <- 0x0000000000000000

clint mtime 0x0000000000000330 (mip.MTI <- 0b1, mip.STI <- 0b0)
mem[X,0x000000008000177A] -> 0xB823
mem[X,0x000000008000177C] -> 0x6EA0
[1632] [M]: 0x000000008000177A (0x6EA0B823) sd x10, 0x6f0(x1)                       inst_250+6
mem[W,0x00000000800058E8] <- 0x0000000000000000

mem[X,0x000000008000177E] -> 0x0513
mem[X,0x0000000080001780] -> 0x0020
[1633] [M]: 0x000000008000177E (0x00200513) addi x10, x0, 0x2                       inst_251+0
x10 <- 0x0000000000000002

clint mtime 0x0000000000000331 (mip.MTI <- 0b1, mip.STI <- 0b0)
mem[X,0x0000000080001782] -> 0x156D
[1634] [M]: 0x0000000080001782 (0x156D) c.addi x10, -0x5                            inst_251+4
x10 <- 0xFFFFFFFFFFFFFFFD

mem[X,0x0000000080001784] -> 0xBC23
mem[X,0x0000000080001786] -> 0x6EA0
[1635] [M]: 0x0000000080001784 (0x6EA0BC23) sd x10, 0x6f8(x1)                       inst_251+6
mem[W,0x00000000800058F0] <- 0xFFFFFFFFFFFFFFFD

clint mtime 0x0000000000000332 (mip.MTI <- 0b1, mip.STI <- 0b0)
mem[X,0x0000000080001788] -> 0x0513
mem[X,0x000000008000178A] -> 0x0020
[1636] [M]: 0x0000000080001788 (0x00200513) addi x10, x0, 0x2                       inst_252+0
x10 <- 0x0000000000000002

mem[X,0x000000008000178C] -> 0x0509
[1637] [M]: 0x000000008000178C (0x0509) c.addi x10, 0x2                             inst_252+4
x10 <- 0x0000000000000004

clint mtime 0x0000000000000333 (mip.MTI <- 0b1, mip.STI <- 0b0)
mem[X,0x000000008000178E] -> 0xB023
mem[X,0x0000000080001790] -> 0x70A0
[1638] [M]: 0x000000008000178E (0x70A0B023) sd x10, 0x700(x1)                       inst_252+6
mem[W,0x00000000800058F8] <- 0x0000000000000004

mem[X,0x0000000080001792] -> 0x0513
mem[X,0x0000000080001794] -> 0x0020
[1639] [M]: 0x0000000080001792 (0x00200513) addi x10, x0, 0x2                       inst_253+0
x10 <- 0x0000000000000002

clint mtime 0x0000000000000334 (mip.MTI <- 0b1, mip.STI <- 0b0)
mem[X,0x0000000080001796] -> 0x0511
[1640] [M]: 0x0000000080001796 (0x0511) c.addi x10, 0x4                             inst_253+4
x10 <- 0x0000000000000006

mem[X,0x0000000080001798] -> 0xB423
mem[X,0x000000008000179A] -> 0x70A0
[1641] [M]: 0x0000000080001798 (0x70A0B423) sd x10, 0x708(x1)                       inst_253+6
mem[W,0x0000000080005900] <- 0x0000000000000006

clint mtime 0x0000000000000335 (mip.MTI <- 0b1, mip.STI <- 0b0)
mem[X,0x000000008000179C] -> 0x0513
mem[X,0x000000008000179E] -> 0x0020
[1642] [M]: 0x000000008000179C (0x00200513) addi x10, x0, 0x2                       inst_254+0
x10 <- 0x0000000000000002

mem[X,0x00000000800017A0] -> 0x0525
[1643] [M]: 0x00000000800017A0 (0x0525) c.addi x10, 0x9                             inst_254+4
x10 <- 0x000000000000000B

clint mtime 0x0000000000000336 (mip.MTI <- 0b1, mip.STI <- 0b0)
mem[X,0x00000000800017A2] -> 0xB823
mem[X,0x00000000800017A4] -> 0x70A0
[1644] [M]: 0x00000000800017A2 (0x70A0B823) sd x10, 0x710(x1)                       inst_254+6
mem[W,0x0000000080005908] <- 0x000000000000000B

mem[X,0x00000000800017A6] -> 0x0513
mem[X,0x00000000800017A8] -> 0x0020
[1645] [M]: 0x00000000800017A6 (0x00200513) addi x10, x0, 0x2                       inst_255+0
x10 <- 0x0000000000000002

clint mtime 0x0000000000000337 (mip.MTI <- 0b1, mip.STI <- 0b0)
mem[X,0x00000000800017AA] -> 0x0501
[1646] [M]: 0x00000000800017AA (0x0501) c.addi x10, 0x0                             inst_255+4
x10 <- 0x0000000000000002

mem[X,0x00000000800017AC] -> 0xBC23
mem[X,0x00000000800017AE] -> 0x70A0
[1647] [M]: 0x00000000800017AC (0x70A0BC23) sd x10, 0x718(x1)                       inst_255+6
mem[W,0x0000000080005910] <- 0x0000000000000002

clint mtime 0x0000000000000338 (mip.MTI <- 0b1, mip.STI <- 0b0)
mem[X,0x00000000800017B0] -> 0x0513
mem[X,0x00000000800017B2] -> 0x0020
[1648] [M]: 0x00000000800017B0 (0x00200513) addi x10, x0, 0x2                       inst_256+0
x10 <- 0x0000000000000002

mem[X,0x00000000800017B4] -> 0x052D
[1649] [M]: 0x00000000800017B4 (0x052D) c.addi x10, 0xb                             inst_256+4
x10 <- 0x000000000000000D

clint mtime 0x0000000000000339 (mip.MTI <- 0b1, mip.STI <- 0b0)
mem[X,0x00000000800017B6] -> 0xB023
mem[X,0x00000000800017B8] -> 0x72A0
[1650] [M]: 0x00000000800017B6 (0x72A0B023) sd x10, 0x720(x1)                       inst_256+6
mem[W,0x0000000080005918] <- 0x000000000000000D

mem[X,0x00000000800017BA] -> 0x0513
mem[X,0x00000000800017BC] -> 0x0020
[1651] [M]: 0x00000000800017BA (0x00200513) addi x10, x0, 0x2                       inst_257+0
x10 <- 0x0000000000000002

clint mtime 0x000000000000033A (mip.MTI <- 0b1, mip.STI <- 0b0)
mem[X,0x00000000800017BE] -> 0x051D
[1652] [M]: 0x00000000800017BE (0x051D) c.addi x10, 0x7                             inst_257+4
x10 <- 0x0000000000000009

mem[X,0x00000000800017C0] -> 0xB423
mem[X,0x00000000800017C2] -> 0x72A0
[1653] [M]: 0x00000000800017C0 (0x72A0B423) sd x10, 0x728(x1)                       inst_257+6
mem[W,0x0000000080005920] <- 0x0000000000000009

clint mtime 0x000000000000033B (mip.MTI <- 0b1, mip.STI <- 0b0)
mem[X,0x00000000800017C4] -> 0x0513
mem[X,0x00000000800017C6] -> 0x0020
[1654] [M]: 0x00000000800017C4 (0x00200513) addi x10, x0, 0x2                       inst_258+0
x10 <- 0x0000000000000002

mem[X,0x00000000800017C8] -> 0x157D
[1655] [M]: 0x00000000800017C8 (0x157D) c.addi x10, -0x1                            inst_258+4
x10 <- 0x0000000000000001

clint mtime 0x000000000000033C (mip.MTI <- 0b1, mip.STI <- 0b0)
mem[X,0x00000000800017CA] -> 0xB823
mem[X,0x00000000800017CC] -> 0x72A0
[1656] [M]: 0x00000000800017CA (0x72A0B823) sd x10, 0x730(x1)                       inst_258+6
mem[W,0x0000000080005928] <- 0x0000000000000001

mem[X,0x00000000800017CE] -> 0x0513
mem[X,0x00000000800017D0] -> 0x0020
[1657] [M]: 0x00000000800017CE (0x00200513) addi x10, x0, 0x2                       inst_259+0
x10 <- 0x0000000000000002

clint mtime 0x000000000000033D (mip.MTI <- 0b1, mip.STI <- 0b0)
mem[X,0x00000000800017D2] -> 0x1571
[1658] [M]: 0x00000000800017D2 (0x1571) c.addi x10, -0x4                            inst_259+4
x10 <- 0xFFFFFFFFFFFFFFFE

mem[X,0x00000000800017D4] -> 0xBC23
mem[X,0x00000000800017D6] -> 0x72A0
[1659] [M]: 0x00000000800017D4 (0x72A0BC23) sd x10, 0x738(x1)                       inst_259+6
mem[W,0x0000000080005930] <- 0xFFFFFFFFFFFFFFFE

clint mtime 0x000000000000033E (mip.MTI <- 0b1, mip.STI <- 0b0)
mem[X,0x00000000800017D8] -> 0x5537
mem[X,0x00000000800017DA] -> 0x5555
[1660] [M]: 0x00000000800017D8 (0x55555537) lui x10, 0x55555                        inst_260+0
x10 <- 0x0000000055555000

mem[X,0x00000000800017DC] -> 0x0513
mem[X,0x00000000800017DE] -> 0x5555
[1661] [M]: 0x00000000800017DC (0x55550513) addi x10, x10, 0x555                    inst_260+4
x10 <- 0x0000000055555555

clint mtime 0x000000000000033F (mip.MTI <- 0b1, mip.STI <- 0b0)
mem[X,0x00000000800017E0] -> 0x1513
mem[X,0x00000000800017E2] -> 0x00B5
[1662] [M]: 0x00000000800017E0 (0x00B51513) slli x10, x10, 0xb                      inst_260+8
x10 <- 0x000002AAAAAAA800

mem[X,0x00000000800017E4] -> 0x0513
mem[X,0x00000000800017E6] -> 0x2AA5
[1663] [M]: 0x00000000800017E4 (0x2AA50513) addi x10, x10, 0x2aa                    inst_260+12
x10 <- 0x000002AAAAAAAAAA

clint mtime 0x0000000000000340 (mip.MTI <- 0b1, mip.STI <- 0b0)
mem[X,0x00000000800017E8] -> 0x1513
mem[X,0x00000000800017EA] -> 0x00B5
[1664] [M]: 0x00000000800017E8 (0x00B51513) slli x10, x10, 0xb                      inst_260+16
x10 <- 0x0015555555555000

mem[X,0x00000000800017EC] -> 0x0513
mem[X,0x00000000800017EE] -> 0x5555
[1665] [M]: 0x00000000800017EC (0x55550513) addi x10, x10, 0x555                    inst_260+20
x10 <- 0x0015555555555555

clint mtime 0x0000000000000341 (mip.MTI <- 0b1, mip.STI <- 0b0)
mem[X,0x00000000800017F0] -> 0x1513
mem[X,0x00000000800017F2] -> 0x00A5
[1666] [M]: 0x00000000800017F0 (0x00A51513) slli x10, x10, 0xa                      inst_260+24
x10 <- 0x5555555555555400

mem[X,0x00000000800017F4] -> 0x0513
mem[X,0x00000000800017F6] -> 0x1545
[1667] [M]: 0x00000000800017F4 (0x15450513) addi x10, x10, 0x154                    inst_260+28
x10 <- 0x5555555555555554

clint mtime 0x0000000000000342 (mip.MTI <- 0b1, mip.STI <- 0b0)
mem[X,0x00000000800017F8] -> 0x050D
[1668] [M]: 0x00000000800017F8 (0x050D) c.addi x10, 0x3                             inst_260+32
x10 <- 0x5555555555555557

mem[X,0x00000000800017FA] -> 0xB023
mem[X,0x00000000800017FC] -> 0x74A0
[1669] [M]: 0x00000000800017FA (0x74A0B023) sd x10, 0x740(x1)                       inst_260+34
mem[W,0x0000000080005938] <- 0x5555555555555557

clint mtime 0x0000000000000343 (mip.MTI <- 0b1, mip.STI <- 0b0)
mem[X,0x00000000800017FE] -> 0x5537
mem[X,0x0000000080001800] -> 0x5555
[1670] [M]: 0x00000000800017FE (0x55555537) lui x10, 0x55555                        inst_261+0
x10 <- 0x0000000055555000

mem[X,0x0000000080001802] -> 0x0513
mem[X,0x0000000080001804] -> 0x5555
[1671] [M]: 0x0000000080001802 (0x55550513) addi x10, x10, 0x555                    inst_261+4
x10 <- 0x0000000055555555

clint mtime 0x0000000000000344 (mip.MTI <- 0b1, mip.STI <- 0b0)
mem[X,0x0000000080001806] -> 0x1513
mem[X,0x0000000080001808] -> 0x00B5
[1672] [M]: 0x0000000080001806 (0x00B51513) slli x10, x10, 0xb                      inst_261+8
x10 <- 0x000002AAAAAAA800

mem[X,0x000000008000180A] -> 0x0513
mem[X,0x000000008000180C] -> 0x2AA5
[1673] [M]: 0x000000008000180A (0x2AA50513) addi x10, x10, 0x2aa                    inst_261+12
x10 <- 0x000002AAAAAAAAAA

clint mtime 0x0000000000000345 (mip.MTI <- 0b1, mip.STI <- 0b0)
mem[X,0x000000008000180E] -> 0x1513
mem[X,0x0000000080001810] -> 0x00B5
[1674] [M]: 0x000000008000180E (0x00B51513) slli x10, x10, 0xb                      inst_261+16
x10 <- 0x0015555555555000

mem[X,0x0000000080001812] -> 0x0513
mem[X,0x0000000080001814] -> 0x5555
[1675] [M]: 0x0000000080001812 (0x55550513) addi x10, x10, 0x555                    inst_261+20
x10 <- 0x0015555555555555

clint mtime 0x0000000000000346 (mip.MTI <- 0b1, mip.STI <- 0b0)
mem[X,0x0000000080001816] -> 0x1513
mem[X,0x0000000080001818] -> 0x00A5
[1676] [M]: 0x0000000080001816 (0x00A51513) slli x10, x10, 0xa                      inst_261+24
x10 <- 0x5555555555555400

mem[X,0x000000008000181A] -> 0x0513
mem[X,0x000000008000181C] -> 0x1545
[1677] [M]: 0x000000008000181A (0x15450513) addi x10, x10, 0x154                    inst_261+28
x10 <- 0x5555555555555554

clint mtime 0x0000000000000347 (mip.MTI <- 0b1, mip.STI <- 0b0)
mem[X,0x000000008000181E] -> 0x0515
[1678] [M]: 0x000000008000181E (0x0515) c.addi x10, 0x5                             inst_261+32
x10 <- 0x5555555555555559

mem[X,0x0000000080001820] -> 0xB423
mem[X,0x0000000080001822] -> 0x74A0
[1679] [M]: 0x0000000080001820 (0x74A0B423) sd x10, 0x748(x1)                       inst_261+34
mem[W,0x0000000080005940] <- 0x5555555555555559

clint mtime 0x0000000000000348 (mip.MTI <- 0b1, mip.STI <- 0b0)
mem[X,0x0000000080001824] -> 0x5537
mem[X,0x0000000080001826] -> 0x5555
[1680] [M]: 0x0000000080001824 (0x55555537) lui x10, 0x55555                        inst_262+0
x10 <- 0x0000000055555000

mem[X,0x0000000080001828] -> 0x0513
mem[X,0x000000008000182A] -> 0x5555
[1681] [M]: 0x0000000080001828 (0x55550513) addi x10, x10, 0x555                    inst_262+4
x10 <- 0x0000000055555555

clint mtime 0x0000000000000349 (mip.MTI <- 0b1, mip.STI <- 0b0)
mem[X,0x000000008000182C] -> 0x1513
mem[X,0x000000008000182E] -> 0x00B5
[1682] [M]: 0x000000008000182C (0x00B51513) slli x10, x10, 0xb                      inst_262+8
x10 <- 0x000002AAAAAAA800

mem[X,0x0000000080001830] -> 0x0513
mem[X,0x0000000080001832] -> 0x2AA5
[1683] [M]: 0x0000000080001830 (0x2AA50513) addi x10, x10, 0x2aa                    inst_262+12
x10 <- 0x000002AAAAAAAAAA

clint mtime 0x000000000000034A (mip.MTI <- 0b1, mip.STI <- 0b0)
mem[X,0x0000000080001834] -> 0x1513
mem[X,0x0000000080001836] -> 0x00B5
[1684] [M]: 0x0000000080001834 (0x00B51513) slli x10, x10, 0xb                      inst_262+16
x10 <- 0x0015555555555000

mem[X,0x0000000080001838] -> 0x0513
mem[X,0x000000008000183A] -> 0x5555
[1685] [M]: 0x0000000080001838 (0x55550513) addi x10, x10, 0x555                    inst_262+20
x10 <- 0x0015555555555555

clint mtime 0x000000000000034B (mip.MTI <- 0b1, mip.STI <- 0b0)
mem[X,0x000000008000183C] -> 0x1513
mem[X,0x000000008000183E] -> 0x00A5
[1686] [M]: 0x000000008000183C (0x00A51513) slli x10, x10, 0xa                      inst_262+24
x10 <- 0x5555555555555400

mem[X,0x0000000080001840] -> 0x0513
mem[X,0x0000000080001842] -> 0x1545
[1687] [M]: 0x0000000080001840 (0x15450513) addi x10, x10, 0x154                    inst_262+28
x10 <- 0x5555555555555554

clint mtime 0x000000000000034C (mip.MTI <- 0b1, mip.STI <- 0b0)
mem[X,0x0000000080001844] -> 0x0529
[1688] [M]: 0x0000000080001844 (0x0529) c.addi x10, 0xa                             inst_262+32
x10 <- 0x555555555555555E

mem[X,0x0000000080001846] -> 0xB823
mem[X,0x0000000080001848] -> 0x74A0
[1689] [M]: 0x0000000080001846 (0x74A0B823) sd x10, 0x750(x1)                       inst_262+34
mem[W,0x0000000080005948] <- 0x555555555555555E

clint mtime 0x000000000000034D (mip.MTI <- 0b1, mip.STI <- 0b0)
mem[X,0x000000008000184A] -> 0x5537
mem[X,0x000000008000184C] -> 0x5555
[1690] [M]: 0x000000008000184A (0x55555537) lui x10, 0x55555                        inst_263+0
x10 <- 0x0000000055555000

mem[X,0x000000008000184E] -> 0x0513
mem[X,0x0000000080001850] -> 0x5555
[1691] [M]: 0x000000008000184E (0x55550513) addi x10, x10, 0x555                    inst_263+4
x10 <- 0x0000000055555555

clint mtime 0x000000000000034E (mip.MTI <- 0b1, mip.STI <- 0b0)
mem[X,0x0000000080001852] -> 0x1513
mem[X,0x0000000080001854] -> 0x00B5
[1692] [M]: 0x0000000080001852 (0x00B51513) slli x10, x10, 0xb                      inst_263+8
x10 <- 0x000002AAAAAAA800

mem[X,0x0000000080001856] -> 0x0513
mem[X,0x0000000080001858] -> 0x2AA5
[1693] [M]: 0x0000000080001856 (0x2AA50513) addi x10, x10, 0x2aa                    inst_263+12
x10 <- 0x000002AAAAAAAAAA

clint mtime 0x000000000000034F (mip.MTI <- 0b1, mip.STI <- 0b0)
mem[X,0x000000008000185A] -> 0x1513
mem[X,0x000000008000185C] -> 0x00B5
[1694] [M]: 0x000000008000185A (0x00B51513) slli x10, x10, 0xb                      inst_263+16
x10 <- 0x0015555555555000

mem[X,0x000000008000185E] -> 0x0513
mem[X,0x0000000080001860] -> 0x5555
[1695] [M]: 0x000000008000185E (0x55550513) addi x10, x10, 0x555                    inst_263+20
x10 <- 0x0015555555555555

clint mtime 0x0000000000000350 (mip.MTI <- 0b1, mip.STI <- 0b0)
mem[X,0x0000000080001862] -> 0x1513
mem[X,0x0000000080001864] -> 0x00A5
[1696] [M]: 0x0000000080001862 (0x00A51513) slli x10, x10, 0xa                      inst_263+24
x10 <- 0x5555555555555400

mem[X,0x0000000080001866] -> 0x0513
mem[X,0x0000000080001868] -> 0x1545
[1697] [M]: 0x0000000080001866 (0x15450513) addi x10, x10, 0x154                    inst_263+28
x10 <- 0x5555555555555554

clint mtime 0x0000000000000351 (mip.MTI <- 0b1, mip.STI <- 0b0)
mem[X,0x000000008000186A] -> 0x0519
[1698] [M]: 0x000000008000186A (0x0519) c.addi x10, 0x6                             inst_263+32
x10 <- 0x555555555555555A

mem[X,0x000000008000186C] -> 0xBC23
mem[X,0x000000008000186E] -> 0x74A0
[1699] [M]: 0x000000008000186C (0x74A0BC23) sd x10, 0x758(x1)                       inst_263+34
mem[W,0x0000000080005950] <- 0x555555555555555A

clint mtime 0x0000000000000352 (mip.MTI <- 0b1, mip.STI <- 0b0)
mem[X,0x0000000080001870] -> 0x5537
mem[X,0x0000000080001872] -> 0x5555
[1700] [M]: 0x0000000080001870 (0x55555537) lui x10, 0x55555                        inst_264+0
x10 <- 0x0000000055555000

mem[X,0x0000000080001874] -> 0x0513
mem[X,0x0000000080001876] -> 0x5555
[1701] [M]: 0x0000000080001874 (0x55550513) addi x10, x10, 0x555                    inst_264+4
x10 <- 0x0000000055555555

clint mtime 0x0000000000000353 (mip.MTI <- 0b1, mip.STI <- 0b0)
mem[X,0x0000000080001878] -> 0x1513
mem[X,0x000000008000187A] -> 0x00B5
[1702] [M]: 0x0000000080001878 (0x00B51513) slli x10, x10, 0xb                      inst_264+8
x10 <- 0x000002AAAAAAA800

mem[X,0x000000008000187C] -> 0x0513
mem[X,0x000000008000187E] -> 0x2AA5
[1703] [M]: 0x000000008000187C (0x2AA50513) addi x10, x10, 0x2aa                    inst_264+12
x10 <- 0x000002AAAAAAAAAA

clint mtime 0x0000000000000354 (mip.MTI <- 0b1, mip.STI <- 0b0)
mem[X,0x0000000080001880] -> 0x1513
mem[X,0x0000000080001882] -> 0x00B5
[1704] [M]: 0x0000000080001880 (0x00B51513) slli x10, x10, 0xb                      inst_264+16
x10 <- 0x0015555555555000

mem[X,0x0000000080001884] -> 0x0513
mem[X,0x0000000080001886] -> 0x5555
[1705] [M]: 0x0000000080001884 (0x55550513) addi x10, x10, 0x555                    inst_264+20
x10 <- 0x0015555555555555

clint mtime 0x0000000000000355 (mip.MTI <- 0b1, mip.STI <- 0b0)
mem[X,0x0000000080001888] -> 0x1513
mem[X,0x000000008000188A] -> 0x00A5
[1706] [M]: 0x0000000080001888 (0x00A51513) slli x10, x10, 0xa                      inst_264+24
x10 <- 0x5555555555555400

mem[X,0x000000008000188C] -> 0x0513
mem[X,0x000000008000188E] -> 0x1545
[1707] [M]: 0x000000008000188C (0x15450513) addi x10, x10, 0x154                    inst_264+28
x10 <- 0x5555555555555554

clint mtime 0x0000000000000356 (mip.MTI <- 0b1, mip.STI <- 0b0)
mem[X,0x0000000080001890] -> 0x1579
[1708] [M]: 0x0000000080001890 (0x1579) c.addi x10, -0x2                            inst_264+32
x10 <- 0x5555555555555552

mem[X,0x0000000080001892] -> 0xB023
mem[X,0x0000000080001894] -> 0x76A0
[1709] [M]: 0x0000000080001892 (0x76A0B023) sd x10, 0x760(x1)                       inst_264+34
mem[W,0x0000000080005958] <- 0x5555555555555552

clint mtime 0x0000000000000357 (mip.MTI <- 0b1, mip.STI <- 0b0)
mem[X,0x0000000080001896] -> 0x5537
mem[X,0x0000000080001898] -> 0x5555
[1710] [M]: 0x0000000080001896 (0x55555537) lui x10, 0x55555                        inst_265+0
x10 <- 0x0000000055555000

mem[X,0x000000008000189A] -> 0x0513
mem[X,0x000000008000189C] -> 0x5555
[1711] [M]: 0x000000008000189A (0x55550513) addi x10, x10, 0x555                    inst_265+4
x10 <- 0x0000000055555555

clint mtime 0x0000000000000358 (mip.MTI <- 0b1, mip.STI <- 0b0)
mem[X,0x000000008000189E] -> 0x1513
mem[X,0x00000000800018A0] -> 0x00B5
[1712] [M]: 0x000000008000189E (0x00B51513) slli x10, x10, 0xb                      inst_265+8
x10 <- 0x000002AAAAAAA800

mem[X,0x00000000800018A2] -> 0x0513
mem[X,0x00000000800018A4] -> 0x2AA5
[1713] [M]: 0x00000000800018A2 (0x2AA50513) addi x10, x10, 0x2aa                    inst_265+12
x10 <- 0x000002AAAAAAAAAA

clint mtime 0x0000000000000359 (mip.MTI <- 0b1, mip.STI <- 0b0)
mem[X,0x00000000800018A6] -> 0x1513
mem[X,0x00000000800018A8] -> 0x00B5
[1714] [M]: 0x00000000800018A6 (0x00B51513) slli x10, x10, 0xb                      inst_265+16
x10 <- 0x0015555555555000

mem[X,0x00000000800018AA] -> 0x0513
mem[X,0x00000000800018AC] -> 0x5555
[1715] [M]: 0x00000000800018AA (0x55550513) addi x10, x10, 0x555                    inst_265+20
x10 <- 0x0015555555555555

clint mtime 0x000000000000035A (mip.MTI <- 0b1, mip.STI <- 0b0)
mem[X,0x00000000800018AE] -> 0x1513
mem[X,0x00000000800018B0] -> 0x00A5
[1716] [M]: 0x00000000800018AE (0x00A51513) slli x10, x10, 0xa                      inst_265+24
x10 <- 0x5555555555555400

mem[X,0x00000000800018B2] -> 0x0513
mem[X,0x00000000800018B4] -> 0x1545
[1717] [M]: 0x00000000800018B2 (0x15450513) addi x10, x10, 0x154                    inst_265+28
x10 <- 0x5555555555555554

clint mtime 0x000000000000035B (mip.MTI <- 0b1, mip.STI <- 0b0)
mem[X,0x00000000800018B6] -> 0x156D
[1718] [M]: 0x00000000800018B6 (0x156D) c.addi x10, -0x5                            inst_265+32
x10 <- 0x555555555555554F

mem[X,0x00000000800018B8] -> 0xB423
mem[X,0x00000000800018BA] -> 0x76A0
[1719] [M]: 0x00000000800018B8 (0x76A0B423) sd x10, 0x768(x1)                       inst_265+34
mem[W,0x0000000080005960] <- 0x555555555555554F

clint mtime 0x000000000000035C (mip.MTI <- 0b1, mip.STI <- 0b0)
mem[X,0x00000000800018BC] -> 0x5537
mem[X,0x00000000800018BE] -> 0x5555
[1720] [M]: 0x00000000800018BC (0x55555537) lui x10, 0x55555                        inst_266+0
x10 <- 0x0000000055555000

mem[X,0x00000000800018C0] -> 0x0513
mem[X,0x00000000800018C2] -> 0x5555
[1721] [M]: 0x00000000800018C0 (0x55550513) addi x10, x10, 0x555                    inst_266+4
x10 <- 0x0000000055555555

clint mtime 0x000000000000035D (mip.MTI <- 0b1, mip.STI <- 0b0)
mem[X,0x00000000800018C4] -> 0x1513
mem[X,0x00000000800018C6] -> 0x00B5
[1722] [M]: 0x00000000800018C4 (0x00B51513) slli x10, x10, 0xb                      inst_266+8
x10 <- 0x000002AAAAAAA800

mem[X,0x00000000800018C8] -> 0x0513
mem[X,0x00000000800018CA] -> 0x2AA5
[1723] [M]: 0x00000000800018C8 (0x2AA50513) addi x10, x10, 0x2aa                    inst_266+12
x10 <- 0x000002AAAAAAAAAA

clint mtime 0x000000000000035E (mip.MTI <- 0b1, mip.STI <- 0b0)
mem[X,0x00000000800018CC] -> 0x1513
mem[X,0x00000000800018CE] -> 0x00B5
[1724] [M]: 0x00000000800018CC (0x00B51513) slli x10, x10, 0xb                      inst_266+16
x10 <- 0x0015555555555000

mem[X,0x00000000800018D0] -> 0x0513
mem[X,0x00000000800018D2] -> 0x5555
[1725] [M]: 0x00000000800018D0 (0x55550513) addi x10, x10, 0x555                    inst_266+20
x10 <- 0x0015555555555555

clint mtime 0x000000000000035F (mip.MTI <- 0b1, mip.STI <- 0b0)
mem[X,0x00000000800018D4] -> 0x1513
mem[X,0x00000000800018D6] -> 0x00A5
[1726] [M]: 0x00000000800018D4 (0x00A51513) slli x10, x10, 0xa                      inst_266+24
x10 <- 0x5555555555555400

mem[X,0x00000000800018D8] -> 0x0513
mem[X,0x00000000800018DA] -> 0x1545
[1727] [M]: 0x00000000800018D8 (0x15450513) addi x10, x10, 0x154                    inst_266+28
x10 <- 0x5555555555555554

clint mtime 0x0000000000000360 (mip.MTI <- 0b1, mip.STI <- 0b0)
mem[X,0x00000000800018DC] -> 0x0509
[1728] [M]: 0x00000000800018DC (0x0509) c.addi x10, 0x2                             inst_266+32
x10 <- 0x5555555555555556

mem[X,0x00000000800018DE] -> 0xB823
mem[X,0x00000000800018E0] -> 0x76A0
[1729] [M]: 0x00000000800018DE (0x76A0B823) sd x10, 0x770(x1)                       inst_266+34
mem[W,0x0000000080005968] <- 0x5555555555555556

clint mtime 0x0000000000000361 (mip.MTI <- 0b1, mip.STI <- 0b0)
mem[X,0x00000000800018E2] -> 0x5537
mem[X,0x00000000800018E4] -> 0x5555
[1730] [M]: 0x00000000800018E2 (0x55555537) lui x10, 0x55555                        inst_267+0
x10 <- 0x0000000055555000

mem[X,0x00000000800018E6] -> 0x0513
mem[X,0x00000000800018E8] -> 0x5555
[1731] [M]: 0x00000000800018E6 (0x55550513) addi x10, x10, 0x555                    inst_267+4
x10 <- 0x0000000055555555

clint mtime 0x0000000000000362 (mip.MTI <- 0b1, mip.STI <- 0b0)
mem[X,0x00000000800018EA] -> 0x1513
mem[X,0x00000000800018EC] -> 0x00B5
[1732] [M]: 0x00000000800018EA (0x00B51513) slli x10, x10, 0xb                      inst_267+8
x10 <- 0x000002AAAAAAA800

mem[X,0x00000000800018EE] -> 0x0513
mem[X,0x00000000800018F0] -> 0x2AA5
[1733] [M]: 0x00000000800018EE (0x2AA50513) addi x10, x10, 0x2aa                    inst_267+12
x10 <- 0x000002AAAAAAAAAA

clint mtime 0x0000000000000363 (mip.MTI <- 0b1, mip.STI <- 0b0)
mem[X,0x00000000800018F2] -> 0x1513
mem[X,0x00000000800018F4] -> 0x00B5
[1734] [M]: 0x00000000800018F2 (0x00B51513) slli x10, x10, 0xb                      inst_267+16
x10 <- 0x0015555555555000

mem[X,0x00000000800018F6] -> 0x0513
mem[X,0x00000000800018F8] -> 0x5555
[1735] [M]: 0x00000000800018F6 (0x55550513) addi x10, x10, 0x555                    inst_267+20
x10 <- 0x0015555555555555

clint mtime 0x0000000000000364 (mip.MTI <- 0b1, mip.STI <- 0b0)
mem[X,0x00000000800018FA] -> 0x1513
mem[X,0x00000000800018FC] -> 0x00A5
[1736] [M]: 0x00000000800018FA (0x00A51513) slli x10, x10, 0xa                      inst_267+24
x10 <- 0x5555555555555400

mem[X,0x00000000800018FE] -> 0x0513
mem[X,0x0000000080001900] -> 0x1545
[1737] [M]: 0x00000000800018FE (0x15450513) addi x10, x10, 0x154                    inst_267+28
x10 <- 0x5555555555555554

clint mtime 0x0000000000000365 (mip.MTI <- 0b1, mip.STI <- 0b0)
mem[X,0x0000000080001902] -> 0x0511
[1738] [M]: 0x0000000080001902 (0x0511) c.addi x10, 0x4                             inst_267+32
x10 <- 0x5555555555555558

mem[X,0x0000000080001904] -> 0xBC23
mem[X,0x0000000080001906] -> 0x76A0
[1739] [M]: 0x0000000080001904 (0x76A0BC23) sd x10, 0x778(x1)                       inst_267+34
mem[W,0x0000000080005970] <- 0x5555555555555558

clint mtime 0x0000000000000366 (mip.MTI <- 0b1, mip.STI <- 0b0)
mem[X,0x0000000080001908] -> 0x5537
mem[X,0x000000008000190A] -> 0x5555
[1740] [M]: 0x0000000080001908 (0x55555537) lui x10, 0x55555                        inst_268+0
x10 <- 0x0000000055555000

mem[X,0x000000008000190C] -> 0x0513
mem[X,0x000000008000190E] -> 0x5555
[1741] [M]: 0x000000008000190C (0x55550513) addi x10, x10, 0x555                    inst_268+4
x10 <- 0x0000000055555555

clint mtime 0x0000000000000367 (mip.MTI <- 0b1, mip.STI <- 0b0)
mem[X,0x0000000080001910] -> 0x1513
mem[X,0x0000000080001912] -> 0x00B5
[1742] [M]: 0x0000000080001910 (0x00B51513) slli x10, x10, 0xb                      inst_268+8
x10 <- 0x000002AAAAAAA800

mem[X,0x0000000080001914] -> 0x0513
mem[X,0x0000000080001916] -> 0x2AA5
[1743] [M]: 0x0000000080001914 (0x2AA50513) addi x10, x10, 0x2aa                    inst_268+12
x10 <- 0x000002AAAAAAAAAA

clint mtime 0x0000000000000368 (mip.MTI <- 0b1, mip.STI <- 0b0)
mem[X,0x0000000080001918] -> 0x1513
mem[X,0x000000008000191A] -> 0x00B5
[1744] [M]: 0x0000000080001918 (0x00B51513) slli x10, x10, 0xb                      inst_268+16
x10 <- 0x0015555555555000

mem[X,0x000000008000191C] -> 0x0513
mem[X,0x000000008000191E] -> 0x5555
[1745] [M]: 0x000000008000191C (0x55550513) addi x10, x10, 0x555                    inst_268+20
x10 <- 0x0015555555555555

clint mtime 0x0000000000000369 (mip.MTI <- 0b1, mip.STI <- 0b0)
mem[X,0x0000000080001920] -> 0x1513
mem[X,0x0000000080001922] -> 0x00A5
[1746] [M]: 0x0000000080001920 (0x00A51513) slli x10, x10, 0xa                      inst_268+24
x10 <- 0x5555555555555400

mem[X,0x0000000080001924] -> 0x0513
mem[X,0x0000000080001926] -> 0x1545
[1747] [M]: 0x0000000080001924 (0x15450513) addi x10, x10, 0x154                    inst_268+28
x10 <- 0x5555555555555554

clint mtime 0x000000000000036A (mip.MTI <- 0b1, mip.STI <- 0b0)
mem[X,0x0000000080001928] -> 0x0525
[1748] [M]: 0x0000000080001928 (0x0525) c.addi x10, 0x9                             inst_268+32
x10 <- 0x555555555555555D

mem[X,0x000000008000192A] -> 0xB023
mem[X,0x000000008000192C] -> 0x78A0
[1749] [M]: 0x000000008000192A (0x78A0B023) sd x10, 0x780(x1)                       inst_268+34
mem[W,0x0000000080005978] <- 0x555555555555555D

clint mtime 0x000000000000036B (mip.MTI <- 0b1, mip.STI <- 0b0)
mem[X,0x000000008000192E] -> 0x5537
mem[X,0x0000000080001930] -> 0x5555
[1750] [M]: 0x000000008000192E (0x55555537) lui x10, 0x55555                        inst_269+0
x10 <- 0x0000000055555000

mem[X,0x0000000080001932] -> 0x0513
mem[X,0x0000000080001934] -> 0x5555
[1751] [M]: 0x0000000080001932 (0x55550513) addi x10, x10, 0x555                    inst_269+4
x10 <- 0x0000000055555555

clint mtime 0x000000000000036C (mip.MTI <- 0b1, mip.STI <- 0b0)
mem[X,0x0000000080001936] -> 0x1513
mem[X,0x0000000080001938] -> 0x00B5
[1752] [M]: 0x0000000080001936 (0x00B51513) slli x10, x10, 0xb                      inst_269+8
x10 <- 0x000002AAAAAAA800

mem[X,0x000000008000193A] -> 0x0513
mem[X,0x000000008000193C] -> 0x2AA5
[1753] [M]: 0x000000008000193A (0x2AA50513) addi x10, x10, 0x2aa                    inst_269+12
x10 <- 0x000002AAAAAAAAAA

clint mtime 0x000000000000036D (mip.MTI <- 0b1, mip.STI <- 0b0)
mem[X,0x000000008000193E] -> 0x1513
mem[X,0x0000000080001940] -> 0x00B5
[1754] [M]: 0x000000008000193E (0x00B51513) slli x10, x10, 0xb                      inst_269+16
x10 <- 0x0015555555555000

mem[X,0x0000000080001942] -> 0x0513
mem[X,0x0000000080001944] -> 0x5555
[1755] [M]: 0x0000000080001942 (0x55550513) addi x10, x10, 0x555                    inst_269+20
x10 <- 0x0015555555555555

clint mtime 0x000000000000036E (mip.MTI <- 0b1, mip.STI <- 0b0)
mem[X,0x0000000080001946] -> 0x1513
mem[X,0x0000000080001948] -> 0x00A5
[1756] [M]: 0x0000000080001946 (0x00A51513) slli x10, x10, 0xa                      inst_269+24
x10 <- 0x5555555555555400

mem[X,0x000000008000194A] -> 0x0513
mem[X,0x000000008000194C] -> 0x1545
[1757] [M]: 0x000000008000194A (0x15450513) addi x10, x10, 0x154                    inst_269+28
x10 <- 0x5555555555555554

clint mtime 0x000000000000036F (mip.MTI <- 0b1, mip.STI <- 0b0)
mem[X,0x000000008000194E] -> 0x0501
[1758] [M]: 0x000000008000194E (0x0501) c.addi x10, 0x0                             inst_269+32
x10 <- 0x5555555555555554

mem[X,0x0000000080001950] -> 0xB423
mem[X,0x0000000080001952] -> 0x78A0
[1759] [M]: 0x0000000080001950 (0x78A0B423) sd x10, 0x788(x1)                       inst_269+34
mem[W,0x0000000080005980] <- 0x5555555555555554

clint mtime 0x0000000000000370 (mip.MTI <- 0b1, mip.STI <- 0b0)
mem[X,0x0000000080001954] -> 0x5537
mem[X,0x0000000080001956] -> 0x5555
[1760] [M]: 0x0000000080001954 (0x55555537) lui x10, 0x55555                        inst_270+0
x10 <- 0x0000000055555000

mem[X,0x0000000080001958] -> 0x0513
mem[X,0x000000008000195A] -> 0x5555
[1761] [M]: 0x0000000080001958 (0x55550513) addi x10, x10, 0x555                    inst_270+4
x10 <- 0x0000000055555555

clint mtime 0x0000000000000371 (mip.MTI <- 0b1, mip.STI <- 0b0)
mem[X,0x000000008000195C] -> 0x1513
mem[X,0x000000008000195E] -> 0x00B5
[1762] [M]: 0x000000008000195C (0x00B51513) slli x10, x10, 0xb                      inst_270+8
x10 <- 0x000002AAAAAAA800

mem[X,0x0000000080001960] -> 0x0513
mem[X,0x0000000080001962] -> 0x2AA5
[1763] [M]: 0x0000000080001960 (0x2AA50513) addi x10, x10, 0x2aa                    inst_270+12
x10 <- 0x000002AAAAAAAAAA

clint mtime 0x0000000000000372 (mip.MTI <- 0b1, mip.STI <- 0b0)
mem[X,0x0000000080001964] -> 0x1513
mem[X,0x0000000080001966] -> 0x00B5
[1764] [M]: 0x0000000080001964 (0x00B51513) slli x10, x10, 0xb                      inst_270+16
x10 <- 0x0015555555555000

mem[X,0x0000000080001968] -> 0x0513
mem[X,0x000000008000196A] -> 0x5555
[1765] [M]: 0x0000000080001968 (0x55550513) addi x10, x10, 0x555                    inst_270+20
x10 <- 0x0015555555555555

clint mtime 0x0000000000000373 (mip.MTI <- 0b1, mip.STI <- 0b0)
mem[X,0x000000008000196C] -> 0x1513
mem[X,0x000000008000196E] -> 0x00A5
[1766] [M]: 0x000000008000196C (0x00A51513) slli x10, x10, 0xa                      inst_270+24
x10 <- 0x5555555555555400

mem[X,0x0000000080001970] -> 0x0513
mem[X,0x0000000080001972] -> 0x1545
[1767] [M]: 0x0000000080001970 (0x15450513) addi x10, x10, 0x154                    inst_270+28
x10 <- 0x5555555555555554

clint mtime 0x0000000000000374 (mip.MTI <- 0b1, mip.STI <- 0b0)
mem[X,0x0000000080001974] -> 0x052D
[1768] [M]: 0x0000000080001974 (0x052D) c.addi x10, 0xb                             inst_270+32
x10 <- 0x555555555555555F

mem[X,0x0000000080001976] -> 0xB823
mem[X,0x0000000080001978] -> 0x78A0
[1769] [M]: 0x0000000080001976 (0x78A0B823) sd x10, 0x790(x1)                       inst_270+34
mem[W,0x0000000080005988] <- 0x555555555555555F

clint mtime 0x0000000000000375 (mip.MTI <- 0b1, mip.STI <- 0b0)
mem[X,0x000000008000197A] -> 0x5537
mem[X,0x000000008000197C] -> 0x5555
[1770] [M]: 0x000000008000197A (0x55555537) lui x10, 0x55555                        inst_271+0
x10 <- 0x0000000055555000

mem[X,0x000000008000197E] -> 0x0513
mem[X,0x0000000080001980] -> 0x5555
[1771] [M]: 0x000000008000197E (0x55550513) addi x10, x10, 0x555                    inst_271+4
x10 <- 0x0000000055555555

clint mtime 0x0000000000000376 (mip.MTI <- 0b1, mip.STI <- 0b0)
mem[X,0x0000000080001982] -> 0x1513
mem[X,0x0000000080001984] -> 0x00B5
[1772] [M]: 0x0000000080001982 (0x00B51513) slli x10, x10, 0xb                      inst_271+8
x10 <- 0x000002AAAAAAA800

mem[X,0x0000000080001986] -> 0x0513
mem[X,0x0000000080001988] -> 0x2AA5
[1773] [M]: 0x0000000080001986 (0x2AA50513) addi x10, x10, 0x2aa                    inst_271+12
x10 <- 0x000002AAAAAAAAAA

clint mtime 0x0000000000000377 (mip.MTI <- 0b1, mip.STI <- 0b0)
mem[X,0x000000008000198A] -> 0x1513
mem[X,0x000000008000198C] -> 0x00B5
[1774] [M]: 0x000000008000198A (0x00B51513) slli x10, x10, 0xb                      inst_271+16
x10 <- 0x0015555555555000

mem[X,0x000000008000198E] -> 0x0513
mem[X,0x0000000080001990] -> 0x5555
[1775] [M]: 0x000000008000198E (0x55550513) addi x10, x10, 0x555                    inst_271+20
x10 <- 0x0015555555555555

clint mtime 0x0000000000000378 (mip.MTI <- 0b1, mip.STI <- 0b0)
mem[X,0x0000000080001992] -> 0x1513
mem[X,0x0000000080001994] -> 0x00A5
[1776] [M]: 0x0000000080001992 (0x00A51513) slli x10, x10, 0xa                      inst_271+24
x10 <- 0x5555555555555400

mem[X,0x0000000080001996] -> 0x0513
mem[X,0x0000000080001998] -> 0x1545
[1777] [M]: 0x0000000080001996 (0x15450513) addi x10, x10, 0x154                    inst_271+28
x10 <- 0x5555555555555554

clint mtime 0x0000000000000379 (mip.MTI <- 0b1, mip.STI <- 0b0)
mem[X,0x000000008000199A] -> 0x051D
[1778] [M]: 0x000000008000199A (0x051D) c.addi x10, 0x7                             inst_271+32
x10 <- 0x555555555555555B

mem[X,0x000000008000199C] -> 0xBC23
mem[X,0x000000008000199E] -> 0x78A0
[1779] [M]: 0x000000008000199C (0x78A0BC23) sd x10, 0x798(x1)                       inst_271+34
mem[W,0x0000000080005990] <- 0x555555555555555B

clint mtime 0x000000000000037A (mip.MTI <- 0b1, mip.STI <- 0b0)
mem[X,0x00000000800019A0] -> 0x5537
mem[X,0x00000000800019A2] -> 0x5555
[1780] [M]: 0x00000000800019A0 (0x55555537) lui x10, 0x55555                        inst_272+0
x10 <- 0x0000000055555000

mem[X,0x00000000800019A4] -> 0x0513
mem[X,0x00000000800019A6] -> 0x5555
[1781] [M]: 0x00000000800019A4 (0x55550513) addi x10, x10, 0x555                    inst_272+4
x10 <- 0x0000000055555555

clint mtime 0x000000000000037B (mip.MTI <- 0b1, mip.STI <- 0b0)
mem[X,0x00000000800019A8] -> 0x1513
mem[X,0x00000000800019AA] -> 0x00B5
[1782] [M]: 0x00000000800019A8 (0x00B51513) slli x10, x10, 0xb                      inst_272+8
x10 <- 0x000002AAAAAAA800

mem[X,0x00000000800019AC] -> 0x0513
mem[X,0x00000000800019AE] -> 0x2AA5
[1783] [M]: 0x00000000800019AC (0x2AA50513) addi x10, x10, 0x2aa                    inst_272+12
x10 <- 0x000002AAAAAAAAAA

clint mtime 0x000000000000037C (mip.MTI <- 0b1, mip.STI <- 0b0)
mem[X,0x00000000800019B0] -> 0x1513
mem[X,0x00000000800019B2] -> 0x00B5
[1784] [M]: 0x00000000800019B0 (0x00B51513) slli x10, x10, 0xb                      inst_272+16
x10 <- 0x0015555555555000

mem[X,0x00000000800019B4] -> 0x0513
mem[X,0x00000000800019B6] -> 0x5555
[1785] [M]: 0x00000000800019B4 (0x55550513) addi x10, x10, 0x555                    inst_272+20
x10 <- 0x0015555555555555

clint mtime 0x000000000000037D (mip.MTI <- 0b1, mip.STI <- 0b0)
mem[X,0x00000000800019B8] -> 0x1513
mem[X,0x00000000800019BA] -> 0x00A5
[1786] [M]: 0x00000000800019B8 (0x00A51513) slli x10, x10, 0xa                      inst_272+24
x10 <- 0x5555555555555400

mem[X,0x00000000800019BC] -> 0x0513
mem[X,0x00000000800019BE] -> 0x1545
[1787] [M]: 0x00000000800019BC (0x15450513) addi x10, x10, 0x154                    inst_272+28
x10 <- 0x5555555555555554

clint mtime 0x000000000000037E (mip.MTI <- 0b1, mip.STI <- 0b0)
mem[X,0x00000000800019C0] -> 0x157D
[1788] [M]: 0x00000000800019C0 (0x157D) c.addi x10, -0x1                            inst_272+32
x10 <- 0x5555555555555553

mem[X,0x00000000800019C2] -> 0xB023
mem[X,0x00000000800019C4] -> 0x7AA0
[1789] [M]: 0x00000000800019C2 (0x7AA0B023) sd x10, 0x7a0(x1)                       inst_272+34
mem[W,0x0000000080005998] <- 0x5555555555555553

clint mtime 0x000000000000037F (mip.MTI <- 0b1, mip.STI <- 0b0)
mem[X,0x00000000800019C6] -> 0x5537
mem[X,0x00000000800019C8] -> 0x5555
[1790] [M]: 0x00000000800019C6 (0x55555537) lui x10, 0x55555                        inst_273+0
x10 <- 0x0000000055555000

mem[X,0x00000000800019CA] -> 0x0513
mem[X,0x00000000800019CC] -> 0x5555
[1791] [M]: 0x00000000800019CA (0x55550513) addi x10, x10, 0x555                    inst_273+4
x10 <- 0x0000000055555555

clint mtime 0x0000000000000380 (mip.MTI <- 0b1, mip.STI <- 0b0)
mem[X,0x00000000800019CE] -> 0x1513
mem[X,0x00000000800019D0] -> 0x00B5
[1792] [M]: 0x00000000800019CE (0x00B51513) slli x10, x10, 0xb                      inst_273+8
x10 <- 0x000002AAAAAAA800

mem[X,0x00000000800019D2] -> 0x0513
mem[X,0x00000000800019D4] -> 0x2AA5
[1793] [M]: 0x00000000800019D2 (0x2AA50513) addi x10, x10, 0x2aa                    inst_273+12
x10 <- 0x000002AAAAAAAAAA

clint mtime 0x0000000000000381 (mip.MTI <- 0b1, mip.STI <- 0b0)
mem[X,0x00000000800019D6] -> 0x1513
mem[X,0x00000000800019D8] -> 0x00B5
[1794] [M]: 0x00000000800019D6 (0x00B51513) slli x10, x10, 0xb                      inst_273+16
x10 <- 0x0015555555555000

mem[X,0x00000000800019DA] -> 0x0513
mem[X,0x00000000800019DC] -> 0x5555
[1795] [M]: 0x00000000800019DA (0x55550513) addi x10, x10, 0x555                    inst_273+20
x10 <- 0x0015555555555555

clint mtime 0x0000000000000382 (mip.MTI <- 0b1, mip.STI <- 0b0)
mem[X,0x00000000800019DE] -> 0x1513
mem[X,0x00000000800019E0] -> 0x00A5
[1796] [M]: 0x00000000800019DE (0x00A51513) slli x10, x10, 0xa                      inst_273+24
x10 <- 0x5555555555555400

mem[X,0x00000000800019E2] -> 0x0513
mem[X,0x00000000800019E4] -> 0x1545
[1797] [M]: 0x00000000800019E2 (0x15450513) addi x10, x10, 0x154                    inst_273+28
x10 <- 0x5555555555555554

clint mtime 0x0000000000000383 (mip.MTI <- 0b1, mip.STI <- 0b0)
mem[X,0x00000000800019E6] -> 0x1571
[1798] [M]: 0x00000000800019E6 (0x1571) c.addi x10, -0x4                            inst_273+32
x10 <- 0x5555555555555550

mem[X,0x00000000800019E8] -> 0xB423
mem[X,0x00000000800019EA] -> 0x7AA0
[1799] [M]: 0x00000000800019E8 (0x7AA0B423) sd x10, 0x7a8(x1)                       inst_273+34
mem[W,0x00000000800059A0] <- 0x5555555555555550

clint mtime 0x0000000000000384 (mip.MTI <- 0b1, mip.STI <- 0b0)
mem[X,0x00000000800019EC] -> 0x0513
mem[X,0x00000000800019EE] -> 0x0000
[1800] [M]: 0x00000000800019EC (0x00000513) addi x10, x0, 0x0                       inst_274+0
x10 <- 0x0000000000000000

mem[X,0x00000000800019F0] -> 0x050D
[1801] [M]: 0x00000000800019F0 (0x050D) c.addi x10, 0x3                             inst_274+4
x10 <- 0x0000000000000003

clint mtime 0x0000000000000385 (mip.MTI <- 0b1, mip.STI <- 0b0)
mem[X,0x00000000800019F2] -> 0xB823
mem[X,0x00000000800019F4] -> 0x7AA0
[1802] [M]: 0x00000000800019F2 (0x7AA0B823) sd x10, 0x7b0(x1)                       inst_274+6
mem[W,0x00000000800059A8] <- 0x0000000000000003

mem[X,0x00000000800019F6] -> 0x0513
mem[X,0x00000000800019F8] -> 0x0000
[1803] [M]: 0x00000000800019F6 (0x00000513) addi x10, x0, 0x0                       inst_275+0
x10 <- 0x0000000000000000

clint mtime 0x0000000000000386 (mip.MTI <- 0b1, mip.STI <- 0b0)
mem[X,0x00000000800019FA] -> 0x0515
[1804] [M]: 0x00000000800019FA (0x0515) c.addi x10, 0x5                             inst_275+4
x10 <- 0x0000000000000005

mem[X,0x00000000800019FC] -> 0xBC23
mem[X,0x00000000800019FE] -> 0x7AA0
[1805] [M]: 0x00000000800019FC (0x7AA0BC23) sd x10, 0x7b8(x1)                       inst_275+6
mem[W,0x00000000800059B0] <- 0x0000000000000005

clint mtime 0x0000000000000387 (mip.MTI <- 0b1, mip.STI <- 0b0)
mem[X,0x0000000080001A00] -> 0x0513
mem[X,0x0000000080001A02] -> 0x0000
[1806] [M]: 0x0000000080001A00 (0x00000513) addi x10, x0, 0x0                       inst_276+0
x10 <- 0x0000000000000000

mem[X,0x0000000080001A04] -> 0x0529
[1807] [M]: 0x0000000080001A04 (0x0529) c.addi x10, 0xa                             inst_276+4
x10 <- 0x000000000000000A

clint mtime 0x0000000000000388 (mip.MTI <- 0b1, mip.STI <- 0b0)
mem[X,0x0000000080001A06] -> 0xB023
mem[X,0x0000000080001A08] -> 0x7CA0
[1808] [M]: 0x0000000080001A06 (0x7CA0B023) sd x10, 0x7c0(x1)                       inst_276+6
mem[W,0x00000000800059B8] <- 0x000000000000000A

mem[X,0x0000000080001A0A] -> 0x0513
mem[X,0x0000000080001A0C] -> 0x0000
[1809] [M]: 0x0000000080001A0A (0x00000513) addi x10, x0, 0x0                       inst_277+0
x10 <- 0x0000000000000000

clint mtime 0x0000000000000389 (mip.MTI <- 0b1, mip.STI <- 0b0)
mem[X,0x0000000080001A0E] -> 0x0519
[1810] [M]: 0x0000000080001A0E (0x0519) c.addi x10, 0x6                             inst_277+4
x10 <- 0x0000000000000006

mem[X,0x0000000080001A10] -> 0xB423
mem[X,0x0000000080001A12] -> 0x7CA0
[1811] [M]: 0x0000000080001A10 (0x7CA0B423) sd x10, 0x7c8(x1)                       inst_277+6
mem[W,0x00000000800059C0] <- 0x0000000000000006

clint mtime 0x000000000000038A (mip.MTI <- 0b1, mip.STI <- 0b0)
mem[X,0x0000000080001A14] -> 0x0513
mem[X,0x0000000080001A16] -> 0x0000
[1812] [M]: 0x0000000080001A14 (0x00000513) addi x10, x0, 0x0                       inst_278+0
x10 <- 0x0000000000000000

mem[X,0x0000000080001A18] -> 0x1579
[1813] [M]: 0x0000000080001A18 (0x1579) c.addi x10, -0x2                            inst_278+4
x10 <- 0xFFFFFFFFFFFFFFFE

clint mtime 0x000000000000038B (mip.MTI <- 0b1, mip.STI <- 0b0)
mem[X,0x0000000080001A1A] -> 0xB823
mem[X,0x0000000080001A1C] -> 0x7CA0
[1814] [M]: 0x0000000080001A1A (0x7CA0B823) sd x10, 0x7d0(x1)                       inst_278+6
mem[W,0x00000000800059C8] <- 0xFFFFFFFFFFFFFFFE

mem[X,0x0000000080001A1E] -> 0x0513
mem[X,0x0000000080001A20] -> 0x0000
[1815] [M]: 0x0000000080001A1E (0x00000513) addi x10, x0, 0x0                       inst_279+0
x10 <- 0x0000000000000000

clint mtime 0x000000000000038C (mip.MTI <- 0b1, mip.STI <- 0b0)
mem[X,0x0000000080001A22] -> 0x156D
[1816] [M]: 0x0000000080001A22 (0x156D) c.addi x10, -0x5                            inst_279+4
x10 <- 0xFFFFFFFFFFFFFFFB

mem[X,0x0000000080001A24] -> 0xBC23
mem[X,0x0000000080001A26] -> 0x7CA0
[1817] [M]: 0x0000000080001A24 (0x7CA0BC23) sd x10, 0x7d8(x1)                       inst_279+6
mem[W,0x00000000800059D0] <- 0xFFFFFFFFFFFFFFFB

clint mtime 0x000000000000038D (mip.MTI <- 0b1, mip.STI <- 0b0)
mem[X,0x0000000080001A28] -> 0x0513
mem[X,0x0000000080001A2A] -> 0x0000
[1818] [M]: 0x0000000080001A28 (0x00000513) addi x10, x0, 0x0                       inst_280+0
x10 <- 0x0000000000000000

mem[X,0x0000000080001A2C] -> 0x0509
[1819] [M]: 0x0000000080001A2C (0x0509) c.addi x10, 0x2                             inst_280+4
x10 <- 0x0000000000000002

clint mtime 0x000000000000038E (mip.MTI <- 0b1, mip.STI <- 0b0)
mem[X,0x0000000080001A2E] -> 0xB023
mem[X,0x0000000080001A30] -> 0x7EA0
[1820] [M]: 0x0000000080001A2E (0x7EA0B023) sd x10, 0x7e0(x1)                       inst_280+6
mem[W,0x00000000800059D8] <- 0x0000000000000002

mem[X,0x0000000080001A32] -> 0x0513
mem[X,0x0000000080001A34] -> 0x0000
[1821] [M]: 0x0000000080001A32 (0x00000513) addi x10, x0, 0x0                       inst_281+0
x10 <- 0x0000000000000000

clint mtime 0x000000000000038F (mip.MTI <- 0b1, mip.STI <- 0b0)
mem[X,0x0000000080001A36] -> 0x0511
[1822] [M]: 0x0000000080001A36 (0x0511) c.addi x10, 0x4                             inst_281+4
x10 <- 0x0000000000000004

mem[X,0x0000000080001A38] -> 0xB423
mem[X,0x0000000080001A3A] -> 0x7EA0
[1823] [M]: 0x0000000080001A38 (0x7EA0B423) sd x10, 0x7e8(x1)                       inst_281+6
mem[W,0x00000000800059E0] <- 0x0000000000000004

clint mtime 0x0000000000000390 (mip.MTI <- 0b1, mip.STI <- 0b0)
mem[X,0x0000000080001A3C] -> 0x0513
mem[X,0x0000000080001A3E] -> 0x0000
[1824] [M]: 0x0000000080001A3C (0x00000513) addi x10, x0, 0x0                       inst_282+0
x10 <- 0x0000000000000000

mem[X,0x0000000080001A40] -> 0x0525
[1825] [M]: 0x0000000080001A40 (0x0525) c.addi x10, 0x9                             inst_282+4
x10 <- 0x0000000000000009

clint mtime 0x0000000000000391 (mip.MTI <- 0b1, mip.STI <- 0b0)
mem[X,0x0000000080001A42] -> 0xB823
mem[X,0x0000000080001A44] -> 0x7EA0
[1826] [M]: 0x0000000080001A42 (0x7EA0B823) sd x10, 0x7f0(x1)                       inst_282+6
mem[W,0x00000000800059E8] <- 0x0000000000000009

mem[X,0x0000000080001A46] -> 0x0513
mem[X,0x0000000080001A48] -> 0x0000
[1827] [M]: 0x0000000080001A46 (0x00000513) addi x10, x0, 0x0                       inst_283+0
x10 <- 0x0000000000000000

clint mtime 0x0000000000000392 (mip.MTI <- 0b1, mip.STI <- 0b0)
mem[X,0x0000000080001A4A] -> 0x0501
[1828] [M]: 0x0000000080001A4A (0x0501) c.addi x10, 0x0                             inst_283+4
x10 <- 0x0000000000000000

mem[X,0x0000000080001A4C] -> 0xBC23
mem[X,0x0000000080001A4E] -> 0x7EA0
[1829] [M]: 0x0000000080001A4C (0x7EA0BC23) sd x10, 0x7f8(x1)                       inst_283+6
mem[W,0x00000000800059F0] <- 0x0000000000000000

clint mtime 0x0000000000000393 (mip.MTI <- 0b1, mip.STI <- 0b0)
mem[X,0x0000000080001A50] -> 0x0013
mem[X,0x0000000080001A52] -> 0x0000
[1830] [M]: 0x0000000080001A50 (0x00000013) addi x0, x0, 0x0                        inst_283+10

mem[X,0x0000000080001A54] -> 0x0013
mem[X,0x0000000080001A56] -> 0x0000
[1831] [M]: 0x0000000080001A54 (0x00000013) addi x0, x0, 0x0                        inst_283+14

clint mtime 0x0000000000000394 (mip.MTI <- 0b1, mip.STI <- 0b0)
mem[X,0x0000000080001A58] -> 0x0013
mem[X,0x0000000080001A5A] -> 0x0000
[1832] [M]: 0x0000000080001A58 (0x00000013) addi x0, x0, 0x0                        inst_283+18

mem[X,0x0000000080001A5C] -> 0x0013
mem[X,0x0000000080001A5E] -> 0x0000
[1833] [M]: 0x0000000080001A5C (0x00000013) addi x0, x0, 0x0                        inst_283+22

clint mtime 0x0000000000000395 (mip.MTI <- 0b1, mip.STI <- 0b0)
mem[X,0x0000000080001A60] -> 0x4097
mem[X,0x0000000080001A62] -> 0x0000
[1834] [M]: 0x0000000080001A60 (0x00004097) auipc x1, 0x4                           inst_283+26
x1 <- 0x0000000080005A60

mem[X,0x0000000080001A64] -> 0x8093
mem[X,0x0000000080001A66] -> 0xF980
[1835] [M]: 0x0000000080001A64 (0xF9808093) addi x1, x1, -0x68                      inst_283+30
x1 <- 0x00000000800059F8

clint mtime 0x0000000000000396 (mip.MTI <- 0b1, mip.STI <- 0b0)
mem[X,0x0000000080001A68] -> 0x0013
mem[X,0x0000000080001A6A] -> 0x0000
[1836] [M]: 0x0000000080001A68 (0x00000013) addi x0, x0, 0x0                        inst_283+34

mem[X,0x0000000080001A6C] -> 0x0013
mem[X,0x0000000080001A6E] -> 0x0000
[1837] [M]: 0x0000000080001A6C (0x00000013) addi x0, x0, 0x0                        inst_283+38

clint mtime 0x0000000000000397 (mip.MTI <- 0b1, mip.STI <- 0b0)
mem[X,0x0000000080001A70] -> 0x0013
mem[X,0x0000000080001A72] -> 0x0000
[1838] [M]: 0x0000000080001A70 (0x00000013) addi x0, x0, 0x0                        inst_283+42

mem[X,0x0000000080001A74] -> 0x0013
mem[X,0x0000000080001A76] -> 0x0000
[1839] [M]: 0x0000000080001A74 (0x00000013) addi x0, x0, 0x0                        inst_283+46

clint mtime 0x0000000000000398 (mip.MTI <- 0b1, mip.STI <- 0b0)
mem[X,0x0000000080001A78] -> 0x0013
mem[X,0x0000000080001A7A] -> 0x0000
[1840] [M]: 0x0000000080001A78 (0x00000013) addi x0, x0, 0x0                        inst_283+50

mem[X,0x0000000080001A7C] -> 0x0013
mem[X,0x0000000080001A7E] -> 0x0000
[1841] [M]: 0x0000000080001A7C (0x00000013) addi x0, x0, 0x0                        inst_283+54

clint mtime 0x0000000000000399 (mip.MTI <- 0b1, mip.STI <- 0b0)
mem[X,0x0000000080001A80] -> 0x0513
mem[X,0x0000000080001A82] -> 0x0000
[1842] [M]: 0x0000000080001A80 (0x00000513) addi x10, x0, 0x0                       inst_284+0
x10 <- 0x0000000000000000

mem[X,0x0000000080001A84] -> 0x052D
[1843] [M]: 0x0000000080001A84 (0x052D) c.addi x10, 0xb                             inst_284+4
x10 <- 0x000000000000000B

clint mtime 0x000000000000039A (mip.MTI <- 0b1, mip.STI <- 0b0)
mem[X,0x0000000080001A86] -> 0xB023
mem[X,0x0000000080001A88] -> 0x00A0
[1844] [M]: 0x0000000080001A86 (0x00A0B023) sd x10, 0x0(x1)                         inst_284+6
mem[W,0x00000000800059F8] <- 0x000000000000000B

mem[X,0x0000000080001A8A] -> 0x0513
mem[X,0x0000000080001A8C] -> 0x0000
[1845] [M]: 0x0000000080001A8A (0x00000513) addi x10, x0, 0x0                       inst_285+0
x10 <- 0x0000000000000000

clint mtime 0x000000000000039B (mip.MTI <- 0b1, mip.STI <- 0b0)
mem[X,0x0000000080001A8E] -> 0x051D
[1846] [M]: 0x0000000080001A8E (0x051D) c.addi x10, 0x7                             inst_285+4
x10 <- 0x0000000000000007

mem[X,0x0000000080001A90] -> 0xB423
mem[X,0x0000000080001A92] -> 0x00A0
[1847] [M]: 0x0000000080001A90 (0x00A0B423) sd x10, 0x8(x1)                         inst_285+6
mem[W,0x0000000080005A00] <- 0x0000000000000007

clint mtime 0x000000000000039C (mip.MTI <- 0b1, mip.STI <- 0b0)
mem[X,0x0000000080001A94] -> 0x0513
mem[X,0x0000000080001A96] -> 0x0000
[1848] [M]: 0x0000000080001A94 (0x00000513) addi x10, x0, 0x0                       inst_286+0
x10 <- 0x0000000000000000

mem[X,0x0000000080001A98] -> 0x157D
[1849] [M]: 0x0000000080001A98 (0x157D) c.addi x10, -0x1                            inst_286+4
x10 <- 0xFFFFFFFFFFFFFFFF

clint mtime 0x000000000000039D (mip.MTI <- 0b1, mip.STI <- 0b0)
mem[X,0x0000000080001A9A] -> 0xB823
mem[X,0x0000000080001A9C] -> 0x00A0
[1850] [M]: 0x0000000080001A9A (0x00A0B823) sd x10, 0x10(x1)                        inst_286+6
mem[W,0x0000000080005A08] <- 0xFFFFFFFFFFFFFFFF

mem[X,0x0000000080001A9E] -> 0x0513
mem[X,0x0000000080001AA0] -> 0x0000
[1851] [M]: 0x0000000080001A9E (0x00000513) addi x10, x0, 0x0                       inst_287+0
x10 <- 0x0000000000000000

clint mtime 0x000000000000039E (mip.MTI <- 0b1, mip.STI <- 0b0)
mem[X,0x0000000080001AA2] -> 0x1571
[1852] [M]: 0x0000000080001AA2 (0x1571) c.addi x10, -0x4                            inst_287+4
x10 <- 0xFFFFFFFFFFFFFFFC

mem[X,0x0000000080001AA4] -> 0xBC23
mem[X,0x0000000080001AA6] -> 0x00A0
[1853] [M]: 0x0000000080001AA4 (0x00A0BC23) sd x10, 0x18(x1)                        inst_287+6
mem[W,0x0000000080005A10] <- 0xFFFFFFFFFFFFFFFC

clint mtime 0x000000000000039F (mip.MTI <- 0b1, mip.STI <- 0b0)
mem[X,0x0000000080001AA8] -> 0x0513
mem[X,0x0000000080001AAA] -> 0x0040
[1854] [M]: 0x0000000080001AA8 (0x00400513) addi x10, x0, 0x4                       inst_288+0
x10 <- 0x0000000000000004

mem[X,0x0000000080001AAC] -> 0x050D
[1855] [M]: 0x0000000080001AAC (0x050D) c.addi x10, 0x3                             inst_288+4
x10 <- 0x0000000000000007

clint mtime 0x00000000000003A0 (mip.MTI <- 0b1, mip.STI <- 0b0)
mem[X,0x0000000080001AAE] -> 0xB023
mem[X,0x0000000080001AB0] -> 0x02A0
[1856] [M]: 0x0000000080001AAE (0x02A0B023) sd x10, 0x20(x1)                        inst_288+6
mem[W,0x0000000080005A18] <- 0x0000000000000007

mem[X,0x0000000080001AB2] -> 0x0513
mem[X,0x0000000080001AB4] -> 0x0040
[1857] [M]: 0x0000000080001AB2 (0x00400513) addi x10, x0, 0x4                       inst_289+0
x10 <- 0x0000000000000004

clint mtime 0x00000000000003A1 (mip.MTI <- 0b1, mip.STI <- 0b0)
mem[X,0x0000000080001AB6] -> 0x0515
[1858] [M]: 0x0000000080001AB6 (0x0515) c.addi x10, 0x5                             inst_289+4
x10 <- 0x0000000000000009

mem[X,0x0000000080001AB8] -> 0xB423
mem[X,0x0000000080001ABA] -> 0x02A0
[1859] [M]: 0x0000000080001AB8 (0x02A0B423) sd x10, 0x28(x1)                        inst_289+6
mem[W,0x0000000080005A20] <- 0x0000000000000009

clint mtime 0x00000000000003A2 (mip.MTI <- 0b1, mip.STI <- 0b0)
mem[X,0x0000000080001ABC] -> 0x0513
mem[X,0x0000000080001ABE] -> 0x0040
[1860] [M]: 0x0000000080001ABC (0x00400513) addi x10, x0, 0x4                       inst_290+0
x10 <- 0x0000000000000004

mem[X,0x0000000080001AC0] -> 0x0529
[1861] [M]: 0x0000000080001AC0 (0x0529) c.addi x10, 0xa                             inst_290+4
x10 <- 0x000000000000000E

clint mtime 0x00000000000003A3 (mip.MTI <- 0b1, mip.STI <- 0b0)
mem[X,0x0000000080001AC2] -> 0xB823
mem[X,0x0000000080001AC4] -> 0x02A0
[1862] [M]: 0x0000000080001AC2 (0x02A0B823) sd x10, 0x30(x1)                        inst_290+6
mem[W,0x0000000080005A28] <- 0x000000000000000E

mem[X,0x0000000080001AC6] -> 0x0513
mem[X,0x0000000080001AC8] -> 0x0040
[1863] [M]: 0x0000000080001AC6 (0x00400513) addi x10, x0, 0x4                       inst_291+0
x10 <- 0x0000000000000004

clint mtime 0x00000000000003A4 (mip.MTI <- 0b1, mip.STI <- 0b0)
mem[X,0x0000000080001ACA] -> 0x0519
[1864] [M]: 0x0000000080001ACA (0x0519) c.addi x10, 0x6                             inst_291+4
x10 <- 0x000000000000000A

mem[X,0x0000000080001ACC] -> 0xBC23
mem[X,0x0000000080001ACE] -> 0x02A0
[1865] [M]: 0x0000000080001ACC (0x02A0BC23) sd x10, 0x38(x1)                        inst_291+6
mem[W,0x0000000080005A30] <- 0x000000000000000A

clint mtime 0x00000000000003A5 (mip.MTI <- 0b1, mip.STI <- 0b0)
mem[X,0x0000000080001AD0] -> 0x0513
mem[X,0x0000000080001AD2] -> 0x0040
[1866] [M]: 0x0000000080001AD0 (0x00400513) addi x10, x0, 0x4                       inst_292+0
x10 <- 0x0000000000000004

mem[X,0x0000000080001AD4] -> 0x156D
[1867] [M]: 0x0000000080001AD4 (0x156D) c.addi x10, -0x5                            inst_292+4
x10 <- 0xFFFFFFFFFFFFFFFF

clint mtime 0x00000000000003A6 (mip.MTI <- 0b1, mip.STI <- 0b0)
mem[X,0x0000000080001AD6] -> 0xB023
mem[X,0x0000000080001AD8] -> 0x04A0
[1868] [M]: 0x0000000080001AD6 (0x04A0B023) sd x10, 0x40(x1)                        inst_292+6
mem[W,0x0000000080005A38] <- 0xFFFFFFFFFFFFFFFF

mem[X,0x0000000080001ADA] -> 0x0513
mem[X,0x0000000080001ADC] -> 0x0040
[1869] [M]: 0x0000000080001ADA (0x00400513) addi x10, x0, 0x4                       inst_293+0
x10 <- 0x0000000000000004

clint mtime 0x00000000000003A7 (mip.MTI <- 0b1, mip.STI <- 0b0)
mem[X,0x0000000080001ADE] -> 0x0509
[1870] [M]: 0x0000000080001ADE (0x0509) c.addi x10, 0x2                             inst_293+4
x10 <- 0x0000000000000006

mem[X,0x0000000080001AE0] -> 0xB423
mem[X,0x0000000080001AE2] -> 0x04A0
[1871] [M]: 0x0000000080001AE0 (0x04A0B423) sd x10, 0x48(x1)                        inst_293+6
mem[W,0x0000000080005A40] <- 0x0000000000000006

clint mtime 0x00000000000003A8 (mip.MTI <- 0b1, mip.STI <- 0b0)
mem[X,0x0000000080001AE4] -> 0x0513
mem[X,0x0000000080001AE6] -> 0x0040
[1872] [M]: 0x0000000080001AE4 (0x00400513) addi x10, x0, 0x4                       inst_294+0
x10 <- 0x0000000000000004

mem[X,0x0000000080001AE8] -> 0x0511
[1873] [M]: 0x0000000080001AE8 (0x0511) c.addi x10, 0x4                             inst_294+4
x10 <- 0x0000000000000008

clint mtime 0x00000000000003A9 (mip.MTI <- 0b1, mip.STI <- 0b0)
mem[X,0x0000000080001AEA] -> 0xB823
mem[X,0x0000000080001AEC] -> 0x04A0
[1874] [M]: 0x0000000080001AEA (0x04A0B823) sd x10, 0x50(x1)                        inst_294+6
mem[W,0x0000000080005A48] <- 0x0000000000000008

mem[X,0x0000000080001AEE] -> 0x0513
mem[X,0x0000000080001AF0] -> 0x0040
[1875] [M]: 0x0000000080001AEE (0x00400513) addi x10, x0, 0x4                       inst_295+0
x10 <- 0x0000000000000004

clint mtime 0x00000000000003AA (mip.MTI <- 0b1, mip.STI <- 0b0)
mem[X,0x0000000080001AF2] -> 0x0525
[1876] [M]: 0x0000000080001AF2 (0x0525) c.addi x10, 0x9                             inst_295+4
x10 <- 0x000000000000000D

mem[X,0x0000000080001AF4] -> 0xBC23
mem[X,0x0000000080001AF6] -> 0x04A0
[1877] [M]: 0x0000000080001AF4 (0x04A0BC23) sd x10, 0x58(x1)                        inst_295+6
mem[W,0x0000000080005A50] <- 0x000000000000000D

clint mtime 0x00000000000003AB (mip.MTI <- 0b1, mip.STI <- 0b0)
mem[X,0x0000000080001AF8] -> 0x0513
mem[X,0x0000000080001AFA] -> 0x0040
[1878] [M]: 0x0000000080001AF8 (0x00400513) addi x10, x0, 0x4                       inst_296+0
x10 <- 0x0000000000000004

mem[X,0x0000000080001AFC] -> 0x0501
[1879] [M]: 0x0000000080001AFC (0x0501) c.addi x10, 0x0                             inst_296+4
x10 <- 0x0000000000000004

clint mtime 0x00000000000003AC (mip.MTI <- 0b1, mip.STI <- 0b0)
mem[X,0x0000000080001AFE] -> 0xB023
mem[X,0x0000000080001B00] -> 0x06A0
[1880] [M]: 0x0000000080001AFE (0x06A0B023) sd x10, 0x60(x1)                        inst_296+6
mem[W,0x0000000080005A58] <- 0x0000000000000004

mem[X,0x0000000080001B02] -> 0x0513
mem[X,0x0000000080001B04] -> 0x0040
[1881] [M]: 0x0000000080001B02 (0x00400513) addi x10, x0, 0x4                       inst_297+0
x10 <- 0x0000000000000004

clint mtime 0x00000000000003AD (mip.MTI <- 0b1, mip.STI <- 0b0)
mem[X,0x0000000080001B06] -> 0x052D
[1882] [M]: 0x0000000080001B06 (0x052D) c.addi x10, 0xb                             inst_297+4
x10 <- 0x000000000000000F

mem[X,0x0000000080001B08] -> 0xB423
mem[X,0x0000000080001B0A] -> 0x06A0
[1883] [M]: 0x0000000080001B08 (0x06A0B423) sd x10, 0x68(x1)                        inst_297+6
mem[W,0x0000000080005A60] <- 0x000000000000000F

clint mtime 0x00000000000003AE (mip.MTI <- 0b1, mip.STI <- 0b0)
mem[X,0x0000000080001B0C] -> 0x0513
mem[X,0x0000000080001B0E] -> 0x0040
[1884] [M]: 0x0000000080001B0C (0x00400513) addi x10, x0, 0x4                       inst_298+0
x10 <- 0x0000000000000004

mem[X,0x0000000080001B10] -> 0x051D
[1885] [M]: 0x0000000080001B10 (0x051D) c.addi x10, 0x7                             inst_298+4
x10 <- 0x000000000000000B

clint mtime 0x00000000000003AF (mip.MTI <- 0b1, mip.STI <- 0b0)
mem[X,0x0000000080001B12] -> 0xB823
mem[X,0x0000000080001B14] -> 0x06A0
[1886] [M]: 0x0000000080001B12 (0x06A0B823) sd x10, 0x70(x1)                        inst_298+6
mem[W,0x0000000080005A68] <- 0x000000000000000B

mem[X,0x0000000080001B16] -> 0x0513
mem[X,0x0000000080001B18] -> 0x0040
[1887] [M]: 0x0000000080001B16 (0x00400513) addi x10, x0, 0x4                       inst_299+0
x10 <- 0x0000000000000004

clint mtime 0x00000000000003B0 (mip.MTI <- 0b1, mip.STI <- 0b0)
mem[X,0x0000000080001B1A] -> 0x157D
[1888] [M]: 0x0000000080001B1A (0x157D) c.addi x10, -0x1                            inst_299+4
x10 <- 0x0000000000000003

mem[X,0x0000000080001B1C] -> 0xBC23
mem[X,0x0000000080001B1E] -> 0x06A0
[1889] [M]: 0x0000000080001B1C (0x06A0BC23) sd x10, 0x78(x1)                        inst_299+6
mem[W,0x0000000080005A70] <- 0x0000000000000003

clint mtime 0x00000000000003B1 (mip.MTI <- 0b1, mip.STI <- 0b0)
mem[X,0x0000000080001B20] -> 0x0513
mem[X,0x0000000080001B22] -> 0x0040
[1890] [M]: 0x0000000080001B20 (0x00400513) addi x10, x0, 0x4                       inst_300+0
x10 <- 0x0000000000000004

mem[X,0x0000000080001B24] -> 0x1571
[1891] [M]: 0x0000000080001B24 (0x1571) c.addi x10, -0x4                            inst_300+4
x10 <- 0x0000000000000000

clint mtime 0x00000000000003B2 (mip.MTI <- 0b1, mip.STI <- 0b0)
mem[X,0x0000000080001B26] -> 0xB023
mem[X,0x0000000080001B28] -> 0x08A0
[1892] [M]: 0x0000000080001B26 (0x08A0B023) sd x10, 0x80(x1)                        inst_300+6
mem[W,0x0000000080005A78] <- 0x0000000000000000

mem[X,0x0000000080001B2A] -> 0x3537
mem[X,0x0000000080001B2C] -> 0x3333
[1893] [M]: 0x0000000080001B2A (0x33333537) lui x10, 0x33333                        inst_301+0
x10 <- 0x0000000033333000

clint mtime 0x00000000000003B3 (mip.MTI <- 0b1, mip.STI <- 0b0)
mem[X,0x0000000080001B2E] -> 0x0513
mem[X,0x0000000080001B30] -> 0x3335
[1894] [M]: 0x0000000080001B2E (0x33350513) addi x10, x10, 0x333                    inst_301+4
x10 <- 0x0000000033333333

mem[X,0x0000000080001B32] -> 0x1513
mem[X,0x0000000080001B34] -> 0x00B5
[1895] [M]: 0x0000000080001B32 (0x00B51513) slli x10, x10, 0xb                      inst_301+8
x10 <- 0x0000019999999800

clint mtime 0x00000000000003B4 (mip.MTI <- 0b1, mip.STI <- 0b0)
mem[X,0x0000000080001B36] -> 0x0513
mem[X,0x0000000080001B38] -> 0x1995
[1896] [M]: 0x0000000080001B36 (0x19950513) addi x10, x10, 0x199                    inst_301+12
x10 <- 0x0000019999999999

mem[X,0x0000000080001B3A] -> 0x1513
mem[X,0x0000000080001B3C] -> 0x00B5
[1897] [M]: 0x0000000080001B3A (0x00B51513) slli x10, x10, 0xb                      inst_301+16
x10 <- 0x000CCCCCCCCCC800

clint mtime 0x00000000000003B5 (mip.MTI <- 0b1, mip.STI <- 0b0)
mem[X,0x0000000080001B3E] -> 0x0513
mem[X,0x0000000080001B40] -> 0x4CC5
[1898] [M]: 0x0000000080001B3E (0x4CC50513) addi x10, x10, 0x4cc                    inst_301+20
x10 <- 0x000CCCCCCCCCCCCC

mem[X,0x0000000080001B42] -> 0x1513
mem[X,0x0000000080001B44] -> 0x00A5
[1899] [M]: 0x0000000080001B42 (0x00A51513) slli x10, x10, 0xa                      inst_301+24
x10 <- 0x3333333333333000

clint mtime 0x00000000000003B6 (mip.MTI <- 0b1, mip.STI <- 0b0)
mem[X,0x0000000080001B46] -> 0x0513
mem[X,0x0000000080001B48] -> 0x3325
[1900] [M]: 0x0000000080001B46 (0x33250513) addi x10, x10, 0x332                    inst_301+28
x10 <- 0x3333333333333332

mem[X,0x0000000080001B4A] -> 0x050D
[1901] [M]: 0x0000000080001B4A (0x050D) c.addi x10, 0x3                             inst_301+32
x10 <- 0x3333333333333335

clint mtime 0x00000000000003B7 (mip.MTI <- 0b1, mip.STI <- 0b0)
mem[X,0x0000000080001B4C] -> 0xB423
mem[X,0x0000000080001B4E] -> 0x08A0
[1902] [M]: 0x0000000080001B4C (0x08A0B423) sd x10, 0x88(x1)                        inst_301+34
mem[W,0x0000000080005A80] <- 0x3333333333333335

mem[X,0x0000000080001B50] -> 0x3537
mem[X,0x0000000080001B52] -> 0x3333
[1903] [M]: 0x0000000080001B50 (0x33333537) lui x10, 0x33333                        inst_302+0
x10 <- 0x0000000033333000

clint mtime 0x00000000000003B8 (mip.MTI <- 0b1, mip.STI <- 0b0)
mem[X,0x0000000080001B54] -> 0x0513
mem[X,0x0000000080001B56] -> 0x3335
[1904] [M]: 0x0000000080001B54 (0x33350513) addi x10, x10, 0x333                    inst_302+4
x10 <- 0x0000000033333333

mem[X,0x0000000080001B58] -> 0x1513
mem[X,0x0000000080001B5A] -> 0x00B5
[1905] [M]: 0x0000000080001B58 (0x00B51513) slli x10, x10, 0xb                      inst_302+8
x10 <- 0x0000019999999800

clint mtime 0x00000000000003B9 (mip.MTI <- 0b1, mip.STI <- 0b0)
mem[X,0x0000000080001B5C] -> 0x0513
mem[X,0x0000000080001B5E] -> 0x1995
[1906] [M]: 0x0000000080001B5C (0x19950513) addi x10, x10, 0x199                    inst_302+12
x10 <- 0x0000019999999999

mem[X,0x0000000080001B60] -> 0x1513
mem[X,0x0000000080001B62] -> 0x00B5
[1907] [M]: 0x0000000080001B60 (0x00B51513) slli x10, x10, 0xb                      inst_302+16
x10 <- 0x000CCCCCCCCCC800

clint mtime 0x00000000000003BA (mip.MTI <- 0b1, mip.STI <- 0b0)
mem[X,0x0000000080001B64] -> 0x0513
mem[X,0x0000000080001B66] -> 0x4CC5
[1908] [M]: 0x0000000080001B64 (0x4CC50513) addi x10, x10, 0x4cc                    inst_302+20
x10 <- 0x000CCCCCCCCCCCCC

mem[X,0x0000000080001B68] -> 0x1513
mem[X,0x0000000080001B6A] -> 0x00A5
[1909] [M]: 0x0000000080001B68 (0x00A51513) slli x10, x10, 0xa                      inst_302+24
x10 <- 0x3333333333333000

clint mtime 0x00000000000003BB (mip.MTI <- 0b1, mip.STI <- 0b0)
mem[X,0x0000000080001B6C] -> 0x0513
mem[X,0x0000000080001B6E] -> 0x3325
[1910] [M]: 0x0000000080001B6C (0x33250513) addi x10, x10, 0x332                    inst_302+28
x10 <- 0x3333333333333332

mem[X,0x0000000080001B70] -> 0x0515
[1911] [M]: 0x0000000080001B70 (0x0515) c.addi x10, 0x5                             inst_302+32
x10 <- 0x3333333333333337

clint mtime 0x00000000000003BC (mip.MTI <- 0b1, mip.STI <- 0b0)
mem[X,0x0000000080001B72] -> 0xB823
mem[X,0x0000000080001B74] -> 0x08A0
[1912] [M]: 0x0000000080001B72 (0x08A0B823) sd x10, 0x90(x1)                        inst_302+34
mem[W,0x0000000080005A88] <- 0x3333333333333337

mem[X,0x0000000080001B76] -> 0x3537
mem[X,0x0000000080001B78] -> 0x3333
[1913] [M]: 0x0000000080001B76 (0x33333537) lui x10, 0x33333                        inst_303+0
x10 <- 0x0000000033333000

clint mtime 0x00000000000003BD (mip.MTI <- 0b1, mip.STI <- 0b0)
mem[X,0x0000000080001B7A] -> 0x0513
mem[X,0x0000000080001B7C] -> 0x3335
[1914] [M]: 0x0000000080001B7A (0x33350513) addi x10, x10, 0x333                    inst_303+4
x10 <- 0x0000000033333333

mem[X,0x0000000080001B7E] -> 0x1513
mem[X,0x0000000080001B80] -> 0x00B5
[1915] [M]: 0x0000000080001B7E (0x00B51513) slli x10, x10, 0xb                      inst_303+8
x10 <- 0x0000019999999800

clint mtime 0x00000000000003BE (mip.MTI <- 0b1, mip.STI <- 0b0)
mem[X,0x0000000080001B82] -> 0x0513
mem[X,0x0000000080001B84] -> 0x1995
[1916] [M]: 0x0000000080001B82 (0x19950513) addi x10, x10, 0x199                    inst_303+12
x10 <- 0x0000019999999999

mem[X,0x0000000080001B86] -> 0x1513
mem[X,0x0000000080001B88] -> 0x00B5
[1917] [M]: 0x0000000080001B86 (0x00B51513) slli x10, x10, 0xb                      inst_303+16
x10 <- 0x000CCCCCCCCCC800

clint mtime 0x00000000000003BF (mip.MTI <- 0b1, mip.STI <- 0b0)
mem[X,0x0000000080001B8A] -> 0x0513
mem[X,0x0000000080001B8C] -> 0x4CC5
[1918] [M]: 0x0000000080001B8A (0x4CC50513) addi x10, x10, 0x4cc                    inst_303+20
x10 <- 0x000CCCCCCCCCCCCC

mem[X,0x0000000080001B8E] -> 0x1513
mem[X,0x0000000080001B90] -> 0x00A5
[1919] [M]: 0x0000000080001B8E (0x00A51513) slli x10, x10, 0xa                      inst_303+24
x10 <- 0x3333333333333000

clint mtime 0x00000000000003C0 (mip.MTI <- 0b1, mip.STI <- 0b0)
mem[X,0x0000000080001B92] -> 0x0513
mem[X,0x0000000080001B94] -> 0x3325
[1920] [M]: 0x0000000080001B92 (0x33250513) addi x10, x10, 0x332                    inst_303+28
x10 <- 0x3333333333333332

mem[X,0x0000000080001B96] -> 0x0529
[1921] [M]: 0x0000000080001B96 (0x0529) c.addi x10, 0xa                             inst_303+32
x10 <- 0x333333333333333C

clint mtime 0x00000000000003C1 (mip.MTI <- 0b1, mip.STI <- 0b0)
mem[X,0x0000000080001B98] -> 0xBC23
mem[X,0x0000000080001B9A] -> 0x08A0
[1922] [M]: 0x0000000080001B98 (0x08A0BC23) sd x10, 0x98(x1)                        inst_303+34
mem[W,0x0000000080005A90] <- 0x333333333333333C

mem[X,0x0000000080001B9C] -> 0x3537
mem[X,0x0000000080001B9E] -> 0x3333
[1923] [M]: 0x0000000080001B9C (0x33333537) lui x10, 0x33333                        inst_304+0
x10 <- 0x0000000033333000

clint mtime 0x00000000000003C2 (mip.MTI <- 0b1, mip.STI <- 0b0)
mem[X,0x0000000080001BA0] -> 0x0513
mem[X,0x0000000080001BA2] -> 0x3335
[1924] [M]: 0x0000000080001BA0 (0x33350513) addi x10, x10, 0x333                    inst_304+4
x10 <- 0x0000000033333333

mem[X,0x0000000080001BA4] -> 0x1513
mem[X,0x0000000080001BA6] -> 0x00B5
[1925] [M]: 0x0000000080001BA4 (0x00B51513) slli x10, x10, 0xb                      inst_304+8
x10 <- 0x0000019999999800

clint mtime 0x00000000000003C3 (mip.MTI <- 0b1, mip.STI <- 0b0)
mem[X,0x0000000080001BA8] -> 0x0513
mem[X,0x0000000080001BAA] -> 0x1995
[1926] [M]: 0x0000000080001BA8 (0x19950513) addi x10, x10, 0x199                    inst_304+12
x10 <- 0x0000019999999999

mem[X,0x0000000080001BAC] -> 0x1513
mem[X,0x0000000080001BAE] -> 0x00B5
[1927] [M]: 0x0000000080001BAC (0x00B51513) slli x10, x10, 0xb                      inst_304+16
x10 <- 0x000CCCCCCCCCC800

clint mtime 0x00000000000003C4 (mip.MTI <- 0b1, mip.STI <- 0b0)
mem[X,0x0000000080001BB0] -> 0x0513
mem[X,0x0000000080001BB2] -> 0x4CC5
[1928] [M]: 0x0000000080001BB0 (0x4CC50513) addi x10, x10, 0x4cc                    inst_304+20
x10 <- 0x000CCCCCCCCCCCCC

mem[X,0x0000000080001BB4] -> 0x1513
mem[X,0x0000000080001BB6] -> 0x00A5
[1929] [M]: 0x0000000080001BB4 (0x00A51513) slli x10, x10, 0xa                      inst_304+24
x10 <- 0x3333333333333000

clint mtime 0x00000000000003C5 (mip.MTI <- 0b1, mip.STI <- 0b0)
mem[X,0x0000000080001BB8] -> 0x0513
mem[X,0x0000000080001BBA] -> 0x3325
[1930] [M]: 0x0000000080001BB8 (0x33250513) addi x10, x10, 0x332                    inst_304+28
x10 <- 0x3333333333333332

mem[X,0x0000000080001BBC] -> 0x0519
[1931] [M]: 0x0000000080001BBC (0x0519) c.addi x10, 0x6                             inst_304+32
x10 <- 0x3333333333333338

clint mtime 0x00000000000003C6 (mip.MTI <- 0b1, mip.STI <- 0b0)
mem[X,0x0000000080001BBE] -> 0xB023
mem[X,0x0000000080001BC0] -> 0x0AA0
[1932] [M]: 0x0000000080001BBE (0x0AA0B023) sd x10, 0xa0(x1)                        inst_304+34
mem[W,0x0000000080005A98] <- 0x3333333333333338

mem[X,0x0000000080001BC2] -> 0x3537
mem[X,0x0000000080001BC4] -> 0x3333
[1933] [M]: 0x0000000080001BC2 (0x33333537) lui x10, 0x33333                        inst_305+0
x10 <- 0x0000000033333000

clint mtime 0x00000000000003C7 (mip.MTI <- 0b1, mip.STI <- 0b0)
mem[X,0x0000000080001BC6] -> 0x0513
mem[X,0x0000000080001BC8] -> 0x3335
[1934] [M]: 0x0000000080001BC6 (0x33350513) addi x10, x10, 0x333                    inst_305+4
x10 <- 0x0000000033333333

mem[X,0x0000000080001BCA] -> 0x1513
mem[X,0x0000000080001BCC] -> 0x00B5
[1935] [M]: 0x0000000080001BCA (0x00B51513) slli x10, x10, 0xb                      inst_305+8
x10 <- 0x0000019999999800

clint mtime 0x00000000000003C8 (mip.MTI <- 0b1, mip.STI <- 0b0)
mem[X,0x0000000080001BCE] -> 0x0513
mem[X,0x0000000080001BD0] -> 0x1995
[1936] [M]: 0x0000000080001BCE (0x19950513) addi x10, x10, 0x199                    inst_305+12
x10 <- 0x0000019999999999

mem[X,0x0000000080001BD2] -> 0x1513
mem[X,0x0000000080001BD4] -> 0x00B5
[1937] [M]: 0x0000000080001BD2 (0x00B51513) slli x10, x10, 0xb                      inst_305+16
x10 <- 0x000CCCCCCCCCC800

clint mtime 0x00000000000003C9 (mip.MTI <- 0b1, mip.STI <- 0b0)
mem[X,0x0000000080001BD6] -> 0x0513
mem[X,0x0000000080001BD8] -> 0x4CC5
[1938] [M]: 0x0000000080001BD6 (0x4CC50513) addi x10, x10, 0x4cc                    inst_305+20
x10 <- 0x000CCCCCCCCCCCCC

mem[X,0x0000000080001BDA] -> 0x1513
mem[X,0x0000000080001BDC] -> 0x00A5
[1939] [M]: 0x0000000080001BDA (0x00A51513) slli x10, x10, 0xa                      inst_305+24
x10 <- 0x3333333333333000

clint mtime 0x00000000000003CA (mip.MTI <- 0b1, mip.STI <- 0b0)
mem[X,0x0000000080001BDE] -> 0x0513
mem[X,0x0000000080001BE0] -> 0x3325
[1940] [M]: 0x0000000080001BDE (0x33250513) addi x10, x10, 0x332                    inst_305+28
x10 <- 0x3333333333333332

mem[X,0x0000000080001BE2] -> 0x1579
[1941] [M]: 0x0000000080001BE2 (0x1579) c.addi x10, -0x2                            inst_305+32
x10 <- 0x3333333333333330

clint mtime 0x00000000000003CB (mip.MTI <- 0b1, mip.STI <- 0b0)
mem[X,0x0000000080001BE4] -> 0xB423
mem[X,0x0000000080001BE6] -> 0x0AA0
[1942] [M]: 0x0000000080001BE4 (0x0AA0B423) sd x10, 0xa8(x1)                        inst_305+34
mem[W,0x0000000080005AA0] <- 0x3333333333333330

mem[X,0x0000000080001BE8] -> 0x3537
mem[X,0x0000000080001BEA] -> 0x3333
[1943] [M]: 0x0000000080001BE8 (0x33333537) lui x10, 0x33333                        inst_306+0
x10 <- 0x0000000033333000

clint mtime 0x00000000000003CC (mip.MTI <- 0b1, mip.STI <- 0b0)
mem[X,0x0000000080001BEC] -> 0x0513
mem[X,0x0000000080001BEE] -> 0x3335
[1944] [M]: 0x0000000080001BEC (0x33350513) addi x10, x10, 0x333                    inst_306+4
x10 <- 0x0000000033333333

mem[X,0x0000000080001BF0] -> 0x1513
mem[X,0x0000000080001BF2] -> 0x00B5
[1945] [M]: 0x0000000080001BF0 (0x00B51513) slli x10, x10, 0xb                      inst_306+8
x10 <- 0x0000019999999800

clint mtime 0x00000000000003CD (mip.MTI <- 0b1, mip.STI <- 0b0)
mem[X,0x0000000080001BF4] -> 0x0513
mem[X,0x0000000080001BF6] -> 0x1995
[1946] [M]: 0x0000000080001BF4 (0x19950513) addi x10, x10, 0x199                    inst_306+12
x10 <- 0x0000019999999999

mem[X,0x0000000080001BF8] -> 0x1513
mem[X,0x0000000080001BFA] -> 0x00B5
[1947] [M]: 0x0000000080001BF8 (0x00B51513) slli x10, x10, 0xb                      inst_306+16
x10 <- 0x000CCCCCCCCCC800

clint mtime 0x00000000000003CE (mip.MTI <- 0b1, mip.STI <- 0b0)
mem[X,0x0000000080001BFC] -> 0x0513
mem[X,0x0000000080001BFE] -> 0x4CC5
[1948] [M]: 0x0000000080001BFC (0x4CC50513) addi x10, x10, 0x4cc                    inst_306+20
x10 <- 0x000CCCCCCCCCCCCC

mem[X,0x0000000080001C00] -> 0x1513
mem[X,0x0000000080001C02] -> 0x00A5
[1949] [M]: 0x0000000080001C00 (0x00A51513) slli x10, x10, 0xa                      inst_306+24
x10 <- 0x3333333333333000

clint mtime 0x00000000000003CF (mip.MTI <- 0b1, mip.STI <- 0b0)
mem[X,0x0000000080001C04] -> 0x0513
mem[X,0x0000000080001C06] -> 0x3325
[1950] [M]: 0x0000000080001C04 (0x33250513) addi x10, x10, 0x332                    inst_306+28
x10 <- 0x3333333333333332

mem[X,0x0000000080001C08] -> 0x156D
[1951] [M]: 0x0000000080001C08 (0x156D) c.addi x10, -0x5                            inst_306+32
x10 <- 0x333333333333332D

clint mtime 0x00000000000003D0 (mip.MTI <- 0b1, mip.STI <- 0b0)
mem[X,0x0000000080001C0A] -> 0xB823
mem[X,0x0000000080001C0C] -> 0x0AA0
[1952] [M]: 0x0000000080001C0A (0x0AA0B823) sd x10, 0xb0(x1)                        inst_306+34
mem[W,0x0000000080005AA8] <- 0x333333333333332D

mem[X,0x0000000080001C0E] -> 0x3537
mem[X,0x0000000080001C10] -> 0x3333
[1953] [M]: 0x0000000080001C0E (0x33333537) lui x10, 0x33333                        inst_307+0
x10 <- 0x0000000033333000

clint mtime 0x00000000000003D1 (mip.MTI <- 0b1, mip.STI <- 0b0)
mem[X,0x0000000080001C12] -> 0x0513
mem[X,0x0000000080001C14] -> 0x3335
[1954] [M]: 0x0000000080001C12 (0x33350513) addi x10, x10, 0x333                    inst_307+4
x10 <- 0x0000000033333333

mem[X,0x0000000080001C16] -> 0x1513
mem[X,0x0000000080001C18] -> 0x00B5
[1955] [M]: 0x0000000080001C16 (0x00B51513) slli x10, x10, 0xb                      inst_307+8
x10 <- 0x0000019999999800

clint mtime 0x00000000000003D2 (mip.MTI <- 0b1, mip.STI <- 0b0)
mem[X,0x0000000080001C1A] -> 0x0513
mem[X,0x0000000080001C1C] -> 0x1995
[1956] [M]: 0x0000000080001C1A (0x19950513) addi x10, x10, 0x199                    inst_307+12
x10 <- 0x0000019999999999

mem[X,0x0000000080001C1E] -> 0x1513
mem[X,0x0000000080001C20] -> 0x00B5
[1957] [M]: 0x0000000080001C1E (0x00B51513) slli x10, x10, 0xb                      inst_307+16
x10 <- 0x000CCCCCCCCCC800

clint mtime 0x00000000000003D3 (mip.MTI <- 0b1, mip.STI <- 0b0)
mem[X,0x0000000080001C22] -> 0x0513
mem[X,0x0000000080001C24] -> 0x4CC5
[1958] [M]: 0x0000000080001C22 (0x4CC50513) addi x10, x10, 0x4cc                    inst_307+20
x10 <- 0x000CCCCCCCCCCCCC

mem[X,0x0000000080001C26] -> 0x1513
mem[X,0x0000000080001C28] -> 0x00A5
[1959] [M]: 0x0000000080001C26 (0x00A51513) slli x10, x10, 0xa                      inst_307+24
x10 <- 0x3333333333333000

clint mtime 0x00000000000003D4 (mip.MTI <- 0b1, mip.STI <- 0b0)
mem[X,0x0000000080001C2A] -> 0x0513
mem[X,0x0000000080001C2C] -> 0x3325
[1960] [M]: 0x0000000080001C2A (0x33250513) addi x10, x10, 0x332                    inst_307+28
x10 <- 0x3333333333333332

mem[X,0x0000000080001C2E] -> 0x0509
[1961] [M]: 0x0000000080001C2E (0x0509) c.addi x10, 0x2                             inst_307+32
x10 <- 0x3333333333333334

clint mtime 0x00000000000003D5 (mip.MTI <- 0b1, mip.STI <- 0b0)
mem[X,0x0000000080001C30] -> 0xBC23
mem[X,0x0000000080001C32] -> 0x0AA0
[1962] [M]: 0x0000000080001C30 (0x0AA0BC23) sd x10, 0xb8(x1)                        inst_307+34
mem[W,0x0000000080005AB0] <- 0x3333333333333334

mem[X,0x0000000080001C34] -> 0x3537
mem[X,0x0000000080001C36] -> 0x3333
[1963] [M]: 0x0000000080001C34 (0x33333537) lui x10, 0x33333                        inst_308+0
x10 <- 0x0000000033333000

clint mtime 0x00000000000003D6 (mip.MTI <- 0b1, mip.STI <- 0b0)
mem[X,0x0000000080001C38] -> 0x0513
mem[X,0x0000000080001C3A] -> 0x3335
[1964] [M]: 0x0000000080001C38 (0x33350513) addi x10, x10, 0x333                    inst_308+4
x10 <- 0x0000000033333333

mem[X,0x0000000080001C3C] -> 0x1513
mem[X,0x0000000080001C3E] -> 0x00B5
[1965] [M]: 0x0000000080001C3C (0x00B51513) slli x10, x10, 0xb                      inst_308+8
x10 <- 0x0000019999999800

clint mtime 0x00000000000003D7 (mip.MTI <- 0b1, mip.STI <- 0b0)
mem[X,0x0000000080001C40] -> 0x0513
mem[X,0x0000000080001C42] -> 0x1995
[1966] [M]: 0x0000000080001C40 (0x19950513) addi x10, x10, 0x199                    inst_308+12
x10 <- 0x0000019999999999

mem[X,0x0000000080001C44] -> 0x1513
mem[X,0x0000000080001C46] -> 0x00B5
[1967] [M]: 0x0000000080001C44 (0x00B51513) slli x10, x10, 0xb                      inst_308+16
x10 <- 0x000CCCCCCCCCC800

clint mtime 0x00000000000003D8 (mip.MTI <- 0b1, mip.STI <- 0b0)
mem[X,0x0000000080001C48] -> 0x0513
mem[X,0x0000000080001C4A] -> 0x4CC5
[1968] [M]: 0x0000000080001C48 (0x4CC50513) addi x10, x10, 0x4cc                    inst_308+20
x10 <- 0x000CCCCCCCCCCCCC

mem[X,0x0000000080001C4C] -> 0x1513
mem[X,0x0000000080001C4E] -> 0x00A5
[1969] [M]: 0x0000000080001C4C (0x00A51513) slli x10, x10, 0xa                      inst_308+24
x10 <- 0x3333333333333000

clint mtime 0x00000000000003D9 (mip.MTI <- 0b1, mip.STI <- 0b0)
mem[X,0x0000000080001C50] -> 0x0513
mem[X,0x0000000080001C52] -> 0x3325
[1970] [M]: 0x0000000080001C50 (0x33250513) addi x10, x10, 0x332                    inst_308+28
x10 <- 0x3333333333333332

mem[X,0x0000000080001C54] -> 0x0511
[1971] [M]: 0x0000000080001C54 (0x0511) c.addi x10, 0x4                             inst_308+32
x10 <- 0x3333333333333336

clint mtime 0x00000000000003DA (mip.MTI <- 0b1, mip.STI <- 0b0)
mem[X,0x0000000080001C56] -> 0xB023
mem[X,0x0000000080001C58] -> 0x0CA0
[1972] [M]: 0x0000000080001C56 (0x0CA0B023) sd x10, 0xc0(x1)                        inst_308+34
mem[W,0x0000000080005AB8] <- 0x3333333333333336

mem[X,0x0000000080001C5A] -> 0x3537
mem[X,0x0000000080001C5C] -> 0x3333
[1973] [M]: 0x0000000080001C5A (0x33333537) lui x10, 0x33333                        inst_309+0
x10 <- 0x0000000033333000

clint mtime 0x00000000000003DB (mip.MTI <- 0b1, mip.STI <- 0b0)
mem[X,0x0000000080001C5E] -> 0x0513
mem[X,0x0000000080001C60] -> 0x3335
[1974] [M]: 0x0000000080001C5E (0x33350513) addi x10, x10, 0x333                    inst_309+4
x10 <- 0x0000000033333333

mem[X,0x0000000080001C62] -> 0x1513
mem[X,0x0000000080001C64] -> 0x00B5
[1975] [M]: 0x0000000080001C62 (0x00B51513) slli x10, x10, 0xb                      inst_309+8
x10 <- 0x0000019999999800

clint mtime 0x00000000000003DC (mip.MTI <- 0b1, mip.STI <- 0b0)
mem[X,0x0000000080001C66] -> 0x0513
mem[X,0x0000000080001C68] -> 0x1995
[1976] [M]: 0x0000000080001C66 (0x19950513) addi x10, x10, 0x199                    inst_309+12
x10 <- 0x0000019999999999

mem[X,0x0000000080001C6A] -> 0x1513
mem[X,0x0000000080001C6C] -> 0x00B5
[1977] [M]: 0x0000000080001C6A (0x00B51513) slli x10, x10, 0xb                      inst_309+16
x10 <- 0x000CCCCCCCCCC800

clint mtime 0x00000000000003DD (mip.MTI <- 0b1, mip.STI <- 0b0)
mem[X,0x0000000080001C6E] -> 0x0513
mem[X,0x0000000080001C70] -> 0x4CC5
[1978] [M]: 0x0000000080001C6E (0x4CC50513) addi x10, x10, 0x4cc                    inst_309+20
x10 <- 0x000CCCCCCCCCCCCC

mem[X,0x0000000080001C72] -> 0x1513
mem[X,0x0000000080001C74] -> 0x00A5
[1979] [M]: 0x0000000080001C72 (0x00A51513) slli x10, x10, 0xa                      inst_309+24
x10 <- 0x3333333333333000

clint mtime 0x00000000000003DE (mip.MTI <- 0b1, mip.STI <- 0b0)
mem[X,0x0000000080001C76] -> 0x0513
mem[X,0x0000000080001C78] -> 0x3325
[1980] [M]: 0x0000000080001C76 (0x33250513) addi x10, x10, 0x332                    inst_309+28
x10 <- 0x3333333333333332

mem[X,0x0000000080001C7A] -> 0x0525
[1981] [M]: 0x0000000080001C7A (0x0525) c.addi x10, 0x9                             inst_309+32
x10 <- 0x333333333333333B

clint mtime 0x00000000000003DF (mip.MTI <- 0b1, mip.STI <- 0b0)
mem[X,0x0000000080001C7C] -> 0xB423
mem[X,0x0000000080001C7E] -> 0x0CA0
[1982] [M]: 0x0000000080001C7C (0x0CA0B423) sd x10, 0xc8(x1)                        inst_309+34
mem[W,0x0000000080005AC0] <- 0x333333333333333B

mem[X,0x0000000080001C80] -> 0x3537
mem[X,0x0000000080001C82] -> 0x3333
[1983] [M]: 0x0000000080001C80 (0x33333537) lui x10, 0x33333                        inst_310+0
x10 <- 0x0000000033333000

clint mtime 0x00000000000003E0 (mip.MTI <- 0b1, mip.STI <- 0b0)
mem[X,0x0000000080001C84] -> 0x0513
mem[X,0x0000000080001C86] -> 0x3335
[1984] [M]: 0x0000000080001C84 (0x33350513) addi x10, x10, 0x333                    inst_310+4
x10 <- 0x0000000033333333

mem[X,0x0000000080001C88] -> 0x1513
mem[X,0x0000000080001C8A] -> 0x00B5
[1985] [M]: 0x0000000080001C88 (0x00B51513) slli x10, x10, 0xb                      inst_310+8
x10 <- 0x0000019999999800

clint mtime 0x00000000000003E1 (mip.MTI <- 0b1, mip.STI <- 0b0)
mem[X,0x0000000080001C8C] -> 0x0513
mem[X,0x0000000080001C8E] -> 0x1995
[1986] [M]: 0x0000000080001C8C (0x19950513) addi x10, x10, 0x199                    inst_310+12
x10 <- 0x0000019999999999

mem[X,0x0000000080001C90] -> 0x1513
mem[X,0x0000000080001C92] -> 0x00B5
[1987] [M]: 0x0000000080001C90 (0x00B51513) slli x10, x10, 0xb                      inst_310+16
x10 <- 0x000CCCCCCCCCC800

clint mtime 0x00000000000003E2 (mip.MTI <- 0b1, mip.STI <- 0b0)
mem[X,0x0000000080001C94] -> 0x0513
mem[X,0x0000000080001C96] -> 0x4CC5
[1988] [M]: 0x0000000080001C94 (0x4CC50513) addi x10, x10, 0x4cc                    inst_310+20
x10 <- 0x000CCCCCCCCCCCCC

mem[X,0x0000000080001C98] -> 0x1513
mem[X,0x0000000080001C9A] -> 0x00A5
[1989] [M]: 0x0000000080001C98 (0x00A51513) slli x10, x10, 0xa                      inst_310+24
x10 <- 0x3333333333333000

clint mtime 0x00000000000003E3 (mip.MTI <- 0b1, mip.STI <- 0b0)
mem[X,0x0000000080001C9C] -> 0x0513
mem[X,0x0000000080001C9E] -> 0x3325
[1990] [M]: 0x0000000080001C9C (0x33250513) addi x10, x10, 0x332                    inst_310+28
x10 <- 0x3333333333333332

mem[X,0x0000000080001CA0] -> 0x0501
[1991] [M]: 0x0000000080001CA0 (0x0501) c.addi x10, 0x0                             inst_310+32
x10 <- 0x3333333333333332

clint mtime 0x00000000000003E4 (mip.MTI <- 0b1, mip.STI <- 0b0)
mem[X,0x0000000080001CA2] -> 0xB823
mem[X,0x0000000080001CA4] -> 0x0CA0
[1992] [M]: 0x0000000080001CA2 (0x0CA0B823) sd x10, 0xd0(x1)                        inst_310+34
mem[W,0x0000000080005AC8] <- 0x3333333333333332

mem[X,0x0000000080001CA6] -> 0x3537
mem[X,0x0000000080001CA8] -> 0x3333
[1993] [M]: 0x0000000080001CA6 (0x33333537) lui x10, 0x33333                        inst_311+0
x10 <- 0x0000000033333000

clint mtime 0x00000000000003E5 (mip.MTI <- 0b1, mip.STI <- 0b0)
mem[X,0x0000000080001CAA] -> 0x0513
mem[X,0x0000000080001CAC] -> 0x3335
[1994] [M]: 0x0000000080001CAA (0x33350513) addi x10, x10, 0x333                    inst_311+4
x10 <- 0x0000000033333333

mem[X,0x0000000080001CAE] -> 0x1513
mem[X,0x0000000080001CB0] -> 0x00B5
[1995] [M]: 0x0000000080001CAE (0x00B51513) slli x10, x10, 0xb                      inst_311+8
x10 <- 0x0000019999999800

clint mtime 0x00000000000003E6 (mip.MTI <- 0b1, mip.STI <- 0b0)
mem[X,0x0000000080001CB2] -> 0x0513
mem[X,0x0000000080001CB4] -> 0x1995
[1996] [M]: 0x0000000080001CB2 (0x19950513) addi x10, x10, 0x199                    inst_311+12
x10 <- 0x0000019999999999

mem[X,0x0000000080001CB6] -> 0x1513
mem[X,0x0000000080001CB8] -> 0x00B5
[1997] [M]: 0x0000000080001CB6 (0x00B51513) slli x10, x10, 0xb                      inst_311+16
x10 <- 0x000CCCCCCCCCC800

clint mtime 0x00000000000003E7 (mip.MTI <- 0b1, mip.STI <- 0b0)
mem[X,0x0000000080001CBA] -> 0x0513
mem[X,0x0000000080001CBC] -> 0x4CC5
[1998] [M]: 0x0000000080001CBA (0x4CC50513) addi x10, x10, 0x4cc                    inst_311+20
x10 <- 0x000CCCCCCCCCCCCC

mem[X,0x0000000080001CBE] -> 0x1513
mem[X,0x0000000080001CC0] -> 0x00A5
[1999] [M]: 0x0000000080001CBE (0x00A51513) slli x10, x10, 0xa                      inst_311+24
x10 <- 0x3333333333333000

clint mtime 0x00000000000003E8 (mip.MTI <- 0b1, mip.STI <- 0b0)
mem[X,0x0000000080001CC2] -> 0x0513
mem[X,0x0000000080001CC4] -> 0x3325
[2000] [M]: 0x0000000080001CC2 (0x33250513) addi x10, x10, 0x332                    inst_311+28
x10 <- 0x3333333333333332

mem[X,0x0000000080001CC6] -> 0x052D
[2001] [M]: 0x0000000080001CC6 (0x052D) c.addi x10, 0xb                             inst_311+32
x10 <- 0x333333333333333D

clint mtime 0x00000000000003E9 (mip.MTI <- 0b1, mip.STI <- 0b0)
mem[X,0x0000000080001CC8] -> 0xBC23
mem[X,0x0000000080001CCA] -> 0x0CA0
[2002] [M]: 0x0000000080001CC8 (0x0CA0BC23) sd x10, 0xd8(x1)                        inst_311+34
mem[W,0x0000000080005AD0] <- 0x333333333333333D

mem[X,0x0000000080001CCC] -> 0x3537
mem[X,0x0000000080001CCE] -> 0x3333
[2003] [M]: 0x0000000080001CCC (0x33333537) lui x10, 0x33333                        inst_312+0
x10 <- 0x0000000033333000

clint mtime 0x00000000000003EA (mip.MTI <- 0b1, mip.STI <- 0b0)
mem[X,0x0000000080001CD0] -> 0x0513
mem[X,0x0000000080001CD2] -> 0x3335
[2004] [M]: 0x0000000080001CD0 (0x33350513) addi x10, x10, 0x333                    inst_312+4
x10 <- 0x0000000033333333

mem[X,0x0000000080001CD4] -> 0x1513
mem[X,0x0000000080001CD6] -> 0x00B5
[2005] [M]: 0x0000000080001CD4 (0x00B51513) slli x10, x10, 0xb                      inst_312+8
x10 <- 0x0000019999999800

clint mtime 0x00000000000003EB (mip.MTI <- 0b1, mip.STI <- 0b0)
mem[X,0x0000000080001CD8] -> 0x0513
mem[X,0x0000000080001CDA] -> 0x1995
[2006] [M]: 0x0000000080001CD8 (0x19950513) addi x10, x10, 0x199                    inst_312+12
x10 <- 0x0000019999999999

mem[X,0x0000000080001CDC] -> 0x1513
mem[X,0x0000000080001CDE] -> 0x00B5
[2007] [M]: 0x0000000080001CDC (0x00B51513) slli x10, x10, 0xb                      inst_312+16
x10 <- 0x000CCCCCCCCCC800

clint mtime 0x00000000000003EC (mip.MTI <- 0b1, mip.STI <- 0b0)
mem[X,0x0000000080001CE0] -> 0x0513
mem[X,0x0000000080001CE2] -> 0x4CC5
[2008] [M]: 0x0000000080001CE0 (0x4CC50513) addi x10, x10, 0x4cc                    inst_312+20
x10 <- 0x000CCCCCCCCCCCCC

mem[X,0x0000000080001CE4] -> 0x1513
mem[X,0x0000000080001CE6] -> 0x00A5
[2009] [M]: 0x0000000080001CE4 (0x00A51513) slli x10, x10, 0xa                      inst_312+24
x10 <- 0x3333333333333000

clint mtime 0x00000000000003ED (mip.MTI <- 0b1, mip.STI <- 0b0)
mem[X,0x0000000080001CE8] -> 0x0513
mem[X,0x0000000080001CEA] -> 0x3325
[2010] [M]: 0x0000000080001CE8 (0x33250513) addi x10, x10, 0x332                    inst_312+28
x10 <- 0x3333333333333332

mem[X,0x0000000080001CEC] -> 0x051D
[2011] [M]: 0x0000000080001CEC (0x051D) c.addi x10, 0x7                             inst_312+32
x10 <- 0x3333333333333339

clint mtime 0x00000000000003EE (mip.MTI <- 0b1, mip.STI <- 0b0)
mem[X,0x0000000080001CEE] -> 0xB023
mem[X,0x0000000080001CF0] -> 0x0EA0
[2012] [M]: 0x0000000080001CEE (0x0EA0B023) sd x10, 0xe0(x1)                        inst_312+34
mem[W,0x0000000080005AD8] <- 0x3333333333333339

mem[X,0x0000000080001CF2] -> 0x3537
mem[X,0x0000000080001CF4] -> 0x3333
[2013] [M]: 0x0000000080001CF2 (0x33333537) lui x10, 0x33333                        inst_313+0
x10 <- 0x0000000033333000

clint mtime 0x00000000000003EF (mip.MTI <- 0b1, mip.STI <- 0b0)
mem[X,0x0000000080001CF6] -> 0x0513
mem[X,0x0000000080001CF8] -> 0x3335
[2014] [M]: 0x0000000080001CF6 (0x33350513) addi x10, x10, 0x333                    inst_313+4
x10 <- 0x0000000033333333

mem[X,0x0000000080001CFA] -> 0x1513
mem[X,0x0000000080001CFC] -> 0x00B5
[2015] [M]: 0x0000000080001CFA (0x00B51513) slli x10, x10, 0xb                      inst_313+8
x10 <- 0x0000019999999800

clint mtime 0x00000000000003F0 (mip.MTI <- 0b1, mip.STI <- 0b0)
mem[X,0x0000000080001CFE] -> 0x0513
mem[X,0x0000000080001D00] -> 0x1995
[2016] [M]: 0x0000000080001CFE (0x19950513) addi x10, x10, 0x199                    inst_313+12
x10 <- 0x0000019999999999

mem[X,0x0000000080001D02] -> 0x1513
mem[X,0x0000000080001D04] -> 0x00B5
[2017] [M]: 0x0000000080001D02 (0x00B51513) slli x10, x10, 0xb                      inst_313+16
x10 <- 0x000CCCCCCCCCC800

clint mtime 0x00000000000003F1 (mip.MTI <- 0b1, mip.STI <- 0b0)
mem[X,0x0000000080001D06] -> 0x0513
mem[X,0x0000000080001D08] -> 0x4CC5
[2018] [M]: 0x0000000080001D06 (0x4CC50513) addi x10, x10, 0x4cc                    inst_313+20
x10 <- 0x000CCCCCCCCCCCCC

mem[X,0x0000000080001D0A] -> 0x1513
mem[X,0x0000000080001D0C] -> 0x00A5
[2019] [M]: 0x0000000080001D0A (0x00A51513) slli x10, x10, 0xa                      inst_313+24
x10 <- 0x3333333333333000

clint mtime 0x00000000000003F2 (mip.MTI <- 0b1, mip.STI <- 0b0)
mem[X,0x0000000080001D0E] -> 0x0513
mem[X,0x0000000080001D10] -> 0x3325
[2020] [M]: 0x0000000080001D0E (0x33250513) addi x10, x10, 0x332                    inst_313+28
x10 <- 0x3333333333333332

mem[X,0x0000000080001D12] -> 0x157D
[2021] [M]: 0x0000000080001D12 (0x157D) c.addi x10, -0x1                            inst_313+32
x10 <- 0x3333333333333331

clint mtime 0x00000000000003F3 (mip.MTI <- 0b1, mip.STI <- 0b0)
mem[X,0x0000000080001D14] -> 0xB423
mem[X,0x0000000080001D16] -> 0x0EA0
[2022] [M]: 0x0000000080001D14 (0x0EA0B423) sd x10, 0xe8(x1)                        inst_313+34
mem[W,0x0000000080005AE0] <- 0x3333333333333331

mem[X,0x0000000080001D18] -> 0x3537
mem[X,0x0000000080001D1A] -> 0x3333
[2023] [M]: 0x0000000080001D18 (0x33333537) lui x10, 0x33333                        inst_314+0
x10 <- 0x0000000033333000

clint mtime 0x00000000000003F4 (mip.MTI <- 0b1, mip.STI <- 0b0)
mem[X,0x0000000080001D1C] -> 0x0513
mem[X,0x0000000080001D1E] -> 0x3335
[2024] [M]: 0x0000000080001D1C (0x33350513) addi x10, x10, 0x333                    inst_314+4
x10 <- 0x0000000033333333

mem[X,0x0000000080001D20] -> 0x1513
mem[X,0x0000000080001D22] -> 0x00B5
[2025] [M]: 0x0000000080001D20 (0x00B51513) slli x10, x10, 0xb                      inst_314+8
x10 <- 0x0000019999999800

clint mtime 0x00000000000003F5 (mip.MTI <- 0b1, mip.STI <- 0b0)
mem[X,0x0000000080001D24] -> 0x0513
mem[X,0x0000000080001D26] -> 0x1995
[2026] [M]: 0x0000000080001D24 (0x19950513) addi x10, x10, 0x199                    inst_314+12
x10 <- 0x0000019999999999

mem[X,0x0000000080001D28] -> 0x1513
mem[X,0x0000000080001D2A] -> 0x00B5
[2027] [M]: 0x0000000080001D28 (0x00B51513) slli x10, x10, 0xb                      inst_314+16
x10 <- 0x000CCCCCCCCCC800

clint mtime 0x00000000000003F6 (mip.MTI <- 0b1, mip.STI <- 0b0)
mem[X,0x0000000080001D2C] -> 0x0513
mem[X,0x0000000080001D2E] -> 0x4CC5
[2028] [M]: 0x0000000080001D2C (0x4CC50513) addi x10, x10, 0x4cc                    inst_314+20
x10 <- 0x000CCCCCCCCCCCCC

mem[X,0x0000000080001D30] -> 0x1513
mem[X,0x0000000080001D32] -> 0x00A5
[2029] [M]: 0x0000000080001D30 (0x00A51513) slli x10, x10, 0xa                      inst_314+24
x10 <- 0x3333333333333000

clint mtime 0x00000000000003F7 (mip.MTI <- 0b1, mip.STI <- 0b0)
mem[X,0x0000000080001D34] -> 0x0513
mem[X,0x0000000080001D36] -> 0x3325
[2030] [M]: 0x0000000080001D34 (0x33250513) addi x10, x10, 0x332                    inst_314+28
x10 <- 0x3333333333333332

mem[X,0x0000000080001D38] -> 0x1571
[2031] [M]: 0x0000000080001D38 (0x1571) c.addi x10, -0x4                            inst_314+32
x10 <- 0x333333333333332E

clint mtime 0x00000000000003F8 (mip.MTI <- 0b1, mip.STI <- 0b0)
mem[X,0x0000000080001D3A] -> 0xB823
mem[X,0x0000000080001D3C] -> 0x0EA0
[2032] [M]: 0x0000000080001D3A (0x0EA0B823) sd x10, 0xf0(x1)                        inst_314+34
mem[W,0x0000000080005AE8] <- 0x333333333333332E

mem[X,0x0000000080001D3E] -> 0x6537
mem[X,0x0000000080001D40] -> 0x6666
[2033] [M]: 0x0000000080001D3E (0x66666537) lui x10, 0x66666                        inst_315+0
x10 <- 0x0000000066666000

clint mtime 0x00000000000003F9 (mip.MTI <- 0b1, mip.STI <- 0b0)
mem[X,0x0000000080001D42] -> 0x0513
mem[X,0x0000000080001D44] -> 0x6665
[2034] [M]: 0x0000000080001D42 (0x66650513) addi x10, x10, 0x666                    inst_315+4
x10 <- 0x0000000066666666

mem[X,0x0000000080001D46] -> 0x1513
mem[X,0x0000000080001D48] -> 0x00B5
[2035] [M]: 0x0000000080001D46 (0x00B51513) slli x10, x10, 0xb                      inst_315+8
x10 <- 0x0000033333333000

clint mtime 0x00000000000003FA (mip.MTI <- 0b1, mip.STI <- 0b0)
mem[X,0x0000000080001D4A] -> 0x0513
mem[X,0x0000000080001D4C] -> 0x3335
[2036] [M]: 0x0000000080001D4A (0x33350513) addi x10, x10, 0x333                    inst_315+12
x10 <- 0x0000033333333333

mem[X,0x0000000080001D4E] -> 0x1513
mem[X,0x0000000080001D50] -> 0x00B5
[2037] [M]: 0x0000000080001D4E (0x00B51513) slli x10, x10, 0xb                      inst_315+16
x10 <- 0x0019999999999800

clint mtime 0x00000000000003FB (mip.MTI <- 0b1, mip.STI <- 0b0)
mem[X,0x0000000080001D52] -> 0x0513
mem[X,0x0000000080001D54] -> 0x1995
[2038] [M]: 0x0000000080001D52 (0x19950513) addi x10, x10, 0x199                    inst_315+20
x10 <- 0x0019999999999999

mem[X,0x0000000080001D56] -> 0x1513
mem[X,0x0000000080001D58] -> 0x00A5
[2039] [M]: 0x0000000080001D56 (0x00A51513) slli x10, x10, 0xa                      inst_315+24
x10 <- 0x6666666666666400

clint mtime 0x00000000000003FC (mip.MTI <- 0b1, mip.STI <- 0b0)
mem[X,0x0000000080001D5A] -> 0x0513
mem[X,0x0000000080001D5C] -> 0x2655
[2040] [M]: 0x0000000080001D5A (0x26550513) addi x10, x10, 0x265                    inst_315+28
x10 <- 0x6666666666666665

mem[X,0x0000000080001D5E] -> 0x050D
[2041] [M]: 0x0000000080001D5E (0x050D) c.addi x10, 0x3                             inst_315+32
x10 <- 0x6666666666666668

clint mtime 0x00000000000003FD (mip.MTI <- 0b1, mip.STI <- 0b0)
mem[X,0x0000000080001D60] -> 0xBC23
mem[X,0x0000000080001D62] -> 0x0EA0
[2042] [M]: 0x0000000080001D60 (0x0EA0BC23) sd x10, 0xf8(x1)                        inst_315+34
mem[W,0x0000000080005AF0] <- 0x6666666666666668

mem[X,0x0000000080001D64] -> 0x6537
mem[X,0x0000000080001D66] -> 0x6666
[2043] [M]: 0x0000000080001D64 (0x66666537) lui x10, 0x66666                        inst_316+0
x10 <- 0x0000000066666000

clint mtime 0x00000000000003FE (mip.MTI <- 0b1, mip.STI <- 0b0)
mem[X,0x0000000080001D68] -> 0x0513
mem[X,0x0000000080001D6A] -> 0x6665
[2044] [M]: 0x0000000080001D68 (0x66650513) addi x10, x10, 0x666                    inst_316+4
x10 <- 0x0000000066666666

mem[X,0x0000000080001D6C] -> 0x1513
mem[X,0x0000000080001D6E] -> 0x00B5
[2045] [M]: 0x0000000080001D6C (0x00B51513) slli x10, x10, 0xb                      inst_316+8
x10 <- 0x0000033333333000

clint mtime 0x00000000000003FF (mip.MTI <- 0b1, mip.STI <- 0b0)
mem[X,0x0000000080001D70] -> 0x0513
mem[X,0x0000000080001D72] -> 0x3335
[2046] [M]: 0x0000000080001D70 (0x33350513) addi x10, x10, 0x333                    inst_316+12
x10 <- 0x0000033333333333

mem[X,0x0000000080001D74] -> 0x1513
mem[X,0x0000000080001D76] -> 0x00B5
[2047] [M]: 0x0000000080001D74 (0x00B51513) slli x10, x10, 0xb                      inst_316+16
x10 <- 0x0019999999999800

clint mtime 0x0000000000000400 (mip.MTI <- 0b1, mip.STI <- 0b0)
mem[X,0x0000000080001D78] -> 0x0513
mem[X,0x0000000080001D7A] -> 0x1995
[2048] [M]: 0x0000000080001D78 (0x19950513) addi x10, x10, 0x199                    inst_316+20
x10 <- 0x0019999999999999

mem[X,0x0000000080001D7C] -> 0x1513
mem[X,0x0000000080001D7E] -> 0x00A5
[2049] [M]: 0x0000000080001D7C (0x00A51513) slli x10, x10, 0xa                      inst_316+24
x10 <- 0x6666666666666400

clint mtime 0x0000000000000401 (mip.MTI <- 0b1, mip.STI <- 0b0)
mem[X,0x0000000080001D80] -> 0x0513
mem[X,0x0000000080001D82] -> 0x2655
[2050] [M]: 0x0000000080001D80 (0x26550513) addi x10, x10, 0x265                    inst_316+28
x10 <- 0x6666666666666665

mem[X,0x0000000080001D84] -> 0x0515
[2051] [M]: 0x0000000080001D84 (0x0515) c.addi x10, 0x5                             inst_316+32
x10 <- 0x666666666666666A

clint mtime 0x0000000000000402 (mip.MTI <- 0b1, mip.STI <- 0b0)
mem[X,0x0000000080001D86] -> 0xB023
mem[X,0x0000000080001D88] -> 0x10A0
[2052] [M]: 0x0000000080001D86 (0x10A0B023) sd x10, 0x100(x1)                       inst_316+34
mem[W,0x0000000080005AF8] <- 0x666666666666666A

mem[X,0x0000000080001D8A] -> 0x6537
mem[X,0x0000000080001D8C] -> 0x6666
[2053] [M]: 0x0000000080001D8A (0x66666537) lui x10, 0x66666                        inst_317+0
x10 <- 0x0000000066666000

clint mtime 0x0000000000000403 (mip.MTI <- 0b1, mip.STI <- 0b0)
mem[X,0x0000000080001D8E] -> 0x0513
mem[X,0x0000000080001D90] -> 0x6665
[2054] [M]: 0x0000000080001D8E (0x66650513) addi x10, x10, 0x666                    inst_317+4
x10 <- 0x0000000066666666

mem[X,0x0000000080001D92] -> 0x1513
mem[X,0x0000000080001D94] -> 0x00B5
[2055] [M]: 0x0000000080001D92 (0x00B51513) slli x10, x10, 0xb                      inst_317+8
x10 <- 0x0000033333333000

clint mtime 0x0000000000000404 (mip.MTI <- 0b1, mip.STI <- 0b0)
mem[X,0x0000000080001D96] -> 0x0513
mem[X,0x0000000080001D98] -> 0x3335
[2056] [M]: 0x0000000080001D96 (0x33350513) addi x10, x10, 0x333                    inst_317+12
x10 <- 0x0000033333333333

mem[X,0x0000000080001D9A] -> 0x1513
mem[X,0x0000000080001D9C] -> 0x00B5
[2057] [M]: 0x0000000080001D9A (0x00B51513) slli x10, x10, 0xb                      inst_317+16
x10 <- 0x0019999999999800

clint mtime 0x0000000000000405 (mip.MTI <- 0b1, mip.STI <- 0b0)
mem[X,0x0000000080001D9E] -> 0x0513
mem[X,0x0000000080001DA0] -> 0x1995
[2058] [M]: 0x0000000080001D9E (0x19950513) addi x10, x10, 0x199                    inst_317+20
x10 <- 0x0019999999999999

mem[X,0x0000000080001DA2] -> 0x1513
mem[X,0x0000000080001DA4] -> 0x00A5
[2059] [M]: 0x0000000080001DA2 (0x00A51513) slli x10, x10, 0xa                      inst_317+24
x10 <- 0x6666666666666400

clint mtime 0x0000000000000406 (mip.MTI <- 0b1, mip.STI <- 0b0)
mem[X,0x0000000080001DA6] -> 0x0513
mem[X,0x0000000080001DA8] -> 0x2655
[2060] [M]: 0x0000000080001DA6 (0x26550513) addi x10, x10, 0x265                    inst_317+28
x10 <- 0x6666666666666665

mem[X,0x0000000080001DAA] -> 0x0529
[2061] [M]: 0x0000000080001DAA (0x0529) c.addi x10, 0xa                             inst_317+32
x10 <- 0x666666666666666F

clint mtime 0x0000000000000407 (mip.MTI <- 0b1, mip.STI <- 0b0)
mem[X,0x0000000080001DAC] -> 0xB423
mem[X,0x0000000080001DAE] -> 0x10A0
[2062] [M]: 0x0000000080001DAC (0x10A0B423) sd x10, 0x108(x1)                       inst_317+34
mem[W,0x0000000080005B00] <- 0x666666666666666F

mem[X,0x0000000080001DB0] -> 0x6537
mem[X,0x0000000080001DB2] -> 0x6666
[2063] [M]: 0x0000000080001DB0 (0x66666537) lui x10, 0x66666                        inst_318+0
x10 <- 0x0000000066666000

clint mtime 0x0000000000000408 (mip.MTI <- 0b1, mip.STI <- 0b0)
mem[X,0x0000000080001DB4] -> 0x0513
mem[X,0x0000000080001DB6] -> 0x6665
[2064] [M]: 0x0000000080001DB4 (0x66650513) addi x10, x10, 0x666                    inst_318+4
x10 <- 0x0000000066666666

mem[X,0x0000000080001DB8] -> 0x1513
mem[X,0x0000000080001DBA] -> 0x00B5
[2065] [M]: 0x0000000080001DB8 (0x00B51513) slli x10, x10, 0xb                      inst_318+8
x10 <- 0x0000033333333000

clint mtime 0x0000000000000409 (mip.MTI <- 0b1, mip.STI <- 0b0)
mem[X,0x0000000080001DBC] -> 0x0513
mem[X,0x0000000080001DBE] -> 0x3335
[2066] [M]: 0x0000000080001DBC (0x33350513) addi x10, x10, 0x333                    inst_318+12
x10 <- 0x0000033333333333

mem[X,0x0000000080001DC0] -> 0x1513
mem[X,0x0000000080001DC2] -> 0x00B5
[2067] [M]: 0x0000000080001DC0 (0x00B51513) slli x10, x10, 0xb                      inst_318+16
x10 <- 0x0019999999999800

clint mtime 0x000000000000040A (mip.MTI <- 0b1, mip.STI <- 0b0)
mem[X,0x0000000080001DC4] -> 0x0513
mem[X,0x0000000080001DC6] -> 0x1995
[2068] [M]: 0x0000000080001DC4 (0x19950513) addi x10, x10, 0x199                    inst_318+20
x10 <- 0x0019999999999999

mem[X,0x0000000080001DC8] -> 0x1513
mem[X,0x0000000080001DCA] -> 0x00A5
[2069] [M]: 0x0000000080001DC8 (0x00A51513) slli x10, x10, 0xa                      inst_318+24
x10 <- 0x6666666666666400

clint mtime 0x000000000000040B (mip.MTI <- 0b1, mip.STI <- 0b0)
mem[X,0x0000000080001DCC] -> 0x0513
mem[X,0x0000000080001DCE] -> 0x2655
[2070] [M]: 0x0000000080001DCC (0x26550513) addi x10, x10, 0x265                    inst_318+28
x10 <- 0x6666666666666665

mem[X,0x0000000080001DD0] -> 0x0519
[2071] [M]: 0x0000000080001DD0 (0x0519) c.addi x10, 0x6                             inst_318+32
x10 <- 0x666666666666666B

clint mtime 0x000000000000040C (mip.MTI <- 0b1, mip.STI <- 0b0)
mem[X,0x0000000080001DD2] -> 0xB823
mem[X,0x0000000080001DD4] -> 0x10A0
[2072] [M]: 0x0000000080001DD2 (0x10A0B823) sd x10, 0x110(x1)                       inst_318+34
mem[W,0x0000000080005B08] <- 0x666666666666666B

mem[X,0x0000000080001DD6] -> 0x6537
mem[X,0x0000000080001DD8] -> 0x6666
[2073] [M]: 0x0000000080001DD6 (0x66666537) lui x10, 0x66666                        inst_319+0
x10 <- 0x0000000066666000

clint mtime 0x000000000000040D (mip.MTI <- 0b1, mip.STI <- 0b0)
mem[X,0x0000000080001DDA] -> 0x0513
mem[X,0x0000000080001DDC] -> 0x6665
[2074] [M]: 0x0000000080001DDA (0x66650513) addi x10, x10, 0x666                    inst_319+4
x10 <- 0x0000000066666666

mem[X,0x0000000080001DDE] -> 0x1513
mem[X,0x0000000080001DE0] -> 0x00B5
[2075] [M]: 0x0000000080001DDE (0x00B51513) slli x10, x10, 0xb                      inst_319+8
x10 <- 0x0000033333333000

clint mtime 0x000000000000040E (mip.MTI <- 0b1, mip.STI <- 0b0)
mem[X,0x0000000080001DE2] -> 0x0513
mem[X,0x0000000080001DE4] -> 0x3335
[2076] [M]: 0x0000000080001DE2 (0x33350513) addi x10, x10, 0x333                    inst_319+12
x10 <- 0x0000033333333333

mem[X,0x0000000080001DE6] -> 0x1513
mem[X,0x0000000080001DE8] -> 0x00B5
[2077] [M]: 0x0000000080001DE6 (0x00B51513) slli x10, x10, 0xb                      inst_319+16
x10 <- 0x0019999999999800

clint mtime 0x000000000000040F (mip.MTI <- 0b1, mip.STI <- 0b0)
mem[X,0x0000000080001DEA] -> 0x0513
mem[X,0x0000000080001DEC] -> 0x1995
[2078] [M]: 0x0000000080001DEA (0x19950513) addi x10, x10, 0x199                    inst_319+20
x10 <- 0x0019999999999999

mem[X,0x0000000080001DEE] -> 0x1513
mem[X,0x0000000080001DF0] -> 0x00A5
[2079] [M]: 0x0000000080001DEE (0x00A51513) slli x10, x10, 0xa                      inst_319+24
x10 <- 0x6666666666666400

clint mtime 0x0000000000000410 (mip.MTI <- 0b1, mip.STI <- 0b0)
mem[X,0x0000000080001DF2] -> 0x0513
mem[X,0x0000000080001DF4] -> 0x2655
[2080] [M]: 0x0000000080001DF2 (0x26550513) addi x10, x10, 0x265                    inst_319+28
x10 <- 0x6666666666666665

mem[X,0x0000000080001DF6] -> 0x1579
[2081] [M]: 0x0000000080001DF6 (0x1579) c.addi x10, -0x2                            inst_319+32
x10 <- 0x6666666666666663

clint mtime 0x0000000000000411 (mip.MTI <- 0b1, mip.STI <- 0b0)
mem[X,0x0000000080001DF8] -> 0xBC23
mem[X,0x0000000080001DFA] -> 0x10A0
[2082] [M]: 0x0000000080001DF8 (0x10A0BC23) sd x10, 0x118(x1)                       inst_319+34
mem[W,0x0000000080005B10] <- 0x6666666666666663

mem[X,0x0000000080001DFC] -> 0x6537
mem[X,0x0000000080001DFE] -> 0x6666
[2083] [M]: 0x0000000080001DFC (0x66666537) lui x10, 0x66666                        inst_320+0
x10 <- 0x0000000066666000

clint mtime 0x0000000000000412 (mip.MTI <- 0b1, mip.STI <- 0b0)
mem[X,0x0000000080001E00] -> 0x0513
mem[X,0x0000000080001E02] -> 0x6665
[2084] [M]: 0x0000000080001E00 (0x66650513) addi x10, x10, 0x666                    inst_320+4
x10 <- 0x0000000066666666

mem[X,0x0000000080001E04] -> 0x1513
mem[X,0x0000000080001E06] -> 0x00B5
[2085] [M]: 0x0000000080001E04 (0x00B51513) slli x10, x10, 0xb                      inst_320+8
x10 <- 0x0000033333333000

clint mtime 0x0000000000000413 (mip.MTI <- 0b1, mip.STI <- 0b0)
mem[X,0x0000000080001E08] -> 0x0513
mem[X,0x0000000080001E0A] -> 0x3335
[2086] [M]: 0x0000000080001E08 (0x33350513) addi x10, x10, 0x333                    inst_320+12
x10 <- 0x0000033333333333

mem[X,0x0000000080001E0C] -> 0x1513
mem[X,0x0000000080001E0E] -> 0x00B5
[2087] [M]: 0x0000000080001E0C (0x00B51513) slli x10, x10, 0xb                      inst_320+16
x10 <- 0x0019999999999800

clint mtime 0x0000000000000414 (mip.MTI <- 0b1, mip.STI <- 0b0)
mem[X,0x0000000080001E10] -> 0x0513
mem[X,0x0000000080001E12] -> 0x1995
[2088] [M]: 0x0000000080001E10 (0x19950513) addi x10, x10, 0x199                    inst_320+20
x10 <- 0x0019999999999999

mem[X,0x0000000080001E14] -> 0x1513
mem[X,0x0000000080001E16] -> 0x00A5
[2089] [M]: 0x0000000080001E14 (0x00A51513) slli x10, x10, 0xa                      inst_320+24
x10 <- 0x6666666666666400

clint mtime 0x0000000000000415 (mip.MTI <- 0b1, mip.STI <- 0b0)
mem[X,0x0000000080001E18] -> 0x0513
mem[X,0x0000000080001E1A] -> 0x2655
[2090] [M]: 0x0000000080001E18 (0x26550513) addi x10, x10, 0x265                    inst_320+28
x10 <- 0x6666666666666665

mem[X,0x0000000080001E1C] -> 0x156D
[2091] [M]: 0x0000000080001E1C (0x156D) c.addi x10, -0x5                            inst_320+32
x10 <- 0x6666666666666660

clint mtime 0x0000000000000416 (mip.MTI <- 0b1, mip.STI <- 0b0)
mem[X,0x0000000080001E1E] -> 0xB023
mem[X,0x0000000080001E20] -> 0x12A0
[2092] [M]: 0x0000000080001E1E (0x12A0B023) sd x10, 0x120(x1)                       inst_320+34
mem[W,0x0000000080005B18] <- 0x6666666666666660

mem[X,0x0000000080001E22] -> 0x6537
mem[X,0x0000000080001E24] -> 0x6666
[2093] [M]: 0x0000000080001E22 (0x66666537) lui x10, 0x66666                        inst_321+0
x10 <- 0x0000000066666000

clint mtime 0x0000000000000417 (mip.MTI <- 0b1, mip.STI <- 0b0)
mem[X,0x0000000080001E26] -> 0x0513
mem[X,0x0000000080001E28] -> 0x6665
[2094] [M]: 0x0000000080001E26 (0x66650513) addi x10, x10, 0x666                    inst_321+4
x10 <- 0x0000000066666666

mem[X,0x0000000080001E2A] -> 0x1513
mem[X,0x0000000080001E2C] -> 0x00B5
[2095] [M]: 0x0000000080001E2A (0x00B51513) slli x10, x10, 0xb                      inst_321+8
x10 <- 0x0000033333333000

clint mtime 0x0000000000000418 (mip.MTI <- 0b1, mip.STI <- 0b0)
mem[X,0x0000000080001E2E] -> 0x0513
mem[X,0x0000000080001E30] -> 0x3335
[2096] [M]: 0x0000000080001E2E (0x33350513) addi x10, x10, 0x333                    inst_321+12
x10 <- 0x0000033333333333

mem[X,0x0000000080001E32] -> 0x1513
mem[X,0x0000000080001E34] -> 0x00B5
[2097] [M]: 0x0000000080001E32 (0x00B51513) slli x10, x10, 0xb                      inst_321+16
x10 <- 0x0019999999999800

clint mtime 0x0000000000000419 (mip.MTI <- 0b1, mip.STI <- 0b0)
mem[X,0x0000000080001E36] -> 0x0513
mem[X,0x0000000080001E38] -> 0x1995
[2098] [M]: 0x0000000080001E36 (0x19950513) addi x10, x10, 0x199                    inst_321+20
x10 <- 0x0019999999999999

mem[X,0x0000000080001E3A] -> 0x1513
mem[X,0x0000000080001E3C] -> 0x00A5
[2099] [M]: 0x0000000080001E3A (0x00A51513) slli x10, x10, 0xa                      inst_321+24
x10 <- 0x6666666666666400

clint mtime 0x000000000000041A (mip.MTI <- 0b1, mip.STI <- 0b0)
mem[X,0x0000000080001E3E] -> 0x0513
mem[X,0x0000000080001E40] -> 0x2655
[2100] [M]: 0x0000000080001E3E (0x26550513) addi x10, x10, 0x265                    inst_321+28
x10 <- 0x6666666666666665

mem[X,0x0000000080001E42] -> 0x0509
[2101] [M]: 0x0000000080001E42 (0x0509) c.addi x10, 0x2                             inst_321+32
x10 <- 0x6666666666666667

clint mtime 0x000000000000041B (mip.MTI <- 0b1, mip.STI <- 0b0)
mem[X,0x0000000080001E44] -> 0xB423
mem[X,0x0000000080001E46] -> 0x12A0
[2102] [M]: 0x0000000080001E44 (0x12A0B423) sd x10, 0x128(x1)                       inst_321+34
mem[W,0x0000000080005B20] <- 0x6666666666666667

mem[X,0x0000000080001E48] -> 0x6537
mem[X,0x0000000080001E4A] -> 0x6666
[2103] [M]: 0x0000000080001E48 (0x66666537) lui x10, 0x66666                        inst_322+0
x10 <- 0x0000000066666000

clint mtime 0x000000000000041C (mip.MTI <- 0b1, mip.STI <- 0b0)
mem[X,0x0000000080001E4C] -> 0x0513
mem[X,0x0000000080001E4E] -> 0x6665
[2104] [M]: 0x0000000080001E4C (0x66650513) addi x10, x10, 0x666                    inst_322+4
x10 <- 0x0000000066666666

mem[X,0x0000000080001E50] -> 0x1513
mem[X,0x0000000080001E52] -> 0x00B5
[2105] [M]: 0x0000000080001E50 (0x00B51513) slli x10, x10, 0xb                      inst_322+8
x10 <- 0x0000033333333000

clint mtime 0x000000000000041D (mip.MTI <- 0b1, mip.STI <- 0b0)
mem[X,0x0000000080001E54] -> 0x0513
mem[X,0x0000000080001E56] -> 0x3335
[2106] [M]: 0x0000000080001E54 (0x33350513) addi x10, x10, 0x333                    inst_322+12
x10 <- 0x0000033333333333

mem[X,0x0000000080001E58] -> 0x1513
mem[X,0x0000000080001E5A] -> 0x00B5
[2107] [M]: 0x0000000080001E58 (0x00B51513) slli x10, x10, 0xb                      inst_322+16
x10 <- 0x0019999999999800

clint mtime 0x000000000000041E (mip.MTI <- 0b1, mip.STI <- 0b0)
mem[X,0x0000000080001E5C] -> 0x0513
mem[X,0x0000000080001E5E] -> 0x1995
[2108] [M]: 0x0000000080001E5C (0x19950513) addi x10, x10, 0x199                    inst_322+20
x10 <- 0x0019999999999999

mem[X,0x0000000080001E60] -> 0x1513
mem[X,0x0000000080001E62] -> 0x00A5
[2109] [M]: 0x0000000080001E60 (0x00A51513) slli x10, x10, 0xa                      inst_322+24
x10 <- 0x6666666666666400

clint mtime 0x000000000000041F (mip.MTI <- 0b1, mip.STI <- 0b0)
mem[X,0x0000000080001E64] -> 0x0513
mem[X,0x0000000080001E66] -> 0x2655
[2110] [M]: 0x0000000080001E64 (0x26550513) addi x10, x10, 0x265                    inst_322+28
x10 <- 0x6666666666666665

mem[X,0x0000000080001E68] -> 0x0511
[2111] [M]: 0x0000000080001E68 (0x0511) c.addi x10, 0x4                             inst_322+32
x10 <- 0x6666666666666669

clint mtime 0x0000000000000420 (mip.MTI <- 0b1, mip.STI <- 0b0)
mem[X,0x0000000080001E6A] -> 0xB823
mem[X,0x0000000080001E6C] -> 0x12A0
[2112] [M]: 0x0000000080001E6A (0x12A0B823) sd x10, 0x130(x1)                       inst_322+34
mem[W,0x0000000080005B28] <- 0x6666666666666669

mem[X,0x0000000080001E6E] -> 0x6537
mem[X,0x0000000080001E70] -> 0x6666
[2113] [M]: 0x0000000080001E6E (0x66666537) lui x10, 0x66666                        inst_323+0
x10 <- 0x0000000066666000

clint mtime 0x0000000000000421 (mip.MTI <- 0b1, mip.STI <- 0b0)
mem[X,0x0000000080001E72] -> 0x0513
mem[X,0x0000000080001E74] -> 0x6665
[2114] [M]: 0x0000000080001E72 (0x66650513) addi x10, x10, 0x666                    inst_323+4
x10 <- 0x0000000066666666

mem[X,0x0000000080001E76] -> 0x1513
mem[X,0x0000000080001E78] -> 0x00B5
[2115] [M]: 0x0000000080001E76 (0x00B51513) slli x10, x10, 0xb                      inst_323+8
x10 <- 0x0000033333333000

clint mtime 0x0000000000000422 (mip.MTI <- 0b1, mip.STI <- 0b0)
mem[X,0x0000000080001E7A] -> 0x0513
mem[X,0x0000000080001E7C] -> 0x3335
[2116] [M]: 0x0000000080001E7A (0x33350513) addi x10, x10, 0x333                    inst_323+12
x10 <- 0x0000033333333333

mem[X,0x0000000080001E7E] -> 0x1513
mem[X,0x0000000080001E80] -> 0x00B5
[2117] [M]: 0x0000000080001E7E (0x00B51513) slli x10, x10, 0xb                      inst_323+16
x10 <- 0x0019999999999800

clint mtime 0x0000000000000423 (mip.MTI <- 0b1, mip.STI <- 0b0)
mem[X,0x0000000080001E82] -> 0x0513
mem[X,0x0000000080001E84] -> 0x1995
[2118] [M]: 0x0000000080001E82 (0x19950513) addi x10, x10, 0x199                    inst_323+20
x10 <- 0x0019999999999999

mem[X,0x0000000080001E86] -> 0x1513
mem[X,0x0000000080001E88] -> 0x00A5
[2119] [M]: 0x0000000080001E86 (0x00A51513) slli x10, x10, 0xa                      inst_323+24
x10 <- 0x6666666666666400

clint mtime 0x0000000000000424 (mip.MTI <- 0b1, mip.STI <- 0b0)
mem[X,0x0000000080001E8A] -> 0x0513
mem[X,0x0000000080001E8C] -> 0x2655
[2120] [M]: 0x0000000080001E8A (0x26550513) addi x10, x10, 0x265                    inst_323+28
x10 <- 0x6666666666666665

mem[X,0x0000000080001E8E] -> 0x0525
[2121] [M]: 0x0000000080001E8E (0x0525) c.addi x10, 0x9                             inst_323+32
x10 <- 0x666666666666666E

clint mtime 0x0000000000000425 (mip.MTI <- 0b1, mip.STI <- 0b0)
mem[X,0x0000000080001E90] -> 0xBC23
mem[X,0x0000000080001E92] -> 0x12A0
[2122] [M]: 0x0000000080001E90 (0x12A0BC23) sd x10, 0x138(x1)                       inst_323+34
mem[W,0x0000000080005B30] <- 0x666666666666666E

mem[X,0x0000000080001E94] -> 0x6537
mem[X,0x0000000080001E96] -> 0x6666
[2123] [M]: 0x0000000080001E94 (0x66666537) lui x10, 0x66666                        inst_324+0
x10 <- 0x0000000066666000

clint mtime 0x0000000000000426 (mip.MTI <- 0b1, mip.STI <- 0b0)
mem[X,0x0000000080001E98] -> 0x0513
mem[X,0x0000000080001E9A] -> 0x6665
[2124] [M]: 0x0000000080001E98 (0x66650513) addi x10, x10, 0x666                    inst_324+4
x10 <- 0x0000000066666666

mem[X,0x0000000080001E9C] -> 0x1513
mem[X,0x0000000080001E9E] -> 0x00B5
[2125] [M]: 0x0000000080001E9C (0x00B51513) slli x10, x10, 0xb                      inst_324+8
x10 <- 0x0000033333333000

clint mtime 0x0000000000000427 (mip.MTI <- 0b1, mip.STI <- 0b0)
mem[X,0x0000000080001EA0] -> 0x0513
mem[X,0x0000000080001EA2] -> 0x3335
[2126] [M]: 0x0000000080001EA0 (0x33350513) addi x10, x10, 0x333                    inst_324+12
x10 <- 0x0000033333333333

mem[X,0x0000000080001EA4] -> 0x1513
mem[X,0x0000000080001EA6] -> 0x00B5
[2127] [M]: 0x0000000080001EA4 (0x00B51513) slli x10, x10, 0xb                      inst_324+16
x10 <- 0x0019999999999800

clint mtime 0x0000000000000428 (mip.MTI <- 0b1, mip.STI <- 0b0)
mem[X,0x0000000080001EA8] -> 0x0513
mem[X,0x0000000080001EAA] -> 0x1995
[2128] [M]: 0x0000000080001EA8 (0x19950513) addi x10, x10, 0x199                    inst_324+20
x10 <- 0x0019999999999999

mem[X,0x0000000080001EAC] -> 0x1513
mem[X,0x0000000080001EAE] -> 0x00A5
[2129] [M]: 0x0000000080001EAC (0x00A51513) slli x10, x10, 0xa                      inst_324+24
x10 <- 0x6666666666666400

clint mtime 0x0000000000000429 (mip.MTI <- 0b1, mip.STI <- 0b0)
mem[X,0x0000000080001EB0] -> 0x0513
mem[X,0x0000000080001EB2] -> 0x2655
[2130] [M]: 0x0000000080001EB0 (0x26550513) addi x10, x10, 0x265                    inst_324+28
x10 <- 0x6666666666666665

mem[X,0x0000000080001EB4] -> 0x0501
[2131] [M]: 0x0000000080001EB4 (0x0501) c.addi x10, 0x0                             inst_324+32
x10 <- 0x6666666666666665

clint mtime 0x000000000000042A (mip.MTI <- 0b1, mip.STI <- 0b0)
mem[X,0x0000000080001EB6] -> 0xB023
mem[X,0x0000000080001EB8] -> 0x14A0
[2132] [M]: 0x0000000080001EB6 (0x14A0B023) sd x10, 0x140(x1)                       inst_324+34
mem[W,0x0000000080005B38] <- 0x6666666666666665

mem[X,0x0000000080001EBA] -> 0x6537
mem[X,0x0000000080001EBC] -> 0x6666
[2133] [M]: 0x0000000080001EBA (0x66666537) lui x10, 0x66666                        inst_325+0
x10 <- 0x0000000066666000

clint mtime 0x000000000000042B (mip.MTI <- 0b1, mip.STI <- 0b0)
mem[X,0x0000000080001EBE] -> 0x0513
mem[X,0x0000000080001EC0] -> 0x6665
[2134] [M]: 0x0000000080001EBE (0x66650513) addi x10, x10, 0x666                    inst_325+4
x10 <- 0x0000000066666666

mem[X,0x0000000080001EC2] -> 0x1513
mem[X,0x0000000080001EC4] -> 0x00B5
[2135] [M]: 0x0000000080001EC2 (0x00B51513) slli x10, x10, 0xb                      inst_325+8
x10 <- 0x0000033333333000

clint mtime 0x000000000000042C (mip.MTI <- 0b1, mip.STI <- 0b0)
mem[X,0x0000000080001EC6] -> 0x0513
mem[X,0x0000000080001EC8] -> 0x3335
[2136] [M]: 0x0000000080001EC6 (0x33350513) addi x10, x10, 0x333                    inst_325+12
x10 <- 0x0000033333333333

mem[X,0x0000000080001ECA] -> 0x1513
mem[X,0x0000000080001ECC] -> 0x00B5
[2137] [M]: 0x0000000080001ECA (0x00B51513) slli x10, x10, 0xb                      inst_325+16
x10 <- 0x0019999999999800

clint mtime 0x000000000000042D (mip.MTI <- 0b1, mip.STI <- 0b0)
mem[X,0x0000000080001ECE] -> 0x0513
mem[X,0x0000000080001ED0] -> 0x1995
[2138] [M]: 0x0000000080001ECE (0x19950513) addi x10, x10, 0x199                    inst_325+20
x10 <- 0x0019999999999999

mem[X,0x0000000080001ED2] -> 0x1513
mem[X,0x0000000080001ED4] -> 0x00A5
[2139] [M]: 0x0000000080001ED2 (0x00A51513) slli x10, x10, 0xa                      inst_325+24
x10 <- 0x6666666666666400

clint mtime 0x000000000000042E (mip.MTI <- 0b1, mip.STI <- 0b0)
mem[X,0x0000000080001ED6] -> 0x0513
mem[X,0x0000000080001ED8] -> 0x2655
[2140] [M]: 0x0000000080001ED6 (0x26550513) addi x10, x10, 0x265                    inst_325+28
x10 <- 0x6666666666666665

mem[X,0x0000000080001EDA] -> 0x052D
[2141] [M]: 0x0000000080001EDA (0x052D) c.addi x10, 0xb                             inst_325+32
x10 <- 0x6666666666666670

clint mtime 0x000000000000042F (mip.MTI <- 0b1, mip.STI <- 0b0)
mem[X,0x0000000080001EDC] -> 0xB423
mem[X,0x0000000080001EDE] -> 0x14A0
[2142] [M]: 0x0000000080001EDC (0x14A0B423) sd x10, 0x148(x1)                       inst_325+34
mem[W,0x0000000080005B40] <- 0x6666666666666670

mem[X,0x0000000080001EE0] -> 0x6537
mem[X,0x0000000080001EE2] -> 0x6666
[2143] [M]: 0x0000000080001EE0 (0x66666537) lui x10, 0x66666                        inst_326+0
x10 <- 0x0000000066666000

clint mtime 0x0000000000000430 (mip.MTI <- 0b1, mip.STI <- 0b0)
mem[X,0x0000000080001EE4] -> 0x0513
mem[X,0x0000000080001EE6] -> 0x6665
[2144] [M]: 0x0000000080001EE4 (0x66650513) addi x10, x10, 0x666                    inst_326+4
x10 <- 0x0000000066666666

mem[X,0x0000000080001EE8] -> 0x1513
mem[X,0x0000000080001EEA] -> 0x00B5
[2145] [M]: 0x0000000080001EE8 (0x00B51513) slli x10, x10, 0xb                      inst_326+8
x10 <- 0x0000033333333000

clint mtime 0x0000000000000431 (mip.MTI <- 0b1, mip.STI <- 0b0)
mem[X,0x0000000080001EEC] -> 0x0513
mem[X,0x0000000080001EEE] -> 0x3335
[2146] [M]: 0x0000000080001EEC (0x33350513) addi x10, x10, 0x333                    inst_326+12
x10 <- 0x0000033333333333

mem[X,0x0000000080001EF0] -> 0x1513
mem[X,0x0000000080001EF2] -> 0x00B5
[2147] [M]: 0x0000000080001EF0 (0x00B51513) slli x10, x10, 0xb                      inst_326+16
x10 <- 0x0019999999999800

clint mtime 0x0000000000000432 (mip.MTI <- 0b1, mip.STI <- 0b0)
mem[X,0x0000000080001EF4] -> 0x0513
mem[X,0x0000000080001EF6] -> 0x1995
[2148] [M]: 0x0000000080001EF4 (0x19950513) addi x10, x10, 0x199                    inst_326+20
x10 <- 0x0019999999999999

mem[X,0x0000000080001EF8] -> 0x1513
mem[X,0x0000000080001EFA] -> 0x00A5
[2149] [M]: 0x0000000080001EF8 (0x00A51513) slli x10, x10, 0xa                      inst_326+24
x10 <- 0x6666666666666400

clint mtime 0x0000000000000433 (mip.MTI <- 0b1, mip.STI <- 0b0)
mem[X,0x0000000080001EFC] -> 0x0513
mem[X,0x0000000080001EFE] -> 0x2655
[2150] [M]: 0x0000000080001EFC (0x26550513) addi x10, x10, 0x265                    inst_326+28
x10 <- 0x6666666666666665

mem[X,0x0000000080001F00] -> 0x051D
[2151] [M]: 0x0000000080001F00 (0x051D) c.addi x10, 0x7                             inst_326+32
x10 <- 0x666666666666666C

clint mtime 0x0000000000000434 (mip.MTI <- 0b1, mip.STI <- 0b0)
mem[X,0x0000000080001F02] -> 0xB823
mem[X,0x0000000080001F04] -> 0x14A0
[2152] [M]: 0x0000000080001F02 (0x14A0B823) sd x10, 0x150(x1)                       inst_326+34
mem[W,0x0000000080005B48] <- 0x666666666666666C

mem[X,0x0000000080001F06] -> 0x6537
mem[X,0x0000000080001F08] -> 0x6666
[2153] [M]: 0x0000000080001F06 (0x66666537) lui x10, 0x66666                        inst_327+0
x10 <- 0x0000000066666000

clint mtime 0x0000000000000435 (mip.MTI <- 0b1, mip.STI <- 0b0)
mem[X,0x0000000080001F0A] -> 0x0513
mem[X,0x0000000080001F0C] -> 0x6665
[2154] [M]: 0x0000000080001F0A (0x66650513) addi x10, x10, 0x666                    inst_327+4
x10 <- 0x0000000066666666

mem[X,0x0000000080001F0E] -> 0x1513
mem[X,0x0000000080001F10] -> 0x00B5
[2155] [M]: 0x0000000080001F0E (0x00B51513) slli x10, x10, 0xb                      inst_327+8
x10 <- 0x0000033333333000

clint mtime 0x0000000000000436 (mip.MTI <- 0b1, mip.STI <- 0b0)
mem[X,0x0000000080001F12] -> 0x0513
mem[X,0x0000000080001F14] -> 0x3335
[2156] [M]: 0x0000000080001F12 (0x33350513) addi x10, x10, 0x333                    inst_327+12
x10 <- 0x0000033333333333

mem[X,0x0000000080001F16] -> 0x1513
mem[X,0x0000000080001F18] -> 0x00B5
[2157] [M]: 0x0000000080001F16 (0x00B51513) slli x10, x10, 0xb                      inst_327+16
x10 <- 0x0019999999999800

clint mtime 0x0000000000000437 (mip.MTI <- 0b1, mip.STI <- 0b0)
mem[X,0x0000000080001F1A] -> 0x0513
mem[X,0x0000000080001F1C] -> 0x1995
[2158] [M]: 0x0000000080001F1A (0x19950513) addi x10, x10, 0x199                    inst_327+20
x10 <- 0x0019999999999999

mem[X,0x0000000080001F1E] -> 0x1513
mem[X,0x0000000080001F20] -> 0x00A5
[2159] [M]: 0x0000000080001F1E (0x00A51513) slli x10, x10, 0xa                      inst_327+24
x10 <- 0x6666666666666400

clint mtime 0x0000000000000438 (mip.MTI <- 0b1, mip.STI <- 0b0)
mem[X,0x0000000080001F22] -> 0x0513
mem[X,0x0000000080001F24] -> 0x2655
[2160] [M]: 0x0000000080001F22 (0x26550513) addi x10, x10, 0x265                    inst_327+28
x10 <- 0x6666666666666665

mem[X,0x0000000080001F26] -> 0x157D
[2161] [M]: 0x0000000080001F26 (0x157D) c.addi x10, -0x1                            inst_327+32
x10 <- 0x6666666666666664

clint mtime 0x0000000000000439 (mip.MTI <- 0b1, mip.STI <- 0b0)
mem[X,0x0000000080001F28] -> 0xBC23
mem[X,0x0000000080001F2A] -> 0x14A0
[2162] [M]: 0x0000000080001F28 (0x14A0BC23) sd x10, 0x158(x1)                       inst_327+34
mem[W,0x0000000080005B50] <- 0x6666666666666664

mem[X,0x0000000080001F2C] -> 0x6537
mem[X,0x0000000080001F2E] -> 0x6666
[2163] [M]: 0x0000000080001F2C (0x66666537) lui x10, 0x66666                        inst_328+0
x10 <- 0x0000000066666000

clint mtime 0x000000000000043A (mip.MTI <- 0b1, mip.STI <- 0b0)
mem[X,0x0000000080001F30] -> 0x0513
mem[X,0x0000000080001F32] -> 0x6665
[2164] [M]: 0x0000000080001F30 (0x66650513) addi x10, x10, 0x666                    inst_328+4
x10 <- 0x0000000066666666

mem[X,0x0000000080001F34] -> 0x1513
mem[X,0x0000000080001F36] -> 0x00B5
[2165] [M]: 0x0000000080001F34 (0x00B51513) slli x10, x10, 0xb                      inst_328+8
x10 <- 0x0000033333333000

clint mtime 0x000000000000043B (mip.MTI <- 0b1, mip.STI <- 0b0)
mem[X,0x0000000080001F38] -> 0x0513
mem[X,0x0000000080001F3A] -> 0x3335
[2166] [M]: 0x0000000080001F38 (0x33350513) addi x10, x10, 0x333                    inst_328+12
x10 <- 0x0000033333333333

mem[X,0x0000000080001F3C] -> 0x1513
mem[X,0x0000000080001F3E] -> 0x00B5
[2167] [M]: 0x0000000080001F3C (0x00B51513) slli x10, x10, 0xb                      inst_328+16
x10 <- 0x0019999999999800

clint mtime 0x000000000000043C (mip.MTI <- 0b1, mip.STI <- 0b0)
mem[X,0x0000000080001F40] -> 0x0513
mem[X,0x0000000080001F42] -> 0x1995
[2168] [M]: 0x0000000080001F40 (0x19950513) addi x10, x10, 0x199                    inst_328+20
x10 <- 0x0019999999999999

mem[X,0x0000000080001F44] -> 0x1513
mem[X,0x0000000080001F46] -> 0x00A5
[2169] [M]: 0x0000000080001F44 (0x00A51513) slli x10, x10, 0xa                      inst_328+24
x10 <- 0x6666666666666400

clint mtime 0x000000000000043D (mip.MTI <- 0b1, mip.STI <- 0b0)
mem[X,0x0000000080001F48] -> 0x0513
mem[X,0x0000000080001F4A] -> 0x2655
[2170] [M]: 0x0000000080001F48 (0x26550513) addi x10, x10, 0x265                    inst_328+28
x10 <- 0x6666666666666665

mem[X,0x0000000080001F4C] -> 0x1571
[2171] [M]: 0x0000000080001F4C (0x1571) c.addi x10, -0x4                            inst_328+32
x10 <- 0x6666666666666661

clint mtime 0x000000000000043E (mip.MTI <- 0b1, mip.STI <- 0b0)
mem[X,0x0000000080001F4E] -> 0xB023
mem[X,0x0000000080001F50] -> 0x16A0
[2172] [M]: 0x0000000080001F4E (0x16A0B023) sd x10, 0x160(x1)                       inst_328+34
mem[W,0x0000000080005B58] <- 0x6666666666666661

mem[X,0x0000000080001F52] -> 0x0537
mem[X,0x0000000080001F54] -> 0x0000
[2173] [M]: 0x0000000080001F52 (0x00000537) lui x10, 0x0                            inst_329+0
x10 <- 0x0000000000000000

clint mtime 0x000000000000043F (mip.MTI <- 0b1, mip.STI <- 0b0)
mem[X,0x0000000080001F56] -> 0x0513
mem[X,0x0000000080001F58] -> 0x0005
[2174] [M]: 0x0000000080001F56 (0x00050513) addi x10, x10, 0x0                      inst_329+4
x10 <- 0x0000000000000000

mem[X,0x0000000080001F5A] -> 0x1513
mem[X,0x0000000080001F5C] -> 0x00B5
[2175] [M]: 0x0000000080001F5A (0x00B51513) slli x10, x10, 0xb                      inst_329+8
x10 <- 0x0000000000000000

clint mtime 0x0000000000000440 (mip.MTI <- 0b1, mip.STI <- 0b0)
mem[X,0x0000000080001F5E] -> 0x0513
mem[X,0x0000000080001F60] -> 0x5A85
[2176] [M]: 0x0000000080001F5E (0x5A850513) addi x10, x10, 0x5a8                    inst_329+12
x10 <- 0x00000000000005A8

mem[X,0x0000000080001F62] -> 0x1513
mem[X,0x0000000080001F64] -> 0x00B5
[2177] [M]: 0x0000000080001F62 (0x00B51513) slli x10, x10, 0xb                      inst_329+16
x10 <- 0x00000000002D4000

clint mtime 0x0000000000000441 (mip.MTI <- 0b1, mip.STI <- 0b0)
mem[X,0x0000000080001F66] -> 0x0513
mem[X,0x0000000080001F68] -> 0x13C5
[2178] [M]: 0x0000000080001F66 (0x13C50513) addi x10, x10, 0x13c                    inst_329+20
x10 <- 0x00000000002D413C

mem[X,0x0000000080001F6A] -> 0x1513
mem[X,0x0000000080001F6C] -> 0x00A5
[2179] [M]: 0x0000000080001F6A (0x00A51513) slli x10, x10, 0xa                      inst_329+24
x10 <- 0x00000000B504F000

clint mtime 0x0000000000000442 (mip.MTI <- 0b1, mip.STI <- 0b0)
mem[X,0x0000000080001F6E] -> 0x0513
mem[X,0x0000000080001F70] -> 0x3325
[2180] [M]: 0x0000000080001F6E (0x33250513) addi x10, x10, 0x332                    inst_329+28
x10 <- 0x00000000B504F332

mem[X,0x0000000080001F72] -> 0x050D
[2181] [M]: 0x0000000080001F72 (0x050D) c.addi x10, 0x3                             inst_329+32
x10 <- 0x00000000B504F335

clint mtime 0x0000000000000443 (mip.MTI <- 0b1, mip.STI <- 0b0)
mem[X,0x0000000080001F74] -> 0xB423
mem[X,0x0000000080001F76] -> 0x16A0
[2182] [M]: 0x0000000080001F74 (0x16A0B423) sd x10, 0x168(x1)                       inst_329+34
mem[W,0x0000000080005B60] <- 0x00000000B504F335

mem[X,0x0000000080001F78] -> 0x0537
mem[X,0x0000000080001F7A] -> 0x0000
[2183] [M]: 0x0000000080001F78 (0x00000537) lui x10, 0x0                            inst_330+0
x10 <- 0x0000000000000000

clint mtime 0x0000000000000444 (mip.MTI <- 0b1, mip.STI <- 0b0)
mem[X,0x0000000080001F7C] -> 0x0513
mem[X,0x0000000080001F7E] -> 0x0005
[2184] [M]: 0x0000000080001F7C (0x00050513) addi x10, x10, 0x0                      inst_330+4
x10 <- 0x0000000000000000

mem[X,0x0000000080001F80] -> 0x1513
mem[X,0x0000000080001F82] -> 0x00B5
[2185] [M]: 0x0000000080001F80 (0x00B51513) slli x10, x10, 0xb                      inst_330+8
x10 <- 0x0000000000000000

clint mtime 0x0000000000000445 (mip.MTI <- 0b1, mip.STI <- 0b0)
mem[X,0x0000000080001F84] -> 0x0513
mem[X,0x0000000080001F86] -> 0x5A85
[2186] [M]: 0x0000000080001F84 (0x5A850513) addi x10, x10, 0x5a8                    inst_330+12
x10 <- 0x00000000000005A8

mem[X,0x0000000080001F88] -> 0x1513
mem[X,0x0000000080001F8A] -> 0x00B5
[2187] [M]: 0x0000000080001F88 (0x00B51513) slli x10, x10, 0xb                      inst_330+16
x10 <- 0x00000000002D4000

clint mtime 0x0000000000000446 (mip.MTI <- 0b1, mip.STI <- 0b0)
mem[X,0x0000000080001F8C] -> 0x0513
mem[X,0x0000000080001F8E] -> 0x13C5
[2188] [M]: 0x0000000080001F8C (0x13C50513) addi x10, x10, 0x13c                    inst_330+20
x10 <- 0x00000000002D413C

mem[X,0x0000000080001F90] -> 0x1513
mem[X,0x0000000080001F92] -> 0x00A5
[2189] [M]: 0x0000000080001F90 (0x00A51513) slli x10, x10, 0xa                      inst_330+24
x10 <- 0x00000000B504F000

clint mtime 0x0000000000000447 (mip.MTI <- 0b1, mip.STI <- 0b0)
mem[X,0x0000000080001F94] -> 0x0513
mem[X,0x0000000080001F96] -> 0x3325
[2190] [M]: 0x0000000080001F94 (0x33250513) addi x10, x10, 0x332                    inst_330+28
x10 <- 0x00000000B504F332

mem[X,0x0000000080001F98] -> 0x0515
[2191] [M]: 0x0000000080001F98 (0x0515) c.addi x10, 0x5                             inst_330+32
x10 <- 0x00000000B504F337

clint mtime 0x0000000000000448 (mip.MTI <- 0b1, mip.STI <- 0b0)
mem[X,0x0000000080001F9A] -> 0xB823
mem[X,0x0000000080001F9C] -> 0x16A0
[2192] [M]: 0x0000000080001F9A (0x16A0B823) sd x10, 0x170(x1)                       inst_330+34
mem[W,0x0000000080005B68] <- 0x00000000B504F337

mem[X,0x0000000080001F9E] -> 0x0537
mem[X,0x0000000080001FA0] -> 0x0000
[2193] [M]: 0x0000000080001F9E (0x00000537) lui x10, 0x0                            inst_331+0
x10 <- 0x0000000000000000

clint mtime 0x0000000000000449 (mip.MTI <- 0b1, mip.STI <- 0b0)
mem[X,0x0000000080001FA2] -> 0x0513
mem[X,0x0000000080001FA4] -> 0x0005
[2194] [M]: 0x0000000080001FA2 (0x00050513) addi x10, x10, 0x0                      inst_331+4
x10 <- 0x0000000000000000

mem[X,0x0000000080001FA6] -> 0x1513
mem[X,0x0000000080001FA8] -> 0x00B5
[2195] [M]: 0x0000000080001FA6 (0x00B51513) slli x10, x10, 0xb                      inst_331+8
x10 <- 0x0000000000000000

clint mtime 0x000000000000044A (mip.MTI <- 0b1, mip.STI <- 0b0)
mem[X,0x0000000080001FAA] -> 0x0513
mem[X,0x0000000080001FAC] -> 0x5A85
[2196] [M]: 0x0000000080001FAA (0x5A850513) addi x10, x10, 0x5a8                    inst_331+12
x10 <- 0x00000000000005A8

mem[X,0x0000000080001FAE] -> 0x1513
mem[X,0x0000000080001FB0] -> 0x00B5
[2197] [M]: 0x0000000080001FAE (0x00B51513) slli x10, x10, 0xb                      inst_331+16
x10 <- 0x00000000002D4000

clint mtime 0x000000000000044B (mip.MTI <- 0b1, mip.STI <- 0b0)
mem[X,0x0000000080001FB2] -> 0x0513
mem[X,0x0000000080001FB4] -> 0x13C5
[2198] [M]: 0x0000000080001FB2 (0x13C50513) addi x10, x10, 0x13c                    inst_331+20
x10 <- 0x00000000002D413C

mem[X,0x0000000080001FB6] -> 0x1513
mem[X,0x0000000080001FB8] -> 0x00A5
[2199] [M]: 0x0000000080001FB6 (0x00A51513) slli x10, x10, 0xa                      inst_331+24
x10 <- 0x00000000B504F000

clint mtime 0x000000000000044C (mip.MTI <- 0b1, mip.STI <- 0b0)
mem[X,0x0000000080001FBA] -> 0x0513
mem[X,0x0000000080001FBC] -> 0x3325
[2200] [M]: 0x0000000080001FBA (0x33250513) addi x10, x10, 0x332                    inst_331+28
x10 <- 0x00000000B504F332

mem[X,0x0000000080001FBE] -> 0x0529
[2201] [M]: 0x0000000080001FBE (0x0529) c.addi x10, 0xa                             inst_331+32
x10 <- 0x00000000B504F33C

clint mtime 0x000000000000044D (mip.MTI <- 0b1, mip.STI <- 0b0)
mem[X,0x0000000080001FC0] -> 0xBC23
mem[X,0x0000000080001FC2] -> 0x16A0
[2202] [M]: 0x0000000080001FC0 (0x16A0BC23) sd x10, 0x178(x1)                       inst_331+34
mem[W,0x0000000080005B70] <- 0x00000000B504F33C

mem[X,0x0000000080001FC4] -> 0x0537
mem[X,0x0000000080001FC6] -> 0x0000
[2203] [M]: 0x0000000080001FC4 (0x00000537) lui x10, 0x0                            inst_332+0
x10 <- 0x0000000000000000

clint mtime 0x000000000000044E (mip.MTI <- 0b1, mip.STI <- 0b0)
mem[X,0x0000000080001FC8] -> 0x0513
mem[X,0x0000000080001FCA] -> 0x0005
[2204] [M]: 0x0000000080001FC8 (0x00050513) addi x10, x10, 0x0                      inst_332+4
x10 <- 0x0000000000000000

mem[X,0x0000000080001FCC] -> 0x1513
mem[X,0x0000000080001FCE] -> 0x00B5
[2205] [M]: 0x0000000080001FCC (0x00B51513) slli x10, x10, 0xb                      inst_332+8
x10 <- 0x0000000000000000

clint mtime 0x000000000000044F (mip.MTI <- 0b1, mip.STI <- 0b0)
mem[X,0x0000000080001FD0] -> 0x0513
mem[X,0x0000000080001FD2] -> 0x5A85
[2206] [M]: 0x0000000080001FD0 (0x5A850513) addi x10, x10, 0x5a8                    inst_332+12
x10 <- 0x00000000000005A8

mem[X,0x0000000080001FD4] -> 0x1513
mem[X,0x0000000080001FD6] -> 0x00B5
[2207] [M]: 0x0000000080001FD4 (0x00B51513) slli x10, x10, 0xb                      inst_332+16
x10 <- 0x00000000002D4000

clint mtime 0x0000000000000450 (mip.MTI <- 0b1, mip.STI <- 0b0)
mem[X,0x0000000080001FD8] -> 0x0513
mem[X,0x0000000080001FDA] -> 0x13C5
[2208] [M]: 0x0000000080001FD8 (0x13C50513) addi x10, x10, 0x13c                    inst_332+20
x10 <- 0x00000000002D413C

mem[X,0x0000000080001FDC] -> 0x1513
mem[X,0x0000000080001FDE] -> 0x00A5
[2209] [M]: 0x0000000080001FDC (0x00A51513) slli x10, x10, 0xa                      inst_332+24
x10 <- 0x00000000B504F000

clint mtime 0x0000000000000451 (mip.MTI <- 0b1, mip.STI <- 0b0)
mem[X,0x0000000080001FE0] -> 0x0513
mem[X,0x0000000080001FE2] -> 0x3325
[2210] [M]: 0x0000000080001FE0 (0x33250513) addi x10, x10, 0x332                    inst_332+28
x10 <- 0x00000000B504F332

mem[X,0x0000000080001FE4] -> 0x0519
[2211] [M]: 0x0000000080001FE4 (0x0519) c.addi x10, 0x6                             inst_332+32
x10 <- 0x00000000B504F338

clint mtime 0x0000000000000452 (mip.MTI <- 0b1, mip.STI <- 0b0)
mem[X,0x0000000080001FE6] -> 0xB023
mem[X,0x0000000080001FE8] -> 0x18A0
[2212] [M]: 0x0000000080001FE6 (0x18A0B023) sd x10, 0x180(x1)                       inst_332+34
mem[W,0x0000000080005B78] <- 0x00000000B504F338

mem[X,0x0000000080001FEA] -> 0x0537
mem[X,0x0000000080001FEC] -> 0x0000
[2213] [M]: 0x0000000080001FEA (0x00000537) lui x10, 0x0                            inst_333+0
x10 <- 0x0000000000000000

clint mtime 0x0000000000000453 (mip.MTI <- 0b1, mip.STI <- 0b0)
mem[X,0x0000000080001FEE] -> 0x0513
mem[X,0x0000000080001FF0] -> 0x0005
[2214] [M]: 0x0000000080001FEE (0x00050513) addi x10, x10, 0x0                      inst_333+4
x10 <- 0x0000000000000000

mem[X,0x0000000080001FF2] -> 0x1513
mem[X,0x0000000080001FF4] -> 0x00B5
[2215] [M]: 0x0000000080001FF2 (0x00B51513) slli x10, x10, 0xb                      inst_333+8
x10 <- 0x0000000000000000

clint mtime 0x0000000000000454 (mip.MTI <- 0b1, mip.STI <- 0b0)
mem[X,0x0000000080001FF6] -> 0x0513
mem[X,0x0000000080001FF8] -> 0x5A85
[2216] [M]: 0x0000000080001FF6 (0x5A850513) addi x10, x10, 0x5a8                    inst_333+12
x10 <- 0x00000000000005A8

mem[X,0x0000000080001FFA] -> 0x1513
mem[X,0x0000000080001FFC] -> 0x00B5
[2217] [M]: 0x0000000080001FFA (0x00B51513) slli x10, x10, 0xb                      inst_333+16
x10 <- 0x00000000002D4000

clint mtime 0x0000000000000455 (mip.MTI <- 0b1, mip.STI <- 0b0)
mem[X,0x0000000080001FFE] -> 0x0513
mem[X,0x0000000080002000] -> 0x13C5
[2218] [M]: 0x0000000080001FFE (0x13C50513) addi x10, x10, 0x13c                    inst_333+20
x10 <- 0x00000000002D413C

mem[X,0x0000000080002002] -> 0x1513
mem[X,0x0000000080002004] -> 0x00A5
[2219] [M]: 0x0000000080002002 (0x00A51513) slli x10, x10, 0xa                      inst_333+24
x10 <- 0x00000000B504F000

clint mtime 0x0000000000000456 (mip.MTI <- 0b1, mip.STI <- 0b0)
mem[X,0x0000000080002006] -> 0x0513
mem[X,0x0000000080002008] -> 0x3325
[2220] [M]: 0x0000000080002006 (0x33250513) addi x10, x10, 0x332                    inst_333+28
x10 <- 0x00000000B504F332

mem[X,0x000000008000200A] -> 0x1579
[2221] [M]: 0x000000008000200A (0x1579) c.addi x10, -0x2                            inst_333+32
x10 <- 0x00000000B504F330

clint mtime 0x0000000000000457 (mip.MTI <- 0b1, mip.STI <- 0b0)
mem[X,0x000000008000200C] -> 0xB423
mem[X,0x000000008000200E] -> 0x18A0
[2222] [M]: 0x000000008000200C (0x18A0B423) sd x10, 0x188(x1)                       inst_333+34
mem[W,0x0000000080005B80] <- 0x00000000B504F330

mem[X,0x0000000080002010] -> 0x0537
mem[X,0x0000000080002012] -> 0x0000
[2223] [M]: 0x0000000080002010 (0x00000537) lui x10, 0x0                            inst_334+0
x10 <- 0x0000000000000000

clint mtime 0x0000000000000458 (mip.MTI <- 0b1, mip.STI <- 0b0)
mem[X,0x0000000080002014] -> 0x0513
mem[X,0x0000000080002016] -> 0x0005
[2224] [M]: 0x0000000080002014 (0x00050513) addi x10, x10, 0x0                      inst_334+4
x10 <- 0x0000000000000000

mem[X,0x0000000080002018] -> 0x1513
mem[X,0x000000008000201A] -> 0x00B5
[2225] [M]: 0x0000000080002018 (0x00B51513) slli x10, x10, 0xb                      inst_334+8
x10 <- 0x0000000000000000

clint mtime 0x0000000000000459 (mip.MTI <- 0b1, mip.STI <- 0b0)
mem[X,0x000000008000201C] -> 0x0513
mem[X,0x000000008000201E] -> 0x5A85
[2226] [M]: 0x000000008000201C (0x5A850513) addi x10, x10, 0x5a8                    inst_334+12
x10 <- 0x00000000000005A8

mem[X,0x0000000080002020] -> 0x1513
mem[X,0x0000000080002022] -> 0x00B5
[2227] [M]: 0x0000000080002020 (0x00B51513) slli x10, x10, 0xb                      inst_334+16
x10 <- 0x00000000002D4000

clint mtime 0x000000000000045A (mip.MTI <- 0b1, mip.STI <- 0b0)
mem[X,0x0000000080002024] -> 0x0513
mem[X,0x0000000080002026] -> 0x13C5
[2228] [M]: 0x0000000080002024 (0x13C50513) addi x10, x10, 0x13c                    inst_334+20
x10 <- 0x00000000002D413C

mem[X,0x0000000080002028] -> 0x1513
mem[X,0x000000008000202A] -> 0x00A5
[2229] [M]: 0x0000000080002028 (0x00A51513) slli x10, x10, 0xa                      inst_334+24
x10 <- 0x00000000B504F000

clint mtime 0x000000000000045B (mip.MTI <- 0b1, mip.STI <- 0b0)
mem[X,0x000000008000202C] -> 0x0513
mem[X,0x000000008000202E] -> 0x3325
[2230] [M]: 0x000000008000202C (0x33250513) addi x10, x10, 0x332                    inst_334+28
x10 <- 0x00000000B504F332

mem[X,0x0000000080002030] -> 0x156D
[2231] [M]: 0x0000000080002030 (0x156D) c.addi x10, -0x5                            inst_334+32
x10 <- 0x00000000B504F32D

clint mtime 0x000000000000045C (mip.MTI <- 0b1, mip.STI <- 0b0)
mem[X,0x0000000080002032] -> 0xB823
mem[X,0x0000000080002034] -> 0x18A0
[2232] [M]: 0x0000000080002032 (0x18A0B823) sd x10, 0x190(x1)                       inst_334+34
mem[W,0x0000000080005B88] <- 0x00000000B504F32D

mem[X,0x0000000080002036] -> 0x0537
mem[X,0x0000000080002038] -> 0x0000
[2233] [M]: 0x0000000080002036 (0x00000537) lui x10, 0x0                            inst_335+0
x10 <- 0x0000000000000000

clint mtime 0x000000000000045D (mip.MTI <- 0b1, mip.STI <- 0b0)
mem[X,0x000000008000203A] -> 0x0513
mem[X,0x000000008000203C] -> 0x0005
[2234] [M]: 0x000000008000203A (0x00050513) addi x10, x10, 0x0                      inst_335+4
x10 <- 0x0000000000000000

mem[X,0x000000008000203E] -> 0x1513
mem[X,0x0000000080002040] -> 0x00B5
[2235] [M]: 0x000000008000203E (0x00B51513) slli x10, x10, 0xb                      inst_335+8
x10 <- 0x0000000000000000

clint mtime 0x000000000000045E (mip.MTI <- 0b1, mip.STI <- 0b0)
mem[X,0x0000000080002042] -> 0x0513
mem[X,0x0000000080002044] -> 0x5A85
[2236] [M]: 0x0000000080002042 (0x5A850513) addi x10, x10, 0x5a8                    inst_335+12
x10 <- 0x00000000000005A8

mem[X,0x0000000080002046] -> 0x1513
mem[X,0x0000000080002048] -> 0x00B5
[2237] [M]: 0x0000000080002046 (0x00B51513) slli x10, x10, 0xb                      inst_335+16
x10 <- 0x00000000002D4000

clint mtime 0x000000000000045F (mip.MTI <- 0b1, mip.STI <- 0b0)
mem[X,0x000000008000204A] -> 0x0513
mem[X,0x000000008000204C] -> 0x13C5
[2238] [M]: 0x000000008000204A (0x13C50513) addi x10, x10, 0x13c                    inst_335+20
x10 <- 0x00000000002D413C

mem[X,0x000000008000204E] -> 0x1513
mem[X,0x0000000080002050] -> 0x00A5
[2239] [M]: 0x000000008000204E (0x00A51513) slli x10, x10, 0xa                      inst_335+24
x10 <- 0x00000000B504F000

clint mtime 0x0000000000000460 (mip.MTI <- 0b1, mip.STI <- 0b0)
mem[X,0x0000000080002052] -> 0x0513
mem[X,0x0000000080002054] -> 0x3325
[2240] [M]: 0x0000000080002052 (0x33250513) addi x10, x10, 0x332                    inst_335+28
x10 <- 0x00000000B504F332

mem[X,0x0000000080002056] -> 0x0509
[2241] [M]: 0x0000000080002056 (0x0509) c.addi x10, 0x2                             inst_335+32
x10 <- 0x00000000B504F334

clint mtime 0x0000000000000461 (mip.MTI <- 0b1, mip.STI <- 0b0)
mem[X,0x0000000080002058] -> 0xBC23
mem[X,0x000000008000205A] -> 0x18A0
[2242] [M]: 0x0000000080002058 (0x18A0BC23) sd x10, 0x198(x1)                       inst_335+34
mem[W,0x0000000080005B90] <- 0x00000000B504F334

mem[X,0x000000008000205C] -> 0x0537
mem[X,0x000000008000205E] -> 0x0000
[2243] [M]: 0x000000008000205C (0x00000537) lui x10, 0x0                            inst_336+0
x10 <- 0x0000000000000000

clint mtime 0x0000000000000462 (mip.MTI <- 0b1, mip.STI <- 0b0)
mem[X,0x0000000080002060] -> 0x0513
mem[X,0x0000000080002062] -> 0x0005
[2244] [M]: 0x0000000080002060 (0x00050513) addi x10, x10, 0x0                      inst_336+4
x10 <- 0x0000000000000000

mem[X,0x0000000080002064] -> 0x1513
mem[X,0x0000000080002066] -> 0x00B5
[2245] [M]: 0x0000000080002064 (0x00B51513) slli x10, x10, 0xb                      inst_336+8
x10 <- 0x0000000000000000

clint mtime 0x0000000000000463 (mip.MTI <- 0b1, mip.STI <- 0b0)
mem[X,0x0000000080002068] -> 0x0513
mem[X,0x000000008000206A] -> 0x5A85
[2246] [M]: 0x0000000080002068 (0x5A850513) addi x10, x10, 0x5a8                    inst_336+12
x10 <- 0x00000000000005A8

mem[X,0x000000008000206C] -> 0x1513
mem[X,0x000000008000206E] -> 0x00B5
[2247] [M]: 0x000000008000206C (0x00B51513) slli x10, x10, 0xb                      inst_336+16
x10 <- 0x00000000002D4000

clint mtime 0x0000000000000464 (mip.MTI <- 0b1, mip.STI <- 0b0)
mem[X,0x0000000080002070] -> 0x0513
mem[X,0x0000000080002072] -> 0x13C5
[2248] [M]: 0x0000000080002070 (0x13C50513) addi x10, x10, 0x13c                    inst_336+20
x10 <- 0x00000000002D413C

mem[X,0x0000000080002074] -> 0x1513
mem[X,0x0000000080002076] -> 0x00A5
[2249] [M]: 0x0000000080002074 (0x00A51513) slli x10, x10, 0xa                      inst_336+24
x10 <- 0x00000000B504F000

clint mtime 0x0000000000000465 (mip.MTI <- 0b1, mip.STI <- 0b0)
mem[X,0x0000000080002078] -> 0x0513
mem[X,0x000000008000207A] -> 0x3325
[2250] [M]: 0x0000000080002078 (0x33250513) addi x10, x10, 0x332                    inst_336+28
x10 <- 0x00000000B504F332

mem[X,0x000000008000207C] -> 0x0511
[2251] [M]: 0x000000008000207C (0x0511) c.addi x10, 0x4                             inst_336+32
x10 <- 0x00000000B504F336

clint mtime 0x0000000000000466 (mip.MTI <- 0b1, mip.STI <- 0b0)
mem[X,0x000000008000207E] -> 0xB023
mem[X,0x0000000080002080] -> 0x1AA0
[2252] [M]: 0x000000008000207E (0x1AA0B023) sd x10, 0x1a0(x1)                       inst_336+34
mem[W,0x0000000080005B98] <- 0x00000000B504F336

mem[X,0x0000000080002082] -> 0x0537
mem[X,0x0000000080002084] -> 0x0000
[2253] [M]: 0x0000000080002082 (0x00000537) lui x10, 0x0                            inst_337+0
x10 <- 0x0000000000000000

clint mtime 0x0000000000000467 (mip.MTI <- 0b1, mip.STI <- 0b0)
mem[X,0x0000000080002086] -> 0x0513
mem[X,0x0000000080002088] -> 0x0005
[2254] [M]: 0x0000000080002086 (0x00050513) addi x10, x10, 0x0                      inst_337+4
x10 <- 0x0000000000000000

mem[X,0x000000008000208A] -> 0x1513
mem[X,0x000000008000208C] -> 0x00B5
[2255] [M]: 0x000000008000208A (0x00B51513) slli x10, x10, 0xb                      inst_337+8
x10 <- 0x0000000000000000

clint mtime 0x0000000000000468 (mip.MTI <- 0b1, mip.STI <- 0b0)
mem[X,0x000000008000208E] -> 0x0513
mem[X,0x0000000080002090] -> 0x5A85
[2256] [M]: 0x000000008000208E (0x5A850513) addi x10, x10, 0x5a8                    inst_337+12
x10 <- 0x00000000000005A8

mem[X,0x0000000080002092] -> 0x1513
mem[X,0x0000000080002094] -> 0x00B5
[2257] [M]: 0x0000000080002092 (0x00B51513) slli x10, x10, 0xb                      inst_337+16
x10 <- 0x00000000002D4000

clint mtime 0x0000000000000469 (mip.MTI <- 0b1, mip.STI <- 0b0)
mem[X,0x0000000080002096] -> 0x0513
mem[X,0x0000000080002098] -> 0x13C5
[2258] [M]: 0x0000000080002096 (0x13C50513) addi x10, x10, 0x13c                    inst_337+20
x10 <- 0x00000000002D413C

mem[X,0x000000008000209A] -> 0x1513
mem[X,0x000000008000209C] -> 0x00A5
[2259] [M]: 0x000000008000209A (0x00A51513) slli x10, x10, 0xa                      inst_337+24
x10 <- 0x00000000B504F000

clint mtime 0x000000000000046A (mip.MTI <- 0b1, mip.STI <- 0b0)
mem[X,0x000000008000209E] -> 0x0513
mem[X,0x00000000800020A0] -> 0x3325
[2260] [M]: 0x000000008000209E (0x33250513) addi x10, x10, 0x332                    inst_337+28
x10 <- 0x00000000B504F332

mem[X,0x00000000800020A2] -> 0x0525
[2261] [M]: 0x00000000800020A2 (0x0525) c.addi x10, 0x9                             inst_337+32
x10 <- 0x00000000B504F33B

clint mtime 0x000000000000046B (mip.MTI <- 0b1, mip.STI <- 0b0)
mem[X,0x00000000800020A4] -> 0xB423
mem[X,0x00000000800020A6] -> 0x1AA0
[2262] [M]: 0x00000000800020A4 (0x1AA0B423) sd x10, 0x1a8(x1)                       inst_337+34
mem[W,0x0000000080005BA0] <- 0x00000000B504F33B

mem[X,0x00000000800020A8] -> 0x0537
mem[X,0x00000000800020AA] -> 0x0000
[2263] [M]: 0x00000000800020A8 (0x00000537) lui x10, 0x0                            inst_338+0
x10 <- 0x0000000000000000

clint mtime 0x000000000000046C (mip.MTI <- 0b1, mip.STI <- 0b0)
mem[X,0x00000000800020AC] -> 0x0513
mem[X,0x00000000800020AE] -> 0x0005
[2264] [M]: 0x00000000800020AC (0x00050513) addi x10, x10, 0x0                      inst_338+4
x10 <- 0x0000000000000000

mem[X,0x00000000800020B0] -> 0x1513
mem[X,0x00000000800020B2] -> 0x00B5
[2265] [M]: 0x00000000800020B0 (0x00B51513) slli x10, x10, 0xb                      inst_338+8
x10 <- 0x0000000000000000

clint mtime 0x000000000000046D (mip.MTI <- 0b1, mip.STI <- 0b0)
mem[X,0x00000000800020B4] -> 0x0513
mem[X,0x00000000800020B6] -> 0x5A85
[2266] [M]: 0x00000000800020B4 (0x5A850513) addi x10, x10, 0x5a8                    inst_338+12
x10 <- 0x00000000000005A8

mem[X,0x00000000800020B8] -> 0x1513
mem[X,0x00000000800020BA] -> 0x00B5
[2267] [M]: 0x00000000800020B8 (0x00B51513) slli x10, x10, 0xb                      inst_338+16
x10 <- 0x00000000002D4000

clint mtime 0x000000000000046E (mip.MTI <- 0b1, mip.STI <- 0b0)
mem[X,0x00000000800020BC] -> 0x0513
mem[X,0x00000000800020BE] -> 0x13C5
[2268] [M]: 0x00000000800020BC (0x13C50513) addi x10, x10, 0x13c                    inst_338+20
x10 <- 0x00000000002D413C

mem[X,0x00000000800020C0] -> 0x1513
mem[X,0x00000000800020C2] -> 0x00A5
[2269] [M]: 0x00000000800020C0 (0x00A51513) slli x10, x10, 0xa                      inst_338+24
x10 <- 0x00000000B504F000

clint mtime 0x000000000000046F (mip.MTI <- 0b1, mip.STI <- 0b0)
mem[X,0x00000000800020C4] -> 0x0513
mem[X,0x00000000800020C6] -> 0x3325
[2270] [M]: 0x00000000800020C4 (0x33250513) addi x10, x10, 0x332                    inst_338+28
x10 <- 0x00000000B504F332

mem[X,0x00000000800020C8] -> 0x0501
[2271] [M]: 0x00000000800020C8 (0x0501) c.addi x10, 0x0                             inst_338+32
x10 <- 0x00000000B504F332

clint mtime 0x0000000000000470 (mip.MTI <- 0b1, mip.STI <- 0b0)
mem[X,0x00000000800020CA] -> 0xB823
mem[X,0x00000000800020CC] -> 0x1AA0
[2272] [M]: 0x00000000800020CA (0x1AA0B823) sd x10, 0x1b0(x1)                       inst_338+34
mem[W,0x0000000080005BA8] <- 0x00000000B504F332

mem[X,0x00000000800020CE] -> 0x0537
mem[X,0x00000000800020D0] -> 0x0000
[2273] [M]: 0x00000000800020CE (0x00000537) lui x10, 0x0                            inst_339+0
x10 <- 0x0000000000000000

clint mtime 0x0000000000000471 (mip.MTI <- 0b1, mip.STI <- 0b0)
mem[X,0x00000000800020D2] -> 0x0513
mem[X,0x00000000800020D4] -> 0x0005
[2274] [M]: 0x00000000800020D2 (0x00050513) addi x10, x10, 0x0                      inst_339+4
x10 <- 0x0000000000000000

mem[X,0x00000000800020D6] -> 0x1513
mem[X,0x00000000800020D8] -> 0x00B5
[2275] [M]: 0x00000000800020D6 (0x00B51513) slli x10, x10, 0xb                      inst_339+8
x10 <- 0x0000000000000000

clint mtime 0x0000000000000472 (mip.MTI <- 0b1, mip.STI <- 0b0)
mem[X,0x00000000800020DA] -> 0x0513
mem[X,0x00000000800020DC] -> 0x5A85
[2276] [M]: 0x00000000800020DA (0x5A850513) addi x10, x10, 0x5a8                    inst_339+12
x10 <- 0x00000000000005A8

mem[X,0x00000000800020DE] -> 0x1513
mem[X,0x00000000800020E0] -> 0x00B5
[2277] [M]: 0x00000000800020DE (0x00B51513) slli x10, x10, 0xb                      inst_339+16
x10 <- 0x00000000002D4000

clint mtime 0x0000000000000473 (mip.MTI <- 0b1, mip.STI <- 0b0)
mem[X,0x00000000800020E2] -> 0x0513
mem[X,0x00000000800020E4] -> 0x13C5
[2278] [M]: 0x00000000800020E2 (0x13C50513) addi x10, x10, 0x13c                    inst_339+20
x10 <- 0x00000000002D413C

mem[X,0x00000000800020E6] -> 0x1513
mem[X,0x00000000800020E8] -> 0x00A5
[2279] [M]: 0x00000000800020E6 (0x00A51513) slli x10, x10, 0xa                      inst_339+24
x10 <- 0x00000000B504F000

clint mtime 0x0000000000000474 (mip.MTI <- 0b1, mip.STI <- 0b0)
mem[X,0x00000000800020EA] -> 0x0513
mem[X,0x00000000800020EC] -> 0x3325
[2280] [M]: 0x00000000800020EA (0x33250513) addi x10, x10, 0x332                    inst_339+28
x10 <- 0x00000000B504F332

mem[X,0x00000000800020EE] -> 0x052D
[2281] [M]: 0x00000000800020EE (0x052D) c.addi x10, 0xb                             inst_339+32
x10 <- 0x00000000B504F33D

clint mtime 0x0000000000000475 (mip.MTI <- 0b1, mip.STI <- 0b0)
mem[X,0x00000000800020F0] -> 0xBC23
mem[X,0x00000000800020F2] -> 0x1AA0
[2282] [M]: 0x00000000800020F0 (0x1AA0BC23) sd x10, 0x1b8(x1)                       inst_339+34
mem[W,0x0000000080005BB0] <- 0x00000000B504F33D

mem[X,0x00000000800020F4] -> 0x0537
mem[X,0x00000000800020F6] -> 0x0000
[2283] [M]: 0x00000000800020F4 (0x00000537) lui x10, 0x0                            inst_340+0
x10 <- 0x0000000000000000

clint mtime 0x0000000000000476 (mip.MTI <- 0b1, mip.STI <- 0b0)
mem[X,0x00000000800020F8] -> 0x0513
mem[X,0x00000000800020FA] -> 0x0005
[2284] [M]: 0x00000000800020F8 (0x00050513) addi x10, x10, 0x0                      inst_340+4
x10 <- 0x0000000000000000

mem[X,0x00000000800020FC] -> 0x1513
mem[X,0x00000000800020FE] -> 0x00B5
[2285] [M]: 0x00000000800020FC (0x00B51513) slli x10, x10, 0xb                      inst_340+8
x10 <- 0x0000000000000000

clint mtime 0x0000000000000477 (mip.MTI <- 0b1, mip.STI <- 0b0)
mem[X,0x0000000080002100] -> 0x0513
mem[X,0x0000000080002102] -> 0x5A85
[2286] [M]: 0x0000000080002100 (0x5A850513) addi x10, x10, 0x5a8                    inst_340+12
x10 <- 0x00000000000005A8

mem[X,0x0000000080002104] -> 0x1513
mem[X,0x0000000080002106] -> 0x00B5
[2287] [M]: 0x0000000080002104 (0x00B51513) slli x10, x10, 0xb                      inst_340+16
x10 <- 0x00000000002D4000

clint mtime 0x0000000000000478 (mip.MTI <- 0b1, mip.STI <- 0b0)
mem[X,0x0000000080002108] -> 0x0513
mem[X,0x000000008000210A] -> 0x13C5
[2288] [M]: 0x0000000080002108 (0x13C50513) addi x10, x10, 0x13c                    inst_340+20
x10 <- 0x00000000002D413C

mem[X,0x000000008000210C] -> 0x1513
mem[X,0x000000008000210E] -> 0x00A5
[2289] [M]: 0x000000008000210C (0x00A51513) slli x10, x10, 0xa                      inst_340+24
x10 <- 0x00000000B504F000

clint mtime 0x0000000000000479 (mip.MTI <- 0b1, mip.STI <- 0b0)
mem[X,0x0000000080002110] -> 0x0513
mem[X,0x0000000080002112] -> 0x3325
[2290] [M]: 0x0000000080002110 (0x33250513) addi x10, x10, 0x332                    inst_340+28
x10 <- 0x00000000B504F332

mem[X,0x0000000080002114] -> 0x051D
[2291] [M]: 0x0000000080002114 (0x051D) c.addi x10, 0x7                             inst_340+32
x10 <- 0x00000000B504F339

clint mtime 0x000000000000047A (mip.MTI <- 0b1, mip.STI <- 0b0)
mem[X,0x0000000080002116] -> 0xB023
mem[X,0x0000000080002118] -> 0x1CA0
[2292] [M]: 0x0000000080002116 (0x1CA0B023) sd x10, 0x1c0(x1)                       inst_340+34
mem[W,0x0000000080005BB8] <- 0x00000000B504F339

mem[X,0x000000008000211A] -> 0x0537
mem[X,0x000000008000211C] -> 0x0000
[2293] [M]: 0x000000008000211A (0x00000537) lui x10, 0x0                            inst_341+0
x10 <- 0x0000000000000000

clint mtime 0x000000000000047B (mip.MTI <- 0b1, mip.STI <- 0b0)
mem[X,0x000000008000211E] -> 0x0513
mem[X,0x0000000080002120] -> 0x0005
[2294] [M]: 0x000000008000211E (0x00050513) addi x10, x10, 0x0                      inst_341+4
x10 <- 0x0000000000000000

mem[X,0x0000000080002122] -> 0x1513
mem[X,0x0000000080002124] -> 0x00B5
[2295] [M]: 0x0000000080002122 (0x00B51513) slli x10, x10, 0xb                      inst_341+8
x10 <- 0x0000000000000000

clint mtime 0x000000000000047C (mip.MTI <- 0b1, mip.STI <- 0b0)
mem[X,0x0000000080002126] -> 0x0513
mem[X,0x0000000080002128] -> 0x5A85
[2296] [M]: 0x0000000080002126 (0x5A850513) addi x10, x10, 0x5a8                    inst_341+12
x10 <- 0x00000000000005A8

mem[X,0x000000008000212A] -> 0x1513
mem[X,0x000000008000212C] -> 0x00B5
[2297] [M]: 0x000000008000212A (0x00B51513) slli x10, x10, 0xb                      inst_341+16
x10 <- 0x00000000002D4000

clint mtime 0x000000000000047D (mip.MTI <- 0b1, mip.STI <- 0b0)
mem[X,0x000000008000212E] -> 0x0513
mem[X,0x0000000080002130] -> 0x13C5
[2298] [M]: 0x000000008000212E (0x13C50513) addi x10, x10, 0x13c                    inst_341+20
x10 <- 0x00000000002D413C

mem[X,0x0000000080002132] -> 0x1513
mem[X,0x0000000080002134] -> 0x00A5
[2299] [M]: 0x0000000080002132 (0x00A51513) slli x10, x10, 0xa                      inst_341+24
x10 <- 0x00000000B504F000

clint mtime 0x000000000000047E (mip.MTI <- 0b1, mip.STI <- 0b0)
mem[X,0x0000000080002136] -> 0x0513
mem[X,0x0000000080002138] -> 0x3325
[2300] [M]: 0x0000000080002136 (0x33250513) addi x10, x10, 0x332                    inst_341+28
x10 <- 0x00000000B504F332

mem[X,0x000000008000213A] -> 0x157D
[2301] [M]: 0x000000008000213A (0x157D) c.addi x10, -0x1                            inst_341+32
x10 <- 0x00000000B504F331

clint mtime 0x000000000000047F (mip.MTI <- 0b1, mip.STI <- 0b0)
mem[X,0x000000008000213C] -> 0xB423
mem[X,0x000000008000213E] -> 0x1CA0
[2302] [M]: 0x000000008000213C (0x1CA0B423) sd x10, 0x1c8(x1)                       inst_341+34
mem[W,0x0000000080005BC0] <- 0x00000000B504F331

mem[X,0x0000000080002140] -> 0x0537
mem[X,0x0000000080002142] -> 0x0000
[2303] [M]: 0x0000000080002140 (0x00000537) lui x10, 0x0                            inst_342+0
x10 <- 0x0000000000000000

clint mtime 0x0000000000000480 (mip.MTI <- 0b1, mip.STI <- 0b0)
mem[X,0x0000000080002144] -> 0x0513
mem[X,0x0000000080002146] -> 0x0005
[2304] [M]: 0x0000000080002144 (0x00050513) addi x10, x10, 0x0                      inst_342+4
x10 <- 0x0000000000000000

mem[X,0x0000000080002148] -> 0x1513
mem[X,0x000000008000214A] -> 0x00B5
[2305] [M]: 0x0000000080002148 (0x00B51513) slli x10, x10, 0xb                      inst_342+8
x10 <- 0x0000000000000000

clint mtime 0x0000000000000481 (mip.MTI <- 0b1, mip.STI <- 0b0)
mem[X,0x000000008000214C] -> 0x0513
mem[X,0x000000008000214E] -> 0x5A85
[2306] [M]: 0x000000008000214C (0x5A850513) addi x10, x10, 0x5a8                    inst_342+12
x10 <- 0x00000000000005A8

mem[X,0x0000000080002150] -> 0x1513
mem[X,0x0000000080002152] -> 0x00B5
[2307] [M]: 0x0000000080002150 (0x00B51513) slli x10, x10, 0xb                      inst_342+16
x10 <- 0x00000000002D4000

clint mtime 0x0000000000000482 (mip.MTI <- 0b1, mip.STI <- 0b0)
mem[X,0x0000000080002154] -> 0x0513
mem[X,0x0000000080002156] -> 0x13C5
[2308] [M]: 0x0000000080002154 (0x13C50513) addi x10, x10, 0x13c                    inst_342+20
x10 <- 0x00000000002D413C

mem[X,0x0000000080002158] -> 0x1513
mem[X,0x000000008000215A] -> 0x00A5
[2309] [M]: 0x0000000080002158 (0x00A51513) slli x10, x10, 0xa                      inst_342+24
x10 <- 0x00000000B504F000

clint mtime 0x0000000000000483 (mip.MTI <- 0b1, mip.STI <- 0b0)
mem[X,0x000000008000215C] -> 0x0513
mem[X,0x000000008000215E] -> 0x3325
[2310] [M]: 0x000000008000215C (0x33250513) addi x10, x10, 0x332                    inst_342+28
x10 <- 0x00000000B504F332

mem[X,0x0000000080002160] -> 0x1571
[2311] [M]: 0x0000000080002160 (0x1571) c.addi x10, -0x4                            inst_342+32
x10 <- 0x00000000B504F32E

clint mtime 0x0000000000000484 (mip.MTI <- 0b1, mip.STI <- 0b0)
mem[X,0x0000000080002162] -> 0xB823
mem[X,0x0000000080002164] -> 0x1CA0
[2312] [M]: 0x0000000080002162 (0x1CA0B823) sd x10, 0x1d0(x1)                       inst_342+34
mem[W,0x0000000080005BC8] <- 0x00000000B504F32E

mem[X,0x0000000080002166] -> 0x5537
mem[X,0x0000000080002168] -> 0x5555
[2313] [M]: 0x0000000080002166 (0x55555537) lui x10, 0x55555                        inst_343+0
x10 <- 0x0000000055555000

clint mtime 0x0000000000000485 (mip.MTI <- 0b1, mip.STI <- 0b0)
mem[X,0x000000008000216A] -> 0x0513
mem[X,0x000000008000216C] -> 0x5555
[2314] [M]: 0x000000008000216A (0x55550513) addi x10, x10, 0x555                    inst_343+4
x10 <- 0x0000000055555555

mem[X,0x000000008000216E] -> 0x1513
mem[X,0x0000000080002170] -> 0x00B5
[2315] [M]: 0x000000008000216E (0x00B51513) slli x10, x10, 0xb                      inst_343+8
x10 <- 0x000002AAAAAAA800

clint mtime 0x0000000000000486 (mip.MTI <- 0b1, mip.STI <- 0b0)
mem[X,0x0000000080002172] -> 0x0513
mem[X,0x0000000080002174] -> 0x2AA5
[2316] [M]: 0x0000000080002172 (0x2AA50513) addi x10, x10, 0x2aa                    inst_343+12
x10 <- 0x000002AAAAAAAAAA

mem[X,0x0000000080002176] -> 0x1513
mem[X,0x0000000080002178] -> 0x00B5
[2317] [M]: 0x0000000080002176 (0x00B51513) slli x10, x10, 0xb                      inst_343+16
x10 <- 0x0015555555555000

clint mtime 0x0000000000000487 (mip.MTI <- 0b1, mip.STI <- 0b0)
mem[X,0x000000008000217A] -> 0x0513
mem[X,0x000000008000217C] -> 0x5555
[2318] [M]: 0x000000008000217A (0x55550513) addi x10, x10, 0x555                    inst_343+20
x10 <- 0x0015555555555555

mem[X,0x000000008000217E] -> 0x1513
mem[X,0x0000000080002180] -> 0x00A5
[2319] [M]: 0x000000008000217E (0x00A51513) slli x10, x10, 0xa                      inst_343+24
x10 <- 0x5555555555555400

clint mtime 0x0000000000000488 (mip.MTI <- 0b1, mip.STI <- 0b0)
mem[X,0x0000000080002182] -> 0x0513
mem[X,0x0000000080002184] -> 0x1565
[2320] [M]: 0x0000000080002182 (0x15650513) addi x10, x10, 0x156                    inst_343+28
x10 <- 0x5555555555555556

mem[X,0x0000000080002186] -> 0x050D
[2321] [M]: 0x0000000080002186 (0x050D) c.addi x10, 0x3                             inst_343+32
x10 <- 0x5555555555555559

clint mtime 0x0000000000000489 (mip.MTI <- 0b1, mip.STI <- 0b0)
mem[X,0x0000000080002188] -> 0xBC23
mem[X,0x000000008000218A] -> 0x1CA0
[2322] [M]: 0x0000000080002188 (0x1CA0BC23) sd x10, 0x1d8(x1)                       inst_343+34
mem[W,0x0000000080005BD0] <- 0x5555555555555559

mem[X,0x000000008000218C] -> 0x5537
mem[X,0x000000008000218E] -> 0x5555
[2323] [M]: 0x000000008000218C (0x55555537) lui x10, 0x55555                        inst_344+0
x10 <- 0x0000000055555000

clint mtime 0x000000000000048A (mip.MTI <- 0b1, mip.STI <- 0b0)
mem[X,0x0000000080002190] -> 0x0513
mem[X,0x0000000080002192] -> 0x5555
[2324] [M]: 0x0000000080002190 (0x55550513) addi x10, x10, 0x555                    inst_344+4
x10 <- 0x0000000055555555

mem[X,0x0000000080002194] -> 0x1513
mem[X,0x0000000080002196] -> 0x00B5
[2325] [M]: 0x0000000080002194 (0x00B51513) slli x10, x10, 0xb                      inst_344+8
x10 <- 0x000002AAAAAAA800

clint mtime 0x000000000000048B (mip.MTI <- 0b1, mip.STI <- 0b0)
mem[X,0x0000000080002198] -> 0x0513
mem[X,0x000000008000219A] -> 0x2AA5
[2326] [M]: 0x0000000080002198 (0x2AA50513) addi x10, x10, 0x2aa                    inst_344+12
x10 <- 0x000002AAAAAAAAAA

mem[X,0x000000008000219C] -> 0x1513
mem[X,0x000000008000219E] -> 0x00B5
[2327] [M]: 0x000000008000219C (0x00B51513) slli x10, x10, 0xb                      inst_344+16
x10 <- 0x0015555555555000

clint mtime 0x000000000000048C (mip.MTI <- 0b1, mip.STI <- 0b0)
mem[X,0x00000000800021A0] -> 0x0513
mem[X,0x00000000800021A2] -> 0x5555
[2328] [M]: 0x00000000800021A0 (0x55550513) addi x10, x10, 0x555                    inst_344+20
x10 <- 0x0015555555555555

mem[X,0x00000000800021A4] -> 0x1513
mem[X,0x00000000800021A6] -> 0x00A5
[2329] [M]: 0x00000000800021A4 (0x00A51513) slli x10, x10, 0xa                      inst_344+24
x10 <- 0x5555555555555400

clint mtime 0x000000000000048D (mip.MTI <- 0b1, mip.STI <- 0b0)
mem[X,0x00000000800021A8] -> 0x0513
mem[X,0x00000000800021AA] -> 0x1565
[2330] [M]: 0x00000000800021A8 (0x15650513) addi x10, x10, 0x156                    inst_344+28
x10 <- 0x5555555555555556

mem[X,0x00000000800021AC] -> 0x0515
[2331] [M]: 0x00000000800021AC (0x0515) c.addi x10, 0x5                             inst_344+32
x10 <- 0x555555555555555B

clint mtime 0x000000000000048E (mip.MTI <- 0b1, mip.STI <- 0b0)
mem[X,0x00000000800021AE] -> 0xB023
mem[X,0x00000000800021B0] -> 0x1EA0
[2332] [M]: 0x00000000800021AE (0x1EA0B023) sd x10, 0x1e0(x1)                       inst_344+34
mem[W,0x0000000080005BD8] <- 0x555555555555555B

mem[X,0x00000000800021B2] -> 0x5537
mem[X,0x00000000800021B4] -> 0x5555
[2333] [M]: 0x00000000800021B2 (0x55555537) lui x10, 0x55555                        inst_345+0
x10 <- 0x0000000055555000

clint mtime 0x000000000000048F (mip.MTI <- 0b1, mip.STI <- 0b0)
mem[X,0x00000000800021B6] -> 0x0513
mem[X,0x00000000800021B8] -> 0x5555
[2334] [M]: 0x00000000800021B6 (0x55550513) addi x10, x10, 0x555                    inst_345+4
x10 <- 0x0000000055555555

mem[X,0x00000000800021BA] -> 0x1513
mem[X,0x00000000800021BC] -> 0x00B5
[2335] [M]: 0x00000000800021BA (0x00B51513) slli x10, x10, 0xb                      inst_345+8
x10 <- 0x000002AAAAAAA800

clint mtime 0x0000000000000490 (mip.MTI <- 0b1, mip.STI <- 0b0)
mem[X,0x00000000800021BE] -> 0x0513
mem[X,0x00000000800021C0] -> 0x2AA5
[2336] [M]: 0x00000000800021BE (0x2AA50513) addi x10, x10, 0x2aa                    inst_345+12
x10 <- 0x000002AAAAAAAAAA

mem[X,0x00000000800021C2] -> 0x1513
mem[X,0x00000000800021C4] -> 0x00B5
[2337] [M]: 0x00000000800021C2 (0x00B51513) slli x10, x10, 0xb                      inst_345+16
x10 <- 0x0015555555555000

clint mtime 0x0000000000000491 (mip.MTI <- 0b1, mip.STI <- 0b0)
mem[X,0x00000000800021C6] -> 0x0513
mem[X,0x00000000800021C8] -> 0x5555
[2338] [M]: 0x00000000800021C6 (0x55550513) addi x10, x10, 0x555                    inst_345+20
x10 <- 0x0015555555555555

mem[X,0x00000000800021CA] -> 0x1513
mem[X,0x00000000800021CC] -> 0x00A5
[2339] [M]: 0x00000000800021CA (0x00A51513) slli x10, x10, 0xa                      inst_345+24
x10 <- 0x5555555555555400

clint mtime 0x0000000000000492 (mip.MTI <- 0b1, mip.STI <- 0b0)
mem[X,0x00000000800021CE] -> 0x0513
mem[X,0x00000000800021D0] -> 0x1565
[2340] [M]: 0x00000000800021CE (0x15650513) addi x10, x10, 0x156                    inst_345+28
x10 <- 0x5555555555555556

mem[X,0x00000000800021D2] -> 0x0529
[2341] [M]: 0x00000000800021D2 (0x0529) c.addi x10, 0xa                             inst_345+32
x10 <- 0x5555555555555560

clint mtime 0x0000000000000493 (mip.MTI <- 0b1, mip.STI <- 0b0)
mem[X,0x00000000800021D4] -> 0xB423
mem[X,0x00000000800021D6] -> 0x1EA0
[2342] [M]: 0x00000000800021D4 (0x1EA0B423) sd x10, 0x1e8(x1)                       inst_345+34
mem[W,0x0000000080005BE0] <- 0x5555555555555560

mem[X,0x00000000800021D8] -> 0x5537
mem[X,0x00000000800021DA] -> 0x5555
[2343] [M]: 0x00000000800021D8 (0x55555537) lui x10, 0x55555                        inst_346+0
x10 <- 0x0000000055555000

clint mtime 0x0000000000000494 (mip.MTI <- 0b1, mip.STI <- 0b0)
mem[X,0x00000000800021DC] -> 0x0513
mem[X,0x00000000800021DE] -> 0x5555
[2344] [M]: 0x00000000800021DC (0x55550513) addi x10, x10, 0x555                    inst_346+4
x10 <- 0x0000000055555555

mem[X,0x00000000800021E0] -> 0x1513
mem[X,0x00000000800021E2] -> 0x00B5
[2345] [M]: 0x00000000800021E0 (0x00B51513) slli x10, x10, 0xb                      inst_346+8
x10 <- 0x000002AAAAAAA800

clint mtime 0x0000000000000495 (mip.MTI <- 0b1, mip.STI <- 0b0)
mem[X,0x00000000800021E4] -> 0x0513
mem[X,0x00000000800021E6] -> 0x2AA5
[2346] [M]: 0x00000000800021E4 (0x2AA50513) addi x10, x10, 0x2aa                    inst_346+12
x10 <- 0x000002AAAAAAAAAA

mem[X,0x00000000800021E8] -> 0x1513
mem[X,0x00000000800021EA] -> 0x00B5
[2347] [M]: 0x00000000800021E8 (0x00B51513) slli x10, x10, 0xb                      inst_346+16
x10 <- 0x0015555555555000

clint mtime 0x0000000000000496 (mip.MTI <- 0b1, mip.STI <- 0b0)
mem[X,0x00000000800021EC] -> 0x0513
mem[X,0x00000000800021EE] -> 0x5555
[2348] [M]: 0x00000000800021EC (0x55550513) addi x10, x10, 0x555                    inst_346+20
x10 <- 0x0015555555555555

mem[X,0x00000000800021F0] -> 0x1513
mem[X,0x00000000800021F2] -> 0x00A5
[2349] [M]: 0x00000000800021F0 (0x00A51513) slli x10, x10, 0xa                      inst_346+24
x10 <- 0x5555555555555400

clint mtime 0x0000000000000497 (mip.MTI <- 0b1, mip.STI <- 0b0)
mem[X,0x00000000800021F4] -> 0x0513
mem[X,0x00000000800021F6] -> 0x1565
[2350] [M]: 0x00000000800021F4 (0x15650513) addi x10, x10, 0x156                    inst_346+28
x10 <- 0x5555555555555556

mem[X,0x00000000800021F8] -> 0x0519
[2351] [M]: 0x00000000800021F8 (0x0519) c.addi x10, 0x6                             inst_346+32
x10 <- 0x555555555555555C

clint mtime 0x0000000000000498 (mip.MTI <- 0b1, mip.STI <- 0b0)
mem[X,0x00000000800021FA] -> 0xB823
mem[X,0x00000000800021FC] -> 0x1EA0
[2352] [M]: 0x00000000800021FA (0x1EA0B823) sd x10, 0x1f0(x1)                       inst_346+34
mem[W,0x0000000080005BE8] <- 0x555555555555555C

mem[X,0x00000000800021FE] -> 0x5537
mem[X,0x0000000080002200] -> 0x5555
[2353] [M]: 0x00000000800021FE (0x55555537) lui x10, 0x55555                        inst_347+0
x10 <- 0x0000000055555000

clint mtime 0x0000000000000499 (mip.MTI <- 0b1, mip.STI <- 0b0)
mem[X,0x0000000080002202] -> 0x0513
mem[X,0x0000000080002204] -> 0x5555
[2354] [M]: 0x0000000080002202 (0x55550513) addi x10, x10, 0x555                    inst_347+4
x10 <- 0x0000000055555555

mem[X,0x0000000080002206] -> 0x1513
mem[X,0x0000000080002208] -> 0x00B5
[2355] [M]: 0x0000000080002206 (0x00B51513) slli x10, x10, 0xb                      inst_347+8
x10 <- 0x000002AAAAAAA800

clint mtime 0x000000000000049A (mip.MTI <- 0b1, mip.STI <- 0b0)
mem[X,0x000000008000220A] -> 0x0513
mem[X,0x000000008000220C] -> 0x2AA5
[2356] [M]: 0x000000008000220A (0x2AA50513) addi x10, x10, 0x2aa                    inst_347+12
x10 <- 0x000002AAAAAAAAAA

mem[X,0x000000008000220E] -> 0x1513
mem[X,0x0000000080002210] -> 0x00B5
[2357] [M]: 0x000000008000220E (0x00B51513) slli x10, x10, 0xb                      inst_347+16
x10 <- 0x0015555555555000

clint mtime 0x000000000000049B (mip.MTI <- 0b1, mip.STI <- 0b0)
mem[X,0x0000000080002212] -> 0x0513
mem[X,0x0000000080002214] -> 0x5555
[2358] [M]: 0x0000000080002212 (0x55550513) addi x10, x10, 0x555                    inst_347+20
x10 <- 0x0015555555555555

mem[X,0x0000000080002216] -> 0x1513
mem[X,0x0000000080002218] -> 0x00A5
[2359] [M]: 0x0000000080002216 (0x00A51513) slli x10, x10, 0xa                      inst_347+24
x10 <- 0x5555555555555400

clint mtime 0x000000000000049C (mip.MTI <- 0b1, mip.STI <- 0b0)
mem[X,0x000000008000221A] -> 0x0513
mem[X,0x000000008000221C] -> 0x1565
[2360] [M]: 0x000000008000221A (0x15650513) addi x10, x10, 0x156                    inst_347+28
x10 <- 0x5555555555555556

mem[X,0x000000008000221E] -> 0x1579
[2361] [M]: 0x000000008000221E (0x1579) c.addi x10, -0x2                            inst_347+32
x10 <- 0x5555555555555554

clint mtime 0x000000000000049D (mip.MTI <- 0b1, mip.STI <- 0b0)
mem[X,0x0000000080002220] -> 0xBC23
mem[X,0x0000000080002222] -> 0x1EA0
[2362] [M]: 0x0000000080002220 (0x1EA0BC23) sd x10, 0x1f8(x1)                       inst_347+34
mem[W,0x0000000080005BF0] <- 0x5555555555555554

mem[X,0x0000000080002224] -> 0x5537
mem[X,0x0000000080002226] -> 0x5555
[2363] [M]: 0x0000000080002224 (0x55555537) lui x10, 0x55555                        inst_348+0
x10 <- 0x0000000055555000

clint mtime 0x000000000000049E (mip.MTI <- 0b1, mip.STI <- 0b0)
mem[X,0x0000000080002228] -> 0x0513
mem[X,0x000000008000222A] -> 0x5555
[2364] [M]: 0x0000000080002228 (0x55550513) addi x10, x10, 0x555                    inst_348+4
x10 <- 0x0000000055555555

mem[X,0x000000008000222C] -> 0x1513
mem[X,0x000000008000222E] -> 0x00B5
[2365] [M]: 0x000000008000222C (0x00B51513) slli x10, x10, 0xb                      inst_348+8
x10 <- 0x000002AAAAAAA800

clint mtime 0x000000000000049F (mip.MTI <- 0b1, mip.STI <- 0b0)
mem[X,0x0000000080002230] -> 0x0513
mem[X,0x0000000080002232] -> 0x2AA5
[2366] [M]: 0x0000000080002230 (0x2AA50513) addi x10, x10, 0x2aa                    inst_348+12
x10 <- 0x000002AAAAAAAAAA

mem[X,0x0000000080002234] -> 0x1513
mem[X,0x0000000080002236] -> 0x00B5
[2367] [M]: 0x0000000080002234 (0x00B51513) slli x10, x10, 0xb                      inst_348+16
x10 <- 0x0015555555555000

clint mtime 0x00000000000004A0 (mip.MTI <- 0b1, mip.STI <- 0b0)
mem[X,0x0000000080002238] -> 0x0513
mem[X,0x000000008000223A] -> 0x5555
[2368] [M]: 0x0000000080002238 (0x55550513) addi x10, x10, 0x555                    inst_348+20
x10 <- 0x0015555555555555

mem[X,0x000000008000223C] -> 0x1513
mem[X,0x000000008000223E] -> 0x00A5
[2369] [M]: 0x000000008000223C (0x00A51513) slli x10, x10, 0xa                      inst_348+24
x10 <- 0x5555555555555400

clint mtime 0x00000000000004A1 (mip.MTI <- 0b1, mip.STI <- 0b0)
mem[X,0x0000000080002240] -> 0x0513
mem[X,0x0000000080002242] -> 0x1565
[2370] [M]: 0x0000000080002240 (0x15650513) addi x10, x10, 0x156                    inst_348+28
x10 <- 0x5555555555555556

mem[X,0x0000000080002244] -> 0x156D
[2371] [M]: 0x0000000080002244 (0x156D) c.addi x10, -0x5                            inst_348+32
x10 <- 0x5555555555555551

clint mtime 0x00000000000004A2 (mip.MTI <- 0b1, mip.STI <- 0b0)
mem[X,0x0000000080002246] -> 0xB023
mem[X,0x0000000080002248] -> 0x20A0
[2372] [M]: 0x0000000080002246 (0x20A0B023) sd x10, 0x200(x1)                       inst_348+34
mem[W,0x0000000080005BF8] <- 0x5555555555555551

mem[X,0x000000008000224A] -> 0x5537
mem[X,0x000000008000224C] -> 0x5555
[2373] [M]: 0x000000008000224A (0x55555537) lui x10, 0x55555                        inst_349+0
x10 <- 0x0000000055555000

clint mtime 0x00000000000004A3 (mip.MTI <- 0b1, mip.STI <- 0b0)
mem[X,0x000000008000224E] -> 0x0513
mem[X,0x0000000080002250] -> 0x5555
[2374] [M]: 0x000000008000224E (0x55550513) addi x10, x10, 0x555                    inst_349+4
x10 <- 0x0000000055555555

mem[X,0x0000000080002252] -> 0x1513
mem[X,0x0000000080002254] -> 0x00B5
[2375] [M]: 0x0000000080002252 (0x00B51513) slli x10, x10, 0xb                      inst_349+8
x10 <- 0x000002AAAAAAA800

clint mtime 0x00000000000004A4 (mip.MTI <- 0b1, mip.STI <- 0b0)
mem[X,0x0000000080002256] -> 0x0513
mem[X,0x0000000080002258] -> 0x2AA5
[2376] [M]: 0x0000000080002256 (0x2AA50513) addi x10, x10, 0x2aa                    inst_349+12
x10 <- 0x000002AAAAAAAAAA

mem[X,0x000000008000225A] -> 0x1513
mem[X,0x000000008000225C] -> 0x00B5
[2377] [M]: 0x000000008000225A (0x00B51513) slli x10, x10, 0xb                      inst_349+16
x10 <- 0x0015555555555000

clint mtime 0x00000000000004A5 (mip.MTI <- 0b1, mip.STI <- 0b0)
mem[X,0x000000008000225E] -> 0x0513
mem[X,0x0000000080002260] -> 0x5555
[2378] [M]: 0x000000008000225E (0x55550513) addi x10, x10, 0x555                    inst_349+20
x10 <- 0x0015555555555555

mem[X,0x0000000080002262] -> 0x1513
mem[X,0x0000000080002264] -> 0x00A5
[2379] [M]: 0x0000000080002262 (0x00A51513) slli x10, x10, 0xa                      inst_349+24
x10 <- 0x5555555555555400

clint mtime 0x00000000000004A6 (mip.MTI <- 0b1, mip.STI <- 0b0)
mem[X,0x0000000080002266] -> 0x0513
mem[X,0x0000000080002268] -> 0x1565
[2380] [M]: 0x0000000080002266 (0x15650513) addi x10, x10, 0x156                    inst_349+28
x10 <- 0x5555555555555556

mem[X,0x000000008000226A] -> 0x0509
[2381] [M]: 0x000000008000226A (0x0509) c.addi x10, 0x2                             inst_349+32
x10 <- 0x5555555555555558

clint mtime 0x00000000000004A7 (mip.MTI <- 0b1, mip.STI <- 0b0)
mem[X,0x000000008000226C] -> 0xB423
mem[X,0x000000008000226E] -> 0x20A0
[2382] [M]: 0x000000008000226C (0x20A0B423) sd x10, 0x208(x1)                       inst_349+34
mem[W,0x0000000080005C00] <- 0x5555555555555558

mem[X,0x0000000080002270] -> 0x5537
mem[X,0x0000000080002272] -> 0x5555
[2383] [M]: 0x0000000080002270 (0x55555537) lui x10, 0x55555                        inst_350+0
x10 <- 0x0000000055555000

clint mtime 0x00000000000004A8 (mip.MTI <- 0b1, mip.STI <- 0b0)
mem[X,0x0000000080002274] -> 0x0513
mem[X,0x0000000080002276] -> 0x5555
[2384] [M]: 0x0000000080002274 (0x55550513) addi x10, x10, 0x555                    inst_350+4
x10 <- 0x0000000055555555

mem[X,0x0000000080002278] -> 0x1513
mem[X,0x000000008000227A] -> 0x00B5
[2385] [M]: 0x0000000080002278 (0x00B51513) slli x10, x10, 0xb                      inst_350+8
x10 <- 0x000002AAAAAAA800

clint mtime 0x00000000000004A9 (mip.MTI <- 0b1, mip.STI <- 0b0)
mem[X,0x000000008000227C] -> 0x0513
mem[X,0x000000008000227E] -> 0x2AA5
[2386] [M]: 0x000000008000227C (0x2AA50513) addi x10, x10, 0x2aa                    inst_350+12
x10 <- 0x000002AAAAAAAAAA

mem[X,0x0000000080002280] -> 0x1513
mem[X,0x0000000080002282] -> 0x00B5
[2387] [M]: 0x0000000080002280 (0x00B51513) slli x10, x10, 0xb                      inst_350+16
x10 <- 0x0015555555555000

clint mtime 0x00000000000004AA (mip.MTI <- 0b1, mip.STI <- 0b0)
mem[X,0x0000000080002284] -> 0x0513
mem[X,0x0000000080002286] -> 0x5555
[2388] [M]: 0x0000000080002284 (0x55550513) addi x10, x10, 0x555                    inst_350+20
x10 <- 0x0015555555555555

mem[X,0x0000000080002288] -> 0x1513
mem[X,0x000000008000228A] -> 0x00A5
[2389] [M]: 0x0000000080002288 (0x00A51513) slli x10, x10, 0xa                      inst_350+24
x10 <- 0x5555555555555400

clint mtime 0x00000000000004AB (mip.MTI <- 0b1, mip.STI <- 0b0)
mem[X,0x000000008000228C] -> 0x0513
mem[X,0x000000008000228E] -> 0x1565
[2390] [M]: 0x000000008000228C (0x15650513) addi x10, x10, 0x156                    inst_350+28
x10 <- 0x5555555555555556

mem[X,0x0000000080002290] -> 0x0511
[2391] [M]: 0x0000000080002290 (0x0511) c.addi x10, 0x4                             inst_350+32
x10 <- 0x555555555555555A

clint mtime 0x00000000000004AC (mip.MTI <- 0b1, mip.STI <- 0b0)
mem[X,0x0000000080002292] -> 0xB823
mem[X,0x0000000080002294] -> 0x20A0
[2392] [M]: 0x0000000080002292 (0x20A0B823) sd x10, 0x210(x1)                       inst_350+34
mem[W,0x0000000080005C08] <- 0x555555555555555A

mem[X,0x0000000080002296] -> 0x5537
mem[X,0x0000000080002298] -> 0x5555
[2393] [M]: 0x0000000080002296 (0x55555537) lui x10, 0x55555                        inst_351+0
x10 <- 0x0000000055555000

clint mtime 0x00000000000004AD (mip.MTI <- 0b1, mip.STI <- 0b0)
mem[X,0x000000008000229A] -> 0x0513
mem[X,0x000000008000229C] -> 0x5555
[2394] [M]: 0x000000008000229A (0x55550513) addi x10, x10, 0x555                    inst_351+4
x10 <- 0x0000000055555555

mem[X,0x000000008000229E] -> 0x1513
mem[X,0x00000000800022A0] -> 0x00B5
[2395] [M]: 0x000000008000229E (0x00B51513) slli x10, x10, 0xb                      inst_351+8
x10 <- 0x000002AAAAAAA800

clint mtime 0x00000000000004AE (mip.MTI <- 0b1, mip.STI <- 0b0)
mem[X,0x00000000800022A2] -> 0x0513
mem[X,0x00000000800022A4] -> 0x2AA5
[2396] [M]: 0x00000000800022A2 (0x2AA50513) addi x10, x10, 0x2aa                    inst_351+12
x10 <- 0x000002AAAAAAAAAA

mem[X,0x00000000800022A6] -> 0x1513
mem[X,0x00000000800022A8] -> 0x00B5
[2397] [M]: 0x00000000800022A6 (0x00B51513) slli x10, x10, 0xb                      inst_351+16
x10 <- 0x0015555555555000

clint mtime 0x00000000000004AF (mip.MTI <- 0b1, mip.STI <- 0b0)
mem[X,0x00000000800022AA] -> 0x0513
mem[X,0x00000000800022AC] -> 0x5555
[2398] [M]: 0x00000000800022AA (0x55550513) addi x10, x10, 0x555                    inst_351+20
x10 <- 0x0015555555555555

mem[X,0x00000000800022AE] -> 0x1513
mem[X,0x00000000800022B0] -> 0x00A5
[2399] [M]: 0x00000000800022AE (0x00A51513) slli x10, x10, 0xa                      inst_351+24
x10 <- 0x5555555555555400

clint mtime 0x00000000000004B0 (mip.MTI <- 0b1, mip.STI <- 0b0)
mem[X,0x00000000800022B2] -> 0x0513
mem[X,0x00000000800022B4] -> 0x1565
[2400] [M]: 0x00000000800022B2 (0x15650513) addi x10, x10, 0x156                    inst_351+28
x10 <- 0x5555555555555556

mem[X,0x00000000800022B6] -> 0x0525
[2401] [M]: 0x00000000800022B6 (0x0525) c.addi x10, 0x9                             inst_351+32
x10 <- 0x555555555555555F

clint mtime 0x00000000000004B1 (mip.MTI <- 0b1, mip.STI <- 0b0)
mem[X,0x00000000800022B8] -> 0xBC23
mem[X,0x00000000800022BA] -> 0x20A0
[2402] [M]: 0x00000000800022B8 (0x20A0BC23) sd x10, 0x218(x1)                       inst_351+34
mem[W,0x0000000080005C10] <- 0x555555555555555F

mem[X,0x00000000800022BC] -> 0x5537
mem[X,0x00000000800022BE] -> 0x5555
[2403] [M]: 0x00000000800022BC (0x55555537) lui x10, 0x55555                        inst_352+0
x10 <- 0x0000000055555000

clint mtime 0x00000000000004B2 (mip.MTI <- 0b1, mip.STI <- 0b0)
mem[X,0x00000000800022C0] -> 0x0513
mem[X,0x00000000800022C2] -> 0x5555
[2404] [M]: 0x00000000800022C0 (0x55550513) addi x10, x10, 0x555                    inst_352+4
x10 <- 0x0000000055555555

mem[X,0x00000000800022C4] -> 0x1513
mem[X,0x00000000800022C6] -> 0x00B5
[2405] [M]: 0x00000000800022C4 (0x00B51513) slli x10, x10, 0xb                      inst_352+8
x10 <- 0x000002AAAAAAA800

clint mtime 0x00000000000004B3 (mip.MTI <- 0b1, mip.STI <- 0b0)
mem[X,0x00000000800022C8] -> 0x0513
mem[X,0x00000000800022CA] -> 0x2AA5
[2406] [M]: 0x00000000800022C8 (0x2AA50513) addi x10, x10, 0x2aa                    inst_352+12
x10 <- 0x000002AAAAAAAAAA

mem[X,0x00000000800022CC] -> 0x1513
mem[X,0x00000000800022CE] -> 0x00B5
[2407] [M]: 0x00000000800022CC (0x00B51513) slli x10, x10, 0xb                      inst_352+16
x10 <- 0x0015555555555000

clint mtime 0x00000000000004B4 (mip.MTI <- 0b1, mip.STI <- 0b0)
mem[X,0x00000000800022D0] -> 0x0513
mem[X,0x00000000800022D2] -> 0x5555
[2408] [M]: 0x00000000800022D0 (0x55550513) addi x10, x10, 0x555                    inst_352+20
x10 <- 0x0015555555555555

mem[X,0x00000000800022D4] -> 0x1513
mem[X,0x00000000800022D6] -> 0x00A5
[2409] [M]: 0x00000000800022D4 (0x00A51513) slli x10, x10, 0xa                      inst_352+24
x10 <- 0x5555555555555400

clint mtime 0x00000000000004B5 (mip.MTI <- 0b1, mip.STI <- 0b0)
mem[X,0x00000000800022D8] -> 0x0513
mem[X,0x00000000800022DA] -> 0x1565
[2410] [M]: 0x00000000800022D8 (0x15650513) addi x10, x10, 0x156                    inst_352+28
x10 <- 0x5555555555555556

mem[X,0x00000000800022DC] -> 0x0501
[2411] [M]: 0x00000000800022DC (0x0501) c.addi x10, 0x0                             inst_352+32
x10 <- 0x5555555555555556

clint mtime 0x00000000000004B6 (mip.MTI <- 0b1, mip.STI <- 0b0)
mem[X,0x00000000800022DE] -> 0xB023
mem[X,0x00000000800022E0] -> 0x22A0
[2412] [M]: 0x00000000800022DE (0x22A0B023) sd x10, 0x220(x1)                       inst_352+34
mem[W,0x0000000080005C18] <- 0x5555555555555556

mem[X,0x00000000800022E2] -> 0x5537
mem[X,0x00000000800022E4] -> 0x5555
[2413] [M]: 0x00000000800022E2 (0x55555537) lui x10, 0x55555                        inst_353+0
x10 <- 0x0000000055555000

clint mtime 0x00000000000004B7 (mip.MTI <- 0b1, mip.STI <- 0b0)
mem[X,0x00000000800022E6] -> 0x0513
mem[X,0x00000000800022E8] -> 0x5555
[2414] [M]: 0x00000000800022E6 (0x55550513) addi x10, x10, 0x555                    inst_353+4
x10 <- 0x0000000055555555

mem[X,0x00000000800022EA] -> 0x1513
mem[X,0x00000000800022EC] -> 0x00B5
[2415] [M]: 0x00000000800022EA (0x00B51513) slli x10, x10, 0xb                      inst_353+8
x10 <- 0x000002AAAAAAA800

clint mtime 0x00000000000004B8 (mip.MTI <- 0b1, mip.STI <- 0b0)
mem[X,0x00000000800022EE] -> 0x0513
mem[X,0x00000000800022F0] -> 0x2AA5
[2416] [M]: 0x00000000800022EE (0x2AA50513) addi x10, x10, 0x2aa                    inst_353+12
x10 <- 0x000002AAAAAAAAAA

mem[X,0x00000000800022F2] -> 0x1513
mem[X,0x00000000800022F4] -> 0x00B5
[2417] [M]: 0x00000000800022F2 (0x00B51513) slli x10, x10, 0xb                      inst_353+16
x10 <- 0x0015555555555000

clint mtime 0x00000000000004B9 (mip.MTI <- 0b1, mip.STI <- 0b0)
mem[X,0x00000000800022F6] -> 0x0513
mem[X,0x00000000800022F8] -> 0x5555
[2418] [M]: 0x00000000800022F6 (0x55550513) addi x10, x10, 0x555                    inst_353+20
x10 <- 0x0015555555555555

mem[X,0x00000000800022FA] -> 0x1513
mem[X,0x00000000800022FC] -> 0x00A5
[2419] [M]: 0x00000000800022FA (0x00A51513) slli x10, x10, 0xa                      inst_353+24
x10 <- 0x5555555555555400

clint mtime 0x00000000000004BA (mip.MTI <- 0b1, mip.STI <- 0b0)
mem[X,0x00000000800022FE] -> 0x0513
mem[X,0x0000000080002300] -> 0x1565
[2420] [M]: 0x00000000800022FE (0x15650513) addi x10, x10, 0x156                    inst_353+28
x10 <- 0x5555555555555556

mem[X,0x0000000080002302] -> 0x052D
[2421] [M]: 0x0000000080002302 (0x052D) c.addi x10, 0xb                             inst_353+32
x10 <- 0x5555555555555561

clint mtime 0x00000000000004BB (mip.MTI <- 0b1, mip.STI <- 0b0)
mem[X,0x0000000080002304] -> 0xB423
mem[X,0x0000000080002306] -> 0x22A0
[2422] [M]: 0x0000000080002304 (0x22A0B423) sd x10, 0x228(x1)                       inst_353+34
mem[W,0x0000000080005C20] <- 0x5555555555555561

mem[X,0x0000000080002308] -> 0x5537
mem[X,0x000000008000230A] -> 0x5555
[2423] [M]: 0x0000000080002308 (0x55555537) lui x10, 0x55555                        inst_354+0
x10 <- 0x0000000055555000

clint mtime 0x00000000000004BC (mip.MTI <- 0b1, mip.STI <- 0b0)
mem[X,0x000000008000230C] -> 0x0513
mem[X,0x000000008000230E] -> 0x5555
[2424] [M]: 0x000000008000230C (0x55550513) addi x10, x10, 0x555                    inst_354+4
x10 <- 0x0000000055555555

mem[X,0x0000000080002310] -> 0x1513
mem[X,0x0000000080002312] -> 0x00B5
[2425] [M]: 0x0000000080002310 (0x00B51513) slli x10, x10, 0xb                      inst_354+8
x10 <- 0x000002AAAAAAA800

clint mtime 0x00000000000004BD (mip.MTI <- 0b1, mip.STI <- 0b0)
mem[X,0x0000000080002314] -> 0x0513
mem[X,0x0000000080002316] -> 0x2AA5
[2426] [M]: 0x0000000080002314 (0x2AA50513) addi x10, x10, 0x2aa                    inst_354+12
x10 <- 0x000002AAAAAAAAAA

mem[X,0x0000000080002318] -> 0x1513
mem[X,0x000000008000231A] -> 0x00B5
[2427] [M]: 0x0000000080002318 (0x00B51513) slli x10, x10, 0xb                      inst_354+16
x10 <- 0x0015555555555000

clint mtime 0x00000000000004BE (mip.MTI <- 0b1, mip.STI <- 0b0)
mem[X,0x000000008000231C] -> 0x0513
mem[X,0x000000008000231E] -> 0x5555
[2428] [M]: 0x000000008000231C (0x55550513) addi x10, x10, 0x555                    inst_354+20
x10 <- 0x0015555555555555

mem[X,0x0000000080002320] -> 0x1513
mem[X,0x0000000080002322] -> 0x00A5
[2429] [M]: 0x0000000080002320 (0x00A51513) slli x10, x10, 0xa                      inst_354+24
x10 <- 0x5555555555555400

clint mtime 0x00000000000004BF (mip.MTI <- 0b1, mip.STI <- 0b0)
mem[X,0x0000000080002324] -> 0x0513
mem[X,0x0000000080002326] -> 0x1565
[2430] [M]: 0x0000000080002324 (0x15650513) addi x10, x10, 0x156                    inst_354+28
x10 <- 0x5555555555555556

mem[X,0x0000000080002328] -> 0x051D
[2431] [M]: 0x0000000080002328 (0x051D) c.addi x10, 0x7                             inst_354+32
x10 <- 0x555555555555555D

clint mtime 0x00000000000004C0 (mip.MTI <- 0b1, mip.STI <- 0b0)
mem[X,0x000000008000232A] -> 0xB823
mem[X,0x000000008000232C] -> 0x22A0
[2432] [M]: 0x000000008000232A (0x22A0B823) sd x10, 0x230(x1)                       inst_354+34
mem[W,0x0000000080005C28] <- 0x555555555555555D

mem[X,0x000000008000232E] -> 0x5537
mem[X,0x0000000080002330] -> 0x5555
[2433] [M]: 0x000000008000232E (0x55555537) lui x10, 0x55555                        inst_355+0
x10 <- 0x0000000055555000

clint mtime 0x00000000000004C1 (mip.MTI <- 0b1, mip.STI <- 0b0)
mem[X,0x0000000080002332] -> 0x0513
mem[X,0x0000000080002334] -> 0x5555
[2434] [M]: 0x0000000080002332 (0x55550513) addi x10, x10, 0x555                    inst_355+4
x10 <- 0x0000000055555555

mem[X,0x0000000080002336] -> 0x1513
mem[X,0x0000000080002338] -> 0x00B5
[2435] [M]: 0x0000000080002336 (0x00B51513) slli x10, x10, 0xb                      inst_355+8
x10 <- 0x000002AAAAAAA800

clint mtime 0x00000000000004C2 (mip.MTI <- 0b1, mip.STI <- 0b0)
mem[X,0x000000008000233A] -> 0x0513
mem[X,0x000000008000233C] -> 0x2AA5
[2436] [M]: 0x000000008000233A (0x2AA50513) addi x10, x10, 0x2aa                    inst_355+12
x10 <- 0x000002AAAAAAAAAA

mem[X,0x000000008000233E] -> 0x1513
mem[X,0x0000000080002340] -> 0x00B5
[2437] [M]: 0x000000008000233E (0x00B51513) slli x10, x10, 0xb                      inst_355+16
x10 <- 0x0015555555555000

clint mtime 0x00000000000004C3 (mip.MTI <- 0b1, mip.STI <- 0b0)
mem[X,0x0000000080002342] -> 0x0513
mem[X,0x0000000080002344] -> 0x5555
[2438] [M]: 0x0000000080002342 (0x55550513) addi x10, x10, 0x555                    inst_355+20
x10 <- 0x0015555555555555

mem[X,0x0000000080002346] -> 0x1513
mem[X,0x0000000080002348] -> 0x00A5
[2439] [M]: 0x0000000080002346 (0x00A51513) slli x10, x10, 0xa                      inst_355+24
x10 <- 0x5555555555555400

clint mtime 0x00000000000004C4 (mip.MTI <- 0b1, mip.STI <- 0b0)
mem[X,0x000000008000234A] -> 0x0513
mem[X,0x000000008000234C] -> 0x1565
[2440] [M]: 0x000000008000234A (0x15650513) addi x10, x10, 0x156                    inst_355+28
x10 <- 0x5555555555555556

mem[X,0x000000008000234E] -> 0x157D
[2441] [M]: 0x000000008000234E (0x157D) c.addi x10, -0x1                            inst_355+32
x10 <- 0x5555555555555555

clint mtime 0x00000000000004C5 (mip.MTI <- 0b1, mip.STI <- 0b0)
mem[X,0x0000000080002350] -> 0xBC23
mem[X,0x0000000080002352] -> 0x22A0
[2442] [M]: 0x0000000080002350 (0x22A0BC23) sd x10, 0x238(x1)                       inst_355+34
mem[W,0x0000000080005C30] <- 0x5555555555555555

mem[X,0x0000000080002354] -> 0x5537
mem[X,0x0000000080002356] -> 0x5555
[2443] [M]: 0x0000000080002354 (0x55555537) lui x10, 0x55555                        inst_356+0
x10 <- 0x0000000055555000

clint mtime 0x00000000000004C6 (mip.MTI <- 0b1, mip.STI <- 0b0)
mem[X,0x0000000080002358] -> 0x0513
mem[X,0x000000008000235A] -> 0x5555
[2444] [M]: 0x0000000080002358 (0x55550513) addi x10, x10, 0x555                    inst_356+4
x10 <- 0x0000000055555555

mem[X,0x000000008000235C] -> 0x1513
mem[X,0x000000008000235E] -> 0x00B5
[2445] [M]: 0x000000008000235C (0x00B51513) slli x10, x10, 0xb                      inst_356+8
x10 <- 0x000002AAAAAAA800

clint mtime 0x00000000000004C7 (mip.MTI <- 0b1, mip.STI <- 0b0)
mem[X,0x0000000080002360] -> 0x0513
mem[X,0x0000000080002362] -> 0x2AA5
[2446] [M]: 0x0000000080002360 (0x2AA50513) addi x10, x10, 0x2aa                    inst_356+12
x10 <- 0x000002AAAAAAAAAA

mem[X,0x0000000080002364] -> 0x1513
mem[X,0x0000000080002366] -> 0x00B5
[2447] [M]: 0x0000000080002364 (0x00B51513) slli x10, x10, 0xb                      inst_356+16
x10 <- 0x0015555555555000

clint mtime 0x00000000000004C8 (mip.MTI <- 0b1, mip.STI <- 0b0)
mem[X,0x0000000080002368] -> 0x0513
mem[X,0x000000008000236A] -> 0x5555
[2448] [M]: 0x0000000080002368 (0x55550513) addi x10, x10, 0x555                    inst_356+20
x10 <- 0x0015555555555555

mem[X,0x000000008000236C] -> 0x1513
mem[X,0x000000008000236E] -> 0x00A5
[2449] [M]: 0x000000008000236C (0x00A51513) slli x10, x10, 0xa                      inst_356+24
x10 <- 0x5555555555555400

clint mtime 0x00000000000004C9 (mip.MTI <- 0b1, mip.STI <- 0b0)
mem[X,0x0000000080002370] -> 0x0513
mem[X,0x0000000080002372] -> 0x1565
[2450] [M]: 0x0000000080002370 (0x15650513) addi x10, x10, 0x156                    inst_356+28
x10 <- 0x5555555555555556

mem[X,0x0000000080002374] -> 0x1571
[2451] [M]: 0x0000000080002374 (0x1571) c.addi x10, -0x4                            inst_356+32
x10 <- 0x5555555555555552

clint mtime 0x00000000000004CA (mip.MTI <- 0b1, mip.STI <- 0b0)
mem[X,0x0000000080002376] -> 0xB023
mem[X,0x0000000080002378] -> 0x24A0
[2452] [M]: 0x0000000080002376 (0x24A0B023) sd x10, 0x240(x1)                       inst_356+34
mem[W,0x0000000080005C38] <- 0x5555555555555552

mem[X,0x000000008000237A] -> 0xB537
mem[X,0x000000008000237C] -> 0xAAAA
[2453] [M]: 0x000000008000237A (0xAAAAB537) lui x10, -0x55555                       inst_357+0
x10 <- 0xFFFFFFFFAAAAB000

clint mtime 0x00000000000004CB (mip.MTI <- 0b1, mip.STI <- 0b0)
mem[X,0x000000008000237E] -> 0x0513
mem[X,0x0000000080002380] -> 0xAAA5
[2454] [M]: 0x000000008000237E (0xAAA50513) addi x10, x10, -0x556                   inst_357+4
x10 <- 0xFFFFFFFFAAAAAAAA

mem[X,0x0000000080002382] -> 0x1513
mem[X,0x0000000080002384] -> 0x00B5
[2455] [M]: 0x0000000080002382 (0x00B51513) slli x10, x10, 0xb                      inst_357+8
x10 <- 0xFFFFFD5555555000

clint mtime 0x00000000000004CC (mip.MTI <- 0b1, mip.STI <- 0b0)
mem[X,0x0000000080002386] -> 0x0513
mem[X,0x0000000080002388] -> 0x5555
[2456] [M]: 0x0000000080002386 (0x55550513) addi x10, x10, 0x555                    inst_357+12
x10 <- 0xFFFFFD5555555555

mem[X,0x000000008000238A] -> 0x1513
mem[X,0x000000008000238C] -> 0x00B5
[2457] [M]: 0x000000008000238A (0x00B51513) slli x10, x10, 0xb                      inst_357+16
x10 <- 0xFFEAAAAAAAAAA800

clint mtime 0x00000000000004CD (mip.MTI <- 0b1, mip.STI <- 0b0)
mem[X,0x000000008000238E] -> 0x0513
mem[X,0x0000000080002390] -> 0x2AA5
[2458] [M]: 0x000000008000238E (0x2AA50513) addi x10, x10, 0x2aa                    inst_357+20
x10 <- 0xFFEAAAAAAAAAAAAA

mem[X,0x0000000080002392] -> 0x1513
mem[X,0x0000000080002394] -> 0x00A5
[2459] [M]: 0x0000000080002392 (0x00A51513) slli x10, x10, 0xa                      inst_357+24
x10 <- 0xAAAAAAAAAAAAA800

clint mtime 0x00000000000004CE (mip.MTI <- 0b1, mip.STI <- 0b0)
mem[X,0x0000000080002396] -> 0x0513
mem[X,0x0000000080002398] -> 0x2AB5
[2460] [M]: 0x0000000080002396 (0x2AB50513) addi x10, x10, 0x2ab                    inst_357+28
x10 <- 0xAAAAAAAAAAAAAAAB

mem[X,0x000000008000239A] -> 0x050D
[2461] [M]: 0x000000008000239A (0x050D) c.addi x10, 0x3                             inst_357+32
x10 <- 0xAAAAAAAAAAAAAAAE

clint mtime 0x00000000000004CF (mip.MTI <- 0b1, mip.STI <- 0b0)
mem[X,0x000000008000239C] -> 0xB423
mem[X,0x000000008000239E] -> 0x24A0
[2462] [M]: 0x000000008000239C (0x24A0B423) sd x10, 0x248(x1)                       inst_357+34
mem[W,0x0000000080005C40] <- 0xAAAAAAAAAAAAAAAE

mem[X,0x00000000800023A0] -> 0xB537
mem[X,0x00000000800023A2] -> 0xAAAA
[2463] [M]: 0x00000000800023A0 (0xAAAAB537) lui x10, -0x55555                       inst_358+0
x10 <- 0xFFFFFFFFAAAAB000

clint mtime 0x00000000000004D0 (mip.MTI <- 0b1, mip.STI <- 0b0)
mem[X,0x00000000800023A4] -> 0x0513
mem[X,0x00000000800023A6] -> 0xAAA5
[2464] [M]: 0x00000000800023A4 (0xAAA50513) addi x10, x10, -0x556                   inst_358+4
x10 <- 0xFFFFFFFFAAAAAAAA

mem[X,0x00000000800023A8] -> 0x1513
mem[X,0x00000000800023AA] -> 0x00B5
[2465] [M]: 0x00000000800023A8 (0x00B51513) slli x10, x10, 0xb                      inst_358+8
x10 <- 0xFFFFFD5555555000

clint mtime 0x00000000000004D1 (mip.MTI <- 0b1, mip.STI <- 0b0)
mem[X,0x00000000800023AC] -> 0x0513
mem[X,0x00000000800023AE] -> 0x5555
[2466] [M]: 0x00000000800023AC (0x55550513) addi x10, x10, 0x555                    inst_358+12
x10 <- 0xFFFFFD5555555555

mem[X,0x00000000800023B0] -> 0x1513
mem[X,0x00000000800023B2] -> 0x00B5
[2467] [M]: 0x00000000800023B0 (0x00B51513) slli x10, x10, 0xb                      inst_358+16
x10 <- 0xFFEAAAAAAAAAA800

clint mtime 0x00000000000004D2 (mip.MTI <- 0b1, mip.STI <- 0b0)
mem[X,0x00000000800023B4] -> 0x0513
mem[X,0x00000000800023B6] -> 0x2AA5
[2468] [M]: 0x00000000800023B4 (0x2AA50513) addi x10, x10, 0x2aa                    inst_358+20
x10 <- 0xFFEAAAAAAAAAAAAA

mem[X,0x00000000800023B8] -> 0x1513
mem[X,0x00000000800023BA] -> 0x00A5
[2469] [M]: 0x00000000800023B8 (0x00A51513) slli x10, x10, 0xa                      inst_358+24
x10 <- 0xAAAAAAAAAAAAA800

clint mtime 0x00000000000004D3 (mip.MTI <- 0b1, mip.STI <- 0b0)
mem[X,0x00000000800023BC] -> 0x0513
mem[X,0x00000000800023BE] -> 0x2AB5
[2470] [M]: 0x00000000800023BC (0x2AB50513) addi x10, x10, 0x2ab                    inst_358+28
x10 <- 0xAAAAAAAAAAAAAAAB

mem[X,0x00000000800023C0] -> 0x0515
[2471] [M]: 0x00000000800023C0 (0x0515) c.addi x10, 0x5                             inst_358+32
x10 <- 0xAAAAAAAAAAAAAAB0

clint mtime 0x00000000000004D4 (mip.MTI <- 0b1, mip.STI <- 0b0)
mem[X,0x00000000800023C2] -> 0xB823
mem[X,0x00000000800023C4] -> 0x24A0
[2472] [M]: 0x00000000800023C2 (0x24A0B823) sd x10, 0x250(x1)                       inst_358+34
mem[W,0x0000000080005C48] <- 0xAAAAAAAAAAAAAAB0

mem[X,0x00000000800023C6] -> 0xB537
mem[X,0x00000000800023C8] -> 0xAAAA
[2473] [M]: 0x00000000800023C6 (0xAAAAB537) lui x10, -0x55555                       inst_359+0
x10 <- 0xFFFFFFFFAAAAB000

clint mtime 0x00000000000004D5 (mip.MTI <- 0b1, mip.STI <- 0b0)
mem[X,0x00000000800023CA] -> 0x0513
mem[X,0x00000000800023CC] -> 0xAAA5
[2474] [M]: 0x00000000800023CA (0xAAA50513) addi x10, x10, -0x556                   inst_359+4
x10 <- 0xFFFFFFFFAAAAAAAA

mem[X,0x00000000800023CE] -> 0x1513
mem[X,0x00000000800023D0] -> 0x00B5
[2475] [M]: 0x00000000800023CE (0x00B51513) slli x10, x10, 0xb                      inst_359+8
x10 <- 0xFFFFFD5555555000

clint mtime 0x00000000000004D6 (mip.MTI <- 0b1, mip.STI <- 0b0)
mem[X,0x00000000800023D2] -> 0x0513
mem[X,0x00000000800023D4] -> 0x5555
[2476] [M]: 0x00000000800023D2 (0x55550513) addi x10, x10, 0x555                    inst_359+12
x10 <- 0xFFFFFD5555555555

mem[X,0x00000000800023D6] -> 0x1513
mem[X,0x00000000800023D8] -> 0x00B5
[2477] [M]: 0x00000000800023D6 (0x00B51513) slli x10, x10, 0xb                      inst_359+16
x10 <- 0xFFEAAAAAAAAAA800

clint mtime 0x00000000000004D7 (mip.MTI <- 0b1, mip.STI <- 0b0)
mem[X,0x00000000800023DA] -> 0x0513
mem[X,0x00000000800023DC] -> 0x2AA5
[2478] [M]: 0x00000000800023DA (0x2AA50513) addi x10, x10, 0x2aa                    inst_359+20
x10 <- 0xFFEAAAAAAAAAAAAA

mem[X,0x00000000800023DE] -> 0x1513
mem[X,0x00000000800023E0] -> 0x00A5
[2479] [M]: 0x00000000800023DE (0x00A51513) slli x10, x10, 0xa                      inst_359+24
x10 <- 0xAAAAAAAAAAAAA800

clint mtime 0x00000000000004D8 (mip.MTI <- 0b1, mip.STI <- 0b0)
mem[X,0x00000000800023E2] -> 0x0513
mem[X,0x00000000800023E4] -> 0x2AB5
[2480] [M]: 0x00000000800023E2 (0x2AB50513) addi x10, x10, 0x2ab                    inst_359+28
x10 <- 0xAAAAAAAAAAAAAAAB

mem[X,0x00000000800023E6] -> 0x0529
[2481] [M]: 0x00000000800023E6 (0x0529) c.addi x10, 0xa                             inst_359+32
x10 <- 0xAAAAAAAAAAAAAAB5

clint mtime 0x00000000000004D9 (mip.MTI <- 0b1, mip.STI <- 0b0)
mem[X,0x00000000800023E8] -> 0xBC23
mem[X,0x00000000800023EA] -> 0x24A0
[2482] [M]: 0x00000000800023E8 (0x24A0BC23) sd x10, 0x258(x1)                       inst_359+34
mem[W,0x0000000080005C50] <- 0xAAAAAAAAAAAAAAB5

mem[X,0x00000000800023EC] -> 0xB537
mem[X,0x00000000800023EE] -> 0xAAAA
[2483] [M]: 0x00000000800023EC (0xAAAAB537) lui x10, -0x55555                       inst_360+0
x10 <- 0xFFFFFFFFAAAAB000

clint mtime 0x00000000000004DA (mip.MTI <- 0b1, mip.STI <- 0b0)
mem[X,0x00000000800023F0] -> 0x0513
mem[X,0x00000000800023F2] -> 0xAAA5
[2484] [M]: 0x00000000800023F0 (0xAAA50513) addi x10, x10, -0x556                   inst_360+4
x10 <- 0xFFFFFFFFAAAAAAAA

mem[X,0x00000000800023F4] -> 0x1513
mem[X,0x00000000800023F6] -> 0x00B5
[2485] [M]: 0x00000000800023F4 (0x00B51513) slli x10, x10, 0xb                      inst_360+8
x10 <- 0xFFFFFD5555555000

clint mtime 0x00000000000004DB (mip.MTI <- 0b1, mip.STI <- 0b0)
mem[X,0x00000000800023F8] -> 0x0513
mem[X,0x00000000800023FA] -> 0x5555
[2486] [M]: 0x00000000800023F8 (0x55550513) addi x10, x10, 0x555                    inst_360+12
x10 <- 0xFFFFFD5555555555

mem[X,0x00000000800023FC] -> 0x1513
mem[X,0x00000000800023FE] -> 0x00B5
[2487] [M]: 0x00000000800023FC (0x00B51513) slli x10, x10, 0xb                      inst_360+16
x10 <- 0xFFEAAAAAAAAAA800

clint mtime 0x00000000000004DC (mip.MTI <- 0b1, mip.STI <- 0b0)
mem[X,0x0000000080002400] -> 0x0513
mem[X,0x0000000080002402] -> 0x2AA5
[2488] [M]: 0x0000000080002400 (0x2AA50513) addi x10, x10, 0x2aa                    inst_360+20
x10 <- 0xFFEAAAAAAAAAAAAA

mem[X,0x0000000080002404] -> 0x1513
mem[X,0x0000000080002406] -> 0x00A5
[2489] [M]: 0x0000000080002404 (0x00A51513) slli x10, x10, 0xa                      inst_360+24
x10 <- 0xAAAAAAAAAAAAA800

clint mtime 0x00000000000004DD (mip.MTI <- 0b1, mip.STI <- 0b0)
mem[X,0x0000000080002408] -> 0x0513
mem[X,0x000000008000240A] -> 0x2AB5
[2490] [M]: 0x0000000080002408 (0x2AB50513) addi x10, x10, 0x2ab                    inst_360+28
x10 <- 0xAAAAAAAAAAAAAAAB

mem[X,0x000000008000240C] -> 0x0519
[2491] [M]: 0x000000008000240C (0x0519) c.addi x10, 0x6                             inst_360+32
x10 <- 0xAAAAAAAAAAAAAAB1

clint mtime 0x00000000000004DE (mip.MTI <- 0b1, mip.STI <- 0b0)
mem[X,0x000000008000240E] -> 0xB023
mem[X,0x0000000080002410] -> 0x26A0
[2492] [M]: 0x000000008000240E (0x26A0B023) sd x10, 0x260(x1)                       inst_360+34
mem[W,0x0000000080005C58] <- 0xAAAAAAAAAAAAAAB1

mem[X,0x0000000080002412] -> 0xB537
mem[X,0x0000000080002414] -> 0xAAAA
[2493] [M]: 0x0000000080002412 (0xAAAAB537) lui x10, -0x55555                       inst_361+0
x10 <- 0xFFFFFFFFAAAAB000

clint mtime 0x00000000000004DF (mip.MTI <- 0b1, mip.STI <- 0b0)
mem[X,0x0000000080002416] -> 0x0513
mem[X,0x0000000080002418] -> 0xAAA5
[2494] [M]: 0x0000000080002416 (0xAAA50513) addi x10, x10, -0x556                   inst_361+4
x10 <- 0xFFFFFFFFAAAAAAAA

mem[X,0x000000008000241A] -> 0x1513
mem[X,0x000000008000241C] -> 0x00B5
[2495] [M]: 0x000000008000241A (0x00B51513) slli x10, x10, 0xb                      inst_361+8
x10 <- 0xFFFFFD5555555000

clint mtime 0x00000000000004E0 (mip.MTI <- 0b1, mip.STI <- 0b0)
mem[X,0x000000008000241E] -> 0x0513
mem[X,0x0000000080002420] -> 0x5555
[2496] [M]: 0x000000008000241E (0x55550513) addi x10, x10, 0x555                    inst_361+12
x10 <- 0xFFFFFD5555555555

mem[X,0x0000000080002422] -> 0x1513
mem[X,0x0000000080002424] -> 0x00B5
[2497] [M]: 0x0000000080002422 (0x00B51513) slli x10, x10, 0xb                      inst_361+16
x10 <- 0xFFEAAAAAAAAAA800

clint mtime 0x00000000000004E1 (mip.MTI <- 0b1, mip.STI <- 0b0)
mem[X,0x0000000080002426] -> 0x0513
mem[X,0x0000000080002428] -> 0x2AA5
[2498] [M]: 0x0000000080002426 (0x2AA50513) addi x10, x10, 0x2aa                    inst_361+20
x10 <- 0xFFEAAAAAAAAAAAAA

mem[X,0x000000008000242A] -> 0x1513
mem[X,0x000000008000242C] -> 0x00A5
[2499] [M]: 0x000000008000242A (0x00A51513) slli x10, x10, 0xa                      inst_361+24
x10 <- 0xAAAAAAAAAAAAA800

clint mtime 0x00000000000004E2 (mip.MTI <- 0b1, mip.STI <- 0b0)
mem[X,0x000000008000242E] -> 0x0513
mem[X,0x0000000080002430] -> 0x2AB5
[2500] [M]: 0x000000008000242E (0x2AB50513) addi x10, x10, 0x2ab                    inst_361+28
x10 <- 0xAAAAAAAAAAAAAAAB

mem[X,0x0000000080002432] -> 0x1579
[2501] [M]: 0x0000000080002432 (0x1579) c.addi x10, -0x2                            inst_361+32
x10 <- 0xAAAAAAAAAAAAAAA9

clint mtime 0x00000000000004E3 (mip.MTI <- 0b1, mip.STI <- 0b0)
mem[X,0x0000000080002434] -> 0xB423
mem[X,0x0000000080002436] -> 0x26A0
[2502] [M]: 0x0000000080002434 (0x26A0B423) sd x10, 0x268(x1)                       inst_361+34
mem[W,0x0000000080005C60] <- 0xAAAAAAAAAAAAAAA9

mem[X,0x0000000080002438] -> 0xB537
mem[X,0x000000008000243A] -> 0xAAAA
[2503] [M]: 0x0000000080002438 (0xAAAAB537) lui x10, -0x55555                       inst_362+0
x10 <- 0xFFFFFFFFAAAAB000

clint mtime 0x00000000000004E4 (mip.MTI <- 0b1, mip.STI <- 0b0)
mem[X,0x000000008000243C] -> 0x0513
mem[X,0x000000008000243E] -> 0xAAA5
[2504] [M]: 0x000000008000243C (0xAAA50513) addi x10, x10, -0x556                   inst_362+4
x10 <- 0xFFFFFFFFAAAAAAAA

mem[X,0x0000000080002440] -> 0x1513
mem[X,0x0000000080002442] -> 0x00B5
[2505] [M]: 0x0000000080002440 (0x00B51513) slli x10, x10, 0xb                      inst_362+8
x10 <- 0xFFFFFD5555555000

clint mtime 0x00000000000004E5 (mip.MTI <- 0b1, mip.STI <- 0b0)
mem[X,0x0000000080002444] -> 0x0513
mem[X,0x0000000080002446] -> 0x5555
[2506] [M]: 0x0000000080002444 (0x55550513) addi x10, x10, 0x555                    inst_362+12
x10 <- 0xFFFFFD5555555555

mem[X,0x0000000080002448] -> 0x1513
mem[X,0x000000008000244A] -> 0x00B5
[2507] [M]: 0x0000000080002448 (0x00B51513) slli x10, x10, 0xb                      inst_362+16
x10 <- 0xFFEAAAAAAAAAA800

clint mtime 0x00000000000004E6 (mip.MTI <- 0b1, mip.STI <- 0b0)
mem[X,0x000000008000244C] -> 0x0513
mem[X,0x000000008000244E] -> 0x2AA5
[2508] [M]: 0x000000008000244C (0x2AA50513) addi x10, x10, 0x2aa                    inst_362+20
x10 <- 0xFFEAAAAAAAAAAAAA

mem[X,0x0000000080002450] -> 0x1513
mem[X,0x0000000080002452] -> 0x00A5
[2509] [M]: 0x0000000080002450 (0x00A51513) slli x10, x10, 0xa                      inst_362+24
x10 <- 0xAAAAAAAAAAAAA800

clint mtime 0x00000000000004E7 (mip.MTI <- 0b1, mip.STI <- 0b0)
mem[X,0x0000000080002454] -> 0x0513
mem[X,0x0000000080002456] -> 0x2AB5
[2510] [M]: 0x0000000080002454 (0x2AB50513) addi x10, x10, 0x2ab                    inst_362+28
x10 <- 0xAAAAAAAAAAAAAAAB

mem[X,0x0000000080002458] -> 0x156D
[2511] [M]: 0x0000000080002458 (0x156D) c.addi x10, -0x5                            inst_362+32
x10 <- 0xAAAAAAAAAAAAAAA6

clint mtime 0x00000000000004E8 (mip.MTI <- 0b1, mip.STI <- 0b0)
mem[X,0x000000008000245A] -> 0xB823
mem[X,0x000000008000245C] -> 0x26A0
[2512] [M]: 0x000000008000245A (0x26A0B823) sd x10, 0x270(x1)                       inst_362+34
mem[W,0x0000000080005C68] <- 0xAAAAAAAAAAAAAAA6

mem[X,0x000000008000245E] -> 0xB537
mem[X,0x0000000080002460] -> 0xAAAA
[2513] [M]: 0x000000008000245E (0xAAAAB537) lui x10, -0x55555                       inst_363+0
x10 <- 0xFFFFFFFFAAAAB000

clint mtime 0x00000000000004E9 (mip.MTI <- 0b1, mip.STI <- 0b0)
mem[X,0x0000000080002462] -> 0x0513
mem[X,0x0000000080002464] -> 0xAAA5
[2514] [M]: 0x0000000080002462 (0xAAA50513) addi x10, x10, -0x556                   inst_363+4
x10 <- 0xFFFFFFFFAAAAAAAA

mem[X,0x0000000080002466] -> 0x1513
mem[X,0x0000000080002468] -> 0x00B5
[2515] [M]: 0x0000000080002466 (0x00B51513) slli x10, x10, 0xb                      inst_363+8
x10 <- 0xFFFFFD5555555000

clint mtime 0x00000000000004EA (mip.MTI <- 0b1, mip.STI <- 0b0)
mem[X,0x000000008000246A] -> 0x0513
mem[X,0x000000008000246C] -> 0x5555
[2516] [M]: 0x000000008000246A (0x55550513) addi x10, x10, 0x555                    inst_363+12
x10 <- 0xFFFFFD5555555555

mem[X,0x000000008000246E] -> 0x1513
mem[X,0x0000000080002470] -> 0x00B5
[2517] [M]: 0x000000008000246E (0x00B51513) slli x10, x10, 0xb                      inst_363+16
x10 <- 0xFFEAAAAAAAAAA800

clint mtime 0x00000000000004EB (mip.MTI <- 0b1, mip.STI <- 0b0)
mem[X,0x0000000080002472] -> 0x0513
mem[X,0x0000000080002474] -> 0x2AA5
[2518] [M]: 0x0000000080002472 (0x2AA50513) addi x10, x10, 0x2aa                    inst_363+20
x10 <- 0xFFEAAAAAAAAAAAAA

mem[X,0x0000000080002476] -> 0x1513
mem[X,0x0000000080002478] -> 0x00A5
[2519] [M]: 0x0000000080002476 (0x00A51513) slli x10, x10, 0xa                      inst_363+24
x10 <- 0xAAAAAAAAAAAAA800

clint mtime 0x00000000000004EC (mip.MTI <- 0b1, mip.STI <- 0b0)
mem[X,0x000000008000247A] -> 0x0513
mem[X,0x000000008000247C] -> 0x2AB5
[2520] [M]: 0x000000008000247A (0x2AB50513) addi x10, x10, 0x2ab                    inst_363+28
x10 <- 0xAAAAAAAAAAAAAAAB

mem[X,0x000000008000247E] -> 0x0509
[2521] [M]: 0x000000008000247E (0x0509) c.addi x10, 0x2                             inst_363+32
x10 <- 0xAAAAAAAAAAAAAAAD

clint mtime 0x00000000000004ED (mip.MTI <- 0b1, mip.STI <- 0b0)
mem[X,0x0000000080002480] -> 0xBC23
mem[X,0x0000000080002482] -> 0x26A0
[2522] [M]: 0x0000000080002480 (0x26A0BC23) sd x10, 0x278(x1)                       inst_363+34
mem[W,0x0000000080005C70] <- 0xAAAAAAAAAAAAAAAD

mem[X,0x0000000080002484] -> 0xB537
mem[X,0x0000000080002486] -> 0xAAAA
[2523] [M]: 0x0000000080002484 (0xAAAAB537) lui x10, -0x55555                       inst_364+0
x10 <- 0xFFFFFFFFAAAAB000

clint mtime 0x00000000000004EE (mip.MTI <- 0b1, mip.STI <- 0b0)
mem[X,0x0000000080002488] -> 0x0513
mem[X,0x000000008000248A] -> 0xAAA5
[2524] [M]: 0x0000000080002488 (0xAAA50513) addi x10, x10, -0x556                   inst_364+4
x10 <- 0xFFFFFFFFAAAAAAAA

mem[X,0x000000008000248C] -> 0x1513
mem[X,0x000000008000248E] -> 0x00B5
[2525] [M]: 0x000000008000248C (0x00B51513) slli x10, x10, 0xb                      inst_364+8
x10 <- 0xFFFFFD5555555000

clint mtime 0x00000000000004EF (mip.MTI <- 0b1, mip.STI <- 0b0)
mem[X,0x0000000080002490] -> 0x0513
mem[X,0x0000000080002492] -> 0x5555
[2526] [M]: 0x0000000080002490 (0x55550513) addi x10, x10, 0x555                    inst_364+12
x10 <- 0xFFFFFD5555555555

mem[X,0x0000000080002494] -> 0x1513
mem[X,0x0000000080002496] -> 0x00B5
[2527] [M]: 0x0000000080002494 (0x00B51513) slli x10, x10, 0xb                      inst_364+16
x10 <- 0xFFEAAAAAAAAAA800

clint mtime 0x00000000000004F0 (mip.MTI <- 0b1, mip.STI <- 0b0)
mem[X,0x0000000080002498] -> 0x0513
mem[X,0x000000008000249A] -> 0x2AA5
[2528] [M]: 0x0000000080002498 (0x2AA50513) addi x10, x10, 0x2aa                    inst_364+20
x10 <- 0xFFEAAAAAAAAAAAAA

mem[X,0x000000008000249C] -> 0x1513
mem[X,0x000000008000249E] -> 0x00A5
[2529] [M]: 0x000000008000249C (0x00A51513) slli x10, x10, 0xa                      inst_364+24
x10 <- 0xAAAAAAAAAAAAA800

clint mtime 0x00000000000004F1 (mip.MTI <- 0b1, mip.STI <- 0b0)
mem[X,0x00000000800024A0] -> 0x0513
mem[X,0x00000000800024A2] -> 0x2AB5
[2530] [M]: 0x00000000800024A0 (0x2AB50513) addi x10, x10, 0x2ab                    inst_364+28
x10 <- 0xAAAAAAAAAAAAAAAB

mem[X,0x00000000800024A4] -> 0x0511
[2531] [M]: 0x00000000800024A4 (0x0511) c.addi x10, 0x4                             inst_364+32
x10 <- 0xAAAAAAAAAAAAAAAF

clint mtime 0x00000000000004F2 (mip.MTI <- 0b1, mip.STI <- 0b0)
mem[X,0x00000000800024A6] -> 0xB023
mem[X,0x00000000800024A8] -> 0x28A0
[2532] [M]: 0x00000000800024A6 (0x28A0B023) sd x10, 0x280(x1)                       inst_364+34
mem[W,0x0000000080005C78] <- 0xAAAAAAAAAAAAAAAF

mem[X,0x00000000800024AA] -> 0xB537
mem[X,0x00000000800024AC] -> 0xAAAA
[2533] [M]: 0x00000000800024AA (0xAAAAB537) lui x10, -0x55555                       inst_365+0
x10 <- 0xFFFFFFFFAAAAB000

clint mtime 0x00000000000004F3 (mip.MTI <- 0b1, mip.STI <- 0b0)
mem[X,0x00000000800024AE] -> 0x0513
mem[X,0x00000000800024B0] -> 0xAAA5
[2534] [M]: 0x00000000800024AE (0xAAA50513) addi x10, x10, -0x556                   inst_365+4
x10 <- 0xFFFFFFFFAAAAAAAA

mem[X,0x00000000800024B2] -> 0x1513
mem[X,0x00000000800024B4] -> 0x00B5
[2535] [M]: 0x00000000800024B2 (0x00B51513) slli x10, x10, 0xb                      inst_365+8
x10 <- 0xFFFFFD5555555000

clint mtime 0x00000000000004F4 (mip.MTI <- 0b1, mip.STI <- 0b0)
mem[X,0x00000000800024B6] -> 0x0513
mem[X,0x00000000800024B8] -> 0x5555
[2536] [M]: 0x00000000800024B6 (0x55550513) addi x10, x10, 0x555                    inst_365+12
x10 <- 0xFFFFFD5555555555

mem[X,0x00000000800024BA] -> 0x1513
mem[X,0x00000000800024BC] -> 0x00B5
[2537] [M]: 0x00000000800024BA (0x00B51513) slli x10, x10, 0xb                      inst_365+16
x10 <- 0xFFEAAAAAAAAAA800

clint mtime 0x00000000000004F5 (mip.MTI <- 0b1, mip.STI <- 0b0)
mem[X,0x00000000800024BE] -> 0x0513
mem[X,0x00000000800024C0] -> 0x2AA5
[2538] [M]: 0x00000000800024BE (0x2AA50513) addi x10, x10, 0x2aa                    inst_365+20
x10 <- 0xFFEAAAAAAAAAAAAA

mem[X,0x00000000800024C2] -> 0x1513
mem[X,0x00000000800024C4] -> 0x00A5
[2539] [M]: 0x00000000800024C2 (0x00A51513) slli x10, x10, 0xa                      inst_365+24
x10 <- 0xAAAAAAAAAAAAA800

clint mtime 0x00000000000004F6 (mip.MTI <- 0b1, mip.STI <- 0b0)
mem[X,0x00000000800024C6] -> 0x0513
mem[X,0x00000000800024C8] -> 0x2AB5
[2540] [M]: 0x00000000800024C6 (0x2AB50513) addi x10, x10, 0x2ab                    inst_365+28
x10 <- 0xAAAAAAAAAAAAAAAB

mem[X,0x00000000800024CA] -> 0x0525
[2541] [M]: 0x00000000800024CA (0x0525) c.addi x10, 0x9                             inst_365+32
x10 <- 0xAAAAAAAAAAAAAAB4

clint mtime 0x00000000000004F7 (mip.MTI <- 0b1, mip.STI <- 0b0)
mem[X,0x00000000800024CC] -> 0xB423
mem[X,0x00000000800024CE] -> 0x28A0
[2542] [M]: 0x00000000800024CC (0x28A0B423) sd x10, 0x288(x1)                       inst_365+34
mem[W,0x0000000080005C80] <- 0xAAAAAAAAAAAAAAB4

mem[X,0x00000000800024D0] -> 0xB537
mem[X,0x00000000800024D2] -> 0xAAAA
[2543] [M]: 0x00000000800024D0 (0xAAAAB537) lui x10, -0x55555                       inst_366+0
x10 <- 0xFFFFFFFFAAAAB000

clint mtime 0x00000000000004F8 (mip.MTI <- 0b1, mip.STI <- 0b0)
mem[X,0x00000000800024D4] -> 0x0513
mem[X,0x00000000800024D6] -> 0xAAA5
[2544] [M]: 0x00000000800024D4 (0xAAA50513) addi x10, x10, -0x556                   inst_366+4
x10 <- 0xFFFFFFFFAAAAAAAA

mem[X,0x00000000800024D8] -> 0x1513
mem[X,0x00000000800024DA] -> 0x00B5
[2545] [M]: 0x00000000800024D8 (0x00B51513) slli x10, x10, 0xb                      inst_366+8
x10 <- 0xFFFFFD5555555000

clint mtime 0x00000000000004F9 (mip.MTI <- 0b1, mip.STI <- 0b0)
mem[X,0x00000000800024DC] -> 0x0513
mem[X,0x00000000800024DE] -> 0x5555
[2546] [M]: 0x00000000800024DC (0x55550513) addi x10, x10, 0x555                    inst_366+12
x10 <- 0xFFFFFD5555555555

mem[X,0x00000000800024E0] -> 0x1513
mem[X,0x00000000800024E2] -> 0x00B5
[2547] [M]: 0x00000000800024E0 (0x00B51513) slli x10, x10, 0xb                      inst_366+16
x10 <- 0xFFEAAAAAAAAAA800

clint mtime 0x00000000000004FA (mip.MTI <- 0b1, mip.STI <- 0b0)
mem[X,0x00000000800024E4] -> 0x0513
mem[X,0x00000000800024E6] -> 0x2AA5
[2548] [M]: 0x00000000800024E4 (0x2AA50513) addi x10, x10, 0x2aa                    inst_366+20
x10 <- 0xFFEAAAAAAAAAAAAA

mem[X,0x00000000800024E8] -> 0x1513
mem[X,0x00000000800024EA] -> 0x00A5
[2549] [M]: 0x00000000800024E8 (0x00A51513) slli x10, x10, 0xa                      inst_366+24
x10 <- 0xAAAAAAAAAAAAA800

clint mtime 0x00000000000004FB (mip.MTI <- 0b1, mip.STI <- 0b0)
mem[X,0x00000000800024EC] -> 0x0513
mem[X,0x00000000800024EE] -> 0x2AB5
[2550] [M]: 0x00000000800024EC (0x2AB50513) addi x10, x10, 0x2ab                    inst_366+28
x10 <- 0xAAAAAAAAAAAAAAAB

mem[X,0x00000000800024F0] -> 0x0501
[2551] [M]: 0x00000000800024F0 (0x0501) c.addi x10, 0x0                             inst_366+32
x10 <- 0xAAAAAAAAAAAAAAAB

clint mtime 0x00000000000004FC (mip.MTI <- 0b1, mip.STI <- 0b0)
mem[X,0x00000000800024F2] -> 0xB823
mem[X,0x00000000800024F4] -> 0x28A0
[2552] [M]: 0x00000000800024F2 (0x28A0B823) sd x10, 0x290(x1)                       inst_366+34
mem[W,0x0000000080005C88] <- 0xAAAAAAAAAAAAAAAB

mem[X,0x00000000800024F6] -> 0xB537
mem[X,0x00000000800024F8] -> 0xAAAA
[2553] [M]: 0x00000000800024F6 (0xAAAAB537) lui x10, -0x55555                       inst_367+0
x10 <- 0xFFFFFFFFAAAAB000

clint mtime 0x00000000000004FD (mip.MTI <- 0b1, mip.STI <- 0b0)
mem[X,0x00000000800024FA] -> 0x0513
mem[X,0x00000000800024FC] -> 0xAAA5
[2554] [M]: 0x00000000800024FA (0xAAA50513) addi x10, x10, -0x556                   inst_367+4
x10 <- 0xFFFFFFFFAAAAAAAA

mem[X,0x00000000800024FE] -> 0x1513
mem[X,0x0000000080002500] -> 0x00B5
[2555] [M]: 0x00000000800024FE (0x00B51513) slli x10, x10, 0xb                      inst_367+8
x10 <- 0xFFFFFD5555555000

clint mtime 0x00000000000004FE (mip.MTI <- 0b1, mip.STI <- 0b0)
mem[X,0x0000000080002502] -> 0x0513
mem[X,0x0000000080002504] -> 0x5555
[2556] [M]: 0x0000000080002502 (0x55550513) addi x10, x10, 0x555                    inst_367+12
x10 <- 0xFFFFFD5555555555

mem[X,0x0000000080002506] -> 0x1513
mem[X,0x0000000080002508] -> 0x00B5
[2557] [M]: 0x0000000080002506 (0x00B51513) slli x10, x10, 0xb                      inst_367+16
x10 <- 0xFFEAAAAAAAAAA800

clint mtime 0x00000000000004FF (mip.MTI <- 0b1, mip.STI <- 0b0)
mem[X,0x000000008000250A] -> 0x0513
mem[X,0x000000008000250C] -> 0x2AA5
[2558] [M]: 0x000000008000250A (0x2AA50513) addi x10, x10, 0x2aa                    inst_367+20
x10 <- 0xFFEAAAAAAAAAAAAA

mem[X,0x000000008000250E] -> 0x1513
mem[X,0x0000000080002510] -> 0x00A5
[2559] [M]: 0x000000008000250E (0x00A51513) slli x10, x10, 0xa                      inst_367+24
x10 <- 0xAAAAAAAAAAAAA800

clint mtime 0x0000000000000500 (mip.MTI <- 0b1, mip.STI <- 0b0)
mem[X,0x0000000080002512] -> 0x0513
mem[X,0x0000000080002514] -> 0x2AB5
[2560] [M]: 0x0000000080002512 (0x2AB50513) addi x10, x10, 0x2ab                    inst_367+28
x10 <- 0xAAAAAAAAAAAAAAAB

mem[X,0x0000000080002516] -> 0x052D
[2561] [M]: 0x0000000080002516 (0x052D) c.addi x10, 0xb                             inst_367+32
x10 <- 0xAAAAAAAAAAAAAAB6

clint mtime 0x0000000000000501 (mip.MTI <- 0b1, mip.STI <- 0b0)
mem[X,0x0000000080002518] -> 0xBC23
mem[X,0x000000008000251A] -> 0x28A0
[2562] [M]: 0x0000000080002518 (0x28A0BC23) sd x10, 0x298(x1)                       inst_367+34
mem[W,0x0000000080005C90] <- 0xAAAAAAAAAAAAAAB6

mem[X,0x000000008000251C] -> 0xB537
mem[X,0x000000008000251E] -> 0xAAAA
[2563] [M]: 0x000000008000251C (0xAAAAB537) lui x10, -0x55555                       inst_368+0
x10 <- 0xFFFFFFFFAAAAB000

clint mtime 0x0000000000000502 (mip.MTI <- 0b1, mip.STI <- 0b0)
mem[X,0x0000000080002520] -> 0x0513
mem[X,0x0000000080002522] -> 0xAAA5
[2564] [M]: 0x0000000080002520 (0xAAA50513) addi x10, x10, -0x556                   inst_368+4
x10 <- 0xFFFFFFFFAAAAAAAA

mem[X,0x0000000080002524] -> 0x1513
mem[X,0x0000000080002526] -> 0x00B5
[2565] [M]: 0x0000000080002524 (0x00B51513) slli x10, x10, 0xb                      inst_368+8
x10 <- 0xFFFFFD5555555000

clint mtime 0x0000000000000503 (mip.MTI <- 0b1, mip.STI <- 0b0)
mem[X,0x0000000080002528] -> 0x0513
mem[X,0x000000008000252A] -> 0x5555
[2566] [M]: 0x0000000080002528 (0x55550513) addi x10, x10, 0x555                    inst_368+12
x10 <- 0xFFFFFD5555555555

mem[X,0x000000008000252C] -> 0x1513
mem[X,0x000000008000252E] -> 0x00B5
[2567] [M]: 0x000000008000252C (0x00B51513) slli x10, x10, 0xb                      inst_368+16
x10 <- 0xFFEAAAAAAAAAA800

clint mtime 0x0000000000000504 (mip.MTI <- 0b1, mip.STI <- 0b0)
mem[X,0x0000000080002530] -> 0x0513
mem[X,0x0000000080002532] -> 0x2AA5
[2568] [M]: 0x0000000080002530 (0x2AA50513) addi x10, x10, 0x2aa                    inst_368+20
x10 <- 0xFFEAAAAAAAAAAAAA

mem[X,0x0000000080002534] -> 0x1513
mem[X,0x0000000080002536] -> 0x00A5
[2569] [M]: 0x0000000080002534 (0x00A51513) slli x10, x10, 0xa                      inst_368+24
x10 <- 0xAAAAAAAAAAAAA800

clint mtime 0x0000000000000505 (mip.MTI <- 0b1, mip.STI <- 0b0)
mem[X,0x0000000080002538] -> 0x0513
mem[X,0x000000008000253A] -> 0x2AB5
[2570] [M]: 0x0000000080002538 (0x2AB50513) addi x10, x10, 0x2ab                    inst_368+28
x10 <- 0xAAAAAAAAAAAAAAAB

mem[X,0x000000008000253C] -> 0x051D
[2571] [M]: 0x000000008000253C (0x051D) c.addi x10, 0x7                             inst_368+32
x10 <- 0xAAAAAAAAAAAAAAB2

clint mtime 0x0000000000000506 (mip.MTI <- 0b1, mip.STI <- 0b0)
mem[X,0x000000008000253E] -> 0xB023
mem[X,0x0000000080002540] -> 0x2AA0
[2572] [M]: 0x000000008000253E (0x2AA0B023) sd x10, 0x2a0(x1)                       inst_368+34
mem[W,0x0000000080005C98] <- 0xAAAAAAAAAAAAAAB2

mem[X,0x0000000080002542] -> 0xB537
mem[X,0x0000000080002544] -> 0xAAAA
[2573] [M]: 0x0000000080002542 (0xAAAAB537) lui x10, -0x55555                       inst_369+0
x10 <- 0xFFFFFFFFAAAAB000

clint mtime 0x0000000000000507 (mip.MTI <- 0b1, mip.STI <- 0b0)
mem[X,0x0000000080002546] -> 0x0513
mem[X,0x0000000080002548] -> 0xAAA5
[2574] [M]: 0x0000000080002546 (0xAAA50513) addi x10, x10, -0x556                   inst_369+4
x10 <- 0xFFFFFFFFAAAAAAAA

mem[X,0x000000008000254A] -> 0x1513
mem[X,0x000000008000254C] -> 0x00B5
[2575] [M]: 0x000000008000254A (0x00B51513) slli x10, x10, 0xb                      inst_369+8
x10 <- 0xFFFFFD5555555000

clint mtime 0x0000000000000508 (mip.MTI <- 0b1, mip.STI <- 0b0)
mem[X,0x000000008000254E] -> 0x0513
mem[X,0x0000000080002550] -> 0x5555
[2576] [M]: 0x000000008000254E (0x55550513) addi x10, x10, 0x555                    inst_369+12
x10 <- 0xFFFFFD5555555555

mem[X,0x0000000080002552] -> 0x1513
mem[X,0x0000000080002554] -> 0x00B5
[2577] [M]: 0x0000000080002552 (0x00B51513) slli x10, x10, 0xb                      inst_369+16
x10 <- 0xFFEAAAAAAAAAA800

clint mtime 0x0000000000000509 (mip.MTI <- 0b1, mip.STI <- 0b0)
mem[X,0x0000000080002556] -> 0x0513
mem[X,0x0000000080002558] -> 0x2AA5
[2578] [M]: 0x0000000080002556 (0x2AA50513) addi x10, x10, 0x2aa                    inst_369+20
x10 <- 0xFFEAAAAAAAAAAAAA

mem[X,0x000000008000255A] -> 0x1513
mem[X,0x000000008000255C] -> 0x00A5
[2579] [M]: 0x000000008000255A (0x00A51513) slli x10, x10, 0xa                      inst_369+24
x10 <- 0xAAAAAAAAAAAAA800

clint mtime 0x000000000000050A (mip.MTI <- 0b1, mip.STI <- 0b0)
mem[X,0x000000008000255E] -> 0x0513
mem[X,0x0000000080002560] -> 0x2AB5
[2580] [M]: 0x000000008000255E (0x2AB50513) addi x10, x10, 0x2ab                    inst_369+28
x10 <- 0xAAAAAAAAAAAAAAAB

mem[X,0x0000000080002562] -> 0x157D
[2581] [M]: 0x0000000080002562 (0x157D) c.addi x10, -0x1                            inst_369+32
x10 <- 0xAAAAAAAAAAAAAAAA

clint mtime 0x000000000000050B (mip.MTI <- 0b1, mip.STI <- 0b0)
mem[X,0x0000000080002564] -> 0xB423
mem[X,0x0000000080002566] -> 0x2AA0
[2582] [M]: 0x0000000080002564 (0x2AA0B423) sd x10, 0x2a8(x1)                       inst_369+34
mem[W,0x0000000080005CA0] <- 0xAAAAAAAAAAAAAAAA

mem[X,0x0000000080002568] -> 0xB537
mem[X,0x000000008000256A] -> 0xAAAA
[2583] [M]: 0x0000000080002568 (0xAAAAB537) lui x10, -0x55555                       inst_370+0
x10 <- 0xFFFFFFFFAAAAB000

clint mtime 0x000000000000050C (mip.MTI <- 0b1, mip.STI <- 0b0)
mem[X,0x000000008000256C] -> 0x0513
mem[X,0x000000008000256E] -> 0xAAA5
[2584] [M]: 0x000000008000256C (0xAAA50513) addi x10, x10, -0x556                   inst_370+4
x10 <- 0xFFFFFFFFAAAAAAAA

mem[X,0x0000000080002570] -> 0x1513
mem[X,0x0000000080002572] -> 0x00B5
[2585] [M]: 0x0000000080002570 (0x00B51513) slli x10, x10, 0xb                      inst_370+8
x10 <- 0xFFFFFD5555555000

clint mtime 0x000000000000050D (mip.MTI <- 0b1, mip.STI <- 0b0)
mem[X,0x0000000080002574] -> 0x0513
mem[X,0x0000000080002576] -> 0x5555
[2586] [M]: 0x0000000080002574 (0x55550513) addi x10, x10, 0x555                    inst_370+12
x10 <- 0xFFFFFD5555555555

mem[X,0x0000000080002578] -> 0x1513
mem[X,0x000000008000257A] -> 0x00B5
[2587] [M]: 0x0000000080002578 (0x00B51513) slli x10, x10, 0xb                      inst_370+16
x10 <- 0xFFEAAAAAAAAAA800

clint mtime 0x000000000000050E (mip.MTI <- 0b1, mip.STI <- 0b0)
mem[X,0x000000008000257C] -> 0x0513
mem[X,0x000000008000257E] -> 0x2AA5
[2588] [M]: 0x000000008000257C (0x2AA50513) addi x10, x10, 0x2aa                    inst_370+20
x10 <- 0xFFEAAAAAAAAAAAAA

mem[X,0x0000000080002580] -> 0x1513
mem[X,0x0000000080002582] -> 0x00A5
[2589] [M]: 0x0000000080002580 (0x00A51513) slli x10, x10, 0xa                      inst_370+24
x10 <- 0xAAAAAAAAAAAAA800

clint mtime 0x000000000000050F (mip.MTI <- 0b1, mip.STI <- 0b0)
mem[X,0x0000000080002584] -> 0x0513
mem[X,0x0000000080002586] -> 0x2AB5
[2590] [M]: 0x0000000080002584 (0x2AB50513) addi x10, x10, 0x2ab                    inst_370+28
x10 <- 0xAAAAAAAAAAAAAAAB

mem[X,0x0000000080002588] -> 0x1571
[2591] [M]: 0x0000000080002588 (0x1571) c.addi x10, -0x4                            inst_370+32
x10 <- 0xAAAAAAAAAAAAAAA7

clint mtime 0x0000000000000510 (mip.MTI <- 0b1, mip.STI <- 0b0)
mem[X,0x000000008000258A] -> 0xB823
mem[X,0x000000008000258C] -> 0x2AA0
[2592] [M]: 0x000000008000258A (0x2AA0B823) sd x10, 0x2b0(x1)                       inst_370+34
mem[W,0x0000000080005CA8] <- 0xAAAAAAAAAAAAAAA7

mem[X,0x000000008000258E] -> 0x0513
mem[X,0x0000000080002590] -> 0x0060
[2593] [M]: 0x000000008000258E (0x00600513) addi x10, x0, 0x6                       inst_371+0
x10 <- 0x0000000000000006

clint mtime 0x0000000000000511 (mip.MTI <- 0b1, mip.STI <- 0b0)
mem[X,0x0000000080002592] -> 0x050D
[2594] [M]: 0x0000000080002592 (0x050D) c.addi x10, 0x3                             inst_371+4
x10 <- 0x0000000000000009

mem[X,0x0000000080002594] -> 0xBC23
mem[X,0x0000000080002596] -> 0x2AA0
[2595] [M]: 0x0000000080002594 (0x2AA0BC23) sd x10, 0x2b8(x1)                       inst_371+6
mem[W,0x0000000080005CB0] <- 0x0000000000000009

clint mtime 0x0000000000000512 (mip.MTI <- 0b1, mip.STI <- 0b0)
mem[X,0x0000000080002598] -> 0x0513
mem[X,0x000000008000259A] -> 0x0060
[2596] [M]: 0x0000000080002598 (0x00600513) addi x10, x0, 0x6                       inst_372+0
x10 <- 0x0000000000000006

mem[X,0x000000008000259C] -> 0x0515
[2597] [M]: 0x000000008000259C (0x0515) c.addi x10, 0x5                             inst_372+4
x10 <- 0x000000000000000B

clint mtime 0x0000000000000513 (mip.MTI <- 0b1, mip.STI <- 0b0)
mem[X,0x000000008000259E] -> 0xB023
mem[X,0x00000000800025A0] -> 0x2CA0
[2598] [M]: 0x000000008000259E (0x2CA0B023) sd x10, 0x2c0(x1)                       inst_372+6
mem[W,0x0000000080005CB8] <- 0x000000000000000B

mem[X,0x00000000800025A2] -> 0x0513
mem[X,0x00000000800025A4] -> 0x0060
[2599] [M]: 0x00000000800025A2 (0x00600513) addi x10, x0, 0x6                       inst_373+0
x10 <- 0x0000000000000006

clint mtime 0x0000000000000514 (mip.MTI <- 0b1, mip.STI <- 0b0)
mem[X,0x00000000800025A6] -> 0x0529
[2600] [M]: 0x00000000800025A6 (0x0529) c.addi x10, 0xa                             inst_373+4
x10 <- 0x0000000000000010

mem[X,0x00000000800025A8] -> 0xB423
mem[X,0x00000000800025AA] -> 0x2CA0
[2601] [M]: 0x00000000800025A8 (0x2CA0B423) sd x10, 0x2c8(x1)                       inst_373+6
mem[W,0x0000000080005CC0] <- 0x0000000000000010

clint mtime 0x0000000000000515 (mip.MTI <- 0b1, mip.STI <- 0b0)
mem[X,0x00000000800025AC] -> 0x0513
mem[X,0x00000000800025AE] -> 0x0060
[2602] [M]: 0x00000000800025AC (0x00600513) addi x10, x0, 0x6                       inst_374+0
x10 <- 0x0000000000000006

mem[X,0x00000000800025B0] -> 0x0519
[2603] [M]: 0x00000000800025B0 (0x0519) c.addi x10, 0x6                             inst_374+4
x10 <- 0x000000000000000C

clint mtime 0x0000000000000516 (mip.MTI <- 0b1, mip.STI <- 0b0)
mem[X,0x00000000800025B2] -> 0xB823
mem[X,0x00000000800025B4] -> 0x2CA0
[2604] [M]: 0x00000000800025B2 (0x2CA0B823) sd x10, 0x2d0(x1)                       inst_374+6
mem[W,0x0000000080005CC8] <- 0x000000000000000C

mem[X,0x00000000800025B6] -> 0x0513
mem[X,0x00000000800025B8] -> 0x0060
[2605] [M]: 0x00000000800025B6 (0x00600513) addi x10, x0, 0x6                       inst_375+0
x10 <- 0x0000000000000006

clint mtime 0x0000000000000517 (mip.MTI <- 0b1, mip.STI <- 0b0)
mem[X,0x00000000800025BA] -> 0x1579
[2606] [M]: 0x00000000800025BA (0x1579) c.addi x10, -0x2                            inst_375+4
x10 <- 0x0000000000000004

mem[X,0x00000000800025BC] -> 0xBC23
mem[X,0x00000000800025BE] -> 0x2CA0
[2607] [M]: 0x00000000800025BC (0x2CA0BC23) sd x10, 0x2d8(x1)                       inst_375+6
mem[W,0x0000000080005CD0] <- 0x0000000000000004

clint mtime 0x0000000000000518 (mip.MTI <- 0b1, mip.STI <- 0b0)
mem[X,0x00000000800025C0] -> 0x0513
mem[X,0x00000000800025C2] -> 0x0060
[2608] [M]: 0x00000000800025C0 (0x00600513) addi x10, x0, 0x6                       inst_376+0
x10 <- 0x0000000000000006

mem[X,0x00000000800025C4] -> 0x156D
[2609] [M]: 0x00000000800025C4 (0x156D) c.addi x10, -0x5                            inst_376+4
x10 <- 0x0000000000000001

clint mtime 0x0000000000000519 (mip.MTI <- 0b1, mip.STI <- 0b0)
mem[X,0x00000000800025C6] -> 0xB023
mem[X,0x00000000800025C8] -> 0x2EA0
[2610] [M]: 0x00000000800025C6 (0x2EA0B023) sd x10, 0x2e0(x1)                       inst_376+6
mem[W,0x0000000080005CD8] <- 0x0000000000000001

mem[X,0x00000000800025CA] -> 0x0513
mem[X,0x00000000800025CC] -> 0x0060
[2611] [M]: 0x00000000800025CA (0x00600513) addi x10, x0, 0x6                       inst_377+0
x10 <- 0x0000000000000006

clint mtime 0x000000000000051A (mip.MTI <- 0b1, mip.STI <- 0b0)
mem[X,0x00000000800025CE] -> 0x0509
[2612] [M]: 0x00000000800025CE (0x0509) c.addi x10, 0x2                             inst_377+4
x10 <- 0x0000000000000008

mem[X,0x00000000800025D0] -> 0xB423
mem[X,0x00000000800025D2] -> 0x2EA0
[2613] [M]: 0x00000000800025D0 (0x2EA0B423) sd x10, 0x2e8(x1)                       inst_377+6
mem[W,0x0000000080005CE0] <- 0x0000000000000008

clint mtime 0x000000000000051B (mip.MTI <- 0b1, mip.STI <- 0b0)
mem[X,0x00000000800025D4] -> 0x0513
mem[X,0x00000000800025D6] -> 0x0060
[2614] [M]: 0x00000000800025D4 (0x00600513) addi x10, x0, 0x6                       inst_378+0
x10 <- 0x0000000000000006

mem[X,0x00000000800025D8] -> 0x0511
[2615] [M]: 0x00000000800025D8 (0x0511) c.addi x10, 0x4                             inst_378+4
x10 <- 0x000000000000000A

clint mtime 0x000000000000051C (mip.MTI <- 0b1, mip.STI <- 0b0)
mem[X,0x00000000800025DA] -> 0xB823
mem[X,0x00000000800025DC] -> 0x2EA0
[2616] [M]: 0x00000000800025DA (0x2EA0B823) sd x10, 0x2f0(x1)                       inst_378+6
mem[W,0x0000000080005CE8] <- 0x000000000000000A

mem[X,0x00000000800025DE] -> 0x0513
mem[X,0x00000000800025E0] -> 0x0060
[2617] [M]: 0x00000000800025DE (0x00600513) addi x10, x0, 0x6                       inst_379+0
x10 <- 0x0000000000000006

clint mtime 0x000000000000051D (mip.MTI <- 0b1, mip.STI <- 0b0)
mem[X,0x00000000800025E2] -> 0x0525
[2618] [M]: 0x00000000800025E2 (0x0525) c.addi x10, 0x9                             inst_379+4
x10 <- 0x000000000000000F

mem[X,0x00000000800025E4] -> 0xBC23
mem[X,0x00000000800025E6] -> 0x2EA0
[2619] [M]: 0x00000000800025E4 (0x2EA0BC23) sd x10, 0x2f8(x1)                       inst_379+6
mem[W,0x0000000080005CF0] <- 0x000000000000000F

clint mtime 0x000000000000051E (mip.MTI <- 0b1, mip.STI <- 0b0)
mem[X,0x00000000800025E8] -> 0x0513
mem[X,0x00000000800025EA] -> 0x0060
[2620] [M]: 0x00000000800025E8 (0x00600513) addi x10, x0, 0x6                       inst_380+0
x10 <- 0x0000000000000006

mem[X,0x00000000800025EC] -> 0x0501
[2621] [M]: 0x00000000800025EC (0x0501) c.addi x10, 0x0                             inst_380+4
x10 <- 0x0000000000000006

clint mtime 0x000000000000051F (mip.MTI <- 0b1, mip.STI <- 0b0)
mem[X,0x00000000800025EE] -> 0xB023
mem[X,0x00000000800025F0] -> 0x30A0
[2622] [M]: 0x00000000800025EE (0x30A0B023) sd x10, 0x300(x1)                       inst_380+6
mem[W,0x0000000080005CF8] <- 0x0000000000000006

mem[X,0x00000000800025F2] -> 0x0513
mem[X,0x00000000800025F4] -> 0x0060
[2623] [M]: 0x00000000800025F2 (0x00600513) addi x10, x0, 0x6                       inst_381+0
x10 <- 0x0000000000000006

clint mtime 0x0000000000000520 (mip.MTI <- 0b1, mip.STI <- 0b0)
mem[X,0x00000000800025F6] -> 0x052D
[2624] [M]: 0x00000000800025F6 (0x052D) c.addi x10, 0xb                             inst_381+4
x10 <- 0x0000000000000011

mem[X,0x00000000800025F8] -> 0xB423
mem[X,0x00000000800025FA] -> 0x30A0
[2625] [M]: 0x00000000800025F8 (0x30A0B423) sd x10, 0x308(x1)                       inst_381+6
mem[W,0x0000000080005D00] <- 0x0000000000000011

clint mtime 0x0000000000000521 (mip.MTI <- 0b1, mip.STI <- 0b0)
mem[X,0x00000000800025FC] -> 0x0513
mem[X,0x00000000800025FE] -> 0x0060
[2626] [M]: 0x00000000800025FC (0x00600513) addi x10, x0, 0x6                       inst_382+0
x10 <- 0x0000000000000006

mem[X,0x0000000080002600] -> 0x051D
[2627] [M]: 0x0000000080002600 (0x051D) c.addi x10, 0x7                             inst_382+4
x10 <- 0x000000000000000D

clint mtime 0x0000000000000522 (mip.MTI <- 0b1, mip.STI <- 0b0)
mem[X,0x0000000080002602] -> 0xB823
mem[X,0x0000000080002604] -> 0x30A0
[2628] [M]: 0x0000000080002602 (0x30A0B823) sd x10, 0x310(x1)                       inst_382+6
mem[W,0x0000000080005D08] <- 0x000000000000000D

mem[X,0x0000000080002606] -> 0x0513
mem[X,0x0000000080002608] -> 0x0060
[2629] [M]: 0x0000000080002606 (0x00600513) addi x10, x0, 0x6                       inst_383+0
x10 <- 0x0000000000000006

clint mtime 0x0000000000000523 (mip.MTI <- 0b1, mip.STI <- 0b0)
mem[X,0x000000008000260A] -> 0x1571
[2630] [M]: 0x000000008000260A (0x1571) c.addi x10, -0x4                            inst_383+4
x10 <- 0x0000000000000002

mem[X,0x000000008000260C] -> 0xBC23
mem[X,0x000000008000260E] -> 0x30A0
[2631] [M]: 0x000000008000260C (0x30A0BC23) sd x10, 0x318(x1)                       inst_383+6
mem[W,0x0000000080005D10] <- 0x0000000000000002

clint mtime 0x0000000000000524 (mip.MTI <- 0b1, mip.STI <- 0b0)
mem[X,0x0000000080002610] -> 0x3537
mem[X,0x0000000080002612] -> 0x3333
[2632] [M]: 0x0000000080002610 (0x33333537) lui x10, 0x33333                        inst_384+0
x10 <- 0x0000000033333000

mem[X,0x0000000080002614] -> 0x0513
mem[X,0x0000000080002616] -> 0x3335
[2633] [M]: 0x0000000080002614 (0x33350513) addi x10, x10, 0x333                    inst_384+4
x10 <- 0x0000000033333333

clint mtime 0x0000000000000525 (mip.MTI <- 0b1, mip.STI <- 0b0)
mem[X,0x0000000080002618] -> 0x1513
mem[X,0x000000008000261A] -> 0x00B5
[2634] [M]: 0x0000000080002618 (0x00B51513) slli x10, x10, 0xb                      inst_384+8
x10 <- 0x0000019999999800

mem[X,0x000000008000261C] -> 0x0513
mem[X,0x000000008000261E] -> 0x1995
[2635] [M]: 0x000000008000261C (0x19950513) addi x10, x10, 0x199                    inst_384+12
x10 <- 0x0000019999999999

clint mtime 0x0000000000000526 (mip.MTI <- 0b1, mip.STI <- 0b0)
mem[X,0x0000000080002620] -> 0x1513
mem[X,0x0000000080002622] -> 0x00B5
[2636] [M]: 0x0000000080002620 (0x00B51513) slli x10, x10, 0xb                      inst_384+16
x10 <- 0x000CCCCCCCCCC800

mem[X,0x0000000080002624] -> 0x0513
mem[X,0x0000000080002626] -> 0x4CC5
[2637] [M]: 0x0000000080002624 (0x4CC50513) addi x10, x10, 0x4cc                    inst_384+20
x10 <- 0x000CCCCCCCCCCCCC

clint mtime 0x0000000000000527 (mip.MTI <- 0b1, mip.STI <- 0b0)
mem[X,0x0000000080002628] -> 0x1513
mem[X,0x000000008000262A] -> 0x00A5
[2638] [M]: 0x0000000080002628 (0x00A51513) slli x10, x10, 0xa                      inst_384+24
x10 <- 0x3333333333333000

mem[X,0x000000008000262C] -> 0x0513
mem[X,0x000000008000262E] -> 0x3345
[2639] [M]: 0x000000008000262C (0x33450513) addi x10, x10, 0x334                    inst_384+28
x10 <- 0x3333333333333334

clint mtime 0x0000000000000528 (mip.MTI <- 0b1, mip.STI <- 0b0)
mem[X,0x0000000080002630] -> 0x050D
[2640] [M]: 0x0000000080002630 (0x050D) c.addi x10, 0x3                             inst_384+32
x10 <- 0x3333333333333337

mem[X,0x0000000080002632] -> 0xB023
mem[X,0x0000000080002634] -> 0x32A0
[2641] [M]: 0x0000000080002632 (0x32A0B023) sd x10, 0x320(x1)                       inst_384+34
mem[W,0x0000000080005D18] <- 0x3333333333333337

clint mtime 0x0000000000000529 (mip.MTI <- 0b1, mip.STI <- 0b0)
mem[X,0x0000000080002636] -> 0x3537
mem[X,0x0000000080002638] -> 0x3333
[2642] [M]: 0x0000000080002636 (0x33333537) lui x10, 0x33333                        inst_385+0
x10 <- 0x0000000033333000

mem[X,0x000000008000263A] -> 0x0513
mem[X,0x000000008000263C] -> 0x3335
[2643] [M]: 0x000000008000263A (0x33350513) addi x10, x10, 0x333                    inst_385+4
x10 <- 0x0000000033333333

clint mtime 0x000000000000052A (mip.MTI <- 0b1, mip.STI <- 0b0)
mem[X,0x000000008000263E] -> 0x1513
mem[X,0x0000000080002640] -> 0x00B5
[2644] [M]: 0x000000008000263E (0x00B51513) slli x10, x10, 0xb                      inst_385+8
x10 <- 0x0000019999999800

mem[X,0x0000000080002642] -> 0x0513
mem[X,0x0000000080002644] -> 0x1995
[2645] [M]: 0x0000000080002642 (0x19950513) addi x10, x10, 0x199                    inst_385+12
x10 <- 0x0000019999999999

clint mtime 0x000000000000052B (mip.MTI <- 0b1, mip.STI <- 0b0)
mem[X,0x0000000080002646] -> 0x1513
mem[X,0x0000000080002648] -> 0x00B5
[2646] [M]: 0x0000000080002646 (0x00B51513) slli x10, x10, 0xb                      inst_385+16
x10 <- 0x000CCCCCCCCCC800

mem[X,0x000000008000264A] -> 0x0513
mem[X,0x000000008000264C] -> 0x4CC5
[2647] [M]: 0x000000008000264A (0x4CC50513) addi x10, x10, 0x4cc                    inst_385+20
x10 <- 0x000CCCCCCCCCCCCC

clint mtime 0x000000000000052C (mip.MTI <- 0b1, mip.STI <- 0b0)
mem[X,0x000000008000264E] -> 0x1513
mem[X,0x0000000080002650] -> 0x00A5
[2648] [M]: 0x000000008000264E (0x00A51513) slli x10, x10, 0xa                      inst_385+24
x10 <- 0x3333333333333000

mem[X,0x0000000080002652] -> 0x0513
mem[X,0x0000000080002654] -> 0x3345
[2649] [M]: 0x0000000080002652 (0x33450513) addi x10, x10, 0x334                    inst_385+28
x10 <- 0x3333333333333334

clint mtime 0x000000000000052D (mip.MTI <- 0b1, mip.STI <- 0b0)
mem[X,0x0000000080002656] -> 0x0515
[2650] [M]: 0x0000000080002656 (0x0515) c.addi x10, 0x5                             inst_385+32
x10 <- 0x3333333333333339

mem[X,0x0000000080002658] -> 0xB423
mem[X,0x000000008000265A] -> 0x32A0
[2651] [M]: 0x0000000080002658 (0x32A0B423) sd x10, 0x328(x1)                       inst_385+34
mem[W,0x0000000080005D20] <- 0x3333333333333339

clint mtime 0x000000000000052E (mip.MTI <- 0b1, mip.STI <- 0b0)
mem[X,0x000000008000265C] -> 0x3537
mem[X,0x000000008000265E] -> 0x3333
[2652] [M]: 0x000000008000265C (0x33333537) lui x10, 0x33333                        inst_386+0
x10 <- 0x0000000033333000

mem[X,0x0000000080002660] -> 0x0513
mem[X,0x0000000080002662] -> 0x3335
[2653] [M]: 0x0000000080002660 (0x33350513) addi x10, x10, 0x333                    inst_386+4
x10 <- 0x0000000033333333

clint mtime 0x000000000000052F (mip.MTI <- 0b1, mip.STI <- 0b0)
mem[X,0x0000000080002664] -> 0x1513
mem[X,0x0000000080002666] -> 0x00B5
[2654] [M]: 0x0000000080002664 (0x00B51513) slli x10, x10, 0xb                      inst_386+8
x10 <- 0x0000019999999800

mem[X,0x0000000080002668] -> 0x0513
mem[X,0x000000008000266A] -> 0x1995
[2655] [M]: 0x0000000080002668 (0x19950513) addi x10, x10, 0x199                    inst_386+12
x10 <- 0x0000019999999999

clint mtime 0x0000000000000530 (mip.MTI <- 0b1, mip.STI <- 0b0)
mem[X,0x000000008000266C] -> 0x1513
mem[X,0x000000008000266E] -> 0x00B5
[2656] [M]: 0x000000008000266C (0x00B51513) slli x10, x10, 0xb                      inst_386+16
x10 <- 0x000CCCCCCCCCC800

mem[X,0x0000000080002670] -> 0x0513
mem[X,0x0000000080002672] -> 0x4CC5
[2657] [M]: 0x0000000080002670 (0x4CC50513) addi x10, x10, 0x4cc                    inst_386+20
x10 <- 0x000CCCCCCCCCCCCC

clint mtime 0x0000000000000531 (mip.MTI <- 0b1, mip.STI <- 0b0)
mem[X,0x0000000080002674] -> 0x1513
mem[X,0x0000000080002676] -> 0x00A5
[2658] [M]: 0x0000000080002674 (0x00A51513) slli x10, x10, 0xa                      inst_386+24
x10 <- 0x3333333333333000

mem[X,0x0000000080002678] -> 0x0513
mem[X,0x000000008000267A] -> 0x3345
[2659] [M]: 0x0000000080002678 (0x33450513) addi x10, x10, 0x334                    inst_386+28
x10 <- 0x3333333333333334

clint mtime 0x0000000000000532 (mip.MTI <- 0b1, mip.STI <- 0b0)
mem[X,0x000000008000267C] -> 0x0529
[2660] [M]: 0x000000008000267C (0x0529) c.addi x10, 0xa                             inst_386+32
x10 <- 0x333333333333333E

mem[X,0x000000008000267E] -> 0xB823
mem[X,0x0000000080002680] -> 0x32A0
[2661] [M]: 0x000000008000267E (0x32A0B823) sd x10, 0x330(x1)                       inst_386+34
mem[W,0x0000000080005D28] <- 0x333333333333333E

clint mtime 0x0000000000000533 (mip.MTI <- 0b1, mip.STI <- 0b0)
mem[X,0x0000000080002682] -> 0x3537
mem[X,0x0000000080002684] -> 0x3333
[2662] [M]: 0x0000000080002682 (0x33333537) lui x10, 0x33333                        inst_387+0
x10 <- 0x0000000033333000

mem[X,0x0000000080002686] -> 0x0513
mem[X,0x0000000080002688] -> 0x3335
[2663] [M]: 0x0000000080002686 (0x33350513) addi x10, x10, 0x333                    inst_387+4
x10 <- 0x0000000033333333

clint mtime 0x0000000000000534 (mip.MTI <- 0b1, mip.STI <- 0b0)
mem[X,0x000000008000268A] -> 0x1513
mem[X,0x000000008000268C] -> 0x00B5
[2664] [M]: 0x000000008000268A (0x00B51513) slli x10, x10, 0xb                      inst_387+8
x10 <- 0x0000019999999800

mem[X,0x000000008000268E] -> 0x0513
mem[X,0x0000000080002690] -> 0x1995
[2665] [M]: 0x000000008000268E (0x19950513) addi x10, x10, 0x199                    inst_387+12
x10 <- 0x0000019999999999

clint mtime 0x0000000000000535 (mip.MTI <- 0b1, mip.STI <- 0b0)
mem[X,0x0000000080002692] -> 0x1513
mem[X,0x0000000080002694] -> 0x00B5
[2666] [M]: 0x0000000080002692 (0x00B51513) slli x10, x10, 0xb                      inst_387+16
x10 <- 0x000CCCCCCCCCC800

mem[X,0x0000000080002696] -> 0x0513
mem[X,0x0000000080002698] -> 0x4CC5
[2667] [M]: 0x0000000080002696 (0x4CC50513) addi x10, x10, 0x4cc                    inst_387+20
x10 <- 0x000CCCCCCCCCCCCC

clint mtime 0x0000000000000536 (mip.MTI <- 0b1, mip.STI <- 0b0)
mem[X,0x000000008000269A] -> 0x1513
mem[X,0x000000008000269C] -> 0x00A5
[2668] [M]: 0x000000008000269A (0x00A51513) slli x10, x10, 0xa                      inst_387+24
x10 <- 0x3333333333333000

mem[X,0x000000008000269E] -> 0x0513
mem[X,0x00000000800026A0] -> 0x3345
[2669] [M]: 0x000000008000269E (0x33450513) addi x10, x10, 0x334                    inst_387+28
x10 <- 0x3333333333333334

clint mtime 0x0000000000000537 (mip.MTI <- 0b1, mip.STI <- 0b0)
mem[X,0x00000000800026A2] -> 0x0519
[2670] [M]: 0x00000000800026A2 (0x0519) c.addi x10, 0x6                             inst_387+32
x10 <- 0x333333333333333A

mem[X,0x00000000800026A4] -> 0xBC23
mem[X,0x00000000800026A6] -> 0x32A0
[2671] [M]: 0x00000000800026A4 (0x32A0BC23) sd x10, 0x338(x1)                       inst_387+34
mem[W,0x0000000080005D30] <- 0x333333333333333A

clint mtime 0x0000000000000538 (mip.MTI <- 0b1, mip.STI <- 0b0)
mem[X,0x00000000800026A8] -> 0x3537
mem[X,0x00000000800026AA] -> 0x3333
[2672] [M]: 0x00000000800026A8 (0x33333537) lui x10, 0x33333                        inst_388+0
x10 <- 0x0000000033333000

mem[X,0x00000000800026AC] -> 0x0513
mem[X,0x00000000800026AE] -> 0x3335
[2673] [M]: 0x00000000800026AC (0x33350513) addi x10, x10, 0x333                    inst_388+4
x10 <- 0x0000000033333333

clint mtime 0x0000000000000539 (mip.MTI <- 0b1, mip.STI <- 0b0)
mem[X,0x00000000800026B0] -> 0x1513
mem[X,0x00000000800026B2] -> 0x00B5
[2674] [M]: 0x00000000800026B0 (0x00B51513) slli x10, x10, 0xb                      inst_388+8
x10 <- 0x0000019999999800

mem[X,0x00000000800026B4] -> 0x0513
mem[X,0x00000000800026B6] -> 0x1995
[2675] [M]: 0x00000000800026B4 (0x19950513) addi x10, x10, 0x199                    inst_388+12
x10 <- 0x0000019999999999

clint mtime 0x000000000000053A (mip.MTI <- 0b1, mip.STI <- 0b0)
mem[X,0x00000000800026B8] -> 0x1513
mem[X,0x00000000800026BA] -> 0x00B5
[2676] [M]: 0x00000000800026B8 (0x00B51513) slli x10, x10, 0xb                      inst_388+16
x10 <- 0x000CCCCCCCCCC800

mem[X,0x00000000800026BC] -> 0x0513
mem[X,0x00000000800026BE] -> 0x4CC5
[2677] [M]: 0x00000000800026BC (0x4CC50513) addi x10, x10, 0x4cc                    inst_388+20
x10 <- 0x000CCCCCCCCCCCCC

clint mtime 0x000000000000053B (mip.MTI <- 0b1, mip.STI <- 0b0)
mem[X,0x00000000800026C0] -> 0x1513
mem[X,0x00000000800026C2] -> 0x00A5
[2678] [M]: 0x00000000800026C0 (0x00A51513) slli x10, x10, 0xa                      inst_388+24
x10 <- 0x3333333333333000

mem[X,0x00000000800026C4] -> 0x0513
mem[X,0x00000000800026C6] -> 0x3345
[2679] [M]: 0x00000000800026C4 (0x33450513) addi x10, x10, 0x334                    inst_388+28
x10 <- 0x3333333333333334

clint mtime 0x000000000000053C (mip.MTI <- 0b1, mip.STI <- 0b0)
mem[X,0x00000000800026C8] -> 0x1579
[2680] [M]: 0x00000000800026C8 (0x1579) c.addi x10, -0x2                            inst_388+32
x10 <- 0x3333333333333332

mem[X,0x00000000800026CA] -> 0xB023
mem[X,0x00000000800026CC] -> 0x34A0
[2681] [M]: 0x00000000800026CA (0x34A0B023) sd x10, 0x340(x1)                       inst_388+34
mem[W,0x0000000080005D38] <- 0x3333333333333332

clint mtime 0x000000000000053D (mip.MTI <- 0b1, mip.STI <- 0b0)
mem[X,0x00000000800026CE] -> 0x3537
mem[X,0x00000000800026D0] -> 0x3333
[2682] [M]: 0x00000000800026CE (0x33333537) lui x10, 0x33333                        inst_389+0
x10 <- 0x0000000033333000

mem[X,0x00000000800026D2] -> 0x0513
mem[X,0x00000000800026D4] -> 0x3335
[2683] [M]: 0x00000000800026D2 (0x33350513) addi x10, x10, 0x333                    inst_389+4
x10 <- 0x0000000033333333

clint mtime 0x000000000000053E (mip.MTI <- 0b1, mip.STI <- 0b0)
mem[X,0x00000000800026D6] -> 0x1513
mem[X,0x00000000800026D8] -> 0x00B5
[2684] [M]: 0x00000000800026D6 (0x00B51513) slli x10, x10, 0xb                      inst_389+8
x10 <- 0x0000019999999800

mem[X,0x00000000800026DA] -> 0x0513
mem[X,0x00000000800026DC] -> 0x1995
[2685] [M]: 0x00000000800026DA (0x19950513) addi x10, x10, 0x199                    inst_389+12
x10 <- 0x0000019999999999

clint mtime 0x000000000000053F (mip.MTI <- 0b1, mip.STI <- 0b0)
mem[X,0x00000000800026DE] -> 0x1513
mem[X,0x00000000800026E0] -> 0x00B5
[2686] [M]: 0x00000000800026DE (0x00B51513) slli x10, x10, 0xb                      inst_389+16
x10 <- 0x000CCCCCCCCCC800

mem[X,0x00000000800026E2] -> 0x0513
mem[X,0x00000000800026E4] -> 0x4CC5
[2687] [M]: 0x00000000800026E2 (0x4CC50513) addi x10, x10, 0x4cc                    inst_389+20
x10 <- 0x000CCCCCCCCCCCCC

clint mtime 0x0000000000000540 (mip.MTI <- 0b1, mip.STI <- 0b0)
mem[X,0x00000000800026E6] -> 0x1513
mem[X,0x00000000800026E8] -> 0x00A5
[2688] [M]: 0x00000000800026E6 (0x00A51513) slli x10, x10, 0xa                      inst_389+24
x10 <- 0x3333333333333000

mem[X,0x00000000800026EA] -> 0x0513
mem[X,0x00000000800026EC] -> 0x3345
[2689] [M]: 0x00000000800026EA (0x33450513) addi x10, x10, 0x334                    inst_389+28
x10 <- 0x3333333333333334

clint mtime 0x0000000000000541 (mip.MTI <- 0b1, mip.STI <- 0b0)
mem[X,0x00000000800026EE] -> 0x156D
[2690] [M]: 0x00000000800026EE (0x156D) c.addi x10, -0x5                            inst_389+32
x10 <- 0x333333333333332F

mem[X,0x00000000800026F0] -> 0xB423
mem[X,0x00000000800026F2] -> 0x34A0
[2691] [M]: 0x00000000800026F0 (0x34A0B423) sd x10, 0x348(x1)                       inst_389+34
mem[W,0x0000000080005D40] <- 0x333333333333332F

clint mtime 0x0000000000000542 (mip.MTI <- 0b1, mip.STI <- 0b0)
mem[X,0x00000000800026F4] -> 0x3537
mem[X,0x00000000800026F6] -> 0x3333
[2692] [M]: 0x00000000800026F4 (0x33333537) lui x10, 0x33333                        inst_390+0
x10 <- 0x0000000033333000

mem[X,0x00000000800026F8] -> 0x0513
mem[X,0x00000000800026FA] -> 0x3335
[2693] [M]: 0x00000000800026F8 (0x33350513) addi x10, x10, 0x333                    inst_390+4
x10 <- 0x0000000033333333

clint mtime 0x0000000000000543 (mip.MTI <- 0b1, mip.STI <- 0b0)
mem[X,0x00000000800026FC] -> 0x1513
mem[X,0x00000000800026FE] -> 0x00B5
[2694] [M]: 0x00000000800026FC (0x00B51513) slli x10, x10, 0xb                      inst_390+8
x10 <- 0x0000019999999800

mem[X,0x0000000080002700] -> 0x0513
mem[X,0x0000000080002702] -> 0x1995
[2695] [M]: 0x0000000080002700 (0x19950513) addi x10, x10, 0x199                    inst_390+12
x10 <- 0x0000019999999999

clint mtime 0x0000000000000544 (mip.MTI <- 0b1, mip.STI <- 0b0)
mem[X,0x0000000080002704] -> 0x1513
mem[X,0x0000000080002706] -> 0x00B5
[2696] [M]: 0x0000000080002704 (0x00B51513) slli x10, x10, 0xb                      inst_390+16
x10 <- 0x000CCCCCCCCCC800

mem[X,0x0000000080002708] -> 0x0513
mem[X,0x000000008000270A] -> 0x4CC5
[2697] [M]: 0x0000000080002708 (0x4CC50513) addi x10, x10, 0x4cc                    inst_390+20
x10 <- 0x000CCCCCCCCCCCCC

clint mtime 0x0000000000000545 (mip.MTI <- 0b1, mip.STI <- 0b0)
mem[X,0x000000008000270C] -> 0x1513
mem[X,0x000000008000270E] -> 0x00A5
[2698] [M]: 0x000000008000270C (0x00A51513) slli x10, x10, 0xa                      inst_390+24
x10 <- 0x3333333333333000

mem[X,0x0000000080002710] -> 0x0513
mem[X,0x0000000080002712] -> 0x3345
[2699] [M]: 0x0000000080002710 (0x33450513) addi x10, x10, 0x334                    inst_390+28
x10 <- 0x3333333333333334

clint mtime 0x0000000000000546 (mip.MTI <- 0b1, mip.STI <- 0b0)
mem[X,0x0000000080002714] -> 0x0509
[2700] [M]: 0x0000000080002714 (0x0509) c.addi x10, 0x2                             inst_390+32
x10 <- 0x3333333333333336

mem[X,0x0000000080002716] -> 0xB823
mem[X,0x0000000080002718] -> 0x34A0
[2701] [M]: 0x0000000080002716 (0x34A0B823) sd x10, 0x350(x1)                       inst_390+34
mem[W,0x0000000080005D48] <- 0x3333333333333336

clint mtime 0x0000000000000547 (mip.MTI <- 0b1, mip.STI <- 0b0)
mem[X,0x000000008000271A] -> 0x3537
mem[X,0x000000008000271C] -> 0x3333
[2702] [M]: 0x000000008000271A (0x33333537) lui x10, 0x33333                        inst_391+0
x10 <- 0x0000000033333000

mem[X,0x000000008000271E] -> 0x0513
mem[X,0x0000000080002720] -> 0x3335
[2703] [M]: 0x000000008000271E (0x33350513) addi x10, x10, 0x333                    inst_391+4
x10 <- 0x0000000033333333

clint mtime 0x0000000000000548 (mip.MTI <- 0b1, mip.STI <- 0b0)
mem[X,0x0000000080002722] -> 0x1513
mem[X,0x0000000080002724] -> 0x00B5
[2704] [M]: 0x0000000080002722 (0x00B51513) slli x10, x10, 0xb                      inst_391+8
x10 <- 0x0000019999999800

mem[X,0x0000000080002726] -> 0x0513
mem[X,0x0000000080002728] -> 0x1995
[2705] [M]: 0x0000000080002726 (0x19950513) addi x10, x10, 0x199                    inst_391+12
x10 <- 0x0000019999999999

clint mtime 0x0000000000000549 (mip.MTI <- 0b1, mip.STI <- 0b0)
mem[X,0x000000008000272A] -> 0x1513
mem[X,0x000000008000272C] -> 0x00B5
[2706] [M]: 0x000000008000272A (0x00B51513) slli x10, x10, 0xb                      inst_391+16
x10 <- 0x000CCCCCCCCCC800

mem[X,0x000000008000272E] -> 0x0513
mem[X,0x0000000080002730] -> 0x4CC5
[2707] [M]: 0x000000008000272E (0x4CC50513) addi x10, x10, 0x4cc                    inst_391+20
x10 <- 0x000CCCCCCCCCCCCC

clint mtime 0x000000000000054A (mip.MTI <- 0b1, mip.STI <- 0b0)
mem[X,0x0000000080002732] -> 0x1513
mem[X,0x0000000080002734] -> 0x00A5
[2708] [M]: 0x0000000080002732 (0x00A51513) slli x10, x10, 0xa                      inst_391+24
x10 <- 0x3333333333333000

mem[X,0x0000000080002736] -> 0x0513
mem[X,0x0000000080002738] -> 0x3345
[2709] [M]: 0x0000000080002736 (0x33450513) addi x10, x10, 0x334                    inst_391+28
x10 <- 0x3333333333333334

clint mtime 0x000000000000054B (mip.MTI <- 0b1, mip.STI <- 0b0)
mem[X,0x000000008000273A] -> 0x0511
[2710] [M]: 0x000000008000273A (0x0511) c.addi x10, 0x4                             inst_391+32
x10 <- 0x3333333333333338

mem[X,0x000000008000273C] -> 0xBC23
mem[X,0x000000008000273E] -> 0x34A0
[2711] [M]: 0x000000008000273C (0x34A0BC23) sd x10, 0x358(x1)                       inst_391+34
mem[W,0x0000000080005D50] <- 0x3333333333333338

clint mtime 0x000000000000054C (mip.MTI <- 0b1, mip.STI <- 0b0)
mem[X,0x0000000080002740] -> 0x3537
mem[X,0x0000000080002742] -> 0x3333
[2712] [M]: 0x0000000080002740 (0x33333537) lui x10, 0x33333                        inst_392+0
x10 <- 0x0000000033333000

mem[X,0x0000000080002744] -> 0x0513
mem[X,0x0000000080002746] -> 0x3335
[2713] [M]: 0x0000000080002744 (0x33350513) addi x10, x10, 0x333                    inst_392+4
x10 <- 0x0000000033333333

clint mtime 0x000000000000054D (mip.MTI <- 0b1, mip.STI <- 0b0)
mem[X,0x0000000080002748] -> 0x1513
mem[X,0x000000008000274A] -> 0x00B5
[2714] [M]: 0x0000000080002748 (0x00B51513) slli x10, x10, 0xb                      inst_392+8
x10 <- 0x0000019999999800

mem[X,0x000000008000274C] -> 0x0513
mem[X,0x000000008000274E] -> 0x1995
[2715] [M]: 0x000000008000274C (0x19950513) addi x10, x10, 0x199                    inst_392+12
x10 <- 0x0000019999999999

clint mtime 0x000000000000054E (mip.MTI <- 0b1, mip.STI <- 0b0)
mem[X,0x0000000080002750] -> 0x1513
mem[X,0x0000000080002752] -> 0x00B5
[2716] [M]: 0x0000000080002750 (0x00B51513) slli x10, x10, 0xb                      inst_392+16
x10 <- 0x000CCCCCCCCCC800

mem[X,0x0000000080002754] -> 0x0513
mem[X,0x0000000080002756] -> 0x4CC5
[2717] [M]: 0x0000000080002754 (0x4CC50513) addi x10, x10, 0x4cc                    inst_392+20
x10 <- 0x000CCCCCCCCCCCCC

clint mtime 0x000000000000054F (mip.MTI <- 0b1, mip.STI <- 0b0)
mem[X,0x0000000080002758] -> 0x1513
mem[X,0x000000008000275A] -> 0x00A5
[2718] [M]: 0x0000000080002758 (0x00A51513) slli x10, x10, 0xa                      inst_392+24
x10 <- 0x3333333333333000

mem[X,0x000000008000275C] -> 0x0513
mem[X,0x000000008000275E] -> 0x3345
[2719] [M]: 0x000000008000275C (0x33450513) addi x10, x10, 0x334                    inst_392+28
x10 <- 0x3333333333333334

clint mtime 0x0000000000000550 (mip.MTI <- 0b1, mip.STI <- 0b0)
mem[X,0x0000000080002760] -> 0x0525
[2720] [M]: 0x0000000080002760 (0x0525) c.addi x10, 0x9                             inst_392+32
x10 <- 0x333333333333333D

mem[X,0x0000000080002762] -> 0xB023
mem[X,0x0000000080002764] -> 0x36A0
[2721] [M]: 0x0000000080002762 (0x36A0B023) sd x10, 0x360(x1)                       inst_392+34
mem[W,0x0000000080005D58] <- 0x333333333333333D

clint mtime 0x0000000000000551 (mip.MTI <- 0b1, mip.STI <- 0b0)
mem[X,0x0000000080002766] -> 0x3537
mem[X,0x0000000080002768] -> 0x3333
[2722] [M]: 0x0000000080002766 (0x33333537) lui x10, 0x33333                        inst_393+0
x10 <- 0x0000000033333000

mem[X,0x000000008000276A] -> 0x0513
mem[X,0x000000008000276C] -> 0x3335
[2723] [M]: 0x000000008000276A (0x33350513) addi x10, x10, 0x333                    inst_393+4
x10 <- 0x0000000033333333

clint mtime 0x0000000000000552 (mip.MTI <- 0b1, mip.STI <- 0b0)
mem[X,0x000000008000276E] -> 0x1513
mem[X,0x0000000080002770] -> 0x00B5
[2724] [M]: 0x000000008000276E (0x00B51513) slli x10, x10, 0xb                      inst_393+8
x10 <- 0x0000019999999800

mem[X,0x0000000080002772] -> 0x0513
mem[X,0x0000000080002774] -> 0x1995
[2725] [M]: 0x0000000080002772 (0x19950513) addi x10, x10, 0x199                    inst_393+12
x10 <- 0x0000019999999999

clint mtime 0x0000000000000553 (mip.MTI <- 0b1, mip.STI <- 0b0)
mem[X,0x0000000080002776] -> 0x1513
mem[X,0x0000000080002778] -> 0x00B5
[2726] [M]: 0x0000000080002776 (0x00B51513) slli x10, x10, 0xb                      inst_393+16
x10 <- 0x000CCCCCCCCCC800

mem[X,0x000000008000277A] -> 0x0513
mem[X,0x000000008000277C] -> 0x4CC5
[2727] [M]: 0x000000008000277A (0x4CC50513) addi x10, x10, 0x4cc                    inst_393+20
x10 <- 0x000CCCCCCCCCCCCC

clint mtime 0x0000000000000554 (mip.MTI <- 0b1, mip.STI <- 0b0)
mem[X,0x000000008000277E] -> 0x1513
mem[X,0x0000000080002780] -> 0x00A5
[2728] [M]: 0x000000008000277E (0x00A51513) slli x10, x10, 0xa                      inst_393+24
x10 <- 0x3333333333333000

mem[X,0x0000000080002782] -> 0x0513
mem[X,0x0000000080002784] -> 0x3345
[2729] [M]: 0x0000000080002782 (0x33450513) addi x10, x10, 0x334                    inst_393+28
x10 <- 0x3333333333333334

clint mtime 0x0000000000000555 (mip.MTI <- 0b1, mip.STI <- 0b0)
mem[X,0x0000000080002786] -> 0x0501
[2730] [M]: 0x0000000080002786 (0x0501) c.addi x10, 0x0                             inst_393+32
x10 <- 0x3333333333333334

mem[X,0x0000000080002788] -> 0xB423
mem[X,0x000000008000278A] -> 0x36A0
[2731] [M]: 0x0000000080002788 (0x36A0B423) sd x10, 0x368(x1)                       inst_393+34
mem[W,0x0000000080005D60] <- 0x3333333333333334

clint mtime 0x0000000000000556 (mip.MTI <- 0b1, mip.STI <- 0b0)
mem[X,0x000000008000278C] -> 0x3537
mem[X,0x000000008000278E] -> 0x3333
[2732] [M]: 0x000000008000278C (0x33333537) lui x10, 0x33333                        inst_394+0
x10 <- 0x0000000033333000

mem[X,0x0000000080002790] -> 0x0513
mem[X,0x0000000080002792] -> 0x3335
[2733] [M]: 0x0000000080002790 (0x33350513) addi x10, x10, 0x333                    inst_394+4
x10 <- 0x0000000033333333

clint mtime 0x0000000000000557 (mip.MTI <- 0b1, mip.STI <- 0b0)
mem[X,0x0000000080002794] -> 0x1513
mem[X,0x0000000080002796] -> 0x00B5
[2734] [M]: 0x0000000080002794 (0x00B51513) slli x10, x10, 0xb                      inst_394+8
x10 <- 0x0000019999999800

mem[X,0x0000000080002798] -> 0x0513
mem[X,0x000000008000279A] -> 0x1995
[2735] [M]: 0x0000000080002798 (0x19950513) addi x10, x10, 0x199                    inst_394+12
x10 <- 0x0000019999999999

clint mtime 0x0000000000000558 (mip.MTI <- 0b1, mip.STI <- 0b0)
mem[X,0x000000008000279C] -> 0x1513
mem[X,0x000000008000279E] -> 0x00B5
[2736] [M]: 0x000000008000279C (0x00B51513) slli x10, x10, 0xb                      inst_394+16
x10 <- 0x000CCCCCCCCCC800

mem[X,0x00000000800027A0] -> 0x0513
mem[X,0x00000000800027A2] -> 0x4CC5
[2737] [M]: 0x00000000800027A0 (0x4CC50513) addi x10, x10, 0x4cc                    inst_394+20
x10 <- 0x000CCCCCCCCCCCCC

clint mtime 0x0000000000000559 (mip.MTI <- 0b1, mip.STI <- 0b0)
mem[X,0x00000000800027A4] -> 0x1513
mem[X,0x00000000800027A6] -> 0x00A5
[2738] [M]: 0x00000000800027A4 (0x00A51513) slli x10, x10, 0xa                      inst_394+24
x10 <- 0x3333333333333000

mem[X,0x00000000800027A8] -> 0x0513
mem[X,0x00000000800027AA] -> 0x3345
[2739] [M]: 0x00000000800027A8 (0x33450513) addi x10, x10, 0x334                    inst_394+28
x10 <- 0x3333333333333334

clint mtime 0x000000000000055A (mip.MTI <- 0b1, mip.STI <- 0b0)
mem[X,0x00000000800027AC] -> 0x052D
[2740] [M]: 0x00000000800027AC (0x052D) c.addi x10, 0xb                             inst_394+32
x10 <- 0x333333333333333F

mem[X,0x00000000800027AE] -> 0xB823
mem[X,0x00000000800027B0] -> 0x36A0
[2741] [M]: 0x00000000800027AE (0x36A0B823) sd x10, 0x370(x1)                       inst_394+34
mem[W,0x0000000080005D68] <- 0x333333333333333F

clint mtime 0x000000000000055B (mip.MTI <- 0b1, mip.STI <- 0b0)
mem[X,0x00000000800027B2] -> 0x3537
mem[X,0x00000000800027B4] -> 0x3333
[2742] [M]: 0x00000000800027B2 (0x33333537) lui x10, 0x33333                        inst_395+0
x10 <- 0x0000000033333000

mem[X,0x00000000800027B6] -> 0x0513
mem[X,0x00000000800027B8] -> 0x3335
[2743] [M]: 0x00000000800027B6 (0x33350513) addi x10, x10, 0x333                    inst_395+4
x10 <- 0x0000000033333333

clint mtime 0x000000000000055C (mip.MTI <- 0b1, mip.STI <- 0b0)
mem[X,0x00000000800027BA] -> 0x1513
mem[X,0x00000000800027BC] -> 0x00B5
[2744] [M]: 0x00000000800027BA (0x00B51513) slli x10, x10, 0xb                      inst_395+8
x10 <- 0x0000019999999800

mem[X,0x00000000800027BE] -> 0x0513
mem[X,0x00000000800027C0] -> 0x1995
[2745] [M]: 0x00000000800027BE (0x19950513) addi x10, x10, 0x199                    inst_395+12
x10 <- 0x0000019999999999

clint mtime 0x000000000000055D (mip.MTI <- 0b1, mip.STI <- 0b0)
mem[X,0x00000000800027C2] -> 0x1513
mem[X,0x00000000800027C4] -> 0x00B5
[2746] [M]: 0x00000000800027C2 (0x00B51513) slli x10, x10, 0xb                      inst_395+16
x10 <- 0x000CCCCCCCCCC800

mem[X,0x00000000800027C6] -> 0x0513
mem[X,0x00000000800027C8] -> 0x4CC5
[2747] [M]: 0x00000000800027C6 (0x4CC50513) addi x10, x10, 0x4cc                    inst_395+20
x10 <- 0x000CCCCCCCCCCCCC

clint mtime 0x000000000000055E (mip.MTI <- 0b1, mip.STI <- 0b0)
mem[X,0x00000000800027CA] -> 0x1513
mem[X,0x00000000800027CC] -> 0x00A5
[2748] [M]: 0x00000000800027CA (0x00A51513) slli x10, x10, 0xa                      inst_395+24
x10 <- 0x3333333333333000

mem[X,0x00000000800027CE] -> 0x0513
mem[X,0x00000000800027D0] -> 0x3345
[2749] [M]: 0x00000000800027CE (0x33450513) addi x10, x10, 0x334                    inst_395+28
x10 <- 0x3333333333333334

clint mtime 0x000000000000055F (mip.MTI <- 0b1, mip.STI <- 0b0)
mem[X,0x00000000800027D2] -> 0x051D
[2750] [M]: 0x00000000800027D2 (0x051D) c.addi x10, 0x7                             inst_395+32
x10 <- 0x333333333333333B

mem[X,0x00000000800027D4] -> 0xBC23
mem[X,0x00000000800027D6] -> 0x36A0
[2751] [M]: 0x00000000800027D4 (0x36A0BC23) sd x10, 0x378(x1)                       inst_395+34
mem[W,0x0000000080005D70] <- 0x333333333333333B

clint mtime 0x0000000000000560 (mip.MTI <- 0b1, mip.STI <- 0b0)
mem[X,0x00000000800027D8] -> 0x3537
mem[X,0x00000000800027DA] -> 0x3333
[2752] [M]: 0x00000000800027D8 (0x33333537) lui x10, 0x33333                        inst_396+0
x10 <- 0x0000000033333000

mem[X,0x00000000800027DC] -> 0x0513
mem[X,0x00000000800027DE] -> 0x3335
[2753] [M]: 0x00000000800027DC (0x33350513) addi x10, x10, 0x333                    inst_396+4
x10 <- 0x0000000033333333

clint mtime 0x0000000000000561 (mip.MTI <- 0b1, mip.STI <- 0b0)
mem[X,0x00000000800027E0] -> 0x1513
mem[X,0x00000000800027E2] -> 0x00B5
[2754] [M]: 0x00000000800027E0 (0x00B51513) slli x10, x10, 0xb                      inst_396+8
x10 <- 0x0000019999999800

mem[X,0x00000000800027E4] -> 0x0513
mem[X,0x00000000800027E6] -> 0x1995
[2755] [M]: 0x00000000800027E4 (0x19950513) addi x10, x10, 0x199                    inst_396+12
x10 <- 0x0000019999999999

clint mtime 0x0000000000000562 (mip.MTI <- 0b1, mip.STI <- 0b0)
mem[X,0x00000000800027E8] -> 0x1513
mem[X,0x00000000800027EA] -> 0x00B5
[2756] [M]: 0x00000000800027E8 (0x00B51513) slli x10, x10, 0xb                      inst_396+16
x10 <- 0x000CCCCCCCCCC800

mem[X,0x00000000800027EC] -> 0x0513
mem[X,0x00000000800027EE] -> 0x4CC5
[2757] [M]: 0x00000000800027EC (0x4CC50513) addi x10, x10, 0x4cc                    inst_396+20
x10 <- 0x000CCCCCCCCCCCCC

clint mtime 0x0000000000000563 (mip.MTI <- 0b1, mip.STI <- 0b0)
mem[X,0x00000000800027F0] -> 0x1513
mem[X,0x00000000800027F2] -> 0x00A5
[2758] [M]: 0x00000000800027F0 (0x00A51513) slli x10, x10, 0xa                      inst_396+24
x10 <- 0x3333333333333000

mem[X,0x00000000800027F4] -> 0x0513
mem[X,0x00000000800027F6] -> 0x3345
[2759] [M]: 0x00000000800027F4 (0x33450513) addi x10, x10, 0x334                    inst_396+28
x10 <- 0x3333333333333334

clint mtime 0x0000000000000564 (mip.MTI <- 0b1, mip.STI <- 0b0)
mem[X,0x00000000800027F8] -> 0x157D
[2760] [M]: 0x00000000800027F8 (0x157D) c.addi x10, -0x1                            inst_396+32
x10 <- 0x3333333333333333

mem[X,0x00000000800027FA] -> 0xB023
mem[X,0x00000000800027FC] -> 0x38A0
[2761] [M]: 0x00000000800027FA (0x38A0B023) sd x10, 0x380(x1)                       inst_396+34
mem[W,0x0000000080005D78] <- 0x3333333333333333

clint mtime 0x0000000000000565 (mip.MTI <- 0b1, mip.STI <- 0b0)
mem[X,0x00000000800027FE] -> 0x3537
mem[X,0x0000000080002800] -> 0x3333
[2762] [M]: 0x00000000800027FE (0x33333537) lui x10, 0x33333                        inst_397+0
x10 <- 0x0000000033333000

mem[X,0x0000000080002802] -> 0x0513
mem[X,0x0000000080002804] -> 0x3335
[2763] [M]: 0x0000000080002802 (0x33350513) addi x10, x10, 0x333                    inst_397+4
x10 <- 0x0000000033333333

clint mtime 0x0000000000000566 (mip.MTI <- 0b1, mip.STI <- 0b0)
mem[X,0x0000000080002806] -> 0x1513
mem[X,0x0000000080002808] -> 0x00B5
[2764] [M]: 0x0000000080002806 (0x00B51513) slli x10, x10, 0xb                      inst_397+8
x10 <- 0x0000019999999800

mem[X,0x000000008000280A] -> 0x0513
mem[X,0x000000008000280C] -> 0x1995
[2765] [M]: 0x000000008000280A (0x19950513) addi x10, x10, 0x199                    inst_397+12
x10 <- 0x0000019999999999

clint mtime 0x0000000000000567 (mip.MTI <- 0b1, mip.STI <- 0b0)
mem[X,0x000000008000280E] -> 0x1513
mem[X,0x0000000080002810] -> 0x00B5
[2766] [M]: 0x000000008000280E (0x00B51513) slli x10, x10, 0xb                      inst_397+16
x10 <- 0x000CCCCCCCCCC800

mem[X,0x0000000080002812] -> 0x0513
mem[X,0x0000000080002814] -> 0x4CC5
[2767] [M]: 0x0000000080002812 (0x4CC50513) addi x10, x10, 0x4cc                    inst_397+20
x10 <- 0x000CCCCCCCCCCCCC

clint mtime 0x0000000000000568 (mip.MTI <- 0b1, mip.STI <- 0b0)
mem[X,0x0000000080002816] -> 0x1513
mem[X,0x0000000080002818] -> 0x00A5
[2768] [M]: 0x0000000080002816 (0x00A51513) slli x10, x10, 0xa                      inst_397+24
x10 <- 0x3333333333333000

mem[X,0x000000008000281A] -> 0x0513
mem[X,0x000000008000281C] -> 0x3345
[2769] [M]: 0x000000008000281A (0x33450513) addi x10, x10, 0x334                    inst_397+28
x10 <- 0x3333333333333334

clint mtime 0x0000000000000569 (mip.MTI <- 0b1, mip.STI <- 0b0)
mem[X,0x000000008000281E] -> 0x1571
[2770] [M]: 0x000000008000281E (0x1571) c.addi x10, -0x4                            inst_397+32
x10 <- 0x3333333333333330

mem[X,0x0000000080002820] -> 0xB423
mem[X,0x0000000080002822] -> 0x38A0
[2771] [M]: 0x0000000080002820 (0x38A0B423) sd x10, 0x388(x1)                       inst_397+34
mem[W,0x0000000080005D80] <- 0x3333333333333330

clint mtime 0x000000000000056A (mip.MTI <- 0b1, mip.STI <- 0b0)
mem[X,0x0000000080002824] -> 0x6537
mem[X,0x0000000080002826] -> 0x6666
[2772] [M]: 0x0000000080002824 (0x66666537) lui x10, 0x66666                        inst_398+0
x10 <- 0x0000000066666000

mem[X,0x0000000080002828] -> 0x0513
mem[X,0x000000008000282A] -> 0x6665
[2773] [M]: 0x0000000080002828 (0x66650513) addi x10, x10, 0x666                    inst_398+4
x10 <- 0x0000000066666666

clint mtime 0x000000000000056B (mip.MTI <- 0b1, mip.STI <- 0b0)
mem[X,0x000000008000282C] -> 0x1513
mem[X,0x000000008000282E] -> 0x00B5
[2774] [M]: 0x000000008000282C (0x00B51513) slli x10, x10, 0xb                      inst_398+8
x10 <- 0x0000033333333000

mem[X,0x0000000080002830] -> 0x0513
mem[X,0x0000000080002832] -> 0x3335
[2775] [M]: 0x0000000080002830 (0x33350513) addi x10, x10, 0x333                    inst_398+12
x10 <- 0x0000033333333333

clint mtime 0x000000000000056C (mip.MTI <- 0b1, mip.STI <- 0b0)
mem[X,0x0000000080002834] -> 0x1513
mem[X,0x0000000080002836] -> 0x00B5
[2776] [M]: 0x0000000080002834 (0x00B51513) slli x10, x10, 0xb                      inst_398+16
x10 <- 0x0019999999999800

mem[X,0x0000000080002838] -> 0x0513
mem[X,0x000000008000283A] -> 0x1995
[2777] [M]: 0x0000000080002838 (0x19950513) addi x10, x10, 0x199                    inst_398+20
x10 <- 0x0019999999999999

clint mtime 0x000000000000056D (mip.MTI <- 0b1, mip.STI <- 0b0)
mem[X,0x000000008000283C] -> 0x1513
mem[X,0x000000008000283E] -> 0x00A5
[2778] [M]: 0x000000008000283C (0x00A51513) slli x10, x10, 0xa                      inst_398+24
x10 <- 0x6666666666666400

mem[X,0x0000000080002840] -> 0x0513
mem[X,0x0000000080002842] -> 0x2675
[2779] [M]: 0x0000000080002840 (0x26750513) addi x10, x10, 0x267                    inst_398+28
x10 <- 0x6666666666666667

clint mtime 0x000000000000056E (mip.MTI <- 0b1, mip.STI <- 0b0)
mem[X,0x0000000080002844] -> 0x050D
[2780] [M]: 0x0000000080002844 (0x050D) c.addi x10, 0x3                             inst_398+32
x10 <- 0x666666666666666A

mem[X,0x0000000080002846] -> 0xB823
mem[X,0x0000000080002848] -> 0x38A0
[2781] [M]: 0x0000000080002846 (0x38A0B823) sd x10, 0x390(x1)                       inst_398+34
mem[W,0x0000000080005D88] <- 0x666666666666666A

clint mtime 0x000000000000056F (mip.MTI <- 0b1, mip.STI <- 0b0)
mem[X,0x000000008000284A] -> 0x6537
mem[X,0x000000008000284C] -> 0x6666
[2782] [M]: 0x000000008000284A (0x66666537) lui x10, 0x66666                        inst_399+0
x10 <- 0x0000000066666000

mem[X,0x000000008000284E] -> 0x0513
mem[X,0x0000000080002850] -> 0x6665
[2783] [M]: 0x000000008000284E (0x66650513) addi x10, x10, 0x666                    inst_399+4
x10 <- 0x0000000066666666

clint mtime 0x0000000000000570 (mip.MTI <- 0b1, mip.STI <- 0b0)
mem[X,0x0000000080002852] -> 0x1513
mem[X,0x0000000080002854] -> 0x00B5
[2784] [M]: 0x0000000080002852 (0x00B51513) slli x10, x10, 0xb                      inst_399+8
x10 <- 0x0000033333333000

mem[X,0x0000000080002856] -> 0x0513
mem[X,0x0000000080002858] -> 0x3335
[2785] [M]: 0x0000000080002856 (0x33350513) addi x10, x10, 0x333                    inst_399+12
x10 <- 0x0000033333333333

clint mtime 0x0000000000000571 (mip.MTI <- 0b1, mip.STI <- 0b0)
mem[X,0x000000008000285A] -> 0x1513
mem[X,0x000000008000285C] -> 0x00B5
[2786] [M]: 0x000000008000285A (0x00B51513) slli x10, x10, 0xb                      inst_399+16
x10 <- 0x0019999999999800

mem[X,0x000000008000285E] -> 0x0513
mem[X,0x0000000080002860] -> 0x1995
[2787] [M]: 0x000000008000285E (0x19950513) addi x10, x10, 0x199                    inst_399+20
x10 <- 0x0019999999999999

clint mtime 0x0000000000000572 (mip.MTI <- 0b1, mip.STI <- 0b0)
mem[X,0x0000000080002862] -> 0x1513
mem[X,0x0000000080002864] -> 0x00A5
[2788] [M]: 0x0000000080002862 (0x00A51513) slli x10, x10, 0xa                      inst_399+24
x10 <- 0x6666666666666400

mem[X,0x0000000080002866] -> 0x0513
mem[X,0x0000000080002868] -> 0x2675
[2789] [M]: 0x0000000080002866 (0x26750513) addi x10, x10, 0x267                    inst_399+28
x10 <- 0x6666666666666667

clint mtime 0x0000000000000573 (mip.MTI <- 0b1, mip.STI <- 0b0)
mem[X,0x000000008000286A] -> 0x0515
[2790] [M]: 0x000000008000286A (0x0515) c.addi x10, 0x5                             inst_399+32
x10 <- 0x666666666666666C

mem[X,0x000000008000286C] -> 0xBC23
mem[X,0x000000008000286E] -> 0x38A0
[2791] [M]: 0x000000008000286C (0x38A0BC23) sd x10, 0x398(x1)                       inst_399+34
mem[W,0x0000000080005D90] <- 0x666666666666666C

clint mtime 0x0000000000000574 (mip.MTI <- 0b1, mip.STI <- 0b0)
mem[X,0x0000000080002870] -> 0x6537
mem[X,0x0000000080002872] -> 0x6666
[2792] [M]: 0x0000000080002870 (0x66666537) lui x10, 0x66666                        inst_400+0
x10 <- 0x0000000066666000

mem[X,0x0000000080002874] -> 0x0513
mem[X,0x0000000080002876] -> 0x6665
[2793] [M]: 0x0000000080002874 (0x66650513) addi x10, x10, 0x666                    inst_400+4
x10 <- 0x0000000066666666

clint mtime 0x0000000000000575 (mip.MTI <- 0b1, mip.STI <- 0b0)
mem[X,0x0000000080002878] -> 0x1513
mem[X,0x000000008000287A] -> 0x00B5
[2794] [M]: 0x0000000080002878 (0x00B51513) slli x10, x10, 0xb                      inst_400+8
x10 <- 0x0000033333333000

mem[X,0x000000008000287C] -> 0x0513
mem[X,0x000000008000287E] -> 0x3335
[2795] [M]: 0x000000008000287C (0x33350513) addi x10, x10, 0x333                    inst_400+12
x10 <- 0x0000033333333333

clint mtime 0x0000000000000576 (mip.MTI <- 0b1, mip.STI <- 0b0)
mem[X,0x0000000080002880] -> 0x1513
mem[X,0x0000000080002882] -> 0x00B5
[2796] [M]: 0x0000000080002880 (0x00B51513) slli x10, x10, 0xb                      inst_400+16
x10 <- 0x0019999999999800

mem[X,0x0000000080002884] -> 0x0513
mem[X,0x0000000080002886] -> 0x1995
[2797] [M]: 0x0000000080002884 (0x19950513) addi x10, x10, 0x199                    inst_400+20
x10 <- 0x0019999999999999

clint mtime 0x0000000000000577 (mip.MTI <- 0b1, mip.STI <- 0b0)
mem[X,0x0000000080002888] -> 0x1513
mem[X,0x000000008000288A] -> 0x00A5
[2798] [M]: 0x0000000080002888 (0x00A51513) slli x10, x10, 0xa                      inst_400+24
x10 <- 0x6666666666666400

mem[X,0x000000008000288C] -> 0x0513
mem[X,0x000000008000288E] -> 0x2675
[2799] [M]: 0x000000008000288C (0x26750513) addi x10, x10, 0x267                    inst_400+28
x10 <- 0x6666666666666667

clint mtime 0x0000000000000578 (mip.MTI <- 0b1, mip.STI <- 0b0)
mem[X,0x0000000080002890] -> 0x0529
[2800] [M]: 0x0000000080002890 (0x0529) c.addi x10, 0xa                             inst_400+32
x10 <- 0x6666666666666671

mem[X,0x0000000080002892] -> 0xB023
mem[X,0x0000000080002894] -> 0x3AA0
[2801] [M]: 0x0000000080002892 (0x3AA0B023) sd x10, 0x3a0(x1)                       inst_400+34
mem[W,0x0000000080005D98] <- 0x6666666666666671

clint mtime 0x0000000000000579 (mip.MTI <- 0b1, mip.STI <- 0b0)
mem[X,0x0000000080002896] -> 0x6537
mem[X,0x0000000080002898] -> 0x6666
[2802] [M]: 0x0000000080002896 (0x66666537) lui x10, 0x66666                        inst_401+0
x10 <- 0x0000000066666000

mem[X,0x000000008000289A] -> 0x0513
mem[X,0x000000008000289C] -> 0x6665
[2803] [M]: 0x000000008000289A (0x66650513) addi x10, x10, 0x666                    inst_401+4
x10 <- 0x0000000066666666

clint mtime 0x000000000000057A (mip.MTI <- 0b1, mip.STI <- 0b0)
mem[X,0x000000008000289E] -> 0x1513
mem[X,0x00000000800028A0] -> 0x00B5
[2804] [M]: 0x000000008000289E (0x00B51513) slli x10, x10, 0xb                      inst_401+8
x10 <- 0x0000033333333000

mem[X,0x00000000800028A2] -> 0x0513
mem[X,0x00000000800028A4] -> 0x3335
[2805] [M]: 0x00000000800028A2 (0x33350513) addi x10, x10, 0x333                    inst_401+12
x10 <- 0x0000033333333333

clint mtime 0x000000000000057B (mip.MTI <- 0b1, mip.STI <- 0b0)
mem[X,0x00000000800028A6] -> 0x1513
mem[X,0x00000000800028A8] -> 0x00B5
[2806] [M]: 0x00000000800028A6 (0x00B51513) slli x10, x10, 0xb                      inst_401+16
x10 <- 0x0019999999999800

mem[X,0x00000000800028AA] -> 0x0513
mem[X,0x00000000800028AC] -> 0x1995
[2807] [M]: 0x00000000800028AA (0x19950513) addi x10, x10, 0x199                    inst_401+20
x10 <- 0x0019999999999999

clint mtime 0x000000000000057C (mip.MTI <- 0b1, mip.STI <- 0b0)
mem[X,0x00000000800028AE] -> 0x1513
mem[X,0x00000000800028B0] -> 0x00A5
[2808] [M]: 0x00000000800028AE (0x00A51513) slli x10, x10, 0xa                      inst_401+24
x10 <- 0x6666666666666400

mem[X,0x00000000800028B2] -> 0x0513
mem[X,0x00000000800028B4] -> 0x2675
[2809] [M]: 0x00000000800028B2 (0x26750513) addi x10, x10, 0x267                    inst_401+28
x10 <- 0x6666666666666667

clint mtime 0x000000000000057D (mip.MTI <- 0b1, mip.STI <- 0b0)
mem[X,0x00000000800028B6] -> 0x0519
[2810] [M]: 0x00000000800028B6 (0x0519) c.addi x10, 0x6                             inst_401+32
x10 <- 0x666666666666666D

mem[X,0x00000000800028B8] -> 0xB423
mem[X,0x00000000800028BA] -> 0x3AA0
[2811] [M]: 0x00000000800028B8 (0x3AA0B423) sd x10, 0x3a8(x1)                       inst_401+34
mem[W,0x0000000080005DA0] <- 0x666666666666666D

clint mtime 0x000000000000057E (mip.MTI <- 0b1, mip.STI <- 0b0)
mem[X,0x00000000800028BC] -> 0x6537
mem[X,0x00000000800028BE] -> 0x6666
[2812] [M]: 0x00000000800028BC (0x66666537) lui x10, 0x66666                        inst_402+0
x10 <- 0x0000000066666000

mem[X,0x00000000800028C0] -> 0x0513
mem[X,0x00000000800028C2] -> 0x6665
[2813] [M]: 0x00000000800028C0 (0x66650513) addi x10, x10, 0x666                    inst_402+4
x10 <- 0x0000000066666666

clint mtime 0x000000000000057F (mip.MTI <- 0b1, mip.STI <- 0b0)
mem[X,0x00000000800028C4] -> 0x1513
mem[X,0x00000000800028C6] -> 0x00B5
[2814] [M]: 0x00000000800028C4 (0x00B51513) slli x10, x10, 0xb                      inst_402+8
x10 <- 0x0000033333333000

mem[X,0x00000000800028C8] -> 0x0513
mem[X,0x00000000800028CA] -> 0x3335
[2815] [M]: 0x00000000800028C8 (0x33350513) addi x10, x10, 0x333                    inst_402+12
x10 <- 0x0000033333333333

clint mtime 0x0000000000000580 (mip.MTI <- 0b1, mip.STI <- 0b0)
mem[X,0x00000000800028CC] -> 0x1513
mem[X,0x00000000800028CE] -> 0x00B5
[2816] [M]: 0x00000000800028CC (0x00B51513) slli x10, x10, 0xb                      inst_402+16
x10 <- 0x0019999999999800

mem[X,0x00000000800028D0] -> 0x0513
mem[X,0x00000000800028D2] -> 0x1995
[2817] [M]: 0x00000000800028D0 (0x19950513) addi x10, x10, 0x199                    inst_402+20
x10 <- 0x0019999999999999

clint mtime 0x0000000000000581 (mip.MTI <- 0b1, mip.STI <- 0b0)
mem[X,0x00000000800028D4] -> 0x1513
mem[X,0x00000000800028D6] -> 0x00A5
[2818] [M]: 0x00000000800028D4 (0x00A51513) slli x10, x10, 0xa                      inst_402+24
x10 <- 0x6666666666666400

mem[X,0x00000000800028D8] -> 0x0513
mem[X,0x00000000800028DA] -> 0x2675
[2819] [M]: 0x00000000800028D8 (0x26750513) addi x10, x10, 0x267                    inst_402+28
x10 <- 0x6666666666666667

clint mtime 0x0000000000000582 (mip.MTI <- 0b1, mip.STI <- 0b0)
mem[X,0x00000000800028DC] -> 0x1579
[2820] [M]: 0x00000000800028DC (0x1579) c.addi x10, -0x2                            inst_402+32
x10 <- 0x6666666666666665

mem[X,0x00000000800028DE] -> 0xB823
mem[X,0x00000000800028E0] -> 0x3AA0
[2821] [M]: 0x00000000800028DE (0x3AA0B823) sd x10, 0x3b0(x1)                       inst_402+34
mem[W,0x0000000080005DA8] <- 0x6666666666666665

clint mtime 0x0000000000000583 (mip.MTI <- 0b1, mip.STI <- 0b0)
mem[X,0x00000000800028E2] -> 0x6537
mem[X,0x00000000800028E4] -> 0x6666
[2822] [M]: 0x00000000800028E2 (0x66666537) lui x10, 0x66666                        inst_403+0
x10 <- 0x0000000066666000

mem[X,0x00000000800028E6] -> 0x0513
mem[X,0x00000000800028E8] -> 0x6665
[2823] [M]: 0x00000000800028E6 (0x66650513) addi x10, x10, 0x666                    inst_403+4
x10 <- 0x0000000066666666

clint mtime 0x0000000000000584 (mip.MTI <- 0b1, mip.STI <- 0b0)
mem[X,0x00000000800028EA] -> 0x1513
mem[X,0x00000000800028EC] -> 0x00B5
[2824] [M]: 0x00000000800028EA (0x00B51513) slli x10, x10, 0xb                      inst_403+8
x10 <- 0x0000033333333000

mem[X,0x00000000800028EE] -> 0x0513
mem[X,0x00000000800028F0] -> 0x3335
[2825] [M]: 0x00000000800028EE (0x33350513) addi x10, x10, 0x333                    inst_403+12
x10 <- 0x0000033333333333

clint mtime 0x0000000000000585 (mip.MTI <- 0b1, mip.STI <- 0b0)
mem[X,0x00000000800028F2] -> 0x1513
mem[X,0x00000000800028F4] -> 0x00B5
[2826] [M]: 0x00000000800028F2 (0x00B51513) slli x10, x10, 0xb                      inst_403+16
x10 <- 0x0019999999999800

mem[X,0x00000000800028F6] -> 0x0513
mem[X,0x00000000800028F8] -> 0x1995
[2827] [M]: 0x00000000800028F6 (0x19950513) addi x10, x10, 0x199                    inst_403+20
x10 <- 0x0019999999999999

clint mtime 0x0000000000000586 (mip.MTI <- 0b1, mip.STI <- 0b0)
mem[X,0x00000000800028FA] -> 0x1513
mem[X,0x00000000800028FC] -> 0x00A5
[2828] [M]: 0x00000000800028FA (0x00A51513) slli x10, x10, 0xa                      inst_403+24
x10 <- 0x6666666666666400

mem[X,0x00000000800028FE] -> 0x0513
mem[X,0x0000000080002900] -> 0x2675
[2829] [M]: 0x00000000800028FE (0x26750513) addi x10, x10, 0x267                    inst_403+28
x10 <- 0x6666666666666667

clint mtime 0x0000000000000587 (mip.MTI <- 0b1, mip.STI <- 0b0)
mem[X,0x0000000080002902] -> 0x156D
[2830] [M]: 0x0000000080002902 (0x156D) c.addi x10, -0x5                            inst_403+32
x10 <- 0x6666666666666662

mem[X,0x0000000080002904] -> 0xBC23
mem[X,0x0000000080002906] -> 0x3AA0
[2831] [M]: 0x0000000080002904 (0x3AA0BC23) sd x10, 0x3b8(x1)                       inst_403+34
mem[W,0x0000000080005DB0] <- 0x6666666666666662

clint mtime 0x0000000000000588 (mip.MTI <- 0b1, mip.STI <- 0b0)
mem[X,0x0000000080002908] -> 0x6537
mem[X,0x000000008000290A] -> 0x6666
[2832] [M]: 0x0000000080002908 (0x66666537) lui x10, 0x66666                        inst_404+0
x10 <- 0x0000000066666000

mem[X,0x000000008000290C] -> 0x0513
mem[X,0x000000008000290E] -> 0x6665
[2833] [M]: 0x000000008000290C (0x66650513) addi x10, x10, 0x666                    inst_404+4
x10 <- 0x0000000066666666

clint mtime 0x0000000000000589 (mip.MTI <- 0b1, mip.STI <- 0b0)
mem[X,0x0000000080002910] -> 0x1513
mem[X,0x0000000080002912] -> 0x00B5
[2834] [M]: 0x0000000080002910 (0x00B51513) slli x10, x10, 0xb                      inst_404+8
x10 <- 0x0000033333333000

mem[X,0x0000000080002914] -> 0x0513
mem[X,0x0000000080002916] -> 0x3335
[2835] [M]: 0x0000000080002914 (0x33350513) addi x10, x10, 0x333                    inst_404+12
x10 <- 0x0000033333333333

clint mtime 0x000000000000058A (mip.MTI <- 0b1, mip.STI <- 0b0)
mem[X,0x0000000080002918] -> 0x1513
mem[X,0x000000008000291A] -> 0x00B5
[2836] [M]: 0x0000000080002918 (0x00B51513) slli x10, x10, 0xb                      inst_404+16
x10 <- 0x0019999999999800

mem[X,0x000000008000291C] -> 0x0513
mem[X,0x000000008000291E] -> 0x1995
[2837] [M]: 0x000000008000291C (0x19950513) addi x10, x10, 0x199                    inst_404+20
x10 <- 0x0019999999999999

clint mtime 0x000000000000058B (mip.MTI <- 0b1, mip.STI <- 0b0)
mem[X,0x0000000080002920] -> 0x1513
mem[X,0x0000000080002922] -> 0x00A5
[2838] [M]: 0x0000000080002920 (0x00A51513) slli x10, x10, 0xa                      inst_404+24
x10 <- 0x6666666666666400

mem[X,0x0000000080002924] -> 0x0513
mem[X,0x0000000080002926] -> 0x2675
[2839] [M]: 0x0000000080002924 (0x26750513) addi x10, x10, 0x267                    inst_404+28
x10 <- 0x6666666666666667

clint mtime 0x000000000000058C (mip.MTI <- 0b1, mip.STI <- 0b0)
mem[X,0x0000000080002928] -> 0x0509
[2840] [M]: 0x0000000080002928 (0x0509) c.addi x10, 0x2                             inst_404+32
x10 <- 0x6666666666666669

mem[X,0x000000008000292A] -> 0xB023
mem[X,0x000000008000292C] -> 0x3CA0
[2841] [M]: 0x000000008000292A (0x3CA0B023) sd x10, 0x3c0(x1)                       inst_404+34
mem[W,0x0000000080005DB8] <- 0x6666666666666669

clint mtime 0x000000000000058D (mip.MTI <- 0b1, mip.STI <- 0b0)
mem[X,0x000000008000292E] -> 0x6537
mem[X,0x0000000080002930] -> 0x6666
[2842] [M]: 0x000000008000292E (0x66666537) lui x10, 0x66666                        inst_405+0
x10 <- 0x0000000066666000

mem[X,0x0000000080002932] -> 0x0513
mem[X,0x0000000080002934] -> 0x6665
[2843] [M]: 0x0000000080002932 (0x66650513) addi x10, x10, 0x666                    inst_405+4
x10 <- 0x0000000066666666

clint mtime 0x000000000000058E (mip.MTI <- 0b1, mip.STI <- 0b0)
mem[X,0x0000000080002936] -> 0x1513
mem[X,0x0000000080002938] -> 0x00B5
[2844] [M]: 0x0000000080002936 (0x00B51513) slli x10, x10, 0xb                      inst_405+8
x10 <- 0x0000033333333000

mem[X,0x000000008000293A] -> 0x0513
mem[X,0x000000008000293C] -> 0x3335
[2845] [M]: 0x000000008000293A (0x33350513) addi x10, x10, 0x333                    inst_405+12
x10 <- 0x0000033333333333

clint mtime 0x000000000000058F (mip.MTI <- 0b1, mip.STI <- 0b0)
mem[X,0x000000008000293E] -> 0x1513
mem[X,0x0000000080002940] -> 0x00B5
[2846] [M]: 0x000000008000293E (0x00B51513) slli x10, x10, 0xb                      inst_405+16
x10 <- 0x0019999999999800

mem[X,0x0000000080002942] -> 0x0513
mem[X,0x0000000080002944] -> 0x1995
[2847] [M]: 0x0000000080002942 (0x19950513) addi x10, x10, 0x199                    inst_405+20
x10 <- 0x0019999999999999

clint mtime 0x0000000000000590 (mip.MTI <- 0b1, mip.STI <- 0b0)
mem[X,0x0000000080002946] -> 0x1513
mem[X,0x0000000080002948] -> 0x00A5
[2848] [M]: 0x0000000080002946 (0x00A51513) slli x10, x10, 0xa                      inst_405+24
x10 <- 0x6666666666666400

mem[X,0x000000008000294A] -> 0x0513
mem[X,0x000000008000294C] -> 0x2675
[2849] [M]: 0x000000008000294A (0x26750513) addi x10, x10, 0x267                    inst_405+28
x10 <- 0x6666666666666667

clint mtime 0x0000000000000591 (mip.MTI <- 0b1, mip.STI <- 0b0)
mem[X,0x000000008000294E] -> 0x0511
[2850] [M]: 0x000000008000294E (0x0511) c.addi x10, 0x4                             inst_405+32
x10 <- 0x666666666666666B

mem[X,0x0000000080002950] -> 0xB423
mem[X,0x0000000080002952] -> 0x3CA0
[2851] [M]: 0x0000000080002950 (0x3CA0B423) sd x10, 0x3c8(x1)                       inst_405+34
mem[W,0x0000000080005DC0] <- 0x666666666666666B

clint mtime 0x0000000000000592 (mip.MTI <- 0b1, mip.STI <- 0b0)
mem[X,0x0000000080002954] -> 0x6537
mem[X,0x0000000080002956] -> 0x6666
[2852] [M]: 0x0000000080002954 (0x66666537) lui x10, 0x66666                        inst_406+0
x10 <- 0x0000000066666000

mem[X,0x0000000080002958] -> 0x0513
mem[X,0x000000008000295A] -> 0x6665
[2853] [M]: 0x0000000080002958 (0x66650513) addi x10, x10, 0x666                    inst_406+4
x10 <- 0x0000000066666666

clint mtime 0x0000000000000593 (mip.MTI <- 0b1, mip.STI <- 0b0)
mem[X,0x000000008000295C] -> 0x1513
mem[X,0x000000008000295E] -> 0x00B5
[2854] [M]: 0x000000008000295C (0x00B51513) slli x10, x10, 0xb                      inst_406+8
x10 <- 0x0000033333333000

mem[X,0x0000000080002960] -> 0x0513
mem[X,0x0000000080002962] -> 0x3335
[2855] [M]: 0x0000000080002960 (0x33350513) addi x10, x10, 0x333                    inst_406+12
x10 <- 0x0000033333333333

clint mtime 0x0000000000000594 (mip.MTI <- 0b1, mip.STI <- 0b0)
mem[X,0x0000000080002964] -> 0x1513
mem[X,0x0000000080002966] -> 0x00B5
[2856] [M]: 0x0000000080002964 (0x00B51513) slli x10, x10, 0xb                      inst_406+16
x10 <- 0x0019999999999800

mem[X,0x0000000080002968] -> 0x0513
mem[X,0x000000008000296A] -> 0x1995
[2857] [M]: 0x0000000080002968 (0x19950513) addi x10, x10, 0x199                    inst_406+20
x10 <- 0x0019999999999999

clint mtime 0x0000000000000595 (mip.MTI <- 0b1, mip.STI <- 0b0)
mem[X,0x000000008000296C] -> 0x1513
mem[X,0x000000008000296E] -> 0x00A5
[2858] [M]: 0x000000008000296C (0x00A51513) slli x10, x10, 0xa                      inst_406+24
x10 <- 0x6666666666666400

mem[X,0x0000000080002970] -> 0x0513
mem[X,0x0000000080002972] -> 0x2675
[2859] [M]: 0x0000000080002970 (0x26750513) addi x10, x10, 0x267                    inst_406+28
x10 <- 0x6666666666666667

clint mtime 0x0000000000000596 (mip.MTI <- 0b1, mip.STI <- 0b0)
mem[X,0x0000000080002974] -> 0x0525
[2860] [M]: 0x0000000080002974 (0x0525) c.addi x10, 0x9                             inst_406+32
x10 <- 0x6666666666666670

mem[X,0x0000000080002976] -> 0xB823
mem[X,0x0000000080002978] -> 0x3CA0
[2861] [M]: 0x0000000080002976 (0x3CA0B823) sd x10, 0x3d0(x1)                       inst_406+34
mem[W,0x0000000080005DC8] <- 0x6666666666666670

clint mtime 0x0000000000000597 (mip.MTI <- 0b1, mip.STI <- 0b0)
mem[X,0x000000008000297A] -> 0x6537
mem[X,0x000000008000297C] -> 0x6666
[2862] [M]: 0x000000008000297A (0x66666537) lui x10, 0x66666                        inst_407+0
x10 <- 0x0000000066666000

mem[X,0x000000008000297E] -> 0x0513
mem[X,0x0000000080002980] -> 0x6665
[2863] [M]: 0x000000008000297E (0x66650513) addi x10, x10, 0x666                    inst_407+4
x10 <- 0x0000000066666666

clint mtime 0x0000000000000598 (mip.MTI <- 0b1, mip.STI <- 0b0)
mem[X,0x0000000080002982] -> 0x1513
mem[X,0x0000000080002984] -> 0x00B5
[2864] [M]: 0x0000000080002982 (0x00B51513) slli x10, x10, 0xb                      inst_407+8
x10 <- 0x0000033333333000

mem[X,0x0000000080002986] -> 0x0513
mem[X,0x0000000080002988] -> 0x3335
[2865] [M]: 0x0000000080002986 (0x33350513) addi x10, x10, 0x333                    inst_407+12
x10 <- 0x0000033333333333

clint mtime 0x0000000000000599 (mip.MTI <- 0b1, mip.STI <- 0b0)
mem[X,0x000000008000298A] -> 0x1513
mem[X,0x000000008000298C] -> 0x00B5
[2866] [M]: 0x000000008000298A (0x00B51513) slli x10, x10, 0xb                      inst_407+16
x10 <- 0x0019999999999800

mem[X,0x000000008000298E] -> 0x0513
mem[X,0x0000000080002990] -> 0x1995
[2867] [M]: 0x000000008000298E (0x19950513) addi x10, x10, 0x199                    inst_407+20
x10 <- 0x0019999999999999

clint mtime 0x000000000000059A (mip.MTI <- 0b1, mip.STI <- 0b0)
mem[X,0x0000000080002992] -> 0x1513
mem[X,0x0000000080002994] -> 0x00A5
[2868] [M]: 0x0000000080002992 (0x00A51513) slli x10, x10, 0xa                      inst_407+24
x10 <- 0x6666666666666400

mem[X,0x0000000080002996] -> 0x0513
mem[X,0x0000000080002998] -> 0x2675
[2869] [M]: 0x0000000080002996 (0x26750513) addi x10, x10, 0x267                    inst_407+28
x10 <- 0x6666666666666667

clint mtime 0x000000000000059B (mip.MTI <- 0b1, mip.STI <- 0b0)
mem[X,0x000000008000299A] -> 0x0501
[2870] [M]: 0x000000008000299A (0x0501) c.addi x10, 0x0                             inst_407+32
x10 <- 0x6666666666666667

mem[X,0x000000008000299C] -> 0xBC23
mem[X,0x000000008000299E] -> 0x3CA0
[2871] [M]: 0x000000008000299C (0x3CA0BC23) sd x10, 0x3d8(x1)                       inst_407+34
mem[W,0x0000000080005DD0] <- 0x6666666666666667

clint mtime 0x000000000000059C (mip.MTI <- 0b1, mip.STI <- 0b0)
mem[X,0x00000000800029A0] -> 0x6537
mem[X,0x00000000800029A2] -> 0x6666
[2872] [M]: 0x00000000800029A0 (0x66666537) lui x10, 0x66666                        inst_408+0
x10 <- 0x0000000066666000

mem[X,0x00000000800029A4] -> 0x0513
mem[X,0x00000000800029A6] -> 0x6665
[2873] [M]: 0x00000000800029A4 (0x66650513) addi x10, x10, 0x666                    inst_408+4
x10 <- 0x0000000066666666

clint mtime 0x000000000000059D (mip.MTI <- 0b1, mip.STI <- 0b0)
mem[X,0x00000000800029A8] -> 0x1513
mem[X,0x00000000800029AA] -> 0x00B5
[2874] [M]: 0x00000000800029A8 (0x00B51513) slli x10, x10, 0xb                      inst_408+8
x10 <- 0x0000033333333000

mem[X,0x00000000800029AC] -> 0x0513
mem[X,0x00000000800029AE] -> 0x3335
[2875] [M]: 0x00000000800029AC (0x33350513) addi x10, x10, 0x333                    inst_408+12
x10 <- 0x0000033333333333

clint mtime 0x000000000000059E (mip.MTI <- 0b1, mip.STI <- 0b0)
mem[X,0x00000000800029B0] -> 0x1513
mem[X,0x00000000800029B2] -> 0x00B5
[2876] [M]: 0x00000000800029B0 (0x00B51513) slli x10, x10, 0xb                      inst_408+16
x10 <- 0x0019999999999800

mem[X,0x00000000800029B4] -> 0x0513
mem[X,0x00000000800029B6] -> 0x1995
[2877] [M]: 0x00000000800029B4 (0x19950513) addi x10, x10, 0x199                    inst_408+20
x10 <- 0x0019999999999999

clint mtime 0x000000000000059F (mip.MTI <- 0b1, mip.STI <- 0b0)
mem[X,0x00000000800029B8] -> 0x1513
mem[X,0x00000000800029BA] -> 0x00A5
[2878] [M]: 0x00000000800029B8 (0x00A51513) slli x10, x10, 0xa                      inst_408+24
x10 <- 0x6666666666666400

mem[X,0x00000000800029BC] -> 0x0513
mem[X,0x00000000800029BE] -> 0x2675
[2879] [M]: 0x00000000800029BC (0x26750513) addi x10, x10, 0x267                    inst_408+28
x10 <- 0x6666666666666667

clint mtime 0x00000000000005A0 (mip.MTI <- 0b1, mip.STI <- 0b0)
mem[X,0x00000000800029C0] -> 0x052D
[2880] [M]: 0x00000000800029C0 (0x052D) c.addi x10, 0xb                             inst_408+32
x10 <- 0x6666666666666672

mem[X,0x00000000800029C2] -> 0xB023
mem[X,0x00000000800029C4] -> 0x3EA0
[2881] [M]: 0x00000000800029C2 (0x3EA0B023) sd x10, 0x3e0(x1)                       inst_408+34
mem[W,0x0000000080005DD8] <- 0x6666666666666672

clint mtime 0x00000000000005A1 (mip.MTI <- 0b1, mip.STI <- 0b0)
mem[X,0x00000000800029C6] -> 0x0537
mem[X,0x00000000800029C8] -> 0x0000
[2882] [M]: 0x00000000800029C6 (0x00000537) lui x10, 0x0                            inst_409+0
x10 <- 0x0000000000000000

mem[X,0x00000000800029CA] -> 0x0513
mem[X,0x00000000800029CC] -> 0xFFF5
[2883] [M]: 0x00000000800029CA (0xFFF50513) addi x10, x10, -0x1                     inst_409+4
x10 <- 0xFFFFFFFFFFFFFFFF

clint mtime 0x00000000000005A2 (mip.MTI <- 0b1, mip.STI <- 0b0)
mem[X,0x00000000800029CE] -> 0x1513
mem[X,0x00000000800029D0] -> 0x00B5
[2884] [M]: 0x00000000800029CE (0x00B51513) slli x10, x10, 0xb                      inst_409+8
x10 <- 0xFFFFFFFFFFFFF800

mem[X,0x00000000800029D2] -> 0x0513
mem[X,0x00000000800029D4] -> 0x2575
[2885] [M]: 0x00000000800029D2 (0x25750513) addi x10, x10, 0x257                    inst_409+12
x10 <- 0xFFFFFFFFFFFFFA57

clint mtime 0x00000000000005A3 (mip.MTI <- 0b1, mip.STI <- 0b0)
mem[X,0x00000000800029D6] -> 0x1513
mem[X,0x00000000800029D8] -> 0x00B5
[2886] [M]: 0x00000000800029D6 (0x00B51513) slli x10, x10, 0xb                      inst_409+16
x10 <- 0xFFFFFFFFFFD2B800

mem[X,0x00000000800029DA] -> 0x0513
mem[X,0x00000000800029DC] -> 0x6C35
[2887] [M]: 0x00000000800029DA (0x6C350513) addi x10, x10, 0x6c3                    inst_409+20
x10 <- 0xFFFFFFFFFFD2BEC3

clint mtime 0x00000000000005A4 (mip.MTI <- 0b1, mip.STI <- 0b0)
mem[X,0x00000000800029DE] -> 0x1513
mem[X,0x00000000800029E0] -> 0x00A5
[2888] [M]: 0x00000000800029DE (0x00A51513) slli x10, x10, 0xa                      inst_409+24
x10 <- 0xFFFFFFFF4AFB0C00

mem[X,0x00000000800029E2] -> 0x0513
mem[X,0x00000000800029E4] -> 0x0CE5
[2889] [M]: 0x00000000800029E2 (0x0CE50513) addi x10, x10, 0xce                     inst_409+28
x10 <- 0xFFFFFFFF4AFB0CCE

clint mtime 0x00000000000005A5 (mip.MTI <- 0b1, mip.STI <- 0b0)
mem[X,0x00000000800029E6] -> 0x157D
[2890] [M]: 0x00000000800029E6 (0x157D) c.addi x10, -0x1                            inst_409+32
x10 <- 0xFFFFFFFF4AFB0CCD

mem[X,0x00000000800029E8] -> 0xB423
mem[X,0x00000000800029EA] -> 0x3EA0
[2891] [M]: 0x00000000800029E8 (0x3EA0B423) sd x10, 0x3e8(x1)                       inst_409+34
mem[W,0x0000000080005DE0] <- 0xFFFFFFFF4AFB0CCD

clint mtime 0x00000000000005A6 (mip.MTI <- 0b1, mip.STI <- 0b0)
mem[X,0x00000000800029EC] -> 0x0537
mem[X,0x00000000800029EE] -> 0x0000
[2892] [M]: 0x00000000800029EC (0x00000537) lui x10, 0x0                            inst_410+0
x10 <- 0x0000000000000000

mem[X,0x00000000800029F0] -> 0x0513
mem[X,0x00000000800029F2] -> 0xFFF5
[2893] [M]: 0x00000000800029F0 (0xFFF50513) addi x10, x10, -0x1                     inst_410+4
x10 <- 0xFFFFFFFFFFFFFFFF

clint mtime 0x00000000000005A7 (mip.MTI <- 0b1, mip.STI <- 0b0)
mem[X,0x00000000800029F4] -> 0x1513
mem[X,0x00000000800029F6] -> 0x00B5
[2894] [M]: 0x00000000800029F4 (0x00B51513) slli x10, x10, 0xb                      inst_410+8
x10 <- 0xFFFFFFFFFFFFF800

mem[X,0x00000000800029F8] -> 0x0513
mem[X,0x00000000800029FA] -> 0x2575
[2895] [M]: 0x00000000800029F8 (0x25750513) addi x10, x10, 0x257                    inst_410+12
x10 <- 0xFFFFFFFFFFFFFA57

clint mtime 0x00000000000005A8 (mip.MTI <- 0b1, mip.STI <- 0b0)
mem[X,0x00000000800029FC] -> 0x1513
mem[X,0x00000000800029FE] -> 0x00B5
[2896] [M]: 0x00000000800029FC (0x00B51513) slli x10, x10, 0xb                      inst_410+16
x10 <- 0xFFFFFFFFFFD2B800

mem[X,0x0000000080002A00] -> 0x0513
mem[X,0x0000000080002A02] -> 0x6C35
[2897] [M]: 0x0000000080002A00 (0x6C350513) addi x10, x10, 0x6c3                    inst_410+20
x10 <- 0xFFFFFFFFFFD2BEC3

clint mtime 0x00000000000005A9 (mip.MTI <- 0b1, mip.STI <- 0b0)
mem[X,0x0000000080002A04] -> 0x1513
mem[X,0x0000000080002A06] -> 0x00A5
[2898] [M]: 0x0000000080002A04 (0x00A51513) slli x10, x10, 0xa                      inst_410+24
x10 <- 0xFFFFFFFF4AFB0C00

mem[X,0x0000000080002A08] -> 0x0513
mem[X,0x0000000080002A0A] -> 0x0CE5
[2899] [M]: 0x0000000080002A08 (0x0CE50513) addi x10, x10, 0xce                     inst_410+28
x10 <- 0xFFFFFFFF4AFB0CCE

clint mtime 0x00000000000005AA (mip.MTI <- 0b1, mip.STI <- 0b0)
mem[X,0x0000000080002A0C] -> 0x1571
[2900] [M]: 0x0000000080002A0C (0x1571) c.addi x10, -0x4                            inst_410+32
x10 <- 0xFFFFFFFF4AFB0CCA

mem[X,0x0000000080002A0E] -> 0xB823
mem[X,0x0000000080002A10] -> 0x3EA0
[2901] [M]: 0x0000000080002A0E (0x3EA0B823) sd x10, 0x3f0(x1)                       inst_410+34
mem[W,0x0000000080005DE8] <- 0xFFFFFFFF4AFB0CCA

clint mtime 0x00000000000005AB (mip.MTI <- 0b1, mip.STI <- 0b0)
mem[X,0x0000000080002A12] -> 0x0537
mem[X,0x0000000080002A14] -> 0x0000
[2902] [M]: 0x0000000080002A12 (0x00000537) lui x10, 0x0                            inst_411+0
x10 <- 0x0000000000000000

mem[X,0x0000000080002A16] -> 0x0513
mem[X,0x0000000080002A18] -> 0x0005
[2903] [M]: 0x0000000080002A16 (0x00050513) addi x10, x10, 0x0                      inst_411+4
x10 <- 0x0000000000000000

clint mtime 0x00000000000005AC (mip.MTI <- 0b1, mip.STI <- 0b0)
mem[X,0x0000000080002A1A] -> 0x1513
mem[X,0x0000000080002A1C] -> 0x00B5
[2904] [M]: 0x0000000080002A1A (0x00B51513) slli x10, x10, 0xb                      inst_411+8
x10 <- 0x0000000000000000

mem[X,0x0000000080002A1E] -> 0x0513
mem[X,0x0000000080002A20] -> 0x5A85
[2905] [M]: 0x0000000080002A1E (0x5A850513) addi x10, x10, 0x5a8                    inst_411+12
x10 <- 0x00000000000005A8

clint mtime 0x00000000000005AD (mip.MTI <- 0b1, mip.STI <- 0b0)
mem[X,0x0000000080002A22] -> 0x1513
mem[X,0x0000000080002A24] -> 0x00B5
[2906] [M]: 0x0000000080002A22 (0x00B51513) slli x10, x10, 0xb                      inst_411+16
x10 <- 0x00000000002D4000

mem[X,0x0000000080002A26] -> 0x0513
mem[X,0x0000000080002A28] -> 0x13C5
[2907] [M]: 0x0000000080002A26 (0x13C50513) addi x10, x10, 0x13c                    inst_411+20
x10 <- 0x00000000002D413C

clint mtime 0x00000000000005AE (mip.MTI <- 0b1, mip.STI <- 0b0)
mem[X,0x0000000080002A2A] -> 0x1513
mem[X,0x0000000080002A2C] -> 0x00A5
[2908] [M]: 0x0000000080002A2A (0x00A51513) slli x10, x10, 0xa                      inst_411+24
x10 <- 0x00000000B504F000

mem[X,0x0000000080002A2E] -> 0x0513
mem[X,0x0000000080002A30] -> 0x3345
[2909] [M]: 0x0000000080002A2E (0x33450513) addi x10, x10, 0x334                    inst_411+28
x10 <- 0x00000000B504F334

clint mtime 0x00000000000005AF (mip.MTI <- 0b1, mip.STI <- 0b0)
mem[X,0x0000000080002A32] -> 0x050D
[2910] [M]: 0x0000000080002A32 (0x050D) c.addi x10, 0x3                             inst_411+32
x10 <- 0x00000000B504F337

mem[X,0x0000000080002A34] -> 0xBC23
mem[X,0x0000000080002A36] -> 0x3EA0
[2911] [M]: 0x0000000080002A34 (0x3EA0BC23) sd x10, 0x3f8(x1)                       inst_411+34
mem[W,0x0000000080005DF0] <- 0x00000000B504F337

clint mtime 0x00000000000005B0 (mip.MTI <- 0b1, mip.STI <- 0b0)
mem[X,0x0000000080002A38] -> 0x0537
mem[X,0x0000000080002A3A] -> 0x0000
[2912] [M]: 0x0000000080002A38 (0x00000537) lui x10, 0x0                            inst_412+0
x10 <- 0x0000000000000000

mem[X,0x0000000080002A3C] -> 0x0513
mem[X,0x0000000080002A3E] -> 0x0005
[2913] [M]: 0x0000000080002A3C (0x00050513) addi x10, x10, 0x0                      inst_412+4
x10 <- 0x0000000000000000

clint mtime 0x00000000000005B1 (mip.MTI <- 0b1, mip.STI <- 0b0)
mem[X,0x0000000080002A40] -> 0x1513
mem[X,0x0000000080002A42] -> 0x00B5
[2914] [M]: 0x0000000080002A40 (0x00B51513) slli x10, x10, 0xb                      inst_412+8
x10 <- 0x0000000000000000

mem[X,0x0000000080002A44] -> 0x0513
mem[X,0x0000000080002A46] -> 0x5A85
[2915] [M]: 0x0000000080002A44 (0x5A850513) addi x10, x10, 0x5a8                    inst_412+12
x10 <- 0x00000000000005A8

clint mtime 0x00000000000005B2 (mip.MTI <- 0b1, mip.STI <- 0b0)
mem[X,0x0000000080002A48] -> 0x1513
mem[X,0x0000000080002A4A] -> 0x00B5
[2916] [M]: 0x0000000080002A48 (0x00B51513) slli x10, x10, 0xb                      inst_412+16
x10 <- 0x00000000002D4000

mem[X,0x0000000080002A4C] -> 0x0513
mem[X,0x0000000080002A4E] -> 0x13C5
[2917] [M]: 0x0000000080002A4C (0x13C50513) addi x10, x10, 0x13c                    inst_412+20
x10 <- 0x00000000002D413C

clint mtime 0x00000000000005B3 (mip.MTI <- 0b1, mip.STI <- 0b0)
mem[X,0x0000000080002A50] -> 0x1513
mem[X,0x0000000080002A52] -> 0x00A5
[2918] [M]: 0x0000000080002A50 (0x00A51513) slli x10, x10, 0xa                      inst_412+24
x10 <- 0x00000000B504F000

mem[X,0x0000000080002A54] -> 0x0513
mem[X,0x0000000080002A56] -> 0x3345
[2919] [M]: 0x0000000080002A54 (0x33450513) addi x10, x10, 0x334                    inst_412+28
x10 <- 0x00000000B504F334

clint mtime 0x00000000000005B4 (mip.MTI <- 0b1, mip.STI <- 0b0)
mem[X,0x0000000080002A58] -> 0x0515
[2920] [M]: 0x0000000080002A58 (0x0515) c.addi x10, 0x5                             inst_412+32
x10 <- 0x00000000B504F339

mem[X,0x0000000080002A5A] -> 0xB023
mem[X,0x0000000080002A5C] -> 0x40A0
[2921] [M]: 0x0000000080002A5A (0x40A0B023) sd x10, 0x400(x1)                       inst_412+34
mem[W,0x0000000080005DF8] <- 0x00000000B504F339

clint mtime 0x00000000000005B5 (mip.MTI <- 0b1, mip.STI <- 0b0)
mem[X,0x0000000080002A5E] -> 0x0537
mem[X,0x0000000080002A60] -> 0x0000
[2922] [M]: 0x0000000080002A5E (0x00000537) lui x10, 0x0                            inst_413+0
x10 <- 0x0000000000000000

mem[X,0x0000000080002A62] -> 0x0513
mem[X,0x0000000080002A64] -> 0x0005
[2923] [M]: 0x0000000080002A62 (0x00050513) addi x10, x10, 0x0                      inst_413+4
x10 <- 0x0000000000000000

clint mtime 0x00000000000005B6 (mip.MTI <- 0b1, mip.STI <- 0b0)
mem[X,0x0000000080002A66] -> 0x1513
mem[X,0x0000000080002A68] -> 0x00B5
[2924] [M]: 0x0000000080002A66 (0x00B51513) slli x10, x10, 0xb                      inst_413+8
x10 <- 0x0000000000000000

mem[X,0x0000000080002A6A] -> 0x0513
mem[X,0x0000000080002A6C] -> 0x5A85
[2925] [M]: 0x0000000080002A6A (0x5A850513) addi x10, x10, 0x5a8                    inst_413+12
x10 <- 0x00000000000005A8

clint mtime 0x00000000000005B7 (mip.MTI <- 0b1, mip.STI <- 0b0)
mem[X,0x0000000080002A6E] -> 0x1513
mem[X,0x0000000080002A70] -> 0x00B5
[2926] [M]: 0x0000000080002A6E (0x00B51513) slli x10, x10, 0xb                      inst_413+16
x10 <- 0x00000000002D4000

mem[X,0x0000000080002A72] -> 0x0513
mem[X,0x0000000080002A74] -> 0x13C5
[2927] [M]: 0x0000000080002A72 (0x13C50513) addi x10, x10, 0x13c                    inst_413+20
x10 <- 0x00000000002D413C

clint mtime 0x00000000000005B8 (mip.MTI <- 0b1, mip.STI <- 0b0)
mem[X,0x0000000080002A76] -> 0x1513
mem[X,0x0000000080002A78] -> 0x00A5
[2928] [M]: 0x0000000080002A76 (0x00A51513) slli x10, x10, 0xa                      inst_413+24
x10 <- 0x00000000B504F000

mem[X,0x0000000080002A7A] -> 0x0513
mem[X,0x0000000080002A7C] -> 0x3345
[2929] [M]: 0x0000000080002A7A (0x33450513) addi x10, x10, 0x334                    inst_413+28
x10 <- 0x00000000B504F334

clint mtime 0x00000000000005B9 (mip.MTI <- 0b1, mip.STI <- 0b0)
mem[X,0x0000000080002A7E] -> 0x0529
[2930] [M]: 0x0000000080002A7E (0x0529) c.addi x10, 0xa                             inst_413+32
x10 <- 0x00000000B504F33E

mem[X,0x0000000080002A80] -> 0xB423
mem[X,0x0000000080002A82] -> 0x40A0
[2931] [M]: 0x0000000080002A80 (0x40A0B423) sd x10, 0x408(x1)                       inst_413+34
mem[W,0x0000000080005E00] <- 0x00000000B504F33E

clint mtime 0x00000000000005BA (mip.MTI <- 0b1, mip.STI <- 0b0)
mem[X,0x0000000080002A84] -> 0x0537
mem[X,0x0000000080002A86] -> 0x0000
[2932] [M]: 0x0000000080002A84 (0x00000537) lui x10, 0x0                            inst_414+0
x10 <- 0x0000000000000000

mem[X,0x0000000080002A88] -> 0x0513
mem[X,0x0000000080002A8A] -> 0x0005
[2933] [M]: 0x0000000080002A88 (0x00050513) addi x10, x10, 0x0                      inst_414+4
x10 <- 0x0000000000000000

clint mtime 0x00000000000005BB (mip.MTI <- 0b1, mip.STI <- 0b0)
mem[X,0x0000000080002A8C] -> 0x1513
mem[X,0x0000000080002A8E] -> 0x00B5
[2934] [M]: 0x0000000080002A8C (0x00B51513) slli x10, x10, 0xb                      inst_414+8
x10 <- 0x0000000000000000

mem[X,0x0000000080002A90] -> 0x0513
mem[X,0x0000000080002A92] -> 0x5A85
[2935] [M]: 0x0000000080002A90 (0x5A850513) addi x10, x10, 0x5a8                    inst_414+12
x10 <- 0x00000000000005A8

clint mtime 0x00000000000005BC (mip.MTI <- 0b1, mip.STI <- 0b0)
mem[X,0x0000000080002A94] -> 0x1513
mem[X,0x0000000080002A96] -> 0x00B5
[2936] [M]: 0x0000000080002A94 (0x00B51513) slli x10, x10, 0xb                      inst_414+16
x10 <- 0x00000000002D4000

mem[X,0x0000000080002A98] -> 0x0513
mem[X,0x0000000080002A9A] -> 0x13C5
[2937] [M]: 0x0000000080002A98 (0x13C50513) addi x10, x10, 0x13c                    inst_414+20
x10 <- 0x00000000002D413C

clint mtime 0x00000000000005BD (mip.MTI <- 0b1, mip.STI <- 0b0)
mem[X,0x0000000080002A9C] -> 0x1513
mem[X,0x0000000080002A9E] -> 0x00A5
[2938] [M]: 0x0000000080002A9C (0x00A51513) slli x10, x10, 0xa                      inst_414+24
x10 <- 0x00000000B504F000

mem[X,0x0000000080002AA0] -> 0x0513
mem[X,0x0000000080002AA2] -> 0x3345
[2939] [M]: 0x0000000080002AA0 (0x33450513) addi x10, x10, 0x334                    inst_414+28
x10 <- 0x00000000B504F334

clint mtime 0x00000000000005BE (mip.MTI <- 0b1, mip.STI <- 0b0)
mem[X,0x0000000080002AA4] -> 0x0519
[2940] [M]: 0x0000000080002AA4 (0x0519) c.addi x10, 0x6                             inst_414+32
x10 <- 0x00000000B504F33A

mem[X,0x0000000080002AA6] -> 0xB823
mem[X,0x0000000080002AA8] -> 0x40A0
[2941] [M]: 0x0000000080002AA6 (0x40A0B823) sd x10, 0x410(x1)                       inst_414+34
mem[W,0x0000000080005E08] <- 0x00000000B504F33A

clint mtime 0x00000000000005BF (mip.MTI <- 0b1, mip.STI <- 0b0)
mem[X,0x0000000080002AAA] -> 0x0537
mem[X,0x0000000080002AAC] -> 0x0000
[2942] [M]: 0x0000000080002AAA (0x00000537) lui x10, 0x0                            inst_415+0
x10 <- 0x0000000000000000

mem[X,0x0000000080002AAE] -> 0x0513
mem[X,0x0000000080002AB0] -> 0x0005
[2943] [M]: 0x0000000080002AAE (0x00050513) addi x10, x10, 0x0                      inst_415+4
x10 <- 0x0000000000000000

clint mtime 0x00000000000005C0 (mip.MTI <- 0b1, mip.STI <- 0b0)
mem[X,0x0000000080002AB2] -> 0x1513
mem[X,0x0000000080002AB4] -> 0x00B5
[2944] [M]: 0x0000000080002AB2 (0x00B51513) slli x10, x10, 0xb                      inst_415+8
x10 <- 0x0000000000000000

mem[X,0x0000000080002AB6] -> 0x0513
mem[X,0x0000000080002AB8] -> 0x5A85
[2945] [M]: 0x0000000080002AB6 (0x5A850513) addi x10, x10, 0x5a8                    inst_415+12
x10 <- 0x00000000000005A8

clint mtime 0x00000000000005C1 (mip.MTI <- 0b1, mip.STI <- 0b0)
mem[X,0x0000000080002ABA] -> 0x1513
mem[X,0x0000000080002ABC] -> 0x00B5
[2946] [M]: 0x0000000080002ABA (0x00B51513) slli x10, x10, 0xb                      inst_415+16
x10 <- 0x00000000002D4000

mem[X,0x0000000080002ABE] -> 0x0513
mem[X,0x0000000080002AC0] -> 0x13C5
[2947] [M]: 0x0000000080002ABE (0x13C50513) addi x10, x10, 0x13c                    inst_415+20
x10 <- 0x00000000002D413C

clint mtime 0x00000000000005C2 (mip.MTI <- 0b1, mip.STI <- 0b0)
mem[X,0x0000000080002AC2] -> 0x1513
mem[X,0x0000000080002AC4] -> 0x00A5
[2948] [M]: 0x0000000080002AC2 (0x00A51513) slli x10, x10, 0xa                      inst_415+24
x10 <- 0x00000000B504F000

mem[X,0x0000000080002AC6] -> 0x0513
mem[X,0x0000000080002AC8] -> 0x3345
[2949] [M]: 0x0000000080002AC6 (0x33450513) addi x10, x10, 0x334                    inst_415+28
x10 <- 0x00000000B504F334

clint mtime 0x00000000000005C3 (mip.MTI <- 0b1, mip.STI <- 0b0)
mem[X,0x0000000080002ACA] -> 0x1579
[2950] [M]: 0x0000000080002ACA (0x1579) c.addi x10, -0x2                            inst_415+32
x10 <- 0x00000000B504F332

mem[X,0x0000000080002ACC] -> 0xBC23
mem[X,0x0000000080002ACE] -> 0x40A0
[2951] [M]: 0x0000000080002ACC (0x40A0BC23) sd x10, 0x418(x1)                       inst_415+34
mem[W,0x0000000080005E10] <- 0x00000000B504F332

clint mtime 0x00000000000005C4 (mip.MTI <- 0b1, mip.STI <- 0b0)
mem[X,0x0000000080002AD0] -> 0x0537
mem[X,0x0000000080002AD2] -> 0x0000
[2952] [M]: 0x0000000080002AD0 (0x00000537) lui x10, 0x0                            inst_416+0
x10 <- 0x0000000000000000

mem[X,0x0000000080002AD4] -> 0x0513
mem[X,0x0000000080002AD6] -> 0x0005
[2953] [M]: 0x0000000080002AD4 (0x00050513) addi x10, x10, 0x0                      inst_416+4
x10 <- 0x0000000000000000

clint mtime 0x00000000000005C5 (mip.MTI <- 0b1, mip.STI <- 0b0)
mem[X,0x0000000080002AD8] -> 0x1513
mem[X,0x0000000080002ADA] -> 0x00B5
[2954] [M]: 0x0000000080002AD8 (0x00B51513) slli x10, x10, 0xb                      inst_416+8
x10 <- 0x0000000000000000

mem[X,0x0000000080002ADC] -> 0x0513
mem[X,0x0000000080002ADE] -> 0x5A85
[2955] [M]: 0x0000000080002ADC (0x5A850513) addi x10, x10, 0x5a8                    inst_416+12
x10 <- 0x00000000000005A8

clint mtime 0x00000000000005C6 (mip.MTI <- 0b1, mip.STI <- 0b0)
mem[X,0x0000000080002AE0] -> 0x1513
mem[X,0x0000000080002AE2] -> 0x00B5
[2956] [M]: 0x0000000080002AE0 (0x00B51513) slli x10, x10, 0xb                      inst_416+16
x10 <- 0x00000000002D4000

mem[X,0x0000000080002AE4] -> 0x0513
mem[X,0x0000000080002AE6] -> 0x13C5
[2957] [M]: 0x0000000080002AE4 (0x13C50513) addi x10, x10, 0x13c                    inst_416+20
x10 <- 0x00000000002D413C

clint mtime 0x00000000000005C7 (mip.MTI <- 0b1, mip.STI <- 0b0)
mem[X,0x0000000080002AE8] -> 0x1513
mem[X,0x0000000080002AEA] -> 0x00A5
[2958] [M]: 0x0000000080002AE8 (0x00A51513) slli x10, x10, 0xa                      inst_416+24
x10 <- 0x00000000B504F000

mem[X,0x0000000080002AEC] -> 0x0513
mem[X,0x0000000080002AEE] -> 0x3345
[2959] [M]: 0x0000000080002AEC (0x33450513) addi x10, x10, 0x334                    inst_416+28
x10 <- 0x00000000B504F334

clint mtime 0x00000000000005C8 (mip.MTI <- 0b1, mip.STI <- 0b0)
mem[X,0x0000000080002AF0] -> 0x156D
[2960] [M]: 0x0000000080002AF0 (0x156D) c.addi x10, -0x5                            inst_416+32
x10 <- 0x00000000B504F32F

mem[X,0x0000000080002AF2] -> 0xB023
mem[X,0x0000000080002AF4] -> 0x42A0
[2961] [M]: 0x0000000080002AF2 (0x42A0B023) sd x10, 0x420(x1)                       inst_416+34
mem[W,0x0000000080005E18] <- 0x00000000B504F32F

clint mtime 0x00000000000005C9 (mip.MTI <- 0b1, mip.STI <- 0b0)
mem[X,0x0000000080002AF6] -> 0x0537
mem[X,0x0000000080002AF8] -> 0x0000
[2962] [M]: 0x0000000080002AF6 (0x00000537) lui x10, 0x0                            inst_417+0
x10 <- 0x0000000000000000

mem[X,0x0000000080002AFA] -> 0x0513
mem[X,0x0000000080002AFC] -> 0x0005
[2963] [M]: 0x0000000080002AFA (0x00050513) addi x10, x10, 0x0                      inst_417+4
x10 <- 0x0000000000000000

clint mtime 0x00000000000005CA (mip.MTI <- 0b1, mip.STI <- 0b0)
mem[X,0x0000000080002AFE] -> 0x1513
mem[X,0x0000000080002B00] -> 0x00B5
[2964] [M]: 0x0000000080002AFE (0x00B51513) slli x10, x10, 0xb                      inst_417+8
x10 <- 0x0000000000000000

mem[X,0x0000000080002B02] -> 0x0513
mem[X,0x0000000080002B04] -> 0x5A85
[2965] [M]: 0x0000000080002B02 (0x5A850513) addi x10, x10, 0x5a8                    inst_417+12
x10 <- 0x00000000000005A8

clint mtime 0x00000000000005CB (mip.MTI <- 0b1, mip.STI <- 0b0)
mem[X,0x0000000080002B06] -> 0x1513
mem[X,0x0000000080002B08] -> 0x00B5
[2966] [M]: 0x0000000080002B06 (0x00B51513) slli x10, x10, 0xb                      inst_417+16
x10 <- 0x00000000002D4000

mem[X,0x0000000080002B0A] -> 0x0513
mem[X,0x0000000080002B0C] -> 0x13C5
[2967] [M]: 0x0000000080002B0A (0x13C50513) addi x10, x10, 0x13c                    inst_417+20
x10 <- 0x00000000002D413C

clint mtime 0x00000000000005CC (mip.MTI <- 0b1, mip.STI <- 0b0)
mem[X,0x0000000080002B0E] -> 0x1513
mem[X,0x0000000080002B10] -> 0x00A5
[2968] [M]: 0x0000000080002B0E (0x00A51513) slli x10, x10, 0xa                      inst_417+24
x10 <- 0x00000000B504F000

mem[X,0x0000000080002B12] -> 0x0513
mem[X,0x0000000080002B14] -> 0x3345
[2969] [M]: 0x0000000080002B12 (0x33450513) addi x10, x10, 0x334                    inst_417+28
x10 <- 0x00000000B504F334

clint mtime 0x00000000000005CD (mip.MTI <- 0b1, mip.STI <- 0b0)
mem[X,0x0000000080002B16] -> 0x0509
[2970] [M]: 0x0000000080002B16 (0x0509) c.addi x10, 0x2                             inst_417+32
x10 <- 0x00000000B504F336

mem[X,0x0000000080002B18] -> 0xB423
mem[X,0x0000000080002B1A] -> 0x42A0
[2971] [M]: 0x0000000080002B18 (0x42A0B423) sd x10, 0x428(x1)                       inst_417+34
mem[W,0x0000000080005E20] <- 0x00000000B504F336

clint mtime 0x00000000000005CE (mip.MTI <- 0b1, mip.STI <- 0b0)
mem[X,0x0000000080002B1C] -> 0x0537
mem[X,0x0000000080002B1E] -> 0x0000
[2972] [M]: 0x0000000080002B1C (0x00000537) lui x10, 0x0                            inst_418+0
x10 <- 0x0000000000000000

mem[X,0x0000000080002B20] -> 0x0513
mem[X,0x0000000080002B22] -> 0x0005
[2973] [M]: 0x0000000080002B20 (0x00050513) addi x10, x10, 0x0                      inst_418+4
x10 <- 0x0000000000000000

clint mtime 0x00000000000005CF (mip.MTI <- 0b1, mip.STI <- 0b0)
mem[X,0x0000000080002B24] -> 0x1513
mem[X,0x0000000080002B26] -> 0x00B5
[2974] [M]: 0x0000000080002B24 (0x00B51513) slli x10, x10, 0xb                      inst_418+8
x10 <- 0x0000000000000000

mem[X,0x0000000080002B28] -> 0x0513
mem[X,0x0000000080002B2A] -> 0x5A85
[2975] [M]: 0x0000000080002B28 (0x5A850513) addi x10, x10, 0x5a8                    inst_418+12
x10 <- 0x00000000000005A8

clint mtime 0x00000000000005D0 (mip.MTI <- 0b1, mip.STI <- 0b0)
mem[X,0x0000000080002B2C] -> 0x1513
mem[X,0x0000000080002B2E] -> 0x00B5
[2976] [M]: 0x0000000080002B2C (0x00B51513) slli x10, x10, 0xb                      inst_418+16
x10 <- 0x00000000002D4000

mem[X,0x0000000080002B30] -> 0x0513
mem[X,0x0000000080002B32] -> 0x13C5
[2977] [M]: 0x0000000080002B30 (0x13C50513) addi x10, x10, 0x13c                    inst_418+20
x10 <- 0x00000000002D413C

clint mtime 0x00000000000005D1 (mip.MTI <- 0b1, mip.STI <- 0b0)
mem[X,0x0000000080002B34] -> 0x1513
mem[X,0x0000000080002B36] -> 0x00A5
[2978] [M]: 0x0000000080002B34 (0x00A51513) slli x10, x10, 0xa                      inst_418+24
x10 <- 0x00000000B504F000

mem[X,0x0000000080002B38] -> 0x0513
mem[X,0x0000000080002B3A] -> 0x3345
[2979] [M]: 0x0000000080002B38 (0x33450513) addi x10, x10, 0x334                    inst_418+28
x10 <- 0x00000000B504F334

clint mtime 0x00000000000005D2 (mip.MTI <- 0b1, mip.STI <- 0b0)
mem[X,0x0000000080002B3C] -> 0x0511
[2980] [M]: 0x0000000080002B3C (0x0511) c.addi x10, 0x4                             inst_418+32
x10 <- 0x00000000B504F338

mem[X,0x0000000080002B3E] -> 0xB823
mem[X,0x0000000080002B40] -> 0x42A0
[2981] [M]: 0x0000000080002B3E (0x42A0B823) sd x10, 0x430(x1)                       inst_418+34
mem[W,0x0000000080005E28] <- 0x00000000B504F338

clint mtime 0x00000000000005D3 (mip.MTI <- 0b1, mip.STI <- 0b0)
mem[X,0x0000000080002B42] -> 0x0537
mem[X,0x0000000080002B44] -> 0x0000
[2982] [M]: 0x0000000080002B42 (0x00000537) lui x10, 0x0                            inst_419+0
x10 <- 0x0000000000000000

mem[X,0x0000000080002B46] -> 0x0513
mem[X,0x0000000080002B48] -> 0x0005
[2983] [M]: 0x0000000080002B46 (0x00050513) addi x10, x10, 0x0                      inst_419+4
x10 <- 0x0000000000000000

clint mtime 0x00000000000005D4 (mip.MTI <- 0b1, mip.STI <- 0b0)
mem[X,0x0000000080002B4A] -> 0x1513
mem[X,0x0000000080002B4C] -> 0x00B5
[2984] [M]: 0x0000000080002B4A (0x00B51513) slli x10, x10, 0xb                      inst_419+8
x10 <- 0x0000000000000000

mem[X,0x0000000080002B4E] -> 0x0513
mem[X,0x0000000080002B50] -> 0x5A85
[2985] [M]: 0x0000000080002B4E (0x5A850513) addi x10, x10, 0x5a8                    inst_419+12
x10 <- 0x00000000000005A8

clint mtime 0x00000000000005D5 (mip.MTI <- 0b1, mip.STI <- 0b0)
mem[X,0x0000000080002B52] -> 0x1513
mem[X,0x0000000080002B54] -> 0x00B5
[2986] [M]: 0x0000000080002B52 (0x00B51513) slli x10, x10, 0xb                      inst_419+16
x10 <- 0x00000000002D4000

mem[X,0x0000000080002B56] -> 0x0513
mem[X,0x0000000080002B58] -> 0x13C5
[2987] [M]: 0x0000000080002B56 (0x13C50513) addi x10, x10, 0x13c                    inst_419+20
x10 <- 0x00000000002D413C

clint mtime 0x00000000000005D6 (mip.MTI <- 0b1, mip.STI <- 0b0)
mem[X,0x0000000080002B5A] -> 0x1513
mem[X,0x0000000080002B5C] -> 0x00A5
[2988] [M]: 0x0000000080002B5A (0x00A51513) slli x10, x10, 0xa                      inst_419+24
x10 <- 0x00000000B504F000

mem[X,0x0000000080002B5E] -> 0x0513
mem[X,0x0000000080002B60] -> 0x3345
[2989] [M]: 0x0000000080002B5E (0x33450513) addi x10, x10, 0x334                    inst_419+28
x10 <- 0x00000000B504F334

clint mtime 0x00000000000005D7 (mip.MTI <- 0b1, mip.STI <- 0b0)
mem[X,0x0000000080002B62] -> 0x0525
[2990] [M]: 0x0000000080002B62 (0x0525) c.addi x10, 0x9                             inst_419+32
x10 <- 0x00000000B504F33D

mem[X,0x0000000080002B64] -> 0xBC23
mem[X,0x0000000080002B66] -> 0x42A0
[2991] [M]: 0x0000000080002B64 (0x42A0BC23) sd x10, 0x438(x1)                       inst_419+34
mem[W,0x0000000080005E30] <- 0x00000000B504F33D

clint mtime 0x00000000000005D8 (mip.MTI <- 0b1, mip.STI <- 0b0)
mem[X,0x0000000080002B68] -> 0x0537
mem[X,0x0000000080002B6A] -> 0x0000
[2992] [M]: 0x0000000080002B68 (0x00000537) lui x10, 0x0                            inst_420+0
x10 <- 0x0000000000000000

mem[X,0x0000000080002B6C] -> 0x0513
mem[X,0x0000000080002B6E] -> 0x0005
[2993] [M]: 0x0000000080002B6C (0x00050513) addi x10, x10, 0x0                      inst_420+4
x10 <- 0x0000000000000000

clint mtime 0x00000000000005D9 (mip.MTI <- 0b1, mip.STI <- 0b0)
mem[X,0x0000000080002B70] -> 0x1513
mem[X,0x0000000080002B72] -> 0x00B5
[2994] [M]: 0x0000000080002B70 (0x00B51513) slli x10, x10, 0xb                      inst_420+8
x10 <- 0x0000000000000000

mem[X,0x0000000080002B74] -> 0x0513
mem[X,0x0000000080002B76] -> 0x5A85
[2995] [M]: 0x0000000080002B74 (0x5A850513) addi x10, x10, 0x5a8                    inst_420+12
x10 <- 0x00000000000005A8

clint mtime 0x00000000000005DA (mip.MTI <- 0b1, mip.STI <- 0b0)
mem[X,0x0000000080002B78] -> 0x1513
mem[X,0x0000000080002B7A] -> 0x00B5
[2996] [M]: 0x0000000080002B78 (0x00B51513) slli x10, x10, 0xb                      inst_420+16
x10 <- 0x00000000002D4000

mem[X,0x0000000080002B7C] -> 0x0513
mem[X,0x0000000080002B7E] -> 0x13C5
[2997] [M]: 0x0000000080002B7C (0x13C50513) addi x10, x10, 0x13c                    inst_420+20
x10 <- 0x00000000002D413C

clint mtime 0x00000000000005DB (mip.MTI <- 0b1, mip.STI <- 0b0)
mem[X,0x0000000080002B80] -> 0x1513
mem[X,0x0000000080002B82] -> 0x00A5
[2998] [M]: 0x0000000080002B80 (0x00A51513) slli x10, x10, 0xa                      inst_420+24
x10 <- 0x00000000B504F000

mem[X,0x0000000080002B84] -> 0x0513
mem[X,0x0000000080002B86] -> 0x3345
[2999] [M]: 0x0000000080002B84 (0x33450513) addi x10, x10, 0x334                    inst_420+28
x10 <- 0x00000000B504F334

clint mtime 0x00000000000005DC (mip.MTI <- 0b1, mip.STI <- 0b0)
mem[X,0x0000000080002B88] -> 0x0501
[3000] [M]: 0x0000000080002B88 (0x0501) c.addi x10, 0x0                             inst_420+32
x10 <- 0x00000000B504F334

mem[X,0x0000000080002B8A] -> 0xB023
mem[X,0x0000000080002B8C] -> 0x44A0
[3001] [M]: 0x0000000080002B8A (0x44A0B023) sd x10, 0x440(x1)                       inst_420+34
mem[W,0x0000000080005E38] <- 0x00000000B504F334

clint mtime 0x00000000000005DD (mip.MTI <- 0b1, mip.STI <- 0b0)
mem[X,0x0000000080002B8E] -> 0x0537
mem[X,0x0000000080002B90] -> 0x0000
[3002] [M]: 0x0000000080002B8E (0x00000537) lui x10, 0x0                            inst_421+0
x10 <- 0x0000000000000000

mem[X,0x0000000080002B92] -> 0x0513
mem[X,0x0000000080002B94] -> 0x0005
[3003] [M]: 0x0000000080002B92 (0x00050513) addi x10, x10, 0x0                      inst_421+4
x10 <- 0x0000000000000000

clint mtime 0x00000000000005DE (mip.MTI <- 0b1, mip.STI <- 0b0)
mem[X,0x0000000080002B96] -> 0x1513
mem[X,0x0000000080002B98] -> 0x00B5
[3004] [M]: 0x0000000080002B96 (0x00B51513) slli x10, x10, 0xb                      inst_421+8
x10 <- 0x0000000000000000

mem[X,0x0000000080002B9A] -> 0x0513
mem[X,0x0000000080002B9C] -> 0x5A85
[3005] [M]: 0x0000000080002B9A (0x5A850513) addi x10, x10, 0x5a8                    inst_421+12
x10 <- 0x00000000000005A8

clint mtime 0x00000000000005DF (mip.MTI <- 0b1, mip.STI <- 0b0)
mem[X,0x0000000080002B9E] -> 0x1513
mem[X,0x0000000080002BA0] -> 0x00B5
[3006] [M]: 0x0000000080002B9E (0x00B51513) slli x10, x10, 0xb                      inst_421+16
x10 <- 0x00000000002D4000

mem[X,0x0000000080002BA2] -> 0x0513
mem[X,0x0000000080002BA4] -> 0x13C5
[3007] [M]: 0x0000000080002BA2 (0x13C50513) addi x10, x10, 0x13c                    inst_421+20
x10 <- 0x00000000002D413C

clint mtime 0x00000000000005E0 (mip.MTI <- 0b1, mip.STI <- 0b0)
mem[X,0x0000000080002BA6] -> 0x1513
mem[X,0x0000000080002BA8] -> 0x00A5
[3008] [M]: 0x0000000080002BA6 (0x00A51513) slli x10, x10, 0xa                      inst_421+24
x10 <- 0x00000000B504F000

mem[X,0x0000000080002BAA] -> 0x0513
mem[X,0x0000000080002BAC] -> 0x3345
[3009] [M]: 0x0000000080002BAA (0x33450513) addi x10, x10, 0x334                    inst_421+28
x10 <- 0x00000000B504F334

clint mtime 0x00000000000005E1 (mip.MTI <- 0b1, mip.STI <- 0b0)
mem[X,0x0000000080002BAE] -> 0x052D
[3010] [M]: 0x0000000080002BAE (0x052D) c.addi x10, 0xb                             inst_421+32
x10 <- 0x00000000B504F33F

mem[X,0x0000000080002BB0] -> 0xB423
mem[X,0x0000000080002BB2] -> 0x44A0
[3011] [M]: 0x0000000080002BB0 (0x44A0B423) sd x10, 0x448(x1)                       inst_421+34
mem[W,0x0000000080005E40] <- 0x00000000B504F33F

clint mtime 0x00000000000005E2 (mip.MTI <- 0b1, mip.STI <- 0b0)
mem[X,0x0000000080002BB4] -> 0x0537
mem[X,0x0000000080002BB6] -> 0x0000
[3012] [M]: 0x0000000080002BB4 (0x00000537) lui x10, 0x0                            inst_422+0
x10 <- 0x0000000000000000

mem[X,0x0000000080002BB8] -> 0x0513
mem[X,0x0000000080002BBA] -> 0x0005
[3013] [M]: 0x0000000080002BB8 (0x00050513) addi x10, x10, 0x0                      inst_422+4
x10 <- 0x0000000000000000

clint mtime 0x00000000000005E3 (mip.MTI <- 0b1, mip.STI <- 0b0)
mem[X,0x0000000080002BBC] -> 0x1513
mem[X,0x0000000080002BBE] -> 0x00B5
[3014] [M]: 0x0000000080002BBC (0x00B51513) slli x10, x10, 0xb                      inst_422+8
x10 <- 0x0000000000000000

mem[X,0x0000000080002BC0] -> 0x0513
mem[X,0x0000000080002BC2] -> 0x5A85
[3015] [M]: 0x0000000080002BC0 (0x5A850513) addi x10, x10, 0x5a8                    inst_422+12
x10 <- 0x00000000000005A8

clint mtime 0x00000000000005E4 (mip.MTI <- 0b1, mip.STI <- 0b0)
mem[X,0x0000000080002BC4] -> 0x1513
mem[X,0x0000000080002BC6] -> 0x00B5
[3016] [M]: 0x0000000080002BC4 (0x00B51513) slli x10, x10, 0xb                      inst_422+16
x10 <- 0x00000000002D4000

mem[X,0x0000000080002BC8] -> 0x0513
mem[X,0x0000000080002BCA] -> 0x13C5
[3017] [M]: 0x0000000080002BC8 (0x13C50513) addi x10, x10, 0x13c                    inst_422+20
x10 <- 0x00000000002D413C

clint mtime 0x00000000000005E5 (mip.MTI <- 0b1, mip.STI <- 0b0)
mem[X,0x0000000080002BCC] -> 0x1513
mem[X,0x0000000080002BCE] -> 0x00A5
[3018] [M]: 0x0000000080002BCC (0x00A51513) slli x10, x10, 0xa                      inst_422+24
x10 <- 0x00000000B504F000

mem[X,0x0000000080002BD0] -> 0x0513
mem[X,0x0000000080002BD2] -> 0x3345
[3019] [M]: 0x0000000080002BD0 (0x33450513) addi x10, x10, 0x334                    inst_422+28
x10 <- 0x00000000B504F334

clint mtime 0x00000000000005E6 (mip.MTI <- 0b1, mip.STI <- 0b0)
mem[X,0x0000000080002BD4] -> 0x051D
[3020] [M]: 0x0000000080002BD4 (0x051D) c.addi x10, 0x7                             inst_422+32
x10 <- 0x00000000B504F33B

mem[X,0x0000000080002BD6] -> 0xB823
mem[X,0x0000000080002BD8] -> 0x44A0
[3021] [M]: 0x0000000080002BD6 (0x44A0B823) sd x10, 0x450(x1)                       inst_422+34
mem[W,0x0000000080005E48] <- 0x00000000B504F33B

clint mtime 0x00000000000005E7 (mip.MTI <- 0b1, mip.STI <- 0b0)
mem[X,0x0000000080002BDA] -> 0x0537
mem[X,0x0000000080002BDC] -> 0x0000
[3022] [M]: 0x0000000080002BDA (0x00000537) lui x10, 0x0                            inst_423+0
x10 <- 0x0000000000000000

mem[X,0x0000000080002BDE] -> 0x0513
mem[X,0x0000000080002BE0] -> 0x0005
[3023] [M]: 0x0000000080002BDE (0x00050513) addi x10, x10, 0x0                      inst_423+4
x10 <- 0x0000000000000000

clint mtime 0x00000000000005E8 (mip.MTI <- 0b1, mip.STI <- 0b0)
mem[X,0x0000000080002BE2] -> 0x1513
mem[X,0x0000000080002BE4] -> 0x00B5
[3024] [M]: 0x0000000080002BE2 (0x00B51513) slli x10, x10, 0xb                      inst_423+8
x10 <- 0x0000000000000000

mem[X,0x0000000080002BE6] -> 0x0513
mem[X,0x0000000080002BE8] -> 0x5A85
[3025] [M]: 0x0000000080002BE6 (0x5A850513) addi x10, x10, 0x5a8                    inst_423+12
x10 <- 0x00000000000005A8

clint mtime 0x00000000000005E9 (mip.MTI <- 0b1, mip.STI <- 0b0)
mem[X,0x0000000080002BEA] -> 0x1513
mem[X,0x0000000080002BEC] -> 0x00B5
[3026] [M]: 0x0000000080002BEA (0x00B51513) slli x10, x10, 0xb                      inst_423+16
x10 <- 0x00000000002D4000

mem[X,0x0000000080002BEE] -> 0x0513
mem[X,0x0000000080002BF0] -> 0x13C5
[3027] [M]: 0x0000000080002BEE (0x13C50513) addi x10, x10, 0x13c                    inst_423+20
x10 <- 0x00000000002D413C

clint mtime 0x00000000000005EA (mip.MTI <- 0b1, mip.STI <- 0b0)
mem[X,0x0000000080002BF2] -> 0x1513
mem[X,0x0000000080002BF4] -> 0x00A5
[3028] [M]: 0x0000000080002BF2 (0x00A51513) slli x10, x10, 0xa                      inst_423+24
x10 <- 0x00000000B504F000

mem[X,0x0000000080002BF6] -> 0x0513
mem[X,0x0000000080002BF8] -> 0x3345
[3029] [M]: 0x0000000080002BF6 (0x33450513) addi x10, x10, 0x334                    inst_423+28
x10 <- 0x00000000B504F334

clint mtime 0x00000000000005EB (mip.MTI <- 0b1, mip.STI <- 0b0)
mem[X,0x0000000080002BFA] -> 0x157D
[3030] [M]: 0x0000000080002BFA (0x157D) c.addi x10, -0x1                            inst_423+32
x10 <- 0x00000000B504F333

mem[X,0x0000000080002BFC] -> 0xBC23
mem[X,0x0000000080002BFE] -> 0x44A0
[3031] [M]: 0x0000000080002BFC (0x44A0BC23) sd x10, 0x458(x1)                       inst_423+34
mem[W,0x0000000080005E50] <- 0x00000000B504F333

clint mtime 0x00000000000005EC (mip.MTI <- 0b1, mip.STI <- 0b0)
mem[X,0x0000000080002C00] -> 0x0537
mem[X,0x0000000080002C02] -> 0x0000
[3032] [M]: 0x0000000080002C00 (0x00000537) lui x10, 0x0                            inst_424+0
x10 <- 0x0000000000000000

mem[X,0x0000000080002C04] -> 0x0513
mem[X,0x0000000080002C06] -> 0x0005
[3033] [M]: 0x0000000080002C04 (0x00050513) addi x10, x10, 0x0                      inst_424+4
x10 <- 0x0000000000000000

clint mtime 0x00000000000005ED (mip.MTI <- 0b1, mip.STI <- 0b0)
mem[X,0x0000000080002C08] -> 0x1513
mem[X,0x0000000080002C0A] -> 0x00B5
[3034] [M]: 0x0000000080002C08 (0x00B51513) slli x10, x10, 0xb                      inst_424+8
x10 <- 0x0000000000000000

mem[X,0x0000000080002C0C] -> 0x0513
mem[X,0x0000000080002C0E] -> 0x5A85
[3035] [M]: 0x0000000080002C0C (0x5A850513) addi x10, x10, 0x5a8                    inst_424+12
x10 <- 0x00000000000005A8

clint mtime 0x00000000000005EE (mip.MTI <- 0b1, mip.STI <- 0b0)
mem[X,0x0000000080002C10] -> 0x1513
mem[X,0x0000000080002C12] -> 0x00B5
[3036] [M]: 0x0000000080002C10 (0x00B51513) slli x10, x10, 0xb                      inst_424+16
x10 <- 0x00000000002D4000

mem[X,0x0000000080002C14] -> 0x0513
mem[X,0x0000000080002C16] -> 0x13C5
[3037] [M]: 0x0000000080002C14 (0x13C50513) addi x10, x10, 0x13c                    inst_424+20
x10 <- 0x00000000002D413C

clint mtime 0x00000000000005EF (mip.MTI <- 0b1, mip.STI <- 0b0)
mem[X,0x0000000080002C18] -> 0x1513
mem[X,0x0000000080002C1A] -> 0x00A5
[3038] [M]: 0x0000000080002C18 (0x00A51513) slli x10, x10, 0xa                      inst_424+24
x10 <- 0x00000000B504F000

mem[X,0x0000000080002C1C] -> 0x0513
mem[X,0x0000000080002C1E] -> 0x3345
[3039] [M]: 0x0000000080002C1C (0x33450513) addi x10, x10, 0x334                    inst_424+28
x10 <- 0x00000000B504F334

clint mtime 0x00000000000005F0 (mip.MTI <- 0b1, mip.STI <- 0b0)
mem[X,0x0000000080002C20] -> 0x1571
[3040] [M]: 0x0000000080002C20 (0x1571) c.addi x10, -0x4                            inst_424+32
x10 <- 0x00000000B504F330

mem[X,0x0000000080002C22] -> 0xB023
mem[X,0x0000000080002C24] -> 0x46A0
[3041] [M]: 0x0000000080002C22 (0x46A0B023) sd x10, 0x460(x1)                       inst_424+34
mem[W,0x0000000080005E58] <- 0x00000000B504F330

clint mtime 0x00000000000005F1 (mip.MTI <- 0b1, mip.STI <- 0b0)
mem[X,0x0000000080002C26] -> 0x6537
mem[X,0x0000000080002C28] -> 0x6666
[3042] [M]: 0x0000000080002C26 (0x66666537) lui x10, 0x66666                        inst_425+0
x10 <- 0x0000000066666000

mem[X,0x0000000080002C2A] -> 0x0513
mem[X,0x0000000080002C2C] -> 0x6665
[3043] [M]: 0x0000000080002C2A (0x66650513) addi x10, x10, 0x666                    inst_425+4
x10 <- 0x0000000066666666

clint mtime 0x00000000000005F2 (mip.MTI <- 0b1, mip.STI <- 0b0)
mem[X,0x0000000080002C2E] -> 0x1513
mem[X,0x0000000080002C30] -> 0x00B5
[3044] [M]: 0x0000000080002C2E (0x00B51513) slli x10, x10, 0xb                      inst_425+8
x10 <- 0x0000033333333000

mem[X,0x0000000080002C32] -> 0x0513
mem[X,0x0000000080002C34] -> 0x3335
[3045] [M]: 0x0000000080002C32 (0x33350513) addi x10, x10, 0x333                    inst_425+12
x10 <- 0x0000033333333333

clint mtime 0x00000000000005F3 (mip.MTI <- 0b1, mip.STI <- 0b0)
mem[X,0x0000000080002C36] -> 0x1513
mem[X,0x0000000080002C38] -> 0x00B5
[3046] [M]: 0x0000000080002C36 (0x00B51513) slli x10, x10, 0xb                      inst_425+16
x10 <- 0x0019999999999800

mem[X,0x0000000080002C3A] -> 0x0513
mem[X,0x0000000080002C3C] -> 0x1995
[3047] [M]: 0x0000000080002C3A (0x19950513) addi x10, x10, 0x199                    inst_425+20
x10 <- 0x0019999999999999

clint mtime 0x00000000000005F4 (mip.MTI <- 0b1, mip.STI <- 0b0)
mem[X,0x0000000080002C3E] -> 0x1513
mem[X,0x0000000080002C40] -> 0x00A5
[3048] [M]: 0x0000000080002C3E (0x00A51513) slli x10, x10, 0xa                      inst_425+24
x10 <- 0x6666666666666400

mem[X,0x0000000080002C42] -> 0x0513
mem[X,0x0000000080002C44] -> 0x2675
[3049] [M]: 0x0000000080002C42 (0x26750513) addi x10, x10, 0x267                    inst_425+28
x10 <- 0x6666666666666667

clint mtime 0x00000000000005F5 (mip.MTI <- 0b1, mip.STI <- 0b0)
mem[X,0x0000000080002C46] -> 0x051D
[3050] [M]: 0x0000000080002C46 (0x051D) c.addi x10, 0x7                             inst_425+32
x10 <- 0x666666666666666E

mem[X,0x0000000080002C48] -> 0xB423
mem[X,0x0000000080002C4A] -> 0x46A0
[3051] [M]: 0x0000000080002C48 (0x46A0B423) sd x10, 0x468(x1)                       inst_425+34
mem[W,0x0000000080005E60] <- 0x666666666666666E

clint mtime 0x00000000000005F6 (mip.MTI <- 0b1, mip.STI <- 0b0)
mem[X,0x0000000080002C4C] -> 0x6537
mem[X,0x0000000080002C4E] -> 0x6666
[3052] [M]: 0x0000000080002C4C (0x66666537) lui x10, 0x66666                        inst_426+0
x10 <- 0x0000000066666000

mem[X,0x0000000080002C50] -> 0x0513
mem[X,0x0000000080002C52] -> 0x6665
[3053] [M]: 0x0000000080002C50 (0x66650513) addi x10, x10, 0x666                    inst_426+4
x10 <- 0x0000000066666666

clint mtime 0x00000000000005F7 (mip.MTI <- 0b1, mip.STI <- 0b0)
mem[X,0x0000000080002C54] -> 0x1513
mem[X,0x0000000080002C56] -> 0x00B5
[3054] [M]: 0x0000000080002C54 (0x00B51513) slli x10, x10, 0xb                      inst_426+8
x10 <- 0x0000033333333000

mem[X,0x0000000080002C58] -> 0x0513
mem[X,0x0000000080002C5A] -> 0x3335
[3055] [M]: 0x0000000080002C58 (0x33350513) addi x10, x10, 0x333                    inst_426+12
x10 <- 0x0000033333333333

clint mtime 0x00000000000005F8 (mip.MTI <- 0b1, mip.STI <- 0b0)
mem[X,0x0000000080002C5C] -> 0x1513
mem[X,0x0000000080002C5E] -> 0x00B5
[3056] [M]: 0x0000000080002C5C (0x00B51513) slli x10, x10, 0xb                      inst_426+16
x10 <- 0x0019999999999800

mem[X,0x0000000080002C60] -> 0x0513
mem[X,0x0000000080002C62] -> 0x1995
[3057] [M]: 0x0000000080002C60 (0x19950513) addi x10, x10, 0x199                    inst_426+20
x10 <- 0x0019999999999999

clint mtime 0x00000000000005F9 (mip.MTI <- 0b1, mip.STI <- 0b0)
mem[X,0x0000000080002C64] -> 0x1513
mem[X,0x0000000080002C66] -> 0x00A5
[3058] [M]: 0x0000000080002C64 (0x00A51513) slli x10, x10, 0xa                      inst_426+24
x10 <- 0x6666666666666400

mem[X,0x0000000080002C68] -> 0x0513
mem[X,0x0000000080002C6A] -> 0x2675
[3059] [M]: 0x0000000080002C68 (0x26750513) addi x10, x10, 0x267                    inst_426+28
x10 <- 0x6666666666666667

clint mtime 0x00000000000005FA (mip.MTI <- 0b1, mip.STI <- 0b0)
mem[X,0x0000000080002C6C] -> 0x157D
[3060] [M]: 0x0000000080002C6C (0x157D) c.addi x10, -0x1                            inst_426+32
x10 <- 0x6666666666666666

mem[X,0x0000000080002C6E] -> 0xB823
mem[X,0x0000000080002C70] -> 0x46A0
[3061] [M]: 0x0000000080002C6E (0x46A0B823) sd x10, 0x470(x1)                       inst_426+34
mem[W,0x0000000080005E68] <- 0x6666666666666666

clint mtime 0x00000000000005FB (mip.MTI <- 0b1, mip.STI <- 0b0)
mem[X,0x0000000080002C72] -> 0x6537
mem[X,0x0000000080002C74] -> 0x6666
[3062] [M]: 0x0000000080002C72 (0x66666537) lui x10, 0x66666                        inst_427+0
x10 <- 0x0000000066666000

mem[X,0x0000000080002C76] -> 0x0513
mem[X,0x0000000080002C78] -> 0x6665
[3063] [M]: 0x0000000080002C76 (0x66650513) addi x10, x10, 0x666                    inst_427+4
x10 <- 0x0000000066666666

clint mtime 0x00000000000005FC (mip.MTI <- 0b1, mip.STI <- 0b0)
mem[X,0x0000000080002C7A] -> 0x1513
mem[X,0x0000000080002C7C] -> 0x00B5
[3064] [M]: 0x0000000080002C7A (0x00B51513) slli x10, x10, 0xb                      inst_427+8
x10 <- 0x0000033333333000

mem[X,0x0000000080002C7E] -> 0x0513
mem[X,0x0000000080002C80] -> 0x3335
[3065] [M]: 0x0000000080002C7E (0x33350513) addi x10, x10, 0x333                    inst_427+12
x10 <- 0x0000033333333333

clint mtime 0x00000000000005FD (mip.MTI <- 0b1, mip.STI <- 0b0)
mem[X,0x0000000080002C82] -> 0x1513
mem[X,0x0000000080002C84] -> 0x00B5
[3066] [M]: 0x0000000080002C82 (0x00B51513) slli x10, x10, 0xb                      inst_427+16
x10 <- 0x0019999999999800

mem[X,0x0000000080002C86] -> 0x0513
mem[X,0x0000000080002C88] -> 0x1995
[3067] [M]: 0x0000000080002C86 (0x19950513) addi x10, x10, 0x199                    inst_427+20
x10 <- 0x0019999999999999

clint mtime 0x00000000000005FE (mip.MTI <- 0b1, mip.STI <- 0b0)
mem[X,0x0000000080002C8A] -> 0x1513
mem[X,0x0000000080002C8C] -> 0x00A5
[3068] [M]: 0x0000000080002C8A (0x00A51513) slli x10, x10, 0xa                      inst_427+24
x10 <- 0x6666666666666400

mem[X,0x0000000080002C8E] -> 0x0513
mem[X,0x0000000080002C90] -> 0x2675
[3069] [M]: 0x0000000080002C8E (0x26750513) addi x10, x10, 0x267                    inst_427+28
x10 <- 0x6666666666666667

clint mtime 0x00000000000005FF (mip.MTI <- 0b1, mip.STI <- 0b0)
mem[X,0x0000000080002C92] -> 0x1571
[3070] [M]: 0x0000000080002C92 (0x1571) c.addi x10, -0x4                            inst_427+32
x10 <- 0x6666666666666663

mem[X,0x0000000080002C94] -> 0xBC23
mem[X,0x0000000080002C96] -> 0x46A0
[3071] [M]: 0x0000000080002C94 (0x46A0BC23) sd x10, 0x478(x1)                       inst_427+34
mem[W,0x0000000080005E70] <- 0x6666666666666663

clint mtime 0x0000000000000600 (mip.MTI <- 0b1, mip.STI <- 0b0)
mem[X,0x0000000080002C98] -> 0x0537
mem[X,0x0000000080002C9A] -> 0x0000
[3072] [M]: 0x0000000080002C98 (0x00000537) lui x10, 0x0                            inst_428+0
x10 <- 0x0000000000000000

mem[X,0x0000000080002C9C] -> 0x0513
mem[X,0x0000000080002C9E] -> 0xFFF5
[3073] [M]: 0x0000000080002C9C (0xFFF50513) addi x10, x10, -0x1                     inst_428+4
x10 <- 0xFFFFFFFFFFFFFFFF

clint mtime 0x0000000000000601 (mip.MTI <- 0b1, mip.STI <- 0b0)
mem[X,0x0000000080002CA0] -> 0x1513
mem[X,0x0000000080002CA2] -> 0x00B5
[3074] [M]: 0x0000000080002CA0 (0x00B51513) slli x10, x10, 0xb                      inst_428+8
x10 <- 0xFFFFFFFFFFFFF800

mem[X,0x0000000080002CA4] -> 0x0513
mem[X,0x0000000080002CA6] -> 0x2575
[3075] [M]: 0x0000000080002CA4 (0x25750513) addi x10, x10, 0x257                    inst_428+12
x10 <- 0xFFFFFFFFFFFFFA57

clint mtime 0x0000000000000602 (mip.MTI <- 0b1, mip.STI <- 0b0)
mem[X,0x0000000080002CA8] -> 0x1513
mem[X,0x0000000080002CAA] -> 0x00B5
[3076] [M]: 0x0000000080002CA8 (0x00B51513) slli x10, x10, 0xb                      inst_428+16
x10 <- 0xFFFFFFFFFFD2B800

mem[X,0x0000000080002CAC] -> 0x0513
mem[X,0x0000000080002CAE] -> 0x6C35
[3077] [M]: 0x0000000080002CAC (0x6C350513) addi x10, x10, 0x6c3                    inst_428+20
x10 <- 0xFFFFFFFFFFD2BEC3

clint mtime 0x0000000000000603 (mip.MTI <- 0b1, mip.STI <- 0b0)
mem[X,0x0000000080002CB0] -> 0x1513
mem[X,0x0000000080002CB2] -> 0x00A5
[3078] [M]: 0x0000000080002CB0 (0x00A51513) slli x10, x10, 0xa                      inst_428+24
x10 <- 0xFFFFFFFF4AFB0C00

mem[X,0x0000000080002CB4] -> 0x0513
mem[X,0x0000000080002CB6] -> 0x0CE5
[3079] [M]: 0x0000000080002CB4 (0x0CE50513) addi x10, x10, 0xce                     inst_428+28
x10 <- 0xFFFFFFFF4AFB0CCE

clint mtime 0x0000000000000604 (mip.MTI <- 0b1, mip.STI <- 0b0)
mem[X,0x0000000080002CB8] -> 0x050D
[3080] [M]: 0x0000000080002CB8 (0x050D) c.addi x10, 0x3                             inst_428+32
x10 <- 0xFFFFFFFF4AFB0CD1

mem[X,0x0000000080002CBA] -> 0xB023
mem[X,0x0000000080002CBC] -> 0x48A0
[3081] [M]: 0x0000000080002CBA (0x48A0B023) sd x10, 0x480(x1)                       inst_428+34
mem[W,0x0000000080005E78] <- 0xFFFFFFFF4AFB0CD1

clint mtime 0x0000000000000605 (mip.MTI <- 0b1, mip.STI <- 0b0)
mem[X,0x0000000080002CBE] -> 0x0537
mem[X,0x0000000080002CC0] -> 0x0000
[3082] [M]: 0x0000000080002CBE (0x00000537) lui x10, 0x0                            inst_429+0
x10 <- 0x0000000000000000

mem[X,0x0000000080002CC2] -> 0x0513
mem[X,0x0000000080002CC4] -> 0xFFF5
[3083] [M]: 0x0000000080002CC2 (0xFFF50513) addi x10, x10, -0x1                     inst_429+4
x10 <- 0xFFFFFFFFFFFFFFFF

clint mtime 0x0000000000000606 (mip.MTI <- 0b1, mip.STI <- 0b0)
mem[X,0x0000000080002CC6] -> 0x1513
mem[X,0x0000000080002CC8] -> 0x00B5
[3084] [M]: 0x0000000080002CC6 (0x00B51513) slli x10, x10, 0xb                      inst_429+8
x10 <- 0xFFFFFFFFFFFFF800

mem[X,0x0000000080002CCA] -> 0x0513
mem[X,0x0000000080002CCC] -> 0x2575
[3085] [M]: 0x0000000080002CCA (0x25750513) addi x10, x10, 0x257                    inst_429+12
x10 <- 0xFFFFFFFFFFFFFA57

clint mtime 0x0000000000000607 (mip.MTI <- 0b1, mip.STI <- 0b0)
mem[X,0x0000000080002CCE] -> 0x1513
mem[X,0x0000000080002CD0] -> 0x00B5
[3086] [M]: 0x0000000080002CCE (0x00B51513) slli x10, x10, 0xb                      inst_429+16
x10 <- 0xFFFFFFFFFFD2B800

mem[X,0x0000000080002CD2] -> 0x0513
mem[X,0x0000000080002CD4] -> 0x6C35
[3087] [M]: 0x0000000080002CD2 (0x6C350513) addi x10, x10, 0x6c3                    inst_429+20
x10 <- 0xFFFFFFFFFFD2BEC3

clint mtime 0x0000000000000608 (mip.MTI <- 0b1, mip.STI <- 0b0)
mem[X,0x0000000080002CD6] -> 0x1513
mem[X,0x0000000080002CD8] -> 0x00A5
[3088] [M]: 0x0000000080002CD6 (0x00A51513) slli x10, x10, 0xa                      inst_429+24
x10 <- 0xFFFFFFFF4AFB0C00

mem[X,0x0000000080002CDA] -> 0x0513
mem[X,0x0000000080002CDC] -> 0x0CE5
[3089] [M]: 0x0000000080002CDA (0x0CE50513) addi x10, x10, 0xce                     inst_429+28
x10 <- 0xFFFFFFFF4AFB0CCE

clint mtime 0x0000000000000609 (mip.MTI <- 0b1, mip.STI <- 0b0)
mem[X,0x0000000080002CDE] -> 0x0515
[3090] [M]: 0x0000000080002CDE (0x0515) c.addi x10, 0x5                             inst_429+32
x10 <- 0xFFFFFFFF4AFB0CD3

mem[X,0x0000000080002CE0] -> 0xB423
mem[X,0x0000000080002CE2] -> 0x48A0
[3091] [M]: 0x0000000080002CE0 (0x48A0B423) sd x10, 0x488(x1)                       inst_429+34
mem[W,0x0000000080005E80] <- 0xFFFFFFFF4AFB0CD3

clint mtime 0x000000000000060A (mip.MTI <- 0b1, mip.STI <- 0b0)
mem[X,0x0000000080002CE4] -> 0x0537
mem[X,0x0000000080002CE6] -> 0x0000
[3092] [M]: 0x0000000080002CE4 (0x00000537) lui x10, 0x0                            inst_430+0
x10 <- 0x0000000000000000

mem[X,0x0000000080002CE8] -> 0x0513
mem[X,0x0000000080002CEA] -> 0xFFF5
[3093] [M]: 0x0000000080002CE8 (0xFFF50513) addi x10, x10, -0x1                     inst_430+4
x10 <- 0xFFFFFFFFFFFFFFFF

clint mtime 0x000000000000060B (mip.MTI <- 0b1, mip.STI <- 0b0)
mem[X,0x0000000080002CEC] -> 0x1513
mem[X,0x0000000080002CEE] -> 0x00B5
[3094] [M]: 0x0000000080002CEC (0x00B51513) slli x10, x10, 0xb                      inst_430+8
x10 <- 0xFFFFFFFFFFFFF800

mem[X,0x0000000080002CF0] -> 0x0513
mem[X,0x0000000080002CF2] -> 0x2575
[3095] [M]: 0x0000000080002CF0 (0x25750513) addi x10, x10, 0x257                    inst_430+12
x10 <- 0xFFFFFFFFFFFFFA57

clint mtime 0x000000000000060C (mip.MTI <- 0b1, mip.STI <- 0b0)
mem[X,0x0000000080002CF4] -> 0x1513
mem[X,0x0000000080002CF6] -> 0x00B5
[3096] [M]: 0x0000000080002CF4 (0x00B51513) slli x10, x10, 0xb                      inst_430+16
x10 <- 0xFFFFFFFFFFD2B800

mem[X,0x0000000080002CF8] -> 0x0513
mem[X,0x0000000080002CFA] -> 0x6C35
[3097] [M]: 0x0000000080002CF8 (0x6C350513) addi x10, x10, 0x6c3                    inst_430+20
x10 <- 0xFFFFFFFFFFD2BEC3

clint mtime 0x000000000000060D (mip.MTI <- 0b1, mip.STI <- 0b0)
mem[X,0x0000000080002CFC] -> 0x1513
mem[X,0x0000000080002CFE] -> 0x00A5
[3098] [M]: 0x0000000080002CFC (0x00A51513) slli x10, x10, 0xa                      inst_430+24
x10 <- 0xFFFFFFFF4AFB0C00

mem[X,0x0000000080002D00] -> 0x0513
mem[X,0x0000000080002D02] -> 0x0CE5
[3099] [M]: 0x0000000080002D00 (0x0CE50513) addi x10, x10, 0xce                     inst_430+28
x10 <- 0xFFFFFFFF4AFB0CCE

clint mtime 0x000000000000060E (mip.MTI <- 0b1, mip.STI <- 0b0)
mem[X,0x0000000080002D04] -> 0x0529
[3100] [M]: 0x0000000080002D04 (0x0529) c.addi x10, 0xa                             inst_430+32
x10 <- 0xFFFFFFFF4AFB0CD8

mem[X,0x0000000080002D06] -> 0xB823
mem[X,0x0000000080002D08] -> 0x48A0
[3101] [M]: 0x0000000080002D06 (0x48A0B823) sd x10, 0x490(x1)                       inst_430+34
mem[W,0x0000000080005E88] <- 0xFFFFFFFF4AFB0CD8

clint mtime 0x000000000000060F (mip.MTI <- 0b1, mip.STI <- 0b0)
mem[X,0x0000000080002D0A] -> 0x0537
mem[X,0x0000000080002D0C] -> 0x0000
[3102] [M]: 0x0000000080002D0A (0x00000537) lui x10, 0x0                            inst_431+0
x10 <- 0x0000000000000000

mem[X,0x0000000080002D0E] -> 0x0513
mem[X,0x0000000080002D10] -> 0xFFF5
[3103] [M]: 0x0000000080002D0E (0xFFF50513) addi x10, x10, -0x1                     inst_431+4
x10 <- 0xFFFFFFFFFFFFFFFF

clint mtime 0x0000000000000610 (mip.MTI <- 0b1, mip.STI <- 0b0)
mem[X,0x0000000080002D12] -> 0x1513
mem[X,0x0000000080002D14] -> 0x00B5
[3104] [M]: 0x0000000080002D12 (0x00B51513) slli x10, x10, 0xb                      inst_431+8
x10 <- 0xFFFFFFFFFFFFF800

mem[X,0x0000000080002D16] -> 0x0513
mem[X,0x0000000080002D18] -> 0x2575
[3105] [M]: 0x0000000080002D16 (0x25750513) addi x10, x10, 0x257                    inst_431+12
x10 <- 0xFFFFFFFFFFFFFA57

clint mtime 0x0000000000000611 (mip.MTI <- 0b1, mip.STI <- 0b0)
mem[X,0x0000000080002D1A] -> 0x1513
mem[X,0x0000000080002D1C] -> 0x00B5
[3106] [M]: 0x0000000080002D1A (0x00B51513) slli x10, x10, 0xb                      inst_431+16
x10 <- 0xFFFFFFFFFFD2B800

mem[X,0x0000000080002D1E] -> 0x0513
mem[X,0x0000000080002D20] -> 0x6C35
[3107] [M]: 0x0000000080002D1E (0x6C350513) addi x10, x10, 0x6c3                    inst_431+20
x10 <- 0xFFFFFFFFFFD2BEC3

clint mtime 0x0000000000000612 (mip.MTI <- 0b1, mip.STI <- 0b0)
mem[X,0x0000000080002D22] -> 0x1513
mem[X,0x0000000080002D24] -> 0x00A5
[3108] [M]: 0x0000000080002D22 (0x00A51513) slli x10, x10, 0xa                      inst_431+24
x10 <- 0xFFFFFFFF4AFB0C00

mem[X,0x0000000080002D26] -> 0x0513
mem[X,0x0000000080002D28] -> 0x0CE5
[3109] [M]: 0x0000000080002D26 (0x0CE50513) addi x10, x10, 0xce                     inst_431+28
x10 <- 0xFFFFFFFF4AFB0CCE

clint mtime 0x0000000000000613 (mip.MTI <- 0b1, mip.STI <- 0b0)
mem[X,0x0000000080002D2A] -> 0x0519
[3110] [M]: 0x0000000080002D2A (0x0519) c.addi x10, 0x6                             inst_431+32
x10 <- 0xFFFFFFFF4AFB0CD4

mem[X,0x0000000080002D2C] -> 0xBC23
mem[X,0x0000000080002D2E] -> 0x48A0
[3111] [M]: 0x0000000080002D2C (0x48A0BC23) sd x10, 0x498(x1)                       inst_431+34
mem[W,0x0000000080005E90] <- 0xFFFFFFFF4AFB0CD4

clint mtime 0x0000000000000614 (mip.MTI <- 0b1, mip.STI <- 0b0)
mem[X,0x0000000080002D30] -> 0x0537
mem[X,0x0000000080002D32] -> 0x0000
[3112] [M]: 0x0000000080002D30 (0x00000537) lui x10, 0x0                            inst_432+0
x10 <- 0x0000000000000000

mem[X,0x0000000080002D34] -> 0x0513
mem[X,0x0000000080002D36] -> 0xFFF5
[3113] [M]: 0x0000000080002D34 (0xFFF50513) addi x10, x10, -0x1                     inst_432+4
x10 <- 0xFFFFFFFFFFFFFFFF

clint mtime 0x0000000000000615 (mip.MTI <- 0b1, mip.STI <- 0b0)
mem[X,0x0000000080002D38] -> 0x1513
mem[X,0x0000000080002D3A] -> 0x00B5
[3114] [M]: 0x0000000080002D38 (0x00B51513) slli x10, x10, 0xb                      inst_432+8
x10 <- 0xFFFFFFFFFFFFF800

mem[X,0x0000000080002D3C] -> 0x0513
mem[X,0x0000000080002D3E] -> 0x2575
[3115] [M]: 0x0000000080002D3C (0x25750513) addi x10, x10, 0x257                    inst_432+12
x10 <- 0xFFFFFFFFFFFFFA57

clint mtime 0x0000000000000616 (mip.MTI <- 0b1, mip.STI <- 0b0)
mem[X,0x0000000080002D40] -> 0x1513
mem[X,0x0000000080002D42] -> 0x00B5
[3116] [M]: 0x0000000080002D40 (0x00B51513) slli x10, x10, 0xb                      inst_432+16
x10 <- 0xFFFFFFFFFFD2B800

mem[X,0x0000000080002D44] -> 0x0513
mem[X,0x0000000080002D46] -> 0x6C35
[3117] [M]: 0x0000000080002D44 (0x6C350513) addi x10, x10, 0x6c3                    inst_432+20
x10 <- 0xFFFFFFFFFFD2BEC3

clint mtime 0x0000000000000617 (mip.MTI <- 0b1, mip.STI <- 0b0)
mem[X,0x0000000080002D48] -> 0x1513
mem[X,0x0000000080002D4A] -> 0x00A5
[3118] [M]: 0x0000000080002D48 (0x00A51513) slli x10, x10, 0xa                      inst_432+24
x10 <- 0xFFFFFFFF4AFB0C00

mem[X,0x0000000080002D4C] -> 0x0513
mem[X,0x0000000080002D4E] -> 0x0CE5
[3119] [M]: 0x0000000080002D4C (0x0CE50513) addi x10, x10, 0xce                     inst_432+28
x10 <- 0xFFFFFFFF4AFB0CCE

clint mtime 0x0000000000000618 (mip.MTI <- 0b1, mip.STI <- 0b0)
mem[X,0x0000000080002D50] -> 0x1579
[3120] [M]: 0x0000000080002D50 (0x1579) c.addi x10, -0x2                            inst_432+32
x10 <- 0xFFFFFFFF4AFB0CCC

mem[X,0x0000000080002D52] -> 0xB023
mem[X,0x0000000080002D54] -> 0x4AA0
[3121] [M]: 0x0000000080002D52 (0x4AA0B023) sd x10, 0x4a0(x1)                       inst_432+34
mem[W,0x0000000080005E98] <- 0xFFFFFFFF4AFB0CCC

clint mtime 0x0000000000000619 (mip.MTI <- 0b1, mip.STI <- 0b0)
mem[X,0x0000000080002D56] -> 0x0537
mem[X,0x0000000080002D58] -> 0x0000
[3122] [M]: 0x0000000080002D56 (0x00000537) lui x10, 0x0                            inst_433+0
x10 <- 0x0000000000000000

mem[X,0x0000000080002D5A] -> 0x0513
mem[X,0x0000000080002D5C] -> 0xFFF5
[3123] [M]: 0x0000000080002D5A (0xFFF50513) addi x10, x10, -0x1                     inst_433+4
x10 <- 0xFFFFFFFFFFFFFFFF

clint mtime 0x000000000000061A (mip.MTI <- 0b1, mip.STI <- 0b0)
mem[X,0x0000000080002D5E] -> 0x1513
mem[X,0x0000000080002D60] -> 0x00B5
[3124] [M]: 0x0000000080002D5E (0x00B51513) slli x10, x10, 0xb                      inst_433+8
x10 <- 0xFFFFFFFFFFFFF800

mem[X,0x0000000080002D62] -> 0x0513
mem[X,0x0000000080002D64] -> 0x2575
[3125] [M]: 0x0000000080002D62 (0x25750513) addi x10, x10, 0x257                    inst_433+12
x10 <- 0xFFFFFFFFFFFFFA57

clint mtime 0x000000000000061B (mip.MTI <- 0b1, mip.STI <- 0b0)
mem[X,0x0000000080002D66] -> 0x1513
mem[X,0x0000000080002D68] -> 0x00B5
[3126] [M]: 0x0000000080002D66 (0x00B51513) slli x10, x10, 0xb                      inst_433+16
x10 <- 0xFFFFFFFFFFD2B800

mem[X,0x0000000080002D6A] -> 0x0513
mem[X,0x0000000080002D6C] -> 0x6C35
[3127] [M]: 0x0000000080002D6A (0x6C350513) addi x10, x10, 0x6c3                    inst_433+20
x10 <- 0xFFFFFFFFFFD2BEC3

clint mtime 0x000000000000061C (mip.MTI <- 0b1, mip.STI <- 0b0)
mem[X,0x0000000080002D6E] -> 0x1513
mem[X,0x0000000080002D70] -> 0x00A5
[3128] [M]: 0x0000000080002D6E (0x00A51513) slli x10, x10, 0xa                      inst_433+24
x10 <- 0xFFFFFFFF4AFB0C00

mem[X,0x0000000080002D72] -> 0x0513
mem[X,0x0000000080002D74] -> 0x0CE5
[3129] [M]: 0x0000000080002D72 (0x0CE50513) addi x10, x10, 0xce                     inst_433+28
x10 <- 0xFFFFFFFF4AFB0CCE

clint mtime 0x000000000000061D (mip.MTI <- 0b1, mip.STI <- 0b0)
mem[X,0x0000000080002D76] -> 0x156D
[3130] [M]: 0x0000000080002D76 (0x156D) c.addi x10, -0x5                            inst_433+32
x10 <- 0xFFFFFFFF4AFB0CC9

mem[X,0x0000000080002D78] -> 0xB423
mem[X,0x0000000080002D7A] -> 0x4AA0
[3131] [M]: 0x0000000080002D78 (0x4AA0B423) sd x10, 0x4a8(x1)                       inst_433+34
mem[W,0x0000000080005EA0] <- 0xFFFFFFFF4AFB0CC9

clint mtime 0x000000000000061E (mip.MTI <- 0b1, mip.STI <- 0b0)
mem[X,0x0000000080002D7C] -> 0x0537
mem[X,0x0000000080002D7E] -> 0x0000
[3132] [M]: 0x0000000080002D7C (0x00000537) lui x10, 0x0                            inst_434+0
x10 <- 0x0000000000000000

mem[X,0x0000000080002D80] -> 0x0513
mem[X,0x0000000080002D82] -> 0xFFF5
[3133] [M]: 0x0000000080002D80 (0xFFF50513) addi x10, x10, -0x1                     inst_434+4
x10 <- 0xFFFFFFFFFFFFFFFF

clint mtime 0x000000000000061F (mip.MTI <- 0b1, mip.STI <- 0b0)
mem[X,0x0000000080002D84] -> 0x1513
mem[X,0x0000000080002D86] -> 0x00B5
[3134] [M]: 0x0000000080002D84 (0x00B51513) slli x10, x10, 0xb                      inst_434+8
x10 <- 0xFFFFFFFFFFFFF800

mem[X,0x0000000080002D88] -> 0x0513
mem[X,0x0000000080002D8A] -> 0x2575
[3135] [M]: 0x0000000080002D88 (0x25750513) addi x10, x10, 0x257                    inst_434+12
x10 <- 0xFFFFFFFFFFFFFA57

clint mtime 0x0000000000000620 (mip.MTI <- 0b1, mip.STI <- 0b0)
mem[X,0x0000000080002D8C] -> 0x1513
mem[X,0x0000000080002D8E] -> 0x00B5
[3136] [M]: 0x0000000080002D8C (0x00B51513) slli x10, x10, 0xb                      inst_434+16
x10 <- 0xFFFFFFFFFFD2B800

mem[X,0x0000000080002D90] -> 0x0513
mem[X,0x0000000080002D92] -> 0x6C35
[3137] [M]: 0x0000000080002D90 (0x6C350513) addi x10, x10, 0x6c3                    inst_434+20
x10 <- 0xFFFFFFFFFFD2BEC3

clint mtime 0x0000000000000621 (mip.MTI <- 0b1, mip.STI <- 0b0)
mem[X,0x0000000080002D94] -> 0x1513
mem[X,0x0000000080002D96] -> 0x00A5
[3138] [M]: 0x0000000080002D94 (0x00A51513) slli x10, x10, 0xa                      inst_434+24
x10 <- 0xFFFFFFFF4AFB0C00

mem[X,0x0000000080002D98] -> 0x0513
mem[X,0x0000000080002D9A] -> 0x0CE5
[3139] [M]: 0x0000000080002D98 (0x0CE50513) addi x10, x10, 0xce                     inst_434+28
x10 <- 0xFFFFFFFF4AFB0CCE

clint mtime 0x0000000000000622 (mip.MTI <- 0b1, mip.STI <- 0b0)
mem[X,0x0000000080002D9C] -> 0x0509
[3140] [M]: 0x0000000080002D9C (0x0509) c.addi x10, 0x2                             inst_434+32
x10 <- 0xFFFFFFFF4AFB0CD0

mem[X,0x0000000080002D9E] -> 0xB823
mem[X,0x0000000080002DA0] -> 0x4AA0
[3141] [M]: 0x0000000080002D9E (0x4AA0B823) sd x10, 0x4b0(x1)                       inst_434+34
mem[W,0x0000000080005EA8] <- 0xFFFFFFFF4AFB0CD0

clint mtime 0x0000000000000623 (mip.MTI <- 0b1, mip.STI <- 0b0)
mem[X,0x0000000080002DA2] -> 0x0537
mem[X,0x0000000080002DA4] -> 0x0000
[3142] [M]: 0x0000000080002DA2 (0x00000537) lui x10, 0x0                            inst_435+0
x10 <- 0x0000000000000000

mem[X,0x0000000080002DA6] -> 0x0513
mem[X,0x0000000080002DA8] -> 0xFFF5
[3143] [M]: 0x0000000080002DA6 (0xFFF50513) addi x10, x10, -0x1                     inst_435+4
x10 <- 0xFFFFFFFFFFFFFFFF

clint mtime 0x0000000000000624 (mip.MTI <- 0b1, mip.STI <- 0b0)
mem[X,0x0000000080002DAA] -> 0x1513
mem[X,0x0000000080002DAC] -> 0x00B5
[3144] [M]: 0x0000000080002DAA (0x00B51513) slli x10, x10, 0xb                      inst_435+8
x10 <- 0xFFFFFFFFFFFFF800

mem[X,0x0000000080002DAE] -> 0x0513
mem[X,0x0000000080002DB0] -> 0x2575
[3145] [M]: 0x0000000080002DAE (0x25750513) addi x10, x10, 0x257                    inst_435+12
x10 <- 0xFFFFFFFFFFFFFA57

clint mtime 0x0000000000000625 (mip.MTI <- 0b1, mip.STI <- 0b0)
mem[X,0x0000000080002DB2] -> 0x1513
mem[X,0x0000000080002DB4] -> 0x00B5
[3146] [M]: 0x0000000080002DB2 (0x00B51513) slli x10, x10, 0xb                      inst_435+16
x10 <- 0xFFFFFFFFFFD2B800

mem[X,0x0000000080002DB6] -> 0x0513
mem[X,0x0000000080002DB8] -> 0x6C35
[3147] [M]: 0x0000000080002DB6 (0x6C350513) addi x10, x10, 0x6c3                    inst_435+20
x10 <- 0xFFFFFFFFFFD2BEC3

clint mtime 0x0000000000000626 (mip.MTI <- 0b1, mip.STI <- 0b0)
mem[X,0x0000000080002DBA] -> 0x1513
mem[X,0x0000000080002DBC] -> 0x00A5
[3148] [M]: 0x0000000080002DBA (0x00A51513) slli x10, x10, 0xa                      inst_435+24
x10 <- 0xFFFFFFFF4AFB0C00

mem[X,0x0000000080002DBE] -> 0x0513
mem[X,0x0000000080002DC0] -> 0x0CE5
[3149] [M]: 0x0000000080002DBE (0x0CE50513) addi x10, x10, 0xce                     inst_435+28
x10 <- 0xFFFFFFFF4AFB0CCE

clint mtime 0x0000000000000627 (mip.MTI <- 0b1, mip.STI <- 0b0)
mem[X,0x0000000080002DC2] -> 0x0511
[3150] [M]: 0x0000000080002DC2 (0x0511) c.addi x10, 0x4                             inst_435+32
x10 <- 0xFFFFFFFF4AFB0CD2

mem[X,0x0000000080002DC4] -> 0xBC23
mem[X,0x0000000080002DC6] -> 0x4AA0
[3151] [M]: 0x0000000080002DC4 (0x4AA0BC23) sd x10, 0x4b8(x1)                       inst_435+34
mem[W,0x0000000080005EB0] <- 0xFFFFFFFF4AFB0CD2

clint mtime 0x0000000000000628 (mip.MTI <- 0b1, mip.STI <- 0b0)
mem[X,0x0000000080002DC8] -> 0x0537
mem[X,0x0000000080002DCA] -> 0x0000
[3152] [M]: 0x0000000080002DC8 (0x00000537) lui x10, 0x0                            inst_436+0
x10 <- 0x0000000000000000

mem[X,0x0000000080002DCC] -> 0x0513
mem[X,0x0000000080002DCE] -> 0xFFF5
[3153] [M]: 0x0000000080002DCC (0xFFF50513) addi x10, x10, -0x1                     inst_436+4
x10 <- 0xFFFFFFFFFFFFFFFF

clint mtime 0x0000000000000629 (mip.MTI <- 0b1, mip.STI <- 0b0)
mem[X,0x0000000080002DD0] -> 0x1513
mem[X,0x0000000080002DD2] -> 0x00B5
[3154] [M]: 0x0000000080002DD0 (0x00B51513) slli x10, x10, 0xb                      inst_436+8
x10 <- 0xFFFFFFFFFFFFF800

mem[X,0x0000000080002DD4] -> 0x0513
mem[X,0x0000000080002DD6] -> 0x2575
[3155] [M]: 0x0000000080002DD4 (0x25750513) addi x10, x10, 0x257                    inst_436+12
x10 <- 0xFFFFFFFFFFFFFA57

clint mtime 0x000000000000062A (mip.MTI <- 0b1, mip.STI <- 0b0)
mem[X,0x0000000080002DD8] -> 0x1513
mem[X,0x0000000080002DDA] -> 0x00B5
[3156] [M]: 0x0000000080002DD8 (0x00B51513) slli x10, x10, 0xb                      inst_436+16
x10 <- 0xFFFFFFFFFFD2B800

mem[X,0x0000000080002DDC] -> 0x0513
mem[X,0x0000000080002DDE] -> 0x6C35
[3157] [M]: 0x0000000080002DDC (0x6C350513) addi x10, x10, 0x6c3                    inst_436+20
x10 <- 0xFFFFFFFFFFD2BEC3

clint mtime 0x000000000000062B (mip.MTI <- 0b1, mip.STI <- 0b0)
mem[X,0x0000000080002DE0] -> 0x1513
mem[X,0x0000000080002DE2] -> 0x00A5
[3158] [M]: 0x0000000080002DE0 (0x00A51513) slli x10, x10, 0xa                      inst_436+24
x10 <- 0xFFFFFFFF4AFB0C00

mem[X,0x0000000080002DE4] -> 0x0513
mem[X,0x0000000080002DE6] -> 0x0CE5
[3159] [M]: 0x0000000080002DE4 (0x0CE50513) addi x10, x10, 0xce                     inst_436+28
x10 <- 0xFFFFFFFF4AFB0CCE

clint mtime 0x000000000000062C (mip.MTI <- 0b1, mip.STI <- 0b0)
mem[X,0x0000000080002DE8] -> 0x0525
[3160] [M]: 0x0000000080002DE8 (0x0525) c.addi x10, 0x9                             inst_436+32
x10 <- 0xFFFFFFFF4AFB0CD7

mem[X,0x0000000080002DEA] -> 0xB023
mem[X,0x0000000080002DEC] -> 0x4CA0
[3161] [M]: 0x0000000080002DEA (0x4CA0B023) sd x10, 0x4c0(x1)                       inst_436+34
mem[W,0x0000000080005EB8] <- 0xFFFFFFFF4AFB0CD7

clint mtime 0x000000000000062D (mip.MTI <- 0b1, mip.STI <- 0b0)
mem[X,0x0000000080002DEE] -> 0x0537
mem[X,0x0000000080002DF0] -> 0x0000
[3162] [M]: 0x0000000080002DEE (0x00000537) lui x10, 0x0                            inst_437+0
x10 <- 0x0000000000000000

mem[X,0x0000000080002DF2] -> 0x0513
mem[X,0x0000000080002DF4] -> 0xFFF5
[3163] [M]: 0x0000000080002DF2 (0xFFF50513) addi x10, x10, -0x1                     inst_437+4
x10 <- 0xFFFFFFFFFFFFFFFF

clint mtime 0x000000000000062E (mip.MTI <- 0b1, mip.STI <- 0b0)
mem[X,0x0000000080002DF6] -> 0x1513
mem[X,0x0000000080002DF8] -> 0x00B5
[3164] [M]: 0x0000000080002DF6 (0x00B51513) slli x10, x10, 0xb                      inst_437+8
x10 <- 0xFFFFFFFFFFFFF800

mem[X,0x0000000080002DFA] -> 0x0513
mem[X,0x0000000080002DFC] -> 0x2575
[3165] [M]: 0x0000000080002DFA (0x25750513) addi x10, x10, 0x257                    inst_437+12
x10 <- 0xFFFFFFFFFFFFFA57

clint mtime 0x000000000000062F (mip.MTI <- 0b1, mip.STI <- 0b0)
mem[X,0x0000000080002DFE] -> 0x1513
mem[X,0x0000000080002E00] -> 0x00B5
[3166] [M]: 0x0000000080002DFE (0x00B51513) slli x10, x10, 0xb                      inst_437+16
x10 <- 0xFFFFFFFFFFD2B800

mem[X,0x0000000080002E02] -> 0x0513
mem[X,0x0000000080002E04] -> 0x6C35
[3167] [M]: 0x0000000080002E02 (0x6C350513) addi x10, x10, 0x6c3                    inst_437+20
x10 <- 0xFFFFFFFFFFD2BEC3

clint mtime 0x0000000000000630 (mip.MTI <- 0b1, mip.STI <- 0b0)
mem[X,0x0000000080002E06] -> 0x1513
mem[X,0x0000000080002E08] -> 0x00A5
[3168] [M]: 0x0000000080002E06 (0x00A51513) slli x10, x10, 0xa                      inst_437+24
x10 <- 0xFFFFFFFF4AFB0C00

mem[X,0x0000000080002E0A] -> 0x0513
mem[X,0x0000000080002E0C] -> 0x0CE5
[3169] [M]: 0x0000000080002E0A (0x0CE50513) addi x10, x10, 0xce                     inst_437+28
x10 <- 0xFFFFFFFF4AFB0CCE

clint mtime 0x0000000000000631 (mip.MTI <- 0b1, mip.STI <- 0b0)
mem[X,0x0000000080002E0E] -> 0x0501
[3170] [M]: 0x0000000080002E0E (0x0501) c.addi x10, 0x0                             inst_437+32
x10 <- 0xFFFFFFFF4AFB0CCE

mem[X,0x0000000080002E10] -> 0xB423
mem[X,0x0000000080002E12] -> 0x4CA0
[3171] [M]: 0x0000000080002E10 (0x4CA0B423) sd x10, 0x4c8(x1)                       inst_437+34
mem[W,0x0000000080005EC0] <- 0xFFFFFFFF4AFB0CCE

clint mtime 0x0000000000000632 (mip.MTI <- 0b1, mip.STI <- 0b0)
mem[X,0x0000000080002E14] -> 0x0537
mem[X,0x0000000080002E16] -> 0x0000
[3172] [M]: 0x0000000080002E14 (0x00000537) lui x10, 0x0                            inst_438+0
x10 <- 0x0000000000000000

mem[X,0x0000000080002E18] -> 0x0513
mem[X,0x0000000080002E1A] -> 0xFFF5
[3173] [M]: 0x0000000080002E18 (0xFFF50513) addi x10, x10, -0x1                     inst_438+4
x10 <- 0xFFFFFFFFFFFFFFFF

clint mtime 0x0000000000000633 (mip.MTI <- 0b1, mip.STI <- 0b0)
mem[X,0x0000000080002E1C] -> 0x1513
mem[X,0x0000000080002E1E] -> 0x00B5
[3174] [M]: 0x0000000080002E1C (0x00B51513) slli x10, x10, 0xb                      inst_438+8
x10 <- 0xFFFFFFFFFFFFF800

mem[X,0x0000000080002E20] -> 0x0513
mem[X,0x0000000080002E22] -> 0x2575
[3175] [M]: 0x0000000080002E20 (0x25750513) addi x10, x10, 0x257                    inst_438+12
x10 <- 0xFFFFFFFFFFFFFA57

clint mtime 0x0000000000000634 (mip.MTI <- 0b1, mip.STI <- 0b0)
mem[X,0x0000000080002E24] -> 0x1513
mem[X,0x0000000080002E26] -> 0x00B5
[3176] [M]: 0x0000000080002E24 (0x00B51513) slli x10, x10, 0xb                      inst_438+16
x10 <- 0xFFFFFFFFFFD2B800

mem[X,0x0000000080002E28] -> 0x0513
mem[X,0x0000000080002E2A] -> 0x6C35
[3177] [M]: 0x0000000080002E28 (0x6C350513) addi x10, x10, 0x6c3                    inst_438+20
x10 <- 0xFFFFFFFFFFD2BEC3

clint mtime 0x0000000000000635 (mip.MTI <- 0b1, mip.STI <- 0b0)
mem[X,0x0000000080002E2C] -> 0x1513
mem[X,0x0000000080002E2E] -> 0x00A5
[3178] [M]: 0x0000000080002E2C (0x00A51513) slli x10, x10, 0xa                      inst_438+24
x10 <- 0xFFFFFFFF4AFB0C00

mem[X,0x0000000080002E30] -> 0x0513
mem[X,0x0000000080002E32] -> 0x0CE5
[3179] [M]: 0x0000000080002E30 (0x0CE50513) addi x10, x10, 0xce                     inst_438+28
x10 <- 0xFFFFFFFF4AFB0CCE

clint mtime 0x0000000000000636 (mip.MTI <- 0b1, mip.STI <- 0b0)
mem[X,0x0000000080002E34] -> 0x052D
[3180] [M]: 0x0000000080002E34 (0x052D) c.addi x10, 0xb                             inst_438+32
x10 <- 0xFFFFFFFF4AFB0CD9

mem[X,0x0000000080002E36] -> 0xB823
mem[X,0x0000000080002E38] -> 0x4CA0
[3181] [M]: 0x0000000080002E36 (0x4CA0B823) sd x10, 0x4d0(x1)                       inst_438+34
mem[W,0x0000000080005EC8] <- 0xFFFFFFFF4AFB0CD9

clint mtime 0x0000000000000637 (mip.MTI <- 0b1, mip.STI <- 0b0)
mem[X,0x0000000080002E3A] -> 0x0537
mem[X,0x0000000080002E3C] -> 0x0000
[3182] [M]: 0x0000000080002E3A (0x00000537) lui x10, 0x0                            inst_439+0
x10 <- 0x0000000000000000

mem[X,0x0000000080002E3E] -> 0x0513
mem[X,0x0000000080002E40] -> 0xFFF5
[3183] [M]: 0x0000000080002E3E (0xFFF50513) addi x10, x10, -0x1                     inst_439+4
x10 <- 0xFFFFFFFFFFFFFFFF

clint mtime 0x0000000000000638 (mip.MTI <- 0b1, mip.STI <- 0b0)
mem[X,0x0000000080002E42] -> 0x1513
mem[X,0x0000000080002E44] -> 0x00B5
[3184] [M]: 0x0000000080002E42 (0x00B51513) slli x10, x10, 0xb                      inst_439+8
x10 <- 0xFFFFFFFFFFFFF800

mem[X,0x0000000080002E46] -> 0x0513
mem[X,0x0000000080002E48] -> 0x2575
[3185] [M]: 0x0000000080002E46 (0x25750513) addi x10, x10, 0x257                    inst_439+12
x10 <- 0xFFFFFFFFFFFFFA57

clint mtime 0x0000000000000639 (mip.MTI <- 0b1, mip.STI <- 0b0)
mem[X,0x0000000080002E4A] -> 0x1513
mem[X,0x0000000080002E4C] -> 0x00B5
[3186] [M]: 0x0000000080002E4A (0x00B51513) slli x10, x10, 0xb                      inst_439+16
x10 <- 0xFFFFFFFFFFD2B800

mem[X,0x0000000080002E4E] -> 0x0513
mem[X,0x0000000080002E50] -> 0x6C35
[3187] [M]: 0x0000000080002E4E (0x6C350513) addi x10, x10, 0x6c3                    inst_439+20
x10 <- 0xFFFFFFFFFFD2BEC3

clint mtime 0x000000000000063A (mip.MTI <- 0b1, mip.STI <- 0b0)
mem[X,0x0000000080002E52] -> 0x1513
mem[X,0x0000000080002E54] -> 0x00A5
[3188] [M]: 0x0000000080002E52 (0x00A51513) slli x10, x10, 0xa                      inst_439+24
x10 <- 0xFFFFFFFF4AFB0C00

mem[X,0x0000000080002E56] -> 0x0513
mem[X,0x0000000080002E58] -> 0x0CE5
[3189] [M]: 0x0000000080002E56 (0x0CE50513) addi x10, x10, 0xce                     inst_439+28
x10 <- 0xFFFFFFFF4AFB0CCE

clint mtime 0x000000000000063B (mip.MTI <- 0b1, mip.STI <- 0b0)
mem[X,0x0000000080002E5A] -> 0x051D
[3190] [M]: 0x0000000080002E5A (0x051D) c.addi x10, 0x7                             inst_439+32
x10 <- 0xFFFFFFFF4AFB0CD5

mem[X,0x0000000080002E5C] -> 0xBC23
mem[X,0x0000000080002E5E] -> 0x4CA0
[3191] [M]: 0x0000000080002E5C (0x4CA0BC23) sd x10, 0x4d8(x1)                       inst_439+34
mem[W,0x0000000080005ED0] <- 0xFFFFFFFF4AFB0CD5

clint mtime 0x000000000000063C (mip.MTI <- 0b1, mip.STI <- 0b0)
mem[X,0x0000000080002E60] -> 0x006F
mem[X,0x0000000080002E62] -> 0x0380
[3192] [M]: 0x0000000080002E60 (0x0380006F) jal x0, 0x38                            rvtest_code_end+0

mem[X,0x0000000080002E98] -> 0x4085
[3193] [M]: 0x0000000080002E98 (0x4085) c.li x1, 0x1                                exit_cleanup+0
x1 <- 0x0000000000000001

clint mtime 0x000000000000063D (mip.MTI <- 0b1, mip.STI <- 0b0)
mem[X,0x0000000080002E9A] -> 0x0397
mem[X,0x0000000080002E9C] -> 0x0000
[3194] [M]: 0x0000000080002E9A (0x00000397) auipc x7, 0x0                           exit_cleanup+2
x7 <- 0x0000000080002E9A

mem[X,0x0000000080002E9E] -> 0xA323
mem[X,0x0000000080002EA0] -> 0x1613
[3195] [M]: 0x0000000080002E9E (0x1613A323) sw x1, 0x166(x7)                        exit_cleanup+6
htif[0x0000000080003000] <- 0x00000001
mem[W,0x0000000080003000] <- 0x00000001

clint mtime 0x000000000000063E (mip.MTI <- 0b1, mip.STI <- 0b0)
mem[X,0x0000000080002EA2] -> 0xBFE5
[3196] [M]: 0x0000000080002EA2 (0xBFE5) c.j -0x8                                    exit_cleanup+10

mem[X,0x0000000080002E9A] -> 0x0397
mem[X,0x0000000080002E9C] -> 0x0000
[3197] [M]: 0x0000000080002E9A (0x00000397) auipc x7, 0x0                           exit_cleanup+2
x7 <- 0x0000000080002E9A

clint mtime 0x000000000000063F (mip.MTI <- 0b1, mip.STI <- 0b0)
mem[X,0x0000000080002E9E] -> 0xA323
mem[X,0x0000000080002EA0] -> 0x1613
[3198] [M]: 0x0000000080002E9E (0x1613A323) sw x1, 0x166(x7)                        exit_cleanup+6
htif[0x0000000080003000] <- 0x00000001
mem[W,0x0000000080003000] <- 0x00000001

mem[X,0x0000000080002EA2] -> 0xBFE5
[3199] [M]: 0x0000000080002EA2 (0xBFE5) c.j -0x8                                    exit_cleanup+10

clint mtime 0x0000000000000640 (mip.MTI <- 0b1, mip.STI <- 0b0)
mem[X,0x0000000080002E9A] -> 0x0397
mem[X,0x0000000080002E9C] -> 0x0000
[3200] [M]: 0x0000000080002E9A (0x00000397) auipc x7, 0x0                           exit_cleanup+2
x7 <- 0x0000000080002E9A

mem[X,0x0000000080002E9E] -> 0xA323
mem[X,0x0000000080002EA0] -> 0x1613
[3201] [M]: 0x0000000080002E9E (0x1613A323) sw x1, 0x166(x7)                        exit_cleanup+6
htif[0x0000000080003000] <- 0x00000001
htif-syscall-proxy cmd: 0x000000000001
mem[W,0x0000000080003000] <- 0x00000001

SUCCESS
clint mtime 0x0000000000000641 (mip.MTI <- 0b1, mip.STI <- 0b0)
