using /opt/riscv-arch-test/riscof-plugins/rv64/riscof_work/C/src/cj-01.S/ref/Reference-sail_c_simulator.signature for test-signature output.
setting signature-granularity to 8 bytes
HTIF located at 0x80002000
begin_signature: 0x80004110
end_signature: 0x800041b0
Entry point: 0x80000000
CSR mstatus (0x300) <- 0x0000000A00000000
CSR misa (0x301) <- 0x800000000034112F
CSR mcause (0x342) <- 0x0000000000000000
x10 <- 0x0000000000000000
x11 <- 0x0000000000001000
mem[X,0x0000000080000000] -> 0x0837
mem[X,0x0000000080000002] -> 0x7D5C
[0] [M]: 0x0000000080000000 (0x7D5C0837) lui x16, 0x7d5c0                           rvtest_init+0
x16 <- 0x000000007D5C0000

mem[X,0x0000000080000004] -> 0x0813
mem[X,0x0000000080000006] -> 0xDDB8
[1] [M]: 0x0000000080000004 (0xDDB80813) addi x16, x16, -0x225                      rvtest_init+4
x16 <- 0x000000007D5BFDDB

clint mtime 0x0000000000000001 (mip.MTI <- 0b1, mip.STI <- 0b0)
mem[X,0x0000000080000008] -> 0x1813
mem[X,0x000000008000000A] -> 0x00B8
[2] [M]: 0x0000000080000008 (0x00B81813) slli x16, x16, 0xb                         rvtest_init+8
x16 <- 0x000003EADFEED800

mem[X,0x000000008000000C] -> 0x0813
mem[X,0x000000008000000E] -> 0x3EA8
[3] [M]: 0x000000008000000C (0x3EA80813) addi x16, x16, 0x3ea                       rvtest_init+12
x16 <- 0x000003EADFEEDBEA

clint mtime 0x0000000000000002 (mip.MTI <- 0b1, mip.STI <- 0b0)
mem[X,0x0000000080000010] -> 0x1813
mem[X,0x0000000080000012] -> 0x00B8
[4] [M]: 0x0000000080000010 (0x00B81813) slli x16, x16, 0xb                         rvtest_init+16
x16 <- 0x001F56FF76DF5000

mem[X,0x0000000080000014] -> 0x0813
mem[X,0x0000000080000016] -> 0x6FF8
[5] [M]: 0x0000000080000014 (0x6FF80813) addi x16, x16, 0x6ff                       rvtest_init+20
x16 <- 0x001F56FF76DF56FF

clint mtime 0x0000000000000003 (mip.MTI <- 0b1, mip.STI <- 0b0)
mem[X,0x0000000080000018] -> 0x1813
mem[X,0x000000008000001A] -> 0x00A8
[6] [M]: 0x0000000080000018 (0x00A81813) slli x16, x16, 0xa                         rvtest_init+24
x16 <- 0x7D5BFDDB7D5BFC00

mem[X,0x000000008000001C] -> 0x0813
mem[X,0x000000008000001E] -> 0x1DB8
[7] [M]: 0x000000008000001C (0x1DB80813) addi x16, x16, 0x1db                       rvtest_init+28
x16 <- 0x7D5BFDDB7D5BFDDB

clint mtime 0x0000000000000004 (mip.MTI <- 0b1, mip.STI <- 0b0)
mem[X,0x0000000080000020] -> 0x5893
mem[X,0x0000000080000022] -> 0x0078
[8] [M]: 0x0000000080000020 (0x00785893) srli x17, x16, 0x7                         rvtest_init+32
x17 <- 0x00FAB7FBB6FAB7FB

mem[X,0x0000000080000024] -> 0x5793
mem[X,0x0000000080000026] -> 0x0398
[9] [M]: 0x0000000080000024 (0x03985793) srli x15, x16, 0x39                        rvtest_init+36
x15 <- 0x000000000000003E

clint mtime 0x0000000000000005 (mip.MTI <- 0b1, mip.STI <- 0b0)
mem[X,0x0000000080000028] -> 0xE8B3
mem[X,0x000000008000002A] -> 0x00F8
[10] [M]: 0x0000000080000028 (0x00F8E8B3) or x17, x17, x15                          rvtest_init+40
x17 <- 0x00FAB7FBB6FAB7FF

mem[X,0x000000008000002C] -> 0xD913
mem[X,0x000000008000002E] -> 0x0078
[11] [M]: 0x000000008000002C (0x0078D913) srli x18, x17, 0x7                        rvtest_init+44
x18 <- 0x0001F56FF76DF56F

clint mtime 0x0000000000000006 (mip.MTI <- 0b1, mip.STI <- 0b0)
mem[X,0x0000000080000030] -> 0xD793
mem[X,0x0000000080000032] -> 0x0398
[12] [M]: 0x0000000080000030 (0x0398D793) srli x15, x17, 0x39                       rvtest_init+48
x15 <- 0x0000000000000000

mem[X,0x0000000080000034] -> 0x6933
mem[X,0x0000000080000036] -> 0x00F9
[13] [M]: 0x0000000080000034 (0x00F96933) or x18, x18, x15                          rvtest_init+52
x18 <- 0x0001F56FF76DF56F

clint mtime 0x0000000000000007 (mip.MTI <- 0b1, mip.STI <- 0b0)
mem[X,0x0000000080000038] -> 0x5993
mem[X,0x000000008000003A] -> 0x0079
[14] [M]: 0x0000000080000038 (0x00795993) srli x19, x18, 0x7                        rvtest_init+56
x19 <- 0x000003EADFEEDBEA

mem[X,0x000000008000003C] -> 0x5793
mem[X,0x000000008000003E] -> 0x0399
[15] [M]: 0x000000008000003C (0x03995793) srli x15, x18, 0x39                       rvtest_init+60
x15 <- 0x0000000000000000

clint mtime 0x0000000000000008 (mip.MTI <- 0b1, mip.STI <- 0b0)
mem[X,0x0000000080000040] -> 0xE9B3
mem[X,0x0000000080000042] -> 0x00F9
[16] [M]: 0x0000000080000040 (0x00F9E9B3) or x19, x19, x15                          rvtest_init+64
x19 <- 0x000003EADFEEDBEA

mem[X,0x0000000080000044] -> 0xDA13
mem[X,0x0000000080000046] -> 0x0079
[17] [M]: 0x0000000080000044 (0x0079DA13) srli x20, x19, 0x7                        rvtest_init+68
x20 <- 0x00000007D5BFDDB7

clint mtime 0x0000000000000009 (mip.MTI <- 0b1, mip.STI <- 0b0)
mem[X,0x0000000080000048] -> 0xD793
mem[X,0x000000008000004A] -> 0x0399
[18] [M]: 0x0000000080000048 (0x0399D793) srli x15, x19, 0x39                       rvtest_init+72
x15 <- 0x0000000000000000

mem[X,0x000000008000004C] -> 0x6A33
mem[X,0x000000008000004E] -> 0x00FA
[19] [M]: 0x000000008000004C (0x00FA6A33) or x20, x20, x15                          rvtest_init+76
x20 <- 0x00000007D5BFDDB7

clint mtime 0x000000000000000A (mip.MTI <- 0b1, mip.STI <- 0b0)
mem[X,0x0000000080000050] -> 0x5A93
mem[X,0x0000000080000052] -> 0x007A
[20] [M]: 0x0000000080000050 (0x007A5A93) srli x21, x20, 0x7                        rvtest_init+80
x21 <- 0x000000000FAB7FBB

mem[X,0x0000000080000054] -> 0x5793
mem[X,0x0000000080000056] -> 0x039A
[21] [M]: 0x0000000080000054 (0x039A5793) srli x15, x20, 0x39                       rvtest_init+84
x15 <- 0x0000000000000000

clint mtime 0x000000000000000B (mip.MTI <- 0b1, mip.STI <- 0b0)
mem[X,0x0000000080000058] -> 0xEAB3
mem[X,0x000000008000005A] -> 0x00FA
[22] [M]: 0x0000000080000058 (0x00FAEAB3) or x21, x21, x15                          rvtest_init+88
x21 <- 0x000000000FAB7FBB

mem[X,0x000000008000005C] -> 0xDB13
mem[X,0x000000008000005E] -> 0x007A
[23] [M]: 0x000000008000005C (0x007ADB13) srli x22, x21, 0x7                        rvtest_init+92
x22 <- 0x00000000001F56FF

clint mtime 0x000000000000000C (mip.MTI <- 0b1, mip.STI <- 0b0)
mem[X,0x0000000080000060] -> 0xD793
mem[X,0x0000000080000062] -> 0x039A
[24] [M]: 0x0000000080000060 (0x039AD793) srli x15, x21, 0x39                       rvtest_init+96
x15 <- 0x0000000000000000

mem[X,0x0000000080000064] -> 0x6B33
mem[X,0x0000000080000066] -> 0x00FB
[25] [M]: 0x0000000080000064 (0x00FB6B33) or x22, x22, x15                          rvtest_init+100
x22 <- 0x00000000001F56FF

clint mtime 0x000000000000000D (mip.MTI <- 0b1, mip.STI <- 0b0)
mem[X,0x0000000080000068] -> 0x5B93
mem[X,0x000000008000006A] -> 0x007B
[26] [M]: 0x0000000080000068 (0x007B5B93) srli x23, x22, 0x7                        rvtest_init+104
x23 <- 0x0000000000003EAD

mem[X,0x000000008000006C] -> 0x5793
mem[X,0x000000008000006E] -> 0x039B
[27] [M]: 0x000000008000006C (0x039B5793) srli x15, x22, 0x39                       rvtest_init+108
x15 <- 0x0000000000000000

clint mtime 0x000000000000000E (mip.MTI <- 0b1, mip.STI <- 0b0)
mem[X,0x0000000080000070] -> 0xEBB3
mem[X,0x0000000080000072] -> 0x00FB
[28] [M]: 0x0000000080000070 (0x00FBEBB3) or x23, x23, x15                          rvtest_init+112
x23 <- 0x0000000000003EAD

mem[X,0x0000000080000074] -> 0xDC13
mem[X,0x0000000080000076] -> 0x007B
[29] [M]: 0x0000000080000074 (0x007BDC13) srli x24, x23, 0x7                        rvtest_init+116
x24 <- 0x000000000000007D

clint mtime 0x000000000000000F (mip.MTI <- 0b1, mip.STI <- 0b0)
mem[X,0x0000000080000078] -> 0xD793
mem[X,0x000000008000007A] -> 0x039B
[30] [M]: 0x0000000080000078 (0x039BD793) srli x15, x23, 0x39                       rvtest_init+120
x15 <- 0x0000000000000000

mem[X,0x000000008000007C] -> 0x6C33
mem[X,0x000000008000007E] -> 0x00FC
[31] [M]: 0x000000008000007C (0x00FC6C33) or x24, x24, x15                          rvtest_init+124
x24 <- 0x000000000000007D

clint mtime 0x0000000000000010 (mip.MTI <- 0b1, mip.STI <- 0b0)
mem[X,0x0000000080000080] -> 0x5C93
mem[X,0x0000000080000082] -> 0x007C
[32] [M]: 0x0000000080000080 (0x007C5C93) srli x25, x24, 0x7                        rvtest_init+128
x25 <- 0x0000000000000000

mem[X,0x0000000080000084] -> 0x5793
mem[X,0x0000000080000086] -> 0x039C
[33] [M]: 0x0000000080000084 (0x039C5793) srli x15, x24, 0x39                       rvtest_init+132
x15 <- 0x0000000000000000

clint mtime 0x0000000000000011 (mip.MTI <- 0b1, mip.STI <- 0b0)
mem[X,0x0000000080000088] -> 0xECB3
mem[X,0x000000008000008A] -> 0x00FC
[34] [M]: 0x0000000080000088 (0x00FCECB3) or x25, x25, x15                          rvtest_init+136
x25 <- 0x0000000000000000

mem[X,0x000000008000008C] -> 0xDD13
mem[X,0x000000008000008E] -> 0x007C
[35] [M]: 0x000000008000008C (0x007CDD13) srli x26, x25, 0x7                        rvtest_init+140
x26 <- 0x0000000000000000

clint mtime 0x0000000000000012 (mip.MTI <- 0b1, mip.STI <- 0b0)
mem[X,0x0000000080000090] -> 0xD793
mem[X,0x0000000080000092] -> 0x039C
[36] [M]: 0x0000000080000090 (0x039CD793) srli x15, x25, 0x39                       rvtest_init+144
x15 <- 0x0000000000000000

mem[X,0x0000000080000094] -> 0x6D33
mem[X,0x0000000080000096] -> 0x00FD
[37] [M]: 0x0000000080000094 (0x00FD6D33) or x26, x26, x15                          rvtest_init+148
x26 <- 0x0000000000000000

clint mtime 0x0000000000000013 (mip.MTI <- 0b1, mip.STI <- 0b0)
mem[X,0x0000000080000098] -> 0x5D93
mem[X,0x000000008000009A] -> 0x007D
[38] [M]: 0x0000000080000098 (0x007D5D93) srli x27, x26, 0x7                        rvtest_init+152
x27 <- 0x0000000000000000

mem[X,0x000000008000009C] -> 0x5793
mem[X,0x000000008000009E] -> 0x039D
[39] [M]: 0x000000008000009C (0x039D5793) srli x15, x26, 0x39                       rvtest_init+156
x15 <- 0x0000000000000000

clint mtime 0x0000000000000014 (mip.MTI <- 0b1, mip.STI <- 0b0)
mem[X,0x00000000800000A0] -> 0xEDB3
mem[X,0x00000000800000A2] -> 0x00FD
[40] [M]: 0x00000000800000A0 (0x00FDEDB3) or x27, x27, x15                          rvtest_init+160
x27 <- 0x0000000000000000

mem[X,0x00000000800000A4] -> 0xDE13
mem[X,0x00000000800000A6] -> 0x007D
[41] [M]: 0x00000000800000A4 (0x007DDE13) srli x28, x27, 0x7                        rvtest_init+164
x28 <- 0x0000000000000000

clint mtime 0x0000000000000015 (mip.MTI <- 0b1, mip.STI <- 0b0)
mem[X,0x00000000800000A8] -> 0xD793
mem[X,0x00000000800000AA] -> 0x039D
[42] [M]: 0x00000000800000A8 (0x039DD793) srli x15, x27, 0x39                       rvtest_init+168
x15 <- 0x0000000000000000

mem[X,0x00000000800000AC] -> 0x6E33
mem[X,0x00000000800000AE] -> 0x00FE
[43] [M]: 0x00000000800000AC (0x00FE6E33) or x28, x28, x15                          rvtest_init+172
x28 <- 0x0000000000000000

clint mtime 0x0000000000000016 (mip.MTI <- 0b1, mip.STI <- 0b0)
mem[X,0x00000000800000B0] -> 0x5E93
mem[X,0x00000000800000B2] -> 0x007E
[44] [M]: 0x00000000800000B0 (0x007E5E93) srli x29, x28, 0x7                        rvtest_init+176
x29 <- 0x0000000000000000

mem[X,0x00000000800000B4] -> 0x5793
mem[X,0x00000000800000B6] -> 0x039E
[45] [M]: 0x00000000800000B4 (0x039E5793) srli x15, x28, 0x39                       rvtest_init+180
x15 <- 0x0000000000000000

clint mtime 0x0000000000000017 (mip.MTI <- 0b1, mip.STI <- 0b0)
mem[X,0x00000000800000B8] -> 0xEEB3
mem[X,0x00000000800000BA] -> 0x00FE
[46] [M]: 0x00000000800000B8 (0x00FEEEB3) or x29, x29, x15                          rvtest_init+184
x29 <- 0x0000000000000000

mem[X,0x00000000800000BC] -> 0xDF13
mem[X,0x00000000800000BE] -> 0x007E
[47] [M]: 0x00000000800000BC (0x007EDF13) srli x30, x29, 0x7                        rvtest_init+188
x30 <- 0x0000000000000000

clint mtime 0x0000000000000018 (mip.MTI <- 0b1, mip.STI <- 0b0)
mem[X,0x00000000800000C0] -> 0xD793
mem[X,0x00000000800000C2] -> 0x039E
[48] [M]: 0x00000000800000C0 (0x039ED793) srli x15, x29, 0x39                       rvtest_init+192
x15 <- 0x0000000000000000

mem[X,0x00000000800000C4] -> 0x6F33
mem[X,0x00000000800000C6] -> 0x00FF
[49] [M]: 0x00000000800000C4 (0x00FF6F33) or x30, x30, x15                          rvtest_init+196
x30 <- 0x0000000000000000

clint mtime 0x0000000000000019 (mip.MTI <- 0b1, mip.STI <- 0b0)
mem[X,0x00000000800000C8] -> 0xC0B7
mem[X,0x00000000800000CA] -> 0xFEED
[50] [M]: 0x00000000800000C8 (0xFEEDC0B7) lui x1, -0x1124                           rvtest_init+200
x1 <- 0xFFFFFFFFFEEDC000

mem[X,0x00000000800000CC] -> 0x8093
mem[X,0x00000000800000CE] -> 0xEAD0
[51] [M]: 0x00000000800000CC (0xEAD08093) addi x1, x1, -0x153                       rvtest_init+204
x1 <- 0xFFFFFFFFFEEDBEAD

clint mtime 0x000000000000001A (mip.MTI <- 0b1, mip.STI <- 0b0)
mem[X,0x00000000800000D0] -> 0x9093
mem[X,0x00000000800000D2] -> 0x00B0
[52] [M]: 0x00000000800000D0 (0x00B09093) slli x1, x1, 0xb                          rvtest_init+208
x1 <- 0xFFFFFFF76DF56800

mem[X,0x00000000800000D4] -> 0x8093
mem[X,0x00000000800000D6] -> 0x7F70
[53] [M]: 0x00000000800000D4 (0x7F708093) addi x1, x1, 0x7f7                        rvtest_init+212
x1 <- 0xFFFFFFF76DF56FF7

clint mtime 0x000000000000001B (mip.MTI <- 0b1, mip.STI <- 0b0)
mem[X,0x00000000800000D8] -> 0x9093
mem[X,0x00000000800000DA] -> 0x00B0
[54] [M]: 0x00000000800000D8 (0x00B09093) slli x1, x1, 0xb                          rvtest_init+216
x1 <- 0xFFFFBB6FAB7FB800

mem[X,0x00000000800000DC] -> 0x8093
mem[X,0x00000000800000DE] -> 0x36F0
[55] [M]: 0x00000000800000DC (0x36F08093) addi x1, x1, 0x36f                        rvtest_init+220
x1 <- 0xFFFFBB6FAB7FBB6F

clint mtime 0x000000000000001C (mip.MTI <- 0b1, mip.STI <- 0b0)
mem[X,0x00000000800000E0] -> 0x9093
mem[X,0x00000000800000E2] -> 0x00A0
[56] [M]: 0x00000000800000E0 (0x00A09093) slli x1, x1, 0xa                          rvtest_init+224
x1 <- 0xFEEDBEADFEEDBC00

mem[X,0x00000000800000E4] -> 0x8093
mem[X,0x00000000800000E6] -> 0x2AD0
[57] [M]: 0x00000000800000E4 (0x2AD08093) addi x1, x1, 0x2ad                        rvtest_init+228
x1 <- 0xFEEDBEADFEEDBEAD

clint mtime 0x000000000000001D (mip.MTI <- 0b1, mip.STI <- 0b0)
mem[X,0x00000000800000E8] -> 0xD113
mem[X,0x00000000800000EA] -> 0x0070
[58] [M]: 0x00000000800000E8 (0x0070D113) srli x2, x1, 0x7                          rvtest_init+232
x2 <- 0x01FDDB7D5BFDDB7D

mem[X,0x00000000800000EC] -> 0xD793
mem[X,0x00000000800000EE] -> 0x0390
[59] [M]: 0x00000000800000EC (0x0390D793) srli x15, x1, 0x39                        rvtest_init+236
x15 <- 0x000000000000007F

clint mtime 0x000000000000001E (mip.MTI <- 0b1, mip.STI <- 0b0)
mem[X,0x00000000800000F0] -> 0x6133
mem[X,0x00000000800000F2] -> 0x00F1
[60] [M]: 0x00000000800000F0 (0x00F16133) or x2, x2, x15                            rvtest_init+240
x2 <- 0x01FDDB7D5BFDDB7F

mem[X,0x00000000800000F4] -> 0x5193
mem[X,0x00000000800000F6] -> 0x0071
[61] [M]: 0x00000000800000F4 (0x00715193) srli x3, x2, 0x7                          rvtest_init+244
x3 <- 0x0003FBB6FAB7FBB6

clint mtime 0x000000000000001F (mip.MTI <- 0b1, mip.STI <- 0b0)
mem[X,0x00000000800000F8] -> 0x5793
mem[X,0x00000000800000FA] -> 0x0391
[62] [M]: 0x00000000800000F8 (0x03915793) srli x15, x2, 0x39                        rvtest_init+248
x15 <- 0x0000000000000000

mem[X,0x00000000800000FC] -> 0xE1B3
mem[X,0x00000000800000FE] -> 0x00F1
[63] [M]: 0x00000000800000FC (0x00F1E1B3) or x3, x3, x15                            rvtest_init+252
x3 <- 0x0003FBB6FAB7FBB6

clint mtime 0x0000000000000020 (mip.MTI <- 0b1, mip.STI <- 0b0)
mem[X,0x0000000080000100] -> 0xD213
mem[X,0x0000000080000102] -> 0x0071
[64] [M]: 0x0000000080000100 (0x0071D213) srli x4, x3, 0x7                          rvtest_init+256
x4 <- 0x000007F76DF56FF7

mem[X,0x0000000080000104] -> 0xD793
mem[X,0x0000000080000106] -> 0x0391
[65] [M]: 0x0000000080000104 (0x0391D793) srli x15, x3, 0x39                        rvtest_init+260
x15 <- 0x0000000000000000

clint mtime 0x0000000000000021 (mip.MTI <- 0b1, mip.STI <- 0b0)
mem[X,0x0000000080000108] -> 0x6233
mem[X,0x000000008000010A] -> 0x00F2
[66] [M]: 0x0000000080000108 (0x00F26233) or x4, x4, x15                            rvtest_init+264
x4 <- 0x000007F76DF56FF7

mem[X,0x000000008000010C] -> 0x5293
mem[X,0x000000008000010E] -> 0x0072
[67] [M]: 0x000000008000010C (0x00725293) srli x5, x4, 0x7                          rvtest_init+268
x5 <- 0x0000000FEEDBEADF

clint mtime 0x0000000000000022 (mip.MTI <- 0b1, mip.STI <- 0b0)
mem[X,0x0000000080000110] -> 0x5793
mem[X,0x0000000080000112] -> 0x0392
[68] [M]: 0x0000000080000110 (0x03925793) srli x15, x4, 0x39                        rvtest_init+272
x15 <- 0x0000000000000000

mem[X,0x0000000080000114] -> 0xE2B3
mem[X,0x0000000080000116] -> 0x00F2
[69] [M]: 0x0000000080000114 (0x00F2E2B3) or x5, x5, x15                            rvtest_init+276
x5 <- 0x0000000FEEDBEADF

clint mtime 0x0000000000000023 (mip.MTI <- 0b1, mip.STI <- 0b0)
mem[X,0x0000000080000118] -> 0xD313
mem[X,0x000000008000011A] -> 0x0072
[70] [M]: 0x0000000080000118 (0x0072D313) srli x6, x5, 0x7                          rvtest_init+280
x6 <- 0x000000001FDDB7D5

mem[X,0x000000008000011C] -> 0xD793
mem[X,0x000000008000011E] -> 0x0392
[71] [M]: 0x000000008000011C (0x0392D793) srli x15, x5, 0x39                        rvtest_init+284
x15 <- 0x0000000000000000

clint mtime 0x0000000000000024 (mip.MTI <- 0b1, mip.STI <- 0b0)
mem[X,0x0000000080000120] -> 0x6333
mem[X,0x0000000080000122] -> 0x00F3
[72] [M]: 0x0000000080000120 (0x00F36333) or x6, x6, x15                            rvtest_init+288
x6 <- 0x000000001FDDB7D5

mem[X,0x0000000080000124] -> 0x5393
mem[X,0x0000000080000126] -> 0x0073
[73] [M]: 0x0000000080000124 (0x00735393) srli x7, x6, 0x7                          rvtest_init+292
x7 <- 0x00000000003FBB6F

clint mtime 0x0000000000000025 (mip.MTI <- 0b1, mip.STI <- 0b0)
mem[X,0x0000000080000128] -> 0x5793
mem[X,0x000000008000012A] -> 0x0393
[74] [M]: 0x0000000080000128 (0x03935793) srli x15, x6, 0x39                        rvtest_init+296
x15 <- 0x0000000000000000

mem[X,0x000000008000012C] -> 0xE3B3
mem[X,0x000000008000012E] -> 0x00F3
[75] [M]: 0x000000008000012C (0x00F3E3B3) or x7, x7, x15                            rvtest_init+300
x7 <- 0x00000000003FBB6F

clint mtime 0x0000000000000026 (mip.MTI <- 0b1, mip.STI <- 0b0)
mem[X,0x0000000080000130] -> 0xD413
mem[X,0x0000000080000132] -> 0x0073
[76] [M]: 0x0000000080000130 (0x0073D413) srli x8, x7, 0x7                          rvtest_init+304
x8 <- 0x0000000000007F76

mem[X,0x0000000080000134] -> 0xD793
mem[X,0x0000000080000136] -> 0x0393
[77] [M]: 0x0000000080000134 (0x0393D793) srli x15, x7, 0x39                        rvtest_init+308
x15 <- 0x0000000000000000

clint mtime 0x0000000000000027 (mip.MTI <- 0b1, mip.STI <- 0b0)
mem[X,0x0000000080000138] -> 0x6433
mem[X,0x000000008000013A] -> 0x00F4
[78] [M]: 0x0000000080000138 (0x00F46433) or x8, x8, x15                            rvtest_init+312
x8 <- 0x0000000000007F76

mem[X,0x000000008000013C] -> 0x5493
mem[X,0x000000008000013E] -> 0x0074
[79] [M]: 0x000000008000013C (0x00745493) srli x9, x8, 0x7                          rvtest_init+316
x9 <- 0x00000000000000FE

clint mtime 0x0000000000000028 (mip.MTI <- 0b1, mip.STI <- 0b0)
mem[X,0x0000000080000140] -> 0x5793
mem[X,0x0000000080000142] -> 0x0394
[80] [M]: 0x0000000080000140 (0x03945793) srli x15, x8, 0x39                        rvtest_init+320
x15 <- 0x0000000000000000

mem[X,0x0000000080000144] -> 0xE4B3
mem[X,0x0000000080000146] -> 0x00F4
[81] [M]: 0x0000000080000144 (0x00F4E4B3) or x9, x9, x15                            rvtest_init+324
x9 <- 0x00000000000000FE

clint mtime 0x0000000000000029 (mip.MTI <- 0b1, mip.STI <- 0b0)
mem[X,0x0000000080000148] -> 0xD513
mem[X,0x000000008000014A] -> 0x0074
[82] [M]: 0x0000000080000148 (0x0074D513) srli x10, x9, 0x7                         rvtest_init+328
x10 <- 0x0000000000000001

mem[X,0x000000008000014C] -> 0xD793
mem[X,0x000000008000014E] -> 0x0394
[83] [M]: 0x000000008000014C (0x0394D793) srli x15, x9, 0x39                        rvtest_init+332
x15 <- 0x0000000000000000

clint mtime 0x000000000000002A (mip.MTI <- 0b1, mip.STI <- 0b0)
mem[X,0x0000000080000150] -> 0x6533
mem[X,0x0000000080000152] -> 0x00F5
[84] [M]: 0x0000000080000150 (0x00F56533) or x10, x10, x15                          rvtest_init+336
x10 <- 0x0000000000000001

mem[X,0x0000000080000154] -> 0x5593
mem[X,0x0000000080000156] -> 0x0075
[85] [M]: 0x0000000080000154 (0x00755593) srli x11, x10, 0x7                        rvtest_init+340
x11 <- 0x0000000000000000

clint mtime 0x000000000000002B (mip.MTI <- 0b1, mip.STI <- 0b0)
mem[X,0x0000000080000158] -> 0x5793
mem[X,0x000000008000015A] -> 0x0395
[86] [M]: 0x0000000080000158 (0x03955793) srli x15, x10, 0x39                       rvtest_init+344
x15 <- 0x0000000000000000

mem[X,0x000000008000015C] -> 0xE5B3
mem[X,0x000000008000015E] -> 0x00F5
[87] [M]: 0x000000008000015C (0x00F5E5B3) or x11, x11, x15                          rvtest_init+348
x11 <- 0x0000000000000000

clint mtime 0x000000000000002C (mip.MTI <- 0b1, mip.STI <- 0b0)
mem[X,0x0000000080000160] -> 0xD613
mem[X,0x0000000080000162] -> 0x0075
[88] [M]: 0x0000000080000160 (0x0075D613) srli x12, x11, 0x7                        rvtest_init+352
x12 <- 0x0000000000000000

mem[X,0x0000000080000164] -> 0xD793
mem[X,0x0000000080000166] -> 0x0395
[89] [M]: 0x0000000080000164 (0x0395D793) srli x15, x11, 0x39                       rvtest_init+356
x15 <- 0x0000000000000000

clint mtime 0x000000000000002D (mip.MTI <- 0b1, mip.STI <- 0b0)
mem[X,0x0000000080000168] -> 0x6633
mem[X,0x000000008000016A] -> 0x00F6
[90] [M]: 0x0000000080000168 (0x00F66633) or x12, x12, x15                          rvtest_init+360
x12 <- 0x0000000000000000

mem[X,0x000000008000016C] -> 0x5693
mem[X,0x000000008000016E] -> 0x0076
[91] [M]: 0x000000008000016C (0x00765693) srli x13, x12, 0x7                        rvtest_init+364
x13 <- 0x0000000000000000

clint mtime 0x000000000000002E (mip.MTI <- 0b1, mip.STI <- 0b0)
mem[X,0x0000000080000170] -> 0x5793
mem[X,0x0000000080000172] -> 0x0396
[92] [M]: 0x0000000080000170 (0x03965793) srli x15, x12, 0x39                       rvtest_init+368
x15 <- 0x0000000000000000

mem[X,0x0000000080000174] -> 0xE6B3
mem[X,0x0000000080000176] -> 0x00F6
[93] [M]: 0x0000000080000174 (0x00F6E6B3) or x13, x13, x15                          rvtest_init+372
x13 <- 0x0000000000000000

clint mtime 0x000000000000002F (mip.MTI <- 0b1, mip.STI <- 0b0)
mem[X,0x0000000080000178] -> 0x0013
mem[X,0x000000008000017A] -> 0x0000
[94] [M]: 0x0000000080000178 (0x00000013) addi x0, x0, 0x0                          rvtest_code_begin+0

mem[X,0x000000008000017C] -> 0x0013
mem[X,0x000000008000017E] -> 0x0000
[95] [M]: 0x000000008000017C (0x00000013) addi x0, x0, 0x0                          rvtest_code_begin+4

clint mtime 0x0000000000000030 (mip.MTI <- 0b1, mip.STI <- 0b0)
mem[X,0x0000000080000180] -> 0x4097
mem[X,0x0000000080000182] -> 0x0000
[96] [M]: 0x0000000080000180 (0x00004097) auipc x1, 0x4                             rvtest_code_begin+8
x1 <- 0x0000000080004180

mem[X,0x0000000080000184] -> 0x8093
mem[X,0x0000000080000186] -> 0xF980
[97] [M]: 0x0000000080000184 (0xF9808093) addi x1, x1, -0x68                        rvtest_code_begin+12
x1 <- 0x0000000080004118

clint mtime 0x0000000000000031 (mip.MTI <- 0b1, mip.STI <- 0b0)
mem[X,0x0000000080000188] -> 0x0013
mem[X,0x000000008000018A] -> 0x0000
[98] [M]: 0x0000000080000188 (0x00000013) addi x0, x0, 0x0                          rvtest_code_begin+16

mem[X,0x000000008000018C] -> 0x0013
mem[X,0x000000008000018E] -> 0x0000
[99] [M]: 0x000000008000018C (0x00000013) addi x0, x0, 0x0                          rvtest_code_begin+20

clint mtime 0x0000000000000032 (mip.MTI <- 0b1, mip.STI <- 0b0)
mem[X,0x0000000080000190] -> 0x0013
mem[X,0x0000000080000192] -> 0x0000
[100] [M]: 0x0000000080000190 (0x00000013) addi x0, x0, 0x0                         rvtest_code_begin+24

mem[X,0x0000000080000194] -> 0x0013
mem[X,0x0000000080000196] -> 0x0000
[101] [M]: 0x0000000080000194 (0x00000013) addi x0, x0, 0x0                         rvtest_code_begin+28

clint mtime 0x0000000000000033 (mip.MTI <- 0b1, mip.STI <- 0b0)
mem[X,0x0000000080000198] -> 0x0013
mem[X,0x000000008000019A] -> 0x0000
[102] [M]: 0x0000000080000198 (0x00000013) addi x0, x0, 0x0                         rvtest_code_begin+32

mem[X,0x000000008000019C] -> 0x0013
mem[X,0x000000008000019E] -> 0x0000
[103] [M]: 0x000000008000019C (0x00000013) addi x0, x0, 0x0                         rvtest_code_begin+36

clint mtime 0x0000000000000034 (mip.MTI <- 0b1, mip.STI <- 0b0)
mem[X,0x00000000800001A0] -> 0x006F
mem[X,0x00000000800001A2] -> 0x0100
[104] [M]: 0x00000000800001A0 (0x0100006F) jal x0, 0x10                             inst_0+0

mem[X,0x00000000800001B0] -> 0xA031
[105] [M]: 0x00000000800001B0 (0xA031) c.j 0xc                                      inst_0+16

clint mtime 0x0000000000000035 (mip.MTI <- 0b1, mip.STI <- 0b0)
mem[X,0x00000000800001BC] -> 0x010D
[106] [M]: 0x00000000800001BC (0x010D) c.addi x2, 0x3                               inst_0+28
x2 <- 0x01FDDB7D5BFDDB82

mem[X,0x00000000800001BE] -> 0xB023
mem[X,0x00000000800001C0] -> 0x0020
[107] [M]: 0x00000000800001BE (0x0020B023) sd x2, 0x0(x1)                           inst_0+30
mem[W,0x0000000080004118] <- 0x01FDDB7D5BFDDB82

clint mtime 0x0000000000000036 (mip.MTI <- 0b1, mip.STI <- 0b0)
mem[X,0x00000000800001C2] -> 0x006F
mem[X,0x00000000800001C4] -> 0x55E0
[108] [M]: 0x00000000800001C2 (0x55E0006F) jal x0, 0x55e                            inst_1+0

mem[X,0x0000000080000720] -> 0xB46D
[109] [M]: 0x0000000080000720 (0xB46D) c.j -0x556                                   inst_1+1374

clint mtime 0x0000000000000037 (mip.MTI <- 0b1, mip.STI <- 0b0)
mem[X,0x00000000800001CA] -> 0x0113
mem[X,0x00000000800001CC] -> 0x0011
[110] [M]: 0x00000000800001CA (0x00110113) addi x2, x2, 0x1                         inst_1+8
x2 <- 0x01FDDB7D5BFDDB83

mem[X,0x00000000800001CE] -> 0x006F
mem[X,0x00000000800001D0] -> 0x55E0
[111] [M]: 0x00000000800001CE (0x55E0006F) jal x0, 0x55e                            inst_1+12

clint mtime 0x0000000000000038 (mip.MTI <- 0b1, mip.STI <- 0b0)
mem[X,0x000000008000072C] -> 0xB423
mem[X,0x000000008000072E] -> 0x0020
[112] [M]: 0x000000008000072C (0x0020B423) sd x2, 0x8(x1)                           inst_1+1386
mem[W,0x0000000080004120] <- 0x01FDDB7D5BFDDB83

mem[X,0x0000000080000730] -> 0x006F
mem[X,0x0000000080000732] -> 0x0100
[113] [M]: 0x0000000080000730 (0x0100006F) jal x0, 0x10                             inst_2+0

clint mtime 0x0000000000000039 (mip.MTI <- 0b1, mip.STI <- 0b0)
mem[X,0x0000000080000740] -> 0xA801
[114] [M]: 0x0000000080000740 (0xA801) c.j 0x10                                     inst_2+16

mem[X,0x0000000080000750] -> 0x010D
[115] [M]: 0x0000000080000750 (0x010D) c.addi x2, 0x3                               inst_2+32
x2 <- 0x01FDDB7D5BFDDB86

clint mtime 0x000000000000003A (mip.MTI <- 0b1, mip.STI <- 0b0)
mem[X,0x0000000080000752] -> 0xB823
mem[X,0x0000000080000754] -> 0x0020
[116] [M]: 0x0000000080000752 (0x0020B823) sd x2, 0x10(x1)                          inst_2+34
mem[W,0x0000000080004128] <- 0x01FDDB7D5BFDDB86

mem[X,0x0000000080000756] -> 0x006F
mem[X,0x0000000080000758] -> 0x0100
[117] [M]: 0x0000000080000756 (0x0100006F) jal x0, 0x10                             inst_3+0

clint mtime 0x000000000000003B (mip.MTI <- 0b1, mip.STI <- 0b0)
mem[X,0x0000000080000766] -> 0xA005
[118] [M]: 0x0000000080000766 (0xA005) c.j 0x20                                     inst_3+16

mem[X,0x0000000080000786] -> 0x010D
[119] [M]: 0x0000000080000786 (0x010D) c.addi x2, 0x3                               inst_3+48
x2 <- 0x01FDDB7D5BFDDB89

clint mtime 0x000000000000003C (mip.MTI <- 0b1, mip.STI <- 0b0)
mem[X,0x0000000080000788] -> 0xBC23
mem[X,0x000000008000078A] -> 0x0020
[120] [M]: 0x0000000080000788 (0x0020BC23) sd x2, 0x18(x1)                          inst_3+50
mem[W,0x0000000080004130] <- 0x01FDDB7D5BFDDB89

mem[X,0x000000008000078C] -> 0x006F
mem[X,0x000000008000078E] -> 0x0100
[121] [M]: 0x000000008000078C (0x0100006F) jal x0, 0x10                             inst_4+0

clint mtime 0x000000000000003D (mip.MTI <- 0b1, mip.STI <- 0b0)
mem[X,0x000000008000079C] -> 0xA081
[122] [M]: 0x000000008000079C (0xA081) c.j 0x40                                     inst_4+16

mem[X,0x00000000800007DC] -> 0x010D
[123] [M]: 0x00000000800007DC (0x010D) c.addi x2, 0x3                               inst_4+80
x2 <- 0x01FDDB7D5BFDDB8C

clint mtime 0x000000000000003E (mip.MTI <- 0b1, mip.STI <- 0b0)
mem[X,0x00000000800007DE] -> 0xB023
mem[X,0x00000000800007E0] -> 0x0220
[124] [M]: 0x00000000800007DE (0x0220B023) sd x2, 0x20(x1)                          inst_4+82
mem[W,0x0000000080004138] <- 0x01FDDB7D5BFDDB8C

mem[X,0x00000000800007E2] -> 0x006F
mem[X,0x00000000800007E4] -> 0x0100
[125] [M]: 0x00000000800007E2 (0x0100006F) jal x0, 0x10                             inst_5+0

clint mtime 0x000000000000003F (mip.MTI <- 0b1, mip.STI <- 0b0)
mem[X,0x00000000800007F2] -> 0xA041
[126] [M]: 0x00000000800007F2 (0xA041) c.j 0x80                                     inst_5+16

mem[X,0x0000000080000872] -> 0x010D
[127] [M]: 0x0000000080000872 (0x010D) c.addi x2, 0x3                               inst_5+144
x2 <- 0x01FDDB7D5BFDDB8F

clint mtime 0x0000000000000040 (mip.MTI <- 0b1, mip.STI <- 0b0)
mem[X,0x0000000080000874] -> 0xB423
mem[X,0x0000000080000876] -> 0x0220
[128] [M]: 0x0000000080000874 (0x0220B423) sd x2, 0x28(x1)                          inst_5+146
mem[W,0x0000000080004140] <- 0x01FDDB7D5BFDDB8F

mem[X,0x0000000080000878] -> 0x006F
mem[X,0x000000008000087A] -> 0x0100
[129] [M]: 0x0000000080000878 (0x0100006F) jal x0, 0x10                             inst_6+0

clint mtime 0x0000000000000041 (mip.MTI <- 0b1, mip.STI <- 0b0)
mem[X,0x0000000080000888] -> 0xA201
[130] [M]: 0x0000000080000888 (0xA201) c.j 0x100                                    inst_6+16

mem[X,0x0000000080000988] -> 0x010D
[131] [M]: 0x0000000080000988 (0x010D) c.addi x2, 0x3                               inst_6+272
x2 <- 0x01FDDB7D5BFDDB92

clint mtime 0x0000000000000042 (mip.MTI <- 0b1, mip.STI <- 0b0)
mem[X,0x000000008000098A] -> 0xB823
mem[X,0x000000008000098C] -> 0x0220
[132] [M]: 0x000000008000098A (0x0220B823) sd x2, 0x30(x1)                          inst_6+274
mem[W,0x0000000080004148] <- 0x01FDDB7D5BFDDB92

mem[X,0x000000008000098E] -> 0x006F
mem[X,0x0000000080000990] -> 0x0100
[133] [M]: 0x000000008000098E (0x0100006F) jal x0, 0x10                             inst_7+0

clint mtime 0x0000000000000043 (mip.MTI <- 0b1, mip.STI <- 0b0)
mem[X,0x000000008000099E] -> 0xA401
[134] [M]: 0x000000008000099E (0xA401) c.j 0x200                                    inst_7+16

mem[X,0x0000000080000B9E] -> 0x010D
[135] [M]: 0x0000000080000B9E (0x010D) c.addi x2, 0x3                               inst_7+528
x2 <- 0x01FDDB7D5BFDDB95

clint mtime 0x0000000000000044 (mip.MTI <- 0b1, mip.STI <- 0b0)
mem[X,0x0000000080000BA0] -> 0xBC23
mem[X,0x0000000080000BA2] -> 0x0220
[136] [M]: 0x0000000080000BA0 (0x0220BC23) sd x2, 0x38(x1)                          inst_7+530
mem[W,0x0000000080004150] <- 0x01FDDB7D5BFDDB95

mem[X,0x0000000080000BA4] -> 0x006F
mem[X,0x0000000080000BA6] -> 0x0100
[137] [M]: 0x0000000080000BA4 (0x0100006F) jal x0, 0x10                             inst_8+0

clint mtime 0x0000000000000045 (mip.MTI <- 0b1, mip.STI <- 0b0)
mem[X,0x0000000080000BB4] -> 0xA101
[138] [M]: 0x0000000080000BB4 (0xA101) c.j 0x400                                    inst_8+16

mem[X,0x0000000080000FB4] -> 0x010D
[139] [M]: 0x0000000080000FB4 (0x010D) c.addi x2, 0x3                               inst_8+1040
x2 <- 0x01FDDB7D5BFDDB98

clint mtime 0x0000000000000046 (mip.MTI <- 0b1, mip.STI <- 0b0)
mem[X,0x0000000080000FB6] -> 0xB023
mem[X,0x0000000080000FB8] -> 0x0420
[140] [M]: 0x0000000080000FB6 (0x0420B023) sd x2, 0x40(x1)                          inst_8+1042
mem[W,0x0000000080004158] <- 0x01FDDB7D5BFDDB98

mem[X,0x0000000080000FBA] -> 0x006F
mem[X,0x0000000080000FBC] -> 0x0120
[141] [M]: 0x0000000080000FBA (0x0120006F) jal x0, 0x12                             inst_9+0

clint mtime 0x0000000000000047 (mip.MTI <- 0b1, mip.STI <- 0b0)
mem[X,0x0000000080000FCC] -> 0xBFDD
[142] [M]: 0x0000000080000FCC (0xBFDD) c.j -0xa                                     inst_9+18

mem[X,0x0000000080000FC2] -> 0x0113
mem[X,0x0000000080000FC4] -> 0x0011
[143] [M]: 0x0000000080000FC2 (0x00110113) addi x2, x2, 0x1                         inst_9+8
x2 <- 0x01FDDB7D5BFDDB99

clint mtime 0x0000000000000048 (mip.MTI <- 0b1, mip.STI <- 0b0)
mem[X,0x0000000080000FC6] -> 0x006F
mem[X,0x0000000080000FC8] -> 0x0120
[144] [M]: 0x0000000080000FC6 (0x0120006F) jal x0, 0x12                             inst_9+12

mem[X,0x0000000080000FD8] -> 0xB423
mem[X,0x0000000080000FDA] -> 0x0420
[145] [M]: 0x0000000080000FD8 (0x0420B423) sd x2, 0x48(x1)                          inst_9+30
mem[W,0x0000000080004160] <- 0x01FDDB7D5BFDDB99

clint mtime 0x0000000000000049 (mip.MTI <- 0b1, mip.STI <- 0b0)
mem[X,0x0000000080000FDC] -> 0x006F
mem[X,0x0000000080000FDE] -> 0x01A0
[146] [M]: 0x0000000080000FDC (0x01A0006F) jal x0, 0x1a                             inst_10+0

mem[X,0x0000000080000FF6] -> 0xB7FD
[147] [M]: 0x0000000080000FF6 (0xB7FD) c.j -0x12                                    inst_10+26

clint mtime 0x000000000000004A (mip.MTI <- 0b1, mip.STI <- 0b0)
mem[X,0x0000000080000FE4] -> 0x0113
mem[X,0x0000000080000FE6] -> 0x0011
[148] [M]: 0x0000000080000FE4 (0x00110113) addi x2, x2, 0x1                         inst_10+8
x2 <- 0x01FDDB7D5BFDDB9A

mem[X,0x0000000080000FE8] -> 0x006F
mem[X,0x0000000080000FEA] -> 0x01A0
[149] [M]: 0x0000000080000FE8 (0x01A0006F) jal x0, 0x1a                             inst_10+12

clint mtime 0x000000000000004B (mip.MTI <- 0b1, mip.STI <- 0b0)
mem[X,0x0000000080001002] -> 0xB823
mem[X,0x0000000080001004] -> 0x0420
[150] [M]: 0x0000000080001002 (0x0420B823) sd x2, 0x50(x1)                          inst_10+38
mem[W,0x0000000080004168] <- 0x01FDDB7D5BFDDB9A

mem[X,0x0000000080001006] -> 0x006F
mem[X,0x0000000080001008] -> 0x40A0
[151] [M]: 0x0000000080001006 (0x40A0006F) jal x0, 0x40a                            inst_11+0

clint mtime 0x000000000000004C (mip.MTI <- 0b1, mip.STI <- 0b0)
mem[X,0x0000000080001410] -> 0xBEFD
[152] [M]: 0x0000000080001410 (0xBEFD) c.j -0x402                                   inst_11+1034

mem[X,0x000000008000100E] -> 0x0113
mem[X,0x0000000080001010] -> 0x0011
[153] [M]: 0x000000008000100E (0x00110113) addi x2, x2, 0x1                         inst_11+8
x2 <- 0x01FDDB7D5BFDDB9B

clint mtime 0x000000000000004D (mip.MTI <- 0b1, mip.STI <- 0b0)
mem[X,0x0000000080001012] -> 0x006F
mem[X,0x0000000080001014] -> 0x40A0
[154] [M]: 0x0000000080001012 (0x40A0006F) jal x0, 0x40a                            inst_11+12

mem[X,0x000000008000141C] -> 0xBC23
mem[X,0x000000008000141E] -> 0x0420
[155] [M]: 0x000000008000141C (0x0420BC23) sd x2, 0x58(x1)                          inst_11+1046
mem[W,0x0000000080004170] <- 0x01FDDB7D5BFDDB9B

clint mtime 0x000000000000004E (mip.MTI <- 0b1, mip.STI <- 0b0)
mem[X,0x0000000080001420] -> 0x006F
mem[X,0x0000000080001422] -> 0x0100
[156] [M]: 0x0000000080001420 (0x0100006F) jal x0, 0x10                             inst_12+0

mem[X,0x0000000080001430] -> 0xAB91
[157] [M]: 0x0000000080001430 (0xAB91) c.j 0x554                                    inst_12+16

clint mtime 0x000000000000004F (mip.MTI <- 0b1, mip.STI <- 0b0)
mem[X,0x0000000080001984] -> 0x010D
[158] [M]: 0x0000000080001984 (0x010D) c.addi x2, 0x3                               inst_12+1380
x2 <- 0x01FDDB7D5BFDDB9E

mem[X,0x0000000080001986] -> 0xB023
mem[X,0x0000000080001988] -> 0x0620
[159] [M]: 0x0000000080001986 (0x0620B023) sd x2, 0x60(x1)                          inst_12+1382
mem[W,0x0000000080004178] <- 0x01FDDB7D5BFDDB9E

clint mtime 0x0000000000000050 (mip.MTI <- 0b1, mip.STI <- 0b0)
mem[X,0x000000008000198A] -> 0x006F
mem[X,0x000000008000198C] -> 0x02A0
[160] [M]: 0x000000008000198A (0x02A0006F) jal x0, 0x2a                             inst_13+0

mem[X,0x00000000800019B4] -> 0xBFF9
[161] [M]: 0x00000000800019B4 (0xBFF9) c.j -0x22                                    inst_13+42

clint mtime 0x0000000000000051 (mip.MTI <- 0b1, mip.STI <- 0b0)
mem[X,0x0000000080001992] -> 0x0113
mem[X,0x0000000080001994] -> 0x0011
[162] [M]: 0x0000000080001992 (0x00110113) addi x2, x2, 0x1                         inst_13+8
x2 <- 0x01FDDB7D5BFDDB9F

mem[X,0x0000000080001996] -> 0x006F
mem[X,0x0000000080001998] -> 0x02A0
[163] [M]: 0x0000000080001996 (0x02A0006F) jal x0, 0x2a                             inst_13+12

clint mtime 0x0000000000000052 (mip.MTI <- 0b1, mip.STI <- 0b0)
mem[X,0x00000000800019C0] -> 0xB423
mem[X,0x00000000800019C2] -> 0x0620
[164] [M]: 0x00000000800019C0 (0x0620B423) sd x2, 0x68(x1)                          inst_13+54
mem[W,0x0000000080004180] <- 0x01FDDB7D5BFDDB9F

mem[X,0x00000000800019C4] -> 0x006F
mem[X,0x00000000800019C6] -> 0x04A0
[165] [M]: 0x00000000800019C4 (0x04A0006F) jal x0, 0x4a                             inst_14+0

clint mtime 0x0000000000000053 (mip.MTI <- 0b1, mip.STI <- 0b0)
mem[X,0x0000000080001A0E] -> 0xBF7D
[166] [M]: 0x0000000080001A0E (0xBF7D) c.j -0x42                                    inst_14+74

mem[X,0x00000000800019CC] -> 0x0113
mem[X,0x00000000800019CE] -> 0x0011
[167] [M]: 0x00000000800019CC (0x00110113) addi x2, x2, 0x1                         inst_14+8
x2 <- 0x01FDDB7D5BFDDBA0

clint mtime 0x0000000000000054 (mip.MTI <- 0b1, mip.STI <- 0b0)
mem[X,0x00000000800019D0] -> 0x006F
mem[X,0x00000000800019D2] -> 0x04A0
[168] [M]: 0x00000000800019D0 (0x04A0006F) jal x0, 0x4a                             inst_14+12

mem[X,0x0000000080001A1A] -> 0xB823
mem[X,0x0000000080001A1C] -> 0x0620
[169] [M]: 0x0000000080001A1A (0x0620B823) sd x2, 0x70(x1)                          inst_14+86
mem[W,0x0000000080004188] <- 0x01FDDB7D5BFDDBA0

clint mtime 0x0000000000000055 (mip.MTI <- 0b1, mip.STI <- 0b0)
mem[X,0x0000000080001A1E] -> 0x006F
mem[X,0x0000000080001A20] -> 0x08A0
[170] [M]: 0x0000000080001A1E (0x08A0006F) jal x0, 0x8a                             inst_15+0

mem[X,0x0000000080001AA8] -> 0xBFBD
[171] [M]: 0x0000000080001AA8 (0xBFBD) c.j -0x82                                    inst_15+138

clint mtime 0x0000000000000056 (mip.MTI <- 0b1, mip.STI <- 0b0)
mem[X,0x0000000080001A26] -> 0x0113
mem[X,0x0000000080001A28] -> 0x0011
[172] [M]: 0x0000000080001A26 (0x00110113) addi x2, x2, 0x1                         inst_15+8
x2 <- 0x01FDDB7D5BFDDBA1

mem[X,0x0000000080001A2A] -> 0x006F
mem[X,0x0000000080001A2C] -> 0x08A0
[173] [M]: 0x0000000080001A2A (0x08A0006F) jal x0, 0x8a                             inst_15+12

clint mtime 0x0000000000000057 (mip.MTI <- 0b1, mip.STI <- 0b0)
mem[X,0x0000000080001AB4] -> 0xBC23
mem[X,0x0000000080001AB6] -> 0x0620
[174] [M]: 0x0000000080001AB4 (0x0620BC23) sd x2, 0x78(x1)                          inst_15+150
mem[W,0x0000000080004190] <- 0x01FDDB7D5BFDDBA1

mem[X,0x0000000080001AB8] -> 0x006F
mem[X,0x0000000080001ABA] -> 0x10A0
[175] [M]: 0x0000000080001AB8 (0x10A0006F) jal x0, 0x10a                            inst_16+0

clint mtime 0x0000000000000058 (mip.MTI <- 0b1, mip.STI <- 0b0)
mem[X,0x0000000080001BC2] -> 0xBDFD
[176] [M]: 0x0000000080001BC2 (0xBDFD) c.j -0x102                                   inst_16+266

mem[X,0x0000000080001AC0] -> 0x0113
mem[X,0x0000000080001AC2] -> 0x0011
[177] [M]: 0x0000000080001AC0 (0x00110113) addi x2, x2, 0x1                         inst_16+8
x2 <- 0x01FDDB7D5BFDDBA2

clint mtime 0x0000000000000059 (mip.MTI <- 0b1, mip.STI <- 0b0)
mem[X,0x0000000080001AC4] -> 0x006F
mem[X,0x0000000080001AC6] -> 0x10A0
[178] [M]: 0x0000000080001AC4 (0x10A0006F) jal x0, 0x10a                            inst_16+12

mem[X,0x0000000080001BCE] -> 0xB023
mem[X,0x0000000080001BD0] -> 0x0820
[179] [M]: 0x0000000080001BCE (0x0820B023) sd x2, 0x80(x1)                          inst_16+278
mem[W,0x0000000080004198] <- 0x01FDDB7D5BFDDBA2

clint mtime 0x000000000000005A (mip.MTI <- 0b1, mip.STI <- 0b0)
mem[X,0x0000000080001BD2] -> 0x006F
mem[X,0x0000000080001BD4] -> 0x20A0
[180] [M]: 0x0000000080001BD2 (0x20A0006F) jal x0, 0x20a                            inst_17+0

mem[X,0x0000000080001DDC] -> 0xBBFD
[181] [M]: 0x0000000080001DDC (0xBBFD) c.j -0x202                                   inst_17+522

clint mtime 0x000000000000005B (mip.MTI <- 0b1, mip.STI <- 0b0)
mem[X,0x0000000080001BDA] -> 0x0113
mem[X,0x0000000080001BDC] -> 0x0011
[182] [M]: 0x0000000080001BDA (0x00110113) addi x2, x2, 0x1                         inst_17+8
x2 <- 0x01FDDB7D5BFDDBA3

mem[X,0x0000000080001BDE] -> 0x006F
mem[X,0x0000000080001BE0] -> 0x20A0
[183] [M]: 0x0000000080001BDE (0x20A0006F) jal x0, 0x20a                            inst_17+12

clint mtime 0x000000000000005C (mip.MTI <- 0b1, mip.STI <- 0b0)
mem[X,0x0000000080001DE8] -> 0xB423
mem[X,0x0000000080001DEA] -> 0x0820
[184] [M]: 0x0000000080001DE8 (0x0820B423) sd x2, 0x88(x1)                          inst_17+534
mem[W,0x00000000800041A0] <- 0x01FDDB7D5BFDDBA3

mem[X,0x0000000080001DEC] -> 0x006F
mem[X,0x0000000080001DEE] -> 0x0380
[185] [M]: 0x0000000080001DEC (0x0380006F) jal x0, 0x38                             rvtest_code_end+0

clint mtime 0x000000000000005D (mip.MTI <- 0b1, mip.STI <- 0b0)
mem[X,0x0000000080001E24] -> 0x4085
[186] [M]: 0x0000000080001E24 (0x4085) c.li x1, 0x1                                 exit_cleanup+0
x1 <- 0x0000000000000001

mem[X,0x0000000080001E26] -> 0x0397
mem[X,0x0000000080001E28] -> 0x0000
[187] [M]: 0x0000000080001E26 (0x00000397) auipc x7, 0x0                            exit_cleanup+2
x7 <- 0x0000000080001E26

clint mtime 0x000000000000005E (mip.MTI <- 0b1, mip.STI <- 0b0)
mem[X,0x0000000080001E2A] -> 0xAD23
mem[X,0x0000000080001E2C] -> 0x1C13
[188] [M]: 0x0000000080001E2A (0x1C13AD23) sw x1, 0x1da(x7)                         exit_cleanup+6
htif[0x0000000080002000] <- 0x00000001
mem[W,0x0000000080002000] <- 0x00000001

mem[X,0x0000000080001E2E] -> 0xBFE5
[189] [M]: 0x0000000080001E2E (0xBFE5) c.j -0x8                                     exit_cleanup+10

clint mtime 0x000000000000005F (mip.MTI <- 0b1, mip.STI <- 0b0)
mem[X,0x0000000080001E26] -> 0x0397
mem[X,0x0000000080001E28] -> 0x0000
[190] [M]: 0x0000000080001E26 (0x00000397) auipc x7, 0x0                            exit_cleanup+2
x7 <- 0x0000000080001E26

mem[X,0x0000000080001E2A] -> 0xAD23
mem[X,0x0000000080001E2C] -> 0x1C13
[191] [M]: 0x0000000080001E2A (0x1C13AD23) sw x1, 0x1da(x7)                         exit_cleanup+6
htif[0x0000000080002000] <- 0x00000001
mem[W,0x0000000080002000] <- 0x00000001

clint mtime 0x0000000000000060 (mip.MTI <- 0b1, mip.STI <- 0b0)
mem[X,0x0000000080001E2E] -> 0xBFE5
[192] [M]: 0x0000000080001E2E (0xBFE5) c.j -0x8                                     exit_cleanup+10

mem[X,0x0000000080001E26] -> 0x0397
mem[X,0x0000000080001E28] -> 0x0000
[193] [M]: 0x0000000080001E26 (0x00000397) auipc x7, 0x0                            exit_cleanup+2
x7 <- 0x0000000080001E26

clint mtime 0x0000000000000061 (mip.MTI <- 0b1, mip.STI <- 0b0)
mem[X,0x0000000080001E2A] -> 0xAD23
mem[X,0x0000000080001E2C] -> 0x1C13
[194] [M]: 0x0000000080001E2A (0x1C13AD23) sw x1, 0x1da(x7)                         exit_cleanup+6
htif[0x0000000080002000] <- 0x00000001
htif-syscall-proxy cmd: 0x000000000001
mem[W,0x0000000080002000] <- 0x00000001

SUCCESS
