using /opt/riscv-arch-test/riscof-plugins/rv64/riscof_work/vm_sv39/src/vm_mstatus_tvm_test.S/ref/Reference-sail_c_simulator.signature for test-signature output.
setting signature-granularity to 8 bytes
HTIF located at 0x80002000
begin_signature: 0x80007110
end_signature: 0x80007520
Entry point: 0x80000000
CSR mstatus (0x300) <- 0x0000000A00000000
CSR misa (0x301) <- 0x800000000034112F
CSR mcause (0x342) <- 0x0000000000000000
x10 <- 0x0000000000000000
x11 <- 0x0000000000001000
mem[X,0x0000000080000000] -> 0x3317
mem[X,0x0000000080000002] -> 0x0000
[0] [M]: 0x0000000080000000 (0x00003317) auipc x6, 0x3                              rvtest_init+0
x6 <- 0x0000000080003000

mem[X,0x0000000080000004] -> 0x0313
mem[X,0x0000000080000006] -> 0x0003
[1] [M]: 0x0000000080000004 (0x00030313) addi x6, x6, 0x0                           rvtest_init+4
x6 <- 0x0000000080003000

clint mtime 0x0000000000000001 (mip.MTI <- 0b1, mip.STI <- 0b0)
mem[X,0x0000000080000008] -> 0x0013
mem[X,0x000000008000000A] -> 0x0000
[2] [M]: 0x0000000080000008 (0x00000013) addi x0, x0, 0x0                           rvtest_init+8

mem[X,0x000000008000000C] -> 0x0013
mem[X,0x000000008000000E] -> 0x0000
[3] [M]: 0x000000008000000C (0x00000013) addi x0, x0, 0x0                           rvtest_init+12

clint mtime 0x0000000000000002 (mip.MTI <- 0b1, mip.STI <- 0b0)
mem[X,0x0000000080000010] -> 0x0013
mem[X,0x0000000080000012] -> 0x0000
[4] [M]: 0x0000000080000010 (0x00000013) addi x0, x0, 0x0                           rvtest_init+16

mem[X,0x0000000080000014] -> 0x0013
mem[X,0x0000000080000016] -> 0x0000
[5] [M]: 0x0000000080000014 (0x00000013) addi x0, x0, 0x0                           rvtest_init+20

clint mtime 0x0000000000000003 (mip.MTI <- 0b1, mip.STI <- 0b0)
mem[X,0x0000000080000018] -> 0x0013
mem[X,0x000000008000001A] -> 0x0000
[6] [M]: 0x0000000080000018 (0x00000013) addi x0, x0, 0x0                           rvtest_init+24

mem[X,0x000000008000001C] -> 0x0013
mem[X,0x000000008000001E] -> 0x0000
[7] [M]: 0x000000008000001C (0x00000013) addi x0, x0, 0x0                           rvtest_init+28

clint mtime 0x0000000000000004 (mip.MTI <- 0b1, mip.STI <- 0b0)
mem[X,0x0000000080000020] -> 0x1473
mem[X,0x0000000080000022] -> 0x3403
[8] [M]: 0x0000000080000020 (0x34031473) csrrw x8, mscratch, x6                     init_Mscratch+0
CSR mscratch (0x340) <- 0x0000000080003000
x8 <- 0x0000000000000000

mem[X,0x0000000080000024] -> 0x3823
mem[X,0x0000000080000026] -> 0x2483
[9] [M]: 0x0000000080000024 (0x24833823) sd x8, 0x250(x6)                           init_Mscratch+4
mem[W,0x0000000080003250] <- 0x0000000000000000

clint mtime 0x0000000000000005 (mip.MTI <- 0b1, mip.STI <- 0b0)
mem[X,0x0000000080000028] -> 0x0393
mem[X,0x000000008000002A] -> 0x0000
[10] [M]: 0x0000000080000028 (0x00000393) addi x7, x0, 0x0                          init_Medeleg+0
x7 <- 0x0000000000000000

mem[X,0x000000008000002C] -> 0x93F3
mem[X,0x000000008000002E] -> 0x3023
[11] [M]: 0x000000008000002C (0x302393F3) csrrw x7, medeleg, x7                     init_Medeleg+4
CSR medeleg (0x302) <- 0x0000000000000000
x7 <- 0x0000000000000000

clint mtime 0x0000000000000006 (mip.MTI <- 0b1, mip.STI <- 0b0)
mem[X,0x0000000080000030] -> 0x3C23
mem[X,0x0000000080000032] -> 0x2273
[12] [M]: 0x0000000080000030 (0x22733C23) sd x7, 0x238(x6)                          init_Medeleg+8
mem[W,0x0000000080003238] <- 0x0000000000000000

mem[X,0x0000000080000034] -> 0x2473
mem[X,0x0000000080000036] -> 0x3050
[13] [M]: 0x0000000080000034 (0x30502473) csrrs x8, mtvec, x0                       init_Mtvec+0
CSR mtvec (0x305) -> 0x0000000000000000
x8 <- 0x0000000000000000

clint mtime 0x0000000000000007 (mip.MTI <- 0b1, mip.STI <- 0b0)
mem[X,0x0000000080000038] -> 0x3423
mem[X,0x000000008000003A] -> 0x2483
[14] [M]: 0x0000000080000038 (0x24833423) sd x8, 0x248(x6)                          init_Mtvec+4
mem[W,0x0000000080003248] <- 0x0000000000000000

mem[X,0x000000008000003C] -> 0x7393
mem[X,0x000000008000003E] -> 0x0034
[15] [M]: 0x000000008000003C (0x00347393) andi x7, x8, 0x3                          init_Mtvec+8
x7 <- 0x0000000000000000

clint mtime 0x0000000000000008 (mip.MTI <- 0b1, mip.STI <- 0b0)
mem[X,0x0000000080000040] -> 0x3483
mem[X,0x0000000080000042] -> 0x2303
[16] [M]: 0x0000000080000040 (0x23033483) ld x9, 0x230(x6)                          init_Mtvec+12
mem[R,0x0000000080003230] -> 0x0000000080000794
x9 <- 0x0000000080000794

mem[X,0x0000000080000044] -> 0x8493
mem[X,0x0000000080000046] -> 0xE2C4
[17] [M]: 0x0000000080000044 (0xE2C48493) addi x9, x9, -0x1d4                       init_Mtvec+16
x9 <- 0x00000000800005C0

clint mtime 0x0000000000000009 (mip.MTI <- 0b1, mip.STI <- 0b0)
mem[X,0x0000000080000048] -> 0xE3B3
mem[X,0x000000008000004A] -> 0x0074
[18] [M]: 0x0000000080000048 (0x0074E3B3) or x7, x9, x7                             init_Mtvec+20
x7 <- 0x00000000800005C0

mem[X,0x000000008000004C] -> 0x3023
mem[X,0x000000008000004E] -> 0x2473
[19] [M]: 0x000000008000004C (0x24733023) sd x7, 0x240(x6)                          init_Mtvec+24
mem[W,0x0000000080003240] <- 0x00000000800005C0

clint mtime 0x000000000000000A (mip.MTI <- 0b1, mip.STI <- 0b0)
mem[X,0x0000000080000050] -> 0x9073
mem[X,0x0000000080000052] -> 0x3053
[20] [M]: 0x0000000080000050 (0x30539073) csrrw x0, mtvec, x7                       init_Mtvec+28
CSR mtvec (0x305) <- 0x00000000800005C0

mem[X,0x0000000080000054] -> 0x2573
mem[X,0x0000000080000056] -> 0x3050
[21] [M]: 0x0000000080000054 (0x30502573) csrrs x10, mtvec, x0                      init_Mtvec+32
CSR mtvec (0x305) -> 0x00000000800005C0
x10 <- 0x00000000800005C0

clint mtime 0x000000000000000B (mip.MTI <- 0b1, mip.STI <- 0b0)
mem[X,0x0000000080000058] -> 0x0663
mem[X,0x000000008000005A] -> 0x0875
[22] [M]: 0x0000000080000058 (0x08750663) beq x10, x7, 0x8c                         init_Mtvec+36

mem[X,0x00000000800000E4] -> 0x0013
mem[X,0x00000000800000E6] -> 0x0000
[23] [M]: 0x00000000800000E4 (0x00000013) addi x0, x0, 0x0                          rvtest_Mprolog_done+0

clint mtime 0x000000000000000C (mip.MTI <- 0b1, mip.STI <- 0b0)
mem[X,0x00000000800000E8] -> 0x0013
mem[X,0x00000000800000EA] -> 0x0000
[24] [M]: 0x00000000800000E8 (0x00000013) addi x0, x0, 0x0                          rvtest_Mprolog_done+4

mem[X,0x00000000800000EC] -> 0x0013
mem[X,0x00000000800000EE] -> 0x0000
[25] [M]: 0x00000000800000EC (0x00000013) addi x0, x0, 0x0                          rvtest_Mprolog_done+8

clint mtime 0x000000000000000D (mip.MTI <- 0b1, mip.STI <- 0b0)
mem[X,0x00000000800000F0] -> 0x0013
mem[X,0x00000000800000F2] -> 0x0000
[26] [M]: 0x00000000800000F0 (0x00000013) addi x0, x0, 0x0                          rvtest_Mprolog_done+12

mem[X,0x00000000800000F4] -> 0x0013
mem[X,0x00000000800000F6] -> 0x0000
[27] [M]: 0x00000000800000F4 (0x00000013) addi x0, x0, 0x0                          rvtest_Mprolog_done+16

clint mtime 0x000000000000000E (mip.MTI <- 0b1, mip.STI <- 0b0)
mem[X,0x00000000800000F8] -> 0x0013
mem[X,0x00000000800000FA] -> 0x0000
[28] [M]: 0x00000000800000F8 (0x00000013) addi x0, x0, 0x0                          rvtest_Mprolog_done+20

mem[X,0x00000000800000FC] -> 0x0013
mem[X,0x00000000800000FE] -> 0x0000
[29] [M]: 0x00000000800000FC (0x00000013) addi x0, x0, 0x0                          rvtest_Mprolog_done+24

clint mtime 0x000000000000000F (mip.MTI <- 0b1, mip.STI <- 0b0)
mem[X,0x0000000080000100] -> 0x3317
mem[X,0x0000000080000102] -> 0x0000
[30] [M]: 0x0000000080000100 (0x00003317) auipc x6, 0x3                             rvtest_Mprolog_done+28
x6 <- 0x0000000080003100

mem[X,0x0000000080000104] -> 0x0313
mem[X,0x0000000080000106] -> 0x1983
[31] [M]: 0x0000000080000104 (0x19830313) addi x6, x6, 0x198                        rvtest_Mprolog_done+32
x6 <- 0x0000000080003298

clint mtime 0x0000000000000010 (mip.MTI <- 0b1, mip.STI <- 0b0)
mem[X,0x0000000080000108] -> 0x0001
[32] [M]: 0x0000000080000108 (0x0001) c.nop                                         rvtest_Mprolog_done+36

mem[X,0x000000008000010A] -> 0x0013
mem[X,0x000000008000010C] -> 0x0000
[33] [M]: 0x000000008000010A (0x00000013) addi x0, x0, 0x0                          rvtest_Mprolog_done+38

clint mtime 0x0000000000000011 (mip.MTI <- 0b1, mip.STI <- 0b0)
mem[X,0x000000008000010E] -> 0x0013
mem[X,0x0000000080000110] -> 0x0000
[34] [M]: 0x000000008000010E (0x00000013) addi x0, x0, 0x0                          rvtest_Mprolog_done+42

mem[X,0x0000000080000112] -> 0x0013
mem[X,0x0000000080000114] -> 0x0000
[35] [M]: 0x0000000080000112 (0x00000013) addi x0, x0, 0x0                          rvtest_Mprolog_done+46

clint mtime 0x0000000000000012 (mip.MTI <- 0b1, mip.STI <- 0b0)
mem[X,0x0000000080000116] -> 0x0013
mem[X,0x0000000080000118] -> 0x0000
[36] [M]: 0x0000000080000116 (0x00000013) addi x0, x0, 0x0                          rvtest_Mprolog_done+50

mem[X,0x000000008000011A] -> 0x0013
mem[X,0x000000008000011C] -> 0x0000
[37] [M]: 0x000000008000011A (0x00000013) addi x0, x0, 0x0                          rvtest_Mprolog_done+54

clint mtime 0x0000000000000013 (mip.MTI <- 0b1, mip.STI <- 0b0)
mem[X,0x000000008000011E] -> 0x0001
[38] [M]: 0x000000008000011E (0x0001) c.nop                                         rvtest_Mprolog_done+58

mem[X,0x0000000080000120] -> 0x1473
mem[X,0x0000000080000122] -> 0x1403
[39] [M]: 0x0000000080000120 (0x14031473) csrrw x8, sscratch, x6                    init_Sscratch+0
CSR sscratch (0x140) <- 0x0000000080003298
x8 <- 0x0000000000000000

clint mtime 0x0000000000000014 (mip.MTI <- 0b1, mip.STI <- 0b0)
mem[X,0x0000000080000124] -> 0x3823
mem[X,0x0000000080000126] -> 0x2483
[40] [M]: 0x0000000080000124 (0x24833823) sd x8, 0x250(x6)                          init_Sscratch+4
mem[W,0x00000000800034E8] <- 0x0000000000000000

mem[X,0x0000000080000128] -> 0x0393
mem[X,0x000000008000012A] -> 0x0000
[41] [M]: 0x0000000080000128 (0x00000393) addi x7, x0, 0x0                          init_Sedeleg+0
x7 <- 0x0000000000000000

clint mtime 0x0000000000000015 (mip.MTI <- 0b1, mip.STI <- 0b0)
mem[X,0x000000008000012C] -> 0x3C23
mem[X,0x000000008000012E] -> 0x2273
[42] [M]: 0x000000008000012C (0x22733C23) sd x7, 0x238(x6)                          init_Sedeleg+4
mem[W,0x00000000800034D0] <- 0x0000000000000000

mem[X,0x0000000080000130] -> 0x0013
mem[X,0x0000000080000132] -> 0x0000
[43] [M]: 0x0000000080000130 (0x00000013) addi x0, x0, 0x0                          init_Ssatp+0

clint mtime 0x0000000000000016 (mip.MTI <- 0b1, mip.STI <- 0b0)
mem[X,0x0000000080000134] -> 0x0013
mem[X,0x0000000080000136] -> 0x0000
[44] [M]: 0x0000000080000134 (0x00000013) addi x0, x0, 0x0                          init_Ssatp+4

mem[X,0x0000000080000138] -> 0x0013
mem[X,0x000000008000013A] -> 0x0000
[45] [M]: 0x0000000080000138 (0x00000013) addi x0, x0, 0x0                          init_Ssatp+8

clint mtime 0x0000000000000017 (mip.MTI <- 0b1, mip.STI <- 0b0)
mem[X,0x000000008000013C] -> 0x0013
mem[X,0x000000008000013E] -> 0x0000
[46] [M]: 0x000000008000013C (0x00000013) addi x0, x0, 0x0                          init_Ssatp+12

mem[X,0x0000000080000140] -> 0x6497
mem[X,0x0000000080000142] -> 0x0000
[47] [M]: 0x0000000080000140 (0x00006497) auipc x9, 0x6                             init_Ssatp+16
x9 <- 0x0000000080006140

clint mtime 0x0000000000000018 (mip.MTI <- 0b1, mip.STI <- 0b0)
mem[X,0x0000000080000144] -> 0x8493
mem[X,0x0000000080000146] -> 0xEC04
[48] [M]: 0x0000000080000144 (0xEC048493) addi x9, x9, -0x140                       init_Ssatp+20
x9 <- 0x0000000080006000

mem[X,0x0000000080000148] -> 0x0001
[49] [M]: 0x0000000080000148 (0x0001) c.nop                                         init_Ssatp+24

clint mtime 0x0000000000000019 (mip.MTI <- 0b1, mip.STI <- 0b0)
mem[X,0x000000008000014A] -> 0x0013
mem[X,0x000000008000014C] -> 0x0000
[50] [M]: 0x000000008000014A (0x00000013) addi x0, x0, 0x0                          init_Ssatp+26

mem[X,0x000000008000014E] -> 0x0013
mem[X,0x0000000080000150] -> 0x0000
[51] [M]: 0x000000008000014E (0x00000013) addi x0, x0, 0x0                          init_Ssatp+30

clint mtime 0x000000000000001A (mip.MTI <- 0b1, mip.STI <- 0b0)
mem[X,0x0000000080000152] -> 0x0013
mem[X,0x0000000080000154] -> 0x0000
[52] [M]: 0x0000000080000152 (0x00000013) addi x0, x0, 0x0                          init_Ssatp+34

mem[X,0x0000000080000156] -> 0x0013
mem[X,0x0000000080000158] -> 0x0000
[53] [M]: 0x0000000080000156 (0x00000013) addi x0, x0, 0x0                          init_Ssatp+38

clint mtime 0x000000000000001B (mip.MTI <- 0b1, mip.STI <- 0b0)
mem[X,0x000000008000015A] -> 0x0013
mem[X,0x000000008000015C] -> 0x0000
[54] [M]: 0x000000008000015A (0x00000013) addi x0, x0, 0x0                          init_Ssatp+42

mem[X,0x000000008000015E] -> 0x0001
[55] [M]: 0x000000008000015E (0x0001) c.nop                                         init_Ssatp+46

clint mtime 0x000000000000001C (mip.MTI <- 0b1, mip.STI <- 0b0)
mem[X,0x0000000080000160] -> 0xD493
mem[X,0x0000000080000162] -> 0x00C4
[56] [M]: 0x0000000080000160 (0x00C4D493) srli x9, x9, 0xc                          init_Ssatp+48
x9 <- 0x0000000000080006

mem[X,0x0000000080000164] -> 0x0413
mem[X,0x0000000080000166] -> 0xFFF0
[57] [M]: 0x0000000080000164 (0xFFF00413) addi x8, x0, -0x1                         init_Ssatp+52
x8 <- 0xFFFFFFFFFFFFFFFF

clint mtime 0x000000000000001D (mip.MTI <- 0b1, mip.STI <- 0b0)
mem[X,0x0000000080000168] -> 0x1413
mem[X,0x000000008000016A] -> 0x03F4
[58] [M]: 0x0000000080000168 (0x03F41413) slli x8, x8, 0x3f                         init_Ssatp+56
x8 <- 0x8000000000000000

mem[X,0x000000008000016C] -> 0xE4B3
mem[X,0x000000008000016E] -> 0x0084
[59] [M]: 0x000000008000016C (0x0084E4B3) or x9, x9, x8                             init_Ssatp+60
x9 <- 0x8000000000080006

clint mtime 0x000000000000001E (mip.MTI <- 0b1, mip.STI <- 0b0)
mem[X,0x0000000080000170] -> 0x94F3
mem[X,0x0000000080000172] -> 0x1804
[60] [M]: 0x0000000080000170 (0x180494F3) csrrw x9, satp, x9                        init_Ssatp+64
CSR satp (0x180) <- 0x8000000000080006
x9 <- 0x0000000000000000

mem[X,0x0000000080000174] -> 0x3023
mem[X,0x0000000080000176] -> 0x2293
[61] [M]: 0x0000000080000174 (0x22933023) sd x9, 0x220(x6)                          init_Ssatp+68
mem[W,0x00000000800034B8] <- 0x0000000000000000

clint mtime 0x000000000000001F (mip.MTI <- 0b1, mip.STI <- 0b0)
mem[X,0x0000000080000178] -> 0x2473
mem[X,0x000000008000017A] -> 0x1050
[62] [M]: 0x0000000080000178 (0x10502473) csrrs x8, stvec, x0                       init_Stvec+0
CSR stvec (0x105) -> 0x0000000000000000
x8 <- 0x0000000000000000

mem[X,0x000000008000017C] -> 0x3423
mem[X,0x000000008000017E] -> 0x2483
[63] [M]: 0x000000008000017C (0x24833423) sd x8, 0x248(x6)                          init_Stvec+4
mem[W,0x00000000800034E0] <- 0x0000000000000000

clint mtime 0x0000000000000020 (mip.MTI <- 0b1, mip.STI <- 0b0)
mem[X,0x0000000080000180] -> 0x7393
mem[X,0x0000000080000182] -> 0x0034
[64] [M]: 0x0000000080000180 (0x00347393) andi x7, x8, 0x3                          init_Stvec+8
x7 <- 0x0000000000000000

mem[X,0x0000000080000184] -> 0x3483
mem[X,0x0000000080000186] -> 0x2303
[65] [M]: 0x0000000080000184 (0x23033483) ld x9, 0x230(x6)                          init_Stvec+12
mem[R,0x00000000800034C8] -> 0x0000000080001114
x9 <- 0x0000000080001114

clint mtime 0x0000000000000021 (mip.MTI <- 0b1, mip.STI <- 0b0)
mem[X,0x0000000080000188] -> 0x8493
mem[X,0x000000008000018A] -> 0xE2C4
[66] [M]: 0x0000000080000188 (0xE2C48493) addi x9, x9, -0x1d4                       init_Stvec+16
x9 <- 0x0000000080000F40

mem[X,0x000000008000018C] -> 0xE3B3
mem[X,0x000000008000018E] -> 0x0074
[67] [M]: 0x000000008000018C (0x0074E3B3) or x7, x9, x7                             init_Stvec+20
x7 <- 0x0000000080000F40

clint mtime 0x0000000000000022 (mip.MTI <- 0b1, mip.STI <- 0b0)
mem[X,0x0000000080000190] -> 0x3023
mem[X,0x0000000080000192] -> 0x2473
[68] [M]: 0x0000000080000190 (0x24733023) sd x7, 0x240(x6)                          init_Stvec+24
mem[W,0x00000000800034D8] <- 0x0000000080000F40

mem[X,0x0000000080000194] -> 0x9073
mem[X,0x0000000080000196] -> 0x1053
[69] [M]: 0x0000000080000194 (0x10539073) csrrw x0, stvec, x7                       init_Stvec+28
CSR stvec (0x105) <- 0x0000000080000F40

clint mtime 0x0000000000000023 (mip.MTI <- 0b1, mip.STI <- 0b0)
mem[X,0x0000000080000198] -> 0x2573
mem[X,0x000000008000019A] -> 0x1050
[70] [M]: 0x0000000080000198 (0x10502573) csrrs x10, stvec, x0                      init_Stvec+32
CSR stvec (0x105) -> 0x0000000080000F40
x10 <- 0x0000000080000F40

mem[X,0x000000008000019C] -> 0x0463
mem[X,0x000000008000019E] -> 0x0875
[71] [M]: 0x000000008000019C (0x08750463) beq x10, x7, 0x88                         init_Stvec+36

clint mtime 0x0000000000000024 (mip.MTI <- 0b1, mip.STI <- 0b0)
mem[X,0x0000000080000224] -> 0x0093
mem[X,0x0000000080000226] -> 0x0000
[72] [M]: 0x0000000080000224 (0x00000093) addi x1, x0, 0x0                          rvtest_entrypoint+0
x1 <- 0x0000000000000000

mem[X,0x0000000080000228] -> 0x9073
mem[X,0x000000008000022A] -> 0x3000
[73] [M]: 0x0000000080000228 (0x30009073) csrrw x0, mstatus, x1                     rvtest_entrypoint+4
CSR mstatus (0x300) <- 0x0000000A00000000

clint mtime 0x0000000000000025 (mip.MTI <- 0b1, mip.STI <- 0b0)
mem[X,0x000000008000022C] -> 0x9073
mem[X,0x000000008000022E] -> 0x3410
[74] [M]: 0x000000008000022C (0x34109073) csrrw x0, mepc, x1                        rvtest_entrypoint+8
CSR mepc (0x341) <- 0x0000000000000000

mem[X,0x0000000080000230] -> 0x9073
mem[X,0x0000000080000232] -> 0x3440
[75] [M]: 0x0000000080000230 (0x34409073) csrrw x0, mip, x1                         rvtest_entrypoint+12
CSR mip (0x344) <- 0x0000000000000080

clint mtime 0x0000000000000026 (mip.MTI <- 0b1, mip.STI <- 0b0)
mem[X,0x0000000080000234] -> 0x9073
mem[X,0x0000000080000236] -> 0x3430
[76] [M]: 0x0000000080000234 (0x34309073) csrrw x0, mtval, x1                       rvtest_entrypoint+16
CSR mtval (0x343) <- 0x0000000000000000

mem[X,0x0000000080000238] -> 0x9073
mem[X,0x000000008000023A] -> 0x3420
[77] [M]: 0x0000000080000238 (0x34209073) csrrw x0, mcause, x1                      rvtest_entrypoint+20
CSR mcause (0x342) <- 0x0000000000000000

clint mtime 0x0000000000000027 (mip.MTI <- 0b1, mip.STI <- 0b0)
mem[X,0x000000008000023C] -> 0x0837
mem[X,0x000000008000023E] -> 0x7D5C
[78] [M]: 0x000000008000023C (0x7D5C0837) lui x16, 0x7d5c0                          rvtest_entrypoint+24
x16 <- 0x000000007D5C0000

mem[X,0x0000000080000240] -> 0x0813
mem[X,0x0000000080000242] -> 0xDDB8
[79] [M]: 0x0000000080000240 (0xDDB80813) addi x16, x16, -0x225                     rvtest_entrypoint+28
x16 <- 0x000000007D5BFDDB

clint mtime 0x0000000000000028 (mip.MTI <- 0b1, mip.STI <- 0b0)
mem[X,0x0000000080000244] -> 0x1813
mem[X,0x0000000080000246] -> 0x00B8
[80] [M]: 0x0000000080000244 (0x00B81813) slli x16, x16, 0xb                        rvtest_entrypoint+32
x16 <- 0x000003EADFEED800

mem[X,0x0000000080000248] -> 0x0813
mem[X,0x000000008000024A] -> 0x3EA8
[81] [M]: 0x0000000080000248 (0x3EA80813) addi x16, x16, 0x3ea                      rvtest_entrypoint+36
x16 <- 0x000003EADFEEDBEA

clint mtime 0x0000000000000029 (mip.MTI <- 0b1, mip.STI <- 0b0)
mem[X,0x000000008000024C] -> 0x1813
mem[X,0x000000008000024E] -> 0x00B8
[82] [M]: 0x000000008000024C (0x00B81813) slli x16, x16, 0xb                        rvtest_entrypoint+40
x16 <- 0x001F56FF76DF5000

mem[X,0x0000000080000250] -> 0x0813
mem[X,0x0000000080000252] -> 0x6FF8
[83] [M]: 0x0000000080000250 (0x6FF80813) addi x16, x16, 0x6ff                      rvtest_entrypoint+44
x16 <- 0x001F56FF76DF56FF

clint mtime 0x000000000000002A (mip.MTI <- 0b1, mip.STI <- 0b0)
mem[X,0x0000000080000254] -> 0x1813
mem[X,0x0000000080000256] -> 0x00A8
[84] [M]: 0x0000000080000254 (0x00A81813) slli x16, x16, 0xa                        rvtest_entrypoint+48
x16 <- 0x7D5BFDDB7D5BFC00

mem[X,0x0000000080000258] -> 0x0813
mem[X,0x000000008000025A] -> 0x1DB8
[85] [M]: 0x0000000080000258 (0x1DB80813) addi x16, x16, 0x1db                      rvtest_entrypoint+52
x16 <- 0x7D5BFDDB7D5BFDDB

clint mtime 0x000000000000002B (mip.MTI <- 0b1, mip.STI <- 0b0)
mem[X,0x000000008000025C] -> 0x5893
mem[X,0x000000008000025E] -> 0x0078
[86] [M]: 0x000000008000025C (0x00785893) srli x17, x16, 0x7                        rvtest_entrypoint+56
x17 <- 0x00FAB7FBB6FAB7FB

mem[X,0x0000000080000260] -> 0x5793
mem[X,0x0000000080000262] -> 0x0398
[87] [M]: 0x0000000080000260 (0x03985793) srli x15, x16, 0x39                       rvtest_entrypoint+60
x15 <- 0x000000000000003E

clint mtime 0x000000000000002C (mip.MTI <- 0b1, mip.STI <- 0b0)
mem[X,0x0000000080000264] -> 0xE8B3
mem[X,0x0000000080000266] -> 0x00F8
[88] [M]: 0x0000000080000264 (0x00F8E8B3) or x17, x17, x15                          rvtest_entrypoint+64
x17 <- 0x00FAB7FBB6FAB7FF

mem[X,0x0000000080000268] -> 0xD913
mem[X,0x000000008000026A] -> 0x0078
[89] [M]: 0x0000000080000268 (0x0078D913) srli x18, x17, 0x7                        rvtest_entrypoint+68
x18 <- 0x0001F56FF76DF56F

clint mtime 0x000000000000002D (mip.MTI <- 0b1, mip.STI <- 0b0)
mem[X,0x000000008000026C] -> 0xD793
mem[X,0x000000008000026E] -> 0x0398
[90] [M]: 0x000000008000026C (0x0398D793) srli x15, x17, 0x39                       rvtest_entrypoint+72
x15 <- 0x0000000000000000

mem[X,0x0000000080000270] -> 0x6933
mem[X,0x0000000080000272] -> 0x00F9
[91] [M]: 0x0000000080000270 (0x00F96933) or x18, x18, x15                          rvtest_entrypoint+76
x18 <- 0x0001F56FF76DF56F

clint mtime 0x000000000000002E (mip.MTI <- 0b1, mip.STI <- 0b0)
mem[X,0x0000000080000274] -> 0x5993
mem[X,0x0000000080000276] -> 0x0079
[92] [M]: 0x0000000080000274 (0x00795993) srli x19, x18, 0x7                        rvtest_entrypoint+80
x19 <- 0x000003EADFEEDBEA

mem[X,0x0000000080000278] -> 0x5793
mem[X,0x000000008000027A] -> 0x0399
[93] [M]: 0x0000000080000278 (0x03995793) srli x15, x18, 0x39                       rvtest_entrypoint+84
x15 <- 0x0000000000000000

clint mtime 0x000000000000002F (mip.MTI <- 0b1, mip.STI <- 0b0)
mem[X,0x000000008000027C] -> 0xE9B3
mem[X,0x000000008000027E] -> 0x00F9
[94] [M]: 0x000000008000027C (0x00F9E9B3) or x19, x19, x15                          rvtest_entrypoint+88
x19 <- 0x000003EADFEEDBEA

mem[X,0x0000000080000280] -> 0xDA13
mem[X,0x0000000080000282] -> 0x0079
[95] [M]: 0x0000000080000280 (0x0079DA13) srli x20, x19, 0x7                        rvtest_entrypoint+92
x20 <- 0x00000007D5BFDDB7

clint mtime 0x0000000000000030 (mip.MTI <- 0b1, mip.STI <- 0b0)
mem[X,0x0000000080000284] -> 0xD793
mem[X,0x0000000080000286] -> 0x0399
[96] [M]: 0x0000000080000284 (0x0399D793) srli x15, x19, 0x39                       rvtest_entrypoint+96
x15 <- 0x0000000000000000

mem[X,0x0000000080000288] -> 0x6A33
mem[X,0x000000008000028A] -> 0x00FA
[97] [M]: 0x0000000080000288 (0x00FA6A33) or x20, x20, x15                          rvtest_entrypoint+100
x20 <- 0x00000007D5BFDDB7

clint mtime 0x0000000000000031 (mip.MTI <- 0b1, mip.STI <- 0b0)
mem[X,0x000000008000028C] -> 0x5A93
mem[X,0x000000008000028E] -> 0x007A
[98] [M]: 0x000000008000028C (0x007A5A93) srli x21, x20, 0x7                        rvtest_entrypoint+104
x21 <- 0x000000000FAB7FBB

mem[X,0x0000000080000290] -> 0x5793
mem[X,0x0000000080000292] -> 0x039A
[99] [M]: 0x0000000080000290 (0x039A5793) srli x15, x20, 0x39                       rvtest_entrypoint+108
x15 <- 0x0000000000000000

clint mtime 0x0000000000000032 (mip.MTI <- 0b1, mip.STI <- 0b0)
mem[X,0x0000000080000294] -> 0xEAB3
mem[X,0x0000000080000296] -> 0x00FA
[100] [M]: 0x0000000080000294 (0x00FAEAB3) or x21, x21, x15                         rvtest_entrypoint+112
x21 <- 0x000000000FAB7FBB

mem[X,0x0000000080000298] -> 0xDB13
mem[X,0x000000008000029A] -> 0x007A
[101] [M]: 0x0000000080000298 (0x007ADB13) srli x22, x21, 0x7                       rvtest_entrypoint+116
x22 <- 0x00000000001F56FF

clint mtime 0x0000000000000033 (mip.MTI <- 0b1, mip.STI <- 0b0)
mem[X,0x000000008000029C] -> 0xD793
mem[X,0x000000008000029E] -> 0x039A
[102] [M]: 0x000000008000029C (0x039AD793) srli x15, x21, 0x39                      rvtest_entrypoint+120
x15 <- 0x0000000000000000

mem[X,0x00000000800002A0] -> 0x6B33
mem[X,0x00000000800002A2] -> 0x00FB
[103] [M]: 0x00000000800002A0 (0x00FB6B33) or x22, x22, x15                         rvtest_entrypoint+124
x22 <- 0x00000000001F56FF

clint mtime 0x0000000000000034 (mip.MTI <- 0b1, mip.STI <- 0b0)
mem[X,0x00000000800002A4] -> 0x5B93
mem[X,0x00000000800002A6] -> 0x007B
[104] [M]: 0x00000000800002A4 (0x007B5B93) srli x23, x22, 0x7                       rvtest_entrypoint+128
x23 <- 0x0000000000003EAD

mem[X,0x00000000800002A8] -> 0x5793
mem[X,0x00000000800002AA] -> 0x039B
[105] [M]: 0x00000000800002A8 (0x039B5793) srli x15, x22, 0x39                      rvtest_entrypoint+132
x15 <- 0x0000000000000000

clint mtime 0x0000000000000035 (mip.MTI <- 0b1, mip.STI <- 0b0)
mem[X,0x00000000800002AC] -> 0xEBB3
mem[X,0x00000000800002AE] -> 0x00FB
[106] [M]: 0x00000000800002AC (0x00FBEBB3) or x23, x23, x15                         rvtest_entrypoint+136
x23 <- 0x0000000000003EAD

mem[X,0x00000000800002B0] -> 0xDC13
mem[X,0x00000000800002B2] -> 0x007B
[107] [M]: 0x00000000800002B0 (0x007BDC13) srli x24, x23, 0x7                       rvtest_entrypoint+140
x24 <- 0x000000000000007D

clint mtime 0x0000000000000036 (mip.MTI <- 0b1, mip.STI <- 0b0)
mem[X,0x00000000800002B4] -> 0xD793
mem[X,0x00000000800002B6] -> 0x039B
[108] [M]: 0x00000000800002B4 (0x039BD793) srli x15, x23, 0x39                      rvtest_entrypoint+144
x15 <- 0x0000000000000000

mem[X,0x00000000800002B8] -> 0x6C33
mem[X,0x00000000800002BA] -> 0x00FC
[109] [M]: 0x00000000800002B8 (0x00FC6C33) or x24, x24, x15                         rvtest_entrypoint+148
x24 <- 0x000000000000007D

clint mtime 0x0000000000000037 (mip.MTI <- 0b1, mip.STI <- 0b0)
mem[X,0x00000000800002BC] -> 0x5C93
mem[X,0x00000000800002BE] -> 0x007C
[110] [M]: 0x00000000800002BC (0x007C5C93) srli x25, x24, 0x7                       rvtest_entrypoint+152
x25 <- 0x0000000000000000

mem[X,0x00000000800002C0] -> 0x5793
mem[X,0x00000000800002C2] -> 0x039C
[111] [M]: 0x00000000800002C0 (0x039C5793) srli x15, x24, 0x39                      rvtest_entrypoint+156
x15 <- 0x0000000000000000

clint mtime 0x0000000000000038 (mip.MTI <- 0b1, mip.STI <- 0b0)
mem[X,0x00000000800002C4] -> 0xECB3
mem[X,0x00000000800002C6] -> 0x00FC
[112] [M]: 0x00000000800002C4 (0x00FCECB3) or x25, x25, x15                         rvtest_entrypoint+160
x25 <- 0x0000000000000000

mem[X,0x00000000800002C8] -> 0xDD13
mem[X,0x00000000800002CA] -> 0x007C
[113] [M]: 0x00000000800002C8 (0x007CDD13) srli x26, x25, 0x7                       rvtest_entrypoint+164
x26 <- 0x0000000000000000

clint mtime 0x0000000000000039 (mip.MTI <- 0b1, mip.STI <- 0b0)
mem[X,0x00000000800002CC] -> 0xD793
mem[X,0x00000000800002CE] -> 0x039C
[114] [M]: 0x00000000800002CC (0x039CD793) srli x15, x25, 0x39                      rvtest_entrypoint+168
x15 <- 0x0000000000000000

mem[X,0x00000000800002D0] -> 0x6D33
mem[X,0x00000000800002D2] -> 0x00FD
[115] [M]: 0x00000000800002D0 (0x00FD6D33) or x26, x26, x15                         rvtest_entrypoint+172
x26 <- 0x0000000000000000

clint mtime 0x000000000000003A (mip.MTI <- 0b1, mip.STI <- 0b0)
mem[X,0x00000000800002D4] -> 0x5D93
mem[X,0x00000000800002D6] -> 0x007D
[116] [M]: 0x00000000800002D4 (0x007D5D93) srli x27, x26, 0x7                       rvtest_entrypoint+176
x27 <- 0x0000000000000000

mem[X,0x00000000800002D8] -> 0x5793
mem[X,0x00000000800002DA] -> 0x039D
[117] [M]: 0x00000000800002D8 (0x039D5793) srli x15, x26, 0x39                      rvtest_entrypoint+180
x15 <- 0x0000000000000000

clint mtime 0x000000000000003B (mip.MTI <- 0b1, mip.STI <- 0b0)
mem[X,0x00000000800002DC] -> 0xEDB3
mem[X,0x00000000800002DE] -> 0x00FD
[118] [M]: 0x00000000800002DC (0x00FDEDB3) or x27, x27, x15                         rvtest_entrypoint+184
x27 <- 0x0000000000000000

mem[X,0x00000000800002E0] -> 0xDE13
mem[X,0x00000000800002E2] -> 0x007D
[119] [M]: 0x00000000800002E0 (0x007DDE13) srli x28, x27, 0x7                       rvtest_entrypoint+188
x28 <- 0x0000000000000000

clint mtime 0x000000000000003C (mip.MTI <- 0b1, mip.STI <- 0b0)
mem[X,0x00000000800002E4] -> 0xD793
mem[X,0x00000000800002E6] -> 0x039D
[120] [M]: 0x00000000800002E4 (0x039DD793) srli x15, x27, 0x39                      rvtest_entrypoint+192
x15 <- 0x0000000000000000

mem[X,0x00000000800002E8] -> 0x6E33
mem[X,0x00000000800002EA] -> 0x00FE
[121] [M]: 0x00000000800002E8 (0x00FE6E33) or x28, x28, x15                         rvtest_entrypoint+196
x28 <- 0x0000000000000000

clint mtime 0x000000000000003D (mip.MTI <- 0b1, mip.STI <- 0b0)
mem[X,0x00000000800002EC] -> 0x5E93
mem[X,0x00000000800002EE] -> 0x007E
[122] [M]: 0x00000000800002EC (0x007E5E93) srli x29, x28, 0x7                       rvtest_entrypoint+200
x29 <- 0x0000000000000000

mem[X,0x00000000800002F0] -> 0x5793
mem[X,0x00000000800002F2] -> 0x039E
[123] [M]: 0x00000000800002F0 (0x039E5793) srli x15, x28, 0x39                      rvtest_entrypoint+204
x15 <- 0x0000000000000000

clint mtime 0x000000000000003E (mip.MTI <- 0b1, mip.STI <- 0b0)
mem[X,0x00000000800002F4] -> 0xEEB3
mem[X,0x00000000800002F6] -> 0x00FE
[124] [M]: 0x00000000800002F4 (0x00FEEEB3) or x29, x29, x15                         rvtest_entrypoint+208
x29 <- 0x0000000000000000

mem[X,0x00000000800002F8] -> 0xDF13
mem[X,0x00000000800002FA] -> 0x007E
[125] [M]: 0x00000000800002F8 (0x007EDF13) srli x30, x29, 0x7                       rvtest_entrypoint+212
x30 <- 0x0000000000000000

clint mtime 0x000000000000003F (mip.MTI <- 0b1, mip.STI <- 0b0)
mem[X,0x00000000800002FC] -> 0xD793
mem[X,0x00000000800002FE] -> 0x039E
[126] [M]: 0x00000000800002FC (0x039ED793) srli x15, x29, 0x39                      rvtest_entrypoint+216
x15 <- 0x0000000000000000

mem[X,0x0000000080000300] -> 0x6F33
mem[X,0x0000000080000302] -> 0x00FF
[127] [M]: 0x0000000080000300 (0x00FF6F33) or x30, x30, x15                         rvtest_entrypoint+220
x30 <- 0x0000000000000000

clint mtime 0x0000000000000040 (mip.MTI <- 0b1, mip.STI <- 0b0)
mem[X,0x0000000080000304] -> 0xC0B7
mem[X,0x0000000080000306] -> 0xFEED
[128] [M]: 0x0000000080000304 (0xFEEDC0B7) lui x1, -0x1124                          rvtest_entrypoint+224
x1 <- 0xFFFFFFFFFEEDC000

mem[X,0x0000000080000308] -> 0x8093
mem[X,0x000000008000030A] -> 0xEAD0
[129] [M]: 0x0000000080000308 (0xEAD08093) addi x1, x1, -0x153                      rvtest_entrypoint+228
x1 <- 0xFFFFFFFFFEEDBEAD

clint mtime 0x0000000000000041 (mip.MTI <- 0b1, mip.STI <- 0b0)
mem[X,0x000000008000030C] -> 0x9093
mem[X,0x000000008000030E] -> 0x00B0
[130] [M]: 0x000000008000030C (0x00B09093) slli x1, x1, 0xb                         rvtest_entrypoint+232
x1 <- 0xFFFFFFF76DF56800

mem[X,0x0000000080000310] -> 0x8093
mem[X,0x0000000080000312] -> 0x7F70
[131] [M]: 0x0000000080000310 (0x7F708093) addi x1, x1, 0x7f7                       rvtest_entrypoint+236
x1 <- 0xFFFFFFF76DF56FF7

clint mtime 0x0000000000000042 (mip.MTI <- 0b1, mip.STI <- 0b0)
mem[X,0x0000000080000314] -> 0x9093
mem[X,0x0000000080000316] -> 0x00B0
[132] [M]: 0x0000000080000314 (0x00B09093) slli x1, x1, 0xb                         rvtest_entrypoint+240
x1 <- 0xFFFFBB6FAB7FB800

mem[X,0x0000000080000318] -> 0x8093
mem[X,0x000000008000031A] -> 0x36F0
[133] [M]: 0x0000000080000318 (0x36F08093) addi x1, x1, 0x36f                       rvtest_entrypoint+244
x1 <- 0xFFFFBB6FAB7FBB6F

clint mtime 0x0000000000000043 (mip.MTI <- 0b1, mip.STI <- 0b0)
mem[X,0x000000008000031C] -> 0x9093
mem[X,0x000000008000031E] -> 0x00A0
[134] [M]: 0x000000008000031C (0x00A09093) slli x1, x1, 0xa                         rvtest_entrypoint+248
x1 <- 0xFEEDBEADFEEDBC00

mem[X,0x0000000080000320] -> 0x8093
mem[X,0x0000000080000322] -> 0x2AD0
[135] [M]: 0x0000000080000320 (0x2AD08093) addi x1, x1, 0x2ad                       rvtest_entrypoint+252
x1 <- 0xFEEDBEADFEEDBEAD

clint mtime 0x0000000000000044 (mip.MTI <- 0b1, mip.STI <- 0b0)
mem[X,0x0000000080000324] -> 0xD113
mem[X,0x0000000080000326] -> 0x0070
[136] [M]: 0x0000000080000324 (0x0070D113) srli x2, x1, 0x7                         rvtest_entrypoint+256
x2 <- 0x01FDDB7D5BFDDB7D

mem[X,0x0000000080000328] -> 0xD793
mem[X,0x000000008000032A] -> 0x0390
[137] [M]: 0x0000000080000328 (0x0390D793) srli x15, x1, 0x39                       rvtest_entrypoint+260
x15 <- 0x000000000000007F

clint mtime 0x0000000000000045 (mip.MTI <- 0b1, mip.STI <- 0b0)
mem[X,0x000000008000032C] -> 0x6133
mem[X,0x000000008000032E] -> 0x00F1
[138] [M]: 0x000000008000032C (0x00F16133) or x2, x2, x15                           rvtest_entrypoint+264
x2 <- 0x01FDDB7D5BFDDB7F

mem[X,0x0000000080000330] -> 0x5193
mem[X,0x0000000080000332] -> 0x0071
[139] [M]: 0x0000000080000330 (0x00715193) srli x3, x2, 0x7                         rvtest_entrypoint+268
x3 <- 0x0003FBB6FAB7FBB6

clint mtime 0x0000000000000046 (mip.MTI <- 0b1, mip.STI <- 0b0)
mem[X,0x0000000080000334] -> 0x5793
mem[X,0x0000000080000336] -> 0x0391
[140] [M]: 0x0000000080000334 (0x03915793) srli x15, x2, 0x39                       rvtest_entrypoint+272
x15 <- 0x0000000000000000

mem[X,0x0000000080000338] -> 0xE1B3
mem[X,0x000000008000033A] -> 0x00F1
[141] [M]: 0x0000000080000338 (0x00F1E1B3) or x3, x3, x15                           rvtest_entrypoint+276
x3 <- 0x0003FBB6FAB7FBB6

clint mtime 0x0000000000000047 (mip.MTI <- 0b1, mip.STI <- 0b0)
mem[X,0x000000008000033C] -> 0xD213
mem[X,0x000000008000033E] -> 0x0071
[142] [M]: 0x000000008000033C (0x0071D213) srli x4, x3, 0x7                         rvtest_entrypoint+280
x4 <- 0x000007F76DF56FF7

mem[X,0x0000000080000340] -> 0xD793
mem[X,0x0000000080000342] -> 0x0391
[143] [M]: 0x0000000080000340 (0x0391D793) srli x15, x3, 0x39                       rvtest_entrypoint+284
x15 <- 0x0000000000000000

clint mtime 0x0000000000000048 (mip.MTI <- 0b1, mip.STI <- 0b0)
mem[X,0x0000000080000344] -> 0x6233
mem[X,0x0000000080000346] -> 0x00F2
[144] [M]: 0x0000000080000344 (0x00F26233) or x4, x4, x15                           rvtest_entrypoint+288
x4 <- 0x000007F76DF56FF7

mem[X,0x0000000080000348] -> 0x5293
mem[X,0x000000008000034A] -> 0x0072
[145] [M]: 0x0000000080000348 (0x00725293) srli x5, x4, 0x7                         rvtest_entrypoint+292
x5 <- 0x0000000FEEDBEADF

clint mtime 0x0000000000000049 (mip.MTI <- 0b1, mip.STI <- 0b0)
mem[X,0x000000008000034C] -> 0x5793
mem[X,0x000000008000034E] -> 0x0392
[146] [M]: 0x000000008000034C (0x03925793) srli x15, x4, 0x39                       rvtest_entrypoint+296
x15 <- 0x0000000000000000

mem[X,0x0000000080000350] -> 0xE2B3
mem[X,0x0000000080000352] -> 0x00F2
[147] [M]: 0x0000000080000350 (0x00F2E2B3) or x5, x5, x15                           rvtest_entrypoint+300
x5 <- 0x0000000FEEDBEADF

clint mtime 0x000000000000004A (mip.MTI <- 0b1, mip.STI <- 0b0)
mem[X,0x0000000080000354] -> 0xD313
mem[X,0x0000000080000356] -> 0x0072
[148] [M]: 0x0000000080000354 (0x0072D313) srli x6, x5, 0x7                         rvtest_entrypoint+304
x6 <- 0x000000001FDDB7D5

mem[X,0x0000000080000358] -> 0xD793
mem[X,0x000000008000035A] -> 0x0392
[149] [M]: 0x0000000080000358 (0x0392D793) srli x15, x5, 0x39                       rvtest_entrypoint+308
x15 <- 0x0000000000000000

clint mtime 0x000000000000004B (mip.MTI <- 0b1, mip.STI <- 0b0)
mem[X,0x000000008000035C] -> 0x6333
mem[X,0x000000008000035E] -> 0x00F3
[150] [M]: 0x000000008000035C (0x00F36333) or x6, x6, x15                           rvtest_entrypoint+312
x6 <- 0x000000001FDDB7D5

mem[X,0x0000000080000360] -> 0x5393
mem[X,0x0000000080000362] -> 0x0073
[151] [M]: 0x0000000080000360 (0x00735393) srli x7, x6, 0x7                         rvtest_entrypoint+316
x7 <- 0x00000000003FBB6F

clint mtime 0x000000000000004C (mip.MTI <- 0b1, mip.STI <- 0b0)
mem[X,0x0000000080000364] -> 0x5793
mem[X,0x0000000080000366] -> 0x0393
[152] [M]: 0x0000000080000364 (0x03935793) srli x15, x6, 0x39                       rvtest_entrypoint+320
x15 <- 0x0000000000000000

mem[X,0x0000000080000368] -> 0xE3B3
mem[X,0x000000008000036A] -> 0x00F3
[153] [M]: 0x0000000080000368 (0x00F3E3B3) or x7, x7, x15                           rvtest_entrypoint+324
x7 <- 0x00000000003FBB6F

clint mtime 0x000000000000004D (mip.MTI <- 0b1, mip.STI <- 0b0)
mem[X,0x000000008000036C] -> 0xD413
mem[X,0x000000008000036E] -> 0x0073
[154] [M]: 0x000000008000036C (0x0073D413) srli x8, x7, 0x7                         rvtest_entrypoint+328
x8 <- 0x0000000000007F76

mem[X,0x0000000080000370] -> 0xD793
mem[X,0x0000000080000372] -> 0x0393
[155] [M]: 0x0000000080000370 (0x0393D793) srli x15, x7, 0x39                       rvtest_entrypoint+332
x15 <- 0x0000000000000000

clint mtime 0x000000000000004E (mip.MTI <- 0b1, mip.STI <- 0b0)
mem[X,0x0000000080000374] -> 0x6433
mem[X,0x0000000080000376] -> 0x00F4
[156] [M]: 0x0000000080000374 (0x00F46433) or x8, x8, x15                           rvtest_entrypoint+336
x8 <- 0x0000000000007F76

mem[X,0x0000000080000378] -> 0x5493
mem[X,0x000000008000037A] -> 0x0074
[157] [M]: 0x0000000080000378 (0x00745493) srli x9, x8, 0x7                         rvtest_entrypoint+340
x9 <- 0x00000000000000FE

clint mtime 0x000000000000004F (mip.MTI <- 0b1, mip.STI <- 0b0)
mem[X,0x000000008000037C] -> 0x5793
mem[X,0x000000008000037E] -> 0x0394
[158] [M]: 0x000000008000037C (0x03945793) srli x15, x8, 0x39                       rvtest_entrypoint+344
x15 <- 0x0000000000000000

mem[X,0x0000000080000380] -> 0xE4B3
mem[X,0x0000000080000382] -> 0x00F4
[159] [M]: 0x0000000080000380 (0x00F4E4B3) or x9, x9, x15                           rvtest_entrypoint+348
x9 <- 0x00000000000000FE

clint mtime 0x0000000000000050 (mip.MTI <- 0b1, mip.STI <- 0b0)
mem[X,0x0000000080000384] -> 0xD513
mem[X,0x0000000080000386] -> 0x0074
[160] [M]: 0x0000000080000384 (0x0074D513) srli x10, x9, 0x7                        rvtest_entrypoint+352
x10 <- 0x0000000000000001

mem[X,0x0000000080000388] -> 0xD793
mem[X,0x000000008000038A] -> 0x0394
[161] [M]: 0x0000000080000388 (0x0394D793) srli x15, x9, 0x39                       rvtest_entrypoint+356
x15 <- 0x0000000000000000

clint mtime 0x0000000000000051 (mip.MTI <- 0b1, mip.STI <- 0b0)
mem[X,0x000000008000038C] -> 0x6533
mem[X,0x000000008000038E] -> 0x00F5
[162] [M]: 0x000000008000038C (0x00F56533) or x10, x10, x15                         rvtest_entrypoint+360
x10 <- 0x0000000000000001

mem[X,0x0000000080000390] -> 0x5593
mem[X,0x0000000080000392] -> 0x0075
[163] [M]: 0x0000000080000390 (0x00755593) srli x11, x10, 0x7                       rvtest_entrypoint+364
x11 <- 0x0000000000000000

clint mtime 0x0000000000000052 (mip.MTI <- 0b1, mip.STI <- 0b0)
mem[X,0x0000000080000394] -> 0x5793
mem[X,0x0000000080000396] -> 0x0395
[164] [M]: 0x0000000080000394 (0x03955793) srli x15, x10, 0x39                      rvtest_entrypoint+368
x15 <- 0x0000000000000000

mem[X,0x0000000080000398] -> 0xE5B3
mem[X,0x000000008000039A] -> 0x00F5
[165] [M]: 0x0000000080000398 (0x00F5E5B3) or x11, x11, x15                         rvtest_entrypoint+372
x11 <- 0x0000000000000000

clint mtime 0x0000000000000053 (mip.MTI <- 0b1, mip.STI <- 0b0)
mem[X,0x000000008000039C] -> 0xD613
mem[X,0x000000008000039E] -> 0x0075
[166] [M]: 0x000000008000039C (0x0075D613) srli x12, x11, 0x7                       rvtest_entrypoint+376
x12 <- 0x0000000000000000

mem[X,0x00000000800003A0] -> 0xD793
mem[X,0x00000000800003A2] -> 0x0395
[167] [M]: 0x00000000800003A0 (0x0395D793) srli x15, x11, 0x39                      rvtest_entrypoint+380
x15 <- 0x0000000000000000

clint mtime 0x0000000000000054 (mip.MTI <- 0b1, mip.STI <- 0b0)
mem[X,0x00000000800003A4] -> 0x6633
mem[X,0x00000000800003A6] -> 0x00F6
[168] [M]: 0x00000000800003A4 (0x00F66633) or x12, x12, x15                         rvtest_entrypoint+384
x12 <- 0x0000000000000000

mem[X,0x00000000800003A8] -> 0x5693
mem[X,0x00000000800003AA] -> 0x0076
[169] [M]: 0x00000000800003A8 (0x00765693) srli x13, x12, 0x7                       rvtest_entrypoint+388
x13 <- 0x0000000000000000

clint mtime 0x0000000000000055 (mip.MTI <- 0b1, mip.STI <- 0b0)
mem[X,0x00000000800003AC] -> 0x5793
mem[X,0x00000000800003AE] -> 0x0396
[170] [M]: 0x00000000800003AC (0x03965793) srli x15, x12, 0x39                      rvtest_entrypoint+392
x15 <- 0x0000000000000000

mem[X,0x00000000800003B0] -> 0xE6B3
mem[X,0x00000000800003B2] -> 0x00F6
[171] [M]: 0x00000000800003B0 (0x00F6E6B3) or x13, x13, x15                         rvtest_entrypoint+396
x13 <- 0x0000000000000000

clint mtime 0x0000000000000056 (mip.MTI <- 0b1, mip.STI <- 0b0)
mem[X,0x00000000800003B4] -> 0x0013
mem[X,0x00000000800003B6] -> 0x0000
[172] [M]: 0x00000000800003B4 (0x00000013) addi x0, x0, 0x0                         rvtest_code_begin+0

mem[X,0x00000000800003B8] -> 0x0013
mem[X,0x00000000800003BA] -> 0x0000
[173] [M]: 0x00000000800003B8 (0x00000013) addi x0, x0, 0x0                         rvtest_code_begin+4

clint mtime 0x0000000000000057 (mip.MTI <- 0b1, mip.STI <- 0b0)
mem[X,0x00000000800003BC] -> 0x0013
mem[X,0x00000000800003BE] -> 0x0000
[174] [M]: 0x00000000800003BC (0x00000013) addi x0, x0, 0x0                         rvtest_code_begin+8

mem[X,0x00000000800003C0] -> 0x7697
mem[X,0x00000000800003C2] -> 0x0000
[175] [M]: 0x00000000800003C0 (0x00007697) auipc x13, 0x7                           rvtest_code_begin+12
x13 <- 0x00000000800073C0

clint mtime 0x0000000000000058 (mip.MTI <- 0b1, mip.STI <- 0b0)
mem[X,0x00000000800003C4] -> 0x8693
mem[X,0x00000000800003C6] -> 0xD586
[176] [M]: 0x00000000800003C4 (0xD5868693) addi x13, x13, -0x2a8                    rvtest_code_begin+16
x13 <- 0x0000000080007118

mem[X,0x00000000800003C8] -> 0x0001
[177] [M]: 0x00000000800003C8 (0x0001) c.nop                                        rvtest_code_begin+20

clint mtime 0x0000000000000059 (mip.MTI <- 0b1, mip.STI <- 0b0)
mem[X,0x00000000800003CA] -> 0x0013
mem[X,0x00000000800003CC] -> 0x0000
[178] [M]: 0x00000000800003CA (0x00000013) addi x0, x0, 0x0                         rvtest_code_begin+22

mem[X,0x00000000800003CE] -> 0x0013
mem[X,0x00000000800003D0] -> 0x0000
[179] [M]: 0x00000000800003CE (0x00000013) addi x0, x0, 0x0                         rvtest_code_begin+26

clint mtime 0x000000000000005A (mip.MTI <- 0b1, mip.STI <- 0b0)
mem[X,0x00000000800003D2] -> 0x0013
mem[X,0x00000000800003D4] -> 0x0000
[180] [M]: 0x00000000800003D2 (0x00000013) addi x0, x0, 0x0                         rvtest_code_begin+30

mem[X,0x00000000800003D6] -> 0x0013
mem[X,0x00000000800003D8] -> 0x0000
[181] [M]: 0x00000000800003D6 (0x00000013) addi x0, x0, 0x0                         rvtest_code_begin+34

clint mtime 0x000000000000005B (mip.MTI <- 0b1, mip.STI <- 0b0)
mem[X,0x00000000800003DA] -> 0x0013
mem[X,0x00000000800003DC] -> 0x0000
[182] [M]: 0x00000000800003DA (0x00000013) addi x0, x0, 0x0                         rvtest_code_begin+38

mem[X,0x00000000800003DE] -> 0x0001
[183] [M]: 0x00000000800003DE (0x0001) c.nop                                        rvtest_code_begin+42

clint mtime 0x000000000000005C (mip.MTI <- 0b1, mip.STI <- 0b0)
mem[X,0x00000000800003E0] -> 0xD737
mem[X,0x00000000800003E2] -> 0x0000
[184] [M]: 0x00000000800003E0 (0x0000D737) lui x14, 0xd                             main+0
x14 <- 0x000000000000D000

mem[X,0x00000000800003E4] -> 0x071B
mem[X,0x00000000800003E6] -> 0xEED7
[185] [M]: 0x00000000800003E4 (0xEED7071B) addiw x14, x14, -0x113                   main+4
x14 <- 0x000000000000CEED

clint mtime 0x000000000000005D (mip.MTI <- 0b1, mip.STI <- 0b0)
mem[X,0x00000000800003E8] -> 0xB023
mem[X,0x00000000800003EA] -> 0x00E6
[186] [M]: 0x00000000800003E8 (0x00E6B023) sd x14, 0x0(x13)                         main+8
mem[W,0x0000000080007118] <- 0x000000000000CEED

mem[X,0x00000000800003EC] -> 0xC737
mem[X,0x00000000800003EE] -> 0x0000
[187] [M]: 0x00000000800003EC (0x0000C737) lui x14, 0xc                             main+12
x14 <- 0x000000000000C000

clint mtime 0x000000000000005E (mip.MTI <- 0b1, mip.STI <- 0b0)
mem[X,0x00000000800003F0] -> 0x071B
mem[X,0x00000000800003F2] -> 0xEED7
[188] [M]: 0x00000000800003F0 (0xEED7071B) addiw x14, x14, -0x113                   main+16
x14 <- 0x000000000000BEED

mem[X,0x00000000800003F4] -> 0xB423
mem[X,0x00000000800003F6] -> 0x00E6
[189] [M]: 0x00000000800003F4 (0x00E6B423) sd x14, 0x8(x13)                         main+20
mem[W,0x0000000080007120] <- 0x000000000000BEED

clint mtime 0x000000000000005F (mip.MTI <- 0b1, mip.STI <- 0b0)
mem[X,0x00000000800003F8] -> 0x0393
mem[X,0x00000000800003FA] -> 0xFFF0
[190] [M]: 0x00000000800003F8 (0xFFF00393) addi x7, x0, -0x1                        main+24
x7 <- 0xFFFFFFFFFFFFFFFF

mem[X,0x00000000800003FC] -> 0x9073
mem[X,0x00000000800003FE] -> 0x3B03
[191] [M]: 0x00000000800003FC (0x3B039073) csrrw x0, pmpaddr0, x7                   main+28
CSR pmpaddr0 (0x3B0) <- 0x003FFFFFFFFFFFFF

clint mtime 0x0000000000000060 (mip.MTI <- 0b1, mip.STI <- 0b0)
mem[X,0x0000000080000400] -> 0x0393
mem[X,0x0000000080000402] -> 0x00F0
[192] [M]: 0x0000000080000400 (0x00F00393) addi x7, x0, 0xf                         main+32
x7 <- 0x000000000000000F

mem[X,0x0000000080000404] -> 0x9073
mem[X,0x0000000080000406] -> 0x3A03
[193] [M]: 0x0000000080000404 (0x3A039073) csrrw x0, pmpcfg0, x7                    main+36
CSR pmpcfg0 (0x3A0) <- 0x000000000000000F

clint mtime 0x0000000000000061 (mip.MTI <- 0b1, mip.STI <- 0b0)
mem[X,0x0000000080000408] -> 0x0073
mem[X,0x000000008000040A] -> 0x1200
[194] [M]: 0x0000000080000408 (0x12000073) sfence.vma x0, x0                        main+40

mem[X,0x000000008000040C] -> 0x1073
mem[X,0x000000008000040E] -> 0x1800
[195] [M]: 0x000000008000040C (0x18001073) csrrw x0, satp, x0                       main+44
CSR satp (0x180) <- 0x0000000000000000

clint mtime 0x0000000000000062 (mip.MTI <- 0b1, mip.STI <- 0b0)
mem[X,0x0000000080000410] -> 0x0E93
mem[X,0x0000000080000412] -> 0x0010
[196] [M]: 0x0000000080000410 (0x00100E93) addi x29, x0, 0x1                        main+48
x29 <- 0x0000000000000001

mem[X,0x0000000080000414] -> 0x9E93
mem[X,0x0000000080000416] -> 0x014E
[197] [M]: 0x0000000080000414 (0x014E9E93) slli x29, x29, 0x14                      main+52
x29 <- 0x0000000000100000

clint mtime 0x0000000000000063 (mip.MTI <- 0b1, mip.STI <- 0b0)
mem[X,0x0000000080000418] -> 0x9073
mem[X,0x000000008000041A] -> 0x300E
[198] [M]: 0x0000000080000418 (0x300E9073) csrrw x0, mstatus, x29                   main+56
CSR mstatus (0x300) <- 0x0000000A00100000

mem[X,0x000000008000041C] -> 0x2E73
mem[X,0x000000008000041E] -> 0x3000
[199] [M]: 0x000000008000041C (0x30002E73) csrrs x28, mstatus, x0                   main+60
CSR mstatus (0x300) -> 0x0000000A00100000
x28 <- 0x0000000A00100000

clint mtime 0x0000000000000064 (mip.MTI <- 0b1, mip.STI <- 0b0)
mem[X,0x0000000080000420] -> 0xB823
mem[X,0x0000000080000422] -> 0x01C6
[200] [M]: 0x0000000080000420 (0x01C6B823) sd x28, 0x10(x13)                        main+64
mem[W,0x0000000080007128] <- 0x0000000A00100000

mem[X,0x0000000080000424] -> 0x0293
mem[X,0x0000000080000426] -> 0x0010
[201] [M]: 0x0000000080000424 (0x00100293) addi x5, x0, 0x1                         main+68
x5 <- 0x0000000000000001

clint mtime 0x0000000000000065 (mip.MTI <- 0b1, mip.STI <- 0b0)
mem[X,0x0000000080000428] -> 0x9073
mem[X,0x000000008000042A] -> 0x1802
[202] [M]: 0x0000000080000428 (0x18029073) csrrw x0, satp, x5                       main+72
CSR satp (0x180) <- 0x0000000000000001

mem[X,0x000000008000042C] -> 0x2E73
mem[X,0x000000008000042E] -> 0x1800
[203] [M]: 0x000000008000042C (0x18002E73) csrrs x28, satp, x0                      main+76
CSR satp (0x180) -> 0x0000000000000001
x28 <- 0x0000000000000001

clint mtime 0x0000000000000066 (mip.MTI <- 0b1, mip.STI <- 0b0)
mem[X,0x0000000080000430] -> 0xBC23
mem[X,0x0000000080000432] -> 0x01C6
[204] [M]: 0x0000000080000430 (0x01C6BC23) sd x28, 0x18(x13)                        main+80
mem[W,0x0000000080007130] <- 0x0000000000000001

mem[X,0x0000000080000434] -> 0x0073
mem[X,0x0000000080000436] -> 0x1200
[205] [M]: 0x0000000080000434 (0x12000073) sfence.vma x0, x0                        main+84

clint mtime 0x0000000000000067 (mip.MTI <- 0b1, mip.STI <- 0b0)
mem[X,0x0000000080000438] -> 0x0013
mem[X,0x000000008000043A] -> 0x0000
[206] [M]: 0x0000000080000438 (0x00000013) addi x0, x0, 0x0                         main+88

mem[X,0x000000008000043C] -> 0x0013
mem[X,0x000000008000043E] -> 0x0000
[207] [M]: 0x000000008000043C (0x00000013) addi x0, x0, 0x0                         main+92

clint mtime 0x0000000000000068 (mip.MTI <- 0b1, mip.STI <- 0b0)
mem[X,0x0000000080000440] -> 0x0493
mem[X,0x0000000080000442] -> 0x0010
[208] [M]: 0x0000000080000440 (0x00100493) addi x9, x0, 0x1                         main+96
x9 <- 0x0000000000000001

mem[X,0x0000000080000444] -> 0x9493
mem[X,0x0000000080000446] -> 0x00B4
[209] [M]: 0x0000000080000444 (0x00B49493) slli x9, x9, 0xb                         main+100
x9 <- 0x0000000000000800

clint mtime 0x0000000000000069 (mip.MTI <- 0b1, mip.STI <- 0b0)
mem[X,0x0000000080000448] -> 0xB073
mem[X,0x000000008000044A] -> 0x3004
[210] [M]: 0x0000000080000448 (0x3004B073) csrrc x0, mstatus, x9                    main+104
CSR mstatus (0x300) <- 0x0000000A00100000

mem[X,0x000000008000044C] -> 0x0493
mem[X,0x000000008000044E] -> 0x0010
[211] [M]: 0x000000008000044C (0x00100493) addi x9, x0, 0x1                         main+108
x9 <- 0x0000000000000001

clint mtime 0x000000000000006A (mip.MTI <- 0b1, mip.STI <- 0b0)
mem[X,0x0000000080000450] -> 0x9493
mem[X,0x0000000080000452] -> 0x00B4
[212] [M]: 0x0000000080000450 (0x00B49493) slli x9, x9, 0xb                         main+112
x9 <- 0x0000000000000800

mem[X,0x0000000080000454] -> 0xA073
mem[X,0x0000000080000456] -> 0x3004
[213] [M]: 0x0000000080000454 (0x3004A073) csrrs x0, mstatus, x9                    main+116
CSR mstatus (0x300) <- 0x0000000A00100800

clint mtime 0x000000000000006B (mip.MTI <- 0b1, mip.STI <- 0b0)
mem[X,0x0000000080000458] -> 0x23F3
mem[X,0x000000008000045A] -> 0x3400
[214] [M]: 0x0000000080000458 (0x340023F3) csrrs x7, mscratch, x0                   main+120
CSR mscratch (0x340) -> 0x0000000080003000
x7 <- 0x0000000080003000

mem[X,0x000000008000045C] -> 0xB303
mem[X,0x000000008000045E] -> 0x4703
[215] [M]: 0x000000008000045C (0x4703B303) ld x6, 0x470(x7)                         main+124
mem[R,0x0000000080003470] -> 0x00000000800003B4
x6 <- 0x00000000800003B4

clint mtime 0x000000000000006C (mip.MTI <- 0b1, mip.STI <- 0b0)
mem[X,0x0000000080000460] -> 0xB483
mem[X,0x0000000080000462] -> 0x1D83
[216] [M]: 0x0000000080000460 (0x1D83B483) ld x9, 0x1d8(x7)                         main+128
mem[R,0x00000000800031D8] -> 0x00000000800003B4
x9 <- 0x00000000800003B4

mem[X,0x0000000080000464] -> 0x0333
mem[X,0x0000000080000466] -> 0x4093
[217] [M]: 0x0000000080000464 (0x40930333) sub x6, x6, x9                           main+132
x6 <- 0x0000000000000000

clint mtime 0x000000000000006D (mip.MTI <- 0b1, mip.STI <- 0b0)
mem[X,0x0000000080000468] -> 0x0313
mem[X,0x000000008000046A] -> 0x0103
[218] [M]: 0x0000000080000468 (0x01030313) addi x6, x6, 0x10                        main+136
x6 <- 0x0000000000000010

mem[X,0x000000008000046C] -> 0x0497
mem[X,0x000000008000046E] -> 0x0000
[219] [M]: 0x000000008000046C (0x00000497) auipc x9, 0x0                            main+140
x9 <- 0x000000008000046C

clint mtime 0x000000000000006E (mip.MTI <- 0b1, mip.STI <- 0b0)
mem[X,0x0000000080000470] -> 0x84B3
mem[X,0x0000000080000472] -> 0x0064
[220] [M]: 0x0000000080000470 (0x006484B3) add x9, x9, x6                           main+144
x9 <- 0x000000008000047C

mem[X,0x0000000080000474] -> 0x94F3
mem[X,0x0000000080000476] -> 0x3414
[221] [M]: 0x0000000080000474 (0x341494F3) csrrw x9, mepc, x9                       main+148
CSR mepc (0x341) <- 0x000000008000047C
x9 <- 0x0000000000000000

clint mtime 0x000000000000006F (mip.MTI <- 0b1, mip.STI <- 0b0)
mem[X,0x0000000080000478] -> 0x0073
mem[X,0x000000008000047A] -> 0x3020
[222] [M]: 0x0000000080000478 (0x30200073) mret                                     main+152
CSR mstatus (0x300) <- 0x0000000A00100080
ret-ing from M to S

mem[X,0x000000008000047C] -> 0x0293
mem[X,0x000000008000047E] -> 0x0010
[223] [S]: 0x000000008000047C (0x00100293) addi x5, x0, 0x1                         main+156
x5 <- 0x0000000000000001

clint mtime 0x0000000000000070 (mip.MTI <- 0b1, mip.STI <- 0b0)
mem[X,0x0000000080000480] -> 0x9073
mem[X,0x0000000080000482] -> 0x1802
[224] [S]: 0x0000000080000480 (0x18029073) csrrw x0, satp, x5                       main+160
trapping from S to M to handle illegal-instruction
handling exc#illegal-instruction at priv M with tval 0x0000000018029073
CSR mstatus (0x300) <- 0x0000000A00100800
CSR mcause (0x342) <- 0x0000000000000002
CSR mtval (0x343) <- 0x0000000018029073
CSR mepc (0x341) <- 0x0000000080000480

mem[X,0x00000000800005C0] -> 0x006F
mem[X,0x00000000800005C2] -> 0x1000
[225] [M]: 0x00000000800005C0 (0x1000006F) jal x0, 0x100                            Mtrampoline+0

clint mtime 0x0000000000000071 (mip.MTI <- 0b1, mip.STI <- 0b0)
mem[X,0x00000000800006C0] -> 0x1173
mem[X,0x00000000800006C2] -> 0x3401
[226] [M]: 0x00000000800006C0 (0x34011173) csrrw x2, mscratch, x2                   trap_Mhandler+0
CSR mscratch (0x340) <- 0x01FDDB7D5BFDDB7F
x2 <- 0x0000000080003000

mem[X,0x00000000800006C4] -> 0x3423
mem[X,0x00000000800006C6] -> 0x28B1
[227] [M]: 0x00000000800006C4 (0x28B13423) sd x11, 0x288(x2)                        trap_Mhandler+4
mem[W,0x0000000080003288] <- 0x0000000000000000

clint mtime 0x0000000000000072 (mip.MTI <- 0b1, mip.STI <- 0b0)
mem[X,0x00000000800006C8] -> 0x05EF
mem[X,0x00000000800006CA] -> 0x0B80
[228] [M]: 0x00000000800006C8 (0x0B8005EF) jal x11, 0xb8                            trap_Mhandler+8
x11 <- 0x00000000800006CC

mem[X,0x0000000080000780] -> 0x3023
mem[X,0x0000000080000782] -> 0x28A1
[229] [M]: 0x0000000080000780 (0x28A13023) sd x10, 0x280(x2)                        common_Mhandler+0
mem[W,0x0000000080003280] <- 0x0000000000000001

clint mtime 0x0000000000000073 (mip.MTI <- 0b1, mip.STI <- 0b0)
mem[X,0x0000000080000784] -> 0x1573
mem[X,0x0000000080000786] -> 0x3401
[230] [M]: 0x0000000080000784 (0x34011573) csrrw x10, mscratch, x2                  common_Mhandler+4
CSR mscratch (0x340) <- 0x0000000080003000
x10 <- 0x01FDDB7D5BFDDB7F

mem[X,0x0000000080000788] -> 0x3823
mem[X,0x000000008000078A] -> 0x28A1
[231] [M]: 0x0000000080000788 (0x28A13823) sd x10, 0x290(x2)                        common_Mhandler+8
mem[W,0x0000000080003290] <- 0x01FDDB7D5BFDDB7F

clint mtime 0x0000000000000074 (mip.MTI <- 0b1, mip.STI <- 0b0)
mem[X,0x000000008000078C] -> 0x3503
mem[X,0x000000008000078E] -> 0x2301
[232] [M]: 0x000000008000078C (0x23013503) ld x10, 0x230(x2)                        common_Mhandler+12
mem[R,0x0000000080003230] -> 0x0000000080000794
x10 <- 0x0000000080000794

mem[X,0x0000000080000790] -> 0x0067
mem[X,0x0000000080000792] -> 0x0005
[233] [M]: 0x0000000080000790 (0x00050067) jalr x0, 0x0(x10)                        common_Mhandler+16

clint mtime 0x0000000000000075 (mip.MTI <- 0b1, mip.STI <- 0b0)
mem[X,0x0000000080000794] -> 0x3C23
mem[X,0x0000000080000796] -> 0x2691
[234] [M]: 0x0000000080000794 (0x26913C23) sd x9, 0x278(x2)                         common_Mentry+0
mem[W,0x0000000080003278] <- 0x0000000000000000

mem[X,0x0000000080000798] -> 0x3823
mem[X,0x000000008000079A] -> 0x2681
[235] [M]: 0x0000000080000798 (0x26813823) sd x8, 0x270(x2)                         common_Mentry+4
mem[W,0x0000000080003270] <- 0x0000000000007F76

clint mtime 0x0000000000000076 (mip.MTI <- 0b1, mip.STI <- 0b0)
mem[X,0x000000008000079C] -> 0x3423
mem[X,0x000000008000079E] -> 0x2671
[236] [M]: 0x000000008000079C (0x26713423) sd x7, 0x268(x2)                         common_Mentry+8
mem[W,0x0000000080003268] <- 0x0000000080003000

mem[X,0x00000000800007A0] -> 0x3023
mem[X,0x00000000800007A2] -> 0x2661
[237] [M]: 0x00000000800007A0 (0x26613023) sd x6, 0x260(x2)                         common_Mentry+12
mem[W,0x0000000080003260] <- 0x0000000000000010

clint mtime 0x0000000000000077 (mip.MTI <- 0b1, mip.STI <- 0b0)
mem[X,0x00000000800007A4] -> 0x2573
mem[X,0x00000000800007A6] -> 0x3420
[238] [M]: 0x00000000800007A4 (0x34202573) csrrs x10, mcause, x0                    spcl_M2mmode_test+0
CSR mcause (0x342) -> 0x0000000000000002
x10 <- 0x0000000000000002

mem[X,0x00000000800007A8] -> 0x04B7
mem[X,0x00000000800007AA] -> 0x8000
[239] [M]: 0x00000000800007A8 (0x800004B7) lui x9, -0x80000                         spcl_M2mmode_test+4
x9 <- 0xFFFFFFFF80000000

clint mtime 0x0000000000000078 (mip.MTI <- 0b1, mip.STI <- 0b0)
mem[X,0x00000000800007AC] -> 0x8493
mem[X,0x00000000800007AE] -> 0x0004
[240] [M]: 0x00000000800007AC (0x00048493) addi x9, x9, 0x0                         spcl_M2mmode_test+8
x9 <- 0xFFFFFFFF80000000

mem[X,0x00000000800007B0] -> 0x9493
mem[X,0x00000000800007B2] -> 0x00B4
[241] [M]: 0x00000000800007B0 (0x00B49493) slli x9, x9, 0xb                         spcl_M2mmode_test+12
x9 <- 0xFFFFFC0000000000

clint mtime 0x0000000000000079 (mip.MTI <- 0b1, mip.STI <- 0b0)
mem[X,0x00000000800007B4] -> 0x8493
mem[X,0x00000000800007B6] -> 0x0004
[242] [M]: 0x00000000800007B4 (0x00048493) addi x9, x9, 0x0                         spcl_M2mmode_test+16
x9 <- 0xFFFFFC0000000000

mem[X,0x00000000800007B8] -> 0x9493
mem[X,0x00000000800007BA] -> 0x00B4
[243] [M]: 0x00000000800007B8 (0x00B49493) slli x9, x9, 0xb                         spcl_M2mmode_test+20
x9 <- 0xFFE0000000000000

clint mtime 0x000000000000007A (mip.MTI <- 0b1, mip.STI <- 0b0)
mem[X,0x00000000800007BC] -> 0x8493
mem[X,0x00000000800007BE] -> 0x0034
[244] [M]: 0x00000000800007BC (0x00348493) addi x9, x9, 0x3                         spcl_M2mmode_test+24
x9 <- 0xFFE0000000000003

mem[X,0x00000000800007C0] -> 0x9493
mem[X,0x00000000800007C2] -> 0x00A4
[245] [M]: 0x00000000800007C0 (0x00A49493) slli x9, x9, 0xa                         spcl_M2mmode_test+28
x9 <- 0x8000000000000C00

clint mtime 0x000000000000007B (mip.MTI <- 0b1, mip.STI <- 0b0)
mem[X,0x00000000800007C4] -> 0x8493
mem[X,0x00000000800007C6] -> 0x3FC4
[246] [M]: 0x00000000800007C4 (0x3FC48493) addi x9, x9, 0x3fc                       spcl_M2mmode_test+32
x9 <- 0x8000000000000FFC

mem[X,0x00000000800007C8] -> 0xF4B3
mem[X,0x00000000800007CA] -> 0x00A4
[247] [M]: 0x00000000800007C8 (0x00A4F4B3) and x9, x9, x10                          spcl_M2mmode_test+36
x9 <- 0x0000000000000000

clint mtime 0x000000000000007C (mip.MTI <- 0b1, mip.STI <- 0b0)
mem[X,0x00000000800007CC] -> 0x8493
mem[X,0x00000000800007CE] -> 0xFF84
[248] [M]: 0x00000000800007CC (0xFF848493) addi x9, x9, -0x8                        spcl_M2mmode_test+40
x9 <- 0xFFFFFFFFFFFFFFF8

mem[X,0x00000000800007D0] -> 0x9663
mem[X,0x00000000800007D2] -> 0x0004
[249] [M]: 0x00000000800007D0 (0x00049663) bne x9, x0, 0xc                          spcl_M2mmode_test+44

clint mtime 0x000000000000007D (mip.MTI <- 0b1, mip.STI <- 0b0)
mem[X,0x00000000800007DC] -> 0x0393
mem[X,0x00000000800007DE] -> 0x0200
[250] [M]: 0x00000000800007DC (0x02000393) addi x7, x0, 0x20                        Mtrapsig_ptr_upd+0
x7 <- 0x0000000000000020

mem[X,0x00000000800007E0] -> 0x5263
mem[X,0x00000000800007E2] -> 0x0405
[251] [M]: 0x00000000800007E0 (0x04055263) bge x10, x0, 0x44                        Mtrapsig_ptr_upd+4

clint mtime 0x000000000000007E (mip.MTI <- 0b1, mip.STI <- 0b0)
mem[X,0x0000000080000824] -> 0x2373
mem[X,0x0000000080000826] -> 0x3010
[252] [M]: 0x0000000080000824 (0x30102373) csrrs x6, misa, x0                       Mxcpt_sig_sv+0
CSR misa (0x301) -> 0x800000000034112F
x6 <- 0x800000000034112F

mem[X,0x0000000080000828] -> 0x1313
mem[X,0x000000008000082A] -> 0x0383
[253] [M]: 0x0000000080000828 (0x03831313) slli x6, x6, 0x38                        Mxcpt_sig_sv+4
x6 <- 0x2F00000000000000

clint mtime 0x000000000000007F (mip.MTI <- 0b1, mip.STI <- 0b0)
mem[X,0x000000008000082C] -> 0x5463
mem[X,0x000000008000082E] -> 0x0003
[254] [M]: 0x000000008000082C (0x00035463) bge x6, x0, 0x8                          Mxcpt_sig_sv+8

mem[X,0x0000000080000834] -> 0x3303
mem[X,0x0000000080000836] -> 0x2181
[255] [M]: 0x0000000080000834 (0x21813303) ld x6, 0x218(x2)                         Mtrap_sig_sv+0
mem[R,0x0000000080003218] -> 0x0000000080007318
x6 <- 0x0000000080007318

clint mtime 0x0000000000000080 (mip.MTI <- 0b1, mip.STI <- 0b0)
mem[X,0x0000000080000838] -> 0x04B3
mem[X,0x000000008000083A] -> 0x0073
[256] [M]: 0x0000000080000838 (0x007304B3) add x9, x6, x7                           Mtrap_sig_sv+4
x9 <- 0x0000000080007338

mem[X,0x000000008000083C] -> 0x3C23
mem[X,0x000000008000083E] -> 0x2091
[257] [M]: 0x000000008000083C (0x20913C23) sd x9, 0x218(x2)                         Mtrap_sig_sv+8
mem[W,0x0000000080003218] <- 0x0000000080007338

clint mtime 0x0000000000000081 (mip.MTI <- 0b1, mip.STI <- 0b0)
mem[X,0x0000000080000840] -> 0x3403
mem[X,0x0000000080000842] -> 0x1F81
[258] [M]: 0x0000000080000840 (0x1F813403) ld x8, 0x1f8(x2)                         Mtrap_sig_sv+12
mem[R,0x00000000800031F8] -> 0x0000000080007110
x8 <- 0x0000000080007110

mem[X,0x0000000080000844] -> 0x0333
mem[X,0x0000000080000846] -> 0x4083
[259] [M]: 0x0000000080000844 (0x40830333) sub x6, x6, x8                           Mtrap_sig_sv+16
x6 <- 0x0000000000000208

clint mtime 0x0000000000000082 (mip.MTI <- 0b1, mip.STI <- 0b0)
mem[X,0x0000000080000848] -> 0x3403
mem[X,0x000000008000084A] -> 0x1F81
[260] [M]: 0x0000000080000848 (0x1F813403) ld x8, 0x1f8(x2)                         Mtrap_sig_sv+20
mem[R,0x00000000800031F8] -> 0x0000000080007110
x8 <- 0x0000000080007110

mem[X,0x000000008000084C] -> 0x0333
mem[X,0x000000008000084E] -> 0x0083
[261] [M]: 0x000000008000084C (0x00830333) add x6, x6, x8                           Mtrap_sig_sv+24
x6 <- 0x0000000080007318

clint mtime 0x0000000000000083 (mip.MTI <- 0b1, mip.STI <- 0b0)
mem[X,0x0000000080000850] -> 0x3403
mem[X,0x0000000080000852] -> 0x2401
[262] [M]: 0x0000000080000850 (0x24013403) ld x8, 0x240(x2)                         Mtrap_sig_sv+28
mem[R,0x0000000080003240] -> 0x00000000800005C0
x8 <- 0x00000000800005C0

mem[X,0x0000000080000854] -> 0x85B3
mem[X,0x0000000080000856] -> 0x4085
[263] [M]: 0x0000000080000854 (0x408585B3) sub x11, x11, x8                         sv_Mvect+0
x11 <- 0x000000000000010C

clint mtime 0x0000000000000084 (mip.MTI <- 0b1, mip.STI <- 0b0)
mem[X,0x0000000080000858] -> 0x9593
mem[X,0x000000008000085A] -> 0x0045
[264] [M]: 0x0000000080000858 (0x00459593) slli x11, x11, 0x4                       sv_Mvect+4
x11 <- 0x00000000000010C0

mem[X,0x000000008000085C] -> 0xE5B3
mem[X,0x000000008000085E] -> 0x0075
[265] [M]: 0x000000008000085C (0x0075E5B3) or x11, x11, x7                          sv_Mvect+8
x11 <- 0x00000000000010E0

clint mtime 0x0000000000000085 (mip.MTI <- 0b1, mip.STI <- 0b0)
mem[X,0x0000000080000860] -> 0x8593
mem[X,0x0000000080000862] -> 0x0035
[266] [M]: 0x0000000080000860 (0x00358593) addi x11, x11, 0x3                       sv_Mvect+12
x11 <- 0x00000000000010E3

mem[X,0x0000000080000864] -> 0x3023
mem[X,0x0000000080000866] -> 0x00B3
[267] [M]: 0x0000000080000864 (0x00B33023) sd x11, 0x0(x6)                          sv_Mvect+16
mem[W,0x0000000080007318] <- 0x00000000000010E3

clint mtime 0x0000000000000086 (mip.MTI <- 0b1, mip.STI <- 0b0)
mem[X,0x0000000080000868] -> 0x3423
mem[X,0x000000008000086A] -> 0x00A3
[268] [M]: 0x0000000080000868 (0x00A33423) sd x10, 0x8(x6)                          sv_Mcause+0
mem[W,0x0000000080007320] <- 0x0000000000000002

mem[X,0x000000008000086C] -> 0x4663
mem[X,0x000000008000086E] -> 0x1A05
[269] [M]: 0x000000008000086C (0x1A054663) blt x10, x0, 0x1ac                       sv_Mcause+4

clint mtime 0x0000000000000087 (mip.MTI <- 0b1, mip.STI <- 0b0)
mem[X,0x0000000080000870] -> 0x25F3
mem[X,0x0000000080000872] -> 0x3000
[270] [M]: 0x0000000080000870 (0x300025F3) csrrs x11, mstatus, x0                   common_Mexcpt_handler+0
CSR mstatus (0x300) -> 0x0000000A00100800
x11 <- 0x0000000A00100800

mem[X,0x0000000080000874] -> 0x9413
mem[X,0x0000000080000876] -> 0x02E5
[271] [M]: 0x0000000080000874 (0x02E59413) slli x8, x11, 0x2e                       common_Mexcpt_handler+4
x8 <- 0x0200000000000000

clint mtime 0x0000000000000088 (mip.MTI <- 0b1, mip.STI <- 0b0)
mem[X,0x0000000080000878] -> 0x5463
mem[X,0x000000008000087A] -> 0x0004
[272] [M]: 0x0000000080000878 (0x00045463) bge x8, x0, 0x8                          common_Mexcpt_handler+8

mem[X,0x0000000080000880] -> 0xD493
mem[X,0x0000000080000882] -> 0x00B5
[273] [M]: 0x0000000080000880 (0x00B5D493) srli x9, x11, 0xb                        common_Mexcpt_handler+16
x9 <- 0x0000000001400201

clint mtime 0x0000000000000089 (mip.MTI <- 0b1, mip.STI <- 0b0)
mem[X,0x0000000080000884] -> 0xF493
mem[X,0x0000000080000886] -> 0x0034
[274] [M]: 0x0000000080000884 (0x0034F493) andi x9, x9, 0x3                         common_Mexcpt_handler+20
x9 <- 0x0000000000000001

mem[X,0x0000000080000888] -> 0x8493
mem[X,0x000000008000088A] -> 0x0014
[275] [M]: 0x0000000080000888 (0x00148493) addi x9, x9, 0x1                         common_Mexcpt_handler+24
x9 <- 0x0000000000000002

clint mtime 0x000000000000008A (mip.MTI <- 0b1, mip.STI <- 0b0)
mem[X,0x000000008000088C] -> 0xF493
mem[X,0x000000008000088E] -> 0x0044
[276] [M]: 0x000000008000088C (0x0044F493) andi x9, x9, 0x4                         common_Mexcpt_handler+28
x9 <- 0x0000000000000000

mem[X,0x0000000080000890] -> 0x0593
mem[X,0x0000000080000892] -> 0x05D0
[277] [M]: 0x0000000080000890 (0x05D00593) addi x11, x0, 0x5d                       common_Mexcpt_handler+32
x11 <- 0x000000000000005D

clint mtime 0x000000000000008B (mip.MTI <- 0b1, mip.STI <- 0b0)
mem[X,0x0000000080000894] -> 0xD5B3
mem[X,0x0000000080000896] -> 0x0095
[278] [M]: 0x0000000080000894 (0x0095D5B3) srl x11, x11, x9                         common_Mexcpt_handler+36
x11 <- 0x000000000000005D

mem[X,0x0000000080000898] -> 0xF593
mem[X,0x000000008000089A] -> 0x0015
[279] [M]: 0x0000000080000898 (0x0015F593) andi x11, x11, 0x1                       common_Mexcpt_handler+40
x11 <- 0x0000000000000001

clint mtime 0x000000000000008C (mip.MTI <- 0b1, mip.STI <- 0b0)
mem[X,0x000000008000089C] -> 0x8EE3
mem[X,0x000000008000089E] -> 0xF405
[280] [M]: 0x000000008000089C (0xF4058EE3) beq x11, x0, -0xa4                       common_Mexcpt_handler+44

mem[X,0x00000000800008A0] -> 0x0593
mem[X,0x00000000800008A2] -> 0x2980
[281] [M]: 0x00000000800008A0 (0x29800593) addi x11, x0, 0x298                      common_Mexcpt_handler+48
x11 <- 0x0000000000000298

clint mtime 0x000000000000008D (mip.MTI <- 0b1, mip.STI <- 0b0)
mem[X,0x00000000800008A4] -> 0xF413
mem[X,0x00000000800008A6] -> 0x0014
[282] [M]: 0x00000000800008A4 (0x0014F413) andi x8, x9, 0x1                         common_Mexcpt_handler+52
x8 <- 0x0000000000000000

mem[X,0x00000000800008A8] -> 0x95B3
mem[X,0x00000000800008AA] -> 0x0085
[283] [M]: 0x00000000800008A8 (0x008595B3) sll x11, x11, x8                         common_Mexcpt_handler+56
x11 <- 0x0000000000000298

clint mtime 0x000000000000008E (mip.MTI <- 0b1, mip.STI <- 0b0)
mem[X,0x00000000800008AC] -> 0x9413
mem[X,0x00000000800008AE] -> 0x03D4
[284] [M]: 0x00000000800008AC (0x03D49413) slli x8, x9, 0x3d                        common_Mexcpt_handler+60
x8 <- 0x0000000000000000

mem[X,0x00000000800008B0] -> 0x5413
mem[X,0x00000000800008B2] -> 0x43F4
[285] [M]: 0x00000000800008B0 (0x43F45413) srai x8, x8, 0x3f                        common_Mexcpt_handler+64
x8 <- 0x0000000000000000

clint mtime 0x000000000000008F (mip.MTI <- 0b1, mip.STI <- 0b0)
mem[X,0x00000000800008B4] -> 0x4413
mem[X,0x00000000800008B6] -> 0xFFF4
[286] [M]: 0x00000000800008B4 (0xFFF44413) xori x8, x8, -0x1                        common_Mexcpt_handler+68
x8 <- 0xFFFFFFFFFFFFFFFF

mem[X,0x00000000800008B8] -> 0xF4B3
mem[X,0x00000000800008BA] -> 0x0085
[287] [M]: 0x00000000800008B8 (0x0085F4B3) and x9, x11, x8                          common_Mexcpt_handler+72
x9 <- 0x0000000000000298

clint mtime 0x0000000000000090 (mip.MTI <- 0b1, mip.STI <- 0b0)
mem[X,0x00000000800008BC] -> 0x84B3
mem[X,0x00000000800008BE] -> 0x0024
[288] [M]: 0x00000000800008BC (0x002484B3) add x9, x9, x2                           vmem_adj_Mepc+0
x9 <- 0x0000000080003298

mem[X,0x00000000800008C0] -> 0x23F3
mem[X,0x00000000800008C2] -> 0x3410
[289] [M]: 0x00000000800008C0 (0x341023F3) csrrs x7, mepc, x0                       vmem_adj_Mepc+4
CSR mepc (0x341) -> 0x0000000080000480
x7 <- 0x0000000080000480

clint mtime 0x0000000000000091 (mip.MTI <- 0b1, mip.STI <- 0b0)
mem[X,0x00000000800008C4] -> 0x0413
mem[X,0x00000000800008C6] -> 0x0004
[290] [M]: 0x00000000800008C4 (0x00040413) addi x8, x8, 0x0                         vmem_adj_Mepc+8
x8 <- 0xFFFFFFFFFFFFFFFF

mem[X,0x00000000800008C8] -> 0x006F
mem[X,0x00000000800008CA] -> 0x0400
[291] [M]: 0x00000000800008C8 (0x0400006F) jal x0, 0x40                             vmem_adj_Mepc+12

clint mtime 0x0000000000000092 (mip.MTI <- 0b1, mip.STI <- 0b0)
mem[X,0x0000000080000908] -> 0x8433
mem[X,0x000000008000090A] -> 0x4083
[292] [M]: 0x0000000080000908 (0x40838433) sub x8, x7, x8                           adj_Mepc+0
x8 <- 0x0000000080000481

mem[X,0x000000008000090C] -> 0x3823
mem[X,0x000000008000090E] -> 0x0083
[293] [M]: 0x000000008000090C (0x00833823) sd x8, 0x10(x6)                          sv_Mepc+0
mem[W,0x0000000080007328] <- 0x0000000080000481

clint mtime 0x0000000000000093 (mip.MTI <- 0b1, mip.STI <- 0b0)
mem[X,0x0000000080000910] -> 0x55B7
mem[X,0x0000000080000912] -> 0x0000
[294] [M]: 0x0000000080000910 (0x000055B7) lui x11, 0x5                             sv_Mepc+4
x11 <- 0x0000000000005000

mem[X,0x0000000080000914] -> 0x8593
mem[X,0x0000000080000916] -> 0x6675
[295] [M]: 0x0000000080000914 (0x66758593) addi x11, x11, 0x667                     sv_Mepc+8
x11 <- 0x0000000000005667

clint mtime 0x0000000000000094 (mip.MTI <- 0b1, mip.STI <- 0b0)
mem[X,0x0000000080000918] -> 0x9593
mem[X,0x000000008000091A] -> 0x0015
[296] [M]: 0x0000000080000918 (0x00159593) slli x11, x11, 0x1                       sv_Mepc+12
x11 <- 0x000000000000ACCE

mem[X,0x000000008000091C] -> 0x9063
mem[X,0x000000008000091E] -> 0x02B1
[297] [M]: 0x000000008000091C (0x02B19063) bne x3, x11, 0x20                        sv_Mepc+16

clint mtime 0x0000000000000095 (mip.MTI <- 0b1, mip.STI <- 0b0)
mem[X,0x000000008000093C] -> 0xF593
mem[X,0x000000008000093E] -> 0xFFC3
[298] [M]: 0x000000008000093C (0xFFC3F593) andi x11, x7, -0x4                       adj_Mepc_rtn+0
x11 <- 0x0000000080000480

mem[X,0x0000000080000940] -> 0x8593
mem[X,0x0000000080000942] -> 0x0085
[299] [M]: 0x0000000080000940 (0x00858593) addi x11, x11, 0x8                       adj_Mepc_rtn+4
x11 <- 0x0000000080000488

clint mtime 0x0000000000000096 (mip.MTI <- 0b1, mip.STI <- 0b0)
mem[X,0x0000000080000944] -> 0x9073
mem[X,0x0000000080000946] -> 0x3415
[300] [M]: 0x0000000080000944 (0x34159073) csrrw x0, mepc, x11                      adj_Mepc_rtn+8
CSR mepc (0x341) <- 0x0000000080000488

mem[X,0x0000000080000948] -> 0x23F3
mem[X,0x000000008000094A] -> 0x3430
[301] [M]: 0x0000000080000948 (0x343023F3) csrrs x7, mtval, x0                      skp_adj_Mepc+0
CSR mtval (0x343) -> 0x0000000018029073
x7 <- 0x0000000018029073

clint mtime 0x0000000000000097 (mip.MTI <- 0b1, mip.STI <- 0b0)
mem[X,0x000000008000094C] -> 0x0413
mem[X,0x000000008000094E] -> 0x0004
[302] [M]: 0x000000008000094C (0x00040413) addi x8, x8, 0x0                         skp_adj_Mepc+4
x8 <- 0x0000000080000481

mem[X,0x0000000080000950] -> 0x006F
mem[X,0x0000000080000952] -> 0x0840
[303] [M]: 0x0000000080000950 (0x0840006F) jal x0, 0x84                             skp_adj_Mepc+8

clint mtime 0x0000000000000098 (mip.MTI <- 0b1, mip.STI <- 0b0)
mem[X,0x00000000800009D4] -> 0x8433
mem[X,0x00000000800009D6] -> 0x4083
[304] [M]: 0x00000000800009D4 (0x40838433) sub x8, x7, x8                           adj_Mtval+0
x8 <- 0xFFFFFFFF98028BF2

mem[X,0x00000000800009D8] -> 0x3C23
mem[X,0x00000000800009DA] -> 0x0083
[305] [M]: 0x00000000800009D8 (0x00833C23) sd x8, 0x18(x6)                          sv_Mtval+0
mem[W,0x0000000080007330] <- 0xFFFFFFFF98028BF2

clint mtime 0x0000000000000099 (mip.MTI <- 0b1, mip.STI <- 0b0)
mem[X,0x00000000800009DC] -> 0x3483
mem[X,0x00000000800009DE] -> 0x2181
[306] [M]: 0x00000000800009DC (0x21813483) ld x9, 0x218(x2)                         skp_Mtval+0
mem[R,0x0000000080003218] -> 0x0000000080007338
x9 <- 0x0000000080007338

mem[X,0x00000000800009E0] -> 0x3383
mem[X,0x00000000800009E2] -> 0x1F81
[307] [M]: 0x00000000800009E0 (0x1F813383) ld x7, 0x1f8(x2)                         skp_Mtval+4
mem[R,0x00000000800031F8] -> 0x0000000080007110
x7 <- 0x0000000080007110

clint mtime 0x000000000000009A (mip.MTI <- 0b1, mip.STI <- 0b0)
mem[X,0x00000000800009E4] -> 0x3303
mem[X,0x00000000800009E6] -> 0x2001
[308] [M]: 0x00000000800009E4 (0x20013303) ld x6, 0x200(x2)                         skp_Mtval+8
mem[R,0x0000000080003200] -> 0x0000000000000410
x6 <- 0x0000000000000410

mem[X,0x00000000800009E8] -> 0x0333
mem[X,0x00000000800009EA] -> 0x0073
[309] [M]: 0x00000000800009E8 (0x00730333) add x6, x6, x7                           skp_Mtval+12
x6 <- 0x0000000080007520

clint mtime 0x000000000000009B (mip.MTI <- 0b1, mip.STI <- 0b0)
mem[X,0x00000000800009EC] -> 0x68E3
mem[X,0x00000000800009EE] -> 0xAC93
[310] [M]: 0x00000000800009EC (0xAC9368E3) bltu x6, x9, -0x530                      skp_Mtval+16

mem[X,0x00000000800009F0] -> 0x0393
mem[X,0x00000000800009F2] -> 0x2000
[311] [M]: 0x00000000800009F0 (0x20000393) addi x7, x0, 0x200                       skp_Mtval+20
x7 <- 0x0000000000000200

clint mtime 0x000000000000009C (mip.MTI <- 0b1, mip.STI <- 0b0)
mem[X,0x00000000800009F4] -> 0x006F
mem[X,0x00000000800009F6] -> 0x0400
[312] [M]: 0x00000000800009F4 (0x0400006F) jal x0, 0x40                             skp_Mtval+24

mem[X,0x0000000080000A34] -> 0x0417
mem[X,0x0000000080000A36] -> 0x0000
[313] [M]: 0x0000000080000A34 (0x00000417) auipc x8, 0x0                            spcl_Mhandler+0
x8 <- 0x0000000080000A34

clint mtime 0x000000000000009D (mip.MTI <- 0b1, mip.STI <- 0b0)
mem[X,0x0000000080000A38] -> 0x0413
mem[X,0x0000000080000A3A] -> 0x03C4
[314] [M]: 0x0000000080000A38 (0x03C40413) addi x8, x8, 0x3c                        spcl_Mhandler+4
x8 <- 0x0000000080000A70

mem[X,0x0000000080000A3C] -> 0x0433
mem[X,0x0000000080000A3E] -> 0x0074
[315] [M]: 0x0000000080000A3C (0x00740433) add x8, x8, x7                           spcl_Mhandler+8
x8 <- 0x0000000080000C70

clint mtime 0x000000000000009E (mip.MTI <- 0b1, mip.STI <- 0b0)
mem[X,0x0000000080000A40] -> 0x1393
mem[X,0x0000000080000A42] -> 0x0035
[316] [M]: 0x0000000080000A40 (0x00351393) slli x7, x10, 0x3                        spcl_Mhandler+12
x7 <- 0x0000000000000010

mem[X,0x0000000080000A44] -> 0x0433
mem[X,0x0000000080000A46] -> 0x0074
[317] [M]: 0x0000000080000A44 (0x00740433) add x8, x8, x7                           spcl_Mhandler+16
x8 <- 0x0000000080000C80

clint mtime 0x000000000000009F (mip.MTI <- 0b1, mip.STI <- 0b0)
mem[X,0x0000000080000A48] -> 0x7413
mem[X,0x0000000080000A4A] -> 0xFF84
[318] [M]: 0x0000000080000A48 (0xFF847413) andi x8, x8, -0x8                        spcl_Mhandler+20
x8 <- 0x0000000080000C80

mem[X,0x0000000080000A4C] -> 0x3403
mem[X,0x0000000080000A4E] -> 0x0004
[319] [M]: 0x0000000080000A4C (0x00043403) ld x8, 0x0(x8)                           spcl_Mhandler+24
mem[R,0x0000000080000C80] -> 0x0000000000000005
x8 <- 0x0000000000000005

clint mtime 0x00000000000000A0 (mip.MTI <- 0b1, mip.STI <- 0b0)
mem[X,0x0000000080000A50] -> 0x00E3
mem[X,0x0000000080000A52] -> 0xB004
[320] [M]: 0x0000000080000A50 (0xB00400E3) beq x8, x0, -0x500                       spcl_Mdispatch_hndling+0

mem[X,0x0000000080000A54] -> 0x1393
mem[X,0x0000000080000A56] -> 0x03F4
[321] [M]: 0x0000000080000A54 (0x03F41393) slli x7, x8, 0x3f                        spcl_Mdispatch_hndling+4
x7 <- 0x8000000000000000

clint mtime 0x00000000000000A1 (mip.MTI <- 0b1, mip.STI <- 0b0)
mem[X,0x0000000080000A58] -> 0xD863
mem[X,0x0000000080000A5A] -> 0x0003
[322] [M]: 0x0000000080000A58 (0x0003D863) bge x7, x0, 0x10                         spcl_Mdispatch_hndling+8

mem[X,0x0000000080000A5C] -> 0x5413
mem[X,0x0000000080000A5E] -> 0x0014
[323] [M]: 0x0000000080000A5C (0x00145413) srli x8, x8, 0x1                         spcl_Mdispatch_hndling+12
x8 <- 0x0000000000000002

clint mtime 0x00000000000000A2 (mip.MTI <- 0b1, mip.STI <- 0b0)
mem[X,0x0000000080000A60] -> 0x0CE3
mem[X,0x0000000080000A62] -> 0xF885
[324] [M]: 0x0000000080000A60 (0xF8850CE3) beq x10, x8, -0x68                       spcl_Mdispatch_hndling+16

mem[X,0x00000000800009F8] -> 0x3303
mem[X,0x00000000800009FA] -> 0x2601
[325] [M]: 0x00000000800009F8 (0x26013303) ld x6, 0x260(x2)                         resto_Mrtn+0
mem[R,0x0000000080003260] -> 0x0000000000000010
x6 <- 0x0000000000000010

clint mtime 0x00000000000000A3 (mip.MTI <- 0b1, mip.STI <- 0b0)
mem[X,0x00000000800009FC] -> 0x3383
mem[X,0x00000000800009FE] -> 0x2681
[326] [M]: 0x00000000800009FC (0x26813383) ld x7, 0x268(x2)                         resto_Mrtn+4
mem[R,0x0000000080003268] -> 0x0000000080003000
x7 <- 0x0000000080003000

mem[X,0x0000000080000A00] -> 0x3403
mem[X,0x0000000080000A02] -> 0x2701
[327] [M]: 0x0000000080000A00 (0x27013403) ld x8, 0x270(x2)                         resto_Mrtn+8
mem[R,0x0000000080003270] -> 0x0000000000007F76
x8 <- 0x0000000000007F76

clint mtime 0x00000000000000A4 (mip.MTI <- 0b1, mip.STI <- 0b0)
mem[X,0x0000000080000A04] -> 0x3483
mem[X,0x0000000080000A06] -> 0x2781
[328] [M]: 0x0000000080000A04 (0x27813483) ld x9, 0x278(x2)                         resto_Mrtn+12
mem[R,0x0000000080003278] -> 0x0000000000000000
x9 <- 0x0000000000000000

mem[X,0x0000000080000A08] -> 0x3503
mem[X,0x0000000080000A0A] -> 0x2801
[329] [M]: 0x0000000080000A08 (0x28013503) ld x10, 0x280(x2)                        resto_Mrtn+16
mem[R,0x0000000080003280] -> 0x0000000000000001
x10 <- 0x0000000000000001

clint mtime 0x00000000000000A5 (mip.MTI <- 0b1, mip.STI <- 0b0)
mem[X,0x0000000080000A0C] -> 0x3583
mem[X,0x0000000080000A0E] -> 0x2881
[330] [M]: 0x0000000080000A0C (0x28813583) ld x11, 0x288(x2)                        resto_Mrtn+20
mem[R,0x0000000080003288] -> 0x0000000000000000
x11 <- 0x0000000000000000

mem[X,0x0000000080000A10] -> 0x3103
mem[X,0x0000000080000A12] -> 0x2901
[331] [M]: 0x0000000080000A10 (0x29013103) ld x2, 0x290(x2)                         resto_Mrtn+24
mem[R,0x0000000080003290] -> 0x01FDDB7D5BFDDB7F
x2 <- 0x01FDDB7D5BFDDB7F

clint mtime 0x00000000000000A6 (mip.MTI <- 0b1, mip.STI <- 0b0)
mem[X,0x0000000080000A14] -> 0x0073
mem[X,0x0000000080000A16] -> 0x3020
[332] [M]: 0x0000000080000A14 (0x30200073) mret                                     resto_Mrtn+28
CSR mstatus (0x300) <- 0x0000000A00100080
ret-ing from M to S

mem[X,0x0000000080000488] -> 0x0293
mem[X,0x000000008000048A] -> 0x0010
[333] [S]: 0x0000000080000488 (0x00100293) addi x5, x0, 0x1                         main+168
x5 <- 0x0000000000000001

clint mtime 0x00000000000000A7 (mip.MTI <- 0b1, mip.STI <- 0b0)
mem[X,0x000000008000048C] -> 0xB373
mem[X,0x000000008000048E] -> 0x1802
[334] [S]: 0x000000008000048C (0x1802B373) csrrc x6, satp, x5                       main+172
trapping from S to M to handle illegal-instruction
handling exc#illegal-instruction at priv M with tval 0x000000001802B373
CSR mstatus (0x300) <- 0x0000000A00100800
CSR mcause (0x342) <- 0x0000000000000002
CSR mtval (0x343) <- 0x000000001802B373
CSR mepc (0x341) <- 0x000000008000048C

mem[X,0x00000000800005C0] -> 0x006F
mem[X,0x00000000800005C2] -> 0x1000
[335] [M]: 0x00000000800005C0 (0x1000006F) jal x0, 0x100                            Mtrampoline+0

clint mtime 0x00000000000000A8 (mip.MTI <- 0b1, mip.STI <- 0b0)
mem[X,0x00000000800006C0] -> 0x1173
mem[X,0x00000000800006C2] -> 0x3401
[336] [M]: 0x00000000800006C0 (0x34011173) csrrw x2, mscratch, x2                   trap_Mhandler+0
CSR mscratch (0x340) <- 0x01FDDB7D5BFDDB7F
x2 <- 0x0000000080003000

mem[X,0x00000000800006C4] -> 0x3423
mem[X,0x00000000800006C6] -> 0x28B1
[337] [M]: 0x00000000800006C4 (0x28B13423) sd x11, 0x288(x2)                        trap_Mhandler+4
mem[W,0x0000000080003288] <- 0x0000000000000000

clint mtime 0x00000000000000A9 (mip.MTI <- 0b1, mip.STI <- 0b0)
mem[X,0x00000000800006C8] -> 0x05EF
mem[X,0x00000000800006CA] -> 0x0B80
[338] [M]: 0x00000000800006C8 (0x0B8005EF) jal x11, 0xb8                            trap_Mhandler+8
x11 <- 0x00000000800006CC

mem[X,0x0000000080000780] -> 0x3023
mem[X,0x0000000080000782] -> 0x28A1
[339] [M]: 0x0000000080000780 (0x28A13023) sd x10, 0x280(x2)                        common_Mhandler+0
mem[W,0x0000000080003280] <- 0x0000000000000001

clint mtime 0x00000000000000AA (mip.MTI <- 0b1, mip.STI <- 0b0)
mem[X,0x0000000080000784] -> 0x1573
mem[X,0x0000000080000786] -> 0x3401
[340] [M]: 0x0000000080000784 (0x34011573) csrrw x10, mscratch, x2                  common_Mhandler+4
CSR mscratch (0x340) <- 0x0000000080003000
x10 <- 0x01FDDB7D5BFDDB7F

mem[X,0x0000000080000788] -> 0x3823
mem[X,0x000000008000078A] -> 0x28A1
[341] [M]: 0x0000000080000788 (0x28A13823) sd x10, 0x290(x2)                        common_Mhandler+8
mem[W,0x0000000080003290] <- 0x01FDDB7D5BFDDB7F

clint mtime 0x00000000000000AB (mip.MTI <- 0b1, mip.STI <- 0b0)
mem[X,0x000000008000078C] -> 0x3503
mem[X,0x000000008000078E] -> 0x2301
[342] [M]: 0x000000008000078C (0x23013503) ld x10, 0x230(x2)                        common_Mhandler+12
mem[R,0x0000000080003230] -> 0x0000000080000794
x10 <- 0x0000000080000794

mem[X,0x0000000080000790] -> 0x0067
mem[X,0x0000000080000792] -> 0x0005
[343] [M]: 0x0000000080000790 (0x00050067) jalr x0, 0x0(x10)                        common_Mhandler+16

clint mtime 0x00000000000000AC (mip.MTI <- 0b1, mip.STI <- 0b0)
mem[X,0x0000000080000794] -> 0x3C23
mem[X,0x0000000080000796] -> 0x2691
[344] [M]: 0x0000000080000794 (0x26913C23) sd x9, 0x278(x2)                         common_Mentry+0
mem[W,0x0000000080003278] <- 0x0000000000000000

mem[X,0x0000000080000798] -> 0x3823
mem[X,0x000000008000079A] -> 0x2681
[345] [M]: 0x0000000080000798 (0x26813823) sd x8, 0x270(x2)                         common_Mentry+4
mem[W,0x0000000080003270] <- 0x0000000000007F76

clint mtime 0x00000000000000AD (mip.MTI <- 0b1, mip.STI <- 0b0)
mem[X,0x000000008000079C] -> 0x3423
mem[X,0x000000008000079E] -> 0x2671
[346] [M]: 0x000000008000079C (0x26713423) sd x7, 0x268(x2)                         common_Mentry+8
mem[W,0x0000000080003268] <- 0x0000000080003000

mem[X,0x00000000800007A0] -> 0x3023
mem[X,0x00000000800007A2] -> 0x2661
[347] [M]: 0x00000000800007A0 (0x26613023) sd x6, 0x260(x2)                         common_Mentry+12
mem[W,0x0000000080003260] <- 0x0000000000000010

clint mtime 0x00000000000000AE (mip.MTI <- 0b1, mip.STI <- 0b0)
mem[X,0x00000000800007A4] -> 0x2573
mem[X,0x00000000800007A6] -> 0x3420
[348] [M]: 0x00000000800007A4 (0x34202573) csrrs x10, mcause, x0                    spcl_M2mmode_test+0
CSR mcause (0x342) -> 0x0000000000000002
x10 <- 0x0000000000000002

mem[X,0x00000000800007A8] -> 0x04B7
mem[X,0x00000000800007AA] -> 0x8000
[349] [M]: 0x00000000800007A8 (0x800004B7) lui x9, -0x80000                         spcl_M2mmode_test+4
x9 <- 0xFFFFFFFF80000000

clint mtime 0x00000000000000AF (mip.MTI <- 0b1, mip.STI <- 0b0)
mem[X,0x00000000800007AC] -> 0x8493
mem[X,0x00000000800007AE] -> 0x0004
[350] [M]: 0x00000000800007AC (0x00048493) addi x9, x9, 0x0                         spcl_M2mmode_test+8
x9 <- 0xFFFFFFFF80000000

mem[X,0x00000000800007B0] -> 0x9493
mem[X,0x00000000800007B2] -> 0x00B4
[351] [M]: 0x00000000800007B0 (0x00B49493) slli x9, x9, 0xb                         spcl_M2mmode_test+12
x9 <- 0xFFFFFC0000000000

clint mtime 0x00000000000000B0 (mip.MTI <- 0b1, mip.STI <- 0b0)
mem[X,0x00000000800007B4] -> 0x8493
mem[X,0x00000000800007B6] -> 0x0004
[352] [M]: 0x00000000800007B4 (0x00048493) addi x9, x9, 0x0                         spcl_M2mmode_test+16
x9 <- 0xFFFFFC0000000000

mem[X,0x00000000800007B8] -> 0x9493
mem[X,0x00000000800007BA] -> 0x00B4
[353] [M]: 0x00000000800007B8 (0x00B49493) slli x9, x9, 0xb                         spcl_M2mmode_test+20
x9 <- 0xFFE0000000000000

clint mtime 0x00000000000000B1 (mip.MTI <- 0b1, mip.STI <- 0b0)
mem[X,0x00000000800007BC] -> 0x8493
mem[X,0x00000000800007BE] -> 0x0034
[354] [M]: 0x00000000800007BC (0x00348493) addi x9, x9, 0x3                         spcl_M2mmode_test+24
x9 <- 0xFFE0000000000003

mem[X,0x00000000800007C0] -> 0x9493
mem[X,0x00000000800007C2] -> 0x00A4
[355] [M]: 0x00000000800007C0 (0x00A49493) slli x9, x9, 0xa                         spcl_M2mmode_test+28
x9 <- 0x8000000000000C00

clint mtime 0x00000000000000B2 (mip.MTI <- 0b1, mip.STI <- 0b0)
mem[X,0x00000000800007C4] -> 0x8493
mem[X,0x00000000800007C6] -> 0x3FC4
[356] [M]: 0x00000000800007C4 (0x3FC48493) addi x9, x9, 0x3fc                       spcl_M2mmode_test+32
x9 <- 0x8000000000000FFC

mem[X,0x00000000800007C8] -> 0xF4B3
mem[X,0x00000000800007CA] -> 0x00A4
[357] [M]: 0x00000000800007C8 (0x00A4F4B3) and x9, x9, x10                          spcl_M2mmode_test+36
x9 <- 0x0000000000000000

clint mtime 0x00000000000000B3 (mip.MTI <- 0b1, mip.STI <- 0b0)
mem[X,0x00000000800007CC] -> 0x8493
mem[X,0x00000000800007CE] -> 0xFF84
[358] [M]: 0x00000000800007CC (0xFF848493) addi x9, x9, -0x8                        spcl_M2mmode_test+40
x9 <- 0xFFFFFFFFFFFFFFF8

mem[X,0x00000000800007D0] -> 0x9663
mem[X,0x00000000800007D2] -> 0x0004
[359] [M]: 0x00000000800007D0 (0x00049663) bne x9, x0, 0xc                          spcl_M2mmode_test+44

clint mtime 0x00000000000000B4 (mip.MTI <- 0b1, mip.STI <- 0b0)
mem[X,0x00000000800007DC] -> 0x0393
mem[X,0x00000000800007DE] -> 0x0200
[360] [M]: 0x00000000800007DC (0x02000393) addi x7, x0, 0x20                        Mtrapsig_ptr_upd+0
x7 <- 0x0000000000000020

mem[X,0x00000000800007E0] -> 0x5263
mem[X,0x00000000800007E2] -> 0x0405
[361] [M]: 0x00000000800007E0 (0x04055263) bge x10, x0, 0x44                        Mtrapsig_ptr_upd+4

clint mtime 0x00000000000000B5 (mip.MTI <- 0b1, mip.STI <- 0b0)
mem[X,0x0000000080000824] -> 0x2373
mem[X,0x0000000080000826] -> 0x3010
[362] [M]: 0x0000000080000824 (0x30102373) csrrs x6, misa, x0                       Mxcpt_sig_sv+0
CSR misa (0x301) -> 0x800000000034112F
x6 <- 0x800000000034112F

mem[X,0x0000000080000828] -> 0x1313
mem[X,0x000000008000082A] -> 0x0383
[363] [M]: 0x0000000080000828 (0x03831313) slli x6, x6, 0x38                        Mxcpt_sig_sv+4
x6 <- 0x2F00000000000000

clint mtime 0x00000000000000B6 (mip.MTI <- 0b1, mip.STI <- 0b0)
mem[X,0x000000008000082C] -> 0x5463
mem[X,0x000000008000082E] -> 0x0003
[364] [M]: 0x000000008000082C (0x00035463) bge x6, x0, 0x8                          Mxcpt_sig_sv+8

mem[X,0x0000000080000834] -> 0x3303
mem[X,0x0000000080000836] -> 0x2181
[365] [M]: 0x0000000080000834 (0x21813303) ld x6, 0x218(x2)                         Mtrap_sig_sv+0
mem[R,0x0000000080003218] -> 0x0000000080007338
x6 <- 0x0000000080007338

clint mtime 0x00000000000000B7 (mip.MTI <- 0b1, mip.STI <- 0b0)
mem[X,0x0000000080000838] -> 0x04B3
mem[X,0x000000008000083A] -> 0x0073
[366] [M]: 0x0000000080000838 (0x007304B3) add x9, x6, x7                           Mtrap_sig_sv+4
x9 <- 0x0000000080007358

mem[X,0x000000008000083C] -> 0x3C23
mem[X,0x000000008000083E] -> 0x2091
[367] [M]: 0x000000008000083C (0x20913C23) sd x9, 0x218(x2)                         Mtrap_sig_sv+8
mem[W,0x0000000080003218] <- 0x0000000080007358

clint mtime 0x00000000000000B8 (mip.MTI <- 0b1, mip.STI <- 0b0)
mem[X,0x0000000080000840] -> 0x3403
mem[X,0x0000000080000842] -> 0x1F81
[368] [M]: 0x0000000080000840 (0x1F813403) ld x8, 0x1f8(x2)                         Mtrap_sig_sv+12
mem[R,0x00000000800031F8] -> 0x0000000080007110
x8 <- 0x0000000080007110

mem[X,0x0000000080000844] -> 0x0333
mem[X,0x0000000080000846] -> 0x4083
[369] [M]: 0x0000000080000844 (0x40830333) sub x6, x6, x8                           Mtrap_sig_sv+16
x6 <- 0x0000000000000228

clint mtime 0x00000000000000B9 (mip.MTI <- 0b1, mip.STI <- 0b0)
mem[X,0x0000000080000848] -> 0x3403
mem[X,0x000000008000084A] -> 0x1F81
[370] [M]: 0x0000000080000848 (0x1F813403) ld x8, 0x1f8(x2)                         Mtrap_sig_sv+20
mem[R,0x00000000800031F8] -> 0x0000000080007110
x8 <- 0x0000000080007110

mem[X,0x000000008000084C] -> 0x0333
mem[X,0x000000008000084E] -> 0x0083
[371] [M]: 0x000000008000084C (0x00830333) add x6, x6, x8                           Mtrap_sig_sv+24
x6 <- 0x0000000080007338

clint mtime 0x00000000000000BA (mip.MTI <- 0b1, mip.STI <- 0b0)
mem[X,0x0000000080000850] -> 0x3403
mem[X,0x0000000080000852] -> 0x2401
[372] [M]: 0x0000000080000850 (0x24013403) ld x8, 0x240(x2)                         Mtrap_sig_sv+28
mem[R,0x0000000080003240] -> 0x00000000800005C0
x8 <- 0x00000000800005C0

mem[X,0x0000000080000854] -> 0x85B3
mem[X,0x0000000080000856] -> 0x4085
[373] [M]: 0x0000000080000854 (0x408585B3) sub x11, x11, x8                         sv_Mvect+0
x11 <- 0x000000000000010C

clint mtime 0x00000000000000BB (mip.MTI <- 0b1, mip.STI <- 0b0)
mem[X,0x0000000080000858] -> 0x9593
mem[X,0x000000008000085A] -> 0x0045
[374] [M]: 0x0000000080000858 (0x00459593) slli x11, x11, 0x4                       sv_Mvect+4
x11 <- 0x00000000000010C0

mem[X,0x000000008000085C] -> 0xE5B3
mem[X,0x000000008000085E] -> 0x0075
[375] [M]: 0x000000008000085C (0x0075E5B3) or x11, x11, x7                          sv_Mvect+8
x11 <- 0x00000000000010E0

clint mtime 0x00000000000000BC (mip.MTI <- 0b1, mip.STI <- 0b0)
mem[X,0x0000000080000860] -> 0x8593
mem[X,0x0000000080000862] -> 0x0035
[376] [M]: 0x0000000080000860 (0x00358593) addi x11, x11, 0x3                       sv_Mvect+12
x11 <- 0x00000000000010E3

mem[X,0x0000000080000864] -> 0x3023
mem[X,0x0000000080000866] -> 0x00B3
[377] [M]: 0x0000000080000864 (0x00B33023) sd x11, 0x0(x6)                          sv_Mvect+16
mem[W,0x0000000080007338] <- 0x00000000000010E3

clint mtime 0x00000000000000BD (mip.MTI <- 0b1, mip.STI <- 0b0)
mem[X,0x0000000080000868] -> 0x3423
mem[X,0x000000008000086A] -> 0x00A3
[378] [M]: 0x0000000080000868 (0x00A33423) sd x10, 0x8(x6)                          sv_Mcause+0
mem[W,0x0000000080007340] <- 0x0000000000000002

mem[X,0x000000008000086C] -> 0x4663
mem[X,0x000000008000086E] -> 0x1A05
[379] [M]: 0x000000008000086C (0x1A054663) blt x10, x0, 0x1ac                       sv_Mcause+4

clint mtime 0x00000000000000BE (mip.MTI <- 0b1, mip.STI <- 0b0)
mem[X,0x0000000080000870] -> 0x25F3
mem[X,0x0000000080000872] -> 0x3000
[380] [M]: 0x0000000080000870 (0x300025F3) csrrs x11, mstatus, x0                   common_Mexcpt_handler+0
CSR mstatus (0x300) -> 0x0000000A00100800
x11 <- 0x0000000A00100800

mem[X,0x0000000080000874] -> 0x9413
mem[X,0x0000000080000876] -> 0x02E5
[381] [M]: 0x0000000080000874 (0x02E59413) slli x8, x11, 0x2e                       common_Mexcpt_handler+4
x8 <- 0x0200000000000000

clint mtime 0x00000000000000BF (mip.MTI <- 0b1, mip.STI <- 0b0)
mem[X,0x0000000080000878] -> 0x5463
mem[X,0x000000008000087A] -> 0x0004
[382] [M]: 0x0000000080000878 (0x00045463) bge x8, x0, 0x8                          common_Mexcpt_handler+8

mem[X,0x0000000080000880] -> 0xD493
mem[X,0x0000000080000882] -> 0x00B5
[383] [M]: 0x0000000080000880 (0x00B5D493) srli x9, x11, 0xb                        common_Mexcpt_handler+16
x9 <- 0x0000000001400201

clint mtime 0x00000000000000C0 (mip.MTI <- 0b1, mip.STI <- 0b0)
mem[X,0x0000000080000884] -> 0xF493
mem[X,0x0000000080000886] -> 0x0034
[384] [M]: 0x0000000080000884 (0x0034F493) andi x9, x9, 0x3                         common_Mexcpt_handler+20
x9 <- 0x0000000000000001

mem[X,0x0000000080000888] -> 0x8493
mem[X,0x000000008000088A] -> 0x0014
[385] [M]: 0x0000000080000888 (0x00148493) addi x9, x9, 0x1                         common_Mexcpt_handler+24
x9 <- 0x0000000000000002

clint mtime 0x00000000000000C1 (mip.MTI <- 0b1, mip.STI <- 0b0)
mem[X,0x000000008000088C] -> 0xF493
mem[X,0x000000008000088E] -> 0x0044
[386] [M]: 0x000000008000088C (0x0044F493) andi x9, x9, 0x4                         common_Mexcpt_handler+28
x9 <- 0x0000000000000000

mem[X,0x0000000080000890] -> 0x0593
mem[X,0x0000000080000892] -> 0x05D0
[387] [M]: 0x0000000080000890 (0x05D00593) addi x11, x0, 0x5d                       common_Mexcpt_handler+32
x11 <- 0x000000000000005D

clint mtime 0x00000000000000C2 (mip.MTI <- 0b1, mip.STI <- 0b0)
mem[X,0x0000000080000894] -> 0xD5B3
mem[X,0x0000000080000896] -> 0x0095
[388] [M]: 0x0000000080000894 (0x0095D5B3) srl x11, x11, x9                         common_Mexcpt_handler+36
x11 <- 0x000000000000005D

mem[X,0x0000000080000898] -> 0xF593
mem[X,0x000000008000089A] -> 0x0015
[389] [M]: 0x0000000080000898 (0x0015F593) andi x11, x11, 0x1                       common_Mexcpt_handler+40
x11 <- 0x0000000000000001

clint mtime 0x00000000000000C3 (mip.MTI <- 0b1, mip.STI <- 0b0)
mem[X,0x000000008000089C] -> 0x8EE3
mem[X,0x000000008000089E] -> 0xF405
[390] [M]: 0x000000008000089C (0xF4058EE3) beq x11, x0, -0xa4                       common_Mexcpt_handler+44

mem[X,0x00000000800008A0] -> 0x0593
mem[X,0x00000000800008A2] -> 0x2980
[391] [M]: 0x00000000800008A0 (0x29800593) addi x11, x0, 0x298                      common_Mexcpt_handler+48
x11 <- 0x0000000000000298

clint mtime 0x00000000000000C4 (mip.MTI <- 0b1, mip.STI <- 0b0)
mem[X,0x00000000800008A4] -> 0xF413
mem[X,0x00000000800008A6] -> 0x0014
[392] [M]: 0x00000000800008A4 (0x0014F413) andi x8, x9, 0x1                         common_Mexcpt_handler+52
x8 <- 0x0000000000000000

mem[X,0x00000000800008A8] -> 0x95B3
mem[X,0x00000000800008AA] -> 0x0085
[393] [M]: 0x00000000800008A8 (0x008595B3) sll x11, x11, x8                         common_Mexcpt_handler+56
x11 <- 0x0000000000000298

clint mtime 0x00000000000000C5 (mip.MTI <- 0b1, mip.STI <- 0b0)
mem[X,0x00000000800008AC] -> 0x9413
mem[X,0x00000000800008AE] -> 0x03D4
[394] [M]: 0x00000000800008AC (0x03D49413) slli x8, x9, 0x3d                        common_Mexcpt_handler+60
x8 <- 0x0000000000000000

mem[X,0x00000000800008B0] -> 0x5413
mem[X,0x00000000800008B2] -> 0x43F4
[395] [M]: 0x00000000800008B0 (0x43F45413) srai x8, x8, 0x3f                        common_Mexcpt_handler+64
x8 <- 0x0000000000000000

clint mtime 0x00000000000000C6 (mip.MTI <- 0b1, mip.STI <- 0b0)
mem[X,0x00000000800008B4] -> 0x4413
mem[X,0x00000000800008B6] -> 0xFFF4
[396] [M]: 0x00000000800008B4 (0xFFF44413) xori x8, x8, -0x1                        common_Mexcpt_handler+68
x8 <- 0xFFFFFFFFFFFFFFFF

mem[X,0x00000000800008B8] -> 0xF4B3
mem[X,0x00000000800008BA] -> 0x0085
[397] [M]: 0x00000000800008B8 (0x0085F4B3) and x9, x11, x8                          common_Mexcpt_handler+72
x9 <- 0x0000000000000298

clint mtime 0x00000000000000C7 (mip.MTI <- 0b1, mip.STI <- 0b0)
mem[X,0x00000000800008BC] -> 0x84B3
mem[X,0x00000000800008BE] -> 0x0024
[398] [M]: 0x00000000800008BC (0x002484B3) add x9, x9, x2                           vmem_adj_Mepc+0
x9 <- 0x0000000080003298

mem[X,0x00000000800008C0] -> 0x23F3
mem[X,0x00000000800008C2] -> 0x3410
[399] [M]: 0x00000000800008C0 (0x341023F3) csrrs x7, mepc, x0                       vmem_adj_Mepc+4
CSR mepc (0x341) -> 0x000000008000048C
x7 <- 0x000000008000048C

clint mtime 0x00000000000000C8 (mip.MTI <- 0b1, mip.STI <- 0b0)
mem[X,0x00000000800008C4] -> 0x0413
mem[X,0x00000000800008C6] -> 0x0004
[400] [M]: 0x00000000800008C4 (0x00040413) addi x8, x8, 0x0                         vmem_adj_Mepc+8
x8 <- 0xFFFFFFFFFFFFFFFF

mem[X,0x00000000800008C8] -> 0x006F
mem[X,0x00000000800008CA] -> 0x0400
[401] [M]: 0x00000000800008C8 (0x0400006F) jal x0, 0x40                             vmem_adj_Mepc+12

clint mtime 0x00000000000000C9 (mip.MTI <- 0b1, mip.STI <- 0b0)
mem[X,0x0000000080000908] -> 0x8433
mem[X,0x000000008000090A] -> 0x4083
[402] [M]: 0x0000000080000908 (0x40838433) sub x8, x7, x8                           adj_Mepc+0
x8 <- 0x000000008000048D

mem[X,0x000000008000090C] -> 0x3823
mem[X,0x000000008000090E] -> 0x0083
[403] [M]: 0x000000008000090C (0x00833823) sd x8, 0x10(x6)                          sv_Mepc+0
mem[W,0x0000000080007348] <- 0x000000008000048D

clint mtime 0x00000000000000CA (mip.MTI <- 0b1, mip.STI <- 0b0)
mem[X,0x0000000080000910] -> 0x55B7
mem[X,0x0000000080000912] -> 0x0000
[404] [M]: 0x0000000080000910 (0x000055B7) lui x11, 0x5                             sv_Mepc+4
x11 <- 0x0000000000005000

mem[X,0x0000000080000914] -> 0x8593
mem[X,0x0000000080000916] -> 0x6675
[405] [M]: 0x0000000080000914 (0x66758593) addi x11, x11, 0x667                     sv_Mepc+8
x11 <- 0x0000000000005667

clint mtime 0x00000000000000CB (mip.MTI <- 0b1, mip.STI <- 0b0)
mem[X,0x0000000080000918] -> 0x9593
mem[X,0x000000008000091A] -> 0x0015
[406] [M]: 0x0000000080000918 (0x00159593) slli x11, x11, 0x1                       sv_Mepc+12
x11 <- 0x000000000000ACCE

mem[X,0x000000008000091C] -> 0x9063
mem[X,0x000000008000091E] -> 0x02B1
[407] [M]: 0x000000008000091C (0x02B19063) bne x3, x11, 0x20                        sv_Mepc+16

clint mtime 0x00000000000000CC (mip.MTI <- 0b1, mip.STI <- 0b0)
mem[X,0x000000008000093C] -> 0xF593
mem[X,0x000000008000093E] -> 0xFFC3
[408] [M]: 0x000000008000093C (0xFFC3F593) andi x11, x7, -0x4                       adj_Mepc_rtn+0
x11 <- 0x000000008000048C

mem[X,0x0000000080000940] -> 0x8593
mem[X,0x0000000080000942] -> 0x0085
[409] [M]: 0x0000000080000940 (0x00858593) addi x11, x11, 0x8                       adj_Mepc_rtn+4
x11 <- 0x0000000080000494

clint mtime 0x00000000000000CD (mip.MTI <- 0b1, mip.STI <- 0b0)
mem[X,0x0000000080000944] -> 0x9073
mem[X,0x0000000080000946] -> 0x3415
[410] [M]: 0x0000000080000944 (0x34159073) csrrw x0, mepc, x11                      adj_Mepc_rtn+8
CSR mepc (0x341) <- 0x0000000080000494

mem[X,0x0000000080000948] -> 0x23F3
mem[X,0x000000008000094A] -> 0x3430
[411] [M]: 0x0000000080000948 (0x343023F3) csrrs x7, mtval, x0                      skp_adj_Mepc+0
CSR mtval (0x343) -> 0x000000001802B373
x7 <- 0x000000001802B373

clint mtime 0x00000000000000CE (mip.MTI <- 0b1, mip.STI <- 0b0)
mem[X,0x000000008000094C] -> 0x0413
mem[X,0x000000008000094E] -> 0x0004
[412] [M]: 0x000000008000094C (0x00040413) addi x8, x8, 0x0                         skp_adj_Mepc+4
x8 <- 0x000000008000048D

mem[X,0x0000000080000950] -> 0x006F
mem[X,0x0000000080000952] -> 0x0840
[413] [M]: 0x0000000080000950 (0x0840006F) jal x0, 0x84                             skp_adj_Mepc+8

clint mtime 0x00000000000000CF (mip.MTI <- 0b1, mip.STI <- 0b0)
mem[X,0x00000000800009D4] -> 0x8433
mem[X,0x00000000800009D6] -> 0x4083
[414] [M]: 0x00000000800009D4 (0x40838433) sub x8, x7, x8                           adj_Mtval+0
x8 <- 0xFFFFFFFF9802AEE6

mem[X,0x00000000800009D8] -> 0x3C23
mem[X,0x00000000800009DA] -> 0x0083
[415] [M]: 0x00000000800009D8 (0x00833C23) sd x8, 0x18(x6)                          sv_Mtval+0
mem[W,0x0000000080007350] <- 0xFFFFFFFF9802AEE6

clint mtime 0x00000000000000D0 (mip.MTI <- 0b1, mip.STI <- 0b0)
mem[X,0x00000000800009DC] -> 0x3483
mem[X,0x00000000800009DE] -> 0x2181
[416] [M]: 0x00000000800009DC (0x21813483) ld x9, 0x218(x2)                         skp_Mtval+0
mem[R,0x0000000080003218] -> 0x0000000080007358
x9 <- 0x0000000080007358

mem[X,0x00000000800009E0] -> 0x3383
mem[X,0x00000000800009E2] -> 0x1F81
[417] [M]: 0x00000000800009E0 (0x1F813383) ld x7, 0x1f8(x2)                         skp_Mtval+4
mem[R,0x00000000800031F8] -> 0x0000000080007110
x7 <- 0x0000000080007110

clint mtime 0x00000000000000D1 (mip.MTI <- 0b1, mip.STI <- 0b0)
mem[X,0x00000000800009E4] -> 0x3303
mem[X,0x00000000800009E6] -> 0x2001
[418] [M]: 0x00000000800009E4 (0x20013303) ld x6, 0x200(x2)                         skp_Mtval+8
mem[R,0x0000000080003200] -> 0x0000000000000410
x6 <- 0x0000000000000410

mem[X,0x00000000800009E8] -> 0x0333
mem[X,0x00000000800009EA] -> 0x0073
[419] [M]: 0x00000000800009E8 (0x00730333) add x6, x6, x7                           skp_Mtval+12
x6 <- 0x0000000080007520

clint mtime 0x00000000000000D2 (mip.MTI <- 0b1, mip.STI <- 0b0)
mem[X,0x00000000800009EC] -> 0x68E3
mem[X,0x00000000800009EE] -> 0xAC93
[420] [M]: 0x00000000800009EC (0xAC9368E3) bltu x6, x9, -0x530                      skp_Mtval+16

mem[X,0x00000000800009F0] -> 0x0393
mem[X,0x00000000800009F2] -> 0x2000
[421] [M]: 0x00000000800009F0 (0x20000393) addi x7, x0, 0x200                       skp_Mtval+20
x7 <- 0x0000000000000200

clint mtime 0x00000000000000D3 (mip.MTI <- 0b1, mip.STI <- 0b0)
mem[X,0x00000000800009F4] -> 0x006F
mem[X,0x00000000800009F6] -> 0x0400
[422] [M]: 0x00000000800009F4 (0x0400006F) jal x0, 0x40                             skp_Mtval+24

mem[X,0x0000000080000A34] -> 0x0417
mem[X,0x0000000080000A36] -> 0x0000
[423] [M]: 0x0000000080000A34 (0x00000417) auipc x8, 0x0                            spcl_Mhandler+0
x8 <- 0x0000000080000A34

clint mtime 0x00000000000000D4 (mip.MTI <- 0b1, mip.STI <- 0b0)
mem[X,0x0000000080000A38] -> 0x0413
mem[X,0x0000000080000A3A] -> 0x03C4
[424] [M]: 0x0000000080000A38 (0x03C40413) addi x8, x8, 0x3c                        spcl_Mhandler+4
x8 <- 0x0000000080000A70

mem[X,0x0000000080000A3C] -> 0x0433
mem[X,0x0000000080000A3E] -> 0x0074
[425] [M]: 0x0000000080000A3C (0x00740433) add x8, x8, x7                           spcl_Mhandler+8
x8 <- 0x0000000080000C70

clint mtime 0x00000000000000D5 (mip.MTI <- 0b1, mip.STI <- 0b0)
mem[X,0x0000000080000A40] -> 0x1393
mem[X,0x0000000080000A42] -> 0x0035
[426] [M]: 0x0000000080000A40 (0x00351393) slli x7, x10, 0x3                        spcl_Mhandler+12
x7 <- 0x0000000000000010

mem[X,0x0000000080000A44] -> 0x0433
mem[X,0x0000000080000A46] -> 0x0074
[427] [M]: 0x0000000080000A44 (0x00740433) add x8, x8, x7                           spcl_Mhandler+16
x8 <- 0x0000000080000C80

clint mtime 0x00000000000000D6 (mip.MTI <- 0b1, mip.STI <- 0b0)
mem[X,0x0000000080000A48] -> 0x7413
mem[X,0x0000000080000A4A] -> 0xFF84
[428] [M]: 0x0000000080000A48 (0xFF847413) andi x8, x8, -0x8                        spcl_Mhandler+20
x8 <- 0x0000000080000C80

mem[X,0x0000000080000A4C] -> 0x3403
mem[X,0x0000000080000A4E] -> 0x0004
[429] [M]: 0x0000000080000A4C (0x00043403) ld x8, 0x0(x8)                           spcl_Mhandler+24
mem[R,0x0000000080000C80] -> 0x0000000000000005
x8 <- 0x0000000000000005

clint mtime 0x00000000000000D7 (mip.MTI <- 0b1, mip.STI <- 0b0)
mem[X,0x0000000080000A50] -> 0x00E3
mem[X,0x0000000080000A52] -> 0xB004
[430] [M]: 0x0000000080000A50 (0xB00400E3) beq x8, x0, -0x500                       spcl_Mdispatch_hndling+0

mem[X,0x0000000080000A54] -> 0x1393
mem[X,0x0000000080000A56] -> 0x03F4
[431] [M]: 0x0000000080000A54 (0x03F41393) slli x7, x8, 0x3f                        spcl_Mdispatch_hndling+4
x7 <- 0x8000000000000000

clint mtime 0x00000000000000D8 (mip.MTI <- 0b1, mip.STI <- 0b0)
mem[X,0x0000000080000A58] -> 0xD863
mem[X,0x0000000080000A5A] -> 0x0003
[432] [M]: 0x0000000080000A58 (0x0003D863) bge x7, x0, 0x10                         spcl_Mdispatch_hndling+8

mem[X,0x0000000080000A5C] -> 0x5413
mem[X,0x0000000080000A5E] -> 0x0014
[433] [M]: 0x0000000080000A5C (0x00145413) srli x8, x8, 0x1                         spcl_Mdispatch_hndling+12
x8 <- 0x0000000000000002

clint mtime 0x00000000000000D9 (mip.MTI <- 0b1, mip.STI <- 0b0)
mem[X,0x0000000080000A60] -> 0x0CE3
mem[X,0x0000000080000A62] -> 0xF885
[434] [M]: 0x0000000080000A60 (0xF8850CE3) beq x10, x8, -0x68                       spcl_Mdispatch_hndling+16

mem[X,0x00000000800009F8] -> 0x3303
mem[X,0x00000000800009FA] -> 0x2601
[435] [M]: 0x00000000800009F8 (0x26013303) ld x6, 0x260(x2)                         resto_Mrtn+0
mem[R,0x0000000080003260] -> 0x0000000000000010
x6 <- 0x0000000000000010

clint mtime 0x00000000000000DA (mip.MTI <- 0b1, mip.STI <- 0b0)
mem[X,0x00000000800009FC] -> 0x3383
mem[X,0x00000000800009FE] -> 0x2681
[436] [M]: 0x00000000800009FC (0x26813383) ld x7, 0x268(x2)                         resto_Mrtn+4
mem[R,0x0000000080003268] -> 0x0000000080003000
x7 <- 0x0000000080003000

mem[X,0x0000000080000A00] -> 0x3403
mem[X,0x0000000080000A02] -> 0x2701
[437] [M]: 0x0000000080000A00 (0x27013403) ld x8, 0x270(x2)                         resto_Mrtn+8
mem[R,0x0000000080003270] -> 0x0000000000007F76
x8 <- 0x0000000000007F76

clint mtime 0x00000000000000DB (mip.MTI <- 0b1, mip.STI <- 0b0)
mem[X,0x0000000080000A04] -> 0x3483
mem[X,0x0000000080000A06] -> 0x2781
[438] [M]: 0x0000000080000A04 (0x27813483) ld x9, 0x278(x2)                         resto_Mrtn+12
mem[R,0x0000000080003278] -> 0x0000000000000000
x9 <- 0x0000000000000000

mem[X,0x0000000080000A08] -> 0x3503
mem[X,0x0000000080000A0A] -> 0x2801
[439] [M]: 0x0000000080000A08 (0x28013503) ld x10, 0x280(x2)                        resto_Mrtn+16
mem[R,0x0000000080003280] -> 0x0000000000000001
x10 <- 0x0000000000000001

clint mtime 0x00000000000000DC (mip.MTI <- 0b1, mip.STI <- 0b0)
mem[X,0x0000000080000A0C] -> 0x3583
mem[X,0x0000000080000A0E] -> 0x2881
[440] [M]: 0x0000000080000A0C (0x28813583) ld x11, 0x288(x2)                        resto_Mrtn+20
mem[R,0x0000000080003288] -> 0x0000000000000000
x11 <- 0x0000000000000000

mem[X,0x0000000080000A10] -> 0x3103
mem[X,0x0000000080000A12] -> 0x2901
[441] [M]: 0x0000000080000A10 (0x29013103) ld x2, 0x290(x2)                         resto_Mrtn+24
mem[R,0x0000000080003290] -> 0x01FDDB7D5BFDDB7F
x2 <- 0x01FDDB7D5BFDDB7F

clint mtime 0x00000000000000DD (mip.MTI <- 0b1, mip.STI <- 0b0)
mem[X,0x0000000080000A14] -> 0x0073
mem[X,0x0000000080000A16] -> 0x3020
[442] [M]: 0x0000000080000A14 (0x30200073) mret                                     resto_Mrtn+28
CSR mstatus (0x300) <- 0x0000000A00100080
ret-ing from M to S

mem[X,0x0000000080000494] -> 0x0293
mem[X,0x0000000080000496] -> 0x0010
[443] [S]: 0x0000000080000494 (0x00100293) addi x5, x0, 0x1                         main+180
x5 <- 0x0000000000000001

clint mtime 0x00000000000000DE (mip.MTI <- 0b1, mip.STI <- 0b0)
mem[X,0x0000000080000498] -> 0xA373
mem[X,0x000000008000049A] -> 0x1802
[444] [S]: 0x0000000080000498 (0x1802A373) csrrs x6, satp, x5                       main+184
trapping from S to M to handle illegal-instruction
handling exc#illegal-instruction at priv M with tval 0x000000001802A373
CSR mstatus (0x300) <- 0x0000000A00100800
CSR mcause (0x342) <- 0x0000000000000002
CSR mtval (0x343) <- 0x000000001802A373
CSR mepc (0x341) <- 0x0000000080000498

mem[X,0x00000000800005C0] -> 0x006F
mem[X,0x00000000800005C2] -> 0x1000
[445] [M]: 0x00000000800005C0 (0x1000006F) jal x0, 0x100                            Mtrampoline+0

clint mtime 0x00000000000000DF (mip.MTI <- 0b1, mip.STI <- 0b0)
mem[X,0x00000000800006C0] -> 0x1173
mem[X,0x00000000800006C2] -> 0x3401
[446] [M]: 0x00000000800006C0 (0x34011173) csrrw x2, mscratch, x2                   trap_Mhandler+0
CSR mscratch (0x340) <- 0x01FDDB7D5BFDDB7F
x2 <- 0x0000000080003000

mem[X,0x00000000800006C4] -> 0x3423
mem[X,0x00000000800006C6] -> 0x28B1
[447] [M]: 0x00000000800006C4 (0x28B13423) sd x11, 0x288(x2)                        trap_Mhandler+4
mem[W,0x0000000080003288] <- 0x0000000000000000

clint mtime 0x00000000000000E0 (mip.MTI <- 0b1, mip.STI <- 0b0)
mem[X,0x00000000800006C8] -> 0x05EF
mem[X,0x00000000800006CA] -> 0x0B80
[448] [M]: 0x00000000800006C8 (0x0B8005EF) jal x11, 0xb8                            trap_Mhandler+8
x11 <- 0x00000000800006CC

mem[X,0x0000000080000780] -> 0x3023
mem[X,0x0000000080000782] -> 0x28A1
[449] [M]: 0x0000000080000780 (0x28A13023) sd x10, 0x280(x2)                        common_Mhandler+0
mem[W,0x0000000080003280] <- 0x0000000000000001

clint mtime 0x00000000000000E1 (mip.MTI <- 0b1, mip.STI <- 0b0)
mem[X,0x0000000080000784] -> 0x1573
mem[X,0x0000000080000786] -> 0x3401
[450] [M]: 0x0000000080000784 (0x34011573) csrrw x10, mscratch, x2                  common_Mhandler+4
CSR mscratch (0x340) <- 0x0000000080003000
x10 <- 0x01FDDB7D5BFDDB7F

mem[X,0x0000000080000788] -> 0x3823
mem[X,0x000000008000078A] -> 0x28A1
[451] [M]: 0x0000000080000788 (0x28A13823) sd x10, 0x290(x2)                        common_Mhandler+8
mem[W,0x0000000080003290] <- 0x01FDDB7D5BFDDB7F

clint mtime 0x00000000000000E2 (mip.MTI <- 0b1, mip.STI <- 0b0)
mem[X,0x000000008000078C] -> 0x3503
mem[X,0x000000008000078E] -> 0x2301
[452] [M]: 0x000000008000078C (0x23013503) ld x10, 0x230(x2)                        common_Mhandler+12
mem[R,0x0000000080003230] -> 0x0000000080000794
x10 <- 0x0000000080000794

mem[X,0x0000000080000790] -> 0x0067
mem[X,0x0000000080000792] -> 0x0005
[453] [M]: 0x0000000080000790 (0x00050067) jalr x0, 0x0(x10)                        common_Mhandler+16

clint mtime 0x00000000000000E3 (mip.MTI <- 0b1, mip.STI <- 0b0)
mem[X,0x0000000080000794] -> 0x3C23
mem[X,0x0000000080000796] -> 0x2691
[454] [M]: 0x0000000080000794 (0x26913C23) sd x9, 0x278(x2)                         common_Mentry+0
mem[W,0x0000000080003278] <- 0x0000000000000000

mem[X,0x0000000080000798] -> 0x3823
mem[X,0x000000008000079A] -> 0x2681
[455] [M]: 0x0000000080000798 (0x26813823) sd x8, 0x270(x2)                         common_Mentry+4
mem[W,0x0000000080003270] <- 0x0000000000007F76

clint mtime 0x00000000000000E4 (mip.MTI <- 0b1, mip.STI <- 0b0)
mem[X,0x000000008000079C] -> 0x3423
mem[X,0x000000008000079E] -> 0x2671
[456] [M]: 0x000000008000079C (0x26713423) sd x7, 0x268(x2)                         common_Mentry+8
mem[W,0x0000000080003268] <- 0x0000000080003000

mem[X,0x00000000800007A0] -> 0x3023
mem[X,0x00000000800007A2] -> 0x2661
[457] [M]: 0x00000000800007A0 (0x26613023) sd x6, 0x260(x2)                         common_Mentry+12
mem[W,0x0000000080003260] <- 0x0000000000000010

clint mtime 0x00000000000000E5 (mip.MTI <- 0b1, mip.STI <- 0b0)
mem[X,0x00000000800007A4] -> 0x2573
mem[X,0x00000000800007A6] -> 0x3420
[458] [M]: 0x00000000800007A4 (0x34202573) csrrs x10, mcause, x0                    spcl_M2mmode_test+0
CSR mcause (0x342) -> 0x0000000000000002
x10 <- 0x0000000000000002

mem[X,0x00000000800007A8] -> 0x04B7
mem[X,0x00000000800007AA] -> 0x8000
[459] [M]: 0x00000000800007A8 (0x800004B7) lui x9, -0x80000                         spcl_M2mmode_test+4
x9 <- 0xFFFFFFFF80000000

clint mtime 0x00000000000000E6 (mip.MTI <- 0b1, mip.STI <- 0b0)
mem[X,0x00000000800007AC] -> 0x8493
mem[X,0x00000000800007AE] -> 0x0004
[460] [M]: 0x00000000800007AC (0x00048493) addi x9, x9, 0x0                         spcl_M2mmode_test+8
x9 <- 0xFFFFFFFF80000000

mem[X,0x00000000800007B0] -> 0x9493
mem[X,0x00000000800007B2] -> 0x00B4
[461] [M]: 0x00000000800007B0 (0x00B49493) slli x9, x9, 0xb                         spcl_M2mmode_test+12
x9 <- 0xFFFFFC0000000000

clint mtime 0x00000000000000E7 (mip.MTI <- 0b1, mip.STI <- 0b0)
mem[X,0x00000000800007B4] -> 0x8493
mem[X,0x00000000800007B6] -> 0x0004
[462] [M]: 0x00000000800007B4 (0x00048493) addi x9, x9, 0x0                         spcl_M2mmode_test+16
x9 <- 0xFFFFFC0000000000

mem[X,0x00000000800007B8] -> 0x9493
mem[X,0x00000000800007BA] -> 0x00B4
[463] [M]: 0x00000000800007B8 (0x00B49493) slli x9, x9, 0xb                         spcl_M2mmode_test+20
x9 <- 0xFFE0000000000000

clint mtime 0x00000000000000E8 (mip.MTI <- 0b1, mip.STI <- 0b0)
mem[X,0x00000000800007BC] -> 0x8493
mem[X,0x00000000800007BE] -> 0x0034
[464] [M]: 0x00000000800007BC (0x00348493) addi x9, x9, 0x3                         spcl_M2mmode_test+24
x9 <- 0xFFE0000000000003

mem[X,0x00000000800007C0] -> 0x9493
mem[X,0x00000000800007C2] -> 0x00A4
[465] [M]: 0x00000000800007C0 (0x00A49493) slli x9, x9, 0xa                         spcl_M2mmode_test+28
x9 <- 0x8000000000000C00

clint mtime 0x00000000000000E9 (mip.MTI <- 0b1, mip.STI <- 0b0)
mem[X,0x00000000800007C4] -> 0x8493
mem[X,0x00000000800007C6] -> 0x3FC4
[466] [M]: 0x00000000800007C4 (0x3FC48493) addi x9, x9, 0x3fc                       spcl_M2mmode_test+32
x9 <- 0x8000000000000FFC

mem[X,0x00000000800007C8] -> 0xF4B3
mem[X,0x00000000800007CA] -> 0x00A4
[467] [M]: 0x00000000800007C8 (0x00A4F4B3) and x9, x9, x10                          spcl_M2mmode_test+36
x9 <- 0x0000000000000000

clint mtime 0x00000000000000EA (mip.MTI <- 0b1, mip.STI <- 0b0)
mem[X,0x00000000800007CC] -> 0x8493
mem[X,0x00000000800007CE] -> 0xFF84
[468] [M]: 0x00000000800007CC (0xFF848493) addi x9, x9, -0x8                        spcl_M2mmode_test+40
x9 <- 0xFFFFFFFFFFFFFFF8

mem[X,0x00000000800007D0] -> 0x9663
mem[X,0x00000000800007D2] -> 0x0004
[469] [M]: 0x00000000800007D0 (0x00049663) bne x9, x0, 0xc                          spcl_M2mmode_test+44

clint mtime 0x00000000000000EB (mip.MTI <- 0b1, mip.STI <- 0b0)
mem[X,0x00000000800007DC] -> 0x0393
mem[X,0x00000000800007DE] -> 0x0200
[470] [M]: 0x00000000800007DC (0x02000393) addi x7, x0, 0x20                        Mtrapsig_ptr_upd+0
x7 <- 0x0000000000000020

mem[X,0x00000000800007E0] -> 0x5263
mem[X,0x00000000800007E2] -> 0x0405
[471] [M]: 0x00000000800007E0 (0x04055263) bge x10, x0, 0x44                        Mtrapsig_ptr_upd+4

clint mtime 0x00000000000000EC (mip.MTI <- 0b1, mip.STI <- 0b0)
mem[X,0x0000000080000824] -> 0x2373
mem[X,0x0000000080000826] -> 0x3010
[472] [M]: 0x0000000080000824 (0x30102373) csrrs x6, misa, x0                       Mxcpt_sig_sv+0
CSR misa (0x301) -> 0x800000000034112F
x6 <- 0x800000000034112F

mem[X,0x0000000080000828] -> 0x1313
mem[X,0x000000008000082A] -> 0x0383
[473] [M]: 0x0000000080000828 (0x03831313) slli x6, x6, 0x38                        Mxcpt_sig_sv+4
x6 <- 0x2F00000000000000

clint mtime 0x00000000000000ED (mip.MTI <- 0b1, mip.STI <- 0b0)
mem[X,0x000000008000082C] -> 0x5463
mem[X,0x000000008000082E] -> 0x0003
[474] [M]: 0x000000008000082C (0x00035463) bge x6, x0, 0x8                          Mxcpt_sig_sv+8

mem[X,0x0000000080000834] -> 0x3303
mem[X,0x0000000080000836] -> 0x2181
[475] [M]: 0x0000000080000834 (0x21813303) ld x6, 0x218(x2)                         Mtrap_sig_sv+0
mem[R,0x0000000080003218] -> 0x0000000080007358
x6 <- 0x0000000080007358

clint mtime 0x00000000000000EE (mip.MTI <- 0b1, mip.STI <- 0b0)
mem[X,0x0000000080000838] -> 0x04B3
mem[X,0x000000008000083A] -> 0x0073
[476] [M]: 0x0000000080000838 (0x007304B3) add x9, x6, x7                           Mtrap_sig_sv+4
x9 <- 0x0000000080007378

mem[X,0x000000008000083C] -> 0x3C23
mem[X,0x000000008000083E] -> 0x2091
[477] [M]: 0x000000008000083C (0x20913C23) sd x9, 0x218(x2)                         Mtrap_sig_sv+8
mem[W,0x0000000080003218] <- 0x0000000080007378

clint mtime 0x00000000000000EF (mip.MTI <- 0b1, mip.STI <- 0b0)
mem[X,0x0000000080000840] -> 0x3403
mem[X,0x0000000080000842] -> 0x1F81
[478] [M]: 0x0000000080000840 (0x1F813403) ld x8, 0x1f8(x2)                         Mtrap_sig_sv+12
mem[R,0x00000000800031F8] -> 0x0000000080007110
x8 <- 0x0000000080007110

mem[X,0x0000000080000844] -> 0x0333
mem[X,0x0000000080000846] -> 0x4083
[479] [M]: 0x0000000080000844 (0x40830333) sub x6, x6, x8                           Mtrap_sig_sv+16
x6 <- 0x0000000000000248

clint mtime 0x00000000000000F0 (mip.MTI <- 0b1, mip.STI <- 0b0)
mem[X,0x0000000080000848] -> 0x3403
mem[X,0x000000008000084A] -> 0x1F81
[480] [M]: 0x0000000080000848 (0x1F813403) ld x8, 0x1f8(x2)                         Mtrap_sig_sv+20
mem[R,0x00000000800031F8] -> 0x0000000080007110
x8 <- 0x0000000080007110

mem[X,0x000000008000084C] -> 0x0333
mem[X,0x000000008000084E] -> 0x0083
[481] [M]: 0x000000008000084C (0x00830333) add x6, x6, x8                           Mtrap_sig_sv+24
x6 <- 0x0000000080007358

clint mtime 0x00000000000000F1 (mip.MTI <- 0b1, mip.STI <- 0b0)
mem[X,0x0000000080000850] -> 0x3403
mem[X,0x0000000080000852] -> 0x2401
[482] [M]: 0x0000000080000850 (0x24013403) ld x8, 0x240(x2)                         Mtrap_sig_sv+28
mem[R,0x0000000080003240] -> 0x00000000800005C0
x8 <- 0x00000000800005C0

mem[X,0x0000000080000854] -> 0x85B3
mem[X,0x0000000080000856] -> 0x4085
[483] [M]: 0x0000000080000854 (0x408585B3) sub x11, x11, x8                         sv_Mvect+0
x11 <- 0x000000000000010C

clint mtime 0x00000000000000F2 (mip.MTI <- 0b1, mip.STI <- 0b0)
mem[X,0x0000000080000858] -> 0x9593
mem[X,0x000000008000085A] -> 0x0045
[484] [M]: 0x0000000080000858 (0x00459593) slli x11, x11, 0x4                       sv_Mvect+4
x11 <- 0x00000000000010C0

mem[X,0x000000008000085C] -> 0xE5B3
mem[X,0x000000008000085E] -> 0x0075
[485] [M]: 0x000000008000085C (0x0075E5B3) or x11, x11, x7                          sv_Mvect+8
x11 <- 0x00000000000010E0

clint mtime 0x00000000000000F3 (mip.MTI <- 0b1, mip.STI <- 0b0)
mem[X,0x0000000080000860] -> 0x8593
mem[X,0x0000000080000862] -> 0x0035
[486] [M]: 0x0000000080000860 (0x00358593) addi x11, x11, 0x3                       sv_Mvect+12
x11 <- 0x00000000000010E3

mem[X,0x0000000080000864] -> 0x3023
mem[X,0x0000000080000866] -> 0x00B3
[487] [M]: 0x0000000080000864 (0x00B33023) sd x11, 0x0(x6)                          sv_Mvect+16
mem[W,0x0000000080007358] <- 0x00000000000010E3

clint mtime 0x00000000000000F4 (mip.MTI <- 0b1, mip.STI <- 0b0)
mem[X,0x0000000080000868] -> 0x3423
mem[X,0x000000008000086A] -> 0x00A3
[488] [M]: 0x0000000080000868 (0x00A33423) sd x10, 0x8(x6)                          sv_Mcause+0
mem[W,0x0000000080007360] <- 0x0000000000000002

mem[X,0x000000008000086C] -> 0x4663
mem[X,0x000000008000086E] -> 0x1A05
[489] [M]: 0x000000008000086C (0x1A054663) blt x10, x0, 0x1ac                       sv_Mcause+4

clint mtime 0x00000000000000F5 (mip.MTI <- 0b1, mip.STI <- 0b0)
mem[X,0x0000000080000870] -> 0x25F3
mem[X,0x0000000080000872] -> 0x3000
[490] [M]: 0x0000000080000870 (0x300025F3) csrrs x11, mstatus, x0                   common_Mexcpt_handler+0
CSR mstatus (0x300) -> 0x0000000A00100800
x11 <- 0x0000000A00100800

mem[X,0x0000000080000874] -> 0x9413
mem[X,0x0000000080000876] -> 0x02E5
[491] [M]: 0x0000000080000874 (0x02E59413) slli x8, x11, 0x2e                       common_Mexcpt_handler+4
x8 <- 0x0200000000000000

clint mtime 0x00000000000000F6 (mip.MTI <- 0b1, mip.STI <- 0b0)
mem[X,0x0000000080000878] -> 0x5463
mem[X,0x000000008000087A] -> 0x0004
[492] [M]: 0x0000000080000878 (0x00045463) bge x8, x0, 0x8                          common_Mexcpt_handler+8

mem[X,0x0000000080000880] -> 0xD493
mem[X,0x0000000080000882] -> 0x00B5
[493] [M]: 0x0000000080000880 (0x00B5D493) srli x9, x11, 0xb                        common_Mexcpt_handler+16
x9 <- 0x0000000001400201

clint mtime 0x00000000000000F7 (mip.MTI <- 0b1, mip.STI <- 0b0)
mem[X,0x0000000080000884] -> 0xF493
mem[X,0x0000000080000886] -> 0x0034
[494] [M]: 0x0000000080000884 (0x0034F493) andi x9, x9, 0x3                         common_Mexcpt_handler+20
x9 <- 0x0000000000000001

mem[X,0x0000000080000888] -> 0x8493
mem[X,0x000000008000088A] -> 0x0014
[495] [M]: 0x0000000080000888 (0x00148493) addi x9, x9, 0x1                         common_Mexcpt_handler+24
x9 <- 0x0000000000000002

clint mtime 0x00000000000000F8 (mip.MTI <- 0b1, mip.STI <- 0b0)
mem[X,0x000000008000088C] -> 0xF493
mem[X,0x000000008000088E] -> 0x0044
[496] [M]: 0x000000008000088C (0x0044F493) andi x9, x9, 0x4                         common_Mexcpt_handler+28
x9 <- 0x0000000000000000

mem[X,0x0000000080000890] -> 0x0593
mem[X,0x0000000080000892] -> 0x05D0
[497] [M]: 0x0000000080000890 (0x05D00593) addi x11, x0, 0x5d                       common_Mexcpt_handler+32
x11 <- 0x000000000000005D

clint mtime 0x00000000000000F9 (mip.MTI <- 0b1, mip.STI <- 0b0)
mem[X,0x0000000080000894] -> 0xD5B3
mem[X,0x0000000080000896] -> 0x0095
[498] [M]: 0x0000000080000894 (0x0095D5B3) srl x11, x11, x9                         common_Mexcpt_handler+36
x11 <- 0x000000000000005D

mem[X,0x0000000080000898] -> 0xF593
mem[X,0x000000008000089A] -> 0x0015
[499] [M]: 0x0000000080000898 (0x0015F593) andi x11, x11, 0x1                       common_Mexcpt_handler+40
x11 <- 0x0000000000000001

clint mtime 0x00000000000000FA (mip.MTI <- 0b1, mip.STI <- 0b0)
mem[X,0x000000008000089C] -> 0x8EE3
mem[X,0x000000008000089E] -> 0xF405
[500] [M]: 0x000000008000089C (0xF4058EE3) beq x11, x0, -0xa4                       common_Mexcpt_handler+44

mem[X,0x00000000800008A0] -> 0x0593
mem[X,0x00000000800008A2] -> 0x2980
[501] [M]: 0x00000000800008A0 (0x29800593) addi x11, x0, 0x298                      common_Mexcpt_handler+48
x11 <- 0x0000000000000298

clint mtime 0x00000000000000FB (mip.MTI <- 0b1, mip.STI <- 0b0)
mem[X,0x00000000800008A4] -> 0xF413
mem[X,0x00000000800008A6] -> 0x0014
[502] [M]: 0x00000000800008A4 (0x0014F413) andi x8, x9, 0x1                         common_Mexcpt_handler+52
x8 <- 0x0000000000000000

mem[X,0x00000000800008A8] -> 0x95B3
mem[X,0x00000000800008AA] -> 0x0085
[503] [M]: 0x00000000800008A8 (0x008595B3) sll x11, x11, x8                         common_Mexcpt_handler+56
x11 <- 0x0000000000000298

clint mtime 0x00000000000000FC (mip.MTI <- 0b1, mip.STI <- 0b0)
mem[X,0x00000000800008AC] -> 0x9413
mem[X,0x00000000800008AE] -> 0x03D4
[504] [M]: 0x00000000800008AC (0x03D49413) slli x8, x9, 0x3d                        common_Mexcpt_handler+60
x8 <- 0x0000000000000000

mem[X,0x00000000800008B0] -> 0x5413
mem[X,0x00000000800008B2] -> 0x43F4
[505] [M]: 0x00000000800008B0 (0x43F45413) srai x8, x8, 0x3f                        common_Mexcpt_handler+64
x8 <- 0x0000000000000000

clint mtime 0x00000000000000FD (mip.MTI <- 0b1, mip.STI <- 0b0)
mem[X,0x00000000800008B4] -> 0x4413
mem[X,0x00000000800008B6] -> 0xFFF4
[506] [M]: 0x00000000800008B4 (0xFFF44413) xori x8, x8, -0x1                        common_Mexcpt_handler+68
x8 <- 0xFFFFFFFFFFFFFFFF

mem[X,0x00000000800008B8] -> 0xF4B3
mem[X,0x00000000800008BA] -> 0x0085
[507] [M]: 0x00000000800008B8 (0x0085F4B3) and x9, x11, x8                          common_Mexcpt_handler+72
x9 <- 0x0000000000000298

clint mtime 0x00000000000000FE (mip.MTI <- 0b1, mip.STI <- 0b0)
mem[X,0x00000000800008BC] -> 0x84B3
mem[X,0x00000000800008BE] -> 0x0024
[508] [M]: 0x00000000800008BC (0x002484B3) add x9, x9, x2                           vmem_adj_Mepc+0
x9 <- 0x0000000080003298

mem[X,0x00000000800008C0] -> 0x23F3
mem[X,0x00000000800008C2] -> 0x3410
[509] [M]: 0x00000000800008C0 (0x341023F3) csrrs x7, mepc, x0                       vmem_adj_Mepc+4
CSR mepc (0x341) -> 0x0000000080000498
x7 <- 0x0000000080000498

clint mtime 0x00000000000000FF (mip.MTI <- 0b1, mip.STI <- 0b0)
mem[X,0x00000000800008C4] -> 0x0413
mem[X,0x00000000800008C6] -> 0x0004
[510] [M]: 0x00000000800008C4 (0x00040413) addi x8, x8, 0x0                         vmem_adj_Mepc+8
x8 <- 0xFFFFFFFFFFFFFFFF

mem[X,0x00000000800008C8] -> 0x006F
mem[X,0x00000000800008CA] -> 0x0400
[511] [M]: 0x00000000800008C8 (0x0400006F) jal x0, 0x40                             vmem_adj_Mepc+12

clint mtime 0x0000000000000100 (mip.MTI <- 0b1, mip.STI <- 0b0)
mem[X,0x0000000080000908] -> 0x8433
mem[X,0x000000008000090A] -> 0x4083
[512] [M]: 0x0000000080000908 (0x40838433) sub x8, x7, x8                           adj_Mepc+0
x8 <- 0x0000000080000499

mem[X,0x000000008000090C] -> 0x3823
mem[X,0x000000008000090E] -> 0x0083
[513] [M]: 0x000000008000090C (0x00833823) sd x8, 0x10(x6)                          sv_Mepc+0
mem[W,0x0000000080007368] <- 0x0000000080000499

clint mtime 0x0000000000000101 (mip.MTI <- 0b1, mip.STI <- 0b0)
mem[X,0x0000000080000910] -> 0x55B7
mem[X,0x0000000080000912] -> 0x0000
[514] [M]: 0x0000000080000910 (0x000055B7) lui x11, 0x5                             sv_Mepc+4
x11 <- 0x0000000000005000

mem[X,0x0000000080000914] -> 0x8593
mem[X,0x0000000080000916] -> 0x6675
[515] [M]: 0x0000000080000914 (0x66758593) addi x11, x11, 0x667                     sv_Mepc+8
x11 <- 0x0000000000005667

clint mtime 0x0000000000000102 (mip.MTI <- 0b1, mip.STI <- 0b0)
mem[X,0x0000000080000918] -> 0x9593
mem[X,0x000000008000091A] -> 0x0015
[516] [M]: 0x0000000080000918 (0x00159593) slli x11, x11, 0x1                       sv_Mepc+12
x11 <- 0x000000000000ACCE

mem[X,0x000000008000091C] -> 0x9063
mem[X,0x000000008000091E] -> 0x02B1
[517] [M]: 0x000000008000091C (0x02B19063) bne x3, x11, 0x20                        sv_Mepc+16

clint mtime 0x0000000000000103 (mip.MTI <- 0b1, mip.STI <- 0b0)
mem[X,0x000000008000093C] -> 0xF593
mem[X,0x000000008000093E] -> 0xFFC3
[518] [M]: 0x000000008000093C (0xFFC3F593) andi x11, x7, -0x4                       adj_Mepc_rtn+0
x11 <- 0x0000000080000498

mem[X,0x0000000080000940] -> 0x8593
mem[X,0x0000000080000942] -> 0x0085
[519] [M]: 0x0000000080000940 (0x00858593) addi x11, x11, 0x8                       adj_Mepc_rtn+4
x11 <- 0x00000000800004A0

clint mtime 0x0000000000000104 (mip.MTI <- 0b1, mip.STI <- 0b0)
mem[X,0x0000000080000944] -> 0x9073
mem[X,0x0000000080000946] -> 0x3415
[520] [M]: 0x0000000080000944 (0x34159073) csrrw x0, mepc, x11                      adj_Mepc_rtn+8
CSR mepc (0x341) <- 0x00000000800004A0

mem[X,0x0000000080000948] -> 0x23F3
mem[X,0x000000008000094A] -> 0x3430
[521] [M]: 0x0000000080000948 (0x343023F3) csrrs x7, mtval, x0                      skp_adj_Mepc+0
CSR mtval (0x343) -> 0x000000001802A373
x7 <- 0x000000001802A373

clint mtime 0x0000000000000105 (mip.MTI <- 0b1, mip.STI <- 0b0)
mem[X,0x000000008000094C] -> 0x0413
mem[X,0x000000008000094E] -> 0x0004
[522] [M]: 0x000000008000094C (0x00040413) addi x8, x8, 0x0                         skp_adj_Mepc+4
x8 <- 0x0000000080000499

mem[X,0x0000000080000950] -> 0x006F
mem[X,0x0000000080000952] -> 0x0840
[523] [M]: 0x0000000080000950 (0x0840006F) jal x0, 0x84                             skp_adj_Mepc+8

clint mtime 0x0000000000000106 (mip.MTI <- 0b1, mip.STI <- 0b0)
mem[X,0x00000000800009D4] -> 0x8433
mem[X,0x00000000800009D6] -> 0x4083
[524] [M]: 0x00000000800009D4 (0x40838433) sub x8, x7, x8                           adj_Mtval+0
x8 <- 0xFFFFFFFF98029EDA

mem[X,0x00000000800009D8] -> 0x3C23
mem[X,0x00000000800009DA] -> 0x0083
[525] [M]: 0x00000000800009D8 (0x00833C23) sd x8, 0x18(x6)                          sv_Mtval+0
mem[W,0x0000000080007370] <- 0xFFFFFFFF98029EDA

clint mtime 0x0000000000000107 (mip.MTI <- 0b1, mip.STI <- 0b0)
mem[X,0x00000000800009DC] -> 0x3483
mem[X,0x00000000800009DE] -> 0x2181
[526] [M]: 0x00000000800009DC (0x21813483) ld x9, 0x218(x2)                         skp_Mtval+0
mem[R,0x0000000080003218] -> 0x0000000080007378
x9 <- 0x0000000080007378

mem[X,0x00000000800009E0] -> 0x3383
mem[X,0x00000000800009E2] -> 0x1F81
[527] [M]: 0x00000000800009E0 (0x1F813383) ld x7, 0x1f8(x2)                         skp_Mtval+4
mem[R,0x00000000800031F8] -> 0x0000000080007110
x7 <- 0x0000000080007110

clint mtime 0x0000000000000108 (mip.MTI <- 0b1, mip.STI <- 0b0)
mem[X,0x00000000800009E4] -> 0x3303
mem[X,0x00000000800009E6] -> 0x2001
[528] [M]: 0x00000000800009E4 (0x20013303) ld x6, 0x200(x2)                         skp_Mtval+8
mem[R,0x0000000080003200] -> 0x0000000000000410
x6 <- 0x0000000000000410

mem[X,0x00000000800009E8] -> 0x0333
mem[X,0x00000000800009EA] -> 0x0073
[529] [M]: 0x00000000800009E8 (0x00730333) add x6, x6, x7                           skp_Mtval+12
x6 <- 0x0000000080007520

clint mtime 0x0000000000000109 (mip.MTI <- 0b1, mip.STI <- 0b0)
mem[X,0x00000000800009EC] -> 0x68E3
mem[X,0x00000000800009EE] -> 0xAC93
[530] [M]: 0x00000000800009EC (0xAC9368E3) bltu x6, x9, -0x530                      skp_Mtval+16

mem[X,0x00000000800009F0] -> 0x0393
mem[X,0x00000000800009F2] -> 0x2000
[531] [M]: 0x00000000800009F0 (0x20000393) addi x7, x0, 0x200                       skp_Mtval+20
x7 <- 0x0000000000000200

clint mtime 0x000000000000010A (mip.MTI <- 0b1, mip.STI <- 0b0)
mem[X,0x00000000800009F4] -> 0x006F
mem[X,0x00000000800009F6] -> 0x0400
[532] [M]: 0x00000000800009F4 (0x0400006F) jal x0, 0x40                             skp_Mtval+24

mem[X,0x0000000080000A34] -> 0x0417
mem[X,0x0000000080000A36] -> 0x0000
[533] [M]: 0x0000000080000A34 (0x00000417) auipc x8, 0x0                            spcl_Mhandler+0
x8 <- 0x0000000080000A34

clint mtime 0x000000000000010B (mip.MTI <- 0b1, mip.STI <- 0b0)
mem[X,0x0000000080000A38] -> 0x0413
mem[X,0x0000000080000A3A] -> 0x03C4
[534] [M]: 0x0000000080000A38 (0x03C40413) addi x8, x8, 0x3c                        spcl_Mhandler+4
x8 <- 0x0000000080000A70

mem[X,0x0000000080000A3C] -> 0x0433
mem[X,0x0000000080000A3E] -> 0x0074
[535] [M]: 0x0000000080000A3C (0x00740433) add x8, x8, x7                           spcl_Mhandler+8
x8 <- 0x0000000080000C70

clint mtime 0x000000000000010C (mip.MTI <- 0b1, mip.STI <- 0b0)
mem[X,0x0000000080000A40] -> 0x1393
mem[X,0x0000000080000A42] -> 0x0035
[536] [M]: 0x0000000080000A40 (0x00351393) slli x7, x10, 0x3                        spcl_Mhandler+12
x7 <- 0x0000000000000010

mem[X,0x0000000080000A44] -> 0x0433
mem[X,0x0000000080000A46] -> 0x0074
[537] [M]: 0x0000000080000A44 (0x00740433) add x8, x8, x7                           spcl_Mhandler+16
x8 <- 0x0000000080000C80

clint mtime 0x000000000000010D (mip.MTI <- 0b1, mip.STI <- 0b0)
mem[X,0x0000000080000A48] -> 0x7413
mem[X,0x0000000080000A4A] -> 0xFF84
[538] [M]: 0x0000000080000A48 (0xFF847413) andi x8, x8, -0x8                        spcl_Mhandler+20
x8 <- 0x0000000080000C80

mem[X,0x0000000080000A4C] -> 0x3403
mem[X,0x0000000080000A4E] -> 0x0004
[539] [M]: 0x0000000080000A4C (0x00043403) ld x8, 0x0(x8)                           spcl_Mhandler+24
mem[R,0x0000000080000C80] -> 0x0000000000000005
x8 <- 0x0000000000000005

clint mtime 0x000000000000010E (mip.MTI <- 0b1, mip.STI <- 0b0)
mem[X,0x0000000080000A50] -> 0x00E3
mem[X,0x0000000080000A52] -> 0xB004
[540] [M]: 0x0000000080000A50 (0xB00400E3) beq x8, x0, -0x500                       spcl_Mdispatch_hndling+0

mem[X,0x0000000080000A54] -> 0x1393
mem[X,0x0000000080000A56] -> 0x03F4
[541] [M]: 0x0000000080000A54 (0x03F41393) slli x7, x8, 0x3f                        spcl_Mdispatch_hndling+4
x7 <- 0x8000000000000000

clint mtime 0x000000000000010F (mip.MTI <- 0b1, mip.STI <- 0b0)
mem[X,0x0000000080000A58] -> 0xD863
mem[X,0x0000000080000A5A] -> 0x0003
[542] [M]: 0x0000000080000A58 (0x0003D863) bge x7, x0, 0x10                         spcl_Mdispatch_hndling+8

mem[X,0x0000000080000A5C] -> 0x5413
mem[X,0x0000000080000A5E] -> 0x0014
[543] [M]: 0x0000000080000A5C (0x00145413) srli x8, x8, 0x1                         spcl_Mdispatch_hndling+12
x8 <- 0x0000000000000002

clint mtime 0x0000000000000110 (mip.MTI <- 0b1, mip.STI <- 0b0)
mem[X,0x0000000080000A60] -> 0x0CE3
mem[X,0x0000000080000A62] -> 0xF885
[544] [M]: 0x0000000080000A60 (0xF8850CE3) beq x10, x8, -0x68                       spcl_Mdispatch_hndling+16

mem[X,0x00000000800009F8] -> 0x3303
mem[X,0x00000000800009FA] -> 0x2601
[545] [M]: 0x00000000800009F8 (0x26013303) ld x6, 0x260(x2)                         resto_Mrtn+0
mem[R,0x0000000080003260] -> 0x0000000000000010
x6 <- 0x0000000000000010

clint mtime 0x0000000000000111 (mip.MTI <- 0b1, mip.STI <- 0b0)
mem[X,0x00000000800009FC] -> 0x3383
mem[X,0x00000000800009FE] -> 0x2681
[546] [M]: 0x00000000800009FC (0x26813383) ld x7, 0x268(x2)                         resto_Mrtn+4
mem[R,0x0000000080003268] -> 0x0000000080003000
x7 <- 0x0000000080003000

mem[X,0x0000000080000A00] -> 0x3403
mem[X,0x0000000080000A02] -> 0x2701
[547] [M]: 0x0000000080000A00 (0x27013403) ld x8, 0x270(x2)                         resto_Mrtn+8
mem[R,0x0000000080003270] -> 0x0000000000007F76
x8 <- 0x0000000000007F76

clint mtime 0x0000000000000112 (mip.MTI <- 0b1, mip.STI <- 0b0)
mem[X,0x0000000080000A04] -> 0x3483
mem[X,0x0000000080000A06] -> 0x2781
[548] [M]: 0x0000000080000A04 (0x27813483) ld x9, 0x278(x2)                         resto_Mrtn+12
mem[R,0x0000000080003278] -> 0x0000000000000000
x9 <- 0x0000000000000000

mem[X,0x0000000080000A08] -> 0x3503
mem[X,0x0000000080000A0A] -> 0x2801
[549] [M]: 0x0000000080000A08 (0x28013503) ld x10, 0x280(x2)                        resto_Mrtn+16
mem[R,0x0000000080003280] -> 0x0000000000000001
x10 <- 0x0000000000000001

clint mtime 0x0000000000000113 (mip.MTI <- 0b1, mip.STI <- 0b0)
mem[X,0x0000000080000A0C] -> 0x3583
mem[X,0x0000000080000A0E] -> 0x2881
[550] [M]: 0x0000000080000A0C (0x28813583) ld x11, 0x288(x2)                        resto_Mrtn+20
mem[R,0x0000000080003288] -> 0x0000000000000000
x11 <- 0x0000000000000000

mem[X,0x0000000080000A10] -> 0x3103
mem[X,0x0000000080000A12] -> 0x2901
[551] [M]: 0x0000000080000A10 (0x29013103) ld x2, 0x290(x2)                         resto_Mrtn+24
mem[R,0x0000000080003290] -> 0x01FDDB7D5BFDDB7F
x2 <- 0x01FDDB7D5BFDDB7F

clint mtime 0x0000000000000114 (mip.MTI <- 0b1, mip.STI <- 0b0)
mem[X,0x0000000080000A14] -> 0x0073
mem[X,0x0000000080000A16] -> 0x3020
[552] [M]: 0x0000000080000A14 (0x30200073) mret                                     resto_Mrtn+28
CSR mstatus (0x300) <- 0x0000000A00100080
ret-ing from M to S

mem[X,0x00000000800004A0] -> 0x0073
mem[X,0x00000000800004A2] -> 0x1200
[553] [S]: 0x00000000800004A0 (0x12000073) sfence.vma x0, x0                        main+192
trapping from S to M to handle illegal-instruction
handling exc#illegal-instruction at priv M with tval 0x0000000012000073
CSR mstatus (0x300) <- 0x0000000A00100800
CSR mcause (0x342) <- 0x0000000000000002
CSR mtval (0x343) <- 0x0000000012000073
CSR mepc (0x341) <- 0x00000000800004A0

clint mtime 0x0000000000000115 (mip.MTI <- 0b1, mip.STI <- 0b0)
mem[X,0x00000000800005C0] -> 0x006F
mem[X,0x00000000800005C2] -> 0x1000
[554] [M]: 0x00000000800005C0 (0x1000006F) jal x0, 0x100                            Mtrampoline+0

mem[X,0x00000000800006C0] -> 0x1173
mem[X,0x00000000800006C2] -> 0x3401
[555] [M]: 0x00000000800006C0 (0x34011173) csrrw x2, mscratch, x2                   trap_Mhandler+0
CSR mscratch (0x340) <- 0x01FDDB7D5BFDDB7F
x2 <- 0x0000000080003000

clint mtime 0x0000000000000116 (mip.MTI <- 0b1, mip.STI <- 0b0)
mem[X,0x00000000800006C4] -> 0x3423
mem[X,0x00000000800006C6] -> 0x28B1
[556] [M]: 0x00000000800006C4 (0x28B13423) sd x11, 0x288(x2)                        trap_Mhandler+4
mem[W,0x0000000080003288] <- 0x0000000000000000

mem[X,0x00000000800006C8] -> 0x05EF
mem[X,0x00000000800006CA] -> 0x0B80
[557] [M]: 0x00000000800006C8 (0x0B8005EF) jal x11, 0xb8                            trap_Mhandler+8
x11 <- 0x00000000800006CC

clint mtime 0x0000000000000117 (mip.MTI <- 0b1, mip.STI <- 0b0)
mem[X,0x0000000080000780] -> 0x3023
mem[X,0x0000000080000782] -> 0x28A1
[558] [M]: 0x0000000080000780 (0x28A13023) sd x10, 0x280(x2)                        common_Mhandler+0
mem[W,0x0000000080003280] <- 0x0000000000000001

mem[X,0x0000000080000784] -> 0x1573
mem[X,0x0000000080000786] -> 0x3401
[559] [M]: 0x0000000080000784 (0x34011573) csrrw x10, mscratch, x2                  common_Mhandler+4
CSR mscratch (0x340) <- 0x0000000080003000
x10 <- 0x01FDDB7D5BFDDB7F

clint mtime 0x0000000000000118 (mip.MTI <- 0b1, mip.STI <- 0b0)
mem[X,0x0000000080000788] -> 0x3823
mem[X,0x000000008000078A] -> 0x28A1
[560] [M]: 0x0000000080000788 (0x28A13823) sd x10, 0x290(x2)                        common_Mhandler+8
mem[W,0x0000000080003290] <- 0x01FDDB7D5BFDDB7F

mem[X,0x000000008000078C] -> 0x3503
mem[X,0x000000008000078E] -> 0x2301
[561] [M]: 0x000000008000078C (0x23013503) ld x10, 0x230(x2)                        common_Mhandler+12
mem[R,0x0000000080003230] -> 0x0000000080000794
x10 <- 0x0000000080000794

clint mtime 0x0000000000000119 (mip.MTI <- 0b1, mip.STI <- 0b0)
mem[X,0x0000000080000790] -> 0x0067
mem[X,0x0000000080000792] -> 0x0005
[562] [M]: 0x0000000080000790 (0x00050067) jalr x0, 0x0(x10)                        common_Mhandler+16

mem[X,0x0000000080000794] -> 0x3C23
mem[X,0x0000000080000796] -> 0x2691
[563] [M]: 0x0000000080000794 (0x26913C23) sd x9, 0x278(x2)                         common_Mentry+0
mem[W,0x0000000080003278] <- 0x0000000000000000

clint mtime 0x000000000000011A (mip.MTI <- 0b1, mip.STI <- 0b0)
mem[X,0x0000000080000798] -> 0x3823
mem[X,0x000000008000079A] -> 0x2681
[564] [M]: 0x0000000080000798 (0x26813823) sd x8, 0x270(x2)                         common_Mentry+4
mem[W,0x0000000080003270] <- 0x0000000000007F76

mem[X,0x000000008000079C] -> 0x3423
mem[X,0x000000008000079E] -> 0x2671
[565] [M]: 0x000000008000079C (0x26713423) sd x7, 0x268(x2)                         common_Mentry+8
mem[W,0x0000000080003268] <- 0x0000000080003000

clint mtime 0x000000000000011B (mip.MTI <- 0b1, mip.STI <- 0b0)
mem[X,0x00000000800007A0] -> 0x3023
mem[X,0x00000000800007A2] -> 0x2661
[566] [M]: 0x00000000800007A0 (0x26613023) sd x6, 0x260(x2)                         common_Mentry+12
mem[W,0x0000000080003260] <- 0x0000000000000010

mem[X,0x00000000800007A4] -> 0x2573
mem[X,0x00000000800007A6] -> 0x3420
[567] [M]: 0x00000000800007A4 (0x34202573) csrrs x10, mcause, x0                    spcl_M2mmode_test+0
CSR mcause (0x342) -> 0x0000000000000002
x10 <- 0x0000000000000002

clint mtime 0x000000000000011C (mip.MTI <- 0b1, mip.STI <- 0b0)
mem[X,0x00000000800007A8] -> 0x04B7
mem[X,0x00000000800007AA] -> 0x8000
[568] [M]: 0x00000000800007A8 (0x800004B7) lui x9, -0x80000                         spcl_M2mmode_test+4
x9 <- 0xFFFFFFFF80000000

mem[X,0x00000000800007AC] -> 0x8493
mem[X,0x00000000800007AE] -> 0x0004
[569] [M]: 0x00000000800007AC (0x00048493) addi x9, x9, 0x0                         spcl_M2mmode_test+8
x9 <- 0xFFFFFFFF80000000

clint mtime 0x000000000000011D (mip.MTI <- 0b1, mip.STI <- 0b0)
mem[X,0x00000000800007B0] -> 0x9493
mem[X,0x00000000800007B2] -> 0x00B4
[570] [M]: 0x00000000800007B0 (0x00B49493) slli x9, x9, 0xb                         spcl_M2mmode_test+12
x9 <- 0xFFFFFC0000000000

mem[X,0x00000000800007B4] -> 0x8493
mem[X,0x00000000800007B6] -> 0x0004
[571] [M]: 0x00000000800007B4 (0x00048493) addi x9, x9, 0x0                         spcl_M2mmode_test+16
x9 <- 0xFFFFFC0000000000

clint mtime 0x000000000000011E (mip.MTI <- 0b1, mip.STI <- 0b0)
mem[X,0x00000000800007B8] -> 0x9493
mem[X,0x00000000800007BA] -> 0x00B4
[572] [M]: 0x00000000800007B8 (0x00B49493) slli x9, x9, 0xb                         spcl_M2mmode_test+20
x9 <- 0xFFE0000000000000

mem[X,0x00000000800007BC] -> 0x8493
mem[X,0x00000000800007BE] -> 0x0034
[573] [M]: 0x00000000800007BC (0x00348493) addi x9, x9, 0x3                         spcl_M2mmode_test+24
x9 <- 0xFFE0000000000003

clint mtime 0x000000000000011F (mip.MTI <- 0b1, mip.STI <- 0b0)
mem[X,0x00000000800007C0] -> 0x9493
mem[X,0x00000000800007C2] -> 0x00A4
[574] [M]: 0x00000000800007C0 (0x00A49493) slli x9, x9, 0xa                         spcl_M2mmode_test+28
x9 <- 0x8000000000000C00

mem[X,0x00000000800007C4] -> 0x8493
mem[X,0x00000000800007C6] -> 0x3FC4
[575] [M]: 0x00000000800007C4 (0x3FC48493) addi x9, x9, 0x3fc                       spcl_M2mmode_test+32
x9 <- 0x8000000000000FFC

clint mtime 0x0000000000000120 (mip.MTI <- 0b1, mip.STI <- 0b0)
mem[X,0x00000000800007C8] -> 0xF4B3
mem[X,0x00000000800007CA] -> 0x00A4
[576] [M]: 0x00000000800007C8 (0x00A4F4B3) and x9, x9, x10                          spcl_M2mmode_test+36
x9 <- 0x0000000000000000

mem[X,0x00000000800007CC] -> 0x8493
mem[X,0x00000000800007CE] -> 0xFF84
[577] [M]: 0x00000000800007CC (0xFF848493) addi x9, x9, -0x8                        spcl_M2mmode_test+40
x9 <- 0xFFFFFFFFFFFFFFF8

clint mtime 0x0000000000000121 (mip.MTI <- 0b1, mip.STI <- 0b0)
mem[X,0x00000000800007D0] -> 0x9663
mem[X,0x00000000800007D2] -> 0x0004
[578] [M]: 0x00000000800007D0 (0x00049663) bne x9, x0, 0xc                          spcl_M2mmode_test+44

mem[X,0x00000000800007DC] -> 0x0393
mem[X,0x00000000800007DE] -> 0x0200
[579] [M]: 0x00000000800007DC (0x02000393) addi x7, x0, 0x20                        Mtrapsig_ptr_upd+0
x7 <- 0x0000000000000020

clint mtime 0x0000000000000122 (mip.MTI <- 0b1, mip.STI <- 0b0)
mem[X,0x00000000800007E0] -> 0x5263
mem[X,0x00000000800007E2] -> 0x0405
[580] [M]: 0x00000000800007E0 (0x04055263) bge x10, x0, 0x44                        Mtrapsig_ptr_upd+4

mem[X,0x0000000080000824] -> 0x2373
mem[X,0x0000000080000826] -> 0x3010
[581] [M]: 0x0000000080000824 (0x30102373) csrrs x6, misa, x0                       Mxcpt_sig_sv+0
CSR misa (0x301) -> 0x800000000034112F
x6 <- 0x800000000034112F

clint mtime 0x0000000000000123 (mip.MTI <- 0b1, mip.STI <- 0b0)
mem[X,0x0000000080000828] -> 0x1313
mem[X,0x000000008000082A] -> 0x0383
[582] [M]: 0x0000000080000828 (0x03831313) slli x6, x6, 0x38                        Mxcpt_sig_sv+4
x6 <- 0x2F00000000000000

mem[X,0x000000008000082C] -> 0x5463
mem[X,0x000000008000082E] -> 0x0003
[583] [M]: 0x000000008000082C (0x00035463) bge x6, x0, 0x8                          Mxcpt_sig_sv+8

clint mtime 0x0000000000000124 (mip.MTI <- 0b1, mip.STI <- 0b0)
mem[X,0x0000000080000834] -> 0x3303
mem[X,0x0000000080000836] -> 0x2181
[584] [M]: 0x0000000080000834 (0x21813303) ld x6, 0x218(x2)                         Mtrap_sig_sv+0
mem[R,0x0000000080003218] -> 0x0000000080007378
x6 <- 0x0000000080007378

mem[X,0x0000000080000838] -> 0x04B3
mem[X,0x000000008000083A] -> 0x0073
[585] [M]: 0x0000000080000838 (0x007304B3) add x9, x6, x7                           Mtrap_sig_sv+4
x9 <- 0x0000000080007398

clint mtime 0x0000000000000125 (mip.MTI <- 0b1, mip.STI <- 0b0)
mem[X,0x000000008000083C] -> 0x3C23
mem[X,0x000000008000083E] -> 0x2091
[586] [M]: 0x000000008000083C (0x20913C23) sd x9, 0x218(x2)                         Mtrap_sig_sv+8
mem[W,0x0000000080003218] <- 0x0000000080007398

mem[X,0x0000000080000840] -> 0x3403
mem[X,0x0000000080000842] -> 0x1F81
[587] [M]: 0x0000000080000840 (0x1F813403) ld x8, 0x1f8(x2)                         Mtrap_sig_sv+12
mem[R,0x00000000800031F8] -> 0x0000000080007110
x8 <- 0x0000000080007110

clint mtime 0x0000000000000126 (mip.MTI <- 0b1, mip.STI <- 0b0)
mem[X,0x0000000080000844] -> 0x0333
mem[X,0x0000000080000846] -> 0x4083
[588] [M]: 0x0000000080000844 (0x40830333) sub x6, x6, x8                           Mtrap_sig_sv+16
x6 <- 0x0000000000000268

mem[X,0x0000000080000848] -> 0x3403
mem[X,0x000000008000084A] -> 0x1F81
[589] [M]: 0x0000000080000848 (0x1F813403) ld x8, 0x1f8(x2)                         Mtrap_sig_sv+20
mem[R,0x00000000800031F8] -> 0x0000000080007110
x8 <- 0x0000000080007110

clint mtime 0x0000000000000127 (mip.MTI <- 0b1, mip.STI <- 0b0)
mem[X,0x000000008000084C] -> 0x0333
mem[X,0x000000008000084E] -> 0x0083
[590] [M]: 0x000000008000084C (0x00830333) add x6, x6, x8                           Mtrap_sig_sv+24
x6 <- 0x0000000080007378

mem[X,0x0000000080000850] -> 0x3403
mem[X,0x0000000080000852] -> 0x2401
[591] [M]: 0x0000000080000850 (0x24013403) ld x8, 0x240(x2)                         Mtrap_sig_sv+28
mem[R,0x0000000080003240] -> 0x00000000800005C0
x8 <- 0x00000000800005C0

clint mtime 0x0000000000000128 (mip.MTI <- 0b1, mip.STI <- 0b0)
mem[X,0x0000000080000854] -> 0x85B3
mem[X,0x0000000080000856] -> 0x4085
[592] [M]: 0x0000000080000854 (0x408585B3) sub x11, x11, x8                         sv_Mvect+0
x11 <- 0x000000000000010C

mem[X,0x0000000080000858] -> 0x9593
mem[X,0x000000008000085A] -> 0x0045
[593] [M]: 0x0000000080000858 (0x00459593) slli x11, x11, 0x4                       sv_Mvect+4
x11 <- 0x00000000000010C0

clint mtime 0x0000000000000129 (mip.MTI <- 0b1, mip.STI <- 0b0)
mem[X,0x000000008000085C] -> 0xE5B3
mem[X,0x000000008000085E] -> 0x0075
[594] [M]: 0x000000008000085C (0x0075E5B3) or x11, x11, x7                          sv_Mvect+8
x11 <- 0x00000000000010E0

mem[X,0x0000000080000860] -> 0x8593
mem[X,0x0000000080000862] -> 0x0035
[595] [M]: 0x0000000080000860 (0x00358593) addi x11, x11, 0x3                       sv_Mvect+12
x11 <- 0x00000000000010E3

clint mtime 0x000000000000012A (mip.MTI <- 0b1, mip.STI <- 0b0)
mem[X,0x0000000080000864] -> 0x3023
mem[X,0x0000000080000866] -> 0x00B3
[596] [M]: 0x0000000080000864 (0x00B33023) sd x11, 0x0(x6)                          sv_Mvect+16
mem[W,0x0000000080007378] <- 0x00000000000010E3

mem[X,0x0000000080000868] -> 0x3423
mem[X,0x000000008000086A] -> 0x00A3
[597] [M]: 0x0000000080000868 (0x00A33423) sd x10, 0x8(x6)                          sv_Mcause+0
mem[W,0x0000000080007380] <- 0x0000000000000002

clint mtime 0x000000000000012B (mip.MTI <- 0b1, mip.STI <- 0b0)
mem[X,0x000000008000086C] -> 0x4663
mem[X,0x000000008000086E] -> 0x1A05
[598] [M]: 0x000000008000086C (0x1A054663) blt x10, x0, 0x1ac                       sv_Mcause+4

mem[X,0x0000000080000870] -> 0x25F3
mem[X,0x0000000080000872] -> 0x3000
[599] [M]: 0x0000000080000870 (0x300025F3) csrrs x11, mstatus, x0                   common_Mexcpt_handler+0
CSR mstatus (0x300) -> 0x0000000A00100800
x11 <- 0x0000000A00100800

clint mtime 0x000000000000012C (mip.MTI <- 0b1, mip.STI <- 0b0)
mem[X,0x0000000080000874] -> 0x9413
mem[X,0x0000000080000876] -> 0x02E5
[600] [M]: 0x0000000080000874 (0x02E59413) slli x8, x11, 0x2e                       common_Mexcpt_handler+4
x8 <- 0x0200000000000000

mem[X,0x0000000080000878] -> 0x5463
mem[X,0x000000008000087A] -> 0x0004
[601] [M]: 0x0000000080000878 (0x00045463) bge x8, x0, 0x8                          common_Mexcpt_handler+8

clint mtime 0x000000000000012D (mip.MTI <- 0b1, mip.STI <- 0b0)
mem[X,0x0000000080000880] -> 0xD493
mem[X,0x0000000080000882] -> 0x00B5
[602] [M]: 0x0000000080000880 (0x00B5D493) srli x9, x11, 0xb                        common_Mexcpt_handler+16
x9 <- 0x0000000001400201

mem[X,0x0000000080000884] -> 0xF493
mem[X,0x0000000080000886] -> 0x0034
[603] [M]: 0x0000000080000884 (0x0034F493) andi x9, x9, 0x3                         common_Mexcpt_handler+20
x9 <- 0x0000000000000001

clint mtime 0x000000000000012E (mip.MTI <- 0b1, mip.STI <- 0b0)
mem[X,0x0000000080000888] -> 0x8493
mem[X,0x000000008000088A] -> 0x0014
[604] [M]: 0x0000000080000888 (0x00148493) addi x9, x9, 0x1                         common_Mexcpt_handler+24
x9 <- 0x0000000000000002

mem[X,0x000000008000088C] -> 0xF493
mem[X,0x000000008000088E] -> 0x0044
[605] [M]: 0x000000008000088C (0x0044F493) andi x9, x9, 0x4                         common_Mexcpt_handler+28
x9 <- 0x0000000000000000

clint mtime 0x000000000000012F (mip.MTI <- 0b1, mip.STI <- 0b0)
mem[X,0x0000000080000890] -> 0x0593
mem[X,0x0000000080000892] -> 0x05D0
[606] [M]: 0x0000000080000890 (0x05D00593) addi x11, x0, 0x5d                       common_Mexcpt_handler+32
x11 <- 0x000000000000005D

mem[X,0x0000000080000894] -> 0xD5B3
mem[X,0x0000000080000896] -> 0x0095
[607] [M]: 0x0000000080000894 (0x0095D5B3) srl x11, x11, x9                         common_Mexcpt_handler+36
x11 <- 0x000000000000005D

clint mtime 0x0000000000000130 (mip.MTI <- 0b1, mip.STI <- 0b0)
mem[X,0x0000000080000898] -> 0xF593
mem[X,0x000000008000089A] -> 0x0015
[608] [M]: 0x0000000080000898 (0x0015F593) andi x11, x11, 0x1                       common_Mexcpt_handler+40
x11 <- 0x0000000000000001

mem[X,0x000000008000089C] -> 0x8EE3
mem[X,0x000000008000089E] -> 0xF405
[609] [M]: 0x000000008000089C (0xF4058EE3) beq x11, x0, -0xa4                       common_Mexcpt_handler+44

clint mtime 0x0000000000000131 (mip.MTI <- 0b1, mip.STI <- 0b0)
mem[X,0x00000000800008A0] -> 0x0593
mem[X,0x00000000800008A2] -> 0x2980
[610] [M]: 0x00000000800008A0 (0x29800593) addi x11, x0, 0x298                      common_Mexcpt_handler+48
x11 <- 0x0000000000000298

mem[X,0x00000000800008A4] -> 0xF413
mem[X,0x00000000800008A6] -> 0x0014
[611] [M]: 0x00000000800008A4 (0x0014F413) andi x8, x9, 0x1                         common_Mexcpt_handler+52
x8 <- 0x0000000000000000

clint mtime 0x0000000000000132 (mip.MTI <- 0b1, mip.STI <- 0b0)
mem[X,0x00000000800008A8] -> 0x95B3
mem[X,0x00000000800008AA] -> 0x0085
[612] [M]: 0x00000000800008A8 (0x008595B3) sll x11, x11, x8                         common_Mexcpt_handler+56
x11 <- 0x0000000000000298

mem[X,0x00000000800008AC] -> 0x9413
mem[X,0x00000000800008AE] -> 0x03D4
[613] [M]: 0x00000000800008AC (0x03D49413) slli x8, x9, 0x3d                        common_Mexcpt_handler+60
x8 <- 0x0000000000000000

clint mtime 0x0000000000000133 (mip.MTI <- 0b1, mip.STI <- 0b0)
mem[X,0x00000000800008B0] -> 0x5413
mem[X,0x00000000800008B2] -> 0x43F4
[614] [M]: 0x00000000800008B0 (0x43F45413) srai x8, x8, 0x3f                        common_Mexcpt_handler+64
x8 <- 0x0000000000000000

mem[X,0x00000000800008B4] -> 0x4413
mem[X,0x00000000800008B6] -> 0xFFF4
[615] [M]: 0x00000000800008B4 (0xFFF44413) xori x8, x8, -0x1                        common_Mexcpt_handler+68
x8 <- 0xFFFFFFFFFFFFFFFF

clint mtime 0x0000000000000134 (mip.MTI <- 0b1, mip.STI <- 0b0)
mem[X,0x00000000800008B8] -> 0xF4B3
mem[X,0x00000000800008BA] -> 0x0085
[616] [M]: 0x00000000800008B8 (0x0085F4B3) and x9, x11, x8                          common_Mexcpt_handler+72
x9 <- 0x0000000000000298

mem[X,0x00000000800008BC] -> 0x84B3
mem[X,0x00000000800008BE] -> 0x0024
[617] [M]: 0x00000000800008BC (0x002484B3) add x9, x9, x2                           vmem_adj_Mepc+0
x9 <- 0x0000000080003298

clint mtime 0x0000000000000135 (mip.MTI <- 0b1, mip.STI <- 0b0)
mem[X,0x00000000800008C0] -> 0x23F3
mem[X,0x00000000800008C2] -> 0x3410
[618] [M]: 0x00000000800008C0 (0x341023F3) csrrs x7, mepc, x0                       vmem_adj_Mepc+4
CSR mepc (0x341) -> 0x00000000800004A0
x7 <- 0x00000000800004A0

mem[X,0x00000000800008C4] -> 0x0413
mem[X,0x00000000800008C6] -> 0x0004
[619] [M]: 0x00000000800008C4 (0x00040413) addi x8, x8, 0x0                         vmem_adj_Mepc+8
x8 <- 0xFFFFFFFFFFFFFFFF

clint mtime 0x0000000000000136 (mip.MTI <- 0b1, mip.STI <- 0b0)
mem[X,0x00000000800008C8] -> 0x006F
mem[X,0x00000000800008CA] -> 0x0400
[620] [M]: 0x00000000800008C8 (0x0400006F) jal x0, 0x40                             vmem_adj_Mepc+12

mem[X,0x0000000080000908] -> 0x8433
mem[X,0x000000008000090A] -> 0x4083
[621] [M]: 0x0000000080000908 (0x40838433) sub x8, x7, x8                           adj_Mepc+0
x8 <- 0x00000000800004A1

clint mtime 0x0000000000000137 (mip.MTI <- 0b1, mip.STI <- 0b0)
mem[X,0x000000008000090C] -> 0x3823
mem[X,0x000000008000090E] -> 0x0083
[622] [M]: 0x000000008000090C (0x00833823) sd x8, 0x10(x6)                          sv_Mepc+0
mem[W,0x0000000080007388] <- 0x00000000800004A1

mem[X,0x0000000080000910] -> 0x55B7
mem[X,0x0000000080000912] -> 0x0000
[623] [M]: 0x0000000080000910 (0x000055B7) lui x11, 0x5                             sv_Mepc+4
x11 <- 0x0000000000005000

clint mtime 0x0000000000000138 (mip.MTI <- 0b1, mip.STI <- 0b0)
mem[X,0x0000000080000914] -> 0x8593
mem[X,0x0000000080000916] -> 0x6675
[624] [M]: 0x0000000080000914 (0x66758593) addi x11, x11, 0x667                     sv_Mepc+8
x11 <- 0x0000000000005667

mem[X,0x0000000080000918] -> 0x9593
mem[X,0x000000008000091A] -> 0x0015
[625] [M]: 0x0000000080000918 (0x00159593) slli x11, x11, 0x1                       sv_Mepc+12
x11 <- 0x000000000000ACCE

clint mtime 0x0000000000000139 (mip.MTI <- 0b1, mip.STI <- 0b0)
mem[X,0x000000008000091C] -> 0x9063
mem[X,0x000000008000091E] -> 0x02B1
[626] [M]: 0x000000008000091C (0x02B19063) bne x3, x11, 0x20                        sv_Mepc+16

mem[X,0x000000008000093C] -> 0xF593
mem[X,0x000000008000093E] -> 0xFFC3
[627] [M]: 0x000000008000093C (0xFFC3F593) andi x11, x7, -0x4                       adj_Mepc_rtn+0
x11 <- 0x00000000800004A0

clint mtime 0x000000000000013A (mip.MTI <- 0b1, mip.STI <- 0b0)
mem[X,0x0000000080000940] -> 0x8593
mem[X,0x0000000080000942] -> 0x0085
[628] [M]: 0x0000000080000940 (0x00858593) addi x11, x11, 0x8                       adj_Mepc_rtn+4
x11 <- 0x00000000800004A8

mem[X,0x0000000080000944] -> 0x9073
mem[X,0x0000000080000946] -> 0x3415
[629] [M]: 0x0000000080000944 (0x34159073) csrrw x0, mepc, x11                      adj_Mepc_rtn+8
CSR mepc (0x341) <- 0x00000000800004A8

clint mtime 0x000000000000013B (mip.MTI <- 0b1, mip.STI <- 0b0)
mem[X,0x0000000080000948] -> 0x23F3
mem[X,0x000000008000094A] -> 0x3430
[630] [M]: 0x0000000080000948 (0x343023F3) csrrs x7, mtval, x0                      skp_adj_Mepc+0
CSR mtval (0x343) -> 0x0000000012000073
x7 <- 0x0000000012000073

mem[X,0x000000008000094C] -> 0x0413
mem[X,0x000000008000094E] -> 0x0004
[631] [M]: 0x000000008000094C (0x00040413) addi x8, x8, 0x0                         skp_adj_Mepc+4
x8 <- 0x00000000800004A1

clint mtime 0x000000000000013C (mip.MTI <- 0b1, mip.STI <- 0b0)
mem[X,0x0000000080000950] -> 0x006F
mem[X,0x0000000080000952] -> 0x0840
[632] [M]: 0x0000000080000950 (0x0840006F) jal x0, 0x84                             skp_adj_Mepc+8

mem[X,0x00000000800009D4] -> 0x8433
mem[X,0x00000000800009D6] -> 0x4083
[633] [M]: 0x00000000800009D4 (0x40838433) sub x8, x7, x8                           adj_Mtval+0
x8 <- 0xFFFFFFFF91FFFBD2

clint mtime 0x000000000000013D (mip.MTI <- 0b1, mip.STI <- 0b0)
mem[X,0x00000000800009D8] -> 0x3C23
mem[X,0x00000000800009DA] -> 0x0083
[634] [M]: 0x00000000800009D8 (0x00833C23) sd x8, 0x18(x6)                          sv_Mtval+0
mem[W,0x0000000080007390] <- 0xFFFFFFFF91FFFBD2

mem[X,0x00000000800009DC] -> 0x3483
mem[X,0x00000000800009DE] -> 0x2181
[635] [M]: 0x00000000800009DC (0x21813483) ld x9, 0x218(x2)                         skp_Mtval+0
mem[R,0x0000000080003218] -> 0x0000000080007398
x9 <- 0x0000000080007398

clint mtime 0x000000000000013E (mip.MTI <- 0b1, mip.STI <- 0b0)
mem[X,0x00000000800009E0] -> 0x3383
mem[X,0x00000000800009E2] -> 0x1F81
[636] [M]: 0x00000000800009E0 (0x1F813383) ld x7, 0x1f8(x2)                         skp_Mtval+4
mem[R,0x00000000800031F8] -> 0x0000000080007110
x7 <- 0x0000000080007110

mem[X,0x00000000800009E4] -> 0x3303
mem[X,0x00000000800009E6] -> 0x2001
[637] [M]: 0x00000000800009E4 (0x20013303) ld x6, 0x200(x2)                         skp_Mtval+8
mem[R,0x0000000080003200] -> 0x0000000000000410
x6 <- 0x0000000000000410

clint mtime 0x000000000000013F (mip.MTI <- 0b1, mip.STI <- 0b0)
mem[X,0x00000000800009E8] -> 0x0333
mem[X,0x00000000800009EA] -> 0x0073
[638] [M]: 0x00000000800009E8 (0x00730333) add x6, x6, x7                           skp_Mtval+12
x6 <- 0x0000000080007520

mem[X,0x00000000800009EC] -> 0x68E3
mem[X,0x00000000800009EE] -> 0xAC93
[639] [M]: 0x00000000800009EC (0xAC9368E3) bltu x6, x9, -0x530                      skp_Mtval+16

clint mtime 0x0000000000000140 (mip.MTI <- 0b1, mip.STI <- 0b0)
mem[X,0x00000000800009F0] -> 0x0393
mem[X,0x00000000800009F2] -> 0x2000
[640] [M]: 0x00000000800009F0 (0x20000393) addi x7, x0, 0x200                       skp_Mtval+20
x7 <- 0x0000000000000200

mem[X,0x00000000800009F4] -> 0x006F
mem[X,0x00000000800009F6] -> 0x0400
[641] [M]: 0x00000000800009F4 (0x0400006F) jal x0, 0x40                             skp_Mtval+24

clint mtime 0x0000000000000141 (mip.MTI <- 0b1, mip.STI <- 0b0)
mem[X,0x0000000080000A34] -> 0x0417
mem[X,0x0000000080000A36] -> 0x0000
[642] [M]: 0x0000000080000A34 (0x00000417) auipc x8, 0x0                            spcl_Mhandler+0
x8 <- 0x0000000080000A34

mem[X,0x0000000080000A38] -> 0x0413
mem[X,0x0000000080000A3A] -> 0x03C4
[643] [M]: 0x0000000080000A38 (0x03C40413) addi x8, x8, 0x3c                        spcl_Mhandler+4
x8 <- 0x0000000080000A70

clint mtime 0x0000000000000142 (mip.MTI <- 0b1, mip.STI <- 0b0)
mem[X,0x0000000080000A3C] -> 0x0433
mem[X,0x0000000080000A3E] -> 0x0074
[644] [M]: 0x0000000080000A3C (0x00740433) add x8, x8, x7                           spcl_Mhandler+8
x8 <- 0x0000000080000C70

mem[X,0x0000000080000A40] -> 0x1393
mem[X,0x0000000080000A42] -> 0x0035
[645] [M]: 0x0000000080000A40 (0x00351393) slli x7, x10, 0x3                        spcl_Mhandler+12
x7 <- 0x0000000000000010

clint mtime 0x0000000000000143 (mip.MTI <- 0b1, mip.STI <- 0b0)
mem[X,0x0000000080000A44] -> 0x0433
mem[X,0x0000000080000A46] -> 0x0074
[646] [M]: 0x0000000080000A44 (0x00740433) add x8, x8, x7                           spcl_Mhandler+16
x8 <- 0x0000000080000C80

mem[X,0x0000000080000A48] -> 0x7413
mem[X,0x0000000080000A4A] -> 0xFF84
[647] [M]: 0x0000000080000A48 (0xFF847413) andi x8, x8, -0x8                        spcl_Mhandler+20
x8 <- 0x0000000080000C80

clint mtime 0x0000000000000144 (mip.MTI <- 0b1, mip.STI <- 0b0)
mem[X,0x0000000080000A4C] -> 0x3403
mem[X,0x0000000080000A4E] -> 0x0004
[648] [M]: 0x0000000080000A4C (0x00043403) ld x8, 0x0(x8)                           spcl_Mhandler+24
mem[R,0x0000000080000C80] -> 0x0000000000000005
x8 <- 0x0000000000000005

mem[X,0x0000000080000A50] -> 0x00E3
mem[X,0x0000000080000A52] -> 0xB004
[649] [M]: 0x0000000080000A50 (0xB00400E3) beq x8, x0, -0x500                       spcl_Mdispatch_hndling+0

clint mtime 0x0000000000000145 (mip.MTI <- 0b1, mip.STI <- 0b0)
mem[X,0x0000000080000A54] -> 0x1393
mem[X,0x0000000080000A56] -> 0x03F4
[650] [M]: 0x0000000080000A54 (0x03F41393) slli x7, x8, 0x3f                        spcl_Mdispatch_hndling+4
x7 <- 0x8000000000000000

mem[X,0x0000000080000A58] -> 0xD863
mem[X,0x0000000080000A5A] -> 0x0003
[651] [M]: 0x0000000080000A58 (0x0003D863) bge x7, x0, 0x10                         spcl_Mdispatch_hndling+8

clint mtime 0x0000000000000146 (mip.MTI <- 0b1, mip.STI <- 0b0)
mem[X,0x0000000080000A5C] -> 0x5413
mem[X,0x0000000080000A5E] -> 0x0014
[652] [M]: 0x0000000080000A5C (0x00145413) srli x8, x8, 0x1                         spcl_Mdispatch_hndling+12
x8 <- 0x0000000000000002

mem[X,0x0000000080000A60] -> 0x0CE3
mem[X,0x0000000080000A62] -> 0xF885
[653] [M]: 0x0000000080000A60 (0xF8850CE3) beq x10, x8, -0x68                       spcl_Mdispatch_hndling+16

clint mtime 0x0000000000000147 (mip.MTI <- 0b1, mip.STI <- 0b0)
mem[X,0x00000000800009F8] -> 0x3303
mem[X,0x00000000800009FA] -> 0x2601
[654] [M]: 0x00000000800009F8 (0x26013303) ld x6, 0x260(x2)                         resto_Mrtn+0
mem[R,0x0000000080003260] -> 0x0000000000000010
x6 <- 0x0000000000000010

mem[X,0x00000000800009FC] -> 0x3383
mem[X,0x00000000800009FE] -> 0x2681
[655] [M]: 0x00000000800009FC (0x26813383) ld x7, 0x268(x2)                         resto_Mrtn+4
mem[R,0x0000000080003268] -> 0x0000000080003000
x7 <- 0x0000000080003000

clint mtime 0x0000000000000148 (mip.MTI <- 0b1, mip.STI <- 0b0)
mem[X,0x0000000080000A00] -> 0x3403
mem[X,0x0000000080000A02] -> 0x2701
[656] [M]: 0x0000000080000A00 (0x27013403) ld x8, 0x270(x2)                         resto_Mrtn+8
mem[R,0x0000000080003270] -> 0x0000000000007F76
x8 <- 0x0000000000007F76

mem[X,0x0000000080000A04] -> 0x3483
mem[X,0x0000000080000A06] -> 0x2781
[657] [M]: 0x0000000080000A04 (0x27813483) ld x9, 0x278(x2)                         resto_Mrtn+12
mem[R,0x0000000080003278] -> 0x0000000000000000
x9 <- 0x0000000000000000

clint mtime 0x0000000000000149 (mip.MTI <- 0b1, mip.STI <- 0b0)
mem[X,0x0000000080000A08] -> 0x3503
mem[X,0x0000000080000A0A] -> 0x2801
[658] [M]: 0x0000000080000A08 (0x28013503) ld x10, 0x280(x2)                        resto_Mrtn+16
mem[R,0x0000000080003280] -> 0x0000000000000001
x10 <- 0x0000000000000001

mem[X,0x0000000080000A0C] -> 0x3583
mem[X,0x0000000080000A0E] -> 0x2881
[659] [M]: 0x0000000080000A0C (0x28813583) ld x11, 0x288(x2)                        resto_Mrtn+20
mem[R,0x0000000080003288] -> 0x0000000000000000
x11 <- 0x0000000000000000

clint mtime 0x000000000000014A (mip.MTI <- 0b1, mip.STI <- 0b0)
mem[X,0x0000000080000A10] -> 0x3103
mem[X,0x0000000080000A12] -> 0x2901
[660] [M]: 0x0000000080000A10 (0x29013103) ld x2, 0x290(x2)                         resto_Mrtn+24
mem[R,0x0000000080003290] -> 0x01FDDB7D5BFDDB7F
x2 <- 0x01FDDB7D5BFDDB7F

mem[X,0x0000000080000A14] -> 0x0073
mem[X,0x0000000080000A16] -> 0x3020
[661] [M]: 0x0000000080000A14 (0x30200073) mret                                     resto_Mrtn+28
CSR mstatus (0x300) <- 0x0000000A00100080
ret-ing from M to S

clint mtime 0x000000000000014B (mip.MTI <- 0b1, mip.STI <- 0b0)
mem[X,0x00000000800004A8] -> 0x0013
mem[X,0x00000000800004AA] -> 0x0000
[662] [S]: 0x00000000800004A8 (0x00000013) addi x0, x0, 0x0                         main+200

mem[X,0x00000000800004AC] -> 0x0113
mem[X,0x00000000800004AE] -> 0x0000
[663] [S]: 0x00000000800004AC (0x00000113) addi x2, x0, 0x0                         main+204
x2 <- 0x0000000000000000

clint mtime 0x000000000000014C (mip.MTI <- 0b1, mip.STI <- 0b0)
mem[X,0x00000000800004B0] -> 0x0073
mem[X,0x00000000800004B2] -> 0x0000
[664] [S]: 0x00000000800004B0 (0x00000073) ecall                                    main+208
trapping from S to M to handle s-call
handling exc#s-call at priv M with tval 0x0000000000000000
CSR mstatus (0x300) <- 0x0000000A00100800
CSR mcause (0x342) <- 0x0000000000000009
CSR mtval (0x343) <- 0x0000000000000000
CSR mepc (0x341) <- 0x00000000800004B0

mem[X,0x00000000800005C0] -> 0x006F
mem[X,0x00000000800005C2] -> 0x1000
[665] [M]: 0x00000000800005C0 (0x1000006F) jal x0, 0x100                            Mtrampoline+0

clint mtime 0x000000000000014D (mip.MTI <- 0b1, mip.STI <- 0b0)
mem[X,0x00000000800006C0] -> 0x1173
mem[X,0x00000000800006C2] -> 0x3401
[666] [M]: 0x00000000800006C0 (0x34011173) csrrw x2, mscratch, x2                   trap_Mhandler+0
CSR mscratch (0x340) <- 0x0000000000000000
x2 <- 0x0000000080003000

mem[X,0x00000000800006C4] -> 0x3423
mem[X,0x00000000800006C6] -> 0x28B1
[667] [M]: 0x00000000800006C4 (0x28B13423) sd x11, 0x288(x2)                        trap_Mhandler+4
mem[W,0x0000000080003288] <- 0x0000000000000000

clint mtime 0x000000000000014E (mip.MTI <- 0b1, mip.STI <- 0b0)
mem[X,0x00000000800006C8] -> 0x05EF
mem[X,0x00000000800006CA] -> 0x0B80
[668] [M]: 0x00000000800006C8 (0x0B8005EF) jal x11, 0xb8                            trap_Mhandler+8
x11 <- 0x00000000800006CC

mem[X,0x0000000080000780] -> 0x3023
mem[X,0x0000000080000782] -> 0x28A1
[669] [M]: 0x0000000080000780 (0x28A13023) sd x10, 0x280(x2)                        common_Mhandler+0
mem[W,0x0000000080003280] <- 0x0000000000000001

clint mtime 0x000000000000014F (mip.MTI <- 0b1, mip.STI <- 0b0)
mem[X,0x0000000080000784] -> 0x1573
mem[X,0x0000000080000786] -> 0x3401
[670] [M]: 0x0000000080000784 (0x34011573) csrrw x10, mscratch, x2                  common_Mhandler+4
CSR mscratch (0x340) <- 0x0000000080003000
x10 <- 0x0000000000000000

mem[X,0x0000000080000788] -> 0x3823
mem[X,0x000000008000078A] -> 0x28A1
[671] [M]: 0x0000000080000788 (0x28A13823) sd x10, 0x290(x2)                        common_Mhandler+8
mem[W,0x0000000080003290] <- 0x0000000000000000

clint mtime 0x0000000000000150 (mip.MTI <- 0b1, mip.STI <- 0b0)
mem[X,0x000000008000078C] -> 0x3503
mem[X,0x000000008000078E] -> 0x2301
[672] [M]: 0x000000008000078C (0x23013503) ld x10, 0x230(x2)                        common_Mhandler+12
mem[R,0x0000000080003230] -> 0x0000000080000794
x10 <- 0x0000000080000794

mem[X,0x0000000080000790] -> 0x0067
mem[X,0x0000000080000792] -> 0x0005
[673] [M]: 0x0000000080000790 (0x00050067) jalr x0, 0x0(x10)                        common_Mhandler+16

clint mtime 0x0000000000000151 (mip.MTI <- 0b1, mip.STI <- 0b0)
mem[X,0x0000000080000794] -> 0x3C23
mem[X,0x0000000080000796] -> 0x2691
[674] [M]: 0x0000000080000794 (0x26913C23) sd x9, 0x278(x2)                         common_Mentry+0
mem[W,0x0000000080003278] <- 0x0000000000000000

mem[X,0x0000000080000798] -> 0x3823
mem[X,0x000000008000079A] -> 0x2681
[675] [M]: 0x0000000080000798 (0x26813823) sd x8, 0x270(x2)                         common_Mentry+4
mem[W,0x0000000080003270] <- 0x0000000000007F76

clint mtime 0x0000000000000152 (mip.MTI <- 0b1, mip.STI <- 0b0)
mem[X,0x000000008000079C] -> 0x3423
mem[X,0x000000008000079E] -> 0x2671
[676] [M]: 0x000000008000079C (0x26713423) sd x7, 0x268(x2)                         common_Mentry+8
mem[W,0x0000000080003268] <- 0x0000000080003000

mem[X,0x00000000800007A0] -> 0x3023
mem[X,0x00000000800007A2] -> 0x2661
[677] [M]: 0x00000000800007A0 (0x26613023) sd x6, 0x260(x2)                         common_Mentry+12
mem[W,0x0000000080003260] <- 0x0000000000000010

clint mtime 0x0000000000000153 (mip.MTI <- 0b1, mip.STI <- 0b0)
mem[X,0x00000000800007A4] -> 0x2573
mem[X,0x00000000800007A6] -> 0x3420
[678] [M]: 0x00000000800007A4 (0x34202573) csrrs x10, mcause, x0                    spcl_M2mmode_test+0
CSR mcause (0x342) -> 0x0000000000000009
x10 <- 0x0000000000000009

mem[X,0x00000000800007A8] -> 0x04B7
mem[X,0x00000000800007AA] -> 0x8000
[679] [M]: 0x00000000800007A8 (0x800004B7) lui x9, -0x80000                         spcl_M2mmode_test+4
x9 <- 0xFFFFFFFF80000000

clint mtime 0x0000000000000154 (mip.MTI <- 0b1, mip.STI <- 0b0)
mem[X,0x00000000800007AC] -> 0x8493
mem[X,0x00000000800007AE] -> 0x0004
[680] [M]: 0x00000000800007AC (0x00048493) addi x9, x9, 0x0                         spcl_M2mmode_test+8
x9 <- 0xFFFFFFFF80000000

mem[X,0x00000000800007B0] -> 0x9493
mem[X,0x00000000800007B2] -> 0x00B4
[681] [M]: 0x00000000800007B0 (0x00B49493) slli x9, x9, 0xb                         spcl_M2mmode_test+12
x9 <- 0xFFFFFC0000000000

clint mtime 0x0000000000000155 (mip.MTI <- 0b1, mip.STI <- 0b0)
mem[X,0x00000000800007B4] -> 0x8493
mem[X,0x00000000800007B6] -> 0x0004
[682] [M]: 0x00000000800007B4 (0x00048493) addi x9, x9, 0x0                         spcl_M2mmode_test+16
x9 <- 0xFFFFFC0000000000

mem[X,0x00000000800007B8] -> 0x9493
mem[X,0x00000000800007BA] -> 0x00B4
[683] [M]: 0x00000000800007B8 (0x00B49493) slli x9, x9, 0xb                         spcl_M2mmode_test+20
x9 <- 0xFFE0000000000000

clint mtime 0x0000000000000156 (mip.MTI <- 0b1, mip.STI <- 0b0)
mem[X,0x00000000800007BC] -> 0x8493
mem[X,0x00000000800007BE] -> 0x0034
[684] [M]: 0x00000000800007BC (0x00348493) addi x9, x9, 0x3                         spcl_M2mmode_test+24
x9 <- 0xFFE0000000000003

mem[X,0x00000000800007C0] -> 0x9493
mem[X,0x00000000800007C2] -> 0x00A4
[685] [M]: 0x00000000800007C0 (0x00A49493) slli x9, x9, 0xa                         spcl_M2mmode_test+28
x9 <- 0x8000000000000C00

clint mtime 0x0000000000000157 (mip.MTI <- 0b1, mip.STI <- 0b0)
mem[X,0x00000000800007C4] -> 0x8493
mem[X,0x00000000800007C6] -> 0x3FC4
[686] [M]: 0x00000000800007C4 (0x3FC48493) addi x9, x9, 0x3fc                       spcl_M2mmode_test+32
x9 <- 0x8000000000000FFC

mem[X,0x00000000800007C8] -> 0xF4B3
mem[X,0x00000000800007CA] -> 0x00A4
[687] [M]: 0x00000000800007C8 (0x00A4F4B3) and x9, x9, x10                          spcl_M2mmode_test+36
x9 <- 0x0000000000000008

clint mtime 0x0000000000000158 (mip.MTI <- 0b1, mip.STI <- 0b0)
mem[X,0x00000000800007CC] -> 0x8493
mem[X,0x00000000800007CE] -> 0xFF84
[688] [M]: 0x00000000800007CC (0xFF848493) addi x9, x9, -0x8                        spcl_M2mmode_test+40
x9 <- 0x0000000000000000

mem[X,0x00000000800007D0] -> 0x9663
mem[X,0x00000000800007D2] -> 0x0004
[689] [M]: 0x00000000800007D0 (0x00049663) bne x9, x0, 0xc                          spcl_M2mmode_test+44

clint mtime 0x0000000000000159 (mip.MTI <- 0b1, mip.STI <- 0b0)
mem[X,0x00000000800007D4] -> 0x3383
mem[X,0x00000000800007D6] -> 0x2901
[690] [M]: 0x00000000800007D4 (0x29013383) ld x7, 0x290(x2)                         spcl_M2mmode_test+48
mem[R,0x0000000080003290] -> 0x0000000000000000
x7 <- 0x0000000000000000

mem[X,0x00000000800007D8] -> 0x8663
mem[X,0x00000000800007DA] -> 0x6E03
[691] [M]: 0x00000000800007D8 (0x6E038663) beq x7, x0, 0x6ec                        spcl_M2mmode_test+52

clint mtime 0x000000000000015A (mip.MTI <- 0b1, mip.STI <- 0b0)
mem[X,0x0000000080000EC4] -> 0x0493
mem[X,0x0000000080000EC6] -> 0xFF55
[692] [M]: 0x0000000080000EC4 (0xFF550493) addi x9, x10, -0xb                       rtn2mmode+0
x9 <- 0xFFFFFFFFFFFFFFFE

mem[X,0x0000000080000EC8] -> 0x8C63
mem[X,0x0000000080000ECA] -> 0x0004
[693] [M]: 0x0000000080000EC8 (0x00048C63) beq x9, x0, 0x18                         rtn2mmode+4

clint mtime 0x000000000000015B (mip.MTI <- 0b1, mip.STI <- 0b0)
mem[X,0x0000000080000ECC] -> 0x3583
mem[X,0x0000000080000ECE] -> 0x4701
[694] [M]: 0x0000000080000ECC (0x47013583) ld x11, 0x470(x2)                        rtn2mmode+8
mem[R,0x0000000080003470] -> 0x00000000800003B4
x11 <- 0x00000000800003B4

mem[X,0x0000000080000ED0] -> 0xD463
mem[X,0x0000000080000ED2] -> 0x0003
[695] [M]: 0x0000000080000ED0 (0x0003D463) bge x7, x0, 0x8                          rtn2mmode+12

clint mtime 0x000000000000015C (mip.MTI <- 0b1, mip.STI <- 0b0)
mem[X,0x0000000080000ED8] -> 0x3483
mem[X,0x0000000080000EDA] -> 0x1D81
[696] [M]: 0x0000000080000ED8 (0x1D813483) ld x9, 0x1d8(x2)                         from_u_s+0
mem[R,0x00000000800031D8] -> 0x00000000800003B4
x9 <- 0x00000000800003B4

mem[X,0x0000000080000EDC] -> 0x84B3
mem[X,0x0000000080000EDE] -> 0x40B4
[697] [M]: 0x0000000080000EDC (0x40B484B3) sub x9, x9, x11                          from_u_s+4
x9 <- 0x0000000000000000

clint mtime 0x000000000000015D (mip.MTI <- 0b1, mip.STI <- 0b0)
mem[X,0x0000000080000EE0] -> 0x23F3
mem[X,0x0000000080000EE2] -> 0x3410
[698] [M]: 0x0000000080000EE0 (0x341023F3) csrrs x7, mepc, x0                       rtn_fm_mmode+0
CSR mepc (0x341) -> 0x00000000800004B0
x7 <- 0x00000000800004B0

mem[X,0x0000000080000EE4] -> 0x83B3
mem[X,0x0000000080000EE6] -> 0x0093
[699] [M]: 0x0000000080000EE4 (0x009383B3) add x7, x7, x9                           rtn_fm_mmode+4
x7 <- 0x00000000800004B0

clint mtime 0x000000000000015E (mip.MTI <- 0b1, mip.STI <- 0b0)
mem[X,0x0000000080000EE8] -> 0x3303
mem[X,0x0000000080000EEA] -> 0x2601
[700] [M]: 0x0000000080000EE8 (0x26013303) ld x6, 0x260(x2)                         rtn_fm_mmode+8
mem[R,0x0000000080003260] -> 0x0000000000000010
x6 <- 0x0000000000000010

mem[X,0x0000000080000EEC] -> 0x3403
mem[X,0x0000000080000EEE] -> 0x2701
[701] [M]: 0x0000000080000EEC (0x27013403) ld x8, 0x270(x2)                         rtn_fm_mmode+12
mem[R,0x0000000080003270] -> 0x0000000000007F76
x8 <- 0x0000000000007F76

clint mtime 0x000000000000015F (mip.MTI <- 0b1, mip.STI <- 0b0)
mem[X,0x0000000080000EF0] -> 0x3483
mem[X,0x0000000080000EF2] -> 0x2781
[702] [M]: 0x0000000080000EF0 (0x27813483) ld x9, 0x278(x2)                         rtn_fm_mmode+16
mem[R,0x0000000080003278] -> 0x0000000000000000
x9 <- 0x0000000000000000

mem[X,0x0000000080000EF4] -> 0x3503
mem[X,0x0000000080000EF6] -> 0x2801
[703] [M]: 0x0000000080000EF4 (0x28013503) ld x10, 0x280(x2)                        rtn_fm_mmode+20
mem[R,0x0000000080003280] -> 0x0000000000000001
x10 <- 0x0000000000000001

clint mtime 0x0000000000000160 (mip.MTI <- 0b1, mip.STI <- 0b0)
mem[X,0x0000000080000EF8] -> 0x3583
mem[X,0x0000000080000EFA] -> 0x2881
[704] [M]: 0x0000000080000EF8 (0x28813583) ld x11, 0x288(x2)                        rtn_fm_mmode+24
mem[R,0x0000000080003288] -> 0x0000000000000000
x11 <- 0x0000000000000000

mem[X,0x0000000080000EFC] -> 0x3103
mem[X,0x0000000080000EFE] -> 0x2901
[705] [M]: 0x0000000080000EFC (0x29013103) ld x2, 0x290(x2)                         rtn_fm_mmode+28
mem[R,0x0000000080003290] -> 0x0000000000000000
x2 <- 0x0000000000000000

clint mtime 0x0000000000000161 (mip.MTI <- 0b1, mip.STI <- 0b0)
mem[X,0x0000000080000F00] -> 0x8067
mem[X,0x0000000080000F02] -> 0x0043
[706] [M]: 0x0000000080000F00 (0x00438067) jalr x0, 0x4(x7)                         rtn_fm_mmode+32

mem[X,0x00000000800004B4] -> 0x0113
mem[X,0x00000000800004B6] -> 0x0000
[707] [M]: 0x00000000800004B4 (0x00000113) addi x2, x0, 0x0                         rvtest_code_end+0
x2 <- 0x0000000000000000

clint mtime 0x0000000000000162 (mip.MTI <- 0b1, mip.STI <- 0b0)
mem[X,0x00000000800004B8] -> 0x0073
mem[X,0x00000000800004BA] -> 0x0000
[708] [M]: 0x00000000800004B8 (0x00000073) ecall                                    rvtest_code_end+4
trapping from M to M to handle m-call
handling exc#m-call at priv M with tval 0x0000000000000000
CSR mstatus (0x300) <- 0x0000000A00101800
CSR mcause (0x342) <- 0x000000000000000B
CSR mtval (0x343) <- 0x0000000000000000
CSR mepc (0x341) <- 0x00000000800004B8

mem[X,0x00000000800005C0] -> 0x006F
mem[X,0x00000000800005C2] -> 0x1000
[709] [M]: 0x00000000800005C0 (0x1000006F) jal x0, 0x100                            Mtrampoline+0

clint mtime 0x0000000000000163 (mip.MTI <- 0b1, mip.STI <- 0b0)
mem[X,0x00000000800006C0] -> 0x1173
mem[X,0x00000000800006C2] -> 0x3401
[710] [M]: 0x00000000800006C0 (0x34011173) csrrw x2, mscratch, x2                   trap_Mhandler+0
CSR mscratch (0x340) <- 0x0000000000000000
x2 <- 0x0000000080003000

mem[X,0x00000000800006C4] -> 0x3423
mem[X,0x00000000800006C6] -> 0x28B1
[711] [M]: 0x00000000800006C4 (0x28B13423) sd x11, 0x288(x2)                        trap_Mhandler+4
mem[W,0x0000000080003288] <- 0x0000000000000000

clint mtime 0x0000000000000164 (mip.MTI <- 0b1, mip.STI <- 0b0)
mem[X,0x00000000800006C8] -> 0x05EF
mem[X,0x00000000800006CA] -> 0x0B80
[712] [M]: 0x00000000800006C8 (0x0B8005EF) jal x11, 0xb8                            trap_Mhandler+8
x11 <- 0x00000000800006CC

mem[X,0x0000000080000780] -> 0x3023
mem[X,0x0000000080000782] -> 0x28A1
[713] [M]: 0x0000000080000780 (0x28A13023) sd x10, 0x280(x2)                        common_Mhandler+0
mem[W,0x0000000080003280] <- 0x0000000000000001

clint mtime 0x0000000000000165 (mip.MTI <- 0b1, mip.STI <- 0b0)
mem[X,0x0000000080000784] -> 0x1573
mem[X,0x0000000080000786] -> 0x3401
[714] [M]: 0x0000000080000784 (0x34011573) csrrw x10, mscratch, x2                  common_Mhandler+4
CSR mscratch (0x340) <- 0x0000000080003000
x10 <- 0x0000000000000000

mem[X,0x0000000080000788] -> 0x3823
mem[X,0x000000008000078A] -> 0x28A1
[715] [M]: 0x0000000080000788 (0x28A13823) sd x10, 0x290(x2)                        common_Mhandler+8
mem[W,0x0000000080003290] <- 0x0000000000000000

clint mtime 0x0000000000000166 (mip.MTI <- 0b1, mip.STI <- 0b0)
mem[X,0x000000008000078C] -> 0x3503
mem[X,0x000000008000078E] -> 0x2301
[716] [M]: 0x000000008000078C (0x23013503) ld x10, 0x230(x2)                        common_Mhandler+12
mem[R,0x0000000080003230] -> 0x0000000080000794
x10 <- 0x0000000080000794

mem[X,0x0000000080000790] -> 0x0067
mem[X,0x0000000080000792] -> 0x0005
[717] [M]: 0x0000000080000790 (0x00050067) jalr x0, 0x0(x10)                        common_Mhandler+16

clint mtime 0x0000000000000167 (mip.MTI <- 0b1, mip.STI <- 0b0)
mem[X,0x0000000080000794] -> 0x3C23
mem[X,0x0000000080000796] -> 0x2691
[718] [M]: 0x0000000080000794 (0x26913C23) sd x9, 0x278(x2)                         common_Mentry+0
mem[W,0x0000000080003278] <- 0x0000000000000000

mem[X,0x0000000080000798] -> 0x3823
mem[X,0x000000008000079A] -> 0x2681
[719] [M]: 0x0000000080000798 (0x26813823) sd x8, 0x270(x2)                         common_Mentry+4
mem[W,0x0000000080003270] <- 0x0000000000007F76

clint mtime 0x0000000000000168 (mip.MTI <- 0b1, mip.STI <- 0b0)
mem[X,0x000000008000079C] -> 0x3423
mem[X,0x000000008000079E] -> 0x2671
[720] [M]: 0x000000008000079C (0x26713423) sd x7, 0x268(x2)                         common_Mentry+8
mem[W,0x0000000080003268] <- 0x00000000800004B0

mem[X,0x00000000800007A0] -> 0x3023
mem[X,0x00000000800007A2] -> 0x2661
[721] [M]: 0x00000000800007A0 (0x26613023) sd x6, 0x260(x2)                         common_Mentry+12
mem[W,0x0000000080003260] <- 0x0000000000000010

clint mtime 0x0000000000000169 (mip.MTI <- 0b1, mip.STI <- 0b0)
mem[X,0x00000000800007A4] -> 0x2573
mem[X,0x00000000800007A6] -> 0x3420
[722] [M]: 0x00000000800007A4 (0x34202573) csrrs x10, mcause, x0                    spcl_M2mmode_test+0
CSR mcause (0x342) -> 0x000000000000000B
x10 <- 0x000000000000000B

mem[X,0x00000000800007A8] -> 0x04B7
mem[X,0x00000000800007AA] -> 0x8000
[723] [M]: 0x00000000800007A8 (0x800004B7) lui x9, -0x80000                         spcl_M2mmode_test+4
x9 <- 0xFFFFFFFF80000000

clint mtime 0x000000000000016A (mip.MTI <- 0b1, mip.STI <- 0b0)
mem[X,0x00000000800007AC] -> 0x8493
mem[X,0x00000000800007AE] -> 0x0004
[724] [M]: 0x00000000800007AC (0x00048493) addi x9, x9, 0x0                         spcl_M2mmode_test+8
x9 <- 0xFFFFFFFF80000000

mem[X,0x00000000800007B0] -> 0x9493
mem[X,0x00000000800007B2] -> 0x00B4
[725] [M]: 0x00000000800007B0 (0x00B49493) slli x9, x9, 0xb                         spcl_M2mmode_test+12
x9 <- 0xFFFFFC0000000000

clint mtime 0x000000000000016B (mip.MTI <- 0b1, mip.STI <- 0b0)
mem[X,0x00000000800007B4] -> 0x8493
mem[X,0x00000000800007B6] -> 0x0004
[726] [M]: 0x00000000800007B4 (0x00048493) addi x9, x9, 0x0                         spcl_M2mmode_test+16
x9 <- 0xFFFFFC0000000000

mem[X,0x00000000800007B8] -> 0x9493
mem[X,0x00000000800007BA] -> 0x00B4
[727] [M]: 0x00000000800007B8 (0x00B49493) slli x9, x9, 0xb                         spcl_M2mmode_test+20
x9 <- 0xFFE0000000000000

clint mtime 0x000000000000016C (mip.MTI <- 0b1, mip.STI <- 0b0)
mem[X,0x00000000800007BC] -> 0x8493
mem[X,0x00000000800007BE] -> 0x0034
[728] [M]: 0x00000000800007BC (0x00348493) addi x9, x9, 0x3                         spcl_M2mmode_test+24
x9 <- 0xFFE0000000000003

mem[X,0x00000000800007C0] -> 0x9493
mem[X,0x00000000800007C2] -> 0x00A4
[729] [M]: 0x00000000800007C0 (0x00A49493) slli x9, x9, 0xa                         spcl_M2mmode_test+28
x9 <- 0x8000000000000C00

clint mtime 0x000000000000016D (mip.MTI <- 0b1, mip.STI <- 0b0)
mem[X,0x00000000800007C4] -> 0x8493
mem[X,0x00000000800007C6] -> 0x3FC4
[730] [M]: 0x00000000800007C4 (0x3FC48493) addi x9, x9, 0x3fc                       spcl_M2mmode_test+32
x9 <- 0x8000000000000FFC

mem[X,0x00000000800007C8] -> 0xF4B3
mem[X,0x00000000800007CA] -> 0x00A4
[731] [M]: 0x00000000800007C8 (0x00A4F4B3) and x9, x9, x10                          spcl_M2mmode_test+36
x9 <- 0x0000000000000008

clint mtime 0x000000000000016E (mip.MTI <- 0b1, mip.STI <- 0b0)
mem[X,0x00000000800007CC] -> 0x8493
mem[X,0x00000000800007CE] -> 0xFF84
[732] [M]: 0x00000000800007CC (0xFF848493) addi x9, x9, -0x8                        spcl_M2mmode_test+40
x9 <- 0x0000000000000000

mem[X,0x00000000800007D0] -> 0x9663
mem[X,0x00000000800007D2] -> 0x0004
[733] [M]: 0x00000000800007D0 (0x00049663) bne x9, x0, 0xc                          spcl_M2mmode_test+44

clint mtime 0x000000000000016F (mip.MTI <- 0b1, mip.STI <- 0b0)
mem[X,0x00000000800007D4] -> 0x3383
mem[X,0x00000000800007D6] -> 0x2901
[734] [M]: 0x00000000800007D4 (0x29013383) ld x7, 0x290(x2)                         spcl_M2mmode_test+48
mem[R,0x0000000080003290] -> 0x0000000000000000
x7 <- 0x0000000000000000

mem[X,0x00000000800007D8] -> 0x8663
mem[X,0x00000000800007DA] -> 0x6E03
[735] [M]: 0x00000000800007D8 (0x6E038663) beq x7, x0, 0x6ec                        spcl_M2mmode_test+52

clint mtime 0x0000000000000170 (mip.MTI <- 0b1, mip.STI <- 0b0)
mem[X,0x0000000080000EC4] -> 0x0493
mem[X,0x0000000080000EC6] -> 0xFF55
[736] [M]: 0x0000000080000EC4 (0xFF550493) addi x9, x10, -0xb                       rtn2mmode+0
x9 <- 0x0000000000000000

mem[X,0x0000000080000EC8] -> 0x8C63
mem[X,0x0000000080000ECA] -> 0x0004
[737] [M]: 0x0000000080000EC8 (0x00048C63) beq x9, x0, 0x18                         rtn2mmode+4

clint mtime 0x0000000000000171 (mip.MTI <- 0b1, mip.STI <- 0b0)
mem[X,0x0000000080000EE0] -> 0x23F3
mem[X,0x0000000080000EE2] -> 0x3410
[738] [M]: 0x0000000080000EE0 (0x341023F3) csrrs x7, mepc, x0                       rtn_fm_mmode+0
CSR mepc (0x341) -> 0x00000000800004B8
x7 <- 0x00000000800004B8

mem[X,0x0000000080000EE4] -> 0x83B3
mem[X,0x0000000080000EE6] -> 0x0093
[739] [M]: 0x0000000080000EE4 (0x009383B3) add x7, x7, x9                           rtn_fm_mmode+4
x7 <- 0x00000000800004B8

clint mtime 0x0000000000000172 (mip.MTI <- 0b1, mip.STI <- 0b0)
mem[X,0x0000000080000EE8] -> 0x3303
mem[X,0x0000000080000EEA] -> 0x2601
[740] [M]: 0x0000000080000EE8 (0x26013303) ld x6, 0x260(x2)                         rtn_fm_mmode+8
mem[R,0x0000000080003260] -> 0x0000000000000010
x6 <- 0x0000000000000010

mem[X,0x0000000080000EEC] -> 0x3403
mem[X,0x0000000080000EEE] -> 0x2701
[741] [M]: 0x0000000080000EEC (0x27013403) ld x8, 0x270(x2)                         rtn_fm_mmode+12
mem[R,0x0000000080003270] -> 0x0000000000007F76
x8 <- 0x0000000000007F76

clint mtime 0x0000000000000173 (mip.MTI <- 0b1, mip.STI <- 0b0)
mem[X,0x0000000080000EF0] -> 0x3483
mem[X,0x0000000080000EF2] -> 0x2781
[742] [M]: 0x0000000080000EF0 (0x27813483) ld x9, 0x278(x2)                         rtn_fm_mmode+16
mem[R,0x0000000080003278] -> 0x0000000000000000
x9 <- 0x0000000000000000

mem[X,0x0000000080000EF4] -> 0x3503
mem[X,0x0000000080000EF6] -> 0x2801
[743] [M]: 0x0000000080000EF4 (0x28013503) ld x10, 0x280(x2)                        rtn_fm_mmode+20
mem[R,0x0000000080003280] -> 0x0000000000000001
x10 <- 0x0000000000000001

clint mtime 0x0000000000000174 (mip.MTI <- 0b1, mip.STI <- 0b0)
mem[X,0x0000000080000EF8] -> 0x3583
mem[X,0x0000000080000EFA] -> 0x2881
[744] [M]: 0x0000000080000EF8 (0x28813583) ld x11, 0x288(x2)                        rtn_fm_mmode+24
mem[R,0x0000000080003288] -> 0x0000000000000000
x11 <- 0x0000000000000000

mem[X,0x0000000080000EFC] -> 0x3103
mem[X,0x0000000080000EFE] -> 0x2901
[745] [M]: 0x0000000080000EFC (0x29013103) ld x2, 0x290(x2)                         rtn_fm_mmode+28
mem[R,0x0000000080003290] -> 0x0000000000000000
x2 <- 0x0000000000000000

clint mtime 0x0000000000000175 (mip.MTI <- 0b1, mip.STI <- 0b0)
mem[X,0x0000000080000F00] -> 0x8067
mem[X,0x0000000080000F02] -> 0x0043
[746] [M]: 0x0000000080000F00 (0x00438067) jalr x0, 0x4(x7)                         rtn_fm_mmode+32

mem[X,0x00000000800004BC] -> 0x2373
mem[X,0x00000000800004BE] -> 0x3400
[747] [M]: 0x00000000800004BC (0x34002373) csrrs x6, mscratch, x0                   exit_Scleanup+0
CSR mscratch (0x340) -> 0x0000000080003000
x6 <- 0x0000000080003000

clint mtime 0x0000000000000176 (mip.MTI <- 0b1, mip.STI <- 0b0)
mem[X,0x00000000800004C0] -> 0x0313
mem[X,0x00000000800004C2] -> 0x2983
[748] [M]: 0x00000000800004C0 (0x29830313) addi x6, x6, 0x298                       exit_Scleanup+4
x6 <- 0x0000000080003298

mem[X,0x00000000800004C4] -> 0x3383
mem[X,0x00000000800004C6] -> 0x2383
[749] [M]: 0x00000000800004C4 (0x23833383) ld x7, 0x238(x6)                         resto_Sedeleg+0
mem[R,0x00000000800034D0] -> 0x0000000000000000
x7 <- 0x0000000000000000

clint mtime 0x0000000000000177 (mip.MTI <- 0b1, mip.STI <- 0b0)
mem[X,0x00000000800004C8] -> 0x3383
mem[X,0x00000000800004CA] -> 0x2203
[750] [M]: 0x00000000800004C8 (0x22033383) ld x7, 0x220(x6)                         resto_Ssatp+0
mem[R,0x00000000800034B8] -> 0x0000000000000000
x7 <- 0x0000000000000000

mem[X,0x00000000800004CC] -> 0x9073
mem[X,0x00000000800004CE] -> 0x1803
[751] [M]: 0x00000000800004CC (0x18039073) csrrw x0, satp, x7                       resto_Ssatp+4
CSR satp (0x180) <- 0x0000000000000000

clint mtime 0x0000000000000178 (mip.MTI <- 0b1, mip.STI <- 0b0)
mem[X,0x00000000800004D0] -> 0x3503
mem[X,0x00000000800004D2] -> 0x2503
[752] [M]: 0x00000000800004D0 (0x25033503) ld x10, 0x250(x6)                        resto_Sscratch+0
mem[R,0x00000000800034E8] -> 0x0000000000000000
x10 <- 0x0000000000000000

mem[X,0x00000000800004D4] -> 0x1073
mem[X,0x00000000800004D6] -> 0x1405
[753] [M]: 0x00000000800004D4 (0x14051073) csrrw x0, sscratch, x10                  resto_Sscratch+4
CSR sscratch (0x140) <- 0x0000000000000000

clint mtime 0x0000000000000179 (mip.MTI <- 0b1, mip.STI <- 0b0)
mem[X,0x00000000800004D8] -> 0x3483
mem[X,0x00000000800004DA] -> 0x2483
[754] [M]: 0x00000000800004D8 (0x24833483) ld x9, 0x248(x6)                         resto_Sxtvec+0
mem[R,0x00000000800034E0] -> 0x0000000000000000
x9 <- 0x0000000000000000

mem[X,0x00000000800004DC] -> 0x93F3
mem[X,0x00000000800004DE] -> 0x1054
[755] [M]: 0x00000000800004DC (0x105493F3) csrrw x7, stvec, x9                      resto_Sxtvec+4
CSR stvec (0x105) <- 0x0000000000000000
x7 <- 0x0000000080000F40

clint mtime 0x000000000000017A (mip.MTI <- 0b1, mip.STI <- 0b0)
mem[X,0x00000000800004E0] -> 0xF493
mem[X,0x00000000800004E2] -> 0xFFC4
[756] [M]: 0x00000000800004E0 (0xFFC4F493) andi x9, x9, -0x4                        resto_Sxtvec+8
x9 <- 0x0000000000000000

mem[X,0x00000000800004E4] -> 0xF393
mem[X,0x00000000800004E6] -> 0xFFC3
[757] [M]: 0x00000000800004E4 (0xFFC3F393) andi x7, x7, -0x4                        resto_Sxtvec+12
x7 <- 0x0000000080000F40

clint mtime 0x000000000000017B (mip.MTI <- 0b1, mip.STI <- 0b0)
mem[X,0x00000000800004E8] -> 0x9063
mem[X,0x00000000800004EA] -> 0x0274
[758] [M]: 0x00000000800004E8 (0x02749063) bne x9, x7, 0x20                         resto_Sxtvec+16

mem[X,0x0000000080000508] -> 0x2373
mem[X,0x000000008000050A] -> 0x3400
[759] [M]: 0x0000000080000508 (0x34002373) csrrs x6, mscratch, x0                   rvtest_Send+0
CSR mscratch (0x340) -> 0x0000000080003000
x6 <- 0x0000000080003000

clint mtime 0x000000000000017C (mip.MTI <- 0b1, mip.STI <- 0b0)
mem[X,0x000000008000050C] -> 0x3383
mem[X,0x000000008000050E] -> 0x2383
[760] [M]: 0x000000008000050C (0x23833383) ld x7, 0x238(x6)                         resto_Medeleg+0
mem[R,0x0000000080003238] -> 0x0000000000000000
x7 <- 0x0000000000000000

mem[X,0x0000000080000510] -> 0x9073
mem[X,0x0000000080000512] -> 0x3023
[761] [M]: 0x0000000080000510 (0x30239073) csrrw x0, medeleg, x7                    resto_Medeleg+4
CSR medeleg (0x302) <- 0x0000000000000000

clint mtime 0x000000000000017D (mip.MTI <- 0b1, mip.STI <- 0b0)
mem[X,0x0000000080000514] -> 0x3503
mem[X,0x0000000080000516] -> 0x2503
[762] [M]: 0x0000000080000514 (0x25033503) ld x10, 0x250(x6)                        resto_Mscratch+0
mem[R,0x0000000080003250] -> 0x0000000000000000
x10 <- 0x0000000000000000

mem[X,0x0000000080000518] -> 0x1073
mem[X,0x000000008000051A] -> 0x3405
[763] [M]: 0x0000000080000518 (0x34051073) csrrw x0, mscratch, x10                  resto_Mscratch+4
CSR mscratch (0x340) <- 0x0000000000000000

clint mtime 0x000000000000017E (mip.MTI <- 0b1, mip.STI <- 0b0)
mem[X,0x000000008000051C] -> 0x3483
mem[X,0x000000008000051E] -> 0x2483
[764] [M]: 0x000000008000051C (0x24833483) ld x9, 0x248(x6)                         resto_Mxtvec+0
mem[R,0x0000000080003248] -> 0x0000000000000000
x9 <- 0x0000000000000000

mem[X,0x0000000080000520] -> 0x93F3
mem[X,0x0000000080000522] -> 0x3054
[765] [M]: 0x0000000080000520 (0x305493F3) csrrw x7, mtvec, x9                      resto_Mxtvec+4
CSR mtvec (0x305) <- 0x0000000000000000
x7 <- 0x00000000800005C0

clint mtime 0x000000000000017F (mip.MTI <- 0b1, mip.STI <- 0b0)
mem[X,0x0000000080000524] -> 0xF493
mem[X,0x0000000080000526] -> 0xFFC4
[766] [M]: 0x0000000080000524 (0xFFC4F493) andi x9, x9, -0x4                        resto_Mxtvec+8
x9 <- 0x0000000000000000

mem[X,0x0000000080000528] -> 0xF393
mem[X,0x000000008000052A] -> 0xFFC3
[767] [M]: 0x0000000080000528 (0xFFC3F393) andi x7, x7, -0x4                        resto_Mxtvec+12
x7 <- 0x00000000800005C0

clint mtime 0x0000000000000180 (mip.MTI <- 0b1, mip.STI <- 0b0)
mem[X,0x000000008000052C] -> 0x9063
mem[X,0x000000008000052E] -> 0x0274
[768] [M]: 0x000000008000052C (0x02749063) bne x9, x7, 0x20                         resto_Mxtvec+16

mem[X,0x000000008000054C] -> 0x106F
mem[X,0x000000008000054E] -> 0x2A00
[769] [M]: 0x000000008000054C (0x2A00106F) jal x0, 0x12a0                           rvtest_Mend+0

clint mtime 0x0000000000000181 (mip.MTI <- 0b1, mip.STI <- 0b0)
mem[X,0x00000000800017EC] -> 0x0093
mem[X,0x00000000800017EE] -> 0x0010
[770] [M]: 0x00000000800017EC (0x00100093) addi x1, x0, 0x1                         exit_cleanup+0
x1 <- 0x0000000000000001

mem[X,0x00000000800017F0] -> 0x1397
mem[X,0x00000000800017F2] -> 0x0000
[771] [M]: 0x00000000800017F0 (0x00001397) auipc x7, 0x1                            exit_cleanup+4
x7 <- 0x00000000800027F0

clint mtime 0x0000000000000182 (mip.MTI <- 0b1, mip.STI <- 0b0)
mem[X,0x00000000800017F4] -> 0xA823
mem[X,0x00000000800017F6] -> 0x8013
[772] [M]: 0x00000000800017F4 (0x8013A823) sw x1, -0x7f0(x7)                        exit_cleanup+8
htif[0x0000000080002000] <- 0x00000001
mem[W,0x0000000080002000] <- 0x00000001

mem[X,0x00000000800017F8] -> 0xF06F
mem[X,0x00000000800017FA] -> 0xFF9F
[773] [M]: 0x00000000800017F8 (0xFF9FF06F) jal x0, -0x8                             exit_cleanup+12

clint mtime 0x0000000000000183 (mip.MTI <- 0b1, mip.STI <- 0b0)
mem[X,0x00000000800017F0] -> 0x1397
mem[X,0x00000000800017F2] -> 0x0000
[774] [M]: 0x00000000800017F0 (0x00001397) auipc x7, 0x1                            exit_cleanup+4
x7 <- 0x00000000800027F0

mem[X,0x00000000800017F4] -> 0xA823
mem[X,0x00000000800017F6] -> 0x8013
[775] [M]: 0x00000000800017F4 (0x8013A823) sw x1, -0x7f0(x7)                        exit_cleanup+8
htif[0x0000000080002000] <- 0x00000001
mem[W,0x0000000080002000] <- 0x00000001

clint mtime 0x0000000000000184 (mip.MTI <- 0b1, mip.STI <- 0b0)
mem[X,0x00000000800017F8] -> 0xF06F
mem[X,0x00000000800017FA] -> 0xFF9F
[776] [M]: 0x00000000800017F8 (0xFF9FF06F) jal x0, -0x8                             exit_cleanup+12

mem[X,0x00000000800017F0] -> 0x1397
mem[X,0x00000000800017F2] -> 0x0000
[777] [M]: 0x00000000800017F0 (0x00001397) auipc x7, 0x1                            exit_cleanup+4
x7 <- 0x00000000800027F0

clint mtime 0x0000000000000185 (mip.MTI <- 0b1, mip.STI <- 0b0)
mem[X,0x00000000800017F4] -> 0xA823
mem[X,0x00000000800017F6] -> 0x8013
[778] [M]: 0x00000000800017F4 (0x8013A823) sw x1, -0x7f0(x7)                        exit_cleanup+8
htif[0x0000000080002000] <- 0x00000001
htif-syscall-proxy cmd: 0x000000000001
mem[W,0x0000000080002000] <- 0x00000001

SUCCESS
