using /opt/riscv-arch-test/riscof-plugins/rv64/riscof_work/C/src/cjalr-01.S/ref/Reference-sail_c_simulator.signature for test-signature output.
setting signature-granularity to 8 bytes
HTIF located at 0x80002000
begin_signature: 0x80004110
end_signature: 0x80004220
Entry point: 0x80000000
CSR mstatus (0x300) <- 0x0000000A00000000
CSR misa (0x301) <- 0x800000000034112F
CSR mcause (0x342) <- 0x0000000000000000
x10 <- 0x0000000000000000
x11 <- 0x0000000000001000
mem[X,0x0000000080000000] -> 0x0837
mem[X,0x0000000080000002] -> 0x7D5C
[0] [M]: 0x0000000080000000 (0x7D5C0837) lui x16, 0x7d5c0                           rvtest_init+0
x16 <- 0x000000007D5C0000

mem[X,0x0000000080000004] -> 0x0813
mem[X,0x0000000080000006] -> 0xDDB8
[1] [M]: 0x0000000080000004 (0xDDB80813) addi x16, x16, -0x225                      rvtest_init+4
x16 <- 0x000000007D5BFDDB

clint mtime 0x0000000000000001 (mip.MTI <- 0b1, mip.STI <- 0b0)
mem[X,0x0000000080000008] -> 0x1813
mem[X,0x000000008000000A] -> 0x00B8
[2] [M]: 0x0000000080000008 (0x00B81813) slli x16, x16, 0xb                         rvtest_init+8
x16 <- 0x000003EADFEED800

mem[X,0x000000008000000C] -> 0x0813
mem[X,0x000000008000000E] -> 0x3EA8
[3] [M]: 0x000000008000000C (0x3EA80813) addi x16, x16, 0x3ea                       rvtest_init+12
x16 <- 0x000003EADFEEDBEA

clint mtime 0x0000000000000002 (mip.MTI <- 0b1, mip.STI <- 0b0)
mem[X,0x0000000080000010] -> 0x1813
mem[X,0x0000000080000012] -> 0x00B8
[4] [M]: 0x0000000080000010 (0x00B81813) slli x16, x16, 0xb                         rvtest_init+16
x16 <- 0x001F56FF76DF5000

mem[X,0x0000000080000014] -> 0x0813
mem[X,0x0000000080000016] -> 0x6FF8
[5] [M]: 0x0000000080000014 (0x6FF80813) addi x16, x16, 0x6ff                       rvtest_init+20
x16 <- 0x001F56FF76DF56FF

clint mtime 0x0000000000000003 (mip.MTI <- 0b1, mip.STI <- 0b0)
mem[X,0x0000000080000018] -> 0x1813
mem[X,0x000000008000001A] -> 0x00A8
[6] [M]: 0x0000000080000018 (0x00A81813) slli x16, x16, 0xa                         rvtest_init+24
x16 <- 0x7D5BFDDB7D5BFC00

mem[X,0x000000008000001C] -> 0x0813
mem[X,0x000000008000001E] -> 0x1DB8
[7] [M]: 0x000000008000001C (0x1DB80813) addi x16, x16, 0x1db                       rvtest_init+28
x16 <- 0x7D5BFDDB7D5BFDDB

clint mtime 0x0000000000000004 (mip.MTI <- 0b1, mip.STI <- 0b0)
mem[X,0x0000000080000020] -> 0x5893
mem[X,0x0000000080000022] -> 0x0078
[8] [M]: 0x0000000080000020 (0x00785893) srli x17, x16, 0x7                         rvtest_init+32
x17 <- 0x00FAB7FBB6FAB7FB

mem[X,0x0000000080000024] -> 0x5793
mem[X,0x0000000080000026] -> 0x0398
[9] [M]: 0x0000000080000024 (0x03985793) srli x15, x16, 0x39                        rvtest_init+36
x15 <- 0x000000000000003E

clint mtime 0x0000000000000005 (mip.MTI <- 0b1, mip.STI <- 0b0)
mem[X,0x0000000080000028] -> 0xE8B3
mem[X,0x000000008000002A] -> 0x00F8
[10] [M]: 0x0000000080000028 (0x00F8E8B3) or x17, x17, x15                          rvtest_init+40
x17 <- 0x00FAB7FBB6FAB7FF

mem[X,0x000000008000002C] -> 0xD913
mem[X,0x000000008000002E] -> 0x0078
[11] [M]: 0x000000008000002C (0x0078D913) srli x18, x17, 0x7                        rvtest_init+44
x18 <- 0x0001F56FF76DF56F

clint mtime 0x0000000000000006 (mip.MTI <- 0b1, mip.STI <- 0b0)
mem[X,0x0000000080000030] -> 0xD793
mem[X,0x0000000080000032] -> 0x0398
[12] [M]: 0x0000000080000030 (0x0398D793) srli x15, x17, 0x39                       rvtest_init+48
x15 <- 0x0000000000000000

mem[X,0x0000000080000034] -> 0x6933
mem[X,0x0000000080000036] -> 0x00F9
[13] [M]: 0x0000000080000034 (0x00F96933) or x18, x18, x15                          rvtest_init+52
x18 <- 0x0001F56FF76DF56F

clint mtime 0x0000000000000007 (mip.MTI <- 0b1, mip.STI <- 0b0)
mem[X,0x0000000080000038] -> 0x5993
mem[X,0x000000008000003A] -> 0x0079
[14] [M]: 0x0000000080000038 (0x00795993) srli x19, x18, 0x7                        rvtest_init+56
x19 <- 0x000003EADFEEDBEA

mem[X,0x000000008000003C] -> 0x5793
mem[X,0x000000008000003E] -> 0x0399
[15] [M]: 0x000000008000003C (0x03995793) srli x15, x18, 0x39                       rvtest_init+60
x15 <- 0x0000000000000000

clint mtime 0x0000000000000008 (mip.MTI <- 0b1, mip.STI <- 0b0)
mem[X,0x0000000080000040] -> 0xE9B3
mem[X,0x0000000080000042] -> 0x00F9
[16] [M]: 0x0000000080000040 (0x00F9E9B3) or x19, x19, x15                          rvtest_init+64
x19 <- 0x000003EADFEEDBEA

mem[X,0x0000000080000044] -> 0xDA13
mem[X,0x0000000080000046] -> 0x0079
[17] [M]: 0x0000000080000044 (0x0079DA13) srli x20, x19, 0x7                        rvtest_init+68
x20 <- 0x00000007D5BFDDB7

clint mtime 0x0000000000000009 (mip.MTI <- 0b1, mip.STI <- 0b0)
mem[X,0x0000000080000048] -> 0xD793
mem[X,0x000000008000004A] -> 0x0399
[18] [M]: 0x0000000080000048 (0x0399D793) srli x15, x19, 0x39                       rvtest_init+72
x15 <- 0x0000000000000000

mem[X,0x000000008000004C] -> 0x6A33
mem[X,0x000000008000004E] -> 0x00FA
[19] [M]: 0x000000008000004C (0x00FA6A33) or x20, x20, x15                          rvtest_init+76
x20 <- 0x00000007D5BFDDB7

clint mtime 0x000000000000000A (mip.MTI <- 0b1, mip.STI <- 0b0)
mem[X,0x0000000080000050] -> 0x5A93
mem[X,0x0000000080000052] -> 0x007A
[20] [M]: 0x0000000080000050 (0x007A5A93) srli x21, x20, 0x7                        rvtest_init+80
x21 <- 0x000000000FAB7FBB

mem[X,0x0000000080000054] -> 0x5793
mem[X,0x0000000080000056] -> 0x039A
[21] [M]: 0x0000000080000054 (0x039A5793) srli x15, x20, 0x39                       rvtest_init+84
x15 <- 0x0000000000000000

clint mtime 0x000000000000000B (mip.MTI <- 0b1, mip.STI <- 0b0)
mem[X,0x0000000080000058] -> 0xEAB3
mem[X,0x000000008000005A] -> 0x00FA
[22] [M]: 0x0000000080000058 (0x00FAEAB3) or x21, x21, x15                          rvtest_init+88
x21 <- 0x000000000FAB7FBB

mem[X,0x000000008000005C] -> 0xDB13
mem[X,0x000000008000005E] -> 0x007A
[23] [M]: 0x000000008000005C (0x007ADB13) srli x22, x21, 0x7                        rvtest_init+92
x22 <- 0x00000000001F56FF

clint mtime 0x000000000000000C (mip.MTI <- 0b1, mip.STI <- 0b0)
mem[X,0x0000000080000060] -> 0xD793
mem[X,0x0000000080000062] -> 0x039A
[24] [M]: 0x0000000080000060 (0x039AD793) srli x15, x21, 0x39                       rvtest_init+96
x15 <- 0x0000000000000000

mem[X,0x0000000080000064] -> 0x6B33
mem[X,0x0000000080000066] -> 0x00FB
[25] [M]: 0x0000000080000064 (0x00FB6B33) or x22, x22, x15                          rvtest_init+100
x22 <- 0x00000000001F56FF

clint mtime 0x000000000000000D (mip.MTI <- 0b1, mip.STI <- 0b0)
mem[X,0x0000000080000068] -> 0x5B93
mem[X,0x000000008000006A] -> 0x007B
[26] [M]: 0x0000000080000068 (0x007B5B93) srli x23, x22, 0x7                        rvtest_init+104
x23 <- 0x0000000000003EAD

mem[X,0x000000008000006C] -> 0x5793
mem[X,0x000000008000006E] -> 0x039B
[27] [M]: 0x000000008000006C (0x039B5793) srli x15, x22, 0x39                       rvtest_init+108
x15 <- 0x0000000000000000

clint mtime 0x000000000000000E (mip.MTI <- 0b1, mip.STI <- 0b0)
mem[X,0x0000000080000070] -> 0xEBB3
mem[X,0x0000000080000072] -> 0x00FB
[28] [M]: 0x0000000080000070 (0x00FBEBB3) or x23, x23, x15                          rvtest_init+112
x23 <- 0x0000000000003EAD

mem[X,0x0000000080000074] -> 0xDC13
mem[X,0x0000000080000076] -> 0x007B
[29] [M]: 0x0000000080000074 (0x007BDC13) srli x24, x23, 0x7                        rvtest_init+116
x24 <- 0x000000000000007D

clint mtime 0x000000000000000F (mip.MTI <- 0b1, mip.STI <- 0b0)
mem[X,0x0000000080000078] -> 0xD793
mem[X,0x000000008000007A] -> 0x039B
[30] [M]: 0x0000000080000078 (0x039BD793) srli x15, x23, 0x39                       rvtest_init+120
x15 <- 0x0000000000000000

mem[X,0x000000008000007C] -> 0x6C33
mem[X,0x000000008000007E] -> 0x00FC
[31] [M]: 0x000000008000007C (0x00FC6C33) or x24, x24, x15                          rvtest_init+124
x24 <- 0x000000000000007D

clint mtime 0x0000000000000010 (mip.MTI <- 0b1, mip.STI <- 0b0)
mem[X,0x0000000080000080] -> 0x5C93
mem[X,0x0000000080000082] -> 0x007C
[32] [M]: 0x0000000080000080 (0x007C5C93) srli x25, x24, 0x7                        rvtest_init+128
x25 <- 0x0000000000000000

mem[X,0x0000000080000084] -> 0x5793
mem[X,0x0000000080000086] -> 0x039C
[33] [M]: 0x0000000080000084 (0x039C5793) srli x15, x24, 0x39                       rvtest_init+132
x15 <- 0x0000000000000000

clint mtime 0x0000000000000011 (mip.MTI <- 0b1, mip.STI <- 0b0)
mem[X,0x0000000080000088] -> 0xECB3
mem[X,0x000000008000008A] -> 0x00FC
[34] [M]: 0x0000000080000088 (0x00FCECB3) or x25, x25, x15                          rvtest_init+136
x25 <- 0x0000000000000000

mem[X,0x000000008000008C] -> 0xDD13
mem[X,0x000000008000008E] -> 0x007C
[35] [M]: 0x000000008000008C (0x007CDD13) srli x26, x25, 0x7                        rvtest_init+140
x26 <- 0x0000000000000000

clint mtime 0x0000000000000012 (mip.MTI <- 0b1, mip.STI <- 0b0)
mem[X,0x0000000080000090] -> 0xD793
mem[X,0x0000000080000092] -> 0x039C
[36] [M]: 0x0000000080000090 (0x039CD793) srli x15, x25, 0x39                       rvtest_init+144
x15 <- 0x0000000000000000

mem[X,0x0000000080000094] -> 0x6D33
mem[X,0x0000000080000096] -> 0x00FD
[37] [M]: 0x0000000080000094 (0x00FD6D33) or x26, x26, x15                          rvtest_init+148
x26 <- 0x0000000000000000

clint mtime 0x0000000000000013 (mip.MTI <- 0b1, mip.STI <- 0b0)
mem[X,0x0000000080000098] -> 0x5D93
mem[X,0x000000008000009A] -> 0x007D
[38] [M]: 0x0000000080000098 (0x007D5D93) srli x27, x26, 0x7                        rvtest_init+152
x27 <- 0x0000000000000000

mem[X,0x000000008000009C] -> 0x5793
mem[X,0x000000008000009E] -> 0x039D
[39] [M]: 0x000000008000009C (0x039D5793) srli x15, x26, 0x39                       rvtest_init+156
x15 <- 0x0000000000000000

clint mtime 0x0000000000000014 (mip.MTI <- 0b1, mip.STI <- 0b0)
mem[X,0x00000000800000A0] -> 0xEDB3
mem[X,0x00000000800000A2] -> 0x00FD
[40] [M]: 0x00000000800000A0 (0x00FDEDB3) or x27, x27, x15                          rvtest_init+160
x27 <- 0x0000000000000000

mem[X,0x00000000800000A4] -> 0xDE13
mem[X,0x00000000800000A6] -> 0x007D
[41] [M]: 0x00000000800000A4 (0x007DDE13) srli x28, x27, 0x7                        rvtest_init+164
x28 <- 0x0000000000000000

clint mtime 0x0000000000000015 (mip.MTI <- 0b1, mip.STI <- 0b0)
mem[X,0x00000000800000A8] -> 0xD793
mem[X,0x00000000800000AA] -> 0x039D
[42] [M]: 0x00000000800000A8 (0x039DD793) srli x15, x27, 0x39                       rvtest_init+168
x15 <- 0x0000000000000000

mem[X,0x00000000800000AC] -> 0x6E33
mem[X,0x00000000800000AE] -> 0x00FE
[43] [M]: 0x00000000800000AC (0x00FE6E33) or x28, x28, x15                          rvtest_init+172
x28 <- 0x0000000000000000

clint mtime 0x0000000000000016 (mip.MTI <- 0b1, mip.STI <- 0b0)
mem[X,0x00000000800000B0] -> 0x5E93
mem[X,0x00000000800000B2] -> 0x007E
[44] [M]: 0x00000000800000B0 (0x007E5E93) srli x29, x28, 0x7                        rvtest_init+176
x29 <- 0x0000000000000000

mem[X,0x00000000800000B4] -> 0x5793
mem[X,0x00000000800000B6] -> 0x039E
[45] [M]: 0x00000000800000B4 (0x039E5793) srli x15, x28, 0x39                       rvtest_init+180
x15 <- 0x0000000000000000

clint mtime 0x0000000000000017 (mip.MTI <- 0b1, mip.STI <- 0b0)
mem[X,0x00000000800000B8] -> 0xEEB3
mem[X,0x00000000800000BA] -> 0x00FE
[46] [M]: 0x00000000800000B8 (0x00FEEEB3) or x29, x29, x15                          rvtest_init+184
x29 <- 0x0000000000000000

mem[X,0x00000000800000BC] -> 0xDF13
mem[X,0x00000000800000BE] -> 0x007E
[47] [M]: 0x00000000800000BC (0x007EDF13) srli x30, x29, 0x7                        rvtest_init+188
x30 <- 0x0000000000000000

clint mtime 0x0000000000000018 (mip.MTI <- 0b1, mip.STI <- 0b0)
mem[X,0x00000000800000C0] -> 0xD793
mem[X,0x00000000800000C2] -> 0x039E
[48] [M]: 0x00000000800000C0 (0x039ED793) srli x15, x29, 0x39                       rvtest_init+192
x15 <- 0x0000000000000000

mem[X,0x00000000800000C4] -> 0x6F33
mem[X,0x00000000800000C6] -> 0x00FF
[49] [M]: 0x00000000800000C4 (0x00FF6F33) or x30, x30, x15                          rvtest_init+196
x30 <- 0x0000000000000000

clint mtime 0x0000000000000019 (mip.MTI <- 0b1, mip.STI <- 0b0)
mem[X,0x00000000800000C8] -> 0xC0B7
mem[X,0x00000000800000CA] -> 0xFEED
[50] [M]: 0x00000000800000C8 (0xFEEDC0B7) lui x1, -0x1124                           rvtest_init+200
x1 <- 0xFFFFFFFFFEEDC000

mem[X,0x00000000800000CC] -> 0x8093
mem[X,0x00000000800000CE] -> 0xEAD0
[51] [M]: 0x00000000800000CC (0xEAD08093) addi x1, x1, -0x153                       rvtest_init+204
x1 <- 0xFFFFFFFFFEEDBEAD

clint mtime 0x000000000000001A (mip.MTI <- 0b1, mip.STI <- 0b0)
mem[X,0x00000000800000D0] -> 0x9093
mem[X,0x00000000800000D2] -> 0x00B0
[52] [M]: 0x00000000800000D0 (0x00B09093) slli x1, x1, 0xb                          rvtest_init+208
x1 <- 0xFFFFFFF76DF56800

mem[X,0x00000000800000D4] -> 0x8093
mem[X,0x00000000800000D6] -> 0x7F70
[53] [M]: 0x00000000800000D4 (0x7F708093) addi x1, x1, 0x7f7                        rvtest_init+212
x1 <- 0xFFFFFFF76DF56FF7

clint mtime 0x000000000000001B (mip.MTI <- 0b1, mip.STI <- 0b0)
mem[X,0x00000000800000D8] -> 0x9093
mem[X,0x00000000800000DA] -> 0x00B0
[54] [M]: 0x00000000800000D8 (0x00B09093) slli x1, x1, 0xb                          rvtest_init+216
x1 <- 0xFFFFBB6FAB7FB800

mem[X,0x00000000800000DC] -> 0x8093
mem[X,0x00000000800000DE] -> 0x36F0
[55] [M]: 0x00000000800000DC (0x36F08093) addi x1, x1, 0x36f                        rvtest_init+220
x1 <- 0xFFFFBB6FAB7FBB6F

clint mtime 0x000000000000001C (mip.MTI <- 0b1, mip.STI <- 0b0)
mem[X,0x00000000800000E0] -> 0x9093
mem[X,0x00000000800000E2] -> 0x00A0
[56] [M]: 0x00000000800000E0 (0x00A09093) slli x1, x1, 0xa                          rvtest_init+224
x1 <- 0xFEEDBEADFEEDBC00

mem[X,0x00000000800000E4] -> 0x8093
mem[X,0x00000000800000E6] -> 0x2AD0
[57] [M]: 0x00000000800000E4 (0x2AD08093) addi x1, x1, 0x2ad                        rvtest_init+228
x1 <- 0xFEEDBEADFEEDBEAD

clint mtime 0x000000000000001D (mip.MTI <- 0b1, mip.STI <- 0b0)
mem[X,0x00000000800000E8] -> 0xD113
mem[X,0x00000000800000EA] -> 0x0070
[58] [M]: 0x00000000800000E8 (0x0070D113) srli x2, x1, 0x7                          rvtest_init+232
x2 <- 0x01FDDB7D5BFDDB7D

mem[X,0x00000000800000EC] -> 0xD793
mem[X,0x00000000800000EE] -> 0x0390
[59] [M]: 0x00000000800000EC (0x0390D793) srli x15, x1, 0x39                        rvtest_init+236
x15 <- 0x000000000000007F

clint mtime 0x000000000000001E (mip.MTI <- 0b1, mip.STI <- 0b0)
mem[X,0x00000000800000F0] -> 0x6133
mem[X,0x00000000800000F2] -> 0x00F1
[60] [M]: 0x00000000800000F0 (0x00F16133) or x2, x2, x15                            rvtest_init+240
x2 <- 0x01FDDB7D5BFDDB7F

mem[X,0x00000000800000F4] -> 0x5193
mem[X,0x00000000800000F6] -> 0x0071
[61] [M]: 0x00000000800000F4 (0x00715193) srli x3, x2, 0x7                          rvtest_init+244
x3 <- 0x0003FBB6FAB7FBB6

clint mtime 0x000000000000001F (mip.MTI <- 0b1, mip.STI <- 0b0)
mem[X,0x00000000800000F8] -> 0x5793
mem[X,0x00000000800000FA] -> 0x0391
[62] [M]: 0x00000000800000F8 (0x03915793) srli x15, x2, 0x39                        rvtest_init+248
x15 <- 0x0000000000000000

mem[X,0x00000000800000FC] -> 0xE1B3
mem[X,0x00000000800000FE] -> 0x00F1
[63] [M]: 0x00000000800000FC (0x00F1E1B3) or x3, x3, x15                            rvtest_init+252
x3 <- 0x0003FBB6FAB7FBB6

clint mtime 0x0000000000000020 (mip.MTI <- 0b1, mip.STI <- 0b0)
mem[X,0x0000000080000100] -> 0xD213
mem[X,0x0000000080000102] -> 0x0071
[64] [M]: 0x0000000080000100 (0x0071D213) srli x4, x3, 0x7                          rvtest_init+256
x4 <- 0x000007F76DF56FF7

mem[X,0x0000000080000104] -> 0xD793
mem[X,0x0000000080000106] -> 0x0391
[65] [M]: 0x0000000080000104 (0x0391D793) srli x15, x3, 0x39                        rvtest_init+260
x15 <- 0x0000000000000000

clint mtime 0x0000000000000021 (mip.MTI <- 0b1, mip.STI <- 0b0)
mem[X,0x0000000080000108] -> 0x6233
mem[X,0x000000008000010A] -> 0x00F2
[66] [M]: 0x0000000080000108 (0x00F26233) or x4, x4, x15                            rvtest_init+264
x4 <- 0x000007F76DF56FF7

mem[X,0x000000008000010C] -> 0x5293
mem[X,0x000000008000010E] -> 0x0072
[67] [M]: 0x000000008000010C (0x00725293) srli x5, x4, 0x7                          rvtest_init+268
x5 <- 0x0000000FEEDBEADF

clint mtime 0x0000000000000022 (mip.MTI <- 0b1, mip.STI <- 0b0)
mem[X,0x0000000080000110] -> 0x5793
mem[X,0x0000000080000112] -> 0x0392
[68] [M]: 0x0000000080000110 (0x03925793) srli x15, x4, 0x39                        rvtest_init+272
x15 <- 0x0000000000000000

mem[X,0x0000000080000114] -> 0xE2B3
mem[X,0x0000000080000116] -> 0x00F2
[69] [M]: 0x0000000080000114 (0x00F2E2B3) or x5, x5, x15                            rvtest_init+276
x5 <- 0x0000000FEEDBEADF

clint mtime 0x0000000000000023 (mip.MTI <- 0b1, mip.STI <- 0b0)
mem[X,0x0000000080000118] -> 0xD313
mem[X,0x000000008000011A] -> 0x0072
[70] [M]: 0x0000000080000118 (0x0072D313) srli x6, x5, 0x7                          rvtest_init+280
x6 <- 0x000000001FDDB7D5

mem[X,0x000000008000011C] -> 0xD793
mem[X,0x000000008000011E] -> 0x0392
[71] [M]: 0x000000008000011C (0x0392D793) srli x15, x5, 0x39                        rvtest_init+284
x15 <- 0x0000000000000000

clint mtime 0x0000000000000024 (mip.MTI <- 0b1, mip.STI <- 0b0)
mem[X,0x0000000080000120] -> 0x6333
mem[X,0x0000000080000122] -> 0x00F3
[72] [M]: 0x0000000080000120 (0x00F36333) or x6, x6, x15                            rvtest_init+288
x6 <- 0x000000001FDDB7D5

mem[X,0x0000000080000124] -> 0x5393
mem[X,0x0000000080000126] -> 0x0073
[73] [M]: 0x0000000080000124 (0x00735393) srli x7, x6, 0x7                          rvtest_init+292
x7 <- 0x00000000003FBB6F

clint mtime 0x0000000000000025 (mip.MTI <- 0b1, mip.STI <- 0b0)
mem[X,0x0000000080000128] -> 0x5793
mem[X,0x000000008000012A] -> 0x0393
[74] [M]: 0x0000000080000128 (0x03935793) srli x15, x6, 0x39                        rvtest_init+296
x15 <- 0x0000000000000000

mem[X,0x000000008000012C] -> 0xE3B3
mem[X,0x000000008000012E] -> 0x00F3
[75] [M]: 0x000000008000012C (0x00F3E3B3) or x7, x7, x15                            rvtest_init+300
x7 <- 0x00000000003FBB6F

clint mtime 0x0000000000000026 (mip.MTI <- 0b1, mip.STI <- 0b0)
mem[X,0x0000000080000130] -> 0xD413
mem[X,0x0000000080000132] -> 0x0073
[76] [M]: 0x0000000080000130 (0x0073D413) srli x8, x7, 0x7                          rvtest_init+304
x8 <- 0x0000000000007F76

mem[X,0x0000000080000134] -> 0xD793
mem[X,0x0000000080000136] -> 0x0393
[77] [M]: 0x0000000080000134 (0x0393D793) srli x15, x7, 0x39                        rvtest_init+308
x15 <- 0x0000000000000000

clint mtime 0x0000000000000027 (mip.MTI <- 0b1, mip.STI <- 0b0)
mem[X,0x0000000080000138] -> 0x6433
mem[X,0x000000008000013A] -> 0x00F4
[78] [M]: 0x0000000080000138 (0x00F46433) or x8, x8, x15                            rvtest_init+312
x8 <- 0x0000000000007F76

mem[X,0x000000008000013C] -> 0x5493
mem[X,0x000000008000013E] -> 0x0074
[79] [M]: 0x000000008000013C (0x00745493) srli x9, x8, 0x7                          rvtest_init+316
x9 <- 0x00000000000000FE

clint mtime 0x0000000000000028 (mip.MTI <- 0b1, mip.STI <- 0b0)
mem[X,0x0000000080000140] -> 0x5793
mem[X,0x0000000080000142] -> 0x0394
[80] [M]: 0x0000000080000140 (0x03945793) srli x15, x8, 0x39                        rvtest_init+320
x15 <- 0x0000000000000000

mem[X,0x0000000080000144] -> 0xE4B3
mem[X,0x0000000080000146] -> 0x00F4
[81] [M]: 0x0000000080000144 (0x00F4E4B3) or x9, x9, x15                            rvtest_init+324
x9 <- 0x00000000000000FE

clint mtime 0x0000000000000029 (mip.MTI <- 0b1, mip.STI <- 0b0)
mem[X,0x0000000080000148] -> 0xD513
mem[X,0x000000008000014A] -> 0x0074
[82] [M]: 0x0000000080000148 (0x0074D513) srli x10, x9, 0x7                         rvtest_init+328
x10 <- 0x0000000000000001

mem[X,0x000000008000014C] -> 0xD793
mem[X,0x000000008000014E] -> 0x0394
[83] [M]: 0x000000008000014C (0x0394D793) srli x15, x9, 0x39                        rvtest_init+332
x15 <- 0x0000000000000000

clint mtime 0x000000000000002A (mip.MTI <- 0b1, mip.STI <- 0b0)
mem[X,0x0000000080000150] -> 0x6533
mem[X,0x0000000080000152] -> 0x00F5
[84] [M]: 0x0000000080000150 (0x00F56533) or x10, x10, x15                          rvtest_init+336
x10 <- 0x0000000000000001

mem[X,0x0000000080000154] -> 0x5593
mem[X,0x0000000080000156] -> 0x0075
[85] [M]: 0x0000000080000154 (0x00755593) srli x11, x10, 0x7                        rvtest_init+340
x11 <- 0x0000000000000000

clint mtime 0x000000000000002B (mip.MTI <- 0b1, mip.STI <- 0b0)
mem[X,0x0000000080000158] -> 0x5793
mem[X,0x000000008000015A] -> 0x0395
[86] [M]: 0x0000000080000158 (0x03955793) srli x15, x10, 0x39                       rvtest_init+344
x15 <- 0x0000000000000000

mem[X,0x000000008000015C] -> 0xE5B3
mem[X,0x000000008000015E] -> 0x00F5
[87] [M]: 0x000000008000015C (0x00F5E5B3) or x11, x11, x15                          rvtest_init+348
x11 <- 0x0000000000000000

clint mtime 0x000000000000002C (mip.MTI <- 0b1, mip.STI <- 0b0)
mem[X,0x0000000080000160] -> 0xD613
mem[X,0x0000000080000162] -> 0x0075
[88] [M]: 0x0000000080000160 (0x0075D613) srli x12, x11, 0x7                        rvtest_init+352
x12 <- 0x0000000000000000

mem[X,0x0000000080000164] -> 0xD793
mem[X,0x0000000080000166] -> 0x0395
[89] [M]: 0x0000000080000164 (0x0395D793) srli x15, x11, 0x39                       rvtest_init+356
x15 <- 0x0000000000000000

clint mtime 0x000000000000002D (mip.MTI <- 0b1, mip.STI <- 0b0)
mem[X,0x0000000080000168] -> 0x6633
mem[X,0x000000008000016A] -> 0x00F6
[90] [M]: 0x0000000080000168 (0x00F66633) or x12, x12, x15                          rvtest_init+360
x12 <- 0x0000000000000000

mem[X,0x000000008000016C] -> 0x5693
mem[X,0x000000008000016E] -> 0x0076
[91] [M]: 0x000000008000016C (0x00765693) srli x13, x12, 0x7                        rvtest_init+364
x13 <- 0x0000000000000000

clint mtime 0x000000000000002E (mip.MTI <- 0b1, mip.STI <- 0b0)
mem[X,0x0000000080000170] -> 0x5793
mem[X,0x0000000080000172] -> 0x0396
[92] [M]: 0x0000000080000170 (0x03965793) srli x15, x12, 0x39                       rvtest_init+368
x15 <- 0x0000000000000000

mem[X,0x0000000080000174] -> 0xE6B3
mem[X,0x0000000080000176] -> 0x00F6
[93] [M]: 0x0000000080000174 (0x00F6E6B3) or x13, x13, x15                          rvtest_init+372
x13 <- 0x0000000000000000

clint mtime 0x000000000000002F (mip.MTI <- 0b1, mip.STI <- 0b0)
mem[X,0x0000000080000178] -> 0x0013
mem[X,0x000000008000017A] -> 0x0000
[94] [M]: 0x0000000080000178 (0x00000013) addi x0, x0, 0x0                          rvtest_code_begin+0

mem[X,0x000000008000017C] -> 0x0013
mem[X,0x000000008000017E] -> 0x0000
[95] [M]: 0x000000008000017C (0x00000013) addi x0, x0, 0x0                          rvtest_code_begin+4

clint mtime 0x0000000000000030 (mip.MTI <- 0b1, mip.STI <- 0b0)
mem[X,0x0000000080000180] -> 0x4517
mem[X,0x0000000080000182] -> 0x0000
[96] [M]: 0x0000000080000180 (0x00004517) auipc x10, 0x4                            rvtest_code_begin+8
x10 <- 0x0000000080004180

mem[X,0x0000000080000184] -> 0x0513
mem[X,0x0000000080000186] -> 0xF985
[97] [M]: 0x0000000080000184 (0xF9850513) addi x10, x10, -0x68                      rvtest_code_begin+12
x10 <- 0x0000000080004118

clint mtime 0x0000000000000031 (mip.MTI <- 0b1, mip.STI <- 0b0)
mem[X,0x0000000080000188] -> 0x0013
mem[X,0x000000008000018A] -> 0x0000
[98] [M]: 0x0000000080000188 (0x00000013) addi x0, x0, 0x0                          rvtest_code_begin+16

mem[X,0x000000008000018C] -> 0x0013
mem[X,0x000000008000018E] -> 0x0000
[99] [M]: 0x000000008000018C (0x00000013) addi x0, x0, 0x0                          rvtest_code_begin+20

clint mtime 0x0000000000000032 (mip.MTI <- 0b1, mip.STI <- 0b0)
mem[X,0x0000000080000190] -> 0x0013
mem[X,0x0000000080000192] -> 0x0000
[100] [M]: 0x0000000080000190 (0x00000013) addi x0, x0, 0x0                         rvtest_code_begin+24

mem[X,0x0000000080000194] -> 0x0013
mem[X,0x0000000080000196] -> 0x0000
[101] [M]: 0x0000000080000194 (0x00000013) addi x0, x0, 0x0                         rvtest_code_begin+28

clint mtime 0x0000000000000033 (mip.MTI <- 0b1, mip.STI <- 0b0)
mem[X,0x0000000080000198] -> 0x0013
mem[X,0x000000008000019A] -> 0x0000
[102] [M]: 0x0000000080000198 (0x00000013) addi x0, x0, 0x0                         rvtest_code_begin+32

mem[X,0x000000008000019C] -> 0x0013
mem[X,0x000000008000019E] -> 0x0000
[103] [M]: 0x000000008000019C (0x00000013) addi x0, x0, 0x0                         rvtest_code_begin+36

clint mtime 0x0000000000000034 (mip.MTI <- 0b1, mip.STI <- 0b0)
mem[X,0x00000000800001A0] -> 0x0897
mem[X,0x00000000800001A2] -> 0x0000
[104] [M]: 0x00000000800001A0 (0x00000897) auipc x17, 0x0                           inst_0+0
x17 <- 0x00000000800001A0

mem[X,0x00000000800001A4] -> 0x8893
mem[X,0x00000000800001A6] -> 0x0288
[105] [M]: 0x00000000800001A4 (0x02888893) addi x17, x17, 0x28                      inst_0+4
x17 <- 0x00000000800001C8

clint mtime 0x0000000000000035 (mip.MTI <- 0b1, mip.STI <- 0b0)
mem[X,0x00000000800001A8] -> 0x0001
[106] [M]: 0x00000000800001A8 (0x0001) c.nop                                        inst_0+8

mem[X,0x00000000800001AA] -> 0x0013
mem[X,0x00000000800001AC] -> 0x0000
[107] [M]: 0x00000000800001AA (0x00000013) addi x0, x0, 0x0                         inst_0+10

clint mtime 0x0000000000000036 (mip.MTI <- 0b1, mip.STI <- 0b0)
mem[X,0x00000000800001AE] -> 0x0013
mem[X,0x00000000800001B0] -> 0x0000
[108] [M]: 0x00000000800001AE (0x00000013) addi x0, x0, 0x0                         inst_0+14

mem[X,0x00000000800001B2] -> 0x0013
mem[X,0x00000000800001B4] -> 0x0000
[109] [M]: 0x00000000800001B2 (0x00000013) addi x0, x0, 0x0                         inst_0+18

clint mtime 0x0000000000000037 (mip.MTI <- 0b1, mip.STI <- 0b0)
mem[X,0x00000000800001B6] -> 0x0013
mem[X,0x00000000800001B8] -> 0x0000
[110] [M]: 0x00000000800001B6 (0x00000013) addi x0, x0, 0x0                         inst_0+22

mem[X,0x00000000800001BA] -> 0x0013
mem[X,0x00000000800001BC] -> 0x0000
[111] [M]: 0x00000000800001BA (0x00000013) addi x0, x0, 0x0                         inst_0+26

clint mtime 0x0000000000000038 (mip.MTI <- 0b1, mip.STI <- 0b0)
mem[X,0x00000000800001BE] -> 0x0001
[112] [M]: 0x00000000800001BE (0x0001) c.nop                                        inst_0+30

mem[X,0x00000000800001C0] -> 0x9882
[113] [M]: 0x00000000800001C0 (0x9882) c.jalr x17                                   inst_0+32
x1 <- 0x00000000800001C2

clint mtime 0x0000000000000039 (mip.MTI <- 0b1, mip.STI <- 0b0)
mem[X,0x00000000800001C8] -> 0xC093
mem[X,0x00000000800001CA] -> 0x0030
[114] [M]: 0x00000000800001C8 (0x0030C093) xori x1, x1, 0x3                         inst_0+40
x1 <- 0x00000000800001C1

mem[X,0x00000000800001CC] -> 0x0013
mem[X,0x00000000800001CE] -> 0x0000
[115] [M]: 0x00000000800001CC (0x00000013) addi x0, x0, 0x0                         inst_0+44

clint mtime 0x000000000000003A (mip.MTI <- 0b1, mip.STI <- 0b0)
mem[X,0x00000000800001D0] -> 0x0013
mem[X,0x00000000800001D2] -> 0x0000
[116] [M]: 0x00000000800001D0 (0x00000013) addi x0, x0, 0x0                         inst_0+48

mem[X,0x00000000800001D4] -> 0x0013
mem[X,0x00000000800001D6] -> 0x0000
[117] [M]: 0x00000000800001D4 (0x00000013) addi x0, x0, 0x0                         inst_0+52

clint mtime 0x000000000000003B (mip.MTI <- 0b1, mip.STI <- 0b0)
mem[X,0x00000000800001D8] -> 0x0013
mem[X,0x00000000800001DA] -> 0x0000
[118] [M]: 0x00000000800001D8 (0x00000013) addi x0, x0, 0x0                         inst_0+56

mem[X,0x00000000800001DC] -> 0x0013
mem[X,0x00000000800001DE] -> 0x0000
[119] [M]: 0x00000000800001DC (0x00000013) addi x0, x0, 0x0                         inst_0+60

clint mtime 0x000000000000003C (mip.MTI <- 0b1, mip.STI <- 0b0)
mem[X,0x00000000800001E0] -> 0x0617
mem[X,0x00000000800001E2] -> 0x0000
[120] [M]: 0x00000000800001E0 (0x00000617) auipc x12, 0x0                           inst_0+64
x12 <- 0x00000000800001E0

mem[X,0x00000000800001E4] -> 0x0613
mem[X,0x00000000800001E6] -> 0xFC06
[121] [M]: 0x00000000800001E4 (0xFC060613) addi x12, x12, -0x40                     inst_0+68
x12 <- 0x00000000800001A0

clint mtime 0x000000000000003D (mip.MTI <- 0b1, mip.STI <- 0b0)
mem[X,0x00000000800001E8] -> 0x0013
mem[X,0x00000000800001EA] -> 0x0000
[122] [M]: 0x00000000800001E8 (0x00000013) addi x0, x0, 0x0                         inst_0+72

mem[X,0x00000000800001EC] -> 0x0013
mem[X,0x00000000800001EE] -> 0x0000
[123] [M]: 0x00000000800001EC (0x00000013) addi x0, x0, 0x0                         inst_0+76

clint mtime 0x000000000000003E (mip.MTI <- 0b1, mip.STI <- 0b0)
mem[X,0x00000000800001F0] -> 0x0013
mem[X,0x00000000800001F2] -> 0x0000
[124] [M]: 0x00000000800001F0 (0x00000013) addi x0, x0, 0x0                         inst_0+80

mem[X,0x00000000800001F4] -> 0x0013
mem[X,0x00000000800001F6] -> 0x0000
[125] [M]: 0x00000000800001F4 (0x00000013) addi x0, x0, 0x0                         inst_0+84

clint mtime 0x000000000000003F (mip.MTI <- 0b1, mip.STI <- 0b0)
mem[X,0x00000000800001F8] -> 0x0013
mem[X,0x00000000800001FA] -> 0x0000
[126] [M]: 0x00000000800001F8 (0x00000013) addi x0, x0, 0x0                         inst_0+88

mem[X,0x00000000800001FC] -> 0x0013
mem[X,0x00000000800001FE] -> 0x0000
[127] [M]: 0x00000000800001FC (0x00000013) addi x0, x0, 0x0                         inst_0+92

clint mtime 0x0000000000000040 (mip.MTI <- 0b1, mip.STI <- 0b0)
mem[X,0x0000000080000200] -> 0x9A71
[128] [M]: 0x0000000080000200 (0x9A71) c.andi x12, -0x4                             inst_0+96
x12 <- 0x00000000800001A0

mem[X,0x0000000080000202] -> 0x80B3
mem[X,0x0000000080000204] -> 0x40C0
[129] [M]: 0x0000000080000202 (0x40C080B3) sub x1, x1, x12                          inst_0+98
x1 <- 0x0000000000000021

clint mtime 0x0000000000000041 (mip.MTI <- 0b1, mip.STI <- 0b0)
mem[X,0x0000000080000206] -> 0x3023
mem[X,0x0000000080000208] -> 0x0015
[130] [M]: 0x0000000080000206 (0x00153023) sd x1, 0x0(x10)                          inst_0+102
mem[W,0x0000000080004118] <- 0x0000000000000021

mem[X,0x000000008000020A] -> 0x0013
mem[X,0x000000008000020C] -> 0x0000
[131] [M]: 0x000000008000020A (0x00000013) addi x0, x0, 0x0                         inst_1+0

clint mtime 0x0000000000000042 (mip.MTI <- 0b1, mip.STI <- 0b0)
mem[X,0x000000008000020E] -> 0x0013
mem[X,0x0000000080000210] -> 0x0000
[132] [M]: 0x000000008000020E (0x00000013) addi x0, x0, 0x0                         inst_1+4

mem[X,0x0000000080000212] -> 0x0013
mem[X,0x0000000080000214] -> 0x0000
[133] [M]: 0x0000000080000212 (0x00000013) addi x0, x0, 0x0                         inst_1+8

clint mtime 0x0000000000000043 (mip.MTI <- 0b1, mip.STI <- 0b0)
mem[X,0x0000000080000216] -> 0x0013
mem[X,0x0000000080000218] -> 0x0000
[134] [M]: 0x0000000080000216 (0x00000013) addi x0, x0, 0x0                         inst_1+12

mem[X,0x000000008000021A] -> 0x0013
mem[X,0x000000008000021C] -> 0x0000
[135] [M]: 0x000000008000021A (0x00000013) addi x0, x0, 0x0                         inst_1+16

clint mtime 0x0000000000000044 (mip.MTI <- 0b1, mip.STI <- 0b0)
mem[X,0x000000008000021E] -> 0x0001
[136] [M]: 0x000000008000021E (0x0001) c.nop                                        inst_1+20

mem[X,0x0000000080000220] -> 0x0197
mem[X,0x0000000080000222] -> 0x0000
[137] [M]: 0x0000000080000220 (0x00000197) auipc x3, 0x0                            inst_1+22
x3 <- 0x0000000080000220

clint mtime 0x0000000000000045 (mip.MTI <- 0b1, mip.STI <- 0b0)
mem[X,0x0000000080000224] -> 0x8193
mem[X,0x0000000080000226] -> 0x0281
[138] [M]: 0x0000000080000224 (0x02818193) addi x3, x3, 0x28                        inst_1+26
x3 <- 0x0000000080000248

mem[X,0x0000000080000228] -> 0x0013
mem[X,0x000000008000022A] -> 0x0000
[139] [M]: 0x0000000080000228 (0x00000013) addi x0, x0, 0x0                         inst_1+30

clint mtime 0x0000000000000046 (mip.MTI <- 0b1, mip.STI <- 0b0)
mem[X,0x000000008000022C] -> 0x0013
mem[X,0x000000008000022E] -> 0x0000
[140] [M]: 0x000000008000022C (0x00000013) addi x0, x0, 0x0                         inst_1+34

mem[X,0x0000000080000230] -> 0x0013
mem[X,0x0000000080000232] -> 0x0000
[141] [M]: 0x0000000080000230 (0x00000013) addi x0, x0, 0x0                         inst_1+38

clint mtime 0x0000000000000047 (mip.MTI <- 0b1, mip.STI <- 0b0)
mem[X,0x0000000080000234] -> 0x0013
mem[X,0x0000000080000236] -> 0x0000
[142] [M]: 0x0000000080000234 (0x00000013) addi x0, x0, 0x0                         inst_1+42

mem[X,0x0000000080000238] -> 0x0013
mem[X,0x000000008000023A] -> 0x0000
[143] [M]: 0x0000000080000238 (0x00000013) addi x0, x0, 0x0                         inst_1+46

clint mtime 0x0000000000000048 (mip.MTI <- 0b1, mip.STI <- 0b0)
mem[X,0x000000008000023C] -> 0x0013
mem[X,0x000000008000023E] -> 0x0000
[144] [M]: 0x000000008000023C (0x00000013) addi x0, x0, 0x0                         inst_1+50

mem[X,0x0000000080000240] -> 0x9182
[145] [M]: 0x0000000080000240 (0x9182) c.jalr x3                                    inst_1+54
x1 <- 0x0000000080000242

clint mtime 0x0000000000000049 (mip.MTI <- 0b1, mip.STI <- 0b0)
mem[X,0x0000000080000248] -> 0xC093
mem[X,0x000000008000024A] -> 0x0030
[146] [M]: 0x0000000080000248 (0x0030C093) xori x1, x1, 0x3                         inst_1+62
x1 <- 0x0000000080000241

mem[X,0x000000008000024C] -> 0x0013
mem[X,0x000000008000024E] -> 0x0000
[147] [M]: 0x000000008000024C (0x00000013) addi x0, x0, 0x0                         inst_1+66

clint mtime 0x000000000000004A (mip.MTI <- 0b1, mip.STI <- 0b0)
mem[X,0x0000000080000250] -> 0x0013
mem[X,0x0000000080000252] -> 0x0000
[148] [M]: 0x0000000080000250 (0x00000013) addi x0, x0, 0x0                         inst_1+70

mem[X,0x0000000080000254] -> 0x0013
mem[X,0x0000000080000256] -> 0x0000
[149] [M]: 0x0000000080000254 (0x00000013) addi x0, x0, 0x0                         inst_1+74

clint mtime 0x000000000000004B (mip.MTI <- 0b1, mip.STI <- 0b0)
mem[X,0x0000000080000258] -> 0x0013
mem[X,0x000000008000025A] -> 0x0000
[150] [M]: 0x0000000080000258 (0x00000013) addi x0, x0, 0x0                         inst_1+78

mem[X,0x000000008000025C] -> 0x0013
mem[X,0x000000008000025E] -> 0x0000
[151] [M]: 0x000000008000025C (0x00000013) addi x0, x0, 0x0                         inst_1+82

clint mtime 0x000000000000004C (mip.MTI <- 0b1, mip.STI <- 0b0)
mem[X,0x0000000080000260] -> 0x0617
mem[X,0x0000000080000262] -> 0x0000
[152] [M]: 0x0000000080000260 (0x00000617) auipc x12, 0x0                           inst_1+86
x12 <- 0x0000000080000260

mem[X,0x0000000080000264] -> 0x0613
mem[X,0x0000000080000266] -> 0xFAA6
[153] [M]: 0x0000000080000264 (0xFAA60613) addi x12, x12, -0x56                     inst_1+90
x12 <- 0x000000008000020A

clint mtime 0x000000000000004D (mip.MTI <- 0b1, mip.STI <- 0b0)
mem[X,0x0000000080000268] -> 0x0013
mem[X,0x000000008000026A] -> 0x0000
[154] [M]: 0x0000000080000268 (0x00000013) addi x0, x0, 0x0                         inst_1+94

mem[X,0x000000008000026C] -> 0x0013
mem[X,0x000000008000026E] -> 0x0000
[155] [M]: 0x000000008000026C (0x00000013) addi x0, x0, 0x0                         inst_1+98

clint mtime 0x000000000000004E (mip.MTI <- 0b1, mip.STI <- 0b0)
mem[X,0x0000000080000270] -> 0x0013
mem[X,0x0000000080000272] -> 0x0000
[156] [M]: 0x0000000080000270 (0x00000013) addi x0, x0, 0x0                         inst_1+102

mem[X,0x0000000080000274] -> 0x0013
mem[X,0x0000000080000276] -> 0x0000
[157] [M]: 0x0000000080000274 (0x00000013) addi x0, x0, 0x0                         inst_1+106

clint mtime 0x000000000000004F (mip.MTI <- 0b1, mip.STI <- 0b0)
mem[X,0x0000000080000278] -> 0x0013
mem[X,0x000000008000027A] -> 0x0000
[158] [M]: 0x0000000080000278 (0x00000013) addi x0, x0, 0x0                         inst_1+110

mem[X,0x000000008000027C] -> 0x0013
mem[X,0x000000008000027E] -> 0x0000
[159] [M]: 0x000000008000027C (0x00000013) addi x0, x0, 0x0                         inst_1+114

clint mtime 0x0000000000000050 (mip.MTI <- 0b1, mip.STI <- 0b0)
mem[X,0x0000000080000280] -> 0x9A71
[160] [M]: 0x0000000080000280 (0x9A71) c.andi x12, -0x4                             inst_1+118
x12 <- 0x0000000080000208

mem[X,0x0000000080000282] -> 0x80B3
mem[X,0x0000000080000284] -> 0x40C0
[161] [M]: 0x0000000080000282 (0x40C080B3) sub x1, x1, x12                          inst_1+120
x1 <- 0x0000000000000039

clint mtime 0x0000000000000051 (mip.MTI <- 0b1, mip.STI <- 0b0)
mem[X,0x0000000080000286] -> 0x3423
mem[X,0x0000000080000288] -> 0x0015
[162] [M]: 0x0000000080000286 (0x00153423) sd x1, 0x8(x10)                          inst_1+124
mem[W,0x0000000080004120] <- 0x0000000000000039

mem[X,0x000000008000028A] -> 0x0013
mem[X,0x000000008000028C] -> 0x0000
[163] [M]: 0x000000008000028A (0x00000013) addi x0, x0, 0x0                         inst_2+0

clint mtime 0x0000000000000052 (mip.MTI <- 0b1, mip.STI <- 0b0)
mem[X,0x000000008000028E] -> 0x0013
mem[X,0x0000000080000290] -> 0x0000
[164] [M]: 0x000000008000028E (0x00000013) addi x0, x0, 0x0                         inst_2+4

mem[X,0x0000000080000292] -> 0x0013
mem[X,0x0000000080000294] -> 0x0000
[165] [M]: 0x0000000080000292 (0x00000013) addi x0, x0, 0x0                         inst_2+8

clint mtime 0x0000000000000053 (mip.MTI <- 0b1, mip.STI <- 0b0)
mem[X,0x0000000080000296] -> 0x0013
mem[X,0x0000000080000298] -> 0x0000
[166] [M]: 0x0000000080000296 (0x00000013) addi x0, x0, 0x0                         inst_2+12

mem[X,0x000000008000029A] -> 0x0013
mem[X,0x000000008000029C] -> 0x0000
[167] [M]: 0x000000008000029A (0x00000013) addi x0, x0, 0x0                         inst_2+16

clint mtime 0x0000000000000054 (mip.MTI <- 0b1, mip.STI <- 0b0)
mem[X,0x000000008000029E] -> 0x0001
[168] [M]: 0x000000008000029E (0x0001) c.nop                                        inst_2+20

mem[X,0x00000000800002A0] -> 0x0A17
mem[X,0x00000000800002A2] -> 0x0000
[169] [M]: 0x00000000800002A0 (0x00000A17) auipc x20, 0x0                           inst_2+22
x20 <- 0x00000000800002A0

clint mtime 0x0000000000000055 (mip.MTI <- 0b1, mip.STI <- 0b0)
mem[X,0x00000000800002A4] -> 0x0A13
mem[X,0x00000000800002A6] -> 0x028A
[170] [M]: 0x00000000800002A4 (0x028A0A13) addi x20, x20, 0x28                      inst_2+26
x20 <- 0x00000000800002C8

mem[X,0x00000000800002A8] -> 0x0013
mem[X,0x00000000800002AA] -> 0x0000
[171] [M]: 0x00000000800002A8 (0x00000013) addi x0, x0, 0x0                         inst_2+30

clint mtime 0x0000000000000056 (mip.MTI <- 0b1, mip.STI <- 0b0)
mem[X,0x00000000800002AC] -> 0x0013
mem[X,0x00000000800002AE] -> 0x0000
[172] [M]: 0x00000000800002AC (0x00000013) addi x0, x0, 0x0                         inst_2+34

mem[X,0x00000000800002B0] -> 0x0013
mem[X,0x00000000800002B2] -> 0x0000
[173] [M]: 0x00000000800002B0 (0x00000013) addi x0, x0, 0x0                         inst_2+38

clint mtime 0x0000000000000057 (mip.MTI <- 0b1, mip.STI <- 0b0)
mem[X,0x00000000800002B4] -> 0x0013
mem[X,0x00000000800002B6] -> 0x0000
[174] [M]: 0x00000000800002B4 (0x00000013) addi x0, x0, 0x0                         inst_2+42

mem[X,0x00000000800002B8] -> 0x0013
mem[X,0x00000000800002BA] -> 0x0000
[175] [M]: 0x00000000800002B8 (0x00000013) addi x0, x0, 0x0                         inst_2+46

clint mtime 0x0000000000000058 (mip.MTI <- 0b1, mip.STI <- 0b0)
mem[X,0x00000000800002BC] -> 0x0013
mem[X,0x00000000800002BE] -> 0x0000
[176] [M]: 0x00000000800002BC (0x00000013) addi x0, x0, 0x0                         inst_2+50

mem[X,0x00000000800002C0] -> 0x9A02
[177] [M]: 0x00000000800002C0 (0x9A02) c.jalr x20                                   inst_2+54
x1 <- 0x00000000800002C2

clint mtime 0x0000000000000059 (mip.MTI <- 0b1, mip.STI <- 0b0)
mem[X,0x00000000800002C8] -> 0xC093
mem[X,0x00000000800002CA] -> 0x0030
[178] [M]: 0x00000000800002C8 (0x0030C093) xori x1, x1, 0x3                         inst_2+62
x1 <- 0x00000000800002C1

mem[X,0x00000000800002CC] -> 0x0013
mem[X,0x00000000800002CE] -> 0x0000
[179] [M]: 0x00000000800002CC (0x00000013) addi x0, x0, 0x0                         inst_2+66

clint mtime 0x000000000000005A (mip.MTI <- 0b1, mip.STI <- 0b0)
mem[X,0x00000000800002D0] -> 0x0013
mem[X,0x00000000800002D2] -> 0x0000
[180] [M]: 0x00000000800002D0 (0x00000013) addi x0, x0, 0x0                         inst_2+70

mem[X,0x00000000800002D4] -> 0x0013
mem[X,0x00000000800002D6] -> 0x0000
[181] [M]: 0x00000000800002D4 (0x00000013) addi x0, x0, 0x0                         inst_2+74

clint mtime 0x000000000000005B (mip.MTI <- 0b1, mip.STI <- 0b0)
mem[X,0x00000000800002D8] -> 0x0013
mem[X,0x00000000800002DA] -> 0x0000
[182] [M]: 0x00000000800002D8 (0x00000013) addi x0, x0, 0x0                         inst_2+78

mem[X,0x00000000800002DC] -> 0x0013
mem[X,0x00000000800002DE] -> 0x0000
[183] [M]: 0x00000000800002DC (0x00000013) addi x0, x0, 0x0                         inst_2+82

clint mtime 0x000000000000005C (mip.MTI <- 0b1, mip.STI <- 0b0)
mem[X,0x00000000800002E0] -> 0x0617
mem[X,0x00000000800002E2] -> 0x0000
[184] [M]: 0x00000000800002E0 (0x00000617) auipc x12, 0x0                           inst_2+86
x12 <- 0x00000000800002E0

mem[X,0x00000000800002E4] -> 0x0613
mem[X,0x00000000800002E6] -> 0xFAA6
[185] [M]: 0x00000000800002E4 (0xFAA60613) addi x12, x12, -0x56                     inst_2+90
x12 <- 0x000000008000028A

clint mtime 0x000000000000005D (mip.MTI <- 0b1, mip.STI <- 0b0)
mem[X,0x00000000800002E8] -> 0x0013
mem[X,0x00000000800002EA] -> 0x0000
[186] [M]: 0x00000000800002E8 (0x00000013) addi x0, x0, 0x0                         inst_2+94

mem[X,0x00000000800002EC] -> 0x0013
mem[X,0x00000000800002EE] -> 0x0000
[187] [M]: 0x00000000800002EC (0x00000013) addi x0, x0, 0x0                         inst_2+98

clint mtime 0x000000000000005E (mip.MTI <- 0b1, mip.STI <- 0b0)
mem[X,0x00000000800002F0] -> 0x0013
mem[X,0x00000000800002F2] -> 0x0000
[188] [M]: 0x00000000800002F0 (0x00000013) addi x0, x0, 0x0                         inst_2+102

mem[X,0x00000000800002F4] -> 0x0013
mem[X,0x00000000800002F6] -> 0x0000
[189] [M]: 0x00000000800002F4 (0x00000013) addi x0, x0, 0x0                         inst_2+106

clint mtime 0x000000000000005F (mip.MTI <- 0b1, mip.STI <- 0b0)
mem[X,0x00000000800002F8] -> 0x0013
mem[X,0x00000000800002FA] -> 0x0000
[190] [M]: 0x00000000800002F8 (0x00000013) addi x0, x0, 0x0                         inst_2+110

mem[X,0x00000000800002FC] -> 0x0013
mem[X,0x00000000800002FE] -> 0x0000
[191] [M]: 0x00000000800002FC (0x00000013) addi x0, x0, 0x0                         inst_2+114

clint mtime 0x0000000000000060 (mip.MTI <- 0b1, mip.STI <- 0b0)
mem[X,0x0000000080000300] -> 0x9A71
[192] [M]: 0x0000000080000300 (0x9A71) c.andi x12, -0x4                             inst_2+118
x12 <- 0x0000000080000288

mem[X,0x0000000080000302] -> 0x80B3
mem[X,0x0000000080000304] -> 0x40C0
[193] [M]: 0x0000000080000302 (0x40C080B3) sub x1, x1, x12                          inst_2+120
x1 <- 0x0000000000000039

clint mtime 0x0000000000000061 (mip.MTI <- 0b1, mip.STI <- 0b0)
mem[X,0x0000000080000306] -> 0x3823
mem[X,0x0000000080000308] -> 0x0015
[194] [M]: 0x0000000080000306 (0x00153823) sd x1, 0x10(x10)                         inst_2+124
mem[W,0x0000000080004128] <- 0x0000000000000039

mem[X,0x000000008000030A] -> 0x0013
mem[X,0x000000008000030C] -> 0x0000
[195] [M]: 0x000000008000030A (0x00000013) addi x0, x0, 0x0                         inst_3+0

clint mtime 0x0000000000000062 (mip.MTI <- 0b1, mip.STI <- 0b0)
mem[X,0x000000008000030E] -> 0x0013
mem[X,0x0000000080000310] -> 0x0000
[196] [M]: 0x000000008000030E (0x00000013) addi x0, x0, 0x0                         inst_3+4

mem[X,0x0000000080000312] -> 0x0013
mem[X,0x0000000080000314] -> 0x0000
[197] [M]: 0x0000000080000312 (0x00000013) addi x0, x0, 0x0                         inst_3+8

clint mtime 0x0000000000000063 (mip.MTI <- 0b1, mip.STI <- 0b0)
mem[X,0x0000000080000316] -> 0x0013
mem[X,0x0000000080000318] -> 0x0000
[198] [M]: 0x0000000080000316 (0x00000013) addi x0, x0, 0x0                         inst_3+12

mem[X,0x000000008000031A] -> 0x0013
mem[X,0x000000008000031C] -> 0x0000
[199] [M]: 0x000000008000031A (0x00000013) addi x0, x0, 0x0                         inst_3+16

clint mtime 0x0000000000000064 (mip.MTI <- 0b1, mip.STI <- 0b0)
mem[X,0x000000008000031E] -> 0x0001
[200] [M]: 0x000000008000031E (0x0001) c.nop                                        inst_3+20

mem[X,0x0000000080000320] -> 0x0217
mem[X,0x0000000080000322] -> 0x0000
[201] [M]: 0x0000000080000320 (0x00000217) auipc x4, 0x0                            inst_3+22
x4 <- 0x0000000080000320

clint mtime 0x0000000000000065 (mip.MTI <- 0b1, mip.STI <- 0b0)
mem[X,0x0000000080000324] -> 0x0213
mem[X,0x0000000080000326] -> 0x0282
[202] [M]: 0x0000000080000324 (0x02820213) addi x4, x4, 0x28                        inst_3+26
x4 <- 0x0000000080000348

mem[X,0x0000000080000328] -> 0x0013
mem[X,0x000000008000032A] -> 0x0000
[203] [M]: 0x0000000080000328 (0x00000013) addi x0, x0, 0x0                         inst_3+30

clint mtime 0x0000000000000066 (mip.MTI <- 0b1, mip.STI <- 0b0)
mem[X,0x000000008000032C] -> 0x0013
mem[X,0x000000008000032E] -> 0x0000
[204] [M]: 0x000000008000032C (0x00000013) addi x0, x0, 0x0                         inst_3+34

mem[X,0x0000000080000330] -> 0x0013
mem[X,0x0000000080000332] -> 0x0000
[205] [M]: 0x0000000080000330 (0x00000013) addi x0, x0, 0x0                         inst_3+38

clint mtime 0x0000000000000067 (mip.MTI <- 0b1, mip.STI <- 0b0)
mem[X,0x0000000080000334] -> 0x0013
mem[X,0x0000000080000336] -> 0x0000
[206] [M]: 0x0000000080000334 (0x00000013) addi x0, x0, 0x0                         inst_3+42

mem[X,0x0000000080000338] -> 0x0013
mem[X,0x000000008000033A] -> 0x0000
[207] [M]: 0x0000000080000338 (0x00000013) addi x0, x0, 0x0                         inst_3+46

clint mtime 0x0000000000000068 (mip.MTI <- 0b1, mip.STI <- 0b0)
mem[X,0x000000008000033C] -> 0x0013
mem[X,0x000000008000033E] -> 0x0000
[208] [M]: 0x000000008000033C (0x00000013) addi x0, x0, 0x0                         inst_3+50

mem[X,0x0000000080000340] -> 0x9202
[209] [M]: 0x0000000080000340 (0x9202) c.jalr x4                                    inst_3+54
x1 <- 0x0000000080000342

clint mtime 0x0000000000000069 (mip.MTI <- 0b1, mip.STI <- 0b0)
mem[X,0x0000000080000348] -> 0xC093
mem[X,0x000000008000034A] -> 0x0030
[210] [M]: 0x0000000080000348 (0x0030C093) xori x1, x1, 0x3                         inst_3+62
x1 <- 0x0000000080000341

mem[X,0x000000008000034C] -> 0x0013
mem[X,0x000000008000034E] -> 0x0000
[211] [M]: 0x000000008000034C (0x00000013) addi x0, x0, 0x0                         inst_3+66

clint mtime 0x000000000000006A (mip.MTI <- 0b1, mip.STI <- 0b0)
mem[X,0x0000000080000350] -> 0x0013
mem[X,0x0000000080000352] -> 0x0000
[212] [M]: 0x0000000080000350 (0x00000013) addi x0, x0, 0x0                         inst_3+70

mem[X,0x0000000080000354] -> 0x0013
mem[X,0x0000000080000356] -> 0x0000
[213] [M]: 0x0000000080000354 (0x00000013) addi x0, x0, 0x0                         inst_3+74

clint mtime 0x000000000000006B (mip.MTI <- 0b1, mip.STI <- 0b0)
mem[X,0x0000000080000358] -> 0x0013
mem[X,0x000000008000035A] -> 0x0000
[214] [M]: 0x0000000080000358 (0x00000013) addi x0, x0, 0x0                         inst_3+78

mem[X,0x000000008000035C] -> 0x0013
mem[X,0x000000008000035E] -> 0x0000
[215] [M]: 0x000000008000035C (0x00000013) addi x0, x0, 0x0                         inst_3+82

clint mtime 0x000000000000006C (mip.MTI <- 0b1, mip.STI <- 0b0)
mem[X,0x0000000080000360] -> 0x0617
mem[X,0x0000000080000362] -> 0x0000
[216] [M]: 0x0000000080000360 (0x00000617) auipc x12, 0x0                           inst_3+86
x12 <- 0x0000000080000360

mem[X,0x0000000080000364] -> 0x0613
mem[X,0x0000000080000366] -> 0xFAA6
[217] [M]: 0x0000000080000364 (0xFAA60613) addi x12, x12, -0x56                     inst_3+90
x12 <- 0x000000008000030A

clint mtime 0x000000000000006D (mip.MTI <- 0b1, mip.STI <- 0b0)
mem[X,0x0000000080000368] -> 0x0013
mem[X,0x000000008000036A] -> 0x0000
[218] [M]: 0x0000000080000368 (0x00000013) addi x0, x0, 0x0                         inst_3+94

mem[X,0x000000008000036C] -> 0x0013
mem[X,0x000000008000036E] -> 0x0000
[219] [M]: 0x000000008000036C (0x00000013) addi x0, x0, 0x0                         inst_3+98

clint mtime 0x000000000000006E (mip.MTI <- 0b1, mip.STI <- 0b0)
mem[X,0x0000000080000370] -> 0x0013
mem[X,0x0000000080000372] -> 0x0000
[220] [M]: 0x0000000080000370 (0x00000013) addi x0, x0, 0x0                         inst_3+102

mem[X,0x0000000080000374] -> 0x0013
mem[X,0x0000000080000376] -> 0x0000
[221] [M]: 0x0000000080000374 (0x00000013) addi x0, x0, 0x0                         inst_3+106

clint mtime 0x000000000000006F (mip.MTI <- 0b1, mip.STI <- 0b0)
mem[X,0x0000000080000378] -> 0x0013
mem[X,0x000000008000037A] -> 0x0000
[222] [M]: 0x0000000080000378 (0x00000013) addi x0, x0, 0x0                         inst_3+110

mem[X,0x000000008000037C] -> 0x0013
mem[X,0x000000008000037E] -> 0x0000
[223] [M]: 0x000000008000037C (0x00000013) addi x0, x0, 0x0                         inst_3+114

clint mtime 0x0000000000000070 (mip.MTI <- 0b1, mip.STI <- 0b0)
mem[X,0x0000000080000380] -> 0x9A71
[224] [M]: 0x0000000080000380 (0x9A71) c.andi x12, -0x4                             inst_3+118
x12 <- 0x0000000080000308

mem[X,0x0000000080000382] -> 0x80B3
mem[X,0x0000000080000384] -> 0x40C0
[225] [M]: 0x0000000080000382 (0x40C080B3) sub x1, x1, x12                          inst_3+120
x1 <- 0x0000000000000039

clint mtime 0x0000000000000071 (mip.MTI <- 0b1, mip.STI <- 0b0)
mem[X,0x0000000080000386] -> 0x3C23
mem[X,0x0000000080000388] -> 0x0015
[226] [M]: 0x0000000080000386 (0x00153C23) sd x1, 0x18(x10)                         inst_3+124
mem[W,0x0000000080004130] <- 0x0000000000000039

mem[X,0x000000008000038A] -> 0x0013
mem[X,0x000000008000038C] -> 0x0000
[227] [M]: 0x000000008000038A (0x00000013) addi x0, x0, 0x0                         inst_4+0

clint mtime 0x0000000000000072 (mip.MTI <- 0b1, mip.STI <- 0b0)
mem[X,0x000000008000038E] -> 0x0013
mem[X,0x0000000080000390] -> 0x0000
[228] [M]: 0x000000008000038E (0x00000013) addi x0, x0, 0x0                         inst_4+4

mem[X,0x0000000080000392] -> 0x0013
mem[X,0x0000000080000394] -> 0x0000
[229] [M]: 0x0000000080000392 (0x00000013) addi x0, x0, 0x0                         inst_4+8

clint mtime 0x0000000000000073 (mip.MTI <- 0b1, mip.STI <- 0b0)
mem[X,0x0000000080000396] -> 0x0013
mem[X,0x0000000080000398] -> 0x0000
[230] [M]: 0x0000000080000396 (0x00000013) addi x0, x0, 0x0                         inst_4+12

mem[X,0x000000008000039A] -> 0x0013
mem[X,0x000000008000039C] -> 0x0000
[231] [M]: 0x000000008000039A (0x00000013) addi x0, x0, 0x0                         inst_4+16

clint mtime 0x0000000000000074 (mip.MTI <- 0b1, mip.STI <- 0b0)
mem[X,0x000000008000039E] -> 0x0001
[232] [M]: 0x000000008000039E (0x0001) c.nop                                        inst_4+20

mem[X,0x00000000800003A0] -> 0x0E97
mem[X,0x00000000800003A2] -> 0x0000
[233] [M]: 0x00000000800003A0 (0x00000E97) auipc x29, 0x0                           inst_4+22
x29 <- 0x00000000800003A0

clint mtime 0x0000000000000075 (mip.MTI <- 0b1, mip.STI <- 0b0)
mem[X,0x00000000800003A4] -> 0x8E93
mem[X,0x00000000800003A6] -> 0x028E
[234] [M]: 0x00000000800003A4 (0x028E8E93) addi x29, x29, 0x28                      inst_4+26
x29 <- 0x00000000800003C8

mem[X,0x00000000800003A8] -> 0x0013
mem[X,0x00000000800003AA] -> 0x0000
[235] [M]: 0x00000000800003A8 (0x00000013) addi x0, x0, 0x0                         inst_4+30

clint mtime 0x0000000000000076 (mip.MTI <- 0b1, mip.STI <- 0b0)
mem[X,0x00000000800003AC] -> 0x0013
mem[X,0x00000000800003AE] -> 0x0000
[236] [M]: 0x00000000800003AC (0x00000013) addi x0, x0, 0x0                         inst_4+34

mem[X,0x00000000800003B0] -> 0x0013
mem[X,0x00000000800003B2] -> 0x0000
[237] [M]: 0x00000000800003B0 (0x00000013) addi x0, x0, 0x0                         inst_4+38

clint mtime 0x0000000000000077 (mip.MTI <- 0b1, mip.STI <- 0b0)
mem[X,0x00000000800003B4] -> 0x0013
mem[X,0x00000000800003B6] -> 0x0000
[238] [M]: 0x00000000800003B4 (0x00000013) addi x0, x0, 0x0                         inst_4+42

mem[X,0x00000000800003B8] -> 0x0013
mem[X,0x00000000800003BA] -> 0x0000
[239] [M]: 0x00000000800003B8 (0x00000013) addi x0, x0, 0x0                         inst_4+46

clint mtime 0x0000000000000078 (mip.MTI <- 0b1, mip.STI <- 0b0)
mem[X,0x00000000800003BC] -> 0x0013
mem[X,0x00000000800003BE] -> 0x0000
[240] [M]: 0x00000000800003BC (0x00000013) addi x0, x0, 0x0                         inst_4+50

mem[X,0x00000000800003C0] -> 0x9E82
[241] [M]: 0x00000000800003C0 (0x9E82) c.jalr x29                                   inst_4+54
x1 <- 0x00000000800003C2

clint mtime 0x0000000000000079 (mip.MTI <- 0b1, mip.STI <- 0b0)
mem[X,0x00000000800003C8] -> 0xC093
mem[X,0x00000000800003CA] -> 0x0030
[242] [M]: 0x00000000800003C8 (0x0030C093) xori x1, x1, 0x3                         inst_4+62
x1 <- 0x00000000800003C1

mem[X,0x00000000800003CC] -> 0x0013
mem[X,0x00000000800003CE] -> 0x0000
[243] [M]: 0x00000000800003CC (0x00000013) addi x0, x0, 0x0                         inst_4+66

clint mtime 0x000000000000007A (mip.MTI <- 0b1, mip.STI <- 0b0)
mem[X,0x00000000800003D0] -> 0x0013
mem[X,0x00000000800003D2] -> 0x0000
[244] [M]: 0x00000000800003D0 (0x00000013) addi x0, x0, 0x0                         inst_4+70

mem[X,0x00000000800003D4] -> 0x0013
mem[X,0x00000000800003D6] -> 0x0000
[245] [M]: 0x00000000800003D4 (0x00000013) addi x0, x0, 0x0                         inst_4+74

clint mtime 0x000000000000007B (mip.MTI <- 0b1, mip.STI <- 0b0)
mem[X,0x00000000800003D8] -> 0x0013
mem[X,0x00000000800003DA] -> 0x0000
[246] [M]: 0x00000000800003D8 (0x00000013) addi x0, x0, 0x0                         inst_4+78

mem[X,0x00000000800003DC] -> 0x0013
mem[X,0x00000000800003DE] -> 0x0000
[247] [M]: 0x00000000800003DC (0x00000013) addi x0, x0, 0x0                         inst_4+82

clint mtime 0x000000000000007C (mip.MTI <- 0b1, mip.STI <- 0b0)
mem[X,0x00000000800003E0] -> 0x0617
mem[X,0x00000000800003E2] -> 0x0000
[248] [M]: 0x00000000800003E0 (0x00000617) auipc x12, 0x0                           inst_4+86
x12 <- 0x00000000800003E0

mem[X,0x00000000800003E4] -> 0x0613
mem[X,0x00000000800003E6] -> 0xFAA6
[249] [M]: 0x00000000800003E4 (0xFAA60613) addi x12, x12, -0x56                     inst_4+90
x12 <- 0x000000008000038A

clint mtime 0x000000000000007D (mip.MTI <- 0b1, mip.STI <- 0b0)
mem[X,0x00000000800003E8] -> 0x0013
mem[X,0x00000000800003EA] -> 0x0000
[250] [M]: 0x00000000800003E8 (0x00000013) addi x0, x0, 0x0                         inst_4+94

mem[X,0x00000000800003EC] -> 0x0013
mem[X,0x00000000800003EE] -> 0x0000
[251] [M]: 0x00000000800003EC (0x00000013) addi x0, x0, 0x0                         inst_4+98

clint mtime 0x000000000000007E (mip.MTI <- 0b1, mip.STI <- 0b0)
mem[X,0x00000000800003F0] -> 0x0013
mem[X,0x00000000800003F2] -> 0x0000
[252] [M]: 0x00000000800003F0 (0x00000013) addi x0, x0, 0x0                         inst_4+102

mem[X,0x00000000800003F4] -> 0x0013
mem[X,0x00000000800003F6] -> 0x0000
[253] [M]: 0x00000000800003F4 (0x00000013) addi x0, x0, 0x0                         inst_4+106

clint mtime 0x000000000000007F (mip.MTI <- 0b1, mip.STI <- 0b0)
mem[X,0x00000000800003F8] -> 0x0013
mem[X,0x00000000800003FA] -> 0x0000
[254] [M]: 0x00000000800003F8 (0x00000013) addi x0, x0, 0x0                         inst_4+110

mem[X,0x00000000800003FC] -> 0x0013
mem[X,0x00000000800003FE] -> 0x0000
[255] [M]: 0x00000000800003FC (0x00000013) addi x0, x0, 0x0                         inst_4+114

clint mtime 0x0000000000000080 (mip.MTI <- 0b1, mip.STI <- 0b0)
mem[X,0x0000000080000400] -> 0x9A71
[256] [M]: 0x0000000080000400 (0x9A71) c.andi x12, -0x4                             inst_4+118
x12 <- 0x0000000080000388

mem[X,0x0000000080000402] -> 0x80B3
mem[X,0x0000000080000404] -> 0x40C0
[257] [M]: 0x0000000080000402 (0x40C080B3) sub x1, x1, x12                          inst_4+120
x1 <- 0x0000000000000039

clint mtime 0x0000000000000081 (mip.MTI <- 0b1, mip.STI <- 0b0)
mem[X,0x0000000080000406] -> 0x3023
mem[X,0x0000000080000408] -> 0x0215
[258] [M]: 0x0000000080000406 (0x02153023) sd x1, 0x20(x10)                         inst_4+124
mem[W,0x0000000080004138] <- 0x0000000000000039

mem[X,0x000000008000040A] -> 0x0013
mem[X,0x000000008000040C] -> 0x0000
[259] [M]: 0x000000008000040A (0x00000013) addi x0, x0, 0x0                         inst_5+0

clint mtime 0x0000000000000082 (mip.MTI <- 0b1, mip.STI <- 0b0)
mem[X,0x000000008000040E] -> 0x0013
mem[X,0x0000000080000410] -> 0x0000
[260] [M]: 0x000000008000040E (0x00000013) addi x0, x0, 0x0                         inst_5+4

mem[X,0x0000000080000412] -> 0x0013
mem[X,0x0000000080000414] -> 0x0000
[261] [M]: 0x0000000080000412 (0x00000013) addi x0, x0, 0x0                         inst_5+8

clint mtime 0x0000000000000083 (mip.MTI <- 0b1, mip.STI <- 0b0)
mem[X,0x0000000080000416] -> 0x0013
mem[X,0x0000000080000418] -> 0x0000
[262] [M]: 0x0000000080000416 (0x00000013) addi x0, x0, 0x0                         inst_5+12

mem[X,0x000000008000041A] -> 0x0013
mem[X,0x000000008000041C] -> 0x0000
[263] [M]: 0x000000008000041A (0x00000013) addi x0, x0, 0x0                         inst_5+16

clint mtime 0x0000000000000084 (mip.MTI <- 0b1, mip.STI <- 0b0)
mem[X,0x000000008000041E] -> 0x0001
[264] [M]: 0x000000008000041E (0x0001) c.nop                                        inst_5+20

mem[X,0x0000000080000420] -> 0x0297
mem[X,0x0000000080000422] -> 0x0000
[265] [M]: 0x0000000080000420 (0x00000297) auipc x5, 0x0                            inst_5+22
x5 <- 0x0000000080000420

clint mtime 0x0000000000000085 (mip.MTI <- 0b1, mip.STI <- 0b0)
mem[X,0x0000000080000424] -> 0x8293
mem[X,0x0000000080000426] -> 0x0282
[266] [M]: 0x0000000080000424 (0x02828293) addi x5, x5, 0x28                        inst_5+26
x5 <- 0x0000000080000448

mem[X,0x0000000080000428] -> 0x0013
mem[X,0x000000008000042A] -> 0x0000
[267] [M]: 0x0000000080000428 (0x00000013) addi x0, x0, 0x0                         inst_5+30

clint mtime 0x0000000000000086 (mip.MTI <- 0b1, mip.STI <- 0b0)
mem[X,0x000000008000042C] -> 0x0013
mem[X,0x000000008000042E] -> 0x0000
[268] [M]: 0x000000008000042C (0x00000013) addi x0, x0, 0x0                         inst_5+34

mem[X,0x0000000080000430] -> 0x0013
mem[X,0x0000000080000432] -> 0x0000
[269] [M]: 0x0000000080000430 (0x00000013) addi x0, x0, 0x0                         inst_5+38

clint mtime 0x0000000000000087 (mip.MTI <- 0b1, mip.STI <- 0b0)
mem[X,0x0000000080000434] -> 0x0013
mem[X,0x0000000080000436] -> 0x0000
[270] [M]: 0x0000000080000434 (0x00000013) addi x0, x0, 0x0                         inst_5+42

mem[X,0x0000000080000438] -> 0x0013
mem[X,0x000000008000043A] -> 0x0000
[271] [M]: 0x0000000080000438 (0x00000013) addi x0, x0, 0x0                         inst_5+46

clint mtime 0x0000000000000088 (mip.MTI <- 0b1, mip.STI <- 0b0)
mem[X,0x000000008000043C] -> 0x0013
mem[X,0x000000008000043E] -> 0x0000
[272] [M]: 0x000000008000043C (0x00000013) addi x0, x0, 0x0                         inst_5+50

mem[X,0x0000000080000440] -> 0x9282
[273] [M]: 0x0000000080000440 (0x9282) c.jalr x5                                    inst_5+54
x1 <- 0x0000000080000442

clint mtime 0x0000000000000089 (mip.MTI <- 0b1, mip.STI <- 0b0)
mem[X,0x0000000080000448] -> 0xC093
mem[X,0x000000008000044A] -> 0x0030
[274] [M]: 0x0000000080000448 (0x0030C093) xori x1, x1, 0x3                         inst_5+62
x1 <- 0x0000000080000441

mem[X,0x000000008000044C] -> 0x0013
mem[X,0x000000008000044E] -> 0x0000
[275] [M]: 0x000000008000044C (0x00000013) addi x0, x0, 0x0                         inst_5+66

clint mtime 0x000000000000008A (mip.MTI <- 0b1, mip.STI <- 0b0)
mem[X,0x0000000080000450] -> 0x0013
mem[X,0x0000000080000452] -> 0x0000
[276] [M]: 0x0000000080000450 (0x00000013) addi x0, x0, 0x0                         inst_5+70

mem[X,0x0000000080000454] -> 0x0013
mem[X,0x0000000080000456] -> 0x0000
[277] [M]: 0x0000000080000454 (0x00000013) addi x0, x0, 0x0                         inst_5+74

clint mtime 0x000000000000008B (mip.MTI <- 0b1, mip.STI <- 0b0)
mem[X,0x0000000080000458] -> 0x0013
mem[X,0x000000008000045A] -> 0x0000
[278] [M]: 0x0000000080000458 (0x00000013) addi x0, x0, 0x0                         inst_5+78

mem[X,0x000000008000045C] -> 0x0013
mem[X,0x000000008000045E] -> 0x0000
[279] [M]: 0x000000008000045C (0x00000013) addi x0, x0, 0x0                         inst_5+82

clint mtime 0x000000000000008C (mip.MTI <- 0b1, mip.STI <- 0b0)
mem[X,0x0000000080000460] -> 0x0617
mem[X,0x0000000080000462] -> 0x0000
[280] [M]: 0x0000000080000460 (0x00000617) auipc x12, 0x0                           inst_5+86
x12 <- 0x0000000080000460

mem[X,0x0000000080000464] -> 0x0613
mem[X,0x0000000080000466] -> 0xFAA6
[281] [M]: 0x0000000080000464 (0xFAA60613) addi x12, x12, -0x56                     inst_5+90
x12 <- 0x000000008000040A

clint mtime 0x000000000000008D (mip.MTI <- 0b1, mip.STI <- 0b0)
mem[X,0x0000000080000468] -> 0x0013
mem[X,0x000000008000046A] -> 0x0000
[282] [M]: 0x0000000080000468 (0x00000013) addi x0, x0, 0x0                         inst_5+94

mem[X,0x000000008000046C] -> 0x0013
mem[X,0x000000008000046E] -> 0x0000
[283] [M]: 0x000000008000046C (0x00000013) addi x0, x0, 0x0                         inst_5+98

clint mtime 0x000000000000008E (mip.MTI <- 0b1, mip.STI <- 0b0)
mem[X,0x0000000080000470] -> 0x0013
mem[X,0x0000000080000472] -> 0x0000
[284] [M]: 0x0000000080000470 (0x00000013) addi x0, x0, 0x0                         inst_5+102

mem[X,0x0000000080000474] -> 0x0013
mem[X,0x0000000080000476] -> 0x0000
[285] [M]: 0x0000000080000474 (0x00000013) addi x0, x0, 0x0                         inst_5+106

clint mtime 0x000000000000008F (mip.MTI <- 0b1, mip.STI <- 0b0)
mem[X,0x0000000080000478] -> 0x0013
mem[X,0x000000008000047A] -> 0x0000
[286] [M]: 0x0000000080000478 (0x00000013) addi x0, x0, 0x0                         inst_5+110

mem[X,0x000000008000047C] -> 0x0013
mem[X,0x000000008000047E] -> 0x0000
[287] [M]: 0x000000008000047C (0x00000013) addi x0, x0, 0x0                         inst_5+114

clint mtime 0x0000000000000090 (mip.MTI <- 0b1, mip.STI <- 0b0)
mem[X,0x0000000080000480] -> 0x9A71
[288] [M]: 0x0000000080000480 (0x9A71) c.andi x12, -0x4                             inst_5+118
x12 <- 0x0000000080000408

mem[X,0x0000000080000482] -> 0x80B3
mem[X,0x0000000080000484] -> 0x40C0
[289] [M]: 0x0000000080000482 (0x40C080B3) sub x1, x1, x12                          inst_5+120
x1 <- 0x0000000000000039

clint mtime 0x0000000000000091 (mip.MTI <- 0b1, mip.STI <- 0b0)
mem[X,0x0000000080000486] -> 0x3423
mem[X,0x0000000080000488] -> 0x0215
[290] [M]: 0x0000000080000486 (0x02153423) sd x1, 0x28(x10)                         inst_5+124
mem[W,0x0000000080004140] <- 0x0000000000000039

mem[X,0x000000008000048A] -> 0x0013
mem[X,0x000000008000048C] -> 0x0000
[291] [M]: 0x000000008000048A (0x00000013) addi x0, x0, 0x0                         inst_6+0

clint mtime 0x0000000000000092 (mip.MTI <- 0b1, mip.STI <- 0b0)
mem[X,0x000000008000048E] -> 0x0013
mem[X,0x0000000080000490] -> 0x0000
[292] [M]: 0x000000008000048E (0x00000013) addi x0, x0, 0x0                         inst_6+4

mem[X,0x0000000080000492] -> 0x0013
mem[X,0x0000000080000494] -> 0x0000
[293] [M]: 0x0000000080000492 (0x00000013) addi x0, x0, 0x0                         inst_6+8

clint mtime 0x0000000000000093 (mip.MTI <- 0b1, mip.STI <- 0b0)
mem[X,0x0000000080000496] -> 0x0013
mem[X,0x0000000080000498] -> 0x0000
[294] [M]: 0x0000000080000496 (0x00000013) addi x0, x0, 0x0                         inst_6+12

mem[X,0x000000008000049A] -> 0x0013
mem[X,0x000000008000049C] -> 0x0000
[295] [M]: 0x000000008000049A (0x00000013) addi x0, x0, 0x0                         inst_6+16

clint mtime 0x0000000000000094 (mip.MTI <- 0b1, mip.STI <- 0b0)
mem[X,0x000000008000049E] -> 0x0001
[296] [M]: 0x000000008000049E (0x0001) c.nop                                        inst_6+20

mem[X,0x00000000800004A0] -> 0x0D17
mem[X,0x00000000800004A2] -> 0x0000
[297] [M]: 0x00000000800004A0 (0x00000D17) auipc x26, 0x0                           inst_6+22
x26 <- 0x00000000800004A0

clint mtime 0x0000000000000095 (mip.MTI <- 0b1, mip.STI <- 0b0)
mem[X,0x00000000800004A4] -> 0x0D13
mem[X,0x00000000800004A6] -> 0x028D
[298] [M]: 0x00000000800004A4 (0x028D0D13) addi x26, x26, 0x28                      inst_6+26
x26 <- 0x00000000800004C8

mem[X,0x00000000800004A8] -> 0x0013
mem[X,0x00000000800004AA] -> 0x0000
[299] [M]: 0x00000000800004A8 (0x00000013) addi x0, x0, 0x0                         inst_6+30

clint mtime 0x0000000000000096 (mip.MTI <- 0b1, mip.STI <- 0b0)
mem[X,0x00000000800004AC] -> 0x0013
mem[X,0x00000000800004AE] -> 0x0000
[300] [M]: 0x00000000800004AC (0x00000013) addi x0, x0, 0x0                         inst_6+34

mem[X,0x00000000800004B0] -> 0x0013
mem[X,0x00000000800004B2] -> 0x0000
[301] [M]: 0x00000000800004B0 (0x00000013) addi x0, x0, 0x0                         inst_6+38

clint mtime 0x0000000000000097 (mip.MTI <- 0b1, mip.STI <- 0b0)
mem[X,0x00000000800004B4] -> 0x0013
mem[X,0x00000000800004B6] -> 0x0000
[302] [M]: 0x00000000800004B4 (0x00000013) addi x0, x0, 0x0                         inst_6+42

mem[X,0x00000000800004B8] -> 0x0013
mem[X,0x00000000800004BA] -> 0x0000
[303] [M]: 0x00000000800004B8 (0x00000013) addi x0, x0, 0x0                         inst_6+46

clint mtime 0x0000000000000098 (mip.MTI <- 0b1, mip.STI <- 0b0)
mem[X,0x00000000800004BC] -> 0x0013
mem[X,0x00000000800004BE] -> 0x0000
[304] [M]: 0x00000000800004BC (0x00000013) addi x0, x0, 0x0                         inst_6+50

mem[X,0x00000000800004C0] -> 0x9D02
[305] [M]: 0x00000000800004C0 (0x9D02) c.jalr x26                                   inst_6+54
x1 <- 0x00000000800004C2

clint mtime 0x0000000000000099 (mip.MTI <- 0b1, mip.STI <- 0b0)
mem[X,0x00000000800004C8] -> 0xC093
mem[X,0x00000000800004CA] -> 0x0030
[306] [M]: 0x00000000800004C8 (0x0030C093) xori x1, x1, 0x3                         inst_6+62
x1 <- 0x00000000800004C1

mem[X,0x00000000800004CC] -> 0x0013
mem[X,0x00000000800004CE] -> 0x0000
[307] [M]: 0x00000000800004CC (0x00000013) addi x0, x0, 0x0                         inst_6+66

clint mtime 0x000000000000009A (mip.MTI <- 0b1, mip.STI <- 0b0)
mem[X,0x00000000800004D0] -> 0x0013
mem[X,0x00000000800004D2] -> 0x0000
[308] [M]: 0x00000000800004D0 (0x00000013) addi x0, x0, 0x0                         inst_6+70

mem[X,0x00000000800004D4] -> 0x0013
mem[X,0x00000000800004D6] -> 0x0000
[309] [M]: 0x00000000800004D4 (0x00000013) addi x0, x0, 0x0                         inst_6+74

clint mtime 0x000000000000009B (mip.MTI <- 0b1, mip.STI <- 0b0)
mem[X,0x00000000800004D8] -> 0x0013
mem[X,0x00000000800004DA] -> 0x0000
[310] [M]: 0x00000000800004D8 (0x00000013) addi x0, x0, 0x0                         inst_6+78

mem[X,0x00000000800004DC] -> 0x0013
mem[X,0x00000000800004DE] -> 0x0000
[311] [M]: 0x00000000800004DC (0x00000013) addi x0, x0, 0x0                         inst_6+82

clint mtime 0x000000000000009C (mip.MTI <- 0b1, mip.STI <- 0b0)
mem[X,0x00000000800004E0] -> 0x0617
mem[X,0x00000000800004E2] -> 0x0000
[312] [M]: 0x00000000800004E0 (0x00000617) auipc x12, 0x0                           inst_6+86
x12 <- 0x00000000800004E0

mem[X,0x00000000800004E4] -> 0x0613
mem[X,0x00000000800004E6] -> 0xFAA6
[313] [M]: 0x00000000800004E4 (0xFAA60613) addi x12, x12, -0x56                     inst_6+90
x12 <- 0x000000008000048A

clint mtime 0x000000000000009D (mip.MTI <- 0b1, mip.STI <- 0b0)
mem[X,0x00000000800004E8] -> 0x0013
mem[X,0x00000000800004EA] -> 0x0000
[314] [M]: 0x00000000800004E8 (0x00000013) addi x0, x0, 0x0                         inst_6+94

mem[X,0x00000000800004EC] -> 0x0013
mem[X,0x00000000800004EE] -> 0x0000
[315] [M]: 0x00000000800004EC (0x00000013) addi x0, x0, 0x0                         inst_6+98

clint mtime 0x000000000000009E (mip.MTI <- 0b1, mip.STI <- 0b0)
mem[X,0x00000000800004F0] -> 0x0013
mem[X,0x00000000800004F2] -> 0x0000
[316] [M]: 0x00000000800004F0 (0x00000013) addi x0, x0, 0x0                         inst_6+102

mem[X,0x00000000800004F4] -> 0x0013
mem[X,0x00000000800004F6] -> 0x0000
[317] [M]: 0x00000000800004F4 (0x00000013) addi x0, x0, 0x0                         inst_6+106

clint mtime 0x000000000000009F (mip.MTI <- 0b1, mip.STI <- 0b0)
mem[X,0x00000000800004F8] -> 0x0013
mem[X,0x00000000800004FA] -> 0x0000
[318] [M]: 0x00000000800004F8 (0x00000013) addi x0, x0, 0x0                         inst_6+110

mem[X,0x00000000800004FC] -> 0x0013
mem[X,0x00000000800004FE] -> 0x0000
[319] [M]: 0x00000000800004FC (0x00000013) addi x0, x0, 0x0                         inst_6+114

clint mtime 0x00000000000000A0 (mip.MTI <- 0b1, mip.STI <- 0b0)
mem[X,0x0000000080000500] -> 0x9A71
[320] [M]: 0x0000000080000500 (0x9A71) c.andi x12, -0x4                             inst_6+118
x12 <- 0x0000000080000488

mem[X,0x0000000080000502] -> 0x80B3
mem[X,0x0000000080000504] -> 0x40C0
[321] [M]: 0x0000000080000502 (0x40C080B3) sub x1, x1, x12                          inst_6+120
x1 <- 0x0000000000000039

clint mtime 0x00000000000000A1 (mip.MTI <- 0b1, mip.STI <- 0b0)
mem[X,0x0000000080000506] -> 0x3823
mem[X,0x0000000080000508] -> 0x0215
[322] [M]: 0x0000000080000506 (0x02153823) sd x1, 0x30(x10)                         inst_6+124
mem[W,0x0000000080004148] <- 0x0000000000000039

mem[X,0x000000008000050A] -> 0x0013
mem[X,0x000000008000050C] -> 0x0000
[323] [M]: 0x000000008000050A (0x00000013) addi x0, x0, 0x0                         inst_7+0

clint mtime 0x00000000000000A2 (mip.MTI <- 0b1, mip.STI <- 0b0)
mem[X,0x000000008000050E] -> 0x0013
mem[X,0x0000000080000510] -> 0x0000
[324] [M]: 0x000000008000050E (0x00000013) addi x0, x0, 0x0                         inst_7+4

mem[X,0x0000000080000512] -> 0x0013
mem[X,0x0000000080000514] -> 0x0000
[325] [M]: 0x0000000080000512 (0x00000013) addi x0, x0, 0x0                         inst_7+8

clint mtime 0x00000000000000A3 (mip.MTI <- 0b1, mip.STI <- 0b0)
mem[X,0x0000000080000516] -> 0x0013
mem[X,0x0000000080000518] -> 0x0000
[326] [M]: 0x0000000080000516 (0x00000013) addi x0, x0, 0x0                         inst_7+12

mem[X,0x000000008000051A] -> 0x0013
mem[X,0x000000008000051C] -> 0x0000
[327] [M]: 0x000000008000051A (0x00000013) addi x0, x0, 0x0                         inst_7+16

clint mtime 0x00000000000000A4 (mip.MTI <- 0b1, mip.STI <- 0b0)
mem[X,0x000000008000051E] -> 0x0001
[328] [M]: 0x000000008000051E (0x0001) c.nop                                        inst_7+20

mem[X,0x0000000080000520] -> 0x0B97
mem[X,0x0000000080000522] -> 0x0000
[329] [M]: 0x0000000080000520 (0x00000B97) auipc x23, 0x0                           inst_7+22
x23 <- 0x0000000080000520

clint mtime 0x00000000000000A5 (mip.MTI <- 0b1, mip.STI <- 0b0)
mem[X,0x0000000080000524] -> 0x8B93
mem[X,0x0000000080000526] -> 0x028B
[330] [M]: 0x0000000080000524 (0x028B8B93) addi x23, x23, 0x28                      inst_7+26
x23 <- 0x0000000080000548

mem[X,0x0000000080000528] -> 0x0013
mem[X,0x000000008000052A] -> 0x0000
[331] [M]: 0x0000000080000528 (0x00000013) addi x0, x0, 0x0                         inst_7+30

clint mtime 0x00000000000000A6 (mip.MTI <- 0b1, mip.STI <- 0b0)
mem[X,0x000000008000052C] -> 0x0013
mem[X,0x000000008000052E] -> 0x0000
[332] [M]: 0x000000008000052C (0x00000013) addi x0, x0, 0x0                         inst_7+34

mem[X,0x0000000080000530] -> 0x0013
mem[X,0x0000000080000532] -> 0x0000
[333] [M]: 0x0000000080000530 (0x00000013) addi x0, x0, 0x0                         inst_7+38

clint mtime 0x00000000000000A7 (mip.MTI <- 0b1, mip.STI <- 0b0)
mem[X,0x0000000080000534] -> 0x0013
mem[X,0x0000000080000536] -> 0x0000
[334] [M]: 0x0000000080000534 (0x00000013) addi x0, x0, 0x0                         inst_7+42

mem[X,0x0000000080000538] -> 0x0013
mem[X,0x000000008000053A] -> 0x0000
[335] [M]: 0x0000000080000538 (0x00000013) addi x0, x0, 0x0                         inst_7+46

clint mtime 0x00000000000000A8 (mip.MTI <- 0b1, mip.STI <- 0b0)
mem[X,0x000000008000053C] -> 0x0013
mem[X,0x000000008000053E] -> 0x0000
[336] [M]: 0x000000008000053C (0x00000013) addi x0, x0, 0x0                         inst_7+50

mem[X,0x0000000080000540] -> 0x9B82
[337] [M]: 0x0000000080000540 (0x9B82) c.jalr x23                                   inst_7+54
x1 <- 0x0000000080000542

clint mtime 0x00000000000000A9 (mip.MTI <- 0b1, mip.STI <- 0b0)
mem[X,0x0000000080000548] -> 0xC093
mem[X,0x000000008000054A] -> 0x0030
[338] [M]: 0x0000000080000548 (0x0030C093) xori x1, x1, 0x3                         inst_7+62
x1 <- 0x0000000080000541

mem[X,0x000000008000054C] -> 0x0013
mem[X,0x000000008000054E] -> 0x0000
[339] [M]: 0x000000008000054C (0x00000013) addi x0, x0, 0x0                         inst_7+66

clint mtime 0x00000000000000AA (mip.MTI <- 0b1, mip.STI <- 0b0)
mem[X,0x0000000080000550] -> 0x0013
mem[X,0x0000000080000552] -> 0x0000
[340] [M]: 0x0000000080000550 (0x00000013) addi x0, x0, 0x0                         inst_7+70

mem[X,0x0000000080000554] -> 0x0013
mem[X,0x0000000080000556] -> 0x0000
[341] [M]: 0x0000000080000554 (0x00000013) addi x0, x0, 0x0                         inst_7+74

clint mtime 0x00000000000000AB (mip.MTI <- 0b1, mip.STI <- 0b0)
mem[X,0x0000000080000558] -> 0x0013
mem[X,0x000000008000055A] -> 0x0000
[342] [M]: 0x0000000080000558 (0x00000013) addi x0, x0, 0x0                         inst_7+78

mem[X,0x000000008000055C] -> 0x0013
mem[X,0x000000008000055E] -> 0x0000
[343] [M]: 0x000000008000055C (0x00000013) addi x0, x0, 0x0                         inst_7+82

clint mtime 0x00000000000000AC (mip.MTI <- 0b1, mip.STI <- 0b0)
mem[X,0x0000000080000560] -> 0x0617
mem[X,0x0000000080000562] -> 0x0000
[344] [M]: 0x0000000080000560 (0x00000617) auipc x12, 0x0                           inst_7+86
x12 <- 0x0000000080000560

mem[X,0x0000000080000564] -> 0x0613
mem[X,0x0000000080000566] -> 0xFAA6
[345] [M]: 0x0000000080000564 (0xFAA60613) addi x12, x12, -0x56                     inst_7+90
x12 <- 0x000000008000050A

clint mtime 0x00000000000000AD (mip.MTI <- 0b1, mip.STI <- 0b0)
mem[X,0x0000000080000568] -> 0x0013
mem[X,0x000000008000056A] -> 0x0000
[346] [M]: 0x0000000080000568 (0x00000013) addi x0, x0, 0x0                         inst_7+94

mem[X,0x000000008000056C] -> 0x0013
mem[X,0x000000008000056E] -> 0x0000
[347] [M]: 0x000000008000056C (0x00000013) addi x0, x0, 0x0                         inst_7+98

clint mtime 0x00000000000000AE (mip.MTI <- 0b1, mip.STI <- 0b0)
mem[X,0x0000000080000570] -> 0x0013
mem[X,0x0000000080000572] -> 0x0000
[348] [M]: 0x0000000080000570 (0x00000013) addi x0, x0, 0x0                         inst_7+102

mem[X,0x0000000080000574] -> 0x0013
mem[X,0x0000000080000576] -> 0x0000
[349] [M]: 0x0000000080000574 (0x00000013) addi x0, x0, 0x0                         inst_7+106

clint mtime 0x00000000000000AF (mip.MTI <- 0b1, mip.STI <- 0b0)
mem[X,0x0000000080000578] -> 0x0013
mem[X,0x000000008000057A] -> 0x0000
[350] [M]: 0x0000000080000578 (0x00000013) addi x0, x0, 0x0                         inst_7+110

mem[X,0x000000008000057C] -> 0x0013
mem[X,0x000000008000057E] -> 0x0000
[351] [M]: 0x000000008000057C (0x00000013) addi x0, x0, 0x0                         inst_7+114

clint mtime 0x00000000000000B0 (mip.MTI <- 0b1, mip.STI <- 0b0)
mem[X,0x0000000080000580] -> 0x9A71
[352] [M]: 0x0000000080000580 (0x9A71) c.andi x12, -0x4                             inst_7+118
x12 <- 0x0000000080000508

mem[X,0x0000000080000582] -> 0x80B3
mem[X,0x0000000080000584] -> 0x40C0
[353] [M]: 0x0000000080000582 (0x40C080B3) sub x1, x1, x12                          inst_7+120
x1 <- 0x0000000000000039

clint mtime 0x00000000000000B1 (mip.MTI <- 0b1, mip.STI <- 0b0)
mem[X,0x0000000080000586] -> 0x3C23
mem[X,0x0000000080000588] -> 0x0215
[354] [M]: 0x0000000080000586 (0x02153C23) sd x1, 0x38(x10)                         inst_7+124
mem[W,0x0000000080004150] <- 0x0000000000000039

mem[X,0x000000008000058A] -> 0x0013
mem[X,0x000000008000058C] -> 0x0000
[355] [M]: 0x000000008000058A (0x00000013) addi x0, x0, 0x0                         inst_8+0

clint mtime 0x00000000000000B2 (mip.MTI <- 0b1, mip.STI <- 0b0)
mem[X,0x000000008000058E] -> 0x0013
mem[X,0x0000000080000590] -> 0x0000
[356] [M]: 0x000000008000058E (0x00000013) addi x0, x0, 0x0                         inst_8+4

mem[X,0x0000000080000592] -> 0x0013
mem[X,0x0000000080000594] -> 0x0000
[357] [M]: 0x0000000080000592 (0x00000013) addi x0, x0, 0x0                         inst_8+8

clint mtime 0x00000000000000B3 (mip.MTI <- 0b1, mip.STI <- 0b0)
mem[X,0x0000000080000596] -> 0x0013
mem[X,0x0000000080000598] -> 0x0000
[358] [M]: 0x0000000080000596 (0x00000013) addi x0, x0, 0x0                         inst_8+12

mem[X,0x000000008000059A] -> 0x0013
mem[X,0x000000008000059C] -> 0x0000
[359] [M]: 0x000000008000059A (0x00000013) addi x0, x0, 0x0                         inst_8+16

clint mtime 0x00000000000000B4 (mip.MTI <- 0b1, mip.STI <- 0b0)
mem[X,0x000000008000059E] -> 0x0001
[360] [M]: 0x000000008000059E (0x0001) c.nop                                        inst_8+20

mem[X,0x00000000800005A0] -> 0x0F17
mem[X,0x00000000800005A2] -> 0x0000
[361] [M]: 0x00000000800005A0 (0x00000F17) auipc x30, 0x0                           inst_8+22
x30 <- 0x00000000800005A0

clint mtime 0x00000000000000B5 (mip.MTI <- 0b1, mip.STI <- 0b0)
mem[X,0x00000000800005A4] -> 0x0F13
mem[X,0x00000000800005A6] -> 0x028F
[362] [M]: 0x00000000800005A4 (0x028F0F13) addi x30, x30, 0x28                      inst_8+26
x30 <- 0x00000000800005C8

mem[X,0x00000000800005A8] -> 0x0013
mem[X,0x00000000800005AA] -> 0x0000
[363] [M]: 0x00000000800005A8 (0x00000013) addi x0, x0, 0x0                         inst_8+30

clint mtime 0x00000000000000B6 (mip.MTI <- 0b1, mip.STI <- 0b0)
mem[X,0x00000000800005AC] -> 0x0013
mem[X,0x00000000800005AE] -> 0x0000
[364] [M]: 0x00000000800005AC (0x00000013) addi x0, x0, 0x0                         inst_8+34

mem[X,0x00000000800005B0] -> 0x0013
mem[X,0x00000000800005B2] -> 0x0000
[365] [M]: 0x00000000800005B0 (0x00000013) addi x0, x0, 0x0                         inst_8+38

clint mtime 0x00000000000000B7 (mip.MTI <- 0b1, mip.STI <- 0b0)
mem[X,0x00000000800005B4] -> 0x0013
mem[X,0x00000000800005B6] -> 0x0000
[366] [M]: 0x00000000800005B4 (0x00000013) addi x0, x0, 0x0                         inst_8+42

mem[X,0x00000000800005B8] -> 0x0013
mem[X,0x00000000800005BA] -> 0x0000
[367] [M]: 0x00000000800005B8 (0x00000013) addi x0, x0, 0x0                         inst_8+46

clint mtime 0x00000000000000B8 (mip.MTI <- 0b1, mip.STI <- 0b0)
mem[X,0x00000000800005BC] -> 0x0013
mem[X,0x00000000800005BE] -> 0x0000
[368] [M]: 0x00000000800005BC (0x00000013) addi x0, x0, 0x0                         inst_8+50

mem[X,0x00000000800005C0] -> 0x9F02
[369] [M]: 0x00000000800005C0 (0x9F02) c.jalr x30                                   inst_8+54
x1 <- 0x00000000800005C2

clint mtime 0x00000000000000B9 (mip.MTI <- 0b1, mip.STI <- 0b0)
mem[X,0x00000000800005C8] -> 0xC093
mem[X,0x00000000800005CA] -> 0x0030
[370] [M]: 0x00000000800005C8 (0x0030C093) xori x1, x1, 0x3                         inst_8+62
x1 <- 0x00000000800005C1

mem[X,0x00000000800005CC] -> 0x0013
mem[X,0x00000000800005CE] -> 0x0000
[371] [M]: 0x00000000800005CC (0x00000013) addi x0, x0, 0x0                         inst_8+66

clint mtime 0x00000000000000BA (mip.MTI <- 0b1, mip.STI <- 0b0)
mem[X,0x00000000800005D0] -> 0x0013
mem[X,0x00000000800005D2] -> 0x0000
[372] [M]: 0x00000000800005D0 (0x00000013) addi x0, x0, 0x0                         inst_8+70

mem[X,0x00000000800005D4] -> 0x0013
mem[X,0x00000000800005D6] -> 0x0000
[373] [M]: 0x00000000800005D4 (0x00000013) addi x0, x0, 0x0                         inst_8+74

clint mtime 0x00000000000000BB (mip.MTI <- 0b1, mip.STI <- 0b0)
mem[X,0x00000000800005D8] -> 0x0013
mem[X,0x00000000800005DA] -> 0x0000
[374] [M]: 0x00000000800005D8 (0x00000013) addi x0, x0, 0x0                         inst_8+78

mem[X,0x00000000800005DC] -> 0x0013
mem[X,0x00000000800005DE] -> 0x0000
[375] [M]: 0x00000000800005DC (0x00000013) addi x0, x0, 0x0                         inst_8+82

clint mtime 0x00000000000000BC (mip.MTI <- 0b1, mip.STI <- 0b0)
mem[X,0x00000000800005E0] -> 0x0617
mem[X,0x00000000800005E2] -> 0x0000
[376] [M]: 0x00000000800005E0 (0x00000617) auipc x12, 0x0                           inst_8+86
x12 <- 0x00000000800005E0

mem[X,0x00000000800005E4] -> 0x0613
mem[X,0x00000000800005E6] -> 0xFAA6
[377] [M]: 0x00000000800005E4 (0xFAA60613) addi x12, x12, -0x56                     inst_8+90
x12 <- 0x000000008000058A

clint mtime 0x00000000000000BD (mip.MTI <- 0b1, mip.STI <- 0b0)
mem[X,0x00000000800005E8] -> 0x0013
mem[X,0x00000000800005EA] -> 0x0000
[378] [M]: 0x00000000800005E8 (0x00000013) addi x0, x0, 0x0                         inst_8+94

mem[X,0x00000000800005EC] -> 0x0013
mem[X,0x00000000800005EE] -> 0x0000
[379] [M]: 0x00000000800005EC (0x00000013) addi x0, x0, 0x0                         inst_8+98

clint mtime 0x00000000000000BE (mip.MTI <- 0b1, mip.STI <- 0b0)
mem[X,0x00000000800005F0] -> 0x0013
mem[X,0x00000000800005F2] -> 0x0000
[380] [M]: 0x00000000800005F0 (0x00000013) addi x0, x0, 0x0                         inst_8+102

mem[X,0x00000000800005F4] -> 0x0013
mem[X,0x00000000800005F6] -> 0x0000
[381] [M]: 0x00000000800005F4 (0x00000013) addi x0, x0, 0x0                         inst_8+106

clint mtime 0x00000000000000BF (mip.MTI <- 0b1, mip.STI <- 0b0)
mem[X,0x00000000800005F8] -> 0x0013
mem[X,0x00000000800005FA] -> 0x0000
[382] [M]: 0x00000000800005F8 (0x00000013) addi x0, x0, 0x0                         inst_8+110

mem[X,0x00000000800005FC] -> 0x0013
mem[X,0x00000000800005FE] -> 0x0000
[383] [M]: 0x00000000800005FC (0x00000013) addi x0, x0, 0x0                         inst_8+114

clint mtime 0x00000000000000C0 (mip.MTI <- 0b1, mip.STI <- 0b0)
mem[X,0x0000000080000600] -> 0x9A71
[384] [M]: 0x0000000080000600 (0x9A71) c.andi x12, -0x4                             inst_8+118
x12 <- 0x0000000080000588

mem[X,0x0000000080000602] -> 0x80B3
mem[X,0x0000000080000604] -> 0x40C0
[385] [M]: 0x0000000080000602 (0x40C080B3) sub x1, x1, x12                          inst_8+120
x1 <- 0x0000000000000039

clint mtime 0x00000000000000C1 (mip.MTI <- 0b1, mip.STI <- 0b0)
mem[X,0x0000000080000606] -> 0x3023
mem[X,0x0000000080000608] -> 0x0415
[386] [M]: 0x0000000080000606 (0x04153023) sd x1, 0x40(x10)                         inst_8+124
mem[W,0x0000000080004158] <- 0x0000000000000039

mem[X,0x000000008000060A] -> 0x0013
mem[X,0x000000008000060C] -> 0x0000
[387] [M]: 0x000000008000060A (0x00000013) addi x0, x0, 0x0                         inst_9+0

clint mtime 0x00000000000000C2 (mip.MTI <- 0b1, mip.STI <- 0b0)
mem[X,0x000000008000060E] -> 0x0013
mem[X,0x0000000080000610] -> 0x0000
[388] [M]: 0x000000008000060E (0x00000013) addi x0, x0, 0x0                         inst_9+4

mem[X,0x0000000080000612] -> 0x0013
mem[X,0x0000000080000614] -> 0x0000
[389] [M]: 0x0000000080000612 (0x00000013) addi x0, x0, 0x0                         inst_9+8

clint mtime 0x00000000000000C3 (mip.MTI <- 0b1, mip.STI <- 0b0)
mem[X,0x0000000080000616] -> 0x0013
mem[X,0x0000000080000618] -> 0x0000
[390] [M]: 0x0000000080000616 (0x00000013) addi x0, x0, 0x0                         inst_9+12

mem[X,0x000000008000061A] -> 0x0013
mem[X,0x000000008000061C] -> 0x0000
[391] [M]: 0x000000008000061A (0x00000013) addi x0, x0, 0x0                         inst_9+16

clint mtime 0x00000000000000C4 (mip.MTI <- 0b1, mip.STI <- 0b0)
mem[X,0x000000008000061E] -> 0x0001
[392] [M]: 0x000000008000061E (0x0001) c.nop                                        inst_9+20

mem[X,0x0000000080000620] -> 0x0697
mem[X,0x0000000080000622] -> 0x0000
[393] [M]: 0x0000000080000620 (0x00000697) auipc x13, 0x0                           inst_9+22
x13 <- 0x0000000080000620

clint mtime 0x00000000000000C5 (mip.MTI <- 0b1, mip.STI <- 0b0)
mem[X,0x0000000080000624] -> 0x8693
mem[X,0x0000000080000626] -> 0x0286
[394] [M]: 0x0000000080000624 (0x02868693) addi x13, x13, 0x28                      inst_9+26
x13 <- 0x0000000080000648

mem[X,0x0000000080000628] -> 0x0013
mem[X,0x000000008000062A] -> 0x0000
[395] [M]: 0x0000000080000628 (0x00000013) addi x0, x0, 0x0                         inst_9+30

clint mtime 0x00000000000000C6 (mip.MTI <- 0b1, mip.STI <- 0b0)
mem[X,0x000000008000062C] -> 0x0013
mem[X,0x000000008000062E] -> 0x0000
[396] [M]: 0x000000008000062C (0x00000013) addi x0, x0, 0x0                         inst_9+34

mem[X,0x0000000080000630] -> 0x0013
mem[X,0x0000000080000632] -> 0x0000
[397] [M]: 0x0000000080000630 (0x00000013) addi x0, x0, 0x0                         inst_9+38

clint mtime 0x00000000000000C7 (mip.MTI <- 0b1, mip.STI <- 0b0)
mem[X,0x0000000080000634] -> 0x0013
mem[X,0x0000000080000636] -> 0x0000
[398] [M]: 0x0000000080000634 (0x00000013) addi x0, x0, 0x0                         inst_9+42

mem[X,0x0000000080000638] -> 0x0013
mem[X,0x000000008000063A] -> 0x0000
[399] [M]: 0x0000000080000638 (0x00000013) addi x0, x0, 0x0                         inst_9+46

clint mtime 0x00000000000000C8 (mip.MTI <- 0b1, mip.STI <- 0b0)
mem[X,0x000000008000063C] -> 0x0013
mem[X,0x000000008000063E] -> 0x0000
[400] [M]: 0x000000008000063C (0x00000013) addi x0, x0, 0x0                         inst_9+50

mem[X,0x0000000080000640] -> 0x9682
[401] [M]: 0x0000000080000640 (0x9682) c.jalr x13                                   inst_9+54
x1 <- 0x0000000080000642

clint mtime 0x00000000000000C9 (mip.MTI <- 0b1, mip.STI <- 0b0)
mem[X,0x0000000080000648] -> 0xC093
mem[X,0x000000008000064A] -> 0x0030
[402] [M]: 0x0000000080000648 (0x0030C093) xori x1, x1, 0x3                         inst_9+62
x1 <- 0x0000000080000641

mem[X,0x000000008000064C] -> 0x0013
mem[X,0x000000008000064E] -> 0x0000
[403] [M]: 0x000000008000064C (0x00000013) addi x0, x0, 0x0                         inst_9+66

clint mtime 0x00000000000000CA (mip.MTI <- 0b1, mip.STI <- 0b0)
mem[X,0x0000000080000650] -> 0x0013
mem[X,0x0000000080000652] -> 0x0000
[404] [M]: 0x0000000080000650 (0x00000013) addi x0, x0, 0x0                         inst_9+70

mem[X,0x0000000080000654] -> 0x0013
mem[X,0x0000000080000656] -> 0x0000
[405] [M]: 0x0000000080000654 (0x00000013) addi x0, x0, 0x0                         inst_9+74

clint mtime 0x00000000000000CB (mip.MTI <- 0b1, mip.STI <- 0b0)
mem[X,0x0000000080000658] -> 0x0013
mem[X,0x000000008000065A] -> 0x0000
[406] [M]: 0x0000000080000658 (0x00000013) addi x0, x0, 0x0                         inst_9+78

mem[X,0x000000008000065C] -> 0x0013
mem[X,0x000000008000065E] -> 0x0000
[407] [M]: 0x000000008000065C (0x00000013) addi x0, x0, 0x0                         inst_9+82

clint mtime 0x00000000000000CC (mip.MTI <- 0b1, mip.STI <- 0b0)
mem[X,0x0000000080000660] -> 0x0617
mem[X,0x0000000080000662] -> 0x0000
[408] [M]: 0x0000000080000660 (0x00000617) auipc x12, 0x0                           inst_9+86
x12 <- 0x0000000080000660

mem[X,0x0000000080000664] -> 0x0613
mem[X,0x0000000080000666] -> 0xFAA6
[409] [M]: 0x0000000080000664 (0xFAA60613) addi x12, x12, -0x56                     inst_9+90
x12 <- 0x000000008000060A

clint mtime 0x00000000000000CD (mip.MTI <- 0b1, mip.STI <- 0b0)
mem[X,0x0000000080000668] -> 0x0013
mem[X,0x000000008000066A] -> 0x0000
[410] [M]: 0x0000000080000668 (0x00000013) addi x0, x0, 0x0                         inst_9+94

mem[X,0x000000008000066C] -> 0x0013
mem[X,0x000000008000066E] -> 0x0000
[411] [M]: 0x000000008000066C (0x00000013) addi x0, x0, 0x0                         inst_9+98

clint mtime 0x00000000000000CE (mip.MTI <- 0b1, mip.STI <- 0b0)
mem[X,0x0000000080000670] -> 0x0013
mem[X,0x0000000080000672] -> 0x0000
[412] [M]: 0x0000000080000670 (0x00000013) addi x0, x0, 0x0                         inst_9+102

mem[X,0x0000000080000674] -> 0x0013
mem[X,0x0000000080000676] -> 0x0000
[413] [M]: 0x0000000080000674 (0x00000013) addi x0, x0, 0x0                         inst_9+106

clint mtime 0x00000000000000CF (mip.MTI <- 0b1, mip.STI <- 0b0)
mem[X,0x0000000080000678] -> 0x0013
mem[X,0x000000008000067A] -> 0x0000
[414] [M]: 0x0000000080000678 (0x00000013) addi x0, x0, 0x0                         inst_9+110

mem[X,0x000000008000067C] -> 0x0013
mem[X,0x000000008000067E] -> 0x0000
[415] [M]: 0x000000008000067C (0x00000013) addi x0, x0, 0x0                         inst_9+114

clint mtime 0x00000000000000D0 (mip.MTI <- 0b1, mip.STI <- 0b0)
mem[X,0x0000000080000680] -> 0x9A71
[416] [M]: 0x0000000080000680 (0x9A71) c.andi x12, -0x4                             inst_9+118
x12 <- 0x0000000080000608

mem[X,0x0000000080000682] -> 0x80B3
mem[X,0x0000000080000684] -> 0x40C0
[417] [M]: 0x0000000080000682 (0x40C080B3) sub x1, x1, x12                          inst_9+120
x1 <- 0x0000000000000039

clint mtime 0x00000000000000D1 (mip.MTI <- 0b1, mip.STI <- 0b0)
mem[X,0x0000000080000686] -> 0x3423
mem[X,0x0000000080000688] -> 0x0415
[418] [M]: 0x0000000080000686 (0x04153423) sd x1, 0x48(x10)                         inst_9+124
mem[W,0x0000000080004160] <- 0x0000000000000039

mem[X,0x000000008000068A] -> 0x0013
mem[X,0x000000008000068C] -> 0x0000
[419] [M]: 0x000000008000068A (0x00000013) addi x0, x0, 0x0                         inst_10+0

clint mtime 0x00000000000000D2 (mip.MTI <- 0b1, mip.STI <- 0b0)
mem[X,0x000000008000068E] -> 0x0013
mem[X,0x0000000080000690] -> 0x0000
[420] [M]: 0x000000008000068E (0x00000013) addi x0, x0, 0x0                         inst_10+4

mem[X,0x0000000080000692] -> 0x0013
mem[X,0x0000000080000694] -> 0x0000
[421] [M]: 0x0000000080000692 (0x00000013) addi x0, x0, 0x0                         inst_10+8

clint mtime 0x00000000000000D3 (mip.MTI <- 0b1, mip.STI <- 0b0)
mem[X,0x0000000080000696] -> 0x0013
mem[X,0x0000000080000698] -> 0x0000
[422] [M]: 0x0000000080000696 (0x00000013) addi x0, x0, 0x0                         inst_10+12

mem[X,0x000000008000069A] -> 0x0013
mem[X,0x000000008000069C] -> 0x0000
[423] [M]: 0x000000008000069A (0x00000013) addi x0, x0, 0x0                         inst_10+16

clint mtime 0x00000000000000D4 (mip.MTI <- 0b1, mip.STI <- 0b0)
mem[X,0x000000008000069E] -> 0x0001
[424] [M]: 0x000000008000069E (0x0001) c.nop                                        inst_10+20

mem[X,0x00000000800006A0] -> 0x0497
mem[X,0x00000000800006A2] -> 0x0000
[425] [M]: 0x00000000800006A0 (0x00000497) auipc x9, 0x0                            inst_10+22
x9 <- 0x00000000800006A0

clint mtime 0x00000000000000D5 (mip.MTI <- 0b1, mip.STI <- 0b0)
mem[X,0x00000000800006A4] -> 0x8493
mem[X,0x00000000800006A6] -> 0x0284
[426] [M]: 0x00000000800006A4 (0x02848493) addi x9, x9, 0x28                        inst_10+26
x9 <- 0x00000000800006C8

mem[X,0x00000000800006A8] -> 0x0013
mem[X,0x00000000800006AA] -> 0x0000
[427] [M]: 0x00000000800006A8 (0x00000013) addi x0, x0, 0x0                         inst_10+30

clint mtime 0x00000000000000D6 (mip.MTI <- 0b1, mip.STI <- 0b0)
mem[X,0x00000000800006AC] -> 0x0013
mem[X,0x00000000800006AE] -> 0x0000
[428] [M]: 0x00000000800006AC (0x00000013) addi x0, x0, 0x0                         inst_10+34

mem[X,0x00000000800006B0] -> 0x0013
mem[X,0x00000000800006B2] -> 0x0000
[429] [M]: 0x00000000800006B0 (0x00000013) addi x0, x0, 0x0                         inst_10+38

clint mtime 0x00000000000000D7 (mip.MTI <- 0b1, mip.STI <- 0b0)
mem[X,0x00000000800006B4] -> 0x0013
mem[X,0x00000000800006B6] -> 0x0000
[430] [M]: 0x00000000800006B4 (0x00000013) addi x0, x0, 0x0                         inst_10+42

mem[X,0x00000000800006B8] -> 0x0013
mem[X,0x00000000800006BA] -> 0x0000
[431] [M]: 0x00000000800006B8 (0x00000013) addi x0, x0, 0x0                         inst_10+46

clint mtime 0x00000000000000D8 (mip.MTI <- 0b1, mip.STI <- 0b0)
mem[X,0x00000000800006BC] -> 0x0013
mem[X,0x00000000800006BE] -> 0x0000
[432] [M]: 0x00000000800006BC (0x00000013) addi x0, x0, 0x0                         inst_10+50

mem[X,0x00000000800006C0] -> 0x9482
[433] [M]: 0x00000000800006C0 (0x9482) c.jalr x9                                    inst_10+54
x1 <- 0x00000000800006C2

clint mtime 0x00000000000000D9 (mip.MTI <- 0b1, mip.STI <- 0b0)
mem[X,0x00000000800006C8] -> 0xC093
mem[X,0x00000000800006CA] -> 0x0030
[434] [M]: 0x00000000800006C8 (0x0030C093) xori x1, x1, 0x3                         inst_10+62
x1 <- 0x00000000800006C1

mem[X,0x00000000800006CC] -> 0x0013
mem[X,0x00000000800006CE] -> 0x0000
[435] [M]: 0x00000000800006CC (0x00000013) addi x0, x0, 0x0                         inst_10+66

clint mtime 0x00000000000000DA (mip.MTI <- 0b1, mip.STI <- 0b0)
mem[X,0x00000000800006D0] -> 0x0013
mem[X,0x00000000800006D2] -> 0x0000
[436] [M]: 0x00000000800006D0 (0x00000013) addi x0, x0, 0x0                         inst_10+70

mem[X,0x00000000800006D4] -> 0x0013
mem[X,0x00000000800006D6] -> 0x0000
[437] [M]: 0x00000000800006D4 (0x00000013) addi x0, x0, 0x0                         inst_10+74

clint mtime 0x00000000000000DB (mip.MTI <- 0b1, mip.STI <- 0b0)
mem[X,0x00000000800006D8] -> 0x0013
mem[X,0x00000000800006DA] -> 0x0000
[438] [M]: 0x00000000800006D8 (0x00000013) addi x0, x0, 0x0                         inst_10+78

mem[X,0x00000000800006DC] -> 0x0013
mem[X,0x00000000800006DE] -> 0x0000
[439] [M]: 0x00000000800006DC (0x00000013) addi x0, x0, 0x0                         inst_10+82

clint mtime 0x00000000000000DC (mip.MTI <- 0b1, mip.STI <- 0b0)
mem[X,0x00000000800006E0] -> 0x0617
mem[X,0x00000000800006E2] -> 0x0000
[440] [M]: 0x00000000800006E0 (0x00000617) auipc x12, 0x0                           inst_10+86
x12 <- 0x00000000800006E0

mem[X,0x00000000800006E4] -> 0x0613
mem[X,0x00000000800006E6] -> 0xFAA6
[441] [M]: 0x00000000800006E4 (0xFAA60613) addi x12, x12, -0x56                     inst_10+90
x12 <- 0x000000008000068A

clint mtime 0x00000000000000DD (mip.MTI <- 0b1, mip.STI <- 0b0)
mem[X,0x00000000800006E8] -> 0x0013
mem[X,0x00000000800006EA] -> 0x0000
[442] [M]: 0x00000000800006E8 (0x00000013) addi x0, x0, 0x0                         inst_10+94

mem[X,0x00000000800006EC] -> 0x0013
mem[X,0x00000000800006EE] -> 0x0000
[443] [M]: 0x00000000800006EC (0x00000013) addi x0, x0, 0x0                         inst_10+98

clint mtime 0x00000000000000DE (mip.MTI <- 0b1, mip.STI <- 0b0)
mem[X,0x00000000800006F0] -> 0x0013
mem[X,0x00000000800006F2] -> 0x0000
[444] [M]: 0x00000000800006F0 (0x00000013) addi x0, x0, 0x0                         inst_10+102

mem[X,0x00000000800006F4] -> 0x0013
mem[X,0x00000000800006F6] -> 0x0000
[445] [M]: 0x00000000800006F4 (0x00000013) addi x0, x0, 0x0                         inst_10+106

clint mtime 0x00000000000000DF (mip.MTI <- 0b1, mip.STI <- 0b0)
mem[X,0x00000000800006F8] -> 0x0013
mem[X,0x00000000800006FA] -> 0x0000
[446] [M]: 0x00000000800006F8 (0x00000013) addi x0, x0, 0x0                         inst_10+110

mem[X,0x00000000800006FC] -> 0x0013
mem[X,0x00000000800006FE] -> 0x0000
[447] [M]: 0x00000000800006FC (0x00000013) addi x0, x0, 0x0                         inst_10+114

clint mtime 0x00000000000000E0 (mip.MTI <- 0b1, mip.STI <- 0b0)
mem[X,0x0000000080000700] -> 0x9A71
[448] [M]: 0x0000000080000700 (0x9A71) c.andi x12, -0x4                             inst_10+118
x12 <- 0x0000000080000688

mem[X,0x0000000080000702] -> 0x80B3
mem[X,0x0000000080000704] -> 0x40C0
[449] [M]: 0x0000000080000702 (0x40C080B3) sub x1, x1, x12                          inst_10+120
x1 <- 0x0000000000000039

clint mtime 0x00000000000000E1 (mip.MTI <- 0b1, mip.STI <- 0b0)
mem[X,0x0000000080000706] -> 0x3823
mem[X,0x0000000080000708] -> 0x0415
[450] [M]: 0x0000000080000706 (0x04153823) sd x1, 0x50(x10)                         inst_10+124
mem[W,0x0000000080004168] <- 0x0000000000000039

mem[X,0x000000008000070A] -> 0x0013
mem[X,0x000000008000070C] -> 0x0000
[451] [M]: 0x000000008000070A (0x00000013) addi x0, x0, 0x0                         inst_11+0

clint mtime 0x00000000000000E2 (mip.MTI <- 0b1, mip.STI <- 0b0)
mem[X,0x000000008000070E] -> 0x0013
mem[X,0x0000000080000710] -> 0x0000
[452] [M]: 0x000000008000070E (0x00000013) addi x0, x0, 0x0                         inst_11+4

mem[X,0x0000000080000712] -> 0x0013
mem[X,0x0000000080000714] -> 0x0000
[453] [M]: 0x0000000080000712 (0x00000013) addi x0, x0, 0x0                         inst_11+8

clint mtime 0x00000000000000E3 (mip.MTI <- 0b1, mip.STI <- 0b0)
mem[X,0x0000000080000716] -> 0x0013
mem[X,0x0000000080000718] -> 0x0000
[454] [M]: 0x0000000080000716 (0x00000013) addi x0, x0, 0x0                         inst_11+12

mem[X,0x000000008000071A] -> 0x0013
mem[X,0x000000008000071C] -> 0x0000
[455] [M]: 0x000000008000071A (0x00000013) addi x0, x0, 0x0                         inst_11+16

clint mtime 0x00000000000000E4 (mip.MTI <- 0b1, mip.STI <- 0b0)
mem[X,0x000000008000071E] -> 0x0001
[456] [M]: 0x000000008000071E (0x0001) c.nop                                        inst_11+20

mem[X,0x0000000080000720] -> 0x0817
mem[X,0x0000000080000722] -> 0x0000
[457] [M]: 0x0000000080000720 (0x00000817) auipc x16, 0x0                           inst_11+22
x16 <- 0x0000000080000720

clint mtime 0x00000000000000E5 (mip.MTI <- 0b1, mip.STI <- 0b0)
mem[X,0x0000000080000724] -> 0x0813
mem[X,0x0000000080000726] -> 0x0288
[458] [M]: 0x0000000080000724 (0x02880813) addi x16, x16, 0x28                      inst_11+26
x16 <- 0x0000000080000748

mem[X,0x0000000080000728] -> 0x0013
mem[X,0x000000008000072A] -> 0x0000
[459] [M]: 0x0000000080000728 (0x00000013) addi x0, x0, 0x0                         inst_11+30

clint mtime 0x00000000000000E6 (mip.MTI <- 0b1, mip.STI <- 0b0)
mem[X,0x000000008000072C] -> 0x0013
mem[X,0x000000008000072E] -> 0x0000
[460] [M]: 0x000000008000072C (0x00000013) addi x0, x0, 0x0                         inst_11+34

mem[X,0x0000000080000730] -> 0x0013
mem[X,0x0000000080000732] -> 0x0000
[461] [M]: 0x0000000080000730 (0x00000013) addi x0, x0, 0x0                         inst_11+38

clint mtime 0x00000000000000E7 (mip.MTI <- 0b1, mip.STI <- 0b0)
mem[X,0x0000000080000734] -> 0x0013
mem[X,0x0000000080000736] -> 0x0000
[462] [M]: 0x0000000080000734 (0x00000013) addi x0, x0, 0x0                         inst_11+42

mem[X,0x0000000080000738] -> 0x0013
mem[X,0x000000008000073A] -> 0x0000
[463] [M]: 0x0000000080000738 (0x00000013) addi x0, x0, 0x0                         inst_11+46

clint mtime 0x00000000000000E8 (mip.MTI <- 0b1, mip.STI <- 0b0)
mem[X,0x000000008000073C] -> 0x0013
mem[X,0x000000008000073E] -> 0x0000
[464] [M]: 0x000000008000073C (0x00000013) addi x0, x0, 0x0                         inst_11+50

mem[X,0x0000000080000740] -> 0x9802
[465] [M]: 0x0000000080000740 (0x9802) c.jalr x16                                   inst_11+54
x1 <- 0x0000000080000742

clint mtime 0x00000000000000E9 (mip.MTI <- 0b1, mip.STI <- 0b0)
mem[X,0x0000000080000748] -> 0xC093
mem[X,0x000000008000074A] -> 0x0030
[466] [M]: 0x0000000080000748 (0x0030C093) xori x1, x1, 0x3                         inst_11+62
x1 <- 0x0000000080000741

mem[X,0x000000008000074C] -> 0x0013
mem[X,0x000000008000074E] -> 0x0000
[467] [M]: 0x000000008000074C (0x00000013) addi x0, x0, 0x0                         inst_11+66

clint mtime 0x00000000000000EA (mip.MTI <- 0b1, mip.STI <- 0b0)
mem[X,0x0000000080000750] -> 0x0013
mem[X,0x0000000080000752] -> 0x0000
[468] [M]: 0x0000000080000750 (0x00000013) addi x0, x0, 0x0                         inst_11+70

mem[X,0x0000000080000754] -> 0x0013
mem[X,0x0000000080000756] -> 0x0000
[469] [M]: 0x0000000080000754 (0x00000013) addi x0, x0, 0x0                         inst_11+74

clint mtime 0x00000000000000EB (mip.MTI <- 0b1, mip.STI <- 0b0)
mem[X,0x0000000080000758] -> 0x0013
mem[X,0x000000008000075A] -> 0x0000
[470] [M]: 0x0000000080000758 (0x00000013) addi x0, x0, 0x0                         inst_11+78

mem[X,0x000000008000075C] -> 0x0013
mem[X,0x000000008000075E] -> 0x0000
[471] [M]: 0x000000008000075C (0x00000013) addi x0, x0, 0x0                         inst_11+82

clint mtime 0x00000000000000EC (mip.MTI <- 0b1, mip.STI <- 0b0)
mem[X,0x0000000080000760] -> 0x0617
mem[X,0x0000000080000762] -> 0x0000
[472] [M]: 0x0000000080000760 (0x00000617) auipc x12, 0x0                           inst_11+86
x12 <- 0x0000000080000760

mem[X,0x0000000080000764] -> 0x0613
mem[X,0x0000000080000766] -> 0xFAA6
[473] [M]: 0x0000000080000764 (0xFAA60613) addi x12, x12, -0x56                     inst_11+90
x12 <- 0x000000008000070A

clint mtime 0x00000000000000ED (mip.MTI <- 0b1, mip.STI <- 0b0)
mem[X,0x0000000080000768] -> 0x0013
mem[X,0x000000008000076A] -> 0x0000
[474] [M]: 0x0000000080000768 (0x00000013) addi x0, x0, 0x0                         inst_11+94

mem[X,0x000000008000076C] -> 0x0013
mem[X,0x000000008000076E] -> 0x0000
[475] [M]: 0x000000008000076C (0x00000013) addi x0, x0, 0x0                         inst_11+98

clint mtime 0x00000000000000EE (mip.MTI <- 0b1, mip.STI <- 0b0)
mem[X,0x0000000080000770] -> 0x0013
mem[X,0x0000000080000772] -> 0x0000
[476] [M]: 0x0000000080000770 (0x00000013) addi x0, x0, 0x0                         inst_11+102

mem[X,0x0000000080000774] -> 0x0013
mem[X,0x0000000080000776] -> 0x0000
[477] [M]: 0x0000000080000774 (0x00000013) addi x0, x0, 0x0                         inst_11+106

clint mtime 0x00000000000000EF (mip.MTI <- 0b1, mip.STI <- 0b0)
mem[X,0x0000000080000778] -> 0x0013
mem[X,0x000000008000077A] -> 0x0000
[478] [M]: 0x0000000080000778 (0x00000013) addi x0, x0, 0x0                         inst_11+110

mem[X,0x000000008000077C] -> 0x0013
mem[X,0x000000008000077E] -> 0x0000
[479] [M]: 0x000000008000077C (0x00000013) addi x0, x0, 0x0                         inst_11+114

clint mtime 0x00000000000000F0 (mip.MTI <- 0b1, mip.STI <- 0b0)
mem[X,0x0000000080000780] -> 0x9A71
[480] [M]: 0x0000000080000780 (0x9A71) c.andi x12, -0x4                             inst_11+118
x12 <- 0x0000000080000708

mem[X,0x0000000080000782] -> 0x80B3
mem[X,0x0000000080000784] -> 0x40C0
[481] [M]: 0x0000000080000782 (0x40C080B3) sub x1, x1, x12                          inst_11+120
x1 <- 0x0000000000000039

clint mtime 0x00000000000000F1 (mip.MTI <- 0b1, mip.STI <- 0b0)
mem[X,0x0000000080000786] -> 0x3C23
mem[X,0x0000000080000788] -> 0x0415
[482] [M]: 0x0000000080000786 (0x04153C23) sd x1, 0x58(x10)                         inst_11+124
mem[W,0x0000000080004170] <- 0x0000000000000039

mem[X,0x000000008000078A] -> 0x0013
mem[X,0x000000008000078C] -> 0x0000
[483] [M]: 0x000000008000078A (0x00000013) addi x0, x0, 0x0                         inst_12+0

clint mtime 0x00000000000000F2 (mip.MTI <- 0b1, mip.STI <- 0b0)
mem[X,0x000000008000078E] -> 0x0013
mem[X,0x0000000080000790] -> 0x0000
[484] [M]: 0x000000008000078E (0x00000013) addi x0, x0, 0x0                         inst_12+4

mem[X,0x0000000080000792] -> 0x0013
mem[X,0x0000000080000794] -> 0x0000
[485] [M]: 0x0000000080000792 (0x00000013) addi x0, x0, 0x0                         inst_12+8

clint mtime 0x00000000000000F3 (mip.MTI <- 0b1, mip.STI <- 0b0)
mem[X,0x0000000080000796] -> 0x0013
mem[X,0x0000000080000798] -> 0x0000
[486] [M]: 0x0000000080000796 (0x00000013) addi x0, x0, 0x0                         inst_12+12

mem[X,0x000000008000079A] -> 0x0013
mem[X,0x000000008000079C] -> 0x0000
[487] [M]: 0x000000008000079A (0x00000013) addi x0, x0, 0x0                         inst_12+16

clint mtime 0x00000000000000F4 (mip.MTI <- 0b1, mip.STI <- 0b0)
mem[X,0x000000008000079E] -> 0x0001
[488] [M]: 0x000000008000079E (0x0001) c.nop                                        inst_12+20

mem[X,0x00000000800007A0] -> 0x0797
mem[X,0x00000000800007A2] -> 0x0000
[489] [M]: 0x00000000800007A0 (0x00000797) auipc x15, 0x0                           inst_12+22
x15 <- 0x00000000800007A0

clint mtime 0x00000000000000F5 (mip.MTI <- 0b1, mip.STI <- 0b0)
mem[X,0x00000000800007A4] -> 0x8793
mem[X,0x00000000800007A6] -> 0x0287
[490] [M]: 0x00000000800007A4 (0x02878793) addi x15, x15, 0x28                      inst_12+26
x15 <- 0x00000000800007C8

mem[X,0x00000000800007A8] -> 0x0013
mem[X,0x00000000800007AA] -> 0x0000
[491] [M]: 0x00000000800007A8 (0x00000013) addi x0, x0, 0x0                         inst_12+30

clint mtime 0x00000000000000F6 (mip.MTI <- 0b1, mip.STI <- 0b0)
mem[X,0x00000000800007AC] -> 0x0013
mem[X,0x00000000800007AE] -> 0x0000
[492] [M]: 0x00000000800007AC (0x00000013) addi x0, x0, 0x0                         inst_12+34

mem[X,0x00000000800007B0] -> 0x0013
mem[X,0x00000000800007B2] -> 0x0000
[493] [M]: 0x00000000800007B0 (0x00000013) addi x0, x0, 0x0                         inst_12+38

clint mtime 0x00000000000000F7 (mip.MTI <- 0b1, mip.STI <- 0b0)
mem[X,0x00000000800007B4] -> 0x0013
mem[X,0x00000000800007B6] -> 0x0000
[494] [M]: 0x00000000800007B4 (0x00000013) addi x0, x0, 0x0                         inst_12+42

mem[X,0x00000000800007B8] -> 0x0013
mem[X,0x00000000800007BA] -> 0x0000
[495] [M]: 0x00000000800007B8 (0x00000013) addi x0, x0, 0x0                         inst_12+46

clint mtime 0x00000000000000F8 (mip.MTI <- 0b1, mip.STI <- 0b0)
mem[X,0x00000000800007BC] -> 0x0013
mem[X,0x00000000800007BE] -> 0x0000
[496] [M]: 0x00000000800007BC (0x00000013) addi x0, x0, 0x0                         inst_12+50

mem[X,0x00000000800007C0] -> 0x9782
[497] [M]: 0x00000000800007C0 (0x9782) c.jalr x15                                   inst_12+54
x1 <- 0x00000000800007C2

clint mtime 0x00000000000000F9 (mip.MTI <- 0b1, mip.STI <- 0b0)
mem[X,0x00000000800007C8] -> 0xC093
mem[X,0x00000000800007CA] -> 0x0030
[498] [M]: 0x00000000800007C8 (0x0030C093) xori x1, x1, 0x3                         inst_12+62
x1 <- 0x00000000800007C1

mem[X,0x00000000800007CC] -> 0x0013
mem[X,0x00000000800007CE] -> 0x0000
[499] [M]: 0x00000000800007CC (0x00000013) addi x0, x0, 0x0                         inst_12+66

clint mtime 0x00000000000000FA (mip.MTI <- 0b1, mip.STI <- 0b0)
mem[X,0x00000000800007D0] -> 0x0013
mem[X,0x00000000800007D2] -> 0x0000
[500] [M]: 0x00000000800007D0 (0x00000013) addi x0, x0, 0x0                         inst_12+70

mem[X,0x00000000800007D4] -> 0x0013
mem[X,0x00000000800007D6] -> 0x0000
[501] [M]: 0x00000000800007D4 (0x00000013) addi x0, x0, 0x0                         inst_12+74

clint mtime 0x00000000000000FB (mip.MTI <- 0b1, mip.STI <- 0b0)
mem[X,0x00000000800007D8] -> 0x0013
mem[X,0x00000000800007DA] -> 0x0000
[502] [M]: 0x00000000800007D8 (0x00000013) addi x0, x0, 0x0                         inst_12+78

mem[X,0x00000000800007DC] -> 0x0013
mem[X,0x00000000800007DE] -> 0x0000
[503] [M]: 0x00000000800007DC (0x00000013) addi x0, x0, 0x0                         inst_12+82

clint mtime 0x00000000000000FC (mip.MTI <- 0b1, mip.STI <- 0b0)
mem[X,0x00000000800007E0] -> 0x0617
mem[X,0x00000000800007E2] -> 0x0000
[504] [M]: 0x00000000800007E0 (0x00000617) auipc x12, 0x0                           inst_12+86
x12 <- 0x00000000800007E0

mem[X,0x00000000800007E4] -> 0x0613
mem[X,0x00000000800007E6] -> 0xFAA6
[505] [M]: 0x00000000800007E4 (0xFAA60613) addi x12, x12, -0x56                     inst_12+90
x12 <- 0x000000008000078A

clint mtime 0x00000000000000FD (mip.MTI <- 0b1, mip.STI <- 0b0)
mem[X,0x00000000800007E8] -> 0x0013
mem[X,0x00000000800007EA] -> 0x0000
[506] [M]: 0x00000000800007E8 (0x00000013) addi x0, x0, 0x0                         inst_12+94

mem[X,0x00000000800007EC] -> 0x0013
mem[X,0x00000000800007EE] -> 0x0000
[507] [M]: 0x00000000800007EC (0x00000013) addi x0, x0, 0x0                         inst_12+98

clint mtime 0x00000000000000FE (mip.MTI <- 0b1, mip.STI <- 0b0)
mem[X,0x00000000800007F0] -> 0x0013
mem[X,0x00000000800007F2] -> 0x0000
[508] [M]: 0x00000000800007F0 (0x00000013) addi x0, x0, 0x0                         inst_12+102

mem[X,0x00000000800007F4] -> 0x0013
mem[X,0x00000000800007F6] -> 0x0000
[509] [M]: 0x00000000800007F4 (0x00000013) addi x0, x0, 0x0                         inst_12+106

clint mtime 0x00000000000000FF (mip.MTI <- 0b1, mip.STI <- 0b0)
mem[X,0x00000000800007F8] -> 0x0013
mem[X,0x00000000800007FA] -> 0x0000
[510] [M]: 0x00000000800007F8 (0x00000013) addi x0, x0, 0x0                         inst_12+110

mem[X,0x00000000800007FC] -> 0x0013
mem[X,0x00000000800007FE] -> 0x0000
[511] [M]: 0x00000000800007FC (0x00000013) addi x0, x0, 0x0                         inst_12+114

clint mtime 0x0000000000000100 (mip.MTI <- 0b1, mip.STI <- 0b0)
mem[X,0x0000000080000800] -> 0x9A71
[512] [M]: 0x0000000080000800 (0x9A71) c.andi x12, -0x4                             inst_12+118
x12 <- 0x0000000080000788

mem[X,0x0000000080000802] -> 0x80B3
mem[X,0x0000000080000804] -> 0x40C0
[513] [M]: 0x0000000080000802 (0x40C080B3) sub x1, x1, x12                          inst_12+120
x1 <- 0x0000000000000039

clint mtime 0x0000000000000101 (mip.MTI <- 0b1, mip.STI <- 0b0)
mem[X,0x0000000080000806] -> 0x3023
mem[X,0x0000000080000808] -> 0x0615
[514] [M]: 0x0000000080000806 (0x06153023) sd x1, 0x60(x10)                         inst_12+124
mem[W,0x0000000080004178] <- 0x0000000000000039

mem[X,0x000000008000080A] -> 0x0013
mem[X,0x000000008000080C] -> 0x0000
[515] [M]: 0x000000008000080A (0x00000013) addi x0, x0, 0x0                         inst_13+0

clint mtime 0x0000000000000102 (mip.MTI <- 0b1, mip.STI <- 0b0)
mem[X,0x000000008000080E] -> 0x0013
mem[X,0x0000000080000810] -> 0x0000
[516] [M]: 0x000000008000080E (0x00000013) addi x0, x0, 0x0                         inst_13+4

mem[X,0x0000000080000812] -> 0x0013
mem[X,0x0000000080000814] -> 0x0000
[517] [M]: 0x0000000080000812 (0x00000013) addi x0, x0, 0x0                         inst_13+8

clint mtime 0x0000000000000103 (mip.MTI <- 0b1, mip.STI <- 0b0)
mem[X,0x0000000080000816] -> 0x0013
mem[X,0x0000000080000818] -> 0x0000
[518] [M]: 0x0000000080000816 (0x00000013) addi x0, x0, 0x0                         inst_13+12

mem[X,0x000000008000081A] -> 0x0013
mem[X,0x000000008000081C] -> 0x0000
[519] [M]: 0x000000008000081A (0x00000013) addi x0, x0, 0x0                         inst_13+16

clint mtime 0x0000000000000104 (mip.MTI <- 0b1, mip.STI <- 0b0)
mem[X,0x000000008000081E] -> 0x0001
[520] [M]: 0x000000008000081E (0x0001) c.nop                                        inst_13+20

mem[X,0x0000000080000820] -> 0x0417
mem[X,0x0000000080000822] -> 0x0000
[521] [M]: 0x0000000080000820 (0x00000417) auipc x8, 0x0                            inst_13+22
x8 <- 0x0000000080000820

clint mtime 0x0000000000000105 (mip.MTI <- 0b1, mip.STI <- 0b0)
mem[X,0x0000000080000824] -> 0x0413
mem[X,0x0000000080000826] -> 0x0284
[522] [M]: 0x0000000080000824 (0x02840413) addi x8, x8, 0x28                        inst_13+26
x8 <- 0x0000000080000848

mem[X,0x0000000080000828] -> 0x0013
mem[X,0x000000008000082A] -> 0x0000
[523] [M]: 0x0000000080000828 (0x00000013) addi x0, x0, 0x0                         inst_13+30

clint mtime 0x0000000000000106 (mip.MTI <- 0b1, mip.STI <- 0b0)
mem[X,0x000000008000082C] -> 0x0013
mem[X,0x000000008000082E] -> 0x0000
[524] [M]: 0x000000008000082C (0x00000013) addi x0, x0, 0x0                         inst_13+34

mem[X,0x0000000080000830] -> 0x0013
mem[X,0x0000000080000832] -> 0x0000
[525] [M]: 0x0000000080000830 (0x00000013) addi x0, x0, 0x0                         inst_13+38

clint mtime 0x0000000000000107 (mip.MTI <- 0b1, mip.STI <- 0b0)
mem[X,0x0000000080000834] -> 0x0013
mem[X,0x0000000080000836] -> 0x0000
[526] [M]: 0x0000000080000834 (0x00000013) addi x0, x0, 0x0                         inst_13+42

mem[X,0x0000000080000838] -> 0x0013
mem[X,0x000000008000083A] -> 0x0000
[527] [M]: 0x0000000080000838 (0x00000013) addi x0, x0, 0x0                         inst_13+46

clint mtime 0x0000000000000108 (mip.MTI <- 0b1, mip.STI <- 0b0)
mem[X,0x000000008000083C] -> 0x0013
mem[X,0x000000008000083E] -> 0x0000
[528] [M]: 0x000000008000083C (0x00000013) addi x0, x0, 0x0                         inst_13+50

mem[X,0x0000000080000840] -> 0x9402
[529] [M]: 0x0000000080000840 (0x9402) c.jalr x8                                    inst_13+54
x1 <- 0x0000000080000842

clint mtime 0x0000000000000109 (mip.MTI <- 0b1, mip.STI <- 0b0)
mem[X,0x0000000080000848] -> 0xC093
mem[X,0x000000008000084A] -> 0x0030
[530] [M]: 0x0000000080000848 (0x0030C093) xori x1, x1, 0x3                         inst_13+62
x1 <- 0x0000000080000841

mem[X,0x000000008000084C] -> 0x0013
mem[X,0x000000008000084E] -> 0x0000
[531] [M]: 0x000000008000084C (0x00000013) addi x0, x0, 0x0                         inst_13+66

clint mtime 0x000000000000010A (mip.MTI <- 0b1, mip.STI <- 0b0)
mem[X,0x0000000080000850] -> 0x0013
mem[X,0x0000000080000852] -> 0x0000
[532] [M]: 0x0000000080000850 (0x00000013) addi x0, x0, 0x0                         inst_13+70

mem[X,0x0000000080000854] -> 0x0013
mem[X,0x0000000080000856] -> 0x0000
[533] [M]: 0x0000000080000854 (0x00000013) addi x0, x0, 0x0                         inst_13+74

clint mtime 0x000000000000010B (mip.MTI <- 0b1, mip.STI <- 0b0)
mem[X,0x0000000080000858] -> 0x0013
mem[X,0x000000008000085A] -> 0x0000
[534] [M]: 0x0000000080000858 (0x00000013) addi x0, x0, 0x0                         inst_13+78

mem[X,0x000000008000085C] -> 0x0013
mem[X,0x000000008000085E] -> 0x0000
[535] [M]: 0x000000008000085C (0x00000013) addi x0, x0, 0x0                         inst_13+82

clint mtime 0x000000000000010C (mip.MTI <- 0b1, mip.STI <- 0b0)
mem[X,0x0000000080000860] -> 0x0617
mem[X,0x0000000080000862] -> 0x0000
[536] [M]: 0x0000000080000860 (0x00000617) auipc x12, 0x0                           inst_13+86
x12 <- 0x0000000080000860

mem[X,0x0000000080000864] -> 0x0613
mem[X,0x0000000080000866] -> 0xFAA6
[537] [M]: 0x0000000080000864 (0xFAA60613) addi x12, x12, -0x56                     inst_13+90
x12 <- 0x000000008000080A

clint mtime 0x000000000000010D (mip.MTI <- 0b1, mip.STI <- 0b0)
mem[X,0x0000000080000868] -> 0x0013
mem[X,0x000000008000086A] -> 0x0000
[538] [M]: 0x0000000080000868 (0x00000013) addi x0, x0, 0x0                         inst_13+94

mem[X,0x000000008000086C] -> 0x0013
mem[X,0x000000008000086E] -> 0x0000
[539] [M]: 0x000000008000086C (0x00000013) addi x0, x0, 0x0                         inst_13+98

clint mtime 0x000000000000010E (mip.MTI <- 0b1, mip.STI <- 0b0)
mem[X,0x0000000080000870] -> 0x0013
mem[X,0x0000000080000872] -> 0x0000
[540] [M]: 0x0000000080000870 (0x00000013) addi x0, x0, 0x0                         inst_13+102

mem[X,0x0000000080000874] -> 0x0013
mem[X,0x0000000080000876] -> 0x0000
[541] [M]: 0x0000000080000874 (0x00000013) addi x0, x0, 0x0                         inst_13+106

clint mtime 0x000000000000010F (mip.MTI <- 0b1, mip.STI <- 0b0)
mem[X,0x0000000080000878] -> 0x0013
mem[X,0x000000008000087A] -> 0x0000
[542] [M]: 0x0000000080000878 (0x00000013) addi x0, x0, 0x0                         inst_13+110

mem[X,0x000000008000087C] -> 0x0013
mem[X,0x000000008000087E] -> 0x0000
[543] [M]: 0x000000008000087C (0x00000013) addi x0, x0, 0x0                         inst_13+114

clint mtime 0x0000000000000110 (mip.MTI <- 0b1, mip.STI <- 0b0)
mem[X,0x0000000080000880] -> 0x9A71
[544] [M]: 0x0000000080000880 (0x9A71) c.andi x12, -0x4                             inst_13+118
x12 <- 0x0000000080000808

mem[X,0x0000000080000882] -> 0x80B3
mem[X,0x0000000080000884] -> 0x40C0
[545] [M]: 0x0000000080000882 (0x40C080B3) sub x1, x1, x12                          inst_13+120
x1 <- 0x0000000000000039

clint mtime 0x0000000000000111 (mip.MTI <- 0b1, mip.STI <- 0b0)
mem[X,0x0000000080000886] -> 0x3423
mem[X,0x0000000080000888] -> 0x0615
[546] [M]: 0x0000000080000886 (0x06153423) sd x1, 0x68(x10)                         inst_13+124
mem[W,0x0000000080004180] <- 0x0000000000000039

mem[X,0x000000008000088A] -> 0x0013
mem[X,0x000000008000088C] -> 0x0000
[547] [M]: 0x000000008000088A (0x00000013) addi x0, x0, 0x0                         inst_14+0

clint mtime 0x0000000000000112 (mip.MTI <- 0b1, mip.STI <- 0b0)
mem[X,0x000000008000088E] -> 0x0013
mem[X,0x0000000080000890] -> 0x0000
[548] [M]: 0x000000008000088E (0x00000013) addi x0, x0, 0x0                         inst_14+4

mem[X,0x0000000080000892] -> 0x0013
mem[X,0x0000000080000894] -> 0x0000
[549] [M]: 0x0000000080000892 (0x00000013) addi x0, x0, 0x0                         inst_14+8

clint mtime 0x0000000000000113 (mip.MTI <- 0b1, mip.STI <- 0b0)
mem[X,0x0000000080000896] -> 0x0013
mem[X,0x0000000080000898] -> 0x0000
[550] [M]: 0x0000000080000896 (0x00000013) addi x0, x0, 0x0                         inst_14+12

mem[X,0x000000008000089A] -> 0x0013
mem[X,0x000000008000089C] -> 0x0000
[551] [M]: 0x000000008000089A (0x00000013) addi x0, x0, 0x0                         inst_14+16

clint mtime 0x0000000000000114 (mip.MTI <- 0b1, mip.STI <- 0b0)
mem[X,0x000000008000089E] -> 0x0001
[552] [M]: 0x000000008000089E (0x0001) c.nop                                        inst_14+20

mem[X,0x00000000800008A0] -> 0x0B17
mem[X,0x00000000800008A2] -> 0x0000
[553] [M]: 0x00000000800008A0 (0x00000B17) auipc x22, 0x0                           inst_14+22
x22 <- 0x00000000800008A0

clint mtime 0x0000000000000115 (mip.MTI <- 0b1, mip.STI <- 0b0)
mem[X,0x00000000800008A4] -> 0x0B13
mem[X,0x00000000800008A6] -> 0x028B
[554] [M]: 0x00000000800008A4 (0x028B0B13) addi x22, x22, 0x28                      inst_14+26
x22 <- 0x00000000800008C8

mem[X,0x00000000800008A8] -> 0x0013
mem[X,0x00000000800008AA] -> 0x0000
[555] [M]: 0x00000000800008A8 (0x00000013) addi x0, x0, 0x0                         inst_14+30

clint mtime 0x0000000000000116 (mip.MTI <- 0b1, mip.STI <- 0b0)
mem[X,0x00000000800008AC] -> 0x0013
mem[X,0x00000000800008AE] -> 0x0000
[556] [M]: 0x00000000800008AC (0x00000013) addi x0, x0, 0x0                         inst_14+34

mem[X,0x00000000800008B0] -> 0x0013
mem[X,0x00000000800008B2] -> 0x0000
[557] [M]: 0x00000000800008B0 (0x00000013) addi x0, x0, 0x0                         inst_14+38

clint mtime 0x0000000000000117 (mip.MTI <- 0b1, mip.STI <- 0b0)
mem[X,0x00000000800008B4] -> 0x0013
mem[X,0x00000000800008B6] -> 0x0000
[558] [M]: 0x00000000800008B4 (0x00000013) addi x0, x0, 0x0                         inst_14+42

mem[X,0x00000000800008B8] -> 0x0013
mem[X,0x00000000800008BA] -> 0x0000
[559] [M]: 0x00000000800008B8 (0x00000013) addi x0, x0, 0x0                         inst_14+46

clint mtime 0x0000000000000118 (mip.MTI <- 0b1, mip.STI <- 0b0)
mem[X,0x00000000800008BC] -> 0x0013
mem[X,0x00000000800008BE] -> 0x0000
[560] [M]: 0x00000000800008BC (0x00000013) addi x0, x0, 0x0                         inst_14+50

mem[X,0x00000000800008C0] -> 0x9B02
[561] [M]: 0x00000000800008C0 (0x9B02) c.jalr x22                                   inst_14+54
x1 <- 0x00000000800008C2

clint mtime 0x0000000000000119 (mip.MTI <- 0b1, mip.STI <- 0b0)
mem[X,0x00000000800008C8] -> 0xC093
mem[X,0x00000000800008CA] -> 0x0030
[562] [M]: 0x00000000800008C8 (0x0030C093) xori x1, x1, 0x3                         inst_14+62
x1 <- 0x00000000800008C1

mem[X,0x00000000800008CC] -> 0x0013
mem[X,0x00000000800008CE] -> 0x0000
[563] [M]: 0x00000000800008CC (0x00000013) addi x0, x0, 0x0                         inst_14+66

clint mtime 0x000000000000011A (mip.MTI <- 0b1, mip.STI <- 0b0)
mem[X,0x00000000800008D0] -> 0x0013
mem[X,0x00000000800008D2] -> 0x0000
[564] [M]: 0x00000000800008D0 (0x00000013) addi x0, x0, 0x0                         inst_14+70

mem[X,0x00000000800008D4] -> 0x0013
mem[X,0x00000000800008D6] -> 0x0000
[565] [M]: 0x00000000800008D4 (0x00000013) addi x0, x0, 0x0                         inst_14+74

clint mtime 0x000000000000011B (mip.MTI <- 0b1, mip.STI <- 0b0)
mem[X,0x00000000800008D8] -> 0x0013
mem[X,0x00000000800008DA] -> 0x0000
[566] [M]: 0x00000000800008D8 (0x00000013) addi x0, x0, 0x0                         inst_14+78

mem[X,0x00000000800008DC] -> 0x0013
mem[X,0x00000000800008DE] -> 0x0000
[567] [M]: 0x00000000800008DC (0x00000013) addi x0, x0, 0x0                         inst_14+82

clint mtime 0x000000000000011C (mip.MTI <- 0b1, mip.STI <- 0b0)
mem[X,0x00000000800008E0] -> 0x0617
mem[X,0x00000000800008E2] -> 0x0000
[568] [M]: 0x00000000800008E0 (0x00000617) auipc x12, 0x0                           inst_14+86
x12 <- 0x00000000800008E0

mem[X,0x00000000800008E4] -> 0x0613
mem[X,0x00000000800008E6] -> 0xFAA6
[569] [M]: 0x00000000800008E4 (0xFAA60613) addi x12, x12, -0x56                     inst_14+90
x12 <- 0x000000008000088A

clint mtime 0x000000000000011D (mip.MTI <- 0b1, mip.STI <- 0b0)
mem[X,0x00000000800008E8] -> 0x0013
mem[X,0x00000000800008EA] -> 0x0000
[570] [M]: 0x00000000800008E8 (0x00000013) addi x0, x0, 0x0                         inst_14+94

mem[X,0x00000000800008EC] -> 0x0013
mem[X,0x00000000800008EE] -> 0x0000
[571] [M]: 0x00000000800008EC (0x00000013) addi x0, x0, 0x0                         inst_14+98

clint mtime 0x000000000000011E (mip.MTI <- 0b1, mip.STI <- 0b0)
mem[X,0x00000000800008F0] -> 0x0013
mem[X,0x00000000800008F2] -> 0x0000
[572] [M]: 0x00000000800008F0 (0x00000013) addi x0, x0, 0x0                         inst_14+102

mem[X,0x00000000800008F4] -> 0x0013
mem[X,0x00000000800008F6] -> 0x0000
[573] [M]: 0x00000000800008F4 (0x00000013) addi x0, x0, 0x0                         inst_14+106

clint mtime 0x000000000000011F (mip.MTI <- 0b1, mip.STI <- 0b0)
mem[X,0x00000000800008F8] -> 0x0013
mem[X,0x00000000800008FA] -> 0x0000
[574] [M]: 0x00000000800008F8 (0x00000013) addi x0, x0, 0x0                         inst_14+110

mem[X,0x00000000800008FC] -> 0x0013
mem[X,0x00000000800008FE] -> 0x0000
[575] [M]: 0x00000000800008FC (0x00000013) addi x0, x0, 0x0                         inst_14+114

clint mtime 0x0000000000000120 (mip.MTI <- 0b1, mip.STI <- 0b0)
mem[X,0x0000000080000900] -> 0x9A71
[576] [M]: 0x0000000080000900 (0x9A71) c.andi x12, -0x4                             inst_14+118
x12 <- 0x0000000080000888

mem[X,0x0000000080000902] -> 0x80B3
mem[X,0x0000000080000904] -> 0x40C0
[577] [M]: 0x0000000080000902 (0x40C080B3) sub x1, x1, x12                          inst_14+120
x1 <- 0x0000000000000039

clint mtime 0x0000000000000121 (mip.MTI <- 0b1, mip.STI <- 0b0)
mem[X,0x0000000080000906] -> 0x3823
mem[X,0x0000000080000908] -> 0x0615
[578] [M]: 0x0000000080000906 (0x06153823) sd x1, 0x70(x10)                         inst_14+124
mem[W,0x0000000080004188] <- 0x0000000000000039

mem[X,0x000000008000090A] -> 0x0013
mem[X,0x000000008000090C] -> 0x0000
[579] [M]: 0x000000008000090A (0x00000013) addi x0, x0, 0x0                         inst_15+0

clint mtime 0x0000000000000122 (mip.MTI <- 0b1, mip.STI <- 0b0)
mem[X,0x000000008000090E] -> 0x0013
mem[X,0x0000000080000910] -> 0x0000
[580] [M]: 0x000000008000090E (0x00000013) addi x0, x0, 0x0                         inst_15+4

mem[X,0x0000000080000912] -> 0x0013
mem[X,0x0000000080000914] -> 0x0000
[581] [M]: 0x0000000080000912 (0x00000013) addi x0, x0, 0x0                         inst_15+8

clint mtime 0x0000000000000123 (mip.MTI <- 0b1, mip.STI <- 0b0)
mem[X,0x0000000080000916] -> 0x0013
mem[X,0x0000000080000918] -> 0x0000
[582] [M]: 0x0000000080000916 (0x00000013) addi x0, x0, 0x0                         inst_15+12

mem[X,0x000000008000091A] -> 0x0013
mem[X,0x000000008000091C] -> 0x0000
[583] [M]: 0x000000008000091A (0x00000013) addi x0, x0, 0x0                         inst_15+16

clint mtime 0x0000000000000124 (mip.MTI <- 0b1, mip.STI <- 0b0)
mem[X,0x000000008000091E] -> 0x0001
[584] [M]: 0x000000008000091E (0x0001) c.nop                                        inst_15+20

mem[X,0x0000000080000920] -> 0x0F97
mem[X,0x0000000080000922] -> 0x0000
[585] [M]: 0x0000000080000920 (0x00000F97) auipc x31, 0x0                           inst_15+22
x31 <- 0x0000000080000920

clint mtime 0x0000000000000125 (mip.MTI <- 0b1, mip.STI <- 0b0)
mem[X,0x0000000080000924] -> 0x8F93
mem[X,0x0000000080000926] -> 0x028F
[586] [M]: 0x0000000080000924 (0x028F8F93) addi x31, x31, 0x28                      inst_15+26
x31 <- 0x0000000080000948

mem[X,0x0000000080000928] -> 0x0013
mem[X,0x000000008000092A] -> 0x0000
[587] [M]: 0x0000000080000928 (0x00000013) addi x0, x0, 0x0                         inst_15+30

clint mtime 0x0000000000000126 (mip.MTI <- 0b1, mip.STI <- 0b0)
mem[X,0x000000008000092C] -> 0x0013
mem[X,0x000000008000092E] -> 0x0000
[588] [M]: 0x000000008000092C (0x00000013) addi x0, x0, 0x0                         inst_15+34

mem[X,0x0000000080000930] -> 0x0013
mem[X,0x0000000080000932] -> 0x0000
[589] [M]: 0x0000000080000930 (0x00000013) addi x0, x0, 0x0                         inst_15+38

clint mtime 0x0000000000000127 (mip.MTI <- 0b1, mip.STI <- 0b0)
mem[X,0x0000000080000934] -> 0x0013
mem[X,0x0000000080000936] -> 0x0000
[590] [M]: 0x0000000080000934 (0x00000013) addi x0, x0, 0x0                         inst_15+42

mem[X,0x0000000080000938] -> 0x0013
mem[X,0x000000008000093A] -> 0x0000
[591] [M]: 0x0000000080000938 (0x00000013) addi x0, x0, 0x0                         inst_15+46

clint mtime 0x0000000000000128 (mip.MTI <- 0b1, mip.STI <- 0b0)
mem[X,0x000000008000093C] -> 0x0013
mem[X,0x000000008000093E] -> 0x0000
[592] [M]: 0x000000008000093C (0x00000013) addi x0, x0, 0x0                         inst_15+50

mem[X,0x0000000080000940] -> 0x9F82
[593] [M]: 0x0000000080000940 (0x9F82) c.jalr x31                                   inst_15+54
x1 <- 0x0000000080000942

clint mtime 0x0000000000000129 (mip.MTI <- 0b1, mip.STI <- 0b0)
mem[X,0x0000000080000948] -> 0xC093
mem[X,0x000000008000094A] -> 0x0030
[594] [M]: 0x0000000080000948 (0x0030C093) xori x1, x1, 0x3                         inst_15+62
x1 <- 0x0000000080000941

mem[X,0x000000008000094C] -> 0x0013
mem[X,0x000000008000094E] -> 0x0000
[595] [M]: 0x000000008000094C (0x00000013) addi x0, x0, 0x0                         inst_15+66

clint mtime 0x000000000000012A (mip.MTI <- 0b1, mip.STI <- 0b0)
mem[X,0x0000000080000950] -> 0x0013
mem[X,0x0000000080000952] -> 0x0000
[596] [M]: 0x0000000080000950 (0x00000013) addi x0, x0, 0x0                         inst_15+70

mem[X,0x0000000080000954] -> 0x0013
mem[X,0x0000000080000956] -> 0x0000
[597] [M]: 0x0000000080000954 (0x00000013) addi x0, x0, 0x0                         inst_15+74

clint mtime 0x000000000000012B (mip.MTI <- 0b1, mip.STI <- 0b0)
mem[X,0x0000000080000958] -> 0x0013
mem[X,0x000000008000095A] -> 0x0000
[598] [M]: 0x0000000080000958 (0x00000013) addi x0, x0, 0x0                         inst_15+78

mem[X,0x000000008000095C] -> 0x0013
mem[X,0x000000008000095E] -> 0x0000
[599] [M]: 0x000000008000095C (0x00000013) addi x0, x0, 0x0                         inst_15+82

clint mtime 0x000000000000012C (mip.MTI <- 0b1, mip.STI <- 0b0)
mem[X,0x0000000080000960] -> 0x0617
mem[X,0x0000000080000962] -> 0x0000
[600] [M]: 0x0000000080000960 (0x00000617) auipc x12, 0x0                           inst_15+86
x12 <- 0x0000000080000960

mem[X,0x0000000080000964] -> 0x0613
mem[X,0x0000000080000966] -> 0xFAA6
[601] [M]: 0x0000000080000964 (0xFAA60613) addi x12, x12, -0x56                     inst_15+90
x12 <- 0x000000008000090A

clint mtime 0x000000000000012D (mip.MTI <- 0b1, mip.STI <- 0b0)
mem[X,0x0000000080000968] -> 0x0013
mem[X,0x000000008000096A] -> 0x0000
[602] [M]: 0x0000000080000968 (0x00000013) addi x0, x0, 0x0                         inst_15+94

mem[X,0x000000008000096C] -> 0x0013
mem[X,0x000000008000096E] -> 0x0000
[603] [M]: 0x000000008000096C (0x00000013) addi x0, x0, 0x0                         inst_15+98

clint mtime 0x000000000000012E (mip.MTI <- 0b1, mip.STI <- 0b0)
mem[X,0x0000000080000970] -> 0x0013
mem[X,0x0000000080000972] -> 0x0000
[604] [M]: 0x0000000080000970 (0x00000013) addi x0, x0, 0x0                         inst_15+102

mem[X,0x0000000080000974] -> 0x0013
mem[X,0x0000000080000976] -> 0x0000
[605] [M]: 0x0000000080000974 (0x00000013) addi x0, x0, 0x0                         inst_15+106

clint mtime 0x000000000000012F (mip.MTI <- 0b1, mip.STI <- 0b0)
mem[X,0x0000000080000978] -> 0x0013
mem[X,0x000000008000097A] -> 0x0000
[606] [M]: 0x0000000080000978 (0x00000013) addi x0, x0, 0x0                         inst_15+110

mem[X,0x000000008000097C] -> 0x0013
mem[X,0x000000008000097E] -> 0x0000
[607] [M]: 0x000000008000097C (0x00000013) addi x0, x0, 0x0                         inst_15+114

clint mtime 0x0000000000000130 (mip.MTI <- 0b1, mip.STI <- 0b0)
mem[X,0x0000000080000980] -> 0x9A71
[608] [M]: 0x0000000080000980 (0x9A71) c.andi x12, -0x4                             inst_15+118
x12 <- 0x0000000080000908

mem[X,0x0000000080000982] -> 0x80B3
mem[X,0x0000000080000984] -> 0x40C0
[609] [M]: 0x0000000080000982 (0x40C080B3) sub x1, x1, x12                          inst_15+120
x1 <- 0x0000000000000039

clint mtime 0x0000000000000131 (mip.MTI <- 0b1, mip.STI <- 0b0)
mem[X,0x0000000080000986] -> 0x3C23
mem[X,0x0000000080000988] -> 0x0615
[610] [M]: 0x0000000080000986 (0x06153C23) sd x1, 0x78(x10)                         inst_15+124
mem[W,0x0000000080004190] <- 0x0000000000000039

mem[X,0x000000008000098A] -> 0x0013
mem[X,0x000000008000098C] -> 0x0000
[611] [M]: 0x000000008000098A (0x00000013) addi x0, x0, 0x0                         inst_16+0

clint mtime 0x0000000000000132 (mip.MTI <- 0b1, mip.STI <- 0b0)
mem[X,0x000000008000098E] -> 0x0013
mem[X,0x0000000080000990] -> 0x0000
[612] [M]: 0x000000008000098E (0x00000013) addi x0, x0, 0x0                         inst_16+4

mem[X,0x0000000080000992] -> 0x0013
mem[X,0x0000000080000994] -> 0x0000
[613] [M]: 0x0000000080000992 (0x00000013) addi x0, x0, 0x0                         inst_16+8

clint mtime 0x0000000000000133 (mip.MTI <- 0b1, mip.STI <- 0b0)
mem[X,0x0000000080000996] -> 0x0013
mem[X,0x0000000080000998] -> 0x0000
[614] [M]: 0x0000000080000996 (0x00000013) addi x0, x0, 0x0                         inst_16+12

mem[X,0x000000008000099A] -> 0x0013
mem[X,0x000000008000099C] -> 0x0000
[615] [M]: 0x000000008000099A (0x00000013) addi x0, x0, 0x0                         inst_16+16

clint mtime 0x0000000000000134 (mip.MTI <- 0b1, mip.STI <- 0b0)
mem[X,0x000000008000099E] -> 0x0001
[616] [M]: 0x000000008000099E (0x0001) c.nop                                        inst_16+20

mem[X,0x00000000800009A0] -> 0x0C17
mem[X,0x00000000800009A2] -> 0x0000
[617] [M]: 0x00000000800009A0 (0x00000C17) auipc x24, 0x0                           inst_16+22
x24 <- 0x00000000800009A0

clint mtime 0x0000000000000135 (mip.MTI <- 0b1, mip.STI <- 0b0)
mem[X,0x00000000800009A4] -> 0x0C13
mem[X,0x00000000800009A6] -> 0x028C
[618] [M]: 0x00000000800009A4 (0x028C0C13) addi x24, x24, 0x28                      inst_16+26
x24 <- 0x00000000800009C8

mem[X,0x00000000800009A8] -> 0x0013
mem[X,0x00000000800009AA] -> 0x0000
[619] [M]: 0x00000000800009A8 (0x00000013) addi x0, x0, 0x0                         inst_16+30

clint mtime 0x0000000000000136 (mip.MTI <- 0b1, mip.STI <- 0b0)
mem[X,0x00000000800009AC] -> 0x0013
mem[X,0x00000000800009AE] -> 0x0000
[620] [M]: 0x00000000800009AC (0x00000013) addi x0, x0, 0x0                         inst_16+34

mem[X,0x00000000800009B0] -> 0x0013
mem[X,0x00000000800009B2] -> 0x0000
[621] [M]: 0x00000000800009B0 (0x00000013) addi x0, x0, 0x0                         inst_16+38

clint mtime 0x0000000000000137 (mip.MTI <- 0b1, mip.STI <- 0b0)
mem[X,0x00000000800009B4] -> 0x0013
mem[X,0x00000000800009B6] -> 0x0000
[622] [M]: 0x00000000800009B4 (0x00000013) addi x0, x0, 0x0                         inst_16+42

mem[X,0x00000000800009B8] -> 0x0013
mem[X,0x00000000800009BA] -> 0x0000
[623] [M]: 0x00000000800009B8 (0x00000013) addi x0, x0, 0x0                         inst_16+46

clint mtime 0x0000000000000138 (mip.MTI <- 0b1, mip.STI <- 0b0)
mem[X,0x00000000800009BC] -> 0x0013
mem[X,0x00000000800009BE] -> 0x0000
[624] [M]: 0x00000000800009BC (0x00000013) addi x0, x0, 0x0                         inst_16+50

mem[X,0x00000000800009C0] -> 0x9C02
[625] [M]: 0x00000000800009C0 (0x9C02) c.jalr x24                                   inst_16+54
x1 <- 0x00000000800009C2

clint mtime 0x0000000000000139 (mip.MTI <- 0b1, mip.STI <- 0b0)
mem[X,0x00000000800009C8] -> 0xC093
mem[X,0x00000000800009CA] -> 0x0030
[626] [M]: 0x00000000800009C8 (0x0030C093) xori x1, x1, 0x3                         inst_16+62
x1 <- 0x00000000800009C1

mem[X,0x00000000800009CC] -> 0x0013
mem[X,0x00000000800009CE] -> 0x0000
[627] [M]: 0x00000000800009CC (0x00000013) addi x0, x0, 0x0                         inst_16+66

clint mtime 0x000000000000013A (mip.MTI <- 0b1, mip.STI <- 0b0)
mem[X,0x00000000800009D0] -> 0x0013
mem[X,0x00000000800009D2] -> 0x0000
[628] [M]: 0x00000000800009D0 (0x00000013) addi x0, x0, 0x0                         inst_16+70

mem[X,0x00000000800009D4] -> 0x0013
mem[X,0x00000000800009D6] -> 0x0000
[629] [M]: 0x00000000800009D4 (0x00000013) addi x0, x0, 0x0                         inst_16+74

clint mtime 0x000000000000013B (mip.MTI <- 0b1, mip.STI <- 0b0)
mem[X,0x00000000800009D8] -> 0x0013
mem[X,0x00000000800009DA] -> 0x0000
[630] [M]: 0x00000000800009D8 (0x00000013) addi x0, x0, 0x0                         inst_16+78

mem[X,0x00000000800009DC] -> 0x0013
mem[X,0x00000000800009DE] -> 0x0000
[631] [M]: 0x00000000800009DC (0x00000013) addi x0, x0, 0x0                         inst_16+82

clint mtime 0x000000000000013C (mip.MTI <- 0b1, mip.STI <- 0b0)
mem[X,0x00000000800009E0] -> 0x0617
mem[X,0x00000000800009E2] -> 0x0000
[632] [M]: 0x00000000800009E0 (0x00000617) auipc x12, 0x0                           inst_16+86
x12 <- 0x00000000800009E0

mem[X,0x00000000800009E4] -> 0x0613
mem[X,0x00000000800009E6] -> 0xFAA6
[633] [M]: 0x00000000800009E4 (0xFAA60613) addi x12, x12, -0x56                     inst_16+90
x12 <- 0x000000008000098A

clint mtime 0x000000000000013D (mip.MTI <- 0b1, mip.STI <- 0b0)
mem[X,0x00000000800009E8] -> 0x0013
mem[X,0x00000000800009EA] -> 0x0000
[634] [M]: 0x00000000800009E8 (0x00000013) addi x0, x0, 0x0                         inst_16+94

mem[X,0x00000000800009EC] -> 0x0013
mem[X,0x00000000800009EE] -> 0x0000
[635] [M]: 0x00000000800009EC (0x00000013) addi x0, x0, 0x0                         inst_16+98

clint mtime 0x000000000000013E (mip.MTI <- 0b1, mip.STI <- 0b0)
mem[X,0x00000000800009F0] -> 0x0013
mem[X,0x00000000800009F2] -> 0x0000
[636] [M]: 0x00000000800009F0 (0x00000013) addi x0, x0, 0x0                         inst_16+102

mem[X,0x00000000800009F4] -> 0x0013
mem[X,0x00000000800009F6] -> 0x0000
[637] [M]: 0x00000000800009F4 (0x00000013) addi x0, x0, 0x0                         inst_16+106

clint mtime 0x000000000000013F (mip.MTI <- 0b1, mip.STI <- 0b0)
mem[X,0x00000000800009F8] -> 0x0013
mem[X,0x00000000800009FA] -> 0x0000
[638] [M]: 0x00000000800009F8 (0x00000013) addi x0, x0, 0x0                         inst_16+110

mem[X,0x00000000800009FC] -> 0x0013
mem[X,0x00000000800009FE] -> 0x0000
[639] [M]: 0x00000000800009FC (0x00000013) addi x0, x0, 0x0                         inst_16+114

clint mtime 0x0000000000000140 (mip.MTI <- 0b1, mip.STI <- 0b0)
mem[X,0x0000000080000A00] -> 0x9A71
[640] [M]: 0x0000000080000A00 (0x9A71) c.andi x12, -0x4                             inst_16+118
x12 <- 0x0000000080000988

mem[X,0x0000000080000A02] -> 0x80B3
mem[X,0x0000000080000A04] -> 0x40C0
[641] [M]: 0x0000000080000A02 (0x40C080B3) sub x1, x1, x12                          inst_16+120
x1 <- 0x0000000000000039

clint mtime 0x0000000000000141 (mip.MTI <- 0b1, mip.STI <- 0b0)
mem[X,0x0000000080000A06] -> 0x3023
mem[X,0x0000000080000A08] -> 0x0815
[642] [M]: 0x0000000080000A06 (0x08153023) sd x1, 0x80(x10)                         inst_16+124
mem[W,0x0000000080004198] <- 0x0000000000000039

mem[X,0x0000000080000A0A] -> 0x0013
mem[X,0x0000000080000A0C] -> 0x0000
[643] [M]: 0x0000000080000A0A (0x00000013) addi x0, x0, 0x0                         inst_17+0

clint mtime 0x0000000000000142 (mip.MTI <- 0b1, mip.STI <- 0b0)
mem[X,0x0000000080000A0E] -> 0x0013
mem[X,0x0000000080000A10] -> 0x0000
[644] [M]: 0x0000000080000A0E (0x00000013) addi x0, x0, 0x0                         inst_17+4

mem[X,0x0000000080000A12] -> 0x0013
mem[X,0x0000000080000A14] -> 0x0000
[645] [M]: 0x0000000080000A12 (0x00000013) addi x0, x0, 0x0                         inst_17+8

clint mtime 0x0000000000000143 (mip.MTI <- 0b1, mip.STI <- 0b0)
mem[X,0x0000000080000A16] -> 0x0013
mem[X,0x0000000080000A18] -> 0x0000
[646] [M]: 0x0000000080000A16 (0x00000013) addi x0, x0, 0x0                         inst_17+12

mem[X,0x0000000080000A1A] -> 0x0013
mem[X,0x0000000080000A1C] -> 0x0000
[647] [M]: 0x0000000080000A1A (0x00000013) addi x0, x0, 0x0                         inst_17+16

clint mtime 0x0000000000000144 (mip.MTI <- 0b1, mip.STI <- 0b0)
mem[X,0x0000000080000A1E] -> 0x0001
[648] [M]: 0x0000000080000A1E (0x0001) c.nop                                        inst_17+20

mem[X,0x0000000080000A20] -> 0x0C97
mem[X,0x0000000080000A22] -> 0x0000
[649] [M]: 0x0000000080000A20 (0x00000C97) auipc x25, 0x0                           inst_17+22
x25 <- 0x0000000080000A20

clint mtime 0x0000000000000145 (mip.MTI <- 0b1, mip.STI <- 0b0)
mem[X,0x0000000080000A24] -> 0x8C93
mem[X,0x0000000080000A26] -> 0x028C
[650] [M]: 0x0000000080000A24 (0x028C8C93) addi x25, x25, 0x28                      inst_17+26
x25 <- 0x0000000080000A48

mem[X,0x0000000080000A28] -> 0x0013
mem[X,0x0000000080000A2A] -> 0x0000
[651] [M]: 0x0000000080000A28 (0x00000013) addi x0, x0, 0x0                         inst_17+30

clint mtime 0x0000000000000146 (mip.MTI <- 0b1, mip.STI <- 0b0)
mem[X,0x0000000080000A2C] -> 0x0013
mem[X,0x0000000080000A2E] -> 0x0000
[652] [M]: 0x0000000080000A2C (0x00000013) addi x0, x0, 0x0                         inst_17+34

mem[X,0x0000000080000A30] -> 0x0013
mem[X,0x0000000080000A32] -> 0x0000
[653] [M]: 0x0000000080000A30 (0x00000013) addi x0, x0, 0x0                         inst_17+38

clint mtime 0x0000000000000147 (mip.MTI <- 0b1, mip.STI <- 0b0)
mem[X,0x0000000080000A34] -> 0x0013
mem[X,0x0000000080000A36] -> 0x0000
[654] [M]: 0x0000000080000A34 (0x00000013) addi x0, x0, 0x0                         inst_17+42

mem[X,0x0000000080000A38] -> 0x0013
mem[X,0x0000000080000A3A] -> 0x0000
[655] [M]: 0x0000000080000A38 (0x00000013) addi x0, x0, 0x0                         inst_17+46

clint mtime 0x0000000000000148 (mip.MTI <- 0b1, mip.STI <- 0b0)
mem[X,0x0000000080000A3C] -> 0x0013
mem[X,0x0000000080000A3E] -> 0x0000
[656] [M]: 0x0000000080000A3C (0x00000013) addi x0, x0, 0x0                         inst_17+50

mem[X,0x0000000080000A40] -> 0x9C82
[657] [M]: 0x0000000080000A40 (0x9C82) c.jalr x25                                   inst_17+54
x1 <- 0x0000000080000A42

clint mtime 0x0000000000000149 (mip.MTI <- 0b1, mip.STI <- 0b0)
mem[X,0x0000000080000A48] -> 0xC093
mem[X,0x0000000080000A4A] -> 0x0030
[658] [M]: 0x0000000080000A48 (0x0030C093) xori x1, x1, 0x3                         inst_17+62
x1 <- 0x0000000080000A41

mem[X,0x0000000080000A4C] -> 0x0013
mem[X,0x0000000080000A4E] -> 0x0000
[659] [M]: 0x0000000080000A4C (0x00000013) addi x0, x0, 0x0                         inst_17+66

clint mtime 0x000000000000014A (mip.MTI <- 0b1, mip.STI <- 0b0)
mem[X,0x0000000080000A50] -> 0x0013
mem[X,0x0000000080000A52] -> 0x0000
[660] [M]: 0x0000000080000A50 (0x00000013) addi x0, x0, 0x0                         inst_17+70

mem[X,0x0000000080000A54] -> 0x0013
mem[X,0x0000000080000A56] -> 0x0000
[661] [M]: 0x0000000080000A54 (0x00000013) addi x0, x0, 0x0                         inst_17+74

clint mtime 0x000000000000014B (mip.MTI <- 0b1, mip.STI <- 0b0)
mem[X,0x0000000080000A58] -> 0x0013
mem[X,0x0000000080000A5A] -> 0x0000
[662] [M]: 0x0000000080000A58 (0x00000013) addi x0, x0, 0x0                         inst_17+78

mem[X,0x0000000080000A5C] -> 0x0013
mem[X,0x0000000080000A5E] -> 0x0000
[663] [M]: 0x0000000080000A5C (0x00000013) addi x0, x0, 0x0                         inst_17+82

clint mtime 0x000000000000014C (mip.MTI <- 0b1, mip.STI <- 0b0)
mem[X,0x0000000080000A60] -> 0x0617
mem[X,0x0000000080000A62] -> 0x0000
[664] [M]: 0x0000000080000A60 (0x00000617) auipc x12, 0x0                           inst_17+86
x12 <- 0x0000000080000A60

mem[X,0x0000000080000A64] -> 0x0613
mem[X,0x0000000080000A66] -> 0xFAA6
[665] [M]: 0x0000000080000A64 (0xFAA60613) addi x12, x12, -0x56                     inst_17+90
x12 <- 0x0000000080000A0A

clint mtime 0x000000000000014D (mip.MTI <- 0b1, mip.STI <- 0b0)
mem[X,0x0000000080000A68] -> 0x0013
mem[X,0x0000000080000A6A] -> 0x0000
[666] [M]: 0x0000000080000A68 (0x00000013) addi x0, x0, 0x0                         inst_17+94

mem[X,0x0000000080000A6C] -> 0x0013
mem[X,0x0000000080000A6E] -> 0x0000
[667] [M]: 0x0000000080000A6C (0x00000013) addi x0, x0, 0x0                         inst_17+98

clint mtime 0x000000000000014E (mip.MTI <- 0b1, mip.STI <- 0b0)
mem[X,0x0000000080000A70] -> 0x0013
mem[X,0x0000000080000A72] -> 0x0000
[668] [M]: 0x0000000080000A70 (0x00000013) addi x0, x0, 0x0                         inst_17+102

mem[X,0x0000000080000A74] -> 0x0013
mem[X,0x0000000080000A76] -> 0x0000
[669] [M]: 0x0000000080000A74 (0x00000013) addi x0, x0, 0x0                         inst_17+106

clint mtime 0x000000000000014F (mip.MTI <- 0b1, mip.STI <- 0b0)
mem[X,0x0000000080000A78] -> 0x0013
mem[X,0x0000000080000A7A] -> 0x0000
[670] [M]: 0x0000000080000A78 (0x00000013) addi x0, x0, 0x0                         inst_17+110

mem[X,0x0000000080000A7C] -> 0x0013
mem[X,0x0000000080000A7E] -> 0x0000
[671] [M]: 0x0000000080000A7C (0x00000013) addi x0, x0, 0x0                         inst_17+114

clint mtime 0x0000000000000150 (mip.MTI <- 0b1, mip.STI <- 0b0)
mem[X,0x0000000080000A80] -> 0x9A71
[672] [M]: 0x0000000080000A80 (0x9A71) c.andi x12, -0x4                             inst_17+118
x12 <- 0x0000000080000A08

mem[X,0x0000000080000A82] -> 0x80B3
mem[X,0x0000000080000A84] -> 0x40C0
[673] [M]: 0x0000000080000A82 (0x40C080B3) sub x1, x1, x12                          inst_17+120
x1 <- 0x0000000000000039

clint mtime 0x0000000000000151 (mip.MTI <- 0b1, mip.STI <- 0b0)
mem[X,0x0000000080000A86] -> 0x3423
mem[X,0x0000000080000A88] -> 0x0815
[674] [M]: 0x0000000080000A86 (0x08153423) sd x1, 0x88(x10)                         inst_17+124
mem[W,0x00000000800041A0] <- 0x0000000000000039

mem[X,0x0000000080000A8A] -> 0x0013
mem[X,0x0000000080000A8C] -> 0x0000
[675] [M]: 0x0000000080000A8A (0x00000013) addi x0, x0, 0x0                         inst_18+0

clint mtime 0x0000000000000152 (mip.MTI <- 0b1, mip.STI <- 0b0)
mem[X,0x0000000080000A8E] -> 0x0013
mem[X,0x0000000080000A90] -> 0x0000
[676] [M]: 0x0000000080000A8E (0x00000013) addi x0, x0, 0x0                         inst_18+4

mem[X,0x0000000080000A92] -> 0x0013
mem[X,0x0000000080000A94] -> 0x0000
[677] [M]: 0x0000000080000A92 (0x00000013) addi x0, x0, 0x0                         inst_18+8

clint mtime 0x0000000000000153 (mip.MTI <- 0b1, mip.STI <- 0b0)
mem[X,0x0000000080000A96] -> 0x0013
mem[X,0x0000000080000A98] -> 0x0000
[678] [M]: 0x0000000080000A96 (0x00000013) addi x0, x0, 0x0                         inst_18+12

mem[X,0x0000000080000A9A] -> 0x0013
mem[X,0x0000000080000A9C] -> 0x0000
[679] [M]: 0x0000000080000A9A (0x00000013) addi x0, x0, 0x0                         inst_18+16

clint mtime 0x0000000000000154 (mip.MTI <- 0b1, mip.STI <- 0b0)
mem[X,0x0000000080000A9E] -> 0x0001
[680] [M]: 0x0000000080000A9E (0x0001) c.nop                                        inst_18+20

mem[X,0x0000000080000AA0] -> 0x0D97
mem[X,0x0000000080000AA2] -> 0x0000
[681] [M]: 0x0000000080000AA0 (0x00000D97) auipc x27, 0x0                           inst_18+22
x27 <- 0x0000000080000AA0

clint mtime 0x0000000000000155 (mip.MTI <- 0b1, mip.STI <- 0b0)
mem[X,0x0000000080000AA4] -> 0x8D93
mem[X,0x0000000080000AA6] -> 0x028D
[682] [M]: 0x0000000080000AA4 (0x028D8D93) addi x27, x27, 0x28                      inst_18+26
x27 <- 0x0000000080000AC8

mem[X,0x0000000080000AA8] -> 0x0013
mem[X,0x0000000080000AAA] -> 0x0000
[683] [M]: 0x0000000080000AA8 (0x00000013) addi x0, x0, 0x0                         inst_18+30

clint mtime 0x0000000000000156 (mip.MTI <- 0b1, mip.STI <- 0b0)
mem[X,0x0000000080000AAC] -> 0x0013
mem[X,0x0000000080000AAE] -> 0x0000
[684] [M]: 0x0000000080000AAC (0x00000013) addi x0, x0, 0x0                         inst_18+34

mem[X,0x0000000080000AB0] -> 0x0013
mem[X,0x0000000080000AB2] -> 0x0000
[685] [M]: 0x0000000080000AB0 (0x00000013) addi x0, x0, 0x0                         inst_18+38

clint mtime 0x0000000000000157 (mip.MTI <- 0b1, mip.STI <- 0b0)
mem[X,0x0000000080000AB4] -> 0x0013
mem[X,0x0000000080000AB6] -> 0x0000
[686] [M]: 0x0000000080000AB4 (0x00000013) addi x0, x0, 0x0                         inst_18+42

mem[X,0x0000000080000AB8] -> 0x0013
mem[X,0x0000000080000ABA] -> 0x0000
[687] [M]: 0x0000000080000AB8 (0x00000013) addi x0, x0, 0x0                         inst_18+46

clint mtime 0x0000000000000158 (mip.MTI <- 0b1, mip.STI <- 0b0)
mem[X,0x0000000080000ABC] -> 0x0013
mem[X,0x0000000080000ABE] -> 0x0000
[688] [M]: 0x0000000080000ABC (0x00000013) addi x0, x0, 0x0                         inst_18+50

mem[X,0x0000000080000AC0] -> 0x9D82
[689] [M]: 0x0000000080000AC0 (0x9D82) c.jalr x27                                   inst_18+54
x1 <- 0x0000000080000AC2

clint mtime 0x0000000000000159 (mip.MTI <- 0b1, mip.STI <- 0b0)
mem[X,0x0000000080000AC8] -> 0xC093
mem[X,0x0000000080000ACA] -> 0x0030
[690] [M]: 0x0000000080000AC8 (0x0030C093) xori x1, x1, 0x3                         inst_18+62
x1 <- 0x0000000080000AC1

mem[X,0x0000000080000ACC] -> 0x0013
mem[X,0x0000000080000ACE] -> 0x0000
[691] [M]: 0x0000000080000ACC (0x00000013) addi x0, x0, 0x0                         inst_18+66

clint mtime 0x000000000000015A (mip.MTI <- 0b1, mip.STI <- 0b0)
mem[X,0x0000000080000AD0] -> 0x0013
mem[X,0x0000000080000AD2] -> 0x0000
[692] [M]: 0x0000000080000AD0 (0x00000013) addi x0, x0, 0x0                         inst_18+70

mem[X,0x0000000080000AD4] -> 0x0013
mem[X,0x0000000080000AD6] -> 0x0000
[693] [M]: 0x0000000080000AD4 (0x00000013) addi x0, x0, 0x0                         inst_18+74

clint mtime 0x000000000000015B (mip.MTI <- 0b1, mip.STI <- 0b0)
mem[X,0x0000000080000AD8] -> 0x0013
mem[X,0x0000000080000ADA] -> 0x0000
[694] [M]: 0x0000000080000AD8 (0x00000013) addi x0, x0, 0x0                         inst_18+78

mem[X,0x0000000080000ADC] -> 0x0013
mem[X,0x0000000080000ADE] -> 0x0000
[695] [M]: 0x0000000080000ADC (0x00000013) addi x0, x0, 0x0                         inst_18+82

clint mtime 0x000000000000015C (mip.MTI <- 0b1, mip.STI <- 0b0)
mem[X,0x0000000080000AE0] -> 0x0617
mem[X,0x0000000080000AE2] -> 0x0000
[696] [M]: 0x0000000080000AE0 (0x00000617) auipc x12, 0x0                           inst_18+86
x12 <- 0x0000000080000AE0

mem[X,0x0000000080000AE4] -> 0x0613
mem[X,0x0000000080000AE6] -> 0xFAA6
[697] [M]: 0x0000000080000AE4 (0xFAA60613) addi x12, x12, -0x56                     inst_18+90
x12 <- 0x0000000080000A8A

clint mtime 0x000000000000015D (mip.MTI <- 0b1, mip.STI <- 0b0)
mem[X,0x0000000080000AE8] -> 0x0013
mem[X,0x0000000080000AEA] -> 0x0000
[698] [M]: 0x0000000080000AE8 (0x00000013) addi x0, x0, 0x0                         inst_18+94

mem[X,0x0000000080000AEC] -> 0x0013
mem[X,0x0000000080000AEE] -> 0x0000
[699] [M]: 0x0000000080000AEC (0x00000013) addi x0, x0, 0x0                         inst_18+98

clint mtime 0x000000000000015E (mip.MTI <- 0b1, mip.STI <- 0b0)
mem[X,0x0000000080000AF0] -> 0x0013
mem[X,0x0000000080000AF2] -> 0x0000
[700] [M]: 0x0000000080000AF0 (0x00000013) addi x0, x0, 0x0                         inst_18+102

mem[X,0x0000000080000AF4] -> 0x0013
mem[X,0x0000000080000AF6] -> 0x0000
[701] [M]: 0x0000000080000AF4 (0x00000013) addi x0, x0, 0x0                         inst_18+106

clint mtime 0x000000000000015F (mip.MTI <- 0b1, mip.STI <- 0b0)
mem[X,0x0000000080000AF8] -> 0x0013
mem[X,0x0000000080000AFA] -> 0x0000
[702] [M]: 0x0000000080000AF8 (0x00000013) addi x0, x0, 0x0                         inst_18+110

mem[X,0x0000000080000AFC] -> 0x0013
mem[X,0x0000000080000AFE] -> 0x0000
[703] [M]: 0x0000000080000AFC (0x00000013) addi x0, x0, 0x0                         inst_18+114

clint mtime 0x0000000000000160 (mip.MTI <- 0b1, mip.STI <- 0b0)
mem[X,0x0000000080000B00] -> 0x9A71
[704] [M]: 0x0000000080000B00 (0x9A71) c.andi x12, -0x4                             inst_18+118
x12 <- 0x0000000080000A88

mem[X,0x0000000080000B02] -> 0x80B3
mem[X,0x0000000080000B04] -> 0x40C0
[705] [M]: 0x0000000080000B02 (0x40C080B3) sub x1, x1, x12                          inst_18+120
x1 <- 0x0000000000000039

clint mtime 0x0000000000000161 (mip.MTI <- 0b1, mip.STI <- 0b0)
mem[X,0x0000000080000B06] -> 0x3823
mem[X,0x0000000080000B08] -> 0x0815
[706] [M]: 0x0000000080000B06 (0x08153823) sd x1, 0x90(x10)                         inst_18+124
mem[W,0x00000000800041A8] <- 0x0000000000000039

mem[X,0x0000000080000B0A] -> 0x0013
mem[X,0x0000000080000B0C] -> 0x0000
[707] [M]: 0x0000000080000B0A (0x00000013) addi x0, x0, 0x0                         inst_19+0

clint mtime 0x0000000000000162 (mip.MTI <- 0b1, mip.STI <- 0b0)
mem[X,0x0000000080000B0E] -> 0x0013
mem[X,0x0000000080000B10] -> 0x0000
[708] [M]: 0x0000000080000B0E (0x00000013) addi x0, x0, 0x0                         inst_19+4

mem[X,0x0000000080000B12] -> 0x0013
mem[X,0x0000000080000B14] -> 0x0000
[709] [M]: 0x0000000080000B12 (0x00000013) addi x0, x0, 0x0                         inst_19+8

clint mtime 0x0000000000000163 (mip.MTI <- 0b1, mip.STI <- 0b0)
mem[X,0x0000000080000B16] -> 0x0013
mem[X,0x0000000080000B18] -> 0x0000
[710] [M]: 0x0000000080000B16 (0x00000013) addi x0, x0, 0x0                         inst_19+12

mem[X,0x0000000080000B1A] -> 0x0013
mem[X,0x0000000080000B1C] -> 0x0000
[711] [M]: 0x0000000080000B1A (0x00000013) addi x0, x0, 0x0                         inst_19+16

clint mtime 0x0000000000000164 (mip.MTI <- 0b1, mip.STI <- 0b0)
mem[X,0x0000000080000B1E] -> 0x0001
[712] [M]: 0x0000000080000B1E (0x0001) c.nop                                        inst_19+20

mem[X,0x0000000080000B20] -> 0x0117
mem[X,0x0000000080000B22] -> 0x0000
[713] [M]: 0x0000000080000B20 (0x00000117) auipc x2, 0x0                            inst_19+22
x2 <- 0x0000000080000B20

clint mtime 0x0000000000000165 (mip.MTI <- 0b1, mip.STI <- 0b0)
mem[X,0x0000000080000B24] -> 0x0113
mem[X,0x0000000080000B26] -> 0x0281
[714] [M]: 0x0000000080000B24 (0x02810113) addi x2, x2, 0x28                        inst_19+26
x2 <- 0x0000000080000B48

mem[X,0x0000000080000B28] -> 0x0013
mem[X,0x0000000080000B2A] -> 0x0000
[715] [M]: 0x0000000080000B28 (0x00000013) addi x0, x0, 0x0                         inst_19+30

clint mtime 0x0000000000000166 (mip.MTI <- 0b1, mip.STI <- 0b0)
mem[X,0x0000000080000B2C] -> 0x0013
mem[X,0x0000000080000B2E] -> 0x0000
[716] [M]: 0x0000000080000B2C (0x00000013) addi x0, x0, 0x0                         inst_19+34

mem[X,0x0000000080000B30] -> 0x0013
mem[X,0x0000000080000B32] -> 0x0000
[717] [M]: 0x0000000080000B30 (0x00000013) addi x0, x0, 0x0                         inst_19+38

clint mtime 0x0000000000000167 (mip.MTI <- 0b1, mip.STI <- 0b0)
mem[X,0x0000000080000B34] -> 0x0013
mem[X,0x0000000080000B36] -> 0x0000
[718] [M]: 0x0000000080000B34 (0x00000013) addi x0, x0, 0x0                         inst_19+42

mem[X,0x0000000080000B38] -> 0x0013
mem[X,0x0000000080000B3A] -> 0x0000
[719] [M]: 0x0000000080000B38 (0x00000013) addi x0, x0, 0x0                         inst_19+46

clint mtime 0x0000000000000168 (mip.MTI <- 0b1, mip.STI <- 0b0)
mem[X,0x0000000080000B3C] -> 0x0013
mem[X,0x0000000080000B3E] -> 0x0000
[720] [M]: 0x0000000080000B3C (0x00000013) addi x0, x0, 0x0                         inst_19+50

mem[X,0x0000000080000B40] -> 0x9102
[721] [M]: 0x0000000080000B40 (0x9102) c.jalr x2                                    inst_19+54
x1 <- 0x0000000080000B42

clint mtime 0x0000000000000169 (mip.MTI <- 0b1, mip.STI <- 0b0)
mem[X,0x0000000080000B48] -> 0xC093
mem[X,0x0000000080000B4A] -> 0x0030
[722] [M]: 0x0000000080000B48 (0x0030C093) xori x1, x1, 0x3                         inst_19+62
x1 <- 0x0000000080000B41

mem[X,0x0000000080000B4C] -> 0x0013
mem[X,0x0000000080000B4E] -> 0x0000
[723] [M]: 0x0000000080000B4C (0x00000013) addi x0, x0, 0x0                         inst_19+66

clint mtime 0x000000000000016A (mip.MTI <- 0b1, mip.STI <- 0b0)
mem[X,0x0000000080000B50] -> 0x0013
mem[X,0x0000000080000B52] -> 0x0000
[724] [M]: 0x0000000080000B50 (0x00000013) addi x0, x0, 0x0                         inst_19+70

mem[X,0x0000000080000B54] -> 0x0013
mem[X,0x0000000080000B56] -> 0x0000
[725] [M]: 0x0000000080000B54 (0x00000013) addi x0, x0, 0x0                         inst_19+74

clint mtime 0x000000000000016B (mip.MTI <- 0b1, mip.STI <- 0b0)
mem[X,0x0000000080000B58] -> 0x0013
mem[X,0x0000000080000B5A] -> 0x0000
[726] [M]: 0x0000000080000B58 (0x00000013) addi x0, x0, 0x0                         inst_19+78

mem[X,0x0000000080000B5C] -> 0x0013
mem[X,0x0000000080000B5E] -> 0x0000
[727] [M]: 0x0000000080000B5C (0x00000013) addi x0, x0, 0x0                         inst_19+82

clint mtime 0x000000000000016C (mip.MTI <- 0b1, mip.STI <- 0b0)
mem[X,0x0000000080000B60] -> 0x0617
mem[X,0x0000000080000B62] -> 0x0000
[728] [M]: 0x0000000080000B60 (0x00000617) auipc x12, 0x0                           inst_19+86
x12 <- 0x0000000080000B60

mem[X,0x0000000080000B64] -> 0x0613
mem[X,0x0000000080000B66] -> 0xFAA6
[729] [M]: 0x0000000080000B64 (0xFAA60613) addi x12, x12, -0x56                     inst_19+90
x12 <- 0x0000000080000B0A

clint mtime 0x000000000000016D (mip.MTI <- 0b1, mip.STI <- 0b0)
mem[X,0x0000000080000B68] -> 0x0013
mem[X,0x0000000080000B6A] -> 0x0000
[730] [M]: 0x0000000080000B68 (0x00000013) addi x0, x0, 0x0                         inst_19+94

mem[X,0x0000000080000B6C] -> 0x0013
mem[X,0x0000000080000B6E] -> 0x0000
[731] [M]: 0x0000000080000B6C (0x00000013) addi x0, x0, 0x0                         inst_19+98

clint mtime 0x000000000000016E (mip.MTI <- 0b1, mip.STI <- 0b0)
mem[X,0x0000000080000B70] -> 0x0013
mem[X,0x0000000080000B72] -> 0x0000
[732] [M]: 0x0000000080000B70 (0x00000013) addi x0, x0, 0x0                         inst_19+102

mem[X,0x0000000080000B74] -> 0x0013
mem[X,0x0000000080000B76] -> 0x0000
[733] [M]: 0x0000000080000B74 (0x00000013) addi x0, x0, 0x0                         inst_19+106

clint mtime 0x000000000000016F (mip.MTI <- 0b1, mip.STI <- 0b0)
mem[X,0x0000000080000B78] -> 0x0013
mem[X,0x0000000080000B7A] -> 0x0000
[734] [M]: 0x0000000080000B78 (0x00000013) addi x0, x0, 0x0                         inst_19+110

mem[X,0x0000000080000B7C] -> 0x0013
mem[X,0x0000000080000B7E] -> 0x0000
[735] [M]: 0x0000000080000B7C (0x00000013) addi x0, x0, 0x0                         inst_19+114

clint mtime 0x0000000000000170 (mip.MTI <- 0b1, mip.STI <- 0b0)
mem[X,0x0000000080000B80] -> 0x9A71
[736] [M]: 0x0000000080000B80 (0x9A71) c.andi x12, -0x4                             inst_19+118
x12 <- 0x0000000080000B08

mem[X,0x0000000080000B82] -> 0x80B3
mem[X,0x0000000080000B84] -> 0x40C0
[737] [M]: 0x0000000080000B82 (0x40C080B3) sub x1, x1, x12                          inst_19+120
x1 <- 0x0000000000000039

clint mtime 0x0000000000000171 (mip.MTI <- 0b1, mip.STI <- 0b0)
mem[X,0x0000000080000B86] -> 0x3C23
mem[X,0x0000000080000B88] -> 0x0815
[738] [M]: 0x0000000080000B86 (0x08153C23) sd x1, 0x98(x10)                         inst_19+124
mem[W,0x00000000800041B0] <- 0x0000000000000039

mem[X,0x0000000080000B8A] -> 0x0013
mem[X,0x0000000080000B8C] -> 0x0000
[739] [M]: 0x0000000080000B8A (0x00000013) addi x0, x0, 0x0                         inst_20+0

clint mtime 0x0000000000000172 (mip.MTI <- 0b1, mip.STI <- 0b0)
mem[X,0x0000000080000B8E] -> 0x0013
mem[X,0x0000000080000B90] -> 0x0000
[740] [M]: 0x0000000080000B8E (0x00000013) addi x0, x0, 0x0                         inst_20+4

mem[X,0x0000000080000B92] -> 0x0013
mem[X,0x0000000080000B94] -> 0x0000
[741] [M]: 0x0000000080000B92 (0x00000013) addi x0, x0, 0x0                         inst_20+8

clint mtime 0x0000000000000173 (mip.MTI <- 0b1, mip.STI <- 0b0)
mem[X,0x0000000080000B96] -> 0x0013
mem[X,0x0000000080000B98] -> 0x0000
[742] [M]: 0x0000000080000B96 (0x00000013) addi x0, x0, 0x0                         inst_20+12

mem[X,0x0000000080000B9A] -> 0x0013
mem[X,0x0000000080000B9C] -> 0x0000
[743] [M]: 0x0000000080000B9A (0x00000013) addi x0, x0, 0x0                         inst_20+16

clint mtime 0x0000000000000174 (mip.MTI <- 0b1, mip.STI <- 0b0)
mem[X,0x0000000080000B9E] -> 0x0001
[744] [M]: 0x0000000080000B9E (0x0001) c.nop                                        inst_20+20

mem[X,0x0000000080000BA0] -> 0x0317
mem[X,0x0000000080000BA2] -> 0x0000
[745] [M]: 0x0000000080000BA0 (0x00000317) auipc x6, 0x0                            inst_20+22
x6 <- 0x0000000080000BA0

clint mtime 0x0000000000000175 (mip.MTI <- 0b1, mip.STI <- 0b0)
mem[X,0x0000000080000BA4] -> 0x0313
mem[X,0x0000000080000BA6] -> 0x0283
[746] [M]: 0x0000000080000BA4 (0x02830313) addi x6, x6, 0x28                        inst_20+26
x6 <- 0x0000000080000BC8

mem[X,0x0000000080000BA8] -> 0x0013
mem[X,0x0000000080000BAA] -> 0x0000
[747] [M]: 0x0000000080000BA8 (0x00000013) addi x0, x0, 0x0                         inst_20+30

clint mtime 0x0000000000000176 (mip.MTI <- 0b1, mip.STI <- 0b0)
mem[X,0x0000000080000BAC] -> 0x0013
mem[X,0x0000000080000BAE] -> 0x0000
[748] [M]: 0x0000000080000BAC (0x00000013) addi x0, x0, 0x0                         inst_20+34

mem[X,0x0000000080000BB0] -> 0x0013
mem[X,0x0000000080000BB2] -> 0x0000
[749] [M]: 0x0000000080000BB0 (0x00000013) addi x0, x0, 0x0                         inst_20+38

clint mtime 0x0000000000000177 (mip.MTI <- 0b1, mip.STI <- 0b0)
mem[X,0x0000000080000BB4] -> 0x0013
mem[X,0x0000000080000BB6] -> 0x0000
[750] [M]: 0x0000000080000BB4 (0x00000013) addi x0, x0, 0x0                         inst_20+42

mem[X,0x0000000080000BB8] -> 0x0013
mem[X,0x0000000080000BBA] -> 0x0000
[751] [M]: 0x0000000080000BB8 (0x00000013) addi x0, x0, 0x0                         inst_20+46

clint mtime 0x0000000000000178 (mip.MTI <- 0b1, mip.STI <- 0b0)
mem[X,0x0000000080000BBC] -> 0x0013
mem[X,0x0000000080000BBE] -> 0x0000
[752] [M]: 0x0000000080000BBC (0x00000013) addi x0, x0, 0x0                         inst_20+50

mem[X,0x0000000080000BC0] -> 0x9302
[753] [M]: 0x0000000080000BC0 (0x9302) c.jalr x6                                    inst_20+54
x1 <- 0x0000000080000BC2

clint mtime 0x0000000000000179 (mip.MTI <- 0b1, mip.STI <- 0b0)
mem[X,0x0000000080000BC8] -> 0xC093
mem[X,0x0000000080000BCA] -> 0x0030
[754] [M]: 0x0000000080000BC8 (0x0030C093) xori x1, x1, 0x3                         inst_20+62
x1 <- 0x0000000080000BC1

mem[X,0x0000000080000BCC] -> 0x0013
mem[X,0x0000000080000BCE] -> 0x0000
[755] [M]: 0x0000000080000BCC (0x00000013) addi x0, x0, 0x0                         inst_20+66

clint mtime 0x000000000000017A (mip.MTI <- 0b1, mip.STI <- 0b0)
mem[X,0x0000000080000BD0] -> 0x0013
mem[X,0x0000000080000BD2] -> 0x0000
[756] [M]: 0x0000000080000BD0 (0x00000013) addi x0, x0, 0x0                         inst_20+70

mem[X,0x0000000080000BD4] -> 0x0013
mem[X,0x0000000080000BD6] -> 0x0000
[757] [M]: 0x0000000080000BD4 (0x00000013) addi x0, x0, 0x0                         inst_20+74

clint mtime 0x000000000000017B (mip.MTI <- 0b1, mip.STI <- 0b0)
mem[X,0x0000000080000BD8] -> 0x0013
mem[X,0x0000000080000BDA] -> 0x0000
[758] [M]: 0x0000000080000BD8 (0x00000013) addi x0, x0, 0x0                         inst_20+78

mem[X,0x0000000080000BDC] -> 0x0013
mem[X,0x0000000080000BDE] -> 0x0000
[759] [M]: 0x0000000080000BDC (0x00000013) addi x0, x0, 0x0                         inst_20+82

clint mtime 0x000000000000017C (mip.MTI <- 0b1, mip.STI <- 0b0)
mem[X,0x0000000080000BE0] -> 0x0617
mem[X,0x0000000080000BE2] -> 0x0000
[760] [M]: 0x0000000080000BE0 (0x00000617) auipc x12, 0x0                           inst_20+86
x12 <- 0x0000000080000BE0

mem[X,0x0000000080000BE4] -> 0x0613
mem[X,0x0000000080000BE6] -> 0xFAA6
[761] [M]: 0x0000000080000BE4 (0xFAA60613) addi x12, x12, -0x56                     inst_20+90
x12 <- 0x0000000080000B8A

clint mtime 0x000000000000017D (mip.MTI <- 0b1, mip.STI <- 0b0)
mem[X,0x0000000080000BE8] -> 0x0013
mem[X,0x0000000080000BEA] -> 0x0000
[762] [M]: 0x0000000080000BE8 (0x00000013) addi x0, x0, 0x0                         inst_20+94

mem[X,0x0000000080000BEC] -> 0x0013
mem[X,0x0000000080000BEE] -> 0x0000
[763] [M]: 0x0000000080000BEC (0x00000013) addi x0, x0, 0x0                         inst_20+98

clint mtime 0x000000000000017E (mip.MTI <- 0b1, mip.STI <- 0b0)
mem[X,0x0000000080000BF0] -> 0x0013
mem[X,0x0000000080000BF2] -> 0x0000
[764] [M]: 0x0000000080000BF0 (0x00000013) addi x0, x0, 0x0                         inst_20+102

mem[X,0x0000000080000BF4] -> 0x0013
mem[X,0x0000000080000BF6] -> 0x0000
[765] [M]: 0x0000000080000BF4 (0x00000013) addi x0, x0, 0x0                         inst_20+106

clint mtime 0x000000000000017F (mip.MTI <- 0b1, mip.STI <- 0b0)
mem[X,0x0000000080000BF8] -> 0x0013
mem[X,0x0000000080000BFA] -> 0x0000
[766] [M]: 0x0000000080000BF8 (0x00000013) addi x0, x0, 0x0                         inst_20+110

mem[X,0x0000000080000BFC] -> 0x0013
mem[X,0x0000000080000BFE] -> 0x0000
[767] [M]: 0x0000000080000BFC (0x00000013) addi x0, x0, 0x0                         inst_20+114

clint mtime 0x0000000000000180 (mip.MTI <- 0b1, mip.STI <- 0b0)
mem[X,0x0000000080000C00] -> 0x9A71
[768] [M]: 0x0000000080000C00 (0x9A71) c.andi x12, -0x4                             inst_20+118
x12 <- 0x0000000080000B88

mem[X,0x0000000080000C02] -> 0x80B3
mem[X,0x0000000080000C04] -> 0x40C0
[769] [M]: 0x0000000080000C02 (0x40C080B3) sub x1, x1, x12                          inst_20+120
x1 <- 0x0000000000000039

clint mtime 0x0000000000000181 (mip.MTI <- 0b1, mip.STI <- 0b0)
mem[X,0x0000000080000C06] -> 0x3023
mem[X,0x0000000080000C08] -> 0x0A15
[770] [M]: 0x0000000080000C06 (0x0A153023) sd x1, 0xa0(x10)                         inst_20+124
mem[W,0x00000000800041B8] <- 0x0000000000000039

mem[X,0x0000000080000C0A] -> 0x0013
mem[X,0x0000000080000C0C] -> 0x0000
[771] [M]: 0x0000000080000C0A (0x00000013) addi x0, x0, 0x0                         inst_21+0

clint mtime 0x0000000000000182 (mip.MTI <- 0b1, mip.STI <- 0b0)
mem[X,0x0000000080000C0E] -> 0x0013
mem[X,0x0000000080000C10] -> 0x0000
[772] [M]: 0x0000000080000C0E (0x00000013) addi x0, x0, 0x0                         inst_21+4

mem[X,0x0000000080000C12] -> 0x0013
mem[X,0x0000000080000C14] -> 0x0000
[773] [M]: 0x0000000080000C12 (0x00000013) addi x0, x0, 0x0                         inst_21+8

clint mtime 0x0000000000000183 (mip.MTI <- 0b1, mip.STI <- 0b0)
mem[X,0x0000000080000C16] -> 0x0013
mem[X,0x0000000080000C18] -> 0x0000
[774] [M]: 0x0000000080000C16 (0x00000013) addi x0, x0, 0x0                         inst_21+12

mem[X,0x0000000080000C1A] -> 0x0013
mem[X,0x0000000080000C1C] -> 0x0000
[775] [M]: 0x0000000080000C1A (0x00000013) addi x0, x0, 0x0                         inst_21+16

clint mtime 0x0000000000000184 (mip.MTI <- 0b1, mip.STI <- 0b0)
mem[X,0x0000000080000C1E] -> 0x0001
[776] [M]: 0x0000000080000C1E (0x0001) c.nop                                        inst_21+20

mem[X,0x0000000080000C20] -> 0x0917
mem[X,0x0000000080000C22] -> 0x0000
[777] [M]: 0x0000000080000C20 (0x00000917) auipc x18, 0x0                           inst_21+22
x18 <- 0x0000000080000C20

clint mtime 0x0000000000000185 (mip.MTI <- 0b1, mip.STI <- 0b0)
mem[X,0x0000000080000C24] -> 0x0913
mem[X,0x0000000080000C26] -> 0x0289
[778] [M]: 0x0000000080000C24 (0x02890913) addi x18, x18, 0x28                      inst_21+26
x18 <- 0x0000000080000C48

mem[X,0x0000000080000C28] -> 0x0013
mem[X,0x0000000080000C2A] -> 0x0000
[779] [M]: 0x0000000080000C28 (0x00000013) addi x0, x0, 0x0                         inst_21+30

clint mtime 0x0000000000000186 (mip.MTI <- 0b1, mip.STI <- 0b0)
mem[X,0x0000000080000C2C] -> 0x0013
mem[X,0x0000000080000C2E] -> 0x0000
[780] [M]: 0x0000000080000C2C (0x00000013) addi x0, x0, 0x0                         inst_21+34

mem[X,0x0000000080000C30] -> 0x0013
mem[X,0x0000000080000C32] -> 0x0000
[781] [M]: 0x0000000080000C30 (0x00000013) addi x0, x0, 0x0                         inst_21+38

clint mtime 0x0000000000000187 (mip.MTI <- 0b1, mip.STI <- 0b0)
mem[X,0x0000000080000C34] -> 0x0013
mem[X,0x0000000080000C36] -> 0x0000
[782] [M]: 0x0000000080000C34 (0x00000013) addi x0, x0, 0x0                         inst_21+42

mem[X,0x0000000080000C38] -> 0x0013
mem[X,0x0000000080000C3A] -> 0x0000
[783] [M]: 0x0000000080000C38 (0x00000013) addi x0, x0, 0x0                         inst_21+46

clint mtime 0x0000000000000188 (mip.MTI <- 0b1, mip.STI <- 0b0)
mem[X,0x0000000080000C3C] -> 0x0013
mem[X,0x0000000080000C3E] -> 0x0000
[784] [M]: 0x0000000080000C3C (0x00000013) addi x0, x0, 0x0                         inst_21+50

mem[X,0x0000000080000C40] -> 0x9902
[785] [M]: 0x0000000080000C40 (0x9902) c.jalr x18                                   inst_21+54
x1 <- 0x0000000080000C42

clint mtime 0x0000000000000189 (mip.MTI <- 0b1, mip.STI <- 0b0)
mem[X,0x0000000080000C48] -> 0xC093
mem[X,0x0000000080000C4A] -> 0x0030
[786] [M]: 0x0000000080000C48 (0x0030C093) xori x1, x1, 0x3                         inst_21+62
x1 <- 0x0000000080000C41

mem[X,0x0000000080000C4C] -> 0x0013
mem[X,0x0000000080000C4E] -> 0x0000
[787] [M]: 0x0000000080000C4C (0x00000013) addi x0, x0, 0x0                         inst_21+66

clint mtime 0x000000000000018A (mip.MTI <- 0b1, mip.STI <- 0b0)
mem[X,0x0000000080000C50] -> 0x0013
mem[X,0x0000000080000C52] -> 0x0000
[788] [M]: 0x0000000080000C50 (0x00000013) addi x0, x0, 0x0                         inst_21+70

mem[X,0x0000000080000C54] -> 0x0013
mem[X,0x0000000080000C56] -> 0x0000
[789] [M]: 0x0000000080000C54 (0x00000013) addi x0, x0, 0x0                         inst_21+74

clint mtime 0x000000000000018B (mip.MTI <- 0b1, mip.STI <- 0b0)
mem[X,0x0000000080000C58] -> 0x0013
mem[X,0x0000000080000C5A] -> 0x0000
[790] [M]: 0x0000000080000C58 (0x00000013) addi x0, x0, 0x0                         inst_21+78

mem[X,0x0000000080000C5C] -> 0x0013
mem[X,0x0000000080000C5E] -> 0x0000
[791] [M]: 0x0000000080000C5C (0x00000013) addi x0, x0, 0x0                         inst_21+82

clint mtime 0x000000000000018C (mip.MTI <- 0b1, mip.STI <- 0b0)
mem[X,0x0000000080000C60] -> 0x0617
mem[X,0x0000000080000C62] -> 0x0000
[792] [M]: 0x0000000080000C60 (0x00000617) auipc x12, 0x0                           inst_21+86
x12 <- 0x0000000080000C60

mem[X,0x0000000080000C64] -> 0x0613
mem[X,0x0000000080000C66] -> 0xFAA6
[793] [M]: 0x0000000080000C64 (0xFAA60613) addi x12, x12, -0x56                     inst_21+90
x12 <- 0x0000000080000C0A

clint mtime 0x000000000000018D (mip.MTI <- 0b1, mip.STI <- 0b0)
mem[X,0x0000000080000C68] -> 0x0013
mem[X,0x0000000080000C6A] -> 0x0000
[794] [M]: 0x0000000080000C68 (0x00000013) addi x0, x0, 0x0                         inst_21+94

mem[X,0x0000000080000C6C] -> 0x0013
mem[X,0x0000000080000C6E] -> 0x0000
[795] [M]: 0x0000000080000C6C (0x00000013) addi x0, x0, 0x0                         inst_21+98

clint mtime 0x000000000000018E (mip.MTI <- 0b1, mip.STI <- 0b0)
mem[X,0x0000000080000C70] -> 0x0013
mem[X,0x0000000080000C72] -> 0x0000
[796] [M]: 0x0000000080000C70 (0x00000013) addi x0, x0, 0x0                         inst_21+102

mem[X,0x0000000080000C74] -> 0x0013
mem[X,0x0000000080000C76] -> 0x0000
[797] [M]: 0x0000000080000C74 (0x00000013) addi x0, x0, 0x0                         inst_21+106

clint mtime 0x000000000000018F (mip.MTI <- 0b1, mip.STI <- 0b0)
mem[X,0x0000000080000C78] -> 0x0013
mem[X,0x0000000080000C7A] -> 0x0000
[798] [M]: 0x0000000080000C78 (0x00000013) addi x0, x0, 0x0                         inst_21+110

mem[X,0x0000000080000C7C] -> 0x0013
mem[X,0x0000000080000C7E] -> 0x0000
[799] [M]: 0x0000000080000C7C (0x00000013) addi x0, x0, 0x0                         inst_21+114

clint mtime 0x0000000000000190 (mip.MTI <- 0b1, mip.STI <- 0b0)
mem[X,0x0000000080000C80] -> 0x9A71
[800] [M]: 0x0000000080000C80 (0x9A71) c.andi x12, -0x4                             inst_21+118
x12 <- 0x0000000080000C08

mem[X,0x0000000080000C82] -> 0x80B3
mem[X,0x0000000080000C84] -> 0x40C0
[801] [M]: 0x0000000080000C82 (0x40C080B3) sub x1, x1, x12                          inst_21+120
x1 <- 0x0000000000000039

clint mtime 0x0000000000000191 (mip.MTI <- 0b1, mip.STI <- 0b0)
mem[X,0x0000000080000C86] -> 0x3423
mem[X,0x0000000080000C88] -> 0x0A15
[802] [M]: 0x0000000080000C86 (0x0A153423) sd x1, 0xa8(x10)                         inst_21+124
mem[W,0x00000000800041C0] <- 0x0000000000000039

mem[X,0x0000000080000C8A] -> 0x0013
mem[X,0x0000000080000C8C] -> 0x0000
[803] [M]: 0x0000000080000C8A (0x00000013) addi x0, x0, 0x0                         inst_22+0

clint mtime 0x0000000000000192 (mip.MTI <- 0b1, mip.STI <- 0b0)
mem[X,0x0000000080000C8E] -> 0x0013
mem[X,0x0000000080000C90] -> 0x0000
[804] [M]: 0x0000000080000C8E (0x00000013) addi x0, x0, 0x0                         inst_22+4

mem[X,0x0000000080000C92] -> 0x0013
mem[X,0x0000000080000C94] -> 0x0000
[805] [M]: 0x0000000080000C92 (0x00000013) addi x0, x0, 0x0                         inst_22+8

clint mtime 0x0000000000000193 (mip.MTI <- 0b1, mip.STI <- 0b0)
mem[X,0x0000000080000C96] -> 0x0013
mem[X,0x0000000080000C98] -> 0x0000
[806] [M]: 0x0000000080000C96 (0x00000013) addi x0, x0, 0x0                         inst_22+12

mem[X,0x0000000080000C9A] -> 0x0013
mem[X,0x0000000080000C9C] -> 0x0000
[807] [M]: 0x0000000080000C9A (0x00000013) addi x0, x0, 0x0                         inst_22+16

clint mtime 0x0000000000000194 (mip.MTI <- 0b1, mip.STI <- 0b0)
mem[X,0x0000000080000C9E] -> 0x0001
[808] [M]: 0x0000000080000C9E (0x0001) c.nop                                        inst_22+20

mem[X,0x0000000080000CA0] -> 0x0717
mem[X,0x0000000080000CA2] -> 0x0000
[809] [M]: 0x0000000080000CA0 (0x00000717) auipc x14, 0x0                           inst_22+22
x14 <- 0x0000000080000CA0

clint mtime 0x0000000000000195 (mip.MTI <- 0b1, mip.STI <- 0b0)
mem[X,0x0000000080000CA4] -> 0x0713
mem[X,0x0000000080000CA6] -> 0x0287
[810] [M]: 0x0000000080000CA4 (0x02870713) addi x14, x14, 0x28                      inst_22+26
x14 <- 0x0000000080000CC8

mem[X,0x0000000080000CA8] -> 0x0013
mem[X,0x0000000080000CAA] -> 0x0000
[811] [M]: 0x0000000080000CA8 (0x00000013) addi x0, x0, 0x0                         inst_22+30

clint mtime 0x0000000000000196 (mip.MTI <- 0b1, mip.STI <- 0b0)
mem[X,0x0000000080000CAC] -> 0x0013
mem[X,0x0000000080000CAE] -> 0x0000
[812] [M]: 0x0000000080000CAC (0x00000013) addi x0, x0, 0x0                         inst_22+34

mem[X,0x0000000080000CB0] -> 0x0013
mem[X,0x0000000080000CB2] -> 0x0000
[813] [M]: 0x0000000080000CB0 (0x00000013) addi x0, x0, 0x0                         inst_22+38

clint mtime 0x0000000000000197 (mip.MTI <- 0b1, mip.STI <- 0b0)
mem[X,0x0000000080000CB4] -> 0x0013
mem[X,0x0000000080000CB6] -> 0x0000
[814] [M]: 0x0000000080000CB4 (0x00000013) addi x0, x0, 0x0                         inst_22+42

mem[X,0x0000000080000CB8] -> 0x0013
mem[X,0x0000000080000CBA] -> 0x0000
[815] [M]: 0x0000000080000CB8 (0x00000013) addi x0, x0, 0x0                         inst_22+46

clint mtime 0x0000000000000198 (mip.MTI <- 0b1, mip.STI <- 0b0)
mem[X,0x0000000080000CBC] -> 0x0013
mem[X,0x0000000080000CBE] -> 0x0000
[816] [M]: 0x0000000080000CBC (0x00000013) addi x0, x0, 0x0                         inst_22+50

mem[X,0x0000000080000CC0] -> 0x9702
[817] [M]: 0x0000000080000CC0 (0x9702) c.jalr x14                                   inst_22+54
x1 <- 0x0000000080000CC2

clint mtime 0x0000000000000199 (mip.MTI <- 0b1, mip.STI <- 0b0)
mem[X,0x0000000080000CC8] -> 0xC093
mem[X,0x0000000080000CCA] -> 0x0030
[818] [M]: 0x0000000080000CC8 (0x0030C093) xori x1, x1, 0x3                         inst_22+62
x1 <- 0x0000000080000CC1

mem[X,0x0000000080000CCC] -> 0x0013
mem[X,0x0000000080000CCE] -> 0x0000
[819] [M]: 0x0000000080000CCC (0x00000013) addi x0, x0, 0x0                         inst_22+66

clint mtime 0x000000000000019A (mip.MTI <- 0b1, mip.STI <- 0b0)
mem[X,0x0000000080000CD0] -> 0x0013
mem[X,0x0000000080000CD2] -> 0x0000
[820] [M]: 0x0000000080000CD0 (0x00000013) addi x0, x0, 0x0                         inst_22+70

mem[X,0x0000000080000CD4] -> 0x0013
mem[X,0x0000000080000CD6] -> 0x0000
[821] [M]: 0x0000000080000CD4 (0x00000013) addi x0, x0, 0x0                         inst_22+74

clint mtime 0x000000000000019B (mip.MTI <- 0b1, mip.STI <- 0b0)
mem[X,0x0000000080000CD8] -> 0x0013
mem[X,0x0000000080000CDA] -> 0x0000
[822] [M]: 0x0000000080000CD8 (0x00000013) addi x0, x0, 0x0                         inst_22+78

mem[X,0x0000000080000CDC] -> 0x0013
mem[X,0x0000000080000CDE] -> 0x0000
[823] [M]: 0x0000000080000CDC (0x00000013) addi x0, x0, 0x0                         inst_22+82

clint mtime 0x000000000000019C (mip.MTI <- 0b1, mip.STI <- 0b0)
mem[X,0x0000000080000CE0] -> 0x0617
mem[X,0x0000000080000CE2] -> 0x0000
[824] [M]: 0x0000000080000CE0 (0x00000617) auipc x12, 0x0                           inst_22+86
x12 <- 0x0000000080000CE0

mem[X,0x0000000080000CE4] -> 0x0613
mem[X,0x0000000080000CE6] -> 0xFAA6
[825] [M]: 0x0000000080000CE4 (0xFAA60613) addi x12, x12, -0x56                     inst_22+90
x12 <- 0x0000000080000C8A

clint mtime 0x000000000000019D (mip.MTI <- 0b1, mip.STI <- 0b0)
mem[X,0x0000000080000CE8] -> 0x0013
mem[X,0x0000000080000CEA] -> 0x0000
[826] [M]: 0x0000000080000CE8 (0x00000013) addi x0, x0, 0x0                         inst_22+94

mem[X,0x0000000080000CEC] -> 0x0013
mem[X,0x0000000080000CEE] -> 0x0000
[827] [M]: 0x0000000080000CEC (0x00000013) addi x0, x0, 0x0                         inst_22+98

clint mtime 0x000000000000019E (mip.MTI <- 0b1, mip.STI <- 0b0)
mem[X,0x0000000080000CF0] -> 0x0013
mem[X,0x0000000080000CF2] -> 0x0000
[828] [M]: 0x0000000080000CF0 (0x00000013) addi x0, x0, 0x0                         inst_22+102

mem[X,0x0000000080000CF4] -> 0x0013
mem[X,0x0000000080000CF6] -> 0x0000
[829] [M]: 0x0000000080000CF4 (0x00000013) addi x0, x0, 0x0                         inst_22+106

clint mtime 0x000000000000019F (mip.MTI <- 0b1, mip.STI <- 0b0)
mem[X,0x0000000080000CF8] -> 0x0013
mem[X,0x0000000080000CFA] -> 0x0000
[830] [M]: 0x0000000080000CF8 (0x00000013) addi x0, x0, 0x0                         inst_22+110

mem[X,0x0000000080000CFC] -> 0x0013
mem[X,0x0000000080000CFE] -> 0x0000
[831] [M]: 0x0000000080000CFC (0x00000013) addi x0, x0, 0x0                         inst_22+114

clint mtime 0x00000000000001A0 (mip.MTI <- 0b1, mip.STI <- 0b0)
mem[X,0x0000000080000D00] -> 0x9A71
[832] [M]: 0x0000000080000D00 (0x9A71) c.andi x12, -0x4                             inst_22+118
x12 <- 0x0000000080000C88

mem[X,0x0000000080000D02] -> 0x80B3
mem[X,0x0000000080000D04] -> 0x40C0
[833] [M]: 0x0000000080000D02 (0x40C080B3) sub x1, x1, x12                          inst_22+120
x1 <- 0x0000000000000039

clint mtime 0x00000000000001A1 (mip.MTI <- 0b1, mip.STI <- 0b0)
mem[X,0x0000000080000D06] -> 0x3823
mem[X,0x0000000080000D08] -> 0x0A15
[834] [M]: 0x0000000080000D06 (0x0A153823) sd x1, 0xb0(x10)                         inst_22+124
mem[W,0x00000000800041C8] <- 0x0000000000000039

mem[X,0x0000000080000D0A] -> 0x0013
mem[X,0x0000000080000D0C] -> 0x0000
[835] [M]: 0x0000000080000D0A (0x00000013) addi x0, x0, 0x0                         inst_23+0

clint mtime 0x00000000000001A2 (mip.MTI <- 0b1, mip.STI <- 0b0)
mem[X,0x0000000080000D0E] -> 0x0013
mem[X,0x0000000080000D10] -> 0x0000
[836] [M]: 0x0000000080000D0E (0x00000013) addi x0, x0, 0x0                         inst_23+4

mem[X,0x0000000080000D12] -> 0x0013
mem[X,0x0000000080000D14] -> 0x0000
[837] [M]: 0x0000000080000D12 (0x00000013) addi x0, x0, 0x0                         inst_23+8

clint mtime 0x00000000000001A3 (mip.MTI <- 0b1, mip.STI <- 0b0)
mem[X,0x0000000080000D16] -> 0x0013
mem[X,0x0000000080000D18] -> 0x0000
[838] [M]: 0x0000000080000D16 (0x00000013) addi x0, x0, 0x0                         inst_23+12

mem[X,0x0000000080000D1A] -> 0x0013
mem[X,0x0000000080000D1C] -> 0x0000
[839] [M]: 0x0000000080000D1A (0x00000013) addi x0, x0, 0x0                         inst_23+16

clint mtime 0x00000000000001A4 (mip.MTI <- 0b1, mip.STI <- 0b0)
mem[X,0x0000000080000D1E] -> 0x0001
[840] [M]: 0x0000000080000D1E (0x0001) c.nop                                        inst_23+20

mem[X,0x0000000080000D20] -> 0x0597
mem[X,0x0000000080000D22] -> 0x0000
[841] [M]: 0x0000000080000D20 (0x00000597) auipc x11, 0x0                           inst_23+22
x11 <- 0x0000000080000D20

clint mtime 0x00000000000001A5 (mip.MTI <- 0b1, mip.STI <- 0b0)
mem[X,0x0000000080000D24] -> 0x8593
mem[X,0x0000000080000D26] -> 0x0285
[842] [M]: 0x0000000080000D24 (0x02858593) addi x11, x11, 0x28                      inst_23+26
x11 <- 0x0000000080000D48

mem[X,0x0000000080000D28] -> 0x0013
mem[X,0x0000000080000D2A] -> 0x0000
[843] [M]: 0x0000000080000D28 (0x00000013) addi x0, x0, 0x0                         inst_23+30

clint mtime 0x00000000000001A6 (mip.MTI <- 0b1, mip.STI <- 0b0)
mem[X,0x0000000080000D2C] -> 0x0013
mem[X,0x0000000080000D2E] -> 0x0000
[844] [M]: 0x0000000080000D2C (0x00000013) addi x0, x0, 0x0                         inst_23+34

mem[X,0x0000000080000D30] -> 0x0013
mem[X,0x0000000080000D32] -> 0x0000
[845] [M]: 0x0000000080000D30 (0x00000013) addi x0, x0, 0x0                         inst_23+38

clint mtime 0x00000000000001A7 (mip.MTI <- 0b1, mip.STI <- 0b0)
mem[X,0x0000000080000D34] -> 0x0013
mem[X,0x0000000080000D36] -> 0x0000
[846] [M]: 0x0000000080000D34 (0x00000013) addi x0, x0, 0x0                         inst_23+42

mem[X,0x0000000080000D38] -> 0x0013
mem[X,0x0000000080000D3A] -> 0x0000
[847] [M]: 0x0000000080000D38 (0x00000013) addi x0, x0, 0x0                         inst_23+46

clint mtime 0x00000000000001A8 (mip.MTI <- 0b1, mip.STI <- 0b0)
mem[X,0x0000000080000D3C] -> 0x0013
mem[X,0x0000000080000D3E] -> 0x0000
[848] [M]: 0x0000000080000D3C (0x00000013) addi x0, x0, 0x0                         inst_23+50

mem[X,0x0000000080000D40] -> 0x9582
[849] [M]: 0x0000000080000D40 (0x9582) c.jalr x11                                   inst_23+54
x1 <- 0x0000000080000D42

clint mtime 0x00000000000001A9 (mip.MTI <- 0b1, mip.STI <- 0b0)
mem[X,0x0000000080000D48] -> 0xC093
mem[X,0x0000000080000D4A] -> 0x0030
[850] [M]: 0x0000000080000D48 (0x0030C093) xori x1, x1, 0x3                         inst_23+62
x1 <- 0x0000000080000D41

mem[X,0x0000000080000D4C] -> 0x0013
mem[X,0x0000000080000D4E] -> 0x0000
[851] [M]: 0x0000000080000D4C (0x00000013) addi x0, x0, 0x0                         inst_23+66

clint mtime 0x00000000000001AA (mip.MTI <- 0b1, mip.STI <- 0b0)
mem[X,0x0000000080000D50] -> 0x0013
mem[X,0x0000000080000D52] -> 0x0000
[852] [M]: 0x0000000080000D50 (0x00000013) addi x0, x0, 0x0                         inst_23+70

mem[X,0x0000000080000D54] -> 0x0013
mem[X,0x0000000080000D56] -> 0x0000
[853] [M]: 0x0000000080000D54 (0x00000013) addi x0, x0, 0x0                         inst_23+74

clint mtime 0x00000000000001AB (mip.MTI <- 0b1, mip.STI <- 0b0)
mem[X,0x0000000080000D58] -> 0x0013
mem[X,0x0000000080000D5A] -> 0x0000
[854] [M]: 0x0000000080000D58 (0x00000013) addi x0, x0, 0x0                         inst_23+78

mem[X,0x0000000080000D5C] -> 0x0013
mem[X,0x0000000080000D5E] -> 0x0000
[855] [M]: 0x0000000080000D5C (0x00000013) addi x0, x0, 0x0                         inst_23+82

clint mtime 0x00000000000001AC (mip.MTI <- 0b1, mip.STI <- 0b0)
mem[X,0x0000000080000D60] -> 0x0617
mem[X,0x0000000080000D62] -> 0x0000
[856] [M]: 0x0000000080000D60 (0x00000617) auipc x12, 0x0                           inst_23+86
x12 <- 0x0000000080000D60

mem[X,0x0000000080000D64] -> 0x0613
mem[X,0x0000000080000D66] -> 0xFAA6
[857] [M]: 0x0000000080000D64 (0xFAA60613) addi x12, x12, -0x56                     inst_23+90
x12 <- 0x0000000080000D0A

clint mtime 0x00000000000001AD (mip.MTI <- 0b1, mip.STI <- 0b0)
mem[X,0x0000000080000D68] -> 0x0013
mem[X,0x0000000080000D6A] -> 0x0000
[858] [M]: 0x0000000080000D68 (0x00000013) addi x0, x0, 0x0                         inst_23+94

mem[X,0x0000000080000D6C] -> 0x0013
mem[X,0x0000000080000D6E] -> 0x0000
[859] [M]: 0x0000000080000D6C (0x00000013) addi x0, x0, 0x0                         inst_23+98

clint mtime 0x00000000000001AE (mip.MTI <- 0b1, mip.STI <- 0b0)
mem[X,0x0000000080000D70] -> 0x0013
mem[X,0x0000000080000D72] -> 0x0000
[860] [M]: 0x0000000080000D70 (0x00000013) addi x0, x0, 0x0                         inst_23+102

mem[X,0x0000000080000D74] -> 0x0013
mem[X,0x0000000080000D76] -> 0x0000
[861] [M]: 0x0000000080000D74 (0x00000013) addi x0, x0, 0x0                         inst_23+106

clint mtime 0x00000000000001AF (mip.MTI <- 0b1, mip.STI <- 0b0)
mem[X,0x0000000080000D78] -> 0x0013
mem[X,0x0000000080000D7A] -> 0x0000
[862] [M]: 0x0000000080000D78 (0x00000013) addi x0, x0, 0x0                         inst_23+110

mem[X,0x0000000080000D7C] -> 0x0013
mem[X,0x0000000080000D7E] -> 0x0000
[863] [M]: 0x0000000080000D7C (0x00000013) addi x0, x0, 0x0                         inst_23+114

clint mtime 0x00000000000001B0 (mip.MTI <- 0b1, mip.STI <- 0b0)
mem[X,0x0000000080000D80] -> 0x9A71
[864] [M]: 0x0000000080000D80 (0x9A71) c.andi x12, -0x4                             inst_23+118
x12 <- 0x0000000080000D08

mem[X,0x0000000080000D82] -> 0x80B3
mem[X,0x0000000080000D84] -> 0x40C0
[865] [M]: 0x0000000080000D82 (0x40C080B3) sub x1, x1, x12                          inst_23+120
x1 <- 0x0000000000000039

clint mtime 0x00000000000001B1 (mip.MTI <- 0b1, mip.STI <- 0b0)
mem[X,0x0000000080000D86] -> 0x3C23
mem[X,0x0000000080000D88] -> 0x0A15
[866] [M]: 0x0000000080000D86 (0x0A153C23) sd x1, 0xb8(x10)                         inst_23+124
mem[W,0x00000000800041D0] <- 0x0000000000000039

mem[X,0x0000000080000D8A] -> 0x0013
mem[X,0x0000000080000D8C] -> 0x0000
[867] [M]: 0x0000000080000D8A (0x00000013) addi x0, x0, 0x0                         inst_24+0

clint mtime 0x00000000000001B2 (mip.MTI <- 0b1, mip.STI <- 0b0)
mem[X,0x0000000080000D8E] -> 0x0013
mem[X,0x0000000080000D90] -> 0x0000
[868] [M]: 0x0000000080000D8E (0x00000013) addi x0, x0, 0x0                         inst_24+4

mem[X,0x0000000080000D92] -> 0x0013
mem[X,0x0000000080000D94] -> 0x0000
[869] [M]: 0x0000000080000D92 (0x00000013) addi x0, x0, 0x0                         inst_24+8

clint mtime 0x00000000000001B3 (mip.MTI <- 0b1, mip.STI <- 0b0)
mem[X,0x0000000080000D96] -> 0x0013
mem[X,0x0000000080000D98] -> 0x0000
[870] [M]: 0x0000000080000D96 (0x00000013) addi x0, x0, 0x0                         inst_24+12

mem[X,0x0000000080000D9A] -> 0x0013
mem[X,0x0000000080000D9C] -> 0x0000
[871] [M]: 0x0000000080000D9A (0x00000013) addi x0, x0, 0x0                         inst_24+16

clint mtime 0x00000000000001B4 (mip.MTI <- 0b1, mip.STI <- 0b0)
mem[X,0x0000000080000D9E] -> 0x0001
[872] [M]: 0x0000000080000D9E (0x0001) c.nop                                        inst_24+20

mem[X,0x0000000080000DA0] -> 0x0097
mem[X,0x0000000080000DA2] -> 0x0000
[873] [M]: 0x0000000080000DA0 (0x00000097) auipc x1, 0x0                            inst_24+22
x1 <- 0x0000000080000DA0

clint mtime 0x00000000000001B5 (mip.MTI <- 0b1, mip.STI <- 0b0)
mem[X,0x0000000080000DA4] -> 0x8093
mem[X,0x0000000080000DA6] -> 0x0280
[874] [M]: 0x0000000080000DA4 (0x02808093) addi x1, x1, 0x28                        inst_24+26
x1 <- 0x0000000080000DC8

mem[X,0x0000000080000DA8] -> 0x0013
mem[X,0x0000000080000DAA] -> 0x0000
[875] [M]: 0x0000000080000DA8 (0x00000013) addi x0, x0, 0x0                         inst_24+30

clint mtime 0x00000000000001B6 (mip.MTI <- 0b1, mip.STI <- 0b0)
mem[X,0x0000000080000DAC] -> 0x0013
mem[X,0x0000000080000DAE] -> 0x0000
[876] [M]: 0x0000000080000DAC (0x00000013) addi x0, x0, 0x0                         inst_24+34

mem[X,0x0000000080000DB0] -> 0x0013
mem[X,0x0000000080000DB2] -> 0x0000
[877] [M]: 0x0000000080000DB0 (0x00000013) addi x0, x0, 0x0                         inst_24+38

clint mtime 0x00000000000001B7 (mip.MTI <- 0b1, mip.STI <- 0b0)
mem[X,0x0000000080000DB4] -> 0x0013
mem[X,0x0000000080000DB6] -> 0x0000
[878] [M]: 0x0000000080000DB4 (0x00000013) addi x0, x0, 0x0                         inst_24+42

mem[X,0x0000000080000DB8] -> 0x0013
mem[X,0x0000000080000DBA] -> 0x0000
[879] [M]: 0x0000000080000DB8 (0x00000013) addi x0, x0, 0x0                         inst_24+46

clint mtime 0x00000000000001B8 (mip.MTI <- 0b1, mip.STI <- 0b0)
mem[X,0x0000000080000DBC] -> 0x0013
mem[X,0x0000000080000DBE] -> 0x0000
[880] [M]: 0x0000000080000DBC (0x00000013) addi x0, x0, 0x0                         inst_24+50

mem[X,0x0000000080000DC0] -> 0x9082
[881] [M]: 0x0000000080000DC0 (0x9082) c.jalr x1                                    inst_24+54
x1 <- 0x0000000080000DC2

clint mtime 0x00000000000001B9 (mip.MTI <- 0b1, mip.STI <- 0b0)
mem[X,0x0000000080000DC8] -> 0xC093
mem[X,0x0000000080000DCA] -> 0x0030
[882] [M]: 0x0000000080000DC8 (0x0030C093) xori x1, x1, 0x3                         inst_24+62
x1 <- 0x0000000080000DC1

mem[X,0x0000000080000DCC] -> 0x0013
mem[X,0x0000000080000DCE] -> 0x0000
[883] [M]: 0x0000000080000DCC (0x00000013) addi x0, x0, 0x0                         inst_24+66

clint mtime 0x00000000000001BA (mip.MTI <- 0b1, mip.STI <- 0b0)
mem[X,0x0000000080000DD0] -> 0x0013
mem[X,0x0000000080000DD2] -> 0x0000
[884] [M]: 0x0000000080000DD0 (0x00000013) addi x0, x0, 0x0                         inst_24+70

mem[X,0x0000000080000DD4] -> 0x0013
mem[X,0x0000000080000DD6] -> 0x0000
[885] [M]: 0x0000000080000DD4 (0x00000013) addi x0, x0, 0x0                         inst_24+74

clint mtime 0x00000000000001BB (mip.MTI <- 0b1, mip.STI <- 0b0)
mem[X,0x0000000080000DD8] -> 0x0013
mem[X,0x0000000080000DDA] -> 0x0000
[886] [M]: 0x0000000080000DD8 (0x00000013) addi x0, x0, 0x0                         inst_24+78

mem[X,0x0000000080000DDC] -> 0x0013
mem[X,0x0000000080000DDE] -> 0x0000
[887] [M]: 0x0000000080000DDC (0x00000013) addi x0, x0, 0x0                         inst_24+82

clint mtime 0x00000000000001BC (mip.MTI <- 0b1, mip.STI <- 0b0)
mem[X,0x0000000080000DE0] -> 0x0617
mem[X,0x0000000080000DE2] -> 0x0000
[888] [M]: 0x0000000080000DE0 (0x00000617) auipc x12, 0x0                           inst_24+86
x12 <- 0x0000000080000DE0

mem[X,0x0000000080000DE4] -> 0x0613
mem[X,0x0000000080000DE6] -> 0xFAA6
[889] [M]: 0x0000000080000DE4 (0xFAA60613) addi x12, x12, -0x56                     inst_24+90
x12 <- 0x0000000080000D8A

clint mtime 0x00000000000001BD (mip.MTI <- 0b1, mip.STI <- 0b0)
mem[X,0x0000000080000DE8] -> 0x0013
mem[X,0x0000000080000DEA] -> 0x0000
[890] [M]: 0x0000000080000DE8 (0x00000013) addi x0, x0, 0x0                         inst_24+94

mem[X,0x0000000080000DEC] -> 0x0013
mem[X,0x0000000080000DEE] -> 0x0000
[891] [M]: 0x0000000080000DEC (0x00000013) addi x0, x0, 0x0                         inst_24+98

clint mtime 0x00000000000001BE (mip.MTI <- 0b1, mip.STI <- 0b0)
mem[X,0x0000000080000DF0] -> 0x0013
mem[X,0x0000000080000DF2] -> 0x0000
[892] [M]: 0x0000000080000DF0 (0x00000013) addi x0, x0, 0x0                         inst_24+102

mem[X,0x0000000080000DF4] -> 0x0013
mem[X,0x0000000080000DF6] -> 0x0000
[893] [M]: 0x0000000080000DF4 (0x00000013) addi x0, x0, 0x0                         inst_24+106

clint mtime 0x00000000000001BF (mip.MTI <- 0b1, mip.STI <- 0b0)
mem[X,0x0000000080000DF8] -> 0x0013
mem[X,0x0000000080000DFA] -> 0x0000
[894] [M]: 0x0000000080000DF8 (0x00000013) addi x0, x0, 0x0                         inst_24+110

mem[X,0x0000000080000DFC] -> 0x0013
mem[X,0x0000000080000DFE] -> 0x0000
[895] [M]: 0x0000000080000DFC (0x00000013) addi x0, x0, 0x0                         inst_24+114

clint mtime 0x00000000000001C0 (mip.MTI <- 0b1, mip.STI <- 0b0)
mem[X,0x0000000080000E00] -> 0x9A71
[896] [M]: 0x0000000080000E00 (0x9A71) c.andi x12, -0x4                             inst_24+118
x12 <- 0x0000000080000D88

mem[X,0x0000000080000E02] -> 0x80B3
mem[X,0x0000000080000E04] -> 0x40C0
[897] [M]: 0x0000000080000E02 (0x40C080B3) sub x1, x1, x12                          inst_24+120
x1 <- 0x0000000000000039

clint mtime 0x00000000000001C1 (mip.MTI <- 0b1, mip.STI <- 0b0)
mem[X,0x0000000080000E06] -> 0x3023
mem[X,0x0000000080000E08] -> 0x0C15
[898] [M]: 0x0000000080000E06 (0x0C153023) sd x1, 0xc0(x10)                         inst_24+124
mem[W,0x00000000800041D8] <- 0x0000000000000039

mem[X,0x0000000080000E0A] -> 0x0013
mem[X,0x0000000080000E0C] -> 0x0000
[899] [M]: 0x0000000080000E0A (0x00000013) addi x0, x0, 0x0                         inst_25+0

clint mtime 0x00000000000001C2 (mip.MTI <- 0b1, mip.STI <- 0b0)
mem[X,0x0000000080000E0E] -> 0x0013
mem[X,0x0000000080000E10] -> 0x0000
[900] [M]: 0x0000000080000E0E (0x00000013) addi x0, x0, 0x0                         inst_25+4

mem[X,0x0000000080000E12] -> 0x0013
mem[X,0x0000000080000E14] -> 0x0000
[901] [M]: 0x0000000080000E12 (0x00000013) addi x0, x0, 0x0                         inst_25+8

clint mtime 0x00000000000001C3 (mip.MTI <- 0b1, mip.STI <- 0b0)
mem[X,0x0000000080000E16] -> 0x0013
mem[X,0x0000000080000E18] -> 0x0000
[902] [M]: 0x0000000080000E16 (0x00000013) addi x0, x0, 0x0                         inst_25+12

mem[X,0x0000000080000E1A] -> 0x0013
mem[X,0x0000000080000E1C] -> 0x0000
[903] [M]: 0x0000000080000E1A (0x00000013) addi x0, x0, 0x0                         inst_25+16

clint mtime 0x00000000000001C4 (mip.MTI <- 0b1, mip.STI <- 0b0)
mem[X,0x0000000080000E1E] -> 0x0001
[904] [M]: 0x0000000080000E1E (0x0001) c.nop                                        inst_25+20

mem[X,0x0000000080000E20] -> 0x0397
mem[X,0x0000000080000E22] -> 0x0000
[905] [M]: 0x0000000080000E20 (0x00000397) auipc x7, 0x0                            inst_25+22
x7 <- 0x0000000080000E20

clint mtime 0x00000000000001C5 (mip.MTI <- 0b1, mip.STI <- 0b0)
mem[X,0x0000000080000E24] -> 0x8393
mem[X,0x0000000080000E26] -> 0x0283
[906] [M]: 0x0000000080000E24 (0x02838393) addi x7, x7, 0x28                        inst_25+26
x7 <- 0x0000000080000E48

mem[X,0x0000000080000E28] -> 0x0013
mem[X,0x0000000080000E2A] -> 0x0000
[907] [M]: 0x0000000080000E28 (0x00000013) addi x0, x0, 0x0                         inst_25+30

clint mtime 0x00000000000001C6 (mip.MTI <- 0b1, mip.STI <- 0b0)
mem[X,0x0000000080000E2C] -> 0x0013
mem[X,0x0000000080000E2E] -> 0x0000
[908] [M]: 0x0000000080000E2C (0x00000013) addi x0, x0, 0x0                         inst_25+34

mem[X,0x0000000080000E30] -> 0x0013
mem[X,0x0000000080000E32] -> 0x0000
[909] [M]: 0x0000000080000E30 (0x00000013) addi x0, x0, 0x0                         inst_25+38

clint mtime 0x00000000000001C7 (mip.MTI <- 0b1, mip.STI <- 0b0)
mem[X,0x0000000080000E34] -> 0x0013
mem[X,0x0000000080000E36] -> 0x0000
[910] [M]: 0x0000000080000E34 (0x00000013) addi x0, x0, 0x0                         inst_25+42

mem[X,0x0000000080000E38] -> 0x0013
mem[X,0x0000000080000E3A] -> 0x0000
[911] [M]: 0x0000000080000E38 (0x00000013) addi x0, x0, 0x0                         inst_25+46

clint mtime 0x00000000000001C8 (mip.MTI <- 0b1, mip.STI <- 0b0)
mem[X,0x0000000080000E3C] -> 0x0013
mem[X,0x0000000080000E3E] -> 0x0000
[912] [M]: 0x0000000080000E3C (0x00000013) addi x0, x0, 0x0                         inst_25+50

mem[X,0x0000000080000E40] -> 0x9382
[913] [M]: 0x0000000080000E40 (0x9382) c.jalr x7                                    inst_25+54
x1 <- 0x0000000080000E42

clint mtime 0x00000000000001C9 (mip.MTI <- 0b1, mip.STI <- 0b0)
mem[X,0x0000000080000E48] -> 0xC093
mem[X,0x0000000080000E4A] -> 0x0030
[914] [M]: 0x0000000080000E48 (0x0030C093) xori x1, x1, 0x3                         inst_25+62
x1 <- 0x0000000080000E41

mem[X,0x0000000080000E4C] -> 0x0013
mem[X,0x0000000080000E4E] -> 0x0000
[915] [M]: 0x0000000080000E4C (0x00000013) addi x0, x0, 0x0                         inst_25+66

clint mtime 0x00000000000001CA (mip.MTI <- 0b1, mip.STI <- 0b0)
mem[X,0x0000000080000E50] -> 0x0013
mem[X,0x0000000080000E52] -> 0x0000
[916] [M]: 0x0000000080000E50 (0x00000013) addi x0, x0, 0x0                         inst_25+70

mem[X,0x0000000080000E54] -> 0x0013
mem[X,0x0000000080000E56] -> 0x0000
[917] [M]: 0x0000000080000E54 (0x00000013) addi x0, x0, 0x0                         inst_25+74

clint mtime 0x00000000000001CB (mip.MTI <- 0b1, mip.STI <- 0b0)
mem[X,0x0000000080000E58] -> 0x0013
mem[X,0x0000000080000E5A] -> 0x0000
[918] [M]: 0x0000000080000E58 (0x00000013) addi x0, x0, 0x0                         inst_25+78

mem[X,0x0000000080000E5C] -> 0x0013
mem[X,0x0000000080000E5E] -> 0x0000
[919] [M]: 0x0000000080000E5C (0x00000013) addi x0, x0, 0x0                         inst_25+82

clint mtime 0x00000000000001CC (mip.MTI <- 0b1, mip.STI <- 0b0)
mem[X,0x0000000080000E60] -> 0x0617
mem[X,0x0000000080000E62] -> 0x0000
[920] [M]: 0x0000000080000E60 (0x00000617) auipc x12, 0x0                           inst_25+86
x12 <- 0x0000000080000E60

mem[X,0x0000000080000E64] -> 0x0613
mem[X,0x0000000080000E66] -> 0xFAA6
[921] [M]: 0x0000000080000E64 (0xFAA60613) addi x12, x12, -0x56                     inst_25+90
x12 <- 0x0000000080000E0A

clint mtime 0x00000000000001CD (mip.MTI <- 0b1, mip.STI <- 0b0)
mem[X,0x0000000080000E68] -> 0x0013
mem[X,0x0000000080000E6A] -> 0x0000
[922] [M]: 0x0000000080000E68 (0x00000013) addi x0, x0, 0x0                         inst_25+94

mem[X,0x0000000080000E6C] -> 0x0013
mem[X,0x0000000080000E6E] -> 0x0000
[923] [M]: 0x0000000080000E6C (0x00000013) addi x0, x0, 0x0                         inst_25+98

clint mtime 0x00000000000001CE (mip.MTI <- 0b1, mip.STI <- 0b0)
mem[X,0x0000000080000E70] -> 0x0013
mem[X,0x0000000080000E72] -> 0x0000
[924] [M]: 0x0000000080000E70 (0x00000013) addi x0, x0, 0x0                         inst_25+102

mem[X,0x0000000080000E74] -> 0x0013
mem[X,0x0000000080000E76] -> 0x0000
[925] [M]: 0x0000000080000E74 (0x00000013) addi x0, x0, 0x0                         inst_25+106

clint mtime 0x00000000000001CF (mip.MTI <- 0b1, mip.STI <- 0b0)
mem[X,0x0000000080000E78] -> 0x0013
mem[X,0x0000000080000E7A] -> 0x0000
[926] [M]: 0x0000000080000E78 (0x00000013) addi x0, x0, 0x0                         inst_25+110

mem[X,0x0000000080000E7C] -> 0x0013
mem[X,0x0000000080000E7E] -> 0x0000
[927] [M]: 0x0000000080000E7C (0x00000013) addi x0, x0, 0x0                         inst_25+114

clint mtime 0x00000000000001D0 (mip.MTI <- 0b1, mip.STI <- 0b0)
mem[X,0x0000000080000E80] -> 0x9A71
[928] [M]: 0x0000000080000E80 (0x9A71) c.andi x12, -0x4                             inst_25+118
x12 <- 0x0000000080000E08

mem[X,0x0000000080000E82] -> 0x80B3
mem[X,0x0000000080000E84] -> 0x40C0
[929] [M]: 0x0000000080000E82 (0x40C080B3) sub x1, x1, x12                          inst_25+120
x1 <- 0x0000000000000039

clint mtime 0x00000000000001D1 (mip.MTI <- 0b1, mip.STI <- 0b0)
mem[X,0x0000000080000E86] -> 0x3423
mem[X,0x0000000080000E88] -> 0x0C15
[930] [M]: 0x0000000080000E86 (0x0C153423) sd x1, 0xc8(x10)                         inst_25+124
mem[W,0x00000000800041E0] <- 0x0000000000000039

mem[X,0x0000000080000E8A] -> 0x0013
mem[X,0x0000000080000E8C] -> 0x0000
[931] [M]: 0x0000000080000E8A (0x00000013) addi x0, x0, 0x0                         inst_26+0

clint mtime 0x00000000000001D2 (mip.MTI <- 0b1, mip.STI <- 0b0)
mem[X,0x0000000080000E8E] -> 0x0013
mem[X,0x0000000080000E90] -> 0x0000
[932] [M]: 0x0000000080000E8E (0x00000013) addi x0, x0, 0x0                         inst_26+4

mem[X,0x0000000080000E92] -> 0x0013
mem[X,0x0000000080000E94] -> 0x0000
[933] [M]: 0x0000000080000E92 (0x00000013) addi x0, x0, 0x0                         inst_26+8

clint mtime 0x00000000000001D3 (mip.MTI <- 0b1, mip.STI <- 0b0)
mem[X,0x0000000080000E96] -> 0x0013
mem[X,0x0000000080000E98] -> 0x0000
[934] [M]: 0x0000000080000E96 (0x00000013) addi x0, x0, 0x0                         inst_26+12

mem[X,0x0000000080000E9A] -> 0x0013
mem[X,0x0000000080000E9C] -> 0x0000
[935] [M]: 0x0000000080000E9A (0x00000013) addi x0, x0, 0x0                         inst_26+16

clint mtime 0x00000000000001D4 (mip.MTI <- 0b1, mip.STI <- 0b0)
mem[X,0x0000000080000E9E] -> 0x0001
[936] [M]: 0x0000000080000E9E (0x0001) c.nop                                        inst_26+20

mem[X,0x0000000080000EA0] -> 0x0997
mem[X,0x0000000080000EA2] -> 0x0000
[937] [M]: 0x0000000080000EA0 (0x00000997) auipc x19, 0x0                           inst_26+22
x19 <- 0x0000000080000EA0

clint mtime 0x00000000000001D5 (mip.MTI <- 0b1, mip.STI <- 0b0)
mem[X,0x0000000080000EA4] -> 0x8993
mem[X,0x0000000080000EA6] -> 0x0289
[938] [M]: 0x0000000080000EA4 (0x02898993) addi x19, x19, 0x28                      inst_26+26
x19 <- 0x0000000080000EC8

mem[X,0x0000000080000EA8] -> 0x0013
mem[X,0x0000000080000EAA] -> 0x0000
[939] [M]: 0x0000000080000EA8 (0x00000013) addi x0, x0, 0x0                         inst_26+30

clint mtime 0x00000000000001D6 (mip.MTI <- 0b1, mip.STI <- 0b0)
mem[X,0x0000000080000EAC] -> 0x0013
mem[X,0x0000000080000EAE] -> 0x0000
[940] [M]: 0x0000000080000EAC (0x00000013) addi x0, x0, 0x0                         inst_26+34

mem[X,0x0000000080000EB0] -> 0x0013
mem[X,0x0000000080000EB2] -> 0x0000
[941] [M]: 0x0000000080000EB0 (0x00000013) addi x0, x0, 0x0                         inst_26+38

clint mtime 0x00000000000001D7 (mip.MTI <- 0b1, mip.STI <- 0b0)
mem[X,0x0000000080000EB4] -> 0x0013
mem[X,0x0000000080000EB6] -> 0x0000
[942] [M]: 0x0000000080000EB4 (0x00000013) addi x0, x0, 0x0                         inst_26+42

mem[X,0x0000000080000EB8] -> 0x0013
mem[X,0x0000000080000EBA] -> 0x0000
[943] [M]: 0x0000000080000EB8 (0x00000013) addi x0, x0, 0x0                         inst_26+46

clint mtime 0x00000000000001D8 (mip.MTI <- 0b1, mip.STI <- 0b0)
mem[X,0x0000000080000EBC] -> 0x0013
mem[X,0x0000000080000EBE] -> 0x0000
[944] [M]: 0x0000000080000EBC (0x00000013) addi x0, x0, 0x0                         inst_26+50

mem[X,0x0000000080000EC0] -> 0x9982
[945] [M]: 0x0000000080000EC0 (0x9982) c.jalr x19                                   inst_26+54
x1 <- 0x0000000080000EC2

clint mtime 0x00000000000001D9 (mip.MTI <- 0b1, mip.STI <- 0b0)
mem[X,0x0000000080000EC8] -> 0xC093
mem[X,0x0000000080000ECA] -> 0x0030
[946] [M]: 0x0000000080000EC8 (0x0030C093) xori x1, x1, 0x3                         inst_26+62
x1 <- 0x0000000080000EC1

mem[X,0x0000000080000ECC] -> 0x0013
mem[X,0x0000000080000ECE] -> 0x0000
[947] [M]: 0x0000000080000ECC (0x00000013) addi x0, x0, 0x0                         inst_26+66

clint mtime 0x00000000000001DA (mip.MTI <- 0b1, mip.STI <- 0b0)
mem[X,0x0000000080000ED0] -> 0x0013
mem[X,0x0000000080000ED2] -> 0x0000
[948] [M]: 0x0000000080000ED0 (0x00000013) addi x0, x0, 0x0                         inst_26+70

mem[X,0x0000000080000ED4] -> 0x0013
mem[X,0x0000000080000ED6] -> 0x0000
[949] [M]: 0x0000000080000ED4 (0x00000013) addi x0, x0, 0x0                         inst_26+74

clint mtime 0x00000000000001DB (mip.MTI <- 0b1, mip.STI <- 0b0)
mem[X,0x0000000080000ED8] -> 0x0013
mem[X,0x0000000080000EDA] -> 0x0000
[950] [M]: 0x0000000080000ED8 (0x00000013) addi x0, x0, 0x0                         inst_26+78

mem[X,0x0000000080000EDC] -> 0x0013
mem[X,0x0000000080000EDE] -> 0x0000
[951] [M]: 0x0000000080000EDC (0x00000013) addi x0, x0, 0x0                         inst_26+82

clint mtime 0x00000000000001DC (mip.MTI <- 0b1, mip.STI <- 0b0)
mem[X,0x0000000080000EE0] -> 0x0617
mem[X,0x0000000080000EE2] -> 0x0000
[952] [M]: 0x0000000080000EE0 (0x00000617) auipc x12, 0x0                           inst_26+86
x12 <- 0x0000000080000EE0

mem[X,0x0000000080000EE4] -> 0x0613
mem[X,0x0000000080000EE6] -> 0xFAA6
[953] [M]: 0x0000000080000EE4 (0xFAA60613) addi x12, x12, -0x56                     inst_26+90
x12 <- 0x0000000080000E8A

clint mtime 0x00000000000001DD (mip.MTI <- 0b1, mip.STI <- 0b0)
mem[X,0x0000000080000EE8] -> 0x0013
mem[X,0x0000000080000EEA] -> 0x0000
[954] [M]: 0x0000000080000EE8 (0x00000013) addi x0, x0, 0x0                         inst_26+94

mem[X,0x0000000080000EEC] -> 0x0013
mem[X,0x0000000080000EEE] -> 0x0000
[955] [M]: 0x0000000080000EEC (0x00000013) addi x0, x0, 0x0                         inst_26+98

clint mtime 0x00000000000001DE (mip.MTI <- 0b1, mip.STI <- 0b0)
mem[X,0x0000000080000EF0] -> 0x0013
mem[X,0x0000000080000EF2] -> 0x0000
[956] [M]: 0x0000000080000EF0 (0x00000013) addi x0, x0, 0x0                         inst_26+102

mem[X,0x0000000080000EF4] -> 0x0013
mem[X,0x0000000080000EF6] -> 0x0000
[957] [M]: 0x0000000080000EF4 (0x00000013) addi x0, x0, 0x0                         inst_26+106

clint mtime 0x00000000000001DF (mip.MTI <- 0b1, mip.STI <- 0b0)
mem[X,0x0000000080000EF8] -> 0x0013
mem[X,0x0000000080000EFA] -> 0x0000
[958] [M]: 0x0000000080000EF8 (0x00000013) addi x0, x0, 0x0                         inst_26+110

mem[X,0x0000000080000EFC] -> 0x0013
mem[X,0x0000000080000EFE] -> 0x0000
[959] [M]: 0x0000000080000EFC (0x00000013) addi x0, x0, 0x0                         inst_26+114

clint mtime 0x00000000000001E0 (mip.MTI <- 0b1, mip.STI <- 0b0)
mem[X,0x0000000080000F00] -> 0x9A71
[960] [M]: 0x0000000080000F00 (0x9A71) c.andi x12, -0x4                             inst_26+118
x12 <- 0x0000000080000E88

mem[X,0x0000000080000F02] -> 0x80B3
mem[X,0x0000000080000F04] -> 0x40C0
[961] [M]: 0x0000000080000F02 (0x40C080B3) sub x1, x1, x12                          inst_26+120
x1 <- 0x0000000000000039

clint mtime 0x00000000000001E1 (mip.MTI <- 0b1, mip.STI <- 0b0)
mem[X,0x0000000080000F06] -> 0x3823
mem[X,0x0000000080000F08] -> 0x0C15
[962] [M]: 0x0000000080000F06 (0x0C153823) sd x1, 0xd0(x10)                         inst_26+124
mem[W,0x00000000800041E8] <- 0x0000000000000039

mem[X,0x0000000080000F0A] -> 0x0013
mem[X,0x0000000080000F0C] -> 0x0000
[963] [M]: 0x0000000080000F0A (0x00000013) addi x0, x0, 0x0                         inst_27+0

clint mtime 0x00000000000001E2 (mip.MTI <- 0b1, mip.STI <- 0b0)
mem[X,0x0000000080000F0E] -> 0x0013
mem[X,0x0000000080000F10] -> 0x0000
[964] [M]: 0x0000000080000F0E (0x00000013) addi x0, x0, 0x0                         inst_27+4

mem[X,0x0000000080000F12] -> 0x0013
mem[X,0x0000000080000F14] -> 0x0000
[965] [M]: 0x0000000080000F12 (0x00000013) addi x0, x0, 0x0                         inst_27+8

clint mtime 0x00000000000001E3 (mip.MTI <- 0b1, mip.STI <- 0b0)
mem[X,0x0000000080000F16] -> 0x0013
mem[X,0x0000000080000F18] -> 0x0000
[966] [M]: 0x0000000080000F16 (0x00000013) addi x0, x0, 0x0                         inst_27+12

mem[X,0x0000000080000F1A] -> 0x0013
mem[X,0x0000000080000F1C] -> 0x0000
[967] [M]: 0x0000000080000F1A (0x00000013) addi x0, x0, 0x0                         inst_27+16

clint mtime 0x00000000000001E4 (mip.MTI <- 0b1, mip.STI <- 0b0)
mem[X,0x0000000080000F1E] -> 0x0001
[968] [M]: 0x0000000080000F1E (0x0001) c.nop                                        inst_27+20

mem[X,0x0000000080000F20] -> 0x0617
mem[X,0x0000000080000F22] -> 0x0000
[969] [M]: 0x0000000080000F20 (0x00000617) auipc x12, 0x0                           inst_27+22
x12 <- 0x0000000080000F20

clint mtime 0x00000000000001E5 (mip.MTI <- 0b1, mip.STI <- 0b0)
mem[X,0x0000000080000F24] -> 0x0613
mem[X,0x0000000080000F26] -> 0x0286
[970] [M]: 0x0000000080000F24 (0x02860613) addi x12, x12, 0x28                      inst_27+26
x12 <- 0x0000000080000F48

mem[X,0x0000000080000F28] -> 0x0013
mem[X,0x0000000080000F2A] -> 0x0000
[971] [M]: 0x0000000080000F28 (0x00000013) addi x0, x0, 0x0                         inst_27+30

clint mtime 0x00000000000001E6 (mip.MTI <- 0b1, mip.STI <- 0b0)
mem[X,0x0000000080000F2C] -> 0x0013
mem[X,0x0000000080000F2E] -> 0x0000
[972] [M]: 0x0000000080000F2C (0x00000013) addi x0, x0, 0x0                         inst_27+34

mem[X,0x0000000080000F30] -> 0x0013
mem[X,0x0000000080000F32] -> 0x0000
[973] [M]: 0x0000000080000F30 (0x00000013) addi x0, x0, 0x0                         inst_27+38

clint mtime 0x00000000000001E7 (mip.MTI <- 0b1, mip.STI <- 0b0)
mem[X,0x0000000080000F34] -> 0x0013
mem[X,0x0000000080000F36] -> 0x0000
[974] [M]: 0x0000000080000F34 (0x00000013) addi x0, x0, 0x0                         inst_27+42

mem[X,0x0000000080000F38] -> 0x0013
mem[X,0x0000000080000F3A] -> 0x0000
[975] [M]: 0x0000000080000F38 (0x00000013) addi x0, x0, 0x0                         inst_27+46

clint mtime 0x00000000000001E8 (mip.MTI <- 0b1, mip.STI <- 0b0)
mem[X,0x0000000080000F3C] -> 0x0013
mem[X,0x0000000080000F3E] -> 0x0000
[976] [M]: 0x0000000080000F3C (0x00000013) addi x0, x0, 0x0                         inst_27+50

mem[X,0x0000000080000F40] -> 0x9602
[977] [M]: 0x0000000080000F40 (0x9602) c.jalr x12                                   inst_27+54
x1 <- 0x0000000080000F42

clint mtime 0x00000000000001E9 (mip.MTI <- 0b1, mip.STI <- 0b0)
mem[X,0x0000000080000F48] -> 0xC093
mem[X,0x0000000080000F4A] -> 0x0030
[978] [M]: 0x0000000080000F48 (0x0030C093) xori x1, x1, 0x3                         inst_27+62
x1 <- 0x0000000080000F41

mem[X,0x0000000080000F4C] -> 0x0013
mem[X,0x0000000080000F4E] -> 0x0000
[979] [M]: 0x0000000080000F4C (0x00000013) addi x0, x0, 0x0                         inst_27+66

clint mtime 0x00000000000001EA (mip.MTI <- 0b1, mip.STI <- 0b0)
mem[X,0x0000000080000F50] -> 0x0013
mem[X,0x0000000080000F52] -> 0x0000
[980] [M]: 0x0000000080000F50 (0x00000013) addi x0, x0, 0x0                         inst_27+70

mem[X,0x0000000080000F54] -> 0x0013
mem[X,0x0000000080000F56] -> 0x0000
[981] [M]: 0x0000000080000F54 (0x00000013) addi x0, x0, 0x0                         inst_27+74

clint mtime 0x00000000000001EB (mip.MTI <- 0b1, mip.STI <- 0b0)
mem[X,0x0000000080000F58] -> 0x0013
mem[X,0x0000000080000F5A] -> 0x0000
[982] [M]: 0x0000000080000F58 (0x00000013) addi x0, x0, 0x0                         inst_27+78

mem[X,0x0000000080000F5C] -> 0x0013
mem[X,0x0000000080000F5E] -> 0x0000
[983] [M]: 0x0000000080000F5C (0x00000013) addi x0, x0, 0x0                         inst_27+82

clint mtime 0x00000000000001EC (mip.MTI <- 0b1, mip.STI <- 0b0)
mem[X,0x0000000080000F60] -> 0x0197
mem[X,0x0000000080000F62] -> 0x0000
[984] [M]: 0x0000000080000F60 (0x00000197) auipc x3, 0x0                            inst_27+86
x3 <- 0x0000000080000F60

mem[X,0x0000000080000F64] -> 0x8193
mem[X,0x0000000080000F66] -> 0xFAA1
[985] [M]: 0x0000000080000F64 (0xFAA18193) addi x3, x3, -0x56                       inst_27+90
x3 <- 0x0000000080000F0A

clint mtime 0x00000000000001ED (mip.MTI <- 0b1, mip.STI <- 0b0)
mem[X,0x0000000080000F68] -> 0x0013
mem[X,0x0000000080000F6A] -> 0x0000
[986] [M]: 0x0000000080000F68 (0x00000013) addi x0, x0, 0x0                         inst_27+94

mem[X,0x0000000080000F6C] -> 0x0013
mem[X,0x0000000080000F6E] -> 0x0000
[987] [M]: 0x0000000080000F6C (0x00000013) addi x0, x0, 0x0                         inst_27+98

clint mtime 0x00000000000001EE (mip.MTI <- 0b1, mip.STI <- 0b0)
mem[X,0x0000000080000F70] -> 0x0013
mem[X,0x0000000080000F72] -> 0x0000
[988] [M]: 0x0000000080000F70 (0x00000013) addi x0, x0, 0x0                         inst_27+102

mem[X,0x0000000080000F74] -> 0x0013
mem[X,0x0000000080000F76] -> 0x0000
[989] [M]: 0x0000000080000F74 (0x00000013) addi x0, x0, 0x0                         inst_27+106

clint mtime 0x00000000000001EF (mip.MTI <- 0b1, mip.STI <- 0b0)
mem[X,0x0000000080000F78] -> 0x0013
mem[X,0x0000000080000F7A] -> 0x0000
[990] [M]: 0x0000000080000F78 (0x00000013) addi x0, x0, 0x0                         inst_27+110

mem[X,0x0000000080000F7C] -> 0x0013
mem[X,0x0000000080000F7E] -> 0x0000
[991] [M]: 0x0000000080000F7C (0x00000013) addi x0, x0, 0x0                         inst_27+114

clint mtime 0x00000000000001F0 (mip.MTI <- 0b1, mip.STI <- 0b0)
mem[X,0x0000000080000F80] -> 0xF193
mem[X,0x0000000080000F82] -> 0xFFC1
[992] [M]: 0x0000000080000F80 (0xFFC1F193) andi x3, x3, -0x4                        inst_27+118
x3 <- 0x0000000080000F08

mem[X,0x0000000080000F84] -> 0x80B3
mem[X,0x0000000080000F86] -> 0x4030
[993] [M]: 0x0000000080000F84 (0x403080B3) sub x1, x1, x3                           inst_27+122
x1 <- 0x0000000000000039

clint mtime 0x00000000000001F1 (mip.MTI <- 0b1, mip.STI <- 0b0)
mem[X,0x0000000080000F88] -> 0x3C23
mem[X,0x0000000080000F8A] -> 0x0C15
[994] [M]: 0x0000000080000F88 (0x0C153C23) sd x1, 0xd8(x10)                         inst_27+126
mem[W,0x00000000800041F0] <- 0x0000000000000039

mem[X,0x0000000080000F8C] -> 0x0013
mem[X,0x0000000080000F8E] -> 0x0000
[995] [M]: 0x0000000080000F8C (0x00000013) addi x0, x0, 0x0                         inst_27+130

clint mtime 0x00000000000001F2 (mip.MTI <- 0b1, mip.STI <- 0b0)
mem[X,0x0000000080000F90] -> 0x0013
mem[X,0x0000000080000F92] -> 0x0000
[996] [M]: 0x0000000080000F90 (0x00000013) addi x0, x0, 0x0                         inst_27+134

mem[X,0x0000000080000F94] -> 0x0013
mem[X,0x0000000080000F96] -> 0x0000
[997] [M]: 0x0000000080000F94 (0x00000013) addi x0, x0, 0x0                         inst_27+138

clint mtime 0x00000000000001F3 (mip.MTI <- 0b1, mip.STI <- 0b0)
mem[X,0x0000000080000F98] -> 0x0013
mem[X,0x0000000080000F9A] -> 0x0000
[998] [M]: 0x0000000080000F98 (0x00000013) addi x0, x0, 0x0                         inst_27+142

mem[X,0x0000000080000F9C] -> 0x0013
mem[X,0x0000000080000F9E] -> 0x0000
[999] [M]: 0x0000000080000F9C (0x00000013) addi x0, x0, 0x0                         inst_27+146

clint mtime 0x00000000000001F4 (mip.MTI <- 0b1, mip.STI <- 0b0)
mem[X,0x0000000080000FA0] -> 0x3117
mem[X,0x0000000080000FA2] -> 0x0000
[1000] [M]: 0x0000000080000FA0 (0x00003117) auipc x2, 0x3                           inst_27+150
x2 <- 0x0000000080003FA0

mem[X,0x0000000080000FA4] -> 0x0113
mem[X,0x0000000080000FA6] -> 0x2581
[1001] [M]: 0x0000000080000FA4 (0x25810113) addi x2, x2, 0x258                      inst_27+154
x2 <- 0x00000000800041F8

clint mtime 0x00000000000001F5 (mip.MTI <- 0b1, mip.STI <- 0b0)
mem[X,0x0000000080000FA8] -> 0x0013
mem[X,0x0000000080000FAA] -> 0x0000
[1002] [M]: 0x0000000080000FA8 (0x00000013) addi x0, x0, 0x0                        inst_27+158

mem[X,0x0000000080000FAC] -> 0x0013
mem[X,0x0000000080000FAE] -> 0x0000
[1003] [M]: 0x0000000080000FAC (0x00000013) addi x0, x0, 0x0                        inst_27+162

clint mtime 0x00000000000001F6 (mip.MTI <- 0b1, mip.STI <- 0b0)
mem[X,0x0000000080000FB0] -> 0x0013
mem[X,0x0000000080000FB2] -> 0x0000
[1004] [M]: 0x0000000080000FB0 (0x00000013) addi x0, x0, 0x0                        inst_27+166

mem[X,0x0000000080000FB4] -> 0x0013
mem[X,0x0000000080000FB6] -> 0x0000
[1005] [M]: 0x0000000080000FB4 (0x00000013) addi x0, x0, 0x0                        inst_27+170

clint mtime 0x00000000000001F7 (mip.MTI <- 0b1, mip.STI <- 0b0)
mem[X,0x0000000080000FB8] -> 0x0013
mem[X,0x0000000080000FBA] -> 0x0000
[1006] [M]: 0x0000000080000FB8 (0x00000013) addi x0, x0, 0x0                        inst_27+174

mem[X,0x0000000080000FBC] -> 0x0013
mem[X,0x0000000080000FBE] -> 0x0000
[1007] [M]: 0x0000000080000FBC (0x00000013) addi x0, x0, 0x0                        inst_27+178

clint mtime 0x00000000000001F8 (mip.MTI <- 0b1, mip.STI <- 0b0)
mem[X,0x0000000080000FC0] -> 0x0A97
mem[X,0x0000000080000FC2] -> 0x0000
[1008] [M]: 0x0000000080000FC0 (0x00000A97) auipc x21, 0x0                          inst_28+0
x21 <- 0x0000000080000FC0

mem[X,0x0000000080000FC4] -> 0x8A93
mem[X,0x0000000080000FC6] -> 0x028A
[1009] [M]: 0x0000000080000FC4 (0x028A8A93) addi x21, x21, 0x28                     inst_28+4
x21 <- 0x0000000080000FE8

clint mtime 0x00000000000001F9 (mip.MTI <- 0b1, mip.STI <- 0b0)
mem[X,0x0000000080000FC8] -> 0x0013
mem[X,0x0000000080000FCA] -> 0x0000
[1010] [M]: 0x0000000080000FC8 (0x00000013) addi x0, x0, 0x0                        inst_28+8

mem[X,0x0000000080000FCC] -> 0x0013
mem[X,0x0000000080000FCE] -> 0x0000
[1011] [M]: 0x0000000080000FCC (0x00000013) addi x0, x0, 0x0                        inst_28+12

clint mtime 0x00000000000001FA (mip.MTI <- 0b1, mip.STI <- 0b0)
mem[X,0x0000000080000FD0] -> 0x0013
mem[X,0x0000000080000FD2] -> 0x0000
[1012] [M]: 0x0000000080000FD0 (0x00000013) addi x0, x0, 0x0                        inst_28+16

mem[X,0x0000000080000FD4] -> 0x0013
mem[X,0x0000000080000FD6] -> 0x0000
[1013] [M]: 0x0000000080000FD4 (0x00000013) addi x0, x0, 0x0                        inst_28+20

clint mtime 0x00000000000001FB (mip.MTI <- 0b1, mip.STI <- 0b0)
mem[X,0x0000000080000FD8] -> 0x0013
mem[X,0x0000000080000FDA] -> 0x0000
[1014] [M]: 0x0000000080000FD8 (0x00000013) addi x0, x0, 0x0                        inst_28+24

mem[X,0x0000000080000FDC] -> 0x0013
mem[X,0x0000000080000FDE] -> 0x0000
[1015] [M]: 0x0000000080000FDC (0x00000013) addi x0, x0, 0x0                        inst_28+28

clint mtime 0x00000000000001FC (mip.MTI <- 0b1, mip.STI <- 0b0)
mem[X,0x0000000080000FE0] -> 0x9A82
[1016] [M]: 0x0000000080000FE0 (0x9A82) c.jalr x21                                  inst_28+32
x1 <- 0x0000000080000FE2

mem[X,0x0000000080000FE8] -> 0xC093
mem[X,0x0000000080000FEA] -> 0x0030
[1017] [M]: 0x0000000080000FE8 (0x0030C093) xori x1, x1, 0x3                        inst_28+40
x1 <- 0x0000000080000FE1

clint mtime 0x00000000000001FD (mip.MTI <- 0b1, mip.STI <- 0b0)
mem[X,0x0000000080000FEC] -> 0x0013
mem[X,0x0000000080000FEE] -> 0x0000
[1018] [M]: 0x0000000080000FEC (0x00000013) addi x0, x0, 0x0                        inst_28+44

mem[X,0x0000000080000FF0] -> 0x0013
mem[X,0x0000000080000FF2] -> 0x0000
[1019] [M]: 0x0000000080000FF0 (0x00000013) addi x0, x0, 0x0                        inst_28+48

clint mtime 0x00000000000001FE (mip.MTI <- 0b1, mip.STI <- 0b0)
mem[X,0x0000000080000FF4] -> 0x0013
mem[X,0x0000000080000FF6] -> 0x0000
[1020] [M]: 0x0000000080000FF4 (0x00000013) addi x0, x0, 0x0                        inst_28+52

mem[X,0x0000000080000FF8] -> 0x0013
mem[X,0x0000000080000FFA] -> 0x0000
[1021] [M]: 0x0000000080000FF8 (0x00000013) addi x0, x0, 0x0                        inst_28+56

clint mtime 0x00000000000001FF (mip.MTI <- 0b1, mip.STI <- 0b0)
mem[X,0x0000000080000FFC] -> 0x0013
mem[X,0x0000000080000FFE] -> 0x0000
[1022] [M]: 0x0000000080000FFC (0x00000013) addi x0, x0, 0x0                        inst_28+60

mem[X,0x0000000080001000] -> 0x0197
mem[X,0x0000000080001002] -> 0x0000
[1023] [M]: 0x0000000080001000 (0x00000197) auipc x3, 0x0                           inst_28+64
x3 <- 0x0000000080001000

clint mtime 0x0000000000000200 (mip.MTI <- 0b1, mip.STI <- 0b0)
mem[X,0x0000000080001004] -> 0x8193
mem[X,0x0000000080001006] -> 0xFC01
[1024] [M]: 0x0000000080001004 (0xFC018193) addi x3, x3, -0x40                      inst_28+68
x3 <- 0x0000000080000FC0

mem[X,0x0000000080001008] -> 0x0013
mem[X,0x000000008000100A] -> 0x0000
[1025] [M]: 0x0000000080001008 (0x00000013) addi x0, x0, 0x0                        inst_28+72

clint mtime 0x0000000000000201 (mip.MTI <- 0b1, mip.STI <- 0b0)
mem[X,0x000000008000100C] -> 0x0013
mem[X,0x000000008000100E] -> 0x0000
[1026] [M]: 0x000000008000100C (0x00000013) addi x0, x0, 0x0                        inst_28+76

mem[X,0x0000000080001010] -> 0x0013
mem[X,0x0000000080001012] -> 0x0000
[1027] [M]: 0x0000000080001010 (0x00000013) addi x0, x0, 0x0                        inst_28+80

clint mtime 0x0000000000000202 (mip.MTI <- 0b1, mip.STI <- 0b0)
mem[X,0x0000000080001014] -> 0x0013
mem[X,0x0000000080001016] -> 0x0000
[1028] [M]: 0x0000000080001014 (0x00000013) addi x0, x0, 0x0                        inst_28+84

mem[X,0x0000000080001018] -> 0x0013
mem[X,0x000000008000101A] -> 0x0000
[1029] [M]: 0x0000000080001018 (0x00000013) addi x0, x0, 0x0                        inst_28+88

clint mtime 0x0000000000000203 (mip.MTI <- 0b1, mip.STI <- 0b0)
mem[X,0x000000008000101C] -> 0x0013
mem[X,0x000000008000101E] -> 0x0000
[1030] [M]: 0x000000008000101C (0x00000013) addi x0, x0, 0x0                        inst_28+92

mem[X,0x0000000080001020] -> 0xF193
mem[X,0x0000000080001022] -> 0xFFC1
[1031] [M]: 0x0000000080001020 (0xFFC1F193) andi x3, x3, -0x4                       inst_28+96
x3 <- 0x0000000080000FC0

clint mtime 0x0000000000000204 (mip.MTI <- 0b1, mip.STI <- 0b0)
mem[X,0x0000000080001024] -> 0x80B3
mem[X,0x0000000080001026] -> 0x4030
[1032] [M]: 0x0000000080001024 (0x403080B3) sub x1, x1, x3                          inst_28+100
x1 <- 0x0000000000000021

mem[X,0x0000000080001028] -> 0xE006
[1033] [M]: 0x0000000080001028 (0xE006) c.sdsp x1, 0x0(x2)                          inst_28+104
mem[W,0x00000000800041F8] <- 0x0000000000000021

clint mtime 0x0000000000000205 (mip.MTI <- 0b1, mip.STI <- 0b0)
mem[X,0x000000008000102A] -> 0x0013
mem[X,0x000000008000102C] -> 0x0000
[1034] [M]: 0x000000008000102A (0x00000013) addi x0, x0, 0x0                        inst_29+0

mem[X,0x000000008000102E] -> 0x0013
mem[X,0x0000000080001030] -> 0x0000
[1035] [M]: 0x000000008000102E (0x00000013) addi x0, x0, 0x0                        inst_29+4

clint mtime 0x0000000000000206 (mip.MTI <- 0b1, mip.STI <- 0b0)
mem[X,0x0000000080001032] -> 0x0013
mem[X,0x0000000080001034] -> 0x0000
[1036] [M]: 0x0000000080001032 (0x00000013) addi x0, x0, 0x0                        inst_29+8

mem[X,0x0000000080001036] -> 0x0013
mem[X,0x0000000080001038] -> 0x0000
[1037] [M]: 0x0000000080001036 (0x00000013) addi x0, x0, 0x0                        inst_29+12

clint mtime 0x0000000000000207 (mip.MTI <- 0b1, mip.STI <- 0b0)
mem[X,0x000000008000103A] -> 0x0013
mem[X,0x000000008000103C] -> 0x0000
[1038] [M]: 0x000000008000103A (0x00000013) addi x0, x0, 0x0                        inst_29+16

mem[X,0x000000008000103E] -> 0x0001
[1039] [M]: 0x000000008000103E (0x0001) c.nop                                       inst_29+20

clint mtime 0x0000000000000208 (mip.MTI <- 0b1, mip.STI <- 0b0)
mem[X,0x0000000080001040] -> 0x0E17
mem[X,0x0000000080001042] -> 0x0000
[1040] [M]: 0x0000000080001040 (0x00000E17) auipc x28, 0x0                          inst_29+22
x28 <- 0x0000000080001040

mem[X,0x0000000080001044] -> 0x0E13
mem[X,0x0000000080001046] -> 0x028E
[1041] [M]: 0x0000000080001044 (0x028E0E13) addi x28, x28, 0x28                     inst_29+26
x28 <- 0x0000000080001068

clint mtime 0x0000000000000209 (mip.MTI <- 0b1, mip.STI <- 0b0)
mem[X,0x0000000080001048] -> 0x0013
mem[X,0x000000008000104A] -> 0x0000
[1042] [M]: 0x0000000080001048 (0x00000013) addi x0, x0, 0x0                        inst_29+30

mem[X,0x000000008000104C] -> 0x0013
mem[X,0x000000008000104E] -> 0x0000
[1043] [M]: 0x000000008000104C (0x00000013) addi x0, x0, 0x0                        inst_29+34

clint mtime 0x000000000000020A (mip.MTI <- 0b1, mip.STI <- 0b0)
mem[X,0x0000000080001050] -> 0x0013
mem[X,0x0000000080001052] -> 0x0000
[1044] [M]: 0x0000000080001050 (0x00000013) addi x0, x0, 0x0                        inst_29+38

mem[X,0x0000000080001054] -> 0x0013
mem[X,0x0000000080001056] -> 0x0000
[1045] [M]: 0x0000000080001054 (0x00000013) addi x0, x0, 0x0                        inst_29+42

clint mtime 0x000000000000020B (mip.MTI <- 0b1, mip.STI <- 0b0)
mem[X,0x0000000080001058] -> 0x0013
mem[X,0x000000008000105A] -> 0x0000
[1046] [M]: 0x0000000080001058 (0x00000013) addi x0, x0, 0x0                        inst_29+46

mem[X,0x000000008000105C] -> 0x0013
mem[X,0x000000008000105E] -> 0x0000
[1047] [M]: 0x000000008000105C (0x00000013) addi x0, x0, 0x0                        inst_29+50

clint mtime 0x000000000000020C (mip.MTI <- 0b1, mip.STI <- 0b0)
mem[X,0x0000000080001060] -> 0x9E02
[1048] [M]: 0x0000000080001060 (0x9E02) c.jalr x28                                  inst_29+54
x1 <- 0x0000000080001062

mem[X,0x0000000080001068] -> 0xC093
mem[X,0x000000008000106A] -> 0x0030
[1049] [M]: 0x0000000080001068 (0x0030C093) xori x1, x1, 0x3                        inst_29+62
x1 <- 0x0000000080001061

clint mtime 0x000000000000020D (mip.MTI <- 0b1, mip.STI <- 0b0)
mem[X,0x000000008000106C] -> 0x0013
mem[X,0x000000008000106E] -> 0x0000
[1050] [M]: 0x000000008000106C (0x00000013) addi x0, x0, 0x0                        inst_29+66

mem[X,0x0000000080001070] -> 0x0013
mem[X,0x0000000080001072] -> 0x0000
[1051] [M]: 0x0000000080001070 (0x00000013) addi x0, x0, 0x0                        inst_29+70

clint mtime 0x000000000000020E (mip.MTI <- 0b1, mip.STI <- 0b0)
mem[X,0x0000000080001074] -> 0x0013
mem[X,0x0000000080001076] -> 0x0000
[1052] [M]: 0x0000000080001074 (0x00000013) addi x0, x0, 0x0                        inst_29+74

mem[X,0x0000000080001078] -> 0x0013
mem[X,0x000000008000107A] -> 0x0000
[1053] [M]: 0x0000000080001078 (0x00000013) addi x0, x0, 0x0                        inst_29+78

clint mtime 0x000000000000020F (mip.MTI <- 0b1, mip.STI <- 0b0)
mem[X,0x000000008000107C] -> 0x0013
mem[X,0x000000008000107E] -> 0x0000
[1054] [M]: 0x000000008000107C (0x00000013) addi x0, x0, 0x0                        inst_29+82

mem[X,0x0000000080001080] -> 0x0197
mem[X,0x0000000080001082] -> 0x0000
[1055] [M]: 0x0000000080001080 (0x00000197) auipc x3, 0x0                           inst_29+86
x3 <- 0x0000000080001080

clint mtime 0x0000000000000210 (mip.MTI <- 0b1, mip.STI <- 0b0)
mem[X,0x0000000080001084] -> 0x8193
mem[X,0x0000000080001086] -> 0xFAA1
[1056] [M]: 0x0000000080001084 (0xFAA18193) addi x3, x3, -0x56                      inst_29+90
x3 <- 0x000000008000102A

mem[X,0x0000000080001088] -> 0x0013
mem[X,0x000000008000108A] -> 0x0000
[1057] [M]: 0x0000000080001088 (0x00000013) addi x0, x0, 0x0                        inst_29+94

clint mtime 0x0000000000000211 (mip.MTI <- 0b1, mip.STI <- 0b0)
mem[X,0x000000008000108C] -> 0x0013
mem[X,0x000000008000108E] -> 0x0000
[1058] [M]: 0x000000008000108C (0x00000013) addi x0, x0, 0x0                        inst_29+98

mem[X,0x0000000080001090] -> 0x0013
mem[X,0x0000000080001092] -> 0x0000
[1059] [M]: 0x0000000080001090 (0x00000013) addi x0, x0, 0x0                        inst_29+102

clint mtime 0x0000000000000212 (mip.MTI <- 0b1, mip.STI <- 0b0)
mem[X,0x0000000080001094] -> 0x0013
mem[X,0x0000000080001096] -> 0x0000
[1060] [M]: 0x0000000080001094 (0x00000013) addi x0, x0, 0x0                        inst_29+106

mem[X,0x0000000080001098] -> 0x0013
mem[X,0x000000008000109A] -> 0x0000
[1061] [M]: 0x0000000080001098 (0x00000013) addi x0, x0, 0x0                        inst_29+110

clint mtime 0x0000000000000213 (mip.MTI <- 0b1, mip.STI <- 0b0)
mem[X,0x000000008000109C] -> 0x0013
mem[X,0x000000008000109E] -> 0x0000
[1062] [M]: 0x000000008000109C (0x00000013) addi x0, x0, 0x0                        inst_29+114

mem[X,0x00000000800010A0] -> 0xF193
mem[X,0x00000000800010A2] -> 0xFFC1
[1063] [M]: 0x00000000800010A0 (0xFFC1F193) andi x3, x3, -0x4                       inst_29+118
x3 <- 0x0000000080001028

clint mtime 0x0000000000000214 (mip.MTI <- 0b1, mip.STI <- 0b0)
mem[X,0x00000000800010A4] -> 0x80B3
mem[X,0x00000000800010A6] -> 0x4030
[1064] [M]: 0x00000000800010A4 (0x403080B3) sub x1, x1, x3                          inst_29+122
x1 <- 0x0000000000000039

mem[X,0x00000000800010A8] -> 0xE406
[1065] [M]: 0x00000000800010A8 (0xE406) c.sdsp x1, 0x8(x2)                          inst_29+126
mem[W,0x0000000080004200] <- 0x0000000000000039

clint mtime 0x0000000000000215 (mip.MTI <- 0b1, mip.STI <- 0b0)
mem[X,0x00000000800010AA] -> 0x0013
mem[X,0x00000000800010AC] -> 0x0000
[1066] [M]: 0x00000000800010AA (0x00000013) addi x0, x0, 0x0                        inst_30+0

mem[X,0x00000000800010AE] -> 0x0013
mem[X,0x00000000800010B0] -> 0x0000
[1067] [M]: 0x00000000800010AE (0x00000013) addi x0, x0, 0x0                        inst_30+4

clint mtime 0x0000000000000216 (mip.MTI <- 0b1, mip.STI <- 0b0)
mem[X,0x00000000800010B2] -> 0x0013
mem[X,0x00000000800010B4] -> 0x0000
[1068] [M]: 0x00000000800010B2 (0x00000013) addi x0, x0, 0x0                        inst_30+8

mem[X,0x00000000800010B6] -> 0x0013
mem[X,0x00000000800010B8] -> 0x0000
[1069] [M]: 0x00000000800010B6 (0x00000013) addi x0, x0, 0x0                        inst_30+12

clint mtime 0x0000000000000217 (mip.MTI <- 0b1, mip.STI <- 0b0)
mem[X,0x00000000800010BA] -> 0x0013
mem[X,0x00000000800010BC] -> 0x0000
[1070] [M]: 0x00000000800010BA (0x00000013) addi x0, x0, 0x0                        inst_30+16

mem[X,0x00000000800010BE] -> 0x0001
[1071] [M]: 0x00000000800010BE (0x0001) c.nop                                       inst_30+20

clint mtime 0x0000000000000218 (mip.MTI <- 0b1, mip.STI <- 0b0)
mem[X,0x00000000800010C0] -> 0x0517
mem[X,0x00000000800010C2] -> 0x0000
[1072] [M]: 0x00000000800010C0 (0x00000517) auipc x10, 0x0                          inst_30+22
x10 <- 0x00000000800010C0

mem[X,0x00000000800010C4] -> 0x0513
mem[X,0x00000000800010C6] -> 0x0285
[1073] [M]: 0x00000000800010C4 (0x02850513) addi x10, x10, 0x28                     inst_30+26
x10 <- 0x00000000800010E8

clint mtime 0x0000000000000219 (mip.MTI <- 0b1, mip.STI <- 0b0)
mem[X,0x00000000800010C8] -> 0x0013
mem[X,0x00000000800010CA] -> 0x0000
[1074] [M]: 0x00000000800010C8 (0x00000013) addi x0, x0, 0x0                        inst_30+30

mem[X,0x00000000800010CC] -> 0x0013
mem[X,0x00000000800010CE] -> 0x0000
[1075] [M]: 0x00000000800010CC (0x00000013) addi x0, x0, 0x0                        inst_30+34

clint mtime 0x000000000000021A (mip.MTI <- 0b1, mip.STI <- 0b0)
mem[X,0x00000000800010D0] -> 0x0013
mem[X,0x00000000800010D2] -> 0x0000
[1076] [M]: 0x00000000800010D0 (0x00000013) addi x0, x0, 0x0                        inst_30+38

mem[X,0x00000000800010D4] -> 0x0013
mem[X,0x00000000800010D6] -> 0x0000
[1077] [M]: 0x00000000800010D4 (0x00000013) addi x0, x0, 0x0                        inst_30+42

clint mtime 0x000000000000021B (mip.MTI <- 0b1, mip.STI <- 0b0)
mem[X,0x00000000800010D8] -> 0x0013
mem[X,0x00000000800010DA] -> 0x0000
[1078] [M]: 0x00000000800010D8 (0x00000013) addi x0, x0, 0x0                        inst_30+46

mem[X,0x00000000800010DC] -> 0x0013
mem[X,0x00000000800010DE] -> 0x0000
[1079] [M]: 0x00000000800010DC (0x00000013) addi x0, x0, 0x0                        inst_30+50

clint mtime 0x000000000000021C (mip.MTI <- 0b1, mip.STI <- 0b0)
mem[X,0x00000000800010E0] -> 0x9502
[1080] [M]: 0x00000000800010E0 (0x9502) c.jalr x10                                  inst_30+54
x1 <- 0x00000000800010E2

mem[X,0x00000000800010E8] -> 0xC093
mem[X,0x00000000800010EA] -> 0x0030
[1081] [M]: 0x00000000800010E8 (0x0030C093) xori x1, x1, 0x3                        inst_30+62
x1 <- 0x00000000800010E1

clint mtime 0x000000000000021D (mip.MTI <- 0b1, mip.STI <- 0b0)
mem[X,0x00000000800010EC] -> 0x0013
mem[X,0x00000000800010EE] -> 0x0000
[1082] [M]: 0x00000000800010EC (0x00000013) addi x0, x0, 0x0                        inst_30+66

mem[X,0x00000000800010F0] -> 0x0013
mem[X,0x00000000800010F2] -> 0x0000
[1083] [M]: 0x00000000800010F0 (0x00000013) addi x0, x0, 0x0                        inst_30+70

clint mtime 0x000000000000021E (mip.MTI <- 0b1, mip.STI <- 0b0)
mem[X,0x00000000800010F4] -> 0x0013
mem[X,0x00000000800010F6] -> 0x0000
[1084] [M]: 0x00000000800010F4 (0x00000013) addi x0, x0, 0x0                        inst_30+74

mem[X,0x00000000800010F8] -> 0x0013
mem[X,0x00000000800010FA] -> 0x0000
[1085] [M]: 0x00000000800010F8 (0x00000013) addi x0, x0, 0x0                        inst_30+78

clint mtime 0x000000000000021F (mip.MTI <- 0b1, mip.STI <- 0b0)
mem[X,0x00000000800010FC] -> 0x0013
mem[X,0x00000000800010FE] -> 0x0000
[1086] [M]: 0x00000000800010FC (0x00000013) addi x0, x0, 0x0                        inst_30+82

mem[X,0x0000000080001100] -> 0x0197
mem[X,0x0000000080001102] -> 0x0000
[1087] [M]: 0x0000000080001100 (0x00000197) auipc x3, 0x0                           inst_30+86
x3 <- 0x0000000080001100

clint mtime 0x0000000000000220 (mip.MTI <- 0b1, mip.STI <- 0b0)
mem[X,0x0000000080001104] -> 0x8193
mem[X,0x0000000080001106] -> 0xFAA1
[1088] [M]: 0x0000000080001104 (0xFAA18193) addi x3, x3, -0x56                      inst_30+90
x3 <- 0x00000000800010AA

mem[X,0x0000000080001108] -> 0x0013
mem[X,0x000000008000110A] -> 0x0000
[1089] [M]: 0x0000000080001108 (0x00000013) addi x0, x0, 0x0                        inst_30+94

clint mtime 0x0000000000000221 (mip.MTI <- 0b1, mip.STI <- 0b0)
mem[X,0x000000008000110C] -> 0x0013
mem[X,0x000000008000110E] -> 0x0000
[1090] [M]: 0x000000008000110C (0x00000013) addi x0, x0, 0x0                        inst_30+98

mem[X,0x0000000080001110] -> 0x0013
mem[X,0x0000000080001112] -> 0x0000
[1091] [M]: 0x0000000080001110 (0x00000013) addi x0, x0, 0x0                        inst_30+102

clint mtime 0x0000000000000222 (mip.MTI <- 0b1, mip.STI <- 0b0)
mem[X,0x0000000080001114] -> 0x0013
mem[X,0x0000000080001116] -> 0x0000
[1092] [M]: 0x0000000080001114 (0x00000013) addi x0, x0, 0x0                        inst_30+106

mem[X,0x0000000080001118] -> 0x0013
mem[X,0x000000008000111A] -> 0x0000
[1093] [M]: 0x0000000080001118 (0x00000013) addi x0, x0, 0x0                        inst_30+110

clint mtime 0x0000000000000223 (mip.MTI <- 0b1, mip.STI <- 0b0)
mem[X,0x000000008000111C] -> 0x0013
mem[X,0x000000008000111E] -> 0x0000
[1094] [M]: 0x000000008000111C (0x00000013) addi x0, x0, 0x0                        inst_30+114

mem[X,0x0000000080001120] -> 0xF193
mem[X,0x0000000080001122] -> 0xFFC1
[1095] [M]: 0x0000000080001120 (0xFFC1F193) andi x3, x3, -0x4                       inst_30+118
x3 <- 0x00000000800010A8

clint mtime 0x0000000000000224 (mip.MTI <- 0b1, mip.STI <- 0b0)
mem[X,0x0000000080001124] -> 0x80B3
mem[X,0x0000000080001126] -> 0x4030
[1096] [M]: 0x0000000080001124 (0x403080B3) sub x1, x1, x3                          inst_30+122
x1 <- 0x0000000000000039

mem[X,0x0000000080001128] -> 0xE806
[1097] [M]: 0x0000000080001128 (0xE806) c.sdsp x1, 0x10(x2)                         inst_30+126
mem[W,0x0000000080004208] <- 0x0000000000000039

clint mtime 0x0000000000000225 (mip.MTI <- 0b1, mip.STI <- 0b0)
mem[X,0x000000008000112A] -> 0x006F
mem[X,0x000000008000112C] -> 0x0380
[1098] [M]: 0x000000008000112A (0x0380006F) jal x0, 0x38                            rvtest_code_end+0

mem[X,0x0000000080001162] -> 0x4085
[1099] [M]: 0x0000000080001162 (0x4085) c.li x1, 0x1                                exit_cleanup+0
x1 <- 0x0000000000000001

clint mtime 0x0000000000000226 (mip.MTI <- 0b1, mip.STI <- 0b0)
mem[X,0x0000000080001164] -> 0x1397
mem[X,0x0000000080001166] -> 0x0000
[1100] [M]: 0x0000000080001164 (0x00001397) auipc x7, 0x1                           exit_cleanup+2
x7 <- 0x0000000080002164

mem[X,0x0000000080001168] -> 0xAE23
mem[X,0x000000008000116A] -> 0xE813
[1101] [M]: 0x0000000080001168 (0xE813AE23) sw x1, -0x164(x7)                       exit_cleanup+6
htif[0x0000000080002000] <- 0x00000001
mem[W,0x0000000080002000] <- 0x00000001

clint mtime 0x0000000000000227 (mip.MTI <- 0b1, mip.STI <- 0b0)
mem[X,0x000000008000116C] -> 0xBFE5
[1102] [M]: 0x000000008000116C (0xBFE5) c.j -0x8                                    exit_cleanup+10

mem[X,0x0000000080001164] -> 0x1397
mem[X,0x0000000080001166] -> 0x0000
[1103] [M]: 0x0000000080001164 (0x00001397) auipc x7, 0x1                           exit_cleanup+2
x7 <- 0x0000000080002164

clint mtime 0x0000000000000228 (mip.MTI <- 0b1, mip.STI <- 0b0)
mem[X,0x0000000080001168] -> 0xAE23
mem[X,0x000000008000116A] -> 0xE813
[1104] [M]: 0x0000000080001168 (0xE813AE23) sw x1, -0x164(x7)                       exit_cleanup+6
htif[0x0000000080002000] <- 0x00000001
mem[W,0x0000000080002000] <- 0x00000001

mem[X,0x000000008000116C] -> 0xBFE5
[1105] [M]: 0x000000008000116C (0xBFE5) c.j -0x8                                    exit_cleanup+10

clint mtime 0x0000000000000229 (mip.MTI <- 0b1, mip.STI <- 0b0)
mem[X,0x0000000080001164] -> 0x1397
mem[X,0x0000000080001166] -> 0x0000
[1106] [M]: 0x0000000080001164 (0x00001397) auipc x7, 0x1                           exit_cleanup+2
x7 <- 0x0000000080002164

mem[X,0x0000000080001168] -> 0xAE23
mem[X,0x000000008000116A] -> 0xE813
[1107] [M]: 0x0000000080001168 (0xE813AE23) sw x1, -0x164(x7)                       exit_cleanup+6
htif[0x0000000080002000] <- 0x00000001
htif-syscall-proxy cmd: 0x000000000001
mem[W,0x0000000080002000] <- 0x00000001

SUCCESS
clint mtime 0x000000000000022A (mip.MTI <- 0b1, mip.STI <- 0b0)
