using /opt/riscv-arch-test/riscof-plugins/rv64/riscof_work/K/src/brev8-01.S/ref/Reference-sail_c_simulator.signature for test-signature output.
setting signature-granularity to 8 bytes
HTIF located at 0x80002000
begin_signature: 0x80004110
end_signature: 0x80004560
Entry point: 0x80000000
CSR mstatus (0x300) <- 0x0000000A00000000
CSR misa (0x301) <- 0x800000000034112F
CSR mcause (0x342) <- 0x0000000000000000
x10 <- 0x0000000000000000
x11 <- 0x0000000000001000
mem[X,0x0000000080000000] -> 0x0837
mem[X,0x0000000080000002] -> 0x7D5C
[0] [M]: 0x0000000080000000 (0x7D5C0837) lui x16, 0x7d5c0                           rvtest_init+0
x16 <- 0x000000007D5C0000

mem[X,0x0000000080000004] -> 0x0813
mem[X,0x0000000080000006] -> 0xDDB8
[1] [M]: 0x0000000080000004 (0xDDB80813) addi x16, x16, -0x225                      rvtest_init+4
x16 <- 0x000000007D5BFDDB

clint mtime 0x0000000000000001 (mip.MTI <- 0b1, mip.STI <- 0b0)
mem[X,0x0000000080000008] -> 0x1813
mem[X,0x000000008000000A] -> 0x00B8
[2] [M]: 0x0000000080000008 (0x00B81813) slli x16, x16, 0xb                         rvtest_init+8
x16 <- 0x000003EADFEED800

mem[X,0x000000008000000C] -> 0x0813
mem[X,0x000000008000000E] -> 0x3EA8
[3] [M]: 0x000000008000000C (0x3EA80813) addi x16, x16, 0x3ea                       rvtest_init+12
x16 <- 0x000003EADFEEDBEA

clint mtime 0x0000000000000002 (mip.MTI <- 0b1, mip.STI <- 0b0)
mem[X,0x0000000080000010] -> 0x1813
mem[X,0x0000000080000012] -> 0x00B8
[4] [M]: 0x0000000080000010 (0x00B81813) slli x16, x16, 0xb                         rvtest_init+16
x16 <- 0x001F56FF76DF5000

mem[X,0x0000000080000014] -> 0x0813
mem[X,0x0000000080000016] -> 0x6FF8
[5] [M]: 0x0000000080000014 (0x6FF80813) addi x16, x16, 0x6ff                       rvtest_init+20
x16 <- 0x001F56FF76DF56FF

clint mtime 0x0000000000000003 (mip.MTI <- 0b1, mip.STI <- 0b0)
mem[X,0x0000000080000018] -> 0x1813
mem[X,0x000000008000001A] -> 0x00A8
[6] [M]: 0x0000000080000018 (0x00A81813) slli x16, x16, 0xa                         rvtest_init+24
x16 <- 0x7D5BFDDB7D5BFC00

mem[X,0x000000008000001C] -> 0x0813
mem[X,0x000000008000001E] -> 0x1DB8
[7] [M]: 0x000000008000001C (0x1DB80813) addi x16, x16, 0x1db                       rvtest_init+28
x16 <- 0x7D5BFDDB7D5BFDDB

clint mtime 0x0000000000000004 (mip.MTI <- 0b1, mip.STI <- 0b0)
mem[X,0x0000000080000020] -> 0x5893
mem[X,0x0000000080000022] -> 0x0078
[8] [M]: 0x0000000080000020 (0x00785893) srli x17, x16, 0x7                         rvtest_init+32
x17 <- 0x00FAB7FBB6FAB7FB

mem[X,0x0000000080000024] -> 0x5793
mem[X,0x0000000080000026] -> 0x0398
[9] [M]: 0x0000000080000024 (0x03985793) srli x15, x16, 0x39                        rvtest_init+36
x15 <- 0x000000000000003E

clint mtime 0x0000000000000005 (mip.MTI <- 0b1, mip.STI <- 0b0)
mem[X,0x0000000080000028] -> 0xE8B3
mem[X,0x000000008000002A] -> 0x00F8
[10] [M]: 0x0000000080000028 (0x00F8E8B3) or x17, x17, x15                          rvtest_init+40
x17 <- 0x00FAB7FBB6FAB7FF

mem[X,0x000000008000002C] -> 0xD913
mem[X,0x000000008000002E] -> 0x0078
[11] [M]: 0x000000008000002C (0x0078D913) srli x18, x17, 0x7                        rvtest_init+44
x18 <- 0x0001F56FF76DF56F

clint mtime 0x0000000000000006 (mip.MTI <- 0b1, mip.STI <- 0b0)
mem[X,0x0000000080000030] -> 0xD793
mem[X,0x0000000080000032] -> 0x0398
[12] [M]: 0x0000000080000030 (0x0398D793) srli x15, x17, 0x39                       rvtest_init+48
x15 <- 0x0000000000000000

mem[X,0x0000000080000034] -> 0x6933
mem[X,0x0000000080000036] -> 0x00F9
[13] [M]: 0x0000000080000034 (0x00F96933) or x18, x18, x15                          rvtest_init+52
x18 <- 0x0001F56FF76DF56F

clint mtime 0x0000000000000007 (mip.MTI <- 0b1, mip.STI <- 0b0)
mem[X,0x0000000080000038] -> 0x5993
mem[X,0x000000008000003A] -> 0x0079
[14] [M]: 0x0000000080000038 (0x00795993) srli x19, x18, 0x7                        rvtest_init+56
x19 <- 0x000003EADFEEDBEA

mem[X,0x000000008000003C] -> 0x5793
mem[X,0x000000008000003E] -> 0x0399
[15] [M]: 0x000000008000003C (0x03995793) srli x15, x18, 0x39                       rvtest_init+60
x15 <- 0x0000000000000000

clint mtime 0x0000000000000008 (mip.MTI <- 0b1, mip.STI <- 0b0)
mem[X,0x0000000080000040] -> 0xE9B3
mem[X,0x0000000080000042] -> 0x00F9
[16] [M]: 0x0000000080000040 (0x00F9E9B3) or x19, x19, x15                          rvtest_init+64
x19 <- 0x000003EADFEEDBEA

mem[X,0x0000000080000044] -> 0xDA13
mem[X,0x0000000080000046] -> 0x0079
[17] [M]: 0x0000000080000044 (0x0079DA13) srli x20, x19, 0x7                        rvtest_init+68
x20 <- 0x00000007D5BFDDB7

clint mtime 0x0000000000000009 (mip.MTI <- 0b1, mip.STI <- 0b0)
mem[X,0x0000000080000048] -> 0xD793
mem[X,0x000000008000004A] -> 0x0399
[18] [M]: 0x0000000080000048 (0x0399D793) srli x15, x19, 0x39                       rvtest_init+72
x15 <- 0x0000000000000000

mem[X,0x000000008000004C] -> 0x6A33
mem[X,0x000000008000004E] -> 0x00FA
[19] [M]: 0x000000008000004C (0x00FA6A33) or x20, x20, x15                          rvtest_init+76
x20 <- 0x00000007D5BFDDB7

clint mtime 0x000000000000000A (mip.MTI <- 0b1, mip.STI <- 0b0)
mem[X,0x0000000080000050] -> 0x5A93
mem[X,0x0000000080000052] -> 0x007A
[20] [M]: 0x0000000080000050 (0x007A5A93) srli x21, x20, 0x7                        rvtest_init+80
x21 <- 0x000000000FAB7FBB

mem[X,0x0000000080000054] -> 0x5793
mem[X,0x0000000080000056] -> 0x039A
[21] [M]: 0x0000000080000054 (0x039A5793) srli x15, x20, 0x39                       rvtest_init+84
x15 <- 0x0000000000000000

clint mtime 0x000000000000000B (mip.MTI <- 0b1, mip.STI <- 0b0)
mem[X,0x0000000080000058] -> 0xEAB3
mem[X,0x000000008000005A] -> 0x00FA
[22] [M]: 0x0000000080000058 (0x00FAEAB3) or x21, x21, x15                          rvtest_init+88
x21 <- 0x000000000FAB7FBB

mem[X,0x000000008000005C] -> 0xDB13
mem[X,0x000000008000005E] -> 0x007A
[23] [M]: 0x000000008000005C (0x007ADB13) srli x22, x21, 0x7                        rvtest_init+92
x22 <- 0x00000000001F56FF

clint mtime 0x000000000000000C (mip.MTI <- 0b1, mip.STI <- 0b0)
mem[X,0x0000000080000060] -> 0xD793
mem[X,0x0000000080000062] -> 0x039A
[24] [M]: 0x0000000080000060 (0x039AD793) srli x15, x21, 0x39                       rvtest_init+96
x15 <- 0x0000000000000000

mem[X,0x0000000080000064] -> 0x6B33
mem[X,0x0000000080000066] -> 0x00FB
[25] [M]: 0x0000000080000064 (0x00FB6B33) or x22, x22, x15                          rvtest_init+100
x22 <- 0x00000000001F56FF

clint mtime 0x000000000000000D (mip.MTI <- 0b1, mip.STI <- 0b0)
mem[X,0x0000000080000068] -> 0x5B93
mem[X,0x000000008000006A] -> 0x007B
[26] [M]: 0x0000000080000068 (0x007B5B93) srli x23, x22, 0x7                        rvtest_init+104
x23 <- 0x0000000000003EAD

mem[X,0x000000008000006C] -> 0x5793
mem[X,0x000000008000006E] -> 0x039B
[27] [M]: 0x000000008000006C (0x039B5793) srli x15, x22, 0x39                       rvtest_init+108
x15 <- 0x0000000000000000

clint mtime 0x000000000000000E (mip.MTI <- 0b1, mip.STI <- 0b0)
mem[X,0x0000000080000070] -> 0xEBB3
mem[X,0x0000000080000072] -> 0x00FB
[28] [M]: 0x0000000080000070 (0x00FBEBB3) or x23, x23, x15                          rvtest_init+112
x23 <- 0x0000000000003EAD

mem[X,0x0000000080000074] -> 0xDC13
mem[X,0x0000000080000076] -> 0x007B
[29] [M]: 0x0000000080000074 (0x007BDC13) srli x24, x23, 0x7                        rvtest_init+116
x24 <- 0x000000000000007D

clint mtime 0x000000000000000F (mip.MTI <- 0b1, mip.STI <- 0b0)
mem[X,0x0000000080000078] -> 0xD793
mem[X,0x000000008000007A] -> 0x039B
[30] [M]: 0x0000000080000078 (0x039BD793) srli x15, x23, 0x39                       rvtest_init+120
x15 <- 0x0000000000000000

mem[X,0x000000008000007C] -> 0x6C33
mem[X,0x000000008000007E] -> 0x00FC
[31] [M]: 0x000000008000007C (0x00FC6C33) or x24, x24, x15                          rvtest_init+124
x24 <- 0x000000000000007D

clint mtime 0x0000000000000010 (mip.MTI <- 0b1, mip.STI <- 0b0)
mem[X,0x0000000080000080] -> 0x5C93
mem[X,0x0000000080000082] -> 0x007C
[32] [M]: 0x0000000080000080 (0x007C5C93) srli x25, x24, 0x7                        rvtest_init+128
x25 <- 0x0000000000000000

mem[X,0x0000000080000084] -> 0x5793
mem[X,0x0000000080000086] -> 0x039C
[33] [M]: 0x0000000080000084 (0x039C5793) srli x15, x24, 0x39                       rvtest_init+132
x15 <- 0x0000000000000000

clint mtime 0x0000000000000011 (mip.MTI <- 0b1, mip.STI <- 0b0)
mem[X,0x0000000080000088] -> 0xECB3
mem[X,0x000000008000008A] -> 0x00FC
[34] [M]: 0x0000000080000088 (0x00FCECB3) or x25, x25, x15                          rvtest_init+136
x25 <- 0x0000000000000000

mem[X,0x000000008000008C] -> 0xDD13
mem[X,0x000000008000008E] -> 0x007C
[35] [M]: 0x000000008000008C (0x007CDD13) srli x26, x25, 0x7                        rvtest_init+140
x26 <- 0x0000000000000000

clint mtime 0x0000000000000012 (mip.MTI <- 0b1, mip.STI <- 0b0)
mem[X,0x0000000080000090] -> 0xD793
mem[X,0x0000000080000092] -> 0x039C
[36] [M]: 0x0000000080000090 (0x039CD793) srli x15, x25, 0x39                       rvtest_init+144
x15 <- 0x0000000000000000

mem[X,0x0000000080000094] -> 0x6D33
mem[X,0x0000000080000096] -> 0x00FD
[37] [M]: 0x0000000080000094 (0x00FD6D33) or x26, x26, x15                          rvtest_init+148
x26 <- 0x0000000000000000

clint mtime 0x0000000000000013 (mip.MTI <- 0b1, mip.STI <- 0b0)
mem[X,0x0000000080000098] -> 0x5D93
mem[X,0x000000008000009A] -> 0x007D
[38] [M]: 0x0000000080000098 (0x007D5D93) srli x27, x26, 0x7                        rvtest_init+152
x27 <- 0x0000000000000000

mem[X,0x000000008000009C] -> 0x5793
mem[X,0x000000008000009E] -> 0x039D
[39] [M]: 0x000000008000009C (0x039D5793) srli x15, x26, 0x39                       rvtest_init+156
x15 <- 0x0000000000000000

clint mtime 0x0000000000000014 (mip.MTI <- 0b1, mip.STI <- 0b0)
mem[X,0x00000000800000A0] -> 0xEDB3
mem[X,0x00000000800000A2] -> 0x00FD
[40] [M]: 0x00000000800000A0 (0x00FDEDB3) or x27, x27, x15                          rvtest_init+160
x27 <- 0x0000000000000000

mem[X,0x00000000800000A4] -> 0xDE13
mem[X,0x00000000800000A6] -> 0x007D
[41] [M]: 0x00000000800000A4 (0x007DDE13) srli x28, x27, 0x7                        rvtest_init+164
x28 <- 0x0000000000000000

clint mtime 0x0000000000000015 (mip.MTI <- 0b1, mip.STI <- 0b0)
mem[X,0x00000000800000A8] -> 0xD793
mem[X,0x00000000800000AA] -> 0x039D
[42] [M]: 0x00000000800000A8 (0x039DD793) srli x15, x27, 0x39                       rvtest_init+168
x15 <- 0x0000000000000000

mem[X,0x00000000800000AC] -> 0x6E33
mem[X,0x00000000800000AE] -> 0x00FE
[43] [M]: 0x00000000800000AC (0x00FE6E33) or x28, x28, x15                          rvtest_init+172
x28 <- 0x0000000000000000

clint mtime 0x0000000000000016 (mip.MTI <- 0b1, mip.STI <- 0b0)
mem[X,0x00000000800000B0] -> 0x5E93
mem[X,0x00000000800000B2] -> 0x007E
[44] [M]: 0x00000000800000B0 (0x007E5E93) srli x29, x28, 0x7                        rvtest_init+176
x29 <- 0x0000000000000000

mem[X,0x00000000800000B4] -> 0x5793
mem[X,0x00000000800000B6] -> 0x039E
[45] [M]: 0x00000000800000B4 (0x039E5793) srli x15, x28, 0x39                       rvtest_init+180
x15 <- 0x0000000000000000

clint mtime 0x0000000000000017 (mip.MTI <- 0b1, mip.STI <- 0b0)
mem[X,0x00000000800000B8] -> 0xEEB3
mem[X,0x00000000800000BA] -> 0x00FE
[46] [M]: 0x00000000800000B8 (0x00FEEEB3) or x29, x29, x15                          rvtest_init+184
x29 <- 0x0000000000000000

mem[X,0x00000000800000BC] -> 0xDF13
mem[X,0x00000000800000BE] -> 0x007E
[47] [M]: 0x00000000800000BC (0x007EDF13) srli x30, x29, 0x7                        rvtest_init+188
x30 <- 0x0000000000000000

clint mtime 0x0000000000000018 (mip.MTI <- 0b1, mip.STI <- 0b0)
mem[X,0x00000000800000C0] -> 0xD793
mem[X,0x00000000800000C2] -> 0x039E
[48] [M]: 0x00000000800000C0 (0x039ED793) srli x15, x29, 0x39                       rvtest_init+192
x15 <- 0x0000000000000000

mem[X,0x00000000800000C4] -> 0x6F33
mem[X,0x00000000800000C6] -> 0x00FF
[49] [M]: 0x00000000800000C4 (0x00FF6F33) or x30, x30, x15                          rvtest_init+196
x30 <- 0x0000000000000000

clint mtime 0x0000000000000019 (mip.MTI <- 0b1, mip.STI <- 0b0)
mem[X,0x00000000800000C8] -> 0xC0B7
mem[X,0x00000000800000CA] -> 0xFEED
[50] [M]: 0x00000000800000C8 (0xFEEDC0B7) lui x1, -0x1124                           rvtest_init+200
x1 <- 0xFFFFFFFFFEEDC000

mem[X,0x00000000800000CC] -> 0x8093
mem[X,0x00000000800000CE] -> 0xEAD0
[51] [M]: 0x00000000800000CC (0xEAD08093) addi x1, x1, -0x153                       rvtest_init+204
x1 <- 0xFFFFFFFFFEEDBEAD

clint mtime 0x000000000000001A (mip.MTI <- 0b1, mip.STI <- 0b0)
mem[X,0x00000000800000D0] -> 0x9093
mem[X,0x00000000800000D2] -> 0x00B0
[52] [M]: 0x00000000800000D0 (0x00B09093) slli x1, x1, 0xb                          rvtest_init+208
x1 <- 0xFFFFFFF76DF56800

mem[X,0x00000000800000D4] -> 0x8093
mem[X,0x00000000800000D6] -> 0x7F70
[53] [M]: 0x00000000800000D4 (0x7F708093) addi x1, x1, 0x7f7                        rvtest_init+212
x1 <- 0xFFFFFFF76DF56FF7

clint mtime 0x000000000000001B (mip.MTI <- 0b1, mip.STI <- 0b0)
mem[X,0x00000000800000D8] -> 0x9093
mem[X,0x00000000800000DA] -> 0x00B0
[54] [M]: 0x00000000800000D8 (0x00B09093) slli x1, x1, 0xb                          rvtest_init+216
x1 <- 0xFFFFBB6FAB7FB800

mem[X,0x00000000800000DC] -> 0x8093
mem[X,0x00000000800000DE] -> 0x36F0
[55] [M]: 0x00000000800000DC (0x36F08093) addi x1, x1, 0x36f                        rvtest_init+220
x1 <- 0xFFFFBB6FAB7FBB6F

clint mtime 0x000000000000001C (mip.MTI <- 0b1, mip.STI <- 0b0)
mem[X,0x00000000800000E0] -> 0x9093
mem[X,0x00000000800000E2] -> 0x00A0
[56] [M]: 0x00000000800000E0 (0x00A09093) slli x1, x1, 0xa                          rvtest_init+224
x1 <- 0xFEEDBEADFEEDBC00

mem[X,0x00000000800000E4] -> 0x8093
mem[X,0x00000000800000E6] -> 0x2AD0
[57] [M]: 0x00000000800000E4 (0x2AD08093) addi x1, x1, 0x2ad                        rvtest_init+228
x1 <- 0xFEEDBEADFEEDBEAD

clint mtime 0x000000000000001D (mip.MTI <- 0b1, mip.STI <- 0b0)
mem[X,0x00000000800000E8] -> 0xD113
mem[X,0x00000000800000EA] -> 0x0070
[58] [M]: 0x00000000800000E8 (0x0070D113) srli x2, x1, 0x7                          rvtest_init+232
x2 <- 0x01FDDB7D5BFDDB7D

mem[X,0x00000000800000EC] -> 0xD793
mem[X,0x00000000800000EE] -> 0x0390
[59] [M]: 0x00000000800000EC (0x0390D793) srli x15, x1, 0x39                        rvtest_init+236
x15 <- 0x000000000000007F

clint mtime 0x000000000000001E (mip.MTI <- 0b1, mip.STI <- 0b0)
mem[X,0x00000000800000F0] -> 0x6133
mem[X,0x00000000800000F2] -> 0x00F1
[60] [M]: 0x00000000800000F0 (0x00F16133) or x2, x2, x15                            rvtest_init+240
x2 <- 0x01FDDB7D5BFDDB7F

mem[X,0x00000000800000F4] -> 0x5193
mem[X,0x00000000800000F6] -> 0x0071
[61] [M]: 0x00000000800000F4 (0x00715193) srli x3, x2, 0x7                          rvtest_init+244
x3 <- 0x0003FBB6FAB7FBB6

clint mtime 0x000000000000001F (mip.MTI <- 0b1, mip.STI <- 0b0)
mem[X,0x00000000800000F8] -> 0x5793
mem[X,0x00000000800000FA] -> 0x0391
[62] [M]: 0x00000000800000F8 (0x03915793) srli x15, x2, 0x39                        rvtest_init+248
x15 <- 0x0000000000000000

mem[X,0x00000000800000FC] -> 0xE1B3
mem[X,0x00000000800000FE] -> 0x00F1
[63] [M]: 0x00000000800000FC (0x00F1E1B3) or x3, x3, x15                            rvtest_init+252
x3 <- 0x0003FBB6FAB7FBB6

clint mtime 0x0000000000000020 (mip.MTI <- 0b1, mip.STI <- 0b0)
mem[X,0x0000000080000100] -> 0xD213
mem[X,0x0000000080000102] -> 0x0071
[64] [M]: 0x0000000080000100 (0x0071D213) srli x4, x3, 0x7                          rvtest_init+256
x4 <- 0x000007F76DF56FF7

mem[X,0x0000000080000104] -> 0xD793
mem[X,0x0000000080000106] -> 0x0391
[65] [M]: 0x0000000080000104 (0x0391D793) srli x15, x3, 0x39                        rvtest_init+260
x15 <- 0x0000000000000000

clint mtime 0x0000000000000021 (mip.MTI <- 0b1, mip.STI <- 0b0)
mem[X,0x0000000080000108] -> 0x6233
mem[X,0x000000008000010A] -> 0x00F2
[66] [M]: 0x0000000080000108 (0x00F26233) or x4, x4, x15                            rvtest_init+264
x4 <- 0x000007F76DF56FF7

mem[X,0x000000008000010C] -> 0x5293
mem[X,0x000000008000010E] -> 0x0072
[67] [M]: 0x000000008000010C (0x00725293) srli x5, x4, 0x7                          rvtest_init+268
x5 <- 0x0000000FEEDBEADF

clint mtime 0x0000000000000022 (mip.MTI <- 0b1, mip.STI <- 0b0)
mem[X,0x0000000080000110] -> 0x5793
mem[X,0x0000000080000112] -> 0x0392
[68] [M]: 0x0000000080000110 (0x03925793) srli x15, x4, 0x39                        rvtest_init+272
x15 <- 0x0000000000000000

mem[X,0x0000000080000114] -> 0xE2B3
mem[X,0x0000000080000116] -> 0x00F2
[69] [M]: 0x0000000080000114 (0x00F2E2B3) or x5, x5, x15                            rvtest_init+276
x5 <- 0x0000000FEEDBEADF

clint mtime 0x0000000000000023 (mip.MTI <- 0b1, mip.STI <- 0b0)
mem[X,0x0000000080000118] -> 0xD313
mem[X,0x000000008000011A] -> 0x0072
[70] [M]: 0x0000000080000118 (0x0072D313) srli x6, x5, 0x7                          rvtest_init+280
x6 <- 0x000000001FDDB7D5

mem[X,0x000000008000011C] -> 0xD793
mem[X,0x000000008000011E] -> 0x0392
[71] [M]: 0x000000008000011C (0x0392D793) srli x15, x5, 0x39                        rvtest_init+284
x15 <- 0x0000000000000000

clint mtime 0x0000000000000024 (mip.MTI <- 0b1, mip.STI <- 0b0)
mem[X,0x0000000080000120] -> 0x6333
mem[X,0x0000000080000122] -> 0x00F3
[72] [M]: 0x0000000080000120 (0x00F36333) or x6, x6, x15                            rvtest_init+288
x6 <- 0x000000001FDDB7D5

mem[X,0x0000000080000124] -> 0x5393
mem[X,0x0000000080000126] -> 0x0073
[73] [M]: 0x0000000080000124 (0x00735393) srli x7, x6, 0x7                          rvtest_init+292
x7 <- 0x00000000003FBB6F

clint mtime 0x0000000000000025 (mip.MTI <- 0b1, mip.STI <- 0b0)
mem[X,0x0000000080000128] -> 0x5793
mem[X,0x000000008000012A] -> 0x0393
[74] [M]: 0x0000000080000128 (0x03935793) srli x15, x6, 0x39                        rvtest_init+296
x15 <- 0x0000000000000000

mem[X,0x000000008000012C] -> 0xE3B3
mem[X,0x000000008000012E] -> 0x00F3
[75] [M]: 0x000000008000012C (0x00F3E3B3) or x7, x7, x15                            rvtest_init+300
x7 <- 0x00000000003FBB6F

clint mtime 0x0000000000000026 (mip.MTI <- 0b1, mip.STI <- 0b0)
mem[X,0x0000000080000130] -> 0xD413
mem[X,0x0000000080000132] -> 0x0073
[76] [M]: 0x0000000080000130 (0x0073D413) srli x8, x7, 0x7                          rvtest_init+304
x8 <- 0x0000000000007F76

mem[X,0x0000000080000134] -> 0xD793
mem[X,0x0000000080000136] -> 0x0393
[77] [M]: 0x0000000080000134 (0x0393D793) srli x15, x7, 0x39                        rvtest_init+308
x15 <- 0x0000000000000000

clint mtime 0x0000000000000027 (mip.MTI <- 0b1, mip.STI <- 0b0)
mem[X,0x0000000080000138] -> 0x6433
mem[X,0x000000008000013A] -> 0x00F4
[78] [M]: 0x0000000080000138 (0x00F46433) or x8, x8, x15                            rvtest_init+312
x8 <- 0x0000000000007F76

mem[X,0x000000008000013C] -> 0x5493
mem[X,0x000000008000013E] -> 0x0074
[79] [M]: 0x000000008000013C (0x00745493) srli x9, x8, 0x7                          rvtest_init+316
x9 <- 0x00000000000000FE

clint mtime 0x0000000000000028 (mip.MTI <- 0b1, mip.STI <- 0b0)
mem[X,0x0000000080000140] -> 0x5793
mem[X,0x0000000080000142] -> 0x0394
[80] [M]: 0x0000000080000140 (0x03945793) srli x15, x8, 0x39                        rvtest_init+320
x15 <- 0x0000000000000000

mem[X,0x0000000080000144] -> 0xE4B3
mem[X,0x0000000080000146] -> 0x00F4
[81] [M]: 0x0000000080000144 (0x00F4E4B3) or x9, x9, x15                            rvtest_init+324
x9 <- 0x00000000000000FE

clint mtime 0x0000000000000029 (mip.MTI <- 0b1, mip.STI <- 0b0)
mem[X,0x0000000080000148] -> 0xD513
mem[X,0x000000008000014A] -> 0x0074
[82] [M]: 0x0000000080000148 (0x0074D513) srli x10, x9, 0x7                         rvtest_init+328
x10 <- 0x0000000000000001

mem[X,0x000000008000014C] -> 0xD793
mem[X,0x000000008000014E] -> 0x0394
[83] [M]: 0x000000008000014C (0x0394D793) srli x15, x9, 0x39                        rvtest_init+332
x15 <- 0x0000000000000000

clint mtime 0x000000000000002A (mip.MTI <- 0b1, mip.STI <- 0b0)
mem[X,0x0000000080000150] -> 0x6533
mem[X,0x0000000080000152] -> 0x00F5
[84] [M]: 0x0000000080000150 (0x00F56533) or x10, x10, x15                          rvtest_init+336
x10 <- 0x0000000000000001

mem[X,0x0000000080000154] -> 0x5593
mem[X,0x0000000080000156] -> 0x0075
[85] [M]: 0x0000000080000154 (0x00755593) srli x11, x10, 0x7                        rvtest_init+340
x11 <- 0x0000000000000000

clint mtime 0x000000000000002B (mip.MTI <- 0b1, mip.STI <- 0b0)
mem[X,0x0000000080000158] -> 0x5793
mem[X,0x000000008000015A] -> 0x0395
[86] [M]: 0x0000000080000158 (0x03955793) srli x15, x10, 0x39                       rvtest_init+344
x15 <- 0x0000000000000000

mem[X,0x000000008000015C] -> 0xE5B3
mem[X,0x000000008000015E] -> 0x00F5
[87] [M]: 0x000000008000015C (0x00F5E5B3) or x11, x11, x15                          rvtest_init+348
x11 <- 0x0000000000000000

clint mtime 0x000000000000002C (mip.MTI <- 0b1, mip.STI <- 0b0)
mem[X,0x0000000080000160] -> 0xD613
mem[X,0x0000000080000162] -> 0x0075
[88] [M]: 0x0000000080000160 (0x0075D613) srli x12, x11, 0x7                        rvtest_init+352
x12 <- 0x0000000000000000

mem[X,0x0000000080000164] -> 0xD793
mem[X,0x0000000080000166] -> 0x0395
[89] [M]: 0x0000000080000164 (0x0395D793) srli x15, x11, 0x39                       rvtest_init+356
x15 <- 0x0000000000000000

clint mtime 0x000000000000002D (mip.MTI <- 0b1, mip.STI <- 0b0)
mem[X,0x0000000080000168] -> 0x6633
mem[X,0x000000008000016A] -> 0x00F6
[90] [M]: 0x0000000080000168 (0x00F66633) or x12, x12, x15                          rvtest_init+360
x12 <- 0x0000000000000000

mem[X,0x000000008000016C] -> 0x5693
mem[X,0x000000008000016E] -> 0x0076
[91] [M]: 0x000000008000016C (0x00765693) srli x13, x12, 0x7                        rvtest_init+364
x13 <- 0x0000000000000000

clint mtime 0x000000000000002E (mip.MTI <- 0b1, mip.STI <- 0b0)
mem[X,0x0000000080000170] -> 0x5793
mem[X,0x0000000080000172] -> 0x0396
[92] [M]: 0x0000000080000170 (0x03965793) srli x15, x12, 0x39                       rvtest_init+368
x15 <- 0x0000000000000000

mem[X,0x0000000080000174] -> 0xE6B3
mem[X,0x0000000080000176] -> 0x00F6
[93] [M]: 0x0000000080000174 (0x00F6E6B3) or x13, x13, x15                          rvtest_init+372
x13 <- 0x0000000000000000

clint mtime 0x000000000000002F (mip.MTI <- 0b1, mip.STI <- 0b0)
mem[X,0x0000000080000178] -> 0x0013
mem[X,0x000000008000017A] -> 0x0000
[94] [M]: 0x0000000080000178 (0x00000013) addi x0, x0, 0x0                          rvtest_code_begin+0

mem[X,0x000000008000017C] -> 0x0013
mem[X,0x000000008000017E] -> 0x0000
[95] [M]: 0x000000008000017C (0x00000013) addi x0, x0, 0x0                          rvtest_code_begin+4

clint mtime 0x0000000000000030 (mip.MTI <- 0b1, mip.STI <- 0b0)
mem[X,0x0000000080000180] -> 0x4097
mem[X,0x0000000080000182] -> 0x0000
[96] [M]: 0x0000000080000180 (0x00004097) auipc x1, 0x4                             rvtest_code_begin+8
x1 <- 0x0000000080004180

mem[X,0x0000000080000184] -> 0x8093
mem[X,0x0000000080000186] -> 0xF980
[97] [M]: 0x0000000080000184 (0xF9808093) addi x1, x1, -0x68                        rvtest_code_begin+12
x1 <- 0x0000000080004118

clint mtime 0x0000000000000031 (mip.MTI <- 0b1, mip.STI <- 0b0)
mem[X,0x0000000080000188] -> 0x0013
mem[X,0x000000008000018A] -> 0x0000
[98] [M]: 0x0000000080000188 (0x00000013) addi x0, x0, 0x0                          rvtest_code_begin+16

mem[X,0x000000008000018C] -> 0x0013
mem[X,0x000000008000018E] -> 0x0000
[99] [M]: 0x000000008000018C (0x00000013) addi x0, x0, 0x0                          rvtest_code_begin+20

clint mtime 0x0000000000000032 (mip.MTI <- 0b1, mip.STI <- 0b0)
mem[X,0x0000000080000190] -> 0x0013
mem[X,0x0000000080000192] -> 0x0000
[100] [M]: 0x0000000080000190 (0x00000013) addi x0, x0, 0x0                         rvtest_code_begin+24

mem[X,0x0000000080000194] -> 0x0013
mem[X,0x0000000080000196] -> 0x0000
[101] [M]: 0x0000000080000194 (0x00000013) addi x0, x0, 0x0                         rvtest_code_begin+28

clint mtime 0x0000000000000033 (mip.MTI <- 0b1, mip.STI <- 0b0)
mem[X,0x0000000080000198] -> 0x0013
mem[X,0x000000008000019A] -> 0x0000
[102] [M]: 0x0000000080000198 (0x00000013) addi x0, x0, 0x0                         rvtest_code_begin+32

mem[X,0x000000008000019C] -> 0x0013
mem[X,0x000000008000019E] -> 0x0000
[103] [M]: 0x000000008000019C (0x00000013) addi x0, x0, 0x0                         rvtest_code_begin+36

clint mtime 0x0000000000000034 (mip.MTI <- 0b1, mip.STI <- 0b0)
mem[X,0x00000000800001A0] -> 0x0F37
mem[X,0x00000000800001A2] -> 0x0102
[104] [M]: 0x00000000800001A0 (0x01020F37) lui x30, 0x1020                          inst_0+0
x30 <- 0x0000000001020000

mem[X,0x00000000800001A4] -> 0x0F13
mem[X,0x00000000800001A6] -> 0x408F
[105] [M]: 0x00000000800001A4 (0x408F0F13) addi x30, x30, 0x408                     inst_0+4
x30 <- 0x0000000001020408

clint mtime 0x0000000000000035 (mip.MTI <- 0b1, mip.STI <- 0b0)
mem[X,0x00000000800001A8] -> 0x1F13
mem[X,0x00000000800001AA] -> 0x00BF
[106] [M]: 0x00000000800001A8 (0x00BF1F13) slli x30, x30, 0xb                       inst_0+8
x30 <- 0x0000000810204000

mem[X,0x00000000800001AC] -> 0x0F13
mem[X,0x00000000800001AE] -> 0x008F
[107] [M]: 0x00000000800001AC (0x008F0F13) addi x30, x30, 0x8                       inst_0+12
x30 <- 0x0000000810204008

clint mtime 0x0000000000000036 (mip.MTI <- 0b1, mip.STI <- 0b0)
mem[X,0x00000000800001B0] -> 0x1F13
mem[X,0x00000000800001B2] -> 0x00BF
[108] [M]: 0x00000000800001B0 (0x00BF1F13) slli x30, x30, 0xb                       inst_0+16
x30 <- 0x0000408102004000

mem[X,0x00000000800001B4] -> 0x0F13
mem[X,0x00000000800001B6] -> 0x081F
[109] [M]: 0x00000000800001B4 (0x081F0F13) addi x30, x30, 0x81                      inst_0+20
x30 <- 0x0000408102004081

clint mtime 0x0000000000000037 (mip.MTI <- 0b1, mip.STI <- 0b0)
mem[X,0x00000000800001B8] -> 0x1F13
mem[X,0x00000000800001BA] -> 0x00AF
[110] [M]: 0x00000000800001B8 (0x00AF1F13) slli x30, x30, 0xa                       inst_0+24
x30 <- 0x0102040801020400

mem[X,0x00000000800001BC] -> 0x0F13
mem[X,0x00000000800001BE] -> 0x008F
[111] [M]: 0x00000000800001BC (0x008F0F13) addi x30, x30, 0x8                       inst_0+28
x30 <- 0x0102040801020408

clint mtime 0x0000000000000038 (mip.MTI <- 0b1, mip.STI <- 0b0)
mem[X,0x00000000800001C0] -> 0x5F93
mem[X,0x00000000800001C2] -> 0x687F
[112] [M]: 0x00000000800001C0 (0x687F5F93) brev8 x31, x30                           inst_0+32
x31 <- 0x8040201080402010

mem[X,0x00000000800001C4] -> 0xB023
mem[X,0x00000000800001C6] -> 0x01F0
[113] [M]: 0x00000000800001C4 (0x01F0B023) sd x31, 0x0(x1)                          inst_0+36
mem[W,0x0000000080004118] <- 0x8040201080402010

clint mtime 0x0000000000000039 (mip.MTI <- 0b1, mip.STI <- 0b0)
mem[X,0x00000000800001C8] -> 0x0E93
mem[X,0x00000000800001CA] -> 0x0000
[114] [M]: 0x00000000800001C8 (0x00000E93) addi x29, x0, 0x0                        inst_1+0
x29 <- 0x0000000000000000

mem[X,0x00000000800001CC] -> 0xDE93
mem[X,0x00000000800001CE] -> 0x687E
[115] [M]: 0x00000000800001CC (0x687EDE93) brev8 x29, x29                           inst_1+4
x29 <- 0x0000000000000000

clint mtime 0x000000000000003A (mip.MTI <- 0b1, mip.STI <- 0b0)
mem[X,0x00000000800001D0] -> 0xB423
mem[X,0x00000000800001D2] -> 0x01D0
[116] [M]: 0x00000000800001D0 (0x01D0B423) sd x29, 0x8(x1)                          inst_1+8
mem[W,0x0000000080004120] <- 0x0000000000000000

mem[X,0x00000000800001D4] -> 0x0F93
mem[X,0x00000000800001D6] -> 0x0010
[117] [M]: 0x00000000800001D4 (0x00100F93) addi x31, x0, 0x1                        inst_2+0
x31 <- 0x0000000000000001

clint mtime 0x000000000000003B (mip.MTI <- 0b1, mip.STI <- 0b0)
mem[X,0x00000000800001D8] -> 0x9F93
mem[X,0x00000000800001DA] -> 0x01FF
[118] [M]: 0x00000000800001D8 (0x01FF9F93) slli x31, x31, 0x1f                      inst_2+4
x31 <- 0x0000000080000000

mem[X,0x00000000800001DC] -> 0xDF13
mem[X,0x00000000800001DE] -> 0x687F
[119] [M]: 0x00000000800001DC (0x687FDF13) brev8 x30, x31                           inst_2+8
x30 <- 0x0000000001000000

clint mtime 0x000000000000003C (mip.MTI <- 0b1, mip.STI <- 0b0)
mem[X,0x00000000800001E0] -> 0xB823
mem[X,0x00000000800001E2] -> 0x01E0
[120] [M]: 0x00000000800001E0 (0x01E0B823) sd x30, 0x10(x1)                         inst_2+12
mem[W,0x0000000080004128] <- 0x0000000001000000

mem[X,0x00000000800001E4] -> 0x0D93
mem[X,0x00000000800001E6] -> 0x0010
[121] [M]: 0x00000000800001E4 (0x00100D93) addi x27, x0, 0x1                        inst_3+0
x27 <- 0x0000000000000001

clint mtime 0x000000000000003D (mip.MTI <- 0b1, mip.STI <- 0b0)
mem[X,0x00000000800001E8] -> 0x9D93
mem[X,0x00000000800001EA] -> 0x01ED
[122] [M]: 0x00000000800001E8 (0x01ED9D93) slli x27, x27, 0x1e                      inst_3+4
x27 <- 0x0000000040000000

mem[X,0x00000000800001EC] -> 0xDE13
mem[X,0x00000000800001EE] -> 0x687D
[123] [M]: 0x00000000800001EC (0x687DDE13) brev8 x28, x27                           inst_3+8
x28 <- 0x0000000002000000

clint mtime 0x000000000000003E (mip.MTI <- 0b1, mip.STI <- 0b0)
mem[X,0x00000000800001F0] -> 0xBC23
mem[X,0x00000000800001F2] -> 0x01C0
[124] [M]: 0x00000000800001F0 (0x01C0BC23) sd x28, 0x18(x1)                         inst_3+12
mem[W,0x0000000080004130] <- 0x0000000002000000

mem[X,0x00000000800001F4] -> 0x0E13
mem[X,0x00000000800001F6] -> 0x0050
[125] [M]: 0x00000000800001F4 (0x00500E13) addi x28, x0, 0x5                        inst_4+0
x28 <- 0x0000000000000005

clint mtime 0x000000000000003F (mip.MTI <- 0b1, mip.STI <- 0b0)
mem[X,0x00000000800001F8] -> 0x1E13
mem[X,0x00000000800001FA] -> 0x01DE
[126] [M]: 0x00000000800001F8 (0x01DE1E13) slli x28, x28, 0x1d                      inst_4+4
x28 <- 0x00000000A0000000

mem[X,0x00000000800001FC] -> 0x5D93
mem[X,0x00000000800001FE] -> 0x687E
[127] [M]: 0x00000000800001FC (0x687E5D93) brev8 x27, x28                           inst_4+8
x27 <- 0x0000000005000000

clint mtime 0x0000000000000040 (mip.MTI <- 0b1, mip.STI <- 0b0)
mem[X,0x0000000080000200] -> 0xB023
mem[X,0x0000000080000202] -> 0x03B0
[128] [M]: 0x0000000080000200 (0x03B0B023) sd x27, 0x20(x1)                         inst_4+12
mem[W,0x0000000080004138] <- 0x0000000005000000

mem[X,0x0000000080000204] -> 0x0C93
mem[X,0x0000000080000206] -> 0x0090
[129] [M]: 0x0000000080000204 (0x00900C93) addi x25, x0, 0x9                        inst_5+0
x25 <- 0x0000000000000009

clint mtime 0x0000000000000041 (mip.MTI <- 0b1, mip.STI <- 0b0)
mem[X,0x0000000080000208] -> 0x9C93
mem[X,0x000000008000020A] -> 0x01CC
[130] [M]: 0x0000000080000208 (0x01CC9C93) slli x25, x25, 0x1c                      inst_5+4
x25 <- 0x0000000090000000

mem[X,0x000000008000020C] -> 0xDD13
mem[X,0x000000008000020E] -> 0x687C
[131] [M]: 0x000000008000020C (0x687CDD13) brev8 x26, x25                           inst_5+8
x26 <- 0x0000000009000000

clint mtime 0x0000000000000042 (mip.MTI <- 0b1, mip.STI <- 0b0)
mem[X,0x0000000080000210] -> 0xB423
mem[X,0x0000000080000212] -> 0x03A0
[132] [M]: 0x0000000080000210 (0x03A0B423) sd x26, 0x28(x1)                         inst_5+12
mem[W,0x0000000080004140] <- 0x0000000009000000

mem[X,0x0000000080000214] -> 0x0D13
mem[X,0x0000000080000216] -> 0x0190
[133] [M]: 0x0000000080000214 (0x01900D13) addi x26, x0, 0x19                       inst_6+0
x26 <- 0x0000000000000019

clint mtime 0x0000000000000043 (mip.MTI <- 0b1, mip.STI <- 0b0)
mem[X,0x0000000080000218] -> 0x1D13
mem[X,0x000000008000021A] -> 0x01BD
[134] [M]: 0x0000000080000218 (0x01BD1D13) slli x26, x26, 0x1b                      inst_6+4
x26 <- 0x00000000C8000000

mem[X,0x000000008000021C] -> 0x5C93
mem[X,0x000000008000021E] -> 0x687D
[135] [M]: 0x000000008000021C (0x687D5C93) brev8 x25, x26                           inst_6+8
x25 <- 0x0000000013000000

clint mtime 0x0000000000000044 (mip.MTI <- 0b1, mip.STI <- 0b0)
mem[X,0x0000000080000220] -> 0xB823
mem[X,0x0000000080000222] -> 0x0390
[136] [M]: 0x0000000080000220 (0x0390B823) sd x25, 0x30(x1)                         inst_6+12
mem[W,0x0000000080004148] <- 0x0000000013000000

mem[X,0x0000000080000224] -> 0x0B93
mem[X,0x0000000080000226] -> 0x00B0
[137] [M]: 0x0000000080000224 (0x00B00B93) addi x23, x0, 0xb                        inst_7+0
x23 <- 0x000000000000000B

clint mtime 0x0000000000000045 (mip.MTI <- 0b1, mip.STI <- 0b0)
mem[X,0x0000000080000228] -> 0x9B93
mem[X,0x000000008000022A] -> 0x01AB
[138] [M]: 0x0000000080000228 (0x01AB9B93) slli x23, x23, 0x1a                      inst_7+4
x23 <- 0x000000002C000000

mem[X,0x000000008000022C] -> 0xDC13
mem[X,0x000000008000022E] -> 0x687B
[139] [M]: 0x000000008000022C (0x687BDC13) brev8 x24, x23                           inst_7+8
x24 <- 0x0000000034000000

clint mtime 0x0000000000000046 (mip.MTI <- 0b1, mip.STI <- 0b0)
mem[X,0x0000000080000230] -> 0xBC23
mem[X,0x0000000080000232] -> 0x0380
[140] [M]: 0x0000000080000230 (0x0380BC23) sd x24, 0x38(x1)                         inst_7+12
mem[W,0x0000000080004150] <- 0x0000000034000000

mem[X,0x0000000080000234] -> 0x0C13
mem[X,0x0000000080000236] -> 0x0570
[141] [M]: 0x0000000080000234 (0x05700C13) addi x24, x0, 0x57                       inst_8+0
x24 <- 0x0000000000000057

clint mtime 0x0000000000000047 (mip.MTI <- 0b1, mip.STI <- 0b0)
mem[X,0x0000000080000238] -> 0x1C13
mem[X,0x000000008000023A] -> 0x019C
[142] [M]: 0x0000000080000238 (0x019C1C13) slli x24, x24, 0x19                      inst_8+4
x24 <- 0x00000000AE000000

mem[X,0x000000008000023C] -> 0x5B93
mem[X,0x000000008000023E] -> 0x687C
[143] [M]: 0x000000008000023C (0x687C5B93) brev8 x23, x24                           inst_8+8
x23 <- 0x0000000075000000

clint mtime 0x0000000000000048 (mip.MTI <- 0b1, mip.STI <- 0b0)
mem[X,0x0000000080000240] -> 0xB023
mem[X,0x0000000080000242] -> 0x0570
[144] [M]: 0x0000000080000240 (0x0570B023) sd x23, 0x40(x1)                         inst_8+12
mem[W,0x0000000080004158] <- 0x0000000075000000

mem[X,0x0000000080000244] -> 0x0A93
mem[X,0x0000000080000246] -> 0x0430
[145] [M]: 0x0000000080000244 (0x04300A93) addi x21, x0, 0x43                       inst_9+0
x21 <- 0x0000000000000043

clint mtime 0x0000000000000049 (mip.MTI <- 0b1, mip.STI <- 0b0)
mem[X,0x0000000080000248] -> 0x9A93
mem[X,0x000000008000024A] -> 0x018A
[146] [M]: 0x0000000080000248 (0x018A9A93) slli x21, x21, 0x18                      inst_9+4
x21 <- 0x0000000043000000

mem[X,0x000000008000024C] -> 0xDB13
mem[X,0x000000008000024E] -> 0x687A
[147] [M]: 0x000000008000024C (0x687ADB13) brev8 x22, x21                           inst_9+8
x22 <- 0x00000000C2000000

clint mtime 0x000000000000004A (mip.MTI <- 0b1, mip.STI <- 0b0)
mem[X,0x0000000080000250] -> 0xB423
mem[X,0x0000000080000252] -> 0x0560
[148] [M]: 0x0000000080000250 (0x0560B423) sd x22, 0x48(x1)                         inst_9+12
mem[W,0x0000000080004160] <- 0x00000000C2000000

mem[X,0x0000000080000254] -> 0x0B13
mem[X,0x0000000080000256] -> 0x1E30
[149] [M]: 0x0000000080000254 (0x1E300B13) addi x22, x0, 0x1e3                      inst_10+0
x22 <- 0x00000000000001E3

clint mtime 0x000000000000004B (mip.MTI <- 0b1, mip.STI <- 0b0)
mem[X,0x0000000080000258] -> 0x1B13
mem[X,0x000000008000025A] -> 0x017B
[150] [M]: 0x0000000080000258 (0x017B1B13) slli x22, x22, 0x17                      inst_10+4
x22 <- 0x00000000F1800000

mem[X,0x000000008000025C] -> 0x5A93
mem[X,0x000000008000025E] -> 0x687B
[151] [M]: 0x000000008000025C (0x687B5A93) brev8 x21, x22                           inst_10+8
x21 <- 0x000000008F010000

clint mtime 0x000000000000004C (mip.MTI <- 0b1, mip.STI <- 0b0)
mem[X,0x0000000080000260] -> 0xB823
mem[X,0x0000000080000262] -> 0x0550
[152] [M]: 0x0000000080000260 (0x0550B823) sd x21, 0x50(x1)                         inst_10+12
mem[W,0x0000000080004168] <- 0x000000008F010000

mem[X,0x0000000080000264] -> 0x0993
mem[X,0x0000000080000266] -> 0x2BB0
[153] [M]: 0x0000000080000264 (0x2BB00993) addi x19, x0, 0x2bb                      inst_11+0
x19 <- 0x00000000000002BB

clint mtime 0x000000000000004D (mip.MTI <- 0b1, mip.STI <- 0b0)
mem[X,0x0000000080000268] -> 0x9993
mem[X,0x000000008000026A] -> 0x0169
[154] [M]: 0x0000000080000268 (0x01699993) slli x19, x19, 0x16                      inst_11+4
x19 <- 0x00000000AEC00000

mem[X,0x000000008000026C] -> 0xDA13
mem[X,0x000000008000026E] -> 0x6879
[155] [M]: 0x000000008000026C (0x6879DA13) brev8 x20, x19                           inst_11+8
x20 <- 0x0000000075030000

clint mtime 0x000000000000004E (mip.MTI <- 0b1, mip.STI <- 0b0)
mem[X,0x0000000080000270] -> 0xBC23
mem[X,0x0000000080000272] -> 0x0540
[156] [M]: 0x0000000080000270 (0x0540BC23) sd x20, 0x58(x1)                         inst_11+12
mem[W,0x0000000080004170] <- 0x0000000075030000

mem[X,0x0000000080000274] -> 0x0A13
mem[X,0x0000000080000276] -> 0x4C90
[157] [M]: 0x0000000080000274 (0x4C900A13) addi x20, x0, 0x4c9                      inst_12+0
x20 <- 0x00000000000004C9

clint mtime 0x000000000000004F (mip.MTI <- 0b1, mip.STI <- 0b0)
mem[X,0x0000000080000278] -> 0x1A13
mem[X,0x000000008000027A] -> 0x015A
[158] [M]: 0x0000000080000278 (0x015A1A13) slli x20, x20, 0x15                      inst_12+4
x20 <- 0x0000000099200000

mem[X,0x000000008000027C] -> 0x5993
mem[X,0x000000008000027E] -> 0x687A
[159] [M]: 0x000000008000027C (0x687A5993) brev8 x19, x20                           inst_12+8
x19 <- 0x0000000099040000

clint mtime 0x0000000000000050 (mip.MTI <- 0b1, mip.STI <- 0b0)
mem[X,0x0000000080000280] -> 0xB023
mem[X,0x0000000080000282] -> 0x0730
[160] [M]: 0x0000000080000280 (0x0730B023) sd x19, 0x60(x1)                         inst_12+12
mem[W,0x0000000080004178] <- 0x0000000099040000

mem[X,0x0000000080000284] -> 0x08B7
mem[X,0x0000000080000286] -> 0x0000
[161] [M]: 0x0000000080000284 (0x000008B7) lui x17, 0x0                             inst_13+0
x17 <- 0x0000000000000000

clint mtime 0x0000000000000051 (mip.MTI <- 0b1, mip.STI <- 0b0)
mem[X,0x0000000080000288] -> 0x8893
mem[X,0x000000008000028A] -> 0x0008
[162] [M]: 0x0000000080000288 (0x00088893) addi x17, x17, 0x0                       inst_13+4
x17 <- 0x0000000000000000

mem[X,0x000000008000028C] -> 0x9893
mem[X,0x000000008000028E] -> 0x00B8
[163] [M]: 0x000000008000028C (0x00B89893) slli x17, x17, 0xb                       inst_13+8
x17 <- 0x0000000000000000

clint mtime 0x0000000000000052 (mip.MTI <- 0b1, mip.STI <- 0b0)
mem[X,0x0000000080000290] -> 0x8893
mem[X,0x0000000080000292] -> 0x5838
[164] [M]: 0x0000000080000290 (0x58388893) addi x17, x17, 0x583                     inst_13+12
x17 <- 0x0000000000000583

mem[X,0x0000000080000294] -> 0x9893
mem[X,0x0000000080000296] -> 0x00B8
[165] [M]: 0x0000000080000294 (0x00B89893) slli x17, x17, 0xb                       inst_13+16
x17 <- 0x00000000002C1800

clint mtime 0x0000000000000053 (mip.MTI <- 0b1, mip.STI <- 0b0)
mem[X,0x0000000080000298] -> 0x8893
mem[X,0x000000008000029A] -> 0x4008
[166] [M]: 0x0000000080000298 (0x40088893) addi x17, x17, 0x400                     inst_13+20
x17 <- 0x00000000002C1C00

mem[X,0x000000008000029C] -> 0x9893
mem[X,0x000000008000029E] -> 0x00A8
[167] [M]: 0x000000008000029C (0x00A89893) slli x17, x17, 0xa                       inst_13+24
x17 <- 0x00000000B0700000

clint mtime 0x0000000000000054 (mip.MTI <- 0b1, mip.STI <- 0b0)
mem[X,0x00000000800002A0] -> 0xD913
mem[X,0x00000000800002A2] -> 0x6878
[168] [M]: 0x00000000800002A0 (0x6878D913) brev8 x18, x17                           inst_13+28
x18 <- 0x000000000D0E0000

mem[X,0x00000000800002A4] -> 0xB423
mem[X,0x00000000800002A6] -> 0x0720
[169] [M]: 0x00000000800002A4 (0x0720B423) sd x18, 0x68(x1)                         inst_13+32
mem[W,0x0000000080004180] <- 0x000000000D0E0000

clint mtime 0x0000000000000055 (mip.MTI <- 0b1, mip.STI <- 0b0)
mem[X,0x00000000800002A8] -> 0x0913
mem[X,0x00000000800002AA] -> 0x6B10
[170] [M]: 0x00000000800002A8 (0x6B100913) addi x18, x0, 0x6b1                      inst_14+0
x18 <- 0x00000000000006B1

mem[X,0x00000000800002AC] -> 0x1913
mem[X,0x00000000800002AE] -> 0x0139
[171] [M]: 0x00000000800002AC (0x01391913) slli x18, x18, 0x13                      inst_14+4
x18 <- 0x0000000035880000

clint mtime 0x0000000000000056 (mip.MTI <- 0b1, mip.STI <- 0b0)
mem[X,0x00000000800002B0] -> 0x5893
mem[X,0x00000000800002B2] -> 0x6879
[172] [M]: 0x00000000800002B0 (0x68795893) brev8 x17, x18                           inst_14+8
x17 <- 0x00000000AC110000

mem[X,0x00000000800002B4] -> 0xB823
mem[X,0x00000000800002B6] -> 0x0710
[173] [M]: 0x00000000800002B4 (0x0710B823) sd x17, 0x70(x1)                         inst_14+12
mem[W,0x0000000080004188] <- 0x00000000AC110000

clint mtime 0x0000000000000057 (mip.MTI <- 0b1, mip.STI <- 0b0)
mem[X,0x00000000800002B8] -> 0x17B7
mem[X,0x00000000800002BA] -> 0x0000
[174] [M]: 0x00000000800002B8 (0x000017B7) lui x15, 0x1                             inst_15+0
x15 <- 0x0000000000001000

mem[X,0x00000000800002BC] -> 0x8793
mem[X,0x00000000800002BE] -> 0x6B37
[175] [M]: 0x00000000800002BC (0x6B378793) addi x15, x15, 0x6b3                     inst_15+4
x15 <- 0x00000000000016B3

clint mtime 0x0000000000000058 (mip.MTI <- 0b1, mip.STI <- 0b0)
mem[X,0x00000000800002C0] -> 0x9793
mem[X,0x00000000800002C2] -> 0x0127
[176] [M]: 0x00000000800002C0 (0x01279793) slli x15, x15, 0x12                      inst_15+8
x15 <- 0x000000005ACC0000

mem[X,0x00000000800002C4] -> 0xD813
mem[X,0x00000000800002C6] -> 0x6877
[177] [M]: 0x00000000800002C4 (0x6877D813) brev8 x16, x15                           inst_15+12
x16 <- 0x000000005A330000

clint mtime 0x0000000000000059 (mip.MTI <- 0b1, mip.STI <- 0b0)
mem[X,0x00000000800002C8] -> 0xBC23
mem[X,0x00000000800002CA] -> 0x0700
[178] [M]: 0x00000000800002C8 (0x0700BC23) sd x16, 0x78(x1)                         inst_15+16
mem[W,0x0000000080004190] <- 0x000000005A330000

mem[X,0x00000000800002CC] -> 0x0837
mem[X,0x00000000800002CE] -> 0x0000
[179] [M]: 0x00000000800002CC (0x00000837) lui x16, 0x0                             inst_16+0
x16 <- 0x0000000000000000

clint mtime 0x000000000000005A (mip.MTI <- 0b1, mip.STI <- 0b0)
mem[X,0x00000000800002D0] -> 0x0813
mem[X,0x00000000800002D2] -> 0x0008
[180] [M]: 0x00000000800002D0 (0x00080813) addi x16, x16, 0x0                       inst_16+4
x16 <- 0x0000000000000000

mem[X,0x00000000800002D4] -> 0x1813
mem[X,0x00000000800002D6] -> 0x00B8
[181] [M]: 0x00000000800002D4 (0x00B81813) slli x16, x16, 0xb                       inst_16+8
x16 <- 0x0000000000000000

clint mtime 0x000000000000005B (mip.MTI <- 0b1, mip.STI <- 0b0)
mem[X,0x00000000800002D8] -> 0x0813
mem[X,0x00000000800002DA] -> 0x2F18
[182] [M]: 0x00000000800002D8 (0x2F180813) addi x16, x16, 0x2f1                     inst_16+12
x16 <- 0x00000000000002F1

mem[X,0x00000000800002DC] -> 0x1813
mem[X,0x00000000800002DE] -> 0x00B8
[183] [M]: 0x00000000800002DC (0x00B81813) slli x16, x16, 0xb                       inst_16+16
x16 <- 0x0000000000178800

clint mtime 0x000000000000005C (mip.MTI <- 0b1, mip.STI <- 0b0)
mem[X,0x00000000800002E0] -> 0x0813
mem[X,0x00000000800002E2] -> 0x6808
[184] [M]: 0x00000000800002E0 (0x68080813) addi x16, x16, 0x680                     inst_16+20
x16 <- 0x0000000000178E80

mem[X,0x00000000800002E4] -> 0x1813
mem[X,0x00000000800002E6] -> 0x00A8
[185] [M]: 0x00000000800002E4 (0x00A81813) slli x16, x16, 0xa                       inst_16+24
x16 <- 0x000000005E3A0000

clint mtime 0x000000000000005D (mip.MTI <- 0b1, mip.STI <- 0b0)
mem[X,0x00000000800002E8] -> 0x5793
mem[X,0x00000000800002EA] -> 0x6878
[186] [M]: 0x00000000800002E8 (0x68785793) brev8 x15, x16                           inst_16+28
x15 <- 0x000000007A5C0000

mem[X,0x00000000800002EC] -> 0xB023
mem[X,0x00000000800002EE] -> 0x08F0
[187] [M]: 0x00000000800002EC (0x08F0B023) sd x15, 0x80(x1)                         inst_16+32
mem[W,0x0000000080004198] <- 0x000000007A5C0000

clint mtime 0x000000000000005E (mip.MTI <- 0b1, mip.STI <- 0b0)
mem[X,0x00000000800002F0] -> 0x06B7
mem[X,0x00000000800002F2] -> 0x0000
[188] [M]: 0x00000000800002F0 (0x000006B7) lui x13, 0x0                             inst_17+0
x13 <- 0x0000000000000000

mem[X,0x00000000800002F4] -> 0x8693
mem[X,0x00000000800002F6] -> 0x0006
[189] [M]: 0x00000000800002F4 (0x00068693) addi x13, x13, 0x0                       inst_17+4
x13 <- 0x0000000000000000

clint mtime 0x000000000000005F (mip.MTI <- 0b1, mip.STI <- 0b0)
mem[X,0x00000000800002F8] -> 0x9693
mem[X,0x00000000800002FA] -> 0x00B6
[190] [M]: 0x00000000800002F8 (0x00B69693) slli x13, x13, 0xb                       inst_17+8
x13 <- 0x0000000000000000

mem[X,0x00000000800002FC] -> 0x8693
mem[X,0x00000000800002FE] -> 0x5706
[191] [M]: 0x00000000800002FC (0x57068693) addi x13, x13, 0x570                     inst_17+12
x13 <- 0x0000000000000570

clint mtime 0x0000000000000060 (mip.MTI <- 0b1, mip.STI <- 0b0)
mem[X,0x0000000080000300] -> 0x9693
mem[X,0x0000000080000302] -> 0x00B6
[192] [M]: 0x0000000080000300 (0x00B69693) slli x13, x13, 0xb                       inst_17+16
x13 <- 0x00000000002B8000

mem[X,0x0000000080000304] -> 0x8693
mem[X,0x0000000080000306] -> 0x7406
[193] [M]: 0x0000000080000304 (0x74068693) addi x13, x13, 0x740                     inst_17+20
x13 <- 0x00000000002B8740

clint mtime 0x0000000000000061 (mip.MTI <- 0b1, mip.STI <- 0b0)
mem[X,0x0000000080000308] -> 0x9693
mem[X,0x000000008000030A] -> 0x00A6
[194] [M]: 0x0000000080000308 (0x00A69693) slli x13, x13, 0xa                       inst_17+24
x13 <- 0x00000000AE1D0000

mem[X,0x000000008000030C] -> 0xD713
mem[X,0x000000008000030E] -> 0x6876
[195] [M]: 0x000000008000030C (0x6876D713) brev8 x14, x13                           inst_17+28
x14 <- 0x0000000075B80000

clint mtime 0x0000000000000062 (mip.MTI <- 0b1, mip.STI <- 0b0)
mem[X,0x0000000080000310] -> 0xB423
mem[X,0x0000000080000312] -> 0x08E0
[196] [M]: 0x0000000080000310 (0x08E0B423) sd x14, 0x88(x1)                         inst_17+32
mem[W,0x00000000800041A0] <- 0x0000000075B80000

mem[X,0x0000000080000314] -> 0x0737
mem[X,0x0000000080000316] -> 0x0000
[197] [M]: 0x0000000080000314 (0x00000737) lui x14, 0x0                             inst_18+0
x14 <- 0x0000000000000000

clint mtime 0x0000000000000063 (mip.MTI <- 0b1, mip.STI <- 0b0)
mem[X,0x0000000080000318] -> 0x0713
mem[X,0x000000008000031A] -> 0x0007
[198] [M]: 0x0000000080000318 (0x00070713) addi x14, x14, 0x0                       inst_18+4
x14 <- 0x0000000000000000

mem[X,0x000000008000031C] -> 0x1713
mem[X,0x000000008000031E] -> 0x00B7
[199] [M]: 0x000000008000031C (0x00B71713) slli x14, x14, 0xb                       inst_18+8
x14 <- 0x0000000000000000

clint mtime 0x0000000000000064 (mip.MTI <- 0b1, mip.STI <- 0b0)
mem[X,0x0000000080000320] -> 0x0713
mem[X,0x0000000080000322] -> 0x3757
[200] [M]: 0x0000000080000320 (0x37570713) addi x14, x14, 0x375                     inst_18+12
x14 <- 0x0000000000000375

mem[X,0x0000000080000324] -> 0x1713
mem[X,0x0000000080000326] -> 0x00B7
[201] [M]: 0x0000000080000324 (0x00B71713) slli x14, x14, 0xb                       inst_18+16
x14 <- 0x00000000001BA800

clint mtime 0x0000000000000065 (mip.MTI <- 0b1, mip.STI <- 0b0)
mem[X,0x0000000080000328] -> 0x0713
mem[X,0x000000008000032A] -> 0x4E07
[202] [M]: 0x0000000080000328 (0x4E070713) addi x14, x14, 0x4e0                     inst_18+20
x14 <- 0x00000000001BACE0

mem[X,0x000000008000032C] -> 0x1713
mem[X,0x000000008000032E] -> 0x00A7
[203] [M]: 0x000000008000032C (0x00A71713) slli x14, x14, 0xa                       inst_18+24
x14 <- 0x000000006EB38000

clint mtime 0x0000000000000066 (mip.MTI <- 0b1, mip.STI <- 0b0)
mem[X,0x0000000080000330] -> 0x5693
mem[X,0x0000000080000332] -> 0x6877
[204] [M]: 0x0000000080000330 (0x68775693) brev8 x13, x14                           inst_18+28
x13 <- 0x0000000076CD0100

mem[X,0x0000000080000334] -> 0xB823
mem[X,0x0000000080000336] -> 0x08D0
[205] [M]: 0x0000000080000334 (0x08D0B823) sd x13, 0x90(x1)                         inst_18+32
mem[W,0x00000000800041A8] <- 0x0000000076CD0100

clint mtime 0x0000000000000067 (mip.MTI <- 0b1, mip.STI <- 0b0)
mem[X,0x0000000080000338] -> 0x05B7
mem[X,0x000000008000033A] -> 0x0000
[206] [M]: 0x0000000080000338 (0x000005B7) lui x11, 0x0                             inst_19+0
x11 <- 0x0000000000000000

mem[X,0x000000008000033C] -> 0x8593
mem[X,0x000000008000033E] -> 0x0005
[207] [M]: 0x000000008000033C (0x00058593) addi x11, x11, 0x0                       inst_19+4
x11 <- 0x0000000000000000

clint mtime 0x0000000000000068 (mip.MTI <- 0b1, mip.STI <- 0b0)
mem[X,0x0000000080000340] -> 0x9593
mem[X,0x0000000080000342] -> 0x00B5
[208] [M]: 0x0000000080000340 (0x00B59593) slli x11, x11, 0xb                       inst_19+8
x11 <- 0x0000000000000000

mem[X,0x0000000080000344] -> 0x8593
mem[X,0x0000000080000346] -> 0x5F05
[209] [M]: 0x0000000080000344 (0x5F058593) addi x11, x11, 0x5f0                     inst_19+12
x11 <- 0x00000000000005F0

clint mtime 0x0000000000000069 (mip.MTI <- 0b1, mip.STI <- 0b0)
mem[X,0x0000000080000348] -> 0x9593
mem[X,0x000000008000034A] -> 0x00B5
[210] [M]: 0x0000000080000348 (0x00B59593) slli x11, x11, 0xb                       inst_19+16
x11 <- 0x00000000002F8000

mem[X,0x000000008000034C] -> 0x8593
mem[X,0x000000008000034E] -> 0x5905
[211] [M]: 0x000000008000034C (0x59058593) addi x11, x11, 0x590                     inst_19+20
x11 <- 0x00000000002F8590

clint mtime 0x000000000000006A (mip.MTI <- 0b1, mip.STI <- 0b0)
mem[X,0x0000000080000350] -> 0x9593
mem[X,0x0000000080000352] -> 0x00A5
[212] [M]: 0x0000000080000350 (0x00A59593) slli x11, x11, 0xa                       inst_19+24
x11 <- 0x00000000BE164000

mem[X,0x0000000080000354] -> 0xD613
mem[X,0x0000000080000356] -> 0x6875
[213] [M]: 0x0000000080000354 (0x6875D613) brev8 x12, x11                           inst_19+28
x12 <- 0x000000007D680200

clint mtime 0x000000000000006B (mip.MTI <- 0b1, mip.STI <- 0b0)
mem[X,0x0000000080000358] -> 0xBC23
mem[X,0x000000008000035A] -> 0x08C0
[214] [M]: 0x0000000080000358 (0x08C0BC23) sd x12, 0x98(x1)                         inst_19+32
mem[W,0x00000000800041B0] <- 0x000000007D680200

mem[X,0x000000008000035C] -> 0x0637
mem[X,0x000000008000035E] -> 0x0000
[215] [M]: 0x000000008000035C (0x00000637) lui x12, 0x0                             inst_20+0
x12 <- 0x0000000000000000

clint mtime 0x000000000000006C (mip.MTI <- 0b1, mip.STI <- 0b0)
mem[X,0x0000000080000360] -> 0x0613
mem[X,0x0000000080000362] -> 0x0006
[216] [M]: 0x0000000080000360 (0x00060613) addi x12, x12, 0x0                       inst_20+4
x12 <- 0x0000000000000000

mem[X,0x0000000080000364] -> 0x1613
mem[X,0x0000000080000366] -> 0x00B6
[217] [M]: 0x0000000080000364 (0x00B61613) slli x12, x12, 0xb                       inst_20+8
x12 <- 0x0000000000000000

clint mtime 0x000000000000006D (mip.MTI <- 0b1, mip.STI <- 0b0)
mem[X,0x0000000080000368] -> 0x0613
mem[X,0x000000008000036A] -> 0x66F6
[218] [M]: 0x0000000080000368 (0x66F60613) addi x12, x12, 0x66f                     inst_20+12
x12 <- 0x000000000000066F

mem[X,0x000000008000036C] -> 0x1613
mem[X,0x000000008000036E] -> 0x00B6
[219] [M]: 0x000000008000036C (0x00B61613) slli x12, x12, 0xb                       inst_20+16
x12 <- 0x0000000000337800

clint mtime 0x000000000000006E (mip.MTI <- 0b1, mip.STI <- 0b0)
mem[X,0x0000000080000370] -> 0x0613
mem[X,0x0000000080000372] -> 0x4686
[220] [M]: 0x0000000080000370 (0x46860613) addi x12, x12, 0x468                     inst_20+20
x12 <- 0x0000000000337C68

mem[X,0x0000000080000374] -> 0x1613
mem[X,0x0000000080000376] -> 0x00A6
[221] [M]: 0x0000000080000374 (0x00A61613) slli x12, x12, 0xa                       inst_20+24
x12 <- 0x00000000CDF1A000

clint mtime 0x000000000000006F (mip.MTI <- 0b1, mip.STI <- 0b0)
mem[X,0x0000000080000378] -> 0x5593
mem[X,0x000000008000037A] -> 0x6876
[222] [M]: 0x0000000080000378 (0x68765593) brev8 x11, x12                           inst_20+28
x11 <- 0x00000000B38F0500

mem[X,0x000000008000037C] -> 0xB023
mem[X,0x000000008000037E] -> 0x0AB0
[223] [M]: 0x000000008000037C (0x0AB0B023) sd x11, 0xa0(x1)                         inst_20+32
mem[W,0x00000000800041B8] <- 0x00000000B38F0500

clint mtime 0x0000000000000070 (mip.MTI <- 0b1, mip.STI <- 0b0)
mem[X,0x0000000080000380] -> 0x04B7
mem[X,0x0000000080000382] -> 0x0008
[224] [M]: 0x0000000080000380 (0x000804B7) lui x9, 0x80                             inst_21+0
x9 <- 0x0000000000080000

mem[X,0x0000000080000384] -> 0x8493
mem[X,0x0000000080000386] -> 0x4DD4
[225] [M]: 0x0000000080000384 (0x4DD48493) addi x9, x9, 0x4dd                       inst_21+4
x9 <- 0x00000000000804DD

clint mtime 0x0000000000000071 (mip.MTI <- 0b1, mip.STI <- 0b0)
mem[X,0x0000000080000388] -> 0x9493
mem[X,0x000000008000038A] -> 0x00C4
[226] [M]: 0x0000000080000388 (0x00C49493) slli x9, x9, 0xc                         inst_21+8
x9 <- 0x00000000804DD000

mem[X,0x000000008000038C] -> 0xD513
mem[X,0x000000008000038E] -> 0x6874
[227] [M]: 0x000000008000038C (0x6874D513) brev8 x10, x9                            inst_21+12
x10 <- 0x0000000001B20B00

clint mtime 0x0000000000000072 (mip.MTI <- 0b1, mip.STI <- 0b0)
mem[X,0x0000000080000390] -> 0xB423
mem[X,0x0000000080000392] -> 0x0AA0
[228] [M]: 0x0000000080000390 (0x0AA0B423) sd x10, 0xa8(x1)                         inst_21+16
mem[W,0x00000000800041C0] <- 0x0000000001B20B00

mem[X,0x0000000080000394] -> 0x0537
mem[X,0x0000000080000396] -> 0x0000
[229] [M]: 0x0000000080000394 (0x00000537) lui x10, 0x0                             inst_22+0
x10 <- 0x0000000000000000

clint mtime 0x0000000000000073 (mip.MTI <- 0b1, mip.STI <- 0b0)
mem[X,0x0000000080000398] -> 0x0513
mem[X,0x000000008000039A] -> 0x0005
[230] [M]: 0x0000000080000398 (0x00050513) addi x10, x10, 0x0                       inst_22+4
x10 <- 0x0000000000000000

mem[X,0x000000008000039C] -> 0x1513
mem[X,0x000000008000039E] -> 0x00B5
[231] [M]: 0x000000008000039C (0x00B51513) slli x10, x10, 0xb                       inst_22+8
x10 <- 0x0000000000000000

clint mtime 0x0000000000000074 (mip.MTI <- 0b1, mip.STI <- 0b0)
mem[X,0x00000000800003A0] -> 0x0513
mem[X,0x00000000800003A2] -> 0x1EA5
[232] [M]: 0x00000000800003A0 (0x1EA50513) addi x10, x10, 0x1ea                     inst_22+12
x10 <- 0x00000000000001EA

mem[X,0x00000000800003A4] -> 0x1513
mem[X,0x00000000800003A6] -> 0x00B5
[233] [M]: 0x00000000800003A4 (0x00B51513) slli x10, x10, 0xb                       inst_22+16
x10 <- 0x00000000000F5000

clint mtime 0x0000000000000075 (mip.MTI <- 0b1, mip.STI <- 0b0)
mem[X,0x00000000800003A8] -> 0x0513
mem[X,0x00000000800003AA] -> 0x3C65
[234] [M]: 0x00000000800003A8 (0x3C650513) addi x10, x10, 0x3c6                     inst_22+20
x10 <- 0x00000000000F53C6

mem[X,0x00000000800003AC] -> 0x1513
mem[X,0x00000000800003AE] -> 0x00A5
[235] [M]: 0x00000000800003AC (0x00A51513) slli x10, x10, 0xa                       inst_22+24
x10 <- 0x000000003D4F1800

clint mtime 0x0000000000000076 (mip.MTI <- 0b1, mip.STI <- 0b0)
mem[X,0x00000000800003B0] -> 0x5493
mem[X,0x00000000800003B2] -> 0x6875
[236] [M]: 0x00000000800003B0 (0x68755493) brev8 x9, x10                            inst_22+28
x9 <- 0x00000000BCF21800

mem[X,0x00000000800003B4] -> 0xB823
mem[X,0x00000000800003B6] -> 0x0A90
[237] [M]: 0x00000000800003B4 (0x0A90B823) sd x9, 0xb0(x1)                          inst_22+32
mem[W,0x00000000800041C8] <- 0x00000000BCF21800

clint mtime 0x0000000000000077 (mip.MTI <- 0b1, mip.STI <- 0b0)
mem[X,0x00000000800003B8] -> 0x03B7
mem[X,0x00000000800003BA] -> 0x0000
[238] [M]: 0x00000000800003B8 (0x000003B7) lui x7, 0x0                              inst_23+0
x7 <- 0x0000000000000000

mem[X,0x00000000800003BC] -> 0x8393
mem[X,0x00000000800003BE] -> 0x0003
[239] [M]: 0x00000000800003BC (0x00038393) addi x7, x7, 0x0                         inst_23+4
x7 <- 0x0000000000000000

clint mtime 0x0000000000000078 (mip.MTI <- 0b1, mip.STI <- 0b0)
mem[X,0x00000000800003C0] -> 0x9393
mem[X,0x00000000800003C2] -> 0x00B3
[240] [M]: 0x00000000800003C0 (0x00B39393) slli x7, x7, 0xb                         inst_23+8
x7 <- 0x0000000000000000

mem[X,0x00000000800003C4] -> 0x8393
mem[X,0x00000000800003C6] -> 0x5FD3
[241] [M]: 0x00000000800003C4 (0x5FD38393) addi x7, x7, 0x5fd                       inst_23+12
x7 <- 0x00000000000005FD

clint mtime 0x0000000000000079 (mip.MTI <- 0b1, mip.STI <- 0b0)
mem[X,0x00000000800003C8] -> 0x9393
mem[X,0x00000000800003CA] -> 0x00B3
[242] [M]: 0x00000000800003C8 (0x00B39393) slli x7, x7, 0xb                         inst_23+16
x7 <- 0x00000000002FE800

mem[X,0x00000000800003CC] -> 0x8393
mem[X,0x00000000800003CE] -> 0x1133
[243] [M]: 0x00000000800003CC (0x11338393) addi x7, x7, 0x113                       inst_23+20
x7 <- 0x00000000002FE913

clint mtime 0x000000000000007A (mip.MTI <- 0b1, mip.STI <- 0b0)
mem[X,0x00000000800003D0] -> 0x9393
mem[X,0x00000000800003D2] -> 0x00A3
[244] [M]: 0x00000000800003D0 (0x00A39393) slli x7, x7, 0xa                         inst_23+24
x7 <- 0x00000000BFA44C00

mem[X,0x00000000800003D4] -> 0xD413
mem[X,0x00000000800003D6] -> 0x6873
[245] [M]: 0x00000000800003D4 (0x6873D413) brev8 x8, x7                             inst_23+28
x8 <- 0x00000000FD253200

clint mtime 0x000000000000007B (mip.MTI <- 0b1, mip.STI <- 0b0)
mem[X,0x00000000800003D8] -> 0xBC23
mem[X,0x00000000800003DA] -> 0x0A80
[246] [M]: 0x00000000800003D8 (0x0A80BC23) sd x8, 0xb8(x1)                          inst_23+32
mem[W,0x00000000800041D0] <- 0x00000000FD253200

mem[X,0x00000000800003DC] -> 0xA437
mem[X,0x00000000800003DE] -> 0x0022
[247] [M]: 0x00000000800003DC (0x0022A437) lui x8, 0x22a                            inst_24+0
x8 <- 0x000000000022A000

clint mtime 0x000000000000007C (mip.MTI <- 0b1, mip.STI <- 0b0)
mem[X,0x00000000800003E0] -> 0x0413
mem[X,0x00000000800003E2] -> 0x27D4
[248] [M]: 0x00000000800003E0 (0x27D40413) addi x8, x8, 0x27d                       inst_24+4
x8 <- 0x000000000022A27D

mem[X,0x00000000800003E4] -> 0x1413
mem[X,0x00000000800003E6] -> 0x0094
[249] [M]: 0x00000000800003E4 (0x00941413) slli x8, x8, 0x9                         inst_24+8
x8 <- 0x000000004544FA00

clint mtime 0x000000000000007D (mip.MTI <- 0b1, mip.STI <- 0b0)
mem[X,0x00000000800003E8] -> 0x5393
mem[X,0x00000000800003EA] -> 0x6874
[250] [M]: 0x00000000800003E8 (0x68745393) brev8 x7, x8                             inst_24+12
x7 <- 0x00000000A2225F00

mem[X,0x00000000800003EC] -> 0xB023
mem[X,0x00000000800003EE] -> 0x0C70
[251] [M]: 0x00000000800003EC (0x0C70B023) sd x7, 0xc0(x1)                          inst_24+16
mem[W,0x00000000800041D8] <- 0x00000000A2225F00

clint mtime 0x000000000000007E (mip.MTI <- 0b1, mip.STI <- 0b0)
mem[X,0x00000000800003F0] -> 0x02B7
mem[X,0x00000000800003F2] -> 0x0000
[252] [M]: 0x00000000800003F0 (0x000002B7) lui x5, 0x0                              inst_25+0
x5 <- 0x0000000000000000

mem[X,0x00000000800003F4] -> 0x8293
mem[X,0x00000000800003F6] -> 0x0002
[253] [M]: 0x00000000800003F4 (0x00028293) addi x5, x5, 0x0                         inst_25+4
x5 <- 0x0000000000000000

clint mtime 0x000000000000007F (mip.MTI <- 0b1, mip.STI <- 0b0)
mem[X,0x00000000800003F8] -> 0x9293
mem[X,0x00000000800003FA] -> 0x00B2
[254] [M]: 0x00000000800003F8 (0x00B29293) slli x5, x5, 0xb                         inst_25+8
x5 <- 0x0000000000000000

mem[X,0x00000000800003FC] -> 0x8293
mem[X,0x00000000800003FE] -> 0x63D2
[255] [M]: 0x00000000800003FC (0x63D28293) addi x5, x5, 0x63d                       inst_25+12
x5 <- 0x000000000000063D

clint mtime 0x0000000000000080 (mip.MTI <- 0b1, mip.STI <- 0b0)
mem[X,0x0000000080000400] -> 0x9293
mem[X,0x0000000080000402] -> 0x00B2
[256] [M]: 0x0000000080000400 (0x00B29293) slli x5, x5, 0xb                         inst_25+16
x5 <- 0x000000000031E800

mem[X,0x0000000080000404] -> 0x8293
mem[X,0x0000000080000406] -> 0x7FC2
[257] [M]: 0x0000000080000404 (0x7FC28293) addi x5, x5, 0x7fc                       inst_25+20
x5 <- 0x000000000031EFFC

clint mtime 0x0000000000000081 (mip.MTI <- 0b1, mip.STI <- 0b0)
mem[X,0x0000000080000408] -> 0x9293
mem[X,0x000000008000040A] -> 0x00A2
[258] [M]: 0x0000000080000408 (0x00A29293) slli x5, x5, 0xa                         inst_25+24
x5 <- 0x00000000C7BFF000

mem[X,0x000000008000040C] -> 0x8293
mem[X,0x000000008000040E] -> 0x3002
[259] [M]: 0x000000008000040C (0x30028293) addi x5, x5, 0x300                       inst_25+28
x5 <- 0x00000000C7BFF300

clint mtime 0x0000000000000082 (mip.MTI <- 0b1, mip.STI <- 0b0)
mem[X,0x0000000080000410] -> 0xD313
mem[X,0x0000000080000412] -> 0x6872
[260] [M]: 0x0000000080000410 (0x6872D313) brev8 x6, x5                             inst_25+32
x6 <- 0x00000000E3FDCF00

mem[X,0x0000000080000414] -> 0xB423
mem[X,0x0000000080000416] -> 0x0C60
[261] [M]: 0x0000000080000414 (0x0C60B423) sd x6, 0xc8(x1)                          inst_25+36
mem[W,0x00000000800041E0] <- 0x00000000E3FDCF00

clint mtime 0x0000000000000083 (mip.MTI <- 0b1, mip.STI <- 0b0)
mem[X,0x0000000080000418] -> 0x0337
mem[X,0x000000008000041A] -> 0x0000
[262] [M]: 0x0000000080000418 (0x00000337) lui x6, 0x0                              inst_26+0
x6 <- 0x0000000000000000

mem[X,0x000000008000041C] -> 0x0313
mem[X,0x000000008000041E] -> 0x0003
[263] [M]: 0x000000008000041C (0x00030313) addi x6, x6, 0x0                         inst_26+4
x6 <- 0x0000000000000000

clint mtime 0x0000000000000084 (mip.MTI <- 0b1, mip.STI <- 0b0)
mem[X,0x0000000080000420] -> 0x1313
mem[X,0x0000000080000422] -> 0x00B3
[264] [M]: 0x0000000080000420 (0x00B31313) slli x6, x6, 0xb                         inst_26+8
x6 <- 0x0000000000000000

mem[X,0x0000000080000424] -> 0x0313
mem[X,0x0000000080000426] -> 0x6CC3
[265] [M]: 0x0000000080000424 (0x6CC30313) addi x6, x6, 0x6cc                       inst_26+12
x6 <- 0x00000000000006CC

clint mtime 0x0000000000000085 (mip.MTI <- 0b1, mip.STI <- 0b0)
mem[X,0x0000000080000428] -> 0x1313
mem[X,0x000000008000042A] -> 0x00B3
[266] [M]: 0x0000000080000428 (0x00B31313) slli x6, x6, 0xb                         inst_26+16
x6 <- 0x0000000000366000

mem[X,0x000000008000042C] -> 0x0313
mem[X,0x000000008000042E] -> 0x7403
[267] [M]: 0x000000008000042C (0x74030313) addi x6, x6, 0x740                       inst_26+20
x6 <- 0x0000000000366740

clint mtime 0x0000000000000086 (mip.MTI <- 0b1, mip.STI <- 0b0)
mem[X,0x0000000080000430] -> 0x1313
mem[X,0x0000000080000432] -> 0x00A3
[268] [M]: 0x0000000080000430 (0x00A31313) slli x6, x6, 0xa                         inst_26+24
x6 <- 0x00000000D99D0000

mem[X,0x0000000080000434] -> 0x0313
mem[X,0x0000000080000436] -> 0x0803
[269] [M]: 0x0000000080000434 (0x08030313) addi x6, x6, 0x80                        inst_26+28
x6 <- 0x00000000D99D0080

clint mtime 0x0000000000000087 (mip.MTI <- 0b1, mip.STI <- 0b0)
mem[X,0x0000000080000438] -> 0x5293
mem[X,0x000000008000043A] -> 0x6873
[270] [M]: 0x0000000080000438 (0x68735293) brev8 x5, x6                             inst_26+32
x5 <- 0x000000009BB90001

mem[X,0x000000008000043C] -> 0xB823
mem[X,0x000000008000043E] -> 0x0C50
[271] [M]: 0x000000008000043C (0x0C50B823) sd x5, 0xd0(x1)                          inst_26+36
mem[W,0x00000000800041E8] <- 0x000000009BB90001

clint mtime 0x0000000000000088 (mip.MTI <- 0b1, mip.STI <- 0b0)
mem[X,0x0000000080000440] -> 0x71B7
mem[X,0x0000000080000442] -> 0x0081
[272] [M]: 0x0000000080000440 (0x008171B7) lui x3, 0x817                            inst_27+0
x3 <- 0x0000000000817000

mem[X,0x0000000080000444] -> 0x8193
mem[X,0x0000000080000446] -> 0x4E71
[273] [M]: 0x0000000080000444 (0x4E718193) addi x3, x3, 0x4e7                       inst_27+4
x3 <- 0x00000000008174E7

clint mtime 0x0000000000000089 (mip.MTI <- 0b1, mip.STI <- 0b0)
mem[X,0x0000000080000448] -> 0x9193
mem[X,0x000000008000044A] -> 0x0061
[274] [M]: 0x0000000080000448 (0x00619193) slli x3, x3, 0x6                         inst_27+8
x3 <- 0x00000000205D39C0

mem[X,0x000000008000044C] -> 0xD213
mem[X,0x000000008000044E] -> 0x6871
[275] [M]: 0x000000008000044C (0x6871D213) brev8 x4, x3                             inst_27+12
x4 <- 0x0000000004BA9C03

clint mtime 0x000000000000008A (mip.MTI <- 0b1, mip.STI <- 0b0)
mem[X,0x0000000080000450] -> 0xBC23
mem[X,0x0000000080000452] -> 0x0C40
[276] [M]: 0x0000000080000450 (0x0C40BC23) sd x4, 0xd8(x1)                          inst_27+16
mem[W,0x00000000800041F0] <- 0x0000000004BA9C03

mem[X,0x0000000080000454] -> 0x0013
mem[X,0x0000000080000456] -> 0x0000
[277] [M]: 0x0000000080000454 (0x00000013) addi x0, x0, 0x0                         inst_27+20

clint mtime 0x000000000000008B (mip.MTI <- 0b1, mip.STI <- 0b0)
mem[X,0x0000000080000458] -> 0x0013
mem[X,0x000000008000045A] -> 0x0000
[278] [M]: 0x0000000080000458 (0x00000013) addi x0, x0, 0x0                         inst_27+24

mem[X,0x000000008000045C] -> 0x0013
mem[X,0x000000008000045E] -> 0x0000
[279] [M]: 0x000000008000045C (0x00000013) addi x0, x0, 0x0                         inst_27+28

clint mtime 0x000000000000008C (mip.MTI <- 0b1, mip.STI <- 0b0)
mem[X,0x0000000080000460] -> 0x4297
mem[X,0x0000000080000462] -> 0x0000
[280] [M]: 0x0000000080000460 (0x00004297) auipc x5, 0x4                            inst_27+32
x5 <- 0x0000000080004460

mem[X,0x0000000080000464] -> 0x8293
mem[X,0x0000000080000466] -> 0xD982
[281] [M]: 0x0000000080000464 (0xD9828293) addi x5, x5, -0x268                      inst_27+36
x5 <- 0x00000000800041F8

clint mtime 0x000000000000008D (mip.MTI <- 0b1, mip.STI <- 0b0)
mem[X,0x0000000080000468] -> 0x0001
[282] [M]: 0x0000000080000468 (0x0001) c.nop                                        inst_27+40

mem[X,0x000000008000046A] -> 0x0013
mem[X,0x000000008000046C] -> 0x0000
[283] [M]: 0x000000008000046A (0x00000013) addi x0, x0, 0x0                         inst_27+42

clint mtime 0x000000000000008E (mip.MTI <- 0b1, mip.STI <- 0b0)
mem[X,0x000000008000046E] -> 0x0013
mem[X,0x0000000080000470] -> 0x0000
[284] [M]: 0x000000008000046E (0x00000013) addi x0, x0, 0x0                         inst_27+46

mem[X,0x0000000080000472] -> 0x0013
mem[X,0x0000000080000474] -> 0x0000
[285] [M]: 0x0000000080000472 (0x00000013) addi x0, x0, 0x0                         inst_27+50

clint mtime 0x000000000000008F (mip.MTI <- 0b1, mip.STI <- 0b0)
mem[X,0x0000000080000476] -> 0x0013
mem[X,0x0000000080000478] -> 0x0000
[286] [M]: 0x0000000080000476 (0x00000013) addi x0, x0, 0x0                         inst_27+54

mem[X,0x000000008000047A] -> 0x0013
mem[X,0x000000008000047C] -> 0x0000
[287] [M]: 0x000000008000047A (0x00000013) addi x0, x0, 0x0                         inst_27+58

clint mtime 0x0000000000000090 (mip.MTI <- 0b1, mip.STI <- 0b0)
mem[X,0x000000008000047E] -> 0x0001
[288] [M]: 0x000000008000047E (0x0001) c.nop                                        inst_27+62

mem[X,0x0000000080000480] -> 0x0237
mem[X,0x0000000080000482] -> 0x0000
[289] [M]: 0x0000000080000480 (0x00000237) lui x4, 0x0                              inst_28+0
x4 <- 0x0000000000000000

clint mtime 0x0000000000000091 (mip.MTI <- 0b1, mip.STI <- 0b0)
mem[X,0x0000000080000484] -> 0x0213
mem[X,0x0000000080000486] -> 0x0002
[290] [M]: 0x0000000080000484 (0x00020213) addi x4, x4, 0x0                         inst_28+4
x4 <- 0x0000000000000000

mem[X,0x0000000080000488] -> 0x1213
mem[X,0x000000008000048A] -> 0x00B2
[291] [M]: 0x0000000080000488 (0x00B21213) slli x4, x4, 0xb                         inst_28+8
x4 <- 0x0000000000000000

clint mtime 0x0000000000000092 (mip.MTI <- 0b1, mip.STI <- 0b0)
mem[X,0x000000008000048C] -> 0x0213
mem[X,0x000000008000048E] -> 0x18B2
[292] [M]: 0x000000008000048C (0x18B20213) addi x4, x4, 0x18b                       inst_28+12
x4 <- 0x000000000000018B

mem[X,0x0000000080000490] -> 0x1213
mem[X,0x0000000080000492] -> 0x00B2
[293] [M]: 0x0000000080000490 (0x00B21213) slli x4, x4, 0xb                         inst_28+16
x4 <- 0x00000000000C5800

clint mtime 0x0000000000000093 (mip.MTI <- 0b1, mip.STI <- 0b0)
mem[X,0x0000000080000494] -> 0x0213
mem[X,0x0000000080000496] -> 0x4462
[294] [M]: 0x0000000080000494 (0x44620213) addi x4, x4, 0x446                       inst_28+20
x4 <- 0x00000000000C5C46

mem[X,0x0000000080000498] -> 0x1213
mem[X,0x000000008000049A] -> 0x00A2
[295] [M]: 0x0000000080000498 (0x00A21213) slli x4, x4, 0xa                         inst_28+24
x4 <- 0x0000000031711800

clint mtime 0x0000000000000094 (mip.MTI <- 0b1, mip.STI <- 0b0)
mem[X,0x000000008000049C] -> 0x0213
mem[X,0x000000008000049E] -> 0x3A02
[296] [M]: 0x000000008000049C (0x3A020213) addi x4, x4, 0x3a0                       inst_28+28
x4 <- 0x0000000031711BA0

mem[X,0x00000000800004A0] -> 0x5193
mem[X,0x00000000800004A2] -> 0x6872
[297] [M]: 0x00000000800004A0 (0x68725193) brev8 x3, x4                             inst_28+32
x3 <- 0x000000008C8ED805

clint mtime 0x0000000000000095 (mip.MTI <- 0b1, mip.STI <- 0b0)
mem[X,0x00000000800004A4] -> 0xB023
mem[X,0x00000000800004A6] -> 0x0032
[298] [M]: 0x00000000800004A4 (0x0032B023) sd x3, 0x0(x5)                           inst_28+36
mem[W,0x00000000800041F8] <- 0x000000008C8ED805

mem[X,0x00000000800004A8] -> 0xE0B7
mem[X,0x00000000800004AA] -> 0x0A99
[299] [M]: 0x00000000800004A8 (0x0A99E0B7) lui x1, 0xa99e                           inst_29+0
x1 <- 0x000000000A99E000

clint mtime 0x0000000000000096 (mip.MTI <- 0b1, mip.STI <- 0b0)
mem[X,0x00000000800004AC] -> 0x8093
mem[X,0x00000000800004AE] -> 0x07B0
[300] [M]: 0x00000000800004AC (0x07B08093) addi x1, x1, 0x7b                        inst_29+4
x1 <- 0x000000000A99E07B

mem[X,0x00000000800004B0] -> 0x9093
mem[X,0x00000000800004B2] -> 0x0040
[301] [M]: 0x00000000800004B0 (0x00409093) slli x1, x1, 0x4                         inst_29+8
x1 <- 0x00000000A99E07B0

clint mtime 0x0000000000000097 (mip.MTI <- 0b1, mip.STI <- 0b0)
mem[X,0x00000000800004B4] -> 0xD113
mem[X,0x00000000800004B6] -> 0x6870
[302] [M]: 0x00000000800004B4 (0x6870D113) brev8 x2, x1                             inst_29+12
x2 <- 0x000000009579E00D

mem[X,0x00000000800004B8] -> 0xB423
mem[X,0x00000000800004BA] -> 0x0022
[303] [M]: 0x00000000800004B8 (0x0022B423) sd x2, 0x8(x5)                           inst_29+16
mem[W,0x0000000080004200] <- 0x000000009579E00D

clint mtime 0x0000000000000098 (mip.MTI <- 0b1, mip.STI <- 0b0)
mem[X,0x00000000800004BC] -> 0x0137
mem[X,0x00000000800004BE] -> 0x0000
[304] [M]: 0x00000000800004BC (0x00000137) lui x2, 0x0                              inst_30+0
x2 <- 0x0000000000000000

mem[X,0x00000000800004C0] -> 0x0113
mem[X,0x00000000800004C2] -> 0x0001
[305] [M]: 0x00000000800004C0 (0x00010113) addi x2, x2, 0x0                         inst_30+4
x2 <- 0x0000000000000000

clint mtime 0x0000000000000099 (mip.MTI <- 0b1, mip.STI <- 0b0)
mem[X,0x00000000800004C4] -> 0x1113
mem[X,0x00000000800004C6] -> 0x00B1
[306] [M]: 0x00000000800004C4 (0x00B11113) slli x2, x2, 0xb                         inst_30+8
x2 <- 0x0000000000000000

mem[X,0x00000000800004C8] -> 0x0113
mem[X,0x00000000800004CA] -> 0x1DD1
[307] [M]: 0x00000000800004C8 (0x1DD10113) addi x2, x2, 0x1dd                       inst_30+12
x2 <- 0x00000000000001DD

clint mtime 0x000000000000009A (mip.MTI <- 0b1, mip.STI <- 0b0)
mem[X,0x00000000800004CC] -> 0x1113
mem[X,0x00000000800004CE] -> 0x00B1
[308] [M]: 0x00000000800004CC (0x00B11113) slli x2, x2, 0xb                         inst_30+16
x2 <- 0x00000000000EE800

mem[X,0x00000000800004D0] -> 0x0113
mem[X,0x00000000800004D2] -> 0x23A1
[309] [M]: 0x00000000800004D0 (0x23A10113) addi x2, x2, 0x23a                       inst_30+20
x2 <- 0x00000000000EEA3A

clint mtime 0x000000000000009B (mip.MTI <- 0b1, mip.STI <- 0b0)
mem[X,0x00000000800004D4] -> 0x1113
mem[X,0x00000000800004D6] -> 0x00A1
[310] [M]: 0x00000000800004D4 (0x00A11113) slli x2, x2, 0xa                         inst_30+24
x2 <- 0x000000003BA8E800

mem[X,0x00000000800004D8] -> 0x0113
mem[X,0x00000000800004DA] -> 0x2681
[311] [M]: 0x00000000800004D8 (0x26810113) addi x2, x2, 0x268                       inst_30+28
x2 <- 0x000000003BA8EA68

clint mtime 0x000000000000009C (mip.MTI <- 0b1, mip.STI <- 0b0)
mem[X,0x00000000800004DC] -> 0x5093
mem[X,0x00000000800004DE] -> 0x6871
[312] [M]: 0x00000000800004DC (0x68715093) brev8 x1, x2                             inst_30+32
x1 <- 0x00000000DC155716

mem[X,0x00000000800004E0] -> 0xB823
mem[X,0x00000000800004E2] -> 0x0012
[313] [M]: 0x00000000800004E0 (0x0012B823) sd x1, 0x10(x5)                          inst_30+36
mem[W,0x0000000080004208] <- 0x00000000DC155716

clint mtime 0x000000000000009D (mip.MTI <- 0b1, mip.STI <- 0b0)
mem[X,0x00000000800004E4] -> 0x0013
mem[X,0x00000000800004E6] -> 0x0000
[314] [M]: 0x00000000800004E4 (0x00000013) addi x0, x0, 0x0                         inst_31+0

mem[X,0x00000000800004E8] -> 0x5F93
mem[X,0x00000000800004EA] -> 0x6870
[315] [M]: 0x00000000800004E8 (0x68705F93) brev8 x31, x0                            inst_31+4
x31 <- 0x0000000000000000

clint mtime 0x000000000000009E (mip.MTI <- 0b1, mip.STI <- 0b0)
mem[X,0x00000000800004EC] -> 0xBC23
mem[X,0x00000000800004EE] -> 0x01F2
[316] [M]: 0x00000000800004EC (0x01F2BC23) sd x31, 0x18(x5)                         inst_31+8
mem[W,0x0000000080004210] <- 0x0000000000000000

mem[X,0x00000000800004F0] -> 0x0FB7
mem[X,0x00000000800004F2] -> 0x0000
[317] [M]: 0x00000000800004F0 (0x00000FB7) lui x31, 0x0                             inst_32+0
x31 <- 0x0000000000000000

clint mtime 0x000000000000009F (mip.MTI <- 0b1, mip.STI <- 0b0)
mem[X,0x00000000800004F4] -> 0x8F93
mem[X,0x00000000800004F6] -> 0x000F
[318] [M]: 0x00000000800004F4 (0x000F8F93) addi x31, x31, 0x0                       inst_32+4
x31 <- 0x0000000000000000

mem[X,0x00000000800004F8] -> 0x9F93
mem[X,0x00000000800004FA] -> 0x00BF
[319] [M]: 0x00000000800004F8 (0x00BF9F93) slli x31, x31, 0xb                       inst_32+8
x31 <- 0x0000000000000000

clint mtime 0x00000000000000A0 (mip.MTI <- 0b1, mip.STI <- 0b0)
mem[X,0x00000000800004FC] -> 0x8F93
mem[X,0x00000000800004FE] -> 0x44DF
[320] [M]: 0x00000000800004FC (0x44DF8F93) addi x31, x31, 0x44d                     inst_32+12
x31 <- 0x000000000000044D

mem[X,0x0000000080000500] -> 0x9F93
mem[X,0x0000000080000502] -> 0x00BF
[321] [M]: 0x0000000080000500 (0x00BF9F93) slli x31, x31, 0xb                       inst_32+16
x31 <- 0x0000000000226800

clint mtime 0x00000000000000A1 (mip.MTI <- 0b1, mip.STI <- 0b0)
mem[X,0x0000000080000504] -> 0x8F93
mem[X,0x0000000080000506] -> 0x66DF
[322] [M]: 0x0000000080000504 (0x66DF8F93) addi x31, x31, 0x66d                     inst_32+20
x31 <- 0x0000000000226E6D

mem[X,0x0000000080000508] -> 0x9F93
mem[X,0x000000008000050A] -> 0x00AF
[323] [M]: 0x0000000080000508 (0x00AF9F93) slli x31, x31, 0xa                       inst_32+24
x31 <- 0x0000000089B9B400

clint mtime 0x00000000000000A2 (mip.MTI <- 0b1, mip.STI <- 0b0)
mem[X,0x000000008000050C] -> 0x8F93
mem[X,0x000000008000050E] -> 0x0D6F
[324] [M]: 0x000000008000050C (0x0D6F8F93) addi x31, x31, 0xd6                      inst_32+28
x31 <- 0x0000000089B9B4D6

mem[X,0x0000000080000510] -> 0xD013
mem[X,0x0000000080000512] -> 0x687F
[325] [M]: 0x0000000080000510 (0x687FD013) brev8 x0, x31                            inst_32+32

clint mtime 0x00000000000000A3 (mip.MTI <- 0b1, mip.STI <- 0b0)
mem[X,0x0000000080000514] -> 0xB023
mem[X,0x0000000080000516] -> 0x0202
[326] [M]: 0x0000000080000514 (0x0202B023) sd x0, 0x20(x5)                          inst_32+36
mem[W,0x0000000080004218] <- 0x0000000000000000

mem[X,0x0000000080000518] -> 0x0F37
mem[X,0x000000008000051A] -> 0x0000
[327] [M]: 0x0000000080000518 (0x00000F37) lui x30, 0x0                             inst_33+0
x30 <- 0x0000000000000000

clint mtime 0x00000000000000A4 (mip.MTI <- 0b1, mip.STI <- 0b0)
mem[X,0x000000008000051C] -> 0x0F13
mem[X,0x000000008000051E] -> 0x000F
[328] [M]: 0x000000008000051C (0x000F0F13) addi x30, x30, 0x0                       inst_33+4
x30 <- 0x0000000000000000

mem[X,0x0000000080000520] -> 0x1F13
mem[X,0x0000000080000522] -> 0x00BF
[329] [M]: 0x0000000080000520 (0x00BF1F13) slli x30, x30, 0xb                       inst_33+8
x30 <- 0x0000000000000000

clint mtime 0x00000000000000A5 (mip.MTI <- 0b1, mip.STI <- 0b0)
mem[X,0x0000000080000524] -> 0x0F13
mem[X,0x0000000080000526] -> 0x3CBF
[330] [M]: 0x0000000080000524 (0x3CBF0F13) addi x30, x30, 0x3cb                     inst_33+12
x30 <- 0x00000000000003CB

mem[X,0x0000000080000528] -> 0x1F13
mem[X,0x000000008000052A] -> 0x00BF
[331] [M]: 0x0000000080000528 (0x00BF1F13) slli x30, x30, 0xb                       inst_33+16
x30 <- 0x00000000001E5800

clint mtime 0x00000000000000A6 (mip.MTI <- 0b1, mip.STI <- 0b0)
mem[X,0x000000008000052C] -> 0x0F13
mem[X,0x000000008000052E] -> 0x75DF
[332] [M]: 0x000000008000052C (0x75DF0F13) addi x30, x30, 0x75d                     inst_33+20
x30 <- 0x00000000001E5F5D

mem[X,0x0000000080000530] -> 0x1F13
mem[X,0x0000000080000532] -> 0x00AF
[333] [M]: 0x0000000080000530 (0x00AF1F13) slli x30, x30, 0xa                       inst_33+24
x30 <- 0x00000000797D7400

clint mtime 0x00000000000000A7 (mip.MTI <- 0b1, mip.STI <- 0b0)
mem[X,0x0000000080000534] -> 0x0F13
mem[X,0x0000000080000536] -> 0x2DFF
[334] [M]: 0x0000000080000534 (0x2DFF0F13) addi x30, x30, 0x2df                     inst_33+28
x30 <- 0x00000000797D76DF

mem[X,0x0000000080000538] -> 0x5F93
mem[X,0x000000008000053A] -> 0x687F
[335] [M]: 0x0000000080000538 (0x687F5F93) brev8 x31, x30                           inst_33+32
x31 <- 0x000000009EBE6EFB

clint mtime 0x00000000000000A8 (mip.MTI <- 0b1, mip.STI <- 0b0)
mem[X,0x000000008000053C] -> 0xB423
mem[X,0x000000008000053E] -> 0x03F2
[336] [M]: 0x000000008000053C (0x03F2B423) sd x31, 0x28(x5)                         inst_33+36
mem[W,0x0000000080004220] <- 0x000000009EBE6EFB

mem[X,0x0000000080000540] -> 0x7F37
mem[X,0x0000000080000542] -> 0x00EC
[337] [M]: 0x0000000080000540 (0x00EC7F37) lui x30, 0xec7                           inst_34+0
x30 <- 0x0000000000EC7000

clint mtime 0x00000000000000A9 (mip.MTI <- 0b1, mip.STI <- 0b0)
mem[X,0x0000000080000544] -> 0x0F13
mem[X,0x0000000080000546] -> 0x5D3F
[338] [M]: 0x0000000080000544 (0x5D3F0F13) addi x30, x30, 0x5d3                     inst_34+4
x30 <- 0x0000000000EC75D3

mem[X,0x0000000080000548] -> 0x1F13
mem[X,0x000000008000054A] -> 0x002F
[339] [M]: 0x0000000080000548 (0x002F1F13) slli x30, x30, 0x2                       inst_34+8
x30 <- 0x0000000003B1D74C

clint mtime 0x00000000000000AA (mip.MTI <- 0b1, mip.STI <- 0b0)
mem[X,0x000000008000054C] -> 0x5F93
mem[X,0x000000008000054E] -> 0x687F
[340] [M]: 0x000000008000054C (0x687F5F93) brev8 x31, x30                           inst_34+12
x31 <- 0x00000000C08DEB32

mem[X,0x0000000080000550] -> 0xB823
mem[X,0x0000000080000552] -> 0x03F2
[341] [M]: 0x0000000080000550 (0x03F2B823) sd x31, 0x30(x5)                         inst_34+16
mem[W,0x0000000080004228] <- 0x00000000C08DEB32

clint mtime 0x00000000000000AB (mip.MTI <- 0b1, mip.STI <- 0b0)
mem[X,0x0000000080000554] -> 0x0F37
mem[X,0x0000000080000556] -> 0x0000
[342] [M]: 0x0000000080000554 (0x00000F37) lui x30, 0x0                             inst_35+0
x30 <- 0x0000000000000000

mem[X,0x0000000080000558] -> 0x0F13
mem[X,0x000000008000055A] -> 0x000F
[343] [M]: 0x0000000080000558 (0x000F0F13) addi x30, x30, 0x0                       inst_35+4
x30 <- 0x0000000000000000

clint mtime 0x00000000000000AC (mip.MTI <- 0b1, mip.STI <- 0b0)
mem[X,0x000000008000055C] -> 0x1F13
mem[X,0x000000008000055E] -> 0x00BF
[344] [M]: 0x000000008000055C (0x00BF1F13) slli x30, x30, 0xb                       inst_35+8
x30 <- 0x0000000000000000

mem[X,0x0000000080000560] -> 0x0F13
mem[X,0x0000000080000562] -> 0x7FBF
[345] [M]: 0x0000000080000560 (0x7FBF0F13) addi x30, x30, 0x7fb                     inst_35+12
x30 <- 0x00000000000007FB

clint mtime 0x00000000000000AD (mip.MTI <- 0b1, mip.STI <- 0b0)
mem[X,0x0000000080000564] -> 0x1F13
mem[X,0x0000000080000566] -> 0x00BF
[346] [M]: 0x0000000080000564 (0x00BF1F13) slli x30, x30, 0xb                       inst_35+16
x30 <- 0x00000000003FD800

mem[X,0x0000000080000568] -> 0x0F13
mem[X,0x000000008000056A] -> 0x757F
[347] [M]: 0x0000000080000568 (0x757F0F13) addi x30, x30, 0x757                     inst_35+20
x30 <- 0x00000000003FDF57

clint mtime 0x00000000000000AE (mip.MTI <- 0b1, mip.STI <- 0b0)
mem[X,0x000000008000056C] -> 0x1F13
mem[X,0x000000008000056E] -> 0x00AF
[348] [M]: 0x000000008000056C (0x00AF1F13) slli x30, x30, 0xa                       inst_35+24
x30 <- 0x00000000FF7D5C00

mem[X,0x0000000080000570] -> 0x0F13
mem[X,0x0000000080000572] -> 0x2C1F
[349] [M]: 0x0000000080000570 (0x2C1F0F13) addi x30, x30, 0x2c1                     inst_35+28
x30 <- 0x00000000FF7D5EC1

clint mtime 0x00000000000000AF (mip.MTI <- 0b1, mip.STI <- 0b0)
mem[X,0x0000000080000574] -> 0x5F93
mem[X,0x0000000080000576] -> 0x687F
[350] [M]: 0x0000000080000574 (0x687F5F93) brev8 x31, x30                           inst_35+32
x31 <- 0x00000000FFBE7A83

mem[X,0x0000000080000578] -> 0xBC23
mem[X,0x000000008000057A] -> 0x03F2
[351] [M]: 0x0000000080000578 (0x03F2BC23) sd x31, 0x38(x5)                         inst_35+36
mem[W,0x0000000080004230] <- 0x00000000FFBE7A83

clint mtime 0x00000000000000B0 (mip.MTI <- 0b1, mip.STI <- 0b0)
mem[X,0x000000008000057C] -> 0x0F37
mem[X,0x000000008000057E] -> 0x0000
[352] [M]: 0x000000008000057C (0x00000F37) lui x30, 0x0                             inst_36+0
x30 <- 0x0000000000000000

mem[X,0x0000000080000580] -> 0x0F13
mem[X,0x0000000080000582] -> 0x000F
[353] [M]: 0x0000000080000580 (0x000F0F13) addi x30, x30, 0x0                       inst_36+4
x30 <- 0x0000000000000000

clint mtime 0x00000000000000B1 (mip.MTI <- 0b1, mip.STI <- 0b0)
mem[X,0x0000000080000584] -> 0x1F13
mem[X,0x0000000080000586] -> 0x00BF
[354] [M]: 0x0000000080000584 (0x00BF1F13) slli x30, x30, 0xb                       inst_36+8
x30 <- 0x0000000000000000

mem[X,0x0000000080000588] -> 0x0F13
mem[X,0x000000008000058A] -> 0x4DEF
[355] [M]: 0x0000000080000588 (0x4DEF0F13) addi x30, x30, 0x4de                     inst_36+12
x30 <- 0x00000000000004DE

clint mtime 0x00000000000000B2 (mip.MTI <- 0b1, mip.STI <- 0b0)
mem[X,0x000000008000058C] -> 0x1F13
mem[X,0x000000008000058E] -> 0x00BF
[356] [M]: 0x000000008000058C (0x00BF1F13) slli x30, x30, 0xb                       inst_36+16
x30 <- 0x000000000026F000

mem[X,0x0000000080000590] -> 0x0F13
mem[X,0x0000000080000592] -> 0x00FF
[357] [M]: 0x0000000080000590 (0x00FF0F13) addi x30, x30, 0xf                       inst_36+20
x30 <- 0x000000000026F00F

clint mtime 0x00000000000000B3 (mip.MTI <- 0b1, mip.STI <- 0b0)
mem[X,0x0000000080000594] -> 0x1F13
mem[X,0x0000000080000596] -> 0x00AF
[358] [M]: 0x0000000080000594 (0x00AF1F13) slli x30, x30, 0xa                       inst_36+24
x30 <- 0x000000009BC03C00

mem[X,0x0000000080000598] -> 0x0F13
mem[X,0x000000008000059A] -> 0x223F
[359] [M]: 0x0000000080000598 (0x223F0F13) addi x30, x30, 0x223                     inst_36+28
x30 <- 0x000000009BC03E23

clint mtime 0x00000000000000B4 (mip.MTI <- 0b1, mip.STI <- 0b0)
mem[X,0x000000008000059C] -> 0x5F93
mem[X,0x000000008000059E] -> 0x687F
[360] [M]: 0x000000008000059C (0x687F5F93) brev8 x31, x30                           inst_36+32
x31 <- 0x00000000D9037CC4

mem[X,0x00000000800005A0] -> 0xB023
mem[X,0x00000000800005A2] -> 0x05F2
[361] [M]: 0x00000000800005A0 (0x05F2B023) sd x31, 0x40(x5)                         inst_36+36
mem[W,0x0000000080004238] <- 0x00000000D9037CC4

clint mtime 0x00000000000000B5 (mip.MTI <- 0b1, mip.STI <- 0b0)
mem[X,0x00000000800005A4] -> 0x0F37
mem[X,0x00000000800005A6] -> 0x0000
[362] [M]: 0x00000000800005A4 (0x00000F37) lui x30, 0x0                             inst_37+0
x30 <- 0x0000000000000000

mem[X,0x00000000800005A8] -> 0x0F13
mem[X,0x00000000800005AA] -> 0x000F
[363] [M]: 0x00000000800005A8 (0x000F0F13) addi x30, x30, 0x0                       inst_37+4
x30 <- 0x0000000000000000

clint mtime 0x00000000000000B6 (mip.MTI <- 0b1, mip.STI <- 0b0)
mem[X,0x00000000800005AC] -> 0x1F13
mem[X,0x00000000800005AE] -> 0x00BF
[364] [M]: 0x00000000800005AC (0x00BF1F13) slli x30, x30, 0xb                       inst_37+8
x30 <- 0x0000000000000000

mem[X,0x00000000800005B0] -> 0x0F13
mem[X,0x00000000800005B2] -> 0x579F
[365] [M]: 0x00000000800005B0 (0x579F0F13) addi x30, x30, 0x579                     inst_37+12
x30 <- 0x0000000000000579

clint mtime 0x00000000000000B7 (mip.MTI <- 0b1, mip.STI <- 0b0)
mem[X,0x00000000800005B4] -> 0x1F13
mem[X,0x00000000800005B6] -> 0x00BF
[366] [M]: 0x00000000800005B4 (0x00BF1F13) slli x30, x30, 0xb                       inst_37+16
x30 <- 0x00000000002BC800

mem[X,0x00000000800005B8] -> 0x0F13
mem[X,0x00000000800005BA] -> 0x14AF
[367] [M]: 0x00000000800005B8 (0x14AF0F13) addi x30, x30, 0x14a                     inst_37+20
x30 <- 0x00000000002BC94A

clint mtime 0x00000000000000B8 (mip.MTI <- 0b1, mip.STI <- 0b0)
mem[X,0x00000000800005BC] -> 0x1F13
mem[X,0x00000000800005BE] -> 0x00AF
[368] [M]: 0x00000000800005BC (0x00AF1F13) slli x30, x30, 0xa                       inst_37+24
x30 <- 0x00000000AF252800

mem[X,0x00000000800005C0] -> 0x0F13
mem[X,0x00000000800005C2] -> 0x1C7F
[369] [M]: 0x00000000800005C0 (0x1C7F0F13) addi x30, x30, 0x1c7                     inst_37+28
x30 <- 0x00000000AF2529C7

clint mtime 0x00000000000000B9 (mip.MTI <- 0b1, mip.STI <- 0b0)
mem[X,0x00000000800005C4] -> 0x5F93
mem[X,0x00000000800005C6] -> 0x687F
[370] [M]: 0x00000000800005C4 (0x687F5F93) brev8 x31, x30                           inst_37+32
x31 <- 0x00000000F5A494E3

mem[X,0x00000000800005C8] -> 0xB423
mem[X,0x00000000800005CA] -> 0x05F2
[371] [M]: 0x00000000800005C8 (0x05F2B423) sd x31, 0x48(x5)                         inst_37+36
mem[W,0x0000000080004240] <- 0x00000000F5A494E3

clint mtime 0x00000000000000BA (mip.MTI <- 0b1, mip.STI <- 0b0)
mem[X,0x00000000800005CC] -> 0x0F37
mem[X,0x00000000800005CE] -> 0x0000
[372] [M]: 0x00000000800005CC (0x00000F37) lui x30, 0x0                             inst_38+0
x30 <- 0x0000000000000000

mem[X,0x00000000800005D0] -> 0x0F13
mem[X,0x00000000800005D2] -> 0x000F
[373] [M]: 0x00000000800005D0 (0x000F0F13) addi x30, x30, 0x0                       inst_38+4
x30 <- 0x0000000000000000

clint mtime 0x00000000000000BB (mip.MTI <- 0b1, mip.STI <- 0b0)
mem[X,0x00000000800005D4] -> 0x1F13
mem[X,0x00000000800005D6] -> 0x00BF
[374] [M]: 0x00000000800005D4 (0x00BF1F13) slli x30, x30, 0xb                       inst_38+8
x30 <- 0x0000000000000000

mem[X,0x00000000800005D8] -> 0x0F13
mem[X,0x00000000800005DA] -> 0x6B3F
[375] [M]: 0x00000000800005D8 (0x6B3F0F13) addi x30, x30, 0x6b3                     inst_38+12
x30 <- 0x00000000000006B3

clint mtime 0x00000000000000BC (mip.MTI <- 0b1, mip.STI <- 0b0)
mem[X,0x00000000800005DC] -> 0x1F13
mem[X,0x00000000800005DE] -> 0x00BF
[376] [M]: 0x00000000800005DC (0x00BF1F13) slli x30, x30, 0xb                       inst_38+16
x30 <- 0x0000000000359800

mem[X,0x00000000800005E0] -> 0x0F13
mem[X,0x00000000800005E2] -> 0x42AF
[377] [M]: 0x00000000800005E0 (0x42AF0F13) addi x30, x30, 0x42a                     inst_38+20
x30 <- 0x0000000000359C2A

clint mtime 0x00000000000000BD (mip.MTI <- 0b1, mip.STI <- 0b0)
mem[X,0x00000000800005E4] -> 0x1F13
mem[X,0x00000000800005E6] -> 0x00AF
[378] [M]: 0x00000000800005E4 (0x00AF1F13) slli x30, x30, 0xa                       inst_38+24
x30 <- 0x00000000D670A800

mem[X,0x00000000800005E8] -> 0x0F13
mem[X,0x00000000800005EA] -> 0x02FF
[379] [M]: 0x00000000800005E8 (0x02FF0F13) addi x30, x30, 0x2f                      inst_38+28
x30 <- 0x00000000D670A82F

clint mtime 0x00000000000000BE (mip.MTI <- 0b1, mip.STI <- 0b0)
mem[X,0x00000000800005EC] -> 0x5F93
mem[X,0x00000000800005EE] -> 0x687F
[380] [M]: 0x00000000800005EC (0x687F5F93) brev8 x31, x30                           inst_38+32
x31 <- 0x000000006B0E15F4

mem[X,0x00000000800005F0] -> 0xB823
mem[X,0x00000000800005F2] -> 0x05F2
[381] [M]: 0x00000000800005F0 (0x05F2B823) sd x31, 0x50(x5)                         inst_38+36
mem[W,0x0000000080004248] <- 0x000000006B0E15F4

clint mtime 0x00000000000000BF (mip.MTI <- 0b1, mip.STI <- 0b0)
mem[X,0x00000000800005F4] -> 0x0F37
mem[X,0x00000000800005F6] -> 0x0000
[382] [M]: 0x00000000800005F4 (0x00000F37) lui x30, 0x0                             inst_39+0
x30 <- 0x0000000000000000

mem[X,0x00000000800005F8] -> 0x0F13
mem[X,0x00000000800005FA] -> 0x000F
[383] [M]: 0x00000000800005F8 (0x000F0F13) addi x30, x30, 0x0                       inst_39+4
x30 <- 0x0000000000000000

clint mtime 0x00000000000000C0 (mip.MTI <- 0b1, mip.STI <- 0b0)
mem[X,0x00000000800005FC] -> 0x1F13
mem[X,0x00000000800005FE] -> 0x00BF
[384] [M]: 0x00000000800005FC (0x00BF1F13) slli x30, x30, 0xb                       inst_39+8
x30 <- 0x0000000000000000

mem[X,0x0000000080000600] -> 0x0F13
mem[X,0x0000000080000602] -> 0x102F
[385] [M]: 0x0000000080000600 (0x102F0F13) addi x30, x30, 0x102                     inst_39+12
x30 <- 0x0000000000000102

clint mtime 0x00000000000000C1 (mip.MTI <- 0b1, mip.STI <- 0b0)
mem[X,0x0000000080000604] -> 0x1F13
mem[X,0x0000000080000606] -> 0x00BF
[386] [M]: 0x0000000080000604 (0x00BF1F13) slli x30, x30, 0xb                       inst_39+16
x30 <- 0x0000000000081000

mem[X,0x0000000080000608] -> 0x0F13
mem[X,0x000000008000060A] -> 0x53EF
[387] [M]: 0x0000000080000608 (0x53EF0F13) addi x30, x30, 0x53e                     inst_39+20
x30 <- 0x000000000008153E

clint mtime 0x00000000000000C2 (mip.MTI <- 0b1, mip.STI <- 0b0)
mem[X,0x000000008000060C] -> 0x1F13
mem[X,0x000000008000060E] -> 0x00AF
[388] [M]: 0x000000008000060C (0x00AF1F13) slli x30, x30, 0xa                       inst_39+24
x30 <- 0x000000002054F800

mem[X,0x0000000080000610] -> 0x0F13
mem[X,0x0000000080000612] -> 0x29FF
[389] [M]: 0x0000000080000610 (0x29FF0F13) addi x30, x30, 0x29f                     inst_39+28
x30 <- 0x000000002054FA9F

clint mtime 0x00000000000000C3 (mip.MTI <- 0b1, mip.STI <- 0b0)
mem[X,0x0000000080000614] -> 0x5F93
mem[X,0x0000000080000616] -> 0x687F
[390] [M]: 0x0000000080000614 (0x687F5F93) brev8 x31, x30                           inst_39+32
x31 <- 0x00000000042A5FF9

mem[X,0x0000000080000618] -> 0xBC23
mem[X,0x000000008000061A] -> 0x05F2
[391] [M]: 0x0000000080000618 (0x05F2BC23) sd x31, 0x58(x5)                         inst_39+36
mem[W,0x0000000080004250] <- 0x00000000042A5FF9

clint mtime 0x00000000000000C4 (mip.MTI <- 0b1, mip.STI <- 0b0)
mem[X,0x000000008000061C] -> 0x0F37
mem[X,0x000000008000061E] -> 0x0000
[392] [M]: 0x000000008000061C (0x00000F37) lui x30, 0x0                             inst_40+0
x30 <- 0x0000000000000000

mem[X,0x0000000080000620] -> 0x0F13
mem[X,0x0000000080000622] -> 0x000F
[393] [M]: 0x0000000080000620 (0x000F0F13) addi x30, x30, 0x0                       inst_40+4
x30 <- 0x0000000000000000

clint mtime 0x00000000000000C5 (mip.MTI <- 0b1, mip.STI <- 0b0)
mem[X,0x0000000080000624] -> 0x1F13
mem[X,0x0000000080000626] -> 0x00BF
[394] [M]: 0x0000000080000624 (0x00BF1F13) slli x30, x30, 0xb                       inst_40+8
x30 <- 0x0000000000000000

mem[X,0x0000000080000628] -> 0x0F13
mem[X,0x000000008000062A] -> 0x373F
[395] [M]: 0x0000000080000628 (0x373F0F13) addi x30, x30, 0x373                     inst_40+12
x30 <- 0x0000000000000373

clint mtime 0x00000000000000C6 (mip.MTI <- 0b1, mip.STI <- 0b0)
mem[X,0x000000008000062C] -> 0x1F13
mem[X,0x000000008000062E] -> 0x00BF
[396] [M]: 0x000000008000062C (0x00BF1F13) slli x30, x30, 0xb                       inst_40+16
x30 <- 0x00000000001B9800

mem[X,0x0000000080000630] -> 0x0F13
mem[X,0x0000000080000632] -> 0x703F
[397] [M]: 0x0000000080000630 (0x703F0F13) addi x30, x30, 0x703                     inst_40+20
x30 <- 0x00000000001B9F03

clint mtime 0x00000000000000C7 (mip.MTI <- 0b1, mip.STI <- 0b0)
mem[X,0x0000000080000634] -> 0x1F13
mem[X,0x0000000080000636] -> 0x00AF
[398] [M]: 0x0000000080000634 (0x00AF1F13) slli x30, x30, 0xa                       inst_40+24
x30 <- 0x000000006E7C0C00

mem[X,0x0000000080000638] -> 0x0F13
mem[X,0x000000008000063A] -> 0x03FF
[399] [M]: 0x0000000080000638 (0x03FF0F13) addi x30, x30, 0x3f                      inst_40+28
x30 <- 0x000000006E7C0C3F

clint mtime 0x00000000000000C8 (mip.MTI <- 0b1, mip.STI <- 0b0)
mem[X,0x000000008000063C] -> 0x5F93
mem[X,0x000000008000063E] -> 0x687F
[400] [M]: 0x000000008000063C (0x687F5F93) brev8 x31, x30                           inst_40+32
x31 <- 0x00000000763E30FC

mem[X,0x0000000080000640] -> 0xB023
mem[X,0x0000000080000642] -> 0x07F2
[401] [M]: 0x0000000080000640 (0x07F2B023) sd x31, 0x60(x5)                         inst_40+36
mem[W,0x0000000080004258] <- 0x00000000763E30FC

clint mtime 0x00000000000000C9 (mip.MTI <- 0b1, mip.STI <- 0b0)
mem[X,0x0000000080000644] -> 0x0F37
mem[X,0x0000000080000646] -> 0x0000
[402] [M]: 0x0000000080000644 (0x00000F37) lui x30, 0x0                             inst_41+0
x30 <- 0x0000000000000000

mem[X,0x0000000080000648] -> 0x0F13
mem[X,0x000000008000064A] -> 0x000F
[403] [M]: 0x0000000080000648 (0x000F0F13) addi x30, x30, 0x0                       inst_41+4
x30 <- 0x0000000000000000

clint mtime 0x00000000000000CA (mip.MTI <- 0b1, mip.STI <- 0b0)
mem[X,0x000000008000064C] -> 0x1F13
mem[X,0x000000008000064E] -> 0x00BF
[404] [M]: 0x000000008000064C (0x00BF1F13) slli x30, x30, 0xb                       inst_41+8
x30 <- 0x0000000000000000

mem[X,0x0000000080000650] -> 0x0F13
mem[X,0x0000000080000652] -> 0x03DF
[405] [M]: 0x0000000080000650 (0x03DF0F13) addi x30, x30, 0x3d                      inst_41+12
x30 <- 0x000000000000003D

clint mtime 0x00000000000000CB (mip.MTI <- 0b1, mip.STI <- 0b0)
mem[X,0x0000000080000654] -> 0x1F13
mem[X,0x0000000080000656] -> 0x00BF
[406] [M]: 0x0000000080000654 (0x00BF1F13) slli x30, x30, 0xb                       inst_41+16
x30 <- 0x000000000001E800

mem[X,0x0000000080000658] -> 0x0F13
mem[X,0x000000008000065A] -> 0x317F
[407] [M]: 0x0000000080000658 (0x317F0F13) addi x30, x30, 0x317                     inst_41+20
x30 <- 0x000000000001EB17

clint mtime 0x00000000000000CC (mip.MTI <- 0b1, mip.STI <- 0b0)
mem[X,0x000000008000065C] -> 0x1F13
mem[X,0x000000008000065E] -> 0x00AF
[408] [M]: 0x000000008000065C (0x00AF1F13) slli x30, x30, 0xa                       inst_41+24
x30 <- 0x0000000007AC5C00

mem[X,0x0000000080000660] -> 0x0F13
mem[X,0x0000000080000662] -> 0x37FF
[409] [M]: 0x0000000080000660 (0x37FF0F13) addi x30, x30, 0x37f                     inst_41+28
x30 <- 0x0000000007AC5F7F

clint mtime 0x00000000000000CD (mip.MTI <- 0b1, mip.STI <- 0b0)
mem[X,0x0000000080000664] -> 0x5F93
mem[X,0x0000000080000666] -> 0x687F
[410] [M]: 0x0000000080000664 (0x687F5F93) brev8 x31, x30                           inst_41+32
x31 <- 0x00000000E035FAFE

mem[X,0x0000000080000668] -> 0xB423
mem[X,0x000000008000066A] -> 0x07F2
[411] [M]: 0x0000000080000668 (0x07F2B423) sd x31, 0x68(x5)                         inst_41+36
mem[W,0x0000000080004260] <- 0x00000000E035FAFE

clint mtime 0x00000000000000CE (mip.MTI <- 0b1, mip.STI <- 0b0)
mem[X,0x000000008000066C] -> 0x0F37
mem[X,0x000000008000066E] -> 0x0000
[412] [M]: 0x000000008000066C (0x00000F37) lui x30, 0x0                             inst_42+0
x30 <- 0x0000000000000000

mem[X,0x0000000080000670] -> 0x0F13
mem[X,0x0000000080000672] -> 0x000F
[413] [M]: 0x0000000080000670 (0x000F0F13) addi x30, x30, 0x0                       inst_42+4
x30 <- 0x0000000000000000

clint mtime 0x00000000000000CF (mip.MTI <- 0b1, mip.STI <- 0b0)
mem[X,0x0000000080000674] -> 0x1F13
mem[X,0x0000000080000676] -> 0x00BF
[414] [M]: 0x0000000080000674 (0x00BF1F13) slli x30, x30, 0xb                       inst_42+8
x30 <- 0x0000000000000000

mem[X,0x0000000080000678] -> 0x0F13
mem[X,0x000000008000067A] -> 0x25BF
[415] [M]: 0x0000000080000678 (0x25BF0F13) addi x30, x30, 0x25b                     inst_42+12
x30 <- 0x000000000000025B

clint mtime 0x00000000000000D0 (mip.MTI <- 0b1, mip.STI <- 0b0)
mem[X,0x000000008000067C] -> 0x1F13
mem[X,0x000000008000067E] -> 0x00BF
[416] [M]: 0x000000008000067C (0x00BF1F13) slli x30, x30, 0xb                       inst_42+16
x30 <- 0x000000000012D800

mem[X,0x0000000080000680] -> 0x0F13
mem[X,0x0000000080000682] -> 0x3A8F
[417] [M]: 0x0000000080000680 (0x3A8F0F13) addi x30, x30, 0x3a8                     inst_42+20
x30 <- 0x000000000012DBA8

clint mtime 0x00000000000000D1 (mip.MTI <- 0b1, mip.STI <- 0b0)
mem[X,0x0000000080000684] -> 0x1F13
mem[X,0x0000000080000686] -> 0x00AF
[418] [M]: 0x0000000080000684 (0x00AF1F13) slli x30, x30, 0xa                       inst_42+24
x30 <- 0x000000004B6EA000

mem[X,0x0000000080000688] -> 0x0F13
mem[X,0x000000008000068A] -> 0x0FFF
[419] [M]: 0x0000000080000688 (0x0FFF0F13) addi x30, x30, 0xff                      inst_42+28
x30 <- 0x000000004B6EA0FF

clint mtime 0x00000000000000D2 (mip.MTI <- 0b1, mip.STI <- 0b0)
mem[X,0x000000008000068C] -> 0x5F93
mem[X,0x000000008000068E] -> 0x687F
[420] [M]: 0x000000008000068C (0x687F5F93) brev8 x31, x30                           inst_42+32
x31 <- 0x00000000D27605FF

mem[X,0x0000000080000690] -> 0xB823
mem[X,0x0000000080000692] -> 0x07F2
[421] [M]: 0x0000000080000690 (0x07F2B823) sd x31, 0x70(x5)                         inst_42+36
mem[W,0x0000000080004268] <- 0x00000000D27605FF

clint mtime 0x00000000000000D3 (mip.MTI <- 0b1, mip.STI <- 0b0)
mem[X,0x0000000080000694] -> 0x0F37
mem[X,0x0000000080000696] -> 0x0000
[422] [M]: 0x0000000080000694 (0x00000F37) lui x30, 0x0                             inst_43+0
x30 <- 0x0000000000000000

mem[X,0x0000000080000698] -> 0x0F13
mem[X,0x000000008000069A] -> 0x000F
[423] [M]: 0x0000000080000698 (0x000F0F13) addi x30, x30, 0x0                       inst_43+4
x30 <- 0x0000000000000000

clint mtime 0x00000000000000D4 (mip.MTI <- 0b1, mip.STI <- 0b0)
mem[X,0x000000008000069C] -> 0x1F13
mem[X,0x000000008000069E] -> 0x00BF
[424] [M]: 0x000000008000069C (0x00BF1F13) slli x30, x30, 0xb                       inst_43+8
x30 <- 0x0000000000000000

mem[X,0x00000000800006A0] -> 0x0F13
mem[X,0x00000000800006A2] -> 0x5F5F
[425] [M]: 0x00000000800006A0 (0x5F5F0F13) addi x30, x30, 0x5f5                     inst_43+12
x30 <- 0x00000000000005F5

clint mtime 0x00000000000000D5 (mip.MTI <- 0b1, mip.STI <- 0b0)
mem[X,0x00000000800006A4] -> 0x1F13
mem[X,0x00000000800006A6] -> 0x00BF
[426] [M]: 0x00000000800006A4 (0x00BF1F13) slli x30, x30, 0xb                       inst_43+16
x30 <- 0x00000000002FA800

mem[X,0x00000000800006A8] -> 0x0F13
mem[X,0x00000000800006AA] -> 0x109F
[427] [M]: 0x00000000800006A8 (0x109F0F13) addi x30, x30, 0x109                     inst_43+20
x30 <- 0x00000000002FA909

clint mtime 0x00000000000000D6 (mip.MTI <- 0b1, mip.STI <- 0b0)
mem[X,0x00000000800006AC] -> 0x1F13
mem[X,0x00000000800006AE] -> 0x00AF
[428] [M]: 0x00000000800006AC (0x00AF1F13) slli x30, x30, 0xa                       inst_43+24
x30 <- 0x00000000BEA42400

mem[X,0x00000000800006B0] -> 0x0F13
mem[X,0x00000000800006B2] -> 0x1FFF
[429] [M]: 0x00000000800006B0 (0x1FFF0F13) addi x30, x30, 0x1ff                     inst_43+28
x30 <- 0x00000000BEA425FF

clint mtime 0x00000000000000D7 (mip.MTI <- 0b1, mip.STI <- 0b0)
mem[X,0x00000000800006B4] -> 0x5F93
mem[X,0x00000000800006B6] -> 0x687F
[430] [M]: 0x00000000800006B4 (0x687F5F93) brev8 x31, x30                           inst_43+32
x31 <- 0x000000007D25A4FF

mem[X,0x00000000800006B8] -> 0xBC23
mem[X,0x00000000800006BA] -> 0x07F2
[431] [M]: 0x00000000800006B8 (0x07F2BC23) sd x31, 0x78(x5)                         inst_43+36
mem[W,0x0000000080004270] <- 0x000000007D25A4FF

clint mtime 0x00000000000000D8 (mip.MTI <- 0b1, mip.STI <- 0b0)
mem[X,0x00000000800006BC] -> 0x0F37
mem[X,0x00000000800006BE] -> 0x0000
[432] [M]: 0x00000000800006BC (0x00000F37) lui x30, 0x0                             inst_44+0
x30 <- 0x0000000000000000

mem[X,0x00000000800006C0] -> 0x0F13
mem[X,0x00000000800006C2] -> 0x000F
[433] [M]: 0x00000000800006C0 (0x000F0F13) addi x30, x30, 0x0                       inst_44+4
x30 <- 0x0000000000000000

clint mtime 0x00000000000000D9 (mip.MTI <- 0b1, mip.STI <- 0b0)
mem[X,0x00000000800006C4] -> 0x1F13
mem[X,0x00000000800006C6] -> 0x00BF
[434] [M]: 0x00000000800006C4 (0x00BF1F13) slli x30, x30, 0xb                       inst_44+8
x30 <- 0x0000000000000000

mem[X,0x00000000800006C8] -> 0x0F13
mem[X,0x00000000800006CA] -> 0x1B6F
[435] [M]: 0x00000000800006C8 (0x1B6F0F13) addi x30, x30, 0x1b6                     inst_44+12
x30 <- 0x00000000000001B6

clint mtime 0x00000000000000DA (mip.MTI <- 0b1, mip.STI <- 0b0)
mem[X,0x00000000800006CC] -> 0x1F13
mem[X,0x00000000800006CE] -> 0x00BF
[436] [M]: 0x00000000800006CC (0x00BF1F13) slli x30, x30, 0xb                       inst_44+16
x30 <- 0x00000000000DB000

mem[X,0x00000000800006D0] -> 0x0F13
mem[X,0x00000000800006D2] -> 0x0A8F
[437] [M]: 0x00000000800006D0 (0x0A8F0F13) addi x30, x30, 0xa8                      inst_44+20
x30 <- 0x00000000000DB0A8

clint mtime 0x00000000000000DB (mip.MTI <- 0b1, mip.STI <- 0b0)
mem[X,0x00000000800006D4] -> 0x1F13
mem[X,0x00000000800006D6] -> 0x00AF
[438] [M]: 0x00000000800006D4 (0x00AF1F13) slli x30, x30, 0xa                       inst_44+24
x30 <- 0x0000000036C2A000

mem[X,0x00000000800006D8] -> 0x0F13
mem[X,0x00000000800006DA] -> 0x3FFF
[439] [M]: 0x00000000800006D8 (0x3FFF0F13) addi x30, x30, 0x3ff                     inst_44+28
x30 <- 0x0000000036C2A3FF

clint mtime 0x00000000000000DC (mip.MTI <- 0b1, mip.STI <- 0b0)
mem[X,0x00000000800006DC] -> 0x5F93
mem[X,0x00000000800006DE] -> 0x687F
[440] [M]: 0x00000000800006DC (0x687F5F93) brev8 x31, x30                           inst_44+32
x31 <- 0x000000006C43C5FF

mem[X,0x00000000800006E0] -> 0xB023
mem[X,0x00000000800006E2] -> 0x09F2
[441] [M]: 0x00000000800006E0 (0x09F2B023) sd x31, 0x80(x5)                         inst_44+36
mem[W,0x0000000080004278] <- 0x000000006C43C5FF

clint mtime 0x00000000000000DD (mip.MTI <- 0b1, mip.STI <- 0b0)
mem[X,0x00000000800006E4] -> 0x0F37
mem[X,0x00000000800006E6] -> 0x0000
[442] [M]: 0x00000000800006E4 (0x00000F37) lui x30, 0x0                             inst_45+0
x30 <- 0x0000000000000000

mem[X,0x00000000800006E8] -> 0x0F13
mem[X,0x00000000800006EA] -> 0x000F
[443] [M]: 0x00000000800006E8 (0x000F0F13) addi x30, x30, 0x0                       inst_45+4
x30 <- 0x0000000000000000

clint mtime 0x00000000000000DE (mip.MTI <- 0b1, mip.STI <- 0b0)
mem[X,0x00000000800006EC] -> 0x1F13
mem[X,0x00000000800006EE] -> 0x00BF
[444] [M]: 0x00000000800006EC (0x00BF1F13) slli x30, x30, 0xb                       inst_45+8
x30 <- 0x0000000000000000

mem[X,0x00000000800006F0] -> 0x0F13
mem[X,0x00000000800006F2] -> 0x6C4F
[445] [M]: 0x00000000800006F0 (0x6C4F0F13) addi x30, x30, 0x6c4                     inst_45+12
x30 <- 0x00000000000006C4

clint mtime 0x00000000000000DF (mip.MTI <- 0b1, mip.STI <- 0b0)
mem[X,0x00000000800006F4] -> 0x1F13
mem[X,0x00000000800006F6] -> 0x00BF
[446] [M]: 0x00000000800006F4 (0x00BF1F13) slli x30, x30, 0xb                       inst_45+16
x30 <- 0x0000000000362000

mem[X,0x00000000800006F8] -> 0x0F13
mem[X,0x00000000800006FA] -> 0x16DF
[447] [M]: 0x00000000800006F8 (0x16DF0F13) addi x30, x30, 0x16d                     inst_45+20
x30 <- 0x000000000036216D

clint mtime 0x00000000000000E0 (mip.MTI <- 0b1, mip.STI <- 0b0)
mem[X,0x00000000800006FC] -> 0x1F13
mem[X,0x00000000800006FE] -> 0x00AF
[448] [M]: 0x00000000800006FC (0x00AF1F13) slli x30, x30, 0xa                       inst_45+24
x30 <- 0x00000000D885B400

mem[X,0x0000000080000700] -> 0x0F13
mem[X,0x0000000080000702] -> 0x3FFF
[449] [M]: 0x0000000080000700 (0x3FFF0F13) addi x30, x30, 0x3ff                     inst_45+28
x30 <- 0x00000000D885B7FF

clint mtime 0x00000000000000E1 (mip.MTI <- 0b1, mip.STI <- 0b0)
mem[X,0x0000000080000704] -> 0x5F93
mem[X,0x0000000080000706] -> 0x687F
[450] [M]: 0x0000000080000704 (0x687F5F93) brev8 x31, x30                           inst_45+32
x31 <- 0x000000001BA1EDFF

mem[X,0x0000000080000708] -> 0xB423
mem[X,0x000000008000070A] -> 0x09F2
[451] [M]: 0x0000000080000708 (0x09F2B423) sd x31, 0x88(x5)                         inst_45+36
mem[W,0x0000000080004280] <- 0x000000001BA1EDFF

clint mtime 0x00000000000000E2 (mip.MTI <- 0b1, mip.STI <- 0b0)
mem[X,0x000000008000070C] -> 0x0F37
mem[X,0x000000008000070E] -> 0x0000
[452] [M]: 0x000000008000070C (0x00000F37) lui x30, 0x0                             inst_46+0
x30 <- 0x0000000000000000

mem[X,0x0000000080000710] -> 0x0F13
mem[X,0x0000000080000712] -> 0x000F
[453] [M]: 0x0000000080000710 (0x000F0F13) addi x30, x30, 0x0                       inst_46+4
x30 <- 0x0000000000000000

clint mtime 0x00000000000000E3 (mip.MTI <- 0b1, mip.STI <- 0b0)
mem[X,0x0000000080000714] -> 0x1F13
mem[X,0x0000000080000716] -> 0x00BF
[454] [M]: 0x0000000080000714 (0x00BF1F13) slli x30, x30, 0xb                       inst_46+8
x30 <- 0x0000000000000000

mem[X,0x0000000080000718] -> 0x0F13
mem[X,0x000000008000071A] -> 0x440F
[455] [M]: 0x0000000080000718 (0x440F0F13) addi x30, x30, 0x440                     inst_46+12
x30 <- 0x0000000000000440

clint mtime 0x00000000000000E4 (mip.MTI <- 0b1, mip.STI <- 0b0)
mem[X,0x000000008000071C] -> 0x1F13
mem[X,0x000000008000071E] -> 0x00BF
[456] [M]: 0x000000008000071C (0x00BF1F13) slli x30, x30, 0xb                       inst_46+16
x30 <- 0x0000000000220000

mem[X,0x0000000080000720] -> 0x0F13
mem[X,0x0000000080000722] -> 0x10BF
[457] [M]: 0x0000000080000720 (0x10BF0F13) addi x30, x30, 0x10b                     inst_46+20
x30 <- 0x000000000022010B

clint mtime 0x00000000000000E5 (mip.MTI <- 0b1, mip.STI <- 0b0)
mem[X,0x0000000080000724] -> 0x1F13
mem[X,0x0000000080000726] -> 0x00AF
[458] [M]: 0x0000000080000724 (0x00AF1F13) slli x30, x30, 0xa                       inst_46+24
x30 <- 0x0000000088042C00

mem[X,0x0000000080000728] -> 0x0F13
mem[X,0x000000008000072A] -> 0x3FFF
[459] [M]: 0x0000000080000728 (0x3FFF0F13) addi x30, x30, 0x3ff                     inst_46+28
x30 <- 0x0000000088042FFF

clint mtime 0x00000000000000E6 (mip.MTI <- 0b1, mip.STI <- 0b0)
mem[X,0x000000008000072C] -> 0x5F93
mem[X,0x000000008000072E] -> 0x687F
[460] [M]: 0x000000008000072C (0x687F5F93) brev8 x31, x30                           inst_46+32
x31 <- 0x000000001120F4FF

mem[X,0x0000000080000730] -> 0xB823
mem[X,0x0000000080000732] -> 0x09F2
[461] [M]: 0x0000000080000730 (0x09F2B823) sd x31, 0x90(x5)                         inst_46+36
mem[W,0x0000000080004288] <- 0x000000001120F4FF

clint mtime 0x00000000000000E7 (mip.MTI <- 0b1, mip.STI <- 0b0)
mem[X,0x0000000080000734] -> 0x0F37
mem[X,0x0000000080000736] -> 0x0000
[462] [M]: 0x0000000080000734 (0x00000F37) lui x30, 0x0                             inst_47+0
x30 <- 0x0000000000000000

mem[X,0x0000000080000738] -> 0x0F13
mem[X,0x000000008000073A] -> 0x000F
[463] [M]: 0x0000000080000738 (0x000F0F13) addi x30, x30, 0x0                       inst_47+4
x30 <- 0x0000000000000000

clint mtime 0x00000000000000E8 (mip.MTI <- 0b1, mip.STI <- 0b0)
mem[X,0x000000008000073C] -> 0x1F13
mem[X,0x000000008000073E] -> 0x00BF
[464] [M]: 0x000000008000073C (0x00BF1F13) slli x30, x30, 0xb                       inst_47+8
x30 <- 0x0000000000000000

mem[X,0x0000000080000740] -> 0x0F13
mem[X,0x0000000080000742] -> 0x091F
[465] [M]: 0x0000000080000740 (0x091F0F13) addi x30, x30, 0x91                      inst_47+12
x30 <- 0x0000000000000091

clint mtime 0x00000000000000E9 (mip.MTI <- 0b1, mip.STI <- 0b0)
mem[X,0x0000000080000744] -> 0x1F13
mem[X,0x0000000080000746] -> 0x00BF
[466] [M]: 0x0000000080000744 (0x00BF1F13) slli x30, x30, 0xb                       inst_47+16
x30 <- 0x0000000000048800

mem[X,0x0000000080000748] -> 0x0F13
mem[X,0x000000008000074A] -> 0x067F
[467] [M]: 0x0000000080000748 (0x067F0F13) addi x30, x30, 0x67                      inst_47+20
x30 <- 0x0000000000048867

clint mtime 0x00000000000000EA (mip.MTI <- 0b1, mip.STI <- 0b0)
mem[X,0x000000008000074C] -> 0x1F13
mem[X,0x000000008000074E] -> 0x00AF
[468] [M]: 0x000000008000074C (0x00AF1F13) slli x30, x30, 0xa                       inst_47+24
x30 <- 0x0000000012219C00

mem[X,0x0000000080000750] -> 0x0F13
mem[X,0x0000000080000752] -> 0x3FFF
[469] [M]: 0x0000000080000750 (0x3FFF0F13) addi x30, x30, 0x3ff                     inst_47+28
x30 <- 0x0000000012219FFF

clint mtime 0x00000000000000EB (mip.MTI <- 0b1, mip.STI <- 0b0)
mem[X,0x0000000080000754] -> 0x5F93
mem[X,0x0000000080000756] -> 0x687F
[470] [M]: 0x0000000080000754 (0x687F5F93) brev8 x31, x30                           inst_47+32
x31 <- 0x000000004884F9FF

mem[X,0x0000000080000758] -> 0xBC23
mem[X,0x000000008000075A] -> 0x09F2
[471] [M]: 0x0000000080000758 (0x09F2BC23) sd x31, 0x98(x5)                         inst_47+36
mem[W,0x0000000080004290] <- 0x000000004884F9FF

clint mtime 0x00000000000000EC (mip.MTI <- 0b1, mip.STI <- 0b0)
mem[X,0x000000008000075C] -> 0x0F37
mem[X,0x000000008000075E] -> 0x0000
[472] [M]: 0x000000008000075C (0x00000F37) lui x30, 0x0                             inst_48+0
x30 <- 0x0000000000000000

mem[X,0x0000000080000760] -> 0x0F13
mem[X,0x0000000080000762] -> 0x000F
[473] [M]: 0x0000000080000760 (0x000F0F13) addi x30, x30, 0x0                       inst_48+4
x30 <- 0x0000000000000000

clint mtime 0x00000000000000ED (mip.MTI <- 0b1, mip.STI <- 0b0)
mem[X,0x0000000080000764] -> 0x1F13
mem[X,0x0000000080000766] -> 0x00BF
[474] [M]: 0x0000000080000764 (0x00BF1F13) slli x30, x30, 0xb                       inst_48+8
x30 <- 0x0000000000000000

mem[X,0x0000000080000768] -> 0x0F13
mem[X,0x000000008000076A] -> 0x10AF
[475] [M]: 0x0000000080000768 (0x10AF0F13) addi x30, x30, 0x10a                     inst_48+12
x30 <- 0x000000000000010A

clint mtime 0x00000000000000EE (mip.MTI <- 0b1, mip.STI <- 0b0)
mem[X,0x000000008000076C] -> 0x1F13
mem[X,0x000000008000076E] -> 0x00BF
[476] [M]: 0x000000008000076C (0x00BF1F13) slli x30, x30, 0xb                       inst_48+16
x30 <- 0x0000000000085000

mem[X,0x0000000080000770] -> 0x0F13
mem[X,0x0000000080000772] -> 0x56FF
[477] [M]: 0x0000000080000770 (0x56FF0F13) addi x30, x30, 0x56f                     inst_48+20
x30 <- 0x000000000008556F

clint mtime 0x00000000000000EF (mip.MTI <- 0b1, mip.STI <- 0b0)
mem[X,0x0000000080000774] -> 0x1F13
mem[X,0x0000000080000776] -> 0x00AF
[478] [M]: 0x0000000080000774 (0x00AF1F13) slli x30, x30, 0xa                       inst_48+24
x30 <- 0x000000002155BC00

mem[X,0x0000000080000778] -> 0x0F13
mem[X,0x000000008000077A] -> 0x3FFF
[479] [M]: 0x0000000080000778 (0x3FFF0F13) addi x30, x30, 0x3ff                     inst_48+28
x30 <- 0x000000002155BFFF

clint mtime 0x00000000000000F0 (mip.MTI <- 0b1, mip.STI <- 0b0)
mem[X,0x000000008000077C] -> 0x5F93
mem[X,0x000000008000077E] -> 0x687F
[480] [M]: 0x000000008000077C (0x687F5F93) brev8 x31, x30                           inst_48+32
x31 <- 0x0000000084AAFDFF

mem[X,0x0000000080000780] -> 0xB023
mem[X,0x0000000080000782] -> 0x0BF2
[481] [M]: 0x0000000080000780 (0x0BF2B023) sd x31, 0xa0(x5)                         inst_48+36
mem[W,0x0000000080004298] <- 0x0000000084AAFDFF

clint mtime 0x00000000000000F1 (mip.MTI <- 0b1, mip.STI <- 0b0)
mem[X,0x0000000080000784] -> 0x0F37
mem[X,0x0000000080000786] -> 0x0000
[482] [M]: 0x0000000080000784 (0x00000F37) lui x30, 0x0                             inst_49+0
x30 <- 0x0000000000000000

mem[X,0x0000000080000788] -> 0x0F13
mem[X,0x000000008000078A] -> 0x000F
[483] [M]: 0x0000000080000788 (0x000F0F13) addi x30, x30, 0x0                       inst_49+4
x30 <- 0x0000000000000000

clint mtime 0x00000000000000F2 (mip.MTI <- 0b1, mip.STI <- 0b0)
mem[X,0x000000008000078C] -> 0x1F13
mem[X,0x000000008000078E] -> 0x00BF
[484] [M]: 0x000000008000078C (0x00BF1F13) slli x30, x30, 0xb                       inst_49+8
x30 <- 0x0000000000000000

mem[X,0x0000000080000790] -> 0x0F13
mem[X,0x0000000080000792] -> 0x17FF
[485] [M]: 0x0000000080000790 (0x17FF0F13) addi x30, x30, 0x17f                     inst_49+12
x30 <- 0x000000000000017F

clint mtime 0x00000000000000F3 (mip.MTI <- 0b1, mip.STI <- 0b0)
mem[X,0x0000000080000794] -> 0x1F13
mem[X,0x0000000080000796] -> 0x00BF
[486] [M]: 0x0000000080000794 (0x00BF1F13) slli x30, x30, 0xb                       inst_49+16
x30 <- 0x00000000000BF800

mem[X,0x0000000080000798] -> 0x0F13
mem[X,0x000000008000079A] -> 0x5DFF
[487] [M]: 0x0000000080000798 (0x5DFF0F13) addi x30, x30, 0x5df                     inst_49+20
x30 <- 0x00000000000BFDDF

clint mtime 0x00000000000000F4 (mip.MTI <- 0b1, mip.STI <- 0b0)
mem[X,0x000000008000079C] -> 0x1F13
mem[X,0x000000008000079E] -> 0x00AF
[488] [M]: 0x000000008000079C (0x00AF1F13) slli x30, x30, 0xa                       inst_49+24
x30 <- 0x000000002FF77C00

mem[X,0x00000000800007A0] -> 0x0F13
mem[X,0x00000000800007A2] -> 0x3FFF
[489] [M]: 0x00000000800007A0 (0x3FFF0F13) addi x30, x30, 0x3ff                     inst_49+28
x30 <- 0x000000002FF77FFF

clint mtime 0x00000000000000F5 (mip.MTI <- 0b1, mip.STI <- 0b0)
mem[X,0x00000000800007A4] -> 0x5F93
mem[X,0x00000000800007A6] -> 0x687F
[490] [M]: 0x00000000800007A4 (0x687F5F93) brev8 x31, x30                           inst_49+32
x31 <- 0x00000000F4EFFEFF

mem[X,0x00000000800007A8] -> 0xB423
mem[X,0x00000000800007AA] -> 0x0BF2
[491] [M]: 0x00000000800007A8 (0x0BF2B423) sd x31, 0xa8(x5)                         inst_49+36
mem[W,0x00000000800042A0] <- 0x00000000F4EFFEFF

clint mtime 0x00000000000000F6 (mip.MTI <- 0b1, mip.STI <- 0b0)
mem[X,0x00000000800007AC] -> 0x0F37
mem[X,0x00000000800007AE] -> 0x0000
[492] [M]: 0x00000000800007AC (0x00000F37) lui x30, 0x0                             inst_50+0
x30 <- 0x0000000000000000

mem[X,0x00000000800007B0] -> 0x0F13
mem[X,0x00000000800007B2] -> 0x000F
[493] [M]: 0x00000000800007B0 (0x000F0F13) addi x30, x30, 0x0                       inst_50+4
x30 <- 0x0000000000000000

clint mtime 0x00000000000000F7 (mip.MTI <- 0b1, mip.STI <- 0b0)
mem[X,0x00000000800007B4] -> 0x1F13
mem[X,0x00000000800007B6] -> 0x00BF
[494] [M]: 0x00000000800007B4 (0x00BF1F13) slli x30, x30, 0xb                       inst_50+8
x30 <- 0x0000000000000000

mem[X,0x00000000800007B8] -> 0x0F13
mem[X,0x00000000800007BA] -> 0x5DFF
[495] [M]: 0x00000000800007B8 (0x5DFF0F13) addi x30, x30, 0x5df                     inst_50+12
x30 <- 0x00000000000005DF

clint mtime 0x00000000000000F8 (mip.MTI <- 0b1, mip.STI <- 0b0)
mem[X,0x00000000800007BC] -> 0x1F13
mem[X,0x00000000800007BE] -> 0x00BF
[496] [M]: 0x00000000800007BC (0x00BF1F13) slli x30, x30, 0xb                       inst_50+16
x30 <- 0x00000000002EF800

mem[X,0x00000000800007C0] -> 0x0F13
mem[X,0x00000000800007C2] -> 0x23FF
[497] [M]: 0x00000000800007C0 (0x23FF0F13) addi x30, x30, 0x23f                     inst_50+20
x30 <- 0x00000000002EFA3F

clint mtime 0x00000000000000F9 (mip.MTI <- 0b1, mip.STI <- 0b0)
mem[X,0x00000000800007C4] -> 0x1F13
mem[X,0x00000000800007C6] -> 0x00AF
[498] [M]: 0x00000000800007C4 (0x00AF1F13) slli x30, x30, 0xa                       inst_50+24
x30 <- 0x00000000BBE8FC00

mem[X,0x00000000800007C8] -> 0x0F13
mem[X,0x00000000800007CA] -> 0x3FFF
[499] [M]: 0x00000000800007C8 (0x3FFF0F13) addi x30, x30, 0x3ff                     inst_50+28
x30 <- 0x00000000BBE8FFFF

clint mtime 0x00000000000000FA (mip.MTI <- 0b1, mip.STI <- 0b0)
mem[X,0x00000000800007CC] -> 0x5F93
mem[X,0x00000000800007CE] -> 0x687F
[500] [M]: 0x00000000800007CC (0x687F5F93) brev8 x31, x30                           inst_50+32
x31 <- 0x00000000DD17FFFF

mem[X,0x00000000800007D0] -> 0xB823
mem[X,0x00000000800007D2] -> 0x0BF2
[501] [M]: 0x00000000800007D0 (0x0BF2B823) sd x31, 0xb0(x5)                         inst_50+36
mem[W,0x00000000800042A8] <- 0x00000000DD17FFFF

clint mtime 0x00000000000000FB (mip.MTI <- 0b1, mip.STI <- 0b0)
mem[X,0x00000000800007D4] -> 0x0F37
mem[X,0x00000000800007D6] -> 0x0000
[502] [M]: 0x00000000800007D4 (0x00000F37) lui x30, 0x0                             inst_51+0
x30 <- 0x0000000000000000

mem[X,0x00000000800007D8] -> 0x0F13
mem[X,0x00000000800007DA] -> 0x000F
[503] [M]: 0x00000000800007D8 (0x000F0F13) addi x30, x30, 0x0                       inst_51+4
x30 <- 0x0000000000000000

clint mtime 0x00000000000000FC (mip.MTI <- 0b1, mip.STI <- 0b0)
mem[X,0x00000000800007DC] -> 0x1F13
mem[X,0x00000000800007DE] -> 0x00BF
[504] [M]: 0x00000000800007DC (0x00BF1F13) slli x30, x30, 0xb                       inst_51+8
x30 <- 0x0000000000000000

mem[X,0x00000000800007E0] -> 0x0F13
mem[X,0x00000000800007E2] -> 0x520F
[505] [M]: 0x00000000800007E0 (0x520F0F13) addi x30, x30, 0x520                     inst_51+12
x30 <- 0x0000000000000520

clint mtime 0x00000000000000FD (mip.MTI <- 0b1, mip.STI <- 0b0)
mem[X,0x00000000800007E4] -> 0x1F13
mem[X,0x00000000800007E6] -> 0x00BF
[506] [M]: 0x00000000800007E4 (0x00BF1F13) slli x30, x30, 0xb                       inst_51+16
x30 <- 0x0000000000290000

mem[X,0x00000000800007E8] -> 0x0F13
mem[X,0x00000000800007EA] -> 0x57FF
[507] [M]: 0x00000000800007E8 (0x57FF0F13) addi x30, x30, 0x57f                     inst_51+20
x30 <- 0x000000000029057F

clint mtime 0x00000000000000FE (mip.MTI <- 0b1, mip.STI <- 0b0)
mem[X,0x00000000800007EC] -> 0x1F13
mem[X,0x00000000800007EE] -> 0x00AF
[508] [M]: 0x00000000800007EC (0x00AF1F13) slli x30, x30, 0xa                       inst_51+24
x30 <- 0x00000000A415FC00

mem[X,0x00000000800007F0] -> 0x0F13
mem[X,0x00000000800007F2] -> 0x3FFF
[509] [M]: 0x00000000800007F0 (0x3FFF0F13) addi x30, x30, 0x3ff                     inst_51+28
x30 <- 0x00000000A415FFFF

clint mtime 0x00000000000000FF (mip.MTI <- 0b1, mip.STI <- 0b0)
mem[X,0x00000000800007F4] -> 0x5F93
mem[X,0x00000000800007F6] -> 0x687F
[510] [M]: 0x00000000800007F4 (0x687F5F93) brev8 x31, x30                           inst_51+32
x31 <- 0x0000000025A8FFFF

mem[X,0x00000000800007F8] -> 0xBC23
mem[X,0x00000000800007FA] -> 0x0BF2
[511] [M]: 0x00000000800007F8 (0x0BF2BC23) sd x31, 0xb8(x5)                         inst_51+36
mem[W,0x00000000800042B0] <- 0x0000000025A8FFFF

clint mtime 0x0000000000000100 (mip.MTI <- 0b1, mip.STI <- 0b0)
mem[X,0x00000000800007FC] -> 0x0F37
mem[X,0x00000000800007FE] -> 0x0000
[512] [M]: 0x00000000800007FC (0x00000F37) lui x30, 0x0                             inst_52+0
x30 <- 0x0000000000000000

mem[X,0x0000000080000800] -> 0x0F13
mem[X,0x0000000080000802] -> 0x000F
[513] [M]: 0x0000000080000800 (0x000F0F13) addi x30, x30, 0x0                       inst_52+4
x30 <- 0x0000000000000000

clint mtime 0x0000000000000101 (mip.MTI <- 0b1, mip.STI <- 0b0)
mem[X,0x0000000080000804] -> 0x1F13
mem[X,0x0000000080000806] -> 0x00BF
[514] [M]: 0x0000000080000804 (0x00BF1F13) slli x30, x30, 0xb                       inst_52+8
x30 <- 0x0000000000000000

mem[X,0x0000000080000808] -> 0x0F13
mem[X,0x000000008000080A] -> 0x1CDF
[515] [M]: 0x0000000080000808 (0x1CDF0F13) addi x30, x30, 0x1cd                     inst_52+12
x30 <- 0x00000000000001CD

clint mtime 0x0000000000000102 (mip.MTI <- 0b1, mip.STI <- 0b0)
mem[X,0x000000008000080C] -> 0x1F13
mem[X,0x000000008000080E] -> 0x00BF
[516] [M]: 0x000000008000080C (0x00BF1F13) slli x30, x30, 0xb                       inst_52+16
x30 <- 0x00000000000E6800

mem[X,0x0000000080000810] -> 0x0F13
mem[X,0x0000000080000812] -> 0x0FFF
[517] [M]: 0x0000000080000810 (0x0FFF0F13) addi x30, x30, 0xff                      inst_52+20
x30 <- 0x00000000000E68FF

clint mtime 0x0000000000000103 (mip.MTI <- 0b1, mip.STI <- 0b0)
mem[X,0x0000000080000814] -> 0x1F13
mem[X,0x0000000080000816] -> 0x00AF
[518] [M]: 0x0000000080000814 (0x00AF1F13) slli x30, x30, 0xa                       inst_52+24
x30 <- 0x0000000039A3FC00

mem[X,0x0000000080000818] -> 0x0F13
mem[X,0x000000008000081A] -> 0x3FFF
[519] [M]: 0x0000000080000818 (0x3FFF0F13) addi x30, x30, 0x3ff                     inst_52+28
x30 <- 0x0000000039A3FFFF

clint mtime 0x0000000000000104 (mip.MTI <- 0b1, mip.STI <- 0b0)
mem[X,0x000000008000081C] -> 0x5F93
mem[X,0x000000008000081E] -> 0x687F
[520] [M]: 0x000000008000081C (0x687F5F93) brev8 x31, x30                           inst_52+32
x31 <- 0x000000009CC5FFFF

mem[X,0x0000000080000820] -> 0xB023
mem[X,0x0000000080000822] -> 0x0DF2
[521] [M]: 0x0000000080000820 (0x0DF2B023) sd x31, 0xc0(x5)                         inst_52+36
mem[W,0x00000000800042B8] <- 0x000000009CC5FFFF

clint mtime 0x0000000000000105 (mip.MTI <- 0b1, mip.STI <- 0b0)
mem[X,0x0000000080000824] -> 0x0F37
mem[X,0x0000000080000826] -> 0x0000
[522] [M]: 0x0000000080000824 (0x00000F37) lui x30, 0x0                             inst_53+0
x30 <- 0x0000000000000000

mem[X,0x0000000080000828] -> 0x0F13
mem[X,0x000000008000082A] -> 0x000F
[523] [M]: 0x0000000080000828 (0x000F0F13) addi x30, x30, 0x0                       inst_53+4
x30 <- 0x0000000000000000

clint mtime 0x0000000000000106 (mip.MTI <- 0b1, mip.STI <- 0b0)
mem[X,0x000000008000082C] -> 0x1F13
mem[X,0x000000008000082E] -> 0x00BF
[524] [M]: 0x000000008000082C (0x00BF1F13) slli x30, x30, 0xb                       inst_53+8
x30 <- 0x0000000000000000

mem[X,0x0000000080000830] -> 0x0F13
mem[X,0x0000000080000832] -> 0x6F4F
[525] [M]: 0x0000000080000830 (0x6F4F0F13) addi x30, x30, 0x6f4                     inst_53+12
x30 <- 0x00000000000006F4

clint mtime 0x0000000000000107 (mip.MTI <- 0b1, mip.STI <- 0b0)
mem[X,0x0000000080000834] -> 0x1F13
mem[X,0x0000000080000836] -> 0x00BF
[526] [M]: 0x0000000080000834 (0x00BF1F13) slli x30, x30, 0xb                       inst_53+16
x30 <- 0x000000000037A000

mem[X,0x0000000080000838] -> 0x0F13
mem[X,0x000000008000083A] -> 0x1FFF
[527] [M]: 0x0000000080000838 (0x1FFF0F13) addi x30, x30, 0x1ff                     inst_53+20
x30 <- 0x000000000037A1FF

clint mtime 0x0000000000000108 (mip.MTI <- 0b1, mip.STI <- 0b0)
mem[X,0x000000008000083C] -> 0x1F13
mem[X,0x000000008000083E] -> 0x00AF
[528] [M]: 0x000000008000083C (0x00AF1F13) slli x30, x30, 0xa                       inst_53+24
x30 <- 0x00000000DE87FC00

mem[X,0x0000000080000840] -> 0x0F13
mem[X,0x0000000080000842] -> 0x3FFF
[529] [M]: 0x0000000080000840 (0x3FFF0F13) addi x30, x30, 0x3ff                     inst_53+28
x30 <- 0x00000000DE87FFFF

clint mtime 0x0000000000000109 (mip.MTI <- 0b1, mip.STI <- 0b0)
mem[X,0x0000000080000844] -> 0x5F93
mem[X,0x0000000080000846] -> 0x687F
[530] [M]: 0x0000000080000844 (0x687F5F93) brev8 x31, x30                           inst_53+32
x31 <- 0x000000007BE1FFFF

mem[X,0x0000000080000848] -> 0xB423
mem[X,0x000000008000084A] -> 0x0DF2
[531] [M]: 0x0000000080000848 (0x0DF2B423) sd x31, 0xc8(x5)                         inst_53+36
mem[W,0x00000000800042C0] <- 0x000000007BE1FFFF

clint mtime 0x000000000000010A (mip.MTI <- 0b1, mip.STI <- 0b0)
mem[X,0x000000008000084C] -> 0x0F37
mem[X,0x000000008000084E] -> 0x0000
[532] [M]: 0x000000008000084C (0x00000F37) lui x30, 0x0                             inst_54+0
x30 <- 0x0000000000000000

mem[X,0x0000000080000850] -> 0x0F13
mem[X,0x0000000080000852] -> 0x000F
[533] [M]: 0x0000000080000850 (0x000F0F13) addi x30, x30, 0x0                       inst_54+4
x30 <- 0x0000000000000000

clint mtime 0x000000000000010B (mip.MTI <- 0b1, mip.STI <- 0b0)
mem[X,0x0000000080000854] -> 0x1F13
mem[X,0x0000000080000856] -> 0x00BF
[534] [M]: 0x0000000080000854 (0x00BF1F13) slli x30, x30, 0xb                       inst_54+8
x30 <- 0x0000000000000000

mem[X,0x0000000080000858] -> 0x0F13
mem[X,0x000000008000085A] -> 0x12DF
[535] [M]: 0x0000000080000858 (0x12DF0F13) addi x30, x30, 0x12d                     inst_54+12
x30 <- 0x000000000000012D

clint mtime 0x000000000000010C (mip.MTI <- 0b1, mip.STI <- 0b0)
mem[X,0x000000008000085C] -> 0x1F13
mem[X,0x000000008000085E] -> 0x00BF
[536] [M]: 0x000000008000085C (0x00BF1F13) slli x30, x30, 0xb                       inst_54+16
x30 <- 0x0000000000096800

mem[X,0x0000000080000860] -> 0x0F13
mem[X,0x0000000080000862] -> 0x3FFF
[537] [M]: 0x0000000080000860 (0x3FFF0F13) addi x30, x30, 0x3ff                     inst_54+20
x30 <- 0x0000000000096BFF

clint mtime 0x000000000000010D (mip.MTI <- 0b1, mip.STI <- 0b0)
mem[X,0x0000000080000864] -> 0x1F13
mem[X,0x0000000080000866] -> 0x00AF
[538] [M]: 0x0000000080000864 (0x00AF1F13) slli x30, x30, 0xa                       inst_54+24
x30 <- 0x0000000025AFFC00

mem[X,0x0000000080000868] -> 0x0F13
mem[X,0x000000008000086A] -> 0x3FFF
[539] [M]: 0x0000000080000868 (0x3FFF0F13) addi x30, x30, 0x3ff                     inst_54+28
x30 <- 0x0000000025AFFFFF

clint mtime 0x000000000000010E (mip.MTI <- 0b1, mip.STI <- 0b0)
mem[X,0x000000008000086C] -> 0x5F93
mem[X,0x000000008000086E] -> 0x687F
[540] [M]: 0x000000008000086C (0x687F5F93) brev8 x31, x30                           inst_54+32
x31 <- 0x00000000A4F5FFFF

mem[X,0x0000000080000870] -> 0xB823
mem[X,0x0000000080000872] -> 0x0DF2
[541] [M]: 0x0000000080000870 (0x0DF2B823) sd x31, 0xd0(x5)                         inst_54+36
mem[W,0x00000000800042C8] <- 0x00000000A4F5FFFF

clint mtime 0x000000000000010F (mip.MTI <- 0b1, mip.STI <- 0b0)
mem[X,0x0000000080000874] -> 0x0F37
mem[X,0x0000000080000876] -> 0x0000
[542] [M]: 0x0000000080000874 (0x00000F37) lui x30, 0x0                             inst_55+0
x30 <- 0x0000000000000000

mem[X,0x0000000080000878] -> 0x0F13
mem[X,0x000000008000087A] -> 0x000F
[543] [M]: 0x0000000080000878 (0x000F0F13) addi x30, x30, 0x0                       inst_55+4
x30 <- 0x0000000000000000

clint mtime 0x0000000000000110 (mip.MTI <- 0b1, mip.STI <- 0b0)
mem[X,0x000000008000087C] -> 0x1F13
mem[X,0x000000008000087E] -> 0x00BF
[544] [M]: 0x000000008000087C (0x00BF1F13) slli x30, x30, 0xb                       inst_55+8
x30 <- 0x0000000000000000

mem[X,0x0000000080000880] -> 0x0F13
mem[X,0x0000000080000882] -> 0x554F
[545] [M]: 0x0000000080000880 (0x554F0F13) addi x30, x30, 0x554                     inst_55+12
x30 <- 0x0000000000000554

clint mtime 0x0000000000000111 (mip.MTI <- 0b1, mip.STI <- 0b0)
mem[X,0x0000000080000884] -> 0x1F13
mem[X,0x0000000080000886] -> 0x00BF
[546] [M]: 0x0000000080000884 (0x00BF1F13) slli x30, x30, 0xb                       inst_55+16
x30 <- 0x00000000002AA000

mem[X,0x0000000080000888] -> 0x0F13
mem[X,0x000000008000088A] -> 0x7FFF
[547] [M]: 0x0000000080000888 (0x7FFF0F13) addi x30, x30, 0x7ff                     inst_55+20
x30 <- 0x00000000002AA7FF

clint mtime 0x0000000000000112 (mip.MTI <- 0b1, mip.STI <- 0b0)
mem[X,0x000000008000088C] -> 0x1F13
mem[X,0x000000008000088E] -> 0x00AF
[548] [M]: 0x000000008000088C (0x00AF1F13) slli x30, x30, 0xa                       inst_55+24
x30 <- 0x00000000AA9FFC00

mem[X,0x0000000080000890] -> 0x0F13
mem[X,0x0000000080000892] -> 0x3FFF
[549] [M]: 0x0000000080000890 (0x3FFF0F13) addi x30, x30, 0x3ff                     inst_55+28
x30 <- 0x00000000AA9FFFFF

clint mtime 0x0000000000000113 (mip.MTI <- 0b1, mip.STI <- 0b0)
mem[X,0x0000000080000894] -> 0x5F93
mem[X,0x0000000080000896] -> 0x687F
[550] [M]: 0x0000000080000894 (0x687F5F93) brev8 x31, x30                           inst_55+32
x31 <- 0x0000000055F9FFFF

mem[X,0x0000000080000898] -> 0xBC23
mem[X,0x000000008000089A] -> 0x0DF2
[551] [M]: 0x0000000080000898 (0x0DF2BC23) sd x31, 0xd8(x5)                         inst_55+36
mem[W,0x00000000800042D0] <- 0x0000000055F9FFFF

clint mtime 0x0000000000000114 (mip.MTI <- 0b1, mip.STI <- 0b0)
mem[X,0x000000008000089C] -> 0x0F37
mem[X,0x000000008000089E] -> 0x0000
[552] [M]: 0x000000008000089C (0x00000F37) lui x30, 0x0                             inst_56+0
x30 <- 0x0000000000000000

mem[X,0x00000000800008A0] -> 0x0F13
mem[X,0x00000000800008A2] -> 0x000F
[553] [M]: 0x00000000800008A0 (0x000F0F13) addi x30, x30, 0x0                       inst_56+4
x30 <- 0x0000000000000000

clint mtime 0x0000000000000115 (mip.MTI <- 0b1, mip.STI <- 0b0)
mem[X,0x00000000800008A4] -> 0x1F13
mem[X,0x00000000800008A6] -> 0x00BF
[554] [M]: 0x00000000800008A4 (0x00BF1F13) slli x30, x30, 0xb                       inst_56+8
x30 <- 0x0000000000000000

mem[X,0x00000000800008A8] -> 0x0F13
mem[X,0x00000000800008AA] -> 0x1D9F
[555] [M]: 0x00000000800008A8 (0x1D9F0F13) addi x30, x30, 0x1d9                     inst_56+12
x30 <- 0x00000000000001D9

clint mtime 0x0000000000000116 (mip.MTI <- 0b1, mip.STI <- 0b0)
mem[X,0x00000000800008AC] -> 0x1F13
mem[X,0x00000000800008AE] -> 0x00BF
[556] [M]: 0x00000000800008AC (0x00BF1F13) slli x30, x30, 0xb                       inst_56+16
x30 <- 0x00000000000EC800

mem[X,0x00000000800008B0] -> 0x0F13
mem[X,0x00000000800008B2] -> 0x7FFF
[557] [M]: 0x00000000800008B0 (0x7FFF0F13) addi x30, x30, 0x7ff                     inst_56+20
x30 <- 0x00000000000ECFFF

clint mtime 0x0000000000000117 (mip.MTI <- 0b1, mip.STI <- 0b0)
mem[X,0x00000000800008B4] -> 0x1F13
mem[X,0x00000000800008B6] -> 0x00AF
[558] [M]: 0x00000000800008B4 (0x00AF1F13) slli x30, x30, 0xa                       inst_56+24
x30 <- 0x000000003B3FFC00

mem[X,0x00000000800008B8] -> 0x0F13
mem[X,0x00000000800008BA] -> 0x3FFF
[559] [M]: 0x00000000800008B8 (0x3FFF0F13) addi x30, x30, 0x3ff                     inst_56+28
x30 <- 0x000000003B3FFFFF

clint mtime 0x0000000000000118 (mip.MTI <- 0b1, mip.STI <- 0b0)
mem[X,0x00000000800008BC] -> 0x5F93
mem[X,0x00000000800008BE] -> 0x687F
[560] [M]: 0x00000000800008BC (0x687F5F93) brev8 x31, x30                           inst_56+32
x31 <- 0x00000000DCFCFFFF

mem[X,0x00000000800008C0] -> 0xB023
mem[X,0x00000000800008C2] -> 0x0FF2
[561] [M]: 0x00000000800008C0 (0x0FF2B023) sd x31, 0xe0(x5)                         inst_56+36
mem[W,0x00000000800042D8] <- 0x00000000DCFCFFFF

clint mtime 0x0000000000000119 (mip.MTI <- 0b1, mip.STI <- 0b0)
mem[X,0x00000000800008C4] -> 0x0F37
mem[X,0x00000000800008C6] -> 0x0000
[562] [M]: 0x00000000800008C4 (0x00000F37) lui x30, 0x0                             inst_57+0
x30 <- 0x0000000000000000

mem[X,0x00000000800008C8] -> 0x0F13
mem[X,0x00000000800008CA] -> 0x000F
[563] [M]: 0x00000000800008C8 (0x000F0F13) addi x30, x30, 0x0                       inst_57+4
x30 <- 0x0000000000000000

clint mtime 0x000000000000011A (mip.MTI <- 0b1, mip.STI <- 0b0)
mem[X,0x00000000800008CC] -> 0x1F13
mem[X,0x00000000800008CE] -> 0x00BF
[564] [M]: 0x00000000800008CC (0x00BF1F13) slli x30, x30, 0xb                       inst_57+8
x30 <- 0x0000000000000000

mem[X,0x00000000800008D0] -> 0x0F13
mem[X,0x00000000800008D2] -> 0x533F
[565] [M]: 0x00000000800008D0 (0x533F0F13) addi x30, x30, 0x533                     inst_57+12
x30 <- 0x0000000000000533

clint mtime 0x000000000000011B (mip.MTI <- 0b1, mip.STI <- 0b0)
mem[X,0x00000000800008D4] -> 0x1F13
mem[X,0x00000000800008D6] -> 0x00BF
[566] [M]: 0x00000000800008D4 (0x00BF1F13) slli x30, x30, 0xb                       inst_57+16
x30 <- 0x0000000000299800

mem[X,0x00000000800008D8] -> 0x0F13
mem[X,0x00000000800008DA] -> 0x7FFF
[567] [M]: 0x00000000800008D8 (0x7FFF0F13) addi x30, x30, 0x7ff                     inst_57+20
x30 <- 0x0000000000299FFF

clint mtime 0x000000000000011C (mip.MTI <- 0b1, mip.STI <- 0b0)
mem[X,0x00000000800008DC] -> 0x1F13
mem[X,0x00000000800008DE] -> 0x00AF
[568] [M]: 0x00000000800008DC (0x00AF1F13) slli x30, x30, 0xa                       inst_57+24
x30 <- 0x00000000A67FFC00

mem[X,0x00000000800008E0] -> 0x0F13
mem[X,0x00000000800008E2] -> 0x3FFF
[569] [M]: 0x00000000800008E0 (0x3FFF0F13) addi x30, x30, 0x3ff                     inst_57+28
x30 <- 0x00000000A67FFFFF

clint mtime 0x000000000000011D (mip.MTI <- 0b1, mip.STI <- 0b0)
mem[X,0x00000000800008E4] -> 0x5F93
mem[X,0x00000000800008E6] -> 0x687F
[570] [M]: 0x00000000800008E4 (0x687F5F93) brev8 x31, x30                           inst_57+32
x31 <- 0x0000000065FEFFFF

mem[X,0x00000000800008E8] -> 0xB423
mem[X,0x00000000800008EA] -> 0x0FF2
[571] [M]: 0x00000000800008E8 (0x0FF2B423) sd x31, 0xe8(x5)                         inst_57+36
mem[W,0x00000000800042E0] <- 0x0000000065FEFFFF

clint mtime 0x000000000000011E (mip.MTI <- 0b1, mip.STI <- 0b0)
mem[X,0x00000000800008EC] -> 0x0F37
mem[X,0x00000000800008EE] -> 0x0000
[572] [M]: 0x00000000800008EC (0x00000F37) lui x30, 0x0                             inst_58+0
x30 <- 0x0000000000000000

mem[X,0x00000000800008F0] -> 0x0F13
mem[X,0x00000000800008F2] -> 0x000F
[573] [M]: 0x00000000800008F0 (0x000F0F13) addi x30, x30, 0x0                       inst_58+4
x30 <- 0x0000000000000000

clint mtime 0x000000000000011F (mip.MTI <- 0b1, mip.STI <- 0b0)
mem[X,0x00000000800008F4] -> 0x1F13
mem[X,0x00000000800008F6] -> 0x00BF
[574] [M]: 0x00000000800008F4 (0x00BF1F13) slli x30, x30, 0xb                       inst_58+8
x30 <- 0x0000000000000000

mem[X,0x00000000800008F8] -> 0x0F13
mem[X,0x00000000800008FA] -> 0x177F
[575] [M]: 0x00000000800008F8 (0x177F0F13) addi x30, x30, 0x177                     inst_58+12
x30 <- 0x0000000000000177

clint mtime 0x0000000000000120 (mip.MTI <- 0b1, mip.STI <- 0b0)
mem[X,0x00000000800008FC] -> 0x1F13
mem[X,0x00000000800008FE] -> 0x00BF
[576] [M]: 0x00000000800008FC (0x00BF1F13) slli x30, x30, 0xb                       inst_58+16
x30 <- 0x00000000000BB800

mem[X,0x0000000080000900] -> 0x0F13
mem[X,0x0000000080000902] -> 0x7FFF
[577] [M]: 0x0000000080000900 (0x7FFF0F13) addi x30, x30, 0x7ff                     inst_58+20
x30 <- 0x00000000000BBFFF

clint mtime 0x0000000000000121 (mip.MTI <- 0b1, mip.STI <- 0b0)
mem[X,0x0000000080000904] -> 0x1F13
mem[X,0x0000000080000906] -> 0x00AF
[578] [M]: 0x0000000080000904 (0x00AF1F13) slli x30, x30, 0xa                       inst_58+24
x30 <- 0x000000002EFFFC00

mem[X,0x0000000080000908] -> 0x0F13
mem[X,0x000000008000090A] -> 0x3FFF
[579] [M]: 0x0000000080000908 (0x3FFF0F13) addi x30, x30, 0x3ff                     inst_58+28
x30 <- 0x000000002EFFFFFF

clint mtime 0x0000000000000122 (mip.MTI <- 0b1, mip.STI <- 0b0)
mem[X,0x000000008000090C] -> 0x5F93
mem[X,0x000000008000090E] -> 0x687F
[580] [M]: 0x000000008000090C (0x687F5F93) brev8 x31, x30                           inst_58+32
x31 <- 0x0000000074FFFFFF

mem[X,0x0000000080000910] -> 0xB823
mem[X,0x0000000080000912] -> 0x0FF2
[581] [M]: 0x0000000080000910 (0x0FF2B823) sd x31, 0xf0(x5)                         inst_58+36
mem[W,0x00000000800042E8] <- 0x0000000074FFFFFF

clint mtime 0x0000000000000123 (mip.MTI <- 0b1, mip.STI <- 0b0)
mem[X,0x0000000080000914] -> 0x0F37
mem[X,0x0000000080000916] -> 0x0000
[582] [M]: 0x0000000080000914 (0x00000F37) lui x30, 0x0                             inst_59+0
x30 <- 0x0000000000000000

mem[X,0x0000000080000918] -> 0x0F13
mem[X,0x000000008000091A] -> 0x000F
[583] [M]: 0x0000000080000918 (0x000F0F13) addi x30, x30, 0x0                       inst_59+4
x30 <- 0x0000000000000000

clint mtime 0x0000000000000124 (mip.MTI <- 0b1, mip.STI <- 0b0)
mem[X,0x000000008000091C] -> 0x1F13
mem[X,0x000000008000091E] -> 0x00BF
[584] [M]: 0x000000008000091C (0x00BF1F13) slli x30, x30, 0xb                       inst_59+8
x30 <- 0x0000000000000000

mem[X,0x0000000080000920] -> 0x0F13
mem[X,0x0000000080000922] -> 0x70FF
[585] [M]: 0x0000000080000920 (0x70FF0F13) addi x30, x30, 0x70f                     inst_59+12
x30 <- 0x000000000000070F

clint mtime 0x0000000000000125 (mip.MTI <- 0b1, mip.STI <- 0b0)
mem[X,0x0000000080000924] -> 0x1F13
mem[X,0x0000000080000926] -> 0x00BF
[586] [M]: 0x0000000080000924 (0x00BF1F13) slli x30, x30, 0xb                       inst_59+16
x30 <- 0x0000000000387800

mem[X,0x0000000080000928] -> 0x0F13
mem[X,0x000000008000092A] -> 0x7FFF
[587] [M]: 0x0000000080000928 (0x7FFF0F13) addi x30, x30, 0x7ff                     inst_59+20
x30 <- 0x0000000000387FFF

clint mtime 0x0000000000000126 (mip.MTI <- 0b1, mip.STI <- 0b0)
mem[X,0x000000008000092C] -> 0x1F13
mem[X,0x000000008000092E] -> 0x00AF
[588] [M]: 0x000000008000092C (0x00AF1F13) slli x30, x30, 0xa                       inst_59+24
x30 <- 0x00000000E1FFFC00

mem[X,0x0000000080000930] -> 0x0F13
mem[X,0x0000000080000932] -> 0x3FFF
[589] [M]: 0x0000000080000930 (0x3FFF0F13) addi x30, x30, 0x3ff                     inst_59+28
x30 <- 0x00000000E1FFFFFF

clint mtime 0x0000000000000127 (mip.MTI <- 0b1, mip.STI <- 0b0)
mem[X,0x0000000080000934] -> 0x5F93
mem[X,0x0000000080000936] -> 0x687F
[590] [M]: 0x0000000080000934 (0x687F5F93) brev8 x31, x30                           inst_59+32
x31 <- 0x0000000087FFFFFF

mem[X,0x0000000080000938] -> 0xBC23
mem[X,0x000000008000093A] -> 0x0FF2
[591] [M]: 0x0000000080000938 (0x0FF2BC23) sd x31, 0xf8(x5)                         inst_59+36
mem[W,0x00000000800042F0] <- 0x0000000087FFFFFF

clint mtime 0x0000000000000128 (mip.MTI <- 0b1, mip.STI <- 0b0)
mem[X,0x000000008000093C] -> 0x0F37
mem[X,0x000000008000093E] -> 0x0000
[592] [M]: 0x000000008000093C (0x00000F37) lui x30, 0x0                             inst_60+0
x30 <- 0x0000000000000000

mem[X,0x0000000080000940] -> 0x0F13
mem[X,0x0000000080000942] -> 0x000F
[593] [M]: 0x0000000080000940 (0x000F0F13) addi x30, x30, 0x0                       inst_60+4
x30 <- 0x0000000000000000

clint mtime 0x0000000000000129 (mip.MTI <- 0b1, mip.STI <- 0b0)
mem[X,0x0000000080000944] -> 0x1F13
mem[X,0x0000000080000946] -> 0x00BF
[594] [M]: 0x0000000080000944 (0x00BF1F13) slli x30, x30, 0xb                       inst_60+8
x30 <- 0x0000000000000000

mem[X,0x0000000080000948] -> 0x0F13
mem[X,0x000000008000094A] -> 0x6DFF
[595] [M]: 0x0000000080000948 (0x6DFF0F13) addi x30, x30, 0x6df                     inst_60+12
x30 <- 0x00000000000006DF

clint mtime 0x000000000000012A (mip.MTI <- 0b1, mip.STI <- 0b0)
mem[X,0x000000008000094C] -> 0x1F13
mem[X,0x000000008000094E] -> 0x00BF
[596] [M]: 0x000000008000094C (0x00BF1F13) slli x30, x30, 0xb                       inst_60+16
x30 <- 0x000000000036F800

mem[X,0x0000000080000950] -> 0x0F13
mem[X,0x0000000080000952] -> 0x7FFF
[597] [M]: 0x0000000080000950 (0x7FFF0F13) addi x30, x30, 0x7ff                     inst_60+20
x30 <- 0x000000000036FFFF

clint mtime 0x000000000000012B (mip.MTI <- 0b1, mip.STI <- 0b0)
mem[X,0x0000000080000954] -> 0x1F13
mem[X,0x0000000080000956] -> 0x00AF
[598] [M]: 0x0000000080000954 (0x00AF1F13) slli x30, x30, 0xa                       inst_60+24
x30 <- 0x00000000DBFFFC00

mem[X,0x0000000080000958] -> 0x0F13
mem[X,0x000000008000095A] -> 0x3FFF
[599] [M]: 0x0000000080000958 (0x3FFF0F13) addi x30, x30, 0x3ff                     inst_60+28
x30 <- 0x00000000DBFFFFFF

clint mtime 0x000000000000012C (mip.MTI <- 0b1, mip.STI <- 0b0)
mem[X,0x000000008000095C] -> 0x5F93
mem[X,0x000000008000095E] -> 0x687F
[600] [M]: 0x000000008000095C (0x687F5F93) brev8 x31, x30                           inst_60+32
x31 <- 0x00000000DBFFFFFF

mem[X,0x0000000080000960] -> 0xB023
mem[X,0x0000000080000962] -> 0x11F2
[601] [M]: 0x0000000080000960 (0x11F2B023) sd x31, 0x100(x5)                        inst_60+36
mem[W,0x00000000800042F8] <- 0x00000000DBFFFFFF

clint mtime 0x000000000000012D (mip.MTI <- 0b1, mip.STI <- 0b0)
mem[X,0x0000000080000964] -> 0x0F37
mem[X,0x0000000080000966] -> 0x0000
[602] [M]: 0x0000000080000964 (0x00000F37) lui x30, 0x0                             inst_61+0
x30 <- 0x0000000000000000

mem[X,0x0000000080000968] -> 0x0F13
mem[X,0x000000008000096A] -> 0x000F
[603] [M]: 0x0000000080000968 (0x000F0F13) addi x30, x30, 0x0                       inst_61+4
x30 <- 0x0000000000000000

clint mtime 0x000000000000012E (mip.MTI <- 0b1, mip.STI <- 0b0)
mem[X,0x000000008000096C] -> 0x1F13
mem[X,0x000000008000096E] -> 0x00BF
[604] [M]: 0x000000008000096C (0x00BF1F13) slli x30, x30, 0xb                       inst_61+8
x30 <- 0x0000000000000000

mem[X,0x0000000080000970] -> 0x0F13
mem[X,0x0000000080000972] -> 0x63FF
[605] [M]: 0x0000000080000970 (0x63FF0F13) addi x30, x30, 0x63f                     inst_61+12
x30 <- 0x000000000000063F

clint mtime 0x000000000000012F (mip.MTI <- 0b1, mip.STI <- 0b0)
mem[X,0x0000000080000974] -> 0x1F13
mem[X,0x0000000080000976] -> 0x00BF
[606] [M]: 0x0000000080000974 (0x00BF1F13) slli x30, x30, 0xb                       inst_61+16
x30 <- 0x000000000031F800

mem[X,0x0000000080000978] -> 0x0F13
mem[X,0x000000008000097A] -> 0x7FFF
[607] [M]: 0x0000000080000978 (0x7FFF0F13) addi x30, x30, 0x7ff                     inst_61+20
x30 <- 0x000000000031FFFF

clint mtime 0x0000000000000130 (mip.MTI <- 0b1, mip.STI <- 0b0)
mem[X,0x000000008000097C] -> 0x1F13
mem[X,0x000000008000097E] -> 0x00AF
[608] [M]: 0x000000008000097C (0x00AF1F13) slli x30, x30, 0xa                       inst_61+24
x30 <- 0x00000000C7FFFC00

mem[X,0x0000000080000980] -> 0x0F13
mem[X,0x0000000080000982] -> 0x3FFF
[609] [M]: 0x0000000080000980 (0x3FFF0F13) addi x30, x30, 0x3ff                     inst_61+28
x30 <- 0x00000000C7FFFFFF

clint mtime 0x0000000000000131 (mip.MTI <- 0b1, mip.STI <- 0b0)
mem[X,0x0000000080000984] -> 0x5F93
mem[X,0x0000000080000986] -> 0x687F
[610] [M]: 0x0000000080000984 (0x687F5F93) brev8 x31, x30                           inst_61+32
x31 <- 0x00000000E3FFFFFF

mem[X,0x0000000080000988] -> 0xB423
mem[X,0x000000008000098A] -> 0x11F2
[611] [M]: 0x0000000080000988 (0x11F2B423) sd x31, 0x108(x5)                        inst_61+36
mem[W,0x0000000080004300] <- 0x00000000E3FFFFFF

clint mtime 0x0000000000000132 (mip.MTI <- 0b1, mip.STI <- 0b0)
mem[X,0x000000008000098C] -> 0x0F37
mem[X,0x000000008000098E] -> 0x0000
[612] [M]: 0x000000008000098C (0x00000F37) lui x30, 0x0                             inst_62+0
x30 <- 0x0000000000000000

mem[X,0x0000000080000990] -> 0x0F13
mem[X,0x0000000080000992] -> 0x000F
[613] [M]: 0x0000000080000990 (0x000F0F13) addi x30, x30, 0x0                       inst_62+4
x30 <- 0x0000000000000000

clint mtime 0x0000000000000133 (mip.MTI <- 0b1, mip.STI <- 0b0)
mem[X,0x0000000080000994] -> 0x1F13
mem[X,0x0000000080000996] -> 0x00BF
[614] [M]: 0x0000000080000994 (0x00BF1F13) slli x30, x30, 0xb                       inst_62+8
x30 <- 0x0000000000000000

mem[X,0x0000000080000998] -> 0x0F13
mem[X,0x000000008000099A] -> 0x57FF
[615] [M]: 0x0000000080000998 (0x57FF0F13) addi x30, x30, 0x57f                     inst_62+12
x30 <- 0x000000000000057F

clint mtime 0x0000000000000134 (mip.MTI <- 0b1, mip.STI <- 0b0)
mem[X,0x000000008000099C] -> 0x1F13
mem[X,0x000000008000099E] -> 0x00BF
[616] [M]: 0x000000008000099C (0x00BF1F13) slli x30, x30, 0xb                       inst_62+16
x30 <- 0x00000000002BF800

mem[X,0x00000000800009A0] -> 0x0F13
mem[X,0x00000000800009A2] -> 0x7FFF
[617] [M]: 0x00000000800009A0 (0x7FFF0F13) addi x30, x30, 0x7ff                     inst_62+20
x30 <- 0x00000000002BFFFF

clint mtime 0x0000000000000135 (mip.MTI <- 0b1, mip.STI <- 0b0)
mem[X,0x00000000800009A4] -> 0x1F13
mem[X,0x00000000800009A6] -> 0x00AF
[618] [M]: 0x00000000800009A4 (0x00AF1F13) slli x30, x30, 0xa                       inst_62+24
x30 <- 0x00000000AFFFFC00

mem[X,0x00000000800009A8] -> 0x0F13
mem[X,0x00000000800009AA] -> 0x3FFF
[619] [M]: 0x00000000800009A8 (0x3FFF0F13) addi x30, x30, 0x3ff                     inst_62+28
x30 <- 0x00000000AFFFFFFF

clint mtime 0x0000000000000136 (mip.MTI <- 0b1, mip.STI <- 0b0)
mem[X,0x00000000800009AC] -> 0x5F93
mem[X,0x00000000800009AE] -> 0x687F
[620] [M]: 0x00000000800009AC (0x687F5F93) brev8 x31, x30                           inst_62+32
x31 <- 0x00000000F5FFFFFF

mem[X,0x00000000800009B0] -> 0xB823
mem[X,0x00000000800009B2] -> 0x11F2
[621] [M]: 0x00000000800009B0 (0x11F2B823) sd x31, 0x110(x5)                        inst_62+36
mem[W,0x0000000080004308] <- 0x00000000F5FFFFFF

clint mtime 0x0000000000000137 (mip.MTI <- 0b1, mip.STI <- 0b0)
mem[X,0x00000000800009B4] -> 0x0F37
mem[X,0x00000000800009B6] -> 0x0000
[622] [M]: 0x00000000800009B4 (0x00000F37) lui x30, 0x0                             inst_63+0
x30 <- 0x0000000000000000

mem[X,0x00000000800009B8] -> 0x0F13
mem[X,0x00000000800009BA] -> 0x000F
[623] [M]: 0x00000000800009B8 (0x000F0F13) addi x30, x30, 0x0                       inst_63+4
x30 <- 0x0000000000000000

clint mtime 0x0000000000000138 (mip.MTI <- 0b1, mip.STI <- 0b0)
mem[X,0x00000000800009BC] -> 0x1F13
mem[X,0x00000000800009BE] -> 0x00BF
[624] [M]: 0x00000000800009BC (0x00BF1F13) slli x30, x30, 0xb                       inst_63+8
x30 <- 0x0000000000000000

mem[X,0x00000000800009C0] -> 0x0F13
mem[X,0x00000000800009C2] -> 0x6FFF
[625] [M]: 0x00000000800009C0 (0x6FFF0F13) addi x30, x30, 0x6ff                     inst_63+12
x30 <- 0x00000000000006FF

clint mtime 0x0000000000000139 (mip.MTI <- 0b1, mip.STI <- 0b0)
mem[X,0x00000000800009C4] -> 0x1F13
mem[X,0x00000000800009C6] -> 0x00BF
[626] [M]: 0x00000000800009C4 (0x00BF1F13) slli x30, x30, 0xb                       inst_63+16
x30 <- 0x000000000037F800

mem[X,0x00000000800009C8] -> 0x0F13
mem[X,0x00000000800009CA] -> 0x7FFF
[627] [M]: 0x00000000800009C8 (0x7FFF0F13) addi x30, x30, 0x7ff                     inst_63+20
x30 <- 0x000000000037FFFF

clint mtime 0x000000000000013A (mip.MTI <- 0b1, mip.STI <- 0b0)
mem[X,0x00000000800009CC] -> 0x1F13
mem[X,0x00000000800009CE] -> 0x00AF
[628] [M]: 0x00000000800009CC (0x00AF1F13) slli x30, x30, 0xa                       inst_63+24
x30 <- 0x00000000DFFFFC00

mem[X,0x00000000800009D0] -> 0x0F13
mem[X,0x00000000800009D2] -> 0x3FFF
[629] [M]: 0x00000000800009D0 (0x3FFF0F13) addi x30, x30, 0x3ff                     inst_63+28
x30 <- 0x00000000DFFFFFFF

clint mtime 0x000000000000013B (mip.MTI <- 0b1, mip.STI <- 0b0)
mem[X,0x00000000800009D4] -> 0x5F93
mem[X,0x00000000800009D6] -> 0x687F
[630] [M]: 0x00000000800009D4 (0x687F5F93) brev8 x31, x30                           inst_63+32
x31 <- 0x00000000FBFFFFFF

mem[X,0x00000000800009D8] -> 0xBC23
mem[X,0x00000000800009DA] -> 0x11F2
[631] [M]: 0x00000000800009D8 (0x11F2BC23) sd x31, 0x118(x5)                        inst_63+36
mem[W,0x0000000080004310] <- 0x00000000FBFFFFFF

clint mtime 0x000000000000013C (mip.MTI <- 0b1, mip.STI <- 0b0)
mem[X,0x00000000800009DC] -> 0x0F37
mem[X,0x00000000800009DE] -> 0x0000
[632] [M]: 0x00000000800009DC (0x00000F37) lui x30, 0x0                             inst_64+0
x30 <- 0x0000000000000000

mem[X,0x00000000800009E0] -> 0x0F13
mem[X,0x00000000800009E2] -> 0x000F
[633] [M]: 0x00000000800009E0 (0x000F0F13) addi x30, x30, 0x0                       inst_64+4
x30 <- 0x0000000000000000

clint mtime 0x000000000000013D (mip.MTI <- 0b1, mip.STI <- 0b0)
mem[X,0x00000000800009E4] -> 0x1F13
mem[X,0x00000000800009E6] -> 0x00BF
[634] [M]: 0x00000000800009E4 (0x00BF1F13) slli x30, x30, 0xb                       inst_64+8
x30 <- 0x0000000000000000

mem[X,0x00000000800009E8] -> 0x0F13
mem[X,0x00000000800009EA] -> 0x5FFF
[635] [M]: 0x00000000800009E8 (0x5FFF0F13) addi x30, x30, 0x5ff                     inst_64+12
x30 <- 0x00000000000005FF

clint mtime 0x000000000000013E (mip.MTI <- 0b1, mip.STI <- 0b0)
mem[X,0x00000000800009EC] -> 0x1F13
mem[X,0x00000000800009EE] -> 0x00BF
[636] [M]: 0x00000000800009EC (0x00BF1F13) slli x30, x30, 0xb                       inst_64+16
x30 <- 0x00000000002FF800

mem[X,0x00000000800009F0] -> 0x0F13
mem[X,0x00000000800009F2] -> 0x7FFF
[637] [M]: 0x00000000800009F0 (0x7FFF0F13) addi x30, x30, 0x7ff                     inst_64+20
x30 <- 0x00000000002FFFFF

clint mtime 0x000000000000013F (mip.MTI <- 0b1, mip.STI <- 0b0)
mem[X,0x00000000800009F4] -> 0x1F13
mem[X,0x00000000800009F6] -> 0x00AF
[638] [M]: 0x00000000800009F4 (0x00AF1F13) slli x30, x30, 0xa                       inst_64+24
x30 <- 0x00000000BFFFFC00

mem[X,0x00000000800009F8] -> 0x0F13
mem[X,0x00000000800009FA] -> 0x3FFF
[639] [M]: 0x00000000800009F8 (0x3FFF0F13) addi x30, x30, 0x3ff                     inst_64+28
x30 <- 0x00000000BFFFFFFF

clint mtime 0x0000000000000140 (mip.MTI <- 0b1, mip.STI <- 0b0)
mem[X,0x00000000800009FC] -> 0x5F93
mem[X,0x00000000800009FE] -> 0x687F
[640] [M]: 0x00000000800009FC (0x687F5F93) brev8 x31, x30                           inst_64+32
x31 <- 0x00000000FDFFFFFF

mem[X,0x0000000080000A00] -> 0xB023
mem[X,0x0000000080000A02] -> 0x13F2
[641] [M]: 0x0000000080000A00 (0x13F2B023) sd x31, 0x120(x5)                        inst_64+36
mem[W,0x0000000080004318] <- 0x00000000FDFFFFFF

clint mtime 0x0000000000000141 (mip.MTI <- 0b1, mip.STI <- 0b0)
mem[X,0x0000000080000A04] -> 0x0F13
mem[X,0x0000000080000A06] -> 0xFFF0
[642] [M]: 0x0000000080000A04 (0xFFF00F13) addi x30, x0, -0x1                       inst_65+0
x30 <- 0xFFFFFFFFFFFFFFFF

mem[X,0x0000000080000A08] -> 0x5F13
mem[X,0x0000000080000A0A] -> 0x021F
[643] [M]: 0x0000000080000A08 (0x021F5F13) srli x30, x30, 0x21                      inst_65+4
x30 <- 0x000000007FFFFFFF

clint mtime 0x0000000000000142 (mip.MTI <- 0b1, mip.STI <- 0b0)
mem[X,0x0000000080000A0C] -> 0x5F93
mem[X,0x0000000080000A0E] -> 0x687F
[644] [M]: 0x0000000080000A0C (0x687F5F93) brev8 x31, x30                           inst_65+8
x31 <- 0x00000000FEFFFFFF

mem[X,0x0000000080000A10] -> 0xB423
mem[X,0x0000000080000A12] -> 0x13F2
[645] [M]: 0x0000000080000A10 (0x13F2B423) sd x31, 0x128(x5)                        inst_65+12
mem[W,0x0000000080004320] <- 0x00000000FEFFFFFF

clint mtime 0x0000000000000143 (mip.MTI <- 0b1, mip.STI <- 0b0)
mem[X,0x0000000080000A14] -> 0x0F13
mem[X,0x0000000080000A16] -> 0xFFF0
[646] [M]: 0x0000000080000A14 (0xFFF00F13) addi x30, x0, -0x1                       inst_66+0
x30 <- 0xFFFFFFFFFFFFFFFF

mem[X,0x0000000080000A18] -> 0x5F13
mem[X,0x0000000080000A1A] -> 0x020F
[647] [M]: 0x0000000080000A18 (0x020F5F13) srli x30, x30, 0x20                      inst_66+4
x30 <- 0x00000000FFFFFFFF

clint mtime 0x0000000000000144 (mip.MTI <- 0b1, mip.STI <- 0b0)
mem[X,0x0000000080000A1C] -> 0x5F93
mem[X,0x0000000080000A1E] -> 0x687F
[648] [M]: 0x0000000080000A1C (0x687F5F93) brev8 x31, x30                           inst_66+8
x31 <- 0x00000000FFFFFFFF

mem[X,0x0000000080000A20] -> 0xB823
mem[X,0x0000000080000A22] -> 0x13F2
[649] [M]: 0x0000000080000A20 (0x13F2B823) sd x31, 0x130(x5)                        inst_66+12
mem[W,0x0000000080004328] <- 0x00000000FFFFFFFF

clint mtime 0x0000000000000145 (mip.MTI <- 0b1, mip.STI <- 0b0)
mem[X,0x0000000080000A24] -> 0x0F37
mem[X,0x0000000080000A26] -> 0x0000
[650] [M]: 0x0000000080000A24 (0x00000F37) lui x30, 0x0                             inst_67+0
x30 <- 0x0000000000000000

mem[X,0x0000000080000A28] -> 0x0F13
mem[X,0x0000000080000A2A] -> 0x000F
[651] [M]: 0x0000000080000A28 (0x000F0F13) addi x30, x30, 0x0                       inst_67+4
x30 <- 0x0000000000000000

clint mtime 0x0000000000000146 (mip.MTI <- 0b1, mip.STI <- 0b0)
mem[X,0x0000000080000A2C] -> 0x1F13
mem[X,0x0000000080000A2E] -> 0x00BF
[652] [M]: 0x0000000080000A2C (0x00BF1F13) slli x30, x30, 0xb                       inst_67+8
x30 <- 0x0000000000000000

mem[X,0x0000000080000A30] -> 0x0F13
mem[X,0x0000000080000A32] -> 0x7DBF
[653] [M]: 0x0000000080000A30 (0x7DBF0F13) addi x30, x30, 0x7db                     inst_67+12
x30 <- 0x00000000000007DB

clint mtime 0x0000000000000147 (mip.MTI <- 0b1, mip.STI <- 0b0)
mem[X,0x0000000080000A34] -> 0x1F13
mem[X,0x0000000080000A36] -> 0x00BF
[654] [M]: 0x0000000080000A34 (0x00BF1F13) slli x30, x30, 0xb                       inst_67+16
x30 <- 0x00000000003ED800

mem[X,0x0000000080000A38] -> 0x0F13
mem[X,0x0000000080000A3A] -> 0x441F
[655] [M]: 0x0000000080000A38 (0x441F0F13) addi x30, x30, 0x441                     inst_67+20
x30 <- 0x00000000003EDC41

clint mtime 0x0000000000000148 (mip.MTI <- 0b1, mip.STI <- 0b0)
mem[X,0x0000000080000A3C] -> 0x1F13
mem[X,0x0000000080000A3E] -> 0x00AF
[656] [M]: 0x0000000080000A3C (0x00AF1F13) slli x30, x30, 0xa                       inst_67+24
x30 <- 0x00000000FB710400

mem[X,0x0000000080000A40] -> 0x0F13
mem[X,0x0000000080000A42] -> 0x335F
[657] [M]: 0x0000000080000A40 (0x335F0F13) addi x30, x30, 0x335                     inst_67+28
x30 <- 0x00000000FB710735

clint mtime 0x0000000000000149 (mip.MTI <- 0b1, mip.STI <- 0b0)
mem[X,0x0000000080000A44] -> 0x5F93
mem[X,0x0000000080000A46] -> 0x687F
[658] [M]: 0x0000000080000A44 (0x687F5F93) brev8 x31, x30                           inst_67+32
x31 <- 0x00000000DF8EE0AC

mem[X,0x0000000080000A48] -> 0xBC23
mem[X,0x0000000080000A4A] -> 0x13F2
[659] [M]: 0x0000000080000A48 (0x13F2BC23) sd x31, 0x138(x5)                        inst_67+36
mem[W,0x0000000080004330] <- 0x00000000DF8EE0AC

clint mtime 0x000000000000014A (mip.MTI <- 0b1, mip.STI <- 0b0)
mem[X,0x0000000080000A4C] -> 0xAF37
mem[X,0x0000000080000A4E] -> 0x161B
[660] [M]: 0x0000000080000A4C (0x161BAF37) lui x30, 0x161ba                         inst_68+0
x30 <- 0x00000000161BA000

mem[X,0x0000000080000A50] -> 0x0F13
mem[X,0x0000000080000A52] -> 0x1B3F
[661] [M]: 0x0000000080000A50 (0x1B3F0F13) addi x30, x30, 0x1b3                     inst_68+4
x30 <- 0x00000000161BA1B3

clint mtime 0x000000000000014B (mip.MTI <- 0b1, mip.STI <- 0b0)
mem[X,0x0000000080000A54] -> 0x1F13
mem[X,0x0000000080000A56] -> 0x002F
[662] [M]: 0x0000000080000A54 (0x002F1F13) slli x30, x30, 0x2                       inst_68+8
x30 <- 0x00000000586E86CC

mem[X,0x0000000080000A58] -> 0x5F93
mem[X,0x0000000080000A5A] -> 0x687F
[663] [M]: 0x0000000080000A58 (0x687F5F93) brev8 x31, x30                           inst_68+12
x31 <- 0x000000001A766133

clint mtime 0x000000000000014C (mip.MTI <- 0b1, mip.STI <- 0b0)
mem[X,0x0000000080000A5C] -> 0xB023
mem[X,0x0000000080000A5E] -> 0x15F2
[664] [M]: 0x0000000080000A5C (0x15F2B023) sd x31, 0x140(x5)                        inst_68+16
mem[W,0x0000000080004338] <- 0x000000001A766133

mem[X,0x0000000080000A60] -> 0x1F37
mem[X,0x0000000080000A62] -> 0x0557
[665] [M]: 0x0000000080000A60 (0x05571F37) lui x30, 0x5571                          inst_69+0
x30 <- 0x0000000005571000

clint mtime 0x000000000000014D (mip.MTI <- 0b1, mip.STI <- 0b0)
mem[X,0x0000000080000A64] -> 0x0F13
mem[X,0x0000000080000A66] -> 0x56DF
[666] [M]: 0x0000000080000A64 (0x56DF0F13) addi x30, x30, 0x56d                     inst_69+4
x30 <- 0x000000000557156D

mem[X,0x0000000080000A68] -> 0x1F13
mem[X,0x0000000080000A6A] -> 0x003F
[667] [M]: 0x0000000080000A68 (0x003F1F13) slli x30, x30, 0x3                       inst_69+8
x30 <- 0x000000002AB8AB68

clint mtime 0x000000000000014E (mip.MTI <- 0b1, mip.STI <- 0b0)
mem[X,0x0000000080000A6C] -> 0x5F93
mem[X,0x0000000080000A6E] -> 0x687F
[668] [M]: 0x0000000080000A6C (0x687F5F93) brev8 x31, x30                           inst_69+12
x31 <- 0x00000000541DD516

mem[X,0x0000000080000A70] -> 0xB423
mem[X,0x0000000080000A72] -> 0x15F2
[669] [M]: 0x0000000080000A70 (0x15F2B423) sd x31, 0x148(x5)                        inst_69+16
mem[W,0x0000000080004340] <- 0x00000000541DD516

clint mtime 0x000000000000014F (mip.MTI <- 0b1, mip.STI <- 0b0)
mem[X,0x0000000080000A74] -> 0x0F37
mem[X,0x0000000080000A76] -> 0x0000
[670] [M]: 0x0000000080000A74 (0x00000F37) lui x30, 0x0                             inst_70+0
x30 <- 0x0000000000000000

mem[X,0x0000000080000A78] -> 0x0F13
mem[X,0x0000000080000A7A] -> 0x000F
[671] [M]: 0x0000000080000A78 (0x000F0F13) addi x30, x30, 0x0                       inst_70+4
x30 <- 0x0000000000000000

clint mtime 0x0000000000000150 (mip.MTI <- 0b1, mip.STI <- 0b0)
mem[X,0x0000000080000A7C] -> 0x1F13
mem[X,0x0000000080000A7E] -> 0x00BF
[672] [M]: 0x0000000080000A7C (0x00BF1F13) slli x30, x30, 0xb                       inst_70+8
x30 <- 0x0000000000000000

mem[X,0x0000000080000A80] -> 0x0F13
mem[X,0x0000000080000A82] -> 0x093F
[673] [M]: 0x0000000080000A80 (0x093F0F13) addi x30, x30, 0x93                      inst_70+12
x30 <- 0x0000000000000093

clint mtime 0x0000000000000151 (mip.MTI <- 0b1, mip.STI <- 0b0)
mem[X,0x0000000080000A84] -> 0x1F13
mem[X,0x0000000080000A86] -> 0x00BF
[674] [M]: 0x0000000080000A84 (0x00BF1F13) slli x30, x30, 0xb                       inst_70+16
x30 <- 0x0000000000049800

mem[X,0x0000000080000A88] -> 0x0F13
mem[X,0x0000000080000A8A] -> 0x2DFF
[675] [M]: 0x0000000080000A88 (0x2DFF0F13) addi x30, x30, 0x2df                     inst_70+20
x30 <- 0x0000000000049ADF

clint mtime 0x0000000000000152 (mip.MTI <- 0b1, mip.STI <- 0b0)
mem[X,0x0000000080000A8C] -> 0x1F13
mem[X,0x0000000080000A8E] -> 0x00AF
[676] [M]: 0x0000000080000A8C (0x00AF1F13) slli x30, x30, 0xa                       inst_70+24
x30 <- 0x00000000126B7C00

mem[X,0x0000000080000A90] -> 0x0F13
mem[X,0x0000000080000A92] -> 0x363F
[677] [M]: 0x0000000080000A90 (0x363F0F13) addi x30, x30, 0x363                     inst_70+28
x30 <- 0x00000000126B7F63

clint mtime 0x0000000000000153 (mip.MTI <- 0b1, mip.STI <- 0b0)
mem[X,0x0000000080000A94] -> 0x5F93
mem[X,0x0000000080000A96] -> 0x687F
[678] [M]: 0x0000000080000A94 (0x687F5F93) brev8 x31, x30                           inst_70+32
x31 <- 0x0000000048D6FEC6

mem[X,0x0000000080000A98] -> 0xB823
mem[X,0x0000000080000A9A] -> 0x15F2
[679] [M]: 0x0000000080000A98 (0x15F2B823) sd x31, 0x150(x5)                        inst_70+36
mem[W,0x0000000080004348] <- 0x0000000048D6FEC6

clint mtime 0x0000000000000154 (mip.MTI <- 0b1, mip.STI <- 0b0)
mem[X,0x0000000080000A9C] -> 0xAF37
mem[X,0x0000000080000A9E] -> 0x0130
[680] [M]: 0x0000000080000A9C (0x0130AF37) lui x30, 0x130a                          inst_71+0
x30 <- 0x000000000130A000

mem[X,0x0000000080000AA0] -> 0x0F13
mem[X,0x0000000080000AA2] -> 0x5E5F
[681] [M]: 0x0000000080000AA0 (0x5E5F0F13) addi x30, x30, 0x5e5                     inst_71+4
x30 <- 0x000000000130A5E5

clint mtime 0x0000000000000155 (mip.MTI <- 0b1, mip.STI <- 0b0)
mem[X,0x0000000080000AA4] -> 0x1F13
mem[X,0x0000000080000AA6] -> 0x003F
[682] [M]: 0x0000000080000AA4 (0x003F1F13) slli x30, x30, 0x3                       inst_71+8
x30 <- 0x0000000009852F28

mem[X,0x0000000080000AA8] -> 0x5F93
mem[X,0x0000000080000AAA] -> 0x687F
[683] [M]: 0x0000000080000AA8 (0x687F5F93) brev8 x31, x30                           inst_71+12
x31 <- 0x0000000090A1F414

clint mtime 0x0000000000000156 (mip.MTI <- 0b1, mip.STI <- 0b0)
mem[X,0x0000000080000AAC] -> 0xBC23
mem[X,0x0000000080000AAE] -> 0x15F2
[684] [M]: 0x0000000080000AAC (0x15F2BC23) sd x31, 0x158(x5)                        inst_71+16
mem[W,0x0000000080004350] <- 0x0000000090A1F414

mem[X,0x0000000080000AB0] -> 0x0F37
mem[X,0x0000000080000AB2] -> 0x0000
[685] [M]: 0x0000000080000AB0 (0x00000F37) lui x30, 0x0                             inst_72+0
x30 <- 0x0000000000000000

clint mtime 0x0000000000000157 (mip.MTI <- 0b1, mip.STI <- 0b0)
mem[X,0x0000000080000AB4] -> 0x0F13
mem[X,0x0000000080000AB6] -> 0x000F
[686] [M]: 0x0000000080000AB4 (0x000F0F13) addi x30, x30, 0x0                       inst_72+4
x30 <- 0x0000000000000000

mem[X,0x0000000080000AB8] -> 0x1F13
mem[X,0x0000000080000ABA] -> 0x00BF
[687] [M]: 0x0000000080000AB8 (0x00BF1F13) slli x30, x30, 0xb                       inst_72+8
x30 <- 0x0000000000000000

clint mtime 0x0000000000000158 (mip.MTI <- 0b1, mip.STI <- 0b0)
mem[X,0x0000000080000ABC] -> 0x0F13
mem[X,0x0000000080000ABE] -> 0x03FF
[688] [M]: 0x0000000080000ABC (0x03FF0F13) addi x30, x30, 0x3f                      inst_72+12
x30 <- 0x000000000000003F

mem[X,0x0000000080000AC0] -> 0x1F13
mem[X,0x0000000080000AC2] -> 0x00BF
[689] [M]: 0x0000000080000AC0 (0x00BF1F13) slli x30, x30, 0xb                       inst_72+16
x30 <- 0x000000000001F800

clint mtime 0x0000000000000159 (mip.MTI <- 0b1, mip.STI <- 0b0)
mem[X,0x0000000080000AC4] -> 0x0F13
mem[X,0x0000000080000AC6] -> 0x3FEF
[690] [M]: 0x0000000080000AC4 (0x3FEF0F13) addi x30, x30, 0x3fe                     inst_72+20
x30 <- 0x000000000001FBFE

mem[X,0x0000000080000AC8] -> 0x1F13
mem[X,0x0000000080000ACA] -> 0x00AF
[691] [M]: 0x0000000080000AC8 (0x00AF1F13) slli x30, x30, 0xa                       inst_72+24
x30 <- 0x0000000007EFF800

clint mtime 0x000000000000015A (mip.MTI <- 0b1, mip.STI <- 0b0)
mem[X,0x0000000080000ACC] -> 0x0F13
mem[X,0x0000000080000ACE] -> 0x1C1F
[692] [M]: 0x0000000080000ACC (0x1C1F0F13) addi x30, x30, 0x1c1                     inst_72+28
x30 <- 0x0000000007EFF9C1

mem[X,0x0000000080000AD0] -> 0x5F93
mem[X,0x0000000080000AD2] -> 0x687F
[693] [M]: 0x0000000080000AD0 (0x687F5F93) brev8 x31, x30                           inst_72+32
x31 <- 0x00000000E0F79F83

clint mtime 0x000000000000015B (mip.MTI <- 0b1, mip.STI <- 0b0)
mem[X,0x0000000080000AD4] -> 0xB023
mem[X,0x0000000080000AD6] -> 0x17F2
[694] [M]: 0x0000000080000AD4 (0x17F2B023) sd x31, 0x160(x5)                        inst_72+36
mem[W,0x0000000080004358] <- 0x00000000E0F79F83

mem[X,0x0000000080000AD8] -> 0x1F37
mem[X,0x0000000080000ADA] -> 0x000D
[695] [M]: 0x0000000080000AD8 (0x000D1F37) lui x30, 0xd1                            inst_73+0
x30 <- 0x00000000000D1000

clint mtime 0x000000000000015C (mip.MTI <- 0b1, mip.STI <- 0b0)
mem[X,0x0000000080000ADC] -> 0x0F13
mem[X,0x0000000080000ADE] -> 0x375F
[696] [M]: 0x0000000080000ADC (0x375F0F13) addi x30, x30, 0x375                     inst_73+4
x30 <- 0x00000000000D1375

mem[X,0x0000000080000AE0] -> 0x1F13
mem[X,0x0000000080000AE2] -> 0x006F
[697] [M]: 0x0000000080000AE0 (0x006F1F13) slli x30, x30, 0x6                       inst_73+8
x30 <- 0x000000000344DD40

clint mtime 0x000000000000015D (mip.MTI <- 0b1, mip.STI <- 0b0)
mem[X,0x0000000080000AE4] -> 0x5F93
mem[X,0x0000000080000AE6] -> 0x687F
[698] [M]: 0x0000000080000AE4 (0x687F5F93) brev8 x31, x30                           inst_73+12
x31 <- 0x00000000C022BB02

mem[X,0x0000000080000AE8] -> 0xB423
mem[X,0x0000000080000AEA] -> 0x17F2
[699] [M]: 0x0000000080000AE8 (0x17F2B423) sd x31, 0x168(x5)                        inst_73+16
mem[W,0x0000000080004360] <- 0x00000000C022BB02

clint mtime 0x000000000000015E (mip.MTI <- 0b1, mip.STI <- 0b0)
mem[X,0x0000000080000AEC] -> 0x0F37
mem[X,0x0000000080000AEE] -> 0x0000
[700] [M]: 0x0000000080000AEC (0x00000F37) lui x30, 0x0                             inst_74+0
x30 <- 0x0000000000000000

mem[X,0x0000000080000AF0] -> 0x0F13
mem[X,0x0000000080000AF2] -> 0x000F
[701] [M]: 0x0000000080000AF0 (0x000F0F13) addi x30, x30, 0x0                       inst_74+4
x30 <- 0x0000000000000000

clint mtime 0x000000000000015F (mip.MTI <- 0b1, mip.STI <- 0b0)
mem[X,0x0000000080000AF4] -> 0x1F13
mem[X,0x0000000080000AF6] -> 0x00BF
[702] [M]: 0x0000000080000AF4 (0x00BF1F13) slli x30, x30, 0xb                       inst_74+8
x30 <- 0x0000000000000000

mem[X,0x0000000080000AF8] -> 0x0F13
mem[X,0x0000000080000AFA] -> 0x00FF
[703] [M]: 0x0000000080000AF8 (0x00FF0F13) addi x30, x30, 0xf                       inst_74+12
x30 <- 0x000000000000000F

clint mtime 0x0000000000000160 (mip.MTI <- 0b1, mip.STI <- 0b0)
mem[X,0x0000000080000AFC] -> 0x1F13
mem[X,0x0000000080000AFE] -> 0x00BF
[704] [M]: 0x0000000080000AFC (0x00BF1F13) slli x30, x30, 0xb                       inst_74+16
x30 <- 0x0000000000007800

mem[X,0x0000000080000B00] -> 0x0F13
mem[X,0x0000000080000B02] -> 0x1F4F
[705] [M]: 0x0000000080000B00 (0x1F4F0F13) addi x30, x30, 0x1f4                     inst_74+20
x30 <- 0x00000000000079F4

clint mtime 0x0000000000000161 (mip.MTI <- 0b1, mip.STI <- 0b0)
mem[X,0x0000000080000B04] -> 0x1F13
mem[X,0x0000000080000B06] -> 0x00AF
[706] [M]: 0x0000000080000B04 (0x00AF1F13) slli x30, x30, 0xa                       inst_74+24
x30 <- 0x0000000001E7D000

mem[X,0x0000000080000B08] -> 0x0F13
mem[X,0x0000000080000B0A] -> 0x160F
[707] [M]: 0x0000000080000B08 (0x160F0F13) addi x30, x30, 0x160                     inst_74+28
x30 <- 0x0000000001E7D160

clint mtime 0x0000000000000162 (mip.MTI <- 0b1, mip.STI <- 0b0)
mem[X,0x0000000080000B0C] -> 0x5F93
mem[X,0x0000000080000B0E] -> 0x687F
[708] [M]: 0x0000000080000B0C (0x687F5F93) brev8 x31, x30                           inst_74+32
x31 <- 0x0000000080E78B06

mem[X,0x0000000080000B10] -> 0xB823
mem[X,0x0000000080000B12] -> 0x17F2
[709] [M]: 0x0000000080000B10 (0x17F2B823) sd x31, 0x170(x5)                        inst_74+36
mem[W,0x0000000080004368] <- 0x0000000080E78B06

clint mtime 0x0000000000000163 (mip.MTI <- 0b1, mip.STI <- 0b0)
mem[X,0x0000000080000B14] -> 0x1F37
mem[X,0x0000000080000B16] -> 0x005B
[710] [M]: 0x0000000080000B14 (0x005B1F37) lui x30, 0x5b1                           inst_75+0
x30 <- 0x00000000005B1000

mem[X,0x0000000080000B18] -> 0x0F13
mem[X,0x0000000080000B1A] -> 0x793F
[711] [M]: 0x0000000080000B18 (0x793F0F13) addi x30, x30, 0x793                     inst_75+4
x30 <- 0x00000000005B1793

clint mtime 0x0000000000000164 (mip.MTI <- 0b1, mip.STI <- 0b0)
mem[X,0x0000000080000B1C] -> 0x1F13
mem[X,0x0000000080000B1E] -> 0x001F
[712] [M]: 0x0000000080000B1C (0x001F1F13) slli x30, x30, 0x1                       inst_75+8
x30 <- 0x0000000000B62F26

mem[X,0x0000000080000B20] -> 0x5F93
mem[X,0x0000000080000B22] -> 0x687F
[713] [M]: 0x0000000080000B20 (0x687F5F93) brev8 x31, x30                           inst_75+12
x31 <- 0x00000000006DF464

clint mtime 0x0000000000000165 (mip.MTI <- 0b1, mip.STI <- 0b0)
mem[X,0x0000000080000B24] -> 0xBC23
mem[X,0x0000000080000B26] -> 0x17F2
[714] [M]: 0x0000000080000B24 (0x17F2BC23) sd x31, 0x178(x5)                        inst_75+16
mem[W,0x0000000080004370] <- 0x00000000006DF464

mem[X,0x0000000080000B28] -> 0x0F37
mem[X,0x0000000080000B2A] -> 0x0000
[715] [M]: 0x0000000080000B28 (0x00000F37) lui x30, 0x0                             inst_76+0
x30 <- 0x0000000000000000

clint mtime 0x0000000000000166 (mip.MTI <- 0b1, mip.STI <- 0b0)
mem[X,0x0000000080000B2C] -> 0x0F13
mem[X,0x0000000080000B2E] -> 0x000F
[716] [M]: 0x0000000080000B2C (0x000F0F13) addi x30, x30, 0x0                       inst_76+4
x30 <- 0x0000000000000000

mem[X,0x0000000080000B30] -> 0x1F13
mem[X,0x0000000080000B32] -> 0x00BF
[717] [M]: 0x0000000080000B30 (0x00BF1F13) slli x30, x30, 0xb                       inst_76+8
x30 <- 0x0000000000000000

clint mtime 0x0000000000000167 (mip.MTI <- 0b1, mip.STI <- 0b0)
mem[X,0x0000000080000B34] -> 0x0F13
mem[X,0x0000000080000B36] -> 0x002F
[718] [M]: 0x0000000080000B34 (0x002F0F13) addi x30, x30, 0x2                       inst_76+12
x30 <- 0x0000000000000002

mem[X,0x0000000080000B38] -> 0x1F13
mem[X,0x0000000080000B3A] -> 0x00BF
[719] [M]: 0x0000000080000B38 (0x00BF1F13) slli x30, x30, 0xb                       inst_76+16
x30 <- 0x0000000000001000

clint mtime 0x0000000000000168 (mip.MTI <- 0b1, mip.STI <- 0b0)
mem[X,0x0000000080000B3C] -> 0x0F13
mem[X,0x0000000080000B3E] -> 0x32BF
[720] [M]: 0x0000000080000B3C (0x32BF0F13) addi x30, x30, 0x32b                     inst_76+20
x30 <- 0x000000000000132B

mem[X,0x0000000080000B40] -> 0x1F13
mem[X,0x0000000080000B42] -> 0x00AF
[721] [M]: 0x0000000080000B40 (0x00AF1F13) slli x30, x30, 0xa                       inst_76+24
x30 <- 0x00000000004CAC00

clint mtime 0x0000000000000169 (mip.MTI <- 0b1, mip.STI <- 0b0)
mem[X,0x0000000080000B44] -> 0x0F13
mem[X,0x0000000080000B46] -> 0x39DF
[722] [M]: 0x0000000080000B44 (0x39DF0F13) addi x30, x30, 0x39d                     inst_76+28
x30 <- 0x00000000004CAF9D

mem[X,0x0000000080000B48] -> 0x5F93
mem[X,0x0000000080000B4A] -> 0x687F
[723] [M]: 0x0000000080000B48 (0x687F5F93) brev8 x31, x30                           inst_76+32
x31 <- 0x000000000032F5B9

clint mtime 0x000000000000016A (mip.MTI <- 0b1, mip.STI <- 0b0)
mem[X,0x0000000080000B4C] -> 0xB023
mem[X,0x0000000080000B4E] -> 0x19F2
[724] [M]: 0x0000000080000B4C (0x19F2B023) sd x31, 0x180(x5)                        inst_76+36
mem[W,0x0000000080004378] <- 0x000000000032F5B9

mem[X,0x0000000080000B50] -> 0x0F37
mem[X,0x0000000080000B52] -> 0x0000
[725] [M]: 0x0000000080000B50 (0x00000F37) lui x30, 0x0                             inst_77+0
x30 <- 0x0000000000000000

clint mtime 0x000000000000016B (mip.MTI <- 0b1, mip.STI <- 0b0)
mem[X,0x0000000080000B54] -> 0x0F13
mem[X,0x0000000080000B56] -> 0x000F
[726] [M]: 0x0000000080000B54 (0x000F0F13) addi x30, x30, 0x0                       inst_77+4
x30 <- 0x0000000000000000

mem[X,0x0000000080000B58] -> 0x1F13
mem[X,0x0000000080000B5A] -> 0x00BF
[727] [M]: 0x0000000080000B58 (0x00BF1F13) slli x30, x30, 0xb                       inst_77+8
x30 <- 0x0000000000000000

clint mtime 0x000000000000016C (mip.MTI <- 0b1, mip.STI <- 0b0)
mem[X,0x0000000080000B5C] -> 0x0F13
mem[X,0x0000000080000B5E] -> 0x001F
[728] [M]: 0x0000000080000B5C (0x001F0F13) addi x30, x30, 0x1                       inst_77+12
x30 <- 0x0000000000000001

mem[X,0x0000000080000B60] -> 0x1F13
mem[X,0x0000000080000B62] -> 0x00BF
[729] [M]: 0x0000000080000B60 (0x00BF1F13) slli x30, x30, 0xb                       inst_77+16
x30 <- 0x0000000000000800

clint mtime 0x000000000000016D (mip.MTI <- 0b1, mip.STI <- 0b0)
mem[X,0x0000000080000B64] -> 0x0F13
mem[X,0x0000000080000B66] -> 0x2EDF
[730] [M]: 0x0000000080000B64 (0x2EDF0F13) addi x30, x30, 0x2ed                     inst_77+20
x30 <- 0x0000000000000AED

mem[X,0x0000000080000B68] -> 0x1F13
mem[X,0x0000000080000B6A] -> 0x00AF
[731] [M]: 0x0000000080000B68 (0x00AF1F13) slli x30, x30, 0xa                       inst_77+24
x30 <- 0x00000000002BB400

clint mtime 0x000000000000016E (mip.MTI <- 0b1, mip.STI <- 0b0)
mem[X,0x0000000080000B6C] -> 0x0F13
mem[X,0x0000000080000B6E] -> 0x082F
[732] [M]: 0x0000000080000B6C (0x082F0F13) addi x30, x30, 0x82                      inst_77+28
x30 <- 0x00000000002BB482

mem[X,0x0000000080000B70] -> 0x5F93
mem[X,0x0000000080000B72] -> 0x687F
[733] [M]: 0x0000000080000B70 (0x687F5F93) brev8 x31, x30                           inst_77+32
x31 <- 0x0000000000D42D41

clint mtime 0x000000000000016F (mip.MTI <- 0b1, mip.STI <- 0b0)
mem[X,0x0000000080000B74] -> 0xB423
mem[X,0x0000000080000B76] -> 0x19F2
[734] [M]: 0x0000000080000B74 (0x19F2B423) sd x31, 0x188(x5)                        inst_77+36
mem[W,0x0000000080004380] <- 0x0000000000D42D41

mem[X,0x0000000080000B78] -> 0x0F37
mem[X,0x0000000080000B7A] -> 0x0000
[735] [M]: 0x0000000080000B78 (0x00000F37) lui x30, 0x0                             inst_78+0
x30 <- 0x0000000000000000

clint mtime 0x0000000000000170 (mip.MTI <- 0b1, mip.STI <- 0b0)
mem[X,0x0000000080000B7C] -> 0x0F13
mem[X,0x0000000080000B7E] -> 0x000F
[736] [M]: 0x0000000080000B7C (0x000F0F13) addi x30, x30, 0x0                       inst_78+4
x30 <- 0x0000000000000000

mem[X,0x0000000080000B80] -> 0x1F13
mem[X,0x0000000080000B82] -> 0x00BF
[737] [M]: 0x0000000080000B80 (0x00BF1F13) slli x30, x30, 0xb                       inst_78+8
x30 <- 0x0000000000000000

clint mtime 0x0000000000000171 (mip.MTI <- 0b1, mip.STI <- 0b0)
mem[X,0x0000000080000B84] -> 0x0F13
mem[X,0x0000000080000B86] -> 0x000F
[738] [M]: 0x0000000080000B84 (0x000F0F13) addi x30, x30, 0x0                       inst_78+12
x30 <- 0x0000000000000000

mem[X,0x0000000080000B88] -> 0x1F13
mem[X,0x0000000080000B8A] -> 0x00BF
[739] [M]: 0x0000000080000B88 (0x00BF1F13) slli x30, x30, 0xb                       inst_78+16
x30 <- 0x0000000000000000

clint mtime 0x0000000000000172 (mip.MTI <- 0b1, mip.STI <- 0b0)
mem[X,0x0000000080000B8C] -> 0x0F13
mem[X,0x0000000080000B8E] -> 0x4FBF
[740] [M]: 0x0000000080000B8C (0x4FBF0F13) addi x30, x30, 0x4fb                     inst_78+20
x30 <- 0x00000000000004FB

mem[X,0x0000000080000B90] -> 0x1F13
mem[X,0x0000000080000B92] -> 0x00AF
[741] [M]: 0x0000000080000B90 (0x00AF1F13) slli x30, x30, 0xa                       inst_78+24
x30 <- 0x000000000013EC00

clint mtime 0x0000000000000173 (mip.MTI <- 0b1, mip.STI <- 0b0)
mem[X,0x0000000080000B94] -> 0x0F13
mem[X,0x0000000080000B96] -> 0x1C7F
[742] [M]: 0x0000000080000B94 (0x1C7F0F13) addi x30, x30, 0x1c7                     inst_78+28
x30 <- 0x000000000013EDC7

mem[X,0x0000000080000B98] -> 0x5F93
mem[X,0x0000000080000B9A] -> 0x687F
[743] [M]: 0x0000000080000B98 (0x687F5F93) brev8 x31, x30                           inst_78+32
x31 <- 0x0000000000C8B7E3

clint mtime 0x0000000000000174 (mip.MTI <- 0b1, mip.STI <- 0b0)
mem[X,0x0000000080000B9C] -> 0xB823
mem[X,0x0000000080000B9E] -> 0x19F2
[744] [M]: 0x0000000080000B9C (0x19F2B823) sd x31, 0x190(x5)                        inst_78+36
mem[W,0x0000000080004388] <- 0x0000000000C8B7E3

mem[X,0x0000000080000BA0] -> 0x0F37
mem[X,0x0000000080000BA2] -> 0x0000
[745] [M]: 0x0000000080000BA0 (0x00000F37) lui x30, 0x0                             inst_79+0
x30 <- 0x0000000000000000

clint mtime 0x0000000000000175 (mip.MTI <- 0b1, mip.STI <- 0b0)
mem[X,0x0000000080000BA4] -> 0x0F13
mem[X,0x0000000080000BA6] -> 0x000F
[746] [M]: 0x0000000080000BA4 (0x000F0F13) addi x30, x30, 0x0                       inst_79+4
x30 <- 0x0000000000000000

mem[X,0x0000000080000BA8] -> 0x1F13
mem[X,0x0000000080000BAA] -> 0x00BF
[747] [M]: 0x0000000080000BA8 (0x00BF1F13) slli x30, x30, 0xb                       inst_79+8
x30 <- 0x0000000000000000

clint mtime 0x0000000000000176 (mip.MTI <- 0b1, mip.STI <- 0b0)
mem[X,0x0000000080000BAC] -> 0x0F13
mem[X,0x0000000080000BAE] -> 0x000F
[748] [M]: 0x0000000080000BAC (0x000F0F13) addi x30, x30, 0x0                       inst_79+12
x30 <- 0x0000000000000000

mem[X,0x0000000080000BB0] -> 0x1F13
mem[X,0x0000000080000BB2] -> 0x00BF
[749] [M]: 0x0000000080000BB0 (0x00BF1F13) slli x30, x30, 0xb                       inst_79+16
x30 <- 0x0000000000000000

clint mtime 0x0000000000000177 (mip.MTI <- 0b1, mip.STI <- 0b0)
mem[X,0x0000000080000BB4] -> 0x0F13
mem[X,0x0000000080000BB6] -> 0x21EF
[750] [M]: 0x0000000080000BB4 (0x21EF0F13) addi x30, x30, 0x21e                     inst_79+20
x30 <- 0x000000000000021E

mem[X,0x0000000080000BB8] -> 0x1F13
mem[X,0x0000000080000BBA] -> 0x00AF
[751] [M]: 0x0000000080000BB8 (0x00AF1F13) slli x30, x30, 0xa                       inst_79+24
x30 <- 0x0000000000087800

clint mtime 0x0000000000000178 (mip.MTI <- 0b1, mip.STI <- 0b0)
mem[X,0x0000000080000BBC] -> 0x0F13
mem[X,0x0000000080000BBE] -> 0x194F
[752] [M]: 0x0000000080000BBC (0x194F0F13) addi x30, x30, 0x194                     inst_79+28
x30 <- 0x0000000000087994

mem[X,0x0000000080000BC0] -> 0x5F93
mem[X,0x0000000080000BC2] -> 0x687F
[753] [M]: 0x0000000080000BC0 (0x687F5F93) brev8 x31, x30                           inst_79+32
x31 <- 0x0000000000109E29

clint mtime 0x0000000000000179 (mip.MTI <- 0b1, mip.STI <- 0b0)
mem[X,0x0000000080000BC4] -> 0xBC23
mem[X,0x0000000080000BC6] -> 0x19F2
[754] [M]: 0x0000000080000BC4 (0x19F2BC23) sd x31, 0x198(x5)                        inst_79+36
mem[W,0x0000000080004390] <- 0x0000000000109E29

mem[X,0x0000000080000BC8] -> 0x0F37
mem[X,0x0000000080000BCA] -> 0x0000
[755] [M]: 0x0000000080000BC8 (0x00000F37) lui x30, 0x0                             inst_80+0
x30 <- 0x0000000000000000

clint mtime 0x000000000000017A (mip.MTI <- 0b1, mip.STI <- 0b0)
mem[X,0x0000000080000BCC] -> 0x0F13
mem[X,0x0000000080000BCE] -> 0x000F
[756] [M]: 0x0000000080000BCC (0x000F0F13) addi x30, x30, 0x0                       inst_80+4
x30 <- 0x0000000000000000

mem[X,0x0000000080000BD0] -> 0x1F13
mem[X,0x0000000080000BD2] -> 0x00BF
[757] [M]: 0x0000000080000BD0 (0x00BF1F13) slli x30, x30, 0xb                       inst_80+8
x30 <- 0x0000000000000000

clint mtime 0x000000000000017B (mip.MTI <- 0b1, mip.STI <- 0b0)
mem[X,0x0000000080000BD4] -> 0x0F13
mem[X,0x0000000080000BD6] -> 0x000F
[758] [M]: 0x0000000080000BD4 (0x000F0F13) addi x30, x30, 0x0                       inst_80+12
x30 <- 0x0000000000000000

mem[X,0x0000000080000BD8] -> 0x1F13
mem[X,0x0000000080000BDA] -> 0x00BF
[759] [M]: 0x0000000080000BD8 (0x00BF1F13) slli x30, x30, 0xb                       inst_80+16
x30 <- 0x0000000000000000

clint mtime 0x000000000000017C (mip.MTI <- 0b1, mip.STI <- 0b0)
mem[X,0x0000000080000BDC] -> 0x0F13
mem[X,0x0000000080000BDE] -> 0x145F
[760] [M]: 0x0000000080000BDC (0x145F0F13) addi x30, x30, 0x145                     inst_80+20
x30 <- 0x0000000000000145

mem[X,0x0000000080000BE0] -> 0x1F13
mem[X,0x0000000080000BE2] -> 0x00AF
[761] [M]: 0x0000000080000BE0 (0x00AF1F13) slli x30, x30, 0xa                       inst_80+24
x30 <- 0x0000000000051400

clint mtime 0x000000000000017D (mip.MTI <- 0b1, mip.STI <- 0b0)
mem[X,0x0000000080000BE4] -> 0x0F13
mem[X,0x0000000080000BE6] -> 0x026F
[762] [M]: 0x0000000080000BE4 (0x026F0F13) addi x30, x30, 0x26                      inst_80+28
x30 <- 0x0000000000051426

mem[X,0x0000000080000BE8] -> 0x5F93
mem[X,0x0000000080000BEA] -> 0x687F
[763] [M]: 0x0000000080000BE8 (0x687F5F93) brev8 x31, x30                           inst_80+32
x31 <- 0x0000000000A02864

clint mtime 0x000000000000017E (mip.MTI <- 0b1, mip.STI <- 0b0)
mem[X,0x0000000080000BEC] -> 0xB023
mem[X,0x0000000080000BEE] -> 0x1BF2
[764] [M]: 0x0000000080000BEC (0x1BF2B023) sd x31, 0x1a0(x5)                        inst_80+36
mem[W,0x0000000080004398] <- 0x0000000000A02864

mem[X,0x0000000080000BF0] -> 0xAF37
mem[X,0x0000000080000BF2] -> 0x0000
[765] [M]: 0x0000000080000BF0 (0x0000AF37) lui x30, 0xa                             inst_81+0
x30 <- 0x000000000000A000

clint mtime 0x000000000000017F (mip.MTI <- 0b1, mip.STI <- 0b0)
mem[X,0x0000000080000BF4] -> 0x0F13
mem[X,0x0000000080000BF6] -> 0x215F
[766] [M]: 0x0000000080000BF4 (0x215F0F13) addi x30, x30, 0x215                     inst_81+4
x30 <- 0x000000000000A215

mem[X,0x0000000080000BF8] -> 0x1F13
mem[X,0x0000000080000BFA] -> 0x002F
[767] [M]: 0x0000000080000BF8 (0x002F1F13) slli x30, x30, 0x2                       inst_81+8
x30 <- 0x0000000000028854

clint mtime 0x0000000000000180 (mip.MTI <- 0b1, mip.STI <- 0b0)
mem[X,0x0000000080000BFC] -> 0x5F93
mem[X,0x0000000080000BFE] -> 0x687F
[768] [M]: 0x0000000080000BFC (0x687F5F93) brev8 x31, x30                           inst_81+12
x31 <- 0x000000000040112A

mem[X,0x0000000080000C00] -> 0xB423
mem[X,0x0000000080000C02] -> 0x1BF2
[769] [M]: 0x0000000080000C00 (0x1BF2B423) sd x31, 0x1a8(x5)                        inst_81+16
mem[W,0x00000000800043A0] <- 0x000000000040112A

clint mtime 0x0000000000000181 (mip.MTI <- 0b1, mip.STI <- 0b0)
mem[X,0x0000000080000C04] -> 0xBF37
mem[X,0x0000000080000C06] -> 0x0000
[770] [M]: 0x0000000080000C04 (0x0000BF37) lui x30, 0xb                             inst_82+0
x30 <- 0x000000000000B000

mem[X,0x0000000080000C08] -> 0x0F13
mem[X,0x0000000080000C0A] -> 0x3F7F
[771] [M]: 0x0000000080000C08 (0x3F7F0F13) addi x30, x30, 0x3f7                     inst_82+4
x30 <- 0x000000000000B3F7

clint mtime 0x0000000000000182 (mip.MTI <- 0b1, mip.STI <- 0b0)
mem[X,0x0000000080000C0C] -> 0x1F13
mem[X,0x0000000080000C0E] -> 0x001F
[772] [M]: 0x0000000080000C0C (0x001F1F13) slli x30, x30, 0x1                       inst_82+8
x30 <- 0x00000000000167EE

mem[X,0x0000000080000C10] -> 0x5F93
mem[X,0x0000000080000C12] -> 0x687F
[773] [M]: 0x0000000080000C10 (0x687F5F93) brev8 x31, x30                           inst_82+12
x31 <- 0x000000000080E677

clint mtime 0x0000000000000183 (mip.MTI <- 0b1, mip.STI <- 0b0)
mem[X,0x0000000080000C14] -> 0xB823
mem[X,0x0000000080000C16] -> 0x1BF2
[774] [M]: 0x0000000080000C14 (0x1BF2B823) sd x31, 0x1b0(x5)                        inst_82+16
mem[W,0x00000000800043A8] <- 0x000000000080E677

mem[X,0x0000000080000C18] -> 0x0F37
mem[X,0x0000000080000C1A] -> 0x0000
[775] [M]: 0x0000000080000C18 (0x00000F37) lui x30, 0x0                             inst_83+0
x30 <- 0x0000000000000000

clint mtime 0x0000000000000184 (mip.MTI <- 0b1, mip.STI <- 0b0)
mem[X,0x0000000080000C1C] -> 0x0F13
mem[X,0x0000000080000C1E] -> 0x000F
[776] [M]: 0x0000000080000C1C (0x000F0F13) addi x30, x30, 0x0                       inst_83+4
x30 <- 0x0000000000000000

mem[X,0x0000000080000C20] -> 0x1F13
mem[X,0x0000000080000C22] -> 0x00BF
[777] [M]: 0x0000000080000C20 (0x00BF1F13) slli x30, x30, 0xb                       inst_83+8
x30 <- 0x0000000000000000

clint mtime 0x0000000000000185 (mip.MTI <- 0b1, mip.STI <- 0b0)
mem[X,0x0000000080000C24] -> 0x0F13
mem[X,0x0000000080000C26] -> 0x000F
[778] [M]: 0x0000000080000C24 (0x000F0F13) addi x30, x30, 0x0                       inst_83+12
x30 <- 0x0000000000000000

mem[X,0x0000000080000C28] -> 0x1F13
mem[X,0x0000000080000C2A] -> 0x00BF
[779] [M]: 0x0000000080000C28 (0x00BF1F13) slli x30, x30, 0xb                       inst_83+16
x30 <- 0x0000000000000000

clint mtime 0x0000000000000186 (mip.MTI <- 0b1, mip.STI <- 0b0)
mem[X,0x0000000080000C2C] -> 0x0F13
mem[X,0x0000000080000C2E] -> 0x03FF
[780] [M]: 0x0000000080000C2C (0x03FF0F13) addi x30, x30, 0x3f                      inst_83+20
x30 <- 0x000000000000003F

mem[X,0x0000000080000C30] -> 0x1F13
mem[X,0x0000000080000C32] -> 0x00AF
[781] [M]: 0x0000000080000C30 (0x00AF1F13) slli x30, x30, 0xa                       inst_83+24
x30 <- 0x000000000000FC00

clint mtime 0x0000000000000187 (mip.MTI <- 0b1, mip.STI <- 0b0)
mem[X,0x0000000080000C34] -> 0x0F13
mem[X,0x0000000080000C36] -> 0x27AF
[782] [M]: 0x0000000080000C34 (0x27AF0F13) addi x30, x30, 0x27a                     inst_83+28
x30 <- 0x000000000000FE7A

mem[X,0x0000000080000C38] -> 0x5F93
mem[X,0x0000000080000C3A] -> 0x687F
[783] [M]: 0x0000000080000C38 (0x687F5F93) brev8 x31, x30                           inst_83+32
x31 <- 0x0000000000007F5E

clint mtime 0x0000000000000188 (mip.MTI <- 0b1, mip.STI <- 0b0)
mem[X,0x0000000080000C3C] -> 0xBC23
mem[X,0x0000000080000C3E] -> 0x1BF2
[784] [M]: 0x0000000080000C3C (0x1BF2BC23) sd x31, 0x1b8(x5)                        inst_83+36
mem[W,0x00000000800043B0] <- 0x0000000000007F5E

mem[X,0x0000000080000C40] -> 0x0F37
mem[X,0x0000000080000C42] -> 0x0000
[785] [M]: 0x0000000080000C40 (0x00000F37) lui x30, 0x0                             inst_84+0
x30 <- 0x0000000000000000

clint mtime 0x0000000000000189 (mip.MTI <- 0b1, mip.STI <- 0b0)
mem[X,0x0000000080000C44] -> 0x0F13
mem[X,0x0000000080000C46] -> 0x000F
[786] [M]: 0x0000000080000C44 (0x000F0F13) addi x30, x30, 0x0                       inst_84+4
x30 <- 0x0000000000000000

mem[X,0x0000000080000C48] -> 0x1F13
mem[X,0x0000000080000C4A] -> 0x00BF
[787] [M]: 0x0000000080000C48 (0x00BF1F13) slli x30, x30, 0xb                       inst_84+8
x30 <- 0x0000000000000000

clint mtime 0x000000000000018A (mip.MTI <- 0b1, mip.STI <- 0b0)
mem[X,0x0000000080000C4C] -> 0x0F13
mem[X,0x0000000080000C4E] -> 0x000F
[788] [M]: 0x0000000080000C4C (0x000F0F13) addi x30, x30, 0x0                       inst_84+12
x30 <- 0x0000000000000000

mem[X,0x0000000080000C50] -> 0x1F13
mem[X,0x0000000080000C52] -> 0x00BF
[789] [M]: 0x0000000080000C50 (0x00BF1F13) slli x30, x30, 0xb                       inst_84+16
x30 <- 0x0000000000000000

clint mtime 0x000000000000018B (mip.MTI <- 0b1, mip.STI <- 0b0)
mem[X,0x0000000080000C54] -> 0x0F13
mem[X,0x0000000080000C56] -> 0x017F
[790] [M]: 0x0000000080000C54 (0x017F0F13) addi x30, x30, 0x17                      inst_84+20
x30 <- 0x0000000000000017

mem[X,0x0000000080000C58] -> 0x1F13
mem[X,0x0000000080000C5A] -> 0x00AF
[791] [M]: 0x0000000080000C58 (0x00AF1F13) slli x30, x30, 0xa                       inst_84+24
x30 <- 0x0000000000005C00

clint mtime 0x000000000000018C (mip.MTI <- 0b1, mip.STI <- 0b0)
mem[X,0x0000000080000C5C] -> 0x0F13
mem[X,0x0000000080000C5E] -> 0x287F
[792] [M]: 0x0000000080000C5C (0x287F0F13) addi x30, x30, 0x287                     inst_84+28
x30 <- 0x0000000000005E87

mem[X,0x0000000080000C60] -> 0x5F93
mem[X,0x0000000080000C62] -> 0x687F
[793] [M]: 0x0000000080000C60 (0x687F5F93) brev8 x31, x30                           inst_84+32
x31 <- 0x0000000000007AE1

clint mtime 0x000000000000018D (mip.MTI <- 0b1, mip.STI <- 0b0)
mem[X,0x0000000080000C64] -> 0xB023
mem[X,0x0000000080000C66] -> 0x1DF2
[794] [M]: 0x0000000080000C64 (0x1DF2B023) sd x31, 0x1c0(x5)                        inst_84+36
mem[W,0x00000000800043B8] <- 0x0000000000007AE1

mem[X,0x0000000080000C68] -> 0x0F37
mem[X,0x0000000080000C6A] -> 0x0000
[795] [M]: 0x0000000080000C68 (0x00000F37) lui x30, 0x0                             inst_85+0
x30 <- 0x0000000000000000

clint mtime 0x000000000000018E (mip.MTI <- 0b1, mip.STI <- 0b0)
mem[X,0x0000000080000C6C] -> 0x0F13
mem[X,0x0000000080000C6E] -> 0x000F
[796] [M]: 0x0000000080000C6C (0x000F0F13) addi x30, x30, 0x0                       inst_85+4
x30 <- 0x0000000000000000

mem[X,0x0000000080000C70] -> 0x1F13
mem[X,0x0000000080000C72] -> 0x00BF
[797] [M]: 0x0000000080000C70 (0x00BF1F13) slli x30, x30, 0xb                       inst_85+8
x30 <- 0x0000000000000000

clint mtime 0x000000000000018F (mip.MTI <- 0b1, mip.STI <- 0b0)
mem[X,0x0000000080000C74] -> 0x0F13
mem[X,0x0000000080000C76] -> 0x000F
[798] [M]: 0x0000000080000C74 (0x000F0F13) addi x30, x30, 0x0                       inst_85+12
x30 <- 0x0000000000000000

mem[X,0x0000000080000C78] -> 0x1F13
mem[X,0x0000000080000C7A] -> 0x00BF
[799] [M]: 0x0000000080000C78 (0x00BF1F13) slli x30, x30, 0xb                       inst_85+16
x30 <- 0x0000000000000000

clint mtime 0x0000000000000190 (mip.MTI <- 0b1, mip.STI <- 0b0)
mem[X,0x0000000080000C7C] -> 0x0F13
mem[X,0x0000000080000C7E] -> 0x00CF
[800] [M]: 0x0000000080000C7C (0x00CF0F13) addi x30, x30, 0xc                       inst_85+20
x30 <- 0x000000000000000C

mem[X,0x0000000080000C80] -> 0x1F13
mem[X,0x0000000080000C82] -> 0x00AF
[801] [M]: 0x0000000080000C80 (0x00AF1F13) slli x30, x30, 0xa                       inst_85+24
x30 <- 0x0000000000003000

clint mtime 0x0000000000000191 (mip.MTI <- 0b1, mip.STI <- 0b0)
mem[X,0x0000000080000C84] -> 0x0F13
mem[X,0x0000000080000C86] -> 0x1C3F
[802] [M]: 0x0000000080000C84 (0x1C3F0F13) addi x30, x30, 0x1c3                     inst_85+28
x30 <- 0x00000000000031C3

mem[X,0x0000000080000C88] -> 0x5F93
mem[X,0x0000000080000C8A] -> 0x687F
[803] [M]: 0x0000000080000C88 (0x687F5F93) brev8 x31, x30                           inst_85+32
x31 <- 0x0000000000008CC3

clint mtime 0x0000000000000192 (mip.MTI <- 0b1, mip.STI <- 0b0)
mem[X,0x0000000080000C8C] -> 0xB423
mem[X,0x0000000080000C8E] -> 0x1DF2
[804] [M]: 0x0000000080000C8C (0x1DF2B423) sd x31, 0x1c8(x5)                        inst_85+36
mem[W,0x00000000800043C0] <- 0x0000000000008CC3

mem[X,0x0000000080000C90] -> 0x0F37
mem[X,0x0000000080000C92] -> 0x0000
[805] [M]: 0x0000000080000C90 (0x00000F37) lui x30, 0x0                             inst_86+0
x30 <- 0x0000000000000000

clint mtime 0x0000000000000193 (mip.MTI <- 0b1, mip.STI <- 0b0)
mem[X,0x0000000080000C94] -> 0x0F13
mem[X,0x0000000080000C96] -> 0x000F
[806] [M]: 0x0000000080000C94 (0x000F0F13) addi x30, x30, 0x0                       inst_86+4
x30 <- 0x0000000000000000

mem[X,0x0000000080000C98] -> 0x1F13
mem[X,0x0000000080000C9A] -> 0x00BF
[807] [M]: 0x0000000080000C98 (0x00BF1F13) slli x30, x30, 0xb                       inst_86+8
x30 <- 0x0000000000000000

clint mtime 0x0000000000000194 (mip.MTI <- 0b1, mip.STI <- 0b0)
mem[X,0x0000000080000C9C] -> 0x0F13
mem[X,0x0000000080000C9E] -> 0x000F
[808] [M]: 0x0000000080000C9C (0x000F0F13) addi x30, x30, 0x0                       inst_86+12
x30 <- 0x0000000000000000

mem[X,0x0000000080000CA0] -> 0x1F13
mem[X,0x0000000080000CA2] -> 0x00BF
[809] [M]: 0x0000000080000CA0 (0x00BF1F13) slli x30, x30, 0xb                       inst_86+16
x30 <- 0x0000000000000000

clint mtime 0x0000000000000195 (mip.MTI <- 0b1, mip.STI <- 0b0)
mem[X,0x0000000080000CA4] -> 0x0F13
mem[X,0x0000000080000CA6] -> 0x006F
[810] [M]: 0x0000000080000CA4 (0x006F0F13) addi x30, x30, 0x6                       inst_86+20
x30 <- 0x0000000000000006

mem[X,0x0000000080000CA8] -> 0x1F13
mem[X,0x0000000080000CAA] -> 0x00AF
[811] [M]: 0x0000000080000CA8 (0x00AF1F13) slli x30, x30, 0xa                       inst_86+24
x30 <- 0x0000000000001800

clint mtime 0x0000000000000196 (mip.MTI <- 0b1, mip.STI <- 0b0)
mem[X,0x0000000080000CAC] -> 0x0F13
mem[X,0x0000000080000CAE] -> 0x12AF
[812] [M]: 0x0000000080000CAC (0x12AF0F13) addi x30, x30, 0x12a                     inst_86+28
x30 <- 0x000000000000192A

mem[X,0x0000000080000CB0] -> 0x5F93
mem[X,0x0000000080000CB2] -> 0x687F
[813] [M]: 0x0000000080000CB0 (0x687F5F93) brev8 x31, x30                           inst_86+32
x31 <- 0x0000000000009854

clint mtime 0x0000000000000197 (mip.MTI <- 0b1, mip.STI <- 0b0)
mem[X,0x0000000080000CB4] -> 0xB823
mem[X,0x0000000080000CB6] -> 0x1DF2
[814] [M]: 0x0000000080000CB4 (0x1DF2B823) sd x31, 0x1d0(x5)                        inst_86+36
mem[W,0x00000000800043C8] <- 0x0000000000009854

mem[X,0x0000000080000CB8] -> 0x0F37
mem[X,0x0000000080000CBA] -> 0x0000
[815] [M]: 0x0000000080000CB8 (0x00000F37) lui x30, 0x0                             inst_87+0
x30 <- 0x0000000000000000

clint mtime 0x0000000000000198 (mip.MTI <- 0b1, mip.STI <- 0b0)
mem[X,0x0000000080000CBC] -> 0x0F13
mem[X,0x0000000080000CBE] -> 0x000F
[816] [M]: 0x0000000080000CBC (0x000F0F13) addi x30, x30, 0x0                       inst_87+4
x30 <- 0x0000000000000000

mem[X,0x0000000080000CC0] -> 0x1F13
mem[X,0x0000000080000CC2] -> 0x00BF
[817] [M]: 0x0000000080000CC0 (0x00BF1F13) slli x30, x30, 0xb                       inst_87+8
x30 <- 0x0000000000000000

clint mtime 0x0000000000000199 (mip.MTI <- 0b1, mip.STI <- 0b0)
mem[X,0x0000000080000CC4] -> 0x0F13
mem[X,0x0000000080000CC6] -> 0x000F
[818] [M]: 0x0000000080000CC4 (0x000F0F13) addi x30, x30, 0x0                       inst_87+12
x30 <- 0x0000000000000000

mem[X,0x0000000080000CC8] -> 0x1F13
mem[X,0x0000000080000CCA] -> 0x00BF
[819] [M]: 0x0000000080000CC8 (0x00BF1F13) slli x30, x30, 0xb                       inst_87+16
x30 <- 0x0000000000000000

clint mtime 0x000000000000019A (mip.MTI <- 0b1, mip.STI <- 0b0)
mem[X,0x0000000080000CCC] -> 0x0F13
mem[X,0x0000000080000CCE] -> 0x003F
[820] [M]: 0x0000000080000CCC (0x003F0F13) addi x30, x30, 0x3                       inst_87+20
x30 <- 0x0000000000000003

mem[X,0x0000000080000CD0] -> 0x1F13
mem[X,0x0000000080000CD2] -> 0x00AF
[821] [M]: 0x0000000080000CD0 (0x00AF1F13) slli x30, x30, 0xa                       inst_87+24
x30 <- 0x0000000000000C00

clint mtime 0x000000000000019B (mip.MTI <- 0b1, mip.STI <- 0b0)
mem[X,0x0000000080000CD4] -> 0x0F13
mem[X,0x0000000080000CD6] -> 0x279F
[822] [M]: 0x0000000080000CD4 (0x279F0F13) addi x30, x30, 0x279                     inst_87+28
x30 <- 0x0000000000000E79

mem[X,0x0000000080000CD8] -> 0x5F93
mem[X,0x0000000080000CDA] -> 0x687F
[823] [M]: 0x0000000080000CD8 (0x687F5F93) brev8 x31, x30                           inst_87+32
x31 <- 0x000000000000709E

clint mtime 0x000000000000019C (mip.MTI <- 0b1, mip.STI <- 0b0)
mem[X,0x0000000080000CDC] -> 0xBC23
mem[X,0x0000000080000CDE] -> 0x1DF2
[824] [M]: 0x0000000080000CDC (0x1DF2BC23) sd x31, 0x1d8(x5)                        inst_87+36
mem[W,0x00000000800043D0] <- 0x000000000000709E

mem[X,0x0000000080000CE0] -> 0x0F13
mem[X,0x0000000080000CE2] -> 0x77A0
[825] [M]: 0x0000000080000CE0 (0x77A00F13) addi x30, x0, 0x77a                      inst_88+0
x30 <- 0x000000000000077A

clint mtime 0x000000000000019D (mip.MTI <- 0b1, mip.STI <- 0b0)
mem[X,0x0000000080000CE4] -> 0x5F93
mem[X,0x0000000080000CE6] -> 0x687F
[826] [M]: 0x0000000080000CE4 (0x687F5F93) brev8 x31, x30                           inst_88+4
x31 <- 0x000000000000E05E

mem[X,0x0000000080000CE8] -> 0xB023
mem[X,0x0000000080000CEA] -> 0x1FF2
[827] [M]: 0x0000000080000CE8 (0x1FF2B023) sd x31, 0x1e0(x5)                        inst_88+8
mem[W,0x00000000800043D8] <- 0x000000000000E05E

clint mtime 0x000000000000019E (mip.MTI <- 0b1, mip.STI <- 0b0)
mem[X,0x0000000080000CEC] -> 0x0F13
mem[X,0x0000000080000CEE] -> 0x2330
[828] [M]: 0x0000000080000CEC (0x23300F13) addi x30, x0, 0x233                      inst_89+0
x30 <- 0x0000000000000233

mem[X,0x0000000080000CF0] -> 0x5F93
mem[X,0x0000000080000CF2] -> 0x687F
[829] [M]: 0x0000000080000CF0 (0x687F5F93) brev8 x31, x30                           inst_89+4
x31 <- 0x00000000000040CC

clint mtime 0x000000000000019F (mip.MTI <- 0b1, mip.STI <- 0b0)
mem[X,0x0000000080000CF4] -> 0xB423
mem[X,0x0000000080000CF6] -> 0x1FF2
[830] [M]: 0x0000000080000CF4 (0x1FF2B423) sd x31, 0x1e8(x5)                        inst_89+8
mem[W,0x00000000800043E0] <- 0x00000000000040CC

mem[X,0x0000000080000CF8] -> 0x0F13
mem[X,0x0000000080000CFA] -> 0x1510
[831] [M]: 0x0000000080000CF8 (0x15100F13) addi x30, x0, 0x151                      inst_90+0
x30 <- 0x0000000000000151

clint mtime 0x00000000000001A0 (mip.MTI <- 0b1, mip.STI <- 0b0)
mem[X,0x0000000080000CFC] -> 0x5F93
mem[X,0x0000000080000CFE] -> 0x687F
[832] [M]: 0x0000000080000CFC (0x687F5F93) brev8 x31, x30                           inst_90+4
x31 <- 0x000000000000808A

mem[X,0x0000000080000D00] -> 0xB823
mem[X,0x0000000080000D02] -> 0x1FF2
[833] [M]: 0x0000000080000D00 (0x1FF2B823) sd x31, 0x1f0(x5)                        inst_90+8
mem[W,0x00000000800043E8] <- 0x000000000000808A

clint mtime 0x00000000000001A1 (mip.MTI <- 0b1, mip.STI <- 0b0)
mem[X,0x0000000080000D04] -> 0x0F13
mem[X,0x0000000080000D06] -> 0x0BE0
[834] [M]: 0x0000000080000D04 (0x0BE00F13) addi x30, x0, 0xbe                       inst_91+0
x30 <- 0x00000000000000BE

mem[X,0x0000000080000D08] -> 0x5F93
mem[X,0x0000000080000D0A] -> 0x687F
[835] [M]: 0x0000000080000D08 (0x687F5F93) brev8 x31, x30                           inst_91+4
x31 <- 0x000000000000007D

clint mtime 0x00000000000001A2 (mip.MTI <- 0b1, mip.STI <- 0b0)
mem[X,0x0000000080000D0C] -> 0xBC23
mem[X,0x0000000080000D0E] -> 0x1FF2
[836] [M]: 0x0000000080000D0C (0x1FF2BC23) sd x31, 0x1f8(x5)                        inst_91+8
mem[W,0x00000000800043F0] <- 0x000000000000007D

mem[X,0x0000000080000D10] -> 0x0F13
mem[X,0x0000000080000D12] -> 0x0770
[837] [M]: 0x0000000080000D10 (0x07700F13) addi x30, x0, 0x77                       inst_92+0
x30 <- 0x0000000000000077

clint mtime 0x00000000000001A3 (mip.MTI <- 0b1, mip.STI <- 0b0)
mem[X,0x0000000080000D14] -> 0x5F93
mem[X,0x0000000080000D16] -> 0x687F
[838] [M]: 0x0000000080000D14 (0x687F5F93) brev8 x31, x30                           inst_92+4
x31 <- 0x00000000000000EE

mem[X,0x0000000080000D18] -> 0xB023
mem[X,0x0000000080000D1A] -> 0x21F2
[839] [M]: 0x0000000080000D18 (0x21F2B023) sd x31, 0x200(x5)                        inst_92+8
mem[W,0x00000000800043F8] <- 0x00000000000000EE

clint mtime 0x00000000000001A4 (mip.MTI <- 0b1, mip.STI <- 0b0)
mem[X,0x0000000080000D1C] -> 0x0F13
mem[X,0x0000000080000D1E] -> 0x0220
[840] [M]: 0x0000000080000D1C (0x02200F13) addi x30, x0, 0x22                       inst_93+0
x30 <- 0x0000000000000022

mem[X,0x0000000080000D20] -> 0x5F93
mem[X,0x0000000080000D22] -> 0x687F
[841] [M]: 0x0000000080000D20 (0x687F5F93) brev8 x31, x30                           inst_93+4
x31 <- 0x0000000000000044

clint mtime 0x00000000000001A5 (mip.MTI <- 0b1, mip.STI <- 0b0)
mem[X,0x0000000080000D24] -> 0xB423
mem[X,0x0000000080000D26] -> 0x21F2
[842] [M]: 0x0000000080000D24 (0x21F2B423) sd x31, 0x208(x5)                        inst_93+8
mem[W,0x0000000080004400] <- 0x0000000000000044

mem[X,0x0000000080000D28] -> 0x0F13
mem[X,0x0000000080000D2A] -> 0x0160
[843] [M]: 0x0000000080000D28 (0x01600F13) addi x30, x0, 0x16                       inst_94+0
x30 <- 0x0000000000000016

clint mtime 0x00000000000001A6 (mip.MTI <- 0b1, mip.STI <- 0b0)
mem[X,0x0000000080000D2C] -> 0x5F93
mem[X,0x0000000080000D2E] -> 0x687F
[844] [M]: 0x0000000080000D2C (0x687F5F93) brev8 x31, x30                           inst_94+4
x31 <- 0x0000000000000068

mem[X,0x0000000080000D30] -> 0xB823
mem[X,0x0000000080000D32] -> 0x21F2
[845] [M]: 0x0000000080000D30 (0x21F2B823) sd x31, 0x210(x5)                        inst_94+8
mem[W,0x0000000080004408] <- 0x0000000000000068

clint mtime 0x00000000000001A7 (mip.MTI <- 0b1, mip.STI <- 0b0)
mem[X,0x0000000080000D34] -> 0x0F13
mem[X,0x0000000080000D36] -> 0x00E0
[846] [M]: 0x0000000080000D34 (0x00E00F13) addi x30, x0, 0xe                        inst_95+0
x30 <- 0x000000000000000E

mem[X,0x0000000080000D38] -> 0x5F93
mem[X,0x0000000080000D3A] -> 0x687F
[847] [M]: 0x0000000080000D38 (0x687F5F93) brev8 x31, x30                           inst_95+4
x31 <- 0x0000000000000070

clint mtime 0x00000000000001A8 (mip.MTI <- 0b1, mip.STI <- 0b0)
mem[X,0x0000000080000D3C] -> 0xBC23
mem[X,0x0000000080000D3E] -> 0x21F2
[848] [M]: 0x0000000080000D3C (0x21F2BC23) sd x31, 0x218(x5)                        inst_95+8
mem[W,0x0000000080004410] <- 0x0000000000000070

mem[X,0x0000000080000D40] -> 0x0F13
mem[X,0x0000000080000D42] -> 0x0040
[849] [M]: 0x0000000080000D40 (0x00400F13) addi x30, x0, 0x4                        inst_96+0
x30 <- 0x0000000000000004

clint mtime 0x00000000000001A9 (mip.MTI <- 0b1, mip.STI <- 0b0)
mem[X,0x0000000080000D44] -> 0x5F93
mem[X,0x0000000080000D46] -> 0x687F
[850] [M]: 0x0000000080000D44 (0x687F5F93) brev8 x31, x30                           inst_96+4
x31 <- 0x0000000000000020

mem[X,0x0000000080000D48] -> 0xB023
mem[X,0x0000000080000D4A] -> 0x23F2
[851] [M]: 0x0000000080000D48 (0x23F2B023) sd x31, 0x220(x5)                        inst_96+8
mem[W,0x0000000080004418] <- 0x0000000000000020

clint mtime 0x00000000000001AA (mip.MTI <- 0b1, mip.STI <- 0b0)
mem[X,0x0000000080000D4C] -> 0x0F13
mem[X,0x0000000080000D4E] -> 0x0020
[852] [M]: 0x0000000080000D4C (0x00200F13) addi x30, x0, 0x2                        inst_97+0
x30 <- 0x0000000000000002

mem[X,0x0000000080000D50] -> 0x5F93
mem[X,0x0000000080000D52] -> 0x687F
[853] [M]: 0x0000000080000D50 (0x687F5F93) brev8 x31, x30                           inst_97+4
x31 <- 0x0000000000000040

clint mtime 0x00000000000001AB (mip.MTI <- 0b1, mip.STI <- 0b0)
mem[X,0x0000000080000D54] -> 0xB423
mem[X,0x0000000080000D56] -> 0x23F2
[854] [M]: 0x0000000080000D54 (0x23F2B423) sd x31, 0x228(x5)                        inst_97+8
mem[W,0x0000000080004420] <- 0x0000000000000040

mem[X,0x0000000080000D58] -> 0x0F13
mem[X,0x0000000080000D5A] -> 0x0010
[855] [M]: 0x0000000080000D58 (0x00100F13) addi x30, x0, 0x1                        inst_98+0
x30 <- 0x0000000000000001

clint mtime 0x00000000000001AC (mip.MTI <- 0b1, mip.STI <- 0b0)
mem[X,0x0000000080000D5C] -> 0x5F93
mem[X,0x0000000080000D5E] -> 0x687F
[856] [M]: 0x0000000080000D5C (0x687F5F93) brev8 x31, x30                           inst_98+4
x31 <- 0x0000000000000080

mem[X,0x0000000080000D60] -> 0xB823
mem[X,0x0000000080000D62] -> 0x23F2
[857] [M]: 0x0000000080000D60 (0x23F2B823) sd x31, 0x230(x5)                        inst_98+8
mem[W,0x0000000080004428] <- 0x0000000000000080

clint mtime 0x00000000000001AD (mip.MTI <- 0b1, mip.STI <- 0b0)
mem[X,0x0000000080000D64] -> 0x7F37
mem[X,0x0000000080000D66] -> 0x30D8
[858] [M]: 0x0000000080000D64 (0x30D87F37) lui x30, 0x30d87                         inst_99+0
x30 <- 0x0000000030D87000

mem[X,0x0000000080000D68] -> 0x0F13
mem[X,0x0000000080000D6A] -> 0x705F
[859] [M]: 0x0000000080000D68 (0x705F0F13) addi x30, x30, 0x705                     inst_99+4
x30 <- 0x0000000030D87705

clint mtime 0x00000000000001AE (mip.MTI <- 0b1, mip.STI <- 0b0)
mem[X,0x0000000080000D6C] -> 0x1F13
mem[X,0x0000000080000D6E] -> 0x001F
[860] [M]: 0x0000000080000D6C (0x001F1F13) slli x30, x30, 0x1                       inst_99+8
x30 <- 0x0000000061B0EE0A

mem[X,0x0000000080000D70] -> 0x5F93
mem[X,0x0000000080000D72] -> 0x687F
[861] [M]: 0x0000000080000D70 (0x687F5F93) brev8 x31, x30                           inst_99+12
x31 <- 0x00000000860D7750

clint mtime 0x00000000000001AF (mip.MTI <- 0b1, mip.STI <- 0b0)
mem[X,0x0000000080000D74] -> 0xBC23
mem[X,0x0000000080000D76] -> 0x23F2
[862] [M]: 0x0000000080000D74 (0x23F2BC23) sd x31, 0x238(x5)                        inst_99+16
mem[W,0x0000000080004430] <- 0x00000000860D7750

mem[X,0x0000000080000D78] -> 0x0F37
mem[X,0x0000000080000D7A] -> 0x0000
[863] [M]: 0x0000000080000D78 (0x00000F37) lui x30, 0x0                             inst_100+0
x30 <- 0x0000000000000000

clint mtime 0x00000000000001B0 (mip.MTI <- 0b1, mip.STI <- 0b0)
mem[X,0x0000000080000D7C] -> 0x0F13
mem[X,0x0000000080000D7E] -> 0x000F
[864] [M]: 0x0000000080000D7C (0x000F0F13) addi x30, x30, 0x0                       inst_100+4
x30 <- 0x0000000000000000

mem[X,0x0000000080000D80] -> 0x1F13
mem[X,0x0000000080000D82] -> 0x00BF
[865] [M]: 0x0000000080000D80 (0x00BF1F13) slli x30, x30, 0xb                       inst_100+8
x30 <- 0x0000000000000000

clint mtime 0x00000000000001B1 (mip.MTI <- 0b1, mip.STI <- 0b0)
mem[X,0x0000000080000D84] -> 0x0F13
mem[X,0x0000000080000D86] -> 0x4D7F
[866] [M]: 0x0000000080000D84 (0x4D7F0F13) addi x30, x30, 0x4d7                     inst_100+12
x30 <- 0x00000000000004D7

mem[X,0x0000000080000D88] -> 0x1F13
mem[X,0x0000000080000D8A] -> 0x00BF
[867] [M]: 0x0000000080000D88 (0x00BF1F13) slli x30, x30, 0xb                       inst_100+16
x30 <- 0x000000000026B800

clint mtime 0x00000000000001B2 (mip.MTI <- 0b1, mip.STI <- 0b0)
mem[X,0x0000000080000D8C] -> 0x0F13
mem[X,0x0000000080000D8E] -> 0x1A8F
[868] [M]: 0x0000000080000D8C (0x1A8F0F13) addi x30, x30, 0x1a8                     inst_100+20
x30 <- 0x000000000026B9A8

mem[X,0x0000000080000D90] -> 0x1F13
mem[X,0x0000000080000D92] -> 0x00AF
[869] [M]: 0x0000000080000D90 (0x00AF1F13) slli x30, x30, 0xa                       inst_100+24
x30 <- 0x000000009AE6A000

clint mtime 0x00000000000001B3 (mip.MTI <- 0b1, mip.STI <- 0b0)
mem[X,0x0000000080000D94] -> 0x0F13
mem[X,0x0000000080000D96] -> 0x229F
[870] [M]: 0x0000000080000D94 (0x229F0F13) addi x30, x30, 0x229                     inst_100+28
x30 <- 0x000000009AE6A229

mem[X,0x0000000080000D98] -> 0x5F93
mem[X,0x0000000080000D9A] -> 0x687F
[871] [M]: 0x0000000080000D98 (0x687F5F93) brev8 x31, x30                           inst_100+32
x31 <- 0x0000000059674594

clint mtime 0x00000000000001B4 (mip.MTI <- 0b1, mip.STI <- 0b0)
mem[X,0x0000000080000D9C] -> 0xB023
mem[X,0x0000000080000D9E] -> 0x25F2
[872] [M]: 0x0000000080000D9C (0x25F2B023) sd x31, 0x240(x5)                        inst_100+36
mem[W,0x0000000080004438] <- 0x0000000059674594

mem[X,0x0000000080000DA0] -> 0x0F37
mem[X,0x0000000080000DA2] -> 0x0000
[873] [M]: 0x0000000080000DA0 (0x00000F37) lui x30, 0x0                             inst_101+0
x30 <- 0x0000000000000000

clint mtime 0x00000000000001B5 (mip.MTI <- 0b1, mip.STI <- 0b0)
mem[X,0x0000000080000DA4] -> 0x0F13
mem[X,0x0000000080000DA6] -> 0x000F
[874] [M]: 0x0000000080000DA4 (0x000F0F13) addi x30, x30, 0x0                       inst_101+4
x30 <- 0x0000000000000000

mem[X,0x0000000080000DA8] -> 0x1F13
mem[X,0x0000000080000DAA] -> 0x00BF
[875] [M]: 0x0000000080000DA8 (0x00BF1F13) slli x30, x30, 0xb                       inst_101+8
x30 <- 0x0000000000000000

clint mtime 0x00000000000001B6 (mip.MTI <- 0b1, mip.STI <- 0b0)
mem[X,0x0000000080000DAC] -> 0x0F13
mem[X,0x0000000080000DAE] -> 0x6D3F
[876] [M]: 0x0000000080000DAC (0x6D3F0F13) addi x30, x30, 0x6d3                     inst_101+12
x30 <- 0x00000000000006D3

mem[X,0x0000000080000DB0] -> 0x1F13
mem[X,0x0000000080000DB2] -> 0x00BF
[877] [M]: 0x0000000080000DB0 (0x00BF1F13) slli x30, x30, 0xb                       inst_101+16
x30 <- 0x0000000000369800

clint mtime 0x00000000000001B7 (mip.MTI <- 0b1, mip.STI <- 0b0)
mem[X,0x0000000080000DB4] -> 0x0F13
mem[X,0x0000000080000DB6] -> 0x2ACF
[878] [M]: 0x0000000080000DB4 (0x2ACF0F13) addi x30, x30, 0x2ac                     inst_101+20
x30 <- 0x0000000000369AAC

mem[X,0x0000000080000DB8] -> 0x1F13
mem[X,0x0000000080000DBA] -> 0x00AF
[879] [M]: 0x0000000080000DB8 (0x00AF1F13) slli x30, x30, 0xa                       inst_101+24
x30 <- 0x00000000DA6AB000

clint mtime 0x00000000000001B8 (mip.MTI <- 0b1, mip.STI <- 0b0)
mem[X,0x0000000080000DBC] -> 0x0F13
mem[X,0x0000000080000DBE] -> 0x32AF
[880] [M]: 0x0000000080000DBC (0x32AF0F13) addi x30, x30, 0x32a                     inst_101+28
x30 <- 0x00000000DA6AB32A

mem[X,0x0000000080000DC0] -> 0x5F93
mem[X,0x0000000080000DC2] -> 0x687F
[881] [M]: 0x0000000080000DC0 (0x687F5F93) brev8 x31, x30                           inst_101+32
x31 <- 0x000000005B56CD54

clint mtime 0x00000000000001B9 (mip.MTI <- 0b1, mip.STI <- 0b0)
mem[X,0x0000000080000DC4] -> 0xB423
mem[X,0x0000000080000DC6] -> 0x25F2
[882] [M]: 0x0000000080000DC4 (0x25F2B423) sd x31, 0x248(x5)                        inst_101+36
mem[W,0x0000000080004440] <- 0x000000005B56CD54

mem[X,0x0000000080000DC8] -> 0x9F37
mem[X,0x0000000080000DCA] -> 0x71C0
[883] [M]: 0x0000000080000DC8 (0x71C09F37) lui x30, 0x71c09                         inst_102+0
x30 <- 0x0000000071C09000

clint mtime 0x00000000000001BA (mip.MTI <- 0b1, mip.STI <- 0b0)
mem[X,0x0000000080000DCC] -> 0x0F13
mem[X,0x0000000080000DCE] -> 0x1F3F
[884] [M]: 0x0000000080000DCC (0x1F3F0F13) addi x30, x30, 0x1f3                     inst_102+4
x30 <- 0x0000000071C091F3

mem[X,0x0000000080000DD0] -> 0x1F13
mem[X,0x0000000080000DD2] -> 0x001F
[885] [M]: 0x0000000080000DD0 (0x001F1F13) slli x30, x30, 0x1                       inst_102+8
x30 <- 0x00000000E38123E6

clint mtime 0x00000000000001BB (mip.MTI <- 0b1, mip.STI <- 0b0)
mem[X,0x0000000080000DD4] -> 0x5F93
mem[X,0x0000000080000DD6] -> 0x687F
[886] [M]: 0x0000000080000DD4 (0x687F5F93) brev8 x31, x30                           inst_102+12
x31 <- 0x00000000C781C467

mem[X,0x0000000080000DD8] -> 0xB823
mem[X,0x0000000080000DDA] -> 0x25F2
[887] [M]: 0x0000000080000DD8 (0x25F2B823) sd x31, 0x250(x5)                        inst_102+16
mem[W,0x0000000080004448] <- 0x00000000C781C467

clint mtime 0x00000000000001BC (mip.MTI <- 0b1, mip.STI <- 0b0)
mem[X,0x0000000080000DDC] -> 0xEF37
mem[X,0x0000000080000DDE] -> 0x3D0C
[888] [M]: 0x0000000080000DDC (0x3D0CEF37) lui x30, 0x3d0ce                         inst_103+0
x30 <- 0x000000003D0CE000

mem[X,0x0000000080000DE0] -> 0x0F13
mem[X,0x0000000080000DE2] -> 0x0E1F
[889] [M]: 0x0000000080000DE0 (0x0E1F0F13) addi x30, x30, 0xe1                      inst_103+4
x30 <- 0x000000003D0CE0E1

clint mtime 0x00000000000001BD (mip.MTI <- 0b1, mip.STI <- 0b0)
mem[X,0x0000000080000DE4] -> 0x1F13
mem[X,0x0000000080000DE6] -> 0x002F
[890] [M]: 0x0000000080000DE4 (0x002F1F13) slli x30, x30, 0x2                       inst_103+8
x30 <- 0x00000000F4338384

mem[X,0x0000000080000DE8] -> 0x5F93
mem[X,0x0000000080000DEA] -> 0x687F
[891] [M]: 0x0000000080000DE8 (0x687F5F93) brev8 x31, x30                           inst_103+12
x31 <- 0x000000002FCCC121

clint mtime 0x00000000000001BE (mip.MTI <- 0b1, mip.STI <- 0b0)
mem[X,0x0000000080000DEC] -> 0xBC23
mem[X,0x0000000080000DEE] -> 0x25F2
[892] [M]: 0x0000000080000DEC (0x25F2BC23) sd x31, 0x258(x5)                        inst_103+16
mem[W,0x0000000080004450] <- 0x000000002FCCC121

mem[X,0x0000000080000DF0] -> 0x0F37
mem[X,0x0000000080000DF2] -> 0x0000
[893] [M]: 0x0000000080000DF0 (0x00000F37) lui x30, 0x0                             inst_104+0
x30 <- 0x0000000000000000

clint mtime 0x00000000000001BF (mip.MTI <- 0b1, mip.STI <- 0b0)
mem[X,0x0000000080000DF4] -> 0x0F13
mem[X,0x0000000080000DF6] -> 0x000F
[894] [M]: 0x0000000080000DF4 (0x000F0F13) addi x30, x30, 0x0                       inst_104+4
x30 <- 0x0000000000000000

mem[X,0x0000000080000DF8] -> 0x1F13
mem[X,0x0000000080000DFA] -> 0x00BF
[895] [M]: 0x0000000080000DF8 (0x00BF1F13) slli x30, x30, 0xb                       inst_104+8
x30 <- 0x0000000000000000

clint mtime 0x00000000000001C0 (mip.MTI <- 0b1, mip.STI <- 0b0)
mem[X,0x0000000080000DFC] -> 0x0F13
mem[X,0x0000000080000DFE] -> 0x7DCF
[896] [M]: 0x0000000080000DFC (0x7DCF0F13) addi x30, x30, 0x7dc                     inst_104+12
x30 <- 0x00000000000007DC

mem[X,0x0000000080000E00] -> 0x1F13
mem[X,0x0000000080000E02] -> 0x00BF
[897] [M]: 0x0000000080000E00 (0x00BF1F13) slli x30, x30, 0xb                       inst_104+16
x30 <- 0x00000000003EE000

clint mtime 0x00000000000001C1 (mip.MTI <- 0b1, mip.STI <- 0b0)
mem[X,0x0000000080000E04] -> 0x0F13
mem[X,0x0000000080000E06] -> 0x7C5F
[898] [M]: 0x0000000080000E04 (0x7C5F0F13) addi x30, x30, 0x7c5                     inst_104+20
x30 <- 0x00000000003EE7C5

mem[X,0x0000000080000E08] -> 0x1F13
mem[X,0x0000000080000E0A] -> 0x00AF
[899] [M]: 0x0000000080000E08 (0x00AF1F13) slli x30, x30, 0xa                       inst_104+24
x30 <- 0x00000000FB9F1400

clint mtime 0x00000000000001C2 (mip.MTI <- 0b1, mip.STI <- 0b0)
mem[X,0x0000000080000E0C] -> 0x0F13
mem[X,0x0000000080000E0E] -> 0x1C5F
[900] [M]: 0x0000000080000E0C (0x1C5F0F13) addi x30, x30, 0x1c5                     inst_104+28
x30 <- 0x00000000FB9F15C5

mem[X,0x0000000080000E10] -> 0x5F93
mem[X,0x0000000080000E12] -> 0x687F
[901] [M]: 0x0000000080000E10 (0x687F5F93) brev8 x31, x30                           inst_104+32
x31 <- 0x00000000DFF9A8A3

clint mtime 0x00000000000001C3 (mip.MTI <- 0b1, mip.STI <- 0b0)
mem[X,0x0000000080000E14] -> 0xB023
mem[X,0x0000000080000E16] -> 0x27F2
[902] [M]: 0x0000000080000E14 (0x27F2B023) sd x31, 0x260(x5)                        inst_104+36
mem[W,0x0000000080004458] <- 0x00000000DFF9A8A3

mem[X,0x0000000080000E18] -> 0x0F37
mem[X,0x0000000080000E1A] -> 0x0000
[903] [M]: 0x0000000080000E18 (0x00000F37) lui x30, 0x0                             inst_105+0
x30 <- 0x0000000000000000

clint mtime 0x00000000000001C4 (mip.MTI <- 0b1, mip.STI <- 0b0)
mem[X,0x0000000080000E1C] -> 0x0F13
mem[X,0x0000000080000E1E] -> 0x000F
[904] [M]: 0x0000000080000E1C (0x000F0F13) addi x30, x30, 0x0                       inst_105+4
x30 <- 0x0000000000000000

mem[X,0x0000000080000E20] -> 0x1F13
mem[X,0x0000000080000E22] -> 0x00BF
[905] [M]: 0x0000000080000E20 (0x00BF1F13) slli x30, x30, 0xb                       inst_105+8
x30 <- 0x0000000000000000

clint mtime 0x00000000000001C5 (mip.MTI <- 0b1, mip.STI <- 0b0)
mem[X,0x0000000080000E24] -> 0x0F13
mem[X,0x0000000080000E26] -> 0x7EBF
[906] [M]: 0x0000000080000E24 (0x7EBF0F13) addi x30, x30, 0x7eb                     inst_105+12
x30 <- 0x00000000000007EB

mem[X,0x0000000080000E28] -> 0x1F13
mem[X,0x0000000080000E2A] -> 0x00BF
[907] [M]: 0x0000000080000E28 (0x00BF1F13) slli x30, x30, 0xb                       inst_105+16
x30 <- 0x00000000003F5800

clint mtime 0x00000000000001C6 (mip.MTI <- 0b1, mip.STI <- 0b0)
mem[X,0x0000000080000E2C] -> 0x0F13
mem[X,0x0000000080000E2E] -> 0x203F
[908] [M]: 0x0000000080000E2C (0x203F0F13) addi x30, x30, 0x203                     inst_105+20
x30 <- 0x00000000003F5A03

mem[X,0x0000000080000E30] -> 0x1F13
mem[X,0x0000000080000E32] -> 0x00AF
[909] [M]: 0x0000000080000E30 (0x00AF1F13) slli x30, x30, 0xa                       inst_105+24
x30 <- 0x00000000FD680C00

clint mtime 0x00000000000001C7 (mip.MTI <- 0b1, mip.STI <- 0b0)
mem[X,0x0000000080000E34] -> 0x0F13
mem[X,0x0000000080000E36] -> 0x01DF
[910] [M]: 0x0000000080000E34 (0x01DF0F13) addi x30, x30, 0x1d                      inst_105+28
x30 <- 0x00000000FD680C1D

mem[X,0x0000000080000E38] -> 0x5F93
mem[X,0x0000000080000E3A] -> 0x687F
[911] [M]: 0x0000000080000E38 (0x687F5F93) brev8 x31, x30                           inst_105+32
x31 <- 0x00000000BF1630B8

clint mtime 0x00000000000001C8 (mip.MTI <- 0b1, mip.STI <- 0b0)
mem[X,0x0000000080000E3C] -> 0xB423
mem[X,0x0000000080000E3E] -> 0x27F2
[912] [M]: 0x0000000080000E3C (0x27F2B423) sd x31, 0x268(x5)                        inst_105+36
mem[W,0x0000000080004460] <- 0x00000000BF1630B8

mem[X,0x0000000080000E40] -> 0x0F37
mem[X,0x0000000080000E42] -> 0x0000
[913] [M]: 0x0000000080000E40 (0x00000F37) lui x30, 0x0                             inst_106+0
x30 <- 0x0000000000000000

clint mtime 0x00000000000001C9 (mip.MTI <- 0b1, mip.STI <- 0b0)
mem[X,0x0000000080000E44] -> 0x0F13
mem[X,0x0000000080000E46] -> 0x000F
[914] [M]: 0x0000000080000E44 (0x000F0F13) addi x30, x30, 0x0                       inst_106+4
x30 <- 0x0000000000000000

mem[X,0x0000000080000E48] -> 0x1F13
mem[X,0x0000000080000E4A] -> 0x00BF
[915] [M]: 0x0000000080000E48 (0x00BF1F13) slli x30, x30, 0xb                       inst_106+8
x30 <- 0x0000000000000000

clint mtime 0x00000000000001CA (mip.MTI <- 0b1, mip.STI <- 0b0)
mem[X,0x0000000080000E4C] -> 0x0F13
mem[X,0x0000000080000E4E] -> 0x7F3F
[916] [M]: 0x0000000080000E4C (0x7F3F0F13) addi x30, x30, 0x7f3                     inst_106+12
x30 <- 0x00000000000007F3

mem[X,0x0000000080000E50] -> 0x1F13
mem[X,0x0000000080000E52] -> 0x00BF
[917] [M]: 0x0000000080000E50 (0x00BF1F13) slli x30, x30, 0xb                       inst_106+16
x30 <- 0x00000000003F9800

clint mtime 0x00000000000001CB (mip.MTI <- 0b1, mip.STI <- 0b0)
mem[X,0x0000000080000E54] -> 0x0F13
mem[X,0x0000000080000E56] -> 0x539F
[918] [M]: 0x0000000080000E54 (0x539F0F13) addi x30, x30, 0x539                     inst_106+20
x30 <- 0x00000000003F9D39

mem[X,0x0000000080000E58] -> 0x1F13
mem[X,0x0000000080000E5A] -> 0x00AF
[919] [M]: 0x0000000080000E58 (0x00AF1F13) slli x30, x30, 0xa                       inst_106+24
x30 <- 0x00000000FE74E400

clint mtime 0x00000000000001CC (mip.MTI <- 0b1, mip.STI <- 0b0)
mem[X,0x0000000080000E5C] -> 0x0F13
mem[X,0x0000000080000E5E] -> 0x05FF
[920] [M]: 0x0000000080000E5C (0x05FF0F13) addi x30, x30, 0x5f                      inst_106+28
x30 <- 0x00000000FE74E45F

mem[X,0x0000000080000E60] -> 0x5F93
mem[X,0x0000000080000E62] -> 0x687F
[921] [M]: 0x0000000080000E60 (0x687F5F93) brev8 x31, x30                           inst_106+32
x31 <- 0x000000007F2E27FA

clint mtime 0x00000000000001CD (mip.MTI <- 0b1, mip.STI <- 0b0)
mem[X,0x0000000080000E64] -> 0xB823
mem[X,0x0000000080000E66] -> 0x27F2
[922] [M]: 0x0000000080000E64 (0x27F2B823) sd x31, 0x270(x5)                        inst_106+36
mem[W,0x0000000080004468] <- 0x000000007F2E27FA

mem[X,0x0000000080000E68] -> 0xEF37
mem[X,0x0000000080000E6A] -> 0x0FF1
[923] [M]: 0x0000000080000E68 (0x0FF1EF37) lui x30, 0xff1e                          inst_107+0
x30 <- 0x000000000FF1E000

clint mtime 0x00000000000001CE (mip.MTI <- 0b1, mip.STI <- 0b0)
mem[X,0x0000000080000E6C] -> 0x0F13
mem[X,0x0000000080000E6E] -> 0x5BFF
[924] [M]: 0x0000000080000E6C (0x5BFF0F13) addi x30, x30, 0x5bf                     inst_107+4
x30 <- 0x000000000FF1E5BF

mem[X,0x0000000080000E70] -> 0x1F13
mem[X,0x0000000080000E72] -> 0x004F
[925] [M]: 0x0000000080000E70 (0x004F1F13) slli x30, x30, 0x4                       inst_107+8
x30 <- 0x00000000FF1E5BF0

clint mtime 0x00000000000001CF (mip.MTI <- 0b1, mip.STI <- 0b0)
mem[X,0x0000000080000E74] -> 0x5F93
mem[X,0x0000000080000E76] -> 0x687F
[926] [M]: 0x0000000080000E74 (0x687F5F93) brev8 x31, x30                           inst_107+12
x31 <- 0x00000000FF78DA0F

mem[X,0x0000000080000E78] -> 0xBC23
mem[X,0x0000000080000E7A] -> 0x27F2
[927] [M]: 0x0000000080000E78 (0x27F2BC23) sd x31, 0x278(x5)                        inst_107+16
mem[W,0x0000000080004470] <- 0x00000000FF78DA0F

clint mtime 0x00000000000001D0 (mip.MTI <- 0b1, mip.STI <- 0b0)
mem[X,0x0000000080000E7C] -> 0x0F37
mem[X,0x0000000080000E7E] -> 0x0000
[928] [M]: 0x0000000080000E7C (0x00000F37) lui x30, 0x0                             inst_108+0
x30 <- 0x0000000000000000

mem[X,0x0000000080000E80] -> 0x0F13
mem[X,0x0000000080000E82] -> 0x000F
[929] [M]: 0x0000000080000E80 (0x000F0F13) addi x30, x30, 0x0                       inst_108+4
x30 <- 0x0000000000000000

clint mtime 0x00000000000001D1 (mip.MTI <- 0b1, mip.STI <- 0b0)
mem[X,0x0000000080000E84] -> 0x1F13
mem[X,0x0000000080000E86] -> 0x00BF
[930] [M]: 0x0000000080000E84 (0x00BF1F13) slli x30, x30, 0xb                       inst_108+8
x30 <- 0x0000000000000000

mem[X,0x0000000080000E88] -> 0x0F13
mem[X,0x0000000080000E8A] -> 0x7FCF
[931] [M]: 0x0000000080000E88 (0x7FCF0F13) addi x30, x30, 0x7fc                     inst_108+12
x30 <- 0x00000000000007FC

clint mtime 0x00000000000001D2 (mip.MTI <- 0b1, mip.STI <- 0b0)
mem[X,0x0000000080000E8C] -> 0x1F13
mem[X,0x0000000080000E8E] -> 0x00BF
[932] [M]: 0x0000000080000E8C (0x00BF1F13) slli x30, x30, 0xb                       inst_108+16
x30 <- 0x00000000003FE000

mem[X,0x0000000080000E90] -> 0x0F13
mem[X,0x0000000080000E92] -> 0x709F
[933] [M]: 0x0000000080000E90 (0x709F0F13) addi x30, x30, 0x709                     inst_108+20
x30 <- 0x00000000003FE709

clint mtime 0x00000000000001D3 (mip.MTI <- 0b1, mip.STI <- 0b0)
mem[X,0x0000000080000E94] -> 0x1F13
mem[X,0x0000000080000E96] -> 0x00AF
[934] [M]: 0x0000000080000E94 (0x00AF1F13) slli x30, x30, 0xa                       inst_108+24
x30 <- 0x00000000FF9C2400

mem[X,0x0000000080000E98] -> 0x0F13
mem[X,0x0000000080000E9A] -> 0x1E7F
[935] [M]: 0x0000000080000E98 (0x1E7F0F13) addi x30, x30, 0x1e7                     inst_108+28
x30 <- 0x00000000FF9C25E7

clint mtime 0x00000000000001D4 (mip.MTI <- 0b1, mip.STI <- 0b0)
mem[X,0x0000000080000E9C] -> 0x5F93
mem[X,0x0000000080000E9E] -> 0x687F
[936] [M]: 0x0000000080000E9C (0x687F5F93) brev8 x31, x30                           inst_108+32
x31 <- 0x00000000FF39A4E7

mem[X,0x0000000080000EA0] -> 0xB023
mem[X,0x0000000080000EA2] -> 0x29F2
[937] [M]: 0x0000000080000EA0 (0x29F2B023) sd x31, 0x280(x5)                        inst_108+36
mem[W,0x0000000080004478] <- 0x00000000FF39A4E7

clint mtime 0x00000000000001D5 (mip.MTI <- 0b1, mip.STI <- 0b0)
mem[X,0x0000000080000EA4] -> 0x0F37
mem[X,0x0000000080000EA6] -> 0x0000
[938] [M]: 0x0000000080000EA4 (0x00000F37) lui x30, 0x0                             inst_109+0
x30 <- 0x0000000000000000

mem[X,0x0000000080000EA8] -> 0x0F13
mem[X,0x0000000080000EAA] -> 0x000F
[939] [M]: 0x0000000080000EA8 (0x000F0F13) addi x30, x30, 0x0                       inst_109+4
x30 <- 0x0000000000000000

clint mtime 0x00000000000001D6 (mip.MTI <- 0b1, mip.STI <- 0b0)
mem[X,0x0000000080000EAC] -> 0x1F13
mem[X,0x0000000080000EAE] -> 0x00BF
[940] [M]: 0x0000000080000EAC (0x00BF1F13) slli x30, x30, 0xb                       inst_109+8
x30 <- 0x0000000000000000

mem[X,0x0000000080000EB0] -> 0x0F13
mem[X,0x0000000080000EB2] -> 0x7FEF
[941] [M]: 0x0000000080000EB0 (0x7FEF0F13) addi x30, x30, 0x7fe                     inst_109+12
x30 <- 0x00000000000007FE

clint mtime 0x00000000000001D7 (mip.MTI <- 0b1, mip.STI <- 0b0)
mem[X,0x0000000080000EB4] -> 0x1F13
mem[X,0x0000000080000EB6] -> 0x00BF
[942] [M]: 0x0000000080000EB4 (0x00BF1F13) slli x30, x30, 0xb                       inst_109+16
x30 <- 0x00000000003FF000

mem[X,0x0000000080000EB8] -> 0x0F13
mem[X,0x0000000080000EBA] -> 0x2F3F
[943] [M]: 0x0000000080000EB8 (0x2F3F0F13) addi x30, x30, 0x2f3                     inst_109+20
x30 <- 0x00000000003FF2F3

clint mtime 0x00000000000001D8 (mip.MTI <- 0b1, mip.STI <- 0b0)
mem[X,0x0000000080000EBC] -> 0x1F13
mem[X,0x0000000080000EBE] -> 0x00AF
[944] [M]: 0x0000000080000EBC (0x00AF1F13) slli x30, x30, 0xa                       inst_109+24
x30 <- 0x00000000FFCBCC00

mem[X,0x0000000080000EC0] -> 0x0F13
mem[X,0x0000000080000EC2] -> 0x313F
[945] [M]: 0x0000000080000EC0 (0x313F0F13) addi x30, x30, 0x313                     inst_109+28
x30 <- 0x00000000FFCBCF13

clint mtime 0x00000000000001D9 (mip.MTI <- 0b1, mip.STI <- 0b0)
mem[X,0x0000000080000EC4] -> 0x5F93
mem[X,0x0000000080000EC6] -> 0x687F
[946] [M]: 0x0000000080000EC4 (0x687F5F93) brev8 x31, x30                           inst_109+32
x31 <- 0x00000000FFD3F3C8

mem[X,0x0000000080000EC8] -> 0xB423
mem[X,0x0000000080000ECA] -> 0x29F2
[947] [M]: 0x0000000080000EC8 (0x29F2B423) sd x31, 0x288(x5)                        inst_109+36
mem[W,0x0000000080004480] <- 0x00000000FFD3F3C8

clint mtime 0x00000000000001DA (mip.MTI <- 0b1, mip.STI <- 0b0)
mem[X,0x0000000080000ECC] -> 0x0F37
mem[X,0x0000000080000ECE] -> 0x0000
[948] [M]: 0x0000000080000ECC (0x00000F37) lui x30, 0x0                             inst_110+0
x30 <- 0x0000000000000000

mem[X,0x0000000080000ED0] -> 0x0F13
mem[X,0x0000000080000ED2] -> 0x000F
[949] [M]: 0x0000000080000ED0 (0x000F0F13) addi x30, x30, 0x0                       inst_110+4
x30 <- 0x0000000000000000

clint mtime 0x00000000000001DB (mip.MTI <- 0b1, mip.STI <- 0b0)
mem[X,0x0000000080000ED4] -> 0x1F13
mem[X,0x0000000080000ED6] -> 0x00BF
[950] [M]: 0x0000000080000ED4 (0x00BF1F13) slli x30, x30, 0xb                       inst_110+8
x30 <- 0x0000000000000000

mem[X,0x0000000080000ED8] -> 0x0F13
mem[X,0x0000000080000EDA] -> 0x7FFF
[951] [M]: 0x0000000080000ED8 (0x7FFF0F13) addi x30, x30, 0x7ff                     inst_110+12
x30 <- 0x00000000000007FF

clint mtime 0x00000000000001DC (mip.MTI <- 0b1, mip.STI <- 0b0)
mem[X,0x0000000080000EDC] -> 0x1F13
mem[X,0x0000000080000EDE] -> 0x00BF
[952] [M]: 0x0000000080000EDC (0x00BF1F13) slli x30, x30, 0xb                       inst_110+16
x30 <- 0x00000000003FF800

mem[X,0x0000000080000EE0] -> 0x0F13
mem[X,0x0000000080000EE2] -> 0x01BF
[953] [M]: 0x0000000080000EE0 (0x01BF0F13) addi x30, x30, 0x1b                      inst_110+20
x30 <- 0x00000000003FF81B

clint mtime 0x00000000000001DD (mip.MTI <- 0b1, mip.STI <- 0b0)
mem[X,0x0000000080000EE4] -> 0x1F13
mem[X,0x0000000080000EE6] -> 0x00AF
[954] [M]: 0x0000000080000EE4 (0x00AF1F13) slli x30, x30, 0xa                       inst_110+24
x30 <- 0x00000000FFE06C00

mem[X,0x0000000080000EE8] -> 0x0F13
mem[X,0x0000000080000EEA] -> 0x387F
[955] [M]: 0x0000000080000EE8 (0x387F0F13) addi x30, x30, 0x387                     inst_110+28
x30 <- 0x00000000FFE06F87

clint mtime 0x00000000000001DE (mip.MTI <- 0b1, mip.STI <- 0b0)
mem[X,0x0000000080000EEC] -> 0x5F93
mem[X,0x0000000080000EEE] -> 0x687F
[956] [M]: 0x0000000080000EEC (0x687F5F93) brev8 x31, x30                           inst_110+32
x31 <- 0x00000000FF07F6E1

mem[X,0x0000000080000EF0] -> 0xB823
mem[X,0x0000000080000EF2] -> 0x29F2
[957] [M]: 0x0000000080000EF0 (0x29F2B823) sd x31, 0x290(x5)                        inst_110+36
mem[W,0x0000000080004488] <- 0x00000000FF07F6E1

clint mtime 0x00000000000001DF (mip.MTI <- 0b1, mip.STI <- 0b0)
mem[X,0x0000000080000EF4] -> 0x0F37
mem[X,0x0000000080000EF6] -> 0x0000
[958] [M]: 0x0000000080000EF4 (0x00000F37) lui x30, 0x0                             inst_111+0
x30 <- 0x0000000000000000

mem[X,0x0000000080000EF8] -> 0x0F13
mem[X,0x0000000080000EFA] -> 0x000F
[959] [M]: 0x0000000080000EF8 (0x000F0F13) addi x30, x30, 0x0                       inst_111+4
x30 <- 0x0000000000000000

clint mtime 0x00000000000001E0 (mip.MTI <- 0b1, mip.STI <- 0b0)
mem[X,0x0000000080000EFC] -> 0x1F13
mem[X,0x0000000080000EFE] -> 0x00BF
[960] [M]: 0x0000000080000EFC (0x00BF1F13) slli x30, x30, 0xb                       inst_111+8
x30 <- 0x0000000000000000

mem[X,0x0000000080000F00] -> 0x0F13
mem[X,0x0000000080000F02] -> 0x7FFF
[961] [M]: 0x0000000080000F00 (0x7FFF0F13) addi x30, x30, 0x7ff                     inst_111+12
x30 <- 0x00000000000007FF

clint mtime 0x00000000000001E1 (mip.MTI <- 0b1, mip.STI <- 0b0)
mem[X,0x0000000080000F04] -> 0x1F13
mem[X,0x0000000080000F06] -> 0x00BF
[962] [M]: 0x0000000080000F04 (0x00BF1F13) slli x30, x30, 0xb                       inst_111+16
x30 <- 0x00000000003FF800

mem[X,0x0000000080000F08] -> 0x0F13
mem[X,0x0000000080000F0A] -> 0x5F2F
[963] [M]: 0x0000000080000F08 (0x5F2F0F13) addi x30, x30, 0x5f2                     inst_111+20
x30 <- 0x00000000003FFDF2

clint mtime 0x00000000000001E2 (mip.MTI <- 0b1, mip.STI <- 0b0)
mem[X,0x0000000080000F0C] -> 0x1F13
mem[X,0x0000000080000F0E] -> 0x00AF
[964] [M]: 0x0000000080000F0C (0x00AF1F13) slli x30, x30, 0xa                       inst_111+24
x30 <- 0x00000000FFF7C800

mem[X,0x0000000080000F10] -> 0x0F13
mem[X,0x0000000080000F12] -> 0x031F
[965] [M]: 0x0000000080000F10 (0x031F0F13) addi x30, x30, 0x31                      inst_111+28
x30 <- 0x00000000FFF7C831

clint mtime 0x00000000000001E3 (mip.MTI <- 0b1, mip.STI <- 0b0)
mem[X,0x0000000080000F14] -> 0x5F93
mem[X,0x0000000080000F16] -> 0x687F
[966] [M]: 0x0000000080000F14 (0x687F5F93) brev8 x31, x30                           inst_111+32
x31 <- 0x00000000FFEF138C

mem[X,0x0000000080000F18] -> 0xBC23
mem[X,0x0000000080000F1A] -> 0x29F2
[967] [M]: 0x0000000080000F18 (0x29F2BC23) sd x31, 0x298(x5)                        inst_111+36
mem[W,0x0000000080004490] <- 0x00000000FFEF138C

clint mtime 0x00000000000001E4 (mip.MTI <- 0b1, mip.STI <- 0b0)
mem[X,0x0000000080000F1C] -> 0x5F37
mem[X,0x0000000080000F1E] -> 0x1FFF
[968] [M]: 0x0000000080000F1C (0x1FFF5F37) lui x30, 0x1fff5                         inst_112+0
x30 <- 0x000000001FFF5000

mem[X,0x0000000080000F20] -> 0x0F13
mem[X,0x0000000080000F22] -> 0x2EFF
[969] [M]: 0x0000000080000F20 (0x2EFF0F13) addi x30, x30, 0x2ef                     inst_112+4
x30 <- 0x000000001FFF52EF

clint mtime 0x00000000000001E5 (mip.MTI <- 0b1, mip.STI <- 0b0)
mem[X,0x0000000080000F24] -> 0x1F13
mem[X,0x0000000080000F26] -> 0x003F
[970] [M]: 0x0000000080000F24 (0x003F1F13) slli x30, x30, 0x3                       inst_112+8
x30 <- 0x00000000FFFA9778

mem[X,0x0000000080000F28] -> 0x5F93
mem[X,0x0000000080000F2A] -> 0x687F
[971] [M]: 0x0000000080000F28 (0x687F5F93) brev8 x31, x30                           inst_112+12
x31 <- 0x00000000FF5FE91E

clint mtime 0x00000000000001E6 (mip.MTI <- 0b1, mip.STI <- 0b0)
mem[X,0x0000000080000F2C] -> 0xB023
mem[X,0x0000000080000F2E] -> 0x2BF2
[972] [M]: 0x0000000080000F2C (0x2BF2B023) sd x31, 0x2a0(x5)                        inst_112+16
mem[W,0x0000000080004498] <- 0x00000000FF5FE91E

mem[X,0x0000000080000F30] -> 0x0F37
mem[X,0x0000000080000F32] -> 0x0000
[973] [M]: 0x0000000080000F30 (0x00000F37) lui x30, 0x0                             inst_113+0
x30 <- 0x0000000000000000

clint mtime 0x00000000000001E7 (mip.MTI <- 0b1, mip.STI <- 0b0)
mem[X,0x0000000080000F34] -> 0x0F13
mem[X,0x0000000080000F36] -> 0x000F
[974] [M]: 0x0000000080000F34 (0x000F0F13) addi x30, x30, 0x0                       inst_113+4
x30 <- 0x0000000000000000

mem[X,0x0000000080000F38] -> 0x1F13
mem[X,0x0000000080000F3A] -> 0x00BF
[975] [M]: 0x0000000080000F38 (0x00BF1F13) slli x30, x30, 0xb                       inst_113+8
x30 <- 0x0000000000000000

clint mtime 0x00000000000001E8 (mip.MTI <- 0b1, mip.STI <- 0b0)
mem[X,0x0000000080000F3C] -> 0x0F13
mem[X,0x0000000080000F3E] -> 0x7FFF
[976] [M]: 0x0000000080000F3C (0x7FFF0F13) addi x30, x30, 0x7ff                     inst_113+12
x30 <- 0x00000000000007FF

mem[X,0x0000000080000F40] -> 0x1F13
mem[X,0x0000000080000F42] -> 0x00BF
[977] [M]: 0x0000000080000F40 (0x00BF1F13) slli x30, x30, 0xb                       inst_113+16
x30 <- 0x00000000003FF800

clint mtime 0x00000000000001E9 (mip.MTI <- 0b1, mip.STI <- 0b0)
mem[X,0x0000000080000F44] -> 0x0F13
mem[X,0x0000000080000F46] -> 0x73AF
[978] [M]: 0x0000000080000F44 (0x73AF0F13) addi x30, x30, 0x73a                     inst_113+20
x30 <- 0x00000000003FFF3A

mem[X,0x0000000080000F48] -> 0x1F13
mem[X,0x0000000080000F4A] -> 0x00AF
[979] [M]: 0x0000000080000F48 (0x00AF1F13) slli x30, x30, 0xa                       inst_113+24
x30 <- 0x00000000FFFCE800

clint mtime 0x00000000000001EA (mip.MTI <- 0b1, mip.STI <- 0b0)
mem[X,0x0000000080000F4C] -> 0x0F13
mem[X,0x0000000080000F4E] -> 0x344F
[980] [M]: 0x0000000080000F4C (0x344F0F13) addi x30, x30, 0x344                     inst_113+28
x30 <- 0x00000000FFFCEB44

mem[X,0x0000000080000F50] -> 0x5F93
mem[X,0x0000000080000F52] -> 0x687F
[981] [M]: 0x0000000080000F50 (0x687F5F93) brev8 x31, x30                           inst_113+32
x31 <- 0x00000000FF3FD722

clint mtime 0x00000000000001EB (mip.MTI <- 0b1, mip.STI <- 0b0)
mem[X,0x0000000080000F54] -> 0xB423
mem[X,0x0000000080000F56] -> 0x2BF2
[982] [M]: 0x0000000080000F54 (0x2BF2B423) sd x31, 0x2a8(x5)                        inst_113+36
mem[W,0x00000000800044A0] <- 0x00000000FF3FD722

mem[X,0x0000000080000F58] -> 0x0F37
mem[X,0x0000000080000F5A] -> 0x0000
[983] [M]: 0x0000000080000F58 (0x00000F37) lui x30, 0x0                             inst_114+0
x30 <- 0x0000000000000000

clint mtime 0x00000000000001EC (mip.MTI <- 0b1, mip.STI <- 0b0)
mem[X,0x0000000080000F5C] -> 0x0F13
mem[X,0x0000000080000F5E] -> 0x000F
[984] [M]: 0x0000000080000F5C (0x000F0F13) addi x30, x30, 0x0                       inst_114+4
x30 <- 0x0000000000000000

mem[X,0x0000000080000F60] -> 0x1F13
mem[X,0x0000000080000F62] -> 0x00BF
[985] [M]: 0x0000000080000F60 (0x00BF1F13) slli x30, x30, 0xb                       inst_114+8
x30 <- 0x0000000000000000

clint mtime 0x00000000000001ED (mip.MTI <- 0b1, mip.STI <- 0b0)
mem[X,0x0000000080000F64] -> 0x0F13
mem[X,0x0000000080000F66] -> 0x7FFF
[986] [M]: 0x0000000080000F64 (0x7FFF0F13) addi x30, x30, 0x7ff                     inst_114+12
x30 <- 0x00000000000007FF

mem[X,0x0000000080000F68] -> 0x1F13
mem[X,0x0000000080000F6A] -> 0x00BF
[987] [M]: 0x0000000080000F68 (0x00BF1F13) slli x30, x30, 0xb                       inst_114+16
x30 <- 0x00000000003FF800

clint mtime 0x00000000000001EE (mip.MTI <- 0b1, mip.STI <- 0b0)
mem[X,0x0000000080000F6C] -> 0x0F13
mem[X,0x0000000080000F6E] -> 0x78FF
[988] [M]: 0x0000000080000F6C (0x78FF0F13) addi x30, x30, 0x78f                     inst_114+20
x30 <- 0x00000000003FFF8F

mem[X,0x0000000080000F70] -> 0x1F13
mem[X,0x0000000080000F72] -> 0x00AF
[989] [M]: 0x0000000080000F70 (0x00AF1F13) slli x30, x30, 0xa                       inst_114+24
x30 <- 0x00000000FFFE3C00

clint mtime 0x00000000000001EF (mip.MTI <- 0b1, mip.STI <- 0b0)
mem[X,0x0000000080000F74] -> 0x0F13
mem[X,0x0000000080000F76] -> 0x3BAF
[990] [M]: 0x0000000080000F74 (0x3BAF0F13) addi x30, x30, 0x3ba                     inst_114+28
x30 <- 0x00000000FFFE3FBA

mem[X,0x0000000080000F78] -> 0x5F93
mem[X,0x0000000080000F7A] -> 0x687F
[991] [M]: 0x0000000080000F78 (0x687F5F93) brev8 x31, x30                           inst_114+32
x31 <- 0x00000000FF7FFC5D

clint mtime 0x00000000000001F0 (mip.MTI <- 0b1, mip.STI <- 0b0)
mem[X,0x0000000080000F7C] -> 0xB823
mem[X,0x0000000080000F7E] -> 0x2BF2
[992] [M]: 0x0000000080000F7C (0x2BF2B823) sd x31, 0x2b0(x5)                        inst_114+36
mem[W,0x00000000800044A8] <- 0x00000000FF7FFC5D

mem[X,0x0000000080000F80] -> 0xEF37
mem[X,0x0000000080000F82] -> 0x1FFF
[993] [M]: 0x0000000080000F80 (0x1FFFEF37) lui x30, 0x1fffe                         inst_115+0
x30 <- 0x000000001FFFE000

clint mtime 0x00000000000001F1 (mip.MTI <- 0b1, mip.STI <- 0b0)
mem[X,0x0000000080000F84] -> 0x0F13
mem[X,0x0000000080000F86] -> 0x2CBF
[994] [M]: 0x0000000080000F84 (0x2CBF0F13) addi x30, x30, 0x2cb                     inst_115+4
x30 <- 0x000000001FFFE2CB

mem[X,0x0000000080000F88] -> 0x1F13
mem[X,0x0000000080000F8A] -> 0x003F
[995] [M]: 0x0000000080000F88 (0x003F1F13) slli x30, x30, 0x3                       inst_115+8
x30 <- 0x00000000FFFF1658

clint mtime 0x00000000000001F2 (mip.MTI <- 0b1, mip.STI <- 0b0)
mem[X,0x0000000080000F8C] -> 0x5F93
mem[X,0x0000000080000F8E] -> 0x687F
[996] [M]: 0x0000000080000F8C (0x687F5F93) brev8 x31, x30                           inst_115+12
x31 <- 0x00000000FFFF681A

mem[X,0x0000000080000F90] -> 0xBC23
mem[X,0x0000000080000F92] -> 0x2BF2
[997] [M]: 0x0000000080000F90 (0x2BF2BC23) sd x31, 0x2b8(x5)                        inst_115+16
mem[W,0x00000000800044B0] <- 0x00000000FFFF681A

clint mtime 0x00000000000001F3 (mip.MTI <- 0b1, mip.STI <- 0b0)
mem[X,0x0000000080000F94] -> 0xDF37
mem[X,0x0000000080000F96] -> 0x7FFF
[998] [M]: 0x0000000080000F94 (0x7FFFDF37) lui x30, 0x7fffd                         inst_116+0
x30 <- 0x000000007FFFD000

mem[X,0x0000000080000F98] -> 0x0F13
mem[X,0x0000000080000F9A] -> 0x61DF
[999] [M]: 0x0000000080000F98 (0x61DF0F13) addi x30, x30, 0x61d                     inst_116+4
x30 <- 0x000000007FFFD61D

clint mtime 0x00000000000001F4 (mip.MTI <- 0b1, mip.STI <- 0b0)
mem[X,0x0000000080000F9C] -> 0x1F13
mem[X,0x0000000080000F9E] -> 0x001F
[1000] [M]: 0x0000000080000F9C (0x001F1F13) slli x30, x30, 0x1                      inst_116+8
x30 <- 0x00000000FFFFAC3A

mem[X,0x0000000080000FA0] -> 0x5F93
mem[X,0x0000000080000FA2] -> 0x687F
[1001] [M]: 0x0000000080000FA0 (0x687F5F93) brev8 x31, x30                          inst_116+12
x31 <- 0x00000000FFFF355C

clint mtime 0x00000000000001F5 (mip.MTI <- 0b1, mip.STI <- 0b0)
mem[X,0x0000000080000FA4] -> 0xB023
mem[X,0x0000000080000FA6] -> 0x2DF2
[1002] [M]: 0x0000000080000FA4 (0x2DF2B023) sd x31, 0x2c0(x5)                       inst_116+16
mem[W,0x00000000800044B8] <- 0x00000000FFFF355C

mem[X,0x0000000080000FA8] -> 0x0F37
mem[X,0x0000000080000FAA] -> 0x0000
[1003] [M]: 0x0000000080000FA8 (0x00000F37) lui x30, 0x0                            inst_117+0
x30 <- 0x0000000000000000

clint mtime 0x00000000000001F6 (mip.MTI <- 0b1, mip.STI <- 0b0)
mem[X,0x0000000080000FAC] -> 0x0F13
mem[X,0x0000000080000FAE] -> 0x000F
[1004] [M]: 0x0000000080000FAC (0x000F0F13) addi x30, x30, 0x0                      inst_117+4
x30 <- 0x0000000000000000

mem[X,0x0000000080000FB0] -> 0x1F13
mem[X,0x0000000080000FB2] -> 0x00BF
[1005] [M]: 0x0000000080000FB0 (0x00BF1F13) slli x30, x30, 0xb                      inst_117+8
x30 <- 0x0000000000000000

clint mtime 0x00000000000001F7 (mip.MTI <- 0b1, mip.STI <- 0b0)
mem[X,0x0000000080000FB4] -> 0x0F13
mem[X,0x0000000080000FB6] -> 0x7FFF
[1006] [M]: 0x0000000080000FB4 (0x7FFF0F13) addi x30, x30, 0x7ff                    inst_117+12
x30 <- 0x00000000000007FF

mem[X,0x0000000080000FB8] -> 0x1F13
mem[X,0x0000000080000FBA] -> 0x00BF
[1007] [M]: 0x0000000080000FB8 (0x00BF1F13) slli x30, x30, 0xb                      inst_117+16
x30 <- 0x00000000003FF800

clint mtime 0x00000000000001F8 (mip.MTI <- 0b1, mip.STI <- 0b0)
mem[X,0x0000000080000FBC] -> 0x0F13
mem[X,0x0000000080000FBE] -> 0x7F3F
[1008] [M]: 0x0000000080000FBC (0x7F3F0F13) addi x30, x30, 0x7f3                    inst_117+20
x30 <- 0x00000000003FFFF3

mem[X,0x0000000080000FC0] -> 0x1F13
mem[X,0x0000000080000FC2] -> 0x00AF
[1009] [M]: 0x0000000080000FC0 (0x00AF1F13) slli x30, x30, 0xa                      inst_117+24
x30 <- 0x00000000FFFFCC00

clint mtime 0x00000000000001F9 (mip.MTI <- 0b1, mip.STI <- 0b0)
mem[X,0x0000000080000FC4] -> 0x0F13
mem[X,0x0000000080000FC6] -> 0x1F0F
[1010] [M]: 0x0000000080000FC4 (0x1F0F0F13) addi x30, x30, 0x1f0                    inst_117+28
x30 <- 0x00000000FFFFCDF0

mem[X,0x0000000080000FC8] -> 0x5F93
mem[X,0x0000000080000FCA] -> 0x687F
[1011] [M]: 0x0000000080000FC8 (0x687F5F93) brev8 x31, x30                          inst_117+32
x31 <- 0x00000000FFFFB30F

clint mtime 0x00000000000001FA (mip.MTI <- 0b1, mip.STI <- 0b0)
mem[X,0x0000000080000FCC] -> 0xB423
mem[X,0x0000000080000FCE] -> 0x2DF2
[1012] [M]: 0x0000000080000FCC (0x2DF2B423) sd x31, 0x2c8(x5)                       inst_117+36
mem[W,0x00000000800044C0] <- 0x00000000FFFFB30F

mem[X,0x0000000080000FD0] -> 0x0F37
mem[X,0x0000000080000FD2] -> 0x0000
[1013] [M]: 0x0000000080000FD0 (0x00000F37) lui x30, 0x0                            inst_118+0
x30 <- 0x0000000000000000

clint mtime 0x00000000000001FB (mip.MTI <- 0b1, mip.STI <- 0b0)
mem[X,0x0000000080000FD4] -> 0x0F13
mem[X,0x0000000080000FD6] -> 0x000F
[1014] [M]: 0x0000000080000FD4 (0x000F0F13) addi x30, x30, 0x0                      inst_118+4
x30 <- 0x0000000000000000

mem[X,0x0000000080000FD8] -> 0x1F13
mem[X,0x0000000080000FDA] -> 0x00BF
[1015] [M]: 0x0000000080000FD8 (0x00BF1F13) slli x30, x30, 0xb                      inst_118+8
x30 <- 0x0000000000000000

clint mtime 0x00000000000001FC (mip.MTI <- 0b1, mip.STI <- 0b0)
mem[X,0x0000000080000FDC] -> 0x0F13
mem[X,0x0000000080000FDE] -> 0x7FFF
[1016] [M]: 0x0000000080000FDC (0x7FFF0F13) addi x30, x30, 0x7ff                    inst_118+12
x30 <- 0x00000000000007FF

mem[X,0x0000000080000FE0] -> 0x1F13
mem[X,0x0000000080000FE2] -> 0x00BF
[1017] [M]: 0x0000000080000FE0 (0x00BF1F13) slli x30, x30, 0xb                      inst_118+16
x30 <- 0x00000000003FF800

clint mtime 0x00000000000001FD (mip.MTI <- 0b1, mip.STI <- 0b0)
mem[X,0x0000000080000FE4] -> 0x0F13
mem[X,0x0000000080000FE6] -> 0x7F9F
[1018] [M]: 0x0000000080000FE4 (0x7F9F0F13) addi x30, x30, 0x7f9                    inst_118+20
x30 <- 0x00000000003FFFF9

mem[X,0x0000000080000FE8] -> 0x1F13
mem[X,0x0000000080000FEA] -> 0x00AF
[1019] [M]: 0x0000000080000FE8 (0x00AF1F13) slli x30, x30, 0xa                      inst_118+24
x30 <- 0x00000000FFFFE400

clint mtime 0x00000000000001FE (mip.MTI <- 0b1, mip.STI <- 0b0)
mem[X,0x0000000080000FEC] -> 0x0F13
mem[X,0x0000000080000FEE] -> 0x284F
[1020] [M]: 0x0000000080000FEC (0x284F0F13) addi x30, x30, 0x284                    inst_118+28
x30 <- 0x00000000FFFFE684

mem[X,0x0000000080000FF0] -> 0x5F93
mem[X,0x0000000080000FF2] -> 0x687F
[1021] [M]: 0x0000000080000FF0 (0x687F5F93) brev8 x31, x30                          inst_118+32
x31 <- 0x00000000FFFF6721

clint mtime 0x00000000000001FF (mip.MTI <- 0b1, mip.STI <- 0b0)
mem[X,0x0000000080000FF4] -> 0xB823
mem[X,0x0000000080000FF6] -> 0x2DF2
[1022] [M]: 0x0000000080000FF4 (0x2DF2B823) sd x31, 0x2d0(x5)                       inst_118+36
mem[W,0x00000000800044C8] <- 0x00000000FFFF6721

mem[X,0x0000000080000FF8] -> 0x0F37
mem[X,0x0000000080000FFA] -> 0x0000
[1023] [M]: 0x0000000080000FF8 (0x00000F37) lui x30, 0x0                            inst_119+0
x30 <- 0x0000000000000000

clint mtime 0x0000000000000200 (mip.MTI <- 0b1, mip.STI <- 0b0)
mem[X,0x0000000080000FFC] -> 0x0F13
mem[X,0x0000000080000FFE] -> 0x000F
[1024] [M]: 0x0000000080000FFC (0x000F0F13) addi x30, x30, 0x0                      inst_119+4
x30 <- 0x0000000000000000

mem[X,0x0000000080001000] -> 0x1F13
mem[X,0x0000000080001002] -> 0x00BF
[1025] [M]: 0x0000000080001000 (0x00BF1F13) slli x30, x30, 0xb                      inst_119+8
x30 <- 0x0000000000000000

clint mtime 0x0000000000000201 (mip.MTI <- 0b1, mip.STI <- 0b0)
mem[X,0x0000000080001004] -> 0x0F13
mem[X,0x0000000080001006] -> 0x7FFF
[1026] [M]: 0x0000000080001004 (0x7FFF0F13) addi x30, x30, 0x7ff                    inst_119+12
x30 <- 0x00000000000007FF

mem[X,0x0000000080001008] -> 0x1F13
mem[X,0x000000008000100A] -> 0x00BF
[1027] [M]: 0x0000000080001008 (0x00BF1F13) slli x30, x30, 0xb                      inst_119+16
x30 <- 0x00000000003FF800

clint mtime 0x0000000000000202 (mip.MTI <- 0b1, mip.STI <- 0b0)
mem[X,0x000000008000100C] -> 0x0F13
mem[X,0x000000008000100E] -> 0x7FCF
[1028] [M]: 0x000000008000100C (0x7FCF0F13) addi x30, x30, 0x7fc                    inst_119+20
x30 <- 0x00000000003FFFFC

mem[X,0x0000000080001010] -> 0x1F13
mem[X,0x0000000080001012] -> 0x00AF
[1029] [M]: 0x0000000080001010 (0x00AF1F13) slli x30, x30, 0xa                      inst_119+24
x30 <- 0x00000000FFFFF000

clint mtime 0x0000000000000203 (mip.MTI <- 0b1, mip.STI <- 0b0)
mem[X,0x0000000080001014] -> 0x0F13
mem[X,0x0000000080001016] -> 0x1C6F
[1030] [M]: 0x0000000080001014 (0x1C6F0F13) addi x30, x30, 0x1c6                    inst_119+28
x30 <- 0x00000000FFFFF1C6

mem[X,0x0000000080001018] -> 0x5F93
mem[X,0x000000008000101A] -> 0x687F
[1031] [M]: 0x0000000080001018 (0x687F5F93) brev8 x31, x30                          inst_119+32
x31 <- 0x00000000FFFF8F63

clint mtime 0x0000000000000204 (mip.MTI <- 0b1, mip.STI <- 0b0)
mem[X,0x000000008000101C] -> 0xBC23
mem[X,0x000000008000101E] -> 0x2DF2
[1032] [M]: 0x000000008000101C (0x2DF2BC23) sd x31, 0x2d8(x5)                       inst_119+36
mem[W,0x00000000800044D0] <- 0x00000000FFFF8F63

mem[X,0x0000000080001020] -> 0x0F37
mem[X,0x0000000080001022] -> 0x0000
[1033] [M]: 0x0000000080001020 (0x00000F37) lui x30, 0x0                            inst_120+0
x30 <- 0x0000000000000000

clint mtime 0x0000000000000205 (mip.MTI <- 0b1, mip.STI <- 0b0)
mem[X,0x0000000080001024] -> 0x0F13
mem[X,0x0000000080001026] -> 0x000F
[1034] [M]: 0x0000000080001024 (0x000F0F13) addi x30, x30, 0x0                      inst_120+4
x30 <- 0x0000000000000000

mem[X,0x0000000080001028] -> 0x1F13
mem[X,0x000000008000102A] -> 0x00BF
[1035] [M]: 0x0000000080001028 (0x00BF1F13) slli x30, x30, 0xb                      inst_120+8
x30 <- 0x0000000000000000

clint mtime 0x0000000000000206 (mip.MTI <- 0b1, mip.STI <- 0b0)
mem[X,0x000000008000102C] -> 0x0F13
mem[X,0x000000008000102E] -> 0x7FFF
[1036] [M]: 0x000000008000102C (0x7FFF0F13) addi x30, x30, 0x7ff                    inst_120+12
x30 <- 0x00000000000007FF

mem[X,0x0000000080001030] -> 0x1F13
mem[X,0x0000000080001032] -> 0x00BF
[1037] [M]: 0x0000000080001030 (0x00BF1F13) slli x30, x30, 0xb                      inst_120+16
x30 <- 0x00000000003FF800

clint mtime 0x0000000000000207 (mip.MTI <- 0b1, mip.STI <- 0b0)
mem[X,0x0000000080001034] -> 0x0F13
mem[X,0x0000000080001036] -> 0x7FEF
[1038] [M]: 0x0000000080001034 (0x7FEF0F13) addi x30, x30, 0x7fe                    inst_120+20
x30 <- 0x00000000003FFFFE

mem[X,0x0000000080001038] -> 0x1F13
mem[X,0x000000008000103A] -> 0x00AF
[1039] [M]: 0x0000000080001038 (0x00AF1F13) slli x30, x30, 0xa                      inst_120+24
x30 <- 0x00000000FFFFF800

clint mtime 0x0000000000000208 (mip.MTI <- 0b1, mip.STI <- 0b0)
mem[X,0x000000008000103C] -> 0x0F13
mem[X,0x000000008000103E] -> 0x006F
[1040] [M]: 0x000000008000103C (0x006F0F13) addi x30, x30, 0x6                      inst_120+28
x30 <- 0x00000000FFFFF806

mem[X,0x0000000080001040] -> 0x5F93
mem[X,0x0000000080001042] -> 0x687F
[1041] [M]: 0x0000000080001040 (0x687F5F93) brev8 x31, x30                          inst_120+32
x31 <- 0x00000000FFFF1F60

clint mtime 0x0000000000000209 (mip.MTI <- 0b1, mip.STI <- 0b0)
mem[X,0x0000000080001044] -> 0xB023
mem[X,0x0000000080001046] -> 0x2FF2
[1042] [M]: 0x0000000080001044 (0x2FF2B023) sd x31, 0x2e0(x5)                       inst_120+36
mem[W,0x00000000800044D8] <- 0x00000000FFFF1F60

mem[X,0x0000000080001048] -> 0x0F37
mem[X,0x000000008000104A] -> 0x0000
[1043] [M]: 0x0000000080001048 (0x00000F37) lui x30, 0x0                            inst_121+0
x30 <- 0x0000000000000000

clint mtime 0x000000000000020A (mip.MTI <- 0b1, mip.STI <- 0b0)
mem[X,0x000000008000104C] -> 0x0F13
mem[X,0x000000008000104E] -> 0x000F
[1044] [M]: 0x000000008000104C (0x000F0F13) addi x30, x30, 0x0                      inst_121+4
x30 <- 0x0000000000000000

mem[X,0x0000000080001050] -> 0x1F13
mem[X,0x0000000080001052] -> 0x00BF
[1045] [M]: 0x0000000080001050 (0x00BF1F13) slli x30, x30, 0xb                      inst_121+8
x30 <- 0x0000000000000000

clint mtime 0x000000000000020B (mip.MTI <- 0b1, mip.STI <- 0b0)
mem[X,0x0000000080001054] -> 0x0F13
mem[X,0x0000000080001056] -> 0x7FFF
[1046] [M]: 0x0000000080001054 (0x7FFF0F13) addi x30, x30, 0x7ff                    inst_121+12
x30 <- 0x00000000000007FF

mem[X,0x0000000080001058] -> 0x1F13
mem[X,0x000000008000105A] -> 0x00BF
[1047] [M]: 0x0000000080001058 (0x00BF1F13) slli x30, x30, 0xb                      inst_121+16
x30 <- 0x00000000003FF800

clint mtime 0x000000000000020C (mip.MTI <- 0b1, mip.STI <- 0b0)
mem[X,0x000000008000105C] -> 0x0F13
mem[X,0x000000008000105E] -> 0x7FFF
[1048] [M]: 0x000000008000105C (0x7FFF0F13) addi x30, x30, 0x7ff                    inst_121+20
x30 <- 0x00000000003FFFFF

mem[X,0x0000000080001060] -> 0x1F13
mem[X,0x0000000080001062] -> 0x00AF
[1049] [M]: 0x0000000080001060 (0x00AF1F13) slli x30, x30, 0xa                      inst_121+24
x30 <- 0x00000000FFFFFC00

clint mtime 0x000000000000020D (mip.MTI <- 0b1, mip.STI <- 0b0)
mem[X,0x0000000080001064] -> 0x0F13
mem[X,0x0000000080001066] -> 0x078F
[1050] [M]: 0x0000000080001064 (0x078F0F13) addi x30, x30, 0x78                     inst_121+28
x30 <- 0x00000000FFFFFC78

mem[X,0x0000000080001068] -> 0x5F93
mem[X,0x000000008000106A] -> 0x687F
[1051] [M]: 0x0000000080001068 (0x687F5F93) brev8 x31, x30                          inst_121+32
x31 <- 0x00000000FFFF3F1E

clint mtime 0x000000000000020E (mip.MTI <- 0b1, mip.STI <- 0b0)
mem[X,0x000000008000106C] -> 0xB423
mem[X,0x000000008000106E] -> 0x2FF2
[1052] [M]: 0x000000008000106C (0x2FF2B423) sd x31, 0x2e8(x5)                       inst_121+36
mem[W,0x00000000800044E0] <- 0x00000000FFFF3F1E

mem[X,0x0000000080001070] -> 0x0F37
mem[X,0x0000000080001072] -> 0x0000
[1053] [M]: 0x0000000080001070 (0x00000F37) lui x30, 0x0                            inst_122+0
x30 <- 0x0000000000000000

clint mtime 0x000000000000020F (mip.MTI <- 0b1, mip.STI <- 0b0)
mem[X,0x0000000080001074] -> 0x0F13
mem[X,0x0000000080001076] -> 0x000F
[1054] [M]: 0x0000000080001074 (0x000F0F13) addi x30, x30, 0x0                      inst_122+4
x30 <- 0x0000000000000000

mem[X,0x0000000080001078] -> 0x1F13
mem[X,0x000000008000107A] -> 0x00BF
[1055] [M]: 0x0000000080001078 (0x00BF1F13) slli x30, x30, 0xb                      inst_122+8
x30 <- 0x0000000000000000

clint mtime 0x0000000000000210 (mip.MTI <- 0b1, mip.STI <- 0b0)
mem[X,0x000000008000107C] -> 0x0F13
mem[X,0x000000008000107E] -> 0x7FFF
[1056] [M]: 0x000000008000107C (0x7FFF0F13) addi x30, x30, 0x7ff                    inst_122+12
x30 <- 0x00000000000007FF

mem[X,0x0000000080001080] -> 0x1F13
mem[X,0x0000000080001082] -> 0x00BF
[1057] [M]: 0x0000000080001080 (0x00BF1F13) slli x30, x30, 0xb                      inst_122+16
x30 <- 0x00000000003FF800

clint mtime 0x0000000000000211 (mip.MTI <- 0b1, mip.STI <- 0b0)
mem[X,0x0000000080001084] -> 0x0F13
mem[X,0x0000000080001086] -> 0x7FFF
[1058] [M]: 0x0000000080001084 (0x7FFF0F13) addi x30, x30, 0x7ff                    inst_122+20
x30 <- 0x00000000003FFFFF

mem[X,0x0000000080001088] -> 0x1F13
mem[X,0x000000008000108A] -> 0x00AF
[1059] [M]: 0x0000000080001088 (0x00AF1F13) slli x30, x30, 0xa                      inst_122+24
x30 <- 0x00000000FFFFFC00

clint mtime 0x0000000000000212 (mip.MTI <- 0b1, mip.STI <- 0b0)
mem[X,0x000000008000108C] -> 0x0F13
mem[X,0x000000008000108E] -> 0x23BF
[1060] [M]: 0x000000008000108C (0x23BF0F13) addi x30, x30, 0x23b                    inst_122+28
x30 <- 0x00000000FFFFFE3B

mem[X,0x0000000080001090] -> 0x5F93
mem[X,0x0000000080001092] -> 0x687F
[1061] [M]: 0x0000000080001090 (0x687F5F93) brev8 x31, x30                          inst_122+32
x31 <- 0x00000000FFFF7FDC

clint mtime 0x0000000000000213 (mip.MTI <- 0b1, mip.STI <- 0b0)
mem[X,0x0000000080001094] -> 0xB823
mem[X,0x0000000080001096] -> 0x2FF2
[1062] [M]: 0x0000000080001094 (0x2FF2B823) sd x31, 0x2f0(x5)                       inst_122+36
mem[W,0x00000000800044E8] <- 0x00000000FFFF7FDC

mem[X,0x0000000080001098] -> 0x0F37
mem[X,0x000000008000109A] -> 0x0000
[1063] [M]: 0x0000000080001098 (0x00000F37) lui x30, 0x0                            inst_123+0
x30 <- 0x0000000000000000

clint mtime 0x0000000000000214 (mip.MTI <- 0b1, mip.STI <- 0b0)
mem[X,0x000000008000109C] -> 0x0F13
mem[X,0x000000008000109E] -> 0x000F
[1064] [M]: 0x000000008000109C (0x000F0F13) addi x30, x30, 0x0                      inst_123+4
x30 <- 0x0000000000000000

mem[X,0x00000000800010A0] -> 0x1F13
mem[X,0x00000000800010A2] -> 0x00BF
[1065] [M]: 0x00000000800010A0 (0x00BF1F13) slli x30, x30, 0xb                      inst_123+8
x30 <- 0x0000000000000000

clint mtime 0x0000000000000215 (mip.MTI <- 0b1, mip.STI <- 0b0)
mem[X,0x00000000800010A4] -> 0x0F13
mem[X,0x00000000800010A6] -> 0x7FFF
[1066] [M]: 0x00000000800010A4 (0x7FFF0F13) addi x30, x30, 0x7ff                    inst_123+12
x30 <- 0x00000000000007FF

mem[X,0x00000000800010A8] -> 0x1F13
mem[X,0x00000000800010AA] -> 0x00BF
[1067] [M]: 0x00000000800010A8 (0x00BF1F13) slli x30, x30, 0xb                      inst_123+16
x30 <- 0x00000000003FF800

clint mtime 0x0000000000000216 (mip.MTI <- 0b1, mip.STI <- 0b0)
mem[X,0x00000000800010AC] -> 0x0F13
mem[X,0x00000000800010AE] -> 0x7FFF
[1068] [M]: 0x00000000800010AC (0x7FFF0F13) addi x30, x30, 0x7ff                    inst_123+20
x30 <- 0x00000000003FFFFF

mem[X,0x00000000800010B0] -> 0x1F13
mem[X,0x00000000800010B2] -> 0x00AF
[1069] [M]: 0x00000000800010B0 (0x00AF1F13) slli x30, x30, 0xa                      inst_123+24
x30 <- 0x00000000FFFFFC00

clint mtime 0x0000000000000217 (mip.MTI <- 0b1, mip.STI <- 0b0)
mem[X,0x00000000800010B4] -> 0x0F13
mem[X,0x00000000800010B6] -> 0x35AF
[1070] [M]: 0x00000000800010B4 (0x35AF0F13) addi x30, x30, 0x35a                    inst_123+28
x30 <- 0x00000000FFFFFF5A

mem[X,0x00000000800010B8] -> 0x5F93
mem[X,0x00000000800010BA] -> 0x687F
[1071] [M]: 0x00000000800010B8 (0x687F5F93) brev8 x31, x30                          inst_123+32
x31 <- 0x00000000FFFFFF5A

clint mtime 0x0000000000000218 (mip.MTI <- 0b1, mip.STI <- 0b0)
mem[X,0x00000000800010BC] -> 0xBC23
mem[X,0x00000000800010BE] -> 0x2FF2
[1072] [M]: 0x00000000800010BC (0x2FF2BC23) sd x31, 0x2f8(x5)                       inst_123+36
mem[W,0x00000000800044F0] <- 0x00000000FFFFFF5A

mem[X,0x00000000800010C0] -> 0x0F37
mem[X,0x00000000800010C2] -> 0x0000
[1073] [M]: 0x00000000800010C0 (0x00000F37) lui x30, 0x0                            inst_124+0
x30 <- 0x0000000000000000

clint mtime 0x0000000000000219 (mip.MTI <- 0b1, mip.STI <- 0b0)
mem[X,0x00000000800010C4] -> 0x0F13
mem[X,0x00000000800010C6] -> 0x000F
[1074] [M]: 0x00000000800010C4 (0x000F0F13) addi x30, x30, 0x0                      inst_124+4
x30 <- 0x0000000000000000

mem[X,0x00000000800010C8] -> 0x1F13
mem[X,0x00000000800010CA] -> 0x00BF
[1075] [M]: 0x00000000800010C8 (0x00BF1F13) slli x30, x30, 0xb                      inst_124+8
x30 <- 0x0000000000000000

clint mtime 0x000000000000021A (mip.MTI <- 0b1, mip.STI <- 0b0)
mem[X,0x00000000800010CC] -> 0x0F13
mem[X,0x00000000800010CE] -> 0x7FFF
[1076] [M]: 0x00000000800010CC (0x7FFF0F13) addi x30, x30, 0x7ff                    inst_124+12
x30 <- 0x00000000000007FF

mem[X,0x00000000800010D0] -> 0x1F13
mem[X,0x00000000800010D2] -> 0x00BF
[1077] [M]: 0x00000000800010D0 (0x00BF1F13) slli x30, x30, 0xb                      inst_124+16
x30 <- 0x00000000003FF800

clint mtime 0x000000000000021B (mip.MTI <- 0b1, mip.STI <- 0b0)
mem[X,0x00000000800010D4] -> 0x0F13
mem[X,0x00000000800010D6] -> 0x7FFF
[1078] [M]: 0x00000000800010D4 (0x7FFF0F13) addi x30, x30, 0x7ff                    inst_124+20
x30 <- 0x00000000003FFFFF

mem[X,0x00000000800010D8] -> 0x1F13
mem[X,0x00000000800010DA] -> 0x00AF
[1079] [M]: 0x00000000800010D8 (0x00AF1F13) slli x30, x30, 0xa                      inst_124+24
x30 <- 0x00000000FFFFFC00

clint mtime 0x000000000000021C (mip.MTI <- 0b1, mip.STI <- 0b0)
mem[X,0x00000000800010DC] -> 0x0F13
mem[X,0x00000000800010DE] -> 0x388F
[1080] [M]: 0x00000000800010DC (0x388F0F13) addi x30, x30, 0x388                    inst_124+28
x30 <- 0x00000000FFFFFF88

mem[X,0x00000000800010E0] -> 0x5F93
mem[X,0x00000000800010E2] -> 0x687F
[1081] [M]: 0x00000000800010E0 (0x687F5F93) brev8 x31, x30                          inst_124+32
x31 <- 0x00000000FFFFFF11

clint mtime 0x000000000000021D (mip.MTI <- 0b1, mip.STI <- 0b0)
mem[X,0x00000000800010E4] -> 0xB023
mem[X,0x00000000800010E6] -> 0x31F2
[1082] [M]: 0x00000000800010E4 (0x31F2B023) sd x31, 0x300(x5)                       inst_124+36
mem[W,0x00000000800044F8] <- 0x00000000FFFFFF11

mem[X,0x00000000800010E8] -> 0x0F37
mem[X,0x00000000800010EA] -> 0x0000
[1083] [M]: 0x00000000800010E8 (0x00000F37) lui x30, 0x0                            inst_125+0
x30 <- 0x0000000000000000

clint mtime 0x000000000000021E (mip.MTI <- 0b1, mip.STI <- 0b0)
mem[X,0x00000000800010EC] -> 0x0F13
mem[X,0x00000000800010EE] -> 0x000F
[1084] [M]: 0x00000000800010EC (0x000F0F13) addi x30, x30, 0x0                      inst_125+4
x30 <- 0x0000000000000000

mem[X,0x00000000800010F0] -> 0x1F13
mem[X,0x00000000800010F2] -> 0x00BF
[1085] [M]: 0x00000000800010F0 (0x00BF1F13) slli x30, x30, 0xb                      inst_125+8
x30 <- 0x0000000000000000

clint mtime 0x000000000000021F (mip.MTI <- 0b1, mip.STI <- 0b0)
mem[X,0x00000000800010F4] -> 0x0F13
mem[X,0x00000000800010F6] -> 0x7FFF
[1086] [M]: 0x00000000800010F4 (0x7FFF0F13) addi x30, x30, 0x7ff                    inst_125+12
x30 <- 0x00000000000007FF

mem[X,0x00000000800010F8] -> 0x1F13
mem[X,0x00000000800010FA] -> 0x00BF
[1087] [M]: 0x00000000800010F8 (0x00BF1F13) slli x30, x30, 0xb                      inst_125+16
x30 <- 0x00000000003FF800

clint mtime 0x0000000000000220 (mip.MTI <- 0b1, mip.STI <- 0b0)
mem[X,0x00000000800010FC] -> 0x0F13
mem[X,0x00000000800010FE] -> 0x7FFF
[1088] [M]: 0x00000000800010FC (0x7FFF0F13) addi x30, x30, 0x7ff                    inst_125+20
x30 <- 0x00000000003FFFFF

mem[X,0x0000000080001100] -> 0x1F13
mem[X,0x0000000080001102] -> 0x00AF
[1089] [M]: 0x0000000080001100 (0x00AF1F13) slli x30, x30, 0xa                      inst_125+24
x30 <- 0x00000000FFFFFC00

clint mtime 0x0000000000000221 (mip.MTI <- 0b1, mip.STI <- 0b0)
mem[X,0x0000000080001104] -> 0x0F13
mem[X,0x0000000080001106] -> 0x3C1F
[1090] [M]: 0x0000000080001104 (0x3C1F0F13) addi x30, x30, 0x3c1                    inst_125+28
x30 <- 0x00000000FFFFFFC1

mem[X,0x0000000080001108] -> 0x5F93
mem[X,0x000000008000110A] -> 0x687F
[1091] [M]: 0x0000000080001108 (0x687F5F93) brev8 x31, x30                          inst_125+32
x31 <- 0x00000000FFFFFF83

clint mtime 0x0000000000000222 (mip.MTI <- 0b1, mip.STI <- 0b0)
mem[X,0x000000008000110C] -> 0xB423
mem[X,0x000000008000110E] -> 0x31F2
[1092] [M]: 0x000000008000110C (0x31F2B423) sd x31, 0x308(x5)                       inst_125+36
mem[W,0x0000000080004500] <- 0x00000000FFFFFF83

mem[X,0x0000000080001110] -> 0x0F37
mem[X,0x0000000080001112] -> 0x0000
[1093] [M]: 0x0000000080001110 (0x00000F37) lui x30, 0x0                            inst_126+0
x30 <- 0x0000000000000000

clint mtime 0x0000000000000223 (mip.MTI <- 0b1, mip.STI <- 0b0)
mem[X,0x0000000080001114] -> 0x0F13
mem[X,0x0000000080001116] -> 0x000F
[1094] [M]: 0x0000000080001114 (0x000F0F13) addi x30, x30, 0x0                      inst_126+4
x30 <- 0x0000000000000000

mem[X,0x0000000080001118] -> 0x1F13
mem[X,0x000000008000111A] -> 0x00BF
[1095] [M]: 0x0000000080001118 (0x00BF1F13) slli x30, x30, 0xb                      inst_126+8
x30 <- 0x0000000000000000

clint mtime 0x0000000000000224 (mip.MTI <- 0b1, mip.STI <- 0b0)
mem[X,0x000000008000111C] -> 0x0F13
mem[X,0x000000008000111E] -> 0x7FFF
[1096] [M]: 0x000000008000111C (0x7FFF0F13) addi x30, x30, 0x7ff                    inst_126+12
x30 <- 0x00000000000007FF

mem[X,0x0000000080001120] -> 0x1F13
mem[X,0x0000000080001122] -> 0x00BF
[1097] [M]: 0x0000000080001120 (0x00BF1F13) slli x30, x30, 0xb                      inst_126+16
x30 <- 0x00000000003FF800

clint mtime 0x0000000000000225 (mip.MTI <- 0b1, mip.STI <- 0b0)
mem[X,0x0000000080001124] -> 0x0F13
mem[X,0x0000000080001126] -> 0x7FFF
[1098] [M]: 0x0000000080001124 (0x7FFF0F13) addi x30, x30, 0x7ff                    inst_126+20
x30 <- 0x00000000003FFFFF

mem[X,0x0000000080001128] -> 0x1F13
mem[X,0x000000008000112A] -> 0x00AF
[1099] [M]: 0x0000000080001128 (0x00AF1F13) slli x30, x30, 0xa                      inst_126+24
x30 <- 0x00000000FFFFFC00

clint mtime 0x0000000000000226 (mip.MTI <- 0b1, mip.STI <- 0b0)
mem[X,0x000000008000112C] -> 0x0F13
mem[X,0x000000008000112E] -> 0x3E8F
[1100] [M]: 0x000000008000112C (0x3E8F0F13) addi x30, x30, 0x3e8                    inst_126+28
x30 <- 0x00000000FFFFFFE8

mem[X,0x0000000080001130] -> 0x5F93
mem[X,0x0000000080001132] -> 0x687F
[1101] [M]: 0x0000000080001130 (0x687F5F93) brev8 x31, x30                          inst_126+32
x31 <- 0x00000000FFFFFF17

clint mtime 0x0000000000000227 (mip.MTI <- 0b1, mip.STI <- 0b0)
mem[X,0x0000000080001134] -> 0xB823
mem[X,0x0000000080001136] -> 0x31F2
[1102] [M]: 0x0000000080001134 (0x31F2B823) sd x31, 0x310(x5)                       inst_126+36
mem[W,0x0000000080004508] <- 0x00000000FFFFFF17

mem[X,0x0000000080001138] -> 0x0F37
mem[X,0x000000008000113A] -> 0x0000
[1103] [M]: 0x0000000080001138 (0x00000F37) lui x30, 0x0                            inst_127+0
x30 <- 0x0000000000000000

clint mtime 0x0000000000000228 (mip.MTI <- 0b1, mip.STI <- 0b0)
mem[X,0x000000008000113C] -> 0x0F13
mem[X,0x000000008000113E] -> 0x000F
[1104] [M]: 0x000000008000113C (0x000F0F13) addi x30, x30, 0x0                      inst_127+4
x30 <- 0x0000000000000000

mem[X,0x0000000080001140] -> 0x1F13
mem[X,0x0000000080001142] -> 0x00BF
[1105] [M]: 0x0000000080001140 (0x00BF1F13) slli x30, x30, 0xb                      inst_127+8
x30 <- 0x0000000000000000

clint mtime 0x0000000000000229 (mip.MTI <- 0b1, mip.STI <- 0b0)
mem[X,0x0000000080001144] -> 0x0F13
mem[X,0x0000000080001146] -> 0x7FFF
[1106] [M]: 0x0000000080001144 (0x7FFF0F13) addi x30, x30, 0x7ff                    inst_127+12
x30 <- 0x00000000000007FF

mem[X,0x0000000080001148] -> 0x1F13
mem[X,0x000000008000114A] -> 0x00BF
[1107] [M]: 0x0000000080001148 (0x00BF1F13) slli x30, x30, 0xb                      inst_127+16
x30 <- 0x00000000003FF800

clint mtime 0x000000000000022A (mip.MTI <- 0b1, mip.STI <- 0b0)
mem[X,0x000000008000114C] -> 0x0F13
mem[X,0x000000008000114E] -> 0x7FFF
[1108] [M]: 0x000000008000114C (0x7FFF0F13) addi x30, x30, 0x7ff                    inst_127+20
x30 <- 0x00000000003FFFFF

mem[X,0x0000000080001150] -> 0x1F13
mem[X,0x0000000080001152] -> 0x00AF
[1109] [M]: 0x0000000080001150 (0x00AF1F13) slli x30, x30, 0xa                      inst_127+24
x30 <- 0x00000000FFFFFC00

clint mtime 0x000000000000022B (mip.MTI <- 0b1, mip.STI <- 0b0)
mem[X,0x0000000080001154] -> 0x0F13
mem[X,0x0000000080001156] -> 0x3F1F
[1110] [M]: 0x0000000080001154 (0x3F1F0F13) addi x30, x30, 0x3f1                    inst_127+28
x30 <- 0x00000000FFFFFFF1

mem[X,0x0000000080001158] -> 0x5F93
mem[X,0x000000008000115A] -> 0x687F
[1111] [M]: 0x0000000080001158 (0x687F5F93) brev8 x31, x30                          inst_127+32
x31 <- 0x00000000FFFFFF8F

clint mtime 0x000000000000022C (mip.MTI <- 0b1, mip.STI <- 0b0)
mem[X,0x000000008000115C] -> 0xBC23
mem[X,0x000000008000115E] -> 0x31F2
[1112] [M]: 0x000000008000115C (0x31F2BC23) sd x31, 0x318(x5)                       inst_127+36
mem[W,0x0000000080004510] <- 0x00000000FFFFFF8F

mem[X,0x0000000080001160] -> 0x0F37
mem[X,0x0000000080001162] -> 0x0000
[1113] [M]: 0x0000000080001160 (0x00000F37) lui x30, 0x0                            inst_128+0
x30 <- 0x0000000000000000

clint mtime 0x000000000000022D (mip.MTI <- 0b1, mip.STI <- 0b0)
mem[X,0x0000000080001164] -> 0x0F13
mem[X,0x0000000080001166] -> 0x000F
[1114] [M]: 0x0000000080001164 (0x000F0F13) addi x30, x30, 0x0                      inst_128+4
x30 <- 0x0000000000000000

mem[X,0x0000000080001168] -> 0x1F13
mem[X,0x000000008000116A] -> 0x00BF
[1115] [M]: 0x0000000080001168 (0x00BF1F13) slli x30, x30, 0xb                      inst_128+8
x30 <- 0x0000000000000000

clint mtime 0x000000000000022E (mip.MTI <- 0b1, mip.STI <- 0b0)
mem[X,0x000000008000116C] -> 0x0F13
mem[X,0x000000008000116E] -> 0x7FFF
[1116] [M]: 0x000000008000116C (0x7FFF0F13) addi x30, x30, 0x7ff                    inst_128+12
x30 <- 0x00000000000007FF

mem[X,0x0000000080001170] -> 0x1F13
mem[X,0x0000000080001172] -> 0x00BF
[1117] [M]: 0x0000000080001170 (0x00BF1F13) slli x30, x30, 0xb                      inst_128+16
x30 <- 0x00000000003FF800

clint mtime 0x000000000000022F (mip.MTI <- 0b1, mip.STI <- 0b0)
mem[X,0x0000000080001174] -> 0x0F13
mem[X,0x0000000080001176] -> 0x7FFF
[1118] [M]: 0x0000000080001174 (0x7FFF0F13) addi x30, x30, 0x7ff                    inst_128+20
x30 <- 0x00000000003FFFFF

mem[X,0x0000000080001178] -> 0x1F13
mem[X,0x000000008000117A] -> 0x00AF
[1119] [M]: 0x0000000080001178 (0x00AF1F13) slli x30, x30, 0xa                      inst_128+24
x30 <- 0x00000000FFFFFC00

clint mtime 0x0000000000000230 (mip.MTI <- 0b1, mip.STI <- 0b0)
mem[X,0x000000008000117C] -> 0x0F13
mem[X,0x000000008000117E] -> 0x3F9F
[1120] [M]: 0x000000008000117C (0x3F9F0F13) addi x30, x30, 0x3f9                    inst_128+28
x30 <- 0x00000000FFFFFFF9

mem[X,0x0000000080001180] -> 0x5F93
mem[X,0x0000000080001182] -> 0x687F
[1121] [M]: 0x0000000080001180 (0x687F5F93) brev8 x31, x30                          inst_128+32
x31 <- 0x00000000FFFFFF9F

clint mtime 0x0000000000000231 (mip.MTI <- 0b1, mip.STI <- 0b0)
mem[X,0x0000000080001184] -> 0xB023
mem[X,0x0000000080001186] -> 0x33F2
[1122] [M]: 0x0000000080001184 (0x33F2B023) sd x31, 0x320(x5)                       inst_128+36
mem[W,0x0000000080004518] <- 0x00000000FFFFFF9F

mem[X,0x0000000080001188] -> 0x0F37
mem[X,0x000000008000118A] -> 0x0000
[1123] [M]: 0x0000000080001188 (0x00000F37) lui x30, 0x0                            inst_129+0
x30 <- 0x0000000000000000

clint mtime 0x0000000000000232 (mip.MTI <- 0b1, mip.STI <- 0b0)
mem[X,0x000000008000118C] -> 0x0F13
mem[X,0x000000008000118E] -> 0x000F
[1124] [M]: 0x000000008000118C (0x000F0F13) addi x30, x30, 0x0                      inst_129+4
x30 <- 0x0000000000000000

mem[X,0x0000000080001190] -> 0x1F13
mem[X,0x0000000080001192] -> 0x00BF
[1125] [M]: 0x0000000080001190 (0x00BF1F13) slli x30, x30, 0xb                      inst_129+8
x30 <- 0x0000000000000000

clint mtime 0x0000000000000233 (mip.MTI <- 0b1, mip.STI <- 0b0)
mem[X,0x0000000080001194] -> 0x0F13
mem[X,0x0000000080001196] -> 0x7FFF
[1126] [M]: 0x0000000080001194 (0x7FFF0F13) addi x30, x30, 0x7ff                    inst_129+12
x30 <- 0x00000000000007FF

mem[X,0x0000000080001198] -> 0x1F13
mem[X,0x000000008000119A] -> 0x00BF
[1127] [M]: 0x0000000080001198 (0x00BF1F13) slli x30, x30, 0xb                      inst_129+16
x30 <- 0x00000000003FF800

clint mtime 0x0000000000000234 (mip.MTI <- 0b1, mip.STI <- 0b0)
mem[X,0x000000008000119C] -> 0x0F13
mem[X,0x000000008000119E] -> 0x7FFF
[1128] [M]: 0x000000008000119C (0x7FFF0F13) addi x30, x30, 0x7ff                    inst_129+20
x30 <- 0x00000000003FFFFF

mem[X,0x00000000800011A0] -> 0x1F13
mem[X,0x00000000800011A2] -> 0x00AF
[1129] [M]: 0x00000000800011A0 (0x00AF1F13) slli x30, x30, 0xa                      inst_129+24
x30 <- 0x00000000FFFFFC00

clint mtime 0x0000000000000235 (mip.MTI <- 0b1, mip.STI <- 0b0)
mem[X,0x00000000800011A4] -> 0x0F13
mem[X,0x00000000800011A6] -> 0x3FDF
[1130] [M]: 0x00000000800011A4 (0x3FDF0F13) addi x30, x30, 0x3fd                    inst_129+28
x30 <- 0x00000000FFFFFFFD

mem[X,0x00000000800011A8] -> 0x5F93
mem[X,0x00000000800011AA] -> 0x687F
[1131] [M]: 0x00000000800011A8 (0x687F5F93) brev8 x31, x30                          inst_129+32
x31 <- 0x00000000FFFFFFBF

clint mtime 0x0000000000000236 (mip.MTI <- 0b1, mip.STI <- 0b0)
mem[X,0x00000000800011AC] -> 0xB423
mem[X,0x00000000800011AE] -> 0x33F2
[1132] [M]: 0x00000000800011AC (0x33F2B423) sd x31, 0x328(x5)                       inst_129+36
mem[W,0x0000000080004520] <- 0x00000000FFFFFFBF

mem[X,0x00000000800011B0] -> 0x0F13
mem[X,0x00000000800011B2] -> 0xFFF0
[1133] [M]: 0x00000000800011B0 (0xFFF00F13) addi x30, x0, -0x1                      inst_130+0
x30 <- 0xFFFFFFFFFFFFFFFF

clint mtime 0x0000000000000237 (mip.MTI <- 0b1, mip.STI <- 0b0)
mem[X,0x00000000800011B4] -> 0x5F13
mem[X,0x00000000800011B6] -> 0x021F
[1134] [M]: 0x00000000800011B4 (0x021F5F13) srli x30, x30, 0x21                     inst_130+4
x30 <- 0x000000007FFFFFFF

mem[X,0x00000000800011B8] -> 0x1F13
mem[X,0x00000000800011BA] -> 0x001F
[1135] [M]: 0x00000000800011B8 (0x001F1F13) slli x30, x30, 0x1                      inst_130+8
x30 <- 0x00000000FFFFFFFE

clint mtime 0x0000000000000238 (mip.MTI <- 0b1, mip.STI <- 0b0)
mem[X,0x00000000800011BC] -> 0x5F93
mem[X,0x00000000800011BE] -> 0x687F
[1136] [M]: 0x00000000800011BC (0x687F5F93) brev8 x31, x30                          inst_130+12
x31 <- 0x00000000FFFFFF7F

mem[X,0x00000000800011C0] -> 0xB823
mem[X,0x00000000800011C2] -> 0x33F2
[1137] [M]: 0x00000000800011C0 (0x33F2B823) sd x31, 0x330(x5)                       inst_130+16
mem[W,0x0000000080004528] <- 0x00000000FFFFFF7F

clint mtime 0x0000000000000239 (mip.MTI <- 0b1, mip.STI <- 0b0)
mem[X,0x00000000800011C4] -> 0x1F37
mem[X,0x00000000800011C6] -> 0x0204
[1138] [M]: 0x00000000800011C4 (0x02041F37) lui x30, 0x2041                         inst_131+0
x30 <- 0x0000000002041000

mem[X,0x00000000800011C8] -> 0x0F13
mem[X,0x00000000800011CA] -> 0x801F
[1139] [M]: 0x00000000800011C8 (0x801F0F13) addi x30, x30, -0x7ff                   inst_131+4
x30 <- 0x0000000002040801

clint mtime 0x000000000000023A (mip.MTI <- 0b1, mip.STI <- 0b0)
mem[X,0x00000000800011CC] -> 0x1F13
mem[X,0x00000000800011CE] -> 0x00BF
[1140] [M]: 0x00000000800011CC (0x00BF1F13) slli x30, x30, 0xb                      inst_131+8
x30 <- 0x0000001020400800

mem[X,0x00000000800011D0] -> 0x0F13
mem[X,0x00000000800011D2] -> 0x010F
[1141] [M]: 0x00000000800011D0 (0x010F0F13) addi x30, x30, 0x10                     inst_131+12
x30 <- 0x0000001020400810

clint mtime 0x000000000000023B (mip.MTI <- 0b1, mip.STI <- 0b0)
mem[X,0x00000000800011D4] -> 0x1F13
mem[X,0x00000000800011D6] -> 0x00BF
[1142] [M]: 0x00000000800011D4 (0x00BF1F13) slli x30, x30, 0xb                      inst_131+16
x30 <- 0x0000810200408000

mem[X,0x00000000800011D8] -> 0x0F13
mem[X,0x00000000800011DA] -> 0x102F
[1143] [M]: 0x00000000800011D8 (0x102F0F13) addi x30, x30, 0x102                    inst_131+20
x30 <- 0x0000810200408102

clint mtime 0x000000000000023C (mip.MTI <- 0b1, mip.STI <- 0b0)
mem[X,0x00000000800011DC] -> 0x1F13
mem[X,0x00000000800011DE] -> 0x00AF
[1144] [M]: 0x00000000800011DC (0x00AF1F13) slli x30, x30, 0xa                      inst_131+24
x30 <- 0x0204080102040800

mem[X,0x00000000800011E0] -> 0x0F13
mem[X,0x00000000800011E2] -> 0x001F
[1145] [M]: 0x00000000800011E0 (0x001F0F13) addi x30, x30, 0x1                      inst_131+28
x30 <- 0x0204080102040801

clint mtime 0x000000000000023D (mip.MTI <- 0b1, mip.STI <- 0b0)
mem[X,0x00000000800011E4] -> 0x5F93
mem[X,0x00000000800011E6] -> 0x687F
[1146] [M]: 0x00000000800011E4 (0x687F5F93) brev8 x31, x30                          inst_131+32
x31 <- 0x4020108040201080

mem[X,0x00000000800011E8] -> 0xBC23
mem[X,0x00000000800011EA] -> 0x33F2
[1147] [M]: 0x00000000800011E8 (0x33F2BC23) sd x31, 0x338(x5)                       inst_131+36
mem[W,0x0000000080004530] <- 0x4020108040201080

clint mtime 0x000000000000023E (mip.MTI <- 0b1, mip.STI <- 0b0)
mem[X,0x00000000800011EC] -> 0x0F37
mem[X,0x00000000800011EE] -> 0x0408
[1148] [M]: 0x00000000800011EC (0x04080F37) lui x30, 0x4080                         inst_132+0
x30 <- 0x0000000004080000

mem[X,0x00000000800011F0] -> 0x0F13
mem[X,0x00000000800011F2] -> 0x102F
[1149] [M]: 0x00000000800011F0 (0x102F0F13) addi x30, x30, 0x102                    inst_132+4
x30 <- 0x0000000004080102

clint mtime 0x000000000000023F (mip.MTI <- 0b1, mip.STI <- 0b0)
mem[X,0x00000000800011F4] -> 0x1F13
mem[X,0x00000000800011F6] -> 0x00BF
[1150] [M]: 0x00000000800011F4 (0x00BF1F13) slli x30, x30, 0xb                      inst_132+8
x30 <- 0x0000002040081000

mem[X,0x00000000800011F8] -> 0x0F13
mem[X,0x00000000800011FA] -> 0x020F
[1151] [M]: 0x00000000800011F8 (0x020F0F13) addi x30, x30, 0x20                     inst_132+12
x30 <- 0x0000002040081020

clint mtime 0x0000000000000240 (mip.MTI <- 0b1, mip.STI <- 0b0)
mem[X,0x00000000800011FC] -> 0x1F13
mem[X,0x00000000800011FE] -> 0x00BF
[1152] [M]: 0x00000000800011FC (0x00BF1F13) slli x30, x30, 0xb                      inst_132+16
x30 <- 0x0001020040810000

mem[X,0x0000000080001200] -> 0x0F13
mem[X,0x0000000080001202] -> 0x200F
[1153] [M]: 0x0000000080001200 (0x200F0F13) addi x30, x30, 0x200                    inst_132+20
x30 <- 0x0001020040810200

clint mtime 0x0000000000000241 (mip.MTI <- 0b1, mip.STI <- 0b0)
mem[X,0x0000000080001204] -> 0x1F13
mem[X,0x0000000080001206] -> 0x00AF
[1154] [M]: 0x0000000080001204 (0x00AF1F13) slli x30, x30, 0xa                      inst_132+24
x30 <- 0x0408010204080000

mem[X,0x0000000080001208] -> 0x0F13
mem[X,0x000000008000120A] -> 0x102F
[1155] [M]: 0x0000000080001208 (0x102F0F13) addi x30, x30, 0x102                    inst_132+28
x30 <- 0x0408010204080102

clint mtime 0x0000000000000242 (mip.MTI <- 0b1, mip.STI <- 0b0)
mem[X,0x000000008000120C] -> 0x5F93
mem[X,0x000000008000120E] -> 0x687F
[1156] [M]: 0x000000008000120C (0x687F5F93) brev8 x31, x30                          inst_132+32
x31 <- 0x2010804020108040

mem[X,0x0000000080001210] -> 0xB023
mem[X,0x0000000080001212] -> 0x35F2
[1157] [M]: 0x0000000080001210 (0x35F2B023) sd x31, 0x340(x5)                       inst_132+36
mem[W,0x0000000080004538] <- 0x2010804020108040

clint mtime 0x0000000000000243 (mip.MTI <- 0b1, mip.STI <- 0b0)
mem[X,0x0000000080001214] -> 0x0F37
mem[X,0x0000000080001216] -> 0x0801
[1158] [M]: 0x0000000080001214 (0x08010F37) lui x30, 0x8010                         inst_133+0
x30 <- 0x0000000008010000

mem[X,0x0000000080001218] -> 0x0F13
mem[X,0x000000008000121A] -> 0x204F
[1159] [M]: 0x0000000080001218 (0x204F0F13) addi x30, x30, 0x204                    inst_133+4
x30 <- 0x0000000008010204

clint mtime 0x0000000000000244 (mip.MTI <- 0b1, mip.STI <- 0b0)
mem[X,0x000000008000121C] -> 0x1F13
mem[X,0x000000008000121E] -> 0x00BF
[1160] [M]: 0x000000008000121C (0x00BF1F13) slli x30, x30, 0xb                      inst_133+8
x30 <- 0x0000004008102000

mem[X,0x0000000080001220] -> 0x0F13
mem[X,0x0000000080001222] -> 0x040F
[1161] [M]: 0x0000000080001220 (0x040F0F13) addi x30, x30, 0x40                     inst_133+12
x30 <- 0x0000004008102040

clint mtime 0x0000000000000245 (mip.MTI <- 0b1, mip.STI <- 0b0)
mem[X,0x0000000080001224] -> 0x1F13
mem[X,0x0000000080001226] -> 0x00BF
[1162] [M]: 0x0000000080001224 (0x00BF1F13) slli x30, x30, 0xb                      inst_133+16
x30 <- 0x0002004081020000

mem[X,0x0000000080001228] -> 0x0F13
mem[X,0x000000008000122A] -> 0x040F
[1163] [M]: 0x0000000080001228 (0x040F0F13) addi x30, x30, 0x40                     inst_133+20
x30 <- 0x0002004081020040

clint mtime 0x0000000000000246 (mip.MTI <- 0b1, mip.STI <- 0b0)
mem[X,0x000000008000122C] -> 0x1F13
mem[X,0x000000008000122E] -> 0x00AF
[1164] [M]: 0x000000008000122C (0x00AF1F13) slli x30, x30, 0xa                      inst_133+24
x30 <- 0x0801020408010000

mem[X,0x0000000080001230] -> 0x0F13
mem[X,0x0000000080001232] -> 0x204F
[1165] [M]: 0x0000000080001230 (0x204F0F13) addi x30, x30, 0x204                    inst_133+28
x30 <- 0x0801020408010204

clint mtime 0x0000000000000247 (mip.MTI <- 0b1, mip.STI <- 0b0)
mem[X,0x0000000080001234] -> 0x5F93
mem[X,0x0000000080001236] -> 0x687F
[1166] [M]: 0x0000000080001234 (0x687F5F93) brev8 x31, x30                          inst_133+32
x31 <- 0x1080402010804020

mem[X,0x0000000080001238] -> 0xB423
mem[X,0x000000008000123A] -> 0x35F2
[1167] [M]: 0x0000000080001238 (0x35F2B423) sd x31, 0x348(x5)                       inst_133+36
mem[W,0x0000000080004540] <- 0x1080402010804020

clint mtime 0x0000000000000248 (mip.MTI <- 0b1, mip.STI <- 0b0)
mem[X,0x000000008000123C] -> 0x0F37
mem[X,0x000000008000123E] -> 0x0000
[1168] [M]: 0x000000008000123C (0x00000F37) lui x30, 0x0                            inst_134+0
x30 <- 0x0000000000000000

mem[X,0x0000000080001240] -> 0x0F13
mem[X,0x0000000080001242] -> 0x000F
[1169] [M]: 0x0000000080001240 (0x000F0F13) addi x30, x30, 0x0                      inst_134+4
x30 <- 0x0000000000000000

clint mtime 0x0000000000000249 (mip.MTI <- 0b1, mip.STI <- 0b0)
mem[X,0x0000000080001244] -> 0x1F13
mem[X,0x0000000080001246] -> 0x00BF
[1170] [M]: 0x0000000080001244 (0x00BF1F13) slli x30, x30, 0xb                      inst_134+8
x30 <- 0x0000000000000000

mem[X,0x0000000080001248] -> 0x0F13
mem[X,0x000000008000124A] -> 0x50AF
[1171] [M]: 0x0000000080001248 (0x50AF0F13) addi x30, x30, 0x50a                    inst_134+12
x30 <- 0x000000000000050A

clint mtime 0x000000000000024A (mip.MTI <- 0b1, mip.STI <- 0b0)
mem[X,0x000000008000124C] -> 0x1F13
mem[X,0x000000008000124E] -> 0x00BF
[1172] [M]: 0x000000008000124C (0x00BF1F13) slli x30, x30, 0xb                      inst_134+16
x30 <- 0x0000000000285000

mem[X,0x0000000080001250] -> 0x0F13
mem[X,0x0000000080001252] -> 0x01EF
[1173] [M]: 0x0000000080001250 (0x01EF0F13) addi x30, x30, 0x1e                     inst_134+20
x30 <- 0x000000000028501E

clint mtime 0x000000000000024B (mip.MTI <- 0b1, mip.STI <- 0b0)
mem[X,0x0000000080001254] -> 0x1F13
mem[X,0x0000000080001256] -> 0x00AF
[1174] [M]: 0x0000000080001254 (0x00AF1F13) slli x30, x30, 0xa                      inst_134+24
x30 <- 0x00000000A1407800

mem[X,0x0000000080001258] -> 0x0F13
mem[X,0x000000008000125A] -> 0x0B4F
[1175] [M]: 0x0000000080001258 (0x0B4F0F13) addi x30, x30, 0xb4                     inst_134+28
x30 <- 0x00000000A14078B4

clint mtime 0x000000000000024C (mip.MTI <- 0b1, mip.STI <- 0b0)
mem[X,0x000000008000125C] -> 0x5F93
mem[X,0x000000008000125E] -> 0x687F
[1176] [M]: 0x000000008000125C (0x687F5F93) brev8 x31, x30                          inst_134+32
x31 <- 0x0000000085021E2D

mem[X,0x0000000080001260] -> 0xB823
mem[X,0x0000000080001262] -> 0x35F2
[1177] [M]: 0x0000000080001260 (0x35F2B823) sd x31, 0x350(x5)                       inst_134+36
mem[W,0x0000000080004548] <- 0x0000000085021E2D

clint mtime 0x000000000000024D (mip.MTI <- 0b1, mip.STI <- 0b0)
mem[X,0x0000000080001264] -> 0x0F37
mem[X,0x0000000080001266] -> 0x0000
[1178] [M]: 0x0000000080001264 (0x00000F37) lui x30, 0x0                            inst_135+0
x30 <- 0x0000000000000000

mem[X,0x0000000080001268] -> 0x0F13
mem[X,0x000000008000126A] -> 0x000F
[1179] [M]: 0x0000000080001268 (0x000F0F13) addi x30, x30, 0x0                      inst_135+4
x30 <- 0x0000000000000000

clint mtime 0x000000000000024E (mip.MTI <- 0b1, mip.STI <- 0b0)
mem[X,0x000000008000126C] -> 0x1F13
mem[X,0x000000008000126E] -> 0x00BF
[1180] [M]: 0x000000008000126C (0x00BF1F13) slli x30, x30, 0xb                      inst_135+8
x30 <- 0x0000000000000000

mem[X,0x0000000080001270] -> 0x0F13
mem[X,0x0000000080001272] -> 0x44DF
[1181] [M]: 0x0000000080001270 (0x44DF0F13) addi x30, x30, 0x44d                    inst_135+12
x30 <- 0x000000000000044D

clint mtime 0x000000000000024F (mip.MTI <- 0b1, mip.STI <- 0b0)
mem[X,0x0000000080001274] -> 0x1F13
mem[X,0x0000000080001276] -> 0x00BF
[1182] [M]: 0x0000000080001274 (0x00BF1F13) slli x30, x30, 0xb                      inst_135+16
x30 <- 0x0000000000226800

mem[X,0x0000000080001278] -> 0x0F13
mem[X,0x000000008000127A] -> 0x66DF
[1183] [M]: 0x0000000080001278 (0x66DF0F13) addi x30, x30, 0x66d                    inst_135+20
x30 <- 0x0000000000226E6D

clint mtime 0x0000000000000250 (mip.MTI <- 0b1, mip.STI <- 0b0)
mem[X,0x000000008000127C] -> 0x1F13
mem[X,0x000000008000127E] -> 0x00AF
[1184] [M]: 0x000000008000127C (0x00AF1F13) slli x30, x30, 0xa                      inst_135+24
x30 <- 0x0000000089B9B400

mem[X,0x0000000080001280] -> 0x0F13
mem[X,0x0000000080001282] -> 0x0D6F
[1185] [M]: 0x0000000080001280 (0x0D6F0F13) addi x30, x30, 0xd6                     inst_135+28
x30 <- 0x0000000089B9B4D6

clint mtime 0x0000000000000251 (mip.MTI <- 0b1, mip.STI <- 0b0)
mem[X,0x0000000080001284] -> 0x5F93
mem[X,0x0000000080001286] -> 0x687F
[1186] [M]: 0x0000000080001284 (0x687F5F93) brev8 x31, x30                          inst_135+32
x31 <- 0x00000000919D2D6B

mem[X,0x0000000080001288] -> 0xBC23
mem[X,0x000000008000128A] -> 0x35F2
[1187] [M]: 0x0000000080001288 (0x35F2BC23) sd x31, 0x358(x5)                       inst_135+36
mem[W,0x0000000080004550] <- 0x00000000919D2D6B

clint mtime 0x0000000000000252 (mip.MTI <- 0b1, mip.STI <- 0b0)
mem[X,0x000000008000128C] -> 0x006F
mem[X,0x000000008000128E] -> 0x0380
[1188] [M]: 0x000000008000128C (0x0380006F) jal x0, 0x38                            rvtest_code_end+0

mem[X,0x00000000800012C4] -> 0x0093
mem[X,0x00000000800012C6] -> 0x0010
[1189] [M]: 0x00000000800012C4 (0x00100093) addi x1, x0, 0x1                        exit_cleanup+0
x1 <- 0x0000000000000001

clint mtime 0x0000000000000253 (mip.MTI <- 0b1, mip.STI <- 0b0)
mem[X,0x00000000800012C8] -> 0x1397
mem[X,0x00000000800012CA] -> 0x0000
[1190] [M]: 0x00000000800012C8 (0x00001397) auipc x7, 0x1                           exit_cleanup+4
x7 <- 0x00000000800022C8

mem[X,0x00000000800012CC] -> 0xAC23
mem[X,0x00000000800012CE] -> 0xD213
[1191] [M]: 0x00000000800012CC (0xD213AC23) sw x1, -0x2c8(x7)                       exit_cleanup+8
htif[0x0000000080002000] <- 0x00000001
mem[W,0x0000000080002000] <- 0x00000001

clint mtime 0x0000000000000254 (mip.MTI <- 0b1, mip.STI <- 0b0)
mem[X,0x00000000800012D0] -> 0xF06F
mem[X,0x00000000800012D2] -> 0xFF9F
[1192] [M]: 0x00000000800012D0 (0xFF9FF06F) jal x0, -0x8                            exit_cleanup+12

mem[X,0x00000000800012C8] -> 0x1397
mem[X,0x00000000800012CA] -> 0x0000
[1193] [M]: 0x00000000800012C8 (0x00001397) auipc x7, 0x1                           exit_cleanup+4
x7 <- 0x00000000800022C8

clint mtime 0x0000000000000255 (mip.MTI <- 0b1, mip.STI <- 0b0)
mem[X,0x00000000800012CC] -> 0xAC23
mem[X,0x00000000800012CE] -> 0xD213
[1194] [M]: 0x00000000800012CC (0xD213AC23) sw x1, -0x2c8(x7)                       exit_cleanup+8
htif[0x0000000080002000] <- 0x00000001
mem[W,0x0000000080002000] <- 0x00000001

mem[X,0x00000000800012D0] -> 0xF06F
mem[X,0x00000000800012D2] -> 0xFF9F
[1195] [M]: 0x00000000800012D0 (0xFF9FF06F) jal x0, -0x8                            exit_cleanup+12

clint mtime 0x0000000000000256 (mip.MTI <- 0b1, mip.STI <- 0b0)
mem[X,0x00000000800012C8] -> 0x1397
mem[X,0x00000000800012CA] -> 0x0000
[1196] [M]: 0x00000000800012C8 (0x00001397) auipc x7, 0x1                           exit_cleanup+4
x7 <- 0x00000000800022C8

mem[X,0x00000000800012CC] -> 0xAC23
mem[X,0x00000000800012CE] -> 0xD213
[1197] [M]: 0x00000000800012CC (0xD213AC23) sw x1, -0x2c8(x7)                       exit_cleanup+8
htif[0x0000000080002000] <- 0x00000001
htif-syscall-proxy cmd: 0x000000000001
mem[W,0x0000000080002000] <- 0x00000001

SUCCESS
clint mtime 0x0000000000000257 (mip.MTI <- 0b1, mip.STI <- 0b0)
