using /opt/riscv-arch-test/riscof-plugins/rv64/riscof_work/vm_sv48/src/sv48_mxr_S_mode.S/ref/Reference-sail_c_simulator.signature for test-signature output.
setting signature-granularity to 8 bytes
HTIF located at 0x80004000
begin_signature: 0x8000a110
end_signature: 0x8000a720
Entry point: 0x80000000
CSR mstatus (0x300) <- 0x0000000A00000000
CSR misa (0x301) <- 0x800000000034112F
CSR mcause (0x342) <- 0x0000000000000000
x10 <- 0x0000000000000000
x11 <- 0x0000000000001000
mem[X,0x0000000080000000] -> 0x006F
mem[X,0x0000000080000002] -> 0x4200
[0] [M]: 0x0000000080000000 (0x4200006F) jal x0, 0x420                              rvtest_entry_point+0

mem[X,0x0000000080000420] -> 0x5317
mem[X,0x0000000080000422] -> 0x0000
[1] [M]: 0x0000000080000420 (0x00005317) auipc x6, 0x5                              starting_point+0
x6 <- 0x0000000080005420

clint mtime 0x0000000000000001 (mip.MTI <- 0b1, mip.STI <- 0b0)
mem[X,0x0000000080000424] -> 0x0313
mem[X,0x0000000080000426] -> 0xBE03
[2] [M]: 0x0000000080000424 (0xBE030313) addi x6, x6, -0x420                        starting_point+4
x6 <- 0x0000000080005000

mem[X,0x0000000080000428] -> 0x0013
mem[X,0x000000008000042A] -> 0x0000
[3] [M]: 0x0000000080000428 (0x00000013) addi x0, x0, 0x0                           starting_point+8

clint mtime 0x0000000000000002 (mip.MTI <- 0b1, mip.STI <- 0b0)
mem[X,0x000000008000042C] -> 0x0013
mem[X,0x000000008000042E] -> 0x0000
[4] [M]: 0x000000008000042C (0x00000013) addi x0, x0, 0x0                           starting_point+12

mem[X,0x0000000080000430] -> 0x0013
mem[X,0x0000000080000432] -> 0x0000
[5] [M]: 0x0000000080000430 (0x00000013) addi x0, x0, 0x0                           starting_point+16

clint mtime 0x0000000000000003 (mip.MTI <- 0b1, mip.STI <- 0b0)
mem[X,0x0000000080000434] -> 0x0013
mem[X,0x0000000080000436] -> 0x0000
[6] [M]: 0x0000000080000434 (0x00000013) addi x0, x0, 0x0                           starting_point+20

mem[X,0x0000000080000438] -> 0x0013
mem[X,0x000000008000043A] -> 0x0000
[7] [M]: 0x0000000080000438 (0x00000013) addi x0, x0, 0x0                           starting_point+24

clint mtime 0x0000000000000004 (mip.MTI <- 0b1, mip.STI <- 0b0)
mem[X,0x000000008000043C] -> 0x0013
mem[X,0x000000008000043E] -> 0x0000
[8] [M]: 0x000000008000043C (0x00000013) addi x0, x0, 0x0                           starting_point+28

mem[X,0x0000000080000440] -> 0x1473
mem[X,0x0000000080000442] -> 0x3403
[9] [M]: 0x0000000080000440 (0x34031473) csrrw x8, mscratch, x6                     init_Mscratch+0
CSR mscratch (0x340) <- 0x0000000080005000
x8 <- 0x0000000000000000

clint mtime 0x0000000000000005 (mip.MTI <- 0b1, mip.STI <- 0b0)
mem[X,0x0000000080000444] -> 0x3823
mem[X,0x0000000080000446] -> 0x2483
[10] [M]: 0x0000000080000444 (0x24833823) sd x8, 0x250(x6)                          init_Mscratch+4
mem[W,0x0000000080005250] <- 0x0000000000000000

mem[X,0x0000000080000448] -> 0x0393
mem[X,0x000000008000044A] -> 0x0000
[11] [M]: 0x0000000080000448 (0x00000393) addi x7, x0, 0x0                          init_Medeleg+0
x7 <- 0x0000000000000000

clint mtime 0x0000000000000006 (mip.MTI <- 0b1, mip.STI <- 0b0)
mem[X,0x000000008000044C] -> 0x93F3
mem[X,0x000000008000044E] -> 0x3023
[12] [M]: 0x000000008000044C (0x302393F3) csrrw x7, medeleg, x7                     init_Medeleg+4
CSR medeleg (0x302) <- 0x0000000000000000
x7 <- 0x0000000000000000

mem[X,0x0000000080000450] -> 0x3C23
mem[X,0x0000000080000452] -> 0x2273
[13] [M]: 0x0000000080000450 (0x22733C23) sd x7, 0x238(x6)                          init_Medeleg+8
mem[W,0x0000000080005238] <- 0x0000000000000000

clint mtime 0x0000000000000007 (mip.MTI <- 0b1, mip.STI <- 0b0)
mem[X,0x0000000080000454] -> 0x2473
mem[X,0x0000000080000456] -> 0x3050
[14] [M]: 0x0000000080000454 (0x30502473) csrrs x8, mtvec, x0                       init_Mtvec+0
CSR mtvec (0x305) -> 0x0000000000000000
x8 <- 0x0000000000000000

mem[X,0x0000000080000458] -> 0x3423
mem[X,0x000000008000045A] -> 0x2483
[15] [M]: 0x0000000080000458 (0x24833423) sd x8, 0x248(x6)                          init_Mtvec+4
mem[W,0x0000000080005248] <- 0x0000000000000000

clint mtime 0x0000000000000008 (mip.MTI <- 0b1, mip.STI <- 0b0)
mem[X,0x000000008000045C] -> 0x7393
mem[X,0x000000008000045E] -> 0x0034
[16] [M]: 0x000000008000045C (0x00347393) andi x7, x8, 0x3                          init_Mtvec+8
x7 <- 0x0000000000000000

mem[X,0x0000000080000460] -> 0x3483
mem[X,0x0000000080000462] -> 0x2303
[17] [M]: 0x0000000080000460 (0x23033483) ld x9, 0x230(x6)                          init_Mtvec+12
mem[R,0x0000000080005230] -> 0x0000000080001E54
x9 <- 0x0000000080001E54

clint mtime 0x0000000000000009 (mip.MTI <- 0b1, mip.STI <- 0b0)
mem[X,0x0000000080000464] -> 0x8493
mem[X,0x0000000080000466] -> 0xE2C4
[18] [M]: 0x0000000080000464 (0xE2C48493) addi x9, x9, -0x1d4                       init_Mtvec+16
x9 <- 0x0000000080001C80

mem[X,0x0000000080000468] -> 0xE3B3
mem[X,0x000000008000046A] -> 0x0074
[19] [M]: 0x0000000080000468 (0x0074E3B3) or x7, x9, x7                             init_Mtvec+20
x7 <- 0x0000000080001C80

clint mtime 0x000000000000000A (mip.MTI <- 0b1, mip.STI <- 0b0)
mem[X,0x000000008000046C] -> 0x3023
mem[X,0x000000008000046E] -> 0x2473
[20] [M]: 0x000000008000046C (0x24733023) sd x7, 0x240(x6)                          init_Mtvec+24
mem[W,0x0000000080005240] <- 0x0000000080001C80

mem[X,0x0000000080000470] -> 0x9073
mem[X,0x0000000080000472] -> 0x3053
[21] [M]: 0x0000000080000470 (0x30539073) csrrw x0, mtvec, x7                       init_Mtvec+28
CSR mtvec (0x305) <- 0x0000000080001C80

clint mtime 0x000000000000000B (mip.MTI <- 0b1, mip.STI <- 0b0)
mem[X,0x0000000080000474] -> 0x2573
mem[X,0x0000000080000476] -> 0x3050
[22] [M]: 0x0000000080000474 (0x30502573) csrrs x10, mtvec, x0                      init_Mtvec+32
CSR mtvec (0x305) -> 0x0000000080001C80
x10 <- 0x0000000080001C80

mem[X,0x0000000080000478] -> 0x0663
mem[X,0x000000008000047A] -> 0x0875
[23] [M]: 0x0000000080000478 (0x08750663) beq x10, x7, 0x8c                         init_Mtvec+36

clint mtime 0x000000000000000C (mip.MTI <- 0b1, mip.STI <- 0b0)
mem[X,0x0000000080000504] -> 0x0013
mem[X,0x0000000080000506] -> 0x0000
[24] [M]: 0x0000000080000504 (0x00000013) addi x0, x0, 0x0                          rvtest_Mprolog_done+0

mem[X,0x0000000080000508] -> 0x0013
mem[X,0x000000008000050A] -> 0x0000
[25] [M]: 0x0000000080000508 (0x00000013) addi x0, x0, 0x0                          rvtest_Mprolog_done+4

clint mtime 0x000000000000000D (mip.MTI <- 0b1, mip.STI <- 0b0)
mem[X,0x000000008000050C] -> 0x0013
mem[X,0x000000008000050E] -> 0x0000
[26] [M]: 0x000000008000050C (0x00000013) addi x0, x0, 0x0                          rvtest_Mprolog_done+8

mem[X,0x0000000080000510] -> 0x0013
mem[X,0x0000000080000512] -> 0x0000
[27] [M]: 0x0000000080000510 (0x00000013) addi x0, x0, 0x0                          rvtest_Mprolog_done+12

clint mtime 0x000000000000000E (mip.MTI <- 0b1, mip.STI <- 0b0)
mem[X,0x0000000080000514] -> 0x0013
mem[X,0x0000000080000516] -> 0x0000
[28] [M]: 0x0000000080000514 (0x00000013) addi x0, x0, 0x0                          rvtest_Mprolog_done+16

mem[X,0x0000000080000518] -> 0x0013
mem[X,0x000000008000051A] -> 0x0000
[29] [M]: 0x0000000080000518 (0x00000013) addi x0, x0, 0x0                          rvtest_Mprolog_done+20

clint mtime 0x000000000000000F (mip.MTI <- 0b1, mip.STI <- 0b0)
mem[X,0x000000008000051C] -> 0x0013
mem[X,0x000000008000051E] -> 0x0000
[30] [M]: 0x000000008000051C (0x00000013) addi x0, x0, 0x0                          rvtest_Mprolog_done+24

mem[X,0x0000000080000520] -> 0x5317
mem[X,0x0000000080000522] -> 0x0000
[31] [M]: 0x0000000080000520 (0x00005317) auipc x6, 0x5                             rvtest_Mprolog_done+28
x6 <- 0x0000000080005520

clint mtime 0x0000000000000010 (mip.MTI <- 0b1, mip.STI <- 0b0)
mem[X,0x0000000080000524] -> 0x0313
mem[X,0x0000000080000526] -> 0xD783
[32] [M]: 0x0000000080000524 (0xD7830313) addi x6, x6, -0x288                       rvtest_Mprolog_done+32
x6 <- 0x0000000080005298

mem[X,0x0000000080000528] -> 0x0001
[33] [M]: 0x0000000080000528 (0x0001) c.nop                                         rvtest_Mprolog_done+36

clint mtime 0x0000000000000011 (mip.MTI <- 0b1, mip.STI <- 0b0)
mem[X,0x000000008000052A] -> 0x0013
mem[X,0x000000008000052C] -> 0x0000
[34] [M]: 0x000000008000052A (0x00000013) addi x0, x0, 0x0                          rvtest_Mprolog_done+38

mem[X,0x000000008000052E] -> 0x0013
mem[X,0x0000000080000530] -> 0x0000
[35] [M]: 0x000000008000052E (0x00000013) addi x0, x0, 0x0                          rvtest_Mprolog_done+42

clint mtime 0x0000000000000012 (mip.MTI <- 0b1, mip.STI <- 0b0)
mem[X,0x0000000080000532] -> 0x0013
mem[X,0x0000000080000534] -> 0x0000
[36] [M]: 0x0000000080000532 (0x00000013) addi x0, x0, 0x0                          rvtest_Mprolog_done+46

mem[X,0x0000000080000536] -> 0x0013
mem[X,0x0000000080000538] -> 0x0000
[37] [M]: 0x0000000080000536 (0x00000013) addi x0, x0, 0x0                          rvtest_Mprolog_done+50

clint mtime 0x0000000000000013 (mip.MTI <- 0b1, mip.STI <- 0b0)
mem[X,0x000000008000053A] -> 0x0013
mem[X,0x000000008000053C] -> 0x0000
[38] [M]: 0x000000008000053A (0x00000013) addi x0, x0, 0x0                          rvtest_Mprolog_done+54

mem[X,0x000000008000053E] -> 0x0001
[39] [M]: 0x000000008000053E (0x0001) c.nop                                         rvtest_Mprolog_done+58

clint mtime 0x0000000000000014 (mip.MTI <- 0b1, mip.STI <- 0b0)
mem[X,0x0000000080000540] -> 0x1473
mem[X,0x0000000080000542] -> 0x1403
[40] [M]: 0x0000000080000540 (0x14031473) csrrw x8, sscratch, x6                    init_Sscratch+0
CSR sscratch (0x140) <- 0x0000000080005298
x8 <- 0x0000000000000000

mem[X,0x0000000080000544] -> 0x3823
mem[X,0x0000000080000546] -> 0x2483
[41] [M]: 0x0000000080000544 (0x24833823) sd x8, 0x250(x6)                          init_Sscratch+4
mem[W,0x00000000800054E8] <- 0x0000000000000000

clint mtime 0x0000000000000015 (mip.MTI <- 0b1, mip.STI <- 0b0)
mem[X,0x0000000080000548] -> 0x0393
mem[X,0x000000008000054A] -> 0x0000
[42] [M]: 0x0000000080000548 (0x00000393) addi x7, x0, 0x0                          init_Sedeleg+0
x7 <- 0x0000000000000000

mem[X,0x000000008000054C] -> 0x3C23
mem[X,0x000000008000054E] -> 0x2273
[43] [M]: 0x000000008000054C (0x22733C23) sd x7, 0x238(x6)                          init_Sedeleg+4
mem[W,0x00000000800054D0] <- 0x0000000000000000

clint mtime 0x0000000000000016 (mip.MTI <- 0b1, mip.STI <- 0b0)
mem[X,0x0000000080000550] -> 0x0013
mem[X,0x0000000080000552] -> 0x0000
[44] [M]: 0x0000000080000550 (0x00000013) addi x0, x0, 0x0                          init_Ssatp+0

mem[X,0x0000000080000554] -> 0x0013
mem[X,0x0000000080000556] -> 0x0000
[45] [M]: 0x0000000080000554 (0x00000013) addi x0, x0, 0x0                          init_Ssatp+4

clint mtime 0x0000000000000017 (mip.MTI <- 0b1, mip.STI <- 0b0)
mem[X,0x0000000080000558] -> 0x0013
mem[X,0x000000008000055A] -> 0x0000
[46] [M]: 0x0000000080000558 (0x00000013) addi x0, x0, 0x0                          init_Ssatp+8

mem[X,0x000000008000055C] -> 0x0013
mem[X,0x000000008000055E] -> 0x0000
[47] [M]: 0x000000008000055C (0x00000013) addi x0, x0, 0x0                          init_Ssatp+12

clint mtime 0x0000000000000018 (mip.MTI <- 0b1, mip.STI <- 0b0)
mem[X,0x0000000080000560] -> 0x9497
mem[X,0x0000000080000562] -> 0x0000
[48] [M]: 0x0000000080000560 (0x00009497) auipc x9, 0x9                             init_Ssatp+16
x9 <- 0x0000000080009560

mem[X,0x0000000080000564] -> 0x8493
mem[X,0x0000000080000566] -> 0xAA04
[49] [M]: 0x0000000080000564 (0xAA048493) addi x9, x9, -0x560                       init_Ssatp+20
x9 <- 0x0000000080009000

clint mtime 0x0000000000000019 (mip.MTI <- 0b1, mip.STI <- 0b0)
mem[X,0x0000000080000568] -> 0x0001
[50] [M]: 0x0000000080000568 (0x0001) c.nop                                         init_Ssatp+24

mem[X,0x000000008000056A] -> 0x0013
mem[X,0x000000008000056C] -> 0x0000
[51] [M]: 0x000000008000056A (0x00000013) addi x0, x0, 0x0                          init_Ssatp+26

clint mtime 0x000000000000001A (mip.MTI <- 0b1, mip.STI <- 0b0)
mem[X,0x000000008000056E] -> 0x0013
mem[X,0x0000000080000570] -> 0x0000
[52] [M]: 0x000000008000056E (0x00000013) addi x0, x0, 0x0                          init_Ssatp+30

mem[X,0x0000000080000572] -> 0x0013
mem[X,0x0000000080000574] -> 0x0000
[53] [M]: 0x0000000080000572 (0x00000013) addi x0, x0, 0x0                          init_Ssatp+34

clint mtime 0x000000000000001B (mip.MTI <- 0b1, mip.STI <- 0b0)
mem[X,0x0000000080000576] -> 0x0013
mem[X,0x0000000080000578] -> 0x0000
[54] [M]: 0x0000000080000576 (0x00000013) addi x0, x0, 0x0                          init_Ssatp+38

mem[X,0x000000008000057A] -> 0x0013
mem[X,0x000000008000057C] -> 0x0000
[55] [M]: 0x000000008000057A (0x00000013) addi x0, x0, 0x0                          init_Ssatp+42

clint mtime 0x000000000000001C (mip.MTI <- 0b1, mip.STI <- 0b0)
mem[X,0x000000008000057E] -> 0x0001
[56] [M]: 0x000000008000057E (0x0001) c.nop                                         init_Ssatp+46

mem[X,0x0000000080000580] -> 0xD493
mem[X,0x0000000080000582] -> 0x00C4
[57] [M]: 0x0000000080000580 (0x00C4D493) srli x9, x9, 0xc                          init_Ssatp+48
x9 <- 0x0000000000080009

clint mtime 0x000000000000001D (mip.MTI <- 0b1, mip.STI <- 0b0)
mem[X,0x0000000080000584] -> 0x0413
mem[X,0x0000000080000586] -> 0xFFF0
[58] [M]: 0x0000000080000584 (0xFFF00413) addi x8, x0, -0x1                         init_Ssatp+52
x8 <- 0xFFFFFFFFFFFFFFFF

mem[X,0x0000000080000588] -> 0x1413
mem[X,0x000000008000058A] -> 0x03F4
[59] [M]: 0x0000000080000588 (0x03F41413) slli x8, x8, 0x3f                         init_Ssatp+56
x8 <- 0x8000000000000000

clint mtime 0x000000000000001E (mip.MTI <- 0b1, mip.STI <- 0b0)
mem[X,0x000000008000058C] -> 0xE4B3
mem[X,0x000000008000058E] -> 0x0084
[60] [M]: 0x000000008000058C (0x0084E4B3) or x9, x9, x8                             init_Ssatp+60
x9 <- 0x8000000000080009

mem[X,0x0000000080000590] -> 0x94F3
mem[X,0x0000000080000592] -> 0x1804
[61] [M]: 0x0000000080000590 (0x180494F3) csrrw x9, satp, x9                        init_Ssatp+64
CSR satp (0x180) <- 0x8000000000080009
x9 <- 0x0000000000000000

clint mtime 0x000000000000001F (mip.MTI <- 0b1, mip.STI <- 0b0)
mem[X,0x0000000080000594] -> 0x3023
mem[X,0x0000000080000596] -> 0x2293
[62] [M]: 0x0000000080000594 (0x22933023) sd x9, 0x220(x6)                          init_Ssatp+68
mem[W,0x00000000800054B8] <- 0x0000000000000000

mem[X,0x0000000080000598] -> 0x2473
mem[X,0x000000008000059A] -> 0x1050
[63] [M]: 0x0000000080000598 (0x10502473) csrrs x8, stvec, x0                       init_Stvec+0
CSR stvec (0x105) -> 0x0000000000000000
x8 <- 0x0000000000000000

clint mtime 0x0000000000000020 (mip.MTI <- 0b1, mip.STI <- 0b0)
mem[X,0x000000008000059C] -> 0x3423
mem[X,0x000000008000059E] -> 0x2483
[64] [M]: 0x000000008000059C (0x24833423) sd x8, 0x248(x6)                          init_Stvec+4
mem[W,0x00000000800054E0] <- 0x0000000000000000

mem[X,0x00000000800005A0] -> 0x7393
mem[X,0x00000000800005A2] -> 0x0034
[65] [M]: 0x00000000800005A0 (0x00347393) andi x7, x8, 0x3                          init_Stvec+8
x7 <- 0x0000000000000000

clint mtime 0x0000000000000021 (mip.MTI <- 0b1, mip.STI <- 0b0)
mem[X,0x00000000800005A4] -> 0x3483
mem[X,0x00000000800005A6] -> 0x2303
[66] [M]: 0x00000000800005A4 (0x23033483) ld x9, 0x230(x6)                          init_Stvec+12
mem[R,0x00000000800054C8] -> 0x00000000800027D4
x9 <- 0x00000000800027D4

mem[X,0x00000000800005A8] -> 0x8493
mem[X,0x00000000800005AA] -> 0xE2C4
[67] [M]: 0x00000000800005A8 (0xE2C48493) addi x9, x9, -0x1d4                       init_Stvec+16
x9 <- 0x0000000080002600

clint mtime 0x0000000000000022 (mip.MTI <- 0b1, mip.STI <- 0b0)
mem[X,0x00000000800005AC] -> 0xE3B3
mem[X,0x00000000800005AE] -> 0x0074
[68] [M]: 0x00000000800005AC (0x0074E3B3) or x7, x9, x7                             init_Stvec+20
x7 <- 0x0000000080002600

mem[X,0x00000000800005B0] -> 0x3023
mem[X,0x00000000800005B2] -> 0x2473
[69] [M]: 0x00000000800005B0 (0x24733023) sd x7, 0x240(x6)                          init_Stvec+24
mem[W,0x00000000800054D8] <- 0x0000000080002600

clint mtime 0x0000000000000023 (mip.MTI <- 0b1, mip.STI <- 0b0)
mem[X,0x00000000800005B4] -> 0x9073
mem[X,0x00000000800005B6] -> 0x1053
[70] [M]: 0x00000000800005B4 (0x10539073) csrrw x0, stvec, x7                       init_Stvec+28
CSR stvec (0x105) <- 0x0000000080002600

mem[X,0x00000000800005B8] -> 0x2573
mem[X,0x00000000800005BA] -> 0x1050
[71] [M]: 0x00000000800005B8 (0x10502573) csrrs x10, stvec, x0                      init_Stvec+32
CSR stvec (0x105) -> 0x0000000080002600
x10 <- 0x0000000080002600

clint mtime 0x0000000000000024 (mip.MTI <- 0b1, mip.STI <- 0b0)
mem[X,0x00000000800005BC] -> 0x0463
mem[X,0x00000000800005BE] -> 0x0875
[72] [M]: 0x00000000800005BC (0x08750463) beq x10, x7, 0x88                         init_Stvec+36

mem[X,0x0000000080000644] -> 0x0093
mem[X,0x0000000080000646] -> 0x0000
[73] [M]: 0x0000000080000644 (0x00000093) addi x1, x0, 0x0                          rvtest_entrypoint+0
x1 <- 0x0000000000000000

clint mtime 0x0000000000000025 (mip.MTI <- 0b1, mip.STI <- 0b0)
mem[X,0x0000000080000648] -> 0x9073
mem[X,0x000000008000064A] -> 0x3000
[74] [M]: 0x0000000080000648 (0x30009073) csrrw x0, mstatus, x1                     rvtest_entrypoint+4
CSR mstatus (0x300) <- 0x0000000A00000000

mem[X,0x000000008000064C] -> 0x9073
mem[X,0x000000008000064E] -> 0x3410
[75] [M]: 0x000000008000064C (0x34109073) csrrw x0, mepc, x1                        rvtest_entrypoint+8
CSR mepc (0x341) <- 0x0000000000000000

clint mtime 0x0000000000000026 (mip.MTI <- 0b1, mip.STI <- 0b0)
mem[X,0x0000000080000650] -> 0x9073
mem[X,0x0000000080000652] -> 0x3440
[76] [M]: 0x0000000080000650 (0x34409073) csrrw x0, mip, x1                         rvtest_entrypoint+12
CSR mip (0x344) <- 0x0000000000000080

mem[X,0x0000000080000654] -> 0x9073
mem[X,0x0000000080000656] -> 0x3430
[77] [M]: 0x0000000080000654 (0x34309073) csrrw x0, mtval, x1                       rvtest_entrypoint+16
CSR mtval (0x343) <- 0x0000000000000000

clint mtime 0x0000000000000027 (mip.MTI <- 0b1, mip.STI <- 0b0)
mem[X,0x0000000080000658] -> 0x9073
mem[X,0x000000008000065A] -> 0x3420
[78] [M]: 0x0000000080000658 (0x34209073) csrrw x0, mcause, x1                      rvtest_entrypoint+20
CSR mcause (0x342) <- 0x0000000000000000

mem[X,0x000000008000065C] -> 0x0837
mem[X,0x000000008000065E] -> 0x7D5C
[79] [M]: 0x000000008000065C (0x7D5C0837) lui x16, 0x7d5c0                          rvtest_entrypoint+24
x16 <- 0x000000007D5C0000

clint mtime 0x0000000000000028 (mip.MTI <- 0b1, mip.STI <- 0b0)
mem[X,0x0000000080000660] -> 0x0813
mem[X,0x0000000080000662] -> 0xDDB8
[80] [M]: 0x0000000080000660 (0xDDB80813) addi x16, x16, -0x225                     rvtest_entrypoint+28
x16 <- 0x000000007D5BFDDB

mem[X,0x0000000080000664] -> 0x1813
mem[X,0x0000000080000666] -> 0x00B8
[81] [M]: 0x0000000080000664 (0x00B81813) slli x16, x16, 0xb                        rvtest_entrypoint+32
x16 <- 0x000003EADFEED800

clint mtime 0x0000000000000029 (mip.MTI <- 0b1, mip.STI <- 0b0)
mem[X,0x0000000080000668] -> 0x0813
mem[X,0x000000008000066A] -> 0x3EA8
[82] [M]: 0x0000000080000668 (0x3EA80813) addi x16, x16, 0x3ea                      rvtest_entrypoint+36
x16 <- 0x000003EADFEEDBEA

mem[X,0x000000008000066C] -> 0x1813
mem[X,0x000000008000066E] -> 0x00B8
[83] [M]: 0x000000008000066C (0x00B81813) slli x16, x16, 0xb                        rvtest_entrypoint+40
x16 <- 0x001F56FF76DF5000

clint mtime 0x000000000000002A (mip.MTI <- 0b1, mip.STI <- 0b0)
mem[X,0x0000000080000670] -> 0x0813
mem[X,0x0000000080000672] -> 0x6FF8
[84] [M]: 0x0000000080000670 (0x6FF80813) addi x16, x16, 0x6ff                      rvtest_entrypoint+44
x16 <- 0x001F56FF76DF56FF

mem[X,0x0000000080000674] -> 0x1813
mem[X,0x0000000080000676] -> 0x00A8
[85] [M]: 0x0000000080000674 (0x00A81813) slli x16, x16, 0xa                        rvtest_entrypoint+48
x16 <- 0x7D5BFDDB7D5BFC00

clint mtime 0x000000000000002B (mip.MTI <- 0b1, mip.STI <- 0b0)
mem[X,0x0000000080000678] -> 0x0813
mem[X,0x000000008000067A] -> 0x1DB8
[86] [M]: 0x0000000080000678 (0x1DB80813) addi x16, x16, 0x1db                      rvtest_entrypoint+52
x16 <- 0x7D5BFDDB7D5BFDDB

mem[X,0x000000008000067C] -> 0x5893
mem[X,0x000000008000067E] -> 0x0078
[87] [M]: 0x000000008000067C (0x00785893) srli x17, x16, 0x7                        rvtest_entrypoint+56
x17 <- 0x00FAB7FBB6FAB7FB

clint mtime 0x000000000000002C (mip.MTI <- 0b1, mip.STI <- 0b0)
mem[X,0x0000000080000680] -> 0x5793
mem[X,0x0000000080000682] -> 0x0398
[88] [M]: 0x0000000080000680 (0x03985793) srli x15, x16, 0x39                       rvtest_entrypoint+60
x15 <- 0x000000000000003E

mem[X,0x0000000080000684] -> 0xE8B3
mem[X,0x0000000080000686] -> 0x00F8
[89] [M]: 0x0000000080000684 (0x00F8E8B3) or x17, x17, x15                          rvtest_entrypoint+64
x17 <- 0x00FAB7FBB6FAB7FF

clint mtime 0x000000000000002D (mip.MTI <- 0b1, mip.STI <- 0b0)
mem[X,0x0000000080000688] -> 0xD913
mem[X,0x000000008000068A] -> 0x0078
[90] [M]: 0x0000000080000688 (0x0078D913) srli x18, x17, 0x7                        rvtest_entrypoint+68
x18 <- 0x0001F56FF76DF56F

mem[X,0x000000008000068C] -> 0xD793
mem[X,0x000000008000068E] -> 0x0398
[91] [M]: 0x000000008000068C (0x0398D793) srli x15, x17, 0x39                       rvtest_entrypoint+72
x15 <- 0x0000000000000000

clint mtime 0x000000000000002E (mip.MTI <- 0b1, mip.STI <- 0b0)
mem[X,0x0000000080000690] -> 0x6933
mem[X,0x0000000080000692] -> 0x00F9
[92] [M]: 0x0000000080000690 (0x00F96933) or x18, x18, x15                          rvtest_entrypoint+76
x18 <- 0x0001F56FF76DF56F

mem[X,0x0000000080000694] -> 0x5993
mem[X,0x0000000080000696] -> 0x0079
[93] [M]: 0x0000000080000694 (0x00795993) srli x19, x18, 0x7                        rvtest_entrypoint+80
x19 <- 0x000003EADFEEDBEA

clint mtime 0x000000000000002F (mip.MTI <- 0b1, mip.STI <- 0b0)
mem[X,0x0000000080000698] -> 0x5793
mem[X,0x000000008000069A] -> 0x0399
[94] [M]: 0x0000000080000698 (0x03995793) srli x15, x18, 0x39                       rvtest_entrypoint+84
x15 <- 0x0000000000000000

mem[X,0x000000008000069C] -> 0xE9B3
mem[X,0x000000008000069E] -> 0x00F9
[95] [M]: 0x000000008000069C (0x00F9E9B3) or x19, x19, x15                          rvtest_entrypoint+88
x19 <- 0x000003EADFEEDBEA

clint mtime 0x0000000000000030 (mip.MTI <- 0b1, mip.STI <- 0b0)
mem[X,0x00000000800006A0] -> 0xDA13
mem[X,0x00000000800006A2] -> 0x0079
[96] [M]: 0x00000000800006A0 (0x0079DA13) srli x20, x19, 0x7                        rvtest_entrypoint+92
x20 <- 0x00000007D5BFDDB7

mem[X,0x00000000800006A4] -> 0xD793
mem[X,0x00000000800006A6] -> 0x0399
[97] [M]: 0x00000000800006A4 (0x0399D793) srli x15, x19, 0x39                       rvtest_entrypoint+96
x15 <- 0x0000000000000000

clint mtime 0x0000000000000031 (mip.MTI <- 0b1, mip.STI <- 0b0)
mem[X,0x00000000800006A8] -> 0x6A33
mem[X,0x00000000800006AA] -> 0x00FA
[98] [M]: 0x00000000800006A8 (0x00FA6A33) or x20, x20, x15                          rvtest_entrypoint+100
x20 <- 0x00000007D5BFDDB7

mem[X,0x00000000800006AC] -> 0x5A93
mem[X,0x00000000800006AE] -> 0x007A
[99] [M]: 0x00000000800006AC (0x007A5A93) srli x21, x20, 0x7                        rvtest_entrypoint+104
x21 <- 0x000000000FAB7FBB

clint mtime 0x0000000000000032 (mip.MTI <- 0b1, mip.STI <- 0b0)
mem[X,0x00000000800006B0] -> 0x5793
mem[X,0x00000000800006B2] -> 0x039A
[100] [M]: 0x00000000800006B0 (0x039A5793) srli x15, x20, 0x39                      rvtest_entrypoint+108
x15 <- 0x0000000000000000

mem[X,0x00000000800006B4] -> 0xEAB3
mem[X,0x00000000800006B6] -> 0x00FA
[101] [M]: 0x00000000800006B4 (0x00FAEAB3) or x21, x21, x15                         rvtest_entrypoint+112
x21 <- 0x000000000FAB7FBB

clint mtime 0x0000000000000033 (mip.MTI <- 0b1, mip.STI <- 0b0)
mem[X,0x00000000800006B8] -> 0xDB13
mem[X,0x00000000800006BA] -> 0x007A
[102] [M]: 0x00000000800006B8 (0x007ADB13) srli x22, x21, 0x7                       rvtest_entrypoint+116
x22 <- 0x00000000001F56FF

mem[X,0x00000000800006BC] -> 0xD793
mem[X,0x00000000800006BE] -> 0x039A
[103] [M]: 0x00000000800006BC (0x039AD793) srli x15, x21, 0x39                      rvtest_entrypoint+120
x15 <- 0x0000000000000000

clint mtime 0x0000000000000034 (mip.MTI <- 0b1, mip.STI <- 0b0)
mem[X,0x00000000800006C0] -> 0x6B33
mem[X,0x00000000800006C2] -> 0x00FB
[104] [M]: 0x00000000800006C0 (0x00FB6B33) or x22, x22, x15                         rvtest_entrypoint+124
x22 <- 0x00000000001F56FF

mem[X,0x00000000800006C4] -> 0x5B93
mem[X,0x00000000800006C6] -> 0x007B
[105] [M]: 0x00000000800006C4 (0x007B5B93) srli x23, x22, 0x7                       rvtest_entrypoint+128
x23 <- 0x0000000000003EAD

clint mtime 0x0000000000000035 (mip.MTI <- 0b1, mip.STI <- 0b0)
mem[X,0x00000000800006C8] -> 0x5793
mem[X,0x00000000800006CA] -> 0x039B
[106] [M]: 0x00000000800006C8 (0x039B5793) srli x15, x22, 0x39                      rvtest_entrypoint+132
x15 <- 0x0000000000000000

mem[X,0x00000000800006CC] -> 0xEBB3
mem[X,0x00000000800006CE] -> 0x00FB
[107] [M]: 0x00000000800006CC (0x00FBEBB3) or x23, x23, x15                         rvtest_entrypoint+136
x23 <- 0x0000000000003EAD

clint mtime 0x0000000000000036 (mip.MTI <- 0b1, mip.STI <- 0b0)
mem[X,0x00000000800006D0] -> 0xDC13
mem[X,0x00000000800006D2] -> 0x007B
[108] [M]: 0x00000000800006D0 (0x007BDC13) srli x24, x23, 0x7                       rvtest_entrypoint+140
x24 <- 0x000000000000007D

mem[X,0x00000000800006D4] -> 0xD793
mem[X,0x00000000800006D6] -> 0x039B
[109] [M]: 0x00000000800006D4 (0x039BD793) srli x15, x23, 0x39                      rvtest_entrypoint+144
x15 <- 0x0000000000000000

clint mtime 0x0000000000000037 (mip.MTI <- 0b1, mip.STI <- 0b0)
mem[X,0x00000000800006D8] -> 0x6C33
mem[X,0x00000000800006DA] -> 0x00FC
[110] [M]: 0x00000000800006D8 (0x00FC6C33) or x24, x24, x15                         rvtest_entrypoint+148
x24 <- 0x000000000000007D

mem[X,0x00000000800006DC] -> 0x5C93
mem[X,0x00000000800006DE] -> 0x007C
[111] [M]: 0x00000000800006DC (0x007C5C93) srli x25, x24, 0x7                       rvtest_entrypoint+152
x25 <- 0x0000000000000000

clint mtime 0x0000000000000038 (mip.MTI <- 0b1, mip.STI <- 0b0)
mem[X,0x00000000800006E0] -> 0x5793
mem[X,0x00000000800006E2] -> 0x039C
[112] [M]: 0x00000000800006E0 (0x039C5793) srli x15, x24, 0x39                      rvtest_entrypoint+156
x15 <- 0x0000000000000000

mem[X,0x00000000800006E4] -> 0xECB3
mem[X,0x00000000800006E6] -> 0x00FC
[113] [M]: 0x00000000800006E4 (0x00FCECB3) or x25, x25, x15                         rvtest_entrypoint+160
x25 <- 0x0000000000000000

clint mtime 0x0000000000000039 (mip.MTI <- 0b1, mip.STI <- 0b0)
mem[X,0x00000000800006E8] -> 0xDD13
mem[X,0x00000000800006EA] -> 0x007C
[114] [M]: 0x00000000800006E8 (0x007CDD13) srli x26, x25, 0x7                       rvtest_entrypoint+164
x26 <- 0x0000000000000000

mem[X,0x00000000800006EC] -> 0xD793
mem[X,0x00000000800006EE] -> 0x039C
[115] [M]: 0x00000000800006EC (0x039CD793) srli x15, x25, 0x39                      rvtest_entrypoint+168
x15 <- 0x0000000000000000

clint mtime 0x000000000000003A (mip.MTI <- 0b1, mip.STI <- 0b0)
mem[X,0x00000000800006F0] -> 0x6D33
mem[X,0x00000000800006F2] -> 0x00FD
[116] [M]: 0x00000000800006F0 (0x00FD6D33) or x26, x26, x15                         rvtest_entrypoint+172
x26 <- 0x0000000000000000

mem[X,0x00000000800006F4] -> 0x5D93
mem[X,0x00000000800006F6] -> 0x007D
[117] [M]: 0x00000000800006F4 (0x007D5D93) srli x27, x26, 0x7                       rvtest_entrypoint+176
x27 <- 0x0000000000000000

clint mtime 0x000000000000003B (mip.MTI <- 0b1, mip.STI <- 0b0)
mem[X,0x00000000800006F8] -> 0x5793
mem[X,0x00000000800006FA] -> 0x039D
[118] [M]: 0x00000000800006F8 (0x039D5793) srli x15, x26, 0x39                      rvtest_entrypoint+180
x15 <- 0x0000000000000000

mem[X,0x00000000800006FC] -> 0xEDB3
mem[X,0x00000000800006FE] -> 0x00FD
[119] [M]: 0x00000000800006FC (0x00FDEDB3) or x27, x27, x15                         rvtest_entrypoint+184
x27 <- 0x0000000000000000

clint mtime 0x000000000000003C (mip.MTI <- 0b1, mip.STI <- 0b0)
mem[X,0x0000000080000700] -> 0xDE13
mem[X,0x0000000080000702] -> 0x007D
[120] [M]: 0x0000000080000700 (0x007DDE13) srli x28, x27, 0x7                       rvtest_entrypoint+188
x28 <- 0x0000000000000000

mem[X,0x0000000080000704] -> 0xD793
mem[X,0x0000000080000706] -> 0x039D
[121] [M]: 0x0000000080000704 (0x039DD793) srli x15, x27, 0x39                      rvtest_entrypoint+192
x15 <- 0x0000000000000000

clint mtime 0x000000000000003D (mip.MTI <- 0b1, mip.STI <- 0b0)
mem[X,0x0000000080000708] -> 0x6E33
mem[X,0x000000008000070A] -> 0x00FE
[122] [M]: 0x0000000080000708 (0x00FE6E33) or x28, x28, x15                         rvtest_entrypoint+196
x28 <- 0x0000000000000000

mem[X,0x000000008000070C] -> 0x5E93
mem[X,0x000000008000070E] -> 0x007E
[123] [M]: 0x000000008000070C (0x007E5E93) srli x29, x28, 0x7                       rvtest_entrypoint+200
x29 <- 0x0000000000000000

clint mtime 0x000000000000003E (mip.MTI <- 0b1, mip.STI <- 0b0)
mem[X,0x0000000080000710] -> 0x5793
mem[X,0x0000000080000712] -> 0x039E
[124] [M]: 0x0000000080000710 (0x039E5793) srli x15, x28, 0x39                      rvtest_entrypoint+204
x15 <- 0x0000000000000000

mem[X,0x0000000080000714] -> 0xEEB3
mem[X,0x0000000080000716] -> 0x00FE
[125] [M]: 0x0000000080000714 (0x00FEEEB3) or x29, x29, x15                         rvtest_entrypoint+208
x29 <- 0x0000000000000000

clint mtime 0x000000000000003F (mip.MTI <- 0b1, mip.STI <- 0b0)
mem[X,0x0000000080000718] -> 0xDF13
mem[X,0x000000008000071A] -> 0x007E
[126] [M]: 0x0000000080000718 (0x007EDF13) srli x30, x29, 0x7                       rvtest_entrypoint+212
x30 <- 0x0000000000000000

mem[X,0x000000008000071C] -> 0xD793
mem[X,0x000000008000071E] -> 0x039E
[127] [M]: 0x000000008000071C (0x039ED793) srli x15, x29, 0x39                      rvtest_entrypoint+216
x15 <- 0x0000000000000000

clint mtime 0x0000000000000040 (mip.MTI <- 0b1, mip.STI <- 0b0)
mem[X,0x0000000080000720] -> 0x6F33
mem[X,0x0000000080000722] -> 0x00FF
[128] [M]: 0x0000000080000720 (0x00FF6F33) or x30, x30, x15                         rvtest_entrypoint+220
x30 <- 0x0000000000000000

mem[X,0x0000000080000724] -> 0xC0B7
mem[X,0x0000000080000726] -> 0xFEED
[129] [M]: 0x0000000080000724 (0xFEEDC0B7) lui x1, -0x1124                          rvtest_entrypoint+224
x1 <- 0xFFFFFFFFFEEDC000

clint mtime 0x0000000000000041 (mip.MTI <- 0b1, mip.STI <- 0b0)
mem[X,0x0000000080000728] -> 0x8093
mem[X,0x000000008000072A] -> 0xEAD0
[130] [M]: 0x0000000080000728 (0xEAD08093) addi x1, x1, -0x153                      rvtest_entrypoint+228
x1 <- 0xFFFFFFFFFEEDBEAD

mem[X,0x000000008000072C] -> 0x9093
mem[X,0x000000008000072E] -> 0x00B0
[131] [M]: 0x000000008000072C (0x00B09093) slli x1, x1, 0xb                         rvtest_entrypoint+232
x1 <- 0xFFFFFFF76DF56800

clint mtime 0x0000000000000042 (mip.MTI <- 0b1, mip.STI <- 0b0)
mem[X,0x0000000080000730] -> 0x8093
mem[X,0x0000000080000732] -> 0x7F70
[132] [M]: 0x0000000080000730 (0x7F708093) addi x1, x1, 0x7f7                       rvtest_entrypoint+236
x1 <- 0xFFFFFFF76DF56FF7

mem[X,0x0000000080000734] -> 0x9093
mem[X,0x0000000080000736] -> 0x00B0
[133] [M]: 0x0000000080000734 (0x00B09093) slli x1, x1, 0xb                         rvtest_entrypoint+240
x1 <- 0xFFFFBB6FAB7FB800

clint mtime 0x0000000000000043 (mip.MTI <- 0b1, mip.STI <- 0b0)
mem[X,0x0000000080000738] -> 0x8093
mem[X,0x000000008000073A] -> 0x36F0
[134] [M]: 0x0000000080000738 (0x36F08093) addi x1, x1, 0x36f                       rvtest_entrypoint+244
x1 <- 0xFFFFBB6FAB7FBB6F

mem[X,0x000000008000073C] -> 0x9093
mem[X,0x000000008000073E] -> 0x00A0
[135] [M]: 0x000000008000073C (0x00A09093) slli x1, x1, 0xa                         rvtest_entrypoint+248
x1 <- 0xFEEDBEADFEEDBC00

clint mtime 0x0000000000000044 (mip.MTI <- 0b1, mip.STI <- 0b0)
mem[X,0x0000000080000740] -> 0x8093
mem[X,0x0000000080000742] -> 0x2AD0
[136] [M]: 0x0000000080000740 (0x2AD08093) addi x1, x1, 0x2ad                       rvtest_entrypoint+252
x1 <- 0xFEEDBEADFEEDBEAD

mem[X,0x0000000080000744] -> 0xD113
mem[X,0x0000000080000746] -> 0x0070
[137] [M]: 0x0000000080000744 (0x0070D113) srli x2, x1, 0x7                         rvtest_entrypoint+256
x2 <- 0x01FDDB7D5BFDDB7D

clint mtime 0x0000000000000045 (mip.MTI <- 0b1, mip.STI <- 0b0)
mem[X,0x0000000080000748] -> 0xD793
mem[X,0x000000008000074A] -> 0x0390
[138] [M]: 0x0000000080000748 (0x0390D793) srli x15, x1, 0x39                       rvtest_entrypoint+260
x15 <- 0x000000000000007F

mem[X,0x000000008000074C] -> 0x6133
mem[X,0x000000008000074E] -> 0x00F1
[139] [M]: 0x000000008000074C (0x00F16133) or x2, x2, x15                           rvtest_entrypoint+264
x2 <- 0x01FDDB7D5BFDDB7F

clint mtime 0x0000000000000046 (mip.MTI <- 0b1, mip.STI <- 0b0)
mem[X,0x0000000080000750] -> 0x5193
mem[X,0x0000000080000752] -> 0x0071
[140] [M]: 0x0000000080000750 (0x00715193) srli x3, x2, 0x7                         rvtest_entrypoint+268
x3 <- 0x0003FBB6FAB7FBB6

mem[X,0x0000000080000754] -> 0x5793
mem[X,0x0000000080000756] -> 0x0391
[141] [M]: 0x0000000080000754 (0x03915793) srli x15, x2, 0x39                       rvtest_entrypoint+272
x15 <- 0x0000000000000000

clint mtime 0x0000000000000047 (mip.MTI <- 0b1, mip.STI <- 0b0)
mem[X,0x0000000080000758] -> 0xE1B3
mem[X,0x000000008000075A] -> 0x00F1
[142] [M]: 0x0000000080000758 (0x00F1E1B3) or x3, x3, x15                           rvtest_entrypoint+276
x3 <- 0x0003FBB6FAB7FBB6

mem[X,0x000000008000075C] -> 0xD213
mem[X,0x000000008000075E] -> 0x0071
[143] [M]: 0x000000008000075C (0x0071D213) srli x4, x3, 0x7                         rvtest_entrypoint+280
x4 <- 0x000007F76DF56FF7

clint mtime 0x0000000000000048 (mip.MTI <- 0b1, mip.STI <- 0b0)
mem[X,0x0000000080000760] -> 0xD793
mem[X,0x0000000080000762] -> 0x0391
[144] [M]: 0x0000000080000760 (0x0391D793) srli x15, x3, 0x39                       rvtest_entrypoint+284
x15 <- 0x0000000000000000

mem[X,0x0000000080000764] -> 0x6233
mem[X,0x0000000080000766] -> 0x00F2
[145] [M]: 0x0000000080000764 (0x00F26233) or x4, x4, x15                           rvtest_entrypoint+288
x4 <- 0x000007F76DF56FF7

clint mtime 0x0000000000000049 (mip.MTI <- 0b1, mip.STI <- 0b0)
mem[X,0x0000000080000768] -> 0x5293
mem[X,0x000000008000076A] -> 0x0072
[146] [M]: 0x0000000080000768 (0x00725293) srli x5, x4, 0x7                         rvtest_entrypoint+292
x5 <- 0x0000000FEEDBEADF

mem[X,0x000000008000076C] -> 0x5793
mem[X,0x000000008000076E] -> 0x0392
[147] [M]: 0x000000008000076C (0x03925793) srli x15, x4, 0x39                       rvtest_entrypoint+296
x15 <- 0x0000000000000000

clint mtime 0x000000000000004A (mip.MTI <- 0b1, mip.STI <- 0b0)
mem[X,0x0000000080000770] -> 0xE2B3
mem[X,0x0000000080000772] -> 0x00F2
[148] [M]: 0x0000000080000770 (0x00F2E2B3) or x5, x5, x15                           rvtest_entrypoint+300
x5 <- 0x0000000FEEDBEADF

mem[X,0x0000000080000774] -> 0xD313
mem[X,0x0000000080000776] -> 0x0072
[149] [M]: 0x0000000080000774 (0x0072D313) srli x6, x5, 0x7                         rvtest_entrypoint+304
x6 <- 0x000000001FDDB7D5

clint mtime 0x000000000000004B (mip.MTI <- 0b1, mip.STI <- 0b0)
mem[X,0x0000000080000778] -> 0xD793
mem[X,0x000000008000077A] -> 0x0392
[150] [M]: 0x0000000080000778 (0x0392D793) srli x15, x5, 0x39                       rvtest_entrypoint+308
x15 <- 0x0000000000000000

mem[X,0x000000008000077C] -> 0x6333
mem[X,0x000000008000077E] -> 0x00F3
[151] [M]: 0x000000008000077C (0x00F36333) or x6, x6, x15                           rvtest_entrypoint+312
x6 <- 0x000000001FDDB7D5

clint mtime 0x000000000000004C (mip.MTI <- 0b1, mip.STI <- 0b0)
mem[X,0x0000000080000780] -> 0x5393
mem[X,0x0000000080000782] -> 0x0073
[152] [M]: 0x0000000080000780 (0x00735393) srli x7, x6, 0x7                         rvtest_entrypoint+316
x7 <- 0x00000000003FBB6F

mem[X,0x0000000080000784] -> 0x5793
mem[X,0x0000000080000786] -> 0x0393
[153] [M]: 0x0000000080000784 (0x03935793) srli x15, x6, 0x39                       rvtest_entrypoint+320
x15 <- 0x0000000000000000

clint mtime 0x000000000000004D (mip.MTI <- 0b1, mip.STI <- 0b0)
mem[X,0x0000000080000788] -> 0xE3B3
mem[X,0x000000008000078A] -> 0x00F3
[154] [M]: 0x0000000080000788 (0x00F3E3B3) or x7, x7, x15                           rvtest_entrypoint+324
x7 <- 0x00000000003FBB6F

mem[X,0x000000008000078C] -> 0xD413
mem[X,0x000000008000078E] -> 0x0073
[155] [M]: 0x000000008000078C (0x0073D413) srli x8, x7, 0x7                         rvtest_entrypoint+328
x8 <- 0x0000000000007F76

clint mtime 0x000000000000004E (mip.MTI <- 0b1, mip.STI <- 0b0)
mem[X,0x0000000080000790] -> 0xD793
mem[X,0x0000000080000792] -> 0x0393
[156] [M]: 0x0000000080000790 (0x0393D793) srli x15, x7, 0x39                       rvtest_entrypoint+332
x15 <- 0x0000000000000000

mem[X,0x0000000080000794] -> 0x6433
mem[X,0x0000000080000796] -> 0x00F4
[157] [M]: 0x0000000080000794 (0x00F46433) or x8, x8, x15                           rvtest_entrypoint+336
x8 <- 0x0000000000007F76

clint mtime 0x000000000000004F (mip.MTI <- 0b1, mip.STI <- 0b0)
mem[X,0x0000000080000798] -> 0x5493
mem[X,0x000000008000079A] -> 0x0074
[158] [M]: 0x0000000080000798 (0x00745493) srli x9, x8, 0x7                         rvtest_entrypoint+340
x9 <- 0x00000000000000FE

mem[X,0x000000008000079C] -> 0x5793
mem[X,0x000000008000079E] -> 0x0394
[159] [M]: 0x000000008000079C (0x03945793) srli x15, x8, 0x39                       rvtest_entrypoint+344
x15 <- 0x0000000000000000

clint mtime 0x0000000000000050 (mip.MTI <- 0b1, mip.STI <- 0b0)
mem[X,0x00000000800007A0] -> 0xE4B3
mem[X,0x00000000800007A2] -> 0x00F4
[160] [M]: 0x00000000800007A0 (0x00F4E4B3) or x9, x9, x15                           rvtest_entrypoint+348
x9 <- 0x00000000000000FE

mem[X,0x00000000800007A4] -> 0xD513
mem[X,0x00000000800007A6] -> 0x0074
[161] [M]: 0x00000000800007A4 (0x0074D513) srli x10, x9, 0x7                        rvtest_entrypoint+352
x10 <- 0x0000000000000001

clint mtime 0x0000000000000051 (mip.MTI <- 0b1, mip.STI <- 0b0)
mem[X,0x00000000800007A8] -> 0xD793
mem[X,0x00000000800007AA] -> 0x0394
[162] [M]: 0x00000000800007A8 (0x0394D793) srli x15, x9, 0x39                       rvtest_entrypoint+356
x15 <- 0x0000000000000000

mem[X,0x00000000800007AC] -> 0x6533
mem[X,0x00000000800007AE] -> 0x00F5
[163] [M]: 0x00000000800007AC (0x00F56533) or x10, x10, x15                         rvtest_entrypoint+360
x10 <- 0x0000000000000001

clint mtime 0x0000000000000052 (mip.MTI <- 0b1, mip.STI <- 0b0)
mem[X,0x00000000800007B0] -> 0x5593
mem[X,0x00000000800007B2] -> 0x0075
[164] [M]: 0x00000000800007B0 (0x00755593) srli x11, x10, 0x7                       rvtest_entrypoint+364
x11 <- 0x0000000000000000

mem[X,0x00000000800007B4] -> 0x5793
mem[X,0x00000000800007B6] -> 0x0395
[165] [M]: 0x00000000800007B4 (0x03955793) srli x15, x10, 0x39                      rvtest_entrypoint+368
x15 <- 0x0000000000000000

clint mtime 0x0000000000000053 (mip.MTI <- 0b1, mip.STI <- 0b0)
mem[X,0x00000000800007B8] -> 0xE5B3
mem[X,0x00000000800007BA] -> 0x00F5
[166] [M]: 0x00000000800007B8 (0x00F5E5B3) or x11, x11, x15                         rvtest_entrypoint+372
x11 <- 0x0000000000000000

mem[X,0x00000000800007BC] -> 0xD613
mem[X,0x00000000800007BE] -> 0x0075
[167] [M]: 0x00000000800007BC (0x0075D613) srli x12, x11, 0x7                       rvtest_entrypoint+376
x12 <- 0x0000000000000000

clint mtime 0x0000000000000054 (mip.MTI <- 0b1, mip.STI <- 0b0)
mem[X,0x00000000800007C0] -> 0xD793
mem[X,0x00000000800007C2] -> 0x0395
[168] [M]: 0x00000000800007C0 (0x0395D793) srli x15, x11, 0x39                      rvtest_entrypoint+380
x15 <- 0x0000000000000000

mem[X,0x00000000800007C4] -> 0x6633
mem[X,0x00000000800007C6] -> 0x00F6
[169] [M]: 0x00000000800007C4 (0x00F66633) or x12, x12, x15                         rvtest_entrypoint+384
x12 <- 0x0000000000000000

clint mtime 0x0000000000000055 (mip.MTI <- 0b1, mip.STI <- 0b0)
mem[X,0x00000000800007C8] -> 0x5693
mem[X,0x00000000800007CA] -> 0x0076
[170] [M]: 0x00000000800007C8 (0x00765693) srli x13, x12, 0x7                       rvtest_entrypoint+388
x13 <- 0x0000000000000000

mem[X,0x00000000800007CC] -> 0x5793
mem[X,0x00000000800007CE] -> 0x0396
[171] [M]: 0x00000000800007CC (0x03965793) srli x15, x12, 0x39                      rvtest_entrypoint+392
x15 <- 0x0000000000000000

clint mtime 0x0000000000000056 (mip.MTI <- 0b1, mip.STI <- 0b0)
mem[X,0x00000000800007D0] -> 0xE6B3
mem[X,0x00000000800007D2] -> 0x00F6
[172] [M]: 0x00000000800007D0 (0x00F6E6B3) or x13, x13, x15                         rvtest_entrypoint+396
x13 <- 0x0000000000000000

mem[X,0x00000000800007D4] -> 0x0013
mem[X,0x00000000800007D6] -> 0x0000
[173] [M]: 0x00000000800007D4 (0x00000013) addi x0, x0, 0x0                         rvtest_code_begin+0

clint mtime 0x0000000000000057 (mip.MTI <- 0b1, mip.STI <- 0b0)
mem[X,0x00000000800007D8] -> 0x0013
mem[X,0x00000000800007DA] -> 0x0000
[174] [M]: 0x00000000800007D8 (0x00000013) addi x0, x0, 0x0                         rvtest_code_begin+4

mem[X,0x00000000800007DC] -> 0x0013
mem[X,0x00000000800007DE] -> 0x0000
[175] [M]: 0x00000000800007DC (0x00000013) addi x0, x0, 0x0                         rvtest_code_begin+8

clint mtime 0x0000000000000058 (mip.MTI <- 0b1, mip.STI <- 0b0)
mem[X,0x00000000800007E0] -> 0xA697
mem[X,0x00000000800007E2] -> 0x0000
[176] [M]: 0x00000000800007E0 (0x0000A697) auipc x13, 0xa                           rvtest_code_begin+12
x13 <- 0x000000008000A7E0

mem[X,0x00000000800007E4] -> 0x8693
mem[X,0x00000000800007E6] -> 0x9386
[177] [M]: 0x00000000800007E4 (0x93868693) addi x13, x13, -0x6c8                    rvtest_code_begin+16
x13 <- 0x000000008000A118

clint mtime 0x0000000000000059 (mip.MTI <- 0b1, mip.STI <- 0b0)
mem[X,0x00000000800007E8] -> 0x0001
[178] [M]: 0x00000000800007E8 (0x0001) c.nop                                        rvtest_code_begin+20

mem[X,0x00000000800007EA] -> 0x0013
mem[X,0x00000000800007EC] -> 0x0000
[179] [M]: 0x00000000800007EA (0x00000013) addi x0, x0, 0x0                         rvtest_code_begin+22

clint mtime 0x000000000000005A (mip.MTI <- 0b1, mip.STI <- 0b0)
mem[X,0x00000000800007EE] -> 0x0013
mem[X,0x00000000800007F0] -> 0x0000
[180] [M]: 0x00000000800007EE (0x00000013) addi x0, x0, 0x0                         rvtest_code_begin+26

mem[X,0x00000000800007F2] -> 0x0013
mem[X,0x00000000800007F4] -> 0x0000
[181] [M]: 0x00000000800007F2 (0x00000013) addi x0, x0, 0x0                         rvtest_code_begin+30

clint mtime 0x000000000000005B (mip.MTI <- 0b1, mip.STI <- 0b0)
mem[X,0x00000000800007F6] -> 0x0013
mem[X,0x00000000800007F8] -> 0x0000
[182] [M]: 0x00000000800007F6 (0x00000013) addi x0, x0, 0x0                         rvtest_code_begin+34

mem[X,0x00000000800007FA] -> 0x0013
mem[X,0x00000000800007FC] -> 0x0000
[183] [M]: 0x00000000800007FA (0x00000013) addi x0, x0, 0x0                         rvtest_code_begin+38

clint mtime 0x000000000000005C (mip.MTI <- 0b1, mip.STI <- 0b0)
mem[X,0x00000000800007FE] -> 0x0001
[184] [M]: 0x00000000800007FE (0x0001) c.nop                                        rvtest_code_begin+42

mem[X,0x0000000080000800] -> 0xD737
mem[X,0x0000000080000802] -> 0x0000
[185] [M]: 0x0000000080000800 (0x0000D737) lui x14, 0xd                             main+0
x14 <- 0x000000000000D000

clint mtime 0x000000000000005D (mip.MTI <- 0b1, mip.STI <- 0b0)
mem[X,0x0000000080000804] -> 0x071B
mem[X,0x0000000080000806] -> 0xEED7
[186] [M]: 0x0000000080000804 (0xEED7071B) addiw x14, x14, -0x113                   main+4
x14 <- 0x000000000000CEED

mem[X,0x0000000080000808] -> 0xB023
mem[X,0x000000008000080A] -> 0x00E6
[187] [M]: 0x0000000080000808 (0x00E6B023) sd x14, 0x0(x13)                         main+8
mem[W,0x000000008000A118] <- 0x000000000000CEED

clint mtime 0x000000000000005E (mip.MTI <- 0b1, mip.STI <- 0b0)
mem[X,0x000000008000080C] -> 0xC737
mem[X,0x000000008000080E] -> 0x0000
[188] [M]: 0x000000008000080C (0x0000C737) lui x14, 0xc                             main+12
x14 <- 0x000000000000C000

mem[X,0x0000000080000810] -> 0x071B
mem[X,0x0000000080000812] -> 0xEED7
[189] [M]: 0x0000000080000810 (0xEED7071B) addiw x14, x14, -0x113                   main+16
x14 <- 0x000000000000BEED

clint mtime 0x000000000000005F (mip.MTI <- 0b1, mip.STI <- 0b0)
mem[X,0x0000000080000814] -> 0xB423
mem[X,0x0000000080000816] -> 0x00E6
[190] [M]: 0x0000000080000814 (0x00E6B423) sd x14, 0x8(x13)                         main+20
mem[W,0x000000008000A120] <- 0x000000000000BEED

mem[X,0x0000000080000818] -> 0x0393
mem[X,0x000000008000081A] -> 0xFFF0
[191] [M]: 0x0000000080000818 (0xFFF00393) addi x7, x0, -0x1                        main+24
x7 <- 0xFFFFFFFFFFFFFFFF

clint mtime 0x0000000000000060 (mip.MTI <- 0b1, mip.STI <- 0b0)
mem[X,0x000000008000081C] -> 0x9073
mem[X,0x000000008000081E] -> 0x3B03
[192] [M]: 0x000000008000081C (0x3B039073) csrrw x0, pmpaddr0, x7                   main+28
CSR pmpaddr0 (0x3B0) <- 0x003FFFFFFFFFFFFF

mem[X,0x0000000080000820] -> 0x0393
mem[X,0x0000000080000822] -> 0x00F0
[193] [M]: 0x0000000080000820 (0x00F00393) addi x7, x0, 0xf                         main+32
x7 <- 0x000000000000000F

clint mtime 0x0000000000000061 (mip.MTI <- 0b1, mip.STI <- 0b0)
mem[X,0x0000000080000824] -> 0x9073
mem[X,0x0000000080000826] -> 0x3A03
[194] [M]: 0x0000000080000824 (0x3A039073) csrrw x0, pmpcfg0, x7                    main+36
CSR pmpcfg0 (0x3A0) <- 0x000000000000000F

mem[X,0x0000000080000828] -> 0x0073
mem[X,0x000000008000082A] -> 0x1200
[195] [M]: 0x0000000080000828 (0x12000073) sfence.vma x0, x0                        main+40

clint mtime 0x0000000000000062 (mip.MTI <- 0b1, mip.STI <- 0b0)
mem[X,0x000000008000082C] -> 0x1073
mem[X,0x000000008000082E] -> 0x1800
[196] [M]: 0x000000008000082C (0x18001073) csrrw x0, satp, x0                       main+44
CSR satp (0x180) <- 0x0000000000000000

mem[X,0x0000000080000830] -> 0x0013
mem[X,0x0000000080000832] -> 0x0000
[197] [M]: 0x0000000080000830 (0x00000013) addi x0, x0, 0x0                         main+48

clint mtime 0x0000000000000063 (mip.MTI <- 0b1, mip.STI <- 0b0)
mem[X,0x0000000080000834] -> 0x0013
mem[X,0x0000000080000836] -> 0x0000
[198] [M]: 0x0000000080000834 (0x00000013) addi x0, x0, 0x0                         main+52

mem[X,0x0000000080000838] -> 0x0013
mem[X,0x000000008000083A] -> 0x0000
[199] [M]: 0x0000000080000838 (0x00000013) addi x0, x0, 0x0                         main+56

clint mtime 0x0000000000000064 (mip.MTI <- 0b1, mip.STI <- 0b0)
mem[X,0x000000008000083C] -> 0x0013
mem[X,0x000000008000083E] -> 0x0000
[200] [M]: 0x000000008000083C (0x00000013) addi x0, x0, 0x0                         main+60

mem[X,0x0000000080000840] -> 0x051B
mem[X,0x0000000080000842] -> 0x0000
[201] [M]: 0x0000000080000840 (0x0000051B) addiw x10, x0, 0x0                       main+64
x10 <- 0x0000000000000000

clint mtime 0x0000000000000065 (mip.MTI <- 0b1, mip.STI <- 0b0)
mem[X,0x0000000080000844] -> 0x0001
[202] [M]: 0x0000000080000844 (0x0001) c.nop                                        main+68

mem[X,0x0000000080000846] -> 0x0013
mem[X,0x0000000080000848] -> 0x0000
[203] [M]: 0x0000000080000846 (0x00000013) addi x0, x0, 0x0                         main+70

clint mtime 0x0000000000000066 (mip.MTI <- 0b1, mip.STI <- 0b0)
mem[X,0x000000008000084A] -> 0x0013
mem[X,0x000000008000084C] -> 0x0000
[204] [M]: 0x000000008000084A (0x00000013) addi x0, x0, 0x0                         main+74

mem[X,0x000000008000084E] -> 0x0013
mem[X,0x0000000080000850] -> 0x0000
[205] [M]: 0x000000008000084E (0x00000013) addi x0, x0, 0x0                         main+78

clint mtime 0x0000000000000067 (mip.MTI <- 0b1, mip.STI <- 0b0)
mem[X,0x0000000080000852] -> 0x0013
mem[X,0x0000000080000854] -> 0x0000
[206] [M]: 0x0000000080000852 (0x00000013) addi x0, x0, 0x0                         main+82

mem[X,0x0000000080000856] -> 0x0013
mem[X,0x0000000080000858] -> 0x0000
[207] [M]: 0x0000000080000856 (0x00000013) addi x0, x0, 0x0                         main+86

clint mtime 0x0000000000000068 (mip.MTI <- 0b1, mip.STI <- 0b0)
mem[X,0x000000008000085A] -> 0x0013
mem[X,0x000000008000085C] -> 0x0000
[208] [M]: 0x000000008000085A (0x00000013) addi x0, x0, 0x0                         main+90

mem[X,0x000000008000085E] -> 0x0001
[209] [M]: 0x000000008000085E (0x0001) c.nop                                        main+94

clint mtime 0x0000000000000069 (mip.MTI <- 0b1, mip.STI <- 0b0)
mem[X,0x0000000080000860] -> 0x0593
mem[X,0x0000000080000862] -> 0x0CB0
[210] [M]: 0x0000000080000860 (0x0CB00593) addi x11, x0, 0xcb                       main+96
x11 <- 0x00000000000000CB

mem[X,0x0000000080000864] -> 0x5513
mem[X,0x0000000080000866] -> 0x00C5
[211] [M]: 0x0000000080000864 (0x00C55513) srli x10, x10, 0xc                       main+100
x10 <- 0x0000000000000000

clint mtime 0x000000000000006A (mip.MTI <- 0b1, mip.STI <- 0b0)
mem[X,0x0000000080000868] -> 0x1513
mem[X,0x000000008000086A] -> 0x00A5
[212] [M]: 0x0000000080000868 (0x00A51513) slli x10, x10, 0xa                       main+104
x10 <- 0x0000000000000000

mem[X,0x000000008000086C] -> 0x6533
mem[X,0x000000008000086E] -> 0x00B5
[213] [M]: 0x000000008000086C (0x00B56533) or x10, x10, x11                         main+108
x10 <- 0x00000000000000CB

clint mtime 0x000000000000006B (mip.MTI <- 0b1, mip.STI <- 0b0)
mem[X,0x0000000080000870] -> 0x0013
mem[X,0x0000000080000872] -> 0x0000
[214] [M]: 0x0000000080000870 (0x00000013) addi x0, x0, 0x0                         main+112

mem[X,0x0000000080000874] -> 0x0013
mem[X,0x0000000080000876] -> 0x0000
[215] [M]: 0x0000000080000874 (0x00000013) addi x0, x0, 0x0                         main+116

clint mtime 0x000000000000006C (mip.MTI <- 0b1, mip.STI <- 0b0)
mem[X,0x0000000080000878] -> 0x0013
mem[X,0x000000008000087A] -> 0x0000
[216] [M]: 0x0000000080000878 (0x00000013) addi x0, x0, 0x0                         main+120

mem[X,0x000000008000087C] -> 0x0013
mem[X,0x000000008000087E] -> 0x0000
[217] [M]: 0x000000008000087C (0x00000013) addi x0, x0, 0x0                         main+124

clint mtime 0x000000000000006D (mip.MTI <- 0b1, mip.STI <- 0b0)
mem[X,0x0000000080000880] -> 0x8317
mem[X,0x0000000080000882] -> 0x0000
[218] [M]: 0x0000000080000880 (0x00008317) auipc x6, 0x8                            main+128
x6 <- 0x0000000080008880

mem[X,0x0000000080000884] -> 0x0313
mem[X,0x0000000080000886] -> 0x7803
[219] [M]: 0x0000000080000884 (0x78030313) addi x6, x6, 0x780                       main+132
x6 <- 0x0000000080009000

clint mtime 0x000000000000006E (mip.MTI <- 0b1, mip.STI <- 0b0)
mem[X,0x0000000080000888] -> 0x0001
[220] [M]: 0x0000000080000888 (0x0001) c.nop                                        main+136

mem[X,0x000000008000088A] -> 0x0013
mem[X,0x000000008000088C] -> 0x0000
[221] [M]: 0x000000008000088A (0x00000013) addi x0, x0, 0x0                         main+138

clint mtime 0x000000000000006F (mip.MTI <- 0b1, mip.STI <- 0b0)
mem[X,0x000000008000088E] -> 0x0013
mem[X,0x0000000080000890] -> 0x0000
[222] [M]: 0x000000008000088E (0x00000013) addi x0, x0, 0x0                         main+142

mem[X,0x0000000080000892] -> 0x0013
mem[X,0x0000000080000894] -> 0x0000
[223] [M]: 0x0000000080000892 (0x00000013) addi x0, x0, 0x0                         main+146

clint mtime 0x0000000000000070 (mip.MTI <- 0b1, mip.STI <- 0b0)
mem[X,0x0000000080000896] -> 0x0013
mem[X,0x0000000080000898] -> 0x0000
[224] [M]: 0x0000000080000896 (0x00000013) addi x0, x0, 0x0                         main+150

mem[X,0x000000008000089A] -> 0x0013
mem[X,0x000000008000089C] -> 0x0000
[225] [M]: 0x000000008000089A (0x00000013) addi x0, x0, 0x0                         main+154

clint mtime 0x0000000000000071 (mip.MTI <- 0b1, mip.STI <- 0b0)
mem[X,0x000000008000089E] -> 0x0001
[226] [M]: 0x000000008000089E (0x0001) c.nop                                        main+158

mem[X,0x00000000800008A0] -> 0x0293
mem[X,0x00000000800008A2] -> 0x0300
[227] [M]: 0x00000000800008A0 (0x03000293) addi x5, x0, 0x30                        main+160
x5 <- 0x0000000000000030

clint mtime 0x0000000000000072 (mip.MTI <- 0b1, mip.STI <- 0b0)
mem[X,0x00000000800008A4] -> 0x0333
mem[X,0x00000000800008A6] -> 0x0053
[228] [M]: 0x00000000800008A4 (0x00530333) add x6, x6, x5                           main+164
x6 <- 0x0000000080009030

mem[X,0x00000000800008A8] -> 0x3023
mem[X,0x00000000800008AA] -> 0x00A3
[229] [M]: 0x00000000800008A8 (0x00A33023) sd x10, 0x0(x6)                          main+168
mem[W,0x0000000080009030] <- 0x00000000000000CB

clint mtime 0x0000000000000073 (mip.MTI <- 0b1, mip.STI <- 0b0)
mem[X,0x00000000800008AC] -> 0x0073
mem[X,0x00000000800008AE] -> 0x1200
[230] [M]: 0x00000000800008AC (0x12000073) sfence.vma x0, x0                        main+172

mem[X,0x00000000800008B0] -> 0x0013
mem[X,0x00000000800008B2] -> 0x0000
[231] [M]: 0x00000000800008B0 (0x00000013) addi x0, x0, 0x0                         main+176

clint mtime 0x0000000000000074 (mip.MTI <- 0b1, mip.STI <- 0b0)
mem[X,0x00000000800008B4] -> 0x0013
mem[X,0x00000000800008B6] -> 0x0000
[232] [M]: 0x00000000800008B4 (0x00000013) addi x0, x0, 0x0                         main+180

mem[X,0x00000000800008B8] -> 0x0013
mem[X,0x00000000800008BA] -> 0x0000
[233] [M]: 0x00000000800008B8 (0x00000013) addi x0, x0, 0x0                         main+184

clint mtime 0x0000000000000075 (mip.MTI <- 0b1, mip.STI <- 0b0)
mem[X,0x00000000800008BC] -> 0x0013
mem[X,0x00000000800008BE] -> 0x0000
[234] [M]: 0x00000000800008BC (0x00000013) addi x0, x0, 0x0                         main+188

mem[X,0x00000000800008C0] -> 0x051B
mem[X,0x00000000800008C2] -> 0x0000
[235] [M]: 0x00000000800008C0 (0x0000051B) addiw x10, x0, 0x0                       main+192
x10 <- 0x0000000000000000

clint mtime 0x0000000000000076 (mip.MTI <- 0b1, mip.STI <- 0b0)
mem[X,0x00000000800008C4] -> 0x0001
[236] [M]: 0x00000000800008C4 (0x0001) c.nop                                        main+196

mem[X,0x00000000800008C6] -> 0x0013
mem[X,0x00000000800008C8] -> 0x0000
[237] [M]: 0x00000000800008C6 (0x00000013) addi x0, x0, 0x0                         main+198

clint mtime 0x0000000000000077 (mip.MTI <- 0b1, mip.STI <- 0b0)
mem[X,0x00000000800008CA] -> 0x0013
mem[X,0x00000000800008CC] -> 0x0000
[238] [M]: 0x00000000800008CA (0x00000013) addi x0, x0, 0x0                         main+202

mem[X,0x00000000800008CE] -> 0x0013
mem[X,0x00000000800008D0] -> 0x0000
[239] [M]: 0x00000000800008CE (0x00000013) addi x0, x0, 0x0                         main+206

clint mtime 0x0000000000000078 (mip.MTI <- 0b1, mip.STI <- 0b0)
mem[X,0x00000000800008D2] -> 0x0013
mem[X,0x00000000800008D4] -> 0x0000
[240] [M]: 0x00000000800008D2 (0x00000013) addi x0, x0, 0x0                         main+210

mem[X,0x00000000800008D6] -> 0x0013
mem[X,0x00000000800008D8] -> 0x0000
[241] [M]: 0x00000000800008D6 (0x00000013) addi x0, x0, 0x0                         main+214

clint mtime 0x0000000000000079 (mip.MTI <- 0b1, mip.STI <- 0b0)
mem[X,0x00000000800008DA] -> 0x0013
mem[X,0x00000000800008DC] -> 0x0000
[242] [M]: 0x00000000800008DA (0x00000013) addi x0, x0, 0x0                         main+218

mem[X,0x00000000800008DE] -> 0x0001
[243] [M]: 0x00000000800008DE (0x0001) c.nop                                        main+222

clint mtime 0x000000000000007A (mip.MTI <- 0b1, mip.STI <- 0b0)
mem[X,0x00000000800008E0] -> 0x0593
mem[X,0x00000000800008E2] -> 0x0CF0
[244] [M]: 0x00000000800008E0 (0x0CF00593) addi x11, x0, 0xcf                       main+224
x11 <- 0x00000000000000CF

mem[X,0x00000000800008E4] -> 0x5513
mem[X,0x00000000800008E6] -> 0x00C5
[245] [M]: 0x00000000800008E4 (0x00C55513) srli x10, x10, 0xc                       main+228
x10 <- 0x0000000000000000

clint mtime 0x000000000000007B (mip.MTI <- 0b1, mip.STI <- 0b0)
mem[X,0x00000000800008E8] -> 0x1513
mem[X,0x00000000800008EA] -> 0x00A5
[246] [M]: 0x00000000800008E8 (0x00A51513) slli x10, x10, 0xa                       main+232
x10 <- 0x0000000000000000

mem[X,0x00000000800008EC] -> 0x6533
mem[X,0x00000000800008EE] -> 0x00B5
[247] [M]: 0x00000000800008EC (0x00B56533) or x10, x10, x11                         main+236
x10 <- 0x00000000000000CF

clint mtime 0x000000000000007C (mip.MTI <- 0b1, mip.STI <- 0b0)
mem[X,0x00000000800008F0] -> 0x0013
mem[X,0x00000000800008F2] -> 0x0000
[248] [M]: 0x00000000800008F0 (0x00000013) addi x0, x0, 0x0                         main+240

mem[X,0x00000000800008F4] -> 0x0013
mem[X,0x00000000800008F6] -> 0x0000
[249] [M]: 0x00000000800008F4 (0x00000013) addi x0, x0, 0x0                         main+244

clint mtime 0x000000000000007D (mip.MTI <- 0b1, mip.STI <- 0b0)
mem[X,0x00000000800008F8] -> 0x0013
mem[X,0x00000000800008FA] -> 0x0000
[250] [M]: 0x00000000800008F8 (0x00000013) addi x0, x0, 0x0                         main+248

mem[X,0x00000000800008FC] -> 0x0013
mem[X,0x00000000800008FE] -> 0x0000
[251] [M]: 0x00000000800008FC (0x00000013) addi x0, x0, 0x0                         main+252

clint mtime 0x000000000000007E (mip.MTI <- 0b1, mip.STI <- 0b0)
mem[X,0x0000000080000900] -> 0x8317
mem[X,0x0000000080000902] -> 0x0000
[252] [M]: 0x0000000080000900 (0x00008317) auipc x6, 0x8                            main+256
x6 <- 0x0000000080008900

mem[X,0x0000000080000904] -> 0x0313
mem[X,0x0000000080000906] -> 0x7003
[253] [M]: 0x0000000080000904 (0x70030313) addi x6, x6, 0x700                       main+260
x6 <- 0x0000000080009000

clint mtime 0x000000000000007F (mip.MTI <- 0b1, mip.STI <- 0b0)
mem[X,0x0000000080000908] -> 0x0001
[254] [M]: 0x0000000080000908 (0x0001) c.nop                                        main+264

mem[X,0x000000008000090A] -> 0x0013
mem[X,0x000000008000090C] -> 0x0000
[255] [M]: 0x000000008000090A (0x00000013) addi x0, x0, 0x0                         main+266

clint mtime 0x0000000000000080 (mip.MTI <- 0b1, mip.STI <- 0b0)
mem[X,0x000000008000090E] -> 0x0013
mem[X,0x0000000080000910] -> 0x0000
[256] [M]: 0x000000008000090E (0x00000013) addi x0, x0, 0x0                         main+270

mem[X,0x0000000080000912] -> 0x0013
mem[X,0x0000000080000914] -> 0x0000
[257] [M]: 0x0000000080000912 (0x00000013) addi x0, x0, 0x0                         main+274

clint mtime 0x0000000000000081 (mip.MTI <- 0b1, mip.STI <- 0b0)
mem[X,0x0000000080000916] -> 0x0013
mem[X,0x0000000080000918] -> 0x0000
[258] [M]: 0x0000000080000916 (0x00000013) addi x0, x0, 0x0                         main+278

mem[X,0x000000008000091A] -> 0x0013
mem[X,0x000000008000091C] -> 0x0000
[259] [M]: 0x000000008000091A (0x00000013) addi x0, x0, 0x0                         main+282

clint mtime 0x0000000000000082 (mip.MTI <- 0b1, mip.STI <- 0b0)
mem[X,0x000000008000091E] -> 0x0001
[260] [M]: 0x000000008000091E (0x0001) c.nop                                        main+286

mem[X,0x0000000080000920] -> 0x0293
mem[X,0x0000000080000922] -> 0x0380
[261] [M]: 0x0000000080000920 (0x03800293) addi x5, x0, 0x38                        main+288
x5 <- 0x0000000000000038

clint mtime 0x0000000000000083 (mip.MTI <- 0b1, mip.STI <- 0b0)
mem[X,0x0000000080000924] -> 0x0333
mem[X,0x0000000080000926] -> 0x0053
[262] [M]: 0x0000000080000924 (0x00530333) add x6, x6, x5                           main+292
x6 <- 0x0000000080009038

mem[X,0x0000000080000928] -> 0x3023
mem[X,0x000000008000092A] -> 0x00A3
[263] [M]: 0x0000000080000928 (0x00A33023) sd x10, 0x0(x6)                          main+296
mem[W,0x0000000080009038] <- 0x00000000000000CF

clint mtime 0x0000000000000084 (mip.MTI <- 0b1, mip.STI <- 0b0)
mem[X,0x000000008000092C] -> 0x0073
mem[X,0x000000008000092E] -> 0x1200
[264] [M]: 0x000000008000092C (0x12000073) sfence.vma x0, x0                        main+300

mem[X,0x0000000080000930] -> 0x02B7
mem[X,0x0000000080000932] -> 0x0000
[265] [M]: 0x0000000080000930 (0x000002B7) lui x5, 0x0                              main+304
x5 <- 0x0000000000000000

clint mtime 0x0000000000000085 (mip.MTI <- 0b1, mip.STI <- 0b0)
mem[X,0x0000000080000934] -> 0x8293
mem[X,0x0000000080000936] -> 0x3802
[266] [M]: 0x0000000080000934 (0x38028293) addi x5, x5, 0x380                       main+308
x5 <- 0x0000000000000380

mem[X,0x0000000080000938] -> 0x9293
mem[X,0x000000008000093A] -> 0x00B2
[267] [M]: 0x0000000080000938 (0x00B29293) slli x5, x5, 0xb                         main+312
x5 <- 0x00000000001C0000

clint mtime 0x0000000000000086 (mip.MTI <- 0b1, mip.STI <- 0b0)
mem[X,0x000000008000093C] -> 0x8293
mem[X,0x000000008000093E] -> 0x4002
[268] [M]: 0x000000008000093C (0x40028293) addi x5, x5, 0x400                       main+316
x5 <- 0x00000000001C0400

mem[X,0x0000000080000940] -> 0x9293
mem[X,0x0000000080000942] -> 0x00B2
[269] [M]: 0x0000000080000940 (0x00B29293) slli x5, x5, 0xb                         main+320
x5 <- 0x00000000E0200000

clint mtime 0x0000000000000087 (mip.MTI <- 0b1, mip.STI <- 0b0)
mem[X,0x0000000080000944] -> 0x8293
mem[X,0x0000000080000946] -> 0x0152
[270] [M]: 0x0000000080000944 (0x01528293) addi x5, x5, 0x15                        main+324
x5 <- 0x00000000E0200015

mem[X,0x0000000080000948] -> 0x9293
mem[X,0x000000008000094A] -> 0x00A2
[271] [M]: 0x0000000080000948 (0x00A29293) slli x5, x5, 0xa                         main+328
x5 <- 0x0000038080005400

clint mtime 0x0000000000000088 (mip.MTI <- 0b1, mip.STI <- 0b0)
mem[X,0x000000008000094C] -> 0x8293
mem[X,0x000000008000094E] -> 0x1302
[272] [M]: 0x000000008000094C (0x13028293) addi x5, x5, 0x130                       main+332
x5 <- 0x0000038080005530

mem[X,0x0000000080000950] -> 0x0013
mem[X,0x0000000080000952] -> 0x0000
[273] [M]: 0x0000000080000950 (0x00000013) addi x0, x0, 0x0                         main+336

clint mtime 0x0000000000000089 (mip.MTI <- 0b1, mip.STI <- 0b0)
mem[X,0x0000000080000954] -> 0x0013
mem[X,0x0000000080000956] -> 0x0000
[274] [M]: 0x0000000080000954 (0x00000013) addi x0, x0, 0x0                         main+340

mem[X,0x0000000080000958] -> 0x0013
mem[X,0x000000008000095A] -> 0x0000
[275] [M]: 0x0000000080000958 (0x00000013) addi x0, x0, 0x0                         main+344

clint mtime 0x000000000000008A (mip.MTI <- 0b1, mip.STI <- 0b0)
mem[X,0x000000008000095C] -> 0x0013
mem[X,0x000000008000095E] -> 0x0000
[276] [M]: 0x000000008000095C (0x00000013) addi x0, x0, 0x0                         main+348

mem[X,0x0000000080000960] -> 0x5317
mem[X,0x0000000080000962] -> 0x0000
[277] [M]: 0x0000000080000960 (0x00005317) auipc x6, 0x5                            main+352
x6 <- 0x0000000080005960

clint mtime 0x000000000000008B (mip.MTI <- 0b1, mip.STI <- 0b0)
mem[X,0x0000000080000964] -> 0x0313
mem[X,0x0000000080000966] -> 0xBD03
[278] [M]: 0x0000000080000964 (0xBD030313) addi x6, x6, -0x430                      main+356
x6 <- 0x0000000080005530

mem[X,0x0000000080000968] -> 0x0001
[279] [M]: 0x0000000080000968 (0x0001) c.nop                                        main+360

clint mtime 0x000000000000008C (mip.MTI <- 0b1, mip.STI <- 0b0)
mem[X,0x000000008000096A] -> 0x0013
mem[X,0x000000008000096C] -> 0x0000
[280] [M]: 0x000000008000096A (0x00000013) addi x0, x0, 0x0                         main+362

mem[X,0x000000008000096E] -> 0x0013
mem[X,0x0000000080000970] -> 0x0000
[281] [M]: 0x000000008000096E (0x00000013) addi x0, x0, 0x0                         main+366

clint mtime 0x000000000000008D (mip.MTI <- 0b1, mip.STI <- 0b0)
mem[X,0x0000000080000972] -> 0x0013
mem[X,0x0000000080000974] -> 0x0000
[282] [M]: 0x0000000080000972 (0x00000013) addi x0, x0, 0x0                         main+370

mem[X,0x0000000080000976] -> 0x0013
mem[X,0x0000000080000978] -> 0x0000
[283] [M]: 0x0000000080000976 (0x00000013) addi x0, x0, 0x0                         main+374

clint mtime 0x000000000000008E (mip.MTI <- 0b1, mip.STI <- 0b0)
mem[X,0x000000008000097A] -> 0x0013
mem[X,0x000000008000097C] -> 0x0000
[284] [M]: 0x000000008000097A (0x00000013) addi x0, x0, 0x0                         main+378

mem[X,0x000000008000097E] -> 0x0001
[285] [M]: 0x000000008000097E (0x0001) c.nop                                        main+382

clint mtime 0x000000000000008F (mip.MTI <- 0b1, mip.STI <- 0b0)
mem[X,0x0000000080000980] -> 0x82B3
mem[X,0x0000000080000982] -> 0x4062
[286] [M]: 0x0000000080000980 (0x406282B3) sub x5, x5, x6                           main+384
x5 <- 0x0000038000000000

mem[X,0x0000000080000984] -> 0x8E13
mem[X,0x0000000080000986] -> 0x2982
[287] [M]: 0x0000000080000984 (0x29828E13) addi x28, x5, 0x298                      main+388
x28 <- 0x0000038000000298

clint mtime 0x0000000000000090 (mip.MTI <- 0b1, mip.STI <- 0b0)
mem[X,0x0000000080000988] -> 0x2173
mem[X,0x000000008000098A] -> 0x3400
[288] [M]: 0x0000000080000988 (0x34002173) csrrs x2, mscratch, x0                   main+392
CSR mscratch (0x340) -> 0x0000000080005000
x2 <- 0x0000000080005000

mem[X,0x000000008000098C] -> 0x0333
mem[X,0x000000008000098E] -> 0x01C1
[289] [M]: 0x000000008000098C (0x01C10333) add x6, x2, x28                          main+396
x6 <- 0x0000038080005298

clint mtime 0x0000000000000091 (mip.MTI <- 0b1, mip.STI <- 0b0)
mem[X,0x0000000080000990] -> 0x1073
mem[X,0x0000000080000992] -> 0x1403
[290] [M]: 0x0000000080000990 (0x14031073) csrrw x0, sscratch, x6                   main+400
CSR sscratch (0x140) <- 0x0000038080005298

mem[X,0x0000000080000994] -> 0x2173
mem[X,0x0000000080000996] -> 0x3400
[291] [M]: 0x0000000080000994 (0x34002173) csrrs x2, mscratch, x0                   main+404
CSR mscratch (0x340) -> 0x0000000080005000
x2 <- 0x0000000080005000

clint mtime 0x0000000000000092 (mip.MTI <- 0b1, mip.STI <- 0b0)
mem[X,0x0000000080000998] -> 0x02B7
mem[X,0x000000008000099A] -> 0x0000
[292] [M]: 0x0000000080000998 (0x000002B7) lui x5, 0x0                              main+408
x5 <- 0x0000000000000000

mem[X,0x000000008000099C] -> 0x8293
mem[X,0x000000008000099E] -> 0x3002
[293] [M]: 0x000000008000099C (0x30028293) addi x5, x5, 0x300                       main+412
x5 <- 0x0000000000000300

clint mtime 0x0000000000000093 (mip.MTI <- 0b1, mip.STI <- 0b0)
mem[X,0x00000000800009A0] -> 0x9293
mem[X,0x00000000800009A2] -> 0x00B2
[294] [M]: 0x00000000800009A0 (0x00B29293) slli x5, x5, 0xb                         main+416
x5 <- 0x0000000000180000

mem[X,0x00000000800009A4] -> 0x8293
mem[X,0x00000000800009A6] -> 0x4002
[295] [M]: 0x00000000800009A4 (0x40028293) addi x5, x5, 0x400                       main+420
x5 <- 0x0000000000180400

clint mtime 0x0000000000000094 (mip.MTI <- 0b1, mip.STI <- 0b0)
mem[X,0x00000000800009A8] -> 0x9293
mem[X,0x00000000800009AA] -> 0x00B2
[296] [M]: 0x00000000800009A8 (0x00B29293) slli x5, x5, 0xb                         main+424
x5 <- 0x00000000C0200000

mem[X,0x00000000800009AC] -> 0x8293
mem[X,0x00000000800009AE] -> 0x0012
[297] [M]: 0x00000000800009AC (0x00128293) addi x5, x5, 0x1                         main+428
x5 <- 0x00000000C0200001

clint mtime 0x0000000000000095 (mip.MTI <- 0b1, mip.STI <- 0b0)
mem[X,0x00000000800009B0] -> 0x9293
mem[X,0x00000000800009B2] -> 0x00A2
[298] [M]: 0x00000000800009B0 (0x00A29293) slli x5, x5, 0xa                         main+432
x5 <- 0x0000030080000400

mem[X,0x00000000800009B4] -> 0x8293
mem[X,0x00000000800009B6] -> 0x3BC2
[299] [M]: 0x00000000800009B4 (0x3BC28293) addi x5, x5, 0x3bc                       main+436
x5 <- 0x00000300800007BC

clint mtime 0x0000000000000096 (mip.MTI <- 0b1, mip.STI <- 0b0)
mem[X,0x00000000800009B8] -> 0x0013
mem[X,0x00000000800009BA] -> 0x0000
[300] [M]: 0x00000000800009B8 (0x00000013) addi x0, x0, 0x0                         main+440

mem[X,0x00000000800009BC] -> 0x0013
mem[X,0x00000000800009BE] -> 0x0000
[301] [M]: 0x00000000800009BC (0x00000013) addi x0, x0, 0x0                         main+444

clint mtime 0x0000000000000097 (mip.MTI <- 0b1, mip.STI <- 0b0)
mem[X,0x00000000800009C0] -> 0x0317
mem[X,0x00000000800009C2] -> 0x0000
[302] [M]: 0x00000000800009C0 (0x00000317) auipc x6, 0x0                            main+448
x6 <- 0x00000000800009C0

mem[X,0x00000000800009C4] -> 0x0313
mem[X,0x00000000800009C6] -> 0xE143
[303] [M]: 0x00000000800009C4 (0xE1430313) addi x6, x6, -0x1ec                      main+452
x6 <- 0x00000000800007D4

clint mtime 0x0000000000000098 (mip.MTI <- 0b1, mip.STI <- 0b0)
mem[X,0x00000000800009C8] -> 0x0001
[304] [M]: 0x00000000800009C8 (0x0001) c.nop                                        main+456

mem[X,0x00000000800009CA] -> 0x0013
mem[X,0x00000000800009CC] -> 0x0000
[305] [M]: 0x00000000800009CA (0x00000013) addi x0, x0, 0x0                         main+458

clint mtime 0x0000000000000099 (mip.MTI <- 0b1, mip.STI <- 0b0)
mem[X,0x00000000800009CE] -> 0x0013
mem[X,0x00000000800009D0] -> 0x0000
[306] [M]: 0x00000000800009CE (0x00000013) addi x0, x0, 0x0                         main+462

mem[X,0x00000000800009D2] -> 0x0013
mem[X,0x00000000800009D4] -> 0x0000
[307] [M]: 0x00000000800009D2 (0x00000013) addi x0, x0, 0x0                         main+466

clint mtime 0x000000000000009A (mip.MTI <- 0b1, mip.STI <- 0b0)
mem[X,0x00000000800009D6] -> 0x0013
mem[X,0x00000000800009D8] -> 0x0000
[308] [M]: 0x00000000800009D6 (0x00000013) addi x0, x0, 0x0                         main+470

mem[X,0x00000000800009DA] -> 0x0013
mem[X,0x00000000800009DC] -> 0x0000
[309] [M]: 0x00000000800009DA (0x00000013) addi x0, x0, 0x0                         main+474

clint mtime 0x000000000000009B (mip.MTI <- 0b1, mip.STI <- 0b0)
mem[X,0x00000000800009DE] -> 0x0001
[310] [M]: 0x00000000800009DE (0x0001) c.nop                                        main+478

mem[X,0x00000000800009E0] -> 0x82B3
mem[X,0x00000000800009E2] -> 0x4062
[311] [M]: 0x00000000800009E0 (0x406282B3) sub x5, x5, x6                           main+480
x5 <- 0x000002FFFFFFFFE8

clint mtime 0x000000000000009C (mip.MTI <- 0b1, mip.STI <- 0b0)
mem[X,0x00000000800009E4] -> 0x3303
mem[X,0x00000000800009E6] -> 0x1D81
[312] [M]: 0x00000000800009E4 (0x1D813303) ld x6, 0x1d8(x2)                         main+484
mem[R,0x00000000800051D8] -> 0x00000000800007D4
x6 <- 0x00000000800007D4

mem[X,0x00000000800009E8] -> 0x03B3
mem[X,0x00000000800009EA] -> 0x0053
[313] [M]: 0x00000000800009E8 (0x005303B3) add x7, x6, x5                           main+488
x7 <- 0x00000300800007BC

clint mtime 0x000000000000009D (mip.MTI <- 0b1, mip.STI <- 0b0)
mem[X,0x00000000800009EC] -> 0x3823
mem[X,0x00000000800009EE] -> 0x4671
[314] [M]: 0x00000000800009EC (0x46713823) sd x7, 0x470(x2)                         main+492
mem[W,0x0000000080005470] <- 0x00000300800007BC

mem[X,0x00000000800009F0] -> 0x02B7
mem[X,0x00000000800009F2] -> 0x0000
[315] [M]: 0x00000000800009F0 (0x000002B7) lui x5, 0x0                              main+496
x5 <- 0x0000000000000000

clint mtime 0x000000000000009E (mip.MTI <- 0b1, mip.STI <- 0b0)
mem[X,0x00000000800009F4] -> 0x8293
mem[X,0x00000000800009F6] -> 0x3802
[316] [M]: 0x00000000800009F4 (0x38028293) addi x5, x5, 0x380                       main+500
x5 <- 0x0000000000000380

mem[X,0x00000000800009F8] -> 0x9293
mem[X,0x00000000800009FA] -> 0x00B2
[317] [M]: 0x00000000800009F8 (0x00B29293) slli x5, x5, 0xb                         main+504
x5 <- 0x00000000001C0000

clint mtime 0x000000000000009F (mip.MTI <- 0b1, mip.STI <- 0b0)
mem[X,0x00000000800009FC] -> 0x8293
mem[X,0x00000000800009FE] -> 0x4002
[318] [M]: 0x00000000800009FC (0x40028293) addi x5, x5, 0x400                       main+508
x5 <- 0x00000000001C0400

mem[X,0x0000000080000A00] -> 0x9293
mem[X,0x0000000080000A02] -> 0x00B2
[319] [M]: 0x0000000080000A00 (0x00B29293) slli x5, x5, 0xb                         main+512
x5 <- 0x00000000E0200000

clint mtime 0x00000000000000A0 (mip.MTI <- 0b1, mip.STI <- 0b0)
mem[X,0x0000000080000A04] -> 0x8293
mem[X,0x0000000080000A06] -> 0x0152
[320] [M]: 0x0000000080000A04 (0x01528293) addi x5, x5, 0x15                        main+516
x5 <- 0x00000000E0200015

mem[X,0x0000000080000A08] -> 0x9293
mem[X,0x0000000080000A0A] -> 0x00A2
[321] [M]: 0x0000000080000A08 (0x00A29293) slli x5, x5, 0xa                         main+520
x5 <- 0x0000038080005400

clint mtime 0x00000000000000A1 (mip.MTI <- 0b1, mip.STI <- 0b0)
mem[X,0x0000000080000A0C] -> 0x8293
mem[X,0x0000000080000A0E] -> 0x1302
[322] [M]: 0x0000000080000A0C (0x13028293) addi x5, x5, 0x130                       main+524
x5 <- 0x0000038080005530

mem[X,0x0000000080000A10] -> 0x0013
mem[X,0x0000000080000A12] -> 0x0000
[323] [M]: 0x0000000080000A10 (0x00000013) addi x0, x0, 0x0                         main+528

clint mtime 0x00000000000000A2 (mip.MTI <- 0b1, mip.STI <- 0b0)
mem[X,0x0000000080000A14] -> 0x0013
mem[X,0x0000000080000A16] -> 0x0000
[324] [M]: 0x0000000080000A14 (0x00000013) addi x0, x0, 0x0                         main+532

mem[X,0x0000000080000A18] -> 0x0013
mem[X,0x0000000080000A1A] -> 0x0000
[325] [M]: 0x0000000080000A18 (0x00000013) addi x0, x0, 0x0                         main+536

clint mtime 0x00000000000000A3 (mip.MTI <- 0b1, mip.STI <- 0b0)
mem[X,0x0000000080000A1C] -> 0x0013
mem[X,0x0000000080000A1E] -> 0x0000
[326] [M]: 0x0000000080000A1C (0x00000013) addi x0, x0, 0x0                         main+540

mem[X,0x0000000080000A20] -> 0x5317
mem[X,0x0000000080000A22] -> 0x0000
[327] [M]: 0x0000000080000A20 (0x00005317) auipc x6, 0x5                            main+544
x6 <- 0x0000000080005A20

clint mtime 0x00000000000000A4 (mip.MTI <- 0b1, mip.STI <- 0b0)
mem[X,0x0000000080000A24] -> 0x0313
mem[X,0x0000000080000A26] -> 0xB103
[328] [M]: 0x0000000080000A24 (0xB1030313) addi x6, x6, -0x4f0                      main+548
x6 <- 0x0000000080005530

mem[X,0x0000000080000A28] -> 0x0001
[329] [M]: 0x0000000080000A28 (0x0001) c.nop                                        main+552

clint mtime 0x00000000000000A5 (mip.MTI <- 0b1, mip.STI <- 0b0)
mem[X,0x0000000080000A2A] -> 0x0013
mem[X,0x0000000080000A2C] -> 0x0000
[330] [M]: 0x0000000080000A2A (0x00000013) addi x0, x0, 0x0                         main+554

mem[X,0x0000000080000A2E] -> 0x0013
mem[X,0x0000000080000A30] -> 0x0000
[331] [M]: 0x0000000080000A2E (0x00000013) addi x0, x0, 0x0                         main+558

clint mtime 0x00000000000000A6 (mip.MTI <- 0b1, mip.STI <- 0b0)
mem[X,0x0000000080000A32] -> 0x0013
mem[X,0x0000000080000A34] -> 0x0000
[332] [M]: 0x0000000080000A32 (0x00000013) addi x0, x0, 0x0                         main+562

mem[X,0x0000000080000A36] -> 0x0013
mem[X,0x0000000080000A38] -> 0x0000
[333] [M]: 0x0000000080000A36 (0x00000013) addi x0, x0, 0x0                         main+566

clint mtime 0x00000000000000A7 (mip.MTI <- 0b1, mip.STI <- 0b0)
mem[X,0x0000000080000A3A] -> 0x0013
mem[X,0x0000000080000A3C] -> 0x0000
[334] [M]: 0x0000000080000A3A (0x00000013) addi x0, x0, 0x0                         main+570

mem[X,0x0000000080000A3E] -> 0x0001
[335] [M]: 0x0000000080000A3E (0x0001) c.nop                                        main+574

clint mtime 0x00000000000000A8 (mip.MTI <- 0b1, mip.STI <- 0b0)
mem[X,0x0000000080000A40] -> 0x82B3
mem[X,0x0000000080000A42] -> 0x4062
[336] [M]: 0x0000000080000A40 (0x406282B3) sub x5, x5, x6                           main+576
x5 <- 0x0000038000000000

mem[X,0x0000000080000A44] -> 0x3303
mem[X,0x0000000080000A46] -> 0x1E81
[337] [M]: 0x0000000080000A44 (0x1E813303) ld x6, 0x1e8(x2)                         main+580
mem[R,0x00000000800051E8] -> 0x0000000080005530
x6 <- 0x0000000080005530

clint mtime 0x00000000000000A9 (mip.MTI <- 0b1, mip.STI <- 0b0)
mem[X,0x0000000080000A48] -> 0x03B3
mem[X,0x0000000080000A4A] -> 0x0053
[338] [M]: 0x0000000080000A48 (0x005303B3) add x7, x6, x5                           main+584
x7 <- 0x0000038080005530

mem[X,0x0000000080000A4C] -> 0x3023
mem[X,0x0000000080000A4E] -> 0x4871
[339] [M]: 0x0000000080000A4C (0x48713023) sd x7, 0x480(x2)                         main+588
mem[W,0x0000000080005480] <- 0x0000038080005530

clint mtime 0x00000000000000AA (mip.MTI <- 0b1, mip.STI <- 0b0)
mem[X,0x0000000080000A50] -> 0x0013
mem[X,0x0000000080000A52] -> 0x0000
[340] [M]: 0x0000000080000A50 (0x00000013) addi x0, x0, 0x0                         main+592

mem[X,0x0000000080000A54] -> 0x0013
mem[X,0x0000000080000A56] -> 0x0000
[341] [M]: 0x0000000080000A54 (0x00000013) addi x0, x0, 0x0                         main+596

clint mtime 0x00000000000000AB (mip.MTI <- 0b1, mip.STI <- 0b0)
mem[X,0x0000000080000A58] -> 0x0013
mem[X,0x0000000080000A5A] -> 0x0000
[342] [M]: 0x0000000080000A58 (0x00000013) addi x0, x0, 0x0                         main+600

mem[X,0x0000000080000A5C] -> 0x0013
mem[X,0x0000000080000A5E] -> 0x0000
[343] [M]: 0x0000000080000A5C (0x00000013) addi x0, x0, 0x0                         main+604

clint mtime 0x00000000000000AC (mip.MTI <- 0b1, mip.STI <- 0b0)
mem[X,0x0000000080000A60] -> 0x8F97
mem[X,0x0000000080000A62] -> 0x0000
[344] [M]: 0x0000000080000A60 (0x00008F97) auipc x31, 0x8                           main+608
x31 <- 0x0000000080008A60

mem[X,0x0000000080000A64] -> 0x8F93
mem[X,0x0000000080000A66] -> 0x5A0F
[345] [M]: 0x0000000080000A64 (0x5A0F8F93) addi x31, x31, 0x5a0                     main+612
x31 <- 0x0000000080009000

clint mtime 0x00000000000000AD (mip.MTI <- 0b1, mip.STI <- 0b0)
mem[X,0x0000000080000A68] -> 0x0001
[346] [M]: 0x0000000080000A68 (0x0001) c.nop                                        main+616

mem[X,0x0000000080000A6A] -> 0x0013
mem[X,0x0000000080000A6C] -> 0x0000
[347] [M]: 0x0000000080000A6A (0x00000013) addi x0, x0, 0x0                         main+618

clint mtime 0x00000000000000AE (mip.MTI <- 0b1, mip.STI <- 0b0)
mem[X,0x0000000080000A6E] -> 0x0013
mem[X,0x0000000080000A70] -> 0x0000
[348] [M]: 0x0000000080000A6E (0x00000013) addi x0, x0, 0x0                         main+622

mem[X,0x0000000080000A72] -> 0x0013
mem[X,0x0000000080000A74] -> 0x0000
[349] [M]: 0x0000000080000A72 (0x00000013) addi x0, x0, 0x0                         main+626

clint mtime 0x00000000000000AF (mip.MTI <- 0b1, mip.STI <- 0b0)
mem[X,0x0000000080000A76] -> 0x0013
mem[X,0x0000000080000A78] -> 0x0000
[350] [M]: 0x0000000080000A76 (0x00000013) addi x0, x0, 0x0                         main+630

mem[X,0x0000000080000A7A] -> 0x0013
mem[X,0x0000000080000A7C] -> 0x0000
[351] [M]: 0x0000000080000A7A (0x00000013) addi x0, x0, 0x0                         main+634

clint mtime 0x00000000000000B0 (mip.MTI <- 0b1, mip.STI <- 0b0)
mem[X,0x0000000080000A7E] -> 0x0001
[352] [M]: 0x0000000080000A7E (0x0001) c.nop                                        main+638

mem[X,0x0000000080000A80] -> 0x0F13
mem[X,0x0000000080000A82] -> 0x0090
[353] [M]: 0x0000000080000A80 (0x00900F13) addi x30, x0, 0x9                        main+640
x30 <- 0x0000000000000009

clint mtime 0x00000000000000B1 (mip.MTI <- 0b1, mip.STI <- 0b0)
mem[X,0x0000000080000A84] -> 0x1F13
mem[X,0x0000000080000A86] -> 0x03CF
[354] [M]: 0x0000000080000A84 (0x03CF1F13) slli x30, x30, 0x3c                      main+644
x30 <- 0x9000000000000000

mem[X,0x0000000080000A88] -> 0xDF93
mem[X,0x0000000080000A8A] -> 0x00CF
[355] [M]: 0x0000000080000A88 (0x00CFDF93) srli x31, x31, 0xc                       main+648
x31 <- 0x0000000000080009

clint mtime 0x00000000000000B2 (mip.MTI <- 0b1, mip.STI <- 0b0)
mem[X,0x0000000080000A8C] -> 0xEFB3
mem[X,0x0000000080000A8E] -> 0x01EF
[356] [M]: 0x0000000080000A8C (0x01EFEFB3) or x31, x31, x30                         main+652
x31 <- 0x9000000000080009

mem[X,0x0000000080000A90] -> 0x9073
mem[X,0x0000000080000A92] -> 0x180F
[357] [M]: 0x0000000080000A90 (0x180F9073) csrrw x0, satp, x31                      main+656
CSR satp (0x180) <- 0x9000000000080009

clint mtime 0x00000000000000B3 (mip.MTI <- 0b1, mip.STI <- 0b0)
mem[X,0x0000000080000A94] -> 0x0073
mem[X,0x0000000080000A96] -> 0x1200
[358] [M]: 0x0000000080000A94 (0x12000073) sfence.vma x0, x0                        main+660

mem[X,0x0000000080000A98] -> 0x0013
mem[X,0x0000000080000A9A] -> 0x0000
[359] [M]: 0x0000000080000A98 (0x00000013) addi x0, x0, 0x0                         main+664

clint mtime 0x00000000000000B4 (mip.MTI <- 0b1, mip.STI <- 0b0)
mem[X,0x0000000080000A9C] -> 0x0013
mem[X,0x0000000080000A9E] -> 0x0000
[360] [M]: 0x0000000080000A9C (0x00000013) addi x0, x0, 0x0                         main+668

mem[X,0x0000000080000AA0] -> 0x051B
mem[X,0x0000000080000AA2] -> 0x0000
[361] [M]: 0x0000000080000AA0 (0x0000051B) addiw x10, x0, 0x0                       main+672
x10 <- 0x0000000000000000

clint mtime 0x00000000000000B5 (mip.MTI <- 0b1, mip.STI <- 0b0)
mem[X,0x0000000080000AA4] -> 0x0001
[362] [M]: 0x0000000080000AA4 (0x0001) c.nop                                        main+676

mem[X,0x0000000080000AA6] -> 0x0013
mem[X,0x0000000080000AA8] -> 0x0000
[363] [M]: 0x0000000080000AA6 (0x00000013) addi x0, x0, 0x0                         main+678

clint mtime 0x00000000000000B6 (mip.MTI <- 0b1, mip.STI <- 0b0)
mem[X,0x0000000080000AAA] -> 0x0013
mem[X,0x0000000080000AAC] -> 0x0000
[364] [M]: 0x0000000080000AAA (0x00000013) addi x0, x0, 0x0                         main+682

mem[X,0x0000000080000AAE] -> 0x0013
mem[X,0x0000000080000AB0] -> 0x0000
[365] [M]: 0x0000000080000AAE (0x00000013) addi x0, x0, 0x0                         main+686

clint mtime 0x00000000000000B7 (mip.MTI <- 0b1, mip.STI <- 0b0)
mem[X,0x0000000080000AB2] -> 0x0013
mem[X,0x0000000080000AB4] -> 0x0000
[366] [M]: 0x0000000080000AB2 (0x00000013) addi x0, x0, 0x0                         main+690

mem[X,0x0000000080000AB6] -> 0x0013
mem[X,0x0000000080000AB8] -> 0x0000
[367] [M]: 0x0000000080000AB6 (0x00000013) addi x0, x0, 0x0                         main+694

clint mtime 0x00000000000000B8 (mip.MTI <- 0b1, mip.STI <- 0b0)
mem[X,0x0000000080000ABA] -> 0x0013
mem[X,0x0000000080000ABC] -> 0x0000
[368] [M]: 0x0000000080000ABA (0x00000013) addi x0, x0, 0x0                         main+698

mem[X,0x0000000080000ABE] -> 0x0001
[369] [M]: 0x0000000080000ABE (0x0001) c.nop                                        main+702

clint mtime 0x00000000000000B9 (mip.MTI <- 0b1, mip.STI <- 0b0)
mem[X,0x0000000080000AC0] -> 0x0593
mem[X,0x0000000080000AC2] -> 0x0C90
[370] [M]: 0x0000000080000AC0 (0x0C900593) addi x11, x0, 0xc9                       main+704
x11 <- 0x00000000000000C9

mem[X,0x0000000080000AC4] -> 0x5513
mem[X,0x0000000080000AC6] -> 0x00C5
[371] [M]: 0x0000000080000AC4 (0x00C55513) srli x10, x10, 0xc                       main+708
x10 <- 0x0000000000000000

clint mtime 0x00000000000000BA (mip.MTI <- 0b1, mip.STI <- 0b0)
mem[X,0x0000000080000AC8] -> 0x1513
mem[X,0x0000000080000ACA] -> 0x00A5
[372] [M]: 0x0000000080000AC8 (0x00A51513) slli x10, x10, 0xa                       main+712
x10 <- 0x0000000000000000

mem[X,0x0000000080000ACC] -> 0x6533
mem[X,0x0000000080000ACE] -> 0x00B5
[373] [M]: 0x0000000080000ACC (0x00B56533) or x10, x10, x11                         main+716
x10 <- 0x00000000000000C9

clint mtime 0x00000000000000BB (mip.MTI <- 0b1, mip.STI <- 0b0)
mem[X,0x0000000080000AD0] -> 0x0013
mem[X,0x0000000080000AD2] -> 0x0000
[374] [M]: 0x0000000080000AD0 (0x00000013) addi x0, x0, 0x0                         main+720

mem[X,0x0000000080000AD4] -> 0x0013
mem[X,0x0000000080000AD6] -> 0x0000
[375] [M]: 0x0000000080000AD4 (0x00000013) addi x0, x0, 0x0                         main+724

clint mtime 0x00000000000000BC (mip.MTI <- 0b1, mip.STI <- 0b0)
mem[X,0x0000000080000AD8] -> 0x0013
mem[X,0x0000000080000ADA] -> 0x0000
[376] [M]: 0x0000000080000AD8 (0x00000013) addi x0, x0, 0x0                         main+728

mem[X,0x0000000080000ADC] -> 0x0013
mem[X,0x0000000080000ADE] -> 0x0000
[377] [M]: 0x0000000080000ADC (0x00000013) addi x0, x0, 0x0                         main+732

clint mtime 0x00000000000000BD (mip.MTI <- 0b1, mip.STI <- 0b0)
mem[X,0x0000000080000AE0] -> 0x8317
mem[X,0x0000000080000AE2] -> 0x0000
[378] [M]: 0x0000000080000AE0 (0x00008317) auipc x6, 0x8                            main+736
x6 <- 0x0000000080008AE0

mem[X,0x0000000080000AE4] -> 0x0313
mem[X,0x0000000080000AE6] -> 0x5203
[379] [M]: 0x0000000080000AE4 (0x52030313) addi x6, x6, 0x520                       main+740
x6 <- 0x0000000080009000

clint mtime 0x00000000000000BE (mip.MTI <- 0b1, mip.STI <- 0b0)
mem[X,0x0000000080000AE8] -> 0x0001
[380] [M]: 0x0000000080000AE8 (0x0001) c.nop                                        main+744

mem[X,0x0000000080000AEA] -> 0x0013
mem[X,0x0000000080000AEC] -> 0x0000
[381] [M]: 0x0000000080000AEA (0x00000013) addi x0, x0, 0x0                         main+746

clint mtime 0x00000000000000BF (mip.MTI <- 0b1, mip.STI <- 0b0)
mem[X,0x0000000080000AEE] -> 0x0013
mem[X,0x0000000080000AF0] -> 0x0000
[382] [M]: 0x0000000080000AEE (0x00000013) addi x0, x0, 0x0                         main+750

mem[X,0x0000000080000AF2] -> 0x0013
mem[X,0x0000000080000AF4] -> 0x0000
[383] [M]: 0x0000000080000AF2 (0x00000013) addi x0, x0, 0x0                         main+754

clint mtime 0x00000000000000C0 (mip.MTI <- 0b1, mip.STI <- 0b0)
mem[X,0x0000000080000AF6] -> 0x0013
mem[X,0x0000000080000AF8] -> 0x0000
[384] [M]: 0x0000000080000AF6 (0x00000013) addi x0, x0, 0x0                         main+758

mem[X,0x0000000080000AFA] -> 0x0013
mem[X,0x0000000080000AFC] -> 0x0000
[385] [M]: 0x0000000080000AFA (0x00000013) addi x0, x0, 0x0                         main+762

clint mtime 0x00000000000000C1 (mip.MTI <- 0b1, mip.STI <- 0b0)
mem[X,0x0000000080000AFE] -> 0x0001
[386] [M]: 0x0000000080000AFE (0x0001) c.nop                                        main+766

mem[X,0x0000000080000B00] -> 0x0293
mem[X,0x0000000080000B02] -> 0x0280
[387] [M]: 0x0000000080000B00 (0x02800293) addi x5, x0, 0x28                        main+768
x5 <- 0x0000000000000028

clint mtime 0x00000000000000C2 (mip.MTI <- 0b1, mip.STI <- 0b0)
mem[X,0x0000000080000B04] -> 0x0333
mem[X,0x0000000080000B06] -> 0x0053
[388] [M]: 0x0000000080000B04 (0x00530333) add x6, x6, x5                           main+772
x6 <- 0x0000000080009028

mem[X,0x0000000080000B08] -> 0x3023
mem[X,0x0000000080000B0A] -> 0x00A3
[389] [M]: 0x0000000080000B08 (0x00A33023) sd x10, 0x0(x6)                          main+776
mem[W,0x0000000080009028] <- 0x00000000000000C9

clint mtime 0x00000000000000C3 (mip.MTI <- 0b1, mip.STI <- 0b0)
mem[X,0x0000000080000B0C] -> 0x0073
mem[X,0x0000000080000B0E] -> 0x1200
[390] [M]: 0x0000000080000B0C (0x12000073) sfence.vma x0, x0                        main+780

mem[X,0x0000000080000B10] -> 0x0493
mem[X,0x0000000080000B12] -> 0x0010
[391] [M]: 0x0000000080000B10 (0x00100493) addi x9, x0, 0x1                         main+784
x9 <- 0x0000000000000001

clint mtime 0x00000000000000C4 (mip.MTI <- 0b1, mip.STI <- 0b0)
mem[X,0x0000000080000B14] -> 0x9493
mem[X,0x0000000080000B16] -> 0x00B4
[392] [M]: 0x0000000080000B14 (0x00B49493) slli x9, x9, 0xb                         main+788
x9 <- 0x0000000000000800

mem[X,0x0000000080000B18] -> 0xB073
mem[X,0x0000000080000B1A] -> 0x3004
[393] [M]: 0x0000000080000B18 (0x3004B073) csrrc x0, mstatus, x9                    main+792
CSR mstatus (0x300) <- 0x0000000A00000000

clint mtime 0x00000000000000C5 (mip.MTI <- 0b1, mip.STI <- 0b0)
mem[X,0x0000000080000B1C] -> 0x0493
mem[X,0x0000000080000B1E] -> 0x0010
[394] [M]: 0x0000000080000B1C (0x00100493) addi x9, x0, 0x1                         main+796
x9 <- 0x0000000000000001

mem[X,0x0000000080000B20] -> 0x9493
mem[X,0x0000000080000B22] -> 0x00B4
[395] [M]: 0x0000000080000B20 (0x00B49493) slli x9, x9, 0xb                         main+800
x9 <- 0x0000000000000800

clint mtime 0x00000000000000C6 (mip.MTI <- 0b1, mip.STI <- 0b0)
mem[X,0x0000000080000B24] -> 0xA073
mem[X,0x0000000080000B26] -> 0x3004
[396] [M]: 0x0000000080000B24 (0x3004A073) csrrs x0, mstatus, x9                    main+804
CSR mstatus (0x300) <- 0x0000000A00000800

mem[X,0x0000000080000B28] -> 0x23F3
mem[X,0x0000000080000B2A] -> 0x3400
[397] [M]: 0x0000000080000B28 (0x340023F3) csrrs x7, mscratch, x0                   main+808
CSR mscratch (0x340) -> 0x0000000080005000
x7 <- 0x0000000080005000

clint mtime 0x00000000000000C7 (mip.MTI <- 0b1, mip.STI <- 0b0)
mem[X,0x0000000080000B2C] -> 0xB303
mem[X,0x0000000080000B2E] -> 0x4703
[398] [M]: 0x0000000080000B2C (0x4703B303) ld x6, 0x470(x7)                         main+812
mem[R,0x0000000080005470] -> 0x00000300800007BC
x6 <- 0x00000300800007BC

mem[X,0x0000000080000B30] -> 0xB483
mem[X,0x0000000080000B32] -> 0x1D83
[399] [M]: 0x0000000080000B30 (0x1D83B483) ld x9, 0x1d8(x7)                         main+816
mem[R,0x00000000800051D8] -> 0x00000000800007D4
x9 <- 0x00000000800007D4

clint mtime 0x00000000000000C8 (mip.MTI <- 0b1, mip.STI <- 0b0)
mem[X,0x0000000080000B34] -> 0x0333
mem[X,0x0000000080000B36] -> 0x4093
[400] [M]: 0x0000000080000B34 (0x40930333) sub x6, x6, x9                           main+820
x6 <- 0x000002FFFFFFFFE8

mem[X,0x0000000080000B38] -> 0x0313
mem[X,0x0000000080000B3A] -> 0x0103
[401] [M]: 0x0000000080000B38 (0x01030313) addi x6, x6, 0x10                        main+824
x6 <- 0x000002FFFFFFFFF8

clint mtime 0x00000000000000C9 (mip.MTI <- 0b1, mip.STI <- 0b0)
mem[X,0x0000000080000B3C] -> 0x0497
mem[X,0x0000000080000B3E] -> 0x0000
[402] [M]: 0x0000000080000B3C (0x00000497) auipc x9, 0x0                            main+828
x9 <- 0x0000000080000B3C

mem[X,0x0000000080000B40] -> 0x84B3
mem[X,0x0000000080000B42] -> 0x0064
[403] [M]: 0x0000000080000B40 (0x006484B3) add x9, x9, x6                           main+832
x9 <- 0x0000030080000B34

clint mtime 0x00000000000000CA (mip.MTI <- 0b1, mip.STI <- 0b0)
mem[X,0x0000000080000B44] -> 0x94F3
mem[X,0x0000000080000B46] -> 0x3414
[404] [M]: 0x0000000080000B44 (0x341494F3) csrrw x9, mepc, x9                       main+836
CSR mepc (0x341) <- 0x0000030080000B34
x9 <- 0x0000000000000000

mem[X,0x0000000080000B48] -> 0x0073
mem[X,0x0000000080000B4A] -> 0x3020
[405] [M]: 0x0000000080000B48 (0x30200073) mret                                     main+840
CSR mstatus (0x300) <- 0x0000000A00000080
ret-ing from M to S

clint mtime 0x00000000000000CB (mip.MTI <- 0b1, mip.STI <- 0b0)
PTW: Start, vpn=0x30080000, access_type=X, privilege=Smem[R,0x0000000080009030] -> 0x00000000000000CB
PTW: Step, level=3, pte=0xCB, pte_addr=0x80009030
PTW: Success, final_ppn=0x80000, level=3mem[X,0x0000000080000B34] -> 0x0333
mem[X,0x0000000080000B36] -> 0x4093
[406] [S]: 0x0000030080000B34 (0x40930333) sub x6, x6, x9                           va_rvtest_code_begin+888
x6 <- 0x000002FFFFFFFFF8

mem[X,0x0000000080000B38] -> 0x0313
mem[X,0x0000000080000B3A] -> 0x0103
[407] [S]: 0x0000030080000B38 (0x01030313) addi x6, x6, 0x10                        va_rvtest_code_begin+892
x6 <- 0x0000030000000008

clint mtime 0x00000000000000CC (mip.MTI <- 0b1, mip.STI <- 0b0)
mem[X,0x0000000080000B3C] -> 0x0497
mem[X,0x0000000080000B3E] -> 0x0000
[408] [S]: 0x0000030080000B3C (0x00000497) auipc x9, 0x0                            va_rvtest_code_begin+896
x9 <- 0x0000030080000B3C

mem[X,0x0000000080000B40] -> 0x84B3
mem[X,0x0000000080000B42] -> 0x0064
[409] [S]: 0x0000030080000B40 (0x006484B3) add x9, x9, x6                           va_rvtest_code_begin+900
x9 <- 0x0000060080000B44

clint mtime 0x00000000000000CD (mip.MTI <- 0b1, mip.STI <- 0b0)
mem[X,0x0000000080000B44] -> 0x94F3
mem[X,0x0000000080000B46] -> 0x3414
[410] [S]: 0x0000030080000B44 (0x341494F3) csrrw x9, mepc, x9                       va_rvtest_code_begin+904
trapping from S to M to handle illegal-instruction
handling exc#illegal-instruction at priv M with tval 0x00000000341494F3
CSR mstatus (0x300) <- 0x0000000A00000800
CSR mcause (0x342) <- 0x0000000000000002
CSR mtval (0x343) <- 0x00000000341494F3
CSR mepc (0x341) <- 0x0000030080000B44

mem[X,0x0000000080001C80] -> 0x006F
mem[X,0x0000000080001C82] -> 0x1000
[411] [M]: 0x0000000080001C80 (0x1000006F) jal x0, 0x100                            Mtrampoline+0

clint mtime 0x00000000000000CE (mip.MTI <- 0b1, mip.STI <- 0b0)
mem[X,0x0000000080001D80] -> 0x1173
mem[X,0x0000000080001D82] -> 0x3401
[412] [M]: 0x0000000080001D80 (0x34011173) csrrw x2, mscratch, x2                   trap_Mhandler+0
CSR mscratch (0x340) <- 0x0000000080005000
x2 <- 0x0000000080005000

mem[X,0x0000000080001D84] -> 0x3423
mem[X,0x0000000080001D86] -> 0x28B1
[413] [M]: 0x0000000080001D84 (0x28B13423) sd x11, 0x288(x2)                        trap_Mhandler+4
mem[W,0x0000000080005288] <- 0x00000000000000C9

clint mtime 0x00000000000000CF (mip.MTI <- 0b1, mip.STI <- 0b0)
mem[X,0x0000000080001D88] -> 0x05EF
mem[X,0x0000000080001D8A] -> 0x0B80
[414] [M]: 0x0000000080001D88 (0x0B8005EF) jal x11, 0xb8                            trap_Mhandler+8
x11 <- 0x0000000080001D8C

mem[X,0x0000000080001E40] -> 0x3023
mem[X,0x0000000080001E42] -> 0x28A1
[415] [M]: 0x0000000080001E40 (0x28A13023) sd x10, 0x280(x2)                        common_Mhandler+0
mem[W,0x0000000080005280] <- 0x00000000000000C9

clint mtime 0x00000000000000D0 (mip.MTI <- 0b1, mip.STI <- 0b0)
mem[X,0x0000000080001E44] -> 0x1573
mem[X,0x0000000080001E46] -> 0x3401
[416] [M]: 0x0000000080001E44 (0x34011573) csrrw x10, mscratch, x2                  common_Mhandler+4
CSR mscratch (0x340) <- 0x0000000080005000
x10 <- 0x0000000080005000

mem[X,0x0000000080001E48] -> 0x3823
mem[X,0x0000000080001E4A] -> 0x28A1
[417] [M]: 0x0000000080001E48 (0x28A13823) sd x10, 0x290(x2)                        common_Mhandler+8
mem[W,0x0000000080005290] <- 0x0000000080005000

clint mtime 0x00000000000000D1 (mip.MTI <- 0b1, mip.STI <- 0b0)
mem[X,0x0000000080001E4C] -> 0x3503
mem[X,0x0000000080001E4E] -> 0x2301
[418] [M]: 0x0000000080001E4C (0x23013503) ld x10, 0x230(x2)                        common_Mhandler+12
mem[R,0x0000000080005230] -> 0x0000000080001E54
x10 <- 0x0000000080001E54

mem[X,0x0000000080001E50] -> 0x0067
mem[X,0x0000000080001E52] -> 0x0005
[419] [M]: 0x0000000080001E50 (0x00050067) jalr x0, 0x0(x10)                        common_Mhandler+16

clint mtime 0x00000000000000D2 (mip.MTI <- 0b1, mip.STI <- 0b0)
mem[X,0x0000000080001E54] -> 0x3C23
mem[X,0x0000000080001E56] -> 0x2691
[420] [M]: 0x0000000080001E54 (0x26913C23) sd x9, 0x278(x2)                         common_Mentry+0
mem[W,0x0000000080005278] <- 0x0000060080000B44

mem[X,0x0000000080001E58] -> 0x3823
mem[X,0x0000000080001E5A] -> 0x2681
[421] [M]: 0x0000000080001E58 (0x26813823) sd x8, 0x270(x2)                         common_Mentry+4
mem[W,0x0000000080005270] <- 0x0000000000007F76

clint mtime 0x00000000000000D3 (mip.MTI <- 0b1, mip.STI <- 0b0)
mem[X,0x0000000080001E5C] -> 0x3423
mem[X,0x0000000080001E5E] -> 0x2671
[422] [M]: 0x0000000080001E5C (0x26713423) sd x7, 0x268(x2)                         common_Mentry+8
mem[W,0x0000000080005268] <- 0x0000000080005000

mem[X,0x0000000080001E60] -> 0x3023
mem[X,0x0000000080001E62] -> 0x2661
[423] [M]: 0x0000000080001E60 (0x26613023) sd x6, 0x260(x2)                         common_Mentry+12
mem[W,0x0000000080005260] <- 0x0000030000000008

clint mtime 0x00000000000000D4 (mip.MTI <- 0b1, mip.STI <- 0b0)
mem[X,0x0000000080001E64] -> 0x2573
mem[X,0x0000000080001E66] -> 0x3420
[424] [M]: 0x0000000080001E64 (0x34202573) csrrs x10, mcause, x0                    spcl_M2mmode_test+0
CSR mcause (0x342) -> 0x0000000000000002
x10 <- 0x0000000000000002

mem[X,0x0000000080001E68] -> 0x04B7
mem[X,0x0000000080001E6A] -> 0x8000
[425] [M]: 0x0000000080001E68 (0x800004B7) lui x9, -0x80000                         spcl_M2mmode_test+4
x9 <- 0xFFFFFFFF80000000

clint mtime 0x00000000000000D5 (mip.MTI <- 0b1, mip.STI <- 0b0)
mem[X,0x0000000080001E6C] -> 0x8493
mem[X,0x0000000080001E6E] -> 0x0004
[426] [M]: 0x0000000080001E6C (0x00048493) addi x9, x9, 0x0                         spcl_M2mmode_test+8
x9 <- 0xFFFFFFFF80000000

mem[X,0x0000000080001E70] -> 0x9493
mem[X,0x0000000080001E72] -> 0x00B4
[427] [M]: 0x0000000080001E70 (0x00B49493) slli x9, x9, 0xb                         spcl_M2mmode_test+12
x9 <- 0xFFFFFC0000000000

clint mtime 0x00000000000000D6 (mip.MTI <- 0b1, mip.STI <- 0b0)
mem[X,0x0000000080001E74] -> 0x8493
mem[X,0x0000000080001E76] -> 0x0004
[428] [M]: 0x0000000080001E74 (0x00048493) addi x9, x9, 0x0                         spcl_M2mmode_test+16
x9 <- 0xFFFFFC0000000000

mem[X,0x0000000080001E78] -> 0x9493
mem[X,0x0000000080001E7A] -> 0x00B4
[429] [M]: 0x0000000080001E78 (0x00B49493) slli x9, x9, 0xb                         spcl_M2mmode_test+20
x9 <- 0xFFE0000000000000

clint mtime 0x00000000000000D7 (mip.MTI <- 0b1, mip.STI <- 0b0)
mem[X,0x0000000080001E7C] -> 0x8493
mem[X,0x0000000080001E7E] -> 0x0034
[430] [M]: 0x0000000080001E7C (0x00348493) addi x9, x9, 0x3                         spcl_M2mmode_test+24
x9 <- 0xFFE0000000000003

mem[X,0x0000000080001E80] -> 0x9493
mem[X,0x0000000080001E82] -> 0x00A4
[431] [M]: 0x0000000080001E80 (0x00A49493) slli x9, x9, 0xa                         spcl_M2mmode_test+28
x9 <- 0x8000000000000C00

clint mtime 0x00000000000000D8 (mip.MTI <- 0b1, mip.STI <- 0b0)
mem[X,0x0000000080001E84] -> 0x8493
mem[X,0x0000000080001E86] -> 0x3FC4
[432] [M]: 0x0000000080001E84 (0x3FC48493) addi x9, x9, 0x3fc                       spcl_M2mmode_test+32
x9 <- 0x8000000000000FFC

mem[X,0x0000000080001E88] -> 0xF4B3
mem[X,0x0000000080001E8A] -> 0x00A4
[433] [M]: 0x0000000080001E88 (0x00A4F4B3) and x9, x9, x10                          spcl_M2mmode_test+36
x9 <- 0x0000000000000000

clint mtime 0x00000000000000D9 (mip.MTI <- 0b1, mip.STI <- 0b0)
mem[X,0x0000000080001E8C] -> 0x8493
mem[X,0x0000000080001E8E] -> 0xFF84
[434] [M]: 0x0000000080001E8C (0xFF848493) addi x9, x9, -0x8                        spcl_M2mmode_test+40
x9 <- 0xFFFFFFFFFFFFFFF8

mem[X,0x0000000080001E90] -> 0x9663
mem[X,0x0000000080001E92] -> 0x0004
[435] [M]: 0x0000000080001E90 (0x00049663) bne x9, x0, 0xc                          spcl_M2mmode_test+44

clint mtime 0x00000000000000DA (mip.MTI <- 0b1, mip.STI <- 0b0)
mem[X,0x0000000080001E9C] -> 0x0393
mem[X,0x0000000080001E9E] -> 0x0200
[436] [M]: 0x0000000080001E9C (0x02000393) addi x7, x0, 0x20                        Mtrapsig_ptr_upd+0
x7 <- 0x0000000000000020

mem[X,0x0000000080001EA0] -> 0x5263
mem[X,0x0000000080001EA2] -> 0x0405
[437] [M]: 0x0000000080001EA0 (0x04055263) bge x10, x0, 0x44                        Mtrapsig_ptr_upd+4

clint mtime 0x00000000000000DB (mip.MTI <- 0b1, mip.STI <- 0b0)
mem[X,0x0000000080001EE4] -> 0x2373
mem[X,0x0000000080001EE6] -> 0x3010
[438] [M]: 0x0000000080001EE4 (0x30102373) csrrs x6, misa, x0                       Mxcpt_sig_sv+0
CSR misa (0x301) -> 0x800000000034112F
x6 <- 0x800000000034112F

mem[X,0x0000000080001EE8] -> 0x1313
mem[X,0x0000000080001EEA] -> 0x0383
[439] [M]: 0x0000000080001EE8 (0x03831313) slli x6, x6, 0x38                        Mxcpt_sig_sv+4
x6 <- 0x2F00000000000000

clint mtime 0x00000000000000DC (mip.MTI <- 0b1, mip.STI <- 0b0)
mem[X,0x0000000080001EEC] -> 0x5463
mem[X,0x0000000080001EEE] -> 0x0003
[440] [M]: 0x0000000080001EEC (0x00035463) bge x6, x0, 0x8                          Mxcpt_sig_sv+8

mem[X,0x0000000080001EF4] -> 0x3303
mem[X,0x0000000080001EF6] -> 0x2181
[441] [M]: 0x0000000080001EF4 (0x21813303) ld x6, 0x218(x2)                         Mtrap_sig_sv+0
mem[R,0x0000000080005218] -> 0x000000008000A518
x6 <- 0x000000008000A518

clint mtime 0x00000000000000DD (mip.MTI <- 0b1, mip.STI <- 0b0)
mem[X,0x0000000080001EF8] -> 0x04B3
mem[X,0x0000000080001EFA] -> 0x0073
[442] [M]: 0x0000000080001EF8 (0x007304B3) add x9, x6, x7                           Mtrap_sig_sv+4
x9 <- 0x000000008000A538

mem[X,0x0000000080001EFC] -> 0x3C23
mem[X,0x0000000080001EFE] -> 0x2091
[443] [M]: 0x0000000080001EFC (0x20913C23) sd x9, 0x218(x2)                         Mtrap_sig_sv+8
mem[W,0x0000000080005218] <- 0x000000008000A538

clint mtime 0x00000000000000DE (mip.MTI <- 0b1, mip.STI <- 0b0)
mem[X,0x0000000080001F00] -> 0x3403
mem[X,0x0000000080001F02] -> 0x1F81
[444] [M]: 0x0000000080001F00 (0x1F813403) ld x8, 0x1f8(x2)                         Mtrap_sig_sv+12
mem[R,0x00000000800051F8] -> 0x000000008000A110
x8 <- 0x000000008000A110

mem[X,0x0000000080001F04] -> 0x0333
mem[X,0x0000000080001F06] -> 0x4083
[445] [M]: 0x0000000080001F04 (0x40830333) sub x6, x6, x8                           Mtrap_sig_sv+16
x6 <- 0x0000000000000408

clint mtime 0x00000000000000DF (mip.MTI <- 0b1, mip.STI <- 0b0)
mem[X,0x0000000080001F08] -> 0x3403
mem[X,0x0000000080001F0A] -> 0x1F81
[446] [M]: 0x0000000080001F08 (0x1F813403) ld x8, 0x1f8(x2)                         Mtrap_sig_sv+20
mem[R,0x00000000800051F8] -> 0x000000008000A110
x8 <- 0x000000008000A110

mem[X,0x0000000080001F0C] -> 0x0333
mem[X,0x0000000080001F0E] -> 0x0083
[447] [M]: 0x0000000080001F0C (0x00830333) add x6, x6, x8                           Mtrap_sig_sv+24
x6 <- 0x000000008000A518

clint mtime 0x00000000000000E0 (mip.MTI <- 0b1, mip.STI <- 0b0)
mem[X,0x0000000080001F10] -> 0x3403
mem[X,0x0000000080001F12] -> 0x2401
[448] [M]: 0x0000000080001F10 (0x24013403) ld x8, 0x240(x2)                         Mtrap_sig_sv+28
mem[R,0x0000000080005240] -> 0x0000000080001C80
x8 <- 0x0000000080001C80

mem[X,0x0000000080001F14] -> 0x85B3
mem[X,0x0000000080001F16] -> 0x4085
[449] [M]: 0x0000000080001F14 (0x408585B3) sub x11, x11, x8                         sv_Mvect+0
x11 <- 0x000000000000010C

clint mtime 0x00000000000000E1 (mip.MTI <- 0b1, mip.STI <- 0b0)
mem[X,0x0000000080001F18] -> 0x9593
mem[X,0x0000000080001F1A] -> 0x0045
[450] [M]: 0x0000000080001F18 (0x00459593) slli x11, x11, 0x4                       sv_Mvect+4
x11 <- 0x00000000000010C0

mem[X,0x0000000080001F1C] -> 0xE5B3
mem[X,0x0000000080001F1E] -> 0x0075
[451] [M]: 0x0000000080001F1C (0x0075E5B3) or x11, x11, x7                          sv_Mvect+8
x11 <- 0x00000000000010E0

clint mtime 0x00000000000000E2 (mip.MTI <- 0b1, mip.STI <- 0b0)
mem[X,0x0000000080001F20] -> 0x8593
mem[X,0x0000000080001F22] -> 0x0035
[452] [M]: 0x0000000080001F20 (0x00358593) addi x11, x11, 0x3                       sv_Mvect+12
x11 <- 0x00000000000010E3

mem[X,0x0000000080001F24] -> 0x3023
mem[X,0x0000000080001F26] -> 0x00B3
[453] [M]: 0x0000000080001F24 (0x00B33023) sd x11, 0x0(x6)                          sv_Mvect+16
mem[W,0x000000008000A518] <- 0x00000000000010E3

clint mtime 0x00000000000000E3 (mip.MTI <- 0b1, mip.STI <- 0b0)
mem[X,0x0000000080001F28] -> 0x3423
mem[X,0x0000000080001F2A] -> 0x00A3
[454] [M]: 0x0000000080001F28 (0x00A33423) sd x10, 0x8(x6)                          sv_Mcause+0
mem[W,0x000000008000A520] <- 0x0000000000000002

mem[X,0x0000000080001F2C] -> 0x4663
mem[X,0x0000000080001F2E] -> 0x1A05
[455] [M]: 0x0000000080001F2C (0x1A054663) blt x10, x0, 0x1ac                       sv_Mcause+4

clint mtime 0x00000000000000E4 (mip.MTI <- 0b1, mip.STI <- 0b0)
mem[X,0x0000000080001F30] -> 0x25F3
mem[X,0x0000000080001F32] -> 0x3000
[456] [M]: 0x0000000080001F30 (0x300025F3) csrrs x11, mstatus, x0                   common_Mexcpt_handler+0
CSR mstatus (0x300) -> 0x0000000A00000800
x11 <- 0x0000000A00000800

mem[X,0x0000000080001F34] -> 0x9413
mem[X,0x0000000080001F36] -> 0x02E5
[457] [M]: 0x0000000080001F34 (0x02E59413) slli x8, x11, 0x2e                       common_Mexcpt_handler+4
x8 <- 0x0200000000000000

clint mtime 0x00000000000000E5 (mip.MTI <- 0b1, mip.STI <- 0b0)
mem[X,0x0000000080001F38] -> 0x5463
mem[X,0x0000000080001F3A] -> 0x0004
[458] [M]: 0x0000000080001F38 (0x00045463) bge x8, x0, 0x8                          common_Mexcpt_handler+8

mem[X,0x0000000080001F40] -> 0xD493
mem[X,0x0000000080001F42] -> 0x00B5
[459] [M]: 0x0000000080001F40 (0x00B5D493) srli x9, x11, 0xb                        common_Mexcpt_handler+16
x9 <- 0x0000000001400001

clint mtime 0x00000000000000E6 (mip.MTI <- 0b1, mip.STI <- 0b0)
mem[X,0x0000000080001F44] -> 0xF493
mem[X,0x0000000080001F46] -> 0x0034
[460] [M]: 0x0000000080001F44 (0x0034F493) andi x9, x9, 0x3                         common_Mexcpt_handler+20
x9 <- 0x0000000000000001

mem[X,0x0000000080001F48] -> 0x8493
mem[X,0x0000000080001F4A] -> 0x0014
[461] [M]: 0x0000000080001F48 (0x00148493) addi x9, x9, 0x1                         common_Mexcpt_handler+24
x9 <- 0x0000000000000002

clint mtime 0x00000000000000E7 (mip.MTI <- 0b1, mip.STI <- 0b0)
mem[X,0x0000000080001F4C] -> 0xF493
mem[X,0x0000000080001F4E] -> 0x0044
[462] [M]: 0x0000000080001F4C (0x0044F493) andi x9, x9, 0x4                         common_Mexcpt_handler+28
x9 <- 0x0000000000000000

mem[X,0x0000000080001F50] -> 0x0593
mem[X,0x0000000080001F52] -> 0x05D0
[463] [M]: 0x0000000080001F50 (0x05D00593) addi x11, x0, 0x5d                       common_Mexcpt_handler+32
x11 <- 0x000000000000005D

clint mtime 0x00000000000000E8 (mip.MTI <- 0b1, mip.STI <- 0b0)
mem[X,0x0000000080001F54] -> 0xD5B3
mem[X,0x0000000080001F56] -> 0x0095
[464] [M]: 0x0000000080001F54 (0x0095D5B3) srl x11, x11, x9                         common_Mexcpt_handler+36
x11 <- 0x000000000000005D

mem[X,0x0000000080001F58] -> 0xF593
mem[X,0x0000000080001F5A] -> 0x0015
[465] [M]: 0x0000000080001F58 (0x0015F593) andi x11, x11, 0x1                       common_Mexcpt_handler+40
x11 <- 0x0000000000000001

clint mtime 0x00000000000000E9 (mip.MTI <- 0b1, mip.STI <- 0b0)
mem[X,0x0000000080001F5C] -> 0x8EE3
mem[X,0x0000000080001F5E] -> 0xF405
[466] [M]: 0x0000000080001F5C (0xF4058EE3) beq x11, x0, -0xa4                       common_Mexcpt_handler+44

mem[X,0x0000000080001F60] -> 0x0593
mem[X,0x0000000080001F62] -> 0x2980
[467] [M]: 0x0000000080001F60 (0x29800593) addi x11, x0, 0x298                      common_Mexcpt_handler+48
x11 <- 0x0000000000000298

clint mtime 0x00000000000000EA (mip.MTI <- 0b1, mip.STI <- 0b0)
mem[X,0x0000000080001F64] -> 0xF413
mem[X,0x0000000080001F66] -> 0x0014
[468] [M]: 0x0000000080001F64 (0x0014F413) andi x8, x9, 0x1                         common_Mexcpt_handler+52
x8 <- 0x0000000000000000

mem[X,0x0000000080001F68] -> 0x95B3
mem[X,0x0000000080001F6A] -> 0x0085
[469] [M]: 0x0000000080001F68 (0x008595B3) sll x11, x11, x8                         common_Mexcpt_handler+56
x11 <- 0x0000000000000298

clint mtime 0x00000000000000EB (mip.MTI <- 0b1, mip.STI <- 0b0)
mem[X,0x0000000080001F6C] -> 0x9413
mem[X,0x0000000080001F6E] -> 0x03D4
[470] [M]: 0x0000000080001F6C (0x03D49413) slli x8, x9, 0x3d                        common_Mexcpt_handler+60
x8 <- 0x0000000000000000

mem[X,0x0000000080001F70] -> 0x5413
mem[X,0x0000000080001F72] -> 0x43F4
[471] [M]: 0x0000000080001F70 (0x43F45413) srai x8, x8, 0x3f                        common_Mexcpt_handler+64
x8 <- 0x0000000000000000

clint mtime 0x00000000000000EC (mip.MTI <- 0b1, mip.STI <- 0b0)
mem[X,0x0000000080001F74] -> 0x4413
mem[X,0x0000000080001F76] -> 0xFFF4
[472] [M]: 0x0000000080001F74 (0xFFF44413) xori x8, x8, -0x1                        common_Mexcpt_handler+68
x8 <- 0xFFFFFFFFFFFFFFFF

mem[X,0x0000000080001F78] -> 0xF4B3
mem[X,0x0000000080001F7A] -> 0x0085
[473] [M]: 0x0000000080001F78 (0x0085F4B3) and x9, x11, x8                          common_Mexcpt_handler+72
x9 <- 0x0000000000000298

clint mtime 0x00000000000000ED (mip.MTI <- 0b1, mip.STI <- 0b0)
mem[X,0x0000000080001F7C] -> 0x84B3
mem[X,0x0000000080001F7E] -> 0x0024
[474] [M]: 0x0000000080001F7C (0x002484B3) add x9, x9, x2                           vmem_adj_Mepc+0
x9 <- 0x0000000080005298

mem[X,0x0000000080001F80] -> 0x23F3
mem[X,0x0000000080001F82] -> 0x3410
[475] [M]: 0x0000000080001F80 (0x341023F3) csrrs x7, mepc, x0                       vmem_adj_Mepc+4
CSR mepc (0x341) -> 0x0000030080000B44
x7 <- 0x0000030080000B44

clint mtime 0x00000000000000EE (mip.MTI <- 0b1, mip.STI <- 0b0)
mem[X,0x0000000080001F84] -> 0x0413
mem[X,0x0000000080001F86] -> 0x0004
[476] [M]: 0x0000000080001F84 (0x00040413) addi x8, x8, 0x0                         vmem_adj_Mepc+8
x8 <- 0xFFFFFFFFFFFFFFFF

mem[X,0x0000000080001F88] -> 0x006F
mem[X,0x0000000080001F8A] -> 0x0400
[477] [M]: 0x0000000080001F88 (0x0400006F) jal x0, 0x40                             vmem_adj_Mepc+12

clint mtime 0x00000000000000EF (mip.MTI <- 0b1, mip.STI <- 0b0)
mem[X,0x0000000080001FC8] -> 0x8433
mem[X,0x0000000080001FCA] -> 0x4083
[478] [M]: 0x0000000080001FC8 (0x40838433) sub x8, x7, x8                           adj_Mepc+0
x8 <- 0x0000030080000B45

mem[X,0x0000000080001FCC] -> 0x3823
mem[X,0x0000000080001FCE] -> 0x0083
[479] [M]: 0x0000000080001FCC (0x00833823) sd x8, 0x10(x6)                          sv_Mepc+0
mem[W,0x000000008000A528] <- 0x0000030080000B45

clint mtime 0x00000000000000F0 (mip.MTI <- 0b1, mip.STI <- 0b0)
mem[X,0x0000000080001FD0] -> 0x55B7
mem[X,0x0000000080001FD2] -> 0x0000
[480] [M]: 0x0000000080001FD0 (0x000055B7) lui x11, 0x5                             sv_Mepc+4
x11 <- 0x0000000000005000

mem[X,0x0000000080001FD4] -> 0x8593
mem[X,0x0000000080001FD6] -> 0x6675
[481] [M]: 0x0000000080001FD4 (0x66758593) addi x11, x11, 0x667                     sv_Mepc+8
x11 <- 0x0000000000005667

clint mtime 0x00000000000000F1 (mip.MTI <- 0b1, mip.STI <- 0b0)
mem[X,0x0000000080001FD8] -> 0x9593
mem[X,0x0000000080001FDA] -> 0x0015
[482] [M]: 0x0000000080001FD8 (0x00159593) slli x11, x11, 0x1                       sv_Mepc+12
x11 <- 0x000000000000ACCE

mem[X,0x0000000080001FDC] -> 0x9063
mem[X,0x0000000080001FDE] -> 0x02B1
[483] [M]: 0x0000000080001FDC (0x02B19063) bne x3, x11, 0x20                        sv_Mepc+16

clint mtime 0x00000000000000F2 (mip.MTI <- 0b1, mip.STI <- 0b0)
mem[X,0x0000000080001FFC] -> 0xF593
mem[X,0x0000000080001FFE] -> 0xFFC3
[484] [M]: 0x0000000080001FFC (0xFFC3F593) andi x11, x7, -0x4                       adj_Mepc_rtn+0
x11 <- 0x0000030080000B44

mem[X,0x0000000080002000] -> 0x8593
mem[X,0x0000000080002002] -> 0x0085
[485] [M]: 0x0000000080002000 (0x00858593) addi x11, x11, 0x8                       adj_Mepc_rtn+4
x11 <- 0x0000030080000B4C

clint mtime 0x00000000000000F3 (mip.MTI <- 0b1, mip.STI <- 0b0)
mem[X,0x0000000080002004] -> 0x9073
mem[X,0x0000000080002006] -> 0x3415
[486] [M]: 0x0000000080002004 (0x34159073) csrrw x0, mepc, x11                      adj_Mepc_rtn+8
CSR mepc (0x341) <- 0x0000030080000B4C

mem[X,0x0000000080002008] -> 0x23F3
mem[X,0x000000008000200A] -> 0x3430
[487] [M]: 0x0000000080002008 (0x343023F3) csrrs x7, mtval, x0                      skp_adj_Mepc+0
CSR mtval (0x343) -> 0x00000000341494F3
x7 <- 0x00000000341494F3

clint mtime 0x00000000000000F4 (mip.MTI <- 0b1, mip.STI <- 0b0)
mem[X,0x000000008000200C] -> 0x0413
mem[X,0x000000008000200E] -> 0x0004
[488] [M]: 0x000000008000200C (0x00040413) addi x8, x8, 0x0                         skp_adj_Mepc+4
x8 <- 0x0000030080000B45

mem[X,0x0000000080002010] -> 0x006F
mem[X,0x0000000080002012] -> 0x0840
[489] [M]: 0x0000000080002010 (0x0840006F) jal x0, 0x84                             skp_adj_Mepc+8

clint mtime 0x00000000000000F5 (mip.MTI <- 0b1, mip.STI <- 0b0)
mem[X,0x0000000080002094] -> 0x8433
mem[X,0x0000000080002096] -> 0x4083
[490] [M]: 0x0000000080002094 (0x40838433) sub x8, x7, x8                           adj_Mtval+0
x8 <- 0xFFFFFCFFB41489AE

mem[X,0x0000000080002098] -> 0x3C23
mem[X,0x000000008000209A] -> 0x0083
[491] [M]: 0x0000000080002098 (0x00833C23) sd x8, 0x18(x6)                          sv_Mtval+0
mem[W,0x000000008000A530] <- 0xFFFFFCFFB41489AE

clint mtime 0x00000000000000F6 (mip.MTI <- 0b1, mip.STI <- 0b0)
mem[X,0x000000008000209C] -> 0x3483
mem[X,0x000000008000209E] -> 0x2181
[492] [M]: 0x000000008000209C (0x21813483) ld x9, 0x218(x2)                         skp_Mtval+0
mem[R,0x0000000080005218] -> 0x000000008000A538
x9 <- 0x000000008000A538

mem[X,0x00000000800020A0] -> 0x3383
mem[X,0x00000000800020A2] -> 0x1F81
[493] [M]: 0x00000000800020A0 (0x1F813383) ld x7, 0x1f8(x2)                         skp_Mtval+4
mem[R,0x00000000800051F8] -> 0x000000008000A110
x7 <- 0x000000008000A110

clint mtime 0x00000000000000F7 (mip.MTI <- 0b1, mip.STI <- 0b0)
mem[X,0x00000000800020A4] -> 0x3303
mem[X,0x00000000800020A6] -> 0x2001
[494] [M]: 0x00000000800020A4 (0x20013303) ld x6, 0x200(x2)                         skp_Mtval+8
mem[R,0x0000000080005200] -> 0x0000000000000610
x6 <- 0x0000000000000610

mem[X,0x00000000800020A8] -> 0x0333
mem[X,0x00000000800020AA] -> 0x0073
[495] [M]: 0x00000000800020A8 (0x00730333) add x6, x6, x7                           skp_Mtval+12
x6 <- 0x000000008000A720

clint mtime 0x00000000000000F8 (mip.MTI <- 0b1, mip.STI <- 0b0)
mem[X,0x00000000800020AC] -> 0x6AE3
mem[X,0x00000000800020AE] -> 0xAE93
[496] [M]: 0x00000000800020AC (0xAE936AE3) bltu x6, x9, -0x50c                      skp_Mtval+16

mem[X,0x00000000800020B0] -> 0x0393
mem[X,0x00000000800020B2] -> 0x2000
[497] [M]: 0x00000000800020B0 (0x20000393) addi x7, x0, 0x200                       skp_Mtval+20
x7 <- 0x0000000000000200

clint mtime 0x00000000000000F9 (mip.MTI <- 0b1, mip.STI <- 0b0)
mem[X,0x00000000800020B4] -> 0x006F
mem[X,0x00000000800020B6] -> 0x0400
[498] [M]: 0x00000000800020B4 (0x0400006F) jal x0, 0x40                             skp_Mtval+24

mem[X,0x00000000800020F4] -> 0x0417
mem[X,0x00000000800020F6] -> 0x0000
[499] [M]: 0x00000000800020F4 (0x00000417) auipc x8, 0x0                            spcl_Mhandler+0
x8 <- 0x00000000800020F4

clint mtime 0x00000000000000FA (mip.MTI <- 0b1, mip.STI <- 0b0)
mem[X,0x00000000800020F8] -> 0x0413
mem[X,0x00000000800020FA] -> 0x03C4
[500] [M]: 0x00000000800020F8 (0x03C40413) addi x8, x8, 0x3c                        spcl_Mhandler+4
x8 <- 0x0000000080002130

mem[X,0x00000000800020FC] -> 0x0433
mem[X,0x00000000800020FE] -> 0x0074
[501] [M]: 0x00000000800020FC (0x00740433) add x8, x8, x7                           spcl_Mhandler+8
x8 <- 0x0000000080002330

clint mtime 0x00000000000000FB (mip.MTI <- 0b1, mip.STI <- 0b0)
mem[X,0x0000000080002100] -> 0x1393
mem[X,0x0000000080002102] -> 0x0035
[502] [M]: 0x0000000080002100 (0x00351393) slli x7, x10, 0x3                        spcl_Mhandler+12
x7 <- 0x0000000000000010

mem[X,0x0000000080002104] -> 0x0433
mem[X,0x0000000080002106] -> 0x0074
[503] [M]: 0x0000000080002104 (0x00740433) add x8, x8, x7                           spcl_Mhandler+16
x8 <- 0x0000000080002340

clint mtime 0x00000000000000FC (mip.MTI <- 0b1, mip.STI <- 0b0)
mem[X,0x0000000080002108] -> 0x7413
mem[X,0x000000008000210A] -> 0xFF84
[504] [M]: 0x0000000080002108 (0xFF847413) andi x8, x8, -0x8                        spcl_Mhandler+20
x8 <- 0x0000000080002340

mem[X,0x000000008000210C] -> 0x3403
mem[X,0x000000008000210E] -> 0x0004
[505] [M]: 0x000000008000210C (0x00043403) ld x8, 0x0(x8)                           spcl_Mhandler+24
mem[R,0x0000000080002340] -> 0x0000000000000005
x8 <- 0x0000000000000005

clint mtime 0x00000000000000FD (mip.MTI <- 0b1, mip.STI <- 0b0)
mem[X,0x0000000080002110] -> 0x02E3
mem[X,0x0000000080002112] -> 0xB204
[506] [M]: 0x0000000080002110 (0xB20402E3) beq x8, x0, -0x4dc                       spcl_Mdispatch_hndling+0

mem[X,0x0000000080002114] -> 0x1393
mem[X,0x0000000080002116] -> 0x03F4
[507] [M]: 0x0000000080002114 (0x03F41393) slli x7, x8, 0x3f                        spcl_Mdispatch_hndling+4
x7 <- 0x8000000000000000

clint mtime 0x00000000000000FE (mip.MTI <- 0b1, mip.STI <- 0b0)
mem[X,0x0000000080002118] -> 0xD863
mem[X,0x000000008000211A] -> 0x0003
[508] [M]: 0x0000000080002118 (0x0003D863) bge x7, x0, 0x10                         spcl_Mdispatch_hndling+8

mem[X,0x000000008000211C] -> 0x5413
mem[X,0x000000008000211E] -> 0x0014
[509] [M]: 0x000000008000211C (0x00145413) srli x8, x8, 0x1                         spcl_Mdispatch_hndling+12
x8 <- 0x0000000000000002

clint mtime 0x00000000000000FF (mip.MTI <- 0b1, mip.STI <- 0b0)
mem[X,0x0000000080002120] -> 0x0CE3
mem[X,0x0000000080002122] -> 0xF885
[510] [M]: 0x0000000080002120 (0xF8850CE3) beq x10, x8, -0x68                       spcl_Mdispatch_hndling+16

mem[X,0x00000000800020B8] -> 0x3303
mem[X,0x00000000800020BA] -> 0x2601
[511] [M]: 0x00000000800020B8 (0x26013303) ld x6, 0x260(x2)                         resto_Mrtn+0
mem[R,0x0000000080005260] -> 0x0000030000000008
x6 <- 0x0000030000000008

clint mtime 0x0000000000000100 (mip.MTI <- 0b1, mip.STI <- 0b0)
mem[X,0x00000000800020BC] -> 0x3383
mem[X,0x00000000800020BE] -> 0x2681
[512] [M]: 0x00000000800020BC (0x26813383) ld x7, 0x268(x2)                         resto_Mrtn+4
mem[R,0x0000000080005268] -> 0x0000000080005000
x7 <- 0x0000000080005000

mem[X,0x00000000800020C0] -> 0x3403
mem[X,0x00000000800020C2] -> 0x2701
[513] [M]: 0x00000000800020C0 (0x27013403) ld x8, 0x270(x2)                         resto_Mrtn+8
mem[R,0x0000000080005270] -> 0x0000000000007F76
x8 <- 0x0000000000007F76

clint mtime 0x0000000000000101 (mip.MTI <- 0b1, mip.STI <- 0b0)
mem[X,0x00000000800020C4] -> 0x3483
mem[X,0x00000000800020C6] -> 0x2781
[514] [M]: 0x00000000800020C4 (0x27813483) ld x9, 0x278(x2)                         resto_Mrtn+12
mem[R,0x0000000080005278] -> 0x0000060080000B44
x9 <- 0x0000060080000B44

mem[X,0x00000000800020C8] -> 0x3503
mem[X,0x00000000800020CA] -> 0x2801
[515] [M]: 0x00000000800020C8 (0x28013503) ld x10, 0x280(x2)                        resto_Mrtn+16
mem[R,0x0000000080005280] -> 0x00000000000000C9
x10 <- 0x00000000000000C9

clint mtime 0x0000000000000102 (mip.MTI <- 0b1, mip.STI <- 0b0)
mem[X,0x00000000800020CC] -> 0x3583
mem[X,0x00000000800020CE] -> 0x2881
[516] [M]: 0x00000000800020CC (0x28813583) ld x11, 0x288(x2)                        resto_Mrtn+20
mem[R,0x0000000080005288] -> 0x00000000000000C9
x11 <- 0x00000000000000C9

mem[X,0x00000000800020D0] -> 0x3103
mem[X,0x00000000800020D2] -> 0x2901
[517] [M]: 0x00000000800020D0 (0x29013103) ld x2, 0x290(x2)                         resto_Mrtn+24
mem[R,0x0000000080005290] -> 0x0000000080005000
x2 <- 0x0000000080005000

clint mtime 0x0000000000000103 (mip.MTI <- 0b1, mip.STI <- 0b0)
mem[X,0x00000000800020D4] -> 0x0073
mem[X,0x00000000800020D6] -> 0x3020
[518] [M]: 0x00000000800020D4 (0x30200073) mret                                     resto_Mrtn+28
CSR mstatus (0x300) <- 0x0000000A00000080
ret-ing from M to S

mem[X,0x0000000080000B4C] -> 0x07B7
mem[X,0x0000000080000B4E] -> 0x0000
[519] [S]: 0x0000030080000B4C (0x000007B7) lui x15, 0x0                             va_rvtest_code_begin+912
x15 <- 0x0000000000000000

clint mtime 0x0000000000000104 (mip.MTI <- 0b1, mip.STI <- 0b0)
mem[X,0x0000000080000B50] -> 0x8793
mem[X,0x0000000080000B52] -> 0x2807
[520] [S]: 0x0000030080000B50 (0x28078793) addi x15, x15, 0x280                     va_rvtest_code_begin+916
x15 <- 0x0000000000000280

mem[X,0x0000000080000B54] -> 0x9793
mem[X,0x0000000080000B56] -> 0x00B7
[521] [S]: 0x0000030080000B54 (0x00B79793) slli x15, x15, 0xb                       va_rvtest_code_begin+920
x15 <- 0x0000000000140000

clint mtime 0x0000000000000105 (mip.MTI <- 0b1, mip.STI <- 0b0)
mem[X,0x0000000080000B58] -> 0x8793
mem[X,0x0000000080000B5A] -> 0x4007
[522] [S]: 0x0000030080000B58 (0x40078793) addi x15, x15, 0x400                     va_rvtest_code_begin+924
x15 <- 0x0000000000140400

mem[X,0x0000000080000B5C] -> 0x9793
mem[X,0x0000000080000B5E] -> 0x00B7
[523] [S]: 0x0000030080000B5C (0x00B79793) slli x15, x15, 0xb                       va_rvtest_code_begin+928
x15 <- 0x00000000A0200000

clint mtime 0x0000000000000106 (mip.MTI <- 0b1, mip.STI <- 0b0)
mem[X,0x0000000080000B60] -> 0x8793
mem[X,0x0000000080000B62] -> 0x0017
[524] [S]: 0x0000030080000B60 (0x00178793) addi x15, x15, 0x1                       va_rvtest_code_begin+932
x15 <- 0x00000000A0200001

mem[X,0x0000000080000B64] -> 0x9793
mem[X,0x0000000080000B66] -> 0x00A7
[525] [S]: 0x0000030080000B64 (0x00A79793) slli x15, x15, 0xa                       va_rvtest_code_begin+936
x15 <- 0x0000028080000400

clint mtime 0x0000000000000107 (mip.MTI <- 0b1, mip.STI <- 0b0)
mem[X,0x0000000080000B68] -> 0x0613
mem[X,0x0000000080000B6A] -> 0x0106
[526] [S]: 0x0000030080000B68 (0x01060613) addi x12, x12, 0x10                      va_rvtest_code_begin+940
x12 <- 0x0000000000000010

mem[X,0x0000000080000B6C] -> 0xAA23
mem[X,0x0000000080000B6E] -> 0x00C7
[527] [S]: 0x0000030080000B6C (0x00C7AA23) sw x12, 0x14(x15)                        va_rvtest_code_begin+944
PTW: Start, vpn=0x28080000, access_type=W, privilege=Smem[R,0x0000000080009028] -> 0x00000000000000C9
PTW: Step, level=3, pte=0xC9, pte_addr=0x80009028
PTW: failed, error=no-permission, level=3, pte_addr=0x80009028
trapping from S to M to handle store/amo-page-fault
handling exc#store/amo-page-fault at priv M with tval 0x0000028080000414
CSR mstatus (0x300) <- 0x0000000A00000800
CSR mcause (0x342) <- 0x000000000000000F
CSR mtval (0x343) <- 0x0000028080000414
CSR mepc (0x341) <- 0x0000030080000B6C

clint mtime 0x0000000000000108 (mip.MTI <- 0b1, mip.STI <- 0b0)
mem[X,0x0000000080001C80] -> 0x006F
mem[X,0x0000000080001C82] -> 0x1000
[528] [M]: 0x0000000080001C80 (0x1000006F) jal x0, 0x100                            Mtrampoline+0

mem[X,0x0000000080001D80] -> 0x1173
mem[X,0x0000000080001D82] -> 0x3401
[529] [M]: 0x0000000080001D80 (0x34011173) csrrw x2, mscratch, x2                   trap_Mhandler+0
CSR mscratch (0x340) <- 0x0000000080005000
x2 <- 0x0000000080005000

clint mtime 0x0000000000000109 (mip.MTI <- 0b1, mip.STI <- 0b0)
mem[X,0x0000000080001D84] -> 0x3423
mem[X,0x0000000080001D86] -> 0x28B1
[530] [M]: 0x0000000080001D84 (0x28B13423) sd x11, 0x288(x2)                        trap_Mhandler+4
mem[W,0x0000000080005288] <- 0x00000000000000C9

mem[X,0x0000000080001D88] -> 0x05EF
mem[X,0x0000000080001D8A] -> 0x0B80
[531] [M]: 0x0000000080001D88 (0x0B8005EF) jal x11, 0xb8                            trap_Mhandler+8
x11 <- 0x0000000080001D8C

clint mtime 0x000000000000010A (mip.MTI <- 0b1, mip.STI <- 0b0)
mem[X,0x0000000080001E40] -> 0x3023
mem[X,0x0000000080001E42] -> 0x28A1
[532] [M]: 0x0000000080001E40 (0x28A13023) sd x10, 0x280(x2)                        common_Mhandler+0
mem[W,0x0000000080005280] <- 0x00000000000000C9

mem[X,0x0000000080001E44] -> 0x1573
mem[X,0x0000000080001E46] -> 0x3401
[533] [M]: 0x0000000080001E44 (0x34011573) csrrw x10, mscratch, x2                  common_Mhandler+4
CSR mscratch (0x340) <- 0x0000000080005000
x10 <- 0x0000000080005000

clint mtime 0x000000000000010B (mip.MTI <- 0b1, mip.STI <- 0b0)
mem[X,0x0000000080001E48] -> 0x3823
mem[X,0x0000000080001E4A] -> 0x28A1
[534] [M]: 0x0000000080001E48 (0x28A13823) sd x10, 0x290(x2)                        common_Mhandler+8
mem[W,0x0000000080005290] <- 0x0000000080005000

mem[X,0x0000000080001E4C] -> 0x3503
mem[X,0x0000000080001E4E] -> 0x2301
[535] [M]: 0x0000000080001E4C (0x23013503) ld x10, 0x230(x2)                        common_Mhandler+12
mem[R,0x0000000080005230] -> 0x0000000080001E54
x10 <- 0x0000000080001E54

clint mtime 0x000000000000010C (mip.MTI <- 0b1, mip.STI <- 0b0)
mem[X,0x0000000080001E50] -> 0x0067
mem[X,0x0000000080001E52] -> 0x0005
[536] [M]: 0x0000000080001E50 (0x00050067) jalr x0, 0x0(x10)                        common_Mhandler+16

mem[X,0x0000000080001E54] -> 0x3C23
mem[X,0x0000000080001E56] -> 0x2691
[537] [M]: 0x0000000080001E54 (0x26913C23) sd x9, 0x278(x2)                         common_Mentry+0
mem[W,0x0000000080005278] <- 0x0000060080000B44

clint mtime 0x000000000000010D (mip.MTI <- 0b1, mip.STI <- 0b0)
mem[X,0x0000000080001E58] -> 0x3823
mem[X,0x0000000080001E5A] -> 0x2681
[538] [M]: 0x0000000080001E58 (0x26813823) sd x8, 0x270(x2)                         common_Mentry+4
mem[W,0x0000000080005270] <- 0x0000000000007F76

mem[X,0x0000000080001E5C] -> 0x3423
mem[X,0x0000000080001E5E] -> 0x2671
[539] [M]: 0x0000000080001E5C (0x26713423) sd x7, 0x268(x2)                         common_Mentry+8
mem[W,0x0000000080005268] <- 0x0000000080005000

clint mtime 0x000000000000010E (mip.MTI <- 0b1, mip.STI <- 0b0)
mem[X,0x0000000080001E60] -> 0x3023
mem[X,0x0000000080001E62] -> 0x2661
[540] [M]: 0x0000000080001E60 (0x26613023) sd x6, 0x260(x2)                         common_Mentry+12
mem[W,0x0000000080005260] <- 0x0000030000000008

mem[X,0x0000000080001E64] -> 0x2573
mem[X,0x0000000080001E66] -> 0x3420
[541] [M]: 0x0000000080001E64 (0x34202573) csrrs x10, mcause, x0                    spcl_M2mmode_test+0
CSR mcause (0x342) -> 0x000000000000000F
x10 <- 0x000000000000000F

clint mtime 0x000000000000010F (mip.MTI <- 0b1, mip.STI <- 0b0)
mem[X,0x0000000080001E68] -> 0x04B7
mem[X,0x0000000080001E6A] -> 0x8000
[542] [M]: 0x0000000080001E68 (0x800004B7) lui x9, -0x80000                         spcl_M2mmode_test+4
x9 <- 0xFFFFFFFF80000000

mem[X,0x0000000080001E6C] -> 0x8493
mem[X,0x0000000080001E6E] -> 0x0004
[543] [M]: 0x0000000080001E6C (0x00048493) addi x9, x9, 0x0                         spcl_M2mmode_test+8
x9 <- 0xFFFFFFFF80000000

clint mtime 0x0000000000000110 (mip.MTI <- 0b1, mip.STI <- 0b0)
mem[X,0x0000000080001E70] -> 0x9493
mem[X,0x0000000080001E72] -> 0x00B4
[544] [M]: 0x0000000080001E70 (0x00B49493) slli x9, x9, 0xb                         spcl_M2mmode_test+12
x9 <- 0xFFFFFC0000000000

mem[X,0x0000000080001E74] -> 0x8493
mem[X,0x0000000080001E76] -> 0x0004
[545] [M]: 0x0000000080001E74 (0x00048493) addi x9, x9, 0x0                         spcl_M2mmode_test+16
x9 <- 0xFFFFFC0000000000

clint mtime 0x0000000000000111 (mip.MTI <- 0b1, mip.STI <- 0b0)
mem[X,0x0000000080001E78] -> 0x9493
mem[X,0x0000000080001E7A] -> 0x00B4
[546] [M]: 0x0000000080001E78 (0x00B49493) slli x9, x9, 0xb                         spcl_M2mmode_test+20
x9 <- 0xFFE0000000000000

mem[X,0x0000000080001E7C] -> 0x8493
mem[X,0x0000000080001E7E] -> 0x0034
[547] [M]: 0x0000000080001E7C (0x00348493) addi x9, x9, 0x3                         spcl_M2mmode_test+24
x9 <- 0xFFE0000000000003

clint mtime 0x0000000000000112 (mip.MTI <- 0b1, mip.STI <- 0b0)
mem[X,0x0000000080001E80] -> 0x9493
mem[X,0x0000000080001E82] -> 0x00A4
[548] [M]: 0x0000000080001E80 (0x00A49493) slli x9, x9, 0xa                         spcl_M2mmode_test+28
x9 <- 0x8000000000000C00

mem[X,0x0000000080001E84] -> 0x8493
mem[X,0x0000000080001E86] -> 0x3FC4
[549] [M]: 0x0000000080001E84 (0x3FC48493) addi x9, x9, 0x3fc                       spcl_M2mmode_test+32
x9 <- 0x8000000000000FFC

clint mtime 0x0000000000000113 (mip.MTI <- 0b1, mip.STI <- 0b0)
mem[X,0x0000000080001E88] -> 0xF4B3
mem[X,0x0000000080001E8A] -> 0x00A4
[550] [M]: 0x0000000080001E88 (0x00A4F4B3) and x9, x9, x10                          spcl_M2mmode_test+36
x9 <- 0x000000000000000C

mem[X,0x0000000080001E8C] -> 0x8493
mem[X,0x0000000080001E8E] -> 0xFF84
[551] [M]: 0x0000000080001E8C (0xFF848493) addi x9, x9, -0x8                        spcl_M2mmode_test+40
x9 <- 0x0000000000000004

clint mtime 0x0000000000000114 (mip.MTI <- 0b1, mip.STI <- 0b0)
mem[X,0x0000000080001E90] -> 0x9663
mem[X,0x0000000080001E92] -> 0x0004
[552] [M]: 0x0000000080001E90 (0x00049663) bne x9, x0, 0xc                          spcl_M2mmode_test+44

mem[X,0x0000000080001E9C] -> 0x0393
mem[X,0x0000000080001E9E] -> 0x0200
[553] [M]: 0x0000000080001E9C (0x02000393) addi x7, x0, 0x20                        Mtrapsig_ptr_upd+0
x7 <- 0x0000000000000020

clint mtime 0x0000000000000115 (mip.MTI <- 0b1, mip.STI <- 0b0)
mem[X,0x0000000080001EA0] -> 0x5263
mem[X,0x0000000080001EA2] -> 0x0405
[554] [M]: 0x0000000080001EA0 (0x04055263) bge x10, x0, 0x44                        Mtrapsig_ptr_upd+4

mem[X,0x0000000080001EE4] -> 0x2373
mem[X,0x0000000080001EE6] -> 0x3010
[555] [M]: 0x0000000080001EE4 (0x30102373) csrrs x6, misa, x0                       Mxcpt_sig_sv+0
CSR misa (0x301) -> 0x800000000034112F
x6 <- 0x800000000034112F

clint mtime 0x0000000000000116 (mip.MTI <- 0b1, mip.STI <- 0b0)
mem[X,0x0000000080001EE8] -> 0x1313
mem[X,0x0000000080001EEA] -> 0x0383
[556] [M]: 0x0000000080001EE8 (0x03831313) slli x6, x6, 0x38                        Mxcpt_sig_sv+4
x6 <- 0x2F00000000000000

mem[X,0x0000000080001EEC] -> 0x5463
mem[X,0x0000000080001EEE] -> 0x0003
[557] [M]: 0x0000000080001EEC (0x00035463) bge x6, x0, 0x8                          Mxcpt_sig_sv+8

clint mtime 0x0000000000000117 (mip.MTI <- 0b1, mip.STI <- 0b0)
mem[X,0x0000000080001EF4] -> 0x3303
mem[X,0x0000000080001EF6] -> 0x2181
[558] [M]: 0x0000000080001EF4 (0x21813303) ld x6, 0x218(x2)                         Mtrap_sig_sv+0
mem[R,0x0000000080005218] -> 0x000000008000A538
x6 <- 0x000000008000A538

mem[X,0x0000000080001EF8] -> 0x04B3
mem[X,0x0000000080001EFA] -> 0x0073
[559] [M]: 0x0000000080001EF8 (0x007304B3) add x9, x6, x7                           Mtrap_sig_sv+4
x9 <- 0x000000008000A558

clint mtime 0x0000000000000118 (mip.MTI <- 0b1, mip.STI <- 0b0)
mem[X,0x0000000080001EFC] -> 0x3C23
mem[X,0x0000000080001EFE] -> 0x2091
[560] [M]: 0x0000000080001EFC (0x20913C23) sd x9, 0x218(x2)                         Mtrap_sig_sv+8
mem[W,0x0000000080005218] <- 0x000000008000A558

mem[X,0x0000000080001F00] -> 0x3403
mem[X,0x0000000080001F02] -> 0x1F81
[561] [M]: 0x0000000080001F00 (0x1F813403) ld x8, 0x1f8(x2)                         Mtrap_sig_sv+12
mem[R,0x00000000800051F8] -> 0x000000008000A110
x8 <- 0x000000008000A110

clint mtime 0x0000000000000119 (mip.MTI <- 0b1, mip.STI <- 0b0)
mem[X,0x0000000080001F04] -> 0x0333
mem[X,0x0000000080001F06] -> 0x4083
[562] [M]: 0x0000000080001F04 (0x40830333) sub x6, x6, x8                           Mtrap_sig_sv+16
x6 <- 0x0000000000000428

mem[X,0x0000000080001F08] -> 0x3403
mem[X,0x0000000080001F0A] -> 0x1F81
[563] [M]: 0x0000000080001F08 (0x1F813403) ld x8, 0x1f8(x2)                         Mtrap_sig_sv+20
mem[R,0x00000000800051F8] -> 0x000000008000A110
x8 <- 0x000000008000A110

clint mtime 0x000000000000011A (mip.MTI <- 0b1, mip.STI <- 0b0)
mem[X,0x0000000080001F0C] -> 0x0333
mem[X,0x0000000080001F0E] -> 0x0083
[564] [M]: 0x0000000080001F0C (0x00830333) add x6, x6, x8                           Mtrap_sig_sv+24
x6 <- 0x000000008000A538

mem[X,0x0000000080001F10] -> 0x3403
mem[X,0x0000000080001F12] -> 0x2401
[565] [M]: 0x0000000080001F10 (0x24013403) ld x8, 0x240(x2)                         Mtrap_sig_sv+28
mem[R,0x0000000080005240] -> 0x0000000080001C80
x8 <- 0x0000000080001C80

clint mtime 0x000000000000011B (mip.MTI <- 0b1, mip.STI <- 0b0)
mem[X,0x0000000080001F14] -> 0x85B3
mem[X,0x0000000080001F16] -> 0x4085
[566] [M]: 0x0000000080001F14 (0x408585B3) sub x11, x11, x8                         sv_Mvect+0
x11 <- 0x000000000000010C

mem[X,0x0000000080001F18] -> 0x9593
mem[X,0x0000000080001F1A] -> 0x0045
[567] [M]: 0x0000000080001F18 (0x00459593) slli x11, x11, 0x4                       sv_Mvect+4
x11 <- 0x00000000000010C0

clint mtime 0x000000000000011C (mip.MTI <- 0b1, mip.STI <- 0b0)
mem[X,0x0000000080001F1C] -> 0xE5B3
mem[X,0x0000000080001F1E] -> 0x0075
[568] [M]: 0x0000000080001F1C (0x0075E5B3) or x11, x11, x7                          sv_Mvect+8
x11 <- 0x00000000000010E0

mem[X,0x0000000080001F20] -> 0x8593
mem[X,0x0000000080001F22] -> 0x0035
[569] [M]: 0x0000000080001F20 (0x00358593) addi x11, x11, 0x3                       sv_Mvect+12
x11 <- 0x00000000000010E3

clint mtime 0x000000000000011D (mip.MTI <- 0b1, mip.STI <- 0b0)
mem[X,0x0000000080001F24] -> 0x3023
mem[X,0x0000000080001F26] -> 0x00B3
[570] [M]: 0x0000000080001F24 (0x00B33023) sd x11, 0x0(x6)                          sv_Mvect+16
mem[W,0x000000008000A538] <- 0x00000000000010E3

mem[X,0x0000000080001F28] -> 0x3423
mem[X,0x0000000080001F2A] -> 0x00A3
[571] [M]: 0x0000000080001F28 (0x00A33423) sd x10, 0x8(x6)                          sv_Mcause+0
mem[W,0x000000008000A540] <- 0x000000000000000F

clint mtime 0x000000000000011E (mip.MTI <- 0b1, mip.STI <- 0b0)
mem[X,0x0000000080001F2C] -> 0x4663
mem[X,0x0000000080001F2E] -> 0x1A05
[572] [M]: 0x0000000080001F2C (0x1A054663) blt x10, x0, 0x1ac                       sv_Mcause+4

mem[X,0x0000000080001F30] -> 0x25F3
mem[X,0x0000000080001F32] -> 0x3000
[573] [M]: 0x0000000080001F30 (0x300025F3) csrrs x11, mstatus, x0                   common_Mexcpt_handler+0
CSR mstatus (0x300) -> 0x0000000A00000800
x11 <- 0x0000000A00000800

clint mtime 0x000000000000011F (mip.MTI <- 0b1, mip.STI <- 0b0)
mem[X,0x0000000080001F34] -> 0x9413
mem[X,0x0000000080001F36] -> 0x02E5
[574] [M]: 0x0000000080001F34 (0x02E59413) slli x8, x11, 0x2e                       common_Mexcpt_handler+4
x8 <- 0x0200000000000000

mem[X,0x0000000080001F38] -> 0x5463
mem[X,0x0000000080001F3A] -> 0x0004
[575] [M]: 0x0000000080001F38 (0x00045463) bge x8, x0, 0x8                          common_Mexcpt_handler+8

clint mtime 0x0000000000000120 (mip.MTI <- 0b1, mip.STI <- 0b0)
mem[X,0x0000000080001F40] -> 0xD493
mem[X,0x0000000080001F42] -> 0x00B5
[576] [M]: 0x0000000080001F40 (0x00B5D493) srli x9, x11, 0xb                        common_Mexcpt_handler+16
x9 <- 0x0000000001400001

mem[X,0x0000000080001F44] -> 0xF493
mem[X,0x0000000080001F46] -> 0x0034
[577] [M]: 0x0000000080001F44 (0x0034F493) andi x9, x9, 0x3                         common_Mexcpt_handler+20
x9 <- 0x0000000000000001

clint mtime 0x0000000000000121 (mip.MTI <- 0b1, mip.STI <- 0b0)
mem[X,0x0000000080001F48] -> 0x8493
mem[X,0x0000000080001F4A] -> 0x0014
[578] [M]: 0x0000000080001F48 (0x00148493) addi x9, x9, 0x1                         common_Mexcpt_handler+24
x9 <- 0x0000000000000002

mem[X,0x0000000080001F4C] -> 0xF493
mem[X,0x0000000080001F4E] -> 0x0044
[579] [M]: 0x0000000080001F4C (0x0044F493) andi x9, x9, 0x4                         common_Mexcpt_handler+28
x9 <- 0x0000000000000000

clint mtime 0x0000000000000122 (mip.MTI <- 0b1, mip.STI <- 0b0)
mem[X,0x0000000080001F50] -> 0x0593
mem[X,0x0000000080001F52] -> 0x05D0
[580] [M]: 0x0000000080001F50 (0x05D00593) addi x11, x0, 0x5d                       common_Mexcpt_handler+32
x11 <- 0x000000000000005D

mem[X,0x0000000080001F54] -> 0xD5B3
mem[X,0x0000000080001F56] -> 0x0095
[581] [M]: 0x0000000080001F54 (0x0095D5B3) srl x11, x11, x9                         common_Mexcpt_handler+36
x11 <- 0x000000000000005D

clint mtime 0x0000000000000123 (mip.MTI <- 0b1, mip.STI <- 0b0)
mem[X,0x0000000080001F58] -> 0xF593
mem[X,0x0000000080001F5A] -> 0x0015
[582] [M]: 0x0000000080001F58 (0x0015F593) andi x11, x11, 0x1                       common_Mexcpt_handler+40
x11 <- 0x0000000000000001

mem[X,0x0000000080001F5C] -> 0x8EE3
mem[X,0x0000000080001F5E] -> 0xF405
[583] [M]: 0x0000000080001F5C (0xF4058EE3) beq x11, x0, -0xa4                       common_Mexcpt_handler+44

clint mtime 0x0000000000000124 (mip.MTI <- 0b1, mip.STI <- 0b0)
mem[X,0x0000000080001F60] -> 0x0593
mem[X,0x0000000080001F62] -> 0x2980
[584] [M]: 0x0000000080001F60 (0x29800593) addi x11, x0, 0x298                      common_Mexcpt_handler+48
x11 <- 0x0000000000000298

mem[X,0x0000000080001F64] -> 0xF413
mem[X,0x0000000080001F66] -> 0x0014
[585] [M]: 0x0000000080001F64 (0x0014F413) andi x8, x9, 0x1                         common_Mexcpt_handler+52
x8 <- 0x0000000000000000

clint mtime 0x0000000000000125 (mip.MTI <- 0b1, mip.STI <- 0b0)
mem[X,0x0000000080001F68] -> 0x95B3
mem[X,0x0000000080001F6A] -> 0x0085
[586] [M]: 0x0000000080001F68 (0x008595B3) sll x11, x11, x8                         common_Mexcpt_handler+56
x11 <- 0x0000000000000298

mem[X,0x0000000080001F6C] -> 0x9413
mem[X,0x0000000080001F6E] -> 0x03D4
[587] [M]: 0x0000000080001F6C (0x03D49413) slli x8, x9, 0x3d                        common_Mexcpt_handler+60
x8 <- 0x0000000000000000

clint mtime 0x0000000000000126 (mip.MTI <- 0b1, mip.STI <- 0b0)
mem[X,0x0000000080001F70] -> 0x5413
mem[X,0x0000000080001F72] -> 0x43F4
[588] [M]: 0x0000000080001F70 (0x43F45413) srai x8, x8, 0x3f                        common_Mexcpt_handler+64
x8 <- 0x0000000000000000

mem[X,0x0000000080001F74] -> 0x4413
mem[X,0x0000000080001F76] -> 0xFFF4
[589] [M]: 0x0000000080001F74 (0xFFF44413) xori x8, x8, -0x1                        common_Mexcpt_handler+68
x8 <- 0xFFFFFFFFFFFFFFFF

clint mtime 0x0000000000000127 (mip.MTI <- 0b1, mip.STI <- 0b0)
mem[X,0x0000000080001F78] -> 0xF4B3
mem[X,0x0000000080001F7A] -> 0x0085
[590] [M]: 0x0000000080001F78 (0x0085F4B3) and x9, x11, x8                          common_Mexcpt_handler+72
x9 <- 0x0000000000000298

mem[X,0x0000000080001F7C] -> 0x84B3
mem[X,0x0000000080001F7E] -> 0x0024
[591] [M]: 0x0000000080001F7C (0x002484B3) add x9, x9, x2                           vmem_adj_Mepc+0
x9 <- 0x0000000080005298

clint mtime 0x0000000000000128 (mip.MTI <- 0b1, mip.STI <- 0b0)
mem[X,0x0000000080001F80] -> 0x23F3
mem[X,0x0000000080001F82] -> 0x3410
[592] [M]: 0x0000000080001F80 (0x341023F3) csrrs x7, mepc, x0                       vmem_adj_Mepc+4
CSR mepc (0x341) -> 0x0000030080000B6C
x7 <- 0x0000030080000B6C

mem[X,0x0000000080001F84] -> 0x0413
mem[X,0x0000000080001F86] -> 0x0004
[593] [M]: 0x0000000080001F84 (0x00040413) addi x8, x8, 0x0                         vmem_adj_Mepc+8
x8 <- 0xFFFFFFFFFFFFFFFF

clint mtime 0x0000000000000129 (mip.MTI <- 0b1, mip.STI <- 0b0)
mem[X,0x0000000080001F88] -> 0x006F
mem[X,0x0000000080001F8A] -> 0x0400
[594] [M]: 0x0000000080001F88 (0x0400006F) jal x0, 0x40                             vmem_adj_Mepc+12

mem[X,0x0000000080001FC8] -> 0x8433
mem[X,0x0000000080001FCA] -> 0x4083
[595] [M]: 0x0000000080001FC8 (0x40838433) sub x8, x7, x8                           adj_Mepc+0
x8 <- 0x0000030080000B6D

clint mtime 0x000000000000012A (mip.MTI <- 0b1, mip.STI <- 0b0)
mem[X,0x0000000080001FCC] -> 0x3823
mem[X,0x0000000080001FCE] -> 0x0083
[596] [M]: 0x0000000080001FCC (0x00833823) sd x8, 0x10(x6)                          sv_Mepc+0
mem[W,0x000000008000A548] <- 0x0000030080000B6D

mem[X,0x0000000080001FD0] -> 0x55B7
mem[X,0x0000000080001FD2] -> 0x0000
[597] [M]: 0x0000000080001FD0 (0x000055B7) lui x11, 0x5                             sv_Mepc+4
x11 <- 0x0000000000005000

clint mtime 0x000000000000012B (mip.MTI <- 0b1, mip.STI <- 0b0)
mem[X,0x0000000080001FD4] -> 0x8593
mem[X,0x0000000080001FD6] -> 0x6675
[598] [M]: 0x0000000080001FD4 (0x66758593) addi x11, x11, 0x667                     sv_Mepc+8
x11 <- 0x0000000000005667

mem[X,0x0000000080001FD8] -> 0x9593
mem[X,0x0000000080001FDA] -> 0x0015
[599] [M]: 0x0000000080001FD8 (0x00159593) slli x11, x11, 0x1                       sv_Mepc+12
x11 <- 0x000000000000ACCE

clint mtime 0x000000000000012C (mip.MTI <- 0b1, mip.STI <- 0b0)
mem[X,0x0000000080001FDC] -> 0x9063
mem[X,0x0000000080001FDE] -> 0x02B1
[600] [M]: 0x0000000080001FDC (0x02B19063) bne x3, x11, 0x20                        sv_Mepc+16

mem[X,0x0000000080001FFC] -> 0xF593
mem[X,0x0000000080001FFE] -> 0xFFC3
[601] [M]: 0x0000000080001FFC (0xFFC3F593) andi x11, x7, -0x4                       adj_Mepc_rtn+0
x11 <- 0x0000030080000B6C

clint mtime 0x000000000000012D (mip.MTI <- 0b1, mip.STI <- 0b0)
mem[X,0x0000000080002000] -> 0x8593
mem[X,0x0000000080002002] -> 0x0085
[602] [M]: 0x0000000080002000 (0x00858593) addi x11, x11, 0x8                       adj_Mepc_rtn+4
x11 <- 0x0000030080000B74

mem[X,0x0000000080002004] -> 0x9073
mem[X,0x0000000080002006] -> 0x3415
[603] [M]: 0x0000000080002004 (0x34159073) csrrw x0, mepc, x11                      adj_Mepc_rtn+8
CSR mepc (0x341) <- 0x0000030080000B74

clint mtime 0x000000000000012E (mip.MTI <- 0b1, mip.STI <- 0b0)
mem[X,0x0000000080002008] -> 0x23F3
mem[X,0x000000008000200A] -> 0x3430
[604] [M]: 0x0000000080002008 (0x343023F3) csrrs x7, mtval, x0                      skp_adj_Mepc+0
CSR mtval (0x343) -> 0x0000028080000414
x7 <- 0x0000028080000414

mem[X,0x000000008000200C] -> 0x0413
mem[X,0x000000008000200E] -> 0x0004
[605] [M]: 0x000000008000200C (0x00040413) addi x8, x8, 0x0                         skp_adj_Mepc+4
x8 <- 0x0000030080000B6D

clint mtime 0x000000000000012F (mip.MTI <- 0b1, mip.STI <- 0b0)
mem[X,0x0000000080002010] -> 0x006F
mem[X,0x0000000080002012] -> 0x0840
[606] [M]: 0x0000000080002010 (0x0840006F) jal x0, 0x84                             skp_adj_Mepc+8

mem[X,0x0000000080002094] -> 0x8433
mem[X,0x0000000080002096] -> 0x4083
[607] [M]: 0x0000000080002094 (0x40838433) sub x8, x7, x8                           adj_Mtval+0
x8 <- 0xFFFFFF7FFFFFF8A7

clint mtime 0x0000000000000130 (mip.MTI <- 0b1, mip.STI <- 0b0)
mem[X,0x0000000080002098] -> 0x3C23
mem[X,0x000000008000209A] -> 0x0083
[608] [M]: 0x0000000080002098 (0x00833C23) sd x8, 0x18(x6)                          sv_Mtval+0
mem[W,0x000000008000A550] <- 0xFFFFFF7FFFFFF8A7

mem[X,0x000000008000209C] -> 0x3483
mem[X,0x000000008000209E] -> 0x2181
[609] [M]: 0x000000008000209C (0x21813483) ld x9, 0x218(x2)                         skp_Mtval+0
mem[R,0x0000000080005218] -> 0x000000008000A558
x9 <- 0x000000008000A558

clint mtime 0x0000000000000131 (mip.MTI <- 0b1, mip.STI <- 0b0)
mem[X,0x00000000800020A0] -> 0x3383
mem[X,0x00000000800020A2] -> 0x1F81
[610] [M]: 0x00000000800020A0 (0x1F813383) ld x7, 0x1f8(x2)                         skp_Mtval+4
mem[R,0x00000000800051F8] -> 0x000000008000A110
x7 <- 0x000000008000A110

mem[X,0x00000000800020A4] -> 0x3303
mem[X,0x00000000800020A6] -> 0x2001
[611] [M]: 0x00000000800020A4 (0x20013303) ld x6, 0x200(x2)                         skp_Mtval+8
mem[R,0x0000000080005200] -> 0x0000000000000610
x6 <- 0x0000000000000610

clint mtime 0x0000000000000132 (mip.MTI <- 0b1, mip.STI <- 0b0)
mem[X,0x00000000800020A8] -> 0x0333
mem[X,0x00000000800020AA] -> 0x0073
[612] [M]: 0x00000000800020A8 (0x00730333) add x6, x6, x7                           skp_Mtval+12
x6 <- 0x000000008000A720

mem[X,0x00000000800020AC] -> 0x6AE3
mem[X,0x00000000800020AE] -> 0xAE93
[613] [M]: 0x00000000800020AC (0xAE936AE3) bltu x6, x9, -0x50c                      skp_Mtval+16

clint mtime 0x0000000000000133 (mip.MTI <- 0b1, mip.STI <- 0b0)
mem[X,0x00000000800020B0] -> 0x0393
mem[X,0x00000000800020B2] -> 0x2000
[614] [M]: 0x00000000800020B0 (0x20000393) addi x7, x0, 0x200                       skp_Mtval+20
x7 <- 0x0000000000000200

mem[X,0x00000000800020B4] -> 0x006F
mem[X,0x00000000800020B6] -> 0x0400
[615] [M]: 0x00000000800020B4 (0x0400006F) jal x0, 0x40                             skp_Mtval+24

clint mtime 0x0000000000000134 (mip.MTI <- 0b1, mip.STI <- 0b0)
mem[X,0x00000000800020F4] -> 0x0417
mem[X,0x00000000800020F6] -> 0x0000
[616] [M]: 0x00000000800020F4 (0x00000417) auipc x8, 0x0                            spcl_Mhandler+0
x8 <- 0x00000000800020F4

mem[X,0x00000000800020F8] -> 0x0413
mem[X,0x00000000800020FA] -> 0x03C4
[617] [M]: 0x00000000800020F8 (0x03C40413) addi x8, x8, 0x3c                        spcl_Mhandler+4
x8 <- 0x0000000080002130

clint mtime 0x0000000000000135 (mip.MTI <- 0b1, mip.STI <- 0b0)
mem[X,0x00000000800020FC] -> 0x0433
mem[X,0x00000000800020FE] -> 0x0074
[618] [M]: 0x00000000800020FC (0x00740433) add x8, x8, x7                           spcl_Mhandler+8
x8 <- 0x0000000080002330

mem[X,0x0000000080002100] -> 0x1393
mem[X,0x0000000080002102] -> 0x0035
[619] [M]: 0x0000000080002100 (0x00351393) slli x7, x10, 0x3                        spcl_Mhandler+12
x7 <- 0x0000000000000078

clint mtime 0x0000000000000136 (mip.MTI <- 0b1, mip.STI <- 0b0)
mem[X,0x0000000080002104] -> 0x0433
mem[X,0x0000000080002106] -> 0x0074
[620] [M]: 0x0000000080002104 (0x00740433) add x8, x8, x7                           spcl_Mhandler+16
x8 <- 0x00000000800023A8

mem[X,0x0000000080002108] -> 0x7413
mem[X,0x000000008000210A] -> 0xFF84
[621] [M]: 0x0000000080002108 (0xFF847413) andi x8, x8, -0x8                        spcl_Mhandler+20
x8 <- 0x00000000800023A8

clint mtime 0x0000000000000137 (mip.MTI <- 0b1, mip.STI <- 0b0)
mem[X,0x000000008000210C] -> 0x3403
mem[X,0x000000008000210E] -> 0x0004
[622] [M]: 0x000000008000210C (0x00043403) ld x8, 0x0(x8)                           spcl_Mhandler+24
mem[R,0x00000000800023A8] -> 0x000000000000001F
x8 <- 0x000000000000001F

mem[X,0x0000000080002110] -> 0x02E3
mem[X,0x0000000080002112] -> 0xB204
[623] [M]: 0x0000000080002110 (0xB20402E3) beq x8, x0, -0x4dc                       spcl_Mdispatch_hndling+0

clint mtime 0x0000000000000138 (mip.MTI <- 0b1, mip.STI <- 0b0)
mem[X,0x0000000080002114] -> 0x1393
mem[X,0x0000000080002116] -> 0x03F4
[624] [M]: 0x0000000080002114 (0x03F41393) slli x7, x8, 0x3f                        spcl_Mdispatch_hndling+4
x7 <- 0x8000000000000000

mem[X,0x0000000080002118] -> 0xD863
mem[X,0x000000008000211A] -> 0x0003
[625] [M]: 0x0000000080002118 (0x0003D863) bge x7, x0, 0x10                         spcl_Mdispatch_hndling+8

clint mtime 0x0000000000000139 (mip.MTI <- 0b1, mip.STI <- 0b0)
mem[X,0x000000008000211C] -> 0x5413
mem[X,0x000000008000211E] -> 0x0014
[626] [M]: 0x000000008000211C (0x00145413) srli x8, x8, 0x1                         spcl_Mdispatch_hndling+12
x8 <- 0x000000000000000F

mem[X,0x0000000080002120] -> 0x0CE3
mem[X,0x0000000080002122] -> 0xF885
[627] [M]: 0x0000000080002120 (0xF8850CE3) beq x10, x8, -0x68                       spcl_Mdispatch_hndling+16

clint mtime 0x000000000000013A (mip.MTI <- 0b1, mip.STI <- 0b0)
mem[X,0x00000000800020B8] -> 0x3303
mem[X,0x00000000800020BA] -> 0x2601
[628] [M]: 0x00000000800020B8 (0x26013303) ld x6, 0x260(x2)                         resto_Mrtn+0
mem[R,0x0000000080005260] -> 0x0000030000000008
x6 <- 0x0000030000000008

mem[X,0x00000000800020BC] -> 0x3383
mem[X,0x00000000800020BE] -> 0x2681
[629] [M]: 0x00000000800020BC (0x26813383) ld x7, 0x268(x2)                         resto_Mrtn+4
mem[R,0x0000000080005268] -> 0x0000000080005000
x7 <- 0x0000000080005000

clint mtime 0x000000000000013B (mip.MTI <- 0b1, mip.STI <- 0b0)
mem[X,0x00000000800020C0] -> 0x3403
mem[X,0x00000000800020C2] -> 0x2701
[630] [M]: 0x00000000800020C0 (0x27013403) ld x8, 0x270(x2)                         resto_Mrtn+8
mem[R,0x0000000080005270] -> 0x0000000000007F76
x8 <- 0x0000000000007F76

mem[X,0x00000000800020C4] -> 0x3483
mem[X,0x00000000800020C6] -> 0x2781
[631] [M]: 0x00000000800020C4 (0x27813483) ld x9, 0x278(x2)                         resto_Mrtn+12
mem[R,0x0000000080005278] -> 0x0000060080000B44
x9 <- 0x0000060080000B44

clint mtime 0x000000000000013C (mip.MTI <- 0b1, mip.STI <- 0b0)
mem[X,0x00000000800020C8] -> 0x3503
mem[X,0x00000000800020CA] -> 0x2801
[632] [M]: 0x00000000800020C8 (0x28013503) ld x10, 0x280(x2)                        resto_Mrtn+16
mem[R,0x0000000080005280] -> 0x00000000000000C9
x10 <- 0x00000000000000C9

mem[X,0x00000000800020CC] -> 0x3583
mem[X,0x00000000800020CE] -> 0x2881
[633] [M]: 0x00000000800020CC (0x28813583) ld x11, 0x288(x2)                        resto_Mrtn+20
mem[R,0x0000000080005288] -> 0x00000000000000C9
x11 <- 0x00000000000000C9

clint mtime 0x000000000000013D (mip.MTI <- 0b1, mip.STI <- 0b0)
mem[X,0x00000000800020D0] -> 0x3103
mem[X,0x00000000800020D2] -> 0x2901
[634] [M]: 0x00000000800020D0 (0x29013103) ld x2, 0x290(x2)                         resto_Mrtn+24
mem[R,0x0000000080005290] -> 0x0000000080005000
x2 <- 0x0000000080005000

mem[X,0x00000000800020D4] -> 0x0073
mem[X,0x00000000800020D6] -> 0x3020
[635] [M]: 0x00000000800020D4 (0x30200073) mret                                     resto_Mrtn+28
CSR mstatus (0x300) <- 0x0000000A00000080
ret-ing from M to S

clint mtime 0x000000000000013E (mip.MTI <- 0b1, mip.STI <- 0b0)
mem[X,0x0000000080000B74] -> 0xA703
mem[X,0x0000000080000B76] -> 0x0147
[636] [S]: 0x0000030080000B74 (0x0147A703) lw x14, 0x14(x15)                        va_rvtest_code_begin+952
PTW: Start, vpn=0x28080000, access_type=R, privilege=Smem[R,0x0000000080009028] -> 0x00000000000000C9
PTW: Step, level=3, pte=0xC9, pte_addr=0x80009028
PTW: failed, error=no-permission, level=3, pte_addr=0x80009028
trapping from S to M to handle load-page-fault
handling exc#load-page-fault at priv M with tval 0x0000028080000414
CSR mstatus (0x300) <- 0x0000000A00000800
CSR mcause (0x342) <- 0x000000000000000D
CSR mtval (0x343) <- 0x0000028080000414
CSR mepc (0x341) <- 0x0000030080000B74

mem[X,0x0000000080001C80] -> 0x006F
mem[X,0x0000000080001C82] -> 0x1000
[637] [M]: 0x0000000080001C80 (0x1000006F) jal x0, 0x100                            Mtrampoline+0

clint mtime 0x000000000000013F (mip.MTI <- 0b1, mip.STI <- 0b0)
mem[X,0x0000000080001D80] -> 0x1173
mem[X,0x0000000080001D82] -> 0x3401
[638] [M]: 0x0000000080001D80 (0x34011173) csrrw x2, mscratch, x2                   trap_Mhandler+0
CSR mscratch (0x340) <- 0x0000000080005000
x2 <- 0x0000000080005000

mem[X,0x0000000080001D84] -> 0x3423
mem[X,0x0000000080001D86] -> 0x28B1
[639] [M]: 0x0000000080001D84 (0x28B13423) sd x11, 0x288(x2)                        trap_Mhandler+4
mem[W,0x0000000080005288] <- 0x00000000000000C9

clint mtime 0x0000000000000140 (mip.MTI <- 0b1, mip.STI <- 0b0)
mem[X,0x0000000080001D88] -> 0x05EF
mem[X,0x0000000080001D8A] -> 0x0B80
[640] [M]: 0x0000000080001D88 (0x0B8005EF) jal x11, 0xb8                            trap_Mhandler+8
x11 <- 0x0000000080001D8C

mem[X,0x0000000080001E40] -> 0x3023
mem[X,0x0000000080001E42] -> 0x28A1
[641] [M]: 0x0000000080001E40 (0x28A13023) sd x10, 0x280(x2)                        common_Mhandler+0
mem[W,0x0000000080005280] <- 0x00000000000000C9

clint mtime 0x0000000000000141 (mip.MTI <- 0b1, mip.STI <- 0b0)
mem[X,0x0000000080001E44] -> 0x1573
mem[X,0x0000000080001E46] -> 0x3401
[642] [M]: 0x0000000080001E44 (0x34011573) csrrw x10, mscratch, x2                  common_Mhandler+4
CSR mscratch (0x340) <- 0x0000000080005000
x10 <- 0x0000000080005000

mem[X,0x0000000080001E48] -> 0x3823
mem[X,0x0000000080001E4A] -> 0x28A1
[643] [M]: 0x0000000080001E48 (0x28A13823) sd x10, 0x290(x2)                        common_Mhandler+8
mem[W,0x0000000080005290] <- 0x0000000080005000

clint mtime 0x0000000000000142 (mip.MTI <- 0b1, mip.STI <- 0b0)
mem[X,0x0000000080001E4C] -> 0x3503
mem[X,0x0000000080001E4E] -> 0x2301
[644] [M]: 0x0000000080001E4C (0x23013503) ld x10, 0x230(x2)                        common_Mhandler+12
mem[R,0x0000000080005230] -> 0x0000000080001E54
x10 <- 0x0000000080001E54

mem[X,0x0000000080001E50] -> 0x0067
mem[X,0x0000000080001E52] -> 0x0005
[645] [M]: 0x0000000080001E50 (0x00050067) jalr x0, 0x0(x10)                        common_Mhandler+16

clint mtime 0x0000000000000143 (mip.MTI <- 0b1, mip.STI <- 0b0)
mem[X,0x0000000080001E54] -> 0x3C23
mem[X,0x0000000080001E56] -> 0x2691
[646] [M]: 0x0000000080001E54 (0x26913C23) sd x9, 0x278(x2)                         common_Mentry+0
mem[W,0x0000000080005278] <- 0x0000060080000B44

mem[X,0x0000000080001E58] -> 0x3823
mem[X,0x0000000080001E5A] -> 0x2681
[647] [M]: 0x0000000080001E58 (0x26813823) sd x8, 0x270(x2)                         common_Mentry+4
mem[W,0x0000000080005270] <- 0x0000000000007F76

clint mtime 0x0000000000000144 (mip.MTI <- 0b1, mip.STI <- 0b0)
mem[X,0x0000000080001E5C] -> 0x3423
mem[X,0x0000000080001E5E] -> 0x2671
[648] [M]: 0x0000000080001E5C (0x26713423) sd x7, 0x268(x2)                         common_Mentry+8
mem[W,0x0000000080005268] <- 0x0000000080005000

mem[X,0x0000000080001E60] -> 0x3023
mem[X,0x0000000080001E62] -> 0x2661
[649] [M]: 0x0000000080001E60 (0x26613023) sd x6, 0x260(x2)                         common_Mentry+12
mem[W,0x0000000080005260] <- 0x0000030000000008

clint mtime 0x0000000000000145 (mip.MTI <- 0b1, mip.STI <- 0b0)
mem[X,0x0000000080001E64] -> 0x2573
mem[X,0x0000000080001E66] -> 0x3420
[650] [M]: 0x0000000080001E64 (0x34202573) csrrs x10, mcause, x0                    spcl_M2mmode_test+0
CSR mcause (0x342) -> 0x000000000000000D
x10 <- 0x000000000000000D

mem[X,0x0000000080001E68] -> 0x04B7
mem[X,0x0000000080001E6A] -> 0x8000
[651] [M]: 0x0000000080001E68 (0x800004B7) lui x9, -0x80000                         spcl_M2mmode_test+4
x9 <- 0xFFFFFFFF80000000

clint mtime 0x0000000000000146 (mip.MTI <- 0b1, mip.STI <- 0b0)
mem[X,0x0000000080001E6C] -> 0x8493
mem[X,0x0000000080001E6E] -> 0x0004
[652] [M]: 0x0000000080001E6C (0x00048493) addi x9, x9, 0x0                         spcl_M2mmode_test+8
x9 <- 0xFFFFFFFF80000000

mem[X,0x0000000080001E70] -> 0x9493
mem[X,0x0000000080001E72] -> 0x00B4
[653] [M]: 0x0000000080001E70 (0x00B49493) slli x9, x9, 0xb                         spcl_M2mmode_test+12
x9 <- 0xFFFFFC0000000000

clint mtime 0x0000000000000147 (mip.MTI <- 0b1, mip.STI <- 0b0)
mem[X,0x0000000080001E74] -> 0x8493
mem[X,0x0000000080001E76] -> 0x0004
[654] [M]: 0x0000000080001E74 (0x00048493) addi x9, x9, 0x0                         spcl_M2mmode_test+16
x9 <- 0xFFFFFC0000000000

mem[X,0x0000000080001E78] -> 0x9493
mem[X,0x0000000080001E7A] -> 0x00B4
[655] [M]: 0x0000000080001E78 (0x00B49493) slli x9, x9, 0xb                         spcl_M2mmode_test+20
x9 <- 0xFFE0000000000000

clint mtime 0x0000000000000148 (mip.MTI <- 0b1, mip.STI <- 0b0)
mem[X,0x0000000080001E7C] -> 0x8493
mem[X,0x0000000080001E7E] -> 0x0034
[656] [M]: 0x0000000080001E7C (0x00348493) addi x9, x9, 0x3                         spcl_M2mmode_test+24
x9 <- 0xFFE0000000000003

mem[X,0x0000000080001E80] -> 0x9493
mem[X,0x0000000080001E82] -> 0x00A4
[657] [M]: 0x0000000080001E80 (0x00A49493) slli x9, x9, 0xa                         spcl_M2mmode_test+28
x9 <- 0x8000000000000C00

clint mtime 0x0000000000000149 (mip.MTI <- 0b1, mip.STI <- 0b0)
mem[X,0x0000000080001E84] -> 0x8493
mem[X,0x0000000080001E86] -> 0x3FC4
[658] [M]: 0x0000000080001E84 (0x3FC48493) addi x9, x9, 0x3fc                       spcl_M2mmode_test+32
x9 <- 0x8000000000000FFC

mem[X,0x0000000080001E88] -> 0xF4B3
mem[X,0x0000000080001E8A] -> 0x00A4
[659] [M]: 0x0000000080001E88 (0x00A4F4B3) and x9, x9, x10                          spcl_M2mmode_test+36
x9 <- 0x000000000000000C

clint mtime 0x000000000000014A (mip.MTI <- 0b1, mip.STI <- 0b0)
mem[X,0x0000000080001E8C] -> 0x8493
mem[X,0x0000000080001E8E] -> 0xFF84
[660] [M]: 0x0000000080001E8C (0xFF848493) addi x9, x9, -0x8                        spcl_M2mmode_test+40
x9 <- 0x0000000000000004

mem[X,0x0000000080001E90] -> 0x9663
mem[X,0x0000000080001E92] -> 0x0004
[661] [M]: 0x0000000080001E90 (0x00049663) bne x9, x0, 0xc                          spcl_M2mmode_test+44

clint mtime 0x000000000000014B (mip.MTI <- 0b1, mip.STI <- 0b0)
mem[X,0x0000000080001E9C] -> 0x0393
mem[X,0x0000000080001E9E] -> 0x0200
[662] [M]: 0x0000000080001E9C (0x02000393) addi x7, x0, 0x20                        Mtrapsig_ptr_upd+0
x7 <- 0x0000000000000020

mem[X,0x0000000080001EA0] -> 0x5263
mem[X,0x0000000080001EA2] -> 0x0405
[663] [M]: 0x0000000080001EA0 (0x04055263) bge x10, x0, 0x44                        Mtrapsig_ptr_upd+4

clint mtime 0x000000000000014C (mip.MTI <- 0b1, mip.STI <- 0b0)
mem[X,0x0000000080001EE4] -> 0x2373
mem[X,0x0000000080001EE6] -> 0x3010
[664] [M]: 0x0000000080001EE4 (0x30102373) csrrs x6, misa, x0                       Mxcpt_sig_sv+0
CSR misa (0x301) -> 0x800000000034112F
x6 <- 0x800000000034112F

mem[X,0x0000000080001EE8] -> 0x1313
mem[X,0x0000000080001EEA] -> 0x0383
[665] [M]: 0x0000000080001EE8 (0x03831313) slli x6, x6, 0x38                        Mxcpt_sig_sv+4
x6 <- 0x2F00000000000000

clint mtime 0x000000000000014D (mip.MTI <- 0b1, mip.STI <- 0b0)
mem[X,0x0000000080001EEC] -> 0x5463
mem[X,0x0000000080001EEE] -> 0x0003
[666] [M]: 0x0000000080001EEC (0x00035463) bge x6, x0, 0x8                          Mxcpt_sig_sv+8

mem[X,0x0000000080001EF4] -> 0x3303
mem[X,0x0000000080001EF6] -> 0x2181
[667] [M]: 0x0000000080001EF4 (0x21813303) ld x6, 0x218(x2)                         Mtrap_sig_sv+0
mem[R,0x0000000080005218] -> 0x000000008000A558
x6 <- 0x000000008000A558

clint mtime 0x000000000000014E (mip.MTI <- 0b1, mip.STI <- 0b0)
mem[X,0x0000000080001EF8] -> 0x04B3
mem[X,0x0000000080001EFA] -> 0x0073
[668] [M]: 0x0000000080001EF8 (0x007304B3) add x9, x6, x7                           Mtrap_sig_sv+4
x9 <- 0x000000008000A578

mem[X,0x0000000080001EFC] -> 0x3C23
mem[X,0x0000000080001EFE] -> 0x2091
[669] [M]: 0x0000000080001EFC (0x20913C23) sd x9, 0x218(x2)                         Mtrap_sig_sv+8
mem[W,0x0000000080005218] <- 0x000000008000A578

clint mtime 0x000000000000014F (mip.MTI <- 0b1, mip.STI <- 0b0)
mem[X,0x0000000080001F00] -> 0x3403
mem[X,0x0000000080001F02] -> 0x1F81
[670] [M]: 0x0000000080001F00 (0x1F813403) ld x8, 0x1f8(x2)                         Mtrap_sig_sv+12
mem[R,0x00000000800051F8] -> 0x000000008000A110
x8 <- 0x000000008000A110

mem[X,0x0000000080001F04] -> 0x0333
mem[X,0x0000000080001F06] -> 0x4083
[671] [M]: 0x0000000080001F04 (0x40830333) sub x6, x6, x8                           Mtrap_sig_sv+16
x6 <- 0x0000000000000448

clint mtime 0x0000000000000150 (mip.MTI <- 0b1, mip.STI <- 0b0)
mem[X,0x0000000080001F08] -> 0x3403
mem[X,0x0000000080001F0A] -> 0x1F81
[672] [M]: 0x0000000080001F08 (0x1F813403) ld x8, 0x1f8(x2)                         Mtrap_sig_sv+20
mem[R,0x00000000800051F8] -> 0x000000008000A110
x8 <- 0x000000008000A110

mem[X,0x0000000080001F0C] -> 0x0333
mem[X,0x0000000080001F0E] -> 0x0083
[673] [M]: 0x0000000080001F0C (0x00830333) add x6, x6, x8                           Mtrap_sig_sv+24
x6 <- 0x000000008000A558

clint mtime 0x0000000000000151 (mip.MTI <- 0b1, mip.STI <- 0b0)
mem[X,0x0000000080001F10] -> 0x3403
mem[X,0x0000000080001F12] -> 0x2401
[674] [M]: 0x0000000080001F10 (0x24013403) ld x8, 0x240(x2)                         Mtrap_sig_sv+28
mem[R,0x0000000080005240] -> 0x0000000080001C80
x8 <- 0x0000000080001C80

mem[X,0x0000000080001F14] -> 0x85B3
mem[X,0x0000000080001F16] -> 0x4085
[675] [M]: 0x0000000080001F14 (0x408585B3) sub x11, x11, x8                         sv_Mvect+0
x11 <- 0x000000000000010C

clint mtime 0x0000000000000152 (mip.MTI <- 0b1, mip.STI <- 0b0)
mem[X,0x0000000080001F18] -> 0x9593
mem[X,0x0000000080001F1A] -> 0x0045
[676] [M]: 0x0000000080001F18 (0x00459593) slli x11, x11, 0x4                       sv_Mvect+4
x11 <- 0x00000000000010C0

mem[X,0x0000000080001F1C] -> 0xE5B3
mem[X,0x0000000080001F1E] -> 0x0075
[677] [M]: 0x0000000080001F1C (0x0075E5B3) or x11, x11, x7                          sv_Mvect+8
x11 <- 0x00000000000010E0

clint mtime 0x0000000000000153 (mip.MTI <- 0b1, mip.STI <- 0b0)
mem[X,0x0000000080001F20] -> 0x8593
mem[X,0x0000000080001F22] -> 0x0035
[678] [M]: 0x0000000080001F20 (0x00358593) addi x11, x11, 0x3                       sv_Mvect+12
x11 <- 0x00000000000010E3

mem[X,0x0000000080001F24] -> 0x3023
mem[X,0x0000000080001F26] -> 0x00B3
[679] [M]: 0x0000000080001F24 (0x00B33023) sd x11, 0x0(x6)                          sv_Mvect+16
mem[W,0x000000008000A558] <- 0x00000000000010E3

clint mtime 0x0000000000000154 (mip.MTI <- 0b1, mip.STI <- 0b0)
mem[X,0x0000000080001F28] -> 0x3423
mem[X,0x0000000080001F2A] -> 0x00A3
[680] [M]: 0x0000000080001F28 (0x00A33423) sd x10, 0x8(x6)                          sv_Mcause+0
mem[W,0x000000008000A560] <- 0x000000000000000D

mem[X,0x0000000080001F2C] -> 0x4663
mem[X,0x0000000080001F2E] -> 0x1A05
[681] [M]: 0x0000000080001F2C (0x1A054663) blt x10, x0, 0x1ac                       sv_Mcause+4

clint mtime 0x0000000000000155 (mip.MTI <- 0b1, mip.STI <- 0b0)
mem[X,0x0000000080001F30] -> 0x25F3
mem[X,0x0000000080001F32] -> 0x3000
[682] [M]: 0x0000000080001F30 (0x300025F3) csrrs x11, mstatus, x0                   common_Mexcpt_handler+0
CSR mstatus (0x300) -> 0x0000000A00000800
x11 <- 0x0000000A00000800

mem[X,0x0000000080001F34] -> 0x9413
mem[X,0x0000000080001F36] -> 0x02E5
[683] [M]: 0x0000000080001F34 (0x02E59413) slli x8, x11, 0x2e                       common_Mexcpt_handler+4
x8 <- 0x0200000000000000

clint mtime 0x0000000000000156 (mip.MTI <- 0b1, mip.STI <- 0b0)
mem[X,0x0000000080001F38] -> 0x5463
mem[X,0x0000000080001F3A] -> 0x0004
[684] [M]: 0x0000000080001F38 (0x00045463) bge x8, x0, 0x8                          common_Mexcpt_handler+8

mem[X,0x0000000080001F40] -> 0xD493
mem[X,0x0000000080001F42] -> 0x00B5
[685] [M]: 0x0000000080001F40 (0x00B5D493) srli x9, x11, 0xb                        common_Mexcpt_handler+16
x9 <- 0x0000000001400001

clint mtime 0x0000000000000157 (mip.MTI <- 0b1, mip.STI <- 0b0)
mem[X,0x0000000080001F44] -> 0xF493
mem[X,0x0000000080001F46] -> 0x0034
[686] [M]: 0x0000000080001F44 (0x0034F493) andi x9, x9, 0x3                         common_Mexcpt_handler+20
x9 <- 0x0000000000000001

mem[X,0x0000000080001F48] -> 0x8493
mem[X,0x0000000080001F4A] -> 0x0014
[687] [M]: 0x0000000080001F48 (0x00148493) addi x9, x9, 0x1                         common_Mexcpt_handler+24
x9 <- 0x0000000000000002

clint mtime 0x0000000000000158 (mip.MTI <- 0b1, mip.STI <- 0b0)
mem[X,0x0000000080001F4C] -> 0xF493
mem[X,0x0000000080001F4E] -> 0x0044
[688] [M]: 0x0000000080001F4C (0x0044F493) andi x9, x9, 0x4                         common_Mexcpt_handler+28
x9 <- 0x0000000000000000

mem[X,0x0000000080001F50] -> 0x0593
mem[X,0x0000000080001F52] -> 0x05D0
[689] [M]: 0x0000000080001F50 (0x05D00593) addi x11, x0, 0x5d                       common_Mexcpt_handler+32
x11 <- 0x000000000000005D

clint mtime 0x0000000000000159 (mip.MTI <- 0b1, mip.STI <- 0b0)
mem[X,0x0000000080001F54] -> 0xD5B3
mem[X,0x0000000080001F56] -> 0x0095
[690] [M]: 0x0000000080001F54 (0x0095D5B3) srl x11, x11, x9                         common_Mexcpt_handler+36
x11 <- 0x000000000000005D

mem[X,0x0000000080001F58] -> 0xF593
mem[X,0x0000000080001F5A] -> 0x0015
[691] [M]: 0x0000000080001F58 (0x0015F593) andi x11, x11, 0x1                       common_Mexcpt_handler+40
x11 <- 0x0000000000000001

clint mtime 0x000000000000015A (mip.MTI <- 0b1, mip.STI <- 0b0)
mem[X,0x0000000080001F5C] -> 0x8EE3
mem[X,0x0000000080001F5E] -> 0xF405
[692] [M]: 0x0000000080001F5C (0xF4058EE3) beq x11, x0, -0xa4                       common_Mexcpt_handler+44

mem[X,0x0000000080001F60] -> 0x0593
mem[X,0x0000000080001F62] -> 0x2980
[693] [M]: 0x0000000080001F60 (0x29800593) addi x11, x0, 0x298                      common_Mexcpt_handler+48
x11 <- 0x0000000000000298

clint mtime 0x000000000000015B (mip.MTI <- 0b1, mip.STI <- 0b0)
mem[X,0x0000000080001F64] -> 0xF413
mem[X,0x0000000080001F66] -> 0x0014
[694] [M]: 0x0000000080001F64 (0x0014F413) andi x8, x9, 0x1                         common_Mexcpt_handler+52
x8 <- 0x0000000000000000

mem[X,0x0000000080001F68] -> 0x95B3
mem[X,0x0000000080001F6A] -> 0x0085
[695] [M]: 0x0000000080001F68 (0x008595B3) sll x11, x11, x8                         common_Mexcpt_handler+56
x11 <- 0x0000000000000298

clint mtime 0x000000000000015C (mip.MTI <- 0b1, mip.STI <- 0b0)
mem[X,0x0000000080001F6C] -> 0x9413
mem[X,0x0000000080001F6E] -> 0x03D4
[696] [M]: 0x0000000080001F6C (0x03D49413) slli x8, x9, 0x3d                        common_Mexcpt_handler+60
x8 <- 0x0000000000000000

mem[X,0x0000000080001F70] -> 0x5413
mem[X,0x0000000080001F72] -> 0x43F4
[697] [M]: 0x0000000080001F70 (0x43F45413) srai x8, x8, 0x3f                        common_Mexcpt_handler+64
x8 <- 0x0000000000000000

clint mtime 0x000000000000015D (mip.MTI <- 0b1, mip.STI <- 0b0)
mem[X,0x0000000080001F74] -> 0x4413
mem[X,0x0000000080001F76] -> 0xFFF4
[698] [M]: 0x0000000080001F74 (0xFFF44413) xori x8, x8, -0x1                        common_Mexcpt_handler+68
x8 <- 0xFFFFFFFFFFFFFFFF

mem[X,0x0000000080001F78] -> 0xF4B3
mem[X,0x0000000080001F7A] -> 0x0085
[699] [M]: 0x0000000080001F78 (0x0085F4B3) and x9, x11, x8                          common_Mexcpt_handler+72
x9 <- 0x0000000000000298

clint mtime 0x000000000000015E (mip.MTI <- 0b1, mip.STI <- 0b0)
mem[X,0x0000000080001F7C] -> 0x84B3
mem[X,0x0000000080001F7E] -> 0x0024
[700] [M]: 0x0000000080001F7C (0x002484B3) add x9, x9, x2                           vmem_adj_Mepc+0
x9 <- 0x0000000080005298

mem[X,0x0000000080001F80] -> 0x23F3
mem[X,0x0000000080001F82] -> 0x3410
[701] [M]: 0x0000000080001F80 (0x341023F3) csrrs x7, mepc, x0                       vmem_adj_Mepc+4
CSR mepc (0x341) -> 0x0000030080000B74
x7 <- 0x0000030080000B74

clint mtime 0x000000000000015F (mip.MTI <- 0b1, mip.STI <- 0b0)
mem[X,0x0000000080001F84] -> 0x0413
mem[X,0x0000000080001F86] -> 0x0004
[702] [M]: 0x0000000080001F84 (0x00040413) addi x8, x8, 0x0                         vmem_adj_Mepc+8
x8 <- 0xFFFFFFFFFFFFFFFF

mem[X,0x0000000080001F88] -> 0x006F
mem[X,0x0000000080001F8A] -> 0x0400
[703] [M]: 0x0000000080001F88 (0x0400006F) jal x0, 0x40                             vmem_adj_Mepc+12

clint mtime 0x0000000000000160 (mip.MTI <- 0b1, mip.STI <- 0b0)
mem[X,0x0000000080001FC8] -> 0x8433
mem[X,0x0000000080001FCA] -> 0x4083
[704] [M]: 0x0000000080001FC8 (0x40838433) sub x8, x7, x8                           adj_Mepc+0
x8 <- 0x0000030080000B75

mem[X,0x0000000080001FCC] -> 0x3823
mem[X,0x0000000080001FCE] -> 0x0083
[705] [M]: 0x0000000080001FCC (0x00833823) sd x8, 0x10(x6)                          sv_Mepc+0
mem[W,0x000000008000A568] <- 0x0000030080000B75

clint mtime 0x0000000000000161 (mip.MTI <- 0b1, mip.STI <- 0b0)
mem[X,0x0000000080001FD0] -> 0x55B7
mem[X,0x0000000080001FD2] -> 0x0000
[706] [M]: 0x0000000080001FD0 (0x000055B7) lui x11, 0x5                             sv_Mepc+4
x11 <- 0x0000000000005000

mem[X,0x0000000080001FD4] -> 0x8593
mem[X,0x0000000080001FD6] -> 0x6675
[707] [M]: 0x0000000080001FD4 (0x66758593) addi x11, x11, 0x667                     sv_Mepc+8
x11 <- 0x0000000000005667

clint mtime 0x0000000000000162 (mip.MTI <- 0b1, mip.STI <- 0b0)
mem[X,0x0000000080001FD8] -> 0x9593
mem[X,0x0000000080001FDA] -> 0x0015
[708] [M]: 0x0000000080001FD8 (0x00159593) slli x11, x11, 0x1                       sv_Mepc+12
x11 <- 0x000000000000ACCE

mem[X,0x0000000080001FDC] -> 0x9063
mem[X,0x0000000080001FDE] -> 0x02B1
[709] [M]: 0x0000000080001FDC (0x02B19063) bne x3, x11, 0x20                        sv_Mepc+16

clint mtime 0x0000000000000163 (mip.MTI <- 0b1, mip.STI <- 0b0)
mem[X,0x0000000080001FFC] -> 0xF593
mem[X,0x0000000080001FFE] -> 0xFFC3
[710] [M]: 0x0000000080001FFC (0xFFC3F593) andi x11, x7, -0x4                       adj_Mepc_rtn+0
x11 <- 0x0000030080000B74

mem[X,0x0000000080002000] -> 0x8593
mem[X,0x0000000080002002] -> 0x0085
[711] [M]: 0x0000000080002000 (0x00858593) addi x11, x11, 0x8                       adj_Mepc_rtn+4
x11 <- 0x0000030080000B7C

clint mtime 0x0000000000000164 (mip.MTI <- 0b1, mip.STI <- 0b0)
mem[X,0x0000000080002004] -> 0x9073
mem[X,0x0000000080002006] -> 0x3415
[712] [M]: 0x0000000080002004 (0x34159073) csrrw x0, mepc, x11                      adj_Mepc_rtn+8
CSR mepc (0x341) <- 0x0000030080000B7C

mem[X,0x0000000080002008] -> 0x23F3
mem[X,0x000000008000200A] -> 0x3430
[713] [M]: 0x0000000080002008 (0x343023F3) csrrs x7, mtval, x0                      skp_adj_Mepc+0
CSR mtval (0x343) -> 0x0000028080000414
x7 <- 0x0000028080000414

clint mtime 0x0000000000000165 (mip.MTI <- 0b1, mip.STI <- 0b0)
mem[X,0x000000008000200C] -> 0x0413
mem[X,0x000000008000200E] -> 0x0004
[714] [M]: 0x000000008000200C (0x00040413) addi x8, x8, 0x0                         skp_adj_Mepc+4
x8 <- 0x0000030080000B75

mem[X,0x0000000080002010] -> 0x006F
mem[X,0x0000000080002012] -> 0x0840
[715] [M]: 0x0000000080002010 (0x0840006F) jal x0, 0x84                             skp_adj_Mepc+8

clint mtime 0x0000000000000166 (mip.MTI <- 0b1, mip.STI <- 0b0)
mem[X,0x0000000080002094] -> 0x8433
mem[X,0x0000000080002096] -> 0x4083
[716] [M]: 0x0000000080002094 (0x40838433) sub x8, x7, x8                           adj_Mtval+0
x8 <- 0xFFFFFF7FFFFFF89F

mem[X,0x0000000080002098] -> 0x3C23
mem[X,0x000000008000209A] -> 0x0083
[717] [M]: 0x0000000080002098 (0x00833C23) sd x8, 0x18(x6)                          sv_Mtval+0
mem[W,0x000000008000A570] <- 0xFFFFFF7FFFFFF89F

clint mtime 0x0000000000000167 (mip.MTI <- 0b1, mip.STI <- 0b0)
mem[X,0x000000008000209C] -> 0x3483
mem[X,0x000000008000209E] -> 0x2181
[718] [M]: 0x000000008000209C (0x21813483) ld x9, 0x218(x2)                         skp_Mtval+0
mem[R,0x0000000080005218] -> 0x000000008000A578
x9 <- 0x000000008000A578

mem[X,0x00000000800020A0] -> 0x3383
mem[X,0x00000000800020A2] -> 0x1F81
[719] [M]: 0x00000000800020A0 (0x1F813383) ld x7, 0x1f8(x2)                         skp_Mtval+4
mem[R,0x00000000800051F8] -> 0x000000008000A110
x7 <- 0x000000008000A110

clint mtime 0x0000000000000168 (mip.MTI <- 0b1, mip.STI <- 0b0)
mem[X,0x00000000800020A4] -> 0x3303
mem[X,0x00000000800020A6] -> 0x2001
[720] [M]: 0x00000000800020A4 (0x20013303) ld x6, 0x200(x2)                         skp_Mtval+8
mem[R,0x0000000080005200] -> 0x0000000000000610
x6 <- 0x0000000000000610

mem[X,0x00000000800020A8] -> 0x0333
mem[X,0x00000000800020AA] -> 0x0073
[721] [M]: 0x00000000800020A8 (0x00730333) add x6, x6, x7                           skp_Mtval+12
x6 <- 0x000000008000A720

clint mtime 0x0000000000000169 (mip.MTI <- 0b1, mip.STI <- 0b0)
mem[X,0x00000000800020AC] -> 0x6AE3
mem[X,0x00000000800020AE] -> 0xAE93
[722] [M]: 0x00000000800020AC (0xAE936AE3) bltu x6, x9, -0x50c                      skp_Mtval+16

mem[X,0x00000000800020B0] -> 0x0393
mem[X,0x00000000800020B2] -> 0x2000
[723] [M]: 0x00000000800020B0 (0x20000393) addi x7, x0, 0x200                       skp_Mtval+20
x7 <- 0x0000000000000200

clint mtime 0x000000000000016A (mip.MTI <- 0b1, mip.STI <- 0b0)
mem[X,0x00000000800020B4] -> 0x006F
mem[X,0x00000000800020B6] -> 0x0400
[724] [M]: 0x00000000800020B4 (0x0400006F) jal x0, 0x40                             skp_Mtval+24

mem[X,0x00000000800020F4] -> 0x0417
mem[X,0x00000000800020F6] -> 0x0000
[725] [M]: 0x00000000800020F4 (0x00000417) auipc x8, 0x0                            spcl_Mhandler+0
x8 <- 0x00000000800020F4

clint mtime 0x000000000000016B (mip.MTI <- 0b1, mip.STI <- 0b0)
mem[X,0x00000000800020F8] -> 0x0413
mem[X,0x00000000800020FA] -> 0x03C4
[726] [M]: 0x00000000800020F8 (0x03C40413) addi x8, x8, 0x3c                        spcl_Mhandler+4
x8 <- 0x0000000080002130

mem[X,0x00000000800020FC] -> 0x0433
mem[X,0x00000000800020FE] -> 0x0074
[727] [M]: 0x00000000800020FC (0x00740433) add x8, x8, x7                           spcl_Mhandler+8
x8 <- 0x0000000080002330

clint mtime 0x000000000000016C (mip.MTI <- 0b1, mip.STI <- 0b0)
mem[X,0x0000000080002100] -> 0x1393
mem[X,0x0000000080002102] -> 0x0035
[728] [M]: 0x0000000080002100 (0x00351393) slli x7, x10, 0x3                        spcl_Mhandler+12
x7 <- 0x0000000000000068

mem[X,0x0000000080002104] -> 0x0433
mem[X,0x0000000080002106] -> 0x0074
[729] [M]: 0x0000000080002104 (0x00740433) add x8, x8, x7                           spcl_Mhandler+16
x8 <- 0x0000000080002398

clint mtime 0x000000000000016D (mip.MTI <- 0b1, mip.STI <- 0b0)
mem[X,0x0000000080002108] -> 0x7413
mem[X,0x000000008000210A] -> 0xFF84
[730] [M]: 0x0000000080002108 (0xFF847413) andi x8, x8, -0x8                        spcl_Mhandler+20
x8 <- 0x0000000080002398

mem[X,0x000000008000210C] -> 0x3403
mem[X,0x000000008000210E] -> 0x0004
[731] [M]: 0x000000008000210C (0x00043403) ld x8, 0x0(x8)                           spcl_Mhandler+24
mem[R,0x0000000080002398] -> 0x000000000000001B
x8 <- 0x000000000000001B

clint mtime 0x000000000000016E (mip.MTI <- 0b1, mip.STI <- 0b0)
mem[X,0x0000000080002110] -> 0x02E3
mem[X,0x0000000080002112] -> 0xB204
[732] [M]: 0x0000000080002110 (0xB20402E3) beq x8, x0, -0x4dc                       spcl_Mdispatch_hndling+0

mem[X,0x0000000080002114] -> 0x1393
mem[X,0x0000000080002116] -> 0x03F4
[733] [M]: 0x0000000080002114 (0x03F41393) slli x7, x8, 0x3f                        spcl_Mdispatch_hndling+4
x7 <- 0x8000000000000000

clint mtime 0x000000000000016F (mip.MTI <- 0b1, mip.STI <- 0b0)
mem[X,0x0000000080002118] -> 0xD863
mem[X,0x000000008000211A] -> 0x0003
[734] [M]: 0x0000000080002118 (0x0003D863) bge x7, x0, 0x10                         spcl_Mdispatch_hndling+8

mem[X,0x000000008000211C] -> 0x5413
mem[X,0x000000008000211E] -> 0x0014
[735] [M]: 0x000000008000211C (0x00145413) srli x8, x8, 0x1                         spcl_Mdispatch_hndling+12
x8 <- 0x000000000000000D

clint mtime 0x0000000000000170 (mip.MTI <- 0b1, mip.STI <- 0b0)
mem[X,0x0000000080002120] -> 0x0CE3
mem[X,0x0000000080002122] -> 0xF885
[736] [M]: 0x0000000080002120 (0xF8850CE3) beq x10, x8, -0x68                       spcl_Mdispatch_hndling+16

mem[X,0x00000000800020B8] -> 0x3303
mem[X,0x00000000800020BA] -> 0x2601
[737] [M]: 0x00000000800020B8 (0x26013303) ld x6, 0x260(x2)                         resto_Mrtn+0
mem[R,0x0000000080005260] -> 0x0000030000000008
x6 <- 0x0000030000000008

clint mtime 0x0000000000000171 (mip.MTI <- 0b1, mip.STI <- 0b0)
mem[X,0x00000000800020BC] -> 0x3383
mem[X,0x00000000800020BE] -> 0x2681
[738] [M]: 0x00000000800020BC (0x26813383) ld x7, 0x268(x2)                         resto_Mrtn+4
mem[R,0x0000000080005268] -> 0x0000000080005000
x7 <- 0x0000000080005000

mem[X,0x00000000800020C0] -> 0x3403
mem[X,0x00000000800020C2] -> 0x2701
[739] [M]: 0x00000000800020C0 (0x27013403) ld x8, 0x270(x2)                         resto_Mrtn+8
mem[R,0x0000000080005270] -> 0x0000000000007F76
x8 <- 0x0000000000007F76

clint mtime 0x0000000000000172 (mip.MTI <- 0b1, mip.STI <- 0b0)
mem[X,0x00000000800020C4] -> 0x3483
mem[X,0x00000000800020C6] -> 0x2781
[740] [M]: 0x00000000800020C4 (0x27813483) ld x9, 0x278(x2)                         resto_Mrtn+12
mem[R,0x0000000080005278] -> 0x0000060080000B44
x9 <- 0x0000060080000B44

mem[X,0x00000000800020C8] -> 0x3503
mem[X,0x00000000800020CA] -> 0x2801
[741] [M]: 0x00000000800020C8 (0x28013503) ld x10, 0x280(x2)                        resto_Mrtn+16
mem[R,0x0000000080005280] -> 0x00000000000000C9
x10 <- 0x00000000000000C9

clint mtime 0x0000000000000173 (mip.MTI <- 0b1, mip.STI <- 0b0)
mem[X,0x00000000800020CC] -> 0x3583
mem[X,0x00000000800020CE] -> 0x2881
[742] [M]: 0x00000000800020CC (0x28813583) ld x11, 0x288(x2)                        resto_Mrtn+20
mem[R,0x0000000080005288] -> 0x00000000000000C9
x11 <- 0x00000000000000C9

mem[X,0x00000000800020D0] -> 0x3103
mem[X,0x00000000800020D2] -> 0x2901
[743] [M]: 0x00000000800020D0 (0x29013103) ld x2, 0x290(x2)                         resto_Mrtn+24
mem[R,0x0000000080005290] -> 0x0000000080005000
x2 <- 0x0000000080005000

clint mtime 0x0000000000000174 (mip.MTI <- 0b1, mip.STI <- 0b0)
mem[X,0x00000000800020D4] -> 0x0073
mem[X,0x00000000800020D6] -> 0x3020
[744] [M]: 0x00000000800020D4 (0x30200073) mret                                     resto_Mrtn+28
CSR mstatus (0x300) <- 0x0000000A00000080
ret-ing from M to S

mem[X,0x0000000080000B7C] -> 0x51B7
mem[X,0x0000000080000B7E] -> 0x0000
[745] [S]: 0x0000030080000B7C (0x000051B7) lui x3, 0x5                              va_rvtest_code_begin+960
x3 <- 0x0000000000005000

clint mtime 0x0000000000000175 (mip.MTI <- 0b1, mip.STI <- 0b0)
mem[X,0x0000000080000B80] -> 0x8193
mem[X,0x0000000080000B82] -> 0x6671
[746] [S]: 0x0000030080000B80 (0x66718193) addi x3, x3, 0x667                       va_rvtest_code_begin+964
x3 <- 0x0000000000005667

mem[X,0x0000000080000B84] -> 0x9193
mem[X,0x0000000080000B86] -> 0x0011
[747] [S]: 0x0000030080000B84 (0x00119193) slli x3, x3, 0x1                         va_rvtest_code_begin+968
x3 <- 0x000000000000ACCE

clint mtime 0x0000000000000176 (mip.MTI <- 0b1, mip.STI <- 0b0)
mem[X,0x0000000080000B88] -> 0x0013
mem[X,0x0000000080000B8A] -> 0x0000
[748] [S]: 0x0000030080000B88 (0x00000013) addi x0, x0, 0x0                         va_rvtest_code_begin+972

mem[X,0x0000000080000B8C] -> 0x0013
mem[X,0x0000000080000B8E] -> 0x0000
[749] [S]: 0x0000030080000B8C (0x00000013) addi x0, x0, 0x0                         va_rvtest_code_begin+976

clint mtime 0x0000000000000177 (mip.MTI <- 0b1, mip.STI <- 0b0)
mem[X,0x0000000080000B90] -> 0x0013
mem[X,0x0000000080000B92] -> 0x0000
[750] [S]: 0x0000030080000B90 (0x00000013) addi x0, x0, 0x0                         va_rvtest_code_begin+980

mem[X,0x0000000080000B94] -> 0x0013
mem[X,0x0000000080000B96] -> 0x0000
[751] [S]: 0x0000030080000B94 (0x00000013) addi x0, x0, 0x0                         va_rvtest_code_begin+984

clint mtime 0x0000000000000178 (mip.MTI <- 0b1, mip.STI <- 0b0)
mem[X,0x0000000080000B98] -> 0x0013
mem[X,0x0000000080000B9A] -> 0x0000
[752] [S]: 0x0000030080000B98 (0x00000013) addi x0, x0, 0x0                         va_rvtest_code_begin+988

mem[X,0x0000000080000B9C] -> 0x0013
mem[X,0x0000000080000B9E] -> 0x0000
[753] [S]: 0x0000030080000B9C (0x00000013) addi x0, x0, 0x0                         va_rvtest_code_begin+992

clint mtime 0x0000000000000179 (mip.MTI <- 0b1, mip.STI <- 0b0)
mem[X,0x0000000080000BA0] -> 0x0217
mem[X,0x0000000080000BA2] -> 0x0000
[754] [S]: 0x0000030080000BA0 (0x00000217) auipc x4, 0x0                            va_rvtest_code_begin+996
x4 <- 0x0000030080000BA0

mem[X,0x0000000080000BA4] -> 0x0213
mem[X,0x0000000080000BA6] -> 0x02C2
[755] [S]: 0x0000030080000BA4 (0x02C20213) addi x4, x4, 0x2c                        va_rvtest_code_begin+1000
x4 <- 0x0000030080000BCC

clint mtime 0x000000000000017A (mip.MTI <- 0b1, mip.STI <- 0b0)
mem[X,0x0000000080000BA8] -> 0x0001
[756] [S]: 0x0000030080000BA8 (0x0001) c.nop                                        va_rvtest_code_begin+1004

mem[X,0x0000000080000BAA] -> 0x0013
mem[X,0x0000000080000BAC] -> 0x0000
[757] [S]: 0x0000030080000BAA (0x00000013) addi x0, x0, 0x0                         va_rvtest_code_begin+1006

clint mtime 0x000000000000017B (mip.MTI <- 0b1, mip.STI <- 0b0)
mem[X,0x0000000080000BAE] -> 0x0013
mem[X,0x0000000080000BB0] -> 0x0000
[758] [S]: 0x0000030080000BAE (0x00000013) addi x0, x0, 0x0                         va_rvtest_code_begin+1010

mem[X,0x0000000080000BB2] -> 0x0013
mem[X,0x0000000080000BB4] -> 0x0000
[759] [S]: 0x0000030080000BB2 (0x00000013) addi x0, x0, 0x0                         va_rvtest_code_begin+1014

clint mtime 0x000000000000017C (mip.MTI <- 0b1, mip.STI <- 0b0)
mem[X,0x0000000080000BB6] -> 0x0013
mem[X,0x0000000080000BB8] -> 0x0000
[760] [S]: 0x0000030080000BB6 (0x00000013) addi x0, x0, 0x0                         va_rvtest_code_begin+1018

mem[X,0x0000000080000BBA] -> 0x0013
mem[X,0x0000000080000BBC] -> 0x0000
[761] [S]: 0x0000030080000BBA (0x00000013) addi x0, x0, 0x0                         va_rvtest_code_begin+1022

clint mtime 0x000000000000017D (mip.MTI <- 0b1, mip.STI <- 0b0)
mem[X,0x0000000080000BBE] -> 0x0001
[762] [S]: 0x0000030080000BBE (0x0001) c.nop                                        va_rvtest_code_begin+1026

mem[X,0x0000000080000BC0] -> 0x80E7
mem[X,0x0000000080000BC2] -> 0x0007
[763] [S]: 0x0000030080000BC0 (0x000780E7) jalr x1, 0x0(x15)                        va_rvtest_code_begin+1028
x1 <- 0x0000030080000BC4

clint mtime 0x000000000000017E (mip.MTI <- 0b1, mip.STI <- 0b0)
PTW: Start, vpn=0x28080000, access_type=X, privilege=Smem[R,0x0000000080009028] -> 0x00000000000000C9
PTW: Step, level=3, pte=0xC9, pte_addr=0x80009028
PTW: Success, final_ppn=0x80000, level=3mem[X,0x0000000080000400] -> 0x0013
mem[X,0x0000000080000402] -> 0x0000
[764] [S]: 0x0000028080000400 (0x00000013) addi x0, x0, 0x0                         va_data_l3+0

mem[X,0x0000000080000404] -> 0x8093
mem[X,0x0000000080000406] -> 0x0080
[765] [S]: 0x0000028080000404 (0x00808093) addi x1, x1, 0x8                         va_data_l3+4
x1 <- 0x0000030080000BCC

clint mtime 0x000000000000017F (mip.MTI <- 0b1, mip.STI <- 0b0)
mem[X,0x0000000080000408] -> 0x8067
mem[X,0x000000008000040A] -> 0x0000
[766] [S]: 0x0000028080000408 (0x00008067) jalr x0, 0x0(x1)                         va_data_l3+8

PTW: Start, vpn=0x30080000, access_type=X, privilege=Smem[R,0x0000000080009030] -> 0x00000000000000CB
PTW: Step, level=3, pte=0xCB, pte_addr=0x80009030
PTW: Success, final_ppn=0x80000, level=3mem[X,0x0000000080000BCC] -> 0x0013
mem[X,0x0000000080000BCE] -> 0x0000
[767] [S]: 0x0000030080000BCC (0x00000013) addi x0, x0, 0x0                         va_rvtest_code_begin+1040

clint mtime 0x0000000000000180 (mip.MTI <- 0b1, mip.STI <- 0b0)
mem[X,0x0000000080000BD0] -> 0x0013
mem[X,0x0000000080000BD2] -> 0x0000
[768] [S]: 0x0000030080000BD0 (0x00000013) addi x0, x0, 0x0                         va_rvtest_code_begin+1044

mem[X,0x0000000080000BD4] -> 0x0013
mem[X,0x0000000080000BD6] -> 0x0000
[769] [S]: 0x0000030080000BD4 (0x00000013) addi x0, x0, 0x0                         va_rvtest_code_begin+1048

clint mtime 0x0000000000000181 (mip.MTI <- 0b1, mip.STI <- 0b0)
mem[X,0x0000000080000BD8] -> 0x0113
mem[X,0x0000000080000BDA] -> 0x0000
[770] [S]: 0x0000030080000BD8 (0x00000113) addi x2, x0, 0x0                         va_rvtest_code_begin+1052
x2 <- 0x0000000000000000

mem[X,0x0000000080000BDC] -> 0x0073
mem[X,0x0000000080000BDE] -> 0x0000
[771] [S]: 0x0000030080000BDC (0x00000073) ecall                                    va_rvtest_code_begin+1056
trapping from S to M to handle s-call
handling exc#s-call at priv M with tval 0x0000000000000000
CSR mstatus (0x300) <- 0x0000000A00000800
CSR mcause (0x342) <- 0x0000000000000009
CSR mtval (0x343) <- 0x0000000000000000
CSR mepc (0x341) <- 0x0000030080000BDC

clint mtime 0x0000000000000182 (mip.MTI <- 0b1, mip.STI <- 0b0)
mem[X,0x0000000080001C80] -> 0x006F
mem[X,0x0000000080001C82] -> 0x1000
[772] [M]: 0x0000000080001C80 (0x1000006F) jal x0, 0x100                            Mtrampoline+0

mem[X,0x0000000080001D80] -> 0x1173
mem[X,0x0000000080001D82] -> 0x3401
[773] [M]: 0x0000000080001D80 (0x34011173) csrrw x2, mscratch, x2                   trap_Mhandler+0
CSR mscratch (0x340) <- 0x0000000000000000
x2 <- 0x0000000080005000

clint mtime 0x0000000000000183 (mip.MTI <- 0b1, mip.STI <- 0b0)
mem[X,0x0000000080001D84] -> 0x3423
mem[X,0x0000000080001D86] -> 0x28B1
[774] [M]: 0x0000000080001D84 (0x28B13423) sd x11, 0x288(x2)                        trap_Mhandler+4
mem[W,0x0000000080005288] <- 0x00000000000000C9

mem[X,0x0000000080001D88] -> 0x05EF
mem[X,0x0000000080001D8A] -> 0x0B80
[775] [M]: 0x0000000080001D88 (0x0B8005EF) jal x11, 0xb8                            trap_Mhandler+8
x11 <- 0x0000000080001D8C

clint mtime 0x0000000000000184 (mip.MTI <- 0b1, mip.STI <- 0b0)
mem[X,0x0000000080001E40] -> 0x3023
mem[X,0x0000000080001E42] -> 0x28A1
[776] [M]: 0x0000000080001E40 (0x28A13023) sd x10, 0x280(x2)                        common_Mhandler+0
mem[W,0x0000000080005280] <- 0x00000000000000C9

mem[X,0x0000000080001E44] -> 0x1573
mem[X,0x0000000080001E46] -> 0x3401
[777] [M]: 0x0000000080001E44 (0x34011573) csrrw x10, mscratch, x2                  common_Mhandler+4
CSR mscratch (0x340) <- 0x0000000080005000
x10 <- 0x0000000000000000

clint mtime 0x0000000000000185 (mip.MTI <- 0b1, mip.STI <- 0b0)
mem[X,0x0000000080001E48] -> 0x3823
mem[X,0x0000000080001E4A] -> 0x28A1
[778] [M]: 0x0000000080001E48 (0x28A13823) sd x10, 0x290(x2)                        common_Mhandler+8
mem[W,0x0000000080005290] <- 0x0000000000000000

mem[X,0x0000000080001E4C] -> 0x3503
mem[X,0x0000000080001E4E] -> 0x2301
[779] [M]: 0x0000000080001E4C (0x23013503) ld x10, 0x230(x2)                        common_Mhandler+12
mem[R,0x0000000080005230] -> 0x0000000080001E54
x10 <- 0x0000000080001E54

clint mtime 0x0000000000000186 (mip.MTI <- 0b1, mip.STI <- 0b0)
mem[X,0x0000000080001E50] -> 0x0067
mem[X,0x0000000080001E52] -> 0x0005
[780] [M]: 0x0000000080001E50 (0x00050067) jalr x0, 0x0(x10)                        common_Mhandler+16

mem[X,0x0000000080001E54] -> 0x3C23
mem[X,0x0000000080001E56] -> 0x2691
[781] [M]: 0x0000000080001E54 (0x26913C23) sd x9, 0x278(x2)                         common_Mentry+0
mem[W,0x0000000080005278] <- 0x0000060080000B44

clint mtime 0x0000000000000187 (mip.MTI <- 0b1, mip.STI <- 0b0)
mem[X,0x0000000080001E58] -> 0x3823
mem[X,0x0000000080001E5A] -> 0x2681
[782] [M]: 0x0000000080001E58 (0x26813823) sd x8, 0x270(x2)                         common_Mentry+4
mem[W,0x0000000080005270] <- 0x0000000000007F76

mem[X,0x0000000080001E5C] -> 0x3423
mem[X,0x0000000080001E5E] -> 0x2671
[783] [M]: 0x0000000080001E5C (0x26713423) sd x7, 0x268(x2)                         common_Mentry+8
mem[W,0x0000000080005268] <- 0x0000000080005000

clint mtime 0x0000000000000188 (mip.MTI <- 0b1, mip.STI <- 0b0)
mem[X,0x0000000080001E60] -> 0x3023
mem[X,0x0000000080001E62] -> 0x2661
[784] [M]: 0x0000000080001E60 (0x26613023) sd x6, 0x260(x2)                         common_Mentry+12
mem[W,0x0000000080005260] <- 0x0000030000000008

mem[X,0x0000000080001E64] -> 0x2573
mem[X,0x0000000080001E66] -> 0x3420
[785] [M]: 0x0000000080001E64 (0x34202573) csrrs x10, mcause, x0                    spcl_M2mmode_test+0
CSR mcause (0x342) -> 0x0000000000000009
x10 <- 0x0000000000000009

clint mtime 0x0000000000000189 (mip.MTI <- 0b1, mip.STI <- 0b0)
mem[X,0x0000000080001E68] -> 0x04B7
mem[X,0x0000000080001E6A] -> 0x8000
[786] [M]: 0x0000000080001E68 (0x800004B7) lui x9, -0x80000                         spcl_M2mmode_test+4
x9 <- 0xFFFFFFFF80000000

mem[X,0x0000000080001E6C] -> 0x8493
mem[X,0x0000000080001E6E] -> 0x0004
[787] [M]: 0x0000000080001E6C (0x00048493) addi x9, x9, 0x0                         spcl_M2mmode_test+8
x9 <- 0xFFFFFFFF80000000

clint mtime 0x000000000000018A (mip.MTI <- 0b1, mip.STI <- 0b0)
mem[X,0x0000000080001E70] -> 0x9493
mem[X,0x0000000080001E72] -> 0x00B4
[788] [M]: 0x0000000080001E70 (0x00B49493) slli x9, x9, 0xb                         spcl_M2mmode_test+12
x9 <- 0xFFFFFC0000000000

mem[X,0x0000000080001E74] -> 0x8493
mem[X,0x0000000080001E76] -> 0x0004
[789] [M]: 0x0000000080001E74 (0x00048493) addi x9, x9, 0x0                         spcl_M2mmode_test+16
x9 <- 0xFFFFFC0000000000

clint mtime 0x000000000000018B (mip.MTI <- 0b1, mip.STI <- 0b0)
mem[X,0x0000000080001E78] -> 0x9493
mem[X,0x0000000080001E7A] -> 0x00B4
[790] [M]: 0x0000000080001E78 (0x00B49493) slli x9, x9, 0xb                         spcl_M2mmode_test+20
x9 <- 0xFFE0000000000000

mem[X,0x0000000080001E7C] -> 0x8493
mem[X,0x0000000080001E7E] -> 0x0034
[791] [M]: 0x0000000080001E7C (0x00348493) addi x9, x9, 0x3                         spcl_M2mmode_test+24
x9 <- 0xFFE0000000000003

clint mtime 0x000000000000018C (mip.MTI <- 0b1, mip.STI <- 0b0)
mem[X,0x0000000080001E80] -> 0x9493
mem[X,0x0000000080001E82] -> 0x00A4
[792] [M]: 0x0000000080001E80 (0x00A49493) slli x9, x9, 0xa                         spcl_M2mmode_test+28
x9 <- 0x8000000000000C00

mem[X,0x0000000080001E84] -> 0x8493
mem[X,0x0000000080001E86] -> 0x3FC4
[793] [M]: 0x0000000080001E84 (0x3FC48493) addi x9, x9, 0x3fc                       spcl_M2mmode_test+32
x9 <- 0x8000000000000FFC

clint mtime 0x000000000000018D (mip.MTI <- 0b1, mip.STI <- 0b0)
mem[X,0x0000000080001E88] -> 0xF4B3
mem[X,0x0000000080001E8A] -> 0x00A4
[794] [M]: 0x0000000080001E88 (0x00A4F4B3) and x9, x9, x10                          spcl_M2mmode_test+36
x9 <- 0x0000000000000008

mem[X,0x0000000080001E8C] -> 0x8493
mem[X,0x0000000080001E8E] -> 0xFF84
[795] [M]: 0x0000000080001E8C (0xFF848493) addi x9, x9, -0x8                        spcl_M2mmode_test+40
x9 <- 0x0000000000000000

clint mtime 0x000000000000018E (mip.MTI <- 0b1, mip.STI <- 0b0)
mem[X,0x0000000080001E90] -> 0x9663
mem[X,0x0000000080001E92] -> 0x0004
[796] [M]: 0x0000000080001E90 (0x00049663) bne x9, x0, 0xc                          spcl_M2mmode_test+44

mem[X,0x0000000080001E94] -> 0x3383
mem[X,0x0000000080001E96] -> 0x2901
[797] [M]: 0x0000000080001E94 (0x29013383) ld x7, 0x290(x2)                         spcl_M2mmode_test+48
mem[R,0x0000000080005290] -> 0x0000000000000000
x7 <- 0x0000000000000000

clint mtime 0x000000000000018F (mip.MTI <- 0b1, mip.STI <- 0b0)
mem[X,0x0000000080001E98] -> 0x8663
mem[X,0x0000000080001E9A] -> 0x6E03
[798] [M]: 0x0000000080001E98 (0x6E038663) beq x7, x0, 0x6ec                        spcl_M2mmode_test+52

mem[X,0x0000000080002584] -> 0x0493
mem[X,0x0000000080002586] -> 0xFF55
[799] [M]: 0x0000000080002584 (0xFF550493) addi x9, x10, -0xb                       rtn2mmode+0
x9 <- 0xFFFFFFFFFFFFFFFE

clint mtime 0x0000000000000190 (mip.MTI <- 0b1, mip.STI <- 0b0)
mem[X,0x0000000080002588] -> 0x8C63
mem[X,0x000000008000258A] -> 0x0004
[800] [M]: 0x0000000080002588 (0x00048C63) beq x9, x0, 0x18                         rtn2mmode+4

mem[X,0x000000008000258C] -> 0x3583
mem[X,0x000000008000258E] -> 0x4701
[801] [M]: 0x000000008000258C (0x47013583) ld x11, 0x470(x2)                        rtn2mmode+8
mem[R,0x0000000080005470] -> 0x00000300800007BC
x11 <- 0x00000300800007BC

clint mtime 0x0000000000000191 (mip.MTI <- 0b1, mip.STI <- 0b0)
mem[X,0x0000000080002590] -> 0xD463
mem[X,0x0000000080002592] -> 0x0003
[802] [M]: 0x0000000080002590 (0x0003D463) bge x7, x0, 0x8                          rtn2mmode+12

mem[X,0x0000000080002598] -> 0x3483
mem[X,0x000000008000259A] -> 0x1D81
[803] [M]: 0x0000000080002598 (0x1D813483) ld x9, 0x1d8(x2)                         from_u_s+0
mem[R,0x00000000800051D8] -> 0x00000000800007D4
x9 <- 0x00000000800007D4

clint mtime 0x0000000000000192 (mip.MTI <- 0b1, mip.STI <- 0b0)
mem[X,0x000000008000259C] -> 0x84B3
mem[X,0x000000008000259E] -> 0x40B4
[804] [M]: 0x000000008000259C (0x40B484B3) sub x9, x9, x11                          from_u_s+4
x9 <- 0xFFFFFD0000000018

mem[X,0x00000000800025A0] -> 0x23F3
mem[X,0x00000000800025A2] -> 0x3410
[805] [M]: 0x00000000800025A0 (0x341023F3) csrrs x7, mepc, x0                       rtn_fm_mmode+0
CSR mepc (0x341) -> 0x0000030080000BDC
x7 <- 0x0000030080000BDC

clint mtime 0x0000000000000193 (mip.MTI <- 0b1, mip.STI <- 0b0)
mem[X,0x00000000800025A4] -> 0x83B3
mem[X,0x00000000800025A6] -> 0x0093
[806] [M]: 0x00000000800025A4 (0x009383B3) add x7, x7, x9                           rtn_fm_mmode+4
x7 <- 0x0000000080000BF4

mem[X,0x00000000800025A8] -> 0x3303
mem[X,0x00000000800025AA] -> 0x2601
[807] [M]: 0x00000000800025A8 (0x26013303) ld x6, 0x260(x2)                         rtn_fm_mmode+8
mem[R,0x0000000080005260] -> 0x0000030000000008
x6 <- 0x0000030000000008

clint mtime 0x0000000000000194 (mip.MTI <- 0b1, mip.STI <- 0b0)
mem[X,0x00000000800025AC] -> 0x3403
mem[X,0x00000000800025AE] -> 0x2701
[808] [M]: 0x00000000800025AC (0x27013403) ld x8, 0x270(x2)                         rtn_fm_mmode+12
mem[R,0x0000000080005270] -> 0x0000000000007F76
x8 <- 0x0000000000007F76

mem[X,0x00000000800025B0] -> 0x3483
mem[X,0x00000000800025B2] -> 0x2781
[809] [M]: 0x00000000800025B0 (0x27813483) ld x9, 0x278(x2)                         rtn_fm_mmode+16
mem[R,0x0000000080005278] -> 0x0000060080000B44
x9 <- 0x0000060080000B44

clint mtime 0x0000000000000195 (mip.MTI <- 0b1, mip.STI <- 0b0)
mem[X,0x00000000800025B4] -> 0x3503
mem[X,0x00000000800025B6] -> 0x2801
[810] [M]: 0x00000000800025B4 (0x28013503) ld x10, 0x280(x2)                        rtn_fm_mmode+20
mem[R,0x0000000080005280] -> 0x00000000000000C9
x10 <- 0x00000000000000C9

mem[X,0x00000000800025B8] -> 0x3583
mem[X,0x00000000800025BA] -> 0x2881
[811] [M]: 0x00000000800025B8 (0x28813583) ld x11, 0x288(x2)                        rtn_fm_mmode+24
mem[R,0x0000000080005288] -> 0x00000000000000C9
x11 <- 0x00000000000000C9

clint mtime 0x0000000000000196 (mip.MTI <- 0b1, mip.STI <- 0b0)
mem[X,0x00000000800025BC] -> 0x3103
mem[X,0x00000000800025BE] -> 0x2901
[812] [M]: 0x00000000800025BC (0x29013103) ld x2, 0x290(x2)                         rtn_fm_mmode+28
mem[R,0x0000000080005290] -> 0x0000000000000000
x2 <- 0x0000000000000000

mem[X,0x00000000800025C0] -> 0x8067
mem[X,0x00000000800025C2] -> 0x0043
[813] [M]: 0x00000000800025C0 (0x00438067) jalr x0, 0x4(x7)                         rtn_fm_mmode+32

clint mtime 0x0000000000000197 (mip.MTI <- 0b1, mip.STI <- 0b0)
mem[X,0x0000000080000BF8] -> 0x0013
mem[X,0x0000000080000BFA] -> 0x0000
[814] [M]: 0x0000000080000BF8 (0x00000013) addi x0, x0, 0x0                         main+1016

mem[X,0x0000000080000BFC] -> 0x0013
mem[X,0x0000000080000BFE] -> 0x0000
[815] [M]: 0x0000000080000BFC (0x00000013) addi x0, x0, 0x0                         main+1020

clint mtime 0x0000000000000198 (mip.MTI <- 0b1, mip.STI <- 0b0)
mem[X,0x0000000080000C00] -> 0x051B
mem[X,0x0000000080000C02] -> 0x0000
[816] [M]: 0x0000000080000C00 (0x0000051B) addiw x10, x0, 0x0                       main+1024
x10 <- 0x0000000000000000

mem[X,0x0000000080000C04] -> 0x0001
[817] [M]: 0x0000000080000C04 (0x0001) c.nop                                        main+1028

clint mtime 0x0000000000000199 (mip.MTI <- 0b1, mip.STI <- 0b0)
mem[X,0x0000000080000C06] -> 0x0013
mem[X,0x0000000080000C08] -> 0x0000
[818] [M]: 0x0000000080000C06 (0x00000013) addi x0, x0, 0x0                         main+1030

mem[X,0x0000000080000C0A] -> 0x0013
mem[X,0x0000000080000C0C] -> 0x0000
[819] [M]: 0x0000000080000C0A (0x00000013) addi x0, x0, 0x0                         main+1034

clint mtime 0x000000000000019A (mip.MTI <- 0b1, mip.STI <- 0b0)
mem[X,0x0000000080000C0E] -> 0x0013
mem[X,0x0000000080000C10] -> 0x0000
[820] [M]: 0x0000000080000C0E (0x00000013) addi x0, x0, 0x0                         main+1038

mem[X,0x0000000080000C12] -> 0x0013
mem[X,0x0000000080000C14] -> 0x0000
[821] [M]: 0x0000000080000C12 (0x00000013) addi x0, x0, 0x0                         main+1042

clint mtime 0x000000000000019B (mip.MTI <- 0b1, mip.STI <- 0b0)
mem[X,0x0000000080000C16] -> 0x0013
mem[X,0x0000000080000C18] -> 0x0000
[822] [M]: 0x0000000080000C16 (0x00000013) addi x0, x0, 0x0                         main+1046

mem[X,0x0000000080000C1A] -> 0x0013
mem[X,0x0000000080000C1C] -> 0x0000
[823] [M]: 0x0000000080000C1A (0x00000013) addi x0, x0, 0x0                         main+1050

clint mtime 0x000000000000019C (mip.MTI <- 0b1, mip.STI <- 0b0)
mem[X,0x0000000080000C1E] -> 0x0001
[824] [M]: 0x0000000080000C1E (0x0001) c.nop                                        main+1054

mem[X,0x0000000080000C20] -> 0x0593
mem[X,0x0000000080000C22] -> 0x0C90
[825] [M]: 0x0000000080000C20 (0x0C900593) addi x11, x0, 0xc9                       main+1056
x11 <- 0x00000000000000C9

clint mtime 0x000000000000019D (mip.MTI <- 0b1, mip.STI <- 0b0)
mem[X,0x0000000080000C24] -> 0x5513
mem[X,0x0000000080000C26] -> 0x00C5
[826] [M]: 0x0000000080000C24 (0x00C55513) srli x10, x10, 0xc                       main+1060
x10 <- 0x0000000000000000

mem[X,0x0000000080000C28] -> 0x1513
mem[X,0x0000000080000C2A] -> 0x00A5
[827] [M]: 0x0000000080000C28 (0x00A51513) slli x10, x10, 0xa                       main+1064
x10 <- 0x0000000000000000

clint mtime 0x000000000000019E (mip.MTI <- 0b1, mip.STI <- 0b0)
mem[X,0x0000000080000C2C] -> 0x6533
mem[X,0x0000000080000C2E] -> 0x00B5
[828] [M]: 0x0000000080000C2C (0x00B56533) or x10, x10, x11                         main+1068
x10 <- 0x00000000000000C9

mem[X,0x0000000080000C30] -> 0x0013
mem[X,0x0000000080000C32] -> 0x0000
[829] [M]: 0x0000000080000C30 (0x00000013) addi x0, x0, 0x0                         main+1072

clint mtime 0x000000000000019F (mip.MTI <- 0b1, mip.STI <- 0b0)
mem[X,0x0000000080000C34] -> 0x0013
mem[X,0x0000000080000C36] -> 0x0000
[830] [M]: 0x0000000080000C34 (0x00000013) addi x0, x0, 0x0                         main+1076

mem[X,0x0000000080000C38] -> 0x0013
mem[X,0x0000000080000C3A] -> 0x0000
[831] [M]: 0x0000000080000C38 (0x00000013) addi x0, x0, 0x0                         main+1080

clint mtime 0x00000000000001A0 (mip.MTI <- 0b1, mip.STI <- 0b0)
mem[X,0x0000000080000C3C] -> 0x0013
mem[X,0x0000000080000C3E] -> 0x0000
[832] [M]: 0x0000000080000C3C (0x00000013) addi x0, x0, 0x0                         main+1084

mem[X,0x0000000080000C40] -> 0x8317
mem[X,0x0000000080000C42] -> 0x0000
[833] [M]: 0x0000000080000C40 (0x00008317) auipc x6, 0x8                            main+1088
x6 <- 0x0000000080008C40

clint mtime 0x00000000000001A1 (mip.MTI <- 0b1, mip.STI <- 0b0)
mem[X,0x0000000080000C44] -> 0x0313
mem[X,0x0000000080000C46] -> 0x3C03
[834] [M]: 0x0000000080000C44 (0x3C030313) addi x6, x6, 0x3c0                       main+1092
x6 <- 0x0000000080009000

mem[X,0x0000000080000C48] -> 0x0001
[835] [M]: 0x0000000080000C48 (0x0001) c.nop                                        main+1096

clint mtime 0x00000000000001A2 (mip.MTI <- 0b1, mip.STI <- 0b0)
mem[X,0x0000000080000C4A] -> 0x0013
mem[X,0x0000000080000C4C] -> 0x0000
[836] [M]: 0x0000000080000C4A (0x00000013) addi x0, x0, 0x0                         main+1098

mem[X,0x0000000080000C4E] -> 0x0013
mem[X,0x0000000080000C50] -> 0x0000
[837] [M]: 0x0000000080000C4E (0x00000013) addi x0, x0, 0x0                         main+1102

clint mtime 0x00000000000001A3 (mip.MTI <- 0b1, mip.STI <- 0b0)
mem[X,0x0000000080000C52] -> 0x0013
mem[X,0x0000000080000C54] -> 0x0000
[838] [M]: 0x0000000080000C52 (0x00000013) addi x0, x0, 0x0                         main+1106

mem[X,0x0000000080000C56] -> 0x0013
mem[X,0x0000000080000C58] -> 0x0000
[839] [M]: 0x0000000080000C56 (0x00000013) addi x0, x0, 0x0                         main+1110

clint mtime 0x00000000000001A4 (mip.MTI <- 0b1, mip.STI <- 0b0)
mem[X,0x0000000080000C5A] -> 0x0013
mem[X,0x0000000080000C5C] -> 0x0000
[840] [M]: 0x0000000080000C5A (0x00000013) addi x0, x0, 0x0                         main+1114

mem[X,0x0000000080000C5E] -> 0x0001
[841] [M]: 0x0000000080000C5E (0x0001) c.nop                                        main+1118

clint mtime 0x00000000000001A5 (mip.MTI <- 0b1, mip.STI <- 0b0)
mem[X,0x0000000080000C60] -> 0x0293
mem[X,0x0000000080000C62] -> 0x0280
[842] [M]: 0x0000000080000C60 (0x02800293) addi x5, x0, 0x28                        main+1120
x5 <- 0x0000000000000028

mem[X,0x0000000080000C64] -> 0x0333
mem[X,0x0000000080000C66] -> 0x0053
[843] [M]: 0x0000000080000C64 (0x00530333) add x6, x6, x5                           main+1124
x6 <- 0x0000000080009028

clint mtime 0x00000000000001A6 (mip.MTI <- 0b1, mip.STI <- 0b0)
mem[X,0x0000000080000C68] -> 0x3023
mem[X,0x0000000080000C6A] -> 0x00A3
[844] [M]: 0x0000000080000C68 (0x00A33023) sd x10, 0x0(x6)                          main+1128
mem[W,0x0000000080009028] <- 0x00000000000000C9

mem[X,0x0000000080000C6C] -> 0x0073
mem[X,0x0000000080000C6E] -> 0x1200
[845] [M]: 0x0000000080000C6C (0x12000073) sfence.vma x0, x0                        main+1132

clint mtime 0x00000000000001A7 (mip.MTI <- 0b1, mip.STI <- 0b0)
mem[X,0x0000000080000C70] -> 0x0BB7
mem[X,0x0000000080000C72] -> 0x0008
[846] [M]: 0x0000000080000C70 (0x00080BB7) lui x23, 0x80                            main+1136
x23 <- 0x0000000000080000

mem[X,0x0000000080000C74] -> 0xA073
mem[X,0x0000000080000C76] -> 0x300B
[847] [M]: 0x0000000080000C74 (0x300BA073) csrrs x0, mstatus, x23                   main+1140
CSR mstatus (0x300) <- 0x0000000A00080800

clint mtime 0x00000000000001A8 (mip.MTI <- 0b1, mip.STI <- 0b0)
mem[X,0x0000000080000C78] -> 0x0493
mem[X,0x0000000080000C7A] -> 0x0010
[848] [M]: 0x0000000080000C78 (0x00100493) addi x9, x0, 0x1                         main+1144
x9 <- 0x0000000000000001

mem[X,0x0000000080000C7C] -> 0x9493
mem[X,0x0000000080000C7E] -> 0x00B4
[849] [M]: 0x0000000080000C7C (0x00B49493) slli x9, x9, 0xb                         main+1148
x9 <- 0x0000000000000800

clint mtime 0x00000000000001A9 (mip.MTI <- 0b1, mip.STI <- 0b0)
mem[X,0x0000000080000C80] -> 0xB073
mem[X,0x0000000080000C82] -> 0x3004
[850] [M]: 0x0000000080000C80 (0x3004B073) csrrc x0, mstatus, x9                    main+1152
CSR mstatus (0x300) <- 0x0000000A00080000

mem[X,0x0000000080000C84] -> 0x0493
mem[X,0x0000000080000C86] -> 0x0010
[851] [M]: 0x0000000080000C84 (0x00100493) addi x9, x0, 0x1                         main+1156
x9 <- 0x0000000000000001

clint mtime 0x00000000000001AA (mip.MTI <- 0b1, mip.STI <- 0b0)
mem[X,0x0000000080000C88] -> 0x9493
mem[X,0x0000000080000C8A] -> 0x00B4
[852] [M]: 0x0000000080000C88 (0x00B49493) slli x9, x9, 0xb                         main+1160
x9 <- 0x0000000000000800

mem[X,0x0000000080000C8C] -> 0xA073
mem[X,0x0000000080000C8E] -> 0x3004
[853] [M]: 0x0000000080000C8C (0x3004A073) csrrs x0, mstatus, x9                    main+1164
CSR mstatus (0x300) <- 0x0000000A00080800

clint mtime 0x00000000000001AB (mip.MTI <- 0b1, mip.STI <- 0b0)
mem[X,0x0000000080000C90] -> 0x23F3
mem[X,0x0000000080000C92] -> 0x3400
[854] [M]: 0x0000000080000C90 (0x340023F3) csrrs x7, mscratch, x0                   main+1168
CSR mscratch (0x340) -> 0x0000000080005000
x7 <- 0x0000000080005000

mem[X,0x0000000080000C94] -> 0xB303
mem[X,0x0000000080000C96] -> 0x4703
[855] [M]: 0x0000000080000C94 (0x4703B303) ld x6, 0x470(x7)                         main+1172
mem[R,0x0000000080005470] -> 0x00000300800007BC
x6 <- 0x00000300800007BC

clint mtime 0x00000000000001AC (mip.MTI <- 0b1, mip.STI <- 0b0)
mem[X,0x0000000080000C98] -> 0xB483
mem[X,0x0000000080000C9A] -> 0x1D83
[856] [M]: 0x0000000080000C98 (0x1D83B483) ld x9, 0x1d8(x7)                         main+1176
mem[R,0x00000000800051D8] -> 0x00000000800007D4
x9 <- 0x00000000800007D4

mem[X,0x0000000080000C9C] -> 0x0333
mem[X,0x0000000080000C9E] -> 0x4093
[857] [M]: 0x0000000080000C9C (0x40930333) sub x6, x6, x9                           main+1180
x6 <- 0x000002FFFFFFFFE8

clint mtime 0x00000000000001AD (mip.MTI <- 0b1, mip.STI <- 0b0)
mem[X,0x0000000080000CA0] -> 0x0313
mem[X,0x0000000080000CA2] -> 0x0103
[858] [M]: 0x0000000080000CA0 (0x01030313) addi x6, x6, 0x10                        main+1184
x6 <- 0x000002FFFFFFFFF8

mem[X,0x0000000080000CA4] -> 0x0497
mem[X,0x0000000080000CA6] -> 0x0000
[859] [M]: 0x0000000080000CA4 (0x00000497) auipc x9, 0x0                            main+1188
x9 <- 0x0000000080000CA4

clint mtime 0x00000000000001AE (mip.MTI <- 0b1, mip.STI <- 0b0)
mem[X,0x0000000080000CA8] -> 0x84B3
mem[X,0x0000000080000CAA] -> 0x0064
[860] [M]: 0x0000000080000CA8 (0x006484B3) add x9, x9, x6                           main+1192
x9 <- 0x0000030080000C9C

mem[X,0x0000000080000CAC] -> 0x94F3
mem[X,0x0000000080000CAE] -> 0x3414
[861] [M]: 0x0000000080000CAC (0x341494F3) csrrw x9, mepc, x9                       main+1196
CSR mepc (0x341) <- 0x0000030080000C9C
x9 <- 0x0000030080000BDC

clint mtime 0x00000000000001AF (mip.MTI <- 0b1, mip.STI <- 0b0)
mem[X,0x0000000080000CB0] -> 0x0073
mem[X,0x0000000080000CB2] -> 0x3020
[862] [M]: 0x0000000080000CB0 (0x30200073) mret                                     main+1200
CSR mstatus (0x300) <- 0x0000000A00080080
ret-ing from M to S

PTW: Start, vpn=0x30080000, access_type=X, privilege=Smem[R,0x0000000080009030] -> 0x00000000000000CB
PTW: Step, level=3, pte=0xCB, pte_addr=0x80009030
PTW: Success, final_ppn=0x80000, level=3mem[X,0x0000000080000C9C] -> 0x0333
mem[X,0x0000000080000C9E] -> 0x4093
[863] [S]: 0x0000030080000C9C (0x40930333) sub x6, x6, x9                           va_rvtest_code_begin+1248
x6 <- 0xFFFFFFFF7FFFF41C

clint mtime 0x00000000000001B0 (mip.MTI <- 0b1, mip.STI <- 0b0)
mem[X,0x0000000080000CA0] -> 0x0313
mem[X,0x0000000080000CA2] -> 0x0103
[864] [S]: 0x0000030080000CA0 (0x01030313) addi x6, x6, 0x10                        va_rvtest_code_begin+1252
x6 <- 0xFFFFFFFF7FFFF42C

mem[X,0x0000000080000CA4] -> 0x0497
mem[X,0x0000000080000CA6] -> 0x0000
[865] [S]: 0x0000030080000CA4 (0x00000497) auipc x9, 0x0                            va_rvtest_code_begin+1256
x9 <- 0x0000030080000CA4

clint mtime 0x00000000000001B1 (mip.MTI <- 0b1, mip.STI <- 0b0)
mem[X,0x0000000080000CA8] -> 0x84B3
mem[X,0x0000000080000CAA] -> 0x0064
[866] [S]: 0x0000030080000CA8 (0x006484B3) add x9, x9, x6                           va_rvtest_code_begin+1260
x9 <- 0x00000300000000D0

mem[X,0x0000000080000CAC] -> 0x94F3
mem[X,0x0000000080000CAE] -> 0x3414
[867] [S]: 0x0000030080000CAC (0x341494F3) csrrw x9, mepc, x9                       va_rvtest_code_begin+1264
trapping from S to M to handle illegal-instruction
handling exc#illegal-instruction at priv M with tval 0x00000000341494F3
CSR mstatus (0x300) <- 0x0000000A00080800
CSR mcause (0x342) <- 0x0000000000000002
CSR mtval (0x343) <- 0x00000000341494F3
CSR mepc (0x341) <- 0x0000030080000CAC

clint mtime 0x00000000000001B2 (mip.MTI <- 0b1, mip.STI <- 0b0)
mem[X,0x0000000080001C80] -> 0x006F
mem[X,0x0000000080001C82] -> 0x1000
[868] [M]: 0x0000000080001C80 (0x1000006F) jal x0, 0x100                            Mtrampoline+0

mem[X,0x0000000080001D80] -> 0x1173
mem[X,0x0000000080001D82] -> 0x3401
[869] [M]: 0x0000000080001D80 (0x34011173) csrrw x2, mscratch, x2                   trap_Mhandler+0
CSR mscratch (0x340) <- 0x0000000000000000
x2 <- 0x0000000080005000

clint mtime 0x00000000000001B3 (mip.MTI <- 0b1, mip.STI <- 0b0)
mem[X,0x0000000080001D84] -> 0x3423
mem[X,0x0000000080001D86] -> 0x28B1
[870] [M]: 0x0000000080001D84 (0x28B13423) sd x11, 0x288(x2)                        trap_Mhandler+4
mem[W,0x0000000080005288] <- 0x00000000000000C9

mem[X,0x0000000080001D88] -> 0x05EF
mem[X,0x0000000080001D8A] -> 0x0B80
[871] [M]: 0x0000000080001D88 (0x0B8005EF) jal x11, 0xb8                            trap_Mhandler+8
x11 <- 0x0000000080001D8C

clint mtime 0x00000000000001B4 (mip.MTI <- 0b1, mip.STI <- 0b0)
mem[X,0x0000000080001E40] -> 0x3023
mem[X,0x0000000080001E42] -> 0x28A1
[872] [M]: 0x0000000080001E40 (0x28A13023) sd x10, 0x280(x2)                        common_Mhandler+0
mem[W,0x0000000080005280] <- 0x00000000000000C9

mem[X,0x0000000080001E44] -> 0x1573
mem[X,0x0000000080001E46] -> 0x3401
[873] [M]: 0x0000000080001E44 (0x34011573) csrrw x10, mscratch, x2                  common_Mhandler+4
CSR mscratch (0x340) <- 0x0000000080005000
x10 <- 0x0000000000000000

clint mtime 0x00000000000001B5 (mip.MTI <- 0b1, mip.STI <- 0b0)
mem[X,0x0000000080001E48] -> 0x3823
mem[X,0x0000000080001E4A] -> 0x28A1
[874] [M]: 0x0000000080001E48 (0x28A13823) sd x10, 0x290(x2)                        common_Mhandler+8
mem[W,0x0000000080005290] <- 0x0000000000000000

mem[X,0x0000000080001E4C] -> 0x3503
mem[X,0x0000000080001E4E] -> 0x2301
[875] [M]: 0x0000000080001E4C (0x23013503) ld x10, 0x230(x2)                        common_Mhandler+12
mem[R,0x0000000080005230] -> 0x0000000080001E54
x10 <- 0x0000000080001E54

clint mtime 0x00000000000001B6 (mip.MTI <- 0b1, mip.STI <- 0b0)
mem[X,0x0000000080001E50] -> 0x0067
mem[X,0x0000000080001E52] -> 0x0005
[876] [M]: 0x0000000080001E50 (0x00050067) jalr x0, 0x0(x10)                        common_Mhandler+16

mem[X,0x0000000080001E54] -> 0x3C23
mem[X,0x0000000080001E56] -> 0x2691
[877] [M]: 0x0000000080001E54 (0x26913C23) sd x9, 0x278(x2)                         common_Mentry+0
mem[W,0x0000000080005278] <- 0x00000300000000D0

clint mtime 0x00000000000001B7 (mip.MTI <- 0b1, mip.STI <- 0b0)
mem[X,0x0000000080001E58] -> 0x3823
mem[X,0x0000000080001E5A] -> 0x2681
[878] [M]: 0x0000000080001E58 (0x26813823) sd x8, 0x270(x2)                         common_Mentry+4
mem[W,0x0000000080005270] <- 0x0000000000007F76

mem[X,0x0000000080001E5C] -> 0x3423
mem[X,0x0000000080001E5E] -> 0x2671
[879] [M]: 0x0000000080001E5C (0x26713423) sd x7, 0x268(x2)                         common_Mentry+8
mem[W,0x0000000080005268] <- 0x0000000080005000

clint mtime 0x00000000000001B8 (mip.MTI <- 0b1, mip.STI <- 0b0)
mem[X,0x0000000080001E60] -> 0x3023
mem[X,0x0000000080001E62] -> 0x2661
[880] [M]: 0x0000000080001E60 (0x26613023) sd x6, 0x260(x2)                         common_Mentry+12
mem[W,0x0000000080005260] <- 0xFFFFFFFF7FFFF42C

mem[X,0x0000000080001E64] -> 0x2573
mem[X,0x0000000080001E66] -> 0x3420
[881] [M]: 0x0000000080001E64 (0x34202573) csrrs x10, mcause, x0                    spcl_M2mmode_test+0
CSR mcause (0x342) -> 0x0000000000000002
x10 <- 0x0000000000000002

clint mtime 0x00000000000001B9 (mip.MTI <- 0b1, mip.STI <- 0b0)
mem[X,0x0000000080001E68] -> 0x04B7
mem[X,0x0000000080001E6A] -> 0x8000
[882] [M]: 0x0000000080001E68 (0x800004B7) lui x9, -0x80000                         spcl_M2mmode_test+4
x9 <- 0xFFFFFFFF80000000

mem[X,0x0000000080001E6C] -> 0x8493
mem[X,0x0000000080001E6E] -> 0x0004
[883] [M]: 0x0000000080001E6C (0x00048493) addi x9, x9, 0x0                         spcl_M2mmode_test+8
x9 <- 0xFFFFFFFF80000000

clint mtime 0x00000000000001BA (mip.MTI <- 0b1, mip.STI <- 0b0)
mem[X,0x0000000080001E70] -> 0x9493
mem[X,0x0000000080001E72] -> 0x00B4
[884] [M]: 0x0000000080001E70 (0x00B49493) slli x9, x9, 0xb                         spcl_M2mmode_test+12
x9 <- 0xFFFFFC0000000000

mem[X,0x0000000080001E74] -> 0x8493
mem[X,0x0000000080001E76] -> 0x0004
[885] [M]: 0x0000000080001E74 (0x00048493) addi x9, x9, 0x0                         spcl_M2mmode_test+16
x9 <- 0xFFFFFC0000000000

clint mtime 0x00000000000001BB (mip.MTI <- 0b1, mip.STI <- 0b0)
mem[X,0x0000000080001E78] -> 0x9493
mem[X,0x0000000080001E7A] -> 0x00B4
[886] [M]: 0x0000000080001E78 (0x00B49493) slli x9, x9, 0xb                         spcl_M2mmode_test+20
x9 <- 0xFFE0000000000000

mem[X,0x0000000080001E7C] -> 0x8493
mem[X,0x0000000080001E7E] -> 0x0034
[887] [M]: 0x0000000080001E7C (0x00348493) addi x9, x9, 0x3                         spcl_M2mmode_test+24
x9 <- 0xFFE0000000000003

clint mtime 0x00000000000001BC (mip.MTI <- 0b1, mip.STI <- 0b0)
mem[X,0x0000000080001E80] -> 0x9493
mem[X,0x0000000080001E82] -> 0x00A4
[888] [M]: 0x0000000080001E80 (0x00A49493) slli x9, x9, 0xa                         spcl_M2mmode_test+28
x9 <- 0x8000000000000C00

mem[X,0x0000000080001E84] -> 0x8493
mem[X,0x0000000080001E86] -> 0x3FC4
[889] [M]: 0x0000000080001E84 (0x3FC48493) addi x9, x9, 0x3fc                       spcl_M2mmode_test+32
x9 <- 0x8000000000000FFC

clint mtime 0x00000000000001BD (mip.MTI <- 0b1, mip.STI <- 0b0)
mem[X,0x0000000080001E88] -> 0xF4B3
mem[X,0x0000000080001E8A] -> 0x00A4
[890] [M]: 0x0000000080001E88 (0x00A4F4B3) and x9, x9, x10                          spcl_M2mmode_test+36
x9 <- 0x0000000000000000

mem[X,0x0000000080001E8C] -> 0x8493
mem[X,0x0000000080001E8E] -> 0xFF84
[891] [M]: 0x0000000080001E8C (0xFF848493) addi x9, x9, -0x8                        spcl_M2mmode_test+40
x9 <- 0xFFFFFFFFFFFFFFF8

clint mtime 0x00000000000001BE (mip.MTI <- 0b1, mip.STI <- 0b0)
mem[X,0x0000000080001E90] -> 0x9663
mem[X,0x0000000080001E92] -> 0x0004
[892] [M]: 0x0000000080001E90 (0x00049663) bne x9, x0, 0xc                          spcl_M2mmode_test+44

mem[X,0x0000000080001E9C] -> 0x0393
mem[X,0x0000000080001E9E] -> 0x0200
[893] [M]: 0x0000000080001E9C (0x02000393) addi x7, x0, 0x20                        Mtrapsig_ptr_upd+0
x7 <- 0x0000000000000020

clint mtime 0x00000000000001BF (mip.MTI <- 0b1, mip.STI <- 0b0)
mem[X,0x0000000080001EA0] -> 0x5263
mem[X,0x0000000080001EA2] -> 0x0405
[894] [M]: 0x0000000080001EA0 (0x04055263) bge x10, x0, 0x44                        Mtrapsig_ptr_upd+4

mem[X,0x0000000080001EE4] -> 0x2373
mem[X,0x0000000080001EE6] -> 0x3010
[895] [M]: 0x0000000080001EE4 (0x30102373) csrrs x6, misa, x0                       Mxcpt_sig_sv+0
CSR misa (0x301) -> 0x800000000034112F
x6 <- 0x800000000034112F

clint mtime 0x00000000000001C0 (mip.MTI <- 0b1, mip.STI <- 0b0)
mem[X,0x0000000080001EE8] -> 0x1313
mem[X,0x0000000080001EEA] -> 0x0383
[896] [M]: 0x0000000080001EE8 (0x03831313) slli x6, x6, 0x38                        Mxcpt_sig_sv+4
x6 <- 0x2F00000000000000

mem[X,0x0000000080001EEC] -> 0x5463
mem[X,0x0000000080001EEE] -> 0x0003
[897] [M]: 0x0000000080001EEC (0x00035463) bge x6, x0, 0x8                          Mxcpt_sig_sv+8

clint mtime 0x00000000000001C1 (mip.MTI <- 0b1, mip.STI <- 0b0)
mem[X,0x0000000080001EF4] -> 0x3303
mem[X,0x0000000080001EF6] -> 0x2181
[898] [M]: 0x0000000080001EF4 (0x21813303) ld x6, 0x218(x2)                         Mtrap_sig_sv+0
mem[R,0x0000000080005218] -> 0x000000008000A578
x6 <- 0x000000008000A578

mem[X,0x0000000080001EF8] -> 0x04B3
mem[X,0x0000000080001EFA] -> 0x0073
[899] [M]: 0x0000000080001EF8 (0x007304B3) add x9, x6, x7                           Mtrap_sig_sv+4
x9 <- 0x000000008000A598

clint mtime 0x00000000000001C2 (mip.MTI <- 0b1, mip.STI <- 0b0)
mem[X,0x0000000080001EFC] -> 0x3C23
mem[X,0x0000000080001EFE] -> 0x2091
[900] [M]: 0x0000000080001EFC (0x20913C23) sd x9, 0x218(x2)                         Mtrap_sig_sv+8
mem[W,0x0000000080005218] <- 0x000000008000A598

mem[X,0x0000000080001F00] -> 0x3403
mem[X,0x0000000080001F02] -> 0x1F81
[901] [M]: 0x0000000080001F00 (0x1F813403) ld x8, 0x1f8(x2)                         Mtrap_sig_sv+12
mem[R,0x00000000800051F8] -> 0x000000008000A110
x8 <- 0x000000008000A110

clint mtime 0x00000000000001C3 (mip.MTI <- 0b1, mip.STI <- 0b0)
mem[X,0x0000000080001F04] -> 0x0333
mem[X,0x0000000080001F06] -> 0x4083
[902] [M]: 0x0000000080001F04 (0x40830333) sub x6, x6, x8                           Mtrap_sig_sv+16
x6 <- 0x0000000000000468

mem[X,0x0000000080001F08] -> 0x3403
mem[X,0x0000000080001F0A] -> 0x1F81
[903] [M]: 0x0000000080001F08 (0x1F813403) ld x8, 0x1f8(x2)                         Mtrap_sig_sv+20
mem[R,0x00000000800051F8] -> 0x000000008000A110
x8 <- 0x000000008000A110

clint mtime 0x00000000000001C4 (mip.MTI <- 0b1, mip.STI <- 0b0)
mem[X,0x0000000080001F0C] -> 0x0333
mem[X,0x0000000080001F0E] -> 0x0083
[904] [M]: 0x0000000080001F0C (0x00830333) add x6, x6, x8                           Mtrap_sig_sv+24
x6 <- 0x000000008000A578

mem[X,0x0000000080001F10] -> 0x3403
mem[X,0x0000000080001F12] -> 0x2401
[905] [M]: 0x0000000080001F10 (0x24013403) ld x8, 0x240(x2)                         Mtrap_sig_sv+28
mem[R,0x0000000080005240] -> 0x0000000080001C80
x8 <- 0x0000000080001C80

clint mtime 0x00000000000001C5 (mip.MTI <- 0b1, mip.STI <- 0b0)
mem[X,0x0000000080001F14] -> 0x85B3
mem[X,0x0000000080001F16] -> 0x4085
[906] [M]: 0x0000000080001F14 (0x408585B3) sub x11, x11, x8                         sv_Mvect+0
x11 <- 0x000000000000010C

mem[X,0x0000000080001F18] -> 0x9593
mem[X,0x0000000080001F1A] -> 0x0045
[907] [M]: 0x0000000080001F18 (0x00459593) slli x11, x11, 0x4                       sv_Mvect+4
x11 <- 0x00000000000010C0

clint mtime 0x00000000000001C6 (mip.MTI <- 0b1, mip.STI <- 0b0)
mem[X,0x0000000080001F1C] -> 0xE5B3
mem[X,0x0000000080001F1E] -> 0x0075
[908] [M]: 0x0000000080001F1C (0x0075E5B3) or x11, x11, x7                          sv_Mvect+8
x11 <- 0x00000000000010E0

mem[X,0x0000000080001F20] -> 0x8593
mem[X,0x0000000080001F22] -> 0x0035
[909] [M]: 0x0000000080001F20 (0x00358593) addi x11, x11, 0x3                       sv_Mvect+12
x11 <- 0x00000000000010E3

clint mtime 0x00000000000001C7 (mip.MTI <- 0b1, mip.STI <- 0b0)
mem[X,0x0000000080001F24] -> 0x3023
mem[X,0x0000000080001F26] -> 0x00B3
[910] [M]: 0x0000000080001F24 (0x00B33023) sd x11, 0x0(x6)                          sv_Mvect+16
mem[W,0x000000008000A578] <- 0x00000000000010E3

mem[X,0x0000000080001F28] -> 0x3423
mem[X,0x0000000080001F2A] -> 0x00A3
[911] [M]: 0x0000000080001F28 (0x00A33423) sd x10, 0x8(x6)                          sv_Mcause+0
mem[W,0x000000008000A580] <- 0x0000000000000002

clint mtime 0x00000000000001C8 (mip.MTI <- 0b1, mip.STI <- 0b0)
mem[X,0x0000000080001F2C] -> 0x4663
mem[X,0x0000000080001F2E] -> 0x1A05
[912] [M]: 0x0000000080001F2C (0x1A054663) blt x10, x0, 0x1ac                       sv_Mcause+4

mem[X,0x0000000080001F30] -> 0x25F3
mem[X,0x0000000080001F32] -> 0x3000
[913] [M]: 0x0000000080001F30 (0x300025F3) csrrs x11, mstatus, x0                   common_Mexcpt_handler+0
CSR mstatus (0x300) -> 0x0000000A00080800
x11 <- 0x0000000A00080800

clint mtime 0x00000000000001C9 (mip.MTI <- 0b1, mip.STI <- 0b0)
mem[X,0x0000000080001F34] -> 0x9413
mem[X,0x0000000080001F36] -> 0x02E5
[914] [M]: 0x0000000080001F34 (0x02E59413) slli x8, x11, 0x2e                       common_Mexcpt_handler+4
x8 <- 0x0200000000000000

mem[X,0x0000000080001F38] -> 0x5463
mem[X,0x0000000080001F3A] -> 0x0004
[915] [M]: 0x0000000080001F38 (0x00045463) bge x8, x0, 0x8                          common_Mexcpt_handler+8

clint mtime 0x00000000000001CA (mip.MTI <- 0b1, mip.STI <- 0b0)
mem[X,0x0000000080001F40] -> 0xD493
mem[X,0x0000000080001F42] -> 0x00B5
[916] [M]: 0x0000000080001F40 (0x00B5D493) srli x9, x11, 0xb                        common_Mexcpt_handler+16
x9 <- 0x0000000001400101

mem[X,0x0000000080001F44] -> 0xF493
mem[X,0x0000000080001F46] -> 0x0034
[917] [M]: 0x0000000080001F44 (0x0034F493) andi x9, x9, 0x3                         common_Mexcpt_handler+20
x9 <- 0x0000000000000001

clint mtime 0x00000000000001CB (mip.MTI <- 0b1, mip.STI <- 0b0)
mem[X,0x0000000080001F48] -> 0x8493
mem[X,0x0000000080001F4A] -> 0x0014
[918] [M]: 0x0000000080001F48 (0x00148493) addi x9, x9, 0x1                         common_Mexcpt_handler+24
x9 <- 0x0000000000000002

mem[X,0x0000000080001F4C] -> 0xF493
mem[X,0x0000000080001F4E] -> 0x0044
[919] [M]: 0x0000000080001F4C (0x0044F493) andi x9, x9, 0x4                         common_Mexcpt_handler+28
x9 <- 0x0000000000000000

clint mtime 0x00000000000001CC (mip.MTI <- 0b1, mip.STI <- 0b0)
mem[X,0x0000000080001F50] -> 0x0593
mem[X,0x0000000080001F52] -> 0x05D0
[920] [M]: 0x0000000080001F50 (0x05D00593) addi x11, x0, 0x5d                       common_Mexcpt_handler+32
x11 <- 0x000000000000005D

mem[X,0x0000000080001F54] -> 0xD5B3
mem[X,0x0000000080001F56] -> 0x0095
[921] [M]: 0x0000000080001F54 (0x0095D5B3) srl x11, x11, x9                         common_Mexcpt_handler+36
x11 <- 0x000000000000005D

clint mtime 0x00000000000001CD (mip.MTI <- 0b1, mip.STI <- 0b0)
mem[X,0x0000000080001F58] -> 0xF593
mem[X,0x0000000080001F5A] -> 0x0015
[922] [M]: 0x0000000080001F58 (0x0015F593) andi x11, x11, 0x1                       common_Mexcpt_handler+40
x11 <- 0x0000000000000001

mem[X,0x0000000080001F5C] -> 0x8EE3
mem[X,0x0000000080001F5E] -> 0xF405
[923] [M]: 0x0000000080001F5C (0xF4058EE3) beq x11, x0, -0xa4                       common_Mexcpt_handler+44

clint mtime 0x00000000000001CE (mip.MTI <- 0b1, mip.STI <- 0b0)
mem[X,0x0000000080001F60] -> 0x0593
mem[X,0x0000000080001F62] -> 0x2980
[924] [M]: 0x0000000080001F60 (0x29800593) addi x11, x0, 0x298                      common_Mexcpt_handler+48
x11 <- 0x0000000000000298

mem[X,0x0000000080001F64] -> 0xF413
mem[X,0x0000000080001F66] -> 0x0014
[925] [M]: 0x0000000080001F64 (0x0014F413) andi x8, x9, 0x1                         common_Mexcpt_handler+52
x8 <- 0x0000000000000000

clint mtime 0x00000000000001CF (mip.MTI <- 0b1, mip.STI <- 0b0)
mem[X,0x0000000080001F68] -> 0x95B3
mem[X,0x0000000080001F6A] -> 0x0085
[926] [M]: 0x0000000080001F68 (0x008595B3) sll x11, x11, x8                         common_Mexcpt_handler+56
x11 <- 0x0000000000000298

mem[X,0x0000000080001F6C] -> 0x9413
mem[X,0x0000000080001F6E] -> 0x03D4
[927] [M]: 0x0000000080001F6C (0x03D49413) slli x8, x9, 0x3d                        common_Mexcpt_handler+60
x8 <- 0x0000000000000000

clint mtime 0x00000000000001D0 (mip.MTI <- 0b1, mip.STI <- 0b0)
mem[X,0x0000000080001F70] -> 0x5413
mem[X,0x0000000080001F72] -> 0x43F4
[928] [M]: 0x0000000080001F70 (0x43F45413) srai x8, x8, 0x3f                        common_Mexcpt_handler+64
x8 <- 0x0000000000000000

mem[X,0x0000000080001F74] -> 0x4413
mem[X,0x0000000080001F76] -> 0xFFF4
[929] [M]: 0x0000000080001F74 (0xFFF44413) xori x8, x8, -0x1                        common_Mexcpt_handler+68
x8 <- 0xFFFFFFFFFFFFFFFF

clint mtime 0x00000000000001D1 (mip.MTI <- 0b1, mip.STI <- 0b0)
mem[X,0x0000000080001F78] -> 0xF4B3
mem[X,0x0000000080001F7A] -> 0x0085
[930] [M]: 0x0000000080001F78 (0x0085F4B3) and x9, x11, x8                          common_Mexcpt_handler+72
x9 <- 0x0000000000000298

mem[X,0x0000000080001F7C] -> 0x84B3
mem[X,0x0000000080001F7E] -> 0x0024
[931] [M]: 0x0000000080001F7C (0x002484B3) add x9, x9, x2                           vmem_adj_Mepc+0
x9 <- 0x0000000080005298

clint mtime 0x00000000000001D2 (mip.MTI <- 0b1, mip.STI <- 0b0)
mem[X,0x0000000080001F80] -> 0x23F3
mem[X,0x0000000080001F82] -> 0x3410
[932] [M]: 0x0000000080001F80 (0x341023F3) csrrs x7, mepc, x0                       vmem_adj_Mepc+4
CSR mepc (0x341) -> 0x0000030080000CAC
x7 <- 0x0000030080000CAC

mem[X,0x0000000080001F84] -> 0x0413
mem[X,0x0000000080001F86] -> 0x0004
[933] [M]: 0x0000000080001F84 (0x00040413) addi x8, x8, 0x0                         vmem_adj_Mepc+8
x8 <- 0xFFFFFFFFFFFFFFFF

clint mtime 0x00000000000001D3 (mip.MTI <- 0b1, mip.STI <- 0b0)
mem[X,0x0000000080001F88] -> 0x006F
mem[X,0x0000000080001F8A] -> 0x0400
[934] [M]: 0x0000000080001F88 (0x0400006F) jal x0, 0x40                             vmem_adj_Mepc+12

mem[X,0x0000000080001FC8] -> 0x8433
mem[X,0x0000000080001FCA] -> 0x4083
[935] [M]: 0x0000000080001FC8 (0x40838433) sub x8, x7, x8                           adj_Mepc+0
x8 <- 0x0000030080000CAD

clint mtime 0x00000000000001D4 (mip.MTI <- 0b1, mip.STI <- 0b0)
mem[X,0x0000000080001FCC] -> 0x3823
mem[X,0x0000000080001FCE] -> 0x0083
[936] [M]: 0x0000000080001FCC (0x00833823) sd x8, 0x10(x6)                          sv_Mepc+0
mem[W,0x000000008000A588] <- 0x0000030080000CAD

mem[X,0x0000000080001FD0] -> 0x55B7
mem[X,0x0000000080001FD2] -> 0x0000
[937] [M]: 0x0000000080001FD0 (0x000055B7) lui x11, 0x5                             sv_Mepc+4
x11 <- 0x0000000000005000

clint mtime 0x00000000000001D5 (mip.MTI <- 0b1, mip.STI <- 0b0)
mem[X,0x0000000080001FD4] -> 0x8593
mem[X,0x0000000080001FD6] -> 0x6675
[938] [M]: 0x0000000080001FD4 (0x66758593) addi x11, x11, 0x667                     sv_Mepc+8
x11 <- 0x0000000000005667

mem[X,0x0000000080001FD8] -> 0x9593
mem[X,0x0000000080001FDA] -> 0x0015
[939] [M]: 0x0000000080001FD8 (0x00159593) slli x11, x11, 0x1                       sv_Mepc+12
x11 <- 0x000000000000ACCE

clint mtime 0x00000000000001D6 (mip.MTI <- 0b1, mip.STI <- 0b0)
mem[X,0x0000000080001FDC] -> 0x9063
mem[X,0x0000000080001FDE] -> 0x02B1
[940] [M]: 0x0000000080001FDC (0x02B19063) bne x3, x11, 0x20                        sv_Mepc+16

mem[X,0x0000000080001FE0] -> 0x2473
mem[X,0x0000000080001FE2] -> 0x3420
[941] [M]: 0x0000000080001FE0 (0x34202473) csrrs x8, mcause, x0                     sv_Mepc+20
CSR mcause (0x342) -> 0x0000000000000002
x8 <- 0x0000000000000002

clint mtime 0x00000000000001D7 (mip.MTI <- 0b1, mip.STI <- 0b0)
mem[X,0x0000000080001FE4] -> 0x0593
mem[X,0x0000000080001FE6] -> 0x00C0
[942] [M]: 0x0000000080001FE4 (0x00C00593) addi x11, x0, 0xc                        sv_Mepc+24
x11 <- 0x000000000000000C

mem[X,0x0000000080001FE8] -> 0x0663
mem[X,0x0000000080001FEA] -> 0x00B4
[943] [M]: 0x0000000080001FE8 (0x00B40663) beq x8, x11, 0xc                         sv_Mepc+28

clint mtime 0x00000000000001D8 (mip.MTI <- 0b1, mip.STI <- 0b0)
mem[X,0x0000000080001FEC] -> 0x0593
mem[X,0x0000000080001FEE] -> 0x0010
[944] [M]: 0x0000000080001FEC (0x00100593) addi x11, x0, 0x1                        sv_Mepc+32
x11 <- 0x0000000000000001

mem[X,0x0000000080001FF0] -> 0x1663
mem[X,0x0000000080001FF2] -> 0x00B4
[945] [M]: 0x0000000080001FF0 (0x00B41663) bne x8, x11, 0xc                         sv_Mepc+36

clint mtime 0x00000000000001D9 (mip.MTI <- 0b1, mip.STI <- 0b0)
mem[X,0x0000000080001FFC] -> 0xF593
mem[X,0x0000000080001FFE] -> 0xFFC3
[946] [M]: 0x0000000080001FFC (0xFFC3F593) andi x11, x7, -0x4                       adj_Mepc_rtn+0
x11 <- 0x0000030080000CAC

mem[X,0x0000000080002000] -> 0x8593
mem[X,0x0000000080002002] -> 0x0085
[947] [M]: 0x0000000080002000 (0x00858593) addi x11, x11, 0x8                       adj_Mepc_rtn+4
x11 <- 0x0000030080000CB4

clint mtime 0x00000000000001DA (mip.MTI <- 0b1, mip.STI <- 0b0)
mem[X,0x0000000080002004] -> 0x9073
mem[X,0x0000000080002006] -> 0x3415
[948] [M]: 0x0000000080002004 (0x34159073) csrrw x0, mepc, x11                      adj_Mepc_rtn+8
CSR mepc (0x341) <- 0x0000030080000CB4

mem[X,0x0000000080002008] -> 0x23F3
mem[X,0x000000008000200A] -> 0x3430
[949] [M]: 0x0000000080002008 (0x343023F3) csrrs x7, mtval, x0                      skp_adj_Mepc+0
CSR mtval (0x343) -> 0x00000000341494F3
x7 <- 0x00000000341494F3

clint mtime 0x00000000000001DB (mip.MTI <- 0b1, mip.STI <- 0b0)
mem[X,0x000000008000200C] -> 0x0413
mem[X,0x000000008000200E] -> 0x0004
[950] [M]: 0x000000008000200C (0x00040413) addi x8, x8, 0x0                         skp_adj_Mepc+4
x8 <- 0x0000000000000002

mem[X,0x0000000080002010] -> 0x006F
mem[X,0x0000000080002012] -> 0x0840
[951] [M]: 0x0000000080002010 (0x0840006F) jal x0, 0x84                             skp_adj_Mepc+8

clint mtime 0x00000000000001DC (mip.MTI <- 0b1, mip.STI <- 0b0)
mem[X,0x0000000080002094] -> 0x8433
mem[X,0x0000000080002096] -> 0x4083
[952] [M]: 0x0000000080002094 (0x40838433) sub x8, x7, x8                           adj_Mtval+0
x8 <- 0x00000000341494F1

mem[X,0x0000000080002098] -> 0x3C23
mem[X,0x000000008000209A] -> 0x0083
[953] [M]: 0x0000000080002098 (0x00833C23) sd x8, 0x18(x6)                          sv_Mtval+0
mem[W,0x000000008000A590] <- 0x00000000341494F1

clint mtime 0x00000000000001DD (mip.MTI <- 0b1, mip.STI <- 0b0)
mem[X,0x000000008000209C] -> 0x3483
mem[X,0x000000008000209E] -> 0x2181
[954] [M]: 0x000000008000209C (0x21813483) ld x9, 0x218(x2)                         skp_Mtval+0
mem[R,0x0000000080005218] -> 0x000000008000A598
x9 <- 0x000000008000A598

mem[X,0x00000000800020A0] -> 0x3383
mem[X,0x00000000800020A2] -> 0x1F81
[955] [M]: 0x00000000800020A0 (0x1F813383) ld x7, 0x1f8(x2)                         skp_Mtval+4
mem[R,0x00000000800051F8] -> 0x000000008000A110
x7 <- 0x000000008000A110

clint mtime 0x00000000000001DE (mip.MTI <- 0b1, mip.STI <- 0b0)
mem[X,0x00000000800020A4] -> 0x3303
mem[X,0x00000000800020A6] -> 0x2001
[956] [M]: 0x00000000800020A4 (0x20013303) ld x6, 0x200(x2)                         skp_Mtval+8
mem[R,0x0000000080005200] -> 0x0000000000000610
x6 <- 0x0000000000000610

mem[X,0x00000000800020A8] -> 0x0333
mem[X,0x00000000800020AA] -> 0x0073
[957] [M]: 0x00000000800020A8 (0x00730333) add x6, x6, x7                           skp_Mtval+12
x6 <- 0x000000008000A720

clint mtime 0x00000000000001DF (mip.MTI <- 0b1, mip.STI <- 0b0)
mem[X,0x00000000800020AC] -> 0x6AE3
mem[X,0x00000000800020AE] -> 0xAE93
[958] [M]: 0x00000000800020AC (0xAE936AE3) bltu x6, x9, -0x50c                      skp_Mtval+16

mem[X,0x00000000800020B0] -> 0x0393
mem[X,0x00000000800020B2] -> 0x2000
[959] [M]: 0x00000000800020B0 (0x20000393) addi x7, x0, 0x200                       skp_Mtval+20
x7 <- 0x0000000000000200

clint mtime 0x00000000000001E0 (mip.MTI <- 0b1, mip.STI <- 0b0)
mem[X,0x00000000800020B4] -> 0x006F
mem[X,0x00000000800020B6] -> 0x0400
[960] [M]: 0x00000000800020B4 (0x0400006F) jal x0, 0x40                             skp_Mtval+24

mem[X,0x00000000800020F4] -> 0x0417
mem[X,0x00000000800020F6] -> 0x0000
[961] [M]: 0x00000000800020F4 (0x00000417) auipc x8, 0x0                            spcl_Mhandler+0
x8 <- 0x00000000800020F4

clint mtime 0x00000000000001E1 (mip.MTI <- 0b1, mip.STI <- 0b0)
mem[X,0x00000000800020F8] -> 0x0413
mem[X,0x00000000800020FA] -> 0x03C4
[962] [M]: 0x00000000800020F8 (0x03C40413) addi x8, x8, 0x3c                        spcl_Mhandler+4
x8 <- 0x0000000080002130

mem[X,0x00000000800020FC] -> 0x0433
mem[X,0x00000000800020FE] -> 0x0074
[963] [M]: 0x00000000800020FC (0x00740433) add x8, x8, x7                           spcl_Mhandler+8
x8 <- 0x0000000080002330

clint mtime 0x00000000000001E2 (mip.MTI <- 0b1, mip.STI <- 0b0)
mem[X,0x0000000080002100] -> 0x1393
mem[X,0x0000000080002102] -> 0x0035
[964] [M]: 0x0000000080002100 (0x00351393) slli x7, x10, 0x3                        spcl_Mhandler+12
x7 <- 0x0000000000000010

mem[X,0x0000000080002104] -> 0x0433
mem[X,0x0000000080002106] -> 0x0074
[965] [M]: 0x0000000080002104 (0x00740433) add x8, x8, x7                           spcl_Mhandler+16
x8 <- 0x0000000080002340

clint mtime 0x00000000000001E3 (mip.MTI <- 0b1, mip.STI <- 0b0)
mem[X,0x0000000080002108] -> 0x7413
mem[X,0x000000008000210A] -> 0xFF84
[966] [M]: 0x0000000080002108 (0xFF847413) andi x8, x8, -0x8                        spcl_Mhandler+20
x8 <- 0x0000000080002340

mem[X,0x000000008000210C] -> 0x3403
mem[X,0x000000008000210E] -> 0x0004
[967] [M]: 0x000000008000210C (0x00043403) ld x8, 0x0(x8)                           spcl_Mhandler+24
mem[R,0x0000000080002340] -> 0x0000000000000005
x8 <- 0x0000000000000005

clint mtime 0x00000000000001E4 (mip.MTI <- 0b1, mip.STI <- 0b0)
mem[X,0x0000000080002110] -> 0x02E3
mem[X,0x0000000080002112] -> 0xB204
[968] [M]: 0x0000000080002110 (0xB20402E3) beq x8, x0, -0x4dc                       spcl_Mdispatch_hndling+0

mem[X,0x0000000080002114] -> 0x1393
mem[X,0x0000000080002116] -> 0x03F4
[969] [M]: 0x0000000080002114 (0x03F41393) slli x7, x8, 0x3f                        spcl_Mdispatch_hndling+4
x7 <- 0x8000000000000000

clint mtime 0x00000000000001E5 (mip.MTI <- 0b1, mip.STI <- 0b0)
mem[X,0x0000000080002118] -> 0xD863
mem[X,0x000000008000211A] -> 0x0003
[970] [M]: 0x0000000080002118 (0x0003D863) bge x7, x0, 0x10                         spcl_Mdispatch_hndling+8

mem[X,0x000000008000211C] -> 0x5413
mem[X,0x000000008000211E] -> 0x0014
[971] [M]: 0x000000008000211C (0x00145413) srli x8, x8, 0x1                         spcl_Mdispatch_hndling+12
x8 <- 0x0000000000000002

clint mtime 0x00000000000001E6 (mip.MTI <- 0b1, mip.STI <- 0b0)
mem[X,0x0000000080002120] -> 0x0CE3
mem[X,0x0000000080002122] -> 0xF885
[972] [M]: 0x0000000080002120 (0xF8850CE3) beq x10, x8, -0x68                       spcl_Mdispatch_hndling+16

mem[X,0x00000000800020B8] -> 0x3303
mem[X,0x00000000800020BA] -> 0x2601
[973] [M]: 0x00000000800020B8 (0x26013303) ld x6, 0x260(x2)                         resto_Mrtn+0
mem[R,0x0000000080005260] -> 0xFFFFFFFF7FFFF42C
x6 <- 0xFFFFFFFF7FFFF42C

clint mtime 0x00000000000001E7 (mip.MTI <- 0b1, mip.STI <- 0b0)
mem[X,0x00000000800020BC] -> 0x3383
mem[X,0x00000000800020BE] -> 0x2681
[974] [M]: 0x00000000800020BC (0x26813383) ld x7, 0x268(x2)                         resto_Mrtn+4
mem[R,0x0000000080005268] -> 0x0000000080005000
x7 <- 0x0000000080005000

mem[X,0x00000000800020C0] -> 0x3403
mem[X,0x00000000800020C2] -> 0x2701
[975] [M]: 0x00000000800020C0 (0x27013403) ld x8, 0x270(x2)                         resto_Mrtn+8
mem[R,0x0000000080005270] -> 0x0000000000007F76
x8 <- 0x0000000000007F76

clint mtime 0x00000000000001E8 (mip.MTI <- 0b1, mip.STI <- 0b0)
mem[X,0x00000000800020C4] -> 0x3483
mem[X,0x00000000800020C6] -> 0x2781
[976] [M]: 0x00000000800020C4 (0x27813483) ld x9, 0x278(x2)                         resto_Mrtn+12
mem[R,0x0000000080005278] -> 0x00000300000000D0
x9 <- 0x00000300000000D0

mem[X,0x00000000800020C8] -> 0x3503
mem[X,0x00000000800020CA] -> 0x2801
[977] [M]: 0x00000000800020C8 (0x28013503) ld x10, 0x280(x2)                        resto_Mrtn+16
mem[R,0x0000000080005280] -> 0x00000000000000C9
x10 <- 0x00000000000000C9

clint mtime 0x00000000000001E9 (mip.MTI <- 0b1, mip.STI <- 0b0)
mem[X,0x00000000800020CC] -> 0x3583
mem[X,0x00000000800020CE] -> 0x2881
[978] [M]: 0x00000000800020CC (0x28813583) ld x11, 0x288(x2)                        resto_Mrtn+20
mem[R,0x0000000080005288] -> 0x00000000000000C9
x11 <- 0x00000000000000C9

mem[X,0x00000000800020D0] -> 0x3103
mem[X,0x00000000800020D2] -> 0x2901
[979] [M]: 0x00000000800020D0 (0x29013103) ld x2, 0x290(x2)                         resto_Mrtn+24
mem[R,0x0000000080005290] -> 0x0000000000000000
x2 <- 0x0000000000000000

clint mtime 0x00000000000001EA (mip.MTI <- 0b1, mip.STI <- 0b0)
mem[X,0x00000000800020D4] -> 0x0073
mem[X,0x00000000800020D6] -> 0x3020
[980] [M]: 0x00000000800020D4 (0x30200073) mret                                     resto_Mrtn+28
CSR mstatus (0x300) <- 0x0000000A00080080
ret-ing from M to S

mem[X,0x0000000080000CB4] -> 0x07B7
mem[X,0x0000000080000CB6] -> 0x0000
[981] [S]: 0x0000030080000CB4 (0x000007B7) lui x15, 0x0                             va_rvtest_code_begin+1272
x15 <- 0x0000000000000000

clint mtime 0x00000000000001EB (mip.MTI <- 0b1, mip.STI <- 0b0)
mem[X,0x0000000080000CB8] -> 0x8793
mem[X,0x0000000080000CBA] -> 0x2807
[982] [S]: 0x0000030080000CB8 (0x28078793) addi x15, x15, 0x280                     va_rvtest_code_begin+1276
x15 <- 0x0000000000000280

mem[X,0x0000000080000CBC] -> 0x9793
mem[X,0x0000000080000CBE] -> 0x00B7
[983] [S]: 0x0000030080000CBC (0x00B79793) slli x15, x15, 0xb                       va_rvtest_code_begin+1280
x15 <- 0x0000000000140000

clint mtime 0x00000000000001EC (mip.MTI <- 0b1, mip.STI <- 0b0)
mem[X,0x0000000080000CC0] -> 0x8793
mem[X,0x0000000080000CC2] -> 0x4007
[984] [S]: 0x0000030080000CC0 (0x40078793) addi x15, x15, 0x400                     va_rvtest_code_begin+1284
x15 <- 0x0000000000140400

mem[X,0x0000000080000CC4] -> 0x9793
mem[X,0x0000000080000CC6] -> 0x00B7
[985] [S]: 0x0000030080000CC4 (0x00B79793) slli x15, x15, 0xb                       va_rvtest_code_begin+1288
x15 <- 0x00000000A0200000

clint mtime 0x00000000000001ED (mip.MTI <- 0b1, mip.STI <- 0b0)
mem[X,0x0000000080000CC8] -> 0x8793
mem[X,0x0000000080000CCA] -> 0x0017
[986] [S]: 0x0000030080000CC8 (0x00178793) addi x15, x15, 0x1                       va_rvtest_code_begin+1292
x15 <- 0x00000000A0200001

mem[X,0x0000000080000CCC] -> 0x9793
mem[X,0x0000000080000CCE] -> 0x00A7
[987] [S]: 0x0000030080000CCC (0x00A79793) slli x15, x15, 0xa                       va_rvtest_code_begin+1296
x15 <- 0x0000028080000400

clint mtime 0x00000000000001EE (mip.MTI <- 0b1, mip.STI <- 0b0)
mem[X,0x0000000080000CD0] -> 0x0613
mem[X,0x0000000080000CD2] -> 0x0106
[988] [S]: 0x0000030080000CD0 (0x01060613) addi x12, x12, 0x10                      va_rvtest_code_begin+1300
x12 <- 0x0000000000000020

mem[X,0x0000000080000CD4] -> 0xAA23
mem[X,0x0000000080000CD6] -> 0x00C7
[989] [S]: 0x0000030080000CD4 (0x00C7AA23) sw x12, 0x14(x15)                        va_rvtest_code_begin+1304
PTW: Start, vpn=0x28080000, access_type=W, privilege=Smem[R,0x0000000080009028] -> 0x00000000000000C9
PTW: Step, level=3, pte=0xC9, pte_addr=0x80009028
PTW: failed, error=no-permission, level=3, pte_addr=0x80009028
trapping from S to M to handle store/amo-page-fault
handling exc#store/amo-page-fault at priv M with tval 0x0000028080000414
CSR mstatus (0x300) <- 0x0000000A00080800
CSR mcause (0x342) <- 0x000000000000000F
CSR mtval (0x343) <- 0x0000028080000414
CSR mepc (0x341) <- 0x0000030080000CD4

clint mtime 0x00000000000001EF (mip.MTI <- 0b1, mip.STI <- 0b0)
mem[X,0x0000000080001C80] -> 0x006F
mem[X,0x0000000080001C82] -> 0x1000
[990] [M]: 0x0000000080001C80 (0x1000006F) jal x0, 0x100                            Mtrampoline+0

mem[X,0x0000000080001D80] -> 0x1173
mem[X,0x0000000080001D82] -> 0x3401
[991] [M]: 0x0000000080001D80 (0x34011173) csrrw x2, mscratch, x2                   trap_Mhandler+0
CSR mscratch (0x340) <- 0x0000000000000000
x2 <- 0x0000000080005000

clint mtime 0x00000000000001F0 (mip.MTI <- 0b1, mip.STI <- 0b0)
mem[X,0x0000000080001D84] -> 0x3423
mem[X,0x0000000080001D86] -> 0x28B1
[992] [M]: 0x0000000080001D84 (0x28B13423) sd x11, 0x288(x2)                        trap_Mhandler+4
mem[W,0x0000000080005288] <- 0x00000000000000C9

mem[X,0x0000000080001D88] -> 0x05EF
mem[X,0x0000000080001D8A] -> 0x0B80
[993] [M]: 0x0000000080001D88 (0x0B8005EF) jal x11, 0xb8                            trap_Mhandler+8
x11 <- 0x0000000080001D8C

clint mtime 0x00000000000001F1 (mip.MTI <- 0b1, mip.STI <- 0b0)
mem[X,0x0000000080001E40] -> 0x3023
mem[X,0x0000000080001E42] -> 0x28A1
[994] [M]: 0x0000000080001E40 (0x28A13023) sd x10, 0x280(x2)                        common_Mhandler+0
mem[W,0x0000000080005280] <- 0x00000000000000C9

mem[X,0x0000000080001E44] -> 0x1573
mem[X,0x0000000080001E46] -> 0x3401
[995] [M]: 0x0000000080001E44 (0x34011573) csrrw x10, mscratch, x2                  common_Mhandler+4
CSR mscratch (0x340) <- 0x0000000080005000
x10 <- 0x0000000000000000

clint mtime 0x00000000000001F2 (mip.MTI <- 0b1, mip.STI <- 0b0)
mem[X,0x0000000080001E48] -> 0x3823
mem[X,0x0000000080001E4A] -> 0x28A1
[996] [M]: 0x0000000080001E48 (0x28A13823) sd x10, 0x290(x2)                        common_Mhandler+8
mem[W,0x0000000080005290] <- 0x0000000000000000

mem[X,0x0000000080001E4C] -> 0x3503
mem[X,0x0000000080001E4E] -> 0x2301
[997] [M]: 0x0000000080001E4C (0x23013503) ld x10, 0x230(x2)                        common_Mhandler+12
mem[R,0x0000000080005230] -> 0x0000000080001E54
x10 <- 0x0000000080001E54

clint mtime 0x00000000000001F3 (mip.MTI <- 0b1, mip.STI <- 0b0)
mem[X,0x0000000080001E50] -> 0x0067
mem[X,0x0000000080001E52] -> 0x0005
[998] [M]: 0x0000000080001E50 (0x00050067) jalr x0, 0x0(x10)                        common_Mhandler+16

mem[X,0x0000000080001E54] -> 0x3C23
mem[X,0x0000000080001E56] -> 0x2691
[999] [M]: 0x0000000080001E54 (0x26913C23) sd x9, 0x278(x2)                         common_Mentry+0
mem[W,0x0000000080005278] <- 0x00000300000000D0

clint mtime 0x00000000000001F4 (mip.MTI <- 0b1, mip.STI <- 0b0)
mem[X,0x0000000080001E58] -> 0x3823
mem[X,0x0000000080001E5A] -> 0x2681
[1000] [M]: 0x0000000080001E58 (0x26813823) sd x8, 0x270(x2)                        common_Mentry+4
mem[W,0x0000000080005270] <- 0x0000000000007F76

mem[X,0x0000000080001E5C] -> 0x3423
mem[X,0x0000000080001E5E] -> 0x2671
[1001] [M]: 0x0000000080001E5C (0x26713423) sd x7, 0x268(x2)                        common_Mentry+8
mem[W,0x0000000080005268] <- 0x0000000080005000

clint mtime 0x00000000000001F5 (mip.MTI <- 0b1, mip.STI <- 0b0)
mem[X,0x0000000080001E60] -> 0x3023
mem[X,0x0000000080001E62] -> 0x2661
[1002] [M]: 0x0000000080001E60 (0x26613023) sd x6, 0x260(x2)                        common_Mentry+12
mem[W,0x0000000080005260] <- 0xFFFFFFFF7FFFF42C

mem[X,0x0000000080001E64] -> 0x2573
mem[X,0x0000000080001E66] -> 0x3420
[1003] [M]: 0x0000000080001E64 (0x34202573) csrrs x10, mcause, x0                   spcl_M2mmode_test+0
CSR mcause (0x342) -> 0x000000000000000F
x10 <- 0x000000000000000F

clint mtime 0x00000000000001F6 (mip.MTI <- 0b1, mip.STI <- 0b0)
mem[X,0x0000000080001E68] -> 0x04B7
mem[X,0x0000000080001E6A] -> 0x8000
[1004] [M]: 0x0000000080001E68 (0x800004B7) lui x9, -0x80000                        spcl_M2mmode_test+4
x9 <- 0xFFFFFFFF80000000

mem[X,0x0000000080001E6C] -> 0x8493
mem[X,0x0000000080001E6E] -> 0x0004
[1005] [M]: 0x0000000080001E6C (0x00048493) addi x9, x9, 0x0                        spcl_M2mmode_test+8
x9 <- 0xFFFFFFFF80000000

clint mtime 0x00000000000001F7 (mip.MTI <- 0b1, mip.STI <- 0b0)
mem[X,0x0000000080001E70] -> 0x9493
mem[X,0x0000000080001E72] -> 0x00B4
[1006] [M]: 0x0000000080001E70 (0x00B49493) slli x9, x9, 0xb                        spcl_M2mmode_test+12
x9 <- 0xFFFFFC0000000000

mem[X,0x0000000080001E74] -> 0x8493
mem[X,0x0000000080001E76] -> 0x0004
[1007] [M]: 0x0000000080001E74 (0x00048493) addi x9, x9, 0x0                        spcl_M2mmode_test+16
x9 <- 0xFFFFFC0000000000

clint mtime 0x00000000000001F8 (mip.MTI <- 0b1, mip.STI <- 0b0)
mem[X,0x0000000080001E78] -> 0x9493
mem[X,0x0000000080001E7A] -> 0x00B4
[1008] [M]: 0x0000000080001E78 (0x00B49493) slli x9, x9, 0xb                        spcl_M2mmode_test+20
x9 <- 0xFFE0000000000000

mem[X,0x0000000080001E7C] -> 0x8493
mem[X,0x0000000080001E7E] -> 0x0034
[1009] [M]: 0x0000000080001E7C (0x00348493) addi x9, x9, 0x3                        spcl_M2mmode_test+24
x9 <- 0xFFE0000000000003

clint mtime 0x00000000000001F9 (mip.MTI <- 0b1, mip.STI <- 0b0)
mem[X,0x0000000080001E80] -> 0x9493
mem[X,0x0000000080001E82] -> 0x00A4
[1010] [M]: 0x0000000080001E80 (0x00A49493) slli x9, x9, 0xa                        spcl_M2mmode_test+28
x9 <- 0x8000000000000C00

mem[X,0x0000000080001E84] -> 0x8493
mem[X,0x0000000080001E86] -> 0x3FC4
[1011] [M]: 0x0000000080001E84 (0x3FC48493) addi x9, x9, 0x3fc                      spcl_M2mmode_test+32
x9 <- 0x8000000000000FFC

clint mtime 0x00000000000001FA (mip.MTI <- 0b1, mip.STI <- 0b0)
mem[X,0x0000000080001E88] -> 0xF4B3
mem[X,0x0000000080001E8A] -> 0x00A4
[1012] [M]: 0x0000000080001E88 (0x00A4F4B3) and x9, x9, x10                         spcl_M2mmode_test+36
x9 <- 0x000000000000000C

mem[X,0x0000000080001E8C] -> 0x8493
mem[X,0x0000000080001E8E] -> 0xFF84
[1013] [M]: 0x0000000080001E8C (0xFF848493) addi x9, x9, -0x8                       spcl_M2mmode_test+40
x9 <- 0x0000000000000004

clint mtime 0x00000000000001FB (mip.MTI <- 0b1, mip.STI <- 0b0)
mem[X,0x0000000080001E90] -> 0x9663
mem[X,0x0000000080001E92] -> 0x0004
[1014] [M]: 0x0000000080001E90 (0x00049663) bne x9, x0, 0xc                         spcl_M2mmode_test+44

mem[X,0x0000000080001E9C] -> 0x0393
mem[X,0x0000000080001E9E] -> 0x0200
[1015] [M]: 0x0000000080001E9C (0x02000393) addi x7, x0, 0x20                       Mtrapsig_ptr_upd+0
x7 <- 0x0000000000000020

clint mtime 0x00000000000001FC (mip.MTI <- 0b1, mip.STI <- 0b0)
mem[X,0x0000000080001EA0] -> 0x5263
mem[X,0x0000000080001EA2] -> 0x0405
[1016] [M]: 0x0000000080001EA0 (0x04055263) bge x10, x0, 0x44                       Mtrapsig_ptr_upd+4

mem[X,0x0000000080001EE4] -> 0x2373
mem[X,0x0000000080001EE6] -> 0x3010
[1017] [M]: 0x0000000080001EE4 (0x30102373) csrrs x6, misa, x0                      Mxcpt_sig_sv+0
CSR misa (0x301) -> 0x800000000034112F
x6 <- 0x800000000034112F

clint mtime 0x00000000000001FD (mip.MTI <- 0b1, mip.STI <- 0b0)
mem[X,0x0000000080001EE8] -> 0x1313
mem[X,0x0000000080001EEA] -> 0x0383
[1018] [M]: 0x0000000080001EE8 (0x03831313) slli x6, x6, 0x38                       Mxcpt_sig_sv+4
x6 <- 0x2F00000000000000

mem[X,0x0000000080001EEC] -> 0x5463
mem[X,0x0000000080001EEE] -> 0x0003
[1019] [M]: 0x0000000080001EEC (0x00035463) bge x6, x0, 0x8                         Mxcpt_sig_sv+8

clint mtime 0x00000000000001FE (mip.MTI <- 0b1, mip.STI <- 0b0)
mem[X,0x0000000080001EF4] -> 0x3303
mem[X,0x0000000080001EF6] -> 0x2181
[1020] [M]: 0x0000000080001EF4 (0x21813303) ld x6, 0x218(x2)                        Mtrap_sig_sv+0
mem[R,0x0000000080005218] -> 0x000000008000A598
x6 <- 0x000000008000A598

mem[X,0x0000000080001EF8] -> 0x04B3
mem[X,0x0000000080001EFA] -> 0x0073
[1021] [M]: 0x0000000080001EF8 (0x007304B3) add x9, x6, x7                          Mtrap_sig_sv+4
x9 <- 0x000000008000A5B8

clint mtime 0x00000000000001FF (mip.MTI <- 0b1, mip.STI <- 0b0)
mem[X,0x0000000080001EFC] -> 0x3C23
mem[X,0x0000000080001EFE] -> 0x2091
[1022] [M]: 0x0000000080001EFC (0x20913C23) sd x9, 0x218(x2)                        Mtrap_sig_sv+8
mem[W,0x0000000080005218] <- 0x000000008000A5B8

mem[X,0x0000000080001F00] -> 0x3403
mem[X,0x0000000080001F02] -> 0x1F81
[1023] [M]: 0x0000000080001F00 (0x1F813403) ld x8, 0x1f8(x2)                        Mtrap_sig_sv+12
mem[R,0x00000000800051F8] -> 0x000000008000A110
x8 <- 0x000000008000A110

clint mtime 0x0000000000000200 (mip.MTI <- 0b1, mip.STI <- 0b0)
mem[X,0x0000000080001F04] -> 0x0333
mem[X,0x0000000080001F06] -> 0x4083
[1024] [M]: 0x0000000080001F04 (0x40830333) sub x6, x6, x8                          Mtrap_sig_sv+16
x6 <- 0x0000000000000488

mem[X,0x0000000080001F08] -> 0x3403
mem[X,0x0000000080001F0A] -> 0x1F81
[1025] [M]: 0x0000000080001F08 (0x1F813403) ld x8, 0x1f8(x2)                        Mtrap_sig_sv+20
mem[R,0x00000000800051F8] -> 0x000000008000A110
x8 <- 0x000000008000A110

clint mtime 0x0000000000000201 (mip.MTI <- 0b1, mip.STI <- 0b0)
mem[X,0x0000000080001F0C] -> 0x0333
mem[X,0x0000000080001F0E] -> 0x0083
[1026] [M]: 0x0000000080001F0C (0x00830333) add x6, x6, x8                          Mtrap_sig_sv+24
x6 <- 0x000000008000A598

mem[X,0x0000000080001F10] -> 0x3403
mem[X,0x0000000080001F12] -> 0x2401
[1027] [M]: 0x0000000080001F10 (0x24013403) ld x8, 0x240(x2)                        Mtrap_sig_sv+28
mem[R,0x0000000080005240] -> 0x0000000080001C80
x8 <- 0x0000000080001C80

clint mtime 0x0000000000000202 (mip.MTI <- 0b1, mip.STI <- 0b0)
mem[X,0x0000000080001F14] -> 0x85B3
mem[X,0x0000000080001F16] -> 0x4085
[1028] [M]: 0x0000000080001F14 (0x408585B3) sub x11, x11, x8                        sv_Mvect+0
x11 <- 0x000000000000010C

mem[X,0x0000000080001F18] -> 0x9593
mem[X,0x0000000080001F1A] -> 0x0045
[1029] [M]: 0x0000000080001F18 (0x00459593) slli x11, x11, 0x4                      sv_Mvect+4
x11 <- 0x00000000000010C0

clint mtime 0x0000000000000203 (mip.MTI <- 0b1, mip.STI <- 0b0)
mem[X,0x0000000080001F1C] -> 0xE5B3
mem[X,0x0000000080001F1E] -> 0x0075
[1030] [M]: 0x0000000080001F1C (0x0075E5B3) or x11, x11, x7                         sv_Mvect+8
x11 <- 0x00000000000010E0

mem[X,0x0000000080001F20] -> 0x8593
mem[X,0x0000000080001F22] -> 0x0035
[1031] [M]: 0x0000000080001F20 (0x00358593) addi x11, x11, 0x3                      sv_Mvect+12
x11 <- 0x00000000000010E3

clint mtime 0x0000000000000204 (mip.MTI <- 0b1, mip.STI <- 0b0)
mem[X,0x0000000080001F24] -> 0x3023
mem[X,0x0000000080001F26] -> 0x00B3
[1032] [M]: 0x0000000080001F24 (0x00B33023) sd x11, 0x0(x6)                         sv_Mvect+16
mem[W,0x000000008000A598] <- 0x00000000000010E3

mem[X,0x0000000080001F28] -> 0x3423
mem[X,0x0000000080001F2A] -> 0x00A3
[1033] [M]: 0x0000000080001F28 (0x00A33423) sd x10, 0x8(x6)                         sv_Mcause+0
mem[W,0x000000008000A5A0] <- 0x000000000000000F

clint mtime 0x0000000000000205 (mip.MTI <- 0b1, mip.STI <- 0b0)
mem[X,0x0000000080001F2C] -> 0x4663
mem[X,0x0000000080001F2E] -> 0x1A05
[1034] [M]: 0x0000000080001F2C (0x1A054663) blt x10, x0, 0x1ac                      sv_Mcause+4

mem[X,0x0000000080001F30] -> 0x25F3
mem[X,0x0000000080001F32] -> 0x3000
[1035] [M]: 0x0000000080001F30 (0x300025F3) csrrs x11, mstatus, x0                  common_Mexcpt_handler+0
CSR mstatus (0x300) -> 0x0000000A00080800
x11 <- 0x0000000A00080800

clint mtime 0x0000000000000206 (mip.MTI <- 0b1, mip.STI <- 0b0)
mem[X,0x0000000080001F34] -> 0x9413
mem[X,0x0000000080001F36] -> 0x02E5
[1036] [M]: 0x0000000080001F34 (0x02E59413) slli x8, x11, 0x2e                      common_Mexcpt_handler+4
x8 <- 0x0200000000000000

mem[X,0x0000000080001F38] -> 0x5463
mem[X,0x0000000080001F3A] -> 0x0004
[1037] [M]: 0x0000000080001F38 (0x00045463) bge x8, x0, 0x8                         common_Mexcpt_handler+8

clint mtime 0x0000000000000207 (mip.MTI <- 0b1, mip.STI <- 0b0)
mem[X,0x0000000080001F40] -> 0xD493
mem[X,0x0000000080001F42] -> 0x00B5
[1038] [M]: 0x0000000080001F40 (0x00B5D493) srli x9, x11, 0xb                       common_Mexcpt_handler+16
x9 <- 0x0000000001400101

mem[X,0x0000000080001F44] -> 0xF493
mem[X,0x0000000080001F46] -> 0x0034
[1039] [M]: 0x0000000080001F44 (0x0034F493) andi x9, x9, 0x3                        common_Mexcpt_handler+20
x9 <- 0x0000000000000001

clint mtime 0x0000000000000208 (mip.MTI <- 0b1, mip.STI <- 0b0)
mem[X,0x0000000080001F48] -> 0x8493
mem[X,0x0000000080001F4A] -> 0x0014
[1040] [M]: 0x0000000080001F48 (0x00148493) addi x9, x9, 0x1                        common_Mexcpt_handler+24
x9 <- 0x0000000000000002

mem[X,0x0000000080001F4C] -> 0xF493
mem[X,0x0000000080001F4E] -> 0x0044
[1041] [M]: 0x0000000080001F4C (0x0044F493) andi x9, x9, 0x4                        common_Mexcpt_handler+28
x9 <- 0x0000000000000000

clint mtime 0x0000000000000209 (mip.MTI <- 0b1, mip.STI <- 0b0)
mem[X,0x0000000080001F50] -> 0x0593
mem[X,0x0000000080001F52] -> 0x05D0
[1042] [M]: 0x0000000080001F50 (0x05D00593) addi x11, x0, 0x5d                      common_Mexcpt_handler+32
x11 <- 0x000000000000005D

mem[X,0x0000000080001F54] -> 0xD5B3
mem[X,0x0000000080001F56] -> 0x0095
[1043] [M]: 0x0000000080001F54 (0x0095D5B3) srl x11, x11, x9                        common_Mexcpt_handler+36
x11 <- 0x000000000000005D

clint mtime 0x000000000000020A (mip.MTI <- 0b1, mip.STI <- 0b0)
mem[X,0x0000000080001F58] -> 0xF593
mem[X,0x0000000080001F5A] -> 0x0015
[1044] [M]: 0x0000000080001F58 (0x0015F593) andi x11, x11, 0x1                      common_Mexcpt_handler+40
x11 <- 0x0000000000000001

mem[X,0x0000000080001F5C] -> 0x8EE3
mem[X,0x0000000080001F5E] -> 0xF405
[1045] [M]: 0x0000000080001F5C (0xF4058EE3) beq x11, x0, -0xa4                      common_Mexcpt_handler+44

clint mtime 0x000000000000020B (mip.MTI <- 0b1, mip.STI <- 0b0)
mem[X,0x0000000080001F60] -> 0x0593
mem[X,0x0000000080001F62] -> 0x2980
[1046] [M]: 0x0000000080001F60 (0x29800593) addi x11, x0, 0x298                     common_Mexcpt_handler+48
x11 <- 0x0000000000000298

mem[X,0x0000000080001F64] -> 0xF413
mem[X,0x0000000080001F66] -> 0x0014
[1047] [M]: 0x0000000080001F64 (0x0014F413) andi x8, x9, 0x1                        common_Mexcpt_handler+52
x8 <- 0x0000000000000000

clint mtime 0x000000000000020C (mip.MTI <- 0b1, mip.STI <- 0b0)
mem[X,0x0000000080001F68] -> 0x95B3
mem[X,0x0000000080001F6A] -> 0x0085
[1048] [M]: 0x0000000080001F68 (0x008595B3) sll x11, x11, x8                        common_Mexcpt_handler+56
x11 <- 0x0000000000000298

mem[X,0x0000000080001F6C] -> 0x9413
mem[X,0x0000000080001F6E] -> 0x03D4
[1049] [M]: 0x0000000080001F6C (0x03D49413) slli x8, x9, 0x3d                       common_Mexcpt_handler+60
x8 <- 0x0000000000000000

clint mtime 0x000000000000020D (mip.MTI <- 0b1, mip.STI <- 0b0)
mem[X,0x0000000080001F70] -> 0x5413
mem[X,0x0000000080001F72] -> 0x43F4
[1050] [M]: 0x0000000080001F70 (0x43F45413) srai x8, x8, 0x3f                       common_Mexcpt_handler+64
x8 <- 0x0000000000000000

mem[X,0x0000000080001F74] -> 0x4413
mem[X,0x0000000080001F76] -> 0xFFF4
[1051] [M]: 0x0000000080001F74 (0xFFF44413) xori x8, x8, -0x1                       common_Mexcpt_handler+68
x8 <- 0xFFFFFFFFFFFFFFFF

clint mtime 0x000000000000020E (mip.MTI <- 0b1, mip.STI <- 0b0)
mem[X,0x0000000080001F78] -> 0xF4B3
mem[X,0x0000000080001F7A] -> 0x0085
[1052] [M]: 0x0000000080001F78 (0x0085F4B3) and x9, x11, x8                         common_Mexcpt_handler+72
x9 <- 0x0000000000000298

mem[X,0x0000000080001F7C] -> 0x84B3
mem[X,0x0000000080001F7E] -> 0x0024
[1053] [M]: 0x0000000080001F7C (0x002484B3) add x9, x9, x2                          vmem_adj_Mepc+0
x9 <- 0x0000000080005298

clint mtime 0x000000000000020F (mip.MTI <- 0b1, mip.STI <- 0b0)
mem[X,0x0000000080001F80] -> 0x23F3
mem[X,0x0000000080001F82] -> 0x3410
[1054] [M]: 0x0000000080001F80 (0x341023F3) csrrs x7, mepc, x0                      vmem_adj_Mepc+4
CSR mepc (0x341) -> 0x0000030080000CD4
x7 <- 0x0000030080000CD4

mem[X,0x0000000080001F84] -> 0x0413
mem[X,0x0000000080001F86] -> 0x0004
[1055] [M]: 0x0000000080001F84 (0x00040413) addi x8, x8, 0x0                        vmem_adj_Mepc+8
x8 <- 0xFFFFFFFFFFFFFFFF

clint mtime 0x0000000000000210 (mip.MTI <- 0b1, mip.STI <- 0b0)
mem[X,0x0000000080001F88] -> 0x006F
mem[X,0x0000000080001F8A] -> 0x0400
[1056] [M]: 0x0000000080001F88 (0x0400006F) jal x0, 0x40                            vmem_adj_Mepc+12

mem[X,0x0000000080001FC8] -> 0x8433
mem[X,0x0000000080001FCA] -> 0x4083
[1057] [M]: 0x0000000080001FC8 (0x40838433) sub x8, x7, x8                          adj_Mepc+0
x8 <- 0x0000030080000CD5

clint mtime 0x0000000000000211 (mip.MTI <- 0b1, mip.STI <- 0b0)
mem[X,0x0000000080001FCC] -> 0x3823
mem[X,0x0000000080001FCE] -> 0x0083
[1058] [M]: 0x0000000080001FCC (0x00833823) sd x8, 0x10(x6)                         sv_Mepc+0
mem[W,0x000000008000A5A8] <- 0x0000030080000CD5

mem[X,0x0000000080001FD0] -> 0x55B7
mem[X,0x0000000080001FD2] -> 0x0000
[1059] [M]: 0x0000000080001FD0 (0x000055B7) lui x11, 0x5                            sv_Mepc+4
x11 <- 0x0000000000005000

clint mtime 0x0000000000000212 (mip.MTI <- 0b1, mip.STI <- 0b0)
mem[X,0x0000000080001FD4] -> 0x8593
mem[X,0x0000000080001FD6] -> 0x6675
[1060] [M]: 0x0000000080001FD4 (0x66758593) addi x11, x11, 0x667                    sv_Mepc+8
x11 <- 0x0000000000005667

mem[X,0x0000000080001FD8] -> 0x9593
mem[X,0x0000000080001FDA] -> 0x0015
[1061] [M]: 0x0000000080001FD8 (0x00159593) slli x11, x11, 0x1                      sv_Mepc+12
x11 <- 0x000000000000ACCE

clint mtime 0x0000000000000213 (mip.MTI <- 0b1, mip.STI <- 0b0)
mem[X,0x0000000080001FDC] -> 0x9063
mem[X,0x0000000080001FDE] -> 0x02B1
[1062] [M]: 0x0000000080001FDC (0x02B19063) bne x3, x11, 0x20                       sv_Mepc+16

mem[X,0x0000000080001FE0] -> 0x2473
mem[X,0x0000000080001FE2] -> 0x3420
[1063] [M]: 0x0000000080001FE0 (0x34202473) csrrs x8, mcause, x0                    sv_Mepc+20
CSR mcause (0x342) -> 0x000000000000000F
x8 <- 0x000000000000000F

clint mtime 0x0000000000000214 (mip.MTI <- 0b1, mip.STI <- 0b0)
mem[X,0x0000000080001FE4] -> 0x0593
mem[X,0x0000000080001FE6] -> 0x00C0
[1064] [M]: 0x0000000080001FE4 (0x00C00593) addi x11, x0, 0xc                       sv_Mepc+24
x11 <- 0x000000000000000C

mem[X,0x0000000080001FE8] -> 0x0663
mem[X,0x0000000080001FEA] -> 0x00B4
[1065] [M]: 0x0000000080001FE8 (0x00B40663) beq x8, x11, 0xc                        sv_Mepc+28

clint mtime 0x0000000000000215 (mip.MTI <- 0b1, mip.STI <- 0b0)
mem[X,0x0000000080001FEC] -> 0x0593
mem[X,0x0000000080001FEE] -> 0x0010
[1066] [M]: 0x0000000080001FEC (0x00100593) addi x11, x0, 0x1                       sv_Mepc+32
x11 <- 0x0000000000000001

mem[X,0x0000000080001FF0] -> 0x1663
mem[X,0x0000000080001FF2] -> 0x00B4
[1067] [M]: 0x0000000080001FF0 (0x00B41663) bne x8, x11, 0xc                        sv_Mepc+36

clint mtime 0x0000000000000216 (mip.MTI <- 0b1, mip.STI <- 0b0)
mem[X,0x0000000080001FFC] -> 0xF593
mem[X,0x0000000080001FFE] -> 0xFFC3
[1068] [M]: 0x0000000080001FFC (0xFFC3F593) andi x11, x7, -0x4                      adj_Mepc_rtn+0
x11 <- 0x0000030080000CD4

mem[X,0x0000000080002000] -> 0x8593
mem[X,0x0000000080002002] -> 0x0085
[1069] [M]: 0x0000000080002000 (0x00858593) addi x11, x11, 0x8                      adj_Mepc_rtn+4
x11 <- 0x0000030080000CDC

clint mtime 0x0000000000000217 (mip.MTI <- 0b1, mip.STI <- 0b0)
mem[X,0x0000000080002004] -> 0x9073
mem[X,0x0000000080002006] -> 0x3415
[1070] [M]: 0x0000000080002004 (0x34159073) csrrw x0, mepc, x11                     adj_Mepc_rtn+8
CSR mepc (0x341) <- 0x0000030080000CDC

mem[X,0x0000000080002008] -> 0x23F3
mem[X,0x000000008000200A] -> 0x3430
[1071] [M]: 0x0000000080002008 (0x343023F3) csrrs x7, mtval, x0                     skp_adj_Mepc+0
CSR mtval (0x343) -> 0x0000028080000414
x7 <- 0x0000028080000414

clint mtime 0x0000000000000218 (mip.MTI <- 0b1, mip.STI <- 0b0)
mem[X,0x000000008000200C] -> 0x0413
mem[X,0x000000008000200E] -> 0x0004
[1072] [M]: 0x000000008000200C (0x00040413) addi x8, x8, 0x0                        skp_adj_Mepc+4
x8 <- 0x000000000000000F

mem[X,0x0000000080002010] -> 0x006F
mem[X,0x0000000080002012] -> 0x0840
[1073] [M]: 0x0000000080002010 (0x0840006F) jal x0, 0x84                            skp_adj_Mepc+8

clint mtime 0x0000000000000219 (mip.MTI <- 0b1, mip.STI <- 0b0)
mem[X,0x0000000080002094] -> 0x8433
mem[X,0x0000000080002096] -> 0x4083
[1074] [M]: 0x0000000080002094 (0x40838433) sub x8, x7, x8                          adj_Mtval+0
x8 <- 0x0000028080000405

mem[X,0x0000000080002098] -> 0x3C23
mem[X,0x000000008000209A] -> 0x0083
[1075] [M]: 0x0000000080002098 (0x00833C23) sd x8, 0x18(x6)                         sv_Mtval+0
mem[W,0x000000008000A5B0] <- 0x0000028080000405

clint mtime 0x000000000000021A (mip.MTI <- 0b1, mip.STI <- 0b0)
mem[X,0x000000008000209C] -> 0x3483
mem[X,0x000000008000209E] -> 0x2181
[1076] [M]: 0x000000008000209C (0x21813483) ld x9, 0x218(x2)                        skp_Mtval+0
mem[R,0x0000000080005218] -> 0x000000008000A5B8
x9 <- 0x000000008000A5B8

mem[X,0x00000000800020A0] -> 0x3383
mem[X,0x00000000800020A2] -> 0x1F81
[1077] [M]: 0x00000000800020A0 (0x1F813383) ld x7, 0x1f8(x2)                        skp_Mtval+4
mem[R,0x00000000800051F8] -> 0x000000008000A110
x7 <- 0x000000008000A110

clint mtime 0x000000000000021B (mip.MTI <- 0b1, mip.STI <- 0b0)
mem[X,0x00000000800020A4] -> 0x3303
mem[X,0x00000000800020A6] -> 0x2001
[1078] [M]: 0x00000000800020A4 (0x20013303) ld x6, 0x200(x2)                        skp_Mtval+8
mem[R,0x0000000080005200] -> 0x0000000000000610
x6 <- 0x0000000000000610

mem[X,0x00000000800020A8] -> 0x0333
mem[X,0x00000000800020AA] -> 0x0073
[1079] [M]: 0x00000000800020A8 (0x00730333) add x6, x6, x7                          skp_Mtval+12
x6 <- 0x000000008000A720

clint mtime 0x000000000000021C (mip.MTI <- 0b1, mip.STI <- 0b0)
mem[X,0x00000000800020AC] -> 0x6AE3
mem[X,0x00000000800020AE] -> 0xAE93
[1080] [M]: 0x00000000800020AC (0xAE936AE3) bltu x6, x9, -0x50c                     skp_Mtval+16

mem[X,0x00000000800020B0] -> 0x0393
mem[X,0x00000000800020B2] -> 0x2000
[1081] [M]: 0x00000000800020B0 (0x20000393) addi x7, x0, 0x200                      skp_Mtval+20
x7 <- 0x0000000000000200

clint mtime 0x000000000000021D (mip.MTI <- 0b1, mip.STI <- 0b0)
mem[X,0x00000000800020B4] -> 0x006F
mem[X,0x00000000800020B6] -> 0x0400
[1082] [M]: 0x00000000800020B4 (0x0400006F) jal x0, 0x40                            skp_Mtval+24

mem[X,0x00000000800020F4] -> 0x0417
mem[X,0x00000000800020F6] -> 0x0000
[1083] [M]: 0x00000000800020F4 (0x00000417) auipc x8, 0x0                           spcl_Mhandler+0
x8 <- 0x00000000800020F4

clint mtime 0x000000000000021E (mip.MTI <- 0b1, mip.STI <- 0b0)
mem[X,0x00000000800020F8] -> 0x0413
mem[X,0x00000000800020FA] -> 0x03C4
[1084] [M]: 0x00000000800020F8 (0x03C40413) addi x8, x8, 0x3c                       spcl_Mhandler+4
x8 <- 0x0000000080002130

mem[X,0x00000000800020FC] -> 0x0433
mem[X,0x00000000800020FE] -> 0x0074
[1085] [M]: 0x00000000800020FC (0x00740433) add x8, x8, x7                          spcl_Mhandler+8
x8 <- 0x0000000080002330

clint mtime 0x000000000000021F (mip.MTI <- 0b1, mip.STI <- 0b0)
mem[X,0x0000000080002100] -> 0x1393
mem[X,0x0000000080002102] -> 0x0035
[1086] [M]: 0x0000000080002100 (0x00351393) slli x7, x10, 0x3                       spcl_Mhandler+12
x7 <- 0x0000000000000078

mem[X,0x0000000080002104] -> 0x0433
mem[X,0x0000000080002106] -> 0x0074
[1087] [M]: 0x0000000080002104 (0x00740433) add x8, x8, x7                          spcl_Mhandler+16
x8 <- 0x00000000800023A8

clint mtime 0x0000000000000220 (mip.MTI <- 0b1, mip.STI <- 0b0)
mem[X,0x0000000080002108] -> 0x7413
mem[X,0x000000008000210A] -> 0xFF84
[1088] [M]: 0x0000000080002108 (0xFF847413) andi x8, x8, -0x8                       spcl_Mhandler+20
x8 <- 0x00000000800023A8

mem[X,0x000000008000210C] -> 0x3403
mem[X,0x000000008000210E] -> 0x0004
[1089] [M]: 0x000000008000210C (0x00043403) ld x8, 0x0(x8)                          spcl_Mhandler+24
mem[R,0x00000000800023A8] -> 0x000000000000001F
x8 <- 0x000000000000001F

clint mtime 0x0000000000000221 (mip.MTI <- 0b1, mip.STI <- 0b0)
mem[X,0x0000000080002110] -> 0x02E3
mem[X,0x0000000080002112] -> 0xB204
[1090] [M]: 0x0000000080002110 (0xB20402E3) beq x8, x0, -0x4dc                      spcl_Mdispatch_hndling+0

mem[X,0x0000000080002114] -> 0x1393
mem[X,0x0000000080002116] -> 0x03F4
[1091] [M]: 0x0000000080002114 (0x03F41393) slli x7, x8, 0x3f                       spcl_Mdispatch_hndling+4
x7 <- 0x8000000000000000

clint mtime 0x0000000000000222 (mip.MTI <- 0b1, mip.STI <- 0b0)
mem[X,0x0000000080002118] -> 0xD863
mem[X,0x000000008000211A] -> 0x0003
[1092] [M]: 0x0000000080002118 (0x0003D863) bge x7, x0, 0x10                        spcl_Mdispatch_hndling+8

mem[X,0x000000008000211C] -> 0x5413
mem[X,0x000000008000211E] -> 0x0014
[1093] [M]: 0x000000008000211C (0x00145413) srli x8, x8, 0x1                        spcl_Mdispatch_hndling+12
x8 <- 0x000000000000000F

clint mtime 0x0000000000000223 (mip.MTI <- 0b1, mip.STI <- 0b0)
mem[X,0x0000000080002120] -> 0x0CE3
mem[X,0x0000000080002122] -> 0xF885
[1094] [M]: 0x0000000080002120 (0xF8850CE3) beq x10, x8, -0x68                      spcl_Mdispatch_hndling+16

mem[X,0x00000000800020B8] -> 0x3303
mem[X,0x00000000800020BA] -> 0x2601
[1095] [M]: 0x00000000800020B8 (0x26013303) ld x6, 0x260(x2)                        resto_Mrtn+0
mem[R,0x0000000080005260] -> 0xFFFFFFFF7FFFF42C
x6 <- 0xFFFFFFFF7FFFF42C

clint mtime 0x0000000000000224 (mip.MTI <- 0b1, mip.STI <- 0b0)
mem[X,0x00000000800020BC] -> 0x3383
mem[X,0x00000000800020BE] -> 0x2681
[1096] [M]: 0x00000000800020BC (0x26813383) ld x7, 0x268(x2)                        resto_Mrtn+4
mem[R,0x0000000080005268] -> 0x0000000080005000
x7 <- 0x0000000080005000

mem[X,0x00000000800020C0] -> 0x3403
mem[X,0x00000000800020C2] -> 0x2701
[1097] [M]: 0x00000000800020C0 (0x27013403) ld x8, 0x270(x2)                        resto_Mrtn+8
mem[R,0x0000000080005270] -> 0x0000000000007F76
x8 <- 0x0000000000007F76

clint mtime 0x0000000000000225 (mip.MTI <- 0b1, mip.STI <- 0b0)
mem[X,0x00000000800020C4] -> 0x3483
mem[X,0x00000000800020C6] -> 0x2781
[1098] [M]: 0x00000000800020C4 (0x27813483) ld x9, 0x278(x2)                        resto_Mrtn+12
mem[R,0x0000000080005278] -> 0x00000300000000D0
x9 <- 0x00000300000000D0

mem[X,0x00000000800020C8] -> 0x3503
mem[X,0x00000000800020CA] -> 0x2801
[1099] [M]: 0x00000000800020C8 (0x28013503) ld x10, 0x280(x2)                       resto_Mrtn+16
mem[R,0x0000000080005280] -> 0x00000000000000C9
x10 <- 0x00000000000000C9

clint mtime 0x0000000000000226 (mip.MTI <- 0b1, mip.STI <- 0b0)
mem[X,0x00000000800020CC] -> 0x3583
mem[X,0x00000000800020CE] -> 0x2881
[1100] [M]: 0x00000000800020CC (0x28813583) ld x11, 0x288(x2)                       resto_Mrtn+20
mem[R,0x0000000080005288] -> 0x00000000000000C9
x11 <- 0x00000000000000C9

mem[X,0x00000000800020D0] -> 0x3103
mem[X,0x00000000800020D2] -> 0x2901
[1101] [M]: 0x00000000800020D0 (0x29013103) ld x2, 0x290(x2)                        resto_Mrtn+24
mem[R,0x0000000080005290] -> 0x0000000000000000
x2 <- 0x0000000000000000

clint mtime 0x0000000000000227 (mip.MTI <- 0b1, mip.STI <- 0b0)
mem[X,0x00000000800020D4] -> 0x0073
mem[X,0x00000000800020D6] -> 0x3020
[1102] [M]: 0x00000000800020D4 (0x30200073) mret                                    resto_Mrtn+28
CSR mstatus (0x300) <- 0x0000000A00080080
ret-ing from M to S

mem[X,0x0000000080000CDC] -> 0xA703
mem[X,0x0000000080000CDE] -> 0x0147
[1103] [S]: 0x0000030080000CDC (0x0147A703) lw x14, 0x14(x15)                       va_rvtest_code_begin+1312
PTW: Start, vpn=0x28080000, access_type=R, privilege=Smem[R,0x0000000080009028] -> 0x00000000000000C9
PTW: Step, level=3, pte=0xC9, pte_addr=0x80009028
PTW: Success, final_ppn=0x80000, level=3mem[R,0x0000000080000414] -> 0xBEEFCAF2
x14 <- 0xFFFFFFFFBEEFCAF2

clint mtime 0x0000000000000228 (mip.MTI <- 0b1, mip.STI <- 0b0)
PTW: Start, vpn=0x30080000, access_type=X, privilege=Smem[R,0x0000000080009030] -> 0x00000000000000CB
PTW: Step, level=3, pte=0xCB, pte_addr=0x80009030
PTW: Success, final_ppn=0x80000, level=3mem[X,0x0000000080000CE0] -> 0x0013
mem[X,0x0000000080000CE2] -> 0x0000
[1104] [S]: 0x0000030080000CE0 (0x00000013) addi x0, x0, 0x0                        va_rvtest_code_begin+1316

mem[X,0x0000000080000CE4] -> 0x51B7
mem[X,0x0000000080000CE6] -> 0x0000
[1105] [S]: 0x0000030080000CE4 (0x000051B7) lui x3, 0x5                             va_rvtest_code_begin+1320
x3 <- 0x0000000000005000

clint mtime 0x0000000000000229 (mip.MTI <- 0b1, mip.STI <- 0b0)
mem[X,0x0000000080000CE8] -> 0x8193
mem[X,0x0000000080000CEA] -> 0x6671
[1106] [S]: 0x0000030080000CE8 (0x66718193) addi x3, x3, 0x667                      va_rvtest_code_begin+1324
x3 <- 0x0000000000005667

mem[X,0x0000000080000CEC] -> 0x9193
mem[X,0x0000000080000CEE] -> 0x0011
[1107] [S]: 0x0000030080000CEC (0x00119193) slli x3, x3, 0x1                        va_rvtest_code_begin+1328
x3 <- 0x000000000000ACCE

clint mtime 0x000000000000022A (mip.MTI <- 0b1, mip.STI <- 0b0)
mem[X,0x0000000080000CF0] -> 0x0013
mem[X,0x0000000080000CF2] -> 0x0000
[1108] [S]: 0x0000030080000CF0 (0x00000013) addi x0, x0, 0x0                        va_rvtest_code_begin+1332

mem[X,0x0000000080000CF4] -> 0x0013
mem[X,0x0000000080000CF6] -> 0x0000
[1109] [S]: 0x0000030080000CF4 (0x00000013) addi x0, x0, 0x0                        va_rvtest_code_begin+1336

clint mtime 0x000000000000022B (mip.MTI <- 0b1, mip.STI <- 0b0)
mem[X,0x0000000080000CF8] -> 0x0013
mem[X,0x0000000080000CFA] -> 0x0000
[1110] [S]: 0x0000030080000CF8 (0x00000013) addi x0, x0, 0x0                        va_rvtest_code_begin+1340

mem[X,0x0000000080000CFC] -> 0x0013
mem[X,0x0000000080000CFE] -> 0x0000
[1111] [S]: 0x0000030080000CFC (0x00000013) addi x0, x0, 0x0                        va_rvtest_code_begin+1344

clint mtime 0x000000000000022C (mip.MTI <- 0b1, mip.STI <- 0b0)
mem[X,0x0000000080000D00] -> 0x0217
mem[X,0x0000000080000D02] -> 0x0000
[1112] [S]: 0x0000030080000D00 (0x00000217) auipc x4, 0x0                           va_rvtest_code_begin+1348
x4 <- 0x0000030080000D00

mem[X,0x0000000080000D04] -> 0x0213
mem[X,0x0000000080000D06] -> 0x02C2
[1113] [S]: 0x0000030080000D04 (0x02C20213) addi x4, x4, 0x2c                       va_rvtest_code_begin+1352
x4 <- 0x0000030080000D2C

clint mtime 0x000000000000022D (mip.MTI <- 0b1, mip.STI <- 0b0)
mem[X,0x0000000080000D08] -> 0x0001
[1114] [S]: 0x0000030080000D08 (0x0001) c.nop                                       va_rvtest_code_begin+1356

mem[X,0x0000000080000D0A] -> 0x0013
mem[X,0x0000000080000D0C] -> 0x0000
[1115] [S]: 0x0000030080000D0A (0x00000013) addi x0, x0, 0x0                        va_rvtest_code_begin+1358

clint mtime 0x000000000000022E (mip.MTI <- 0b1, mip.STI <- 0b0)
mem[X,0x0000000080000D0E] -> 0x0013
mem[X,0x0000000080000D10] -> 0x0000
[1116] [S]: 0x0000030080000D0E (0x00000013) addi x0, x0, 0x0                        va_rvtest_code_begin+1362

mem[X,0x0000000080000D12] -> 0x0013
mem[X,0x0000000080000D14] -> 0x0000
[1117] [S]: 0x0000030080000D12 (0x00000013) addi x0, x0, 0x0                        va_rvtest_code_begin+1366

clint mtime 0x000000000000022F (mip.MTI <- 0b1, mip.STI <- 0b0)
mem[X,0x0000000080000D16] -> 0x0013
mem[X,0x0000000080000D18] -> 0x0000
[1118] [S]: 0x0000030080000D16 (0x00000013) addi x0, x0, 0x0                        va_rvtest_code_begin+1370

mem[X,0x0000000080000D1A] -> 0x0013
mem[X,0x0000000080000D1C] -> 0x0000
[1119] [S]: 0x0000030080000D1A (0x00000013) addi x0, x0, 0x0                        va_rvtest_code_begin+1374

clint mtime 0x0000000000000230 (mip.MTI <- 0b1, mip.STI <- 0b0)
mem[X,0x0000000080000D1E] -> 0x0001
[1120] [S]: 0x0000030080000D1E (0x0001) c.nop                                       va_rvtest_code_begin+1378

mem[X,0x0000000080000D20] -> 0x80E7
mem[X,0x0000000080000D22] -> 0x0007
[1121] [S]: 0x0000030080000D20 (0x000780E7) jalr x1, 0x0(x15)                       va_rvtest_code_begin+1380
x1 <- 0x0000030080000D24

clint mtime 0x0000000000000231 (mip.MTI <- 0b1, mip.STI <- 0b0)
PTW: Start, vpn=0x28080000, access_type=X, privilege=Smem[R,0x0000000080009028] -> 0x00000000000000C9
PTW: Step, level=3, pte=0xC9, pte_addr=0x80009028
PTW: Success, final_ppn=0x80000, level=3mem[X,0x0000000080000400] -> 0x0013
mem[X,0x0000000080000402] -> 0x0000
[1122] [S]: 0x0000028080000400 (0x00000013) addi x0, x0, 0x0                        va_data_l3+0

mem[X,0x0000000080000404] -> 0x8093
mem[X,0x0000000080000406] -> 0x0080
[1123] [S]: 0x0000028080000404 (0x00808093) addi x1, x1, 0x8                        va_data_l3+4
x1 <- 0x0000030080000D2C

clint mtime 0x0000000000000232 (mip.MTI <- 0b1, mip.STI <- 0b0)
mem[X,0x0000000080000408] -> 0x8067
mem[X,0x000000008000040A] -> 0x0000
[1124] [S]: 0x0000028080000408 (0x00008067) jalr x0, 0x0(x1)                        va_data_l3+8

PTW: Start, vpn=0x30080000, access_type=X, privilege=Smem[R,0x0000000080009030] -> 0x00000000000000CB
PTW: Step, level=3, pte=0xCB, pte_addr=0x80009030
PTW: Success, final_ppn=0x80000, level=3mem[X,0x0000000080000D2C] -> 0x0013
mem[X,0x0000000080000D2E] -> 0x0000
[1125] [S]: 0x0000030080000D2C (0x00000013) addi x0, x0, 0x0                        va_rvtest_code_begin+1392

clint mtime 0x0000000000000233 (mip.MTI <- 0b1, mip.STI <- 0b0)
mem[X,0x0000000080000D30] -> 0x0013
mem[X,0x0000000080000D32] -> 0x0000
[1126] [S]: 0x0000030080000D30 (0x00000013) addi x0, x0, 0x0                        va_rvtest_code_begin+1396

mem[X,0x0000000080000D34] -> 0x0013
mem[X,0x0000000080000D36] -> 0x0000
[1127] [S]: 0x0000030080000D34 (0x00000013) addi x0, x0, 0x0                        va_rvtest_code_begin+1400

clint mtime 0x0000000000000234 (mip.MTI <- 0b1, mip.STI <- 0b0)
mem[X,0x0000000080000D38] -> 0x0113
mem[X,0x0000000080000D3A] -> 0x0000
[1128] [S]: 0x0000030080000D38 (0x00000113) addi x2, x0, 0x0                        va_rvtest_code_begin+1404
x2 <- 0x0000000000000000

mem[X,0x0000000080000D3C] -> 0x0073
mem[X,0x0000000080000D3E] -> 0x0000
[1129] [S]: 0x0000030080000D3C (0x00000073) ecall                                   va_rvtest_code_begin+1408
trapping from S to M to handle s-call
handling exc#s-call at priv M with tval 0x0000000000000000
CSR mstatus (0x300) <- 0x0000000A00080800
CSR mcause (0x342) <- 0x0000000000000009
CSR mtval (0x343) <- 0x0000000000000000
CSR mepc (0x341) <- 0x0000030080000D3C

clint mtime 0x0000000000000235 (mip.MTI <- 0b1, mip.STI <- 0b0)
mem[X,0x0000000080001C80] -> 0x006F
mem[X,0x0000000080001C82] -> 0x1000
[1130] [M]: 0x0000000080001C80 (0x1000006F) jal x0, 0x100                           Mtrampoline+0

mem[X,0x0000000080001D80] -> 0x1173
mem[X,0x0000000080001D82] -> 0x3401
[1131] [M]: 0x0000000080001D80 (0x34011173) csrrw x2, mscratch, x2                  trap_Mhandler+0
CSR mscratch (0x340) <- 0x0000000000000000
x2 <- 0x0000000080005000

clint mtime 0x0000000000000236 (mip.MTI <- 0b1, mip.STI <- 0b0)
mem[X,0x0000000080001D84] -> 0x3423
mem[X,0x0000000080001D86] -> 0x28B1
[1132] [M]: 0x0000000080001D84 (0x28B13423) sd x11, 0x288(x2)                       trap_Mhandler+4
mem[W,0x0000000080005288] <- 0x00000000000000C9

mem[X,0x0000000080001D88] -> 0x05EF
mem[X,0x0000000080001D8A] -> 0x0B80
[1133] [M]: 0x0000000080001D88 (0x0B8005EF) jal x11, 0xb8                           trap_Mhandler+8
x11 <- 0x0000000080001D8C

clint mtime 0x0000000000000237 (mip.MTI <- 0b1, mip.STI <- 0b0)
mem[X,0x0000000080001E40] -> 0x3023
mem[X,0x0000000080001E42] -> 0x28A1
[1134] [M]: 0x0000000080001E40 (0x28A13023) sd x10, 0x280(x2)                       common_Mhandler+0
mem[W,0x0000000080005280] <- 0x00000000000000C9

mem[X,0x0000000080001E44] -> 0x1573
mem[X,0x0000000080001E46] -> 0x3401
[1135] [M]: 0x0000000080001E44 (0x34011573) csrrw x10, mscratch, x2                 common_Mhandler+4
CSR mscratch (0x340) <- 0x0000000080005000
x10 <- 0x0000000000000000

clint mtime 0x0000000000000238 (mip.MTI <- 0b1, mip.STI <- 0b0)
mem[X,0x0000000080001E48] -> 0x3823
mem[X,0x0000000080001E4A] -> 0x28A1
[1136] [M]: 0x0000000080001E48 (0x28A13823) sd x10, 0x290(x2)                       common_Mhandler+8
mem[W,0x0000000080005290] <- 0x0000000000000000

mem[X,0x0000000080001E4C] -> 0x3503
mem[X,0x0000000080001E4E] -> 0x2301
[1137] [M]: 0x0000000080001E4C (0x23013503) ld x10, 0x230(x2)                       common_Mhandler+12
mem[R,0x0000000080005230] -> 0x0000000080001E54
x10 <- 0x0000000080001E54

clint mtime 0x0000000000000239 (mip.MTI <- 0b1, mip.STI <- 0b0)
mem[X,0x0000000080001E50] -> 0x0067
mem[X,0x0000000080001E52] -> 0x0005
[1138] [M]: 0x0000000080001E50 (0x00050067) jalr x0, 0x0(x10)                       common_Mhandler+16

mem[X,0x0000000080001E54] -> 0x3C23
mem[X,0x0000000080001E56] -> 0x2691
[1139] [M]: 0x0000000080001E54 (0x26913C23) sd x9, 0x278(x2)                        common_Mentry+0
mem[W,0x0000000080005278] <- 0x00000300000000D0

clint mtime 0x000000000000023A (mip.MTI <- 0b1, mip.STI <- 0b0)
mem[X,0x0000000080001E58] -> 0x3823
mem[X,0x0000000080001E5A] -> 0x2681
[1140] [M]: 0x0000000080001E58 (0x26813823) sd x8, 0x270(x2)                        common_Mentry+4
mem[W,0x0000000080005270] <- 0x0000000000007F76

mem[X,0x0000000080001E5C] -> 0x3423
mem[X,0x0000000080001E5E] -> 0x2671
[1141] [M]: 0x0000000080001E5C (0x26713423) sd x7, 0x268(x2)                        common_Mentry+8
mem[W,0x0000000080005268] <- 0x0000000080005000

clint mtime 0x000000000000023B (mip.MTI <- 0b1, mip.STI <- 0b0)
mem[X,0x0000000080001E60] -> 0x3023
mem[X,0x0000000080001E62] -> 0x2661
[1142] [M]: 0x0000000080001E60 (0x26613023) sd x6, 0x260(x2)                        common_Mentry+12
mem[W,0x0000000080005260] <- 0xFFFFFFFF7FFFF42C

mem[X,0x0000000080001E64] -> 0x2573
mem[X,0x0000000080001E66] -> 0x3420
[1143] [M]: 0x0000000080001E64 (0x34202573) csrrs x10, mcause, x0                   spcl_M2mmode_test+0
CSR mcause (0x342) -> 0x0000000000000009
x10 <- 0x0000000000000009

clint mtime 0x000000000000023C (mip.MTI <- 0b1, mip.STI <- 0b0)
mem[X,0x0000000080001E68] -> 0x04B7
mem[X,0x0000000080001E6A] -> 0x8000
[1144] [M]: 0x0000000080001E68 (0x800004B7) lui x9, -0x80000                        spcl_M2mmode_test+4
x9 <- 0xFFFFFFFF80000000

mem[X,0x0000000080001E6C] -> 0x8493
mem[X,0x0000000080001E6E] -> 0x0004
[1145] [M]: 0x0000000080001E6C (0x00048493) addi x9, x9, 0x0                        spcl_M2mmode_test+8
x9 <- 0xFFFFFFFF80000000

clint mtime 0x000000000000023D (mip.MTI <- 0b1, mip.STI <- 0b0)
mem[X,0x0000000080001E70] -> 0x9493
mem[X,0x0000000080001E72] -> 0x00B4
[1146] [M]: 0x0000000080001E70 (0x00B49493) slli x9, x9, 0xb                        spcl_M2mmode_test+12
x9 <- 0xFFFFFC0000000000

mem[X,0x0000000080001E74] -> 0x8493
mem[X,0x0000000080001E76] -> 0x0004
[1147] [M]: 0x0000000080001E74 (0x00048493) addi x9, x9, 0x0                        spcl_M2mmode_test+16
x9 <- 0xFFFFFC0000000000

clint mtime 0x000000000000023E (mip.MTI <- 0b1, mip.STI <- 0b0)
mem[X,0x0000000080001E78] -> 0x9493
mem[X,0x0000000080001E7A] -> 0x00B4
[1148] [M]: 0x0000000080001E78 (0x00B49493) slli x9, x9, 0xb                        spcl_M2mmode_test+20
x9 <- 0xFFE0000000000000

mem[X,0x0000000080001E7C] -> 0x8493
mem[X,0x0000000080001E7E] -> 0x0034
[1149] [M]: 0x0000000080001E7C (0x00348493) addi x9, x9, 0x3                        spcl_M2mmode_test+24
x9 <- 0xFFE0000000000003

clint mtime 0x000000000000023F (mip.MTI <- 0b1, mip.STI <- 0b0)
mem[X,0x0000000080001E80] -> 0x9493
mem[X,0x0000000080001E82] -> 0x00A4
[1150] [M]: 0x0000000080001E80 (0x00A49493) slli x9, x9, 0xa                        spcl_M2mmode_test+28
x9 <- 0x8000000000000C00

mem[X,0x0000000080001E84] -> 0x8493
mem[X,0x0000000080001E86] -> 0x3FC4
[1151] [M]: 0x0000000080001E84 (0x3FC48493) addi x9, x9, 0x3fc                      spcl_M2mmode_test+32
x9 <- 0x8000000000000FFC

clint mtime 0x0000000000000240 (mip.MTI <- 0b1, mip.STI <- 0b0)
mem[X,0x0000000080001E88] -> 0xF4B3
mem[X,0x0000000080001E8A] -> 0x00A4
[1152] [M]: 0x0000000080001E88 (0x00A4F4B3) and x9, x9, x10                         spcl_M2mmode_test+36
x9 <- 0x0000000000000008

mem[X,0x0000000080001E8C] -> 0x8493
mem[X,0x0000000080001E8E] -> 0xFF84
[1153] [M]: 0x0000000080001E8C (0xFF848493) addi x9, x9, -0x8                       spcl_M2mmode_test+40
x9 <- 0x0000000000000000

clint mtime 0x0000000000000241 (mip.MTI <- 0b1, mip.STI <- 0b0)
mem[X,0x0000000080001E90] -> 0x9663
mem[X,0x0000000080001E92] -> 0x0004
[1154] [M]: 0x0000000080001E90 (0x00049663) bne x9, x0, 0xc                         spcl_M2mmode_test+44

mem[X,0x0000000080001E94] -> 0x3383
mem[X,0x0000000080001E96] -> 0x2901
[1155] [M]: 0x0000000080001E94 (0x29013383) ld x7, 0x290(x2)                        spcl_M2mmode_test+48
mem[R,0x0000000080005290] -> 0x0000000000000000
x7 <- 0x0000000000000000

clint mtime 0x0000000000000242 (mip.MTI <- 0b1, mip.STI <- 0b0)
mem[X,0x0000000080001E98] -> 0x8663
mem[X,0x0000000080001E9A] -> 0x6E03
[1156] [M]: 0x0000000080001E98 (0x6E038663) beq x7, x0, 0x6ec                       spcl_M2mmode_test+52

mem[X,0x0000000080002584] -> 0x0493
mem[X,0x0000000080002586] -> 0xFF55
[1157] [M]: 0x0000000080002584 (0xFF550493) addi x9, x10, -0xb                      rtn2mmode+0
x9 <- 0xFFFFFFFFFFFFFFFE

clint mtime 0x0000000000000243 (mip.MTI <- 0b1, mip.STI <- 0b0)
mem[X,0x0000000080002588] -> 0x8C63
mem[X,0x000000008000258A] -> 0x0004
[1158] [M]: 0x0000000080002588 (0x00048C63) beq x9, x0, 0x18                        rtn2mmode+4

mem[X,0x000000008000258C] -> 0x3583
mem[X,0x000000008000258E] -> 0x4701
[1159] [M]: 0x000000008000258C (0x47013583) ld x11, 0x470(x2)                       rtn2mmode+8
mem[R,0x0000000080005470] -> 0x00000300800007BC
x11 <- 0x00000300800007BC

clint mtime 0x0000000000000244 (mip.MTI <- 0b1, mip.STI <- 0b0)
mem[X,0x0000000080002590] -> 0xD463
mem[X,0x0000000080002592] -> 0x0003
[1160] [M]: 0x0000000080002590 (0x0003D463) bge x7, x0, 0x8                         rtn2mmode+12

mem[X,0x0000000080002598] -> 0x3483
mem[X,0x000000008000259A] -> 0x1D81
[1161] [M]: 0x0000000080002598 (0x1D813483) ld x9, 0x1d8(x2)                        from_u_s+0
mem[R,0x00000000800051D8] -> 0x00000000800007D4
x9 <- 0x00000000800007D4

clint mtime 0x0000000000000245 (mip.MTI <- 0b1, mip.STI <- 0b0)
mem[X,0x000000008000259C] -> 0x84B3
mem[X,0x000000008000259E] -> 0x40B4
[1162] [M]: 0x000000008000259C (0x40B484B3) sub x9, x9, x11                         from_u_s+4
x9 <- 0xFFFFFD0000000018

mem[X,0x00000000800025A0] -> 0x23F3
mem[X,0x00000000800025A2] -> 0x3410
[1163] [M]: 0x00000000800025A0 (0x341023F3) csrrs x7, mepc, x0                      rtn_fm_mmode+0
CSR mepc (0x341) -> 0x0000030080000D3C
x7 <- 0x0000030080000D3C

clint mtime 0x0000000000000246 (mip.MTI <- 0b1, mip.STI <- 0b0)
mem[X,0x00000000800025A4] -> 0x83B3
mem[X,0x00000000800025A6] -> 0x0093
[1164] [M]: 0x00000000800025A4 (0x009383B3) add x7, x7, x9                          rtn_fm_mmode+4
x7 <- 0x0000000080000D54

mem[X,0x00000000800025A8] -> 0x3303
mem[X,0x00000000800025AA] -> 0x2601
[1165] [M]: 0x00000000800025A8 (0x26013303) ld x6, 0x260(x2)                        rtn_fm_mmode+8
mem[R,0x0000000080005260] -> 0xFFFFFFFF7FFFF42C
x6 <- 0xFFFFFFFF7FFFF42C

clint mtime 0x0000000000000247 (mip.MTI <- 0b1, mip.STI <- 0b0)
mem[X,0x00000000800025AC] -> 0x3403
mem[X,0x00000000800025AE] -> 0x2701
[1166] [M]: 0x00000000800025AC (0x27013403) ld x8, 0x270(x2)                        rtn_fm_mmode+12
mem[R,0x0000000080005270] -> 0x0000000000007F76
x8 <- 0x0000000000007F76

mem[X,0x00000000800025B0] -> 0x3483
mem[X,0x00000000800025B2] -> 0x2781
[1167] [M]: 0x00000000800025B0 (0x27813483) ld x9, 0x278(x2)                        rtn_fm_mmode+16
mem[R,0x0000000080005278] -> 0x00000300000000D0
x9 <- 0x00000300000000D0

clint mtime 0x0000000000000248 (mip.MTI <- 0b1, mip.STI <- 0b0)
mem[X,0x00000000800025B4] -> 0x3503
mem[X,0x00000000800025B6] -> 0x2801
[1168] [M]: 0x00000000800025B4 (0x28013503) ld x10, 0x280(x2)                       rtn_fm_mmode+20
mem[R,0x0000000080005280] -> 0x00000000000000C9
x10 <- 0x00000000000000C9

mem[X,0x00000000800025B8] -> 0x3583
mem[X,0x00000000800025BA] -> 0x2881
[1169] [M]: 0x00000000800025B8 (0x28813583) ld x11, 0x288(x2)                       rtn_fm_mmode+24
mem[R,0x0000000080005288] -> 0x00000000000000C9
x11 <- 0x00000000000000C9

clint mtime 0x0000000000000249 (mip.MTI <- 0b1, mip.STI <- 0b0)
mem[X,0x00000000800025BC] -> 0x3103
mem[X,0x00000000800025BE] -> 0x2901
[1170] [M]: 0x00000000800025BC (0x29013103) ld x2, 0x290(x2)                        rtn_fm_mmode+28
mem[R,0x0000000080005290] -> 0x0000000000000000
x2 <- 0x0000000000000000

mem[X,0x00000000800025C0] -> 0x8067
mem[X,0x00000000800025C2] -> 0x0043
[1171] [M]: 0x00000000800025C0 (0x00438067) jalr x0, 0x4(x7)                        rtn_fm_mmode+32

clint mtime 0x000000000000024A (mip.MTI <- 0b1, mip.STI <- 0b0)
mem[X,0x0000000080000D58] -> 0x0013
mem[X,0x0000000080000D5A] -> 0x0000
[1172] [M]: 0x0000000080000D58 (0x00000013) addi x0, x0, 0x0                        main+1368

mem[X,0x0000000080000D5C] -> 0x0013
mem[X,0x0000000080000D5E] -> 0x0000
[1173] [M]: 0x0000000080000D5C (0x00000013) addi x0, x0, 0x0                        main+1372

clint mtime 0x000000000000024B (mip.MTI <- 0b1, mip.STI <- 0b0)
mem[X,0x0000000080000D60] -> 0x7517
mem[X,0x0000000080000D62] -> 0x0000
[1174] [M]: 0x0000000080000D60 (0x00007517) auipc x10, 0x7                          main+1376
x10 <- 0x0000000080007D60

mem[X,0x0000000080000D64] -> 0x0513
mem[X,0x0000000080000D66] -> 0x2A05
[1175] [M]: 0x0000000080000D64 (0x2A050513) addi x10, x10, 0x2a0                    main+1380
x10 <- 0x0000000080008000

clint mtime 0x000000000000024C (mip.MTI <- 0b1, mip.STI <- 0b0)
mem[X,0x0000000080000D68] -> 0x0001
[1176] [M]: 0x0000000080000D68 (0x0001) c.nop                                       main+1384

mem[X,0x0000000080000D6A] -> 0x0013
mem[X,0x0000000080000D6C] -> 0x0000
[1177] [M]: 0x0000000080000D6A (0x00000013) addi x0, x0, 0x0                        main+1386

clint mtime 0x000000000000024D (mip.MTI <- 0b1, mip.STI <- 0b0)
mem[X,0x0000000080000D6E] -> 0x0013
mem[X,0x0000000080000D70] -> 0x0000
[1178] [M]: 0x0000000080000D6E (0x00000013) addi x0, x0, 0x0                        main+1390

mem[X,0x0000000080000D72] -> 0x0013
mem[X,0x0000000080000D74] -> 0x0000
[1179] [M]: 0x0000000080000D72 (0x00000013) addi x0, x0, 0x0                        main+1394

clint mtime 0x000000000000024E (mip.MTI <- 0b1, mip.STI <- 0b0)
mem[X,0x0000000080000D76] -> 0x0013
mem[X,0x0000000080000D78] -> 0x0000
[1180] [M]: 0x0000000080000D76 (0x00000013) addi x0, x0, 0x0                        main+1398

mem[X,0x0000000080000D7A] -> 0x0013
mem[X,0x0000000080000D7C] -> 0x0000
[1181] [M]: 0x0000000080000D7A (0x00000013) addi x0, x0, 0x0                        main+1402

clint mtime 0x000000000000024F (mip.MTI <- 0b1, mip.STI <- 0b0)
mem[X,0x0000000080000D7E] -> 0x0001
[1182] [M]: 0x0000000080000D7E (0x0001) c.nop                                       main+1406

mem[X,0x0000000080000D80] -> 0x0593
mem[X,0x0000000080000D82] -> 0x0010
[1183] [M]: 0x0000000080000D80 (0x00100593) addi x11, x0, 0x1                       main+1408
x11 <- 0x0000000000000001

clint mtime 0x0000000000000250 (mip.MTI <- 0b1, mip.STI <- 0b0)
mem[X,0x0000000080000D84] -> 0x5513
mem[X,0x0000000080000D86] -> 0x00C5
[1184] [M]: 0x0000000080000D84 (0x00C55513) srli x10, x10, 0xc                      main+1412
x10 <- 0x0000000000080008

mem[X,0x0000000080000D88] -> 0x1513
mem[X,0x0000000080000D8A] -> 0x00A5
[1185] [M]: 0x0000000080000D88 (0x00A51513) slli x10, x10, 0xa                      main+1416
x10 <- 0x0000000020002000

clint mtime 0x0000000000000251 (mip.MTI <- 0b1, mip.STI <- 0b0)
mem[X,0x0000000080000D8C] -> 0x6533
mem[X,0x0000000080000D8E] -> 0x00B5
[1186] [M]: 0x0000000080000D8C (0x00B56533) or x10, x10, x11                        main+1420
x10 <- 0x0000000020002001

mem[X,0x0000000080000D90] -> 0x0013
mem[X,0x0000000080000D92] -> 0x0000
[1187] [M]: 0x0000000080000D90 (0x00000013) addi x0, x0, 0x0                        main+1424

clint mtime 0x0000000000000252 (mip.MTI <- 0b1, mip.STI <- 0b0)
mem[X,0x0000000080000D94] -> 0x0013
mem[X,0x0000000080000D96] -> 0x0000
[1188] [M]: 0x0000000080000D94 (0x00000013) addi x0, x0, 0x0                        main+1428

mem[X,0x0000000080000D98] -> 0x0013
mem[X,0x0000000080000D9A] -> 0x0000
[1189] [M]: 0x0000000080000D98 (0x00000013) addi x0, x0, 0x0                        main+1432

clint mtime 0x0000000000000253 (mip.MTI <- 0b1, mip.STI <- 0b0)
mem[X,0x0000000080000D9C] -> 0x0013
mem[X,0x0000000080000D9E] -> 0x0000
[1190] [M]: 0x0000000080000D9C (0x00000013) addi x0, x0, 0x0                        main+1436

mem[X,0x0000000080000DA0] -> 0x8317
mem[X,0x0000000080000DA2] -> 0x0000
[1191] [M]: 0x0000000080000DA0 (0x00008317) auipc x6, 0x8                           main+1440
x6 <- 0x0000000080008DA0

clint mtime 0x0000000000000254 (mip.MTI <- 0b1, mip.STI <- 0b0)
mem[X,0x0000000080000DA4] -> 0x0313
mem[X,0x0000000080000DA6] -> 0x2603
[1192] [M]: 0x0000000080000DA4 (0x26030313) addi x6, x6, 0x260                      main+1444
x6 <- 0x0000000080009000

mem[X,0x0000000080000DA8] -> 0x0001
[1193] [M]: 0x0000000080000DA8 (0x0001) c.nop                                       main+1448

clint mtime 0x0000000000000255 (mip.MTI <- 0b1, mip.STI <- 0b0)
mem[X,0x0000000080000DAA] -> 0x0013
mem[X,0x0000000080000DAC] -> 0x0000
[1194] [M]: 0x0000000080000DAA (0x00000013) addi x0, x0, 0x0                        main+1450

mem[X,0x0000000080000DAE] -> 0x0013
mem[X,0x0000000080000DB0] -> 0x0000
[1195] [M]: 0x0000000080000DAE (0x00000013) addi x0, x0, 0x0                        main+1454

clint mtime 0x0000000000000256 (mip.MTI <- 0b1, mip.STI <- 0b0)
mem[X,0x0000000080000DB2] -> 0x0013
mem[X,0x0000000080000DB4] -> 0x0000
[1196] [M]: 0x0000000080000DB2 (0x00000013) addi x0, x0, 0x0                        main+1458

mem[X,0x0000000080000DB6] -> 0x0013
mem[X,0x0000000080000DB8] -> 0x0000
[1197] [M]: 0x0000000080000DB6 (0x00000013) addi x0, x0, 0x0                        main+1462

clint mtime 0x0000000000000257 (mip.MTI <- 0b1, mip.STI <- 0b0)
mem[X,0x0000000080000DBA] -> 0x0013
mem[X,0x0000000080000DBC] -> 0x0000
[1198] [M]: 0x0000000080000DBA (0x00000013) addi x0, x0, 0x0                        main+1466

mem[X,0x0000000080000DBE] -> 0x0001
[1199] [M]: 0x0000000080000DBE (0x0001) c.nop                                       main+1470

clint mtime 0x0000000000000258 (mip.MTI <- 0b1, mip.STI <- 0b0)
mem[X,0x0000000080000DC0] -> 0x0293
mem[X,0x0000000080000DC2] -> 0x0280
[1200] [M]: 0x0000000080000DC0 (0x02800293) addi x5, x0, 0x28                       main+1472
x5 <- 0x0000000000000028

mem[X,0x0000000080000DC4] -> 0x0333
mem[X,0x0000000080000DC6] -> 0x0053
[1201] [M]: 0x0000000080000DC4 (0x00530333) add x6, x6, x5                          main+1476
x6 <- 0x0000000080009028

clint mtime 0x0000000000000259 (mip.MTI <- 0b1, mip.STI <- 0b0)
mem[X,0x0000000080000DC8] -> 0x3023
mem[X,0x0000000080000DCA] -> 0x00A3
[1202] [M]: 0x0000000080000DC8 (0x00A33023) sd x10, 0x0(x6)                         main+1480
mem[W,0x0000000080009028] <- 0x0000000020002001

mem[X,0x0000000080000DCC] -> 0x0013
mem[X,0x0000000080000DCE] -> 0x0000
[1203] [M]: 0x0000000080000DCC (0x00000013) addi x0, x0, 0x0                        main+1484

clint mtime 0x000000000000025A (mip.MTI <- 0b1, mip.STI <- 0b0)
mem[X,0x0000000080000DD0] -> 0x0013
mem[X,0x0000000080000DD2] -> 0x0000
[1204] [M]: 0x0000000080000DD0 (0x00000013) addi x0, x0, 0x0                        main+1488

mem[X,0x0000000080000DD4] -> 0x0013
mem[X,0x0000000080000DD6] -> 0x0000
[1205] [M]: 0x0000000080000DD4 (0x00000013) addi x0, x0, 0x0                        main+1492

clint mtime 0x000000000000025B (mip.MTI <- 0b1, mip.STI <- 0b0)
mem[X,0x0000000080000DD8] -> 0x0013
mem[X,0x0000000080000DDA] -> 0x0000
[1206] [M]: 0x0000000080000DD8 (0x00000013) addi x0, x0, 0x0                        main+1496

mem[X,0x0000000080000DDC] -> 0x0013
mem[X,0x0000000080000DDE] -> 0x0000
[1207] [M]: 0x0000000080000DDC (0x00000013) addi x0, x0, 0x0                        main+1500

clint mtime 0x000000000000025C (mip.MTI <- 0b1, mip.STI <- 0b0)
mem[X,0x0000000080000DE0] -> 0xF517
mem[X,0x0000000080000DE2] -> 0xFFFF
[1208] [M]: 0x0000000080000DE0 (0xFFFFF517) auipc x10, -0x1                         main+1504
x10 <- 0x000000007FFFFDE0

mem[X,0x0000000080000DE4] -> 0x0513
mem[X,0x0000000080000DE6] -> 0x6205
[1209] [M]: 0x0000000080000DE4 (0x62050513) addi x10, x10, 0x620                    main+1508
x10 <- 0x0000000080000400

clint mtime 0x000000000000025D (mip.MTI <- 0b1, mip.STI <- 0b0)
mem[X,0x0000000080000DE8] -> 0x0001
[1210] [M]: 0x0000000080000DE8 (0x0001) c.nop                                       main+1512

mem[X,0x0000000080000DEA] -> 0x0013
mem[X,0x0000000080000DEC] -> 0x0000
[1211] [M]: 0x0000000080000DEA (0x00000013) addi x0, x0, 0x0                        main+1514

clint mtime 0x000000000000025E (mip.MTI <- 0b1, mip.STI <- 0b0)
mem[X,0x0000000080000DEE] -> 0x0013
mem[X,0x0000000080000DF0] -> 0x0000
[1212] [M]: 0x0000000080000DEE (0x00000013) addi x0, x0, 0x0                        main+1518

mem[X,0x0000000080000DF2] -> 0x0013
mem[X,0x0000000080000DF4] -> 0x0000
[1213] [M]: 0x0000000080000DF2 (0x00000013) addi x0, x0, 0x0                        main+1522

clint mtime 0x000000000000025F (mip.MTI <- 0b1, mip.STI <- 0b0)
mem[X,0x0000000080000DF6] -> 0x0013
mem[X,0x0000000080000DF8] -> 0x0000
[1214] [M]: 0x0000000080000DF6 (0x00000013) addi x0, x0, 0x0                        main+1526

mem[X,0x0000000080000DFA] -> 0x0013
mem[X,0x0000000080000DFC] -> 0x0000
[1215] [M]: 0x0000000080000DFA (0x00000013) addi x0, x0, 0x0                        main+1530

clint mtime 0x0000000000000260 (mip.MTI <- 0b1, mip.STI <- 0b0)
mem[X,0x0000000080000DFE] -> 0x0001
[1216] [M]: 0x0000000080000DFE (0x0001) c.nop                                       main+1534

mem[X,0x0000000080000E00] -> 0x0593
mem[X,0x0000000080000E02] -> 0x0C90
[1217] [M]: 0x0000000080000E00 (0x0C900593) addi x11, x0, 0xc9                      main+1536
x11 <- 0x00000000000000C9

clint mtime 0x0000000000000261 (mip.MTI <- 0b1, mip.STI <- 0b0)
mem[X,0x0000000080000E04] -> 0x5513
mem[X,0x0000000080000E06] -> 0x00C5
[1218] [M]: 0x0000000080000E04 (0x00C55513) srli x10, x10, 0xc                      main+1540
x10 <- 0x0000000000080000

mem[X,0x0000000080000E08] -> 0x1513
mem[X,0x0000000080000E0A] -> 0x00A5
[1219] [M]: 0x0000000080000E08 (0x00A51513) slli x10, x10, 0xa                      main+1544
x10 <- 0x0000000020000000

clint mtime 0x0000000000000262 (mip.MTI <- 0b1, mip.STI <- 0b0)
mem[X,0x0000000080000E0C] -> 0x6533
mem[X,0x0000000080000E0E] -> 0x00B5
[1220] [M]: 0x0000000080000E0C (0x00B56533) or x10, x10, x11                        main+1548
x10 <- 0x00000000200000C9

mem[X,0x0000000080000E10] -> 0x0013
mem[X,0x0000000080000E12] -> 0x0000
[1221] [M]: 0x0000000080000E10 (0x00000013) addi x0, x0, 0x0                        main+1552

clint mtime 0x0000000000000263 (mip.MTI <- 0b1, mip.STI <- 0b0)
mem[X,0x0000000080000E14] -> 0x0013
mem[X,0x0000000080000E16] -> 0x0000
[1222] [M]: 0x0000000080000E14 (0x00000013) addi x0, x0, 0x0                        main+1556

mem[X,0x0000000080000E18] -> 0x0013
mem[X,0x0000000080000E1A] -> 0x0000
[1223] [M]: 0x0000000080000E18 (0x00000013) addi x0, x0, 0x0                        main+1560

clint mtime 0x0000000000000264 (mip.MTI <- 0b1, mip.STI <- 0b0)
mem[X,0x0000000080000E1C] -> 0x0013
mem[X,0x0000000080000E1E] -> 0x0000
[1224] [M]: 0x0000000080000E1C (0x00000013) addi x0, x0, 0x0                        main+1564

mem[X,0x0000000080000E20] -> 0x7317
mem[X,0x0000000080000E22] -> 0x0000
[1225] [M]: 0x0000000080000E20 (0x00007317) auipc x6, 0x7                           main+1568
x6 <- 0x0000000080007E20

clint mtime 0x0000000000000265 (mip.MTI <- 0b1, mip.STI <- 0b0)
mem[X,0x0000000080000E24] -> 0x0313
mem[X,0x0000000080000E26] -> 0x1E03
[1226] [M]: 0x0000000080000E24 (0x1E030313) addi x6, x6, 0x1e0                      main+1572
x6 <- 0x0000000080008000

mem[X,0x0000000080000E28] -> 0x0001
[1227] [M]: 0x0000000080000E28 (0x0001) c.nop                                       main+1576

clint mtime 0x0000000000000266 (mip.MTI <- 0b1, mip.STI <- 0b0)
mem[X,0x0000000080000E2A] -> 0x0013
mem[X,0x0000000080000E2C] -> 0x0000
[1228] [M]: 0x0000000080000E2A (0x00000013) addi x0, x0, 0x0                        main+1578

mem[X,0x0000000080000E2E] -> 0x0013
mem[X,0x0000000080000E30] -> 0x0000
[1229] [M]: 0x0000000080000E2E (0x00000013) addi x0, x0, 0x0                        main+1582

clint mtime 0x0000000000000267 (mip.MTI <- 0b1, mip.STI <- 0b0)
mem[X,0x0000000080000E32] -> 0x0013
mem[X,0x0000000080000E34] -> 0x0000
[1230] [M]: 0x0000000080000E32 (0x00000013) addi x0, x0, 0x0                        main+1586

mem[X,0x0000000080000E36] -> 0x0013
mem[X,0x0000000080000E38] -> 0x0000
[1231] [M]: 0x0000000080000E36 (0x00000013) addi x0, x0, 0x0                        main+1590

clint mtime 0x0000000000000268 (mip.MTI <- 0b1, mip.STI <- 0b0)
mem[X,0x0000000080000E3A] -> 0x0013
mem[X,0x0000000080000E3C] -> 0x0000
[1232] [M]: 0x0000000080000E3A (0x00000013) addi x0, x0, 0x0                        main+1594

mem[X,0x0000000080000E3E] -> 0x0001
[1233] [M]: 0x0000000080000E3E (0x0001) c.nop                                       main+1598

clint mtime 0x0000000000000269 (mip.MTI <- 0b1, mip.STI <- 0b0)
mem[X,0x0000000080000E40] -> 0x0293
mem[X,0x0000000080000E42] -> 0x0000
[1234] [M]: 0x0000000080000E40 (0x00000293) addi x5, x0, 0x0                        main+1600
x5 <- 0x0000000000000000

mem[X,0x0000000080000E44] -> 0x0333
mem[X,0x0000000080000E46] -> 0x0053
[1235] [M]: 0x0000000080000E44 (0x00530333) add x6, x6, x5                          main+1604
x6 <- 0x0000000080008000

clint mtime 0x000000000000026A (mip.MTI <- 0b1, mip.STI <- 0b0)
mem[X,0x0000000080000E48] -> 0x3023
mem[X,0x0000000080000E4A] -> 0x00A3
[1236] [M]: 0x0000000080000E48 (0x00A33023) sd x10, 0x0(x6)                         main+1608
mem[W,0x0000000080008000] <- 0x00000000200000C9

mem[X,0x0000000080000E4C] -> 0x0073
mem[X,0x0000000080000E4E] -> 0x1200
[1237] [M]: 0x0000000080000E4C (0x12000073) sfence.vma x0, x0                       main+1612

clint mtime 0x000000000000026B (mip.MTI <- 0b1, mip.STI <- 0b0)
mem[X,0x0000000080000E50] -> 0x0BB7
mem[X,0x0000000080000E52] -> 0x0008
[1238] [M]: 0x0000000080000E50 (0x00080BB7) lui x23, 0x80                           main+1616
x23 <- 0x0000000000080000

mem[X,0x0000000080000E54] -> 0xB073
mem[X,0x0000000080000E56] -> 0x300B
[1239] [M]: 0x0000000080000E54 (0x300BB073) csrrc x0, mstatus, x23                  main+1620
CSR mstatus (0x300) <- 0x0000000A00000800

clint mtime 0x000000000000026C (mip.MTI <- 0b1, mip.STI <- 0b0)
mem[X,0x0000000080000E58] -> 0x0493
mem[X,0x0000000080000E5A] -> 0x0010
[1240] [M]: 0x0000000080000E58 (0x00100493) addi x9, x0, 0x1                        main+1624
x9 <- 0x0000000000000001

mem[X,0x0000000080000E5C] -> 0x9493
mem[X,0x0000000080000E5E] -> 0x00B4
[1241] [M]: 0x0000000080000E5C (0x00B49493) slli x9, x9, 0xb                        main+1628
x9 <- 0x0000000000000800

clint mtime 0x000000000000026D (mip.MTI <- 0b1, mip.STI <- 0b0)
mem[X,0x0000000080000E60] -> 0xB073
mem[X,0x0000000080000E62] -> 0x3004
[1242] [M]: 0x0000000080000E60 (0x3004B073) csrrc x0, mstatus, x9                   main+1632
CSR mstatus (0x300) <- 0x0000000A00000000

mem[X,0x0000000080000E64] -> 0x0493
mem[X,0x0000000080000E66] -> 0x0010
[1243] [M]: 0x0000000080000E64 (0x00100493) addi x9, x0, 0x1                        main+1636
x9 <- 0x0000000000000001

clint mtime 0x000000000000026E (mip.MTI <- 0b1, mip.STI <- 0b0)
mem[X,0x0000000080000E68] -> 0x9493
mem[X,0x0000000080000E6A] -> 0x00B4
[1244] [M]: 0x0000000080000E68 (0x00B49493) slli x9, x9, 0xb                        main+1640
x9 <- 0x0000000000000800

mem[X,0x0000000080000E6C] -> 0xA073
mem[X,0x0000000080000E6E] -> 0x3004
[1245] [M]: 0x0000000080000E6C (0x3004A073) csrrs x0, mstatus, x9                   main+1644
CSR mstatus (0x300) <- 0x0000000A00000800

clint mtime 0x000000000000026F (mip.MTI <- 0b1, mip.STI <- 0b0)
mem[X,0x0000000080000E70] -> 0x23F3
mem[X,0x0000000080000E72] -> 0x3400
[1246] [M]: 0x0000000080000E70 (0x340023F3) csrrs x7, mscratch, x0                  main+1648
CSR mscratch (0x340) -> 0x0000000080005000
x7 <- 0x0000000080005000

mem[X,0x0000000080000E74] -> 0xB303
mem[X,0x0000000080000E76] -> 0x4703
[1247] [M]: 0x0000000080000E74 (0x4703B303) ld x6, 0x470(x7)                        main+1652
mem[R,0x0000000080005470] -> 0x00000300800007BC
x6 <- 0x00000300800007BC

clint mtime 0x0000000000000270 (mip.MTI <- 0b1, mip.STI <- 0b0)
mem[X,0x0000000080000E78] -> 0xB483
mem[X,0x0000000080000E7A] -> 0x1D83
[1248] [M]: 0x0000000080000E78 (0x1D83B483) ld x9, 0x1d8(x7)                        main+1656
mem[R,0x00000000800051D8] -> 0x00000000800007D4
x9 <- 0x00000000800007D4

mem[X,0x0000000080000E7C] -> 0x0333
mem[X,0x0000000080000E7E] -> 0x4093
[1249] [M]: 0x0000000080000E7C (0x40930333) sub x6, x6, x9                          main+1660
x6 <- 0x000002FFFFFFFFE8

clint mtime 0x0000000000000271 (mip.MTI <- 0b1, mip.STI <- 0b0)
mem[X,0x0000000080000E80] -> 0x0313
mem[X,0x0000000080000E82] -> 0x0103
[1250] [M]: 0x0000000080000E80 (0x01030313) addi x6, x6, 0x10                       main+1664
x6 <- 0x000002FFFFFFFFF8

mem[X,0x0000000080000E84] -> 0x0497
mem[X,0x0000000080000E86] -> 0x0000
[1251] [M]: 0x0000000080000E84 (0x00000497) auipc x9, 0x0                           main+1668
x9 <- 0x0000000080000E84

clint mtime 0x0000000000000272 (mip.MTI <- 0b1, mip.STI <- 0b0)
mem[X,0x0000000080000E88] -> 0x84B3
mem[X,0x0000000080000E8A] -> 0x0064
[1252] [M]: 0x0000000080000E88 (0x006484B3) add x9, x9, x6                          main+1672
x9 <- 0x0000030080000E7C

mem[X,0x0000000080000E8C] -> 0x94F3
mem[X,0x0000000080000E8E] -> 0x3414
[1253] [M]: 0x0000000080000E8C (0x341494F3) csrrw x9, mepc, x9                      main+1676
CSR mepc (0x341) <- 0x0000030080000E7C
x9 <- 0x0000030080000D3C

clint mtime 0x0000000000000273 (mip.MTI <- 0b1, mip.STI <- 0b0)
mem[X,0x0000000080000E90] -> 0x0073
mem[X,0x0000000080000E92] -> 0x3020
[1254] [M]: 0x0000000080000E90 (0x30200073) mret                                    main+1680
CSR mstatus (0x300) <- 0x0000000A00000080
ret-ing from M to S

PTW: Start, vpn=0x30080000, access_type=X, privilege=Smem[R,0x0000000080009030] -> 0x00000000000000CB
PTW: Step, level=3, pte=0xCB, pte_addr=0x80009030
PTW: Success, final_ppn=0x80000, level=3mem[X,0x0000000080000E7C] -> 0x0333
mem[X,0x0000000080000E7E] -> 0x4093
[1255] [S]: 0x0000030080000E7C (0x40930333) sub x6, x6, x9                          va_rvtest_code_begin+1728
x6 <- 0xFFFFFFFF7FFFF2BC

clint mtime 0x0000000000000274 (mip.MTI <- 0b1, mip.STI <- 0b0)
mem[X,0x0000000080000E80] -> 0x0313
mem[X,0x0000000080000E82] -> 0x0103
[1256] [S]: 0x0000030080000E80 (0x01030313) addi x6, x6, 0x10                       va_rvtest_code_begin+1732
x6 <- 0xFFFFFFFF7FFFF2CC

mem[X,0x0000000080000E84] -> 0x0497
mem[X,0x0000000080000E86] -> 0x0000
[1257] [S]: 0x0000030080000E84 (0x00000497) auipc x9, 0x0                           va_rvtest_code_begin+1736
x9 <- 0x0000030080000E84

clint mtime 0x0000000000000275 (mip.MTI <- 0b1, mip.STI <- 0b0)
mem[X,0x0000000080000E88] -> 0x84B3
mem[X,0x0000000080000E8A] -> 0x0064
[1258] [S]: 0x0000030080000E88 (0x006484B3) add x9, x9, x6                          va_rvtest_code_begin+1740
x9 <- 0x0000030000000150

mem[X,0x0000000080000E8C] -> 0x94F3
mem[X,0x0000000080000E8E] -> 0x3414
[1259] [S]: 0x0000030080000E8C (0x341494F3) csrrw x9, mepc, x9                      va_rvtest_code_begin+1744
trapping from S to M to handle illegal-instruction
handling exc#illegal-instruction at priv M with tval 0x00000000341494F3
CSR mstatus (0x300) <- 0x0000000A00000800
CSR mcause (0x342) <- 0x0000000000000002
CSR mtval (0x343) <- 0x00000000341494F3
CSR mepc (0x341) <- 0x0000030080000E8C

clint mtime 0x0000000000000276 (mip.MTI <- 0b1, mip.STI <- 0b0)
mem[X,0x0000000080001C80] -> 0x006F
mem[X,0x0000000080001C82] -> 0x1000
[1260] [M]: 0x0000000080001C80 (0x1000006F) jal x0, 0x100                           Mtrampoline+0

mem[X,0x0000000080001D80] -> 0x1173
mem[X,0x0000000080001D82] -> 0x3401
[1261] [M]: 0x0000000080001D80 (0x34011173) csrrw x2, mscratch, x2                  trap_Mhandler+0
CSR mscratch (0x340) <- 0x0000000000000000
x2 <- 0x0000000080005000

clint mtime 0x0000000000000277 (mip.MTI <- 0b1, mip.STI <- 0b0)
mem[X,0x0000000080001D84] -> 0x3423
mem[X,0x0000000080001D86] -> 0x28B1
[1262] [M]: 0x0000000080001D84 (0x28B13423) sd x11, 0x288(x2)                       trap_Mhandler+4
mem[W,0x0000000080005288] <- 0x00000000000000C9

mem[X,0x0000000080001D88] -> 0x05EF
mem[X,0x0000000080001D8A] -> 0x0B80
[1263] [M]: 0x0000000080001D88 (0x0B8005EF) jal x11, 0xb8                           trap_Mhandler+8
x11 <- 0x0000000080001D8C

clint mtime 0x0000000000000278 (mip.MTI <- 0b1, mip.STI <- 0b0)
mem[X,0x0000000080001E40] -> 0x3023
mem[X,0x0000000080001E42] -> 0x28A1
[1264] [M]: 0x0000000080001E40 (0x28A13023) sd x10, 0x280(x2)                       common_Mhandler+0
mem[W,0x0000000080005280] <- 0x00000000200000C9

mem[X,0x0000000080001E44] -> 0x1573
mem[X,0x0000000080001E46] -> 0x3401
[1265] [M]: 0x0000000080001E44 (0x34011573) csrrw x10, mscratch, x2                 common_Mhandler+4
CSR mscratch (0x340) <- 0x0000000080005000
x10 <- 0x0000000000000000

clint mtime 0x0000000000000279 (mip.MTI <- 0b1, mip.STI <- 0b0)
mem[X,0x0000000080001E48] -> 0x3823
mem[X,0x0000000080001E4A] -> 0x28A1
[1266] [M]: 0x0000000080001E48 (0x28A13823) sd x10, 0x290(x2)                       common_Mhandler+8
mem[W,0x0000000080005290] <- 0x0000000000000000

mem[X,0x0000000080001E4C] -> 0x3503
mem[X,0x0000000080001E4E] -> 0x2301
[1267] [M]: 0x0000000080001E4C (0x23013503) ld x10, 0x230(x2)                       common_Mhandler+12
mem[R,0x0000000080005230] -> 0x0000000080001E54
x10 <- 0x0000000080001E54

clint mtime 0x000000000000027A (mip.MTI <- 0b1, mip.STI <- 0b0)
mem[X,0x0000000080001E50] -> 0x0067
mem[X,0x0000000080001E52] -> 0x0005
[1268] [M]: 0x0000000080001E50 (0x00050067) jalr x0, 0x0(x10)                       common_Mhandler+16

mem[X,0x0000000080001E54] -> 0x3C23
mem[X,0x0000000080001E56] -> 0x2691
[1269] [M]: 0x0000000080001E54 (0x26913C23) sd x9, 0x278(x2)                        common_Mentry+0
mem[W,0x0000000080005278] <- 0x0000030000000150

clint mtime 0x000000000000027B (mip.MTI <- 0b1, mip.STI <- 0b0)
mem[X,0x0000000080001E58] -> 0x3823
mem[X,0x0000000080001E5A] -> 0x2681
[1270] [M]: 0x0000000080001E58 (0x26813823) sd x8, 0x270(x2)                        common_Mentry+4
mem[W,0x0000000080005270] <- 0x0000000000007F76

mem[X,0x0000000080001E5C] -> 0x3423
mem[X,0x0000000080001E5E] -> 0x2671
[1271] [M]: 0x0000000080001E5C (0x26713423) sd x7, 0x268(x2)                        common_Mentry+8
mem[W,0x0000000080005268] <- 0x0000000080005000

clint mtime 0x000000000000027C (mip.MTI <- 0b1, mip.STI <- 0b0)
mem[X,0x0000000080001E60] -> 0x3023
mem[X,0x0000000080001E62] -> 0x2661
[1272] [M]: 0x0000000080001E60 (0x26613023) sd x6, 0x260(x2)                        common_Mentry+12
mem[W,0x0000000080005260] <- 0xFFFFFFFF7FFFF2CC

mem[X,0x0000000080001E64] -> 0x2573
mem[X,0x0000000080001E66] -> 0x3420
[1273] [M]: 0x0000000080001E64 (0x34202573) csrrs x10, mcause, x0                   spcl_M2mmode_test+0
CSR mcause (0x342) -> 0x0000000000000002
x10 <- 0x0000000000000002

clint mtime 0x000000000000027D (mip.MTI <- 0b1, mip.STI <- 0b0)
mem[X,0x0000000080001E68] -> 0x04B7
mem[X,0x0000000080001E6A] -> 0x8000
[1274] [M]: 0x0000000080001E68 (0x800004B7) lui x9, -0x80000                        spcl_M2mmode_test+4
x9 <- 0xFFFFFFFF80000000

mem[X,0x0000000080001E6C] -> 0x8493
mem[X,0x0000000080001E6E] -> 0x0004
[1275] [M]: 0x0000000080001E6C (0x00048493) addi x9, x9, 0x0                        spcl_M2mmode_test+8
x9 <- 0xFFFFFFFF80000000

clint mtime 0x000000000000027E (mip.MTI <- 0b1, mip.STI <- 0b0)
mem[X,0x0000000080001E70] -> 0x9493
mem[X,0x0000000080001E72] -> 0x00B4
[1276] [M]: 0x0000000080001E70 (0x00B49493) slli x9, x9, 0xb                        spcl_M2mmode_test+12
x9 <- 0xFFFFFC0000000000

mem[X,0x0000000080001E74] -> 0x8493
mem[X,0x0000000080001E76] -> 0x0004
[1277] [M]: 0x0000000080001E74 (0x00048493) addi x9, x9, 0x0                        spcl_M2mmode_test+16
x9 <- 0xFFFFFC0000000000

clint mtime 0x000000000000027F (mip.MTI <- 0b1, mip.STI <- 0b0)
mem[X,0x0000000080001E78] -> 0x9493
mem[X,0x0000000080001E7A] -> 0x00B4
[1278] [M]: 0x0000000080001E78 (0x00B49493) slli x9, x9, 0xb                        spcl_M2mmode_test+20
x9 <- 0xFFE0000000000000

mem[X,0x0000000080001E7C] -> 0x8493
mem[X,0x0000000080001E7E] -> 0x0034
[1279] [M]: 0x0000000080001E7C (0x00348493) addi x9, x9, 0x3                        spcl_M2mmode_test+24
x9 <- 0xFFE0000000000003

clint mtime 0x0000000000000280 (mip.MTI <- 0b1, mip.STI <- 0b0)
mem[X,0x0000000080001E80] -> 0x9493
mem[X,0x0000000080001E82] -> 0x00A4
[1280] [M]: 0x0000000080001E80 (0x00A49493) slli x9, x9, 0xa                        spcl_M2mmode_test+28
x9 <- 0x8000000000000C00

mem[X,0x0000000080001E84] -> 0x8493
mem[X,0x0000000080001E86] -> 0x3FC4
[1281] [M]: 0x0000000080001E84 (0x3FC48493) addi x9, x9, 0x3fc                      spcl_M2mmode_test+32
x9 <- 0x8000000000000FFC

clint mtime 0x0000000000000281 (mip.MTI <- 0b1, mip.STI <- 0b0)
mem[X,0x0000000080001E88] -> 0xF4B3
mem[X,0x0000000080001E8A] -> 0x00A4
[1282] [M]: 0x0000000080001E88 (0x00A4F4B3) and x9, x9, x10                         spcl_M2mmode_test+36
x9 <- 0x0000000000000000

mem[X,0x0000000080001E8C] -> 0x8493
mem[X,0x0000000080001E8E] -> 0xFF84
[1283] [M]: 0x0000000080001E8C (0xFF848493) addi x9, x9, -0x8                       spcl_M2mmode_test+40
x9 <- 0xFFFFFFFFFFFFFFF8

clint mtime 0x0000000000000282 (mip.MTI <- 0b1, mip.STI <- 0b0)
mem[X,0x0000000080001E90] -> 0x9663
mem[X,0x0000000080001E92] -> 0x0004
[1284] [M]: 0x0000000080001E90 (0x00049663) bne x9, x0, 0xc                         spcl_M2mmode_test+44

mem[X,0x0000000080001E9C] -> 0x0393
mem[X,0x0000000080001E9E] -> 0x0200
[1285] [M]: 0x0000000080001E9C (0x02000393) addi x7, x0, 0x20                       Mtrapsig_ptr_upd+0
x7 <- 0x0000000000000020

clint mtime 0x0000000000000283 (mip.MTI <- 0b1, mip.STI <- 0b0)
mem[X,0x0000000080001EA0] -> 0x5263
mem[X,0x0000000080001EA2] -> 0x0405
[1286] [M]: 0x0000000080001EA0 (0x04055263) bge x10, x0, 0x44                       Mtrapsig_ptr_upd+4

mem[X,0x0000000080001EE4] -> 0x2373
mem[X,0x0000000080001EE6] -> 0x3010
[1287] [M]: 0x0000000080001EE4 (0x30102373) csrrs x6, misa, x0                      Mxcpt_sig_sv+0
CSR misa (0x301) -> 0x800000000034112F
x6 <- 0x800000000034112F

clint mtime 0x0000000000000284 (mip.MTI <- 0b1, mip.STI <- 0b0)
mem[X,0x0000000080001EE8] -> 0x1313
mem[X,0x0000000080001EEA] -> 0x0383
[1288] [M]: 0x0000000080001EE8 (0x03831313) slli x6, x6, 0x38                       Mxcpt_sig_sv+4
x6 <- 0x2F00000000000000

mem[X,0x0000000080001EEC] -> 0x5463
mem[X,0x0000000080001EEE] -> 0x0003
[1289] [M]: 0x0000000080001EEC (0x00035463) bge x6, x0, 0x8                         Mxcpt_sig_sv+8

clint mtime 0x0000000000000285 (mip.MTI <- 0b1, mip.STI <- 0b0)
mem[X,0x0000000080001EF4] -> 0x3303
mem[X,0x0000000080001EF6] -> 0x2181
[1290] [M]: 0x0000000080001EF4 (0x21813303) ld x6, 0x218(x2)                        Mtrap_sig_sv+0
mem[R,0x0000000080005218] -> 0x000000008000A5B8
x6 <- 0x000000008000A5B8

mem[X,0x0000000080001EF8] -> 0x04B3
mem[X,0x0000000080001EFA] -> 0x0073
[1291] [M]: 0x0000000080001EF8 (0x007304B3) add x9, x6, x7                          Mtrap_sig_sv+4
x9 <- 0x000000008000A5D8

clint mtime 0x0000000000000286 (mip.MTI <- 0b1, mip.STI <- 0b0)
mem[X,0x0000000080001EFC] -> 0x3C23
mem[X,0x0000000080001EFE] -> 0x2091
[1292] [M]: 0x0000000080001EFC (0x20913C23) sd x9, 0x218(x2)                        Mtrap_sig_sv+8
mem[W,0x0000000080005218] <- 0x000000008000A5D8

mem[X,0x0000000080001F00] -> 0x3403
mem[X,0x0000000080001F02] -> 0x1F81
[1293] [M]: 0x0000000080001F00 (0x1F813403) ld x8, 0x1f8(x2)                        Mtrap_sig_sv+12
mem[R,0x00000000800051F8] -> 0x000000008000A110
x8 <- 0x000000008000A110

clint mtime 0x0000000000000287 (mip.MTI <- 0b1, mip.STI <- 0b0)
mem[X,0x0000000080001F04] -> 0x0333
mem[X,0x0000000080001F06] -> 0x4083
[1294] [M]: 0x0000000080001F04 (0x40830333) sub x6, x6, x8                          Mtrap_sig_sv+16
x6 <- 0x00000000000004A8

mem[X,0x0000000080001F08] -> 0x3403
mem[X,0x0000000080001F0A] -> 0x1F81
[1295] [M]: 0x0000000080001F08 (0x1F813403) ld x8, 0x1f8(x2)                        Mtrap_sig_sv+20
mem[R,0x00000000800051F8] -> 0x000000008000A110
x8 <- 0x000000008000A110

clint mtime 0x0000000000000288 (mip.MTI <- 0b1, mip.STI <- 0b0)
mem[X,0x0000000080001F0C] -> 0x0333
mem[X,0x0000000080001F0E] -> 0x0083
[1296] [M]: 0x0000000080001F0C (0x00830333) add x6, x6, x8                          Mtrap_sig_sv+24
x6 <- 0x000000008000A5B8

mem[X,0x0000000080001F10] -> 0x3403
mem[X,0x0000000080001F12] -> 0x2401
[1297] [M]: 0x0000000080001F10 (0x24013403) ld x8, 0x240(x2)                        Mtrap_sig_sv+28
mem[R,0x0000000080005240] -> 0x0000000080001C80
x8 <- 0x0000000080001C80

clint mtime 0x0000000000000289 (mip.MTI <- 0b1, mip.STI <- 0b0)
mem[X,0x0000000080001F14] -> 0x85B3
mem[X,0x0000000080001F16] -> 0x4085
[1298] [M]: 0x0000000080001F14 (0x408585B3) sub x11, x11, x8                        sv_Mvect+0
x11 <- 0x000000000000010C

mem[X,0x0000000080001F18] -> 0x9593
mem[X,0x0000000080001F1A] -> 0x0045
[1299] [M]: 0x0000000080001F18 (0x00459593) slli x11, x11, 0x4                      sv_Mvect+4
x11 <- 0x00000000000010C0

clint mtime 0x000000000000028A (mip.MTI <- 0b1, mip.STI <- 0b0)
mem[X,0x0000000080001F1C] -> 0xE5B3
mem[X,0x0000000080001F1E] -> 0x0075
[1300] [M]: 0x0000000080001F1C (0x0075E5B3) or x11, x11, x7                         sv_Mvect+8
x11 <- 0x00000000000010E0

mem[X,0x0000000080001F20] -> 0x8593
mem[X,0x0000000080001F22] -> 0x0035
[1301] [M]: 0x0000000080001F20 (0x00358593) addi x11, x11, 0x3                      sv_Mvect+12
x11 <- 0x00000000000010E3

clint mtime 0x000000000000028B (mip.MTI <- 0b1, mip.STI <- 0b0)
mem[X,0x0000000080001F24] -> 0x3023
mem[X,0x0000000080001F26] -> 0x00B3
[1302] [M]: 0x0000000080001F24 (0x00B33023) sd x11, 0x0(x6)                         sv_Mvect+16
mem[W,0x000000008000A5B8] <- 0x00000000000010E3

mem[X,0x0000000080001F28] -> 0x3423
mem[X,0x0000000080001F2A] -> 0x00A3
[1303] [M]: 0x0000000080001F28 (0x00A33423) sd x10, 0x8(x6)                         sv_Mcause+0
mem[W,0x000000008000A5C0] <- 0x0000000000000002

clint mtime 0x000000000000028C (mip.MTI <- 0b1, mip.STI <- 0b0)
mem[X,0x0000000080001F2C] -> 0x4663
mem[X,0x0000000080001F2E] -> 0x1A05
[1304] [M]: 0x0000000080001F2C (0x1A054663) blt x10, x0, 0x1ac                      sv_Mcause+4

mem[X,0x0000000080001F30] -> 0x25F3
mem[X,0x0000000080001F32] -> 0x3000
[1305] [M]: 0x0000000080001F30 (0x300025F3) csrrs x11, mstatus, x0                  common_Mexcpt_handler+0
CSR mstatus (0x300) -> 0x0000000A00000800
x11 <- 0x0000000A00000800

clint mtime 0x000000000000028D (mip.MTI <- 0b1, mip.STI <- 0b0)
mem[X,0x0000000080001F34] -> 0x9413
mem[X,0x0000000080001F36] -> 0x02E5
[1306] [M]: 0x0000000080001F34 (0x02E59413) slli x8, x11, 0x2e                      common_Mexcpt_handler+4
x8 <- 0x0200000000000000

mem[X,0x0000000080001F38] -> 0x5463
mem[X,0x0000000080001F3A] -> 0x0004
[1307] [M]: 0x0000000080001F38 (0x00045463) bge x8, x0, 0x8                         common_Mexcpt_handler+8

clint mtime 0x000000000000028E (mip.MTI <- 0b1, mip.STI <- 0b0)
mem[X,0x0000000080001F40] -> 0xD493
mem[X,0x0000000080001F42] -> 0x00B5
[1308] [M]: 0x0000000080001F40 (0x00B5D493) srli x9, x11, 0xb                       common_Mexcpt_handler+16
x9 <- 0x0000000001400001

mem[X,0x0000000080001F44] -> 0xF493
mem[X,0x0000000080001F46] -> 0x0034
[1309] [M]: 0x0000000080001F44 (0x0034F493) andi x9, x9, 0x3                        common_Mexcpt_handler+20
x9 <- 0x0000000000000001

clint mtime 0x000000000000028F (mip.MTI <- 0b1, mip.STI <- 0b0)
mem[X,0x0000000080001F48] -> 0x8493
mem[X,0x0000000080001F4A] -> 0x0014
[1310] [M]: 0x0000000080001F48 (0x00148493) addi x9, x9, 0x1                        common_Mexcpt_handler+24
x9 <- 0x0000000000000002

mem[X,0x0000000080001F4C] -> 0xF493
mem[X,0x0000000080001F4E] -> 0x0044
[1311] [M]: 0x0000000080001F4C (0x0044F493) andi x9, x9, 0x4                        common_Mexcpt_handler+28
x9 <- 0x0000000000000000

clint mtime 0x0000000000000290 (mip.MTI <- 0b1, mip.STI <- 0b0)
mem[X,0x0000000080001F50] -> 0x0593
mem[X,0x0000000080001F52] -> 0x05D0
[1312] [M]: 0x0000000080001F50 (0x05D00593) addi x11, x0, 0x5d                      common_Mexcpt_handler+32
x11 <- 0x000000000000005D

mem[X,0x0000000080001F54] -> 0xD5B3
mem[X,0x0000000080001F56] -> 0x0095
[1313] [M]: 0x0000000080001F54 (0x0095D5B3) srl x11, x11, x9                        common_Mexcpt_handler+36
x11 <- 0x000000000000005D

clint mtime 0x0000000000000291 (mip.MTI <- 0b1, mip.STI <- 0b0)
mem[X,0x0000000080001F58] -> 0xF593
mem[X,0x0000000080001F5A] -> 0x0015
[1314] [M]: 0x0000000080001F58 (0x0015F593) andi x11, x11, 0x1                      common_Mexcpt_handler+40
x11 <- 0x0000000000000001

mem[X,0x0000000080001F5C] -> 0x8EE3
mem[X,0x0000000080001F5E] -> 0xF405
[1315] [M]: 0x0000000080001F5C (0xF4058EE3) beq x11, x0, -0xa4                      common_Mexcpt_handler+44

clint mtime 0x0000000000000292 (mip.MTI <- 0b1, mip.STI <- 0b0)
mem[X,0x0000000080001F60] -> 0x0593
mem[X,0x0000000080001F62] -> 0x2980
[1316] [M]: 0x0000000080001F60 (0x29800593) addi x11, x0, 0x298                     common_Mexcpt_handler+48
x11 <- 0x0000000000000298

mem[X,0x0000000080001F64] -> 0xF413
mem[X,0x0000000080001F66] -> 0x0014
[1317] [M]: 0x0000000080001F64 (0x0014F413) andi x8, x9, 0x1                        common_Mexcpt_handler+52
x8 <- 0x0000000000000000

clint mtime 0x0000000000000293 (mip.MTI <- 0b1, mip.STI <- 0b0)
mem[X,0x0000000080001F68] -> 0x95B3
mem[X,0x0000000080001F6A] -> 0x0085
[1318] [M]: 0x0000000080001F68 (0x008595B3) sll x11, x11, x8                        common_Mexcpt_handler+56
x11 <- 0x0000000000000298

mem[X,0x0000000080001F6C] -> 0x9413
mem[X,0x0000000080001F6E] -> 0x03D4
[1319] [M]: 0x0000000080001F6C (0x03D49413) slli x8, x9, 0x3d                       common_Mexcpt_handler+60
x8 <- 0x0000000000000000

clint mtime 0x0000000000000294 (mip.MTI <- 0b1, mip.STI <- 0b0)
mem[X,0x0000000080001F70] -> 0x5413
mem[X,0x0000000080001F72] -> 0x43F4
[1320] [M]: 0x0000000080001F70 (0x43F45413) srai x8, x8, 0x3f                       common_Mexcpt_handler+64
x8 <- 0x0000000000000000

mem[X,0x0000000080001F74] -> 0x4413
mem[X,0x0000000080001F76] -> 0xFFF4
[1321] [M]: 0x0000000080001F74 (0xFFF44413) xori x8, x8, -0x1                       common_Mexcpt_handler+68
x8 <- 0xFFFFFFFFFFFFFFFF

clint mtime 0x0000000000000295 (mip.MTI <- 0b1, mip.STI <- 0b0)
mem[X,0x0000000080001F78] -> 0xF4B3
mem[X,0x0000000080001F7A] -> 0x0085
[1322] [M]: 0x0000000080001F78 (0x0085F4B3) and x9, x11, x8                         common_Mexcpt_handler+72
x9 <- 0x0000000000000298

mem[X,0x0000000080001F7C] -> 0x84B3
mem[X,0x0000000080001F7E] -> 0x0024
[1323] [M]: 0x0000000080001F7C (0x002484B3) add x9, x9, x2                          vmem_adj_Mepc+0
x9 <- 0x0000000080005298

clint mtime 0x0000000000000296 (mip.MTI <- 0b1, mip.STI <- 0b0)
mem[X,0x0000000080001F80] -> 0x23F3
mem[X,0x0000000080001F82] -> 0x3410
[1324] [M]: 0x0000000080001F80 (0x341023F3) csrrs x7, mepc, x0                      vmem_adj_Mepc+4
CSR mepc (0x341) -> 0x0000030080000E8C
x7 <- 0x0000030080000E8C

mem[X,0x0000000080001F84] -> 0x0413
mem[X,0x0000000080001F86] -> 0x0004
[1325] [M]: 0x0000000080001F84 (0x00040413) addi x8, x8, 0x0                        vmem_adj_Mepc+8
x8 <- 0xFFFFFFFFFFFFFFFF

clint mtime 0x0000000000000297 (mip.MTI <- 0b1, mip.STI <- 0b0)
mem[X,0x0000000080001F88] -> 0x006F
mem[X,0x0000000080001F8A] -> 0x0400
[1326] [M]: 0x0000000080001F88 (0x0400006F) jal x0, 0x40                            vmem_adj_Mepc+12

mem[X,0x0000000080001FC8] -> 0x8433
mem[X,0x0000000080001FCA] -> 0x4083
[1327] [M]: 0x0000000080001FC8 (0x40838433) sub x8, x7, x8                          adj_Mepc+0
x8 <- 0x0000030080000E8D

clint mtime 0x0000000000000298 (mip.MTI <- 0b1, mip.STI <- 0b0)
mem[X,0x0000000080001FCC] -> 0x3823
mem[X,0x0000000080001FCE] -> 0x0083
[1328] [M]: 0x0000000080001FCC (0x00833823) sd x8, 0x10(x6)                         sv_Mepc+0
mem[W,0x000000008000A5C8] <- 0x0000030080000E8D

mem[X,0x0000000080001FD0] -> 0x55B7
mem[X,0x0000000080001FD2] -> 0x0000
[1329] [M]: 0x0000000080001FD0 (0x000055B7) lui x11, 0x5                            sv_Mepc+4
x11 <- 0x0000000000005000

clint mtime 0x0000000000000299 (mip.MTI <- 0b1, mip.STI <- 0b0)
mem[X,0x0000000080001FD4] -> 0x8593
mem[X,0x0000000080001FD6] -> 0x6675
[1330] [M]: 0x0000000080001FD4 (0x66758593) addi x11, x11, 0x667                    sv_Mepc+8
x11 <- 0x0000000000005667

mem[X,0x0000000080001FD8] -> 0x9593
mem[X,0x0000000080001FDA] -> 0x0015
[1331] [M]: 0x0000000080001FD8 (0x00159593) slli x11, x11, 0x1                      sv_Mepc+12
x11 <- 0x000000000000ACCE

clint mtime 0x000000000000029A (mip.MTI <- 0b1, mip.STI <- 0b0)
mem[X,0x0000000080001FDC] -> 0x9063
mem[X,0x0000000080001FDE] -> 0x02B1
[1332] [M]: 0x0000000080001FDC (0x02B19063) bne x3, x11, 0x20                       sv_Mepc+16

mem[X,0x0000000080001FE0] -> 0x2473
mem[X,0x0000000080001FE2] -> 0x3420
[1333] [M]: 0x0000000080001FE0 (0x34202473) csrrs x8, mcause, x0                    sv_Mepc+20
CSR mcause (0x342) -> 0x0000000000000002
x8 <- 0x0000000000000002

clint mtime 0x000000000000029B (mip.MTI <- 0b1, mip.STI <- 0b0)
mem[X,0x0000000080001FE4] -> 0x0593
mem[X,0x0000000080001FE6] -> 0x00C0
[1334] [M]: 0x0000000080001FE4 (0x00C00593) addi x11, x0, 0xc                       sv_Mepc+24
x11 <- 0x000000000000000C

mem[X,0x0000000080001FE8] -> 0x0663
mem[X,0x0000000080001FEA] -> 0x00B4
[1335] [M]: 0x0000000080001FE8 (0x00B40663) beq x8, x11, 0xc                        sv_Mepc+28

clint mtime 0x000000000000029C (mip.MTI <- 0b1, mip.STI <- 0b0)
mem[X,0x0000000080001FEC] -> 0x0593
mem[X,0x0000000080001FEE] -> 0x0010
[1336] [M]: 0x0000000080001FEC (0x00100593) addi x11, x0, 0x1                       sv_Mepc+32
x11 <- 0x0000000000000001

mem[X,0x0000000080001FF0] -> 0x1663
mem[X,0x0000000080001FF2] -> 0x00B4
[1337] [M]: 0x0000000080001FF0 (0x00B41663) bne x8, x11, 0xc                        sv_Mepc+36

clint mtime 0x000000000000029D (mip.MTI <- 0b1, mip.STI <- 0b0)
mem[X,0x0000000080001FFC] -> 0xF593
mem[X,0x0000000080001FFE] -> 0xFFC3
[1338] [M]: 0x0000000080001FFC (0xFFC3F593) andi x11, x7, -0x4                      adj_Mepc_rtn+0
x11 <- 0x0000030080000E8C

mem[X,0x0000000080002000] -> 0x8593
mem[X,0x0000000080002002] -> 0x0085
[1339] [M]: 0x0000000080002000 (0x00858593) addi x11, x11, 0x8                      adj_Mepc_rtn+4
x11 <- 0x0000030080000E94

clint mtime 0x000000000000029E (mip.MTI <- 0b1, mip.STI <- 0b0)
mem[X,0x0000000080002004] -> 0x9073
mem[X,0x0000000080002006] -> 0x3415
[1340] [M]: 0x0000000080002004 (0x34159073) csrrw x0, mepc, x11                     adj_Mepc_rtn+8
CSR mepc (0x341) <- 0x0000030080000E94

mem[X,0x0000000080002008] -> 0x23F3
mem[X,0x000000008000200A] -> 0x3430
[1341] [M]: 0x0000000080002008 (0x343023F3) csrrs x7, mtval, x0                     skp_adj_Mepc+0
CSR mtval (0x343) -> 0x00000000341494F3
x7 <- 0x00000000341494F3

clint mtime 0x000000000000029F (mip.MTI <- 0b1, mip.STI <- 0b0)
mem[X,0x000000008000200C] -> 0x0413
mem[X,0x000000008000200E] -> 0x0004
[1342] [M]: 0x000000008000200C (0x00040413) addi x8, x8, 0x0                        skp_adj_Mepc+4
x8 <- 0x0000000000000002

mem[X,0x0000000080002010] -> 0x006F
mem[X,0x0000000080002012] -> 0x0840
[1343] [M]: 0x0000000080002010 (0x0840006F) jal x0, 0x84                            skp_adj_Mepc+8

clint mtime 0x00000000000002A0 (mip.MTI <- 0b1, mip.STI <- 0b0)
mem[X,0x0000000080002094] -> 0x8433
mem[X,0x0000000080002096] -> 0x4083
[1344] [M]: 0x0000000080002094 (0x40838433) sub x8, x7, x8                          adj_Mtval+0
x8 <- 0x00000000341494F1

mem[X,0x0000000080002098] -> 0x3C23
mem[X,0x000000008000209A] -> 0x0083
[1345] [M]: 0x0000000080002098 (0x00833C23) sd x8, 0x18(x6)                         sv_Mtval+0
mem[W,0x000000008000A5D0] <- 0x00000000341494F1

clint mtime 0x00000000000002A1 (mip.MTI <- 0b1, mip.STI <- 0b0)
mem[X,0x000000008000209C] -> 0x3483
mem[X,0x000000008000209E] -> 0x2181
[1346] [M]: 0x000000008000209C (0x21813483) ld x9, 0x218(x2)                        skp_Mtval+0
mem[R,0x0000000080005218] -> 0x000000008000A5D8
x9 <- 0x000000008000A5D8

mem[X,0x00000000800020A0] -> 0x3383
mem[X,0x00000000800020A2] -> 0x1F81
[1347] [M]: 0x00000000800020A0 (0x1F813383) ld x7, 0x1f8(x2)                        skp_Mtval+4
mem[R,0x00000000800051F8] -> 0x000000008000A110
x7 <- 0x000000008000A110

clint mtime 0x00000000000002A2 (mip.MTI <- 0b1, mip.STI <- 0b0)
mem[X,0x00000000800020A4] -> 0x3303
mem[X,0x00000000800020A6] -> 0x2001
[1348] [M]: 0x00000000800020A4 (0x20013303) ld x6, 0x200(x2)                        skp_Mtval+8
mem[R,0x0000000080005200] -> 0x0000000000000610
x6 <- 0x0000000000000610

mem[X,0x00000000800020A8] -> 0x0333
mem[X,0x00000000800020AA] -> 0x0073
[1349] [M]: 0x00000000800020A8 (0x00730333) add x6, x6, x7                          skp_Mtval+12
x6 <- 0x000000008000A720

clint mtime 0x00000000000002A3 (mip.MTI <- 0b1, mip.STI <- 0b0)
mem[X,0x00000000800020AC] -> 0x6AE3
mem[X,0x00000000800020AE] -> 0xAE93
[1350] [M]: 0x00000000800020AC (0xAE936AE3) bltu x6, x9, -0x50c                     skp_Mtval+16

mem[X,0x00000000800020B0] -> 0x0393
mem[X,0x00000000800020B2] -> 0x2000
[1351] [M]: 0x00000000800020B0 (0x20000393) addi x7, x0, 0x200                      skp_Mtval+20
x7 <- 0x0000000000000200

clint mtime 0x00000000000002A4 (mip.MTI <- 0b1, mip.STI <- 0b0)
mem[X,0x00000000800020B4] -> 0x006F
mem[X,0x00000000800020B6] -> 0x0400
[1352] [M]: 0x00000000800020B4 (0x0400006F) jal x0, 0x40                            skp_Mtval+24

mem[X,0x00000000800020F4] -> 0x0417
mem[X,0x00000000800020F6] -> 0x0000
[1353] [M]: 0x00000000800020F4 (0x00000417) auipc x8, 0x0                           spcl_Mhandler+0
x8 <- 0x00000000800020F4

clint mtime 0x00000000000002A5 (mip.MTI <- 0b1, mip.STI <- 0b0)
mem[X,0x00000000800020F8] -> 0x0413
mem[X,0x00000000800020FA] -> 0x03C4
[1354] [M]: 0x00000000800020F8 (0x03C40413) addi x8, x8, 0x3c                       spcl_Mhandler+4
x8 <- 0x0000000080002130

mem[X,0x00000000800020FC] -> 0x0433
mem[X,0x00000000800020FE] -> 0x0074
[1355] [M]: 0x00000000800020FC (0x00740433) add x8, x8, x7                          spcl_Mhandler+8
x8 <- 0x0000000080002330

clint mtime 0x00000000000002A6 (mip.MTI <- 0b1, mip.STI <- 0b0)
mem[X,0x0000000080002100] -> 0x1393
mem[X,0x0000000080002102] -> 0x0035
[1356] [M]: 0x0000000080002100 (0x00351393) slli x7, x10, 0x3                       spcl_Mhandler+12
x7 <- 0x0000000000000010

mem[X,0x0000000080002104] -> 0x0433
mem[X,0x0000000080002106] -> 0x0074
[1357] [M]: 0x0000000080002104 (0x00740433) add x8, x8, x7                          spcl_Mhandler+16
x8 <- 0x0000000080002340

clint mtime 0x00000000000002A7 (mip.MTI <- 0b1, mip.STI <- 0b0)
mem[X,0x0000000080002108] -> 0x7413
mem[X,0x000000008000210A] -> 0xFF84
[1358] [M]: 0x0000000080002108 (0xFF847413) andi x8, x8, -0x8                       spcl_Mhandler+20
x8 <- 0x0000000080002340

mem[X,0x000000008000210C] -> 0x3403
mem[X,0x000000008000210E] -> 0x0004
[1359] [M]: 0x000000008000210C (0x00043403) ld x8, 0x0(x8)                          spcl_Mhandler+24
mem[R,0x0000000080002340] -> 0x0000000000000005
x8 <- 0x0000000000000005

clint mtime 0x00000000000002A8 (mip.MTI <- 0b1, mip.STI <- 0b0)
mem[X,0x0000000080002110] -> 0x02E3
mem[X,0x0000000080002112] -> 0xB204
[1360] [M]: 0x0000000080002110 (0xB20402E3) beq x8, x0, -0x4dc                      spcl_Mdispatch_hndling+0

mem[X,0x0000000080002114] -> 0x1393
mem[X,0x0000000080002116] -> 0x03F4
[1361] [M]: 0x0000000080002114 (0x03F41393) slli x7, x8, 0x3f                       spcl_Mdispatch_hndling+4
x7 <- 0x8000000000000000

clint mtime 0x00000000000002A9 (mip.MTI <- 0b1, mip.STI <- 0b0)
mem[X,0x0000000080002118] -> 0xD863
mem[X,0x000000008000211A] -> 0x0003
[1362] [M]: 0x0000000080002118 (0x0003D863) bge x7, x0, 0x10                        spcl_Mdispatch_hndling+8

mem[X,0x000000008000211C] -> 0x5413
mem[X,0x000000008000211E] -> 0x0014
[1363] [M]: 0x000000008000211C (0x00145413) srli x8, x8, 0x1                        spcl_Mdispatch_hndling+12
x8 <- 0x0000000000000002

clint mtime 0x00000000000002AA (mip.MTI <- 0b1, mip.STI <- 0b0)
mem[X,0x0000000080002120] -> 0x0CE3
mem[X,0x0000000080002122] -> 0xF885
[1364] [M]: 0x0000000080002120 (0xF8850CE3) beq x10, x8, -0x68                      spcl_Mdispatch_hndling+16

mem[X,0x00000000800020B8] -> 0x3303
mem[X,0x00000000800020BA] -> 0x2601
[1365] [M]: 0x00000000800020B8 (0x26013303) ld x6, 0x260(x2)                        resto_Mrtn+0
mem[R,0x0000000080005260] -> 0xFFFFFFFF7FFFF2CC
x6 <- 0xFFFFFFFF7FFFF2CC

clint mtime 0x00000000000002AB (mip.MTI <- 0b1, mip.STI <- 0b0)
mem[X,0x00000000800020BC] -> 0x3383
mem[X,0x00000000800020BE] -> 0x2681
[1366] [M]: 0x00000000800020BC (0x26813383) ld x7, 0x268(x2)                        resto_Mrtn+4
mem[R,0x0000000080005268] -> 0x0000000080005000
x7 <- 0x0000000080005000

mem[X,0x00000000800020C0] -> 0x3403
mem[X,0x00000000800020C2] -> 0x2701
[1367] [M]: 0x00000000800020C0 (0x27013403) ld x8, 0x270(x2)                        resto_Mrtn+8
mem[R,0x0000000080005270] -> 0x0000000000007F76
x8 <- 0x0000000000007F76

clint mtime 0x00000000000002AC (mip.MTI <- 0b1, mip.STI <- 0b0)
mem[X,0x00000000800020C4] -> 0x3483
mem[X,0x00000000800020C6] -> 0x2781
[1368] [M]: 0x00000000800020C4 (0x27813483) ld x9, 0x278(x2)                        resto_Mrtn+12
mem[R,0x0000000080005278] -> 0x0000030000000150
x9 <- 0x0000030000000150

mem[X,0x00000000800020C8] -> 0x3503
mem[X,0x00000000800020CA] -> 0x2801
[1369] [M]: 0x00000000800020C8 (0x28013503) ld x10, 0x280(x2)                       resto_Mrtn+16
mem[R,0x0000000080005280] -> 0x00000000200000C9
x10 <- 0x00000000200000C9

clint mtime 0x00000000000002AD (mip.MTI <- 0b1, mip.STI <- 0b0)
mem[X,0x00000000800020CC] -> 0x3583
mem[X,0x00000000800020CE] -> 0x2881
[1370] [M]: 0x00000000800020CC (0x28813583) ld x11, 0x288(x2)                       resto_Mrtn+20
mem[R,0x0000000080005288] -> 0x00000000000000C9
x11 <- 0x00000000000000C9

mem[X,0x00000000800020D0] -> 0x3103
mem[X,0x00000000800020D2] -> 0x2901
[1371] [M]: 0x00000000800020D0 (0x29013103) ld x2, 0x290(x2)                        resto_Mrtn+24
mem[R,0x0000000080005290] -> 0x0000000000000000
x2 <- 0x0000000000000000

clint mtime 0x00000000000002AE (mip.MTI <- 0b1, mip.STI <- 0b0)
mem[X,0x00000000800020D4] -> 0x0073
mem[X,0x00000000800020D6] -> 0x3020
[1372] [M]: 0x00000000800020D4 (0x30200073) mret                                    resto_Mrtn+28
CSR mstatus (0x300) <- 0x0000000A00000080
ret-ing from M to S

mem[X,0x0000000080000E94] -> 0x07B7
mem[X,0x0000000080000E96] -> 0x0000
[1373] [S]: 0x0000030080000E94 (0x000007B7) lui x15, 0x0                            va_rvtest_code_begin+1752
x15 <- 0x0000000000000000

clint mtime 0x00000000000002AF (mip.MTI <- 0b1, mip.STI <- 0b0)
mem[X,0x0000000080000E98] -> 0x8793
mem[X,0x0000000080000E9A] -> 0x2807
[1374] [S]: 0x0000030080000E98 (0x28078793) addi x15, x15, 0x280                    va_rvtest_code_begin+1756
x15 <- 0x0000000000000280

mem[X,0x0000000080000E9C] -> 0x9793
mem[X,0x0000000080000E9E] -> 0x00B7
[1375] [S]: 0x0000030080000E9C (0x00B79793) slli x15, x15, 0xb                      va_rvtest_code_begin+1760
x15 <- 0x0000000000140000

clint mtime 0x00000000000002B0 (mip.MTI <- 0b1, mip.STI <- 0b0)
mem[X,0x0000000080000EA0] -> 0x8793
mem[X,0x0000000080000EA2] -> 0x0007
[1376] [S]: 0x0000030080000EA0 (0x00078793) addi x15, x15, 0x0                      va_rvtest_code_begin+1764
x15 <- 0x0000000000140000

mem[X,0x0000000080000EA4] -> 0x9793
mem[X,0x0000000080000EA6] -> 0x00B7
[1377] [S]: 0x0000030080000EA4 (0x00B79793) slli x15, x15, 0xb                      va_rvtest_code_begin+1768
x15 <- 0x00000000A0000000

clint mtime 0x00000000000002B1 (mip.MTI <- 0b1, mip.STI <- 0b0)
mem[X,0x0000000080000EA8] -> 0x8793
mem[X,0x0000000080000EAA] -> 0x0017
[1378] [S]: 0x0000030080000EA8 (0x00178793) addi x15, x15, 0x1                      va_rvtest_code_begin+1772
x15 <- 0x00000000A0000001

mem[X,0x0000000080000EAC] -> 0x9793
mem[X,0x0000000080000EAE] -> 0x00A7
[1379] [S]: 0x0000030080000EAC (0x00A79793) slli x15, x15, 0xa                      va_rvtest_code_begin+1776
x15 <- 0x0000028000000400

clint mtime 0x00000000000002B2 (mip.MTI <- 0b1, mip.STI <- 0b0)
mem[X,0x0000000080000EB0] -> 0x0613
mem[X,0x0000000080000EB2] -> 0x0106
[1380] [S]: 0x0000030080000EB0 (0x01060613) addi x12, x12, 0x10                     va_rvtest_code_begin+1780
x12 <- 0x0000000000000030

mem[X,0x0000000080000EB4] -> 0xAA23
mem[X,0x0000000080000EB6] -> 0x00C7
[1381] [S]: 0x0000030080000EB4 (0x00C7AA23) sw x12, 0x14(x15)                       va_rvtest_code_begin+1784
PTW: Start, vpn=0x28000000, access_type=W, privilege=Smem[R,0x0000000080009028] -> 0x0000000020002001
PTW: Step, level=3, pte=0x20002001, pte_addr=0x80009028
PTW: Start, vpn=0x28000000, access_type=W, privilege=Smem[R,0x0000000080008000] -> 0x00000000200000C9
PTW: Step, level=2, pte=0x200000C9, pte_addr=0x80008000
PTW: failed, error=no-permission, level=2, pte_addr=0x80008000
trapping from S to M to handle store/amo-page-fault
handling exc#store/amo-page-fault at priv M with tval 0x0000028000000414
CSR mstatus (0x300) <- 0x0000000A00000800
CSR mcause (0x342) <- 0x000000000000000F
CSR mtval (0x343) <- 0x0000028000000414
CSR mepc (0x341) <- 0x0000030080000EB4

clint mtime 0x00000000000002B3 (mip.MTI <- 0b1, mip.STI <- 0b0)
mem[X,0x0000000080001C80] -> 0x006F
mem[X,0x0000000080001C82] -> 0x1000
[1382] [M]: 0x0000000080001C80 (0x1000006F) jal x0, 0x100                           Mtrampoline+0

mem[X,0x0000000080001D80] -> 0x1173
mem[X,0x0000000080001D82] -> 0x3401
[1383] [M]: 0x0000000080001D80 (0x34011173) csrrw x2, mscratch, x2                  trap_Mhandler+0
CSR mscratch (0x340) <- 0x0000000000000000
x2 <- 0x0000000080005000

clint mtime 0x00000000000002B4 (mip.MTI <- 0b1, mip.STI <- 0b0)
mem[X,0x0000000080001D84] -> 0x3423
mem[X,0x0000000080001D86] -> 0x28B1
[1384] [M]: 0x0000000080001D84 (0x28B13423) sd x11, 0x288(x2)                       trap_Mhandler+4
mem[W,0x0000000080005288] <- 0x00000000000000C9

mem[X,0x0000000080001D88] -> 0x05EF
mem[X,0x0000000080001D8A] -> 0x0B80
[1385] [M]: 0x0000000080001D88 (0x0B8005EF) jal x11, 0xb8                           trap_Mhandler+8
x11 <- 0x0000000080001D8C

clint mtime 0x00000000000002B5 (mip.MTI <- 0b1, mip.STI <- 0b0)
mem[X,0x0000000080001E40] -> 0x3023
mem[X,0x0000000080001E42] -> 0x28A1
[1386] [M]: 0x0000000080001E40 (0x28A13023) sd x10, 0x280(x2)                       common_Mhandler+0
mem[W,0x0000000080005280] <- 0x00000000200000C9

mem[X,0x0000000080001E44] -> 0x1573
mem[X,0x0000000080001E46] -> 0x3401
[1387] [M]: 0x0000000080001E44 (0x34011573) csrrw x10, mscratch, x2                 common_Mhandler+4
CSR mscratch (0x340) <- 0x0000000080005000
x10 <- 0x0000000000000000

clint mtime 0x00000000000002B6 (mip.MTI <- 0b1, mip.STI <- 0b0)
mem[X,0x0000000080001E48] -> 0x3823
mem[X,0x0000000080001E4A] -> 0x28A1
[1388] [M]: 0x0000000080001E48 (0x28A13823) sd x10, 0x290(x2)                       common_Mhandler+8
mem[W,0x0000000080005290] <- 0x0000000000000000

mem[X,0x0000000080001E4C] -> 0x3503
mem[X,0x0000000080001E4E] -> 0x2301
[1389] [M]: 0x0000000080001E4C (0x23013503) ld x10, 0x230(x2)                       common_Mhandler+12
mem[R,0x0000000080005230] -> 0x0000000080001E54
x10 <- 0x0000000080001E54

clint mtime 0x00000000000002B7 (mip.MTI <- 0b1, mip.STI <- 0b0)
mem[X,0x0000000080001E50] -> 0x0067
mem[X,0x0000000080001E52] -> 0x0005
[1390] [M]: 0x0000000080001E50 (0x00050067) jalr x0, 0x0(x10)                       common_Mhandler+16

mem[X,0x0000000080001E54] -> 0x3C23
mem[X,0x0000000080001E56] -> 0x2691
[1391] [M]: 0x0000000080001E54 (0x26913C23) sd x9, 0x278(x2)                        common_Mentry+0
mem[W,0x0000000080005278] <- 0x0000030000000150

clint mtime 0x00000000000002B8 (mip.MTI <- 0b1, mip.STI <- 0b0)
mem[X,0x0000000080001E58] -> 0x3823
mem[X,0x0000000080001E5A] -> 0x2681
[1392] [M]: 0x0000000080001E58 (0x26813823) sd x8, 0x270(x2)                        common_Mentry+4
mem[W,0x0000000080005270] <- 0x0000000000007F76

mem[X,0x0000000080001E5C] -> 0x3423
mem[X,0x0000000080001E5E] -> 0x2671
[1393] [M]: 0x0000000080001E5C (0x26713423) sd x7, 0x268(x2)                        common_Mentry+8
mem[W,0x0000000080005268] <- 0x0000000080005000

clint mtime 0x00000000000002B9 (mip.MTI <- 0b1, mip.STI <- 0b0)
mem[X,0x0000000080001E60] -> 0x3023
mem[X,0x0000000080001E62] -> 0x2661
[1394] [M]: 0x0000000080001E60 (0x26613023) sd x6, 0x260(x2)                        common_Mentry+12
mem[W,0x0000000080005260] <- 0xFFFFFFFF7FFFF2CC

mem[X,0x0000000080001E64] -> 0x2573
mem[X,0x0000000080001E66] -> 0x3420
[1395] [M]: 0x0000000080001E64 (0x34202573) csrrs x10, mcause, x0                   spcl_M2mmode_test+0
CSR mcause (0x342) -> 0x000000000000000F
x10 <- 0x000000000000000F

clint mtime 0x00000000000002BA (mip.MTI <- 0b1, mip.STI <- 0b0)
mem[X,0x0000000080001E68] -> 0x04B7
mem[X,0x0000000080001E6A] -> 0x8000
[1396] [M]: 0x0000000080001E68 (0x800004B7) lui x9, -0x80000                        spcl_M2mmode_test+4
x9 <- 0xFFFFFFFF80000000

mem[X,0x0000000080001E6C] -> 0x8493
mem[X,0x0000000080001E6E] -> 0x0004
[1397] [M]: 0x0000000080001E6C (0x00048493) addi x9, x9, 0x0                        spcl_M2mmode_test+8
x9 <- 0xFFFFFFFF80000000

clint mtime 0x00000000000002BB (mip.MTI <- 0b1, mip.STI <- 0b0)
mem[X,0x0000000080001E70] -> 0x9493
mem[X,0x0000000080001E72] -> 0x00B4
[1398] [M]: 0x0000000080001E70 (0x00B49493) slli x9, x9, 0xb                        spcl_M2mmode_test+12
x9 <- 0xFFFFFC0000000000

mem[X,0x0000000080001E74] -> 0x8493
mem[X,0x0000000080001E76] -> 0x0004
[1399] [M]: 0x0000000080001E74 (0x00048493) addi x9, x9, 0x0                        spcl_M2mmode_test+16
x9 <- 0xFFFFFC0000000000

clint mtime 0x00000000000002BC (mip.MTI <- 0b1, mip.STI <- 0b0)
mem[X,0x0000000080001E78] -> 0x9493
mem[X,0x0000000080001E7A] -> 0x00B4
[1400] [M]: 0x0000000080001E78 (0x00B49493) slli x9, x9, 0xb                        spcl_M2mmode_test+20
x9 <- 0xFFE0000000000000

mem[X,0x0000000080001E7C] -> 0x8493
mem[X,0x0000000080001E7E] -> 0x0034
[1401] [M]: 0x0000000080001E7C (0x00348493) addi x9, x9, 0x3                        spcl_M2mmode_test+24
x9 <- 0xFFE0000000000003

clint mtime 0x00000000000002BD (mip.MTI <- 0b1, mip.STI <- 0b0)
mem[X,0x0000000080001E80] -> 0x9493
mem[X,0x0000000080001E82] -> 0x00A4
[1402] [M]: 0x0000000080001E80 (0x00A49493) slli x9, x9, 0xa                        spcl_M2mmode_test+28
x9 <- 0x8000000000000C00

mem[X,0x0000000080001E84] -> 0x8493
mem[X,0x0000000080001E86] -> 0x3FC4
[1403] [M]: 0x0000000080001E84 (0x3FC48493) addi x9, x9, 0x3fc                      spcl_M2mmode_test+32
x9 <- 0x8000000000000FFC

clint mtime 0x00000000000002BE (mip.MTI <- 0b1, mip.STI <- 0b0)
mem[X,0x0000000080001E88] -> 0xF4B3
mem[X,0x0000000080001E8A] -> 0x00A4
[1404] [M]: 0x0000000080001E88 (0x00A4F4B3) and x9, x9, x10                         spcl_M2mmode_test+36
x9 <- 0x000000000000000C

mem[X,0x0000000080001E8C] -> 0x8493
mem[X,0x0000000080001E8E] -> 0xFF84
[1405] [M]: 0x0000000080001E8C (0xFF848493) addi x9, x9, -0x8                       spcl_M2mmode_test+40
x9 <- 0x0000000000000004

clint mtime 0x00000000000002BF (mip.MTI <- 0b1, mip.STI <- 0b0)
mem[X,0x0000000080001E90] -> 0x9663
mem[X,0x0000000080001E92] -> 0x0004
[1406] [M]: 0x0000000080001E90 (0x00049663) bne x9, x0, 0xc                         spcl_M2mmode_test+44

mem[X,0x0000000080001E9C] -> 0x0393
mem[X,0x0000000080001E9E] -> 0x0200
[1407] [M]: 0x0000000080001E9C (0x02000393) addi x7, x0, 0x20                       Mtrapsig_ptr_upd+0
x7 <- 0x0000000000000020

clint mtime 0x00000000000002C0 (mip.MTI <- 0b1, mip.STI <- 0b0)
mem[X,0x0000000080001EA0] -> 0x5263
mem[X,0x0000000080001EA2] -> 0x0405
[1408] [M]: 0x0000000080001EA0 (0x04055263) bge x10, x0, 0x44                       Mtrapsig_ptr_upd+4

mem[X,0x0000000080001EE4] -> 0x2373
mem[X,0x0000000080001EE6] -> 0x3010
[1409] [M]: 0x0000000080001EE4 (0x30102373) csrrs x6, misa, x0                      Mxcpt_sig_sv+0
CSR misa (0x301) -> 0x800000000034112F
x6 <- 0x800000000034112F

clint mtime 0x00000000000002C1 (mip.MTI <- 0b1, mip.STI <- 0b0)
mem[X,0x0000000080001EE8] -> 0x1313
mem[X,0x0000000080001EEA] -> 0x0383
[1410] [M]: 0x0000000080001EE8 (0x03831313) slli x6, x6, 0x38                       Mxcpt_sig_sv+4
x6 <- 0x2F00000000000000

mem[X,0x0000000080001EEC] -> 0x5463
mem[X,0x0000000080001EEE] -> 0x0003
[1411] [M]: 0x0000000080001EEC (0x00035463) bge x6, x0, 0x8                         Mxcpt_sig_sv+8

clint mtime 0x00000000000002C2 (mip.MTI <- 0b1, mip.STI <- 0b0)
mem[X,0x0000000080001EF4] -> 0x3303
mem[X,0x0000000080001EF6] -> 0x2181
[1412] [M]: 0x0000000080001EF4 (0x21813303) ld x6, 0x218(x2)                        Mtrap_sig_sv+0
mem[R,0x0000000080005218] -> 0x000000008000A5D8
x6 <- 0x000000008000A5D8

mem[X,0x0000000080001EF8] -> 0x04B3
mem[X,0x0000000080001EFA] -> 0x0073
[1413] [M]: 0x0000000080001EF8 (0x007304B3) add x9, x6, x7                          Mtrap_sig_sv+4
x9 <- 0x000000008000A5F8

clint mtime 0x00000000000002C3 (mip.MTI <- 0b1, mip.STI <- 0b0)
mem[X,0x0000000080001EFC] -> 0x3C23
mem[X,0x0000000080001EFE] -> 0x2091
[1414] [M]: 0x0000000080001EFC (0x20913C23) sd x9, 0x218(x2)                        Mtrap_sig_sv+8
mem[W,0x0000000080005218] <- 0x000000008000A5F8

mem[X,0x0000000080001F00] -> 0x3403
mem[X,0x0000000080001F02] -> 0x1F81
[1415] [M]: 0x0000000080001F00 (0x1F813403) ld x8, 0x1f8(x2)                        Mtrap_sig_sv+12
mem[R,0x00000000800051F8] -> 0x000000008000A110
x8 <- 0x000000008000A110

clint mtime 0x00000000000002C4 (mip.MTI <- 0b1, mip.STI <- 0b0)
mem[X,0x0000000080001F04] -> 0x0333
mem[X,0x0000000080001F06] -> 0x4083
[1416] [M]: 0x0000000080001F04 (0x40830333) sub x6, x6, x8                          Mtrap_sig_sv+16
x6 <- 0x00000000000004C8

mem[X,0x0000000080001F08] -> 0x3403
mem[X,0x0000000080001F0A] -> 0x1F81
[1417] [M]: 0x0000000080001F08 (0x1F813403) ld x8, 0x1f8(x2)                        Mtrap_sig_sv+20
mem[R,0x00000000800051F8] -> 0x000000008000A110
x8 <- 0x000000008000A110

clint mtime 0x00000000000002C5 (mip.MTI <- 0b1, mip.STI <- 0b0)
mem[X,0x0000000080001F0C] -> 0x0333
mem[X,0x0000000080001F0E] -> 0x0083
[1418] [M]: 0x0000000080001F0C (0x00830333) add x6, x6, x8                          Mtrap_sig_sv+24
x6 <- 0x000000008000A5D8

mem[X,0x0000000080001F10] -> 0x3403
mem[X,0x0000000080001F12] -> 0x2401
[1419] [M]: 0x0000000080001F10 (0x24013403) ld x8, 0x240(x2)                        Mtrap_sig_sv+28
mem[R,0x0000000080005240] -> 0x0000000080001C80
x8 <- 0x0000000080001C80

clint mtime 0x00000000000002C6 (mip.MTI <- 0b1, mip.STI <- 0b0)
mem[X,0x0000000080001F14] -> 0x85B3
mem[X,0x0000000080001F16] -> 0x4085
[1420] [M]: 0x0000000080001F14 (0x408585B3) sub x11, x11, x8                        sv_Mvect+0
x11 <- 0x000000000000010C

mem[X,0x0000000080001F18] -> 0x9593
mem[X,0x0000000080001F1A] -> 0x0045
[1421] [M]: 0x0000000080001F18 (0x00459593) slli x11, x11, 0x4                      sv_Mvect+4
x11 <- 0x00000000000010C0

clint mtime 0x00000000000002C7 (mip.MTI <- 0b1, mip.STI <- 0b0)
mem[X,0x0000000080001F1C] -> 0xE5B3
mem[X,0x0000000080001F1E] -> 0x0075
[1422] [M]: 0x0000000080001F1C (0x0075E5B3) or x11, x11, x7                         sv_Mvect+8
x11 <- 0x00000000000010E0

mem[X,0x0000000080001F20] -> 0x8593
mem[X,0x0000000080001F22] -> 0x0035
[1423] [M]: 0x0000000080001F20 (0x00358593) addi x11, x11, 0x3                      sv_Mvect+12
x11 <- 0x00000000000010E3

clint mtime 0x00000000000002C8 (mip.MTI <- 0b1, mip.STI <- 0b0)
mem[X,0x0000000080001F24] -> 0x3023
mem[X,0x0000000080001F26] -> 0x00B3
[1424] [M]: 0x0000000080001F24 (0x00B33023) sd x11, 0x0(x6)                         sv_Mvect+16
mem[W,0x000000008000A5D8] <- 0x00000000000010E3

mem[X,0x0000000080001F28] -> 0x3423
mem[X,0x0000000080001F2A] -> 0x00A3
[1425] [M]: 0x0000000080001F28 (0x00A33423) sd x10, 0x8(x6)                         sv_Mcause+0
mem[W,0x000000008000A5E0] <- 0x000000000000000F

clint mtime 0x00000000000002C9 (mip.MTI <- 0b1, mip.STI <- 0b0)
mem[X,0x0000000080001F2C] -> 0x4663
mem[X,0x0000000080001F2E] -> 0x1A05
[1426] [M]: 0x0000000080001F2C (0x1A054663) blt x10, x0, 0x1ac                      sv_Mcause+4

mem[X,0x0000000080001F30] -> 0x25F3
mem[X,0x0000000080001F32] -> 0x3000
[1427] [M]: 0x0000000080001F30 (0x300025F3) csrrs x11, mstatus, x0                  common_Mexcpt_handler+0
CSR mstatus (0x300) -> 0x0000000A00000800
x11 <- 0x0000000A00000800

clint mtime 0x00000000000002CA (mip.MTI <- 0b1, mip.STI <- 0b0)
mem[X,0x0000000080001F34] -> 0x9413
mem[X,0x0000000080001F36] -> 0x02E5
[1428] [M]: 0x0000000080001F34 (0x02E59413) slli x8, x11, 0x2e                      common_Mexcpt_handler+4
x8 <- 0x0200000000000000

mem[X,0x0000000080001F38] -> 0x5463
mem[X,0x0000000080001F3A] -> 0x0004
[1429] [M]: 0x0000000080001F38 (0x00045463) bge x8, x0, 0x8                         common_Mexcpt_handler+8

clint mtime 0x00000000000002CB (mip.MTI <- 0b1, mip.STI <- 0b0)
mem[X,0x0000000080001F40] -> 0xD493
mem[X,0x0000000080001F42] -> 0x00B5
[1430] [M]: 0x0000000080001F40 (0x00B5D493) srli x9, x11, 0xb                       common_Mexcpt_handler+16
x9 <- 0x0000000001400001

mem[X,0x0000000080001F44] -> 0xF493
mem[X,0x0000000080001F46] -> 0x0034
[1431] [M]: 0x0000000080001F44 (0x0034F493) andi x9, x9, 0x3                        common_Mexcpt_handler+20
x9 <- 0x0000000000000001

clint mtime 0x00000000000002CC (mip.MTI <- 0b1, mip.STI <- 0b0)
mem[X,0x0000000080001F48] -> 0x8493
mem[X,0x0000000080001F4A] -> 0x0014
[1432] [M]: 0x0000000080001F48 (0x00148493) addi x9, x9, 0x1                        common_Mexcpt_handler+24
x9 <- 0x0000000000000002

mem[X,0x0000000080001F4C] -> 0xF493
mem[X,0x0000000080001F4E] -> 0x0044
[1433] [M]: 0x0000000080001F4C (0x0044F493) andi x9, x9, 0x4                        common_Mexcpt_handler+28
x9 <- 0x0000000000000000

clint mtime 0x00000000000002CD (mip.MTI <- 0b1, mip.STI <- 0b0)
mem[X,0x0000000080001F50] -> 0x0593
mem[X,0x0000000080001F52] -> 0x05D0
[1434] [M]: 0x0000000080001F50 (0x05D00593) addi x11, x0, 0x5d                      common_Mexcpt_handler+32
x11 <- 0x000000000000005D

mem[X,0x0000000080001F54] -> 0xD5B3
mem[X,0x0000000080001F56] -> 0x0095
[1435] [M]: 0x0000000080001F54 (0x0095D5B3) srl x11, x11, x9                        common_Mexcpt_handler+36
x11 <- 0x000000000000005D

clint mtime 0x00000000000002CE (mip.MTI <- 0b1, mip.STI <- 0b0)
mem[X,0x0000000080001F58] -> 0xF593
mem[X,0x0000000080001F5A] -> 0x0015
[1436] [M]: 0x0000000080001F58 (0x0015F593) andi x11, x11, 0x1                      common_Mexcpt_handler+40
x11 <- 0x0000000000000001

mem[X,0x0000000080001F5C] -> 0x8EE3
mem[X,0x0000000080001F5E] -> 0xF405
[1437] [M]: 0x0000000080001F5C (0xF4058EE3) beq x11, x0, -0xa4                      common_Mexcpt_handler+44

clint mtime 0x00000000000002CF (mip.MTI <- 0b1, mip.STI <- 0b0)
mem[X,0x0000000080001F60] -> 0x0593
mem[X,0x0000000080001F62] -> 0x2980
[1438] [M]: 0x0000000080001F60 (0x29800593) addi x11, x0, 0x298                     common_Mexcpt_handler+48
x11 <- 0x0000000000000298

mem[X,0x0000000080001F64] -> 0xF413
mem[X,0x0000000080001F66] -> 0x0014
[1439] [M]: 0x0000000080001F64 (0x0014F413) andi x8, x9, 0x1                        common_Mexcpt_handler+52
x8 <- 0x0000000000000000

clint mtime 0x00000000000002D0 (mip.MTI <- 0b1, mip.STI <- 0b0)
mem[X,0x0000000080001F68] -> 0x95B3
mem[X,0x0000000080001F6A] -> 0x0085
[1440] [M]: 0x0000000080001F68 (0x008595B3) sll x11, x11, x8                        common_Mexcpt_handler+56
x11 <- 0x0000000000000298

mem[X,0x0000000080001F6C] -> 0x9413
mem[X,0x0000000080001F6E] -> 0x03D4
[1441] [M]: 0x0000000080001F6C (0x03D49413) slli x8, x9, 0x3d                       common_Mexcpt_handler+60
x8 <- 0x0000000000000000

clint mtime 0x00000000000002D1 (mip.MTI <- 0b1, mip.STI <- 0b0)
mem[X,0x0000000080001F70] -> 0x5413
mem[X,0x0000000080001F72] -> 0x43F4
[1442] [M]: 0x0000000080001F70 (0x43F45413) srai x8, x8, 0x3f                       common_Mexcpt_handler+64
x8 <- 0x0000000000000000

mem[X,0x0000000080001F74] -> 0x4413
mem[X,0x0000000080001F76] -> 0xFFF4
[1443] [M]: 0x0000000080001F74 (0xFFF44413) xori x8, x8, -0x1                       common_Mexcpt_handler+68
x8 <- 0xFFFFFFFFFFFFFFFF

clint mtime 0x00000000000002D2 (mip.MTI <- 0b1, mip.STI <- 0b0)
mem[X,0x0000000080001F78] -> 0xF4B3
mem[X,0x0000000080001F7A] -> 0x0085
[1444] [M]: 0x0000000080001F78 (0x0085F4B3) and x9, x11, x8                         common_Mexcpt_handler+72
x9 <- 0x0000000000000298

mem[X,0x0000000080001F7C] -> 0x84B3
mem[X,0x0000000080001F7E] -> 0x0024
[1445] [M]: 0x0000000080001F7C (0x002484B3) add x9, x9, x2                          vmem_adj_Mepc+0
x9 <- 0x0000000080005298

clint mtime 0x00000000000002D3 (mip.MTI <- 0b1, mip.STI <- 0b0)
mem[X,0x0000000080001F80] -> 0x23F3
mem[X,0x0000000080001F82] -> 0x3410
[1446] [M]: 0x0000000080001F80 (0x341023F3) csrrs x7, mepc, x0                      vmem_adj_Mepc+4
CSR mepc (0x341) -> 0x0000030080000EB4
x7 <- 0x0000030080000EB4

mem[X,0x0000000080001F84] -> 0x0413
mem[X,0x0000000080001F86] -> 0x0004
[1447] [M]: 0x0000000080001F84 (0x00040413) addi x8, x8, 0x0                        vmem_adj_Mepc+8
x8 <- 0xFFFFFFFFFFFFFFFF

clint mtime 0x00000000000002D4 (mip.MTI <- 0b1, mip.STI <- 0b0)
mem[X,0x0000000080001F88] -> 0x006F
mem[X,0x0000000080001F8A] -> 0x0400
[1448] [M]: 0x0000000080001F88 (0x0400006F) jal x0, 0x40                            vmem_adj_Mepc+12

mem[X,0x0000000080001FC8] -> 0x8433
mem[X,0x0000000080001FCA] -> 0x4083
[1449] [M]: 0x0000000080001FC8 (0x40838433) sub x8, x7, x8                          adj_Mepc+0
x8 <- 0x0000030080000EB5

clint mtime 0x00000000000002D5 (mip.MTI <- 0b1, mip.STI <- 0b0)
mem[X,0x0000000080001FCC] -> 0x3823
mem[X,0x0000000080001FCE] -> 0x0083
[1450] [M]: 0x0000000080001FCC (0x00833823) sd x8, 0x10(x6)                         sv_Mepc+0
mem[W,0x000000008000A5E8] <- 0x0000030080000EB5

mem[X,0x0000000080001FD0] -> 0x55B7
mem[X,0x0000000080001FD2] -> 0x0000
[1451] [M]: 0x0000000080001FD0 (0x000055B7) lui x11, 0x5                            sv_Mepc+4
x11 <- 0x0000000000005000

clint mtime 0x00000000000002D6 (mip.MTI <- 0b1, mip.STI <- 0b0)
mem[X,0x0000000080001FD4] -> 0x8593
mem[X,0x0000000080001FD6] -> 0x6675
[1452] [M]: 0x0000000080001FD4 (0x66758593) addi x11, x11, 0x667                    sv_Mepc+8
x11 <- 0x0000000000005667

mem[X,0x0000000080001FD8] -> 0x9593
mem[X,0x0000000080001FDA] -> 0x0015
[1453] [M]: 0x0000000080001FD8 (0x00159593) slli x11, x11, 0x1                      sv_Mepc+12
x11 <- 0x000000000000ACCE

clint mtime 0x00000000000002D7 (mip.MTI <- 0b1, mip.STI <- 0b0)
mem[X,0x0000000080001FDC] -> 0x9063
mem[X,0x0000000080001FDE] -> 0x02B1
[1454] [M]: 0x0000000080001FDC (0x02B19063) bne x3, x11, 0x20                       sv_Mepc+16

mem[X,0x0000000080001FE0] -> 0x2473
mem[X,0x0000000080001FE2] -> 0x3420
[1455] [M]: 0x0000000080001FE0 (0x34202473) csrrs x8, mcause, x0                    sv_Mepc+20
CSR mcause (0x342) -> 0x000000000000000F
x8 <- 0x000000000000000F

clint mtime 0x00000000000002D8 (mip.MTI <- 0b1, mip.STI <- 0b0)
mem[X,0x0000000080001FE4] -> 0x0593
mem[X,0x0000000080001FE6] -> 0x00C0
[1456] [M]: 0x0000000080001FE4 (0x00C00593) addi x11, x0, 0xc                       sv_Mepc+24
x11 <- 0x000000000000000C

mem[X,0x0000000080001FE8] -> 0x0663
mem[X,0x0000000080001FEA] -> 0x00B4
[1457] [M]: 0x0000000080001FE8 (0x00B40663) beq x8, x11, 0xc                        sv_Mepc+28

clint mtime 0x00000000000002D9 (mip.MTI <- 0b1, mip.STI <- 0b0)
mem[X,0x0000000080001FEC] -> 0x0593
mem[X,0x0000000080001FEE] -> 0x0010
[1458] [M]: 0x0000000080001FEC (0x00100593) addi x11, x0, 0x1                       sv_Mepc+32
x11 <- 0x0000000000000001

mem[X,0x0000000080001FF0] -> 0x1663
mem[X,0x0000000080001FF2] -> 0x00B4
[1459] [M]: 0x0000000080001FF0 (0x00B41663) bne x8, x11, 0xc                        sv_Mepc+36

clint mtime 0x00000000000002DA (mip.MTI <- 0b1, mip.STI <- 0b0)
mem[X,0x0000000080001FFC] -> 0xF593
mem[X,0x0000000080001FFE] -> 0xFFC3
[1460] [M]: 0x0000000080001FFC (0xFFC3F593) andi x11, x7, -0x4                      adj_Mepc_rtn+0
x11 <- 0x0000030080000EB4

mem[X,0x0000000080002000] -> 0x8593
mem[X,0x0000000080002002] -> 0x0085
[1461] [M]: 0x0000000080002000 (0x00858593) addi x11, x11, 0x8                      adj_Mepc_rtn+4
x11 <- 0x0000030080000EBC

clint mtime 0x00000000000002DB (mip.MTI <- 0b1, mip.STI <- 0b0)
mem[X,0x0000000080002004] -> 0x9073
mem[X,0x0000000080002006] -> 0x3415
[1462] [M]: 0x0000000080002004 (0x34159073) csrrw x0, mepc, x11                     adj_Mepc_rtn+8
CSR mepc (0x341) <- 0x0000030080000EBC

mem[X,0x0000000080002008] -> 0x23F3
mem[X,0x000000008000200A] -> 0x3430
[1463] [M]: 0x0000000080002008 (0x343023F3) csrrs x7, mtval, x0                     skp_adj_Mepc+0
CSR mtval (0x343) -> 0x0000028000000414
x7 <- 0x0000028000000414

clint mtime 0x00000000000002DC (mip.MTI <- 0b1, mip.STI <- 0b0)
mem[X,0x000000008000200C] -> 0x0413
mem[X,0x000000008000200E] -> 0x0004
[1464] [M]: 0x000000008000200C (0x00040413) addi x8, x8, 0x0                        skp_adj_Mepc+4
x8 <- 0x000000000000000F

mem[X,0x0000000080002010] -> 0x006F
mem[X,0x0000000080002012] -> 0x0840
[1465] [M]: 0x0000000080002010 (0x0840006F) jal x0, 0x84                            skp_adj_Mepc+8

clint mtime 0x00000000000002DD (mip.MTI <- 0b1, mip.STI <- 0b0)
mem[X,0x0000000080002094] -> 0x8433
mem[X,0x0000000080002096] -> 0x4083
[1466] [M]: 0x0000000080002094 (0x40838433) sub x8, x7, x8                          adj_Mtval+0
x8 <- 0x0000028000000405

mem[X,0x0000000080002098] -> 0x3C23
mem[X,0x000000008000209A] -> 0x0083
[1467] [M]: 0x0000000080002098 (0x00833C23) sd x8, 0x18(x6)                         sv_Mtval+0
mem[W,0x000000008000A5F0] <- 0x0000028000000405

clint mtime 0x00000000000002DE (mip.MTI <- 0b1, mip.STI <- 0b0)
mem[X,0x000000008000209C] -> 0x3483
mem[X,0x000000008000209E] -> 0x2181
[1468] [M]: 0x000000008000209C (0x21813483) ld x9, 0x218(x2)                        skp_Mtval+0
mem[R,0x0000000080005218] -> 0x000000008000A5F8
x9 <- 0x000000008000A5F8

mem[X,0x00000000800020A0] -> 0x3383
mem[X,0x00000000800020A2] -> 0x1F81
[1469] [M]: 0x00000000800020A0 (0x1F813383) ld x7, 0x1f8(x2)                        skp_Mtval+4
mem[R,0x00000000800051F8] -> 0x000000008000A110
x7 <- 0x000000008000A110

clint mtime 0x00000000000002DF (mip.MTI <- 0b1, mip.STI <- 0b0)
mem[X,0x00000000800020A4] -> 0x3303
mem[X,0x00000000800020A6] -> 0x2001
[1470] [M]: 0x00000000800020A4 (0x20013303) ld x6, 0x200(x2)                        skp_Mtval+8
mem[R,0x0000000080005200] -> 0x0000000000000610
x6 <- 0x0000000000000610

mem[X,0x00000000800020A8] -> 0x0333
mem[X,0x00000000800020AA] -> 0x0073
[1471] [M]: 0x00000000800020A8 (0x00730333) add x6, x6, x7                          skp_Mtval+12
x6 <- 0x000000008000A720

clint mtime 0x00000000000002E0 (mip.MTI <- 0b1, mip.STI <- 0b0)
mem[X,0x00000000800020AC] -> 0x6AE3
mem[X,0x00000000800020AE] -> 0xAE93
[1472] [M]: 0x00000000800020AC (0xAE936AE3) bltu x6, x9, -0x50c                     skp_Mtval+16

mem[X,0x00000000800020B0] -> 0x0393
mem[X,0x00000000800020B2] -> 0x2000
[1473] [M]: 0x00000000800020B0 (0x20000393) addi x7, x0, 0x200                      skp_Mtval+20
x7 <- 0x0000000000000200

clint mtime 0x00000000000002E1 (mip.MTI <- 0b1, mip.STI <- 0b0)
mem[X,0x00000000800020B4] -> 0x006F
mem[X,0x00000000800020B6] -> 0x0400
[1474] [M]: 0x00000000800020B4 (0x0400006F) jal x0, 0x40                            skp_Mtval+24

mem[X,0x00000000800020F4] -> 0x0417
mem[X,0x00000000800020F6] -> 0x0000
[1475] [M]: 0x00000000800020F4 (0x00000417) auipc x8, 0x0                           spcl_Mhandler+0
x8 <- 0x00000000800020F4

clint mtime 0x00000000000002E2 (mip.MTI <- 0b1, mip.STI <- 0b0)
mem[X,0x00000000800020F8] -> 0x0413
mem[X,0x00000000800020FA] -> 0x03C4
[1476] [M]: 0x00000000800020F8 (0x03C40413) addi x8, x8, 0x3c                       spcl_Mhandler+4
x8 <- 0x0000000080002130

mem[X,0x00000000800020FC] -> 0x0433
mem[X,0x00000000800020FE] -> 0x0074
[1477] [M]: 0x00000000800020FC (0x00740433) add x8, x8, x7                          spcl_Mhandler+8
x8 <- 0x0000000080002330

clint mtime 0x00000000000002E3 (mip.MTI <- 0b1, mip.STI <- 0b0)
mem[X,0x0000000080002100] -> 0x1393
mem[X,0x0000000080002102] -> 0x0035
[1478] [M]: 0x0000000080002100 (0x00351393) slli x7, x10, 0x3                       spcl_Mhandler+12
x7 <- 0x0000000000000078

mem[X,0x0000000080002104] -> 0x0433
mem[X,0x0000000080002106] -> 0x0074
[1479] [M]: 0x0000000080002104 (0x00740433) add x8, x8, x7                          spcl_Mhandler+16
x8 <- 0x00000000800023A8

clint mtime 0x00000000000002E4 (mip.MTI <- 0b1, mip.STI <- 0b0)
mem[X,0x0000000080002108] -> 0x7413
mem[X,0x000000008000210A] -> 0xFF84
[1480] [M]: 0x0000000080002108 (0xFF847413) andi x8, x8, -0x8                       spcl_Mhandler+20
x8 <- 0x00000000800023A8

mem[X,0x000000008000210C] -> 0x3403
mem[X,0x000000008000210E] -> 0x0004
[1481] [M]: 0x000000008000210C (0x00043403) ld x8, 0x0(x8)                          spcl_Mhandler+24
mem[R,0x00000000800023A8] -> 0x000000000000001F
x8 <- 0x000000000000001F

clint mtime 0x00000000000002E5 (mip.MTI <- 0b1, mip.STI <- 0b0)
mem[X,0x0000000080002110] -> 0x02E3
mem[X,0x0000000080002112] -> 0xB204
[1482] [M]: 0x0000000080002110 (0xB20402E3) beq x8, x0, -0x4dc                      spcl_Mdispatch_hndling+0

mem[X,0x0000000080002114] -> 0x1393
mem[X,0x0000000080002116] -> 0x03F4
[1483] [M]: 0x0000000080002114 (0x03F41393) slli x7, x8, 0x3f                       spcl_Mdispatch_hndling+4
x7 <- 0x8000000000000000

clint mtime 0x00000000000002E6 (mip.MTI <- 0b1, mip.STI <- 0b0)
mem[X,0x0000000080002118] -> 0xD863
mem[X,0x000000008000211A] -> 0x0003
[1484] [M]: 0x0000000080002118 (0x0003D863) bge x7, x0, 0x10                        spcl_Mdispatch_hndling+8

mem[X,0x000000008000211C] -> 0x5413
mem[X,0x000000008000211E] -> 0x0014
[1485] [M]: 0x000000008000211C (0x00145413) srli x8, x8, 0x1                        spcl_Mdispatch_hndling+12
x8 <- 0x000000000000000F

clint mtime 0x00000000000002E7 (mip.MTI <- 0b1, mip.STI <- 0b0)
mem[X,0x0000000080002120] -> 0x0CE3
mem[X,0x0000000080002122] -> 0xF885
[1486] [M]: 0x0000000080002120 (0xF8850CE3) beq x10, x8, -0x68                      spcl_Mdispatch_hndling+16

mem[X,0x00000000800020B8] -> 0x3303
mem[X,0x00000000800020BA] -> 0x2601
[1487] [M]: 0x00000000800020B8 (0x26013303) ld x6, 0x260(x2)                        resto_Mrtn+0
mem[R,0x0000000080005260] -> 0xFFFFFFFF7FFFF2CC
x6 <- 0xFFFFFFFF7FFFF2CC

clint mtime 0x00000000000002E8 (mip.MTI <- 0b1, mip.STI <- 0b0)
mem[X,0x00000000800020BC] -> 0x3383
mem[X,0x00000000800020BE] -> 0x2681
[1488] [M]: 0x00000000800020BC (0x26813383) ld x7, 0x268(x2)                        resto_Mrtn+4
mem[R,0x0000000080005268] -> 0x0000000080005000
x7 <- 0x0000000080005000

mem[X,0x00000000800020C0] -> 0x3403
mem[X,0x00000000800020C2] -> 0x2701
[1489] [M]: 0x00000000800020C0 (0x27013403) ld x8, 0x270(x2)                        resto_Mrtn+8
mem[R,0x0000000080005270] -> 0x0000000000007F76
x8 <- 0x0000000000007F76

clint mtime 0x00000000000002E9 (mip.MTI <- 0b1, mip.STI <- 0b0)
mem[X,0x00000000800020C4] -> 0x3483
mem[X,0x00000000800020C6] -> 0x2781
[1490] [M]: 0x00000000800020C4 (0x27813483) ld x9, 0x278(x2)                        resto_Mrtn+12
mem[R,0x0000000080005278] -> 0x0000030000000150
x9 <- 0x0000030000000150

mem[X,0x00000000800020C8] -> 0x3503
mem[X,0x00000000800020CA] -> 0x2801
[1491] [M]: 0x00000000800020C8 (0x28013503) ld x10, 0x280(x2)                       resto_Mrtn+16
mem[R,0x0000000080005280] -> 0x00000000200000C9
x10 <- 0x00000000200000C9

clint mtime 0x00000000000002EA (mip.MTI <- 0b1, mip.STI <- 0b0)
mem[X,0x00000000800020CC] -> 0x3583
mem[X,0x00000000800020CE] -> 0x2881
[1492] [M]: 0x00000000800020CC (0x28813583) ld x11, 0x288(x2)                       resto_Mrtn+20
mem[R,0x0000000080005288] -> 0x00000000000000C9
x11 <- 0x00000000000000C9

mem[X,0x00000000800020D0] -> 0x3103
mem[X,0x00000000800020D2] -> 0x2901
[1493] [M]: 0x00000000800020D0 (0x29013103) ld x2, 0x290(x2)                        resto_Mrtn+24
mem[R,0x0000000080005290] -> 0x0000000000000000
x2 <- 0x0000000000000000

clint mtime 0x00000000000002EB (mip.MTI <- 0b1, mip.STI <- 0b0)
mem[X,0x00000000800020D4] -> 0x0073
mem[X,0x00000000800020D6] -> 0x3020
[1494] [M]: 0x00000000800020D4 (0x30200073) mret                                    resto_Mrtn+28
CSR mstatus (0x300) <- 0x0000000A00000080
ret-ing from M to S

mem[X,0x0000000080000EBC] -> 0xA703
mem[X,0x0000000080000EBE] -> 0x0147
[1495] [S]: 0x0000030080000EBC (0x0147A703) lw x14, 0x14(x15)                       va_rvtest_code_begin+1792
PTW: Start, vpn=0x28000000, access_type=R, privilege=Smem[R,0x0000000080009028] -> 0x0000000020002001
PTW: Step, level=3, pte=0x20002001, pte_addr=0x80009028
PTW: Start, vpn=0x28000000, access_type=R, privilege=Smem[R,0x0000000080008000] -> 0x00000000200000C9
PTW: Step, level=2, pte=0x200000C9, pte_addr=0x80008000
PTW: failed, error=no-permission, level=2, pte_addr=0x80008000
trapping from S to M to handle load-page-fault
handling exc#load-page-fault at priv M with tval 0x0000028000000414
CSR mstatus (0x300) <- 0x0000000A00000800
CSR mcause (0x342) <- 0x000000000000000D
CSR mtval (0x343) <- 0x0000028000000414
CSR mepc (0x341) <- 0x0000030080000EBC

clint mtime 0x00000000000002EC (mip.MTI <- 0b1, mip.STI <- 0b0)
mem[X,0x0000000080001C80] -> 0x006F
mem[X,0x0000000080001C82] -> 0x1000
[1496] [M]: 0x0000000080001C80 (0x1000006F) jal x0, 0x100                           Mtrampoline+0

mem[X,0x0000000080001D80] -> 0x1173
mem[X,0x0000000080001D82] -> 0x3401
[1497] [M]: 0x0000000080001D80 (0x34011173) csrrw x2, mscratch, x2                  trap_Mhandler+0
CSR mscratch (0x340) <- 0x0000000000000000
x2 <- 0x0000000080005000

clint mtime 0x00000000000002ED (mip.MTI <- 0b1, mip.STI <- 0b0)
mem[X,0x0000000080001D84] -> 0x3423
mem[X,0x0000000080001D86] -> 0x28B1
[1498] [M]: 0x0000000080001D84 (0x28B13423) sd x11, 0x288(x2)                       trap_Mhandler+4
mem[W,0x0000000080005288] <- 0x00000000000000C9

mem[X,0x0000000080001D88] -> 0x05EF
mem[X,0x0000000080001D8A] -> 0x0B80
[1499] [M]: 0x0000000080001D88 (0x0B8005EF) jal x11, 0xb8                           trap_Mhandler+8
x11 <- 0x0000000080001D8C

clint mtime 0x00000000000002EE (mip.MTI <- 0b1, mip.STI <- 0b0)
mem[X,0x0000000080001E40] -> 0x3023
mem[X,0x0000000080001E42] -> 0x28A1
[1500] [M]: 0x0000000080001E40 (0x28A13023) sd x10, 0x280(x2)                       common_Mhandler+0
mem[W,0x0000000080005280] <- 0x00000000200000C9

mem[X,0x0000000080001E44] -> 0x1573
mem[X,0x0000000080001E46] -> 0x3401
[1501] [M]: 0x0000000080001E44 (0x34011573) csrrw x10, mscratch, x2                 common_Mhandler+4
CSR mscratch (0x340) <- 0x0000000080005000
x10 <- 0x0000000000000000

clint mtime 0x00000000000002EF (mip.MTI <- 0b1, mip.STI <- 0b0)
mem[X,0x0000000080001E48] -> 0x3823
mem[X,0x0000000080001E4A] -> 0x28A1
[1502] [M]: 0x0000000080001E48 (0x28A13823) sd x10, 0x290(x2)                       common_Mhandler+8
mem[W,0x0000000080005290] <- 0x0000000000000000

mem[X,0x0000000080001E4C] -> 0x3503
mem[X,0x0000000080001E4E] -> 0x2301
[1503] [M]: 0x0000000080001E4C (0x23013503) ld x10, 0x230(x2)                       common_Mhandler+12
mem[R,0x0000000080005230] -> 0x0000000080001E54
x10 <- 0x0000000080001E54

clint mtime 0x00000000000002F0 (mip.MTI <- 0b1, mip.STI <- 0b0)
mem[X,0x0000000080001E50] -> 0x0067
mem[X,0x0000000080001E52] -> 0x0005
[1504] [M]: 0x0000000080001E50 (0x00050067) jalr x0, 0x0(x10)                       common_Mhandler+16

mem[X,0x0000000080001E54] -> 0x3C23
mem[X,0x0000000080001E56] -> 0x2691
[1505] [M]: 0x0000000080001E54 (0x26913C23) sd x9, 0x278(x2)                        common_Mentry+0
mem[W,0x0000000080005278] <- 0x0000030000000150

clint mtime 0x00000000000002F1 (mip.MTI <- 0b1, mip.STI <- 0b0)
mem[X,0x0000000080001E58] -> 0x3823
mem[X,0x0000000080001E5A] -> 0x2681
[1506] [M]: 0x0000000080001E58 (0x26813823) sd x8, 0x270(x2)                        common_Mentry+4
mem[W,0x0000000080005270] <- 0x0000000000007F76

mem[X,0x0000000080001E5C] -> 0x3423
mem[X,0x0000000080001E5E] -> 0x2671
[1507] [M]: 0x0000000080001E5C (0x26713423) sd x7, 0x268(x2)                        common_Mentry+8
mem[W,0x0000000080005268] <- 0x0000000080005000

clint mtime 0x00000000000002F2 (mip.MTI <- 0b1, mip.STI <- 0b0)
mem[X,0x0000000080001E60] -> 0x3023
mem[X,0x0000000080001E62] -> 0x2661
[1508] [M]: 0x0000000080001E60 (0x26613023) sd x6, 0x260(x2)                        common_Mentry+12
mem[W,0x0000000080005260] <- 0xFFFFFFFF7FFFF2CC

mem[X,0x0000000080001E64] -> 0x2573
mem[X,0x0000000080001E66] -> 0x3420
[1509] [M]: 0x0000000080001E64 (0x34202573) csrrs x10, mcause, x0                   spcl_M2mmode_test+0
CSR mcause (0x342) -> 0x000000000000000D
x10 <- 0x000000000000000D

clint mtime 0x00000000000002F3 (mip.MTI <- 0b1, mip.STI <- 0b0)
mem[X,0x0000000080001E68] -> 0x04B7
mem[X,0x0000000080001E6A] -> 0x8000
[1510] [M]: 0x0000000080001E68 (0x800004B7) lui x9, -0x80000                        spcl_M2mmode_test+4
x9 <- 0xFFFFFFFF80000000

mem[X,0x0000000080001E6C] -> 0x8493
mem[X,0x0000000080001E6E] -> 0x0004
[1511] [M]: 0x0000000080001E6C (0x00048493) addi x9, x9, 0x0                        spcl_M2mmode_test+8
x9 <- 0xFFFFFFFF80000000

clint mtime 0x00000000000002F4 (mip.MTI <- 0b1, mip.STI <- 0b0)
mem[X,0x0000000080001E70] -> 0x9493
mem[X,0x0000000080001E72] -> 0x00B4
[1512] [M]: 0x0000000080001E70 (0x00B49493) slli x9, x9, 0xb                        spcl_M2mmode_test+12
x9 <- 0xFFFFFC0000000000

mem[X,0x0000000080001E74] -> 0x8493
mem[X,0x0000000080001E76] -> 0x0004
[1513] [M]: 0x0000000080001E74 (0x00048493) addi x9, x9, 0x0                        spcl_M2mmode_test+16
x9 <- 0xFFFFFC0000000000

clint mtime 0x00000000000002F5 (mip.MTI <- 0b1, mip.STI <- 0b0)
mem[X,0x0000000080001E78] -> 0x9493
mem[X,0x0000000080001E7A] -> 0x00B4
[1514] [M]: 0x0000000080001E78 (0x00B49493) slli x9, x9, 0xb                        spcl_M2mmode_test+20
x9 <- 0xFFE0000000000000

mem[X,0x0000000080001E7C] -> 0x8493
mem[X,0x0000000080001E7E] -> 0x0034
[1515] [M]: 0x0000000080001E7C (0x00348493) addi x9, x9, 0x3                        spcl_M2mmode_test+24
x9 <- 0xFFE0000000000003

clint mtime 0x00000000000002F6 (mip.MTI <- 0b1, mip.STI <- 0b0)
mem[X,0x0000000080001E80] -> 0x9493
mem[X,0x0000000080001E82] -> 0x00A4
[1516] [M]: 0x0000000080001E80 (0x00A49493) slli x9, x9, 0xa                        spcl_M2mmode_test+28
x9 <- 0x8000000000000C00

mem[X,0x0000000080001E84] -> 0x8493
mem[X,0x0000000080001E86] -> 0x3FC4
[1517] [M]: 0x0000000080001E84 (0x3FC48493) addi x9, x9, 0x3fc                      spcl_M2mmode_test+32
x9 <- 0x8000000000000FFC

clint mtime 0x00000000000002F7 (mip.MTI <- 0b1, mip.STI <- 0b0)
mem[X,0x0000000080001E88] -> 0xF4B3
mem[X,0x0000000080001E8A] -> 0x00A4
[1518] [M]: 0x0000000080001E88 (0x00A4F4B3) and x9, x9, x10                         spcl_M2mmode_test+36
x9 <- 0x000000000000000C

mem[X,0x0000000080001E8C] -> 0x8493
mem[X,0x0000000080001E8E] -> 0xFF84
[1519] [M]: 0x0000000080001E8C (0xFF848493) addi x9, x9, -0x8                       spcl_M2mmode_test+40
x9 <- 0x0000000000000004

clint mtime 0x00000000000002F8 (mip.MTI <- 0b1, mip.STI <- 0b0)
mem[X,0x0000000080001E90] -> 0x9663
mem[X,0x0000000080001E92] -> 0x0004
[1520] [M]: 0x0000000080001E90 (0x00049663) bne x9, x0, 0xc                         spcl_M2mmode_test+44

mem[X,0x0000000080001E9C] -> 0x0393
mem[X,0x0000000080001E9E] -> 0x0200
[1521] [M]: 0x0000000080001E9C (0x02000393) addi x7, x0, 0x20                       Mtrapsig_ptr_upd+0
x7 <- 0x0000000000000020

clint mtime 0x00000000000002F9 (mip.MTI <- 0b1, mip.STI <- 0b0)
mem[X,0x0000000080001EA0] -> 0x5263
mem[X,0x0000000080001EA2] -> 0x0405
[1522] [M]: 0x0000000080001EA0 (0x04055263) bge x10, x0, 0x44                       Mtrapsig_ptr_upd+4

mem[X,0x0000000080001EE4] -> 0x2373
mem[X,0x0000000080001EE6] -> 0x3010
[1523] [M]: 0x0000000080001EE4 (0x30102373) csrrs x6, misa, x0                      Mxcpt_sig_sv+0
CSR misa (0x301) -> 0x800000000034112F
x6 <- 0x800000000034112F

clint mtime 0x00000000000002FA (mip.MTI <- 0b1, mip.STI <- 0b0)
mem[X,0x0000000080001EE8] -> 0x1313
mem[X,0x0000000080001EEA] -> 0x0383
[1524] [M]: 0x0000000080001EE8 (0x03831313) slli x6, x6, 0x38                       Mxcpt_sig_sv+4
x6 <- 0x2F00000000000000

mem[X,0x0000000080001EEC] -> 0x5463
mem[X,0x0000000080001EEE] -> 0x0003
[1525] [M]: 0x0000000080001EEC (0x00035463) bge x6, x0, 0x8                         Mxcpt_sig_sv+8

clint mtime 0x00000000000002FB (mip.MTI <- 0b1, mip.STI <- 0b0)
mem[X,0x0000000080001EF4] -> 0x3303
mem[X,0x0000000080001EF6] -> 0x2181
[1526] [M]: 0x0000000080001EF4 (0x21813303) ld x6, 0x218(x2)                        Mtrap_sig_sv+0
mem[R,0x0000000080005218] -> 0x000000008000A5F8
x6 <- 0x000000008000A5F8

mem[X,0x0000000080001EF8] -> 0x04B3
mem[X,0x0000000080001EFA] -> 0x0073
[1527] [M]: 0x0000000080001EF8 (0x007304B3) add x9, x6, x7                          Mtrap_sig_sv+4
x9 <- 0x000000008000A618

clint mtime 0x00000000000002FC (mip.MTI <- 0b1, mip.STI <- 0b0)
mem[X,0x0000000080001EFC] -> 0x3C23
mem[X,0x0000000080001EFE] -> 0x2091
[1528] [M]: 0x0000000080001EFC (0x20913C23) sd x9, 0x218(x2)                        Mtrap_sig_sv+8
mem[W,0x0000000080005218] <- 0x000000008000A618

mem[X,0x0000000080001F00] -> 0x3403
mem[X,0x0000000080001F02] -> 0x1F81
[1529] [M]: 0x0000000080001F00 (0x1F813403) ld x8, 0x1f8(x2)                        Mtrap_sig_sv+12
mem[R,0x00000000800051F8] -> 0x000000008000A110
x8 <- 0x000000008000A110

clint mtime 0x00000000000002FD (mip.MTI <- 0b1, mip.STI <- 0b0)
mem[X,0x0000000080001F04] -> 0x0333
mem[X,0x0000000080001F06] -> 0x4083
[1530] [M]: 0x0000000080001F04 (0x40830333) sub x6, x6, x8                          Mtrap_sig_sv+16
x6 <- 0x00000000000004E8

mem[X,0x0000000080001F08] -> 0x3403
mem[X,0x0000000080001F0A] -> 0x1F81
[1531] [M]: 0x0000000080001F08 (0x1F813403) ld x8, 0x1f8(x2)                        Mtrap_sig_sv+20
mem[R,0x00000000800051F8] -> 0x000000008000A110
x8 <- 0x000000008000A110

clint mtime 0x00000000000002FE (mip.MTI <- 0b1, mip.STI <- 0b0)
mem[X,0x0000000080001F0C] -> 0x0333
mem[X,0x0000000080001F0E] -> 0x0083
[1532] [M]: 0x0000000080001F0C (0x00830333) add x6, x6, x8                          Mtrap_sig_sv+24
x6 <- 0x000000008000A5F8

mem[X,0x0000000080001F10] -> 0x3403
mem[X,0x0000000080001F12] -> 0x2401
[1533] [M]: 0x0000000080001F10 (0x24013403) ld x8, 0x240(x2)                        Mtrap_sig_sv+28
mem[R,0x0000000080005240] -> 0x0000000080001C80
x8 <- 0x0000000080001C80

clint mtime 0x00000000000002FF (mip.MTI <- 0b1, mip.STI <- 0b0)
mem[X,0x0000000080001F14] -> 0x85B3
mem[X,0x0000000080001F16] -> 0x4085
[1534] [M]: 0x0000000080001F14 (0x408585B3) sub x11, x11, x8                        sv_Mvect+0
x11 <- 0x000000000000010C

mem[X,0x0000000080001F18] -> 0x9593
mem[X,0x0000000080001F1A] -> 0x0045
[1535] [M]: 0x0000000080001F18 (0x00459593) slli x11, x11, 0x4                      sv_Mvect+4
x11 <- 0x00000000000010C0

clint mtime 0x0000000000000300 (mip.MTI <- 0b1, mip.STI <- 0b0)
mem[X,0x0000000080001F1C] -> 0xE5B3
mem[X,0x0000000080001F1E] -> 0x0075
[1536] [M]: 0x0000000080001F1C (0x0075E5B3) or x11, x11, x7                         sv_Mvect+8
x11 <- 0x00000000000010E0

mem[X,0x0000000080001F20] -> 0x8593
mem[X,0x0000000080001F22] -> 0x0035
[1537] [M]: 0x0000000080001F20 (0x00358593) addi x11, x11, 0x3                      sv_Mvect+12
x11 <- 0x00000000000010E3

clint mtime 0x0000000000000301 (mip.MTI <- 0b1, mip.STI <- 0b0)
mem[X,0x0000000080001F24] -> 0x3023
mem[X,0x0000000080001F26] -> 0x00B3
[1538] [M]: 0x0000000080001F24 (0x00B33023) sd x11, 0x0(x6)                         sv_Mvect+16
mem[W,0x000000008000A5F8] <- 0x00000000000010E3

mem[X,0x0000000080001F28] -> 0x3423
mem[X,0x0000000080001F2A] -> 0x00A3
[1539] [M]: 0x0000000080001F28 (0x00A33423) sd x10, 0x8(x6)                         sv_Mcause+0
mem[W,0x000000008000A600] <- 0x000000000000000D

clint mtime 0x0000000000000302 (mip.MTI <- 0b1, mip.STI <- 0b0)
mem[X,0x0000000080001F2C] -> 0x4663
mem[X,0x0000000080001F2E] -> 0x1A05
[1540] [M]: 0x0000000080001F2C (0x1A054663) blt x10, x0, 0x1ac                      sv_Mcause+4

mem[X,0x0000000080001F30] -> 0x25F3
mem[X,0x0000000080001F32] -> 0x3000
[1541] [M]: 0x0000000080001F30 (0x300025F3) csrrs x11, mstatus, x0                  common_Mexcpt_handler+0
CSR mstatus (0x300) -> 0x0000000A00000800
x11 <- 0x0000000A00000800

clint mtime 0x0000000000000303 (mip.MTI <- 0b1, mip.STI <- 0b0)
mem[X,0x0000000080001F34] -> 0x9413
mem[X,0x0000000080001F36] -> 0x02E5
[1542] [M]: 0x0000000080001F34 (0x02E59413) slli x8, x11, 0x2e                      common_Mexcpt_handler+4
x8 <- 0x0200000000000000

mem[X,0x0000000080001F38] -> 0x5463
mem[X,0x0000000080001F3A] -> 0x0004
[1543] [M]: 0x0000000080001F38 (0x00045463) bge x8, x0, 0x8                         common_Mexcpt_handler+8

clint mtime 0x0000000000000304 (mip.MTI <- 0b1, mip.STI <- 0b0)
mem[X,0x0000000080001F40] -> 0xD493
mem[X,0x0000000080001F42] -> 0x00B5
[1544] [M]: 0x0000000080001F40 (0x00B5D493) srli x9, x11, 0xb                       common_Mexcpt_handler+16
x9 <- 0x0000000001400001

mem[X,0x0000000080001F44] -> 0xF493
mem[X,0x0000000080001F46] -> 0x0034
[1545] [M]: 0x0000000080001F44 (0x0034F493) andi x9, x9, 0x3                        common_Mexcpt_handler+20
x9 <- 0x0000000000000001

clint mtime 0x0000000000000305 (mip.MTI <- 0b1, mip.STI <- 0b0)
mem[X,0x0000000080001F48] -> 0x8493
mem[X,0x0000000080001F4A] -> 0x0014
[1546] [M]: 0x0000000080001F48 (0x00148493) addi x9, x9, 0x1                        common_Mexcpt_handler+24
x9 <- 0x0000000000000002

mem[X,0x0000000080001F4C] -> 0xF493
mem[X,0x0000000080001F4E] -> 0x0044
[1547] [M]: 0x0000000080001F4C (0x0044F493) andi x9, x9, 0x4                        common_Mexcpt_handler+28
x9 <- 0x0000000000000000

clint mtime 0x0000000000000306 (mip.MTI <- 0b1, mip.STI <- 0b0)
mem[X,0x0000000080001F50] -> 0x0593
mem[X,0x0000000080001F52] -> 0x05D0
[1548] [M]: 0x0000000080001F50 (0x05D00593) addi x11, x0, 0x5d                      common_Mexcpt_handler+32
x11 <- 0x000000000000005D

mem[X,0x0000000080001F54] -> 0xD5B3
mem[X,0x0000000080001F56] -> 0x0095
[1549] [M]: 0x0000000080001F54 (0x0095D5B3) srl x11, x11, x9                        common_Mexcpt_handler+36
x11 <- 0x000000000000005D

clint mtime 0x0000000000000307 (mip.MTI <- 0b1, mip.STI <- 0b0)
mem[X,0x0000000080001F58] -> 0xF593
mem[X,0x0000000080001F5A] -> 0x0015
[1550] [M]: 0x0000000080001F58 (0x0015F593) andi x11, x11, 0x1                      common_Mexcpt_handler+40
x11 <- 0x0000000000000001

mem[X,0x0000000080001F5C] -> 0x8EE3
mem[X,0x0000000080001F5E] -> 0xF405
[1551] [M]: 0x0000000080001F5C (0xF4058EE3) beq x11, x0, -0xa4                      common_Mexcpt_handler+44

clint mtime 0x0000000000000308 (mip.MTI <- 0b1, mip.STI <- 0b0)
mem[X,0x0000000080001F60] -> 0x0593
mem[X,0x0000000080001F62] -> 0x2980
[1552] [M]: 0x0000000080001F60 (0x29800593) addi x11, x0, 0x298                     common_Mexcpt_handler+48
x11 <- 0x0000000000000298

mem[X,0x0000000080001F64] -> 0xF413
mem[X,0x0000000080001F66] -> 0x0014
[1553] [M]: 0x0000000080001F64 (0x0014F413) andi x8, x9, 0x1                        common_Mexcpt_handler+52
x8 <- 0x0000000000000000

clint mtime 0x0000000000000309 (mip.MTI <- 0b1, mip.STI <- 0b0)
mem[X,0x0000000080001F68] -> 0x95B3
mem[X,0x0000000080001F6A] -> 0x0085
[1554] [M]: 0x0000000080001F68 (0x008595B3) sll x11, x11, x8                        common_Mexcpt_handler+56
x11 <- 0x0000000000000298

mem[X,0x0000000080001F6C] -> 0x9413
mem[X,0x0000000080001F6E] -> 0x03D4
[1555] [M]: 0x0000000080001F6C (0x03D49413) slli x8, x9, 0x3d                       common_Mexcpt_handler+60
x8 <- 0x0000000000000000

clint mtime 0x000000000000030A (mip.MTI <- 0b1, mip.STI <- 0b0)
mem[X,0x0000000080001F70] -> 0x5413
mem[X,0x0000000080001F72] -> 0x43F4
[1556] [M]: 0x0000000080001F70 (0x43F45413) srai x8, x8, 0x3f                       common_Mexcpt_handler+64
x8 <- 0x0000000000000000

mem[X,0x0000000080001F74] -> 0x4413
mem[X,0x0000000080001F76] -> 0xFFF4
[1557] [M]: 0x0000000080001F74 (0xFFF44413) xori x8, x8, -0x1                       common_Mexcpt_handler+68
x8 <- 0xFFFFFFFFFFFFFFFF

clint mtime 0x000000000000030B (mip.MTI <- 0b1, mip.STI <- 0b0)
mem[X,0x0000000080001F78] -> 0xF4B3
mem[X,0x0000000080001F7A] -> 0x0085
[1558] [M]: 0x0000000080001F78 (0x0085F4B3) and x9, x11, x8                         common_Mexcpt_handler+72
x9 <- 0x0000000000000298

mem[X,0x0000000080001F7C] -> 0x84B3
mem[X,0x0000000080001F7E] -> 0x0024
[1559] [M]: 0x0000000080001F7C (0x002484B3) add x9, x9, x2                          vmem_adj_Mepc+0
x9 <- 0x0000000080005298

clint mtime 0x000000000000030C (mip.MTI <- 0b1, mip.STI <- 0b0)
mem[X,0x0000000080001F80] -> 0x23F3
mem[X,0x0000000080001F82] -> 0x3410
[1560] [M]: 0x0000000080001F80 (0x341023F3) csrrs x7, mepc, x0                      vmem_adj_Mepc+4
CSR mepc (0x341) -> 0x0000030080000EBC
x7 <- 0x0000030080000EBC

mem[X,0x0000000080001F84] -> 0x0413
mem[X,0x0000000080001F86] -> 0x0004
[1561] [M]: 0x0000000080001F84 (0x00040413) addi x8, x8, 0x0                        vmem_adj_Mepc+8
x8 <- 0xFFFFFFFFFFFFFFFF

clint mtime 0x000000000000030D (mip.MTI <- 0b1, mip.STI <- 0b0)
mem[X,0x0000000080001F88] -> 0x006F
mem[X,0x0000000080001F8A] -> 0x0400
[1562] [M]: 0x0000000080001F88 (0x0400006F) jal x0, 0x40                            vmem_adj_Mepc+12

mem[X,0x0000000080001FC8] -> 0x8433
mem[X,0x0000000080001FCA] -> 0x4083
[1563] [M]: 0x0000000080001FC8 (0x40838433) sub x8, x7, x8                          adj_Mepc+0
x8 <- 0x0000030080000EBD

clint mtime 0x000000000000030E (mip.MTI <- 0b1, mip.STI <- 0b0)
mem[X,0x0000000080001FCC] -> 0x3823
mem[X,0x0000000080001FCE] -> 0x0083
[1564] [M]: 0x0000000080001FCC (0x00833823) sd x8, 0x10(x6)                         sv_Mepc+0
mem[W,0x000000008000A608] <- 0x0000030080000EBD

mem[X,0x0000000080001FD0] -> 0x55B7
mem[X,0x0000000080001FD2] -> 0x0000
[1565] [M]: 0x0000000080001FD0 (0x000055B7) lui x11, 0x5                            sv_Mepc+4
x11 <- 0x0000000000005000

clint mtime 0x000000000000030F (mip.MTI <- 0b1, mip.STI <- 0b0)
mem[X,0x0000000080001FD4] -> 0x8593
mem[X,0x0000000080001FD6] -> 0x6675
[1566] [M]: 0x0000000080001FD4 (0x66758593) addi x11, x11, 0x667                    sv_Mepc+8
x11 <- 0x0000000000005667

mem[X,0x0000000080001FD8] -> 0x9593
mem[X,0x0000000080001FDA] -> 0x0015
[1567] [M]: 0x0000000080001FD8 (0x00159593) slli x11, x11, 0x1                      sv_Mepc+12
x11 <- 0x000000000000ACCE

clint mtime 0x0000000000000310 (mip.MTI <- 0b1, mip.STI <- 0b0)
mem[X,0x0000000080001FDC] -> 0x9063
mem[X,0x0000000080001FDE] -> 0x02B1
[1568] [M]: 0x0000000080001FDC (0x02B19063) bne x3, x11, 0x20                       sv_Mepc+16

mem[X,0x0000000080001FE0] -> 0x2473
mem[X,0x0000000080001FE2] -> 0x3420
[1569] [M]: 0x0000000080001FE0 (0x34202473) csrrs x8, mcause, x0                    sv_Mepc+20
CSR mcause (0x342) -> 0x000000000000000D
x8 <- 0x000000000000000D

clint mtime 0x0000000000000311 (mip.MTI <- 0b1, mip.STI <- 0b0)
mem[X,0x0000000080001FE4] -> 0x0593
mem[X,0x0000000080001FE6] -> 0x00C0
[1570] [M]: 0x0000000080001FE4 (0x00C00593) addi x11, x0, 0xc                       sv_Mepc+24
x11 <- 0x000000000000000C

mem[X,0x0000000080001FE8] -> 0x0663
mem[X,0x0000000080001FEA] -> 0x00B4
[1571] [M]: 0x0000000080001FE8 (0x00B40663) beq x8, x11, 0xc                        sv_Mepc+28

clint mtime 0x0000000000000312 (mip.MTI <- 0b1, mip.STI <- 0b0)
mem[X,0x0000000080001FEC] -> 0x0593
mem[X,0x0000000080001FEE] -> 0x0010
[1572] [M]: 0x0000000080001FEC (0x00100593) addi x11, x0, 0x1                       sv_Mepc+32
x11 <- 0x0000000000000001

mem[X,0x0000000080001FF0] -> 0x1663
mem[X,0x0000000080001FF2] -> 0x00B4
[1573] [M]: 0x0000000080001FF0 (0x00B41663) bne x8, x11, 0xc                        sv_Mepc+36

clint mtime 0x0000000000000313 (mip.MTI <- 0b1, mip.STI <- 0b0)
mem[X,0x0000000080001FFC] -> 0xF593
mem[X,0x0000000080001FFE] -> 0xFFC3
[1574] [M]: 0x0000000080001FFC (0xFFC3F593) andi x11, x7, -0x4                      adj_Mepc_rtn+0
x11 <- 0x0000030080000EBC

mem[X,0x0000000080002000] -> 0x8593
mem[X,0x0000000080002002] -> 0x0085
[1575] [M]: 0x0000000080002000 (0x00858593) addi x11, x11, 0x8                      adj_Mepc_rtn+4
x11 <- 0x0000030080000EC4

clint mtime 0x0000000000000314 (mip.MTI <- 0b1, mip.STI <- 0b0)
mem[X,0x0000000080002004] -> 0x9073
mem[X,0x0000000080002006] -> 0x3415
[1576] [M]: 0x0000000080002004 (0x34159073) csrrw x0, mepc, x11                     adj_Mepc_rtn+8
CSR mepc (0x341) <- 0x0000030080000EC4

mem[X,0x0000000080002008] -> 0x23F3
mem[X,0x000000008000200A] -> 0x3430
[1577] [M]: 0x0000000080002008 (0x343023F3) csrrs x7, mtval, x0                     skp_adj_Mepc+0
CSR mtval (0x343) -> 0x0000028000000414
x7 <- 0x0000028000000414

clint mtime 0x0000000000000315 (mip.MTI <- 0b1, mip.STI <- 0b0)
mem[X,0x000000008000200C] -> 0x0413
mem[X,0x000000008000200E] -> 0x0004
[1578] [M]: 0x000000008000200C (0x00040413) addi x8, x8, 0x0                        skp_adj_Mepc+4
x8 <- 0x000000000000000D

mem[X,0x0000000080002010] -> 0x006F
mem[X,0x0000000080002012] -> 0x0840
[1579] [M]: 0x0000000080002010 (0x0840006F) jal x0, 0x84                            skp_adj_Mepc+8

clint mtime 0x0000000000000316 (mip.MTI <- 0b1, mip.STI <- 0b0)
mem[X,0x0000000080002094] -> 0x8433
mem[X,0x0000000080002096] -> 0x4083
[1580] [M]: 0x0000000080002094 (0x40838433) sub x8, x7, x8                          adj_Mtval+0
x8 <- 0x0000028000000407

mem[X,0x0000000080002098] -> 0x3C23
mem[X,0x000000008000209A] -> 0x0083
[1581] [M]: 0x0000000080002098 (0x00833C23) sd x8, 0x18(x6)                         sv_Mtval+0
mem[W,0x000000008000A610] <- 0x0000028000000407

clint mtime 0x0000000000000317 (mip.MTI <- 0b1, mip.STI <- 0b0)
mem[X,0x000000008000209C] -> 0x3483
mem[X,0x000000008000209E] -> 0x2181
[1582] [M]: 0x000000008000209C (0x21813483) ld x9, 0x218(x2)                        skp_Mtval+0
mem[R,0x0000000080005218] -> 0x000000008000A618
x9 <- 0x000000008000A618

mem[X,0x00000000800020A0] -> 0x3383
mem[X,0x00000000800020A2] -> 0x1F81
[1583] [M]: 0x00000000800020A0 (0x1F813383) ld x7, 0x1f8(x2)                        skp_Mtval+4
mem[R,0x00000000800051F8] -> 0x000000008000A110
x7 <- 0x000000008000A110

clint mtime 0x0000000000000318 (mip.MTI <- 0b1, mip.STI <- 0b0)
mem[X,0x00000000800020A4] -> 0x3303
mem[X,0x00000000800020A6] -> 0x2001
[1584] [M]: 0x00000000800020A4 (0x20013303) ld x6, 0x200(x2)                        skp_Mtval+8
mem[R,0x0000000080005200] -> 0x0000000000000610
x6 <- 0x0000000000000610

mem[X,0x00000000800020A8] -> 0x0333
mem[X,0x00000000800020AA] -> 0x0073
[1585] [M]: 0x00000000800020A8 (0x00730333) add x6, x6, x7                          skp_Mtval+12
x6 <- 0x000000008000A720

clint mtime 0x0000000000000319 (mip.MTI <- 0b1, mip.STI <- 0b0)
mem[X,0x00000000800020AC] -> 0x6AE3
mem[X,0x00000000800020AE] -> 0xAE93
[1586] [M]: 0x00000000800020AC (0xAE936AE3) bltu x6, x9, -0x50c                     skp_Mtval+16

mem[X,0x00000000800020B0] -> 0x0393
mem[X,0x00000000800020B2] -> 0x2000
[1587] [M]: 0x00000000800020B0 (0x20000393) addi x7, x0, 0x200                      skp_Mtval+20
x7 <- 0x0000000000000200

clint mtime 0x000000000000031A (mip.MTI <- 0b1, mip.STI <- 0b0)
mem[X,0x00000000800020B4] -> 0x006F
mem[X,0x00000000800020B6] -> 0x0400
[1588] [M]: 0x00000000800020B4 (0x0400006F) jal x0, 0x40                            skp_Mtval+24

mem[X,0x00000000800020F4] -> 0x0417
mem[X,0x00000000800020F6] -> 0x0000
[1589] [M]: 0x00000000800020F4 (0x00000417) auipc x8, 0x0                           spcl_Mhandler+0
x8 <- 0x00000000800020F4

clint mtime 0x000000000000031B (mip.MTI <- 0b1, mip.STI <- 0b0)
mem[X,0x00000000800020F8] -> 0x0413
mem[X,0x00000000800020FA] -> 0x03C4
[1590] [M]: 0x00000000800020F8 (0x03C40413) addi x8, x8, 0x3c                       spcl_Mhandler+4
x8 <- 0x0000000080002130

mem[X,0x00000000800020FC] -> 0x0433
mem[X,0x00000000800020FE] -> 0x0074
[1591] [M]: 0x00000000800020FC (0x00740433) add x8, x8, x7                          spcl_Mhandler+8
x8 <- 0x0000000080002330

clint mtime 0x000000000000031C (mip.MTI <- 0b1, mip.STI <- 0b0)
mem[X,0x0000000080002100] -> 0x1393
mem[X,0x0000000080002102] -> 0x0035
[1592] [M]: 0x0000000080002100 (0x00351393) slli x7, x10, 0x3                       spcl_Mhandler+12
x7 <- 0x0000000000000068

mem[X,0x0000000080002104] -> 0x0433
mem[X,0x0000000080002106] -> 0x0074
[1593] [M]: 0x0000000080002104 (0x00740433) add x8, x8, x7                          spcl_Mhandler+16
x8 <- 0x0000000080002398

clint mtime 0x000000000000031D (mip.MTI <- 0b1, mip.STI <- 0b0)
mem[X,0x0000000080002108] -> 0x7413
mem[X,0x000000008000210A] -> 0xFF84
[1594] [M]: 0x0000000080002108 (0xFF847413) andi x8, x8, -0x8                       spcl_Mhandler+20
x8 <- 0x0000000080002398

mem[X,0x000000008000210C] -> 0x3403
mem[X,0x000000008000210E] -> 0x0004
[1595] [M]: 0x000000008000210C (0x00043403) ld x8, 0x0(x8)                          spcl_Mhandler+24
mem[R,0x0000000080002398] -> 0x000000000000001B
x8 <- 0x000000000000001B

clint mtime 0x000000000000031E (mip.MTI <- 0b1, mip.STI <- 0b0)
mem[X,0x0000000080002110] -> 0x02E3
mem[X,0x0000000080002112] -> 0xB204
[1596] [M]: 0x0000000080002110 (0xB20402E3) beq x8, x0, -0x4dc                      spcl_Mdispatch_hndling+0

mem[X,0x0000000080002114] -> 0x1393
mem[X,0x0000000080002116] -> 0x03F4
[1597] [M]: 0x0000000080002114 (0x03F41393) slli x7, x8, 0x3f                       spcl_Mdispatch_hndling+4
x7 <- 0x8000000000000000

clint mtime 0x000000000000031F (mip.MTI <- 0b1, mip.STI <- 0b0)
mem[X,0x0000000080002118] -> 0xD863
mem[X,0x000000008000211A] -> 0x0003
[1598] [M]: 0x0000000080002118 (0x0003D863) bge x7, x0, 0x10                        spcl_Mdispatch_hndling+8

mem[X,0x000000008000211C] -> 0x5413
mem[X,0x000000008000211E] -> 0x0014
[1599] [M]: 0x000000008000211C (0x00145413) srli x8, x8, 0x1                        spcl_Mdispatch_hndling+12
x8 <- 0x000000000000000D

clint mtime 0x0000000000000320 (mip.MTI <- 0b1, mip.STI <- 0b0)
mem[X,0x0000000080002120] -> 0x0CE3
mem[X,0x0000000080002122] -> 0xF885
[1600] [M]: 0x0000000080002120 (0xF8850CE3) beq x10, x8, -0x68                      spcl_Mdispatch_hndling+16

mem[X,0x00000000800020B8] -> 0x3303
mem[X,0x00000000800020BA] -> 0x2601
[1601] [M]: 0x00000000800020B8 (0x26013303) ld x6, 0x260(x2)                        resto_Mrtn+0
mem[R,0x0000000080005260] -> 0xFFFFFFFF7FFFF2CC
x6 <- 0xFFFFFFFF7FFFF2CC

clint mtime 0x0000000000000321 (mip.MTI <- 0b1, mip.STI <- 0b0)
mem[X,0x00000000800020BC] -> 0x3383
mem[X,0x00000000800020BE] -> 0x2681
[1602] [M]: 0x00000000800020BC (0x26813383) ld x7, 0x268(x2)                        resto_Mrtn+4
mem[R,0x0000000080005268] -> 0x0000000080005000
x7 <- 0x0000000080005000

mem[X,0x00000000800020C0] -> 0x3403
mem[X,0x00000000800020C2] -> 0x2701
[1603] [M]: 0x00000000800020C0 (0x27013403) ld x8, 0x270(x2)                        resto_Mrtn+8
mem[R,0x0000000080005270] -> 0x0000000000007F76
x8 <- 0x0000000000007F76

clint mtime 0x0000000000000322 (mip.MTI <- 0b1, mip.STI <- 0b0)
mem[X,0x00000000800020C4] -> 0x3483
mem[X,0x00000000800020C6] -> 0x2781
[1604] [M]: 0x00000000800020C4 (0x27813483) ld x9, 0x278(x2)                        resto_Mrtn+12
mem[R,0x0000000080005278] -> 0x0000030000000150
x9 <- 0x0000030000000150

mem[X,0x00000000800020C8] -> 0x3503
mem[X,0x00000000800020CA] -> 0x2801
[1605] [M]: 0x00000000800020C8 (0x28013503) ld x10, 0x280(x2)                       resto_Mrtn+16
mem[R,0x0000000080005280] -> 0x00000000200000C9
x10 <- 0x00000000200000C9

clint mtime 0x0000000000000323 (mip.MTI <- 0b1, mip.STI <- 0b0)
mem[X,0x00000000800020CC] -> 0x3583
mem[X,0x00000000800020CE] -> 0x2881
[1606] [M]: 0x00000000800020CC (0x28813583) ld x11, 0x288(x2)                       resto_Mrtn+20
mem[R,0x0000000080005288] -> 0x00000000000000C9
x11 <- 0x00000000000000C9

mem[X,0x00000000800020D0] -> 0x3103
mem[X,0x00000000800020D2] -> 0x2901
[1607] [M]: 0x00000000800020D0 (0x29013103) ld x2, 0x290(x2)                        resto_Mrtn+24
mem[R,0x0000000080005290] -> 0x0000000000000000
x2 <- 0x0000000000000000

clint mtime 0x0000000000000324 (mip.MTI <- 0b1, mip.STI <- 0b0)
mem[X,0x00000000800020D4] -> 0x0073
mem[X,0x00000000800020D6] -> 0x3020
[1608] [M]: 0x00000000800020D4 (0x30200073) mret                                    resto_Mrtn+28
CSR mstatus (0x300) <- 0x0000000A00000080
ret-ing from M to S

mem[X,0x0000000080000EC4] -> 0x51B7
mem[X,0x0000000080000EC6] -> 0x0000
[1609] [S]: 0x0000030080000EC4 (0x000051B7) lui x3, 0x5                             va_rvtest_code_begin+1800
x3 <- 0x0000000000005000

clint mtime 0x0000000000000325 (mip.MTI <- 0b1, mip.STI <- 0b0)
mem[X,0x0000000080000EC8] -> 0x8193
mem[X,0x0000000080000ECA] -> 0x6671
[1610] [S]: 0x0000030080000EC8 (0x66718193) addi x3, x3, 0x667                      va_rvtest_code_begin+1804
x3 <- 0x0000000000005667

mem[X,0x0000000080000ECC] -> 0x9193
mem[X,0x0000000080000ECE] -> 0x0011
[1611] [S]: 0x0000030080000ECC (0x00119193) slli x3, x3, 0x1                        va_rvtest_code_begin+1808
x3 <- 0x000000000000ACCE

clint mtime 0x0000000000000326 (mip.MTI <- 0b1, mip.STI <- 0b0)
mem[X,0x0000000080000ED0] -> 0x0013
mem[X,0x0000000080000ED2] -> 0x0000
[1612] [S]: 0x0000030080000ED0 (0x00000013) addi x0, x0, 0x0                        va_rvtest_code_begin+1812

mem[X,0x0000000080000ED4] -> 0x0013
mem[X,0x0000000080000ED6] -> 0x0000
[1613] [S]: 0x0000030080000ED4 (0x00000013) addi x0, x0, 0x0                        va_rvtest_code_begin+1816

clint mtime 0x0000000000000327 (mip.MTI <- 0b1, mip.STI <- 0b0)
mem[X,0x0000000080000ED8] -> 0x0013
mem[X,0x0000000080000EDA] -> 0x0000
[1614] [S]: 0x0000030080000ED8 (0x00000013) addi x0, x0, 0x0                        va_rvtest_code_begin+1820

mem[X,0x0000000080000EDC] -> 0x0013
mem[X,0x0000000080000EDE] -> 0x0000
[1615] [S]: 0x0000030080000EDC (0x00000013) addi x0, x0, 0x0                        va_rvtest_code_begin+1824

clint mtime 0x0000000000000328 (mip.MTI <- 0b1, mip.STI <- 0b0)
mem[X,0x0000000080000EE0] -> 0x0217
mem[X,0x0000000080000EE2] -> 0x0000
[1616] [S]: 0x0000030080000EE0 (0x00000217) auipc x4, 0x0                           va_rvtest_code_begin+1828
x4 <- 0x0000030080000EE0

mem[X,0x0000000080000EE4] -> 0x0213
mem[X,0x0000000080000EE6] -> 0x02C2
[1617] [S]: 0x0000030080000EE4 (0x02C20213) addi x4, x4, 0x2c                       va_rvtest_code_begin+1832
x4 <- 0x0000030080000F0C

clint mtime 0x0000000000000329 (mip.MTI <- 0b1, mip.STI <- 0b0)
mem[X,0x0000000080000EE8] -> 0x0001
[1618] [S]: 0x0000030080000EE8 (0x0001) c.nop                                       va_rvtest_code_begin+1836

mem[X,0x0000000080000EEA] -> 0x0013
mem[X,0x0000000080000EEC] -> 0x0000
[1619] [S]: 0x0000030080000EEA (0x00000013) addi x0, x0, 0x0                        va_rvtest_code_begin+1838

clint mtime 0x000000000000032A (mip.MTI <- 0b1, mip.STI <- 0b0)
mem[X,0x0000000080000EEE] -> 0x0013
mem[X,0x0000000080000EF0] -> 0x0000
[1620] [S]: 0x0000030080000EEE (0x00000013) addi x0, x0, 0x0                        va_rvtest_code_begin+1842

mem[X,0x0000000080000EF2] -> 0x0013
mem[X,0x0000000080000EF4] -> 0x0000
[1621] [S]: 0x0000030080000EF2 (0x00000013) addi x0, x0, 0x0                        va_rvtest_code_begin+1846

clint mtime 0x000000000000032B (mip.MTI <- 0b1, mip.STI <- 0b0)
mem[X,0x0000000080000EF6] -> 0x0013
mem[X,0x0000000080000EF8] -> 0x0000
[1622] [S]: 0x0000030080000EF6 (0x00000013) addi x0, x0, 0x0                        va_rvtest_code_begin+1850

mem[X,0x0000000080000EFA] -> 0x0013
mem[X,0x0000000080000EFC] -> 0x0000
[1623] [S]: 0x0000030080000EFA (0x00000013) addi x0, x0, 0x0                        va_rvtest_code_begin+1854

clint mtime 0x000000000000032C (mip.MTI <- 0b1, mip.STI <- 0b0)
mem[X,0x0000000080000EFE] -> 0x0001
[1624] [S]: 0x0000030080000EFE (0x0001) c.nop                                       va_rvtest_code_begin+1858

mem[X,0x0000000080000F00] -> 0x80E7
mem[X,0x0000000080000F02] -> 0x0007
[1625] [S]: 0x0000030080000F00 (0x000780E7) jalr x1, 0x0(x15)                       va_rvtest_code_begin+1860
x1 <- 0x0000030080000F04

clint mtime 0x000000000000032D (mip.MTI <- 0b1, mip.STI <- 0b0)
PTW: Start, vpn=0x28000000, access_type=X, privilege=Smem[R,0x0000000080009028] -> 0x0000000020002001
PTW: Step, level=3, pte=0x20002001, pte_addr=0x80009028
PTW: Start, vpn=0x28000000, access_type=X, privilege=Smem[R,0x0000000080008000] -> 0x00000000200000C9
PTW: Step, level=2, pte=0x200000C9, pte_addr=0x80008000
PTW: Success, final_ppn=0x80000, level=2mem[X,0x0000000080000400] -> 0x0013
mem[X,0x0000000080000402] -> 0x0000
[1626] [S]: 0x0000028000000400 (0x00000013) addi x0, x0, 0x0                        va_data+0

mem[X,0x0000000080000404] -> 0x8093
mem[X,0x0000000080000406] -> 0x0080
[1627] [S]: 0x0000028000000404 (0x00808093) addi x1, x1, 0x8                        va_data+4
x1 <- 0x0000030080000F0C

clint mtime 0x000000000000032E (mip.MTI <- 0b1, mip.STI <- 0b0)
mem[X,0x0000000080000408] -> 0x8067
mem[X,0x000000008000040A] -> 0x0000
[1628] [S]: 0x0000028000000408 (0x00008067) jalr x0, 0x0(x1)                        va_data+8

PTW: Start, vpn=0x30080000, access_type=X, privilege=Smem[R,0x0000000080009030] -> 0x00000000000000CB
PTW: Step, level=3, pte=0xCB, pte_addr=0x80009030
PTW: Success, final_ppn=0x80000, level=3mem[X,0x0000000080000F0C] -> 0x0013
mem[X,0x0000000080000F0E] -> 0x0000
[1629] [S]: 0x0000030080000F0C (0x00000013) addi x0, x0, 0x0                        va_rvtest_code_begin+1872

clint mtime 0x000000000000032F (mip.MTI <- 0b1, mip.STI <- 0b0)
mem[X,0x0000000080000F10] -> 0x0013
mem[X,0x0000000080000F12] -> 0x0000
[1630] [S]: 0x0000030080000F10 (0x00000013) addi x0, x0, 0x0                        va_rvtest_code_begin+1876

mem[X,0x0000000080000F14] -> 0x0013
mem[X,0x0000000080000F16] -> 0x0000
[1631] [S]: 0x0000030080000F14 (0x00000013) addi x0, x0, 0x0                        va_rvtest_code_begin+1880

clint mtime 0x0000000000000330 (mip.MTI <- 0b1, mip.STI <- 0b0)
mem[X,0x0000000080000F18] -> 0x0113
mem[X,0x0000000080000F1A] -> 0x0000
[1632] [S]: 0x0000030080000F18 (0x00000113) addi x2, x0, 0x0                        va_rvtest_code_begin+1884
x2 <- 0x0000000000000000

mem[X,0x0000000080000F1C] -> 0x0073
mem[X,0x0000000080000F1E] -> 0x0000
[1633] [S]: 0x0000030080000F1C (0x00000073) ecall                                   va_rvtest_code_begin+1888
trapping from S to M to handle s-call
handling exc#s-call at priv M with tval 0x0000000000000000
CSR mstatus (0x300) <- 0x0000000A00000800
CSR mcause (0x342) <- 0x0000000000000009
CSR mtval (0x343) <- 0x0000000000000000
CSR mepc (0x341) <- 0x0000030080000F1C

clint mtime 0x0000000000000331 (mip.MTI <- 0b1, mip.STI <- 0b0)
mem[X,0x0000000080001C80] -> 0x006F
mem[X,0x0000000080001C82] -> 0x1000
[1634] [M]: 0x0000000080001C80 (0x1000006F) jal x0, 0x100                           Mtrampoline+0

mem[X,0x0000000080001D80] -> 0x1173
mem[X,0x0000000080001D82] -> 0x3401
[1635] [M]: 0x0000000080001D80 (0x34011173) csrrw x2, mscratch, x2                  trap_Mhandler+0
CSR mscratch (0x340) <- 0x0000000000000000
x2 <- 0x0000000080005000

clint mtime 0x0000000000000332 (mip.MTI <- 0b1, mip.STI <- 0b0)
mem[X,0x0000000080001D84] -> 0x3423
mem[X,0x0000000080001D86] -> 0x28B1
[1636] [M]: 0x0000000080001D84 (0x28B13423) sd x11, 0x288(x2)                       trap_Mhandler+4
mem[W,0x0000000080005288] <- 0x00000000000000C9

mem[X,0x0000000080001D88] -> 0x05EF
mem[X,0x0000000080001D8A] -> 0x0B80
[1637] [M]: 0x0000000080001D88 (0x0B8005EF) jal x11, 0xb8                           trap_Mhandler+8
x11 <- 0x0000000080001D8C

clint mtime 0x0000000000000333 (mip.MTI <- 0b1, mip.STI <- 0b0)
mem[X,0x0000000080001E40] -> 0x3023
mem[X,0x0000000080001E42] -> 0x28A1
[1638] [M]: 0x0000000080001E40 (0x28A13023) sd x10, 0x280(x2)                       common_Mhandler+0
mem[W,0x0000000080005280] <- 0x00000000200000C9

mem[X,0x0000000080001E44] -> 0x1573
mem[X,0x0000000080001E46] -> 0x3401
[1639] [M]: 0x0000000080001E44 (0x34011573) csrrw x10, mscratch, x2                 common_Mhandler+4
CSR mscratch (0x340) <- 0x0000000080005000
x10 <- 0x0000000000000000

clint mtime 0x0000000000000334 (mip.MTI <- 0b1, mip.STI <- 0b0)
mem[X,0x0000000080001E48] -> 0x3823
mem[X,0x0000000080001E4A] -> 0x28A1
[1640] [M]: 0x0000000080001E48 (0x28A13823) sd x10, 0x290(x2)                       common_Mhandler+8
mem[W,0x0000000080005290] <- 0x0000000000000000

mem[X,0x0000000080001E4C] -> 0x3503
mem[X,0x0000000080001E4E] -> 0x2301
[1641] [M]: 0x0000000080001E4C (0x23013503) ld x10, 0x230(x2)                       common_Mhandler+12
mem[R,0x0000000080005230] -> 0x0000000080001E54
x10 <- 0x0000000080001E54

clint mtime 0x0000000000000335 (mip.MTI <- 0b1, mip.STI <- 0b0)
mem[X,0x0000000080001E50] -> 0x0067
mem[X,0x0000000080001E52] -> 0x0005
[1642] [M]: 0x0000000080001E50 (0x00050067) jalr x0, 0x0(x10)                       common_Mhandler+16

mem[X,0x0000000080001E54] -> 0x3C23
mem[X,0x0000000080001E56] -> 0x2691
[1643] [M]: 0x0000000080001E54 (0x26913C23) sd x9, 0x278(x2)                        common_Mentry+0
mem[W,0x0000000080005278] <- 0x0000030000000150

clint mtime 0x0000000000000336 (mip.MTI <- 0b1, mip.STI <- 0b0)
mem[X,0x0000000080001E58] -> 0x3823
mem[X,0x0000000080001E5A] -> 0x2681
[1644] [M]: 0x0000000080001E58 (0x26813823) sd x8, 0x270(x2)                        common_Mentry+4
mem[W,0x0000000080005270] <- 0x0000000000007F76

mem[X,0x0000000080001E5C] -> 0x3423
mem[X,0x0000000080001E5E] -> 0x2671
[1645] [M]: 0x0000000080001E5C (0x26713423) sd x7, 0x268(x2)                        common_Mentry+8
mem[W,0x0000000080005268] <- 0x0000000080005000

clint mtime 0x0000000000000337 (mip.MTI <- 0b1, mip.STI <- 0b0)
mem[X,0x0000000080001E60] -> 0x3023
mem[X,0x0000000080001E62] -> 0x2661
[1646] [M]: 0x0000000080001E60 (0x26613023) sd x6, 0x260(x2)                        common_Mentry+12
mem[W,0x0000000080005260] <- 0xFFFFFFFF7FFFF2CC

mem[X,0x0000000080001E64] -> 0x2573
mem[X,0x0000000080001E66] -> 0x3420
[1647] [M]: 0x0000000080001E64 (0x34202573) csrrs x10, mcause, x0                   spcl_M2mmode_test+0
CSR mcause (0x342) -> 0x0000000000000009
x10 <- 0x0000000000000009

clint mtime 0x0000000000000338 (mip.MTI <- 0b1, mip.STI <- 0b0)
mem[X,0x0000000080001E68] -> 0x04B7
mem[X,0x0000000080001E6A] -> 0x8000
[1648] [M]: 0x0000000080001E68 (0x800004B7) lui x9, -0x80000                        spcl_M2mmode_test+4
x9 <- 0xFFFFFFFF80000000

mem[X,0x0000000080001E6C] -> 0x8493
mem[X,0x0000000080001E6E] -> 0x0004
[1649] [M]: 0x0000000080001E6C (0x00048493) addi x9, x9, 0x0                        spcl_M2mmode_test+8
x9 <- 0xFFFFFFFF80000000

clint mtime 0x0000000000000339 (mip.MTI <- 0b1, mip.STI <- 0b0)
mem[X,0x0000000080001E70] -> 0x9493
mem[X,0x0000000080001E72] -> 0x00B4
[1650] [M]: 0x0000000080001E70 (0x00B49493) slli x9, x9, 0xb                        spcl_M2mmode_test+12
x9 <- 0xFFFFFC0000000000

mem[X,0x0000000080001E74] -> 0x8493
mem[X,0x0000000080001E76] -> 0x0004
[1651] [M]: 0x0000000080001E74 (0x00048493) addi x9, x9, 0x0                        spcl_M2mmode_test+16
x9 <- 0xFFFFFC0000000000

clint mtime 0x000000000000033A (mip.MTI <- 0b1, mip.STI <- 0b0)
mem[X,0x0000000080001E78] -> 0x9493
mem[X,0x0000000080001E7A] -> 0x00B4
[1652] [M]: 0x0000000080001E78 (0x00B49493) slli x9, x9, 0xb                        spcl_M2mmode_test+20
x9 <- 0xFFE0000000000000

mem[X,0x0000000080001E7C] -> 0x8493
mem[X,0x0000000080001E7E] -> 0x0034
[1653] [M]: 0x0000000080001E7C (0x00348493) addi x9, x9, 0x3                        spcl_M2mmode_test+24
x9 <- 0xFFE0000000000003

clint mtime 0x000000000000033B (mip.MTI <- 0b1, mip.STI <- 0b0)
mem[X,0x0000000080001E80] -> 0x9493
mem[X,0x0000000080001E82] -> 0x00A4
[1654] [M]: 0x0000000080001E80 (0x00A49493) slli x9, x9, 0xa                        spcl_M2mmode_test+28
x9 <- 0x8000000000000C00

mem[X,0x0000000080001E84] -> 0x8493
mem[X,0x0000000080001E86] -> 0x3FC4
[1655] [M]: 0x0000000080001E84 (0x3FC48493) addi x9, x9, 0x3fc                      spcl_M2mmode_test+32
x9 <- 0x8000000000000FFC

clint mtime 0x000000000000033C (mip.MTI <- 0b1, mip.STI <- 0b0)
mem[X,0x0000000080001E88] -> 0xF4B3
mem[X,0x0000000080001E8A] -> 0x00A4
[1656] [M]: 0x0000000080001E88 (0x00A4F4B3) and x9, x9, x10                         spcl_M2mmode_test+36
x9 <- 0x0000000000000008

mem[X,0x0000000080001E8C] -> 0x8493
mem[X,0x0000000080001E8E] -> 0xFF84
[1657] [M]: 0x0000000080001E8C (0xFF848493) addi x9, x9, -0x8                       spcl_M2mmode_test+40
x9 <- 0x0000000000000000

clint mtime 0x000000000000033D (mip.MTI <- 0b1, mip.STI <- 0b0)
mem[X,0x0000000080001E90] -> 0x9663
mem[X,0x0000000080001E92] -> 0x0004
[1658] [M]: 0x0000000080001E90 (0x00049663) bne x9, x0, 0xc                         spcl_M2mmode_test+44

mem[X,0x0000000080001E94] -> 0x3383
mem[X,0x0000000080001E96] -> 0x2901
[1659] [M]: 0x0000000080001E94 (0x29013383) ld x7, 0x290(x2)                        spcl_M2mmode_test+48
mem[R,0x0000000080005290] -> 0x0000000000000000
x7 <- 0x0000000000000000

clint mtime 0x000000000000033E (mip.MTI <- 0b1, mip.STI <- 0b0)
mem[X,0x0000000080001E98] -> 0x8663
mem[X,0x0000000080001E9A] -> 0x6E03
[1660] [M]: 0x0000000080001E98 (0x6E038663) beq x7, x0, 0x6ec                       spcl_M2mmode_test+52

mem[X,0x0000000080002584] -> 0x0493
mem[X,0x0000000080002586] -> 0xFF55
[1661] [M]: 0x0000000080002584 (0xFF550493) addi x9, x10, -0xb                      rtn2mmode+0
x9 <- 0xFFFFFFFFFFFFFFFE

clint mtime 0x000000000000033F (mip.MTI <- 0b1, mip.STI <- 0b0)
mem[X,0x0000000080002588] -> 0x8C63
mem[X,0x000000008000258A] -> 0x0004
[1662] [M]: 0x0000000080002588 (0x00048C63) beq x9, x0, 0x18                        rtn2mmode+4

mem[X,0x000000008000258C] -> 0x3583
mem[X,0x000000008000258E] -> 0x4701
[1663] [M]: 0x000000008000258C (0x47013583) ld x11, 0x470(x2)                       rtn2mmode+8
mem[R,0x0000000080005470] -> 0x00000300800007BC
x11 <- 0x00000300800007BC

clint mtime 0x0000000000000340 (mip.MTI <- 0b1, mip.STI <- 0b0)
mem[X,0x0000000080002590] -> 0xD463
mem[X,0x0000000080002592] -> 0x0003
[1664] [M]: 0x0000000080002590 (0x0003D463) bge x7, x0, 0x8                         rtn2mmode+12

mem[X,0x0000000080002598] -> 0x3483
mem[X,0x000000008000259A] -> 0x1D81
[1665] [M]: 0x0000000080002598 (0x1D813483) ld x9, 0x1d8(x2)                        from_u_s+0
mem[R,0x00000000800051D8] -> 0x00000000800007D4
x9 <- 0x00000000800007D4

clint mtime 0x0000000000000341 (mip.MTI <- 0b1, mip.STI <- 0b0)
mem[X,0x000000008000259C] -> 0x84B3
mem[X,0x000000008000259E] -> 0x40B4
[1666] [M]: 0x000000008000259C (0x40B484B3) sub x9, x9, x11                         from_u_s+4
x9 <- 0xFFFFFD0000000018

mem[X,0x00000000800025A0] -> 0x23F3
mem[X,0x00000000800025A2] -> 0x3410
[1667] [M]: 0x00000000800025A0 (0x341023F3) csrrs x7, mepc, x0                      rtn_fm_mmode+0
CSR mepc (0x341) -> 0x0000030080000F1C
x7 <- 0x0000030080000F1C

clint mtime 0x0000000000000342 (mip.MTI <- 0b1, mip.STI <- 0b0)
mem[X,0x00000000800025A4] -> 0x83B3
mem[X,0x00000000800025A6] -> 0x0093
[1668] [M]: 0x00000000800025A4 (0x009383B3) add x7, x7, x9                          rtn_fm_mmode+4
x7 <- 0x0000000080000F34

mem[X,0x00000000800025A8] -> 0x3303
mem[X,0x00000000800025AA] -> 0x2601
[1669] [M]: 0x00000000800025A8 (0x26013303) ld x6, 0x260(x2)                        rtn_fm_mmode+8
mem[R,0x0000000080005260] -> 0xFFFFFFFF7FFFF2CC
x6 <- 0xFFFFFFFF7FFFF2CC

clint mtime 0x0000000000000343 (mip.MTI <- 0b1, mip.STI <- 0b0)
mem[X,0x00000000800025AC] -> 0x3403
mem[X,0x00000000800025AE] -> 0x2701
[1670] [M]: 0x00000000800025AC (0x27013403) ld x8, 0x270(x2)                        rtn_fm_mmode+12
mem[R,0x0000000080005270] -> 0x0000000000007F76
x8 <- 0x0000000000007F76

mem[X,0x00000000800025B0] -> 0x3483
mem[X,0x00000000800025B2] -> 0x2781
[1671] [M]: 0x00000000800025B0 (0x27813483) ld x9, 0x278(x2)                        rtn_fm_mmode+16
mem[R,0x0000000080005278] -> 0x0000030000000150
x9 <- 0x0000030000000150

clint mtime 0x0000000000000344 (mip.MTI <- 0b1, mip.STI <- 0b0)
mem[X,0x00000000800025B4] -> 0x3503
mem[X,0x00000000800025B6] -> 0x2801
[1672] [M]: 0x00000000800025B4 (0x28013503) ld x10, 0x280(x2)                       rtn_fm_mmode+20
mem[R,0x0000000080005280] -> 0x00000000200000C9
x10 <- 0x00000000200000C9

mem[X,0x00000000800025B8] -> 0x3583
mem[X,0x00000000800025BA] -> 0x2881
[1673] [M]: 0x00000000800025B8 (0x28813583) ld x11, 0x288(x2)                       rtn_fm_mmode+24
mem[R,0x0000000080005288] -> 0x00000000000000C9
x11 <- 0x00000000000000C9

clint mtime 0x0000000000000345 (mip.MTI <- 0b1, mip.STI <- 0b0)
mem[X,0x00000000800025BC] -> 0x3103
mem[X,0x00000000800025BE] -> 0x2901
[1674] [M]: 0x00000000800025BC (0x29013103) ld x2, 0x290(x2)                        rtn_fm_mmode+28
mem[R,0x0000000080005290] -> 0x0000000000000000
x2 <- 0x0000000000000000

mem[X,0x00000000800025C0] -> 0x8067
mem[X,0x00000000800025C2] -> 0x0043
[1675] [M]: 0x00000000800025C0 (0x00438067) jalr x0, 0x4(x7)                        rtn_fm_mmode+32

clint mtime 0x0000000000000346 (mip.MTI <- 0b1, mip.STI <- 0b0)
mem[X,0x0000000080000F38] -> 0x0013
mem[X,0x0000000080000F3A] -> 0x0000
[1676] [M]: 0x0000000080000F38 (0x00000013) addi x0, x0, 0x0                        main+1848

mem[X,0x0000000080000F3C] -> 0x0013
mem[X,0x0000000080000F3E] -> 0x0000
[1677] [M]: 0x0000000080000F3C (0x00000013) addi x0, x0, 0x0                        main+1852

clint mtime 0x0000000000000347 (mip.MTI <- 0b1, mip.STI <- 0b0)
mem[X,0x0000000080000F40] -> 0x7517
mem[X,0x0000000080000F42] -> 0x0000
[1678] [M]: 0x0000000080000F40 (0x00007517) auipc x10, 0x7                          main+1856
x10 <- 0x0000000080007F40

mem[X,0x0000000080000F44] -> 0x0513
mem[X,0x0000000080000F46] -> 0x0C05
[1679] [M]: 0x0000000080000F44 (0x0C050513) addi x10, x10, 0xc0                     main+1860
x10 <- 0x0000000080008000

clint mtime 0x0000000000000348 (mip.MTI <- 0b1, mip.STI <- 0b0)
mem[X,0x0000000080000F48] -> 0x0001
[1680] [M]: 0x0000000080000F48 (0x0001) c.nop                                       main+1864

mem[X,0x0000000080000F4A] -> 0x0013
mem[X,0x0000000080000F4C] -> 0x0000
[1681] [M]: 0x0000000080000F4A (0x00000013) addi x0, x0, 0x0                        main+1866

clint mtime 0x0000000000000349 (mip.MTI <- 0b1, mip.STI <- 0b0)
mem[X,0x0000000080000F4E] -> 0x0013
mem[X,0x0000000080000F50] -> 0x0000
[1682] [M]: 0x0000000080000F4E (0x00000013) addi x0, x0, 0x0                        main+1870

mem[X,0x0000000080000F52] -> 0x0013
mem[X,0x0000000080000F54] -> 0x0000
[1683] [M]: 0x0000000080000F52 (0x00000013) addi x0, x0, 0x0                        main+1874

clint mtime 0x000000000000034A (mip.MTI <- 0b1, mip.STI <- 0b0)
mem[X,0x0000000080000F56] -> 0x0013
mem[X,0x0000000080000F58] -> 0x0000
[1684] [M]: 0x0000000080000F56 (0x00000013) addi x0, x0, 0x0                        main+1878

mem[X,0x0000000080000F5A] -> 0x0013
mem[X,0x0000000080000F5C] -> 0x0000
[1685] [M]: 0x0000000080000F5A (0x00000013) addi x0, x0, 0x0                        main+1882

clint mtime 0x000000000000034B (mip.MTI <- 0b1, mip.STI <- 0b0)
mem[X,0x0000000080000F5E] -> 0x0001
[1686] [M]: 0x0000000080000F5E (0x0001) c.nop                                       main+1886

mem[X,0x0000000080000F60] -> 0x0593
mem[X,0x0000000080000F62] -> 0x0010
[1687] [M]: 0x0000000080000F60 (0x00100593) addi x11, x0, 0x1                       main+1888
x11 <- 0x0000000000000001

clint mtime 0x000000000000034C (mip.MTI <- 0b1, mip.STI <- 0b0)
mem[X,0x0000000080000F64] -> 0x5513
mem[X,0x0000000080000F66] -> 0x00C5
[1688] [M]: 0x0000000080000F64 (0x00C55513) srli x10, x10, 0xc                      main+1892
x10 <- 0x0000000000080008

mem[X,0x0000000080000F68] -> 0x1513
mem[X,0x0000000080000F6A] -> 0x00A5
[1689] [M]: 0x0000000080000F68 (0x00A51513) slli x10, x10, 0xa                      main+1896
x10 <- 0x0000000020002000

clint mtime 0x000000000000034D (mip.MTI <- 0b1, mip.STI <- 0b0)
mem[X,0x0000000080000F6C] -> 0x6533
mem[X,0x0000000080000F6E] -> 0x00B5
[1690] [M]: 0x0000000080000F6C (0x00B56533) or x10, x10, x11                        main+1900
x10 <- 0x0000000020002001

mem[X,0x0000000080000F70] -> 0x0013
mem[X,0x0000000080000F72] -> 0x0000
[1691] [M]: 0x0000000080000F70 (0x00000013) addi x0, x0, 0x0                        main+1904

clint mtime 0x000000000000034E (mip.MTI <- 0b1, mip.STI <- 0b0)
mem[X,0x0000000080000F74] -> 0x0013
mem[X,0x0000000080000F76] -> 0x0000
[1692] [M]: 0x0000000080000F74 (0x00000013) addi x0, x0, 0x0                        main+1908

mem[X,0x0000000080000F78] -> 0x0013
mem[X,0x0000000080000F7A] -> 0x0000
[1693] [M]: 0x0000000080000F78 (0x00000013) addi x0, x0, 0x0                        main+1912

clint mtime 0x000000000000034F (mip.MTI <- 0b1, mip.STI <- 0b0)
mem[X,0x0000000080000F7C] -> 0x0013
mem[X,0x0000000080000F7E] -> 0x0000
[1694] [M]: 0x0000000080000F7C (0x00000013) addi x0, x0, 0x0                        main+1916

mem[X,0x0000000080000F80] -> 0x8317
mem[X,0x0000000080000F82] -> 0x0000
[1695] [M]: 0x0000000080000F80 (0x00008317) auipc x6, 0x8                           main+1920
x6 <- 0x0000000080008F80

clint mtime 0x0000000000000350 (mip.MTI <- 0b1, mip.STI <- 0b0)
mem[X,0x0000000080000F84] -> 0x0313
mem[X,0x0000000080000F86] -> 0x0803
[1696] [M]: 0x0000000080000F84 (0x08030313) addi x6, x6, 0x80                       main+1924
x6 <- 0x0000000080009000

mem[X,0x0000000080000F88] -> 0x0001
[1697] [M]: 0x0000000080000F88 (0x0001) c.nop                                       main+1928

clint mtime 0x0000000000000351 (mip.MTI <- 0b1, mip.STI <- 0b0)
mem[X,0x0000000080000F8A] -> 0x0013
mem[X,0x0000000080000F8C] -> 0x0000
[1698] [M]: 0x0000000080000F8A (0x00000013) addi x0, x0, 0x0                        main+1930

mem[X,0x0000000080000F8E] -> 0x0013
mem[X,0x0000000080000F90] -> 0x0000
[1699] [M]: 0x0000000080000F8E (0x00000013) addi x0, x0, 0x0                        main+1934

clint mtime 0x0000000000000352 (mip.MTI <- 0b1, mip.STI <- 0b0)
mem[X,0x0000000080000F92] -> 0x0013
mem[X,0x0000000080000F94] -> 0x0000
[1700] [M]: 0x0000000080000F92 (0x00000013) addi x0, x0, 0x0                        main+1938

mem[X,0x0000000080000F96] -> 0x0013
mem[X,0x0000000080000F98] -> 0x0000
[1701] [M]: 0x0000000080000F96 (0x00000013) addi x0, x0, 0x0                        main+1942

clint mtime 0x0000000000000353 (mip.MTI <- 0b1, mip.STI <- 0b0)
mem[X,0x0000000080000F9A] -> 0x0013
mem[X,0x0000000080000F9C] -> 0x0000
[1702] [M]: 0x0000000080000F9A (0x00000013) addi x0, x0, 0x0                        main+1946

mem[X,0x0000000080000F9E] -> 0x0001
[1703] [M]: 0x0000000080000F9E (0x0001) c.nop                                       main+1950

clint mtime 0x0000000000000354 (mip.MTI <- 0b1, mip.STI <- 0b0)
mem[X,0x0000000080000FA0] -> 0x0293
mem[X,0x0000000080000FA2] -> 0x0280
[1704] [M]: 0x0000000080000FA0 (0x02800293) addi x5, x0, 0x28                       main+1952
x5 <- 0x0000000000000028

mem[X,0x0000000080000FA4] -> 0x0333
mem[X,0x0000000080000FA6] -> 0x0053
[1705] [M]: 0x0000000080000FA4 (0x00530333) add x6, x6, x5                          main+1956
x6 <- 0x0000000080009028

clint mtime 0x0000000000000355 (mip.MTI <- 0b1, mip.STI <- 0b0)
mem[X,0x0000000080000FA8] -> 0x3023
mem[X,0x0000000080000FAA] -> 0x00A3
[1706] [M]: 0x0000000080000FA8 (0x00A33023) sd x10, 0x0(x6)                         main+1960
mem[W,0x0000000080009028] <- 0x0000000020002001

mem[X,0x0000000080000FAC] -> 0x0013
mem[X,0x0000000080000FAE] -> 0x0000
[1707] [M]: 0x0000000080000FAC (0x00000013) addi x0, x0, 0x0                        main+1964

clint mtime 0x0000000000000356 (mip.MTI <- 0b1, mip.STI <- 0b0)
mem[X,0x0000000080000FB0] -> 0x0013
mem[X,0x0000000080000FB2] -> 0x0000
[1708] [M]: 0x0000000080000FB0 (0x00000013) addi x0, x0, 0x0                        main+1968

mem[X,0x0000000080000FB4] -> 0x0013
mem[X,0x0000000080000FB6] -> 0x0000
[1709] [M]: 0x0000000080000FB4 (0x00000013) addi x0, x0, 0x0                        main+1972

clint mtime 0x0000000000000357 (mip.MTI <- 0b1, mip.STI <- 0b0)
mem[X,0x0000000080000FB8] -> 0x0013
mem[X,0x0000000080000FBA] -> 0x0000
[1710] [M]: 0x0000000080000FB8 (0x00000013) addi x0, x0, 0x0                        main+1976

mem[X,0x0000000080000FBC] -> 0x0013
mem[X,0x0000000080000FBE] -> 0x0000
[1711] [M]: 0x0000000080000FBC (0x00000013) addi x0, x0, 0x0                        main+1980

clint mtime 0x0000000000000358 (mip.MTI <- 0b1, mip.STI <- 0b0)
mem[X,0x0000000080000FC0] -> 0xF517
mem[X,0x0000000080000FC2] -> 0xFFFF
[1712] [M]: 0x0000000080000FC0 (0xFFFFF517) auipc x10, -0x1                         main+1984
x10 <- 0x000000007FFFFFC0

mem[X,0x0000000080000FC4] -> 0x0513
mem[X,0x0000000080000FC6] -> 0x4405
[1713] [M]: 0x0000000080000FC4 (0x44050513) addi x10, x10, 0x440                    main+1988
x10 <- 0x0000000080000400

clint mtime 0x0000000000000359 (mip.MTI <- 0b1, mip.STI <- 0b0)
mem[X,0x0000000080000FC8] -> 0x0001
[1714] [M]: 0x0000000080000FC8 (0x0001) c.nop                                       main+1992

mem[X,0x0000000080000FCA] -> 0x0013
mem[X,0x0000000080000FCC] -> 0x0000
[1715] [M]: 0x0000000080000FCA (0x00000013) addi x0, x0, 0x0                        main+1994

clint mtime 0x000000000000035A (mip.MTI <- 0b1, mip.STI <- 0b0)
mem[X,0x0000000080000FCE] -> 0x0013
mem[X,0x0000000080000FD0] -> 0x0000
[1716] [M]: 0x0000000080000FCE (0x00000013) addi x0, x0, 0x0                        main+1998

mem[X,0x0000000080000FD2] -> 0x0013
mem[X,0x0000000080000FD4] -> 0x0000
[1717] [M]: 0x0000000080000FD2 (0x00000013) addi x0, x0, 0x0                        main+2002

clint mtime 0x000000000000035B (mip.MTI <- 0b1, mip.STI <- 0b0)
mem[X,0x0000000080000FD6] -> 0x0013
mem[X,0x0000000080000FD8] -> 0x0000
[1718] [M]: 0x0000000080000FD6 (0x00000013) addi x0, x0, 0x0                        main+2006

mem[X,0x0000000080000FDA] -> 0x0013
mem[X,0x0000000080000FDC] -> 0x0000
[1719] [M]: 0x0000000080000FDA (0x00000013) addi x0, x0, 0x0                        main+2010

clint mtime 0x000000000000035C (mip.MTI <- 0b1, mip.STI <- 0b0)
mem[X,0x0000000080000FDE] -> 0x0001
[1720] [M]: 0x0000000080000FDE (0x0001) c.nop                                       main+2014

mem[X,0x0000000080000FE0] -> 0x0593
mem[X,0x0000000080000FE2] -> 0x0C90
[1721] [M]: 0x0000000080000FE0 (0x0C900593) addi x11, x0, 0xc9                      main+2016
x11 <- 0x00000000000000C9

clint mtime 0x000000000000035D (mip.MTI <- 0b1, mip.STI <- 0b0)
mem[X,0x0000000080000FE4] -> 0x5513
mem[X,0x0000000080000FE6] -> 0x00C5
[1722] [M]: 0x0000000080000FE4 (0x00C55513) srli x10, x10, 0xc                      main+2020
x10 <- 0x0000000000080000

mem[X,0x0000000080000FE8] -> 0x1513
mem[X,0x0000000080000FEA] -> 0x00A5
[1723] [M]: 0x0000000080000FE8 (0x00A51513) slli x10, x10, 0xa                      main+2024
x10 <- 0x0000000020000000

clint mtime 0x000000000000035E (mip.MTI <- 0b1, mip.STI <- 0b0)
mem[X,0x0000000080000FEC] -> 0x6533
mem[X,0x0000000080000FEE] -> 0x00B5
[1724] [M]: 0x0000000080000FEC (0x00B56533) or x10, x10, x11                        main+2028
x10 <- 0x00000000200000C9

mem[X,0x0000000080000FF0] -> 0x0013
mem[X,0x0000000080000FF2] -> 0x0000
[1725] [M]: 0x0000000080000FF0 (0x00000013) addi x0, x0, 0x0                        main+2032

clint mtime 0x000000000000035F (mip.MTI <- 0b1, mip.STI <- 0b0)
mem[X,0x0000000080000FF4] -> 0x0013
mem[X,0x0000000080000FF6] -> 0x0000
[1726] [M]: 0x0000000080000FF4 (0x00000013) addi x0, x0, 0x0                        main+2036

mem[X,0x0000000080000FF8] -> 0x0013
mem[X,0x0000000080000FFA] -> 0x0000
[1727] [M]: 0x0000000080000FF8 (0x00000013) addi x0, x0, 0x0                        main+2040

clint mtime 0x0000000000000360 (mip.MTI <- 0b1, mip.STI <- 0b0)
mem[X,0x0000000080000FFC] -> 0x0013
mem[X,0x0000000080000FFE] -> 0x0000
[1728] [M]: 0x0000000080000FFC (0x00000013) addi x0, x0, 0x0                        main+2044

mem[X,0x0000000080001000] -> 0x7317
mem[X,0x0000000080001002] -> 0x0000
[1729] [M]: 0x0000000080001000 (0x00007317) auipc x6, 0x7                           main+2048
x6 <- 0x0000000080008000

clint mtime 0x0000000000000361 (mip.MTI <- 0b1, mip.STI <- 0b0)
mem[X,0x0000000080001004] -> 0x0313
mem[X,0x0000000080001006] -> 0x0003
[1730] [M]: 0x0000000080001004 (0x00030313) addi x6, x6, 0x0                        main+2052
x6 <- 0x0000000080008000

mem[X,0x0000000080001008] -> 0x0001
[1731] [M]: 0x0000000080001008 (0x0001) c.nop                                       main+2056

clint mtime 0x0000000000000362 (mip.MTI <- 0b1, mip.STI <- 0b0)
mem[X,0x000000008000100A] -> 0x0013
mem[X,0x000000008000100C] -> 0x0000
[1732] [M]: 0x000000008000100A (0x00000013) addi x0, x0, 0x0                        main+2058

mem[X,0x000000008000100E] -> 0x0013
mem[X,0x0000000080001010] -> 0x0000
[1733] [M]: 0x000000008000100E (0x00000013) addi x0, x0, 0x0                        main+2062

clint mtime 0x0000000000000363 (mip.MTI <- 0b1, mip.STI <- 0b0)
mem[X,0x0000000080001012] -> 0x0013
mem[X,0x0000000080001014] -> 0x0000
[1734] [M]: 0x0000000080001012 (0x00000013) addi x0, x0, 0x0                        main+2066

mem[X,0x0000000080001016] -> 0x0013
mem[X,0x0000000080001018] -> 0x0000
[1735] [M]: 0x0000000080001016 (0x00000013) addi x0, x0, 0x0                        main+2070

clint mtime 0x0000000000000364 (mip.MTI <- 0b1, mip.STI <- 0b0)
mem[X,0x000000008000101A] -> 0x0013
mem[X,0x000000008000101C] -> 0x0000
[1736] [M]: 0x000000008000101A (0x00000013) addi x0, x0, 0x0                        main+2074

mem[X,0x000000008000101E] -> 0x0001
[1737] [M]: 0x000000008000101E (0x0001) c.nop                                       main+2078

clint mtime 0x0000000000000365 (mip.MTI <- 0b1, mip.STI <- 0b0)
mem[X,0x0000000080001020] -> 0x0293
mem[X,0x0000000080001022] -> 0x0000
[1738] [M]: 0x0000000080001020 (0x00000293) addi x5, x0, 0x0                        main+2080
x5 <- 0x0000000000000000

mem[X,0x0000000080001024] -> 0x0333
mem[X,0x0000000080001026] -> 0x0053
[1739] [M]: 0x0000000080001024 (0x00530333) add x6, x6, x5                          main+2084
x6 <- 0x0000000080008000

clint mtime 0x0000000000000366 (mip.MTI <- 0b1, mip.STI <- 0b0)
mem[X,0x0000000080001028] -> 0x3023
mem[X,0x000000008000102A] -> 0x00A3
[1740] [M]: 0x0000000080001028 (0x00A33023) sd x10, 0x0(x6)                         main+2088
mem[W,0x0000000080008000] <- 0x00000000200000C9

mem[X,0x000000008000102C] -> 0x0073
mem[X,0x000000008000102E] -> 0x1200
[1741] [M]: 0x000000008000102C (0x12000073) sfence.vma x0, x0                       main+2092

clint mtime 0x0000000000000367 (mip.MTI <- 0b1, mip.STI <- 0b0)
mem[X,0x0000000080001030] -> 0x0BB7
mem[X,0x0000000080001032] -> 0x0008
[1742] [M]: 0x0000000080001030 (0x00080BB7) lui x23, 0x80                           main+2096
x23 <- 0x0000000000080000

mem[X,0x0000000080001034] -> 0xA073
mem[X,0x0000000080001036] -> 0x300B
[1743] [M]: 0x0000000080001034 (0x300BA073) csrrs x0, mstatus, x23                  main+2100
CSR mstatus (0x300) <- 0x0000000A00080800

clint mtime 0x0000000000000368 (mip.MTI <- 0b1, mip.STI <- 0b0)
mem[X,0x0000000080001038] -> 0x0493
mem[X,0x000000008000103A] -> 0x0010
[1744] [M]: 0x0000000080001038 (0x00100493) addi x9, x0, 0x1                        main+2104
x9 <- 0x0000000000000001

mem[X,0x000000008000103C] -> 0x9493
mem[X,0x000000008000103E] -> 0x00B4
[1745] [M]: 0x000000008000103C (0x00B49493) slli x9, x9, 0xb                        main+2108
x9 <- 0x0000000000000800

clint mtime 0x0000000000000369 (mip.MTI <- 0b1, mip.STI <- 0b0)
mem[X,0x0000000080001040] -> 0xB073
mem[X,0x0000000080001042] -> 0x3004
[1746] [M]: 0x0000000080001040 (0x3004B073) csrrc x0, mstatus, x9                   main+2112
CSR mstatus (0x300) <- 0x0000000A00080000

mem[X,0x0000000080001044] -> 0x0493
mem[X,0x0000000080001046] -> 0x0010
[1747] [M]: 0x0000000080001044 (0x00100493) addi x9, x0, 0x1                        main+2116
x9 <- 0x0000000000000001

clint mtime 0x000000000000036A (mip.MTI <- 0b1, mip.STI <- 0b0)
mem[X,0x0000000080001048] -> 0x9493
mem[X,0x000000008000104A] -> 0x00B4
[1748] [M]: 0x0000000080001048 (0x00B49493) slli x9, x9, 0xb                        main+2120
x9 <- 0x0000000000000800

mem[X,0x000000008000104C] -> 0xA073
mem[X,0x000000008000104E] -> 0x3004
[1749] [M]: 0x000000008000104C (0x3004A073) csrrs x0, mstatus, x9                   main+2124
CSR mstatus (0x300) <- 0x0000000A00080800

clint mtime 0x000000000000036B (mip.MTI <- 0b1, mip.STI <- 0b0)
mem[X,0x0000000080001050] -> 0x23F3
mem[X,0x0000000080001052] -> 0x3400
[1750] [M]: 0x0000000080001050 (0x340023F3) csrrs x7, mscratch, x0                  main+2128
CSR mscratch (0x340) -> 0x0000000080005000
x7 <- 0x0000000080005000

mem[X,0x0000000080001054] -> 0xB303
mem[X,0x0000000080001056] -> 0x4703
[1751] [M]: 0x0000000080001054 (0x4703B303) ld x6, 0x470(x7)                        main+2132
mem[R,0x0000000080005470] -> 0x00000300800007BC
x6 <- 0x00000300800007BC

clint mtime 0x000000000000036C (mip.MTI <- 0b1, mip.STI <- 0b0)
mem[X,0x0000000080001058] -> 0xB483
mem[X,0x000000008000105A] -> 0x1D83
[1752] [M]: 0x0000000080001058 (0x1D83B483) ld x9, 0x1d8(x7)                        main+2136
mem[R,0x00000000800051D8] -> 0x00000000800007D4
x9 <- 0x00000000800007D4

mem[X,0x000000008000105C] -> 0x0333
mem[X,0x000000008000105E] -> 0x4093
[1753] [M]: 0x000000008000105C (0x40930333) sub x6, x6, x9                          main+2140
x6 <- 0x000002FFFFFFFFE8

clint mtime 0x000000000000036D (mip.MTI <- 0b1, mip.STI <- 0b0)
mem[X,0x0000000080001060] -> 0x0313
mem[X,0x0000000080001062] -> 0x0103
[1754] [M]: 0x0000000080001060 (0x01030313) addi x6, x6, 0x10                       main+2144
x6 <- 0x000002FFFFFFFFF8

mem[X,0x0000000080001064] -> 0x0497
mem[X,0x0000000080001066] -> 0x0000
[1755] [M]: 0x0000000080001064 (0x00000497) auipc x9, 0x0                           main+2148
x9 <- 0x0000000080001064

clint mtime 0x000000000000036E (mip.MTI <- 0b1, mip.STI <- 0b0)
mem[X,0x0000000080001068] -> 0x84B3
mem[X,0x000000008000106A] -> 0x0064
[1756] [M]: 0x0000000080001068 (0x006484B3) add x9, x9, x6                          main+2152
x9 <- 0x000003008000105C

mem[X,0x000000008000106C] -> 0x94F3
mem[X,0x000000008000106E] -> 0x3414
[1757] [M]: 0x000000008000106C (0x341494F3) csrrw x9, mepc, x9                      main+2156
CSR mepc (0x341) <- 0x000003008000105C
x9 <- 0x0000030080000F1C

clint mtime 0x000000000000036F (mip.MTI <- 0b1, mip.STI <- 0b0)
mem[X,0x0000000080001070] -> 0x0073
mem[X,0x0000000080001072] -> 0x3020
[1758] [M]: 0x0000000080001070 (0x30200073) mret                                    main+2160
CSR mstatus (0x300) <- 0x0000000A00080080
ret-ing from M to S

PTW: Start, vpn=0x30080001, access_type=X, privilege=Smem[R,0x0000000080009030] -> 0x00000000000000CB
PTW: Step, level=3, pte=0xCB, pte_addr=0x80009030
PTW: Success, final_ppn=0x80001, level=3mem[X,0x000000008000105C] -> 0x0333
PTW: Start, vpn=0x30080001, access_type=X, privilege=Smem[R,0x0000000080009030] -> 0x00000000000000CB
PTW: Step, level=3, pte=0xCB, pte_addr=0x80009030
PTW: Success, final_ppn=0x80001, level=3mem[X,0x000000008000105E] -> 0x4093
[1759] [S]: 0x000003008000105C (0x40930333) sub x6, x6, x9                          va_rvtest_code_begin+2208
x6 <- 0xFFFFFFFF7FFFF0DC

clint mtime 0x0000000000000370 (mip.MTI <- 0b1, mip.STI <- 0b0)
PTW: Start, vpn=0x30080001, access_type=X, privilege=Smem[R,0x0000000080009030] -> 0x00000000000000CB
PTW: Step, level=3, pte=0xCB, pte_addr=0x80009030
PTW: Success, final_ppn=0x80001, level=3mem[X,0x0000000080001060] -> 0x0313
PTW: Start, vpn=0x30080001, access_type=X, privilege=Smem[R,0x0000000080009030] -> 0x00000000000000CB
PTW: Step, level=3, pte=0xCB, pte_addr=0x80009030
PTW: Success, final_ppn=0x80001, level=3mem[X,0x0000000080001062] -> 0x0103
[1760] [S]: 0x0000030080001060 (0x01030313) addi x6, x6, 0x10                       va_rvtest_code_begin+2212
x6 <- 0xFFFFFFFF7FFFF0EC

PTW: Start, vpn=0x30080001, access_type=X, privilege=Smem[R,0x0000000080009030] -> 0x00000000000000CB
PTW: Step, level=3, pte=0xCB, pte_addr=0x80009030
PTW: Success, final_ppn=0x80001, level=3mem[X,0x0000000080001064] -> 0x0497
PTW: Start, vpn=0x30080001, access_type=X, privilege=Smem[R,0x0000000080009030] -> 0x00000000000000CB
PTW: Step, level=3, pte=0xCB, pte_addr=0x80009030
PTW: Success, final_ppn=0x80001, level=3mem[X,0x0000000080001066] -> 0x0000
[1761] [S]: 0x0000030080001064 (0x00000497) auipc x9, 0x0                           va_rvtest_code_begin+2216
x9 <- 0x0000030080001064

clint mtime 0x0000000000000371 (mip.MTI <- 0b1, mip.STI <- 0b0)
PTW: Start, vpn=0x30080001, access_type=X, privilege=Smem[R,0x0000000080009030] -> 0x00000000000000CB
PTW: Step, level=3, pte=0xCB, pte_addr=0x80009030
PTW: Success, final_ppn=0x80001, level=3mem[X,0x0000000080001068] -> 0x84B3
PTW: Start, vpn=0x30080001, access_type=X, privilege=Smem[R,0x0000000080009030] -> 0x00000000000000CB
PTW: Step, level=3, pte=0xCB, pte_addr=0x80009030
PTW: Success, final_ppn=0x80001, level=3mem[X,0x000000008000106A] -> 0x0064
[1762] [S]: 0x0000030080001068 (0x006484B3) add x9, x9, x6                          va_rvtest_code_begin+2220
x9 <- 0x0000030000000150

PTW: Start, vpn=0x30080001, access_type=X, privilege=Smem[R,0x0000000080009030] -> 0x00000000000000CB
PTW: Step, level=3, pte=0xCB, pte_addr=0x80009030
PTW: Success, final_ppn=0x80001, level=3mem[X,0x000000008000106C] -> 0x94F3
PTW: Start, vpn=0x30080001, access_type=X, privilege=Smem[R,0x0000000080009030] -> 0x00000000000000CB
PTW: Step, level=3, pte=0xCB, pte_addr=0x80009030
PTW: Success, final_ppn=0x80001, level=3mem[X,0x000000008000106E] -> 0x3414
[1763] [S]: 0x000003008000106C (0x341494F3) csrrw x9, mepc, x9                      va_rvtest_code_begin+2224
trapping from S to M to handle illegal-instruction
handling exc#illegal-instruction at priv M with tval 0x00000000341494F3
CSR mstatus (0x300) <- 0x0000000A00080800
CSR mcause (0x342) <- 0x0000000000000002
CSR mtval (0x343) <- 0x00000000341494F3
CSR mepc (0x341) <- 0x000003008000106C

clint mtime 0x0000000000000372 (mip.MTI <- 0b1, mip.STI <- 0b0)
mem[X,0x0000000080001C80] -> 0x006F
mem[X,0x0000000080001C82] -> 0x1000
[1764] [M]: 0x0000000080001C80 (0x1000006F) jal x0, 0x100                           Mtrampoline+0

mem[X,0x0000000080001D80] -> 0x1173
mem[X,0x0000000080001D82] -> 0x3401
[1765] [M]: 0x0000000080001D80 (0x34011173) csrrw x2, mscratch, x2                  trap_Mhandler+0
CSR mscratch (0x340) <- 0x0000000000000000
x2 <- 0x0000000080005000

clint mtime 0x0000000000000373 (mip.MTI <- 0b1, mip.STI <- 0b0)
mem[X,0x0000000080001D84] -> 0x3423
mem[X,0x0000000080001D86] -> 0x28B1
[1766] [M]: 0x0000000080001D84 (0x28B13423) sd x11, 0x288(x2)                       trap_Mhandler+4
mem[W,0x0000000080005288] <- 0x00000000000000C9

mem[X,0x0000000080001D88] -> 0x05EF
mem[X,0x0000000080001D8A] -> 0x0B80
[1767] [M]: 0x0000000080001D88 (0x0B8005EF) jal x11, 0xb8                           trap_Mhandler+8
x11 <- 0x0000000080001D8C

clint mtime 0x0000000000000374 (mip.MTI <- 0b1, mip.STI <- 0b0)
mem[X,0x0000000080001E40] -> 0x3023
mem[X,0x0000000080001E42] -> 0x28A1
[1768] [M]: 0x0000000080001E40 (0x28A13023) sd x10, 0x280(x2)                       common_Mhandler+0
mem[W,0x0000000080005280] <- 0x00000000200000C9

mem[X,0x0000000080001E44] -> 0x1573
mem[X,0x0000000080001E46] -> 0x3401
[1769] [M]: 0x0000000080001E44 (0x34011573) csrrw x10, mscratch, x2                 common_Mhandler+4
CSR mscratch (0x340) <- 0x0000000080005000
x10 <- 0x0000000000000000

clint mtime 0x0000000000000375 (mip.MTI <- 0b1, mip.STI <- 0b0)
mem[X,0x0000000080001E48] -> 0x3823
mem[X,0x0000000080001E4A] -> 0x28A1
[1770] [M]: 0x0000000080001E48 (0x28A13823) sd x10, 0x290(x2)                       common_Mhandler+8
mem[W,0x0000000080005290] <- 0x0000000000000000

mem[X,0x0000000080001E4C] -> 0x3503
mem[X,0x0000000080001E4E] -> 0x2301
[1771] [M]: 0x0000000080001E4C (0x23013503) ld x10, 0x230(x2)                       common_Mhandler+12
mem[R,0x0000000080005230] -> 0x0000000080001E54
x10 <- 0x0000000080001E54

clint mtime 0x0000000000000376 (mip.MTI <- 0b1, mip.STI <- 0b0)
mem[X,0x0000000080001E50] -> 0x0067
mem[X,0x0000000080001E52] -> 0x0005
[1772] [M]: 0x0000000080001E50 (0x00050067) jalr x0, 0x0(x10)                       common_Mhandler+16

mem[X,0x0000000080001E54] -> 0x3C23
mem[X,0x0000000080001E56] -> 0x2691
[1773] [M]: 0x0000000080001E54 (0x26913C23) sd x9, 0x278(x2)                        common_Mentry+0
mem[W,0x0000000080005278] <- 0x0000030000000150

clint mtime 0x0000000000000377 (mip.MTI <- 0b1, mip.STI <- 0b0)
mem[X,0x0000000080001E58] -> 0x3823
mem[X,0x0000000080001E5A] -> 0x2681
[1774] [M]: 0x0000000080001E58 (0x26813823) sd x8, 0x270(x2)                        common_Mentry+4
mem[W,0x0000000080005270] <- 0x0000000000007F76

mem[X,0x0000000080001E5C] -> 0x3423
mem[X,0x0000000080001E5E] -> 0x2671
[1775] [M]: 0x0000000080001E5C (0x26713423) sd x7, 0x268(x2)                        common_Mentry+8
mem[W,0x0000000080005268] <- 0x0000000080005000

clint mtime 0x0000000000000378 (mip.MTI <- 0b1, mip.STI <- 0b0)
mem[X,0x0000000080001E60] -> 0x3023
mem[X,0x0000000080001E62] -> 0x2661
[1776] [M]: 0x0000000080001E60 (0x26613023) sd x6, 0x260(x2)                        common_Mentry+12
mem[W,0x0000000080005260] <- 0xFFFFFFFF7FFFF0EC

mem[X,0x0000000080001E64] -> 0x2573
mem[X,0x0000000080001E66] -> 0x3420
[1777] [M]: 0x0000000080001E64 (0x34202573) csrrs x10, mcause, x0                   spcl_M2mmode_test+0
CSR mcause (0x342) -> 0x0000000000000002
x10 <- 0x0000000000000002

clint mtime 0x0000000000000379 (mip.MTI <- 0b1, mip.STI <- 0b0)
mem[X,0x0000000080001E68] -> 0x04B7
mem[X,0x0000000080001E6A] -> 0x8000
[1778] [M]: 0x0000000080001E68 (0x800004B7) lui x9, -0x80000                        spcl_M2mmode_test+4
x9 <- 0xFFFFFFFF80000000

mem[X,0x0000000080001E6C] -> 0x8493
mem[X,0x0000000080001E6E] -> 0x0004
[1779] [M]: 0x0000000080001E6C (0x00048493) addi x9, x9, 0x0                        spcl_M2mmode_test+8
x9 <- 0xFFFFFFFF80000000

clint mtime 0x000000000000037A (mip.MTI <- 0b1, mip.STI <- 0b0)
mem[X,0x0000000080001E70] -> 0x9493
mem[X,0x0000000080001E72] -> 0x00B4
[1780] [M]: 0x0000000080001E70 (0x00B49493) slli x9, x9, 0xb                        spcl_M2mmode_test+12
x9 <- 0xFFFFFC0000000000

mem[X,0x0000000080001E74] -> 0x8493
mem[X,0x0000000080001E76] -> 0x0004
[1781] [M]: 0x0000000080001E74 (0x00048493) addi x9, x9, 0x0                        spcl_M2mmode_test+16
x9 <- 0xFFFFFC0000000000

clint mtime 0x000000000000037B (mip.MTI <- 0b1, mip.STI <- 0b0)
mem[X,0x0000000080001E78] -> 0x9493
mem[X,0x0000000080001E7A] -> 0x00B4
[1782] [M]: 0x0000000080001E78 (0x00B49493) slli x9, x9, 0xb                        spcl_M2mmode_test+20
x9 <- 0xFFE0000000000000

mem[X,0x0000000080001E7C] -> 0x8493
mem[X,0x0000000080001E7E] -> 0x0034
[1783] [M]: 0x0000000080001E7C (0x00348493) addi x9, x9, 0x3                        spcl_M2mmode_test+24
x9 <- 0xFFE0000000000003

clint mtime 0x000000000000037C (mip.MTI <- 0b1, mip.STI <- 0b0)
mem[X,0x0000000080001E80] -> 0x9493
mem[X,0x0000000080001E82] -> 0x00A4
[1784] [M]: 0x0000000080001E80 (0x00A49493) slli x9, x9, 0xa                        spcl_M2mmode_test+28
x9 <- 0x8000000000000C00

mem[X,0x0000000080001E84] -> 0x8493
mem[X,0x0000000080001E86] -> 0x3FC4
[1785] [M]: 0x0000000080001E84 (0x3FC48493) addi x9, x9, 0x3fc                      spcl_M2mmode_test+32
x9 <- 0x8000000000000FFC

clint mtime 0x000000000000037D (mip.MTI <- 0b1, mip.STI <- 0b0)
mem[X,0x0000000080001E88] -> 0xF4B3
mem[X,0x0000000080001E8A] -> 0x00A4
[1786] [M]: 0x0000000080001E88 (0x00A4F4B3) and x9, x9, x10                         spcl_M2mmode_test+36
x9 <- 0x0000000000000000

mem[X,0x0000000080001E8C] -> 0x8493
mem[X,0x0000000080001E8E] -> 0xFF84
[1787] [M]: 0x0000000080001E8C (0xFF848493) addi x9, x9, -0x8                       spcl_M2mmode_test+40
x9 <- 0xFFFFFFFFFFFFFFF8

clint mtime 0x000000000000037E (mip.MTI <- 0b1, mip.STI <- 0b0)
mem[X,0x0000000080001E90] -> 0x9663
mem[X,0x0000000080001E92] -> 0x0004
[1788] [M]: 0x0000000080001E90 (0x00049663) bne x9, x0, 0xc                         spcl_M2mmode_test+44

mem[X,0x0000000080001E9C] -> 0x0393
mem[X,0x0000000080001E9E] -> 0x0200
[1789] [M]: 0x0000000080001E9C (0x02000393) addi x7, x0, 0x20                       Mtrapsig_ptr_upd+0
x7 <- 0x0000000000000020

clint mtime 0x000000000000037F (mip.MTI <- 0b1, mip.STI <- 0b0)
mem[X,0x0000000080001EA0] -> 0x5263
mem[X,0x0000000080001EA2] -> 0x0405
[1790] [M]: 0x0000000080001EA0 (0x04055263) bge x10, x0, 0x44                       Mtrapsig_ptr_upd+4

mem[X,0x0000000080001EE4] -> 0x2373
mem[X,0x0000000080001EE6] -> 0x3010
[1791] [M]: 0x0000000080001EE4 (0x30102373) csrrs x6, misa, x0                      Mxcpt_sig_sv+0
CSR misa (0x301) -> 0x800000000034112F
x6 <- 0x800000000034112F

clint mtime 0x0000000000000380 (mip.MTI <- 0b1, mip.STI <- 0b0)
mem[X,0x0000000080001EE8] -> 0x1313
mem[X,0x0000000080001EEA] -> 0x0383
[1792] [M]: 0x0000000080001EE8 (0x03831313) slli x6, x6, 0x38                       Mxcpt_sig_sv+4
x6 <- 0x2F00000000000000

mem[X,0x0000000080001EEC] -> 0x5463
mem[X,0x0000000080001EEE] -> 0x0003
[1793] [M]: 0x0000000080001EEC (0x00035463) bge x6, x0, 0x8                         Mxcpt_sig_sv+8

clint mtime 0x0000000000000381 (mip.MTI <- 0b1, mip.STI <- 0b0)
mem[X,0x0000000080001EF4] -> 0x3303
mem[X,0x0000000080001EF6] -> 0x2181
[1794] [M]: 0x0000000080001EF4 (0x21813303) ld x6, 0x218(x2)                        Mtrap_sig_sv+0
mem[R,0x0000000080005218] -> 0x000000008000A618
x6 <- 0x000000008000A618

mem[X,0x0000000080001EF8] -> 0x04B3
mem[X,0x0000000080001EFA] -> 0x0073
[1795] [M]: 0x0000000080001EF8 (0x007304B3) add x9, x6, x7                          Mtrap_sig_sv+4
x9 <- 0x000000008000A638

clint mtime 0x0000000000000382 (mip.MTI <- 0b1, mip.STI <- 0b0)
mem[X,0x0000000080001EFC] -> 0x3C23
mem[X,0x0000000080001EFE] -> 0x2091
[1796] [M]: 0x0000000080001EFC (0x20913C23) sd x9, 0x218(x2)                        Mtrap_sig_sv+8
mem[W,0x0000000080005218] <- 0x000000008000A638

mem[X,0x0000000080001F00] -> 0x3403
mem[X,0x0000000080001F02] -> 0x1F81
[1797] [M]: 0x0000000080001F00 (0x1F813403) ld x8, 0x1f8(x2)                        Mtrap_sig_sv+12
mem[R,0x00000000800051F8] -> 0x000000008000A110
x8 <- 0x000000008000A110

clint mtime 0x0000000000000383 (mip.MTI <- 0b1, mip.STI <- 0b0)
mem[X,0x0000000080001F04] -> 0x0333
mem[X,0x0000000080001F06] -> 0x4083
[1798] [M]: 0x0000000080001F04 (0x40830333) sub x6, x6, x8                          Mtrap_sig_sv+16
x6 <- 0x0000000000000508

mem[X,0x0000000080001F08] -> 0x3403
mem[X,0x0000000080001F0A] -> 0x1F81
[1799] [M]: 0x0000000080001F08 (0x1F813403) ld x8, 0x1f8(x2)                        Mtrap_sig_sv+20
mem[R,0x00000000800051F8] -> 0x000000008000A110
x8 <- 0x000000008000A110

clint mtime 0x0000000000000384 (mip.MTI <- 0b1, mip.STI <- 0b0)
mem[X,0x0000000080001F0C] -> 0x0333
mem[X,0x0000000080001F0E] -> 0x0083
[1800] [M]: 0x0000000080001F0C (0x00830333) add x6, x6, x8                          Mtrap_sig_sv+24
x6 <- 0x000000008000A618

mem[X,0x0000000080001F10] -> 0x3403
mem[X,0x0000000080001F12] -> 0x2401
[1801] [M]: 0x0000000080001F10 (0x24013403) ld x8, 0x240(x2)                        Mtrap_sig_sv+28
mem[R,0x0000000080005240] -> 0x0000000080001C80
x8 <- 0x0000000080001C80

clint mtime 0x0000000000000385 (mip.MTI <- 0b1, mip.STI <- 0b0)
mem[X,0x0000000080001F14] -> 0x85B3
mem[X,0x0000000080001F16] -> 0x4085
[1802] [M]: 0x0000000080001F14 (0x408585B3) sub x11, x11, x8                        sv_Mvect+0
x11 <- 0x000000000000010C

mem[X,0x0000000080001F18] -> 0x9593
mem[X,0x0000000080001F1A] -> 0x0045
[1803] [M]: 0x0000000080001F18 (0x00459593) slli x11, x11, 0x4                      sv_Mvect+4
x11 <- 0x00000000000010C0

clint mtime 0x0000000000000386 (mip.MTI <- 0b1, mip.STI <- 0b0)
mem[X,0x0000000080001F1C] -> 0xE5B3
mem[X,0x0000000080001F1E] -> 0x0075
[1804] [M]: 0x0000000080001F1C (0x0075E5B3) or x11, x11, x7                         sv_Mvect+8
x11 <- 0x00000000000010E0

mem[X,0x0000000080001F20] -> 0x8593
mem[X,0x0000000080001F22] -> 0x0035
[1805] [M]: 0x0000000080001F20 (0x00358593) addi x11, x11, 0x3                      sv_Mvect+12
x11 <- 0x00000000000010E3

clint mtime 0x0000000000000387 (mip.MTI <- 0b1, mip.STI <- 0b0)
mem[X,0x0000000080001F24] -> 0x3023
mem[X,0x0000000080001F26] -> 0x00B3
[1806] [M]: 0x0000000080001F24 (0x00B33023) sd x11, 0x0(x6)                         sv_Mvect+16
mem[W,0x000000008000A618] <- 0x00000000000010E3

mem[X,0x0000000080001F28] -> 0x3423
mem[X,0x0000000080001F2A] -> 0x00A3
[1807] [M]: 0x0000000080001F28 (0x00A33423) sd x10, 0x8(x6)                         sv_Mcause+0
mem[W,0x000000008000A620] <- 0x0000000000000002

clint mtime 0x0000000000000388 (mip.MTI <- 0b1, mip.STI <- 0b0)
mem[X,0x0000000080001F2C] -> 0x4663
mem[X,0x0000000080001F2E] -> 0x1A05
[1808] [M]: 0x0000000080001F2C (0x1A054663) blt x10, x0, 0x1ac                      sv_Mcause+4

mem[X,0x0000000080001F30] -> 0x25F3
mem[X,0x0000000080001F32] -> 0x3000
[1809] [M]: 0x0000000080001F30 (0x300025F3) csrrs x11, mstatus, x0                  common_Mexcpt_handler+0
CSR mstatus (0x300) -> 0x0000000A00080800
x11 <- 0x0000000A00080800

clint mtime 0x0000000000000389 (mip.MTI <- 0b1, mip.STI <- 0b0)
mem[X,0x0000000080001F34] -> 0x9413
mem[X,0x0000000080001F36] -> 0x02E5
[1810] [M]: 0x0000000080001F34 (0x02E59413) slli x8, x11, 0x2e                      common_Mexcpt_handler+4
x8 <- 0x0200000000000000

mem[X,0x0000000080001F38] -> 0x5463
mem[X,0x0000000080001F3A] -> 0x0004
[1811] [M]: 0x0000000080001F38 (0x00045463) bge x8, x0, 0x8                         common_Mexcpt_handler+8

clint mtime 0x000000000000038A (mip.MTI <- 0b1, mip.STI <- 0b0)
mem[X,0x0000000080001F40] -> 0xD493
mem[X,0x0000000080001F42] -> 0x00B5
[1812] [M]: 0x0000000080001F40 (0x00B5D493) srli x9, x11, 0xb                       common_Mexcpt_handler+16
x9 <- 0x0000000001400101

mem[X,0x0000000080001F44] -> 0xF493
mem[X,0x0000000080001F46] -> 0x0034
[1813] [M]: 0x0000000080001F44 (0x0034F493) andi x9, x9, 0x3                        common_Mexcpt_handler+20
x9 <- 0x0000000000000001

clint mtime 0x000000000000038B (mip.MTI <- 0b1, mip.STI <- 0b0)
mem[X,0x0000000080001F48] -> 0x8493
mem[X,0x0000000080001F4A] -> 0x0014
[1814] [M]: 0x0000000080001F48 (0x00148493) addi x9, x9, 0x1                        common_Mexcpt_handler+24
x9 <- 0x0000000000000002

mem[X,0x0000000080001F4C] -> 0xF493
mem[X,0x0000000080001F4E] -> 0x0044
[1815] [M]: 0x0000000080001F4C (0x0044F493) andi x9, x9, 0x4                        common_Mexcpt_handler+28
x9 <- 0x0000000000000000

clint mtime 0x000000000000038C (mip.MTI <- 0b1, mip.STI <- 0b0)
mem[X,0x0000000080001F50] -> 0x0593
mem[X,0x0000000080001F52] -> 0x05D0
[1816] [M]: 0x0000000080001F50 (0x05D00593) addi x11, x0, 0x5d                      common_Mexcpt_handler+32
x11 <- 0x000000000000005D

mem[X,0x0000000080001F54] -> 0xD5B3
mem[X,0x0000000080001F56] -> 0x0095
[1817] [M]: 0x0000000080001F54 (0x0095D5B3) srl x11, x11, x9                        common_Mexcpt_handler+36
x11 <- 0x000000000000005D

clint mtime 0x000000000000038D (mip.MTI <- 0b1, mip.STI <- 0b0)
mem[X,0x0000000080001F58] -> 0xF593
mem[X,0x0000000080001F5A] -> 0x0015
[1818] [M]: 0x0000000080001F58 (0x0015F593) andi x11, x11, 0x1                      common_Mexcpt_handler+40
x11 <- 0x0000000000000001

mem[X,0x0000000080001F5C] -> 0x8EE3
mem[X,0x0000000080001F5E] -> 0xF405
[1819] [M]: 0x0000000080001F5C (0xF4058EE3) beq x11, x0, -0xa4                      common_Mexcpt_handler+44

clint mtime 0x000000000000038E (mip.MTI <- 0b1, mip.STI <- 0b0)
mem[X,0x0000000080001F60] -> 0x0593
mem[X,0x0000000080001F62] -> 0x2980
[1820] [M]: 0x0000000080001F60 (0x29800593) addi x11, x0, 0x298                     common_Mexcpt_handler+48
x11 <- 0x0000000000000298

mem[X,0x0000000080001F64] -> 0xF413
mem[X,0x0000000080001F66] -> 0x0014
[1821] [M]: 0x0000000080001F64 (0x0014F413) andi x8, x9, 0x1                        common_Mexcpt_handler+52
x8 <- 0x0000000000000000

clint mtime 0x000000000000038F (mip.MTI <- 0b1, mip.STI <- 0b0)
mem[X,0x0000000080001F68] -> 0x95B3
mem[X,0x0000000080001F6A] -> 0x0085
[1822] [M]: 0x0000000080001F68 (0x008595B3) sll x11, x11, x8                        common_Mexcpt_handler+56
x11 <- 0x0000000000000298

mem[X,0x0000000080001F6C] -> 0x9413
mem[X,0x0000000080001F6E] -> 0x03D4
[1823] [M]: 0x0000000080001F6C (0x03D49413) slli x8, x9, 0x3d                       common_Mexcpt_handler+60
x8 <- 0x0000000000000000

clint mtime 0x0000000000000390 (mip.MTI <- 0b1, mip.STI <- 0b0)
mem[X,0x0000000080001F70] -> 0x5413
mem[X,0x0000000080001F72] -> 0x43F4
[1824] [M]: 0x0000000080001F70 (0x43F45413) srai x8, x8, 0x3f                       common_Mexcpt_handler+64
x8 <- 0x0000000000000000

mem[X,0x0000000080001F74] -> 0x4413
mem[X,0x0000000080001F76] -> 0xFFF4
[1825] [M]: 0x0000000080001F74 (0xFFF44413) xori x8, x8, -0x1                       common_Mexcpt_handler+68
x8 <- 0xFFFFFFFFFFFFFFFF

clint mtime 0x0000000000000391 (mip.MTI <- 0b1, mip.STI <- 0b0)
mem[X,0x0000000080001F78] -> 0xF4B3
mem[X,0x0000000080001F7A] -> 0x0085
[1826] [M]: 0x0000000080001F78 (0x0085F4B3) and x9, x11, x8                         common_Mexcpt_handler+72
x9 <- 0x0000000000000298

mem[X,0x0000000080001F7C] -> 0x84B3
mem[X,0x0000000080001F7E] -> 0x0024
[1827] [M]: 0x0000000080001F7C (0x002484B3) add x9, x9, x2                          vmem_adj_Mepc+0
x9 <- 0x0000000080005298

clint mtime 0x0000000000000392 (mip.MTI <- 0b1, mip.STI <- 0b0)
mem[X,0x0000000080001F80] -> 0x23F3
mem[X,0x0000000080001F82] -> 0x3410
[1828] [M]: 0x0000000080001F80 (0x341023F3) csrrs x7, mepc, x0                      vmem_adj_Mepc+4
CSR mepc (0x341) -> 0x000003008000106C
x7 <- 0x000003008000106C

mem[X,0x0000000080001F84] -> 0x0413
mem[X,0x0000000080001F86] -> 0x0004
[1829] [M]: 0x0000000080001F84 (0x00040413) addi x8, x8, 0x0                        vmem_adj_Mepc+8
x8 <- 0xFFFFFFFFFFFFFFFF

clint mtime 0x0000000000000393 (mip.MTI <- 0b1, mip.STI <- 0b0)
mem[X,0x0000000080001F88] -> 0x006F
mem[X,0x0000000080001F8A] -> 0x0400
[1830] [M]: 0x0000000080001F88 (0x0400006F) jal x0, 0x40                            vmem_adj_Mepc+12

mem[X,0x0000000080001FC8] -> 0x8433
mem[X,0x0000000080001FCA] -> 0x4083
[1831] [M]: 0x0000000080001FC8 (0x40838433) sub x8, x7, x8                          adj_Mepc+0
x8 <- 0x000003008000106D

clint mtime 0x0000000000000394 (mip.MTI <- 0b1, mip.STI <- 0b0)
mem[X,0x0000000080001FCC] -> 0x3823
mem[X,0x0000000080001FCE] -> 0x0083
[1832] [M]: 0x0000000080001FCC (0x00833823) sd x8, 0x10(x6)                         sv_Mepc+0
mem[W,0x000000008000A628] <- 0x000003008000106D

mem[X,0x0000000080001FD0] -> 0x55B7
mem[X,0x0000000080001FD2] -> 0x0000
[1833] [M]: 0x0000000080001FD0 (0x000055B7) lui x11, 0x5                            sv_Mepc+4
x11 <- 0x0000000000005000

clint mtime 0x0000000000000395 (mip.MTI <- 0b1, mip.STI <- 0b0)
mem[X,0x0000000080001FD4] -> 0x8593
mem[X,0x0000000080001FD6] -> 0x6675
[1834] [M]: 0x0000000080001FD4 (0x66758593) addi x11, x11, 0x667                    sv_Mepc+8
x11 <- 0x0000000000005667

mem[X,0x0000000080001FD8] -> 0x9593
mem[X,0x0000000080001FDA] -> 0x0015
[1835] [M]: 0x0000000080001FD8 (0x00159593) slli x11, x11, 0x1                      sv_Mepc+12
x11 <- 0x000000000000ACCE

clint mtime 0x0000000000000396 (mip.MTI <- 0b1, mip.STI <- 0b0)
mem[X,0x0000000080001FDC] -> 0x9063
mem[X,0x0000000080001FDE] -> 0x02B1
[1836] [M]: 0x0000000080001FDC (0x02B19063) bne x3, x11, 0x20                       sv_Mepc+16

mem[X,0x0000000080001FE0] -> 0x2473
mem[X,0x0000000080001FE2] -> 0x3420
[1837] [M]: 0x0000000080001FE0 (0x34202473) csrrs x8, mcause, x0                    sv_Mepc+20
CSR mcause (0x342) -> 0x0000000000000002
x8 <- 0x0000000000000002

clint mtime 0x0000000000000397 (mip.MTI <- 0b1, mip.STI <- 0b0)
mem[X,0x0000000080001FE4] -> 0x0593
mem[X,0x0000000080001FE6] -> 0x00C0
[1838] [M]: 0x0000000080001FE4 (0x00C00593) addi x11, x0, 0xc                       sv_Mepc+24
x11 <- 0x000000000000000C

mem[X,0x0000000080001FE8] -> 0x0663
mem[X,0x0000000080001FEA] -> 0x00B4
[1839] [M]: 0x0000000080001FE8 (0x00B40663) beq x8, x11, 0xc                        sv_Mepc+28

clint mtime 0x0000000000000398 (mip.MTI <- 0b1, mip.STI <- 0b0)
mem[X,0x0000000080001FEC] -> 0x0593
mem[X,0x0000000080001FEE] -> 0x0010
[1840] [M]: 0x0000000080001FEC (0x00100593) addi x11, x0, 0x1                       sv_Mepc+32
x11 <- 0x0000000000000001

mem[X,0x0000000080001FF0] -> 0x1663
mem[X,0x0000000080001FF2] -> 0x00B4
[1841] [M]: 0x0000000080001FF0 (0x00B41663) bne x8, x11, 0xc                        sv_Mepc+36

clint mtime 0x0000000000000399 (mip.MTI <- 0b1, mip.STI <- 0b0)
mem[X,0x0000000080001FFC] -> 0xF593
mem[X,0x0000000080001FFE] -> 0xFFC3
[1842] [M]: 0x0000000080001FFC (0xFFC3F593) andi x11, x7, -0x4                      adj_Mepc_rtn+0
x11 <- 0x000003008000106C

mem[X,0x0000000080002000] -> 0x8593
mem[X,0x0000000080002002] -> 0x0085
[1843] [M]: 0x0000000080002000 (0x00858593) addi x11, x11, 0x8                      adj_Mepc_rtn+4
x11 <- 0x0000030080001074

clint mtime 0x000000000000039A (mip.MTI <- 0b1, mip.STI <- 0b0)
mem[X,0x0000000080002004] -> 0x9073
mem[X,0x0000000080002006] -> 0x3415
[1844] [M]: 0x0000000080002004 (0x34159073) csrrw x0, mepc, x11                     adj_Mepc_rtn+8
CSR mepc (0x341) <- 0x0000030080001074

mem[X,0x0000000080002008] -> 0x23F3
mem[X,0x000000008000200A] -> 0x3430
[1845] [M]: 0x0000000080002008 (0x343023F3) csrrs x7, mtval, x0                     skp_adj_Mepc+0
CSR mtval (0x343) -> 0x00000000341494F3
x7 <- 0x00000000341494F3

clint mtime 0x000000000000039B (mip.MTI <- 0b1, mip.STI <- 0b0)
mem[X,0x000000008000200C] -> 0x0413
mem[X,0x000000008000200E] -> 0x0004
[1846] [M]: 0x000000008000200C (0x00040413) addi x8, x8, 0x0                        skp_adj_Mepc+4
x8 <- 0x0000000000000002

mem[X,0x0000000080002010] -> 0x006F
mem[X,0x0000000080002012] -> 0x0840
[1847] [M]: 0x0000000080002010 (0x0840006F) jal x0, 0x84                            skp_adj_Mepc+8

clint mtime 0x000000000000039C (mip.MTI <- 0b1, mip.STI <- 0b0)
mem[X,0x0000000080002094] -> 0x8433
mem[X,0x0000000080002096] -> 0x4083
[1848] [M]: 0x0000000080002094 (0x40838433) sub x8, x7, x8                          adj_Mtval+0
x8 <- 0x00000000341494F1

mem[X,0x0000000080002098] -> 0x3C23
mem[X,0x000000008000209A] -> 0x0083
[1849] [M]: 0x0000000080002098 (0x00833C23) sd x8, 0x18(x6)                         sv_Mtval+0
mem[W,0x000000008000A630] <- 0x00000000341494F1

clint mtime 0x000000000000039D (mip.MTI <- 0b1, mip.STI <- 0b0)
mem[X,0x000000008000209C] -> 0x3483
mem[X,0x000000008000209E] -> 0x2181
[1850] [M]: 0x000000008000209C (0x21813483) ld x9, 0x218(x2)                        skp_Mtval+0
mem[R,0x0000000080005218] -> 0x000000008000A638
x9 <- 0x000000008000A638

mem[X,0x00000000800020A0] -> 0x3383
mem[X,0x00000000800020A2] -> 0x1F81
[1851] [M]: 0x00000000800020A0 (0x1F813383) ld x7, 0x1f8(x2)                        skp_Mtval+4
mem[R,0x00000000800051F8] -> 0x000000008000A110
x7 <- 0x000000008000A110

clint mtime 0x000000000000039E (mip.MTI <- 0b1, mip.STI <- 0b0)
mem[X,0x00000000800020A4] -> 0x3303
mem[X,0x00000000800020A6] -> 0x2001
[1852] [M]: 0x00000000800020A4 (0x20013303) ld x6, 0x200(x2)                        skp_Mtval+8
mem[R,0x0000000080005200] -> 0x0000000000000610
x6 <- 0x0000000000000610

mem[X,0x00000000800020A8] -> 0x0333
mem[X,0x00000000800020AA] -> 0x0073
[1853] [M]: 0x00000000800020A8 (0x00730333) add x6, x6, x7                          skp_Mtval+12
x6 <- 0x000000008000A720

clint mtime 0x000000000000039F (mip.MTI <- 0b1, mip.STI <- 0b0)
mem[X,0x00000000800020AC] -> 0x6AE3
mem[X,0x00000000800020AE] -> 0xAE93
[1854] [M]: 0x00000000800020AC (0xAE936AE3) bltu x6, x9, -0x50c                     skp_Mtval+16

mem[X,0x00000000800020B0] -> 0x0393
mem[X,0x00000000800020B2] -> 0x2000
[1855] [M]: 0x00000000800020B0 (0x20000393) addi x7, x0, 0x200                      skp_Mtval+20
x7 <- 0x0000000000000200

clint mtime 0x00000000000003A0 (mip.MTI <- 0b1, mip.STI <- 0b0)
mem[X,0x00000000800020B4] -> 0x006F
mem[X,0x00000000800020B6] -> 0x0400
[1856] [M]: 0x00000000800020B4 (0x0400006F) jal x0, 0x40                            skp_Mtval+24

mem[X,0x00000000800020F4] -> 0x0417
mem[X,0x00000000800020F6] -> 0x0000
[1857] [M]: 0x00000000800020F4 (0x00000417) auipc x8, 0x0                           spcl_Mhandler+0
x8 <- 0x00000000800020F4

clint mtime 0x00000000000003A1 (mip.MTI <- 0b1, mip.STI <- 0b0)
mem[X,0x00000000800020F8] -> 0x0413
mem[X,0x00000000800020FA] -> 0x03C4
[1858] [M]: 0x00000000800020F8 (0x03C40413) addi x8, x8, 0x3c                       spcl_Mhandler+4
x8 <- 0x0000000080002130

mem[X,0x00000000800020FC] -> 0x0433
mem[X,0x00000000800020FE] -> 0x0074
[1859] [M]: 0x00000000800020FC (0x00740433) add x8, x8, x7                          spcl_Mhandler+8
x8 <- 0x0000000080002330

clint mtime 0x00000000000003A2 (mip.MTI <- 0b1, mip.STI <- 0b0)
mem[X,0x0000000080002100] -> 0x1393
mem[X,0x0000000080002102] -> 0x0035
[1860] [M]: 0x0000000080002100 (0x00351393) slli x7, x10, 0x3                       spcl_Mhandler+12
x7 <- 0x0000000000000010

mem[X,0x0000000080002104] -> 0x0433
mem[X,0x0000000080002106] -> 0x0074
[1861] [M]: 0x0000000080002104 (0x00740433) add x8, x8, x7                          spcl_Mhandler+16
x8 <- 0x0000000080002340

clint mtime 0x00000000000003A3 (mip.MTI <- 0b1, mip.STI <- 0b0)
mem[X,0x0000000080002108] -> 0x7413
mem[X,0x000000008000210A] -> 0xFF84
[1862] [M]: 0x0000000080002108 (0xFF847413) andi x8, x8, -0x8                       spcl_Mhandler+20
x8 <- 0x0000000080002340

mem[X,0x000000008000210C] -> 0x3403
mem[X,0x000000008000210E] -> 0x0004
[1863] [M]: 0x000000008000210C (0x00043403) ld x8, 0x0(x8)                          spcl_Mhandler+24
mem[R,0x0000000080002340] -> 0x0000000000000005
x8 <- 0x0000000000000005

clint mtime 0x00000000000003A4 (mip.MTI <- 0b1, mip.STI <- 0b0)
mem[X,0x0000000080002110] -> 0x02E3
mem[X,0x0000000080002112] -> 0xB204
[1864] [M]: 0x0000000080002110 (0xB20402E3) beq x8, x0, -0x4dc                      spcl_Mdispatch_hndling+0

mem[X,0x0000000080002114] -> 0x1393
mem[X,0x0000000080002116] -> 0x03F4
[1865] [M]: 0x0000000080002114 (0x03F41393) slli x7, x8, 0x3f                       spcl_Mdispatch_hndling+4
x7 <- 0x8000000000000000

clint mtime 0x00000000000003A5 (mip.MTI <- 0b1, mip.STI <- 0b0)
mem[X,0x0000000080002118] -> 0xD863
mem[X,0x000000008000211A] -> 0x0003
[1866] [M]: 0x0000000080002118 (0x0003D863) bge x7, x0, 0x10                        spcl_Mdispatch_hndling+8

mem[X,0x000000008000211C] -> 0x5413
mem[X,0x000000008000211E] -> 0x0014
[1867] [M]: 0x000000008000211C (0x00145413) srli x8, x8, 0x1                        spcl_Mdispatch_hndling+12
x8 <- 0x0000000000000002

clint mtime 0x00000000000003A6 (mip.MTI <- 0b1, mip.STI <- 0b0)
mem[X,0x0000000080002120] -> 0x0CE3
mem[X,0x0000000080002122] -> 0xF885
[1868] [M]: 0x0000000080002120 (0xF8850CE3) beq x10, x8, -0x68                      spcl_Mdispatch_hndling+16

mem[X,0x00000000800020B8] -> 0x3303
mem[X,0x00000000800020BA] -> 0x2601
[1869] [M]: 0x00000000800020B8 (0x26013303) ld x6, 0x260(x2)                        resto_Mrtn+0
mem[R,0x0000000080005260] -> 0xFFFFFFFF7FFFF0EC
x6 <- 0xFFFFFFFF7FFFF0EC

clint mtime 0x00000000000003A7 (mip.MTI <- 0b1, mip.STI <- 0b0)
mem[X,0x00000000800020BC] -> 0x3383
mem[X,0x00000000800020BE] -> 0x2681
[1870] [M]: 0x00000000800020BC (0x26813383) ld x7, 0x268(x2)                        resto_Mrtn+4
mem[R,0x0000000080005268] -> 0x0000000080005000
x7 <- 0x0000000080005000

mem[X,0x00000000800020C0] -> 0x3403
mem[X,0x00000000800020C2] -> 0x2701
[1871] [M]: 0x00000000800020C0 (0x27013403) ld x8, 0x270(x2)                        resto_Mrtn+8
mem[R,0x0000000080005270] -> 0x0000000000007F76
x8 <- 0x0000000000007F76

clint mtime 0x00000000000003A8 (mip.MTI <- 0b1, mip.STI <- 0b0)
mem[X,0x00000000800020C4] -> 0x3483
mem[X,0x00000000800020C6] -> 0x2781
[1872] [M]: 0x00000000800020C4 (0x27813483) ld x9, 0x278(x2)                        resto_Mrtn+12
mem[R,0x0000000080005278] -> 0x0000030000000150
x9 <- 0x0000030000000150

mem[X,0x00000000800020C8] -> 0x3503
mem[X,0x00000000800020CA] -> 0x2801
[1873] [M]: 0x00000000800020C8 (0x28013503) ld x10, 0x280(x2)                       resto_Mrtn+16
mem[R,0x0000000080005280] -> 0x00000000200000C9
x10 <- 0x00000000200000C9

clint mtime 0x00000000000003A9 (mip.MTI <- 0b1, mip.STI <- 0b0)
mem[X,0x00000000800020CC] -> 0x3583
mem[X,0x00000000800020CE] -> 0x2881
[1874] [M]: 0x00000000800020CC (0x28813583) ld x11, 0x288(x2)                       resto_Mrtn+20
mem[R,0x0000000080005288] -> 0x00000000000000C9
x11 <- 0x00000000000000C9

mem[X,0x00000000800020D0] -> 0x3103
mem[X,0x00000000800020D2] -> 0x2901
[1875] [M]: 0x00000000800020D0 (0x29013103) ld x2, 0x290(x2)                        resto_Mrtn+24
mem[R,0x0000000080005290] -> 0x0000000000000000
x2 <- 0x0000000000000000

clint mtime 0x00000000000003AA (mip.MTI <- 0b1, mip.STI <- 0b0)
mem[X,0x00000000800020D4] -> 0x0073
mem[X,0x00000000800020D6] -> 0x3020
[1876] [M]: 0x00000000800020D4 (0x30200073) mret                                    resto_Mrtn+28
CSR mstatus (0x300) <- 0x0000000A00080080
ret-ing from M to S

PTW: Start, vpn=0x30080001, access_type=X, privilege=Smem[R,0x0000000080009030] -> 0x00000000000000CB
PTW: Step, level=3, pte=0xCB, pte_addr=0x80009030
PTW: Success, final_ppn=0x80001, level=3mem[X,0x0000000080001074] -> 0x07B7
PTW: Start, vpn=0x30080001, access_type=X, privilege=Smem[R,0x0000000080009030] -> 0x00000000000000CB
PTW: Step, level=3, pte=0xCB, pte_addr=0x80009030
PTW: Success, final_ppn=0x80001, level=3mem[X,0x0000000080001076] -> 0x0000
[1877] [S]: 0x0000030080001074 (0x000007B7) lui x15, 0x0                            va_rvtest_code_begin+2232
x15 <- 0x0000000000000000

clint mtime 0x00000000000003AB (mip.MTI <- 0b1, mip.STI <- 0b0)
PTW: Start, vpn=0x30080001, access_type=X, privilege=Smem[R,0x0000000080009030] -> 0x00000000000000CB
PTW: Step, level=3, pte=0xCB, pte_addr=0x80009030
PTW: Success, final_ppn=0x80001, level=3mem[X,0x0000000080001078] -> 0x8793
PTW: Start, vpn=0x30080001, access_type=X, privilege=Smem[R,0x0000000080009030] -> 0x00000000000000CB
PTW: Step, level=3, pte=0xCB, pte_addr=0x80009030
PTW: Success, final_ppn=0x80001, level=3mem[X,0x000000008000107A] -> 0x2807
[1878] [S]: 0x0000030080001078 (0x28078793) addi x15, x15, 0x280                    va_rvtest_code_begin+2236
x15 <- 0x0000000000000280

PTW: Start, vpn=0x30080001, access_type=X, privilege=Smem[R,0x0000000080009030] -> 0x00000000000000CB
PTW: Step, level=3, pte=0xCB, pte_addr=0x80009030
PTW: Success, final_ppn=0x80001, level=3mem[X,0x000000008000107C] -> 0x9793
PTW: Start, vpn=0x30080001, access_type=X, privilege=Smem[R,0x0000000080009030] -> 0x00000000000000CB
PTW: Step, level=3, pte=0xCB, pte_addr=0x80009030
PTW: Success, final_ppn=0x80001, level=3mem[X,0x000000008000107E] -> 0x00B7
[1879] [S]: 0x000003008000107C (0x00B79793) slli x15, x15, 0xb                      va_rvtest_code_begin+2240
x15 <- 0x0000000000140000

clint mtime 0x00000000000003AC (mip.MTI <- 0b1, mip.STI <- 0b0)
PTW: Start, vpn=0x30080001, access_type=X, privilege=Smem[R,0x0000000080009030] -> 0x00000000000000CB
PTW: Step, level=3, pte=0xCB, pte_addr=0x80009030
PTW: Success, final_ppn=0x80001, level=3mem[X,0x0000000080001080] -> 0x8793
PTW: Start, vpn=0x30080001, access_type=X, privilege=Smem[R,0x0000000080009030] -> 0x00000000000000CB
PTW: Step, level=3, pte=0xCB, pte_addr=0x80009030
PTW: Success, final_ppn=0x80001, level=3mem[X,0x0000000080001082] -> 0x0007
[1880] [S]: 0x0000030080001080 (0x00078793) addi x15, x15, 0x0                      va_rvtest_code_begin+2244
x15 <- 0x0000000000140000

PTW: Start, vpn=0x30080001, access_type=X, privilege=Smem[R,0x0000000080009030] -> 0x00000000000000CB
PTW: Step, level=3, pte=0xCB, pte_addr=0x80009030
PTW: Success, final_ppn=0x80001, level=3mem[X,0x0000000080001084] -> 0x9793
PTW: Start, vpn=0x30080001, access_type=X, privilege=Smem[R,0x0000000080009030] -> 0x00000000000000CB
PTW: Step, level=3, pte=0xCB, pte_addr=0x80009030
PTW: Success, final_ppn=0x80001, level=3mem[X,0x0000000080001086] -> 0x00B7
[1881] [S]: 0x0000030080001084 (0x00B79793) slli x15, x15, 0xb                      va_rvtest_code_begin+2248
x15 <- 0x00000000A0000000

clint mtime 0x00000000000003AD (mip.MTI <- 0b1, mip.STI <- 0b0)
PTW: Start, vpn=0x30080001, access_type=X, privilege=Smem[R,0x0000000080009030] -> 0x00000000000000CB
PTW: Step, level=3, pte=0xCB, pte_addr=0x80009030
PTW: Success, final_ppn=0x80001, level=3mem[X,0x0000000080001088] -> 0x8793
PTW: Start, vpn=0x30080001, access_type=X, privilege=Smem[R,0x0000000080009030] -> 0x00000000000000CB
PTW: Step, level=3, pte=0xCB, pte_addr=0x80009030
PTW: Success, final_ppn=0x80001, level=3mem[X,0x000000008000108A] -> 0x0017
[1882] [S]: 0x0000030080001088 (0x00178793) addi x15, x15, 0x1                      va_rvtest_code_begin+2252
x15 <- 0x00000000A0000001

PTW: Start, vpn=0x30080001, access_type=X, privilege=Smem[R,0x0000000080009030] -> 0x00000000000000CB
PTW: Step, level=3, pte=0xCB, pte_addr=0x80009030
PTW: Success, final_ppn=0x80001, level=3mem[X,0x000000008000108C] -> 0x9793
PTW: Start, vpn=0x30080001, access_type=X, privilege=Smem[R,0x0000000080009030] -> 0x00000000000000CB
PTW: Step, level=3, pte=0xCB, pte_addr=0x80009030
PTW: Success, final_ppn=0x80001, level=3mem[X,0x000000008000108E] -> 0x00A7
[1883] [S]: 0x000003008000108C (0x00A79793) slli x15, x15, 0xa                      va_rvtest_code_begin+2256
x15 <- 0x0000028000000400

clint mtime 0x00000000000003AE (mip.MTI <- 0b1, mip.STI <- 0b0)
PTW: Start, vpn=0x30080001, access_type=X, privilege=Smem[R,0x0000000080009030] -> 0x00000000000000CB
PTW: Step, level=3, pte=0xCB, pte_addr=0x80009030
PTW: Success, final_ppn=0x80001, level=3mem[X,0x0000000080001090] -> 0x0613
PTW: Start, vpn=0x30080001, access_type=X, privilege=Smem[R,0x0000000080009030] -> 0x00000000000000CB
PTW: Step, level=3, pte=0xCB, pte_addr=0x80009030
PTW: Success, final_ppn=0x80001, level=3mem[X,0x0000000080001092] -> 0x0106
[1884] [S]: 0x0000030080001090 (0x01060613) addi x12, x12, 0x10                     va_rvtest_code_begin+2260
x12 <- 0x0000000000000040

PTW: Start, vpn=0x30080001, access_type=X, privilege=Smem[R,0x0000000080009030] -> 0x00000000000000CB
PTW: Step, level=3, pte=0xCB, pte_addr=0x80009030
PTW: Success, final_ppn=0x80001, level=3mem[X,0x0000000080001094] -> 0xAA23
PTW: Start, vpn=0x30080001, access_type=X, privilege=Smem[R,0x0000000080009030] -> 0x00000000000000CB
PTW: Step, level=3, pte=0xCB, pte_addr=0x80009030
PTW: Success, final_ppn=0x80001, level=3mem[X,0x0000000080001096] -> 0x00C7
[1885] [S]: 0x0000030080001094 (0x00C7AA23) sw x12, 0x14(x15)                       va_rvtest_code_begin+2264
PTW: Start, vpn=0x28000000, access_type=W, privilege=Smem[R,0x0000000080009028] -> 0x0000000020002001
PTW: Step, level=3, pte=0x20002001, pte_addr=0x80009028
PTW: Start, vpn=0x28000000, access_type=W, privilege=Smem[R,0x0000000080008000] -> 0x00000000200000C9
PTW: Step, level=2, pte=0x200000C9, pte_addr=0x80008000
PTW: failed, error=no-permission, level=2, pte_addr=0x80008000
trapping from S to M to handle store/amo-page-fault
handling exc#store/amo-page-fault at priv M with tval 0x0000028000000414
CSR mstatus (0x300) <- 0x0000000A00080800
CSR mcause (0x342) <- 0x000000000000000F
CSR mtval (0x343) <- 0x0000028000000414
CSR mepc (0x341) <- 0x0000030080001094

clint mtime 0x00000000000003AF (mip.MTI <- 0b1, mip.STI <- 0b0)
mem[X,0x0000000080001C80] -> 0x006F
mem[X,0x0000000080001C82] -> 0x1000
[1886] [M]: 0x0000000080001C80 (0x1000006F) jal x0, 0x100                           Mtrampoline+0

mem[X,0x0000000080001D80] -> 0x1173
mem[X,0x0000000080001D82] -> 0x3401
[1887] [M]: 0x0000000080001D80 (0x34011173) csrrw x2, mscratch, x2                  trap_Mhandler+0
CSR mscratch (0x340) <- 0x0000000000000000
x2 <- 0x0000000080005000

clint mtime 0x00000000000003B0 (mip.MTI <- 0b1, mip.STI <- 0b0)
mem[X,0x0000000080001D84] -> 0x3423
mem[X,0x0000000080001D86] -> 0x28B1
[1888] [M]: 0x0000000080001D84 (0x28B13423) sd x11, 0x288(x2)                       trap_Mhandler+4
mem[W,0x0000000080005288] <- 0x00000000000000C9

mem[X,0x0000000080001D88] -> 0x05EF
mem[X,0x0000000080001D8A] -> 0x0B80
[1889] [M]: 0x0000000080001D88 (0x0B8005EF) jal x11, 0xb8                           trap_Mhandler+8
x11 <- 0x0000000080001D8C

clint mtime 0x00000000000003B1 (mip.MTI <- 0b1, mip.STI <- 0b0)
mem[X,0x0000000080001E40] -> 0x3023
mem[X,0x0000000080001E42] -> 0x28A1
[1890] [M]: 0x0000000080001E40 (0x28A13023) sd x10, 0x280(x2)                       common_Mhandler+0
mem[W,0x0000000080005280] <- 0x00000000200000C9

mem[X,0x0000000080001E44] -> 0x1573
mem[X,0x0000000080001E46] -> 0x3401
[1891] [M]: 0x0000000080001E44 (0x34011573) csrrw x10, mscratch, x2                 common_Mhandler+4
CSR mscratch (0x340) <- 0x0000000080005000
x10 <- 0x0000000000000000

clint mtime 0x00000000000003B2 (mip.MTI <- 0b1, mip.STI <- 0b0)
mem[X,0x0000000080001E48] -> 0x3823
mem[X,0x0000000080001E4A] -> 0x28A1
[1892] [M]: 0x0000000080001E48 (0x28A13823) sd x10, 0x290(x2)                       common_Mhandler+8
mem[W,0x0000000080005290] <- 0x0000000000000000

mem[X,0x0000000080001E4C] -> 0x3503
mem[X,0x0000000080001E4E] -> 0x2301
[1893] [M]: 0x0000000080001E4C (0x23013503) ld x10, 0x230(x2)                       common_Mhandler+12
mem[R,0x0000000080005230] -> 0x0000000080001E54
x10 <- 0x0000000080001E54

clint mtime 0x00000000000003B3 (mip.MTI <- 0b1, mip.STI <- 0b0)
mem[X,0x0000000080001E50] -> 0x0067
mem[X,0x0000000080001E52] -> 0x0005
[1894] [M]: 0x0000000080001E50 (0x00050067) jalr x0, 0x0(x10)                       common_Mhandler+16

mem[X,0x0000000080001E54] -> 0x3C23
mem[X,0x0000000080001E56] -> 0x2691
[1895] [M]: 0x0000000080001E54 (0x26913C23) sd x9, 0x278(x2)                        common_Mentry+0
mem[W,0x0000000080005278] <- 0x0000030000000150

clint mtime 0x00000000000003B4 (mip.MTI <- 0b1, mip.STI <- 0b0)
mem[X,0x0000000080001E58] -> 0x3823
mem[X,0x0000000080001E5A] -> 0x2681
[1896] [M]: 0x0000000080001E58 (0x26813823) sd x8, 0x270(x2)                        common_Mentry+4
mem[W,0x0000000080005270] <- 0x0000000000007F76

mem[X,0x0000000080001E5C] -> 0x3423
mem[X,0x0000000080001E5E] -> 0x2671
[1897] [M]: 0x0000000080001E5C (0x26713423) sd x7, 0x268(x2)                        common_Mentry+8
mem[W,0x0000000080005268] <- 0x0000000080005000

clint mtime 0x00000000000003B5 (mip.MTI <- 0b1, mip.STI <- 0b0)
mem[X,0x0000000080001E60] -> 0x3023
mem[X,0x0000000080001E62] -> 0x2661
[1898] [M]: 0x0000000080001E60 (0x26613023) sd x6, 0x260(x2)                        common_Mentry+12
mem[W,0x0000000080005260] <- 0xFFFFFFFF7FFFF0EC

mem[X,0x0000000080001E64] -> 0x2573
mem[X,0x0000000080001E66] -> 0x3420
[1899] [M]: 0x0000000080001E64 (0x34202573) csrrs x10, mcause, x0                   spcl_M2mmode_test+0
CSR mcause (0x342) -> 0x000000000000000F
x10 <- 0x000000000000000F

clint mtime 0x00000000000003B6 (mip.MTI <- 0b1, mip.STI <- 0b0)
mem[X,0x0000000080001E68] -> 0x04B7
mem[X,0x0000000080001E6A] -> 0x8000
[1900] [M]: 0x0000000080001E68 (0x800004B7) lui x9, -0x80000                        spcl_M2mmode_test+4
x9 <- 0xFFFFFFFF80000000

mem[X,0x0000000080001E6C] -> 0x8493
mem[X,0x0000000080001E6E] -> 0x0004
[1901] [M]: 0x0000000080001E6C (0x00048493) addi x9, x9, 0x0                        spcl_M2mmode_test+8
x9 <- 0xFFFFFFFF80000000

clint mtime 0x00000000000003B7 (mip.MTI <- 0b1, mip.STI <- 0b0)
mem[X,0x0000000080001E70] -> 0x9493
mem[X,0x0000000080001E72] -> 0x00B4
[1902] [M]: 0x0000000080001E70 (0x00B49493) slli x9, x9, 0xb                        spcl_M2mmode_test+12
x9 <- 0xFFFFFC0000000000

mem[X,0x0000000080001E74] -> 0x8493
mem[X,0x0000000080001E76] -> 0x0004
[1903] [M]: 0x0000000080001E74 (0x00048493) addi x9, x9, 0x0                        spcl_M2mmode_test+16
x9 <- 0xFFFFFC0000000000

clint mtime 0x00000000000003B8 (mip.MTI <- 0b1, mip.STI <- 0b0)
mem[X,0x0000000080001E78] -> 0x9493
mem[X,0x0000000080001E7A] -> 0x00B4
[1904] [M]: 0x0000000080001E78 (0x00B49493) slli x9, x9, 0xb                        spcl_M2mmode_test+20
x9 <- 0xFFE0000000000000

mem[X,0x0000000080001E7C] -> 0x8493
mem[X,0x0000000080001E7E] -> 0x0034
[1905] [M]: 0x0000000080001E7C (0x00348493) addi x9, x9, 0x3                        spcl_M2mmode_test+24
x9 <- 0xFFE0000000000003

clint mtime 0x00000000000003B9 (mip.MTI <- 0b1, mip.STI <- 0b0)
mem[X,0x0000000080001E80] -> 0x9493
mem[X,0x0000000080001E82] -> 0x00A4
[1906] [M]: 0x0000000080001E80 (0x00A49493) slli x9, x9, 0xa                        spcl_M2mmode_test+28
x9 <- 0x8000000000000C00

mem[X,0x0000000080001E84] -> 0x8493
mem[X,0x0000000080001E86] -> 0x3FC4
[1907] [M]: 0x0000000080001E84 (0x3FC48493) addi x9, x9, 0x3fc                      spcl_M2mmode_test+32
x9 <- 0x8000000000000FFC

clint mtime 0x00000000000003BA (mip.MTI <- 0b1, mip.STI <- 0b0)
mem[X,0x0000000080001E88] -> 0xF4B3
mem[X,0x0000000080001E8A] -> 0x00A4
[1908] [M]: 0x0000000080001E88 (0x00A4F4B3) and x9, x9, x10                         spcl_M2mmode_test+36
x9 <- 0x000000000000000C

mem[X,0x0000000080001E8C] -> 0x8493
mem[X,0x0000000080001E8E] -> 0xFF84
[1909] [M]: 0x0000000080001E8C (0xFF848493) addi x9, x9, -0x8                       spcl_M2mmode_test+40
x9 <- 0x0000000000000004

clint mtime 0x00000000000003BB (mip.MTI <- 0b1, mip.STI <- 0b0)
mem[X,0x0000000080001E90] -> 0x9663
mem[X,0x0000000080001E92] -> 0x0004
[1910] [M]: 0x0000000080001E90 (0x00049663) bne x9, x0, 0xc                         spcl_M2mmode_test+44

mem[X,0x0000000080001E9C] -> 0x0393
mem[X,0x0000000080001E9E] -> 0x0200
[1911] [M]: 0x0000000080001E9C (0x02000393) addi x7, x0, 0x20                       Mtrapsig_ptr_upd+0
x7 <- 0x0000000000000020

clint mtime 0x00000000000003BC (mip.MTI <- 0b1, mip.STI <- 0b0)
mem[X,0x0000000080001EA0] -> 0x5263
mem[X,0x0000000080001EA2] -> 0x0405
[1912] [M]: 0x0000000080001EA0 (0x04055263) bge x10, x0, 0x44                       Mtrapsig_ptr_upd+4

mem[X,0x0000000080001EE4] -> 0x2373
mem[X,0x0000000080001EE6] -> 0x3010
[1913] [M]: 0x0000000080001EE4 (0x30102373) csrrs x6, misa, x0                      Mxcpt_sig_sv+0
CSR misa (0x301) -> 0x800000000034112F
x6 <- 0x800000000034112F

clint mtime 0x00000000000003BD (mip.MTI <- 0b1, mip.STI <- 0b0)
mem[X,0x0000000080001EE8] -> 0x1313
mem[X,0x0000000080001EEA] -> 0x0383
[1914] [M]: 0x0000000080001EE8 (0x03831313) slli x6, x6, 0x38                       Mxcpt_sig_sv+4
x6 <- 0x2F00000000000000

mem[X,0x0000000080001EEC] -> 0x5463
mem[X,0x0000000080001EEE] -> 0x0003
[1915] [M]: 0x0000000080001EEC (0x00035463) bge x6, x0, 0x8                         Mxcpt_sig_sv+8

clint mtime 0x00000000000003BE (mip.MTI <- 0b1, mip.STI <- 0b0)
mem[X,0x0000000080001EF4] -> 0x3303
mem[X,0x0000000080001EF6] -> 0x2181
[1916] [M]: 0x0000000080001EF4 (0x21813303) ld x6, 0x218(x2)                        Mtrap_sig_sv+0
mem[R,0x0000000080005218] -> 0x000000008000A638
x6 <- 0x000000008000A638

mem[X,0x0000000080001EF8] -> 0x04B3
mem[X,0x0000000080001EFA] -> 0x0073
[1917] [M]: 0x0000000080001EF8 (0x007304B3) add x9, x6, x7                          Mtrap_sig_sv+4
x9 <- 0x000000008000A658

clint mtime 0x00000000000003BF (mip.MTI <- 0b1, mip.STI <- 0b0)
mem[X,0x0000000080001EFC] -> 0x3C23
mem[X,0x0000000080001EFE] -> 0x2091
[1918] [M]: 0x0000000080001EFC (0x20913C23) sd x9, 0x218(x2)                        Mtrap_sig_sv+8
mem[W,0x0000000080005218] <- 0x000000008000A658

mem[X,0x0000000080001F00] -> 0x3403
mem[X,0x0000000080001F02] -> 0x1F81
[1919] [M]: 0x0000000080001F00 (0x1F813403) ld x8, 0x1f8(x2)                        Mtrap_sig_sv+12
mem[R,0x00000000800051F8] -> 0x000000008000A110
x8 <- 0x000000008000A110

clint mtime 0x00000000000003C0 (mip.MTI <- 0b1, mip.STI <- 0b0)
mem[X,0x0000000080001F04] -> 0x0333
mem[X,0x0000000080001F06] -> 0x4083
[1920] [M]: 0x0000000080001F04 (0x40830333) sub x6, x6, x8                          Mtrap_sig_sv+16
x6 <- 0x0000000000000528

mem[X,0x0000000080001F08] -> 0x3403
mem[X,0x0000000080001F0A] -> 0x1F81
[1921] [M]: 0x0000000080001F08 (0x1F813403) ld x8, 0x1f8(x2)                        Mtrap_sig_sv+20
mem[R,0x00000000800051F8] -> 0x000000008000A110
x8 <- 0x000000008000A110

clint mtime 0x00000000000003C1 (mip.MTI <- 0b1, mip.STI <- 0b0)
mem[X,0x0000000080001F0C] -> 0x0333
mem[X,0x0000000080001F0E] -> 0x0083
[1922] [M]: 0x0000000080001F0C (0x00830333) add x6, x6, x8                          Mtrap_sig_sv+24
x6 <- 0x000000008000A638

mem[X,0x0000000080001F10] -> 0x3403
mem[X,0x0000000080001F12] -> 0x2401
[1923] [M]: 0x0000000080001F10 (0x24013403) ld x8, 0x240(x2)                        Mtrap_sig_sv+28
mem[R,0x0000000080005240] -> 0x0000000080001C80
x8 <- 0x0000000080001C80

clint mtime 0x00000000000003C2 (mip.MTI <- 0b1, mip.STI <- 0b0)
mem[X,0x0000000080001F14] -> 0x85B3
mem[X,0x0000000080001F16] -> 0x4085
[1924] [M]: 0x0000000080001F14 (0x408585B3) sub x11, x11, x8                        sv_Mvect+0
x11 <- 0x000000000000010C

mem[X,0x0000000080001F18] -> 0x9593
mem[X,0x0000000080001F1A] -> 0x0045
[1925] [M]: 0x0000000080001F18 (0x00459593) slli x11, x11, 0x4                      sv_Mvect+4
x11 <- 0x00000000000010C0

clint mtime 0x00000000000003C3 (mip.MTI <- 0b1, mip.STI <- 0b0)
mem[X,0x0000000080001F1C] -> 0xE5B3
mem[X,0x0000000080001F1E] -> 0x0075
[1926] [M]: 0x0000000080001F1C (0x0075E5B3) or x11, x11, x7                         sv_Mvect+8
x11 <- 0x00000000000010E0

mem[X,0x0000000080001F20] -> 0x8593
mem[X,0x0000000080001F22] -> 0x0035
[1927] [M]: 0x0000000080001F20 (0x00358593) addi x11, x11, 0x3                      sv_Mvect+12
x11 <- 0x00000000000010E3

clint mtime 0x00000000000003C4 (mip.MTI <- 0b1, mip.STI <- 0b0)
mem[X,0x0000000080001F24] -> 0x3023
mem[X,0x0000000080001F26] -> 0x00B3
[1928] [M]: 0x0000000080001F24 (0x00B33023) sd x11, 0x0(x6)                         sv_Mvect+16
mem[W,0x000000008000A638] <- 0x00000000000010E3

mem[X,0x0000000080001F28] -> 0x3423
mem[X,0x0000000080001F2A] -> 0x00A3
[1929] [M]: 0x0000000080001F28 (0x00A33423) sd x10, 0x8(x6)                         sv_Mcause+0
mem[W,0x000000008000A640] <- 0x000000000000000F

clint mtime 0x00000000000003C5 (mip.MTI <- 0b1, mip.STI <- 0b0)
mem[X,0x0000000080001F2C] -> 0x4663
mem[X,0x0000000080001F2E] -> 0x1A05
[1930] [M]: 0x0000000080001F2C (0x1A054663) blt x10, x0, 0x1ac                      sv_Mcause+4

mem[X,0x0000000080001F30] -> 0x25F3
mem[X,0x0000000080001F32] -> 0x3000
[1931] [M]: 0x0000000080001F30 (0x300025F3) csrrs x11, mstatus, x0                  common_Mexcpt_handler+0
CSR mstatus (0x300) -> 0x0000000A00080800
x11 <- 0x0000000A00080800

clint mtime 0x00000000000003C6 (mip.MTI <- 0b1, mip.STI <- 0b0)
mem[X,0x0000000080001F34] -> 0x9413
mem[X,0x0000000080001F36] -> 0x02E5
[1932] [M]: 0x0000000080001F34 (0x02E59413) slli x8, x11, 0x2e                      common_Mexcpt_handler+4
x8 <- 0x0200000000000000

mem[X,0x0000000080001F38] -> 0x5463
mem[X,0x0000000080001F3A] -> 0x0004
[1933] [M]: 0x0000000080001F38 (0x00045463) bge x8, x0, 0x8                         common_Mexcpt_handler+8

clint mtime 0x00000000000003C7 (mip.MTI <- 0b1, mip.STI <- 0b0)
mem[X,0x0000000080001F40] -> 0xD493
mem[X,0x0000000080001F42] -> 0x00B5
[1934] [M]: 0x0000000080001F40 (0x00B5D493) srli x9, x11, 0xb                       common_Mexcpt_handler+16
x9 <- 0x0000000001400101

mem[X,0x0000000080001F44] -> 0xF493
mem[X,0x0000000080001F46] -> 0x0034
[1935] [M]: 0x0000000080001F44 (0x0034F493) andi x9, x9, 0x3                        common_Mexcpt_handler+20
x9 <- 0x0000000000000001

clint mtime 0x00000000000003C8 (mip.MTI <- 0b1, mip.STI <- 0b0)
mem[X,0x0000000080001F48] -> 0x8493
mem[X,0x0000000080001F4A] -> 0x0014
[1936] [M]: 0x0000000080001F48 (0x00148493) addi x9, x9, 0x1                        common_Mexcpt_handler+24
x9 <- 0x0000000000000002

mem[X,0x0000000080001F4C] -> 0xF493
mem[X,0x0000000080001F4E] -> 0x0044
[1937] [M]: 0x0000000080001F4C (0x0044F493) andi x9, x9, 0x4                        common_Mexcpt_handler+28
x9 <- 0x0000000000000000

clint mtime 0x00000000000003C9 (mip.MTI <- 0b1, mip.STI <- 0b0)
mem[X,0x0000000080001F50] -> 0x0593
mem[X,0x0000000080001F52] -> 0x05D0
[1938] [M]: 0x0000000080001F50 (0x05D00593) addi x11, x0, 0x5d                      common_Mexcpt_handler+32
x11 <- 0x000000000000005D

mem[X,0x0000000080001F54] -> 0xD5B3
mem[X,0x0000000080001F56] -> 0x0095
[1939] [M]: 0x0000000080001F54 (0x0095D5B3) srl x11, x11, x9                        common_Mexcpt_handler+36
x11 <- 0x000000000000005D

clint mtime 0x00000000000003CA (mip.MTI <- 0b1, mip.STI <- 0b0)
mem[X,0x0000000080001F58] -> 0xF593
mem[X,0x0000000080001F5A] -> 0x0015
[1940] [M]: 0x0000000080001F58 (0x0015F593) andi x11, x11, 0x1                      common_Mexcpt_handler+40
x11 <- 0x0000000000000001

mem[X,0x0000000080001F5C] -> 0x8EE3
mem[X,0x0000000080001F5E] -> 0xF405
[1941] [M]: 0x0000000080001F5C (0xF4058EE3) beq x11, x0, -0xa4                      common_Mexcpt_handler+44

clint mtime 0x00000000000003CB (mip.MTI <- 0b1, mip.STI <- 0b0)
mem[X,0x0000000080001F60] -> 0x0593
mem[X,0x0000000080001F62] -> 0x2980
[1942] [M]: 0x0000000080001F60 (0x29800593) addi x11, x0, 0x298                     common_Mexcpt_handler+48
x11 <- 0x0000000000000298

mem[X,0x0000000080001F64] -> 0xF413
mem[X,0x0000000080001F66] -> 0x0014
[1943] [M]: 0x0000000080001F64 (0x0014F413) andi x8, x9, 0x1                        common_Mexcpt_handler+52
x8 <- 0x0000000000000000

clint mtime 0x00000000000003CC (mip.MTI <- 0b1, mip.STI <- 0b0)
mem[X,0x0000000080001F68] -> 0x95B3
mem[X,0x0000000080001F6A] -> 0x0085
[1944] [M]: 0x0000000080001F68 (0x008595B3) sll x11, x11, x8                        common_Mexcpt_handler+56
x11 <- 0x0000000000000298

mem[X,0x0000000080001F6C] -> 0x9413
mem[X,0x0000000080001F6E] -> 0x03D4
[1945] [M]: 0x0000000080001F6C (0x03D49413) slli x8, x9, 0x3d                       common_Mexcpt_handler+60
x8 <- 0x0000000000000000

clint mtime 0x00000000000003CD (mip.MTI <- 0b1, mip.STI <- 0b0)
mem[X,0x0000000080001F70] -> 0x5413
mem[X,0x0000000080001F72] -> 0x43F4
[1946] [M]: 0x0000000080001F70 (0x43F45413) srai x8, x8, 0x3f                       common_Mexcpt_handler+64
x8 <- 0x0000000000000000

mem[X,0x0000000080001F74] -> 0x4413
mem[X,0x0000000080001F76] -> 0xFFF4
[1947] [M]: 0x0000000080001F74 (0xFFF44413) xori x8, x8, -0x1                       common_Mexcpt_handler+68
x8 <- 0xFFFFFFFFFFFFFFFF

clint mtime 0x00000000000003CE (mip.MTI <- 0b1, mip.STI <- 0b0)
mem[X,0x0000000080001F78] -> 0xF4B3
mem[X,0x0000000080001F7A] -> 0x0085
[1948] [M]: 0x0000000080001F78 (0x0085F4B3) and x9, x11, x8                         common_Mexcpt_handler+72
x9 <- 0x0000000000000298

mem[X,0x0000000080001F7C] -> 0x84B3
mem[X,0x0000000080001F7E] -> 0x0024
[1949] [M]: 0x0000000080001F7C (0x002484B3) add x9, x9, x2                          vmem_adj_Mepc+0
x9 <- 0x0000000080005298

clint mtime 0x00000000000003CF (mip.MTI <- 0b1, mip.STI <- 0b0)
mem[X,0x0000000080001F80] -> 0x23F3
mem[X,0x0000000080001F82] -> 0x3410
[1950] [M]: 0x0000000080001F80 (0x341023F3) csrrs x7, mepc, x0                      vmem_adj_Mepc+4
CSR mepc (0x341) -> 0x0000030080001094
x7 <- 0x0000030080001094

mem[X,0x0000000080001F84] -> 0x0413
mem[X,0x0000000080001F86] -> 0x0004
[1951] [M]: 0x0000000080001F84 (0x00040413) addi x8, x8, 0x0                        vmem_adj_Mepc+8
x8 <- 0xFFFFFFFFFFFFFFFF

clint mtime 0x00000000000003D0 (mip.MTI <- 0b1, mip.STI <- 0b0)
mem[X,0x0000000080001F88] -> 0x006F
mem[X,0x0000000080001F8A] -> 0x0400
[1952] [M]: 0x0000000080001F88 (0x0400006F) jal x0, 0x40                            vmem_adj_Mepc+12

mem[X,0x0000000080001FC8] -> 0x8433
mem[X,0x0000000080001FCA] -> 0x4083
[1953] [M]: 0x0000000080001FC8 (0x40838433) sub x8, x7, x8                          adj_Mepc+0
x8 <- 0x0000030080001095

clint mtime 0x00000000000003D1 (mip.MTI <- 0b1, mip.STI <- 0b0)
mem[X,0x0000000080001FCC] -> 0x3823
mem[X,0x0000000080001FCE] -> 0x0083
[1954] [M]: 0x0000000080001FCC (0x00833823) sd x8, 0x10(x6)                         sv_Mepc+0
mem[W,0x000000008000A648] <- 0x0000030080001095

mem[X,0x0000000080001FD0] -> 0x55B7
mem[X,0x0000000080001FD2] -> 0x0000
[1955] [M]: 0x0000000080001FD0 (0x000055B7) lui x11, 0x5                            sv_Mepc+4
x11 <- 0x0000000000005000

clint mtime 0x00000000000003D2 (mip.MTI <- 0b1, mip.STI <- 0b0)
mem[X,0x0000000080001FD4] -> 0x8593
mem[X,0x0000000080001FD6] -> 0x6675
[1956] [M]: 0x0000000080001FD4 (0x66758593) addi x11, x11, 0x667                    sv_Mepc+8
x11 <- 0x0000000000005667

mem[X,0x0000000080001FD8] -> 0x9593
mem[X,0x0000000080001FDA] -> 0x0015
[1957] [M]: 0x0000000080001FD8 (0x00159593) slli x11, x11, 0x1                      sv_Mepc+12
x11 <- 0x000000000000ACCE

clint mtime 0x00000000000003D3 (mip.MTI <- 0b1, mip.STI <- 0b0)
mem[X,0x0000000080001FDC] -> 0x9063
mem[X,0x0000000080001FDE] -> 0x02B1
[1958] [M]: 0x0000000080001FDC (0x02B19063) bne x3, x11, 0x20                       sv_Mepc+16

mem[X,0x0000000080001FE0] -> 0x2473
mem[X,0x0000000080001FE2] -> 0x3420
[1959] [M]: 0x0000000080001FE0 (0x34202473) csrrs x8, mcause, x0                    sv_Mepc+20
CSR mcause (0x342) -> 0x000000000000000F
x8 <- 0x000000000000000F

clint mtime 0x00000000000003D4 (mip.MTI <- 0b1, mip.STI <- 0b0)
mem[X,0x0000000080001FE4] -> 0x0593
mem[X,0x0000000080001FE6] -> 0x00C0
[1960] [M]: 0x0000000080001FE4 (0x00C00593) addi x11, x0, 0xc                       sv_Mepc+24
x11 <- 0x000000000000000C

mem[X,0x0000000080001FE8] -> 0x0663
mem[X,0x0000000080001FEA] -> 0x00B4
[1961] [M]: 0x0000000080001FE8 (0x00B40663) beq x8, x11, 0xc                        sv_Mepc+28

clint mtime 0x00000000000003D5 (mip.MTI <- 0b1, mip.STI <- 0b0)
mem[X,0x0000000080001FEC] -> 0x0593
mem[X,0x0000000080001FEE] -> 0x0010
[1962] [M]: 0x0000000080001FEC (0x00100593) addi x11, x0, 0x1                       sv_Mepc+32
x11 <- 0x0000000000000001

mem[X,0x0000000080001FF0] -> 0x1663
mem[X,0x0000000080001FF2] -> 0x00B4
[1963] [M]: 0x0000000080001FF0 (0x00B41663) bne x8, x11, 0xc                        sv_Mepc+36

clint mtime 0x00000000000003D6 (mip.MTI <- 0b1, mip.STI <- 0b0)
mem[X,0x0000000080001FFC] -> 0xF593
mem[X,0x0000000080001FFE] -> 0xFFC3
[1964] [M]: 0x0000000080001FFC (0xFFC3F593) andi x11, x7, -0x4                      adj_Mepc_rtn+0
x11 <- 0x0000030080001094

mem[X,0x0000000080002000] -> 0x8593
mem[X,0x0000000080002002] -> 0x0085
[1965] [M]: 0x0000000080002000 (0x00858593) addi x11, x11, 0x8                      adj_Mepc_rtn+4
x11 <- 0x000003008000109C

clint mtime 0x00000000000003D7 (mip.MTI <- 0b1, mip.STI <- 0b0)
mem[X,0x0000000080002004] -> 0x9073
mem[X,0x0000000080002006] -> 0x3415
[1966] [M]: 0x0000000080002004 (0x34159073) csrrw x0, mepc, x11                     adj_Mepc_rtn+8
CSR mepc (0x341) <- 0x000003008000109C

mem[X,0x0000000080002008] -> 0x23F3
mem[X,0x000000008000200A] -> 0x3430
[1967] [M]: 0x0000000080002008 (0x343023F3) csrrs x7, mtval, x0                     skp_adj_Mepc+0
CSR mtval (0x343) -> 0x0000028000000414
x7 <- 0x0000028000000414

clint mtime 0x00000000000003D8 (mip.MTI <- 0b1, mip.STI <- 0b0)
mem[X,0x000000008000200C] -> 0x0413
mem[X,0x000000008000200E] -> 0x0004
[1968] [M]: 0x000000008000200C (0x00040413) addi x8, x8, 0x0                        skp_adj_Mepc+4
x8 <- 0x000000000000000F

mem[X,0x0000000080002010] -> 0x006F
mem[X,0x0000000080002012] -> 0x0840
[1969] [M]: 0x0000000080002010 (0x0840006F) jal x0, 0x84                            skp_adj_Mepc+8

clint mtime 0x00000000000003D9 (mip.MTI <- 0b1, mip.STI <- 0b0)
mem[X,0x0000000080002094] -> 0x8433
mem[X,0x0000000080002096] -> 0x4083
[1970] [M]: 0x0000000080002094 (0x40838433) sub x8, x7, x8                          adj_Mtval+0
x8 <- 0x0000028000000405

mem[X,0x0000000080002098] -> 0x3C23
mem[X,0x000000008000209A] -> 0x0083
[1971] [M]: 0x0000000080002098 (0x00833C23) sd x8, 0x18(x6)                         sv_Mtval+0
mem[W,0x000000008000A650] <- 0x0000028000000405

clint mtime 0x00000000000003DA (mip.MTI <- 0b1, mip.STI <- 0b0)
mem[X,0x000000008000209C] -> 0x3483
mem[X,0x000000008000209E] -> 0x2181
[1972] [M]: 0x000000008000209C (0x21813483) ld x9, 0x218(x2)                        skp_Mtval+0
mem[R,0x0000000080005218] -> 0x000000008000A658
x9 <- 0x000000008000A658

mem[X,0x00000000800020A0] -> 0x3383
mem[X,0x00000000800020A2] -> 0x1F81
[1973] [M]: 0x00000000800020A0 (0x1F813383) ld x7, 0x1f8(x2)                        skp_Mtval+4
mem[R,0x00000000800051F8] -> 0x000000008000A110
x7 <- 0x000000008000A110

clint mtime 0x00000000000003DB (mip.MTI <- 0b1, mip.STI <- 0b0)
mem[X,0x00000000800020A4] -> 0x3303
mem[X,0x00000000800020A6] -> 0x2001
[1974] [M]: 0x00000000800020A4 (0x20013303) ld x6, 0x200(x2)                        skp_Mtval+8
mem[R,0x0000000080005200] -> 0x0000000000000610
x6 <- 0x0000000000000610

mem[X,0x00000000800020A8] -> 0x0333
mem[X,0x00000000800020AA] -> 0x0073
[1975] [M]: 0x00000000800020A8 (0x00730333) add x6, x6, x7                          skp_Mtval+12
x6 <- 0x000000008000A720

clint mtime 0x00000000000003DC (mip.MTI <- 0b1, mip.STI <- 0b0)
mem[X,0x00000000800020AC] -> 0x6AE3
mem[X,0x00000000800020AE] -> 0xAE93
[1976] [M]: 0x00000000800020AC (0xAE936AE3) bltu x6, x9, -0x50c                     skp_Mtval+16

mem[X,0x00000000800020B0] -> 0x0393
mem[X,0x00000000800020B2] -> 0x2000
[1977] [M]: 0x00000000800020B0 (0x20000393) addi x7, x0, 0x200                      skp_Mtval+20
x7 <- 0x0000000000000200

clint mtime 0x00000000000003DD (mip.MTI <- 0b1, mip.STI <- 0b0)
mem[X,0x00000000800020B4] -> 0x006F
mem[X,0x00000000800020B6] -> 0x0400
[1978] [M]: 0x00000000800020B4 (0x0400006F) jal x0, 0x40                            skp_Mtval+24

mem[X,0x00000000800020F4] -> 0x0417
mem[X,0x00000000800020F6] -> 0x0000
[1979] [M]: 0x00000000800020F4 (0x00000417) auipc x8, 0x0                           spcl_Mhandler+0
x8 <- 0x00000000800020F4

clint mtime 0x00000000000003DE (mip.MTI <- 0b1, mip.STI <- 0b0)
mem[X,0x00000000800020F8] -> 0x0413
mem[X,0x00000000800020FA] -> 0x03C4
[1980] [M]: 0x00000000800020F8 (0x03C40413) addi x8, x8, 0x3c                       spcl_Mhandler+4
x8 <- 0x0000000080002130

mem[X,0x00000000800020FC] -> 0x0433
mem[X,0x00000000800020FE] -> 0x0074
[1981] [M]: 0x00000000800020FC (0x00740433) add x8, x8, x7                          spcl_Mhandler+8
x8 <- 0x0000000080002330

clint mtime 0x00000000000003DF (mip.MTI <- 0b1, mip.STI <- 0b0)
mem[X,0x0000000080002100] -> 0x1393
mem[X,0x0000000080002102] -> 0x0035
[1982] [M]: 0x0000000080002100 (0x00351393) slli x7, x10, 0x3                       spcl_Mhandler+12
x7 <- 0x0000000000000078

mem[X,0x0000000080002104] -> 0x0433
mem[X,0x0000000080002106] -> 0x0074
[1983] [M]: 0x0000000080002104 (0x00740433) add x8, x8, x7                          spcl_Mhandler+16
x8 <- 0x00000000800023A8

clint mtime 0x00000000000003E0 (mip.MTI <- 0b1, mip.STI <- 0b0)
mem[X,0x0000000080002108] -> 0x7413
mem[X,0x000000008000210A] -> 0xFF84
[1984] [M]: 0x0000000080002108 (0xFF847413) andi x8, x8, -0x8                       spcl_Mhandler+20
x8 <- 0x00000000800023A8

mem[X,0x000000008000210C] -> 0x3403
mem[X,0x000000008000210E] -> 0x0004
[1985] [M]: 0x000000008000210C (0x00043403) ld x8, 0x0(x8)                          spcl_Mhandler+24
mem[R,0x00000000800023A8] -> 0x000000000000001F
x8 <- 0x000000000000001F

clint mtime 0x00000000000003E1 (mip.MTI <- 0b1, mip.STI <- 0b0)
mem[X,0x0000000080002110] -> 0x02E3
mem[X,0x0000000080002112] -> 0xB204
[1986] [M]: 0x0000000080002110 (0xB20402E3) beq x8, x0, -0x4dc                      spcl_Mdispatch_hndling+0

mem[X,0x0000000080002114] -> 0x1393
mem[X,0x0000000080002116] -> 0x03F4
[1987] [M]: 0x0000000080002114 (0x03F41393) slli x7, x8, 0x3f                       spcl_Mdispatch_hndling+4
x7 <- 0x8000000000000000

clint mtime 0x00000000000003E2 (mip.MTI <- 0b1, mip.STI <- 0b0)
mem[X,0x0000000080002118] -> 0xD863
mem[X,0x000000008000211A] -> 0x0003
[1988] [M]: 0x0000000080002118 (0x0003D863) bge x7, x0, 0x10                        spcl_Mdispatch_hndling+8

mem[X,0x000000008000211C] -> 0x5413
mem[X,0x000000008000211E] -> 0x0014
[1989] [M]: 0x000000008000211C (0x00145413) srli x8, x8, 0x1                        spcl_Mdispatch_hndling+12
x8 <- 0x000000000000000F

clint mtime 0x00000000000003E3 (mip.MTI <- 0b1, mip.STI <- 0b0)
mem[X,0x0000000080002120] -> 0x0CE3
mem[X,0x0000000080002122] -> 0xF885
[1990] [M]: 0x0000000080002120 (0xF8850CE3) beq x10, x8, -0x68                      spcl_Mdispatch_hndling+16

mem[X,0x00000000800020B8] -> 0x3303
mem[X,0x00000000800020BA] -> 0x2601
[1991] [M]: 0x00000000800020B8 (0x26013303) ld x6, 0x260(x2)                        resto_Mrtn+0
mem[R,0x0000000080005260] -> 0xFFFFFFFF7FFFF0EC
x6 <- 0xFFFFFFFF7FFFF0EC

clint mtime 0x00000000000003E4 (mip.MTI <- 0b1, mip.STI <- 0b0)
mem[X,0x00000000800020BC] -> 0x3383
mem[X,0x00000000800020BE] -> 0x2681
[1992] [M]: 0x00000000800020BC (0x26813383) ld x7, 0x268(x2)                        resto_Mrtn+4
mem[R,0x0000000080005268] -> 0x0000000080005000
x7 <- 0x0000000080005000

mem[X,0x00000000800020C0] -> 0x3403
mem[X,0x00000000800020C2] -> 0x2701
[1993] [M]: 0x00000000800020C0 (0x27013403) ld x8, 0x270(x2)                        resto_Mrtn+8
mem[R,0x0000000080005270] -> 0x0000000000007F76
x8 <- 0x0000000000007F76

clint mtime 0x00000000000003E5 (mip.MTI <- 0b1, mip.STI <- 0b0)
mem[X,0x00000000800020C4] -> 0x3483
mem[X,0x00000000800020C6] -> 0x2781
[1994] [M]: 0x00000000800020C4 (0x27813483) ld x9, 0x278(x2)                        resto_Mrtn+12
mem[R,0x0000000080005278] -> 0x0000030000000150
x9 <- 0x0000030000000150

mem[X,0x00000000800020C8] -> 0x3503
mem[X,0x00000000800020CA] -> 0x2801
[1995] [M]: 0x00000000800020C8 (0x28013503) ld x10, 0x280(x2)                       resto_Mrtn+16
mem[R,0x0000000080005280] -> 0x00000000200000C9
x10 <- 0x00000000200000C9

clint mtime 0x00000000000003E6 (mip.MTI <- 0b1, mip.STI <- 0b0)
mem[X,0x00000000800020CC] -> 0x3583
mem[X,0x00000000800020CE] -> 0x2881
[1996] [M]: 0x00000000800020CC (0x28813583) ld x11, 0x288(x2)                       resto_Mrtn+20
mem[R,0x0000000080005288] -> 0x00000000000000C9
x11 <- 0x00000000000000C9

mem[X,0x00000000800020D0] -> 0x3103
mem[X,0x00000000800020D2] -> 0x2901
[1997] [M]: 0x00000000800020D0 (0x29013103) ld x2, 0x290(x2)                        resto_Mrtn+24
mem[R,0x0000000080005290] -> 0x0000000000000000
x2 <- 0x0000000000000000

clint mtime 0x00000000000003E7 (mip.MTI <- 0b1, mip.STI <- 0b0)
mem[X,0x00000000800020D4] -> 0x0073
mem[X,0x00000000800020D6] -> 0x3020
[1998] [M]: 0x00000000800020D4 (0x30200073) mret                                    resto_Mrtn+28
CSR mstatus (0x300) <- 0x0000000A00080080
ret-ing from M to S

PTW: Start, vpn=0x30080001, access_type=X, privilege=Smem[R,0x0000000080009030] -> 0x00000000000000CB
PTW: Step, level=3, pte=0xCB, pte_addr=0x80009030
PTW: Success, final_ppn=0x80001, level=3mem[X,0x000000008000109C] -> 0xA703
PTW: Start, vpn=0x30080001, access_type=X, privilege=Smem[R,0x0000000080009030] -> 0x00000000000000CB
PTW: Step, level=3, pte=0xCB, pte_addr=0x80009030
PTW: Success, final_ppn=0x80001, level=3mem[X,0x000000008000109E] -> 0x0147
[1999] [S]: 0x000003008000109C (0x0147A703) lw x14, 0x14(x15)                       va_rvtest_code_begin+2272
PTW: Start, vpn=0x28000000, access_type=R, privilege=Smem[R,0x0000000080009028] -> 0x0000000020002001
PTW: Step, level=3, pte=0x20002001, pte_addr=0x80009028
PTW: Start, vpn=0x28000000, access_type=R, privilege=Smem[R,0x0000000080008000] -> 0x00000000200000C9
PTW: Step, level=2, pte=0x200000C9, pte_addr=0x80008000
PTW: Success, final_ppn=0x80000, level=2mem[R,0x0000000080000414] -> 0xBEEFCAF2
x14 <- 0xFFFFFFFFBEEFCAF2

clint mtime 0x00000000000003E8 (mip.MTI <- 0b1, mip.STI <- 0b0)
PTW: Start, vpn=0x30080001, access_type=X, privilege=Smem[R,0x0000000080009030] -> 0x00000000000000CB
PTW: Step, level=3, pte=0xCB, pte_addr=0x80009030
PTW: Success, final_ppn=0x80001, level=3mem[X,0x00000000800010A0] -> 0x0013
PTW: Start, vpn=0x30080001, access_type=X, privilege=Smem[R,0x0000000080009030] -> 0x00000000000000CB
PTW: Step, level=3, pte=0xCB, pte_addr=0x80009030
PTW: Success, final_ppn=0x80001, level=3mem[X,0x00000000800010A2] -> 0x0000
[2000] [S]: 0x00000300800010A0 (0x00000013) addi x0, x0, 0x0                        va_rvtest_code_begin+2276

PTW: Start, vpn=0x30080001, access_type=X, privilege=Smem[R,0x0000000080009030] -> 0x00000000000000CB
PTW: Step, level=3, pte=0xCB, pte_addr=0x80009030
PTW: Success, final_ppn=0x80001, level=3mem[X,0x00000000800010A4] -> 0x51B7
PTW: Start, vpn=0x30080001, access_type=X, privilege=Smem[R,0x0000000080009030] -> 0x00000000000000CB
PTW: Step, level=3, pte=0xCB, pte_addr=0x80009030
PTW: Success, final_ppn=0x80001, level=3mem[X,0x00000000800010A6] -> 0x0000
[2001] [S]: 0x00000300800010A4 (0x000051B7) lui x3, 0x5                             va_rvtest_code_begin+2280
x3 <- 0x0000000000005000

clint mtime 0x00000000000003E9 (mip.MTI <- 0b1, mip.STI <- 0b0)
PTW: Start, vpn=0x30080001, access_type=X, privilege=Smem[R,0x0000000080009030] -> 0x00000000000000CB
PTW: Step, level=3, pte=0xCB, pte_addr=0x80009030
PTW: Success, final_ppn=0x80001, level=3mem[X,0x00000000800010A8] -> 0x8193
PTW: Start, vpn=0x30080001, access_type=X, privilege=Smem[R,0x0000000080009030] -> 0x00000000000000CB
PTW: Step, level=3, pte=0xCB, pte_addr=0x80009030
PTW: Success, final_ppn=0x80001, level=3mem[X,0x00000000800010AA] -> 0x6671
[2002] [S]: 0x00000300800010A8 (0x66718193) addi x3, x3, 0x667                      va_rvtest_code_begin+2284
x3 <- 0x0000000000005667

PTW: Start, vpn=0x30080001, access_type=X, privilege=Smem[R,0x0000000080009030] -> 0x00000000000000CB
PTW: Step, level=3, pte=0xCB, pte_addr=0x80009030
PTW: Success, final_ppn=0x80001, level=3mem[X,0x00000000800010AC] -> 0x9193
PTW: Start, vpn=0x30080001, access_type=X, privilege=Smem[R,0x0000000080009030] -> 0x00000000000000CB
PTW: Step, level=3, pte=0xCB, pte_addr=0x80009030
PTW: Success, final_ppn=0x80001, level=3mem[X,0x00000000800010AE] -> 0x0011
[2003] [S]: 0x00000300800010AC (0x00119193) slli x3, x3, 0x1                        va_rvtest_code_begin+2288
x3 <- 0x000000000000ACCE

clint mtime 0x00000000000003EA (mip.MTI <- 0b1, mip.STI <- 0b0)
PTW: Start, vpn=0x30080001, access_type=X, privilege=Smem[R,0x0000000080009030] -> 0x00000000000000CB
PTW: Step, level=3, pte=0xCB, pte_addr=0x80009030
PTW: Success, final_ppn=0x80001, level=3mem[X,0x00000000800010B0] -> 0x0013
PTW: Start, vpn=0x30080001, access_type=X, privilege=Smem[R,0x0000000080009030] -> 0x00000000000000CB
PTW: Step, level=3, pte=0xCB, pte_addr=0x80009030
PTW: Success, final_ppn=0x80001, level=3mem[X,0x00000000800010B2] -> 0x0000
[2004] [S]: 0x00000300800010B0 (0x00000013) addi x0, x0, 0x0                        va_rvtest_code_begin+2292

PTW: Start, vpn=0x30080001, access_type=X, privilege=Smem[R,0x0000000080009030] -> 0x00000000000000CB
PTW: Step, level=3, pte=0xCB, pte_addr=0x80009030
PTW: Success, final_ppn=0x80001, level=3mem[X,0x00000000800010B4] -> 0x0013
PTW: Start, vpn=0x30080001, access_type=X, privilege=Smem[R,0x0000000080009030] -> 0x00000000000000CB
PTW: Step, level=3, pte=0xCB, pte_addr=0x80009030
PTW: Success, final_ppn=0x80001, level=3mem[X,0x00000000800010B6] -> 0x0000
[2005] [S]: 0x00000300800010B4 (0x00000013) addi x0, x0, 0x0                        va_rvtest_code_begin+2296

clint mtime 0x00000000000003EB (mip.MTI <- 0b1, mip.STI <- 0b0)
PTW: Start, vpn=0x30080001, access_type=X, privilege=Smem[R,0x0000000080009030] -> 0x00000000000000CB
PTW: Step, level=3, pte=0xCB, pte_addr=0x80009030
PTW: Success, final_ppn=0x80001, level=3mem[X,0x00000000800010B8] -> 0x0013
PTW: Start, vpn=0x30080001, access_type=X, privilege=Smem[R,0x0000000080009030] -> 0x00000000000000CB
PTW: Step, level=3, pte=0xCB, pte_addr=0x80009030
PTW: Success, final_ppn=0x80001, level=3mem[X,0x00000000800010BA] -> 0x0000
[2006] [S]: 0x00000300800010B8 (0x00000013) addi x0, x0, 0x0                        va_rvtest_code_begin+2300

PTW: Start, vpn=0x30080001, access_type=X, privilege=Smem[R,0x0000000080009030] -> 0x00000000000000CB
PTW: Step, level=3, pte=0xCB, pte_addr=0x80009030
PTW: Success, final_ppn=0x80001, level=3mem[X,0x00000000800010BC] -> 0x0013
PTW: Start, vpn=0x30080001, access_type=X, privilege=Smem[R,0x0000000080009030] -> 0x00000000000000CB
PTW: Step, level=3, pte=0xCB, pte_addr=0x80009030
PTW: Success, final_ppn=0x80001, level=3mem[X,0x00000000800010BE] -> 0x0000
[2007] [S]: 0x00000300800010BC (0x00000013) addi x0, x0, 0x0                        va_rvtest_code_begin+2304

clint mtime 0x00000000000003EC (mip.MTI <- 0b1, mip.STI <- 0b0)
PTW: Start, vpn=0x30080001, access_type=X, privilege=Smem[R,0x0000000080009030] -> 0x00000000000000CB
PTW: Step, level=3, pte=0xCB, pte_addr=0x80009030
PTW: Success, final_ppn=0x80001, level=3mem[X,0x00000000800010C0] -> 0x0217
PTW: Start, vpn=0x30080001, access_type=X, privilege=Smem[R,0x0000000080009030] -> 0x00000000000000CB
PTW: Step, level=3, pte=0xCB, pte_addr=0x80009030
PTW: Success, final_ppn=0x80001, level=3mem[X,0x00000000800010C2] -> 0x0000
[2008] [S]: 0x00000300800010C0 (0x00000217) auipc x4, 0x0                           va_rvtest_code_begin+2308
x4 <- 0x00000300800010C0

PTW: Start, vpn=0x30080001, access_type=X, privilege=Smem[R,0x0000000080009030] -> 0x00000000000000CB
PTW: Step, level=3, pte=0xCB, pte_addr=0x80009030
PTW: Success, final_ppn=0x80001, level=3mem[X,0x00000000800010C4] -> 0x0213
PTW: Start, vpn=0x30080001, access_type=X, privilege=Smem[R,0x0000000080009030] -> 0x00000000000000CB
PTW: Step, level=3, pte=0xCB, pte_addr=0x80009030
PTW: Success, final_ppn=0x80001, level=3mem[X,0x00000000800010C6] -> 0x02C2
[2009] [S]: 0x00000300800010C4 (0x02C20213) addi x4, x4, 0x2c                       va_rvtest_code_begin+2312
x4 <- 0x00000300800010EC

clint mtime 0x00000000000003ED (mip.MTI <- 0b1, mip.STI <- 0b0)
PTW: Start, vpn=0x30080001, access_type=X, privilege=Smem[R,0x0000000080009030] -> 0x00000000000000CB
PTW: Step, level=3, pte=0xCB, pte_addr=0x80009030
PTW: Success, final_ppn=0x80001, level=3mem[X,0x00000000800010C8] -> 0x0001
[2010] [S]: 0x00000300800010C8 (0x0001) c.nop                                       va_rvtest_code_begin+2316

PTW: Start, vpn=0x30080001, access_type=X, privilege=Smem[R,0x0000000080009030] -> 0x00000000000000CB
PTW: Step, level=3, pte=0xCB, pte_addr=0x80009030
PTW: Success, final_ppn=0x80001, level=3mem[X,0x00000000800010CA] -> 0x0013
PTW: Start, vpn=0x30080001, access_type=X, privilege=Smem[R,0x0000000080009030] -> 0x00000000000000CB
PTW: Step, level=3, pte=0xCB, pte_addr=0x80009030
PTW: Success, final_ppn=0x80001, level=3mem[X,0x00000000800010CC] -> 0x0000
[2011] [S]: 0x00000300800010CA (0x00000013) addi x0, x0, 0x0                        va_rvtest_code_begin+2318

clint mtime 0x00000000000003EE (mip.MTI <- 0b1, mip.STI <- 0b0)
PTW: Start, vpn=0x30080001, access_type=X, privilege=Smem[R,0x0000000080009030] -> 0x00000000000000CB
PTW: Step, level=3, pte=0xCB, pte_addr=0x80009030
PTW: Success, final_ppn=0x80001, level=3mem[X,0x00000000800010CE] -> 0x0013
PTW: Start, vpn=0x30080001, access_type=X, privilege=Smem[R,0x0000000080009030] -> 0x00000000000000CB
PTW: Step, level=3, pte=0xCB, pte_addr=0x80009030
PTW: Success, final_ppn=0x80001, level=3mem[X,0x00000000800010D0] -> 0x0000
[2012] [S]: 0x00000300800010CE (0x00000013) addi x0, x0, 0x0                        va_rvtest_code_begin+2322

PTW: Start, vpn=0x30080001, access_type=X, privilege=Smem[R,0x0000000080009030] -> 0x00000000000000CB
PTW: Step, level=3, pte=0xCB, pte_addr=0x80009030
PTW: Success, final_ppn=0x80001, level=3mem[X,0x00000000800010D2] -> 0x0013
PTW: Start, vpn=0x30080001, access_type=X, privilege=Smem[R,0x0000000080009030] -> 0x00000000000000CB
PTW: Step, level=3, pte=0xCB, pte_addr=0x80009030
PTW: Success, final_ppn=0x80001, level=3mem[X,0x00000000800010D4] -> 0x0000
[2013] [S]: 0x00000300800010D2 (0x00000013) addi x0, x0, 0x0                        va_rvtest_code_begin+2326

clint mtime 0x00000000000003EF (mip.MTI <- 0b1, mip.STI <- 0b0)
PTW: Start, vpn=0x30080001, access_type=X, privilege=Smem[R,0x0000000080009030] -> 0x00000000000000CB
PTW: Step, level=3, pte=0xCB, pte_addr=0x80009030
PTW: Success, final_ppn=0x80001, level=3mem[X,0x00000000800010D6] -> 0x0013
PTW: Start, vpn=0x30080001, access_type=X, privilege=Smem[R,0x0000000080009030] -> 0x00000000000000CB
PTW: Step, level=3, pte=0xCB, pte_addr=0x80009030
PTW: Success, final_ppn=0x80001, level=3mem[X,0x00000000800010D8] -> 0x0000
[2014] [S]: 0x00000300800010D6 (0x00000013) addi x0, x0, 0x0                        va_rvtest_code_begin+2330

PTW: Start, vpn=0x30080001, access_type=X, privilege=Smem[R,0x0000000080009030] -> 0x00000000000000CB
PTW: Step, level=3, pte=0xCB, pte_addr=0x80009030
PTW: Success, final_ppn=0x80001, level=3mem[X,0x00000000800010DA] -> 0x0013
PTW: Start, vpn=0x30080001, access_type=X, privilege=Smem[R,0x0000000080009030] -> 0x00000000000000CB
PTW: Step, level=3, pte=0xCB, pte_addr=0x80009030
PTW: Success, final_ppn=0x80001, level=3mem[X,0x00000000800010DC] -> 0x0000
[2015] [S]: 0x00000300800010DA (0x00000013) addi x0, x0, 0x0                        va_rvtest_code_begin+2334

clint mtime 0x00000000000003F0 (mip.MTI <- 0b1, mip.STI <- 0b0)
PTW: Start, vpn=0x30080001, access_type=X, privilege=Smem[R,0x0000000080009030] -> 0x00000000000000CB
PTW: Step, level=3, pte=0xCB, pte_addr=0x80009030
PTW: Success, final_ppn=0x80001, level=3mem[X,0x00000000800010DE] -> 0x0001
[2016] [S]: 0x00000300800010DE (0x0001) c.nop                                       va_rvtest_code_begin+2338

PTW: Start, vpn=0x30080001, access_type=X, privilege=Smem[R,0x0000000080009030] -> 0x00000000000000CB
PTW: Step, level=3, pte=0xCB, pte_addr=0x80009030
PTW: Success, final_ppn=0x80001, level=3mem[X,0x00000000800010E0] -> 0x80E7
PTW: Start, vpn=0x30080001, access_type=X, privilege=Smem[R,0x0000000080009030] -> 0x00000000000000CB
PTW: Step, level=3, pte=0xCB, pte_addr=0x80009030
PTW: Success, final_ppn=0x80001, level=3mem[X,0x00000000800010E2] -> 0x0007
[2017] [S]: 0x00000300800010E0 (0x000780E7) jalr x1, 0x0(x15)                       va_rvtest_code_begin+2340
x1 <- 0x00000300800010E4

clint mtime 0x00000000000003F1 (mip.MTI <- 0b1, mip.STI <- 0b0)
PTW: Start, vpn=0x28000000, access_type=X, privilege=Smem[R,0x0000000080009028] -> 0x0000000020002001
PTW: Step, level=3, pte=0x20002001, pte_addr=0x80009028
PTW: Start, vpn=0x28000000, access_type=X, privilege=Smem[R,0x0000000080008000] -> 0x00000000200000C9
PTW: Step, level=2, pte=0x200000C9, pte_addr=0x80008000
PTW: Success, final_ppn=0x80000, level=2mem[X,0x0000000080000400] -> 0x0013
mem[X,0x0000000080000402] -> 0x0000
[2018] [S]: 0x0000028000000400 (0x00000013) addi x0, x0, 0x0                        va_data+0

mem[X,0x0000000080000404] -> 0x8093
mem[X,0x0000000080000406] -> 0x0080
[2019] [S]: 0x0000028000000404 (0x00808093) addi x1, x1, 0x8                        va_data+4
x1 <- 0x00000300800010EC

clint mtime 0x00000000000003F2 (mip.MTI <- 0b1, mip.STI <- 0b0)
mem[X,0x0000000080000408] -> 0x8067
mem[X,0x000000008000040A] -> 0x0000
[2020] [S]: 0x0000028000000408 (0x00008067) jalr x0, 0x0(x1)                        va_data+8

PTW: Start, vpn=0x30080001, access_type=X, privilege=Smem[R,0x0000000080009030] -> 0x00000000000000CB
PTW: Step, level=3, pte=0xCB, pte_addr=0x80009030
PTW: Success, final_ppn=0x80001, level=3mem[X,0x00000000800010EC] -> 0x0013
PTW: Start, vpn=0x30080001, access_type=X, privilege=Smem[R,0x0000000080009030] -> 0x00000000000000CB
PTW: Step, level=3, pte=0xCB, pte_addr=0x80009030
PTW: Success, final_ppn=0x80001, level=3mem[X,0x00000000800010EE] -> 0x0000
[2021] [S]: 0x00000300800010EC (0x00000013) addi x0, x0, 0x0                        va_rvtest_code_begin+2352

clint mtime 0x00000000000003F3 (mip.MTI <- 0b1, mip.STI <- 0b0)
PTW: Start, vpn=0x30080001, access_type=X, privilege=Smem[R,0x0000000080009030] -> 0x00000000000000CB
PTW: Step, level=3, pte=0xCB, pte_addr=0x80009030
PTW: Success, final_ppn=0x80001, level=3mem[X,0x00000000800010F0] -> 0x0013
PTW: Start, vpn=0x30080001, access_type=X, privilege=Smem[R,0x0000000080009030] -> 0x00000000000000CB
PTW: Step, level=3, pte=0xCB, pte_addr=0x80009030
PTW: Success, final_ppn=0x80001, level=3mem[X,0x00000000800010F2] -> 0x0000
[2022] [S]: 0x00000300800010F0 (0x00000013) addi x0, x0, 0x0                        va_rvtest_code_begin+2356

PTW: Start, vpn=0x30080001, access_type=X, privilege=Smem[R,0x0000000080009030] -> 0x00000000000000CB
PTW: Step, level=3, pte=0xCB, pte_addr=0x80009030
PTW: Success, final_ppn=0x80001, level=3mem[X,0x00000000800010F4] -> 0x0013
PTW: Start, vpn=0x30080001, access_type=X, privilege=Smem[R,0x0000000080009030] -> 0x00000000000000CB
PTW: Step, level=3, pte=0xCB, pte_addr=0x80009030
PTW: Success, final_ppn=0x80001, level=3mem[X,0x00000000800010F6] -> 0x0000
[2023] [S]: 0x00000300800010F4 (0x00000013) addi x0, x0, 0x0                        va_rvtest_code_begin+2360

clint mtime 0x00000000000003F4 (mip.MTI <- 0b1, mip.STI <- 0b0)
PTW: Start, vpn=0x30080001, access_type=X, privilege=Smem[R,0x0000000080009030] -> 0x00000000000000CB
PTW: Step, level=3, pte=0xCB, pte_addr=0x80009030
PTW: Success, final_ppn=0x80001, level=3mem[X,0x00000000800010F8] -> 0x0113
PTW: Start, vpn=0x30080001, access_type=X, privilege=Smem[R,0x0000000080009030] -> 0x00000000000000CB
PTW: Step, level=3, pte=0xCB, pte_addr=0x80009030
PTW: Success, final_ppn=0x80001, level=3mem[X,0x00000000800010FA] -> 0x0000
[2024] [S]: 0x00000300800010F8 (0x00000113) addi x2, x0, 0x0                        va_rvtest_code_begin+2364
x2 <- 0x0000000000000000

PTW: Start, vpn=0x30080001, access_type=X, privilege=Smem[R,0x0000000080009030] -> 0x00000000000000CB
PTW: Step, level=3, pte=0xCB, pte_addr=0x80009030
PTW: Success, final_ppn=0x80001, level=3mem[X,0x00000000800010FC] -> 0x0073
PTW: Start, vpn=0x30080001, access_type=X, privilege=Smem[R,0x0000000080009030] -> 0x00000000000000CB
PTW: Step, level=3, pte=0xCB, pte_addr=0x80009030
PTW: Success, final_ppn=0x80001, level=3mem[X,0x00000000800010FE] -> 0x0000
[2025] [S]: 0x00000300800010FC (0x00000073) ecall                                   va_rvtest_code_begin+2368
trapping from S to M to handle s-call
handling exc#s-call at priv M with tval 0x0000000000000000
CSR mstatus (0x300) <- 0x0000000A00080800
CSR mcause (0x342) <- 0x0000000000000009
CSR mtval (0x343) <- 0x0000000000000000
CSR mepc (0x341) <- 0x00000300800010FC

clint mtime 0x00000000000003F5 (mip.MTI <- 0b1, mip.STI <- 0b0)
mem[X,0x0000000080001C80] -> 0x006F
mem[X,0x0000000080001C82] -> 0x1000
[2026] [M]: 0x0000000080001C80 (0x1000006F) jal x0, 0x100                           Mtrampoline+0

mem[X,0x0000000080001D80] -> 0x1173
mem[X,0x0000000080001D82] -> 0x3401
[2027] [M]: 0x0000000080001D80 (0x34011173) csrrw x2, mscratch, x2                  trap_Mhandler+0
CSR mscratch (0x340) <- 0x0000000000000000
x2 <- 0x0000000080005000

clint mtime 0x00000000000003F6 (mip.MTI <- 0b1, mip.STI <- 0b0)
mem[X,0x0000000080001D84] -> 0x3423
mem[X,0x0000000080001D86] -> 0x28B1
[2028] [M]: 0x0000000080001D84 (0x28B13423) sd x11, 0x288(x2)                       trap_Mhandler+4
mem[W,0x0000000080005288] <- 0x00000000000000C9

mem[X,0x0000000080001D88] -> 0x05EF
mem[X,0x0000000080001D8A] -> 0x0B80
[2029] [M]: 0x0000000080001D88 (0x0B8005EF) jal x11, 0xb8                           trap_Mhandler+8
x11 <- 0x0000000080001D8C

clint mtime 0x00000000000003F7 (mip.MTI <- 0b1, mip.STI <- 0b0)
mem[X,0x0000000080001E40] -> 0x3023
mem[X,0x0000000080001E42] -> 0x28A1
[2030] [M]: 0x0000000080001E40 (0x28A13023) sd x10, 0x280(x2)                       common_Mhandler+0
mem[W,0x0000000080005280] <- 0x00000000200000C9

mem[X,0x0000000080001E44] -> 0x1573
mem[X,0x0000000080001E46] -> 0x3401
[2031] [M]: 0x0000000080001E44 (0x34011573) csrrw x10, mscratch, x2                 common_Mhandler+4
CSR mscratch (0x340) <- 0x0000000080005000
x10 <- 0x0000000000000000

clint mtime 0x00000000000003F8 (mip.MTI <- 0b1, mip.STI <- 0b0)
mem[X,0x0000000080001E48] -> 0x3823
mem[X,0x0000000080001E4A] -> 0x28A1
[2032] [M]: 0x0000000080001E48 (0x28A13823) sd x10, 0x290(x2)                       common_Mhandler+8
mem[W,0x0000000080005290] <- 0x0000000000000000

mem[X,0x0000000080001E4C] -> 0x3503
mem[X,0x0000000080001E4E] -> 0x2301
[2033] [M]: 0x0000000080001E4C (0x23013503) ld x10, 0x230(x2)                       common_Mhandler+12
mem[R,0x0000000080005230] -> 0x0000000080001E54
x10 <- 0x0000000080001E54

clint mtime 0x00000000000003F9 (mip.MTI <- 0b1, mip.STI <- 0b0)
mem[X,0x0000000080001E50] -> 0x0067
mem[X,0x0000000080001E52] -> 0x0005
[2034] [M]: 0x0000000080001E50 (0x00050067) jalr x0, 0x0(x10)                       common_Mhandler+16

mem[X,0x0000000080001E54] -> 0x3C23
mem[X,0x0000000080001E56] -> 0x2691
[2035] [M]: 0x0000000080001E54 (0x26913C23) sd x9, 0x278(x2)                        common_Mentry+0
mem[W,0x0000000080005278] <- 0x0000030000000150

clint mtime 0x00000000000003FA (mip.MTI <- 0b1, mip.STI <- 0b0)
mem[X,0x0000000080001E58] -> 0x3823
mem[X,0x0000000080001E5A] -> 0x2681
[2036] [M]: 0x0000000080001E58 (0x26813823) sd x8, 0x270(x2)                        common_Mentry+4
mem[W,0x0000000080005270] <- 0x0000000000007F76

mem[X,0x0000000080001E5C] -> 0x3423
mem[X,0x0000000080001E5E] -> 0x2671
[2037] [M]: 0x0000000080001E5C (0x26713423) sd x7, 0x268(x2)                        common_Mentry+8
mem[W,0x0000000080005268] <- 0x0000000080005000

clint mtime 0x00000000000003FB (mip.MTI <- 0b1, mip.STI <- 0b0)
mem[X,0x0000000080001E60] -> 0x3023
mem[X,0x0000000080001E62] -> 0x2661
[2038] [M]: 0x0000000080001E60 (0x26613023) sd x6, 0x260(x2)                        common_Mentry+12
mem[W,0x0000000080005260] <- 0xFFFFFFFF7FFFF0EC

mem[X,0x0000000080001E64] -> 0x2573
mem[X,0x0000000080001E66] -> 0x3420
[2039] [M]: 0x0000000080001E64 (0x34202573) csrrs x10, mcause, x0                   spcl_M2mmode_test+0
CSR mcause (0x342) -> 0x0000000000000009
x10 <- 0x0000000000000009

clint mtime 0x00000000000003FC (mip.MTI <- 0b1, mip.STI <- 0b0)
mem[X,0x0000000080001E68] -> 0x04B7
mem[X,0x0000000080001E6A] -> 0x8000
[2040] [M]: 0x0000000080001E68 (0x800004B7) lui x9, -0x80000                        spcl_M2mmode_test+4
x9 <- 0xFFFFFFFF80000000

mem[X,0x0000000080001E6C] -> 0x8493
mem[X,0x0000000080001E6E] -> 0x0004
[2041] [M]: 0x0000000080001E6C (0x00048493) addi x9, x9, 0x0                        spcl_M2mmode_test+8
x9 <- 0xFFFFFFFF80000000

clint mtime 0x00000000000003FD (mip.MTI <- 0b1, mip.STI <- 0b0)
mem[X,0x0000000080001E70] -> 0x9493
mem[X,0x0000000080001E72] -> 0x00B4
[2042] [M]: 0x0000000080001E70 (0x00B49493) slli x9, x9, 0xb                        spcl_M2mmode_test+12
x9 <- 0xFFFFFC0000000000

mem[X,0x0000000080001E74] -> 0x8493
mem[X,0x0000000080001E76] -> 0x0004
[2043] [M]: 0x0000000080001E74 (0x00048493) addi x9, x9, 0x0                        spcl_M2mmode_test+16
x9 <- 0xFFFFFC0000000000

clint mtime 0x00000000000003FE (mip.MTI <- 0b1, mip.STI <- 0b0)
mem[X,0x0000000080001E78] -> 0x9493
mem[X,0x0000000080001E7A] -> 0x00B4
[2044] [M]: 0x0000000080001E78 (0x00B49493) slli x9, x9, 0xb                        spcl_M2mmode_test+20
x9 <- 0xFFE0000000000000

mem[X,0x0000000080001E7C] -> 0x8493
mem[X,0x0000000080001E7E] -> 0x0034
[2045] [M]: 0x0000000080001E7C (0x00348493) addi x9, x9, 0x3                        spcl_M2mmode_test+24
x9 <- 0xFFE0000000000003

clint mtime 0x00000000000003FF (mip.MTI <- 0b1, mip.STI <- 0b0)
mem[X,0x0000000080001E80] -> 0x9493
mem[X,0x0000000080001E82] -> 0x00A4
[2046] [M]: 0x0000000080001E80 (0x00A49493) slli x9, x9, 0xa                        spcl_M2mmode_test+28
x9 <- 0x8000000000000C00

mem[X,0x0000000080001E84] -> 0x8493
mem[X,0x0000000080001E86] -> 0x3FC4
[2047] [M]: 0x0000000080001E84 (0x3FC48493) addi x9, x9, 0x3fc                      spcl_M2mmode_test+32
x9 <- 0x8000000000000FFC

clint mtime 0x0000000000000400 (mip.MTI <- 0b1, mip.STI <- 0b0)
mem[X,0x0000000080001E88] -> 0xF4B3
mem[X,0x0000000080001E8A] -> 0x00A4
[2048] [M]: 0x0000000080001E88 (0x00A4F4B3) and x9, x9, x10                         spcl_M2mmode_test+36
x9 <- 0x0000000000000008

mem[X,0x0000000080001E8C] -> 0x8493
mem[X,0x0000000080001E8E] -> 0xFF84
[2049] [M]: 0x0000000080001E8C (0xFF848493) addi x9, x9, -0x8                       spcl_M2mmode_test+40
x9 <- 0x0000000000000000

clint mtime 0x0000000000000401 (mip.MTI <- 0b1, mip.STI <- 0b0)
mem[X,0x0000000080001E90] -> 0x9663
mem[X,0x0000000080001E92] -> 0x0004
[2050] [M]: 0x0000000080001E90 (0x00049663) bne x9, x0, 0xc                         spcl_M2mmode_test+44

mem[X,0x0000000080001E94] -> 0x3383
mem[X,0x0000000080001E96] -> 0x2901
[2051] [M]: 0x0000000080001E94 (0x29013383) ld x7, 0x290(x2)                        spcl_M2mmode_test+48
mem[R,0x0000000080005290] -> 0x0000000000000000
x7 <- 0x0000000000000000

clint mtime 0x0000000000000402 (mip.MTI <- 0b1, mip.STI <- 0b0)
mem[X,0x0000000080001E98] -> 0x8663
mem[X,0x0000000080001E9A] -> 0x6E03
[2052] [M]: 0x0000000080001E98 (0x6E038663) beq x7, x0, 0x6ec                       spcl_M2mmode_test+52

mem[X,0x0000000080002584] -> 0x0493
mem[X,0x0000000080002586] -> 0xFF55
[2053] [M]: 0x0000000080002584 (0xFF550493) addi x9, x10, -0xb                      rtn2mmode+0
x9 <- 0xFFFFFFFFFFFFFFFE

clint mtime 0x0000000000000403 (mip.MTI <- 0b1, mip.STI <- 0b0)
mem[X,0x0000000080002588] -> 0x8C63
mem[X,0x000000008000258A] -> 0x0004
[2054] [M]: 0x0000000080002588 (0x00048C63) beq x9, x0, 0x18                        rtn2mmode+4

mem[X,0x000000008000258C] -> 0x3583
mem[X,0x000000008000258E] -> 0x4701
[2055] [M]: 0x000000008000258C (0x47013583) ld x11, 0x470(x2)                       rtn2mmode+8
mem[R,0x0000000080005470] -> 0x00000300800007BC
x11 <- 0x00000300800007BC

clint mtime 0x0000000000000404 (mip.MTI <- 0b1, mip.STI <- 0b0)
mem[X,0x0000000080002590] -> 0xD463
mem[X,0x0000000080002592] -> 0x0003
[2056] [M]: 0x0000000080002590 (0x0003D463) bge x7, x0, 0x8                         rtn2mmode+12

mem[X,0x0000000080002598] -> 0x3483
mem[X,0x000000008000259A] -> 0x1D81
[2057] [M]: 0x0000000080002598 (0x1D813483) ld x9, 0x1d8(x2)                        from_u_s+0
mem[R,0x00000000800051D8] -> 0x00000000800007D4
x9 <- 0x00000000800007D4

clint mtime 0x0000000000000405 (mip.MTI <- 0b1, mip.STI <- 0b0)
mem[X,0x000000008000259C] -> 0x84B3
mem[X,0x000000008000259E] -> 0x40B4
[2058] [M]: 0x000000008000259C (0x40B484B3) sub x9, x9, x11                         from_u_s+4
x9 <- 0xFFFFFD0000000018

mem[X,0x00000000800025A0] -> 0x23F3
mem[X,0x00000000800025A2] -> 0x3410
[2059] [M]: 0x00000000800025A0 (0x341023F3) csrrs x7, mepc, x0                      rtn_fm_mmode+0
CSR mepc (0x341) -> 0x00000300800010FC
x7 <- 0x00000300800010FC

clint mtime 0x0000000000000406 (mip.MTI <- 0b1, mip.STI <- 0b0)
mem[X,0x00000000800025A4] -> 0x83B3
mem[X,0x00000000800025A6] -> 0x0093
[2060] [M]: 0x00000000800025A4 (0x009383B3) add x7, x7, x9                          rtn_fm_mmode+4
x7 <- 0x0000000080001114

mem[X,0x00000000800025A8] -> 0x3303
mem[X,0x00000000800025AA] -> 0x2601
[2061] [M]: 0x00000000800025A8 (0x26013303) ld x6, 0x260(x2)                        rtn_fm_mmode+8
mem[R,0x0000000080005260] -> 0xFFFFFFFF7FFFF0EC
x6 <- 0xFFFFFFFF7FFFF0EC

clint mtime 0x0000000000000407 (mip.MTI <- 0b1, mip.STI <- 0b0)
mem[X,0x00000000800025AC] -> 0x3403
mem[X,0x00000000800025AE] -> 0x2701
[2062] [M]: 0x00000000800025AC (0x27013403) ld x8, 0x270(x2)                        rtn_fm_mmode+12
mem[R,0x0000000080005270] -> 0x0000000000007F76
x8 <- 0x0000000000007F76

mem[X,0x00000000800025B0] -> 0x3483
mem[X,0x00000000800025B2] -> 0x2781
[2063] [M]: 0x00000000800025B0 (0x27813483) ld x9, 0x278(x2)                        rtn_fm_mmode+16
mem[R,0x0000000080005278] -> 0x0000030000000150
x9 <- 0x0000030000000150

clint mtime 0x0000000000000408 (mip.MTI <- 0b1, mip.STI <- 0b0)
mem[X,0x00000000800025B4] -> 0x3503
mem[X,0x00000000800025B6] -> 0x2801
[2064] [M]: 0x00000000800025B4 (0x28013503) ld x10, 0x280(x2)                       rtn_fm_mmode+20
mem[R,0x0000000080005280] -> 0x00000000200000C9
x10 <- 0x00000000200000C9

mem[X,0x00000000800025B8] -> 0x3583
mem[X,0x00000000800025BA] -> 0x2881
[2065] [M]: 0x00000000800025B8 (0x28813583) ld x11, 0x288(x2)                       rtn_fm_mmode+24
mem[R,0x0000000080005288] -> 0x00000000000000C9
x11 <- 0x00000000000000C9

clint mtime 0x0000000000000409 (mip.MTI <- 0b1, mip.STI <- 0b0)
mem[X,0x00000000800025BC] -> 0x3103
mem[X,0x00000000800025BE] -> 0x2901
[2066] [M]: 0x00000000800025BC (0x29013103) ld x2, 0x290(x2)                        rtn_fm_mmode+28
mem[R,0x0000000080005290] -> 0x0000000000000000
x2 <- 0x0000000000000000

mem[X,0x00000000800025C0] -> 0x8067
mem[X,0x00000000800025C2] -> 0x0043
[2067] [M]: 0x00000000800025C0 (0x00438067) jalr x0, 0x4(x7)                        rtn_fm_mmode+32

clint mtime 0x000000000000040A (mip.MTI <- 0b1, mip.STI <- 0b0)
mem[X,0x0000000080001118] -> 0x0013
mem[X,0x000000008000111A] -> 0x0000
[2068] [M]: 0x0000000080001118 (0x00000013) addi x0, x0, 0x0                        main+2328

mem[X,0x000000008000111C] -> 0x0013
mem[X,0x000000008000111E] -> 0x0000
[2069] [M]: 0x000000008000111C (0x00000013) addi x0, x0, 0x0                        main+2332

clint mtime 0x000000000000040B (mip.MTI <- 0b1, mip.STI <- 0b0)
mem[X,0x0000000080001120] -> 0x7517
mem[X,0x0000000080001122] -> 0x0000
[2070] [M]: 0x0000000080001120 (0x00007517) auipc x10, 0x7                          main+2336
x10 <- 0x0000000080008120

mem[X,0x0000000080001124] -> 0x0513
mem[X,0x0000000080001126] -> 0xEE05
[2071] [M]: 0x0000000080001124 (0xEE050513) addi x10, x10, -0x120                   main+2340
x10 <- 0x0000000080008000

clint mtime 0x000000000000040C (mip.MTI <- 0b1, mip.STI <- 0b0)
mem[X,0x0000000080001128] -> 0x0001
[2072] [M]: 0x0000000080001128 (0x0001) c.nop                                       main+2344

mem[X,0x000000008000112A] -> 0x0013
mem[X,0x000000008000112C] -> 0x0000
[2073] [M]: 0x000000008000112A (0x00000013) addi x0, x0, 0x0                        main+2346

clint mtime 0x000000000000040D (mip.MTI <- 0b1, mip.STI <- 0b0)
mem[X,0x000000008000112E] -> 0x0013
mem[X,0x0000000080001130] -> 0x0000
[2074] [M]: 0x000000008000112E (0x00000013) addi x0, x0, 0x0                        main+2350

mem[X,0x0000000080001132] -> 0x0013
mem[X,0x0000000080001134] -> 0x0000
[2075] [M]: 0x0000000080001132 (0x00000013) addi x0, x0, 0x0                        main+2354

clint mtime 0x000000000000040E (mip.MTI <- 0b1, mip.STI <- 0b0)
mem[X,0x0000000080001136] -> 0x0013
mem[X,0x0000000080001138] -> 0x0000
[2076] [M]: 0x0000000080001136 (0x00000013) addi x0, x0, 0x0                        main+2358

mem[X,0x000000008000113A] -> 0x0013
mem[X,0x000000008000113C] -> 0x0000
[2077] [M]: 0x000000008000113A (0x00000013) addi x0, x0, 0x0                        main+2362

clint mtime 0x000000000000040F (mip.MTI <- 0b1, mip.STI <- 0b0)
mem[X,0x000000008000113E] -> 0x0001
[2078] [M]: 0x000000008000113E (0x0001) c.nop                                       main+2366

mem[X,0x0000000080001140] -> 0x0593
mem[X,0x0000000080001142] -> 0x0010
[2079] [M]: 0x0000000080001140 (0x00100593) addi x11, x0, 0x1                       main+2368
x11 <- 0x0000000000000001

clint mtime 0x0000000000000410 (mip.MTI <- 0b1, mip.STI <- 0b0)
mem[X,0x0000000080001144] -> 0x5513
mem[X,0x0000000080001146] -> 0x00C5
[2080] [M]: 0x0000000080001144 (0x00C55513) srli x10, x10, 0xc                      main+2372
x10 <- 0x0000000000080008

mem[X,0x0000000080001148] -> 0x1513
mem[X,0x000000008000114A] -> 0x00A5
[2081] [M]: 0x0000000080001148 (0x00A51513) slli x10, x10, 0xa                      main+2376
x10 <- 0x0000000020002000

clint mtime 0x0000000000000411 (mip.MTI <- 0b1, mip.STI <- 0b0)
mem[X,0x000000008000114C] -> 0x6533
mem[X,0x000000008000114E] -> 0x00B5
[2082] [M]: 0x000000008000114C (0x00B56533) or x10, x10, x11                        main+2380
x10 <- 0x0000000020002001

mem[X,0x0000000080001150] -> 0x0013
mem[X,0x0000000080001152] -> 0x0000
[2083] [M]: 0x0000000080001150 (0x00000013) addi x0, x0, 0x0                        main+2384

clint mtime 0x0000000000000412 (mip.MTI <- 0b1, mip.STI <- 0b0)
mem[X,0x0000000080001154] -> 0x0013
mem[X,0x0000000080001156] -> 0x0000
[2084] [M]: 0x0000000080001154 (0x00000013) addi x0, x0, 0x0                        main+2388

mem[X,0x0000000080001158] -> 0x0013
mem[X,0x000000008000115A] -> 0x0000
[2085] [M]: 0x0000000080001158 (0x00000013) addi x0, x0, 0x0                        main+2392

clint mtime 0x0000000000000413 (mip.MTI <- 0b1, mip.STI <- 0b0)
mem[X,0x000000008000115C] -> 0x0013
mem[X,0x000000008000115E] -> 0x0000
[2086] [M]: 0x000000008000115C (0x00000013) addi x0, x0, 0x0                        main+2396

mem[X,0x0000000080001160] -> 0x8317
mem[X,0x0000000080001162] -> 0x0000
[2087] [M]: 0x0000000080001160 (0x00008317) auipc x6, 0x8                           main+2400
x6 <- 0x0000000080009160

clint mtime 0x0000000000000414 (mip.MTI <- 0b1, mip.STI <- 0b0)
mem[X,0x0000000080001164] -> 0x0313
mem[X,0x0000000080001166] -> 0xEA03
[2088] [M]: 0x0000000080001164 (0xEA030313) addi x6, x6, -0x160                     main+2404
x6 <- 0x0000000080009000

mem[X,0x0000000080001168] -> 0x0001
[2089] [M]: 0x0000000080001168 (0x0001) c.nop                                       main+2408

clint mtime 0x0000000000000415 (mip.MTI <- 0b1, mip.STI <- 0b0)
mem[X,0x000000008000116A] -> 0x0013
mem[X,0x000000008000116C] -> 0x0000
[2090] [M]: 0x000000008000116A (0x00000013) addi x0, x0, 0x0                        main+2410

mem[X,0x000000008000116E] -> 0x0013
mem[X,0x0000000080001170] -> 0x0000
[2091] [M]: 0x000000008000116E (0x00000013) addi x0, x0, 0x0                        main+2414

clint mtime 0x0000000000000416 (mip.MTI <- 0b1, mip.STI <- 0b0)
mem[X,0x0000000080001172] -> 0x0013
mem[X,0x0000000080001174] -> 0x0000
[2092] [M]: 0x0000000080001172 (0x00000013) addi x0, x0, 0x0                        main+2418

mem[X,0x0000000080001176] -> 0x0013
mem[X,0x0000000080001178] -> 0x0000
[2093] [M]: 0x0000000080001176 (0x00000013) addi x0, x0, 0x0                        main+2422

clint mtime 0x0000000000000417 (mip.MTI <- 0b1, mip.STI <- 0b0)
mem[X,0x000000008000117A] -> 0x0013
mem[X,0x000000008000117C] -> 0x0000
[2094] [M]: 0x000000008000117A (0x00000013) addi x0, x0, 0x0                        main+2426

mem[X,0x000000008000117E] -> 0x0001
[2095] [M]: 0x000000008000117E (0x0001) c.nop                                       main+2430

clint mtime 0x0000000000000418 (mip.MTI <- 0b1, mip.STI <- 0b0)
mem[X,0x0000000080001180] -> 0x0293
mem[X,0x0000000080001182] -> 0x0280
[2096] [M]: 0x0000000080001180 (0x02800293) addi x5, x0, 0x28                       main+2432
x5 <- 0x0000000000000028

mem[X,0x0000000080001184] -> 0x0333
mem[X,0x0000000080001186] -> 0x0053
[2097] [M]: 0x0000000080001184 (0x00530333) add x6, x6, x5                          main+2436
x6 <- 0x0000000080009028

clint mtime 0x0000000000000419 (mip.MTI <- 0b1, mip.STI <- 0b0)
mem[X,0x0000000080001188] -> 0x3023
mem[X,0x000000008000118A] -> 0x00A3
[2098] [M]: 0x0000000080001188 (0x00A33023) sd x10, 0x0(x6)                         main+2440
mem[W,0x0000000080009028] <- 0x0000000020002001

mem[X,0x000000008000118C] -> 0x0013
mem[X,0x000000008000118E] -> 0x0000
[2099] [M]: 0x000000008000118C (0x00000013) addi x0, x0, 0x0                        main+2444

clint mtime 0x000000000000041A (mip.MTI <- 0b1, mip.STI <- 0b0)
mem[X,0x0000000080001190] -> 0x0013
mem[X,0x0000000080001192] -> 0x0000
[2100] [M]: 0x0000000080001190 (0x00000013) addi x0, x0, 0x0                        main+2448

mem[X,0x0000000080001194] -> 0x0013
mem[X,0x0000000080001196] -> 0x0000
[2101] [M]: 0x0000000080001194 (0x00000013) addi x0, x0, 0x0                        main+2452

clint mtime 0x000000000000041B (mip.MTI <- 0b1, mip.STI <- 0b0)
mem[X,0x0000000080001198] -> 0x0013
mem[X,0x000000008000119A] -> 0x0000
[2102] [M]: 0x0000000080001198 (0x00000013) addi x0, x0, 0x0                        main+2456

mem[X,0x000000008000119C] -> 0x0013
mem[X,0x000000008000119E] -> 0x0000
[2103] [M]: 0x000000008000119C (0x00000013) addi x0, x0, 0x0                        main+2460

clint mtime 0x000000000000041C (mip.MTI <- 0b1, mip.STI <- 0b0)
mem[X,0x00000000800011A0] -> 0x6517
mem[X,0x00000000800011A2] -> 0x0000
[2104] [M]: 0x00000000800011A0 (0x00006517) auipc x10, 0x6                          main+2464
x10 <- 0x00000000800071A0

mem[X,0x00000000800011A4] -> 0x0513
mem[X,0x00000000800011A6] -> 0xE605
[2105] [M]: 0x00000000800011A4 (0xE6050513) addi x10, x10, -0x1a0                   main+2468
x10 <- 0x0000000080007000

clint mtime 0x000000000000041D (mip.MTI <- 0b1, mip.STI <- 0b0)
mem[X,0x00000000800011A8] -> 0x0001
[2106] [M]: 0x00000000800011A8 (0x0001) c.nop                                       main+2472

mem[X,0x00000000800011AA] -> 0x0013
mem[X,0x00000000800011AC] -> 0x0000
[2107] [M]: 0x00000000800011AA (0x00000013) addi x0, x0, 0x0                        main+2474

clint mtime 0x000000000000041E (mip.MTI <- 0b1, mip.STI <- 0b0)
mem[X,0x00000000800011AE] -> 0x0013
mem[X,0x00000000800011B0] -> 0x0000
[2108] [M]: 0x00000000800011AE (0x00000013) addi x0, x0, 0x0                        main+2478

mem[X,0x00000000800011B2] -> 0x0013
mem[X,0x00000000800011B4] -> 0x0000
[2109] [M]: 0x00000000800011B2 (0x00000013) addi x0, x0, 0x0                        main+2482

clint mtime 0x000000000000041F (mip.MTI <- 0b1, mip.STI <- 0b0)
mem[X,0x00000000800011B6] -> 0x0013
mem[X,0x00000000800011B8] -> 0x0000
[2110] [M]: 0x00000000800011B6 (0x00000013) addi x0, x0, 0x0                        main+2486

mem[X,0x00000000800011BA] -> 0x0013
mem[X,0x00000000800011BC] -> 0x0000
[2111] [M]: 0x00000000800011BA (0x00000013) addi x0, x0, 0x0                        main+2490

clint mtime 0x0000000000000420 (mip.MTI <- 0b1, mip.STI <- 0b0)
mem[X,0x00000000800011BE] -> 0x0001
[2112] [M]: 0x00000000800011BE (0x0001) c.nop                                       main+2494

mem[X,0x00000000800011C0] -> 0x0593
mem[X,0x00000000800011C2] -> 0x0010
[2113] [M]: 0x00000000800011C0 (0x00100593) addi x11, x0, 0x1                       main+2496
x11 <- 0x0000000000000001

clint mtime 0x0000000000000421 (mip.MTI <- 0b1, mip.STI <- 0b0)
mem[X,0x00000000800011C4] -> 0x5513
mem[X,0x00000000800011C6] -> 0x00C5
[2114] [M]: 0x00000000800011C4 (0x00C55513) srli x10, x10, 0xc                      main+2500
x10 <- 0x0000000000080007

mem[X,0x00000000800011C8] -> 0x1513
mem[X,0x00000000800011CA] -> 0x00A5
[2115] [M]: 0x00000000800011C8 (0x00A51513) slli x10, x10, 0xa                      main+2504
x10 <- 0x0000000020001C00

clint mtime 0x0000000000000422 (mip.MTI <- 0b1, mip.STI <- 0b0)
mem[X,0x00000000800011CC] -> 0x6533
mem[X,0x00000000800011CE] -> 0x00B5
[2116] [M]: 0x00000000800011CC (0x00B56533) or x10, x10, x11                        main+2508
x10 <- 0x0000000020001C01

mem[X,0x00000000800011D0] -> 0x0013
mem[X,0x00000000800011D2] -> 0x0000
[2117] [M]: 0x00000000800011D0 (0x00000013) addi x0, x0, 0x0                        main+2512

clint mtime 0x0000000000000423 (mip.MTI <- 0b1, mip.STI <- 0b0)
mem[X,0x00000000800011D4] -> 0x0013
mem[X,0x00000000800011D6] -> 0x0000
[2118] [M]: 0x00000000800011D4 (0x00000013) addi x0, x0, 0x0                        main+2516

mem[X,0x00000000800011D8] -> 0x0013
mem[X,0x00000000800011DA] -> 0x0000
[2119] [M]: 0x00000000800011D8 (0x00000013) addi x0, x0, 0x0                        main+2520

clint mtime 0x0000000000000424 (mip.MTI <- 0b1, mip.STI <- 0b0)
mem[X,0x00000000800011DC] -> 0x0013
mem[X,0x00000000800011DE] -> 0x0000
[2120] [M]: 0x00000000800011DC (0x00000013) addi x0, x0, 0x0                        main+2524

mem[X,0x00000000800011E0] -> 0x7317
mem[X,0x00000000800011E2] -> 0x0000
[2121] [M]: 0x00000000800011E0 (0x00007317) auipc x6, 0x7                           main+2528
x6 <- 0x00000000800081E0

clint mtime 0x0000000000000425 (mip.MTI <- 0b1, mip.STI <- 0b0)
mem[X,0x00000000800011E4] -> 0x0313
mem[X,0x00000000800011E6] -> 0xE203
[2122] [M]: 0x00000000800011E4 (0xE2030313) addi x6, x6, -0x1e0                     main+2532
x6 <- 0x0000000080008000

mem[X,0x00000000800011E8] -> 0x0001
[2123] [M]: 0x00000000800011E8 (0x0001) c.nop                                       main+2536

clint mtime 0x0000000000000426 (mip.MTI <- 0b1, mip.STI <- 0b0)
mem[X,0x00000000800011EA] -> 0x0013
mem[X,0x00000000800011EC] -> 0x0000
[2124] [M]: 0x00000000800011EA (0x00000013) addi x0, x0, 0x0                        main+2538

mem[X,0x00000000800011EE] -> 0x0013
mem[X,0x00000000800011F0] -> 0x0000
[2125] [M]: 0x00000000800011EE (0x00000013) addi x0, x0, 0x0                        main+2542

clint mtime 0x0000000000000427 (mip.MTI <- 0b1, mip.STI <- 0b0)
mem[X,0x00000000800011F2] -> 0x0013
mem[X,0x00000000800011F4] -> 0x0000
[2126] [M]: 0x00000000800011F2 (0x00000013) addi x0, x0, 0x0                        main+2546

mem[X,0x00000000800011F6] -> 0x0013
mem[X,0x00000000800011F8] -> 0x0000
[2127] [M]: 0x00000000800011F6 (0x00000013) addi x0, x0, 0x0                        main+2550

clint mtime 0x0000000000000428 (mip.MTI <- 0b1, mip.STI <- 0b0)
mem[X,0x00000000800011FA] -> 0x0013
mem[X,0x00000000800011FC] -> 0x0000
[2128] [M]: 0x00000000800011FA (0x00000013) addi x0, x0, 0x0                        main+2554

mem[X,0x00000000800011FE] -> 0x0001
[2129] [M]: 0x00000000800011FE (0x0001) c.nop                                       main+2558

clint mtime 0x0000000000000429 (mip.MTI <- 0b1, mip.STI <- 0b0)
mem[X,0x0000000080001200] -> 0x0293
mem[X,0x0000000080001202] -> 0x0000
[2130] [M]: 0x0000000080001200 (0x00000293) addi x5, x0, 0x0                        main+2560
x5 <- 0x0000000000000000

mem[X,0x0000000080001204] -> 0x0333
mem[X,0x0000000080001206] -> 0x0053
[2131] [M]: 0x0000000080001204 (0x00530333) add x6, x6, x5                          main+2564
x6 <- 0x0000000080008000

clint mtime 0x000000000000042A (mip.MTI <- 0b1, mip.STI <- 0b0)
mem[X,0x0000000080001208] -> 0x3023
mem[X,0x000000008000120A] -> 0x00A3
[2132] [M]: 0x0000000080001208 (0x00A33023) sd x10, 0x0(x6)                         main+2568
mem[W,0x0000000080008000] <- 0x0000000020001C01

mem[X,0x000000008000120C] -> 0x0013
mem[X,0x000000008000120E] -> 0x0000
[2133] [M]: 0x000000008000120C (0x00000013) addi x0, x0, 0x0                        main+2572

clint mtime 0x000000000000042B (mip.MTI <- 0b1, mip.STI <- 0b0)
mem[X,0x0000000080001210] -> 0x0013
mem[X,0x0000000080001212] -> 0x0000
[2134] [M]: 0x0000000080001210 (0x00000013) addi x0, x0, 0x0                        main+2576

mem[X,0x0000000080001214] -> 0x0013
mem[X,0x0000000080001216] -> 0x0000
[2135] [M]: 0x0000000080001214 (0x00000013) addi x0, x0, 0x0                        main+2580

clint mtime 0x000000000000042C (mip.MTI <- 0b1, mip.STI <- 0b0)
mem[X,0x0000000080001218] -> 0x0013
mem[X,0x000000008000121A] -> 0x0000
[2136] [M]: 0x0000000080001218 (0x00000013) addi x0, x0, 0x0                        main+2584

mem[X,0x000000008000121C] -> 0x0013
mem[X,0x000000008000121E] -> 0x0000
[2137] [M]: 0x000000008000121C (0x00000013) addi x0, x0, 0x0                        main+2588

clint mtime 0x000000000000042D (mip.MTI <- 0b1, mip.STI <- 0b0)
mem[X,0x0000000080001220] -> 0xF517
mem[X,0x0000000080001222] -> 0xFFFF
[2138] [M]: 0x0000000080001220 (0xFFFFF517) auipc x10, -0x1                         main+2592
x10 <- 0x0000000080000220

mem[X,0x0000000080001224] -> 0x0513
mem[X,0x0000000080001226] -> 0x1E05
[2139] [M]: 0x0000000080001224 (0x1E050513) addi x10, x10, 0x1e0                    main+2596
x10 <- 0x0000000080000400

clint mtime 0x000000000000042E (mip.MTI <- 0b1, mip.STI <- 0b0)
mem[X,0x0000000080001228] -> 0x0001
[2140] [M]: 0x0000000080001228 (0x0001) c.nop                                       main+2600

mem[X,0x000000008000122A] -> 0x0013
mem[X,0x000000008000122C] -> 0x0000
[2141] [M]: 0x000000008000122A (0x00000013) addi x0, x0, 0x0                        main+2602

clint mtime 0x000000000000042F (mip.MTI <- 0b1, mip.STI <- 0b0)
mem[X,0x000000008000122E] -> 0x0013
mem[X,0x0000000080001230] -> 0x0000
[2142] [M]: 0x000000008000122E (0x00000013) addi x0, x0, 0x0                        main+2606

mem[X,0x0000000080001232] -> 0x0013
mem[X,0x0000000080001234] -> 0x0000
[2143] [M]: 0x0000000080001232 (0x00000013) addi x0, x0, 0x0                        main+2610

clint mtime 0x0000000000000430 (mip.MTI <- 0b1, mip.STI <- 0b0)
mem[X,0x0000000080001236] -> 0x0013
mem[X,0x0000000080001238] -> 0x0000
[2144] [M]: 0x0000000080001236 (0x00000013) addi x0, x0, 0x0                        main+2614

mem[X,0x000000008000123A] -> 0x0013
mem[X,0x000000008000123C] -> 0x0000
[2145] [M]: 0x000000008000123A (0x00000013) addi x0, x0, 0x0                        main+2618

clint mtime 0x0000000000000431 (mip.MTI <- 0b1, mip.STI <- 0b0)
mem[X,0x000000008000123E] -> 0x0001
[2146] [M]: 0x000000008000123E (0x0001) c.nop                                       main+2622

mem[X,0x0000000080001240] -> 0x0593
mem[X,0x0000000080001242] -> 0x0C90
[2147] [M]: 0x0000000080001240 (0x0C900593) addi x11, x0, 0xc9                      main+2624
x11 <- 0x00000000000000C9

clint mtime 0x0000000000000432 (mip.MTI <- 0b1, mip.STI <- 0b0)
mem[X,0x0000000080001244] -> 0x5513
mem[X,0x0000000080001246] -> 0x00C5
[2148] [M]: 0x0000000080001244 (0x00C55513) srli x10, x10, 0xc                      main+2628
x10 <- 0x0000000000080000

mem[X,0x0000000080001248] -> 0x1513
mem[X,0x000000008000124A] -> 0x00A5
[2149] [M]: 0x0000000080001248 (0x00A51513) slli x10, x10, 0xa                      main+2632
x10 <- 0x0000000020000000

clint mtime 0x0000000000000433 (mip.MTI <- 0b1, mip.STI <- 0b0)
mem[X,0x000000008000124C] -> 0x6533
mem[X,0x000000008000124E] -> 0x00B5
[2150] [M]: 0x000000008000124C (0x00B56533) or x10, x10, x11                        main+2636
x10 <- 0x00000000200000C9

mem[X,0x0000000080001250] -> 0x0013
mem[X,0x0000000080001252] -> 0x0000
[2151] [M]: 0x0000000080001250 (0x00000013) addi x0, x0, 0x0                        main+2640

clint mtime 0x0000000000000434 (mip.MTI <- 0b1, mip.STI <- 0b0)
mem[X,0x0000000080001254] -> 0x0013
mem[X,0x0000000080001256] -> 0x0000
[2152] [M]: 0x0000000080001254 (0x00000013) addi x0, x0, 0x0                        main+2644

mem[X,0x0000000080001258] -> 0x0013
mem[X,0x000000008000125A] -> 0x0000
[2153] [M]: 0x0000000080001258 (0x00000013) addi x0, x0, 0x0                        main+2648

clint mtime 0x0000000000000435 (mip.MTI <- 0b1, mip.STI <- 0b0)
mem[X,0x000000008000125C] -> 0x0013
mem[X,0x000000008000125E] -> 0x0000
[2154] [M]: 0x000000008000125C (0x00000013) addi x0, x0, 0x0                        main+2652

mem[X,0x0000000080001260] -> 0x6317
mem[X,0x0000000080001262] -> 0x0000
[2155] [M]: 0x0000000080001260 (0x00006317) auipc x6, 0x6                           main+2656
x6 <- 0x0000000080007260

clint mtime 0x0000000000000436 (mip.MTI <- 0b1, mip.STI <- 0b0)
mem[X,0x0000000080001264] -> 0x0313
mem[X,0x0000000080001266] -> 0xDA03
[2156] [M]: 0x0000000080001264 (0xDA030313) addi x6, x6, -0x260                     main+2660
x6 <- 0x0000000080007000

mem[X,0x0000000080001268] -> 0x0001
[2157] [M]: 0x0000000080001268 (0x0001) c.nop                                       main+2664

clint mtime 0x0000000000000437 (mip.MTI <- 0b1, mip.STI <- 0b0)
mem[X,0x000000008000126A] -> 0x0013
mem[X,0x000000008000126C] -> 0x0000
[2158] [M]: 0x000000008000126A (0x00000013) addi x0, x0, 0x0                        main+2666

mem[X,0x000000008000126E] -> 0x0013
mem[X,0x0000000080001270] -> 0x0000
[2159] [M]: 0x000000008000126E (0x00000013) addi x0, x0, 0x0                        main+2670

clint mtime 0x0000000000000438 (mip.MTI <- 0b1, mip.STI <- 0b0)
mem[X,0x0000000080001272] -> 0x0013
mem[X,0x0000000080001274] -> 0x0000
[2160] [M]: 0x0000000080001272 (0x00000013) addi x0, x0, 0x0                        main+2674

mem[X,0x0000000080001276] -> 0x0013
mem[X,0x0000000080001278] -> 0x0000
[2161] [M]: 0x0000000080001276 (0x00000013) addi x0, x0, 0x0                        main+2678

clint mtime 0x0000000000000439 (mip.MTI <- 0b1, mip.STI <- 0b0)
mem[X,0x000000008000127A] -> 0x0013
mem[X,0x000000008000127C] -> 0x0000
[2162] [M]: 0x000000008000127A (0x00000013) addi x0, x0, 0x0                        main+2682

mem[X,0x000000008000127E] -> 0x0001
[2163] [M]: 0x000000008000127E (0x0001) c.nop                                       main+2686

clint mtime 0x000000000000043A (mip.MTI <- 0b1, mip.STI <- 0b0)
mem[X,0x0000000080001280] -> 0x0293
mem[X,0x0000000080001282] -> 0x0000
[2164] [M]: 0x0000000080001280 (0x00000293) addi x5, x0, 0x0                        main+2688
x5 <- 0x0000000000000000

mem[X,0x0000000080001284] -> 0x0333
mem[X,0x0000000080001286] -> 0x0053
[2165] [M]: 0x0000000080001284 (0x00530333) add x6, x6, x5                          main+2692
x6 <- 0x0000000080007000

clint mtime 0x000000000000043B (mip.MTI <- 0b1, mip.STI <- 0b0)
mem[X,0x0000000080001288] -> 0x3023
mem[X,0x000000008000128A] -> 0x00A3
[2166] [M]: 0x0000000080001288 (0x00A33023) sd x10, 0x0(x6)                         main+2696
mem[W,0x0000000080007000] <- 0x00000000200000C9

mem[X,0x000000008000128C] -> 0x0073
mem[X,0x000000008000128E] -> 0x1200
[2167] [M]: 0x000000008000128C (0x12000073) sfence.vma x0, x0                       main+2700

clint mtime 0x000000000000043C (mip.MTI <- 0b1, mip.STI <- 0b0)
mem[X,0x0000000080001290] -> 0x0BB7
mem[X,0x0000000080001292] -> 0x0008
[2168] [M]: 0x0000000080001290 (0x00080BB7) lui x23, 0x80                           main+2704
x23 <- 0x0000000000080000

mem[X,0x0000000080001294] -> 0xB073
mem[X,0x0000000080001296] -> 0x300B
[2169] [M]: 0x0000000080001294 (0x300BB073) csrrc x0, mstatus, x23                  main+2708
CSR mstatus (0x300) <- 0x0000000A00000800

clint mtime 0x000000000000043D (mip.MTI <- 0b1, mip.STI <- 0b0)
mem[X,0x0000000080001298] -> 0x0493
mem[X,0x000000008000129A] -> 0x0010
[2170] [M]: 0x0000000080001298 (0x00100493) addi x9, x0, 0x1                        main+2712
x9 <- 0x0000000000000001

mem[X,0x000000008000129C] -> 0x9493
mem[X,0x000000008000129E] -> 0x00B4
[2171] [M]: 0x000000008000129C (0x00B49493) slli x9, x9, 0xb                        main+2716
x9 <- 0x0000000000000800

clint mtime 0x000000000000043E (mip.MTI <- 0b1, mip.STI <- 0b0)
mem[X,0x00000000800012A0] -> 0xB073
mem[X,0x00000000800012A2] -> 0x3004
[2172] [M]: 0x00000000800012A0 (0x3004B073) csrrc x0, mstatus, x9                   main+2720
CSR mstatus (0x300) <- 0x0000000A00000000

mem[X,0x00000000800012A4] -> 0x0493
mem[X,0x00000000800012A6] -> 0x0010
[2173] [M]: 0x00000000800012A4 (0x00100493) addi x9, x0, 0x1                        main+2724
x9 <- 0x0000000000000001

clint mtime 0x000000000000043F (mip.MTI <- 0b1, mip.STI <- 0b0)
mem[X,0x00000000800012A8] -> 0x9493
mem[X,0x00000000800012AA] -> 0x00B4
[2174] [M]: 0x00000000800012A8 (0x00B49493) slli x9, x9, 0xb                        main+2728
x9 <- 0x0000000000000800

mem[X,0x00000000800012AC] -> 0xA073
mem[X,0x00000000800012AE] -> 0x3004
[2175] [M]: 0x00000000800012AC (0x3004A073) csrrs x0, mstatus, x9                   main+2732
CSR mstatus (0x300) <- 0x0000000A00000800

clint mtime 0x0000000000000440 (mip.MTI <- 0b1, mip.STI <- 0b0)
mem[X,0x00000000800012B0] -> 0x23F3
mem[X,0x00000000800012B2] -> 0x3400
[2176] [M]: 0x00000000800012B0 (0x340023F3) csrrs x7, mscratch, x0                  main+2736
CSR mscratch (0x340) -> 0x0000000080005000
x7 <- 0x0000000080005000

mem[X,0x00000000800012B4] -> 0xB303
mem[X,0x00000000800012B6] -> 0x4703
[2177] [M]: 0x00000000800012B4 (0x4703B303) ld x6, 0x470(x7)                        main+2740
mem[R,0x0000000080005470] -> 0x00000300800007BC
x6 <- 0x00000300800007BC

clint mtime 0x0000000000000441 (mip.MTI <- 0b1, mip.STI <- 0b0)
mem[X,0x00000000800012B8] -> 0xB483
mem[X,0x00000000800012BA] -> 0x1D83
[2178] [M]: 0x00000000800012B8 (0x1D83B483) ld x9, 0x1d8(x7)                        main+2744
mem[R,0x00000000800051D8] -> 0x00000000800007D4
x9 <- 0x00000000800007D4

mem[X,0x00000000800012BC] -> 0x0333
mem[X,0x00000000800012BE] -> 0x4093
[2179] [M]: 0x00000000800012BC (0x40930333) sub x6, x6, x9                          main+2748
x6 <- 0x000002FFFFFFFFE8

clint mtime 0x0000000000000442 (mip.MTI <- 0b1, mip.STI <- 0b0)
mem[X,0x00000000800012C0] -> 0x0313
mem[X,0x00000000800012C2] -> 0x0103
[2180] [M]: 0x00000000800012C0 (0x01030313) addi x6, x6, 0x10                       main+2752
x6 <- 0x000002FFFFFFFFF8

mem[X,0x00000000800012C4] -> 0x0497
mem[X,0x00000000800012C6] -> 0x0000
[2181] [M]: 0x00000000800012C4 (0x00000497) auipc x9, 0x0                           main+2756
x9 <- 0x00000000800012C4

clint mtime 0x0000000000000443 (mip.MTI <- 0b1, mip.STI <- 0b0)
mem[X,0x00000000800012C8] -> 0x84B3
mem[X,0x00000000800012CA] -> 0x0064
[2182] [M]: 0x00000000800012C8 (0x006484B3) add x9, x9, x6                          main+2760
x9 <- 0x00000300800012BC

mem[X,0x00000000800012CC] -> 0x94F3
mem[X,0x00000000800012CE] -> 0x3414
[2183] [M]: 0x00000000800012CC (0x341494F3) csrrw x9, mepc, x9                      main+2764
CSR mepc (0x341) <- 0x00000300800012BC
x9 <- 0x00000300800010FC

clint mtime 0x0000000000000444 (mip.MTI <- 0b1, mip.STI <- 0b0)
mem[X,0x00000000800012D0] -> 0x0073
mem[X,0x00000000800012D2] -> 0x3020
[2184] [M]: 0x00000000800012D0 (0x30200073) mret                                    main+2768
CSR mstatus (0x300) <- 0x0000000A00000080
ret-ing from M to S

PTW: Start, vpn=0x30080001, access_type=X, privilege=Smem[R,0x0000000080009030] -> 0x00000000000000CB
PTW: Step, level=3, pte=0xCB, pte_addr=0x80009030
PTW: Success, final_ppn=0x80001, level=3mem[X,0x00000000800012BC] -> 0x0333
PTW: Start, vpn=0x30080001, access_type=X, privilege=Smem[R,0x0000000080009030] -> 0x00000000000000CB
PTW: Step, level=3, pte=0xCB, pte_addr=0x80009030
PTW: Success, final_ppn=0x80001, level=3mem[X,0x00000000800012BE] -> 0x4093
[2185] [S]: 0x00000300800012BC (0x40930333) sub x6, x6, x9                          va_rvtest_code_begin+2816
x6 <- 0xFFFFFFFF7FFFEEFC

clint mtime 0x0000000000000445 (mip.MTI <- 0b1, mip.STI <- 0b0)
PTW: Start, vpn=0x30080001, access_type=X, privilege=Smem[R,0x0000000080009030] -> 0x00000000000000CB
PTW: Step, level=3, pte=0xCB, pte_addr=0x80009030
PTW: Success, final_ppn=0x80001, level=3mem[X,0x00000000800012C0] -> 0x0313
PTW: Start, vpn=0x30080001, access_type=X, privilege=Smem[R,0x0000000080009030] -> 0x00000000000000CB
PTW: Step, level=3, pte=0xCB, pte_addr=0x80009030
PTW: Success, final_ppn=0x80001, level=3mem[X,0x00000000800012C2] -> 0x0103
[2186] [S]: 0x00000300800012C0 (0x01030313) addi x6, x6, 0x10                       va_rvtest_code_begin+2820
x6 <- 0xFFFFFFFF7FFFEF0C

PTW: Start, vpn=0x30080001, access_type=X, privilege=Smem[R,0x0000000080009030] -> 0x00000000000000CB
PTW: Step, level=3, pte=0xCB, pte_addr=0x80009030
PTW: Success, final_ppn=0x80001, level=3mem[X,0x00000000800012C4] -> 0x0497
PTW: Start, vpn=0x30080001, access_type=X, privilege=Smem[R,0x0000000080009030] -> 0x00000000000000CB
PTW: Step, level=3, pte=0xCB, pte_addr=0x80009030
PTW: Success, final_ppn=0x80001, level=3mem[X,0x00000000800012C6] -> 0x0000
[2187] [S]: 0x00000300800012C4 (0x00000497) auipc x9, 0x0                           va_rvtest_code_begin+2824
x9 <- 0x00000300800012C4

clint mtime 0x0000000000000446 (mip.MTI <- 0b1, mip.STI <- 0b0)
PTW: Start, vpn=0x30080001, access_type=X, privilege=Smem[R,0x0000000080009030] -> 0x00000000000000CB
PTW: Step, level=3, pte=0xCB, pte_addr=0x80009030
PTW: Success, final_ppn=0x80001, level=3mem[X,0x00000000800012C8] -> 0x84B3
PTW: Start, vpn=0x30080001, access_type=X, privilege=Smem[R,0x0000000080009030] -> 0x00000000000000CB
PTW: Step, level=3, pte=0xCB, pte_addr=0x80009030
PTW: Success, final_ppn=0x80001, level=3mem[X,0x00000000800012CA] -> 0x0064
[2188] [S]: 0x00000300800012C8 (0x006484B3) add x9, x9, x6                          va_rvtest_code_begin+2828
x9 <- 0x00000300000001D0

PTW: Start, vpn=0x30080001, access_type=X, privilege=Smem[R,0x0000000080009030] -> 0x00000000000000CB
PTW: Step, level=3, pte=0xCB, pte_addr=0x80009030
PTW: Success, final_ppn=0x80001, level=3mem[X,0x00000000800012CC] -> 0x94F3
PTW: Start, vpn=0x30080001, access_type=X, privilege=Smem[R,0x0000000080009030] -> 0x00000000000000CB
PTW: Step, level=3, pte=0xCB, pte_addr=0x80009030
PTW: Success, final_ppn=0x80001, level=3mem[X,0x00000000800012CE] -> 0x3414
[2189] [S]: 0x00000300800012CC (0x341494F3) csrrw x9, mepc, x9                      va_rvtest_code_begin+2832
trapping from S to M to handle illegal-instruction
handling exc#illegal-instruction at priv M with tval 0x00000000341494F3
CSR mstatus (0x300) <- 0x0000000A00000800
CSR mcause (0x342) <- 0x0000000000000002
CSR mtval (0x343) <- 0x00000000341494F3
CSR mepc (0x341) <- 0x00000300800012CC

clint mtime 0x0000000000000447 (mip.MTI <- 0b1, mip.STI <- 0b0)
mem[X,0x0000000080001C80] -> 0x006F
mem[X,0x0000000080001C82] -> 0x1000
[2190] [M]: 0x0000000080001C80 (0x1000006F) jal x0, 0x100                           Mtrampoline+0

mem[X,0x0000000080001D80] -> 0x1173
mem[X,0x0000000080001D82] -> 0x3401
[2191] [M]: 0x0000000080001D80 (0x34011173) csrrw x2, mscratch, x2                  trap_Mhandler+0
CSR mscratch (0x340) <- 0x0000000000000000
x2 <- 0x0000000080005000

clint mtime 0x0000000000000448 (mip.MTI <- 0b1, mip.STI <- 0b0)
mem[X,0x0000000080001D84] -> 0x3423
mem[X,0x0000000080001D86] -> 0x28B1
[2192] [M]: 0x0000000080001D84 (0x28B13423) sd x11, 0x288(x2)                       trap_Mhandler+4
mem[W,0x0000000080005288] <- 0x00000000000000C9

mem[X,0x0000000080001D88] -> 0x05EF
mem[X,0x0000000080001D8A] -> 0x0B80
[2193] [M]: 0x0000000080001D88 (0x0B8005EF) jal x11, 0xb8                           trap_Mhandler+8
x11 <- 0x0000000080001D8C

clint mtime 0x0000000000000449 (mip.MTI <- 0b1, mip.STI <- 0b0)
mem[X,0x0000000080001E40] -> 0x3023
mem[X,0x0000000080001E42] -> 0x28A1
[2194] [M]: 0x0000000080001E40 (0x28A13023) sd x10, 0x280(x2)                       common_Mhandler+0
mem[W,0x0000000080005280] <- 0x00000000200000C9

mem[X,0x0000000080001E44] -> 0x1573
mem[X,0x0000000080001E46] -> 0x3401
[2195] [M]: 0x0000000080001E44 (0x34011573) csrrw x10, mscratch, x2                 common_Mhandler+4
CSR mscratch (0x340) <- 0x0000000080005000
x10 <- 0x0000000000000000

clint mtime 0x000000000000044A (mip.MTI <- 0b1, mip.STI <- 0b0)
mem[X,0x0000000080001E48] -> 0x3823
mem[X,0x0000000080001E4A] -> 0x28A1
[2196] [M]: 0x0000000080001E48 (0x28A13823) sd x10, 0x290(x2)                       common_Mhandler+8
mem[W,0x0000000080005290] <- 0x0000000000000000

mem[X,0x0000000080001E4C] -> 0x3503
mem[X,0x0000000080001E4E] -> 0x2301
[2197] [M]: 0x0000000080001E4C (0x23013503) ld x10, 0x230(x2)                       common_Mhandler+12
mem[R,0x0000000080005230] -> 0x0000000080001E54
x10 <- 0x0000000080001E54

clint mtime 0x000000000000044B (mip.MTI <- 0b1, mip.STI <- 0b0)
mem[X,0x0000000080001E50] -> 0x0067
mem[X,0x0000000080001E52] -> 0x0005
[2198] [M]: 0x0000000080001E50 (0x00050067) jalr x0, 0x0(x10)                       common_Mhandler+16

mem[X,0x0000000080001E54] -> 0x3C23
mem[X,0x0000000080001E56] -> 0x2691
[2199] [M]: 0x0000000080001E54 (0x26913C23) sd x9, 0x278(x2)                        common_Mentry+0
mem[W,0x0000000080005278] <- 0x00000300000001D0

clint mtime 0x000000000000044C (mip.MTI <- 0b1, mip.STI <- 0b0)
mem[X,0x0000000080001E58] -> 0x3823
mem[X,0x0000000080001E5A] -> 0x2681
[2200] [M]: 0x0000000080001E58 (0x26813823) sd x8, 0x270(x2)                        common_Mentry+4
mem[W,0x0000000080005270] <- 0x0000000000007F76

mem[X,0x0000000080001E5C] -> 0x3423
mem[X,0x0000000080001E5E] -> 0x2671
[2201] [M]: 0x0000000080001E5C (0x26713423) sd x7, 0x268(x2)                        common_Mentry+8
mem[W,0x0000000080005268] <- 0x0000000080005000

clint mtime 0x000000000000044D (mip.MTI <- 0b1, mip.STI <- 0b0)
mem[X,0x0000000080001E60] -> 0x3023
mem[X,0x0000000080001E62] -> 0x2661
[2202] [M]: 0x0000000080001E60 (0x26613023) sd x6, 0x260(x2)                        common_Mentry+12
mem[W,0x0000000080005260] <- 0xFFFFFFFF7FFFEF0C

mem[X,0x0000000080001E64] -> 0x2573
mem[X,0x0000000080001E66] -> 0x3420
[2203] [M]: 0x0000000080001E64 (0x34202573) csrrs x10, mcause, x0                   spcl_M2mmode_test+0
CSR mcause (0x342) -> 0x0000000000000002
x10 <- 0x0000000000000002

clint mtime 0x000000000000044E (mip.MTI <- 0b1, mip.STI <- 0b0)
mem[X,0x0000000080001E68] -> 0x04B7
mem[X,0x0000000080001E6A] -> 0x8000
[2204] [M]: 0x0000000080001E68 (0x800004B7) lui x9, -0x80000                        spcl_M2mmode_test+4
x9 <- 0xFFFFFFFF80000000

mem[X,0x0000000080001E6C] -> 0x8493
mem[X,0x0000000080001E6E] -> 0x0004
[2205] [M]: 0x0000000080001E6C (0x00048493) addi x9, x9, 0x0                        spcl_M2mmode_test+8
x9 <- 0xFFFFFFFF80000000

clint mtime 0x000000000000044F (mip.MTI <- 0b1, mip.STI <- 0b0)
mem[X,0x0000000080001E70] -> 0x9493
mem[X,0x0000000080001E72] -> 0x00B4
[2206] [M]: 0x0000000080001E70 (0x00B49493) slli x9, x9, 0xb                        spcl_M2mmode_test+12
x9 <- 0xFFFFFC0000000000

mem[X,0x0000000080001E74] -> 0x8493
mem[X,0x0000000080001E76] -> 0x0004
[2207] [M]: 0x0000000080001E74 (0x00048493) addi x9, x9, 0x0                        spcl_M2mmode_test+16
x9 <- 0xFFFFFC0000000000

clint mtime 0x0000000000000450 (mip.MTI <- 0b1, mip.STI <- 0b0)
mem[X,0x0000000080001E78] -> 0x9493
mem[X,0x0000000080001E7A] -> 0x00B4
[2208] [M]: 0x0000000080001E78 (0x00B49493) slli x9, x9, 0xb                        spcl_M2mmode_test+20
x9 <- 0xFFE0000000000000

mem[X,0x0000000080001E7C] -> 0x8493
mem[X,0x0000000080001E7E] -> 0x0034
[2209] [M]: 0x0000000080001E7C (0x00348493) addi x9, x9, 0x3                        spcl_M2mmode_test+24
x9 <- 0xFFE0000000000003

clint mtime 0x0000000000000451 (mip.MTI <- 0b1, mip.STI <- 0b0)
mem[X,0x0000000080001E80] -> 0x9493
mem[X,0x0000000080001E82] -> 0x00A4
[2210] [M]: 0x0000000080001E80 (0x00A49493) slli x9, x9, 0xa                        spcl_M2mmode_test+28
x9 <- 0x8000000000000C00

mem[X,0x0000000080001E84] -> 0x8493
mem[X,0x0000000080001E86] -> 0x3FC4
[2211] [M]: 0x0000000080001E84 (0x3FC48493) addi x9, x9, 0x3fc                      spcl_M2mmode_test+32
x9 <- 0x8000000000000FFC

clint mtime 0x0000000000000452 (mip.MTI <- 0b1, mip.STI <- 0b0)
mem[X,0x0000000080001E88] -> 0xF4B3
mem[X,0x0000000080001E8A] -> 0x00A4
[2212] [M]: 0x0000000080001E88 (0x00A4F4B3) and x9, x9, x10                         spcl_M2mmode_test+36
x9 <- 0x0000000000000000

mem[X,0x0000000080001E8C] -> 0x8493
mem[X,0x0000000080001E8E] -> 0xFF84
[2213] [M]: 0x0000000080001E8C (0xFF848493) addi x9, x9, -0x8                       spcl_M2mmode_test+40
x9 <- 0xFFFFFFFFFFFFFFF8

clint mtime 0x0000000000000453 (mip.MTI <- 0b1, mip.STI <- 0b0)
mem[X,0x0000000080001E90] -> 0x9663
mem[X,0x0000000080001E92] -> 0x0004
[2214] [M]: 0x0000000080001E90 (0x00049663) bne x9, x0, 0xc                         spcl_M2mmode_test+44

mem[X,0x0000000080001E9C] -> 0x0393
mem[X,0x0000000080001E9E] -> 0x0200
[2215] [M]: 0x0000000080001E9C (0x02000393) addi x7, x0, 0x20                       Mtrapsig_ptr_upd+0
x7 <- 0x0000000000000020

clint mtime 0x0000000000000454 (mip.MTI <- 0b1, mip.STI <- 0b0)
mem[X,0x0000000080001EA0] -> 0x5263
mem[X,0x0000000080001EA2] -> 0x0405
[2216] [M]: 0x0000000080001EA0 (0x04055263) bge x10, x0, 0x44                       Mtrapsig_ptr_upd+4

mem[X,0x0000000080001EE4] -> 0x2373
mem[X,0x0000000080001EE6] -> 0x3010
[2217] [M]: 0x0000000080001EE4 (0x30102373) csrrs x6, misa, x0                      Mxcpt_sig_sv+0
CSR misa (0x301) -> 0x800000000034112F
x6 <- 0x800000000034112F

clint mtime 0x0000000000000455 (mip.MTI <- 0b1, mip.STI <- 0b0)
mem[X,0x0000000080001EE8] -> 0x1313
mem[X,0x0000000080001EEA] -> 0x0383
[2218] [M]: 0x0000000080001EE8 (0x03831313) slli x6, x6, 0x38                       Mxcpt_sig_sv+4
x6 <- 0x2F00000000000000

mem[X,0x0000000080001EEC] -> 0x5463
mem[X,0x0000000080001EEE] -> 0x0003
[2219] [M]: 0x0000000080001EEC (0x00035463) bge x6, x0, 0x8                         Mxcpt_sig_sv+8

clint mtime 0x0000000000000456 (mip.MTI <- 0b1, mip.STI <- 0b0)
mem[X,0x0000000080001EF4] -> 0x3303
mem[X,0x0000000080001EF6] -> 0x2181
[2220] [M]: 0x0000000080001EF4 (0x21813303) ld x6, 0x218(x2)                        Mtrap_sig_sv+0
mem[R,0x0000000080005218] -> 0x000000008000A658
x6 <- 0x000000008000A658

mem[X,0x0000000080001EF8] -> 0x04B3
mem[X,0x0000000080001EFA] -> 0x0073
[2221] [M]: 0x0000000080001EF8 (0x007304B3) add x9, x6, x7                          Mtrap_sig_sv+4
x9 <- 0x000000008000A678

clint mtime 0x0000000000000457 (mip.MTI <- 0b1, mip.STI <- 0b0)
mem[X,0x0000000080001EFC] -> 0x3C23
mem[X,0x0000000080001EFE] -> 0x2091
[2222] [M]: 0x0000000080001EFC (0x20913C23) sd x9, 0x218(x2)                        Mtrap_sig_sv+8
mem[W,0x0000000080005218] <- 0x000000008000A678

mem[X,0x0000000080001F00] -> 0x3403
mem[X,0x0000000080001F02] -> 0x1F81
[2223] [M]: 0x0000000080001F00 (0x1F813403) ld x8, 0x1f8(x2)                        Mtrap_sig_sv+12
mem[R,0x00000000800051F8] -> 0x000000008000A110
x8 <- 0x000000008000A110

clint mtime 0x0000000000000458 (mip.MTI <- 0b1, mip.STI <- 0b0)
mem[X,0x0000000080001F04] -> 0x0333
mem[X,0x0000000080001F06] -> 0x4083
[2224] [M]: 0x0000000080001F04 (0x40830333) sub x6, x6, x8                          Mtrap_sig_sv+16
x6 <- 0x0000000000000548

mem[X,0x0000000080001F08] -> 0x3403
mem[X,0x0000000080001F0A] -> 0x1F81
[2225] [M]: 0x0000000080001F08 (0x1F813403) ld x8, 0x1f8(x2)                        Mtrap_sig_sv+20
mem[R,0x00000000800051F8] -> 0x000000008000A110
x8 <- 0x000000008000A110

clint mtime 0x0000000000000459 (mip.MTI <- 0b1, mip.STI <- 0b0)
mem[X,0x0000000080001F0C] -> 0x0333
mem[X,0x0000000080001F0E] -> 0x0083
[2226] [M]: 0x0000000080001F0C (0x00830333) add x6, x6, x8                          Mtrap_sig_sv+24
x6 <- 0x000000008000A658

mem[X,0x0000000080001F10] -> 0x3403
mem[X,0x0000000080001F12] -> 0x2401
[2227] [M]: 0x0000000080001F10 (0x24013403) ld x8, 0x240(x2)                        Mtrap_sig_sv+28
mem[R,0x0000000080005240] -> 0x0000000080001C80
x8 <- 0x0000000080001C80

clint mtime 0x000000000000045A (mip.MTI <- 0b1, mip.STI <- 0b0)
mem[X,0x0000000080001F14] -> 0x85B3
mem[X,0x0000000080001F16] -> 0x4085
[2228] [M]: 0x0000000080001F14 (0x408585B3) sub x11, x11, x8                        sv_Mvect+0
x11 <- 0x000000000000010C

mem[X,0x0000000080001F18] -> 0x9593
mem[X,0x0000000080001F1A] -> 0x0045
[2229] [M]: 0x0000000080001F18 (0x00459593) slli x11, x11, 0x4                      sv_Mvect+4
x11 <- 0x00000000000010C0

clint mtime 0x000000000000045B (mip.MTI <- 0b1, mip.STI <- 0b0)
mem[X,0x0000000080001F1C] -> 0xE5B3
mem[X,0x0000000080001F1E] -> 0x0075
[2230] [M]: 0x0000000080001F1C (0x0075E5B3) or x11, x11, x7                         sv_Mvect+8
x11 <- 0x00000000000010E0

mem[X,0x0000000080001F20] -> 0x8593
mem[X,0x0000000080001F22] -> 0x0035
[2231] [M]: 0x0000000080001F20 (0x00358593) addi x11, x11, 0x3                      sv_Mvect+12
x11 <- 0x00000000000010E3

clint mtime 0x000000000000045C (mip.MTI <- 0b1, mip.STI <- 0b0)
mem[X,0x0000000080001F24] -> 0x3023
mem[X,0x0000000080001F26] -> 0x00B3
[2232] [M]: 0x0000000080001F24 (0x00B33023) sd x11, 0x0(x6)                         sv_Mvect+16
mem[W,0x000000008000A658] <- 0x00000000000010E3

mem[X,0x0000000080001F28] -> 0x3423
mem[X,0x0000000080001F2A] -> 0x00A3
[2233] [M]: 0x0000000080001F28 (0x00A33423) sd x10, 0x8(x6)                         sv_Mcause+0
mem[W,0x000000008000A660] <- 0x0000000000000002

clint mtime 0x000000000000045D (mip.MTI <- 0b1, mip.STI <- 0b0)
mem[X,0x0000000080001F2C] -> 0x4663
mem[X,0x0000000080001F2E] -> 0x1A05
[2234] [M]: 0x0000000080001F2C (0x1A054663) blt x10, x0, 0x1ac                      sv_Mcause+4

mem[X,0x0000000080001F30] -> 0x25F3
mem[X,0x0000000080001F32] -> 0x3000
[2235] [M]: 0x0000000080001F30 (0x300025F3) csrrs x11, mstatus, x0                  common_Mexcpt_handler+0
CSR mstatus (0x300) -> 0x0000000A00000800
x11 <- 0x0000000A00000800

clint mtime 0x000000000000045E (mip.MTI <- 0b1, mip.STI <- 0b0)
mem[X,0x0000000080001F34] -> 0x9413
mem[X,0x0000000080001F36] -> 0x02E5
[2236] [M]: 0x0000000080001F34 (0x02E59413) slli x8, x11, 0x2e                      common_Mexcpt_handler+4
x8 <- 0x0200000000000000

mem[X,0x0000000080001F38] -> 0x5463
mem[X,0x0000000080001F3A] -> 0x0004
[2237] [M]: 0x0000000080001F38 (0x00045463) bge x8, x0, 0x8                         common_Mexcpt_handler+8

clint mtime 0x000000000000045F (mip.MTI <- 0b1, mip.STI <- 0b0)
mem[X,0x0000000080001F40] -> 0xD493
mem[X,0x0000000080001F42] -> 0x00B5
[2238] [M]: 0x0000000080001F40 (0x00B5D493) srli x9, x11, 0xb                       common_Mexcpt_handler+16
x9 <- 0x0000000001400001

mem[X,0x0000000080001F44] -> 0xF493
mem[X,0x0000000080001F46] -> 0x0034
[2239] [M]: 0x0000000080001F44 (0x0034F493) andi x9, x9, 0x3                        common_Mexcpt_handler+20
x9 <- 0x0000000000000001

clint mtime 0x0000000000000460 (mip.MTI <- 0b1, mip.STI <- 0b0)
mem[X,0x0000000080001F48] -> 0x8493
mem[X,0x0000000080001F4A] -> 0x0014
[2240] [M]: 0x0000000080001F48 (0x00148493) addi x9, x9, 0x1                        common_Mexcpt_handler+24
x9 <- 0x0000000000000002

mem[X,0x0000000080001F4C] -> 0xF493
mem[X,0x0000000080001F4E] -> 0x0044
[2241] [M]: 0x0000000080001F4C (0x0044F493) andi x9, x9, 0x4                        common_Mexcpt_handler+28
x9 <- 0x0000000000000000

clint mtime 0x0000000000000461 (mip.MTI <- 0b1, mip.STI <- 0b0)
mem[X,0x0000000080001F50] -> 0x0593
mem[X,0x0000000080001F52] -> 0x05D0
[2242] [M]: 0x0000000080001F50 (0x05D00593) addi x11, x0, 0x5d                      common_Mexcpt_handler+32
x11 <- 0x000000000000005D

mem[X,0x0000000080001F54] -> 0xD5B3
mem[X,0x0000000080001F56] -> 0x0095
[2243] [M]: 0x0000000080001F54 (0x0095D5B3) srl x11, x11, x9                        common_Mexcpt_handler+36
x11 <- 0x000000000000005D

clint mtime 0x0000000000000462 (mip.MTI <- 0b1, mip.STI <- 0b0)
mem[X,0x0000000080001F58] -> 0xF593
mem[X,0x0000000080001F5A] -> 0x0015
[2244] [M]: 0x0000000080001F58 (0x0015F593) andi x11, x11, 0x1                      common_Mexcpt_handler+40
x11 <- 0x0000000000000001

mem[X,0x0000000080001F5C] -> 0x8EE3
mem[X,0x0000000080001F5E] -> 0xF405
[2245] [M]: 0x0000000080001F5C (0xF4058EE3) beq x11, x0, -0xa4                      common_Mexcpt_handler+44

clint mtime 0x0000000000000463 (mip.MTI <- 0b1, mip.STI <- 0b0)
mem[X,0x0000000080001F60] -> 0x0593
mem[X,0x0000000080001F62] -> 0x2980
[2246] [M]: 0x0000000080001F60 (0x29800593) addi x11, x0, 0x298                     common_Mexcpt_handler+48
x11 <- 0x0000000000000298

mem[X,0x0000000080001F64] -> 0xF413
mem[X,0x0000000080001F66] -> 0x0014
[2247] [M]: 0x0000000080001F64 (0x0014F413) andi x8, x9, 0x1                        common_Mexcpt_handler+52
x8 <- 0x0000000000000000

clint mtime 0x0000000000000464 (mip.MTI <- 0b1, mip.STI <- 0b0)
mem[X,0x0000000080001F68] -> 0x95B3
mem[X,0x0000000080001F6A] -> 0x0085
[2248] [M]: 0x0000000080001F68 (0x008595B3) sll x11, x11, x8                        common_Mexcpt_handler+56
x11 <- 0x0000000000000298

mem[X,0x0000000080001F6C] -> 0x9413
mem[X,0x0000000080001F6E] -> 0x03D4
[2249] [M]: 0x0000000080001F6C (0x03D49413) slli x8, x9, 0x3d                       common_Mexcpt_handler+60
x8 <- 0x0000000000000000

clint mtime 0x0000000000000465 (mip.MTI <- 0b1, mip.STI <- 0b0)
mem[X,0x0000000080001F70] -> 0x5413
mem[X,0x0000000080001F72] -> 0x43F4
[2250] [M]: 0x0000000080001F70 (0x43F45413) srai x8, x8, 0x3f                       common_Mexcpt_handler+64
x8 <- 0x0000000000000000

mem[X,0x0000000080001F74] -> 0x4413
mem[X,0x0000000080001F76] -> 0xFFF4
[2251] [M]: 0x0000000080001F74 (0xFFF44413) xori x8, x8, -0x1                       common_Mexcpt_handler+68
x8 <- 0xFFFFFFFFFFFFFFFF

clint mtime 0x0000000000000466 (mip.MTI <- 0b1, mip.STI <- 0b0)
mem[X,0x0000000080001F78] -> 0xF4B3
mem[X,0x0000000080001F7A] -> 0x0085
[2252] [M]: 0x0000000080001F78 (0x0085F4B3) and x9, x11, x8                         common_Mexcpt_handler+72
x9 <- 0x0000000000000298

mem[X,0x0000000080001F7C] -> 0x84B3
mem[X,0x0000000080001F7E] -> 0x0024
[2253] [M]: 0x0000000080001F7C (0x002484B3) add x9, x9, x2                          vmem_adj_Mepc+0
x9 <- 0x0000000080005298

clint mtime 0x0000000000000467 (mip.MTI <- 0b1, mip.STI <- 0b0)
mem[X,0x0000000080001F80] -> 0x23F3
mem[X,0x0000000080001F82] -> 0x3410
[2254] [M]: 0x0000000080001F80 (0x341023F3) csrrs x7, mepc, x0                      vmem_adj_Mepc+4
CSR mepc (0x341) -> 0x00000300800012CC
x7 <- 0x00000300800012CC

mem[X,0x0000000080001F84] -> 0x0413
mem[X,0x0000000080001F86] -> 0x0004
[2255] [M]: 0x0000000080001F84 (0x00040413) addi x8, x8, 0x0                        vmem_adj_Mepc+8
x8 <- 0xFFFFFFFFFFFFFFFF

clint mtime 0x0000000000000468 (mip.MTI <- 0b1, mip.STI <- 0b0)
mem[X,0x0000000080001F88] -> 0x006F
mem[X,0x0000000080001F8A] -> 0x0400
[2256] [M]: 0x0000000080001F88 (0x0400006F) jal x0, 0x40                            vmem_adj_Mepc+12

mem[X,0x0000000080001FC8] -> 0x8433
mem[X,0x0000000080001FCA] -> 0x4083
[2257] [M]: 0x0000000080001FC8 (0x40838433) sub x8, x7, x8                          adj_Mepc+0
x8 <- 0x00000300800012CD

clint mtime 0x0000000000000469 (mip.MTI <- 0b1, mip.STI <- 0b0)
mem[X,0x0000000080001FCC] -> 0x3823
mem[X,0x0000000080001FCE] -> 0x0083
[2258] [M]: 0x0000000080001FCC (0x00833823) sd x8, 0x10(x6)                         sv_Mepc+0
mem[W,0x000000008000A668] <- 0x00000300800012CD

mem[X,0x0000000080001FD0] -> 0x55B7
mem[X,0x0000000080001FD2] -> 0x0000
[2259] [M]: 0x0000000080001FD0 (0x000055B7) lui x11, 0x5                            sv_Mepc+4
x11 <- 0x0000000000005000

clint mtime 0x000000000000046A (mip.MTI <- 0b1, mip.STI <- 0b0)
mem[X,0x0000000080001FD4] -> 0x8593
mem[X,0x0000000080001FD6] -> 0x6675
[2260] [M]: 0x0000000080001FD4 (0x66758593) addi x11, x11, 0x667                    sv_Mepc+8
x11 <- 0x0000000000005667

mem[X,0x0000000080001FD8] -> 0x9593
mem[X,0x0000000080001FDA] -> 0x0015
[2261] [M]: 0x0000000080001FD8 (0x00159593) slli x11, x11, 0x1                      sv_Mepc+12
x11 <- 0x000000000000ACCE

clint mtime 0x000000000000046B (mip.MTI <- 0b1, mip.STI <- 0b0)
mem[X,0x0000000080001FDC] -> 0x9063
mem[X,0x0000000080001FDE] -> 0x02B1
[2262] [M]: 0x0000000080001FDC (0x02B19063) bne x3, x11, 0x20                       sv_Mepc+16

mem[X,0x0000000080001FE0] -> 0x2473
mem[X,0x0000000080001FE2] -> 0x3420
[2263] [M]: 0x0000000080001FE0 (0x34202473) csrrs x8, mcause, x0                    sv_Mepc+20
CSR mcause (0x342) -> 0x0000000000000002
x8 <- 0x0000000000000002

clint mtime 0x000000000000046C (mip.MTI <- 0b1, mip.STI <- 0b0)
mem[X,0x0000000080001FE4] -> 0x0593
mem[X,0x0000000080001FE6] -> 0x00C0
[2264] [M]: 0x0000000080001FE4 (0x00C00593) addi x11, x0, 0xc                       sv_Mepc+24
x11 <- 0x000000000000000C

mem[X,0x0000000080001FE8] -> 0x0663
mem[X,0x0000000080001FEA] -> 0x00B4
[2265] [M]: 0x0000000080001FE8 (0x00B40663) beq x8, x11, 0xc                        sv_Mepc+28

clint mtime 0x000000000000046D (mip.MTI <- 0b1, mip.STI <- 0b0)
mem[X,0x0000000080001FEC] -> 0x0593
mem[X,0x0000000080001FEE] -> 0x0010
[2266] [M]: 0x0000000080001FEC (0x00100593) addi x11, x0, 0x1                       sv_Mepc+32
x11 <- 0x0000000000000001

mem[X,0x0000000080001FF0] -> 0x1663
mem[X,0x0000000080001FF2] -> 0x00B4
[2267] [M]: 0x0000000080001FF0 (0x00B41663) bne x8, x11, 0xc                        sv_Mepc+36

clint mtime 0x000000000000046E (mip.MTI <- 0b1, mip.STI <- 0b0)
mem[X,0x0000000080001FFC] -> 0xF593
mem[X,0x0000000080001FFE] -> 0xFFC3
[2268] [M]: 0x0000000080001FFC (0xFFC3F593) andi x11, x7, -0x4                      adj_Mepc_rtn+0
x11 <- 0x00000300800012CC

mem[X,0x0000000080002000] -> 0x8593
mem[X,0x0000000080002002] -> 0x0085
[2269] [M]: 0x0000000080002000 (0x00858593) addi x11, x11, 0x8                      adj_Mepc_rtn+4
x11 <- 0x00000300800012D4

clint mtime 0x000000000000046F (mip.MTI <- 0b1, mip.STI <- 0b0)
mem[X,0x0000000080002004] -> 0x9073
mem[X,0x0000000080002006] -> 0x3415
[2270] [M]: 0x0000000080002004 (0x34159073) csrrw x0, mepc, x11                     adj_Mepc_rtn+8
CSR mepc (0x341) <- 0x00000300800012D4

mem[X,0x0000000080002008] -> 0x23F3
mem[X,0x000000008000200A] -> 0x3430
[2271] [M]: 0x0000000080002008 (0x343023F3) csrrs x7, mtval, x0                     skp_adj_Mepc+0
CSR mtval (0x343) -> 0x00000000341494F3
x7 <- 0x00000000341494F3

clint mtime 0x0000000000000470 (mip.MTI <- 0b1, mip.STI <- 0b0)
mem[X,0x000000008000200C] -> 0x0413
mem[X,0x000000008000200E] -> 0x0004
[2272] [M]: 0x000000008000200C (0x00040413) addi x8, x8, 0x0                        skp_adj_Mepc+4
x8 <- 0x0000000000000002

mem[X,0x0000000080002010] -> 0x006F
mem[X,0x0000000080002012] -> 0x0840
[2273] [M]: 0x0000000080002010 (0x0840006F) jal x0, 0x84                            skp_adj_Mepc+8

clint mtime 0x0000000000000471 (mip.MTI <- 0b1, mip.STI <- 0b0)
mem[X,0x0000000080002094] -> 0x8433
mem[X,0x0000000080002096] -> 0x4083
[2274] [M]: 0x0000000080002094 (0x40838433) sub x8, x7, x8                          adj_Mtval+0
x8 <- 0x00000000341494F1

mem[X,0x0000000080002098] -> 0x3C23
mem[X,0x000000008000209A] -> 0x0083
[2275] [M]: 0x0000000080002098 (0x00833C23) sd x8, 0x18(x6)                         sv_Mtval+0
mem[W,0x000000008000A670] <- 0x00000000341494F1

clint mtime 0x0000000000000472 (mip.MTI <- 0b1, mip.STI <- 0b0)
mem[X,0x000000008000209C] -> 0x3483
mem[X,0x000000008000209E] -> 0x2181
[2276] [M]: 0x000000008000209C (0x21813483) ld x9, 0x218(x2)                        skp_Mtval+0
mem[R,0x0000000080005218] -> 0x000000008000A678
x9 <- 0x000000008000A678

mem[X,0x00000000800020A0] -> 0x3383
mem[X,0x00000000800020A2] -> 0x1F81
[2277] [M]: 0x00000000800020A0 (0x1F813383) ld x7, 0x1f8(x2)                        skp_Mtval+4
mem[R,0x00000000800051F8] -> 0x000000008000A110
x7 <- 0x000000008000A110

clint mtime 0x0000000000000473 (mip.MTI <- 0b1, mip.STI <- 0b0)
mem[X,0x00000000800020A4] -> 0x3303
mem[X,0x00000000800020A6] -> 0x2001
[2278] [M]: 0x00000000800020A4 (0x20013303) ld x6, 0x200(x2)                        skp_Mtval+8
mem[R,0x0000000080005200] -> 0x0000000000000610
x6 <- 0x0000000000000610

mem[X,0x00000000800020A8] -> 0x0333
mem[X,0x00000000800020AA] -> 0x0073
[2279] [M]: 0x00000000800020A8 (0x00730333) add x6, x6, x7                          skp_Mtval+12
x6 <- 0x000000008000A720

clint mtime 0x0000000000000474 (mip.MTI <- 0b1, mip.STI <- 0b0)
mem[X,0x00000000800020AC] -> 0x6AE3
mem[X,0x00000000800020AE] -> 0xAE93
[2280] [M]: 0x00000000800020AC (0xAE936AE3) bltu x6, x9, -0x50c                     skp_Mtval+16

mem[X,0x00000000800020B0] -> 0x0393
mem[X,0x00000000800020B2] -> 0x2000
[2281] [M]: 0x00000000800020B0 (0x20000393) addi x7, x0, 0x200                      skp_Mtval+20
x7 <- 0x0000000000000200

clint mtime 0x0000000000000475 (mip.MTI <- 0b1, mip.STI <- 0b0)
mem[X,0x00000000800020B4] -> 0x006F
mem[X,0x00000000800020B6] -> 0x0400
[2282] [M]: 0x00000000800020B4 (0x0400006F) jal x0, 0x40                            skp_Mtval+24

mem[X,0x00000000800020F4] -> 0x0417
mem[X,0x00000000800020F6] -> 0x0000
[2283] [M]: 0x00000000800020F4 (0x00000417) auipc x8, 0x0                           spcl_Mhandler+0
x8 <- 0x00000000800020F4

clint mtime 0x0000000000000476 (mip.MTI <- 0b1, mip.STI <- 0b0)
mem[X,0x00000000800020F8] -> 0x0413
mem[X,0x00000000800020FA] -> 0x03C4
[2284] [M]: 0x00000000800020F8 (0x03C40413) addi x8, x8, 0x3c                       spcl_Mhandler+4
x8 <- 0x0000000080002130

mem[X,0x00000000800020FC] -> 0x0433
mem[X,0x00000000800020FE] -> 0x0074
[2285] [M]: 0x00000000800020FC (0x00740433) add x8, x8, x7                          spcl_Mhandler+8
x8 <- 0x0000000080002330

clint mtime 0x0000000000000477 (mip.MTI <- 0b1, mip.STI <- 0b0)
mem[X,0x0000000080002100] -> 0x1393
mem[X,0x0000000080002102] -> 0x0035
[2286] [M]: 0x0000000080002100 (0x00351393) slli x7, x10, 0x3                       spcl_Mhandler+12
x7 <- 0x0000000000000010

mem[X,0x0000000080002104] -> 0x0433
mem[X,0x0000000080002106] -> 0x0074
[2287] [M]: 0x0000000080002104 (0x00740433) add x8, x8, x7                          spcl_Mhandler+16
x8 <- 0x0000000080002340

clint mtime 0x0000000000000478 (mip.MTI <- 0b1, mip.STI <- 0b0)
mem[X,0x0000000080002108] -> 0x7413
mem[X,0x000000008000210A] -> 0xFF84
[2288] [M]: 0x0000000080002108 (0xFF847413) andi x8, x8, -0x8                       spcl_Mhandler+20
x8 <- 0x0000000080002340

mem[X,0x000000008000210C] -> 0x3403
mem[X,0x000000008000210E] -> 0x0004
[2289] [M]: 0x000000008000210C (0x00043403) ld x8, 0x0(x8)                          spcl_Mhandler+24
mem[R,0x0000000080002340] -> 0x0000000000000005
x8 <- 0x0000000000000005

clint mtime 0x0000000000000479 (mip.MTI <- 0b1, mip.STI <- 0b0)
mem[X,0x0000000080002110] -> 0x02E3
mem[X,0x0000000080002112] -> 0xB204
[2290] [M]: 0x0000000080002110 (0xB20402E3) beq x8, x0, -0x4dc                      spcl_Mdispatch_hndling+0

mem[X,0x0000000080002114] -> 0x1393
mem[X,0x0000000080002116] -> 0x03F4
[2291] [M]: 0x0000000080002114 (0x03F41393) slli x7, x8, 0x3f                       spcl_Mdispatch_hndling+4
x7 <- 0x8000000000000000

clint mtime 0x000000000000047A (mip.MTI <- 0b1, mip.STI <- 0b0)
mem[X,0x0000000080002118] -> 0xD863
mem[X,0x000000008000211A] -> 0x0003
[2292] [M]: 0x0000000080002118 (0x0003D863) bge x7, x0, 0x10                        spcl_Mdispatch_hndling+8

mem[X,0x000000008000211C] -> 0x5413
mem[X,0x000000008000211E] -> 0x0014
[2293] [M]: 0x000000008000211C (0x00145413) srli x8, x8, 0x1                        spcl_Mdispatch_hndling+12
x8 <- 0x0000000000000002

clint mtime 0x000000000000047B (mip.MTI <- 0b1, mip.STI <- 0b0)
mem[X,0x0000000080002120] -> 0x0CE3
mem[X,0x0000000080002122] -> 0xF885
[2294] [M]: 0x0000000080002120 (0xF8850CE3) beq x10, x8, -0x68                      spcl_Mdispatch_hndling+16

mem[X,0x00000000800020B8] -> 0x3303
mem[X,0x00000000800020BA] -> 0x2601
[2295] [M]: 0x00000000800020B8 (0x26013303) ld x6, 0x260(x2)                        resto_Mrtn+0
mem[R,0x0000000080005260] -> 0xFFFFFFFF7FFFEF0C
x6 <- 0xFFFFFFFF7FFFEF0C

clint mtime 0x000000000000047C (mip.MTI <- 0b1, mip.STI <- 0b0)
mem[X,0x00000000800020BC] -> 0x3383
mem[X,0x00000000800020BE] -> 0x2681
[2296] [M]: 0x00000000800020BC (0x26813383) ld x7, 0x268(x2)                        resto_Mrtn+4
mem[R,0x0000000080005268] -> 0x0000000080005000
x7 <- 0x0000000080005000

mem[X,0x00000000800020C0] -> 0x3403
mem[X,0x00000000800020C2] -> 0x2701
[2297] [M]: 0x00000000800020C0 (0x27013403) ld x8, 0x270(x2)                        resto_Mrtn+8
mem[R,0x0000000080005270] -> 0x0000000000007F76
x8 <- 0x0000000000007F76

clint mtime 0x000000000000047D (mip.MTI <- 0b1, mip.STI <- 0b0)
mem[X,0x00000000800020C4] -> 0x3483
mem[X,0x00000000800020C6] -> 0x2781
[2298] [M]: 0x00000000800020C4 (0x27813483) ld x9, 0x278(x2)                        resto_Mrtn+12
mem[R,0x0000000080005278] -> 0x00000300000001D0
x9 <- 0x00000300000001D0

mem[X,0x00000000800020C8] -> 0x3503
mem[X,0x00000000800020CA] -> 0x2801
[2299] [M]: 0x00000000800020C8 (0x28013503) ld x10, 0x280(x2)                       resto_Mrtn+16
mem[R,0x0000000080005280] -> 0x00000000200000C9
x10 <- 0x00000000200000C9

clint mtime 0x000000000000047E (mip.MTI <- 0b1, mip.STI <- 0b0)
mem[X,0x00000000800020CC] -> 0x3583
mem[X,0x00000000800020CE] -> 0x2881
[2300] [M]: 0x00000000800020CC (0x28813583) ld x11, 0x288(x2)                       resto_Mrtn+20
mem[R,0x0000000080005288] -> 0x00000000000000C9
x11 <- 0x00000000000000C9

mem[X,0x00000000800020D0] -> 0x3103
mem[X,0x00000000800020D2] -> 0x2901
[2301] [M]: 0x00000000800020D0 (0x29013103) ld x2, 0x290(x2)                        resto_Mrtn+24
mem[R,0x0000000080005290] -> 0x0000000000000000
x2 <- 0x0000000000000000

clint mtime 0x000000000000047F (mip.MTI <- 0b1, mip.STI <- 0b0)
mem[X,0x00000000800020D4] -> 0x0073
mem[X,0x00000000800020D6] -> 0x3020
[2302] [M]: 0x00000000800020D4 (0x30200073) mret                                    resto_Mrtn+28
CSR mstatus (0x300) <- 0x0000000A00000080
ret-ing from M to S

PTW: Start, vpn=0x30080001, access_type=X, privilege=Smem[R,0x0000000080009030] -> 0x00000000000000CB
PTW: Step, level=3, pte=0xCB, pte_addr=0x80009030
PTW: Success, final_ppn=0x80001, level=3mem[X,0x00000000800012D4] -> 0x07B7
PTW: Start, vpn=0x30080001, access_type=X, privilege=Smem[R,0x0000000080009030] -> 0x00000000000000CB
PTW: Step, level=3, pte=0xCB, pte_addr=0x80009030
PTW: Success, final_ppn=0x80001, level=3mem[X,0x00000000800012D6] -> 0x0000
[2303] [S]: 0x00000300800012D4 (0x000007B7) lui x15, 0x0                            va_rvtest_code_begin+2840
x15 <- 0x0000000000000000

clint mtime 0x0000000000000480 (mip.MTI <- 0b1, mip.STI <- 0b0)
PTW: Start, vpn=0x30080001, access_type=X, privilege=Smem[R,0x0000000080009030] -> 0x00000000000000CB
PTW: Step, level=3, pte=0xCB, pte_addr=0x80009030
PTW: Success, final_ppn=0x80001, level=3mem[X,0x00000000800012D8] -> 0x8793
PTW: Start, vpn=0x30080001, access_type=X, privilege=Smem[R,0x0000000080009030] -> 0x00000000000000CB
PTW: Step, level=3, pte=0xCB, pte_addr=0x80009030
PTW: Success, final_ppn=0x80001, level=3mem[X,0x00000000800012DA] -> 0x2807
[2304] [S]: 0x00000300800012D8 (0x28078793) addi x15, x15, 0x280                    va_rvtest_code_begin+2844
x15 <- 0x0000000000000280

PTW: Start, vpn=0x30080001, access_type=X, privilege=Smem[R,0x0000000080009030] -> 0x00000000000000CB
PTW: Step, level=3, pte=0xCB, pte_addr=0x80009030
PTW: Success, final_ppn=0x80001, level=3mem[X,0x00000000800012DC] -> 0x9793
PTW: Start, vpn=0x30080001, access_type=X, privilege=Smem[R,0x0000000080009030] -> 0x00000000000000CB
PTW: Step, level=3, pte=0xCB, pte_addr=0x80009030
PTW: Success, final_ppn=0x80001, level=3mem[X,0x00000000800012DE] -> 0x00B7
[2305] [S]: 0x00000300800012DC (0x00B79793) slli x15, x15, 0xb                      va_rvtest_code_begin+2848
x15 <- 0x0000000000140000

clint mtime 0x0000000000000481 (mip.MTI <- 0b1, mip.STI <- 0b0)
PTW: Start, vpn=0x30080001, access_type=X, privilege=Smem[R,0x0000000080009030] -> 0x00000000000000CB
PTW: Step, level=3, pte=0xCB, pte_addr=0x80009030
PTW: Success, final_ppn=0x80001, level=3mem[X,0x00000000800012E0] -> 0x8793
PTW: Start, vpn=0x30080001, access_type=X, privilege=Smem[R,0x0000000080009030] -> 0x00000000000000CB
PTW: Step, level=3, pte=0xCB, pte_addr=0x80009030
PTW: Success, final_ppn=0x80001, level=3mem[X,0x00000000800012E2] -> 0x0007
[2306] [S]: 0x00000300800012E0 (0x00078793) addi x15, x15, 0x0                      va_rvtest_code_begin+2852
x15 <- 0x0000000000140000

PTW: Start, vpn=0x30080001, access_type=X, privilege=Smem[R,0x0000000080009030] -> 0x00000000000000CB
PTW: Step, level=3, pte=0xCB, pte_addr=0x80009030
PTW: Success, final_ppn=0x80001, level=3mem[X,0x00000000800012E4] -> 0x9793
PTW: Start, vpn=0x30080001, access_type=X, privilege=Smem[R,0x0000000080009030] -> 0x00000000000000CB
PTW: Step, level=3, pte=0xCB, pte_addr=0x80009030
PTW: Success, final_ppn=0x80001, level=3mem[X,0x00000000800012E6] -> 0x00B7
[2307] [S]: 0x00000300800012E4 (0x00B79793) slli x15, x15, 0xb                      va_rvtest_code_begin+2856
x15 <- 0x00000000A0000000

clint mtime 0x0000000000000482 (mip.MTI <- 0b1, mip.STI <- 0b0)
PTW: Start, vpn=0x30080001, access_type=X, privilege=Smem[R,0x0000000080009030] -> 0x00000000000000CB
PTW: Step, level=3, pte=0xCB, pte_addr=0x80009030
PTW: Success, final_ppn=0x80001, level=3mem[X,0x00000000800012E8] -> 0x8793
PTW: Start, vpn=0x30080001, access_type=X, privilege=Smem[R,0x0000000080009030] -> 0x00000000000000CB
PTW: Step, level=3, pte=0xCB, pte_addr=0x80009030
PTW: Success, final_ppn=0x80001, level=3mem[X,0x00000000800012EA] -> 0x0017
[2308] [S]: 0x00000300800012E8 (0x00178793) addi x15, x15, 0x1                      va_rvtest_code_begin+2860
x15 <- 0x00000000A0000001

PTW: Start, vpn=0x30080001, access_type=X, privilege=Smem[R,0x0000000080009030] -> 0x00000000000000CB
PTW: Step, level=3, pte=0xCB, pte_addr=0x80009030
PTW: Success, final_ppn=0x80001, level=3mem[X,0x00000000800012EC] -> 0x9793
PTW: Start, vpn=0x30080001, access_type=X, privilege=Smem[R,0x0000000080009030] -> 0x00000000000000CB
PTW: Step, level=3, pte=0xCB, pte_addr=0x80009030
PTW: Success, final_ppn=0x80001, level=3mem[X,0x00000000800012EE] -> 0x00A7
[2309] [S]: 0x00000300800012EC (0x00A79793) slli x15, x15, 0xa                      va_rvtest_code_begin+2864
x15 <- 0x0000028000000400

clint mtime 0x0000000000000483 (mip.MTI <- 0b1, mip.STI <- 0b0)
PTW: Start, vpn=0x30080001, access_type=X, privilege=Smem[R,0x0000000080009030] -> 0x00000000000000CB
PTW: Step, level=3, pte=0xCB, pte_addr=0x80009030
PTW: Success, final_ppn=0x80001, level=3mem[X,0x00000000800012F0] -> 0x0613
PTW: Start, vpn=0x30080001, access_type=X, privilege=Smem[R,0x0000000080009030] -> 0x00000000000000CB
PTW: Step, level=3, pte=0xCB, pte_addr=0x80009030
PTW: Success, final_ppn=0x80001, level=3mem[X,0x00000000800012F2] -> 0x0106
[2310] [S]: 0x00000300800012F0 (0x01060613) addi x12, x12, 0x10                     va_rvtest_code_begin+2868
x12 <- 0x0000000000000050

PTW: Start, vpn=0x30080001, access_type=X, privilege=Smem[R,0x0000000080009030] -> 0x00000000000000CB
PTW: Step, level=3, pte=0xCB, pte_addr=0x80009030
PTW: Success, final_ppn=0x80001, level=3mem[X,0x00000000800012F4] -> 0xAA23
PTW: Start, vpn=0x30080001, access_type=X, privilege=Smem[R,0x0000000080009030] -> 0x00000000000000CB
PTW: Step, level=3, pte=0xCB, pte_addr=0x80009030
PTW: Success, final_ppn=0x80001, level=3mem[X,0x00000000800012F6] -> 0x00C7
[2311] [S]: 0x00000300800012F4 (0x00C7AA23) sw x12, 0x14(x15)                       va_rvtest_code_begin+2872
PTW: Start, vpn=0x28000000, access_type=W, privilege=Smem[R,0x0000000080009028] -> 0x0000000020002001
PTW: Step, level=3, pte=0x20002001, pte_addr=0x80009028
PTW: Start, vpn=0x28000000, access_type=W, privilege=Smem[R,0x0000000080008000] -> 0x0000000020001C01
PTW: Step, level=2, pte=0x20001C01, pte_addr=0x80008000
PTW: Start, vpn=0x28000000, access_type=W, privilege=Smem[R,0x0000000080007000] -> 0x00000000200000C9
PTW: Step, level=1, pte=0x200000C9, pte_addr=0x80007000
PTW: failed, error=no-permission, level=1, pte_addr=0x80007000
trapping from S to M to handle store/amo-page-fault
handling exc#store/amo-page-fault at priv M with tval 0x0000028000000414
CSR mstatus (0x300) <- 0x0000000A00000800
CSR mcause (0x342) <- 0x000000000000000F
CSR mtval (0x343) <- 0x0000028000000414
CSR mepc (0x341) <- 0x00000300800012F4

clint mtime 0x0000000000000484 (mip.MTI <- 0b1, mip.STI <- 0b0)
mem[X,0x0000000080001C80] -> 0x006F
mem[X,0x0000000080001C82] -> 0x1000
[2312] [M]: 0x0000000080001C80 (0x1000006F) jal x0, 0x100                           Mtrampoline+0

mem[X,0x0000000080001D80] -> 0x1173
mem[X,0x0000000080001D82] -> 0x3401
[2313] [M]: 0x0000000080001D80 (0x34011173) csrrw x2, mscratch, x2                  trap_Mhandler+0
CSR mscratch (0x340) <- 0x0000000000000000
x2 <- 0x0000000080005000

clint mtime 0x0000000000000485 (mip.MTI <- 0b1, mip.STI <- 0b0)
mem[X,0x0000000080001D84] -> 0x3423
mem[X,0x0000000080001D86] -> 0x28B1
[2314] [M]: 0x0000000080001D84 (0x28B13423) sd x11, 0x288(x2)                       trap_Mhandler+4
mem[W,0x0000000080005288] <- 0x00000000000000C9

mem[X,0x0000000080001D88] -> 0x05EF
mem[X,0x0000000080001D8A] -> 0x0B80
[2315] [M]: 0x0000000080001D88 (0x0B8005EF) jal x11, 0xb8                           trap_Mhandler+8
x11 <- 0x0000000080001D8C

clint mtime 0x0000000000000486 (mip.MTI <- 0b1, mip.STI <- 0b0)
mem[X,0x0000000080001E40] -> 0x3023
mem[X,0x0000000080001E42] -> 0x28A1
[2316] [M]: 0x0000000080001E40 (0x28A13023) sd x10, 0x280(x2)                       common_Mhandler+0
mem[W,0x0000000080005280] <- 0x00000000200000C9

mem[X,0x0000000080001E44] -> 0x1573
mem[X,0x0000000080001E46] -> 0x3401
[2317] [M]: 0x0000000080001E44 (0x34011573) csrrw x10, mscratch, x2                 common_Mhandler+4
CSR mscratch (0x340) <- 0x0000000080005000
x10 <- 0x0000000000000000

clint mtime 0x0000000000000487 (mip.MTI <- 0b1, mip.STI <- 0b0)
mem[X,0x0000000080001E48] -> 0x3823
mem[X,0x0000000080001E4A] -> 0x28A1
[2318] [M]: 0x0000000080001E48 (0x28A13823) sd x10, 0x290(x2)                       common_Mhandler+8
mem[W,0x0000000080005290] <- 0x0000000000000000

mem[X,0x0000000080001E4C] -> 0x3503
mem[X,0x0000000080001E4E] -> 0x2301
[2319] [M]: 0x0000000080001E4C (0x23013503) ld x10, 0x230(x2)                       common_Mhandler+12
mem[R,0x0000000080005230] -> 0x0000000080001E54
x10 <- 0x0000000080001E54

clint mtime 0x0000000000000488 (mip.MTI <- 0b1, mip.STI <- 0b0)
mem[X,0x0000000080001E50] -> 0x0067
mem[X,0x0000000080001E52] -> 0x0005
[2320] [M]: 0x0000000080001E50 (0x00050067) jalr x0, 0x0(x10)                       common_Mhandler+16

mem[X,0x0000000080001E54] -> 0x3C23
mem[X,0x0000000080001E56] -> 0x2691
[2321] [M]: 0x0000000080001E54 (0x26913C23) sd x9, 0x278(x2)                        common_Mentry+0
mem[W,0x0000000080005278] <- 0x00000300000001D0

clint mtime 0x0000000000000489 (mip.MTI <- 0b1, mip.STI <- 0b0)
mem[X,0x0000000080001E58] -> 0x3823
mem[X,0x0000000080001E5A] -> 0x2681
[2322] [M]: 0x0000000080001E58 (0x26813823) sd x8, 0x270(x2)                        common_Mentry+4
mem[W,0x0000000080005270] <- 0x0000000000007F76

mem[X,0x0000000080001E5C] -> 0x3423
mem[X,0x0000000080001E5E] -> 0x2671
[2323] [M]: 0x0000000080001E5C (0x26713423) sd x7, 0x268(x2)                        common_Mentry+8
mem[W,0x0000000080005268] <- 0x0000000080005000

clint mtime 0x000000000000048A (mip.MTI <- 0b1, mip.STI <- 0b0)
mem[X,0x0000000080001E60] -> 0x3023
mem[X,0x0000000080001E62] -> 0x2661
[2324] [M]: 0x0000000080001E60 (0x26613023) sd x6, 0x260(x2)                        common_Mentry+12
mem[W,0x0000000080005260] <- 0xFFFFFFFF7FFFEF0C

mem[X,0x0000000080001E64] -> 0x2573
mem[X,0x0000000080001E66] -> 0x3420
[2325] [M]: 0x0000000080001E64 (0x34202573) csrrs x10, mcause, x0                   spcl_M2mmode_test+0
CSR mcause (0x342) -> 0x000000000000000F
x10 <- 0x000000000000000F

clint mtime 0x000000000000048B (mip.MTI <- 0b1, mip.STI <- 0b0)
mem[X,0x0000000080001E68] -> 0x04B7
mem[X,0x0000000080001E6A] -> 0x8000
[2326] [M]: 0x0000000080001E68 (0x800004B7) lui x9, -0x80000                        spcl_M2mmode_test+4
x9 <- 0xFFFFFFFF80000000

mem[X,0x0000000080001E6C] -> 0x8493
mem[X,0x0000000080001E6E] -> 0x0004
[2327] [M]: 0x0000000080001E6C (0x00048493) addi x9, x9, 0x0                        spcl_M2mmode_test+8
x9 <- 0xFFFFFFFF80000000

clint mtime 0x000000000000048C (mip.MTI <- 0b1, mip.STI <- 0b0)
mem[X,0x0000000080001E70] -> 0x9493
mem[X,0x0000000080001E72] -> 0x00B4
[2328] [M]: 0x0000000080001E70 (0x00B49493) slli x9, x9, 0xb                        spcl_M2mmode_test+12
x9 <- 0xFFFFFC0000000000

mem[X,0x0000000080001E74] -> 0x8493
mem[X,0x0000000080001E76] -> 0x0004
[2329] [M]: 0x0000000080001E74 (0x00048493) addi x9, x9, 0x0                        spcl_M2mmode_test+16
x9 <- 0xFFFFFC0000000000

clint mtime 0x000000000000048D (mip.MTI <- 0b1, mip.STI <- 0b0)
mem[X,0x0000000080001E78] -> 0x9493
mem[X,0x0000000080001E7A] -> 0x00B4
[2330] [M]: 0x0000000080001E78 (0x00B49493) slli x9, x9, 0xb                        spcl_M2mmode_test+20
x9 <- 0xFFE0000000000000

mem[X,0x0000000080001E7C] -> 0x8493
mem[X,0x0000000080001E7E] -> 0x0034
[2331] [M]: 0x0000000080001E7C (0x00348493) addi x9, x9, 0x3                        spcl_M2mmode_test+24
x9 <- 0xFFE0000000000003

clint mtime 0x000000000000048E (mip.MTI <- 0b1, mip.STI <- 0b0)
mem[X,0x0000000080001E80] -> 0x9493
mem[X,0x0000000080001E82] -> 0x00A4
[2332] [M]: 0x0000000080001E80 (0x00A49493) slli x9, x9, 0xa                        spcl_M2mmode_test+28
x9 <- 0x8000000000000C00

mem[X,0x0000000080001E84] -> 0x8493
mem[X,0x0000000080001E86] -> 0x3FC4
[2333] [M]: 0x0000000080001E84 (0x3FC48493) addi x9, x9, 0x3fc                      spcl_M2mmode_test+32
x9 <- 0x8000000000000FFC

clint mtime 0x000000000000048F (mip.MTI <- 0b1, mip.STI <- 0b0)
mem[X,0x0000000080001E88] -> 0xF4B3
mem[X,0x0000000080001E8A] -> 0x00A4
[2334] [M]: 0x0000000080001E88 (0x00A4F4B3) and x9, x9, x10                         spcl_M2mmode_test+36
x9 <- 0x000000000000000C

mem[X,0x0000000080001E8C] -> 0x8493
mem[X,0x0000000080001E8E] -> 0xFF84
[2335] [M]: 0x0000000080001E8C (0xFF848493) addi x9, x9, -0x8                       spcl_M2mmode_test+40
x9 <- 0x0000000000000004

clint mtime 0x0000000000000490 (mip.MTI <- 0b1, mip.STI <- 0b0)
mem[X,0x0000000080001E90] -> 0x9663
mem[X,0x0000000080001E92] -> 0x0004
[2336] [M]: 0x0000000080001E90 (0x00049663) bne x9, x0, 0xc                         spcl_M2mmode_test+44

mem[X,0x0000000080001E9C] -> 0x0393
mem[X,0x0000000080001E9E] -> 0x0200
[2337] [M]: 0x0000000080001E9C (0x02000393) addi x7, x0, 0x20                       Mtrapsig_ptr_upd+0
x7 <- 0x0000000000000020

clint mtime 0x0000000000000491 (mip.MTI <- 0b1, mip.STI <- 0b0)
mem[X,0x0000000080001EA0] -> 0x5263
mem[X,0x0000000080001EA2] -> 0x0405
[2338] [M]: 0x0000000080001EA0 (0x04055263) bge x10, x0, 0x44                       Mtrapsig_ptr_upd+4

mem[X,0x0000000080001EE4] -> 0x2373
mem[X,0x0000000080001EE6] -> 0x3010
[2339] [M]: 0x0000000080001EE4 (0x30102373) csrrs x6, misa, x0                      Mxcpt_sig_sv+0
CSR misa (0x301) -> 0x800000000034112F
x6 <- 0x800000000034112F

clint mtime 0x0000000000000492 (mip.MTI <- 0b1, mip.STI <- 0b0)
mem[X,0x0000000080001EE8] -> 0x1313
mem[X,0x0000000080001EEA] -> 0x0383
[2340] [M]: 0x0000000080001EE8 (0x03831313) slli x6, x6, 0x38                       Mxcpt_sig_sv+4
x6 <- 0x2F00000000000000

mem[X,0x0000000080001EEC] -> 0x5463
mem[X,0x0000000080001EEE] -> 0x0003
[2341] [M]: 0x0000000080001EEC (0x00035463) bge x6, x0, 0x8                         Mxcpt_sig_sv+8

clint mtime 0x0000000000000493 (mip.MTI <- 0b1, mip.STI <- 0b0)
mem[X,0x0000000080001EF4] -> 0x3303
mem[X,0x0000000080001EF6] -> 0x2181
[2342] [M]: 0x0000000080001EF4 (0x21813303) ld x6, 0x218(x2)                        Mtrap_sig_sv+0
mem[R,0x0000000080005218] -> 0x000000008000A678
x6 <- 0x000000008000A678

mem[X,0x0000000080001EF8] -> 0x04B3
mem[X,0x0000000080001EFA] -> 0x0073
[2343] [M]: 0x0000000080001EF8 (0x007304B3) add x9, x6, x7                          Mtrap_sig_sv+4
x9 <- 0x000000008000A698

clint mtime 0x0000000000000494 (mip.MTI <- 0b1, mip.STI <- 0b0)
mem[X,0x0000000080001EFC] -> 0x3C23
mem[X,0x0000000080001EFE] -> 0x2091
[2344] [M]: 0x0000000080001EFC (0x20913C23) sd x9, 0x218(x2)                        Mtrap_sig_sv+8
mem[W,0x0000000080005218] <- 0x000000008000A698

mem[X,0x0000000080001F00] -> 0x3403
mem[X,0x0000000080001F02] -> 0x1F81
[2345] [M]: 0x0000000080001F00 (0x1F813403) ld x8, 0x1f8(x2)                        Mtrap_sig_sv+12
mem[R,0x00000000800051F8] -> 0x000000008000A110
x8 <- 0x000000008000A110

clint mtime 0x0000000000000495 (mip.MTI <- 0b1, mip.STI <- 0b0)
mem[X,0x0000000080001F04] -> 0x0333
mem[X,0x0000000080001F06] -> 0x4083
[2346] [M]: 0x0000000080001F04 (0x40830333) sub x6, x6, x8                          Mtrap_sig_sv+16
x6 <- 0x0000000000000568

mem[X,0x0000000080001F08] -> 0x3403
mem[X,0x0000000080001F0A] -> 0x1F81
[2347] [M]: 0x0000000080001F08 (0x1F813403) ld x8, 0x1f8(x2)                        Mtrap_sig_sv+20
mem[R,0x00000000800051F8] -> 0x000000008000A110
x8 <- 0x000000008000A110

clint mtime 0x0000000000000496 (mip.MTI <- 0b1, mip.STI <- 0b0)
mem[X,0x0000000080001F0C] -> 0x0333
mem[X,0x0000000080001F0E] -> 0x0083
[2348] [M]: 0x0000000080001F0C (0x00830333) add x6, x6, x8                          Mtrap_sig_sv+24
x6 <- 0x000000008000A678

mem[X,0x0000000080001F10] -> 0x3403
mem[X,0x0000000080001F12] -> 0x2401
[2349] [M]: 0x0000000080001F10 (0x24013403) ld x8, 0x240(x2)                        Mtrap_sig_sv+28
mem[R,0x0000000080005240] -> 0x0000000080001C80
x8 <- 0x0000000080001C80

clint mtime 0x0000000000000497 (mip.MTI <- 0b1, mip.STI <- 0b0)
mem[X,0x0000000080001F14] -> 0x85B3
mem[X,0x0000000080001F16] -> 0x4085
[2350] [M]: 0x0000000080001F14 (0x408585B3) sub x11, x11, x8                        sv_Mvect+0
x11 <- 0x000000000000010C

mem[X,0x0000000080001F18] -> 0x9593
mem[X,0x0000000080001F1A] -> 0x0045
[2351] [M]: 0x0000000080001F18 (0x00459593) slli x11, x11, 0x4                      sv_Mvect+4
x11 <- 0x00000000000010C0

clint mtime 0x0000000000000498 (mip.MTI <- 0b1, mip.STI <- 0b0)
mem[X,0x0000000080001F1C] -> 0xE5B3
mem[X,0x0000000080001F1E] -> 0x0075
[2352] [M]: 0x0000000080001F1C (0x0075E5B3) or x11, x11, x7                         sv_Mvect+8
x11 <- 0x00000000000010E0

mem[X,0x0000000080001F20] -> 0x8593
mem[X,0x0000000080001F22] -> 0x0035
[2353] [M]: 0x0000000080001F20 (0x00358593) addi x11, x11, 0x3                      sv_Mvect+12
x11 <- 0x00000000000010E3

clint mtime 0x0000000000000499 (mip.MTI <- 0b1, mip.STI <- 0b0)
mem[X,0x0000000080001F24] -> 0x3023
mem[X,0x0000000080001F26] -> 0x00B3
[2354] [M]: 0x0000000080001F24 (0x00B33023) sd x11, 0x0(x6)                         sv_Mvect+16
mem[W,0x000000008000A678] <- 0x00000000000010E3

mem[X,0x0000000080001F28] -> 0x3423
mem[X,0x0000000080001F2A] -> 0x00A3
[2355] [M]: 0x0000000080001F28 (0x00A33423) sd x10, 0x8(x6)                         sv_Mcause+0
mem[W,0x000000008000A680] <- 0x000000000000000F

clint mtime 0x000000000000049A (mip.MTI <- 0b1, mip.STI <- 0b0)
mem[X,0x0000000080001F2C] -> 0x4663
mem[X,0x0000000080001F2E] -> 0x1A05
[2356] [M]: 0x0000000080001F2C (0x1A054663) blt x10, x0, 0x1ac                      sv_Mcause+4

mem[X,0x0000000080001F30] -> 0x25F3
mem[X,0x0000000080001F32] -> 0x3000
[2357] [M]: 0x0000000080001F30 (0x300025F3) csrrs x11, mstatus, x0                  common_Mexcpt_handler+0
CSR mstatus (0x300) -> 0x0000000A00000800
x11 <- 0x0000000A00000800

clint mtime 0x000000000000049B (mip.MTI <- 0b1, mip.STI <- 0b0)
mem[X,0x0000000080001F34] -> 0x9413
mem[X,0x0000000080001F36] -> 0x02E5
[2358] [M]: 0x0000000080001F34 (0x02E59413) slli x8, x11, 0x2e                      common_Mexcpt_handler+4
x8 <- 0x0200000000000000

mem[X,0x0000000080001F38] -> 0x5463
mem[X,0x0000000080001F3A] -> 0x0004
[2359] [M]: 0x0000000080001F38 (0x00045463) bge x8, x0, 0x8                         common_Mexcpt_handler+8

clint mtime 0x000000000000049C (mip.MTI <- 0b1, mip.STI <- 0b0)
mem[X,0x0000000080001F40] -> 0xD493
mem[X,0x0000000080001F42] -> 0x00B5
[2360] [M]: 0x0000000080001F40 (0x00B5D493) srli x9, x11, 0xb                       common_Mexcpt_handler+16
x9 <- 0x0000000001400001

mem[X,0x0000000080001F44] -> 0xF493
mem[X,0x0000000080001F46] -> 0x0034
[2361] [M]: 0x0000000080001F44 (0x0034F493) andi x9, x9, 0x3                        common_Mexcpt_handler+20
x9 <- 0x0000000000000001

clint mtime 0x000000000000049D (mip.MTI <- 0b1, mip.STI <- 0b0)
mem[X,0x0000000080001F48] -> 0x8493
mem[X,0x0000000080001F4A] -> 0x0014
[2362] [M]: 0x0000000080001F48 (0x00148493) addi x9, x9, 0x1                        common_Mexcpt_handler+24
x9 <- 0x0000000000000002

mem[X,0x0000000080001F4C] -> 0xF493
mem[X,0x0000000080001F4E] -> 0x0044
[2363] [M]: 0x0000000080001F4C (0x0044F493) andi x9, x9, 0x4                        common_Mexcpt_handler+28
x9 <- 0x0000000000000000

clint mtime 0x000000000000049E (mip.MTI <- 0b1, mip.STI <- 0b0)
mem[X,0x0000000080001F50] -> 0x0593
mem[X,0x0000000080001F52] -> 0x05D0
[2364] [M]: 0x0000000080001F50 (0x05D00593) addi x11, x0, 0x5d                      common_Mexcpt_handler+32
x11 <- 0x000000000000005D

mem[X,0x0000000080001F54] -> 0xD5B3
mem[X,0x0000000080001F56] -> 0x0095
[2365] [M]: 0x0000000080001F54 (0x0095D5B3) srl x11, x11, x9                        common_Mexcpt_handler+36
x11 <- 0x000000000000005D

clint mtime 0x000000000000049F (mip.MTI <- 0b1, mip.STI <- 0b0)
mem[X,0x0000000080001F58] -> 0xF593
mem[X,0x0000000080001F5A] -> 0x0015
[2366] [M]: 0x0000000080001F58 (0x0015F593) andi x11, x11, 0x1                      common_Mexcpt_handler+40
x11 <- 0x0000000000000001

mem[X,0x0000000080001F5C] -> 0x8EE3
mem[X,0x0000000080001F5E] -> 0xF405
[2367] [M]: 0x0000000080001F5C (0xF4058EE3) beq x11, x0, -0xa4                      common_Mexcpt_handler+44

clint mtime 0x00000000000004A0 (mip.MTI <- 0b1, mip.STI <- 0b0)
mem[X,0x0000000080001F60] -> 0x0593
mem[X,0x0000000080001F62] -> 0x2980
[2368] [M]: 0x0000000080001F60 (0x29800593) addi x11, x0, 0x298                     common_Mexcpt_handler+48
x11 <- 0x0000000000000298

mem[X,0x0000000080001F64] -> 0xF413
mem[X,0x0000000080001F66] -> 0x0014
[2369] [M]: 0x0000000080001F64 (0x0014F413) andi x8, x9, 0x1                        common_Mexcpt_handler+52
x8 <- 0x0000000000000000

clint mtime 0x00000000000004A1 (mip.MTI <- 0b1, mip.STI <- 0b0)
mem[X,0x0000000080001F68] -> 0x95B3
mem[X,0x0000000080001F6A] -> 0x0085
[2370] [M]: 0x0000000080001F68 (0x008595B3) sll x11, x11, x8                        common_Mexcpt_handler+56
x11 <- 0x0000000000000298

mem[X,0x0000000080001F6C] -> 0x9413
mem[X,0x0000000080001F6E] -> 0x03D4
[2371] [M]: 0x0000000080001F6C (0x03D49413) slli x8, x9, 0x3d                       common_Mexcpt_handler+60
x8 <- 0x0000000000000000

clint mtime 0x00000000000004A2 (mip.MTI <- 0b1, mip.STI <- 0b0)
mem[X,0x0000000080001F70] -> 0x5413
mem[X,0x0000000080001F72] -> 0x43F4
[2372] [M]: 0x0000000080001F70 (0x43F45413) srai x8, x8, 0x3f                       common_Mexcpt_handler+64
x8 <- 0x0000000000000000

mem[X,0x0000000080001F74] -> 0x4413
mem[X,0x0000000080001F76] -> 0xFFF4
[2373] [M]: 0x0000000080001F74 (0xFFF44413) xori x8, x8, -0x1                       common_Mexcpt_handler+68
x8 <- 0xFFFFFFFFFFFFFFFF

clint mtime 0x00000000000004A3 (mip.MTI <- 0b1, mip.STI <- 0b0)
mem[X,0x0000000080001F78] -> 0xF4B3
mem[X,0x0000000080001F7A] -> 0x0085
[2374] [M]: 0x0000000080001F78 (0x0085F4B3) and x9, x11, x8                         common_Mexcpt_handler+72
x9 <- 0x0000000000000298

mem[X,0x0000000080001F7C] -> 0x84B3
mem[X,0x0000000080001F7E] -> 0x0024
[2375] [M]: 0x0000000080001F7C (0x002484B3) add x9, x9, x2                          vmem_adj_Mepc+0
x9 <- 0x0000000080005298

clint mtime 0x00000000000004A4 (mip.MTI <- 0b1, mip.STI <- 0b0)
mem[X,0x0000000080001F80] -> 0x23F3
mem[X,0x0000000080001F82] -> 0x3410
[2376] [M]: 0x0000000080001F80 (0x341023F3) csrrs x7, mepc, x0                      vmem_adj_Mepc+4
CSR mepc (0x341) -> 0x00000300800012F4
x7 <- 0x00000300800012F4

mem[X,0x0000000080001F84] -> 0x0413
mem[X,0x0000000080001F86] -> 0x0004
[2377] [M]: 0x0000000080001F84 (0x00040413) addi x8, x8, 0x0                        vmem_adj_Mepc+8
x8 <- 0xFFFFFFFFFFFFFFFF

clint mtime 0x00000000000004A5 (mip.MTI <- 0b1, mip.STI <- 0b0)
mem[X,0x0000000080001F88] -> 0x006F
mem[X,0x0000000080001F8A] -> 0x0400
[2378] [M]: 0x0000000080001F88 (0x0400006F) jal x0, 0x40                            vmem_adj_Mepc+12

mem[X,0x0000000080001FC8] -> 0x8433
mem[X,0x0000000080001FCA] -> 0x4083
[2379] [M]: 0x0000000080001FC8 (0x40838433) sub x8, x7, x8                          adj_Mepc+0
x8 <- 0x00000300800012F5

clint mtime 0x00000000000004A6 (mip.MTI <- 0b1, mip.STI <- 0b0)
mem[X,0x0000000080001FCC] -> 0x3823
mem[X,0x0000000080001FCE] -> 0x0083
[2380] [M]: 0x0000000080001FCC (0x00833823) sd x8, 0x10(x6)                         sv_Mepc+0
mem[W,0x000000008000A688] <- 0x00000300800012F5

mem[X,0x0000000080001FD0] -> 0x55B7
mem[X,0x0000000080001FD2] -> 0x0000
[2381] [M]: 0x0000000080001FD0 (0x000055B7) lui x11, 0x5                            sv_Mepc+4
x11 <- 0x0000000000005000

clint mtime 0x00000000000004A7 (mip.MTI <- 0b1, mip.STI <- 0b0)
mem[X,0x0000000080001FD4] -> 0x8593
mem[X,0x0000000080001FD6] -> 0x6675
[2382] [M]: 0x0000000080001FD4 (0x66758593) addi x11, x11, 0x667                    sv_Mepc+8
x11 <- 0x0000000000005667

mem[X,0x0000000080001FD8] -> 0x9593
mem[X,0x0000000080001FDA] -> 0x0015
[2383] [M]: 0x0000000080001FD8 (0x00159593) slli x11, x11, 0x1                      sv_Mepc+12
x11 <- 0x000000000000ACCE

clint mtime 0x00000000000004A8 (mip.MTI <- 0b1, mip.STI <- 0b0)
mem[X,0x0000000080001FDC] -> 0x9063
mem[X,0x0000000080001FDE] -> 0x02B1
[2384] [M]: 0x0000000080001FDC (0x02B19063) bne x3, x11, 0x20                       sv_Mepc+16

mem[X,0x0000000080001FE0] -> 0x2473
mem[X,0x0000000080001FE2] -> 0x3420
[2385] [M]: 0x0000000080001FE0 (0x34202473) csrrs x8, mcause, x0                    sv_Mepc+20
CSR mcause (0x342) -> 0x000000000000000F
x8 <- 0x000000000000000F

clint mtime 0x00000000000004A9 (mip.MTI <- 0b1, mip.STI <- 0b0)
mem[X,0x0000000080001FE4] -> 0x0593
mem[X,0x0000000080001FE6] -> 0x00C0
[2386] [M]: 0x0000000080001FE4 (0x00C00593) addi x11, x0, 0xc                       sv_Mepc+24
x11 <- 0x000000000000000C

mem[X,0x0000000080001FE8] -> 0x0663
mem[X,0x0000000080001FEA] -> 0x00B4
[2387] [M]: 0x0000000080001FE8 (0x00B40663) beq x8, x11, 0xc                        sv_Mepc+28

clint mtime 0x00000000000004AA (mip.MTI <- 0b1, mip.STI <- 0b0)
mem[X,0x0000000080001FEC] -> 0x0593
mem[X,0x0000000080001FEE] -> 0x0010
[2388] [M]: 0x0000000080001FEC (0x00100593) addi x11, x0, 0x1                       sv_Mepc+32
x11 <- 0x0000000000000001

mem[X,0x0000000080001FF0] -> 0x1663
mem[X,0x0000000080001FF2] -> 0x00B4
[2389] [M]: 0x0000000080001FF0 (0x00B41663) bne x8, x11, 0xc                        sv_Mepc+36

clint mtime 0x00000000000004AB (mip.MTI <- 0b1, mip.STI <- 0b0)
mem[X,0x0000000080001FFC] -> 0xF593
mem[X,0x0000000080001FFE] -> 0xFFC3
[2390] [M]: 0x0000000080001FFC (0xFFC3F593) andi x11, x7, -0x4                      adj_Mepc_rtn+0
x11 <- 0x00000300800012F4

mem[X,0x0000000080002000] -> 0x8593
mem[X,0x0000000080002002] -> 0x0085
[2391] [M]: 0x0000000080002000 (0x00858593) addi x11, x11, 0x8                      adj_Mepc_rtn+4
x11 <- 0x00000300800012FC

clint mtime 0x00000000000004AC (mip.MTI <- 0b1, mip.STI <- 0b0)
mem[X,0x0000000080002004] -> 0x9073
mem[X,0x0000000080002006] -> 0x3415
[2392] [M]: 0x0000000080002004 (0x34159073) csrrw x0, mepc, x11                     adj_Mepc_rtn+8
CSR mepc (0x341) <- 0x00000300800012FC

mem[X,0x0000000080002008] -> 0x23F3
mem[X,0x000000008000200A] -> 0x3430
[2393] [M]: 0x0000000080002008 (0x343023F3) csrrs x7, mtval, x0                     skp_adj_Mepc+0
CSR mtval (0x343) -> 0x0000028000000414
x7 <- 0x0000028000000414

clint mtime 0x00000000000004AD (mip.MTI <- 0b1, mip.STI <- 0b0)
mem[X,0x000000008000200C] -> 0x0413
mem[X,0x000000008000200E] -> 0x0004
[2394] [M]: 0x000000008000200C (0x00040413) addi x8, x8, 0x0                        skp_adj_Mepc+4
x8 <- 0x000000000000000F

mem[X,0x0000000080002010] -> 0x006F
mem[X,0x0000000080002012] -> 0x0840
[2395] [M]: 0x0000000080002010 (0x0840006F) jal x0, 0x84                            skp_adj_Mepc+8

clint mtime 0x00000000000004AE (mip.MTI <- 0b1, mip.STI <- 0b0)
mem[X,0x0000000080002094] -> 0x8433
mem[X,0x0000000080002096] -> 0x4083
[2396] [M]: 0x0000000080002094 (0x40838433) sub x8, x7, x8                          adj_Mtval+0
x8 <- 0x0000028000000405

mem[X,0x0000000080002098] -> 0x3C23
mem[X,0x000000008000209A] -> 0x0083
[2397] [M]: 0x0000000080002098 (0x00833C23) sd x8, 0x18(x6)                         sv_Mtval+0
mem[W,0x000000008000A690] <- 0x0000028000000405

clint mtime 0x00000000000004AF (mip.MTI <- 0b1, mip.STI <- 0b0)
mem[X,0x000000008000209C] -> 0x3483
mem[X,0x000000008000209E] -> 0x2181
[2398] [M]: 0x000000008000209C (0x21813483) ld x9, 0x218(x2)                        skp_Mtval+0
mem[R,0x0000000080005218] -> 0x000000008000A698
x9 <- 0x000000008000A698

mem[X,0x00000000800020A0] -> 0x3383
mem[X,0x00000000800020A2] -> 0x1F81
[2399] [M]: 0x00000000800020A0 (0x1F813383) ld x7, 0x1f8(x2)                        skp_Mtval+4
mem[R,0x00000000800051F8] -> 0x000000008000A110
x7 <- 0x000000008000A110

clint mtime 0x00000000000004B0 (mip.MTI <- 0b1, mip.STI <- 0b0)
mem[X,0x00000000800020A4] -> 0x3303
mem[X,0x00000000800020A6] -> 0x2001
[2400] [M]: 0x00000000800020A4 (0x20013303) ld x6, 0x200(x2)                        skp_Mtval+8
mem[R,0x0000000080005200] -> 0x0000000000000610
x6 <- 0x0000000000000610

mem[X,0x00000000800020A8] -> 0x0333
mem[X,0x00000000800020AA] -> 0x0073
[2401] [M]: 0x00000000800020A8 (0x00730333) add x6, x6, x7                          skp_Mtval+12
x6 <- 0x000000008000A720

clint mtime 0x00000000000004B1 (mip.MTI <- 0b1, mip.STI <- 0b0)
mem[X,0x00000000800020AC] -> 0x6AE3
mem[X,0x00000000800020AE] -> 0xAE93
[2402] [M]: 0x00000000800020AC (0xAE936AE3) bltu x6, x9, -0x50c                     skp_Mtval+16

mem[X,0x00000000800020B0] -> 0x0393
mem[X,0x00000000800020B2] -> 0x2000
[2403] [M]: 0x00000000800020B0 (0x20000393) addi x7, x0, 0x200                      skp_Mtval+20
x7 <- 0x0000000000000200

clint mtime 0x00000000000004B2 (mip.MTI <- 0b1, mip.STI <- 0b0)
mem[X,0x00000000800020B4] -> 0x006F
mem[X,0x00000000800020B6] -> 0x0400
[2404] [M]: 0x00000000800020B4 (0x0400006F) jal x0, 0x40                            skp_Mtval+24

mem[X,0x00000000800020F4] -> 0x0417
mem[X,0x00000000800020F6] -> 0x0000
[2405] [M]: 0x00000000800020F4 (0x00000417) auipc x8, 0x0                           spcl_Mhandler+0
x8 <- 0x00000000800020F4

clint mtime 0x00000000000004B3 (mip.MTI <- 0b1, mip.STI <- 0b0)
mem[X,0x00000000800020F8] -> 0x0413
mem[X,0x00000000800020FA] -> 0x03C4
[2406] [M]: 0x00000000800020F8 (0x03C40413) addi x8, x8, 0x3c                       spcl_Mhandler+4
x8 <- 0x0000000080002130

mem[X,0x00000000800020FC] -> 0x0433
mem[X,0x00000000800020FE] -> 0x0074
[2407] [M]: 0x00000000800020FC (0x00740433) add x8, x8, x7                          spcl_Mhandler+8
x8 <- 0x0000000080002330

clint mtime 0x00000000000004B4 (mip.MTI <- 0b1, mip.STI <- 0b0)
mem[X,0x0000000080002100] -> 0x1393
mem[X,0x0000000080002102] -> 0x0035
[2408] [M]: 0x0000000080002100 (0x00351393) slli x7, x10, 0x3                       spcl_Mhandler+12
x7 <- 0x0000000000000078

mem[X,0x0000000080002104] -> 0x0433
mem[X,0x0000000080002106] -> 0x0074
[2409] [M]: 0x0000000080002104 (0x00740433) add x8, x8, x7                          spcl_Mhandler+16
x8 <- 0x00000000800023A8

clint mtime 0x00000000000004B5 (mip.MTI <- 0b1, mip.STI <- 0b0)
mem[X,0x0000000080002108] -> 0x7413
mem[X,0x000000008000210A] -> 0xFF84
[2410] [M]: 0x0000000080002108 (0xFF847413) andi x8, x8, -0x8                       spcl_Mhandler+20
x8 <- 0x00000000800023A8

mem[X,0x000000008000210C] -> 0x3403
mem[X,0x000000008000210E] -> 0x0004
[2411] [M]: 0x000000008000210C (0x00043403) ld x8, 0x0(x8)                          spcl_Mhandler+24
mem[R,0x00000000800023A8] -> 0x000000000000001F
x8 <- 0x000000000000001F

clint mtime 0x00000000000004B6 (mip.MTI <- 0b1, mip.STI <- 0b0)
mem[X,0x0000000080002110] -> 0x02E3
mem[X,0x0000000080002112] -> 0xB204
[2412] [M]: 0x0000000080002110 (0xB20402E3) beq x8, x0, -0x4dc                      spcl_Mdispatch_hndling+0

mem[X,0x0000000080002114] -> 0x1393
mem[X,0x0000000080002116] -> 0x03F4
[2413] [M]: 0x0000000080002114 (0x03F41393) slli x7, x8, 0x3f                       spcl_Mdispatch_hndling+4
x7 <- 0x8000000000000000

clint mtime 0x00000000000004B7 (mip.MTI <- 0b1, mip.STI <- 0b0)
mem[X,0x0000000080002118] -> 0xD863
mem[X,0x000000008000211A] -> 0x0003
[2414] [M]: 0x0000000080002118 (0x0003D863) bge x7, x0, 0x10                        spcl_Mdispatch_hndling+8

mem[X,0x000000008000211C] -> 0x5413
mem[X,0x000000008000211E] -> 0x0014
[2415] [M]: 0x000000008000211C (0x00145413) srli x8, x8, 0x1                        spcl_Mdispatch_hndling+12
x8 <- 0x000000000000000F

clint mtime 0x00000000000004B8 (mip.MTI <- 0b1, mip.STI <- 0b0)
mem[X,0x0000000080002120] -> 0x0CE3
mem[X,0x0000000080002122] -> 0xF885
[2416] [M]: 0x0000000080002120 (0xF8850CE3) beq x10, x8, -0x68                      spcl_Mdispatch_hndling+16

mem[X,0x00000000800020B8] -> 0x3303
mem[X,0x00000000800020BA] -> 0x2601
[2417] [M]: 0x00000000800020B8 (0x26013303) ld x6, 0x260(x2)                        resto_Mrtn+0
mem[R,0x0000000080005260] -> 0xFFFFFFFF7FFFEF0C
x6 <- 0xFFFFFFFF7FFFEF0C

clint mtime 0x00000000000004B9 (mip.MTI <- 0b1, mip.STI <- 0b0)
mem[X,0x00000000800020BC] -> 0x3383
mem[X,0x00000000800020BE] -> 0x2681
[2418] [M]: 0x00000000800020BC (0x26813383) ld x7, 0x268(x2)                        resto_Mrtn+4
mem[R,0x0000000080005268] -> 0x0000000080005000
x7 <- 0x0000000080005000

mem[X,0x00000000800020C0] -> 0x3403
mem[X,0x00000000800020C2] -> 0x2701
[2419] [M]: 0x00000000800020C0 (0x27013403) ld x8, 0x270(x2)                        resto_Mrtn+8
mem[R,0x0000000080005270] -> 0x0000000000007F76
x8 <- 0x0000000000007F76

clint mtime 0x00000000000004BA (mip.MTI <- 0b1, mip.STI <- 0b0)
mem[X,0x00000000800020C4] -> 0x3483
mem[X,0x00000000800020C6] -> 0x2781
[2420] [M]: 0x00000000800020C4 (0x27813483) ld x9, 0x278(x2)                        resto_Mrtn+12
mem[R,0x0000000080005278] -> 0x00000300000001D0
x9 <- 0x00000300000001D0

mem[X,0x00000000800020C8] -> 0x3503
mem[X,0x00000000800020CA] -> 0x2801
[2421] [M]: 0x00000000800020C8 (0x28013503) ld x10, 0x280(x2)                       resto_Mrtn+16
mem[R,0x0000000080005280] -> 0x00000000200000C9
x10 <- 0x00000000200000C9

clint mtime 0x00000000000004BB (mip.MTI <- 0b1, mip.STI <- 0b0)
mem[X,0x00000000800020CC] -> 0x3583
mem[X,0x00000000800020CE] -> 0x2881
[2422] [M]: 0x00000000800020CC (0x28813583) ld x11, 0x288(x2)                       resto_Mrtn+20
mem[R,0x0000000080005288] -> 0x00000000000000C9
x11 <- 0x00000000000000C9

mem[X,0x00000000800020D0] -> 0x3103
mem[X,0x00000000800020D2] -> 0x2901
[2423] [M]: 0x00000000800020D0 (0x29013103) ld x2, 0x290(x2)                        resto_Mrtn+24
mem[R,0x0000000080005290] -> 0x0000000000000000
x2 <- 0x0000000000000000

clint mtime 0x00000000000004BC (mip.MTI <- 0b1, mip.STI <- 0b0)
mem[X,0x00000000800020D4] -> 0x0073
mem[X,0x00000000800020D6] -> 0x3020
[2424] [M]: 0x00000000800020D4 (0x30200073) mret                                    resto_Mrtn+28
CSR mstatus (0x300) <- 0x0000000A00000080
ret-ing from M to S

PTW: Start, vpn=0x30080001, access_type=X, privilege=Smem[R,0x0000000080009030] -> 0x00000000000000CB
PTW: Step, level=3, pte=0xCB, pte_addr=0x80009030
PTW: Success, final_ppn=0x80001, level=3mem[X,0x00000000800012FC] -> 0xA703
PTW: Start, vpn=0x30080001, access_type=X, privilege=Smem[R,0x0000000080009030] -> 0x00000000000000CB
PTW: Step, level=3, pte=0xCB, pte_addr=0x80009030
PTW: Success, final_ppn=0x80001, level=3mem[X,0x00000000800012FE] -> 0x0147
[2425] [S]: 0x00000300800012FC (0x0147A703) lw x14, 0x14(x15)                       va_rvtest_code_begin+2880
PTW: Start, vpn=0x28000000, access_type=R, privilege=Smem[R,0x0000000080009028] -> 0x0000000020002001
PTW: Step, level=3, pte=0x20002001, pte_addr=0x80009028
PTW: Start, vpn=0x28000000, access_type=R, privilege=Smem[R,0x0000000080008000] -> 0x0000000020001C01
PTW: Step, level=2, pte=0x20001C01, pte_addr=0x80008000
PTW: Start, vpn=0x28000000, access_type=R, privilege=Smem[R,0x0000000080007000] -> 0x00000000200000C9
PTW: Step, level=1, pte=0x200000C9, pte_addr=0x80007000
PTW: failed, error=no-permission, level=1, pte_addr=0x80007000
trapping from S to M to handle load-page-fault
handling exc#load-page-fault at priv M with tval 0x0000028000000414
CSR mstatus (0x300) <- 0x0000000A00000800
CSR mcause (0x342) <- 0x000000000000000D
CSR mtval (0x343) <- 0x0000028000000414
CSR mepc (0x341) <- 0x00000300800012FC

clint mtime 0x00000000000004BD (mip.MTI <- 0b1, mip.STI <- 0b0)
mem[X,0x0000000080001C80] -> 0x006F
mem[X,0x0000000080001C82] -> 0x1000
[2426] [M]: 0x0000000080001C80 (0x1000006F) jal x0, 0x100                           Mtrampoline+0

mem[X,0x0000000080001D80] -> 0x1173
mem[X,0x0000000080001D82] -> 0x3401
[2427] [M]: 0x0000000080001D80 (0x34011173) csrrw x2, mscratch, x2                  trap_Mhandler+0
CSR mscratch (0x340) <- 0x0000000000000000
x2 <- 0x0000000080005000

clint mtime 0x00000000000004BE (mip.MTI <- 0b1, mip.STI <- 0b0)
mem[X,0x0000000080001D84] -> 0x3423
mem[X,0x0000000080001D86] -> 0x28B1
[2428] [M]: 0x0000000080001D84 (0x28B13423) sd x11, 0x288(x2)                       trap_Mhandler+4
mem[W,0x0000000080005288] <- 0x00000000000000C9

mem[X,0x0000000080001D88] -> 0x05EF
mem[X,0x0000000080001D8A] -> 0x0B80
[2429] [M]: 0x0000000080001D88 (0x0B8005EF) jal x11, 0xb8                           trap_Mhandler+8
x11 <- 0x0000000080001D8C

clint mtime 0x00000000000004BF (mip.MTI <- 0b1, mip.STI <- 0b0)
mem[X,0x0000000080001E40] -> 0x3023
mem[X,0x0000000080001E42] -> 0x28A1
[2430] [M]: 0x0000000080001E40 (0x28A13023) sd x10, 0x280(x2)                       common_Mhandler+0
mem[W,0x0000000080005280] <- 0x00000000200000C9

mem[X,0x0000000080001E44] -> 0x1573
mem[X,0x0000000080001E46] -> 0x3401
[2431] [M]: 0x0000000080001E44 (0x34011573) csrrw x10, mscratch, x2                 common_Mhandler+4
CSR mscratch (0x340) <- 0x0000000080005000
x10 <- 0x0000000000000000

clint mtime 0x00000000000004C0 (mip.MTI <- 0b1, mip.STI <- 0b0)
mem[X,0x0000000080001E48] -> 0x3823
mem[X,0x0000000080001E4A] -> 0x28A1
[2432] [M]: 0x0000000080001E48 (0x28A13823) sd x10, 0x290(x2)                       common_Mhandler+8
mem[W,0x0000000080005290] <- 0x0000000000000000

mem[X,0x0000000080001E4C] -> 0x3503
mem[X,0x0000000080001E4E] -> 0x2301
[2433] [M]: 0x0000000080001E4C (0x23013503) ld x10, 0x230(x2)                       common_Mhandler+12
mem[R,0x0000000080005230] -> 0x0000000080001E54
x10 <- 0x0000000080001E54

clint mtime 0x00000000000004C1 (mip.MTI <- 0b1, mip.STI <- 0b0)
mem[X,0x0000000080001E50] -> 0x0067
mem[X,0x0000000080001E52] -> 0x0005
[2434] [M]: 0x0000000080001E50 (0x00050067) jalr x0, 0x0(x10)                       common_Mhandler+16

mem[X,0x0000000080001E54] -> 0x3C23
mem[X,0x0000000080001E56] -> 0x2691
[2435] [M]: 0x0000000080001E54 (0x26913C23) sd x9, 0x278(x2)                        common_Mentry+0
mem[W,0x0000000080005278] <- 0x00000300000001D0

clint mtime 0x00000000000004C2 (mip.MTI <- 0b1, mip.STI <- 0b0)
mem[X,0x0000000080001E58] -> 0x3823
mem[X,0x0000000080001E5A] -> 0x2681
[2436] [M]: 0x0000000080001E58 (0x26813823) sd x8, 0x270(x2)                        common_Mentry+4
mem[W,0x0000000080005270] <- 0x0000000000007F76

mem[X,0x0000000080001E5C] -> 0x3423
mem[X,0x0000000080001E5E] -> 0x2671
[2437] [M]: 0x0000000080001E5C (0x26713423) sd x7, 0x268(x2)                        common_Mentry+8
mem[W,0x0000000080005268] <- 0x0000000080005000

clint mtime 0x00000000000004C3 (mip.MTI <- 0b1, mip.STI <- 0b0)
mem[X,0x0000000080001E60] -> 0x3023
mem[X,0x0000000080001E62] -> 0x2661
[2438] [M]: 0x0000000080001E60 (0x26613023) sd x6, 0x260(x2)                        common_Mentry+12
mem[W,0x0000000080005260] <- 0xFFFFFFFF7FFFEF0C

mem[X,0x0000000080001E64] -> 0x2573
mem[X,0x0000000080001E66] -> 0x3420
[2439] [M]: 0x0000000080001E64 (0x34202573) csrrs x10, mcause, x0                   spcl_M2mmode_test+0
CSR mcause (0x342) -> 0x000000000000000D
x10 <- 0x000000000000000D

clint mtime 0x00000000000004C4 (mip.MTI <- 0b1, mip.STI <- 0b0)
mem[X,0x0000000080001E68] -> 0x04B7
mem[X,0x0000000080001E6A] -> 0x8000
[2440] [M]: 0x0000000080001E68 (0x800004B7) lui x9, -0x80000                        spcl_M2mmode_test+4
x9 <- 0xFFFFFFFF80000000

mem[X,0x0000000080001E6C] -> 0x8493
mem[X,0x0000000080001E6E] -> 0x0004
[2441] [M]: 0x0000000080001E6C (0x00048493) addi x9, x9, 0x0                        spcl_M2mmode_test+8
x9 <- 0xFFFFFFFF80000000

clint mtime 0x00000000000004C5 (mip.MTI <- 0b1, mip.STI <- 0b0)
mem[X,0x0000000080001E70] -> 0x9493
mem[X,0x0000000080001E72] -> 0x00B4
[2442] [M]: 0x0000000080001E70 (0x00B49493) slli x9, x9, 0xb                        spcl_M2mmode_test+12
x9 <- 0xFFFFFC0000000000

mem[X,0x0000000080001E74] -> 0x8493
mem[X,0x0000000080001E76] -> 0x0004
[2443] [M]: 0x0000000080001E74 (0x00048493) addi x9, x9, 0x0                        spcl_M2mmode_test+16
x9 <- 0xFFFFFC0000000000

clint mtime 0x00000000000004C6 (mip.MTI <- 0b1, mip.STI <- 0b0)
mem[X,0x0000000080001E78] -> 0x9493
mem[X,0x0000000080001E7A] -> 0x00B4
[2444] [M]: 0x0000000080001E78 (0x00B49493) slli x9, x9, 0xb                        spcl_M2mmode_test+20
x9 <- 0xFFE0000000000000

mem[X,0x0000000080001E7C] -> 0x8493
mem[X,0x0000000080001E7E] -> 0x0034
[2445] [M]: 0x0000000080001E7C (0x00348493) addi x9, x9, 0x3                        spcl_M2mmode_test+24
x9 <- 0xFFE0000000000003

clint mtime 0x00000000000004C7 (mip.MTI <- 0b1, mip.STI <- 0b0)
mem[X,0x0000000080001E80] -> 0x9493
mem[X,0x0000000080001E82] -> 0x00A4
[2446] [M]: 0x0000000080001E80 (0x00A49493) slli x9, x9, 0xa                        spcl_M2mmode_test+28
x9 <- 0x8000000000000C00

mem[X,0x0000000080001E84] -> 0x8493
mem[X,0x0000000080001E86] -> 0x3FC4
[2447] [M]: 0x0000000080001E84 (0x3FC48493) addi x9, x9, 0x3fc                      spcl_M2mmode_test+32
x9 <- 0x8000000000000FFC

clint mtime 0x00000000000004C8 (mip.MTI <- 0b1, mip.STI <- 0b0)
mem[X,0x0000000080001E88] -> 0xF4B3
mem[X,0x0000000080001E8A] -> 0x00A4
[2448] [M]: 0x0000000080001E88 (0x00A4F4B3) and x9, x9, x10                         spcl_M2mmode_test+36
x9 <- 0x000000000000000C

mem[X,0x0000000080001E8C] -> 0x8493
mem[X,0x0000000080001E8E] -> 0xFF84
[2449] [M]: 0x0000000080001E8C (0xFF848493) addi x9, x9, -0x8                       spcl_M2mmode_test+40
x9 <- 0x0000000000000004

clint mtime 0x00000000000004C9 (mip.MTI <- 0b1, mip.STI <- 0b0)
mem[X,0x0000000080001E90] -> 0x9663
mem[X,0x0000000080001E92] -> 0x0004
[2450] [M]: 0x0000000080001E90 (0x00049663) bne x9, x0, 0xc                         spcl_M2mmode_test+44

mem[X,0x0000000080001E9C] -> 0x0393
mem[X,0x0000000080001E9E] -> 0x0200
[2451] [M]: 0x0000000080001E9C (0x02000393) addi x7, x0, 0x20                       Mtrapsig_ptr_upd+0
x7 <- 0x0000000000000020

clint mtime 0x00000000000004CA (mip.MTI <- 0b1, mip.STI <- 0b0)
mem[X,0x0000000080001EA0] -> 0x5263
mem[X,0x0000000080001EA2] -> 0x0405
[2452] [M]: 0x0000000080001EA0 (0x04055263) bge x10, x0, 0x44                       Mtrapsig_ptr_upd+4

mem[X,0x0000000080001EE4] -> 0x2373
mem[X,0x0000000080001EE6] -> 0x3010
[2453] [M]: 0x0000000080001EE4 (0x30102373) csrrs x6, misa, x0                      Mxcpt_sig_sv+0
CSR misa (0x301) -> 0x800000000034112F
x6 <- 0x800000000034112F

clint mtime 0x00000000000004CB (mip.MTI <- 0b1, mip.STI <- 0b0)
mem[X,0x0000000080001EE8] -> 0x1313
mem[X,0x0000000080001EEA] -> 0x0383
[2454] [M]: 0x0000000080001EE8 (0x03831313) slli x6, x6, 0x38                       Mxcpt_sig_sv+4
x6 <- 0x2F00000000000000

mem[X,0x0000000080001EEC] -> 0x5463
mem[X,0x0000000080001EEE] -> 0x0003
[2455] [M]: 0x0000000080001EEC (0x00035463) bge x6, x0, 0x8                         Mxcpt_sig_sv+8

clint mtime 0x00000000000004CC (mip.MTI <- 0b1, mip.STI <- 0b0)
mem[X,0x0000000080001EF4] -> 0x3303
mem[X,0x0000000080001EF6] -> 0x2181
[2456] [M]: 0x0000000080001EF4 (0x21813303) ld x6, 0x218(x2)                        Mtrap_sig_sv+0
mem[R,0x0000000080005218] -> 0x000000008000A698
x6 <- 0x000000008000A698

mem[X,0x0000000080001EF8] -> 0x04B3
mem[X,0x0000000080001EFA] -> 0x0073
[2457] [M]: 0x0000000080001EF8 (0x007304B3) add x9, x6, x7                          Mtrap_sig_sv+4
x9 <- 0x000000008000A6B8

clint mtime 0x00000000000004CD (mip.MTI <- 0b1, mip.STI <- 0b0)
mem[X,0x0000000080001EFC] -> 0x3C23
mem[X,0x0000000080001EFE] -> 0x2091
[2458] [M]: 0x0000000080001EFC (0x20913C23) sd x9, 0x218(x2)                        Mtrap_sig_sv+8
mem[W,0x0000000080005218] <- 0x000000008000A6B8

mem[X,0x0000000080001F00] -> 0x3403
mem[X,0x0000000080001F02] -> 0x1F81
[2459] [M]: 0x0000000080001F00 (0x1F813403) ld x8, 0x1f8(x2)                        Mtrap_sig_sv+12
mem[R,0x00000000800051F8] -> 0x000000008000A110
x8 <- 0x000000008000A110

clint mtime 0x00000000000004CE (mip.MTI <- 0b1, mip.STI <- 0b0)
mem[X,0x0000000080001F04] -> 0x0333
mem[X,0x0000000080001F06] -> 0x4083
[2460] [M]: 0x0000000080001F04 (0x40830333) sub x6, x6, x8                          Mtrap_sig_sv+16
x6 <- 0x0000000000000588

mem[X,0x0000000080001F08] -> 0x3403
mem[X,0x0000000080001F0A] -> 0x1F81
[2461] [M]: 0x0000000080001F08 (0x1F813403) ld x8, 0x1f8(x2)                        Mtrap_sig_sv+20
mem[R,0x00000000800051F8] -> 0x000000008000A110
x8 <- 0x000000008000A110

clint mtime 0x00000000000004CF (mip.MTI <- 0b1, mip.STI <- 0b0)
mem[X,0x0000000080001F0C] -> 0x0333
mem[X,0x0000000080001F0E] -> 0x0083
[2462] [M]: 0x0000000080001F0C (0x00830333) add x6, x6, x8                          Mtrap_sig_sv+24
x6 <- 0x000000008000A698

mem[X,0x0000000080001F10] -> 0x3403
mem[X,0x0000000080001F12] -> 0x2401
[2463] [M]: 0x0000000080001F10 (0x24013403) ld x8, 0x240(x2)                        Mtrap_sig_sv+28
mem[R,0x0000000080005240] -> 0x0000000080001C80
x8 <- 0x0000000080001C80

clint mtime 0x00000000000004D0 (mip.MTI <- 0b1, mip.STI <- 0b0)
mem[X,0x0000000080001F14] -> 0x85B3
mem[X,0x0000000080001F16] -> 0x4085
[2464] [M]: 0x0000000080001F14 (0x408585B3) sub x11, x11, x8                        sv_Mvect+0
x11 <- 0x000000000000010C

mem[X,0x0000000080001F18] -> 0x9593
mem[X,0x0000000080001F1A] -> 0x0045
[2465] [M]: 0x0000000080001F18 (0x00459593) slli x11, x11, 0x4                      sv_Mvect+4
x11 <- 0x00000000000010C0

clint mtime 0x00000000000004D1 (mip.MTI <- 0b1, mip.STI <- 0b0)
mem[X,0x0000000080001F1C] -> 0xE5B3
mem[X,0x0000000080001F1E] -> 0x0075
[2466] [M]: 0x0000000080001F1C (0x0075E5B3) or x11, x11, x7                         sv_Mvect+8
x11 <- 0x00000000000010E0

mem[X,0x0000000080001F20] -> 0x8593
mem[X,0x0000000080001F22] -> 0x0035
[2467] [M]: 0x0000000080001F20 (0x00358593) addi x11, x11, 0x3                      sv_Mvect+12
x11 <- 0x00000000000010E3

clint mtime 0x00000000000004D2 (mip.MTI <- 0b1, mip.STI <- 0b0)
mem[X,0x0000000080001F24] -> 0x3023
mem[X,0x0000000080001F26] -> 0x00B3
[2468] [M]: 0x0000000080001F24 (0x00B33023) sd x11, 0x0(x6)                         sv_Mvect+16
mem[W,0x000000008000A698] <- 0x00000000000010E3

mem[X,0x0000000080001F28] -> 0x3423
mem[X,0x0000000080001F2A] -> 0x00A3
[2469] [M]: 0x0000000080001F28 (0x00A33423) sd x10, 0x8(x6)                         sv_Mcause+0
mem[W,0x000000008000A6A0] <- 0x000000000000000D

clint mtime 0x00000000000004D3 (mip.MTI <- 0b1, mip.STI <- 0b0)
mem[X,0x0000000080001F2C] -> 0x4663
mem[X,0x0000000080001F2E] -> 0x1A05
[2470] [M]: 0x0000000080001F2C (0x1A054663) blt x10, x0, 0x1ac                      sv_Mcause+4

mem[X,0x0000000080001F30] -> 0x25F3
mem[X,0x0000000080001F32] -> 0x3000
[2471] [M]: 0x0000000080001F30 (0x300025F3) csrrs x11, mstatus, x0                  common_Mexcpt_handler+0
CSR mstatus (0x300) -> 0x0000000A00000800
x11 <- 0x0000000A00000800

clint mtime 0x00000000000004D4 (mip.MTI <- 0b1, mip.STI <- 0b0)
mem[X,0x0000000080001F34] -> 0x9413
mem[X,0x0000000080001F36] -> 0x02E5
[2472] [M]: 0x0000000080001F34 (0x02E59413) slli x8, x11, 0x2e                      common_Mexcpt_handler+4
x8 <- 0x0200000000000000

mem[X,0x0000000080001F38] -> 0x5463
mem[X,0x0000000080001F3A] -> 0x0004
[2473] [M]: 0x0000000080001F38 (0x00045463) bge x8, x0, 0x8                         common_Mexcpt_handler+8

clint mtime 0x00000000000004D5 (mip.MTI <- 0b1, mip.STI <- 0b0)
mem[X,0x0000000080001F40] -> 0xD493
mem[X,0x0000000080001F42] -> 0x00B5
[2474] [M]: 0x0000000080001F40 (0x00B5D493) srli x9, x11, 0xb                       common_Mexcpt_handler+16
x9 <- 0x0000000001400001

mem[X,0x0000000080001F44] -> 0xF493
mem[X,0x0000000080001F46] -> 0x0034
[2475] [M]: 0x0000000080001F44 (0x0034F493) andi x9, x9, 0x3                        common_Mexcpt_handler+20
x9 <- 0x0000000000000001

clint mtime 0x00000000000004D6 (mip.MTI <- 0b1, mip.STI <- 0b0)
mem[X,0x0000000080001F48] -> 0x8493
mem[X,0x0000000080001F4A] -> 0x0014
[2476] [M]: 0x0000000080001F48 (0x00148493) addi x9, x9, 0x1                        common_Mexcpt_handler+24
x9 <- 0x0000000000000002

mem[X,0x0000000080001F4C] -> 0xF493
mem[X,0x0000000080001F4E] -> 0x0044
[2477] [M]: 0x0000000080001F4C (0x0044F493) andi x9, x9, 0x4                        common_Mexcpt_handler+28
x9 <- 0x0000000000000000

clint mtime 0x00000000000004D7 (mip.MTI <- 0b1, mip.STI <- 0b0)
mem[X,0x0000000080001F50] -> 0x0593
mem[X,0x0000000080001F52] -> 0x05D0
[2478] [M]: 0x0000000080001F50 (0x05D00593) addi x11, x0, 0x5d                      common_Mexcpt_handler+32
x11 <- 0x000000000000005D

mem[X,0x0000000080001F54] -> 0xD5B3
mem[X,0x0000000080001F56] -> 0x0095
[2479] [M]: 0x0000000080001F54 (0x0095D5B3) srl x11, x11, x9                        common_Mexcpt_handler+36
x11 <- 0x000000000000005D

clint mtime 0x00000000000004D8 (mip.MTI <- 0b1, mip.STI <- 0b0)
mem[X,0x0000000080001F58] -> 0xF593
mem[X,0x0000000080001F5A] -> 0x0015
[2480] [M]: 0x0000000080001F58 (0x0015F593) andi x11, x11, 0x1                      common_Mexcpt_handler+40
x11 <- 0x0000000000000001

mem[X,0x0000000080001F5C] -> 0x8EE3
mem[X,0x0000000080001F5E] -> 0xF405
[2481] [M]: 0x0000000080001F5C (0xF4058EE3) beq x11, x0, -0xa4                      common_Mexcpt_handler+44

clint mtime 0x00000000000004D9 (mip.MTI <- 0b1, mip.STI <- 0b0)
mem[X,0x0000000080001F60] -> 0x0593
mem[X,0x0000000080001F62] -> 0x2980
[2482] [M]: 0x0000000080001F60 (0x29800593) addi x11, x0, 0x298                     common_Mexcpt_handler+48
x11 <- 0x0000000000000298

mem[X,0x0000000080001F64] -> 0xF413
mem[X,0x0000000080001F66] -> 0x0014
[2483] [M]: 0x0000000080001F64 (0x0014F413) andi x8, x9, 0x1                        common_Mexcpt_handler+52
x8 <- 0x0000000000000000

clint mtime 0x00000000000004DA (mip.MTI <- 0b1, mip.STI <- 0b0)
mem[X,0x0000000080001F68] -> 0x95B3
mem[X,0x0000000080001F6A] -> 0x0085
[2484] [M]: 0x0000000080001F68 (0x008595B3) sll x11, x11, x8                        common_Mexcpt_handler+56
x11 <- 0x0000000000000298

mem[X,0x0000000080001F6C] -> 0x9413
mem[X,0x0000000080001F6E] -> 0x03D4
[2485] [M]: 0x0000000080001F6C (0x03D49413) slli x8, x9, 0x3d                       common_Mexcpt_handler+60
x8 <- 0x0000000000000000

clint mtime 0x00000000000004DB (mip.MTI <- 0b1, mip.STI <- 0b0)
mem[X,0x0000000080001F70] -> 0x5413
mem[X,0x0000000080001F72] -> 0x43F4
[2486] [M]: 0x0000000080001F70 (0x43F45413) srai x8, x8, 0x3f                       common_Mexcpt_handler+64
x8 <- 0x0000000000000000

mem[X,0x0000000080001F74] -> 0x4413
mem[X,0x0000000080001F76] -> 0xFFF4
[2487] [M]: 0x0000000080001F74 (0xFFF44413) xori x8, x8, -0x1                       common_Mexcpt_handler+68
x8 <- 0xFFFFFFFFFFFFFFFF

clint mtime 0x00000000000004DC (mip.MTI <- 0b1, mip.STI <- 0b0)
mem[X,0x0000000080001F78] -> 0xF4B3
mem[X,0x0000000080001F7A] -> 0x0085
[2488] [M]: 0x0000000080001F78 (0x0085F4B3) and x9, x11, x8                         common_Mexcpt_handler+72
x9 <- 0x0000000000000298

mem[X,0x0000000080001F7C] -> 0x84B3
mem[X,0x0000000080001F7E] -> 0x0024
[2489] [M]: 0x0000000080001F7C (0x002484B3) add x9, x9, x2                          vmem_adj_Mepc+0
x9 <- 0x0000000080005298

clint mtime 0x00000000000004DD (mip.MTI <- 0b1, mip.STI <- 0b0)
mem[X,0x0000000080001F80] -> 0x23F3
mem[X,0x0000000080001F82] -> 0x3410
[2490] [M]: 0x0000000080001F80 (0x341023F3) csrrs x7, mepc, x0                      vmem_adj_Mepc+4
CSR mepc (0x341) -> 0x00000300800012FC
x7 <- 0x00000300800012FC

mem[X,0x0000000080001F84] -> 0x0413
mem[X,0x0000000080001F86] -> 0x0004
[2491] [M]: 0x0000000080001F84 (0x00040413) addi x8, x8, 0x0                        vmem_adj_Mepc+8
x8 <- 0xFFFFFFFFFFFFFFFF

clint mtime 0x00000000000004DE (mip.MTI <- 0b1, mip.STI <- 0b0)
mem[X,0x0000000080001F88] -> 0x006F
mem[X,0x0000000080001F8A] -> 0x0400
[2492] [M]: 0x0000000080001F88 (0x0400006F) jal x0, 0x40                            vmem_adj_Mepc+12

mem[X,0x0000000080001FC8] -> 0x8433
mem[X,0x0000000080001FCA] -> 0x4083
[2493] [M]: 0x0000000080001FC8 (0x40838433) sub x8, x7, x8                          adj_Mepc+0
x8 <- 0x00000300800012FD

clint mtime 0x00000000000004DF (mip.MTI <- 0b1, mip.STI <- 0b0)
mem[X,0x0000000080001FCC] -> 0x3823
mem[X,0x0000000080001FCE] -> 0x0083
[2494] [M]: 0x0000000080001FCC (0x00833823) sd x8, 0x10(x6)                         sv_Mepc+0
mem[W,0x000000008000A6A8] <- 0x00000300800012FD

mem[X,0x0000000080001FD0] -> 0x55B7
mem[X,0x0000000080001FD2] -> 0x0000
[2495] [M]: 0x0000000080001FD0 (0x000055B7) lui x11, 0x5                            sv_Mepc+4
x11 <- 0x0000000000005000

clint mtime 0x00000000000004E0 (mip.MTI <- 0b1, mip.STI <- 0b0)
mem[X,0x0000000080001FD4] -> 0x8593
mem[X,0x0000000080001FD6] -> 0x6675
[2496] [M]: 0x0000000080001FD4 (0x66758593) addi x11, x11, 0x667                    sv_Mepc+8
x11 <- 0x0000000000005667

mem[X,0x0000000080001FD8] -> 0x9593
mem[X,0x0000000080001FDA] -> 0x0015
[2497] [M]: 0x0000000080001FD8 (0x00159593) slli x11, x11, 0x1                      sv_Mepc+12
x11 <- 0x000000000000ACCE

clint mtime 0x00000000000004E1 (mip.MTI <- 0b1, mip.STI <- 0b0)
mem[X,0x0000000080001FDC] -> 0x9063
mem[X,0x0000000080001FDE] -> 0x02B1
[2498] [M]: 0x0000000080001FDC (0x02B19063) bne x3, x11, 0x20                       sv_Mepc+16

mem[X,0x0000000080001FE0] -> 0x2473
mem[X,0x0000000080001FE2] -> 0x3420
[2499] [M]: 0x0000000080001FE0 (0x34202473) csrrs x8, mcause, x0                    sv_Mepc+20
CSR mcause (0x342) -> 0x000000000000000D
x8 <- 0x000000000000000D

clint mtime 0x00000000000004E2 (mip.MTI <- 0b1, mip.STI <- 0b0)
mem[X,0x0000000080001FE4] -> 0x0593
mem[X,0x0000000080001FE6] -> 0x00C0
[2500] [M]: 0x0000000080001FE4 (0x00C00593) addi x11, x0, 0xc                       sv_Mepc+24
x11 <- 0x000000000000000C

mem[X,0x0000000080001FE8] -> 0x0663
mem[X,0x0000000080001FEA] -> 0x00B4
[2501] [M]: 0x0000000080001FE8 (0x00B40663) beq x8, x11, 0xc                        sv_Mepc+28

clint mtime 0x00000000000004E3 (mip.MTI <- 0b1, mip.STI <- 0b0)
mem[X,0x0000000080001FEC] -> 0x0593
mem[X,0x0000000080001FEE] -> 0x0010
[2502] [M]: 0x0000000080001FEC (0x00100593) addi x11, x0, 0x1                       sv_Mepc+32
x11 <- 0x0000000000000001

mem[X,0x0000000080001FF0] -> 0x1663
mem[X,0x0000000080001FF2] -> 0x00B4
[2503] [M]: 0x0000000080001FF0 (0x00B41663) bne x8, x11, 0xc                        sv_Mepc+36

clint mtime 0x00000000000004E4 (mip.MTI <- 0b1, mip.STI <- 0b0)
mem[X,0x0000000080001FFC] -> 0xF593
mem[X,0x0000000080001FFE] -> 0xFFC3
[2504] [M]: 0x0000000080001FFC (0xFFC3F593) andi x11, x7, -0x4                      adj_Mepc_rtn+0
x11 <- 0x00000300800012FC

mem[X,0x0000000080002000] -> 0x8593
mem[X,0x0000000080002002] -> 0x0085
[2505] [M]: 0x0000000080002000 (0x00858593) addi x11, x11, 0x8                      adj_Mepc_rtn+4
x11 <- 0x0000030080001304

clint mtime 0x00000000000004E5 (mip.MTI <- 0b1, mip.STI <- 0b0)
mem[X,0x0000000080002004] -> 0x9073
mem[X,0x0000000080002006] -> 0x3415
[2506] [M]: 0x0000000080002004 (0x34159073) csrrw x0, mepc, x11                     adj_Mepc_rtn+8
CSR mepc (0x341) <- 0x0000030080001304

mem[X,0x0000000080002008] -> 0x23F3
mem[X,0x000000008000200A] -> 0x3430
[2507] [M]: 0x0000000080002008 (0x343023F3) csrrs x7, mtval, x0                     skp_adj_Mepc+0
CSR mtval (0x343) -> 0x0000028000000414
x7 <- 0x0000028000000414

clint mtime 0x00000000000004E6 (mip.MTI <- 0b1, mip.STI <- 0b0)
mem[X,0x000000008000200C] -> 0x0413
mem[X,0x000000008000200E] -> 0x0004
[2508] [M]: 0x000000008000200C (0x00040413) addi x8, x8, 0x0                        skp_adj_Mepc+4
x8 <- 0x000000000000000D

mem[X,0x0000000080002010] -> 0x006F
mem[X,0x0000000080002012] -> 0x0840
[2509] [M]: 0x0000000080002010 (0x0840006F) jal x0, 0x84                            skp_adj_Mepc+8

clint mtime 0x00000000000004E7 (mip.MTI <- 0b1, mip.STI <- 0b0)
mem[X,0x0000000080002094] -> 0x8433
mem[X,0x0000000080002096] -> 0x4083
[2510] [M]: 0x0000000080002094 (0x40838433) sub x8, x7, x8                          adj_Mtval+0
x8 <- 0x0000028000000407

mem[X,0x0000000080002098] -> 0x3C23
mem[X,0x000000008000209A] -> 0x0083
[2511] [M]: 0x0000000080002098 (0x00833C23) sd x8, 0x18(x6)                         sv_Mtval+0
mem[W,0x000000008000A6B0] <- 0x0000028000000407

clint mtime 0x00000000000004E8 (mip.MTI <- 0b1, mip.STI <- 0b0)
mem[X,0x000000008000209C] -> 0x3483
mem[X,0x000000008000209E] -> 0x2181
[2512] [M]: 0x000000008000209C (0x21813483) ld x9, 0x218(x2)                        skp_Mtval+0
mem[R,0x0000000080005218] -> 0x000000008000A6B8
x9 <- 0x000000008000A6B8

mem[X,0x00000000800020A0] -> 0x3383
mem[X,0x00000000800020A2] -> 0x1F81
[2513] [M]: 0x00000000800020A0 (0x1F813383) ld x7, 0x1f8(x2)                        skp_Mtval+4
mem[R,0x00000000800051F8] -> 0x000000008000A110
x7 <- 0x000000008000A110

clint mtime 0x00000000000004E9 (mip.MTI <- 0b1, mip.STI <- 0b0)
mem[X,0x00000000800020A4] -> 0x3303
mem[X,0x00000000800020A6] -> 0x2001
[2514] [M]: 0x00000000800020A4 (0x20013303) ld x6, 0x200(x2)                        skp_Mtval+8
mem[R,0x0000000080005200] -> 0x0000000000000610
x6 <- 0x0000000000000610

mem[X,0x00000000800020A8] -> 0x0333
mem[X,0x00000000800020AA] -> 0x0073
[2515] [M]: 0x00000000800020A8 (0x00730333) add x6, x6, x7                          skp_Mtval+12
x6 <- 0x000000008000A720

clint mtime 0x00000000000004EA (mip.MTI <- 0b1, mip.STI <- 0b0)
mem[X,0x00000000800020AC] -> 0x6AE3
mem[X,0x00000000800020AE] -> 0xAE93
[2516] [M]: 0x00000000800020AC (0xAE936AE3) bltu x6, x9, -0x50c                     skp_Mtval+16

mem[X,0x00000000800020B0] -> 0x0393
mem[X,0x00000000800020B2] -> 0x2000
[2517] [M]: 0x00000000800020B0 (0x20000393) addi x7, x0, 0x200                      skp_Mtval+20
x7 <- 0x0000000000000200

clint mtime 0x00000000000004EB (mip.MTI <- 0b1, mip.STI <- 0b0)
mem[X,0x00000000800020B4] -> 0x006F
mem[X,0x00000000800020B6] -> 0x0400
[2518] [M]: 0x00000000800020B4 (0x0400006F) jal x0, 0x40                            skp_Mtval+24

mem[X,0x00000000800020F4] -> 0x0417
mem[X,0x00000000800020F6] -> 0x0000
[2519] [M]: 0x00000000800020F4 (0x00000417) auipc x8, 0x0                           spcl_Mhandler+0
x8 <- 0x00000000800020F4

clint mtime 0x00000000000004EC (mip.MTI <- 0b1, mip.STI <- 0b0)
mem[X,0x00000000800020F8] -> 0x0413
mem[X,0x00000000800020FA] -> 0x03C4
[2520] [M]: 0x00000000800020F8 (0x03C40413) addi x8, x8, 0x3c                       spcl_Mhandler+4
x8 <- 0x0000000080002130

mem[X,0x00000000800020FC] -> 0x0433
mem[X,0x00000000800020FE] -> 0x0074
[2521] [M]: 0x00000000800020FC (0x00740433) add x8, x8, x7                          spcl_Mhandler+8
x8 <- 0x0000000080002330

clint mtime 0x00000000000004ED (mip.MTI <- 0b1, mip.STI <- 0b0)
mem[X,0x0000000080002100] -> 0x1393
mem[X,0x0000000080002102] -> 0x0035
[2522] [M]: 0x0000000080002100 (0x00351393) slli x7, x10, 0x3                       spcl_Mhandler+12
x7 <- 0x0000000000000068

mem[X,0x0000000080002104] -> 0x0433
mem[X,0x0000000080002106] -> 0x0074
[2523] [M]: 0x0000000080002104 (0x00740433) add x8, x8, x7                          spcl_Mhandler+16
x8 <- 0x0000000080002398

clint mtime 0x00000000000004EE (mip.MTI <- 0b1, mip.STI <- 0b0)
mem[X,0x0000000080002108] -> 0x7413
mem[X,0x000000008000210A] -> 0xFF84
[2524] [M]: 0x0000000080002108 (0xFF847413) andi x8, x8, -0x8                       spcl_Mhandler+20
x8 <- 0x0000000080002398

mem[X,0x000000008000210C] -> 0x3403
mem[X,0x000000008000210E] -> 0x0004
[2525] [M]: 0x000000008000210C (0x00043403) ld x8, 0x0(x8)                          spcl_Mhandler+24
mem[R,0x0000000080002398] -> 0x000000000000001B
x8 <- 0x000000000000001B

clint mtime 0x00000000000004EF (mip.MTI <- 0b1, mip.STI <- 0b0)
mem[X,0x0000000080002110] -> 0x02E3
mem[X,0x0000000080002112] -> 0xB204
[2526] [M]: 0x0000000080002110 (0xB20402E3) beq x8, x0, -0x4dc                      spcl_Mdispatch_hndling+0

mem[X,0x0000000080002114] -> 0x1393
mem[X,0x0000000080002116] -> 0x03F4
[2527] [M]: 0x0000000080002114 (0x03F41393) slli x7, x8, 0x3f                       spcl_Mdispatch_hndling+4
x7 <- 0x8000000000000000

clint mtime 0x00000000000004F0 (mip.MTI <- 0b1, mip.STI <- 0b0)
mem[X,0x0000000080002118] -> 0xD863
mem[X,0x000000008000211A] -> 0x0003
[2528] [M]: 0x0000000080002118 (0x0003D863) bge x7, x0, 0x10                        spcl_Mdispatch_hndling+8

mem[X,0x000000008000211C] -> 0x5413
mem[X,0x000000008000211E] -> 0x0014
[2529] [M]: 0x000000008000211C (0x00145413) srli x8, x8, 0x1                        spcl_Mdispatch_hndling+12
x8 <- 0x000000000000000D

clint mtime 0x00000000000004F1 (mip.MTI <- 0b1, mip.STI <- 0b0)
mem[X,0x0000000080002120] -> 0x0CE3
mem[X,0x0000000080002122] -> 0xF885
[2530] [M]: 0x0000000080002120 (0xF8850CE3) beq x10, x8, -0x68                      spcl_Mdispatch_hndling+16

mem[X,0x00000000800020B8] -> 0x3303
mem[X,0x00000000800020BA] -> 0x2601
[2531] [M]: 0x00000000800020B8 (0x26013303) ld x6, 0x260(x2)                        resto_Mrtn+0
mem[R,0x0000000080005260] -> 0xFFFFFFFF7FFFEF0C
x6 <- 0xFFFFFFFF7FFFEF0C

clint mtime 0x00000000000004F2 (mip.MTI <- 0b1, mip.STI <- 0b0)
mem[X,0x00000000800020BC] -> 0x3383
mem[X,0x00000000800020BE] -> 0x2681
[2532] [M]: 0x00000000800020BC (0x26813383) ld x7, 0x268(x2)                        resto_Mrtn+4
mem[R,0x0000000080005268] -> 0x0000000080005000
x7 <- 0x0000000080005000

mem[X,0x00000000800020C0] -> 0x3403
mem[X,0x00000000800020C2] -> 0x2701
[2533] [M]: 0x00000000800020C0 (0x27013403) ld x8, 0x270(x2)                        resto_Mrtn+8
mem[R,0x0000000080005270] -> 0x0000000000007F76
x8 <- 0x0000000000007F76

clint mtime 0x00000000000004F3 (mip.MTI <- 0b1, mip.STI <- 0b0)
mem[X,0x00000000800020C4] -> 0x3483
mem[X,0x00000000800020C6] -> 0x2781
[2534] [M]: 0x00000000800020C4 (0x27813483) ld x9, 0x278(x2)                        resto_Mrtn+12
mem[R,0x0000000080005278] -> 0x00000300000001D0
x9 <- 0x00000300000001D0

mem[X,0x00000000800020C8] -> 0x3503
mem[X,0x00000000800020CA] -> 0x2801
[2535] [M]: 0x00000000800020C8 (0x28013503) ld x10, 0x280(x2)                       resto_Mrtn+16
mem[R,0x0000000080005280] -> 0x00000000200000C9
x10 <- 0x00000000200000C9

clint mtime 0x00000000000004F4 (mip.MTI <- 0b1, mip.STI <- 0b0)
mem[X,0x00000000800020CC] -> 0x3583
mem[X,0x00000000800020CE] -> 0x2881
[2536] [M]: 0x00000000800020CC (0x28813583) ld x11, 0x288(x2)                       resto_Mrtn+20
mem[R,0x0000000080005288] -> 0x00000000000000C9
x11 <- 0x00000000000000C9

mem[X,0x00000000800020D0] -> 0x3103
mem[X,0x00000000800020D2] -> 0x2901
[2537] [M]: 0x00000000800020D0 (0x29013103) ld x2, 0x290(x2)                        resto_Mrtn+24
mem[R,0x0000000080005290] -> 0x0000000000000000
x2 <- 0x0000000000000000

clint mtime 0x00000000000004F5 (mip.MTI <- 0b1, mip.STI <- 0b0)
mem[X,0x00000000800020D4] -> 0x0073
mem[X,0x00000000800020D6] -> 0x3020
[2538] [M]: 0x00000000800020D4 (0x30200073) mret                                    resto_Mrtn+28
CSR mstatus (0x300) <- 0x0000000A00000080
ret-ing from M to S

PTW: Start, vpn=0x30080001, access_type=X, privilege=Smem[R,0x0000000080009030] -> 0x00000000000000CB
PTW: Step, level=3, pte=0xCB, pte_addr=0x80009030
PTW: Success, final_ppn=0x80001, level=3mem[X,0x0000000080001304] -> 0x51B7
PTW: Start, vpn=0x30080001, access_type=X, privilege=Smem[R,0x0000000080009030] -> 0x00000000000000CB
PTW: Step, level=3, pte=0xCB, pte_addr=0x80009030
PTW: Success, final_ppn=0x80001, level=3mem[X,0x0000000080001306] -> 0x0000
[2539] [S]: 0x0000030080001304 (0x000051B7) lui x3, 0x5                             va_rvtest_code_begin+2888
x3 <- 0x0000000000005000

clint mtime 0x00000000000004F6 (mip.MTI <- 0b1, mip.STI <- 0b0)
PTW: Start, vpn=0x30080001, access_type=X, privilege=Smem[R,0x0000000080009030] -> 0x00000000000000CB
PTW: Step, level=3, pte=0xCB, pte_addr=0x80009030
PTW: Success, final_ppn=0x80001, level=3mem[X,0x0000000080001308] -> 0x8193
PTW: Start, vpn=0x30080001, access_type=X, privilege=Smem[R,0x0000000080009030] -> 0x00000000000000CB
PTW: Step, level=3, pte=0xCB, pte_addr=0x80009030
PTW: Success, final_ppn=0x80001, level=3mem[X,0x000000008000130A] -> 0x6671
[2540] [S]: 0x0000030080001308 (0x66718193) addi x3, x3, 0x667                      va_rvtest_code_begin+2892
x3 <- 0x0000000000005667

PTW: Start, vpn=0x30080001, access_type=X, privilege=Smem[R,0x0000000080009030] -> 0x00000000000000CB
PTW: Step, level=3, pte=0xCB, pte_addr=0x80009030
PTW: Success, final_ppn=0x80001, level=3mem[X,0x000000008000130C] -> 0x9193
PTW: Start, vpn=0x30080001, access_type=X, privilege=Smem[R,0x0000000080009030] -> 0x00000000000000CB
PTW: Step, level=3, pte=0xCB, pte_addr=0x80009030
PTW: Success, final_ppn=0x80001, level=3mem[X,0x000000008000130E] -> 0x0011
[2541] [S]: 0x000003008000130C (0x00119193) slli x3, x3, 0x1                        va_rvtest_code_begin+2896
x3 <- 0x000000000000ACCE

clint mtime 0x00000000000004F7 (mip.MTI <- 0b1, mip.STI <- 0b0)
PTW: Start, vpn=0x30080001, access_type=X, privilege=Smem[R,0x0000000080009030] -> 0x00000000000000CB
PTW: Step, level=3, pte=0xCB, pte_addr=0x80009030
PTW: Success, final_ppn=0x80001, level=3mem[X,0x0000000080001310] -> 0x0013
PTW: Start, vpn=0x30080001, access_type=X, privilege=Smem[R,0x0000000080009030] -> 0x00000000000000CB
PTW: Step, level=3, pte=0xCB, pte_addr=0x80009030
PTW: Success, final_ppn=0x80001, level=3mem[X,0x0000000080001312] -> 0x0000
[2542] [S]: 0x0000030080001310 (0x00000013) addi x0, x0, 0x0                        va_rvtest_code_begin+2900

PTW: Start, vpn=0x30080001, access_type=X, privilege=Smem[R,0x0000000080009030] -> 0x00000000000000CB
PTW: Step, level=3, pte=0xCB, pte_addr=0x80009030
PTW: Success, final_ppn=0x80001, level=3mem[X,0x0000000080001314] -> 0x0013
PTW: Start, vpn=0x30080001, access_type=X, privilege=Smem[R,0x0000000080009030] -> 0x00000000000000CB
PTW: Step, level=3, pte=0xCB, pte_addr=0x80009030
PTW: Success, final_ppn=0x80001, level=3mem[X,0x0000000080001316] -> 0x0000
[2543] [S]: 0x0000030080001314 (0x00000013) addi x0, x0, 0x0                        va_rvtest_code_begin+2904

clint mtime 0x00000000000004F8 (mip.MTI <- 0b1, mip.STI <- 0b0)
PTW: Start, vpn=0x30080001, access_type=X, privilege=Smem[R,0x0000000080009030] -> 0x00000000000000CB
PTW: Step, level=3, pte=0xCB, pte_addr=0x80009030
PTW: Success, final_ppn=0x80001, level=3mem[X,0x0000000080001318] -> 0x0013
PTW: Start, vpn=0x30080001, access_type=X, privilege=Smem[R,0x0000000080009030] -> 0x00000000000000CB
PTW: Step, level=3, pte=0xCB, pte_addr=0x80009030
PTW: Success, final_ppn=0x80001, level=3mem[X,0x000000008000131A] -> 0x0000
[2544] [S]: 0x0000030080001318 (0x00000013) addi x0, x0, 0x0                        va_rvtest_code_begin+2908

PTW: Start, vpn=0x30080001, access_type=X, privilege=Smem[R,0x0000000080009030] -> 0x00000000000000CB
PTW: Step, level=3, pte=0xCB, pte_addr=0x80009030
PTW: Success, final_ppn=0x80001, level=3mem[X,0x000000008000131C] -> 0x0013
PTW: Start, vpn=0x30080001, access_type=X, privilege=Smem[R,0x0000000080009030] -> 0x00000000000000CB
PTW: Step, level=3, pte=0xCB, pte_addr=0x80009030
PTW: Success, final_ppn=0x80001, level=3mem[X,0x000000008000131E] -> 0x0000
[2545] [S]: 0x000003008000131C (0x00000013) addi x0, x0, 0x0                        va_rvtest_code_begin+2912

clint mtime 0x00000000000004F9 (mip.MTI <- 0b1, mip.STI <- 0b0)
PTW: Start, vpn=0x30080001, access_type=X, privilege=Smem[R,0x0000000080009030] -> 0x00000000000000CB
PTW: Step, level=3, pte=0xCB, pte_addr=0x80009030
PTW: Success, final_ppn=0x80001, level=3mem[X,0x0000000080001320] -> 0x0217
PTW: Start, vpn=0x30080001, access_type=X, privilege=Smem[R,0x0000000080009030] -> 0x00000000000000CB
PTW: Step, level=3, pte=0xCB, pte_addr=0x80009030
PTW: Success, final_ppn=0x80001, level=3mem[X,0x0000000080001322] -> 0x0000
[2546] [S]: 0x0000030080001320 (0x00000217) auipc x4, 0x0                           va_rvtest_code_begin+2916
x4 <- 0x0000030080001320

PTW: Start, vpn=0x30080001, access_type=X, privilege=Smem[R,0x0000000080009030] -> 0x00000000000000CB
PTW: Step, level=3, pte=0xCB, pte_addr=0x80009030
PTW: Success, final_ppn=0x80001, level=3mem[X,0x0000000080001324] -> 0x0213
PTW: Start, vpn=0x30080001, access_type=X, privilege=Smem[R,0x0000000080009030] -> 0x00000000000000CB
PTW: Step, level=3, pte=0xCB, pte_addr=0x80009030
PTW: Success, final_ppn=0x80001, level=3mem[X,0x0000000080001326] -> 0x02C2
[2547] [S]: 0x0000030080001324 (0x02C20213) addi x4, x4, 0x2c                       va_rvtest_code_begin+2920
x4 <- 0x000003008000134C

clint mtime 0x00000000000004FA (mip.MTI <- 0b1, mip.STI <- 0b0)
PTW: Start, vpn=0x30080001, access_type=X, privilege=Smem[R,0x0000000080009030] -> 0x00000000000000CB
PTW: Step, level=3, pte=0xCB, pte_addr=0x80009030
PTW: Success, final_ppn=0x80001, level=3mem[X,0x0000000080001328] -> 0x0001
[2548] [S]: 0x0000030080001328 (0x0001) c.nop                                       va_rvtest_code_begin+2924

PTW: Start, vpn=0x30080001, access_type=X, privilege=Smem[R,0x0000000080009030] -> 0x00000000000000CB
PTW: Step, level=3, pte=0xCB, pte_addr=0x80009030
PTW: Success, final_ppn=0x80001, level=3mem[X,0x000000008000132A] -> 0x0013
PTW: Start, vpn=0x30080001, access_type=X, privilege=Smem[R,0x0000000080009030] -> 0x00000000000000CB
PTW: Step, level=3, pte=0xCB, pte_addr=0x80009030
PTW: Success, final_ppn=0x80001, level=3mem[X,0x000000008000132C] -> 0x0000
[2549] [S]: 0x000003008000132A (0x00000013) addi x0, x0, 0x0                        va_rvtest_code_begin+2926

clint mtime 0x00000000000004FB (mip.MTI <- 0b1, mip.STI <- 0b0)
PTW: Start, vpn=0x30080001, access_type=X, privilege=Smem[R,0x0000000080009030] -> 0x00000000000000CB
PTW: Step, level=3, pte=0xCB, pte_addr=0x80009030
PTW: Success, final_ppn=0x80001, level=3mem[X,0x000000008000132E] -> 0x0013
PTW: Start, vpn=0x30080001, access_type=X, privilege=Smem[R,0x0000000080009030] -> 0x00000000000000CB
PTW: Step, level=3, pte=0xCB, pte_addr=0x80009030
PTW: Success, final_ppn=0x80001, level=3mem[X,0x0000000080001330] -> 0x0000
[2550] [S]: 0x000003008000132E (0x00000013) addi x0, x0, 0x0                        va_rvtest_code_begin+2930

PTW: Start, vpn=0x30080001, access_type=X, privilege=Smem[R,0x0000000080009030] -> 0x00000000000000CB
PTW: Step, level=3, pte=0xCB, pte_addr=0x80009030
PTW: Success, final_ppn=0x80001, level=3mem[X,0x0000000080001332] -> 0x0013
PTW: Start, vpn=0x30080001, access_type=X, privilege=Smem[R,0x0000000080009030] -> 0x00000000000000CB
PTW: Step, level=3, pte=0xCB, pte_addr=0x80009030
PTW: Success, final_ppn=0x80001, level=3mem[X,0x0000000080001334] -> 0x0000
[2551] [S]: 0x0000030080001332 (0x00000013) addi x0, x0, 0x0                        va_rvtest_code_begin+2934

clint mtime 0x00000000000004FC (mip.MTI <- 0b1, mip.STI <- 0b0)
PTW: Start, vpn=0x30080001, access_type=X, privilege=Smem[R,0x0000000080009030] -> 0x00000000000000CB
PTW: Step, level=3, pte=0xCB, pte_addr=0x80009030
PTW: Success, final_ppn=0x80001, level=3mem[X,0x0000000080001336] -> 0x0013
PTW: Start, vpn=0x30080001, access_type=X, privilege=Smem[R,0x0000000080009030] -> 0x00000000000000CB
PTW: Step, level=3, pte=0xCB, pte_addr=0x80009030
PTW: Success, final_ppn=0x80001, level=3mem[X,0x0000000080001338] -> 0x0000
[2552] [S]: 0x0000030080001336 (0x00000013) addi x0, x0, 0x0                        va_rvtest_code_begin+2938

PTW: Start, vpn=0x30080001, access_type=X, privilege=Smem[R,0x0000000080009030] -> 0x00000000000000CB
PTW: Step, level=3, pte=0xCB, pte_addr=0x80009030
PTW: Success, final_ppn=0x80001, level=3mem[X,0x000000008000133A] -> 0x0013
PTW: Start, vpn=0x30080001, access_type=X, privilege=Smem[R,0x0000000080009030] -> 0x00000000000000CB
PTW: Step, level=3, pte=0xCB, pte_addr=0x80009030
PTW: Success, final_ppn=0x80001, level=3mem[X,0x000000008000133C] -> 0x0000
[2553] [S]: 0x000003008000133A (0x00000013) addi x0, x0, 0x0                        va_rvtest_code_begin+2942

clint mtime 0x00000000000004FD (mip.MTI <- 0b1, mip.STI <- 0b0)
PTW: Start, vpn=0x30080001, access_type=X, privilege=Smem[R,0x0000000080009030] -> 0x00000000000000CB
PTW: Step, level=3, pte=0xCB, pte_addr=0x80009030
PTW: Success, final_ppn=0x80001, level=3mem[X,0x000000008000133E] -> 0x0001
[2554] [S]: 0x000003008000133E (0x0001) c.nop                                       va_rvtest_code_begin+2946

PTW: Start, vpn=0x30080001, access_type=X, privilege=Smem[R,0x0000000080009030] -> 0x00000000000000CB
PTW: Step, level=3, pte=0xCB, pte_addr=0x80009030
PTW: Success, final_ppn=0x80001, level=3mem[X,0x0000000080001340] -> 0x80E7
PTW: Start, vpn=0x30080001, access_type=X, privilege=Smem[R,0x0000000080009030] -> 0x00000000000000CB
PTW: Step, level=3, pte=0xCB, pte_addr=0x80009030
PTW: Success, final_ppn=0x80001, level=3mem[X,0x0000000080001342] -> 0x0007
[2555] [S]: 0x0000030080001340 (0x000780E7) jalr x1, 0x0(x15)                       va_rvtest_code_begin+2948
x1 <- 0x0000030080001344

clint mtime 0x00000000000004FE (mip.MTI <- 0b1, mip.STI <- 0b0)
PTW: Start, vpn=0x28000000, access_type=X, privilege=Smem[R,0x0000000080009028] -> 0x0000000020002001
PTW: Step, level=3, pte=0x20002001, pte_addr=0x80009028
PTW: Start, vpn=0x28000000, access_type=X, privilege=Smem[R,0x0000000080008000] -> 0x0000000020001C01
PTW: Step, level=2, pte=0x20001C01, pte_addr=0x80008000
PTW: Start, vpn=0x28000000, access_type=X, privilege=Smem[R,0x0000000080007000] -> 0x00000000200000C9
PTW: Step, level=1, pte=0x200000C9, pte_addr=0x80007000
PTW: Success, final_ppn=0x80000, level=1mem[X,0x0000000080000400] -> 0x0013
mem[X,0x0000000080000402] -> 0x0000
[2556] [S]: 0x0000028000000400 (0x00000013) addi x0, x0, 0x0                        va_data+0

mem[X,0x0000000080000404] -> 0x8093
mem[X,0x0000000080000406] -> 0x0080
[2557] [S]: 0x0000028000000404 (0x00808093) addi x1, x1, 0x8                        va_data+4
x1 <- 0x000003008000134C

clint mtime 0x00000000000004FF (mip.MTI <- 0b1, mip.STI <- 0b0)
mem[X,0x0000000080000408] -> 0x8067
mem[X,0x000000008000040A] -> 0x0000
[2558] [S]: 0x0000028000000408 (0x00008067) jalr x0, 0x0(x1)                        va_data+8

PTW: Start, vpn=0x30080001, access_type=X, privilege=Smem[R,0x0000000080009030] -> 0x00000000000000CB
PTW: Step, level=3, pte=0xCB, pte_addr=0x80009030
PTW: Success, final_ppn=0x80001, level=3mem[X,0x000000008000134C] -> 0x0013
PTW: Start, vpn=0x30080001, access_type=X, privilege=Smem[R,0x0000000080009030] -> 0x00000000000000CB
PTW: Step, level=3, pte=0xCB, pte_addr=0x80009030
PTW: Success, final_ppn=0x80001, level=3mem[X,0x000000008000134E] -> 0x0000
[2559] [S]: 0x000003008000134C (0x00000013) addi x0, x0, 0x0                        va_rvtest_code_begin+2960

clint mtime 0x0000000000000500 (mip.MTI <- 0b1, mip.STI <- 0b0)
PTW: Start, vpn=0x30080001, access_type=X, privilege=Smem[R,0x0000000080009030] -> 0x00000000000000CB
PTW: Step, level=3, pte=0xCB, pte_addr=0x80009030
PTW: Success, final_ppn=0x80001, level=3mem[X,0x0000000080001350] -> 0x0013
PTW: Start, vpn=0x30080001, access_type=X, privilege=Smem[R,0x0000000080009030] -> 0x00000000000000CB
PTW: Step, level=3, pte=0xCB, pte_addr=0x80009030
PTW: Success, final_ppn=0x80001, level=3mem[X,0x0000000080001352] -> 0x0000
[2560] [S]: 0x0000030080001350 (0x00000013) addi x0, x0, 0x0                        va_rvtest_code_begin+2964

PTW: Start, vpn=0x30080001, access_type=X, privilege=Smem[R,0x0000000080009030] -> 0x00000000000000CB
PTW: Step, level=3, pte=0xCB, pte_addr=0x80009030
PTW: Success, final_ppn=0x80001, level=3mem[X,0x0000000080001354] -> 0x0013
PTW: Start, vpn=0x30080001, access_type=X, privilege=Smem[R,0x0000000080009030] -> 0x00000000000000CB
PTW: Step, level=3, pte=0xCB, pte_addr=0x80009030
PTW: Success, final_ppn=0x80001, level=3mem[X,0x0000000080001356] -> 0x0000
[2561] [S]: 0x0000030080001354 (0x00000013) addi x0, x0, 0x0                        va_rvtest_code_begin+2968

clint mtime 0x0000000000000501 (mip.MTI <- 0b1, mip.STI <- 0b0)
PTW: Start, vpn=0x30080001, access_type=X, privilege=Smem[R,0x0000000080009030] -> 0x00000000000000CB
PTW: Step, level=3, pte=0xCB, pte_addr=0x80009030
PTW: Success, final_ppn=0x80001, level=3mem[X,0x0000000080001358] -> 0x0113
PTW: Start, vpn=0x30080001, access_type=X, privilege=Smem[R,0x0000000080009030] -> 0x00000000000000CB
PTW: Step, level=3, pte=0xCB, pte_addr=0x80009030
PTW: Success, final_ppn=0x80001, level=3mem[X,0x000000008000135A] -> 0x0000
[2562] [S]: 0x0000030080001358 (0x00000113) addi x2, x0, 0x0                        va_rvtest_code_begin+2972
x2 <- 0x0000000000000000

PTW: Start, vpn=0x30080001, access_type=X, privilege=Smem[R,0x0000000080009030] -> 0x00000000000000CB
PTW: Step, level=3, pte=0xCB, pte_addr=0x80009030
PTW: Success, final_ppn=0x80001, level=3mem[X,0x000000008000135C] -> 0x0073
PTW: Start, vpn=0x30080001, access_type=X, privilege=Smem[R,0x0000000080009030] -> 0x00000000000000CB
PTW: Step, level=3, pte=0xCB, pte_addr=0x80009030
PTW: Success, final_ppn=0x80001, level=3mem[X,0x000000008000135E] -> 0x0000
[2563] [S]: 0x000003008000135C (0x00000073) ecall                                   va_rvtest_code_begin+2976
trapping from S to M to handle s-call
handling exc#s-call at priv M with tval 0x0000000000000000
CSR mstatus (0x300) <- 0x0000000A00000800
CSR mcause (0x342) <- 0x0000000000000009
CSR mtval (0x343) <- 0x0000000000000000
CSR mepc (0x341) <- 0x000003008000135C

clint mtime 0x0000000000000502 (mip.MTI <- 0b1, mip.STI <- 0b0)
mem[X,0x0000000080001C80] -> 0x006F
mem[X,0x0000000080001C82] -> 0x1000
[2564] [M]: 0x0000000080001C80 (0x1000006F) jal x0, 0x100                           Mtrampoline+0

mem[X,0x0000000080001D80] -> 0x1173
mem[X,0x0000000080001D82] -> 0x3401
[2565] [M]: 0x0000000080001D80 (0x34011173) csrrw x2, mscratch, x2                  trap_Mhandler+0
CSR mscratch (0x340) <- 0x0000000000000000
x2 <- 0x0000000080005000

clint mtime 0x0000000000000503 (mip.MTI <- 0b1, mip.STI <- 0b0)
mem[X,0x0000000080001D84] -> 0x3423
mem[X,0x0000000080001D86] -> 0x28B1
[2566] [M]: 0x0000000080001D84 (0x28B13423) sd x11, 0x288(x2)                       trap_Mhandler+4
mem[W,0x0000000080005288] <- 0x00000000000000C9

mem[X,0x0000000080001D88] -> 0x05EF
mem[X,0x0000000080001D8A] -> 0x0B80
[2567] [M]: 0x0000000080001D88 (0x0B8005EF) jal x11, 0xb8                           trap_Mhandler+8
x11 <- 0x0000000080001D8C

clint mtime 0x0000000000000504 (mip.MTI <- 0b1, mip.STI <- 0b0)
mem[X,0x0000000080001E40] -> 0x3023
mem[X,0x0000000080001E42] -> 0x28A1
[2568] [M]: 0x0000000080001E40 (0x28A13023) sd x10, 0x280(x2)                       common_Mhandler+0
mem[W,0x0000000080005280] <- 0x00000000200000C9

mem[X,0x0000000080001E44] -> 0x1573
mem[X,0x0000000080001E46] -> 0x3401
[2569] [M]: 0x0000000080001E44 (0x34011573) csrrw x10, mscratch, x2                 common_Mhandler+4
CSR mscratch (0x340) <- 0x0000000080005000
x10 <- 0x0000000000000000

clint mtime 0x0000000000000505 (mip.MTI <- 0b1, mip.STI <- 0b0)
mem[X,0x0000000080001E48] -> 0x3823
mem[X,0x0000000080001E4A] -> 0x28A1
[2570] [M]: 0x0000000080001E48 (0x28A13823) sd x10, 0x290(x2)                       common_Mhandler+8
mem[W,0x0000000080005290] <- 0x0000000000000000

mem[X,0x0000000080001E4C] -> 0x3503
mem[X,0x0000000080001E4E] -> 0x2301
[2571] [M]: 0x0000000080001E4C (0x23013503) ld x10, 0x230(x2)                       common_Mhandler+12
mem[R,0x0000000080005230] -> 0x0000000080001E54
x10 <- 0x0000000080001E54

clint mtime 0x0000000000000506 (mip.MTI <- 0b1, mip.STI <- 0b0)
mem[X,0x0000000080001E50] -> 0x0067
mem[X,0x0000000080001E52] -> 0x0005
[2572] [M]: 0x0000000080001E50 (0x00050067) jalr x0, 0x0(x10)                       common_Mhandler+16

mem[X,0x0000000080001E54] -> 0x3C23
mem[X,0x0000000080001E56] -> 0x2691
[2573] [M]: 0x0000000080001E54 (0x26913C23) sd x9, 0x278(x2)                        common_Mentry+0
mem[W,0x0000000080005278] <- 0x00000300000001D0

clint mtime 0x0000000000000507 (mip.MTI <- 0b1, mip.STI <- 0b0)
mem[X,0x0000000080001E58] -> 0x3823
mem[X,0x0000000080001E5A] -> 0x2681
[2574] [M]: 0x0000000080001E58 (0x26813823) sd x8, 0x270(x2)                        common_Mentry+4
mem[W,0x0000000080005270] <- 0x0000000000007F76

mem[X,0x0000000080001E5C] -> 0x3423
mem[X,0x0000000080001E5E] -> 0x2671
[2575] [M]: 0x0000000080001E5C (0x26713423) sd x7, 0x268(x2)                        common_Mentry+8
mem[W,0x0000000080005268] <- 0x0000000080005000

clint mtime 0x0000000000000508 (mip.MTI <- 0b1, mip.STI <- 0b0)
mem[X,0x0000000080001E60] -> 0x3023
mem[X,0x0000000080001E62] -> 0x2661
[2576] [M]: 0x0000000080001E60 (0x26613023) sd x6, 0x260(x2)                        common_Mentry+12
mem[W,0x0000000080005260] <- 0xFFFFFFFF7FFFEF0C

mem[X,0x0000000080001E64] -> 0x2573
mem[X,0x0000000080001E66] -> 0x3420
[2577] [M]: 0x0000000080001E64 (0x34202573) csrrs x10, mcause, x0                   spcl_M2mmode_test+0
CSR mcause (0x342) -> 0x0000000000000009
x10 <- 0x0000000000000009

clint mtime 0x0000000000000509 (mip.MTI <- 0b1, mip.STI <- 0b0)
mem[X,0x0000000080001E68] -> 0x04B7
mem[X,0x0000000080001E6A] -> 0x8000
[2578] [M]: 0x0000000080001E68 (0x800004B7) lui x9, -0x80000                        spcl_M2mmode_test+4
x9 <- 0xFFFFFFFF80000000

mem[X,0x0000000080001E6C] -> 0x8493
mem[X,0x0000000080001E6E] -> 0x0004
[2579] [M]: 0x0000000080001E6C (0x00048493) addi x9, x9, 0x0                        spcl_M2mmode_test+8
x9 <- 0xFFFFFFFF80000000

clint mtime 0x000000000000050A (mip.MTI <- 0b1, mip.STI <- 0b0)
mem[X,0x0000000080001E70] -> 0x9493
mem[X,0x0000000080001E72] -> 0x00B4
[2580] [M]: 0x0000000080001E70 (0x00B49493) slli x9, x9, 0xb                        spcl_M2mmode_test+12
x9 <- 0xFFFFFC0000000000

mem[X,0x0000000080001E74] -> 0x8493
mem[X,0x0000000080001E76] -> 0x0004
[2581] [M]: 0x0000000080001E74 (0x00048493) addi x9, x9, 0x0                        spcl_M2mmode_test+16
x9 <- 0xFFFFFC0000000000

clint mtime 0x000000000000050B (mip.MTI <- 0b1, mip.STI <- 0b0)
mem[X,0x0000000080001E78] -> 0x9493
mem[X,0x0000000080001E7A] -> 0x00B4
[2582] [M]: 0x0000000080001E78 (0x00B49493) slli x9, x9, 0xb                        spcl_M2mmode_test+20
x9 <- 0xFFE0000000000000

mem[X,0x0000000080001E7C] -> 0x8493
mem[X,0x0000000080001E7E] -> 0x0034
[2583] [M]: 0x0000000080001E7C (0x00348493) addi x9, x9, 0x3                        spcl_M2mmode_test+24
x9 <- 0xFFE0000000000003

clint mtime 0x000000000000050C (mip.MTI <- 0b1, mip.STI <- 0b0)
mem[X,0x0000000080001E80] -> 0x9493
mem[X,0x0000000080001E82] -> 0x00A4
[2584] [M]: 0x0000000080001E80 (0x00A49493) slli x9, x9, 0xa                        spcl_M2mmode_test+28
x9 <- 0x8000000000000C00

mem[X,0x0000000080001E84] -> 0x8493
mem[X,0x0000000080001E86] -> 0x3FC4
[2585] [M]: 0x0000000080001E84 (0x3FC48493) addi x9, x9, 0x3fc                      spcl_M2mmode_test+32
x9 <- 0x8000000000000FFC

clint mtime 0x000000000000050D (mip.MTI <- 0b1, mip.STI <- 0b0)
mem[X,0x0000000080001E88] -> 0xF4B3
mem[X,0x0000000080001E8A] -> 0x00A4
[2586] [M]: 0x0000000080001E88 (0x00A4F4B3) and x9, x9, x10                         spcl_M2mmode_test+36
x9 <- 0x0000000000000008

mem[X,0x0000000080001E8C] -> 0x8493
mem[X,0x0000000080001E8E] -> 0xFF84
[2587] [M]: 0x0000000080001E8C (0xFF848493) addi x9, x9, -0x8                       spcl_M2mmode_test+40
x9 <- 0x0000000000000000

clint mtime 0x000000000000050E (mip.MTI <- 0b1, mip.STI <- 0b0)
mem[X,0x0000000080001E90] -> 0x9663
mem[X,0x0000000080001E92] -> 0x0004
[2588] [M]: 0x0000000080001E90 (0x00049663) bne x9, x0, 0xc                         spcl_M2mmode_test+44

mem[X,0x0000000080001E94] -> 0x3383
mem[X,0x0000000080001E96] -> 0x2901
[2589] [M]: 0x0000000080001E94 (0x29013383) ld x7, 0x290(x2)                        spcl_M2mmode_test+48
mem[R,0x0000000080005290] -> 0x0000000000000000
x7 <- 0x0000000000000000

clint mtime 0x000000000000050F (mip.MTI <- 0b1, mip.STI <- 0b0)
mem[X,0x0000000080001E98] -> 0x8663
mem[X,0x0000000080001E9A] -> 0x6E03
[2590] [M]: 0x0000000080001E98 (0x6E038663) beq x7, x0, 0x6ec                       spcl_M2mmode_test+52

mem[X,0x0000000080002584] -> 0x0493
mem[X,0x0000000080002586] -> 0xFF55
[2591] [M]: 0x0000000080002584 (0xFF550493) addi x9, x10, -0xb                      rtn2mmode+0
x9 <- 0xFFFFFFFFFFFFFFFE

clint mtime 0x0000000000000510 (mip.MTI <- 0b1, mip.STI <- 0b0)
mem[X,0x0000000080002588] -> 0x8C63
mem[X,0x000000008000258A] -> 0x0004
[2592] [M]: 0x0000000080002588 (0x00048C63) beq x9, x0, 0x18                        rtn2mmode+4

mem[X,0x000000008000258C] -> 0x3583
mem[X,0x000000008000258E] -> 0x4701
[2593] [M]: 0x000000008000258C (0x47013583) ld x11, 0x470(x2)                       rtn2mmode+8
mem[R,0x0000000080005470] -> 0x00000300800007BC
x11 <- 0x00000300800007BC

clint mtime 0x0000000000000511 (mip.MTI <- 0b1, mip.STI <- 0b0)
mem[X,0x0000000080002590] -> 0xD463
mem[X,0x0000000080002592] -> 0x0003
[2594] [M]: 0x0000000080002590 (0x0003D463) bge x7, x0, 0x8                         rtn2mmode+12

mem[X,0x0000000080002598] -> 0x3483
mem[X,0x000000008000259A] -> 0x1D81
[2595] [M]: 0x0000000080002598 (0x1D813483) ld x9, 0x1d8(x2)                        from_u_s+0
mem[R,0x00000000800051D8] -> 0x00000000800007D4
x9 <- 0x00000000800007D4

clint mtime 0x0000000000000512 (mip.MTI <- 0b1, mip.STI <- 0b0)
mem[X,0x000000008000259C] -> 0x84B3
mem[X,0x000000008000259E] -> 0x40B4
[2596] [M]: 0x000000008000259C (0x40B484B3) sub x9, x9, x11                         from_u_s+4
x9 <- 0xFFFFFD0000000018

mem[X,0x00000000800025A0] -> 0x23F3
mem[X,0x00000000800025A2] -> 0x3410
[2597] [M]: 0x00000000800025A0 (0x341023F3) csrrs x7, mepc, x0                      rtn_fm_mmode+0
CSR mepc (0x341) -> 0x000003008000135C
x7 <- 0x000003008000135C

clint mtime 0x0000000000000513 (mip.MTI <- 0b1, mip.STI <- 0b0)
mem[X,0x00000000800025A4] -> 0x83B3
mem[X,0x00000000800025A6] -> 0x0093
[2598] [M]: 0x00000000800025A4 (0x009383B3) add x7, x7, x9                          rtn_fm_mmode+4
x7 <- 0x0000000080001374

mem[X,0x00000000800025A8] -> 0x3303
mem[X,0x00000000800025AA] -> 0x2601
[2599] [M]: 0x00000000800025A8 (0x26013303) ld x6, 0x260(x2)                        rtn_fm_mmode+8
mem[R,0x0000000080005260] -> 0xFFFFFFFF7FFFEF0C
x6 <- 0xFFFFFFFF7FFFEF0C

clint mtime 0x0000000000000514 (mip.MTI <- 0b1, mip.STI <- 0b0)
mem[X,0x00000000800025AC] -> 0x3403
mem[X,0x00000000800025AE] -> 0x2701
[2600] [M]: 0x00000000800025AC (0x27013403) ld x8, 0x270(x2)                        rtn_fm_mmode+12
mem[R,0x0000000080005270] -> 0x0000000000007F76
x8 <- 0x0000000000007F76

mem[X,0x00000000800025B0] -> 0x3483
mem[X,0x00000000800025B2] -> 0x2781
[2601] [M]: 0x00000000800025B0 (0x27813483) ld x9, 0x278(x2)                        rtn_fm_mmode+16
mem[R,0x0000000080005278] -> 0x00000300000001D0
x9 <- 0x00000300000001D0

clint mtime 0x0000000000000515 (mip.MTI <- 0b1, mip.STI <- 0b0)
mem[X,0x00000000800025B4] -> 0x3503
mem[X,0x00000000800025B6] -> 0x2801
[2602] [M]: 0x00000000800025B4 (0x28013503) ld x10, 0x280(x2)                       rtn_fm_mmode+20
mem[R,0x0000000080005280] -> 0x00000000200000C9
x10 <- 0x00000000200000C9

mem[X,0x00000000800025B8] -> 0x3583
mem[X,0x00000000800025BA] -> 0x2881
[2603] [M]: 0x00000000800025B8 (0x28813583) ld x11, 0x288(x2)                       rtn_fm_mmode+24
mem[R,0x0000000080005288] -> 0x00000000000000C9
x11 <- 0x00000000000000C9

clint mtime 0x0000000000000516 (mip.MTI <- 0b1, mip.STI <- 0b0)
mem[X,0x00000000800025BC] -> 0x3103
mem[X,0x00000000800025BE] -> 0x2901
[2604] [M]: 0x00000000800025BC (0x29013103) ld x2, 0x290(x2)                        rtn_fm_mmode+28
mem[R,0x0000000080005290] -> 0x0000000000000000
x2 <- 0x0000000000000000

mem[X,0x00000000800025C0] -> 0x8067
mem[X,0x00000000800025C2] -> 0x0043
[2605] [M]: 0x00000000800025C0 (0x00438067) jalr x0, 0x4(x7)                        rtn_fm_mmode+32

clint mtime 0x0000000000000517 (mip.MTI <- 0b1, mip.STI <- 0b0)
mem[X,0x0000000080001378] -> 0x0013
mem[X,0x000000008000137A] -> 0x0000
[2606] [M]: 0x0000000080001378 (0x00000013) addi x0, x0, 0x0                        main+2936

mem[X,0x000000008000137C] -> 0x0013
mem[X,0x000000008000137E] -> 0x0000
[2607] [M]: 0x000000008000137C (0x00000013) addi x0, x0, 0x0                        main+2940

clint mtime 0x0000000000000518 (mip.MTI <- 0b1, mip.STI <- 0b0)
mem[X,0x0000000080001380] -> 0x7517
mem[X,0x0000000080001382] -> 0x0000
[2608] [M]: 0x0000000080001380 (0x00007517) auipc x10, 0x7                          main+2944
x10 <- 0x0000000080008380

mem[X,0x0000000080001384] -> 0x0513
mem[X,0x0000000080001386] -> 0xC805
[2609] [M]: 0x0000000080001384 (0xC8050513) addi x10, x10, -0x380                   main+2948
x10 <- 0x0000000080008000

clint mtime 0x0000000000000519 (mip.MTI <- 0b1, mip.STI <- 0b0)
mem[X,0x0000000080001388] -> 0x0001
[2610] [M]: 0x0000000080001388 (0x0001) c.nop                                       main+2952

mem[X,0x000000008000138A] -> 0x0013
mem[X,0x000000008000138C] -> 0x0000
[2611] [M]: 0x000000008000138A (0x00000013) addi x0, x0, 0x0                        main+2954

clint mtime 0x000000000000051A (mip.MTI <- 0b1, mip.STI <- 0b0)
mem[X,0x000000008000138E] -> 0x0013
mem[X,0x0000000080001390] -> 0x0000
[2612] [M]: 0x000000008000138E (0x00000013) addi x0, x0, 0x0                        main+2958

mem[X,0x0000000080001392] -> 0x0013
mem[X,0x0000000080001394] -> 0x0000
[2613] [M]: 0x0000000080001392 (0x00000013) addi x0, x0, 0x0                        main+2962

clint mtime 0x000000000000051B (mip.MTI <- 0b1, mip.STI <- 0b0)
mem[X,0x0000000080001396] -> 0x0013
mem[X,0x0000000080001398] -> 0x0000
[2614] [M]: 0x0000000080001396 (0x00000013) addi x0, x0, 0x0                        main+2966

mem[X,0x000000008000139A] -> 0x0013
mem[X,0x000000008000139C] -> 0x0000
[2615] [M]: 0x000000008000139A (0x00000013) addi x0, x0, 0x0                        main+2970

clint mtime 0x000000000000051C (mip.MTI <- 0b1, mip.STI <- 0b0)
mem[X,0x000000008000139E] -> 0x0001
[2616] [M]: 0x000000008000139E (0x0001) c.nop                                       main+2974

mem[X,0x00000000800013A0] -> 0x0593
mem[X,0x00000000800013A2] -> 0x0010
[2617] [M]: 0x00000000800013A0 (0x00100593) addi x11, x0, 0x1                       main+2976
x11 <- 0x0000000000000001

clint mtime 0x000000000000051D (mip.MTI <- 0b1, mip.STI <- 0b0)
mem[X,0x00000000800013A4] -> 0x5513
mem[X,0x00000000800013A6] -> 0x00C5
[2618] [M]: 0x00000000800013A4 (0x00C55513) srli x10, x10, 0xc                      main+2980
x10 <- 0x0000000000080008

mem[X,0x00000000800013A8] -> 0x1513
mem[X,0x00000000800013AA] -> 0x00A5
[2619] [M]: 0x00000000800013A8 (0x00A51513) slli x10, x10, 0xa                      main+2984
x10 <- 0x0000000020002000

clint mtime 0x000000000000051E (mip.MTI <- 0b1, mip.STI <- 0b0)
mem[X,0x00000000800013AC] -> 0x6533
mem[X,0x00000000800013AE] -> 0x00B5
[2620] [M]: 0x00000000800013AC (0x00B56533) or x10, x10, x11                        main+2988
x10 <- 0x0000000020002001

mem[X,0x00000000800013B0] -> 0x0013
mem[X,0x00000000800013B2] -> 0x0000
[2621] [M]: 0x00000000800013B0 (0x00000013) addi x0, x0, 0x0                        main+2992

clint mtime 0x000000000000051F (mip.MTI <- 0b1, mip.STI <- 0b0)
mem[X,0x00000000800013B4] -> 0x0013
mem[X,0x00000000800013B6] -> 0x0000
[2622] [M]: 0x00000000800013B4 (0x00000013) addi x0, x0, 0x0                        main+2996

mem[X,0x00000000800013B8] -> 0x0013
mem[X,0x00000000800013BA] -> 0x0000
[2623] [M]: 0x00000000800013B8 (0x00000013) addi x0, x0, 0x0                        main+3000

clint mtime 0x0000000000000520 (mip.MTI <- 0b1, mip.STI <- 0b0)
mem[X,0x00000000800013BC] -> 0x0013
mem[X,0x00000000800013BE] -> 0x0000
[2624] [M]: 0x00000000800013BC (0x00000013) addi x0, x0, 0x0                        main+3004

mem[X,0x00000000800013C0] -> 0x8317
mem[X,0x00000000800013C2] -> 0x0000
[2625] [M]: 0x00000000800013C0 (0x00008317) auipc x6, 0x8                           main+3008
x6 <- 0x00000000800093C0

clint mtime 0x0000000000000521 (mip.MTI <- 0b1, mip.STI <- 0b0)
mem[X,0x00000000800013C4] -> 0x0313
mem[X,0x00000000800013C6] -> 0xC403
[2626] [M]: 0x00000000800013C4 (0xC4030313) addi x6, x6, -0x3c0                     main+3012
x6 <- 0x0000000080009000

mem[X,0x00000000800013C8] -> 0x0001
[2627] [M]: 0x00000000800013C8 (0x0001) c.nop                                       main+3016

clint mtime 0x0000000000000522 (mip.MTI <- 0b1, mip.STI <- 0b0)
mem[X,0x00000000800013CA] -> 0x0013
mem[X,0x00000000800013CC] -> 0x0000
[2628] [M]: 0x00000000800013CA (0x00000013) addi x0, x0, 0x0                        main+3018

mem[X,0x00000000800013CE] -> 0x0013
mem[X,0x00000000800013D0] -> 0x0000
[2629] [M]: 0x00000000800013CE (0x00000013) addi x0, x0, 0x0                        main+3022

clint mtime 0x0000000000000523 (mip.MTI <- 0b1, mip.STI <- 0b0)
mem[X,0x00000000800013D2] -> 0x0013
mem[X,0x00000000800013D4] -> 0x0000
[2630] [M]: 0x00000000800013D2 (0x00000013) addi x0, x0, 0x0                        main+3026

mem[X,0x00000000800013D6] -> 0x0013
mem[X,0x00000000800013D8] -> 0x0000
[2631] [M]: 0x00000000800013D6 (0x00000013) addi x0, x0, 0x0                        main+3030

clint mtime 0x0000000000000524 (mip.MTI <- 0b1, mip.STI <- 0b0)
mem[X,0x00000000800013DA] -> 0x0013
mem[X,0x00000000800013DC] -> 0x0000
[2632] [M]: 0x00000000800013DA (0x00000013) addi x0, x0, 0x0                        main+3034

mem[X,0x00000000800013DE] -> 0x0001
[2633] [M]: 0x00000000800013DE (0x0001) c.nop                                       main+3038

clint mtime 0x0000000000000525 (mip.MTI <- 0b1, mip.STI <- 0b0)
mem[X,0x00000000800013E0] -> 0x0293
mem[X,0x00000000800013E2] -> 0x0280
[2634] [M]: 0x00000000800013E0 (0x02800293) addi x5, x0, 0x28                       main+3040
x5 <- 0x0000000000000028

mem[X,0x00000000800013E4] -> 0x0333
mem[X,0x00000000800013E6] -> 0x0053
[2635] [M]: 0x00000000800013E4 (0x00530333) add x6, x6, x5                          main+3044
x6 <- 0x0000000080009028

clint mtime 0x0000000000000526 (mip.MTI <- 0b1, mip.STI <- 0b0)
mem[X,0x00000000800013E8] -> 0x3023
mem[X,0x00000000800013EA] -> 0x00A3
[2636] [M]: 0x00000000800013E8 (0x00A33023) sd x10, 0x0(x6)                         main+3048
mem[W,0x0000000080009028] <- 0x0000000020002001

mem[X,0x00000000800013EC] -> 0x0013
mem[X,0x00000000800013EE] -> 0x0000
[2637] [M]: 0x00000000800013EC (0x00000013) addi x0, x0, 0x0                        main+3052

clint mtime 0x0000000000000527 (mip.MTI <- 0b1, mip.STI <- 0b0)
mem[X,0x00000000800013F0] -> 0x0013
mem[X,0x00000000800013F2] -> 0x0000
[2638] [M]: 0x00000000800013F0 (0x00000013) addi x0, x0, 0x0                        main+3056

mem[X,0x00000000800013F4] -> 0x0013
mem[X,0x00000000800013F6] -> 0x0000
[2639] [M]: 0x00000000800013F4 (0x00000013) addi x0, x0, 0x0                        main+3060

clint mtime 0x0000000000000528 (mip.MTI <- 0b1, mip.STI <- 0b0)
mem[X,0x00000000800013F8] -> 0x0013
mem[X,0x00000000800013FA] -> 0x0000
[2640] [M]: 0x00000000800013F8 (0x00000013) addi x0, x0, 0x0                        main+3064

mem[X,0x00000000800013FC] -> 0x0013
mem[X,0x00000000800013FE] -> 0x0000
[2641] [M]: 0x00000000800013FC (0x00000013) addi x0, x0, 0x0                        main+3068

clint mtime 0x0000000000000529 (mip.MTI <- 0b1, mip.STI <- 0b0)
mem[X,0x0000000080001400] -> 0x6517
mem[X,0x0000000080001402] -> 0x0000
[2642] [M]: 0x0000000080001400 (0x00006517) auipc x10, 0x6                          main+3072
x10 <- 0x0000000080007400

mem[X,0x0000000080001404] -> 0x0513
mem[X,0x0000000080001406] -> 0xC005
[2643] [M]: 0x0000000080001404 (0xC0050513) addi x10, x10, -0x400                   main+3076
x10 <- 0x0000000080007000

clint mtime 0x000000000000052A (mip.MTI <- 0b1, mip.STI <- 0b0)
mem[X,0x0000000080001408] -> 0x0001
[2644] [M]: 0x0000000080001408 (0x0001) c.nop                                       main+3080

mem[X,0x000000008000140A] -> 0x0013
mem[X,0x000000008000140C] -> 0x0000
[2645] [M]: 0x000000008000140A (0x00000013) addi x0, x0, 0x0                        main+3082

clint mtime 0x000000000000052B (mip.MTI <- 0b1, mip.STI <- 0b0)
mem[X,0x000000008000140E] -> 0x0013
mem[X,0x0000000080001410] -> 0x0000
[2646] [M]: 0x000000008000140E (0x00000013) addi x0, x0, 0x0                        main+3086

mem[X,0x0000000080001412] -> 0x0013
mem[X,0x0000000080001414] -> 0x0000
[2647] [M]: 0x0000000080001412 (0x00000013) addi x0, x0, 0x0                        main+3090

clint mtime 0x000000000000052C (mip.MTI <- 0b1, mip.STI <- 0b0)
mem[X,0x0000000080001416] -> 0x0013
mem[X,0x0000000080001418] -> 0x0000
[2648] [M]: 0x0000000080001416 (0x00000013) addi x0, x0, 0x0                        main+3094

mem[X,0x000000008000141A] -> 0x0013
mem[X,0x000000008000141C] -> 0x0000
[2649] [M]: 0x000000008000141A (0x00000013) addi x0, x0, 0x0                        main+3098

clint mtime 0x000000000000052D (mip.MTI <- 0b1, mip.STI <- 0b0)
mem[X,0x000000008000141E] -> 0x0001
[2650] [M]: 0x000000008000141E (0x0001) c.nop                                       main+3102

mem[X,0x0000000080001420] -> 0x0593
mem[X,0x0000000080001422] -> 0x0010
[2651] [M]: 0x0000000080001420 (0x00100593) addi x11, x0, 0x1                       main+3104
x11 <- 0x0000000000000001

clint mtime 0x000000000000052E (mip.MTI <- 0b1, mip.STI <- 0b0)
mem[X,0x0000000080001424] -> 0x5513
mem[X,0x0000000080001426] -> 0x00C5
[2652] [M]: 0x0000000080001424 (0x00C55513) srli x10, x10, 0xc                      main+3108
x10 <- 0x0000000000080007

mem[X,0x0000000080001428] -> 0x1513
mem[X,0x000000008000142A] -> 0x00A5
[2653] [M]: 0x0000000080001428 (0x00A51513) slli x10, x10, 0xa                      main+3112
x10 <- 0x0000000020001C00

clint mtime 0x000000000000052F (mip.MTI <- 0b1, mip.STI <- 0b0)
mem[X,0x000000008000142C] -> 0x6533
mem[X,0x000000008000142E] -> 0x00B5
[2654] [M]: 0x000000008000142C (0x00B56533) or x10, x10, x11                        main+3116
x10 <- 0x0000000020001C01

mem[X,0x0000000080001430] -> 0x0013
mem[X,0x0000000080001432] -> 0x0000
[2655] [M]: 0x0000000080001430 (0x00000013) addi x0, x0, 0x0                        main+3120

clint mtime 0x0000000000000530 (mip.MTI <- 0b1, mip.STI <- 0b0)
mem[X,0x0000000080001434] -> 0x0013
mem[X,0x0000000080001436] -> 0x0000
[2656] [M]: 0x0000000080001434 (0x00000013) addi x0, x0, 0x0                        main+3124

mem[X,0x0000000080001438] -> 0x0013
mem[X,0x000000008000143A] -> 0x0000
[2657] [M]: 0x0000000080001438 (0x00000013) addi x0, x0, 0x0                        main+3128

clint mtime 0x0000000000000531 (mip.MTI <- 0b1, mip.STI <- 0b0)
mem[X,0x000000008000143C] -> 0x0013
mem[X,0x000000008000143E] -> 0x0000
[2658] [M]: 0x000000008000143C (0x00000013) addi x0, x0, 0x0                        main+3132

mem[X,0x0000000080001440] -> 0x7317
mem[X,0x0000000080001442] -> 0x0000
[2659] [M]: 0x0000000080001440 (0x00007317) auipc x6, 0x7                           main+3136
x6 <- 0x0000000080008440

clint mtime 0x0000000000000532 (mip.MTI <- 0b1, mip.STI <- 0b0)
mem[X,0x0000000080001444] -> 0x0313
mem[X,0x0000000080001446] -> 0xBC03
[2660] [M]: 0x0000000080001444 (0xBC030313) addi x6, x6, -0x440                     main+3140
x6 <- 0x0000000080008000

mem[X,0x0000000080001448] -> 0x0001
[2661] [M]: 0x0000000080001448 (0x0001) c.nop                                       main+3144

clint mtime 0x0000000000000533 (mip.MTI <- 0b1, mip.STI <- 0b0)
mem[X,0x000000008000144A] -> 0x0013
mem[X,0x000000008000144C] -> 0x0000
[2662] [M]: 0x000000008000144A (0x00000013) addi x0, x0, 0x0                        main+3146

mem[X,0x000000008000144E] -> 0x0013
mem[X,0x0000000080001450] -> 0x0000
[2663] [M]: 0x000000008000144E (0x00000013) addi x0, x0, 0x0                        main+3150

clint mtime 0x0000000000000534 (mip.MTI <- 0b1, mip.STI <- 0b0)
mem[X,0x0000000080001452] -> 0x0013
mem[X,0x0000000080001454] -> 0x0000
[2664] [M]: 0x0000000080001452 (0x00000013) addi x0, x0, 0x0                        main+3154

mem[X,0x0000000080001456] -> 0x0013
mem[X,0x0000000080001458] -> 0x0000
[2665] [M]: 0x0000000080001456 (0x00000013) addi x0, x0, 0x0                        main+3158

clint mtime 0x0000000000000535 (mip.MTI <- 0b1, mip.STI <- 0b0)
mem[X,0x000000008000145A] -> 0x0013
mem[X,0x000000008000145C] -> 0x0000
[2666] [M]: 0x000000008000145A (0x00000013) addi x0, x0, 0x0                        main+3162

mem[X,0x000000008000145E] -> 0x0001
[2667] [M]: 0x000000008000145E (0x0001) c.nop                                       main+3166

clint mtime 0x0000000000000536 (mip.MTI <- 0b1, mip.STI <- 0b0)
mem[X,0x0000000080001460] -> 0x0293
mem[X,0x0000000080001462] -> 0x0000
[2668] [M]: 0x0000000080001460 (0x00000293) addi x5, x0, 0x0                        main+3168
x5 <- 0x0000000000000000

mem[X,0x0000000080001464] -> 0x0333
mem[X,0x0000000080001466] -> 0x0053
[2669] [M]: 0x0000000080001464 (0x00530333) add x6, x6, x5                          main+3172
x6 <- 0x0000000080008000

clint mtime 0x0000000000000537 (mip.MTI <- 0b1, mip.STI <- 0b0)
mem[X,0x0000000080001468] -> 0x3023
mem[X,0x000000008000146A] -> 0x00A3
[2670] [M]: 0x0000000080001468 (0x00A33023) sd x10, 0x0(x6)                         main+3176
mem[W,0x0000000080008000] <- 0x0000000020001C01

mem[X,0x000000008000146C] -> 0x0013
mem[X,0x000000008000146E] -> 0x0000
[2671] [M]: 0x000000008000146C (0x00000013) addi x0, x0, 0x0                        main+3180

clint mtime 0x0000000000000538 (mip.MTI <- 0b1, mip.STI <- 0b0)
mem[X,0x0000000080001470] -> 0x0013
mem[X,0x0000000080001472] -> 0x0000
[2672] [M]: 0x0000000080001470 (0x00000013) addi x0, x0, 0x0                        main+3184

mem[X,0x0000000080001474] -> 0x0013
mem[X,0x0000000080001476] -> 0x0000
[2673] [M]: 0x0000000080001474 (0x00000013) addi x0, x0, 0x0                        main+3188

clint mtime 0x0000000000000539 (mip.MTI <- 0b1, mip.STI <- 0b0)
mem[X,0x0000000080001478] -> 0x0013
mem[X,0x000000008000147A] -> 0x0000
[2674] [M]: 0x0000000080001478 (0x00000013) addi x0, x0, 0x0                        main+3192

mem[X,0x000000008000147C] -> 0x0013
mem[X,0x000000008000147E] -> 0x0000
[2675] [M]: 0x000000008000147C (0x00000013) addi x0, x0, 0x0                        main+3196

clint mtime 0x000000000000053A (mip.MTI <- 0b1, mip.STI <- 0b0)
mem[X,0x0000000080001480] -> 0xF517
mem[X,0x0000000080001482] -> 0xFFFF
[2676] [M]: 0x0000000080001480 (0xFFFFF517) auipc x10, -0x1                         main+3200
x10 <- 0x0000000080000480

mem[X,0x0000000080001484] -> 0x0513
mem[X,0x0000000080001486] -> 0xF805
[2677] [M]: 0x0000000080001484 (0xF8050513) addi x10, x10, -0x80                    main+3204
x10 <- 0x0000000080000400

clint mtime 0x000000000000053B (mip.MTI <- 0b1, mip.STI <- 0b0)
mem[X,0x0000000080001488] -> 0x0001
[2678] [M]: 0x0000000080001488 (0x0001) c.nop                                       main+3208

mem[X,0x000000008000148A] -> 0x0013
mem[X,0x000000008000148C] -> 0x0000
[2679] [M]: 0x000000008000148A (0x00000013) addi x0, x0, 0x0                        main+3210

clint mtime 0x000000000000053C (mip.MTI <- 0b1, mip.STI <- 0b0)
mem[X,0x000000008000148E] -> 0x0013
mem[X,0x0000000080001490] -> 0x0000
[2680] [M]: 0x000000008000148E (0x00000013) addi x0, x0, 0x0                        main+3214

mem[X,0x0000000080001492] -> 0x0013
mem[X,0x0000000080001494] -> 0x0000
[2681] [M]: 0x0000000080001492 (0x00000013) addi x0, x0, 0x0                        main+3218

clint mtime 0x000000000000053D (mip.MTI <- 0b1, mip.STI <- 0b0)
mem[X,0x0000000080001496] -> 0x0013
mem[X,0x0000000080001498] -> 0x0000
[2682] [M]: 0x0000000080001496 (0x00000013) addi x0, x0, 0x0                        main+3222

mem[X,0x000000008000149A] -> 0x0013
mem[X,0x000000008000149C] -> 0x0000
[2683] [M]: 0x000000008000149A (0x00000013) addi x0, x0, 0x0                        main+3226

clint mtime 0x000000000000053E (mip.MTI <- 0b1, mip.STI <- 0b0)
mem[X,0x000000008000149E] -> 0x0001
[2684] [M]: 0x000000008000149E (0x0001) c.nop                                       main+3230

mem[X,0x00000000800014A0] -> 0x0593
mem[X,0x00000000800014A2] -> 0x0C90
[2685] [M]: 0x00000000800014A0 (0x0C900593) addi x11, x0, 0xc9                      main+3232
x11 <- 0x00000000000000C9

clint mtime 0x000000000000053F (mip.MTI <- 0b1, mip.STI <- 0b0)
mem[X,0x00000000800014A4] -> 0x5513
mem[X,0x00000000800014A6] -> 0x00C5
[2686] [M]: 0x00000000800014A4 (0x00C55513) srli x10, x10, 0xc                      main+3236
x10 <- 0x0000000000080000

mem[X,0x00000000800014A8] -> 0x1513
mem[X,0x00000000800014AA] -> 0x00A5
[2687] [M]: 0x00000000800014A8 (0x00A51513) slli x10, x10, 0xa                      main+3240
x10 <- 0x0000000020000000

clint mtime 0x0000000000000540 (mip.MTI <- 0b1, mip.STI <- 0b0)
mem[X,0x00000000800014AC] -> 0x6533
mem[X,0x00000000800014AE] -> 0x00B5
[2688] [M]: 0x00000000800014AC (0x00B56533) or x10, x10, x11                        main+3244
x10 <- 0x00000000200000C9

mem[X,0x00000000800014B0] -> 0x0013
mem[X,0x00000000800014B2] -> 0x0000
[2689] [M]: 0x00000000800014B0 (0x00000013) addi x0, x0, 0x0                        main+3248

clint mtime 0x0000000000000541 (mip.MTI <- 0b1, mip.STI <- 0b0)
mem[X,0x00000000800014B4] -> 0x0013
mem[X,0x00000000800014B6] -> 0x0000
[2690] [M]: 0x00000000800014B4 (0x00000013) addi x0, x0, 0x0                        main+3252

mem[X,0x00000000800014B8] -> 0x0013
mem[X,0x00000000800014BA] -> 0x0000
[2691] [M]: 0x00000000800014B8 (0x00000013) addi x0, x0, 0x0                        main+3256

clint mtime 0x0000000000000542 (mip.MTI <- 0b1, mip.STI <- 0b0)
mem[X,0x00000000800014BC] -> 0x0013
mem[X,0x00000000800014BE] -> 0x0000
[2692] [M]: 0x00000000800014BC (0x00000013) addi x0, x0, 0x0                        main+3260

mem[X,0x00000000800014C0] -> 0x6317
mem[X,0x00000000800014C2] -> 0x0000
[2693] [M]: 0x00000000800014C0 (0x00006317) auipc x6, 0x6                           main+3264
x6 <- 0x00000000800074C0

clint mtime 0x0000000000000543 (mip.MTI <- 0b1, mip.STI <- 0b0)
mem[X,0x00000000800014C4] -> 0x0313
mem[X,0x00000000800014C6] -> 0xB403
[2694] [M]: 0x00000000800014C4 (0xB4030313) addi x6, x6, -0x4c0                     main+3268
x6 <- 0x0000000080007000

mem[X,0x00000000800014C8] -> 0x0001
[2695] [M]: 0x00000000800014C8 (0x0001) c.nop                                       main+3272

clint mtime 0x0000000000000544 (mip.MTI <- 0b1, mip.STI <- 0b0)
mem[X,0x00000000800014CA] -> 0x0013
mem[X,0x00000000800014CC] -> 0x0000
[2696] [M]: 0x00000000800014CA (0x00000013) addi x0, x0, 0x0                        main+3274

mem[X,0x00000000800014CE] -> 0x0013
mem[X,0x00000000800014D0] -> 0x0000
[2697] [M]: 0x00000000800014CE (0x00000013) addi x0, x0, 0x0                        main+3278

clint mtime 0x0000000000000545 (mip.MTI <- 0b1, mip.STI <- 0b0)
mem[X,0x00000000800014D2] -> 0x0013
mem[X,0x00000000800014D4] -> 0x0000
[2698] [M]: 0x00000000800014D2 (0x00000013) addi x0, x0, 0x0                        main+3282

mem[X,0x00000000800014D6] -> 0x0013
mem[X,0x00000000800014D8] -> 0x0000
[2699] [M]: 0x00000000800014D6 (0x00000013) addi x0, x0, 0x0                        main+3286

clint mtime 0x0000000000000546 (mip.MTI <- 0b1, mip.STI <- 0b0)
mem[X,0x00000000800014DA] -> 0x0013
mem[X,0x00000000800014DC] -> 0x0000
[2700] [M]: 0x00000000800014DA (0x00000013) addi x0, x0, 0x0                        main+3290

mem[X,0x00000000800014DE] -> 0x0001
[2701] [M]: 0x00000000800014DE (0x0001) c.nop                                       main+3294

clint mtime 0x0000000000000547 (mip.MTI <- 0b1, mip.STI <- 0b0)
mem[X,0x00000000800014E0] -> 0x0293
mem[X,0x00000000800014E2] -> 0x0000
[2702] [M]: 0x00000000800014E0 (0x00000293) addi x5, x0, 0x0                        main+3296
x5 <- 0x0000000000000000

mem[X,0x00000000800014E4] -> 0x0333
mem[X,0x00000000800014E6] -> 0x0053
[2703] [M]: 0x00000000800014E4 (0x00530333) add x6, x6, x5                          main+3300
x6 <- 0x0000000080007000

clint mtime 0x0000000000000548 (mip.MTI <- 0b1, mip.STI <- 0b0)
mem[X,0x00000000800014E8] -> 0x3023
mem[X,0x00000000800014EA] -> 0x00A3
[2704] [M]: 0x00000000800014E8 (0x00A33023) sd x10, 0x0(x6)                         main+3304
mem[W,0x0000000080007000] <- 0x00000000200000C9

mem[X,0x00000000800014EC] -> 0x0073
mem[X,0x00000000800014EE] -> 0x1200
[2705] [M]: 0x00000000800014EC (0x12000073) sfence.vma x0, x0                       main+3308

clint mtime 0x0000000000000549 (mip.MTI <- 0b1, mip.STI <- 0b0)
mem[X,0x00000000800014F0] -> 0x0BB7
mem[X,0x00000000800014F2] -> 0x0008
[2706] [M]: 0x00000000800014F0 (0x00080BB7) lui x23, 0x80                           main+3312
x23 <- 0x0000000000080000

mem[X,0x00000000800014F4] -> 0xA073
mem[X,0x00000000800014F6] -> 0x300B
[2707] [M]: 0x00000000800014F4 (0x300BA073) csrrs x0, mstatus, x23                  main+3316
CSR mstatus (0x300) <- 0x0000000A00080800

clint mtime 0x000000000000054A (mip.MTI <- 0b1, mip.STI <- 0b0)
mem[X,0x00000000800014F8] -> 0x0493
mem[X,0x00000000800014FA] -> 0x0010
[2708] [M]: 0x00000000800014F8 (0x00100493) addi x9, x0, 0x1                        main+3320
x9 <- 0x0000000000000001

mem[X,0x00000000800014FC] -> 0x9493
mem[X,0x00000000800014FE] -> 0x00B4
[2709] [M]: 0x00000000800014FC (0x00B49493) slli x9, x9, 0xb                        main+3324
x9 <- 0x0000000000000800

clint mtime 0x000000000000054B (mip.MTI <- 0b1, mip.STI <- 0b0)
mem[X,0x0000000080001500] -> 0xB073
mem[X,0x0000000080001502] -> 0x3004
[2710] [M]: 0x0000000080001500 (0x3004B073) csrrc x0, mstatus, x9                   main+3328
CSR mstatus (0x300) <- 0x0000000A00080000

mem[X,0x0000000080001504] -> 0x0493
mem[X,0x0000000080001506] -> 0x0010
[2711] [M]: 0x0000000080001504 (0x00100493) addi x9, x0, 0x1                        main+3332
x9 <- 0x0000000000000001

clint mtime 0x000000000000054C (mip.MTI <- 0b1, mip.STI <- 0b0)
mem[X,0x0000000080001508] -> 0x9493
mem[X,0x000000008000150A] -> 0x00B4
[2712] [M]: 0x0000000080001508 (0x00B49493) slli x9, x9, 0xb                        main+3336
x9 <- 0x0000000000000800

mem[X,0x000000008000150C] -> 0xA073
mem[X,0x000000008000150E] -> 0x3004
[2713] [M]: 0x000000008000150C (0x3004A073) csrrs x0, mstatus, x9                   main+3340
CSR mstatus (0x300) <- 0x0000000A00080800

clint mtime 0x000000000000054D (mip.MTI <- 0b1, mip.STI <- 0b0)
mem[X,0x0000000080001510] -> 0x23F3
mem[X,0x0000000080001512] -> 0x3400
[2714] [M]: 0x0000000080001510 (0x340023F3) csrrs x7, mscratch, x0                  main+3344
CSR mscratch (0x340) -> 0x0000000080005000
x7 <- 0x0000000080005000

mem[X,0x0000000080001514] -> 0xB303
mem[X,0x0000000080001516] -> 0x4703
[2715] [M]: 0x0000000080001514 (0x4703B303) ld x6, 0x470(x7)                        main+3348
mem[R,0x0000000080005470] -> 0x00000300800007BC
x6 <- 0x00000300800007BC

clint mtime 0x000000000000054E (mip.MTI <- 0b1, mip.STI <- 0b0)
mem[X,0x0000000080001518] -> 0xB483
mem[X,0x000000008000151A] -> 0x1D83
[2716] [M]: 0x0000000080001518 (0x1D83B483) ld x9, 0x1d8(x7)                        main+3352
mem[R,0x00000000800051D8] -> 0x00000000800007D4
x9 <- 0x00000000800007D4

mem[X,0x000000008000151C] -> 0x0333
mem[X,0x000000008000151E] -> 0x4093
[2717] [M]: 0x000000008000151C (0x40930333) sub x6, x6, x9                          main+3356
x6 <- 0x000002FFFFFFFFE8

clint mtime 0x000000000000054F (mip.MTI <- 0b1, mip.STI <- 0b0)
mem[X,0x0000000080001520] -> 0x0313
mem[X,0x0000000080001522] -> 0x0103
[2718] [M]: 0x0000000080001520 (0x01030313) addi x6, x6, 0x10                       main+3360
x6 <- 0x000002FFFFFFFFF8

mem[X,0x0000000080001524] -> 0x0497
mem[X,0x0000000080001526] -> 0x0000
[2719] [M]: 0x0000000080001524 (0x00000497) auipc x9, 0x0                           main+3364
x9 <- 0x0000000080001524

clint mtime 0x0000000000000550 (mip.MTI <- 0b1, mip.STI <- 0b0)
mem[X,0x0000000080001528] -> 0x84B3
mem[X,0x000000008000152A] -> 0x0064
[2720] [M]: 0x0000000080001528 (0x006484B3) add x9, x9, x6                          main+3368
x9 <- 0x000003008000151C

mem[X,0x000000008000152C] -> 0x94F3
mem[X,0x000000008000152E] -> 0x3414
[2721] [M]: 0x000000008000152C (0x341494F3) csrrw x9, mepc, x9                      main+3372
CSR mepc (0x341) <- 0x000003008000151C
x9 <- 0x000003008000135C

clint mtime 0x0000000000000551 (mip.MTI <- 0b1, mip.STI <- 0b0)
mem[X,0x0000000080001530] -> 0x0073
mem[X,0x0000000080001532] -> 0x3020
[2722] [M]: 0x0000000080001530 (0x30200073) mret                                    main+3376
CSR mstatus (0x300) <- 0x0000000A00080080
ret-ing from M to S

PTW: Start, vpn=0x30080001, access_type=X, privilege=Smem[R,0x0000000080009030] -> 0x00000000000000CB
PTW: Step, level=3, pte=0xCB, pte_addr=0x80009030
PTW: Success, final_ppn=0x80001, level=3mem[X,0x000000008000151C] -> 0x0333
PTW: Start, vpn=0x30080001, access_type=X, privilege=Smem[R,0x0000000080009030] -> 0x00000000000000CB
PTW: Step, level=3, pte=0xCB, pte_addr=0x80009030
PTW: Success, final_ppn=0x80001, level=3mem[X,0x000000008000151E] -> 0x4093
[2723] [S]: 0x000003008000151C (0x40930333) sub x6, x6, x9                          va_rvtest_code_begin+3424
x6 <- 0xFFFFFFFF7FFFEC9C

clint mtime 0x0000000000000552 (mip.MTI <- 0b1, mip.STI <- 0b0)
PTW: Start, vpn=0x30080001, access_type=X, privilege=Smem[R,0x0000000080009030] -> 0x00000000000000CB
PTW: Step, level=3, pte=0xCB, pte_addr=0x80009030
PTW: Success, final_ppn=0x80001, level=3mem[X,0x0000000080001520] -> 0x0313
PTW: Start, vpn=0x30080001, access_type=X, privilege=Smem[R,0x0000000080009030] -> 0x00000000000000CB
PTW: Step, level=3, pte=0xCB, pte_addr=0x80009030
PTW: Success, final_ppn=0x80001, level=3mem[X,0x0000000080001522] -> 0x0103
[2724] [S]: 0x0000030080001520 (0x01030313) addi x6, x6, 0x10                       va_rvtest_code_begin+3428
x6 <- 0xFFFFFFFF7FFFECAC

PTW: Start, vpn=0x30080001, access_type=X, privilege=Smem[R,0x0000000080009030] -> 0x00000000000000CB
PTW: Step, level=3, pte=0xCB, pte_addr=0x80009030
PTW: Success, final_ppn=0x80001, level=3mem[X,0x0000000080001524] -> 0x0497
PTW: Start, vpn=0x30080001, access_type=X, privilege=Smem[R,0x0000000080009030] -> 0x00000000000000CB
PTW: Step, level=3, pte=0xCB, pte_addr=0x80009030
PTW: Success, final_ppn=0x80001, level=3mem[X,0x0000000080001526] -> 0x0000
[2725] [S]: 0x0000030080001524 (0x00000497) auipc x9, 0x0                           va_rvtest_code_begin+3432
x9 <- 0x0000030080001524

clint mtime 0x0000000000000553 (mip.MTI <- 0b1, mip.STI <- 0b0)
PTW: Start, vpn=0x30080001, access_type=X, privilege=Smem[R,0x0000000080009030] -> 0x00000000000000CB
PTW: Step, level=3, pte=0xCB, pte_addr=0x80009030
PTW: Success, final_ppn=0x80001, level=3mem[X,0x0000000080001528] -> 0x84B3
PTW: Start, vpn=0x30080001, access_type=X, privilege=Smem[R,0x0000000080009030] -> 0x00000000000000CB
PTW: Step, level=3, pte=0xCB, pte_addr=0x80009030
PTW: Success, final_ppn=0x80001, level=3mem[X,0x000000008000152A] -> 0x0064
[2726] [S]: 0x0000030080001528 (0x006484B3) add x9, x9, x6                          va_rvtest_code_begin+3436
x9 <- 0x00000300000001D0

PTW: Start, vpn=0x30080001, access_type=X, privilege=Smem[R,0x0000000080009030] -> 0x00000000000000CB
PTW: Step, level=3, pte=0xCB, pte_addr=0x80009030
PTW: Success, final_ppn=0x80001, level=3mem[X,0x000000008000152C] -> 0x94F3
PTW: Start, vpn=0x30080001, access_type=X, privilege=Smem[R,0x0000000080009030] -> 0x00000000000000CB
PTW: Step, level=3, pte=0xCB, pte_addr=0x80009030
PTW: Success, final_ppn=0x80001, level=3mem[X,0x000000008000152E] -> 0x3414
[2727] [S]: 0x000003008000152C (0x341494F3) csrrw x9, mepc, x9                      va_rvtest_code_begin+3440
trapping from S to M to handle illegal-instruction
handling exc#illegal-instruction at priv M with tval 0x00000000341494F3
CSR mstatus (0x300) <- 0x0000000A00080800
CSR mcause (0x342) <- 0x0000000000000002
CSR mtval (0x343) <- 0x00000000341494F3
CSR mepc (0x341) <- 0x000003008000152C

clint mtime 0x0000000000000554 (mip.MTI <- 0b1, mip.STI <- 0b0)
mem[X,0x0000000080001C80] -> 0x006F
mem[X,0x0000000080001C82] -> 0x1000
[2728] [M]: 0x0000000080001C80 (0x1000006F) jal x0, 0x100                           Mtrampoline+0

mem[X,0x0000000080001D80] -> 0x1173
mem[X,0x0000000080001D82] -> 0x3401
[2729] [M]: 0x0000000080001D80 (0x34011173) csrrw x2, mscratch, x2                  trap_Mhandler+0
CSR mscratch (0x340) <- 0x0000000000000000
x2 <- 0x0000000080005000

clint mtime 0x0000000000000555 (mip.MTI <- 0b1, mip.STI <- 0b0)
mem[X,0x0000000080001D84] -> 0x3423
mem[X,0x0000000080001D86] -> 0x28B1
[2730] [M]: 0x0000000080001D84 (0x28B13423) sd x11, 0x288(x2)                       trap_Mhandler+4
mem[W,0x0000000080005288] <- 0x00000000000000C9

mem[X,0x0000000080001D88] -> 0x05EF
mem[X,0x0000000080001D8A] -> 0x0B80
[2731] [M]: 0x0000000080001D88 (0x0B8005EF) jal x11, 0xb8                           trap_Mhandler+8
x11 <- 0x0000000080001D8C

clint mtime 0x0000000000000556 (mip.MTI <- 0b1, mip.STI <- 0b0)
mem[X,0x0000000080001E40] -> 0x3023
mem[X,0x0000000080001E42] -> 0x28A1
[2732] [M]: 0x0000000080001E40 (0x28A13023) sd x10, 0x280(x2)                       common_Mhandler+0
mem[W,0x0000000080005280] <- 0x00000000200000C9

mem[X,0x0000000080001E44] -> 0x1573
mem[X,0x0000000080001E46] -> 0x3401
[2733] [M]: 0x0000000080001E44 (0x34011573) csrrw x10, mscratch, x2                 common_Mhandler+4
CSR mscratch (0x340) <- 0x0000000080005000
x10 <- 0x0000000000000000

clint mtime 0x0000000000000557 (mip.MTI <- 0b1, mip.STI <- 0b0)
mem[X,0x0000000080001E48] -> 0x3823
mem[X,0x0000000080001E4A] -> 0x28A1
[2734] [M]: 0x0000000080001E48 (0x28A13823) sd x10, 0x290(x2)                       common_Mhandler+8
mem[W,0x0000000080005290] <- 0x0000000000000000

mem[X,0x0000000080001E4C] -> 0x3503
mem[X,0x0000000080001E4E] -> 0x2301
[2735] [M]: 0x0000000080001E4C (0x23013503) ld x10, 0x230(x2)                       common_Mhandler+12
mem[R,0x0000000080005230] -> 0x0000000080001E54
x10 <- 0x0000000080001E54

clint mtime 0x0000000000000558 (mip.MTI <- 0b1, mip.STI <- 0b0)
mem[X,0x0000000080001E50] -> 0x0067
mem[X,0x0000000080001E52] -> 0x0005
[2736] [M]: 0x0000000080001E50 (0x00050067) jalr x0, 0x0(x10)                       common_Mhandler+16

mem[X,0x0000000080001E54] -> 0x3C23
mem[X,0x0000000080001E56] -> 0x2691
[2737] [M]: 0x0000000080001E54 (0x26913C23) sd x9, 0x278(x2)                        common_Mentry+0
mem[W,0x0000000080005278] <- 0x00000300000001D0

clint mtime 0x0000000000000559 (mip.MTI <- 0b1, mip.STI <- 0b0)
mem[X,0x0000000080001E58] -> 0x3823
mem[X,0x0000000080001E5A] -> 0x2681
[2738] [M]: 0x0000000080001E58 (0x26813823) sd x8, 0x270(x2)                        common_Mentry+4
mem[W,0x0000000080005270] <- 0x0000000000007F76

mem[X,0x0000000080001E5C] -> 0x3423
mem[X,0x0000000080001E5E] -> 0x2671
[2739] [M]: 0x0000000080001E5C (0x26713423) sd x7, 0x268(x2)                        common_Mentry+8
mem[W,0x0000000080005268] <- 0x0000000080005000

clint mtime 0x000000000000055A (mip.MTI <- 0b1, mip.STI <- 0b0)
mem[X,0x0000000080001E60] -> 0x3023
mem[X,0x0000000080001E62] -> 0x2661
[2740] [M]: 0x0000000080001E60 (0x26613023) sd x6, 0x260(x2)                        common_Mentry+12
mem[W,0x0000000080005260] <- 0xFFFFFFFF7FFFECAC

mem[X,0x0000000080001E64] -> 0x2573
mem[X,0x0000000080001E66] -> 0x3420
[2741] [M]: 0x0000000080001E64 (0x34202573) csrrs x10, mcause, x0                   spcl_M2mmode_test+0
CSR mcause (0x342) -> 0x0000000000000002
x10 <- 0x0000000000000002

clint mtime 0x000000000000055B (mip.MTI <- 0b1, mip.STI <- 0b0)
mem[X,0x0000000080001E68] -> 0x04B7
mem[X,0x0000000080001E6A] -> 0x8000
[2742] [M]: 0x0000000080001E68 (0x800004B7) lui x9, -0x80000                        spcl_M2mmode_test+4
x9 <- 0xFFFFFFFF80000000

mem[X,0x0000000080001E6C] -> 0x8493
mem[X,0x0000000080001E6E] -> 0x0004
[2743] [M]: 0x0000000080001E6C (0x00048493) addi x9, x9, 0x0                        spcl_M2mmode_test+8
x9 <- 0xFFFFFFFF80000000

clint mtime 0x000000000000055C (mip.MTI <- 0b1, mip.STI <- 0b0)
mem[X,0x0000000080001E70] -> 0x9493
mem[X,0x0000000080001E72] -> 0x00B4
[2744] [M]: 0x0000000080001E70 (0x00B49493) slli x9, x9, 0xb                        spcl_M2mmode_test+12
x9 <- 0xFFFFFC0000000000

mem[X,0x0000000080001E74] -> 0x8493
mem[X,0x0000000080001E76] -> 0x0004
[2745] [M]: 0x0000000080001E74 (0x00048493) addi x9, x9, 0x0                        spcl_M2mmode_test+16
x9 <- 0xFFFFFC0000000000

clint mtime 0x000000000000055D (mip.MTI <- 0b1, mip.STI <- 0b0)
mem[X,0x0000000080001E78] -> 0x9493
mem[X,0x0000000080001E7A] -> 0x00B4
[2746] [M]: 0x0000000080001E78 (0x00B49493) slli x9, x9, 0xb                        spcl_M2mmode_test+20
x9 <- 0xFFE0000000000000

mem[X,0x0000000080001E7C] -> 0x8493
mem[X,0x0000000080001E7E] -> 0x0034
[2747] [M]: 0x0000000080001E7C (0x00348493) addi x9, x9, 0x3                        spcl_M2mmode_test+24
x9 <- 0xFFE0000000000003

clint mtime 0x000000000000055E (mip.MTI <- 0b1, mip.STI <- 0b0)
mem[X,0x0000000080001E80] -> 0x9493
mem[X,0x0000000080001E82] -> 0x00A4
[2748] [M]: 0x0000000080001E80 (0x00A49493) slli x9, x9, 0xa                        spcl_M2mmode_test+28
x9 <- 0x8000000000000C00

mem[X,0x0000000080001E84] -> 0x8493
mem[X,0x0000000080001E86] -> 0x3FC4
[2749] [M]: 0x0000000080001E84 (0x3FC48493) addi x9, x9, 0x3fc                      spcl_M2mmode_test+32
x9 <- 0x8000000000000FFC

clint mtime 0x000000000000055F (mip.MTI <- 0b1, mip.STI <- 0b0)
mem[X,0x0000000080001E88] -> 0xF4B3
mem[X,0x0000000080001E8A] -> 0x00A4
[2750] [M]: 0x0000000080001E88 (0x00A4F4B3) and x9, x9, x10                         spcl_M2mmode_test+36
x9 <- 0x0000000000000000

mem[X,0x0000000080001E8C] -> 0x8493
mem[X,0x0000000080001E8E] -> 0xFF84
[2751] [M]: 0x0000000080001E8C (0xFF848493) addi x9, x9, -0x8                       spcl_M2mmode_test+40
x9 <- 0xFFFFFFFFFFFFFFF8

clint mtime 0x0000000000000560 (mip.MTI <- 0b1, mip.STI <- 0b0)
mem[X,0x0000000080001E90] -> 0x9663
mem[X,0x0000000080001E92] -> 0x0004
[2752] [M]: 0x0000000080001E90 (0x00049663) bne x9, x0, 0xc                         spcl_M2mmode_test+44

mem[X,0x0000000080001E9C] -> 0x0393
mem[X,0x0000000080001E9E] -> 0x0200
[2753] [M]: 0x0000000080001E9C (0x02000393) addi x7, x0, 0x20                       Mtrapsig_ptr_upd+0
x7 <- 0x0000000000000020

clint mtime 0x0000000000000561 (mip.MTI <- 0b1, mip.STI <- 0b0)
mem[X,0x0000000080001EA0] -> 0x5263
mem[X,0x0000000080001EA2] -> 0x0405
[2754] [M]: 0x0000000080001EA0 (0x04055263) bge x10, x0, 0x44                       Mtrapsig_ptr_upd+4

mem[X,0x0000000080001EE4] -> 0x2373
mem[X,0x0000000080001EE6] -> 0x3010
[2755] [M]: 0x0000000080001EE4 (0x30102373) csrrs x6, misa, x0                      Mxcpt_sig_sv+0
CSR misa (0x301) -> 0x800000000034112F
x6 <- 0x800000000034112F

clint mtime 0x0000000000000562 (mip.MTI <- 0b1, mip.STI <- 0b0)
mem[X,0x0000000080001EE8] -> 0x1313
mem[X,0x0000000080001EEA] -> 0x0383
[2756] [M]: 0x0000000080001EE8 (0x03831313) slli x6, x6, 0x38                       Mxcpt_sig_sv+4
x6 <- 0x2F00000000000000

mem[X,0x0000000080001EEC] -> 0x5463
mem[X,0x0000000080001EEE] -> 0x0003
[2757] [M]: 0x0000000080001EEC (0x00035463) bge x6, x0, 0x8                         Mxcpt_sig_sv+8

clint mtime 0x0000000000000563 (mip.MTI <- 0b1, mip.STI <- 0b0)
mem[X,0x0000000080001EF4] -> 0x3303
mem[X,0x0000000080001EF6] -> 0x2181
[2758] [M]: 0x0000000080001EF4 (0x21813303) ld x6, 0x218(x2)                        Mtrap_sig_sv+0
mem[R,0x0000000080005218] -> 0x000000008000A6B8
x6 <- 0x000000008000A6B8

mem[X,0x0000000080001EF8] -> 0x04B3
mem[X,0x0000000080001EFA] -> 0x0073
[2759] [M]: 0x0000000080001EF8 (0x007304B3) add x9, x6, x7                          Mtrap_sig_sv+4
x9 <- 0x000000008000A6D8

clint mtime 0x0000000000000564 (mip.MTI <- 0b1, mip.STI <- 0b0)
mem[X,0x0000000080001EFC] -> 0x3C23
mem[X,0x0000000080001EFE] -> 0x2091
[2760] [M]: 0x0000000080001EFC (0x20913C23) sd x9, 0x218(x2)                        Mtrap_sig_sv+8
mem[W,0x0000000080005218] <- 0x000000008000A6D8

mem[X,0x0000000080001F00] -> 0x3403
mem[X,0x0000000080001F02] -> 0x1F81
[2761] [M]: 0x0000000080001F00 (0x1F813403) ld x8, 0x1f8(x2)                        Mtrap_sig_sv+12
mem[R,0x00000000800051F8] -> 0x000000008000A110
x8 <- 0x000000008000A110

clint mtime 0x0000000000000565 (mip.MTI <- 0b1, mip.STI <- 0b0)
mem[X,0x0000000080001F04] -> 0x0333
mem[X,0x0000000080001F06] -> 0x4083
[2762] [M]: 0x0000000080001F04 (0x40830333) sub x6, x6, x8                          Mtrap_sig_sv+16
x6 <- 0x00000000000005A8

mem[X,0x0000000080001F08] -> 0x3403
mem[X,0x0000000080001F0A] -> 0x1F81
[2763] [M]: 0x0000000080001F08 (0x1F813403) ld x8, 0x1f8(x2)                        Mtrap_sig_sv+20
mem[R,0x00000000800051F8] -> 0x000000008000A110
x8 <- 0x000000008000A110

clint mtime 0x0000000000000566 (mip.MTI <- 0b1, mip.STI <- 0b0)
mem[X,0x0000000080001F0C] -> 0x0333
mem[X,0x0000000080001F0E] -> 0x0083
[2764] [M]: 0x0000000080001F0C (0x00830333) add x6, x6, x8                          Mtrap_sig_sv+24
x6 <- 0x000000008000A6B8

mem[X,0x0000000080001F10] -> 0x3403
mem[X,0x0000000080001F12] -> 0x2401
[2765] [M]: 0x0000000080001F10 (0x24013403) ld x8, 0x240(x2)                        Mtrap_sig_sv+28
mem[R,0x0000000080005240] -> 0x0000000080001C80
x8 <- 0x0000000080001C80

clint mtime 0x0000000000000567 (mip.MTI <- 0b1, mip.STI <- 0b0)
mem[X,0x0000000080001F14] -> 0x85B3
mem[X,0x0000000080001F16] -> 0x4085
[2766] [M]: 0x0000000080001F14 (0x408585B3) sub x11, x11, x8                        sv_Mvect+0
x11 <- 0x000000000000010C

mem[X,0x0000000080001F18] -> 0x9593
mem[X,0x0000000080001F1A] -> 0x0045
[2767] [M]: 0x0000000080001F18 (0x00459593) slli x11, x11, 0x4                      sv_Mvect+4
x11 <- 0x00000000000010C0

clint mtime 0x0000000000000568 (mip.MTI <- 0b1, mip.STI <- 0b0)
mem[X,0x0000000080001F1C] -> 0xE5B3
mem[X,0x0000000080001F1E] -> 0x0075
[2768] [M]: 0x0000000080001F1C (0x0075E5B3) or x11, x11, x7                         sv_Mvect+8
x11 <- 0x00000000000010E0

mem[X,0x0000000080001F20] -> 0x8593
mem[X,0x0000000080001F22] -> 0x0035
[2769] [M]: 0x0000000080001F20 (0x00358593) addi x11, x11, 0x3                      sv_Mvect+12
x11 <- 0x00000000000010E3

clint mtime 0x0000000000000569 (mip.MTI <- 0b1, mip.STI <- 0b0)
mem[X,0x0000000080001F24] -> 0x3023
mem[X,0x0000000080001F26] -> 0x00B3
[2770] [M]: 0x0000000080001F24 (0x00B33023) sd x11, 0x0(x6)                         sv_Mvect+16
mem[W,0x000000008000A6B8] <- 0x00000000000010E3

mem[X,0x0000000080001F28] -> 0x3423
mem[X,0x0000000080001F2A] -> 0x00A3
[2771] [M]: 0x0000000080001F28 (0x00A33423) sd x10, 0x8(x6)                         sv_Mcause+0
mem[W,0x000000008000A6C0] <- 0x0000000000000002

clint mtime 0x000000000000056A (mip.MTI <- 0b1, mip.STI <- 0b0)
mem[X,0x0000000080001F2C] -> 0x4663
mem[X,0x0000000080001F2E] -> 0x1A05
[2772] [M]: 0x0000000080001F2C (0x1A054663) blt x10, x0, 0x1ac                      sv_Mcause+4

mem[X,0x0000000080001F30] -> 0x25F3
mem[X,0x0000000080001F32] -> 0x3000
[2773] [M]: 0x0000000080001F30 (0x300025F3) csrrs x11, mstatus, x0                  common_Mexcpt_handler+0
CSR mstatus (0x300) -> 0x0000000A00080800
x11 <- 0x0000000A00080800

clint mtime 0x000000000000056B (mip.MTI <- 0b1, mip.STI <- 0b0)
mem[X,0x0000000080001F34] -> 0x9413
mem[X,0x0000000080001F36] -> 0x02E5
[2774] [M]: 0x0000000080001F34 (0x02E59413) slli x8, x11, 0x2e                      common_Mexcpt_handler+4
x8 <- 0x0200000000000000

mem[X,0x0000000080001F38] -> 0x5463
mem[X,0x0000000080001F3A] -> 0x0004
[2775] [M]: 0x0000000080001F38 (0x00045463) bge x8, x0, 0x8                         common_Mexcpt_handler+8

clint mtime 0x000000000000056C (mip.MTI <- 0b1, mip.STI <- 0b0)
mem[X,0x0000000080001F40] -> 0xD493
mem[X,0x0000000080001F42] -> 0x00B5
[2776] [M]: 0x0000000080001F40 (0x00B5D493) srli x9, x11, 0xb                       common_Mexcpt_handler+16
x9 <- 0x0000000001400101

mem[X,0x0000000080001F44] -> 0xF493
mem[X,0x0000000080001F46] -> 0x0034
[2777] [M]: 0x0000000080001F44 (0x0034F493) andi x9, x9, 0x3                        common_Mexcpt_handler+20
x9 <- 0x0000000000000001

clint mtime 0x000000000000056D (mip.MTI <- 0b1, mip.STI <- 0b0)
mem[X,0x0000000080001F48] -> 0x8493
mem[X,0x0000000080001F4A] -> 0x0014
[2778] [M]: 0x0000000080001F48 (0x00148493) addi x9, x9, 0x1                        common_Mexcpt_handler+24
x9 <- 0x0000000000000002

mem[X,0x0000000080001F4C] -> 0xF493
mem[X,0x0000000080001F4E] -> 0x0044
[2779] [M]: 0x0000000080001F4C (0x0044F493) andi x9, x9, 0x4                        common_Mexcpt_handler+28
x9 <- 0x0000000000000000

clint mtime 0x000000000000056E (mip.MTI <- 0b1, mip.STI <- 0b0)
mem[X,0x0000000080001F50] -> 0x0593
mem[X,0x0000000080001F52] -> 0x05D0
[2780] [M]: 0x0000000080001F50 (0x05D00593) addi x11, x0, 0x5d                      common_Mexcpt_handler+32
x11 <- 0x000000000000005D

mem[X,0x0000000080001F54] -> 0xD5B3
mem[X,0x0000000080001F56] -> 0x0095
[2781] [M]: 0x0000000080001F54 (0x0095D5B3) srl x11, x11, x9                        common_Mexcpt_handler+36
x11 <- 0x000000000000005D

clint mtime 0x000000000000056F (mip.MTI <- 0b1, mip.STI <- 0b0)
mem[X,0x0000000080001F58] -> 0xF593
mem[X,0x0000000080001F5A] -> 0x0015
[2782] [M]: 0x0000000080001F58 (0x0015F593) andi x11, x11, 0x1                      common_Mexcpt_handler+40
x11 <- 0x0000000000000001

mem[X,0x0000000080001F5C] -> 0x8EE3
mem[X,0x0000000080001F5E] -> 0xF405
[2783] [M]: 0x0000000080001F5C (0xF4058EE3) beq x11, x0, -0xa4                      common_Mexcpt_handler+44

clint mtime 0x0000000000000570 (mip.MTI <- 0b1, mip.STI <- 0b0)
mem[X,0x0000000080001F60] -> 0x0593
mem[X,0x0000000080001F62] -> 0x2980
[2784] [M]: 0x0000000080001F60 (0x29800593) addi x11, x0, 0x298                     common_Mexcpt_handler+48
x11 <- 0x0000000000000298

mem[X,0x0000000080001F64] -> 0xF413
mem[X,0x0000000080001F66] -> 0x0014
[2785] [M]: 0x0000000080001F64 (0x0014F413) andi x8, x9, 0x1                        common_Mexcpt_handler+52
x8 <- 0x0000000000000000

clint mtime 0x0000000000000571 (mip.MTI <- 0b1, mip.STI <- 0b0)
mem[X,0x0000000080001F68] -> 0x95B3
mem[X,0x0000000080001F6A] -> 0x0085
[2786] [M]: 0x0000000080001F68 (0x008595B3) sll x11, x11, x8                        common_Mexcpt_handler+56
x11 <- 0x0000000000000298

mem[X,0x0000000080001F6C] -> 0x9413
mem[X,0x0000000080001F6E] -> 0x03D4
[2787] [M]: 0x0000000080001F6C (0x03D49413) slli x8, x9, 0x3d                       common_Mexcpt_handler+60
x8 <- 0x0000000000000000

clint mtime 0x0000000000000572 (mip.MTI <- 0b1, mip.STI <- 0b0)
mem[X,0x0000000080001F70] -> 0x5413
mem[X,0x0000000080001F72] -> 0x43F4
[2788] [M]: 0x0000000080001F70 (0x43F45413) srai x8, x8, 0x3f                       common_Mexcpt_handler+64
x8 <- 0x0000000000000000

mem[X,0x0000000080001F74] -> 0x4413
mem[X,0x0000000080001F76] -> 0xFFF4
[2789] [M]: 0x0000000080001F74 (0xFFF44413) xori x8, x8, -0x1                       common_Mexcpt_handler+68
x8 <- 0xFFFFFFFFFFFFFFFF

clint mtime 0x0000000000000573 (mip.MTI <- 0b1, mip.STI <- 0b0)
mem[X,0x0000000080001F78] -> 0xF4B3
mem[X,0x0000000080001F7A] -> 0x0085
[2790] [M]: 0x0000000080001F78 (0x0085F4B3) and x9, x11, x8                         common_Mexcpt_handler+72
x9 <- 0x0000000000000298

mem[X,0x0000000080001F7C] -> 0x84B3
mem[X,0x0000000080001F7E] -> 0x0024
[2791] [M]: 0x0000000080001F7C (0x002484B3) add x9, x9, x2                          vmem_adj_Mepc+0
x9 <- 0x0000000080005298

clint mtime 0x0000000000000574 (mip.MTI <- 0b1, mip.STI <- 0b0)
mem[X,0x0000000080001F80] -> 0x23F3
mem[X,0x0000000080001F82] -> 0x3410
[2792] [M]: 0x0000000080001F80 (0x341023F3) csrrs x7, mepc, x0                      vmem_adj_Mepc+4
CSR mepc (0x341) -> 0x000003008000152C
x7 <- 0x000003008000152C

mem[X,0x0000000080001F84] -> 0x0413
mem[X,0x0000000080001F86] -> 0x0004
[2793] [M]: 0x0000000080001F84 (0x00040413) addi x8, x8, 0x0                        vmem_adj_Mepc+8
x8 <- 0xFFFFFFFFFFFFFFFF

clint mtime 0x0000000000000575 (mip.MTI <- 0b1, mip.STI <- 0b0)
mem[X,0x0000000080001F88] -> 0x006F
mem[X,0x0000000080001F8A] -> 0x0400
[2794] [M]: 0x0000000080001F88 (0x0400006F) jal x0, 0x40                            vmem_adj_Mepc+12

mem[X,0x0000000080001FC8] -> 0x8433
mem[X,0x0000000080001FCA] -> 0x4083
[2795] [M]: 0x0000000080001FC8 (0x40838433) sub x8, x7, x8                          adj_Mepc+0
x8 <- 0x000003008000152D

clint mtime 0x0000000000000576 (mip.MTI <- 0b1, mip.STI <- 0b0)
mem[X,0x0000000080001FCC] -> 0x3823
mem[X,0x0000000080001FCE] -> 0x0083
[2796] [M]: 0x0000000080001FCC (0x00833823) sd x8, 0x10(x6)                         sv_Mepc+0
mem[W,0x000000008000A6C8] <- 0x000003008000152D

mem[X,0x0000000080001FD0] -> 0x55B7
mem[X,0x0000000080001FD2] -> 0x0000
[2797] [M]: 0x0000000080001FD0 (0x000055B7) lui x11, 0x5                            sv_Mepc+4
x11 <- 0x0000000000005000

clint mtime 0x0000000000000577 (mip.MTI <- 0b1, mip.STI <- 0b0)
mem[X,0x0000000080001FD4] -> 0x8593
mem[X,0x0000000080001FD6] -> 0x6675
[2798] [M]: 0x0000000080001FD4 (0x66758593) addi x11, x11, 0x667                    sv_Mepc+8
x11 <- 0x0000000000005667

mem[X,0x0000000080001FD8] -> 0x9593
mem[X,0x0000000080001FDA] -> 0x0015
[2799] [M]: 0x0000000080001FD8 (0x00159593) slli x11, x11, 0x1                      sv_Mepc+12
x11 <- 0x000000000000ACCE

clint mtime 0x0000000000000578 (mip.MTI <- 0b1, mip.STI <- 0b0)
mem[X,0x0000000080001FDC] -> 0x9063
mem[X,0x0000000080001FDE] -> 0x02B1
[2800] [M]: 0x0000000080001FDC (0x02B19063) bne x3, x11, 0x20                       sv_Mepc+16

mem[X,0x0000000080001FE0] -> 0x2473
mem[X,0x0000000080001FE2] -> 0x3420
[2801] [M]: 0x0000000080001FE0 (0x34202473) csrrs x8, mcause, x0                    sv_Mepc+20
CSR mcause (0x342) -> 0x0000000000000002
x8 <- 0x0000000000000002

clint mtime 0x0000000000000579 (mip.MTI <- 0b1, mip.STI <- 0b0)
mem[X,0x0000000080001FE4] -> 0x0593
mem[X,0x0000000080001FE6] -> 0x00C0
[2802] [M]: 0x0000000080001FE4 (0x00C00593) addi x11, x0, 0xc                       sv_Mepc+24
x11 <- 0x000000000000000C

mem[X,0x0000000080001FE8] -> 0x0663
mem[X,0x0000000080001FEA] -> 0x00B4
[2803] [M]: 0x0000000080001FE8 (0x00B40663) beq x8, x11, 0xc                        sv_Mepc+28

clint mtime 0x000000000000057A (mip.MTI <- 0b1, mip.STI <- 0b0)
mem[X,0x0000000080001FEC] -> 0x0593
mem[X,0x0000000080001FEE] -> 0x0010
[2804] [M]: 0x0000000080001FEC (0x00100593) addi x11, x0, 0x1                       sv_Mepc+32
x11 <- 0x0000000000000001

mem[X,0x0000000080001FF0] -> 0x1663
mem[X,0x0000000080001FF2] -> 0x00B4
[2805] [M]: 0x0000000080001FF0 (0x00B41663) bne x8, x11, 0xc                        sv_Mepc+36

clint mtime 0x000000000000057B (mip.MTI <- 0b1, mip.STI <- 0b0)
mem[X,0x0000000080001FFC] -> 0xF593
mem[X,0x0000000080001FFE] -> 0xFFC3
[2806] [M]: 0x0000000080001FFC (0xFFC3F593) andi x11, x7, -0x4                      adj_Mepc_rtn+0
x11 <- 0x000003008000152C

mem[X,0x0000000080002000] -> 0x8593
mem[X,0x0000000080002002] -> 0x0085
[2807] [M]: 0x0000000080002000 (0x00858593) addi x11, x11, 0x8                      adj_Mepc_rtn+4
x11 <- 0x0000030080001534

clint mtime 0x000000000000057C (mip.MTI <- 0b1, mip.STI <- 0b0)
mem[X,0x0000000080002004] -> 0x9073
mem[X,0x0000000080002006] -> 0x3415
[2808] [M]: 0x0000000080002004 (0x34159073) csrrw x0, mepc, x11                     adj_Mepc_rtn+8
CSR mepc (0x341) <- 0x0000030080001534

mem[X,0x0000000080002008] -> 0x23F3
mem[X,0x000000008000200A] -> 0x3430
[2809] [M]: 0x0000000080002008 (0x343023F3) csrrs x7, mtval, x0                     skp_adj_Mepc+0
CSR mtval (0x343) -> 0x00000000341494F3
x7 <- 0x00000000341494F3

clint mtime 0x000000000000057D (mip.MTI <- 0b1, mip.STI <- 0b0)
mem[X,0x000000008000200C] -> 0x0413
mem[X,0x000000008000200E] -> 0x0004
[2810] [M]: 0x000000008000200C (0x00040413) addi x8, x8, 0x0                        skp_adj_Mepc+4
x8 <- 0x0000000000000002

mem[X,0x0000000080002010] -> 0x006F
mem[X,0x0000000080002012] -> 0x0840
[2811] [M]: 0x0000000080002010 (0x0840006F) jal x0, 0x84                            skp_adj_Mepc+8

clint mtime 0x000000000000057E (mip.MTI <- 0b1, mip.STI <- 0b0)
mem[X,0x0000000080002094] -> 0x8433
mem[X,0x0000000080002096] -> 0x4083
[2812] [M]: 0x0000000080002094 (0x40838433) sub x8, x7, x8                          adj_Mtval+0
x8 <- 0x00000000341494F1

mem[X,0x0000000080002098] -> 0x3C23
mem[X,0x000000008000209A] -> 0x0083
[2813] [M]: 0x0000000080002098 (0x00833C23) sd x8, 0x18(x6)                         sv_Mtval+0
mem[W,0x000000008000A6D0] <- 0x00000000341494F1

clint mtime 0x000000000000057F (mip.MTI <- 0b1, mip.STI <- 0b0)
mem[X,0x000000008000209C] -> 0x3483
mem[X,0x000000008000209E] -> 0x2181
[2814] [M]: 0x000000008000209C (0x21813483) ld x9, 0x218(x2)                        skp_Mtval+0
mem[R,0x0000000080005218] -> 0x000000008000A6D8
x9 <- 0x000000008000A6D8

mem[X,0x00000000800020A0] -> 0x3383
mem[X,0x00000000800020A2] -> 0x1F81
[2815] [M]: 0x00000000800020A0 (0x1F813383) ld x7, 0x1f8(x2)                        skp_Mtval+4
mem[R,0x00000000800051F8] -> 0x000000008000A110
x7 <- 0x000000008000A110

clint mtime 0x0000000000000580 (mip.MTI <- 0b1, mip.STI <- 0b0)
mem[X,0x00000000800020A4] -> 0x3303
mem[X,0x00000000800020A6] -> 0x2001
[2816] [M]: 0x00000000800020A4 (0x20013303) ld x6, 0x200(x2)                        skp_Mtval+8
mem[R,0x0000000080005200] -> 0x0000000000000610
x6 <- 0x0000000000000610

mem[X,0x00000000800020A8] -> 0x0333
mem[X,0x00000000800020AA] -> 0x0073
[2817] [M]: 0x00000000800020A8 (0x00730333) add x6, x6, x7                          skp_Mtval+12
x6 <- 0x000000008000A720

clint mtime 0x0000000000000581 (mip.MTI <- 0b1, mip.STI <- 0b0)
mem[X,0x00000000800020AC] -> 0x6AE3
mem[X,0x00000000800020AE] -> 0xAE93
[2818] [M]: 0x00000000800020AC (0xAE936AE3) bltu x6, x9, -0x50c                     skp_Mtval+16

mem[X,0x00000000800020B0] -> 0x0393
mem[X,0x00000000800020B2] -> 0x2000
[2819] [M]: 0x00000000800020B0 (0x20000393) addi x7, x0, 0x200                      skp_Mtval+20
x7 <- 0x0000000000000200

clint mtime 0x0000000000000582 (mip.MTI <- 0b1, mip.STI <- 0b0)
mem[X,0x00000000800020B4] -> 0x006F
mem[X,0x00000000800020B6] -> 0x0400
[2820] [M]: 0x00000000800020B4 (0x0400006F) jal x0, 0x40                            skp_Mtval+24

mem[X,0x00000000800020F4] -> 0x0417
mem[X,0x00000000800020F6] -> 0x0000
[2821] [M]: 0x00000000800020F4 (0x00000417) auipc x8, 0x0                           spcl_Mhandler+0
x8 <- 0x00000000800020F4

clint mtime 0x0000000000000583 (mip.MTI <- 0b1, mip.STI <- 0b0)
mem[X,0x00000000800020F8] -> 0x0413
mem[X,0x00000000800020FA] -> 0x03C4
[2822] [M]: 0x00000000800020F8 (0x03C40413) addi x8, x8, 0x3c                       spcl_Mhandler+4
x8 <- 0x0000000080002130

mem[X,0x00000000800020FC] -> 0x0433
mem[X,0x00000000800020FE] -> 0x0074
[2823] [M]: 0x00000000800020FC (0x00740433) add x8, x8, x7                          spcl_Mhandler+8
x8 <- 0x0000000080002330

clint mtime 0x0000000000000584 (mip.MTI <- 0b1, mip.STI <- 0b0)
mem[X,0x0000000080002100] -> 0x1393
mem[X,0x0000000080002102] -> 0x0035
[2824] [M]: 0x0000000080002100 (0x00351393) slli x7, x10, 0x3                       spcl_Mhandler+12
x7 <- 0x0000000000000010

mem[X,0x0000000080002104] -> 0x0433
mem[X,0x0000000080002106] -> 0x0074
[2825] [M]: 0x0000000080002104 (0x00740433) add x8, x8, x7                          spcl_Mhandler+16
x8 <- 0x0000000080002340

clint mtime 0x0000000000000585 (mip.MTI <- 0b1, mip.STI <- 0b0)
mem[X,0x0000000080002108] -> 0x7413
mem[X,0x000000008000210A] -> 0xFF84
[2826] [M]: 0x0000000080002108 (0xFF847413) andi x8, x8, -0x8                       spcl_Mhandler+20
x8 <- 0x0000000080002340

mem[X,0x000000008000210C] -> 0x3403
mem[X,0x000000008000210E] -> 0x0004
[2827] [M]: 0x000000008000210C (0x00043403) ld x8, 0x0(x8)                          spcl_Mhandler+24
mem[R,0x0000000080002340] -> 0x0000000000000005
x8 <- 0x0000000000000005

clint mtime 0x0000000000000586 (mip.MTI <- 0b1, mip.STI <- 0b0)
mem[X,0x0000000080002110] -> 0x02E3
mem[X,0x0000000080002112] -> 0xB204
[2828] [M]: 0x0000000080002110 (0xB20402E3) beq x8, x0, -0x4dc                      spcl_Mdispatch_hndling+0

mem[X,0x0000000080002114] -> 0x1393
mem[X,0x0000000080002116] -> 0x03F4
[2829] [M]: 0x0000000080002114 (0x03F41393) slli x7, x8, 0x3f                       spcl_Mdispatch_hndling+4
x7 <- 0x8000000000000000

clint mtime 0x0000000000000587 (mip.MTI <- 0b1, mip.STI <- 0b0)
mem[X,0x0000000080002118] -> 0xD863
mem[X,0x000000008000211A] -> 0x0003
[2830] [M]: 0x0000000080002118 (0x0003D863) bge x7, x0, 0x10                        spcl_Mdispatch_hndling+8

mem[X,0x000000008000211C] -> 0x5413
mem[X,0x000000008000211E] -> 0x0014
[2831] [M]: 0x000000008000211C (0x00145413) srli x8, x8, 0x1                        spcl_Mdispatch_hndling+12
x8 <- 0x0000000000000002

clint mtime 0x0000000000000588 (mip.MTI <- 0b1, mip.STI <- 0b0)
mem[X,0x0000000080002120] -> 0x0CE3
mem[X,0x0000000080002122] -> 0xF885
[2832] [M]: 0x0000000080002120 (0xF8850CE3) beq x10, x8, -0x68                      spcl_Mdispatch_hndling+16

mem[X,0x00000000800020B8] -> 0x3303
mem[X,0x00000000800020BA] -> 0x2601
[2833] [M]: 0x00000000800020B8 (0x26013303) ld x6, 0x260(x2)                        resto_Mrtn+0
mem[R,0x0000000080005260] -> 0xFFFFFFFF7FFFECAC
x6 <- 0xFFFFFFFF7FFFECAC

clint mtime 0x0000000000000589 (mip.MTI <- 0b1, mip.STI <- 0b0)
mem[X,0x00000000800020BC] -> 0x3383
mem[X,0x00000000800020BE] -> 0x2681
[2834] [M]: 0x00000000800020BC (0x26813383) ld x7, 0x268(x2)                        resto_Mrtn+4
mem[R,0x0000000080005268] -> 0x0000000080005000
x7 <- 0x0000000080005000

mem[X,0x00000000800020C0] -> 0x3403
mem[X,0x00000000800020C2] -> 0x2701
[2835] [M]: 0x00000000800020C0 (0x27013403) ld x8, 0x270(x2)                        resto_Mrtn+8
mem[R,0x0000000080005270] -> 0x0000000000007F76
x8 <- 0x0000000000007F76

clint mtime 0x000000000000058A (mip.MTI <- 0b1, mip.STI <- 0b0)
mem[X,0x00000000800020C4] -> 0x3483
mem[X,0x00000000800020C6] -> 0x2781
[2836] [M]: 0x00000000800020C4 (0x27813483) ld x9, 0x278(x2)                        resto_Mrtn+12
mem[R,0x0000000080005278] -> 0x00000300000001D0
x9 <- 0x00000300000001D0

mem[X,0x00000000800020C8] -> 0x3503
mem[X,0x00000000800020CA] -> 0x2801
[2837] [M]: 0x00000000800020C8 (0x28013503) ld x10, 0x280(x2)                       resto_Mrtn+16
mem[R,0x0000000080005280] -> 0x00000000200000C9
x10 <- 0x00000000200000C9

clint mtime 0x000000000000058B (mip.MTI <- 0b1, mip.STI <- 0b0)
mem[X,0x00000000800020CC] -> 0x3583
mem[X,0x00000000800020CE] -> 0x2881
[2838] [M]: 0x00000000800020CC (0x28813583) ld x11, 0x288(x2)                       resto_Mrtn+20
mem[R,0x0000000080005288] -> 0x00000000000000C9
x11 <- 0x00000000000000C9

mem[X,0x00000000800020D0] -> 0x3103
mem[X,0x00000000800020D2] -> 0x2901
[2839] [M]: 0x00000000800020D0 (0x29013103) ld x2, 0x290(x2)                        resto_Mrtn+24
mem[R,0x0000000080005290] -> 0x0000000000000000
x2 <- 0x0000000000000000

clint mtime 0x000000000000058C (mip.MTI <- 0b1, mip.STI <- 0b0)
mem[X,0x00000000800020D4] -> 0x0073
mem[X,0x00000000800020D6] -> 0x3020
[2840] [M]: 0x00000000800020D4 (0x30200073) mret                                    resto_Mrtn+28
CSR mstatus (0x300) <- 0x0000000A00080080
ret-ing from M to S

PTW: Start, vpn=0x30080001, access_type=X, privilege=Smem[R,0x0000000080009030] -> 0x00000000000000CB
PTW: Step, level=3, pte=0xCB, pte_addr=0x80009030
PTW: Success, final_ppn=0x80001, level=3mem[X,0x0000000080001534] -> 0x07B7
PTW: Start, vpn=0x30080001, access_type=X, privilege=Smem[R,0x0000000080009030] -> 0x00000000000000CB
PTW: Step, level=3, pte=0xCB, pte_addr=0x80009030
PTW: Success, final_ppn=0x80001, level=3mem[X,0x0000000080001536] -> 0x0000
[2841] [S]: 0x0000030080001534 (0x000007B7) lui x15, 0x0                            va_rvtest_code_begin+3448
x15 <- 0x0000000000000000

clint mtime 0x000000000000058D (mip.MTI <- 0b1, mip.STI <- 0b0)
PTW: Start, vpn=0x30080001, access_type=X, privilege=Smem[R,0x0000000080009030] -> 0x00000000000000CB
PTW: Step, level=3, pte=0xCB, pte_addr=0x80009030
PTW: Success, final_ppn=0x80001, level=3mem[X,0x0000000080001538] -> 0x8793
PTW: Start, vpn=0x30080001, access_type=X, privilege=Smem[R,0x0000000080009030] -> 0x00000000000000CB
PTW: Step, level=3, pte=0xCB, pte_addr=0x80009030
PTW: Success, final_ppn=0x80001, level=3mem[X,0x000000008000153A] -> 0x2807
[2842] [S]: 0x0000030080001538 (0x28078793) addi x15, x15, 0x280                    va_rvtest_code_begin+3452
x15 <- 0x0000000000000280

PTW: Start, vpn=0x30080001, access_type=X, privilege=Smem[R,0x0000000080009030] -> 0x00000000000000CB
PTW: Step, level=3, pte=0xCB, pte_addr=0x80009030
PTW: Success, final_ppn=0x80001, level=3mem[X,0x000000008000153C] -> 0x9793
PTW: Start, vpn=0x30080001, access_type=X, privilege=Smem[R,0x0000000080009030] -> 0x00000000000000CB
PTW: Step, level=3, pte=0xCB, pte_addr=0x80009030
PTW: Success, final_ppn=0x80001, level=3mem[X,0x000000008000153E] -> 0x00B7
[2843] [S]: 0x000003008000153C (0x00B79793) slli x15, x15, 0xb                      va_rvtest_code_begin+3456
x15 <- 0x0000000000140000

clint mtime 0x000000000000058E (mip.MTI <- 0b1, mip.STI <- 0b0)
PTW: Start, vpn=0x30080001, access_type=X, privilege=Smem[R,0x0000000080009030] -> 0x00000000000000CB
PTW: Step, level=3, pte=0xCB, pte_addr=0x80009030
PTW: Success, final_ppn=0x80001, level=3mem[X,0x0000000080001540] -> 0x8793
PTW: Start, vpn=0x30080001, access_type=X, privilege=Smem[R,0x0000000080009030] -> 0x00000000000000CB
PTW: Step, level=3, pte=0xCB, pte_addr=0x80009030
PTW: Success, final_ppn=0x80001, level=3mem[X,0x0000000080001542] -> 0x0007
[2844] [S]: 0x0000030080001540 (0x00078793) addi x15, x15, 0x0                      va_rvtest_code_begin+3460
x15 <- 0x0000000000140000

PTW: Start, vpn=0x30080001, access_type=X, privilege=Smem[R,0x0000000080009030] -> 0x00000000000000CB
PTW: Step, level=3, pte=0xCB, pte_addr=0x80009030
PTW: Success, final_ppn=0x80001, level=3mem[X,0x0000000080001544] -> 0x9793
PTW: Start, vpn=0x30080001, access_type=X, privilege=Smem[R,0x0000000080009030] -> 0x00000000000000CB
PTW: Step, level=3, pte=0xCB, pte_addr=0x80009030
PTW: Success, final_ppn=0x80001, level=3mem[X,0x0000000080001546] -> 0x00B7
[2845] [S]: 0x0000030080001544 (0x00B79793) slli x15, x15, 0xb                      va_rvtest_code_begin+3464
x15 <- 0x00000000A0000000

clint mtime 0x000000000000058F (mip.MTI <- 0b1, mip.STI <- 0b0)
PTW: Start, vpn=0x30080001, access_type=X, privilege=Smem[R,0x0000000080009030] -> 0x00000000000000CB
PTW: Step, level=3, pte=0xCB, pte_addr=0x80009030
PTW: Success, final_ppn=0x80001, level=3mem[X,0x0000000080001548] -> 0x8793
PTW: Start, vpn=0x30080001, access_type=X, privilege=Smem[R,0x0000000080009030] -> 0x00000000000000CB
PTW: Step, level=3, pte=0xCB, pte_addr=0x80009030
PTW: Success, final_ppn=0x80001, level=3mem[X,0x000000008000154A] -> 0x0017
[2846] [S]: 0x0000030080001548 (0x00178793) addi x15, x15, 0x1                      va_rvtest_code_begin+3468
x15 <- 0x00000000A0000001

PTW: Start, vpn=0x30080001, access_type=X, privilege=Smem[R,0x0000000080009030] -> 0x00000000000000CB
PTW: Step, level=3, pte=0xCB, pte_addr=0x80009030
PTW: Success, final_ppn=0x80001, level=3mem[X,0x000000008000154C] -> 0x9793
PTW: Start, vpn=0x30080001, access_type=X, privilege=Smem[R,0x0000000080009030] -> 0x00000000000000CB
PTW: Step, level=3, pte=0xCB, pte_addr=0x80009030
PTW: Success, final_ppn=0x80001, level=3mem[X,0x000000008000154E] -> 0x00A7
[2847] [S]: 0x000003008000154C (0x00A79793) slli x15, x15, 0xa                      va_rvtest_code_begin+3472
x15 <- 0x0000028000000400

clint mtime 0x0000000000000590 (mip.MTI <- 0b1, mip.STI <- 0b0)
PTW: Start, vpn=0x30080001, access_type=X, privilege=Smem[R,0x0000000080009030] -> 0x00000000000000CB
PTW: Step, level=3, pte=0xCB, pte_addr=0x80009030
PTW: Success, final_ppn=0x80001, level=3mem[X,0x0000000080001550] -> 0x0613
PTW: Start, vpn=0x30080001, access_type=X, privilege=Smem[R,0x0000000080009030] -> 0x00000000000000CB
PTW: Step, level=3, pte=0xCB, pte_addr=0x80009030
PTW: Success, final_ppn=0x80001, level=3mem[X,0x0000000080001552] -> 0x0106
[2848] [S]: 0x0000030080001550 (0x01060613) addi x12, x12, 0x10                     va_rvtest_code_begin+3476
x12 <- 0x0000000000000060

PTW: Start, vpn=0x30080001, access_type=X, privilege=Smem[R,0x0000000080009030] -> 0x00000000000000CB
PTW: Step, level=3, pte=0xCB, pte_addr=0x80009030
PTW: Success, final_ppn=0x80001, level=3mem[X,0x0000000080001554] -> 0xAA23
PTW: Start, vpn=0x30080001, access_type=X, privilege=Smem[R,0x0000000080009030] -> 0x00000000000000CB
PTW: Step, level=3, pte=0xCB, pte_addr=0x80009030
PTW: Success, final_ppn=0x80001, level=3mem[X,0x0000000080001556] -> 0x00C7
[2849] [S]: 0x0000030080001554 (0x00C7AA23) sw x12, 0x14(x15)                       va_rvtest_code_begin+3480
PTW: Start, vpn=0x28000000, access_type=W, privilege=Smem[R,0x0000000080009028] -> 0x0000000020002001
PTW: Step, level=3, pte=0x20002001, pte_addr=0x80009028
PTW: Start, vpn=0x28000000, access_type=W, privilege=Smem[R,0x0000000080008000] -> 0x0000000020001C01
PTW: Step, level=2, pte=0x20001C01, pte_addr=0x80008000
PTW: Start, vpn=0x28000000, access_type=W, privilege=Smem[R,0x0000000080007000] -> 0x00000000200000C9
PTW: Step, level=1, pte=0x200000C9, pte_addr=0x80007000
PTW: failed, error=no-permission, level=1, pte_addr=0x80007000
trapping from S to M to handle store/amo-page-fault
handling exc#store/amo-page-fault at priv M with tval 0x0000028000000414
CSR mstatus (0x300) <- 0x0000000A00080800
CSR mcause (0x342) <- 0x000000000000000F
CSR mtval (0x343) <- 0x0000028000000414
CSR mepc (0x341) <- 0x0000030080001554

clint mtime 0x0000000000000591 (mip.MTI <- 0b1, mip.STI <- 0b0)
mem[X,0x0000000080001C80] -> 0x006F
mem[X,0x0000000080001C82] -> 0x1000
[2850] [M]: 0x0000000080001C80 (0x1000006F) jal x0, 0x100                           Mtrampoline+0

mem[X,0x0000000080001D80] -> 0x1173
mem[X,0x0000000080001D82] -> 0x3401
[2851] [M]: 0x0000000080001D80 (0x34011173) csrrw x2, mscratch, x2                  trap_Mhandler+0
CSR mscratch (0x340) <- 0x0000000000000000
x2 <- 0x0000000080005000

clint mtime 0x0000000000000592 (mip.MTI <- 0b1, mip.STI <- 0b0)
mem[X,0x0000000080001D84] -> 0x3423
mem[X,0x0000000080001D86] -> 0x28B1
[2852] [M]: 0x0000000080001D84 (0x28B13423) sd x11, 0x288(x2)                       trap_Mhandler+4
mem[W,0x0000000080005288] <- 0x00000000000000C9

mem[X,0x0000000080001D88] -> 0x05EF
mem[X,0x0000000080001D8A] -> 0x0B80
[2853] [M]: 0x0000000080001D88 (0x0B8005EF) jal x11, 0xb8                           trap_Mhandler+8
x11 <- 0x0000000080001D8C

clint mtime 0x0000000000000593 (mip.MTI <- 0b1, mip.STI <- 0b0)
mem[X,0x0000000080001E40] -> 0x3023
mem[X,0x0000000080001E42] -> 0x28A1
[2854] [M]: 0x0000000080001E40 (0x28A13023) sd x10, 0x280(x2)                       common_Mhandler+0
mem[W,0x0000000080005280] <- 0x00000000200000C9

mem[X,0x0000000080001E44] -> 0x1573
mem[X,0x0000000080001E46] -> 0x3401
[2855] [M]: 0x0000000080001E44 (0x34011573) csrrw x10, mscratch, x2                 common_Mhandler+4
CSR mscratch (0x340) <- 0x0000000080005000
x10 <- 0x0000000000000000

clint mtime 0x0000000000000594 (mip.MTI <- 0b1, mip.STI <- 0b0)
mem[X,0x0000000080001E48] -> 0x3823
mem[X,0x0000000080001E4A] -> 0x28A1
[2856] [M]: 0x0000000080001E48 (0x28A13823) sd x10, 0x290(x2)                       common_Mhandler+8
mem[W,0x0000000080005290] <- 0x0000000000000000

mem[X,0x0000000080001E4C] -> 0x3503
mem[X,0x0000000080001E4E] -> 0x2301
[2857] [M]: 0x0000000080001E4C (0x23013503) ld x10, 0x230(x2)                       common_Mhandler+12
mem[R,0x0000000080005230] -> 0x0000000080001E54
x10 <- 0x0000000080001E54

clint mtime 0x0000000000000595 (mip.MTI <- 0b1, mip.STI <- 0b0)
mem[X,0x0000000080001E50] -> 0x0067
mem[X,0x0000000080001E52] -> 0x0005
[2858] [M]: 0x0000000080001E50 (0x00050067) jalr x0, 0x0(x10)                       common_Mhandler+16

mem[X,0x0000000080001E54] -> 0x3C23
mem[X,0x0000000080001E56] -> 0x2691
[2859] [M]: 0x0000000080001E54 (0x26913C23) sd x9, 0x278(x2)                        common_Mentry+0
mem[W,0x0000000080005278] <- 0x00000300000001D0

clint mtime 0x0000000000000596 (mip.MTI <- 0b1, mip.STI <- 0b0)
mem[X,0x0000000080001E58] -> 0x3823
mem[X,0x0000000080001E5A] -> 0x2681
[2860] [M]: 0x0000000080001E58 (0x26813823) sd x8, 0x270(x2)                        common_Mentry+4
mem[W,0x0000000080005270] <- 0x0000000000007F76

mem[X,0x0000000080001E5C] -> 0x3423
mem[X,0x0000000080001E5E] -> 0x2671
[2861] [M]: 0x0000000080001E5C (0x26713423) sd x7, 0x268(x2)                        common_Mentry+8
mem[W,0x0000000080005268] <- 0x0000000080005000

clint mtime 0x0000000000000597 (mip.MTI <- 0b1, mip.STI <- 0b0)
mem[X,0x0000000080001E60] -> 0x3023
mem[X,0x0000000080001E62] -> 0x2661
[2862] [M]: 0x0000000080001E60 (0x26613023) sd x6, 0x260(x2)                        common_Mentry+12
mem[W,0x0000000080005260] <- 0xFFFFFFFF7FFFECAC

mem[X,0x0000000080001E64] -> 0x2573
mem[X,0x0000000080001E66] -> 0x3420
[2863] [M]: 0x0000000080001E64 (0x34202573) csrrs x10, mcause, x0                   spcl_M2mmode_test+0
CSR mcause (0x342) -> 0x000000000000000F
x10 <- 0x000000000000000F

clint mtime 0x0000000000000598 (mip.MTI <- 0b1, mip.STI <- 0b0)
mem[X,0x0000000080001E68] -> 0x04B7
mem[X,0x0000000080001E6A] -> 0x8000
[2864] [M]: 0x0000000080001E68 (0x800004B7) lui x9, -0x80000                        spcl_M2mmode_test+4
x9 <- 0xFFFFFFFF80000000

mem[X,0x0000000080001E6C] -> 0x8493
mem[X,0x0000000080001E6E] -> 0x0004
[2865] [M]: 0x0000000080001E6C (0x00048493) addi x9, x9, 0x0                        spcl_M2mmode_test+8
x9 <- 0xFFFFFFFF80000000

clint mtime 0x0000000000000599 (mip.MTI <- 0b1, mip.STI <- 0b0)
mem[X,0x0000000080001E70] -> 0x9493
mem[X,0x0000000080001E72] -> 0x00B4
[2866] [M]: 0x0000000080001E70 (0x00B49493) slli x9, x9, 0xb                        spcl_M2mmode_test+12
x9 <- 0xFFFFFC0000000000

mem[X,0x0000000080001E74] -> 0x8493
mem[X,0x0000000080001E76] -> 0x0004
[2867] [M]: 0x0000000080001E74 (0x00048493) addi x9, x9, 0x0                        spcl_M2mmode_test+16
x9 <- 0xFFFFFC0000000000

clint mtime 0x000000000000059A (mip.MTI <- 0b1, mip.STI <- 0b0)
mem[X,0x0000000080001E78] -> 0x9493
mem[X,0x0000000080001E7A] -> 0x00B4
[2868] [M]: 0x0000000080001E78 (0x00B49493) slli x9, x9, 0xb                        spcl_M2mmode_test+20
x9 <- 0xFFE0000000000000

mem[X,0x0000000080001E7C] -> 0x8493
mem[X,0x0000000080001E7E] -> 0x0034
[2869] [M]: 0x0000000080001E7C (0x00348493) addi x9, x9, 0x3                        spcl_M2mmode_test+24
x9 <- 0xFFE0000000000003

clint mtime 0x000000000000059B (mip.MTI <- 0b1, mip.STI <- 0b0)
mem[X,0x0000000080001E80] -> 0x9493
mem[X,0x0000000080001E82] -> 0x00A4
[2870] [M]: 0x0000000080001E80 (0x00A49493) slli x9, x9, 0xa                        spcl_M2mmode_test+28
x9 <- 0x8000000000000C00

mem[X,0x0000000080001E84] -> 0x8493
mem[X,0x0000000080001E86] -> 0x3FC4
[2871] [M]: 0x0000000080001E84 (0x3FC48493) addi x9, x9, 0x3fc                      spcl_M2mmode_test+32
x9 <- 0x8000000000000FFC

clint mtime 0x000000000000059C (mip.MTI <- 0b1, mip.STI <- 0b0)
mem[X,0x0000000080001E88] -> 0xF4B3
mem[X,0x0000000080001E8A] -> 0x00A4
[2872] [M]: 0x0000000080001E88 (0x00A4F4B3) and x9, x9, x10                         spcl_M2mmode_test+36
x9 <- 0x000000000000000C

mem[X,0x0000000080001E8C] -> 0x8493
mem[X,0x0000000080001E8E] -> 0xFF84
[2873] [M]: 0x0000000080001E8C (0xFF848493) addi x9, x9, -0x8                       spcl_M2mmode_test+40
x9 <- 0x0000000000000004

clint mtime 0x000000000000059D (mip.MTI <- 0b1, mip.STI <- 0b0)
mem[X,0x0000000080001E90] -> 0x9663
mem[X,0x0000000080001E92] -> 0x0004
[2874] [M]: 0x0000000080001E90 (0x00049663) bne x9, x0, 0xc                         spcl_M2mmode_test+44

mem[X,0x0000000080001E9C] -> 0x0393
mem[X,0x0000000080001E9E] -> 0x0200
[2875] [M]: 0x0000000080001E9C (0x02000393) addi x7, x0, 0x20                       Mtrapsig_ptr_upd+0
x7 <- 0x0000000000000020

clint mtime 0x000000000000059E (mip.MTI <- 0b1, mip.STI <- 0b0)
mem[X,0x0000000080001EA0] -> 0x5263
mem[X,0x0000000080001EA2] -> 0x0405
[2876] [M]: 0x0000000080001EA0 (0x04055263) bge x10, x0, 0x44                       Mtrapsig_ptr_upd+4

mem[X,0x0000000080001EE4] -> 0x2373
mem[X,0x0000000080001EE6] -> 0x3010
[2877] [M]: 0x0000000080001EE4 (0x30102373) csrrs x6, misa, x0                      Mxcpt_sig_sv+0
CSR misa (0x301) -> 0x800000000034112F
x6 <- 0x800000000034112F

clint mtime 0x000000000000059F (mip.MTI <- 0b1, mip.STI <- 0b0)
mem[X,0x0000000080001EE8] -> 0x1313
mem[X,0x0000000080001EEA] -> 0x0383
[2878] [M]: 0x0000000080001EE8 (0x03831313) slli x6, x6, 0x38                       Mxcpt_sig_sv+4
x6 <- 0x2F00000000000000

mem[X,0x0000000080001EEC] -> 0x5463
mem[X,0x0000000080001EEE] -> 0x0003
[2879] [M]: 0x0000000080001EEC (0x00035463) bge x6, x0, 0x8                         Mxcpt_sig_sv+8

clint mtime 0x00000000000005A0 (mip.MTI <- 0b1, mip.STI <- 0b0)
mem[X,0x0000000080001EF4] -> 0x3303
mem[X,0x0000000080001EF6] -> 0x2181
[2880] [M]: 0x0000000080001EF4 (0x21813303) ld x6, 0x218(x2)                        Mtrap_sig_sv+0
mem[R,0x0000000080005218] -> 0x000000008000A6D8
x6 <- 0x000000008000A6D8

mem[X,0x0000000080001EF8] -> 0x04B3
mem[X,0x0000000080001EFA] -> 0x0073
[2881] [M]: 0x0000000080001EF8 (0x007304B3) add x9, x6, x7                          Mtrap_sig_sv+4
x9 <- 0x000000008000A6F8

clint mtime 0x00000000000005A1 (mip.MTI <- 0b1, mip.STI <- 0b0)
mem[X,0x0000000080001EFC] -> 0x3C23
mem[X,0x0000000080001EFE] -> 0x2091
[2882] [M]: 0x0000000080001EFC (0x20913C23) sd x9, 0x218(x2)                        Mtrap_sig_sv+8
mem[W,0x0000000080005218] <- 0x000000008000A6F8

mem[X,0x0000000080001F00] -> 0x3403
mem[X,0x0000000080001F02] -> 0x1F81
[2883] [M]: 0x0000000080001F00 (0x1F813403) ld x8, 0x1f8(x2)                        Mtrap_sig_sv+12
mem[R,0x00000000800051F8] -> 0x000000008000A110
x8 <- 0x000000008000A110

clint mtime 0x00000000000005A2 (mip.MTI <- 0b1, mip.STI <- 0b0)
mem[X,0x0000000080001F04] -> 0x0333
mem[X,0x0000000080001F06] -> 0x4083
[2884] [M]: 0x0000000080001F04 (0x40830333) sub x6, x6, x8                          Mtrap_sig_sv+16
x6 <- 0x00000000000005C8

mem[X,0x0000000080001F08] -> 0x3403
mem[X,0x0000000080001F0A] -> 0x1F81
[2885] [M]: 0x0000000080001F08 (0x1F813403) ld x8, 0x1f8(x2)                        Mtrap_sig_sv+20
mem[R,0x00000000800051F8] -> 0x000000008000A110
x8 <- 0x000000008000A110

clint mtime 0x00000000000005A3 (mip.MTI <- 0b1, mip.STI <- 0b0)
mem[X,0x0000000080001F0C] -> 0x0333
mem[X,0x0000000080001F0E] -> 0x0083
[2886] [M]: 0x0000000080001F0C (0x00830333) add x6, x6, x8                          Mtrap_sig_sv+24
x6 <- 0x000000008000A6D8

mem[X,0x0000000080001F10] -> 0x3403
mem[X,0x0000000080001F12] -> 0x2401
[2887] [M]: 0x0000000080001F10 (0x24013403) ld x8, 0x240(x2)                        Mtrap_sig_sv+28
mem[R,0x0000000080005240] -> 0x0000000080001C80
x8 <- 0x0000000080001C80

clint mtime 0x00000000000005A4 (mip.MTI <- 0b1, mip.STI <- 0b0)
mem[X,0x0000000080001F14] -> 0x85B3
mem[X,0x0000000080001F16] -> 0x4085
[2888] [M]: 0x0000000080001F14 (0x408585B3) sub x11, x11, x8                        sv_Mvect+0
x11 <- 0x000000000000010C

mem[X,0x0000000080001F18] -> 0x9593
mem[X,0x0000000080001F1A] -> 0x0045
[2889] [M]: 0x0000000080001F18 (0x00459593) slli x11, x11, 0x4                      sv_Mvect+4
x11 <- 0x00000000000010C0

clint mtime 0x00000000000005A5 (mip.MTI <- 0b1, mip.STI <- 0b0)
mem[X,0x0000000080001F1C] -> 0xE5B3
mem[X,0x0000000080001F1E] -> 0x0075
[2890] [M]: 0x0000000080001F1C (0x0075E5B3) or x11, x11, x7                         sv_Mvect+8
x11 <- 0x00000000000010E0

mem[X,0x0000000080001F20] -> 0x8593
mem[X,0x0000000080001F22] -> 0x0035
[2891] [M]: 0x0000000080001F20 (0x00358593) addi x11, x11, 0x3                      sv_Mvect+12
x11 <- 0x00000000000010E3

clint mtime 0x00000000000005A6 (mip.MTI <- 0b1, mip.STI <- 0b0)
mem[X,0x0000000080001F24] -> 0x3023
mem[X,0x0000000080001F26] -> 0x00B3
[2892] [M]: 0x0000000080001F24 (0x00B33023) sd x11, 0x0(x6)                         sv_Mvect+16
mem[W,0x000000008000A6D8] <- 0x00000000000010E3

mem[X,0x0000000080001F28] -> 0x3423
mem[X,0x0000000080001F2A] -> 0x00A3
[2893] [M]: 0x0000000080001F28 (0x00A33423) sd x10, 0x8(x6)                         sv_Mcause+0
mem[W,0x000000008000A6E0] <- 0x000000000000000F

clint mtime 0x00000000000005A7 (mip.MTI <- 0b1, mip.STI <- 0b0)
mem[X,0x0000000080001F2C] -> 0x4663
mem[X,0x0000000080001F2E] -> 0x1A05
[2894] [M]: 0x0000000080001F2C (0x1A054663) blt x10, x0, 0x1ac                      sv_Mcause+4

mem[X,0x0000000080001F30] -> 0x25F3
mem[X,0x0000000080001F32] -> 0x3000
[2895] [M]: 0x0000000080001F30 (0x300025F3) csrrs x11, mstatus, x0                  common_Mexcpt_handler+0
CSR mstatus (0x300) -> 0x0000000A00080800
x11 <- 0x0000000A00080800

clint mtime 0x00000000000005A8 (mip.MTI <- 0b1, mip.STI <- 0b0)
mem[X,0x0000000080001F34] -> 0x9413
mem[X,0x0000000080001F36] -> 0x02E5
[2896] [M]: 0x0000000080001F34 (0x02E59413) slli x8, x11, 0x2e                      common_Mexcpt_handler+4
x8 <- 0x0200000000000000

mem[X,0x0000000080001F38] -> 0x5463
mem[X,0x0000000080001F3A] -> 0x0004
[2897] [M]: 0x0000000080001F38 (0x00045463) bge x8, x0, 0x8                         common_Mexcpt_handler+8

clint mtime 0x00000000000005A9 (mip.MTI <- 0b1, mip.STI <- 0b0)
mem[X,0x0000000080001F40] -> 0xD493
mem[X,0x0000000080001F42] -> 0x00B5
[2898] [M]: 0x0000000080001F40 (0x00B5D493) srli x9, x11, 0xb                       common_Mexcpt_handler+16
x9 <- 0x0000000001400101

mem[X,0x0000000080001F44] -> 0xF493
mem[X,0x0000000080001F46] -> 0x0034
[2899] [M]: 0x0000000080001F44 (0x0034F493) andi x9, x9, 0x3                        common_Mexcpt_handler+20
x9 <- 0x0000000000000001

clint mtime 0x00000000000005AA (mip.MTI <- 0b1, mip.STI <- 0b0)
mem[X,0x0000000080001F48] -> 0x8493
mem[X,0x0000000080001F4A] -> 0x0014
[2900] [M]: 0x0000000080001F48 (0x00148493) addi x9, x9, 0x1                        common_Mexcpt_handler+24
x9 <- 0x0000000000000002

mem[X,0x0000000080001F4C] -> 0xF493
mem[X,0x0000000080001F4E] -> 0x0044
[2901] [M]: 0x0000000080001F4C (0x0044F493) andi x9, x9, 0x4                        common_Mexcpt_handler+28
x9 <- 0x0000000000000000

clint mtime 0x00000000000005AB (mip.MTI <- 0b1, mip.STI <- 0b0)
mem[X,0x0000000080001F50] -> 0x0593
mem[X,0x0000000080001F52] -> 0x05D0
[2902] [M]: 0x0000000080001F50 (0x05D00593) addi x11, x0, 0x5d                      common_Mexcpt_handler+32
x11 <- 0x000000000000005D

mem[X,0x0000000080001F54] -> 0xD5B3
mem[X,0x0000000080001F56] -> 0x0095
[2903] [M]: 0x0000000080001F54 (0x0095D5B3) srl x11, x11, x9                        common_Mexcpt_handler+36
x11 <- 0x000000000000005D

clint mtime 0x00000000000005AC (mip.MTI <- 0b1, mip.STI <- 0b0)
mem[X,0x0000000080001F58] -> 0xF593
mem[X,0x0000000080001F5A] -> 0x0015
[2904] [M]: 0x0000000080001F58 (0x0015F593) andi x11, x11, 0x1                      common_Mexcpt_handler+40
x11 <- 0x0000000000000001

mem[X,0x0000000080001F5C] -> 0x8EE3
mem[X,0x0000000080001F5E] -> 0xF405
[2905] [M]: 0x0000000080001F5C (0xF4058EE3) beq x11, x0, -0xa4                      common_Mexcpt_handler+44

clint mtime 0x00000000000005AD (mip.MTI <- 0b1, mip.STI <- 0b0)
mem[X,0x0000000080001F60] -> 0x0593
mem[X,0x0000000080001F62] -> 0x2980
[2906] [M]: 0x0000000080001F60 (0x29800593) addi x11, x0, 0x298                     common_Mexcpt_handler+48
x11 <- 0x0000000000000298

mem[X,0x0000000080001F64] -> 0xF413
mem[X,0x0000000080001F66] -> 0x0014
[2907] [M]: 0x0000000080001F64 (0x0014F413) andi x8, x9, 0x1                        common_Mexcpt_handler+52
x8 <- 0x0000000000000000

clint mtime 0x00000000000005AE (mip.MTI <- 0b1, mip.STI <- 0b0)
mem[X,0x0000000080001F68] -> 0x95B3
mem[X,0x0000000080001F6A] -> 0x0085
[2908] [M]: 0x0000000080001F68 (0x008595B3) sll x11, x11, x8                        common_Mexcpt_handler+56
x11 <- 0x0000000000000298

mem[X,0x0000000080001F6C] -> 0x9413
mem[X,0x0000000080001F6E] -> 0x03D4
[2909] [M]: 0x0000000080001F6C (0x03D49413) slli x8, x9, 0x3d                       common_Mexcpt_handler+60
x8 <- 0x0000000000000000

clint mtime 0x00000000000005AF (mip.MTI <- 0b1, mip.STI <- 0b0)
mem[X,0x0000000080001F70] -> 0x5413
mem[X,0x0000000080001F72] -> 0x43F4
[2910] [M]: 0x0000000080001F70 (0x43F45413) srai x8, x8, 0x3f                       common_Mexcpt_handler+64
x8 <- 0x0000000000000000

mem[X,0x0000000080001F74] -> 0x4413
mem[X,0x0000000080001F76] -> 0xFFF4
[2911] [M]: 0x0000000080001F74 (0xFFF44413) xori x8, x8, -0x1                       common_Mexcpt_handler+68
x8 <- 0xFFFFFFFFFFFFFFFF

clint mtime 0x00000000000005B0 (mip.MTI <- 0b1, mip.STI <- 0b0)
mem[X,0x0000000080001F78] -> 0xF4B3
mem[X,0x0000000080001F7A] -> 0x0085
[2912] [M]: 0x0000000080001F78 (0x0085F4B3) and x9, x11, x8                         common_Mexcpt_handler+72
x9 <- 0x0000000000000298

mem[X,0x0000000080001F7C] -> 0x84B3
mem[X,0x0000000080001F7E] -> 0x0024
[2913] [M]: 0x0000000080001F7C (0x002484B3) add x9, x9, x2                          vmem_adj_Mepc+0
x9 <- 0x0000000080005298

clint mtime 0x00000000000005B1 (mip.MTI <- 0b1, mip.STI <- 0b0)
mem[X,0x0000000080001F80] -> 0x23F3
mem[X,0x0000000080001F82] -> 0x3410
[2914] [M]: 0x0000000080001F80 (0x341023F3) csrrs x7, mepc, x0                      vmem_adj_Mepc+4
CSR mepc (0x341) -> 0x0000030080001554
x7 <- 0x0000030080001554

mem[X,0x0000000080001F84] -> 0x0413
mem[X,0x0000000080001F86] -> 0x0004
[2915] [M]: 0x0000000080001F84 (0x00040413) addi x8, x8, 0x0                        vmem_adj_Mepc+8
x8 <- 0xFFFFFFFFFFFFFFFF

clint mtime 0x00000000000005B2 (mip.MTI <- 0b1, mip.STI <- 0b0)
mem[X,0x0000000080001F88] -> 0x006F
mem[X,0x0000000080001F8A] -> 0x0400
[2916] [M]: 0x0000000080001F88 (0x0400006F) jal x0, 0x40                            vmem_adj_Mepc+12

mem[X,0x0000000080001FC8] -> 0x8433
mem[X,0x0000000080001FCA] -> 0x4083
[2917] [M]: 0x0000000080001FC8 (0x40838433) sub x8, x7, x8                          adj_Mepc+0
x8 <- 0x0000030080001555

clint mtime 0x00000000000005B3 (mip.MTI <- 0b1, mip.STI <- 0b0)
mem[X,0x0000000080001FCC] -> 0x3823
mem[X,0x0000000080001FCE] -> 0x0083
[2918] [M]: 0x0000000080001FCC (0x00833823) sd x8, 0x10(x6)                         sv_Mepc+0
mem[W,0x000000008000A6E8] <- 0x0000030080001555

mem[X,0x0000000080001FD0] -> 0x55B7
mem[X,0x0000000080001FD2] -> 0x0000
[2919] [M]: 0x0000000080001FD0 (0x000055B7) lui x11, 0x5                            sv_Mepc+4
x11 <- 0x0000000000005000

clint mtime 0x00000000000005B4 (mip.MTI <- 0b1, mip.STI <- 0b0)
mem[X,0x0000000080001FD4] -> 0x8593
mem[X,0x0000000080001FD6] -> 0x6675
[2920] [M]: 0x0000000080001FD4 (0x66758593) addi x11, x11, 0x667                    sv_Mepc+8
x11 <- 0x0000000000005667

mem[X,0x0000000080001FD8] -> 0x9593
mem[X,0x0000000080001FDA] -> 0x0015
[2921] [M]: 0x0000000080001FD8 (0x00159593) slli x11, x11, 0x1                      sv_Mepc+12
x11 <- 0x000000000000ACCE

clint mtime 0x00000000000005B5 (mip.MTI <- 0b1, mip.STI <- 0b0)
mem[X,0x0000000080001FDC] -> 0x9063
mem[X,0x0000000080001FDE] -> 0x02B1
[2922] [M]: 0x0000000080001FDC (0x02B19063) bne x3, x11, 0x20                       sv_Mepc+16

mem[X,0x0000000080001FE0] -> 0x2473
mem[X,0x0000000080001FE2] -> 0x3420
[2923] [M]: 0x0000000080001FE0 (0x34202473) csrrs x8, mcause, x0                    sv_Mepc+20
CSR mcause (0x342) -> 0x000000000000000F
x8 <- 0x000000000000000F

clint mtime 0x00000000000005B6 (mip.MTI <- 0b1, mip.STI <- 0b0)
mem[X,0x0000000080001FE4] -> 0x0593
mem[X,0x0000000080001FE6] -> 0x00C0
[2924] [M]: 0x0000000080001FE4 (0x00C00593) addi x11, x0, 0xc                       sv_Mepc+24
x11 <- 0x000000000000000C

mem[X,0x0000000080001FE8] -> 0x0663
mem[X,0x0000000080001FEA] -> 0x00B4
[2925] [M]: 0x0000000080001FE8 (0x00B40663) beq x8, x11, 0xc                        sv_Mepc+28

clint mtime 0x00000000000005B7 (mip.MTI <- 0b1, mip.STI <- 0b0)
mem[X,0x0000000080001FEC] -> 0x0593
mem[X,0x0000000080001FEE] -> 0x0010
[2926] [M]: 0x0000000080001FEC (0x00100593) addi x11, x0, 0x1                       sv_Mepc+32
x11 <- 0x0000000000000001

mem[X,0x0000000080001FF0] -> 0x1663
mem[X,0x0000000080001FF2] -> 0x00B4
[2927] [M]: 0x0000000080001FF0 (0x00B41663) bne x8, x11, 0xc                        sv_Mepc+36

clint mtime 0x00000000000005B8 (mip.MTI <- 0b1, mip.STI <- 0b0)
mem[X,0x0000000080001FFC] -> 0xF593
mem[X,0x0000000080001FFE] -> 0xFFC3
[2928] [M]: 0x0000000080001FFC (0xFFC3F593) andi x11, x7, -0x4                      adj_Mepc_rtn+0
x11 <- 0x0000030080001554

mem[X,0x0000000080002000] -> 0x8593
mem[X,0x0000000080002002] -> 0x0085
[2929] [M]: 0x0000000080002000 (0x00858593) addi x11, x11, 0x8                      adj_Mepc_rtn+4
x11 <- 0x000003008000155C

clint mtime 0x00000000000005B9 (mip.MTI <- 0b1, mip.STI <- 0b0)
mem[X,0x0000000080002004] -> 0x9073
mem[X,0x0000000080002006] -> 0x3415
[2930] [M]: 0x0000000080002004 (0x34159073) csrrw x0, mepc, x11                     adj_Mepc_rtn+8
CSR mepc (0x341) <- 0x000003008000155C

mem[X,0x0000000080002008] -> 0x23F3
mem[X,0x000000008000200A] -> 0x3430
[2931] [M]: 0x0000000080002008 (0x343023F3) csrrs x7, mtval, x0                     skp_adj_Mepc+0
CSR mtval (0x343) -> 0x0000028000000414
x7 <- 0x0000028000000414

clint mtime 0x00000000000005BA (mip.MTI <- 0b1, mip.STI <- 0b0)
mem[X,0x000000008000200C] -> 0x0413
mem[X,0x000000008000200E] -> 0x0004
[2932] [M]: 0x000000008000200C (0x00040413) addi x8, x8, 0x0                        skp_adj_Mepc+4
x8 <- 0x000000000000000F

mem[X,0x0000000080002010] -> 0x006F
mem[X,0x0000000080002012] -> 0x0840
[2933] [M]: 0x0000000080002010 (0x0840006F) jal x0, 0x84                            skp_adj_Mepc+8

clint mtime 0x00000000000005BB (mip.MTI <- 0b1, mip.STI <- 0b0)
mem[X,0x0000000080002094] -> 0x8433
mem[X,0x0000000080002096] -> 0x4083
[2934] [M]: 0x0000000080002094 (0x40838433) sub x8, x7, x8                          adj_Mtval+0
x8 <- 0x0000028000000405

mem[X,0x0000000080002098] -> 0x3C23
mem[X,0x000000008000209A] -> 0x0083
[2935] [M]: 0x0000000080002098 (0x00833C23) sd x8, 0x18(x6)                         sv_Mtval+0
mem[W,0x000000008000A6F0] <- 0x0000028000000405

clint mtime 0x00000000000005BC (mip.MTI <- 0b1, mip.STI <- 0b0)
mem[X,0x000000008000209C] -> 0x3483
mem[X,0x000000008000209E] -> 0x2181
[2936] [M]: 0x000000008000209C (0x21813483) ld x9, 0x218(x2)                        skp_Mtval+0
mem[R,0x0000000080005218] -> 0x000000008000A6F8
x9 <- 0x000000008000A6F8

mem[X,0x00000000800020A0] -> 0x3383
mem[X,0x00000000800020A2] -> 0x1F81
[2937] [M]: 0x00000000800020A0 (0x1F813383) ld x7, 0x1f8(x2)                        skp_Mtval+4
mem[R,0x00000000800051F8] -> 0x000000008000A110
x7 <- 0x000000008000A110

clint mtime 0x00000000000005BD (mip.MTI <- 0b1, mip.STI <- 0b0)
mem[X,0x00000000800020A4] -> 0x3303
mem[X,0x00000000800020A6] -> 0x2001
[2938] [M]: 0x00000000800020A4 (0x20013303) ld x6, 0x200(x2)                        skp_Mtval+8
mem[R,0x0000000080005200] -> 0x0000000000000610
x6 <- 0x0000000000000610

mem[X,0x00000000800020A8] -> 0x0333
mem[X,0x00000000800020AA] -> 0x0073
[2939] [M]: 0x00000000800020A8 (0x00730333) add x6, x6, x7                          skp_Mtval+12
x6 <- 0x000000008000A720

clint mtime 0x00000000000005BE (mip.MTI <- 0b1, mip.STI <- 0b0)
mem[X,0x00000000800020AC] -> 0x6AE3
mem[X,0x00000000800020AE] -> 0xAE93
[2940] [M]: 0x00000000800020AC (0xAE936AE3) bltu x6, x9, -0x50c                     skp_Mtval+16

mem[X,0x00000000800020B0] -> 0x0393
mem[X,0x00000000800020B2] -> 0x2000
[2941] [M]: 0x00000000800020B0 (0x20000393) addi x7, x0, 0x200                      skp_Mtval+20
x7 <- 0x0000000000000200

clint mtime 0x00000000000005BF (mip.MTI <- 0b1, mip.STI <- 0b0)
mem[X,0x00000000800020B4] -> 0x006F
mem[X,0x00000000800020B6] -> 0x0400
[2942] [M]: 0x00000000800020B4 (0x0400006F) jal x0, 0x40                            skp_Mtval+24

mem[X,0x00000000800020F4] -> 0x0417
mem[X,0x00000000800020F6] -> 0x0000
[2943] [M]: 0x00000000800020F4 (0x00000417) auipc x8, 0x0                           spcl_Mhandler+0
x8 <- 0x00000000800020F4

clint mtime 0x00000000000005C0 (mip.MTI <- 0b1, mip.STI <- 0b0)
mem[X,0x00000000800020F8] -> 0x0413
mem[X,0x00000000800020FA] -> 0x03C4
[2944] [M]: 0x00000000800020F8 (0x03C40413) addi x8, x8, 0x3c                       spcl_Mhandler+4
x8 <- 0x0000000080002130

mem[X,0x00000000800020FC] -> 0x0433
mem[X,0x00000000800020FE] -> 0x0074
[2945] [M]: 0x00000000800020FC (0x00740433) add x8, x8, x7                          spcl_Mhandler+8
x8 <- 0x0000000080002330

clint mtime 0x00000000000005C1 (mip.MTI <- 0b1, mip.STI <- 0b0)
mem[X,0x0000000080002100] -> 0x1393
mem[X,0x0000000080002102] -> 0x0035
[2946] [M]: 0x0000000080002100 (0x00351393) slli x7, x10, 0x3                       spcl_Mhandler+12
x7 <- 0x0000000000000078

mem[X,0x0000000080002104] -> 0x0433
mem[X,0x0000000080002106] -> 0x0074
[2947] [M]: 0x0000000080002104 (0x00740433) add x8, x8, x7                          spcl_Mhandler+16
x8 <- 0x00000000800023A8

clint mtime 0x00000000000005C2 (mip.MTI <- 0b1, mip.STI <- 0b0)
mem[X,0x0000000080002108] -> 0x7413
mem[X,0x000000008000210A] -> 0xFF84
[2948] [M]: 0x0000000080002108 (0xFF847413) andi x8, x8, -0x8                       spcl_Mhandler+20
x8 <- 0x00000000800023A8

mem[X,0x000000008000210C] -> 0x3403
mem[X,0x000000008000210E] -> 0x0004
[2949] [M]: 0x000000008000210C (0x00043403) ld x8, 0x0(x8)                          spcl_Mhandler+24
mem[R,0x00000000800023A8] -> 0x000000000000001F
x8 <- 0x000000000000001F

clint mtime 0x00000000000005C3 (mip.MTI <- 0b1, mip.STI <- 0b0)
mem[X,0x0000000080002110] -> 0x02E3
mem[X,0x0000000080002112] -> 0xB204
[2950] [M]: 0x0000000080002110 (0xB20402E3) beq x8, x0, -0x4dc                      spcl_Mdispatch_hndling+0

mem[X,0x0000000080002114] -> 0x1393
mem[X,0x0000000080002116] -> 0x03F4
[2951] [M]: 0x0000000080002114 (0x03F41393) slli x7, x8, 0x3f                       spcl_Mdispatch_hndling+4
x7 <- 0x8000000000000000

clint mtime 0x00000000000005C4 (mip.MTI <- 0b1, mip.STI <- 0b0)
mem[X,0x0000000080002118] -> 0xD863
mem[X,0x000000008000211A] -> 0x0003
[2952] [M]: 0x0000000080002118 (0x0003D863) bge x7, x0, 0x10                        spcl_Mdispatch_hndling+8

mem[X,0x000000008000211C] -> 0x5413
mem[X,0x000000008000211E] -> 0x0014
[2953] [M]: 0x000000008000211C (0x00145413) srli x8, x8, 0x1                        spcl_Mdispatch_hndling+12
x8 <- 0x000000000000000F

clint mtime 0x00000000000005C5 (mip.MTI <- 0b1, mip.STI <- 0b0)
mem[X,0x0000000080002120] -> 0x0CE3
mem[X,0x0000000080002122] -> 0xF885
[2954] [M]: 0x0000000080002120 (0xF8850CE3) beq x10, x8, -0x68                      spcl_Mdispatch_hndling+16

mem[X,0x00000000800020B8] -> 0x3303
mem[X,0x00000000800020BA] -> 0x2601
[2955] [M]: 0x00000000800020B8 (0x26013303) ld x6, 0x260(x2)                        resto_Mrtn+0
mem[R,0x0000000080005260] -> 0xFFFFFFFF7FFFECAC
x6 <- 0xFFFFFFFF7FFFECAC

clint mtime 0x00000000000005C6 (mip.MTI <- 0b1, mip.STI <- 0b0)
mem[X,0x00000000800020BC] -> 0x3383
mem[X,0x00000000800020BE] -> 0x2681
[2956] [M]: 0x00000000800020BC (0x26813383) ld x7, 0x268(x2)                        resto_Mrtn+4
mem[R,0x0000000080005268] -> 0x0000000080005000
x7 <- 0x0000000080005000

mem[X,0x00000000800020C0] -> 0x3403
mem[X,0x00000000800020C2] -> 0x2701
[2957] [M]: 0x00000000800020C0 (0x27013403) ld x8, 0x270(x2)                        resto_Mrtn+8
mem[R,0x0000000080005270] -> 0x0000000000007F76
x8 <- 0x0000000000007F76

clint mtime 0x00000000000005C7 (mip.MTI <- 0b1, mip.STI <- 0b0)
mem[X,0x00000000800020C4] -> 0x3483
mem[X,0x00000000800020C6] -> 0x2781
[2958] [M]: 0x00000000800020C4 (0x27813483) ld x9, 0x278(x2)                        resto_Mrtn+12
mem[R,0x0000000080005278] -> 0x00000300000001D0
x9 <- 0x00000300000001D0

mem[X,0x00000000800020C8] -> 0x3503
mem[X,0x00000000800020CA] -> 0x2801
[2959] [M]: 0x00000000800020C8 (0x28013503) ld x10, 0x280(x2)                       resto_Mrtn+16
mem[R,0x0000000080005280] -> 0x00000000200000C9
x10 <- 0x00000000200000C9

clint mtime 0x00000000000005C8 (mip.MTI <- 0b1, mip.STI <- 0b0)
mem[X,0x00000000800020CC] -> 0x3583
mem[X,0x00000000800020CE] -> 0x2881
[2960] [M]: 0x00000000800020CC (0x28813583) ld x11, 0x288(x2)                       resto_Mrtn+20
mem[R,0x0000000080005288] -> 0x00000000000000C9
x11 <- 0x00000000000000C9

mem[X,0x00000000800020D0] -> 0x3103
mem[X,0x00000000800020D2] -> 0x2901
[2961] [M]: 0x00000000800020D0 (0x29013103) ld x2, 0x290(x2)                        resto_Mrtn+24
mem[R,0x0000000080005290] -> 0x0000000000000000
x2 <- 0x0000000000000000

clint mtime 0x00000000000005C9 (mip.MTI <- 0b1, mip.STI <- 0b0)
mem[X,0x00000000800020D4] -> 0x0073
mem[X,0x00000000800020D6] -> 0x3020
[2962] [M]: 0x00000000800020D4 (0x30200073) mret                                    resto_Mrtn+28
CSR mstatus (0x300) <- 0x0000000A00080080
ret-ing from M to S

PTW: Start, vpn=0x30080001, access_type=X, privilege=Smem[R,0x0000000080009030] -> 0x00000000000000CB
PTW: Step, level=3, pte=0xCB, pte_addr=0x80009030
PTW: Success, final_ppn=0x80001, level=3mem[X,0x000000008000155C] -> 0xA703
PTW: Start, vpn=0x30080001, access_type=X, privilege=Smem[R,0x0000000080009030] -> 0x00000000000000CB
PTW: Step, level=3, pte=0xCB, pte_addr=0x80009030
PTW: Success, final_ppn=0x80001, level=3mem[X,0x000000008000155E] -> 0x0147
[2963] [S]: 0x000003008000155C (0x0147A703) lw x14, 0x14(x15)                       va_rvtest_code_begin+3488
PTW: Start, vpn=0x28000000, access_type=R, privilege=Smem[R,0x0000000080009028] -> 0x0000000020002001
PTW: Step, level=3, pte=0x20002001, pte_addr=0x80009028
PTW: Start, vpn=0x28000000, access_type=R, privilege=Smem[R,0x0000000080008000] -> 0x0000000020001C01
PTW: Step, level=2, pte=0x20001C01, pte_addr=0x80008000
PTW: Start, vpn=0x28000000, access_type=R, privilege=Smem[R,0x0000000080007000] -> 0x00000000200000C9
PTW: Step, level=1, pte=0x200000C9, pte_addr=0x80007000
PTW: Success, final_ppn=0x80000, level=1mem[R,0x0000000080000414] -> 0xBEEFCAF2
x14 <- 0xFFFFFFFFBEEFCAF2

clint mtime 0x00000000000005CA (mip.MTI <- 0b1, mip.STI <- 0b0)
PTW: Start, vpn=0x30080001, access_type=X, privilege=Smem[R,0x0000000080009030] -> 0x00000000000000CB
PTW: Step, level=3, pte=0xCB, pte_addr=0x80009030
PTW: Success, final_ppn=0x80001, level=3mem[X,0x0000000080001560] -> 0x0013
PTW: Start, vpn=0x30080001, access_type=X, privilege=Smem[R,0x0000000080009030] -> 0x00000000000000CB
PTW: Step, level=3, pte=0xCB, pte_addr=0x80009030
PTW: Success, final_ppn=0x80001, level=3mem[X,0x0000000080001562] -> 0x0000
[2964] [S]: 0x0000030080001560 (0x00000013) addi x0, x0, 0x0                        va_rvtest_code_begin+3492

PTW: Start, vpn=0x30080001, access_type=X, privilege=Smem[R,0x0000000080009030] -> 0x00000000000000CB
PTW: Step, level=3, pte=0xCB, pte_addr=0x80009030
PTW: Success, final_ppn=0x80001, level=3mem[X,0x0000000080001564] -> 0x51B7
PTW: Start, vpn=0x30080001, access_type=X, privilege=Smem[R,0x0000000080009030] -> 0x00000000000000CB
PTW: Step, level=3, pte=0xCB, pte_addr=0x80009030
PTW: Success, final_ppn=0x80001, level=3mem[X,0x0000000080001566] -> 0x0000
[2965] [S]: 0x0000030080001564 (0x000051B7) lui x3, 0x5                             va_rvtest_code_begin+3496
x3 <- 0x0000000000005000

clint mtime 0x00000000000005CB (mip.MTI <- 0b1, mip.STI <- 0b0)
PTW: Start, vpn=0x30080001, access_type=X, privilege=Smem[R,0x0000000080009030] -> 0x00000000000000CB
PTW: Step, level=3, pte=0xCB, pte_addr=0x80009030
PTW: Success, final_ppn=0x80001, level=3mem[X,0x0000000080001568] -> 0x8193
PTW: Start, vpn=0x30080001, access_type=X, privilege=Smem[R,0x0000000080009030] -> 0x00000000000000CB
PTW: Step, level=3, pte=0xCB, pte_addr=0x80009030
PTW: Success, final_ppn=0x80001, level=3mem[X,0x000000008000156A] -> 0x6671
[2966] [S]: 0x0000030080001568 (0x66718193) addi x3, x3, 0x667                      va_rvtest_code_begin+3500
x3 <- 0x0000000000005667

PTW: Start, vpn=0x30080001, access_type=X, privilege=Smem[R,0x0000000080009030] -> 0x00000000000000CB
PTW: Step, level=3, pte=0xCB, pte_addr=0x80009030
PTW: Success, final_ppn=0x80001, level=3mem[X,0x000000008000156C] -> 0x9193
PTW: Start, vpn=0x30080001, access_type=X, privilege=Smem[R,0x0000000080009030] -> 0x00000000000000CB
PTW: Step, level=3, pte=0xCB, pte_addr=0x80009030
PTW: Success, final_ppn=0x80001, level=3mem[X,0x000000008000156E] -> 0x0011
[2967] [S]: 0x000003008000156C (0x00119193) slli x3, x3, 0x1                        va_rvtest_code_begin+3504
x3 <- 0x000000000000ACCE

clint mtime 0x00000000000005CC (mip.MTI <- 0b1, mip.STI <- 0b0)
PTW: Start, vpn=0x30080001, access_type=X, privilege=Smem[R,0x0000000080009030] -> 0x00000000000000CB
PTW: Step, level=3, pte=0xCB, pte_addr=0x80009030
PTW: Success, final_ppn=0x80001, level=3mem[X,0x0000000080001570] -> 0x0013
PTW: Start, vpn=0x30080001, access_type=X, privilege=Smem[R,0x0000000080009030] -> 0x00000000000000CB
PTW: Step, level=3, pte=0xCB, pte_addr=0x80009030
PTW: Success, final_ppn=0x80001, level=3mem[X,0x0000000080001572] -> 0x0000
[2968] [S]: 0x0000030080001570 (0x00000013) addi x0, x0, 0x0                        va_rvtest_code_begin+3508

PTW: Start, vpn=0x30080001, access_type=X, privilege=Smem[R,0x0000000080009030] -> 0x00000000000000CB
PTW: Step, level=3, pte=0xCB, pte_addr=0x80009030
PTW: Success, final_ppn=0x80001, level=3mem[X,0x0000000080001574] -> 0x0013
PTW: Start, vpn=0x30080001, access_type=X, privilege=Smem[R,0x0000000080009030] -> 0x00000000000000CB
PTW: Step, level=3, pte=0xCB, pte_addr=0x80009030
PTW: Success, final_ppn=0x80001, level=3mem[X,0x0000000080001576] -> 0x0000
[2969] [S]: 0x0000030080001574 (0x00000013) addi x0, x0, 0x0                        va_rvtest_code_begin+3512

clint mtime 0x00000000000005CD (mip.MTI <- 0b1, mip.STI <- 0b0)
PTW: Start, vpn=0x30080001, access_type=X, privilege=Smem[R,0x0000000080009030] -> 0x00000000000000CB
PTW: Step, level=3, pte=0xCB, pte_addr=0x80009030
PTW: Success, final_ppn=0x80001, level=3mem[X,0x0000000080001578] -> 0x0013
PTW: Start, vpn=0x30080001, access_type=X, privilege=Smem[R,0x0000000080009030] -> 0x00000000000000CB
PTW: Step, level=3, pte=0xCB, pte_addr=0x80009030
PTW: Success, final_ppn=0x80001, level=3mem[X,0x000000008000157A] -> 0x0000
[2970] [S]: 0x0000030080001578 (0x00000013) addi x0, x0, 0x0                        va_rvtest_code_begin+3516

PTW: Start, vpn=0x30080001, access_type=X, privilege=Smem[R,0x0000000080009030] -> 0x00000000000000CB
PTW: Step, level=3, pte=0xCB, pte_addr=0x80009030
PTW: Success, final_ppn=0x80001, level=3mem[X,0x000000008000157C] -> 0x0013
PTW: Start, vpn=0x30080001, access_type=X, privilege=Smem[R,0x0000000080009030] -> 0x00000000000000CB
PTW: Step, level=3, pte=0xCB, pte_addr=0x80009030
PTW: Success, final_ppn=0x80001, level=3mem[X,0x000000008000157E] -> 0x0000
[2971] [S]: 0x000003008000157C (0x00000013) addi x0, x0, 0x0                        va_rvtest_code_begin+3520

clint mtime 0x00000000000005CE (mip.MTI <- 0b1, mip.STI <- 0b0)
PTW: Start, vpn=0x30080001, access_type=X, privilege=Smem[R,0x0000000080009030] -> 0x00000000000000CB
PTW: Step, level=3, pte=0xCB, pte_addr=0x80009030
PTW: Success, final_ppn=0x80001, level=3mem[X,0x0000000080001580] -> 0x0217
PTW: Start, vpn=0x30080001, access_type=X, privilege=Smem[R,0x0000000080009030] -> 0x00000000000000CB
PTW: Step, level=3, pte=0xCB, pte_addr=0x80009030
PTW: Success, final_ppn=0x80001, level=3mem[X,0x0000000080001582] -> 0x0000
[2972] [S]: 0x0000030080001580 (0x00000217) auipc x4, 0x0                           va_rvtest_code_begin+3524
x4 <- 0x0000030080001580

PTW: Start, vpn=0x30080001, access_type=X, privilege=Smem[R,0x0000000080009030] -> 0x00000000000000CB
PTW: Step, level=3, pte=0xCB, pte_addr=0x80009030
PTW: Success, final_ppn=0x80001, level=3mem[X,0x0000000080001584] -> 0x0213
PTW: Start, vpn=0x30080001, access_type=X, privilege=Smem[R,0x0000000080009030] -> 0x00000000000000CB
PTW: Step, level=3, pte=0xCB, pte_addr=0x80009030
PTW: Success, final_ppn=0x80001, level=3mem[X,0x0000000080001586] -> 0x02C2
[2973] [S]: 0x0000030080001584 (0x02C20213) addi x4, x4, 0x2c                       va_rvtest_code_begin+3528
x4 <- 0x00000300800015AC

clint mtime 0x00000000000005CF (mip.MTI <- 0b1, mip.STI <- 0b0)
PTW: Start, vpn=0x30080001, access_type=X, privilege=Smem[R,0x0000000080009030] -> 0x00000000000000CB
PTW: Step, level=3, pte=0xCB, pte_addr=0x80009030
PTW: Success, final_ppn=0x80001, level=3mem[X,0x0000000080001588] -> 0x0001
[2974] [S]: 0x0000030080001588 (0x0001) c.nop                                       va_rvtest_code_begin+3532

PTW: Start, vpn=0x30080001, access_type=X, privilege=Smem[R,0x0000000080009030] -> 0x00000000000000CB
PTW: Step, level=3, pte=0xCB, pte_addr=0x80009030
PTW: Success, final_ppn=0x80001, level=3mem[X,0x000000008000158A] -> 0x0013
PTW: Start, vpn=0x30080001, access_type=X, privilege=Smem[R,0x0000000080009030] -> 0x00000000000000CB
PTW: Step, level=3, pte=0xCB, pte_addr=0x80009030
PTW: Success, final_ppn=0x80001, level=3mem[X,0x000000008000158C] -> 0x0000
[2975] [S]: 0x000003008000158A (0x00000013) addi x0, x0, 0x0                        va_rvtest_code_begin+3534

clint mtime 0x00000000000005D0 (mip.MTI <- 0b1, mip.STI <- 0b0)
PTW: Start, vpn=0x30080001, access_type=X, privilege=Smem[R,0x0000000080009030] -> 0x00000000000000CB
PTW: Step, level=3, pte=0xCB, pte_addr=0x80009030
PTW: Success, final_ppn=0x80001, level=3mem[X,0x000000008000158E] -> 0x0013
PTW: Start, vpn=0x30080001, access_type=X, privilege=Smem[R,0x0000000080009030] -> 0x00000000000000CB
PTW: Step, level=3, pte=0xCB, pte_addr=0x80009030
PTW: Success, final_ppn=0x80001, level=3mem[X,0x0000000080001590] -> 0x0000
[2976] [S]: 0x000003008000158E (0x00000013) addi x0, x0, 0x0                        va_rvtest_code_begin+3538

PTW: Start, vpn=0x30080001, access_type=X, privilege=Smem[R,0x0000000080009030] -> 0x00000000000000CB
PTW: Step, level=3, pte=0xCB, pte_addr=0x80009030
PTW: Success, final_ppn=0x80001, level=3mem[X,0x0000000080001592] -> 0x0013
PTW: Start, vpn=0x30080001, access_type=X, privilege=Smem[R,0x0000000080009030] -> 0x00000000000000CB
PTW: Step, level=3, pte=0xCB, pte_addr=0x80009030
PTW: Success, final_ppn=0x80001, level=3mem[X,0x0000000080001594] -> 0x0000
[2977] [S]: 0x0000030080001592 (0x00000013) addi x0, x0, 0x0                        va_rvtest_code_begin+3542

clint mtime 0x00000000000005D1 (mip.MTI <- 0b1, mip.STI <- 0b0)
PTW: Start, vpn=0x30080001, access_type=X, privilege=Smem[R,0x0000000080009030] -> 0x00000000000000CB
PTW: Step, level=3, pte=0xCB, pte_addr=0x80009030
PTW: Success, final_ppn=0x80001, level=3mem[X,0x0000000080001596] -> 0x0013
PTW: Start, vpn=0x30080001, access_type=X, privilege=Smem[R,0x0000000080009030] -> 0x00000000000000CB
PTW: Step, level=3, pte=0xCB, pte_addr=0x80009030
PTW: Success, final_ppn=0x80001, level=3mem[X,0x0000000080001598] -> 0x0000
[2978] [S]: 0x0000030080001596 (0x00000013) addi x0, x0, 0x0                        va_rvtest_code_begin+3546

PTW: Start, vpn=0x30080001, access_type=X, privilege=Smem[R,0x0000000080009030] -> 0x00000000000000CB
PTW: Step, level=3, pte=0xCB, pte_addr=0x80009030
PTW: Success, final_ppn=0x80001, level=3mem[X,0x000000008000159A] -> 0x0013
PTW: Start, vpn=0x30080001, access_type=X, privilege=Smem[R,0x0000000080009030] -> 0x00000000000000CB
PTW: Step, level=3, pte=0xCB, pte_addr=0x80009030
PTW: Success, final_ppn=0x80001, level=3mem[X,0x000000008000159C] -> 0x0000
[2979] [S]: 0x000003008000159A (0x00000013) addi x0, x0, 0x0                        va_rvtest_code_begin+3550

clint mtime 0x00000000000005D2 (mip.MTI <- 0b1, mip.STI <- 0b0)
PTW: Start, vpn=0x30080001, access_type=X, privilege=Smem[R,0x0000000080009030] -> 0x00000000000000CB
PTW: Step, level=3, pte=0xCB, pte_addr=0x80009030
PTW: Success, final_ppn=0x80001, level=3mem[X,0x000000008000159E] -> 0x0001
[2980] [S]: 0x000003008000159E (0x0001) c.nop                                       va_rvtest_code_begin+3554

PTW: Start, vpn=0x30080001, access_type=X, privilege=Smem[R,0x0000000080009030] -> 0x00000000000000CB
PTW: Step, level=3, pte=0xCB, pte_addr=0x80009030
PTW: Success, final_ppn=0x80001, level=3mem[X,0x00000000800015A0] -> 0x80E7
PTW: Start, vpn=0x30080001, access_type=X, privilege=Smem[R,0x0000000080009030] -> 0x00000000000000CB
PTW: Step, level=3, pte=0xCB, pte_addr=0x80009030
PTW: Success, final_ppn=0x80001, level=3mem[X,0x00000000800015A2] -> 0x0007
[2981] [S]: 0x00000300800015A0 (0x000780E7) jalr x1, 0x0(x15)                       va_rvtest_code_begin+3556
x1 <- 0x00000300800015A4

clint mtime 0x00000000000005D3 (mip.MTI <- 0b1, mip.STI <- 0b0)
PTW: Start, vpn=0x28000000, access_type=X, privilege=Smem[R,0x0000000080009028] -> 0x0000000020002001
PTW: Step, level=3, pte=0x20002001, pte_addr=0x80009028
PTW: Start, vpn=0x28000000, access_type=X, privilege=Smem[R,0x0000000080008000] -> 0x0000000020001C01
PTW: Step, level=2, pte=0x20001C01, pte_addr=0x80008000
PTW: Start, vpn=0x28000000, access_type=X, privilege=Smem[R,0x0000000080007000] -> 0x00000000200000C9
PTW: Step, level=1, pte=0x200000C9, pte_addr=0x80007000
PTW: Success, final_ppn=0x80000, level=1mem[X,0x0000000080000400] -> 0x0013
mem[X,0x0000000080000402] -> 0x0000
[2982] [S]: 0x0000028000000400 (0x00000013) addi x0, x0, 0x0                        va_data+0

mem[X,0x0000000080000404] -> 0x8093
mem[X,0x0000000080000406] -> 0x0080
[2983] [S]: 0x0000028000000404 (0x00808093) addi x1, x1, 0x8                        va_data+4
x1 <- 0x00000300800015AC

clint mtime 0x00000000000005D4 (mip.MTI <- 0b1, mip.STI <- 0b0)
mem[X,0x0000000080000408] -> 0x8067
mem[X,0x000000008000040A] -> 0x0000
[2984] [S]: 0x0000028000000408 (0x00008067) jalr x0, 0x0(x1)                        va_data+8

PTW: Start, vpn=0x30080001, access_type=X, privilege=Smem[R,0x0000000080009030] -> 0x00000000000000CB
PTW: Step, level=3, pte=0xCB, pte_addr=0x80009030
PTW: Success, final_ppn=0x80001, level=3mem[X,0x00000000800015AC] -> 0x0013
PTW: Start, vpn=0x30080001, access_type=X, privilege=Smem[R,0x0000000080009030] -> 0x00000000000000CB
PTW: Step, level=3, pte=0xCB, pte_addr=0x80009030
PTW: Success, final_ppn=0x80001, level=3mem[X,0x00000000800015AE] -> 0x0000
[2985] [S]: 0x00000300800015AC (0x00000013) addi x0, x0, 0x0                        va_rvtest_code_begin+3568

clint mtime 0x00000000000005D5 (mip.MTI <- 0b1, mip.STI <- 0b0)
PTW: Start, vpn=0x30080001, access_type=X, privilege=Smem[R,0x0000000080009030] -> 0x00000000000000CB
PTW: Step, level=3, pte=0xCB, pte_addr=0x80009030
PTW: Success, final_ppn=0x80001, level=3mem[X,0x00000000800015B0] -> 0x0013
PTW: Start, vpn=0x30080001, access_type=X, privilege=Smem[R,0x0000000080009030] -> 0x00000000000000CB
PTW: Step, level=3, pte=0xCB, pte_addr=0x80009030
PTW: Success, final_ppn=0x80001, level=3mem[X,0x00000000800015B2] -> 0x0000
[2986] [S]: 0x00000300800015B0 (0x00000013) addi x0, x0, 0x0                        va_rvtest_code_begin+3572

PTW: Start, vpn=0x30080001, access_type=X, privilege=Smem[R,0x0000000080009030] -> 0x00000000000000CB
PTW: Step, level=3, pte=0xCB, pte_addr=0x80009030
PTW: Success, final_ppn=0x80001, level=3mem[X,0x00000000800015B4] -> 0x0013
PTW: Start, vpn=0x30080001, access_type=X, privilege=Smem[R,0x0000000080009030] -> 0x00000000000000CB
PTW: Step, level=3, pte=0xCB, pte_addr=0x80009030
PTW: Success, final_ppn=0x80001, level=3mem[X,0x00000000800015B6] -> 0x0000
[2987] [S]: 0x00000300800015B4 (0x00000013) addi x0, x0, 0x0                        va_rvtest_code_begin+3576

clint mtime 0x00000000000005D6 (mip.MTI <- 0b1, mip.STI <- 0b0)
PTW: Start, vpn=0x30080001, access_type=X, privilege=Smem[R,0x0000000080009030] -> 0x00000000000000CB
PTW: Step, level=3, pte=0xCB, pte_addr=0x80009030
PTW: Success, final_ppn=0x80001, level=3mem[X,0x00000000800015B8] -> 0x0113
PTW: Start, vpn=0x30080001, access_type=X, privilege=Smem[R,0x0000000080009030] -> 0x00000000000000CB
PTW: Step, level=3, pte=0xCB, pte_addr=0x80009030
PTW: Success, final_ppn=0x80001, level=3mem[X,0x00000000800015BA] -> 0x0000
[2988] [S]: 0x00000300800015B8 (0x00000113) addi x2, x0, 0x0                        va_rvtest_code_begin+3580
x2 <- 0x0000000000000000

PTW: Start, vpn=0x30080001, access_type=X, privilege=Smem[R,0x0000000080009030] -> 0x00000000000000CB
PTW: Step, level=3, pte=0xCB, pte_addr=0x80009030
PTW: Success, final_ppn=0x80001, level=3mem[X,0x00000000800015BC] -> 0x0073
PTW: Start, vpn=0x30080001, access_type=X, privilege=Smem[R,0x0000000080009030] -> 0x00000000000000CB
PTW: Step, level=3, pte=0xCB, pte_addr=0x80009030
PTW: Success, final_ppn=0x80001, level=3mem[X,0x00000000800015BE] -> 0x0000
[2989] [S]: 0x00000300800015BC (0x00000073) ecall                                   va_rvtest_code_begin+3584
trapping from S to M to handle s-call
handling exc#s-call at priv M with tval 0x0000000000000000
CSR mstatus (0x300) <- 0x0000000A00080800
CSR mcause (0x342) <- 0x0000000000000009
CSR mtval (0x343) <- 0x0000000000000000
CSR mepc (0x341) <- 0x00000300800015BC

clint mtime 0x00000000000005D7 (mip.MTI <- 0b1, mip.STI <- 0b0)
mem[X,0x0000000080001C80] -> 0x006F
mem[X,0x0000000080001C82] -> 0x1000
[2990] [M]: 0x0000000080001C80 (0x1000006F) jal x0, 0x100                           Mtrampoline+0

mem[X,0x0000000080001D80] -> 0x1173
mem[X,0x0000000080001D82] -> 0x3401
[2991] [M]: 0x0000000080001D80 (0x34011173) csrrw x2, mscratch, x2                  trap_Mhandler+0
CSR mscratch (0x340) <- 0x0000000000000000
x2 <- 0x0000000080005000

clint mtime 0x00000000000005D8 (mip.MTI <- 0b1, mip.STI <- 0b0)
mem[X,0x0000000080001D84] -> 0x3423
mem[X,0x0000000080001D86] -> 0x28B1
[2992] [M]: 0x0000000080001D84 (0x28B13423) sd x11, 0x288(x2)                       trap_Mhandler+4
mem[W,0x0000000080005288] <- 0x00000000000000C9

mem[X,0x0000000080001D88] -> 0x05EF
mem[X,0x0000000080001D8A] -> 0x0B80
[2993] [M]: 0x0000000080001D88 (0x0B8005EF) jal x11, 0xb8                           trap_Mhandler+8
x11 <- 0x0000000080001D8C

clint mtime 0x00000000000005D9 (mip.MTI <- 0b1, mip.STI <- 0b0)
mem[X,0x0000000080001E40] -> 0x3023
mem[X,0x0000000080001E42] -> 0x28A1
[2994] [M]: 0x0000000080001E40 (0x28A13023) sd x10, 0x280(x2)                       common_Mhandler+0
mem[W,0x0000000080005280] <- 0x00000000200000C9

mem[X,0x0000000080001E44] -> 0x1573
mem[X,0x0000000080001E46] -> 0x3401
[2995] [M]: 0x0000000080001E44 (0x34011573) csrrw x10, mscratch, x2                 common_Mhandler+4
CSR mscratch (0x340) <- 0x0000000080005000
x10 <- 0x0000000000000000

clint mtime 0x00000000000005DA (mip.MTI <- 0b1, mip.STI <- 0b0)
mem[X,0x0000000080001E48] -> 0x3823
mem[X,0x0000000080001E4A] -> 0x28A1
[2996] [M]: 0x0000000080001E48 (0x28A13823) sd x10, 0x290(x2)                       common_Mhandler+8
mem[W,0x0000000080005290] <- 0x0000000000000000

mem[X,0x0000000080001E4C] -> 0x3503
mem[X,0x0000000080001E4E] -> 0x2301
[2997] [M]: 0x0000000080001E4C (0x23013503) ld x10, 0x230(x2)                       common_Mhandler+12
mem[R,0x0000000080005230] -> 0x0000000080001E54
x10 <- 0x0000000080001E54

clint mtime 0x00000000000005DB (mip.MTI <- 0b1, mip.STI <- 0b0)
mem[X,0x0000000080001E50] -> 0x0067
mem[X,0x0000000080001E52] -> 0x0005
[2998] [M]: 0x0000000080001E50 (0x00050067) jalr x0, 0x0(x10)                       common_Mhandler+16

mem[X,0x0000000080001E54] -> 0x3C23
mem[X,0x0000000080001E56] -> 0x2691
[2999] [M]: 0x0000000080001E54 (0x26913C23) sd x9, 0x278(x2)                        common_Mentry+0
mem[W,0x0000000080005278] <- 0x00000300000001D0

clint mtime 0x00000000000005DC (mip.MTI <- 0b1, mip.STI <- 0b0)
mem[X,0x0000000080001E58] -> 0x3823
mem[X,0x0000000080001E5A] -> 0x2681
[3000] [M]: 0x0000000080001E58 (0x26813823) sd x8, 0x270(x2)                        common_Mentry+4
mem[W,0x0000000080005270] <- 0x0000000000007F76

mem[X,0x0000000080001E5C] -> 0x3423
mem[X,0x0000000080001E5E] -> 0x2671
[3001] [M]: 0x0000000080001E5C (0x26713423) sd x7, 0x268(x2)                        common_Mentry+8
mem[W,0x0000000080005268] <- 0x0000000080005000

clint mtime 0x00000000000005DD (mip.MTI <- 0b1, mip.STI <- 0b0)
mem[X,0x0000000080001E60] -> 0x3023
mem[X,0x0000000080001E62] -> 0x2661
[3002] [M]: 0x0000000080001E60 (0x26613023) sd x6, 0x260(x2)                        common_Mentry+12
mem[W,0x0000000080005260] <- 0xFFFFFFFF7FFFECAC

mem[X,0x0000000080001E64] -> 0x2573
mem[X,0x0000000080001E66] -> 0x3420
[3003] [M]: 0x0000000080001E64 (0x34202573) csrrs x10, mcause, x0                   spcl_M2mmode_test+0
CSR mcause (0x342) -> 0x0000000000000009
x10 <- 0x0000000000000009

clint mtime 0x00000000000005DE (mip.MTI <- 0b1, mip.STI <- 0b0)
mem[X,0x0000000080001E68] -> 0x04B7
mem[X,0x0000000080001E6A] -> 0x8000
[3004] [M]: 0x0000000080001E68 (0x800004B7) lui x9, -0x80000                        spcl_M2mmode_test+4
x9 <- 0xFFFFFFFF80000000

mem[X,0x0000000080001E6C] -> 0x8493
mem[X,0x0000000080001E6E] -> 0x0004
[3005] [M]: 0x0000000080001E6C (0x00048493) addi x9, x9, 0x0                        spcl_M2mmode_test+8
x9 <- 0xFFFFFFFF80000000

clint mtime 0x00000000000005DF (mip.MTI <- 0b1, mip.STI <- 0b0)
mem[X,0x0000000080001E70] -> 0x9493
mem[X,0x0000000080001E72] -> 0x00B4
[3006] [M]: 0x0000000080001E70 (0x00B49493) slli x9, x9, 0xb                        spcl_M2mmode_test+12
x9 <- 0xFFFFFC0000000000

mem[X,0x0000000080001E74] -> 0x8493
mem[X,0x0000000080001E76] -> 0x0004
[3007] [M]: 0x0000000080001E74 (0x00048493) addi x9, x9, 0x0                        spcl_M2mmode_test+16
x9 <- 0xFFFFFC0000000000

clint mtime 0x00000000000005E0 (mip.MTI <- 0b1, mip.STI <- 0b0)
mem[X,0x0000000080001E78] -> 0x9493
mem[X,0x0000000080001E7A] -> 0x00B4
[3008] [M]: 0x0000000080001E78 (0x00B49493) slli x9, x9, 0xb                        spcl_M2mmode_test+20
x9 <- 0xFFE0000000000000

mem[X,0x0000000080001E7C] -> 0x8493
mem[X,0x0000000080001E7E] -> 0x0034
[3009] [M]: 0x0000000080001E7C (0x00348493) addi x9, x9, 0x3                        spcl_M2mmode_test+24
x9 <- 0xFFE0000000000003

clint mtime 0x00000000000005E1 (mip.MTI <- 0b1, mip.STI <- 0b0)
mem[X,0x0000000080001E80] -> 0x9493
mem[X,0x0000000080001E82] -> 0x00A4
[3010] [M]: 0x0000000080001E80 (0x00A49493) slli x9, x9, 0xa                        spcl_M2mmode_test+28
x9 <- 0x8000000000000C00

mem[X,0x0000000080001E84] -> 0x8493
mem[X,0x0000000080001E86] -> 0x3FC4
[3011] [M]: 0x0000000080001E84 (0x3FC48493) addi x9, x9, 0x3fc                      spcl_M2mmode_test+32
x9 <- 0x8000000000000FFC

clint mtime 0x00000000000005E2 (mip.MTI <- 0b1, mip.STI <- 0b0)
mem[X,0x0000000080001E88] -> 0xF4B3
mem[X,0x0000000080001E8A] -> 0x00A4
[3012] [M]: 0x0000000080001E88 (0x00A4F4B3) and x9, x9, x10                         spcl_M2mmode_test+36
x9 <- 0x0000000000000008

mem[X,0x0000000080001E8C] -> 0x8493
mem[X,0x0000000080001E8E] -> 0xFF84
[3013] [M]: 0x0000000080001E8C (0xFF848493) addi x9, x9, -0x8                       spcl_M2mmode_test+40
x9 <- 0x0000000000000000

clint mtime 0x00000000000005E3 (mip.MTI <- 0b1, mip.STI <- 0b0)
mem[X,0x0000000080001E90] -> 0x9663
mem[X,0x0000000080001E92] -> 0x0004
[3014] [M]: 0x0000000080001E90 (0x00049663) bne x9, x0, 0xc                         spcl_M2mmode_test+44

mem[X,0x0000000080001E94] -> 0x3383
mem[X,0x0000000080001E96] -> 0x2901
[3015] [M]: 0x0000000080001E94 (0x29013383) ld x7, 0x290(x2)                        spcl_M2mmode_test+48
mem[R,0x0000000080005290] -> 0x0000000000000000
x7 <- 0x0000000000000000

clint mtime 0x00000000000005E4 (mip.MTI <- 0b1, mip.STI <- 0b0)
mem[X,0x0000000080001E98] -> 0x8663
mem[X,0x0000000080001E9A] -> 0x6E03
[3016] [M]: 0x0000000080001E98 (0x6E038663) beq x7, x0, 0x6ec                       spcl_M2mmode_test+52

mem[X,0x0000000080002584] -> 0x0493
mem[X,0x0000000080002586] -> 0xFF55
[3017] [M]: 0x0000000080002584 (0xFF550493) addi x9, x10, -0xb                      rtn2mmode+0
x9 <- 0xFFFFFFFFFFFFFFFE

clint mtime 0x00000000000005E5 (mip.MTI <- 0b1, mip.STI <- 0b0)
mem[X,0x0000000080002588] -> 0x8C63
mem[X,0x000000008000258A] -> 0x0004
[3018] [M]: 0x0000000080002588 (0x00048C63) beq x9, x0, 0x18                        rtn2mmode+4

mem[X,0x000000008000258C] -> 0x3583
mem[X,0x000000008000258E] -> 0x4701
[3019] [M]: 0x000000008000258C (0x47013583) ld x11, 0x470(x2)                       rtn2mmode+8
mem[R,0x0000000080005470] -> 0x00000300800007BC
x11 <- 0x00000300800007BC

clint mtime 0x00000000000005E6 (mip.MTI <- 0b1, mip.STI <- 0b0)
mem[X,0x0000000080002590] -> 0xD463
mem[X,0x0000000080002592] -> 0x0003
[3020] [M]: 0x0000000080002590 (0x0003D463) bge x7, x0, 0x8                         rtn2mmode+12

mem[X,0x0000000080002598] -> 0x3483
mem[X,0x000000008000259A] -> 0x1D81
[3021] [M]: 0x0000000080002598 (0x1D813483) ld x9, 0x1d8(x2)                        from_u_s+0
mem[R,0x00000000800051D8] -> 0x00000000800007D4
x9 <- 0x00000000800007D4

clint mtime 0x00000000000005E7 (mip.MTI <- 0b1, mip.STI <- 0b0)
mem[X,0x000000008000259C] -> 0x84B3
mem[X,0x000000008000259E] -> 0x40B4
[3022] [M]: 0x000000008000259C (0x40B484B3) sub x9, x9, x11                         from_u_s+4
x9 <- 0xFFFFFD0000000018

mem[X,0x00000000800025A0] -> 0x23F3
mem[X,0x00000000800025A2] -> 0x3410
[3023] [M]: 0x00000000800025A0 (0x341023F3) csrrs x7, mepc, x0                      rtn_fm_mmode+0
CSR mepc (0x341) -> 0x00000300800015BC
x7 <- 0x00000300800015BC

clint mtime 0x00000000000005E8 (mip.MTI <- 0b1, mip.STI <- 0b0)
mem[X,0x00000000800025A4] -> 0x83B3
mem[X,0x00000000800025A6] -> 0x0093
[3024] [M]: 0x00000000800025A4 (0x009383B3) add x7, x7, x9                          rtn_fm_mmode+4
x7 <- 0x00000000800015D4

mem[X,0x00000000800025A8] -> 0x3303
mem[X,0x00000000800025AA] -> 0x2601
[3025] [M]: 0x00000000800025A8 (0x26013303) ld x6, 0x260(x2)                        rtn_fm_mmode+8
mem[R,0x0000000080005260] -> 0xFFFFFFFF7FFFECAC
x6 <- 0xFFFFFFFF7FFFECAC

clint mtime 0x00000000000005E9 (mip.MTI <- 0b1, mip.STI <- 0b0)
mem[X,0x00000000800025AC] -> 0x3403
mem[X,0x00000000800025AE] -> 0x2701
[3026] [M]: 0x00000000800025AC (0x27013403) ld x8, 0x270(x2)                        rtn_fm_mmode+12
mem[R,0x0000000080005270] -> 0x0000000000007F76
x8 <- 0x0000000000007F76

mem[X,0x00000000800025B0] -> 0x3483
mem[X,0x00000000800025B2] -> 0x2781
[3027] [M]: 0x00000000800025B0 (0x27813483) ld x9, 0x278(x2)                        rtn_fm_mmode+16
mem[R,0x0000000080005278] -> 0x00000300000001D0
x9 <- 0x00000300000001D0

clint mtime 0x00000000000005EA (mip.MTI <- 0b1, mip.STI <- 0b0)
mem[X,0x00000000800025B4] -> 0x3503
mem[X,0x00000000800025B6] -> 0x2801
[3028] [M]: 0x00000000800025B4 (0x28013503) ld x10, 0x280(x2)                       rtn_fm_mmode+20
mem[R,0x0000000080005280] -> 0x00000000200000C9
x10 <- 0x00000000200000C9

mem[X,0x00000000800025B8] -> 0x3583
mem[X,0x00000000800025BA] -> 0x2881
[3029] [M]: 0x00000000800025B8 (0x28813583) ld x11, 0x288(x2)                       rtn_fm_mmode+24
mem[R,0x0000000080005288] -> 0x00000000000000C9
x11 <- 0x00000000000000C9

clint mtime 0x00000000000005EB (mip.MTI <- 0b1, mip.STI <- 0b0)
mem[X,0x00000000800025BC] -> 0x3103
mem[X,0x00000000800025BE] -> 0x2901
[3030] [M]: 0x00000000800025BC (0x29013103) ld x2, 0x290(x2)                        rtn_fm_mmode+28
mem[R,0x0000000080005290] -> 0x0000000000000000
x2 <- 0x0000000000000000

mem[X,0x00000000800025C0] -> 0x8067
mem[X,0x00000000800025C2] -> 0x0043
[3031] [M]: 0x00000000800025C0 (0x00438067) jalr x0, 0x4(x7)                        rtn_fm_mmode+32

clint mtime 0x00000000000005EC (mip.MTI <- 0b1, mip.STI <- 0b0)
mem[X,0x00000000800015D8] -> 0x0013
mem[X,0x00000000800015DA] -> 0x0000
[3032] [M]: 0x00000000800015D8 (0x00000013) addi x0, x0, 0x0                        main+3544

mem[X,0x00000000800015DC] -> 0x0013
mem[X,0x00000000800015DE] -> 0x0000
[3033] [M]: 0x00000000800015DC (0x00000013) addi x0, x0, 0x0                        main+3548

clint mtime 0x00000000000005ED (mip.MTI <- 0b1, mip.STI <- 0b0)
mem[X,0x00000000800015E0] -> 0x7517
mem[X,0x00000000800015E2] -> 0x0000
[3034] [M]: 0x00000000800015E0 (0x00007517) auipc x10, 0x7                          main+3552
x10 <- 0x00000000800085E0

mem[X,0x00000000800015E4] -> 0x0513
mem[X,0x00000000800015E6] -> 0xA205
[3035] [M]: 0x00000000800015E4 (0xA2050513) addi x10, x10, -0x5e0                   main+3556
x10 <- 0x0000000080008000

clint mtime 0x00000000000005EE (mip.MTI <- 0b1, mip.STI <- 0b0)
mem[X,0x00000000800015E8] -> 0x0001
[3036] [M]: 0x00000000800015E8 (0x0001) c.nop                                       main+3560

mem[X,0x00000000800015EA] -> 0x0013
mem[X,0x00000000800015EC] -> 0x0000
[3037] [M]: 0x00000000800015EA (0x00000013) addi x0, x0, 0x0                        main+3562

clint mtime 0x00000000000005EF (mip.MTI <- 0b1, mip.STI <- 0b0)
mem[X,0x00000000800015EE] -> 0x0013
mem[X,0x00000000800015F0] -> 0x0000
[3038] [M]: 0x00000000800015EE (0x00000013) addi x0, x0, 0x0                        main+3566

mem[X,0x00000000800015F2] -> 0x0013
mem[X,0x00000000800015F4] -> 0x0000
[3039] [M]: 0x00000000800015F2 (0x00000013) addi x0, x0, 0x0                        main+3570

clint mtime 0x00000000000005F0 (mip.MTI <- 0b1, mip.STI <- 0b0)
mem[X,0x00000000800015F6] -> 0x0013
mem[X,0x00000000800015F8] -> 0x0000
[3040] [M]: 0x00000000800015F6 (0x00000013) addi x0, x0, 0x0                        main+3574

mem[X,0x00000000800015FA] -> 0x0013
mem[X,0x00000000800015FC] -> 0x0000
[3041] [M]: 0x00000000800015FA (0x00000013) addi x0, x0, 0x0                        main+3578

clint mtime 0x00000000000005F1 (mip.MTI <- 0b1, mip.STI <- 0b0)
mem[X,0x00000000800015FE] -> 0x0001
[3042] [M]: 0x00000000800015FE (0x0001) c.nop                                       main+3582

mem[X,0x0000000080001600] -> 0x0593
mem[X,0x0000000080001602] -> 0x0010
[3043] [M]: 0x0000000080001600 (0x00100593) addi x11, x0, 0x1                       main+3584
x11 <- 0x0000000000000001

clint mtime 0x00000000000005F2 (mip.MTI <- 0b1, mip.STI <- 0b0)
mem[X,0x0000000080001604] -> 0x5513
mem[X,0x0000000080001606] -> 0x00C5
[3044] [M]: 0x0000000080001604 (0x00C55513) srli x10, x10, 0xc                      main+3588
x10 <- 0x0000000000080008

mem[X,0x0000000080001608] -> 0x1513
mem[X,0x000000008000160A] -> 0x00A5
[3045] [M]: 0x0000000080001608 (0x00A51513) slli x10, x10, 0xa                      main+3592
x10 <- 0x0000000020002000

clint mtime 0x00000000000005F3 (mip.MTI <- 0b1, mip.STI <- 0b0)
mem[X,0x000000008000160C] -> 0x6533
mem[X,0x000000008000160E] -> 0x00B5
[3046] [M]: 0x000000008000160C (0x00B56533) or x10, x10, x11                        main+3596
x10 <- 0x0000000020002001

mem[X,0x0000000080001610] -> 0x0013
mem[X,0x0000000080001612] -> 0x0000
[3047] [M]: 0x0000000080001610 (0x00000013) addi x0, x0, 0x0                        main+3600

clint mtime 0x00000000000005F4 (mip.MTI <- 0b1, mip.STI <- 0b0)
mem[X,0x0000000080001614] -> 0x0013
mem[X,0x0000000080001616] -> 0x0000
[3048] [M]: 0x0000000080001614 (0x00000013) addi x0, x0, 0x0                        main+3604

mem[X,0x0000000080001618] -> 0x0013
mem[X,0x000000008000161A] -> 0x0000
[3049] [M]: 0x0000000080001618 (0x00000013) addi x0, x0, 0x0                        main+3608

clint mtime 0x00000000000005F5 (mip.MTI <- 0b1, mip.STI <- 0b0)
mem[X,0x000000008000161C] -> 0x0013
mem[X,0x000000008000161E] -> 0x0000
[3050] [M]: 0x000000008000161C (0x00000013) addi x0, x0, 0x0                        main+3612

mem[X,0x0000000080001620] -> 0x8317
mem[X,0x0000000080001622] -> 0x0000
[3051] [M]: 0x0000000080001620 (0x00008317) auipc x6, 0x8                           main+3616
x6 <- 0x0000000080009620

clint mtime 0x00000000000005F6 (mip.MTI <- 0b1, mip.STI <- 0b0)
mem[X,0x0000000080001624] -> 0x0313
mem[X,0x0000000080001626] -> 0x9E03
[3052] [M]: 0x0000000080001624 (0x9E030313) addi x6, x6, -0x620                     main+3620
x6 <- 0x0000000080009000

mem[X,0x0000000080001628] -> 0x0001
[3053] [M]: 0x0000000080001628 (0x0001) c.nop                                       main+3624

clint mtime 0x00000000000005F7 (mip.MTI <- 0b1, mip.STI <- 0b0)
mem[X,0x000000008000162A] -> 0x0013
mem[X,0x000000008000162C] -> 0x0000
[3054] [M]: 0x000000008000162A (0x00000013) addi x0, x0, 0x0                        main+3626

mem[X,0x000000008000162E] -> 0x0013
mem[X,0x0000000080001630] -> 0x0000
[3055] [M]: 0x000000008000162E (0x00000013) addi x0, x0, 0x0                        main+3630

clint mtime 0x00000000000005F8 (mip.MTI <- 0b1, mip.STI <- 0b0)
mem[X,0x0000000080001632] -> 0x0013
mem[X,0x0000000080001634] -> 0x0000
[3056] [M]: 0x0000000080001632 (0x00000013) addi x0, x0, 0x0                        main+3634

mem[X,0x0000000080001636] -> 0x0013
mem[X,0x0000000080001638] -> 0x0000
[3057] [M]: 0x0000000080001636 (0x00000013) addi x0, x0, 0x0                        main+3638

clint mtime 0x00000000000005F9 (mip.MTI <- 0b1, mip.STI <- 0b0)
mem[X,0x000000008000163A] -> 0x0013
mem[X,0x000000008000163C] -> 0x0000
[3058] [M]: 0x000000008000163A (0x00000013) addi x0, x0, 0x0                        main+3642

mem[X,0x000000008000163E] -> 0x0001
[3059] [M]: 0x000000008000163E (0x0001) c.nop                                       main+3646

clint mtime 0x00000000000005FA (mip.MTI <- 0b1, mip.STI <- 0b0)
mem[X,0x0000000080001640] -> 0x0293
mem[X,0x0000000080001642] -> 0x0280
[3060] [M]: 0x0000000080001640 (0x02800293) addi x5, x0, 0x28                       main+3648
x5 <- 0x0000000000000028

mem[X,0x0000000080001644] -> 0x0333
mem[X,0x0000000080001646] -> 0x0053
[3061] [M]: 0x0000000080001644 (0x00530333) add x6, x6, x5                          main+3652
x6 <- 0x0000000080009028

clint mtime 0x00000000000005FB (mip.MTI <- 0b1, mip.STI <- 0b0)
mem[X,0x0000000080001648] -> 0x3023
mem[X,0x000000008000164A] -> 0x00A3
[3062] [M]: 0x0000000080001648 (0x00A33023) sd x10, 0x0(x6)                         main+3656
mem[W,0x0000000080009028] <- 0x0000000020002001

mem[X,0x000000008000164C] -> 0x0013
mem[X,0x000000008000164E] -> 0x0000
[3063] [M]: 0x000000008000164C (0x00000013) addi x0, x0, 0x0                        main+3660

clint mtime 0x00000000000005FC (mip.MTI <- 0b1, mip.STI <- 0b0)
mem[X,0x0000000080001650] -> 0x0013
mem[X,0x0000000080001652] -> 0x0000
[3064] [M]: 0x0000000080001650 (0x00000013) addi x0, x0, 0x0                        main+3664

mem[X,0x0000000080001654] -> 0x0013
mem[X,0x0000000080001656] -> 0x0000
[3065] [M]: 0x0000000080001654 (0x00000013) addi x0, x0, 0x0                        main+3668

clint mtime 0x00000000000005FD (mip.MTI <- 0b1, mip.STI <- 0b0)
mem[X,0x0000000080001658] -> 0x0013
mem[X,0x000000008000165A] -> 0x0000
[3066] [M]: 0x0000000080001658 (0x00000013) addi x0, x0, 0x0                        main+3672

mem[X,0x000000008000165C] -> 0x0013
mem[X,0x000000008000165E] -> 0x0000
[3067] [M]: 0x000000008000165C (0x00000013) addi x0, x0, 0x0                        main+3676

clint mtime 0x00000000000005FE (mip.MTI <- 0b1, mip.STI <- 0b0)
mem[X,0x0000000080001660] -> 0x6517
mem[X,0x0000000080001662] -> 0x0000
[3068] [M]: 0x0000000080001660 (0x00006517) auipc x10, 0x6                          main+3680
x10 <- 0x0000000080007660

mem[X,0x0000000080001664] -> 0x0513
mem[X,0x0000000080001666] -> 0x9A05
[3069] [M]: 0x0000000080001664 (0x9A050513) addi x10, x10, -0x660                   main+3684
x10 <- 0x0000000080007000

clint mtime 0x00000000000005FF (mip.MTI <- 0b1, mip.STI <- 0b0)
mem[X,0x0000000080001668] -> 0x0001
[3070] [M]: 0x0000000080001668 (0x0001) c.nop                                       main+3688

mem[X,0x000000008000166A] -> 0x0013
mem[X,0x000000008000166C] -> 0x0000
[3071] [M]: 0x000000008000166A (0x00000013) addi x0, x0, 0x0                        main+3690

clint mtime 0x0000000000000600 (mip.MTI <- 0b1, mip.STI <- 0b0)
mem[X,0x000000008000166E] -> 0x0013
mem[X,0x0000000080001670] -> 0x0000
[3072] [M]: 0x000000008000166E (0x00000013) addi x0, x0, 0x0                        main+3694

mem[X,0x0000000080001672] -> 0x0013
mem[X,0x0000000080001674] -> 0x0000
[3073] [M]: 0x0000000080001672 (0x00000013) addi x0, x0, 0x0                        main+3698

clint mtime 0x0000000000000601 (mip.MTI <- 0b1, mip.STI <- 0b0)
mem[X,0x0000000080001676] -> 0x0013
mem[X,0x0000000080001678] -> 0x0000
[3074] [M]: 0x0000000080001676 (0x00000013) addi x0, x0, 0x0                        main+3702

mem[X,0x000000008000167A] -> 0x0013
mem[X,0x000000008000167C] -> 0x0000
[3075] [M]: 0x000000008000167A (0x00000013) addi x0, x0, 0x0                        main+3706

clint mtime 0x0000000000000602 (mip.MTI <- 0b1, mip.STI <- 0b0)
mem[X,0x000000008000167E] -> 0x0001
[3076] [M]: 0x000000008000167E (0x0001) c.nop                                       main+3710

mem[X,0x0000000080001680] -> 0x0593
mem[X,0x0000000080001682] -> 0x0010
[3077] [M]: 0x0000000080001680 (0x00100593) addi x11, x0, 0x1                       main+3712
x11 <- 0x0000000000000001

clint mtime 0x0000000000000603 (mip.MTI <- 0b1, mip.STI <- 0b0)
mem[X,0x0000000080001684] -> 0x5513
mem[X,0x0000000080001686] -> 0x00C5
[3078] [M]: 0x0000000080001684 (0x00C55513) srli x10, x10, 0xc                      main+3716
x10 <- 0x0000000000080007

mem[X,0x0000000080001688] -> 0x1513
mem[X,0x000000008000168A] -> 0x00A5
[3079] [M]: 0x0000000080001688 (0x00A51513) slli x10, x10, 0xa                      main+3720
x10 <- 0x0000000020001C00

clint mtime 0x0000000000000604 (mip.MTI <- 0b1, mip.STI <- 0b0)
mem[X,0x000000008000168C] -> 0x6533
mem[X,0x000000008000168E] -> 0x00B5
[3080] [M]: 0x000000008000168C (0x00B56533) or x10, x10, x11                        main+3724
x10 <- 0x0000000020001C01

mem[X,0x0000000080001690] -> 0x0013
mem[X,0x0000000080001692] -> 0x0000
[3081] [M]: 0x0000000080001690 (0x00000013) addi x0, x0, 0x0                        main+3728

clint mtime 0x0000000000000605 (mip.MTI <- 0b1, mip.STI <- 0b0)
mem[X,0x0000000080001694] -> 0x0013
mem[X,0x0000000080001696] -> 0x0000
[3082] [M]: 0x0000000080001694 (0x00000013) addi x0, x0, 0x0                        main+3732

mem[X,0x0000000080001698] -> 0x0013
mem[X,0x000000008000169A] -> 0x0000
[3083] [M]: 0x0000000080001698 (0x00000013) addi x0, x0, 0x0                        main+3736

clint mtime 0x0000000000000606 (mip.MTI <- 0b1, mip.STI <- 0b0)
mem[X,0x000000008000169C] -> 0x0013
mem[X,0x000000008000169E] -> 0x0000
[3084] [M]: 0x000000008000169C (0x00000013) addi x0, x0, 0x0                        main+3740

mem[X,0x00000000800016A0] -> 0x7317
mem[X,0x00000000800016A2] -> 0x0000
[3085] [M]: 0x00000000800016A0 (0x00007317) auipc x6, 0x7                           main+3744
x6 <- 0x00000000800086A0

clint mtime 0x0000000000000607 (mip.MTI <- 0b1, mip.STI <- 0b0)
mem[X,0x00000000800016A4] -> 0x0313
mem[X,0x00000000800016A6] -> 0x9603
[3086] [M]: 0x00000000800016A4 (0x96030313) addi x6, x6, -0x6a0                     main+3748
x6 <- 0x0000000080008000

mem[X,0x00000000800016A8] -> 0x0001
[3087] [M]: 0x00000000800016A8 (0x0001) c.nop                                       main+3752

clint mtime 0x0000000000000608 (mip.MTI <- 0b1, mip.STI <- 0b0)
mem[X,0x00000000800016AA] -> 0x0013
mem[X,0x00000000800016AC] -> 0x0000
[3088] [M]: 0x00000000800016AA (0x00000013) addi x0, x0, 0x0                        main+3754

mem[X,0x00000000800016AE] -> 0x0013
mem[X,0x00000000800016B0] -> 0x0000
[3089] [M]: 0x00000000800016AE (0x00000013) addi x0, x0, 0x0                        main+3758

clint mtime 0x0000000000000609 (mip.MTI <- 0b1, mip.STI <- 0b0)
mem[X,0x00000000800016B2] -> 0x0013
mem[X,0x00000000800016B4] -> 0x0000
[3090] [M]: 0x00000000800016B2 (0x00000013) addi x0, x0, 0x0                        main+3762

mem[X,0x00000000800016B6] -> 0x0013
mem[X,0x00000000800016B8] -> 0x0000
[3091] [M]: 0x00000000800016B6 (0x00000013) addi x0, x0, 0x0                        main+3766

clint mtime 0x000000000000060A (mip.MTI <- 0b1, mip.STI <- 0b0)
mem[X,0x00000000800016BA] -> 0x0013
mem[X,0x00000000800016BC] -> 0x0000
[3092] [M]: 0x00000000800016BA (0x00000013) addi x0, x0, 0x0                        main+3770

mem[X,0x00000000800016BE] -> 0x0001
[3093] [M]: 0x00000000800016BE (0x0001) c.nop                                       main+3774

clint mtime 0x000000000000060B (mip.MTI <- 0b1, mip.STI <- 0b0)
mem[X,0x00000000800016C0] -> 0x0293
mem[X,0x00000000800016C2] -> 0x0000
[3094] [M]: 0x00000000800016C0 (0x00000293) addi x5, x0, 0x0                        main+3776
x5 <- 0x0000000000000000

mem[X,0x00000000800016C4] -> 0x0333
mem[X,0x00000000800016C6] -> 0x0053
[3095] [M]: 0x00000000800016C4 (0x00530333) add x6, x6, x5                          main+3780
x6 <- 0x0000000080008000

clint mtime 0x000000000000060C (mip.MTI <- 0b1, mip.STI <- 0b0)
mem[X,0x00000000800016C8] -> 0x3023
mem[X,0x00000000800016CA] -> 0x00A3
[3096] [M]: 0x00000000800016C8 (0x00A33023) sd x10, 0x0(x6)                         main+3784
mem[W,0x0000000080008000] <- 0x0000000020001C01

mem[X,0x00000000800016CC] -> 0x0013
mem[X,0x00000000800016CE] -> 0x0000
[3097] [M]: 0x00000000800016CC (0x00000013) addi x0, x0, 0x0                        main+3788

clint mtime 0x000000000000060D (mip.MTI <- 0b1, mip.STI <- 0b0)
mem[X,0x00000000800016D0] -> 0x0013
mem[X,0x00000000800016D2] -> 0x0000
[3098] [M]: 0x00000000800016D0 (0x00000013) addi x0, x0, 0x0                        main+3792

mem[X,0x00000000800016D4] -> 0x0013
mem[X,0x00000000800016D6] -> 0x0000
[3099] [M]: 0x00000000800016D4 (0x00000013) addi x0, x0, 0x0                        main+3796

clint mtime 0x000000000000060E (mip.MTI <- 0b1, mip.STI <- 0b0)
mem[X,0x00000000800016D8] -> 0x0013
mem[X,0x00000000800016DA] -> 0x0000
[3100] [M]: 0x00000000800016D8 (0x00000013) addi x0, x0, 0x0                        main+3800

mem[X,0x00000000800016DC] -> 0x0013
mem[X,0x00000000800016DE] -> 0x0000
[3101] [M]: 0x00000000800016DC (0x00000013) addi x0, x0, 0x0                        main+3804

clint mtime 0x000000000000060F (mip.MTI <- 0b1, mip.STI <- 0b0)
mem[X,0x00000000800016E0] -> 0x5517
mem[X,0x00000000800016E2] -> 0x0000
[3102] [M]: 0x00000000800016E0 (0x00005517) auipc x10, 0x5                          main+3808
x10 <- 0x00000000800066E0

mem[X,0x00000000800016E4] -> 0x0513
mem[X,0x00000000800016E6] -> 0x9205
[3103] [M]: 0x00000000800016E4 (0x92050513) addi x10, x10, -0x6e0                   main+3812
x10 <- 0x0000000080006000

clint mtime 0x0000000000000610 (mip.MTI <- 0b1, mip.STI <- 0b0)
mem[X,0x00000000800016E8] -> 0x0001
[3104] [M]: 0x00000000800016E8 (0x0001) c.nop                                       main+3816

mem[X,0x00000000800016EA] -> 0x0013
mem[X,0x00000000800016EC] -> 0x0000
[3105] [M]: 0x00000000800016EA (0x00000013) addi x0, x0, 0x0                        main+3818

clint mtime 0x0000000000000611 (mip.MTI <- 0b1, mip.STI <- 0b0)
mem[X,0x00000000800016EE] -> 0x0013
mem[X,0x00000000800016F0] -> 0x0000
[3106] [M]: 0x00000000800016EE (0x00000013) addi x0, x0, 0x0                        main+3822

mem[X,0x00000000800016F2] -> 0x0013
mem[X,0x00000000800016F4] -> 0x0000
[3107] [M]: 0x00000000800016F2 (0x00000013) addi x0, x0, 0x0                        main+3826

clint mtime 0x0000000000000612 (mip.MTI <- 0b1, mip.STI <- 0b0)
mem[X,0x00000000800016F6] -> 0x0013
mem[X,0x00000000800016F8] -> 0x0000
[3108] [M]: 0x00000000800016F6 (0x00000013) addi x0, x0, 0x0                        main+3830

mem[X,0x00000000800016FA] -> 0x0013
mem[X,0x00000000800016FC] -> 0x0000
[3109] [M]: 0x00000000800016FA (0x00000013) addi x0, x0, 0x0                        main+3834

clint mtime 0x0000000000000613 (mip.MTI <- 0b1, mip.STI <- 0b0)
mem[X,0x00000000800016FE] -> 0x0001
[3110] [M]: 0x00000000800016FE (0x0001) c.nop                                       main+3838

mem[X,0x0000000080001700] -> 0x0593
mem[X,0x0000000080001702] -> 0x0010
[3111] [M]: 0x0000000080001700 (0x00100593) addi x11, x0, 0x1                       main+3840
x11 <- 0x0000000000000001

clint mtime 0x0000000000000614 (mip.MTI <- 0b1, mip.STI <- 0b0)
mem[X,0x0000000080001704] -> 0x5513
mem[X,0x0000000080001706] -> 0x00C5
[3112] [M]: 0x0000000080001704 (0x00C55513) srli x10, x10, 0xc                      main+3844
x10 <- 0x0000000000080006

mem[X,0x0000000080001708] -> 0x1513
mem[X,0x000000008000170A] -> 0x00A5
[3113] [M]: 0x0000000080001708 (0x00A51513) slli x10, x10, 0xa                      main+3848
x10 <- 0x0000000020001800

clint mtime 0x0000000000000615 (mip.MTI <- 0b1, mip.STI <- 0b0)
mem[X,0x000000008000170C] -> 0x6533
mem[X,0x000000008000170E] -> 0x00B5
[3114] [M]: 0x000000008000170C (0x00B56533) or x10, x10, x11                        main+3852
x10 <- 0x0000000020001801

mem[X,0x0000000080001710] -> 0x0013
mem[X,0x0000000080001712] -> 0x0000
[3115] [M]: 0x0000000080001710 (0x00000013) addi x0, x0, 0x0                        main+3856

clint mtime 0x0000000000000616 (mip.MTI <- 0b1, mip.STI <- 0b0)
mem[X,0x0000000080001714] -> 0x0013
mem[X,0x0000000080001716] -> 0x0000
[3116] [M]: 0x0000000080001714 (0x00000013) addi x0, x0, 0x0                        main+3860

mem[X,0x0000000080001718] -> 0x0013
mem[X,0x000000008000171A] -> 0x0000
[3117] [M]: 0x0000000080001718 (0x00000013) addi x0, x0, 0x0                        main+3864

clint mtime 0x0000000000000617 (mip.MTI <- 0b1, mip.STI <- 0b0)
mem[X,0x000000008000171C] -> 0x0013
mem[X,0x000000008000171E] -> 0x0000
[3118] [M]: 0x000000008000171C (0x00000013) addi x0, x0, 0x0                        main+3868

mem[X,0x0000000080001720] -> 0x6317
mem[X,0x0000000080001722] -> 0x0000
[3119] [M]: 0x0000000080001720 (0x00006317) auipc x6, 0x6                           main+3872
x6 <- 0x0000000080007720

clint mtime 0x0000000000000618 (mip.MTI <- 0b1, mip.STI <- 0b0)
mem[X,0x0000000080001724] -> 0x0313
mem[X,0x0000000080001726] -> 0x8E03
[3120] [M]: 0x0000000080001724 (0x8E030313) addi x6, x6, -0x720                     main+3876
x6 <- 0x0000000080007000

mem[X,0x0000000080001728] -> 0x0001
[3121] [M]: 0x0000000080001728 (0x0001) c.nop                                       main+3880

clint mtime 0x0000000000000619 (mip.MTI <- 0b1, mip.STI <- 0b0)
mem[X,0x000000008000172A] -> 0x0013
mem[X,0x000000008000172C] -> 0x0000
[3122] [M]: 0x000000008000172A (0x00000013) addi x0, x0, 0x0                        main+3882

mem[X,0x000000008000172E] -> 0x0013
mem[X,0x0000000080001730] -> 0x0000
[3123] [M]: 0x000000008000172E (0x00000013) addi x0, x0, 0x0                        main+3886

clint mtime 0x000000000000061A (mip.MTI <- 0b1, mip.STI <- 0b0)
mem[X,0x0000000080001732] -> 0x0013
mem[X,0x0000000080001734] -> 0x0000
[3124] [M]: 0x0000000080001732 (0x00000013) addi x0, x0, 0x0                        main+3890

mem[X,0x0000000080001736] -> 0x0013
mem[X,0x0000000080001738] -> 0x0000
[3125] [M]: 0x0000000080001736 (0x00000013) addi x0, x0, 0x0                        main+3894

clint mtime 0x000000000000061B (mip.MTI <- 0b1, mip.STI <- 0b0)
mem[X,0x000000008000173A] -> 0x0013
mem[X,0x000000008000173C] -> 0x0000
[3126] [M]: 0x000000008000173A (0x00000013) addi x0, x0, 0x0                        main+3898

mem[X,0x000000008000173E] -> 0x0001
[3127] [M]: 0x000000008000173E (0x0001) c.nop                                       main+3902

clint mtime 0x000000000000061C (mip.MTI <- 0b1, mip.STI <- 0b0)
mem[X,0x0000000080001740] -> 0x0293
mem[X,0x0000000080001742] -> 0x0000
[3128] [M]: 0x0000000080001740 (0x00000293) addi x5, x0, 0x0                        main+3904
x5 <- 0x0000000000000000

mem[X,0x0000000080001744] -> 0x0333
mem[X,0x0000000080001746] -> 0x0053
[3129] [M]: 0x0000000080001744 (0x00530333) add x6, x6, x5                          main+3908
x6 <- 0x0000000080007000

clint mtime 0x000000000000061D (mip.MTI <- 0b1, mip.STI <- 0b0)
mem[X,0x0000000080001748] -> 0x3023
mem[X,0x000000008000174A] -> 0x00A3
[3130] [M]: 0x0000000080001748 (0x00A33023) sd x10, 0x0(x6)                         main+3912
mem[W,0x0000000080007000] <- 0x0000000020001801

mem[X,0x000000008000174C] -> 0x0013
mem[X,0x000000008000174E] -> 0x0000
[3131] [M]: 0x000000008000174C (0x00000013) addi x0, x0, 0x0                        main+3916

clint mtime 0x000000000000061E (mip.MTI <- 0b1, mip.STI <- 0b0)
mem[X,0x0000000080001750] -> 0x0013
mem[X,0x0000000080001752] -> 0x0000
[3132] [M]: 0x0000000080001750 (0x00000013) addi x0, x0, 0x0                        main+3920

mem[X,0x0000000080001754] -> 0x0013
mem[X,0x0000000080001756] -> 0x0000
[3133] [M]: 0x0000000080001754 (0x00000013) addi x0, x0, 0x0                        main+3924

clint mtime 0x000000000000061F (mip.MTI <- 0b1, mip.STI <- 0b0)
mem[X,0x0000000080001758] -> 0x0013
mem[X,0x000000008000175A] -> 0x0000
[3134] [M]: 0x0000000080001758 (0x00000013) addi x0, x0, 0x0                        main+3928

mem[X,0x000000008000175C] -> 0x0013
mem[X,0x000000008000175E] -> 0x0000
[3135] [M]: 0x000000008000175C (0x00000013) addi x0, x0, 0x0                        main+3932

clint mtime 0x0000000000000620 (mip.MTI <- 0b1, mip.STI <- 0b0)
mem[X,0x0000000080001760] -> 0xF517
mem[X,0x0000000080001762] -> 0xFFFF
[3136] [M]: 0x0000000080001760 (0xFFFFF517) auipc x10, -0x1                         main+3936
x10 <- 0x0000000080000760

mem[X,0x0000000080001764] -> 0x0513
mem[X,0x0000000080001766] -> 0xCA05
[3137] [M]: 0x0000000080001764 (0xCA050513) addi x10, x10, -0x360                   main+3940
x10 <- 0x0000000080000400

clint mtime 0x0000000000000621 (mip.MTI <- 0b1, mip.STI <- 0b0)
mem[X,0x0000000080001768] -> 0x0001
[3138] [M]: 0x0000000080001768 (0x0001) c.nop                                       main+3944

mem[X,0x000000008000176A] -> 0x0013
mem[X,0x000000008000176C] -> 0x0000
[3139] [M]: 0x000000008000176A (0x00000013) addi x0, x0, 0x0                        main+3946

clint mtime 0x0000000000000622 (mip.MTI <- 0b1, mip.STI <- 0b0)
mem[X,0x000000008000176E] -> 0x0013
mem[X,0x0000000080001770] -> 0x0000
[3140] [M]: 0x000000008000176E (0x00000013) addi x0, x0, 0x0                        main+3950

mem[X,0x0000000080001772] -> 0x0013
mem[X,0x0000000080001774] -> 0x0000
[3141] [M]: 0x0000000080001772 (0x00000013) addi x0, x0, 0x0                        main+3954

clint mtime 0x0000000000000623 (mip.MTI <- 0b1, mip.STI <- 0b0)
mem[X,0x0000000080001776] -> 0x0013
mem[X,0x0000000080001778] -> 0x0000
[3142] [M]: 0x0000000080001776 (0x00000013) addi x0, x0, 0x0                        main+3958

mem[X,0x000000008000177A] -> 0x0013
mem[X,0x000000008000177C] -> 0x0000
[3143] [M]: 0x000000008000177A (0x00000013) addi x0, x0, 0x0                        main+3962

clint mtime 0x0000000000000624 (mip.MTI <- 0b1, mip.STI <- 0b0)
mem[X,0x000000008000177E] -> 0x0001
[3144] [M]: 0x000000008000177E (0x0001) c.nop                                       main+3966

mem[X,0x0000000080001780] -> 0x0593
mem[X,0x0000000080001782] -> 0x0C90
[3145] [M]: 0x0000000080001780 (0x0C900593) addi x11, x0, 0xc9                      main+3968
x11 <- 0x00000000000000C9

clint mtime 0x0000000000000625 (mip.MTI <- 0b1, mip.STI <- 0b0)
mem[X,0x0000000080001784] -> 0x5513
mem[X,0x0000000080001786] -> 0x00C5
[3146] [M]: 0x0000000080001784 (0x00C55513) srli x10, x10, 0xc                      main+3972
x10 <- 0x0000000000080000

mem[X,0x0000000080001788] -> 0x1513
mem[X,0x000000008000178A] -> 0x00A5
[3147] [M]: 0x0000000080001788 (0x00A51513) slli x10, x10, 0xa                      main+3976
x10 <- 0x0000000020000000

clint mtime 0x0000000000000626 (mip.MTI <- 0b1, mip.STI <- 0b0)
mem[X,0x000000008000178C] -> 0x6533
mem[X,0x000000008000178E] -> 0x00B5
[3148] [M]: 0x000000008000178C (0x00B56533) or x10, x10, x11                        main+3980
x10 <- 0x00000000200000C9

mem[X,0x0000000080001790] -> 0x0013
mem[X,0x0000000080001792] -> 0x0000
[3149] [M]: 0x0000000080001790 (0x00000013) addi x0, x0, 0x0                        main+3984

clint mtime 0x0000000000000627 (mip.MTI <- 0b1, mip.STI <- 0b0)
mem[X,0x0000000080001794] -> 0x0013
mem[X,0x0000000080001796] -> 0x0000
[3150] [M]: 0x0000000080001794 (0x00000013) addi x0, x0, 0x0                        main+3988

mem[X,0x0000000080001798] -> 0x0013
mem[X,0x000000008000179A] -> 0x0000
[3151] [M]: 0x0000000080001798 (0x00000013) addi x0, x0, 0x0                        main+3992

clint mtime 0x0000000000000628 (mip.MTI <- 0b1, mip.STI <- 0b0)
mem[X,0x000000008000179C] -> 0x0013
mem[X,0x000000008000179E] -> 0x0000
[3152] [M]: 0x000000008000179C (0x00000013) addi x0, x0, 0x0                        main+3996

mem[X,0x00000000800017A0] -> 0x5317
mem[X,0x00000000800017A2] -> 0x0000
[3153] [M]: 0x00000000800017A0 (0x00005317) auipc x6, 0x5                           main+4000
x6 <- 0x00000000800067A0

clint mtime 0x0000000000000629 (mip.MTI <- 0b1, mip.STI <- 0b0)
mem[X,0x00000000800017A4] -> 0x0313
mem[X,0x00000000800017A6] -> 0x8603
[3154] [M]: 0x00000000800017A4 (0x86030313) addi x6, x6, -0x7a0                     main+4004
x6 <- 0x0000000080006000

mem[X,0x00000000800017A8] -> 0x0001
[3155] [M]: 0x00000000800017A8 (0x0001) c.nop                                       main+4008

clint mtime 0x000000000000062A (mip.MTI <- 0b1, mip.STI <- 0b0)
mem[X,0x00000000800017AA] -> 0x0013
mem[X,0x00000000800017AC] -> 0x0000
[3156] [M]: 0x00000000800017AA (0x00000013) addi x0, x0, 0x0                        main+4010

mem[X,0x00000000800017AE] -> 0x0013
mem[X,0x00000000800017B0] -> 0x0000
[3157] [M]: 0x00000000800017AE (0x00000013) addi x0, x0, 0x0                        main+4014

clint mtime 0x000000000000062B (mip.MTI <- 0b1, mip.STI <- 0b0)
mem[X,0x00000000800017B2] -> 0x0013
mem[X,0x00000000800017B4] -> 0x0000
[3158] [M]: 0x00000000800017B2 (0x00000013) addi x0, x0, 0x0                        main+4018

mem[X,0x00000000800017B6] -> 0x0013
mem[X,0x00000000800017B8] -> 0x0000
[3159] [M]: 0x00000000800017B6 (0x00000013) addi x0, x0, 0x0                        main+4022

clint mtime 0x000000000000062C (mip.MTI <- 0b1, mip.STI <- 0b0)
mem[X,0x00000000800017BA] -> 0x0013
mem[X,0x00000000800017BC] -> 0x0000
[3160] [M]: 0x00000000800017BA (0x00000013) addi x0, x0, 0x0                        main+4026

mem[X,0x00000000800017BE] -> 0x0001
[3161] [M]: 0x00000000800017BE (0x0001) c.nop                                       main+4030

clint mtime 0x000000000000062D (mip.MTI <- 0b1, mip.STI <- 0b0)
mem[X,0x00000000800017C0] -> 0x0293
mem[X,0x00000000800017C2] -> 0x0000
[3162] [M]: 0x00000000800017C0 (0x00000293) addi x5, x0, 0x0                        main+4032
x5 <- 0x0000000000000000

mem[X,0x00000000800017C4] -> 0x0333
mem[X,0x00000000800017C6] -> 0x0053
[3163] [M]: 0x00000000800017C4 (0x00530333) add x6, x6, x5                          main+4036
x6 <- 0x0000000080006000

clint mtime 0x000000000000062E (mip.MTI <- 0b1, mip.STI <- 0b0)
mem[X,0x00000000800017C8] -> 0x3023
mem[X,0x00000000800017CA] -> 0x00A3
[3164] [M]: 0x00000000800017C8 (0x00A33023) sd x10, 0x0(x6)                         main+4040
mem[W,0x0000000080006000] <- 0x00000000200000C9

mem[X,0x00000000800017CC] -> 0x0073
mem[X,0x00000000800017CE] -> 0x1200
[3165] [M]: 0x00000000800017CC (0x12000073) sfence.vma x0, x0                       main+4044

clint mtime 0x000000000000062F (mip.MTI <- 0b1, mip.STI <- 0b0)
mem[X,0x00000000800017D0] -> 0x0BB7
mem[X,0x00000000800017D2] -> 0x0008
[3166] [M]: 0x00000000800017D0 (0x00080BB7) lui x23, 0x80                           main+4048
x23 <- 0x0000000000080000

mem[X,0x00000000800017D4] -> 0xB073
mem[X,0x00000000800017D6] -> 0x300B
[3167] [M]: 0x00000000800017D4 (0x300BB073) csrrc x0, mstatus, x23                  main+4052
CSR mstatus (0x300) <- 0x0000000A00000800

clint mtime 0x0000000000000630 (mip.MTI <- 0b1, mip.STI <- 0b0)
mem[X,0x00000000800017D8] -> 0x0493
mem[X,0x00000000800017DA] -> 0x0010
[3168] [M]: 0x00000000800017D8 (0x00100493) addi x9, x0, 0x1                        main+4056
x9 <- 0x0000000000000001

mem[X,0x00000000800017DC] -> 0x9493
mem[X,0x00000000800017DE] -> 0x00B4
[3169] [M]: 0x00000000800017DC (0x00B49493) slli x9, x9, 0xb                        main+4060
x9 <- 0x0000000000000800

clint mtime 0x0000000000000631 (mip.MTI <- 0b1, mip.STI <- 0b0)
mem[X,0x00000000800017E0] -> 0xB073
mem[X,0x00000000800017E2] -> 0x3004
[3170] [M]: 0x00000000800017E0 (0x3004B073) csrrc x0, mstatus, x9                   main+4064
CSR mstatus (0x300) <- 0x0000000A00000000

mem[X,0x00000000800017E4] -> 0x0493
mem[X,0x00000000800017E6] -> 0x0010
[3171] [M]: 0x00000000800017E4 (0x00100493) addi x9, x0, 0x1                        main+4068
x9 <- 0x0000000000000001

clint mtime 0x0000000000000632 (mip.MTI <- 0b1, mip.STI <- 0b0)
mem[X,0x00000000800017E8] -> 0x9493
mem[X,0x00000000800017EA] -> 0x00B4
[3172] [M]: 0x00000000800017E8 (0x00B49493) slli x9, x9, 0xb                        main+4072
x9 <- 0x0000000000000800

mem[X,0x00000000800017EC] -> 0xA073
mem[X,0x00000000800017EE] -> 0x3004
[3173] [M]: 0x00000000800017EC (0x3004A073) csrrs x0, mstatus, x9                   main+4076
CSR mstatus (0x300) <- 0x0000000A00000800

clint mtime 0x0000000000000633 (mip.MTI <- 0b1, mip.STI <- 0b0)
mem[X,0x00000000800017F0] -> 0x23F3
mem[X,0x00000000800017F2] -> 0x3400
[3174] [M]: 0x00000000800017F0 (0x340023F3) csrrs x7, mscratch, x0                  main+4080
CSR mscratch (0x340) -> 0x0000000080005000
x7 <- 0x0000000080005000

mem[X,0x00000000800017F4] -> 0xB303
mem[X,0x00000000800017F6] -> 0x4703
[3175] [M]: 0x00000000800017F4 (0x4703B303) ld x6, 0x470(x7)                        main+4084
mem[R,0x0000000080005470] -> 0x00000300800007BC
x6 <- 0x00000300800007BC

clint mtime 0x0000000000000634 (mip.MTI <- 0b1, mip.STI <- 0b0)
mem[X,0x00000000800017F8] -> 0xB483
mem[X,0x00000000800017FA] -> 0x1D83
[3176] [M]: 0x00000000800017F8 (0x1D83B483) ld x9, 0x1d8(x7)                        main+4088
mem[R,0x00000000800051D8] -> 0x00000000800007D4
x9 <- 0x00000000800007D4

mem[X,0x00000000800017FC] -> 0x0333
mem[X,0x00000000800017FE] -> 0x4093
[3177] [M]: 0x00000000800017FC (0x40930333) sub x6, x6, x9                          main+4092
x6 <- 0x000002FFFFFFFFE8

clint mtime 0x0000000000000635 (mip.MTI <- 0b1, mip.STI <- 0b0)
mem[X,0x0000000080001800] -> 0x0313
mem[X,0x0000000080001802] -> 0x0103
[3178] [M]: 0x0000000080001800 (0x01030313) addi x6, x6, 0x10                       main+4096
x6 <- 0x000002FFFFFFFFF8

mem[X,0x0000000080001804] -> 0x0497
mem[X,0x0000000080001806] -> 0x0000
[3179] [M]: 0x0000000080001804 (0x00000497) auipc x9, 0x0                           main+4100
x9 <- 0x0000000080001804

clint mtime 0x0000000000000636 (mip.MTI <- 0b1, mip.STI <- 0b0)
mem[X,0x0000000080001808] -> 0x84B3
mem[X,0x000000008000180A] -> 0x0064
[3180] [M]: 0x0000000080001808 (0x006484B3) add x9, x9, x6                          main+4104
x9 <- 0x00000300800017FC

mem[X,0x000000008000180C] -> 0x94F3
mem[X,0x000000008000180E] -> 0x3414
[3181] [M]: 0x000000008000180C (0x341494F3) csrrw x9, mepc, x9                      main+4108
CSR mepc (0x341) <- 0x00000300800017FC
x9 <- 0x00000300800015BC

clint mtime 0x0000000000000637 (mip.MTI <- 0b1, mip.STI <- 0b0)
mem[X,0x0000000080001810] -> 0x0073
mem[X,0x0000000080001812] -> 0x3020
[3182] [M]: 0x0000000080001810 (0x30200073) mret                                    main+4112
CSR mstatus (0x300) <- 0x0000000A00000080
ret-ing from M to S

PTW: Start, vpn=0x30080001, access_type=X, privilege=Smem[R,0x0000000080009030] -> 0x00000000000000CB
PTW: Step, level=3, pte=0xCB, pte_addr=0x80009030
PTW: Success, final_ppn=0x80001, level=3mem[X,0x00000000800017FC] -> 0x0333
PTW: Start, vpn=0x30080001, access_type=X, privilege=Smem[R,0x0000000080009030] -> 0x00000000000000CB
PTW: Step, level=3, pte=0xCB, pte_addr=0x80009030
PTW: Success, final_ppn=0x80001, level=3mem[X,0x00000000800017FE] -> 0x4093
[3183] [S]: 0x00000300800017FC (0x40930333) sub x6, x6, x9                          va_rvtest_code_begin+4160
x6 <- 0xFFFFFFFF7FFFEA3C

clint mtime 0x0000000000000638 (mip.MTI <- 0b1, mip.STI <- 0b0)
PTW: Start, vpn=0x30080001, access_type=X, privilege=Smem[R,0x0000000080009030] -> 0x00000000000000CB
PTW: Step, level=3, pte=0xCB, pte_addr=0x80009030
PTW: Success, final_ppn=0x80001, level=3mem[X,0x0000000080001800] -> 0x0313
PTW: Start, vpn=0x30080001, access_type=X, privilege=Smem[R,0x0000000080009030] -> 0x00000000000000CB
PTW: Step, level=3, pte=0xCB, pte_addr=0x80009030
PTW: Success, final_ppn=0x80001, level=3mem[X,0x0000000080001802] -> 0x0103
[3184] [S]: 0x0000030080001800 (0x01030313) addi x6, x6, 0x10                       va_rvtest_code_begin+4164
x6 <- 0xFFFFFFFF7FFFEA4C

PTW: Start, vpn=0x30080001, access_type=X, privilege=Smem[R,0x0000000080009030] -> 0x00000000000000CB
PTW: Step, level=3, pte=0xCB, pte_addr=0x80009030
PTW: Success, final_ppn=0x80001, level=3mem[X,0x0000000080001804] -> 0x0497
PTW: Start, vpn=0x30080001, access_type=X, privilege=Smem[R,0x0000000080009030] -> 0x00000000000000CB
PTW: Step, level=3, pte=0xCB, pte_addr=0x80009030
PTW: Success, final_ppn=0x80001, level=3mem[X,0x0000000080001806] -> 0x0000
[3185] [S]: 0x0000030080001804 (0x00000497) auipc x9, 0x0                           va_rvtest_code_begin+4168
x9 <- 0x0000030080001804

clint mtime 0x0000000000000639 (mip.MTI <- 0b1, mip.STI <- 0b0)
PTW: Start, vpn=0x30080001, access_type=X, privilege=Smem[R,0x0000000080009030] -> 0x00000000000000CB
PTW: Step, level=3, pte=0xCB, pte_addr=0x80009030
PTW: Success, final_ppn=0x80001, level=3mem[X,0x0000000080001808] -> 0x84B3
PTW: Start, vpn=0x30080001, access_type=X, privilege=Smem[R,0x0000000080009030] -> 0x00000000000000CB
PTW: Step, level=3, pte=0xCB, pte_addr=0x80009030
PTW: Success, final_ppn=0x80001, level=3mem[X,0x000000008000180A] -> 0x0064
[3186] [S]: 0x0000030080001808 (0x006484B3) add x9, x9, x6                          va_rvtest_code_begin+4172
x9 <- 0x0000030000000250

PTW: Start, vpn=0x30080001, access_type=X, privilege=Smem[R,0x0000000080009030] -> 0x00000000000000CB
PTW: Step, level=3, pte=0xCB, pte_addr=0x80009030
PTW: Success, final_ppn=0x80001, level=3mem[X,0x000000008000180C] -> 0x94F3
PTW: Start, vpn=0x30080001, access_type=X, privilege=Smem[R,0x0000000080009030] -> 0x00000000000000CB
PTW: Step, level=3, pte=0xCB, pte_addr=0x80009030
PTW: Success, final_ppn=0x80001, level=3mem[X,0x000000008000180E] -> 0x3414
[3187] [S]: 0x000003008000180C (0x341494F3) csrrw x9, mepc, x9                      va_rvtest_code_begin+4176
trapping from S to M to handle illegal-instruction
handling exc#illegal-instruction at priv M with tval 0x00000000341494F3
CSR mstatus (0x300) <- 0x0000000A00000800
CSR mcause (0x342) <- 0x0000000000000002
CSR mtval (0x343) <- 0x00000000341494F3
CSR mepc (0x341) <- 0x000003008000180C

clint mtime 0x000000000000063A (mip.MTI <- 0b1, mip.STI <- 0b0)
mem[X,0x0000000080001C80] -> 0x006F
mem[X,0x0000000080001C82] -> 0x1000
[3188] [M]: 0x0000000080001C80 (0x1000006F) jal x0, 0x100                           Mtrampoline+0

mem[X,0x0000000080001D80] -> 0x1173
mem[X,0x0000000080001D82] -> 0x3401
[3189] [M]: 0x0000000080001D80 (0x34011173) csrrw x2, mscratch, x2                  trap_Mhandler+0
CSR mscratch (0x340) <- 0x0000000000000000
x2 <- 0x0000000080005000

clint mtime 0x000000000000063B (mip.MTI <- 0b1, mip.STI <- 0b0)
mem[X,0x0000000080001D84] -> 0x3423
mem[X,0x0000000080001D86] -> 0x28B1
[3190] [M]: 0x0000000080001D84 (0x28B13423) sd x11, 0x288(x2)                       trap_Mhandler+4
mem[W,0x0000000080005288] <- 0x00000000000000C9

mem[X,0x0000000080001D88] -> 0x05EF
mem[X,0x0000000080001D8A] -> 0x0B80
[3191] [M]: 0x0000000080001D88 (0x0B8005EF) jal x11, 0xb8                           trap_Mhandler+8
x11 <- 0x0000000080001D8C

clint mtime 0x000000000000063C (mip.MTI <- 0b1, mip.STI <- 0b0)
mem[X,0x0000000080001E40] -> 0x3023
mem[X,0x0000000080001E42] -> 0x28A1
[3192] [M]: 0x0000000080001E40 (0x28A13023) sd x10, 0x280(x2)                       common_Mhandler+0
mem[W,0x0000000080005280] <- 0x00000000200000C9

mem[X,0x0000000080001E44] -> 0x1573
mem[X,0x0000000080001E46] -> 0x3401
[3193] [M]: 0x0000000080001E44 (0x34011573) csrrw x10, mscratch, x2                 common_Mhandler+4
CSR mscratch (0x340) <- 0x0000000080005000
x10 <- 0x0000000000000000

clint mtime 0x000000000000063D (mip.MTI <- 0b1, mip.STI <- 0b0)
mem[X,0x0000000080001E48] -> 0x3823
mem[X,0x0000000080001E4A] -> 0x28A1
[3194] [M]: 0x0000000080001E48 (0x28A13823) sd x10, 0x290(x2)                       common_Mhandler+8
mem[W,0x0000000080005290] <- 0x0000000000000000

mem[X,0x0000000080001E4C] -> 0x3503
mem[X,0x0000000080001E4E] -> 0x2301
[3195] [M]: 0x0000000080001E4C (0x23013503) ld x10, 0x230(x2)                       common_Mhandler+12
mem[R,0x0000000080005230] -> 0x0000000080001E54
x10 <- 0x0000000080001E54

clint mtime 0x000000000000063E (mip.MTI <- 0b1, mip.STI <- 0b0)
mem[X,0x0000000080001E50] -> 0x0067
mem[X,0x0000000080001E52] -> 0x0005
[3196] [M]: 0x0000000080001E50 (0x00050067) jalr x0, 0x0(x10)                       common_Mhandler+16

mem[X,0x0000000080001E54] -> 0x3C23
mem[X,0x0000000080001E56] -> 0x2691
[3197] [M]: 0x0000000080001E54 (0x26913C23) sd x9, 0x278(x2)                        common_Mentry+0
mem[W,0x0000000080005278] <- 0x0000030000000250

clint mtime 0x000000000000063F (mip.MTI <- 0b1, mip.STI <- 0b0)
mem[X,0x0000000080001E58] -> 0x3823
mem[X,0x0000000080001E5A] -> 0x2681
[3198] [M]: 0x0000000080001E58 (0x26813823) sd x8, 0x270(x2)                        common_Mentry+4
mem[W,0x0000000080005270] <- 0x0000000000007F76

mem[X,0x0000000080001E5C] -> 0x3423
mem[X,0x0000000080001E5E] -> 0x2671
[3199] [M]: 0x0000000080001E5C (0x26713423) sd x7, 0x268(x2)                        common_Mentry+8
mem[W,0x0000000080005268] <- 0x0000000080005000

clint mtime 0x0000000000000640 (mip.MTI <- 0b1, mip.STI <- 0b0)
mem[X,0x0000000080001E60] -> 0x3023
mem[X,0x0000000080001E62] -> 0x2661
[3200] [M]: 0x0000000080001E60 (0x26613023) sd x6, 0x260(x2)                        common_Mentry+12
mem[W,0x0000000080005260] <- 0xFFFFFFFF7FFFEA4C

mem[X,0x0000000080001E64] -> 0x2573
mem[X,0x0000000080001E66] -> 0x3420
[3201] [M]: 0x0000000080001E64 (0x34202573) csrrs x10, mcause, x0                   spcl_M2mmode_test+0
CSR mcause (0x342) -> 0x0000000000000002
x10 <- 0x0000000000000002

clint mtime 0x0000000000000641 (mip.MTI <- 0b1, mip.STI <- 0b0)
mem[X,0x0000000080001E68] -> 0x04B7
mem[X,0x0000000080001E6A] -> 0x8000
[3202] [M]: 0x0000000080001E68 (0x800004B7) lui x9, -0x80000                        spcl_M2mmode_test+4
x9 <- 0xFFFFFFFF80000000

mem[X,0x0000000080001E6C] -> 0x8493
mem[X,0x0000000080001E6E] -> 0x0004
[3203] [M]: 0x0000000080001E6C (0x00048493) addi x9, x9, 0x0                        spcl_M2mmode_test+8
x9 <- 0xFFFFFFFF80000000

clint mtime 0x0000000000000642 (mip.MTI <- 0b1, mip.STI <- 0b0)
mem[X,0x0000000080001E70] -> 0x9493
mem[X,0x0000000080001E72] -> 0x00B4
[3204] [M]: 0x0000000080001E70 (0x00B49493) slli x9, x9, 0xb                        spcl_M2mmode_test+12
x9 <- 0xFFFFFC0000000000

mem[X,0x0000000080001E74] -> 0x8493
mem[X,0x0000000080001E76] -> 0x0004
[3205] [M]: 0x0000000080001E74 (0x00048493) addi x9, x9, 0x0                        spcl_M2mmode_test+16
x9 <- 0xFFFFFC0000000000

clint mtime 0x0000000000000643 (mip.MTI <- 0b1, mip.STI <- 0b0)
mem[X,0x0000000080001E78] -> 0x9493
mem[X,0x0000000080001E7A] -> 0x00B4
[3206] [M]: 0x0000000080001E78 (0x00B49493) slli x9, x9, 0xb                        spcl_M2mmode_test+20
x9 <- 0xFFE0000000000000

mem[X,0x0000000080001E7C] -> 0x8493
mem[X,0x0000000080001E7E] -> 0x0034
[3207] [M]: 0x0000000080001E7C (0x00348493) addi x9, x9, 0x3                        spcl_M2mmode_test+24
x9 <- 0xFFE0000000000003

clint mtime 0x0000000000000644 (mip.MTI <- 0b1, mip.STI <- 0b0)
mem[X,0x0000000080001E80] -> 0x9493
mem[X,0x0000000080001E82] -> 0x00A4
[3208] [M]: 0x0000000080001E80 (0x00A49493) slli x9, x9, 0xa                        spcl_M2mmode_test+28
x9 <- 0x8000000000000C00

mem[X,0x0000000080001E84] -> 0x8493
mem[X,0x0000000080001E86] -> 0x3FC4
[3209] [M]: 0x0000000080001E84 (0x3FC48493) addi x9, x9, 0x3fc                      spcl_M2mmode_test+32
x9 <- 0x8000000000000FFC

clint mtime 0x0000000000000645 (mip.MTI <- 0b1, mip.STI <- 0b0)
mem[X,0x0000000080001E88] -> 0xF4B3
mem[X,0x0000000080001E8A] -> 0x00A4
[3210] [M]: 0x0000000080001E88 (0x00A4F4B3) and x9, x9, x10                         spcl_M2mmode_test+36
x9 <- 0x0000000000000000

mem[X,0x0000000080001E8C] -> 0x8493
mem[X,0x0000000080001E8E] -> 0xFF84
[3211] [M]: 0x0000000080001E8C (0xFF848493) addi x9, x9, -0x8                       spcl_M2mmode_test+40
x9 <- 0xFFFFFFFFFFFFFFF8

clint mtime 0x0000000000000646 (mip.MTI <- 0b1, mip.STI <- 0b0)
mem[X,0x0000000080001E90] -> 0x9663
mem[X,0x0000000080001E92] -> 0x0004
[3212] [M]: 0x0000000080001E90 (0x00049663) bne x9, x0, 0xc                         spcl_M2mmode_test+44

mem[X,0x0000000080001E9C] -> 0x0393
mem[X,0x0000000080001E9E] -> 0x0200
[3213] [M]: 0x0000000080001E9C (0x02000393) addi x7, x0, 0x20                       Mtrapsig_ptr_upd+0
x7 <- 0x0000000000000020

clint mtime 0x0000000000000647 (mip.MTI <- 0b1, mip.STI <- 0b0)
mem[X,0x0000000080001EA0] -> 0x5263
mem[X,0x0000000080001EA2] -> 0x0405
[3214] [M]: 0x0000000080001EA0 (0x04055263) bge x10, x0, 0x44                       Mtrapsig_ptr_upd+4

mem[X,0x0000000080001EE4] -> 0x2373
mem[X,0x0000000080001EE6] -> 0x3010
[3215] [M]: 0x0000000080001EE4 (0x30102373) csrrs x6, misa, x0                      Mxcpt_sig_sv+0
CSR misa (0x301) -> 0x800000000034112F
x6 <- 0x800000000034112F

clint mtime 0x0000000000000648 (mip.MTI <- 0b1, mip.STI <- 0b0)
mem[X,0x0000000080001EE8] -> 0x1313
mem[X,0x0000000080001EEA] -> 0x0383
[3216] [M]: 0x0000000080001EE8 (0x03831313) slli x6, x6, 0x38                       Mxcpt_sig_sv+4
x6 <- 0x2F00000000000000

mem[X,0x0000000080001EEC] -> 0x5463
mem[X,0x0000000080001EEE] -> 0x0003
[3217] [M]: 0x0000000080001EEC (0x00035463) bge x6, x0, 0x8                         Mxcpt_sig_sv+8

clint mtime 0x0000000000000649 (mip.MTI <- 0b1, mip.STI <- 0b0)
mem[X,0x0000000080001EF4] -> 0x3303
mem[X,0x0000000080001EF6] -> 0x2181
[3218] [M]: 0x0000000080001EF4 (0x21813303) ld x6, 0x218(x2)                        Mtrap_sig_sv+0
mem[R,0x0000000080005218] -> 0x000000008000A6F8
x6 <- 0x000000008000A6F8

mem[X,0x0000000080001EF8] -> 0x04B3
mem[X,0x0000000080001EFA] -> 0x0073
[3219] [M]: 0x0000000080001EF8 (0x007304B3) add x9, x6, x7                          Mtrap_sig_sv+4
x9 <- 0x000000008000A718

clint mtime 0x000000000000064A (mip.MTI <- 0b1, mip.STI <- 0b0)
mem[X,0x0000000080001EFC] -> 0x3C23
mem[X,0x0000000080001EFE] -> 0x2091
[3220] [M]: 0x0000000080001EFC (0x20913C23) sd x9, 0x218(x2)                        Mtrap_sig_sv+8
mem[W,0x0000000080005218] <- 0x000000008000A718

mem[X,0x0000000080001F00] -> 0x3403
mem[X,0x0000000080001F02] -> 0x1F81
[3221] [M]: 0x0000000080001F00 (0x1F813403) ld x8, 0x1f8(x2)                        Mtrap_sig_sv+12
mem[R,0x00000000800051F8] -> 0x000000008000A110
x8 <- 0x000000008000A110

clint mtime 0x000000000000064B (mip.MTI <- 0b1, mip.STI <- 0b0)
mem[X,0x0000000080001F04] -> 0x0333
mem[X,0x0000000080001F06] -> 0x4083
[3222] [M]: 0x0000000080001F04 (0x40830333) sub x6, x6, x8                          Mtrap_sig_sv+16
x6 <- 0x00000000000005E8

mem[X,0x0000000080001F08] -> 0x3403
mem[X,0x0000000080001F0A] -> 0x1F81
[3223] [M]: 0x0000000080001F08 (0x1F813403) ld x8, 0x1f8(x2)                        Mtrap_sig_sv+20
mem[R,0x00000000800051F8] -> 0x000000008000A110
x8 <- 0x000000008000A110

clint mtime 0x000000000000064C (mip.MTI <- 0b1, mip.STI <- 0b0)
mem[X,0x0000000080001F0C] -> 0x0333
mem[X,0x0000000080001F0E] -> 0x0083
[3224] [M]: 0x0000000080001F0C (0x00830333) add x6, x6, x8                          Mtrap_sig_sv+24
x6 <- 0x000000008000A6F8

mem[X,0x0000000080001F10] -> 0x3403
mem[X,0x0000000080001F12] -> 0x2401
[3225] [M]: 0x0000000080001F10 (0x24013403) ld x8, 0x240(x2)                        Mtrap_sig_sv+28
mem[R,0x0000000080005240] -> 0x0000000080001C80
x8 <- 0x0000000080001C80

clint mtime 0x000000000000064D (mip.MTI <- 0b1, mip.STI <- 0b0)
mem[X,0x0000000080001F14] -> 0x85B3
mem[X,0x0000000080001F16] -> 0x4085
[3226] [M]: 0x0000000080001F14 (0x408585B3) sub x11, x11, x8                        sv_Mvect+0
x11 <- 0x000000000000010C

mem[X,0x0000000080001F18] -> 0x9593
mem[X,0x0000000080001F1A] -> 0x0045
[3227] [M]: 0x0000000080001F18 (0x00459593) slli x11, x11, 0x4                      sv_Mvect+4
x11 <- 0x00000000000010C0

clint mtime 0x000000000000064E (mip.MTI <- 0b1, mip.STI <- 0b0)
mem[X,0x0000000080001F1C] -> 0xE5B3
mem[X,0x0000000080001F1E] -> 0x0075
[3228] [M]: 0x0000000080001F1C (0x0075E5B3) or x11, x11, x7                         sv_Mvect+8
x11 <- 0x00000000000010E0

mem[X,0x0000000080001F20] -> 0x8593
mem[X,0x0000000080001F22] -> 0x0035
[3229] [M]: 0x0000000080001F20 (0x00358593) addi x11, x11, 0x3                      sv_Mvect+12
x11 <- 0x00000000000010E3

clint mtime 0x000000000000064F (mip.MTI <- 0b1, mip.STI <- 0b0)
mem[X,0x0000000080001F24] -> 0x3023
mem[X,0x0000000080001F26] -> 0x00B3
[3230] [M]: 0x0000000080001F24 (0x00B33023) sd x11, 0x0(x6)                         sv_Mvect+16
mem[W,0x000000008000A6F8] <- 0x00000000000010E3

mem[X,0x0000000080001F28] -> 0x3423
mem[X,0x0000000080001F2A] -> 0x00A3
[3231] [M]: 0x0000000080001F28 (0x00A33423) sd x10, 0x8(x6)                         sv_Mcause+0
mem[W,0x000000008000A700] <- 0x0000000000000002

clint mtime 0x0000000000000650 (mip.MTI <- 0b1, mip.STI <- 0b0)
mem[X,0x0000000080001F2C] -> 0x4663
mem[X,0x0000000080001F2E] -> 0x1A05
[3232] [M]: 0x0000000080001F2C (0x1A054663) blt x10, x0, 0x1ac                      sv_Mcause+4

mem[X,0x0000000080001F30] -> 0x25F3
mem[X,0x0000000080001F32] -> 0x3000
[3233] [M]: 0x0000000080001F30 (0x300025F3) csrrs x11, mstatus, x0                  common_Mexcpt_handler+0
CSR mstatus (0x300) -> 0x0000000A00000800
x11 <- 0x0000000A00000800

clint mtime 0x0000000000000651 (mip.MTI <- 0b1, mip.STI <- 0b0)
mem[X,0x0000000080001F34] -> 0x9413
mem[X,0x0000000080001F36] -> 0x02E5
[3234] [M]: 0x0000000080001F34 (0x02E59413) slli x8, x11, 0x2e                      common_Mexcpt_handler+4
x8 <- 0x0200000000000000

mem[X,0x0000000080001F38] -> 0x5463
mem[X,0x0000000080001F3A] -> 0x0004
[3235] [M]: 0x0000000080001F38 (0x00045463) bge x8, x0, 0x8                         common_Mexcpt_handler+8

clint mtime 0x0000000000000652 (mip.MTI <- 0b1, mip.STI <- 0b0)
mem[X,0x0000000080001F40] -> 0xD493
mem[X,0x0000000080001F42] -> 0x00B5
[3236] [M]: 0x0000000080001F40 (0x00B5D493) srli x9, x11, 0xb                       common_Mexcpt_handler+16
x9 <- 0x0000000001400001

mem[X,0x0000000080001F44] -> 0xF493
mem[X,0x0000000080001F46] -> 0x0034
[3237] [M]: 0x0000000080001F44 (0x0034F493) andi x9, x9, 0x3                        common_Mexcpt_handler+20
x9 <- 0x0000000000000001

clint mtime 0x0000000000000653 (mip.MTI <- 0b1, mip.STI <- 0b0)
mem[X,0x0000000080001F48] -> 0x8493
mem[X,0x0000000080001F4A] -> 0x0014
[3238] [M]: 0x0000000080001F48 (0x00148493) addi x9, x9, 0x1                        common_Mexcpt_handler+24
x9 <- 0x0000000000000002

mem[X,0x0000000080001F4C] -> 0xF493
mem[X,0x0000000080001F4E] -> 0x0044
[3239] [M]: 0x0000000080001F4C (0x0044F493) andi x9, x9, 0x4                        common_Mexcpt_handler+28
x9 <- 0x0000000000000000

clint mtime 0x0000000000000654 (mip.MTI <- 0b1, mip.STI <- 0b0)
mem[X,0x0000000080001F50] -> 0x0593
mem[X,0x0000000080001F52] -> 0x05D0
[3240] [M]: 0x0000000080001F50 (0x05D00593) addi x11, x0, 0x5d                      common_Mexcpt_handler+32
x11 <- 0x000000000000005D

mem[X,0x0000000080001F54] -> 0xD5B3
mem[X,0x0000000080001F56] -> 0x0095
[3241] [M]: 0x0000000080001F54 (0x0095D5B3) srl x11, x11, x9                        common_Mexcpt_handler+36
x11 <- 0x000000000000005D

clint mtime 0x0000000000000655 (mip.MTI <- 0b1, mip.STI <- 0b0)
mem[X,0x0000000080001F58] -> 0xF593
mem[X,0x0000000080001F5A] -> 0x0015
[3242] [M]: 0x0000000080001F58 (0x0015F593) andi x11, x11, 0x1                      common_Mexcpt_handler+40
x11 <- 0x0000000000000001

mem[X,0x0000000080001F5C] -> 0x8EE3
mem[X,0x0000000080001F5E] -> 0xF405
[3243] [M]: 0x0000000080001F5C (0xF4058EE3) beq x11, x0, -0xa4                      common_Mexcpt_handler+44

clint mtime 0x0000000000000656 (mip.MTI <- 0b1, mip.STI <- 0b0)
mem[X,0x0000000080001F60] -> 0x0593
mem[X,0x0000000080001F62] -> 0x2980
[3244] [M]: 0x0000000080001F60 (0x29800593) addi x11, x0, 0x298                     common_Mexcpt_handler+48
x11 <- 0x0000000000000298

mem[X,0x0000000080001F64] -> 0xF413
mem[X,0x0000000080001F66] -> 0x0014
[3245] [M]: 0x0000000080001F64 (0x0014F413) andi x8, x9, 0x1                        common_Mexcpt_handler+52
x8 <- 0x0000000000000000

clint mtime 0x0000000000000657 (mip.MTI <- 0b1, mip.STI <- 0b0)
mem[X,0x0000000080001F68] -> 0x95B3
mem[X,0x0000000080001F6A] -> 0x0085
[3246] [M]: 0x0000000080001F68 (0x008595B3) sll x11, x11, x8                        common_Mexcpt_handler+56
x11 <- 0x0000000000000298

mem[X,0x0000000080001F6C] -> 0x9413
mem[X,0x0000000080001F6E] -> 0x03D4
[3247] [M]: 0x0000000080001F6C (0x03D49413) slli x8, x9, 0x3d                       common_Mexcpt_handler+60
x8 <- 0x0000000000000000

clint mtime 0x0000000000000658 (mip.MTI <- 0b1, mip.STI <- 0b0)
mem[X,0x0000000080001F70] -> 0x5413
mem[X,0x0000000080001F72] -> 0x43F4
[3248] [M]: 0x0000000080001F70 (0x43F45413) srai x8, x8, 0x3f                       common_Mexcpt_handler+64
x8 <- 0x0000000000000000

mem[X,0x0000000080001F74] -> 0x4413
mem[X,0x0000000080001F76] -> 0xFFF4
[3249] [M]: 0x0000000080001F74 (0xFFF44413) xori x8, x8, -0x1                       common_Mexcpt_handler+68
x8 <- 0xFFFFFFFFFFFFFFFF

clint mtime 0x0000000000000659 (mip.MTI <- 0b1, mip.STI <- 0b0)
mem[X,0x0000000080001F78] -> 0xF4B3
mem[X,0x0000000080001F7A] -> 0x0085
[3250] [M]: 0x0000000080001F78 (0x0085F4B3) and x9, x11, x8                         common_Mexcpt_handler+72
x9 <- 0x0000000000000298

mem[X,0x0000000080001F7C] -> 0x84B3
mem[X,0x0000000080001F7E] -> 0x0024
[3251] [M]: 0x0000000080001F7C (0x002484B3) add x9, x9, x2                          vmem_adj_Mepc+0
x9 <- 0x0000000080005298

clint mtime 0x000000000000065A (mip.MTI <- 0b1, mip.STI <- 0b0)
mem[X,0x0000000080001F80] -> 0x23F3
mem[X,0x0000000080001F82] -> 0x3410
[3252] [M]: 0x0000000080001F80 (0x341023F3) csrrs x7, mepc, x0                      vmem_adj_Mepc+4
CSR mepc (0x341) -> 0x000003008000180C
x7 <- 0x000003008000180C

mem[X,0x0000000080001F84] -> 0x0413
mem[X,0x0000000080001F86] -> 0x0004
[3253] [M]: 0x0000000080001F84 (0x00040413) addi x8, x8, 0x0                        vmem_adj_Mepc+8
x8 <- 0xFFFFFFFFFFFFFFFF

clint mtime 0x000000000000065B (mip.MTI <- 0b1, mip.STI <- 0b0)
mem[X,0x0000000080001F88] -> 0x006F
mem[X,0x0000000080001F8A] -> 0x0400
[3254] [M]: 0x0000000080001F88 (0x0400006F) jal x0, 0x40                            vmem_adj_Mepc+12

mem[X,0x0000000080001FC8] -> 0x8433
mem[X,0x0000000080001FCA] -> 0x4083
[3255] [M]: 0x0000000080001FC8 (0x40838433) sub x8, x7, x8                          adj_Mepc+0
x8 <- 0x000003008000180D

clint mtime 0x000000000000065C (mip.MTI <- 0b1, mip.STI <- 0b0)
mem[X,0x0000000080001FCC] -> 0x3823
mem[X,0x0000000080001FCE] -> 0x0083
[3256] [M]: 0x0000000080001FCC (0x00833823) sd x8, 0x10(x6)                         sv_Mepc+0
mem[W,0x000000008000A708] <- 0x000003008000180D

mem[X,0x0000000080001FD0] -> 0x55B7
mem[X,0x0000000080001FD2] -> 0x0000
[3257] [M]: 0x0000000080001FD0 (0x000055B7) lui x11, 0x5                            sv_Mepc+4
x11 <- 0x0000000000005000

clint mtime 0x000000000000065D (mip.MTI <- 0b1, mip.STI <- 0b0)
mem[X,0x0000000080001FD4] -> 0x8593
mem[X,0x0000000080001FD6] -> 0x6675
[3258] [M]: 0x0000000080001FD4 (0x66758593) addi x11, x11, 0x667                    sv_Mepc+8
x11 <- 0x0000000000005667

mem[X,0x0000000080001FD8] -> 0x9593
mem[X,0x0000000080001FDA] -> 0x0015
[3259] [M]: 0x0000000080001FD8 (0x00159593) slli x11, x11, 0x1                      sv_Mepc+12
x11 <- 0x000000000000ACCE

clint mtime 0x000000000000065E (mip.MTI <- 0b1, mip.STI <- 0b0)
mem[X,0x0000000080001FDC] -> 0x9063
mem[X,0x0000000080001FDE] -> 0x02B1
[3260] [M]: 0x0000000080001FDC (0x02B19063) bne x3, x11, 0x20                       sv_Mepc+16

mem[X,0x0000000080001FE0] -> 0x2473
mem[X,0x0000000080001FE2] -> 0x3420
[3261] [M]: 0x0000000080001FE0 (0x34202473) csrrs x8, mcause, x0                    sv_Mepc+20
CSR mcause (0x342) -> 0x0000000000000002
x8 <- 0x0000000000000002

clint mtime 0x000000000000065F (mip.MTI <- 0b1, mip.STI <- 0b0)
mem[X,0x0000000080001FE4] -> 0x0593
mem[X,0x0000000080001FE6] -> 0x00C0
[3262] [M]: 0x0000000080001FE4 (0x00C00593) addi x11, x0, 0xc                       sv_Mepc+24
x11 <- 0x000000000000000C

mem[X,0x0000000080001FE8] -> 0x0663
mem[X,0x0000000080001FEA] -> 0x00B4
[3263] [M]: 0x0000000080001FE8 (0x00B40663) beq x8, x11, 0xc                        sv_Mepc+28

clint mtime 0x0000000000000660 (mip.MTI <- 0b1, mip.STI <- 0b0)
mem[X,0x0000000080001FEC] -> 0x0593
mem[X,0x0000000080001FEE] -> 0x0010
[3264] [M]: 0x0000000080001FEC (0x00100593) addi x11, x0, 0x1                       sv_Mepc+32
x11 <- 0x0000000000000001

mem[X,0x0000000080001FF0] -> 0x1663
mem[X,0x0000000080001FF2] -> 0x00B4
[3265] [M]: 0x0000000080001FF0 (0x00B41663) bne x8, x11, 0xc                        sv_Mepc+36

clint mtime 0x0000000000000661 (mip.MTI <- 0b1, mip.STI <- 0b0)
mem[X,0x0000000080001FFC] -> 0xF593
mem[X,0x0000000080001FFE] -> 0xFFC3
[3266] [M]: 0x0000000080001FFC (0xFFC3F593) andi x11, x7, -0x4                      adj_Mepc_rtn+0
x11 <- 0x000003008000180C

mem[X,0x0000000080002000] -> 0x8593
mem[X,0x0000000080002002] -> 0x0085
[3267] [M]: 0x0000000080002000 (0x00858593) addi x11, x11, 0x8                      adj_Mepc_rtn+4
x11 <- 0x0000030080001814

clint mtime 0x0000000000000662 (mip.MTI <- 0b1, mip.STI <- 0b0)
mem[X,0x0000000080002004] -> 0x9073
mem[X,0x0000000080002006] -> 0x3415
[3268] [M]: 0x0000000080002004 (0x34159073) csrrw x0, mepc, x11                     adj_Mepc_rtn+8
CSR mepc (0x341) <- 0x0000030080001814

mem[X,0x0000000080002008] -> 0x23F3
mem[X,0x000000008000200A] -> 0x3430
[3269] [M]: 0x0000000080002008 (0x343023F3) csrrs x7, mtval, x0                     skp_adj_Mepc+0
CSR mtval (0x343) -> 0x00000000341494F3
x7 <- 0x00000000341494F3

clint mtime 0x0000000000000663 (mip.MTI <- 0b1, mip.STI <- 0b0)
mem[X,0x000000008000200C] -> 0x0413
mem[X,0x000000008000200E] -> 0x0004
[3270] [M]: 0x000000008000200C (0x00040413) addi x8, x8, 0x0                        skp_adj_Mepc+4
x8 <- 0x0000000000000002

mem[X,0x0000000080002010] -> 0x006F
mem[X,0x0000000080002012] -> 0x0840
[3271] [M]: 0x0000000080002010 (0x0840006F) jal x0, 0x84                            skp_adj_Mepc+8

clint mtime 0x0000000000000664 (mip.MTI <- 0b1, mip.STI <- 0b0)
mem[X,0x0000000080002094] -> 0x8433
mem[X,0x0000000080002096] -> 0x4083
[3272] [M]: 0x0000000080002094 (0x40838433) sub x8, x7, x8                          adj_Mtval+0
x8 <- 0x00000000341494F1

mem[X,0x0000000080002098] -> 0x3C23
mem[X,0x000000008000209A] -> 0x0083
[3273] [M]: 0x0000000080002098 (0x00833C23) sd x8, 0x18(x6)                         sv_Mtval+0
mem[W,0x000000008000A710] <- 0x00000000341494F1

clint mtime 0x0000000000000665 (mip.MTI <- 0b1, mip.STI <- 0b0)
mem[X,0x000000008000209C] -> 0x3483
mem[X,0x000000008000209E] -> 0x2181
[3274] [M]: 0x000000008000209C (0x21813483) ld x9, 0x218(x2)                        skp_Mtval+0
mem[R,0x0000000080005218] -> 0x000000008000A718
x9 <- 0x000000008000A718

mem[X,0x00000000800020A0] -> 0x3383
mem[X,0x00000000800020A2] -> 0x1F81
[3275] [M]: 0x00000000800020A0 (0x1F813383) ld x7, 0x1f8(x2)                        skp_Mtval+4
mem[R,0x00000000800051F8] -> 0x000000008000A110
x7 <- 0x000000008000A110

clint mtime 0x0000000000000666 (mip.MTI <- 0b1, mip.STI <- 0b0)
mem[X,0x00000000800020A4] -> 0x3303
mem[X,0x00000000800020A6] -> 0x2001
[3276] [M]: 0x00000000800020A4 (0x20013303) ld x6, 0x200(x2)                        skp_Mtval+8
mem[R,0x0000000080005200] -> 0x0000000000000610
x6 <- 0x0000000000000610

mem[X,0x00000000800020A8] -> 0x0333
mem[X,0x00000000800020AA] -> 0x0073
[3277] [M]: 0x00000000800020A8 (0x00730333) add x6, x6, x7                          skp_Mtval+12
x6 <- 0x000000008000A720

clint mtime 0x0000000000000667 (mip.MTI <- 0b1, mip.STI <- 0b0)
mem[X,0x00000000800020AC] -> 0x6AE3
mem[X,0x00000000800020AE] -> 0xAE93
[3278] [M]: 0x00000000800020AC (0xAE936AE3) bltu x6, x9, -0x50c                     skp_Mtval+16

mem[X,0x00000000800020B0] -> 0x0393
mem[X,0x00000000800020B2] -> 0x2000
[3279] [M]: 0x00000000800020B0 (0x20000393) addi x7, x0, 0x200                      skp_Mtval+20
x7 <- 0x0000000000000200

clint mtime 0x0000000000000668 (mip.MTI <- 0b1, mip.STI <- 0b0)
mem[X,0x00000000800020B4] -> 0x006F
mem[X,0x00000000800020B6] -> 0x0400
[3280] [M]: 0x00000000800020B4 (0x0400006F) jal x0, 0x40                            skp_Mtval+24

mem[X,0x00000000800020F4] -> 0x0417
mem[X,0x00000000800020F6] -> 0x0000
[3281] [M]: 0x00000000800020F4 (0x00000417) auipc x8, 0x0                           spcl_Mhandler+0
x8 <- 0x00000000800020F4

clint mtime 0x0000000000000669 (mip.MTI <- 0b1, mip.STI <- 0b0)
mem[X,0x00000000800020F8] -> 0x0413
mem[X,0x00000000800020FA] -> 0x03C4
[3282] [M]: 0x00000000800020F8 (0x03C40413) addi x8, x8, 0x3c                       spcl_Mhandler+4
x8 <- 0x0000000080002130

mem[X,0x00000000800020FC] -> 0x0433
mem[X,0x00000000800020FE] -> 0x0074
[3283] [M]: 0x00000000800020FC (0x00740433) add x8, x8, x7                          spcl_Mhandler+8
x8 <- 0x0000000080002330

clint mtime 0x000000000000066A (mip.MTI <- 0b1, mip.STI <- 0b0)
mem[X,0x0000000080002100] -> 0x1393
mem[X,0x0000000080002102] -> 0x0035
[3284] [M]: 0x0000000080002100 (0x00351393) slli x7, x10, 0x3                       spcl_Mhandler+12
x7 <- 0x0000000000000010

mem[X,0x0000000080002104] -> 0x0433
mem[X,0x0000000080002106] -> 0x0074
[3285] [M]: 0x0000000080002104 (0x00740433) add x8, x8, x7                          spcl_Mhandler+16
x8 <- 0x0000000080002340

clint mtime 0x000000000000066B (mip.MTI <- 0b1, mip.STI <- 0b0)
mem[X,0x0000000080002108] -> 0x7413
mem[X,0x000000008000210A] -> 0xFF84
[3286] [M]: 0x0000000080002108 (0xFF847413) andi x8, x8, -0x8                       spcl_Mhandler+20
x8 <- 0x0000000080002340

mem[X,0x000000008000210C] -> 0x3403
mem[X,0x000000008000210E] -> 0x0004
[3287] [M]: 0x000000008000210C (0x00043403) ld x8, 0x0(x8)                          spcl_Mhandler+24
mem[R,0x0000000080002340] -> 0x0000000000000005
x8 <- 0x0000000000000005

clint mtime 0x000000000000066C (mip.MTI <- 0b1, mip.STI <- 0b0)
mem[X,0x0000000080002110] -> 0x02E3
mem[X,0x0000000080002112] -> 0xB204
[3288] [M]: 0x0000000080002110 (0xB20402E3) beq x8, x0, -0x4dc                      spcl_Mdispatch_hndling+0

mem[X,0x0000000080002114] -> 0x1393
mem[X,0x0000000080002116] -> 0x03F4
[3289] [M]: 0x0000000080002114 (0x03F41393) slli x7, x8, 0x3f                       spcl_Mdispatch_hndling+4
x7 <- 0x8000000000000000

clint mtime 0x000000000000066D (mip.MTI <- 0b1, mip.STI <- 0b0)
mem[X,0x0000000080002118] -> 0xD863
mem[X,0x000000008000211A] -> 0x0003
[3290] [M]: 0x0000000080002118 (0x0003D863) bge x7, x0, 0x10                        spcl_Mdispatch_hndling+8

mem[X,0x000000008000211C] -> 0x5413
mem[X,0x000000008000211E] -> 0x0014
[3291] [M]: 0x000000008000211C (0x00145413) srli x8, x8, 0x1                        spcl_Mdispatch_hndling+12
x8 <- 0x0000000000000002

clint mtime 0x000000000000066E (mip.MTI <- 0b1, mip.STI <- 0b0)
mem[X,0x0000000080002120] -> 0x0CE3
mem[X,0x0000000080002122] -> 0xF885
[3292] [M]: 0x0000000080002120 (0xF8850CE3) beq x10, x8, -0x68                      spcl_Mdispatch_hndling+16

mem[X,0x00000000800020B8] -> 0x3303
mem[X,0x00000000800020BA] -> 0x2601
[3293] [M]: 0x00000000800020B8 (0x26013303) ld x6, 0x260(x2)                        resto_Mrtn+0
mem[R,0x0000000080005260] -> 0xFFFFFFFF7FFFEA4C
x6 <- 0xFFFFFFFF7FFFEA4C

clint mtime 0x000000000000066F (mip.MTI <- 0b1, mip.STI <- 0b0)
mem[X,0x00000000800020BC] -> 0x3383
mem[X,0x00000000800020BE] -> 0x2681
[3294] [M]: 0x00000000800020BC (0x26813383) ld x7, 0x268(x2)                        resto_Mrtn+4
mem[R,0x0000000080005268] -> 0x0000000080005000
x7 <- 0x0000000080005000

mem[X,0x00000000800020C0] -> 0x3403
mem[X,0x00000000800020C2] -> 0x2701
[3295] [M]: 0x00000000800020C0 (0x27013403) ld x8, 0x270(x2)                        resto_Mrtn+8
mem[R,0x0000000080005270] -> 0x0000000000007F76
x8 <- 0x0000000000007F76

clint mtime 0x0000000000000670 (mip.MTI <- 0b1, mip.STI <- 0b0)
mem[X,0x00000000800020C4] -> 0x3483
mem[X,0x00000000800020C6] -> 0x2781
[3296] [M]: 0x00000000800020C4 (0x27813483) ld x9, 0x278(x2)                        resto_Mrtn+12
mem[R,0x0000000080005278] -> 0x0000030000000250
x9 <- 0x0000030000000250

mem[X,0x00000000800020C8] -> 0x3503
mem[X,0x00000000800020CA] -> 0x2801
[3297] [M]: 0x00000000800020C8 (0x28013503) ld x10, 0x280(x2)                       resto_Mrtn+16
mem[R,0x0000000080005280] -> 0x00000000200000C9
x10 <- 0x00000000200000C9

clint mtime 0x0000000000000671 (mip.MTI <- 0b1, mip.STI <- 0b0)
mem[X,0x00000000800020CC] -> 0x3583
mem[X,0x00000000800020CE] -> 0x2881
[3298] [M]: 0x00000000800020CC (0x28813583) ld x11, 0x288(x2)                       resto_Mrtn+20
mem[R,0x0000000080005288] -> 0x00000000000000C9
x11 <- 0x00000000000000C9

mem[X,0x00000000800020D0] -> 0x3103
mem[X,0x00000000800020D2] -> 0x2901
[3299] [M]: 0x00000000800020D0 (0x29013103) ld x2, 0x290(x2)                        resto_Mrtn+24
mem[R,0x0000000080005290] -> 0x0000000000000000
x2 <- 0x0000000000000000

clint mtime 0x0000000000000672 (mip.MTI <- 0b1, mip.STI <- 0b0)
mem[X,0x00000000800020D4] -> 0x0073
mem[X,0x00000000800020D6] -> 0x3020
[3300] [M]: 0x00000000800020D4 (0x30200073) mret                                    resto_Mrtn+28
CSR mstatus (0x300) <- 0x0000000A00000080
ret-ing from M to S

PTW: Start, vpn=0x30080001, access_type=X, privilege=Smem[R,0x0000000080009030] -> 0x00000000000000CB
PTW: Step, level=3, pte=0xCB, pte_addr=0x80009030
PTW: Success, final_ppn=0x80001, level=3mem[X,0x0000000080001814] -> 0x07B7
PTW: Start, vpn=0x30080001, access_type=X, privilege=Smem[R,0x0000000080009030] -> 0x00000000000000CB
PTW: Step, level=3, pte=0xCB, pte_addr=0x80009030
PTW: Success, final_ppn=0x80001, level=3mem[X,0x0000000080001816] -> 0x0000
[3301] [S]: 0x0000030080001814 (0x000007B7) lui x15, 0x0                            va_rvtest_code_begin+4184
x15 <- 0x0000000000000000

clint mtime 0x0000000000000673 (mip.MTI <- 0b1, mip.STI <- 0b0)
PTW: Start, vpn=0x30080001, access_type=X, privilege=Smem[R,0x0000000080009030] -> 0x00000000000000CB
PTW: Step, level=3, pte=0xCB, pte_addr=0x80009030
PTW: Success, final_ppn=0x80001, level=3mem[X,0x0000000080001818] -> 0x8793
PTW: Start, vpn=0x30080001, access_type=X, privilege=Smem[R,0x0000000080009030] -> 0x00000000000000CB
PTW: Step, level=3, pte=0xCB, pte_addr=0x80009030
PTW: Success, final_ppn=0x80001, level=3mem[X,0x000000008000181A] -> 0x2807
[3302] [S]: 0x0000030080001818 (0x28078793) addi x15, x15, 0x280                    va_rvtest_code_begin+4188
x15 <- 0x0000000000000280

PTW: Start, vpn=0x30080001, access_type=X, privilege=Smem[R,0x0000000080009030] -> 0x00000000000000CB
PTW: Step, level=3, pte=0xCB, pte_addr=0x80009030
PTW: Success, final_ppn=0x80001, level=3mem[X,0x000000008000181C] -> 0x9793
PTW: Start, vpn=0x30080001, access_type=X, privilege=Smem[R,0x0000000080009030] -> 0x00000000000000CB
PTW: Step, level=3, pte=0xCB, pte_addr=0x80009030
PTW: Success, final_ppn=0x80001, level=3mem[X,0x000000008000181E] -> 0x00B7
[3303] [S]: 0x000003008000181C (0x00B79793) slli x15, x15, 0xb                      va_rvtest_code_begin+4192
x15 <- 0x0000000000140000

clint mtime 0x0000000000000674 (mip.MTI <- 0b1, mip.STI <- 0b0)
PTW: Start, vpn=0x30080001, access_type=X, privilege=Smem[R,0x0000000080009030] -> 0x00000000000000CB
PTW: Step, level=3, pte=0xCB, pte_addr=0x80009030
PTW: Success, final_ppn=0x80001, level=3mem[X,0x0000000080001820] -> 0x8793
PTW: Start, vpn=0x30080001, access_type=X, privilege=Smem[R,0x0000000080009030] -> 0x00000000000000CB
PTW: Step, level=3, pte=0xCB, pte_addr=0x80009030
PTW: Success, final_ppn=0x80001, level=3mem[X,0x0000000080001822] -> 0x0007
[3304] [S]: 0x0000030080001820 (0x00078793) addi x15, x15, 0x0                      va_rvtest_code_begin+4196
x15 <- 0x0000000000140000

PTW: Start, vpn=0x30080001, access_type=X, privilege=Smem[R,0x0000000080009030] -> 0x00000000000000CB
PTW: Step, level=3, pte=0xCB, pte_addr=0x80009030
PTW: Success, final_ppn=0x80001, level=3mem[X,0x0000000080001824] -> 0x9793
PTW: Start, vpn=0x30080001, access_type=X, privilege=Smem[R,0x0000000080009030] -> 0x00000000000000CB
PTW: Step, level=3, pte=0xCB, pte_addr=0x80009030
PTW: Success, final_ppn=0x80001, level=3mem[X,0x0000000080001826] -> 0x00B7
[3305] [S]: 0x0000030080001824 (0x00B79793) slli x15, x15, 0xb                      va_rvtest_code_begin+4200
x15 <- 0x00000000A0000000

clint mtime 0x0000000000000675 (mip.MTI <- 0b1, mip.STI <- 0b0)
PTW: Start, vpn=0x30080001, access_type=X, privilege=Smem[R,0x0000000080009030] -> 0x00000000000000CB
PTW: Step, level=3, pte=0xCB, pte_addr=0x80009030
PTW: Success, final_ppn=0x80001, level=3mem[X,0x0000000080001828] -> 0x8793
PTW: Start, vpn=0x30080001, access_type=X, privilege=Smem[R,0x0000000080009030] -> 0x00000000000000CB
PTW: Step, level=3, pte=0xCB, pte_addr=0x80009030
PTW: Success, final_ppn=0x80001, level=3mem[X,0x000000008000182A] -> 0x0017
[3306] [S]: 0x0000030080001828 (0x00178793) addi x15, x15, 0x1                      va_rvtest_code_begin+4204
x15 <- 0x00000000A0000001

PTW: Start, vpn=0x30080001, access_type=X, privilege=Smem[R,0x0000000080009030] -> 0x00000000000000CB
PTW: Step, level=3, pte=0xCB, pte_addr=0x80009030
PTW: Success, final_ppn=0x80001, level=3mem[X,0x000000008000182C] -> 0x9793
PTW: Start, vpn=0x30080001, access_type=X, privilege=Smem[R,0x0000000080009030] -> 0x00000000000000CB
PTW: Step, level=3, pte=0xCB, pte_addr=0x80009030
PTW: Success, final_ppn=0x80001, level=3mem[X,0x000000008000182E] -> 0x00A7
[3307] [S]: 0x000003008000182C (0x00A79793) slli x15, x15, 0xa                      va_rvtest_code_begin+4208
x15 <- 0x0000028000000400

clint mtime 0x0000000000000676 (mip.MTI <- 0b1, mip.STI <- 0b0)
PTW: Start, vpn=0x30080001, access_type=X, privilege=Smem[R,0x0000000080009030] -> 0x00000000000000CB
PTW: Step, level=3, pte=0xCB, pte_addr=0x80009030
PTW: Success, final_ppn=0x80001, level=3mem[X,0x0000000080001830] -> 0x0613
PTW: Start, vpn=0x30080001, access_type=X, privilege=Smem[R,0x0000000080009030] -> 0x00000000000000CB
PTW: Step, level=3, pte=0xCB, pte_addr=0x80009030
PTW: Success, final_ppn=0x80001, level=3mem[X,0x0000000080001832] -> 0x0106
[3308] [S]: 0x0000030080001830 (0x01060613) addi x12, x12, 0x10                     va_rvtest_code_begin+4212
x12 <- 0x0000000000000070

PTW: Start, vpn=0x30080001, access_type=X, privilege=Smem[R,0x0000000080009030] -> 0x00000000000000CB
PTW: Step, level=3, pte=0xCB, pte_addr=0x80009030
PTW: Success, final_ppn=0x80001, level=3mem[X,0x0000000080001834] -> 0xAA23
PTW: Start, vpn=0x30080001, access_type=X, privilege=Smem[R,0x0000000080009030] -> 0x00000000000000CB
PTW: Step, level=3, pte=0xCB, pte_addr=0x80009030
PTW: Success, final_ppn=0x80001, level=3mem[X,0x0000000080001836] -> 0x00C7
[3309] [S]: 0x0000030080001834 (0x00C7AA23) sw x12, 0x14(x15)                       va_rvtest_code_begin+4216
PTW: Start, vpn=0x28000000, access_type=W, privilege=Smem[R,0x0000000080009028] -> 0x0000000020002001
PTW: Step, level=3, pte=0x20002001, pte_addr=0x80009028
PTW: Start, vpn=0x28000000, access_type=W, privilege=Smem[R,0x0000000080008000] -> 0x0000000020001C01
PTW: Step, level=2, pte=0x20001C01, pte_addr=0x80008000
PTW: Start, vpn=0x28000000, access_type=W, privilege=Smem[R,0x0000000080007000] -> 0x0000000020001801
PTW: Step, level=1, pte=0x20001801, pte_addr=0x80007000
PTW: Start, vpn=0x28000000, access_type=W, privilege=Smem[R,0x0000000080006000] -> 0x00000000200000C9
PTW: Step, level=0, pte=0x200000C9, pte_addr=0x80006000
PTW: failed, error=no-permission, level=0, pte_addr=0x80006000
trapping from S to M to handle store/amo-page-fault
handling exc#store/amo-page-fault at priv M with tval 0x0000028000000414
CSR mstatus (0x300) <- 0x0000000A00000800
CSR mcause (0x342) <- 0x000000000000000F
CSR mtval (0x343) <- 0x0000028000000414
CSR mepc (0x341) <- 0x0000030080001834

clint mtime 0x0000000000000677 (mip.MTI <- 0b1, mip.STI <- 0b0)
mem[X,0x0000000080001C80] -> 0x006F
mem[X,0x0000000080001C82] -> 0x1000
[3310] [M]: 0x0000000080001C80 (0x1000006F) jal x0, 0x100                           Mtrampoline+0

mem[X,0x0000000080001D80] -> 0x1173
mem[X,0x0000000080001D82] -> 0x3401
[3311] [M]: 0x0000000080001D80 (0x34011173) csrrw x2, mscratch, x2                  trap_Mhandler+0
CSR mscratch (0x340) <- 0x0000000000000000
x2 <- 0x0000000080005000

clint mtime 0x0000000000000678 (mip.MTI <- 0b1, mip.STI <- 0b0)
mem[X,0x0000000080001D84] -> 0x3423
mem[X,0x0000000080001D86] -> 0x28B1
[3312] [M]: 0x0000000080001D84 (0x28B13423) sd x11, 0x288(x2)                       trap_Mhandler+4
mem[W,0x0000000080005288] <- 0x00000000000000C9

mem[X,0x0000000080001D88] -> 0x05EF
mem[X,0x0000000080001D8A] -> 0x0B80
[3313] [M]: 0x0000000080001D88 (0x0B8005EF) jal x11, 0xb8                           trap_Mhandler+8
x11 <- 0x0000000080001D8C

clint mtime 0x0000000000000679 (mip.MTI <- 0b1, mip.STI <- 0b0)
mem[X,0x0000000080001E40] -> 0x3023
mem[X,0x0000000080001E42] -> 0x28A1
[3314] [M]: 0x0000000080001E40 (0x28A13023) sd x10, 0x280(x2)                       common_Mhandler+0
mem[W,0x0000000080005280] <- 0x00000000200000C9

mem[X,0x0000000080001E44] -> 0x1573
mem[X,0x0000000080001E46] -> 0x3401
[3315] [M]: 0x0000000080001E44 (0x34011573) csrrw x10, mscratch, x2                 common_Mhandler+4
CSR mscratch (0x340) <- 0x0000000080005000
x10 <- 0x0000000000000000

clint mtime 0x000000000000067A (mip.MTI <- 0b1, mip.STI <- 0b0)
mem[X,0x0000000080001E48] -> 0x3823
mem[X,0x0000000080001E4A] -> 0x28A1
[3316] [M]: 0x0000000080001E48 (0x28A13823) sd x10, 0x290(x2)                       common_Mhandler+8
mem[W,0x0000000080005290] <- 0x0000000000000000

mem[X,0x0000000080001E4C] -> 0x3503
mem[X,0x0000000080001E4E] -> 0x2301
[3317] [M]: 0x0000000080001E4C (0x23013503) ld x10, 0x230(x2)                       common_Mhandler+12
mem[R,0x0000000080005230] -> 0x0000000080001E54
x10 <- 0x0000000080001E54

clint mtime 0x000000000000067B (mip.MTI <- 0b1, mip.STI <- 0b0)
mem[X,0x0000000080001E50] -> 0x0067
mem[X,0x0000000080001E52] -> 0x0005
[3318] [M]: 0x0000000080001E50 (0x00050067) jalr x0, 0x0(x10)                       common_Mhandler+16

mem[X,0x0000000080001E54] -> 0x3C23
mem[X,0x0000000080001E56] -> 0x2691
[3319] [M]: 0x0000000080001E54 (0x26913C23) sd x9, 0x278(x2)                        common_Mentry+0
mem[W,0x0000000080005278] <- 0x0000030000000250

clint mtime 0x000000000000067C (mip.MTI <- 0b1, mip.STI <- 0b0)
mem[X,0x0000000080001E58] -> 0x3823
mem[X,0x0000000080001E5A] -> 0x2681
[3320] [M]: 0x0000000080001E58 (0x26813823) sd x8, 0x270(x2)                        common_Mentry+4
mem[W,0x0000000080005270] <- 0x0000000000007F76

mem[X,0x0000000080001E5C] -> 0x3423
mem[X,0x0000000080001E5E] -> 0x2671
[3321] [M]: 0x0000000080001E5C (0x26713423) sd x7, 0x268(x2)                        common_Mentry+8
mem[W,0x0000000080005268] <- 0x0000000080005000

clint mtime 0x000000000000067D (mip.MTI <- 0b1, mip.STI <- 0b0)
mem[X,0x0000000080001E60] -> 0x3023
mem[X,0x0000000080001E62] -> 0x2661
[3322] [M]: 0x0000000080001E60 (0x26613023) sd x6, 0x260(x2)                        common_Mentry+12
mem[W,0x0000000080005260] <- 0xFFFFFFFF7FFFEA4C

mem[X,0x0000000080001E64] -> 0x2573
mem[X,0x0000000080001E66] -> 0x3420
[3323] [M]: 0x0000000080001E64 (0x34202573) csrrs x10, mcause, x0                   spcl_M2mmode_test+0
CSR mcause (0x342) -> 0x000000000000000F
x10 <- 0x000000000000000F

clint mtime 0x000000000000067E (mip.MTI <- 0b1, mip.STI <- 0b0)
mem[X,0x0000000080001E68] -> 0x04B7
mem[X,0x0000000080001E6A] -> 0x8000
[3324] [M]: 0x0000000080001E68 (0x800004B7) lui x9, -0x80000                        spcl_M2mmode_test+4
x9 <- 0xFFFFFFFF80000000

mem[X,0x0000000080001E6C] -> 0x8493
mem[X,0x0000000080001E6E] -> 0x0004
[3325] [M]: 0x0000000080001E6C (0x00048493) addi x9, x9, 0x0                        spcl_M2mmode_test+8
x9 <- 0xFFFFFFFF80000000

clint mtime 0x000000000000067F (mip.MTI <- 0b1, mip.STI <- 0b0)
mem[X,0x0000000080001E70] -> 0x9493
mem[X,0x0000000080001E72] -> 0x00B4
[3326] [M]: 0x0000000080001E70 (0x00B49493) slli x9, x9, 0xb                        spcl_M2mmode_test+12
x9 <- 0xFFFFFC0000000000

mem[X,0x0000000080001E74] -> 0x8493
mem[X,0x0000000080001E76] -> 0x0004
[3327] [M]: 0x0000000080001E74 (0x00048493) addi x9, x9, 0x0                        spcl_M2mmode_test+16
x9 <- 0xFFFFFC0000000000

clint mtime 0x0000000000000680 (mip.MTI <- 0b1, mip.STI <- 0b0)
mem[X,0x0000000080001E78] -> 0x9493
mem[X,0x0000000080001E7A] -> 0x00B4
[3328] [M]: 0x0000000080001E78 (0x00B49493) slli x9, x9, 0xb                        spcl_M2mmode_test+20
x9 <- 0xFFE0000000000000

mem[X,0x0000000080001E7C] -> 0x8493
mem[X,0x0000000080001E7E] -> 0x0034
[3329] [M]: 0x0000000080001E7C (0x00348493) addi x9, x9, 0x3                        spcl_M2mmode_test+24
x9 <- 0xFFE0000000000003

clint mtime 0x0000000000000681 (mip.MTI <- 0b1, mip.STI <- 0b0)
mem[X,0x0000000080001E80] -> 0x9493
mem[X,0x0000000080001E82] -> 0x00A4
[3330] [M]: 0x0000000080001E80 (0x00A49493) slli x9, x9, 0xa                        spcl_M2mmode_test+28
x9 <- 0x8000000000000C00

mem[X,0x0000000080001E84] -> 0x8493
mem[X,0x0000000080001E86] -> 0x3FC4
[3331] [M]: 0x0000000080001E84 (0x3FC48493) addi x9, x9, 0x3fc                      spcl_M2mmode_test+32
x9 <- 0x8000000000000FFC

clint mtime 0x0000000000000682 (mip.MTI <- 0b1, mip.STI <- 0b0)
mem[X,0x0000000080001E88] -> 0xF4B3
mem[X,0x0000000080001E8A] -> 0x00A4
[3332] [M]: 0x0000000080001E88 (0x00A4F4B3) and x9, x9, x10                         spcl_M2mmode_test+36
x9 <- 0x000000000000000C

mem[X,0x0000000080001E8C] -> 0x8493
mem[X,0x0000000080001E8E] -> 0xFF84
[3333] [M]: 0x0000000080001E8C (0xFF848493) addi x9, x9, -0x8                       spcl_M2mmode_test+40
x9 <- 0x0000000000000004

clint mtime 0x0000000000000683 (mip.MTI <- 0b1, mip.STI <- 0b0)
mem[X,0x0000000080001E90] -> 0x9663
mem[X,0x0000000080001E92] -> 0x0004
[3334] [M]: 0x0000000080001E90 (0x00049663) bne x9, x0, 0xc                         spcl_M2mmode_test+44

mem[X,0x0000000080001E9C] -> 0x0393
mem[X,0x0000000080001E9E] -> 0x0200
[3335] [M]: 0x0000000080001E9C (0x02000393) addi x7, x0, 0x20                       Mtrapsig_ptr_upd+0
x7 <- 0x0000000000000020

clint mtime 0x0000000000000684 (mip.MTI <- 0b1, mip.STI <- 0b0)
mem[X,0x0000000080001EA0] -> 0x5263
mem[X,0x0000000080001EA2] -> 0x0405
[3336] [M]: 0x0000000080001EA0 (0x04055263) bge x10, x0, 0x44                       Mtrapsig_ptr_upd+4

mem[X,0x0000000080001EE4] -> 0x2373
mem[X,0x0000000080001EE6] -> 0x3010
[3337] [M]: 0x0000000080001EE4 (0x30102373) csrrs x6, misa, x0                      Mxcpt_sig_sv+0
CSR misa (0x301) -> 0x800000000034112F
x6 <- 0x800000000034112F

clint mtime 0x0000000000000685 (mip.MTI <- 0b1, mip.STI <- 0b0)
mem[X,0x0000000080001EE8] -> 0x1313
mem[X,0x0000000080001EEA] -> 0x0383
[3338] [M]: 0x0000000080001EE8 (0x03831313) slli x6, x6, 0x38                       Mxcpt_sig_sv+4
x6 <- 0x2F00000000000000

mem[X,0x0000000080001EEC] -> 0x5463
mem[X,0x0000000080001EEE] -> 0x0003
[3339] [M]: 0x0000000080001EEC (0x00035463) bge x6, x0, 0x8                         Mxcpt_sig_sv+8

clint mtime 0x0000000000000686 (mip.MTI <- 0b1, mip.STI <- 0b0)
mem[X,0x0000000080001EF4] -> 0x3303
mem[X,0x0000000080001EF6] -> 0x2181
[3340] [M]: 0x0000000080001EF4 (0x21813303) ld x6, 0x218(x2)                        Mtrap_sig_sv+0
mem[R,0x0000000080005218] -> 0x000000008000A718
x6 <- 0x000000008000A718

mem[X,0x0000000080001EF8] -> 0x04B3
mem[X,0x0000000080001EFA] -> 0x0073
[3341] [M]: 0x0000000080001EF8 (0x007304B3) add x9, x6, x7                          Mtrap_sig_sv+4
x9 <- 0x000000008000A738

clint mtime 0x0000000000000687 (mip.MTI <- 0b1, mip.STI <- 0b0)
mem[X,0x0000000080001EFC] -> 0x3C23
mem[X,0x0000000080001EFE] -> 0x2091
[3342] [M]: 0x0000000080001EFC (0x20913C23) sd x9, 0x218(x2)                        Mtrap_sig_sv+8
mem[W,0x0000000080005218] <- 0x000000008000A738

mem[X,0x0000000080001F00] -> 0x3403
mem[X,0x0000000080001F02] -> 0x1F81
[3343] [M]: 0x0000000080001F00 (0x1F813403) ld x8, 0x1f8(x2)                        Mtrap_sig_sv+12
mem[R,0x00000000800051F8] -> 0x000000008000A110
x8 <- 0x000000008000A110

clint mtime 0x0000000000000688 (mip.MTI <- 0b1, mip.STI <- 0b0)
mem[X,0x0000000080001F04] -> 0x0333
mem[X,0x0000000080001F06] -> 0x4083
[3344] [M]: 0x0000000080001F04 (0x40830333) sub x6, x6, x8                          Mtrap_sig_sv+16
x6 <- 0x0000000000000608

mem[X,0x0000000080001F08] -> 0x3403
mem[X,0x0000000080001F0A] -> 0x1F81
[3345] [M]: 0x0000000080001F08 (0x1F813403) ld x8, 0x1f8(x2)                        Mtrap_sig_sv+20
mem[R,0x00000000800051F8] -> 0x000000008000A110
x8 <- 0x000000008000A110

clint mtime 0x0000000000000689 (mip.MTI <- 0b1, mip.STI <- 0b0)
mem[X,0x0000000080001F0C] -> 0x0333
mem[X,0x0000000080001F0E] -> 0x0083
[3346] [M]: 0x0000000080001F0C (0x00830333) add x6, x6, x8                          Mtrap_sig_sv+24
x6 <- 0x000000008000A718

mem[X,0x0000000080001F10] -> 0x3403
mem[X,0x0000000080001F12] -> 0x2401
[3347] [M]: 0x0000000080001F10 (0x24013403) ld x8, 0x240(x2)                        Mtrap_sig_sv+28
mem[R,0x0000000080005240] -> 0x0000000080001C80
x8 <- 0x0000000080001C80

clint mtime 0x000000000000068A (mip.MTI <- 0b1, mip.STI <- 0b0)
mem[X,0x0000000080001F14] -> 0x85B3
mem[X,0x0000000080001F16] -> 0x4085
[3348] [M]: 0x0000000080001F14 (0x408585B3) sub x11, x11, x8                        sv_Mvect+0
x11 <- 0x000000000000010C

mem[X,0x0000000080001F18] -> 0x9593
mem[X,0x0000000080001F1A] -> 0x0045
[3349] [M]: 0x0000000080001F18 (0x00459593) slli x11, x11, 0x4                      sv_Mvect+4
x11 <- 0x00000000000010C0

clint mtime 0x000000000000068B (mip.MTI <- 0b1, mip.STI <- 0b0)
mem[X,0x0000000080001F1C] -> 0xE5B3
mem[X,0x0000000080001F1E] -> 0x0075
[3350] [M]: 0x0000000080001F1C (0x0075E5B3) or x11, x11, x7                         sv_Mvect+8
x11 <- 0x00000000000010E0

mem[X,0x0000000080001F20] -> 0x8593
mem[X,0x0000000080001F22] -> 0x0035
[3351] [M]: 0x0000000080001F20 (0x00358593) addi x11, x11, 0x3                      sv_Mvect+12
x11 <- 0x00000000000010E3

clint mtime 0x000000000000068C (mip.MTI <- 0b1, mip.STI <- 0b0)
mem[X,0x0000000080001F24] -> 0x3023
mem[X,0x0000000080001F26] -> 0x00B3
[3352] [M]: 0x0000000080001F24 (0x00B33023) sd x11, 0x0(x6)                         sv_Mvect+16
mem[W,0x000000008000A718] <- 0x00000000000010E3

mem[X,0x0000000080001F28] -> 0x3423
mem[X,0x0000000080001F2A] -> 0x00A3
[3353] [M]: 0x0000000080001F28 (0x00A33423) sd x10, 0x8(x6)                         sv_Mcause+0
mem[W,0x000000008000A720] <- 0x000000000000000F

clint mtime 0x000000000000068D (mip.MTI <- 0b1, mip.STI <- 0b0)
mem[X,0x0000000080001F2C] -> 0x4663
mem[X,0x0000000080001F2E] -> 0x1A05
[3354] [M]: 0x0000000080001F2C (0x1A054663) blt x10, x0, 0x1ac                      sv_Mcause+4

mem[X,0x0000000080001F30] -> 0x25F3
mem[X,0x0000000080001F32] -> 0x3000
[3355] [M]: 0x0000000080001F30 (0x300025F3) csrrs x11, mstatus, x0                  common_Mexcpt_handler+0
CSR mstatus (0x300) -> 0x0000000A00000800
x11 <- 0x0000000A00000800

clint mtime 0x000000000000068E (mip.MTI <- 0b1, mip.STI <- 0b0)
mem[X,0x0000000080001F34] -> 0x9413
mem[X,0x0000000080001F36] -> 0x02E5
[3356] [M]: 0x0000000080001F34 (0x02E59413) slli x8, x11, 0x2e                      common_Mexcpt_handler+4
x8 <- 0x0200000000000000

mem[X,0x0000000080001F38] -> 0x5463
mem[X,0x0000000080001F3A] -> 0x0004
[3357] [M]: 0x0000000080001F38 (0x00045463) bge x8, x0, 0x8                         common_Mexcpt_handler+8

clint mtime 0x000000000000068F (mip.MTI <- 0b1, mip.STI <- 0b0)
mem[X,0x0000000080001F40] -> 0xD493
mem[X,0x0000000080001F42] -> 0x00B5
[3358] [M]: 0x0000000080001F40 (0x00B5D493) srli x9, x11, 0xb                       common_Mexcpt_handler+16
x9 <- 0x0000000001400001

mem[X,0x0000000080001F44] -> 0xF493
mem[X,0x0000000080001F46] -> 0x0034
[3359] [M]: 0x0000000080001F44 (0x0034F493) andi x9, x9, 0x3                        common_Mexcpt_handler+20
x9 <- 0x0000000000000001

clint mtime 0x0000000000000690 (mip.MTI <- 0b1, mip.STI <- 0b0)
mem[X,0x0000000080001F48] -> 0x8493
mem[X,0x0000000080001F4A] -> 0x0014
[3360] [M]: 0x0000000080001F48 (0x00148493) addi x9, x9, 0x1                        common_Mexcpt_handler+24
x9 <- 0x0000000000000002

mem[X,0x0000000080001F4C] -> 0xF493
mem[X,0x0000000080001F4E] -> 0x0044
[3361] [M]: 0x0000000080001F4C (0x0044F493) andi x9, x9, 0x4                        common_Mexcpt_handler+28
x9 <- 0x0000000000000000

clint mtime 0x0000000000000691 (mip.MTI <- 0b1, mip.STI <- 0b0)
mem[X,0x0000000080001F50] -> 0x0593
mem[X,0x0000000080001F52] -> 0x05D0
[3362] [M]: 0x0000000080001F50 (0x05D00593) addi x11, x0, 0x5d                      common_Mexcpt_handler+32
x11 <- 0x000000000000005D

mem[X,0x0000000080001F54] -> 0xD5B3
mem[X,0x0000000080001F56] -> 0x0095
[3363] [M]: 0x0000000080001F54 (0x0095D5B3) srl x11, x11, x9                        common_Mexcpt_handler+36
x11 <- 0x000000000000005D

clint mtime 0x0000000000000692 (mip.MTI <- 0b1, mip.STI <- 0b0)
mem[X,0x0000000080001F58] -> 0xF593
mem[X,0x0000000080001F5A] -> 0x0015
[3364] [M]: 0x0000000080001F58 (0x0015F593) andi x11, x11, 0x1                      common_Mexcpt_handler+40
x11 <- 0x0000000000000001

mem[X,0x0000000080001F5C] -> 0x8EE3
mem[X,0x0000000080001F5E] -> 0xF405
[3365] [M]: 0x0000000080001F5C (0xF4058EE3) beq x11, x0, -0xa4                      common_Mexcpt_handler+44

clint mtime 0x0000000000000693 (mip.MTI <- 0b1, mip.STI <- 0b0)
mem[X,0x0000000080001F60] -> 0x0593
mem[X,0x0000000080001F62] -> 0x2980
[3366] [M]: 0x0000000080001F60 (0x29800593) addi x11, x0, 0x298                     common_Mexcpt_handler+48
x11 <- 0x0000000000000298

mem[X,0x0000000080001F64] -> 0xF413
mem[X,0x0000000080001F66] -> 0x0014
[3367] [M]: 0x0000000080001F64 (0x0014F413) andi x8, x9, 0x1                        common_Mexcpt_handler+52
x8 <- 0x0000000000000000

clint mtime 0x0000000000000694 (mip.MTI <- 0b1, mip.STI <- 0b0)
mem[X,0x0000000080001F68] -> 0x95B3
mem[X,0x0000000080001F6A] -> 0x0085
[3368] [M]: 0x0000000080001F68 (0x008595B3) sll x11, x11, x8                        common_Mexcpt_handler+56
x11 <- 0x0000000000000298

mem[X,0x0000000080001F6C] -> 0x9413
mem[X,0x0000000080001F6E] -> 0x03D4
[3369] [M]: 0x0000000080001F6C (0x03D49413) slli x8, x9, 0x3d                       common_Mexcpt_handler+60
x8 <- 0x0000000000000000

clint mtime 0x0000000000000695 (mip.MTI <- 0b1, mip.STI <- 0b0)
mem[X,0x0000000080001F70] -> 0x5413
mem[X,0x0000000080001F72] -> 0x43F4
[3370] [M]: 0x0000000080001F70 (0x43F45413) srai x8, x8, 0x3f                       common_Mexcpt_handler+64
x8 <- 0x0000000000000000

mem[X,0x0000000080001F74] -> 0x4413
mem[X,0x0000000080001F76] -> 0xFFF4
[3371] [M]: 0x0000000080001F74 (0xFFF44413) xori x8, x8, -0x1                       common_Mexcpt_handler+68
x8 <- 0xFFFFFFFFFFFFFFFF

clint mtime 0x0000000000000696 (mip.MTI <- 0b1, mip.STI <- 0b0)
mem[X,0x0000000080001F78] -> 0xF4B3
mem[X,0x0000000080001F7A] -> 0x0085
[3372] [M]: 0x0000000080001F78 (0x0085F4B3) and x9, x11, x8                         common_Mexcpt_handler+72
x9 <- 0x0000000000000298

mem[X,0x0000000080001F7C] -> 0x84B3
mem[X,0x0000000080001F7E] -> 0x0024
[3373] [M]: 0x0000000080001F7C (0x002484B3) add x9, x9, x2                          vmem_adj_Mepc+0
x9 <- 0x0000000080005298

clint mtime 0x0000000000000697 (mip.MTI <- 0b1, mip.STI <- 0b0)
mem[X,0x0000000080001F80] -> 0x23F3
mem[X,0x0000000080001F82] -> 0x3410
[3374] [M]: 0x0000000080001F80 (0x341023F3) csrrs x7, mepc, x0                      vmem_adj_Mepc+4
CSR mepc (0x341) -> 0x0000030080001834
x7 <- 0x0000030080001834

mem[X,0x0000000080001F84] -> 0x0413
mem[X,0x0000000080001F86] -> 0x0004
[3375] [M]: 0x0000000080001F84 (0x00040413) addi x8, x8, 0x0                        vmem_adj_Mepc+8
x8 <- 0xFFFFFFFFFFFFFFFF

clint mtime 0x0000000000000698 (mip.MTI <- 0b1, mip.STI <- 0b0)
mem[X,0x0000000080001F88] -> 0x006F
mem[X,0x0000000080001F8A] -> 0x0400
[3376] [M]: 0x0000000080001F88 (0x0400006F) jal x0, 0x40                            vmem_adj_Mepc+12

mem[X,0x0000000080001FC8] -> 0x8433
mem[X,0x0000000080001FCA] -> 0x4083
[3377] [M]: 0x0000000080001FC8 (0x40838433) sub x8, x7, x8                          adj_Mepc+0
x8 <- 0x0000030080001835

clint mtime 0x0000000000000699 (mip.MTI <- 0b1, mip.STI <- 0b0)
mem[X,0x0000000080001FCC] -> 0x3823
mem[X,0x0000000080001FCE] -> 0x0083
[3378] [M]: 0x0000000080001FCC (0x00833823) sd x8, 0x10(x6)                         sv_Mepc+0
mem[W,0x000000008000A728] <- 0x0000030080001835

mem[X,0x0000000080001FD0] -> 0x55B7
mem[X,0x0000000080001FD2] -> 0x0000
[3379] [M]: 0x0000000080001FD0 (0x000055B7) lui x11, 0x5                            sv_Mepc+4
x11 <- 0x0000000000005000

clint mtime 0x000000000000069A (mip.MTI <- 0b1, mip.STI <- 0b0)
mem[X,0x0000000080001FD4] -> 0x8593
mem[X,0x0000000080001FD6] -> 0x6675
[3380] [M]: 0x0000000080001FD4 (0x66758593) addi x11, x11, 0x667                    sv_Mepc+8
x11 <- 0x0000000000005667

mem[X,0x0000000080001FD8] -> 0x9593
mem[X,0x0000000080001FDA] -> 0x0015
[3381] [M]: 0x0000000080001FD8 (0x00159593) slli x11, x11, 0x1                      sv_Mepc+12
x11 <- 0x000000000000ACCE

clint mtime 0x000000000000069B (mip.MTI <- 0b1, mip.STI <- 0b0)
mem[X,0x0000000080001FDC] -> 0x9063
mem[X,0x0000000080001FDE] -> 0x02B1
[3382] [M]: 0x0000000080001FDC (0x02B19063) bne x3, x11, 0x20                       sv_Mepc+16

mem[X,0x0000000080001FE0] -> 0x2473
mem[X,0x0000000080001FE2] -> 0x3420
[3383] [M]: 0x0000000080001FE0 (0x34202473) csrrs x8, mcause, x0                    sv_Mepc+20
CSR mcause (0x342) -> 0x000000000000000F
x8 <- 0x000000000000000F

clint mtime 0x000000000000069C (mip.MTI <- 0b1, mip.STI <- 0b0)
mem[X,0x0000000080001FE4] -> 0x0593
mem[X,0x0000000080001FE6] -> 0x00C0
[3384] [M]: 0x0000000080001FE4 (0x00C00593) addi x11, x0, 0xc                       sv_Mepc+24
x11 <- 0x000000000000000C

mem[X,0x0000000080001FE8] -> 0x0663
mem[X,0x0000000080001FEA] -> 0x00B4
[3385] [M]: 0x0000000080001FE8 (0x00B40663) beq x8, x11, 0xc                        sv_Mepc+28

clint mtime 0x000000000000069D (mip.MTI <- 0b1, mip.STI <- 0b0)
mem[X,0x0000000080001FEC] -> 0x0593
mem[X,0x0000000080001FEE] -> 0x0010
[3386] [M]: 0x0000000080001FEC (0x00100593) addi x11, x0, 0x1                       sv_Mepc+32
x11 <- 0x0000000000000001

mem[X,0x0000000080001FF0] -> 0x1663
mem[X,0x0000000080001FF2] -> 0x00B4
[3387] [M]: 0x0000000080001FF0 (0x00B41663) bne x8, x11, 0xc                        sv_Mepc+36

clint mtime 0x000000000000069E (mip.MTI <- 0b1, mip.STI <- 0b0)
mem[X,0x0000000080001FFC] -> 0xF593
mem[X,0x0000000080001FFE] -> 0xFFC3
[3388] [M]: 0x0000000080001FFC (0xFFC3F593) andi x11, x7, -0x4                      adj_Mepc_rtn+0
x11 <- 0x0000030080001834

mem[X,0x0000000080002000] -> 0x8593
mem[X,0x0000000080002002] -> 0x0085
[3389] [M]: 0x0000000080002000 (0x00858593) addi x11, x11, 0x8                      adj_Mepc_rtn+4
x11 <- 0x000003008000183C

clint mtime 0x000000000000069F (mip.MTI <- 0b1, mip.STI <- 0b0)
mem[X,0x0000000080002004] -> 0x9073
mem[X,0x0000000080002006] -> 0x3415
[3390] [M]: 0x0000000080002004 (0x34159073) csrrw x0, mepc, x11                     adj_Mepc_rtn+8
CSR mepc (0x341) <- 0x000003008000183C

mem[X,0x0000000080002008] -> 0x23F3
mem[X,0x000000008000200A] -> 0x3430
[3391] [M]: 0x0000000080002008 (0x343023F3) csrrs x7, mtval, x0                     skp_adj_Mepc+0
CSR mtval (0x343) -> 0x0000028000000414
x7 <- 0x0000028000000414

clint mtime 0x00000000000006A0 (mip.MTI <- 0b1, mip.STI <- 0b0)
mem[X,0x000000008000200C] -> 0x0413
mem[X,0x000000008000200E] -> 0x0004
[3392] [M]: 0x000000008000200C (0x00040413) addi x8, x8, 0x0                        skp_adj_Mepc+4
x8 <- 0x000000000000000F

mem[X,0x0000000080002010] -> 0x006F
mem[X,0x0000000080002012] -> 0x0840
[3393] [M]: 0x0000000080002010 (0x0840006F) jal x0, 0x84                            skp_adj_Mepc+8

clint mtime 0x00000000000006A1 (mip.MTI <- 0b1, mip.STI <- 0b0)
mem[X,0x0000000080002094] -> 0x8433
mem[X,0x0000000080002096] -> 0x4083
[3394] [M]: 0x0000000080002094 (0x40838433) sub x8, x7, x8                          adj_Mtval+0
x8 <- 0x0000028000000405

mem[X,0x0000000080002098] -> 0x3C23
mem[X,0x000000008000209A] -> 0x0083
[3395] [M]: 0x0000000080002098 (0x00833C23) sd x8, 0x18(x6)                         sv_Mtval+0
mem[W,0x000000008000A730] <- 0x0000028000000405

clint mtime 0x00000000000006A2 (mip.MTI <- 0b1, mip.STI <- 0b0)
mem[X,0x000000008000209C] -> 0x3483
mem[X,0x000000008000209E] -> 0x2181
[3396] [M]: 0x000000008000209C (0x21813483) ld x9, 0x218(x2)                        skp_Mtval+0
mem[R,0x0000000080005218] -> 0x000000008000A738
x9 <- 0x000000008000A738

mem[X,0x00000000800020A0] -> 0x3383
mem[X,0x00000000800020A2] -> 0x1F81
[3397] [M]: 0x00000000800020A0 (0x1F813383) ld x7, 0x1f8(x2)                        skp_Mtval+4
mem[R,0x00000000800051F8] -> 0x000000008000A110
x7 <- 0x000000008000A110

clint mtime 0x00000000000006A3 (mip.MTI <- 0b1, mip.STI <- 0b0)
mem[X,0x00000000800020A4] -> 0x3303
mem[X,0x00000000800020A6] -> 0x2001
[3398] [M]: 0x00000000800020A4 (0x20013303) ld x6, 0x200(x2)                        skp_Mtval+8
mem[R,0x0000000080005200] -> 0x0000000000000610
x6 <- 0x0000000000000610

mem[X,0x00000000800020A8] -> 0x0333
mem[X,0x00000000800020AA] -> 0x0073
[3399] [M]: 0x00000000800020A8 (0x00730333) add x6, x6, x7                          skp_Mtval+12
x6 <- 0x000000008000A720

clint mtime 0x00000000000006A4 (mip.MTI <- 0b1, mip.STI <- 0b0)
mem[X,0x00000000800020AC] -> 0x6AE3
mem[X,0x00000000800020AE] -> 0xAE93
[3400] [M]: 0x00000000800020AC (0xAE936AE3) bltu x6, x9, -0x50c                     skp_Mtval+16

mem[X,0x0000000080001BA0] -> 0x2373
mem[X,0x0000000080001BA2] -> 0x3400
[3401] [M]: 0x0000000080001BA0 (0x34002373) csrrs x6, mscratch, x0                  exit_Scleanup+0
CSR mscratch (0x340) -> 0x0000000080005000
x6 <- 0x0000000080005000

clint mtime 0x00000000000006A5 (mip.MTI <- 0b1, mip.STI <- 0b0)
mem[X,0x0000000080001BA4] -> 0x0313
mem[X,0x0000000080001BA6] -> 0x2983
[3402] [M]: 0x0000000080001BA4 (0x29830313) addi x6, x6, 0x298                      exit_Scleanup+4
x6 <- 0x0000000080005298

mem[X,0x0000000080001BA8] -> 0x3383
mem[X,0x0000000080001BAA] -> 0x2383
[3403] [M]: 0x0000000080001BA8 (0x23833383) ld x7, 0x238(x6)                        resto_Sedeleg+0
mem[R,0x00000000800054D0] -> 0x0000000000000000
x7 <- 0x0000000000000000

clint mtime 0x00000000000006A6 (mip.MTI <- 0b1, mip.STI <- 0b0)
mem[X,0x0000000080001BAC] -> 0x3383
mem[X,0x0000000080001BAE] -> 0x2203
[3404] [M]: 0x0000000080001BAC (0x22033383) ld x7, 0x220(x6)                        resto_Ssatp+0
mem[R,0x00000000800054B8] -> 0x0000000000000000
x7 <- 0x0000000000000000

mem[X,0x0000000080001BB0] -> 0x9073
mem[X,0x0000000080001BB2] -> 0x1803
[3405] [M]: 0x0000000080001BB0 (0x18039073) csrrw x0, satp, x7                      resto_Ssatp+4
CSR satp (0x180) <- 0x0000000000000000

clint mtime 0x00000000000006A7 (mip.MTI <- 0b1, mip.STI <- 0b0)
mem[X,0x0000000080001BB4] -> 0x3503
mem[X,0x0000000080001BB6] -> 0x2503
[3406] [M]: 0x0000000080001BB4 (0x25033503) ld x10, 0x250(x6)                       resto_Sscratch+0
mem[R,0x00000000800054E8] -> 0x0000000000000000
x10 <- 0x0000000000000000

mem[X,0x0000000080001BB8] -> 0x1073
mem[X,0x0000000080001BBA] -> 0x1405
[3407] [M]: 0x0000000080001BB8 (0x14051073) csrrw x0, sscratch, x10                 resto_Sscratch+4
CSR sscratch (0x140) <- 0x0000000000000000

clint mtime 0x00000000000006A8 (mip.MTI <- 0b1, mip.STI <- 0b0)
mem[X,0x0000000080001BBC] -> 0x3483
mem[X,0x0000000080001BBE] -> 0x2483
[3408] [M]: 0x0000000080001BBC (0x24833483) ld x9, 0x248(x6)                        resto_Sxtvec+0
mem[R,0x00000000800054E0] -> 0x0000000000000000
x9 <- 0x0000000000000000

mem[X,0x0000000080001BC0] -> 0x93F3
mem[X,0x0000000080001BC2] -> 0x1054
[3409] [M]: 0x0000000080001BC0 (0x105493F3) csrrw x7, stvec, x9                     resto_Sxtvec+4
CSR stvec (0x105) <- 0x0000000000000000
x7 <- 0x0000000080002600

clint mtime 0x00000000000006A9 (mip.MTI <- 0b1, mip.STI <- 0b0)
mem[X,0x0000000080001BC4] -> 0xF493
mem[X,0x0000000080001BC6] -> 0xFFC4
[3410] [M]: 0x0000000080001BC4 (0xFFC4F493) andi x9, x9, -0x4                       resto_Sxtvec+8
x9 <- 0x0000000000000000

mem[X,0x0000000080001BC8] -> 0xF393
mem[X,0x0000000080001BCA] -> 0xFFC3
[3411] [M]: 0x0000000080001BC8 (0xFFC3F393) andi x7, x7, -0x4                       resto_Sxtvec+12
x7 <- 0x0000000080002600

clint mtime 0x00000000000006AA (mip.MTI <- 0b1, mip.STI <- 0b0)
mem[X,0x0000000080001BCC] -> 0x9063
mem[X,0x0000000080001BCE] -> 0x0274
[3412] [M]: 0x0000000080001BCC (0x02749063) bne x9, x7, 0x20                        resto_Sxtvec+16

mem[X,0x0000000080001BEC] -> 0x2373
mem[X,0x0000000080001BEE] -> 0x3400
[3413] [M]: 0x0000000080001BEC (0x34002373) csrrs x6, mscratch, x0                  rvtest_Send+0
CSR mscratch (0x340) -> 0x0000000080005000
x6 <- 0x0000000080005000

clint mtime 0x00000000000006AB (mip.MTI <- 0b1, mip.STI <- 0b0)
mem[X,0x0000000080001BF0] -> 0x3383
mem[X,0x0000000080001BF2] -> 0x2383
[3414] [M]: 0x0000000080001BF0 (0x23833383) ld x7, 0x238(x6)                        resto_Medeleg+0
mem[R,0x0000000080005238] -> 0x0000000000000000
x7 <- 0x0000000000000000

mem[X,0x0000000080001BF4] -> 0x9073
mem[X,0x0000000080001BF6] -> 0x3023
[3415] [M]: 0x0000000080001BF4 (0x30239073) csrrw x0, medeleg, x7                   resto_Medeleg+4
CSR medeleg (0x302) <- 0x0000000000000000

clint mtime 0x00000000000006AC (mip.MTI <- 0b1, mip.STI <- 0b0)
mem[X,0x0000000080001BF8] -> 0x3503
mem[X,0x0000000080001BFA] -> 0x2503
[3416] [M]: 0x0000000080001BF8 (0x25033503) ld x10, 0x250(x6)                       resto_Mscratch+0
mem[R,0x0000000080005250] -> 0x0000000000000000
x10 <- 0x0000000000000000

mem[X,0x0000000080001BFC] -> 0x1073
mem[X,0x0000000080001BFE] -> 0x3405
[3417] [M]: 0x0000000080001BFC (0x34051073) csrrw x0, mscratch, x10                 resto_Mscratch+4
CSR mscratch (0x340) <- 0x0000000000000000

clint mtime 0x00000000000006AD (mip.MTI <- 0b1, mip.STI <- 0b0)
mem[X,0x0000000080001C00] -> 0x3483
mem[X,0x0000000080001C02] -> 0x2483
[3418] [M]: 0x0000000080001C00 (0x24833483) ld x9, 0x248(x6)                        resto_Mxtvec+0
mem[R,0x0000000080005248] -> 0x0000000000000000
x9 <- 0x0000000000000000

mem[X,0x0000000080001C04] -> 0x93F3
mem[X,0x0000000080001C06] -> 0x3054
[3419] [M]: 0x0000000080001C04 (0x305493F3) csrrw x7, mtvec, x9                     resto_Mxtvec+4
CSR mtvec (0x305) <- 0x0000000000000000
x7 <- 0x0000000080001C80

clint mtime 0x00000000000006AE (mip.MTI <- 0b1, mip.STI <- 0b0)
mem[X,0x0000000080001C08] -> 0xF493
mem[X,0x0000000080001C0A] -> 0xFFC4
[3420] [M]: 0x0000000080001C08 (0xFFC4F493) andi x9, x9, -0x4                       resto_Mxtvec+8
x9 <- 0x0000000000000000

mem[X,0x0000000080001C0C] -> 0xF393
mem[X,0x0000000080001C0E] -> 0xFFC3
[3421] [M]: 0x0000000080001C0C (0xFFC3F393) andi x7, x7, -0x4                       resto_Mxtvec+12
x7 <- 0x0000000080001C80

clint mtime 0x00000000000006AF (mip.MTI <- 0b1, mip.STI <- 0b0)
mem[X,0x0000000080001C10] -> 0x9063
mem[X,0x0000000080001C12] -> 0x0274
[3422] [M]: 0x0000000080001C10 (0x02749063) bne x9, x7, 0x20                        resto_Mxtvec+16

mem[X,0x0000000080001C30] -> 0x106F
mem[X,0x0000000080001C32] -> 0x27C0
[3423] [M]: 0x0000000080001C30 (0x27C0106F) jal x0, 0x127c                          rvtest_Mend+0

clint mtime 0x00000000000006B0 (mip.MTI <- 0b1, mip.STI <- 0b0)
mem[X,0x0000000080002EAC] -> 0x0093
mem[X,0x0000000080002EAE] -> 0x0010
[3424] [M]: 0x0000000080002EAC (0x00100093) addi x1, x0, 0x1                        exit_cleanup+0
x1 <- 0x0000000000000001

mem[X,0x0000000080002EB0] -> 0x1397
mem[X,0x0000000080002EB2] -> 0x0000
[3425] [M]: 0x0000000080002EB0 (0x00001397) auipc x7, 0x1                           exit_cleanup+4
x7 <- 0x0000000080003EB0

clint mtime 0x00000000000006B1 (mip.MTI <- 0b1, mip.STI <- 0b0)
mem[X,0x0000000080002EB4] -> 0xA823
mem[X,0x0000000080002EB6] -> 0x1413
[3426] [M]: 0x0000000080002EB4 (0x1413A823) sw x1, 0x150(x7)                        exit_cleanup+8
htif[0x0000000080004000] <- 0x00000001
mem[W,0x0000000080004000] <- 0x00000001

mem[X,0x0000000080002EB8] -> 0xF06F
mem[X,0x0000000080002EBA] -> 0xFF9F
[3427] [M]: 0x0000000080002EB8 (0xFF9FF06F) jal x0, -0x8                            exit_cleanup+12

clint mtime 0x00000000000006B2 (mip.MTI <- 0b1, mip.STI <- 0b0)
mem[X,0x0000000080002EB0] -> 0x1397
mem[X,0x0000000080002EB2] -> 0x0000
[3428] [M]: 0x0000000080002EB0 (0x00001397) auipc x7, 0x1                           exit_cleanup+4
x7 <- 0x0000000080003EB0

mem[X,0x0000000080002EB4] -> 0xA823
mem[X,0x0000000080002EB6] -> 0x1413
[3429] [M]: 0x0000000080002EB4 (0x1413A823) sw x1, 0x150(x7)                        exit_cleanup+8
htif[0x0000000080004000] <- 0x00000001
mem[W,0x0000000080004000] <- 0x00000001

clint mtime 0x00000000000006B3 (mip.MTI <- 0b1, mip.STI <- 0b0)
mem[X,0x0000000080002EB8] -> 0xF06F
mem[X,0x0000000080002EBA] -> 0xFF9F
[3430] [M]: 0x0000000080002EB8 (0xFF9FF06F) jal x0, -0x8                            exit_cleanup+12

mem[X,0x0000000080002EB0] -> 0x1397
mem[X,0x0000000080002EB2] -> 0x0000
[3431] [M]: 0x0000000080002EB0 (0x00001397) auipc x7, 0x1                           exit_cleanup+4
x7 <- 0x0000000080003EB0

clint mtime 0x00000000000006B4 (mip.MTI <- 0b1, mip.STI <- 0b0)
mem[X,0x0000000080002EB4] -> 0xA823
mem[X,0x0000000080002EB6] -> 0x1413
[3432] [M]: 0x0000000080002EB4 (0x1413A823) sw x1, 0x150(x7)                        exit_cleanup+8
htif[0x0000000080004000] <- 0x00000001
htif-syscall-proxy cmd: 0x000000000001
mem[W,0x0000000080004000] <- 0x00000001

SUCCESS
