using /opt/riscv-arch-test/riscof-plugins/rv64/riscof_work/vm_sv57/src/sv57_misaligned_S_mode.S/ref/Reference-sail_c_simulator.signature for test-signature output.
setting signature-granularity to 8 bytes
HTIF located at 0x80003000
begin_signature: 0x8000b110
end_signature: 0x8000b420
Entry point: 0x80000000
CSR mstatus (0x300) <- 0x0000000A00000000
CSR misa (0x301) <- 0x800000000034112F
CSR mcause (0x342) <- 0x0000000000000000
x10 <- 0x0000000000000000
x11 <- 0x0000000000001000
mem[X,0x0000000080000000] -> 0x4317
mem[X,0x0000000080000002] -> 0x0000
[0] [M]: 0x0000000080000000 (0x00004317) auipc x6, 0x4                              rvtest_init+0
x6 <- 0x0000000080004000

mem[X,0x0000000080000004] -> 0x0313
mem[X,0x0000000080000006] -> 0x0003
[1] [M]: 0x0000000080000004 (0x00030313) addi x6, x6, 0x0                           rvtest_init+4
x6 <- 0x0000000080004000

clint mtime 0x0000000000000001 (mip.MTI <- 0b1, mip.STI <- 0b0)
mem[X,0x0000000080000008] -> 0x0013
mem[X,0x000000008000000A] -> 0x0000
[2] [M]: 0x0000000080000008 (0x00000013) addi x0, x0, 0x0                           rvtest_init+8

mem[X,0x000000008000000C] -> 0x0013
mem[X,0x000000008000000E] -> 0x0000
[3] [M]: 0x000000008000000C (0x00000013) addi x0, x0, 0x0                           rvtest_init+12

clint mtime 0x0000000000000002 (mip.MTI <- 0b1, mip.STI <- 0b0)
mem[X,0x0000000080000010] -> 0x0013
mem[X,0x0000000080000012] -> 0x0000
[4] [M]: 0x0000000080000010 (0x00000013) addi x0, x0, 0x0                           rvtest_init+16

mem[X,0x0000000080000014] -> 0x0013
mem[X,0x0000000080000016] -> 0x0000
[5] [M]: 0x0000000080000014 (0x00000013) addi x0, x0, 0x0                           rvtest_init+20

clint mtime 0x0000000000000003 (mip.MTI <- 0b1, mip.STI <- 0b0)
mem[X,0x0000000080000018] -> 0x0013
mem[X,0x000000008000001A] -> 0x0000
[6] [M]: 0x0000000080000018 (0x00000013) addi x0, x0, 0x0                           rvtest_init+24

mem[X,0x000000008000001C] -> 0x0013
mem[X,0x000000008000001E] -> 0x0000
[7] [M]: 0x000000008000001C (0x00000013) addi x0, x0, 0x0                           rvtest_init+28

clint mtime 0x0000000000000004 (mip.MTI <- 0b1, mip.STI <- 0b0)
mem[X,0x0000000080000020] -> 0x1473
mem[X,0x0000000080000022] -> 0x3403
[8] [M]: 0x0000000080000020 (0x34031473) csrrw x8, mscratch, x6                     init_Mscratch+0
CSR mscratch (0x340) <- 0x0000000080004000
x8 <- 0x0000000000000000

mem[X,0x0000000080000024] -> 0x3823
mem[X,0x0000000080000026] -> 0x2483
[9] [M]: 0x0000000080000024 (0x24833823) sd x8, 0x250(x6)                           init_Mscratch+4
mem[W,0x0000000080004250] <- 0x0000000000000000

clint mtime 0x0000000000000005 (mip.MTI <- 0b1, mip.STI <- 0b0)
mem[X,0x0000000080000028] -> 0x0393
mem[X,0x000000008000002A] -> 0x0000
[10] [M]: 0x0000000080000028 (0x00000393) addi x7, x0, 0x0                          init_Medeleg+0
x7 <- 0x0000000000000000

mem[X,0x000000008000002C] -> 0x93F3
mem[X,0x000000008000002E] -> 0x3023
[11] [M]: 0x000000008000002C (0x302393F3) csrrw x7, medeleg, x7                     init_Medeleg+4
CSR medeleg (0x302) <- 0x0000000000000000
x7 <- 0x0000000000000000

clint mtime 0x0000000000000006 (mip.MTI <- 0b1, mip.STI <- 0b0)
mem[X,0x0000000080000030] -> 0x3C23
mem[X,0x0000000080000032] -> 0x2273
[12] [M]: 0x0000000080000030 (0x22733C23) sd x7, 0x238(x6)                          init_Medeleg+8
mem[W,0x0000000080004238] <- 0x0000000000000000

mem[X,0x0000000080000034] -> 0x2473
mem[X,0x0000000080000036] -> 0x3050
[13] [M]: 0x0000000080000034 (0x30502473) csrrs x8, mtvec, x0                       init_Mtvec+0
CSR mtvec (0x305) -> 0x0000000000000000
x8 <- 0x0000000000000000

clint mtime 0x0000000000000007 (mip.MTI <- 0b1, mip.STI <- 0b0)
mem[X,0x0000000080000038] -> 0x3423
mem[X,0x000000008000003A] -> 0x2483
[14] [M]: 0x0000000080000038 (0x24833423) sd x8, 0x248(x6)                          init_Mtvec+4
mem[W,0x0000000080004248] <- 0x0000000000000000

mem[X,0x000000008000003C] -> 0x7393
mem[X,0x000000008000003E] -> 0x0034
[15] [M]: 0x000000008000003C (0x00347393) andi x7, x8, 0x3                          init_Mtvec+8
x7 <- 0x0000000000000000

clint mtime 0x0000000000000008 (mip.MTI <- 0b1, mip.STI <- 0b0)
mem[X,0x0000000080000040] -> 0x3483
mem[X,0x0000000080000042] -> 0x2303
[16] [M]: 0x0000000080000040 (0x23033483) ld x9, 0x230(x6)                          init_Mtvec+12
mem[R,0x0000000080004230] -> 0x0000000080001154
x9 <- 0x0000000080001154

mem[X,0x0000000080000044] -> 0x8493
mem[X,0x0000000080000046] -> 0xE2C4
[17] [M]: 0x0000000080000044 (0xE2C48493) addi x9, x9, -0x1d4                       init_Mtvec+16
x9 <- 0x0000000080000F80

clint mtime 0x0000000000000009 (mip.MTI <- 0b1, mip.STI <- 0b0)
mem[X,0x0000000080000048] -> 0xE3B3
mem[X,0x000000008000004A] -> 0x0074
[18] [M]: 0x0000000080000048 (0x0074E3B3) or x7, x9, x7                             init_Mtvec+20
x7 <- 0x0000000080000F80

mem[X,0x000000008000004C] -> 0x3023
mem[X,0x000000008000004E] -> 0x2473
[19] [M]: 0x000000008000004C (0x24733023) sd x7, 0x240(x6)                          init_Mtvec+24
mem[W,0x0000000080004240] <- 0x0000000080000F80

clint mtime 0x000000000000000A (mip.MTI <- 0b1, mip.STI <- 0b0)
mem[X,0x0000000080000050] -> 0x9073
mem[X,0x0000000080000052] -> 0x3053
[20] [M]: 0x0000000080000050 (0x30539073) csrrw x0, mtvec, x7                       init_Mtvec+28
CSR mtvec (0x305) <- 0x0000000080000F80

mem[X,0x0000000080000054] -> 0x2573
mem[X,0x0000000080000056] -> 0x3050
[21] [M]: 0x0000000080000054 (0x30502573) csrrs x10, mtvec, x0                      init_Mtvec+32
CSR mtvec (0x305) -> 0x0000000080000F80
x10 <- 0x0000000080000F80

clint mtime 0x000000000000000B (mip.MTI <- 0b1, mip.STI <- 0b0)
mem[X,0x0000000080000058] -> 0x0663
mem[X,0x000000008000005A] -> 0x0875
[22] [M]: 0x0000000080000058 (0x08750663) beq x10, x7, 0x8c                         init_Mtvec+36

mem[X,0x00000000800000E4] -> 0x0013
mem[X,0x00000000800000E6] -> 0x0000
[23] [M]: 0x00000000800000E4 (0x00000013) addi x0, x0, 0x0                          rvtest_Mprolog_done+0

clint mtime 0x000000000000000C (mip.MTI <- 0b1, mip.STI <- 0b0)
mem[X,0x00000000800000E8] -> 0x0013
mem[X,0x00000000800000EA] -> 0x0000
[24] [M]: 0x00000000800000E8 (0x00000013) addi x0, x0, 0x0                          rvtest_Mprolog_done+4

mem[X,0x00000000800000EC] -> 0x0013
mem[X,0x00000000800000EE] -> 0x0000
[25] [M]: 0x00000000800000EC (0x00000013) addi x0, x0, 0x0                          rvtest_Mprolog_done+8

clint mtime 0x000000000000000D (mip.MTI <- 0b1, mip.STI <- 0b0)
mem[X,0x00000000800000F0] -> 0x0013
mem[X,0x00000000800000F2] -> 0x0000
[26] [M]: 0x00000000800000F0 (0x00000013) addi x0, x0, 0x0                          rvtest_Mprolog_done+12

mem[X,0x00000000800000F4] -> 0x0013
mem[X,0x00000000800000F6] -> 0x0000
[27] [M]: 0x00000000800000F4 (0x00000013) addi x0, x0, 0x0                          rvtest_Mprolog_done+16

clint mtime 0x000000000000000E (mip.MTI <- 0b1, mip.STI <- 0b0)
mem[X,0x00000000800000F8] -> 0x0013
mem[X,0x00000000800000FA] -> 0x0000
[28] [M]: 0x00000000800000F8 (0x00000013) addi x0, x0, 0x0                          rvtest_Mprolog_done+20

mem[X,0x00000000800000FC] -> 0x0013
mem[X,0x00000000800000FE] -> 0x0000
[29] [M]: 0x00000000800000FC (0x00000013) addi x0, x0, 0x0                          rvtest_Mprolog_done+24

clint mtime 0x000000000000000F (mip.MTI <- 0b1, mip.STI <- 0b0)
mem[X,0x0000000080000100] -> 0x4317
mem[X,0x0000000080000102] -> 0x0000
[30] [M]: 0x0000000080000100 (0x00004317) auipc x6, 0x4                             rvtest_Mprolog_done+28
x6 <- 0x0000000080004100

mem[X,0x0000000080000104] -> 0x0313
mem[X,0x0000000080000106] -> 0x1983
[31] [M]: 0x0000000080000104 (0x19830313) addi x6, x6, 0x198                        rvtest_Mprolog_done+32
x6 <- 0x0000000080004298

clint mtime 0x0000000000000010 (mip.MTI <- 0b1, mip.STI <- 0b0)
mem[X,0x0000000080000108] -> 0x0001
[32] [M]: 0x0000000080000108 (0x0001) c.nop                                         rvtest_Mprolog_done+36

mem[X,0x000000008000010A] -> 0x0013
mem[X,0x000000008000010C] -> 0x0000
[33] [M]: 0x000000008000010A (0x00000013) addi x0, x0, 0x0                          rvtest_Mprolog_done+38

clint mtime 0x0000000000000011 (mip.MTI <- 0b1, mip.STI <- 0b0)
mem[X,0x000000008000010E] -> 0x0013
mem[X,0x0000000080000110] -> 0x0000
[34] [M]: 0x000000008000010E (0x00000013) addi x0, x0, 0x0                          rvtest_Mprolog_done+42

mem[X,0x0000000080000112] -> 0x0013
mem[X,0x0000000080000114] -> 0x0000
[35] [M]: 0x0000000080000112 (0x00000013) addi x0, x0, 0x0                          rvtest_Mprolog_done+46

clint mtime 0x0000000000000012 (mip.MTI <- 0b1, mip.STI <- 0b0)
mem[X,0x0000000080000116] -> 0x0013
mem[X,0x0000000080000118] -> 0x0000
[36] [M]: 0x0000000080000116 (0x00000013) addi x0, x0, 0x0                          rvtest_Mprolog_done+50

mem[X,0x000000008000011A] -> 0x0013
mem[X,0x000000008000011C] -> 0x0000
[37] [M]: 0x000000008000011A (0x00000013) addi x0, x0, 0x0                          rvtest_Mprolog_done+54

clint mtime 0x0000000000000013 (mip.MTI <- 0b1, mip.STI <- 0b0)
mem[X,0x000000008000011E] -> 0x0001
[38] [M]: 0x000000008000011E (0x0001) c.nop                                         rvtest_Mprolog_done+58

mem[X,0x0000000080000120] -> 0x1473
mem[X,0x0000000080000122] -> 0x1403
[39] [M]: 0x0000000080000120 (0x14031473) csrrw x8, sscratch, x6                    init_Sscratch+0
CSR sscratch (0x140) <- 0x0000000080004298
x8 <- 0x0000000000000000

clint mtime 0x0000000000000014 (mip.MTI <- 0b1, mip.STI <- 0b0)
mem[X,0x0000000080000124] -> 0x3823
mem[X,0x0000000080000126] -> 0x2483
[40] [M]: 0x0000000080000124 (0x24833823) sd x8, 0x250(x6)                          init_Sscratch+4
mem[W,0x00000000800044E8] <- 0x0000000000000000

mem[X,0x0000000080000128] -> 0x0393
mem[X,0x000000008000012A] -> 0x0000
[41] [M]: 0x0000000080000128 (0x00000393) addi x7, x0, 0x0                          init_Sedeleg+0
x7 <- 0x0000000000000000

clint mtime 0x0000000000000015 (mip.MTI <- 0b1, mip.STI <- 0b0)
mem[X,0x000000008000012C] -> 0x3C23
mem[X,0x000000008000012E] -> 0x2273
[42] [M]: 0x000000008000012C (0x22733C23) sd x7, 0x238(x6)                          init_Sedeleg+4
mem[W,0x00000000800044D0] <- 0x0000000000000000

mem[X,0x0000000080000130] -> 0x0013
mem[X,0x0000000080000132] -> 0x0000
[43] [M]: 0x0000000080000130 (0x00000013) addi x0, x0, 0x0                          init_Ssatp+0

clint mtime 0x0000000000000016 (mip.MTI <- 0b1, mip.STI <- 0b0)
mem[X,0x0000000080000134] -> 0x0013
mem[X,0x0000000080000136] -> 0x0000
[44] [M]: 0x0000000080000134 (0x00000013) addi x0, x0, 0x0                          init_Ssatp+4

mem[X,0x0000000080000138] -> 0x0013
mem[X,0x000000008000013A] -> 0x0000
[45] [M]: 0x0000000080000138 (0x00000013) addi x0, x0, 0x0                          init_Ssatp+8

clint mtime 0x0000000000000017 (mip.MTI <- 0b1, mip.STI <- 0b0)
mem[X,0x000000008000013C] -> 0x0013
mem[X,0x000000008000013E] -> 0x0000
[46] [M]: 0x000000008000013C (0x00000013) addi x0, x0, 0x0                          init_Ssatp+12

mem[X,0x0000000080000140] -> 0xA497
mem[X,0x0000000080000142] -> 0x0000
[47] [M]: 0x0000000080000140 (0x0000A497) auipc x9, 0xa                             init_Ssatp+16
x9 <- 0x000000008000A140

clint mtime 0x0000000000000018 (mip.MTI <- 0b1, mip.STI <- 0b0)
mem[X,0x0000000080000144] -> 0x8493
mem[X,0x0000000080000146] -> 0xEC04
[48] [M]: 0x0000000080000144 (0xEC048493) addi x9, x9, -0x140                       init_Ssatp+20
x9 <- 0x000000008000A000

mem[X,0x0000000080000148] -> 0x0001
[49] [M]: 0x0000000080000148 (0x0001) c.nop                                         init_Ssatp+24

clint mtime 0x0000000000000019 (mip.MTI <- 0b1, mip.STI <- 0b0)
mem[X,0x000000008000014A] -> 0x0013
mem[X,0x000000008000014C] -> 0x0000
[50] [M]: 0x000000008000014A (0x00000013) addi x0, x0, 0x0                          init_Ssatp+26

mem[X,0x000000008000014E] -> 0x0013
mem[X,0x0000000080000150] -> 0x0000
[51] [M]: 0x000000008000014E (0x00000013) addi x0, x0, 0x0                          init_Ssatp+30

clint mtime 0x000000000000001A (mip.MTI <- 0b1, mip.STI <- 0b0)
mem[X,0x0000000080000152] -> 0x0013
mem[X,0x0000000080000154] -> 0x0000
[52] [M]: 0x0000000080000152 (0x00000013) addi x0, x0, 0x0                          init_Ssatp+34

mem[X,0x0000000080000156] -> 0x0013
mem[X,0x0000000080000158] -> 0x0000
[53] [M]: 0x0000000080000156 (0x00000013) addi x0, x0, 0x0                          init_Ssatp+38

clint mtime 0x000000000000001B (mip.MTI <- 0b1, mip.STI <- 0b0)
mem[X,0x000000008000015A] -> 0x0013
mem[X,0x000000008000015C] -> 0x0000
[54] [M]: 0x000000008000015A (0x00000013) addi x0, x0, 0x0                          init_Ssatp+42

mem[X,0x000000008000015E] -> 0x0001
[55] [M]: 0x000000008000015E (0x0001) c.nop                                         init_Ssatp+46

clint mtime 0x000000000000001C (mip.MTI <- 0b1, mip.STI <- 0b0)
mem[X,0x0000000080000160] -> 0xD493
mem[X,0x0000000080000162] -> 0x00C4
[56] [M]: 0x0000000080000160 (0x00C4D493) srli x9, x9, 0xc                          init_Ssatp+48
x9 <- 0x000000000008000A

mem[X,0x0000000080000164] -> 0x0413
mem[X,0x0000000080000166] -> 0xFFF0
[57] [M]: 0x0000000080000164 (0xFFF00413) addi x8, x0, -0x1                         init_Ssatp+52
x8 <- 0xFFFFFFFFFFFFFFFF

clint mtime 0x000000000000001D (mip.MTI <- 0b1, mip.STI <- 0b0)
mem[X,0x0000000080000168] -> 0x1413
mem[X,0x000000008000016A] -> 0x03F4
[58] [M]: 0x0000000080000168 (0x03F41413) slli x8, x8, 0x3f                         init_Ssatp+56
x8 <- 0x8000000000000000

mem[X,0x000000008000016C] -> 0xE4B3
mem[X,0x000000008000016E] -> 0x0084
[59] [M]: 0x000000008000016C (0x0084E4B3) or x9, x9, x8                             init_Ssatp+60
x9 <- 0x800000000008000A

clint mtime 0x000000000000001E (mip.MTI <- 0b1, mip.STI <- 0b0)
mem[X,0x0000000080000170] -> 0x94F3
mem[X,0x0000000080000172] -> 0x1804
[60] [M]: 0x0000000080000170 (0x180494F3) csrrw x9, satp, x9                        init_Ssatp+64
CSR satp (0x180) <- 0x800000000008000A
x9 <- 0x0000000000000000

mem[X,0x0000000080000174] -> 0x3023
mem[X,0x0000000080000176] -> 0x2293
[61] [M]: 0x0000000080000174 (0x22933023) sd x9, 0x220(x6)                          init_Ssatp+68
mem[W,0x00000000800044B8] <- 0x0000000000000000

clint mtime 0x000000000000001F (mip.MTI <- 0b1, mip.STI <- 0b0)
mem[X,0x0000000080000178] -> 0x2473
mem[X,0x000000008000017A] -> 0x1050
[62] [M]: 0x0000000080000178 (0x10502473) csrrs x8, stvec, x0                       init_Stvec+0
CSR stvec (0x105) -> 0x0000000000000000
x8 <- 0x0000000000000000

mem[X,0x000000008000017C] -> 0x3423
mem[X,0x000000008000017E] -> 0x2483
[63] [M]: 0x000000008000017C (0x24833423) sd x8, 0x248(x6)                          init_Stvec+4
mem[W,0x00000000800044E0] <- 0x0000000000000000

clint mtime 0x0000000000000020 (mip.MTI <- 0b1, mip.STI <- 0b0)
mem[X,0x0000000080000180] -> 0x7393
mem[X,0x0000000080000182] -> 0x0034
[64] [M]: 0x0000000080000180 (0x00347393) andi x7, x8, 0x3                          init_Stvec+8
x7 <- 0x0000000000000000

mem[X,0x0000000080000184] -> 0x3483
mem[X,0x0000000080000186] -> 0x2303
[65] [M]: 0x0000000080000184 (0x23033483) ld x9, 0x230(x6)                          init_Stvec+12
mem[R,0x00000000800044C8] -> 0x0000000080001AD4
x9 <- 0x0000000080001AD4

clint mtime 0x0000000000000021 (mip.MTI <- 0b1, mip.STI <- 0b0)
mem[X,0x0000000080000188] -> 0x8493
mem[X,0x000000008000018A] -> 0xE2C4
[66] [M]: 0x0000000080000188 (0xE2C48493) addi x9, x9, -0x1d4                       init_Stvec+16
x9 <- 0x0000000080001900

mem[X,0x000000008000018C] -> 0xE3B3
mem[X,0x000000008000018E] -> 0x0074
[67] [M]: 0x000000008000018C (0x0074E3B3) or x7, x9, x7                             init_Stvec+20
x7 <- 0x0000000080001900

clint mtime 0x0000000000000022 (mip.MTI <- 0b1, mip.STI <- 0b0)
mem[X,0x0000000080000190] -> 0x3023
mem[X,0x0000000080000192] -> 0x2473
[68] [M]: 0x0000000080000190 (0x24733023) sd x7, 0x240(x6)                          init_Stvec+24
mem[W,0x00000000800044D8] <- 0x0000000080001900

mem[X,0x0000000080000194] -> 0x9073
mem[X,0x0000000080000196] -> 0x1053
[69] [M]: 0x0000000080000194 (0x10539073) csrrw x0, stvec, x7                       init_Stvec+28
CSR stvec (0x105) <- 0x0000000080001900

clint mtime 0x0000000000000023 (mip.MTI <- 0b1, mip.STI <- 0b0)
mem[X,0x0000000080000198] -> 0x2573
mem[X,0x000000008000019A] -> 0x1050
[70] [M]: 0x0000000080000198 (0x10502573) csrrs x10, stvec, x0                      init_Stvec+32
CSR stvec (0x105) -> 0x0000000080001900
x10 <- 0x0000000080001900

mem[X,0x000000008000019C] -> 0x0463
mem[X,0x000000008000019E] -> 0x0875
[71] [M]: 0x000000008000019C (0x08750463) beq x10, x7, 0x88                         init_Stvec+36

clint mtime 0x0000000000000024 (mip.MTI <- 0b1, mip.STI <- 0b0)
mem[X,0x0000000080000224] -> 0x0093
mem[X,0x0000000080000226] -> 0x0000
[72] [M]: 0x0000000080000224 (0x00000093) addi x1, x0, 0x0                          rvtest_entrypoint+0
x1 <- 0x0000000000000000

mem[X,0x0000000080000228] -> 0x9073
mem[X,0x000000008000022A] -> 0x3000
[73] [M]: 0x0000000080000228 (0x30009073) csrrw x0, mstatus, x1                     rvtest_entrypoint+4
CSR mstatus (0x300) <- 0x0000000A00000000

clint mtime 0x0000000000000025 (mip.MTI <- 0b1, mip.STI <- 0b0)
mem[X,0x000000008000022C] -> 0x9073
mem[X,0x000000008000022E] -> 0x3410
[74] [M]: 0x000000008000022C (0x34109073) csrrw x0, mepc, x1                        rvtest_entrypoint+8
CSR mepc (0x341) <- 0x0000000000000000

mem[X,0x0000000080000230] -> 0x9073
mem[X,0x0000000080000232] -> 0x3440
[75] [M]: 0x0000000080000230 (0x34409073) csrrw x0, mip, x1                         rvtest_entrypoint+12
CSR mip (0x344) <- 0x0000000000000080

clint mtime 0x0000000000000026 (mip.MTI <- 0b1, mip.STI <- 0b0)
mem[X,0x0000000080000234] -> 0x9073
mem[X,0x0000000080000236] -> 0x3430
[76] [M]: 0x0000000080000234 (0x34309073) csrrw x0, mtval, x1                       rvtest_entrypoint+16
CSR mtval (0x343) <- 0x0000000000000000

mem[X,0x0000000080000238] -> 0x9073
mem[X,0x000000008000023A] -> 0x3420
[77] [M]: 0x0000000080000238 (0x34209073) csrrw x0, mcause, x1                      rvtest_entrypoint+20
CSR mcause (0x342) <- 0x0000000000000000

clint mtime 0x0000000000000027 (mip.MTI <- 0b1, mip.STI <- 0b0)
mem[X,0x000000008000023C] -> 0x0837
mem[X,0x000000008000023E] -> 0x7D5C
[78] [M]: 0x000000008000023C (0x7D5C0837) lui x16, 0x7d5c0                          rvtest_entrypoint+24
x16 <- 0x000000007D5C0000

mem[X,0x0000000080000240] -> 0x0813
mem[X,0x0000000080000242] -> 0xDDB8
[79] [M]: 0x0000000080000240 (0xDDB80813) addi x16, x16, -0x225                     rvtest_entrypoint+28
x16 <- 0x000000007D5BFDDB

clint mtime 0x0000000000000028 (mip.MTI <- 0b1, mip.STI <- 0b0)
mem[X,0x0000000080000244] -> 0x1813
mem[X,0x0000000080000246] -> 0x00B8
[80] [M]: 0x0000000080000244 (0x00B81813) slli x16, x16, 0xb                        rvtest_entrypoint+32
x16 <- 0x000003EADFEED800

mem[X,0x0000000080000248] -> 0x0813
mem[X,0x000000008000024A] -> 0x3EA8
[81] [M]: 0x0000000080000248 (0x3EA80813) addi x16, x16, 0x3ea                      rvtest_entrypoint+36
x16 <- 0x000003EADFEEDBEA

clint mtime 0x0000000000000029 (mip.MTI <- 0b1, mip.STI <- 0b0)
mem[X,0x000000008000024C] -> 0x1813
mem[X,0x000000008000024E] -> 0x00B8
[82] [M]: 0x000000008000024C (0x00B81813) slli x16, x16, 0xb                        rvtest_entrypoint+40
x16 <- 0x001F56FF76DF5000

mem[X,0x0000000080000250] -> 0x0813
mem[X,0x0000000080000252] -> 0x6FF8
[83] [M]: 0x0000000080000250 (0x6FF80813) addi x16, x16, 0x6ff                      rvtest_entrypoint+44
x16 <- 0x001F56FF76DF56FF

clint mtime 0x000000000000002A (mip.MTI <- 0b1, mip.STI <- 0b0)
mem[X,0x0000000080000254] -> 0x1813
mem[X,0x0000000080000256] -> 0x00A8
[84] [M]: 0x0000000080000254 (0x00A81813) slli x16, x16, 0xa                        rvtest_entrypoint+48
x16 <- 0x7D5BFDDB7D5BFC00

mem[X,0x0000000080000258] -> 0x0813
mem[X,0x000000008000025A] -> 0x1DB8
[85] [M]: 0x0000000080000258 (0x1DB80813) addi x16, x16, 0x1db                      rvtest_entrypoint+52
x16 <- 0x7D5BFDDB7D5BFDDB

clint mtime 0x000000000000002B (mip.MTI <- 0b1, mip.STI <- 0b0)
mem[X,0x000000008000025C] -> 0x5893
mem[X,0x000000008000025E] -> 0x0078
[86] [M]: 0x000000008000025C (0x00785893) srli x17, x16, 0x7                        rvtest_entrypoint+56
x17 <- 0x00FAB7FBB6FAB7FB

mem[X,0x0000000080000260] -> 0x5793
mem[X,0x0000000080000262] -> 0x0398
[87] [M]: 0x0000000080000260 (0x03985793) srli x15, x16, 0x39                       rvtest_entrypoint+60
x15 <- 0x000000000000003E

clint mtime 0x000000000000002C (mip.MTI <- 0b1, mip.STI <- 0b0)
mem[X,0x0000000080000264] -> 0xE8B3
mem[X,0x0000000080000266] -> 0x00F8
[88] [M]: 0x0000000080000264 (0x00F8E8B3) or x17, x17, x15                          rvtest_entrypoint+64
x17 <- 0x00FAB7FBB6FAB7FF

mem[X,0x0000000080000268] -> 0xD913
mem[X,0x000000008000026A] -> 0x0078
[89] [M]: 0x0000000080000268 (0x0078D913) srli x18, x17, 0x7                        rvtest_entrypoint+68
x18 <- 0x0001F56FF76DF56F

clint mtime 0x000000000000002D (mip.MTI <- 0b1, mip.STI <- 0b0)
mem[X,0x000000008000026C] -> 0xD793
mem[X,0x000000008000026E] -> 0x0398
[90] [M]: 0x000000008000026C (0x0398D793) srli x15, x17, 0x39                       rvtest_entrypoint+72
x15 <- 0x0000000000000000

mem[X,0x0000000080000270] -> 0x6933
mem[X,0x0000000080000272] -> 0x00F9
[91] [M]: 0x0000000080000270 (0x00F96933) or x18, x18, x15                          rvtest_entrypoint+76
x18 <- 0x0001F56FF76DF56F

clint mtime 0x000000000000002E (mip.MTI <- 0b1, mip.STI <- 0b0)
mem[X,0x0000000080000274] -> 0x5993
mem[X,0x0000000080000276] -> 0x0079
[92] [M]: 0x0000000080000274 (0x00795993) srli x19, x18, 0x7                        rvtest_entrypoint+80
x19 <- 0x000003EADFEEDBEA

mem[X,0x0000000080000278] -> 0x5793
mem[X,0x000000008000027A] -> 0x0399
[93] [M]: 0x0000000080000278 (0x03995793) srli x15, x18, 0x39                       rvtest_entrypoint+84
x15 <- 0x0000000000000000

clint mtime 0x000000000000002F (mip.MTI <- 0b1, mip.STI <- 0b0)
mem[X,0x000000008000027C] -> 0xE9B3
mem[X,0x000000008000027E] -> 0x00F9
[94] [M]: 0x000000008000027C (0x00F9E9B3) or x19, x19, x15                          rvtest_entrypoint+88
x19 <- 0x000003EADFEEDBEA

mem[X,0x0000000080000280] -> 0xDA13
mem[X,0x0000000080000282] -> 0x0079
[95] [M]: 0x0000000080000280 (0x0079DA13) srli x20, x19, 0x7                        rvtest_entrypoint+92
x20 <- 0x00000007D5BFDDB7

clint mtime 0x0000000000000030 (mip.MTI <- 0b1, mip.STI <- 0b0)
mem[X,0x0000000080000284] -> 0xD793
mem[X,0x0000000080000286] -> 0x0399
[96] [M]: 0x0000000080000284 (0x0399D793) srli x15, x19, 0x39                       rvtest_entrypoint+96
x15 <- 0x0000000000000000

mem[X,0x0000000080000288] -> 0x6A33
mem[X,0x000000008000028A] -> 0x00FA
[97] [M]: 0x0000000080000288 (0x00FA6A33) or x20, x20, x15                          rvtest_entrypoint+100
x20 <- 0x00000007D5BFDDB7

clint mtime 0x0000000000000031 (mip.MTI <- 0b1, mip.STI <- 0b0)
mem[X,0x000000008000028C] -> 0x5A93
mem[X,0x000000008000028E] -> 0x007A
[98] [M]: 0x000000008000028C (0x007A5A93) srli x21, x20, 0x7                        rvtest_entrypoint+104
x21 <- 0x000000000FAB7FBB

mem[X,0x0000000080000290] -> 0x5793
mem[X,0x0000000080000292] -> 0x039A
[99] [M]: 0x0000000080000290 (0x039A5793) srli x15, x20, 0x39                       rvtest_entrypoint+108
x15 <- 0x0000000000000000

clint mtime 0x0000000000000032 (mip.MTI <- 0b1, mip.STI <- 0b0)
mem[X,0x0000000080000294] -> 0xEAB3
mem[X,0x0000000080000296] -> 0x00FA
[100] [M]: 0x0000000080000294 (0x00FAEAB3) or x21, x21, x15                         rvtest_entrypoint+112
x21 <- 0x000000000FAB7FBB

mem[X,0x0000000080000298] -> 0xDB13
mem[X,0x000000008000029A] -> 0x007A
[101] [M]: 0x0000000080000298 (0x007ADB13) srli x22, x21, 0x7                       rvtest_entrypoint+116
x22 <- 0x00000000001F56FF

clint mtime 0x0000000000000033 (mip.MTI <- 0b1, mip.STI <- 0b0)
mem[X,0x000000008000029C] -> 0xD793
mem[X,0x000000008000029E] -> 0x039A
[102] [M]: 0x000000008000029C (0x039AD793) srli x15, x21, 0x39                      rvtest_entrypoint+120
x15 <- 0x0000000000000000

mem[X,0x00000000800002A0] -> 0x6B33
mem[X,0x00000000800002A2] -> 0x00FB
[103] [M]: 0x00000000800002A0 (0x00FB6B33) or x22, x22, x15                         rvtest_entrypoint+124
x22 <- 0x00000000001F56FF

clint mtime 0x0000000000000034 (mip.MTI <- 0b1, mip.STI <- 0b0)
mem[X,0x00000000800002A4] -> 0x5B93
mem[X,0x00000000800002A6] -> 0x007B
[104] [M]: 0x00000000800002A4 (0x007B5B93) srli x23, x22, 0x7                       rvtest_entrypoint+128
x23 <- 0x0000000000003EAD

mem[X,0x00000000800002A8] -> 0x5793
mem[X,0x00000000800002AA] -> 0x039B
[105] [M]: 0x00000000800002A8 (0x039B5793) srli x15, x22, 0x39                      rvtest_entrypoint+132
x15 <- 0x0000000000000000

clint mtime 0x0000000000000035 (mip.MTI <- 0b1, mip.STI <- 0b0)
mem[X,0x00000000800002AC] -> 0xEBB3
mem[X,0x00000000800002AE] -> 0x00FB
[106] [M]: 0x00000000800002AC (0x00FBEBB3) or x23, x23, x15                         rvtest_entrypoint+136
x23 <- 0x0000000000003EAD

mem[X,0x00000000800002B0] -> 0xDC13
mem[X,0x00000000800002B2] -> 0x007B
[107] [M]: 0x00000000800002B0 (0x007BDC13) srli x24, x23, 0x7                       rvtest_entrypoint+140
x24 <- 0x000000000000007D

clint mtime 0x0000000000000036 (mip.MTI <- 0b1, mip.STI <- 0b0)
mem[X,0x00000000800002B4] -> 0xD793
mem[X,0x00000000800002B6] -> 0x039B
[108] [M]: 0x00000000800002B4 (0x039BD793) srli x15, x23, 0x39                      rvtest_entrypoint+144
x15 <- 0x0000000000000000

mem[X,0x00000000800002B8] -> 0x6C33
mem[X,0x00000000800002BA] -> 0x00FC
[109] [M]: 0x00000000800002B8 (0x00FC6C33) or x24, x24, x15                         rvtest_entrypoint+148
x24 <- 0x000000000000007D

clint mtime 0x0000000000000037 (mip.MTI <- 0b1, mip.STI <- 0b0)
mem[X,0x00000000800002BC] -> 0x5C93
mem[X,0x00000000800002BE] -> 0x007C
[110] [M]: 0x00000000800002BC (0x007C5C93) srli x25, x24, 0x7                       rvtest_entrypoint+152
x25 <- 0x0000000000000000

mem[X,0x00000000800002C0] -> 0x5793
mem[X,0x00000000800002C2] -> 0x039C
[111] [M]: 0x00000000800002C0 (0x039C5793) srli x15, x24, 0x39                      rvtest_entrypoint+156
x15 <- 0x0000000000000000

clint mtime 0x0000000000000038 (mip.MTI <- 0b1, mip.STI <- 0b0)
mem[X,0x00000000800002C4] -> 0xECB3
mem[X,0x00000000800002C6] -> 0x00FC
[112] [M]: 0x00000000800002C4 (0x00FCECB3) or x25, x25, x15                         rvtest_entrypoint+160
x25 <- 0x0000000000000000

mem[X,0x00000000800002C8] -> 0xDD13
mem[X,0x00000000800002CA] -> 0x007C
[113] [M]: 0x00000000800002C8 (0x007CDD13) srli x26, x25, 0x7                       rvtest_entrypoint+164
x26 <- 0x0000000000000000

clint mtime 0x0000000000000039 (mip.MTI <- 0b1, mip.STI <- 0b0)
mem[X,0x00000000800002CC] -> 0xD793
mem[X,0x00000000800002CE] -> 0x039C
[114] [M]: 0x00000000800002CC (0x039CD793) srli x15, x25, 0x39                      rvtest_entrypoint+168
x15 <- 0x0000000000000000

mem[X,0x00000000800002D0] -> 0x6D33
mem[X,0x00000000800002D2] -> 0x00FD
[115] [M]: 0x00000000800002D0 (0x00FD6D33) or x26, x26, x15                         rvtest_entrypoint+172
x26 <- 0x0000000000000000

clint mtime 0x000000000000003A (mip.MTI <- 0b1, mip.STI <- 0b0)
mem[X,0x00000000800002D4] -> 0x5D93
mem[X,0x00000000800002D6] -> 0x007D
[116] [M]: 0x00000000800002D4 (0x007D5D93) srli x27, x26, 0x7                       rvtest_entrypoint+176
x27 <- 0x0000000000000000

mem[X,0x00000000800002D8] -> 0x5793
mem[X,0x00000000800002DA] -> 0x039D
[117] [M]: 0x00000000800002D8 (0x039D5793) srli x15, x26, 0x39                      rvtest_entrypoint+180
x15 <- 0x0000000000000000

clint mtime 0x000000000000003B (mip.MTI <- 0b1, mip.STI <- 0b0)
mem[X,0x00000000800002DC] -> 0xEDB3
mem[X,0x00000000800002DE] -> 0x00FD
[118] [M]: 0x00000000800002DC (0x00FDEDB3) or x27, x27, x15                         rvtest_entrypoint+184
x27 <- 0x0000000000000000

mem[X,0x00000000800002E0] -> 0xDE13
mem[X,0x00000000800002E2] -> 0x007D
[119] [M]: 0x00000000800002E0 (0x007DDE13) srli x28, x27, 0x7                       rvtest_entrypoint+188
x28 <- 0x0000000000000000

clint mtime 0x000000000000003C (mip.MTI <- 0b1, mip.STI <- 0b0)
mem[X,0x00000000800002E4] -> 0xD793
mem[X,0x00000000800002E6] -> 0x039D
[120] [M]: 0x00000000800002E4 (0x039DD793) srli x15, x27, 0x39                      rvtest_entrypoint+192
x15 <- 0x0000000000000000

mem[X,0x00000000800002E8] -> 0x6E33
mem[X,0x00000000800002EA] -> 0x00FE
[121] [M]: 0x00000000800002E8 (0x00FE6E33) or x28, x28, x15                         rvtest_entrypoint+196
x28 <- 0x0000000000000000

clint mtime 0x000000000000003D (mip.MTI <- 0b1, mip.STI <- 0b0)
mem[X,0x00000000800002EC] -> 0x5E93
mem[X,0x00000000800002EE] -> 0x007E
[122] [M]: 0x00000000800002EC (0x007E5E93) srli x29, x28, 0x7                       rvtest_entrypoint+200
x29 <- 0x0000000000000000

mem[X,0x00000000800002F0] -> 0x5793
mem[X,0x00000000800002F2] -> 0x039E
[123] [M]: 0x00000000800002F0 (0x039E5793) srli x15, x28, 0x39                      rvtest_entrypoint+204
x15 <- 0x0000000000000000

clint mtime 0x000000000000003E (mip.MTI <- 0b1, mip.STI <- 0b0)
mem[X,0x00000000800002F4] -> 0xEEB3
mem[X,0x00000000800002F6] -> 0x00FE
[124] [M]: 0x00000000800002F4 (0x00FEEEB3) or x29, x29, x15                         rvtest_entrypoint+208
x29 <- 0x0000000000000000

mem[X,0x00000000800002F8] -> 0xDF13
mem[X,0x00000000800002FA] -> 0x007E
[125] [M]: 0x00000000800002F8 (0x007EDF13) srli x30, x29, 0x7                       rvtest_entrypoint+212
x30 <- 0x0000000000000000

clint mtime 0x000000000000003F (mip.MTI <- 0b1, mip.STI <- 0b0)
mem[X,0x00000000800002FC] -> 0xD793
mem[X,0x00000000800002FE] -> 0x039E
[126] [M]: 0x00000000800002FC (0x039ED793) srli x15, x29, 0x39                      rvtest_entrypoint+216
x15 <- 0x0000000000000000

mem[X,0x0000000080000300] -> 0x6F33
mem[X,0x0000000080000302] -> 0x00FF
[127] [M]: 0x0000000080000300 (0x00FF6F33) or x30, x30, x15                         rvtest_entrypoint+220
x30 <- 0x0000000000000000

clint mtime 0x0000000000000040 (mip.MTI <- 0b1, mip.STI <- 0b0)
mem[X,0x0000000080000304] -> 0xC0B7
mem[X,0x0000000080000306] -> 0xFEED
[128] [M]: 0x0000000080000304 (0xFEEDC0B7) lui x1, -0x1124                          rvtest_entrypoint+224
x1 <- 0xFFFFFFFFFEEDC000

mem[X,0x0000000080000308] -> 0x8093
mem[X,0x000000008000030A] -> 0xEAD0
[129] [M]: 0x0000000080000308 (0xEAD08093) addi x1, x1, -0x153                      rvtest_entrypoint+228
x1 <- 0xFFFFFFFFFEEDBEAD

clint mtime 0x0000000000000041 (mip.MTI <- 0b1, mip.STI <- 0b0)
mem[X,0x000000008000030C] -> 0x9093
mem[X,0x000000008000030E] -> 0x00B0
[130] [M]: 0x000000008000030C (0x00B09093) slli x1, x1, 0xb                         rvtest_entrypoint+232
x1 <- 0xFFFFFFF76DF56800

mem[X,0x0000000080000310] -> 0x8093
mem[X,0x0000000080000312] -> 0x7F70
[131] [M]: 0x0000000080000310 (0x7F708093) addi x1, x1, 0x7f7                       rvtest_entrypoint+236
x1 <- 0xFFFFFFF76DF56FF7

clint mtime 0x0000000000000042 (mip.MTI <- 0b1, mip.STI <- 0b0)
mem[X,0x0000000080000314] -> 0x9093
mem[X,0x0000000080000316] -> 0x00B0
[132] [M]: 0x0000000080000314 (0x00B09093) slli x1, x1, 0xb                         rvtest_entrypoint+240
x1 <- 0xFFFFBB6FAB7FB800

mem[X,0x0000000080000318] -> 0x8093
mem[X,0x000000008000031A] -> 0x36F0
[133] [M]: 0x0000000080000318 (0x36F08093) addi x1, x1, 0x36f                       rvtest_entrypoint+244
x1 <- 0xFFFFBB6FAB7FBB6F

clint mtime 0x0000000000000043 (mip.MTI <- 0b1, mip.STI <- 0b0)
mem[X,0x000000008000031C] -> 0x9093
mem[X,0x000000008000031E] -> 0x00A0
[134] [M]: 0x000000008000031C (0x00A09093) slli x1, x1, 0xa                         rvtest_entrypoint+248
x1 <- 0xFEEDBEADFEEDBC00

mem[X,0x0000000080000320] -> 0x8093
mem[X,0x0000000080000322] -> 0x2AD0
[135] [M]: 0x0000000080000320 (0x2AD08093) addi x1, x1, 0x2ad                       rvtest_entrypoint+252
x1 <- 0xFEEDBEADFEEDBEAD

clint mtime 0x0000000000000044 (mip.MTI <- 0b1, mip.STI <- 0b0)
mem[X,0x0000000080000324] -> 0xD113
mem[X,0x0000000080000326] -> 0x0070
[136] [M]: 0x0000000080000324 (0x0070D113) srli x2, x1, 0x7                         rvtest_entrypoint+256
x2 <- 0x01FDDB7D5BFDDB7D

mem[X,0x0000000080000328] -> 0xD793
mem[X,0x000000008000032A] -> 0x0390
[137] [M]: 0x0000000080000328 (0x0390D793) srli x15, x1, 0x39                       rvtest_entrypoint+260
x15 <- 0x000000000000007F

clint mtime 0x0000000000000045 (mip.MTI <- 0b1, mip.STI <- 0b0)
mem[X,0x000000008000032C] -> 0x6133
mem[X,0x000000008000032E] -> 0x00F1
[138] [M]: 0x000000008000032C (0x00F16133) or x2, x2, x15                           rvtest_entrypoint+264
x2 <- 0x01FDDB7D5BFDDB7F

mem[X,0x0000000080000330] -> 0x5193
mem[X,0x0000000080000332] -> 0x0071
[139] [M]: 0x0000000080000330 (0x00715193) srli x3, x2, 0x7                         rvtest_entrypoint+268
x3 <- 0x0003FBB6FAB7FBB6

clint mtime 0x0000000000000046 (mip.MTI <- 0b1, mip.STI <- 0b0)
mem[X,0x0000000080000334] -> 0x5793
mem[X,0x0000000080000336] -> 0x0391
[140] [M]: 0x0000000080000334 (0x03915793) srli x15, x2, 0x39                       rvtest_entrypoint+272
x15 <- 0x0000000000000000

mem[X,0x0000000080000338] -> 0xE1B3
mem[X,0x000000008000033A] -> 0x00F1
[141] [M]: 0x0000000080000338 (0x00F1E1B3) or x3, x3, x15                           rvtest_entrypoint+276
x3 <- 0x0003FBB6FAB7FBB6

clint mtime 0x0000000000000047 (mip.MTI <- 0b1, mip.STI <- 0b0)
mem[X,0x000000008000033C] -> 0xD213
mem[X,0x000000008000033E] -> 0x0071
[142] [M]: 0x000000008000033C (0x0071D213) srli x4, x3, 0x7                         rvtest_entrypoint+280
x4 <- 0x000007F76DF56FF7

mem[X,0x0000000080000340] -> 0xD793
mem[X,0x0000000080000342] -> 0x0391
[143] [M]: 0x0000000080000340 (0x0391D793) srli x15, x3, 0x39                       rvtest_entrypoint+284
x15 <- 0x0000000000000000

clint mtime 0x0000000000000048 (mip.MTI <- 0b1, mip.STI <- 0b0)
mem[X,0x0000000080000344] -> 0x6233
mem[X,0x0000000080000346] -> 0x00F2
[144] [M]: 0x0000000080000344 (0x00F26233) or x4, x4, x15                           rvtest_entrypoint+288
x4 <- 0x000007F76DF56FF7

mem[X,0x0000000080000348] -> 0x5293
mem[X,0x000000008000034A] -> 0x0072
[145] [M]: 0x0000000080000348 (0x00725293) srli x5, x4, 0x7                         rvtest_entrypoint+292
x5 <- 0x0000000FEEDBEADF

clint mtime 0x0000000000000049 (mip.MTI <- 0b1, mip.STI <- 0b0)
mem[X,0x000000008000034C] -> 0x5793
mem[X,0x000000008000034E] -> 0x0392
[146] [M]: 0x000000008000034C (0x03925793) srli x15, x4, 0x39                       rvtest_entrypoint+296
x15 <- 0x0000000000000000

mem[X,0x0000000080000350] -> 0xE2B3
mem[X,0x0000000080000352] -> 0x00F2
[147] [M]: 0x0000000080000350 (0x00F2E2B3) or x5, x5, x15                           rvtest_entrypoint+300
x5 <- 0x0000000FEEDBEADF

clint mtime 0x000000000000004A (mip.MTI <- 0b1, mip.STI <- 0b0)
mem[X,0x0000000080000354] -> 0xD313
mem[X,0x0000000080000356] -> 0x0072
[148] [M]: 0x0000000080000354 (0x0072D313) srli x6, x5, 0x7                         rvtest_entrypoint+304
x6 <- 0x000000001FDDB7D5

mem[X,0x0000000080000358] -> 0xD793
mem[X,0x000000008000035A] -> 0x0392
[149] [M]: 0x0000000080000358 (0x0392D793) srli x15, x5, 0x39                       rvtest_entrypoint+308
x15 <- 0x0000000000000000

clint mtime 0x000000000000004B (mip.MTI <- 0b1, mip.STI <- 0b0)
mem[X,0x000000008000035C] -> 0x6333
mem[X,0x000000008000035E] -> 0x00F3
[150] [M]: 0x000000008000035C (0x00F36333) or x6, x6, x15                           rvtest_entrypoint+312
x6 <- 0x000000001FDDB7D5

mem[X,0x0000000080000360] -> 0x5393
mem[X,0x0000000080000362] -> 0x0073
[151] [M]: 0x0000000080000360 (0x00735393) srli x7, x6, 0x7                         rvtest_entrypoint+316
x7 <- 0x00000000003FBB6F

clint mtime 0x000000000000004C (mip.MTI <- 0b1, mip.STI <- 0b0)
mem[X,0x0000000080000364] -> 0x5793
mem[X,0x0000000080000366] -> 0x0393
[152] [M]: 0x0000000080000364 (0x03935793) srli x15, x6, 0x39                       rvtest_entrypoint+320
x15 <- 0x0000000000000000

mem[X,0x0000000080000368] -> 0xE3B3
mem[X,0x000000008000036A] -> 0x00F3
[153] [M]: 0x0000000080000368 (0x00F3E3B3) or x7, x7, x15                           rvtest_entrypoint+324
x7 <- 0x00000000003FBB6F

clint mtime 0x000000000000004D (mip.MTI <- 0b1, mip.STI <- 0b0)
mem[X,0x000000008000036C] -> 0xD413
mem[X,0x000000008000036E] -> 0x0073
[154] [M]: 0x000000008000036C (0x0073D413) srli x8, x7, 0x7                         rvtest_entrypoint+328
x8 <- 0x0000000000007F76

mem[X,0x0000000080000370] -> 0xD793
mem[X,0x0000000080000372] -> 0x0393
[155] [M]: 0x0000000080000370 (0x0393D793) srli x15, x7, 0x39                       rvtest_entrypoint+332
x15 <- 0x0000000000000000

clint mtime 0x000000000000004E (mip.MTI <- 0b1, mip.STI <- 0b0)
mem[X,0x0000000080000374] -> 0x6433
mem[X,0x0000000080000376] -> 0x00F4
[156] [M]: 0x0000000080000374 (0x00F46433) or x8, x8, x15                           rvtest_entrypoint+336
x8 <- 0x0000000000007F76

mem[X,0x0000000080000378] -> 0x5493
mem[X,0x000000008000037A] -> 0x0074
[157] [M]: 0x0000000080000378 (0x00745493) srli x9, x8, 0x7                         rvtest_entrypoint+340
x9 <- 0x00000000000000FE

clint mtime 0x000000000000004F (mip.MTI <- 0b1, mip.STI <- 0b0)
mem[X,0x000000008000037C] -> 0x5793
mem[X,0x000000008000037E] -> 0x0394
[158] [M]: 0x000000008000037C (0x03945793) srli x15, x8, 0x39                       rvtest_entrypoint+344
x15 <- 0x0000000000000000

mem[X,0x0000000080000380] -> 0xE4B3
mem[X,0x0000000080000382] -> 0x00F4
[159] [M]: 0x0000000080000380 (0x00F4E4B3) or x9, x9, x15                           rvtest_entrypoint+348
x9 <- 0x00000000000000FE

clint mtime 0x0000000000000050 (mip.MTI <- 0b1, mip.STI <- 0b0)
mem[X,0x0000000080000384] -> 0xD513
mem[X,0x0000000080000386] -> 0x0074
[160] [M]: 0x0000000080000384 (0x0074D513) srli x10, x9, 0x7                        rvtest_entrypoint+352
x10 <- 0x0000000000000001

mem[X,0x0000000080000388] -> 0xD793
mem[X,0x000000008000038A] -> 0x0394
[161] [M]: 0x0000000080000388 (0x0394D793) srli x15, x9, 0x39                       rvtest_entrypoint+356
x15 <- 0x0000000000000000

clint mtime 0x0000000000000051 (mip.MTI <- 0b1, mip.STI <- 0b0)
mem[X,0x000000008000038C] -> 0x6533
mem[X,0x000000008000038E] -> 0x00F5
[162] [M]: 0x000000008000038C (0x00F56533) or x10, x10, x15                         rvtest_entrypoint+360
x10 <- 0x0000000000000001

mem[X,0x0000000080000390] -> 0x5593
mem[X,0x0000000080000392] -> 0x0075
[163] [M]: 0x0000000080000390 (0x00755593) srli x11, x10, 0x7                       rvtest_entrypoint+364
x11 <- 0x0000000000000000

clint mtime 0x0000000000000052 (mip.MTI <- 0b1, mip.STI <- 0b0)
mem[X,0x0000000080000394] -> 0x5793
mem[X,0x0000000080000396] -> 0x0395
[164] [M]: 0x0000000080000394 (0x03955793) srli x15, x10, 0x39                      rvtest_entrypoint+368
x15 <- 0x0000000000000000

mem[X,0x0000000080000398] -> 0xE5B3
mem[X,0x000000008000039A] -> 0x00F5
[165] [M]: 0x0000000080000398 (0x00F5E5B3) or x11, x11, x15                         rvtest_entrypoint+372
x11 <- 0x0000000000000000

clint mtime 0x0000000000000053 (mip.MTI <- 0b1, mip.STI <- 0b0)
mem[X,0x000000008000039C] -> 0xD613
mem[X,0x000000008000039E] -> 0x0075
[166] [M]: 0x000000008000039C (0x0075D613) srli x12, x11, 0x7                       rvtest_entrypoint+376
x12 <- 0x0000000000000000

mem[X,0x00000000800003A0] -> 0xD793
mem[X,0x00000000800003A2] -> 0x0395
[167] [M]: 0x00000000800003A0 (0x0395D793) srli x15, x11, 0x39                      rvtest_entrypoint+380
x15 <- 0x0000000000000000

clint mtime 0x0000000000000054 (mip.MTI <- 0b1, mip.STI <- 0b0)
mem[X,0x00000000800003A4] -> 0x6633
mem[X,0x00000000800003A6] -> 0x00F6
[168] [M]: 0x00000000800003A4 (0x00F66633) or x12, x12, x15                         rvtest_entrypoint+384
x12 <- 0x0000000000000000

mem[X,0x00000000800003A8] -> 0x5693
mem[X,0x00000000800003AA] -> 0x0076
[169] [M]: 0x00000000800003A8 (0x00765693) srli x13, x12, 0x7                       rvtest_entrypoint+388
x13 <- 0x0000000000000000

clint mtime 0x0000000000000055 (mip.MTI <- 0b1, mip.STI <- 0b0)
mem[X,0x00000000800003AC] -> 0x5793
mem[X,0x00000000800003AE] -> 0x0396
[170] [M]: 0x00000000800003AC (0x03965793) srli x15, x12, 0x39                      rvtest_entrypoint+392
x15 <- 0x0000000000000000

mem[X,0x00000000800003B0] -> 0xE6B3
mem[X,0x00000000800003B2] -> 0x00F6
[171] [M]: 0x00000000800003B0 (0x00F6E6B3) or x13, x13, x15                         rvtest_entrypoint+396
x13 <- 0x0000000000000000

clint mtime 0x0000000000000056 (mip.MTI <- 0b1, mip.STI <- 0b0)
mem[X,0x00000000800003B4] -> 0x0013
mem[X,0x00000000800003B6] -> 0x0000
[172] [M]: 0x00000000800003B4 (0x00000013) addi x0, x0, 0x0                         rvtest_code_begin+0

mem[X,0x00000000800003B8] -> 0x0013
mem[X,0x00000000800003BA] -> 0x0000
[173] [M]: 0x00000000800003B8 (0x00000013) addi x0, x0, 0x0                         rvtest_code_begin+4

clint mtime 0x0000000000000057 (mip.MTI <- 0b1, mip.STI <- 0b0)
mem[X,0x00000000800003BC] -> 0x0013
mem[X,0x00000000800003BE] -> 0x0000
[174] [M]: 0x00000000800003BC (0x00000013) addi x0, x0, 0x0                         rvtest_code_begin+8

mem[X,0x00000000800003C0] -> 0xB697
mem[X,0x00000000800003C2] -> 0x0000
[175] [M]: 0x00000000800003C0 (0x0000B697) auipc x13, 0xb                           rvtest_code_begin+12
x13 <- 0x000000008000B3C0

clint mtime 0x0000000000000058 (mip.MTI <- 0b1, mip.STI <- 0b0)
mem[X,0x00000000800003C4] -> 0x8693
mem[X,0x00000000800003C6] -> 0xD586
[176] [M]: 0x00000000800003C4 (0xD5868693) addi x13, x13, -0x2a8                    rvtest_code_begin+16
x13 <- 0x000000008000B118

mem[X,0x00000000800003C8] -> 0x0001
[177] [M]: 0x00000000800003C8 (0x0001) c.nop                                        rvtest_code_begin+20

clint mtime 0x0000000000000059 (mip.MTI <- 0b1, mip.STI <- 0b0)
mem[X,0x00000000800003CA] -> 0x0013
mem[X,0x00000000800003CC] -> 0x0000
[178] [M]: 0x00000000800003CA (0x00000013) addi x0, x0, 0x0                         rvtest_code_begin+22

mem[X,0x00000000800003CE] -> 0x0013
mem[X,0x00000000800003D0] -> 0x0000
[179] [M]: 0x00000000800003CE (0x00000013) addi x0, x0, 0x0                         rvtest_code_begin+26

clint mtime 0x000000000000005A (mip.MTI <- 0b1, mip.STI <- 0b0)
mem[X,0x00000000800003D2] -> 0x0013
mem[X,0x00000000800003D4] -> 0x0000
[180] [M]: 0x00000000800003D2 (0x00000013) addi x0, x0, 0x0                         rvtest_code_begin+30

mem[X,0x00000000800003D6] -> 0x0013
mem[X,0x00000000800003D8] -> 0x0000
[181] [M]: 0x00000000800003D6 (0x00000013) addi x0, x0, 0x0                         rvtest_code_begin+34

clint mtime 0x000000000000005B (mip.MTI <- 0b1, mip.STI <- 0b0)
mem[X,0x00000000800003DA] -> 0x0013
mem[X,0x00000000800003DC] -> 0x0000
[182] [M]: 0x00000000800003DA (0x00000013) addi x0, x0, 0x0                         rvtest_code_begin+38

mem[X,0x00000000800003DE] -> 0x0001
[183] [M]: 0x00000000800003DE (0x0001) c.nop                                        rvtest_code_begin+42

clint mtime 0x000000000000005C (mip.MTI <- 0b1, mip.STI <- 0b0)
mem[X,0x00000000800003E0] -> 0xD737
mem[X,0x00000000800003E2] -> 0x0000
[184] [M]: 0x00000000800003E0 (0x0000D737) lui x14, 0xd                             main+0
x14 <- 0x000000000000D000

mem[X,0x00000000800003E4] -> 0x071B
mem[X,0x00000000800003E6] -> 0xEED7
[185] [M]: 0x00000000800003E4 (0xEED7071B) addiw x14, x14, -0x113                   main+4
x14 <- 0x000000000000CEED

clint mtime 0x000000000000005D (mip.MTI <- 0b1, mip.STI <- 0b0)
mem[X,0x00000000800003E8] -> 0xB023
mem[X,0x00000000800003EA] -> 0x00E6
[186] [M]: 0x00000000800003E8 (0x00E6B023) sd x14, 0x0(x13)                         main+8
mem[W,0x000000008000B118] <- 0x000000000000CEED

mem[X,0x00000000800003EC] -> 0xC737
mem[X,0x00000000800003EE] -> 0x0000
[187] [M]: 0x00000000800003EC (0x0000C737) lui x14, 0xc                             main+12
x14 <- 0x000000000000C000

clint mtime 0x000000000000005E (mip.MTI <- 0b1, mip.STI <- 0b0)
mem[X,0x00000000800003F0] -> 0x071B
mem[X,0x00000000800003F2] -> 0xEED7
[188] [M]: 0x00000000800003F0 (0xEED7071B) addiw x14, x14, -0x113                   main+16
x14 <- 0x000000000000BEED

mem[X,0x00000000800003F4] -> 0xB423
mem[X,0x00000000800003F6] -> 0x00E6
[189] [M]: 0x00000000800003F4 (0x00E6B423) sd x14, 0x8(x13)                         main+20
mem[W,0x000000008000B120] <- 0x000000000000BEED

clint mtime 0x000000000000005F (mip.MTI <- 0b1, mip.STI <- 0b0)
mem[X,0x00000000800003F8] -> 0x0393
mem[X,0x00000000800003FA] -> 0xFFF0
[190] [M]: 0x00000000800003F8 (0xFFF00393) addi x7, x0, -0x1                        main+24
x7 <- 0xFFFFFFFFFFFFFFFF

mem[X,0x00000000800003FC] -> 0x9073
mem[X,0x00000000800003FE] -> 0x3B03
[191] [M]: 0x00000000800003FC (0x3B039073) csrrw x0, pmpaddr0, x7                   main+28
CSR pmpaddr0 (0x3B0) <- 0x003FFFFFFFFFFFFF

clint mtime 0x0000000000000060 (mip.MTI <- 0b1, mip.STI <- 0b0)
mem[X,0x0000000080000400] -> 0x0393
mem[X,0x0000000080000402] -> 0x00F0
[192] [M]: 0x0000000080000400 (0x00F00393) addi x7, x0, 0xf                         main+32
x7 <- 0x000000000000000F

mem[X,0x0000000080000404] -> 0x9073
mem[X,0x0000000080000406] -> 0x3A03
[193] [M]: 0x0000000080000404 (0x3A039073) csrrw x0, pmpcfg0, x7                    main+36
CSR pmpcfg0 (0x3A0) <- 0x000000000000000F

clint mtime 0x0000000000000061 (mip.MTI <- 0b1, mip.STI <- 0b0)
mem[X,0x0000000080000408] -> 0x0073
mem[X,0x000000008000040A] -> 0x1200
[194] [M]: 0x0000000080000408 (0x12000073) sfence.vma x0, x0                        main+40

mem[X,0x000000008000040C] -> 0x1073
mem[X,0x000000008000040E] -> 0x1800
[195] [M]: 0x000000008000040C (0x18001073) csrrw x0, satp, x0                       main+44
CSR satp (0x180) <- 0x0000000000000000

clint mtime 0x0000000000000062 (mip.MTI <- 0b1, mip.STI <- 0b0)
mem[X,0x0000000080000410] -> 0x0013
mem[X,0x0000000080000412] -> 0x0000
[196] [M]: 0x0000000080000410 (0x00000013) addi x0, x0, 0x0                         main+48

mem[X,0x0000000080000414] -> 0x0013
mem[X,0x0000000080000416] -> 0x0000
[197] [M]: 0x0000000080000414 (0x00000013) addi x0, x0, 0x0                         main+52

clint mtime 0x0000000000000063 (mip.MTI <- 0b1, mip.STI <- 0b0)
mem[X,0x0000000080000418] -> 0x0013
mem[X,0x000000008000041A] -> 0x0000
[198] [M]: 0x0000000080000418 (0x00000013) addi x0, x0, 0x0                         main+56

mem[X,0x000000008000041C] -> 0x0013
mem[X,0x000000008000041E] -> 0x0000
[199] [M]: 0x000000008000041C (0x00000013) addi x0, x0, 0x0                         main+60

clint mtime 0x0000000000000064 (mip.MTI <- 0b1, mip.STI <- 0b0)
mem[X,0x0000000080000420] -> 0x051B
mem[X,0x0000000080000422] -> 0x0000
[200] [M]: 0x0000000080000420 (0x0000051B) addiw x10, x0, 0x0                       main+64
x10 <- 0x0000000000000000

mem[X,0x0000000080000424] -> 0x0001
[201] [M]: 0x0000000080000424 (0x0001) c.nop                                        main+68

clint mtime 0x0000000000000065 (mip.MTI <- 0b1, mip.STI <- 0b0)
mem[X,0x0000000080000426] -> 0x0013
mem[X,0x0000000080000428] -> 0x0000
[202] [M]: 0x0000000080000426 (0x00000013) addi x0, x0, 0x0                         main+70

mem[X,0x000000008000042A] -> 0x0013
mem[X,0x000000008000042C] -> 0x0000
[203] [M]: 0x000000008000042A (0x00000013) addi x0, x0, 0x0                         main+74

clint mtime 0x0000000000000066 (mip.MTI <- 0b1, mip.STI <- 0b0)
mem[X,0x000000008000042E] -> 0x0013
mem[X,0x0000000080000430] -> 0x0000
[204] [M]: 0x000000008000042E (0x00000013) addi x0, x0, 0x0                         main+78

mem[X,0x0000000080000432] -> 0x0013
mem[X,0x0000000080000434] -> 0x0000
[205] [M]: 0x0000000080000432 (0x00000013) addi x0, x0, 0x0                         main+82

clint mtime 0x0000000000000067 (mip.MTI <- 0b1, mip.STI <- 0b0)
mem[X,0x0000000080000436] -> 0x0013
mem[X,0x0000000080000438] -> 0x0000
[206] [M]: 0x0000000080000436 (0x00000013) addi x0, x0, 0x0                         main+86

mem[X,0x000000008000043A] -> 0x0013
mem[X,0x000000008000043C] -> 0x0000
[207] [M]: 0x000000008000043A (0x00000013) addi x0, x0, 0x0                         main+90

clint mtime 0x0000000000000068 (mip.MTI <- 0b1, mip.STI <- 0b0)
mem[X,0x000000008000043E] -> 0x0001
[208] [M]: 0x000000008000043E (0x0001) c.nop                                        main+94

mem[X,0x0000000080000440] -> 0x0593
mem[X,0x0000000080000442] -> 0x0CB0
[209] [M]: 0x0000000080000440 (0x0CB00593) addi x11, x0, 0xcb                       main+96
x11 <- 0x00000000000000CB

clint mtime 0x0000000000000069 (mip.MTI <- 0b1, mip.STI <- 0b0)
mem[X,0x0000000080000444] -> 0x5513
mem[X,0x0000000080000446] -> 0x00C5
[210] [M]: 0x0000000080000444 (0x00C55513) srli x10, x10, 0xc                       main+100
x10 <- 0x0000000000000000

mem[X,0x0000000080000448] -> 0x1513
mem[X,0x000000008000044A] -> 0x00A5
[211] [M]: 0x0000000080000448 (0x00A51513) slli x10, x10, 0xa                       main+104
x10 <- 0x0000000000000000

clint mtime 0x000000000000006A (mip.MTI <- 0b1, mip.STI <- 0b0)
mem[X,0x000000008000044C] -> 0x6533
mem[X,0x000000008000044E] -> 0x00B5
[212] [M]: 0x000000008000044C (0x00B56533) or x10, x10, x11                         main+108
x10 <- 0x00000000000000CB

mem[X,0x0000000080000450] -> 0x0013
mem[X,0x0000000080000452] -> 0x0000
[213] [M]: 0x0000000080000450 (0x00000013) addi x0, x0, 0x0                         main+112

clint mtime 0x000000000000006B (mip.MTI <- 0b1, mip.STI <- 0b0)
mem[X,0x0000000080000454] -> 0x0013
mem[X,0x0000000080000456] -> 0x0000
[214] [M]: 0x0000000080000454 (0x00000013) addi x0, x0, 0x0                         main+116

mem[X,0x0000000080000458] -> 0x0013
mem[X,0x000000008000045A] -> 0x0000
[215] [M]: 0x0000000080000458 (0x00000013) addi x0, x0, 0x0                         main+120

clint mtime 0x000000000000006C (mip.MTI <- 0b1, mip.STI <- 0b0)
mem[X,0x000000008000045C] -> 0x0013
mem[X,0x000000008000045E] -> 0x0000
[216] [M]: 0x000000008000045C (0x00000013) addi x0, x0, 0x0                         main+124

mem[X,0x0000000080000460] -> 0xA317
mem[X,0x0000000080000462] -> 0x0000
[217] [M]: 0x0000000080000460 (0x0000A317) auipc x6, 0xa                            main+128
x6 <- 0x000000008000A460

clint mtime 0x000000000000006D (mip.MTI <- 0b1, mip.STI <- 0b0)
mem[X,0x0000000080000464] -> 0x0313
mem[X,0x0000000080000466] -> 0xBA03
[218] [M]: 0x0000000080000464 (0xBA030313) addi x6, x6, -0x460                      main+132
x6 <- 0x000000008000A000

mem[X,0x0000000080000468] -> 0x0001
[219] [M]: 0x0000000080000468 (0x0001) c.nop                                        main+136

clint mtime 0x000000000000006E (mip.MTI <- 0b1, mip.STI <- 0b0)
mem[X,0x000000008000046A] -> 0x0013
mem[X,0x000000008000046C] -> 0x0000
[220] [M]: 0x000000008000046A (0x00000013) addi x0, x0, 0x0                         main+138

mem[X,0x000000008000046E] -> 0x0013
mem[X,0x0000000080000470] -> 0x0000
[221] [M]: 0x000000008000046E (0x00000013) addi x0, x0, 0x0                         main+142

clint mtime 0x000000000000006F (mip.MTI <- 0b1, mip.STI <- 0b0)
mem[X,0x0000000080000472] -> 0x0013
mem[X,0x0000000080000474] -> 0x0000
[222] [M]: 0x0000000080000472 (0x00000013) addi x0, x0, 0x0                         main+146

mem[X,0x0000000080000476] -> 0x0013
mem[X,0x0000000080000478] -> 0x0000
[223] [M]: 0x0000000080000476 (0x00000013) addi x0, x0, 0x0                         main+150

clint mtime 0x0000000000000070 (mip.MTI <- 0b1, mip.STI <- 0b0)
mem[X,0x000000008000047A] -> 0x0013
mem[X,0x000000008000047C] -> 0x0000
[224] [M]: 0x000000008000047A (0x00000013) addi x0, x0, 0x0                         main+154

mem[X,0x000000008000047E] -> 0x0001
[225] [M]: 0x000000008000047E (0x0001) c.nop                                        main+158

clint mtime 0x0000000000000071 (mip.MTI <- 0b1, mip.STI <- 0b0)
mem[X,0x0000000080000480] -> 0x0293
mem[X,0x0000000080000482] -> 0x0300
[226] [M]: 0x0000000080000480 (0x03000293) addi x5, x0, 0x30                        main+160
x5 <- 0x0000000000000030

mem[X,0x0000000080000484] -> 0x0333
mem[X,0x0000000080000486] -> 0x0053
[227] [M]: 0x0000000080000484 (0x00530333) add x6, x6, x5                           main+164
x6 <- 0x000000008000A030

clint mtime 0x0000000000000072 (mip.MTI <- 0b1, mip.STI <- 0b0)
mem[X,0x0000000080000488] -> 0x3023
mem[X,0x000000008000048A] -> 0x00A3
[228] [M]: 0x0000000080000488 (0x00A33023) sd x10, 0x0(x6)                          main+168
mem[W,0x000000008000A030] <- 0x00000000000000CB

mem[X,0x000000008000048C] -> 0x0073
mem[X,0x000000008000048E] -> 0x1200
[229] [M]: 0x000000008000048C (0x12000073) sfence.vma x0, x0                        main+172

clint mtime 0x0000000000000073 (mip.MTI <- 0b1, mip.STI <- 0b0)
mem[X,0x0000000080000490] -> 0x0013
mem[X,0x0000000080000492] -> 0x0000
[230] [M]: 0x0000000080000490 (0x00000013) addi x0, x0, 0x0                         main+176

mem[X,0x0000000080000494] -> 0x0013
mem[X,0x0000000080000496] -> 0x0000
[231] [M]: 0x0000000080000494 (0x00000013) addi x0, x0, 0x0                         main+180

clint mtime 0x0000000000000074 (mip.MTI <- 0b1, mip.STI <- 0b0)
mem[X,0x0000000080000498] -> 0x0013
mem[X,0x000000008000049A] -> 0x0000
[232] [M]: 0x0000000080000498 (0x00000013) addi x0, x0, 0x0                         main+184

mem[X,0x000000008000049C] -> 0x0013
mem[X,0x000000008000049E] -> 0x0000
[233] [M]: 0x000000008000049C (0x00000013) addi x0, x0, 0x0                         main+188

clint mtime 0x0000000000000075 (mip.MTI <- 0b1, mip.STI <- 0b0)
mem[X,0x00000000800004A0] -> 0x051B
mem[X,0x00000000800004A2] -> 0x0000
[234] [M]: 0x00000000800004A0 (0x0000051B) addiw x10, x0, 0x0                       main+192
x10 <- 0x0000000000000000

mem[X,0x00000000800004A4] -> 0x0001
[235] [M]: 0x00000000800004A4 (0x0001) c.nop                                        main+196

clint mtime 0x0000000000000076 (mip.MTI <- 0b1, mip.STI <- 0b0)
mem[X,0x00000000800004A6] -> 0x0013
mem[X,0x00000000800004A8] -> 0x0000
[236] [M]: 0x00000000800004A6 (0x00000013) addi x0, x0, 0x0                         main+198

mem[X,0x00000000800004AA] -> 0x0013
mem[X,0x00000000800004AC] -> 0x0000
[237] [M]: 0x00000000800004AA (0x00000013) addi x0, x0, 0x0                         main+202

clint mtime 0x0000000000000077 (mip.MTI <- 0b1, mip.STI <- 0b0)
mem[X,0x00000000800004AE] -> 0x0013
mem[X,0x00000000800004B0] -> 0x0000
[238] [M]: 0x00000000800004AE (0x00000013) addi x0, x0, 0x0                         main+206

mem[X,0x00000000800004B2] -> 0x0013
mem[X,0x00000000800004B4] -> 0x0000
[239] [M]: 0x00000000800004B2 (0x00000013) addi x0, x0, 0x0                         main+210

clint mtime 0x0000000000000078 (mip.MTI <- 0b1, mip.STI <- 0b0)
mem[X,0x00000000800004B6] -> 0x0013
mem[X,0x00000000800004B8] -> 0x0000
[240] [M]: 0x00000000800004B6 (0x00000013) addi x0, x0, 0x0                         main+214

mem[X,0x00000000800004BA] -> 0x0013
mem[X,0x00000000800004BC] -> 0x0000
[241] [M]: 0x00000000800004BA (0x00000013) addi x0, x0, 0x0                         main+218

clint mtime 0x0000000000000079 (mip.MTI <- 0b1, mip.STI <- 0b0)
mem[X,0x00000000800004BE] -> 0x0001
[242] [M]: 0x00000000800004BE (0x0001) c.nop                                        main+222

mem[X,0x00000000800004C0] -> 0x0593
mem[X,0x00000000800004C2] -> 0x0CF0
[243] [M]: 0x00000000800004C0 (0x0CF00593) addi x11, x0, 0xcf                       main+224
x11 <- 0x00000000000000CF

clint mtime 0x000000000000007A (mip.MTI <- 0b1, mip.STI <- 0b0)
mem[X,0x00000000800004C4] -> 0x5513
mem[X,0x00000000800004C6] -> 0x00C5
[244] [M]: 0x00000000800004C4 (0x00C55513) srli x10, x10, 0xc                       main+228
x10 <- 0x0000000000000000

mem[X,0x00000000800004C8] -> 0x1513
mem[X,0x00000000800004CA] -> 0x00A5
[245] [M]: 0x00000000800004C8 (0x00A51513) slli x10, x10, 0xa                       main+232
x10 <- 0x0000000000000000

clint mtime 0x000000000000007B (mip.MTI <- 0b1, mip.STI <- 0b0)
mem[X,0x00000000800004CC] -> 0x6533
mem[X,0x00000000800004CE] -> 0x00B5
[246] [M]: 0x00000000800004CC (0x00B56533) or x10, x10, x11                         main+236
x10 <- 0x00000000000000CF

mem[X,0x00000000800004D0] -> 0x0013
mem[X,0x00000000800004D2] -> 0x0000
[247] [M]: 0x00000000800004D0 (0x00000013) addi x0, x0, 0x0                         main+240

clint mtime 0x000000000000007C (mip.MTI <- 0b1, mip.STI <- 0b0)
mem[X,0x00000000800004D4] -> 0x0013
mem[X,0x00000000800004D6] -> 0x0000
[248] [M]: 0x00000000800004D4 (0x00000013) addi x0, x0, 0x0                         main+244

mem[X,0x00000000800004D8] -> 0x0013
mem[X,0x00000000800004DA] -> 0x0000
[249] [M]: 0x00000000800004D8 (0x00000013) addi x0, x0, 0x0                         main+248

clint mtime 0x000000000000007D (mip.MTI <- 0b1, mip.STI <- 0b0)
mem[X,0x00000000800004DC] -> 0x0013
mem[X,0x00000000800004DE] -> 0x0000
[250] [M]: 0x00000000800004DC (0x00000013) addi x0, x0, 0x0                         main+252

mem[X,0x00000000800004E0] -> 0xA317
mem[X,0x00000000800004E2] -> 0x0000
[251] [M]: 0x00000000800004E0 (0x0000A317) auipc x6, 0xa                            main+256
x6 <- 0x000000008000A4E0

clint mtime 0x000000000000007E (mip.MTI <- 0b1, mip.STI <- 0b0)
mem[X,0x00000000800004E4] -> 0x0313
mem[X,0x00000000800004E6] -> 0xB203
[252] [M]: 0x00000000800004E4 (0xB2030313) addi x6, x6, -0x4e0                      main+260
x6 <- 0x000000008000A000

mem[X,0x00000000800004E8] -> 0x0001
[253] [M]: 0x00000000800004E8 (0x0001) c.nop                                        main+264

clint mtime 0x000000000000007F (mip.MTI <- 0b1, mip.STI <- 0b0)
mem[X,0x00000000800004EA] -> 0x0013
mem[X,0x00000000800004EC] -> 0x0000
[254] [M]: 0x00000000800004EA (0x00000013) addi x0, x0, 0x0                         main+266

mem[X,0x00000000800004EE] -> 0x0013
mem[X,0x00000000800004F0] -> 0x0000
[255] [M]: 0x00000000800004EE (0x00000013) addi x0, x0, 0x0                         main+270

clint mtime 0x0000000000000080 (mip.MTI <- 0b1, mip.STI <- 0b0)
mem[X,0x00000000800004F2] -> 0x0013
mem[X,0x00000000800004F4] -> 0x0000
[256] [M]: 0x00000000800004F2 (0x00000013) addi x0, x0, 0x0                         main+274

mem[X,0x00000000800004F6] -> 0x0013
mem[X,0x00000000800004F8] -> 0x0000
[257] [M]: 0x00000000800004F6 (0x00000013) addi x0, x0, 0x0                         main+278

clint mtime 0x0000000000000081 (mip.MTI <- 0b1, mip.STI <- 0b0)
mem[X,0x00000000800004FA] -> 0x0013
mem[X,0x00000000800004FC] -> 0x0000
[258] [M]: 0x00000000800004FA (0x00000013) addi x0, x0, 0x0                         main+282

mem[X,0x00000000800004FE] -> 0x0001
[259] [M]: 0x00000000800004FE (0x0001) c.nop                                        main+286

clint mtime 0x0000000000000082 (mip.MTI <- 0b1, mip.STI <- 0b0)
mem[X,0x0000000080000500] -> 0x0293
mem[X,0x0000000080000502] -> 0x0380
[260] [M]: 0x0000000080000500 (0x03800293) addi x5, x0, 0x38                        main+288
x5 <- 0x0000000000000038

mem[X,0x0000000080000504] -> 0x0333
mem[X,0x0000000080000506] -> 0x0053
[261] [M]: 0x0000000080000504 (0x00530333) add x6, x6, x5                           main+292
x6 <- 0x000000008000A038

clint mtime 0x0000000000000083 (mip.MTI <- 0b1, mip.STI <- 0b0)
mem[X,0x0000000080000508] -> 0x3023
mem[X,0x000000008000050A] -> 0x00A3
[262] [M]: 0x0000000080000508 (0x00A33023) sd x10, 0x0(x6)                          main+296
mem[W,0x000000008000A038] <- 0x00000000000000CF

mem[X,0x000000008000050C] -> 0x0073
mem[X,0x000000008000050E] -> 0x1200
[263] [M]: 0x000000008000050C (0x12000073) sfence.vma x0, x0                        main+300

clint mtime 0x0000000000000084 (mip.MTI <- 0b1, mip.STI <- 0b0)
mem[X,0x0000000080000510] -> 0x02B7
mem[X,0x0000000080000512] -> 0x0007
[264] [M]: 0x0000000080000510 (0x000702B7) lui x5, 0x70                             main+304
x5 <- 0x0000000000070000

mem[X,0x0000000080000514] -> 0x8293
mem[X,0x0000000080000516] -> 0x0002
[265] [M]: 0x0000000080000514 (0x00028293) addi x5, x5, 0x0                         main+308
x5 <- 0x0000000000070000

clint mtime 0x0000000000000085 (mip.MTI <- 0b1, mip.STI <- 0b0)
mem[X,0x0000000080000518] -> 0x9293
mem[X,0x000000008000051A] -> 0x00B2
[266] [M]: 0x0000000080000518 (0x00B29293) slli x5, x5, 0xb                         main+312
x5 <- 0x0000000038000000

mem[X,0x000000008000051C] -> 0x8293
mem[X,0x000000008000051E] -> 0x4002
[267] [M]: 0x000000008000051C (0x40028293) addi x5, x5, 0x400                       main+316
x5 <- 0x0000000038000400

clint mtime 0x0000000000000086 (mip.MTI <- 0b1, mip.STI <- 0b0)
mem[X,0x0000000080000520] -> 0x9293
mem[X,0x0000000080000522] -> 0x00B2
[268] [M]: 0x0000000080000520 (0x00B29293) slli x5, x5, 0xb                         main+320
x5 <- 0x000001C000200000

mem[X,0x0000000080000524] -> 0x8293
mem[X,0x0000000080000526] -> 0x0112
[269] [M]: 0x0000000080000524 (0x01128293) addi x5, x5, 0x11                        main+324
x5 <- 0x000001C000200011

clint mtime 0x0000000000000087 (mip.MTI <- 0b1, mip.STI <- 0b0)
mem[X,0x0000000080000528] -> 0x9293
mem[X,0x000000008000052A] -> 0x00A2
[270] [M]: 0x0000000080000528 (0x00A29293) slli x5, x5, 0xa                         main+328
x5 <- 0x0007000080004400

mem[X,0x000000008000052C] -> 0x8293
mem[X,0x000000008000052E] -> 0x1302
[271] [M]: 0x000000008000052C (0x13028293) addi x5, x5, 0x130                       main+332
x5 <- 0x0007000080004530

clint mtime 0x0000000000000088 (mip.MTI <- 0b1, mip.STI <- 0b0)
mem[X,0x0000000080000530] -> 0x0013
mem[X,0x0000000080000532] -> 0x0000
[272] [M]: 0x0000000080000530 (0x00000013) addi x0, x0, 0x0                         main+336

mem[X,0x0000000080000534] -> 0x0013
mem[X,0x0000000080000536] -> 0x0000
[273] [M]: 0x0000000080000534 (0x00000013) addi x0, x0, 0x0                         main+340

clint mtime 0x0000000000000089 (mip.MTI <- 0b1, mip.STI <- 0b0)
mem[X,0x0000000080000538] -> 0x0013
mem[X,0x000000008000053A] -> 0x0000
[274] [M]: 0x0000000080000538 (0x00000013) addi x0, x0, 0x0                         main+344

mem[X,0x000000008000053C] -> 0x0013
mem[X,0x000000008000053E] -> 0x0000
[275] [M]: 0x000000008000053C (0x00000013) addi x0, x0, 0x0                         main+348

clint mtime 0x000000000000008A (mip.MTI <- 0b1, mip.STI <- 0b0)
mem[X,0x0000000080000540] -> 0x4317
mem[X,0x0000000080000542] -> 0x0000
[276] [M]: 0x0000000080000540 (0x00004317) auipc x6, 0x4                            main+352
x6 <- 0x0000000080004540

mem[X,0x0000000080000544] -> 0x0313
mem[X,0x0000000080000546] -> 0xFF03
[277] [M]: 0x0000000080000544 (0xFF030313) addi x6, x6, -0x10                       main+356
x6 <- 0x0000000080004530

clint mtime 0x000000000000008B (mip.MTI <- 0b1, mip.STI <- 0b0)
mem[X,0x0000000080000548] -> 0x0001
[278] [M]: 0x0000000080000548 (0x0001) c.nop                                        main+360

mem[X,0x000000008000054A] -> 0x0013
mem[X,0x000000008000054C] -> 0x0000
[279] [M]: 0x000000008000054A (0x00000013) addi x0, x0, 0x0                         main+362

clint mtime 0x000000000000008C (mip.MTI <- 0b1, mip.STI <- 0b0)
mem[X,0x000000008000054E] -> 0x0013
mem[X,0x0000000080000550] -> 0x0000
[280] [M]: 0x000000008000054E (0x00000013) addi x0, x0, 0x0                         main+366

mem[X,0x0000000080000552] -> 0x0013
mem[X,0x0000000080000554] -> 0x0000
[281] [M]: 0x0000000080000552 (0x00000013) addi x0, x0, 0x0                         main+370

clint mtime 0x000000000000008D (mip.MTI <- 0b1, mip.STI <- 0b0)
mem[X,0x0000000080000556] -> 0x0013
mem[X,0x0000000080000558] -> 0x0000
[282] [M]: 0x0000000080000556 (0x00000013) addi x0, x0, 0x0                         main+374

mem[X,0x000000008000055A] -> 0x0013
mem[X,0x000000008000055C] -> 0x0000
[283] [M]: 0x000000008000055A (0x00000013) addi x0, x0, 0x0                         main+378

clint mtime 0x000000000000008E (mip.MTI <- 0b1, mip.STI <- 0b0)
mem[X,0x000000008000055E] -> 0x0001
[284] [M]: 0x000000008000055E (0x0001) c.nop                                        main+382

mem[X,0x0000000080000560] -> 0x82B3
mem[X,0x0000000080000562] -> 0x4062
[285] [M]: 0x0000000080000560 (0x406282B3) sub x5, x5, x6                           main+384
x5 <- 0x0007000000000000

clint mtime 0x000000000000008F (mip.MTI <- 0b1, mip.STI <- 0b0)
mem[X,0x0000000080000564] -> 0x8E13
mem[X,0x0000000080000566] -> 0x2982
[286] [M]: 0x0000000080000564 (0x29828E13) addi x28, x5, 0x298                      main+388
x28 <- 0x0007000000000298

mem[X,0x0000000080000568] -> 0x2173
mem[X,0x000000008000056A] -> 0x3400
[287] [M]: 0x0000000080000568 (0x34002173) csrrs x2, mscratch, x0                   main+392
CSR mscratch (0x340) -> 0x0000000080004000
x2 <- 0x0000000080004000

clint mtime 0x0000000000000090 (mip.MTI <- 0b1, mip.STI <- 0b0)
mem[X,0x000000008000056C] -> 0x0333
mem[X,0x000000008000056E] -> 0x01C1
[288] [M]: 0x000000008000056C (0x01C10333) add x6, x2, x28                          main+396
x6 <- 0x0007000080004298

mem[X,0x0000000080000570] -> 0x1073
mem[X,0x0000000080000572] -> 0x1403
[289] [M]: 0x0000000080000570 (0x14031073) csrrw x0, sscratch, x6                   main+400
CSR sscratch (0x140) <- 0x0007000080004298

clint mtime 0x0000000000000091 (mip.MTI <- 0b1, mip.STI <- 0b0)
mem[X,0x0000000080000574] -> 0x2173
mem[X,0x0000000080000576] -> 0x3400
[290] [M]: 0x0000000080000574 (0x34002173) csrrs x2, mscratch, x0                   main+404
CSR mscratch (0x340) -> 0x0000000080004000
x2 <- 0x0000000080004000

mem[X,0x0000000080000578] -> 0x02B7
mem[X,0x000000008000057A] -> 0x0006
[291] [M]: 0x0000000080000578 (0x000602B7) lui x5, 0x60                             main+408
x5 <- 0x0000000000060000

clint mtime 0x0000000000000092 (mip.MTI <- 0b1, mip.STI <- 0b0)
mem[X,0x000000008000057C] -> 0x8293
mem[X,0x000000008000057E] -> 0x0002
[292] [M]: 0x000000008000057C (0x00028293) addi x5, x5, 0x0                         main+412
x5 <- 0x0000000000060000

mem[X,0x0000000080000580] -> 0x9293
mem[X,0x0000000080000582] -> 0x00B2
[293] [M]: 0x0000000080000580 (0x00B29293) slli x5, x5, 0xb                         main+416
x5 <- 0x0000000030000000

clint mtime 0x0000000000000093 (mip.MTI <- 0b1, mip.STI <- 0b0)
mem[X,0x0000000080000584] -> 0x8293
mem[X,0x0000000080000586] -> 0x4002
[294] [M]: 0x0000000080000584 (0x40028293) addi x5, x5, 0x400                       main+420
x5 <- 0x0000000030000400

mem[X,0x0000000080000588] -> 0x9293
mem[X,0x000000008000058A] -> 0x00B2
[295] [M]: 0x0000000080000588 (0x00B29293) slli x5, x5, 0xb                         main+424
x5 <- 0x0000018000200000

clint mtime 0x0000000000000094 (mip.MTI <- 0b1, mip.STI <- 0b0)
mem[X,0x000000008000058C] -> 0x8293
mem[X,0x000000008000058E] -> 0x0002
[296] [M]: 0x000000008000058C (0x00028293) addi x5, x5, 0x0                         main+428
x5 <- 0x0000018000200000

mem[X,0x0000000080000590] -> 0x9293
mem[X,0x0000000080000592] -> 0x00A2
[297] [M]: 0x0000000080000590 (0x00A29293) slli x5, x5, 0xa                         main+432
x5 <- 0x0006000080000000

clint mtime 0x0000000000000095 (mip.MTI <- 0b1, mip.STI <- 0b0)
mem[X,0x0000000080000594] -> 0x8293
mem[X,0x0000000080000596] -> 0x39C2
[298] [M]: 0x0000000080000594 (0x39C28293) addi x5, x5, 0x39c                       main+436
x5 <- 0x000600008000039C

mem[X,0x0000000080000598] -> 0x0013
mem[X,0x000000008000059A] -> 0x0000
[299] [M]: 0x0000000080000598 (0x00000013) addi x0, x0, 0x0                         main+440

clint mtime 0x0000000000000096 (mip.MTI <- 0b1, mip.STI <- 0b0)
mem[X,0x000000008000059C] -> 0x0013
mem[X,0x000000008000059E] -> 0x0000
[300] [M]: 0x000000008000059C (0x00000013) addi x0, x0, 0x0                         main+444

mem[X,0x00000000800005A0] -> 0x0317
mem[X,0x00000000800005A2] -> 0x0000
[301] [M]: 0x00000000800005A0 (0x00000317) auipc x6, 0x0                            main+448
x6 <- 0x00000000800005A0

clint mtime 0x0000000000000097 (mip.MTI <- 0b1, mip.STI <- 0b0)
mem[X,0x00000000800005A4] -> 0x0313
mem[X,0x00000000800005A6] -> 0xE143
[302] [M]: 0x00000000800005A4 (0xE1430313) addi x6, x6, -0x1ec                      main+452
x6 <- 0x00000000800003B4

mem[X,0x00000000800005A8] -> 0x0001
[303] [M]: 0x00000000800005A8 (0x0001) c.nop                                        main+456

clint mtime 0x0000000000000098 (mip.MTI <- 0b1, mip.STI <- 0b0)
mem[X,0x00000000800005AA] -> 0x0013
mem[X,0x00000000800005AC] -> 0x0000
[304] [M]: 0x00000000800005AA (0x00000013) addi x0, x0, 0x0                         main+458

mem[X,0x00000000800005AE] -> 0x0013
mem[X,0x00000000800005B0] -> 0x0000
[305] [M]: 0x00000000800005AE (0x00000013) addi x0, x0, 0x0                         main+462

clint mtime 0x0000000000000099 (mip.MTI <- 0b1, mip.STI <- 0b0)
mem[X,0x00000000800005B2] -> 0x0013
mem[X,0x00000000800005B4] -> 0x0000
[306] [M]: 0x00000000800005B2 (0x00000013) addi x0, x0, 0x0                         main+466

mem[X,0x00000000800005B6] -> 0x0013
mem[X,0x00000000800005B8] -> 0x0000
[307] [M]: 0x00000000800005B6 (0x00000013) addi x0, x0, 0x0                         main+470

clint mtime 0x000000000000009A (mip.MTI <- 0b1, mip.STI <- 0b0)
mem[X,0x00000000800005BA] -> 0x0013
mem[X,0x00000000800005BC] -> 0x0000
[308] [M]: 0x00000000800005BA (0x00000013) addi x0, x0, 0x0                         main+474

mem[X,0x00000000800005BE] -> 0x0001
[309] [M]: 0x00000000800005BE (0x0001) c.nop                                        main+478

clint mtime 0x000000000000009B (mip.MTI <- 0b1, mip.STI <- 0b0)
mem[X,0x00000000800005C0] -> 0x82B3
mem[X,0x00000000800005C2] -> 0x4062
[310] [M]: 0x00000000800005C0 (0x406282B3) sub x5, x5, x6                           main+480
x5 <- 0x0005FFFFFFFFFFE8

mem[X,0x00000000800005C4] -> 0x3303
mem[X,0x00000000800005C6] -> 0x1D81
[311] [M]: 0x00000000800005C4 (0x1D813303) ld x6, 0x1d8(x2)                         main+484
mem[R,0x00000000800041D8] -> 0x00000000800003B4
x6 <- 0x00000000800003B4

clint mtime 0x000000000000009C (mip.MTI <- 0b1, mip.STI <- 0b0)
mem[X,0x00000000800005C8] -> 0x03B3
mem[X,0x00000000800005CA] -> 0x0053
[312] [M]: 0x00000000800005C8 (0x005303B3) add x7, x6, x5                           main+488
x7 <- 0x000600008000039C

mem[X,0x00000000800005CC] -> 0x3823
mem[X,0x00000000800005CE] -> 0x4671
[313] [M]: 0x00000000800005CC (0x46713823) sd x7, 0x470(x2)                         main+492
mem[W,0x0000000080004470] <- 0x000600008000039C

clint mtime 0x000000000000009D (mip.MTI <- 0b1, mip.STI <- 0b0)
mem[X,0x00000000800005D0] -> 0x02B7
mem[X,0x00000000800005D2] -> 0x0007
[314] [M]: 0x00000000800005D0 (0x000702B7) lui x5, 0x70                             main+496
x5 <- 0x0000000000070000

mem[X,0x00000000800005D4] -> 0x8293
mem[X,0x00000000800005D6] -> 0x0002
[315] [M]: 0x00000000800005D4 (0x00028293) addi x5, x5, 0x0                         main+500
x5 <- 0x0000000000070000

clint mtime 0x000000000000009E (mip.MTI <- 0b1, mip.STI <- 0b0)
mem[X,0x00000000800005D8] -> 0x9293
mem[X,0x00000000800005DA] -> 0x00B2
[316] [M]: 0x00000000800005D8 (0x00B29293) slli x5, x5, 0xb                         main+504
x5 <- 0x0000000038000000

mem[X,0x00000000800005DC] -> 0x8293
mem[X,0x00000000800005DE] -> 0x4002
[317] [M]: 0x00000000800005DC (0x40028293) addi x5, x5, 0x400                       main+508
x5 <- 0x0000000038000400

clint mtime 0x000000000000009F (mip.MTI <- 0b1, mip.STI <- 0b0)
mem[X,0x00000000800005E0] -> 0x9293
mem[X,0x00000000800005E2] -> 0x00B2
[318] [M]: 0x00000000800005E0 (0x00B29293) slli x5, x5, 0xb                         main+512
x5 <- 0x000001C000200000

mem[X,0x00000000800005E4] -> 0x8293
mem[X,0x00000000800005E6] -> 0x0112
[319] [M]: 0x00000000800005E4 (0x01128293) addi x5, x5, 0x11                        main+516
x5 <- 0x000001C000200011

clint mtime 0x00000000000000A0 (mip.MTI <- 0b1, mip.STI <- 0b0)
mem[X,0x00000000800005E8] -> 0x9293
mem[X,0x00000000800005EA] -> 0x00A2
[320] [M]: 0x00000000800005E8 (0x00A29293) slli x5, x5, 0xa                         main+520
x5 <- 0x0007000080004400

mem[X,0x00000000800005EC] -> 0x8293
mem[X,0x00000000800005EE] -> 0x1302
[321] [M]: 0x00000000800005EC (0x13028293) addi x5, x5, 0x130                       main+524
x5 <- 0x0007000080004530

clint mtime 0x00000000000000A1 (mip.MTI <- 0b1, mip.STI <- 0b0)
mem[X,0x00000000800005F0] -> 0x0013
mem[X,0x00000000800005F2] -> 0x0000
[322] [M]: 0x00000000800005F0 (0x00000013) addi x0, x0, 0x0                         main+528

mem[X,0x00000000800005F4] -> 0x0013
mem[X,0x00000000800005F6] -> 0x0000
[323] [M]: 0x00000000800005F4 (0x00000013) addi x0, x0, 0x0                         main+532

clint mtime 0x00000000000000A2 (mip.MTI <- 0b1, mip.STI <- 0b0)
mem[X,0x00000000800005F8] -> 0x0013
mem[X,0x00000000800005FA] -> 0x0000
[324] [M]: 0x00000000800005F8 (0x00000013) addi x0, x0, 0x0                         main+536

mem[X,0x00000000800005FC] -> 0x0013
mem[X,0x00000000800005FE] -> 0x0000
[325] [M]: 0x00000000800005FC (0x00000013) addi x0, x0, 0x0                         main+540

clint mtime 0x00000000000000A3 (mip.MTI <- 0b1, mip.STI <- 0b0)
mem[X,0x0000000080000600] -> 0x4317
mem[X,0x0000000080000602] -> 0x0000
[326] [M]: 0x0000000080000600 (0x00004317) auipc x6, 0x4                            main+544
x6 <- 0x0000000080004600

mem[X,0x0000000080000604] -> 0x0313
mem[X,0x0000000080000606] -> 0xF303
[327] [M]: 0x0000000080000604 (0xF3030313) addi x6, x6, -0xd0                       main+548
x6 <- 0x0000000080004530

clint mtime 0x00000000000000A4 (mip.MTI <- 0b1, mip.STI <- 0b0)
mem[X,0x0000000080000608] -> 0x0001
[328] [M]: 0x0000000080000608 (0x0001) c.nop                                        main+552

mem[X,0x000000008000060A] -> 0x0013
mem[X,0x000000008000060C] -> 0x0000
[329] [M]: 0x000000008000060A (0x00000013) addi x0, x0, 0x0                         main+554

clint mtime 0x00000000000000A5 (mip.MTI <- 0b1, mip.STI <- 0b0)
mem[X,0x000000008000060E] -> 0x0013
mem[X,0x0000000080000610] -> 0x0000
[330] [M]: 0x000000008000060E (0x00000013) addi x0, x0, 0x0                         main+558

mem[X,0x0000000080000612] -> 0x0013
mem[X,0x0000000080000614] -> 0x0000
[331] [M]: 0x0000000080000612 (0x00000013) addi x0, x0, 0x0                         main+562

clint mtime 0x00000000000000A6 (mip.MTI <- 0b1, mip.STI <- 0b0)
mem[X,0x0000000080000616] -> 0x0013
mem[X,0x0000000080000618] -> 0x0000
[332] [M]: 0x0000000080000616 (0x00000013) addi x0, x0, 0x0                         main+566

mem[X,0x000000008000061A] -> 0x0013
mem[X,0x000000008000061C] -> 0x0000
[333] [M]: 0x000000008000061A (0x00000013) addi x0, x0, 0x0                         main+570

clint mtime 0x00000000000000A7 (mip.MTI <- 0b1, mip.STI <- 0b0)
mem[X,0x000000008000061E] -> 0x0001
[334] [M]: 0x000000008000061E (0x0001) c.nop                                        main+574

mem[X,0x0000000080000620] -> 0x82B3
mem[X,0x0000000080000622] -> 0x4062
[335] [M]: 0x0000000080000620 (0x406282B3) sub x5, x5, x6                           main+576
x5 <- 0x0007000000000000

clint mtime 0x00000000000000A8 (mip.MTI <- 0b1, mip.STI <- 0b0)
mem[X,0x0000000080000624] -> 0x3303
mem[X,0x0000000080000626] -> 0x1E81
[336] [M]: 0x0000000080000624 (0x1E813303) ld x6, 0x1e8(x2)                         main+580
mem[R,0x00000000800041E8] -> 0x0000000080004530
x6 <- 0x0000000080004530

mem[X,0x0000000080000628] -> 0x03B3
mem[X,0x000000008000062A] -> 0x0053
[337] [M]: 0x0000000080000628 (0x005303B3) add x7, x6, x5                           main+584
x7 <- 0x0007000080004530

clint mtime 0x00000000000000A9 (mip.MTI <- 0b1, mip.STI <- 0b0)
mem[X,0x000000008000062C] -> 0x3023
mem[X,0x000000008000062E] -> 0x4871
[338] [M]: 0x000000008000062C (0x48713023) sd x7, 0x480(x2)                         main+588
mem[W,0x0000000080004480] <- 0x0007000080004530

mem[X,0x0000000080000630] -> 0x0013
mem[X,0x0000000080000632] -> 0x0000
[339] [M]: 0x0000000080000630 (0x00000013) addi x0, x0, 0x0                         main+592

clint mtime 0x00000000000000AA (mip.MTI <- 0b1, mip.STI <- 0b0)
mem[X,0x0000000080000634] -> 0x0013
mem[X,0x0000000080000636] -> 0x0000
[340] [M]: 0x0000000080000634 (0x00000013) addi x0, x0, 0x0                         main+596

mem[X,0x0000000080000638] -> 0x0013
mem[X,0x000000008000063A] -> 0x0000
[341] [M]: 0x0000000080000638 (0x00000013) addi x0, x0, 0x0                         main+600

clint mtime 0x00000000000000AB (mip.MTI <- 0b1, mip.STI <- 0b0)
mem[X,0x000000008000063C] -> 0x0013
mem[X,0x000000008000063E] -> 0x0000
[342] [M]: 0x000000008000063C (0x00000013) addi x0, x0, 0x0                         main+604

mem[X,0x0000000080000640] -> 0xAF97
mem[X,0x0000000080000642] -> 0x0000
[343] [M]: 0x0000000080000640 (0x0000AF97) auipc x31, 0xa                           main+608
x31 <- 0x000000008000A640

clint mtime 0x00000000000000AC (mip.MTI <- 0b1, mip.STI <- 0b0)
mem[X,0x0000000080000644] -> 0x8F93
mem[X,0x0000000080000646] -> 0x9C0F
[344] [M]: 0x0000000080000644 (0x9C0F8F93) addi x31, x31, -0x640                    main+612
x31 <- 0x000000008000A000

mem[X,0x0000000080000648] -> 0x0001
[345] [M]: 0x0000000080000648 (0x0001) c.nop                                        main+616

clint mtime 0x00000000000000AD (mip.MTI <- 0b1, mip.STI <- 0b0)
mem[X,0x000000008000064A] -> 0x0013
mem[X,0x000000008000064C] -> 0x0000
[346] [M]: 0x000000008000064A (0x00000013) addi x0, x0, 0x0                         main+618

mem[X,0x000000008000064E] -> 0x0013
mem[X,0x0000000080000650] -> 0x0000
[347] [M]: 0x000000008000064E (0x00000013) addi x0, x0, 0x0                         main+622

clint mtime 0x00000000000000AE (mip.MTI <- 0b1, mip.STI <- 0b0)
mem[X,0x0000000080000652] -> 0x0013
mem[X,0x0000000080000654] -> 0x0000
[348] [M]: 0x0000000080000652 (0x00000013) addi x0, x0, 0x0                         main+626

mem[X,0x0000000080000656] -> 0x0013
mem[X,0x0000000080000658] -> 0x0000
[349] [M]: 0x0000000080000656 (0x00000013) addi x0, x0, 0x0                         main+630

clint mtime 0x00000000000000AF (mip.MTI <- 0b1, mip.STI <- 0b0)
mem[X,0x000000008000065A] -> 0x0013
mem[X,0x000000008000065C] -> 0x0000
[350] [M]: 0x000000008000065A (0x00000013) addi x0, x0, 0x0                         main+634

mem[X,0x000000008000065E] -> 0x0001
[351] [M]: 0x000000008000065E (0x0001) c.nop                                        main+638

clint mtime 0x00000000000000B0 (mip.MTI <- 0b1, mip.STI <- 0b0)
mem[X,0x0000000080000660] -> 0x0F13
mem[X,0x0000000080000662] -> 0x0050
[352] [M]: 0x0000000080000660 (0x00500F13) addi x30, x0, 0x5                        main+640
x30 <- 0x0000000000000005

mem[X,0x0000000080000664] -> 0x1F13
mem[X,0x0000000080000666] -> 0x03DF
[353] [M]: 0x0000000080000664 (0x03DF1F13) slli x30, x30, 0x3d                      main+644
x30 <- 0xA000000000000000

clint mtime 0x00000000000000B1 (mip.MTI <- 0b1, mip.STI <- 0b0)
mem[X,0x0000000080000668] -> 0xDF93
mem[X,0x000000008000066A] -> 0x00CF
[354] [M]: 0x0000000080000668 (0x00CFDF93) srli x31, x31, 0xc                       main+648
x31 <- 0x000000000008000A

mem[X,0x000000008000066C] -> 0xEFB3
mem[X,0x000000008000066E] -> 0x01EF
[355] [M]: 0x000000008000066C (0x01EFEFB3) or x31, x31, x30                         main+652
x31 <- 0xA00000000008000A

clint mtime 0x00000000000000B2 (mip.MTI <- 0b1, mip.STI <- 0b0)
mem[X,0x0000000080000670] -> 0x9073
mem[X,0x0000000080000672] -> 0x180F
[356] [M]: 0x0000000080000670 (0x180F9073) csrrw x0, satp, x31                      main+656
CSR satp (0x180) <- 0xA00000000008000A

mem[X,0x0000000080000674] -> 0x0073
mem[X,0x0000000080000676] -> 0x1200
[357] [M]: 0x0000000080000674 (0x12000073) sfence.vma x0, x0                        main+660

clint mtime 0x00000000000000B3 (mip.MTI <- 0b1, mip.STI <- 0b0)
mem[X,0x0000000080000678] -> 0x0013
mem[X,0x000000008000067A] -> 0x0000
[358] [M]: 0x0000000080000678 (0x00000013) addi x0, x0, 0x0                         main+664

mem[X,0x000000008000067C] -> 0x0013
mem[X,0x000000008000067E] -> 0x0000
[359] [M]: 0x000000008000067C (0x00000013) addi x0, x0, 0x0                         main+668

clint mtime 0x00000000000000B4 (mip.MTI <- 0b1, mip.STI <- 0b0)
mem[X,0x0000000080000680] -> 0x5517
mem[X,0x0000000080000682] -> 0x0000
[360] [M]: 0x0000000080000680 (0x00005517) auipc x10, 0x5                           main+672
x10 <- 0x0000000080005680

mem[X,0x0000000080000684] -> 0x0513
mem[X,0x0000000080000686] -> 0x9805
[361] [M]: 0x0000000080000684 (0x98050513) addi x10, x10, -0x680                    main+676
x10 <- 0x0000000080005000

clint mtime 0x00000000000000B5 (mip.MTI <- 0b1, mip.STI <- 0b0)
mem[X,0x0000000080000688] -> 0x0001
[362] [M]: 0x0000000080000688 (0x0001) c.nop                                        main+680

mem[X,0x000000008000068A] -> 0x0013
mem[X,0x000000008000068C] -> 0x0000
[363] [M]: 0x000000008000068A (0x00000013) addi x0, x0, 0x0                         main+682

clint mtime 0x00000000000000B6 (mip.MTI <- 0b1, mip.STI <- 0b0)
mem[X,0x000000008000068E] -> 0x0013
mem[X,0x0000000080000690] -> 0x0000
[364] [M]: 0x000000008000068E (0x00000013) addi x0, x0, 0x0                         main+686

mem[X,0x0000000080000692] -> 0x0013
mem[X,0x0000000080000694] -> 0x0000
[365] [M]: 0x0000000080000692 (0x00000013) addi x0, x0, 0x0                         main+690

clint mtime 0x00000000000000B7 (mip.MTI <- 0b1, mip.STI <- 0b0)
mem[X,0x0000000080000696] -> 0x0013
mem[X,0x0000000080000698] -> 0x0000
[366] [M]: 0x0000000080000696 (0x00000013) addi x0, x0, 0x0                         main+694

mem[X,0x000000008000069A] -> 0x0013
mem[X,0x000000008000069C] -> 0x0000
[367] [M]: 0x000000008000069A (0x00000013) addi x0, x0, 0x0                         main+698

clint mtime 0x00000000000000B8 (mip.MTI <- 0b1, mip.STI <- 0b0)
mem[X,0x000000008000069E] -> 0x0001
[368] [M]: 0x000000008000069E (0x0001) c.nop                                        main+702

mem[X,0x00000000800006A0] -> 0x0593
mem[X,0x00000000800006A2] -> 0x0CF0
[369] [M]: 0x00000000800006A0 (0x0CF00593) addi x11, x0, 0xcf                       main+704
x11 <- 0x00000000000000CF

clint mtime 0x00000000000000B9 (mip.MTI <- 0b1, mip.STI <- 0b0)
mem[X,0x00000000800006A4] -> 0x5513
mem[X,0x00000000800006A6] -> 0x00C5
[370] [M]: 0x00000000800006A4 (0x00C55513) srli x10, x10, 0xc                       main+708
x10 <- 0x0000000000080005

mem[X,0x00000000800006A8] -> 0x1513
mem[X,0x00000000800006AA] -> 0x00A5
[371] [M]: 0x00000000800006A8 (0x00A51513) slli x10, x10, 0xa                       main+712
x10 <- 0x0000000020001400

clint mtime 0x00000000000000BA (mip.MTI <- 0b1, mip.STI <- 0b0)
mem[X,0x00000000800006AC] -> 0x6533
mem[X,0x00000000800006AE] -> 0x00B5
[372] [M]: 0x00000000800006AC (0x00B56533) or x10, x10, x11                         main+716
x10 <- 0x00000000200014CF

mem[X,0x00000000800006B0] -> 0x0013
mem[X,0x00000000800006B2] -> 0x0000
[373] [M]: 0x00000000800006B0 (0x00000013) addi x0, x0, 0x0                         main+720

clint mtime 0x00000000000000BB (mip.MTI <- 0b1, mip.STI <- 0b0)
mem[X,0x00000000800006B4] -> 0x0013
mem[X,0x00000000800006B6] -> 0x0000
[374] [M]: 0x00000000800006B4 (0x00000013) addi x0, x0, 0x0                         main+724

mem[X,0x00000000800006B8] -> 0x0013
mem[X,0x00000000800006BA] -> 0x0000
[375] [M]: 0x00000000800006B8 (0x00000013) addi x0, x0, 0x0                         main+728

clint mtime 0x00000000000000BC (mip.MTI <- 0b1, mip.STI <- 0b0)
mem[X,0x00000000800006BC] -> 0x0013
mem[X,0x00000000800006BE] -> 0x0000
[376] [M]: 0x00000000800006BC (0x00000013) addi x0, x0, 0x0                         main+732

mem[X,0x00000000800006C0] -> 0xA317
mem[X,0x00000000800006C2] -> 0x0000
[377] [M]: 0x00000000800006C0 (0x0000A317) auipc x6, 0xa                            main+736
x6 <- 0x000000008000A6C0

clint mtime 0x00000000000000BD (mip.MTI <- 0b1, mip.STI <- 0b0)
mem[X,0x00000000800006C4] -> 0x0313
mem[X,0x00000000800006C6] -> 0x9403
[378] [M]: 0x00000000800006C4 (0x94030313) addi x6, x6, -0x6c0                      main+740
x6 <- 0x000000008000A000

mem[X,0x00000000800006C8] -> 0x0001
[379] [M]: 0x00000000800006C8 (0x0001) c.nop                                        main+744

clint mtime 0x00000000000000BE (mip.MTI <- 0b1, mip.STI <- 0b0)
mem[X,0x00000000800006CA] -> 0x0013
mem[X,0x00000000800006CC] -> 0x0000
[380] [M]: 0x00000000800006CA (0x00000013) addi x0, x0, 0x0                         main+746

mem[X,0x00000000800006CE] -> 0x0013
mem[X,0x00000000800006D0] -> 0x0000
[381] [M]: 0x00000000800006CE (0x00000013) addi x0, x0, 0x0                         main+750

clint mtime 0x00000000000000BF (mip.MTI <- 0b1, mip.STI <- 0b0)
mem[X,0x00000000800006D2] -> 0x0013
mem[X,0x00000000800006D4] -> 0x0000
[382] [M]: 0x00000000800006D2 (0x00000013) addi x0, x0, 0x0                         main+754

mem[X,0x00000000800006D6] -> 0x0013
mem[X,0x00000000800006D8] -> 0x0000
[383] [M]: 0x00000000800006D6 (0x00000013) addi x0, x0, 0x0                         main+758

clint mtime 0x00000000000000C0 (mip.MTI <- 0b1, mip.STI <- 0b0)
mem[X,0x00000000800006DA] -> 0x0013
mem[X,0x00000000800006DC] -> 0x0000
[384] [M]: 0x00000000800006DA (0x00000013) addi x0, x0, 0x0                         main+762

mem[X,0x00000000800006DE] -> 0x0001
[385] [M]: 0x00000000800006DE (0x0001) c.nop                                        main+766

clint mtime 0x00000000000000C1 (mip.MTI <- 0b1, mip.STI <- 0b0)
mem[X,0x00000000800006E0] -> 0x0293
mem[X,0x00000000800006E2] -> 0x0280
[386] [M]: 0x00000000800006E0 (0x02800293) addi x5, x0, 0x28                        main+768
x5 <- 0x0000000000000028

mem[X,0x00000000800006E4] -> 0x0333
mem[X,0x00000000800006E6] -> 0x0053
[387] [M]: 0x00000000800006E4 (0x00530333) add x6, x6, x5                           main+772
x6 <- 0x000000008000A028

clint mtime 0x00000000000000C2 (mip.MTI <- 0b1, mip.STI <- 0b0)
mem[X,0x00000000800006E8] -> 0x3023
mem[X,0x00000000800006EA] -> 0x00A3
[388] [M]: 0x00000000800006E8 (0x00A33023) sd x10, 0x0(x6)                          main+776
mem[W,0x000000008000A028] <- 0x00000000200014CF

mem[X,0x00000000800006EC] -> 0x0073
mem[X,0x00000000800006EE] -> 0x1200
[389] [M]: 0x00000000800006EC (0x12000073) sfence.vma x0, x0                        main+780

clint mtime 0x00000000000000C3 (mip.MTI <- 0b1, mip.STI <- 0b0)
mem[X,0x00000000800006F0] -> 0x0493
mem[X,0x00000000800006F2] -> 0x0010
[390] [M]: 0x00000000800006F0 (0x00100493) addi x9, x0, 0x1                         main+784
x9 <- 0x0000000000000001

mem[X,0x00000000800006F4] -> 0x9493
mem[X,0x00000000800006F6] -> 0x00B4
[391] [M]: 0x00000000800006F4 (0x00B49493) slli x9, x9, 0xb                         main+788
x9 <- 0x0000000000000800

clint mtime 0x00000000000000C4 (mip.MTI <- 0b1, mip.STI <- 0b0)
mem[X,0x00000000800006F8] -> 0xB073
mem[X,0x00000000800006FA] -> 0x3004
[392] [M]: 0x00000000800006F8 (0x3004B073) csrrc x0, mstatus, x9                    main+792
CSR mstatus (0x300) <- 0x0000000A00000000

mem[X,0x00000000800006FC] -> 0x0493
mem[X,0x00000000800006FE] -> 0x0010
[393] [M]: 0x00000000800006FC (0x00100493) addi x9, x0, 0x1                         main+796
x9 <- 0x0000000000000001

clint mtime 0x00000000000000C5 (mip.MTI <- 0b1, mip.STI <- 0b0)
mem[X,0x0000000080000700] -> 0x9493
mem[X,0x0000000080000702] -> 0x00B4
[394] [M]: 0x0000000080000700 (0x00B49493) slli x9, x9, 0xb                         main+800
x9 <- 0x0000000000000800

mem[X,0x0000000080000704] -> 0xA073
mem[X,0x0000000080000706] -> 0x3004
[395] [M]: 0x0000000080000704 (0x3004A073) csrrs x0, mstatus, x9                    main+804
CSR mstatus (0x300) <- 0x0000000A00000800

clint mtime 0x00000000000000C6 (mip.MTI <- 0b1, mip.STI <- 0b0)
mem[X,0x0000000080000708] -> 0x23F3
mem[X,0x000000008000070A] -> 0x3400
[396] [M]: 0x0000000080000708 (0x340023F3) csrrs x7, mscratch, x0                   main+808
CSR mscratch (0x340) -> 0x0000000080004000
x7 <- 0x0000000080004000

mem[X,0x000000008000070C] -> 0xB303
mem[X,0x000000008000070E] -> 0x4703
[397] [M]: 0x000000008000070C (0x4703B303) ld x6, 0x470(x7)                         main+812
mem[R,0x0000000080004470] -> 0x000600008000039C
x6 <- 0x000600008000039C

clint mtime 0x00000000000000C7 (mip.MTI <- 0b1, mip.STI <- 0b0)
mem[X,0x0000000080000710] -> 0xB483
mem[X,0x0000000080000712] -> 0x1D83
[398] [M]: 0x0000000080000710 (0x1D83B483) ld x9, 0x1d8(x7)                         main+816
mem[R,0x00000000800041D8] -> 0x00000000800003B4
x9 <- 0x00000000800003B4

mem[X,0x0000000080000714] -> 0x0333
mem[X,0x0000000080000716] -> 0x4093
[399] [M]: 0x0000000080000714 (0x40930333) sub x6, x6, x9                           main+820
x6 <- 0x0005FFFFFFFFFFE8

clint mtime 0x00000000000000C8 (mip.MTI <- 0b1, mip.STI <- 0b0)
mem[X,0x0000000080000718] -> 0x0313
mem[X,0x000000008000071A] -> 0x0103
[400] [M]: 0x0000000080000718 (0x01030313) addi x6, x6, 0x10                        main+824
x6 <- 0x0005FFFFFFFFFFF8

mem[X,0x000000008000071C] -> 0x0497
mem[X,0x000000008000071E] -> 0x0000
[401] [M]: 0x000000008000071C (0x00000497) auipc x9, 0x0                            main+828
x9 <- 0x000000008000071C

clint mtime 0x00000000000000C9 (mip.MTI <- 0b1, mip.STI <- 0b0)
mem[X,0x0000000080000720] -> 0x84B3
mem[X,0x0000000080000722] -> 0x0064
[402] [M]: 0x0000000080000720 (0x006484B3) add x9, x9, x6                           main+832
x9 <- 0x0006000080000714

mem[X,0x0000000080000724] -> 0x94F3
mem[X,0x0000000080000726] -> 0x3414
[403] [M]: 0x0000000080000724 (0x341494F3) csrrw x9, mepc, x9                       main+836
CSR mepc (0x341) <- 0x0006000080000714
x9 <- 0x0000000000000000

clint mtime 0x00000000000000CA (mip.MTI <- 0b1, mip.STI <- 0b0)
mem[X,0x0000000080000728] -> 0x0073
mem[X,0x000000008000072A] -> 0x3020
[404] [M]: 0x0000000080000728 (0x30200073) mret                                     main+840
CSR mstatus (0x300) <- 0x0000000A00000080
ret-ing from M to S

PTW: Start, vpn=0x6000080000, access_type=X, privilege=Smem[R,0x000000008000A030] -> 0x00000000000000CB
PTW: Step, level=4, pte=0xCB, pte_addr=0x8000A030
PTW: Success, final_ppn=0x80000, level=4mem[X,0x0000000080000714] -> 0x0333
mem[X,0x0000000080000716] -> 0x4093
[405] [S]: 0x0006000080000714 (0x40930333) sub x6, x6, x9                           va_rvtest_code_begin+888
x6 <- 0x0005FFFFFFFFFFF8

clint mtime 0x00000000000000CB (mip.MTI <- 0b1, mip.STI <- 0b0)
mem[X,0x0000000080000718] -> 0x0313
mem[X,0x000000008000071A] -> 0x0103
[406] [S]: 0x0006000080000718 (0x01030313) addi x6, x6, 0x10                        va_rvtest_code_begin+892
x6 <- 0x0006000000000008

mem[X,0x000000008000071C] -> 0x0497
mem[X,0x000000008000071E] -> 0x0000
[407] [S]: 0x000600008000071C (0x00000497) auipc x9, 0x0                            va_rvtest_code_begin+896
x9 <- 0x000600008000071C

clint mtime 0x00000000000000CC (mip.MTI <- 0b1, mip.STI <- 0b0)
mem[X,0x0000000080000720] -> 0x84B3
mem[X,0x0000000080000722] -> 0x0064
[408] [S]: 0x0006000080000720 (0x006484B3) add x9, x9, x6                           va_rvtest_code_begin+900
x9 <- 0x000C000080000724

mem[X,0x0000000080000724] -> 0x94F3
mem[X,0x0000000080000726] -> 0x3414
[409] [S]: 0x0006000080000724 (0x341494F3) csrrw x9, mepc, x9                       va_rvtest_code_begin+904
trapping from S to M to handle illegal-instruction
handling exc#illegal-instruction at priv M with tval 0x00000000341494F3
CSR mstatus (0x300) <- 0x0000000A00000800
CSR mcause (0x342) <- 0x0000000000000002
CSR mtval (0x343) <- 0x00000000341494F3
CSR mepc (0x341) <- 0x0006000080000724

clint mtime 0x00000000000000CD (mip.MTI <- 0b1, mip.STI <- 0b0)
mem[X,0x0000000080000F80] -> 0x006F
mem[X,0x0000000080000F82] -> 0x1000
[410] [M]: 0x0000000080000F80 (0x1000006F) jal x0, 0x100                            Mtrampoline+0

mem[X,0x0000000080001080] -> 0x1173
mem[X,0x0000000080001082] -> 0x3401
[411] [M]: 0x0000000080001080 (0x34011173) csrrw x2, mscratch, x2                   trap_Mhandler+0
CSR mscratch (0x340) <- 0x0000000080004000
x2 <- 0x0000000080004000

clint mtime 0x00000000000000CE (mip.MTI <- 0b1, mip.STI <- 0b0)
mem[X,0x0000000080001084] -> 0x3423
mem[X,0x0000000080001086] -> 0x28B1
[412] [M]: 0x0000000080001084 (0x28B13423) sd x11, 0x288(x2)                        trap_Mhandler+4
mem[W,0x0000000080004288] <- 0x00000000000000CF

mem[X,0x0000000080001088] -> 0x05EF
mem[X,0x000000008000108A] -> 0x0B80
[413] [M]: 0x0000000080001088 (0x0B8005EF) jal x11, 0xb8                            trap_Mhandler+8
x11 <- 0x000000008000108C

clint mtime 0x00000000000000CF (mip.MTI <- 0b1, mip.STI <- 0b0)
mem[X,0x0000000080001140] -> 0x3023
mem[X,0x0000000080001142] -> 0x28A1
[414] [M]: 0x0000000080001140 (0x28A13023) sd x10, 0x280(x2)                        common_Mhandler+0
mem[W,0x0000000080004280] <- 0x00000000200014CF

mem[X,0x0000000080001144] -> 0x1573
mem[X,0x0000000080001146] -> 0x3401
[415] [M]: 0x0000000080001144 (0x34011573) csrrw x10, mscratch, x2                  common_Mhandler+4
CSR mscratch (0x340) <- 0x0000000080004000
x10 <- 0x0000000080004000

clint mtime 0x00000000000000D0 (mip.MTI <- 0b1, mip.STI <- 0b0)
mem[X,0x0000000080001148] -> 0x3823
mem[X,0x000000008000114A] -> 0x28A1
[416] [M]: 0x0000000080001148 (0x28A13823) sd x10, 0x290(x2)                        common_Mhandler+8
mem[W,0x0000000080004290] <- 0x0000000080004000

mem[X,0x000000008000114C] -> 0x3503
mem[X,0x000000008000114E] -> 0x2301
[417] [M]: 0x000000008000114C (0x23013503) ld x10, 0x230(x2)                        common_Mhandler+12
mem[R,0x0000000080004230] -> 0x0000000080001154
x10 <- 0x0000000080001154

clint mtime 0x00000000000000D1 (mip.MTI <- 0b1, mip.STI <- 0b0)
mem[X,0x0000000080001150] -> 0x0067
mem[X,0x0000000080001152] -> 0x0005
[418] [M]: 0x0000000080001150 (0x00050067) jalr x0, 0x0(x10)                        common_Mhandler+16

mem[X,0x0000000080001154] -> 0x3C23
mem[X,0x0000000080001156] -> 0x2691
[419] [M]: 0x0000000080001154 (0x26913C23) sd x9, 0x278(x2)                         common_Mentry+0
mem[W,0x0000000080004278] <- 0x000C000080000724

clint mtime 0x00000000000000D2 (mip.MTI <- 0b1, mip.STI <- 0b0)
mem[X,0x0000000080001158] -> 0x3823
mem[X,0x000000008000115A] -> 0x2681
[420] [M]: 0x0000000080001158 (0x26813823) sd x8, 0x270(x2)                         common_Mentry+4
mem[W,0x0000000080004270] <- 0x0000000000007F76

mem[X,0x000000008000115C] -> 0x3423
mem[X,0x000000008000115E] -> 0x2671
[421] [M]: 0x000000008000115C (0x26713423) sd x7, 0x268(x2)                         common_Mentry+8
mem[W,0x0000000080004268] <- 0x0000000080004000

clint mtime 0x00000000000000D3 (mip.MTI <- 0b1, mip.STI <- 0b0)
mem[X,0x0000000080001160] -> 0x3023
mem[X,0x0000000080001162] -> 0x2661
[422] [M]: 0x0000000080001160 (0x26613023) sd x6, 0x260(x2)                         common_Mentry+12
mem[W,0x0000000080004260] <- 0x0006000000000008

mem[X,0x0000000080001164] -> 0x2573
mem[X,0x0000000080001166] -> 0x3420
[423] [M]: 0x0000000080001164 (0x34202573) csrrs x10, mcause, x0                    spcl_M2mmode_test+0
CSR mcause (0x342) -> 0x0000000000000002
x10 <- 0x0000000000000002

clint mtime 0x00000000000000D4 (mip.MTI <- 0b1, mip.STI <- 0b0)
mem[X,0x0000000080001168] -> 0x04B7
mem[X,0x000000008000116A] -> 0x8000
[424] [M]: 0x0000000080001168 (0x800004B7) lui x9, -0x80000                         spcl_M2mmode_test+4
x9 <- 0xFFFFFFFF80000000

mem[X,0x000000008000116C] -> 0x8493
mem[X,0x000000008000116E] -> 0x0004
[425] [M]: 0x000000008000116C (0x00048493) addi x9, x9, 0x0                         spcl_M2mmode_test+8
x9 <- 0xFFFFFFFF80000000

clint mtime 0x00000000000000D5 (mip.MTI <- 0b1, mip.STI <- 0b0)
mem[X,0x0000000080001170] -> 0x9493
mem[X,0x0000000080001172] -> 0x00B4
[426] [M]: 0x0000000080001170 (0x00B49493) slli x9, x9, 0xb                         spcl_M2mmode_test+12
x9 <- 0xFFFFFC0000000000

mem[X,0x0000000080001174] -> 0x8493
mem[X,0x0000000080001176] -> 0x0004
[427] [M]: 0x0000000080001174 (0x00048493) addi x9, x9, 0x0                         spcl_M2mmode_test+16
x9 <- 0xFFFFFC0000000000

clint mtime 0x00000000000000D6 (mip.MTI <- 0b1, mip.STI <- 0b0)
mem[X,0x0000000080001178] -> 0x9493
mem[X,0x000000008000117A] -> 0x00B4
[428] [M]: 0x0000000080001178 (0x00B49493) slli x9, x9, 0xb                         spcl_M2mmode_test+20
x9 <- 0xFFE0000000000000

mem[X,0x000000008000117C] -> 0x8493
mem[X,0x000000008000117E] -> 0x0034
[429] [M]: 0x000000008000117C (0x00348493) addi x9, x9, 0x3                         spcl_M2mmode_test+24
x9 <- 0xFFE0000000000003

clint mtime 0x00000000000000D7 (mip.MTI <- 0b1, mip.STI <- 0b0)
mem[X,0x0000000080001180] -> 0x9493
mem[X,0x0000000080001182] -> 0x00A4
[430] [M]: 0x0000000080001180 (0x00A49493) slli x9, x9, 0xa                         spcl_M2mmode_test+28
x9 <- 0x8000000000000C00

mem[X,0x0000000080001184] -> 0x8493
mem[X,0x0000000080001186] -> 0x3FC4
[431] [M]: 0x0000000080001184 (0x3FC48493) addi x9, x9, 0x3fc                       spcl_M2mmode_test+32
x9 <- 0x8000000000000FFC

clint mtime 0x00000000000000D8 (mip.MTI <- 0b1, mip.STI <- 0b0)
mem[X,0x0000000080001188] -> 0xF4B3
mem[X,0x000000008000118A] -> 0x00A4
[432] [M]: 0x0000000080001188 (0x00A4F4B3) and x9, x9, x10                          spcl_M2mmode_test+36
x9 <- 0x0000000000000000

mem[X,0x000000008000118C] -> 0x8493
mem[X,0x000000008000118E] -> 0xFF84
[433] [M]: 0x000000008000118C (0xFF848493) addi x9, x9, -0x8                        spcl_M2mmode_test+40
x9 <- 0xFFFFFFFFFFFFFFF8

clint mtime 0x00000000000000D9 (mip.MTI <- 0b1, mip.STI <- 0b0)
mem[X,0x0000000080001190] -> 0x9663
mem[X,0x0000000080001192] -> 0x0004
[434] [M]: 0x0000000080001190 (0x00049663) bne x9, x0, 0xc                          spcl_M2mmode_test+44

mem[X,0x000000008000119C] -> 0x0393
mem[X,0x000000008000119E] -> 0x0200
[435] [M]: 0x000000008000119C (0x02000393) addi x7, x0, 0x20                        Mtrapsig_ptr_upd+0
x7 <- 0x0000000000000020

clint mtime 0x00000000000000DA (mip.MTI <- 0b1, mip.STI <- 0b0)
mem[X,0x00000000800011A0] -> 0x5263
mem[X,0x00000000800011A2] -> 0x0405
[436] [M]: 0x00000000800011A0 (0x04055263) bge x10, x0, 0x44                        Mtrapsig_ptr_upd+4

mem[X,0x00000000800011E4] -> 0x2373
mem[X,0x00000000800011E6] -> 0x3010
[437] [M]: 0x00000000800011E4 (0x30102373) csrrs x6, misa, x0                       Mxcpt_sig_sv+0
CSR misa (0x301) -> 0x800000000034112F
x6 <- 0x800000000034112F

clint mtime 0x00000000000000DB (mip.MTI <- 0b1, mip.STI <- 0b0)
mem[X,0x00000000800011E8] -> 0x1313
mem[X,0x00000000800011EA] -> 0x0383
[438] [M]: 0x00000000800011E8 (0x03831313) slli x6, x6, 0x38                        Mxcpt_sig_sv+4
x6 <- 0x2F00000000000000

mem[X,0x00000000800011EC] -> 0x5463
mem[X,0x00000000800011EE] -> 0x0003
[439] [M]: 0x00000000800011EC (0x00035463) bge x6, x0, 0x8                          Mxcpt_sig_sv+8

clint mtime 0x00000000000000DC (mip.MTI <- 0b1, mip.STI <- 0b0)
mem[X,0x00000000800011F4] -> 0x3303
mem[X,0x00000000800011F6] -> 0x2181
[440] [M]: 0x00000000800011F4 (0x21813303) ld x6, 0x218(x2)                         Mtrap_sig_sv+0
mem[R,0x0000000080004218] -> 0x000000008000B218
x6 <- 0x000000008000B218

mem[X,0x00000000800011F8] -> 0x04B3
mem[X,0x00000000800011FA] -> 0x0073
[441] [M]: 0x00000000800011F8 (0x007304B3) add x9, x6, x7                           Mtrap_sig_sv+4
x9 <- 0x000000008000B238

clint mtime 0x00000000000000DD (mip.MTI <- 0b1, mip.STI <- 0b0)
mem[X,0x00000000800011FC] -> 0x3C23
mem[X,0x00000000800011FE] -> 0x2091
[442] [M]: 0x00000000800011FC (0x20913C23) sd x9, 0x218(x2)                         Mtrap_sig_sv+8
mem[W,0x0000000080004218] <- 0x000000008000B238

mem[X,0x0000000080001200] -> 0x3403
mem[X,0x0000000080001202] -> 0x1F81
[443] [M]: 0x0000000080001200 (0x1F813403) ld x8, 0x1f8(x2)                         Mtrap_sig_sv+12
mem[R,0x00000000800041F8] -> 0x000000008000B110
x8 <- 0x000000008000B110

clint mtime 0x00000000000000DE (mip.MTI <- 0b1, mip.STI <- 0b0)
mem[X,0x0000000080001204] -> 0x0333
mem[X,0x0000000080001206] -> 0x4083
[444] [M]: 0x0000000080001204 (0x40830333) sub x6, x6, x8                           Mtrap_sig_sv+16
x6 <- 0x0000000000000108

mem[X,0x0000000080001208] -> 0x3403
mem[X,0x000000008000120A] -> 0x1F81
[445] [M]: 0x0000000080001208 (0x1F813403) ld x8, 0x1f8(x2)                         Mtrap_sig_sv+20
mem[R,0x00000000800041F8] -> 0x000000008000B110
x8 <- 0x000000008000B110

clint mtime 0x00000000000000DF (mip.MTI <- 0b1, mip.STI <- 0b0)
mem[X,0x000000008000120C] -> 0x0333
mem[X,0x000000008000120E] -> 0x0083
[446] [M]: 0x000000008000120C (0x00830333) add x6, x6, x8                           Mtrap_sig_sv+24
x6 <- 0x000000008000B218

mem[X,0x0000000080001210] -> 0x3403
mem[X,0x0000000080001212] -> 0x2401
[447] [M]: 0x0000000080001210 (0x24013403) ld x8, 0x240(x2)                         Mtrap_sig_sv+28
mem[R,0x0000000080004240] -> 0x0000000080000F80
x8 <- 0x0000000080000F80

clint mtime 0x00000000000000E0 (mip.MTI <- 0b1, mip.STI <- 0b0)
mem[X,0x0000000080001214] -> 0x85B3
mem[X,0x0000000080001216] -> 0x4085
[448] [M]: 0x0000000080001214 (0x408585B3) sub x11, x11, x8                         sv_Mvect+0
x11 <- 0x000000000000010C

mem[X,0x0000000080001218] -> 0x9593
mem[X,0x000000008000121A] -> 0x0045
[449] [M]: 0x0000000080001218 (0x00459593) slli x11, x11, 0x4                       sv_Mvect+4
x11 <- 0x00000000000010C0

clint mtime 0x00000000000000E1 (mip.MTI <- 0b1, mip.STI <- 0b0)
mem[X,0x000000008000121C] -> 0xE5B3
mem[X,0x000000008000121E] -> 0x0075
[450] [M]: 0x000000008000121C (0x0075E5B3) or x11, x11, x7                          sv_Mvect+8
x11 <- 0x00000000000010E0

mem[X,0x0000000080001220] -> 0x8593
mem[X,0x0000000080001222] -> 0x0035
[451] [M]: 0x0000000080001220 (0x00358593) addi x11, x11, 0x3                       sv_Mvect+12
x11 <- 0x00000000000010E3

clint mtime 0x00000000000000E2 (mip.MTI <- 0b1, mip.STI <- 0b0)
mem[X,0x0000000080001224] -> 0x3023
mem[X,0x0000000080001226] -> 0x00B3
[452] [M]: 0x0000000080001224 (0x00B33023) sd x11, 0x0(x6)                          sv_Mvect+16
mem[W,0x000000008000B218] <- 0x00000000000010E3

mem[X,0x0000000080001228] -> 0x3423
mem[X,0x000000008000122A] -> 0x00A3
[453] [M]: 0x0000000080001228 (0x00A33423) sd x10, 0x8(x6)                          sv_Mcause+0
mem[W,0x000000008000B220] <- 0x0000000000000002

clint mtime 0x00000000000000E3 (mip.MTI <- 0b1, mip.STI <- 0b0)
mem[X,0x000000008000122C] -> 0x4663
mem[X,0x000000008000122E] -> 0x1A05
[454] [M]: 0x000000008000122C (0x1A054663) blt x10, x0, 0x1ac                       sv_Mcause+4

mem[X,0x0000000080001230] -> 0x25F3
mem[X,0x0000000080001232] -> 0x3000
[455] [M]: 0x0000000080001230 (0x300025F3) csrrs x11, mstatus, x0                   common_Mexcpt_handler+0
CSR mstatus (0x300) -> 0x0000000A00000800
x11 <- 0x0000000A00000800

clint mtime 0x00000000000000E4 (mip.MTI <- 0b1, mip.STI <- 0b0)
mem[X,0x0000000080001234] -> 0x9413
mem[X,0x0000000080001236] -> 0x02E5
[456] [M]: 0x0000000080001234 (0x02E59413) slli x8, x11, 0x2e                       common_Mexcpt_handler+4
x8 <- 0x0200000000000000

mem[X,0x0000000080001238] -> 0x5463
mem[X,0x000000008000123A] -> 0x0004
[457] [M]: 0x0000000080001238 (0x00045463) bge x8, x0, 0x8                          common_Mexcpt_handler+8

clint mtime 0x00000000000000E5 (mip.MTI <- 0b1, mip.STI <- 0b0)
mem[X,0x0000000080001240] -> 0xD493
mem[X,0x0000000080001242] -> 0x00B5
[458] [M]: 0x0000000080001240 (0x00B5D493) srli x9, x11, 0xb                        common_Mexcpt_handler+16
x9 <- 0x0000000001400001

mem[X,0x0000000080001244] -> 0xF493
mem[X,0x0000000080001246] -> 0x0034
[459] [M]: 0x0000000080001244 (0x0034F493) andi x9, x9, 0x3                         common_Mexcpt_handler+20
x9 <- 0x0000000000000001

clint mtime 0x00000000000000E6 (mip.MTI <- 0b1, mip.STI <- 0b0)
mem[X,0x0000000080001248] -> 0x8493
mem[X,0x000000008000124A] -> 0x0014
[460] [M]: 0x0000000080001248 (0x00148493) addi x9, x9, 0x1                         common_Mexcpt_handler+24
x9 <- 0x0000000000000002

mem[X,0x000000008000124C] -> 0xF493
mem[X,0x000000008000124E] -> 0x0044
[461] [M]: 0x000000008000124C (0x0044F493) andi x9, x9, 0x4                         common_Mexcpt_handler+28
x9 <- 0x0000000000000000

clint mtime 0x00000000000000E7 (mip.MTI <- 0b1, mip.STI <- 0b0)
mem[X,0x0000000080001250] -> 0x0593
mem[X,0x0000000080001252] -> 0x05D0
[462] [M]: 0x0000000080001250 (0x05D00593) addi x11, x0, 0x5d                       common_Mexcpt_handler+32
x11 <- 0x000000000000005D

mem[X,0x0000000080001254] -> 0xD5B3
mem[X,0x0000000080001256] -> 0x0095
[463] [M]: 0x0000000080001254 (0x0095D5B3) srl x11, x11, x9                         common_Mexcpt_handler+36
x11 <- 0x000000000000005D

clint mtime 0x00000000000000E8 (mip.MTI <- 0b1, mip.STI <- 0b0)
mem[X,0x0000000080001258] -> 0xF593
mem[X,0x000000008000125A] -> 0x0015
[464] [M]: 0x0000000080001258 (0x0015F593) andi x11, x11, 0x1                       common_Mexcpt_handler+40
x11 <- 0x0000000000000001

mem[X,0x000000008000125C] -> 0x8EE3
mem[X,0x000000008000125E] -> 0xF405
[465] [M]: 0x000000008000125C (0xF4058EE3) beq x11, x0, -0xa4                       common_Mexcpt_handler+44

clint mtime 0x00000000000000E9 (mip.MTI <- 0b1, mip.STI <- 0b0)
mem[X,0x0000000080001260] -> 0x0593
mem[X,0x0000000080001262] -> 0x2980
[466] [M]: 0x0000000080001260 (0x29800593) addi x11, x0, 0x298                      common_Mexcpt_handler+48
x11 <- 0x0000000000000298

mem[X,0x0000000080001264] -> 0xF413
mem[X,0x0000000080001266] -> 0x0014
[467] [M]: 0x0000000080001264 (0x0014F413) andi x8, x9, 0x1                         common_Mexcpt_handler+52
x8 <- 0x0000000000000000

clint mtime 0x00000000000000EA (mip.MTI <- 0b1, mip.STI <- 0b0)
mem[X,0x0000000080001268] -> 0x95B3
mem[X,0x000000008000126A] -> 0x0085
[468] [M]: 0x0000000080001268 (0x008595B3) sll x11, x11, x8                         common_Mexcpt_handler+56
x11 <- 0x0000000000000298

mem[X,0x000000008000126C] -> 0x9413
mem[X,0x000000008000126E] -> 0x03D4
[469] [M]: 0x000000008000126C (0x03D49413) slli x8, x9, 0x3d                        common_Mexcpt_handler+60
x8 <- 0x0000000000000000

clint mtime 0x00000000000000EB (mip.MTI <- 0b1, mip.STI <- 0b0)
mem[X,0x0000000080001270] -> 0x5413
mem[X,0x0000000080001272] -> 0x43F4
[470] [M]: 0x0000000080001270 (0x43F45413) srai x8, x8, 0x3f                        common_Mexcpt_handler+64
x8 <- 0x0000000000000000

mem[X,0x0000000080001274] -> 0x4413
mem[X,0x0000000080001276] -> 0xFFF4
[471] [M]: 0x0000000080001274 (0xFFF44413) xori x8, x8, -0x1                        common_Mexcpt_handler+68
x8 <- 0xFFFFFFFFFFFFFFFF

clint mtime 0x00000000000000EC (mip.MTI <- 0b1, mip.STI <- 0b0)
mem[X,0x0000000080001278] -> 0xF4B3
mem[X,0x000000008000127A] -> 0x0085
[472] [M]: 0x0000000080001278 (0x0085F4B3) and x9, x11, x8                          common_Mexcpt_handler+72
x9 <- 0x0000000000000298

mem[X,0x000000008000127C] -> 0x84B3
mem[X,0x000000008000127E] -> 0x0024
[473] [M]: 0x000000008000127C (0x002484B3) add x9, x9, x2                           vmem_adj_Mepc+0
x9 <- 0x0000000080004298

clint mtime 0x00000000000000ED (mip.MTI <- 0b1, mip.STI <- 0b0)
mem[X,0x0000000080001280] -> 0x23F3
mem[X,0x0000000080001282] -> 0x3410
[474] [M]: 0x0000000080001280 (0x341023F3) csrrs x7, mepc, x0                       vmem_adj_Mepc+4
CSR mepc (0x341) -> 0x0006000080000724
x7 <- 0x0006000080000724

mem[X,0x0000000080001284] -> 0x0413
mem[X,0x0000000080001286] -> 0x0004
[475] [M]: 0x0000000080001284 (0x00040413) addi x8, x8, 0x0                         vmem_adj_Mepc+8
x8 <- 0xFFFFFFFFFFFFFFFF

clint mtime 0x00000000000000EE (mip.MTI <- 0b1, mip.STI <- 0b0)
mem[X,0x0000000080001288] -> 0x006F
mem[X,0x000000008000128A] -> 0x0400
[476] [M]: 0x0000000080001288 (0x0400006F) jal x0, 0x40                             vmem_adj_Mepc+12

mem[X,0x00000000800012C8] -> 0x8433
mem[X,0x00000000800012CA] -> 0x4083
[477] [M]: 0x00000000800012C8 (0x40838433) sub x8, x7, x8                           adj_Mepc+0
x8 <- 0x0006000080000725

clint mtime 0x00000000000000EF (mip.MTI <- 0b1, mip.STI <- 0b0)
mem[X,0x00000000800012CC] -> 0x3823
mem[X,0x00000000800012CE] -> 0x0083
[478] [M]: 0x00000000800012CC (0x00833823) sd x8, 0x10(x6)                          sv_Mepc+0
mem[W,0x000000008000B228] <- 0x0006000080000725

mem[X,0x00000000800012D0] -> 0x55B7
mem[X,0x00000000800012D2] -> 0x0000
[479] [M]: 0x00000000800012D0 (0x000055B7) lui x11, 0x5                             sv_Mepc+4
x11 <- 0x0000000000005000

clint mtime 0x00000000000000F0 (mip.MTI <- 0b1, mip.STI <- 0b0)
mem[X,0x00000000800012D4] -> 0x8593
mem[X,0x00000000800012D6] -> 0x6675
[480] [M]: 0x00000000800012D4 (0x66758593) addi x11, x11, 0x667                     sv_Mepc+8
x11 <- 0x0000000000005667

mem[X,0x00000000800012D8] -> 0x9593
mem[X,0x00000000800012DA] -> 0x0015
[481] [M]: 0x00000000800012D8 (0x00159593) slli x11, x11, 0x1                       sv_Mepc+12
x11 <- 0x000000000000ACCE

clint mtime 0x00000000000000F1 (mip.MTI <- 0b1, mip.STI <- 0b0)
mem[X,0x00000000800012DC] -> 0x9063
mem[X,0x00000000800012DE] -> 0x02B1
[482] [M]: 0x00000000800012DC (0x02B19063) bne x3, x11, 0x20                        sv_Mepc+16

mem[X,0x00000000800012FC] -> 0xF593
mem[X,0x00000000800012FE] -> 0xFFC3
[483] [M]: 0x00000000800012FC (0xFFC3F593) andi x11, x7, -0x4                       adj_Mepc_rtn+0
x11 <- 0x0006000080000724

clint mtime 0x00000000000000F2 (mip.MTI <- 0b1, mip.STI <- 0b0)
mem[X,0x0000000080001300] -> 0x8593
mem[X,0x0000000080001302] -> 0x0085
[484] [M]: 0x0000000080001300 (0x00858593) addi x11, x11, 0x8                       adj_Mepc_rtn+4
x11 <- 0x000600008000072C

mem[X,0x0000000080001304] -> 0x9073
mem[X,0x0000000080001306] -> 0x3415
[485] [M]: 0x0000000080001304 (0x34159073) csrrw x0, mepc, x11                      adj_Mepc_rtn+8
CSR mepc (0x341) <- 0x000600008000072C

clint mtime 0x00000000000000F3 (mip.MTI <- 0b1, mip.STI <- 0b0)
mem[X,0x0000000080001308] -> 0x23F3
mem[X,0x000000008000130A] -> 0x3430
[486] [M]: 0x0000000080001308 (0x343023F3) csrrs x7, mtval, x0                      skp_adj_Mepc+0
CSR mtval (0x343) -> 0x00000000341494F3
x7 <- 0x00000000341494F3

mem[X,0x000000008000130C] -> 0x0413
mem[X,0x000000008000130E] -> 0x0004
[487] [M]: 0x000000008000130C (0x00040413) addi x8, x8, 0x0                         skp_adj_Mepc+4
x8 <- 0x0006000080000725

clint mtime 0x00000000000000F4 (mip.MTI <- 0b1, mip.STI <- 0b0)
mem[X,0x0000000080001310] -> 0x006F
mem[X,0x0000000080001312] -> 0x0840
[488] [M]: 0x0000000080001310 (0x0840006F) jal x0, 0x84                             skp_adj_Mepc+8

mem[X,0x0000000080001394] -> 0x8433
mem[X,0x0000000080001396] -> 0x4083
[489] [M]: 0x0000000080001394 (0x40838433) sub x8, x7, x8                           adj_Mtval+0
x8 <- 0xFFF9FFFFB4148DCE

clint mtime 0x00000000000000F5 (mip.MTI <- 0b1, mip.STI <- 0b0)
mem[X,0x0000000080001398] -> 0x3C23
mem[X,0x000000008000139A] -> 0x0083
[490] [M]: 0x0000000080001398 (0x00833C23) sd x8, 0x18(x6)                          sv_Mtval+0
mem[W,0x000000008000B230] <- 0xFFF9FFFFB4148DCE

mem[X,0x000000008000139C] -> 0x3483
mem[X,0x000000008000139E] -> 0x2181
[491] [M]: 0x000000008000139C (0x21813483) ld x9, 0x218(x2)                         skp_Mtval+0
mem[R,0x0000000080004218] -> 0x000000008000B238
x9 <- 0x000000008000B238

clint mtime 0x00000000000000F6 (mip.MTI <- 0b1, mip.STI <- 0b0)
mem[X,0x00000000800013A0] -> 0x3383
mem[X,0x00000000800013A2] -> 0x1F81
[492] [M]: 0x00000000800013A0 (0x1F813383) ld x7, 0x1f8(x2)                         skp_Mtval+4
mem[R,0x00000000800041F8] -> 0x000000008000B110
x7 <- 0x000000008000B110

mem[X,0x00000000800013A4] -> 0x3303
mem[X,0x00000000800013A6] -> 0x2001
[493] [M]: 0x00000000800013A4 (0x20013303) ld x6, 0x200(x2)                         skp_Mtval+8
mem[R,0x0000000080004200] -> 0x0000000000000310
x6 <- 0x0000000000000310

clint mtime 0x00000000000000F7 (mip.MTI <- 0b1, mip.STI <- 0b0)
mem[X,0x00000000800013A8] -> 0x0333
mem[X,0x00000000800013AA] -> 0x0073
[494] [M]: 0x00000000800013A8 (0x00730333) add x6, x6, x7                           skp_Mtval+12
x6 <- 0x000000008000B420

mem[X,0x00000000800013AC] -> 0x6AE3
mem[X,0x00000000800013AE] -> 0xAC93
[495] [M]: 0x00000000800013AC (0xAC936AE3) bltu x6, x9, -0x52c                      skp_Mtval+16

clint mtime 0x00000000000000F8 (mip.MTI <- 0b1, mip.STI <- 0b0)
mem[X,0x00000000800013B0] -> 0x0393
mem[X,0x00000000800013B2] -> 0x2000
[496] [M]: 0x00000000800013B0 (0x20000393) addi x7, x0, 0x200                       skp_Mtval+20
x7 <- 0x0000000000000200

mem[X,0x00000000800013B4] -> 0x006F
mem[X,0x00000000800013B6] -> 0x0400
[497] [M]: 0x00000000800013B4 (0x0400006F) jal x0, 0x40                             skp_Mtval+24

clint mtime 0x00000000000000F9 (mip.MTI <- 0b1, mip.STI <- 0b0)
mem[X,0x00000000800013F4] -> 0x0417
mem[X,0x00000000800013F6] -> 0x0000
[498] [M]: 0x00000000800013F4 (0x00000417) auipc x8, 0x0                            spcl_Mhandler+0
x8 <- 0x00000000800013F4

mem[X,0x00000000800013F8] -> 0x0413
mem[X,0x00000000800013FA] -> 0x03C4
[499] [M]: 0x00000000800013F8 (0x03C40413) addi x8, x8, 0x3c                        spcl_Mhandler+4
x8 <- 0x0000000080001430

clint mtime 0x00000000000000FA (mip.MTI <- 0b1, mip.STI <- 0b0)
mem[X,0x00000000800013FC] -> 0x0433
mem[X,0x00000000800013FE] -> 0x0074
[500] [M]: 0x00000000800013FC (0x00740433) add x8, x8, x7                           spcl_Mhandler+8
x8 <- 0x0000000080001630

mem[X,0x0000000080001400] -> 0x1393
mem[X,0x0000000080001402] -> 0x0035
[501] [M]: 0x0000000080001400 (0x00351393) slli x7, x10, 0x3                        spcl_Mhandler+12
x7 <- 0x0000000000000010

clint mtime 0x00000000000000FB (mip.MTI <- 0b1, mip.STI <- 0b0)
mem[X,0x0000000080001404] -> 0x0433
mem[X,0x0000000080001406] -> 0x0074
[502] [M]: 0x0000000080001404 (0x00740433) add x8, x8, x7                           spcl_Mhandler+16
x8 <- 0x0000000080001640

mem[X,0x0000000080001408] -> 0x7413
mem[X,0x000000008000140A] -> 0xFF84
[503] [M]: 0x0000000080001408 (0xFF847413) andi x8, x8, -0x8                        spcl_Mhandler+20
x8 <- 0x0000000080001640

clint mtime 0x00000000000000FC (mip.MTI <- 0b1, mip.STI <- 0b0)
mem[X,0x000000008000140C] -> 0x3403
mem[X,0x000000008000140E] -> 0x0004
[504] [M]: 0x000000008000140C (0x00043403) ld x8, 0x0(x8)                           spcl_Mhandler+24
mem[R,0x0000000080001640] -> 0x0000000000000005
x8 <- 0x0000000000000005

mem[X,0x0000000080001410] -> 0x02E3
mem[X,0x0000000080001412] -> 0xB004
[505] [M]: 0x0000000080001410 (0xB00402E3) beq x8, x0, -0x4fc                       spcl_Mdispatch_hndling+0

clint mtime 0x00000000000000FD (mip.MTI <- 0b1, mip.STI <- 0b0)
mem[X,0x0000000080001414] -> 0x1393
mem[X,0x0000000080001416] -> 0x03F4
[506] [M]: 0x0000000080001414 (0x03F41393) slli x7, x8, 0x3f                        spcl_Mdispatch_hndling+4
x7 <- 0x8000000000000000

mem[X,0x0000000080001418] -> 0xD863
mem[X,0x000000008000141A] -> 0x0003
[507] [M]: 0x0000000080001418 (0x0003D863) bge x7, x0, 0x10                         spcl_Mdispatch_hndling+8

clint mtime 0x00000000000000FE (mip.MTI <- 0b1, mip.STI <- 0b0)
mem[X,0x000000008000141C] -> 0x5413
mem[X,0x000000008000141E] -> 0x0014
[508] [M]: 0x000000008000141C (0x00145413) srli x8, x8, 0x1                         spcl_Mdispatch_hndling+12
x8 <- 0x0000000000000002

mem[X,0x0000000080001420] -> 0x0CE3
mem[X,0x0000000080001422] -> 0xF885
[509] [M]: 0x0000000080001420 (0xF8850CE3) beq x10, x8, -0x68                       spcl_Mdispatch_hndling+16

clint mtime 0x00000000000000FF (mip.MTI <- 0b1, mip.STI <- 0b0)
mem[X,0x00000000800013B8] -> 0x3303
mem[X,0x00000000800013BA] -> 0x2601
[510] [M]: 0x00000000800013B8 (0x26013303) ld x6, 0x260(x2)                         resto_Mrtn+0
mem[R,0x0000000080004260] -> 0x0006000000000008
x6 <- 0x0006000000000008

mem[X,0x00000000800013BC] -> 0x3383
mem[X,0x00000000800013BE] -> 0x2681
[511] [M]: 0x00000000800013BC (0x26813383) ld x7, 0x268(x2)                         resto_Mrtn+4
mem[R,0x0000000080004268] -> 0x0000000080004000
x7 <- 0x0000000080004000

clint mtime 0x0000000000000100 (mip.MTI <- 0b1, mip.STI <- 0b0)
mem[X,0x00000000800013C0] -> 0x3403
mem[X,0x00000000800013C2] -> 0x2701
[512] [M]: 0x00000000800013C0 (0x27013403) ld x8, 0x270(x2)                         resto_Mrtn+8
mem[R,0x0000000080004270] -> 0x0000000000007F76
x8 <- 0x0000000000007F76

mem[X,0x00000000800013C4] -> 0x3483
mem[X,0x00000000800013C6] -> 0x2781
[513] [M]: 0x00000000800013C4 (0x27813483) ld x9, 0x278(x2)                         resto_Mrtn+12
mem[R,0x0000000080004278] -> 0x000C000080000724
x9 <- 0x000C000080000724

clint mtime 0x0000000000000101 (mip.MTI <- 0b1, mip.STI <- 0b0)
mem[X,0x00000000800013C8] -> 0x3503
mem[X,0x00000000800013CA] -> 0x2801
[514] [M]: 0x00000000800013C8 (0x28013503) ld x10, 0x280(x2)                        resto_Mrtn+16
mem[R,0x0000000080004280] -> 0x00000000200014CF
x10 <- 0x00000000200014CF

mem[X,0x00000000800013CC] -> 0x3583
mem[X,0x00000000800013CE] -> 0x2881
[515] [M]: 0x00000000800013CC (0x28813583) ld x11, 0x288(x2)                        resto_Mrtn+20
mem[R,0x0000000080004288] -> 0x00000000000000CF
x11 <- 0x00000000000000CF

clint mtime 0x0000000000000102 (mip.MTI <- 0b1, mip.STI <- 0b0)
mem[X,0x00000000800013D0] -> 0x3103
mem[X,0x00000000800013D2] -> 0x2901
[516] [M]: 0x00000000800013D0 (0x29013103) ld x2, 0x290(x2)                         resto_Mrtn+24
mem[R,0x0000000080004290] -> 0x0000000080004000
x2 <- 0x0000000080004000

mem[X,0x00000000800013D4] -> 0x0073
mem[X,0x00000000800013D6] -> 0x3020
[517] [M]: 0x00000000800013D4 (0x30200073) mret                                     resto_Mrtn+28
CSR mstatus (0x300) <- 0x0000000A00000080
ret-ing from M to S

clint mtime 0x0000000000000103 (mip.MTI <- 0b1, mip.STI <- 0b0)
mem[X,0x000000008000072C] -> 0x0793
mem[X,0x000000008000072E] -> 0x0050
[518] [S]: 0x000600008000072C (0x00500793) addi x15, x0, 0x5                        va_rvtest_code_begin+912
x15 <- 0x0000000000000005

mem[X,0x0000000080000730] -> 0x9793
mem[X,0x0000000080000732] -> 0x0307
[519] [S]: 0x0006000080000730 (0x03079793) slli x15, x15, 0x30                      va_rvtest_code_begin+916
x15 <- 0x0005000000000000

clint mtime 0x0000000000000104 (mip.MTI <- 0b1, mip.STI <- 0b0)
mem[X,0x0000000080000734] -> 0x0613
mem[X,0x0000000080000736] -> 0x0106
[520] [S]: 0x0006000080000734 (0x01060613) addi x12, x12, 0x10                      va_rvtest_code_begin+920
x12 <- 0x0000000000000010

mem[X,0x0000000080000738] -> 0xAA23
mem[X,0x000000008000073A] -> 0x00C7
[521] [S]: 0x0006000080000738 (0x00C7AA23) sw x12, 0x14(x15)                        va_rvtest_code_begin+924
PTW: Start, vpn=0x5000000000, access_type=W, privilege=Smem[R,0x000000008000A028] -> 0x00000000200014CF
PTW: Step, level=4, pte=0x200014CF, pte_addr=0x8000A028
PTW: failed, error=misaligned-superpage, level=4, pte_addr=0x8000A028
trapping from S to M to handle store/amo-page-fault
handling exc#store/amo-page-fault at priv M with tval 0x0005000000000014
CSR mstatus (0x300) <- 0x0000000A00000800
CSR mcause (0x342) <- 0x000000000000000F
CSR mtval (0x343) <- 0x0005000000000014
CSR mepc (0x341) <- 0x0006000080000738

clint mtime 0x0000000000000105 (mip.MTI <- 0b1, mip.STI <- 0b0)
mem[X,0x0000000080000F80] -> 0x006F
mem[X,0x0000000080000F82] -> 0x1000
[522] [M]: 0x0000000080000F80 (0x1000006F) jal x0, 0x100                            Mtrampoline+0

mem[X,0x0000000080001080] -> 0x1173
mem[X,0x0000000080001082] -> 0x3401
[523] [M]: 0x0000000080001080 (0x34011173) csrrw x2, mscratch, x2                   trap_Mhandler+0
CSR mscratch (0x340) <- 0x0000000080004000
x2 <- 0x0000000080004000

clint mtime 0x0000000000000106 (mip.MTI <- 0b1, mip.STI <- 0b0)
mem[X,0x0000000080001084] -> 0x3423
mem[X,0x0000000080001086] -> 0x28B1
[524] [M]: 0x0000000080001084 (0x28B13423) sd x11, 0x288(x2)                        trap_Mhandler+4
mem[W,0x0000000080004288] <- 0x00000000000000CF

mem[X,0x0000000080001088] -> 0x05EF
mem[X,0x000000008000108A] -> 0x0B80
[525] [M]: 0x0000000080001088 (0x0B8005EF) jal x11, 0xb8                            trap_Mhandler+8
x11 <- 0x000000008000108C

clint mtime 0x0000000000000107 (mip.MTI <- 0b1, mip.STI <- 0b0)
mem[X,0x0000000080001140] -> 0x3023
mem[X,0x0000000080001142] -> 0x28A1
[526] [M]: 0x0000000080001140 (0x28A13023) sd x10, 0x280(x2)                        common_Mhandler+0
mem[W,0x0000000080004280] <- 0x00000000200014CF

mem[X,0x0000000080001144] -> 0x1573
mem[X,0x0000000080001146] -> 0x3401
[527] [M]: 0x0000000080001144 (0x34011573) csrrw x10, mscratch, x2                  common_Mhandler+4
CSR mscratch (0x340) <- 0x0000000080004000
x10 <- 0x0000000080004000

clint mtime 0x0000000000000108 (mip.MTI <- 0b1, mip.STI <- 0b0)
mem[X,0x0000000080001148] -> 0x3823
mem[X,0x000000008000114A] -> 0x28A1
[528] [M]: 0x0000000080001148 (0x28A13823) sd x10, 0x290(x2)                        common_Mhandler+8
mem[W,0x0000000080004290] <- 0x0000000080004000

mem[X,0x000000008000114C] -> 0x3503
mem[X,0x000000008000114E] -> 0x2301
[529] [M]: 0x000000008000114C (0x23013503) ld x10, 0x230(x2)                        common_Mhandler+12
mem[R,0x0000000080004230] -> 0x0000000080001154
x10 <- 0x0000000080001154

clint mtime 0x0000000000000109 (mip.MTI <- 0b1, mip.STI <- 0b0)
mem[X,0x0000000080001150] -> 0x0067
mem[X,0x0000000080001152] -> 0x0005
[530] [M]: 0x0000000080001150 (0x00050067) jalr x0, 0x0(x10)                        common_Mhandler+16

mem[X,0x0000000080001154] -> 0x3C23
mem[X,0x0000000080001156] -> 0x2691
[531] [M]: 0x0000000080001154 (0x26913C23) sd x9, 0x278(x2)                         common_Mentry+0
mem[W,0x0000000080004278] <- 0x000C000080000724

clint mtime 0x000000000000010A (mip.MTI <- 0b1, mip.STI <- 0b0)
mem[X,0x0000000080001158] -> 0x3823
mem[X,0x000000008000115A] -> 0x2681
[532] [M]: 0x0000000080001158 (0x26813823) sd x8, 0x270(x2)                         common_Mentry+4
mem[W,0x0000000080004270] <- 0x0000000000007F76

mem[X,0x000000008000115C] -> 0x3423
mem[X,0x000000008000115E] -> 0x2671
[533] [M]: 0x000000008000115C (0x26713423) sd x7, 0x268(x2)                         common_Mentry+8
mem[W,0x0000000080004268] <- 0x0000000080004000

clint mtime 0x000000000000010B (mip.MTI <- 0b1, mip.STI <- 0b0)
mem[X,0x0000000080001160] -> 0x3023
mem[X,0x0000000080001162] -> 0x2661
[534] [M]: 0x0000000080001160 (0x26613023) sd x6, 0x260(x2)                         common_Mentry+12
mem[W,0x0000000080004260] <- 0x0006000000000008

mem[X,0x0000000080001164] -> 0x2573
mem[X,0x0000000080001166] -> 0x3420
[535] [M]: 0x0000000080001164 (0x34202573) csrrs x10, mcause, x0                    spcl_M2mmode_test+0
CSR mcause (0x342) -> 0x000000000000000F
x10 <- 0x000000000000000F

clint mtime 0x000000000000010C (mip.MTI <- 0b1, mip.STI <- 0b0)
mem[X,0x0000000080001168] -> 0x04B7
mem[X,0x000000008000116A] -> 0x8000
[536] [M]: 0x0000000080001168 (0x800004B7) lui x9, -0x80000                         spcl_M2mmode_test+4
x9 <- 0xFFFFFFFF80000000

mem[X,0x000000008000116C] -> 0x8493
mem[X,0x000000008000116E] -> 0x0004
[537] [M]: 0x000000008000116C (0x00048493) addi x9, x9, 0x0                         spcl_M2mmode_test+8
x9 <- 0xFFFFFFFF80000000

clint mtime 0x000000000000010D (mip.MTI <- 0b1, mip.STI <- 0b0)
mem[X,0x0000000080001170] -> 0x9493
mem[X,0x0000000080001172] -> 0x00B4
[538] [M]: 0x0000000080001170 (0x00B49493) slli x9, x9, 0xb                         spcl_M2mmode_test+12
x9 <- 0xFFFFFC0000000000

mem[X,0x0000000080001174] -> 0x8493
mem[X,0x0000000080001176] -> 0x0004
[539] [M]: 0x0000000080001174 (0x00048493) addi x9, x9, 0x0                         spcl_M2mmode_test+16
x9 <- 0xFFFFFC0000000000

clint mtime 0x000000000000010E (mip.MTI <- 0b1, mip.STI <- 0b0)
mem[X,0x0000000080001178] -> 0x9493
mem[X,0x000000008000117A] -> 0x00B4
[540] [M]: 0x0000000080001178 (0x00B49493) slli x9, x9, 0xb                         spcl_M2mmode_test+20
x9 <- 0xFFE0000000000000

mem[X,0x000000008000117C] -> 0x8493
mem[X,0x000000008000117E] -> 0x0034
[541] [M]: 0x000000008000117C (0x00348493) addi x9, x9, 0x3                         spcl_M2mmode_test+24
x9 <- 0xFFE0000000000003

clint mtime 0x000000000000010F (mip.MTI <- 0b1, mip.STI <- 0b0)
mem[X,0x0000000080001180] -> 0x9493
mem[X,0x0000000080001182] -> 0x00A4
[542] [M]: 0x0000000080001180 (0x00A49493) slli x9, x9, 0xa                         spcl_M2mmode_test+28
x9 <- 0x8000000000000C00

mem[X,0x0000000080001184] -> 0x8493
mem[X,0x0000000080001186] -> 0x3FC4
[543] [M]: 0x0000000080001184 (0x3FC48493) addi x9, x9, 0x3fc                       spcl_M2mmode_test+32
x9 <- 0x8000000000000FFC

clint mtime 0x0000000000000110 (mip.MTI <- 0b1, mip.STI <- 0b0)
mem[X,0x0000000080001188] -> 0xF4B3
mem[X,0x000000008000118A] -> 0x00A4
[544] [M]: 0x0000000080001188 (0x00A4F4B3) and x9, x9, x10                          spcl_M2mmode_test+36
x9 <- 0x000000000000000C

mem[X,0x000000008000118C] -> 0x8493
mem[X,0x000000008000118E] -> 0xFF84
[545] [M]: 0x000000008000118C (0xFF848493) addi x9, x9, -0x8                        spcl_M2mmode_test+40
x9 <- 0x0000000000000004

clint mtime 0x0000000000000111 (mip.MTI <- 0b1, mip.STI <- 0b0)
mem[X,0x0000000080001190] -> 0x9663
mem[X,0x0000000080001192] -> 0x0004
[546] [M]: 0x0000000080001190 (0x00049663) bne x9, x0, 0xc                          spcl_M2mmode_test+44

mem[X,0x000000008000119C] -> 0x0393
mem[X,0x000000008000119E] -> 0x0200
[547] [M]: 0x000000008000119C (0x02000393) addi x7, x0, 0x20                        Mtrapsig_ptr_upd+0
x7 <- 0x0000000000000020

clint mtime 0x0000000000000112 (mip.MTI <- 0b1, mip.STI <- 0b0)
mem[X,0x00000000800011A0] -> 0x5263
mem[X,0x00000000800011A2] -> 0x0405
[548] [M]: 0x00000000800011A0 (0x04055263) bge x10, x0, 0x44                        Mtrapsig_ptr_upd+4

mem[X,0x00000000800011E4] -> 0x2373
mem[X,0x00000000800011E6] -> 0x3010
[549] [M]: 0x00000000800011E4 (0x30102373) csrrs x6, misa, x0                       Mxcpt_sig_sv+0
CSR misa (0x301) -> 0x800000000034112F
x6 <- 0x800000000034112F

clint mtime 0x0000000000000113 (mip.MTI <- 0b1, mip.STI <- 0b0)
mem[X,0x00000000800011E8] -> 0x1313
mem[X,0x00000000800011EA] -> 0x0383
[550] [M]: 0x00000000800011E8 (0x03831313) slli x6, x6, 0x38                        Mxcpt_sig_sv+4
x6 <- 0x2F00000000000000

mem[X,0x00000000800011EC] -> 0x5463
mem[X,0x00000000800011EE] -> 0x0003
[551] [M]: 0x00000000800011EC (0x00035463) bge x6, x0, 0x8                          Mxcpt_sig_sv+8

clint mtime 0x0000000000000114 (mip.MTI <- 0b1, mip.STI <- 0b0)
mem[X,0x00000000800011F4] -> 0x3303
mem[X,0x00000000800011F6] -> 0x2181
[552] [M]: 0x00000000800011F4 (0x21813303) ld x6, 0x218(x2)                         Mtrap_sig_sv+0
mem[R,0x0000000080004218] -> 0x000000008000B238
x6 <- 0x000000008000B238

mem[X,0x00000000800011F8] -> 0x04B3
mem[X,0x00000000800011FA] -> 0x0073
[553] [M]: 0x00000000800011F8 (0x007304B3) add x9, x6, x7                           Mtrap_sig_sv+4
x9 <- 0x000000008000B258

clint mtime 0x0000000000000115 (mip.MTI <- 0b1, mip.STI <- 0b0)
mem[X,0x00000000800011FC] -> 0x3C23
mem[X,0x00000000800011FE] -> 0x2091
[554] [M]: 0x00000000800011FC (0x20913C23) sd x9, 0x218(x2)                         Mtrap_sig_sv+8
mem[W,0x0000000080004218] <- 0x000000008000B258

mem[X,0x0000000080001200] -> 0x3403
mem[X,0x0000000080001202] -> 0x1F81
[555] [M]: 0x0000000080001200 (0x1F813403) ld x8, 0x1f8(x2)                         Mtrap_sig_sv+12
mem[R,0x00000000800041F8] -> 0x000000008000B110
x8 <- 0x000000008000B110

clint mtime 0x0000000000000116 (mip.MTI <- 0b1, mip.STI <- 0b0)
mem[X,0x0000000080001204] -> 0x0333
mem[X,0x0000000080001206] -> 0x4083
[556] [M]: 0x0000000080001204 (0x40830333) sub x6, x6, x8                           Mtrap_sig_sv+16
x6 <- 0x0000000000000128

mem[X,0x0000000080001208] -> 0x3403
mem[X,0x000000008000120A] -> 0x1F81
[557] [M]: 0x0000000080001208 (0x1F813403) ld x8, 0x1f8(x2)                         Mtrap_sig_sv+20
mem[R,0x00000000800041F8] -> 0x000000008000B110
x8 <- 0x000000008000B110

clint mtime 0x0000000000000117 (mip.MTI <- 0b1, mip.STI <- 0b0)
mem[X,0x000000008000120C] -> 0x0333
mem[X,0x000000008000120E] -> 0x0083
[558] [M]: 0x000000008000120C (0x00830333) add x6, x6, x8                           Mtrap_sig_sv+24
x6 <- 0x000000008000B238

mem[X,0x0000000080001210] -> 0x3403
mem[X,0x0000000080001212] -> 0x2401
[559] [M]: 0x0000000080001210 (0x24013403) ld x8, 0x240(x2)                         Mtrap_sig_sv+28
mem[R,0x0000000080004240] -> 0x0000000080000F80
x8 <- 0x0000000080000F80

clint mtime 0x0000000000000118 (mip.MTI <- 0b1, mip.STI <- 0b0)
mem[X,0x0000000080001214] -> 0x85B3
mem[X,0x0000000080001216] -> 0x4085
[560] [M]: 0x0000000080001214 (0x408585B3) sub x11, x11, x8                         sv_Mvect+0
x11 <- 0x000000000000010C

mem[X,0x0000000080001218] -> 0x9593
mem[X,0x000000008000121A] -> 0x0045
[561] [M]: 0x0000000080001218 (0x00459593) slli x11, x11, 0x4                       sv_Mvect+4
x11 <- 0x00000000000010C0

clint mtime 0x0000000000000119 (mip.MTI <- 0b1, mip.STI <- 0b0)
mem[X,0x000000008000121C] -> 0xE5B3
mem[X,0x000000008000121E] -> 0x0075
[562] [M]: 0x000000008000121C (0x0075E5B3) or x11, x11, x7                          sv_Mvect+8
x11 <- 0x00000000000010E0

mem[X,0x0000000080001220] -> 0x8593
mem[X,0x0000000080001222] -> 0x0035
[563] [M]: 0x0000000080001220 (0x00358593) addi x11, x11, 0x3                       sv_Mvect+12
x11 <- 0x00000000000010E3

clint mtime 0x000000000000011A (mip.MTI <- 0b1, mip.STI <- 0b0)
mem[X,0x0000000080001224] -> 0x3023
mem[X,0x0000000080001226] -> 0x00B3
[564] [M]: 0x0000000080001224 (0x00B33023) sd x11, 0x0(x6)                          sv_Mvect+16
mem[W,0x000000008000B238] <- 0x00000000000010E3

mem[X,0x0000000080001228] -> 0x3423
mem[X,0x000000008000122A] -> 0x00A3
[565] [M]: 0x0000000080001228 (0x00A33423) sd x10, 0x8(x6)                          sv_Mcause+0
mem[W,0x000000008000B240] <- 0x000000000000000F

clint mtime 0x000000000000011B (mip.MTI <- 0b1, mip.STI <- 0b0)
mem[X,0x000000008000122C] -> 0x4663
mem[X,0x000000008000122E] -> 0x1A05
[566] [M]: 0x000000008000122C (0x1A054663) blt x10, x0, 0x1ac                       sv_Mcause+4

mem[X,0x0000000080001230] -> 0x25F3
mem[X,0x0000000080001232] -> 0x3000
[567] [M]: 0x0000000080001230 (0x300025F3) csrrs x11, mstatus, x0                   common_Mexcpt_handler+0
CSR mstatus (0x300) -> 0x0000000A00000800
x11 <- 0x0000000A00000800

clint mtime 0x000000000000011C (mip.MTI <- 0b1, mip.STI <- 0b0)
mem[X,0x0000000080001234] -> 0x9413
mem[X,0x0000000080001236] -> 0x02E5
[568] [M]: 0x0000000080001234 (0x02E59413) slli x8, x11, 0x2e                       common_Mexcpt_handler+4
x8 <- 0x0200000000000000

mem[X,0x0000000080001238] -> 0x5463
mem[X,0x000000008000123A] -> 0x0004
[569] [M]: 0x0000000080001238 (0x00045463) bge x8, x0, 0x8                          common_Mexcpt_handler+8

clint mtime 0x000000000000011D (mip.MTI <- 0b1, mip.STI <- 0b0)
mem[X,0x0000000080001240] -> 0xD493
mem[X,0x0000000080001242] -> 0x00B5
[570] [M]: 0x0000000080001240 (0x00B5D493) srli x9, x11, 0xb                        common_Mexcpt_handler+16
x9 <- 0x0000000001400001

mem[X,0x0000000080001244] -> 0xF493
mem[X,0x0000000080001246] -> 0x0034
[571] [M]: 0x0000000080001244 (0x0034F493) andi x9, x9, 0x3                         common_Mexcpt_handler+20
x9 <- 0x0000000000000001

clint mtime 0x000000000000011E (mip.MTI <- 0b1, mip.STI <- 0b0)
mem[X,0x0000000080001248] -> 0x8493
mem[X,0x000000008000124A] -> 0x0014
[572] [M]: 0x0000000080001248 (0x00148493) addi x9, x9, 0x1                         common_Mexcpt_handler+24
x9 <- 0x0000000000000002

mem[X,0x000000008000124C] -> 0xF493
mem[X,0x000000008000124E] -> 0x0044
[573] [M]: 0x000000008000124C (0x0044F493) andi x9, x9, 0x4                         common_Mexcpt_handler+28
x9 <- 0x0000000000000000

clint mtime 0x000000000000011F (mip.MTI <- 0b1, mip.STI <- 0b0)
mem[X,0x0000000080001250] -> 0x0593
mem[X,0x0000000080001252] -> 0x05D0
[574] [M]: 0x0000000080001250 (0x05D00593) addi x11, x0, 0x5d                       common_Mexcpt_handler+32
x11 <- 0x000000000000005D

mem[X,0x0000000080001254] -> 0xD5B3
mem[X,0x0000000080001256] -> 0x0095
[575] [M]: 0x0000000080001254 (0x0095D5B3) srl x11, x11, x9                         common_Mexcpt_handler+36
x11 <- 0x000000000000005D

clint mtime 0x0000000000000120 (mip.MTI <- 0b1, mip.STI <- 0b0)
mem[X,0x0000000080001258] -> 0xF593
mem[X,0x000000008000125A] -> 0x0015
[576] [M]: 0x0000000080001258 (0x0015F593) andi x11, x11, 0x1                       common_Mexcpt_handler+40
x11 <- 0x0000000000000001

mem[X,0x000000008000125C] -> 0x8EE3
mem[X,0x000000008000125E] -> 0xF405
[577] [M]: 0x000000008000125C (0xF4058EE3) beq x11, x0, -0xa4                       common_Mexcpt_handler+44

clint mtime 0x0000000000000121 (mip.MTI <- 0b1, mip.STI <- 0b0)
mem[X,0x0000000080001260] -> 0x0593
mem[X,0x0000000080001262] -> 0x2980
[578] [M]: 0x0000000080001260 (0x29800593) addi x11, x0, 0x298                      common_Mexcpt_handler+48
x11 <- 0x0000000000000298

mem[X,0x0000000080001264] -> 0xF413
mem[X,0x0000000080001266] -> 0x0014
[579] [M]: 0x0000000080001264 (0x0014F413) andi x8, x9, 0x1                         common_Mexcpt_handler+52
x8 <- 0x0000000000000000

clint mtime 0x0000000000000122 (mip.MTI <- 0b1, mip.STI <- 0b0)
mem[X,0x0000000080001268] -> 0x95B3
mem[X,0x000000008000126A] -> 0x0085
[580] [M]: 0x0000000080001268 (0x008595B3) sll x11, x11, x8                         common_Mexcpt_handler+56
x11 <- 0x0000000000000298

mem[X,0x000000008000126C] -> 0x9413
mem[X,0x000000008000126E] -> 0x03D4
[581] [M]: 0x000000008000126C (0x03D49413) slli x8, x9, 0x3d                        common_Mexcpt_handler+60
x8 <- 0x0000000000000000

clint mtime 0x0000000000000123 (mip.MTI <- 0b1, mip.STI <- 0b0)
mem[X,0x0000000080001270] -> 0x5413
mem[X,0x0000000080001272] -> 0x43F4
[582] [M]: 0x0000000080001270 (0x43F45413) srai x8, x8, 0x3f                        common_Mexcpt_handler+64
x8 <- 0x0000000000000000

mem[X,0x0000000080001274] -> 0x4413
mem[X,0x0000000080001276] -> 0xFFF4
[583] [M]: 0x0000000080001274 (0xFFF44413) xori x8, x8, -0x1                        common_Mexcpt_handler+68
x8 <- 0xFFFFFFFFFFFFFFFF

clint mtime 0x0000000000000124 (mip.MTI <- 0b1, mip.STI <- 0b0)
mem[X,0x0000000080001278] -> 0xF4B3
mem[X,0x000000008000127A] -> 0x0085
[584] [M]: 0x0000000080001278 (0x0085F4B3) and x9, x11, x8                          common_Mexcpt_handler+72
x9 <- 0x0000000000000298

mem[X,0x000000008000127C] -> 0x84B3
mem[X,0x000000008000127E] -> 0x0024
[585] [M]: 0x000000008000127C (0x002484B3) add x9, x9, x2                           vmem_adj_Mepc+0
x9 <- 0x0000000080004298

clint mtime 0x0000000000000125 (mip.MTI <- 0b1, mip.STI <- 0b0)
mem[X,0x0000000080001280] -> 0x23F3
mem[X,0x0000000080001282] -> 0x3410
[586] [M]: 0x0000000080001280 (0x341023F3) csrrs x7, mepc, x0                       vmem_adj_Mepc+4
CSR mepc (0x341) -> 0x0006000080000738
x7 <- 0x0006000080000738

mem[X,0x0000000080001284] -> 0x0413
mem[X,0x0000000080001286] -> 0x0004
[587] [M]: 0x0000000080001284 (0x00040413) addi x8, x8, 0x0                         vmem_adj_Mepc+8
x8 <- 0xFFFFFFFFFFFFFFFF

clint mtime 0x0000000000000126 (mip.MTI <- 0b1, mip.STI <- 0b0)
mem[X,0x0000000080001288] -> 0x006F
mem[X,0x000000008000128A] -> 0x0400
[588] [M]: 0x0000000080001288 (0x0400006F) jal x0, 0x40                             vmem_adj_Mepc+12

mem[X,0x00000000800012C8] -> 0x8433
mem[X,0x00000000800012CA] -> 0x4083
[589] [M]: 0x00000000800012C8 (0x40838433) sub x8, x7, x8                           adj_Mepc+0
x8 <- 0x0006000080000739

clint mtime 0x0000000000000127 (mip.MTI <- 0b1, mip.STI <- 0b0)
mem[X,0x00000000800012CC] -> 0x3823
mem[X,0x00000000800012CE] -> 0x0083
[590] [M]: 0x00000000800012CC (0x00833823) sd x8, 0x10(x6)                          sv_Mepc+0
mem[W,0x000000008000B248] <- 0x0006000080000739

mem[X,0x00000000800012D0] -> 0x55B7
mem[X,0x00000000800012D2] -> 0x0000
[591] [M]: 0x00000000800012D0 (0x000055B7) lui x11, 0x5                             sv_Mepc+4
x11 <- 0x0000000000005000

clint mtime 0x0000000000000128 (mip.MTI <- 0b1, mip.STI <- 0b0)
mem[X,0x00000000800012D4] -> 0x8593
mem[X,0x00000000800012D6] -> 0x6675
[592] [M]: 0x00000000800012D4 (0x66758593) addi x11, x11, 0x667                     sv_Mepc+8
x11 <- 0x0000000000005667

mem[X,0x00000000800012D8] -> 0x9593
mem[X,0x00000000800012DA] -> 0x0015
[593] [M]: 0x00000000800012D8 (0x00159593) slli x11, x11, 0x1                       sv_Mepc+12
x11 <- 0x000000000000ACCE

clint mtime 0x0000000000000129 (mip.MTI <- 0b1, mip.STI <- 0b0)
mem[X,0x00000000800012DC] -> 0x9063
mem[X,0x00000000800012DE] -> 0x02B1
[594] [M]: 0x00000000800012DC (0x02B19063) bne x3, x11, 0x20                        sv_Mepc+16

mem[X,0x00000000800012FC] -> 0xF593
mem[X,0x00000000800012FE] -> 0xFFC3
[595] [M]: 0x00000000800012FC (0xFFC3F593) andi x11, x7, -0x4                       adj_Mepc_rtn+0
x11 <- 0x0006000080000738

clint mtime 0x000000000000012A (mip.MTI <- 0b1, mip.STI <- 0b0)
mem[X,0x0000000080001300] -> 0x8593
mem[X,0x0000000080001302] -> 0x0085
[596] [M]: 0x0000000080001300 (0x00858593) addi x11, x11, 0x8                       adj_Mepc_rtn+4
x11 <- 0x0006000080000740

mem[X,0x0000000080001304] -> 0x9073
mem[X,0x0000000080001306] -> 0x3415
[597] [M]: 0x0000000080001304 (0x34159073) csrrw x0, mepc, x11                      adj_Mepc_rtn+8
CSR mepc (0x341) <- 0x0006000080000740

clint mtime 0x000000000000012B (mip.MTI <- 0b1, mip.STI <- 0b0)
mem[X,0x0000000080001308] -> 0x23F3
mem[X,0x000000008000130A] -> 0x3430
[598] [M]: 0x0000000080001308 (0x343023F3) csrrs x7, mtval, x0                      skp_adj_Mepc+0
CSR mtval (0x343) -> 0x0005000000000014
x7 <- 0x0005000000000014

mem[X,0x000000008000130C] -> 0x0413
mem[X,0x000000008000130E] -> 0x0004
[599] [M]: 0x000000008000130C (0x00040413) addi x8, x8, 0x0                         skp_adj_Mepc+4
x8 <- 0x0006000080000739

clint mtime 0x000000000000012C (mip.MTI <- 0b1, mip.STI <- 0b0)
mem[X,0x0000000080001310] -> 0x006F
mem[X,0x0000000080001312] -> 0x0840
[600] [M]: 0x0000000080001310 (0x0840006F) jal x0, 0x84                             skp_adj_Mepc+8

mem[X,0x0000000080001394] -> 0x8433
mem[X,0x0000000080001396] -> 0x4083
[601] [M]: 0x0000000080001394 (0x40838433) sub x8, x7, x8                           adj_Mtval+0
x8 <- 0xFFFEFFFF7FFFF8DB

clint mtime 0x000000000000012D (mip.MTI <- 0b1, mip.STI <- 0b0)
mem[X,0x0000000080001398] -> 0x3C23
mem[X,0x000000008000139A] -> 0x0083
[602] [M]: 0x0000000080001398 (0x00833C23) sd x8, 0x18(x6)                          sv_Mtval+0
mem[W,0x000000008000B250] <- 0xFFFEFFFF7FFFF8DB

mem[X,0x000000008000139C] -> 0x3483
mem[X,0x000000008000139E] -> 0x2181
[603] [M]: 0x000000008000139C (0x21813483) ld x9, 0x218(x2)                         skp_Mtval+0
mem[R,0x0000000080004218] -> 0x000000008000B258
x9 <- 0x000000008000B258

clint mtime 0x000000000000012E (mip.MTI <- 0b1, mip.STI <- 0b0)
mem[X,0x00000000800013A0] -> 0x3383
mem[X,0x00000000800013A2] -> 0x1F81
[604] [M]: 0x00000000800013A0 (0x1F813383) ld x7, 0x1f8(x2)                         skp_Mtval+4
mem[R,0x00000000800041F8] -> 0x000000008000B110
x7 <- 0x000000008000B110

mem[X,0x00000000800013A4] -> 0x3303
mem[X,0x00000000800013A6] -> 0x2001
[605] [M]: 0x00000000800013A4 (0x20013303) ld x6, 0x200(x2)                         skp_Mtval+8
mem[R,0x0000000080004200] -> 0x0000000000000310
x6 <- 0x0000000000000310

clint mtime 0x000000000000012F (mip.MTI <- 0b1, mip.STI <- 0b0)
mem[X,0x00000000800013A8] -> 0x0333
mem[X,0x00000000800013AA] -> 0x0073
[606] [M]: 0x00000000800013A8 (0x00730333) add x6, x6, x7                           skp_Mtval+12
x6 <- 0x000000008000B420

mem[X,0x00000000800013AC] -> 0x6AE3
mem[X,0x00000000800013AE] -> 0xAC93
[607] [M]: 0x00000000800013AC (0xAC936AE3) bltu x6, x9, -0x52c                      skp_Mtval+16

clint mtime 0x0000000000000130 (mip.MTI <- 0b1, mip.STI <- 0b0)
mem[X,0x00000000800013B0] -> 0x0393
mem[X,0x00000000800013B2] -> 0x2000
[608] [M]: 0x00000000800013B0 (0x20000393) addi x7, x0, 0x200                       skp_Mtval+20
x7 <- 0x0000000000000200

mem[X,0x00000000800013B4] -> 0x006F
mem[X,0x00000000800013B6] -> 0x0400
[609] [M]: 0x00000000800013B4 (0x0400006F) jal x0, 0x40                             skp_Mtval+24

clint mtime 0x0000000000000131 (mip.MTI <- 0b1, mip.STI <- 0b0)
mem[X,0x00000000800013F4] -> 0x0417
mem[X,0x00000000800013F6] -> 0x0000
[610] [M]: 0x00000000800013F4 (0x00000417) auipc x8, 0x0                            spcl_Mhandler+0
x8 <- 0x00000000800013F4

mem[X,0x00000000800013F8] -> 0x0413
mem[X,0x00000000800013FA] -> 0x03C4
[611] [M]: 0x00000000800013F8 (0x03C40413) addi x8, x8, 0x3c                        spcl_Mhandler+4
x8 <- 0x0000000080001430

clint mtime 0x0000000000000132 (mip.MTI <- 0b1, mip.STI <- 0b0)
mem[X,0x00000000800013FC] -> 0x0433
mem[X,0x00000000800013FE] -> 0x0074
[612] [M]: 0x00000000800013FC (0x00740433) add x8, x8, x7                           spcl_Mhandler+8
x8 <- 0x0000000080001630

mem[X,0x0000000080001400] -> 0x1393
mem[X,0x0000000080001402] -> 0x0035
[613] [M]: 0x0000000080001400 (0x00351393) slli x7, x10, 0x3                        spcl_Mhandler+12
x7 <- 0x0000000000000078

clint mtime 0x0000000000000133 (mip.MTI <- 0b1, mip.STI <- 0b0)
mem[X,0x0000000080001404] -> 0x0433
mem[X,0x0000000080001406] -> 0x0074
[614] [M]: 0x0000000080001404 (0x00740433) add x8, x8, x7                           spcl_Mhandler+16
x8 <- 0x00000000800016A8

mem[X,0x0000000080001408] -> 0x7413
mem[X,0x000000008000140A] -> 0xFF84
[615] [M]: 0x0000000080001408 (0xFF847413) andi x8, x8, -0x8                        spcl_Mhandler+20
x8 <- 0x00000000800016A8

clint mtime 0x0000000000000134 (mip.MTI <- 0b1, mip.STI <- 0b0)
mem[X,0x000000008000140C] -> 0x3403
mem[X,0x000000008000140E] -> 0x0004
[616] [M]: 0x000000008000140C (0x00043403) ld x8, 0x0(x8)                           spcl_Mhandler+24
mem[R,0x00000000800016A8] -> 0x000000000000001F
x8 <- 0x000000000000001F

mem[X,0x0000000080001410] -> 0x02E3
mem[X,0x0000000080001412] -> 0xB004
[617] [M]: 0x0000000080001410 (0xB00402E3) beq x8, x0, -0x4fc                       spcl_Mdispatch_hndling+0

clint mtime 0x0000000000000135 (mip.MTI <- 0b1, mip.STI <- 0b0)
mem[X,0x0000000080001414] -> 0x1393
mem[X,0x0000000080001416] -> 0x03F4
[618] [M]: 0x0000000080001414 (0x03F41393) slli x7, x8, 0x3f                        spcl_Mdispatch_hndling+4
x7 <- 0x8000000000000000

mem[X,0x0000000080001418] -> 0xD863
mem[X,0x000000008000141A] -> 0x0003
[619] [M]: 0x0000000080001418 (0x0003D863) bge x7, x0, 0x10                         spcl_Mdispatch_hndling+8

clint mtime 0x0000000000000136 (mip.MTI <- 0b1, mip.STI <- 0b0)
mem[X,0x000000008000141C] -> 0x5413
mem[X,0x000000008000141E] -> 0x0014
[620] [M]: 0x000000008000141C (0x00145413) srli x8, x8, 0x1                         spcl_Mdispatch_hndling+12
x8 <- 0x000000000000000F

mem[X,0x0000000080001420] -> 0x0CE3
mem[X,0x0000000080001422] -> 0xF885
[621] [M]: 0x0000000080001420 (0xF8850CE3) beq x10, x8, -0x68                       spcl_Mdispatch_hndling+16

clint mtime 0x0000000000000137 (mip.MTI <- 0b1, mip.STI <- 0b0)
mem[X,0x00000000800013B8] -> 0x3303
mem[X,0x00000000800013BA] -> 0x2601
[622] [M]: 0x00000000800013B8 (0x26013303) ld x6, 0x260(x2)                         resto_Mrtn+0
mem[R,0x0000000080004260] -> 0x0006000000000008
x6 <- 0x0006000000000008

mem[X,0x00000000800013BC] -> 0x3383
mem[X,0x00000000800013BE] -> 0x2681
[623] [M]: 0x00000000800013BC (0x26813383) ld x7, 0x268(x2)                         resto_Mrtn+4
mem[R,0x0000000080004268] -> 0x0000000080004000
x7 <- 0x0000000080004000

clint mtime 0x0000000000000138 (mip.MTI <- 0b1, mip.STI <- 0b0)
mem[X,0x00000000800013C0] -> 0x3403
mem[X,0x00000000800013C2] -> 0x2701
[624] [M]: 0x00000000800013C0 (0x27013403) ld x8, 0x270(x2)                         resto_Mrtn+8
mem[R,0x0000000080004270] -> 0x0000000000007F76
x8 <- 0x0000000000007F76

mem[X,0x00000000800013C4] -> 0x3483
mem[X,0x00000000800013C6] -> 0x2781
[625] [M]: 0x00000000800013C4 (0x27813483) ld x9, 0x278(x2)                         resto_Mrtn+12
mem[R,0x0000000080004278] -> 0x000C000080000724
x9 <- 0x000C000080000724

clint mtime 0x0000000000000139 (mip.MTI <- 0b1, mip.STI <- 0b0)
mem[X,0x00000000800013C8] -> 0x3503
mem[X,0x00000000800013CA] -> 0x2801
[626] [M]: 0x00000000800013C8 (0x28013503) ld x10, 0x280(x2)                        resto_Mrtn+16
mem[R,0x0000000080004280] -> 0x00000000200014CF
x10 <- 0x00000000200014CF

mem[X,0x00000000800013CC] -> 0x3583
mem[X,0x00000000800013CE] -> 0x2881
[627] [M]: 0x00000000800013CC (0x28813583) ld x11, 0x288(x2)                        resto_Mrtn+20
mem[R,0x0000000080004288] -> 0x00000000000000CF
x11 <- 0x00000000000000CF

clint mtime 0x000000000000013A (mip.MTI <- 0b1, mip.STI <- 0b0)
mem[X,0x00000000800013D0] -> 0x3103
mem[X,0x00000000800013D2] -> 0x2901
[628] [M]: 0x00000000800013D0 (0x29013103) ld x2, 0x290(x2)                         resto_Mrtn+24
mem[R,0x0000000080004290] -> 0x0000000080004000
x2 <- 0x0000000080004000

mem[X,0x00000000800013D4] -> 0x0073
mem[X,0x00000000800013D6] -> 0x3020
[629] [M]: 0x00000000800013D4 (0x30200073) mret                                     resto_Mrtn+28
CSR mstatus (0x300) <- 0x0000000A00000080
ret-ing from M to S

clint mtime 0x000000000000013B (mip.MTI <- 0b1, mip.STI <- 0b0)
mem[X,0x0000000080000740] -> 0xA703
mem[X,0x0000000080000742] -> 0x0147
[630] [S]: 0x0006000080000740 (0x0147A703) lw x14, 0x14(x15)                        va_rvtest_code_begin+932
PTW: Start, vpn=0x5000000000, access_type=R, privilege=Smem[R,0x000000008000A028] -> 0x00000000200014CF
PTW: Step, level=4, pte=0x200014CF, pte_addr=0x8000A028
PTW: failed, error=misaligned-superpage, level=4, pte_addr=0x8000A028
trapping from S to M to handle load-page-fault
handling exc#load-page-fault at priv M with tval 0x0005000000000014
CSR mstatus (0x300) <- 0x0000000A00000800
CSR mcause (0x342) <- 0x000000000000000D
CSR mtval (0x343) <- 0x0005000000000014
CSR mepc (0x341) <- 0x0006000080000740

mem[X,0x0000000080000F80] -> 0x006F
mem[X,0x0000000080000F82] -> 0x1000
[631] [M]: 0x0000000080000F80 (0x1000006F) jal x0, 0x100                            Mtrampoline+0

clint mtime 0x000000000000013C (mip.MTI <- 0b1, mip.STI <- 0b0)
mem[X,0x0000000080001080] -> 0x1173
mem[X,0x0000000080001082] -> 0x3401
[632] [M]: 0x0000000080001080 (0x34011173) csrrw x2, mscratch, x2                   trap_Mhandler+0
CSR mscratch (0x340) <- 0x0000000080004000
x2 <- 0x0000000080004000

mem[X,0x0000000080001084] -> 0x3423
mem[X,0x0000000080001086] -> 0x28B1
[633] [M]: 0x0000000080001084 (0x28B13423) sd x11, 0x288(x2)                        trap_Mhandler+4
mem[W,0x0000000080004288] <- 0x00000000000000CF

clint mtime 0x000000000000013D (mip.MTI <- 0b1, mip.STI <- 0b0)
mem[X,0x0000000080001088] -> 0x05EF
mem[X,0x000000008000108A] -> 0x0B80
[634] [M]: 0x0000000080001088 (0x0B8005EF) jal x11, 0xb8                            trap_Mhandler+8
x11 <- 0x000000008000108C

mem[X,0x0000000080001140] -> 0x3023
mem[X,0x0000000080001142] -> 0x28A1
[635] [M]: 0x0000000080001140 (0x28A13023) sd x10, 0x280(x2)                        common_Mhandler+0
mem[W,0x0000000080004280] <- 0x00000000200014CF

clint mtime 0x000000000000013E (mip.MTI <- 0b1, mip.STI <- 0b0)
mem[X,0x0000000080001144] -> 0x1573
mem[X,0x0000000080001146] -> 0x3401
[636] [M]: 0x0000000080001144 (0x34011573) csrrw x10, mscratch, x2                  common_Mhandler+4
CSR mscratch (0x340) <- 0x0000000080004000
x10 <- 0x0000000080004000

mem[X,0x0000000080001148] -> 0x3823
mem[X,0x000000008000114A] -> 0x28A1
[637] [M]: 0x0000000080001148 (0x28A13823) sd x10, 0x290(x2)                        common_Mhandler+8
mem[W,0x0000000080004290] <- 0x0000000080004000

clint mtime 0x000000000000013F (mip.MTI <- 0b1, mip.STI <- 0b0)
mem[X,0x000000008000114C] -> 0x3503
mem[X,0x000000008000114E] -> 0x2301
[638] [M]: 0x000000008000114C (0x23013503) ld x10, 0x230(x2)                        common_Mhandler+12
mem[R,0x0000000080004230] -> 0x0000000080001154
x10 <- 0x0000000080001154

mem[X,0x0000000080001150] -> 0x0067
mem[X,0x0000000080001152] -> 0x0005
[639] [M]: 0x0000000080001150 (0x00050067) jalr x0, 0x0(x10)                        common_Mhandler+16

clint mtime 0x0000000000000140 (mip.MTI <- 0b1, mip.STI <- 0b0)
mem[X,0x0000000080001154] -> 0x3C23
mem[X,0x0000000080001156] -> 0x2691
[640] [M]: 0x0000000080001154 (0x26913C23) sd x9, 0x278(x2)                         common_Mentry+0
mem[W,0x0000000080004278] <- 0x000C000080000724

mem[X,0x0000000080001158] -> 0x3823
mem[X,0x000000008000115A] -> 0x2681
[641] [M]: 0x0000000080001158 (0x26813823) sd x8, 0x270(x2)                         common_Mentry+4
mem[W,0x0000000080004270] <- 0x0000000000007F76

clint mtime 0x0000000000000141 (mip.MTI <- 0b1, mip.STI <- 0b0)
mem[X,0x000000008000115C] -> 0x3423
mem[X,0x000000008000115E] -> 0x2671
[642] [M]: 0x000000008000115C (0x26713423) sd x7, 0x268(x2)                         common_Mentry+8
mem[W,0x0000000080004268] <- 0x0000000080004000

mem[X,0x0000000080001160] -> 0x3023
mem[X,0x0000000080001162] -> 0x2661
[643] [M]: 0x0000000080001160 (0x26613023) sd x6, 0x260(x2)                         common_Mentry+12
mem[W,0x0000000080004260] <- 0x0006000000000008

clint mtime 0x0000000000000142 (mip.MTI <- 0b1, mip.STI <- 0b0)
mem[X,0x0000000080001164] -> 0x2573
mem[X,0x0000000080001166] -> 0x3420
[644] [M]: 0x0000000080001164 (0x34202573) csrrs x10, mcause, x0                    spcl_M2mmode_test+0
CSR mcause (0x342) -> 0x000000000000000D
x10 <- 0x000000000000000D

mem[X,0x0000000080001168] -> 0x04B7
mem[X,0x000000008000116A] -> 0x8000
[645] [M]: 0x0000000080001168 (0x800004B7) lui x9, -0x80000                         spcl_M2mmode_test+4
x9 <- 0xFFFFFFFF80000000

clint mtime 0x0000000000000143 (mip.MTI <- 0b1, mip.STI <- 0b0)
mem[X,0x000000008000116C] -> 0x8493
mem[X,0x000000008000116E] -> 0x0004
[646] [M]: 0x000000008000116C (0x00048493) addi x9, x9, 0x0                         spcl_M2mmode_test+8
x9 <- 0xFFFFFFFF80000000

mem[X,0x0000000080001170] -> 0x9493
mem[X,0x0000000080001172] -> 0x00B4
[647] [M]: 0x0000000080001170 (0x00B49493) slli x9, x9, 0xb                         spcl_M2mmode_test+12
x9 <- 0xFFFFFC0000000000

clint mtime 0x0000000000000144 (mip.MTI <- 0b1, mip.STI <- 0b0)
mem[X,0x0000000080001174] -> 0x8493
mem[X,0x0000000080001176] -> 0x0004
[648] [M]: 0x0000000080001174 (0x00048493) addi x9, x9, 0x0                         spcl_M2mmode_test+16
x9 <- 0xFFFFFC0000000000

mem[X,0x0000000080001178] -> 0x9493
mem[X,0x000000008000117A] -> 0x00B4
[649] [M]: 0x0000000080001178 (0x00B49493) slli x9, x9, 0xb                         spcl_M2mmode_test+20
x9 <- 0xFFE0000000000000

clint mtime 0x0000000000000145 (mip.MTI <- 0b1, mip.STI <- 0b0)
mem[X,0x000000008000117C] -> 0x8493
mem[X,0x000000008000117E] -> 0x0034
[650] [M]: 0x000000008000117C (0x00348493) addi x9, x9, 0x3                         spcl_M2mmode_test+24
x9 <- 0xFFE0000000000003

mem[X,0x0000000080001180] -> 0x9493
mem[X,0x0000000080001182] -> 0x00A4
[651] [M]: 0x0000000080001180 (0x00A49493) slli x9, x9, 0xa                         spcl_M2mmode_test+28
x9 <- 0x8000000000000C00

clint mtime 0x0000000000000146 (mip.MTI <- 0b1, mip.STI <- 0b0)
mem[X,0x0000000080001184] -> 0x8493
mem[X,0x0000000080001186] -> 0x3FC4
[652] [M]: 0x0000000080001184 (0x3FC48493) addi x9, x9, 0x3fc                       spcl_M2mmode_test+32
x9 <- 0x8000000000000FFC

mem[X,0x0000000080001188] -> 0xF4B3
mem[X,0x000000008000118A] -> 0x00A4
[653] [M]: 0x0000000080001188 (0x00A4F4B3) and x9, x9, x10                          spcl_M2mmode_test+36
x9 <- 0x000000000000000C

clint mtime 0x0000000000000147 (mip.MTI <- 0b1, mip.STI <- 0b0)
mem[X,0x000000008000118C] -> 0x8493
mem[X,0x000000008000118E] -> 0xFF84
[654] [M]: 0x000000008000118C (0xFF848493) addi x9, x9, -0x8                        spcl_M2mmode_test+40
x9 <- 0x0000000000000004

mem[X,0x0000000080001190] -> 0x9663
mem[X,0x0000000080001192] -> 0x0004
[655] [M]: 0x0000000080001190 (0x00049663) bne x9, x0, 0xc                          spcl_M2mmode_test+44

clint mtime 0x0000000000000148 (mip.MTI <- 0b1, mip.STI <- 0b0)
mem[X,0x000000008000119C] -> 0x0393
mem[X,0x000000008000119E] -> 0x0200
[656] [M]: 0x000000008000119C (0x02000393) addi x7, x0, 0x20                        Mtrapsig_ptr_upd+0
x7 <- 0x0000000000000020

mem[X,0x00000000800011A0] -> 0x5263
mem[X,0x00000000800011A2] -> 0x0405
[657] [M]: 0x00000000800011A0 (0x04055263) bge x10, x0, 0x44                        Mtrapsig_ptr_upd+4

clint mtime 0x0000000000000149 (mip.MTI <- 0b1, mip.STI <- 0b0)
mem[X,0x00000000800011E4] -> 0x2373
mem[X,0x00000000800011E6] -> 0x3010
[658] [M]: 0x00000000800011E4 (0x30102373) csrrs x6, misa, x0                       Mxcpt_sig_sv+0
CSR misa (0x301) -> 0x800000000034112F
x6 <- 0x800000000034112F

mem[X,0x00000000800011E8] -> 0x1313
mem[X,0x00000000800011EA] -> 0x0383
[659] [M]: 0x00000000800011E8 (0x03831313) slli x6, x6, 0x38                        Mxcpt_sig_sv+4
x6 <- 0x2F00000000000000

clint mtime 0x000000000000014A (mip.MTI <- 0b1, mip.STI <- 0b0)
mem[X,0x00000000800011EC] -> 0x5463
mem[X,0x00000000800011EE] -> 0x0003
[660] [M]: 0x00000000800011EC (0x00035463) bge x6, x0, 0x8                          Mxcpt_sig_sv+8

mem[X,0x00000000800011F4] -> 0x3303
mem[X,0x00000000800011F6] -> 0x2181
[661] [M]: 0x00000000800011F4 (0x21813303) ld x6, 0x218(x2)                         Mtrap_sig_sv+0
mem[R,0x0000000080004218] -> 0x000000008000B258
x6 <- 0x000000008000B258

clint mtime 0x000000000000014B (mip.MTI <- 0b1, mip.STI <- 0b0)
mem[X,0x00000000800011F8] -> 0x04B3
mem[X,0x00000000800011FA] -> 0x0073
[662] [M]: 0x00000000800011F8 (0x007304B3) add x9, x6, x7                           Mtrap_sig_sv+4
x9 <- 0x000000008000B278

mem[X,0x00000000800011FC] -> 0x3C23
mem[X,0x00000000800011FE] -> 0x2091
[663] [M]: 0x00000000800011FC (0x20913C23) sd x9, 0x218(x2)                         Mtrap_sig_sv+8
mem[W,0x0000000080004218] <- 0x000000008000B278

clint mtime 0x000000000000014C (mip.MTI <- 0b1, mip.STI <- 0b0)
mem[X,0x0000000080001200] -> 0x3403
mem[X,0x0000000080001202] -> 0x1F81
[664] [M]: 0x0000000080001200 (0x1F813403) ld x8, 0x1f8(x2)                         Mtrap_sig_sv+12
mem[R,0x00000000800041F8] -> 0x000000008000B110
x8 <- 0x000000008000B110

mem[X,0x0000000080001204] -> 0x0333
mem[X,0x0000000080001206] -> 0x4083
[665] [M]: 0x0000000080001204 (0x40830333) sub x6, x6, x8                           Mtrap_sig_sv+16
x6 <- 0x0000000000000148

clint mtime 0x000000000000014D (mip.MTI <- 0b1, mip.STI <- 0b0)
mem[X,0x0000000080001208] -> 0x3403
mem[X,0x000000008000120A] -> 0x1F81
[666] [M]: 0x0000000080001208 (0x1F813403) ld x8, 0x1f8(x2)                         Mtrap_sig_sv+20
mem[R,0x00000000800041F8] -> 0x000000008000B110
x8 <- 0x000000008000B110

mem[X,0x000000008000120C] -> 0x0333
mem[X,0x000000008000120E] -> 0x0083
[667] [M]: 0x000000008000120C (0x00830333) add x6, x6, x8                           Mtrap_sig_sv+24
x6 <- 0x000000008000B258

clint mtime 0x000000000000014E (mip.MTI <- 0b1, mip.STI <- 0b0)
mem[X,0x0000000080001210] -> 0x3403
mem[X,0x0000000080001212] -> 0x2401
[668] [M]: 0x0000000080001210 (0x24013403) ld x8, 0x240(x2)                         Mtrap_sig_sv+28
mem[R,0x0000000080004240] -> 0x0000000080000F80
x8 <- 0x0000000080000F80

mem[X,0x0000000080001214] -> 0x85B3
mem[X,0x0000000080001216] -> 0x4085
[669] [M]: 0x0000000080001214 (0x408585B3) sub x11, x11, x8                         sv_Mvect+0
x11 <- 0x000000000000010C

clint mtime 0x000000000000014F (mip.MTI <- 0b1, mip.STI <- 0b0)
mem[X,0x0000000080001218] -> 0x9593
mem[X,0x000000008000121A] -> 0x0045
[670] [M]: 0x0000000080001218 (0x00459593) slli x11, x11, 0x4                       sv_Mvect+4
x11 <- 0x00000000000010C0

mem[X,0x000000008000121C] -> 0xE5B3
mem[X,0x000000008000121E] -> 0x0075
[671] [M]: 0x000000008000121C (0x0075E5B3) or x11, x11, x7                          sv_Mvect+8
x11 <- 0x00000000000010E0

clint mtime 0x0000000000000150 (mip.MTI <- 0b1, mip.STI <- 0b0)
mem[X,0x0000000080001220] -> 0x8593
mem[X,0x0000000080001222] -> 0x0035
[672] [M]: 0x0000000080001220 (0x00358593) addi x11, x11, 0x3                       sv_Mvect+12
x11 <- 0x00000000000010E3

mem[X,0x0000000080001224] -> 0x3023
mem[X,0x0000000080001226] -> 0x00B3
[673] [M]: 0x0000000080001224 (0x00B33023) sd x11, 0x0(x6)                          sv_Mvect+16
mem[W,0x000000008000B258] <- 0x00000000000010E3

clint mtime 0x0000000000000151 (mip.MTI <- 0b1, mip.STI <- 0b0)
mem[X,0x0000000080001228] -> 0x3423
mem[X,0x000000008000122A] -> 0x00A3
[674] [M]: 0x0000000080001228 (0x00A33423) sd x10, 0x8(x6)                          sv_Mcause+0
mem[W,0x000000008000B260] <- 0x000000000000000D

mem[X,0x000000008000122C] -> 0x4663
mem[X,0x000000008000122E] -> 0x1A05
[675] [M]: 0x000000008000122C (0x1A054663) blt x10, x0, 0x1ac                       sv_Mcause+4

clint mtime 0x0000000000000152 (mip.MTI <- 0b1, mip.STI <- 0b0)
mem[X,0x0000000080001230] -> 0x25F3
mem[X,0x0000000080001232] -> 0x3000
[676] [M]: 0x0000000080001230 (0x300025F3) csrrs x11, mstatus, x0                   common_Mexcpt_handler+0
CSR mstatus (0x300) -> 0x0000000A00000800
x11 <- 0x0000000A00000800

mem[X,0x0000000080001234] -> 0x9413
mem[X,0x0000000080001236] -> 0x02E5
[677] [M]: 0x0000000080001234 (0x02E59413) slli x8, x11, 0x2e                       common_Mexcpt_handler+4
x8 <- 0x0200000000000000

clint mtime 0x0000000000000153 (mip.MTI <- 0b1, mip.STI <- 0b0)
mem[X,0x0000000080001238] -> 0x5463
mem[X,0x000000008000123A] -> 0x0004
[678] [M]: 0x0000000080001238 (0x00045463) bge x8, x0, 0x8                          common_Mexcpt_handler+8

mem[X,0x0000000080001240] -> 0xD493
mem[X,0x0000000080001242] -> 0x00B5
[679] [M]: 0x0000000080001240 (0x00B5D493) srli x9, x11, 0xb                        common_Mexcpt_handler+16
x9 <- 0x0000000001400001

clint mtime 0x0000000000000154 (mip.MTI <- 0b1, mip.STI <- 0b0)
mem[X,0x0000000080001244] -> 0xF493
mem[X,0x0000000080001246] -> 0x0034
[680] [M]: 0x0000000080001244 (0x0034F493) andi x9, x9, 0x3                         common_Mexcpt_handler+20
x9 <- 0x0000000000000001

mem[X,0x0000000080001248] -> 0x8493
mem[X,0x000000008000124A] -> 0x0014
[681] [M]: 0x0000000080001248 (0x00148493) addi x9, x9, 0x1                         common_Mexcpt_handler+24
x9 <- 0x0000000000000002

clint mtime 0x0000000000000155 (mip.MTI <- 0b1, mip.STI <- 0b0)
mem[X,0x000000008000124C] -> 0xF493
mem[X,0x000000008000124E] -> 0x0044
[682] [M]: 0x000000008000124C (0x0044F493) andi x9, x9, 0x4                         common_Mexcpt_handler+28
x9 <- 0x0000000000000000

mem[X,0x0000000080001250] -> 0x0593
mem[X,0x0000000080001252] -> 0x05D0
[683] [M]: 0x0000000080001250 (0x05D00593) addi x11, x0, 0x5d                       common_Mexcpt_handler+32
x11 <- 0x000000000000005D

clint mtime 0x0000000000000156 (mip.MTI <- 0b1, mip.STI <- 0b0)
mem[X,0x0000000080001254] -> 0xD5B3
mem[X,0x0000000080001256] -> 0x0095
[684] [M]: 0x0000000080001254 (0x0095D5B3) srl x11, x11, x9                         common_Mexcpt_handler+36
x11 <- 0x000000000000005D

mem[X,0x0000000080001258] -> 0xF593
mem[X,0x000000008000125A] -> 0x0015
[685] [M]: 0x0000000080001258 (0x0015F593) andi x11, x11, 0x1                       common_Mexcpt_handler+40
x11 <- 0x0000000000000001

clint mtime 0x0000000000000157 (mip.MTI <- 0b1, mip.STI <- 0b0)
mem[X,0x000000008000125C] -> 0x8EE3
mem[X,0x000000008000125E] -> 0xF405
[686] [M]: 0x000000008000125C (0xF4058EE3) beq x11, x0, -0xa4                       common_Mexcpt_handler+44

mem[X,0x0000000080001260] -> 0x0593
mem[X,0x0000000080001262] -> 0x2980
[687] [M]: 0x0000000080001260 (0x29800593) addi x11, x0, 0x298                      common_Mexcpt_handler+48
x11 <- 0x0000000000000298

clint mtime 0x0000000000000158 (mip.MTI <- 0b1, mip.STI <- 0b0)
mem[X,0x0000000080001264] -> 0xF413
mem[X,0x0000000080001266] -> 0x0014
[688] [M]: 0x0000000080001264 (0x0014F413) andi x8, x9, 0x1                         common_Mexcpt_handler+52
x8 <- 0x0000000000000000

mem[X,0x0000000080001268] -> 0x95B3
mem[X,0x000000008000126A] -> 0x0085
[689] [M]: 0x0000000080001268 (0x008595B3) sll x11, x11, x8                         common_Mexcpt_handler+56
x11 <- 0x0000000000000298

clint mtime 0x0000000000000159 (mip.MTI <- 0b1, mip.STI <- 0b0)
mem[X,0x000000008000126C] -> 0x9413
mem[X,0x000000008000126E] -> 0x03D4
[690] [M]: 0x000000008000126C (0x03D49413) slli x8, x9, 0x3d                        common_Mexcpt_handler+60
x8 <- 0x0000000000000000

mem[X,0x0000000080001270] -> 0x5413
mem[X,0x0000000080001272] -> 0x43F4
[691] [M]: 0x0000000080001270 (0x43F45413) srai x8, x8, 0x3f                        common_Mexcpt_handler+64
x8 <- 0x0000000000000000

clint mtime 0x000000000000015A (mip.MTI <- 0b1, mip.STI <- 0b0)
mem[X,0x0000000080001274] -> 0x4413
mem[X,0x0000000080001276] -> 0xFFF4
[692] [M]: 0x0000000080001274 (0xFFF44413) xori x8, x8, -0x1                        common_Mexcpt_handler+68
x8 <- 0xFFFFFFFFFFFFFFFF

mem[X,0x0000000080001278] -> 0xF4B3
mem[X,0x000000008000127A] -> 0x0085
[693] [M]: 0x0000000080001278 (0x0085F4B3) and x9, x11, x8                          common_Mexcpt_handler+72
x9 <- 0x0000000000000298

clint mtime 0x000000000000015B (mip.MTI <- 0b1, mip.STI <- 0b0)
mem[X,0x000000008000127C] -> 0x84B3
mem[X,0x000000008000127E] -> 0x0024
[694] [M]: 0x000000008000127C (0x002484B3) add x9, x9, x2                           vmem_adj_Mepc+0
x9 <- 0x0000000080004298

mem[X,0x0000000080001280] -> 0x23F3
mem[X,0x0000000080001282] -> 0x3410
[695] [M]: 0x0000000080001280 (0x341023F3) csrrs x7, mepc, x0                       vmem_adj_Mepc+4
CSR mepc (0x341) -> 0x0006000080000740
x7 <- 0x0006000080000740

clint mtime 0x000000000000015C (mip.MTI <- 0b1, mip.STI <- 0b0)
mem[X,0x0000000080001284] -> 0x0413
mem[X,0x0000000080001286] -> 0x0004
[696] [M]: 0x0000000080001284 (0x00040413) addi x8, x8, 0x0                         vmem_adj_Mepc+8
x8 <- 0xFFFFFFFFFFFFFFFF

mem[X,0x0000000080001288] -> 0x006F
mem[X,0x000000008000128A] -> 0x0400
[697] [M]: 0x0000000080001288 (0x0400006F) jal x0, 0x40                             vmem_adj_Mepc+12

clint mtime 0x000000000000015D (mip.MTI <- 0b1, mip.STI <- 0b0)
mem[X,0x00000000800012C8] -> 0x8433
mem[X,0x00000000800012CA] -> 0x4083
[698] [M]: 0x00000000800012C8 (0x40838433) sub x8, x7, x8                           adj_Mepc+0
x8 <- 0x0006000080000741

mem[X,0x00000000800012CC] -> 0x3823
mem[X,0x00000000800012CE] -> 0x0083
[699] [M]: 0x00000000800012CC (0x00833823) sd x8, 0x10(x6)                          sv_Mepc+0
mem[W,0x000000008000B268] <- 0x0006000080000741

clint mtime 0x000000000000015E (mip.MTI <- 0b1, mip.STI <- 0b0)
mem[X,0x00000000800012D0] -> 0x55B7
mem[X,0x00000000800012D2] -> 0x0000
[700] [M]: 0x00000000800012D0 (0x000055B7) lui x11, 0x5                             sv_Mepc+4
x11 <- 0x0000000000005000

mem[X,0x00000000800012D4] -> 0x8593
mem[X,0x00000000800012D6] -> 0x6675
[701] [M]: 0x00000000800012D4 (0x66758593) addi x11, x11, 0x667                     sv_Mepc+8
x11 <- 0x0000000000005667

clint mtime 0x000000000000015F (mip.MTI <- 0b1, mip.STI <- 0b0)
mem[X,0x00000000800012D8] -> 0x9593
mem[X,0x00000000800012DA] -> 0x0015
[702] [M]: 0x00000000800012D8 (0x00159593) slli x11, x11, 0x1                       sv_Mepc+12
x11 <- 0x000000000000ACCE

mem[X,0x00000000800012DC] -> 0x9063
mem[X,0x00000000800012DE] -> 0x02B1
[703] [M]: 0x00000000800012DC (0x02B19063) bne x3, x11, 0x20                        sv_Mepc+16

clint mtime 0x0000000000000160 (mip.MTI <- 0b1, mip.STI <- 0b0)
mem[X,0x00000000800012FC] -> 0xF593
mem[X,0x00000000800012FE] -> 0xFFC3
[704] [M]: 0x00000000800012FC (0xFFC3F593) andi x11, x7, -0x4                       adj_Mepc_rtn+0
x11 <- 0x0006000080000740

mem[X,0x0000000080001300] -> 0x8593
mem[X,0x0000000080001302] -> 0x0085
[705] [M]: 0x0000000080001300 (0x00858593) addi x11, x11, 0x8                       adj_Mepc_rtn+4
x11 <- 0x0006000080000748

clint mtime 0x0000000000000161 (mip.MTI <- 0b1, mip.STI <- 0b0)
mem[X,0x0000000080001304] -> 0x9073
mem[X,0x0000000080001306] -> 0x3415
[706] [M]: 0x0000000080001304 (0x34159073) csrrw x0, mepc, x11                      adj_Mepc_rtn+8
CSR mepc (0x341) <- 0x0006000080000748

mem[X,0x0000000080001308] -> 0x23F3
mem[X,0x000000008000130A] -> 0x3430
[707] [M]: 0x0000000080001308 (0x343023F3) csrrs x7, mtval, x0                      skp_adj_Mepc+0
CSR mtval (0x343) -> 0x0005000000000014
x7 <- 0x0005000000000014

clint mtime 0x0000000000000162 (mip.MTI <- 0b1, mip.STI <- 0b0)
mem[X,0x000000008000130C] -> 0x0413
mem[X,0x000000008000130E] -> 0x0004
[708] [M]: 0x000000008000130C (0x00040413) addi x8, x8, 0x0                         skp_adj_Mepc+4
x8 <- 0x0006000080000741

mem[X,0x0000000080001310] -> 0x006F
mem[X,0x0000000080001312] -> 0x0840
[709] [M]: 0x0000000080001310 (0x0840006F) jal x0, 0x84                             skp_adj_Mepc+8

clint mtime 0x0000000000000163 (mip.MTI <- 0b1, mip.STI <- 0b0)
mem[X,0x0000000080001394] -> 0x8433
mem[X,0x0000000080001396] -> 0x4083
[710] [M]: 0x0000000080001394 (0x40838433) sub x8, x7, x8                           adj_Mtval+0
x8 <- 0xFFFEFFFF7FFFF8D3

mem[X,0x0000000080001398] -> 0x3C23
mem[X,0x000000008000139A] -> 0x0083
[711] [M]: 0x0000000080001398 (0x00833C23) sd x8, 0x18(x6)                          sv_Mtval+0
mem[W,0x000000008000B270] <- 0xFFFEFFFF7FFFF8D3

clint mtime 0x0000000000000164 (mip.MTI <- 0b1, mip.STI <- 0b0)
mem[X,0x000000008000139C] -> 0x3483
mem[X,0x000000008000139E] -> 0x2181
[712] [M]: 0x000000008000139C (0x21813483) ld x9, 0x218(x2)                         skp_Mtval+0
mem[R,0x0000000080004218] -> 0x000000008000B278
x9 <- 0x000000008000B278

mem[X,0x00000000800013A0] -> 0x3383
mem[X,0x00000000800013A2] -> 0x1F81
[713] [M]: 0x00000000800013A0 (0x1F813383) ld x7, 0x1f8(x2)                         skp_Mtval+4
mem[R,0x00000000800041F8] -> 0x000000008000B110
x7 <- 0x000000008000B110

clint mtime 0x0000000000000165 (mip.MTI <- 0b1, mip.STI <- 0b0)
mem[X,0x00000000800013A4] -> 0x3303
mem[X,0x00000000800013A6] -> 0x2001
[714] [M]: 0x00000000800013A4 (0x20013303) ld x6, 0x200(x2)                         skp_Mtval+8
mem[R,0x0000000080004200] -> 0x0000000000000310
x6 <- 0x0000000000000310

mem[X,0x00000000800013A8] -> 0x0333
mem[X,0x00000000800013AA] -> 0x0073
[715] [M]: 0x00000000800013A8 (0x00730333) add x6, x6, x7                           skp_Mtval+12
x6 <- 0x000000008000B420

clint mtime 0x0000000000000166 (mip.MTI <- 0b1, mip.STI <- 0b0)
mem[X,0x00000000800013AC] -> 0x6AE3
mem[X,0x00000000800013AE] -> 0xAC93
[716] [M]: 0x00000000800013AC (0xAC936AE3) bltu x6, x9, -0x52c                      skp_Mtval+16

mem[X,0x00000000800013B0] -> 0x0393
mem[X,0x00000000800013B2] -> 0x2000
[717] [M]: 0x00000000800013B0 (0x20000393) addi x7, x0, 0x200                       skp_Mtval+20
x7 <- 0x0000000000000200

clint mtime 0x0000000000000167 (mip.MTI <- 0b1, mip.STI <- 0b0)
mem[X,0x00000000800013B4] -> 0x006F
mem[X,0x00000000800013B6] -> 0x0400
[718] [M]: 0x00000000800013B4 (0x0400006F) jal x0, 0x40                             skp_Mtval+24

mem[X,0x00000000800013F4] -> 0x0417
mem[X,0x00000000800013F6] -> 0x0000
[719] [M]: 0x00000000800013F4 (0x00000417) auipc x8, 0x0                            spcl_Mhandler+0
x8 <- 0x00000000800013F4

clint mtime 0x0000000000000168 (mip.MTI <- 0b1, mip.STI <- 0b0)
mem[X,0x00000000800013F8] -> 0x0413
mem[X,0x00000000800013FA] -> 0x03C4
[720] [M]: 0x00000000800013F8 (0x03C40413) addi x8, x8, 0x3c                        spcl_Mhandler+4
x8 <- 0x0000000080001430

mem[X,0x00000000800013FC] -> 0x0433
mem[X,0x00000000800013FE] -> 0x0074
[721] [M]: 0x00000000800013FC (0x00740433) add x8, x8, x7                           spcl_Mhandler+8
x8 <- 0x0000000080001630

clint mtime 0x0000000000000169 (mip.MTI <- 0b1, mip.STI <- 0b0)
mem[X,0x0000000080001400] -> 0x1393
mem[X,0x0000000080001402] -> 0x0035
[722] [M]: 0x0000000080001400 (0x00351393) slli x7, x10, 0x3                        spcl_Mhandler+12
x7 <- 0x0000000000000068

mem[X,0x0000000080001404] -> 0x0433
mem[X,0x0000000080001406] -> 0x0074
[723] [M]: 0x0000000080001404 (0x00740433) add x8, x8, x7                           spcl_Mhandler+16
x8 <- 0x0000000080001698

clint mtime 0x000000000000016A (mip.MTI <- 0b1, mip.STI <- 0b0)
mem[X,0x0000000080001408] -> 0x7413
mem[X,0x000000008000140A] -> 0xFF84
[724] [M]: 0x0000000080001408 (0xFF847413) andi x8, x8, -0x8                        spcl_Mhandler+20
x8 <- 0x0000000080001698

mem[X,0x000000008000140C] -> 0x3403
mem[X,0x000000008000140E] -> 0x0004
[725] [M]: 0x000000008000140C (0x00043403) ld x8, 0x0(x8)                           spcl_Mhandler+24
mem[R,0x0000000080001698] -> 0x000000000000001B
x8 <- 0x000000000000001B

clint mtime 0x000000000000016B (mip.MTI <- 0b1, mip.STI <- 0b0)
mem[X,0x0000000080001410] -> 0x02E3
mem[X,0x0000000080001412] -> 0xB004
[726] [M]: 0x0000000080001410 (0xB00402E3) beq x8, x0, -0x4fc                       spcl_Mdispatch_hndling+0

mem[X,0x0000000080001414] -> 0x1393
mem[X,0x0000000080001416] -> 0x03F4
[727] [M]: 0x0000000080001414 (0x03F41393) slli x7, x8, 0x3f                        spcl_Mdispatch_hndling+4
x7 <- 0x8000000000000000

clint mtime 0x000000000000016C (mip.MTI <- 0b1, mip.STI <- 0b0)
mem[X,0x0000000080001418] -> 0xD863
mem[X,0x000000008000141A] -> 0x0003
[728] [M]: 0x0000000080001418 (0x0003D863) bge x7, x0, 0x10                         spcl_Mdispatch_hndling+8

mem[X,0x000000008000141C] -> 0x5413
mem[X,0x000000008000141E] -> 0x0014
[729] [M]: 0x000000008000141C (0x00145413) srli x8, x8, 0x1                         spcl_Mdispatch_hndling+12
x8 <- 0x000000000000000D

clint mtime 0x000000000000016D (mip.MTI <- 0b1, mip.STI <- 0b0)
mem[X,0x0000000080001420] -> 0x0CE3
mem[X,0x0000000080001422] -> 0xF885
[730] [M]: 0x0000000080001420 (0xF8850CE3) beq x10, x8, -0x68                       spcl_Mdispatch_hndling+16

mem[X,0x00000000800013B8] -> 0x3303
mem[X,0x00000000800013BA] -> 0x2601
[731] [M]: 0x00000000800013B8 (0x26013303) ld x6, 0x260(x2)                         resto_Mrtn+0
mem[R,0x0000000080004260] -> 0x0006000000000008
x6 <- 0x0006000000000008

clint mtime 0x000000000000016E (mip.MTI <- 0b1, mip.STI <- 0b0)
mem[X,0x00000000800013BC] -> 0x3383
mem[X,0x00000000800013BE] -> 0x2681
[732] [M]: 0x00000000800013BC (0x26813383) ld x7, 0x268(x2)                         resto_Mrtn+4
mem[R,0x0000000080004268] -> 0x0000000080004000
x7 <- 0x0000000080004000

mem[X,0x00000000800013C0] -> 0x3403
mem[X,0x00000000800013C2] -> 0x2701
[733] [M]: 0x00000000800013C0 (0x27013403) ld x8, 0x270(x2)                         resto_Mrtn+8
mem[R,0x0000000080004270] -> 0x0000000000007F76
x8 <- 0x0000000000007F76

clint mtime 0x000000000000016F (mip.MTI <- 0b1, mip.STI <- 0b0)
mem[X,0x00000000800013C4] -> 0x3483
mem[X,0x00000000800013C6] -> 0x2781
[734] [M]: 0x00000000800013C4 (0x27813483) ld x9, 0x278(x2)                         resto_Mrtn+12
mem[R,0x0000000080004278] -> 0x000C000080000724
x9 <- 0x000C000080000724

mem[X,0x00000000800013C8] -> 0x3503
mem[X,0x00000000800013CA] -> 0x2801
[735] [M]: 0x00000000800013C8 (0x28013503) ld x10, 0x280(x2)                        resto_Mrtn+16
mem[R,0x0000000080004280] -> 0x00000000200014CF
x10 <- 0x00000000200014CF

clint mtime 0x0000000000000170 (mip.MTI <- 0b1, mip.STI <- 0b0)
mem[X,0x00000000800013CC] -> 0x3583
mem[X,0x00000000800013CE] -> 0x2881
[736] [M]: 0x00000000800013CC (0x28813583) ld x11, 0x288(x2)                        resto_Mrtn+20
mem[R,0x0000000080004288] -> 0x00000000000000CF
x11 <- 0x00000000000000CF

mem[X,0x00000000800013D0] -> 0x3103
mem[X,0x00000000800013D2] -> 0x2901
[737] [M]: 0x00000000800013D0 (0x29013103) ld x2, 0x290(x2)                         resto_Mrtn+24
mem[R,0x0000000080004290] -> 0x0000000080004000
x2 <- 0x0000000080004000

clint mtime 0x0000000000000171 (mip.MTI <- 0b1, mip.STI <- 0b0)
mem[X,0x00000000800013D4] -> 0x0073
mem[X,0x00000000800013D6] -> 0x3020
[738] [M]: 0x00000000800013D4 (0x30200073) mret                                     resto_Mrtn+28
CSR mstatus (0x300) <- 0x0000000A00000080
ret-ing from M to S

mem[X,0x0000000080000748] -> 0x51B7
mem[X,0x000000008000074A] -> 0x0000
[739] [S]: 0x0006000080000748 (0x000051B7) lui x3, 0x5                              va_rvtest_code_begin+940
x3 <- 0x0000000000005000

clint mtime 0x0000000000000172 (mip.MTI <- 0b1, mip.STI <- 0b0)
mem[X,0x000000008000074C] -> 0x8193
mem[X,0x000000008000074E] -> 0x6671
[740] [S]: 0x000600008000074C (0x66718193) addi x3, x3, 0x667                       va_rvtest_code_begin+944
x3 <- 0x0000000000005667

mem[X,0x0000000080000750] -> 0x9193
mem[X,0x0000000080000752] -> 0x0011
[741] [S]: 0x0006000080000750 (0x00119193) slli x3, x3, 0x1                         va_rvtest_code_begin+948
x3 <- 0x000000000000ACCE

clint mtime 0x0000000000000173 (mip.MTI <- 0b1, mip.STI <- 0b0)
mem[X,0x0000000080000754] -> 0x0013
mem[X,0x0000000080000756] -> 0x0000
[742] [S]: 0x0006000080000754 (0x00000013) addi x0, x0, 0x0                         va_rvtest_code_begin+952

mem[X,0x0000000080000758] -> 0x0013
mem[X,0x000000008000075A] -> 0x0000
[743] [S]: 0x0006000080000758 (0x00000013) addi x0, x0, 0x0                         va_rvtest_code_begin+956

clint mtime 0x0000000000000174 (mip.MTI <- 0b1, mip.STI <- 0b0)
mem[X,0x000000008000075C] -> 0x0013
mem[X,0x000000008000075E] -> 0x0000
[744] [S]: 0x000600008000075C (0x00000013) addi x0, x0, 0x0                         va_rvtest_code_begin+960

mem[X,0x0000000080000760] -> 0x0217
mem[X,0x0000000080000762] -> 0x0000
[745] [S]: 0x0006000080000760 (0x00000217) auipc x4, 0x0                            va_rvtest_code_begin+964
x4 <- 0x0006000080000760

clint mtime 0x0000000000000175 (mip.MTI <- 0b1, mip.STI <- 0b0)
mem[X,0x0000000080000764] -> 0x0213
mem[X,0x0000000080000766] -> 0x02C2
[746] [S]: 0x0006000080000764 (0x02C20213) addi x4, x4, 0x2c                        va_rvtest_code_begin+968
x4 <- 0x000600008000078C

mem[X,0x0000000080000768] -> 0x0001
[747] [S]: 0x0006000080000768 (0x0001) c.nop                                        va_rvtest_code_begin+972

clint mtime 0x0000000000000176 (mip.MTI <- 0b1, mip.STI <- 0b0)
mem[X,0x000000008000076A] -> 0x0013
mem[X,0x000000008000076C] -> 0x0000
[748] [S]: 0x000600008000076A (0x00000013) addi x0, x0, 0x0                         va_rvtest_code_begin+974

mem[X,0x000000008000076E] -> 0x0013
mem[X,0x0000000080000770] -> 0x0000
[749] [S]: 0x000600008000076E (0x00000013) addi x0, x0, 0x0                         va_rvtest_code_begin+978

clint mtime 0x0000000000000177 (mip.MTI <- 0b1, mip.STI <- 0b0)
mem[X,0x0000000080000772] -> 0x0013
mem[X,0x0000000080000774] -> 0x0000
[750] [S]: 0x0006000080000772 (0x00000013) addi x0, x0, 0x0                         va_rvtest_code_begin+982

mem[X,0x0000000080000776] -> 0x0013
mem[X,0x0000000080000778] -> 0x0000
[751] [S]: 0x0006000080000776 (0x00000013) addi x0, x0, 0x0                         va_rvtest_code_begin+986

clint mtime 0x0000000000000178 (mip.MTI <- 0b1, mip.STI <- 0b0)
mem[X,0x000000008000077A] -> 0x0013
mem[X,0x000000008000077C] -> 0x0000
[752] [S]: 0x000600008000077A (0x00000013) addi x0, x0, 0x0                         va_rvtest_code_begin+990

mem[X,0x000000008000077E] -> 0x0001
[753] [S]: 0x000600008000077E (0x0001) c.nop                                        va_rvtest_code_begin+994

clint mtime 0x0000000000000179 (mip.MTI <- 0b1, mip.STI <- 0b0)
mem[X,0x0000000080000780] -> 0x80E7
mem[X,0x0000000080000782] -> 0x0007
[754] [S]: 0x0006000080000780 (0x000780E7) jalr x1, 0x0(x15)                        va_rvtest_code_begin+996
x1 <- 0x0006000080000784

PTW: Start, vpn=0x5000000000, access_type=X, privilege=Smem[R,0x000000008000A028] -> 0x00000000200014CF
PTW: Step, level=4, pte=0x200014CF, pte_addr=0x8000A028
PTW: failed, error=misaligned-superpage, level=4, pte_addr=0x8000A028
trapping from S to M to handle fetch-page-fault
handling exc#fetch-page-fault at priv M with tval 0x0005000000000000
CSR mstatus (0x300) <- 0x0000000A00000800
CSR mcause (0x342) <- 0x000000000000000C
CSR mtval (0x343) <- 0x0005000000000000
CSR mepc (0x341) <- 0x0005000000000000

clint mtime 0x000000000000017A (mip.MTI <- 0b1, mip.STI <- 0b0)
mem[X,0x0000000080000F80] -> 0x006F
mem[X,0x0000000080000F82] -> 0x1000
[756] [M]: 0x0000000080000F80 (0x1000006F) jal x0, 0x100                            Mtrampoline+0

mem[X,0x0000000080001080] -> 0x1173
mem[X,0x0000000080001082] -> 0x3401
[757] [M]: 0x0000000080001080 (0x34011173) csrrw x2, mscratch, x2                   trap_Mhandler+0
CSR mscratch (0x340) <- 0x0000000080004000
x2 <- 0x0000000080004000

clint mtime 0x000000000000017B (mip.MTI <- 0b1, mip.STI <- 0b0)
mem[X,0x0000000080001084] -> 0x3423
mem[X,0x0000000080001086] -> 0x28B1
[758] [M]: 0x0000000080001084 (0x28B13423) sd x11, 0x288(x2)                        trap_Mhandler+4
mem[W,0x0000000080004288] <- 0x00000000000000CF

mem[X,0x0000000080001088] -> 0x05EF
mem[X,0x000000008000108A] -> 0x0B80
[759] [M]: 0x0000000080001088 (0x0B8005EF) jal x11, 0xb8                            trap_Mhandler+8
x11 <- 0x000000008000108C

clint mtime 0x000000000000017C (mip.MTI <- 0b1, mip.STI <- 0b0)
mem[X,0x0000000080001140] -> 0x3023
mem[X,0x0000000080001142] -> 0x28A1
[760] [M]: 0x0000000080001140 (0x28A13023) sd x10, 0x280(x2)                        common_Mhandler+0
mem[W,0x0000000080004280] <- 0x00000000200014CF

mem[X,0x0000000080001144] -> 0x1573
mem[X,0x0000000080001146] -> 0x3401
[761] [M]: 0x0000000080001144 (0x34011573) csrrw x10, mscratch, x2                  common_Mhandler+4
CSR mscratch (0x340) <- 0x0000000080004000
x10 <- 0x0000000080004000

clint mtime 0x000000000000017D (mip.MTI <- 0b1, mip.STI <- 0b0)
mem[X,0x0000000080001148] -> 0x3823
mem[X,0x000000008000114A] -> 0x28A1
[762] [M]: 0x0000000080001148 (0x28A13823) sd x10, 0x290(x2)                        common_Mhandler+8
mem[W,0x0000000080004290] <- 0x0000000080004000

mem[X,0x000000008000114C] -> 0x3503
mem[X,0x000000008000114E] -> 0x2301
[763] [M]: 0x000000008000114C (0x23013503) ld x10, 0x230(x2)                        common_Mhandler+12
mem[R,0x0000000080004230] -> 0x0000000080001154
x10 <- 0x0000000080001154

clint mtime 0x000000000000017E (mip.MTI <- 0b1, mip.STI <- 0b0)
mem[X,0x0000000080001150] -> 0x0067
mem[X,0x0000000080001152] -> 0x0005
[764] [M]: 0x0000000080001150 (0x00050067) jalr x0, 0x0(x10)                        common_Mhandler+16

mem[X,0x0000000080001154] -> 0x3C23
mem[X,0x0000000080001156] -> 0x2691
[765] [M]: 0x0000000080001154 (0x26913C23) sd x9, 0x278(x2)                         common_Mentry+0
mem[W,0x0000000080004278] <- 0x000C000080000724

clint mtime 0x000000000000017F (mip.MTI <- 0b1, mip.STI <- 0b0)
mem[X,0x0000000080001158] -> 0x3823
mem[X,0x000000008000115A] -> 0x2681
[766] [M]: 0x0000000080001158 (0x26813823) sd x8, 0x270(x2)                         common_Mentry+4
mem[W,0x0000000080004270] <- 0x0000000000007F76

mem[X,0x000000008000115C] -> 0x3423
mem[X,0x000000008000115E] -> 0x2671
[767] [M]: 0x000000008000115C (0x26713423) sd x7, 0x268(x2)                         common_Mentry+8
mem[W,0x0000000080004268] <- 0x0000000080004000

clint mtime 0x0000000000000180 (mip.MTI <- 0b1, mip.STI <- 0b0)
mem[X,0x0000000080001160] -> 0x3023
mem[X,0x0000000080001162] -> 0x2661
[768] [M]: 0x0000000080001160 (0x26613023) sd x6, 0x260(x2)                         common_Mentry+12
mem[W,0x0000000080004260] <- 0x0006000000000008

mem[X,0x0000000080001164] -> 0x2573
mem[X,0x0000000080001166] -> 0x3420
[769] [M]: 0x0000000080001164 (0x34202573) csrrs x10, mcause, x0                    spcl_M2mmode_test+0
CSR mcause (0x342) -> 0x000000000000000C
x10 <- 0x000000000000000C

clint mtime 0x0000000000000181 (mip.MTI <- 0b1, mip.STI <- 0b0)
mem[X,0x0000000080001168] -> 0x04B7
mem[X,0x000000008000116A] -> 0x8000
[770] [M]: 0x0000000080001168 (0x800004B7) lui x9, -0x80000                         spcl_M2mmode_test+4
x9 <- 0xFFFFFFFF80000000

mem[X,0x000000008000116C] -> 0x8493
mem[X,0x000000008000116E] -> 0x0004
[771] [M]: 0x000000008000116C (0x00048493) addi x9, x9, 0x0                         spcl_M2mmode_test+8
x9 <- 0xFFFFFFFF80000000

clint mtime 0x0000000000000182 (mip.MTI <- 0b1, mip.STI <- 0b0)
mem[X,0x0000000080001170] -> 0x9493
mem[X,0x0000000080001172] -> 0x00B4
[772] [M]: 0x0000000080001170 (0x00B49493) slli x9, x9, 0xb                         spcl_M2mmode_test+12
x9 <- 0xFFFFFC0000000000

mem[X,0x0000000080001174] -> 0x8493
mem[X,0x0000000080001176] -> 0x0004
[773] [M]: 0x0000000080001174 (0x00048493) addi x9, x9, 0x0                         spcl_M2mmode_test+16
x9 <- 0xFFFFFC0000000000

clint mtime 0x0000000000000183 (mip.MTI <- 0b1, mip.STI <- 0b0)
mem[X,0x0000000080001178] -> 0x9493
mem[X,0x000000008000117A] -> 0x00B4
[774] [M]: 0x0000000080001178 (0x00B49493) slli x9, x9, 0xb                         spcl_M2mmode_test+20
x9 <- 0xFFE0000000000000

mem[X,0x000000008000117C] -> 0x8493
mem[X,0x000000008000117E] -> 0x0034
[775] [M]: 0x000000008000117C (0x00348493) addi x9, x9, 0x3                         spcl_M2mmode_test+24
x9 <- 0xFFE0000000000003

clint mtime 0x0000000000000184 (mip.MTI <- 0b1, mip.STI <- 0b0)
mem[X,0x0000000080001180] -> 0x9493
mem[X,0x0000000080001182] -> 0x00A4
[776] [M]: 0x0000000080001180 (0x00A49493) slli x9, x9, 0xa                         spcl_M2mmode_test+28
x9 <- 0x8000000000000C00

mem[X,0x0000000080001184] -> 0x8493
mem[X,0x0000000080001186] -> 0x3FC4
[777] [M]: 0x0000000080001184 (0x3FC48493) addi x9, x9, 0x3fc                       spcl_M2mmode_test+32
x9 <- 0x8000000000000FFC

clint mtime 0x0000000000000185 (mip.MTI <- 0b1, mip.STI <- 0b0)
mem[X,0x0000000080001188] -> 0xF4B3
mem[X,0x000000008000118A] -> 0x00A4
[778] [M]: 0x0000000080001188 (0x00A4F4B3) and x9, x9, x10                          spcl_M2mmode_test+36
x9 <- 0x000000000000000C

mem[X,0x000000008000118C] -> 0x8493
mem[X,0x000000008000118E] -> 0xFF84
[779] [M]: 0x000000008000118C (0xFF848493) addi x9, x9, -0x8                        spcl_M2mmode_test+40
x9 <- 0x0000000000000004

clint mtime 0x0000000000000186 (mip.MTI <- 0b1, mip.STI <- 0b0)
mem[X,0x0000000080001190] -> 0x9663
mem[X,0x0000000080001192] -> 0x0004
[780] [M]: 0x0000000080001190 (0x00049663) bne x9, x0, 0xc                          spcl_M2mmode_test+44

mem[X,0x000000008000119C] -> 0x0393
mem[X,0x000000008000119E] -> 0x0200
[781] [M]: 0x000000008000119C (0x02000393) addi x7, x0, 0x20                        Mtrapsig_ptr_upd+0
x7 <- 0x0000000000000020

clint mtime 0x0000000000000187 (mip.MTI <- 0b1, mip.STI <- 0b0)
mem[X,0x00000000800011A0] -> 0x5263
mem[X,0x00000000800011A2] -> 0x0405
[782] [M]: 0x00000000800011A0 (0x04055263) bge x10, x0, 0x44                        Mtrapsig_ptr_upd+4

mem[X,0x00000000800011E4] -> 0x2373
mem[X,0x00000000800011E6] -> 0x3010
[783] [M]: 0x00000000800011E4 (0x30102373) csrrs x6, misa, x0                       Mxcpt_sig_sv+0
CSR misa (0x301) -> 0x800000000034112F
x6 <- 0x800000000034112F

clint mtime 0x0000000000000188 (mip.MTI <- 0b1, mip.STI <- 0b0)
mem[X,0x00000000800011E8] -> 0x1313
mem[X,0x00000000800011EA] -> 0x0383
[784] [M]: 0x00000000800011E8 (0x03831313) slli x6, x6, 0x38                        Mxcpt_sig_sv+4
x6 <- 0x2F00000000000000

mem[X,0x00000000800011EC] -> 0x5463
mem[X,0x00000000800011EE] -> 0x0003
[785] [M]: 0x00000000800011EC (0x00035463) bge x6, x0, 0x8                          Mxcpt_sig_sv+8

clint mtime 0x0000000000000189 (mip.MTI <- 0b1, mip.STI <- 0b0)
mem[X,0x00000000800011F4] -> 0x3303
mem[X,0x00000000800011F6] -> 0x2181
[786] [M]: 0x00000000800011F4 (0x21813303) ld x6, 0x218(x2)                         Mtrap_sig_sv+0
mem[R,0x0000000080004218] -> 0x000000008000B278
x6 <- 0x000000008000B278

mem[X,0x00000000800011F8] -> 0x04B3
mem[X,0x00000000800011FA] -> 0x0073
[787] [M]: 0x00000000800011F8 (0x007304B3) add x9, x6, x7                           Mtrap_sig_sv+4
x9 <- 0x000000008000B298

clint mtime 0x000000000000018A (mip.MTI <- 0b1, mip.STI <- 0b0)
mem[X,0x00000000800011FC] -> 0x3C23
mem[X,0x00000000800011FE] -> 0x2091
[788] [M]: 0x00000000800011FC (0x20913C23) sd x9, 0x218(x2)                         Mtrap_sig_sv+8
mem[W,0x0000000080004218] <- 0x000000008000B298

mem[X,0x0000000080001200] -> 0x3403
mem[X,0x0000000080001202] -> 0x1F81
[789] [M]: 0x0000000080001200 (0x1F813403) ld x8, 0x1f8(x2)                         Mtrap_sig_sv+12
mem[R,0x00000000800041F8] -> 0x000000008000B110
x8 <- 0x000000008000B110

clint mtime 0x000000000000018B (mip.MTI <- 0b1, mip.STI <- 0b0)
mem[X,0x0000000080001204] -> 0x0333
mem[X,0x0000000080001206] -> 0x4083
[790] [M]: 0x0000000080001204 (0x40830333) sub x6, x6, x8                           Mtrap_sig_sv+16
x6 <- 0x0000000000000168

mem[X,0x0000000080001208] -> 0x3403
mem[X,0x000000008000120A] -> 0x1F81
[791] [M]: 0x0000000080001208 (0x1F813403) ld x8, 0x1f8(x2)                         Mtrap_sig_sv+20
mem[R,0x00000000800041F8] -> 0x000000008000B110
x8 <- 0x000000008000B110

clint mtime 0x000000000000018C (mip.MTI <- 0b1, mip.STI <- 0b0)
mem[X,0x000000008000120C] -> 0x0333
mem[X,0x000000008000120E] -> 0x0083
[792] [M]: 0x000000008000120C (0x00830333) add x6, x6, x8                           Mtrap_sig_sv+24
x6 <- 0x000000008000B278

mem[X,0x0000000080001210] -> 0x3403
mem[X,0x0000000080001212] -> 0x2401
[793] [M]: 0x0000000080001210 (0x24013403) ld x8, 0x240(x2)                         Mtrap_sig_sv+28
mem[R,0x0000000080004240] -> 0x0000000080000F80
x8 <- 0x0000000080000F80

clint mtime 0x000000000000018D (mip.MTI <- 0b1, mip.STI <- 0b0)
mem[X,0x0000000080001214] -> 0x85B3
mem[X,0x0000000080001216] -> 0x4085
[794] [M]: 0x0000000080001214 (0x408585B3) sub x11, x11, x8                         sv_Mvect+0
x11 <- 0x000000000000010C

mem[X,0x0000000080001218] -> 0x9593
mem[X,0x000000008000121A] -> 0x0045
[795] [M]: 0x0000000080001218 (0x00459593) slli x11, x11, 0x4                       sv_Mvect+4
x11 <- 0x00000000000010C0

clint mtime 0x000000000000018E (mip.MTI <- 0b1, mip.STI <- 0b0)
mem[X,0x000000008000121C] -> 0xE5B3
mem[X,0x000000008000121E] -> 0x0075
[796] [M]: 0x000000008000121C (0x0075E5B3) or x11, x11, x7                          sv_Mvect+8
x11 <- 0x00000000000010E0

mem[X,0x0000000080001220] -> 0x8593
mem[X,0x0000000080001222] -> 0x0035
[797] [M]: 0x0000000080001220 (0x00358593) addi x11, x11, 0x3                       sv_Mvect+12
x11 <- 0x00000000000010E3

clint mtime 0x000000000000018F (mip.MTI <- 0b1, mip.STI <- 0b0)
mem[X,0x0000000080001224] -> 0x3023
mem[X,0x0000000080001226] -> 0x00B3
[798] [M]: 0x0000000080001224 (0x00B33023) sd x11, 0x0(x6)                          sv_Mvect+16
mem[W,0x000000008000B278] <- 0x00000000000010E3

mem[X,0x0000000080001228] -> 0x3423
mem[X,0x000000008000122A] -> 0x00A3
[799] [M]: 0x0000000080001228 (0x00A33423) sd x10, 0x8(x6)                          sv_Mcause+0
mem[W,0x000000008000B280] <- 0x000000000000000C

clint mtime 0x0000000000000190 (mip.MTI <- 0b1, mip.STI <- 0b0)
mem[X,0x000000008000122C] -> 0x4663
mem[X,0x000000008000122E] -> 0x1A05
[800] [M]: 0x000000008000122C (0x1A054663) blt x10, x0, 0x1ac                       sv_Mcause+4

mem[X,0x0000000080001230] -> 0x25F3
mem[X,0x0000000080001232] -> 0x3000
[801] [M]: 0x0000000080001230 (0x300025F3) csrrs x11, mstatus, x0                   common_Mexcpt_handler+0
CSR mstatus (0x300) -> 0x0000000A00000800
x11 <- 0x0000000A00000800

clint mtime 0x0000000000000191 (mip.MTI <- 0b1, mip.STI <- 0b0)
mem[X,0x0000000080001234] -> 0x9413
mem[X,0x0000000080001236] -> 0x02E5
[802] [M]: 0x0000000080001234 (0x02E59413) slli x8, x11, 0x2e                       common_Mexcpt_handler+4
x8 <- 0x0200000000000000

mem[X,0x0000000080001238] -> 0x5463
mem[X,0x000000008000123A] -> 0x0004
[803] [M]: 0x0000000080001238 (0x00045463) bge x8, x0, 0x8                          common_Mexcpt_handler+8

clint mtime 0x0000000000000192 (mip.MTI <- 0b1, mip.STI <- 0b0)
mem[X,0x0000000080001240] -> 0xD493
mem[X,0x0000000080001242] -> 0x00B5
[804] [M]: 0x0000000080001240 (0x00B5D493) srli x9, x11, 0xb                        common_Mexcpt_handler+16
x9 <- 0x0000000001400001

mem[X,0x0000000080001244] -> 0xF493
mem[X,0x0000000080001246] -> 0x0034
[805] [M]: 0x0000000080001244 (0x0034F493) andi x9, x9, 0x3                         common_Mexcpt_handler+20
x9 <- 0x0000000000000001

clint mtime 0x0000000000000193 (mip.MTI <- 0b1, mip.STI <- 0b0)
mem[X,0x0000000080001248] -> 0x8493
mem[X,0x000000008000124A] -> 0x0014
[806] [M]: 0x0000000080001248 (0x00148493) addi x9, x9, 0x1                         common_Mexcpt_handler+24
x9 <- 0x0000000000000002

mem[X,0x000000008000124C] -> 0xF493
mem[X,0x000000008000124E] -> 0x0044
[807] [M]: 0x000000008000124C (0x0044F493) andi x9, x9, 0x4                         common_Mexcpt_handler+28
x9 <- 0x0000000000000000

clint mtime 0x0000000000000194 (mip.MTI <- 0b1, mip.STI <- 0b0)
mem[X,0x0000000080001250] -> 0x0593
mem[X,0x0000000080001252] -> 0x05D0
[808] [M]: 0x0000000080001250 (0x05D00593) addi x11, x0, 0x5d                       common_Mexcpt_handler+32
x11 <- 0x000000000000005D

mem[X,0x0000000080001254] -> 0xD5B3
mem[X,0x0000000080001256] -> 0x0095
[809] [M]: 0x0000000080001254 (0x0095D5B3) srl x11, x11, x9                         common_Mexcpt_handler+36
x11 <- 0x000000000000005D

clint mtime 0x0000000000000195 (mip.MTI <- 0b1, mip.STI <- 0b0)
mem[X,0x0000000080001258] -> 0xF593
mem[X,0x000000008000125A] -> 0x0015
[810] [M]: 0x0000000080001258 (0x0015F593) andi x11, x11, 0x1                       common_Mexcpt_handler+40
x11 <- 0x0000000000000001

mem[X,0x000000008000125C] -> 0x8EE3
mem[X,0x000000008000125E] -> 0xF405
[811] [M]: 0x000000008000125C (0xF4058EE3) beq x11, x0, -0xa4                       common_Mexcpt_handler+44

clint mtime 0x0000000000000196 (mip.MTI <- 0b1, mip.STI <- 0b0)
mem[X,0x0000000080001260] -> 0x0593
mem[X,0x0000000080001262] -> 0x2980
[812] [M]: 0x0000000080001260 (0x29800593) addi x11, x0, 0x298                      common_Mexcpt_handler+48
x11 <- 0x0000000000000298

mem[X,0x0000000080001264] -> 0xF413
mem[X,0x0000000080001266] -> 0x0014
[813] [M]: 0x0000000080001264 (0x0014F413) andi x8, x9, 0x1                         common_Mexcpt_handler+52
x8 <- 0x0000000000000000

clint mtime 0x0000000000000197 (mip.MTI <- 0b1, mip.STI <- 0b0)
mem[X,0x0000000080001268] -> 0x95B3
mem[X,0x000000008000126A] -> 0x0085
[814] [M]: 0x0000000080001268 (0x008595B3) sll x11, x11, x8                         common_Mexcpt_handler+56
x11 <- 0x0000000000000298

mem[X,0x000000008000126C] -> 0x9413
mem[X,0x000000008000126E] -> 0x03D4
[815] [M]: 0x000000008000126C (0x03D49413) slli x8, x9, 0x3d                        common_Mexcpt_handler+60
x8 <- 0x0000000000000000

clint mtime 0x0000000000000198 (mip.MTI <- 0b1, mip.STI <- 0b0)
mem[X,0x0000000080001270] -> 0x5413
mem[X,0x0000000080001272] -> 0x43F4
[816] [M]: 0x0000000080001270 (0x43F45413) srai x8, x8, 0x3f                        common_Mexcpt_handler+64
x8 <- 0x0000000000000000

mem[X,0x0000000080001274] -> 0x4413
mem[X,0x0000000080001276] -> 0xFFF4
[817] [M]: 0x0000000080001274 (0xFFF44413) xori x8, x8, -0x1                        common_Mexcpt_handler+68
x8 <- 0xFFFFFFFFFFFFFFFF

clint mtime 0x0000000000000199 (mip.MTI <- 0b1, mip.STI <- 0b0)
mem[X,0x0000000080001278] -> 0xF4B3
mem[X,0x000000008000127A] -> 0x0085
[818] [M]: 0x0000000080001278 (0x0085F4B3) and x9, x11, x8                          common_Mexcpt_handler+72
x9 <- 0x0000000000000298

mem[X,0x000000008000127C] -> 0x84B3
mem[X,0x000000008000127E] -> 0x0024
[819] [M]: 0x000000008000127C (0x002484B3) add x9, x9, x2                           vmem_adj_Mepc+0
x9 <- 0x0000000080004298

clint mtime 0x000000000000019A (mip.MTI <- 0b1, mip.STI <- 0b0)
mem[X,0x0000000080001280] -> 0x23F3
mem[X,0x0000000080001282] -> 0x3410
[820] [M]: 0x0000000080001280 (0x341023F3) csrrs x7, mepc, x0                       vmem_adj_Mepc+4
CSR mepc (0x341) -> 0x0005000000000000
x7 <- 0x0005000000000000

mem[X,0x0000000080001284] -> 0x0413
mem[X,0x0000000080001286] -> 0x0004
[821] [M]: 0x0000000080001284 (0x00040413) addi x8, x8, 0x0                         vmem_adj_Mepc+8
x8 <- 0xFFFFFFFFFFFFFFFF

clint mtime 0x000000000000019B (mip.MTI <- 0b1, mip.STI <- 0b0)
mem[X,0x0000000080001288] -> 0x006F
mem[X,0x000000008000128A] -> 0x0400
[822] [M]: 0x0000000080001288 (0x0400006F) jal x0, 0x40                             vmem_adj_Mepc+12

mem[X,0x00000000800012C8] -> 0x8433
mem[X,0x00000000800012CA] -> 0x4083
[823] [M]: 0x00000000800012C8 (0x40838433) sub x8, x7, x8                           adj_Mepc+0
x8 <- 0x0005000000000001

clint mtime 0x000000000000019C (mip.MTI <- 0b1, mip.STI <- 0b0)
mem[X,0x00000000800012CC] -> 0x3823
mem[X,0x00000000800012CE] -> 0x0083
[824] [M]: 0x00000000800012CC (0x00833823) sd x8, 0x10(x6)                          sv_Mepc+0
mem[W,0x000000008000B288] <- 0x0005000000000001

mem[X,0x00000000800012D0] -> 0x55B7
mem[X,0x00000000800012D2] -> 0x0000
[825] [M]: 0x00000000800012D0 (0x000055B7) lui x11, 0x5                             sv_Mepc+4
x11 <- 0x0000000000005000

clint mtime 0x000000000000019D (mip.MTI <- 0b1, mip.STI <- 0b0)
mem[X,0x00000000800012D4] -> 0x8593
mem[X,0x00000000800012D6] -> 0x6675
[826] [M]: 0x00000000800012D4 (0x66758593) addi x11, x11, 0x667                     sv_Mepc+8
x11 <- 0x0000000000005667

mem[X,0x00000000800012D8] -> 0x9593
mem[X,0x00000000800012DA] -> 0x0015
[827] [M]: 0x00000000800012D8 (0x00159593) slli x11, x11, 0x1                       sv_Mepc+12
x11 <- 0x000000000000ACCE

clint mtime 0x000000000000019E (mip.MTI <- 0b1, mip.STI <- 0b0)
mem[X,0x00000000800012DC] -> 0x9063
mem[X,0x00000000800012DE] -> 0x02B1
[828] [M]: 0x00000000800012DC (0x02B19063) bne x3, x11, 0x20                        sv_Mepc+16

mem[X,0x00000000800012E0] -> 0x2473
mem[X,0x00000000800012E2] -> 0x3420
[829] [M]: 0x00000000800012E0 (0x34202473) csrrs x8, mcause, x0                     sv_Mepc+20
CSR mcause (0x342) -> 0x000000000000000C
x8 <- 0x000000000000000C

clint mtime 0x000000000000019F (mip.MTI <- 0b1, mip.STI <- 0b0)
mem[X,0x00000000800012E4] -> 0x0593
mem[X,0x00000000800012E6] -> 0x00C0
[830] [M]: 0x00000000800012E4 (0x00C00593) addi x11, x0, 0xc                        sv_Mepc+24
x11 <- 0x000000000000000C

mem[X,0x00000000800012E8] -> 0x0663
mem[X,0x00000000800012EA] -> 0x00B4
[831] [M]: 0x00000000800012E8 (0x00B40663) beq x8, x11, 0xc                         sv_Mepc+28

clint mtime 0x00000000000001A0 (mip.MTI <- 0b1, mip.STI <- 0b0)
mem[X,0x00000000800012F4] -> 0x1073
mem[X,0x00000000800012F6] -> 0x3412
[832] [M]: 0x00000000800012F4 (0x34121073) csrrw x0, mepc, x4                       sv_Mepc+40
CSR mepc (0x341) <- 0x000600008000078C

mem[X,0x00000000800012F8] -> 0x006F
mem[X,0x00000000800012FA] -> 0x0100
[833] [M]: 0x00000000800012F8 (0x0100006F) jal x0, 0x10                             sv_Mepc+44

clint mtime 0x00000000000001A1 (mip.MTI <- 0b1, mip.STI <- 0b0)
mem[X,0x0000000080001308] -> 0x23F3
mem[X,0x000000008000130A] -> 0x3430
[834] [M]: 0x0000000080001308 (0x343023F3) csrrs x7, mtval, x0                      skp_adj_Mepc+0
CSR mtval (0x343) -> 0x0005000000000000
x7 <- 0x0005000000000000

mem[X,0x000000008000130C] -> 0x0413
mem[X,0x000000008000130E] -> 0x0004
[835] [M]: 0x000000008000130C (0x00040413) addi x8, x8, 0x0                         skp_adj_Mepc+4
x8 <- 0x000000000000000C

clint mtime 0x00000000000001A2 (mip.MTI <- 0b1, mip.STI <- 0b0)
mem[X,0x0000000080001310] -> 0x006F
mem[X,0x0000000080001312] -> 0x0840
[836] [M]: 0x0000000080001310 (0x0840006F) jal x0, 0x84                             skp_adj_Mepc+8

mem[X,0x0000000080001394] -> 0x8433
mem[X,0x0000000080001396] -> 0x4083
[837] [M]: 0x0000000080001394 (0x40838433) sub x8, x7, x8                           adj_Mtval+0
x8 <- 0x0004FFFFFFFFFFF4

clint mtime 0x00000000000001A3 (mip.MTI <- 0b1, mip.STI <- 0b0)
mem[X,0x0000000080001398] -> 0x3C23
mem[X,0x000000008000139A] -> 0x0083
[838] [M]: 0x0000000080001398 (0x00833C23) sd x8, 0x18(x6)                          sv_Mtval+0
mem[W,0x000000008000B290] <- 0x0004FFFFFFFFFFF4

mem[X,0x000000008000139C] -> 0x3483
mem[X,0x000000008000139E] -> 0x2181
[839] [M]: 0x000000008000139C (0x21813483) ld x9, 0x218(x2)                         skp_Mtval+0
mem[R,0x0000000080004218] -> 0x000000008000B298
x9 <- 0x000000008000B298

clint mtime 0x00000000000001A4 (mip.MTI <- 0b1, mip.STI <- 0b0)
mem[X,0x00000000800013A0] -> 0x3383
mem[X,0x00000000800013A2] -> 0x1F81
[840] [M]: 0x00000000800013A0 (0x1F813383) ld x7, 0x1f8(x2)                         skp_Mtval+4
mem[R,0x00000000800041F8] -> 0x000000008000B110
x7 <- 0x000000008000B110

mem[X,0x00000000800013A4] -> 0x3303
mem[X,0x00000000800013A6] -> 0x2001
[841] [M]: 0x00000000800013A4 (0x20013303) ld x6, 0x200(x2)                         skp_Mtval+8
mem[R,0x0000000080004200] -> 0x0000000000000310
x6 <- 0x0000000000000310

clint mtime 0x00000000000001A5 (mip.MTI <- 0b1, mip.STI <- 0b0)
mem[X,0x00000000800013A8] -> 0x0333
mem[X,0x00000000800013AA] -> 0x0073
[842] [M]: 0x00000000800013A8 (0x00730333) add x6, x6, x7                           skp_Mtval+12
x6 <- 0x000000008000B420

mem[X,0x00000000800013AC] -> 0x6AE3
mem[X,0x00000000800013AE] -> 0xAC93
[843] [M]: 0x00000000800013AC (0xAC936AE3) bltu x6, x9, -0x52c                      skp_Mtval+16

clint mtime 0x00000000000001A6 (mip.MTI <- 0b1, mip.STI <- 0b0)
mem[X,0x00000000800013B0] -> 0x0393
mem[X,0x00000000800013B2] -> 0x2000
[844] [M]: 0x00000000800013B0 (0x20000393) addi x7, x0, 0x200                       skp_Mtval+20
x7 <- 0x0000000000000200

mem[X,0x00000000800013B4] -> 0x006F
mem[X,0x00000000800013B6] -> 0x0400
[845] [M]: 0x00000000800013B4 (0x0400006F) jal x0, 0x40                             skp_Mtval+24

clint mtime 0x00000000000001A7 (mip.MTI <- 0b1, mip.STI <- 0b0)
mem[X,0x00000000800013F4] -> 0x0417
mem[X,0x00000000800013F6] -> 0x0000
[846] [M]: 0x00000000800013F4 (0x00000417) auipc x8, 0x0                            spcl_Mhandler+0
x8 <- 0x00000000800013F4

mem[X,0x00000000800013F8] -> 0x0413
mem[X,0x00000000800013FA] -> 0x03C4
[847] [M]: 0x00000000800013F8 (0x03C40413) addi x8, x8, 0x3c                        spcl_Mhandler+4
x8 <- 0x0000000080001430

clint mtime 0x00000000000001A8 (mip.MTI <- 0b1, mip.STI <- 0b0)
mem[X,0x00000000800013FC] -> 0x0433
mem[X,0x00000000800013FE] -> 0x0074
[848] [M]: 0x00000000800013FC (0x00740433) add x8, x8, x7                           spcl_Mhandler+8
x8 <- 0x0000000080001630

mem[X,0x0000000080001400] -> 0x1393
mem[X,0x0000000080001402] -> 0x0035
[849] [M]: 0x0000000080001400 (0x00351393) slli x7, x10, 0x3                        spcl_Mhandler+12
x7 <- 0x0000000000000060

clint mtime 0x00000000000001A9 (mip.MTI <- 0b1, mip.STI <- 0b0)
mem[X,0x0000000080001404] -> 0x0433
mem[X,0x0000000080001406] -> 0x0074
[850] [M]: 0x0000000080001404 (0x00740433) add x8, x8, x7                           spcl_Mhandler+16
x8 <- 0x0000000080001690

mem[X,0x0000000080001408] -> 0x7413
mem[X,0x000000008000140A] -> 0xFF84
[851] [M]: 0x0000000080001408 (0xFF847413) andi x8, x8, -0x8                        spcl_Mhandler+20
x8 <- 0x0000000080001690

clint mtime 0x00000000000001AA (mip.MTI <- 0b1, mip.STI <- 0b0)
mem[X,0x000000008000140C] -> 0x3403
mem[X,0x000000008000140E] -> 0x0004
[852] [M]: 0x000000008000140C (0x00043403) ld x8, 0x0(x8)                           spcl_Mhandler+24
mem[R,0x0000000080001690] -> 0x0000000000000019
x8 <- 0x0000000000000019

mem[X,0x0000000080001410] -> 0x02E3
mem[X,0x0000000080001412] -> 0xB004
[853] [M]: 0x0000000080001410 (0xB00402E3) beq x8, x0, -0x4fc                       spcl_Mdispatch_hndling+0

clint mtime 0x00000000000001AB (mip.MTI <- 0b1, mip.STI <- 0b0)
mem[X,0x0000000080001414] -> 0x1393
mem[X,0x0000000080001416] -> 0x03F4
[854] [M]: 0x0000000080001414 (0x03F41393) slli x7, x8, 0x3f                        spcl_Mdispatch_hndling+4
x7 <- 0x8000000000000000

mem[X,0x0000000080001418] -> 0xD863
mem[X,0x000000008000141A] -> 0x0003
[855] [M]: 0x0000000080001418 (0x0003D863) bge x7, x0, 0x10                         spcl_Mdispatch_hndling+8

clint mtime 0x00000000000001AC (mip.MTI <- 0b1, mip.STI <- 0b0)
mem[X,0x000000008000141C] -> 0x5413
mem[X,0x000000008000141E] -> 0x0014
[856] [M]: 0x000000008000141C (0x00145413) srli x8, x8, 0x1                         spcl_Mdispatch_hndling+12
x8 <- 0x000000000000000C

mem[X,0x0000000080001420] -> 0x0CE3
mem[X,0x0000000080001422] -> 0xF885
[857] [M]: 0x0000000080001420 (0xF8850CE3) beq x10, x8, -0x68                       spcl_Mdispatch_hndling+16

clint mtime 0x00000000000001AD (mip.MTI <- 0b1, mip.STI <- 0b0)
mem[X,0x00000000800013B8] -> 0x3303
mem[X,0x00000000800013BA] -> 0x2601
[858] [M]: 0x00000000800013B8 (0x26013303) ld x6, 0x260(x2)                         resto_Mrtn+0
mem[R,0x0000000080004260] -> 0x0006000000000008
x6 <- 0x0006000000000008

mem[X,0x00000000800013BC] -> 0x3383
mem[X,0x00000000800013BE] -> 0x2681
[859] [M]: 0x00000000800013BC (0x26813383) ld x7, 0x268(x2)                         resto_Mrtn+4
mem[R,0x0000000080004268] -> 0x0000000080004000
x7 <- 0x0000000080004000

clint mtime 0x00000000000001AE (mip.MTI <- 0b1, mip.STI <- 0b0)
mem[X,0x00000000800013C0] -> 0x3403
mem[X,0x00000000800013C2] -> 0x2701
[860] [M]: 0x00000000800013C0 (0x27013403) ld x8, 0x270(x2)                         resto_Mrtn+8
mem[R,0x0000000080004270] -> 0x0000000000007F76
x8 <- 0x0000000000007F76

mem[X,0x00000000800013C4] -> 0x3483
mem[X,0x00000000800013C6] -> 0x2781
[861] [M]: 0x00000000800013C4 (0x27813483) ld x9, 0x278(x2)                         resto_Mrtn+12
mem[R,0x0000000080004278] -> 0x000C000080000724
x9 <- 0x000C000080000724

clint mtime 0x00000000000001AF (mip.MTI <- 0b1, mip.STI <- 0b0)
mem[X,0x00000000800013C8] -> 0x3503
mem[X,0x00000000800013CA] -> 0x2801
[862] [M]: 0x00000000800013C8 (0x28013503) ld x10, 0x280(x2)                        resto_Mrtn+16
mem[R,0x0000000080004280] -> 0x00000000200014CF
x10 <- 0x00000000200014CF

mem[X,0x00000000800013CC] -> 0x3583
mem[X,0x00000000800013CE] -> 0x2881
[863] [M]: 0x00000000800013CC (0x28813583) ld x11, 0x288(x2)                        resto_Mrtn+20
mem[R,0x0000000080004288] -> 0x00000000000000CF
x11 <- 0x00000000000000CF

clint mtime 0x00000000000001B0 (mip.MTI <- 0b1, mip.STI <- 0b0)
mem[X,0x00000000800013D0] -> 0x3103
mem[X,0x00000000800013D2] -> 0x2901
[864] [M]: 0x00000000800013D0 (0x29013103) ld x2, 0x290(x2)                         resto_Mrtn+24
mem[R,0x0000000080004290] -> 0x0000000080004000
x2 <- 0x0000000080004000

mem[X,0x00000000800013D4] -> 0x0073
mem[X,0x00000000800013D6] -> 0x3020
[865] [M]: 0x00000000800013D4 (0x30200073) mret                                     resto_Mrtn+28
CSR mstatus (0x300) <- 0x0000000A00000080
ret-ing from M to S

clint mtime 0x00000000000001B1 (mip.MTI <- 0b1, mip.STI <- 0b0)
mem[X,0x000000008000078C] -> 0x0013
mem[X,0x000000008000078E] -> 0x0000
[866] [S]: 0x000600008000078C (0x00000013) addi x0, x0, 0x0                         va_rvtest_code_begin+1008

mem[X,0x0000000080000790] -> 0x0013
mem[X,0x0000000080000792] -> 0x0000
[867] [S]: 0x0006000080000790 (0x00000013) addi x0, x0, 0x0                         va_rvtest_code_begin+1012

clint mtime 0x00000000000001B2 (mip.MTI <- 0b1, mip.STI <- 0b0)
mem[X,0x0000000080000794] -> 0x0013
mem[X,0x0000000080000796] -> 0x0000
[868] [S]: 0x0006000080000794 (0x00000013) addi x0, x0, 0x0                         va_rvtest_code_begin+1016

mem[X,0x0000000080000798] -> 0x0113
mem[X,0x000000008000079A] -> 0x0000
[869] [S]: 0x0006000080000798 (0x00000113) addi x2, x0, 0x0                         va_rvtest_code_begin+1020
x2 <- 0x0000000000000000

clint mtime 0x00000000000001B3 (mip.MTI <- 0b1, mip.STI <- 0b0)
mem[X,0x000000008000079C] -> 0x0073
mem[X,0x000000008000079E] -> 0x0000
[870] [S]: 0x000600008000079C (0x00000073) ecall                                    va_rvtest_code_begin+1024
trapping from S to M to handle s-call
handling exc#s-call at priv M with tval 0x0000000000000000
CSR mstatus (0x300) <- 0x0000000A00000800
CSR mcause (0x342) <- 0x0000000000000009
CSR mtval (0x343) <- 0x0000000000000000
CSR mepc (0x341) <- 0x000600008000079C

mem[X,0x0000000080000F80] -> 0x006F
mem[X,0x0000000080000F82] -> 0x1000
[871] [M]: 0x0000000080000F80 (0x1000006F) jal x0, 0x100                            Mtrampoline+0

clint mtime 0x00000000000001B4 (mip.MTI <- 0b1, mip.STI <- 0b0)
mem[X,0x0000000080001080] -> 0x1173
mem[X,0x0000000080001082] -> 0x3401
[872] [M]: 0x0000000080001080 (0x34011173) csrrw x2, mscratch, x2                   trap_Mhandler+0
CSR mscratch (0x340) <- 0x0000000000000000
x2 <- 0x0000000080004000

mem[X,0x0000000080001084] -> 0x3423
mem[X,0x0000000080001086] -> 0x28B1
[873] [M]: 0x0000000080001084 (0x28B13423) sd x11, 0x288(x2)                        trap_Mhandler+4
mem[W,0x0000000080004288] <- 0x00000000000000CF

clint mtime 0x00000000000001B5 (mip.MTI <- 0b1, mip.STI <- 0b0)
mem[X,0x0000000080001088] -> 0x05EF
mem[X,0x000000008000108A] -> 0x0B80
[874] [M]: 0x0000000080001088 (0x0B8005EF) jal x11, 0xb8                            trap_Mhandler+8
x11 <- 0x000000008000108C

mem[X,0x0000000080001140] -> 0x3023
mem[X,0x0000000080001142] -> 0x28A1
[875] [M]: 0x0000000080001140 (0x28A13023) sd x10, 0x280(x2)                        common_Mhandler+0
mem[W,0x0000000080004280] <- 0x00000000200014CF

clint mtime 0x00000000000001B6 (mip.MTI <- 0b1, mip.STI <- 0b0)
mem[X,0x0000000080001144] -> 0x1573
mem[X,0x0000000080001146] -> 0x3401
[876] [M]: 0x0000000080001144 (0x34011573) csrrw x10, mscratch, x2                  common_Mhandler+4
CSR mscratch (0x340) <- 0x0000000080004000
x10 <- 0x0000000000000000

mem[X,0x0000000080001148] -> 0x3823
mem[X,0x000000008000114A] -> 0x28A1
[877] [M]: 0x0000000080001148 (0x28A13823) sd x10, 0x290(x2)                        common_Mhandler+8
mem[W,0x0000000080004290] <- 0x0000000000000000

clint mtime 0x00000000000001B7 (mip.MTI <- 0b1, mip.STI <- 0b0)
mem[X,0x000000008000114C] -> 0x3503
mem[X,0x000000008000114E] -> 0x2301
[878] [M]: 0x000000008000114C (0x23013503) ld x10, 0x230(x2)                        common_Mhandler+12
mem[R,0x0000000080004230] -> 0x0000000080001154
x10 <- 0x0000000080001154

mem[X,0x0000000080001150] -> 0x0067
mem[X,0x0000000080001152] -> 0x0005
[879] [M]: 0x0000000080001150 (0x00050067) jalr x0, 0x0(x10)                        common_Mhandler+16

clint mtime 0x00000000000001B8 (mip.MTI <- 0b1, mip.STI <- 0b0)
mem[X,0x0000000080001154] -> 0x3C23
mem[X,0x0000000080001156] -> 0x2691
[880] [M]: 0x0000000080001154 (0x26913C23) sd x9, 0x278(x2)                         common_Mentry+0
mem[W,0x0000000080004278] <- 0x000C000080000724

mem[X,0x0000000080001158] -> 0x3823
mem[X,0x000000008000115A] -> 0x2681
[881] [M]: 0x0000000080001158 (0x26813823) sd x8, 0x270(x2)                         common_Mentry+4
mem[W,0x0000000080004270] <- 0x0000000000007F76

clint mtime 0x00000000000001B9 (mip.MTI <- 0b1, mip.STI <- 0b0)
mem[X,0x000000008000115C] -> 0x3423
mem[X,0x000000008000115E] -> 0x2671
[882] [M]: 0x000000008000115C (0x26713423) sd x7, 0x268(x2)                         common_Mentry+8
mem[W,0x0000000080004268] <- 0x0000000080004000

mem[X,0x0000000080001160] -> 0x3023
mem[X,0x0000000080001162] -> 0x2661
[883] [M]: 0x0000000080001160 (0x26613023) sd x6, 0x260(x2)                         common_Mentry+12
mem[W,0x0000000080004260] <- 0x0006000000000008

clint mtime 0x00000000000001BA (mip.MTI <- 0b1, mip.STI <- 0b0)
mem[X,0x0000000080001164] -> 0x2573
mem[X,0x0000000080001166] -> 0x3420
[884] [M]: 0x0000000080001164 (0x34202573) csrrs x10, mcause, x0                    spcl_M2mmode_test+0
CSR mcause (0x342) -> 0x0000000000000009
x10 <- 0x0000000000000009

mem[X,0x0000000080001168] -> 0x04B7
mem[X,0x000000008000116A] -> 0x8000
[885] [M]: 0x0000000080001168 (0x800004B7) lui x9, -0x80000                         spcl_M2mmode_test+4
x9 <- 0xFFFFFFFF80000000

clint mtime 0x00000000000001BB (mip.MTI <- 0b1, mip.STI <- 0b0)
mem[X,0x000000008000116C] -> 0x8493
mem[X,0x000000008000116E] -> 0x0004
[886] [M]: 0x000000008000116C (0x00048493) addi x9, x9, 0x0                         spcl_M2mmode_test+8
x9 <- 0xFFFFFFFF80000000

mem[X,0x0000000080001170] -> 0x9493
mem[X,0x0000000080001172] -> 0x00B4
[887] [M]: 0x0000000080001170 (0x00B49493) slli x9, x9, 0xb                         spcl_M2mmode_test+12
x9 <- 0xFFFFFC0000000000

clint mtime 0x00000000000001BC (mip.MTI <- 0b1, mip.STI <- 0b0)
mem[X,0x0000000080001174] -> 0x8493
mem[X,0x0000000080001176] -> 0x0004
[888] [M]: 0x0000000080001174 (0x00048493) addi x9, x9, 0x0                         spcl_M2mmode_test+16
x9 <- 0xFFFFFC0000000000

mem[X,0x0000000080001178] -> 0x9493
mem[X,0x000000008000117A] -> 0x00B4
[889] [M]: 0x0000000080001178 (0x00B49493) slli x9, x9, 0xb                         spcl_M2mmode_test+20
x9 <- 0xFFE0000000000000

clint mtime 0x00000000000001BD (mip.MTI <- 0b1, mip.STI <- 0b0)
mem[X,0x000000008000117C] -> 0x8493
mem[X,0x000000008000117E] -> 0x0034
[890] [M]: 0x000000008000117C (0x00348493) addi x9, x9, 0x3                         spcl_M2mmode_test+24
x9 <- 0xFFE0000000000003

mem[X,0x0000000080001180] -> 0x9493
mem[X,0x0000000080001182] -> 0x00A4
[891] [M]: 0x0000000080001180 (0x00A49493) slli x9, x9, 0xa                         spcl_M2mmode_test+28
x9 <- 0x8000000000000C00

clint mtime 0x00000000000001BE (mip.MTI <- 0b1, mip.STI <- 0b0)
mem[X,0x0000000080001184] -> 0x8493
mem[X,0x0000000080001186] -> 0x3FC4
[892] [M]: 0x0000000080001184 (0x3FC48493) addi x9, x9, 0x3fc                       spcl_M2mmode_test+32
x9 <- 0x8000000000000FFC

mem[X,0x0000000080001188] -> 0xF4B3
mem[X,0x000000008000118A] -> 0x00A4
[893] [M]: 0x0000000080001188 (0x00A4F4B3) and x9, x9, x10                          spcl_M2mmode_test+36
x9 <- 0x0000000000000008

clint mtime 0x00000000000001BF (mip.MTI <- 0b1, mip.STI <- 0b0)
mem[X,0x000000008000118C] -> 0x8493
mem[X,0x000000008000118E] -> 0xFF84
[894] [M]: 0x000000008000118C (0xFF848493) addi x9, x9, -0x8                        spcl_M2mmode_test+40
x9 <- 0x0000000000000000

mem[X,0x0000000080001190] -> 0x9663
mem[X,0x0000000080001192] -> 0x0004
[895] [M]: 0x0000000080001190 (0x00049663) bne x9, x0, 0xc                          spcl_M2mmode_test+44

clint mtime 0x00000000000001C0 (mip.MTI <- 0b1, mip.STI <- 0b0)
mem[X,0x0000000080001194] -> 0x3383
mem[X,0x0000000080001196] -> 0x2901
[896] [M]: 0x0000000080001194 (0x29013383) ld x7, 0x290(x2)                         spcl_M2mmode_test+48
mem[R,0x0000000080004290] -> 0x0000000000000000
x7 <- 0x0000000000000000

mem[X,0x0000000080001198] -> 0x8663
mem[X,0x000000008000119A] -> 0x6E03
[897] [M]: 0x0000000080001198 (0x6E038663) beq x7, x0, 0x6ec                        spcl_M2mmode_test+52

clint mtime 0x00000000000001C1 (mip.MTI <- 0b1, mip.STI <- 0b0)
mem[X,0x0000000080001884] -> 0x0493
mem[X,0x0000000080001886] -> 0xFF55
[898] [M]: 0x0000000080001884 (0xFF550493) addi x9, x10, -0xb                       rtn2mmode+0
x9 <- 0xFFFFFFFFFFFFFFFE

mem[X,0x0000000080001888] -> 0x8C63
mem[X,0x000000008000188A] -> 0x0004
[899] [M]: 0x0000000080001888 (0x00048C63) beq x9, x0, 0x18                         rtn2mmode+4

clint mtime 0x00000000000001C2 (mip.MTI <- 0b1, mip.STI <- 0b0)
mem[X,0x000000008000188C] -> 0x3583
mem[X,0x000000008000188E] -> 0x4701
[900] [M]: 0x000000008000188C (0x47013583) ld x11, 0x470(x2)                        rtn2mmode+8
mem[R,0x0000000080004470] -> 0x000600008000039C
x11 <- 0x000600008000039C

mem[X,0x0000000080001890] -> 0xD463
mem[X,0x0000000080001892] -> 0x0003
[901] [M]: 0x0000000080001890 (0x0003D463) bge x7, x0, 0x8                          rtn2mmode+12

clint mtime 0x00000000000001C3 (mip.MTI <- 0b1, mip.STI <- 0b0)
mem[X,0x0000000080001898] -> 0x3483
mem[X,0x000000008000189A] -> 0x1D81
[902] [M]: 0x0000000080001898 (0x1D813483) ld x9, 0x1d8(x2)                         from_u_s+0
mem[R,0x00000000800041D8] -> 0x00000000800003B4
x9 <- 0x00000000800003B4

mem[X,0x000000008000189C] -> 0x84B3
mem[X,0x000000008000189E] -> 0x40B4
[903] [M]: 0x000000008000189C (0x40B484B3) sub x9, x9, x11                          from_u_s+4
x9 <- 0xFFFA000000000018

clint mtime 0x00000000000001C4 (mip.MTI <- 0b1, mip.STI <- 0b0)
mem[X,0x00000000800018A0] -> 0x23F3
mem[X,0x00000000800018A2] -> 0x3410
[904] [M]: 0x00000000800018A0 (0x341023F3) csrrs x7, mepc, x0                       rtn_fm_mmode+0
CSR mepc (0x341) -> 0x000600008000079C
x7 <- 0x000600008000079C

mem[X,0x00000000800018A4] -> 0x83B3
mem[X,0x00000000800018A6] -> 0x0093
[905] [M]: 0x00000000800018A4 (0x009383B3) add x7, x7, x9                           rtn_fm_mmode+4
x7 <- 0x00000000800007B4

clint mtime 0x00000000000001C5 (mip.MTI <- 0b1, mip.STI <- 0b0)
mem[X,0x00000000800018A8] -> 0x3303
mem[X,0x00000000800018AA] -> 0x2601
[906] [M]: 0x00000000800018A8 (0x26013303) ld x6, 0x260(x2)                         rtn_fm_mmode+8
mem[R,0x0000000080004260] -> 0x0006000000000008
x6 <- 0x0006000000000008

mem[X,0x00000000800018AC] -> 0x3403
mem[X,0x00000000800018AE] -> 0x2701
[907] [M]: 0x00000000800018AC (0x27013403) ld x8, 0x270(x2)                         rtn_fm_mmode+12
mem[R,0x0000000080004270] -> 0x0000000000007F76
x8 <- 0x0000000000007F76

clint mtime 0x00000000000001C6 (mip.MTI <- 0b1, mip.STI <- 0b0)
mem[X,0x00000000800018B0] -> 0x3483
mem[X,0x00000000800018B2] -> 0x2781
[908] [M]: 0x00000000800018B0 (0x27813483) ld x9, 0x278(x2)                         rtn_fm_mmode+16
mem[R,0x0000000080004278] -> 0x000C000080000724
x9 <- 0x000C000080000724

mem[X,0x00000000800018B4] -> 0x3503
mem[X,0x00000000800018B6] -> 0x2801
[909] [M]: 0x00000000800018B4 (0x28013503) ld x10, 0x280(x2)                        rtn_fm_mmode+20
mem[R,0x0000000080004280] -> 0x00000000200014CF
x10 <- 0x00000000200014CF

clint mtime 0x00000000000001C7 (mip.MTI <- 0b1, mip.STI <- 0b0)
mem[X,0x00000000800018B8] -> 0x3583
mem[X,0x00000000800018BA] -> 0x2881
[910] [M]: 0x00000000800018B8 (0x28813583) ld x11, 0x288(x2)                        rtn_fm_mmode+24
mem[R,0x0000000080004288] -> 0x00000000000000CF
x11 <- 0x00000000000000CF

mem[X,0x00000000800018BC] -> 0x3103
mem[X,0x00000000800018BE] -> 0x2901
[911] [M]: 0x00000000800018BC (0x29013103) ld x2, 0x290(x2)                         rtn_fm_mmode+28
mem[R,0x0000000080004290] -> 0x0000000000000000
x2 <- 0x0000000000000000

clint mtime 0x00000000000001C8 (mip.MTI <- 0b1, mip.STI <- 0b0)
mem[X,0x00000000800018C0] -> 0x8067
mem[X,0x00000000800018C2] -> 0x0043
[912] [M]: 0x00000000800018C0 (0x00438067) jalr x0, 0x4(x7)                         rtn_fm_mmode+32

mem[X,0x00000000800007B8] -> 0x0013
mem[X,0x00000000800007BA] -> 0x0000
[913] [M]: 0x00000000800007B8 (0x00000013) addi x0, x0, 0x0                         main+984

clint mtime 0x00000000000001C9 (mip.MTI <- 0b1, mip.STI <- 0b0)
mem[X,0x00000000800007BC] -> 0x0013
mem[X,0x00000000800007BE] -> 0x0000
[914] [M]: 0x00000000800007BC (0x00000013) addi x0, x0, 0x0                         main+988

mem[X,0x00000000800007C0] -> 0x9517
mem[X,0x00000000800007C2] -> 0x0000
[915] [M]: 0x00000000800007C0 (0x00009517) auipc x10, 0x9                           main+992
x10 <- 0x00000000800097C0

clint mtime 0x00000000000001CA (mip.MTI <- 0b1, mip.STI <- 0b0)
mem[X,0x00000000800007C4] -> 0x0513
mem[X,0x00000000800007C6] -> 0x8405
[916] [M]: 0x00000000800007C4 (0x84050513) addi x10, x10, -0x7c0                    main+996
x10 <- 0x0000000080009000

mem[X,0x00000000800007C8] -> 0x0001
[917] [M]: 0x00000000800007C8 (0x0001) c.nop                                        main+1000

clint mtime 0x00000000000001CB (mip.MTI <- 0b1, mip.STI <- 0b0)
mem[X,0x00000000800007CA] -> 0x0013
mem[X,0x00000000800007CC] -> 0x0000
[918] [M]: 0x00000000800007CA (0x00000013) addi x0, x0, 0x0                         main+1002

mem[X,0x00000000800007CE] -> 0x0013
mem[X,0x00000000800007D0] -> 0x0000
[919] [M]: 0x00000000800007CE (0x00000013) addi x0, x0, 0x0                         main+1006

clint mtime 0x00000000000001CC (mip.MTI <- 0b1, mip.STI <- 0b0)
mem[X,0x00000000800007D2] -> 0x0013
mem[X,0x00000000800007D4] -> 0x0000
[920] [M]: 0x00000000800007D2 (0x00000013) addi x0, x0, 0x0                         main+1010

mem[X,0x00000000800007D6] -> 0x0013
mem[X,0x00000000800007D8] -> 0x0000
[921] [M]: 0x00000000800007D6 (0x00000013) addi x0, x0, 0x0                         main+1014

clint mtime 0x00000000000001CD (mip.MTI <- 0b1, mip.STI <- 0b0)
mem[X,0x00000000800007DA] -> 0x0013
mem[X,0x00000000800007DC] -> 0x0000
[922] [M]: 0x00000000800007DA (0x00000013) addi x0, x0, 0x0                         main+1018

mem[X,0x00000000800007DE] -> 0x0001
[923] [M]: 0x00000000800007DE (0x0001) c.nop                                        main+1022

clint mtime 0x00000000000001CE (mip.MTI <- 0b1, mip.STI <- 0b0)
mem[X,0x00000000800007E0] -> 0x0593
mem[X,0x00000000800007E2] -> 0x0010
[924] [M]: 0x00000000800007E0 (0x00100593) addi x11, x0, 0x1                        main+1024
x11 <- 0x0000000000000001

mem[X,0x00000000800007E4] -> 0x5513
mem[X,0x00000000800007E6] -> 0x00C5
[925] [M]: 0x00000000800007E4 (0x00C55513) srli x10, x10, 0xc                       main+1028
x10 <- 0x0000000000080009

clint mtime 0x00000000000001CF (mip.MTI <- 0b1, mip.STI <- 0b0)
mem[X,0x00000000800007E8] -> 0x1513
mem[X,0x00000000800007EA] -> 0x00A5
[926] [M]: 0x00000000800007E8 (0x00A51513) slli x10, x10, 0xa                       main+1032
x10 <- 0x0000000020002400

mem[X,0x00000000800007EC] -> 0x6533
mem[X,0x00000000800007EE] -> 0x00B5
[927] [M]: 0x00000000800007EC (0x00B56533) or x10, x10, x11                         main+1036
x10 <- 0x0000000020002401

clint mtime 0x00000000000001D0 (mip.MTI <- 0b1, mip.STI <- 0b0)
mem[X,0x00000000800007F0] -> 0x0013
mem[X,0x00000000800007F2] -> 0x0000
[928] [M]: 0x00000000800007F0 (0x00000013) addi x0, x0, 0x0                         main+1040

mem[X,0x00000000800007F4] -> 0x0013
mem[X,0x00000000800007F6] -> 0x0000
[929] [M]: 0x00000000800007F4 (0x00000013) addi x0, x0, 0x0                         main+1044

clint mtime 0x00000000000001D1 (mip.MTI <- 0b1, mip.STI <- 0b0)
mem[X,0x00000000800007F8] -> 0x0013
mem[X,0x00000000800007FA] -> 0x0000
[930] [M]: 0x00000000800007F8 (0x00000013) addi x0, x0, 0x0                         main+1048

mem[X,0x00000000800007FC] -> 0x0013
mem[X,0x00000000800007FE] -> 0x0000
[931] [M]: 0x00000000800007FC (0x00000013) addi x0, x0, 0x0                         main+1052

clint mtime 0x00000000000001D2 (mip.MTI <- 0b1, mip.STI <- 0b0)
mem[X,0x0000000080000800] -> 0xA317
mem[X,0x0000000080000802] -> 0x0000
[932] [M]: 0x0000000080000800 (0x0000A317) auipc x6, 0xa                            main+1056
x6 <- 0x000000008000A800

mem[X,0x0000000080000804] -> 0x0313
mem[X,0x0000000080000806] -> 0x8003
[933] [M]: 0x0000000080000804 (0x80030313) addi x6, x6, -0x800                      main+1060
x6 <- 0x000000008000A000

clint mtime 0x00000000000001D3 (mip.MTI <- 0b1, mip.STI <- 0b0)
mem[X,0x0000000080000808] -> 0x0001
[934] [M]: 0x0000000080000808 (0x0001) c.nop                                        main+1064

mem[X,0x000000008000080A] -> 0x0013
mem[X,0x000000008000080C] -> 0x0000
[935] [M]: 0x000000008000080A (0x00000013) addi x0, x0, 0x0                         main+1066

clint mtime 0x00000000000001D4 (mip.MTI <- 0b1, mip.STI <- 0b0)
mem[X,0x000000008000080E] -> 0x0013
mem[X,0x0000000080000810] -> 0x0000
[936] [M]: 0x000000008000080E (0x00000013) addi x0, x0, 0x0                         main+1070

mem[X,0x0000000080000812] -> 0x0013
mem[X,0x0000000080000814] -> 0x0000
[937] [M]: 0x0000000080000812 (0x00000013) addi x0, x0, 0x0                         main+1074

clint mtime 0x00000000000001D5 (mip.MTI <- 0b1, mip.STI <- 0b0)
mem[X,0x0000000080000816] -> 0x0013
mem[X,0x0000000080000818] -> 0x0000
[938] [M]: 0x0000000080000816 (0x00000013) addi x0, x0, 0x0                         main+1078

mem[X,0x000000008000081A] -> 0x0013
mem[X,0x000000008000081C] -> 0x0000
[939] [M]: 0x000000008000081A (0x00000013) addi x0, x0, 0x0                         main+1082

clint mtime 0x00000000000001D6 (mip.MTI <- 0b1, mip.STI <- 0b0)
mem[X,0x000000008000081E] -> 0x0001
[940] [M]: 0x000000008000081E (0x0001) c.nop                                        main+1086

mem[X,0x0000000080000820] -> 0x0293
mem[X,0x0000000080000822] -> 0x0280
[941] [M]: 0x0000000080000820 (0x02800293) addi x5, x0, 0x28                        main+1088
x5 <- 0x0000000000000028

clint mtime 0x00000000000001D7 (mip.MTI <- 0b1, mip.STI <- 0b0)
mem[X,0x0000000080000824] -> 0x0333
mem[X,0x0000000080000826] -> 0x0053
[942] [M]: 0x0000000080000824 (0x00530333) add x6, x6, x5                           main+1092
x6 <- 0x000000008000A028

mem[X,0x0000000080000828] -> 0x3023
mem[X,0x000000008000082A] -> 0x00A3
[943] [M]: 0x0000000080000828 (0x00A33023) sd x10, 0x0(x6)                          main+1096
mem[W,0x000000008000A028] <- 0x0000000020002401

clint mtime 0x00000000000001D8 (mip.MTI <- 0b1, mip.STI <- 0b0)
mem[X,0x000000008000082C] -> 0x0013
mem[X,0x000000008000082E] -> 0x0000
[944] [M]: 0x000000008000082C (0x00000013) addi x0, x0, 0x0                         main+1100

mem[X,0x0000000080000830] -> 0x0013
mem[X,0x0000000080000832] -> 0x0000
[945] [M]: 0x0000000080000830 (0x00000013) addi x0, x0, 0x0                         main+1104

clint mtime 0x00000000000001D9 (mip.MTI <- 0b1, mip.STI <- 0b0)
mem[X,0x0000000080000834] -> 0x0013
mem[X,0x0000000080000836] -> 0x0000
[946] [M]: 0x0000000080000834 (0x00000013) addi x0, x0, 0x0                         main+1108

mem[X,0x0000000080000838] -> 0x0013
mem[X,0x000000008000083A] -> 0x0000
[947] [M]: 0x0000000080000838 (0x00000013) addi x0, x0, 0x0                         main+1112

clint mtime 0x00000000000001DA (mip.MTI <- 0b1, mip.STI <- 0b0)
mem[X,0x000000008000083C] -> 0x0013
mem[X,0x000000008000083E] -> 0x0000
[948] [M]: 0x000000008000083C (0x00000013) addi x0, x0, 0x0                         main+1116

mem[X,0x0000000080000840] -> 0x4517
mem[X,0x0000000080000842] -> 0x0000
[949] [M]: 0x0000000080000840 (0x00004517) auipc x10, 0x4                           main+1120
x10 <- 0x0000000080004840

clint mtime 0x00000000000001DB (mip.MTI <- 0b1, mip.STI <- 0b0)
mem[X,0x0000000080000844] -> 0x0513
mem[X,0x0000000080000846] -> 0x7C05
[950] [M]: 0x0000000080000844 (0x7C050513) addi x10, x10, 0x7c0                     main+1124
x10 <- 0x0000000080005000

mem[X,0x0000000080000848] -> 0x0001
[951] [M]: 0x0000000080000848 (0x0001) c.nop                                        main+1128

clint mtime 0x00000000000001DC (mip.MTI <- 0b1, mip.STI <- 0b0)
mem[X,0x000000008000084A] -> 0x0013
mem[X,0x000000008000084C] -> 0x0000
[952] [M]: 0x000000008000084A (0x00000013) addi x0, x0, 0x0                         main+1130

mem[X,0x000000008000084E] -> 0x0013
mem[X,0x0000000080000850] -> 0x0000
[953] [M]: 0x000000008000084E (0x00000013) addi x0, x0, 0x0                         main+1134

clint mtime 0x00000000000001DD (mip.MTI <- 0b1, mip.STI <- 0b0)
mem[X,0x0000000080000852] -> 0x0013
mem[X,0x0000000080000854] -> 0x0000
[954] [M]: 0x0000000080000852 (0x00000013) addi x0, x0, 0x0                         main+1138

mem[X,0x0000000080000856] -> 0x0013
mem[X,0x0000000080000858] -> 0x0000
[955] [M]: 0x0000000080000856 (0x00000013) addi x0, x0, 0x0                         main+1142

clint mtime 0x00000000000001DE (mip.MTI <- 0b1, mip.STI <- 0b0)
mem[X,0x000000008000085A] -> 0x0013
mem[X,0x000000008000085C] -> 0x0000
[956] [M]: 0x000000008000085A (0x00000013) addi x0, x0, 0x0                         main+1146

mem[X,0x000000008000085E] -> 0x0001
[957] [M]: 0x000000008000085E (0x0001) c.nop                                        main+1150

clint mtime 0x00000000000001DF (mip.MTI <- 0b1, mip.STI <- 0b0)
mem[X,0x0000000080000860] -> 0x0593
mem[X,0x0000000080000862] -> 0x0CF0
[958] [M]: 0x0000000080000860 (0x0CF00593) addi x11, x0, 0xcf                       main+1152
x11 <- 0x00000000000000CF

mem[X,0x0000000080000864] -> 0x5513
mem[X,0x0000000080000866] -> 0x00C5
[959] [M]: 0x0000000080000864 (0x00C55513) srli x10, x10, 0xc                       main+1156
x10 <- 0x0000000000080005

clint mtime 0x00000000000001E0 (mip.MTI <- 0b1, mip.STI <- 0b0)
mem[X,0x0000000080000868] -> 0x1513
mem[X,0x000000008000086A] -> 0x00A5
[960] [M]: 0x0000000080000868 (0x00A51513) slli x10, x10, 0xa                       main+1160
x10 <- 0x0000000020001400

mem[X,0x000000008000086C] -> 0x6533
mem[X,0x000000008000086E] -> 0x00B5
[961] [M]: 0x000000008000086C (0x00B56533) or x10, x10, x11                         main+1164
x10 <- 0x00000000200014CF

clint mtime 0x00000000000001E1 (mip.MTI <- 0b1, mip.STI <- 0b0)
mem[X,0x0000000080000870] -> 0x0013
mem[X,0x0000000080000872] -> 0x0000
[962] [M]: 0x0000000080000870 (0x00000013) addi x0, x0, 0x0                         main+1168

mem[X,0x0000000080000874] -> 0x0013
mem[X,0x0000000080000876] -> 0x0000
[963] [M]: 0x0000000080000874 (0x00000013) addi x0, x0, 0x0                         main+1172

clint mtime 0x00000000000001E2 (mip.MTI <- 0b1, mip.STI <- 0b0)
mem[X,0x0000000080000878] -> 0x0013
mem[X,0x000000008000087A] -> 0x0000
[964] [M]: 0x0000000080000878 (0x00000013) addi x0, x0, 0x0                         main+1176

mem[X,0x000000008000087C] -> 0x0013
mem[X,0x000000008000087E] -> 0x0000
[965] [M]: 0x000000008000087C (0x00000013) addi x0, x0, 0x0                         main+1180

clint mtime 0x00000000000001E3 (mip.MTI <- 0b1, mip.STI <- 0b0)
mem[X,0x0000000080000880] -> 0x8317
mem[X,0x0000000080000882] -> 0x0000
[966] [M]: 0x0000000080000880 (0x00008317) auipc x6, 0x8                            main+1184
x6 <- 0x0000000080008880

mem[X,0x0000000080000884] -> 0x0313
mem[X,0x0000000080000886] -> 0x7803
[967] [M]: 0x0000000080000884 (0x78030313) addi x6, x6, 0x780                       main+1188
x6 <- 0x0000000080009000

clint mtime 0x00000000000001E4 (mip.MTI <- 0b1, mip.STI <- 0b0)
mem[X,0x0000000080000888] -> 0x0001
[968] [M]: 0x0000000080000888 (0x0001) c.nop                                        main+1192

mem[X,0x000000008000088A] -> 0x0013
mem[X,0x000000008000088C] -> 0x0000
[969] [M]: 0x000000008000088A (0x00000013) addi x0, x0, 0x0                         main+1194

clint mtime 0x00000000000001E5 (mip.MTI <- 0b1, mip.STI <- 0b0)
mem[X,0x000000008000088E] -> 0x0013
mem[X,0x0000000080000890] -> 0x0000
[970] [M]: 0x000000008000088E (0x00000013) addi x0, x0, 0x0                         main+1198

mem[X,0x0000000080000892] -> 0x0013
mem[X,0x0000000080000894] -> 0x0000
[971] [M]: 0x0000000080000892 (0x00000013) addi x0, x0, 0x0                         main+1202

clint mtime 0x00000000000001E6 (mip.MTI <- 0b1, mip.STI <- 0b0)
mem[X,0x0000000080000896] -> 0x0013
mem[X,0x0000000080000898] -> 0x0000
[972] [M]: 0x0000000080000896 (0x00000013) addi x0, x0, 0x0                         main+1206

mem[X,0x000000008000089A] -> 0x0013
mem[X,0x000000008000089C] -> 0x0000
[973] [M]: 0x000000008000089A (0x00000013) addi x0, x0, 0x0                         main+1210

clint mtime 0x00000000000001E7 (mip.MTI <- 0b1, mip.STI <- 0b0)
mem[X,0x000000008000089E] -> 0x0001
[974] [M]: 0x000000008000089E (0x0001) c.nop                                        main+1214

mem[X,0x00000000800008A0] -> 0x0293
mem[X,0x00000000800008A2] -> 0x0000
[975] [M]: 0x00000000800008A0 (0x00000293) addi x5, x0, 0x0                         main+1216
x5 <- 0x0000000000000000

clint mtime 0x00000000000001E8 (mip.MTI <- 0b1, mip.STI <- 0b0)
mem[X,0x00000000800008A4] -> 0x0333
mem[X,0x00000000800008A6] -> 0x0053
[976] [M]: 0x00000000800008A4 (0x00530333) add x6, x6, x5                           main+1220
x6 <- 0x0000000080009000

mem[X,0x00000000800008A8] -> 0x3023
mem[X,0x00000000800008AA] -> 0x00A3
[977] [M]: 0x00000000800008A8 (0x00A33023) sd x10, 0x0(x6)                          main+1224
mem[W,0x0000000080009000] <- 0x00000000200014CF

clint mtime 0x00000000000001E9 (mip.MTI <- 0b1, mip.STI <- 0b0)
mem[X,0x00000000800008AC] -> 0x0073
mem[X,0x00000000800008AE] -> 0x1200
[978] [M]: 0x00000000800008AC (0x12000073) sfence.vma x0, x0                        main+1228

mem[X,0x00000000800008B0] -> 0x0493
mem[X,0x00000000800008B2] -> 0x0010
[979] [M]: 0x00000000800008B0 (0x00100493) addi x9, x0, 0x1                         main+1232
x9 <- 0x0000000000000001

clint mtime 0x00000000000001EA (mip.MTI <- 0b1, mip.STI <- 0b0)
mem[X,0x00000000800008B4] -> 0x9493
mem[X,0x00000000800008B6] -> 0x00B4
[980] [M]: 0x00000000800008B4 (0x00B49493) slli x9, x9, 0xb                         main+1236
x9 <- 0x0000000000000800

mem[X,0x00000000800008B8] -> 0xB073
mem[X,0x00000000800008BA] -> 0x3004
[981] [M]: 0x00000000800008B8 (0x3004B073) csrrc x0, mstatus, x9                    main+1240
CSR mstatus (0x300) <- 0x0000000A00000000

clint mtime 0x00000000000001EB (mip.MTI <- 0b1, mip.STI <- 0b0)
mem[X,0x00000000800008BC] -> 0x0493
mem[X,0x00000000800008BE] -> 0x0010
[982] [M]: 0x00000000800008BC (0x00100493) addi x9, x0, 0x1                         main+1244
x9 <- 0x0000000000000001

mem[X,0x00000000800008C0] -> 0x9493
mem[X,0x00000000800008C2] -> 0x00B4
[983] [M]: 0x00000000800008C0 (0x00B49493) slli x9, x9, 0xb                         main+1248
x9 <- 0x0000000000000800

clint mtime 0x00000000000001EC (mip.MTI <- 0b1, mip.STI <- 0b0)
mem[X,0x00000000800008C4] -> 0xA073
mem[X,0x00000000800008C6] -> 0x3004
[984] [M]: 0x00000000800008C4 (0x3004A073) csrrs x0, mstatus, x9                    main+1252
CSR mstatus (0x300) <- 0x0000000A00000800

mem[X,0x00000000800008C8] -> 0x23F3
mem[X,0x00000000800008CA] -> 0x3400
[985] [M]: 0x00000000800008C8 (0x340023F3) csrrs x7, mscratch, x0                   main+1256
CSR mscratch (0x340) -> 0x0000000080004000
x7 <- 0x0000000080004000

clint mtime 0x00000000000001ED (mip.MTI <- 0b1, mip.STI <- 0b0)
mem[X,0x00000000800008CC] -> 0xB303
mem[X,0x00000000800008CE] -> 0x4703
[986] [M]: 0x00000000800008CC (0x4703B303) ld x6, 0x470(x7)                         main+1260
mem[R,0x0000000080004470] -> 0x000600008000039C
x6 <- 0x000600008000039C

mem[X,0x00000000800008D0] -> 0xB483
mem[X,0x00000000800008D2] -> 0x1D83
[987] [M]: 0x00000000800008D0 (0x1D83B483) ld x9, 0x1d8(x7)                         main+1264
mem[R,0x00000000800041D8] -> 0x00000000800003B4
x9 <- 0x00000000800003B4

clint mtime 0x00000000000001EE (mip.MTI <- 0b1, mip.STI <- 0b0)
mem[X,0x00000000800008D4] -> 0x0333
mem[X,0x00000000800008D6] -> 0x4093
[988] [M]: 0x00000000800008D4 (0x40930333) sub x6, x6, x9                           main+1268
x6 <- 0x0005FFFFFFFFFFE8

mem[X,0x00000000800008D8] -> 0x0313
mem[X,0x00000000800008DA] -> 0x0103
[989] [M]: 0x00000000800008D8 (0x01030313) addi x6, x6, 0x10                        main+1272
x6 <- 0x0005FFFFFFFFFFF8

clint mtime 0x00000000000001EF (mip.MTI <- 0b1, mip.STI <- 0b0)
mem[X,0x00000000800008DC] -> 0x0497
mem[X,0x00000000800008DE] -> 0x0000
[990] [M]: 0x00000000800008DC (0x00000497) auipc x9, 0x0                            main+1276
x9 <- 0x00000000800008DC

mem[X,0x00000000800008E0] -> 0x84B3
mem[X,0x00000000800008E2] -> 0x0064
[991] [M]: 0x00000000800008E0 (0x006484B3) add x9, x9, x6                           main+1280
x9 <- 0x00060000800008D4

clint mtime 0x00000000000001F0 (mip.MTI <- 0b1, mip.STI <- 0b0)
mem[X,0x00000000800008E4] -> 0x94F3
mem[X,0x00000000800008E6] -> 0x3414
[992] [M]: 0x00000000800008E4 (0x341494F3) csrrw x9, mepc, x9                       main+1284
CSR mepc (0x341) <- 0x00060000800008D4
x9 <- 0x000600008000079C

mem[X,0x00000000800008E8] -> 0x0073
mem[X,0x00000000800008EA] -> 0x3020
[993] [M]: 0x00000000800008E8 (0x30200073) mret                                     main+1288
CSR mstatus (0x300) <- 0x0000000A00000080
ret-ing from M to S

clint mtime 0x00000000000001F1 (mip.MTI <- 0b1, mip.STI <- 0b0)
PTW: Start, vpn=0x6000080000, access_type=X, privilege=Smem[R,0x000000008000A030] -> 0x00000000000000CB
PTW: Step, level=4, pte=0xCB, pte_addr=0x8000A030
PTW: Success, final_ppn=0x80000, level=4mem[X,0x00000000800008D4] -> 0x0333
mem[X,0x00000000800008D6] -> 0x4093
[994] [S]: 0x00060000800008D4 (0x40930333) sub x6, x6, x9                           va_rvtest_code_begin+1336
x6 <- 0xFFFFFFFF7FFFF85C

mem[X,0x00000000800008D8] -> 0x0313
mem[X,0x00000000800008DA] -> 0x0103
[995] [S]: 0x00060000800008D8 (0x01030313) addi x6, x6, 0x10                        va_rvtest_code_begin+1340
x6 <- 0xFFFFFFFF7FFFF86C

clint mtime 0x00000000000001F2 (mip.MTI <- 0b1, mip.STI <- 0b0)
mem[X,0x00000000800008DC] -> 0x0497
mem[X,0x00000000800008DE] -> 0x0000
[996] [S]: 0x00060000800008DC (0x00000497) auipc x9, 0x0                            va_rvtest_code_begin+1344
x9 <- 0x00060000800008DC

mem[X,0x00000000800008E0] -> 0x84B3
mem[X,0x00000000800008E2] -> 0x0064
[997] [S]: 0x00060000800008E0 (0x006484B3) add x9, x9, x6                           va_rvtest_code_begin+1348
x9 <- 0x0006000000000148

clint mtime 0x00000000000001F3 (mip.MTI <- 0b1, mip.STI <- 0b0)
mem[X,0x00000000800008E4] -> 0x94F3
mem[X,0x00000000800008E6] -> 0x3414
[998] [S]: 0x00060000800008E4 (0x341494F3) csrrw x9, mepc, x9                       va_rvtest_code_begin+1352
trapping from S to M to handle illegal-instruction
handling exc#illegal-instruction at priv M with tval 0x00000000341494F3
CSR mstatus (0x300) <- 0x0000000A00000800
CSR mcause (0x342) <- 0x0000000000000002
CSR mtval (0x343) <- 0x00000000341494F3
CSR mepc (0x341) <- 0x00060000800008E4

mem[X,0x0000000080000F80] -> 0x006F
mem[X,0x0000000080000F82] -> 0x1000
[999] [M]: 0x0000000080000F80 (0x1000006F) jal x0, 0x100                            Mtrampoline+0

clint mtime 0x00000000000001F4 (mip.MTI <- 0b1, mip.STI <- 0b0)
mem[X,0x0000000080001080] -> 0x1173
mem[X,0x0000000080001082] -> 0x3401
[1000] [M]: 0x0000000080001080 (0x34011173) csrrw x2, mscratch, x2                  trap_Mhandler+0
CSR mscratch (0x340) <- 0x0000000000000000
x2 <- 0x0000000080004000

mem[X,0x0000000080001084] -> 0x3423
mem[X,0x0000000080001086] -> 0x28B1
[1001] [M]: 0x0000000080001084 (0x28B13423) sd x11, 0x288(x2)                       trap_Mhandler+4
mem[W,0x0000000080004288] <- 0x00000000000000CF

clint mtime 0x00000000000001F5 (mip.MTI <- 0b1, mip.STI <- 0b0)
mem[X,0x0000000080001088] -> 0x05EF
mem[X,0x000000008000108A] -> 0x0B80
[1002] [M]: 0x0000000080001088 (0x0B8005EF) jal x11, 0xb8                           trap_Mhandler+8
x11 <- 0x000000008000108C

mem[X,0x0000000080001140] -> 0x3023
mem[X,0x0000000080001142] -> 0x28A1
[1003] [M]: 0x0000000080001140 (0x28A13023) sd x10, 0x280(x2)                       common_Mhandler+0
mem[W,0x0000000080004280] <- 0x00000000200014CF

clint mtime 0x00000000000001F6 (mip.MTI <- 0b1, mip.STI <- 0b0)
mem[X,0x0000000080001144] -> 0x1573
mem[X,0x0000000080001146] -> 0x3401
[1004] [M]: 0x0000000080001144 (0x34011573) csrrw x10, mscratch, x2                 common_Mhandler+4
CSR mscratch (0x340) <- 0x0000000080004000
x10 <- 0x0000000000000000

mem[X,0x0000000080001148] -> 0x3823
mem[X,0x000000008000114A] -> 0x28A1
[1005] [M]: 0x0000000080001148 (0x28A13823) sd x10, 0x290(x2)                       common_Mhandler+8
mem[W,0x0000000080004290] <- 0x0000000000000000

clint mtime 0x00000000000001F7 (mip.MTI <- 0b1, mip.STI <- 0b0)
mem[X,0x000000008000114C] -> 0x3503
mem[X,0x000000008000114E] -> 0x2301
[1006] [M]: 0x000000008000114C (0x23013503) ld x10, 0x230(x2)                       common_Mhandler+12
mem[R,0x0000000080004230] -> 0x0000000080001154
x10 <- 0x0000000080001154

mem[X,0x0000000080001150] -> 0x0067
mem[X,0x0000000080001152] -> 0x0005
[1007] [M]: 0x0000000080001150 (0x00050067) jalr x0, 0x0(x10)                       common_Mhandler+16

clint mtime 0x00000000000001F8 (mip.MTI <- 0b1, mip.STI <- 0b0)
mem[X,0x0000000080001154] -> 0x3C23
mem[X,0x0000000080001156] -> 0x2691
[1008] [M]: 0x0000000080001154 (0x26913C23) sd x9, 0x278(x2)                        common_Mentry+0
mem[W,0x0000000080004278] <- 0x0006000000000148

mem[X,0x0000000080001158] -> 0x3823
mem[X,0x000000008000115A] -> 0x2681
[1009] [M]: 0x0000000080001158 (0x26813823) sd x8, 0x270(x2)                        common_Mentry+4
mem[W,0x0000000080004270] <- 0x0000000000007F76

clint mtime 0x00000000000001F9 (mip.MTI <- 0b1, mip.STI <- 0b0)
mem[X,0x000000008000115C] -> 0x3423
mem[X,0x000000008000115E] -> 0x2671
[1010] [M]: 0x000000008000115C (0x26713423) sd x7, 0x268(x2)                        common_Mentry+8
mem[W,0x0000000080004268] <- 0x0000000080004000

mem[X,0x0000000080001160] -> 0x3023
mem[X,0x0000000080001162] -> 0x2661
[1011] [M]: 0x0000000080001160 (0x26613023) sd x6, 0x260(x2)                        common_Mentry+12
mem[W,0x0000000080004260] <- 0xFFFFFFFF7FFFF86C

clint mtime 0x00000000000001FA (mip.MTI <- 0b1, mip.STI <- 0b0)
mem[X,0x0000000080001164] -> 0x2573
mem[X,0x0000000080001166] -> 0x3420
[1012] [M]: 0x0000000080001164 (0x34202573) csrrs x10, mcause, x0                   spcl_M2mmode_test+0
CSR mcause (0x342) -> 0x0000000000000002
x10 <- 0x0000000000000002

mem[X,0x0000000080001168] -> 0x04B7
mem[X,0x000000008000116A] -> 0x8000
[1013] [M]: 0x0000000080001168 (0x800004B7) lui x9, -0x80000                        spcl_M2mmode_test+4
x9 <- 0xFFFFFFFF80000000

clint mtime 0x00000000000001FB (mip.MTI <- 0b1, mip.STI <- 0b0)
mem[X,0x000000008000116C] -> 0x8493
mem[X,0x000000008000116E] -> 0x0004
[1014] [M]: 0x000000008000116C (0x00048493) addi x9, x9, 0x0                        spcl_M2mmode_test+8
x9 <- 0xFFFFFFFF80000000

mem[X,0x0000000080001170] -> 0x9493
mem[X,0x0000000080001172] -> 0x00B4
[1015] [M]: 0x0000000080001170 (0x00B49493) slli x9, x9, 0xb                        spcl_M2mmode_test+12
x9 <- 0xFFFFFC0000000000

clint mtime 0x00000000000001FC (mip.MTI <- 0b1, mip.STI <- 0b0)
mem[X,0x0000000080001174] -> 0x8493
mem[X,0x0000000080001176] -> 0x0004
[1016] [M]: 0x0000000080001174 (0x00048493) addi x9, x9, 0x0                        spcl_M2mmode_test+16
x9 <- 0xFFFFFC0000000000

mem[X,0x0000000080001178] -> 0x9493
mem[X,0x000000008000117A] -> 0x00B4
[1017] [M]: 0x0000000080001178 (0x00B49493) slli x9, x9, 0xb                        spcl_M2mmode_test+20
x9 <- 0xFFE0000000000000

clint mtime 0x00000000000001FD (mip.MTI <- 0b1, mip.STI <- 0b0)
mem[X,0x000000008000117C] -> 0x8493
mem[X,0x000000008000117E] -> 0x0034
[1018] [M]: 0x000000008000117C (0x00348493) addi x9, x9, 0x3                        spcl_M2mmode_test+24
x9 <- 0xFFE0000000000003

mem[X,0x0000000080001180] -> 0x9493
mem[X,0x0000000080001182] -> 0x00A4
[1019] [M]: 0x0000000080001180 (0x00A49493) slli x9, x9, 0xa                        spcl_M2mmode_test+28
x9 <- 0x8000000000000C00

clint mtime 0x00000000000001FE (mip.MTI <- 0b1, mip.STI <- 0b0)
mem[X,0x0000000080001184] -> 0x8493
mem[X,0x0000000080001186] -> 0x3FC4
[1020] [M]: 0x0000000080001184 (0x3FC48493) addi x9, x9, 0x3fc                      spcl_M2mmode_test+32
x9 <- 0x8000000000000FFC

mem[X,0x0000000080001188] -> 0xF4B3
mem[X,0x000000008000118A] -> 0x00A4
[1021] [M]: 0x0000000080001188 (0x00A4F4B3) and x9, x9, x10                         spcl_M2mmode_test+36
x9 <- 0x0000000000000000

clint mtime 0x00000000000001FF (mip.MTI <- 0b1, mip.STI <- 0b0)
mem[X,0x000000008000118C] -> 0x8493
mem[X,0x000000008000118E] -> 0xFF84
[1022] [M]: 0x000000008000118C (0xFF848493) addi x9, x9, -0x8                       spcl_M2mmode_test+40
x9 <- 0xFFFFFFFFFFFFFFF8

mem[X,0x0000000080001190] -> 0x9663
mem[X,0x0000000080001192] -> 0x0004
[1023] [M]: 0x0000000080001190 (0x00049663) bne x9, x0, 0xc                         spcl_M2mmode_test+44

clint mtime 0x0000000000000200 (mip.MTI <- 0b1, mip.STI <- 0b0)
mem[X,0x000000008000119C] -> 0x0393
mem[X,0x000000008000119E] -> 0x0200
[1024] [M]: 0x000000008000119C (0x02000393) addi x7, x0, 0x20                       Mtrapsig_ptr_upd+0
x7 <- 0x0000000000000020

mem[X,0x00000000800011A0] -> 0x5263
mem[X,0x00000000800011A2] -> 0x0405
[1025] [M]: 0x00000000800011A0 (0x04055263) bge x10, x0, 0x44                       Mtrapsig_ptr_upd+4

clint mtime 0x0000000000000201 (mip.MTI <- 0b1, mip.STI <- 0b0)
mem[X,0x00000000800011E4] -> 0x2373
mem[X,0x00000000800011E6] -> 0x3010
[1026] [M]: 0x00000000800011E4 (0x30102373) csrrs x6, misa, x0                      Mxcpt_sig_sv+0
CSR misa (0x301) -> 0x800000000034112F
x6 <- 0x800000000034112F

mem[X,0x00000000800011E8] -> 0x1313
mem[X,0x00000000800011EA] -> 0x0383
[1027] [M]: 0x00000000800011E8 (0x03831313) slli x6, x6, 0x38                       Mxcpt_sig_sv+4
x6 <- 0x2F00000000000000

clint mtime 0x0000000000000202 (mip.MTI <- 0b1, mip.STI <- 0b0)
mem[X,0x00000000800011EC] -> 0x5463
mem[X,0x00000000800011EE] -> 0x0003
[1028] [M]: 0x00000000800011EC (0x00035463) bge x6, x0, 0x8                         Mxcpt_sig_sv+8

mem[X,0x00000000800011F4] -> 0x3303
mem[X,0x00000000800011F6] -> 0x2181
[1029] [M]: 0x00000000800011F4 (0x21813303) ld x6, 0x218(x2)                        Mtrap_sig_sv+0
mem[R,0x0000000080004218] -> 0x000000008000B298
x6 <- 0x000000008000B298

clint mtime 0x0000000000000203 (mip.MTI <- 0b1, mip.STI <- 0b0)
mem[X,0x00000000800011F8] -> 0x04B3
mem[X,0x00000000800011FA] -> 0x0073
[1030] [M]: 0x00000000800011F8 (0x007304B3) add x9, x6, x7                          Mtrap_sig_sv+4
x9 <- 0x000000008000B2B8

mem[X,0x00000000800011FC] -> 0x3C23
mem[X,0x00000000800011FE] -> 0x2091
[1031] [M]: 0x00000000800011FC (0x20913C23) sd x9, 0x218(x2)                        Mtrap_sig_sv+8
mem[W,0x0000000080004218] <- 0x000000008000B2B8

clint mtime 0x0000000000000204 (mip.MTI <- 0b1, mip.STI <- 0b0)
mem[X,0x0000000080001200] -> 0x3403
mem[X,0x0000000080001202] -> 0x1F81
[1032] [M]: 0x0000000080001200 (0x1F813403) ld x8, 0x1f8(x2)                        Mtrap_sig_sv+12
mem[R,0x00000000800041F8] -> 0x000000008000B110
x8 <- 0x000000008000B110

mem[X,0x0000000080001204] -> 0x0333
mem[X,0x0000000080001206] -> 0x4083
[1033] [M]: 0x0000000080001204 (0x40830333) sub x6, x6, x8                          Mtrap_sig_sv+16
x6 <- 0x0000000000000188

clint mtime 0x0000000000000205 (mip.MTI <- 0b1, mip.STI <- 0b0)
mem[X,0x0000000080001208] -> 0x3403
mem[X,0x000000008000120A] -> 0x1F81
[1034] [M]: 0x0000000080001208 (0x1F813403) ld x8, 0x1f8(x2)                        Mtrap_sig_sv+20
mem[R,0x00000000800041F8] -> 0x000000008000B110
x8 <- 0x000000008000B110

mem[X,0x000000008000120C] -> 0x0333
mem[X,0x000000008000120E] -> 0x0083
[1035] [M]: 0x000000008000120C (0x00830333) add x6, x6, x8                          Mtrap_sig_sv+24
x6 <- 0x000000008000B298

clint mtime 0x0000000000000206 (mip.MTI <- 0b1, mip.STI <- 0b0)
mem[X,0x0000000080001210] -> 0x3403
mem[X,0x0000000080001212] -> 0x2401
[1036] [M]: 0x0000000080001210 (0x24013403) ld x8, 0x240(x2)                        Mtrap_sig_sv+28
mem[R,0x0000000080004240] -> 0x0000000080000F80
x8 <- 0x0000000080000F80

mem[X,0x0000000080001214] -> 0x85B3
mem[X,0x0000000080001216] -> 0x4085
[1037] [M]: 0x0000000080001214 (0x408585B3) sub x11, x11, x8                        sv_Mvect+0
x11 <- 0x000000000000010C

clint mtime 0x0000000000000207 (mip.MTI <- 0b1, mip.STI <- 0b0)
mem[X,0x0000000080001218] -> 0x9593
mem[X,0x000000008000121A] -> 0x0045
[1038] [M]: 0x0000000080001218 (0x00459593) slli x11, x11, 0x4                      sv_Mvect+4
x11 <- 0x00000000000010C0

mem[X,0x000000008000121C] -> 0xE5B3
mem[X,0x000000008000121E] -> 0x0075
[1039] [M]: 0x000000008000121C (0x0075E5B3) or x11, x11, x7                         sv_Mvect+8
x11 <- 0x00000000000010E0

clint mtime 0x0000000000000208 (mip.MTI <- 0b1, mip.STI <- 0b0)
mem[X,0x0000000080001220] -> 0x8593
mem[X,0x0000000080001222] -> 0x0035
[1040] [M]: 0x0000000080001220 (0x00358593) addi x11, x11, 0x3                      sv_Mvect+12
x11 <- 0x00000000000010E3

mem[X,0x0000000080001224] -> 0x3023
mem[X,0x0000000080001226] -> 0x00B3
[1041] [M]: 0x0000000080001224 (0x00B33023) sd x11, 0x0(x6)                         sv_Mvect+16
mem[W,0x000000008000B298] <- 0x00000000000010E3

clint mtime 0x0000000000000209 (mip.MTI <- 0b1, mip.STI <- 0b0)
mem[X,0x0000000080001228] -> 0x3423
mem[X,0x000000008000122A] -> 0x00A3
[1042] [M]: 0x0000000080001228 (0x00A33423) sd x10, 0x8(x6)                         sv_Mcause+0
mem[W,0x000000008000B2A0] <- 0x0000000000000002

mem[X,0x000000008000122C] -> 0x4663
mem[X,0x000000008000122E] -> 0x1A05
[1043] [M]: 0x000000008000122C (0x1A054663) blt x10, x0, 0x1ac                      sv_Mcause+4

clint mtime 0x000000000000020A (mip.MTI <- 0b1, mip.STI <- 0b0)
mem[X,0x0000000080001230] -> 0x25F3
mem[X,0x0000000080001232] -> 0x3000
[1044] [M]: 0x0000000080001230 (0x300025F3) csrrs x11, mstatus, x0                  common_Mexcpt_handler+0
CSR mstatus (0x300) -> 0x0000000A00000800
x11 <- 0x0000000A00000800

mem[X,0x0000000080001234] -> 0x9413
mem[X,0x0000000080001236] -> 0x02E5
[1045] [M]: 0x0000000080001234 (0x02E59413) slli x8, x11, 0x2e                      common_Mexcpt_handler+4
x8 <- 0x0200000000000000

clint mtime 0x000000000000020B (mip.MTI <- 0b1, mip.STI <- 0b0)
mem[X,0x0000000080001238] -> 0x5463
mem[X,0x000000008000123A] -> 0x0004
[1046] [M]: 0x0000000080001238 (0x00045463) bge x8, x0, 0x8                         common_Mexcpt_handler+8

mem[X,0x0000000080001240] -> 0xD493
mem[X,0x0000000080001242] -> 0x00B5
[1047] [M]: 0x0000000080001240 (0x00B5D493) srli x9, x11, 0xb                       common_Mexcpt_handler+16
x9 <- 0x0000000001400001

clint mtime 0x000000000000020C (mip.MTI <- 0b1, mip.STI <- 0b0)
mem[X,0x0000000080001244] -> 0xF493
mem[X,0x0000000080001246] -> 0x0034
[1048] [M]: 0x0000000080001244 (0x0034F493) andi x9, x9, 0x3                        common_Mexcpt_handler+20
x9 <- 0x0000000000000001

mem[X,0x0000000080001248] -> 0x8493
mem[X,0x000000008000124A] -> 0x0014
[1049] [M]: 0x0000000080001248 (0x00148493) addi x9, x9, 0x1                        common_Mexcpt_handler+24
x9 <- 0x0000000000000002

clint mtime 0x000000000000020D (mip.MTI <- 0b1, mip.STI <- 0b0)
mem[X,0x000000008000124C] -> 0xF493
mem[X,0x000000008000124E] -> 0x0044
[1050] [M]: 0x000000008000124C (0x0044F493) andi x9, x9, 0x4                        common_Mexcpt_handler+28
x9 <- 0x0000000000000000

mem[X,0x0000000080001250] -> 0x0593
mem[X,0x0000000080001252] -> 0x05D0
[1051] [M]: 0x0000000080001250 (0x05D00593) addi x11, x0, 0x5d                      common_Mexcpt_handler+32
x11 <- 0x000000000000005D

clint mtime 0x000000000000020E (mip.MTI <- 0b1, mip.STI <- 0b0)
mem[X,0x0000000080001254] -> 0xD5B3
mem[X,0x0000000080001256] -> 0x0095
[1052] [M]: 0x0000000080001254 (0x0095D5B3) srl x11, x11, x9                        common_Mexcpt_handler+36
x11 <- 0x000000000000005D

mem[X,0x0000000080001258] -> 0xF593
mem[X,0x000000008000125A] -> 0x0015
[1053] [M]: 0x0000000080001258 (0x0015F593) andi x11, x11, 0x1                      common_Mexcpt_handler+40
x11 <- 0x0000000000000001

clint mtime 0x000000000000020F (mip.MTI <- 0b1, mip.STI <- 0b0)
mem[X,0x000000008000125C] -> 0x8EE3
mem[X,0x000000008000125E] -> 0xF405
[1054] [M]: 0x000000008000125C (0xF4058EE3) beq x11, x0, -0xa4                      common_Mexcpt_handler+44

mem[X,0x0000000080001260] -> 0x0593
mem[X,0x0000000080001262] -> 0x2980
[1055] [M]: 0x0000000080001260 (0x29800593) addi x11, x0, 0x298                     common_Mexcpt_handler+48
x11 <- 0x0000000000000298

clint mtime 0x0000000000000210 (mip.MTI <- 0b1, mip.STI <- 0b0)
mem[X,0x0000000080001264] -> 0xF413
mem[X,0x0000000080001266] -> 0x0014
[1056] [M]: 0x0000000080001264 (0x0014F413) andi x8, x9, 0x1                        common_Mexcpt_handler+52
x8 <- 0x0000000000000000

mem[X,0x0000000080001268] -> 0x95B3
mem[X,0x000000008000126A] -> 0x0085
[1057] [M]: 0x0000000080001268 (0x008595B3) sll x11, x11, x8                        common_Mexcpt_handler+56
x11 <- 0x0000000000000298

clint mtime 0x0000000000000211 (mip.MTI <- 0b1, mip.STI <- 0b0)
mem[X,0x000000008000126C] -> 0x9413
mem[X,0x000000008000126E] -> 0x03D4
[1058] [M]: 0x000000008000126C (0x03D49413) slli x8, x9, 0x3d                       common_Mexcpt_handler+60
x8 <- 0x0000000000000000

mem[X,0x0000000080001270] -> 0x5413
mem[X,0x0000000080001272] -> 0x43F4
[1059] [M]: 0x0000000080001270 (0x43F45413) srai x8, x8, 0x3f                       common_Mexcpt_handler+64
x8 <- 0x0000000000000000

clint mtime 0x0000000000000212 (mip.MTI <- 0b1, mip.STI <- 0b0)
mem[X,0x0000000080001274] -> 0x4413
mem[X,0x0000000080001276] -> 0xFFF4
[1060] [M]: 0x0000000080001274 (0xFFF44413) xori x8, x8, -0x1                       common_Mexcpt_handler+68
x8 <- 0xFFFFFFFFFFFFFFFF

mem[X,0x0000000080001278] -> 0xF4B3
mem[X,0x000000008000127A] -> 0x0085
[1061] [M]: 0x0000000080001278 (0x0085F4B3) and x9, x11, x8                         common_Mexcpt_handler+72
x9 <- 0x0000000000000298

clint mtime 0x0000000000000213 (mip.MTI <- 0b1, mip.STI <- 0b0)
mem[X,0x000000008000127C] -> 0x84B3
mem[X,0x000000008000127E] -> 0x0024
[1062] [M]: 0x000000008000127C (0x002484B3) add x9, x9, x2                          vmem_adj_Mepc+0
x9 <- 0x0000000080004298

mem[X,0x0000000080001280] -> 0x23F3
mem[X,0x0000000080001282] -> 0x3410
[1063] [M]: 0x0000000080001280 (0x341023F3) csrrs x7, mepc, x0                      vmem_adj_Mepc+4
CSR mepc (0x341) -> 0x00060000800008E4
x7 <- 0x00060000800008E4

clint mtime 0x0000000000000214 (mip.MTI <- 0b1, mip.STI <- 0b0)
mem[X,0x0000000080001284] -> 0x0413
mem[X,0x0000000080001286] -> 0x0004
[1064] [M]: 0x0000000080001284 (0x00040413) addi x8, x8, 0x0                        vmem_adj_Mepc+8
x8 <- 0xFFFFFFFFFFFFFFFF

mem[X,0x0000000080001288] -> 0x006F
mem[X,0x000000008000128A] -> 0x0400
[1065] [M]: 0x0000000080001288 (0x0400006F) jal x0, 0x40                            vmem_adj_Mepc+12

clint mtime 0x0000000000000215 (mip.MTI <- 0b1, mip.STI <- 0b0)
mem[X,0x00000000800012C8] -> 0x8433
mem[X,0x00000000800012CA] -> 0x4083
[1066] [M]: 0x00000000800012C8 (0x40838433) sub x8, x7, x8                          adj_Mepc+0
x8 <- 0x00060000800008E5

mem[X,0x00000000800012CC] -> 0x3823
mem[X,0x00000000800012CE] -> 0x0083
[1067] [M]: 0x00000000800012CC (0x00833823) sd x8, 0x10(x6)                         sv_Mepc+0
mem[W,0x000000008000B2A8] <- 0x00060000800008E5

clint mtime 0x0000000000000216 (mip.MTI <- 0b1, mip.STI <- 0b0)
mem[X,0x00000000800012D0] -> 0x55B7
mem[X,0x00000000800012D2] -> 0x0000
[1068] [M]: 0x00000000800012D0 (0x000055B7) lui x11, 0x5                            sv_Mepc+4
x11 <- 0x0000000000005000

mem[X,0x00000000800012D4] -> 0x8593
mem[X,0x00000000800012D6] -> 0x6675
[1069] [M]: 0x00000000800012D4 (0x66758593) addi x11, x11, 0x667                    sv_Mepc+8
x11 <- 0x0000000000005667

clint mtime 0x0000000000000217 (mip.MTI <- 0b1, mip.STI <- 0b0)
mem[X,0x00000000800012D8] -> 0x9593
mem[X,0x00000000800012DA] -> 0x0015
[1070] [M]: 0x00000000800012D8 (0x00159593) slli x11, x11, 0x1                      sv_Mepc+12
x11 <- 0x000000000000ACCE

mem[X,0x00000000800012DC] -> 0x9063
mem[X,0x00000000800012DE] -> 0x02B1
[1071] [M]: 0x00000000800012DC (0x02B19063) bne x3, x11, 0x20                       sv_Mepc+16

clint mtime 0x0000000000000218 (mip.MTI <- 0b1, mip.STI <- 0b0)
mem[X,0x00000000800012E0] -> 0x2473
mem[X,0x00000000800012E2] -> 0x3420
[1072] [M]: 0x00000000800012E0 (0x34202473) csrrs x8, mcause, x0                    sv_Mepc+20
CSR mcause (0x342) -> 0x0000000000000002
x8 <- 0x0000000000000002

mem[X,0x00000000800012E4] -> 0x0593
mem[X,0x00000000800012E6] -> 0x00C0
[1073] [M]: 0x00000000800012E4 (0x00C00593) addi x11, x0, 0xc                       sv_Mepc+24
x11 <- 0x000000000000000C

clint mtime 0x0000000000000219 (mip.MTI <- 0b1, mip.STI <- 0b0)
mem[X,0x00000000800012E8] -> 0x0663
mem[X,0x00000000800012EA] -> 0x00B4
[1074] [M]: 0x00000000800012E8 (0x00B40663) beq x8, x11, 0xc                        sv_Mepc+28

mem[X,0x00000000800012EC] -> 0x0593
mem[X,0x00000000800012EE] -> 0x0010
[1075] [M]: 0x00000000800012EC (0x00100593) addi x11, x0, 0x1                       sv_Mepc+32
x11 <- 0x0000000000000001

clint mtime 0x000000000000021A (mip.MTI <- 0b1, mip.STI <- 0b0)
mem[X,0x00000000800012F0] -> 0x1663
mem[X,0x00000000800012F2] -> 0x00B4
[1076] [M]: 0x00000000800012F0 (0x00B41663) bne x8, x11, 0xc                        sv_Mepc+36

mem[X,0x00000000800012FC] -> 0xF593
mem[X,0x00000000800012FE] -> 0xFFC3
[1077] [M]: 0x00000000800012FC (0xFFC3F593) andi x11, x7, -0x4                      adj_Mepc_rtn+0
x11 <- 0x00060000800008E4

clint mtime 0x000000000000021B (mip.MTI <- 0b1, mip.STI <- 0b0)
mem[X,0x0000000080001300] -> 0x8593
mem[X,0x0000000080001302] -> 0x0085
[1078] [M]: 0x0000000080001300 (0x00858593) addi x11, x11, 0x8                      adj_Mepc_rtn+4
x11 <- 0x00060000800008EC

mem[X,0x0000000080001304] -> 0x9073
mem[X,0x0000000080001306] -> 0x3415
[1079] [M]: 0x0000000080001304 (0x34159073) csrrw x0, mepc, x11                     adj_Mepc_rtn+8
CSR mepc (0x341) <- 0x00060000800008EC

clint mtime 0x000000000000021C (mip.MTI <- 0b1, mip.STI <- 0b0)
mem[X,0x0000000080001308] -> 0x23F3
mem[X,0x000000008000130A] -> 0x3430
[1080] [M]: 0x0000000080001308 (0x343023F3) csrrs x7, mtval, x0                     skp_adj_Mepc+0
CSR mtval (0x343) -> 0x00000000341494F3
x7 <- 0x00000000341494F3

mem[X,0x000000008000130C] -> 0x0413
mem[X,0x000000008000130E] -> 0x0004
[1081] [M]: 0x000000008000130C (0x00040413) addi x8, x8, 0x0                        skp_adj_Mepc+4
x8 <- 0x0000000000000002

clint mtime 0x000000000000021D (mip.MTI <- 0b1, mip.STI <- 0b0)
mem[X,0x0000000080001310] -> 0x006F
mem[X,0x0000000080001312] -> 0x0840
[1082] [M]: 0x0000000080001310 (0x0840006F) jal x0, 0x84                            skp_adj_Mepc+8

mem[X,0x0000000080001394] -> 0x8433
mem[X,0x0000000080001396] -> 0x4083
[1083] [M]: 0x0000000080001394 (0x40838433) sub x8, x7, x8                          adj_Mtval+0
x8 <- 0x00000000341494F1

clint mtime 0x000000000000021E (mip.MTI <- 0b1, mip.STI <- 0b0)
mem[X,0x0000000080001398] -> 0x3C23
mem[X,0x000000008000139A] -> 0x0083
[1084] [M]: 0x0000000080001398 (0x00833C23) sd x8, 0x18(x6)                         sv_Mtval+0
mem[W,0x000000008000B2B0] <- 0x00000000341494F1

mem[X,0x000000008000139C] -> 0x3483
mem[X,0x000000008000139E] -> 0x2181
[1085] [M]: 0x000000008000139C (0x21813483) ld x9, 0x218(x2)                        skp_Mtval+0
mem[R,0x0000000080004218] -> 0x000000008000B2B8
x9 <- 0x000000008000B2B8

clint mtime 0x000000000000021F (mip.MTI <- 0b1, mip.STI <- 0b0)
mem[X,0x00000000800013A0] -> 0x3383
mem[X,0x00000000800013A2] -> 0x1F81
[1086] [M]: 0x00000000800013A0 (0x1F813383) ld x7, 0x1f8(x2)                        skp_Mtval+4
mem[R,0x00000000800041F8] -> 0x000000008000B110
x7 <- 0x000000008000B110

mem[X,0x00000000800013A4] -> 0x3303
mem[X,0x00000000800013A6] -> 0x2001
[1087] [M]: 0x00000000800013A4 (0x20013303) ld x6, 0x200(x2)                        skp_Mtval+8
mem[R,0x0000000080004200] -> 0x0000000000000310
x6 <- 0x0000000000000310

clint mtime 0x0000000000000220 (mip.MTI <- 0b1, mip.STI <- 0b0)
mem[X,0x00000000800013A8] -> 0x0333
mem[X,0x00000000800013AA] -> 0x0073
[1088] [M]: 0x00000000800013A8 (0x00730333) add x6, x6, x7                          skp_Mtval+12
x6 <- 0x000000008000B420

mem[X,0x00000000800013AC] -> 0x6AE3
mem[X,0x00000000800013AE] -> 0xAC93
[1089] [M]: 0x00000000800013AC (0xAC936AE3) bltu x6, x9, -0x52c                     skp_Mtval+16

clint mtime 0x0000000000000221 (mip.MTI <- 0b1, mip.STI <- 0b0)
mem[X,0x00000000800013B0] -> 0x0393
mem[X,0x00000000800013B2] -> 0x2000
[1090] [M]: 0x00000000800013B0 (0x20000393) addi x7, x0, 0x200                      skp_Mtval+20
x7 <- 0x0000000000000200

mem[X,0x00000000800013B4] -> 0x006F
mem[X,0x00000000800013B6] -> 0x0400
[1091] [M]: 0x00000000800013B4 (0x0400006F) jal x0, 0x40                            skp_Mtval+24

clint mtime 0x0000000000000222 (mip.MTI <- 0b1, mip.STI <- 0b0)
mem[X,0x00000000800013F4] -> 0x0417
mem[X,0x00000000800013F6] -> 0x0000
[1092] [M]: 0x00000000800013F4 (0x00000417) auipc x8, 0x0                           spcl_Mhandler+0
x8 <- 0x00000000800013F4

mem[X,0x00000000800013F8] -> 0x0413
mem[X,0x00000000800013FA] -> 0x03C4
[1093] [M]: 0x00000000800013F8 (0x03C40413) addi x8, x8, 0x3c                       spcl_Mhandler+4
x8 <- 0x0000000080001430

clint mtime 0x0000000000000223 (mip.MTI <- 0b1, mip.STI <- 0b0)
mem[X,0x00000000800013FC] -> 0x0433
mem[X,0x00000000800013FE] -> 0x0074
[1094] [M]: 0x00000000800013FC (0x00740433) add x8, x8, x7                          spcl_Mhandler+8
x8 <- 0x0000000080001630

mem[X,0x0000000080001400] -> 0x1393
mem[X,0x0000000080001402] -> 0x0035
[1095] [M]: 0x0000000080001400 (0x00351393) slli x7, x10, 0x3                       spcl_Mhandler+12
x7 <- 0x0000000000000010

clint mtime 0x0000000000000224 (mip.MTI <- 0b1, mip.STI <- 0b0)
mem[X,0x0000000080001404] -> 0x0433
mem[X,0x0000000080001406] -> 0x0074
[1096] [M]: 0x0000000080001404 (0x00740433) add x8, x8, x7                          spcl_Mhandler+16
x8 <- 0x0000000080001640

mem[X,0x0000000080001408] -> 0x7413
mem[X,0x000000008000140A] -> 0xFF84
[1097] [M]: 0x0000000080001408 (0xFF847413) andi x8, x8, -0x8                       spcl_Mhandler+20
x8 <- 0x0000000080001640

clint mtime 0x0000000000000225 (mip.MTI <- 0b1, mip.STI <- 0b0)
mem[X,0x000000008000140C] -> 0x3403
mem[X,0x000000008000140E] -> 0x0004
[1098] [M]: 0x000000008000140C (0x00043403) ld x8, 0x0(x8)                          spcl_Mhandler+24
mem[R,0x0000000080001640] -> 0x0000000000000005
x8 <- 0x0000000000000005

mem[X,0x0000000080001410] -> 0x02E3
mem[X,0x0000000080001412] -> 0xB004
[1099] [M]: 0x0000000080001410 (0xB00402E3) beq x8, x0, -0x4fc                      spcl_Mdispatch_hndling+0

clint mtime 0x0000000000000226 (mip.MTI <- 0b1, mip.STI <- 0b0)
mem[X,0x0000000080001414] -> 0x1393
mem[X,0x0000000080001416] -> 0x03F4
[1100] [M]: 0x0000000080001414 (0x03F41393) slli x7, x8, 0x3f                       spcl_Mdispatch_hndling+4
x7 <- 0x8000000000000000

mem[X,0x0000000080001418] -> 0xD863
mem[X,0x000000008000141A] -> 0x0003
[1101] [M]: 0x0000000080001418 (0x0003D863) bge x7, x0, 0x10                        spcl_Mdispatch_hndling+8

clint mtime 0x0000000000000227 (mip.MTI <- 0b1, mip.STI <- 0b0)
mem[X,0x000000008000141C] -> 0x5413
mem[X,0x000000008000141E] -> 0x0014
[1102] [M]: 0x000000008000141C (0x00145413) srli x8, x8, 0x1                        spcl_Mdispatch_hndling+12
x8 <- 0x0000000000000002

mem[X,0x0000000080001420] -> 0x0CE3
mem[X,0x0000000080001422] -> 0xF885
[1103] [M]: 0x0000000080001420 (0xF8850CE3) beq x10, x8, -0x68                      spcl_Mdispatch_hndling+16

clint mtime 0x0000000000000228 (mip.MTI <- 0b1, mip.STI <- 0b0)
mem[X,0x00000000800013B8] -> 0x3303
mem[X,0x00000000800013BA] -> 0x2601
[1104] [M]: 0x00000000800013B8 (0x26013303) ld x6, 0x260(x2)                        resto_Mrtn+0
mem[R,0x0000000080004260] -> 0xFFFFFFFF7FFFF86C
x6 <- 0xFFFFFFFF7FFFF86C

mem[X,0x00000000800013BC] -> 0x3383
mem[X,0x00000000800013BE] -> 0x2681
[1105] [M]: 0x00000000800013BC (0x26813383) ld x7, 0x268(x2)                        resto_Mrtn+4
mem[R,0x0000000080004268] -> 0x0000000080004000
x7 <- 0x0000000080004000

clint mtime 0x0000000000000229 (mip.MTI <- 0b1, mip.STI <- 0b0)
mem[X,0x00000000800013C0] -> 0x3403
mem[X,0x00000000800013C2] -> 0x2701
[1106] [M]: 0x00000000800013C0 (0x27013403) ld x8, 0x270(x2)                        resto_Mrtn+8
mem[R,0x0000000080004270] -> 0x0000000000007F76
x8 <- 0x0000000000007F76

mem[X,0x00000000800013C4] -> 0x3483
mem[X,0x00000000800013C6] -> 0x2781
[1107] [M]: 0x00000000800013C4 (0x27813483) ld x9, 0x278(x2)                        resto_Mrtn+12
mem[R,0x0000000080004278] -> 0x0006000000000148
x9 <- 0x0006000000000148

clint mtime 0x000000000000022A (mip.MTI <- 0b1, mip.STI <- 0b0)
mem[X,0x00000000800013C8] -> 0x3503
mem[X,0x00000000800013CA] -> 0x2801
[1108] [M]: 0x00000000800013C8 (0x28013503) ld x10, 0x280(x2)                       resto_Mrtn+16
mem[R,0x0000000080004280] -> 0x00000000200014CF
x10 <- 0x00000000200014CF

mem[X,0x00000000800013CC] -> 0x3583
mem[X,0x00000000800013CE] -> 0x2881
[1109] [M]: 0x00000000800013CC (0x28813583) ld x11, 0x288(x2)                       resto_Mrtn+20
mem[R,0x0000000080004288] -> 0x00000000000000CF
x11 <- 0x00000000000000CF

clint mtime 0x000000000000022B (mip.MTI <- 0b1, mip.STI <- 0b0)
mem[X,0x00000000800013D0] -> 0x3103
mem[X,0x00000000800013D2] -> 0x2901
[1110] [M]: 0x00000000800013D0 (0x29013103) ld x2, 0x290(x2)                        resto_Mrtn+24
mem[R,0x0000000080004290] -> 0x0000000000000000
x2 <- 0x0000000000000000

mem[X,0x00000000800013D4] -> 0x0073
mem[X,0x00000000800013D6] -> 0x3020
[1111] [M]: 0x00000000800013D4 (0x30200073) mret                                    resto_Mrtn+28
CSR mstatus (0x300) <- 0x0000000A00000080
ret-ing from M to S

clint mtime 0x000000000000022C (mip.MTI <- 0b1, mip.STI <- 0b0)
mem[X,0x00000000800008EC] -> 0x0793
mem[X,0x00000000800008EE] -> 0x0050
[1112] [S]: 0x00060000800008EC (0x00500793) addi x15, x0, 0x5                       va_rvtest_code_begin+1360
x15 <- 0x0000000000000005

mem[X,0x00000000800008F0] -> 0x9793
mem[X,0x00000000800008F2] -> 0x0307
[1113] [S]: 0x00060000800008F0 (0x03079793) slli x15, x15, 0x30                     va_rvtest_code_begin+1364
x15 <- 0x0005000000000000

clint mtime 0x000000000000022D (mip.MTI <- 0b1, mip.STI <- 0b0)
mem[X,0x00000000800008F4] -> 0x0613
mem[X,0x00000000800008F6] -> 0x0106
[1114] [S]: 0x00060000800008F4 (0x01060613) addi x12, x12, 0x10                     va_rvtest_code_begin+1368
x12 <- 0x0000000000000020

mem[X,0x00000000800008F8] -> 0xAA23
mem[X,0x00000000800008FA] -> 0x00C7
[1115] [S]: 0x00060000800008F8 (0x00C7AA23) sw x12, 0x14(x15)                       va_rvtest_code_begin+1372
PTW: Start, vpn=0x5000000000, access_type=W, privilege=Smem[R,0x000000008000A028] -> 0x0000000020002401
PTW: Step, level=4, pte=0x20002401, pte_addr=0x8000A028
PTW: Start, vpn=0x5000000000, access_type=W, privilege=Smem[R,0x0000000080009000] -> 0x00000000200014CF
PTW: Step, level=3, pte=0x200014CF, pte_addr=0x80009000
PTW: failed, error=misaligned-superpage, level=3, pte_addr=0x80009000
trapping from S to M to handle store/amo-page-fault
handling exc#store/amo-page-fault at priv M with tval 0x0005000000000014
CSR mstatus (0x300) <- 0x0000000A00000800
CSR mcause (0x342) <- 0x000000000000000F
CSR mtval (0x343) <- 0x0005000000000014
CSR mepc (0x341) <- 0x00060000800008F8

clint mtime 0x000000000000022E (mip.MTI <- 0b1, mip.STI <- 0b0)
mem[X,0x0000000080000F80] -> 0x006F
mem[X,0x0000000080000F82] -> 0x1000
[1116] [M]: 0x0000000080000F80 (0x1000006F) jal x0, 0x100                           Mtrampoline+0

mem[X,0x0000000080001080] -> 0x1173
mem[X,0x0000000080001082] -> 0x3401
[1117] [M]: 0x0000000080001080 (0x34011173) csrrw x2, mscratch, x2                  trap_Mhandler+0
CSR mscratch (0x340) <- 0x0000000000000000
x2 <- 0x0000000080004000

clint mtime 0x000000000000022F (mip.MTI <- 0b1, mip.STI <- 0b0)
mem[X,0x0000000080001084] -> 0x3423
mem[X,0x0000000080001086] -> 0x28B1
[1118] [M]: 0x0000000080001084 (0x28B13423) sd x11, 0x288(x2)                       trap_Mhandler+4
mem[W,0x0000000080004288] <- 0x00000000000000CF

mem[X,0x0000000080001088] -> 0x05EF
mem[X,0x000000008000108A] -> 0x0B80
[1119] [M]: 0x0000000080001088 (0x0B8005EF) jal x11, 0xb8                           trap_Mhandler+8
x11 <- 0x000000008000108C

clint mtime 0x0000000000000230 (mip.MTI <- 0b1, mip.STI <- 0b0)
mem[X,0x0000000080001140] -> 0x3023
mem[X,0x0000000080001142] -> 0x28A1
[1120] [M]: 0x0000000080001140 (0x28A13023) sd x10, 0x280(x2)                       common_Mhandler+0
mem[W,0x0000000080004280] <- 0x00000000200014CF

mem[X,0x0000000080001144] -> 0x1573
mem[X,0x0000000080001146] -> 0x3401
[1121] [M]: 0x0000000080001144 (0x34011573) csrrw x10, mscratch, x2                 common_Mhandler+4
CSR mscratch (0x340) <- 0x0000000080004000
x10 <- 0x0000000000000000

clint mtime 0x0000000000000231 (mip.MTI <- 0b1, mip.STI <- 0b0)
mem[X,0x0000000080001148] -> 0x3823
mem[X,0x000000008000114A] -> 0x28A1
[1122] [M]: 0x0000000080001148 (0x28A13823) sd x10, 0x290(x2)                       common_Mhandler+8
mem[W,0x0000000080004290] <- 0x0000000000000000

mem[X,0x000000008000114C] -> 0x3503
mem[X,0x000000008000114E] -> 0x2301
[1123] [M]: 0x000000008000114C (0x23013503) ld x10, 0x230(x2)                       common_Mhandler+12
mem[R,0x0000000080004230] -> 0x0000000080001154
x10 <- 0x0000000080001154

clint mtime 0x0000000000000232 (mip.MTI <- 0b1, mip.STI <- 0b0)
mem[X,0x0000000080001150] -> 0x0067
mem[X,0x0000000080001152] -> 0x0005
[1124] [M]: 0x0000000080001150 (0x00050067) jalr x0, 0x0(x10)                       common_Mhandler+16

mem[X,0x0000000080001154] -> 0x3C23
mem[X,0x0000000080001156] -> 0x2691
[1125] [M]: 0x0000000080001154 (0x26913C23) sd x9, 0x278(x2)                        common_Mentry+0
mem[W,0x0000000080004278] <- 0x0006000000000148

clint mtime 0x0000000000000233 (mip.MTI <- 0b1, mip.STI <- 0b0)
mem[X,0x0000000080001158] -> 0x3823
mem[X,0x000000008000115A] -> 0x2681
[1126] [M]: 0x0000000080001158 (0x26813823) sd x8, 0x270(x2)                        common_Mentry+4
mem[W,0x0000000080004270] <- 0x0000000000007F76

mem[X,0x000000008000115C] -> 0x3423
mem[X,0x000000008000115E] -> 0x2671
[1127] [M]: 0x000000008000115C (0x26713423) sd x7, 0x268(x2)                        common_Mentry+8
mem[W,0x0000000080004268] <- 0x0000000080004000

clint mtime 0x0000000000000234 (mip.MTI <- 0b1, mip.STI <- 0b0)
mem[X,0x0000000080001160] -> 0x3023
mem[X,0x0000000080001162] -> 0x2661
[1128] [M]: 0x0000000080001160 (0x26613023) sd x6, 0x260(x2)                        common_Mentry+12
mem[W,0x0000000080004260] <- 0xFFFFFFFF7FFFF86C

mem[X,0x0000000080001164] -> 0x2573
mem[X,0x0000000080001166] -> 0x3420
[1129] [M]: 0x0000000080001164 (0x34202573) csrrs x10, mcause, x0                   spcl_M2mmode_test+0
CSR mcause (0x342) -> 0x000000000000000F
x10 <- 0x000000000000000F

clint mtime 0x0000000000000235 (mip.MTI <- 0b1, mip.STI <- 0b0)
mem[X,0x0000000080001168] -> 0x04B7
mem[X,0x000000008000116A] -> 0x8000
[1130] [M]: 0x0000000080001168 (0x800004B7) lui x9, -0x80000                        spcl_M2mmode_test+4
x9 <- 0xFFFFFFFF80000000

mem[X,0x000000008000116C] -> 0x8493
mem[X,0x000000008000116E] -> 0x0004
[1131] [M]: 0x000000008000116C (0x00048493) addi x9, x9, 0x0                        spcl_M2mmode_test+8
x9 <- 0xFFFFFFFF80000000

clint mtime 0x0000000000000236 (mip.MTI <- 0b1, mip.STI <- 0b0)
mem[X,0x0000000080001170] -> 0x9493
mem[X,0x0000000080001172] -> 0x00B4
[1132] [M]: 0x0000000080001170 (0x00B49493) slli x9, x9, 0xb                        spcl_M2mmode_test+12
x9 <- 0xFFFFFC0000000000

mem[X,0x0000000080001174] -> 0x8493
mem[X,0x0000000080001176] -> 0x0004
[1133] [M]: 0x0000000080001174 (0x00048493) addi x9, x9, 0x0                        spcl_M2mmode_test+16
x9 <- 0xFFFFFC0000000000

clint mtime 0x0000000000000237 (mip.MTI <- 0b1, mip.STI <- 0b0)
mem[X,0x0000000080001178] -> 0x9493
mem[X,0x000000008000117A] -> 0x00B4
[1134] [M]: 0x0000000080001178 (0x00B49493) slli x9, x9, 0xb                        spcl_M2mmode_test+20
x9 <- 0xFFE0000000000000

mem[X,0x000000008000117C] -> 0x8493
mem[X,0x000000008000117E] -> 0x0034
[1135] [M]: 0x000000008000117C (0x00348493) addi x9, x9, 0x3                        spcl_M2mmode_test+24
x9 <- 0xFFE0000000000003

clint mtime 0x0000000000000238 (mip.MTI <- 0b1, mip.STI <- 0b0)
mem[X,0x0000000080001180] -> 0x9493
mem[X,0x0000000080001182] -> 0x00A4
[1136] [M]: 0x0000000080001180 (0x00A49493) slli x9, x9, 0xa                        spcl_M2mmode_test+28
x9 <- 0x8000000000000C00

mem[X,0x0000000080001184] -> 0x8493
mem[X,0x0000000080001186] -> 0x3FC4
[1137] [M]: 0x0000000080001184 (0x3FC48493) addi x9, x9, 0x3fc                      spcl_M2mmode_test+32
x9 <- 0x8000000000000FFC

clint mtime 0x0000000000000239 (mip.MTI <- 0b1, mip.STI <- 0b0)
mem[X,0x0000000080001188] -> 0xF4B3
mem[X,0x000000008000118A] -> 0x00A4
[1138] [M]: 0x0000000080001188 (0x00A4F4B3) and x9, x9, x10                         spcl_M2mmode_test+36
x9 <- 0x000000000000000C

mem[X,0x000000008000118C] -> 0x8493
mem[X,0x000000008000118E] -> 0xFF84
[1139] [M]: 0x000000008000118C (0xFF848493) addi x9, x9, -0x8                       spcl_M2mmode_test+40
x9 <- 0x0000000000000004

clint mtime 0x000000000000023A (mip.MTI <- 0b1, mip.STI <- 0b0)
mem[X,0x0000000080001190] -> 0x9663
mem[X,0x0000000080001192] -> 0x0004
[1140] [M]: 0x0000000080001190 (0x00049663) bne x9, x0, 0xc                         spcl_M2mmode_test+44

mem[X,0x000000008000119C] -> 0x0393
mem[X,0x000000008000119E] -> 0x0200
[1141] [M]: 0x000000008000119C (0x02000393) addi x7, x0, 0x20                       Mtrapsig_ptr_upd+0
x7 <- 0x0000000000000020

clint mtime 0x000000000000023B (mip.MTI <- 0b1, mip.STI <- 0b0)
mem[X,0x00000000800011A0] -> 0x5263
mem[X,0x00000000800011A2] -> 0x0405
[1142] [M]: 0x00000000800011A0 (0x04055263) bge x10, x0, 0x44                       Mtrapsig_ptr_upd+4

mem[X,0x00000000800011E4] -> 0x2373
mem[X,0x00000000800011E6] -> 0x3010
[1143] [M]: 0x00000000800011E4 (0x30102373) csrrs x6, misa, x0                      Mxcpt_sig_sv+0
CSR misa (0x301) -> 0x800000000034112F
x6 <- 0x800000000034112F

clint mtime 0x000000000000023C (mip.MTI <- 0b1, mip.STI <- 0b0)
mem[X,0x00000000800011E8] -> 0x1313
mem[X,0x00000000800011EA] -> 0x0383
[1144] [M]: 0x00000000800011E8 (0x03831313) slli x6, x6, 0x38                       Mxcpt_sig_sv+4
x6 <- 0x2F00000000000000

mem[X,0x00000000800011EC] -> 0x5463
mem[X,0x00000000800011EE] -> 0x0003
[1145] [M]: 0x00000000800011EC (0x00035463) bge x6, x0, 0x8                         Mxcpt_sig_sv+8

clint mtime 0x000000000000023D (mip.MTI <- 0b1, mip.STI <- 0b0)
mem[X,0x00000000800011F4] -> 0x3303
mem[X,0x00000000800011F6] -> 0x2181
[1146] [M]: 0x00000000800011F4 (0x21813303) ld x6, 0x218(x2)                        Mtrap_sig_sv+0
mem[R,0x0000000080004218] -> 0x000000008000B2B8
x6 <- 0x000000008000B2B8

mem[X,0x00000000800011F8] -> 0x04B3
mem[X,0x00000000800011FA] -> 0x0073
[1147] [M]: 0x00000000800011F8 (0x007304B3) add x9, x6, x7                          Mtrap_sig_sv+4
x9 <- 0x000000008000B2D8

clint mtime 0x000000000000023E (mip.MTI <- 0b1, mip.STI <- 0b0)
mem[X,0x00000000800011FC] -> 0x3C23
mem[X,0x00000000800011FE] -> 0x2091
[1148] [M]: 0x00000000800011FC (0x20913C23) sd x9, 0x218(x2)                        Mtrap_sig_sv+8
mem[W,0x0000000080004218] <- 0x000000008000B2D8

mem[X,0x0000000080001200] -> 0x3403
mem[X,0x0000000080001202] -> 0x1F81
[1149] [M]: 0x0000000080001200 (0x1F813403) ld x8, 0x1f8(x2)                        Mtrap_sig_sv+12
mem[R,0x00000000800041F8] -> 0x000000008000B110
x8 <- 0x000000008000B110

clint mtime 0x000000000000023F (mip.MTI <- 0b1, mip.STI <- 0b0)
mem[X,0x0000000080001204] -> 0x0333
mem[X,0x0000000080001206] -> 0x4083
[1150] [M]: 0x0000000080001204 (0x40830333) sub x6, x6, x8                          Mtrap_sig_sv+16
x6 <- 0x00000000000001A8

mem[X,0x0000000080001208] -> 0x3403
mem[X,0x000000008000120A] -> 0x1F81
[1151] [M]: 0x0000000080001208 (0x1F813403) ld x8, 0x1f8(x2)                        Mtrap_sig_sv+20
mem[R,0x00000000800041F8] -> 0x000000008000B110
x8 <- 0x000000008000B110

clint mtime 0x0000000000000240 (mip.MTI <- 0b1, mip.STI <- 0b0)
mem[X,0x000000008000120C] -> 0x0333
mem[X,0x000000008000120E] -> 0x0083
[1152] [M]: 0x000000008000120C (0x00830333) add x6, x6, x8                          Mtrap_sig_sv+24
x6 <- 0x000000008000B2B8

mem[X,0x0000000080001210] -> 0x3403
mem[X,0x0000000080001212] -> 0x2401
[1153] [M]: 0x0000000080001210 (0x24013403) ld x8, 0x240(x2)                        Mtrap_sig_sv+28
mem[R,0x0000000080004240] -> 0x0000000080000F80
x8 <- 0x0000000080000F80

clint mtime 0x0000000000000241 (mip.MTI <- 0b1, mip.STI <- 0b0)
mem[X,0x0000000080001214] -> 0x85B3
mem[X,0x0000000080001216] -> 0x4085
[1154] [M]: 0x0000000080001214 (0x408585B3) sub x11, x11, x8                        sv_Mvect+0
x11 <- 0x000000000000010C

mem[X,0x0000000080001218] -> 0x9593
mem[X,0x000000008000121A] -> 0x0045
[1155] [M]: 0x0000000080001218 (0x00459593) slli x11, x11, 0x4                      sv_Mvect+4
x11 <- 0x00000000000010C0

clint mtime 0x0000000000000242 (mip.MTI <- 0b1, mip.STI <- 0b0)
mem[X,0x000000008000121C] -> 0xE5B3
mem[X,0x000000008000121E] -> 0x0075
[1156] [M]: 0x000000008000121C (0x0075E5B3) or x11, x11, x7                         sv_Mvect+8
x11 <- 0x00000000000010E0

mem[X,0x0000000080001220] -> 0x8593
mem[X,0x0000000080001222] -> 0x0035
[1157] [M]: 0x0000000080001220 (0x00358593) addi x11, x11, 0x3                      sv_Mvect+12
x11 <- 0x00000000000010E3

clint mtime 0x0000000000000243 (mip.MTI <- 0b1, mip.STI <- 0b0)
mem[X,0x0000000080001224] -> 0x3023
mem[X,0x0000000080001226] -> 0x00B3
[1158] [M]: 0x0000000080001224 (0x00B33023) sd x11, 0x0(x6)                         sv_Mvect+16
mem[W,0x000000008000B2B8] <- 0x00000000000010E3

mem[X,0x0000000080001228] -> 0x3423
mem[X,0x000000008000122A] -> 0x00A3
[1159] [M]: 0x0000000080001228 (0x00A33423) sd x10, 0x8(x6)                         sv_Mcause+0
mem[W,0x000000008000B2C0] <- 0x000000000000000F

clint mtime 0x0000000000000244 (mip.MTI <- 0b1, mip.STI <- 0b0)
mem[X,0x000000008000122C] -> 0x4663
mem[X,0x000000008000122E] -> 0x1A05
[1160] [M]: 0x000000008000122C (0x1A054663) blt x10, x0, 0x1ac                      sv_Mcause+4

mem[X,0x0000000080001230] -> 0x25F3
mem[X,0x0000000080001232] -> 0x3000
[1161] [M]: 0x0000000080001230 (0x300025F3) csrrs x11, mstatus, x0                  common_Mexcpt_handler+0
CSR mstatus (0x300) -> 0x0000000A00000800
x11 <- 0x0000000A00000800

clint mtime 0x0000000000000245 (mip.MTI <- 0b1, mip.STI <- 0b0)
mem[X,0x0000000080001234] -> 0x9413
mem[X,0x0000000080001236] -> 0x02E5
[1162] [M]: 0x0000000080001234 (0x02E59413) slli x8, x11, 0x2e                      common_Mexcpt_handler+4
x8 <- 0x0200000000000000

mem[X,0x0000000080001238] -> 0x5463
mem[X,0x000000008000123A] -> 0x0004
[1163] [M]: 0x0000000080001238 (0x00045463) bge x8, x0, 0x8                         common_Mexcpt_handler+8

clint mtime 0x0000000000000246 (mip.MTI <- 0b1, mip.STI <- 0b0)
mem[X,0x0000000080001240] -> 0xD493
mem[X,0x0000000080001242] -> 0x00B5
[1164] [M]: 0x0000000080001240 (0x00B5D493) srli x9, x11, 0xb                       common_Mexcpt_handler+16
x9 <- 0x0000000001400001

mem[X,0x0000000080001244] -> 0xF493
mem[X,0x0000000080001246] -> 0x0034
[1165] [M]: 0x0000000080001244 (0x0034F493) andi x9, x9, 0x3                        common_Mexcpt_handler+20
x9 <- 0x0000000000000001

clint mtime 0x0000000000000247 (mip.MTI <- 0b1, mip.STI <- 0b0)
mem[X,0x0000000080001248] -> 0x8493
mem[X,0x000000008000124A] -> 0x0014
[1166] [M]: 0x0000000080001248 (0x00148493) addi x9, x9, 0x1                        common_Mexcpt_handler+24
x9 <- 0x0000000000000002

mem[X,0x000000008000124C] -> 0xF493
mem[X,0x000000008000124E] -> 0x0044
[1167] [M]: 0x000000008000124C (0x0044F493) andi x9, x9, 0x4                        common_Mexcpt_handler+28
x9 <- 0x0000000000000000

clint mtime 0x0000000000000248 (mip.MTI <- 0b1, mip.STI <- 0b0)
mem[X,0x0000000080001250] -> 0x0593
mem[X,0x0000000080001252] -> 0x05D0
[1168] [M]: 0x0000000080001250 (0x05D00593) addi x11, x0, 0x5d                      common_Mexcpt_handler+32
x11 <- 0x000000000000005D

mem[X,0x0000000080001254] -> 0xD5B3
mem[X,0x0000000080001256] -> 0x0095
[1169] [M]: 0x0000000080001254 (0x0095D5B3) srl x11, x11, x9                        common_Mexcpt_handler+36
x11 <- 0x000000000000005D

clint mtime 0x0000000000000249 (mip.MTI <- 0b1, mip.STI <- 0b0)
mem[X,0x0000000080001258] -> 0xF593
mem[X,0x000000008000125A] -> 0x0015
[1170] [M]: 0x0000000080001258 (0x0015F593) andi x11, x11, 0x1                      common_Mexcpt_handler+40
x11 <- 0x0000000000000001

mem[X,0x000000008000125C] -> 0x8EE3
mem[X,0x000000008000125E] -> 0xF405
[1171] [M]: 0x000000008000125C (0xF4058EE3) beq x11, x0, -0xa4                      common_Mexcpt_handler+44

clint mtime 0x000000000000024A (mip.MTI <- 0b1, mip.STI <- 0b0)
mem[X,0x0000000080001260] -> 0x0593
mem[X,0x0000000080001262] -> 0x2980
[1172] [M]: 0x0000000080001260 (0x29800593) addi x11, x0, 0x298                     common_Mexcpt_handler+48
x11 <- 0x0000000000000298

mem[X,0x0000000080001264] -> 0xF413
mem[X,0x0000000080001266] -> 0x0014
[1173] [M]: 0x0000000080001264 (0x0014F413) andi x8, x9, 0x1                        common_Mexcpt_handler+52
x8 <- 0x0000000000000000

clint mtime 0x000000000000024B (mip.MTI <- 0b1, mip.STI <- 0b0)
mem[X,0x0000000080001268] -> 0x95B3
mem[X,0x000000008000126A] -> 0x0085
[1174] [M]: 0x0000000080001268 (0x008595B3) sll x11, x11, x8                        common_Mexcpt_handler+56
x11 <- 0x0000000000000298

mem[X,0x000000008000126C] -> 0x9413
mem[X,0x000000008000126E] -> 0x03D4
[1175] [M]: 0x000000008000126C (0x03D49413) slli x8, x9, 0x3d                       common_Mexcpt_handler+60
x8 <- 0x0000000000000000

clint mtime 0x000000000000024C (mip.MTI <- 0b1, mip.STI <- 0b0)
mem[X,0x0000000080001270] -> 0x5413
mem[X,0x0000000080001272] -> 0x43F4
[1176] [M]: 0x0000000080001270 (0x43F45413) srai x8, x8, 0x3f                       common_Mexcpt_handler+64
x8 <- 0x0000000000000000

mem[X,0x0000000080001274] -> 0x4413
mem[X,0x0000000080001276] -> 0xFFF4
[1177] [M]: 0x0000000080001274 (0xFFF44413) xori x8, x8, -0x1                       common_Mexcpt_handler+68
x8 <- 0xFFFFFFFFFFFFFFFF

clint mtime 0x000000000000024D (mip.MTI <- 0b1, mip.STI <- 0b0)
mem[X,0x0000000080001278] -> 0xF4B3
mem[X,0x000000008000127A] -> 0x0085
[1178] [M]: 0x0000000080001278 (0x0085F4B3) and x9, x11, x8                         common_Mexcpt_handler+72
x9 <- 0x0000000000000298

mem[X,0x000000008000127C] -> 0x84B3
mem[X,0x000000008000127E] -> 0x0024
[1179] [M]: 0x000000008000127C (0x002484B3) add x9, x9, x2                          vmem_adj_Mepc+0
x9 <- 0x0000000080004298

clint mtime 0x000000000000024E (mip.MTI <- 0b1, mip.STI <- 0b0)
mem[X,0x0000000080001280] -> 0x23F3
mem[X,0x0000000080001282] -> 0x3410
[1180] [M]: 0x0000000080001280 (0x341023F3) csrrs x7, mepc, x0                      vmem_adj_Mepc+4
CSR mepc (0x341) -> 0x00060000800008F8
x7 <- 0x00060000800008F8

mem[X,0x0000000080001284] -> 0x0413
mem[X,0x0000000080001286] -> 0x0004
[1181] [M]: 0x0000000080001284 (0x00040413) addi x8, x8, 0x0                        vmem_adj_Mepc+8
x8 <- 0xFFFFFFFFFFFFFFFF

clint mtime 0x000000000000024F (mip.MTI <- 0b1, mip.STI <- 0b0)
mem[X,0x0000000080001288] -> 0x006F
mem[X,0x000000008000128A] -> 0x0400
[1182] [M]: 0x0000000080001288 (0x0400006F) jal x0, 0x40                            vmem_adj_Mepc+12

mem[X,0x00000000800012C8] -> 0x8433
mem[X,0x00000000800012CA] -> 0x4083
[1183] [M]: 0x00000000800012C8 (0x40838433) sub x8, x7, x8                          adj_Mepc+0
x8 <- 0x00060000800008F9

clint mtime 0x0000000000000250 (mip.MTI <- 0b1, mip.STI <- 0b0)
mem[X,0x00000000800012CC] -> 0x3823
mem[X,0x00000000800012CE] -> 0x0083
[1184] [M]: 0x00000000800012CC (0x00833823) sd x8, 0x10(x6)                         sv_Mepc+0
mem[W,0x000000008000B2C8] <- 0x00060000800008F9

mem[X,0x00000000800012D0] -> 0x55B7
mem[X,0x00000000800012D2] -> 0x0000
[1185] [M]: 0x00000000800012D0 (0x000055B7) lui x11, 0x5                            sv_Mepc+4
x11 <- 0x0000000000005000

clint mtime 0x0000000000000251 (mip.MTI <- 0b1, mip.STI <- 0b0)
mem[X,0x00000000800012D4] -> 0x8593
mem[X,0x00000000800012D6] -> 0x6675
[1186] [M]: 0x00000000800012D4 (0x66758593) addi x11, x11, 0x667                    sv_Mepc+8
x11 <- 0x0000000000005667

mem[X,0x00000000800012D8] -> 0x9593
mem[X,0x00000000800012DA] -> 0x0015
[1187] [M]: 0x00000000800012D8 (0x00159593) slli x11, x11, 0x1                      sv_Mepc+12
x11 <- 0x000000000000ACCE

clint mtime 0x0000000000000252 (mip.MTI <- 0b1, mip.STI <- 0b0)
mem[X,0x00000000800012DC] -> 0x9063
mem[X,0x00000000800012DE] -> 0x02B1
[1188] [M]: 0x00000000800012DC (0x02B19063) bne x3, x11, 0x20                       sv_Mepc+16

mem[X,0x00000000800012E0] -> 0x2473
mem[X,0x00000000800012E2] -> 0x3420
[1189] [M]: 0x00000000800012E0 (0x34202473) csrrs x8, mcause, x0                    sv_Mepc+20
CSR mcause (0x342) -> 0x000000000000000F
x8 <- 0x000000000000000F

clint mtime 0x0000000000000253 (mip.MTI <- 0b1, mip.STI <- 0b0)
mem[X,0x00000000800012E4] -> 0x0593
mem[X,0x00000000800012E6] -> 0x00C0
[1190] [M]: 0x00000000800012E4 (0x00C00593) addi x11, x0, 0xc                       sv_Mepc+24
x11 <- 0x000000000000000C

mem[X,0x00000000800012E8] -> 0x0663
mem[X,0x00000000800012EA] -> 0x00B4
[1191] [M]: 0x00000000800012E8 (0x00B40663) beq x8, x11, 0xc                        sv_Mepc+28

clint mtime 0x0000000000000254 (mip.MTI <- 0b1, mip.STI <- 0b0)
mem[X,0x00000000800012EC] -> 0x0593
mem[X,0x00000000800012EE] -> 0x0010
[1192] [M]: 0x00000000800012EC (0x00100593) addi x11, x0, 0x1                       sv_Mepc+32
x11 <- 0x0000000000000001

mem[X,0x00000000800012F0] -> 0x1663
mem[X,0x00000000800012F2] -> 0x00B4
[1193] [M]: 0x00000000800012F0 (0x00B41663) bne x8, x11, 0xc                        sv_Mepc+36

clint mtime 0x0000000000000255 (mip.MTI <- 0b1, mip.STI <- 0b0)
mem[X,0x00000000800012FC] -> 0xF593
mem[X,0x00000000800012FE] -> 0xFFC3
[1194] [M]: 0x00000000800012FC (0xFFC3F593) andi x11, x7, -0x4                      adj_Mepc_rtn+0
x11 <- 0x00060000800008F8

mem[X,0x0000000080001300] -> 0x8593
mem[X,0x0000000080001302] -> 0x0085
[1195] [M]: 0x0000000080001300 (0x00858593) addi x11, x11, 0x8                      adj_Mepc_rtn+4
x11 <- 0x0006000080000900

clint mtime 0x0000000000000256 (mip.MTI <- 0b1, mip.STI <- 0b0)
mem[X,0x0000000080001304] -> 0x9073
mem[X,0x0000000080001306] -> 0x3415
[1196] [M]: 0x0000000080001304 (0x34159073) csrrw x0, mepc, x11                     adj_Mepc_rtn+8
CSR mepc (0x341) <- 0x0006000080000900

mem[X,0x0000000080001308] -> 0x23F3
mem[X,0x000000008000130A] -> 0x3430
[1197] [M]: 0x0000000080001308 (0x343023F3) csrrs x7, mtval, x0                     skp_adj_Mepc+0
CSR mtval (0x343) -> 0x0005000000000014
x7 <- 0x0005000000000014

clint mtime 0x0000000000000257 (mip.MTI <- 0b1, mip.STI <- 0b0)
mem[X,0x000000008000130C] -> 0x0413
mem[X,0x000000008000130E] -> 0x0004
[1198] [M]: 0x000000008000130C (0x00040413) addi x8, x8, 0x0                        skp_adj_Mepc+4
x8 <- 0x000000000000000F

mem[X,0x0000000080001310] -> 0x006F
mem[X,0x0000000080001312] -> 0x0840
[1199] [M]: 0x0000000080001310 (0x0840006F) jal x0, 0x84                            skp_adj_Mepc+8

clint mtime 0x0000000000000258 (mip.MTI <- 0b1, mip.STI <- 0b0)
mem[X,0x0000000080001394] -> 0x8433
mem[X,0x0000000080001396] -> 0x4083
[1200] [M]: 0x0000000080001394 (0x40838433) sub x8, x7, x8                          adj_Mtval+0
x8 <- 0x0005000000000005

mem[X,0x0000000080001398] -> 0x3C23
mem[X,0x000000008000139A] -> 0x0083
[1201] [M]: 0x0000000080001398 (0x00833C23) sd x8, 0x18(x6)                         sv_Mtval+0
mem[W,0x000000008000B2D0] <- 0x0005000000000005

clint mtime 0x0000000000000259 (mip.MTI <- 0b1, mip.STI <- 0b0)
mem[X,0x000000008000139C] -> 0x3483
mem[X,0x000000008000139E] -> 0x2181
[1202] [M]: 0x000000008000139C (0x21813483) ld x9, 0x218(x2)                        skp_Mtval+0
mem[R,0x0000000080004218] -> 0x000000008000B2D8
x9 <- 0x000000008000B2D8

mem[X,0x00000000800013A0] -> 0x3383
mem[X,0x00000000800013A2] -> 0x1F81
[1203] [M]: 0x00000000800013A0 (0x1F813383) ld x7, 0x1f8(x2)                        skp_Mtval+4
mem[R,0x00000000800041F8] -> 0x000000008000B110
x7 <- 0x000000008000B110

clint mtime 0x000000000000025A (mip.MTI <- 0b1, mip.STI <- 0b0)
mem[X,0x00000000800013A4] -> 0x3303
mem[X,0x00000000800013A6] -> 0x2001
[1204] [M]: 0x00000000800013A4 (0x20013303) ld x6, 0x200(x2)                        skp_Mtval+8
mem[R,0x0000000080004200] -> 0x0000000000000310
x6 <- 0x0000000000000310

mem[X,0x00000000800013A8] -> 0x0333
mem[X,0x00000000800013AA] -> 0x0073
[1205] [M]: 0x00000000800013A8 (0x00730333) add x6, x6, x7                          skp_Mtval+12
x6 <- 0x000000008000B420

clint mtime 0x000000000000025B (mip.MTI <- 0b1, mip.STI <- 0b0)
mem[X,0x00000000800013AC] -> 0x6AE3
mem[X,0x00000000800013AE] -> 0xAC93
[1206] [M]: 0x00000000800013AC (0xAC936AE3) bltu x6, x9, -0x52c                     skp_Mtval+16

mem[X,0x00000000800013B0] -> 0x0393
mem[X,0x00000000800013B2] -> 0x2000
[1207] [M]: 0x00000000800013B0 (0x20000393) addi x7, x0, 0x200                      skp_Mtval+20
x7 <- 0x0000000000000200

clint mtime 0x000000000000025C (mip.MTI <- 0b1, mip.STI <- 0b0)
mem[X,0x00000000800013B4] -> 0x006F
mem[X,0x00000000800013B6] -> 0x0400
[1208] [M]: 0x00000000800013B4 (0x0400006F) jal x0, 0x40                            skp_Mtval+24

mem[X,0x00000000800013F4] -> 0x0417
mem[X,0x00000000800013F6] -> 0x0000
[1209] [M]: 0x00000000800013F4 (0x00000417) auipc x8, 0x0                           spcl_Mhandler+0
x8 <- 0x00000000800013F4

clint mtime 0x000000000000025D (mip.MTI <- 0b1, mip.STI <- 0b0)
mem[X,0x00000000800013F8] -> 0x0413
mem[X,0x00000000800013FA] -> 0x03C4
[1210] [M]: 0x00000000800013F8 (0x03C40413) addi x8, x8, 0x3c                       spcl_Mhandler+4
x8 <- 0x0000000080001430

mem[X,0x00000000800013FC] -> 0x0433
mem[X,0x00000000800013FE] -> 0x0074
[1211] [M]: 0x00000000800013FC (0x00740433) add x8, x8, x7                          spcl_Mhandler+8
x8 <- 0x0000000080001630

clint mtime 0x000000000000025E (mip.MTI <- 0b1, mip.STI <- 0b0)
mem[X,0x0000000080001400] -> 0x1393
mem[X,0x0000000080001402] -> 0x0035
[1212] [M]: 0x0000000080001400 (0x00351393) slli x7, x10, 0x3                       spcl_Mhandler+12
x7 <- 0x0000000000000078

mem[X,0x0000000080001404] -> 0x0433
mem[X,0x0000000080001406] -> 0x0074
[1213] [M]: 0x0000000080001404 (0x00740433) add x8, x8, x7                          spcl_Mhandler+16
x8 <- 0x00000000800016A8

clint mtime 0x000000000000025F (mip.MTI <- 0b1, mip.STI <- 0b0)
mem[X,0x0000000080001408] -> 0x7413
mem[X,0x000000008000140A] -> 0xFF84
[1214] [M]: 0x0000000080001408 (0xFF847413) andi x8, x8, -0x8                       spcl_Mhandler+20
x8 <- 0x00000000800016A8

mem[X,0x000000008000140C] -> 0x3403
mem[X,0x000000008000140E] -> 0x0004
[1215] [M]: 0x000000008000140C (0x00043403) ld x8, 0x0(x8)                          spcl_Mhandler+24
mem[R,0x00000000800016A8] -> 0x000000000000001F
x8 <- 0x000000000000001F

clint mtime 0x0000000000000260 (mip.MTI <- 0b1, mip.STI <- 0b0)
mem[X,0x0000000080001410] -> 0x02E3
mem[X,0x0000000080001412] -> 0xB004
[1216] [M]: 0x0000000080001410 (0xB00402E3) beq x8, x0, -0x4fc                      spcl_Mdispatch_hndling+0

mem[X,0x0000000080001414] -> 0x1393
mem[X,0x0000000080001416] -> 0x03F4
[1217] [M]: 0x0000000080001414 (0x03F41393) slli x7, x8, 0x3f                       spcl_Mdispatch_hndling+4
x7 <- 0x8000000000000000

clint mtime 0x0000000000000261 (mip.MTI <- 0b1, mip.STI <- 0b0)
mem[X,0x0000000080001418] -> 0xD863
mem[X,0x000000008000141A] -> 0x0003
[1218] [M]: 0x0000000080001418 (0x0003D863) bge x7, x0, 0x10                        spcl_Mdispatch_hndling+8

mem[X,0x000000008000141C] -> 0x5413
mem[X,0x000000008000141E] -> 0x0014
[1219] [M]: 0x000000008000141C (0x00145413) srli x8, x8, 0x1                        spcl_Mdispatch_hndling+12
x8 <- 0x000000000000000F

clint mtime 0x0000000000000262 (mip.MTI <- 0b1, mip.STI <- 0b0)
mem[X,0x0000000080001420] -> 0x0CE3
mem[X,0x0000000080001422] -> 0xF885
[1220] [M]: 0x0000000080001420 (0xF8850CE3) beq x10, x8, -0x68                      spcl_Mdispatch_hndling+16

mem[X,0x00000000800013B8] -> 0x3303
mem[X,0x00000000800013BA] -> 0x2601
[1221] [M]: 0x00000000800013B8 (0x26013303) ld x6, 0x260(x2)                        resto_Mrtn+0
mem[R,0x0000000080004260] -> 0xFFFFFFFF7FFFF86C
x6 <- 0xFFFFFFFF7FFFF86C

clint mtime 0x0000000000000263 (mip.MTI <- 0b1, mip.STI <- 0b0)
mem[X,0x00000000800013BC] -> 0x3383
mem[X,0x00000000800013BE] -> 0x2681
[1222] [M]: 0x00000000800013BC (0x26813383) ld x7, 0x268(x2)                        resto_Mrtn+4
mem[R,0x0000000080004268] -> 0x0000000080004000
x7 <- 0x0000000080004000

mem[X,0x00000000800013C0] -> 0x3403
mem[X,0x00000000800013C2] -> 0x2701
[1223] [M]: 0x00000000800013C0 (0x27013403) ld x8, 0x270(x2)                        resto_Mrtn+8
mem[R,0x0000000080004270] -> 0x0000000000007F76
x8 <- 0x0000000000007F76

clint mtime 0x0000000000000264 (mip.MTI <- 0b1, mip.STI <- 0b0)
mem[X,0x00000000800013C4] -> 0x3483
mem[X,0x00000000800013C6] -> 0x2781
[1224] [M]: 0x00000000800013C4 (0x27813483) ld x9, 0x278(x2)                        resto_Mrtn+12
mem[R,0x0000000080004278] -> 0x0006000000000148
x9 <- 0x0006000000000148

mem[X,0x00000000800013C8] -> 0x3503
mem[X,0x00000000800013CA] -> 0x2801
[1225] [M]: 0x00000000800013C8 (0x28013503) ld x10, 0x280(x2)                       resto_Mrtn+16
mem[R,0x0000000080004280] -> 0x00000000200014CF
x10 <- 0x00000000200014CF

clint mtime 0x0000000000000265 (mip.MTI <- 0b1, mip.STI <- 0b0)
mem[X,0x00000000800013CC] -> 0x3583
mem[X,0x00000000800013CE] -> 0x2881
[1226] [M]: 0x00000000800013CC (0x28813583) ld x11, 0x288(x2)                       resto_Mrtn+20
mem[R,0x0000000080004288] -> 0x00000000000000CF
x11 <- 0x00000000000000CF

mem[X,0x00000000800013D0] -> 0x3103
mem[X,0x00000000800013D2] -> 0x2901
[1227] [M]: 0x00000000800013D0 (0x29013103) ld x2, 0x290(x2)                        resto_Mrtn+24
mem[R,0x0000000080004290] -> 0x0000000000000000
x2 <- 0x0000000000000000

clint mtime 0x0000000000000266 (mip.MTI <- 0b1, mip.STI <- 0b0)
mem[X,0x00000000800013D4] -> 0x0073
mem[X,0x00000000800013D6] -> 0x3020
[1228] [M]: 0x00000000800013D4 (0x30200073) mret                                    resto_Mrtn+28
CSR mstatus (0x300) <- 0x0000000A00000080
ret-ing from M to S

mem[X,0x0000000080000900] -> 0xA703
mem[X,0x0000000080000902] -> 0x0147
[1229] [S]: 0x0006000080000900 (0x0147A703) lw x14, 0x14(x15)                       va_rvtest_code_begin+1380
PTW: Start, vpn=0x5000000000, access_type=R, privilege=Smem[R,0x000000008000A028] -> 0x0000000020002401
PTW: Step, level=4, pte=0x20002401, pte_addr=0x8000A028
PTW: Start, vpn=0x5000000000, access_type=R, privilege=Smem[R,0x0000000080009000] -> 0x00000000200014CF
PTW: Step, level=3, pte=0x200014CF, pte_addr=0x80009000
PTW: failed, error=misaligned-superpage, level=3, pte_addr=0x80009000
trapping from S to M to handle load-page-fault
handling exc#load-page-fault at priv M with tval 0x0005000000000014
CSR mstatus (0x300) <- 0x0000000A00000800
CSR mcause (0x342) <- 0x000000000000000D
CSR mtval (0x343) <- 0x0005000000000014
CSR mepc (0x341) <- 0x0006000080000900

clint mtime 0x0000000000000267 (mip.MTI <- 0b1, mip.STI <- 0b0)
mem[X,0x0000000080000F80] -> 0x006F
mem[X,0x0000000080000F82] -> 0x1000
[1230] [M]: 0x0000000080000F80 (0x1000006F) jal x0, 0x100                           Mtrampoline+0

mem[X,0x0000000080001080] -> 0x1173
mem[X,0x0000000080001082] -> 0x3401
[1231] [M]: 0x0000000080001080 (0x34011173) csrrw x2, mscratch, x2                  trap_Mhandler+0
CSR mscratch (0x340) <- 0x0000000000000000
x2 <- 0x0000000080004000

clint mtime 0x0000000000000268 (mip.MTI <- 0b1, mip.STI <- 0b0)
mem[X,0x0000000080001084] -> 0x3423
mem[X,0x0000000080001086] -> 0x28B1
[1232] [M]: 0x0000000080001084 (0x28B13423) sd x11, 0x288(x2)                       trap_Mhandler+4
mem[W,0x0000000080004288] <- 0x00000000000000CF

mem[X,0x0000000080001088] -> 0x05EF
mem[X,0x000000008000108A] -> 0x0B80
[1233] [M]: 0x0000000080001088 (0x0B8005EF) jal x11, 0xb8                           trap_Mhandler+8
x11 <- 0x000000008000108C

clint mtime 0x0000000000000269 (mip.MTI <- 0b1, mip.STI <- 0b0)
mem[X,0x0000000080001140] -> 0x3023
mem[X,0x0000000080001142] -> 0x28A1
[1234] [M]: 0x0000000080001140 (0x28A13023) sd x10, 0x280(x2)                       common_Mhandler+0
mem[W,0x0000000080004280] <- 0x00000000200014CF

mem[X,0x0000000080001144] -> 0x1573
mem[X,0x0000000080001146] -> 0x3401
[1235] [M]: 0x0000000080001144 (0x34011573) csrrw x10, mscratch, x2                 common_Mhandler+4
CSR mscratch (0x340) <- 0x0000000080004000
x10 <- 0x0000000000000000

clint mtime 0x000000000000026A (mip.MTI <- 0b1, mip.STI <- 0b0)
mem[X,0x0000000080001148] -> 0x3823
mem[X,0x000000008000114A] -> 0x28A1
[1236] [M]: 0x0000000080001148 (0x28A13823) sd x10, 0x290(x2)                       common_Mhandler+8
mem[W,0x0000000080004290] <- 0x0000000000000000

mem[X,0x000000008000114C] -> 0x3503
mem[X,0x000000008000114E] -> 0x2301
[1237] [M]: 0x000000008000114C (0x23013503) ld x10, 0x230(x2)                       common_Mhandler+12
mem[R,0x0000000080004230] -> 0x0000000080001154
x10 <- 0x0000000080001154

clint mtime 0x000000000000026B (mip.MTI <- 0b1, mip.STI <- 0b0)
mem[X,0x0000000080001150] -> 0x0067
mem[X,0x0000000080001152] -> 0x0005
[1238] [M]: 0x0000000080001150 (0x00050067) jalr x0, 0x0(x10)                       common_Mhandler+16

mem[X,0x0000000080001154] -> 0x3C23
mem[X,0x0000000080001156] -> 0x2691
[1239] [M]: 0x0000000080001154 (0x26913C23) sd x9, 0x278(x2)                        common_Mentry+0
mem[W,0x0000000080004278] <- 0x0006000000000148

clint mtime 0x000000000000026C (mip.MTI <- 0b1, mip.STI <- 0b0)
mem[X,0x0000000080001158] -> 0x3823
mem[X,0x000000008000115A] -> 0x2681
[1240] [M]: 0x0000000080001158 (0x26813823) sd x8, 0x270(x2)                        common_Mentry+4
mem[W,0x0000000080004270] <- 0x0000000000007F76

mem[X,0x000000008000115C] -> 0x3423
mem[X,0x000000008000115E] -> 0x2671
[1241] [M]: 0x000000008000115C (0x26713423) sd x7, 0x268(x2)                        common_Mentry+8
mem[W,0x0000000080004268] <- 0x0000000080004000

clint mtime 0x000000000000026D (mip.MTI <- 0b1, mip.STI <- 0b0)
mem[X,0x0000000080001160] -> 0x3023
mem[X,0x0000000080001162] -> 0x2661
[1242] [M]: 0x0000000080001160 (0x26613023) sd x6, 0x260(x2)                        common_Mentry+12
mem[W,0x0000000080004260] <- 0xFFFFFFFF7FFFF86C

mem[X,0x0000000080001164] -> 0x2573
mem[X,0x0000000080001166] -> 0x3420
[1243] [M]: 0x0000000080001164 (0x34202573) csrrs x10, mcause, x0                   spcl_M2mmode_test+0
CSR mcause (0x342) -> 0x000000000000000D
x10 <- 0x000000000000000D

clint mtime 0x000000000000026E (mip.MTI <- 0b1, mip.STI <- 0b0)
mem[X,0x0000000080001168] -> 0x04B7
mem[X,0x000000008000116A] -> 0x8000
[1244] [M]: 0x0000000080001168 (0x800004B7) lui x9, -0x80000                        spcl_M2mmode_test+4
x9 <- 0xFFFFFFFF80000000

mem[X,0x000000008000116C] -> 0x8493
mem[X,0x000000008000116E] -> 0x0004
[1245] [M]: 0x000000008000116C (0x00048493) addi x9, x9, 0x0                        spcl_M2mmode_test+8
x9 <- 0xFFFFFFFF80000000

clint mtime 0x000000000000026F (mip.MTI <- 0b1, mip.STI <- 0b0)
mem[X,0x0000000080001170] -> 0x9493
mem[X,0x0000000080001172] -> 0x00B4
[1246] [M]: 0x0000000080001170 (0x00B49493) slli x9, x9, 0xb                        spcl_M2mmode_test+12
x9 <- 0xFFFFFC0000000000

mem[X,0x0000000080001174] -> 0x8493
mem[X,0x0000000080001176] -> 0x0004
[1247] [M]: 0x0000000080001174 (0x00048493) addi x9, x9, 0x0                        spcl_M2mmode_test+16
x9 <- 0xFFFFFC0000000000

clint mtime 0x0000000000000270 (mip.MTI <- 0b1, mip.STI <- 0b0)
mem[X,0x0000000080001178] -> 0x9493
mem[X,0x000000008000117A] -> 0x00B4
[1248] [M]: 0x0000000080001178 (0x00B49493) slli x9, x9, 0xb                        spcl_M2mmode_test+20
x9 <- 0xFFE0000000000000

mem[X,0x000000008000117C] -> 0x8493
mem[X,0x000000008000117E] -> 0x0034
[1249] [M]: 0x000000008000117C (0x00348493) addi x9, x9, 0x3                        spcl_M2mmode_test+24
x9 <- 0xFFE0000000000003

clint mtime 0x0000000000000271 (mip.MTI <- 0b1, mip.STI <- 0b0)
mem[X,0x0000000080001180] -> 0x9493
mem[X,0x0000000080001182] -> 0x00A4
[1250] [M]: 0x0000000080001180 (0x00A49493) slli x9, x9, 0xa                        spcl_M2mmode_test+28
x9 <- 0x8000000000000C00

mem[X,0x0000000080001184] -> 0x8493
mem[X,0x0000000080001186] -> 0x3FC4
[1251] [M]: 0x0000000080001184 (0x3FC48493) addi x9, x9, 0x3fc                      spcl_M2mmode_test+32
x9 <- 0x8000000000000FFC

clint mtime 0x0000000000000272 (mip.MTI <- 0b1, mip.STI <- 0b0)
mem[X,0x0000000080001188] -> 0xF4B3
mem[X,0x000000008000118A] -> 0x00A4
[1252] [M]: 0x0000000080001188 (0x00A4F4B3) and x9, x9, x10                         spcl_M2mmode_test+36
x9 <- 0x000000000000000C

mem[X,0x000000008000118C] -> 0x8493
mem[X,0x000000008000118E] -> 0xFF84
[1253] [M]: 0x000000008000118C (0xFF848493) addi x9, x9, -0x8                       spcl_M2mmode_test+40
x9 <- 0x0000000000000004

clint mtime 0x0000000000000273 (mip.MTI <- 0b1, mip.STI <- 0b0)
mem[X,0x0000000080001190] -> 0x9663
mem[X,0x0000000080001192] -> 0x0004
[1254] [M]: 0x0000000080001190 (0x00049663) bne x9, x0, 0xc                         spcl_M2mmode_test+44

mem[X,0x000000008000119C] -> 0x0393
mem[X,0x000000008000119E] -> 0x0200
[1255] [M]: 0x000000008000119C (0x02000393) addi x7, x0, 0x20                       Mtrapsig_ptr_upd+0
x7 <- 0x0000000000000020

clint mtime 0x0000000000000274 (mip.MTI <- 0b1, mip.STI <- 0b0)
mem[X,0x00000000800011A0] -> 0x5263
mem[X,0x00000000800011A2] -> 0x0405
[1256] [M]: 0x00000000800011A0 (0x04055263) bge x10, x0, 0x44                       Mtrapsig_ptr_upd+4

mem[X,0x00000000800011E4] -> 0x2373
mem[X,0x00000000800011E6] -> 0x3010
[1257] [M]: 0x00000000800011E4 (0x30102373) csrrs x6, misa, x0                      Mxcpt_sig_sv+0
CSR misa (0x301) -> 0x800000000034112F
x6 <- 0x800000000034112F

clint mtime 0x0000000000000275 (mip.MTI <- 0b1, mip.STI <- 0b0)
mem[X,0x00000000800011E8] -> 0x1313
mem[X,0x00000000800011EA] -> 0x0383
[1258] [M]: 0x00000000800011E8 (0x03831313) slli x6, x6, 0x38                       Mxcpt_sig_sv+4
x6 <- 0x2F00000000000000

mem[X,0x00000000800011EC] -> 0x5463
mem[X,0x00000000800011EE] -> 0x0003
[1259] [M]: 0x00000000800011EC (0x00035463) bge x6, x0, 0x8                         Mxcpt_sig_sv+8

clint mtime 0x0000000000000276 (mip.MTI <- 0b1, mip.STI <- 0b0)
mem[X,0x00000000800011F4] -> 0x3303
mem[X,0x00000000800011F6] -> 0x2181
[1260] [M]: 0x00000000800011F4 (0x21813303) ld x6, 0x218(x2)                        Mtrap_sig_sv+0
mem[R,0x0000000080004218] -> 0x000000008000B2D8
x6 <- 0x000000008000B2D8

mem[X,0x00000000800011F8] -> 0x04B3
mem[X,0x00000000800011FA] -> 0x0073
[1261] [M]: 0x00000000800011F8 (0x007304B3) add x9, x6, x7                          Mtrap_sig_sv+4
x9 <- 0x000000008000B2F8

clint mtime 0x0000000000000277 (mip.MTI <- 0b1, mip.STI <- 0b0)
mem[X,0x00000000800011FC] -> 0x3C23
mem[X,0x00000000800011FE] -> 0x2091
[1262] [M]: 0x00000000800011FC (0x20913C23) sd x9, 0x218(x2)                        Mtrap_sig_sv+8
mem[W,0x0000000080004218] <- 0x000000008000B2F8

mem[X,0x0000000080001200] -> 0x3403
mem[X,0x0000000080001202] -> 0x1F81
[1263] [M]: 0x0000000080001200 (0x1F813403) ld x8, 0x1f8(x2)                        Mtrap_sig_sv+12
mem[R,0x00000000800041F8] -> 0x000000008000B110
x8 <- 0x000000008000B110

clint mtime 0x0000000000000278 (mip.MTI <- 0b1, mip.STI <- 0b0)
mem[X,0x0000000080001204] -> 0x0333
mem[X,0x0000000080001206] -> 0x4083
[1264] [M]: 0x0000000080001204 (0x40830333) sub x6, x6, x8                          Mtrap_sig_sv+16
x6 <- 0x00000000000001C8

mem[X,0x0000000080001208] -> 0x3403
mem[X,0x000000008000120A] -> 0x1F81
[1265] [M]: 0x0000000080001208 (0x1F813403) ld x8, 0x1f8(x2)                        Mtrap_sig_sv+20
mem[R,0x00000000800041F8] -> 0x000000008000B110
x8 <- 0x000000008000B110

clint mtime 0x0000000000000279 (mip.MTI <- 0b1, mip.STI <- 0b0)
mem[X,0x000000008000120C] -> 0x0333
mem[X,0x000000008000120E] -> 0x0083
[1266] [M]: 0x000000008000120C (0x00830333) add x6, x6, x8                          Mtrap_sig_sv+24
x6 <- 0x000000008000B2D8

mem[X,0x0000000080001210] -> 0x3403
mem[X,0x0000000080001212] -> 0x2401
[1267] [M]: 0x0000000080001210 (0x24013403) ld x8, 0x240(x2)                        Mtrap_sig_sv+28
mem[R,0x0000000080004240] -> 0x0000000080000F80
x8 <- 0x0000000080000F80

clint mtime 0x000000000000027A (mip.MTI <- 0b1, mip.STI <- 0b0)
mem[X,0x0000000080001214] -> 0x85B3
mem[X,0x0000000080001216] -> 0x4085
[1268] [M]: 0x0000000080001214 (0x408585B3) sub x11, x11, x8                        sv_Mvect+0
x11 <- 0x000000000000010C

mem[X,0x0000000080001218] -> 0x9593
mem[X,0x000000008000121A] -> 0x0045
[1269] [M]: 0x0000000080001218 (0x00459593) slli x11, x11, 0x4                      sv_Mvect+4
x11 <- 0x00000000000010C0

clint mtime 0x000000000000027B (mip.MTI <- 0b1, mip.STI <- 0b0)
mem[X,0x000000008000121C] -> 0xE5B3
mem[X,0x000000008000121E] -> 0x0075
[1270] [M]: 0x000000008000121C (0x0075E5B3) or x11, x11, x7                         sv_Mvect+8
x11 <- 0x00000000000010E0

mem[X,0x0000000080001220] -> 0x8593
mem[X,0x0000000080001222] -> 0x0035
[1271] [M]: 0x0000000080001220 (0x00358593) addi x11, x11, 0x3                      sv_Mvect+12
x11 <- 0x00000000000010E3

clint mtime 0x000000000000027C (mip.MTI <- 0b1, mip.STI <- 0b0)
mem[X,0x0000000080001224] -> 0x3023
mem[X,0x0000000080001226] -> 0x00B3
[1272] [M]: 0x0000000080001224 (0x00B33023) sd x11, 0x0(x6)                         sv_Mvect+16
mem[W,0x000000008000B2D8] <- 0x00000000000010E3

mem[X,0x0000000080001228] -> 0x3423
mem[X,0x000000008000122A] -> 0x00A3
[1273] [M]: 0x0000000080001228 (0x00A33423) sd x10, 0x8(x6)                         sv_Mcause+0
mem[W,0x000000008000B2E0] <- 0x000000000000000D

clint mtime 0x000000000000027D (mip.MTI <- 0b1, mip.STI <- 0b0)
mem[X,0x000000008000122C] -> 0x4663
mem[X,0x000000008000122E] -> 0x1A05
[1274] [M]: 0x000000008000122C (0x1A054663) blt x10, x0, 0x1ac                      sv_Mcause+4

mem[X,0x0000000080001230] -> 0x25F3
mem[X,0x0000000080001232] -> 0x3000
[1275] [M]: 0x0000000080001230 (0x300025F3) csrrs x11, mstatus, x0                  common_Mexcpt_handler+0
CSR mstatus (0x300) -> 0x0000000A00000800
x11 <- 0x0000000A00000800

clint mtime 0x000000000000027E (mip.MTI <- 0b1, mip.STI <- 0b0)
mem[X,0x0000000080001234] -> 0x9413
mem[X,0x0000000080001236] -> 0x02E5
[1276] [M]: 0x0000000080001234 (0x02E59413) slli x8, x11, 0x2e                      common_Mexcpt_handler+4
x8 <- 0x0200000000000000

mem[X,0x0000000080001238] -> 0x5463
mem[X,0x000000008000123A] -> 0x0004
[1277] [M]: 0x0000000080001238 (0x00045463) bge x8, x0, 0x8                         common_Mexcpt_handler+8

clint mtime 0x000000000000027F (mip.MTI <- 0b1, mip.STI <- 0b0)
mem[X,0x0000000080001240] -> 0xD493
mem[X,0x0000000080001242] -> 0x00B5
[1278] [M]: 0x0000000080001240 (0x00B5D493) srli x9, x11, 0xb                       common_Mexcpt_handler+16
x9 <- 0x0000000001400001

mem[X,0x0000000080001244] -> 0xF493
mem[X,0x0000000080001246] -> 0x0034
[1279] [M]: 0x0000000080001244 (0x0034F493) andi x9, x9, 0x3                        common_Mexcpt_handler+20
x9 <- 0x0000000000000001

clint mtime 0x0000000000000280 (mip.MTI <- 0b1, mip.STI <- 0b0)
mem[X,0x0000000080001248] -> 0x8493
mem[X,0x000000008000124A] -> 0x0014
[1280] [M]: 0x0000000080001248 (0x00148493) addi x9, x9, 0x1                        common_Mexcpt_handler+24
x9 <- 0x0000000000000002

mem[X,0x000000008000124C] -> 0xF493
mem[X,0x000000008000124E] -> 0x0044
[1281] [M]: 0x000000008000124C (0x0044F493) andi x9, x9, 0x4                        common_Mexcpt_handler+28
x9 <- 0x0000000000000000

clint mtime 0x0000000000000281 (mip.MTI <- 0b1, mip.STI <- 0b0)
mem[X,0x0000000080001250] -> 0x0593
mem[X,0x0000000080001252] -> 0x05D0
[1282] [M]: 0x0000000080001250 (0x05D00593) addi x11, x0, 0x5d                      common_Mexcpt_handler+32
x11 <- 0x000000000000005D

mem[X,0x0000000080001254] -> 0xD5B3
mem[X,0x0000000080001256] -> 0x0095
[1283] [M]: 0x0000000080001254 (0x0095D5B3) srl x11, x11, x9                        common_Mexcpt_handler+36
x11 <- 0x000000000000005D

clint mtime 0x0000000000000282 (mip.MTI <- 0b1, mip.STI <- 0b0)
mem[X,0x0000000080001258] -> 0xF593
mem[X,0x000000008000125A] -> 0x0015
[1284] [M]: 0x0000000080001258 (0x0015F593) andi x11, x11, 0x1                      common_Mexcpt_handler+40
x11 <- 0x0000000000000001

mem[X,0x000000008000125C] -> 0x8EE3
mem[X,0x000000008000125E] -> 0xF405
[1285] [M]: 0x000000008000125C (0xF4058EE3) beq x11, x0, -0xa4                      common_Mexcpt_handler+44

clint mtime 0x0000000000000283 (mip.MTI <- 0b1, mip.STI <- 0b0)
mem[X,0x0000000080001260] -> 0x0593
mem[X,0x0000000080001262] -> 0x2980
[1286] [M]: 0x0000000080001260 (0x29800593) addi x11, x0, 0x298                     common_Mexcpt_handler+48
x11 <- 0x0000000000000298

mem[X,0x0000000080001264] -> 0xF413
mem[X,0x0000000080001266] -> 0x0014
[1287] [M]: 0x0000000080001264 (0x0014F413) andi x8, x9, 0x1                        common_Mexcpt_handler+52
x8 <- 0x0000000000000000

clint mtime 0x0000000000000284 (mip.MTI <- 0b1, mip.STI <- 0b0)
mem[X,0x0000000080001268] -> 0x95B3
mem[X,0x000000008000126A] -> 0x0085
[1288] [M]: 0x0000000080001268 (0x008595B3) sll x11, x11, x8                        common_Mexcpt_handler+56
x11 <- 0x0000000000000298

mem[X,0x000000008000126C] -> 0x9413
mem[X,0x000000008000126E] -> 0x03D4
[1289] [M]: 0x000000008000126C (0x03D49413) slli x8, x9, 0x3d                       common_Mexcpt_handler+60
x8 <- 0x0000000000000000

clint mtime 0x0000000000000285 (mip.MTI <- 0b1, mip.STI <- 0b0)
mem[X,0x0000000080001270] -> 0x5413
mem[X,0x0000000080001272] -> 0x43F4
[1290] [M]: 0x0000000080001270 (0x43F45413) srai x8, x8, 0x3f                       common_Mexcpt_handler+64
x8 <- 0x0000000000000000

mem[X,0x0000000080001274] -> 0x4413
mem[X,0x0000000080001276] -> 0xFFF4
[1291] [M]: 0x0000000080001274 (0xFFF44413) xori x8, x8, -0x1                       common_Mexcpt_handler+68
x8 <- 0xFFFFFFFFFFFFFFFF

clint mtime 0x0000000000000286 (mip.MTI <- 0b1, mip.STI <- 0b0)
mem[X,0x0000000080001278] -> 0xF4B3
mem[X,0x000000008000127A] -> 0x0085
[1292] [M]: 0x0000000080001278 (0x0085F4B3) and x9, x11, x8                         common_Mexcpt_handler+72
x9 <- 0x0000000000000298

mem[X,0x000000008000127C] -> 0x84B3
mem[X,0x000000008000127E] -> 0x0024
[1293] [M]: 0x000000008000127C (0x002484B3) add x9, x9, x2                          vmem_adj_Mepc+0
x9 <- 0x0000000080004298

clint mtime 0x0000000000000287 (mip.MTI <- 0b1, mip.STI <- 0b0)
mem[X,0x0000000080001280] -> 0x23F3
mem[X,0x0000000080001282] -> 0x3410
[1294] [M]: 0x0000000080001280 (0x341023F3) csrrs x7, mepc, x0                      vmem_adj_Mepc+4
CSR mepc (0x341) -> 0x0006000080000900
x7 <- 0x0006000080000900

mem[X,0x0000000080001284] -> 0x0413
mem[X,0x0000000080001286] -> 0x0004
[1295] [M]: 0x0000000080001284 (0x00040413) addi x8, x8, 0x0                        vmem_adj_Mepc+8
x8 <- 0xFFFFFFFFFFFFFFFF

clint mtime 0x0000000000000288 (mip.MTI <- 0b1, mip.STI <- 0b0)
mem[X,0x0000000080001288] -> 0x006F
mem[X,0x000000008000128A] -> 0x0400
[1296] [M]: 0x0000000080001288 (0x0400006F) jal x0, 0x40                            vmem_adj_Mepc+12

mem[X,0x00000000800012C8] -> 0x8433
mem[X,0x00000000800012CA] -> 0x4083
[1297] [M]: 0x00000000800012C8 (0x40838433) sub x8, x7, x8                          adj_Mepc+0
x8 <- 0x0006000080000901

clint mtime 0x0000000000000289 (mip.MTI <- 0b1, mip.STI <- 0b0)
mem[X,0x00000000800012CC] -> 0x3823
mem[X,0x00000000800012CE] -> 0x0083
[1298] [M]: 0x00000000800012CC (0x00833823) sd x8, 0x10(x6)                         sv_Mepc+0
mem[W,0x000000008000B2E8] <- 0x0006000080000901

mem[X,0x00000000800012D0] -> 0x55B7
mem[X,0x00000000800012D2] -> 0x0000
[1299] [M]: 0x00000000800012D0 (0x000055B7) lui x11, 0x5                            sv_Mepc+4
x11 <- 0x0000000000005000

clint mtime 0x000000000000028A (mip.MTI <- 0b1, mip.STI <- 0b0)
mem[X,0x00000000800012D4] -> 0x8593
mem[X,0x00000000800012D6] -> 0x6675
[1300] [M]: 0x00000000800012D4 (0x66758593) addi x11, x11, 0x667                    sv_Mepc+8
x11 <- 0x0000000000005667

mem[X,0x00000000800012D8] -> 0x9593
mem[X,0x00000000800012DA] -> 0x0015
[1301] [M]: 0x00000000800012D8 (0x00159593) slli x11, x11, 0x1                      sv_Mepc+12
x11 <- 0x000000000000ACCE

clint mtime 0x000000000000028B (mip.MTI <- 0b1, mip.STI <- 0b0)
mem[X,0x00000000800012DC] -> 0x9063
mem[X,0x00000000800012DE] -> 0x02B1
[1302] [M]: 0x00000000800012DC (0x02B19063) bne x3, x11, 0x20                       sv_Mepc+16

mem[X,0x00000000800012E0] -> 0x2473
mem[X,0x00000000800012E2] -> 0x3420
[1303] [M]: 0x00000000800012E0 (0x34202473) csrrs x8, mcause, x0                    sv_Mepc+20
CSR mcause (0x342) -> 0x000000000000000D
x8 <- 0x000000000000000D

clint mtime 0x000000000000028C (mip.MTI <- 0b1, mip.STI <- 0b0)
mem[X,0x00000000800012E4] -> 0x0593
mem[X,0x00000000800012E6] -> 0x00C0
[1304] [M]: 0x00000000800012E4 (0x00C00593) addi x11, x0, 0xc                       sv_Mepc+24
x11 <- 0x000000000000000C

mem[X,0x00000000800012E8] -> 0x0663
mem[X,0x00000000800012EA] -> 0x00B4
[1305] [M]: 0x00000000800012E8 (0x00B40663) beq x8, x11, 0xc                        sv_Mepc+28

clint mtime 0x000000000000028D (mip.MTI <- 0b1, mip.STI <- 0b0)
mem[X,0x00000000800012EC] -> 0x0593
mem[X,0x00000000800012EE] -> 0x0010
[1306] [M]: 0x00000000800012EC (0x00100593) addi x11, x0, 0x1                       sv_Mepc+32
x11 <- 0x0000000000000001

mem[X,0x00000000800012F0] -> 0x1663
mem[X,0x00000000800012F2] -> 0x00B4
[1307] [M]: 0x00000000800012F0 (0x00B41663) bne x8, x11, 0xc                        sv_Mepc+36

clint mtime 0x000000000000028E (mip.MTI <- 0b1, mip.STI <- 0b0)
mem[X,0x00000000800012FC] -> 0xF593
mem[X,0x00000000800012FE] -> 0xFFC3
[1308] [M]: 0x00000000800012FC (0xFFC3F593) andi x11, x7, -0x4                      adj_Mepc_rtn+0
x11 <- 0x0006000080000900

mem[X,0x0000000080001300] -> 0x8593
mem[X,0x0000000080001302] -> 0x0085
[1309] [M]: 0x0000000080001300 (0x00858593) addi x11, x11, 0x8                      adj_Mepc_rtn+4
x11 <- 0x0006000080000908

clint mtime 0x000000000000028F (mip.MTI <- 0b1, mip.STI <- 0b0)
mem[X,0x0000000080001304] -> 0x9073
mem[X,0x0000000080001306] -> 0x3415
[1310] [M]: 0x0000000080001304 (0x34159073) csrrw x0, mepc, x11                     adj_Mepc_rtn+8
CSR mepc (0x341) <- 0x0006000080000908

mem[X,0x0000000080001308] -> 0x23F3
mem[X,0x000000008000130A] -> 0x3430
[1311] [M]: 0x0000000080001308 (0x343023F3) csrrs x7, mtval, x0                     skp_adj_Mepc+0
CSR mtval (0x343) -> 0x0005000000000014
x7 <- 0x0005000000000014

clint mtime 0x0000000000000290 (mip.MTI <- 0b1, mip.STI <- 0b0)
mem[X,0x000000008000130C] -> 0x0413
mem[X,0x000000008000130E] -> 0x0004
[1312] [M]: 0x000000008000130C (0x00040413) addi x8, x8, 0x0                        skp_adj_Mepc+4
x8 <- 0x000000000000000D

mem[X,0x0000000080001310] -> 0x006F
mem[X,0x0000000080001312] -> 0x0840
[1313] [M]: 0x0000000080001310 (0x0840006F) jal x0, 0x84                            skp_adj_Mepc+8

clint mtime 0x0000000000000291 (mip.MTI <- 0b1, mip.STI <- 0b0)
mem[X,0x0000000080001394] -> 0x8433
mem[X,0x0000000080001396] -> 0x4083
[1314] [M]: 0x0000000080001394 (0x40838433) sub x8, x7, x8                          adj_Mtval+0
x8 <- 0x0005000000000007

mem[X,0x0000000080001398] -> 0x3C23
mem[X,0x000000008000139A] -> 0x0083
[1315] [M]: 0x0000000080001398 (0x00833C23) sd x8, 0x18(x6)                         sv_Mtval+0
mem[W,0x000000008000B2F0] <- 0x0005000000000007

clint mtime 0x0000000000000292 (mip.MTI <- 0b1, mip.STI <- 0b0)
mem[X,0x000000008000139C] -> 0x3483
mem[X,0x000000008000139E] -> 0x2181
[1316] [M]: 0x000000008000139C (0x21813483) ld x9, 0x218(x2)                        skp_Mtval+0
mem[R,0x0000000080004218] -> 0x000000008000B2F8
x9 <- 0x000000008000B2F8

mem[X,0x00000000800013A0] -> 0x3383
mem[X,0x00000000800013A2] -> 0x1F81
[1317] [M]: 0x00000000800013A0 (0x1F813383) ld x7, 0x1f8(x2)                        skp_Mtval+4
mem[R,0x00000000800041F8] -> 0x000000008000B110
x7 <- 0x000000008000B110

clint mtime 0x0000000000000293 (mip.MTI <- 0b1, mip.STI <- 0b0)
mem[X,0x00000000800013A4] -> 0x3303
mem[X,0x00000000800013A6] -> 0x2001
[1318] [M]: 0x00000000800013A4 (0x20013303) ld x6, 0x200(x2)                        skp_Mtval+8
mem[R,0x0000000080004200] -> 0x0000000000000310
x6 <- 0x0000000000000310

mem[X,0x00000000800013A8] -> 0x0333
mem[X,0x00000000800013AA] -> 0x0073
[1319] [M]: 0x00000000800013A8 (0x00730333) add x6, x6, x7                          skp_Mtval+12
x6 <- 0x000000008000B420

clint mtime 0x0000000000000294 (mip.MTI <- 0b1, mip.STI <- 0b0)
mem[X,0x00000000800013AC] -> 0x6AE3
mem[X,0x00000000800013AE] -> 0xAC93
[1320] [M]: 0x00000000800013AC (0xAC936AE3) bltu x6, x9, -0x52c                     skp_Mtval+16

mem[X,0x00000000800013B0] -> 0x0393
mem[X,0x00000000800013B2] -> 0x2000
[1321] [M]: 0x00000000800013B0 (0x20000393) addi x7, x0, 0x200                      skp_Mtval+20
x7 <- 0x0000000000000200

clint mtime 0x0000000000000295 (mip.MTI <- 0b1, mip.STI <- 0b0)
mem[X,0x00000000800013B4] -> 0x006F
mem[X,0x00000000800013B6] -> 0x0400
[1322] [M]: 0x00000000800013B4 (0x0400006F) jal x0, 0x40                            skp_Mtval+24

mem[X,0x00000000800013F4] -> 0x0417
mem[X,0x00000000800013F6] -> 0x0000
[1323] [M]: 0x00000000800013F4 (0x00000417) auipc x8, 0x0                           spcl_Mhandler+0
x8 <- 0x00000000800013F4

clint mtime 0x0000000000000296 (mip.MTI <- 0b1, mip.STI <- 0b0)
mem[X,0x00000000800013F8] -> 0x0413
mem[X,0x00000000800013FA] -> 0x03C4
[1324] [M]: 0x00000000800013F8 (0x03C40413) addi x8, x8, 0x3c                       spcl_Mhandler+4
x8 <- 0x0000000080001430

mem[X,0x00000000800013FC] -> 0x0433
mem[X,0x00000000800013FE] -> 0x0074
[1325] [M]: 0x00000000800013FC (0x00740433) add x8, x8, x7                          spcl_Mhandler+8
x8 <- 0x0000000080001630

clint mtime 0x0000000000000297 (mip.MTI <- 0b1, mip.STI <- 0b0)
mem[X,0x0000000080001400] -> 0x1393
mem[X,0x0000000080001402] -> 0x0035
[1326] [M]: 0x0000000080001400 (0x00351393) slli x7, x10, 0x3                       spcl_Mhandler+12
x7 <- 0x0000000000000068

mem[X,0x0000000080001404] -> 0x0433
mem[X,0x0000000080001406] -> 0x0074
[1327] [M]: 0x0000000080001404 (0x00740433) add x8, x8, x7                          spcl_Mhandler+16
x8 <- 0x0000000080001698

clint mtime 0x0000000000000298 (mip.MTI <- 0b1, mip.STI <- 0b0)
mem[X,0x0000000080001408] -> 0x7413
mem[X,0x000000008000140A] -> 0xFF84
[1328] [M]: 0x0000000080001408 (0xFF847413) andi x8, x8, -0x8                       spcl_Mhandler+20
x8 <- 0x0000000080001698

mem[X,0x000000008000140C] -> 0x3403
mem[X,0x000000008000140E] -> 0x0004
[1329] [M]: 0x000000008000140C (0x00043403) ld x8, 0x0(x8)                          spcl_Mhandler+24
mem[R,0x0000000080001698] -> 0x000000000000001B
x8 <- 0x000000000000001B

clint mtime 0x0000000000000299 (mip.MTI <- 0b1, mip.STI <- 0b0)
mem[X,0x0000000080001410] -> 0x02E3
mem[X,0x0000000080001412] -> 0xB004
[1330] [M]: 0x0000000080001410 (0xB00402E3) beq x8, x0, -0x4fc                      spcl_Mdispatch_hndling+0

mem[X,0x0000000080001414] -> 0x1393
mem[X,0x0000000080001416] -> 0x03F4
[1331] [M]: 0x0000000080001414 (0x03F41393) slli x7, x8, 0x3f                       spcl_Mdispatch_hndling+4
x7 <- 0x8000000000000000

clint mtime 0x000000000000029A (mip.MTI <- 0b1, mip.STI <- 0b0)
mem[X,0x0000000080001418] -> 0xD863
mem[X,0x000000008000141A] -> 0x0003
[1332] [M]: 0x0000000080001418 (0x0003D863) bge x7, x0, 0x10                        spcl_Mdispatch_hndling+8

mem[X,0x000000008000141C] -> 0x5413
mem[X,0x000000008000141E] -> 0x0014
[1333] [M]: 0x000000008000141C (0x00145413) srli x8, x8, 0x1                        spcl_Mdispatch_hndling+12
x8 <- 0x000000000000000D

clint mtime 0x000000000000029B (mip.MTI <- 0b1, mip.STI <- 0b0)
mem[X,0x0000000080001420] -> 0x0CE3
mem[X,0x0000000080001422] -> 0xF885
[1334] [M]: 0x0000000080001420 (0xF8850CE3) beq x10, x8, -0x68                      spcl_Mdispatch_hndling+16

mem[X,0x00000000800013B8] -> 0x3303
mem[X,0x00000000800013BA] -> 0x2601
[1335] [M]: 0x00000000800013B8 (0x26013303) ld x6, 0x260(x2)                        resto_Mrtn+0
mem[R,0x0000000080004260] -> 0xFFFFFFFF7FFFF86C
x6 <- 0xFFFFFFFF7FFFF86C

clint mtime 0x000000000000029C (mip.MTI <- 0b1, mip.STI <- 0b0)
mem[X,0x00000000800013BC] -> 0x3383
mem[X,0x00000000800013BE] -> 0x2681
[1336] [M]: 0x00000000800013BC (0x26813383) ld x7, 0x268(x2)                        resto_Mrtn+4
mem[R,0x0000000080004268] -> 0x0000000080004000
x7 <- 0x0000000080004000

mem[X,0x00000000800013C0] -> 0x3403
mem[X,0x00000000800013C2] -> 0x2701
[1337] [M]: 0x00000000800013C0 (0x27013403) ld x8, 0x270(x2)                        resto_Mrtn+8
mem[R,0x0000000080004270] -> 0x0000000000007F76
x8 <- 0x0000000000007F76

clint mtime 0x000000000000029D (mip.MTI <- 0b1, mip.STI <- 0b0)
mem[X,0x00000000800013C4] -> 0x3483
mem[X,0x00000000800013C6] -> 0x2781
[1338] [M]: 0x00000000800013C4 (0x27813483) ld x9, 0x278(x2)                        resto_Mrtn+12
mem[R,0x0000000080004278] -> 0x0006000000000148
x9 <- 0x0006000000000148

mem[X,0x00000000800013C8] -> 0x3503
mem[X,0x00000000800013CA] -> 0x2801
[1339] [M]: 0x00000000800013C8 (0x28013503) ld x10, 0x280(x2)                       resto_Mrtn+16
mem[R,0x0000000080004280] -> 0x00000000200014CF
x10 <- 0x00000000200014CF

clint mtime 0x000000000000029E (mip.MTI <- 0b1, mip.STI <- 0b0)
mem[X,0x00000000800013CC] -> 0x3583
mem[X,0x00000000800013CE] -> 0x2881
[1340] [M]: 0x00000000800013CC (0x28813583) ld x11, 0x288(x2)                       resto_Mrtn+20
mem[R,0x0000000080004288] -> 0x00000000000000CF
x11 <- 0x00000000000000CF

mem[X,0x00000000800013D0] -> 0x3103
mem[X,0x00000000800013D2] -> 0x2901
[1341] [M]: 0x00000000800013D0 (0x29013103) ld x2, 0x290(x2)                        resto_Mrtn+24
mem[R,0x0000000080004290] -> 0x0000000000000000
x2 <- 0x0000000000000000

clint mtime 0x000000000000029F (mip.MTI <- 0b1, mip.STI <- 0b0)
mem[X,0x00000000800013D4] -> 0x0073
mem[X,0x00000000800013D6] -> 0x3020
[1342] [M]: 0x00000000800013D4 (0x30200073) mret                                    resto_Mrtn+28
CSR mstatus (0x300) <- 0x0000000A00000080
ret-ing from M to S

mem[X,0x0000000080000908] -> 0x51B7
mem[X,0x000000008000090A] -> 0x0000
[1343] [S]: 0x0006000080000908 (0x000051B7) lui x3, 0x5                             va_rvtest_code_begin+1388
x3 <- 0x0000000000005000

clint mtime 0x00000000000002A0 (mip.MTI <- 0b1, mip.STI <- 0b0)
mem[X,0x000000008000090C] -> 0x8193
mem[X,0x000000008000090E] -> 0x6671
[1344] [S]: 0x000600008000090C (0x66718193) addi x3, x3, 0x667                      va_rvtest_code_begin+1392
x3 <- 0x0000000000005667

mem[X,0x0000000080000910] -> 0x9193
mem[X,0x0000000080000912] -> 0x0011
[1345] [S]: 0x0006000080000910 (0x00119193) slli x3, x3, 0x1                        va_rvtest_code_begin+1396
x3 <- 0x000000000000ACCE

clint mtime 0x00000000000002A1 (mip.MTI <- 0b1, mip.STI <- 0b0)
mem[X,0x0000000080000914] -> 0x0013
mem[X,0x0000000080000916] -> 0x0000
[1346] [S]: 0x0006000080000914 (0x00000013) addi x0, x0, 0x0                        va_rvtest_code_begin+1400

mem[X,0x0000000080000918] -> 0x0013
mem[X,0x000000008000091A] -> 0x0000
[1347] [S]: 0x0006000080000918 (0x00000013) addi x0, x0, 0x0                        va_rvtest_code_begin+1404

clint mtime 0x00000000000002A2 (mip.MTI <- 0b1, mip.STI <- 0b0)
mem[X,0x000000008000091C] -> 0x0013
mem[X,0x000000008000091E] -> 0x0000
[1348] [S]: 0x000600008000091C (0x00000013) addi x0, x0, 0x0                        va_rvtest_code_begin+1408

mem[X,0x0000000080000920] -> 0x0217
mem[X,0x0000000080000922] -> 0x0000
[1349] [S]: 0x0006000080000920 (0x00000217) auipc x4, 0x0                           va_rvtest_code_begin+1412
x4 <- 0x0006000080000920

clint mtime 0x00000000000002A3 (mip.MTI <- 0b1, mip.STI <- 0b0)
mem[X,0x0000000080000924] -> 0x0213
mem[X,0x0000000080000926] -> 0x02C2
[1350] [S]: 0x0006000080000924 (0x02C20213) addi x4, x4, 0x2c                       va_rvtest_code_begin+1416
x4 <- 0x000600008000094C

mem[X,0x0000000080000928] -> 0x0001
[1351] [S]: 0x0006000080000928 (0x0001) c.nop                                       va_rvtest_code_begin+1420

clint mtime 0x00000000000002A4 (mip.MTI <- 0b1, mip.STI <- 0b0)
mem[X,0x000000008000092A] -> 0x0013
mem[X,0x000000008000092C] -> 0x0000
[1352] [S]: 0x000600008000092A (0x00000013) addi x0, x0, 0x0                        va_rvtest_code_begin+1422

mem[X,0x000000008000092E] -> 0x0013
mem[X,0x0000000080000930] -> 0x0000
[1353] [S]: 0x000600008000092E (0x00000013) addi x0, x0, 0x0                        va_rvtest_code_begin+1426

clint mtime 0x00000000000002A5 (mip.MTI <- 0b1, mip.STI <- 0b0)
mem[X,0x0000000080000932] -> 0x0013
mem[X,0x0000000080000934] -> 0x0000
[1354] [S]: 0x0006000080000932 (0x00000013) addi x0, x0, 0x0                        va_rvtest_code_begin+1430

mem[X,0x0000000080000936] -> 0x0013
mem[X,0x0000000080000938] -> 0x0000
[1355] [S]: 0x0006000080000936 (0x00000013) addi x0, x0, 0x0                        va_rvtest_code_begin+1434

clint mtime 0x00000000000002A6 (mip.MTI <- 0b1, mip.STI <- 0b0)
mem[X,0x000000008000093A] -> 0x0013
mem[X,0x000000008000093C] -> 0x0000
[1356] [S]: 0x000600008000093A (0x00000013) addi x0, x0, 0x0                        va_rvtest_code_begin+1438

mem[X,0x000000008000093E] -> 0x0001
[1357] [S]: 0x000600008000093E (0x0001) c.nop                                       va_rvtest_code_begin+1442

clint mtime 0x00000000000002A7 (mip.MTI <- 0b1, mip.STI <- 0b0)
mem[X,0x0000000080000940] -> 0x80E7
mem[X,0x0000000080000942] -> 0x0007
[1358] [S]: 0x0006000080000940 (0x000780E7) jalr x1, 0x0(x15)                       va_rvtest_code_begin+1444
x1 <- 0x0006000080000944

PTW: Start, vpn=0x5000000000, access_type=X, privilege=Smem[R,0x000000008000A028] -> 0x0000000020002401
PTW: Step, level=4, pte=0x20002401, pte_addr=0x8000A028
PTW: Start, vpn=0x5000000000, access_type=X, privilege=Smem[R,0x0000000080009000] -> 0x00000000200014CF
PTW: Step, level=3, pte=0x200014CF, pte_addr=0x80009000
PTW: failed, error=misaligned-superpage, level=3, pte_addr=0x80009000
trapping from S to M to handle fetch-page-fault
handling exc#fetch-page-fault at priv M with tval 0x0005000000000000
CSR mstatus (0x300) <- 0x0000000A00000800
CSR mcause (0x342) <- 0x000000000000000C
CSR mtval (0x343) <- 0x0005000000000000
CSR mepc (0x341) <- 0x0005000000000000

clint mtime 0x00000000000002A8 (mip.MTI <- 0b1, mip.STI <- 0b0)
mem[X,0x0000000080000F80] -> 0x006F
mem[X,0x0000000080000F82] -> 0x1000
[1360] [M]: 0x0000000080000F80 (0x1000006F) jal x0, 0x100                           Mtrampoline+0

mem[X,0x0000000080001080] -> 0x1173
mem[X,0x0000000080001082] -> 0x3401
[1361] [M]: 0x0000000080001080 (0x34011173) csrrw x2, mscratch, x2                  trap_Mhandler+0
CSR mscratch (0x340) <- 0x0000000000000000
x2 <- 0x0000000080004000

clint mtime 0x00000000000002A9 (mip.MTI <- 0b1, mip.STI <- 0b0)
mem[X,0x0000000080001084] -> 0x3423
mem[X,0x0000000080001086] -> 0x28B1
[1362] [M]: 0x0000000080001084 (0x28B13423) sd x11, 0x288(x2)                       trap_Mhandler+4
mem[W,0x0000000080004288] <- 0x00000000000000CF

mem[X,0x0000000080001088] -> 0x05EF
mem[X,0x000000008000108A] -> 0x0B80
[1363] [M]: 0x0000000080001088 (0x0B8005EF) jal x11, 0xb8                           trap_Mhandler+8
x11 <- 0x000000008000108C

clint mtime 0x00000000000002AA (mip.MTI <- 0b1, mip.STI <- 0b0)
mem[X,0x0000000080001140] -> 0x3023
mem[X,0x0000000080001142] -> 0x28A1
[1364] [M]: 0x0000000080001140 (0x28A13023) sd x10, 0x280(x2)                       common_Mhandler+0
mem[W,0x0000000080004280] <- 0x00000000200014CF

mem[X,0x0000000080001144] -> 0x1573
mem[X,0x0000000080001146] -> 0x3401
[1365] [M]: 0x0000000080001144 (0x34011573) csrrw x10, mscratch, x2                 common_Mhandler+4
CSR mscratch (0x340) <- 0x0000000080004000
x10 <- 0x0000000000000000

clint mtime 0x00000000000002AB (mip.MTI <- 0b1, mip.STI <- 0b0)
mem[X,0x0000000080001148] -> 0x3823
mem[X,0x000000008000114A] -> 0x28A1
[1366] [M]: 0x0000000080001148 (0x28A13823) sd x10, 0x290(x2)                       common_Mhandler+8
mem[W,0x0000000080004290] <- 0x0000000000000000

mem[X,0x000000008000114C] -> 0x3503
mem[X,0x000000008000114E] -> 0x2301
[1367] [M]: 0x000000008000114C (0x23013503) ld x10, 0x230(x2)                       common_Mhandler+12
mem[R,0x0000000080004230] -> 0x0000000080001154
x10 <- 0x0000000080001154

clint mtime 0x00000000000002AC (mip.MTI <- 0b1, mip.STI <- 0b0)
mem[X,0x0000000080001150] -> 0x0067
mem[X,0x0000000080001152] -> 0x0005
[1368] [M]: 0x0000000080001150 (0x00050067) jalr x0, 0x0(x10)                       common_Mhandler+16

mem[X,0x0000000080001154] -> 0x3C23
mem[X,0x0000000080001156] -> 0x2691
[1369] [M]: 0x0000000080001154 (0x26913C23) sd x9, 0x278(x2)                        common_Mentry+0
mem[W,0x0000000080004278] <- 0x0006000000000148

clint mtime 0x00000000000002AD (mip.MTI <- 0b1, mip.STI <- 0b0)
mem[X,0x0000000080001158] -> 0x3823
mem[X,0x000000008000115A] -> 0x2681
[1370] [M]: 0x0000000080001158 (0x26813823) sd x8, 0x270(x2)                        common_Mentry+4
mem[W,0x0000000080004270] <- 0x0000000000007F76

mem[X,0x000000008000115C] -> 0x3423
mem[X,0x000000008000115E] -> 0x2671
[1371] [M]: 0x000000008000115C (0x26713423) sd x7, 0x268(x2)                        common_Mentry+8
mem[W,0x0000000080004268] <- 0x0000000080004000

clint mtime 0x00000000000002AE (mip.MTI <- 0b1, mip.STI <- 0b0)
mem[X,0x0000000080001160] -> 0x3023
mem[X,0x0000000080001162] -> 0x2661
[1372] [M]: 0x0000000080001160 (0x26613023) sd x6, 0x260(x2)                        common_Mentry+12
mem[W,0x0000000080004260] <- 0xFFFFFFFF7FFFF86C

mem[X,0x0000000080001164] -> 0x2573
mem[X,0x0000000080001166] -> 0x3420
[1373] [M]: 0x0000000080001164 (0x34202573) csrrs x10, mcause, x0                   spcl_M2mmode_test+0
CSR mcause (0x342) -> 0x000000000000000C
x10 <- 0x000000000000000C

clint mtime 0x00000000000002AF (mip.MTI <- 0b1, mip.STI <- 0b0)
mem[X,0x0000000080001168] -> 0x04B7
mem[X,0x000000008000116A] -> 0x8000
[1374] [M]: 0x0000000080001168 (0x800004B7) lui x9, -0x80000                        spcl_M2mmode_test+4
x9 <- 0xFFFFFFFF80000000

mem[X,0x000000008000116C] -> 0x8493
mem[X,0x000000008000116E] -> 0x0004
[1375] [M]: 0x000000008000116C (0x00048493) addi x9, x9, 0x0                        spcl_M2mmode_test+8
x9 <- 0xFFFFFFFF80000000

clint mtime 0x00000000000002B0 (mip.MTI <- 0b1, mip.STI <- 0b0)
mem[X,0x0000000080001170] -> 0x9493
mem[X,0x0000000080001172] -> 0x00B4
[1376] [M]: 0x0000000080001170 (0x00B49493) slli x9, x9, 0xb                        spcl_M2mmode_test+12
x9 <- 0xFFFFFC0000000000

mem[X,0x0000000080001174] -> 0x8493
mem[X,0x0000000080001176] -> 0x0004
[1377] [M]: 0x0000000080001174 (0x00048493) addi x9, x9, 0x0                        spcl_M2mmode_test+16
x9 <- 0xFFFFFC0000000000

clint mtime 0x00000000000002B1 (mip.MTI <- 0b1, mip.STI <- 0b0)
mem[X,0x0000000080001178] -> 0x9493
mem[X,0x000000008000117A] -> 0x00B4
[1378] [M]: 0x0000000080001178 (0x00B49493) slli x9, x9, 0xb                        spcl_M2mmode_test+20
x9 <- 0xFFE0000000000000

mem[X,0x000000008000117C] -> 0x8493
mem[X,0x000000008000117E] -> 0x0034
[1379] [M]: 0x000000008000117C (0x00348493) addi x9, x9, 0x3                        spcl_M2mmode_test+24
x9 <- 0xFFE0000000000003

clint mtime 0x00000000000002B2 (mip.MTI <- 0b1, mip.STI <- 0b0)
mem[X,0x0000000080001180] -> 0x9493
mem[X,0x0000000080001182] -> 0x00A4
[1380] [M]: 0x0000000080001180 (0x00A49493) slli x9, x9, 0xa                        spcl_M2mmode_test+28
x9 <- 0x8000000000000C00

mem[X,0x0000000080001184] -> 0x8493
mem[X,0x0000000080001186] -> 0x3FC4
[1381] [M]: 0x0000000080001184 (0x3FC48493) addi x9, x9, 0x3fc                      spcl_M2mmode_test+32
x9 <- 0x8000000000000FFC

clint mtime 0x00000000000002B3 (mip.MTI <- 0b1, mip.STI <- 0b0)
mem[X,0x0000000080001188] -> 0xF4B3
mem[X,0x000000008000118A] -> 0x00A4
[1382] [M]: 0x0000000080001188 (0x00A4F4B3) and x9, x9, x10                         spcl_M2mmode_test+36
x9 <- 0x000000000000000C

mem[X,0x000000008000118C] -> 0x8493
mem[X,0x000000008000118E] -> 0xFF84
[1383] [M]: 0x000000008000118C (0xFF848493) addi x9, x9, -0x8                       spcl_M2mmode_test+40
x9 <- 0x0000000000000004

clint mtime 0x00000000000002B4 (mip.MTI <- 0b1, mip.STI <- 0b0)
mem[X,0x0000000080001190] -> 0x9663
mem[X,0x0000000080001192] -> 0x0004
[1384] [M]: 0x0000000080001190 (0x00049663) bne x9, x0, 0xc                         spcl_M2mmode_test+44

mem[X,0x000000008000119C] -> 0x0393
mem[X,0x000000008000119E] -> 0x0200
[1385] [M]: 0x000000008000119C (0x02000393) addi x7, x0, 0x20                       Mtrapsig_ptr_upd+0
x7 <- 0x0000000000000020

clint mtime 0x00000000000002B5 (mip.MTI <- 0b1, mip.STI <- 0b0)
mem[X,0x00000000800011A0] -> 0x5263
mem[X,0x00000000800011A2] -> 0x0405
[1386] [M]: 0x00000000800011A0 (0x04055263) bge x10, x0, 0x44                       Mtrapsig_ptr_upd+4

mem[X,0x00000000800011E4] -> 0x2373
mem[X,0x00000000800011E6] -> 0x3010
[1387] [M]: 0x00000000800011E4 (0x30102373) csrrs x6, misa, x0                      Mxcpt_sig_sv+0
CSR misa (0x301) -> 0x800000000034112F
x6 <- 0x800000000034112F

clint mtime 0x00000000000002B6 (mip.MTI <- 0b1, mip.STI <- 0b0)
mem[X,0x00000000800011E8] -> 0x1313
mem[X,0x00000000800011EA] -> 0x0383
[1388] [M]: 0x00000000800011E8 (0x03831313) slli x6, x6, 0x38                       Mxcpt_sig_sv+4
x6 <- 0x2F00000000000000

mem[X,0x00000000800011EC] -> 0x5463
mem[X,0x00000000800011EE] -> 0x0003
[1389] [M]: 0x00000000800011EC (0x00035463) bge x6, x0, 0x8                         Mxcpt_sig_sv+8

clint mtime 0x00000000000002B7 (mip.MTI <- 0b1, mip.STI <- 0b0)
mem[X,0x00000000800011F4] -> 0x3303
mem[X,0x00000000800011F6] -> 0x2181
[1390] [M]: 0x00000000800011F4 (0x21813303) ld x6, 0x218(x2)                        Mtrap_sig_sv+0
mem[R,0x0000000080004218] -> 0x000000008000B2F8
x6 <- 0x000000008000B2F8

mem[X,0x00000000800011F8] -> 0x04B3
mem[X,0x00000000800011FA] -> 0x0073
[1391] [M]: 0x00000000800011F8 (0x007304B3) add x9, x6, x7                          Mtrap_sig_sv+4
x9 <- 0x000000008000B318

clint mtime 0x00000000000002B8 (mip.MTI <- 0b1, mip.STI <- 0b0)
mem[X,0x00000000800011FC] -> 0x3C23
mem[X,0x00000000800011FE] -> 0x2091
[1392] [M]: 0x00000000800011FC (0x20913C23) sd x9, 0x218(x2)                        Mtrap_sig_sv+8
mem[W,0x0000000080004218] <- 0x000000008000B318

mem[X,0x0000000080001200] -> 0x3403
mem[X,0x0000000080001202] -> 0x1F81
[1393] [M]: 0x0000000080001200 (0x1F813403) ld x8, 0x1f8(x2)                        Mtrap_sig_sv+12
mem[R,0x00000000800041F8] -> 0x000000008000B110
x8 <- 0x000000008000B110

clint mtime 0x00000000000002B9 (mip.MTI <- 0b1, mip.STI <- 0b0)
mem[X,0x0000000080001204] -> 0x0333
mem[X,0x0000000080001206] -> 0x4083
[1394] [M]: 0x0000000080001204 (0x40830333) sub x6, x6, x8                          Mtrap_sig_sv+16
x6 <- 0x00000000000001E8

mem[X,0x0000000080001208] -> 0x3403
mem[X,0x000000008000120A] -> 0x1F81
[1395] [M]: 0x0000000080001208 (0x1F813403) ld x8, 0x1f8(x2)                        Mtrap_sig_sv+20
mem[R,0x00000000800041F8] -> 0x000000008000B110
x8 <- 0x000000008000B110

clint mtime 0x00000000000002BA (mip.MTI <- 0b1, mip.STI <- 0b0)
mem[X,0x000000008000120C] -> 0x0333
mem[X,0x000000008000120E] -> 0x0083
[1396] [M]: 0x000000008000120C (0x00830333) add x6, x6, x8                          Mtrap_sig_sv+24
x6 <- 0x000000008000B2F8

mem[X,0x0000000080001210] -> 0x3403
mem[X,0x0000000080001212] -> 0x2401
[1397] [M]: 0x0000000080001210 (0x24013403) ld x8, 0x240(x2)                        Mtrap_sig_sv+28
mem[R,0x0000000080004240] -> 0x0000000080000F80
x8 <- 0x0000000080000F80

clint mtime 0x00000000000002BB (mip.MTI <- 0b1, mip.STI <- 0b0)
mem[X,0x0000000080001214] -> 0x85B3
mem[X,0x0000000080001216] -> 0x4085
[1398] [M]: 0x0000000080001214 (0x408585B3) sub x11, x11, x8                        sv_Mvect+0
x11 <- 0x000000000000010C

mem[X,0x0000000080001218] -> 0x9593
mem[X,0x000000008000121A] -> 0x0045
[1399] [M]: 0x0000000080001218 (0x00459593) slli x11, x11, 0x4                      sv_Mvect+4
x11 <- 0x00000000000010C0

clint mtime 0x00000000000002BC (mip.MTI <- 0b1, mip.STI <- 0b0)
mem[X,0x000000008000121C] -> 0xE5B3
mem[X,0x000000008000121E] -> 0x0075
[1400] [M]: 0x000000008000121C (0x0075E5B3) or x11, x11, x7                         sv_Mvect+8
x11 <- 0x00000000000010E0

mem[X,0x0000000080001220] -> 0x8593
mem[X,0x0000000080001222] -> 0x0035
[1401] [M]: 0x0000000080001220 (0x00358593) addi x11, x11, 0x3                      sv_Mvect+12
x11 <- 0x00000000000010E3

clint mtime 0x00000000000002BD (mip.MTI <- 0b1, mip.STI <- 0b0)
mem[X,0x0000000080001224] -> 0x3023
mem[X,0x0000000080001226] -> 0x00B3
[1402] [M]: 0x0000000080001224 (0x00B33023) sd x11, 0x0(x6)                         sv_Mvect+16
mem[W,0x000000008000B2F8] <- 0x00000000000010E3

mem[X,0x0000000080001228] -> 0x3423
mem[X,0x000000008000122A] -> 0x00A3
[1403] [M]: 0x0000000080001228 (0x00A33423) sd x10, 0x8(x6)                         sv_Mcause+0
mem[W,0x000000008000B300] <- 0x000000000000000C

clint mtime 0x00000000000002BE (mip.MTI <- 0b1, mip.STI <- 0b0)
mem[X,0x000000008000122C] -> 0x4663
mem[X,0x000000008000122E] -> 0x1A05
[1404] [M]: 0x000000008000122C (0x1A054663) blt x10, x0, 0x1ac                      sv_Mcause+4

mem[X,0x0000000080001230] -> 0x25F3
mem[X,0x0000000080001232] -> 0x3000
[1405] [M]: 0x0000000080001230 (0x300025F3) csrrs x11, mstatus, x0                  common_Mexcpt_handler+0
CSR mstatus (0x300) -> 0x0000000A00000800
x11 <- 0x0000000A00000800

clint mtime 0x00000000000002BF (mip.MTI <- 0b1, mip.STI <- 0b0)
mem[X,0x0000000080001234] -> 0x9413
mem[X,0x0000000080001236] -> 0x02E5
[1406] [M]: 0x0000000080001234 (0x02E59413) slli x8, x11, 0x2e                      common_Mexcpt_handler+4
x8 <- 0x0200000000000000

mem[X,0x0000000080001238] -> 0x5463
mem[X,0x000000008000123A] -> 0x0004
[1407] [M]: 0x0000000080001238 (0x00045463) bge x8, x0, 0x8                         common_Mexcpt_handler+8

clint mtime 0x00000000000002C0 (mip.MTI <- 0b1, mip.STI <- 0b0)
mem[X,0x0000000080001240] -> 0xD493
mem[X,0x0000000080001242] -> 0x00B5
[1408] [M]: 0x0000000080001240 (0x00B5D493) srli x9, x11, 0xb                       common_Mexcpt_handler+16
x9 <- 0x0000000001400001

mem[X,0x0000000080001244] -> 0xF493
mem[X,0x0000000080001246] -> 0x0034
[1409] [M]: 0x0000000080001244 (0x0034F493) andi x9, x9, 0x3                        common_Mexcpt_handler+20
x9 <- 0x0000000000000001

clint mtime 0x00000000000002C1 (mip.MTI <- 0b1, mip.STI <- 0b0)
mem[X,0x0000000080001248] -> 0x8493
mem[X,0x000000008000124A] -> 0x0014
[1410] [M]: 0x0000000080001248 (0x00148493) addi x9, x9, 0x1                        common_Mexcpt_handler+24
x9 <- 0x0000000000000002

mem[X,0x000000008000124C] -> 0xF493
mem[X,0x000000008000124E] -> 0x0044
[1411] [M]: 0x000000008000124C (0x0044F493) andi x9, x9, 0x4                        common_Mexcpt_handler+28
x9 <- 0x0000000000000000

clint mtime 0x00000000000002C2 (mip.MTI <- 0b1, mip.STI <- 0b0)
mem[X,0x0000000080001250] -> 0x0593
mem[X,0x0000000080001252] -> 0x05D0
[1412] [M]: 0x0000000080001250 (0x05D00593) addi x11, x0, 0x5d                      common_Mexcpt_handler+32
x11 <- 0x000000000000005D

mem[X,0x0000000080001254] -> 0xD5B3
mem[X,0x0000000080001256] -> 0x0095
[1413] [M]: 0x0000000080001254 (0x0095D5B3) srl x11, x11, x9                        common_Mexcpt_handler+36
x11 <- 0x000000000000005D

clint mtime 0x00000000000002C3 (mip.MTI <- 0b1, mip.STI <- 0b0)
mem[X,0x0000000080001258] -> 0xF593
mem[X,0x000000008000125A] -> 0x0015
[1414] [M]: 0x0000000080001258 (0x0015F593) andi x11, x11, 0x1                      common_Mexcpt_handler+40
x11 <- 0x0000000000000001

mem[X,0x000000008000125C] -> 0x8EE3
mem[X,0x000000008000125E] -> 0xF405
[1415] [M]: 0x000000008000125C (0xF4058EE3) beq x11, x0, -0xa4                      common_Mexcpt_handler+44

clint mtime 0x00000000000002C4 (mip.MTI <- 0b1, mip.STI <- 0b0)
mem[X,0x0000000080001260] -> 0x0593
mem[X,0x0000000080001262] -> 0x2980
[1416] [M]: 0x0000000080001260 (0x29800593) addi x11, x0, 0x298                     common_Mexcpt_handler+48
x11 <- 0x0000000000000298

mem[X,0x0000000080001264] -> 0xF413
mem[X,0x0000000080001266] -> 0x0014
[1417] [M]: 0x0000000080001264 (0x0014F413) andi x8, x9, 0x1                        common_Mexcpt_handler+52
x8 <- 0x0000000000000000

clint mtime 0x00000000000002C5 (mip.MTI <- 0b1, mip.STI <- 0b0)
mem[X,0x0000000080001268] -> 0x95B3
mem[X,0x000000008000126A] -> 0x0085
[1418] [M]: 0x0000000080001268 (0x008595B3) sll x11, x11, x8                        common_Mexcpt_handler+56
x11 <- 0x0000000000000298

mem[X,0x000000008000126C] -> 0x9413
mem[X,0x000000008000126E] -> 0x03D4
[1419] [M]: 0x000000008000126C (0x03D49413) slli x8, x9, 0x3d                       common_Mexcpt_handler+60
x8 <- 0x0000000000000000

clint mtime 0x00000000000002C6 (mip.MTI <- 0b1, mip.STI <- 0b0)
mem[X,0x0000000080001270] -> 0x5413
mem[X,0x0000000080001272] -> 0x43F4
[1420] [M]: 0x0000000080001270 (0x43F45413) srai x8, x8, 0x3f                       common_Mexcpt_handler+64
x8 <- 0x0000000000000000

mem[X,0x0000000080001274] -> 0x4413
mem[X,0x0000000080001276] -> 0xFFF4
[1421] [M]: 0x0000000080001274 (0xFFF44413) xori x8, x8, -0x1                       common_Mexcpt_handler+68
x8 <- 0xFFFFFFFFFFFFFFFF

clint mtime 0x00000000000002C7 (mip.MTI <- 0b1, mip.STI <- 0b0)
mem[X,0x0000000080001278] -> 0xF4B3
mem[X,0x000000008000127A] -> 0x0085
[1422] [M]: 0x0000000080001278 (0x0085F4B3) and x9, x11, x8                         common_Mexcpt_handler+72
x9 <- 0x0000000000000298

mem[X,0x000000008000127C] -> 0x84B3
mem[X,0x000000008000127E] -> 0x0024
[1423] [M]: 0x000000008000127C (0x002484B3) add x9, x9, x2                          vmem_adj_Mepc+0
x9 <- 0x0000000080004298

clint mtime 0x00000000000002C8 (mip.MTI <- 0b1, mip.STI <- 0b0)
mem[X,0x0000000080001280] -> 0x23F3
mem[X,0x0000000080001282] -> 0x3410
[1424] [M]: 0x0000000080001280 (0x341023F3) csrrs x7, mepc, x0                      vmem_adj_Mepc+4
CSR mepc (0x341) -> 0x0005000000000000
x7 <- 0x0005000000000000

mem[X,0x0000000080001284] -> 0x0413
mem[X,0x0000000080001286] -> 0x0004
[1425] [M]: 0x0000000080001284 (0x00040413) addi x8, x8, 0x0                        vmem_adj_Mepc+8
x8 <- 0xFFFFFFFFFFFFFFFF

clint mtime 0x00000000000002C9 (mip.MTI <- 0b1, mip.STI <- 0b0)
mem[X,0x0000000080001288] -> 0x006F
mem[X,0x000000008000128A] -> 0x0400
[1426] [M]: 0x0000000080001288 (0x0400006F) jal x0, 0x40                            vmem_adj_Mepc+12

mem[X,0x00000000800012C8] -> 0x8433
mem[X,0x00000000800012CA] -> 0x4083
[1427] [M]: 0x00000000800012C8 (0x40838433) sub x8, x7, x8                          adj_Mepc+0
x8 <- 0x0005000000000001

clint mtime 0x00000000000002CA (mip.MTI <- 0b1, mip.STI <- 0b0)
mem[X,0x00000000800012CC] -> 0x3823
mem[X,0x00000000800012CE] -> 0x0083
[1428] [M]: 0x00000000800012CC (0x00833823) sd x8, 0x10(x6)                         sv_Mepc+0
mem[W,0x000000008000B308] <- 0x0005000000000001

mem[X,0x00000000800012D0] -> 0x55B7
mem[X,0x00000000800012D2] -> 0x0000
[1429] [M]: 0x00000000800012D0 (0x000055B7) lui x11, 0x5                            sv_Mepc+4
x11 <- 0x0000000000005000

clint mtime 0x00000000000002CB (mip.MTI <- 0b1, mip.STI <- 0b0)
mem[X,0x00000000800012D4] -> 0x8593
mem[X,0x00000000800012D6] -> 0x6675
[1430] [M]: 0x00000000800012D4 (0x66758593) addi x11, x11, 0x667                    sv_Mepc+8
x11 <- 0x0000000000005667

mem[X,0x00000000800012D8] -> 0x9593
mem[X,0x00000000800012DA] -> 0x0015
[1431] [M]: 0x00000000800012D8 (0x00159593) slli x11, x11, 0x1                      sv_Mepc+12
x11 <- 0x000000000000ACCE

clint mtime 0x00000000000002CC (mip.MTI <- 0b1, mip.STI <- 0b0)
mem[X,0x00000000800012DC] -> 0x9063
mem[X,0x00000000800012DE] -> 0x02B1
[1432] [M]: 0x00000000800012DC (0x02B19063) bne x3, x11, 0x20                       sv_Mepc+16

mem[X,0x00000000800012E0] -> 0x2473
mem[X,0x00000000800012E2] -> 0x3420
[1433] [M]: 0x00000000800012E0 (0x34202473) csrrs x8, mcause, x0                    sv_Mepc+20
CSR mcause (0x342) -> 0x000000000000000C
x8 <- 0x000000000000000C

clint mtime 0x00000000000002CD (mip.MTI <- 0b1, mip.STI <- 0b0)
mem[X,0x00000000800012E4] -> 0x0593
mem[X,0x00000000800012E6] -> 0x00C0
[1434] [M]: 0x00000000800012E4 (0x00C00593) addi x11, x0, 0xc                       sv_Mepc+24
x11 <- 0x000000000000000C

mem[X,0x00000000800012E8] -> 0x0663
mem[X,0x00000000800012EA] -> 0x00B4
[1435] [M]: 0x00000000800012E8 (0x00B40663) beq x8, x11, 0xc                        sv_Mepc+28

clint mtime 0x00000000000002CE (mip.MTI <- 0b1, mip.STI <- 0b0)
mem[X,0x00000000800012F4] -> 0x1073
mem[X,0x00000000800012F6] -> 0x3412
[1436] [M]: 0x00000000800012F4 (0x34121073) csrrw x0, mepc, x4                      sv_Mepc+40
CSR mepc (0x341) <- 0x000600008000094C

mem[X,0x00000000800012F8] -> 0x006F
mem[X,0x00000000800012FA] -> 0x0100
[1437] [M]: 0x00000000800012F8 (0x0100006F) jal x0, 0x10                            sv_Mepc+44

clint mtime 0x00000000000002CF (mip.MTI <- 0b1, mip.STI <- 0b0)
mem[X,0x0000000080001308] -> 0x23F3
mem[X,0x000000008000130A] -> 0x3430
[1438] [M]: 0x0000000080001308 (0x343023F3) csrrs x7, mtval, x0                     skp_adj_Mepc+0
CSR mtval (0x343) -> 0x0005000000000000
x7 <- 0x0005000000000000

mem[X,0x000000008000130C] -> 0x0413
mem[X,0x000000008000130E] -> 0x0004
[1439] [M]: 0x000000008000130C (0x00040413) addi x8, x8, 0x0                        skp_adj_Mepc+4
x8 <- 0x000000000000000C

clint mtime 0x00000000000002D0 (mip.MTI <- 0b1, mip.STI <- 0b0)
mem[X,0x0000000080001310] -> 0x006F
mem[X,0x0000000080001312] -> 0x0840
[1440] [M]: 0x0000000080001310 (0x0840006F) jal x0, 0x84                            skp_adj_Mepc+8

mem[X,0x0000000080001394] -> 0x8433
mem[X,0x0000000080001396] -> 0x4083
[1441] [M]: 0x0000000080001394 (0x40838433) sub x8, x7, x8                          adj_Mtval+0
x8 <- 0x0004FFFFFFFFFFF4

clint mtime 0x00000000000002D1 (mip.MTI <- 0b1, mip.STI <- 0b0)
mem[X,0x0000000080001398] -> 0x3C23
mem[X,0x000000008000139A] -> 0x0083
[1442] [M]: 0x0000000080001398 (0x00833C23) sd x8, 0x18(x6)                         sv_Mtval+0
mem[W,0x000000008000B310] <- 0x0004FFFFFFFFFFF4

mem[X,0x000000008000139C] -> 0x3483
mem[X,0x000000008000139E] -> 0x2181
[1443] [M]: 0x000000008000139C (0x21813483) ld x9, 0x218(x2)                        skp_Mtval+0
mem[R,0x0000000080004218] -> 0x000000008000B318
x9 <- 0x000000008000B318

clint mtime 0x00000000000002D2 (mip.MTI <- 0b1, mip.STI <- 0b0)
mem[X,0x00000000800013A0] -> 0x3383
mem[X,0x00000000800013A2] -> 0x1F81
[1444] [M]: 0x00000000800013A0 (0x1F813383) ld x7, 0x1f8(x2)                        skp_Mtval+4
mem[R,0x00000000800041F8] -> 0x000000008000B110
x7 <- 0x000000008000B110

mem[X,0x00000000800013A4] -> 0x3303
mem[X,0x00000000800013A6] -> 0x2001
[1445] [M]: 0x00000000800013A4 (0x20013303) ld x6, 0x200(x2)                        skp_Mtval+8
mem[R,0x0000000080004200] -> 0x0000000000000310
x6 <- 0x0000000000000310

clint mtime 0x00000000000002D3 (mip.MTI <- 0b1, mip.STI <- 0b0)
mem[X,0x00000000800013A8] -> 0x0333
mem[X,0x00000000800013AA] -> 0x0073
[1446] [M]: 0x00000000800013A8 (0x00730333) add x6, x6, x7                          skp_Mtval+12
x6 <- 0x000000008000B420

mem[X,0x00000000800013AC] -> 0x6AE3
mem[X,0x00000000800013AE] -> 0xAC93
[1447] [M]: 0x00000000800013AC (0xAC936AE3) bltu x6, x9, -0x52c                     skp_Mtval+16

clint mtime 0x00000000000002D4 (mip.MTI <- 0b1, mip.STI <- 0b0)
mem[X,0x00000000800013B0] -> 0x0393
mem[X,0x00000000800013B2] -> 0x2000
[1448] [M]: 0x00000000800013B0 (0x20000393) addi x7, x0, 0x200                      skp_Mtval+20
x7 <- 0x0000000000000200

mem[X,0x00000000800013B4] -> 0x006F
mem[X,0x00000000800013B6] -> 0x0400
[1449] [M]: 0x00000000800013B4 (0x0400006F) jal x0, 0x40                            skp_Mtval+24

clint mtime 0x00000000000002D5 (mip.MTI <- 0b1, mip.STI <- 0b0)
mem[X,0x00000000800013F4] -> 0x0417
mem[X,0x00000000800013F6] -> 0x0000
[1450] [M]: 0x00000000800013F4 (0x00000417) auipc x8, 0x0                           spcl_Mhandler+0
x8 <- 0x00000000800013F4

mem[X,0x00000000800013F8] -> 0x0413
mem[X,0x00000000800013FA] -> 0x03C4
[1451] [M]: 0x00000000800013F8 (0x03C40413) addi x8, x8, 0x3c                       spcl_Mhandler+4
x8 <- 0x0000000080001430

clint mtime 0x00000000000002D6 (mip.MTI <- 0b1, mip.STI <- 0b0)
mem[X,0x00000000800013FC] -> 0x0433
mem[X,0x00000000800013FE] -> 0x0074
[1452] [M]: 0x00000000800013FC (0x00740433) add x8, x8, x7                          spcl_Mhandler+8
x8 <- 0x0000000080001630

mem[X,0x0000000080001400] -> 0x1393
mem[X,0x0000000080001402] -> 0x0035
[1453] [M]: 0x0000000080001400 (0x00351393) slli x7, x10, 0x3                       spcl_Mhandler+12
x7 <- 0x0000000000000060

clint mtime 0x00000000000002D7 (mip.MTI <- 0b1, mip.STI <- 0b0)
mem[X,0x0000000080001404] -> 0x0433
mem[X,0x0000000080001406] -> 0x0074
[1454] [M]: 0x0000000080001404 (0x00740433) add x8, x8, x7                          spcl_Mhandler+16
x8 <- 0x0000000080001690

mem[X,0x0000000080001408] -> 0x7413
mem[X,0x000000008000140A] -> 0xFF84
[1455] [M]: 0x0000000080001408 (0xFF847413) andi x8, x8, -0x8                       spcl_Mhandler+20
x8 <- 0x0000000080001690

clint mtime 0x00000000000002D8 (mip.MTI <- 0b1, mip.STI <- 0b0)
mem[X,0x000000008000140C] -> 0x3403
mem[X,0x000000008000140E] -> 0x0004
[1456] [M]: 0x000000008000140C (0x00043403) ld x8, 0x0(x8)                          spcl_Mhandler+24
mem[R,0x0000000080001690] -> 0x0000000000000019
x8 <- 0x0000000000000019

mem[X,0x0000000080001410] -> 0x02E3
mem[X,0x0000000080001412] -> 0xB004
[1457] [M]: 0x0000000080001410 (0xB00402E3) beq x8, x0, -0x4fc                      spcl_Mdispatch_hndling+0

clint mtime 0x00000000000002D9 (mip.MTI <- 0b1, mip.STI <- 0b0)
mem[X,0x0000000080001414] -> 0x1393
mem[X,0x0000000080001416] -> 0x03F4
[1458] [M]: 0x0000000080001414 (0x03F41393) slli x7, x8, 0x3f                       spcl_Mdispatch_hndling+4
x7 <- 0x8000000000000000

mem[X,0x0000000080001418] -> 0xD863
mem[X,0x000000008000141A] -> 0x0003
[1459] [M]: 0x0000000080001418 (0x0003D863) bge x7, x0, 0x10                        spcl_Mdispatch_hndling+8

clint mtime 0x00000000000002DA (mip.MTI <- 0b1, mip.STI <- 0b0)
mem[X,0x000000008000141C] -> 0x5413
mem[X,0x000000008000141E] -> 0x0014
[1460] [M]: 0x000000008000141C (0x00145413) srli x8, x8, 0x1                        spcl_Mdispatch_hndling+12
x8 <- 0x000000000000000C

mem[X,0x0000000080001420] -> 0x0CE3
mem[X,0x0000000080001422] -> 0xF885
[1461] [M]: 0x0000000080001420 (0xF8850CE3) beq x10, x8, -0x68                      spcl_Mdispatch_hndling+16

clint mtime 0x00000000000002DB (mip.MTI <- 0b1, mip.STI <- 0b0)
mem[X,0x00000000800013B8] -> 0x3303
mem[X,0x00000000800013BA] -> 0x2601
[1462] [M]: 0x00000000800013B8 (0x26013303) ld x6, 0x260(x2)                        resto_Mrtn+0
mem[R,0x0000000080004260] -> 0xFFFFFFFF7FFFF86C
x6 <- 0xFFFFFFFF7FFFF86C

mem[X,0x00000000800013BC] -> 0x3383
mem[X,0x00000000800013BE] -> 0x2681
[1463] [M]: 0x00000000800013BC (0x26813383) ld x7, 0x268(x2)                        resto_Mrtn+4
mem[R,0x0000000080004268] -> 0x0000000080004000
x7 <- 0x0000000080004000

clint mtime 0x00000000000002DC (mip.MTI <- 0b1, mip.STI <- 0b0)
mem[X,0x00000000800013C0] -> 0x3403
mem[X,0x00000000800013C2] -> 0x2701
[1464] [M]: 0x00000000800013C0 (0x27013403) ld x8, 0x270(x2)                        resto_Mrtn+8
mem[R,0x0000000080004270] -> 0x0000000000007F76
x8 <- 0x0000000000007F76

mem[X,0x00000000800013C4] -> 0x3483
mem[X,0x00000000800013C6] -> 0x2781
[1465] [M]: 0x00000000800013C4 (0x27813483) ld x9, 0x278(x2)                        resto_Mrtn+12
mem[R,0x0000000080004278] -> 0x0006000000000148
x9 <- 0x0006000000000148

clint mtime 0x00000000000002DD (mip.MTI <- 0b1, mip.STI <- 0b0)
mem[X,0x00000000800013C8] -> 0x3503
mem[X,0x00000000800013CA] -> 0x2801
[1466] [M]: 0x00000000800013C8 (0x28013503) ld x10, 0x280(x2)                       resto_Mrtn+16
mem[R,0x0000000080004280] -> 0x00000000200014CF
x10 <- 0x00000000200014CF

mem[X,0x00000000800013CC] -> 0x3583
mem[X,0x00000000800013CE] -> 0x2881
[1467] [M]: 0x00000000800013CC (0x28813583) ld x11, 0x288(x2)                       resto_Mrtn+20
mem[R,0x0000000080004288] -> 0x00000000000000CF
x11 <- 0x00000000000000CF

clint mtime 0x00000000000002DE (mip.MTI <- 0b1, mip.STI <- 0b0)
mem[X,0x00000000800013D0] -> 0x3103
mem[X,0x00000000800013D2] -> 0x2901
[1468] [M]: 0x00000000800013D0 (0x29013103) ld x2, 0x290(x2)                        resto_Mrtn+24
mem[R,0x0000000080004290] -> 0x0000000000000000
x2 <- 0x0000000000000000

mem[X,0x00000000800013D4] -> 0x0073
mem[X,0x00000000800013D6] -> 0x3020
[1469] [M]: 0x00000000800013D4 (0x30200073) mret                                    resto_Mrtn+28
CSR mstatus (0x300) <- 0x0000000A00000080
ret-ing from M to S

clint mtime 0x00000000000002DF (mip.MTI <- 0b1, mip.STI <- 0b0)
mem[X,0x000000008000094C] -> 0x0013
mem[X,0x000000008000094E] -> 0x0000
[1470] [S]: 0x000600008000094C (0x00000013) addi x0, x0, 0x0                        va_rvtest_code_begin+1456

mem[X,0x0000000080000950] -> 0x0013
mem[X,0x0000000080000952] -> 0x0000
[1471] [S]: 0x0006000080000950 (0x00000013) addi x0, x0, 0x0                        va_rvtest_code_begin+1460

clint mtime 0x00000000000002E0 (mip.MTI <- 0b1, mip.STI <- 0b0)
mem[X,0x0000000080000954] -> 0x0013
mem[X,0x0000000080000956] -> 0x0000
[1472] [S]: 0x0006000080000954 (0x00000013) addi x0, x0, 0x0                        va_rvtest_code_begin+1464

mem[X,0x0000000080000958] -> 0x0113
mem[X,0x000000008000095A] -> 0x0000
[1473] [S]: 0x0006000080000958 (0x00000113) addi x2, x0, 0x0                        va_rvtest_code_begin+1468
x2 <- 0x0000000000000000

clint mtime 0x00000000000002E1 (mip.MTI <- 0b1, mip.STI <- 0b0)
mem[X,0x000000008000095C] -> 0x0073
mem[X,0x000000008000095E] -> 0x0000
[1474] [S]: 0x000600008000095C (0x00000073) ecall                                   va_rvtest_code_begin+1472
trapping from S to M to handle s-call
handling exc#s-call at priv M with tval 0x0000000000000000
CSR mstatus (0x300) <- 0x0000000A00000800
CSR mcause (0x342) <- 0x0000000000000009
CSR mtval (0x343) <- 0x0000000000000000
CSR mepc (0x341) <- 0x000600008000095C

mem[X,0x0000000080000F80] -> 0x006F
mem[X,0x0000000080000F82] -> 0x1000
[1475] [M]: 0x0000000080000F80 (0x1000006F) jal x0, 0x100                           Mtrampoline+0

clint mtime 0x00000000000002E2 (mip.MTI <- 0b1, mip.STI <- 0b0)
mem[X,0x0000000080001080] -> 0x1173
mem[X,0x0000000080001082] -> 0x3401
[1476] [M]: 0x0000000080001080 (0x34011173) csrrw x2, mscratch, x2                  trap_Mhandler+0
CSR mscratch (0x340) <- 0x0000000000000000
x2 <- 0x0000000080004000

mem[X,0x0000000080001084] -> 0x3423
mem[X,0x0000000080001086] -> 0x28B1
[1477] [M]: 0x0000000080001084 (0x28B13423) sd x11, 0x288(x2)                       trap_Mhandler+4
mem[W,0x0000000080004288] <- 0x00000000000000CF

clint mtime 0x00000000000002E3 (mip.MTI <- 0b1, mip.STI <- 0b0)
mem[X,0x0000000080001088] -> 0x05EF
mem[X,0x000000008000108A] -> 0x0B80
[1478] [M]: 0x0000000080001088 (0x0B8005EF) jal x11, 0xb8                           trap_Mhandler+8
x11 <- 0x000000008000108C

mem[X,0x0000000080001140] -> 0x3023
mem[X,0x0000000080001142] -> 0x28A1
[1479] [M]: 0x0000000080001140 (0x28A13023) sd x10, 0x280(x2)                       common_Mhandler+0
mem[W,0x0000000080004280] <- 0x00000000200014CF

clint mtime 0x00000000000002E4 (mip.MTI <- 0b1, mip.STI <- 0b0)
mem[X,0x0000000080001144] -> 0x1573
mem[X,0x0000000080001146] -> 0x3401
[1480] [M]: 0x0000000080001144 (0x34011573) csrrw x10, mscratch, x2                 common_Mhandler+4
CSR mscratch (0x340) <- 0x0000000080004000
x10 <- 0x0000000000000000

mem[X,0x0000000080001148] -> 0x3823
mem[X,0x000000008000114A] -> 0x28A1
[1481] [M]: 0x0000000080001148 (0x28A13823) sd x10, 0x290(x2)                       common_Mhandler+8
mem[W,0x0000000080004290] <- 0x0000000000000000

clint mtime 0x00000000000002E5 (mip.MTI <- 0b1, mip.STI <- 0b0)
mem[X,0x000000008000114C] -> 0x3503
mem[X,0x000000008000114E] -> 0x2301
[1482] [M]: 0x000000008000114C (0x23013503) ld x10, 0x230(x2)                       common_Mhandler+12
mem[R,0x0000000080004230] -> 0x0000000080001154
x10 <- 0x0000000080001154

mem[X,0x0000000080001150] -> 0x0067
mem[X,0x0000000080001152] -> 0x0005
[1483] [M]: 0x0000000080001150 (0x00050067) jalr x0, 0x0(x10)                       common_Mhandler+16

clint mtime 0x00000000000002E6 (mip.MTI <- 0b1, mip.STI <- 0b0)
mem[X,0x0000000080001154] -> 0x3C23
mem[X,0x0000000080001156] -> 0x2691
[1484] [M]: 0x0000000080001154 (0x26913C23) sd x9, 0x278(x2)                        common_Mentry+0
mem[W,0x0000000080004278] <- 0x0006000000000148

mem[X,0x0000000080001158] -> 0x3823
mem[X,0x000000008000115A] -> 0x2681
[1485] [M]: 0x0000000080001158 (0x26813823) sd x8, 0x270(x2)                        common_Mentry+4
mem[W,0x0000000080004270] <- 0x0000000000007F76

clint mtime 0x00000000000002E7 (mip.MTI <- 0b1, mip.STI <- 0b0)
mem[X,0x000000008000115C] -> 0x3423
mem[X,0x000000008000115E] -> 0x2671
[1486] [M]: 0x000000008000115C (0x26713423) sd x7, 0x268(x2)                        common_Mentry+8
mem[W,0x0000000080004268] <- 0x0000000080004000

mem[X,0x0000000080001160] -> 0x3023
mem[X,0x0000000080001162] -> 0x2661
[1487] [M]: 0x0000000080001160 (0x26613023) sd x6, 0x260(x2)                        common_Mentry+12
mem[W,0x0000000080004260] <- 0xFFFFFFFF7FFFF86C

clint mtime 0x00000000000002E8 (mip.MTI <- 0b1, mip.STI <- 0b0)
mem[X,0x0000000080001164] -> 0x2573
mem[X,0x0000000080001166] -> 0x3420
[1488] [M]: 0x0000000080001164 (0x34202573) csrrs x10, mcause, x0                   spcl_M2mmode_test+0
CSR mcause (0x342) -> 0x0000000000000009
x10 <- 0x0000000000000009

mem[X,0x0000000080001168] -> 0x04B7
mem[X,0x000000008000116A] -> 0x8000
[1489] [M]: 0x0000000080001168 (0x800004B7) lui x9, -0x80000                        spcl_M2mmode_test+4
x9 <- 0xFFFFFFFF80000000

clint mtime 0x00000000000002E9 (mip.MTI <- 0b1, mip.STI <- 0b0)
mem[X,0x000000008000116C] -> 0x8493
mem[X,0x000000008000116E] -> 0x0004
[1490] [M]: 0x000000008000116C (0x00048493) addi x9, x9, 0x0                        spcl_M2mmode_test+8
x9 <- 0xFFFFFFFF80000000

mem[X,0x0000000080001170] -> 0x9493
mem[X,0x0000000080001172] -> 0x00B4
[1491] [M]: 0x0000000080001170 (0x00B49493) slli x9, x9, 0xb                        spcl_M2mmode_test+12
x9 <- 0xFFFFFC0000000000

clint mtime 0x00000000000002EA (mip.MTI <- 0b1, mip.STI <- 0b0)
mem[X,0x0000000080001174] -> 0x8493
mem[X,0x0000000080001176] -> 0x0004
[1492] [M]: 0x0000000080001174 (0x00048493) addi x9, x9, 0x0                        spcl_M2mmode_test+16
x9 <- 0xFFFFFC0000000000

mem[X,0x0000000080001178] -> 0x9493
mem[X,0x000000008000117A] -> 0x00B4
[1493] [M]: 0x0000000080001178 (0x00B49493) slli x9, x9, 0xb                        spcl_M2mmode_test+20
x9 <- 0xFFE0000000000000

clint mtime 0x00000000000002EB (mip.MTI <- 0b1, mip.STI <- 0b0)
mem[X,0x000000008000117C] -> 0x8493
mem[X,0x000000008000117E] -> 0x0034
[1494] [M]: 0x000000008000117C (0x00348493) addi x9, x9, 0x3                        spcl_M2mmode_test+24
x9 <- 0xFFE0000000000003

mem[X,0x0000000080001180] -> 0x9493
mem[X,0x0000000080001182] -> 0x00A4
[1495] [M]: 0x0000000080001180 (0x00A49493) slli x9, x9, 0xa                        spcl_M2mmode_test+28
x9 <- 0x8000000000000C00

clint mtime 0x00000000000002EC (mip.MTI <- 0b1, mip.STI <- 0b0)
mem[X,0x0000000080001184] -> 0x8493
mem[X,0x0000000080001186] -> 0x3FC4
[1496] [M]: 0x0000000080001184 (0x3FC48493) addi x9, x9, 0x3fc                      spcl_M2mmode_test+32
x9 <- 0x8000000000000FFC

mem[X,0x0000000080001188] -> 0xF4B3
mem[X,0x000000008000118A] -> 0x00A4
[1497] [M]: 0x0000000080001188 (0x00A4F4B3) and x9, x9, x10                         spcl_M2mmode_test+36
x9 <- 0x0000000000000008

clint mtime 0x00000000000002ED (mip.MTI <- 0b1, mip.STI <- 0b0)
mem[X,0x000000008000118C] -> 0x8493
mem[X,0x000000008000118E] -> 0xFF84
[1498] [M]: 0x000000008000118C (0xFF848493) addi x9, x9, -0x8                       spcl_M2mmode_test+40
x9 <- 0x0000000000000000

mem[X,0x0000000080001190] -> 0x9663
mem[X,0x0000000080001192] -> 0x0004
[1499] [M]: 0x0000000080001190 (0x00049663) bne x9, x0, 0xc                         spcl_M2mmode_test+44

clint mtime 0x00000000000002EE (mip.MTI <- 0b1, mip.STI <- 0b0)
mem[X,0x0000000080001194] -> 0x3383
mem[X,0x0000000080001196] -> 0x2901
[1500] [M]: 0x0000000080001194 (0x29013383) ld x7, 0x290(x2)                        spcl_M2mmode_test+48
mem[R,0x0000000080004290] -> 0x0000000000000000
x7 <- 0x0000000000000000

mem[X,0x0000000080001198] -> 0x8663
mem[X,0x000000008000119A] -> 0x6E03
[1501] [M]: 0x0000000080001198 (0x6E038663) beq x7, x0, 0x6ec                       spcl_M2mmode_test+52

clint mtime 0x00000000000002EF (mip.MTI <- 0b1, mip.STI <- 0b0)
mem[X,0x0000000080001884] -> 0x0493
mem[X,0x0000000080001886] -> 0xFF55
[1502] [M]: 0x0000000080001884 (0xFF550493) addi x9, x10, -0xb                      rtn2mmode+0
x9 <- 0xFFFFFFFFFFFFFFFE

mem[X,0x0000000080001888] -> 0x8C63
mem[X,0x000000008000188A] -> 0x0004
[1503] [M]: 0x0000000080001888 (0x00048C63) beq x9, x0, 0x18                        rtn2mmode+4

clint mtime 0x00000000000002F0 (mip.MTI <- 0b1, mip.STI <- 0b0)
mem[X,0x000000008000188C] -> 0x3583
mem[X,0x000000008000188E] -> 0x4701
[1504] [M]: 0x000000008000188C (0x47013583) ld x11, 0x470(x2)                       rtn2mmode+8
mem[R,0x0000000080004470] -> 0x000600008000039C
x11 <- 0x000600008000039C

mem[X,0x0000000080001890] -> 0xD463
mem[X,0x0000000080001892] -> 0x0003
[1505] [M]: 0x0000000080001890 (0x0003D463) bge x7, x0, 0x8                         rtn2mmode+12

clint mtime 0x00000000000002F1 (mip.MTI <- 0b1, mip.STI <- 0b0)
mem[X,0x0000000080001898] -> 0x3483
mem[X,0x000000008000189A] -> 0x1D81
[1506] [M]: 0x0000000080001898 (0x1D813483) ld x9, 0x1d8(x2)                        from_u_s+0
mem[R,0x00000000800041D8] -> 0x00000000800003B4
x9 <- 0x00000000800003B4

mem[X,0x000000008000189C] -> 0x84B3
mem[X,0x000000008000189E] -> 0x40B4
[1507] [M]: 0x000000008000189C (0x40B484B3) sub x9, x9, x11                         from_u_s+4
x9 <- 0xFFFA000000000018

clint mtime 0x00000000000002F2 (mip.MTI <- 0b1, mip.STI <- 0b0)
mem[X,0x00000000800018A0] -> 0x23F3
mem[X,0x00000000800018A2] -> 0x3410
[1508] [M]: 0x00000000800018A0 (0x341023F3) csrrs x7, mepc, x0                      rtn_fm_mmode+0
CSR mepc (0x341) -> 0x000600008000095C
x7 <- 0x000600008000095C

mem[X,0x00000000800018A4] -> 0x83B3
mem[X,0x00000000800018A6] -> 0x0093
[1509] [M]: 0x00000000800018A4 (0x009383B3) add x7, x7, x9                          rtn_fm_mmode+4
x7 <- 0x0000000080000974

clint mtime 0x00000000000002F3 (mip.MTI <- 0b1, mip.STI <- 0b0)
mem[X,0x00000000800018A8] -> 0x3303
mem[X,0x00000000800018AA] -> 0x2601
[1510] [M]: 0x00000000800018A8 (0x26013303) ld x6, 0x260(x2)                        rtn_fm_mmode+8
mem[R,0x0000000080004260] -> 0xFFFFFFFF7FFFF86C
x6 <- 0xFFFFFFFF7FFFF86C

mem[X,0x00000000800018AC] -> 0x3403
mem[X,0x00000000800018AE] -> 0x2701
[1511] [M]: 0x00000000800018AC (0x27013403) ld x8, 0x270(x2)                        rtn_fm_mmode+12
mem[R,0x0000000080004270] -> 0x0000000000007F76
x8 <- 0x0000000000007F76

clint mtime 0x00000000000002F4 (mip.MTI <- 0b1, mip.STI <- 0b0)
mem[X,0x00000000800018B0] -> 0x3483
mem[X,0x00000000800018B2] -> 0x2781
[1512] [M]: 0x00000000800018B0 (0x27813483) ld x9, 0x278(x2)                        rtn_fm_mmode+16
mem[R,0x0000000080004278] -> 0x0006000000000148
x9 <- 0x0006000000000148

mem[X,0x00000000800018B4] -> 0x3503
mem[X,0x00000000800018B6] -> 0x2801
[1513] [M]: 0x00000000800018B4 (0x28013503) ld x10, 0x280(x2)                       rtn_fm_mmode+20
mem[R,0x0000000080004280] -> 0x00000000200014CF
x10 <- 0x00000000200014CF

clint mtime 0x00000000000002F5 (mip.MTI <- 0b1, mip.STI <- 0b0)
mem[X,0x00000000800018B8] -> 0x3583
mem[X,0x00000000800018BA] -> 0x2881
[1514] [M]: 0x00000000800018B8 (0x28813583) ld x11, 0x288(x2)                       rtn_fm_mmode+24
mem[R,0x0000000080004288] -> 0x00000000000000CF
x11 <- 0x00000000000000CF

mem[X,0x00000000800018BC] -> 0x3103
mem[X,0x00000000800018BE] -> 0x2901
[1515] [M]: 0x00000000800018BC (0x29013103) ld x2, 0x290(x2)                        rtn_fm_mmode+28
mem[R,0x0000000080004290] -> 0x0000000000000000
x2 <- 0x0000000000000000

clint mtime 0x00000000000002F6 (mip.MTI <- 0b1, mip.STI <- 0b0)
mem[X,0x00000000800018C0] -> 0x8067
mem[X,0x00000000800018C2] -> 0x0043
[1516] [M]: 0x00000000800018C0 (0x00438067) jalr x0, 0x4(x7)                        rtn_fm_mmode+32

mem[X,0x0000000080000978] -> 0x0013
mem[X,0x000000008000097A] -> 0x0000
[1517] [M]: 0x0000000080000978 (0x00000013) addi x0, x0, 0x0                        main+1432

clint mtime 0x00000000000002F7 (mip.MTI <- 0b1, mip.STI <- 0b0)
mem[X,0x000000008000097C] -> 0x0013
mem[X,0x000000008000097E] -> 0x0000
[1518] [M]: 0x000000008000097C (0x00000013) addi x0, x0, 0x0                        main+1436

mem[X,0x0000000080000980] -> 0x8517
mem[X,0x0000000080000982] -> 0x0000
[1519] [M]: 0x0000000080000980 (0x00008517) auipc x10, 0x8                          main+1440
x10 <- 0x0000000080008980

clint mtime 0x00000000000002F8 (mip.MTI <- 0b1, mip.STI <- 0b0)
mem[X,0x0000000080000984] -> 0x0513
mem[X,0x0000000080000986] -> 0x6805
[1520] [M]: 0x0000000080000984 (0x68050513) addi x10, x10, 0x680                    main+1444
x10 <- 0x0000000080009000

mem[X,0x0000000080000988] -> 0x0001
[1521] [M]: 0x0000000080000988 (0x0001) c.nop                                       main+1448

clint mtime 0x00000000000002F9 (mip.MTI <- 0b1, mip.STI <- 0b0)
mem[X,0x000000008000098A] -> 0x0013
mem[X,0x000000008000098C] -> 0x0000
[1522] [M]: 0x000000008000098A (0x00000013) addi x0, x0, 0x0                        main+1450

mem[X,0x000000008000098E] -> 0x0013
mem[X,0x0000000080000990] -> 0x0000
[1523] [M]: 0x000000008000098E (0x00000013) addi x0, x0, 0x0                        main+1454

clint mtime 0x00000000000002FA (mip.MTI <- 0b1, mip.STI <- 0b0)
mem[X,0x0000000080000992] -> 0x0013
mem[X,0x0000000080000994] -> 0x0000
[1524] [M]: 0x0000000080000992 (0x00000013) addi x0, x0, 0x0                        main+1458

mem[X,0x0000000080000996] -> 0x0013
mem[X,0x0000000080000998] -> 0x0000
[1525] [M]: 0x0000000080000996 (0x00000013) addi x0, x0, 0x0                        main+1462

clint mtime 0x00000000000002FB (mip.MTI <- 0b1, mip.STI <- 0b0)
mem[X,0x000000008000099A] -> 0x0013
mem[X,0x000000008000099C] -> 0x0000
[1526] [M]: 0x000000008000099A (0x00000013) addi x0, x0, 0x0                        main+1466

mem[X,0x000000008000099E] -> 0x0001
[1527] [M]: 0x000000008000099E (0x0001) c.nop                                       main+1470

clint mtime 0x00000000000002FC (mip.MTI <- 0b1, mip.STI <- 0b0)
mem[X,0x00000000800009A0] -> 0x0593
mem[X,0x00000000800009A2] -> 0x0010
[1528] [M]: 0x00000000800009A0 (0x00100593) addi x11, x0, 0x1                       main+1472
x11 <- 0x0000000000000001

mem[X,0x00000000800009A4] -> 0x5513
mem[X,0x00000000800009A6] -> 0x00C5
[1529] [M]: 0x00000000800009A4 (0x00C55513) srli x10, x10, 0xc                      main+1476
x10 <- 0x0000000000080009

clint mtime 0x00000000000002FD (mip.MTI <- 0b1, mip.STI <- 0b0)
mem[X,0x00000000800009A8] -> 0x1513
mem[X,0x00000000800009AA] -> 0x00A5
[1530] [M]: 0x00000000800009A8 (0x00A51513) slli x10, x10, 0xa                      main+1480
x10 <- 0x0000000020002400

mem[X,0x00000000800009AC] -> 0x6533
mem[X,0x00000000800009AE] -> 0x00B5
[1531] [M]: 0x00000000800009AC (0x00B56533) or x10, x10, x11                        main+1484
x10 <- 0x0000000020002401

clint mtime 0x00000000000002FE (mip.MTI <- 0b1, mip.STI <- 0b0)
mem[X,0x00000000800009B0] -> 0x0013
mem[X,0x00000000800009B2] -> 0x0000
[1532] [M]: 0x00000000800009B0 (0x00000013) addi x0, x0, 0x0                        main+1488

mem[X,0x00000000800009B4] -> 0x0013
mem[X,0x00000000800009B6] -> 0x0000
[1533] [M]: 0x00000000800009B4 (0x00000013) addi x0, x0, 0x0                        main+1492

clint mtime 0x00000000000002FF (mip.MTI <- 0b1, mip.STI <- 0b0)
mem[X,0x00000000800009B8] -> 0x0013
mem[X,0x00000000800009BA] -> 0x0000
[1534] [M]: 0x00000000800009B8 (0x00000013) addi x0, x0, 0x0                        main+1496

mem[X,0x00000000800009BC] -> 0x0013
mem[X,0x00000000800009BE] -> 0x0000
[1535] [M]: 0x00000000800009BC (0x00000013) addi x0, x0, 0x0                        main+1500

clint mtime 0x0000000000000300 (mip.MTI <- 0b1, mip.STI <- 0b0)
mem[X,0x00000000800009C0] -> 0x9317
mem[X,0x00000000800009C2] -> 0x0000
[1536] [M]: 0x00000000800009C0 (0x00009317) auipc x6, 0x9                           main+1504
x6 <- 0x00000000800099C0

mem[X,0x00000000800009C4] -> 0x0313
mem[X,0x00000000800009C6] -> 0x6403
[1537] [M]: 0x00000000800009C4 (0x64030313) addi x6, x6, 0x640                      main+1508
x6 <- 0x000000008000A000

clint mtime 0x0000000000000301 (mip.MTI <- 0b1, mip.STI <- 0b0)
mem[X,0x00000000800009C8] -> 0x0001
[1538] [M]: 0x00000000800009C8 (0x0001) c.nop                                       main+1512

mem[X,0x00000000800009CA] -> 0x0013
mem[X,0x00000000800009CC] -> 0x0000
[1539] [M]: 0x00000000800009CA (0x00000013) addi x0, x0, 0x0                        main+1514

clint mtime 0x0000000000000302 (mip.MTI <- 0b1, mip.STI <- 0b0)
mem[X,0x00000000800009CE] -> 0x0013
mem[X,0x00000000800009D0] -> 0x0000
[1540] [M]: 0x00000000800009CE (0x00000013) addi x0, x0, 0x0                        main+1518

mem[X,0x00000000800009D2] -> 0x0013
mem[X,0x00000000800009D4] -> 0x0000
[1541] [M]: 0x00000000800009D2 (0x00000013) addi x0, x0, 0x0                        main+1522

clint mtime 0x0000000000000303 (mip.MTI <- 0b1, mip.STI <- 0b0)
mem[X,0x00000000800009D6] -> 0x0013
mem[X,0x00000000800009D8] -> 0x0000
[1542] [M]: 0x00000000800009D6 (0x00000013) addi x0, x0, 0x0                        main+1526

mem[X,0x00000000800009DA] -> 0x0013
mem[X,0x00000000800009DC] -> 0x0000
[1543] [M]: 0x00000000800009DA (0x00000013) addi x0, x0, 0x0                        main+1530

clint mtime 0x0000000000000304 (mip.MTI <- 0b1, mip.STI <- 0b0)
mem[X,0x00000000800009DE] -> 0x0001
[1544] [M]: 0x00000000800009DE (0x0001) c.nop                                       main+1534

mem[X,0x00000000800009E0] -> 0x0293
mem[X,0x00000000800009E2] -> 0x0280
[1545] [M]: 0x00000000800009E0 (0x02800293) addi x5, x0, 0x28                       main+1536
x5 <- 0x0000000000000028

clint mtime 0x0000000000000305 (mip.MTI <- 0b1, mip.STI <- 0b0)
mem[X,0x00000000800009E4] -> 0x0333
mem[X,0x00000000800009E6] -> 0x0053
[1546] [M]: 0x00000000800009E4 (0x00530333) add x6, x6, x5                          main+1540
x6 <- 0x000000008000A028

mem[X,0x00000000800009E8] -> 0x3023
mem[X,0x00000000800009EA] -> 0x00A3
[1547] [M]: 0x00000000800009E8 (0x00A33023) sd x10, 0x0(x6)                         main+1544
mem[W,0x000000008000A028] <- 0x0000000020002401

clint mtime 0x0000000000000306 (mip.MTI <- 0b1, mip.STI <- 0b0)
mem[X,0x00000000800009EC] -> 0x0013
mem[X,0x00000000800009EE] -> 0x0000
[1548] [M]: 0x00000000800009EC (0x00000013) addi x0, x0, 0x0                        main+1548

mem[X,0x00000000800009F0] -> 0x0013
mem[X,0x00000000800009F2] -> 0x0000
[1549] [M]: 0x00000000800009F0 (0x00000013) addi x0, x0, 0x0                        main+1552

clint mtime 0x0000000000000307 (mip.MTI <- 0b1, mip.STI <- 0b0)
mem[X,0x00000000800009F4] -> 0x0013
mem[X,0x00000000800009F6] -> 0x0000
[1550] [M]: 0x00000000800009F4 (0x00000013) addi x0, x0, 0x0                        main+1556

mem[X,0x00000000800009F8] -> 0x0013
mem[X,0x00000000800009FA] -> 0x0000
[1551] [M]: 0x00000000800009F8 (0x00000013) addi x0, x0, 0x0                        main+1560

clint mtime 0x0000000000000308 (mip.MTI <- 0b1, mip.STI <- 0b0)
mem[X,0x00000000800009FC] -> 0x0013
mem[X,0x00000000800009FE] -> 0x0000
[1552] [M]: 0x00000000800009FC (0x00000013) addi x0, x0, 0x0                        main+1564

mem[X,0x0000000080000A00] -> 0x7517
mem[X,0x0000000080000A02] -> 0x0000
[1553] [M]: 0x0000000080000A00 (0x00007517) auipc x10, 0x7                          main+1568
x10 <- 0x0000000080007A00

clint mtime 0x0000000000000309 (mip.MTI <- 0b1, mip.STI <- 0b0)
mem[X,0x0000000080000A04] -> 0x0513
mem[X,0x0000000080000A06] -> 0x6005
[1554] [M]: 0x0000000080000A04 (0x60050513) addi x10, x10, 0x600                    main+1572
x10 <- 0x0000000080008000

mem[X,0x0000000080000A08] -> 0x0001
[1555] [M]: 0x0000000080000A08 (0x0001) c.nop                                       main+1576

clint mtime 0x000000000000030A (mip.MTI <- 0b1, mip.STI <- 0b0)
mem[X,0x0000000080000A0A] -> 0x0013
mem[X,0x0000000080000A0C] -> 0x0000
[1556] [M]: 0x0000000080000A0A (0x00000013) addi x0, x0, 0x0                        main+1578

mem[X,0x0000000080000A0E] -> 0x0013
mem[X,0x0000000080000A10] -> 0x0000
[1557] [M]: 0x0000000080000A0E (0x00000013) addi x0, x0, 0x0                        main+1582

clint mtime 0x000000000000030B (mip.MTI <- 0b1, mip.STI <- 0b0)
mem[X,0x0000000080000A12] -> 0x0013
mem[X,0x0000000080000A14] -> 0x0000
[1558] [M]: 0x0000000080000A12 (0x00000013) addi x0, x0, 0x0                        main+1586

mem[X,0x0000000080000A16] -> 0x0013
mem[X,0x0000000080000A18] -> 0x0000
[1559] [M]: 0x0000000080000A16 (0x00000013) addi x0, x0, 0x0                        main+1590

clint mtime 0x000000000000030C (mip.MTI <- 0b1, mip.STI <- 0b0)
mem[X,0x0000000080000A1A] -> 0x0013
mem[X,0x0000000080000A1C] -> 0x0000
[1560] [M]: 0x0000000080000A1A (0x00000013) addi x0, x0, 0x0                        main+1594

mem[X,0x0000000080000A1E] -> 0x0001
[1561] [M]: 0x0000000080000A1E (0x0001) c.nop                                       main+1598

clint mtime 0x000000000000030D (mip.MTI <- 0b1, mip.STI <- 0b0)
mem[X,0x0000000080000A20] -> 0x0593
mem[X,0x0000000080000A22] -> 0x0010
[1562] [M]: 0x0000000080000A20 (0x00100593) addi x11, x0, 0x1                       main+1600
x11 <- 0x0000000000000001

mem[X,0x0000000080000A24] -> 0x5513
mem[X,0x0000000080000A26] -> 0x00C5
[1563] [M]: 0x0000000080000A24 (0x00C55513) srli x10, x10, 0xc                      main+1604
x10 <- 0x0000000000080008

clint mtime 0x000000000000030E (mip.MTI <- 0b1, mip.STI <- 0b0)
mem[X,0x0000000080000A28] -> 0x1513
mem[X,0x0000000080000A2A] -> 0x00A5
[1564] [M]: 0x0000000080000A28 (0x00A51513) slli x10, x10, 0xa                      main+1608
x10 <- 0x0000000020002000

mem[X,0x0000000080000A2C] -> 0x6533
mem[X,0x0000000080000A2E] -> 0x00B5
[1565] [M]: 0x0000000080000A2C (0x00B56533) or x10, x10, x11                        main+1612
x10 <- 0x0000000020002001

clint mtime 0x000000000000030F (mip.MTI <- 0b1, mip.STI <- 0b0)
mem[X,0x0000000080000A30] -> 0x0013
mem[X,0x0000000080000A32] -> 0x0000
[1566] [M]: 0x0000000080000A30 (0x00000013) addi x0, x0, 0x0                        main+1616

mem[X,0x0000000080000A34] -> 0x0013
mem[X,0x0000000080000A36] -> 0x0000
[1567] [M]: 0x0000000080000A34 (0x00000013) addi x0, x0, 0x0                        main+1620

clint mtime 0x0000000000000310 (mip.MTI <- 0b1, mip.STI <- 0b0)
mem[X,0x0000000080000A38] -> 0x0013
mem[X,0x0000000080000A3A] -> 0x0000
[1568] [M]: 0x0000000080000A38 (0x00000013) addi x0, x0, 0x0                        main+1624

mem[X,0x0000000080000A3C] -> 0x0013
mem[X,0x0000000080000A3E] -> 0x0000
[1569] [M]: 0x0000000080000A3C (0x00000013) addi x0, x0, 0x0                        main+1628

clint mtime 0x0000000000000311 (mip.MTI <- 0b1, mip.STI <- 0b0)
mem[X,0x0000000080000A40] -> 0x8317
mem[X,0x0000000080000A42] -> 0x0000
[1570] [M]: 0x0000000080000A40 (0x00008317) auipc x6, 0x8                           main+1632
x6 <- 0x0000000080008A40

mem[X,0x0000000080000A44] -> 0x0313
mem[X,0x0000000080000A46] -> 0x5C03
[1571] [M]: 0x0000000080000A44 (0x5C030313) addi x6, x6, 0x5c0                      main+1636
x6 <- 0x0000000080009000

clint mtime 0x0000000000000312 (mip.MTI <- 0b1, mip.STI <- 0b0)
mem[X,0x0000000080000A48] -> 0x0001
[1572] [M]: 0x0000000080000A48 (0x0001) c.nop                                       main+1640

mem[X,0x0000000080000A4A] -> 0x0013
mem[X,0x0000000080000A4C] -> 0x0000
[1573] [M]: 0x0000000080000A4A (0x00000013) addi x0, x0, 0x0                        main+1642

clint mtime 0x0000000000000313 (mip.MTI <- 0b1, mip.STI <- 0b0)
mem[X,0x0000000080000A4E] -> 0x0013
mem[X,0x0000000080000A50] -> 0x0000
[1574] [M]: 0x0000000080000A4E (0x00000013) addi x0, x0, 0x0                        main+1646

mem[X,0x0000000080000A52] -> 0x0013
mem[X,0x0000000080000A54] -> 0x0000
[1575] [M]: 0x0000000080000A52 (0x00000013) addi x0, x0, 0x0                        main+1650

clint mtime 0x0000000000000314 (mip.MTI <- 0b1, mip.STI <- 0b0)
mem[X,0x0000000080000A56] -> 0x0013
mem[X,0x0000000080000A58] -> 0x0000
[1576] [M]: 0x0000000080000A56 (0x00000013) addi x0, x0, 0x0                        main+1654

mem[X,0x0000000080000A5A] -> 0x0013
mem[X,0x0000000080000A5C] -> 0x0000
[1577] [M]: 0x0000000080000A5A (0x00000013) addi x0, x0, 0x0                        main+1658

clint mtime 0x0000000000000315 (mip.MTI <- 0b1, mip.STI <- 0b0)
mem[X,0x0000000080000A5E] -> 0x0001
[1578] [M]: 0x0000000080000A5E (0x0001) c.nop                                       main+1662

mem[X,0x0000000080000A60] -> 0x0293
mem[X,0x0000000080000A62] -> 0x0000
[1579] [M]: 0x0000000080000A60 (0x00000293) addi x5, x0, 0x0                        main+1664
x5 <- 0x0000000000000000

clint mtime 0x0000000000000316 (mip.MTI <- 0b1, mip.STI <- 0b0)
mem[X,0x0000000080000A64] -> 0x0333
mem[X,0x0000000080000A66] -> 0x0053
[1580] [M]: 0x0000000080000A64 (0x00530333) add x6, x6, x5                          main+1668
x6 <- 0x0000000080009000

mem[X,0x0000000080000A68] -> 0x3023
mem[X,0x0000000080000A6A] -> 0x00A3
[1581] [M]: 0x0000000080000A68 (0x00A33023) sd x10, 0x0(x6)                         main+1672
mem[W,0x0000000080009000] <- 0x0000000020002001

clint mtime 0x0000000000000317 (mip.MTI <- 0b1, mip.STI <- 0b0)
mem[X,0x0000000080000A6C] -> 0x0013
mem[X,0x0000000080000A6E] -> 0x0000
[1582] [M]: 0x0000000080000A6C (0x00000013) addi x0, x0, 0x0                        main+1676

mem[X,0x0000000080000A70] -> 0x0013
mem[X,0x0000000080000A72] -> 0x0000
[1583] [M]: 0x0000000080000A70 (0x00000013) addi x0, x0, 0x0                        main+1680

clint mtime 0x0000000000000318 (mip.MTI <- 0b1, mip.STI <- 0b0)
mem[X,0x0000000080000A74] -> 0x0013
mem[X,0x0000000080000A76] -> 0x0000
[1584] [M]: 0x0000000080000A74 (0x00000013) addi x0, x0, 0x0                        main+1684

mem[X,0x0000000080000A78] -> 0x0013
mem[X,0x0000000080000A7A] -> 0x0000
[1585] [M]: 0x0000000080000A78 (0x00000013) addi x0, x0, 0x0                        main+1688

clint mtime 0x0000000000000319 (mip.MTI <- 0b1, mip.STI <- 0b0)
mem[X,0x0000000080000A7C] -> 0x0013
mem[X,0x0000000080000A7E] -> 0x0000
[1586] [M]: 0x0000000080000A7C (0x00000013) addi x0, x0, 0x0                        main+1692

mem[X,0x0000000080000A80] -> 0x4517
mem[X,0x0000000080000A82] -> 0x0000
[1587] [M]: 0x0000000080000A80 (0x00004517) auipc x10, 0x4                          main+1696
x10 <- 0x0000000080004A80

clint mtime 0x000000000000031A (mip.MTI <- 0b1, mip.STI <- 0b0)
mem[X,0x0000000080000A84] -> 0x0513
mem[X,0x0000000080000A86] -> 0x5805
[1588] [M]: 0x0000000080000A84 (0x58050513) addi x10, x10, 0x580                    main+1700
x10 <- 0x0000000080005000

mem[X,0x0000000080000A88] -> 0x0001
[1589] [M]: 0x0000000080000A88 (0x0001) c.nop                                       main+1704

clint mtime 0x000000000000031B (mip.MTI <- 0b1, mip.STI <- 0b0)
mem[X,0x0000000080000A8A] -> 0x0013
mem[X,0x0000000080000A8C] -> 0x0000
[1590] [M]: 0x0000000080000A8A (0x00000013) addi x0, x0, 0x0                        main+1706

mem[X,0x0000000080000A8E] -> 0x0013
mem[X,0x0000000080000A90] -> 0x0000
[1591] [M]: 0x0000000080000A8E (0x00000013) addi x0, x0, 0x0                        main+1710

clint mtime 0x000000000000031C (mip.MTI <- 0b1, mip.STI <- 0b0)
mem[X,0x0000000080000A92] -> 0x0013
mem[X,0x0000000080000A94] -> 0x0000
[1592] [M]: 0x0000000080000A92 (0x00000013) addi x0, x0, 0x0                        main+1714

mem[X,0x0000000080000A96] -> 0x0013
mem[X,0x0000000080000A98] -> 0x0000
[1593] [M]: 0x0000000080000A96 (0x00000013) addi x0, x0, 0x0                        main+1718

clint mtime 0x000000000000031D (mip.MTI <- 0b1, mip.STI <- 0b0)
mem[X,0x0000000080000A9A] -> 0x0013
mem[X,0x0000000080000A9C] -> 0x0000
[1594] [M]: 0x0000000080000A9A (0x00000013) addi x0, x0, 0x0                        main+1722

mem[X,0x0000000080000A9E] -> 0x0001
[1595] [M]: 0x0000000080000A9E (0x0001) c.nop                                       main+1726

clint mtime 0x000000000000031E (mip.MTI <- 0b1, mip.STI <- 0b0)
mem[X,0x0000000080000AA0] -> 0x0593
mem[X,0x0000000080000AA2] -> 0x0CF0
[1596] [M]: 0x0000000080000AA0 (0x0CF00593) addi x11, x0, 0xcf                      main+1728
x11 <- 0x00000000000000CF

mem[X,0x0000000080000AA4] -> 0x5513
mem[X,0x0000000080000AA6] -> 0x00C5
[1597] [M]: 0x0000000080000AA4 (0x00C55513) srli x10, x10, 0xc                      main+1732
x10 <- 0x0000000000080005

clint mtime 0x000000000000031F (mip.MTI <- 0b1, mip.STI <- 0b0)
mem[X,0x0000000080000AA8] -> 0x1513
mem[X,0x0000000080000AAA] -> 0x00A5
[1598] [M]: 0x0000000080000AA8 (0x00A51513) slli x10, x10, 0xa                      main+1736
x10 <- 0x0000000020001400

mem[X,0x0000000080000AAC] -> 0x6533
mem[X,0x0000000080000AAE] -> 0x00B5
[1599] [M]: 0x0000000080000AAC (0x00B56533) or x10, x10, x11                        main+1740
x10 <- 0x00000000200014CF

clint mtime 0x0000000000000320 (mip.MTI <- 0b1, mip.STI <- 0b0)
mem[X,0x0000000080000AB0] -> 0x0013
mem[X,0x0000000080000AB2] -> 0x0000
[1600] [M]: 0x0000000080000AB0 (0x00000013) addi x0, x0, 0x0                        main+1744

mem[X,0x0000000080000AB4] -> 0x0013
mem[X,0x0000000080000AB6] -> 0x0000
[1601] [M]: 0x0000000080000AB4 (0x00000013) addi x0, x0, 0x0                        main+1748

clint mtime 0x0000000000000321 (mip.MTI <- 0b1, mip.STI <- 0b0)
mem[X,0x0000000080000AB8] -> 0x0013
mem[X,0x0000000080000ABA] -> 0x0000
[1602] [M]: 0x0000000080000AB8 (0x00000013) addi x0, x0, 0x0                        main+1752

mem[X,0x0000000080000ABC] -> 0x0013
mem[X,0x0000000080000ABE] -> 0x0000
[1603] [M]: 0x0000000080000ABC (0x00000013) addi x0, x0, 0x0                        main+1756

clint mtime 0x0000000000000322 (mip.MTI <- 0b1, mip.STI <- 0b0)
mem[X,0x0000000080000AC0] -> 0x7317
mem[X,0x0000000080000AC2] -> 0x0000
[1604] [M]: 0x0000000080000AC0 (0x00007317) auipc x6, 0x7                           main+1760
x6 <- 0x0000000080007AC0

mem[X,0x0000000080000AC4] -> 0x0313
mem[X,0x0000000080000AC6] -> 0x5403
[1605] [M]: 0x0000000080000AC4 (0x54030313) addi x6, x6, 0x540                      main+1764
x6 <- 0x0000000080008000

clint mtime 0x0000000000000323 (mip.MTI <- 0b1, mip.STI <- 0b0)
mem[X,0x0000000080000AC8] -> 0x0001
[1606] [M]: 0x0000000080000AC8 (0x0001) c.nop                                       main+1768

mem[X,0x0000000080000ACA] -> 0x0013
mem[X,0x0000000080000ACC] -> 0x0000
[1607] [M]: 0x0000000080000ACA (0x00000013) addi x0, x0, 0x0                        main+1770

clint mtime 0x0000000000000324 (mip.MTI <- 0b1, mip.STI <- 0b0)
mem[X,0x0000000080000ACE] -> 0x0013
mem[X,0x0000000080000AD0] -> 0x0000
[1608] [M]: 0x0000000080000ACE (0x00000013) addi x0, x0, 0x0                        main+1774

mem[X,0x0000000080000AD2] -> 0x0013
mem[X,0x0000000080000AD4] -> 0x0000
[1609] [M]: 0x0000000080000AD2 (0x00000013) addi x0, x0, 0x0                        main+1778

clint mtime 0x0000000000000325 (mip.MTI <- 0b1, mip.STI <- 0b0)
mem[X,0x0000000080000AD6] -> 0x0013
mem[X,0x0000000080000AD8] -> 0x0000
[1610] [M]: 0x0000000080000AD6 (0x00000013) addi x0, x0, 0x0                        main+1782

mem[X,0x0000000080000ADA] -> 0x0013
mem[X,0x0000000080000ADC] -> 0x0000
[1611] [M]: 0x0000000080000ADA (0x00000013) addi x0, x0, 0x0                        main+1786

clint mtime 0x0000000000000326 (mip.MTI <- 0b1, mip.STI <- 0b0)
mem[X,0x0000000080000ADE] -> 0x0001
[1612] [M]: 0x0000000080000ADE (0x0001) c.nop                                       main+1790

mem[X,0x0000000080000AE0] -> 0x0293
mem[X,0x0000000080000AE2] -> 0x0000
[1613] [M]: 0x0000000080000AE0 (0x00000293) addi x5, x0, 0x0                        main+1792
x5 <- 0x0000000000000000

clint mtime 0x0000000000000327 (mip.MTI <- 0b1, mip.STI <- 0b0)
mem[X,0x0000000080000AE4] -> 0x0333
mem[X,0x0000000080000AE6] -> 0x0053
[1614] [M]: 0x0000000080000AE4 (0x00530333) add x6, x6, x5                          main+1796
x6 <- 0x0000000080008000

mem[X,0x0000000080000AE8] -> 0x3023
mem[X,0x0000000080000AEA] -> 0x00A3
[1615] [M]: 0x0000000080000AE8 (0x00A33023) sd x10, 0x0(x6)                         main+1800
mem[W,0x0000000080008000] <- 0x00000000200014CF

clint mtime 0x0000000000000328 (mip.MTI <- 0b1, mip.STI <- 0b0)
mem[X,0x0000000080000AEC] -> 0x0073
mem[X,0x0000000080000AEE] -> 0x1200
[1616] [M]: 0x0000000080000AEC (0x12000073) sfence.vma x0, x0                       main+1804

mem[X,0x0000000080000AF0] -> 0x0493
mem[X,0x0000000080000AF2] -> 0x0010
[1617] [M]: 0x0000000080000AF0 (0x00100493) addi x9, x0, 0x1                        main+1808
x9 <- 0x0000000000000001

clint mtime 0x0000000000000329 (mip.MTI <- 0b1, mip.STI <- 0b0)
mem[X,0x0000000080000AF4] -> 0x9493
mem[X,0x0000000080000AF6] -> 0x00B4
[1618] [M]: 0x0000000080000AF4 (0x00B49493) slli x9, x9, 0xb                        main+1812
x9 <- 0x0000000000000800

mem[X,0x0000000080000AF8] -> 0xB073
mem[X,0x0000000080000AFA] -> 0x3004
[1619] [M]: 0x0000000080000AF8 (0x3004B073) csrrc x0, mstatus, x9                   main+1816
CSR mstatus (0x300) <- 0x0000000A00000000

clint mtime 0x000000000000032A (mip.MTI <- 0b1, mip.STI <- 0b0)
mem[X,0x0000000080000AFC] -> 0x0493
mem[X,0x0000000080000AFE] -> 0x0010
[1620] [M]: 0x0000000080000AFC (0x00100493) addi x9, x0, 0x1                        main+1820
x9 <- 0x0000000000000001

mem[X,0x0000000080000B00] -> 0x9493
mem[X,0x0000000080000B02] -> 0x00B4
[1621] [M]: 0x0000000080000B00 (0x00B49493) slli x9, x9, 0xb                        main+1824
x9 <- 0x0000000000000800

clint mtime 0x000000000000032B (mip.MTI <- 0b1, mip.STI <- 0b0)
mem[X,0x0000000080000B04] -> 0xA073
mem[X,0x0000000080000B06] -> 0x3004
[1622] [M]: 0x0000000080000B04 (0x3004A073) csrrs x0, mstatus, x9                   main+1828
CSR mstatus (0x300) <- 0x0000000A00000800

mem[X,0x0000000080000B08] -> 0x23F3
mem[X,0x0000000080000B0A] -> 0x3400
[1623] [M]: 0x0000000080000B08 (0x340023F3) csrrs x7, mscratch, x0                  main+1832
CSR mscratch (0x340) -> 0x0000000080004000
x7 <- 0x0000000080004000

clint mtime 0x000000000000032C (mip.MTI <- 0b1, mip.STI <- 0b0)
mem[X,0x0000000080000B0C] -> 0xB303
mem[X,0x0000000080000B0E] -> 0x4703
[1624] [M]: 0x0000000080000B0C (0x4703B303) ld x6, 0x470(x7)                        main+1836
mem[R,0x0000000080004470] -> 0x000600008000039C
x6 <- 0x000600008000039C

mem[X,0x0000000080000B10] -> 0xB483
mem[X,0x0000000080000B12] -> 0x1D83
[1625] [M]: 0x0000000080000B10 (0x1D83B483) ld x9, 0x1d8(x7)                        main+1840
mem[R,0x00000000800041D8] -> 0x00000000800003B4
x9 <- 0x00000000800003B4

clint mtime 0x000000000000032D (mip.MTI <- 0b1, mip.STI <- 0b0)
mem[X,0x0000000080000B14] -> 0x0333
mem[X,0x0000000080000B16] -> 0x4093
[1626] [M]: 0x0000000080000B14 (0x40930333) sub x6, x6, x9                          main+1844
x6 <- 0x0005FFFFFFFFFFE8

mem[X,0x0000000080000B18] -> 0x0313
mem[X,0x0000000080000B1A] -> 0x0103
[1627] [M]: 0x0000000080000B18 (0x01030313) addi x6, x6, 0x10                       main+1848
x6 <- 0x0005FFFFFFFFFFF8

clint mtime 0x000000000000032E (mip.MTI <- 0b1, mip.STI <- 0b0)
mem[X,0x0000000080000B1C] -> 0x0497
mem[X,0x0000000080000B1E] -> 0x0000
[1628] [M]: 0x0000000080000B1C (0x00000497) auipc x9, 0x0                           main+1852
x9 <- 0x0000000080000B1C

mem[X,0x0000000080000B20] -> 0x84B3
mem[X,0x0000000080000B22] -> 0x0064
[1629] [M]: 0x0000000080000B20 (0x006484B3) add x9, x9, x6                          main+1856
x9 <- 0x0006000080000B14

clint mtime 0x000000000000032F (mip.MTI <- 0b1, mip.STI <- 0b0)
mem[X,0x0000000080000B24] -> 0x94F3
mem[X,0x0000000080000B26] -> 0x3414
[1630] [M]: 0x0000000080000B24 (0x341494F3) csrrw x9, mepc, x9                      main+1860
CSR mepc (0x341) <- 0x0006000080000B14
x9 <- 0x000600008000095C

mem[X,0x0000000080000B28] -> 0x0073
mem[X,0x0000000080000B2A] -> 0x3020
[1631] [M]: 0x0000000080000B28 (0x30200073) mret                                    main+1864
CSR mstatus (0x300) <- 0x0000000A00000080
ret-ing from M to S

clint mtime 0x0000000000000330 (mip.MTI <- 0b1, mip.STI <- 0b0)
PTW: Start, vpn=0x6000080000, access_type=X, privilege=Smem[R,0x000000008000A030] -> 0x00000000000000CB
PTW: Step, level=4, pte=0xCB, pte_addr=0x8000A030
PTW: Success, final_ppn=0x80000, level=4mem[X,0x0000000080000B14] -> 0x0333
mem[X,0x0000000080000B16] -> 0x4093
[1632] [S]: 0x0006000080000B14 (0x40930333) sub x6, x6, x9                          va_rvtest_code_begin+1912
x6 <- 0xFFFFFFFF7FFFF69C

mem[X,0x0000000080000B18] -> 0x0313
mem[X,0x0000000080000B1A] -> 0x0103
[1633] [S]: 0x0006000080000B18 (0x01030313) addi x6, x6, 0x10                       va_rvtest_code_begin+1916
x6 <- 0xFFFFFFFF7FFFF6AC

clint mtime 0x0000000000000331 (mip.MTI <- 0b1, mip.STI <- 0b0)
mem[X,0x0000000080000B1C] -> 0x0497
mem[X,0x0000000080000B1E] -> 0x0000
[1634] [S]: 0x0006000080000B1C (0x00000497) auipc x9, 0x0                           va_rvtest_code_begin+1920
x9 <- 0x0006000080000B1C

mem[X,0x0000000080000B20] -> 0x84B3
mem[X,0x0000000080000B22] -> 0x0064
[1635] [S]: 0x0006000080000B20 (0x006484B3) add x9, x9, x6                          va_rvtest_code_begin+1924
x9 <- 0x00060000000001C8

clint mtime 0x0000000000000332 (mip.MTI <- 0b1, mip.STI <- 0b0)
mem[X,0x0000000080000B24] -> 0x94F3
mem[X,0x0000000080000B26] -> 0x3414
[1636] [S]: 0x0006000080000B24 (0x341494F3) csrrw x9, mepc, x9                      va_rvtest_code_begin+1928
trapping from S to M to handle illegal-instruction
handling exc#illegal-instruction at priv M with tval 0x00000000341494F3
CSR mstatus (0x300) <- 0x0000000A00000800
CSR mcause (0x342) <- 0x0000000000000002
CSR mtval (0x343) <- 0x00000000341494F3
CSR mepc (0x341) <- 0x0006000080000B24

mem[X,0x0000000080000F80] -> 0x006F
mem[X,0x0000000080000F82] -> 0x1000
[1637] [M]: 0x0000000080000F80 (0x1000006F) jal x0, 0x100                           Mtrampoline+0

clint mtime 0x0000000000000333 (mip.MTI <- 0b1, mip.STI <- 0b0)
mem[X,0x0000000080001080] -> 0x1173
mem[X,0x0000000080001082] -> 0x3401
[1638] [M]: 0x0000000080001080 (0x34011173) csrrw x2, mscratch, x2                  trap_Mhandler+0
CSR mscratch (0x340) <- 0x0000000000000000
x2 <- 0x0000000080004000

mem[X,0x0000000080001084] -> 0x3423
mem[X,0x0000000080001086] -> 0x28B1
[1639] [M]: 0x0000000080001084 (0x28B13423) sd x11, 0x288(x2)                       trap_Mhandler+4
mem[W,0x0000000080004288] <- 0x00000000000000CF

clint mtime 0x0000000000000334 (mip.MTI <- 0b1, mip.STI <- 0b0)
mem[X,0x0000000080001088] -> 0x05EF
mem[X,0x000000008000108A] -> 0x0B80
[1640] [M]: 0x0000000080001088 (0x0B8005EF) jal x11, 0xb8                           trap_Mhandler+8
x11 <- 0x000000008000108C

mem[X,0x0000000080001140] -> 0x3023
mem[X,0x0000000080001142] -> 0x28A1
[1641] [M]: 0x0000000080001140 (0x28A13023) sd x10, 0x280(x2)                       common_Mhandler+0
mem[W,0x0000000080004280] <- 0x00000000200014CF

clint mtime 0x0000000000000335 (mip.MTI <- 0b1, mip.STI <- 0b0)
mem[X,0x0000000080001144] -> 0x1573
mem[X,0x0000000080001146] -> 0x3401
[1642] [M]: 0x0000000080001144 (0x34011573) csrrw x10, mscratch, x2                 common_Mhandler+4
CSR mscratch (0x340) <- 0x0000000080004000
x10 <- 0x0000000000000000

mem[X,0x0000000080001148] -> 0x3823
mem[X,0x000000008000114A] -> 0x28A1
[1643] [M]: 0x0000000080001148 (0x28A13823) sd x10, 0x290(x2)                       common_Mhandler+8
mem[W,0x0000000080004290] <- 0x0000000000000000

clint mtime 0x0000000000000336 (mip.MTI <- 0b1, mip.STI <- 0b0)
mem[X,0x000000008000114C] -> 0x3503
mem[X,0x000000008000114E] -> 0x2301
[1644] [M]: 0x000000008000114C (0x23013503) ld x10, 0x230(x2)                       common_Mhandler+12
mem[R,0x0000000080004230] -> 0x0000000080001154
x10 <- 0x0000000080001154

mem[X,0x0000000080001150] -> 0x0067
mem[X,0x0000000080001152] -> 0x0005
[1645] [M]: 0x0000000080001150 (0x00050067) jalr x0, 0x0(x10)                       common_Mhandler+16

clint mtime 0x0000000000000337 (mip.MTI <- 0b1, mip.STI <- 0b0)
mem[X,0x0000000080001154] -> 0x3C23
mem[X,0x0000000080001156] -> 0x2691
[1646] [M]: 0x0000000080001154 (0x26913C23) sd x9, 0x278(x2)                        common_Mentry+0
mem[W,0x0000000080004278] <- 0x00060000000001C8

mem[X,0x0000000080001158] -> 0x3823
mem[X,0x000000008000115A] -> 0x2681
[1647] [M]: 0x0000000080001158 (0x26813823) sd x8, 0x270(x2)                        common_Mentry+4
mem[W,0x0000000080004270] <- 0x0000000000007F76

clint mtime 0x0000000000000338 (mip.MTI <- 0b1, mip.STI <- 0b0)
mem[X,0x000000008000115C] -> 0x3423
mem[X,0x000000008000115E] -> 0x2671
[1648] [M]: 0x000000008000115C (0x26713423) sd x7, 0x268(x2)                        common_Mentry+8
mem[W,0x0000000080004268] <- 0x0000000080004000

mem[X,0x0000000080001160] -> 0x3023
mem[X,0x0000000080001162] -> 0x2661
[1649] [M]: 0x0000000080001160 (0x26613023) sd x6, 0x260(x2)                        common_Mentry+12
mem[W,0x0000000080004260] <- 0xFFFFFFFF7FFFF6AC

clint mtime 0x0000000000000339 (mip.MTI <- 0b1, mip.STI <- 0b0)
mem[X,0x0000000080001164] -> 0x2573
mem[X,0x0000000080001166] -> 0x3420
[1650] [M]: 0x0000000080001164 (0x34202573) csrrs x10, mcause, x0                   spcl_M2mmode_test+0
CSR mcause (0x342) -> 0x0000000000000002
x10 <- 0x0000000000000002

mem[X,0x0000000080001168] -> 0x04B7
mem[X,0x000000008000116A] -> 0x8000
[1651] [M]: 0x0000000080001168 (0x800004B7) lui x9, -0x80000                        spcl_M2mmode_test+4
x9 <- 0xFFFFFFFF80000000

clint mtime 0x000000000000033A (mip.MTI <- 0b1, mip.STI <- 0b0)
mem[X,0x000000008000116C] -> 0x8493
mem[X,0x000000008000116E] -> 0x0004
[1652] [M]: 0x000000008000116C (0x00048493) addi x9, x9, 0x0                        spcl_M2mmode_test+8
x9 <- 0xFFFFFFFF80000000

mem[X,0x0000000080001170] -> 0x9493
mem[X,0x0000000080001172] -> 0x00B4
[1653] [M]: 0x0000000080001170 (0x00B49493) slli x9, x9, 0xb                        spcl_M2mmode_test+12
x9 <- 0xFFFFFC0000000000

clint mtime 0x000000000000033B (mip.MTI <- 0b1, mip.STI <- 0b0)
mem[X,0x0000000080001174] -> 0x8493
mem[X,0x0000000080001176] -> 0x0004
[1654] [M]: 0x0000000080001174 (0x00048493) addi x9, x9, 0x0                        spcl_M2mmode_test+16
x9 <- 0xFFFFFC0000000000

mem[X,0x0000000080001178] -> 0x9493
mem[X,0x000000008000117A] -> 0x00B4
[1655] [M]: 0x0000000080001178 (0x00B49493) slli x9, x9, 0xb                        spcl_M2mmode_test+20
x9 <- 0xFFE0000000000000

clint mtime 0x000000000000033C (mip.MTI <- 0b1, mip.STI <- 0b0)
mem[X,0x000000008000117C] -> 0x8493
mem[X,0x000000008000117E] -> 0x0034
[1656] [M]: 0x000000008000117C (0x00348493) addi x9, x9, 0x3                        spcl_M2mmode_test+24
x9 <- 0xFFE0000000000003

mem[X,0x0000000080001180] -> 0x9493
mem[X,0x0000000080001182] -> 0x00A4
[1657] [M]: 0x0000000080001180 (0x00A49493) slli x9, x9, 0xa                        spcl_M2mmode_test+28
x9 <- 0x8000000000000C00

clint mtime 0x000000000000033D (mip.MTI <- 0b1, mip.STI <- 0b0)
mem[X,0x0000000080001184] -> 0x8493
mem[X,0x0000000080001186] -> 0x3FC4
[1658] [M]: 0x0000000080001184 (0x3FC48493) addi x9, x9, 0x3fc                      spcl_M2mmode_test+32
x9 <- 0x8000000000000FFC

mem[X,0x0000000080001188] -> 0xF4B3
mem[X,0x000000008000118A] -> 0x00A4
[1659] [M]: 0x0000000080001188 (0x00A4F4B3) and x9, x9, x10                         spcl_M2mmode_test+36
x9 <- 0x0000000000000000

clint mtime 0x000000000000033E (mip.MTI <- 0b1, mip.STI <- 0b0)
mem[X,0x000000008000118C] -> 0x8493
mem[X,0x000000008000118E] -> 0xFF84
[1660] [M]: 0x000000008000118C (0xFF848493) addi x9, x9, -0x8                       spcl_M2mmode_test+40
x9 <- 0xFFFFFFFFFFFFFFF8

mem[X,0x0000000080001190] -> 0x9663
mem[X,0x0000000080001192] -> 0x0004
[1661] [M]: 0x0000000080001190 (0x00049663) bne x9, x0, 0xc                         spcl_M2mmode_test+44

clint mtime 0x000000000000033F (mip.MTI <- 0b1, mip.STI <- 0b0)
mem[X,0x000000008000119C] -> 0x0393
mem[X,0x000000008000119E] -> 0x0200
[1662] [M]: 0x000000008000119C (0x02000393) addi x7, x0, 0x20                       Mtrapsig_ptr_upd+0
x7 <- 0x0000000000000020

mem[X,0x00000000800011A0] -> 0x5263
mem[X,0x00000000800011A2] -> 0x0405
[1663] [M]: 0x00000000800011A0 (0x04055263) bge x10, x0, 0x44                       Mtrapsig_ptr_upd+4

clint mtime 0x0000000000000340 (mip.MTI <- 0b1, mip.STI <- 0b0)
mem[X,0x00000000800011E4] -> 0x2373
mem[X,0x00000000800011E6] -> 0x3010
[1664] [M]: 0x00000000800011E4 (0x30102373) csrrs x6, misa, x0                      Mxcpt_sig_sv+0
CSR misa (0x301) -> 0x800000000034112F
x6 <- 0x800000000034112F

mem[X,0x00000000800011E8] -> 0x1313
mem[X,0x00000000800011EA] -> 0x0383
[1665] [M]: 0x00000000800011E8 (0x03831313) slli x6, x6, 0x38                       Mxcpt_sig_sv+4
x6 <- 0x2F00000000000000

clint mtime 0x0000000000000341 (mip.MTI <- 0b1, mip.STI <- 0b0)
mem[X,0x00000000800011EC] -> 0x5463
mem[X,0x00000000800011EE] -> 0x0003
[1666] [M]: 0x00000000800011EC (0x00035463) bge x6, x0, 0x8                         Mxcpt_sig_sv+8

mem[X,0x00000000800011F4] -> 0x3303
mem[X,0x00000000800011F6] -> 0x2181
[1667] [M]: 0x00000000800011F4 (0x21813303) ld x6, 0x218(x2)                        Mtrap_sig_sv+0
mem[R,0x0000000080004218] -> 0x000000008000B318
x6 <- 0x000000008000B318

clint mtime 0x0000000000000342 (mip.MTI <- 0b1, mip.STI <- 0b0)
mem[X,0x00000000800011F8] -> 0x04B3
mem[X,0x00000000800011FA] -> 0x0073
[1668] [M]: 0x00000000800011F8 (0x007304B3) add x9, x6, x7                          Mtrap_sig_sv+4
x9 <- 0x000000008000B338

mem[X,0x00000000800011FC] -> 0x3C23
mem[X,0x00000000800011FE] -> 0x2091
[1669] [M]: 0x00000000800011FC (0x20913C23) sd x9, 0x218(x2)                        Mtrap_sig_sv+8
mem[W,0x0000000080004218] <- 0x000000008000B338

clint mtime 0x0000000000000343 (mip.MTI <- 0b1, mip.STI <- 0b0)
mem[X,0x0000000080001200] -> 0x3403
mem[X,0x0000000080001202] -> 0x1F81
[1670] [M]: 0x0000000080001200 (0x1F813403) ld x8, 0x1f8(x2)                        Mtrap_sig_sv+12
mem[R,0x00000000800041F8] -> 0x000000008000B110
x8 <- 0x000000008000B110

mem[X,0x0000000080001204] -> 0x0333
mem[X,0x0000000080001206] -> 0x4083
[1671] [M]: 0x0000000080001204 (0x40830333) sub x6, x6, x8                          Mtrap_sig_sv+16
x6 <- 0x0000000000000208

clint mtime 0x0000000000000344 (mip.MTI <- 0b1, mip.STI <- 0b0)
mem[X,0x0000000080001208] -> 0x3403
mem[X,0x000000008000120A] -> 0x1F81
[1672] [M]: 0x0000000080001208 (0x1F813403) ld x8, 0x1f8(x2)                        Mtrap_sig_sv+20
mem[R,0x00000000800041F8] -> 0x000000008000B110
x8 <- 0x000000008000B110

mem[X,0x000000008000120C] -> 0x0333
mem[X,0x000000008000120E] -> 0x0083
[1673] [M]: 0x000000008000120C (0x00830333) add x6, x6, x8                          Mtrap_sig_sv+24
x6 <- 0x000000008000B318

clint mtime 0x0000000000000345 (mip.MTI <- 0b1, mip.STI <- 0b0)
mem[X,0x0000000080001210] -> 0x3403
mem[X,0x0000000080001212] -> 0x2401
[1674] [M]: 0x0000000080001210 (0x24013403) ld x8, 0x240(x2)                        Mtrap_sig_sv+28
mem[R,0x0000000080004240] -> 0x0000000080000F80
x8 <- 0x0000000080000F80

mem[X,0x0000000080001214] -> 0x85B3
mem[X,0x0000000080001216] -> 0x4085
[1675] [M]: 0x0000000080001214 (0x408585B3) sub x11, x11, x8                        sv_Mvect+0
x11 <- 0x000000000000010C

clint mtime 0x0000000000000346 (mip.MTI <- 0b1, mip.STI <- 0b0)
mem[X,0x0000000080001218] -> 0x9593
mem[X,0x000000008000121A] -> 0x0045
[1676] [M]: 0x0000000080001218 (0x00459593) slli x11, x11, 0x4                      sv_Mvect+4
x11 <- 0x00000000000010C0

mem[X,0x000000008000121C] -> 0xE5B3
mem[X,0x000000008000121E] -> 0x0075
[1677] [M]: 0x000000008000121C (0x0075E5B3) or x11, x11, x7                         sv_Mvect+8
x11 <- 0x00000000000010E0

clint mtime 0x0000000000000347 (mip.MTI <- 0b1, mip.STI <- 0b0)
mem[X,0x0000000080001220] -> 0x8593
mem[X,0x0000000080001222] -> 0x0035
[1678] [M]: 0x0000000080001220 (0x00358593) addi x11, x11, 0x3                      sv_Mvect+12
x11 <- 0x00000000000010E3

mem[X,0x0000000080001224] -> 0x3023
mem[X,0x0000000080001226] -> 0x00B3
[1679] [M]: 0x0000000080001224 (0x00B33023) sd x11, 0x0(x6)                         sv_Mvect+16
mem[W,0x000000008000B318] <- 0x00000000000010E3

clint mtime 0x0000000000000348 (mip.MTI <- 0b1, mip.STI <- 0b0)
mem[X,0x0000000080001228] -> 0x3423
mem[X,0x000000008000122A] -> 0x00A3
[1680] [M]: 0x0000000080001228 (0x00A33423) sd x10, 0x8(x6)                         sv_Mcause+0
mem[W,0x000000008000B320] <- 0x0000000000000002

mem[X,0x000000008000122C] -> 0x4663
mem[X,0x000000008000122E] -> 0x1A05
[1681] [M]: 0x000000008000122C (0x1A054663) blt x10, x0, 0x1ac                      sv_Mcause+4

clint mtime 0x0000000000000349 (mip.MTI <- 0b1, mip.STI <- 0b0)
mem[X,0x0000000080001230] -> 0x25F3
mem[X,0x0000000080001232] -> 0x3000
[1682] [M]: 0x0000000080001230 (0x300025F3) csrrs x11, mstatus, x0                  common_Mexcpt_handler+0
CSR mstatus (0x300) -> 0x0000000A00000800
x11 <- 0x0000000A00000800

mem[X,0x0000000080001234] -> 0x9413
mem[X,0x0000000080001236] -> 0x02E5
[1683] [M]: 0x0000000080001234 (0x02E59413) slli x8, x11, 0x2e                      common_Mexcpt_handler+4
x8 <- 0x0200000000000000

clint mtime 0x000000000000034A (mip.MTI <- 0b1, mip.STI <- 0b0)
mem[X,0x0000000080001238] -> 0x5463
mem[X,0x000000008000123A] -> 0x0004
[1684] [M]: 0x0000000080001238 (0x00045463) bge x8, x0, 0x8                         common_Mexcpt_handler+8

mem[X,0x0000000080001240] -> 0xD493
mem[X,0x0000000080001242] -> 0x00B5
[1685] [M]: 0x0000000080001240 (0x00B5D493) srli x9, x11, 0xb                       common_Mexcpt_handler+16
x9 <- 0x0000000001400001

clint mtime 0x000000000000034B (mip.MTI <- 0b1, mip.STI <- 0b0)
mem[X,0x0000000080001244] -> 0xF493
mem[X,0x0000000080001246] -> 0x0034
[1686] [M]: 0x0000000080001244 (0x0034F493) andi x9, x9, 0x3                        common_Mexcpt_handler+20
x9 <- 0x0000000000000001

mem[X,0x0000000080001248] -> 0x8493
mem[X,0x000000008000124A] -> 0x0014
[1687] [M]: 0x0000000080001248 (0x00148493) addi x9, x9, 0x1                        common_Mexcpt_handler+24
x9 <- 0x0000000000000002

clint mtime 0x000000000000034C (mip.MTI <- 0b1, mip.STI <- 0b0)
mem[X,0x000000008000124C] -> 0xF493
mem[X,0x000000008000124E] -> 0x0044
[1688] [M]: 0x000000008000124C (0x0044F493) andi x9, x9, 0x4                        common_Mexcpt_handler+28
x9 <- 0x0000000000000000

mem[X,0x0000000080001250] -> 0x0593
mem[X,0x0000000080001252] -> 0x05D0
[1689] [M]: 0x0000000080001250 (0x05D00593) addi x11, x0, 0x5d                      common_Mexcpt_handler+32
x11 <- 0x000000000000005D

clint mtime 0x000000000000034D (mip.MTI <- 0b1, mip.STI <- 0b0)
mem[X,0x0000000080001254] -> 0xD5B3
mem[X,0x0000000080001256] -> 0x0095
[1690] [M]: 0x0000000080001254 (0x0095D5B3) srl x11, x11, x9                        common_Mexcpt_handler+36
x11 <- 0x000000000000005D

mem[X,0x0000000080001258] -> 0xF593
mem[X,0x000000008000125A] -> 0x0015
[1691] [M]: 0x0000000080001258 (0x0015F593) andi x11, x11, 0x1                      common_Mexcpt_handler+40
x11 <- 0x0000000000000001

clint mtime 0x000000000000034E (mip.MTI <- 0b1, mip.STI <- 0b0)
mem[X,0x000000008000125C] -> 0x8EE3
mem[X,0x000000008000125E] -> 0xF405
[1692] [M]: 0x000000008000125C (0xF4058EE3) beq x11, x0, -0xa4                      common_Mexcpt_handler+44

mem[X,0x0000000080001260] -> 0x0593
mem[X,0x0000000080001262] -> 0x2980
[1693] [M]: 0x0000000080001260 (0x29800593) addi x11, x0, 0x298                     common_Mexcpt_handler+48
x11 <- 0x0000000000000298

clint mtime 0x000000000000034F (mip.MTI <- 0b1, mip.STI <- 0b0)
mem[X,0x0000000080001264] -> 0xF413
mem[X,0x0000000080001266] -> 0x0014
[1694] [M]: 0x0000000080001264 (0x0014F413) andi x8, x9, 0x1                        common_Mexcpt_handler+52
x8 <- 0x0000000000000000

mem[X,0x0000000080001268] -> 0x95B3
mem[X,0x000000008000126A] -> 0x0085
[1695] [M]: 0x0000000080001268 (0x008595B3) sll x11, x11, x8                        common_Mexcpt_handler+56
x11 <- 0x0000000000000298

clint mtime 0x0000000000000350 (mip.MTI <- 0b1, mip.STI <- 0b0)
mem[X,0x000000008000126C] -> 0x9413
mem[X,0x000000008000126E] -> 0x03D4
[1696] [M]: 0x000000008000126C (0x03D49413) slli x8, x9, 0x3d                       common_Mexcpt_handler+60
x8 <- 0x0000000000000000

mem[X,0x0000000080001270] -> 0x5413
mem[X,0x0000000080001272] -> 0x43F4
[1697] [M]: 0x0000000080001270 (0x43F45413) srai x8, x8, 0x3f                       common_Mexcpt_handler+64
x8 <- 0x0000000000000000

clint mtime 0x0000000000000351 (mip.MTI <- 0b1, mip.STI <- 0b0)
mem[X,0x0000000080001274] -> 0x4413
mem[X,0x0000000080001276] -> 0xFFF4
[1698] [M]: 0x0000000080001274 (0xFFF44413) xori x8, x8, -0x1                       common_Mexcpt_handler+68
x8 <- 0xFFFFFFFFFFFFFFFF

mem[X,0x0000000080001278] -> 0xF4B3
mem[X,0x000000008000127A] -> 0x0085
[1699] [M]: 0x0000000080001278 (0x0085F4B3) and x9, x11, x8                         common_Mexcpt_handler+72
x9 <- 0x0000000000000298

clint mtime 0x0000000000000352 (mip.MTI <- 0b1, mip.STI <- 0b0)
mem[X,0x000000008000127C] -> 0x84B3
mem[X,0x000000008000127E] -> 0x0024
[1700] [M]: 0x000000008000127C (0x002484B3) add x9, x9, x2                          vmem_adj_Mepc+0
x9 <- 0x0000000080004298

mem[X,0x0000000080001280] -> 0x23F3
mem[X,0x0000000080001282] -> 0x3410
[1701] [M]: 0x0000000080001280 (0x341023F3) csrrs x7, mepc, x0                      vmem_adj_Mepc+4
CSR mepc (0x341) -> 0x0006000080000B24
x7 <- 0x0006000080000B24

clint mtime 0x0000000000000353 (mip.MTI <- 0b1, mip.STI <- 0b0)
mem[X,0x0000000080001284] -> 0x0413
mem[X,0x0000000080001286] -> 0x0004
[1702] [M]: 0x0000000080001284 (0x00040413) addi x8, x8, 0x0                        vmem_adj_Mepc+8
x8 <- 0xFFFFFFFFFFFFFFFF

mem[X,0x0000000080001288] -> 0x006F
mem[X,0x000000008000128A] -> 0x0400
[1703] [M]: 0x0000000080001288 (0x0400006F) jal x0, 0x40                            vmem_adj_Mepc+12

clint mtime 0x0000000000000354 (mip.MTI <- 0b1, mip.STI <- 0b0)
mem[X,0x00000000800012C8] -> 0x8433
mem[X,0x00000000800012CA] -> 0x4083
[1704] [M]: 0x00000000800012C8 (0x40838433) sub x8, x7, x8                          adj_Mepc+0
x8 <- 0x0006000080000B25

mem[X,0x00000000800012CC] -> 0x3823
mem[X,0x00000000800012CE] -> 0x0083
[1705] [M]: 0x00000000800012CC (0x00833823) sd x8, 0x10(x6)                         sv_Mepc+0
mem[W,0x000000008000B328] <- 0x0006000080000B25

clint mtime 0x0000000000000355 (mip.MTI <- 0b1, mip.STI <- 0b0)
mem[X,0x00000000800012D0] -> 0x55B7
mem[X,0x00000000800012D2] -> 0x0000
[1706] [M]: 0x00000000800012D0 (0x000055B7) lui x11, 0x5                            sv_Mepc+4
x11 <- 0x0000000000005000

mem[X,0x00000000800012D4] -> 0x8593
mem[X,0x00000000800012D6] -> 0x6675
[1707] [M]: 0x00000000800012D4 (0x66758593) addi x11, x11, 0x667                    sv_Mepc+8
x11 <- 0x0000000000005667

clint mtime 0x0000000000000356 (mip.MTI <- 0b1, mip.STI <- 0b0)
mem[X,0x00000000800012D8] -> 0x9593
mem[X,0x00000000800012DA] -> 0x0015
[1708] [M]: 0x00000000800012D8 (0x00159593) slli x11, x11, 0x1                      sv_Mepc+12
x11 <- 0x000000000000ACCE

mem[X,0x00000000800012DC] -> 0x9063
mem[X,0x00000000800012DE] -> 0x02B1
[1709] [M]: 0x00000000800012DC (0x02B19063) bne x3, x11, 0x20                       sv_Mepc+16

clint mtime 0x0000000000000357 (mip.MTI <- 0b1, mip.STI <- 0b0)
mem[X,0x00000000800012E0] -> 0x2473
mem[X,0x00000000800012E2] -> 0x3420
[1710] [M]: 0x00000000800012E0 (0x34202473) csrrs x8, mcause, x0                    sv_Mepc+20
CSR mcause (0x342) -> 0x0000000000000002
x8 <- 0x0000000000000002

mem[X,0x00000000800012E4] -> 0x0593
mem[X,0x00000000800012E6] -> 0x00C0
[1711] [M]: 0x00000000800012E4 (0x00C00593) addi x11, x0, 0xc                       sv_Mepc+24
x11 <- 0x000000000000000C

clint mtime 0x0000000000000358 (mip.MTI <- 0b1, mip.STI <- 0b0)
mem[X,0x00000000800012E8] -> 0x0663
mem[X,0x00000000800012EA] -> 0x00B4
[1712] [M]: 0x00000000800012E8 (0x00B40663) beq x8, x11, 0xc                        sv_Mepc+28

mem[X,0x00000000800012EC] -> 0x0593
mem[X,0x00000000800012EE] -> 0x0010
[1713] [M]: 0x00000000800012EC (0x00100593) addi x11, x0, 0x1                       sv_Mepc+32
x11 <- 0x0000000000000001

clint mtime 0x0000000000000359 (mip.MTI <- 0b1, mip.STI <- 0b0)
mem[X,0x00000000800012F0] -> 0x1663
mem[X,0x00000000800012F2] -> 0x00B4
[1714] [M]: 0x00000000800012F0 (0x00B41663) bne x8, x11, 0xc                        sv_Mepc+36

mem[X,0x00000000800012FC] -> 0xF593
mem[X,0x00000000800012FE] -> 0xFFC3
[1715] [M]: 0x00000000800012FC (0xFFC3F593) andi x11, x7, -0x4                      adj_Mepc_rtn+0
x11 <- 0x0006000080000B24

clint mtime 0x000000000000035A (mip.MTI <- 0b1, mip.STI <- 0b0)
mem[X,0x0000000080001300] -> 0x8593
mem[X,0x0000000080001302] -> 0x0085
[1716] [M]: 0x0000000080001300 (0x00858593) addi x11, x11, 0x8                      adj_Mepc_rtn+4
x11 <- 0x0006000080000B2C

mem[X,0x0000000080001304] -> 0x9073
mem[X,0x0000000080001306] -> 0x3415
[1717] [M]: 0x0000000080001304 (0x34159073) csrrw x0, mepc, x11                     adj_Mepc_rtn+8
CSR mepc (0x341) <- 0x0006000080000B2C

clint mtime 0x000000000000035B (mip.MTI <- 0b1, mip.STI <- 0b0)
mem[X,0x0000000080001308] -> 0x23F3
mem[X,0x000000008000130A] -> 0x3430
[1718] [M]: 0x0000000080001308 (0x343023F3) csrrs x7, mtval, x0                     skp_adj_Mepc+0
CSR mtval (0x343) -> 0x00000000341494F3
x7 <- 0x00000000341494F3

mem[X,0x000000008000130C] -> 0x0413
mem[X,0x000000008000130E] -> 0x0004
[1719] [M]: 0x000000008000130C (0x00040413) addi x8, x8, 0x0                        skp_adj_Mepc+4
x8 <- 0x0000000000000002

clint mtime 0x000000000000035C (mip.MTI <- 0b1, mip.STI <- 0b0)
mem[X,0x0000000080001310] -> 0x006F
mem[X,0x0000000080001312] -> 0x0840
[1720] [M]: 0x0000000080001310 (0x0840006F) jal x0, 0x84                            skp_adj_Mepc+8

mem[X,0x0000000080001394] -> 0x8433
mem[X,0x0000000080001396] -> 0x4083
[1721] [M]: 0x0000000080001394 (0x40838433) sub x8, x7, x8                          adj_Mtval+0
x8 <- 0x00000000341494F1

clint mtime 0x000000000000035D (mip.MTI <- 0b1, mip.STI <- 0b0)
mem[X,0x0000000080001398] -> 0x3C23
mem[X,0x000000008000139A] -> 0x0083
[1722] [M]: 0x0000000080001398 (0x00833C23) sd x8, 0x18(x6)                         sv_Mtval+0
mem[W,0x000000008000B330] <- 0x00000000341494F1

mem[X,0x000000008000139C] -> 0x3483
mem[X,0x000000008000139E] -> 0x2181
[1723] [M]: 0x000000008000139C (0x21813483) ld x9, 0x218(x2)                        skp_Mtval+0
mem[R,0x0000000080004218] -> 0x000000008000B338
x9 <- 0x000000008000B338

clint mtime 0x000000000000035E (mip.MTI <- 0b1, mip.STI <- 0b0)
mem[X,0x00000000800013A0] -> 0x3383
mem[X,0x00000000800013A2] -> 0x1F81
[1724] [M]: 0x00000000800013A0 (0x1F813383) ld x7, 0x1f8(x2)                        skp_Mtval+4
mem[R,0x00000000800041F8] -> 0x000000008000B110
x7 <- 0x000000008000B110

mem[X,0x00000000800013A4] -> 0x3303
mem[X,0x00000000800013A6] -> 0x2001
[1725] [M]: 0x00000000800013A4 (0x20013303) ld x6, 0x200(x2)                        skp_Mtval+8
mem[R,0x0000000080004200] -> 0x0000000000000310
x6 <- 0x0000000000000310

clint mtime 0x000000000000035F (mip.MTI <- 0b1, mip.STI <- 0b0)
mem[X,0x00000000800013A8] -> 0x0333
mem[X,0x00000000800013AA] -> 0x0073
[1726] [M]: 0x00000000800013A8 (0x00730333) add x6, x6, x7                          skp_Mtval+12
x6 <- 0x000000008000B420

mem[X,0x00000000800013AC] -> 0x6AE3
mem[X,0x00000000800013AE] -> 0xAC93
[1727] [M]: 0x00000000800013AC (0xAC936AE3) bltu x6, x9, -0x52c                     skp_Mtval+16

clint mtime 0x0000000000000360 (mip.MTI <- 0b1, mip.STI <- 0b0)
mem[X,0x00000000800013B0] -> 0x0393
mem[X,0x00000000800013B2] -> 0x2000
[1728] [M]: 0x00000000800013B0 (0x20000393) addi x7, x0, 0x200                      skp_Mtval+20
x7 <- 0x0000000000000200

mem[X,0x00000000800013B4] -> 0x006F
mem[X,0x00000000800013B6] -> 0x0400
[1729] [M]: 0x00000000800013B4 (0x0400006F) jal x0, 0x40                            skp_Mtval+24

clint mtime 0x0000000000000361 (mip.MTI <- 0b1, mip.STI <- 0b0)
mem[X,0x00000000800013F4] -> 0x0417
mem[X,0x00000000800013F6] -> 0x0000
[1730] [M]: 0x00000000800013F4 (0x00000417) auipc x8, 0x0                           spcl_Mhandler+0
x8 <- 0x00000000800013F4

mem[X,0x00000000800013F8] -> 0x0413
mem[X,0x00000000800013FA] -> 0x03C4
[1731] [M]: 0x00000000800013F8 (0x03C40413) addi x8, x8, 0x3c                       spcl_Mhandler+4
x8 <- 0x0000000080001430

clint mtime 0x0000000000000362 (mip.MTI <- 0b1, mip.STI <- 0b0)
mem[X,0x00000000800013FC] -> 0x0433
mem[X,0x00000000800013FE] -> 0x0074
[1732] [M]: 0x00000000800013FC (0x00740433) add x8, x8, x7                          spcl_Mhandler+8
x8 <- 0x0000000080001630

mem[X,0x0000000080001400] -> 0x1393
mem[X,0x0000000080001402] -> 0x0035
[1733] [M]: 0x0000000080001400 (0x00351393) slli x7, x10, 0x3                       spcl_Mhandler+12
x7 <- 0x0000000000000010

clint mtime 0x0000000000000363 (mip.MTI <- 0b1, mip.STI <- 0b0)
mem[X,0x0000000080001404] -> 0x0433
mem[X,0x0000000080001406] -> 0x0074
[1734] [M]: 0x0000000080001404 (0x00740433) add x8, x8, x7                          spcl_Mhandler+16
x8 <- 0x0000000080001640

mem[X,0x0000000080001408] -> 0x7413
mem[X,0x000000008000140A] -> 0xFF84
[1735] [M]: 0x0000000080001408 (0xFF847413) andi x8, x8, -0x8                       spcl_Mhandler+20
x8 <- 0x0000000080001640

clint mtime 0x0000000000000364 (mip.MTI <- 0b1, mip.STI <- 0b0)
mem[X,0x000000008000140C] -> 0x3403
mem[X,0x000000008000140E] -> 0x0004
[1736] [M]: 0x000000008000140C (0x00043403) ld x8, 0x0(x8)                          spcl_Mhandler+24
mem[R,0x0000000080001640] -> 0x0000000000000005
x8 <- 0x0000000000000005

mem[X,0x0000000080001410] -> 0x02E3
mem[X,0x0000000080001412] -> 0xB004
[1737] [M]: 0x0000000080001410 (0xB00402E3) beq x8, x0, -0x4fc                      spcl_Mdispatch_hndling+0

clint mtime 0x0000000000000365 (mip.MTI <- 0b1, mip.STI <- 0b0)
mem[X,0x0000000080001414] -> 0x1393
mem[X,0x0000000080001416] -> 0x03F4
[1738] [M]: 0x0000000080001414 (0x03F41393) slli x7, x8, 0x3f                       spcl_Mdispatch_hndling+4
x7 <- 0x8000000000000000

mem[X,0x0000000080001418] -> 0xD863
mem[X,0x000000008000141A] -> 0x0003
[1739] [M]: 0x0000000080001418 (0x0003D863) bge x7, x0, 0x10                        spcl_Mdispatch_hndling+8

clint mtime 0x0000000000000366 (mip.MTI <- 0b1, mip.STI <- 0b0)
mem[X,0x000000008000141C] -> 0x5413
mem[X,0x000000008000141E] -> 0x0014
[1740] [M]: 0x000000008000141C (0x00145413) srli x8, x8, 0x1                        spcl_Mdispatch_hndling+12
x8 <- 0x0000000000000002

mem[X,0x0000000080001420] -> 0x0CE3
mem[X,0x0000000080001422] -> 0xF885
[1741] [M]: 0x0000000080001420 (0xF8850CE3) beq x10, x8, -0x68                      spcl_Mdispatch_hndling+16

clint mtime 0x0000000000000367 (mip.MTI <- 0b1, mip.STI <- 0b0)
mem[X,0x00000000800013B8] -> 0x3303
mem[X,0x00000000800013BA] -> 0x2601
[1742] [M]: 0x00000000800013B8 (0x26013303) ld x6, 0x260(x2)                        resto_Mrtn+0
mem[R,0x0000000080004260] -> 0xFFFFFFFF7FFFF6AC
x6 <- 0xFFFFFFFF7FFFF6AC

mem[X,0x00000000800013BC] -> 0x3383
mem[X,0x00000000800013BE] -> 0x2681
[1743] [M]: 0x00000000800013BC (0x26813383) ld x7, 0x268(x2)                        resto_Mrtn+4
mem[R,0x0000000080004268] -> 0x0000000080004000
x7 <- 0x0000000080004000

clint mtime 0x0000000000000368 (mip.MTI <- 0b1, mip.STI <- 0b0)
mem[X,0x00000000800013C0] -> 0x3403
mem[X,0x00000000800013C2] -> 0x2701
[1744] [M]: 0x00000000800013C0 (0x27013403) ld x8, 0x270(x2)                        resto_Mrtn+8
mem[R,0x0000000080004270] -> 0x0000000000007F76
x8 <- 0x0000000000007F76

mem[X,0x00000000800013C4] -> 0x3483
mem[X,0x00000000800013C6] -> 0x2781
[1745] [M]: 0x00000000800013C4 (0x27813483) ld x9, 0x278(x2)                        resto_Mrtn+12
mem[R,0x0000000080004278] -> 0x00060000000001C8
x9 <- 0x00060000000001C8

clint mtime 0x0000000000000369 (mip.MTI <- 0b1, mip.STI <- 0b0)
mem[X,0x00000000800013C8] -> 0x3503
mem[X,0x00000000800013CA] -> 0x2801
[1746] [M]: 0x00000000800013C8 (0x28013503) ld x10, 0x280(x2)                       resto_Mrtn+16
mem[R,0x0000000080004280] -> 0x00000000200014CF
x10 <- 0x00000000200014CF

mem[X,0x00000000800013CC] -> 0x3583
mem[X,0x00000000800013CE] -> 0x2881
[1747] [M]: 0x00000000800013CC (0x28813583) ld x11, 0x288(x2)                       resto_Mrtn+20
mem[R,0x0000000080004288] -> 0x00000000000000CF
x11 <- 0x00000000000000CF

clint mtime 0x000000000000036A (mip.MTI <- 0b1, mip.STI <- 0b0)
mem[X,0x00000000800013D0] -> 0x3103
mem[X,0x00000000800013D2] -> 0x2901
[1748] [M]: 0x00000000800013D0 (0x29013103) ld x2, 0x290(x2)                        resto_Mrtn+24
mem[R,0x0000000080004290] -> 0x0000000000000000
x2 <- 0x0000000000000000

mem[X,0x00000000800013D4] -> 0x0073
mem[X,0x00000000800013D6] -> 0x3020
[1749] [M]: 0x00000000800013D4 (0x30200073) mret                                    resto_Mrtn+28
CSR mstatus (0x300) <- 0x0000000A00000080
ret-ing from M to S

clint mtime 0x000000000000036B (mip.MTI <- 0b1, mip.STI <- 0b0)
mem[X,0x0000000080000B2C] -> 0x0793
mem[X,0x0000000080000B2E] -> 0x0050
[1750] [S]: 0x0006000080000B2C (0x00500793) addi x15, x0, 0x5                       va_rvtest_code_begin+1936
x15 <- 0x0000000000000005

mem[X,0x0000000080000B30] -> 0x9793
mem[X,0x0000000080000B32] -> 0x0307
[1751] [S]: 0x0006000080000B30 (0x03079793) slli x15, x15, 0x30                     va_rvtest_code_begin+1940
x15 <- 0x0005000000000000

clint mtime 0x000000000000036C (mip.MTI <- 0b1, mip.STI <- 0b0)
mem[X,0x0000000080000B34] -> 0x0613
mem[X,0x0000000080000B36] -> 0x0106
[1752] [S]: 0x0006000080000B34 (0x01060613) addi x12, x12, 0x10                     va_rvtest_code_begin+1944
x12 <- 0x0000000000000030

mem[X,0x0000000080000B38] -> 0xAA23
mem[X,0x0000000080000B3A] -> 0x00C7
[1753] [S]: 0x0006000080000B38 (0x00C7AA23) sw x12, 0x14(x15)                       va_rvtest_code_begin+1948
PTW: Start, vpn=0x5000000000, access_type=W, privilege=Smem[R,0x000000008000A028] -> 0x0000000020002401
PTW: Step, level=4, pte=0x20002401, pte_addr=0x8000A028
PTW: Start, vpn=0x5000000000, access_type=W, privilege=Smem[R,0x0000000080009000] -> 0x0000000020002001
PTW: Step, level=3, pte=0x20002001, pte_addr=0x80009000
PTW: Start, vpn=0x5000000000, access_type=W, privilege=Smem[R,0x0000000080008000] -> 0x00000000200014CF
PTW: Step, level=2, pte=0x200014CF, pte_addr=0x80008000
PTW: failed, error=misaligned-superpage, level=2, pte_addr=0x80008000
trapping from S to M to handle store/amo-page-fault
handling exc#store/amo-page-fault at priv M with tval 0x0005000000000014
CSR mstatus (0x300) <- 0x0000000A00000800
CSR mcause (0x342) <- 0x000000000000000F
CSR mtval (0x343) <- 0x0005000000000014
CSR mepc (0x341) <- 0x0006000080000B38

clint mtime 0x000000000000036D (mip.MTI <- 0b1, mip.STI <- 0b0)
mem[X,0x0000000080000F80] -> 0x006F
mem[X,0x0000000080000F82] -> 0x1000
[1754] [M]: 0x0000000080000F80 (0x1000006F) jal x0, 0x100                           Mtrampoline+0

mem[X,0x0000000080001080] -> 0x1173
mem[X,0x0000000080001082] -> 0x3401
[1755] [M]: 0x0000000080001080 (0x34011173) csrrw x2, mscratch, x2                  trap_Mhandler+0
CSR mscratch (0x340) <- 0x0000000000000000
x2 <- 0x0000000080004000

clint mtime 0x000000000000036E (mip.MTI <- 0b1, mip.STI <- 0b0)
mem[X,0x0000000080001084] -> 0x3423
mem[X,0x0000000080001086] -> 0x28B1
[1756] [M]: 0x0000000080001084 (0x28B13423) sd x11, 0x288(x2)                       trap_Mhandler+4
mem[W,0x0000000080004288] <- 0x00000000000000CF

mem[X,0x0000000080001088] -> 0x05EF
mem[X,0x000000008000108A] -> 0x0B80
[1757] [M]: 0x0000000080001088 (0x0B8005EF) jal x11, 0xb8                           trap_Mhandler+8
x11 <- 0x000000008000108C

clint mtime 0x000000000000036F (mip.MTI <- 0b1, mip.STI <- 0b0)
mem[X,0x0000000080001140] -> 0x3023
mem[X,0x0000000080001142] -> 0x28A1
[1758] [M]: 0x0000000080001140 (0x28A13023) sd x10, 0x280(x2)                       common_Mhandler+0
mem[W,0x0000000080004280] <- 0x00000000200014CF

mem[X,0x0000000080001144] -> 0x1573
mem[X,0x0000000080001146] -> 0x3401
[1759] [M]: 0x0000000080001144 (0x34011573) csrrw x10, mscratch, x2                 common_Mhandler+4
CSR mscratch (0x340) <- 0x0000000080004000
x10 <- 0x0000000000000000

clint mtime 0x0000000000000370 (mip.MTI <- 0b1, mip.STI <- 0b0)
mem[X,0x0000000080001148] -> 0x3823
mem[X,0x000000008000114A] -> 0x28A1
[1760] [M]: 0x0000000080001148 (0x28A13823) sd x10, 0x290(x2)                       common_Mhandler+8
mem[W,0x0000000080004290] <- 0x0000000000000000

mem[X,0x000000008000114C] -> 0x3503
mem[X,0x000000008000114E] -> 0x2301
[1761] [M]: 0x000000008000114C (0x23013503) ld x10, 0x230(x2)                       common_Mhandler+12
mem[R,0x0000000080004230] -> 0x0000000080001154
x10 <- 0x0000000080001154

clint mtime 0x0000000000000371 (mip.MTI <- 0b1, mip.STI <- 0b0)
mem[X,0x0000000080001150] -> 0x0067
mem[X,0x0000000080001152] -> 0x0005
[1762] [M]: 0x0000000080001150 (0x00050067) jalr x0, 0x0(x10)                       common_Mhandler+16

mem[X,0x0000000080001154] -> 0x3C23
mem[X,0x0000000080001156] -> 0x2691
[1763] [M]: 0x0000000080001154 (0x26913C23) sd x9, 0x278(x2)                        common_Mentry+0
mem[W,0x0000000080004278] <- 0x00060000000001C8

clint mtime 0x0000000000000372 (mip.MTI <- 0b1, mip.STI <- 0b0)
mem[X,0x0000000080001158] -> 0x3823
mem[X,0x000000008000115A] -> 0x2681
[1764] [M]: 0x0000000080001158 (0x26813823) sd x8, 0x270(x2)                        common_Mentry+4
mem[W,0x0000000080004270] <- 0x0000000000007F76

mem[X,0x000000008000115C] -> 0x3423
mem[X,0x000000008000115E] -> 0x2671
[1765] [M]: 0x000000008000115C (0x26713423) sd x7, 0x268(x2)                        common_Mentry+8
mem[W,0x0000000080004268] <- 0x0000000080004000

clint mtime 0x0000000000000373 (mip.MTI <- 0b1, mip.STI <- 0b0)
mem[X,0x0000000080001160] -> 0x3023
mem[X,0x0000000080001162] -> 0x2661
[1766] [M]: 0x0000000080001160 (0x26613023) sd x6, 0x260(x2)                        common_Mentry+12
mem[W,0x0000000080004260] <- 0xFFFFFFFF7FFFF6AC

mem[X,0x0000000080001164] -> 0x2573
mem[X,0x0000000080001166] -> 0x3420
[1767] [M]: 0x0000000080001164 (0x34202573) csrrs x10, mcause, x0                   spcl_M2mmode_test+0
CSR mcause (0x342) -> 0x000000000000000F
x10 <- 0x000000000000000F

clint mtime 0x0000000000000374 (mip.MTI <- 0b1, mip.STI <- 0b0)
mem[X,0x0000000080001168] -> 0x04B7
mem[X,0x000000008000116A] -> 0x8000
[1768] [M]: 0x0000000080001168 (0x800004B7) lui x9, -0x80000                        spcl_M2mmode_test+4
x9 <- 0xFFFFFFFF80000000

mem[X,0x000000008000116C] -> 0x8493
mem[X,0x000000008000116E] -> 0x0004
[1769] [M]: 0x000000008000116C (0x00048493) addi x9, x9, 0x0                        spcl_M2mmode_test+8
x9 <- 0xFFFFFFFF80000000

clint mtime 0x0000000000000375 (mip.MTI <- 0b1, mip.STI <- 0b0)
mem[X,0x0000000080001170] -> 0x9493
mem[X,0x0000000080001172] -> 0x00B4
[1770] [M]: 0x0000000080001170 (0x00B49493) slli x9, x9, 0xb                        spcl_M2mmode_test+12
x9 <- 0xFFFFFC0000000000

mem[X,0x0000000080001174] -> 0x8493
mem[X,0x0000000080001176] -> 0x0004
[1771] [M]: 0x0000000080001174 (0x00048493) addi x9, x9, 0x0                        spcl_M2mmode_test+16
x9 <- 0xFFFFFC0000000000

clint mtime 0x0000000000000376 (mip.MTI <- 0b1, mip.STI <- 0b0)
mem[X,0x0000000080001178] -> 0x9493
mem[X,0x000000008000117A] -> 0x00B4
[1772] [M]: 0x0000000080001178 (0x00B49493) slli x9, x9, 0xb                        spcl_M2mmode_test+20
x9 <- 0xFFE0000000000000

mem[X,0x000000008000117C] -> 0x8493
mem[X,0x000000008000117E] -> 0x0034
[1773] [M]: 0x000000008000117C (0x00348493) addi x9, x9, 0x3                        spcl_M2mmode_test+24
x9 <- 0xFFE0000000000003

clint mtime 0x0000000000000377 (mip.MTI <- 0b1, mip.STI <- 0b0)
mem[X,0x0000000080001180] -> 0x9493
mem[X,0x0000000080001182] -> 0x00A4
[1774] [M]: 0x0000000080001180 (0x00A49493) slli x9, x9, 0xa                        spcl_M2mmode_test+28
x9 <- 0x8000000000000C00

mem[X,0x0000000080001184] -> 0x8493
mem[X,0x0000000080001186] -> 0x3FC4
[1775] [M]: 0x0000000080001184 (0x3FC48493) addi x9, x9, 0x3fc                      spcl_M2mmode_test+32
x9 <- 0x8000000000000FFC

clint mtime 0x0000000000000378 (mip.MTI <- 0b1, mip.STI <- 0b0)
mem[X,0x0000000080001188] -> 0xF4B3
mem[X,0x000000008000118A] -> 0x00A4
[1776] [M]: 0x0000000080001188 (0x00A4F4B3) and x9, x9, x10                         spcl_M2mmode_test+36
x9 <- 0x000000000000000C

mem[X,0x000000008000118C] -> 0x8493
mem[X,0x000000008000118E] -> 0xFF84
[1777] [M]: 0x000000008000118C (0xFF848493) addi x9, x9, -0x8                       spcl_M2mmode_test+40
x9 <- 0x0000000000000004

clint mtime 0x0000000000000379 (mip.MTI <- 0b1, mip.STI <- 0b0)
mem[X,0x0000000080001190] -> 0x9663
mem[X,0x0000000080001192] -> 0x0004
[1778] [M]: 0x0000000080001190 (0x00049663) bne x9, x0, 0xc                         spcl_M2mmode_test+44

mem[X,0x000000008000119C] -> 0x0393
mem[X,0x000000008000119E] -> 0x0200
[1779] [M]: 0x000000008000119C (0x02000393) addi x7, x0, 0x20                       Mtrapsig_ptr_upd+0
x7 <- 0x0000000000000020

clint mtime 0x000000000000037A (mip.MTI <- 0b1, mip.STI <- 0b0)
mem[X,0x00000000800011A0] -> 0x5263
mem[X,0x00000000800011A2] -> 0x0405
[1780] [M]: 0x00000000800011A0 (0x04055263) bge x10, x0, 0x44                       Mtrapsig_ptr_upd+4

mem[X,0x00000000800011E4] -> 0x2373
mem[X,0x00000000800011E6] -> 0x3010
[1781] [M]: 0x00000000800011E4 (0x30102373) csrrs x6, misa, x0                      Mxcpt_sig_sv+0
CSR misa (0x301) -> 0x800000000034112F
x6 <- 0x800000000034112F

clint mtime 0x000000000000037B (mip.MTI <- 0b1, mip.STI <- 0b0)
mem[X,0x00000000800011E8] -> 0x1313
mem[X,0x00000000800011EA] -> 0x0383
[1782] [M]: 0x00000000800011E8 (0x03831313) slli x6, x6, 0x38                       Mxcpt_sig_sv+4
x6 <- 0x2F00000000000000

mem[X,0x00000000800011EC] -> 0x5463
mem[X,0x00000000800011EE] -> 0x0003
[1783] [M]: 0x00000000800011EC (0x00035463) bge x6, x0, 0x8                         Mxcpt_sig_sv+8

clint mtime 0x000000000000037C (mip.MTI <- 0b1, mip.STI <- 0b0)
mem[X,0x00000000800011F4] -> 0x3303
mem[X,0x00000000800011F6] -> 0x2181
[1784] [M]: 0x00000000800011F4 (0x21813303) ld x6, 0x218(x2)                        Mtrap_sig_sv+0
mem[R,0x0000000080004218] -> 0x000000008000B338
x6 <- 0x000000008000B338

mem[X,0x00000000800011F8] -> 0x04B3
mem[X,0x00000000800011FA] -> 0x0073
[1785] [M]: 0x00000000800011F8 (0x007304B3) add x9, x6, x7                          Mtrap_sig_sv+4
x9 <- 0x000000008000B358

clint mtime 0x000000000000037D (mip.MTI <- 0b1, mip.STI <- 0b0)
mem[X,0x00000000800011FC] -> 0x3C23
mem[X,0x00000000800011FE] -> 0x2091
[1786] [M]: 0x00000000800011FC (0x20913C23) sd x9, 0x218(x2)                        Mtrap_sig_sv+8
mem[W,0x0000000080004218] <- 0x000000008000B358

mem[X,0x0000000080001200] -> 0x3403
mem[X,0x0000000080001202] -> 0x1F81
[1787] [M]: 0x0000000080001200 (0x1F813403) ld x8, 0x1f8(x2)                        Mtrap_sig_sv+12
mem[R,0x00000000800041F8] -> 0x000000008000B110
x8 <- 0x000000008000B110

clint mtime 0x000000000000037E (mip.MTI <- 0b1, mip.STI <- 0b0)
mem[X,0x0000000080001204] -> 0x0333
mem[X,0x0000000080001206] -> 0x4083
[1788] [M]: 0x0000000080001204 (0x40830333) sub x6, x6, x8                          Mtrap_sig_sv+16
x6 <- 0x0000000000000228

mem[X,0x0000000080001208] -> 0x3403
mem[X,0x000000008000120A] -> 0x1F81
[1789] [M]: 0x0000000080001208 (0x1F813403) ld x8, 0x1f8(x2)                        Mtrap_sig_sv+20
mem[R,0x00000000800041F8] -> 0x000000008000B110
x8 <- 0x000000008000B110

clint mtime 0x000000000000037F (mip.MTI <- 0b1, mip.STI <- 0b0)
mem[X,0x000000008000120C] -> 0x0333
mem[X,0x000000008000120E] -> 0x0083
[1790] [M]: 0x000000008000120C (0x00830333) add x6, x6, x8                          Mtrap_sig_sv+24
x6 <- 0x000000008000B338

mem[X,0x0000000080001210] -> 0x3403
mem[X,0x0000000080001212] -> 0x2401
[1791] [M]: 0x0000000080001210 (0x24013403) ld x8, 0x240(x2)                        Mtrap_sig_sv+28
mem[R,0x0000000080004240] -> 0x0000000080000F80
x8 <- 0x0000000080000F80

clint mtime 0x0000000000000380 (mip.MTI <- 0b1, mip.STI <- 0b0)
mem[X,0x0000000080001214] -> 0x85B3
mem[X,0x0000000080001216] -> 0x4085
[1792] [M]: 0x0000000080001214 (0x408585B3) sub x11, x11, x8                        sv_Mvect+0
x11 <- 0x000000000000010C

mem[X,0x0000000080001218] -> 0x9593
mem[X,0x000000008000121A] -> 0x0045
[1793] [M]: 0x0000000080001218 (0x00459593) slli x11, x11, 0x4                      sv_Mvect+4
x11 <- 0x00000000000010C0

clint mtime 0x0000000000000381 (mip.MTI <- 0b1, mip.STI <- 0b0)
mem[X,0x000000008000121C] -> 0xE5B3
mem[X,0x000000008000121E] -> 0x0075
[1794] [M]: 0x000000008000121C (0x0075E5B3) or x11, x11, x7                         sv_Mvect+8
x11 <- 0x00000000000010E0

mem[X,0x0000000080001220] -> 0x8593
mem[X,0x0000000080001222] -> 0x0035
[1795] [M]: 0x0000000080001220 (0x00358593) addi x11, x11, 0x3                      sv_Mvect+12
x11 <- 0x00000000000010E3

clint mtime 0x0000000000000382 (mip.MTI <- 0b1, mip.STI <- 0b0)
mem[X,0x0000000080001224] -> 0x3023
mem[X,0x0000000080001226] -> 0x00B3
[1796] [M]: 0x0000000080001224 (0x00B33023) sd x11, 0x0(x6)                         sv_Mvect+16
mem[W,0x000000008000B338] <- 0x00000000000010E3

mem[X,0x0000000080001228] -> 0x3423
mem[X,0x000000008000122A] -> 0x00A3
[1797] [M]: 0x0000000080001228 (0x00A33423) sd x10, 0x8(x6)                         sv_Mcause+0
mem[W,0x000000008000B340] <- 0x000000000000000F

clint mtime 0x0000000000000383 (mip.MTI <- 0b1, mip.STI <- 0b0)
mem[X,0x000000008000122C] -> 0x4663
mem[X,0x000000008000122E] -> 0x1A05
[1798] [M]: 0x000000008000122C (0x1A054663) blt x10, x0, 0x1ac                      sv_Mcause+4

mem[X,0x0000000080001230] -> 0x25F3
mem[X,0x0000000080001232] -> 0x3000
[1799] [M]: 0x0000000080001230 (0x300025F3) csrrs x11, mstatus, x0                  common_Mexcpt_handler+0
CSR mstatus (0x300) -> 0x0000000A00000800
x11 <- 0x0000000A00000800

clint mtime 0x0000000000000384 (mip.MTI <- 0b1, mip.STI <- 0b0)
mem[X,0x0000000080001234] -> 0x9413
mem[X,0x0000000080001236] -> 0x02E5
[1800] [M]: 0x0000000080001234 (0x02E59413) slli x8, x11, 0x2e                      common_Mexcpt_handler+4
x8 <- 0x0200000000000000

mem[X,0x0000000080001238] -> 0x5463
mem[X,0x000000008000123A] -> 0x0004
[1801] [M]: 0x0000000080001238 (0x00045463) bge x8, x0, 0x8                         common_Mexcpt_handler+8

clint mtime 0x0000000000000385 (mip.MTI <- 0b1, mip.STI <- 0b0)
mem[X,0x0000000080001240] -> 0xD493
mem[X,0x0000000080001242] -> 0x00B5
[1802] [M]: 0x0000000080001240 (0x00B5D493) srli x9, x11, 0xb                       common_Mexcpt_handler+16
x9 <- 0x0000000001400001

mem[X,0x0000000080001244] -> 0xF493
mem[X,0x0000000080001246] -> 0x0034
[1803] [M]: 0x0000000080001244 (0x0034F493) andi x9, x9, 0x3                        common_Mexcpt_handler+20
x9 <- 0x0000000000000001

clint mtime 0x0000000000000386 (mip.MTI <- 0b1, mip.STI <- 0b0)
mem[X,0x0000000080001248] -> 0x8493
mem[X,0x000000008000124A] -> 0x0014
[1804] [M]: 0x0000000080001248 (0x00148493) addi x9, x9, 0x1                        common_Mexcpt_handler+24
x9 <- 0x0000000000000002

mem[X,0x000000008000124C] -> 0xF493
mem[X,0x000000008000124E] -> 0x0044
[1805] [M]: 0x000000008000124C (0x0044F493) andi x9, x9, 0x4                        common_Mexcpt_handler+28
x9 <- 0x0000000000000000

clint mtime 0x0000000000000387 (mip.MTI <- 0b1, mip.STI <- 0b0)
mem[X,0x0000000080001250] -> 0x0593
mem[X,0x0000000080001252] -> 0x05D0
[1806] [M]: 0x0000000080001250 (0x05D00593) addi x11, x0, 0x5d                      common_Mexcpt_handler+32
x11 <- 0x000000000000005D

mem[X,0x0000000080001254] -> 0xD5B3
mem[X,0x0000000080001256] -> 0x0095
[1807] [M]: 0x0000000080001254 (0x0095D5B3) srl x11, x11, x9                        common_Mexcpt_handler+36
x11 <- 0x000000000000005D

clint mtime 0x0000000000000388 (mip.MTI <- 0b1, mip.STI <- 0b0)
mem[X,0x0000000080001258] -> 0xF593
mem[X,0x000000008000125A] -> 0x0015
[1808] [M]: 0x0000000080001258 (0x0015F593) andi x11, x11, 0x1                      common_Mexcpt_handler+40
x11 <- 0x0000000000000001

mem[X,0x000000008000125C] -> 0x8EE3
mem[X,0x000000008000125E] -> 0xF405
[1809] [M]: 0x000000008000125C (0xF4058EE3) beq x11, x0, -0xa4                      common_Mexcpt_handler+44

clint mtime 0x0000000000000389 (mip.MTI <- 0b1, mip.STI <- 0b0)
mem[X,0x0000000080001260] -> 0x0593
mem[X,0x0000000080001262] -> 0x2980
[1810] [M]: 0x0000000080001260 (0x29800593) addi x11, x0, 0x298                     common_Mexcpt_handler+48
x11 <- 0x0000000000000298

mem[X,0x0000000080001264] -> 0xF413
mem[X,0x0000000080001266] -> 0x0014
[1811] [M]: 0x0000000080001264 (0x0014F413) andi x8, x9, 0x1                        common_Mexcpt_handler+52
x8 <- 0x0000000000000000

clint mtime 0x000000000000038A (mip.MTI <- 0b1, mip.STI <- 0b0)
mem[X,0x0000000080001268] -> 0x95B3
mem[X,0x000000008000126A] -> 0x0085
[1812] [M]: 0x0000000080001268 (0x008595B3) sll x11, x11, x8                        common_Mexcpt_handler+56
x11 <- 0x0000000000000298

mem[X,0x000000008000126C] -> 0x9413
mem[X,0x000000008000126E] -> 0x03D4
[1813] [M]: 0x000000008000126C (0x03D49413) slli x8, x9, 0x3d                       common_Mexcpt_handler+60
x8 <- 0x0000000000000000

clint mtime 0x000000000000038B (mip.MTI <- 0b1, mip.STI <- 0b0)
mem[X,0x0000000080001270] -> 0x5413
mem[X,0x0000000080001272] -> 0x43F4
[1814] [M]: 0x0000000080001270 (0x43F45413) srai x8, x8, 0x3f                       common_Mexcpt_handler+64
x8 <- 0x0000000000000000

mem[X,0x0000000080001274] -> 0x4413
mem[X,0x0000000080001276] -> 0xFFF4
[1815] [M]: 0x0000000080001274 (0xFFF44413) xori x8, x8, -0x1                       common_Mexcpt_handler+68
x8 <- 0xFFFFFFFFFFFFFFFF

clint mtime 0x000000000000038C (mip.MTI <- 0b1, mip.STI <- 0b0)
mem[X,0x0000000080001278] -> 0xF4B3
mem[X,0x000000008000127A] -> 0x0085
[1816] [M]: 0x0000000080001278 (0x0085F4B3) and x9, x11, x8                         common_Mexcpt_handler+72
x9 <- 0x0000000000000298

mem[X,0x000000008000127C] -> 0x84B3
mem[X,0x000000008000127E] -> 0x0024
[1817] [M]: 0x000000008000127C (0x002484B3) add x9, x9, x2                          vmem_adj_Mepc+0
x9 <- 0x0000000080004298

clint mtime 0x000000000000038D (mip.MTI <- 0b1, mip.STI <- 0b0)
mem[X,0x0000000080001280] -> 0x23F3
mem[X,0x0000000080001282] -> 0x3410
[1818] [M]: 0x0000000080001280 (0x341023F3) csrrs x7, mepc, x0                      vmem_adj_Mepc+4
CSR mepc (0x341) -> 0x0006000080000B38
x7 <- 0x0006000080000B38

mem[X,0x0000000080001284] -> 0x0413
mem[X,0x0000000080001286] -> 0x0004
[1819] [M]: 0x0000000080001284 (0x00040413) addi x8, x8, 0x0                        vmem_adj_Mepc+8
x8 <- 0xFFFFFFFFFFFFFFFF

clint mtime 0x000000000000038E (mip.MTI <- 0b1, mip.STI <- 0b0)
mem[X,0x0000000080001288] -> 0x006F
mem[X,0x000000008000128A] -> 0x0400
[1820] [M]: 0x0000000080001288 (0x0400006F) jal x0, 0x40                            vmem_adj_Mepc+12

mem[X,0x00000000800012C8] -> 0x8433
mem[X,0x00000000800012CA] -> 0x4083
[1821] [M]: 0x00000000800012C8 (0x40838433) sub x8, x7, x8                          adj_Mepc+0
x8 <- 0x0006000080000B39

clint mtime 0x000000000000038F (mip.MTI <- 0b1, mip.STI <- 0b0)
mem[X,0x00000000800012CC] -> 0x3823
mem[X,0x00000000800012CE] -> 0x0083
[1822] [M]: 0x00000000800012CC (0x00833823) sd x8, 0x10(x6)                         sv_Mepc+0
mem[W,0x000000008000B348] <- 0x0006000080000B39

mem[X,0x00000000800012D0] -> 0x55B7
mem[X,0x00000000800012D2] -> 0x0000
[1823] [M]: 0x00000000800012D0 (0x000055B7) lui x11, 0x5                            sv_Mepc+4
x11 <- 0x0000000000005000

clint mtime 0x0000000000000390 (mip.MTI <- 0b1, mip.STI <- 0b0)
mem[X,0x00000000800012D4] -> 0x8593
mem[X,0x00000000800012D6] -> 0x6675
[1824] [M]: 0x00000000800012D4 (0x66758593) addi x11, x11, 0x667                    sv_Mepc+8
x11 <- 0x0000000000005667

mem[X,0x00000000800012D8] -> 0x9593
mem[X,0x00000000800012DA] -> 0x0015
[1825] [M]: 0x00000000800012D8 (0x00159593) slli x11, x11, 0x1                      sv_Mepc+12
x11 <- 0x000000000000ACCE

clint mtime 0x0000000000000391 (mip.MTI <- 0b1, mip.STI <- 0b0)
mem[X,0x00000000800012DC] -> 0x9063
mem[X,0x00000000800012DE] -> 0x02B1
[1826] [M]: 0x00000000800012DC (0x02B19063) bne x3, x11, 0x20                       sv_Mepc+16

mem[X,0x00000000800012E0] -> 0x2473
mem[X,0x00000000800012E2] -> 0x3420
[1827] [M]: 0x00000000800012E0 (0x34202473) csrrs x8, mcause, x0                    sv_Mepc+20
CSR mcause (0x342) -> 0x000000000000000F
x8 <- 0x000000000000000F

clint mtime 0x0000000000000392 (mip.MTI <- 0b1, mip.STI <- 0b0)
mem[X,0x00000000800012E4] -> 0x0593
mem[X,0x00000000800012E6] -> 0x00C0
[1828] [M]: 0x00000000800012E4 (0x00C00593) addi x11, x0, 0xc                       sv_Mepc+24
x11 <- 0x000000000000000C

mem[X,0x00000000800012E8] -> 0x0663
mem[X,0x00000000800012EA] -> 0x00B4
[1829] [M]: 0x00000000800012E8 (0x00B40663) beq x8, x11, 0xc                        sv_Mepc+28

clint mtime 0x0000000000000393 (mip.MTI <- 0b1, mip.STI <- 0b0)
mem[X,0x00000000800012EC] -> 0x0593
mem[X,0x00000000800012EE] -> 0x0010
[1830] [M]: 0x00000000800012EC (0x00100593) addi x11, x0, 0x1                       sv_Mepc+32
x11 <- 0x0000000000000001

mem[X,0x00000000800012F0] -> 0x1663
mem[X,0x00000000800012F2] -> 0x00B4
[1831] [M]: 0x00000000800012F0 (0x00B41663) bne x8, x11, 0xc                        sv_Mepc+36

clint mtime 0x0000000000000394 (mip.MTI <- 0b1, mip.STI <- 0b0)
mem[X,0x00000000800012FC] -> 0xF593
mem[X,0x00000000800012FE] -> 0xFFC3
[1832] [M]: 0x00000000800012FC (0xFFC3F593) andi x11, x7, -0x4                      adj_Mepc_rtn+0
x11 <- 0x0006000080000B38

mem[X,0x0000000080001300] -> 0x8593
mem[X,0x0000000080001302] -> 0x0085
[1833] [M]: 0x0000000080001300 (0x00858593) addi x11, x11, 0x8                      adj_Mepc_rtn+4
x11 <- 0x0006000080000B40

clint mtime 0x0000000000000395 (mip.MTI <- 0b1, mip.STI <- 0b0)
mem[X,0x0000000080001304] -> 0x9073
mem[X,0x0000000080001306] -> 0x3415
[1834] [M]: 0x0000000080001304 (0x34159073) csrrw x0, mepc, x11                     adj_Mepc_rtn+8
CSR mepc (0x341) <- 0x0006000080000B40

mem[X,0x0000000080001308] -> 0x23F3
mem[X,0x000000008000130A] -> 0x3430
[1835] [M]: 0x0000000080001308 (0x343023F3) csrrs x7, mtval, x0                     skp_adj_Mepc+0
CSR mtval (0x343) -> 0x0005000000000014
x7 <- 0x0005000000000014

clint mtime 0x0000000000000396 (mip.MTI <- 0b1, mip.STI <- 0b0)
mem[X,0x000000008000130C] -> 0x0413
mem[X,0x000000008000130E] -> 0x0004
[1836] [M]: 0x000000008000130C (0x00040413) addi x8, x8, 0x0                        skp_adj_Mepc+4
x8 <- 0x000000000000000F

mem[X,0x0000000080001310] -> 0x006F
mem[X,0x0000000080001312] -> 0x0840
[1837] [M]: 0x0000000080001310 (0x0840006F) jal x0, 0x84                            skp_adj_Mepc+8

clint mtime 0x0000000000000397 (mip.MTI <- 0b1, mip.STI <- 0b0)
mem[X,0x0000000080001394] -> 0x8433
mem[X,0x0000000080001396] -> 0x4083
[1838] [M]: 0x0000000080001394 (0x40838433) sub x8, x7, x8                          adj_Mtval+0
x8 <- 0x0005000000000005

mem[X,0x0000000080001398] -> 0x3C23
mem[X,0x000000008000139A] -> 0x0083
[1839] [M]: 0x0000000080001398 (0x00833C23) sd x8, 0x18(x6)                         sv_Mtval+0
mem[W,0x000000008000B350] <- 0x0005000000000005

clint mtime 0x0000000000000398 (mip.MTI <- 0b1, mip.STI <- 0b0)
mem[X,0x000000008000139C] -> 0x3483
mem[X,0x000000008000139E] -> 0x2181
[1840] [M]: 0x000000008000139C (0x21813483) ld x9, 0x218(x2)                        skp_Mtval+0
mem[R,0x0000000080004218] -> 0x000000008000B358
x9 <- 0x000000008000B358

mem[X,0x00000000800013A0] -> 0x3383
mem[X,0x00000000800013A2] -> 0x1F81
[1841] [M]: 0x00000000800013A0 (0x1F813383) ld x7, 0x1f8(x2)                        skp_Mtval+4
mem[R,0x00000000800041F8] -> 0x000000008000B110
x7 <- 0x000000008000B110

clint mtime 0x0000000000000399 (mip.MTI <- 0b1, mip.STI <- 0b0)
mem[X,0x00000000800013A4] -> 0x3303
mem[X,0x00000000800013A6] -> 0x2001
[1842] [M]: 0x00000000800013A4 (0x20013303) ld x6, 0x200(x2)                        skp_Mtval+8
mem[R,0x0000000080004200] -> 0x0000000000000310
x6 <- 0x0000000000000310

mem[X,0x00000000800013A8] -> 0x0333
mem[X,0x00000000800013AA] -> 0x0073
[1843] [M]: 0x00000000800013A8 (0x00730333) add x6, x6, x7                          skp_Mtval+12
x6 <- 0x000000008000B420

clint mtime 0x000000000000039A (mip.MTI <- 0b1, mip.STI <- 0b0)
mem[X,0x00000000800013AC] -> 0x6AE3
mem[X,0x00000000800013AE] -> 0xAC93
[1844] [M]: 0x00000000800013AC (0xAC936AE3) bltu x6, x9, -0x52c                     skp_Mtval+16

mem[X,0x00000000800013B0] -> 0x0393
mem[X,0x00000000800013B2] -> 0x2000
[1845] [M]: 0x00000000800013B0 (0x20000393) addi x7, x0, 0x200                      skp_Mtval+20
x7 <- 0x0000000000000200

clint mtime 0x000000000000039B (mip.MTI <- 0b1, mip.STI <- 0b0)
mem[X,0x00000000800013B4] -> 0x006F
mem[X,0x00000000800013B6] -> 0x0400
[1846] [M]: 0x00000000800013B4 (0x0400006F) jal x0, 0x40                            skp_Mtval+24

mem[X,0x00000000800013F4] -> 0x0417
mem[X,0x00000000800013F6] -> 0x0000
[1847] [M]: 0x00000000800013F4 (0x00000417) auipc x8, 0x0                           spcl_Mhandler+0
x8 <- 0x00000000800013F4

clint mtime 0x000000000000039C (mip.MTI <- 0b1, mip.STI <- 0b0)
mem[X,0x00000000800013F8] -> 0x0413
mem[X,0x00000000800013FA] -> 0x03C4
[1848] [M]: 0x00000000800013F8 (0x03C40413) addi x8, x8, 0x3c                       spcl_Mhandler+4
x8 <- 0x0000000080001430

mem[X,0x00000000800013FC] -> 0x0433
mem[X,0x00000000800013FE] -> 0x0074
[1849] [M]: 0x00000000800013FC (0x00740433) add x8, x8, x7                          spcl_Mhandler+8
x8 <- 0x0000000080001630

clint mtime 0x000000000000039D (mip.MTI <- 0b1, mip.STI <- 0b0)
mem[X,0x0000000080001400] -> 0x1393
mem[X,0x0000000080001402] -> 0x0035
[1850] [M]: 0x0000000080001400 (0x00351393) slli x7, x10, 0x3                       spcl_Mhandler+12
x7 <- 0x0000000000000078

mem[X,0x0000000080001404] -> 0x0433
mem[X,0x0000000080001406] -> 0x0074
[1851] [M]: 0x0000000080001404 (0x00740433) add x8, x8, x7                          spcl_Mhandler+16
x8 <- 0x00000000800016A8

clint mtime 0x000000000000039E (mip.MTI <- 0b1, mip.STI <- 0b0)
mem[X,0x0000000080001408] -> 0x7413
mem[X,0x000000008000140A] -> 0xFF84
[1852] [M]: 0x0000000080001408 (0xFF847413) andi x8, x8, -0x8                       spcl_Mhandler+20
x8 <- 0x00000000800016A8

mem[X,0x000000008000140C] -> 0x3403
mem[X,0x000000008000140E] -> 0x0004
[1853] [M]: 0x000000008000140C (0x00043403) ld x8, 0x0(x8)                          spcl_Mhandler+24
mem[R,0x00000000800016A8] -> 0x000000000000001F
x8 <- 0x000000000000001F

clint mtime 0x000000000000039F (mip.MTI <- 0b1, mip.STI <- 0b0)
mem[X,0x0000000080001410] -> 0x02E3
mem[X,0x0000000080001412] -> 0xB004
[1854] [M]: 0x0000000080001410 (0xB00402E3) beq x8, x0, -0x4fc                      spcl_Mdispatch_hndling+0

mem[X,0x0000000080001414] -> 0x1393
mem[X,0x0000000080001416] -> 0x03F4
[1855] [M]: 0x0000000080001414 (0x03F41393) slli x7, x8, 0x3f                       spcl_Mdispatch_hndling+4
x7 <- 0x8000000000000000

clint mtime 0x00000000000003A0 (mip.MTI <- 0b1, mip.STI <- 0b0)
mem[X,0x0000000080001418] -> 0xD863
mem[X,0x000000008000141A] -> 0x0003
[1856] [M]: 0x0000000080001418 (0x0003D863) bge x7, x0, 0x10                        spcl_Mdispatch_hndling+8

mem[X,0x000000008000141C] -> 0x5413
mem[X,0x000000008000141E] -> 0x0014
[1857] [M]: 0x000000008000141C (0x00145413) srli x8, x8, 0x1                        spcl_Mdispatch_hndling+12
x8 <- 0x000000000000000F

clint mtime 0x00000000000003A1 (mip.MTI <- 0b1, mip.STI <- 0b0)
mem[X,0x0000000080001420] -> 0x0CE3
mem[X,0x0000000080001422] -> 0xF885
[1858] [M]: 0x0000000080001420 (0xF8850CE3) beq x10, x8, -0x68                      spcl_Mdispatch_hndling+16

mem[X,0x00000000800013B8] -> 0x3303
mem[X,0x00000000800013BA] -> 0x2601
[1859] [M]: 0x00000000800013B8 (0x26013303) ld x6, 0x260(x2)                        resto_Mrtn+0
mem[R,0x0000000080004260] -> 0xFFFFFFFF7FFFF6AC
x6 <- 0xFFFFFFFF7FFFF6AC

clint mtime 0x00000000000003A2 (mip.MTI <- 0b1, mip.STI <- 0b0)
mem[X,0x00000000800013BC] -> 0x3383
mem[X,0x00000000800013BE] -> 0x2681
[1860] [M]: 0x00000000800013BC (0x26813383) ld x7, 0x268(x2)                        resto_Mrtn+4
mem[R,0x0000000080004268] -> 0x0000000080004000
x7 <- 0x0000000080004000

mem[X,0x00000000800013C0] -> 0x3403
mem[X,0x00000000800013C2] -> 0x2701
[1861] [M]: 0x00000000800013C0 (0x27013403) ld x8, 0x270(x2)                        resto_Mrtn+8
mem[R,0x0000000080004270] -> 0x0000000000007F76
x8 <- 0x0000000000007F76

clint mtime 0x00000000000003A3 (mip.MTI <- 0b1, mip.STI <- 0b0)
mem[X,0x00000000800013C4] -> 0x3483
mem[X,0x00000000800013C6] -> 0x2781
[1862] [M]: 0x00000000800013C4 (0x27813483) ld x9, 0x278(x2)                        resto_Mrtn+12
mem[R,0x0000000080004278] -> 0x00060000000001C8
x9 <- 0x00060000000001C8

mem[X,0x00000000800013C8] -> 0x3503
mem[X,0x00000000800013CA] -> 0x2801
[1863] [M]: 0x00000000800013C8 (0x28013503) ld x10, 0x280(x2)                       resto_Mrtn+16
mem[R,0x0000000080004280] -> 0x00000000200014CF
x10 <- 0x00000000200014CF

clint mtime 0x00000000000003A4 (mip.MTI <- 0b1, mip.STI <- 0b0)
mem[X,0x00000000800013CC] -> 0x3583
mem[X,0x00000000800013CE] -> 0x2881
[1864] [M]: 0x00000000800013CC (0x28813583) ld x11, 0x288(x2)                       resto_Mrtn+20
mem[R,0x0000000080004288] -> 0x00000000000000CF
x11 <- 0x00000000000000CF

mem[X,0x00000000800013D0] -> 0x3103
mem[X,0x00000000800013D2] -> 0x2901
[1865] [M]: 0x00000000800013D0 (0x29013103) ld x2, 0x290(x2)                        resto_Mrtn+24
mem[R,0x0000000080004290] -> 0x0000000000000000
x2 <- 0x0000000000000000

clint mtime 0x00000000000003A5 (mip.MTI <- 0b1, mip.STI <- 0b0)
mem[X,0x00000000800013D4] -> 0x0073
mem[X,0x00000000800013D6] -> 0x3020
[1866] [M]: 0x00000000800013D4 (0x30200073) mret                                    resto_Mrtn+28
CSR mstatus (0x300) <- 0x0000000A00000080
ret-ing from M to S

mem[X,0x0000000080000B40] -> 0xA703
mem[X,0x0000000080000B42] -> 0x0147
[1867] [S]: 0x0006000080000B40 (0x0147A703) lw x14, 0x14(x15)                       va_rvtest_code_begin+1956
PTW: Start, vpn=0x5000000000, access_type=R, privilege=Smem[R,0x000000008000A028] -> 0x0000000020002401
PTW: Step, level=4, pte=0x20002401, pte_addr=0x8000A028
PTW: Start, vpn=0x5000000000, access_type=R, privilege=Smem[R,0x0000000080009000] -> 0x0000000020002001
PTW: Step, level=3, pte=0x20002001, pte_addr=0x80009000
PTW: Start, vpn=0x5000000000, access_type=R, privilege=Smem[R,0x0000000080008000] -> 0x00000000200014CF
PTW: Step, level=2, pte=0x200014CF, pte_addr=0x80008000
PTW: failed, error=misaligned-superpage, level=2, pte_addr=0x80008000
trapping from S to M to handle load-page-fault
handling exc#load-page-fault at priv M with tval 0x0005000000000014
CSR mstatus (0x300) <- 0x0000000A00000800
CSR mcause (0x342) <- 0x000000000000000D
CSR mtval (0x343) <- 0x0005000000000014
CSR mepc (0x341) <- 0x0006000080000B40

clint mtime 0x00000000000003A6 (mip.MTI <- 0b1, mip.STI <- 0b0)
mem[X,0x0000000080000F80] -> 0x006F
mem[X,0x0000000080000F82] -> 0x1000
[1868] [M]: 0x0000000080000F80 (0x1000006F) jal x0, 0x100                           Mtrampoline+0

mem[X,0x0000000080001080] -> 0x1173
mem[X,0x0000000080001082] -> 0x3401
[1869] [M]: 0x0000000080001080 (0x34011173) csrrw x2, mscratch, x2                  trap_Mhandler+0
CSR mscratch (0x340) <- 0x0000000000000000
x2 <- 0x0000000080004000

clint mtime 0x00000000000003A7 (mip.MTI <- 0b1, mip.STI <- 0b0)
mem[X,0x0000000080001084] -> 0x3423
mem[X,0x0000000080001086] -> 0x28B1
[1870] [M]: 0x0000000080001084 (0x28B13423) sd x11, 0x288(x2)                       trap_Mhandler+4
mem[W,0x0000000080004288] <- 0x00000000000000CF

mem[X,0x0000000080001088] -> 0x05EF
mem[X,0x000000008000108A] -> 0x0B80
[1871] [M]: 0x0000000080001088 (0x0B8005EF) jal x11, 0xb8                           trap_Mhandler+8
x11 <- 0x000000008000108C

clint mtime 0x00000000000003A8 (mip.MTI <- 0b1, mip.STI <- 0b0)
mem[X,0x0000000080001140] -> 0x3023
mem[X,0x0000000080001142] -> 0x28A1
[1872] [M]: 0x0000000080001140 (0x28A13023) sd x10, 0x280(x2)                       common_Mhandler+0
mem[W,0x0000000080004280] <- 0x00000000200014CF

mem[X,0x0000000080001144] -> 0x1573
mem[X,0x0000000080001146] -> 0x3401
[1873] [M]: 0x0000000080001144 (0x34011573) csrrw x10, mscratch, x2                 common_Mhandler+4
CSR mscratch (0x340) <- 0x0000000080004000
x10 <- 0x0000000000000000

clint mtime 0x00000000000003A9 (mip.MTI <- 0b1, mip.STI <- 0b0)
mem[X,0x0000000080001148] -> 0x3823
mem[X,0x000000008000114A] -> 0x28A1
[1874] [M]: 0x0000000080001148 (0x28A13823) sd x10, 0x290(x2)                       common_Mhandler+8
mem[W,0x0000000080004290] <- 0x0000000000000000

mem[X,0x000000008000114C] -> 0x3503
mem[X,0x000000008000114E] -> 0x2301
[1875] [M]: 0x000000008000114C (0x23013503) ld x10, 0x230(x2)                       common_Mhandler+12
mem[R,0x0000000080004230] -> 0x0000000080001154
x10 <- 0x0000000080001154

clint mtime 0x00000000000003AA (mip.MTI <- 0b1, mip.STI <- 0b0)
mem[X,0x0000000080001150] -> 0x0067
mem[X,0x0000000080001152] -> 0x0005
[1876] [M]: 0x0000000080001150 (0x00050067) jalr x0, 0x0(x10)                       common_Mhandler+16

mem[X,0x0000000080001154] -> 0x3C23
mem[X,0x0000000080001156] -> 0x2691
[1877] [M]: 0x0000000080001154 (0x26913C23) sd x9, 0x278(x2)                        common_Mentry+0
mem[W,0x0000000080004278] <- 0x00060000000001C8

clint mtime 0x00000000000003AB (mip.MTI <- 0b1, mip.STI <- 0b0)
mem[X,0x0000000080001158] -> 0x3823
mem[X,0x000000008000115A] -> 0x2681
[1878] [M]: 0x0000000080001158 (0x26813823) sd x8, 0x270(x2)                        common_Mentry+4
mem[W,0x0000000080004270] <- 0x0000000000007F76

mem[X,0x000000008000115C] -> 0x3423
mem[X,0x000000008000115E] -> 0x2671
[1879] [M]: 0x000000008000115C (0x26713423) sd x7, 0x268(x2)                        common_Mentry+8
mem[W,0x0000000080004268] <- 0x0000000080004000

clint mtime 0x00000000000003AC (mip.MTI <- 0b1, mip.STI <- 0b0)
mem[X,0x0000000080001160] -> 0x3023
mem[X,0x0000000080001162] -> 0x2661
[1880] [M]: 0x0000000080001160 (0x26613023) sd x6, 0x260(x2)                        common_Mentry+12
mem[W,0x0000000080004260] <- 0xFFFFFFFF7FFFF6AC

mem[X,0x0000000080001164] -> 0x2573
mem[X,0x0000000080001166] -> 0x3420
[1881] [M]: 0x0000000080001164 (0x34202573) csrrs x10, mcause, x0                   spcl_M2mmode_test+0
CSR mcause (0x342) -> 0x000000000000000D
x10 <- 0x000000000000000D

clint mtime 0x00000000000003AD (mip.MTI <- 0b1, mip.STI <- 0b0)
mem[X,0x0000000080001168] -> 0x04B7
mem[X,0x000000008000116A] -> 0x8000
[1882] [M]: 0x0000000080001168 (0x800004B7) lui x9, -0x80000                        spcl_M2mmode_test+4
x9 <- 0xFFFFFFFF80000000

mem[X,0x000000008000116C] -> 0x8493
mem[X,0x000000008000116E] -> 0x0004
[1883] [M]: 0x000000008000116C (0x00048493) addi x9, x9, 0x0                        spcl_M2mmode_test+8
x9 <- 0xFFFFFFFF80000000

clint mtime 0x00000000000003AE (mip.MTI <- 0b1, mip.STI <- 0b0)
mem[X,0x0000000080001170] -> 0x9493
mem[X,0x0000000080001172] -> 0x00B4
[1884] [M]: 0x0000000080001170 (0x00B49493) slli x9, x9, 0xb                        spcl_M2mmode_test+12
x9 <- 0xFFFFFC0000000000

mem[X,0x0000000080001174] -> 0x8493
mem[X,0x0000000080001176] -> 0x0004
[1885] [M]: 0x0000000080001174 (0x00048493) addi x9, x9, 0x0                        spcl_M2mmode_test+16
x9 <- 0xFFFFFC0000000000

clint mtime 0x00000000000003AF (mip.MTI <- 0b1, mip.STI <- 0b0)
mem[X,0x0000000080001178] -> 0x9493
mem[X,0x000000008000117A] -> 0x00B4
[1886] [M]: 0x0000000080001178 (0x00B49493) slli x9, x9, 0xb                        spcl_M2mmode_test+20
x9 <- 0xFFE0000000000000

mem[X,0x000000008000117C] -> 0x8493
mem[X,0x000000008000117E] -> 0x0034
[1887] [M]: 0x000000008000117C (0x00348493) addi x9, x9, 0x3                        spcl_M2mmode_test+24
x9 <- 0xFFE0000000000003

clint mtime 0x00000000000003B0 (mip.MTI <- 0b1, mip.STI <- 0b0)
mem[X,0x0000000080001180] -> 0x9493
mem[X,0x0000000080001182] -> 0x00A4
[1888] [M]: 0x0000000080001180 (0x00A49493) slli x9, x9, 0xa                        spcl_M2mmode_test+28
x9 <- 0x8000000000000C00

mem[X,0x0000000080001184] -> 0x8493
mem[X,0x0000000080001186] -> 0x3FC4
[1889] [M]: 0x0000000080001184 (0x3FC48493) addi x9, x9, 0x3fc                      spcl_M2mmode_test+32
x9 <- 0x8000000000000FFC

clint mtime 0x00000000000003B1 (mip.MTI <- 0b1, mip.STI <- 0b0)
mem[X,0x0000000080001188] -> 0xF4B3
mem[X,0x000000008000118A] -> 0x00A4
[1890] [M]: 0x0000000080001188 (0x00A4F4B3) and x9, x9, x10                         spcl_M2mmode_test+36
x9 <- 0x000000000000000C

mem[X,0x000000008000118C] -> 0x8493
mem[X,0x000000008000118E] -> 0xFF84
[1891] [M]: 0x000000008000118C (0xFF848493) addi x9, x9, -0x8                       spcl_M2mmode_test+40
x9 <- 0x0000000000000004

clint mtime 0x00000000000003B2 (mip.MTI <- 0b1, mip.STI <- 0b0)
mem[X,0x0000000080001190] -> 0x9663
mem[X,0x0000000080001192] -> 0x0004
[1892] [M]: 0x0000000080001190 (0x00049663) bne x9, x0, 0xc                         spcl_M2mmode_test+44

mem[X,0x000000008000119C] -> 0x0393
mem[X,0x000000008000119E] -> 0x0200
[1893] [M]: 0x000000008000119C (0x02000393) addi x7, x0, 0x20                       Mtrapsig_ptr_upd+0
x7 <- 0x0000000000000020

clint mtime 0x00000000000003B3 (mip.MTI <- 0b1, mip.STI <- 0b0)
mem[X,0x00000000800011A0] -> 0x5263
mem[X,0x00000000800011A2] -> 0x0405
[1894] [M]: 0x00000000800011A0 (0x04055263) bge x10, x0, 0x44                       Mtrapsig_ptr_upd+4

mem[X,0x00000000800011E4] -> 0x2373
mem[X,0x00000000800011E6] -> 0x3010
[1895] [M]: 0x00000000800011E4 (0x30102373) csrrs x6, misa, x0                      Mxcpt_sig_sv+0
CSR misa (0x301) -> 0x800000000034112F
x6 <- 0x800000000034112F

clint mtime 0x00000000000003B4 (mip.MTI <- 0b1, mip.STI <- 0b0)
mem[X,0x00000000800011E8] -> 0x1313
mem[X,0x00000000800011EA] -> 0x0383
[1896] [M]: 0x00000000800011E8 (0x03831313) slli x6, x6, 0x38                       Mxcpt_sig_sv+4
x6 <- 0x2F00000000000000

mem[X,0x00000000800011EC] -> 0x5463
mem[X,0x00000000800011EE] -> 0x0003
[1897] [M]: 0x00000000800011EC (0x00035463) bge x6, x0, 0x8                         Mxcpt_sig_sv+8

clint mtime 0x00000000000003B5 (mip.MTI <- 0b1, mip.STI <- 0b0)
mem[X,0x00000000800011F4] -> 0x3303
mem[X,0x00000000800011F6] -> 0x2181
[1898] [M]: 0x00000000800011F4 (0x21813303) ld x6, 0x218(x2)                        Mtrap_sig_sv+0
mem[R,0x0000000080004218] -> 0x000000008000B358
x6 <- 0x000000008000B358

mem[X,0x00000000800011F8] -> 0x04B3
mem[X,0x00000000800011FA] -> 0x0073
[1899] [M]: 0x00000000800011F8 (0x007304B3) add x9, x6, x7                          Mtrap_sig_sv+4
x9 <- 0x000000008000B378

clint mtime 0x00000000000003B6 (mip.MTI <- 0b1, mip.STI <- 0b0)
mem[X,0x00000000800011FC] -> 0x3C23
mem[X,0x00000000800011FE] -> 0x2091
[1900] [M]: 0x00000000800011FC (0x20913C23) sd x9, 0x218(x2)                        Mtrap_sig_sv+8
mem[W,0x0000000080004218] <- 0x000000008000B378

mem[X,0x0000000080001200] -> 0x3403
mem[X,0x0000000080001202] -> 0x1F81
[1901] [M]: 0x0000000080001200 (0x1F813403) ld x8, 0x1f8(x2)                        Mtrap_sig_sv+12
mem[R,0x00000000800041F8] -> 0x000000008000B110
x8 <- 0x000000008000B110

clint mtime 0x00000000000003B7 (mip.MTI <- 0b1, mip.STI <- 0b0)
mem[X,0x0000000080001204] -> 0x0333
mem[X,0x0000000080001206] -> 0x4083
[1902] [M]: 0x0000000080001204 (0x40830333) sub x6, x6, x8                          Mtrap_sig_sv+16
x6 <- 0x0000000000000248

mem[X,0x0000000080001208] -> 0x3403
mem[X,0x000000008000120A] -> 0x1F81
[1903] [M]: 0x0000000080001208 (0x1F813403) ld x8, 0x1f8(x2)                        Mtrap_sig_sv+20
mem[R,0x00000000800041F8] -> 0x000000008000B110
x8 <- 0x000000008000B110

clint mtime 0x00000000000003B8 (mip.MTI <- 0b1, mip.STI <- 0b0)
mem[X,0x000000008000120C] -> 0x0333
mem[X,0x000000008000120E] -> 0x0083
[1904] [M]: 0x000000008000120C (0x00830333) add x6, x6, x8                          Mtrap_sig_sv+24
x6 <- 0x000000008000B358

mem[X,0x0000000080001210] -> 0x3403
mem[X,0x0000000080001212] -> 0x2401
[1905] [M]: 0x0000000080001210 (0x24013403) ld x8, 0x240(x2)                        Mtrap_sig_sv+28
mem[R,0x0000000080004240] -> 0x0000000080000F80
x8 <- 0x0000000080000F80

clint mtime 0x00000000000003B9 (mip.MTI <- 0b1, mip.STI <- 0b0)
mem[X,0x0000000080001214] -> 0x85B3
mem[X,0x0000000080001216] -> 0x4085
[1906] [M]: 0x0000000080001214 (0x408585B3) sub x11, x11, x8                        sv_Mvect+0
x11 <- 0x000000000000010C

mem[X,0x0000000080001218] -> 0x9593
mem[X,0x000000008000121A] -> 0x0045
[1907] [M]: 0x0000000080001218 (0x00459593) slli x11, x11, 0x4                      sv_Mvect+4
x11 <- 0x00000000000010C0

clint mtime 0x00000000000003BA (mip.MTI <- 0b1, mip.STI <- 0b0)
mem[X,0x000000008000121C] -> 0xE5B3
mem[X,0x000000008000121E] -> 0x0075
[1908] [M]: 0x000000008000121C (0x0075E5B3) or x11, x11, x7                         sv_Mvect+8
x11 <- 0x00000000000010E0

mem[X,0x0000000080001220] -> 0x8593
mem[X,0x0000000080001222] -> 0x0035
[1909] [M]: 0x0000000080001220 (0x00358593) addi x11, x11, 0x3                      sv_Mvect+12
x11 <- 0x00000000000010E3

clint mtime 0x00000000000003BB (mip.MTI <- 0b1, mip.STI <- 0b0)
mem[X,0x0000000080001224] -> 0x3023
mem[X,0x0000000080001226] -> 0x00B3
[1910] [M]: 0x0000000080001224 (0x00B33023) sd x11, 0x0(x6)                         sv_Mvect+16
mem[W,0x000000008000B358] <- 0x00000000000010E3

mem[X,0x0000000080001228] -> 0x3423
mem[X,0x000000008000122A] -> 0x00A3
[1911] [M]: 0x0000000080001228 (0x00A33423) sd x10, 0x8(x6)                         sv_Mcause+0
mem[W,0x000000008000B360] <- 0x000000000000000D

clint mtime 0x00000000000003BC (mip.MTI <- 0b1, mip.STI <- 0b0)
mem[X,0x000000008000122C] -> 0x4663
mem[X,0x000000008000122E] -> 0x1A05
[1912] [M]: 0x000000008000122C (0x1A054663) blt x10, x0, 0x1ac                      sv_Mcause+4

mem[X,0x0000000080001230] -> 0x25F3
mem[X,0x0000000080001232] -> 0x3000
[1913] [M]: 0x0000000080001230 (0x300025F3) csrrs x11, mstatus, x0                  common_Mexcpt_handler+0
CSR mstatus (0x300) -> 0x0000000A00000800
x11 <- 0x0000000A00000800

clint mtime 0x00000000000003BD (mip.MTI <- 0b1, mip.STI <- 0b0)
mem[X,0x0000000080001234] -> 0x9413
mem[X,0x0000000080001236] -> 0x02E5
[1914] [M]: 0x0000000080001234 (0x02E59413) slli x8, x11, 0x2e                      common_Mexcpt_handler+4
x8 <- 0x0200000000000000

mem[X,0x0000000080001238] -> 0x5463
mem[X,0x000000008000123A] -> 0x0004
[1915] [M]: 0x0000000080001238 (0x00045463) bge x8, x0, 0x8                         common_Mexcpt_handler+8

clint mtime 0x00000000000003BE (mip.MTI <- 0b1, mip.STI <- 0b0)
mem[X,0x0000000080001240] -> 0xD493
mem[X,0x0000000080001242] -> 0x00B5
[1916] [M]: 0x0000000080001240 (0x00B5D493) srli x9, x11, 0xb                       common_Mexcpt_handler+16
x9 <- 0x0000000001400001

mem[X,0x0000000080001244] -> 0xF493
mem[X,0x0000000080001246] -> 0x0034
[1917] [M]: 0x0000000080001244 (0x0034F493) andi x9, x9, 0x3                        common_Mexcpt_handler+20
x9 <- 0x0000000000000001

clint mtime 0x00000000000003BF (mip.MTI <- 0b1, mip.STI <- 0b0)
mem[X,0x0000000080001248] -> 0x8493
mem[X,0x000000008000124A] -> 0x0014
[1918] [M]: 0x0000000080001248 (0x00148493) addi x9, x9, 0x1                        common_Mexcpt_handler+24
x9 <- 0x0000000000000002

mem[X,0x000000008000124C] -> 0xF493
mem[X,0x000000008000124E] -> 0x0044
[1919] [M]: 0x000000008000124C (0x0044F493) andi x9, x9, 0x4                        common_Mexcpt_handler+28
x9 <- 0x0000000000000000

clint mtime 0x00000000000003C0 (mip.MTI <- 0b1, mip.STI <- 0b0)
mem[X,0x0000000080001250] -> 0x0593
mem[X,0x0000000080001252] -> 0x05D0
[1920] [M]: 0x0000000080001250 (0x05D00593) addi x11, x0, 0x5d                      common_Mexcpt_handler+32
x11 <- 0x000000000000005D

mem[X,0x0000000080001254] -> 0xD5B3
mem[X,0x0000000080001256] -> 0x0095
[1921] [M]: 0x0000000080001254 (0x0095D5B3) srl x11, x11, x9                        common_Mexcpt_handler+36
x11 <- 0x000000000000005D

clint mtime 0x00000000000003C1 (mip.MTI <- 0b1, mip.STI <- 0b0)
mem[X,0x0000000080001258] -> 0xF593
mem[X,0x000000008000125A] -> 0x0015
[1922] [M]: 0x0000000080001258 (0x0015F593) andi x11, x11, 0x1                      common_Mexcpt_handler+40
x11 <- 0x0000000000000001

mem[X,0x000000008000125C] -> 0x8EE3
mem[X,0x000000008000125E] -> 0xF405
[1923] [M]: 0x000000008000125C (0xF4058EE3) beq x11, x0, -0xa4                      common_Mexcpt_handler+44

clint mtime 0x00000000000003C2 (mip.MTI <- 0b1, mip.STI <- 0b0)
mem[X,0x0000000080001260] -> 0x0593
mem[X,0x0000000080001262] -> 0x2980
[1924] [M]: 0x0000000080001260 (0x29800593) addi x11, x0, 0x298                     common_Mexcpt_handler+48
x11 <- 0x0000000000000298

mem[X,0x0000000080001264] -> 0xF413
mem[X,0x0000000080001266] -> 0x0014
[1925] [M]: 0x0000000080001264 (0x0014F413) andi x8, x9, 0x1                        common_Mexcpt_handler+52
x8 <- 0x0000000000000000

clint mtime 0x00000000000003C3 (mip.MTI <- 0b1, mip.STI <- 0b0)
mem[X,0x0000000080001268] -> 0x95B3
mem[X,0x000000008000126A] -> 0x0085
[1926] [M]: 0x0000000080001268 (0x008595B3) sll x11, x11, x8                        common_Mexcpt_handler+56
x11 <- 0x0000000000000298

mem[X,0x000000008000126C] -> 0x9413
mem[X,0x000000008000126E] -> 0x03D4
[1927] [M]: 0x000000008000126C (0x03D49413) slli x8, x9, 0x3d                       common_Mexcpt_handler+60
x8 <- 0x0000000000000000

clint mtime 0x00000000000003C4 (mip.MTI <- 0b1, mip.STI <- 0b0)
mem[X,0x0000000080001270] -> 0x5413
mem[X,0x0000000080001272] -> 0x43F4
[1928] [M]: 0x0000000080001270 (0x43F45413) srai x8, x8, 0x3f                       common_Mexcpt_handler+64
x8 <- 0x0000000000000000

mem[X,0x0000000080001274] -> 0x4413
mem[X,0x0000000080001276] -> 0xFFF4
[1929] [M]: 0x0000000080001274 (0xFFF44413) xori x8, x8, -0x1                       common_Mexcpt_handler+68
x8 <- 0xFFFFFFFFFFFFFFFF

clint mtime 0x00000000000003C5 (mip.MTI <- 0b1, mip.STI <- 0b0)
mem[X,0x0000000080001278] -> 0xF4B3
mem[X,0x000000008000127A] -> 0x0085
[1930] [M]: 0x0000000080001278 (0x0085F4B3) and x9, x11, x8                         common_Mexcpt_handler+72
x9 <- 0x0000000000000298

mem[X,0x000000008000127C] -> 0x84B3
mem[X,0x000000008000127E] -> 0x0024
[1931] [M]: 0x000000008000127C (0x002484B3) add x9, x9, x2                          vmem_adj_Mepc+0
x9 <- 0x0000000080004298

clint mtime 0x00000000000003C6 (mip.MTI <- 0b1, mip.STI <- 0b0)
mem[X,0x0000000080001280] -> 0x23F3
mem[X,0x0000000080001282] -> 0x3410
[1932] [M]: 0x0000000080001280 (0x341023F3) csrrs x7, mepc, x0                      vmem_adj_Mepc+4
CSR mepc (0x341) -> 0x0006000080000B40
x7 <- 0x0006000080000B40

mem[X,0x0000000080001284] -> 0x0413
mem[X,0x0000000080001286] -> 0x0004
[1933] [M]: 0x0000000080001284 (0x00040413) addi x8, x8, 0x0                        vmem_adj_Mepc+8
x8 <- 0xFFFFFFFFFFFFFFFF

clint mtime 0x00000000000003C7 (mip.MTI <- 0b1, mip.STI <- 0b0)
mem[X,0x0000000080001288] -> 0x006F
mem[X,0x000000008000128A] -> 0x0400
[1934] [M]: 0x0000000080001288 (0x0400006F) jal x0, 0x40                            vmem_adj_Mepc+12

mem[X,0x00000000800012C8] -> 0x8433
mem[X,0x00000000800012CA] -> 0x4083
[1935] [M]: 0x00000000800012C8 (0x40838433) sub x8, x7, x8                          adj_Mepc+0
x8 <- 0x0006000080000B41

clint mtime 0x00000000000003C8 (mip.MTI <- 0b1, mip.STI <- 0b0)
mem[X,0x00000000800012CC] -> 0x3823
mem[X,0x00000000800012CE] -> 0x0083
[1936] [M]: 0x00000000800012CC (0x00833823) sd x8, 0x10(x6)                         sv_Mepc+0
mem[W,0x000000008000B368] <- 0x0006000080000B41

mem[X,0x00000000800012D0] -> 0x55B7
mem[X,0x00000000800012D2] -> 0x0000
[1937] [M]: 0x00000000800012D0 (0x000055B7) lui x11, 0x5                            sv_Mepc+4
x11 <- 0x0000000000005000

clint mtime 0x00000000000003C9 (mip.MTI <- 0b1, mip.STI <- 0b0)
mem[X,0x00000000800012D4] -> 0x8593
mem[X,0x00000000800012D6] -> 0x6675
[1938] [M]: 0x00000000800012D4 (0x66758593) addi x11, x11, 0x667                    sv_Mepc+8
x11 <- 0x0000000000005667

mem[X,0x00000000800012D8] -> 0x9593
mem[X,0x00000000800012DA] -> 0x0015
[1939] [M]: 0x00000000800012D8 (0x00159593) slli x11, x11, 0x1                      sv_Mepc+12
x11 <- 0x000000000000ACCE

clint mtime 0x00000000000003CA (mip.MTI <- 0b1, mip.STI <- 0b0)
mem[X,0x00000000800012DC] -> 0x9063
mem[X,0x00000000800012DE] -> 0x02B1
[1940] [M]: 0x00000000800012DC (0x02B19063) bne x3, x11, 0x20                       sv_Mepc+16

mem[X,0x00000000800012E0] -> 0x2473
mem[X,0x00000000800012E2] -> 0x3420
[1941] [M]: 0x00000000800012E0 (0x34202473) csrrs x8, mcause, x0                    sv_Mepc+20
CSR mcause (0x342) -> 0x000000000000000D
x8 <- 0x000000000000000D

clint mtime 0x00000000000003CB (mip.MTI <- 0b1, mip.STI <- 0b0)
mem[X,0x00000000800012E4] -> 0x0593
mem[X,0x00000000800012E6] -> 0x00C0
[1942] [M]: 0x00000000800012E4 (0x00C00593) addi x11, x0, 0xc                       sv_Mepc+24
x11 <- 0x000000000000000C

mem[X,0x00000000800012E8] -> 0x0663
mem[X,0x00000000800012EA] -> 0x00B4
[1943] [M]: 0x00000000800012E8 (0x00B40663) beq x8, x11, 0xc                        sv_Mepc+28

clint mtime 0x00000000000003CC (mip.MTI <- 0b1, mip.STI <- 0b0)
mem[X,0x00000000800012EC] -> 0x0593
mem[X,0x00000000800012EE] -> 0x0010
[1944] [M]: 0x00000000800012EC (0x00100593) addi x11, x0, 0x1                       sv_Mepc+32
x11 <- 0x0000000000000001

mem[X,0x00000000800012F0] -> 0x1663
mem[X,0x00000000800012F2] -> 0x00B4
[1945] [M]: 0x00000000800012F0 (0x00B41663) bne x8, x11, 0xc                        sv_Mepc+36

clint mtime 0x00000000000003CD (mip.MTI <- 0b1, mip.STI <- 0b0)
mem[X,0x00000000800012FC] -> 0xF593
mem[X,0x00000000800012FE] -> 0xFFC3
[1946] [M]: 0x00000000800012FC (0xFFC3F593) andi x11, x7, -0x4                      adj_Mepc_rtn+0
x11 <- 0x0006000080000B40

mem[X,0x0000000080001300] -> 0x8593
mem[X,0x0000000080001302] -> 0x0085
[1947] [M]: 0x0000000080001300 (0x00858593) addi x11, x11, 0x8                      adj_Mepc_rtn+4
x11 <- 0x0006000080000B48

clint mtime 0x00000000000003CE (mip.MTI <- 0b1, mip.STI <- 0b0)
mem[X,0x0000000080001304] -> 0x9073
mem[X,0x0000000080001306] -> 0x3415
[1948] [M]: 0x0000000080001304 (0x34159073) csrrw x0, mepc, x11                     adj_Mepc_rtn+8
CSR mepc (0x341) <- 0x0006000080000B48

mem[X,0x0000000080001308] -> 0x23F3
mem[X,0x000000008000130A] -> 0x3430
[1949] [M]: 0x0000000080001308 (0x343023F3) csrrs x7, mtval, x0                     skp_adj_Mepc+0
CSR mtval (0x343) -> 0x0005000000000014
x7 <- 0x0005000000000014

clint mtime 0x00000000000003CF (mip.MTI <- 0b1, mip.STI <- 0b0)
mem[X,0x000000008000130C] -> 0x0413
mem[X,0x000000008000130E] -> 0x0004
[1950] [M]: 0x000000008000130C (0x00040413) addi x8, x8, 0x0                        skp_adj_Mepc+4
x8 <- 0x000000000000000D

mem[X,0x0000000080001310] -> 0x006F
mem[X,0x0000000080001312] -> 0x0840
[1951] [M]: 0x0000000080001310 (0x0840006F) jal x0, 0x84                            skp_adj_Mepc+8

clint mtime 0x00000000000003D0 (mip.MTI <- 0b1, mip.STI <- 0b0)
mem[X,0x0000000080001394] -> 0x8433
mem[X,0x0000000080001396] -> 0x4083
[1952] [M]: 0x0000000080001394 (0x40838433) sub x8, x7, x8                          adj_Mtval+0
x8 <- 0x0005000000000007

mem[X,0x0000000080001398] -> 0x3C23
mem[X,0x000000008000139A] -> 0x0083
[1953] [M]: 0x0000000080001398 (0x00833C23) sd x8, 0x18(x6)                         sv_Mtval+0
mem[W,0x000000008000B370] <- 0x0005000000000007

clint mtime 0x00000000000003D1 (mip.MTI <- 0b1, mip.STI <- 0b0)
mem[X,0x000000008000139C] -> 0x3483
mem[X,0x000000008000139E] -> 0x2181
[1954] [M]: 0x000000008000139C (0x21813483) ld x9, 0x218(x2)                        skp_Mtval+0
mem[R,0x0000000080004218] -> 0x000000008000B378
x9 <- 0x000000008000B378

mem[X,0x00000000800013A0] -> 0x3383
mem[X,0x00000000800013A2] -> 0x1F81
[1955] [M]: 0x00000000800013A0 (0x1F813383) ld x7, 0x1f8(x2)                        skp_Mtval+4
mem[R,0x00000000800041F8] -> 0x000000008000B110
x7 <- 0x000000008000B110

clint mtime 0x00000000000003D2 (mip.MTI <- 0b1, mip.STI <- 0b0)
mem[X,0x00000000800013A4] -> 0x3303
mem[X,0x00000000800013A6] -> 0x2001
[1956] [M]: 0x00000000800013A4 (0x20013303) ld x6, 0x200(x2)                        skp_Mtval+8
mem[R,0x0000000080004200] -> 0x0000000000000310
x6 <- 0x0000000000000310

mem[X,0x00000000800013A8] -> 0x0333
mem[X,0x00000000800013AA] -> 0x0073
[1957] [M]: 0x00000000800013A8 (0x00730333) add x6, x6, x7                          skp_Mtval+12
x6 <- 0x000000008000B420

clint mtime 0x00000000000003D3 (mip.MTI <- 0b1, mip.STI <- 0b0)
mem[X,0x00000000800013AC] -> 0x6AE3
mem[X,0x00000000800013AE] -> 0xAC93
[1958] [M]: 0x00000000800013AC (0xAC936AE3) bltu x6, x9, -0x52c                     skp_Mtval+16

mem[X,0x00000000800013B0] -> 0x0393
mem[X,0x00000000800013B2] -> 0x2000
[1959] [M]: 0x00000000800013B0 (0x20000393) addi x7, x0, 0x200                      skp_Mtval+20
x7 <- 0x0000000000000200

clint mtime 0x00000000000003D4 (mip.MTI <- 0b1, mip.STI <- 0b0)
mem[X,0x00000000800013B4] -> 0x006F
mem[X,0x00000000800013B6] -> 0x0400
[1960] [M]: 0x00000000800013B4 (0x0400006F) jal x0, 0x40                            skp_Mtval+24

mem[X,0x00000000800013F4] -> 0x0417
mem[X,0x00000000800013F6] -> 0x0000
[1961] [M]: 0x00000000800013F4 (0x00000417) auipc x8, 0x0                           spcl_Mhandler+0
x8 <- 0x00000000800013F4

clint mtime 0x00000000000003D5 (mip.MTI <- 0b1, mip.STI <- 0b0)
mem[X,0x00000000800013F8] -> 0x0413
mem[X,0x00000000800013FA] -> 0x03C4
[1962] [M]: 0x00000000800013F8 (0x03C40413) addi x8, x8, 0x3c                       spcl_Mhandler+4
x8 <- 0x0000000080001430

mem[X,0x00000000800013FC] -> 0x0433
mem[X,0x00000000800013FE] -> 0x0074
[1963] [M]: 0x00000000800013FC (0x00740433) add x8, x8, x7                          spcl_Mhandler+8
x8 <- 0x0000000080001630

clint mtime 0x00000000000003D6 (mip.MTI <- 0b1, mip.STI <- 0b0)
mem[X,0x0000000080001400] -> 0x1393
mem[X,0x0000000080001402] -> 0x0035
[1964] [M]: 0x0000000080001400 (0x00351393) slli x7, x10, 0x3                       spcl_Mhandler+12
x7 <- 0x0000000000000068

mem[X,0x0000000080001404] -> 0x0433
mem[X,0x0000000080001406] -> 0x0074
[1965] [M]: 0x0000000080001404 (0x00740433) add x8, x8, x7                          spcl_Mhandler+16
x8 <- 0x0000000080001698

clint mtime 0x00000000000003D7 (mip.MTI <- 0b1, mip.STI <- 0b0)
mem[X,0x0000000080001408] -> 0x7413
mem[X,0x000000008000140A] -> 0xFF84
[1966] [M]: 0x0000000080001408 (0xFF847413) andi x8, x8, -0x8                       spcl_Mhandler+20
x8 <- 0x0000000080001698

mem[X,0x000000008000140C] -> 0x3403
mem[X,0x000000008000140E] -> 0x0004
[1967] [M]: 0x000000008000140C (0x00043403) ld x8, 0x0(x8)                          spcl_Mhandler+24
mem[R,0x0000000080001698] -> 0x000000000000001B
x8 <- 0x000000000000001B

clint mtime 0x00000000000003D8 (mip.MTI <- 0b1, mip.STI <- 0b0)
mem[X,0x0000000080001410] -> 0x02E3
mem[X,0x0000000080001412] -> 0xB004
[1968] [M]: 0x0000000080001410 (0xB00402E3) beq x8, x0, -0x4fc                      spcl_Mdispatch_hndling+0

mem[X,0x0000000080001414] -> 0x1393
mem[X,0x0000000080001416] -> 0x03F4
[1969] [M]: 0x0000000080001414 (0x03F41393) slli x7, x8, 0x3f                       spcl_Mdispatch_hndling+4
x7 <- 0x8000000000000000

clint mtime 0x00000000000003D9 (mip.MTI <- 0b1, mip.STI <- 0b0)
mem[X,0x0000000080001418] -> 0xD863
mem[X,0x000000008000141A] -> 0x0003
[1970] [M]: 0x0000000080001418 (0x0003D863) bge x7, x0, 0x10                        spcl_Mdispatch_hndling+8

mem[X,0x000000008000141C] -> 0x5413
mem[X,0x000000008000141E] -> 0x0014
[1971] [M]: 0x000000008000141C (0x00145413) srli x8, x8, 0x1                        spcl_Mdispatch_hndling+12
x8 <- 0x000000000000000D

clint mtime 0x00000000000003DA (mip.MTI <- 0b1, mip.STI <- 0b0)
mem[X,0x0000000080001420] -> 0x0CE3
mem[X,0x0000000080001422] -> 0xF885
[1972] [M]: 0x0000000080001420 (0xF8850CE3) beq x10, x8, -0x68                      spcl_Mdispatch_hndling+16

mem[X,0x00000000800013B8] -> 0x3303
mem[X,0x00000000800013BA] -> 0x2601
[1973] [M]: 0x00000000800013B8 (0x26013303) ld x6, 0x260(x2)                        resto_Mrtn+0
mem[R,0x0000000080004260] -> 0xFFFFFFFF7FFFF6AC
x6 <- 0xFFFFFFFF7FFFF6AC

clint mtime 0x00000000000003DB (mip.MTI <- 0b1, mip.STI <- 0b0)
mem[X,0x00000000800013BC] -> 0x3383
mem[X,0x00000000800013BE] -> 0x2681
[1974] [M]: 0x00000000800013BC (0x26813383) ld x7, 0x268(x2)                        resto_Mrtn+4
mem[R,0x0000000080004268] -> 0x0000000080004000
x7 <- 0x0000000080004000

mem[X,0x00000000800013C0] -> 0x3403
mem[X,0x00000000800013C2] -> 0x2701
[1975] [M]: 0x00000000800013C0 (0x27013403) ld x8, 0x270(x2)                        resto_Mrtn+8
mem[R,0x0000000080004270] -> 0x0000000000007F76
x8 <- 0x0000000000007F76

clint mtime 0x00000000000003DC (mip.MTI <- 0b1, mip.STI <- 0b0)
mem[X,0x00000000800013C4] -> 0x3483
mem[X,0x00000000800013C6] -> 0x2781
[1976] [M]: 0x00000000800013C4 (0x27813483) ld x9, 0x278(x2)                        resto_Mrtn+12
mem[R,0x0000000080004278] -> 0x00060000000001C8
x9 <- 0x00060000000001C8

mem[X,0x00000000800013C8] -> 0x3503
mem[X,0x00000000800013CA] -> 0x2801
[1977] [M]: 0x00000000800013C8 (0x28013503) ld x10, 0x280(x2)                       resto_Mrtn+16
mem[R,0x0000000080004280] -> 0x00000000200014CF
x10 <- 0x00000000200014CF

clint mtime 0x00000000000003DD (mip.MTI <- 0b1, mip.STI <- 0b0)
mem[X,0x00000000800013CC] -> 0x3583
mem[X,0x00000000800013CE] -> 0x2881
[1978] [M]: 0x00000000800013CC (0x28813583) ld x11, 0x288(x2)                       resto_Mrtn+20
mem[R,0x0000000080004288] -> 0x00000000000000CF
x11 <- 0x00000000000000CF

mem[X,0x00000000800013D0] -> 0x3103
mem[X,0x00000000800013D2] -> 0x2901
[1979] [M]: 0x00000000800013D0 (0x29013103) ld x2, 0x290(x2)                        resto_Mrtn+24
mem[R,0x0000000080004290] -> 0x0000000000000000
x2 <- 0x0000000000000000

clint mtime 0x00000000000003DE (mip.MTI <- 0b1, mip.STI <- 0b0)
mem[X,0x00000000800013D4] -> 0x0073
mem[X,0x00000000800013D6] -> 0x3020
[1980] [M]: 0x00000000800013D4 (0x30200073) mret                                    resto_Mrtn+28
CSR mstatus (0x300) <- 0x0000000A00000080
ret-ing from M to S

mem[X,0x0000000080000B48] -> 0x51B7
mem[X,0x0000000080000B4A] -> 0x0000
[1981] [S]: 0x0006000080000B48 (0x000051B7) lui x3, 0x5                             va_rvtest_code_begin+1964
x3 <- 0x0000000000005000

clint mtime 0x00000000000003DF (mip.MTI <- 0b1, mip.STI <- 0b0)
mem[X,0x0000000080000B4C] -> 0x8193
mem[X,0x0000000080000B4E] -> 0x6671
[1982] [S]: 0x0006000080000B4C (0x66718193) addi x3, x3, 0x667                      va_rvtest_code_begin+1968
x3 <- 0x0000000000005667

mem[X,0x0000000080000B50] -> 0x9193
mem[X,0x0000000080000B52] -> 0x0011
[1983] [S]: 0x0006000080000B50 (0x00119193) slli x3, x3, 0x1                        va_rvtest_code_begin+1972
x3 <- 0x000000000000ACCE

clint mtime 0x00000000000003E0 (mip.MTI <- 0b1, mip.STI <- 0b0)
mem[X,0x0000000080000B54] -> 0x0013
mem[X,0x0000000080000B56] -> 0x0000
[1984] [S]: 0x0006000080000B54 (0x00000013) addi x0, x0, 0x0                        va_rvtest_code_begin+1976

mem[X,0x0000000080000B58] -> 0x0013
mem[X,0x0000000080000B5A] -> 0x0000
[1985] [S]: 0x0006000080000B58 (0x00000013) addi x0, x0, 0x0                        va_rvtest_code_begin+1980

clint mtime 0x00000000000003E1 (mip.MTI <- 0b1, mip.STI <- 0b0)
mem[X,0x0000000080000B5C] -> 0x0013
mem[X,0x0000000080000B5E] -> 0x0000
[1986] [S]: 0x0006000080000B5C (0x00000013) addi x0, x0, 0x0                        va_rvtest_code_begin+1984

mem[X,0x0000000080000B60] -> 0x0217
mem[X,0x0000000080000B62] -> 0x0000
[1987] [S]: 0x0006000080000B60 (0x00000217) auipc x4, 0x0                           va_rvtest_code_begin+1988
x4 <- 0x0006000080000B60

clint mtime 0x00000000000003E2 (mip.MTI <- 0b1, mip.STI <- 0b0)
mem[X,0x0000000080000B64] -> 0x0213
mem[X,0x0000000080000B66] -> 0x02C2
[1988] [S]: 0x0006000080000B64 (0x02C20213) addi x4, x4, 0x2c                       va_rvtest_code_begin+1992
x4 <- 0x0006000080000B8C

mem[X,0x0000000080000B68] -> 0x0001
[1989] [S]: 0x0006000080000B68 (0x0001) c.nop                                       va_rvtest_code_begin+1996

clint mtime 0x00000000000003E3 (mip.MTI <- 0b1, mip.STI <- 0b0)
mem[X,0x0000000080000B6A] -> 0x0013
mem[X,0x0000000080000B6C] -> 0x0000
[1990] [S]: 0x0006000080000B6A (0x00000013) addi x0, x0, 0x0                        va_rvtest_code_begin+1998

mem[X,0x0000000080000B6E] -> 0x0013
mem[X,0x0000000080000B70] -> 0x0000
[1991] [S]: 0x0006000080000B6E (0x00000013) addi x0, x0, 0x0                        va_rvtest_code_begin+2002

clint mtime 0x00000000000003E4 (mip.MTI <- 0b1, mip.STI <- 0b0)
mem[X,0x0000000080000B72] -> 0x0013
mem[X,0x0000000080000B74] -> 0x0000
[1992] [S]: 0x0006000080000B72 (0x00000013) addi x0, x0, 0x0                        va_rvtest_code_begin+2006

mem[X,0x0000000080000B76] -> 0x0013
mem[X,0x0000000080000B78] -> 0x0000
[1993] [S]: 0x0006000080000B76 (0x00000013) addi x0, x0, 0x0                        va_rvtest_code_begin+2010

clint mtime 0x00000000000003E5 (mip.MTI <- 0b1, mip.STI <- 0b0)
mem[X,0x0000000080000B7A] -> 0x0013
mem[X,0x0000000080000B7C] -> 0x0000
[1994] [S]: 0x0006000080000B7A (0x00000013) addi x0, x0, 0x0                        va_rvtest_code_begin+2014

mem[X,0x0000000080000B7E] -> 0x0001
[1995] [S]: 0x0006000080000B7E (0x0001) c.nop                                       va_rvtest_code_begin+2018

clint mtime 0x00000000000003E6 (mip.MTI <- 0b1, mip.STI <- 0b0)
mem[X,0x0000000080000B80] -> 0x80E7
mem[X,0x0000000080000B82] -> 0x0007
[1996] [S]: 0x0006000080000B80 (0x000780E7) jalr x1, 0x0(x15)                       va_rvtest_code_begin+2020
x1 <- 0x0006000080000B84

PTW: Start, vpn=0x5000000000, access_type=X, privilege=Smem[R,0x000000008000A028] -> 0x0000000020002401
PTW: Step, level=4, pte=0x20002401, pte_addr=0x8000A028
PTW: Start, vpn=0x5000000000, access_type=X, privilege=Smem[R,0x0000000080009000] -> 0x0000000020002001
PTW: Step, level=3, pte=0x20002001, pte_addr=0x80009000
PTW: Start, vpn=0x5000000000, access_type=X, privilege=Smem[R,0x0000000080008000] -> 0x00000000200014CF
PTW: Step, level=2, pte=0x200014CF, pte_addr=0x80008000
PTW: failed, error=misaligned-superpage, level=2, pte_addr=0x80008000
trapping from S to M to handle fetch-page-fault
handling exc#fetch-page-fault at priv M with tval 0x0005000000000000
CSR mstatus (0x300) <- 0x0000000A00000800
CSR mcause (0x342) <- 0x000000000000000C
CSR mtval (0x343) <- 0x0005000000000000
CSR mepc (0x341) <- 0x0005000000000000

clint mtime 0x00000000000003E7 (mip.MTI <- 0b1, mip.STI <- 0b0)
mem[X,0x0000000080000F80] -> 0x006F
mem[X,0x0000000080000F82] -> 0x1000
[1998] [M]: 0x0000000080000F80 (0x1000006F) jal x0, 0x100                           Mtrampoline+0

mem[X,0x0000000080001080] -> 0x1173
mem[X,0x0000000080001082] -> 0x3401
[1999] [M]: 0x0000000080001080 (0x34011173) csrrw x2, mscratch, x2                  trap_Mhandler+0
CSR mscratch (0x340) <- 0x0000000000000000
x2 <- 0x0000000080004000

clint mtime 0x00000000000003E8 (mip.MTI <- 0b1, mip.STI <- 0b0)
mem[X,0x0000000080001084] -> 0x3423
mem[X,0x0000000080001086] -> 0x28B1
[2000] [M]: 0x0000000080001084 (0x28B13423) sd x11, 0x288(x2)                       trap_Mhandler+4
mem[W,0x0000000080004288] <- 0x00000000000000CF

mem[X,0x0000000080001088] -> 0x05EF
mem[X,0x000000008000108A] -> 0x0B80
[2001] [M]: 0x0000000080001088 (0x0B8005EF) jal x11, 0xb8                           trap_Mhandler+8
x11 <- 0x000000008000108C

clint mtime 0x00000000000003E9 (mip.MTI <- 0b1, mip.STI <- 0b0)
mem[X,0x0000000080001140] -> 0x3023
mem[X,0x0000000080001142] -> 0x28A1
[2002] [M]: 0x0000000080001140 (0x28A13023) sd x10, 0x280(x2)                       common_Mhandler+0
mem[W,0x0000000080004280] <- 0x00000000200014CF

mem[X,0x0000000080001144] -> 0x1573
mem[X,0x0000000080001146] -> 0x3401
[2003] [M]: 0x0000000080001144 (0x34011573) csrrw x10, mscratch, x2                 common_Mhandler+4
CSR mscratch (0x340) <- 0x0000000080004000
x10 <- 0x0000000000000000

clint mtime 0x00000000000003EA (mip.MTI <- 0b1, mip.STI <- 0b0)
mem[X,0x0000000080001148] -> 0x3823
mem[X,0x000000008000114A] -> 0x28A1
[2004] [M]: 0x0000000080001148 (0x28A13823) sd x10, 0x290(x2)                       common_Mhandler+8
mem[W,0x0000000080004290] <- 0x0000000000000000

mem[X,0x000000008000114C] -> 0x3503
mem[X,0x000000008000114E] -> 0x2301
[2005] [M]: 0x000000008000114C (0x23013503) ld x10, 0x230(x2)                       common_Mhandler+12
mem[R,0x0000000080004230] -> 0x0000000080001154
x10 <- 0x0000000080001154

clint mtime 0x00000000000003EB (mip.MTI <- 0b1, mip.STI <- 0b0)
mem[X,0x0000000080001150] -> 0x0067
mem[X,0x0000000080001152] -> 0x0005
[2006] [M]: 0x0000000080001150 (0x00050067) jalr x0, 0x0(x10)                       common_Mhandler+16

mem[X,0x0000000080001154] -> 0x3C23
mem[X,0x0000000080001156] -> 0x2691
[2007] [M]: 0x0000000080001154 (0x26913C23) sd x9, 0x278(x2)                        common_Mentry+0
mem[W,0x0000000080004278] <- 0x00060000000001C8

clint mtime 0x00000000000003EC (mip.MTI <- 0b1, mip.STI <- 0b0)
mem[X,0x0000000080001158] -> 0x3823
mem[X,0x000000008000115A] -> 0x2681
[2008] [M]: 0x0000000080001158 (0x26813823) sd x8, 0x270(x2)                        common_Mentry+4
mem[W,0x0000000080004270] <- 0x0000000000007F76

mem[X,0x000000008000115C] -> 0x3423
mem[X,0x000000008000115E] -> 0x2671
[2009] [M]: 0x000000008000115C (0x26713423) sd x7, 0x268(x2)                        common_Mentry+8
mem[W,0x0000000080004268] <- 0x0000000080004000

clint mtime 0x00000000000003ED (mip.MTI <- 0b1, mip.STI <- 0b0)
mem[X,0x0000000080001160] -> 0x3023
mem[X,0x0000000080001162] -> 0x2661
[2010] [M]: 0x0000000080001160 (0x26613023) sd x6, 0x260(x2)                        common_Mentry+12
mem[W,0x0000000080004260] <- 0xFFFFFFFF7FFFF6AC

mem[X,0x0000000080001164] -> 0x2573
mem[X,0x0000000080001166] -> 0x3420
[2011] [M]: 0x0000000080001164 (0x34202573) csrrs x10, mcause, x0                   spcl_M2mmode_test+0
CSR mcause (0x342) -> 0x000000000000000C
x10 <- 0x000000000000000C

clint mtime 0x00000000000003EE (mip.MTI <- 0b1, mip.STI <- 0b0)
mem[X,0x0000000080001168] -> 0x04B7
mem[X,0x000000008000116A] -> 0x8000
[2012] [M]: 0x0000000080001168 (0x800004B7) lui x9, -0x80000                        spcl_M2mmode_test+4
x9 <- 0xFFFFFFFF80000000

mem[X,0x000000008000116C] -> 0x8493
mem[X,0x000000008000116E] -> 0x0004
[2013] [M]: 0x000000008000116C (0x00048493) addi x9, x9, 0x0                        spcl_M2mmode_test+8
x9 <- 0xFFFFFFFF80000000

clint mtime 0x00000000000003EF (mip.MTI <- 0b1, mip.STI <- 0b0)
mem[X,0x0000000080001170] -> 0x9493
mem[X,0x0000000080001172] -> 0x00B4
[2014] [M]: 0x0000000080001170 (0x00B49493) slli x9, x9, 0xb                        spcl_M2mmode_test+12
x9 <- 0xFFFFFC0000000000

mem[X,0x0000000080001174] -> 0x8493
mem[X,0x0000000080001176] -> 0x0004
[2015] [M]: 0x0000000080001174 (0x00048493) addi x9, x9, 0x0                        spcl_M2mmode_test+16
x9 <- 0xFFFFFC0000000000

clint mtime 0x00000000000003F0 (mip.MTI <- 0b1, mip.STI <- 0b0)
mem[X,0x0000000080001178] -> 0x9493
mem[X,0x000000008000117A] -> 0x00B4
[2016] [M]: 0x0000000080001178 (0x00B49493) slli x9, x9, 0xb                        spcl_M2mmode_test+20
x9 <- 0xFFE0000000000000

mem[X,0x000000008000117C] -> 0x8493
mem[X,0x000000008000117E] -> 0x0034
[2017] [M]: 0x000000008000117C (0x00348493) addi x9, x9, 0x3                        spcl_M2mmode_test+24
x9 <- 0xFFE0000000000003

clint mtime 0x00000000000003F1 (mip.MTI <- 0b1, mip.STI <- 0b0)
mem[X,0x0000000080001180] -> 0x9493
mem[X,0x0000000080001182] -> 0x00A4
[2018] [M]: 0x0000000080001180 (0x00A49493) slli x9, x9, 0xa                        spcl_M2mmode_test+28
x9 <- 0x8000000000000C00

mem[X,0x0000000080001184] -> 0x8493
mem[X,0x0000000080001186] -> 0x3FC4
[2019] [M]: 0x0000000080001184 (0x3FC48493) addi x9, x9, 0x3fc                      spcl_M2mmode_test+32
x9 <- 0x8000000000000FFC

clint mtime 0x00000000000003F2 (mip.MTI <- 0b1, mip.STI <- 0b0)
mem[X,0x0000000080001188] -> 0xF4B3
mem[X,0x000000008000118A] -> 0x00A4
[2020] [M]: 0x0000000080001188 (0x00A4F4B3) and x9, x9, x10                         spcl_M2mmode_test+36
x9 <- 0x000000000000000C

mem[X,0x000000008000118C] -> 0x8493
mem[X,0x000000008000118E] -> 0xFF84
[2021] [M]: 0x000000008000118C (0xFF848493) addi x9, x9, -0x8                       spcl_M2mmode_test+40
x9 <- 0x0000000000000004

clint mtime 0x00000000000003F3 (mip.MTI <- 0b1, mip.STI <- 0b0)
mem[X,0x0000000080001190] -> 0x9663
mem[X,0x0000000080001192] -> 0x0004
[2022] [M]: 0x0000000080001190 (0x00049663) bne x9, x0, 0xc                         spcl_M2mmode_test+44

mem[X,0x000000008000119C] -> 0x0393
mem[X,0x000000008000119E] -> 0x0200
[2023] [M]: 0x000000008000119C (0x02000393) addi x7, x0, 0x20                       Mtrapsig_ptr_upd+0
x7 <- 0x0000000000000020

clint mtime 0x00000000000003F4 (mip.MTI <- 0b1, mip.STI <- 0b0)
mem[X,0x00000000800011A0] -> 0x5263
mem[X,0x00000000800011A2] -> 0x0405
[2024] [M]: 0x00000000800011A0 (0x04055263) bge x10, x0, 0x44                       Mtrapsig_ptr_upd+4

mem[X,0x00000000800011E4] -> 0x2373
mem[X,0x00000000800011E6] -> 0x3010
[2025] [M]: 0x00000000800011E4 (0x30102373) csrrs x6, misa, x0                      Mxcpt_sig_sv+0
CSR misa (0x301) -> 0x800000000034112F
x6 <- 0x800000000034112F

clint mtime 0x00000000000003F5 (mip.MTI <- 0b1, mip.STI <- 0b0)
mem[X,0x00000000800011E8] -> 0x1313
mem[X,0x00000000800011EA] -> 0x0383
[2026] [M]: 0x00000000800011E8 (0x03831313) slli x6, x6, 0x38                       Mxcpt_sig_sv+4
x6 <- 0x2F00000000000000

mem[X,0x00000000800011EC] -> 0x5463
mem[X,0x00000000800011EE] -> 0x0003
[2027] [M]: 0x00000000800011EC (0x00035463) bge x6, x0, 0x8                         Mxcpt_sig_sv+8

clint mtime 0x00000000000003F6 (mip.MTI <- 0b1, mip.STI <- 0b0)
mem[X,0x00000000800011F4] -> 0x3303
mem[X,0x00000000800011F6] -> 0x2181
[2028] [M]: 0x00000000800011F4 (0x21813303) ld x6, 0x218(x2)                        Mtrap_sig_sv+0
mem[R,0x0000000080004218] -> 0x000000008000B378
x6 <- 0x000000008000B378

mem[X,0x00000000800011F8] -> 0x04B3
mem[X,0x00000000800011FA] -> 0x0073
[2029] [M]: 0x00000000800011F8 (0x007304B3) add x9, x6, x7                          Mtrap_sig_sv+4
x9 <- 0x000000008000B398

clint mtime 0x00000000000003F7 (mip.MTI <- 0b1, mip.STI <- 0b0)
mem[X,0x00000000800011FC] -> 0x3C23
mem[X,0x00000000800011FE] -> 0x2091
[2030] [M]: 0x00000000800011FC (0x20913C23) sd x9, 0x218(x2)                        Mtrap_sig_sv+8
mem[W,0x0000000080004218] <- 0x000000008000B398

mem[X,0x0000000080001200] -> 0x3403
mem[X,0x0000000080001202] -> 0x1F81
[2031] [M]: 0x0000000080001200 (0x1F813403) ld x8, 0x1f8(x2)                        Mtrap_sig_sv+12
mem[R,0x00000000800041F8] -> 0x000000008000B110
x8 <- 0x000000008000B110

clint mtime 0x00000000000003F8 (mip.MTI <- 0b1, mip.STI <- 0b0)
mem[X,0x0000000080001204] -> 0x0333
mem[X,0x0000000080001206] -> 0x4083
[2032] [M]: 0x0000000080001204 (0x40830333) sub x6, x6, x8                          Mtrap_sig_sv+16
x6 <- 0x0000000000000268

mem[X,0x0000000080001208] -> 0x3403
mem[X,0x000000008000120A] -> 0x1F81
[2033] [M]: 0x0000000080001208 (0x1F813403) ld x8, 0x1f8(x2)                        Mtrap_sig_sv+20
mem[R,0x00000000800041F8] -> 0x000000008000B110
x8 <- 0x000000008000B110

clint mtime 0x00000000000003F9 (mip.MTI <- 0b1, mip.STI <- 0b0)
mem[X,0x000000008000120C] -> 0x0333
mem[X,0x000000008000120E] -> 0x0083
[2034] [M]: 0x000000008000120C (0x00830333) add x6, x6, x8                          Mtrap_sig_sv+24
x6 <- 0x000000008000B378

mem[X,0x0000000080001210] -> 0x3403
mem[X,0x0000000080001212] -> 0x2401
[2035] [M]: 0x0000000080001210 (0x24013403) ld x8, 0x240(x2)                        Mtrap_sig_sv+28
mem[R,0x0000000080004240] -> 0x0000000080000F80
x8 <- 0x0000000080000F80

clint mtime 0x00000000000003FA (mip.MTI <- 0b1, mip.STI <- 0b0)
mem[X,0x0000000080001214] -> 0x85B3
mem[X,0x0000000080001216] -> 0x4085
[2036] [M]: 0x0000000080001214 (0x408585B3) sub x11, x11, x8                        sv_Mvect+0
x11 <- 0x000000000000010C

mem[X,0x0000000080001218] -> 0x9593
mem[X,0x000000008000121A] -> 0x0045
[2037] [M]: 0x0000000080001218 (0x00459593) slli x11, x11, 0x4                      sv_Mvect+4
x11 <- 0x00000000000010C0

clint mtime 0x00000000000003FB (mip.MTI <- 0b1, mip.STI <- 0b0)
mem[X,0x000000008000121C] -> 0xE5B3
mem[X,0x000000008000121E] -> 0x0075
[2038] [M]: 0x000000008000121C (0x0075E5B3) or x11, x11, x7                         sv_Mvect+8
x11 <- 0x00000000000010E0

mem[X,0x0000000080001220] -> 0x8593
mem[X,0x0000000080001222] -> 0x0035
[2039] [M]: 0x0000000080001220 (0x00358593) addi x11, x11, 0x3                      sv_Mvect+12
x11 <- 0x00000000000010E3

clint mtime 0x00000000000003FC (mip.MTI <- 0b1, mip.STI <- 0b0)
mem[X,0x0000000080001224] -> 0x3023
mem[X,0x0000000080001226] -> 0x00B3
[2040] [M]: 0x0000000080001224 (0x00B33023) sd x11, 0x0(x6)                         sv_Mvect+16
mem[W,0x000000008000B378] <- 0x00000000000010E3

mem[X,0x0000000080001228] -> 0x3423
mem[X,0x000000008000122A] -> 0x00A3
[2041] [M]: 0x0000000080001228 (0x00A33423) sd x10, 0x8(x6)                         sv_Mcause+0
mem[W,0x000000008000B380] <- 0x000000000000000C

clint mtime 0x00000000000003FD (mip.MTI <- 0b1, mip.STI <- 0b0)
mem[X,0x000000008000122C] -> 0x4663
mem[X,0x000000008000122E] -> 0x1A05
[2042] [M]: 0x000000008000122C (0x1A054663) blt x10, x0, 0x1ac                      sv_Mcause+4

mem[X,0x0000000080001230] -> 0x25F3
mem[X,0x0000000080001232] -> 0x3000
[2043] [M]: 0x0000000080001230 (0x300025F3) csrrs x11, mstatus, x0                  common_Mexcpt_handler+0
CSR mstatus (0x300) -> 0x0000000A00000800
x11 <- 0x0000000A00000800

clint mtime 0x00000000000003FE (mip.MTI <- 0b1, mip.STI <- 0b0)
mem[X,0x0000000080001234] -> 0x9413
mem[X,0x0000000080001236] -> 0x02E5
[2044] [M]: 0x0000000080001234 (0x02E59413) slli x8, x11, 0x2e                      common_Mexcpt_handler+4
x8 <- 0x0200000000000000

mem[X,0x0000000080001238] -> 0x5463
mem[X,0x000000008000123A] -> 0x0004
[2045] [M]: 0x0000000080001238 (0x00045463) bge x8, x0, 0x8                         common_Mexcpt_handler+8

clint mtime 0x00000000000003FF (mip.MTI <- 0b1, mip.STI <- 0b0)
mem[X,0x0000000080001240] -> 0xD493
mem[X,0x0000000080001242] -> 0x00B5
[2046] [M]: 0x0000000080001240 (0x00B5D493) srli x9, x11, 0xb                       common_Mexcpt_handler+16
x9 <- 0x0000000001400001

mem[X,0x0000000080001244] -> 0xF493
mem[X,0x0000000080001246] -> 0x0034
[2047] [M]: 0x0000000080001244 (0x0034F493) andi x9, x9, 0x3                        common_Mexcpt_handler+20
x9 <- 0x0000000000000001

clint mtime 0x0000000000000400 (mip.MTI <- 0b1, mip.STI <- 0b0)
mem[X,0x0000000080001248] -> 0x8493
mem[X,0x000000008000124A] -> 0x0014
[2048] [M]: 0x0000000080001248 (0x00148493) addi x9, x9, 0x1                        common_Mexcpt_handler+24
x9 <- 0x0000000000000002

mem[X,0x000000008000124C] -> 0xF493
mem[X,0x000000008000124E] -> 0x0044
[2049] [M]: 0x000000008000124C (0x0044F493) andi x9, x9, 0x4                        common_Mexcpt_handler+28
x9 <- 0x0000000000000000

clint mtime 0x0000000000000401 (mip.MTI <- 0b1, mip.STI <- 0b0)
mem[X,0x0000000080001250] -> 0x0593
mem[X,0x0000000080001252] -> 0x05D0
[2050] [M]: 0x0000000080001250 (0x05D00593) addi x11, x0, 0x5d                      common_Mexcpt_handler+32
x11 <- 0x000000000000005D

mem[X,0x0000000080001254] -> 0xD5B3
mem[X,0x0000000080001256] -> 0x0095
[2051] [M]: 0x0000000080001254 (0x0095D5B3) srl x11, x11, x9                        common_Mexcpt_handler+36
x11 <- 0x000000000000005D

clint mtime 0x0000000000000402 (mip.MTI <- 0b1, mip.STI <- 0b0)
mem[X,0x0000000080001258] -> 0xF593
mem[X,0x000000008000125A] -> 0x0015
[2052] [M]: 0x0000000080001258 (0x0015F593) andi x11, x11, 0x1                      common_Mexcpt_handler+40
x11 <- 0x0000000000000001

mem[X,0x000000008000125C] -> 0x8EE3
mem[X,0x000000008000125E] -> 0xF405
[2053] [M]: 0x000000008000125C (0xF4058EE3) beq x11, x0, -0xa4                      common_Mexcpt_handler+44

clint mtime 0x0000000000000403 (mip.MTI <- 0b1, mip.STI <- 0b0)
mem[X,0x0000000080001260] -> 0x0593
mem[X,0x0000000080001262] -> 0x2980
[2054] [M]: 0x0000000080001260 (0x29800593) addi x11, x0, 0x298                     common_Mexcpt_handler+48
x11 <- 0x0000000000000298

mem[X,0x0000000080001264] -> 0xF413
mem[X,0x0000000080001266] -> 0x0014
[2055] [M]: 0x0000000080001264 (0x0014F413) andi x8, x9, 0x1                        common_Mexcpt_handler+52
x8 <- 0x0000000000000000

clint mtime 0x0000000000000404 (mip.MTI <- 0b1, mip.STI <- 0b0)
mem[X,0x0000000080001268] -> 0x95B3
mem[X,0x000000008000126A] -> 0x0085
[2056] [M]: 0x0000000080001268 (0x008595B3) sll x11, x11, x8                        common_Mexcpt_handler+56
x11 <- 0x0000000000000298

mem[X,0x000000008000126C] -> 0x9413
mem[X,0x000000008000126E] -> 0x03D4
[2057] [M]: 0x000000008000126C (0x03D49413) slli x8, x9, 0x3d                       common_Mexcpt_handler+60
x8 <- 0x0000000000000000

clint mtime 0x0000000000000405 (mip.MTI <- 0b1, mip.STI <- 0b0)
mem[X,0x0000000080001270] -> 0x5413
mem[X,0x0000000080001272] -> 0x43F4
[2058] [M]: 0x0000000080001270 (0x43F45413) srai x8, x8, 0x3f                       common_Mexcpt_handler+64
x8 <- 0x0000000000000000

mem[X,0x0000000080001274] -> 0x4413
mem[X,0x0000000080001276] -> 0xFFF4
[2059] [M]: 0x0000000080001274 (0xFFF44413) xori x8, x8, -0x1                       common_Mexcpt_handler+68
x8 <- 0xFFFFFFFFFFFFFFFF

clint mtime 0x0000000000000406 (mip.MTI <- 0b1, mip.STI <- 0b0)
mem[X,0x0000000080001278] -> 0xF4B3
mem[X,0x000000008000127A] -> 0x0085
[2060] [M]: 0x0000000080001278 (0x0085F4B3) and x9, x11, x8                         common_Mexcpt_handler+72
x9 <- 0x0000000000000298

mem[X,0x000000008000127C] -> 0x84B3
mem[X,0x000000008000127E] -> 0x0024
[2061] [M]: 0x000000008000127C (0x002484B3) add x9, x9, x2                          vmem_adj_Mepc+0
x9 <- 0x0000000080004298

clint mtime 0x0000000000000407 (mip.MTI <- 0b1, mip.STI <- 0b0)
mem[X,0x0000000080001280] -> 0x23F3
mem[X,0x0000000080001282] -> 0x3410
[2062] [M]: 0x0000000080001280 (0x341023F3) csrrs x7, mepc, x0                      vmem_adj_Mepc+4
CSR mepc (0x341) -> 0x0005000000000000
x7 <- 0x0005000000000000

mem[X,0x0000000080001284] -> 0x0413
mem[X,0x0000000080001286] -> 0x0004
[2063] [M]: 0x0000000080001284 (0x00040413) addi x8, x8, 0x0                        vmem_adj_Mepc+8
x8 <- 0xFFFFFFFFFFFFFFFF

clint mtime 0x0000000000000408 (mip.MTI <- 0b1, mip.STI <- 0b0)
mem[X,0x0000000080001288] -> 0x006F
mem[X,0x000000008000128A] -> 0x0400
[2064] [M]: 0x0000000080001288 (0x0400006F) jal x0, 0x40                            vmem_adj_Mepc+12

mem[X,0x00000000800012C8] -> 0x8433
mem[X,0x00000000800012CA] -> 0x4083
[2065] [M]: 0x00000000800012C8 (0x40838433) sub x8, x7, x8                          adj_Mepc+0
x8 <- 0x0005000000000001

clint mtime 0x0000000000000409 (mip.MTI <- 0b1, mip.STI <- 0b0)
mem[X,0x00000000800012CC] -> 0x3823
mem[X,0x00000000800012CE] -> 0x0083
[2066] [M]: 0x00000000800012CC (0x00833823) sd x8, 0x10(x6)                         sv_Mepc+0
mem[W,0x000000008000B388] <- 0x0005000000000001

mem[X,0x00000000800012D0] -> 0x55B7
mem[X,0x00000000800012D2] -> 0x0000
[2067] [M]: 0x00000000800012D0 (0x000055B7) lui x11, 0x5                            sv_Mepc+4
x11 <- 0x0000000000005000

clint mtime 0x000000000000040A (mip.MTI <- 0b1, mip.STI <- 0b0)
mem[X,0x00000000800012D4] -> 0x8593
mem[X,0x00000000800012D6] -> 0x6675
[2068] [M]: 0x00000000800012D4 (0x66758593) addi x11, x11, 0x667                    sv_Mepc+8
x11 <- 0x0000000000005667

mem[X,0x00000000800012D8] -> 0x9593
mem[X,0x00000000800012DA] -> 0x0015
[2069] [M]: 0x00000000800012D8 (0x00159593) slli x11, x11, 0x1                      sv_Mepc+12
x11 <- 0x000000000000ACCE

clint mtime 0x000000000000040B (mip.MTI <- 0b1, mip.STI <- 0b0)
mem[X,0x00000000800012DC] -> 0x9063
mem[X,0x00000000800012DE] -> 0x02B1
[2070] [M]: 0x00000000800012DC (0x02B19063) bne x3, x11, 0x20                       sv_Mepc+16

mem[X,0x00000000800012E0] -> 0x2473
mem[X,0x00000000800012E2] -> 0x3420
[2071] [M]: 0x00000000800012E0 (0x34202473) csrrs x8, mcause, x0                    sv_Mepc+20
CSR mcause (0x342) -> 0x000000000000000C
x8 <- 0x000000000000000C

clint mtime 0x000000000000040C (mip.MTI <- 0b1, mip.STI <- 0b0)
mem[X,0x00000000800012E4] -> 0x0593
mem[X,0x00000000800012E6] -> 0x00C0
[2072] [M]: 0x00000000800012E4 (0x00C00593) addi x11, x0, 0xc                       sv_Mepc+24
x11 <- 0x000000000000000C

mem[X,0x00000000800012E8] -> 0x0663
mem[X,0x00000000800012EA] -> 0x00B4
[2073] [M]: 0x00000000800012E8 (0x00B40663) beq x8, x11, 0xc                        sv_Mepc+28

clint mtime 0x000000000000040D (mip.MTI <- 0b1, mip.STI <- 0b0)
mem[X,0x00000000800012F4] -> 0x1073
mem[X,0x00000000800012F6] -> 0x3412
[2074] [M]: 0x00000000800012F4 (0x34121073) csrrw x0, mepc, x4                      sv_Mepc+40
CSR mepc (0x341) <- 0x0006000080000B8C

mem[X,0x00000000800012F8] -> 0x006F
mem[X,0x00000000800012FA] -> 0x0100
[2075] [M]: 0x00000000800012F8 (0x0100006F) jal x0, 0x10                            sv_Mepc+44

clint mtime 0x000000000000040E (mip.MTI <- 0b1, mip.STI <- 0b0)
mem[X,0x0000000080001308] -> 0x23F3
mem[X,0x000000008000130A] -> 0x3430
[2076] [M]: 0x0000000080001308 (0x343023F3) csrrs x7, mtval, x0                     skp_adj_Mepc+0
CSR mtval (0x343) -> 0x0005000000000000
x7 <- 0x0005000000000000

mem[X,0x000000008000130C] -> 0x0413
mem[X,0x000000008000130E] -> 0x0004
[2077] [M]: 0x000000008000130C (0x00040413) addi x8, x8, 0x0                        skp_adj_Mepc+4
x8 <- 0x000000000000000C

clint mtime 0x000000000000040F (mip.MTI <- 0b1, mip.STI <- 0b0)
mem[X,0x0000000080001310] -> 0x006F
mem[X,0x0000000080001312] -> 0x0840
[2078] [M]: 0x0000000080001310 (0x0840006F) jal x0, 0x84                            skp_adj_Mepc+8

mem[X,0x0000000080001394] -> 0x8433
mem[X,0x0000000080001396] -> 0x4083
[2079] [M]: 0x0000000080001394 (0x40838433) sub x8, x7, x8                          adj_Mtval+0
x8 <- 0x0004FFFFFFFFFFF4

clint mtime 0x0000000000000410 (mip.MTI <- 0b1, mip.STI <- 0b0)
mem[X,0x0000000080001398] -> 0x3C23
mem[X,0x000000008000139A] -> 0x0083
[2080] [M]: 0x0000000080001398 (0x00833C23) sd x8, 0x18(x6)                         sv_Mtval+0
mem[W,0x000000008000B390] <- 0x0004FFFFFFFFFFF4

mem[X,0x000000008000139C] -> 0x3483
mem[X,0x000000008000139E] -> 0x2181
[2081] [M]: 0x000000008000139C (0x21813483) ld x9, 0x218(x2)                        skp_Mtval+0
mem[R,0x0000000080004218] -> 0x000000008000B398
x9 <- 0x000000008000B398

clint mtime 0x0000000000000411 (mip.MTI <- 0b1, mip.STI <- 0b0)
mem[X,0x00000000800013A0] -> 0x3383
mem[X,0x00000000800013A2] -> 0x1F81
[2082] [M]: 0x00000000800013A0 (0x1F813383) ld x7, 0x1f8(x2)                        skp_Mtval+4
mem[R,0x00000000800041F8] -> 0x000000008000B110
x7 <- 0x000000008000B110

mem[X,0x00000000800013A4] -> 0x3303
mem[X,0x00000000800013A6] -> 0x2001
[2083] [M]: 0x00000000800013A4 (0x20013303) ld x6, 0x200(x2)                        skp_Mtval+8
mem[R,0x0000000080004200] -> 0x0000000000000310
x6 <- 0x0000000000000310

clint mtime 0x0000000000000412 (mip.MTI <- 0b1, mip.STI <- 0b0)
mem[X,0x00000000800013A8] -> 0x0333
mem[X,0x00000000800013AA] -> 0x0073
[2084] [M]: 0x00000000800013A8 (0x00730333) add x6, x6, x7                          skp_Mtval+12
x6 <- 0x000000008000B420

mem[X,0x00000000800013AC] -> 0x6AE3
mem[X,0x00000000800013AE] -> 0xAC93
[2085] [M]: 0x00000000800013AC (0xAC936AE3) bltu x6, x9, -0x52c                     skp_Mtval+16

clint mtime 0x0000000000000413 (mip.MTI <- 0b1, mip.STI <- 0b0)
mem[X,0x00000000800013B0] -> 0x0393
mem[X,0x00000000800013B2] -> 0x2000
[2086] [M]: 0x00000000800013B0 (0x20000393) addi x7, x0, 0x200                      skp_Mtval+20
x7 <- 0x0000000000000200

mem[X,0x00000000800013B4] -> 0x006F
mem[X,0x00000000800013B6] -> 0x0400
[2087] [M]: 0x00000000800013B4 (0x0400006F) jal x0, 0x40                            skp_Mtval+24

clint mtime 0x0000000000000414 (mip.MTI <- 0b1, mip.STI <- 0b0)
mem[X,0x00000000800013F4] -> 0x0417
mem[X,0x00000000800013F6] -> 0x0000
[2088] [M]: 0x00000000800013F4 (0x00000417) auipc x8, 0x0                           spcl_Mhandler+0
x8 <- 0x00000000800013F4

mem[X,0x00000000800013F8] -> 0x0413
mem[X,0x00000000800013FA] -> 0x03C4
[2089] [M]: 0x00000000800013F8 (0x03C40413) addi x8, x8, 0x3c                       spcl_Mhandler+4
x8 <- 0x0000000080001430

clint mtime 0x0000000000000415 (mip.MTI <- 0b1, mip.STI <- 0b0)
mem[X,0x00000000800013FC] -> 0x0433
mem[X,0x00000000800013FE] -> 0x0074
[2090] [M]: 0x00000000800013FC (0x00740433) add x8, x8, x7                          spcl_Mhandler+8
x8 <- 0x0000000080001630

mem[X,0x0000000080001400] -> 0x1393
mem[X,0x0000000080001402] -> 0x0035
[2091] [M]: 0x0000000080001400 (0x00351393) slli x7, x10, 0x3                       spcl_Mhandler+12
x7 <- 0x0000000000000060

clint mtime 0x0000000000000416 (mip.MTI <- 0b1, mip.STI <- 0b0)
mem[X,0x0000000080001404] -> 0x0433
mem[X,0x0000000080001406] -> 0x0074
[2092] [M]: 0x0000000080001404 (0x00740433) add x8, x8, x7                          spcl_Mhandler+16
x8 <- 0x0000000080001690

mem[X,0x0000000080001408] -> 0x7413
mem[X,0x000000008000140A] -> 0xFF84
[2093] [M]: 0x0000000080001408 (0xFF847413) andi x8, x8, -0x8                       spcl_Mhandler+20
x8 <- 0x0000000080001690

clint mtime 0x0000000000000417 (mip.MTI <- 0b1, mip.STI <- 0b0)
mem[X,0x000000008000140C] -> 0x3403
mem[X,0x000000008000140E] -> 0x0004
[2094] [M]: 0x000000008000140C (0x00043403) ld x8, 0x0(x8)                          spcl_Mhandler+24
mem[R,0x0000000080001690] -> 0x0000000000000019
x8 <- 0x0000000000000019

mem[X,0x0000000080001410] -> 0x02E3
mem[X,0x0000000080001412] -> 0xB004
[2095] [M]: 0x0000000080001410 (0xB00402E3) beq x8, x0, -0x4fc                      spcl_Mdispatch_hndling+0

clint mtime 0x0000000000000418 (mip.MTI <- 0b1, mip.STI <- 0b0)
mem[X,0x0000000080001414] -> 0x1393
mem[X,0x0000000080001416] -> 0x03F4
[2096] [M]: 0x0000000080001414 (0x03F41393) slli x7, x8, 0x3f                       spcl_Mdispatch_hndling+4
x7 <- 0x8000000000000000

mem[X,0x0000000080001418] -> 0xD863
mem[X,0x000000008000141A] -> 0x0003
[2097] [M]: 0x0000000080001418 (0x0003D863) bge x7, x0, 0x10                        spcl_Mdispatch_hndling+8

clint mtime 0x0000000000000419 (mip.MTI <- 0b1, mip.STI <- 0b0)
mem[X,0x000000008000141C] -> 0x5413
mem[X,0x000000008000141E] -> 0x0014
[2098] [M]: 0x000000008000141C (0x00145413) srli x8, x8, 0x1                        spcl_Mdispatch_hndling+12
x8 <- 0x000000000000000C

mem[X,0x0000000080001420] -> 0x0CE3
mem[X,0x0000000080001422] -> 0xF885
[2099] [M]: 0x0000000080001420 (0xF8850CE3) beq x10, x8, -0x68                      spcl_Mdispatch_hndling+16

clint mtime 0x000000000000041A (mip.MTI <- 0b1, mip.STI <- 0b0)
mem[X,0x00000000800013B8] -> 0x3303
mem[X,0x00000000800013BA] -> 0x2601
[2100] [M]: 0x00000000800013B8 (0x26013303) ld x6, 0x260(x2)                        resto_Mrtn+0
mem[R,0x0000000080004260] -> 0xFFFFFFFF7FFFF6AC
x6 <- 0xFFFFFFFF7FFFF6AC

mem[X,0x00000000800013BC] -> 0x3383
mem[X,0x00000000800013BE] -> 0x2681
[2101] [M]: 0x00000000800013BC (0x26813383) ld x7, 0x268(x2)                        resto_Mrtn+4
mem[R,0x0000000080004268] -> 0x0000000080004000
x7 <- 0x0000000080004000

clint mtime 0x000000000000041B (mip.MTI <- 0b1, mip.STI <- 0b0)
mem[X,0x00000000800013C0] -> 0x3403
mem[X,0x00000000800013C2] -> 0x2701
[2102] [M]: 0x00000000800013C0 (0x27013403) ld x8, 0x270(x2)                        resto_Mrtn+8
mem[R,0x0000000080004270] -> 0x0000000000007F76
x8 <- 0x0000000000007F76

mem[X,0x00000000800013C4] -> 0x3483
mem[X,0x00000000800013C6] -> 0x2781
[2103] [M]: 0x00000000800013C4 (0x27813483) ld x9, 0x278(x2)                        resto_Mrtn+12
mem[R,0x0000000080004278] -> 0x00060000000001C8
x9 <- 0x00060000000001C8

clint mtime 0x000000000000041C (mip.MTI <- 0b1, mip.STI <- 0b0)
mem[X,0x00000000800013C8] -> 0x3503
mem[X,0x00000000800013CA] -> 0x2801
[2104] [M]: 0x00000000800013C8 (0x28013503) ld x10, 0x280(x2)                       resto_Mrtn+16
mem[R,0x0000000080004280] -> 0x00000000200014CF
x10 <- 0x00000000200014CF

mem[X,0x00000000800013CC] -> 0x3583
mem[X,0x00000000800013CE] -> 0x2881
[2105] [M]: 0x00000000800013CC (0x28813583) ld x11, 0x288(x2)                       resto_Mrtn+20
mem[R,0x0000000080004288] -> 0x00000000000000CF
x11 <- 0x00000000000000CF

clint mtime 0x000000000000041D (mip.MTI <- 0b1, mip.STI <- 0b0)
mem[X,0x00000000800013D0] -> 0x3103
mem[X,0x00000000800013D2] -> 0x2901
[2106] [M]: 0x00000000800013D0 (0x29013103) ld x2, 0x290(x2)                        resto_Mrtn+24
mem[R,0x0000000080004290] -> 0x0000000000000000
x2 <- 0x0000000000000000

mem[X,0x00000000800013D4] -> 0x0073
mem[X,0x00000000800013D6] -> 0x3020
[2107] [M]: 0x00000000800013D4 (0x30200073) mret                                    resto_Mrtn+28
CSR mstatus (0x300) <- 0x0000000A00000080
ret-ing from M to S

clint mtime 0x000000000000041E (mip.MTI <- 0b1, mip.STI <- 0b0)
mem[X,0x0000000080000B8C] -> 0x0013
mem[X,0x0000000080000B8E] -> 0x0000
[2108] [S]: 0x0006000080000B8C (0x00000013) addi x0, x0, 0x0                        va_rvtest_code_begin+2032

mem[X,0x0000000080000B90] -> 0x0013
mem[X,0x0000000080000B92] -> 0x0000
[2109] [S]: 0x0006000080000B90 (0x00000013) addi x0, x0, 0x0                        va_rvtest_code_begin+2036

clint mtime 0x000000000000041F (mip.MTI <- 0b1, mip.STI <- 0b0)
mem[X,0x0000000080000B94] -> 0x0013
mem[X,0x0000000080000B96] -> 0x0000
[2110] [S]: 0x0006000080000B94 (0x00000013) addi x0, x0, 0x0                        va_rvtest_code_begin+2040

mem[X,0x0000000080000B98] -> 0x0113
mem[X,0x0000000080000B9A] -> 0x0000
[2111] [S]: 0x0006000080000B98 (0x00000113) addi x2, x0, 0x0                        va_rvtest_code_begin+2044
x2 <- 0x0000000000000000

clint mtime 0x0000000000000420 (mip.MTI <- 0b1, mip.STI <- 0b0)
mem[X,0x0000000080000B9C] -> 0x0073
mem[X,0x0000000080000B9E] -> 0x0000
[2112] [S]: 0x0006000080000B9C (0x00000073) ecall                                   va_rvtest_code_begin+2048
trapping from S to M to handle s-call
handling exc#s-call at priv M with tval 0x0000000000000000
CSR mstatus (0x300) <- 0x0000000A00000800
CSR mcause (0x342) <- 0x0000000000000009
CSR mtval (0x343) <- 0x0000000000000000
CSR mepc (0x341) <- 0x0006000080000B9C

mem[X,0x0000000080000F80] -> 0x006F
mem[X,0x0000000080000F82] -> 0x1000
[2113] [M]: 0x0000000080000F80 (0x1000006F) jal x0, 0x100                           Mtrampoline+0

clint mtime 0x0000000000000421 (mip.MTI <- 0b1, mip.STI <- 0b0)
mem[X,0x0000000080001080] -> 0x1173
mem[X,0x0000000080001082] -> 0x3401
[2114] [M]: 0x0000000080001080 (0x34011173) csrrw x2, mscratch, x2                  trap_Mhandler+0
CSR mscratch (0x340) <- 0x0000000000000000
x2 <- 0x0000000080004000

mem[X,0x0000000080001084] -> 0x3423
mem[X,0x0000000080001086] -> 0x28B1
[2115] [M]: 0x0000000080001084 (0x28B13423) sd x11, 0x288(x2)                       trap_Mhandler+4
mem[W,0x0000000080004288] <- 0x00000000000000CF

clint mtime 0x0000000000000422 (mip.MTI <- 0b1, mip.STI <- 0b0)
mem[X,0x0000000080001088] -> 0x05EF
mem[X,0x000000008000108A] -> 0x0B80
[2116] [M]: 0x0000000080001088 (0x0B8005EF) jal x11, 0xb8                           trap_Mhandler+8
x11 <- 0x000000008000108C

mem[X,0x0000000080001140] -> 0x3023
mem[X,0x0000000080001142] -> 0x28A1
[2117] [M]: 0x0000000080001140 (0x28A13023) sd x10, 0x280(x2)                       common_Mhandler+0
mem[W,0x0000000080004280] <- 0x00000000200014CF

clint mtime 0x0000000000000423 (mip.MTI <- 0b1, mip.STI <- 0b0)
mem[X,0x0000000080001144] -> 0x1573
mem[X,0x0000000080001146] -> 0x3401
[2118] [M]: 0x0000000080001144 (0x34011573) csrrw x10, mscratch, x2                 common_Mhandler+4
CSR mscratch (0x340) <- 0x0000000080004000
x10 <- 0x0000000000000000

mem[X,0x0000000080001148] -> 0x3823
mem[X,0x000000008000114A] -> 0x28A1
[2119] [M]: 0x0000000080001148 (0x28A13823) sd x10, 0x290(x2)                       common_Mhandler+8
mem[W,0x0000000080004290] <- 0x0000000000000000

clint mtime 0x0000000000000424 (mip.MTI <- 0b1, mip.STI <- 0b0)
mem[X,0x000000008000114C] -> 0x3503
mem[X,0x000000008000114E] -> 0x2301
[2120] [M]: 0x000000008000114C (0x23013503) ld x10, 0x230(x2)                       common_Mhandler+12
mem[R,0x0000000080004230] -> 0x0000000080001154
x10 <- 0x0000000080001154

mem[X,0x0000000080001150] -> 0x0067
mem[X,0x0000000080001152] -> 0x0005
[2121] [M]: 0x0000000080001150 (0x00050067) jalr x0, 0x0(x10)                       common_Mhandler+16

clint mtime 0x0000000000000425 (mip.MTI <- 0b1, mip.STI <- 0b0)
mem[X,0x0000000080001154] -> 0x3C23
mem[X,0x0000000080001156] -> 0x2691
[2122] [M]: 0x0000000080001154 (0x26913C23) sd x9, 0x278(x2)                        common_Mentry+0
mem[W,0x0000000080004278] <- 0x00060000000001C8

mem[X,0x0000000080001158] -> 0x3823
mem[X,0x000000008000115A] -> 0x2681
[2123] [M]: 0x0000000080001158 (0x26813823) sd x8, 0x270(x2)                        common_Mentry+4
mem[W,0x0000000080004270] <- 0x0000000000007F76

clint mtime 0x0000000000000426 (mip.MTI <- 0b1, mip.STI <- 0b0)
mem[X,0x000000008000115C] -> 0x3423
mem[X,0x000000008000115E] -> 0x2671
[2124] [M]: 0x000000008000115C (0x26713423) sd x7, 0x268(x2)                        common_Mentry+8
mem[W,0x0000000080004268] <- 0x0000000080004000

mem[X,0x0000000080001160] -> 0x3023
mem[X,0x0000000080001162] -> 0x2661
[2125] [M]: 0x0000000080001160 (0x26613023) sd x6, 0x260(x2)                        common_Mentry+12
mem[W,0x0000000080004260] <- 0xFFFFFFFF7FFFF6AC

clint mtime 0x0000000000000427 (mip.MTI <- 0b1, mip.STI <- 0b0)
mem[X,0x0000000080001164] -> 0x2573
mem[X,0x0000000080001166] -> 0x3420
[2126] [M]: 0x0000000080001164 (0x34202573) csrrs x10, mcause, x0                   spcl_M2mmode_test+0
CSR mcause (0x342) -> 0x0000000000000009
x10 <- 0x0000000000000009

mem[X,0x0000000080001168] -> 0x04B7
mem[X,0x000000008000116A] -> 0x8000
[2127] [M]: 0x0000000080001168 (0x800004B7) lui x9, -0x80000                        spcl_M2mmode_test+4
x9 <- 0xFFFFFFFF80000000

clint mtime 0x0000000000000428 (mip.MTI <- 0b1, mip.STI <- 0b0)
mem[X,0x000000008000116C] -> 0x8493
mem[X,0x000000008000116E] -> 0x0004
[2128] [M]: 0x000000008000116C (0x00048493) addi x9, x9, 0x0                        spcl_M2mmode_test+8
x9 <- 0xFFFFFFFF80000000

mem[X,0x0000000080001170] -> 0x9493
mem[X,0x0000000080001172] -> 0x00B4
[2129] [M]: 0x0000000080001170 (0x00B49493) slli x9, x9, 0xb                        spcl_M2mmode_test+12
x9 <- 0xFFFFFC0000000000

clint mtime 0x0000000000000429 (mip.MTI <- 0b1, mip.STI <- 0b0)
mem[X,0x0000000080001174] -> 0x8493
mem[X,0x0000000080001176] -> 0x0004
[2130] [M]: 0x0000000080001174 (0x00048493) addi x9, x9, 0x0                        spcl_M2mmode_test+16
x9 <- 0xFFFFFC0000000000

mem[X,0x0000000080001178] -> 0x9493
mem[X,0x000000008000117A] -> 0x00B4
[2131] [M]: 0x0000000080001178 (0x00B49493) slli x9, x9, 0xb                        spcl_M2mmode_test+20
x9 <- 0xFFE0000000000000

clint mtime 0x000000000000042A (mip.MTI <- 0b1, mip.STI <- 0b0)
mem[X,0x000000008000117C] -> 0x8493
mem[X,0x000000008000117E] -> 0x0034
[2132] [M]: 0x000000008000117C (0x00348493) addi x9, x9, 0x3                        spcl_M2mmode_test+24
x9 <- 0xFFE0000000000003

mem[X,0x0000000080001180] -> 0x9493
mem[X,0x0000000080001182] -> 0x00A4
[2133] [M]: 0x0000000080001180 (0x00A49493) slli x9, x9, 0xa                        spcl_M2mmode_test+28
x9 <- 0x8000000000000C00

clint mtime 0x000000000000042B (mip.MTI <- 0b1, mip.STI <- 0b0)
mem[X,0x0000000080001184] -> 0x8493
mem[X,0x0000000080001186] -> 0x3FC4
[2134] [M]: 0x0000000080001184 (0x3FC48493) addi x9, x9, 0x3fc                      spcl_M2mmode_test+32
x9 <- 0x8000000000000FFC

mem[X,0x0000000080001188] -> 0xF4B3
mem[X,0x000000008000118A] -> 0x00A4
[2135] [M]: 0x0000000080001188 (0x00A4F4B3) and x9, x9, x10                         spcl_M2mmode_test+36
x9 <- 0x0000000000000008

clint mtime 0x000000000000042C (mip.MTI <- 0b1, mip.STI <- 0b0)
mem[X,0x000000008000118C] -> 0x8493
mem[X,0x000000008000118E] -> 0xFF84
[2136] [M]: 0x000000008000118C (0xFF848493) addi x9, x9, -0x8                       spcl_M2mmode_test+40
x9 <- 0x0000000000000000

mem[X,0x0000000080001190] -> 0x9663
mem[X,0x0000000080001192] -> 0x0004
[2137] [M]: 0x0000000080001190 (0x00049663) bne x9, x0, 0xc                         spcl_M2mmode_test+44

clint mtime 0x000000000000042D (mip.MTI <- 0b1, mip.STI <- 0b0)
mem[X,0x0000000080001194] -> 0x3383
mem[X,0x0000000080001196] -> 0x2901
[2138] [M]: 0x0000000080001194 (0x29013383) ld x7, 0x290(x2)                        spcl_M2mmode_test+48
mem[R,0x0000000080004290] -> 0x0000000000000000
x7 <- 0x0000000000000000

mem[X,0x0000000080001198] -> 0x8663
mem[X,0x000000008000119A] -> 0x6E03
[2139] [M]: 0x0000000080001198 (0x6E038663) beq x7, x0, 0x6ec                       spcl_M2mmode_test+52

clint mtime 0x000000000000042E (mip.MTI <- 0b1, mip.STI <- 0b0)
mem[X,0x0000000080001884] -> 0x0493
mem[X,0x0000000080001886] -> 0xFF55
[2140] [M]: 0x0000000080001884 (0xFF550493) addi x9, x10, -0xb                      rtn2mmode+0
x9 <- 0xFFFFFFFFFFFFFFFE

mem[X,0x0000000080001888] -> 0x8C63
mem[X,0x000000008000188A] -> 0x0004
[2141] [M]: 0x0000000080001888 (0x00048C63) beq x9, x0, 0x18                        rtn2mmode+4

clint mtime 0x000000000000042F (mip.MTI <- 0b1, mip.STI <- 0b0)
mem[X,0x000000008000188C] -> 0x3583
mem[X,0x000000008000188E] -> 0x4701
[2142] [M]: 0x000000008000188C (0x47013583) ld x11, 0x470(x2)                       rtn2mmode+8
mem[R,0x0000000080004470] -> 0x000600008000039C
x11 <- 0x000600008000039C

mem[X,0x0000000080001890] -> 0xD463
mem[X,0x0000000080001892] -> 0x0003
[2143] [M]: 0x0000000080001890 (0x0003D463) bge x7, x0, 0x8                         rtn2mmode+12

clint mtime 0x0000000000000430 (mip.MTI <- 0b1, mip.STI <- 0b0)
mem[X,0x0000000080001898] -> 0x3483
mem[X,0x000000008000189A] -> 0x1D81
[2144] [M]: 0x0000000080001898 (0x1D813483) ld x9, 0x1d8(x2)                        from_u_s+0
mem[R,0x00000000800041D8] -> 0x00000000800003B4
x9 <- 0x00000000800003B4

mem[X,0x000000008000189C] -> 0x84B3
mem[X,0x000000008000189E] -> 0x40B4
[2145] [M]: 0x000000008000189C (0x40B484B3) sub x9, x9, x11                         from_u_s+4
x9 <- 0xFFFA000000000018

clint mtime 0x0000000000000431 (mip.MTI <- 0b1, mip.STI <- 0b0)
mem[X,0x00000000800018A0] -> 0x23F3
mem[X,0x00000000800018A2] -> 0x3410
[2146] [M]: 0x00000000800018A0 (0x341023F3) csrrs x7, mepc, x0                      rtn_fm_mmode+0
CSR mepc (0x341) -> 0x0006000080000B9C
x7 <- 0x0006000080000B9C

mem[X,0x00000000800018A4] -> 0x83B3
mem[X,0x00000000800018A6] -> 0x0093
[2147] [M]: 0x00000000800018A4 (0x009383B3) add x7, x7, x9                          rtn_fm_mmode+4
x7 <- 0x0000000080000BB4

clint mtime 0x0000000000000432 (mip.MTI <- 0b1, mip.STI <- 0b0)
mem[X,0x00000000800018A8] -> 0x3303
mem[X,0x00000000800018AA] -> 0x2601
[2148] [M]: 0x00000000800018A8 (0x26013303) ld x6, 0x260(x2)                        rtn_fm_mmode+8
mem[R,0x0000000080004260] -> 0xFFFFFFFF7FFFF6AC
x6 <- 0xFFFFFFFF7FFFF6AC

mem[X,0x00000000800018AC] -> 0x3403
mem[X,0x00000000800018AE] -> 0x2701
[2149] [M]: 0x00000000800018AC (0x27013403) ld x8, 0x270(x2)                        rtn_fm_mmode+12
mem[R,0x0000000080004270] -> 0x0000000000007F76
x8 <- 0x0000000000007F76

clint mtime 0x0000000000000433 (mip.MTI <- 0b1, mip.STI <- 0b0)
mem[X,0x00000000800018B0] -> 0x3483
mem[X,0x00000000800018B2] -> 0x2781
[2150] [M]: 0x00000000800018B0 (0x27813483) ld x9, 0x278(x2)                        rtn_fm_mmode+16
mem[R,0x0000000080004278] -> 0x00060000000001C8
x9 <- 0x00060000000001C8

mem[X,0x00000000800018B4] -> 0x3503
mem[X,0x00000000800018B6] -> 0x2801
[2151] [M]: 0x00000000800018B4 (0x28013503) ld x10, 0x280(x2)                       rtn_fm_mmode+20
mem[R,0x0000000080004280] -> 0x00000000200014CF
x10 <- 0x00000000200014CF

clint mtime 0x0000000000000434 (mip.MTI <- 0b1, mip.STI <- 0b0)
mem[X,0x00000000800018B8] -> 0x3583
mem[X,0x00000000800018BA] -> 0x2881
[2152] [M]: 0x00000000800018B8 (0x28813583) ld x11, 0x288(x2)                       rtn_fm_mmode+24
mem[R,0x0000000080004288] -> 0x00000000000000CF
x11 <- 0x00000000000000CF

mem[X,0x00000000800018BC] -> 0x3103
mem[X,0x00000000800018BE] -> 0x2901
[2153] [M]: 0x00000000800018BC (0x29013103) ld x2, 0x290(x2)                        rtn_fm_mmode+28
mem[R,0x0000000080004290] -> 0x0000000000000000
x2 <- 0x0000000000000000

clint mtime 0x0000000000000435 (mip.MTI <- 0b1, mip.STI <- 0b0)
mem[X,0x00000000800018C0] -> 0x8067
mem[X,0x00000000800018C2] -> 0x0043
[2154] [M]: 0x00000000800018C0 (0x00438067) jalr x0, 0x4(x7)                        rtn_fm_mmode+32

mem[X,0x0000000080000BB8] -> 0x0013
mem[X,0x0000000080000BBA] -> 0x0000
[2155] [M]: 0x0000000080000BB8 (0x00000013) addi x0, x0, 0x0                        main+2008

clint mtime 0x0000000000000436 (mip.MTI <- 0b1, mip.STI <- 0b0)
mem[X,0x0000000080000BBC] -> 0x0013
mem[X,0x0000000080000BBE] -> 0x0000
[2156] [M]: 0x0000000080000BBC (0x00000013) addi x0, x0, 0x0                        main+2012

mem[X,0x0000000080000BC0] -> 0x8517
mem[X,0x0000000080000BC2] -> 0x0000
[2157] [M]: 0x0000000080000BC0 (0x00008517) auipc x10, 0x8                          main+2016
x10 <- 0x0000000080008BC0

clint mtime 0x0000000000000437 (mip.MTI <- 0b1, mip.STI <- 0b0)
mem[X,0x0000000080000BC4] -> 0x0513
mem[X,0x0000000080000BC6] -> 0x4405
[2158] [M]: 0x0000000080000BC4 (0x44050513) addi x10, x10, 0x440                    main+2020
x10 <- 0x0000000080009000

mem[X,0x0000000080000BC8] -> 0x0001
[2159] [M]: 0x0000000080000BC8 (0x0001) c.nop                                       main+2024

clint mtime 0x0000000000000438 (mip.MTI <- 0b1, mip.STI <- 0b0)
mem[X,0x0000000080000BCA] -> 0x0013
mem[X,0x0000000080000BCC] -> 0x0000
[2160] [M]: 0x0000000080000BCA (0x00000013) addi x0, x0, 0x0                        main+2026

mem[X,0x0000000080000BCE] -> 0x0013
mem[X,0x0000000080000BD0] -> 0x0000
[2161] [M]: 0x0000000080000BCE (0x00000013) addi x0, x0, 0x0                        main+2030

clint mtime 0x0000000000000439 (mip.MTI <- 0b1, mip.STI <- 0b0)
mem[X,0x0000000080000BD2] -> 0x0013
mem[X,0x0000000080000BD4] -> 0x0000
[2162] [M]: 0x0000000080000BD2 (0x00000013) addi x0, x0, 0x0                        main+2034

mem[X,0x0000000080000BD6] -> 0x0013
mem[X,0x0000000080000BD8] -> 0x0000
[2163] [M]: 0x0000000080000BD6 (0x00000013) addi x0, x0, 0x0                        main+2038

clint mtime 0x000000000000043A (mip.MTI <- 0b1, mip.STI <- 0b0)
mem[X,0x0000000080000BDA] -> 0x0013
mem[X,0x0000000080000BDC] -> 0x0000
[2164] [M]: 0x0000000080000BDA (0x00000013) addi x0, x0, 0x0                        main+2042

mem[X,0x0000000080000BDE] -> 0x0001
[2165] [M]: 0x0000000080000BDE (0x0001) c.nop                                       main+2046

clint mtime 0x000000000000043B (mip.MTI <- 0b1, mip.STI <- 0b0)
mem[X,0x0000000080000BE0] -> 0x0593
mem[X,0x0000000080000BE2] -> 0x0010
[2166] [M]: 0x0000000080000BE0 (0x00100593) addi x11, x0, 0x1                       main+2048
x11 <- 0x0000000000000001

mem[X,0x0000000080000BE4] -> 0x5513
mem[X,0x0000000080000BE6] -> 0x00C5
[2167] [M]: 0x0000000080000BE4 (0x00C55513) srli x10, x10, 0xc                      main+2052
x10 <- 0x0000000000080009

clint mtime 0x000000000000043C (mip.MTI <- 0b1, mip.STI <- 0b0)
mem[X,0x0000000080000BE8] -> 0x1513
mem[X,0x0000000080000BEA] -> 0x00A5
[2168] [M]: 0x0000000080000BE8 (0x00A51513) slli x10, x10, 0xa                      main+2056
x10 <- 0x0000000020002400

mem[X,0x0000000080000BEC] -> 0x6533
mem[X,0x0000000080000BEE] -> 0x00B5
[2169] [M]: 0x0000000080000BEC (0x00B56533) or x10, x10, x11                        main+2060
x10 <- 0x0000000020002401

clint mtime 0x000000000000043D (mip.MTI <- 0b1, mip.STI <- 0b0)
mem[X,0x0000000080000BF0] -> 0x0013
mem[X,0x0000000080000BF2] -> 0x0000
[2170] [M]: 0x0000000080000BF0 (0x00000013) addi x0, x0, 0x0                        main+2064

mem[X,0x0000000080000BF4] -> 0x0013
mem[X,0x0000000080000BF6] -> 0x0000
[2171] [M]: 0x0000000080000BF4 (0x00000013) addi x0, x0, 0x0                        main+2068

clint mtime 0x000000000000043E (mip.MTI <- 0b1, mip.STI <- 0b0)
mem[X,0x0000000080000BF8] -> 0x0013
mem[X,0x0000000080000BFA] -> 0x0000
[2172] [M]: 0x0000000080000BF8 (0x00000013) addi x0, x0, 0x0                        main+2072

mem[X,0x0000000080000BFC] -> 0x0013
mem[X,0x0000000080000BFE] -> 0x0000
[2173] [M]: 0x0000000080000BFC (0x00000013) addi x0, x0, 0x0                        main+2076

clint mtime 0x000000000000043F (mip.MTI <- 0b1, mip.STI <- 0b0)
mem[X,0x0000000080000C00] -> 0x9317
mem[X,0x0000000080000C02] -> 0x0000
[2174] [M]: 0x0000000080000C00 (0x00009317) auipc x6, 0x9                           main+2080
x6 <- 0x0000000080009C00

mem[X,0x0000000080000C04] -> 0x0313
mem[X,0x0000000080000C06] -> 0x4003
[2175] [M]: 0x0000000080000C04 (0x40030313) addi x6, x6, 0x400                      main+2084
x6 <- 0x000000008000A000

clint mtime 0x0000000000000440 (mip.MTI <- 0b1, mip.STI <- 0b0)
mem[X,0x0000000080000C08] -> 0x0001
[2176] [M]: 0x0000000080000C08 (0x0001) c.nop                                       main+2088

mem[X,0x0000000080000C0A] -> 0x0013
mem[X,0x0000000080000C0C] -> 0x0000
[2177] [M]: 0x0000000080000C0A (0x00000013) addi x0, x0, 0x0                        main+2090

clint mtime 0x0000000000000441 (mip.MTI <- 0b1, mip.STI <- 0b0)
mem[X,0x0000000080000C0E] -> 0x0013
mem[X,0x0000000080000C10] -> 0x0000
[2178] [M]: 0x0000000080000C0E (0x00000013) addi x0, x0, 0x0                        main+2094

mem[X,0x0000000080000C12] -> 0x0013
mem[X,0x0000000080000C14] -> 0x0000
[2179] [M]: 0x0000000080000C12 (0x00000013) addi x0, x0, 0x0                        main+2098

clint mtime 0x0000000000000442 (mip.MTI <- 0b1, mip.STI <- 0b0)
mem[X,0x0000000080000C16] -> 0x0013
mem[X,0x0000000080000C18] -> 0x0000
[2180] [M]: 0x0000000080000C16 (0x00000013) addi x0, x0, 0x0                        main+2102

mem[X,0x0000000080000C1A] -> 0x0013
mem[X,0x0000000080000C1C] -> 0x0000
[2181] [M]: 0x0000000080000C1A (0x00000013) addi x0, x0, 0x0                        main+2106

clint mtime 0x0000000000000443 (mip.MTI <- 0b1, mip.STI <- 0b0)
mem[X,0x0000000080000C1E] -> 0x0001
[2182] [M]: 0x0000000080000C1E (0x0001) c.nop                                       main+2110

mem[X,0x0000000080000C20] -> 0x0293
mem[X,0x0000000080000C22] -> 0x0280
[2183] [M]: 0x0000000080000C20 (0x02800293) addi x5, x0, 0x28                       main+2112
x5 <- 0x0000000000000028

clint mtime 0x0000000000000444 (mip.MTI <- 0b1, mip.STI <- 0b0)
mem[X,0x0000000080000C24] -> 0x0333
mem[X,0x0000000080000C26] -> 0x0053
[2184] [M]: 0x0000000080000C24 (0x00530333) add x6, x6, x5                          main+2116
x6 <- 0x000000008000A028

mem[X,0x0000000080000C28] -> 0x3023
mem[X,0x0000000080000C2A] -> 0x00A3
[2185] [M]: 0x0000000080000C28 (0x00A33023) sd x10, 0x0(x6)                         main+2120
mem[W,0x000000008000A028] <- 0x0000000020002401

clint mtime 0x0000000000000445 (mip.MTI <- 0b1, mip.STI <- 0b0)
mem[X,0x0000000080000C2C] -> 0x0013
mem[X,0x0000000080000C2E] -> 0x0000
[2186] [M]: 0x0000000080000C2C (0x00000013) addi x0, x0, 0x0                        main+2124

mem[X,0x0000000080000C30] -> 0x0013
mem[X,0x0000000080000C32] -> 0x0000
[2187] [M]: 0x0000000080000C30 (0x00000013) addi x0, x0, 0x0                        main+2128

clint mtime 0x0000000000000446 (mip.MTI <- 0b1, mip.STI <- 0b0)
mem[X,0x0000000080000C34] -> 0x0013
mem[X,0x0000000080000C36] -> 0x0000
[2188] [M]: 0x0000000080000C34 (0x00000013) addi x0, x0, 0x0                        main+2132

mem[X,0x0000000080000C38] -> 0x0013
mem[X,0x0000000080000C3A] -> 0x0000
[2189] [M]: 0x0000000080000C38 (0x00000013) addi x0, x0, 0x0                        main+2136

clint mtime 0x0000000000000447 (mip.MTI <- 0b1, mip.STI <- 0b0)
mem[X,0x0000000080000C3C] -> 0x0013
mem[X,0x0000000080000C3E] -> 0x0000
[2190] [M]: 0x0000000080000C3C (0x00000013) addi x0, x0, 0x0                        main+2140

mem[X,0x0000000080000C40] -> 0x7517
mem[X,0x0000000080000C42] -> 0x0000
[2191] [M]: 0x0000000080000C40 (0x00007517) auipc x10, 0x7                          main+2144
x10 <- 0x0000000080007C40

clint mtime 0x0000000000000448 (mip.MTI <- 0b1, mip.STI <- 0b0)
mem[X,0x0000000080000C44] -> 0x0513
mem[X,0x0000000080000C46] -> 0x3C05
[2192] [M]: 0x0000000080000C44 (0x3C050513) addi x10, x10, 0x3c0                    main+2148
x10 <- 0x0000000080008000

mem[X,0x0000000080000C48] -> 0x0001
[2193] [M]: 0x0000000080000C48 (0x0001) c.nop                                       main+2152

clint mtime 0x0000000000000449 (mip.MTI <- 0b1, mip.STI <- 0b0)
mem[X,0x0000000080000C4A] -> 0x0013
mem[X,0x0000000080000C4C] -> 0x0000
[2194] [M]: 0x0000000080000C4A (0x00000013) addi x0, x0, 0x0                        main+2154

mem[X,0x0000000080000C4E] -> 0x0013
mem[X,0x0000000080000C50] -> 0x0000
[2195] [M]: 0x0000000080000C4E (0x00000013) addi x0, x0, 0x0                        main+2158

clint mtime 0x000000000000044A (mip.MTI <- 0b1, mip.STI <- 0b0)
mem[X,0x0000000080000C52] -> 0x0013
mem[X,0x0000000080000C54] -> 0x0000
[2196] [M]: 0x0000000080000C52 (0x00000013) addi x0, x0, 0x0                        main+2162

mem[X,0x0000000080000C56] -> 0x0013
mem[X,0x0000000080000C58] -> 0x0000
[2197] [M]: 0x0000000080000C56 (0x00000013) addi x0, x0, 0x0                        main+2166

clint mtime 0x000000000000044B (mip.MTI <- 0b1, mip.STI <- 0b0)
mem[X,0x0000000080000C5A] -> 0x0013
mem[X,0x0000000080000C5C] -> 0x0000
[2198] [M]: 0x0000000080000C5A (0x00000013) addi x0, x0, 0x0                        main+2170

mem[X,0x0000000080000C5E] -> 0x0001
[2199] [M]: 0x0000000080000C5E (0x0001) c.nop                                       main+2174

clint mtime 0x000000000000044C (mip.MTI <- 0b1, mip.STI <- 0b0)
mem[X,0x0000000080000C60] -> 0x0593
mem[X,0x0000000080000C62] -> 0x0010
[2200] [M]: 0x0000000080000C60 (0x00100593) addi x11, x0, 0x1                       main+2176
x11 <- 0x0000000000000001

mem[X,0x0000000080000C64] -> 0x5513
mem[X,0x0000000080000C66] -> 0x00C5
[2201] [M]: 0x0000000080000C64 (0x00C55513) srli x10, x10, 0xc                      main+2180
x10 <- 0x0000000000080008

clint mtime 0x000000000000044D (mip.MTI <- 0b1, mip.STI <- 0b0)
mem[X,0x0000000080000C68] -> 0x1513
mem[X,0x0000000080000C6A] -> 0x00A5
[2202] [M]: 0x0000000080000C68 (0x00A51513) slli x10, x10, 0xa                      main+2184
x10 <- 0x0000000020002000

mem[X,0x0000000080000C6C] -> 0x6533
mem[X,0x0000000080000C6E] -> 0x00B5
[2203] [M]: 0x0000000080000C6C (0x00B56533) or x10, x10, x11                        main+2188
x10 <- 0x0000000020002001

clint mtime 0x000000000000044E (mip.MTI <- 0b1, mip.STI <- 0b0)
mem[X,0x0000000080000C70] -> 0x0013
mem[X,0x0000000080000C72] -> 0x0000
[2204] [M]: 0x0000000080000C70 (0x00000013) addi x0, x0, 0x0                        main+2192

mem[X,0x0000000080000C74] -> 0x0013
mem[X,0x0000000080000C76] -> 0x0000
[2205] [M]: 0x0000000080000C74 (0x00000013) addi x0, x0, 0x0                        main+2196

clint mtime 0x000000000000044F (mip.MTI <- 0b1, mip.STI <- 0b0)
mem[X,0x0000000080000C78] -> 0x0013
mem[X,0x0000000080000C7A] -> 0x0000
[2206] [M]: 0x0000000080000C78 (0x00000013) addi x0, x0, 0x0                        main+2200

mem[X,0x0000000080000C7C] -> 0x0013
mem[X,0x0000000080000C7E] -> 0x0000
[2207] [M]: 0x0000000080000C7C (0x00000013) addi x0, x0, 0x0                        main+2204

clint mtime 0x0000000000000450 (mip.MTI <- 0b1, mip.STI <- 0b0)
mem[X,0x0000000080000C80] -> 0x8317
mem[X,0x0000000080000C82] -> 0x0000
[2208] [M]: 0x0000000080000C80 (0x00008317) auipc x6, 0x8                           main+2208
x6 <- 0x0000000080008C80

mem[X,0x0000000080000C84] -> 0x0313
mem[X,0x0000000080000C86] -> 0x3803
[2209] [M]: 0x0000000080000C84 (0x38030313) addi x6, x6, 0x380                      main+2212
x6 <- 0x0000000080009000

clint mtime 0x0000000000000451 (mip.MTI <- 0b1, mip.STI <- 0b0)
mem[X,0x0000000080000C88] -> 0x0001
[2210] [M]: 0x0000000080000C88 (0x0001) c.nop                                       main+2216

mem[X,0x0000000080000C8A] -> 0x0013
mem[X,0x0000000080000C8C] -> 0x0000
[2211] [M]: 0x0000000080000C8A (0x00000013) addi x0, x0, 0x0                        main+2218

clint mtime 0x0000000000000452 (mip.MTI <- 0b1, mip.STI <- 0b0)
mem[X,0x0000000080000C8E] -> 0x0013
mem[X,0x0000000080000C90] -> 0x0000
[2212] [M]: 0x0000000080000C8E (0x00000013) addi x0, x0, 0x0                        main+2222

mem[X,0x0000000080000C92] -> 0x0013
mem[X,0x0000000080000C94] -> 0x0000
[2213] [M]: 0x0000000080000C92 (0x00000013) addi x0, x0, 0x0                        main+2226

clint mtime 0x0000000000000453 (mip.MTI <- 0b1, mip.STI <- 0b0)
mem[X,0x0000000080000C96] -> 0x0013
mem[X,0x0000000080000C98] -> 0x0000
[2214] [M]: 0x0000000080000C96 (0x00000013) addi x0, x0, 0x0                        main+2230

mem[X,0x0000000080000C9A] -> 0x0013
mem[X,0x0000000080000C9C] -> 0x0000
[2215] [M]: 0x0000000080000C9A (0x00000013) addi x0, x0, 0x0                        main+2234

clint mtime 0x0000000000000454 (mip.MTI <- 0b1, mip.STI <- 0b0)
mem[X,0x0000000080000C9E] -> 0x0001
[2216] [M]: 0x0000000080000C9E (0x0001) c.nop                                       main+2238

mem[X,0x0000000080000CA0] -> 0x0293
mem[X,0x0000000080000CA2] -> 0x0000
[2217] [M]: 0x0000000080000CA0 (0x00000293) addi x5, x0, 0x0                        main+2240
x5 <- 0x0000000000000000

clint mtime 0x0000000000000455 (mip.MTI <- 0b1, mip.STI <- 0b0)
mem[X,0x0000000080000CA4] -> 0x0333
mem[X,0x0000000080000CA6] -> 0x0053
[2218] [M]: 0x0000000080000CA4 (0x00530333) add x6, x6, x5                          main+2244
x6 <- 0x0000000080009000

mem[X,0x0000000080000CA8] -> 0x3023
mem[X,0x0000000080000CAA] -> 0x00A3
[2219] [M]: 0x0000000080000CA8 (0x00A33023) sd x10, 0x0(x6)                         main+2248
mem[W,0x0000000080009000] <- 0x0000000020002001

clint mtime 0x0000000000000456 (mip.MTI <- 0b1, mip.STI <- 0b0)
mem[X,0x0000000080000CAC] -> 0x0013
mem[X,0x0000000080000CAE] -> 0x0000
[2220] [M]: 0x0000000080000CAC (0x00000013) addi x0, x0, 0x0                        main+2252

mem[X,0x0000000080000CB0] -> 0x0013
mem[X,0x0000000080000CB2] -> 0x0000
[2221] [M]: 0x0000000080000CB0 (0x00000013) addi x0, x0, 0x0                        main+2256

clint mtime 0x0000000000000457 (mip.MTI <- 0b1, mip.STI <- 0b0)
mem[X,0x0000000080000CB4] -> 0x0013
mem[X,0x0000000080000CB6] -> 0x0000
[2222] [M]: 0x0000000080000CB4 (0x00000013) addi x0, x0, 0x0                        main+2260

mem[X,0x0000000080000CB8] -> 0x0013
mem[X,0x0000000080000CBA] -> 0x0000
[2223] [M]: 0x0000000080000CB8 (0x00000013) addi x0, x0, 0x0                        main+2264

clint mtime 0x0000000000000458 (mip.MTI <- 0b1, mip.STI <- 0b0)
mem[X,0x0000000080000CBC] -> 0x0013
mem[X,0x0000000080000CBE] -> 0x0000
[2224] [M]: 0x0000000080000CBC (0x00000013) addi x0, x0, 0x0                        main+2268

mem[X,0x0000000080000CC0] -> 0x6517
mem[X,0x0000000080000CC2] -> 0x0000
[2225] [M]: 0x0000000080000CC0 (0x00006517) auipc x10, 0x6                          main+2272
x10 <- 0x0000000080006CC0

clint mtime 0x0000000000000459 (mip.MTI <- 0b1, mip.STI <- 0b0)
mem[X,0x0000000080000CC4] -> 0x0513
mem[X,0x0000000080000CC6] -> 0x3405
[2226] [M]: 0x0000000080000CC4 (0x34050513) addi x10, x10, 0x340                    main+2276
x10 <- 0x0000000080007000

mem[X,0x0000000080000CC8] -> 0x0001
[2227] [M]: 0x0000000080000CC8 (0x0001) c.nop                                       main+2280

clint mtime 0x000000000000045A (mip.MTI <- 0b1, mip.STI <- 0b0)
mem[X,0x0000000080000CCA] -> 0x0013
mem[X,0x0000000080000CCC] -> 0x0000
[2228] [M]: 0x0000000080000CCA (0x00000013) addi x0, x0, 0x0                        main+2282

mem[X,0x0000000080000CCE] -> 0x0013
mem[X,0x0000000080000CD0] -> 0x0000
[2229] [M]: 0x0000000080000CCE (0x00000013) addi x0, x0, 0x0                        main+2286

clint mtime 0x000000000000045B (mip.MTI <- 0b1, mip.STI <- 0b0)
mem[X,0x0000000080000CD2] -> 0x0013
mem[X,0x0000000080000CD4] -> 0x0000
[2230] [M]: 0x0000000080000CD2 (0x00000013) addi x0, x0, 0x0                        main+2290

mem[X,0x0000000080000CD6] -> 0x0013
mem[X,0x0000000080000CD8] -> 0x0000
[2231] [M]: 0x0000000080000CD6 (0x00000013) addi x0, x0, 0x0                        main+2294

clint mtime 0x000000000000045C (mip.MTI <- 0b1, mip.STI <- 0b0)
mem[X,0x0000000080000CDA] -> 0x0013
mem[X,0x0000000080000CDC] -> 0x0000
[2232] [M]: 0x0000000080000CDA (0x00000013) addi x0, x0, 0x0                        main+2298

mem[X,0x0000000080000CDE] -> 0x0001
[2233] [M]: 0x0000000080000CDE (0x0001) c.nop                                       main+2302

clint mtime 0x000000000000045D (mip.MTI <- 0b1, mip.STI <- 0b0)
mem[X,0x0000000080000CE0] -> 0x0593
mem[X,0x0000000080000CE2] -> 0x0010
[2234] [M]: 0x0000000080000CE0 (0x00100593) addi x11, x0, 0x1                       main+2304
x11 <- 0x0000000000000001

mem[X,0x0000000080000CE4] -> 0x5513
mem[X,0x0000000080000CE6] -> 0x00C5
[2235] [M]: 0x0000000080000CE4 (0x00C55513) srli x10, x10, 0xc                      main+2308
x10 <- 0x0000000000080007

clint mtime 0x000000000000045E (mip.MTI <- 0b1, mip.STI <- 0b0)
mem[X,0x0000000080000CE8] -> 0x1513
mem[X,0x0000000080000CEA] -> 0x00A5
[2236] [M]: 0x0000000080000CE8 (0x00A51513) slli x10, x10, 0xa                      main+2312
x10 <- 0x0000000020001C00

mem[X,0x0000000080000CEC] -> 0x6533
mem[X,0x0000000080000CEE] -> 0x00B5
[2237] [M]: 0x0000000080000CEC (0x00B56533) or x10, x10, x11                        main+2316
x10 <- 0x0000000020001C01

clint mtime 0x000000000000045F (mip.MTI <- 0b1, mip.STI <- 0b0)
mem[X,0x0000000080000CF0] -> 0x0013
mem[X,0x0000000080000CF2] -> 0x0000
[2238] [M]: 0x0000000080000CF0 (0x00000013) addi x0, x0, 0x0                        main+2320

mem[X,0x0000000080000CF4] -> 0x0013
mem[X,0x0000000080000CF6] -> 0x0000
[2239] [M]: 0x0000000080000CF4 (0x00000013) addi x0, x0, 0x0                        main+2324

clint mtime 0x0000000000000460 (mip.MTI <- 0b1, mip.STI <- 0b0)
mem[X,0x0000000080000CF8] -> 0x0013
mem[X,0x0000000080000CFA] -> 0x0000
[2240] [M]: 0x0000000080000CF8 (0x00000013) addi x0, x0, 0x0                        main+2328

mem[X,0x0000000080000CFC] -> 0x0013
mem[X,0x0000000080000CFE] -> 0x0000
[2241] [M]: 0x0000000080000CFC (0x00000013) addi x0, x0, 0x0                        main+2332

clint mtime 0x0000000000000461 (mip.MTI <- 0b1, mip.STI <- 0b0)
mem[X,0x0000000080000D00] -> 0x7317
mem[X,0x0000000080000D02] -> 0x0000
[2242] [M]: 0x0000000080000D00 (0x00007317) auipc x6, 0x7                           main+2336
x6 <- 0x0000000080007D00

mem[X,0x0000000080000D04] -> 0x0313
mem[X,0x0000000080000D06] -> 0x3003
[2243] [M]: 0x0000000080000D04 (0x30030313) addi x6, x6, 0x300                      main+2340
x6 <- 0x0000000080008000

clint mtime 0x0000000000000462 (mip.MTI <- 0b1, mip.STI <- 0b0)
mem[X,0x0000000080000D08] -> 0x0001
[2244] [M]: 0x0000000080000D08 (0x0001) c.nop                                       main+2344

mem[X,0x0000000080000D0A] -> 0x0013
mem[X,0x0000000080000D0C] -> 0x0000
[2245] [M]: 0x0000000080000D0A (0x00000013) addi x0, x0, 0x0                        main+2346

clint mtime 0x0000000000000463 (mip.MTI <- 0b1, mip.STI <- 0b0)
mem[X,0x0000000080000D0E] -> 0x0013
mem[X,0x0000000080000D10] -> 0x0000
[2246] [M]: 0x0000000080000D0E (0x00000013) addi x0, x0, 0x0                        main+2350

mem[X,0x0000000080000D12] -> 0x0013
mem[X,0x0000000080000D14] -> 0x0000
[2247] [M]: 0x0000000080000D12 (0x00000013) addi x0, x0, 0x0                        main+2354

clint mtime 0x0000000000000464 (mip.MTI <- 0b1, mip.STI <- 0b0)
mem[X,0x0000000080000D16] -> 0x0013
mem[X,0x0000000080000D18] -> 0x0000
[2248] [M]: 0x0000000080000D16 (0x00000013) addi x0, x0, 0x0                        main+2358

mem[X,0x0000000080000D1A] -> 0x0013
mem[X,0x0000000080000D1C] -> 0x0000
[2249] [M]: 0x0000000080000D1A (0x00000013) addi x0, x0, 0x0                        main+2362

clint mtime 0x0000000000000465 (mip.MTI <- 0b1, mip.STI <- 0b0)
mem[X,0x0000000080000D1E] -> 0x0001
[2250] [M]: 0x0000000080000D1E (0x0001) c.nop                                       main+2366

mem[X,0x0000000080000D20] -> 0x0293
mem[X,0x0000000080000D22] -> 0x0000
[2251] [M]: 0x0000000080000D20 (0x00000293) addi x5, x0, 0x0                        main+2368
x5 <- 0x0000000000000000

clint mtime 0x0000000000000466 (mip.MTI <- 0b1, mip.STI <- 0b0)
mem[X,0x0000000080000D24] -> 0x0333
mem[X,0x0000000080000D26] -> 0x0053
[2252] [M]: 0x0000000080000D24 (0x00530333) add x6, x6, x5                          main+2372
x6 <- 0x0000000080008000

mem[X,0x0000000080000D28] -> 0x3023
mem[X,0x0000000080000D2A] -> 0x00A3
[2253] [M]: 0x0000000080000D28 (0x00A33023) sd x10, 0x0(x6)                         main+2376
mem[W,0x0000000080008000] <- 0x0000000020001C01

clint mtime 0x0000000000000467 (mip.MTI <- 0b1, mip.STI <- 0b0)
mem[X,0x0000000080000D2C] -> 0x0013
mem[X,0x0000000080000D2E] -> 0x0000
[2254] [M]: 0x0000000080000D2C (0x00000013) addi x0, x0, 0x0                        main+2380

mem[X,0x0000000080000D30] -> 0x0013
mem[X,0x0000000080000D32] -> 0x0000
[2255] [M]: 0x0000000080000D30 (0x00000013) addi x0, x0, 0x0                        main+2384

clint mtime 0x0000000000000468 (mip.MTI <- 0b1, mip.STI <- 0b0)
mem[X,0x0000000080000D34] -> 0x0013
mem[X,0x0000000080000D36] -> 0x0000
[2256] [M]: 0x0000000080000D34 (0x00000013) addi x0, x0, 0x0                        main+2388

mem[X,0x0000000080000D38] -> 0x0013
mem[X,0x0000000080000D3A] -> 0x0000
[2257] [M]: 0x0000000080000D38 (0x00000013) addi x0, x0, 0x0                        main+2392

clint mtime 0x0000000000000469 (mip.MTI <- 0b1, mip.STI <- 0b0)
mem[X,0x0000000080000D3C] -> 0x0013
mem[X,0x0000000080000D3E] -> 0x0000
[2258] [M]: 0x0000000080000D3C (0x00000013) addi x0, x0, 0x0                        main+2396

mem[X,0x0000000080000D40] -> 0x4517
mem[X,0x0000000080000D42] -> 0x0000
[2259] [M]: 0x0000000080000D40 (0x00004517) auipc x10, 0x4                          main+2400
x10 <- 0x0000000080004D40

clint mtime 0x000000000000046A (mip.MTI <- 0b1, mip.STI <- 0b0)
mem[X,0x0000000080000D44] -> 0x0513
mem[X,0x0000000080000D46] -> 0x2C05
[2260] [M]: 0x0000000080000D44 (0x2C050513) addi x10, x10, 0x2c0                    main+2404
x10 <- 0x0000000080005000

mem[X,0x0000000080000D48] -> 0x0001
[2261] [M]: 0x0000000080000D48 (0x0001) c.nop                                       main+2408

clint mtime 0x000000000000046B (mip.MTI <- 0b1, mip.STI <- 0b0)
mem[X,0x0000000080000D4A] -> 0x0013
mem[X,0x0000000080000D4C] -> 0x0000
[2262] [M]: 0x0000000080000D4A (0x00000013) addi x0, x0, 0x0                        main+2410

mem[X,0x0000000080000D4E] -> 0x0013
mem[X,0x0000000080000D50] -> 0x0000
[2263] [M]: 0x0000000080000D4E (0x00000013) addi x0, x0, 0x0                        main+2414

clint mtime 0x000000000000046C (mip.MTI <- 0b1, mip.STI <- 0b0)
mem[X,0x0000000080000D52] -> 0x0013
mem[X,0x0000000080000D54] -> 0x0000
[2264] [M]: 0x0000000080000D52 (0x00000013) addi x0, x0, 0x0                        main+2418

mem[X,0x0000000080000D56] -> 0x0013
mem[X,0x0000000080000D58] -> 0x0000
[2265] [M]: 0x0000000080000D56 (0x00000013) addi x0, x0, 0x0                        main+2422

clint mtime 0x000000000000046D (mip.MTI <- 0b1, mip.STI <- 0b0)
mem[X,0x0000000080000D5A] -> 0x0013
mem[X,0x0000000080000D5C] -> 0x0000
[2266] [M]: 0x0000000080000D5A (0x00000013) addi x0, x0, 0x0                        main+2426

mem[X,0x0000000080000D5E] -> 0x0001
[2267] [M]: 0x0000000080000D5E (0x0001) c.nop                                       main+2430

clint mtime 0x000000000000046E (mip.MTI <- 0b1, mip.STI <- 0b0)
mem[X,0x0000000080000D60] -> 0x0593
mem[X,0x0000000080000D62] -> 0x0CF0
[2268] [M]: 0x0000000080000D60 (0x0CF00593) addi x11, x0, 0xcf                      main+2432
x11 <- 0x00000000000000CF

mem[X,0x0000000080000D64] -> 0x5513
mem[X,0x0000000080000D66] -> 0x00C5
[2269] [M]: 0x0000000080000D64 (0x00C55513) srli x10, x10, 0xc                      main+2436
x10 <- 0x0000000000080005

clint mtime 0x000000000000046F (mip.MTI <- 0b1, mip.STI <- 0b0)
mem[X,0x0000000080000D68] -> 0x1513
mem[X,0x0000000080000D6A] -> 0x00A5
[2270] [M]: 0x0000000080000D68 (0x00A51513) slli x10, x10, 0xa                      main+2440
x10 <- 0x0000000020001400

mem[X,0x0000000080000D6C] -> 0x6533
mem[X,0x0000000080000D6E] -> 0x00B5
[2271] [M]: 0x0000000080000D6C (0x00B56533) or x10, x10, x11                        main+2444
x10 <- 0x00000000200014CF

clint mtime 0x0000000000000470 (mip.MTI <- 0b1, mip.STI <- 0b0)
mem[X,0x0000000080000D70] -> 0x0013
mem[X,0x0000000080000D72] -> 0x0000
[2272] [M]: 0x0000000080000D70 (0x00000013) addi x0, x0, 0x0                        main+2448

mem[X,0x0000000080000D74] -> 0x0013
mem[X,0x0000000080000D76] -> 0x0000
[2273] [M]: 0x0000000080000D74 (0x00000013) addi x0, x0, 0x0                        main+2452

clint mtime 0x0000000000000471 (mip.MTI <- 0b1, mip.STI <- 0b0)
mem[X,0x0000000080000D78] -> 0x0013
mem[X,0x0000000080000D7A] -> 0x0000
[2274] [M]: 0x0000000080000D78 (0x00000013) addi x0, x0, 0x0                        main+2456

mem[X,0x0000000080000D7C] -> 0x0013
mem[X,0x0000000080000D7E] -> 0x0000
[2275] [M]: 0x0000000080000D7C (0x00000013) addi x0, x0, 0x0                        main+2460

clint mtime 0x0000000000000472 (mip.MTI <- 0b1, mip.STI <- 0b0)
mem[X,0x0000000080000D80] -> 0x6317
mem[X,0x0000000080000D82] -> 0x0000
[2276] [M]: 0x0000000080000D80 (0x00006317) auipc x6, 0x6                           main+2464
x6 <- 0x0000000080006D80

mem[X,0x0000000080000D84] -> 0x0313
mem[X,0x0000000080000D86] -> 0x2803
[2277] [M]: 0x0000000080000D84 (0x28030313) addi x6, x6, 0x280                      main+2468
x6 <- 0x0000000080007000

clint mtime 0x0000000000000473 (mip.MTI <- 0b1, mip.STI <- 0b0)
mem[X,0x0000000080000D88] -> 0x0001
[2278] [M]: 0x0000000080000D88 (0x0001) c.nop                                       main+2472

mem[X,0x0000000080000D8A] -> 0x0013
mem[X,0x0000000080000D8C] -> 0x0000
[2279] [M]: 0x0000000080000D8A (0x00000013) addi x0, x0, 0x0                        main+2474

clint mtime 0x0000000000000474 (mip.MTI <- 0b1, mip.STI <- 0b0)
mem[X,0x0000000080000D8E] -> 0x0013
mem[X,0x0000000080000D90] -> 0x0000
[2280] [M]: 0x0000000080000D8E (0x00000013) addi x0, x0, 0x0                        main+2478

mem[X,0x0000000080000D92] -> 0x0013
mem[X,0x0000000080000D94] -> 0x0000
[2281] [M]: 0x0000000080000D92 (0x00000013) addi x0, x0, 0x0                        main+2482

clint mtime 0x0000000000000475 (mip.MTI <- 0b1, mip.STI <- 0b0)
mem[X,0x0000000080000D96] -> 0x0013
mem[X,0x0000000080000D98] -> 0x0000
[2282] [M]: 0x0000000080000D96 (0x00000013) addi x0, x0, 0x0                        main+2486

mem[X,0x0000000080000D9A] -> 0x0013
mem[X,0x0000000080000D9C] -> 0x0000
[2283] [M]: 0x0000000080000D9A (0x00000013) addi x0, x0, 0x0                        main+2490

clint mtime 0x0000000000000476 (mip.MTI <- 0b1, mip.STI <- 0b0)
mem[X,0x0000000080000D9E] -> 0x0001
[2284] [M]: 0x0000000080000D9E (0x0001) c.nop                                       main+2494

mem[X,0x0000000080000DA0] -> 0x0293
mem[X,0x0000000080000DA2] -> 0x0000
[2285] [M]: 0x0000000080000DA0 (0x00000293) addi x5, x0, 0x0                        main+2496
x5 <- 0x0000000000000000

clint mtime 0x0000000000000477 (mip.MTI <- 0b1, mip.STI <- 0b0)
mem[X,0x0000000080000DA4] -> 0x0333
mem[X,0x0000000080000DA6] -> 0x0053
[2286] [M]: 0x0000000080000DA4 (0x00530333) add x6, x6, x5                          main+2500
x6 <- 0x0000000080007000

mem[X,0x0000000080000DA8] -> 0x3023
mem[X,0x0000000080000DAA] -> 0x00A3
[2287] [M]: 0x0000000080000DA8 (0x00A33023) sd x10, 0x0(x6)                         main+2504
mem[W,0x0000000080007000] <- 0x00000000200014CF

clint mtime 0x0000000000000478 (mip.MTI <- 0b1, mip.STI <- 0b0)
mem[X,0x0000000080000DAC] -> 0x0073
mem[X,0x0000000080000DAE] -> 0x1200
[2288] [M]: 0x0000000080000DAC (0x12000073) sfence.vma x0, x0                       main+2508

mem[X,0x0000000080000DB0] -> 0x0493
mem[X,0x0000000080000DB2] -> 0x0010
[2289] [M]: 0x0000000080000DB0 (0x00100493) addi x9, x0, 0x1                        main+2512
x9 <- 0x0000000000000001

clint mtime 0x0000000000000479 (mip.MTI <- 0b1, mip.STI <- 0b0)
mem[X,0x0000000080000DB4] -> 0x9493
mem[X,0x0000000080000DB6] -> 0x00B4
[2290] [M]: 0x0000000080000DB4 (0x00B49493) slli x9, x9, 0xb                        main+2516
x9 <- 0x0000000000000800

mem[X,0x0000000080000DB8] -> 0xB073
mem[X,0x0000000080000DBA] -> 0x3004
[2291] [M]: 0x0000000080000DB8 (0x3004B073) csrrc x0, mstatus, x9                   main+2520
CSR mstatus (0x300) <- 0x0000000A00000000

clint mtime 0x000000000000047A (mip.MTI <- 0b1, mip.STI <- 0b0)
mem[X,0x0000000080000DBC] -> 0x0493
mem[X,0x0000000080000DBE] -> 0x0010
[2292] [M]: 0x0000000080000DBC (0x00100493) addi x9, x0, 0x1                        main+2524
x9 <- 0x0000000000000001

mem[X,0x0000000080000DC0] -> 0x9493
mem[X,0x0000000080000DC2] -> 0x00B4
[2293] [M]: 0x0000000080000DC0 (0x00B49493) slli x9, x9, 0xb                        main+2528
x9 <- 0x0000000000000800

clint mtime 0x000000000000047B (mip.MTI <- 0b1, mip.STI <- 0b0)
mem[X,0x0000000080000DC4] -> 0xA073
mem[X,0x0000000080000DC6] -> 0x3004
[2294] [M]: 0x0000000080000DC4 (0x3004A073) csrrs x0, mstatus, x9                   main+2532
CSR mstatus (0x300) <- 0x0000000A00000800

mem[X,0x0000000080000DC8] -> 0x23F3
mem[X,0x0000000080000DCA] -> 0x3400
[2295] [M]: 0x0000000080000DC8 (0x340023F3) csrrs x7, mscratch, x0                  main+2536
CSR mscratch (0x340) -> 0x0000000080004000
x7 <- 0x0000000080004000

clint mtime 0x000000000000047C (mip.MTI <- 0b1, mip.STI <- 0b0)
mem[X,0x0000000080000DCC] -> 0xB303
mem[X,0x0000000080000DCE] -> 0x4703
[2296] [M]: 0x0000000080000DCC (0x4703B303) ld x6, 0x470(x7)                        main+2540
mem[R,0x0000000080004470] -> 0x000600008000039C
x6 <- 0x000600008000039C

mem[X,0x0000000080000DD0] -> 0xB483
mem[X,0x0000000080000DD2] -> 0x1D83
[2297] [M]: 0x0000000080000DD0 (0x1D83B483) ld x9, 0x1d8(x7)                        main+2544
mem[R,0x00000000800041D8] -> 0x00000000800003B4
x9 <- 0x00000000800003B4

clint mtime 0x000000000000047D (mip.MTI <- 0b1, mip.STI <- 0b0)
mem[X,0x0000000080000DD4] -> 0x0333
mem[X,0x0000000080000DD6] -> 0x4093
[2298] [M]: 0x0000000080000DD4 (0x40930333) sub x6, x6, x9                          main+2548
x6 <- 0x0005FFFFFFFFFFE8

mem[X,0x0000000080000DD8] -> 0x0313
mem[X,0x0000000080000DDA] -> 0x0103
[2299] [M]: 0x0000000080000DD8 (0x01030313) addi x6, x6, 0x10                       main+2552
x6 <- 0x0005FFFFFFFFFFF8

clint mtime 0x000000000000047E (mip.MTI <- 0b1, mip.STI <- 0b0)
mem[X,0x0000000080000DDC] -> 0x0497
mem[X,0x0000000080000DDE] -> 0x0000
[2300] [M]: 0x0000000080000DDC (0x00000497) auipc x9, 0x0                           main+2556
x9 <- 0x0000000080000DDC

mem[X,0x0000000080000DE0] -> 0x84B3
mem[X,0x0000000080000DE2] -> 0x0064
[2301] [M]: 0x0000000080000DE0 (0x006484B3) add x9, x9, x6                          main+2560
x9 <- 0x0006000080000DD4

clint mtime 0x000000000000047F (mip.MTI <- 0b1, mip.STI <- 0b0)
mem[X,0x0000000080000DE4] -> 0x94F3
mem[X,0x0000000080000DE6] -> 0x3414
[2302] [M]: 0x0000000080000DE4 (0x341494F3) csrrw x9, mepc, x9                      main+2564
CSR mepc (0x341) <- 0x0006000080000DD4
x9 <- 0x0006000080000B9C

mem[X,0x0000000080000DE8] -> 0x0073
mem[X,0x0000000080000DEA] -> 0x3020
[2303] [M]: 0x0000000080000DE8 (0x30200073) mret                                    main+2568
CSR mstatus (0x300) <- 0x0000000A00000080
ret-ing from M to S

clint mtime 0x0000000000000480 (mip.MTI <- 0b1, mip.STI <- 0b0)
PTW: Start, vpn=0x6000080000, access_type=X, privilege=Smem[R,0x000000008000A030] -> 0x00000000000000CB
PTW: Step, level=4, pte=0xCB, pte_addr=0x8000A030
PTW: Success, final_ppn=0x80000, level=4mem[X,0x0000000080000DD4] -> 0x0333
mem[X,0x0000000080000DD6] -> 0x4093
[2304] [S]: 0x0006000080000DD4 (0x40930333) sub x6, x6, x9                          va_rvtest_code_begin+2616
x6 <- 0xFFFFFFFF7FFFF45C

mem[X,0x0000000080000DD8] -> 0x0313
mem[X,0x0000000080000DDA] -> 0x0103
[2305] [S]: 0x0006000080000DD8 (0x01030313) addi x6, x6, 0x10                       va_rvtest_code_begin+2620
x6 <- 0xFFFFFFFF7FFFF46C

clint mtime 0x0000000000000481 (mip.MTI <- 0b1, mip.STI <- 0b0)
mem[X,0x0000000080000DDC] -> 0x0497
mem[X,0x0000000080000DDE] -> 0x0000
[2306] [S]: 0x0006000080000DDC (0x00000497) auipc x9, 0x0                           va_rvtest_code_begin+2624
x9 <- 0x0006000080000DDC

mem[X,0x0000000080000DE0] -> 0x84B3
mem[X,0x0000000080000DE2] -> 0x0064
[2307] [S]: 0x0006000080000DE0 (0x006484B3) add x9, x9, x6                          va_rvtest_code_begin+2628
x9 <- 0x0006000000000248

clint mtime 0x0000000000000482 (mip.MTI <- 0b1, mip.STI <- 0b0)
mem[X,0x0000000080000DE4] -> 0x94F3
mem[X,0x0000000080000DE6] -> 0x3414
[2308] [S]: 0x0006000080000DE4 (0x341494F3) csrrw x9, mepc, x9                      va_rvtest_code_begin+2632
trapping from S to M to handle illegal-instruction
handling exc#illegal-instruction at priv M with tval 0x00000000341494F3
CSR mstatus (0x300) <- 0x0000000A00000800
CSR mcause (0x342) <- 0x0000000000000002
CSR mtval (0x343) <- 0x00000000341494F3
CSR mepc (0x341) <- 0x0006000080000DE4

mem[X,0x0000000080000F80] -> 0x006F
mem[X,0x0000000080000F82] -> 0x1000
[2309] [M]: 0x0000000080000F80 (0x1000006F) jal x0, 0x100                           Mtrampoline+0

clint mtime 0x0000000000000483 (mip.MTI <- 0b1, mip.STI <- 0b0)
mem[X,0x0000000080001080] -> 0x1173
mem[X,0x0000000080001082] -> 0x3401
[2310] [M]: 0x0000000080001080 (0x34011173) csrrw x2, mscratch, x2                  trap_Mhandler+0
CSR mscratch (0x340) <- 0x0000000000000000
x2 <- 0x0000000080004000

mem[X,0x0000000080001084] -> 0x3423
mem[X,0x0000000080001086] -> 0x28B1
[2311] [M]: 0x0000000080001084 (0x28B13423) sd x11, 0x288(x2)                       trap_Mhandler+4
mem[W,0x0000000080004288] <- 0x00000000000000CF

clint mtime 0x0000000000000484 (mip.MTI <- 0b1, mip.STI <- 0b0)
mem[X,0x0000000080001088] -> 0x05EF
mem[X,0x000000008000108A] -> 0x0B80
[2312] [M]: 0x0000000080001088 (0x0B8005EF) jal x11, 0xb8                           trap_Mhandler+8
x11 <- 0x000000008000108C

mem[X,0x0000000080001140] -> 0x3023
mem[X,0x0000000080001142] -> 0x28A1
[2313] [M]: 0x0000000080001140 (0x28A13023) sd x10, 0x280(x2)                       common_Mhandler+0
mem[W,0x0000000080004280] <- 0x00000000200014CF

clint mtime 0x0000000000000485 (mip.MTI <- 0b1, mip.STI <- 0b0)
mem[X,0x0000000080001144] -> 0x1573
mem[X,0x0000000080001146] -> 0x3401
[2314] [M]: 0x0000000080001144 (0x34011573) csrrw x10, mscratch, x2                 common_Mhandler+4
CSR mscratch (0x340) <- 0x0000000080004000
x10 <- 0x0000000000000000

mem[X,0x0000000080001148] -> 0x3823
mem[X,0x000000008000114A] -> 0x28A1
[2315] [M]: 0x0000000080001148 (0x28A13823) sd x10, 0x290(x2)                       common_Mhandler+8
mem[W,0x0000000080004290] <- 0x0000000000000000

clint mtime 0x0000000000000486 (mip.MTI <- 0b1, mip.STI <- 0b0)
mem[X,0x000000008000114C] -> 0x3503
mem[X,0x000000008000114E] -> 0x2301
[2316] [M]: 0x000000008000114C (0x23013503) ld x10, 0x230(x2)                       common_Mhandler+12
mem[R,0x0000000080004230] -> 0x0000000080001154
x10 <- 0x0000000080001154

mem[X,0x0000000080001150] -> 0x0067
mem[X,0x0000000080001152] -> 0x0005
[2317] [M]: 0x0000000080001150 (0x00050067) jalr x0, 0x0(x10)                       common_Mhandler+16

clint mtime 0x0000000000000487 (mip.MTI <- 0b1, mip.STI <- 0b0)
mem[X,0x0000000080001154] -> 0x3C23
mem[X,0x0000000080001156] -> 0x2691
[2318] [M]: 0x0000000080001154 (0x26913C23) sd x9, 0x278(x2)                        common_Mentry+0
mem[W,0x0000000080004278] <- 0x0006000000000248

mem[X,0x0000000080001158] -> 0x3823
mem[X,0x000000008000115A] -> 0x2681
[2319] [M]: 0x0000000080001158 (0x26813823) sd x8, 0x270(x2)                        common_Mentry+4
mem[W,0x0000000080004270] <- 0x0000000000007F76

clint mtime 0x0000000000000488 (mip.MTI <- 0b1, mip.STI <- 0b0)
mem[X,0x000000008000115C] -> 0x3423
mem[X,0x000000008000115E] -> 0x2671
[2320] [M]: 0x000000008000115C (0x26713423) sd x7, 0x268(x2)                        common_Mentry+8
mem[W,0x0000000080004268] <- 0x0000000080004000

mem[X,0x0000000080001160] -> 0x3023
mem[X,0x0000000080001162] -> 0x2661
[2321] [M]: 0x0000000080001160 (0x26613023) sd x6, 0x260(x2)                        common_Mentry+12
mem[W,0x0000000080004260] <- 0xFFFFFFFF7FFFF46C

clint mtime 0x0000000000000489 (mip.MTI <- 0b1, mip.STI <- 0b0)
mem[X,0x0000000080001164] -> 0x2573
mem[X,0x0000000080001166] -> 0x3420
[2322] [M]: 0x0000000080001164 (0x34202573) csrrs x10, mcause, x0                   spcl_M2mmode_test+0
CSR mcause (0x342) -> 0x0000000000000002
x10 <- 0x0000000000000002

mem[X,0x0000000080001168] -> 0x04B7
mem[X,0x000000008000116A] -> 0x8000
[2323] [M]: 0x0000000080001168 (0x800004B7) lui x9, -0x80000                        spcl_M2mmode_test+4
x9 <- 0xFFFFFFFF80000000

clint mtime 0x000000000000048A (mip.MTI <- 0b1, mip.STI <- 0b0)
mem[X,0x000000008000116C] -> 0x8493
mem[X,0x000000008000116E] -> 0x0004
[2324] [M]: 0x000000008000116C (0x00048493) addi x9, x9, 0x0                        spcl_M2mmode_test+8
x9 <- 0xFFFFFFFF80000000

mem[X,0x0000000080001170] -> 0x9493
mem[X,0x0000000080001172] -> 0x00B4
[2325] [M]: 0x0000000080001170 (0x00B49493) slli x9, x9, 0xb                        spcl_M2mmode_test+12
x9 <- 0xFFFFFC0000000000

clint mtime 0x000000000000048B (mip.MTI <- 0b1, mip.STI <- 0b0)
mem[X,0x0000000080001174] -> 0x8493
mem[X,0x0000000080001176] -> 0x0004
[2326] [M]: 0x0000000080001174 (0x00048493) addi x9, x9, 0x0                        spcl_M2mmode_test+16
x9 <- 0xFFFFFC0000000000

mem[X,0x0000000080001178] -> 0x9493
mem[X,0x000000008000117A] -> 0x00B4
[2327] [M]: 0x0000000080001178 (0x00B49493) slli x9, x9, 0xb                        spcl_M2mmode_test+20
x9 <- 0xFFE0000000000000

clint mtime 0x000000000000048C (mip.MTI <- 0b1, mip.STI <- 0b0)
mem[X,0x000000008000117C] -> 0x8493
mem[X,0x000000008000117E] -> 0x0034
[2328] [M]: 0x000000008000117C (0x00348493) addi x9, x9, 0x3                        spcl_M2mmode_test+24
x9 <- 0xFFE0000000000003

mem[X,0x0000000080001180] -> 0x9493
mem[X,0x0000000080001182] -> 0x00A4
[2329] [M]: 0x0000000080001180 (0x00A49493) slli x9, x9, 0xa                        spcl_M2mmode_test+28
x9 <- 0x8000000000000C00

clint mtime 0x000000000000048D (mip.MTI <- 0b1, mip.STI <- 0b0)
mem[X,0x0000000080001184] -> 0x8493
mem[X,0x0000000080001186] -> 0x3FC4
[2330] [M]: 0x0000000080001184 (0x3FC48493) addi x9, x9, 0x3fc                      spcl_M2mmode_test+32
x9 <- 0x8000000000000FFC

mem[X,0x0000000080001188] -> 0xF4B3
mem[X,0x000000008000118A] -> 0x00A4
[2331] [M]: 0x0000000080001188 (0x00A4F4B3) and x9, x9, x10                         spcl_M2mmode_test+36
x9 <- 0x0000000000000000

clint mtime 0x000000000000048E (mip.MTI <- 0b1, mip.STI <- 0b0)
mem[X,0x000000008000118C] -> 0x8493
mem[X,0x000000008000118E] -> 0xFF84
[2332] [M]: 0x000000008000118C (0xFF848493) addi x9, x9, -0x8                       spcl_M2mmode_test+40
x9 <- 0xFFFFFFFFFFFFFFF8

mem[X,0x0000000080001190] -> 0x9663
mem[X,0x0000000080001192] -> 0x0004
[2333] [M]: 0x0000000080001190 (0x00049663) bne x9, x0, 0xc                         spcl_M2mmode_test+44

clint mtime 0x000000000000048F (mip.MTI <- 0b1, mip.STI <- 0b0)
mem[X,0x000000008000119C] -> 0x0393
mem[X,0x000000008000119E] -> 0x0200
[2334] [M]: 0x000000008000119C (0x02000393) addi x7, x0, 0x20                       Mtrapsig_ptr_upd+0
x7 <- 0x0000000000000020

mem[X,0x00000000800011A0] -> 0x5263
mem[X,0x00000000800011A2] -> 0x0405
[2335] [M]: 0x00000000800011A0 (0x04055263) bge x10, x0, 0x44                       Mtrapsig_ptr_upd+4

clint mtime 0x0000000000000490 (mip.MTI <- 0b1, mip.STI <- 0b0)
mem[X,0x00000000800011E4] -> 0x2373
mem[X,0x00000000800011E6] -> 0x3010
[2336] [M]: 0x00000000800011E4 (0x30102373) csrrs x6, misa, x0                      Mxcpt_sig_sv+0
CSR misa (0x301) -> 0x800000000034112F
x6 <- 0x800000000034112F

mem[X,0x00000000800011E8] -> 0x1313
mem[X,0x00000000800011EA] -> 0x0383
[2337] [M]: 0x00000000800011E8 (0x03831313) slli x6, x6, 0x38                       Mxcpt_sig_sv+4
x6 <- 0x2F00000000000000

clint mtime 0x0000000000000491 (mip.MTI <- 0b1, mip.STI <- 0b0)
mem[X,0x00000000800011EC] -> 0x5463
mem[X,0x00000000800011EE] -> 0x0003
[2338] [M]: 0x00000000800011EC (0x00035463) bge x6, x0, 0x8                         Mxcpt_sig_sv+8

mem[X,0x00000000800011F4] -> 0x3303
mem[X,0x00000000800011F6] -> 0x2181
[2339] [M]: 0x00000000800011F4 (0x21813303) ld x6, 0x218(x2)                        Mtrap_sig_sv+0
mem[R,0x0000000080004218] -> 0x000000008000B398
x6 <- 0x000000008000B398

clint mtime 0x0000000000000492 (mip.MTI <- 0b1, mip.STI <- 0b0)
mem[X,0x00000000800011F8] -> 0x04B3
mem[X,0x00000000800011FA] -> 0x0073
[2340] [M]: 0x00000000800011F8 (0x007304B3) add x9, x6, x7                          Mtrap_sig_sv+4
x9 <- 0x000000008000B3B8

mem[X,0x00000000800011FC] -> 0x3C23
mem[X,0x00000000800011FE] -> 0x2091
[2341] [M]: 0x00000000800011FC (0x20913C23) sd x9, 0x218(x2)                        Mtrap_sig_sv+8
mem[W,0x0000000080004218] <- 0x000000008000B3B8

clint mtime 0x0000000000000493 (mip.MTI <- 0b1, mip.STI <- 0b0)
mem[X,0x0000000080001200] -> 0x3403
mem[X,0x0000000080001202] -> 0x1F81
[2342] [M]: 0x0000000080001200 (0x1F813403) ld x8, 0x1f8(x2)                        Mtrap_sig_sv+12
mem[R,0x00000000800041F8] -> 0x000000008000B110
x8 <- 0x000000008000B110

mem[X,0x0000000080001204] -> 0x0333
mem[X,0x0000000080001206] -> 0x4083
[2343] [M]: 0x0000000080001204 (0x40830333) sub x6, x6, x8                          Mtrap_sig_sv+16
x6 <- 0x0000000000000288

clint mtime 0x0000000000000494 (mip.MTI <- 0b1, mip.STI <- 0b0)
mem[X,0x0000000080001208] -> 0x3403
mem[X,0x000000008000120A] -> 0x1F81
[2344] [M]: 0x0000000080001208 (0x1F813403) ld x8, 0x1f8(x2)                        Mtrap_sig_sv+20
mem[R,0x00000000800041F8] -> 0x000000008000B110
x8 <- 0x000000008000B110

mem[X,0x000000008000120C] -> 0x0333
mem[X,0x000000008000120E] -> 0x0083
[2345] [M]: 0x000000008000120C (0x00830333) add x6, x6, x8                          Mtrap_sig_sv+24
x6 <- 0x000000008000B398

clint mtime 0x0000000000000495 (mip.MTI <- 0b1, mip.STI <- 0b0)
mem[X,0x0000000080001210] -> 0x3403
mem[X,0x0000000080001212] -> 0x2401
[2346] [M]: 0x0000000080001210 (0x24013403) ld x8, 0x240(x2)                        Mtrap_sig_sv+28
mem[R,0x0000000080004240] -> 0x0000000080000F80
x8 <- 0x0000000080000F80

mem[X,0x0000000080001214] -> 0x85B3
mem[X,0x0000000080001216] -> 0x4085
[2347] [M]: 0x0000000080001214 (0x408585B3) sub x11, x11, x8                        sv_Mvect+0
x11 <- 0x000000000000010C

clint mtime 0x0000000000000496 (mip.MTI <- 0b1, mip.STI <- 0b0)
mem[X,0x0000000080001218] -> 0x9593
mem[X,0x000000008000121A] -> 0x0045
[2348] [M]: 0x0000000080001218 (0x00459593) slli x11, x11, 0x4                      sv_Mvect+4
x11 <- 0x00000000000010C0

mem[X,0x000000008000121C] -> 0xE5B3
mem[X,0x000000008000121E] -> 0x0075
[2349] [M]: 0x000000008000121C (0x0075E5B3) or x11, x11, x7                         sv_Mvect+8
x11 <- 0x00000000000010E0

clint mtime 0x0000000000000497 (mip.MTI <- 0b1, mip.STI <- 0b0)
mem[X,0x0000000080001220] -> 0x8593
mem[X,0x0000000080001222] -> 0x0035
[2350] [M]: 0x0000000080001220 (0x00358593) addi x11, x11, 0x3                      sv_Mvect+12
x11 <- 0x00000000000010E3

mem[X,0x0000000080001224] -> 0x3023
mem[X,0x0000000080001226] -> 0x00B3
[2351] [M]: 0x0000000080001224 (0x00B33023) sd x11, 0x0(x6)                         sv_Mvect+16
mem[W,0x000000008000B398] <- 0x00000000000010E3

clint mtime 0x0000000000000498 (mip.MTI <- 0b1, mip.STI <- 0b0)
mem[X,0x0000000080001228] -> 0x3423
mem[X,0x000000008000122A] -> 0x00A3
[2352] [M]: 0x0000000080001228 (0x00A33423) sd x10, 0x8(x6)                         sv_Mcause+0
mem[W,0x000000008000B3A0] <- 0x0000000000000002

mem[X,0x000000008000122C] -> 0x4663
mem[X,0x000000008000122E] -> 0x1A05
[2353] [M]: 0x000000008000122C (0x1A054663) blt x10, x0, 0x1ac                      sv_Mcause+4

clint mtime 0x0000000000000499 (mip.MTI <- 0b1, mip.STI <- 0b0)
mem[X,0x0000000080001230] -> 0x25F3
mem[X,0x0000000080001232] -> 0x3000
[2354] [M]: 0x0000000080001230 (0x300025F3) csrrs x11, mstatus, x0                  common_Mexcpt_handler+0
CSR mstatus (0x300) -> 0x0000000A00000800
x11 <- 0x0000000A00000800

mem[X,0x0000000080001234] -> 0x9413
mem[X,0x0000000080001236] -> 0x02E5
[2355] [M]: 0x0000000080001234 (0x02E59413) slli x8, x11, 0x2e                      common_Mexcpt_handler+4
x8 <- 0x0200000000000000

clint mtime 0x000000000000049A (mip.MTI <- 0b1, mip.STI <- 0b0)
mem[X,0x0000000080001238] -> 0x5463
mem[X,0x000000008000123A] -> 0x0004
[2356] [M]: 0x0000000080001238 (0x00045463) bge x8, x0, 0x8                         common_Mexcpt_handler+8

mem[X,0x0000000080001240] -> 0xD493
mem[X,0x0000000080001242] -> 0x00B5
[2357] [M]: 0x0000000080001240 (0x00B5D493) srli x9, x11, 0xb                       common_Mexcpt_handler+16
x9 <- 0x0000000001400001

clint mtime 0x000000000000049B (mip.MTI <- 0b1, mip.STI <- 0b0)
mem[X,0x0000000080001244] -> 0xF493
mem[X,0x0000000080001246] -> 0x0034
[2358] [M]: 0x0000000080001244 (0x0034F493) andi x9, x9, 0x3                        common_Mexcpt_handler+20
x9 <- 0x0000000000000001

mem[X,0x0000000080001248] -> 0x8493
mem[X,0x000000008000124A] -> 0x0014
[2359] [M]: 0x0000000080001248 (0x00148493) addi x9, x9, 0x1                        common_Mexcpt_handler+24
x9 <- 0x0000000000000002

clint mtime 0x000000000000049C (mip.MTI <- 0b1, mip.STI <- 0b0)
mem[X,0x000000008000124C] -> 0xF493
mem[X,0x000000008000124E] -> 0x0044
[2360] [M]: 0x000000008000124C (0x0044F493) andi x9, x9, 0x4                        common_Mexcpt_handler+28
x9 <- 0x0000000000000000

mem[X,0x0000000080001250] -> 0x0593
mem[X,0x0000000080001252] -> 0x05D0
[2361] [M]: 0x0000000080001250 (0x05D00593) addi x11, x0, 0x5d                      common_Mexcpt_handler+32
x11 <- 0x000000000000005D

clint mtime 0x000000000000049D (mip.MTI <- 0b1, mip.STI <- 0b0)
mem[X,0x0000000080001254] -> 0xD5B3
mem[X,0x0000000080001256] -> 0x0095
[2362] [M]: 0x0000000080001254 (0x0095D5B3) srl x11, x11, x9                        common_Mexcpt_handler+36
x11 <- 0x000000000000005D

mem[X,0x0000000080001258] -> 0xF593
mem[X,0x000000008000125A] -> 0x0015
[2363] [M]: 0x0000000080001258 (0x0015F593) andi x11, x11, 0x1                      common_Mexcpt_handler+40
x11 <- 0x0000000000000001

clint mtime 0x000000000000049E (mip.MTI <- 0b1, mip.STI <- 0b0)
mem[X,0x000000008000125C] -> 0x8EE3
mem[X,0x000000008000125E] -> 0xF405
[2364] [M]: 0x000000008000125C (0xF4058EE3) beq x11, x0, -0xa4                      common_Mexcpt_handler+44

mem[X,0x0000000080001260] -> 0x0593
mem[X,0x0000000080001262] -> 0x2980
[2365] [M]: 0x0000000080001260 (0x29800593) addi x11, x0, 0x298                     common_Mexcpt_handler+48
x11 <- 0x0000000000000298

clint mtime 0x000000000000049F (mip.MTI <- 0b1, mip.STI <- 0b0)
mem[X,0x0000000080001264] -> 0xF413
mem[X,0x0000000080001266] -> 0x0014
[2366] [M]: 0x0000000080001264 (0x0014F413) andi x8, x9, 0x1                        common_Mexcpt_handler+52
x8 <- 0x0000000000000000

mem[X,0x0000000080001268] -> 0x95B3
mem[X,0x000000008000126A] -> 0x0085
[2367] [M]: 0x0000000080001268 (0x008595B3) sll x11, x11, x8                        common_Mexcpt_handler+56
x11 <- 0x0000000000000298

clint mtime 0x00000000000004A0 (mip.MTI <- 0b1, mip.STI <- 0b0)
mem[X,0x000000008000126C] -> 0x9413
mem[X,0x000000008000126E] -> 0x03D4
[2368] [M]: 0x000000008000126C (0x03D49413) slli x8, x9, 0x3d                       common_Mexcpt_handler+60
x8 <- 0x0000000000000000

mem[X,0x0000000080001270] -> 0x5413
mem[X,0x0000000080001272] -> 0x43F4
[2369] [M]: 0x0000000080001270 (0x43F45413) srai x8, x8, 0x3f                       common_Mexcpt_handler+64
x8 <- 0x0000000000000000

clint mtime 0x00000000000004A1 (mip.MTI <- 0b1, mip.STI <- 0b0)
mem[X,0x0000000080001274] -> 0x4413
mem[X,0x0000000080001276] -> 0xFFF4
[2370] [M]: 0x0000000080001274 (0xFFF44413) xori x8, x8, -0x1                       common_Mexcpt_handler+68
x8 <- 0xFFFFFFFFFFFFFFFF

mem[X,0x0000000080001278] -> 0xF4B3
mem[X,0x000000008000127A] -> 0x0085
[2371] [M]: 0x0000000080001278 (0x0085F4B3) and x9, x11, x8                         common_Mexcpt_handler+72
x9 <- 0x0000000000000298

clint mtime 0x00000000000004A2 (mip.MTI <- 0b1, mip.STI <- 0b0)
mem[X,0x000000008000127C] -> 0x84B3
mem[X,0x000000008000127E] -> 0x0024
[2372] [M]: 0x000000008000127C (0x002484B3) add x9, x9, x2                          vmem_adj_Mepc+0
x9 <- 0x0000000080004298

mem[X,0x0000000080001280] -> 0x23F3
mem[X,0x0000000080001282] -> 0x3410
[2373] [M]: 0x0000000080001280 (0x341023F3) csrrs x7, mepc, x0                      vmem_adj_Mepc+4
CSR mepc (0x341) -> 0x0006000080000DE4
x7 <- 0x0006000080000DE4

clint mtime 0x00000000000004A3 (mip.MTI <- 0b1, mip.STI <- 0b0)
mem[X,0x0000000080001284] -> 0x0413
mem[X,0x0000000080001286] -> 0x0004
[2374] [M]: 0x0000000080001284 (0x00040413) addi x8, x8, 0x0                        vmem_adj_Mepc+8
x8 <- 0xFFFFFFFFFFFFFFFF

mem[X,0x0000000080001288] -> 0x006F
mem[X,0x000000008000128A] -> 0x0400
[2375] [M]: 0x0000000080001288 (0x0400006F) jal x0, 0x40                            vmem_adj_Mepc+12

clint mtime 0x00000000000004A4 (mip.MTI <- 0b1, mip.STI <- 0b0)
mem[X,0x00000000800012C8] -> 0x8433
mem[X,0x00000000800012CA] -> 0x4083
[2376] [M]: 0x00000000800012C8 (0x40838433) sub x8, x7, x8                          adj_Mepc+0
x8 <- 0x0006000080000DE5

mem[X,0x00000000800012CC] -> 0x3823
mem[X,0x00000000800012CE] -> 0x0083
[2377] [M]: 0x00000000800012CC (0x00833823) sd x8, 0x10(x6)                         sv_Mepc+0
mem[W,0x000000008000B3A8] <- 0x0006000080000DE5

clint mtime 0x00000000000004A5 (mip.MTI <- 0b1, mip.STI <- 0b0)
mem[X,0x00000000800012D0] -> 0x55B7
mem[X,0x00000000800012D2] -> 0x0000
[2378] [M]: 0x00000000800012D0 (0x000055B7) lui x11, 0x5                            sv_Mepc+4
x11 <- 0x0000000000005000

mem[X,0x00000000800012D4] -> 0x8593
mem[X,0x00000000800012D6] -> 0x6675
[2379] [M]: 0x00000000800012D4 (0x66758593) addi x11, x11, 0x667                    sv_Mepc+8
x11 <- 0x0000000000005667

clint mtime 0x00000000000004A6 (mip.MTI <- 0b1, mip.STI <- 0b0)
mem[X,0x00000000800012D8] -> 0x9593
mem[X,0x00000000800012DA] -> 0x0015
[2380] [M]: 0x00000000800012D8 (0x00159593) slli x11, x11, 0x1                      sv_Mepc+12
x11 <- 0x000000000000ACCE

mem[X,0x00000000800012DC] -> 0x9063
mem[X,0x00000000800012DE] -> 0x02B1
[2381] [M]: 0x00000000800012DC (0x02B19063) bne x3, x11, 0x20                       sv_Mepc+16

clint mtime 0x00000000000004A7 (mip.MTI <- 0b1, mip.STI <- 0b0)
mem[X,0x00000000800012E0] -> 0x2473
mem[X,0x00000000800012E2] -> 0x3420
[2382] [M]: 0x00000000800012E0 (0x34202473) csrrs x8, mcause, x0                    sv_Mepc+20
CSR mcause (0x342) -> 0x0000000000000002
x8 <- 0x0000000000000002

mem[X,0x00000000800012E4] -> 0x0593
mem[X,0x00000000800012E6] -> 0x00C0
[2383] [M]: 0x00000000800012E4 (0x00C00593) addi x11, x0, 0xc                       sv_Mepc+24
x11 <- 0x000000000000000C

clint mtime 0x00000000000004A8 (mip.MTI <- 0b1, mip.STI <- 0b0)
mem[X,0x00000000800012E8] -> 0x0663
mem[X,0x00000000800012EA] -> 0x00B4
[2384] [M]: 0x00000000800012E8 (0x00B40663) beq x8, x11, 0xc                        sv_Mepc+28

mem[X,0x00000000800012EC] -> 0x0593
mem[X,0x00000000800012EE] -> 0x0010
[2385] [M]: 0x00000000800012EC (0x00100593) addi x11, x0, 0x1                       sv_Mepc+32
x11 <- 0x0000000000000001

clint mtime 0x00000000000004A9 (mip.MTI <- 0b1, mip.STI <- 0b0)
mem[X,0x00000000800012F0] -> 0x1663
mem[X,0x00000000800012F2] -> 0x00B4
[2386] [M]: 0x00000000800012F0 (0x00B41663) bne x8, x11, 0xc                        sv_Mepc+36

mem[X,0x00000000800012FC] -> 0xF593
mem[X,0x00000000800012FE] -> 0xFFC3
[2387] [M]: 0x00000000800012FC (0xFFC3F593) andi x11, x7, -0x4                      adj_Mepc_rtn+0
x11 <- 0x0006000080000DE4

clint mtime 0x00000000000004AA (mip.MTI <- 0b1, mip.STI <- 0b0)
mem[X,0x0000000080001300] -> 0x8593
mem[X,0x0000000080001302] -> 0x0085
[2388] [M]: 0x0000000080001300 (0x00858593) addi x11, x11, 0x8                      adj_Mepc_rtn+4
x11 <- 0x0006000080000DEC

mem[X,0x0000000080001304] -> 0x9073
mem[X,0x0000000080001306] -> 0x3415
[2389] [M]: 0x0000000080001304 (0x34159073) csrrw x0, mepc, x11                     adj_Mepc_rtn+8
CSR mepc (0x341) <- 0x0006000080000DEC

clint mtime 0x00000000000004AB (mip.MTI <- 0b1, mip.STI <- 0b0)
mem[X,0x0000000080001308] -> 0x23F3
mem[X,0x000000008000130A] -> 0x3430
[2390] [M]: 0x0000000080001308 (0x343023F3) csrrs x7, mtval, x0                     skp_adj_Mepc+0
CSR mtval (0x343) -> 0x00000000341494F3
x7 <- 0x00000000341494F3

mem[X,0x000000008000130C] -> 0x0413
mem[X,0x000000008000130E] -> 0x0004
[2391] [M]: 0x000000008000130C (0x00040413) addi x8, x8, 0x0                        skp_adj_Mepc+4
x8 <- 0x0000000000000002

clint mtime 0x00000000000004AC (mip.MTI <- 0b1, mip.STI <- 0b0)
mem[X,0x0000000080001310] -> 0x006F
mem[X,0x0000000080001312] -> 0x0840
[2392] [M]: 0x0000000080001310 (0x0840006F) jal x0, 0x84                            skp_adj_Mepc+8

mem[X,0x0000000080001394] -> 0x8433
mem[X,0x0000000080001396] -> 0x4083
[2393] [M]: 0x0000000080001394 (0x40838433) sub x8, x7, x8                          adj_Mtval+0
x8 <- 0x00000000341494F1

clint mtime 0x00000000000004AD (mip.MTI <- 0b1, mip.STI <- 0b0)
mem[X,0x0000000080001398] -> 0x3C23
mem[X,0x000000008000139A] -> 0x0083
[2394] [M]: 0x0000000080001398 (0x00833C23) sd x8, 0x18(x6)                         sv_Mtval+0
mem[W,0x000000008000B3B0] <- 0x00000000341494F1

mem[X,0x000000008000139C] -> 0x3483
mem[X,0x000000008000139E] -> 0x2181
[2395] [M]: 0x000000008000139C (0x21813483) ld x9, 0x218(x2)                        skp_Mtval+0
mem[R,0x0000000080004218] -> 0x000000008000B3B8
x9 <- 0x000000008000B3B8

clint mtime 0x00000000000004AE (mip.MTI <- 0b1, mip.STI <- 0b0)
mem[X,0x00000000800013A0] -> 0x3383
mem[X,0x00000000800013A2] -> 0x1F81
[2396] [M]: 0x00000000800013A0 (0x1F813383) ld x7, 0x1f8(x2)                        skp_Mtval+4
mem[R,0x00000000800041F8] -> 0x000000008000B110
x7 <- 0x000000008000B110

mem[X,0x00000000800013A4] -> 0x3303
mem[X,0x00000000800013A6] -> 0x2001
[2397] [M]: 0x00000000800013A4 (0x20013303) ld x6, 0x200(x2)                        skp_Mtval+8
mem[R,0x0000000080004200] -> 0x0000000000000310
x6 <- 0x0000000000000310

clint mtime 0x00000000000004AF (mip.MTI <- 0b1, mip.STI <- 0b0)
mem[X,0x00000000800013A8] -> 0x0333
mem[X,0x00000000800013AA] -> 0x0073
[2398] [M]: 0x00000000800013A8 (0x00730333) add x6, x6, x7                          skp_Mtval+12
x6 <- 0x000000008000B420

mem[X,0x00000000800013AC] -> 0x6AE3
mem[X,0x00000000800013AE] -> 0xAC93
[2399] [M]: 0x00000000800013AC (0xAC936AE3) bltu x6, x9, -0x52c                     skp_Mtval+16

clint mtime 0x00000000000004B0 (mip.MTI <- 0b1, mip.STI <- 0b0)
mem[X,0x00000000800013B0] -> 0x0393
mem[X,0x00000000800013B2] -> 0x2000
[2400] [M]: 0x00000000800013B0 (0x20000393) addi x7, x0, 0x200                      skp_Mtval+20
x7 <- 0x0000000000000200

mem[X,0x00000000800013B4] -> 0x006F
mem[X,0x00000000800013B6] -> 0x0400
[2401] [M]: 0x00000000800013B4 (0x0400006F) jal x0, 0x40                            skp_Mtval+24

clint mtime 0x00000000000004B1 (mip.MTI <- 0b1, mip.STI <- 0b0)
mem[X,0x00000000800013F4] -> 0x0417
mem[X,0x00000000800013F6] -> 0x0000
[2402] [M]: 0x00000000800013F4 (0x00000417) auipc x8, 0x0                           spcl_Mhandler+0
x8 <- 0x00000000800013F4

mem[X,0x00000000800013F8] -> 0x0413
mem[X,0x00000000800013FA] -> 0x03C4
[2403] [M]: 0x00000000800013F8 (0x03C40413) addi x8, x8, 0x3c                       spcl_Mhandler+4
x8 <- 0x0000000080001430

clint mtime 0x00000000000004B2 (mip.MTI <- 0b1, mip.STI <- 0b0)
mem[X,0x00000000800013FC] -> 0x0433
mem[X,0x00000000800013FE] -> 0x0074
[2404] [M]: 0x00000000800013FC (0x00740433) add x8, x8, x7                          spcl_Mhandler+8
x8 <- 0x0000000080001630

mem[X,0x0000000080001400] -> 0x1393
mem[X,0x0000000080001402] -> 0x0035
[2405] [M]: 0x0000000080001400 (0x00351393) slli x7, x10, 0x3                       spcl_Mhandler+12
x7 <- 0x0000000000000010

clint mtime 0x00000000000004B3 (mip.MTI <- 0b1, mip.STI <- 0b0)
mem[X,0x0000000080001404] -> 0x0433
mem[X,0x0000000080001406] -> 0x0074
[2406] [M]: 0x0000000080001404 (0x00740433) add x8, x8, x7                          spcl_Mhandler+16
x8 <- 0x0000000080001640

mem[X,0x0000000080001408] -> 0x7413
mem[X,0x000000008000140A] -> 0xFF84
[2407] [M]: 0x0000000080001408 (0xFF847413) andi x8, x8, -0x8                       spcl_Mhandler+20
x8 <- 0x0000000080001640

clint mtime 0x00000000000004B4 (mip.MTI <- 0b1, mip.STI <- 0b0)
mem[X,0x000000008000140C] -> 0x3403
mem[X,0x000000008000140E] -> 0x0004
[2408] [M]: 0x000000008000140C (0x00043403) ld x8, 0x0(x8)                          spcl_Mhandler+24
mem[R,0x0000000080001640] -> 0x0000000000000005
x8 <- 0x0000000000000005

mem[X,0x0000000080001410] -> 0x02E3
mem[X,0x0000000080001412] -> 0xB004
[2409] [M]: 0x0000000080001410 (0xB00402E3) beq x8, x0, -0x4fc                      spcl_Mdispatch_hndling+0

clint mtime 0x00000000000004B5 (mip.MTI <- 0b1, mip.STI <- 0b0)
mem[X,0x0000000080001414] -> 0x1393
mem[X,0x0000000080001416] -> 0x03F4
[2410] [M]: 0x0000000080001414 (0x03F41393) slli x7, x8, 0x3f                       spcl_Mdispatch_hndling+4
x7 <- 0x8000000000000000

mem[X,0x0000000080001418] -> 0xD863
mem[X,0x000000008000141A] -> 0x0003
[2411] [M]: 0x0000000080001418 (0x0003D863) bge x7, x0, 0x10                        spcl_Mdispatch_hndling+8

clint mtime 0x00000000000004B6 (mip.MTI <- 0b1, mip.STI <- 0b0)
mem[X,0x000000008000141C] -> 0x5413
mem[X,0x000000008000141E] -> 0x0014
[2412] [M]: 0x000000008000141C (0x00145413) srli x8, x8, 0x1                        spcl_Mdispatch_hndling+12
x8 <- 0x0000000000000002

mem[X,0x0000000080001420] -> 0x0CE3
mem[X,0x0000000080001422] -> 0xF885
[2413] [M]: 0x0000000080001420 (0xF8850CE3) beq x10, x8, -0x68                      spcl_Mdispatch_hndling+16

clint mtime 0x00000000000004B7 (mip.MTI <- 0b1, mip.STI <- 0b0)
mem[X,0x00000000800013B8] -> 0x3303
mem[X,0x00000000800013BA] -> 0x2601
[2414] [M]: 0x00000000800013B8 (0x26013303) ld x6, 0x260(x2)                        resto_Mrtn+0
mem[R,0x0000000080004260] -> 0xFFFFFFFF7FFFF46C
x6 <- 0xFFFFFFFF7FFFF46C

mem[X,0x00000000800013BC] -> 0x3383
mem[X,0x00000000800013BE] -> 0x2681
[2415] [M]: 0x00000000800013BC (0x26813383) ld x7, 0x268(x2)                        resto_Mrtn+4
mem[R,0x0000000080004268] -> 0x0000000080004000
x7 <- 0x0000000080004000

clint mtime 0x00000000000004B8 (mip.MTI <- 0b1, mip.STI <- 0b0)
mem[X,0x00000000800013C0] -> 0x3403
mem[X,0x00000000800013C2] -> 0x2701
[2416] [M]: 0x00000000800013C0 (0x27013403) ld x8, 0x270(x2)                        resto_Mrtn+8
mem[R,0x0000000080004270] -> 0x0000000000007F76
x8 <- 0x0000000000007F76

mem[X,0x00000000800013C4] -> 0x3483
mem[X,0x00000000800013C6] -> 0x2781
[2417] [M]: 0x00000000800013C4 (0x27813483) ld x9, 0x278(x2)                        resto_Mrtn+12
mem[R,0x0000000080004278] -> 0x0006000000000248
x9 <- 0x0006000000000248

clint mtime 0x00000000000004B9 (mip.MTI <- 0b1, mip.STI <- 0b0)
mem[X,0x00000000800013C8] -> 0x3503
mem[X,0x00000000800013CA] -> 0x2801
[2418] [M]: 0x00000000800013C8 (0x28013503) ld x10, 0x280(x2)                       resto_Mrtn+16
mem[R,0x0000000080004280] -> 0x00000000200014CF
x10 <- 0x00000000200014CF

mem[X,0x00000000800013CC] -> 0x3583
mem[X,0x00000000800013CE] -> 0x2881
[2419] [M]: 0x00000000800013CC (0x28813583) ld x11, 0x288(x2)                       resto_Mrtn+20
mem[R,0x0000000080004288] -> 0x00000000000000CF
x11 <- 0x00000000000000CF

clint mtime 0x00000000000004BA (mip.MTI <- 0b1, mip.STI <- 0b0)
mem[X,0x00000000800013D0] -> 0x3103
mem[X,0x00000000800013D2] -> 0x2901
[2420] [M]: 0x00000000800013D0 (0x29013103) ld x2, 0x290(x2)                        resto_Mrtn+24
mem[R,0x0000000080004290] -> 0x0000000000000000
x2 <- 0x0000000000000000

mem[X,0x00000000800013D4] -> 0x0073
mem[X,0x00000000800013D6] -> 0x3020
[2421] [M]: 0x00000000800013D4 (0x30200073) mret                                    resto_Mrtn+28
CSR mstatus (0x300) <- 0x0000000A00000080
ret-ing from M to S

clint mtime 0x00000000000004BB (mip.MTI <- 0b1, mip.STI <- 0b0)
mem[X,0x0000000080000DEC] -> 0x0793
mem[X,0x0000000080000DEE] -> 0x0050
[2422] [S]: 0x0006000080000DEC (0x00500793) addi x15, x0, 0x5                       va_rvtest_code_begin+2640
x15 <- 0x0000000000000005

mem[X,0x0000000080000DF0] -> 0x9793
mem[X,0x0000000080000DF2] -> 0x0307
[2423] [S]: 0x0006000080000DF0 (0x03079793) slli x15, x15, 0x30                     va_rvtest_code_begin+2644
x15 <- 0x0005000000000000

clint mtime 0x00000000000004BC (mip.MTI <- 0b1, mip.STI <- 0b0)
mem[X,0x0000000080000DF4] -> 0x0613
mem[X,0x0000000080000DF6] -> 0x0106
[2424] [S]: 0x0006000080000DF4 (0x01060613) addi x12, x12, 0x10                     va_rvtest_code_begin+2648
x12 <- 0x0000000000000040

mem[X,0x0000000080000DF8] -> 0xAA23
mem[X,0x0000000080000DFA] -> 0x00C7
[2425] [S]: 0x0006000080000DF8 (0x00C7AA23) sw x12, 0x14(x15)                       va_rvtest_code_begin+2652
PTW: Start, vpn=0x5000000000, access_type=W, privilege=Smem[R,0x000000008000A028] -> 0x0000000020002401
PTW: Step, level=4, pte=0x20002401, pte_addr=0x8000A028
PTW: Start, vpn=0x5000000000, access_type=W, privilege=Smem[R,0x0000000080009000] -> 0x0000000020002001
PTW: Step, level=3, pte=0x20002001, pte_addr=0x80009000
PTW: Start, vpn=0x5000000000, access_type=W, privilege=Smem[R,0x0000000080008000] -> 0x0000000020001C01
PTW: Step, level=2, pte=0x20001C01, pte_addr=0x80008000
PTW: Start, vpn=0x5000000000, access_type=W, privilege=Smem[R,0x0000000080007000] -> 0x00000000200014CF
PTW: Step, level=1, pte=0x200014CF, pte_addr=0x80007000
PTW: failed, error=misaligned-superpage, level=1, pte_addr=0x80007000
trapping from S to M to handle store/amo-page-fault
handling exc#store/amo-page-fault at priv M with tval 0x0005000000000014
CSR mstatus (0x300) <- 0x0000000A00000800
CSR mcause (0x342) <- 0x000000000000000F
CSR mtval (0x343) <- 0x0005000000000014
CSR mepc (0x341) <- 0x0006000080000DF8

clint mtime 0x00000000000004BD (mip.MTI <- 0b1, mip.STI <- 0b0)
mem[X,0x0000000080000F80] -> 0x006F
mem[X,0x0000000080000F82] -> 0x1000
[2426] [M]: 0x0000000080000F80 (0x1000006F) jal x0, 0x100                           Mtrampoline+0

mem[X,0x0000000080001080] -> 0x1173
mem[X,0x0000000080001082] -> 0x3401
[2427] [M]: 0x0000000080001080 (0x34011173) csrrw x2, mscratch, x2                  trap_Mhandler+0
CSR mscratch (0x340) <- 0x0000000000000000
x2 <- 0x0000000080004000

clint mtime 0x00000000000004BE (mip.MTI <- 0b1, mip.STI <- 0b0)
mem[X,0x0000000080001084] -> 0x3423
mem[X,0x0000000080001086] -> 0x28B1
[2428] [M]: 0x0000000080001084 (0x28B13423) sd x11, 0x288(x2)                       trap_Mhandler+4
mem[W,0x0000000080004288] <- 0x00000000000000CF

mem[X,0x0000000080001088] -> 0x05EF
mem[X,0x000000008000108A] -> 0x0B80
[2429] [M]: 0x0000000080001088 (0x0B8005EF) jal x11, 0xb8                           trap_Mhandler+8
x11 <- 0x000000008000108C

clint mtime 0x00000000000004BF (mip.MTI <- 0b1, mip.STI <- 0b0)
mem[X,0x0000000080001140] -> 0x3023
mem[X,0x0000000080001142] -> 0x28A1
[2430] [M]: 0x0000000080001140 (0x28A13023) sd x10, 0x280(x2)                       common_Mhandler+0
mem[W,0x0000000080004280] <- 0x00000000200014CF

mem[X,0x0000000080001144] -> 0x1573
mem[X,0x0000000080001146] -> 0x3401
[2431] [M]: 0x0000000080001144 (0x34011573) csrrw x10, mscratch, x2                 common_Mhandler+4
CSR mscratch (0x340) <- 0x0000000080004000
x10 <- 0x0000000000000000

clint mtime 0x00000000000004C0 (mip.MTI <- 0b1, mip.STI <- 0b0)
mem[X,0x0000000080001148] -> 0x3823
mem[X,0x000000008000114A] -> 0x28A1
[2432] [M]: 0x0000000080001148 (0x28A13823) sd x10, 0x290(x2)                       common_Mhandler+8
mem[W,0x0000000080004290] <- 0x0000000000000000

mem[X,0x000000008000114C] -> 0x3503
mem[X,0x000000008000114E] -> 0x2301
[2433] [M]: 0x000000008000114C (0x23013503) ld x10, 0x230(x2)                       common_Mhandler+12
mem[R,0x0000000080004230] -> 0x0000000080001154
x10 <- 0x0000000080001154

clint mtime 0x00000000000004C1 (mip.MTI <- 0b1, mip.STI <- 0b0)
mem[X,0x0000000080001150] -> 0x0067
mem[X,0x0000000080001152] -> 0x0005
[2434] [M]: 0x0000000080001150 (0x00050067) jalr x0, 0x0(x10)                       common_Mhandler+16

mem[X,0x0000000080001154] -> 0x3C23
mem[X,0x0000000080001156] -> 0x2691
[2435] [M]: 0x0000000080001154 (0x26913C23) sd x9, 0x278(x2)                        common_Mentry+0
mem[W,0x0000000080004278] <- 0x0006000000000248

clint mtime 0x00000000000004C2 (mip.MTI <- 0b1, mip.STI <- 0b0)
mem[X,0x0000000080001158] -> 0x3823
mem[X,0x000000008000115A] -> 0x2681
[2436] [M]: 0x0000000080001158 (0x26813823) sd x8, 0x270(x2)                        common_Mentry+4
mem[W,0x0000000080004270] <- 0x0000000000007F76

mem[X,0x000000008000115C] -> 0x3423
mem[X,0x000000008000115E] -> 0x2671
[2437] [M]: 0x000000008000115C (0x26713423) sd x7, 0x268(x2)                        common_Mentry+8
mem[W,0x0000000080004268] <- 0x0000000080004000

clint mtime 0x00000000000004C3 (mip.MTI <- 0b1, mip.STI <- 0b0)
mem[X,0x0000000080001160] -> 0x3023
mem[X,0x0000000080001162] -> 0x2661
[2438] [M]: 0x0000000080001160 (0x26613023) sd x6, 0x260(x2)                        common_Mentry+12
mem[W,0x0000000080004260] <- 0xFFFFFFFF7FFFF46C

mem[X,0x0000000080001164] -> 0x2573
mem[X,0x0000000080001166] -> 0x3420
[2439] [M]: 0x0000000080001164 (0x34202573) csrrs x10, mcause, x0                   spcl_M2mmode_test+0
CSR mcause (0x342) -> 0x000000000000000F
x10 <- 0x000000000000000F

clint mtime 0x00000000000004C4 (mip.MTI <- 0b1, mip.STI <- 0b0)
mem[X,0x0000000080001168] -> 0x04B7
mem[X,0x000000008000116A] -> 0x8000
[2440] [M]: 0x0000000080001168 (0x800004B7) lui x9, -0x80000                        spcl_M2mmode_test+4
x9 <- 0xFFFFFFFF80000000

mem[X,0x000000008000116C] -> 0x8493
mem[X,0x000000008000116E] -> 0x0004
[2441] [M]: 0x000000008000116C (0x00048493) addi x9, x9, 0x0                        spcl_M2mmode_test+8
x9 <- 0xFFFFFFFF80000000

clint mtime 0x00000000000004C5 (mip.MTI <- 0b1, mip.STI <- 0b0)
mem[X,0x0000000080001170] -> 0x9493
mem[X,0x0000000080001172] -> 0x00B4
[2442] [M]: 0x0000000080001170 (0x00B49493) slli x9, x9, 0xb                        spcl_M2mmode_test+12
x9 <- 0xFFFFFC0000000000

mem[X,0x0000000080001174] -> 0x8493
mem[X,0x0000000080001176] -> 0x0004
[2443] [M]: 0x0000000080001174 (0x00048493) addi x9, x9, 0x0                        spcl_M2mmode_test+16
x9 <- 0xFFFFFC0000000000

clint mtime 0x00000000000004C6 (mip.MTI <- 0b1, mip.STI <- 0b0)
mem[X,0x0000000080001178] -> 0x9493
mem[X,0x000000008000117A] -> 0x00B4
[2444] [M]: 0x0000000080001178 (0x00B49493) slli x9, x9, 0xb                        spcl_M2mmode_test+20
x9 <- 0xFFE0000000000000

mem[X,0x000000008000117C] -> 0x8493
mem[X,0x000000008000117E] -> 0x0034
[2445] [M]: 0x000000008000117C (0x00348493) addi x9, x9, 0x3                        spcl_M2mmode_test+24
x9 <- 0xFFE0000000000003

clint mtime 0x00000000000004C7 (mip.MTI <- 0b1, mip.STI <- 0b0)
mem[X,0x0000000080001180] -> 0x9493
mem[X,0x0000000080001182] -> 0x00A4
[2446] [M]: 0x0000000080001180 (0x00A49493) slli x9, x9, 0xa                        spcl_M2mmode_test+28
x9 <- 0x8000000000000C00

mem[X,0x0000000080001184] -> 0x8493
mem[X,0x0000000080001186] -> 0x3FC4
[2447] [M]: 0x0000000080001184 (0x3FC48493) addi x9, x9, 0x3fc                      spcl_M2mmode_test+32
x9 <- 0x8000000000000FFC

clint mtime 0x00000000000004C8 (mip.MTI <- 0b1, mip.STI <- 0b0)
mem[X,0x0000000080001188] -> 0xF4B3
mem[X,0x000000008000118A] -> 0x00A4
[2448] [M]: 0x0000000080001188 (0x00A4F4B3) and x9, x9, x10                         spcl_M2mmode_test+36
x9 <- 0x000000000000000C

mem[X,0x000000008000118C] -> 0x8493
mem[X,0x000000008000118E] -> 0xFF84
[2449] [M]: 0x000000008000118C (0xFF848493) addi x9, x9, -0x8                       spcl_M2mmode_test+40
x9 <- 0x0000000000000004

clint mtime 0x00000000000004C9 (mip.MTI <- 0b1, mip.STI <- 0b0)
mem[X,0x0000000080001190] -> 0x9663
mem[X,0x0000000080001192] -> 0x0004
[2450] [M]: 0x0000000080001190 (0x00049663) bne x9, x0, 0xc                         spcl_M2mmode_test+44

mem[X,0x000000008000119C] -> 0x0393
mem[X,0x000000008000119E] -> 0x0200
[2451] [M]: 0x000000008000119C (0x02000393) addi x7, x0, 0x20                       Mtrapsig_ptr_upd+0
x7 <- 0x0000000000000020

clint mtime 0x00000000000004CA (mip.MTI <- 0b1, mip.STI <- 0b0)
mem[X,0x00000000800011A0] -> 0x5263
mem[X,0x00000000800011A2] -> 0x0405
[2452] [M]: 0x00000000800011A0 (0x04055263) bge x10, x0, 0x44                       Mtrapsig_ptr_upd+4

mem[X,0x00000000800011E4] -> 0x2373
mem[X,0x00000000800011E6] -> 0x3010
[2453] [M]: 0x00000000800011E4 (0x30102373) csrrs x6, misa, x0                      Mxcpt_sig_sv+0
CSR misa (0x301) -> 0x800000000034112F
x6 <- 0x800000000034112F

clint mtime 0x00000000000004CB (mip.MTI <- 0b1, mip.STI <- 0b0)
mem[X,0x00000000800011E8] -> 0x1313
mem[X,0x00000000800011EA] -> 0x0383
[2454] [M]: 0x00000000800011E8 (0x03831313) slli x6, x6, 0x38                       Mxcpt_sig_sv+4
x6 <- 0x2F00000000000000

mem[X,0x00000000800011EC] -> 0x5463
mem[X,0x00000000800011EE] -> 0x0003
[2455] [M]: 0x00000000800011EC (0x00035463) bge x6, x0, 0x8                         Mxcpt_sig_sv+8

clint mtime 0x00000000000004CC (mip.MTI <- 0b1, mip.STI <- 0b0)
mem[X,0x00000000800011F4] -> 0x3303
mem[X,0x00000000800011F6] -> 0x2181
[2456] [M]: 0x00000000800011F4 (0x21813303) ld x6, 0x218(x2)                        Mtrap_sig_sv+0
mem[R,0x0000000080004218] -> 0x000000008000B3B8
x6 <- 0x000000008000B3B8

mem[X,0x00000000800011F8] -> 0x04B3
mem[X,0x00000000800011FA] -> 0x0073
[2457] [M]: 0x00000000800011F8 (0x007304B3) add x9, x6, x7                          Mtrap_sig_sv+4
x9 <- 0x000000008000B3D8

clint mtime 0x00000000000004CD (mip.MTI <- 0b1, mip.STI <- 0b0)
mem[X,0x00000000800011FC] -> 0x3C23
mem[X,0x00000000800011FE] -> 0x2091
[2458] [M]: 0x00000000800011FC (0x20913C23) sd x9, 0x218(x2)                        Mtrap_sig_sv+8
mem[W,0x0000000080004218] <- 0x000000008000B3D8

mem[X,0x0000000080001200] -> 0x3403
mem[X,0x0000000080001202] -> 0x1F81
[2459] [M]: 0x0000000080001200 (0x1F813403) ld x8, 0x1f8(x2)                        Mtrap_sig_sv+12
mem[R,0x00000000800041F8] -> 0x000000008000B110
x8 <- 0x000000008000B110

clint mtime 0x00000000000004CE (mip.MTI <- 0b1, mip.STI <- 0b0)
mem[X,0x0000000080001204] -> 0x0333
mem[X,0x0000000080001206] -> 0x4083
[2460] [M]: 0x0000000080001204 (0x40830333) sub x6, x6, x8                          Mtrap_sig_sv+16
x6 <- 0x00000000000002A8

mem[X,0x0000000080001208] -> 0x3403
mem[X,0x000000008000120A] -> 0x1F81
[2461] [M]: 0x0000000080001208 (0x1F813403) ld x8, 0x1f8(x2)                        Mtrap_sig_sv+20
mem[R,0x00000000800041F8] -> 0x000000008000B110
x8 <- 0x000000008000B110

clint mtime 0x00000000000004CF (mip.MTI <- 0b1, mip.STI <- 0b0)
mem[X,0x000000008000120C] -> 0x0333
mem[X,0x000000008000120E] -> 0x0083
[2462] [M]: 0x000000008000120C (0x00830333) add x6, x6, x8                          Mtrap_sig_sv+24
x6 <- 0x000000008000B3B8

mem[X,0x0000000080001210] -> 0x3403
mem[X,0x0000000080001212] -> 0x2401
[2463] [M]: 0x0000000080001210 (0x24013403) ld x8, 0x240(x2)                        Mtrap_sig_sv+28
mem[R,0x0000000080004240] -> 0x0000000080000F80
x8 <- 0x0000000080000F80

clint mtime 0x00000000000004D0 (mip.MTI <- 0b1, mip.STI <- 0b0)
mem[X,0x0000000080001214] -> 0x85B3
mem[X,0x0000000080001216] -> 0x4085
[2464] [M]: 0x0000000080001214 (0x408585B3) sub x11, x11, x8                        sv_Mvect+0
x11 <- 0x000000000000010C

mem[X,0x0000000080001218] -> 0x9593
mem[X,0x000000008000121A] -> 0x0045
[2465] [M]: 0x0000000080001218 (0x00459593) slli x11, x11, 0x4                      sv_Mvect+4
x11 <- 0x00000000000010C0

clint mtime 0x00000000000004D1 (mip.MTI <- 0b1, mip.STI <- 0b0)
mem[X,0x000000008000121C] -> 0xE5B3
mem[X,0x000000008000121E] -> 0x0075
[2466] [M]: 0x000000008000121C (0x0075E5B3) or x11, x11, x7                         sv_Mvect+8
x11 <- 0x00000000000010E0

mem[X,0x0000000080001220] -> 0x8593
mem[X,0x0000000080001222] -> 0x0035
[2467] [M]: 0x0000000080001220 (0x00358593) addi x11, x11, 0x3                      sv_Mvect+12
x11 <- 0x00000000000010E3

clint mtime 0x00000000000004D2 (mip.MTI <- 0b1, mip.STI <- 0b0)
mem[X,0x0000000080001224] -> 0x3023
mem[X,0x0000000080001226] -> 0x00B3
[2468] [M]: 0x0000000080001224 (0x00B33023) sd x11, 0x0(x6)                         sv_Mvect+16
mem[W,0x000000008000B3B8] <- 0x00000000000010E3

mem[X,0x0000000080001228] -> 0x3423
mem[X,0x000000008000122A] -> 0x00A3
[2469] [M]: 0x0000000080001228 (0x00A33423) sd x10, 0x8(x6)                         sv_Mcause+0
mem[W,0x000000008000B3C0] <- 0x000000000000000F

clint mtime 0x00000000000004D3 (mip.MTI <- 0b1, mip.STI <- 0b0)
mem[X,0x000000008000122C] -> 0x4663
mem[X,0x000000008000122E] -> 0x1A05
[2470] [M]: 0x000000008000122C (0x1A054663) blt x10, x0, 0x1ac                      sv_Mcause+4

mem[X,0x0000000080001230] -> 0x25F3
mem[X,0x0000000080001232] -> 0x3000
[2471] [M]: 0x0000000080001230 (0x300025F3) csrrs x11, mstatus, x0                  common_Mexcpt_handler+0
CSR mstatus (0x300) -> 0x0000000A00000800
x11 <- 0x0000000A00000800

clint mtime 0x00000000000004D4 (mip.MTI <- 0b1, mip.STI <- 0b0)
mem[X,0x0000000080001234] -> 0x9413
mem[X,0x0000000080001236] -> 0x02E5
[2472] [M]: 0x0000000080001234 (0x02E59413) slli x8, x11, 0x2e                      common_Mexcpt_handler+4
x8 <- 0x0200000000000000

mem[X,0x0000000080001238] -> 0x5463
mem[X,0x000000008000123A] -> 0x0004
[2473] [M]: 0x0000000080001238 (0x00045463) bge x8, x0, 0x8                         common_Mexcpt_handler+8

clint mtime 0x00000000000004D5 (mip.MTI <- 0b1, mip.STI <- 0b0)
mem[X,0x0000000080001240] -> 0xD493
mem[X,0x0000000080001242] -> 0x00B5
[2474] [M]: 0x0000000080001240 (0x00B5D493) srli x9, x11, 0xb                       common_Mexcpt_handler+16
x9 <- 0x0000000001400001

mem[X,0x0000000080001244] -> 0xF493
mem[X,0x0000000080001246] -> 0x0034
[2475] [M]: 0x0000000080001244 (0x0034F493) andi x9, x9, 0x3                        common_Mexcpt_handler+20
x9 <- 0x0000000000000001

clint mtime 0x00000000000004D6 (mip.MTI <- 0b1, mip.STI <- 0b0)
mem[X,0x0000000080001248] -> 0x8493
mem[X,0x000000008000124A] -> 0x0014
[2476] [M]: 0x0000000080001248 (0x00148493) addi x9, x9, 0x1                        common_Mexcpt_handler+24
x9 <- 0x0000000000000002

mem[X,0x000000008000124C] -> 0xF493
mem[X,0x000000008000124E] -> 0x0044
[2477] [M]: 0x000000008000124C (0x0044F493) andi x9, x9, 0x4                        common_Mexcpt_handler+28
x9 <- 0x0000000000000000

clint mtime 0x00000000000004D7 (mip.MTI <- 0b1, mip.STI <- 0b0)
mem[X,0x0000000080001250] -> 0x0593
mem[X,0x0000000080001252] -> 0x05D0
[2478] [M]: 0x0000000080001250 (0x05D00593) addi x11, x0, 0x5d                      common_Mexcpt_handler+32
x11 <- 0x000000000000005D

mem[X,0x0000000080001254] -> 0xD5B3
mem[X,0x0000000080001256] -> 0x0095
[2479] [M]: 0x0000000080001254 (0x0095D5B3) srl x11, x11, x9                        common_Mexcpt_handler+36
x11 <- 0x000000000000005D

clint mtime 0x00000000000004D8 (mip.MTI <- 0b1, mip.STI <- 0b0)
mem[X,0x0000000080001258] -> 0xF593
mem[X,0x000000008000125A] -> 0x0015
[2480] [M]: 0x0000000080001258 (0x0015F593) andi x11, x11, 0x1                      common_Mexcpt_handler+40
x11 <- 0x0000000000000001

mem[X,0x000000008000125C] -> 0x8EE3
mem[X,0x000000008000125E] -> 0xF405
[2481] [M]: 0x000000008000125C (0xF4058EE3) beq x11, x0, -0xa4                      common_Mexcpt_handler+44

clint mtime 0x00000000000004D9 (mip.MTI <- 0b1, mip.STI <- 0b0)
mem[X,0x0000000080001260] -> 0x0593
mem[X,0x0000000080001262] -> 0x2980
[2482] [M]: 0x0000000080001260 (0x29800593) addi x11, x0, 0x298                     common_Mexcpt_handler+48
x11 <- 0x0000000000000298

mem[X,0x0000000080001264] -> 0xF413
mem[X,0x0000000080001266] -> 0x0014
[2483] [M]: 0x0000000080001264 (0x0014F413) andi x8, x9, 0x1                        common_Mexcpt_handler+52
x8 <- 0x0000000000000000

clint mtime 0x00000000000004DA (mip.MTI <- 0b1, mip.STI <- 0b0)
mem[X,0x0000000080001268] -> 0x95B3
mem[X,0x000000008000126A] -> 0x0085
[2484] [M]: 0x0000000080001268 (0x008595B3) sll x11, x11, x8                        common_Mexcpt_handler+56
x11 <- 0x0000000000000298

mem[X,0x000000008000126C] -> 0x9413
mem[X,0x000000008000126E] -> 0x03D4
[2485] [M]: 0x000000008000126C (0x03D49413) slli x8, x9, 0x3d                       common_Mexcpt_handler+60
x8 <- 0x0000000000000000

clint mtime 0x00000000000004DB (mip.MTI <- 0b1, mip.STI <- 0b0)
mem[X,0x0000000080001270] -> 0x5413
mem[X,0x0000000080001272] -> 0x43F4
[2486] [M]: 0x0000000080001270 (0x43F45413) srai x8, x8, 0x3f                       common_Mexcpt_handler+64
x8 <- 0x0000000000000000

mem[X,0x0000000080001274] -> 0x4413
mem[X,0x0000000080001276] -> 0xFFF4
[2487] [M]: 0x0000000080001274 (0xFFF44413) xori x8, x8, -0x1                       common_Mexcpt_handler+68
x8 <- 0xFFFFFFFFFFFFFFFF

clint mtime 0x00000000000004DC (mip.MTI <- 0b1, mip.STI <- 0b0)
mem[X,0x0000000080001278] -> 0xF4B3
mem[X,0x000000008000127A] -> 0x0085
[2488] [M]: 0x0000000080001278 (0x0085F4B3) and x9, x11, x8                         common_Mexcpt_handler+72
x9 <- 0x0000000000000298

mem[X,0x000000008000127C] -> 0x84B3
mem[X,0x000000008000127E] -> 0x0024
[2489] [M]: 0x000000008000127C (0x002484B3) add x9, x9, x2                          vmem_adj_Mepc+0
x9 <- 0x0000000080004298

clint mtime 0x00000000000004DD (mip.MTI <- 0b1, mip.STI <- 0b0)
mem[X,0x0000000080001280] -> 0x23F3
mem[X,0x0000000080001282] -> 0x3410
[2490] [M]: 0x0000000080001280 (0x341023F3) csrrs x7, mepc, x0                      vmem_adj_Mepc+4
CSR mepc (0x341) -> 0x0006000080000DF8
x7 <- 0x0006000080000DF8

mem[X,0x0000000080001284] -> 0x0413
mem[X,0x0000000080001286] -> 0x0004
[2491] [M]: 0x0000000080001284 (0x00040413) addi x8, x8, 0x0                        vmem_adj_Mepc+8
x8 <- 0xFFFFFFFFFFFFFFFF

clint mtime 0x00000000000004DE (mip.MTI <- 0b1, mip.STI <- 0b0)
mem[X,0x0000000080001288] -> 0x006F
mem[X,0x000000008000128A] -> 0x0400
[2492] [M]: 0x0000000080001288 (0x0400006F) jal x0, 0x40                            vmem_adj_Mepc+12

mem[X,0x00000000800012C8] -> 0x8433
mem[X,0x00000000800012CA] -> 0x4083
[2493] [M]: 0x00000000800012C8 (0x40838433) sub x8, x7, x8                          adj_Mepc+0
x8 <- 0x0006000080000DF9

clint mtime 0x00000000000004DF (mip.MTI <- 0b1, mip.STI <- 0b0)
mem[X,0x00000000800012CC] -> 0x3823
mem[X,0x00000000800012CE] -> 0x0083
[2494] [M]: 0x00000000800012CC (0x00833823) sd x8, 0x10(x6)                         sv_Mepc+0
mem[W,0x000000008000B3C8] <- 0x0006000080000DF9

mem[X,0x00000000800012D0] -> 0x55B7
mem[X,0x00000000800012D2] -> 0x0000
[2495] [M]: 0x00000000800012D0 (0x000055B7) lui x11, 0x5                            sv_Mepc+4
x11 <- 0x0000000000005000

clint mtime 0x00000000000004E0 (mip.MTI <- 0b1, mip.STI <- 0b0)
mem[X,0x00000000800012D4] -> 0x8593
mem[X,0x00000000800012D6] -> 0x6675
[2496] [M]: 0x00000000800012D4 (0x66758593) addi x11, x11, 0x667                    sv_Mepc+8
x11 <- 0x0000000000005667

mem[X,0x00000000800012D8] -> 0x9593
mem[X,0x00000000800012DA] -> 0x0015
[2497] [M]: 0x00000000800012D8 (0x00159593) slli x11, x11, 0x1                      sv_Mepc+12
x11 <- 0x000000000000ACCE

clint mtime 0x00000000000004E1 (mip.MTI <- 0b1, mip.STI <- 0b0)
mem[X,0x00000000800012DC] -> 0x9063
mem[X,0x00000000800012DE] -> 0x02B1
[2498] [M]: 0x00000000800012DC (0x02B19063) bne x3, x11, 0x20                       sv_Mepc+16

mem[X,0x00000000800012E0] -> 0x2473
mem[X,0x00000000800012E2] -> 0x3420
[2499] [M]: 0x00000000800012E0 (0x34202473) csrrs x8, mcause, x0                    sv_Mepc+20
CSR mcause (0x342) -> 0x000000000000000F
x8 <- 0x000000000000000F

clint mtime 0x00000000000004E2 (mip.MTI <- 0b1, mip.STI <- 0b0)
mem[X,0x00000000800012E4] -> 0x0593
mem[X,0x00000000800012E6] -> 0x00C0
[2500] [M]: 0x00000000800012E4 (0x00C00593) addi x11, x0, 0xc                       sv_Mepc+24
x11 <- 0x000000000000000C

mem[X,0x00000000800012E8] -> 0x0663
mem[X,0x00000000800012EA] -> 0x00B4
[2501] [M]: 0x00000000800012E8 (0x00B40663) beq x8, x11, 0xc                        sv_Mepc+28

clint mtime 0x00000000000004E3 (mip.MTI <- 0b1, mip.STI <- 0b0)
mem[X,0x00000000800012EC] -> 0x0593
mem[X,0x00000000800012EE] -> 0x0010
[2502] [M]: 0x00000000800012EC (0x00100593) addi x11, x0, 0x1                       sv_Mepc+32
x11 <- 0x0000000000000001

mem[X,0x00000000800012F0] -> 0x1663
mem[X,0x00000000800012F2] -> 0x00B4
[2503] [M]: 0x00000000800012F0 (0x00B41663) bne x8, x11, 0xc                        sv_Mepc+36

clint mtime 0x00000000000004E4 (mip.MTI <- 0b1, mip.STI <- 0b0)
mem[X,0x00000000800012FC] -> 0xF593
mem[X,0x00000000800012FE] -> 0xFFC3
[2504] [M]: 0x00000000800012FC (0xFFC3F593) andi x11, x7, -0x4                      adj_Mepc_rtn+0
x11 <- 0x0006000080000DF8

mem[X,0x0000000080001300] -> 0x8593
mem[X,0x0000000080001302] -> 0x0085
[2505] [M]: 0x0000000080001300 (0x00858593) addi x11, x11, 0x8                      adj_Mepc_rtn+4
x11 <- 0x0006000080000E00

clint mtime 0x00000000000004E5 (mip.MTI <- 0b1, mip.STI <- 0b0)
mem[X,0x0000000080001304] -> 0x9073
mem[X,0x0000000080001306] -> 0x3415
[2506] [M]: 0x0000000080001304 (0x34159073) csrrw x0, mepc, x11                     adj_Mepc_rtn+8
CSR mepc (0x341) <- 0x0006000080000E00

mem[X,0x0000000080001308] -> 0x23F3
mem[X,0x000000008000130A] -> 0x3430
[2507] [M]: 0x0000000080001308 (0x343023F3) csrrs x7, mtval, x0                     skp_adj_Mepc+0
CSR mtval (0x343) -> 0x0005000000000014
x7 <- 0x0005000000000014

clint mtime 0x00000000000004E6 (mip.MTI <- 0b1, mip.STI <- 0b0)
mem[X,0x000000008000130C] -> 0x0413
mem[X,0x000000008000130E] -> 0x0004
[2508] [M]: 0x000000008000130C (0x00040413) addi x8, x8, 0x0                        skp_adj_Mepc+4
x8 <- 0x000000000000000F

mem[X,0x0000000080001310] -> 0x006F
mem[X,0x0000000080001312] -> 0x0840
[2509] [M]: 0x0000000080001310 (0x0840006F) jal x0, 0x84                            skp_adj_Mepc+8

clint mtime 0x00000000000004E7 (mip.MTI <- 0b1, mip.STI <- 0b0)
mem[X,0x0000000080001394] -> 0x8433
mem[X,0x0000000080001396] -> 0x4083
[2510] [M]: 0x0000000080001394 (0x40838433) sub x8, x7, x8                          adj_Mtval+0
x8 <- 0x0005000000000005

mem[X,0x0000000080001398] -> 0x3C23
mem[X,0x000000008000139A] -> 0x0083
[2511] [M]: 0x0000000080001398 (0x00833C23) sd x8, 0x18(x6)                         sv_Mtval+0
mem[W,0x000000008000B3D0] <- 0x0005000000000005

clint mtime 0x00000000000004E8 (mip.MTI <- 0b1, mip.STI <- 0b0)
mem[X,0x000000008000139C] -> 0x3483
mem[X,0x000000008000139E] -> 0x2181
[2512] [M]: 0x000000008000139C (0x21813483) ld x9, 0x218(x2)                        skp_Mtval+0
mem[R,0x0000000080004218] -> 0x000000008000B3D8
x9 <- 0x000000008000B3D8

mem[X,0x00000000800013A0] -> 0x3383
mem[X,0x00000000800013A2] -> 0x1F81
[2513] [M]: 0x00000000800013A0 (0x1F813383) ld x7, 0x1f8(x2)                        skp_Mtval+4
mem[R,0x00000000800041F8] -> 0x000000008000B110
x7 <- 0x000000008000B110

clint mtime 0x00000000000004E9 (mip.MTI <- 0b1, mip.STI <- 0b0)
mem[X,0x00000000800013A4] -> 0x3303
mem[X,0x00000000800013A6] -> 0x2001
[2514] [M]: 0x00000000800013A4 (0x20013303) ld x6, 0x200(x2)                        skp_Mtval+8
mem[R,0x0000000080004200] -> 0x0000000000000310
x6 <- 0x0000000000000310

mem[X,0x00000000800013A8] -> 0x0333
mem[X,0x00000000800013AA] -> 0x0073
[2515] [M]: 0x00000000800013A8 (0x00730333) add x6, x6, x7                          skp_Mtval+12
x6 <- 0x000000008000B420

clint mtime 0x00000000000004EA (mip.MTI <- 0b1, mip.STI <- 0b0)
mem[X,0x00000000800013AC] -> 0x6AE3
mem[X,0x00000000800013AE] -> 0xAC93
[2516] [M]: 0x00000000800013AC (0xAC936AE3) bltu x6, x9, -0x52c                     skp_Mtval+16

mem[X,0x00000000800013B0] -> 0x0393
mem[X,0x00000000800013B2] -> 0x2000
[2517] [M]: 0x00000000800013B0 (0x20000393) addi x7, x0, 0x200                      skp_Mtval+20
x7 <- 0x0000000000000200

clint mtime 0x00000000000004EB (mip.MTI <- 0b1, mip.STI <- 0b0)
mem[X,0x00000000800013B4] -> 0x006F
mem[X,0x00000000800013B6] -> 0x0400
[2518] [M]: 0x00000000800013B4 (0x0400006F) jal x0, 0x40                            skp_Mtval+24

mem[X,0x00000000800013F4] -> 0x0417
mem[X,0x00000000800013F6] -> 0x0000
[2519] [M]: 0x00000000800013F4 (0x00000417) auipc x8, 0x0                           spcl_Mhandler+0
x8 <- 0x00000000800013F4

clint mtime 0x00000000000004EC (mip.MTI <- 0b1, mip.STI <- 0b0)
mem[X,0x00000000800013F8] -> 0x0413
mem[X,0x00000000800013FA] -> 0x03C4
[2520] [M]: 0x00000000800013F8 (0x03C40413) addi x8, x8, 0x3c                       spcl_Mhandler+4
x8 <- 0x0000000080001430

mem[X,0x00000000800013FC] -> 0x0433
mem[X,0x00000000800013FE] -> 0x0074
[2521] [M]: 0x00000000800013FC (0x00740433) add x8, x8, x7                          spcl_Mhandler+8
x8 <- 0x0000000080001630

clint mtime 0x00000000000004ED (mip.MTI <- 0b1, mip.STI <- 0b0)
mem[X,0x0000000080001400] -> 0x1393
mem[X,0x0000000080001402] -> 0x0035
[2522] [M]: 0x0000000080001400 (0x00351393) slli x7, x10, 0x3                       spcl_Mhandler+12
x7 <- 0x0000000000000078

mem[X,0x0000000080001404] -> 0x0433
mem[X,0x0000000080001406] -> 0x0074
[2523] [M]: 0x0000000080001404 (0x00740433) add x8, x8, x7                          spcl_Mhandler+16
x8 <- 0x00000000800016A8

clint mtime 0x00000000000004EE (mip.MTI <- 0b1, mip.STI <- 0b0)
mem[X,0x0000000080001408] -> 0x7413
mem[X,0x000000008000140A] -> 0xFF84
[2524] [M]: 0x0000000080001408 (0xFF847413) andi x8, x8, -0x8                       spcl_Mhandler+20
x8 <- 0x00000000800016A8

mem[X,0x000000008000140C] -> 0x3403
mem[X,0x000000008000140E] -> 0x0004
[2525] [M]: 0x000000008000140C (0x00043403) ld x8, 0x0(x8)                          spcl_Mhandler+24
mem[R,0x00000000800016A8] -> 0x000000000000001F
x8 <- 0x000000000000001F

clint mtime 0x00000000000004EF (mip.MTI <- 0b1, mip.STI <- 0b0)
mem[X,0x0000000080001410] -> 0x02E3
mem[X,0x0000000080001412] -> 0xB004
[2526] [M]: 0x0000000080001410 (0xB00402E3) beq x8, x0, -0x4fc                      spcl_Mdispatch_hndling+0

mem[X,0x0000000080001414] -> 0x1393
mem[X,0x0000000080001416] -> 0x03F4
[2527] [M]: 0x0000000080001414 (0x03F41393) slli x7, x8, 0x3f                       spcl_Mdispatch_hndling+4
x7 <- 0x8000000000000000

clint mtime 0x00000000000004F0 (mip.MTI <- 0b1, mip.STI <- 0b0)
mem[X,0x0000000080001418] -> 0xD863
mem[X,0x000000008000141A] -> 0x0003
[2528] [M]: 0x0000000080001418 (0x0003D863) bge x7, x0, 0x10                        spcl_Mdispatch_hndling+8

mem[X,0x000000008000141C] -> 0x5413
mem[X,0x000000008000141E] -> 0x0014
[2529] [M]: 0x000000008000141C (0x00145413) srli x8, x8, 0x1                        spcl_Mdispatch_hndling+12
x8 <- 0x000000000000000F

clint mtime 0x00000000000004F1 (mip.MTI <- 0b1, mip.STI <- 0b0)
mem[X,0x0000000080001420] -> 0x0CE3
mem[X,0x0000000080001422] -> 0xF885
[2530] [M]: 0x0000000080001420 (0xF8850CE3) beq x10, x8, -0x68                      spcl_Mdispatch_hndling+16

mem[X,0x00000000800013B8] -> 0x3303
mem[X,0x00000000800013BA] -> 0x2601
[2531] [M]: 0x00000000800013B8 (0x26013303) ld x6, 0x260(x2)                        resto_Mrtn+0
mem[R,0x0000000080004260] -> 0xFFFFFFFF7FFFF46C
x6 <- 0xFFFFFFFF7FFFF46C

clint mtime 0x00000000000004F2 (mip.MTI <- 0b1, mip.STI <- 0b0)
mem[X,0x00000000800013BC] -> 0x3383
mem[X,0x00000000800013BE] -> 0x2681
[2532] [M]: 0x00000000800013BC (0x26813383) ld x7, 0x268(x2)                        resto_Mrtn+4
mem[R,0x0000000080004268] -> 0x0000000080004000
x7 <- 0x0000000080004000

mem[X,0x00000000800013C0] -> 0x3403
mem[X,0x00000000800013C2] -> 0x2701
[2533] [M]: 0x00000000800013C0 (0x27013403) ld x8, 0x270(x2)                        resto_Mrtn+8
mem[R,0x0000000080004270] -> 0x0000000000007F76
x8 <- 0x0000000000007F76

clint mtime 0x00000000000004F3 (mip.MTI <- 0b1, mip.STI <- 0b0)
mem[X,0x00000000800013C4] -> 0x3483
mem[X,0x00000000800013C6] -> 0x2781
[2534] [M]: 0x00000000800013C4 (0x27813483) ld x9, 0x278(x2)                        resto_Mrtn+12
mem[R,0x0000000080004278] -> 0x0006000000000248
x9 <- 0x0006000000000248

mem[X,0x00000000800013C8] -> 0x3503
mem[X,0x00000000800013CA] -> 0x2801
[2535] [M]: 0x00000000800013C8 (0x28013503) ld x10, 0x280(x2)                       resto_Mrtn+16
mem[R,0x0000000080004280] -> 0x00000000200014CF
x10 <- 0x00000000200014CF

clint mtime 0x00000000000004F4 (mip.MTI <- 0b1, mip.STI <- 0b0)
mem[X,0x00000000800013CC] -> 0x3583
mem[X,0x00000000800013CE] -> 0x2881
[2536] [M]: 0x00000000800013CC (0x28813583) ld x11, 0x288(x2)                       resto_Mrtn+20
mem[R,0x0000000080004288] -> 0x00000000000000CF
x11 <- 0x00000000000000CF

mem[X,0x00000000800013D0] -> 0x3103
mem[X,0x00000000800013D2] -> 0x2901
[2537] [M]: 0x00000000800013D0 (0x29013103) ld x2, 0x290(x2)                        resto_Mrtn+24
mem[R,0x0000000080004290] -> 0x0000000000000000
x2 <- 0x0000000000000000

clint mtime 0x00000000000004F5 (mip.MTI <- 0b1, mip.STI <- 0b0)
mem[X,0x00000000800013D4] -> 0x0073
mem[X,0x00000000800013D6] -> 0x3020
[2538] [M]: 0x00000000800013D4 (0x30200073) mret                                    resto_Mrtn+28
CSR mstatus (0x300) <- 0x0000000A00000080
ret-ing from M to S

mem[X,0x0000000080000E00] -> 0xA703
mem[X,0x0000000080000E02] -> 0x0147
[2539] [S]: 0x0006000080000E00 (0x0147A703) lw x14, 0x14(x15)                       va_rvtest_code_begin+2660
PTW: Start, vpn=0x5000000000, access_type=R, privilege=Smem[R,0x000000008000A028] -> 0x0000000020002401
PTW: Step, level=4, pte=0x20002401, pte_addr=0x8000A028
PTW: Start, vpn=0x5000000000, access_type=R, privilege=Smem[R,0x0000000080009000] -> 0x0000000020002001
PTW: Step, level=3, pte=0x20002001, pte_addr=0x80009000
PTW: Start, vpn=0x5000000000, access_type=R, privilege=Smem[R,0x0000000080008000] -> 0x0000000020001C01
PTW: Step, level=2, pte=0x20001C01, pte_addr=0x80008000
PTW: Start, vpn=0x5000000000, access_type=R, privilege=Smem[R,0x0000000080007000] -> 0x00000000200014CF
PTW: Step, level=1, pte=0x200014CF, pte_addr=0x80007000
PTW: failed, error=misaligned-superpage, level=1, pte_addr=0x80007000
trapping from S to M to handle load-page-fault
handling exc#load-page-fault at priv M with tval 0x0005000000000014
CSR mstatus (0x300) <- 0x0000000A00000800
CSR mcause (0x342) <- 0x000000000000000D
CSR mtval (0x343) <- 0x0005000000000014
CSR mepc (0x341) <- 0x0006000080000E00

clint mtime 0x00000000000004F6 (mip.MTI <- 0b1, mip.STI <- 0b0)
mem[X,0x0000000080000F80] -> 0x006F
mem[X,0x0000000080000F82] -> 0x1000
[2540] [M]: 0x0000000080000F80 (0x1000006F) jal x0, 0x100                           Mtrampoline+0

mem[X,0x0000000080001080] -> 0x1173
mem[X,0x0000000080001082] -> 0x3401
[2541] [M]: 0x0000000080001080 (0x34011173) csrrw x2, mscratch, x2                  trap_Mhandler+0
CSR mscratch (0x340) <- 0x0000000000000000
x2 <- 0x0000000080004000

clint mtime 0x00000000000004F7 (mip.MTI <- 0b1, mip.STI <- 0b0)
mem[X,0x0000000080001084] -> 0x3423
mem[X,0x0000000080001086] -> 0x28B1
[2542] [M]: 0x0000000080001084 (0x28B13423) sd x11, 0x288(x2)                       trap_Mhandler+4
mem[W,0x0000000080004288] <- 0x00000000000000CF

mem[X,0x0000000080001088] -> 0x05EF
mem[X,0x000000008000108A] -> 0x0B80
[2543] [M]: 0x0000000080001088 (0x0B8005EF) jal x11, 0xb8                           trap_Mhandler+8
x11 <- 0x000000008000108C

clint mtime 0x00000000000004F8 (mip.MTI <- 0b1, mip.STI <- 0b0)
mem[X,0x0000000080001140] -> 0x3023
mem[X,0x0000000080001142] -> 0x28A1
[2544] [M]: 0x0000000080001140 (0x28A13023) sd x10, 0x280(x2)                       common_Mhandler+0
mem[W,0x0000000080004280] <- 0x00000000200014CF

mem[X,0x0000000080001144] -> 0x1573
mem[X,0x0000000080001146] -> 0x3401
[2545] [M]: 0x0000000080001144 (0x34011573) csrrw x10, mscratch, x2                 common_Mhandler+4
CSR mscratch (0x340) <- 0x0000000080004000
x10 <- 0x0000000000000000

clint mtime 0x00000000000004F9 (mip.MTI <- 0b1, mip.STI <- 0b0)
mem[X,0x0000000080001148] -> 0x3823
mem[X,0x000000008000114A] -> 0x28A1
[2546] [M]: 0x0000000080001148 (0x28A13823) sd x10, 0x290(x2)                       common_Mhandler+8
mem[W,0x0000000080004290] <- 0x0000000000000000

mem[X,0x000000008000114C] -> 0x3503
mem[X,0x000000008000114E] -> 0x2301
[2547] [M]: 0x000000008000114C (0x23013503) ld x10, 0x230(x2)                       common_Mhandler+12
mem[R,0x0000000080004230] -> 0x0000000080001154
x10 <- 0x0000000080001154

clint mtime 0x00000000000004FA (mip.MTI <- 0b1, mip.STI <- 0b0)
mem[X,0x0000000080001150] -> 0x0067
mem[X,0x0000000080001152] -> 0x0005
[2548] [M]: 0x0000000080001150 (0x00050067) jalr x0, 0x0(x10)                       common_Mhandler+16

mem[X,0x0000000080001154] -> 0x3C23
mem[X,0x0000000080001156] -> 0x2691
[2549] [M]: 0x0000000080001154 (0x26913C23) sd x9, 0x278(x2)                        common_Mentry+0
mem[W,0x0000000080004278] <- 0x0006000000000248

clint mtime 0x00000000000004FB (mip.MTI <- 0b1, mip.STI <- 0b0)
mem[X,0x0000000080001158] -> 0x3823
mem[X,0x000000008000115A] -> 0x2681
[2550] [M]: 0x0000000080001158 (0x26813823) sd x8, 0x270(x2)                        common_Mentry+4
mem[W,0x0000000080004270] <- 0x0000000000007F76

mem[X,0x000000008000115C] -> 0x3423
mem[X,0x000000008000115E] -> 0x2671
[2551] [M]: 0x000000008000115C (0x26713423) sd x7, 0x268(x2)                        common_Mentry+8
mem[W,0x0000000080004268] <- 0x0000000080004000

clint mtime 0x00000000000004FC (mip.MTI <- 0b1, mip.STI <- 0b0)
mem[X,0x0000000080001160] -> 0x3023
mem[X,0x0000000080001162] -> 0x2661
[2552] [M]: 0x0000000080001160 (0x26613023) sd x6, 0x260(x2)                        common_Mentry+12
mem[W,0x0000000080004260] <- 0xFFFFFFFF7FFFF46C

mem[X,0x0000000080001164] -> 0x2573
mem[X,0x0000000080001166] -> 0x3420
[2553] [M]: 0x0000000080001164 (0x34202573) csrrs x10, mcause, x0                   spcl_M2mmode_test+0
CSR mcause (0x342) -> 0x000000000000000D
x10 <- 0x000000000000000D

clint mtime 0x00000000000004FD (mip.MTI <- 0b1, mip.STI <- 0b0)
mem[X,0x0000000080001168] -> 0x04B7
mem[X,0x000000008000116A] -> 0x8000
[2554] [M]: 0x0000000080001168 (0x800004B7) lui x9, -0x80000                        spcl_M2mmode_test+4
x9 <- 0xFFFFFFFF80000000

mem[X,0x000000008000116C] -> 0x8493
mem[X,0x000000008000116E] -> 0x0004
[2555] [M]: 0x000000008000116C (0x00048493) addi x9, x9, 0x0                        spcl_M2mmode_test+8
x9 <- 0xFFFFFFFF80000000

clint mtime 0x00000000000004FE (mip.MTI <- 0b1, mip.STI <- 0b0)
mem[X,0x0000000080001170] -> 0x9493
mem[X,0x0000000080001172] -> 0x00B4
[2556] [M]: 0x0000000080001170 (0x00B49493) slli x9, x9, 0xb                        spcl_M2mmode_test+12
x9 <- 0xFFFFFC0000000000

mem[X,0x0000000080001174] -> 0x8493
mem[X,0x0000000080001176] -> 0x0004
[2557] [M]: 0x0000000080001174 (0x00048493) addi x9, x9, 0x0                        spcl_M2mmode_test+16
x9 <- 0xFFFFFC0000000000

clint mtime 0x00000000000004FF (mip.MTI <- 0b1, mip.STI <- 0b0)
mem[X,0x0000000080001178] -> 0x9493
mem[X,0x000000008000117A] -> 0x00B4
[2558] [M]: 0x0000000080001178 (0x00B49493) slli x9, x9, 0xb                        spcl_M2mmode_test+20
x9 <- 0xFFE0000000000000

mem[X,0x000000008000117C] -> 0x8493
mem[X,0x000000008000117E] -> 0x0034
[2559] [M]: 0x000000008000117C (0x00348493) addi x9, x9, 0x3                        spcl_M2mmode_test+24
x9 <- 0xFFE0000000000003

clint mtime 0x0000000000000500 (mip.MTI <- 0b1, mip.STI <- 0b0)
mem[X,0x0000000080001180] -> 0x9493
mem[X,0x0000000080001182] -> 0x00A4
[2560] [M]: 0x0000000080001180 (0x00A49493) slli x9, x9, 0xa                        spcl_M2mmode_test+28
x9 <- 0x8000000000000C00

mem[X,0x0000000080001184] -> 0x8493
mem[X,0x0000000080001186] -> 0x3FC4
[2561] [M]: 0x0000000080001184 (0x3FC48493) addi x9, x9, 0x3fc                      spcl_M2mmode_test+32
x9 <- 0x8000000000000FFC

clint mtime 0x0000000000000501 (mip.MTI <- 0b1, mip.STI <- 0b0)
mem[X,0x0000000080001188] -> 0xF4B3
mem[X,0x000000008000118A] -> 0x00A4
[2562] [M]: 0x0000000080001188 (0x00A4F4B3) and x9, x9, x10                         spcl_M2mmode_test+36
x9 <- 0x000000000000000C

mem[X,0x000000008000118C] -> 0x8493
mem[X,0x000000008000118E] -> 0xFF84
[2563] [M]: 0x000000008000118C (0xFF848493) addi x9, x9, -0x8                       spcl_M2mmode_test+40
x9 <- 0x0000000000000004

clint mtime 0x0000000000000502 (mip.MTI <- 0b1, mip.STI <- 0b0)
mem[X,0x0000000080001190] -> 0x9663
mem[X,0x0000000080001192] -> 0x0004
[2564] [M]: 0x0000000080001190 (0x00049663) bne x9, x0, 0xc                         spcl_M2mmode_test+44

mem[X,0x000000008000119C] -> 0x0393
mem[X,0x000000008000119E] -> 0x0200
[2565] [M]: 0x000000008000119C (0x02000393) addi x7, x0, 0x20                       Mtrapsig_ptr_upd+0
x7 <- 0x0000000000000020

clint mtime 0x0000000000000503 (mip.MTI <- 0b1, mip.STI <- 0b0)
mem[X,0x00000000800011A0] -> 0x5263
mem[X,0x00000000800011A2] -> 0x0405
[2566] [M]: 0x00000000800011A0 (0x04055263) bge x10, x0, 0x44                       Mtrapsig_ptr_upd+4

mem[X,0x00000000800011E4] -> 0x2373
mem[X,0x00000000800011E6] -> 0x3010
[2567] [M]: 0x00000000800011E4 (0x30102373) csrrs x6, misa, x0                      Mxcpt_sig_sv+0
CSR misa (0x301) -> 0x800000000034112F
x6 <- 0x800000000034112F

clint mtime 0x0000000000000504 (mip.MTI <- 0b1, mip.STI <- 0b0)
mem[X,0x00000000800011E8] -> 0x1313
mem[X,0x00000000800011EA] -> 0x0383
[2568] [M]: 0x00000000800011E8 (0x03831313) slli x6, x6, 0x38                       Mxcpt_sig_sv+4
x6 <- 0x2F00000000000000

mem[X,0x00000000800011EC] -> 0x5463
mem[X,0x00000000800011EE] -> 0x0003
[2569] [M]: 0x00000000800011EC (0x00035463) bge x6, x0, 0x8                         Mxcpt_sig_sv+8

clint mtime 0x0000000000000505 (mip.MTI <- 0b1, mip.STI <- 0b0)
mem[X,0x00000000800011F4] -> 0x3303
mem[X,0x00000000800011F6] -> 0x2181
[2570] [M]: 0x00000000800011F4 (0x21813303) ld x6, 0x218(x2)                        Mtrap_sig_sv+0
mem[R,0x0000000080004218] -> 0x000000008000B3D8
x6 <- 0x000000008000B3D8

mem[X,0x00000000800011F8] -> 0x04B3
mem[X,0x00000000800011FA] -> 0x0073
[2571] [M]: 0x00000000800011F8 (0x007304B3) add x9, x6, x7                          Mtrap_sig_sv+4
x9 <- 0x000000008000B3F8

clint mtime 0x0000000000000506 (mip.MTI <- 0b1, mip.STI <- 0b0)
mem[X,0x00000000800011FC] -> 0x3C23
mem[X,0x00000000800011FE] -> 0x2091
[2572] [M]: 0x00000000800011FC (0x20913C23) sd x9, 0x218(x2)                        Mtrap_sig_sv+8
mem[W,0x0000000080004218] <- 0x000000008000B3F8

mem[X,0x0000000080001200] -> 0x3403
mem[X,0x0000000080001202] -> 0x1F81
[2573] [M]: 0x0000000080001200 (0x1F813403) ld x8, 0x1f8(x2)                        Mtrap_sig_sv+12
mem[R,0x00000000800041F8] -> 0x000000008000B110
x8 <- 0x000000008000B110

clint mtime 0x0000000000000507 (mip.MTI <- 0b1, mip.STI <- 0b0)
mem[X,0x0000000080001204] -> 0x0333
mem[X,0x0000000080001206] -> 0x4083
[2574] [M]: 0x0000000080001204 (0x40830333) sub x6, x6, x8                          Mtrap_sig_sv+16
x6 <- 0x00000000000002C8

mem[X,0x0000000080001208] -> 0x3403
mem[X,0x000000008000120A] -> 0x1F81
[2575] [M]: 0x0000000080001208 (0x1F813403) ld x8, 0x1f8(x2)                        Mtrap_sig_sv+20
mem[R,0x00000000800041F8] -> 0x000000008000B110
x8 <- 0x000000008000B110

clint mtime 0x0000000000000508 (mip.MTI <- 0b1, mip.STI <- 0b0)
mem[X,0x000000008000120C] -> 0x0333
mem[X,0x000000008000120E] -> 0x0083
[2576] [M]: 0x000000008000120C (0x00830333) add x6, x6, x8                          Mtrap_sig_sv+24
x6 <- 0x000000008000B3D8

mem[X,0x0000000080001210] -> 0x3403
mem[X,0x0000000080001212] -> 0x2401
[2577] [M]: 0x0000000080001210 (0x24013403) ld x8, 0x240(x2)                        Mtrap_sig_sv+28
mem[R,0x0000000080004240] -> 0x0000000080000F80
x8 <- 0x0000000080000F80

clint mtime 0x0000000000000509 (mip.MTI <- 0b1, mip.STI <- 0b0)
mem[X,0x0000000080001214] -> 0x85B3
mem[X,0x0000000080001216] -> 0x4085
[2578] [M]: 0x0000000080001214 (0x408585B3) sub x11, x11, x8                        sv_Mvect+0
x11 <- 0x000000000000010C

mem[X,0x0000000080001218] -> 0x9593
mem[X,0x000000008000121A] -> 0x0045
[2579] [M]: 0x0000000080001218 (0x00459593) slli x11, x11, 0x4                      sv_Mvect+4
x11 <- 0x00000000000010C0

clint mtime 0x000000000000050A (mip.MTI <- 0b1, mip.STI <- 0b0)
mem[X,0x000000008000121C] -> 0xE5B3
mem[X,0x000000008000121E] -> 0x0075
[2580] [M]: 0x000000008000121C (0x0075E5B3) or x11, x11, x7                         sv_Mvect+8
x11 <- 0x00000000000010E0

mem[X,0x0000000080001220] -> 0x8593
mem[X,0x0000000080001222] -> 0x0035
[2581] [M]: 0x0000000080001220 (0x00358593) addi x11, x11, 0x3                      sv_Mvect+12
x11 <- 0x00000000000010E3

clint mtime 0x000000000000050B (mip.MTI <- 0b1, mip.STI <- 0b0)
mem[X,0x0000000080001224] -> 0x3023
mem[X,0x0000000080001226] -> 0x00B3
[2582] [M]: 0x0000000080001224 (0x00B33023) sd x11, 0x0(x6)                         sv_Mvect+16
mem[W,0x000000008000B3D8] <- 0x00000000000010E3

mem[X,0x0000000080001228] -> 0x3423
mem[X,0x000000008000122A] -> 0x00A3
[2583] [M]: 0x0000000080001228 (0x00A33423) sd x10, 0x8(x6)                         sv_Mcause+0
mem[W,0x000000008000B3E0] <- 0x000000000000000D

clint mtime 0x000000000000050C (mip.MTI <- 0b1, mip.STI <- 0b0)
mem[X,0x000000008000122C] -> 0x4663
mem[X,0x000000008000122E] -> 0x1A05
[2584] [M]: 0x000000008000122C (0x1A054663) blt x10, x0, 0x1ac                      sv_Mcause+4

mem[X,0x0000000080001230] -> 0x25F3
mem[X,0x0000000080001232] -> 0x3000
[2585] [M]: 0x0000000080001230 (0x300025F3) csrrs x11, mstatus, x0                  common_Mexcpt_handler+0
CSR mstatus (0x300) -> 0x0000000A00000800
x11 <- 0x0000000A00000800

clint mtime 0x000000000000050D (mip.MTI <- 0b1, mip.STI <- 0b0)
mem[X,0x0000000080001234] -> 0x9413
mem[X,0x0000000080001236] -> 0x02E5
[2586] [M]: 0x0000000080001234 (0x02E59413) slli x8, x11, 0x2e                      common_Mexcpt_handler+4
x8 <- 0x0200000000000000

mem[X,0x0000000080001238] -> 0x5463
mem[X,0x000000008000123A] -> 0x0004
[2587] [M]: 0x0000000080001238 (0x00045463) bge x8, x0, 0x8                         common_Mexcpt_handler+8

clint mtime 0x000000000000050E (mip.MTI <- 0b1, mip.STI <- 0b0)
mem[X,0x0000000080001240] -> 0xD493
mem[X,0x0000000080001242] -> 0x00B5
[2588] [M]: 0x0000000080001240 (0x00B5D493) srli x9, x11, 0xb                       common_Mexcpt_handler+16
x9 <- 0x0000000001400001

mem[X,0x0000000080001244] -> 0xF493
mem[X,0x0000000080001246] -> 0x0034
[2589] [M]: 0x0000000080001244 (0x0034F493) andi x9, x9, 0x3                        common_Mexcpt_handler+20
x9 <- 0x0000000000000001

clint mtime 0x000000000000050F (mip.MTI <- 0b1, mip.STI <- 0b0)
mem[X,0x0000000080001248] -> 0x8493
mem[X,0x000000008000124A] -> 0x0014
[2590] [M]: 0x0000000080001248 (0x00148493) addi x9, x9, 0x1                        common_Mexcpt_handler+24
x9 <- 0x0000000000000002

mem[X,0x000000008000124C] -> 0xF493
mem[X,0x000000008000124E] -> 0x0044
[2591] [M]: 0x000000008000124C (0x0044F493) andi x9, x9, 0x4                        common_Mexcpt_handler+28
x9 <- 0x0000000000000000

clint mtime 0x0000000000000510 (mip.MTI <- 0b1, mip.STI <- 0b0)
mem[X,0x0000000080001250] -> 0x0593
mem[X,0x0000000080001252] -> 0x05D0
[2592] [M]: 0x0000000080001250 (0x05D00593) addi x11, x0, 0x5d                      common_Mexcpt_handler+32
x11 <- 0x000000000000005D

mem[X,0x0000000080001254] -> 0xD5B3
mem[X,0x0000000080001256] -> 0x0095
[2593] [M]: 0x0000000080001254 (0x0095D5B3) srl x11, x11, x9                        common_Mexcpt_handler+36
x11 <- 0x000000000000005D

clint mtime 0x0000000000000511 (mip.MTI <- 0b1, mip.STI <- 0b0)
mem[X,0x0000000080001258] -> 0xF593
mem[X,0x000000008000125A] -> 0x0015
[2594] [M]: 0x0000000080001258 (0x0015F593) andi x11, x11, 0x1                      common_Mexcpt_handler+40
x11 <- 0x0000000000000001

mem[X,0x000000008000125C] -> 0x8EE3
mem[X,0x000000008000125E] -> 0xF405
[2595] [M]: 0x000000008000125C (0xF4058EE3) beq x11, x0, -0xa4                      common_Mexcpt_handler+44

clint mtime 0x0000000000000512 (mip.MTI <- 0b1, mip.STI <- 0b0)
mem[X,0x0000000080001260] -> 0x0593
mem[X,0x0000000080001262] -> 0x2980
[2596] [M]: 0x0000000080001260 (0x29800593) addi x11, x0, 0x298                     common_Mexcpt_handler+48
x11 <- 0x0000000000000298

mem[X,0x0000000080001264] -> 0xF413
mem[X,0x0000000080001266] -> 0x0014
[2597] [M]: 0x0000000080001264 (0x0014F413) andi x8, x9, 0x1                        common_Mexcpt_handler+52
x8 <- 0x0000000000000000

clint mtime 0x0000000000000513 (mip.MTI <- 0b1, mip.STI <- 0b0)
mem[X,0x0000000080001268] -> 0x95B3
mem[X,0x000000008000126A] -> 0x0085
[2598] [M]: 0x0000000080001268 (0x008595B3) sll x11, x11, x8                        common_Mexcpt_handler+56
x11 <- 0x0000000000000298

mem[X,0x000000008000126C] -> 0x9413
mem[X,0x000000008000126E] -> 0x03D4
[2599] [M]: 0x000000008000126C (0x03D49413) slli x8, x9, 0x3d                       common_Mexcpt_handler+60
x8 <- 0x0000000000000000

clint mtime 0x0000000000000514 (mip.MTI <- 0b1, mip.STI <- 0b0)
mem[X,0x0000000080001270] -> 0x5413
mem[X,0x0000000080001272] -> 0x43F4
[2600] [M]: 0x0000000080001270 (0x43F45413) srai x8, x8, 0x3f                       common_Mexcpt_handler+64
x8 <- 0x0000000000000000

mem[X,0x0000000080001274] -> 0x4413
mem[X,0x0000000080001276] -> 0xFFF4
[2601] [M]: 0x0000000080001274 (0xFFF44413) xori x8, x8, -0x1                       common_Mexcpt_handler+68
x8 <- 0xFFFFFFFFFFFFFFFF

clint mtime 0x0000000000000515 (mip.MTI <- 0b1, mip.STI <- 0b0)
mem[X,0x0000000080001278] -> 0xF4B3
mem[X,0x000000008000127A] -> 0x0085
[2602] [M]: 0x0000000080001278 (0x0085F4B3) and x9, x11, x8                         common_Mexcpt_handler+72
x9 <- 0x0000000000000298

mem[X,0x000000008000127C] -> 0x84B3
mem[X,0x000000008000127E] -> 0x0024
[2603] [M]: 0x000000008000127C (0x002484B3) add x9, x9, x2                          vmem_adj_Mepc+0
x9 <- 0x0000000080004298

clint mtime 0x0000000000000516 (mip.MTI <- 0b1, mip.STI <- 0b0)
mem[X,0x0000000080001280] -> 0x23F3
mem[X,0x0000000080001282] -> 0x3410
[2604] [M]: 0x0000000080001280 (0x341023F3) csrrs x7, mepc, x0                      vmem_adj_Mepc+4
CSR mepc (0x341) -> 0x0006000080000E00
x7 <- 0x0006000080000E00

mem[X,0x0000000080001284] -> 0x0413
mem[X,0x0000000080001286] -> 0x0004
[2605] [M]: 0x0000000080001284 (0x00040413) addi x8, x8, 0x0                        vmem_adj_Mepc+8
x8 <- 0xFFFFFFFFFFFFFFFF

clint mtime 0x0000000000000517 (mip.MTI <- 0b1, mip.STI <- 0b0)
mem[X,0x0000000080001288] -> 0x006F
mem[X,0x000000008000128A] -> 0x0400
[2606] [M]: 0x0000000080001288 (0x0400006F) jal x0, 0x40                            vmem_adj_Mepc+12

mem[X,0x00000000800012C8] -> 0x8433
mem[X,0x00000000800012CA] -> 0x4083
[2607] [M]: 0x00000000800012C8 (0x40838433) sub x8, x7, x8                          adj_Mepc+0
x8 <- 0x0006000080000E01

clint mtime 0x0000000000000518 (mip.MTI <- 0b1, mip.STI <- 0b0)
mem[X,0x00000000800012CC] -> 0x3823
mem[X,0x00000000800012CE] -> 0x0083
[2608] [M]: 0x00000000800012CC (0x00833823) sd x8, 0x10(x6)                         sv_Mepc+0
mem[W,0x000000008000B3E8] <- 0x0006000080000E01

mem[X,0x00000000800012D0] -> 0x55B7
mem[X,0x00000000800012D2] -> 0x0000
[2609] [M]: 0x00000000800012D0 (0x000055B7) lui x11, 0x5                            sv_Mepc+4
x11 <- 0x0000000000005000

clint mtime 0x0000000000000519 (mip.MTI <- 0b1, mip.STI <- 0b0)
mem[X,0x00000000800012D4] -> 0x8593
mem[X,0x00000000800012D6] -> 0x6675
[2610] [M]: 0x00000000800012D4 (0x66758593) addi x11, x11, 0x667                    sv_Mepc+8
x11 <- 0x0000000000005667

mem[X,0x00000000800012D8] -> 0x9593
mem[X,0x00000000800012DA] -> 0x0015
[2611] [M]: 0x00000000800012D8 (0x00159593) slli x11, x11, 0x1                      sv_Mepc+12
x11 <- 0x000000000000ACCE

clint mtime 0x000000000000051A (mip.MTI <- 0b1, mip.STI <- 0b0)
mem[X,0x00000000800012DC] -> 0x9063
mem[X,0x00000000800012DE] -> 0x02B1
[2612] [M]: 0x00000000800012DC (0x02B19063) bne x3, x11, 0x20                       sv_Mepc+16

mem[X,0x00000000800012E0] -> 0x2473
mem[X,0x00000000800012E2] -> 0x3420
[2613] [M]: 0x00000000800012E0 (0x34202473) csrrs x8, mcause, x0                    sv_Mepc+20
CSR mcause (0x342) -> 0x000000000000000D
x8 <- 0x000000000000000D

clint mtime 0x000000000000051B (mip.MTI <- 0b1, mip.STI <- 0b0)
mem[X,0x00000000800012E4] -> 0x0593
mem[X,0x00000000800012E6] -> 0x00C0
[2614] [M]: 0x00000000800012E4 (0x00C00593) addi x11, x0, 0xc                       sv_Mepc+24
x11 <- 0x000000000000000C

mem[X,0x00000000800012E8] -> 0x0663
mem[X,0x00000000800012EA] -> 0x00B4
[2615] [M]: 0x00000000800012E8 (0x00B40663) beq x8, x11, 0xc                        sv_Mepc+28

clint mtime 0x000000000000051C (mip.MTI <- 0b1, mip.STI <- 0b0)
mem[X,0x00000000800012EC] -> 0x0593
mem[X,0x00000000800012EE] -> 0x0010
[2616] [M]: 0x00000000800012EC (0x00100593) addi x11, x0, 0x1                       sv_Mepc+32
x11 <- 0x0000000000000001

mem[X,0x00000000800012F0] -> 0x1663
mem[X,0x00000000800012F2] -> 0x00B4
[2617] [M]: 0x00000000800012F0 (0x00B41663) bne x8, x11, 0xc                        sv_Mepc+36

clint mtime 0x000000000000051D (mip.MTI <- 0b1, mip.STI <- 0b0)
mem[X,0x00000000800012FC] -> 0xF593
mem[X,0x00000000800012FE] -> 0xFFC3
[2618] [M]: 0x00000000800012FC (0xFFC3F593) andi x11, x7, -0x4                      adj_Mepc_rtn+0
x11 <- 0x0006000080000E00

mem[X,0x0000000080001300] -> 0x8593
mem[X,0x0000000080001302] -> 0x0085
[2619] [M]: 0x0000000080001300 (0x00858593) addi x11, x11, 0x8                      adj_Mepc_rtn+4
x11 <- 0x0006000080000E08

clint mtime 0x000000000000051E (mip.MTI <- 0b1, mip.STI <- 0b0)
mem[X,0x0000000080001304] -> 0x9073
mem[X,0x0000000080001306] -> 0x3415
[2620] [M]: 0x0000000080001304 (0x34159073) csrrw x0, mepc, x11                     adj_Mepc_rtn+8
CSR mepc (0x341) <- 0x0006000080000E08

mem[X,0x0000000080001308] -> 0x23F3
mem[X,0x000000008000130A] -> 0x3430
[2621] [M]: 0x0000000080001308 (0x343023F3) csrrs x7, mtval, x0                     skp_adj_Mepc+0
CSR mtval (0x343) -> 0x0005000000000014
x7 <- 0x0005000000000014

clint mtime 0x000000000000051F (mip.MTI <- 0b1, mip.STI <- 0b0)
mem[X,0x000000008000130C] -> 0x0413
mem[X,0x000000008000130E] -> 0x0004
[2622] [M]: 0x000000008000130C (0x00040413) addi x8, x8, 0x0                        skp_adj_Mepc+4
x8 <- 0x000000000000000D

mem[X,0x0000000080001310] -> 0x006F
mem[X,0x0000000080001312] -> 0x0840
[2623] [M]: 0x0000000080001310 (0x0840006F) jal x0, 0x84                            skp_adj_Mepc+8

clint mtime 0x0000000000000520 (mip.MTI <- 0b1, mip.STI <- 0b0)
mem[X,0x0000000080001394] -> 0x8433
mem[X,0x0000000080001396] -> 0x4083
[2624] [M]: 0x0000000080001394 (0x40838433) sub x8, x7, x8                          adj_Mtval+0
x8 <- 0x0005000000000007

mem[X,0x0000000080001398] -> 0x3C23
mem[X,0x000000008000139A] -> 0x0083
[2625] [M]: 0x0000000080001398 (0x00833C23) sd x8, 0x18(x6)                         sv_Mtval+0
mem[W,0x000000008000B3F0] <- 0x0005000000000007

clint mtime 0x0000000000000521 (mip.MTI <- 0b1, mip.STI <- 0b0)
mem[X,0x000000008000139C] -> 0x3483
mem[X,0x000000008000139E] -> 0x2181
[2626] [M]: 0x000000008000139C (0x21813483) ld x9, 0x218(x2)                        skp_Mtval+0
mem[R,0x0000000080004218] -> 0x000000008000B3F8
x9 <- 0x000000008000B3F8

mem[X,0x00000000800013A0] -> 0x3383
mem[X,0x00000000800013A2] -> 0x1F81
[2627] [M]: 0x00000000800013A0 (0x1F813383) ld x7, 0x1f8(x2)                        skp_Mtval+4
mem[R,0x00000000800041F8] -> 0x000000008000B110
x7 <- 0x000000008000B110

clint mtime 0x0000000000000522 (mip.MTI <- 0b1, mip.STI <- 0b0)
mem[X,0x00000000800013A4] -> 0x3303
mem[X,0x00000000800013A6] -> 0x2001
[2628] [M]: 0x00000000800013A4 (0x20013303) ld x6, 0x200(x2)                        skp_Mtval+8
mem[R,0x0000000080004200] -> 0x0000000000000310
x6 <- 0x0000000000000310

mem[X,0x00000000800013A8] -> 0x0333
mem[X,0x00000000800013AA] -> 0x0073
[2629] [M]: 0x00000000800013A8 (0x00730333) add x6, x6, x7                          skp_Mtval+12
x6 <- 0x000000008000B420

clint mtime 0x0000000000000523 (mip.MTI <- 0b1, mip.STI <- 0b0)
mem[X,0x00000000800013AC] -> 0x6AE3
mem[X,0x00000000800013AE] -> 0xAC93
[2630] [M]: 0x00000000800013AC (0xAC936AE3) bltu x6, x9, -0x52c                     skp_Mtval+16

mem[X,0x00000000800013B0] -> 0x0393
mem[X,0x00000000800013B2] -> 0x2000
[2631] [M]: 0x00000000800013B0 (0x20000393) addi x7, x0, 0x200                      skp_Mtval+20
x7 <- 0x0000000000000200

clint mtime 0x0000000000000524 (mip.MTI <- 0b1, mip.STI <- 0b0)
mem[X,0x00000000800013B4] -> 0x006F
mem[X,0x00000000800013B6] -> 0x0400
[2632] [M]: 0x00000000800013B4 (0x0400006F) jal x0, 0x40                            skp_Mtval+24

mem[X,0x00000000800013F4] -> 0x0417
mem[X,0x00000000800013F6] -> 0x0000
[2633] [M]: 0x00000000800013F4 (0x00000417) auipc x8, 0x0                           spcl_Mhandler+0
x8 <- 0x00000000800013F4

clint mtime 0x0000000000000525 (mip.MTI <- 0b1, mip.STI <- 0b0)
mem[X,0x00000000800013F8] -> 0x0413
mem[X,0x00000000800013FA] -> 0x03C4
[2634] [M]: 0x00000000800013F8 (0x03C40413) addi x8, x8, 0x3c                       spcl_Mhandler+4
x8 <- 0x0000000080001430

mem[X,0x00000000800013FC] -> 0x0433
mem[X,0x00000000800013FE] -> 0x0074
[2635] [M]: 0x00000000800013FC (0x00740433) add x8, x8, x7                          spcl_Mhandler+8
x8 <- 0x0000000080001630

clint mtime 0x0000000000000526 (mip.MTI <- 0b1, mip.STI <- 0b0)
mem[X,0x0000000080001400] -> 0x1393
mem[X,0x0000000080001402] -> 0x0035
[2636] [M]: 0x0000000080001400 (0x00351393) slli x7, x10, 0x3                       spcl_Mhandler+12
x7 <- 0x0000000000000068

mem[X,0x0000000080001404] -> 0x0433
mem[X,0x0000000080001406] -> 0x0074
[2637] [M]: 0x0000000080001404 (0x00740433) add x8, x8, x7                          spcl_Mhandler+16
x8 <- 0x0000000080001698

clint mtime 0x0000000000000527 (mip.MTI <- 0b1, mip.STI <- 0b0)
mem[X,0x0000000080001408] -> 0x7413
mem[X,0x000000008000140A] -> 0xFF84
[2638] [M]: 0x0000000080001408 (0xFF847413) andi x8, x8, -0x8                       spcl_Mhandler+20
x8 <- 0x0000000080001698

mem[X,0x000000008000140C] -> 0x3403
mem[X,0x000000008000140E] -> 0x0004
[2639] [M]: 0x000000008000140C (0x00043403) ld x8, 0x0(x8)                          spcl_Mhandler+24
mem[R,0x0000000080001698] -> 0x000000000000001B
x8 <- 0x000000000000001B

clint mtime 0x0000000000000528 (mip.MTI <- 0b1, mip.STI <- 0b0)
mem[X,0x0000000080001410] -> 0x02E3
mem[X,0x0000000080001412] -> 0xB004
[2640] [M]: 0x0000000080001410 (0xB00402E3) beq x8, x0, -0x4fc                      spcl_Mdispatch_hndling+0

mem[X,0x0000000080001414] -> 0x1393
mem[X,0x0000000080001416] -> 0x03F4
[2641] [M]: 0x0000000080001414 (0x03F41393) slli x7, x8, 0x3f                       spcl_Mdispatch_hndling+4
x7 <- 0x8000000000000000

clint mtime 0x0000000000000529 (mip.MTI <- 0b1, mip.STI <- 0b0)
mem[X,0x0000000080001418] -> 0xD863
mem[X,0x000000008000141A] -> 0x0003
[2642] [M]: 0x0000000080001418 (0x0003D863) bge x7, x0, 0x10                        spcl_Mdispatch_hndling+8

mem[X,0x000000008000141C] -> 0x5413
mem[X,0x000000008000141E] -> 0x0014
[2643] [M]: 0x000000008000141C (0x00145413) srli x8, x8, 0x1                        spcl_Mdispatch_hndling+12
x8 <- 0x000000000000000D

clint mtime 0x000000000000052A (mip.MTI <- 0b1, mip.STI <- 0b0)
mem[X,0x0000000080001420] -> 0x0CE3
mem[X,0x0000000080001422] -> 0xF885
[2644] [M]: 0x0000000080001420 (0xF8850CE3) beq x10, x8, -0x68                      spcl_Mdispatch_hndling+16

mem[X,0x00000000800013B8] -> 0x3303
mem[X,0x00000000800013BA] -> 0x2601
[2645] [M]: 0x00000000800013B8 (0x26013303) ld x6, 0x260(x2)                        resto_Mrtn+0
mem[R,0x0000000080004260] -> 0xFFFFFFFF7FFFF46C
x6 <- 0xFFFFFFFF7FFFF46C

clint mtime 0x000000000000052B (mip.MTI <- 0b1, mip.STI <- 0b0)
mem[X,0x00000000800013BC] -> 0x3383
mem[X,0x00000000800013BE] -> 0x2681
[2646] [M]: 0x00000000800013BC (0x26813383) ld x7, 0x268(x2)                        resto_Mrtn+4
mem[R,0x0000000080004268] -> 0x0000000080004000
x7 <- 0x0000000080004000

mem[X,0x00000000800013C0] -> 0x3403
mem[X,0x00000000800013C2] -> 0x2701
[2647] [M]: 0x00000000800013C0 (0x27013403) ld x8, 0x270(x2)                        resto_Mrtn+8
mem[R,0x0000000080004270] -> 0x0000000000007F76
x8 <- 0x0000000000007F76

clint mtime 0x000000000000052C (mip.MTI <- 0b1, mip.STI <- 0b0)
mem[X,0x00000000800013C4] -> 0x3483
mem[X,0x00000000800013C6] -> 0x2781
[2648] [M]: 0x00000000800013C4 (0x27813483) ld x9, 0x278(x2)                        resto_Mrtn+12
mem[R,0x0000000080004278] -> 0x0006000000000248
x9 <- 0x0006000000000248

mem[X,0x00000000800013C8] -> 0x3503
mem[X,0x00000000800013CA] -> 0x2801
[2649] [M]: 0x00000000800013C8 (0x28013503) ld x10, 0x280(x2)                       resto_Mrtn+16
mem[R,0x0000000080004280] -> 0x00000000200014CF
x10 <- 0x00000000200014CF

clint mtime 0x000000000000052D (mip.MTI <- 0b1, mip.STI <- 0b0)
mem[X,0x00000000800013CC] -> 0x3583
mem[X,0x00000000800013CE] -> 0x2881
[2650] [M]: 0x00000000800013CC (0x28813583) ld x11, 0x288(x2)                       resto_Mrtn+20
mem[R,0x0000000080004288] -> 0x00000000000000CF
x11 <- 0x00000000000000CF

mem[X,0x00000000800013D0] -> 0x3103
mem[X,0x00000000800013D2] -> 0x2901
[2651] [M]: 0x00000000800013D0 (0x29013103) ld x2, 0x290(x2)                        resto_Mrtn+24
mem[R,0x0000000080004290] -> 0x0000000000000000
x2 <- 0x0000000000000000

clint mtime 0x000000000000052E (mip.MTI <- 0b1, mip.STI <- 0b0)
mem[X,0x00000000800013D4] -> 0x0073
mem[X,0x00000000800013D6] -> 0x3020
[2652] [M]: 0x00000000800013D4 (0x30200073) mret                                    resto_Mrtn+28
CSR mstatus (0x300) <- 0x0000000A00000080
ret-ing from M to S

mem[X,0x0000000080000E08] -> 0x51B7
mem[X,0x0000000080000E0A] -> 0x0000
[2653] [S]: 0x0006000080000E08 (0x000051B7) lui x3, 0x5                             va_rvtest_code_begin+2668
x3 <- 0x0000000000005000

clint mtime 0x000000000000052F (mip.MTI <- 0b1, mip.STI <- 0b0)
mem[X,0x0000000080000E0C] -> 0x8193
mem[X,0x0000000080000E0E] -> 0x6671
[2654] [S]: 0x0006000080000E0C (0x66718193) addi x3, x3, 0x667                      va_rvtest_code_begin+2672
x3 <- 0x0000000000005667

mem[X,0x0000000080000E10] -> 0x9193
mem[X,0x0000000080000E12] -> 0x0011
[2655] [S]: 0x0006000080000E10 (0x00119193) slli x3, x3, 0x1                        va_rvtest_code_begin+2676
x3 <- 0x000000000000ACCE

clint mtime 0x0000000000000530 (mip.MTI <- 0b1, mip.STI <- 0b0)
mem[X,0x0000000080000E14] -> 0x0013
mem[X,0x0000000080000E16] -> 0x0000
[2656] [S]: 0x0006000080000E14 (0x00000013) addi x0, x0, 0x0                        va_rvtest_code_begin+2680

mem[X,0x0000000080000E18] -> 0x0013
mem[X,0x0000000080000E1A] -> 0x0000
[2657] [S]: 0x0006000080000E18 (0x00000013) addi x0, x0, 0x0                        va_rvtest_code_begin+2684

clint mtime 0x0000000000000531 (mip.MTI <- 0b1, mip.STI <- 0b0)
mem[X,0x0000000080000E1C] -> 0x0013
mem[X,0x0000000080000E1E] -> 0x0000
[2658] [S]: 0x0006000080000E1C (0x00000013) addi x0, x0, 0x0                        va_rvtest_code_begin+2688

mem[X,0x0000000080000E20] -> 0x0217
mem[X,0x0000000080000E22] -> 0x0000
[2659] [S]: 0x0006000080000E20 (0x00000217) auipc x4, 0x0                           va_rvtest_code_begin+2692
x4 <- 0x0006000080000E20

clint mtime 0x0000000000000532 (mip.MTI <- 0b1, mip.STI <- 0b0)
mem[X,0x0000000080000E24] -> 0x0213
mem[X,0x0000000080000E26] -> 0x02C2
[2660] [S]: 0x0006000080000E24 (0x02C20213) addi x4, x4, 0x2c                       va_rvtest_code_begin+2696
x4 <- 0x0006000080000E4C

mem[X,0x0000000080000E28] -> 0x0001
[2661] [S]: 0x0006000080000E28 (0x0001) c.nop                                       va_rvtest_code_begin+2700

clint mtime 0x0000000000000533 (mip.MTI <- 0b1, mip.STI <- 0b0)
mem[X,0x0000000080000E2A] -> 0x0013
mem[X,0x0000000080000E2C] -> 0x0000
[2662] [S]: 0x0006000080000E2A (0x00000013) addi x0, x0, 0x0                        va_rvtest_code_begin+2702

mem[X,0x0000000080000E2E] -> 0x0013
mem[X,0x0000000080000E30] -> 0x0000
[2663] [S]: 0x0006000080000E2E (0x00000013) addi x0, x0, 0x0                        va_rvtest_code_begin+2706

clint mtime 0x0000000000000534 (mip.MTI <- 0b1, mip.STI <- 0b0)
mem[X,0x0000000080000E32] -> 0x0013
mem[X,0x0000000080000E34] -> 0x0000
[2664] [S]: 0x0006000080000E32 (0x00000013) addi x0, x0, 0x0                        va_rvtest_code_begin+2710

mem[X,0x0000000080000E36] -> 0x0013
mem[X,0x0000000080000E38] -> 0x0000
[2665] [S]: 0x0006000080000E36 (0x00000013) addi x0, x0, 0x0                        va_rvtest_code_begin+2714

clint mtime 0x0000000000000535 (mip.MTI <- 0b1, mip.STI <- 0b0)
mem[X,0x0000000080000E3A] -> 0x0013
mem[X,0x0000000080000E3C] -> 0x0000
[2666] [S]: 0x0006000080000E3A (0x00000013) addi x0, x0, 0x0                        va_rvtest_code_begin+2718

mem[X,0x0000000080000E3E] -> 0x0001
[2667] [S]: 0x0006000080000E3E (0x0001) c.nop                                       va_rvtest_code_begin+2722

clint mtime 0x0000000000000536 (mip.MTI <- 0b1, mip.STI <- 0b0)
mem[X,0x0000000080000E40] -> 0x80E7
mem[X,0x0000000080000E42] -> 0x0007
[2668] [S]: 0x0006000080000E40 (0x000780E7) jalr x1, 0x0(x15)                       va_rvtest_code_begin+2724
x1 <- 0x0006000080000E44

PTW: Start, vpn=0x5000000000, access_type=X, privilege=Smem[R,0x000000008000A028] -> 0x0000000020002401
PTW: Step, level=4, pte=0x20002401, pte_addr=0x8000A028
PTW: Start, vpn=0x5000000000, access_type=X, privilege=Smem[R,0x0000000080009000] -> 0x0000000020002001
PTW: Step, level=3, pte=0x20002001, pte_addr=0x80009000
PTW: Start, vpn=0x5000000000, access_type=X, privilege=Smem[R,0x0000000080008000] -> 0x0000000020001C01
PTW: Step, level=2, pte=0x20001C01, pte_addr=0x80008000
PTW: Start, vpn=0x5000000000, access_type=X, privilege=Smem[R,0x0000000080007000] -> 0x00000000200014CF
PTW: Step, level=1, pte=0x200014CF, pte_addr=0x80007000
PTW: failed, error=misaligned-superpage, level=1, pte_addr=0x80007000
trapping from S to M to handle fetch-page-fault
handling exc#fetch-page-fault at priv M with tval 0x0005000000000000
CSR mstatus (0x300) <- 0x0000000A00000800
CSR mcause (0x342) <- 0x000000000000000C
CSR mtval (0x343) <- 0x0005000000000000
CSR mepc (0x341) <- 0x0005000000000000

clint mtime 0x0000000000000537 (mip.MTI <- 0b1, mip.STI <- 0b0)
mem[X,0x0000000080000F80] -> 0x006F
mem[X,0x0000000080000F82] -> 0x1000
[2670] [M]: 0x0000000080000F80 (0x1000006F) jal x0, 0x100                           Mtrampoline+0

mem[X,0x0000000080001080] -> 0x1173
mem[X,0x0000000080001082] -> 0x3401
[2671] [M]: 0x0000000080001080 (0x34011173) csrrw x2, mscratch, x2                  trap_Mhandler+0
CSR mscratch (0x340) <- 0x0000000000000000
x2 <- 0x0000000080004000

clint mtime 0x0000000000000538 (mip.MTI <- 0b1, mip.STI <- 0b0)
mem[X,0x0000000080001084] -> 0x3423
mem[X,0x0000000080001086] -> 0x28B1
[2672] [M]: 0x0000000080001084 (0x28B13423) sd x11, 0x288(x2)                       trap_Mhandler+4
mem[W,0x0000000080004288] <- 0x00000000000000CF

mem[X,0x0000000080001088] -> 0x05EF
mem[X,0x000000008000108A] -> 0x0B80
[2673] [M]: 0x0000000080001088 (0x0B8005EF) jal x11, 0xb8                           trap_Mhandler+8
x11 <- 0x000000008000108C

clint mtime 0x0000000000000539 (mip.MTI <- 0b1, mip.STI <- 0b0)
mem[X,0x0000000080001140] -> 0x3023
mem[X,0x0000000080001142] -> 0x28A1
[2674] [M]: 0x0000000080001140 (0x28A13023) sd x10, 0x280(x2)                       common_Mhandler+0
mem[W,0x0000000080004280] <- 0x00000000200014CF

mem[X,0x0000000080001144] -> 0x1573
mem[X,0x0000000080001146] -> 0x3401
[2675] [M]: 0x0000000080001144 (0x34011573) csrrw x10, mscratch, x2                 common_Mhandler+4
CSR mscratch (0x340) <- 0x0000000080004000
x10 <- 0x0000000000000000

clint mtime 0x000000000000053A (mip.MTI <- 0b1, mip.STI <- 0b0)
mem[X,0x0000000080001148] -> 0x3823
mem[X,0x000000008000114A] -> 0x28A1
[2676] [M]: 0x0000000080001148 (0x28A13823) sd x10, 0x290(x2)                       common_Mhandler+8
mem[W,0x0000000080004290] <- 0x0000000000000000

mem[X,0x000000008000114C] -> 0x3503
mem[X,0x000000008000114E] -> 0x2301
[2677] [M]: 0x000000008000114C (0x23013503) ld x10, 0x230(x2)                       common_Mhandler+12
mem[R,0x0000000080004230] -> 0x0000000080001154
x10 <- 0x0000000080001154

clint mtime 0x000000000000053B (mip.MTI <- 0b1, mip.STI <- 0b0)
mem[X,0x0000000080001150] -> 0x0067
mem[X,0x0000000080001152] -> 0x0005
[2678] [M]: 0x0000000080001150 (0x00050067) jalr x0, 0x0(x10)                       common_Mhandler+16

mem[X,0x0000000080001154] -> 0x3C23
mem[X,0x0000000080001156] -> 0x2691
[2679] [M]: 0x0000000080001154 (0x26913C23) sd x9, 0x278(x2)                        common_Mentry+0
mem[W,0x0000000080004278] <- 0x0006000000000248

clint mtime 0x000000000000053C (mip.MTI <- 0b1, mip.STI <- 0b0)
mem[X,0x0000000080001158] -> 0x3823
mem[X,0x000000008000115A] -> 0x2681
[2680] [M]: 0x0000000080001158 (0x26813823) sd x8, 0x270(x2)                        common_Mentry+4
mem[W,0x0000000080004270] <- 0x0000000000007F76

mem[X,0x000000008000115C] -> 0x3423
mem[X,0x000000008000115E] -> 0x2671
[2681] [M]: 0x000000008000115C (0x26713423) sd x7, 0x268(x2)                        common_Mentry+8
mem[W,0x0000000080004268] <- 0x0000000080004000

clint mtime 0x000000000000053D (mip.MTI <- 0b1, mip.STI <- 0b0)
mem[X,0x0000000080001160] -> 0x3023
mem[X,0x0000000080001162] -> 0x2661
[2682] [M]: 0x0000000080001160 (0x26613023) sd x6, 0x260(x2)                        common_Mentry+12
mem[W,0x0000000080004260] <- 0xFFFFFFFF7FFFF46C

mem[X,0x0000000080001164] -> 0x2573
mem[X,0x0000000080001166] -> 0x3420
[2683] [M]: 0x0000000080001164 (0x34202573) csrrs x10, mcause, x0                   spcl_M2mmode_test+0
CSR mcause (0x342) -> 0x000000000000000C
x10 <- 0x000000000000000C

clint mtime 0x000000000000053E (mip.MTI <- 0b1, mip.STI <- 0b0)
mem[X,0x0000000080001168] -> 0x04B7
mem[X,0x000000008000116A] -> 0x8000
[2684] [M]: 0x0000000080001168 (0x800004B7) lui x9, -0x80000                        spcl_M2mmode_test+4
x9 <- 0xFFFFFFFF80000000

mem[X,0x000000008000116C] -> 0x8493
mem[X,0x000000008000116E] -> 0x0004
[2685] [M]: 0x000000008000116C (0x00048493) addi x9, x9, 0x0                        spcl_M2mmode_test+8
x9 <- 0xFFFFFFFF80000000

clint mtime 0x000000000000053F (mip.MTI <- 0b1, mip.STI <- 0b0)
mem[X,0x0000000080001170] -> 0x9493
mem[X,0x0000000080001172] -> 0x00B4
[2686] [M]: 0x0000000080001170 (0x00B49493) slli x9, x9, 0xb                        spcl_M2mmode_test+12
x9 <- 0xFFFFFC0000000000

mem[X,0x0000000080001174] -> 0x8493
mem[X,0x0000000080001176] -> 0x0004
[2687] [M]: 0x0000000080001174 (0x00048493) addi x9, x9, 0x0                        spcl_M2mmode_test+16
x9 <- 0xFFFFFC0000000000

clint mtime 0x0000000000000540 (mip.MTI <- 0b1, mip.STI <- 0b0)
mem[X,0x0000000080001178] -> 0x9493
mem[X,0x000000008000117A] -> 0x00B4
[2688] [M]: 0x0000000080001178 (0x00B49493) slli x9, x9, 0xb                        spcl_M2mmode_test+20
x9 <- 0xFFE0000000000000

mem[X,0x000000008000117C] -> 0x8493
mem[X,0x000000008000117E] -> 0x0034
[2689] [M]: 0x000000008000117C (0x00348493) addi x9, x9, 0x3                        spcl_M2mmode_test+24
x9 <- 0xFFE0000000000003

clint mtime 0x0000000000000541 (mip.MTI <- 0b1, mip.STI <- 0b0)
mem[X,0x0000000080001180] -> 0x9493
mem[X,0x0000000080001182] -> 0x00A4
[2690] [M]: 0x0000000080001180 (0x00A49493) slli x9, x9, 0xa                        spcl_M2mmode_test+28
x9 <- 0x8000000000000C00

mem[X,0x0000000080001184] -> 0x8493
mem[X,0x0000000080001186] -> 0x3FC4
[2691] [M]: 0x0000000080001184 (0x3FC48493) addi x9, x9, 0x3fc                      spcl_M2mmode_test+32
x9 <- 0x8000000000000FFC

clint mtime 0x0000000000000542 (mip.MTI <- 0b1, mip.STI <- 0b0)
mem[X,0x0000000080001188] -> 0xF4B3
mem[X,0x000000008000118A] -> 0x00A4
[2692] [M]: 0x0000000080001188 (0x00A4F4B3) and x9, x9, x10                         spcl_M2mmode_test+36
x9 <- 0x000000000000000C

mem[X,0x000000008000118C] -> 0x8493
mem[X,0x000000008000118E] -> 0xFF84
[2693] [M]: 0x000000008000118C (0xFF848493) addi x9, x9, -0x8                       spcl_M2mmode_test+40
x9 <- 0x0000000000000004

clint mtime 0x0000000000000543 (mip.MTI <- 0b1, mip.STI <- 0b0)
mem[X,0x0000000080001190] -> 0x9663
mem[X,0x0000000080001192] -> 0x0004
[2694] [M]: 0x0000000080001190 (0x00049663) bne x9, x0, 0xc                         spcl_M2mmode_test+44

mem[X,0x000000008000119C] -> 0x0393
mem[X,0x000000008000119E] -> 0x0200
[2695] [M]: 0x000000008000119C (0x02000393) addi x7, x0, 0x20                       Mtrapsig_ptr_upd+0
x7 <- 0x0000000000000020

clint mtime 0x0000000000000544 (mip.MTI <- 0b1, mip.STI <- 0b0)
mem[X,0x00000000800011A0] -> 0x5263
mem[X,0x00000000800011A2] -> 0x0405
[2696] [M]: 0x00000000800011A0 (0x04055263) bge x10, x0, 0x44                       Mtrapsig_ptr_upd+4

mem[X,0x00000000800011E4] -> 0x2373
mem[X,0x00000000800011E6] -> 0x3010
[2697] [M]: 0x00000000800011E4 (0x30102373) csrrs x6, misa, x0                      Mxcpt_sig_sv+0
CSR misa (0x301) -> 0x800000000034112F
x6 <- 0x800000000034112F

clint mtime 0x0000000000000545 (mip.MTI <- 0b1, mip.STI <- 0b0)
mem[X,0x00000000800011E8] -> 0x1313
mem[X,0x00000000800011EA] -> 0x0383
[2698] [M]: 0x00000000800011E8 (0x03831313) slli x6, x6, 0x38                       Mxcpt_sig_sv+4
x6 <- 0x2F00000000000000

mem[X,0x00000000800011EC] -> 0x5463
mem[X,0x00000000800011EE] -> 0x0003
[2699] [M]: 0x00000000800011EC (0x00035463) bge x6, x0, 0x8                         Mxcpt_sig_sv+8

clint mtime 0x0000000000000546 (mip.MTI <- 0b1, mip.STI <- 0b0)
mem[X,0x00000000800011F4] -> 0x3303
mem[X,0x00000000800011F6] -> 0x2181
[2700] [M]: 0x00000000800011F4 (0x21813303) ld x6, 0x218(x2)                        Mtrap_sig_sv+0
mem[R,0x0000000080004218] -> 0x000000008000B3F8
x6 <- 0x000000008000B3F8

mem[X,0x00000000800011F8] -> 0x04B3
mem[X,0x00000000800011FA] -> 0x0073
[2701] [M]: 0x00000000800011F8 (0x007304B3) add x9, x6, x7                          Mtrap_sig_sv+4
x9 <- 0x000000008000B418

clint mtime 0x0000000000000547 (mip.MTI <- 0b1, mip.STI <- 0b0)
mem[X,0x00000000800011FC] -> 0x3C23
mem[X,0x00000000800011FE] -> 0x2091
[2702] [M]: 0x00000000800011FC (0x20913C23) sd x9, 0x218(x2)                        Mtrap_sig_sv+8
mem[W,0x0000000080004218] <- 0x000000008000B418

mem[X,0x0000000080001200] -> 0x3403
mem[X,0x0000000080001202] -> 0x1F81
[2703] [M]: 0x0000000080001200 (0x1F813403) ld x8, 0x1f8(x2)                        Mtrap_sig_sv+12
mem[R,0x00000000800041F8] -> 0x000000008000B110
x8 <- 0x000000008000B110

clint mtime 0x0000000000000548 (mip.MTI <- 0b1, mip.STI <- 0b0)
mem[X,0x0000000080001204] -> 0x0333
mem[X,0x0000000080001206] -> 0x4083
[2704] [M]: 0x0000000080001204 (0x40830333) sub x6, x6, x8                          Mtrap_sig_sv+16
x6 <- 0x00000000000002E8

mem[X,0x0000000080001208] -> 0x3403
mem[X,0x000000008000120A] -> 0x1F81
[2705] [M]: 0x0000000080001208 (0x1F813403) ld x8, 0x1f8(x2)                        Mtrap_sig_sv+20
mem[R,0x00000000800041F8] -> 0x000000008000B110
x8 <- 0x000000008000B110

clint mtime 0x0000000000000549 (mip.MTI <- 0b1, mip.STI <- 0b0)
mem[X,0x000000008000120C] -> 0x0333
mem[X,0x000000008000120E] -> 0x0083
[2706] [M]: 0x000000008000120C (0x00830333) add x6, x6, x8                          Mtrap_sig_sv+24
x6 <- 0x000000008000B3F8

mem[X,0x0000000080001210] -> 0x3403
mem[X,0x0000000080001212] -> 0x2401
[2707] [M]: 0x0000000080001210 (0x24013403) ld x8, 0x240(x2)                        Mtrap_sig_sv+28
mem[R,0x0000000080004240] -> 0x0000000080000F80
x8 <- 0x0000000080000F80

clint mtime 0x000000000000054A (mip.MTI <- 0b1, mip.STI <- 0b0)
mem[X,0x0000000080001214] -> 0x85B3
mem[X,0x0000000080001216] -> 0x4085
[2708] [M]: 0x0000000080001214 (0x408585B3) sub x11, x11, x8                        sv_Mvect+0
x11 <- 0x000000000000010C

mem[X,0x0000000080001218] -> 0x9593
mem[X,0x000000008000121A] -> 0x0045
[2709] [M]: 0x0000000080001218 (0x00459593) slli x11, x11, 0x4                      sv_Mvect+4
x11 <- 0x00000000000010C0

clint mtime 0x000000000000054B (mip.MTI <- 0b1, mip.STI <- 0b0)
mem[X,0x000000008000121C] -> 0xE5B3
mem[X,0x000000008000121E] -> 0x0075
[2710] [M]: 0x000000008000121C (0x0075E5B3) or x11, x11, x7                         sv_Mvect+8
x11 <- 0x00000000000010E0

mem[X,0x0000000080001220] -> 0x8593
mem[X,0x0000000080001222] -> 0x0035
[2711] [M]: 0x0000000080001220 (0x00358593) addi x11, x11, 0x3                      sv_Mvect+12
x11 <- 0x00000000000010E3

clint mtime 0x000000000000054C (mip.MTI <- 0b1, mip.STI <- 0b0)
mem[X,0x0000000080001224] -> 0x3023
mem[X,0x0000000080001226] -> 0x00B3
[2712] [M]: 0x0000000080001224 (0x00B33023) sd x11, 0x0(x6)                         sv_Mvect+16
mem[W,0x000000008000B3F8] <- 0x00000000000010E3

mem[X,0x0000000080001228] -> 0x3423
mem[X,0x000000008000122A] -> 0x00A3
[2713] [M]: 0x0000000080001228 (0x00A33423) sd x10, 0x8(x6)                         sv_Mcause+0
mem[W,0x000000008000B400] <- 0x000000000000000C

clint mtime 0x000000000000054D (mip.MTI <- 0b1, mip.STI <- 0b0)
mem[X,0x000000008000122C] -> 0x4663
mem[X,0x000000008000122E] -> 0x1A05
[2714] [M]: 0x000000008000122C (0x1A054663) blt x10, x0, 0x1ac                      sv_Mcause+4

mem[X,0x0000000080001230] -> 0x25F3
mem[X,0x0000000080001232] -> 0x3000
[2715] [M]: 0x0000000080001230 (0x300025F3) csrrs x11, mstatus, x0                  common_Mexcpt_handler+0
CSR mstatus (0x300) -> 0x0000000A00000800
x11 <- 0x0000000A00000800

clint mtime 0x000000000000054E (mip.MTI <- 0b1, mip.STI <- 0b0)
mem[X,0x0000000080001234] -> 0x9413
mem[X,0x0000000080001236] -> 0x02E5
[2716] [M]: 0x0000000080001234 (0x02E59413) slli x8, x11, 0x2e                      common_Mexcpt_handler+4
x8 <- 0x0200000000000000

mem[X,0x0000000080001238] -> 0x5463
mem[X,0x000000008000123A] -> 0x0004
[2717] [M]: 0x0000000080001238 (0x00045463) bge x8, x0, 0x8                         common_Mexcpt_handler+8

clint mtime 0x000000000000054F (mip.MTI <- 0b1, mip.STI <- 0b0)
mem[X,0x0000000080001240] -> 0xD493
mem[X,0x0000000080001242] -> 0x00B5
[2718] [M]: 0x0000000080001240 (0x00B5D493) srli x9, x11, 0xb                       common_Mexcpt_handler+16
x9 <- 0x0000000001400001

mem[X,0x0000000080001244] -> 0xF493
mem[X,0x0000000080001246] -> 0x0034
[2719] [M]: 0x0000000080001244 (0x0034F493) andi x9, x9, 0x3                        common_Mexcpt_handler+20
x9 <- 0x0000000000000001

clint mtime 0x0000000000000550 (mip.MTI <- 0b1, mip.STI <- 0b0)
mem[X,0x0000000080001248] -> 0x8493
mem[X,0x000000008000124A] -> 0x0014
[2720] [M]: 0x0000000080001248 (0x00148493) addi x9, x9, 0x1                        common_Mexcpt_handler+24
x9 <- 0x0000000000000002

mem[X,0x000000008000124C] -> 0xF493
mem[X,0x000000008000124E] -> 0x0044
[2721] [M]: 0x000000008000124C (0x0044F493) andi x9, x9, 0x4                        common_Mexcpt_handler+28
x9 <- 0x0000000000000000

clint mtime 0x0000000000000551 (mip.MTI <- 0b1, mip.STI <- 0b0)
mem[X,0x0000000080001250] -> 0x0593
mem[X,0x0000000080001252] -> 0x05D0
[2722] [M]: 0x0000000080001250 (0x05D00593) addi x11, x0, 0x5d                      common_Mexcpt_handler+32
x11 <- 0x000000000000005D

mem[X,0x0000000080001254] -> 0xD5B3
mem[X,0x0000000080001256] -> 0x0095
[2723] [M]: 0x0000000080001254 (0x0095D5B3) srl x11, x11, x9                        common_Mexcpt_handler+36
x11 <- 0x000000000000005D

clint mtime 0x0000000000000552 (mip.MTI <- 0b1, mip.STI <- 0b0)
mem[X,0x0000000080001258] -> 0xF593
mem[X,0x000000008000125A] -> 0x0015
[2724] [M]: 0x0000000080001258 (0x0015F593) andi x11, x11, 0x1                      common_Mexcpt_handler+40
x11 <- 0x0000000000000001

mem[X,0x000000008000125C] -> 0x8EE3
mem[X,0x000000008000125E] -> 0xF405
[2725] [M]: 0x000000008000125C (0xF4058EE3) beq x11, x0, -0xa4                      common_Mexcpt_handler+44

clint mtime 0x0000000000000553 (mip.MTI <- 0b1, mip.STI <- 0b0)
mem[X,0x0000000080001260] -> 0x0593
mem[X,0x0000000080001262] -> 0x2980
[2726] [M]: 0x0000000080001260 (0x29800593) addi x11, x0, 0x298                     common_Mexcpt_handler+48
x11 <- 0x0000000000000298

mem[X,0x0000000080001264] -> 0xF413
mem[X,0x0000000080001266] -> 0x0014
[2727] [M]: 0x0000000080001264 (0x0014F413) andi x8, x9, 0x1                        common_Mexcpt_handler+52
x8 <- 0x0000000000000000

clint mtime 0x0000000000000554 (mip.MTI <- 0b1, mip.STI <- 0b0)
mem[X,0x0000000080001268] -> 0x95B3
mem[X,0x000000008000126A] -> 0x0085
[2728] [M]: 0x0000000080001268 (0x008595B3) sll x11, x11, x8                        common_Mexcpt_handler+56
x11 <- 0x0000000000000298

mem[X,0x000000008000126C] -> 0x9413
mem[X,0x000000008000126E] -> 0x03D4
[2729] [M]: 0x000000008000126C (0x03D49413) slli x8, x9, 0x3d                       common_Mexcpt_handler+60
x8 <- 0x0000000000000000

clint mtime 0x0000000000000555 (mip.MTI <- 0b1, mip.STI <- 0b0)
mem[X,0x0000000080001270] -> 0x5413
mem[X,0x0000000080001272] -> 0x43F4
[2730] [M]: 0x0000000080001270 (0x43F45413) srai x8, x8, 0x3f                       common_Mexcpt_handler+64
x8 <- 0x0000000000000000

mem[X,0x0000000080001274] -> 0x4413
mem[X,0x0000000080001276] -> 0xFFF4
[2731] [M]: 0x0000000080001274 (0xFFF44413) xori x8, x8, -0x1                       common_Mexcpt_handler+68
x8 <- 0xFFFFFFFFFFFFFFFF

clint mtime 0x0000000000000556 (mip.MTI <- 0b1, mip.STI <- 0b0)
mem[X,0x0000000080001278] -> 0xF4B3
mem[X,0x000000008000127A] -> 0x0085
[2732] [M]: 0x0000000080001278 (0x0085F4B3) and x9, x11, x8                         common_Mexcpt_handler+72
x9 <- 0x0000000000000298

mem[X,0x000000008000127C] -> 0x84B3
mem[X,0x000000008000127E] -> 0x0024
[2733] [M]: 0x000000008000127C (0x002484B3) add x9, x9, x2                          vmem_adj_Mepc+0
x9 <- 0x0000000080004298

clint mtime 0x0000000000000557 (mip.MTI <- 0b1, mip.STI <- 0b0)
mem[X,0x0000000080001280] -> 0x23F3
mem[X,0x0000000080001282] -> 0x3410
[2734] [M]: 0x0000000080001280 (0x341023F3) csrrs x7, mepc, x0                      vmem_adj_Mepc+4
CSR mepc (0x341) -> 0x0005000000000000
x7 <- 0x0005000000000000

mem[X,0x0000000080001284] -> 0x0413
mem[X,0x0000000080001286] -> 0x0004
[2735] [M]: 0x0000000080001284 (0x00040413) addi x8, x8, 0x0                        vmem_adj_Mepc+8
x8 <- 0xFFFFFFFFFFFFFFFF

clint mtime 0x0000000000000558 (mip.MTI <- 0b1, mip.STI <- 0b0)
mem[X,0x0000000080001288] -> 0x006F
mem[X,0x000000008000128A] -> 0x0400
[2736] [M]: 0x0000000080001288 (0x0400006F) jal x0, 0x40                            vmem_adj_Mepc+12

mem[X,0x00000000800012C8] -> 0x8433
mem[X,0x00000000800012CA] -> 0x4083
[2737] [M]: 0x00000000800012C8 (0x40838433) sub x8, x7, x8                          adj_Mepc+0
x8 <- 0x0005000000000001

clint mtime 0x0000000000000559 (mip.MTI <- 0b1, mip.STI <- 0b0)
mem[X,0x00000000800012CC] -> 0x3823
mem[X,0x00000000800012CE] -> 0x0083
[2738] [M]: 0x00000000800012CC (0x00833823) sd x8, 0x10(x6)                         sv_Mepc+0
mem[W,0x000000008000B408] <- 0x0005000000000001

mem[X,0x00000000800012D0] -> 0x55B7
mem[X,0x00000000800012D2] -> 0x0000
[2739] [M]: 0x00000000800012D0 (0x000055B7) lui x11, 0x5                            sv_Mepc+4
x11 <- 0x0000000000005000

clint mtime 0x000000000000055A (mip.MTI <- 0b1, mip.STI <- 0b0)
mem[X,0x00000000800012D4] -> 0x8593
mem[X,0x00000000800012D6] -> 0x6675
[2740] [M]: 0x00000000800012D4 (0x66758593) addi x11, x11, 0x667                    sv_Mepc+8
x11 <- 0x0000000000005667

mem[X,0x00000000800012D8] -> 0x9593
mem[X,0x00000000800012DA] -> 0x0015
[2741] [M]: 0x00000000800012D8 (0x00159593) slli x11, x11, 0x1                      sv_Mepc+12
x11 <- 0x000000000000ACCE

clint mtime 0x000000000000055B (mip.MTI <- 0b1, mip.STI <- 0b0)
mem[X,0x00000000800012DC] -> 0x9063
mem[X,0x00000000800012DE] -> 0x02B1
[2742] [M]: 0x00000000800012DC (0x02B19063) bne x3, x11, 0x20                       sv_Mepc+16

mem[X,0x00000000800012E0] -> 0x2473
mem[X,0x00000000800012E2] -> 0x3420
[2743] [M]: 0x00000000800012E0 (0x34202473) csrrs x8, mcause, x0                    sv_Mepc+20
CSR mcause (0x342) -> 0x000000000000000C
x8 <- 0x000000000000000C

clint mtime 0x000000000000055C (mip.MTI <- 0b1, mip.STI <- 0b0)
mem[X,0x00000000800012E4] -> 0x0593
mem[X,0x00000000800012E6] -> 0x00C0
[2744] [M]: 0x00000000800012E4 (0x00C00593) addi x11, x0, 0xc                       sv_Mepc+24
x11 <- 0x000000000000000C

mem[X,0x00000000800012E8] -> 0x0663
mem[X,0x00000000800012EA] -> 0x00B4
[2745] [M]: 0x00000000800012E8 (0x00B40663) beq x8, x11, 0xc                        sv_Mepc+28

clint mtime 0x000000000000055D (mip.MTI <- 0b1, mip.STI <- 0b0)
mem[X,0x00000000800012F4] -> 0x1073
mem[X,0x00000000800012F6] -> 0x3412
[2746] [M]: 0x00000000800012F4 (0x34121073) csrrw x0, mepc, x4                      sv_Mepc+40
CSR mepc (0x341) <- 0x0006000080000E4C

mem[X,0x00000000800012F8] -> 0x006F
mem[X,0x00000000800012FA] -> 0x0100
[2747] [M]: 0x00000000800012F8 (0x0100006F) jal x0, 0x10                            sv_Mepc+44

clint mtime 0x000000000000055E (mip.MTI <- 0b1, mip.STI <- 0b0)
mem[X,0x0000000080001308] -> 0x23F3
mem[X,0x000000008000130A] -> 0x3430
[2748] [M]: 0x0000000080001308 (0x343023F3) csrrs x7, mtval, x0                     skp_adj_Mepc+0
CSR mtval (0x343) -> 0x0005000000000000
x7 <- 0x0005000000000000

mem[X,0x000000008000130C] -> 0x0413
mem[X,0x000000008000130E] -> 0x0004
[2749] [M]: 0x000000008000130C (0x00040413) addi x8, x8, 0x0                        skp_adj_Mepc+4
x8 <- 0x000000000000000C

clint mtime 0x000000000000055F (mip.MTI <- 0b1, mip.STI <- 0b0)
mem[X,0x0000000080001310] -> 0x006F
mem[X,0x0000000080001312] -> 0x0840
[2750] [M]: 0x0000000080001310 (0x0840006F) jal x0, 0x84                            skp_adj_Mepc+8

mem[X,0x0000000080001394] -> 0x8433
mem[X,0x0000000080001396] -> 0x4083
[2751] [M]: 0x0000000080001394 (0x40838433) sub x8, x7, x8                          adj_Mtval+0
x8 <- 0x0004FFFFFFFFFFF4

clint mtime 0x0000000000000560 (mip.MTI <- 0b1, mip.STI <- 0b0)
mem[X,0x0000000080001398] -> 0x3C23
mem[X,0x000000008000139A] -> 0x0083
[2752] [M]: 0x0000000080001398 (0x00833C23) sd x8, 0x18(x6)                         sv_Mtval+0
mem[W,0x000000008000B410] <- 0x0004FFFFFFFFFFF4

mem[X,0x000000008000139C] -> 0x3483
mem[X,0x000000008000139E] -> 0x2181
[2753] [M]: 0x000000008000139C (0x21813483) ld x9, 0x218(x2)                        skp_Mtval+0
mem[R,0x0000000080004218] -> 0x000000008000B418
x9 <- 0x000000008000B418

clint mtime 0x0000000000000561 (mip.MTI <- 0b1, mip.STI <- 0b0)
mem[X,0x00000000800013A0] -> 0x3383
mem[X,0x00000000800013A2] -> 0x1F81
[2754] [M]: 0x00000000800013A0 (0x1F813383) ld x7, 0x1f8(x2)                        skp_Mtval+4
mem[R,0x00000000800041F8] -> 0x000000008000B110
x7 <- 0x000000008000B110

mem[X,0x00000000800013A4] -> 0x3303
mem[X,0x00000000800013A6] -> 0x2001
[2755] [M]: 0x00000000800013A4 (0x20013303) ld x6, 0x200(x2)                        skp_Mtval+8
mem[R,0x0000000080004200] -> 0x0000000000000310
x6 <- 0x0000000000000310

clint mtime 0x0000000000000562 (mip.MTI <- 0b1, mip.STI <- 0b0)
mem[X,0x00000000800013A8] -> 0x0333
mem[X,0x00000000800013AA] -> 0x0073
[2756] [M]: 0x00000000800013A8 (0x00730333) add x6, x6, x7                          skp_Mtval+12
x6 <- 0x000000008000B420

mem[X,0x00000000800013AC] -> 0x6AE3
mem[X,0x00000000800013AE] -> 0xAC93
[2757] [M]: 0x00000000800013AC (0xAC936AE3) bltu x6, x9, -0x52c                     skp_Mtval+16

clint mtime 0x0000000000000563 (mip.MTI <- 0b1, mip.STI <- 0b0)
mem[X,0x00000000800013B0] -> 0x0393
mem[X,0x00000000800013B2] -> 0x2000
[2758] [M]: 0x00000000800013B0 (0x20000393) addi x7, x0, 0x200                      skp_Mtval+20
x7 <- 0x0000000000000200

mem[X,0x00000000800013B4] -> 0x006F
mem[X,0x00000000800013B6] -> 0x0400
[2759] [M]: 0x00000000800013B4 (0x0400006F) jal x0, 0x40                            skp_Mtval+24

clint mtime 0x0000000000000564 (mip.MTI <- 0b1, mip.STI <- 0b0)
mem[X,0x00000000800013F4] -> 0x0417
mem[X,0x00000000800013F6] -> 0x0000
[2760] [M]: 0x00000000800013F4 (0x00000417) auipc x8, 0x0                           spcl_Mhandler+0
x8 <- 0x00000000800013F4

mem[X,0x00000000800013F8] -> 0x0413
mem[X,0x00000000800013FA] -> 0x03C4
[2761] [M]: 0x00000000800013F8 (0x03C40413) addi x8, x8, 0x3c                       spcl_Mhandler+4
x8 <- 0x0000000080001430

clint mtime 0x0000000000000565 (mip.MTI <- 0b1, mip.STI <- 0b0)
mem[X,0x00000000800013FC] -> 0x0433
mem[X,0x00000000800013FE] -> 0x0074
[2762] [M]: 0x00000000800013FC (0x00740433) add x8, x8, x7                          spcl_Mhandler+8
x8 <- 0x0000000080001630

mem[X,0x0000000080001400] -> 0x1393
mem[X,0x0000000080001402] -> 0x0035
[2763] [M]: 0x0000000080001400 (0x00351393) slli x7, x10, 0x3                       spcl_Mhandler+12
x7 <- 0x0000000000000060

clint mtime 0x0000000000000566 (mip.MTI <- 0b1, mip.STI <- 0b0)
mem[X,0x0000000080001404] -> 0x0433
mem[X,0x0000000080001406] -> 0x0074
[2764] [M]: 0x0000000080001404 (0x00740433) add x8, x8, x7                          spcl_Mhandler+16
x8 <- 0x0000000080001690

mem[X,0x0000000080001408] -> 0x7413
mem[X,0x000000008000140A] -> 0xFF84
[2765] [M]: 0x0000000080001408 (0xFF847413) andi x8, x8, -0x8                       spcl_Mhandler+20
x8 <- 0x0000000080001690

clint mtime 0x0000000000000567 (mip.MTI <- 0b1, mip.STI <- 0b0)
mem[X,0x000000008000140C] -> 0x3403
mem[X,0x000000008000140E] -> 0x0004
[2766] [M]: 0x000000008000140C (0x00043403) ld x8, 0x0(x8)                          spcl_Mhandler+24
mem[R,0x0000000080001690] -> 0x0000000000000019
x8 <- 0x0000000000000019

mem[X,0x0000000080001410] -> 0x02E3
mem[X,0x0000000080001412] -> 0xB004
[2767] [M]: 0x0000000080001410 (0xB00402E3) beq x8, x0, -0x4fc                      spcl_Mdispatch_hndling+0

clint mtime 0x0000000000000568 (mip.MTI <- 0b1, mip.STI <- 0b0)
mem[X,0x0000000080001414] -> 0x1393
mem[X,0x0000000080001416] -> 0x03F4
[2768] [M]: 0x0000000080001414 (0x03F41393) slli x7, x8, 0x3f                       spcl_Mdispatch_hndling+4
x7 <- 0x8000000000000000

mem[X,0x0000000080001418] -> 0xD863
mem[X,0x000000008000141A] -> 0x0003
[2769] [M]: 0x0000000080001418 (0x0003D863) bge x7, x0, 0x10                        spcl_Mdispatch_hndling+8

clint mtime 0x0000000000000569 (mip.MTI <- 0b1, mip.STI <- 0b0)
mem[X,0x000000008000141C] -> 0x5413
mem[X,0x000000008000141E] -> 0x0014
[2770] [M]: 0x000000008000141C (0x00145413) srli x8, x8, 0x1                        spcl_Mdispatch_hndling+12
x8 <- 0x000000000000000C

mem[X,0x0000000080001420] -> 0x0CE3
mem[X,0x0000000080001422] -> 0xF885
[2771] [M]: 0x0000000080001420 (0xF8850CE3) beq x10, x8, -0x68                      spcl_Mdispatch_hndling+16

clint mtime 0x000000000000056A (mip.MTI <- 0b1, mip.STI <- 0b0)
mem[X,0x00000000800013B8] -> 0x3303
mem[X,0x00000000800013BA] -> 0x2601
[2772] [M]: 0x00000000800013B8 (0x26013303) ld x6, 0x260(x2)                        resto_Mrtn+0
mem[R,0x0000000080004260] -> 0xFFFFFFFF7FFFF46C
x6 <- 0xFFFFFFFF7FFFF46C

mem[X,0x00000000800013BC] -> 0x3383
mem[X,0x00000000800013BE] -> 0x2681
[2773] [M]: 0x00000000800013BC (0x26813383) ld x7, 0x268(x2)                        resto_Mrtn+4
mem[R,0x0000000080004268] -> 0x0000000080004000
x7 <- 0x0000000080004000

clint mtime 0x000000000000056B (mip.MTI <- 0b1, mip.STI <- 0b0)
mem[X,0x00000000800013C0] -> 0x3403
mem[X,0x00000000800013C2] -> 0x2701
[2774] [M]: 0x00000000800013C0 (0x27013403) ld x8, 0x270(x2)                        resto_Mrtn+8
mem[R,0x0000000080004270] -> 0x0000000000007F76
x8 <- 0x0000000000007F76

mem[X,0x00000000800013C4] -> 0x3483
mem[X,0x00000000800013C6] -> 0x2781
[2775] [M]: 0x00000000800013C4 (0x27813483) ld x9, 0x278(x2)                        resto_Mrtn+12
mem[R,0x0000000080004278] -> 0x0006000000000248
x9 <- 0x0006000000000248

clint mtime 0x000000000000056C (mip.MTI <- 0b1, mip.STI <- 0b0)
mem[X,0x00000000800013C8] -> 0x3503
mem[X,0x00000000800013CA] -> 0x2801
[2776] [M]: 0x00000000800013C8 (0x28013503) ld x10, 0x280(x2)                       resto_Mrtn+16
mem[R,0x0000000080004280] -> 0x00000000200014CF
x10 <- 0x00000000200014CF

mem[X,0x00000000800013CC] -> 0x3583
mem[X,0x00000000800013CE] -> 0x2881
[2777] [M]: 0x00000000800013CC (0x28813583) ld x11, 0x288(x2)                       resto_Mrtn+20
mem[R,0x0000000080004288] -> 0x00000000000000CF
x11 <- 0x00000000000000CF

clint mtime 0x000000000000056D (mip.MTI <- 0b1, mip.STI <- 0b0)
mem[X,0x00000000800013D0] -> 0x3103
mem[X,0x00000000800013D2] -> 0x2901
[2778] [M]: 0x00000000800013D0 (0x29013103) ld x2, 0x290(x2)                        resto_Mrtn+24
mem[R,0x0000000080004290] -> 0x0000000000000000
x2 <- 0x0000000000000000

mem[X,0x00000000800013D4] -> 0x0073
mem[X,0x00000000800013D6] -> 0x3020
[2779] [M]: 0x00000000800013D4 (0x30200073) mret                                    resto_Mrtn+28
CSR mstatus (0x300) <- 0x0000000A00000080
ret-ing from M to S

clint mtime 0x000000000000056E (mip.MTI <- 0b1, mip.STI <- 0b0)
mem[X,0x0000000080000E4C] -> 0x0013
mem[X,0x0000000080000E4E] -> 0x0000
[2780] [S]: 0x0006000080000E4C (0x00000013) addi x0, x0, 0x0                        va_rvtest_code_begin+2736

mem[X,0x0000000080000E50] -> 0x0013
mem[X,0x0000000080000E52] -> 0x0000
[2781] [S]: 0x0006000080000E50 (0x00000013) addi x0, x0, 0x0                        va_rvtest_code_begin+2740

clint mtime 0x000000000000056F (mip.MTI <- 0b1, mip.STI <- 0b0)
mem[X,0x0000000080000E54] -> 0x0013
mem[X,0x0000000080000E56] -> 0x0000
[2782] [S]: 0x0006000080000E54 (0x00000013) addi x0, x0, 0x0                        va_rvtest_code_begin+2744

mem[X,0x0000000080000E58] -> 0x0113
mem[X,0x0000000080000E5A] -> 0x0000
[2783] [S]: 0x0006000080000E58 (0x00000113) addi x2, x0, 0x0                        va_rvtest_code_begin+2748
x2 <- 0x0000000000000000

clint mtime 0x0000000000000570 (mip.MTI <- 0b1, mip.STI <- 0b0)
mem[X,0x0000000080000E5C] -> 0x0073
mem[X,0x0000000080000E5E] -> 0x0000
[2784] [S]: 0x0006000080000E5C (0x00000073) ecall                                   va_rvtest_code_begin+2752
trapping from S to M to handle s-call
handling exc#s-call at priv M with tval 0x0000000000000000
CSR mstatus (0x300) <- 0x0000000A00000800
CSR mcause (0x342) <- 0x0000000000000009
CSR mtval (0x343) <- 0x0000000000000000
CSR mepc (0x341) <- 0x0006000080000E5C

mem[X,0x0000000080000F80] -> 0x006F
mem[X,0x0000000080000F82] -> 0x1000
[2785] [M]: 0x0000000080000F80 (0x1000006F) jal x0, 0x100                           Mtrampoline+0

clint mtime 0x0000000000000571 (mip.MTI <- 0b1, mip.STI <- 0b0)
mem[X,0x0000000080001080] -> 0x1173
mem[X,0x0000000080001082] -> 0x3401
[2786] [M]: 0x0000000080001080 (0x34011173) csrrw x2, mscratch, x2                  trap_Mhandler+0
CSR mscratch (0x340) <- 0x0000000000000000
x2 <- 0x0000000080004000

mem[X,0x0000000080001084] -> 0x3423
mem[X,0x0000000080001086] -> 0x28B1
[2787] [M]: 0x0000000080001084 (0x28B13423) sd x11, 0x288(x2)                       trap_Mhandler+4
mem[W,0x0000000080004288] <- 0x00000000000000CF

clint mtime 0x0000000000000572 (mip.MTI <- 0b1, mip.STI <- 0b0)
mem[X,0x0000000080001088] -> 0x05EF
mem[X,0x000000008000108A] -> 0x0B80
[2788] [M]: 0x0000000080001088 (0x0B8005EF) jal x11, 0xb8                           trap_Mhandler+8
x11 <- 0x000000008000108C

mem[X,0x0000000080001140] -> 0x3023
mem[X,0x0000000080001142] -> 0x28A1
[2789] [M]: 0x0000000080001140 (0x28A13023) sd x10, 0x280(x2)                       common_Mhandler+0
mem[W,0x0000000080004280] <- 0x00000000200014CF

clint mtime 0x0000000000000573 (mip.MTI <- 0b1, mip.STI <- 0b0)
mem[X,0x0000000080001144] -> 0x1573
mem[X,0x0000000080001146] -> 0x3401
[2790] [M]: 0x0000000080001144 (0x34011573) csrrw x10, mscratch, x2                 common_Mhandler+4
CSR mscratch (0x340) <- 0x0000000080004000
x10 <- 0x0000000000000000

mem[X,0x0000000080001148] -> 0x3823
mem[X,0x000000008000114A] -> 0x28A1
[2791] [M]: 0x0000000080001148 (0x28A13823) sd x10, 0x290(x2)                       common_Mhandler+8
mem[W,0x0000000080004290] <- 0x0000000000000000

clint mtime 0x0000000000000574 (mip.MTI <- 0b1, mip.STI <- 0b0)
mem[X,0x000000008000114C] -> 0x3503
mem[X,0x000000008000114E] -> 0x2301
[2792] [M]: 0x000000008000114C (0x23013503) ld x10, 0x230(x2)                       common_Mhandler+12
mem[R,0x0000000080004230] -> 0x0000000080001154
x10 <- 0x0000000080001154

mem[X,0x0000000080001150] -> 0x0067
mem[X,0x0000000080001152] -> 0x0005
[2793] [M]: 0x0000000080001150 (0x00050067) jalr x0, 0x0(x10)                       common_Mhandler+16

clint mtime 0x0000000000000575 (mip.MTI <- 0b1, mip.STI <- 0b0)
mem[X,0x0000000080001154] -> 0x3C23
mem[X,0x0000000080001156] -> 0x2691
[2794] [M]: 0x0000000080001154 (0x26913C23) sd x9, 0x278(x2)                        common_Mentry+0
mem[W,0x0000000080004278] <- 0x0006000000000248

mem[X,0x0000000080001158] -> 0x3823
mem[X,0x000000008000115A] -> 0x2681
[2795] [M]: 0x0000000080001158 (0x26813823) sd x8, 0x270(x2)                        common_Mentry+4
mem[W,0x0000000080004270] <- 0x0000000000007F76

clint mtime 0x0000000000000576 (mip.MTI <- 0b1, mip.STI <- 0b0)
mem[X,0x000000008000115C] -> 0x3423
mem[X,0x000000008000115E] -> 0x2671
[2796] [M]: 0x000000008000115C (0x26713423) sd x7, 0x268(x2)                        common_Mentry+8
mem[W,0x0000000080004268] <- 0x0000000080004000

mem[X,0x0000000080001160] -> 0x3023
mem[X,0x0000000080001162] -> 0x2661
[2797] [M]: 0x0000000080001160 (0x26613023) sd x6, 0x260(x2)                        common_Mentry+12
mem[W,0x0000000080004260] <- 0xFFFFFFFF7FFFF46C

clint mtime 0x0000000000000577 (mip.MTI <- 0b1, mip.STI <- 0b0)
mem[X,0x0000000080001164] -> 0x2573
mem[X,0x0000000080001166] -> 0x3420
[2798] [M]: 0x0000000080001164 (0x34202573) csrrs x10, mcause, x0                   spcl_M2mmode_test+0
CSR mcause (0x342) -> 0x0000000000000009
x10 <- 0x0000000000000009

mem[X,0x0000000080001168] -> 0x04B7
mem[X,0x000000008000116A] -> 0x8000
[2799] [M]: 0x0000000080001168 (0x800004B7) lui x9, -0x80000                        spcl_M2mmode_test+4
x9 <- 0xFFFFFFFF80000000

clint mtime 0x0000000000000578 (mip.MTI <- 0b1, mip.STI <- 0b0)
mem[X,0x000000008000116C] -> 0x8493
mem[X,0x000000008000116E] -> 0x0004
[2800] [M]: 0x000000008000116C (0x00048493) addi x9, x9, 0x0                        spcl_M2mmode_test+8
x9 <- 0xFFFFFFFF80000000

mem[X,0x0000000080001170] -> 0x9493
mem[X,0x0000000080001172] -> 0x00B4
[2801] [M]: 0x0000000080001170 (0x00B49493) slli x9, x9, 0xb                        spcl_M2mmode_test+12
x9 <- 0xFFFFFC0000000000

clint mtime 0x0000000000000579 (mip.MTI <- 0b1, mip.STI <- 0b0)
mem[X,0x0000000080001174] -> 0x8493
mem[X,0x0000000080001176] -> 0x0004
[2802] [M]: 0x0000000080001174 (0x00048493) addi x9, x9, 0x0                        spcl_M2mmode_test+16
x9 <- 0xFFFFFC0000000000

mem[X,0x0000000080001178] -> 0x9493
mem[X,0x000000008000117A] -> 0x00B4
[2803] [M]: 0x0000000080001178 (0x00B49493) slli x9, x9, 0xb                        spcl_M2mmode_test+20
x9 <- 0xFFE0000000000000

clint mtime 0x000000000000057A (mip.MTI <- 0b1, mip.STI <- 0b0)
mem[X,0x000000008000117C] -> 0x8493
mem[X,0x000000008000117E] -> 0x0034
[2804] [M]: 0x000000008000117C (0x00348493) addi x9, x9, 0x3                        spcl_M2mmode_test+24
x9 <- 0xFFE0000000000003

mem[X,0x0000000080001180] -> 0x9493
mem[X,0x0000000080001182] -> 0x00A4
[2805] [M]: 0x0000000080001180 (0x00A49493) slli x9, x9, 0xa                        spcl_M2mmode_test+28
x9 <- 0x8000000000000C00

clint mtime 0x000000000000057B (mip.MTI <- 0b1, mip.STI <- 0b0)
mem[X,0x0000000080001184] -> 0x8493
mem[X,0x0000000080001186] -> 0x3FC4
[2806] [M]: 0x0000000080001184 (0x3FC48493) addi x9, x9, 0x3fc                      spcl_M2mmode_test+32
x9 <- 0x8000000000000FFC

mem[X,0x0000000080001188] -> 0xF4B3
mem[X,0x000000008000118A] -> 0x00A4
[2807] [M]: 0x0000000080001188 (0x00A4F4B3) and x9, x9, x10                         spcl_M2mmode_test+36
x9 <- 0x0000000000000008

clint mtime 0x000000000000057C (mip.MTI <- 0b1, mip.STI <- 0b0)
mem[X,0x000000008000118C] -> 0x8493
mem[X,0x000000008000118E] -> 0xFF84
[2808] [M]: 0x000000008000118C (0xFF848493) addi x9, x9, -0x8                       spcl_M2mmode_test+40
x9 <- 0x0000000000000000

mem[X,0x0000000080001190] -> 0x9663
mem[X,0x0000000080001192] -> 0x0004
[2809] [M]: 0x0000000080001190 (0x00049663) bne x9, x0, 0xc                         spcl_M2mmode_test+44

clint mtime 0x000000000000057D (mip.MTI <- 0b1, mip.STI <- 0b0)
mem[X,0x0000000080001194] -> 0x3383
mem[X,0x0000000080001196] -> 0x2901
[2810] [M]: 0x0000000080001194 (0x29013383) ld x7, 0x290(x2)                        spcl_M2mmode_test+48
mem[R,0x0000000080004290] -> 0x0000000000000000
x7 <- 0x0000000000000000

mem[X,0x0000000080001198] -> 0x8663
mem[X,0x000000008000119A] -> 0x6E03
[2811] [M]: 0x0000000080001198 (0x6E038663) beq x7, x0, 0x6ec                       spcl_M2mmode_test+52

clint mtime 0x000000000000057E (mip.MTI <- 0b1, mip.STI <- 0b0)
mem[X,0x0000000080001884] -> 0x0493
mem[X,0x0000000080001886] -> 0xFF55
[2812] [M]: 0x0000000080001884 (0xFF550493) addi x9, x10, -0xb                      rtn2mmode+0
x9 <- 0xFFFFFFFFFFFFFFFE

mem[X,0x0000000080001888] -> 0x8C63
mem[X,0x000000008000188A] -> 0x0004
[2813] [M]: 0x0000000080001888 (0x00048C63) beq x9, x0, 0x18                        rtn2mmode+4

clint mtime 0x000000000000057F (mip.MTI <- 0b1, mip.STI <- 0b0)
mem[X,0x000000008000188C] -> 0x3583
mem[X,0x000000008000188E] -> 0x4701
[2814] [M]: 0x000000008000188C (0x47013583) ld x11, 0x470(x2)                       rtn2mmode+8
mem[R,0x0000000080004470] -> 0x000600008000039C
x11 <- 0x000600008000039C

mem[X,0x0000000080001890] -> 0xD463
mem[X,0x0000000080001892] -> 0x0003
[2815] [M]: 0x0000000080001890 (0x0003D463) bge x7, x0, 0x8                         rtn2mmode+12

clint mtime 0x0000000000000580 (mip.MTI <- 0b1, mip.STI <- 0b0)
mem[X,0x0000000080001898] -> 0x3483
mem[X,0x000000008000189A] -> 0x1D81
[2816] [M]: 0x0000000080001898 (0x1D813483) ld x9, 0x1d8(x2)                        from_u_s+0
mem[R,0x00000000800041D8] -> 0x00000000800003B4
x9 <- 0x00000000800003B4

mem[X,0x000000008000189C] -> 0x84B3
mem[X,0x000000008000189E] -> 0x40B4
[2817] [M]: 0x000000008000189C (0x40B484B3) sub x9, x9, x11                         from_u_s+4
x9 <- 0xFFFA000000000018

clint mtime 0x0000000000000581 (mip.MTI <- 0b1, mip.STI <- 0b0)
mem[X,0x00000000800018A0] -> 0x23F3
mem[X,0x00000000800018A2] -> 0x3410
[2818] [M]: 0x00000000800018A0 (0x341023F3) csrrs x7, mepc, x0                      rtn_fm_mmode+0
CSR mepc (0x341) -> 0x0006000080000E5C
x7 <- 0x0006000080000E5C

mem[X,0x00000000800018A4] -> 0x83B3
mem[X,0x00000000800018A6] -> 0x0093
[2819] [M]: 0x00000000800018A4 (0x009383B3) add x7, x7, x9                          rtn_fm_mmode+4
x7 <- 0x0000000080000E74

clint mtime 0x0000000000000582 (mip.MTI <- 0b1, mip.STI <- 0b0)
mem[X,0x00000000800018A8] -> 0x3303
mem[X,0x00000000800018AA] -> 0x2601
[2820] [M]: 0x00000000800018A8 (0x26013303) ld x6, 0x260(x2)                        rtn_fm_mmode+8
mem[R,0x0000000080004260] -> 0xFFFFFFFF7FFFF46C
x6 <- 0xFFFFFFFF7FFFF46C

mem[X,0x00000000800018AC] -> 0x3403
mem[X,0x00000000800018AE] -> 0x2701
[2821] [M]: 0x00000000800018AC (0x27013403) ld x8, 0x270(x2)                        rtn_fm_mmode+12
mem[R,0x0000000080004270] -> 0x0000000000007F76
x8 <- 0x0000000000007F76

clint mtime 0x0000000000000583 (mip.MTI <- 0b1, mip.STI <- 0b0)
mem[X,0x00000000800018B0] -> 0x3483
mem[X,0x00000000800018B2] -> 0x2781
[2822] [M]: 0x00000000800018B0 (0x27813483) ld x9, 0x278(x2)                        rtn_fm_mmode+16
mem[R,0x0000000080004278] -> 0x0006000000000248
x9 <- 0x0006000000000248

mem[X,0x00000000800018B4] -> 0x3503
mem[X,0x00000000800018B6] -> 0x2801
[2823] [M]: 0x00000000800018B4 (0x28013503) ld x10, 0x280(x2)                       rtn_fm_mmode+20
mem[R,0x0000000080004280] -> 0x00000000200014CF
x10 <- 0x00000000200014CF

clint mtime 0x0000000000000584 (mip.MTI <- 0b1, mip.STI <- 0b0)
mem[X,0x00000000800018B8] -> 0x3583
mem[X,0x00000000800018BA] -> 0x2881
[2824] [M]: 0x00000000800018B8 (0x28813583) ld x11, 0x288(x2)                       rtn_fm_mmode+24
mem[R,0x0000000080004288] -> 0x00000000000000CF
x11 <- 0x00000000000000CF

mem[X,0x00000000800018BC] -> 0x3103
mem[X,0x00000000800018BE] -> 0x2901
[2825] [M]: 0x00000000800018BC (0x29013103) ld x2, 0x290(x2)                        rtn_fm_mmode+28
mem[R,0x0000000080004290] -> 0x0000000000000000
x2 <- 0x0000000000000000

clint mtime 0x0000000000000585 (mip.MTI <- 0b1, mip.STI <- 0b0)
mem[X,0x00000000800018C0] -> 0x8067
mem[X,0x00000000800018C2] -> 0x0043
[2826] [M]: 0x00000000800018C0 (0x00438067) jalr x0, 0x4(x7)                        rtn_fm_mmode+32

mem[X,0x0000000080000E78] -> 0x0113
mem[X,0x0000000080000E7A] -> 0x0000
[2827] [M]: 0x0000000080000E78 (0x00000113) addi x2, x0, 0x0                        rvtest_code_end+0
x2 <- 0x0000000000000000

clint mtime 0x0000000000000586 (mip.MTI <- 0b1, mip.STI <- 0b0)
mem[X,0x0000000080000E7C] -> 0x0073
mem[X,0x0000000080000E7E] -> 0x0000
[2828] [M]: 0x0000000080000E7C (0x00000073) ecall                                   rvtest_code_end+4
trapping from M to M to handle m-call
handling exc#m-call at priv M with tval 0x0000000000000000
CSR mstatus (0x300) <- 0x0000000A00001800
CSR mcause (0x342) <- 0x000000000000000B
CSR mtval (0x343) <- 0x0000000000000000
CSR mepc (0x341) <- 0x0000000080000E7C

mem[X,0x0000000080000F80] -> 0x006F
mem[X,0x0000000080000F82] -> 0x1000
[2829] [M]: 0x0000000080000F80 (0x1000006F) jal x0, 0x100                           Mtrampoline+0

clint mtime 0x0000000000000587 (mip.MTI <- 0b1, mip.STI <- 0b0)
mem[X,0x0000000080001080] -> 0x1173
mem[X,0x0000000080001082] -> 0x3401
[2830] [M]: 0x0000000080001080 (0x34011173) csrrw x2, mscratch, x2                  trap_Mhandler+0
CSR mscratch (0x340) <- 0x0000000000000000
x2 <- 0x0000000080004000

mem[X,0x0000000080001084] -> 0x3423
mem[X,0x0000000080001086] -> 0x28B1
[2831] [M]: 0x0000000080001084 (0x28B13423) sd x11, 0x288(x2)                       trap_Mhandler+4
mem[W,0x0000000080004288] <- 0x00000000000000CF

clint mtime 0x0000000000000588 (mip.MTI <- 0b1, mip.STI <- 0b0)
mem[X,0x0000000080001088] -> 0x05EF
mem[X,0x000000008000108A] -> 0x0B80
[2832] [M]: 0x0000000080001088 (0x0B8005EF) jal x11, 0xb8                           trap_Mhandler+8
x11 <- 0x000000008000108C

mem[X,0x0000000080001140] -> 0x3023
mem[X,0x0000000080001142] -> 0x28A1
[2833] [M]: 0x0000000080001140 (0x28A13023) sd x10, 0x280(x2)                       common_Mhandler+0
mem[W,0x0000000080004280] <- 0x00000000200014CF

clint mtime 0x0000000000000589 (mip.MTI <- 0b1, mip.STI <- 0b0)
mem[X,0x0000000080001144] -> 0x1573
mem[X,0x0000000080001146] -> 0x3401
[2834] [M]: 0x0000000080001144 (0x34011573) csrrw x10, mscratch, x2                 common_Mhandler+4
CSR mscratch (0x340) <- 0x0000000080004000
x10 <- 0x0000000000000000

mem[X,0x0000000080001148] -> 0x3823
mem[X,0x000000008000114A] -> 0x28A1
[2835] [M]: 0x0000000080001148 (0x28A13823) sd x10, 0x290(x2)                       common_Mhandler+8
mem[W,0x0000000080004290] <- 0x0000000000000000

clint mtime 0x000000000000058A (mip.MTI <- 0b1, mip.STI <- 0b0)
mem[X,0x000000008000114C] -> 0x3503
mem[X,0x000000008000114E] -> 0x2301
[2836] [M]: 0x000000008000114C (0x23013503) ld x10, 0x230(x2)                       common_Mhandler+12
mem[R,0x0000000080004230] -> 0x0000000080001154
x10 <- 0x0000000080001154

mem[X,0x0000000080001150] -> 0x0067
mem[X,0x0000000080001152] -> 0x0005
[2837] [M]: 0x0000000080001150 (0x00050067) jalr x0, 0x0(x10)                       common_Mhandler+16

clint mtime 0x000000000000058B (mip.MTI <- 0b1, mip.STI <- 0b0)
mem[X,0x0000000080001154] -> 0x3C23
mem[X,0x0000000080001156] -> 0x2691
[2838] [M]: 0x0000000080001154 (0x26913C23) sd x9, 0x278(x2)                        common_Mentry+0
mem[W,0x0000000080004278] <- 0x0006000000000248

mem[X,0x0000000080001158] -> 0x3823
mem[X,0x000000008000115A] -> 0x2681
[2839] [M]: 0x0000000080001158 (0x26813823) sd x8, 0x270(x2)                        common_Mentry+4
mem[W,0x0000000080004270] <- 0x0000000000007F76

clint mtime 0x000000000000058C (mip.MTI <- 0b1, mip.STI <- 0b0)
mem[X,0x000000008000115C] -> 0x3423
mem[X,0x000000008000115E] -> 0x2671
[2840] [M]: 0x000000008000115C (0x26713423) sd x7, 0x268(x2)                        common_Mentry+8
mem[W,0x0000000080004268] <- 0x0000000080000E74

mem[X,0x0000000080001160] -> 0x3023
mem[X,0x0000000080001162] -> 0x2661
[2841] [M]: 0x0000000080001160 (0x26613023) sd x6, 0x260(x2)                        common_Mentry+12
mem[W,0x0000000080004260] <- 0xFFFFFFFF7FFFF46C

clint mtime 0x000000000000058D (mip.MTI <- 0b1, mip.STI <- 0b0)
mem[X,0x0000000080001164] -> 0x2573
mem[X,0x0000000080001166] -> 0x3420
[2842] [M]: 0x0000000080001164 (0x34202573) csrrs x10, mcause, x0                   spcl_M2mmode_test+0
CSR mcause (0x342) -> 0x000000000000000B
x10 <- 0x000000000000000B

mem[X,0x0000000080001168] -> 0x04B7
mem[X,0x000000008000116A] -> 0x8000
[2843] [M]: 0x0000000080001168 (0x800004B7) lui x9, -0x80000                        spcl_M2mmode_test+4
x9 <- 0xFFFFFFFF80000000

clint mtime 0x000000000000058E (mip.MTI <- 0b1, mip.STI <- 0b0)
mem[X,0x000000008000116C] -> 0x8493
mem[X,0x000000008000116E] -> 0x0004
[2844] [M]: 0x000000008000116C (0x00048493) addi x9, x9, 0x0                        spcl_M2mmode_test+8
x9 <- 0xFFFFFFFF80000000

mem[X,0x0000000080001170] -> 0x9493
mem[X,0x0000000080001172] -> 0x00B4
[2845] [M]: 0x0000000080001170 (0x00B49493) slli x9, x9, 0xb                        spcl_M2mmode_test+12
x9 <- 0xFFFFFC0000000000

clint mtime 0x000000000000058F (mip.MTI <- 0b1, mip.STI <- 0b0)
mem[X,0x0000000080001174] -> 0x8493
mem[X,0x0000000080001176] -> 0x0004
[2846] [M]: 0x0000000080001174 (0x00048493) addi x9, x9, 0x0                        spcl_M2mmode_test+16
x9 <- 0xFFFFFC0000000000

mem[X,0x0000000080001178] -> 0x9493
mem[X,0x000000008000117A] -> 0x00B4
[2847] [M]: 0x0000000080001178 (0x00B49493) slli x9, x9, 0xb                        spcl_M2mmode_test+20
x9 <- 0xFFE0000000000000

clint mtime 0x0000000000000590 (mip.MTI <- 0b1, mip.STI <- 0b0)
mem[X,0x000000008000117C] -> 0x8493
mem[X,0x000000008000117E] -> 0x0034
[2848] [M]: 0x000000008000117C (0x00348493) addi x9, x9, 0x3                        spcl_M2mmode_test+24
x9 <- 0xFFE0000000000003

mem[X,0x0000000080001180] -> 0x9493
mem[X,0x0000000080001182] -> 0x00A4
[2849] [M]: 0x0000000080001180 (0x00A49493) slli x9, x9, 0xa                        spcl_M2mmode_test+28
x9 <- 0x8000000000000C00

clint mtime 0x0000000000000591 (mip.MTI <- 0b1, mip.STI <- 0b0)
mem[X,0x0000000080001184] -> 0x8493
mem[X,0x0000000080001186] -> 0x3FC4
[2850] [M]: 0x0000000080001184 (0x3FC48493) addi x9, x9, 0x3fc                      spcl_M2mmode_test+32
x9 <- 0x8000000000000FFC

mem[X,0x0000000080001188] -> 0xF4B3
mem[X,0x000000008000118A] -> 0x00A4
[2851] [M]: 0x0000000080001188 (0x00A4F4B3) and x9, x9, x10                         spcl_M2mmode_test+36
x9 <- 0x0000000000000008

clint mtime 0x0000000000000592 (mip.MTI <- 0b1, mip.STI <- 0b0)
mem[X,0x000000008000118C] -> 0x8493
mem[X,0x000000008000118E] -> 0xFF84
[2852] [M]: 0x000000008000118C (0xFF848493) addi x9, x9, -0x8                       spcl_M2mmode_test+40
x9 <- 0x0000000000000000

mem[X,0x0000000080001190] -> 0x9663
mem[X,0x0000000080001192] -> 0x0004
[2853] [M]: 0x0000000080001190 (0x00049663) bne x9, x0, 0xc                         spcl_M2mmode_test+44

clint mtime 0x0000000000000593 (mip.MTI <- 0b1, mip.STI <- 0b0)
mem[X,0x0000000080001194] -> 0x3383
mem[X,0x0000000080001196] -> 0x2901
[2854] [M]: 0x0000000080001194 (0x29013383) ld x7, 0x290(x2)                        spcl_M2mmode_test+48
mem[R,0x0000000080004290] -> 0x0000000000000000
x7 <- 0x0000000000000000

mem[X,0x0000000080001198] -> 0x8663
mem[X,0x000000008000119A] -> 0x6E03
[2855] [M]: 0x0000000080001198 (0x6E038663) beq x7, x0, 0x6ec                       spcl_M2mmode_test+52

clint mtime 0x0000000000000594 (mip.MTI <- 0b1, mip.STI <- 0b0)
mem[X,0x0000000080001884] -> 0x0493
mem[X,0x0000000080001886] -> 0xFF55
[2856] [M]: 0x0000000080001884 (0xFF550493) addi x9, x10, -0xb                      rtn2mmode+0
x9 <- 0x0000000000000000

mem[X,0x0000000080001888] -> 0x8C63
mem[X,0x000000008000188A] -> 0x0004
[2857] [M]: 0x0000000080001888 (0x00048C63) beq x9, x0, 0x18                        rtn2mmode+4

clint mtime 0x0000000000000595 (mip.MTI <- 0b1, mip.STI <- 0b0)
mem[X,0x00000000800018A0] -> 0x23F3
mem[X,0x00000000800018A2] -> 0x3410
[2858] [M]: 0x00000000800018A0 (0x341023F3) csrrs x7, mepc, x0                      rtn_fm_mmode+0
CSR mepc (0x341) -> 0x0000000080000E7C
x7 <- 0x0000000080000E7C

mem[X,0x00000000800018A4] -> 0x83B3
mem[X,0x00000000800018A6] -> 0x0093
[2859] [M]: 0x00000000800018A4 (0x009383B3) add x7, x7, x9                          rtn_fm_mmode+4
x7 <- 0x0000000080000E7C

clint mtime 0x0000000000000596 (mip.MTI <- 0b1, mip.STI <- 0b0)
mem[X,0x00000000800018A8] -> 0x3303
mem[X,0x00000000800018AA] -> 0x2601
[2860] [M]: 0x00000000800018A8 (0x26013303) ld x6, 0x260(x2)                        rtn_fm_mmode+8
mem[R,0x0000000080004260] -> 0xFFFFFFFF7FFFF46C
x6 <- 0xFFFFFFFF7FFFF46C

mem[X,0x00000000800018AC] -> 0x3403
mem[X,0x00000000800018AE] -> 0x2701
[2861] [M]: 0x00000000800018AC (0x27013403) ld x8, 0x270(x2)                        rtn_fm_mmode+12
mem[R,0x0000000080004270] -> 0x0000000000007F76
x8 <- 0x0000000000007F76

clint mtime 0x0000000000000597 (mip.MTI <- 0b1, mip.STI <- 0b0)
mem[X,0x00000000800018B0] -> 0x3483
mem[X,0x00000000800018B2] -> 0x2781
[2862] [M]: 0x00000000800018B0 (0x27813483) ld x9, 0x278(x2)                        rtn_fm_mmode+16
mem[R,0x0000000080004278] -> 0x0006000000000248
x9 <- 0x0006000000000248

mem[X,0x00000000800018B4] -> 0x3503
mem[X,0x00000000800018B6] -> 0x2801
[2863] [M]: 0x00000000800018B4 (0x28013503) ld x10, 0x280(x2)                       rtn_fm_mmode+20
mem[R,0x0000000080004280] -> 0x00000000200014CF
x10 <- 0x00000000200014CF

clint mtime 0x0000000000000598 (mip.MTI <- 0b1, mip.STI <- 0b0)
mem[X,0x00000000800018B8] -> 0x3583
mem[X,0x00000000800018BA] -> 0x2881
[2864] [M]: 0x00000000800018B8 (0x28813583) ld x11, 0x288(x2)                       rtn_fm_mmode+24
mem[R,0x0000000080004288] -> 0x00000000000000CF
x11 <- 0x00000000000000CF

mem[X,0x00000000800018BC] -> 0x3103
mem[X,0x00000000800018BE] -> 0x2901
[2865] [M]: 0x00000000800018BC (0x29013103) ld x2, 0x290(x2)                        rtn_fm_mmode+28
mem[R,0x0000000080004290] -> 0x0000000000000000
x2 <- 0x0000000000000000

clint mtime 0x0000000000000599 (mip.MTI <- 0b1, mip.STI <- 0b0)
mem[X,0x00000000800018C0] -> 0x8067
mem[X,0x00000000800018C2] -> 0x0043
[2866] [M]: 0x00000000800018C0 (0x00438067) jalr x0, 0x4(x7)                        rtn_fm_mmode+32

mem[X,0x0000000080000E80] -> 0x2373
mem[X,0x0000000080000E82] -> 0x3400
[2867] [M]: 0x0000000080000E80 (0x34002373) csrrs x6, mscratch, x0                  exit_Scleanup+0
CSR mscratch (0x340) -> 0x0000000080004000
x6 <- 0x0000000080004000

clint mtime 0x000000000000059A (mip.MTI <- 0b1, mip.STI <- 0b0)
mem[X,0x0000000080000E84] -> 0x0313
mem[X,0x0000000080000E86] -> 0x2983
[2868] [M]: 0x0000000080000E84 (0x29830313) addi x6, x6, 0x298                      exit_Scleanup+4
x6 <- 0x0000000080004298

mem[X,0x0000000080000E88] -> 0x3383
mem[X,0x0000000080000E8A] -> 0x2383
[2869] [M]: 0x0000000080000E88 (0x23833383) ld x7, 0x238(x6)                        resto_Sedeleg+0
mem[R,0x00000000800044D0] -> 0x0000000000000000
x7 <- 0x0000000000000000

clint mtime 0x000000000000059B (mip.MTI <- 0b1, mip.STI <- 0b0)
mem[X,0x0000000080000E8C] -> 0x3383
mem[X,0x0000000080000E8E] -> 0x2203
[2870] [M]: 0x0000000080000E8C (0x22033383) ld x7, 0x220(x6)                        resto_Ssatp+0
mem[R,0x00000000800044B8] -> 0x0000000000000000
x7 <- 0x0000000000000000

mem[X,0x0000000080000E90] -> 0x9073
mem[X,0x0000000080000E92] -> 0x1803
[2871] [M]: 0x0000000080000E90 (0x18039073) csrrw x0, satp, x7                      resto_Ssatp+4
CSR satp (0x180) <- 0x0000000000000000

clint mtime 0x000000000000059C (mip.MTI <- 0b1, mip.STI <- 0b0)
mem[X,0x0000000080000E94] -> 0x3503
mem[X,0x0000000080000E96] -> 0x2503
[2872] [M]: 0x0000000080000E94 (0x25033503) ld x10, 0x250(x6)                       resto_Sscratch+0
mem[R,0x00000000800044E8] -> 0x0000000000000000
x10 <- 0x0000000000000000

mem[X,0x0000000080000E98] -> 0x1073
mem[X,0x0000000080000E9A] -> 0x1405
[2873] [M]: 0x0000000080000E98 (0x14051073) csrrw x0, sscratch, x10                 resto_Sscratch+4
CSR sscratch (0x140) <- 0x0000000000000000

clint mtime 0x000000000000059D (mip.MTI <- 0b1, mip.STI <- 0b0)
mem[X,0x0000000080000E9C] -> 0x3483
mem[X,0x0000000080000E9E] -> 0x2483
[2874] [M]: 0x0000000080000E9C (0x24833483) ld x9, 0x248(x6)                        resto_Sxtvec+0
mem[R,0x00000000800044E0] -> 0x0000000000000000
x9 <- 0x0000000000000000

mem[X,0x0000000080000EA0] -> 0x93F3
mem[X,0x0000000080000EA2] -> 0x1054
[2875] [M]: 0x0000000080000EA0 (0x105493F3) csrrw x7, stvec, x9                     resto_Sxtvec+4
CSR stvec (0x105) <- 0x0000000000000000
x7 <- 0x0000000080001900

clint mtime 0x000000000000059E (mip.MTI <- 0b1, mip.STI <- 0b0)
mem[X,0x0000000080000EA4] -> 0xF493
mem[X,0x0000000080000EA6] -> 0xFFC4
[2876] [M]: 0x0000000080000EA4 (0xFFC4F493) andi x9, x9, -0x4                       resto_Sxtvec+8
x9 <- 0x0000000000000000

mem[X,0x0000000080000EA8] -> 0xF393
mem[X,0x0000000080000EAA] -> 0xFFC3
[2877] [M]: 0x0000000080000EA8 (0xFFC3F393) andi x7, x7, -0x4                       resto_Sxtvec+12
x7 <- 0x0000000080001900

clint mtime 0x000000000000059F (mip.MTI <- 0b1, mip.STI <- 0b0)
mem[X,0x0000000080000EAC] -> 0x9063
mem[X,0x0000000080000EAE] -> 0x0274
[2878] [M]: 0x0000000080000EAC (0x02749063) bne x9, x7, 0x20                        resto_Sxtvec+16

mem[X,0x0000000080000ECC] -> 0x2373
mem[X,0x0000000080000ECE] -> 0x3400
[2879] [M]: 0x0000000080000ECC (0x34002373) csrrs x6, mscratch, x0                  rvtest_Send+0
CSR mscratch (0x340) -> 0x0000000080004000
x6 <- 0x0000000080004000

clint mtime 0x00000000000005A0 (mip.MTI <- 0b1, mip.STI <- 0b0)
mem[X,0x0000000080000ED0] -> 0x3383
mem[X,0x0000000080000ED2] -> 0x2383
[2880] [M]: 0x0000000080000ED0 (0x23833383) ld x7, 0x238(x6)                        resto_Medeleg+0
mem[R,0x0000000080004238] -> 0x0000000000000000
x7 <- 0x0000000000000000

mem[X,0x0000000080000ED4] -> 0x9073
mem[X,0x0000000080000ED6] -> 0x3023
[2881] [M]: 0x0000000080000ED4 (0x30239073) csrrw x0, medeleg, x7                   resto_Medeleg+4
CSR medeleg (0x302) <- 0x0000000000000000

clint mtime 0x00000000000005A1 (mip.MTI <- 0b1, mip.STI <- 0b0)
mem[X,0x0000000080000ED8] -> 0x3503
mem[X,0x0000000080000EDA] -> 0x2503
[2882] [M]: 0x0000000080000ED8 (0x25033503) ld x10, 0x250(x6)                       resto_Mscratch+0
mem[R,0x0000000080004250] -> 0x0000000000000000
x10 <- 0x0000000000000000

mem[X,0x0000000080000EDC] -> 0x1073
mem[X,0x0000000080000EDE] -> 0x3405
[2883] [M]: 0x0000000080000EDC (0x34051073) csrrw x0, mscratch, x10                 resto_Mscratch+4
CSR mscratch (0x340) <- 0x0000000000000000

clint mtime 0x00000000000005A2 (mip.MTI <- 0b1, mip.STI <- 0b0)
mem[X,0x0000000080000EE0] -> 0x3483
mem[X,0x0000000080000EE2] -> 0x2483
[2884] [M]: 0x0000000080000EE0 (0x24833483) ld x9, 0x248(x6)                        resto_Mxtvec+0
mem[R,0x0000000080004248] -> 0x0000000000000000
x9 <- 0x0000000000000000

mem[X,0x0000000080000EE4] -> 0x93F3
mem[X,0x0000000080000EE6] -> 0x3054
[2885] [M]: 0x0000000080000EE4 (0x305493F3) csrrw x7, mtvec, x9                     resto_Mxtvec+4
CSR mtvec (0x305) <- 0x0000000000000000
x7 <- 0x0000000080000F80

clint mtime 0x00000000000005A3 (mip.MTI <- 0b1, mip.STI <- 0b0)
mem[X,0x0000000080000EE8] -> 0xF493
mem[X,0x0000000080000EEA] -> 0xFFC4
[2886] [M]: 0x0000000080000EE8 (0xFFC4F493) andi x9, x9, -0x4                       resto_Mxtvec+8
x9 <- 0x0000000000000000

mem[X,0x0000000080000EEC] -> 0xF393
mem[X,0x0000000080000EEE] -> 0xFFC3
[2887] [M]: 0x0000000080000EEC (0xFFC3F393) andi x7, x7, -0x4                       resto_Mxtvec+12
x7 <- 0x0000000080000F80

clint mtime 0x00000000000005A4 (mip.MTI <- 0b1, mip.STI <- 0b0)
mem[X,0x0000000080000EF0] -> 0x9063
mem[X,0x0000000080000EF2] -> 0x0274
[2888] [M]: 0x0000000080000EF0 (0x02749063) bne x9, x7, 0x20                        resto_Mxtvec+16

mem[X,0x0000000080000F10] -> 0x106F
mem[X,0x0000000080000F12] -> 0x29C0
[2889] [M]: 0x0000000080000F10 (0x29C0106F) jal x0, 0x129c                          rvtest_Mend+0

clint mtime 0x00000000000005A5 (mip.MTI <- 0b1, mip.STI <- 0b0)
mem[X,0x00000000800021AC] -> 0x0093
mem[X,0x00000000800021AE] -> 0x0010
[2890] [M]: 0x00000000800021AC (0x00100093) addi x1, x0, 0x1                        exit_cleanup+0
x1 <- 0x0000000000000001

mem[X,0x00000000800021B0] -> 0x1397
mem[X,0x00000000800021B2] -> 0x0000
[2891] [M]: 0x00000000800021B0 (0x00001397) auipc x7, 0x1                           exit_cleanup+4
x7 <- 0x00000000800031B0

clint mtime 0x00000000000005A6 (mip.MTI <- 0b1, mip.STI <- 0b0)
mem[X,0x00000000800021B4] -> 0xA823
mem[X,0x00000000800021B6] -> 0xE413
[2892] [M]: 0x00000000800021B4 (0xE413A823) sw x1, -0x1b0(x7)                       exit_cleanup+8
htif[0x0000000080003000] <- 0x00000001
mem[W,0x0000000080003000] <- 0x00000001

mem[X,0x00000000800021B8] -> 0xF06F
mem[X,0x00000000800021BA] -> 0xFF9F
[2893] [M]: 0x00000000800021B8 (0xFF9FF06F) jal x0, -0x8                            exit_cleanup+12

clint mtime 0x00000000000005A7 (mip.MTI <- 0b1, mip.STI <- 0b0)
mem[X,0x00000000800021B0] -> 0x1397
mem[X,0x00000000800021B2] -> 0x0000
[2894] [M]: 0x00000000800021B0 (0x00001397) auipc x7, 0x1                           exit_cleanup+4
x7 <- 0x00000000800031B0

mem[X,0x00000000800021B4] -> 0xA823
mem[X,0x00000000800021B6] -> 0xE413
[2895] [M]: 0x00000000800021B4 (0xE413A823) sw x1, -0x1b0(x7)                       exit_cleanup+8
htif[0x0000000080003000] <- 0x00000001
mem[W,0x0000000080003000] <- 0x00000001

clint mtime 0x00000000000005A8 (mip.MTI <- 0b1, mip.STI <- 0b0)
mem[X,0x00000000800021B8] -> 0xF06F
mem[X,0x00000000800021BA] -> 0xFF9F
[2896] [M]: 0x00000000800021B8 (0xFF9FF06F) jal x0, -0x8                            exit_cleanup+12

mem[X,0x00000000800021B0] -> 0x1397
mem[X,0x00000000800021B2] -> 0x0000
[2897] [M]: 0x00000000800021B0 (0x00001397) auipc x7, 0x1                           exit_cleanup+4
x7 <- 0x00000000800031B0

clint mtime 0x00000000000005A9 (mip.MTI <- 0b1, mip.STI <- 0b0)
mem[X,0x00000000800021B4] -> 0xA823
mem[X,0x00000000800021B6] -> 0xE413
[2898] [M]: 0x00000000800021B4 (0xE413A823) sw x1, -0x1b0(x7)                       exit_cleanup+8
htif[0x0000000080003000] <- 0x00000001
htif-syscall-proxy cmd: 0x000000000001
mem[W,0x0000000080003000] <- 0x00000001

SUCCESS
