using /opt/riscv-arch-test/riscof-plugins/rv64/riscof_work/C/src/cbeqz-01.S/ref/Reference-sail_c_simulator.signature for test-signature output.
setting signature-granularity to 8 bytes
HTIF located at 0x80003000
begin_signature: 0x80005110
end_signature: 0x800055d0
Entry point: 0x80000000
CSR mstatus (0x300) <- 0x0000000A00000000
CSR misa (0x301) <- 0x800000000034112F
CSR mcause (0x342) <- 0x0000000000000000
x10 <- 0x0000000000000000
x11 <- 0x0000000000001000
mem[X,0x0000000080000000] -> 0x0837
mem[X,0x0000000080000002] -> 0x7D5C
[0] [M]: 0x0000000080000000 (0x7D5C0837) lui x16, 0x7d5c0                           rvtest_init+0
x16 <- 0x000000007D5C0000

mem[X,0x0000000080000004] -> 0x0813
mem[X,0x0000000080000006] -> 0xDDB8
[1] [M]: 0x0000000080000004 (0xDDB80813) addi x16, x16, -0x225                      rvtest_init+4
x16 <- 0x000000007D5BFDDB

clint mtime 0x0000000000000001 (mip.MTI <- 0b1, mip.STI <- 0b0)
mem[X,0x0000000080000008] -> 0x1813
mem[X,0x000000008000000A] -> 0x00B8
[2] [M]: 0x0000000080000008 (0x00B81813) slli x16, x16, 0xb                         rvtest_init+8
x16 <- 0x000003EADFEED800

mem[X,0x000000008000000C] -> 0x0813
mem[X,0x000000008000000E] -> 0x3EA8
[3] [M]: 0x000000008000000C (0x3EA80813) addi x16, x16, 0x3ea                       rvtest_init+12
x16 <- 0x000003EADFEEDBEA

clint mtime 0x0000000000000002 (mip.MTI <- 0b1, mip.STI <- 0b0)
mem[X,0x0000000080000010] -> 0x1813
mem[X,0x0000000080000012] -> 0x00B8
[4] [M]: 0x0000000080000010 (0x00B81813) slli x16, x16, 0xb                         rvtest_init+16
x16 <- 0x001F56FF76DF5000

mem[X,0x0000000080000014] -> 0x0813
mem[X,0x0000000080000016] -> 0x6FF8
[5] [M]: 0x0000000080000014 (0x6FF80813) addi x16, x16, 0x6ff                       rvtest_init+20
x16 <- 0x001F56FF76DF56FF

clint mtime 0x0000000000000003 (mip.MTI <- 0b1, mip.STI <- 0b0)
mem[X,0x0000000080000018] -> 0x1813
mem[X,0x000000008000001A] -> 0x00A8
[6] [M]: 0x0000000080000018 (0x00A81813) slli x16, x16, 0xa                         rvtest_init+24
x16 <- 0x7D5BFDDB7D5BFC00

mem[X,0x000000008000001C] -> 0x0813
mem[X,0x000000008000001E] -> 0x1DB8
[7] [M]: 0x000000008000001C (0x1DB80813) addi x16, x16, 0x1db                       rvtest_init+28
x16 <- 0x7D5BFDDB7D5BFDDB

clint mtime 0x0000000000000004 (mip.MTI <- 0b1, mip.STI <- 0b0)
mem[X,0x0000000080000020] -> 0x5893
mem[X,0x0000000080000022] -> 0x0078
[8] [M]: 0x0000000080000020 (0x00785893) srli x17, x16, 0x7                         rvtest_init+32
x17 <- 0x00FAB7FBB6FAB7FB

mem[X,0x0000000080000024] -> 0x5793
mem[X,0x0000000080000026] -> 0x0398
[9] [M]: 0x0000000080000024 (0x03985793) srli x15, x16, 0x39                        rvtest_init+36
x15 <- 0x000000000000003E

clint mtime 0x0000000000000005 (mip.MTI <- 0b1, mip.STI <- 0b0)
mem[X,0x0000000080000028] -> 0xE8B3
mem[X,0x000000008000002A] -> 0x00F8
[10] [M]: 0x0000000080000028 (0x00F8E8B3) or x17, x17, x15                          rvtest_init+40
x17 <- 0x00FAB7FBB6FAB7FF

mem[X,0x000000008000002C] -> 0xD913
mem[X,0x000000008000002E] -> 0x0078
[11] [M]: 0x000000008000002C (0x0078D913) srli x18, x17, 0x7                        rvtest_init+44
x18 <- 0x0001F56FF76DF56F

clint mtime 0x0000000000000006 (mip.MTI <- 0b1, mip.STI <- 0b0)
mem[X,0x0000000080000030] -> 0xD793
mem[X,0x0000000080000032] -> 0x0398
[12] [M]: 0x0000000080000030 (0x0398D793) srli x15, x17, 0x39                       rvtest_init+48
x15 <- 0x0000000000000000

mem[X,0x0000000080000034] -> 0x6933
mem[X,0x0000000080000036] -> 0x00F9
[13] [M]: 0x0000000080000034 (0x00F96933) or x18, x18, x15                          rvtest_init+52
x18 <- 0x0001F56FF76DF56F

clint mtime 0x0000000000000007 (mip.MTI <- 0b1, mip.STI <- 0b0)
mem[X,0x0000000080000038] -> 0x5993
mem[X,0x000000008000003A] -> 0x0079
[14] [M]: 0x0000000080000038 (0x00795993) srli x19, x18, 0x7                        rvtest_init+56
x19 <- 0x000003EADFEEDBEA

mem[X,0x000000008000003C] -> 0x5793
mem[X,0x000000008000003E] -> 0x0399
[15] [M]: 0x000000008000003C (0x03995793) srli x15, x18, 0x39                       rvtest_init+60
x15 <- 0x0000000000000000

clint mtime 0x0000000000000008 (mip.MTI <- 0b1, mip.STI <- 0b0)
mem[X,0x0000000080000040] -> 0xE9B3
mem[X,0x0000000080000042] -> 0x00F9
[16] [M]: 0x0000000080000040 (0x00F9E9B3) or x19, x19, x15                          rvtest_init+64
x19 <- 0x000003EADFEEDBEA

mem[X,0x0000000080000044] -> 0xDA13
mem[X,0x0000000080000046] -> 0x0079
[17] [M]: 0x0000000080000044 (0x0079DA13) srli x20, x19, 0x7                        rvtest_init+68
x20 <- 0x00000007D5BFDDB7

clint mtime 0x0000000000000009 (mip.MTI <- 0b1, mip.STI <- 0b0)
mem[X,0x0000000080000048] -> 0xD793
mem[X,0x000000008000004A] -> 0x0399
[18] [M]: 0x0000000080000048 (0x0399D793) srli x15, x19, 0x39                       rvtest_init+72
x15 <- 0x0000000000000000

mem[X,0x000000008000004C] -> 0x6A33
mem[X,0x000000008000004E] -> 0x00FA
[19] [M]: 0x000000008000004C (0x00FA6A33) or x20, x20, x15                          rvtest_init+76
x20 <- 0x00000007D5BFDDB7

clint mtime 0x000000000000000A (mip.MTI <- 0b1, mip.STI <- 0b0)
mem[X,0x0000000080000050] -> 0x5A93
mem[X,0x0000000080000052] -> 0x007A
[20] [M]: 0x0000000080000050 (0x007A5A93) srli x21, x20, 0x7                        rvtest_init+80
x21 <- 0x000000000FAB7FBB

mem[X,0x0000000080000054] -> 0x5793
mem[X,0x0000000080000056] -> 0x039A
[21] [M]: 0x0000000080000054 (0x039A5793) srli x15, x20, 0x39                       rvtest_init+84
x15 <- 0x0000000000000000

clint mtime 0x000000000000000B (mip.MTI <- 0b1, mip.STI <- 0b0)
mem[X,0x0000000080000058] -> 0xEAB3
mem[X,0x000000008000005A] -> 0x00FA
[22] [M]: 0x0000000080000058 (0x00FAEAB3) or x21, x21, x15                          rvtest_init+88
x21 <- 0x000000000FAB7FBB

mem[X,0x000000008000005C] -> 0xDB13
mem[X,0x000000008000005E] -> 0x007A
[23] [M]: 0x000000008000005C (0x007ADB13) srli x22, x21, 0x7                        rvtest_init+92
x22 <- 0x00000000001F56FF

clint mtime 0x000000000000000C (mip.MTI <- 0b1, mip.STI <- 0b0)
mem[X,0x0000000080000060] -> 0xD793
mem[X,0x0000000080000062] -> 0x039A
[24] [M]: 0x0000000080000060 (0x039AD793) srli x15, x21, 0x39                       rvtest_init+96
x15 <- 0x0000000000000000

mem[X,0x0000000080000064] -> 0x6B33
mem[X,0x0000000080000066] -> 0x00FB
[25] [M]: 0x0000000080000064 (0x00FB6B33) or x22, x22, x15                          rvtest_init+100
x22 <- 0x00000000001F56FF

clint mtime 0x000000000000000D (mip.MTI <- 0b1, mip.STI <- 0b0)
mem[X,0x0000000080000068] -> 0x5B93
mem[X,0x000000008000006A] -> 0x007B
[26] [M]: 0x0000000080000068 (0x007B5B93) srli x23, x22, 0x7                        rvtest_init+104
x23 <- 0x0000000000003EAD

mem[X,0x000000008000006C] -> 0x5793
mem[X,0x000000008000006E] -> 0x039B
[27] [M]: 0x000000008000006C (0x039B5793) srli x15, x22, 0x39                       rvtest_init+108
x15 <- 0x0000000000000000

clint mtime 0x000000000000000E (mip.MTI <- 0b1, mip.STI <- 0b0)
mem[X,0x0000000080000070] -> 0xEBB3
mem[X,0x0000000080000072] -> 0x00FB
[28] [M]: 0x0000000080000070 (0x00FBEBB3) or x23, x23, x15                          rvtest_init+112
x23 <- 0x0000000000003EAD

mem[X,0x0000000080000074] -> 0xDC13
mem[X,0x0000000080000076] -> 0x007B
[29] [M]: 0x0000000080000074 (0x007BDC13) srli x24, x23, 0x7                        rvtest_init+116
x24 <- 0x000000000000007D

clint mtime 0x000000000000000F (mip.MTI <- 0b1, mip.STI <- 0b0)
mem[X,0x0000000080000078] -> 0xD793
mem[X,0x000000008000007A] -> 0x039B
[30] [M]: 0x0000000080000078 (0x039BD793) srli x15, x23, 0x39                       rvtest_init+120
x15 <- 0x0000000000000000

mem[X,0x000000008000007C] -> 0x6C33
mem[X,0x000000008000007E] -> 0x00FC
[31] [M]: 0x000000008000007C (0x00FC6C33) or x24, x24, x15                          rvtest_init+124
x24 <- 0x000000000000007D

clint mtime 0x0000000000000010 (mip.MTI <- 0b1, mip.STI <- 0b0)
mem[X,0x0000000080000080] -> 0x5C93
mem[X,0x0000000080000082] -> 0x007C
[32] [M]: 0x0000000080000080 (0x007C5C93) srli x25, x24, 0x7                        rvtest_init+128
x25 <- 0x0000000000000000

mem[X,0x0000000080000084] -> 0x5793
mem[X,0x0000000080000086] -> 0x039C
[33] [M]: 0x0000000080000084 (0x039C5793) srli x15, x24, 0x39                       rvtest_init+132
x15 <- 0x0000000000000000

clint mtime 0x0000000000000011 (mip.MTI <- 0b1, mip.STI <- 0b0)
mem[X,0x0000000080000088] -> 0xECB3
mem[X,0x000000008000008A] -> 0x00FC
[34] [M]: 0x0000000080000088 (0x00FCECB3) or x25, x25, x15                          rvtest_init+136
x25 <- 0x0000000000000000

mem[X,0x000000008000008C] -> 0xDD13
mem[X,0x000000008000008E] -> 0x007C
[35] [M]: 0x000000008000008C (0x007CDD13) srli x26, x25, 0x7                        rvtest_init+140
x26 <- 0x0000000000000000

clint mtime 0x0000000000000012 (mip.MTI <- 0b1, mip.STI <- 0b0)
mem[X,0x0000000080000090] -> 0xD793
mem[X,0x0000000080000092] -> 0x039C
[36] [M]: 0x0000000080000090 (0x039CD793) srli x15, x25, 0x39                       rvtest_init+144
x15 <- 0x0000000000000000

mem[X,0x0000000080000094] -> 0x6D33
mem[X,0x0000000080000096] -> 0x00FD
[37] [M]: 0x0000000080000094 (0x00FD6D33) or x26, x26, x15                          rvtest_init+148
x26 <- 0x0000000000000000

clint mtime 0x0000000000000013 (mip.MTI <- 0b1, mip.STI <- 0b0)
mem[X,0x0000000080000098] -> 0x5D93
mem[X,0x000000008000009A] -> 0x007D
[38] [M]: 0x0000000080000098 (0x007D5D93) srli x27, x26, 0x7                        rvtest_init+152
x27 <- 0x0000000000000000

mem[X,0x000000008000009C] -> 0x5793
mem[X,0x000000008000009E] -> 0x039D
[39] [M]: 0x000000008000009C (0x039D5793) srli x15, x26, 0x39                       rvtest_init+156
x15 <- 0x0000000000000000

clint mtime 0x0000000000000014 (mip.MTI <- 0b1, mip.STI <- 0b0)
mem[X,0x00000000800000A0] -> 0xEDB3
mem[X,0x00000000800000A2] -> 0x00FD
[40] [M]: 0x00000000800000A0 (0x00FDEDB3) or x27, x27, x15                          rvtest_init+160
x27 <- 0x0000000000000000

mem[X,0x00000000800000A4] -> 0xDE13
mem[X,0x00000000800000A6] -> 0x007D
[41] [M]: 0x00000000800000A4 (0x007DDE13) srli x28, x27, 0x7                        rvtest_init+164
x28 <- 0x0000000000000000

clint mtime 0x0000000000000015 (mip.MTI <- 0b1, mip.STI <- 0b0)
mem[X,0x00000000800000A8] -> 0xD793
mem[X,0x00000000800000AA] -> 0x039D
[42] [M]: 0x00000000800000A8 (0x039DD793) srli x15, x27, 0x39                       rvtest_init+168
x15 <- 0x0000000000000000

mem[X,0x00000000800000AC] -> 0x6E33
mem[X,0x00000000800000AE] -> 0x00FE
[43] [M]: 0x00000000800000AC (0x00FE6E33) or x28, x28, x15                          rvtest_init+172
x28 <- 0x0000000000000000

clint mtime 0x0000000000000016 (mip.MTI <- 0b1, mip.STI <- 0b0)
mem[X,0x00000000800000B0] -> 0x5E93
mem[X,0x00000000800000B2] -> 0x007E
[44] [M]: 0x00000000800000B0 (0x007E5E93) srli x29, x28, 0x7                        rvtest_init+176
x29 <- 0x0000000000000000

mem[X,0x00000000800000B4] -> 0x5793
mem[X,0x00000000800000B6] -> 0x039E
[45] [M]: 0x00000000800000B4 (0x039E5793) srli x15, x28, 0x39                       rvtest_init+180
x15 <- 0x0000000000000000

clint mtime 0x0000000000000017 (mip.MTI <- 0b1, mip.STI <- 0b0)
mem[X,0x00000000800000B8] -> 0xEEB3
mem[X,0x00000000800000BA] -> 0x00FE
[46] [M]: 0x00000000800000B8 (0x00FEEEB3) or x29, x29, x15                          rvtest_init+184
x29 <- 0x0000000000000000

mem[X,0x00000000800000BC] -> 0xDF13
mem[X,0x00000000800000BE] -> 0x007E
[47] [M]: 0x00000000800000BC (0x007EDF13) srli x30, x29, 0x7                        rvtest_init+188
x30 <- 0x0000000000000000

clint mtime 0x0000000000000018 (mip.MTI <- 0b1, mip.STI <- 0b0)
mem[X,0x00000000800000C0] -> 0xD793
mem[X,0x00000000800000C2] -> 0x039E
[48] [M]: 0x00000000800000C0 (0x039ED793) srli x15, x29, 0x39                       rvtest_init+192
x15 <- 0x0000000000000000

mem[X,0x00000000800000C4] -> 0x6F33
mem[X,0x00000000800000C6] -> 0x00FF
[49] [M]: 0x00000000800000C4 (0x00FF6F33) or x30, x30, x15                          rvtest_init+196
x30 <- 0x0000000000000000

clint mtime 0x0000000000000019 (mip.MTI <- 0b1, mip.STI <- 0b0)
mem[X,0x00000000800000C8] -> 0xC0B7
mem[X,0x00000000800000CA] -> 0xFEED
[50] [M]: 0x00000000800000C8 (0xFEEDC0B7) lui x1, -0x1124                           rvtest_init+200
x1 <- 0xFFFFFFFFFEEDC000

mem[X,0x00000000800000CC] -> 0x8093
mem[X,0x00000000800000CE] -> 0xEAD0
[51] [M]: 0x00000000800000CC (0xEAD08093) addi x1, x1, -0x153                       rvtest_init+204
x1 <- 0xFFFFFFFFFEEDBEAD

clint mtime 0x000000000000001A (mip.MTI <- 0b1, mip.STI <- 0b0)
mem[X,0x00000000800000D0] -> 0x9093
mem[X,0x00000000800000D2] -> 0x00B0
[52] [M]: 0x00000000800000D0 (0x00B09093) slli x1, x1, 0xb                          rvtest_init+208
x1 <- 0xFFFFFFF76DF56800

mem[X,0x00000000800000D4] -> 0x8093
mem[X,0x00000000800000D6] -> 0x7F70
[53] [M]: 0x00000000800000D4 (0x7F708093) addi x1, x1, 0x7f7                        rvtest_init+212
x1 <- 0xFFFFFFF76DF56FF7

clint mtime 0x000000000000001B (mip.MTI <- 0b1, mip.STI <- 0b0)
mem[X,0x00000000800000D8] -> 0x9093
mem[X,0x00000000800000DA] -> 0x00B0
[54] [M]: 0x00000000800000D8 (0x00B09093) slli x1, x1, 0xb                          rvtest_init+216
x1 <- 0xFFFFBB6FAB7FB800

mem[X,0x00000000800000DC] -> 0x8093
mem[X,0x00000000800000DE] -> 0x36F0
[55] [M]: 0x00000000800000DC (0x36F08093) addi x1, x1, 0x36f                        rvtest_init+220
x1 <- 0xFFFFBB6FAB7FBB6F

clint mtime 0x000000000000001C (mip.MTI <- 0b1, mip.STI <- 0b0)
mem[X,0x00000000800000E0] -> 0x9093
mem[X,0x00000000800000E2] -> 0x00A0
[56] [M]: 0x00000000800000E0 (0x00A09093) slli x1, x1, 0xa                          rvtest_init+224
x1 <- 0xFEEDBEADFEEDBC00

mem[X,0x00000000800000E4] -> 0x8093
mem[X,0x00000000800000E6] -> 0x2AD0
[57] [M]: 0x00000000800000E4 (0x2AD08093) addi x1, x1, 0x2ad                        rvtest_init+228
x1 <- 0xFEEDBEADFEEDBEAD

clint mtime 0x000000000000001D (mip.MTI <- 0b1, mip.STI <- 0b0)
mem[X,0x00000000800000E8] -> 0xD113
mem[X,0x00000000800000EA] -> 0x0070
[58] [M]: 0x00000000800000E8 (0x0070D113) srli x2, x1, 0x7                          rvtest_init+232
x2 <- 0x01FDDB7D5BFDDB7D

mem[X,0x00000000800000EC] -> 0xD793
mem[X,0x00000000800000EE] -> 0x0390
[59] [M]: 0x00000000800000EC (0x0390D793) srli x15, x1, 0x39                        rvtest_init+236
x15 <- 0x000000000000007F

clint mtime 0x000000000000001E (mip.MTI <- 0b1, mip.STI <- 0b0)
mem[X,0x00000000800000F0] -> 0x6133
mem[X,0x00000000800000F2] -> 0x00F1
[60] [M]: 0x00000000800000F0 (0x00F16133) or x2, x2, x15                            rvtest_init+240
x2 <- 0x01FDDB7D5BFDDB7F

mem[X,0x00000000800000F4] -> 0x5193
mem[X,0x00000000800000F6] -> 0x0071
[61] [M]: 0x00000000800000F4 (0x00715193) srli x3, x2, 0x7                          rvtest_init+244
x3 <- 0x0003FBB6FAB7FBB6

clint mtime 0x000000000000001F (mip.MTI <- 0b1, mip.STI <- 0b0)
mem[X,0x00000000800000F8] -> 0x5793
mem[X,0x00000000800000FA] -> 0x0391
[62] [M]: 0x00000000800000F8 (0x03915793) srli x15, x2, 0x39                        rvtest_init+248
x15 <- 0x0000000000000000

mem[X,0x00000000800000FC] -> 0xE1B3
mem[X,0x00000000800000FE] -> 0x00F1
[63] [M]: 0x00000000800000FC (0x00F1E1B3) or x3, x3, x15                            rvtest_init+252
x3 <- 0x0003FBB6FAB7FBB6

clint mtime 0x0000000000000020 (mip.MTI <- 0b1, mip.STI <- 0b0)
mem[X,0x0000000080000100] -> 0xD213
mem[X,0x0000000080000102] -> 0x0071
[64] [M]: 0x0000000080000100 (0x0071D213) srli x4, x3, 0x7                          rvtest_init+256
x4 <- 0x000007F76DF56FF7

mem[X,0x0000000080000104] -> 0xD793
mem[X,0x0000000080000106] -> 0x0391
[65] [M]: 0x0000000080000104 (0x0391D793) srli x15, x3, 0x39                        rvtest_init+260
x15 <- 0x0000000000000000

clint mtime 0x0000000000000021 (mip.MTI <- 0b1, mip.STI <- 0b0)
mem[X,0x0000000080000108] -> 0x6233
mem[X,0x000000008000010A] -> 0x00F2
[66] [M]: 0x0000000080000108 (0x00F26233) or x4, x4, x15                            rvtest_init+264
x4 <- 0x000007F76DF56FF7

mem[X,0x000000008000010C] -> 0x5293
mem[X,0x000000008000010E] -> 0x0072
[67] [M]: 0x000000008000010C (0x00725293) srli x5, x4, 0x7                          rvtest_init+268
x5 <- 0x0000000FEEDBEADF

clint mtime 0x0000000000000022 (mip.MTI <- 0b1, mip.STI <- 0b0)
mem[X,0x0000000080000110] -> 0x5793
mem[X,0x0000000080000112] -> 0x0392
[68] [M]: 0x0000000080000110 (0x03925793) srli x15, x4, 0x39                        rvtest_init+272
x15 <- 0x0000000000000000

mem[X,0x0000000080000114] -> 0xE2B3
mem[X,0x0000000080000116] -> 0x00F2
[69] [M]: 0x0000000080000114 (0x00F2E2B3) or x5, x5, x15                            rvtest_init+276
x5 <- 0x0000000FEEDBEADF

clint mtime 0x0000000000000023 (mip.MTI <- 0b1, mip.STI <- 0b0)
mem[X,0x0000000080000118] -> 0xD313
mem[X,0x000000008000011A] -> 0x0072
[70] [M]: 0x0000000080000118 (0x0072D313) srli x6, x5, 0x7                          rvtest_init+280
x6 <- 0x000000001FDDB7D5

mem[X,0x000000008000011C] -> 0xD793
mem[X,0x000000008000011E] -> 0x0392
[71] [M]: 0x000000008000011C (0x0392D793) srli x15, x5, 0x39                        rvtest_init+284
x15 <- 0x0000000000000000

clint mtime 0x0000000000000024 (mip.MTI <- 0b1, mip.STI <- 0b0)
mem[X,0x0000000080000120] -> 0x6333
mem[X,0x0000000080000122] -> 0x00F3
[72] [M]: 0x0000000080000120 (0x00F36333) or x6, x6, x15                            rvtest_init+288
x6 <- 0x000000001FDDB7D5

mem[X,0x0000000080000124] -> 0x5393
mem[X,0x0000000080000126] -> 0x0073
[73] [M]: 0x0000000080000124 (0x00735393) srli x7, x6, 0x7                          rvtest_init+292
x7 <- 0x00000000003FBB6F

clint mtime 0x0000000000000025 (mip.MTI <- 0b1, mip.STI <- 0b0)
mem[X,0x0000000080000128] -> 0x5793
mem[X,0x000000008000012A] -> 0x0393
[74] [M]: 0x0000000080000128 (0x03935793) srli x15, x6, 0x39                        rvtest_init+296
x15 <- 0x0000000000000000

mem[X,0x000000008000012C] -> 0xE3B3
mem[X,0x000000008000012E] -> 0x00F3
[75] [M]: 0x000000008000012C (0x00F3E3B3) or x7, x7, x15                            rvtest_init+300
x7 <- 0x00000000003FBB6F

clint mtime 0x0000000000000026 (mip.MTI <- 0b1, mip.STI <- 0b0)
mem[X,0x0000000080000130] -> 0xD413
mem[X,0x0000000080000132] -> 0x0073
[76] [M]: 0x0000000080000130 (0x0073D413) srli x8, x7, 0x7                          rvtest_init+304
x8 <- 0x0000000000007F76

mem[X,0x0000000080000134] -> 0xD793
mem[X,0x0000000080000136] -> 0x0393
[77] [M]: 0x0000000080000134 (0x0393D793) srli x15, x7, 0x39                        rvtest_init+308
x15 <- 0x0000000000000000

clint mtime 0x0000000000000027 (mip.MTI <- 0b1, mip.STI <- 0b0)
mem[X,0x0000000080000138] -> 0x6433
mem[X,0x000000008000013A] -> 0x00F4
[78] [M]: 0x0000000080000138 (0x00F46433) or x8, x8, x15                            rvtest_init+312
x8 <- 0x0000000000007F76

mem[X,0x000000008000013C] -> 0x5493
mem[X,0x000000008000013E] -> 0x0074
[79] [M]: 0x000000008000013C (0x00745493) srli x9, x8, 0x7                          rvtest_init+316
x9 <- 0x00000000000000FE

clint mtime 0x0000000000000028 (mip.MTI <- 0b1, mip.STI <- 0b0)
mem[X,0x0000000080000140] -> 0x5793
mem[X,0x0000000080000142] -> 0x0394
[80] [M]: 0x0000000080000140 (0x03945793) srli x15, x8, 0x39                        rvtest_init+320
x15 <- 0x0000000000000000

mem[X,0x0000000080000144] -> 0xE4B3
mem[X,0x0000000080000146] -> 0x00F4
[81] [M]: 0x0000000080000144 (0x00F4E4B3) or x9, x9, x15                            rvtest_init+324
x9 <- 0x00000000000000FE

clint mtime 0x0000000000000029 (mip.MTI <- 0b1, mip.STI <- 0b0)
mem[X,0x0000000080000148] -> 0xD513
mem[X,0x000000008000014A] -> 0x0074
[82] [M]: 0x0000000080000148 (0x0074D513) srli x10, x9, 0x7                         rvtest_init+328
x10 <- 0x0000000000000001

mem[X,0x000000008000014C] -> 0xD793
mem[X,0x000000008000014E] -> 0x0394
[83] [M]: 0x000000008000014C (0x0394D793) srli x15, x9, 0x39                        rvtest_init+332
x15 <- 0x0000000000000000

clint mtime 0x000000000000002A (mip.MTI <- 0b1, mip.STI <- 0b0)
mem[X,0x0000000080000150] -> 0x6533
mem[X,0x0000000080000152] -> 0x00F5
[84] [M]: 0x0000000080000150 (0x00F56533) or x10, x10, x15                          rvtest_init+336
x10 <- 0x0000000000000001

mem[X,0x0000000080000154] -> 0x5593
mem[X,0x0000000080000156] -> 0x0075
[85] [M]: 0x0000000080000154 (0x00755593) srli x11, x10, 0x7                        rvtest_init+340
x11 <- 0x0000000000000000

clint mtime 0x000000000000002B (mip.MTI <- 0b1, mip.STI <- 0b0)
mem[X,0x0000000080000158] -> 0x5793
mem[X,0x000000008000015A] -> 0x0395
[86] [M]: 0x0000000080000158 (0x03955793) srli x15, x10, 0x39                       rvtest_init+344
x15 <- 0x0000000000000000

mem[X,0x000000008000015C] -> 0xE5B3
mem[X,0x000000008000015E] -> 0x00F5
[87] [M]: 0x000000008000015C (0x00F5E5B3) or x11, x11, x15                          rvtest_init+348
x11 <- 0x0000000000000000

clint mtime 0x000000000000002C (mip.MTI <- 0b1, mip.STI <- 0b0)
mem[X,0x0000000080000160] -> 0xD613
mem[X,0x0000000080000162] -> 0x0075
[88] [M]: 0x0000000080000160 (0x0075D613) srli x12, x11, 0x7                        rvtest_init+352
x12 <- 0x0000000000000000

mem[X,0x0000000080000164] -> 0xD793
mem[X,0x0000000080000166] -> 0x0395
[89] [M]: 0x0000000080000164 (0x0395D793) srli x15, x11, 0x39                       rvtest_init+356
x15 <- 0x0000000000000000

clint mtime 0x000000000000002D (mip.MTI <- 0b1, mip.STI <- 0b0)
mem[X,0x0000000080000168] -> 0x6633
mem[X,0x000000008000016A] -> 0x00F6
[90] [M]: 0x0000000080000168 (0x00F66633) or x12, x12, x15                          rvtest_init+360
x12 <- 0x0000000000000000

mem[X,0x000000008000016C] -> 0x5693
mem[X,0x000000008000016E] -> 0x0076
[91] [M]: 0x000000008000016C (0x00765693) srli x13, x12, 0x7                        rvtest_init+364
x13 <- 0x0000000000000000

clint mtime 0x000000000000002E (mip.MTI <- 0b1, mip.STI <- 0b0)
mem[X,0x0000000080000170] -> 0x5793
mem[X,0x0000000080000172] -> 0x0396
[92] [M]: 0x0000000080000170 (0x03965793) srli x15, x12, 0x39                       rvtest_init+368
x15 <- 0x0000000000000000

mem[X,0x0000000080000174] -> 0xE6B3
mem[X,0x0000000080000176] -> 0x00F6
[93] [M]: 0x0000000080000174 (0x00F6E6B3) or x13, x13, x15                          rvtest_init+372
x13 <- 0x0000000000000000

clint mtime 0x000000000000002F (mip.MTI <- 0b1, mip.STI <- 0b0)
mem[X,0x0000000080000178] -> 0x0013
mem[X,0x000000008000017A] -> 0x0000
[94] [M]: 0x0000000080000178 (0x00000013) addi x0, x0, 0x0                          rvtest_code_begin+0

mem[X,0x000000008000017C] -> 0x0013
mem[X,0x000000008000017E] -> 0x0000
[95] [M]: 0x000000008000017C (0x00000013) addi x0, x0, 0x0                          rvtest_code_begin+4

clint mtime 0x0000000000000030 (mip.MTI <- 0b1, mip.STI <- 0b0)
mem[X,0x0000000080000180] -> 0x5097
mem[X,0x0000000080000182] -> 0x0000
[96] [M]: 0x0000000080000180 (0x00005097) auipc x1, 0x5                             rvtest_code_begin+8
x1 <- 0x0000000080005180

mem[X,0x0000000080000184] -> 0x8093
mem[X,0x0000000080000186] -> 0xF980
[97] [M]: 0x0000000080000184 (0xF9808093) addi x1, x1, -0x68                        rvtest_code_begin+12
x1 <- 0x0000000080005118

clint mtime 0x0000000000000031 (mip.MTI <- 0b1, mip.STI <- 0b0)
mem[X,0x0000000080000188] -> 0x0013
mem[X,0x000000008000018A] -> 0x0000
[98] [M]: 0x0000000080000188 (0x00000013) addi x0, x0, 0x0                          rvtest_code_begin+16

mem[X,0x000000008000018C] -> 0x0013
mem[X,0x000000008000018E] -> 0x0000
[99] [M]: 0x000000008000018C (0x00000013) addi x0, x0, 0x0                          rvtest_code_begin+20

clint mtime 0x0000000000000032 (mip.MTI <- 0b1, mip.STI <- 0b0)
mem[X,0x0000000080000190] -> 0x0013
mem[X,0x0000000080000192] -> 0x0000
[100] [M]: 0x0000000080000190 (0x00000013) addi x0, x0, 0x0                         rvtest_code_begin+24

mem[X,0x0000000080000194] -> 0x0013
mem[X,0x0000000080000196] -> 0x0000
[101] [M]: 0x0000000080000194 (0x00000013) addi x0, x0, 0x0                         rvtest_code_begin+28

clint mtime 0x0000000000000033 (mip.MTI <- 0b1, mip.STI <- 0b0)
mem[X,0x0000000080000198] -> 0x0013
mem[X,0x000000008000019A] -> 0x0000
[102] [M]: 0x0000000080000198 (0x00000013) addi x0, x0, 0x0                         rvtest_code_begin+32

mem[X,0x000000008000019C] -> 0x0013
mem[X,0x000000008000019E] -> 0x0000
[103] [M]: 0x000000008000019C (0x00000013) addi x0, x0, 0x0                         rvtest_code_begin+36

clint mtime 0x0000000000000034 (mip.MTI <- 0b1, mip.STI <- 0b0)
mem[X,0x00000000800001A0] -> 0x0593
mem[X,0x00000000800001A2] -> 0xFFF0
[104] [M]: 0x00000000800001A0 (0xFFF00593) addi x11, x0, -0x1                       inst_0+0
x11 <- 0xFFFFFFFFFFFFFFFF

mem[X,0x00000000800001A4] -> 0x9593
mem[X,0x00000000800001A6] -> 0x03F5
[105] [M]: 0x00000000800001A4 (0x03F59593) slli x11, x11, 0x3f                      inst_0+4
x11 <- 0x8000000000000000

clint mtime 0x0000000000000035 (mip.MTI <- 0b1, mip.STI <- 0b0)
mem[X,0x00000000800001A8] -> 0xA031
[106] [M]: 0x00000000800001A8 (0xA031) c.j 0xc                                      inst_0+8

mem[X,0x00000000800001B4] -> 0xDDE5
[107] [M]: 0x00000000800001B4 (0xDDE5) c.beqz x11, -0x8                             inst_0+20

clint mtime 0x0000000000000036 (mip.MTI <- 0b1, mip.STI <- 0b0)
mem[X,0x00000000800001B6] -> 0x0113
mem[X,0x00000000800001B8] -> 0x0021
[108] [M]: 0x00000000800001B6 (0x00210113) addi x2, x2, 0x2                         inst_0+22
x2 <- 0x01FDDB7D5BFDDB81

mem[X,0x00000000800001BA] -> 0x006F
mem[X,0x00000000800001BC] -> 0x0060
[109] [M]: 0x00000000800001BA (0x0060006F) jal x0, 0x6                              inst_0+26

clint mtime 0x0000000000000037 (mip.MTI <- 0b1, mip.STI <- 0b0)
mem[X,0x00000000800001C0] -> 0xB023
mem[X,0x00000000800001C2] -> 0x0020
[110] [M]: 0x00000000800001C0 (0x0020B023) sd x2, 0x0(x1)                           inst_0+32
mem[W,0x0000000080005118] <- 0x01FDDB7D5BFDDB81

mem[X,0x00000000800001C4] -> 0x0693
mem[X,0x00000000800001C6] -> 0x0000
[111] [M]: 0x00000000800001C4 (0x00000693) addi x13, x0, 0x0                        inst_1+0
x13 <- 0x0000000000000000

clint mtime 0x0000000000000038 (mip.MTI <- 0b1, mip.STI <- 0b0)
mem[X,0x00000000800001C8] -> 0xA031
[112] [M]: 0x00000000800001C8 (0xA031) c.j 0xc                                      inst_1+4

mem[X,0x00000000800001D4] -> 0xC6CD
[113] [M]: 0x00000000800001D4 (0xC6CD) c.beqz x13, 0xaa                             inst_1+16

clint mtime 0x0000000000000039 (mip.MTI <- 0b1, mip.STI <- 0b0)
mem[X,0x000000008000027E] -> 0x010D
[114] [M]: 0x000000008000027E (0x010D) c.addi x2, 0x3                               inst_1+186
x2 <- 0x01FDDB7D5BFDDB84

mem[X,0x0000000080000280] -> 0xB423
mem[X,0x0000000080000282] -> 0x0020
[115] [M]: 0x0000000080000280 (0x0020B423) sd x2, 0x8(x1)                           inst_1+188
mem[W,0x0000000080005120] <- 0x01FDDB7D5BFDDB84

clint mtime 0x000000000000003A (mip.MTI <- 0b1, mip.STI <- 0b0)
mem[X,0x0000000080000284] -> 0x0613
mem[X,0x0000000080000286] -> 0xFFF0
[116] [M]: 0x0000000080000284 (0xFFF00613) addi x12, x0, -0x1                       inst_2+0
x12 <- 0xFFFFFFFFFFFFFFFF

mem[X,0x0000000080000288] -> 0x5613
mem[X,0x000000008000028A] -> 0x0016
[117] [M]: 0x0000000080000288 (0x00165613) srli x12, x12, 0x1                       inst_2+4
x12 <- 0x7FFFFFFFFFFFFFFF

clint mtime 0x000000000000003B (mip.MTI <- 0b1, mip.STI <- 0b0)
mem[X,0x000000008000028C] -> 0xA031
[118] [M]: 0x000000008000028C (0xA031) c.j 0xc                                      inst_2+8

mem[X,0x0000000080000298] -> 0xC241
[119] [M]: 0x0000000080000298 (0xC241) c.beqz x12, 0x80                             inst_2+20

clint mtime 0x000000000000003C (mip.MTI <- 0b1, mip.STI <- 0b0)
mem[X,0x000000008000029A] -> 0x0113
mem[X,0x000000008000029C] -> 0x0021
[120] [M]: 0x000000008000029A (0x00210113) addi x2, x2, 0x2                         inst_2+22
x2 <- 0x01FDDB7D5BFDDB86

mem[X,0x000000008000029E] -> 0x006F
mem[X,0x00000000800002A0] -> 0x07C0
[121] [M]: 0x000000008000029E (0x07C0006F) jal x0, 0x7c                             inst_2+26

clint mtime 0x000000000000003D (mip.MTI <- 0b1, mip.STI <- 0b0)
mem[X,0x000000008000031A] -> 0xB823
mem[X,0x000000008000031C] -> 0x0020
[122] [M]: 0x000000008000031A (0x0020B823) sd x2, 0x10(x1)                          inst_2+150
mem[W,0x0000000080005128] <- 0x01FDDB7D5BFDDB86

mem[X,0x000000008000031E] -> 0x0513
mem[X,0x0000000080000320] -> 0x0010
[123] [M]: 0x000000008000031E (0x00100513) addi x10, x0, 0x1                        inst_3+0
x10 <- 0x0000000000000001

clint mtime 0x000000000000003E (mip.MTI <- 0b1, mip.STI <- 0b0)
mem[X,0x0000000080000322] -> 0xA031
[124] [M]: 0x0000000080000322 (0xA031) c.j 0xc                                      inst_3+4

mem[X,0x000000008000032E] -> 0xC509
[125] [M]: 0x000000008000032E (0xC509) c.beqz x10, 0xa                              inst_3+16

clint mtime 0x000000000000003F (mip.MTI <- 0b1, mip.STI <- 0b0)
mem[X,0x0000000080000330] -> 0x0113
mem[X,0x0000000080000332] -> 0x0021
[126] [M]: 0x0000000080000330 (0x00210113) addi x2, x2, 0x2                         inst_3+18
x2 <- 0x01FDDB7D5BFDDB88

mem[X,0x0000000080000334] -> 0x006F
mem[X,0x0000000080000336] -> 0x0060
[127] [M]: 0x0000000080000334 (0x0060006F) jal x0, 0x6                              inst_3+22

clint mtime 0x0000000000000040 (mip.MTI <- 0b1, mip.STI <- 0b0)
mem[X,0x000000008000033A] -> 0xBC23
mem[X,0x000000008000033C] -> 0x0020
[128] [M]: 0x000000008000033A (0x0020BC23) sd x2, 0x18(x1)                          inst_3+28
mem[W,0x0000000080005130] <- 0x01FDDB7D5BFDDB88

mem[X,0x000000008000033E] -> 0x07B7
mem[X,0x0000000080000340] -> 0x0000
[129] [M]: 0x000000008000033E (0x000007B7) lui x15, 0x0                             inst_4+0
x15 <- 0x0000000000000000

clint mtime 0x0000000000000041 (mip.MTI <- 0b1, mip.STI <- 0b0)
mem[X,0x0000000080000342] -> 0x8793
mem[X,0x0000000080000344] -> 0xFFF7
[130] [M]: 0x0000000080000342 (0xFFF78793) addi x15, x15, -0x1                      inst_4+4
x15 <- 0xFFFFFFFFFFFFFFFF

mem[X,0x0000000080000346] -> 0x9793
mem[X,0x0000000080000348] -> 0x00B7
[131] [M]: 0x0000000080000346 (0x00B79793) slli x15, x15, 0xb                       inst_4+8
x15 <- 0xFFFFFFFFFFFFF800

clint mtime 0x0000000000000042 (mip.MTI <- 0b1, mip.STI <- 0b0)
mem[X,0x000000008000034A] -> 0x8793
mem[X,0x000000008000034C] -> 0x2577
[132] [M]: 0x000000008000034A (0x25778793) addi x15, x15, 0x257                     inst_4+12
x15 <- 0xFFFFFFFFFFFFFA57

mem[X,0x000000008000034E] -> 0x9793
mem[X,0x0000000080000350] -> 0x00B7
[133] [M]: 0x000000008000034E (0x00B79793) slli x15, x15, 0xb                       inst_4+16
x15 <- 0xFFFFFFFFFFD2B800

clint mtime 0x0000000000000043 (mip.MTI <- 0b1, mip.STI <- 0b0)
mem[X,0x0000000080000352] -> 0x8793
mem[X,0x0000000080000354] -> 0x6C37
[134] [M]: 0x0000000080000352 (0x6C378793) addi x15, x15, 0x6c3                     inst_4+20
x15 <- 0xFFFFFFFFFFD2BEC3

mem[X,0x0000000080000356] -> 0x9793
mem[X,0x0000000080000358] -> 0x00A7
[135] [M]: 0x0000000080000356 (0x00A79793) slli x15, x15, 0xa                       inst_4+24
x15 <- 0xFFFFFFFF4AFB0C00

clint mtime 0x0000000000000044 (mip.MTI <- 0b1, mip.STI <- 0b0)
mem[X,0x000000008000035A] -> 0x8793
mem[X,0x000000008000035C] -> 0x0CD7
[136] [M]: 0x000000008000035A (0x0CD78793) addi x15, x15, 0xcd                      inst_4+28
x15 <- 0xFFFFFFFF4AFB0CCD

mem[X,0x000000008000035E] -> 0xA031
[137] [M]: 0x000000008000035E (0xA031) c.j 0xc                                      inst_4+32

clint mtime 0x0000000000000045 (mip.MTI <- 0b1, mip.STI <- 0b0)
mem[X,0x000000008000036A] -> 0xC3C1
[138] [M]: 0x000000008000036A (0xC3C1) c.beqz x15, 0x80                             inst_4+44

mem[X,0x000000008000036C] -> 0x0113
mem[X,0x000000008000036E] -> 0x0021
[139] [M]: 0x000000008000036C (0x00210113) addi x2, x2, 0x2                         inst_4+46
x2 <- 0x01FDDB7D5BFDDB8A

clint mtime 0x0000000000000046 (mip.MTI <- 0b1, mip.STI <- 0b0)
mem[X,0x0000000080000370] -> 0x006F
mem[X,0x0000000080000372] -> 0x07C0
[140] [M]: 0x0000000080000370 (0x07C0006F) jal x0, 0x7c                             inst_4+50

mem[X,0x00000000800003EC] -> 0xB023
mem[X,0x00000000800003EE] -> 0x0220
[141] [M]: 0x00000000800003EC (0x0220B023) sd x2, 0x20(x1)                          inst_4+174
mem[W,0x0000000080005138] <- 0x01FDDB7D5BFDDB8A

clint mtime 0x0000000000000047 (mip.MTI <- 0b1, mip.STI <- 0b0)
mem[X,0x00000000800003F0] -> 0x0713
mem[X,0x00000000800003F2] -> 0x0010
[142] [M]: 0x00000000800003F0 (0x00100713) addi x14, x0, 0x1                        inst_5+0
x14 <- 0x0000000000000001

mem[X,0x00000000800003F4] -> 0x1713
mem[X,0x00000000800003F6] -> 0x0117
[143] [M]: 0x00000000800003F4 (0x01171713) slli x14, x14, 0x11                      inst_5+4
x14 <- 0x0000000000020000

clint mtime 0x0000000000000048 (mip.MTI <- 0b1, mip.STI <- 0b0)
mem[X,0x00000000800003F8] -> 0xA809
[144] [M]: 0x00000000800003F8 (0xA809) c.j 0x12                                     inst_5+8

mem[X,0x000000008000040A] -> 0xDB6D
[145] [M]: 0x000000008000040A (0xDB6D) c.beqz x14, -0xe                             inst_5+26

clint mtime 0x0000000000000049 (mip.MTI <- 0b1, mip.STI <- 0b0)
mem[X,0x000000008000040C] -> 0x0113
mem[X,0x000000008000040E] -> 0x0021
[146] [M]: 0x000000008000040C (0x00210113) addi x2, x2, 0x2                         inst_5+28
x2 <- 0x01FDDB7D5BFDDB8C

mem[X,0x0000000080000410] -> 0x006F
mem[X,0x0000000080000412] -> 0x0060
[147] [M]: 0x0000000080000410 (0x0060006F) jal x0, 0x6                              inst_5+32

clint mtime 0x000000000000004A (mip.MTI <- 0b1, mip.STI <- 0b0)
mem[X,0x0000000080000416] -> 0xB423
mem[X,0x0000000080000418] -> 0x0220
[148] [M]: 0x0000000080000416 (0x0220B423) sd x2, 0x28(x1)                          inst_5+38
mem[W,0x0000000080005140] <- 0x01FDDB7D5BFDDB8C

mem[X,0x000000008000041A] -> 0x0413
mem[X,0x000000008000041C] -> 0x0000
[149] [M]: 0x000000008000041A (0x00000413) addi x8, x0, 0x0                         inst_6+0
x8 <- 0x0000000000000000

clint mtime 0x000000000000004B (mip.MTI <- 0b1, mip.STI <- 0b0)
mem[X,0x000000008000041E] -> 0xA051
[150] [M]: 0x000000008000041E (0xA051) c.j 0x84                                     inst_6+4

mem[X,0x00000000800004A2] -> 0xD041
[151] [M]: 0x00000000800004A2 (0xD041) c.beqz x8, -0x80                             inst_6+136

clint mtime 0x000000000000004C (mip.MTI <- 0b1, mip.STI <- 0b0)
mem[X,0x0000000080000422] -> 0x0113
mem[X,0x0000000080000424] -> 0x0011
[152] [M]: 0x0000000080000422 (0x00110113) addi x2, x2, 0x1                         inst_6+8
x2 <- 0x01FDDB7D5BFDDB8D

mem[X,0x0000000080000426] -> 0x006F
mem[X,0x0000000080000428] -> 0x0880
[153] [M]: 0x0000000080000426 (0x0880006F) jal x0, 0x88                             inst_6+12

clint mtime 0x000000000000004D (mip.MTI <- 0b1, mip.STI <- 0b0)
mem[X,0x00000000800004AE] -> 0xB823
mem[X,0x00000000800004B0] -> 0x0220
[154] [M]: 0x00000000800004AE (0x0220B823) sd x2, 0x30(x1)                          inst_6+148
mem[W,0x0000000080005148] <- 0x01FDDB7D5BFDDB8D

mem[X,0x00000000800004B2] -> 0x0493
mem[X,0x00000000800004B4] -> 0x0020
[155] [M]: 0x00000000800004B2 (0x00200493) addi x9, x0, 0x2                         inst_7+0
x9 <- 0x0000000000000002

clint mtime 0x000000000000004E (mip.MTI <- 0b1, mip.STI <- 0b0)
mem[X,0x00000000800004B6] -> 0xA809
[156] [M]: 0x00000000800004B6 (0xA809) c.j 0x12                                     inst_7+4

mem[X,0x00000000800004C8] -> 0xD8ED
[157] [M]: 0x00000000800004C8 (0xD8ED) c.beqz x9, -0xe                              inst_7+22

clint mtime 0x000000000000004F (mip.MTI <- 0b1, mip.STI <- 0b0)
mem[X,0x00000000800004CA] -> 0x0113
mem[X,0x00000000800004CC] -> 0x0021
[158] [M]: 0x00000000800004CA (0x00210113) addi x2, x2, 0x2                         inst_7+24
x2 <- 0x01FDDB7D5BFDDB8F

mem[X,0x00000000800004CE] -> 0x006F
mem[X,0x00000000800004D0] -> 0x0060
[159] [M]: 0x00000000800004CE (0x0060006F) jal x0, 0x6                              inst_7+28

clint mtime 0x0000000000000050 (mip.MTI <- 0b1, mip.STI <- 0b0)
mem[X,0x00000000800004D4] -> 0xBC23
mem[X,0x00000000800004D6] -> 0x0220
[160] [M]: 0x00000000800004D4 (0x0220BC23) sd x2, 0x38(x1)                          inst_7+34
mem[W,0x0000000080005150] <- 0x01FDDB7D5BFDDB8F

mem[X,0x00000000800004D8] -> 0x0513
mem[X,0x00000000800004DA] -> 0x0040
[161] [M]: 0x00000000800004D8 (0x00400513) addi x10, x0, 0x4                        inst_8+0
x10 <- 0x0000000000000004

clint mtime 0x0000000000000051 (mip.MTI <- 0b1, mip.STI <- 0b0)
mem[X,0x00000000800004DC] -> 0xA031
[162] [M]: 0x00000000800004DC (0xA031) c.j 0xc                                      inst_8+4

mem[X,0x00000000800004E8] -> 0xC509
[163] [M]: 0x00000000800004E8 (0xC509) c.beqz x10, 0xa                              inst_8+16

clint mtime 0x0000000000000052 (mip.MTI <- 0b1, mip.STI <- 0b0)
mem[X,0x00000000800004EA] -> 0x0113
mem[X,0x00000000800004EC] -> 0x0021
[164] [M]: 0x00000000800004EA (0x00210113) addi x2, x2, 0x2                         inst_8+18
x2 <- 0x01FDDB7D5BFDDB91

mem[X,0x00000000800004EE] -> 0x006F
mem[X,0x00000000800004F0] -> 0x0060
[165] [M]: 0x00000000800004EE (0x0060006F) jal x0, 0x6                              inst_8+22

clint mtime 0x0000000000000053 (mip.MTI <- 0b1, mip.STI <- 0b0)
mem[X,0x00000000800004F4] -> 0xB023
mem[X,0x00000000800004F6] -> 0x0420
[166] [M]: 0x00000000800004F4 (0x0420B023) sd x2, 0x40(x1)                          inst_8+28
mem[W,0x0000000080005158] <- 0x01FDDB7D5BFDDB91

mem[X,0x00000000800004F8] -> 0x0513
mem[X,0x00000000800004FA] -> 0x0080
[167] [M]: 0x00000000800004F8 (0x00800513) addi x10, x0, 0x8                        inst_9+0
x10 <- 0x0000000000000008

clint mtime 0x0000000000000054 (mip.MTI <- 0b1, mip.STI <- 0b0)
mem[X,0x00000000800004FC] -> 0xA031
[168] [M]: 0x00000000800004FC (0xA031) c.j 0xc                                      inst_9+4

mem[X,0x0000000080000508] -> 0xC509
[169] [M]: 0x0000000080000508 (0xC509) c.beqz x10, 0xa                              inst_9+16

clint mtime 0x0000000000000055 (mip.MTI <- 0b1, mip.STI <- 0b0)
mem[X,0x000000008000050A] -> 0x0113
mem[X,0x000000008000050C] -> 0x0021
[170] [M]: 0x000000008000050A (0x00210113) addi x2, x2, 0x2                         inst_9+18
x2 <- 0x01FDDB7D5BFDDB93

mem[X,0x000000008000050E] -> 0x006F
mem[X,0x0000000080000510] -> 0x0060
[171] [M]: 0x000000008000050E (0x0060006F) jal x0, 0x6                              inst_9+22

clint mtime 0x0000000000000056 (mip.MTI <- 0b1, mip.STI <- 0b0)
mem[X,0x0000000080000514] -> 0xB423
mem[X,0x0000000080000516] -> 0x0420
[172] [M]: 0x0000000080000514 (0x0420B423) sd x2, 0x48(x1)                          inst_9+28
mem[W,0x0000000080005160] <- 0x01FDDB7D5BFDDB93

mem[X,0x0000000080000518] -> 0x0513
mem[X,0x000000008000051A] -> 0x0100
[173] [M]: 0x0000000080000518 (0x01000513) addi x10, x0, 0x10                       inst_10+0
x10 <- 0x0000000000000010

clint mtime 0x0000000000000057 (mip.MTI <- 0b1, mip.STI <- 0b0)
mem[X,0x000000008000051C] -> 0xA845
[174] [M]: 0x000000008000051C (0xA845) c.j 0xb0                                     inst_10+4

mem[X,0x00000000800005CC] -> 0xD931
[175] [M]: 0x00000000800005CC (0xD931) c.beqz x10, -0xac                            inst_10+180

clint mtime 0x0000000000000058 (mip.MTI <- 0b1, mip.STI <- 0b0)
mem[X,0x00000000800005CE] -> 0x0113
mem[X,0x00000000800005D0] -> 0x0021
[176] [M]: 0x00000000800005CE (0x00210113) addi x2, x2, 0x2                         inst_10+182
x2 <- 0x01FDDB7D5BFDDB95

mem[X,0x00000000800005D2] -> 0x006F
mem[X,0x00000000800005D4] -> 0x0060
[177] [M]: 0x00000000800005D2 (0x0060006F) jal x0, 0x6                              inst_10+186

clint mtime 0x0000000000000059 (mip.MTI <- 0b1, mip.STI <- 0b0)
mem[X,0x00000000800005D8] -> 0xB823
mem[X,0x00000000800005DA] -> 0x0420
[178] [M]: 0x00000000800005D8 (0x0420B823) sd x2, 0x50(x1)                          inst_10+192
mem[W,0x0000000080005168] <- 0x01FDDB7D5BFDDB95

mem[X,0x00000000800005DC] -> 0x0513
mem[X,0x00000000800005DE] -> 0x0200
[179] [M]: 0x00000000800005DC (0x02000513) addi x10, x0, 0x20                       inst_11+0
x10 <- 0x0000000000000020

clint mtime 0x000000000000005A (mip.MTI <- 0b1, mip.STI <- 0b0)
mem[X,0x00000000800005E0] -> 0xA031
[180] [M]: 0x00000000800005E0 (0xA031) c.j 0xc                                      inst_11+4

mem[X,0x00000000800005EC] -> 0xC901
[181] [M]: 0x00000000800005EC (0xC901) c.beqz x10, 0x10                             inst_11+16

clint mtime 0x000000000000005B (mip.MTI <- 0b1, mip.STI <- 0b0)
mem[X,0x00000000800005EE] -> 0x0113
mem[X,0x00000000800005F0] -> 0x0021
[182] [M]: 0x00000000800005EE (0x00210113) addi x2, x2, 0x2                         inst_11+18
x2 <- 0x01FDDB7D5BFDDB97

mem[X,0x00000000800005F2] -> 0x006F
mem[X,0x00000000800005F4] -> 0x00C0
[183] [M]: 0x00000000800005F2 (0x00C0006F) jal x0, 0xc                              inst_11+22

clint mtime 0x000000000000005C (mip.MTI <- 0b1, mip.STI <- 0b0)
mem[X,0x00000000800005FE] -> 0xBC23
mem[X,0x0000000080000600] -> 0x0420
[184] [M]: 0x00000000800005FE (0x0420BC23) sd x2, 0x58(x1)                          inst_11+34
mem[W,0x0000000080005170] <- 0x01FDDB7D5BFDDB97

mem[X,0x0000000080000602] -> 0x0513
mem[X,0x0000000080000604] -> 0x0400
[185] [M]: 0x0000000080000602 (0x04000513) addi x10, x0, 0x40                       inst_12+0
x10 <- 0x0000000000000040

clint mtime 0x000000000000005D (mip.MTI <- 0b1, mip.STI <- 0b0)
mem[X,0x0000000080000606] -> 0xA059
[186] [M]: 0x0000000080000606 (0xA059) c.j 0x86                                     inst_12+4

mem[X,0x000000008000068C] -> 0xDD3D
[187] [M]: 0x000000008000068C (0xDD3D) c.beqz x10, -0x82                            inst_12+138

clint mtime 0x000000000000005E (mip.MTI <- 0b1, mip.STI <- 0b0)
mem[X,0x000000008000068E] -> 0x0113
mem[X,0x0000000080000690] -> 0x0021
[188] [M]: 0x000000008000068E (0x00210113) addi x2, x2, 0x2                         inst_12+140
x2 <- 0x01FDDB7D5BFDDB99

mem[X,0x0000000080000692] -> 0x006F
mem[X,0x0000000080000694] -> 0x0060
[189] [M]: 0x0000000080000692 (0x0060006F) jal x0, 0x6                              inst_12+144

clint mtime 0x000000000000005F (mip.MTI <- 0b1, mip.STI <- 0b0)
mem[X,0x0000000080000698] -> 0xB023
mem[X,0x000000008000069A] -> 0x0620
[190] [M]: 0x0000000080000698 (0x0620B023) sd x2, 0x60(x1)                          inst_12+150
mem[W,0x0000000080005178] <- 0x01FDDB7D5BFDDB99

mem[X,0x000000008000069C] -> 0x0513
mem[X,0x000000008000069E] -> 0x0800
[191] [M]: 0x000000008000069C (0x08000513) addi x10, x0, 0x80                       inst_13+0
x10 <- 0x0000000000000080

clint mtime 0x0000000000000060 (mip.MTI <- 0b1, mip.STI <- 0b0)
mem[X,0x00000000800006A0] -> 0xA031
[192] [M]: 0x00000000800006A0 (0xA031) c.j 0xc                                      inst_13+4

mem[X,0x00000000800006AC] -> 0xDD65
[193] [M]: 0x00000000800006AC (0xDD65) c.beqz x10, -0x8                             inst_13+16

clint mtime 0x0000000000000061 (mip.MTI <- 0b1, mip.STI <- 0b0)
mem[X,0x00000000800006AE] -> 0x0113
mem[X,0x00000000800006B0] -> 0x0021
[194] [M]: 0x00000000800006AE (0x00210113) addi x2, x2, 0x2                         inst_13+18
x2 <- 0x01FDDB7D5BFDDB9B

mem[X,0x00000000800006B2] -> 0x006F
mem[X,0x00000000800006B4] -> 0x0060
[195] [M]: 0x00000000800006B2 (0x0060006F) jal x0, 0x6                              inst_13+22

clint mtime 0x0000000000000062 (mip.MTI <- 0b1, mip.STI <- 0b0)
mem[X,0x00000000800006B8] -> 0xB423
mem[X,0x00000000800006BA] -> 0x0620
[196] [M]: 0x00000000800006B8 (0x0620B423) sd x2, 0x68(x1)                          inst_13+28
mem[W,0x0000000080005180] <- 0x01FDDB7D5BFDDB9B

mem[X,0x00000000800006BC] -> 0x0513
mem[X,0x00000000800006BE] -> 0x1000
[197] [M]: 0x00000000800006BC (0x10000513) addi x10, x0, 0x100                      inst_14+0
x10 <- 0x0000000000000100

clint mtime 0x0000000000000063 (mip.MTI <- 0b1, mip.STI <- 0b0)
mem[X,0x00000000800006C0] -> 0xA031
[198] [M]: 0x00000000800006C0 (0xA031) c.j 0xc                                      inst_14+4

mem[X,0x00000000800006CC] -> 0xC105
[199] [M]: 0x00000000800006CC (0xC105) c.beqz x10, 0x20                             inst_14+16

clint mtime 0x0000000000000064 (mip.MTI <- 0b1, mip.STI <- 0b0)
mem[X,0x00000000800006CE] -> 0x0113
mem[X,0x00000000800006D0] -> 0x0021
[200] [M]: 0x00000000800006CE (0x00210113) addi x2, x2, 0x2                         inst_14+18
x2 <- 0x01FDDB7D5BFDDB9D

mem[X,0x00000000800006D2] -> 0x006F
mem[X,0x00000000800006D4] -> 0x01C0
[201] [M]: 0x00000000800006D2 (0x01C0006F) jal x0, 0x1c                             inst_14+22

clint mtime 0x0000000000000065 (mip.MTI <- 0b1, mip.STI <- 0b0)
mem[X,0x00000000800006EE] -> 0xB823
mem[X,0x00000000800006F0] -> 0x0620
[202] [M]: 0x00000000800006EE (0x0620B823) sd x2, 0x70(x1)                          inst_14+50
mem[W,0x0000000080005188] <- 0x01FDDB7D5BFDDB9D

mem[X,0x00000000800006F2] -> 0x0513
mem[X,0x00000000800006F4] -> 0x2000
[203] [M]: 0x00000000800006F2 (0x20000513) addi x10, x0, 0x200                      inst_15+0
x10 <- 0x0000000000000200

clint mtime 0x0000000000000066 (mip.MTI <- 0b1, mip.STI <- 0b0)
mem[X,0x00000000800006F6] -> 0xA031
[204] [M]: 0x00000000800006F6 (0xA031) c.j 0xc                                      inst_15+4

mem[X,0x0000000080000702] -> 0xDD65
[205] [M]: 0x0000000080000702 (0xDD65) c.beqz x10, -0x8                             inst_15+16

clint mtime 0x0000000000000067 (mip.MTI <- 0b1, mip.STI <- 0b0)
mem[X,0x0000000080000704] -> 0x0113
mem[X,0x0000000080000706] -> 0x0021
[206] [M]: 0x0000000080000704 (0x00210113) addi x2, x2, 0x2                         inst_15+18
x2 <- 0x01FDDB7D5BFDDB9F

mem[X,0x0000000080000708] -> 0x006F
mem[X,0x000000008000070A] -> 0x0060
[207] [M]: 0x0000000080000708 (0x0060006F) jal x0, 0x6                              inst_15+22

clint mtime 0x0000000000000068 (mip.MTI <- 0b1, mip.STI <- 0b0)
mem[X,0x000000008000070E] -> 0xBC23
mem[X,0x0000000080000710] -> 0x0620
[208] [M]: 0x000000008000070E (0x0620BC23) sd x2, 0x78(x1)                          inst_15+28
mem[W,0x0000000080005190] <- 0x01FDDB7D5BFDDB9F

mem[X,0x0000000080000712] -> 0x0513
mem[X,0x0000000080000714] -> 0x4000
[209] [M]: 0x0000000080000712 (0x40000513) addi x10, x0, 0x400                      inst_16+0
x10 <- 0x0000000000000400

clint mtime 0x0000000000000069 (mip.MTI <- 0b1, mip.STI <- 0b0)
mem[X,0x0000000080000716] -> 0xA031
[210] [M]: 0x0000000080000716 (0xA031) c.j 0xc                                      inst_16+4

mem[X,0x0000000080000722] -> 0xC509
[211] [M]: 0x0000000080000722 (0xC509) c.beqz x10, 0xa                              inst_16+16

clint mtime 0x000000000000006A (mip.MTI <- 0b1, mip.STI <- 0b0)
mem[X,0x0000000080000724] -> 0x0113
mem[X,0x0000000080000726] -> 0x0021
[212] [M]: 0x0000000080000724 (0x00210113) addi x2, x2, 0x2                         inst_16+18
x2 <- 0x01FDDB7D5BFDDBA1

mem[X,0x0000000080000728] -> 0x006F
mem[X,0x000000008000072A] -> 0x0060
[213] [M]: 0x0000000080000728 (0x0060006F) jal x0, 0x6                              inst_16+22

clint mtime 0x000000000000006B (mip.MTI <- 0b1, mip.STI <- 0b0)
mem[X,0x000000008000072E] -> 0xB023
mem[X,0x0000000080000730] -> 0x0820
[214] [M]: 0x000000008000072E (0x0820B023) sd x2, 0x80(x1)                          inst_16+28
mem[W,0x0000000080005198] <- 0x01FDDB7D5BFDDBA1

mem[X,0x0000000080000732] -> 0x0513
mem[X,0x0000000080000734] -> 0x0010
[215] [M]: 0x0000000080000732 (0x00100513) addi x10, x0, 0x1                        inst_17+0
x10 <- 0x0000000000000001

clint mtime 0x000000000000006C (mip.MTI <- 0b1, mip.STI <- 0b0)
mem[X,0x0000000080000736] -> 0x1513
mem[X,0x0000000080000738] -> 0x00B5
[216] [M]: 0x0000000080000736 (0x00B51513) slli x10, x10, 0xb                       inst_17+4
x10 <- 0x0000000000000800

mem[X,0x000000008000073A] -> 0xA809
[217] [M]: 0x000000008000073A (0xA809) c.j 0x12                                     inst_17+8

clint mtime 0x000000000000006D (mip.MTI <- 0b1, mip.STI <- 0b0)
mem[X,0x000000008000074C] -> 0xD96D
[218] [M]: 0x000000008000074C (0xD96D) c.beqz x10, -0xe                             inst_17+26

mem[X,0x000000008000074E] -> 0x0113
mem[X,0x0000000080000750] -> 0x0021
[219] [M]: 0x000000008000074E (0x00210113) addi x2, x2, 0x2                         inst_17+28
x2 <- 0x01FDDB7D5BFDDBA3

clint mtime 0x000000000000006E (mip.MTI <- 0b1, mip.STI <- 0b0)
mem[X,0x0000000080000752] -> 0x006F
mem[X,0x0000000080000754] -> 0x0060
[220] [M]: 0x0000000080000752 (0x0060006F) jal x0, 0x6                              inst_17+32

mem[X,0x0000000080000758] -> 0xB423
mem[X,0x000000008000075A] -> 0x0820
[221] [M]: 0x0000000080000758 (0x0820B423) sd x2, 0x88(x1)                          inst_17+38
mem[W,0x00000000800051A0] <- 0x01FDDB7D5BFDDBA3

clint mtime 0x000000000000006F (mip.MTI <- 0b1, mip.STI <- 0b0)
mem[X,0x000000008000075C] -> 0x0513
mem[X,0x000000008000075E] -> 0x0010
[222] [M]: 0x000000008000075C (0x00100513) addi x10, x0, 0x1                        inst_18+0
x10 <- 0x0000000000000001

mem[X,0x0000000080000760] -> 0x1513
mem[X,0x0000000080000762] -> 0x00C5
[223] [M]: 0x0000000080000760 (0x00C51513) slli x10, x10, 0xc                       inst_18+4
x10 <- 0x0000000000001000

clint mtime 0x0000000000000070 (mip.MTI <- 0b1, mip.STI <- 0b0)
mem[X,0x0000000080000764] -> 0xA031
[224] [M]: 0x0000000080000764 (0xA031) c.j 0xc                                      inst_18+8

mem[X,0x0000000080000770] -> 0xC909
[225] [M]: 0x0000000080000770 (0xC909) c.beqz x10, 0x12                             inst_18+20

clint mtime 0x0000000000000071 (mip.MTI <- 0b1, mip.STI <- 0b0)
mem[X,0x0000000080000772] -> 0x0113
mem[X,0x0000000080000774] -> 0x0021
[226] [M]: 0x0000000080000772 (0x00210113) addi x2, x2, 0x2                         inst_18+22
x2 <- 0x01FDDB7D5BFDDBA5

mem[X,0x0000000080000776] -> 0x006F
mem[X,0x0000000080000778] -> 0x00E0
[227] [M]: 0x0000000080000776 (0x00E0006F) jal x0, 0xe                              inst_18+26

clint mtime 0x0000000000000072 (mip.MTI <- 0b1, mip.STI <- 0b0)
mem[X,0x0000000080000784] -> 0xB823
mem[X,0x0000000080000786] -> 0x0820
[228] [M]: 0x0000000080000784 (0x0820B823) sd x2, 0x90(x1)                          inst_18+40
mem[W,0x00000000800051A8] <- 0x01FDDB7D5BFDDBA5

mem[X,0x0000000080000788] -> 0x0513
mem[X,0x000000008000078A] -> 0x0010
[229] [M]: 0x0000000080000788 (0x00100513) addi x10, x0, 0x1                        inst_19+0
x10 <- 0x0000000000000001

clint mtime 0x0000000000000073 (mip.MTI <- 0b1, mip.STI <- 0b0)
mem[X,0x000000008000078C] -> 0x1513
mem[X,0x000000008000078E] -> 0x00D5
[230] [M]: 0x000000008000078C (0x00D51513) slli x10, x10, 0xd                       inst_19+4
x10 <- 0x0000000000002000

mem[X,0x0000000080000790] -> 0xA845
[231] [M]: 0x0000000080000790 (0xA845) c.j 0xb0                                     inst_19+8

clint mtime 0x0000000000000074 (mip.MTI <- 0b1, mip.STI <- 0b0)
mem[X,0x0000000080000840] -> 0xD931
[232] [M]: 0x0000000080000840 (0xD931) c.beqz x10, -0xac                            inst_19+184

mem[X,0x0000000080000842] -> 0x0113
mem[X,0x0000000080000844] -> 0x0021
[233] [M]: 0x0000000080000842 (0x00210113) addi x2, x2, 0x2                         inst_19+186
x2 <- 0x01FDDB7D5BFDDBA7

clint mtime 0x0000000000000075 (mip.MTI <- 0b1, mip.STI <- 0b0)
mem[X,0x0000000080000846] -> 0x006F
mem[X,0x0000000080000848] -> 0x0060
[234] [M]: 0x0000000080000846 (0x0060006F) jal x0, 0x6                              inst_19+190

mem[X,0x000000008000084C] -> 0xBC23
mem[X,0x000000008000084E] -> 0x0820
[235] [M]: 0x000000008000084C (0x0820BC23) sd x2, 0x98(x1)                          inst_19+196
mem[W,0x00000000800051B0] <- 0x01FDDB7D5BFDDBA7

clint mtime 0x0000000000000076 (mip.MTI <- 0b1, mip.STI <- 0b0)
mem[X,0x0000000080000850] -> 0x0513
mem[X,0x0000000080000852] -> 0x0010
[236] [M]: 0x0000000080000850 (0x00100513) addi x10, x0, 0x1                        inst_20+0
x10 <- 0x0000000000000001

mem[X,0x0000000080000854] -> 0x1513
mem[X,0x0000000080000856] -> 0x00E5
[237] [M]: 0x0000000080000854 (0x00E51513) slli x10, x10, 0xe                       inst_20+4
x10 <- 0x0000000000004000

clint mtime 0x0000000000000077 (mip.MTI <- 0b1, mip.STI <- 0b0)
mem[X,0x0000000080000858] -> 0xA031
[238] [M]: 0x0000000080000858 (0xA031) c.j 0xc                                      inst_20+8

mem[X,0x0000000080000864] -> 0xC509
[239] [M]: 0x0000000080000864 (0xC509) c.beqz x10, 0xa                              inst_20+20

clint mtime 0x0000000000000078 (mip.MTI <- 0b1, mip.STI <- 0b0)
mem[X,0x0000000080000866] -> 0x0113
mem[X,0x0000000080000868] -> 0x0021
[240] [M]: 0x0000000080000866 (0x00210113) addi x2, x2, 0x2                         inst_20+22
x2 <- 0x01FDDB7D5BFDDBA9

mem[X,0x000000008000086A] -> 0x006F
mem[X,0x000000008000086C] -> 0x0060
[241] [M]: 0x000000008000086A (0x0060006F) jal x0, 0x6                              inst_20+26

clint mtime 0x0000000000000079 (mip.MTI <- 0b1, mip.STI <- 0b0)
mem[X,0x0000000080000870] -> 0xB023
mem[X,0x0000000080000872] -> 0x0A20
[242] [M]: 0x0000000080000870 (0x0A20B023) sd x2, 0xa0(x1)                          inst_20+32
mem[W,0x00000000800051B8] <- 0x01FDDB7D5BFDDBA9

mem[X,0x0000000080000874] -> 0x0513
mem[X,0x0000000080000876] -> 0x0010
[243] [M]: 0x0000000080000874 (0x00100513) addi x10, x0, 0x1                        inst_21+0
x10 <- 0x0000000000000001

clint mtime 0x000000000000007A (mip.MTI <- 0b1, mip.STI <- 0b0)
mem[X,0x0000000080000878] -> 0x1513
mem[X,0x000000008000087A] -> 0x00F5
[244] [M]: 0x0000000080000878 (0x00F51513) slli x10, x10, 0xf                       inst_21+4
x10 <- 0x0000000000008000

mem[X,0x000000008000087C] -> 0xA031
[245] [M]: 0x000000008000087C (0xA031) c.j 0xc                                      inst_21+8

clint mtime 0x000000000000007B (mip.MTI <- 0b1, mip.STI <- 0b0)
mem[X,0x0000000080000888] -> 0xDD65
[246] [M]: 0x0000000080000888 (0xDD65) c.beqz x10, -0x8                             inst_21+20

mem[X,0x000000008000088A] -> 0x0113
mem[X,0x000000008000088C] -> 0x0021
[247] [M]: 0x000000008000088A (0x00210113) addi x2, x2, 0x2                         inst_21+22
x2 <- 0x01FDDB7D5BFDDBAB

clint mtime 0x000000000000007C (mip.MTI <- 0b1, mip.STI <- 0b0)
mem[X,0x000000008000088E] -> 0x006F
mem[X,0x0000000080000890] -> 0x0060
[248] [M]: 0x000000008000088E (0x0060006F) jal x0, 0x6                              inst_21+26

mem[X,0x0000000080000894] -> 0xB423
mem[X,0x0000000080000896] -> 0x0A20
[249] [M]: 0x0000000080000894 (0x0A20B423) sd x2, 0xa8(x1)                          inst_21+32
mem[W,0x00000000800051C0] <- 0x01FDDB7D5BFDDBAB

clint mtime 0x000000000000007D (mip.MTI <- 0b1, mip.STI <- 0b0)
mem[X,0x0000000080000898] -> 0x0513
mem[X,0x000000008000089A] -> 0x0010
[250] [M]: 0x0000000080000898 (0x00100513) addi x10, x0, 0x1                        inst_22+0
x10 <- 0x0000000000000001

mem[X,0x000000008000089C] -> 0x1513
mem[X,0x000000008000089E] -> 0x0105
[251] [M]: 0x000000008000089C (0x01051513) slli x10, x10, 0x10                      inst_22+4
x10 <- 0x0000000000010000

clint mtime 0x000000000000007E (mip.MTI <- 0b1, mip.STI <- 0b0)
mem[X,0x00000000800008A0] -> 0xA801
[252] [M]: 0x00000000800008A0 (0xA801) c.j 0x10                                     inst_22+8

mem[X,0x00000000800008B0] -> 0xD975
[253] [M]: 0x00000000800008B0 (0xD975) c.beqz x10, -0xc                             inst_22+24

clint mtime 0x000000000000007F (mip.MTI <- 0b1, mip.STI <- 0b0)
mem[X,0x00000000800008B2] -> 0x0113
mem[X,0x00000000800008B4] -> 0x0021
[254] [M]: 0x00000000800008B2 (0x00210113) addi x2, x2, 0x2                         inst_22+26
x2 <- 0x01FDDB7D5BFDDBAD

mem[X,0x00000000800008B6] -> 0x006F
mem[X,0x00000000800008B8] -> 0x0060
[255] [M]: 0x00000000800008B6 (0x0060006F) jal x0, 0x6                              inst_22+30

clint mtime 0x0000000000000080 (mip.MTI <- 0b1, mip.STI <- 0b0)
mem[X,0x00000000800008BC] -> 0xB823
mem[X,0x00000000800008BE] -> 0x0A20
[256] [M]: 0x00000000800008BC (0x0A20B823) sd x2, 0xb0(x1)                          inst_22+36
mem[W,0x00000000800051C8] <- 0x01FDDB7D5BFDDBAD

mem[X,0x00000000800008C0] -> 0x0513
mem[X,0x00000000800008C2] -> 0x0010
[257] [M]: 0x00000000800008C0 (0x00100513) addi x10, x0, 0x1                        inst_23+0
x10 <- 0x0000000000000001

clint mtime 0x0000000000000081 (mip.MTI <- 0b1, mip.STI <- 0b0)
mem[X,0x00000000800008C4] -> 0x1513
mem[X,0x00000000800008C6] -> 0x0125
[258] [M]: 0x00000000800008C4 (0x01251513) slli x10, x10, 0x12                      inst_23+4
x10 <- 0x0000000000040000

mem[X,0x00000000800008C8] -> 0xA031
[259] [M]: 0x00000000800008C8 (0xA031) c.j 0xc                                      inst_23+8

clint mtime 0x0000000000000082 (mip.MTI <- 0b1, mip.STI <- 0b0)
mem[X,0x00000000800008D4] -> 0xDD65
[260] [M]: 0x00000000800008D4 (0xDD65) c.beqz x10, -0x8                             inst_23+20

mem[X,0x00000000800008D6] -> 0x0113
mem[X,0x00000000800008D8] -> 0x0021
[261] [M]: 0x00000000800008D6 (0x00210113) addi x2, x2, 0x2                         inst_23+22
x2 <- 0x01FDDB7D5BFDDBAF

clint mtime 0x0000000000000083 (mip.MTI <- 0b1, mip.STI <- 0b0)
mem[X,0x00000000800008DA] -> 0x006F
mem[X,0x00000000800008DC] -> 0x0060
[262] [M]: 0x00000000800008DA (0x0060006F) jal x0, 0x6                              inst_23+26

mem[X,0x00000000800008E0] -> 0xBC23
mem[X,0x00000000800008E2] -> 0x0A20
[263] [M]: 0x00000000800008E0 (0x0A20BC23) sd x2, 0xb8(x1)                          inst_23+32
mem[W,0x00000000800051D0] <- 0x01FDDB7D5BFDDBAF

clint mtime 0x0000000000000084 (mip.MTI <- 0b1, mip.STI <- 0b0)
mem[X,0x00000000800008E4] -> 0x0513
mem[X,0x00000000800008E6] -> 0x0010
[264] [M]: 0x00000000800008E4 (0x00100513) addi x10, x0, 0x1                        inst_24+0
x10 <- 0x0000000000000001

mem[X,0x00000000800008E8] -> 0x1513
mem[X,0x00000000800008EA] -> 0x0135
[265] [M]: 0x00000000800008E8 (0x01351513) slli x10, x10, 0x13                      inst_24+4
x10 <- 0x0000000000080000

clint mtime 0x0000000000000085 (mip.MTI <- 0b1, mip.STI <- 0b0)
mem[X,0x00000000800008EC] -> 0xA031
[266] [M]: 0x00000000800008EC (0xA031) c.j 0xc                                      inst_24+8

mem[X,0x00000000800008F8] -> 0xC105
[267] [M]: 0x00000000800008F8 (0xC105) c.beqz x10, 0x20                             inst_24+20

clint mtime 0x0000000000000086 (mip.MTI <- 0b1, mip.STI <- 0b0)
mem[X,0x00000000800008FA] -> 0x0113
mem[X,0x00000000800008FC] -> 0x0021
[268] [M]: 0x00000000800008FA (0x00210113) addi x2, x2, 0x2                         inst_24+22
x2 <- 0x01FDDB7D5BFDDBB1

mem[X,0x00000000800008FE] -> 0x006F
mem[X,0x0000000080000900] -> 0x01C0
[269] [M]: 0x00000000800008FE (0x01C0006F) jal x0, 0x1c                             inst_24+26

clint mtime 0x0000000000000087 (mip.MTI <- 0b1, mip.STI <- 0b0)
mem[X,0x000000008000091A] -> 0xB023
mem[X,0x000000008000091C] -> 0x0C20
[270] [M]: 0x000000008000091A (0x0C20B023) sd x2, 0xc0(x1)                          inst_24+54
mem[W,0x00000000800051D8] <- 0x01FDDB7D5BFDDBB1

mem[X,0x000000008000091E] -> 0x0513
mem[X,0x0000000080000920] -> 0x0010
[271] [M]: 0x000000008000091E (0x00100513) addi x10, x0, 0x1                        inst_25+0
x10 <- 0x0000000000000001

clint mtime 0x0000000000000088 (mip.MTI <- 0b1, mip.STI <- 0b0)
mem[X,0x0000000080000922] -> 0x1513
mem[X,0x0000000080000924] -> 0x0145
[272] [M]: 0x0000000080000922 (0x01451513) slli x10, x10, 0x14                      inst_25+4
x10 <- 0x0000000000100000

mem[X,0x0000000080000926] -> 0xA811
[273] [M]: 0x0000000080000926 (0xA811) c.j 0x14                                     inst_25+8

clint mtime 0x0000000000000089 (mip.MTI <- 0b1, mip.STI <- 0b0)
mem[X,0x000000008000093A] -> 0xD965
[274] [M]: 0x000000008000093A (0xD965) c.beqz x10, -0x10                            inst_25+28

mem[X,0x000000008000093C] -> 0x0113
mem[X,0x000000008000093E] -> 0x0021
[275] [M]: 0x000000008000093C (0x00210113) addi x2, x2, 0x2                         inst_25+30
x2 <- 0x01FDDB7D5BFDDBB3

clint mtime 0x000000000000008A (mip.MTI <- 0b1, mip.STI <- 0b0)
mem[X,0x0000000080000940] -> 0x006F
mem[X,0x0000000080000942] -> 0x0060
[276] [M]: 0x0000000080000940 (0x0060006F) jal x0, 0x6                              inst_25+34

mem[X,0x0000000080000946] -> 0xB423
mem[X,0x0000000080000948] -> 0x0C20
[277] [M]: 0x0000000080000946 (0x0C20B423) sd x2, 0xc8(x1)                          inst_25+40
mem[W,0x00000000800051E0] <- 0x01FDDB7D5BFDDBB3

clint mtime 0x000000000000008B (mip.MTI <- 0b1, mip.STI <- 0b0)
mem[X,0x000000008000094A] -> 0x0513
mem[X,0x000000008000094C] -> 0x0010
[278] [M]: 0x000000008000094A (0x00100513) addi x10, x0, 0x1                        inst_26+0
x10 <- 0x0000000000000001

mem[X,0x000000008000094E] -> 0x1513
mem[X,0x0000000080000950] -> 0x0155
[279] [M]: 0x000000008000094E (0x01551513) slli x10, x10, 0x15                      inst_26+4
x10 <- 0x0000000000200000

clint mtime 0x000000000000008C (mip.MTI <- 0b1, mip.STI <- 0b0)
mem[X,0x0000000080000952] -> 0xA099
[280] [M]: 0x0000000080000952 (0xA099) c.j 0x46                                     inst_26+8

mem[X,0x0000000080000998] -> 0xDD5D
[281] [M]: 0x0000000080000998 (0xDD5D) c.beqz x10, -0x42                            inst_26+78

clint mtime 0x000000000000008D (mip.MTI <- 0b1, mip.STI <- 0b0)
mem[X,0x000000008000099A] -> 0x0113
mem[X,0x000000008000099C] -> 0x0021
[282] [M]: 0x000000008000099A (0x00210113) addi x2, x2, 0x2                         inst_26+80
x2 <- 0x01FDDB7D5BFDDBB5

mem[X,0x000000008000099E] -> 0x006F
mem[X,0x00000000800009A0] -> 0x0060
[283] [M]: 0x000000008000099E (0x0060006F) jal x0, 0x6                              inst_26+84

clint mtime 0x000000000000008E (mip.MTI <- 0b1, mip.STI <- 0b0)
mem[X,0x00000000800009A4] -> 0xB823
mem[X,0x00000000800009A6] -> 0x0C20
[284] [M]: 0x00000000800009A4 (0x0C20B823) sd x2, 0xd0(x1)                          inst_26+90
mem[W,0x00000000800051E8] <- 0x01FDDB7D5BFDDBB5

mem[X,0x00000000800009A8] -> 0x0513
mem[X,0x00000000800009AA] -> 0x0010
[285] [M]: 0x00000000800009A8 (0x00100513) addi x10, x0, 0x1                        inst_27+0
x10 <- 0x0000000000000001

clint mtime 0x000000000000008F (mip.MTI <- 0b1, mip.STI <- 0b0)
mem[X,0x00000000800009AC] -> 0x1513
mem[X,0x00000000800009AE] -> 0x0165
[286] [M]: 0x00000000800009AC (0x01651513) slli x10, x10, 0x16                      inst_27+4
x10 <- 0x0000000000400000

mem[X,0x00000000800009B0] -> 0xA059
[287] [M]: 0x00000000800009B0 (0xA059) c.j 0x86                                     inst_27+8

clint mtime 0x0000000000000090 (mip.MTI <- 0b1, mip.STI <- 0b0)
mem[X,0x0000000080000A36] -> 0xDD3D
[288] [M]: 0x0000000080000A36 (0xDD3D) c.beqz x10, -0x82                            inst_27+142

mem[X,0x0000000080000A38] -> 0x0113
mem[X,0x0000000080000A3A] -> 0x0021
[289] [M]: 0x0000000080000A38 (0x00210113) addi x2, x2, 0x2                         inst_27+144
x2 <- 0x01FDDB7D5BFDDBB7

clint mtime 0x0000000000000091 (mip.MTI <- 0b1, mip.STI <- 0b0)
mem[X,0x0000000080000A3C] -> 0x006F
mem[X,0x0000000080000A3E] -> 0x0060
[290] [M]: 0x0000000080000A3C (0x0060006F) jal x0, 0x6                              inst_27+148

mem[X,0x0000000080000A42] -> 0xBC23
mem[X,0x0000000080000A44] -> 0x0C20
[291] [M]: 0x0000000080000A42 (0x0C20BC23) sd x2, 0xd8(x1)                          inst_27+154
mem[W,0x00000000800051F0] <- 0x01FDDB7D5BFDDBB7

clint mtime 0x0000000000000092 (mip.MTI <- 0b1, mip.STI <- 0b0)
mem[X,0x0000000080000A46] -> 0x0513
mem[X,0x0000000080000A48] -> 0x0010
[292] [M]: 0x0000000080000A46 (0x00100513) addi x10, x0, 0x1                        inst_28+0
x10 <- 0x0000000000000001

mem[X,0x0000000080000A4A] -> 0x1513
mem[X,0x0000000080000A4C] -> 0x0175
[293] [M]: 0x0000000080000A4A (0x01751513) slli x10, x10, 0x17                      inst_28+4
x10 <- 0x0000000000800000

clint mtime 0x0000000000000093 (mip.MTI <- 0b1, mip.STI <- 0b0)
mem[X,0x0000000080000A4E] -> 0xA031
[294] [M]: 0x0000000080000A4E (0xA031) c.j 0xc                                      inst_28+8

mem[X,0x0000000080000A5A] -> 0xC901
[295] [M]: 0x0000000080000A5A (0xC901) c.beqz x10, 0x10                             inst_28+20

clint mtime 0x0000000000000094 (mip.MTI <- 0b1, mip.STI <- 0b0)
mem[X,0x0000000080000A5C] -> 0x0113
mem[X,0x0000000080000A5E] -> 0x0021
[296] [M]: 0x0000000080000A5C (0x00210113) addi x2, x2, 0x2                         inst_28+22
x2 <- 0x01FDDB7D5BFDDBB9

mem[X,0x0000000080000A60] -> 0x006F
mem[X,0x0000000080000A62] -> 0x00C0
[297] [M]: 0x0000000080000A60 (0x00C0006F) jal x0, 0xc                              inst_28+26

clint mtime 0x0000000000000095 (mip.MTI <- 0b1, mip.STI <- 0b0)
mem[X,0x0000000080000A6C] -> 0xB023
mem[X,0x0000000080000A6E] -> 0x0E20
[298] [M]: 0x0000000080000A6C (0x0E20B023) sd x2, 0xe0(x1)                          inst_28+38
mem[W,0x00000000800051F8] <- 0x01FDDB7D5BFDDBB9

mem[X,0x0000000080000A70] -> 0x0513
mem[X,0x0000000080000A72] -> 0x0010
[299] [M]: 0x0000000080000A70 (0x00100513) addi x10, x0, 0x1                        inst_29+0
x10 <- 0x0000000000000001

clint mtime 0x0000000000000096 (mip.MTI <- 0b1, mip.STI <- 0b0)
mem[X,0x0000000080000A74] -> 0x1513
mem[X,0x0000000080000A76] -> 0x0185
[300] [M]: 0x0000000080000A74 (0x01851513) slli x10, x10, 0x18                      inst_29+4
x10 <- 0x0000000001000000

mem[X,0x0000000080000A78] -> 0xA845
[301] [M]: 0x0000000080000A78 (0xA845) c.j 0xb0                                     inst_29+8

clint mtime 0x0000000000000097 (mip.MTI <- 0b1, mip.STI <- 0b0)
mem[X,0x0000000080000B28] -> 0xD931
[302] [M]: 0x0000000080000B28 (0xD931) c.beqz x10, -0xac                            inst_29+184

mem[X,0x0000000080000B2A] -> 0x0113
mem[X,0x0000000080000B2C] -> 0x0021
[303] [M]: 0x0000000080000B2A (0x00210113) addi x2, x2, 0x2                         inst_29+186
x2 <- 0x01FDDB7D5BFDDBBB

clint mtime 0x0000000000000098 (mip.MTI <- 0b1, mip.STI <- 0b0)
mem[X,0x0000000080000B2E] -> 0x006F
mem[X,0x0000000080000B30] -> 0x0060
[304] [M]: 0x0000000080000B2E (0x0060006F) jal x0, 0x6                              inst_29+190

mem[X,0x0000000080000B34] -> 0xB423
mem[X,0x0000000080000B36] -> 0x0E20
[305] [M]: 0x0000000080000B34 (0x0E20B423) sd x2, 0xe8(x1)                          inst_29+196
mem[W,0x0000000080005200] <- 0x01FDDB7D5BFDDBBB

clint mtime 0x0000000000000099 (mip.MTI <- 0b1, mip.STI <- 0b0)
mem[X,0x0000000080000B38] -> 0x0513
mem[X,0x0000000080000B3A] -> 0x0010
[306] [M]: 0x0000000080000B38 (0x00100513) addi x10, x0, 0x1                        inst_30+0
x10 <- 0x0000000000000001

mem[X,0x0000000080000B3C] -> 0x1513
mem[X,0x0000000080000B3E] -> 0x0195
[307] [M]: 0x0000000080000B3C (0x01951513) slli x10, x10, 0x19                      inst_30+4
x10 <- 0x0000000002000000

clint mtime 0x000000000000009A (mip.MTI <- 0b1, mip.STI <- 0b0)
mem[X,0x0000000080000B40] -> 0xA099
[308] [M]: 0x0000000080000B40 (0xA099) c.j 0x46                                     inst_30+8

mem[X,0x0000000080000B86] -> 0xDD5D
[309] [M]: 0x0000000080000B86 (0xDD5D) c.beqz x10, -0x42                            inst_30+78

clint mtime 0x000000000000009B (mip.MTI <- 0b1, mip.STI <- 0b0)
mem[X,0x0000000080000B88] -> 0x0113
mem[X,0x0000000080000B8A] -> 0x0021
[310] [M]: 0x0000000080000B88 (0x00210113) addi x2, x2, 0x2                         inst_30+80
x2 <- 0x01FDDB7D5BFDDBBD

mem[X,0x0000000080000B8C] -> 0x006F
mem[X,0x0000000080000B8E] -> 0x0060
[311] [M]: 0x0000000080000B8C (0x0060006F) jal x0, 0x6                              inst_30+84

clint mtime 0x000000000000009C (mip.MTI <- 0b1, mip.STI <- 0b0)
mem[X,0x0000000080000B92] -> 0xB823
mem[X,0x0000000080000B94] -> 0x0E20
[312] [M]: 0x0000000080000B92 (0x0E20B823) sd x2, 0xf0(x1)                          inst_30+90
mem[W,0x0000000080005208] <- 0x01FDDB7D5BFDDBBD

mem[X,0x0000000080000B96] -> 0x0513
mem[X,0x0000000080000B98] -> 0x0010
[313] [M]: 0x0000000080000B96 (0x00100513) addi x10, x0, 0x1                        inst_31+0
x10 <- 0x0000000000000001

clint mtime 0x000000000000009D (mip.MTI <- 0b1, mip.STI <- 0b0)
mem[X,0x0000000080000B9A] -> 0x1513
mem[X,0x0000000080000B9C] -> 0x01A5
[314] [M]: 0x0000000080000B9A (0x01A51513) slli x10, x10, 0x1a                      inst_31+4
x10 <- 0x0000000004000000

mem[X,0x0000000080000B9E] -> 0xA031
[315] [M]: 0x0000000080000B9E (0xA031) c.j 0xc                                      inst_31+8

clint mtime 0x000000000000009E (mip.MTI <- 0b1, mip.STI <- 0b0)
mem[X,0x0000000080000BAA] -> 0xC509
[316] [M]: 0x0000000080000BAA (0xC509) c.beqz x10, 0xa                              inst_31+20

mem[X,0x0000000080000BAC] -> 0x0113
mem[X,0x0000000080000BAE] -> 0x0021
[317] [M]: 0x0000000080000BAC (0x00210113) addi x2, x2, 0x2                         inst_31+22
x2 <- 0x01FDDB7D5BFDDBBF

clint mtime 0x000000000000009F (mip.MTI <- 0b1, mip.STI <- 0b0)
mem[X,0x0000000080000BB0] -> 0x006F
mem[X,0x0000000080000BB2] -> 0x0060
[318] [M]: 0x0000000080000BB0 (0x0060006F) jal x0, 0x6                              inst_31+26

mem[X,0x0000000080000BB6] -> 0xBC23
mem[X,0x0000000080000BB8] -> 0x0E20
[319] [M]: 0x0000000080000BB6 (0x0E20BC23) sd x2, 0xf8(x1)                          inst_31+32
mem[W,0x0000000080005210] <- 0x01FDDB7D5BFDDBBF

clint mtime 0x00000000000000A0 (mip.MTI <- 0b1, mip.STI <- 0b0)
mem[X,0x0000000080000BBA] -> 0x0513
mem[X,0x0000000080000BBC] -> 0x0010
[320] [M]: 0x0000000080000BBA (0x00100513) addi x10, x0, 0x1                        inst_32+0
x10 <- 0x0000000000000001

mem[X,0x0000000080000BBE] -> 0x1513
mem[X,0x0000000080000BC0] -> 0x01B5
[321] [M]: 0x0000000080000BBE (0x01B51513) slli x10, x10, 0x1b                      inst_32+4
x10 <- 0x0000000008000000

clint mtime 0x00000000000000A1 (mip.MTI <- 0b1, mip.STI <- 0b0)
mem[X,0x0000000080000BC2] -> 0xA051
[322] [M]: 0x0000000080000BC2 (0xA051) c.j 0x84                                     inst_32+8

mem[X,0x0000000080000C46] -> 0xD141
[323] [M]: 0x0000000080000C46 (0xD141) c.beqz x10, -0x80                            inst_32+140

clint mtime 0x00000000000000A2 (mip.MTI <- 0b1, mip.STI <- 0b0)
mem[X,0x0000000080000C48] -> 0x0113
mem[X,0x0000000080000C4A] -> 0x0021
[324] [M]: 0x0000000080000C48 (0x00210113) addi x2, x2, 0x2                         inst_32+142
x2 <- 0x01FDDB7D5BFDDBC1

mem[X,0x0000000080000C4C] -> 0x006F
mem[X,0x0000000080000C4E] -> 0x0060
[325] [M]: 0x0000000080000C4C (0x0060006F) jal x0, 0x6                              inst_32+146

clint mtime 0x00000000000000A3 (mip.MTI <- 0b1, mip.STI <- 0b0)
mem[X,0x0000000080000C52] -> 0xB023
mem[X,0x0000000080000C54] -> 0x1020
[326] [M]: 0x0000000080000C52 (0x1020B023) sd x2, 0x100(x1)                         inst_32+152
mem[W,0x0000000080005218] <- 0x01FDDB7D5BFDDBC1

mem[X,0x0000000080000C56] -> 0x0513
mem[X,0x0000000080000C58] -> 0x0010
[327] [M]: 0x0000000080000C56 (0x00100513) addi x10, x0, 0x1                        inst_33+0
x10 <- 0x0000000000000001

clint mtime 0x00000000000000A4 (mip.MTI <- 0b1, mip.STI <- 0b0)
mem[X,0x0000000080000C5A] -> 0x1513
mem[X,0x0000000080000C5C] -> 0x01C5
[328] [M]: 0x0000000080000C5A (0x01C51513) slli x10, x10, 0x1c                      inst_33+4
x10 <- 0x0000000010000000

mem[X,0x0000000080000C5E] -> 0xA031
[329] [M]: 0x0000000080000C5E (0xA031) c.j 0xc                                      inst_33+8

clint mtime 0x00000000000000A5 (mip.MTI <- 0b1, mip.STI <- 0b0)
mem[X,0x0000000080000C6A] -> 0xC909
[330] [M]: 0x0000000080000C6A (0xC909) c.beqz x10, 0x12                             inst_33+20

mem[X,0x0000000080000C6C] -> 0x0113
mem[X,0x0000000080000C6E] -> 0x0021
[331] [M]: 0x0000000080000C6C (0x00210113) addi x2, x2, 0x2                         inst_33+22
x2 <- 0x01FDDB7D5BFDDBC3

clint mtime 0x00000000000000A6 (mip.MTI <- 0b1, mip.STI <- 0b0)
mem[X,0x0000000080000C70] -> 0x006F
mem[X,0x0000000080000C72] -> 0x00E0
[332] [M]: 0x0000000080000C70 (0x00E0006F) jal x0, 0xe                              inst_33+26

mem[X,0x0000000080000C7E] -> 0xB423
mem[X,0x0000000080000C80] -> 0x1020
[333] [M]: 0x0000000080000C7E (0x1020B423) sd x2, 0x108(x1)                         inst_33+40
mem[W,0x0000000080005220] <- 0x01FDDB7D5BFDDBC3

clint mtime 0x00000000000000A7 (mip.MTI <- 0b1, mip.STI <- 0b0)
mem[X,0x0000000080000C82] -> 0x0513
mem[X,0x0000000080000C84] -> 0x0010
[334] [M]: 0x0000000080000C82 (0x00100513) addi x10, x0, 0x1                        inst_34+0
x10 <- 0x0000000000000001

mem[X,0x0000000080000C86] -> 0x1513
mem[X,0x0000000080000C88] -> 0x01D5
[335] [M]: 0x0000000080000C86 (0x01D51513) slli x10, x10, 0x1d                      inst_34+4
x10 <- 0x0000000020000000

clint mtime 0x00000000000000A8 (mip.MTI <- 0b1, mip.STI <- 0b0)
mem[X,0x0000000080000C8A] -> 0xA099
[336] [M]: 0x0000000080000C8A (0xA099) c.j 0x46                                     inst_34+8

mem[X,0x0000000080000CD0] -> 0xDD5D
[337] [M]: 0x0000000080000CD0 (0xDD5D) c.beqz x10, -0x42                            inst_34+78

clint mtime 0x00000000000000A9 (mip.MTI <- 0b1, mip.STI <- 0b0)
mem[X,0x0000000080000CD2] -> 0x0113
mem[X,0x0000000080000CD4] -> 0x0021
[338] [M]: 0x0000000080000CD2 (0x00210113) addi x2, x2, 0x2                         inst_34+80
x2 <- 0x01FDDB7D5BFDDBC5

mem[X,0x0000000080000CD6] -> 0x006F
mem[X,0x0000000080000CD8] -> 0x0060
[339] [M]: 0x0000000080000CD6 (0x0060006F) jal x0, 0x6                              inst_34+84

clint mtime 0x00000000000000AA (mip.MTI <- 0b1, mip.STI <- 0b0)
mem[X,0x0000000080000CDC] -> 0xB823
mem[X,0x0000000080000CDE] -> 0x1020
[340] [M]: 0x0000000080000CDC (0x1020B823) sd x2, 0x110(x1)                         inst_34+90
mem[W,0x0000000080005228] <- 0x01FDDB7D5BFDDBC5

mem[X,0x0000000080000CE0] -> 0x0513
mem[X,0x0000000080000CE2] -> 0x0010
[341] [M]: 0x0000000080000CE0 (0x00100513) addi x10, x0, 0x1                        inst_35+0
x10 <- 0x0000000000000001

clint mtime 0x00000000000000AB (mip.MTI <- 0b1, mip.STI <- 0b0)
mem[X,0x0000000080000CE4] -> 0x1513
mem[X,0x0000000080000CE6] -> 0x01E5
[342] [M]: 0x0000000080000CE4 (0x01E51513) slli x10, x10, 0x1e                      inst_35+4
x10 <- 0x0000000040000000

mem[X,0x0000000080000CE8] -> 0xA809
[343] [M]: 0x0000000080000CE8 (0xA809) c.j 0x12                                     inst_35+8

clint mtime 0x00000000000000AC (mip.MTI <- 0b1, mip.STI <- 0b0)
mem[X,0x0000000080000CFA] -> 0xD96D
[344] [M]: 0x0000000080000CFA (0xD96D) c.beqz x10, -0xe                             inst_35+26

mem[X,0x0000000080000CFC] -> 0x0113
mem[X,0x0000000080000CFE] -> 0x0021
[345] [M]: 0x0000000080000CFC (0x00210113) addi x2, x2, 0x2                         inst_35+28
x2 <- 0x01FDDB7D5BFDDBC7

clint mtime 0x00000000000000AD (mip.MTI <- 0b1, mip.STI <- 0b0)
mem[X,0x0000000080000D00] -> 0x006F
mem[X,0x0000000080000D02] -> 0x0060
[346] [M]: 0x0000000080000D00 (0x0060006F) jal x0, 0x6                              inst_35+32

mem[X,0x0000000080000D06] -> 0xBC23
mem[X,0x0000000080000D08] -> 0x1020
[347] [M]: 0x0000000080000D06 (0x1020BC23) sd x2, 0x118(x1)                         inst_35+38
mem[W,0x0000000080005230] <- 0x01FDDB7D5BFDDBC7

clint mtime 0x00000000000000AE (mip.MTI <- 0b1, mip.STI <- 0b0)
mem[X,0x0000000080000D0A] -> 0x0513
mem[X,0x0000000080000D0C] -> 0x0010
[348] [M]: 0x0000000080000D0A (0x00100513) addi x10, x0, 0x1                        inst_36+0
x10 <- 0x0000000000000001

mem[X,0x0000000080000D0E] -> 0x1513
mem[X,0x0000000080000D10] -> 0x01F5
[349] [M]: 0x0000000080000D0E (0x01F51513) slli x10, x10, 0x1f                      inst_36+4
x10 <- 0x0000000080000000

clint mtime 0x00000000000000AF (mip.MTI <- 0b1, mip.STI <- 0b0)
mem[X,0x0000000080000D12] -> 0xA819
[350] [M]: 0x0000000080000D12 (0xA819) c.j 0x16                                     inst_36+8

mem[X,0x0000000080000D28] -> 0xD57D
[351] [M]: 0x0000000080000D28 (0xD57D) c.beqz x10, -0x12                            inst_36+30

clint mtime 0x00000000000000B0 (mip.MTI <- 0b1, mip.STI <- 0b0)
mem[X,0x0000000080000D2A] -> 0x0113
mem[X,0x0000000080000D2C] -> 0x0021
[352] [M]: 0x0000000080000D2A (0x00210113) addi x2, x2, 0x2                         inst_36+32
x2 <- 0x01FDDB7D5BFDDBC9

mem[X,0x0000000080000D2E] -> 0x006F
mem[X,0x0000000080000D30] -> 0x0060
[353] [M]: 0x0000000080000D2E (0x0060006F) jal x0, 0x6                              inst_36+36

clint mtime 0x00000000000000B1 (mip.MTI <- 0b1, mip.STI <- 0b0)
mem[X,0x0000000080000D34] -> 0xB023
mem[X,0x0000000080000D36] -> 0x1220
[354] [M]: 0x0000000080000D34 (0x1220B023) sd x2, 0x120(x1)                         inst_36+42
mem[W,0x0000000080005238] <- 0x01FDDB7D5BFDDBC9

mem[X,0x0000000080000D38] -> 0x0513
mem[X,0x0000000080000D3A] -> 0x0010
[355] [M]: 0x0000000080000D38 (0x00100513) addi x10, x0, 0x1                        inst_37+0
x10 <- 0x0000000000000001

clint mtime 0x00000000000000B2 (mip.MTI <- 0b1, mip.STI <- 0b0)
mem[X,0x0000000080000D3C] -> 0x1513
mem[X,0x0000000080000D3E] -> 0x0205
[356] [M]: 0x0000000080000D3C (0x02051513) slli x10, x10, 0x20                      inst_37+4
x10 <- 0x0000000100000000

mem[X,0x0000000080000D40] -> 0xA031
[357] [M]: 0x0000000080000D40 (0xA031) c.j 0xc                                      inst_37+8

clint mtime 0x00000000000000B3 (mip.MTI <- 0b1, mip.STI <- 0b0)
mem[X,0x0000000080000D4C] -> 0xC54D
[358] [M]: 0x0000000080000D4C (0xC54D) c.beqz x10, 0xaa                             inst_37+20

mem[X,0x0000000080000D4E] -> 0x0113
mem[X,0x0000000080000D50] -> 0x0021
[359] [M]: 0x0000000080000D4E (0x00210113) addi x2, x2, 0x2                         inst_37+22
x2 <- 0x01FDDB7D5BFDDBCB

clint mtime 0x00000000000000B4 (mip.MTI <- 0b1, mip.STI <- 0b0)
mem[X,0x0000000080000D52] -> 0x006F
mem[X,0x0000000080000D54] -> 0x0A60
[360] [M]: 0x0000000080000D52 (0x0A60006F) jal x0, 0xa6                             inst_37+26

mem[X,0x0000000080000DF8] -> 0xB423
mem[X,0x0000000080000DFA] -> 0x1220
[361] [M]: 0x0000000080000DF8 (0x1220B423) sd x2, 0x128(x1)                         inst_37+192
mem[W,0x0000000080005240] <- 0x01FDDB7D5BFDDBCB

clint mtime 0x00000000000000B5 (mip.MTI <- 0b1, mip.STI <- 0b0)
mem[X,0x0000000080000DFC] -> 0x0513
mem[X,0x0000000080000DFE] -> 0x0010
[362] [M]: 0x0000000080000DFC (0x00100513) addi x10, x0, 0x1                        inst_38+0
x10 <- 0x0000000000000001

mem[X,0x0000000080000E00] -> 0x1513
mem[X,0x0000000080000E02] -> 0x0215
[363] [M]: 0x0000000080000E00 (0x02151513) slli x10, x10, 0x21                      inst_38+4
x10 <- 0x0000000200000000

clint mtime 0x00000000000000B6 (mip.MTI <- 0b1, mip.STI <- 0b0)
mem[X,0x0000000080000E04] -> 0xA031
[364] [M]: 0x0000000080000E04 (0xA031) c.j 0xc                                      inst_38+8

mem[X,0x0000000080000E10] -> 0xC901
[365] [M]: 0x0000000080000E10 (0xC901) c.beqz x10, 0x10                             inst_38+20

clint mtime 0x00000000000000B7 (mip.MTI <- 0b1, mip.STI <- 0b0)
mem[X,0x0000000080000E12] -> 0x0113
mem[X,0x0000000080000E14] -> 0x0021
[366] [M]: 0x0000000080000E12 (0x00210113) addi x2, x2, 0x2                         inst_38+22
x2 <- 0x01FDDB7D5BFDDBCD

mem[X,0x0000000080000E16] -> 0x006F
mem[X,0x0000000080000E18] -> 0x00C0
[367] [M]: 0x0000000080000E16 (0x00C0006F) jal x0, 0xc                              inst_38+26

clint mtime 0x00000000000000B8 (mip.MTI <- 0b1, mip.STI <- 0b0)
mem[X,0x0000000080000E22] -> 0xB823
mem[X,0x0000000080000E24] -> 0x1220
[368] [M]: 0x0000000080000E22 (0x1220B823) sd x2, 0x130(x1)                         inst_38+38
mem[W,0x0000000080005248] <- 0x01FDDB7D5BFDDBCD

mem[X,0x0000000080000E26] -> 0x0513
mem[X,0x0000000080000E28] -> 0x0010
[369] [M]: 0x0000000080000E26 (0x00100513) addi x10, x0, 0x1                        inst_39+0
x10 <- 0x0000000000000001

clint mtime 0x00000000000000B9 (mip.MTI <- 0b1, mip.STI <- 0b0)
mem[X,0x0000000080000E2A] -> 0x1513
mem[X,0x0000000080000E2C] -> 0x0225
[370] [M]: 0x0000000080000E2A (0x02251513) slli x10, x10, 0x22                      inst_39+4
x10 <- 0x0000000400000000

mem[X,0x0000000080000E2E] -> 0xA821
[371] [M]: 0x0000000080000E2E (0xA821) c.j 0x18                                     inst_39+8

clint mtime 0x00000000000000BA (mip.MTI <- 0b1, mip.STI <- 0b0)
mem[X,0x0000000080000E46] -> 0xD575
[372] [M]: 0x0000000080000E46 (0xD575) c.beqz x10, -0x14                            inst_39+32

mem[X,0x0000000080000E48] -> 0x0113
mem[X,0x0000000080000E4A] -> 0x0021
[373] [M]: 0x0000000080000E48 (0x00210113) addi x2, x2, 0x2                         inst_39+34
x2 <- 0x01FDDB7D5BFDDBCF

clint mtime 0x00000000000000BB (mip.MTI <- 0b1, mip.STI <- 0b0)
mem[X,0x0000000080000E4C] -> 0x006F
mem[X,0x0000000080000E4E] -> 0x0060
[374] [M]: 0x0000000080000E4C (0x0060006F) jal x0, 0x6                              inst_39+38

mem[X,0x0000000080000E52] -> 0xBC23
mem[X,0x0000000080000E54] -> 0x1220
[375] [M]: 0x0000000080000E52 (0x1220BC23) sd x2, 0x138(x1)                         inst_39+44
mem[W,0x0000000080005250] <- 0x01FDDB7D5BFDDBCF

clint mtime 0x00000000000000BC (mip.MTI <- 0b1, mip.STI <- 0b0)
mem[X,0x0000000080000E56] -> 0x0513
mem[X,0x0000000080000E58] -> 0x0010
[376] [M]: 0x0000000080000E56 (0x00100513) addi x10, x0, 0x1                        inst_40+0
x10 <- 0x0000000000000001

mem[X,0x0000000080000E5A] -> 0x1513
mem[X,0x0000000080000E5C] -> 0x0235
[377] [M]: 0x0000000080000E5A (0x02351513) slli x10, x10, 0x23                      inst_40+4
x10 <- 0x0000000800000000

clint mtime 0x00000000000000BD (mip.MTI <- 0b1, mip.STI <- 0b0)
mem[X,0x0000000080000E5E] -> 0xA809
[378] [M]: 0x0000000080000E5E (0xA809) c.j 0x12                                     inst_40+8

mem[X,0x0000000080000E70] -> 0xD96D
[379] [M]: 0x0000000080000E70 (0xD96D) c.beqz x10, -0xe                             inst_40+26

clint mtime 0x00000000000000BE (mip.MTI <- 0b1, mip.STI <- 0b0)
mem[X,0x0000000080000E72] -> 0x0113
mem[X,0x0000000080000E74] -> 0x0021
[380] [M]: 0x0000000080000E72 (0x00210113) addi x2, x2, 0x2                         inst_40+28
x2 <- 0x01FDDB7D5BFDDBD1

mem[X,0x0000000080000E76] -> 0x006F
mem[X,0x0000000080000E78] -> 0x0060
[381] [M]: 0x0000000080000E76 (0x0060006F) jal x0, 0x6                              inst_40+32

clint mtime 0x00000000000000BF (mip.MTI <- 0b1, mip.STI <- 0b0)
mem[X,0x0000000080000E7C] -> 0xB023
mem[X,0x0000000080000E7E] -> 0x1420
[382] [M]: 0x0000000080000E7C (0x1420B023) sd x2, 0x140(x1)                         inst_40+38
mem[W,0x0000000080005258] <- 0x01FDDB7D5BFDDBD1

mem[X,0x0000000080000E80] -> 0x0513
mem[X,0x0000000080000E82] -> 0x0010
[383] [M]: 0x0000000080000E80 (0x00100513) addi x10, x0, 0x1                        inst_41+0
x10 <- 0x0000000000000001

clint mtime 0x00000000000000C0 (mip.MTI <- 0b1, mip.STI <- 0b0)
mem[X,0x0000000080000E84] -> 0x1513
mem[X,0x0000000080000E86] -> 0x0245
[384] [M]: 0x0000000080000E84 (0x02451513) slli x10, x10, 0x24                      inst_41+4
x10 <- 0x0000001000000000

mem[X,0x0000000080000E88] -> 0xA809
[385] [M]: 0x0000000080000E88 (0xA809) c.j 0x12                                     inst_41+8

clint mtime 0x00000000000000C1 (mip.MTI <- 0b1, mip.STI <- 0b0)
mem[X,0x0000000080000E9A] -> 0xD96D
[386] [M]: 0x0000000080000E9A (0xD96D) c.beqz x10, -0xe                             inst_41+26

mem[X,0x0000000080000E9C] -> 0x0113
mem[X,0x0000000080000E9E] -> 0x0021
[387] [M]: 0x0000000080000E9C (0x00210113) addi x2, x2, 0x2                         inst_41+28
x2 <- 0x01FDDB7D5BFDDBD3

clint mtime 0x00000000000000C2 (mip.MTI <- 0b1, mip.STI <- 0b0)
mem[X,0x0000000080000EA0] -> 0x006F
mem[X,0x0000000080000EA2] -> 0x0060
[388] [M]: 0x0000000080000EA0 (0x0060006F) jal x0, 0x6                              inst_41+32

mem[X,0x0000000080000EA6] -> 0xB423
mem[X,0x0000000080000EA8] -> 0x1420
[389] [M]: 0x0000000080000EA6 (0x1420B423) sd x2, 0x148(x1)                         inst_41+38
mem[W,0x0000000080005260] <- 0x01FDDB7D5BFDDBD3

clint mtime 0x00000000000000C3 (mip.MTI <- 0b1, mip.STI <- 0b0)
mem[X,0x0000000080000EAA] -> 0x0513
mem[X,0x0000000080000EAC] -> 0x0010
[390] [M]: 0x0000000080000EAA (0x00100513) addi x10, x0, 0x1                        inst_42+0
x10 <- 0x0000000000000001

mem[X,0x0000000080000EAE] -> 0x1513
mem[X,0x0000000080000EB0] -> 0x0255
[391] [M]: 0x0000000080000EAE (0x02551513) slli x10, x10, 0x25                      inst_42+4
x10 <- 0x0000002000000000

clint mtime 0x00000000000000C4 (mip.MTI <- 0b1, mip.STI <- 0b0)
mem[X,0x0000000080000EB2] -> 0xA059
[392] [M]: 0x0000000080000EB2 (0xA059) c.j 0x86                                     inst_42+8

mem[X,0x0000000080000F38] -> 0xDD3D
[393] [M]: 0x0000000080000F38 (0xDD3D) c.beqz x10, -0x82                            inst_42+142

clint mtime 0x00000000000000C5 (mip.MTI <- 0b1, mip.STI <- 0b0)
mem[X,0x0000000080000F3A] -> 0x0113
mem[X,0x0000000080000F3C] -> 0x0021
[394] [M]: 0x0000000080000F3A (0x00210113) addi x2, x2, 0x2                         inst_42+144
x2 <- 0x01FDDB7D5BFDDBD5

mem[X,0x0000000080000F3E] -> 0x006F
mem[X,0x0000000080000F40] -> 0x0060
[395] [M]: 0x0000000080000F3E (0x0060006F) jal x0, 0x6                              inst_42+148

clint mtime 0x00000000000000C6 (mip.MTI <- 0b1, mip.STI <- 0b0)
mem[X,0x0000000080000F44] -> 0xB823
mem[X,0x0000000080000F46] -> 0x1420
[396] [M]: 0x0000000080000F44 (0x1420B823) sd x2, 0x150(x1)                         inst_42+154
mem[W,0x0000000080005268] <- 0x01FDDB7D5BFDDBD5

mem[X,0x0000000080000F48] -> 0x0513
mem[X,0x0000000080000F4A] -> 0x0010
[397] [M]: 0x0000000080000F48 (0x00100513) addi x10, x0, 0x1                        inst_43+0
x10 <- 0x0000000000000001

clint mtime 0x00000000000000C7 (mip.MTI <- 0b1, mip.STI <- 0b0)
mem[X,0x0000000080000F4C] -> 0x1513
mem[X,0x0000000080000F4E] -> 0x0265
[398] [M]: 0x0000000080000F4C (0x02651513) slli x10, x10, 0x26                      inst_43+4
x10 <- 0x0000004000000000

mem[X,0x0000000080000F50] -> 0xA031
[399] [M]: 0x0000000080000F50 (0xA031) c.j 0xc                                      inst_43+8

clint mtime 0x00000000000000C8 (mip.MTI <- 0b1, mip.STI <- 0b0)
mem[X,0x0000000080000F5C] -> 0xC509
[400] [M]: 0x0000000080000F5C (0xC509) c.beqz x10, 0xa                              inst_43+20

mem[X,0x0000000080000F5E] -> 0x0113
mem[X,0x0000000080000F60] -> 0x0021
[401] [M]: 0x0000000080000F5E (0x00210113) addi x2, x2, 0x2                         inst_43+22
x2 <- 0x01FDDB7D5BFDDBD7

clint mtime 0x00000000000000C9 (mip.MTI <- 0b1, mip.STI <- 0b0)
mem[X,0x0000000080000F62] -> 0x006F
mem[X,0x0000000080000F64] -> 0x0060
[402] [M]: 0x0000000080000F62 (0x0060006F) jal x0, 0x6                              inst_43+26

mem[X,0x0000000080000F68] -> 0xBC23
mem[X,0x0000000080000F6A] -> 0x1420
[403] [M]: 0x0000000080000F68 (0x1420BC23) sd x2, 0x158(x1)                         inst_43+32
mem[W,0x0000000080005270] <- 0x01FDDB7D5BFDDBD7

clint mtime 0x00000000000000CA (mip.MTI <- 0b1, mip.STI <- 0b0)
mem[X,0x0000000080000F6C] -> 0x0513
mem[X,0x0000000080000F6E] -> 0x0010
[404] [M]: 0x0000000080000F6C (0x00100513) addi x10, x0, 0x1                        inst_44+0
x10 <- 0x0000000000000001

mem[X,0x0000000080000F70] -> 0x1513
mem[X,0x0000000080000F72] -> 0x0275
[405] [M]: 0x0000000080000F70 (0x02751513) slli x10, x10, 0x27                      inst_44+4
x10 <- 0x0000008000000000

clint mtime 0x00000000000000CB (mip.MTI <- 0b1, mip.STI <- 0b0)
mem[X,0x0000000080000F74] -> 0xA031
[406] [M]: 0x0000000080000F74 (0xA031) c.j 0xc                                      inst_44+8

mem[X,0x0000000080000F80] -> 0xDD65
[407] [M]: 0x0000000080000F80 (0xDD65) c.beqz x10, -0x8                             inst_44+20

clint mtime 0x00000000000000CC (mip.MTI <- 0b1, mip.STI <- 0b0)
mem[X,0x0000000080000F82] -> 0x0113
mem[X,0x0000000080000F84] -> 0x0021
[408] [M]: 0x0000000080000F82 (0x00210113) addi x2, x2, 0x2                         inst_44+22
x2 <- 0x01FDDB7D5BFDDBD9

mem[X,0x0000000080000F86] -> 0x006F
mem[X,0x0000000080000F88] -> 0x0060
[409] [M]: 0x0000000080000F86 (0x0060006F) jal x0, 0x6                              inst_44+26

clint mtime 0x00000000000000CD (mip.MTI <- 0b1, mip.STI <- 0b0)
mem[X,0x0000000080000F8C] -> 0xB023
mem[X,0x0000000080000F8E] -> 0x1620
[410] [M]: 0x0000000080000F8C (0x1620B023) sd x2, 0x160(x1)                         inst_44+32
mem[W,0x0000000080005278] <- 0x01FDDB7D5BFDDBD9

mem[X,0x0000000080000F90] -> 0x0513
mem[X,0x0000000080000F92] -> 0x0010
[411] [M]: 0x0000000080000F90 (0x00100513) addi x10, x0, 0x1                        inst_45+0
x10 <- 0x0000000000000001

clint mtime 0x00000000000000CE (mip.MTI <- 0b1, mip.STI <- 0b0)
mem[X,0x0000000080000F94] -> 0x1513
mem[X,0x0000000080000F96] -> 0x0285
[412] [M]: 0x0000000080000F94 (0x02851513) slli x10, x10, 0x28                      inst_45+4
x10 <- 0x0000010000000000

mem[X,0x0000000080000F98] -> 0xA031
[413] [M]: 0x0000000080000F98 (0xA031) c.j 0xc                                      inst_45+8

clint mtime 0x00000000000000CF (mip.MTI <- 0b1, mip.STI <- 0b0)
mem[X,0x0000000080000FA4] -> 0xC519
[414] [M]: 0x0000000080000FA4 (0xC519) c.beqz x10, 0xe                              inst_45+20

mem[X,0x0000000080000FA6] -> 0x0113
mem[X,0x0000000080000FA8] -> 0x0021
[415] [M]: 0x0000000080000FA6 (0x00210113) addi x2, x2, 0x2                         inst_45+22
x2 <- 0x01FDDB7D5BFDDBDB

clint mtime 0x00000000000000D0 (mip.MTI <- 0b1, mip.STI <- 0b0)
mem[X,0x0000000080000FAA] -> 0x006F
mem[X,0x0000000080000FAC] -> 0x00A0
[416] [M]: 0x0000000080000FAA (0x00A0006F) jal x0, 0xa                              inst_45+26

mem[X,0x0000000080000FB4] -> 0xB423
mem[X,0x0000000080000FB6] -> 0x1620
[417] [M]: 0x0000000080000FB4 (0x1620B423) sd x2, 0x168(x1)                         inst_45+36
mem[W,0x0000000080005280] <- 0x01FDDB7D5BFDDBDB

clint mtime 0x00000000000000D1 (mip.MTI <- 0b1, mip.STI <- 0b0)
mem[X,0x0000000080000FB8] -> 0x0513
mem[X,0x0000000080000FBA] -> 0x0010
[418] [M]: 0x0000000080000FB8 (0x00100513) addi x10, x0, 0x1                        inst_46+0
x10 <- 0x0000000000000001

mem[X,0x0000000080000FBC] -> 0x1513
mem[X,0x0000000080000FBE] -> 0x0295
[419] [M]: 0x0000000080000FBC (0x02951513) slli x10, x10, 0x29                      inst_46+4
x10 <- 0x0000020000000000

clint mtime 0x00000000000000D2 (mip.MTI <- 0b1, mip.STI <- 0b0)
mem[X,0x0000000080000FC0] -> 0xA031
[420] [M]: 0x0000000080000FC0 (0xA031) c.j 0xc                                      inst_46+8

mem[X,0x0000000080000FCC] -> 0xC105
[421] [M]: 0x0000000080000FCC (0xC105) c.beqz x10, 0x20                             inst_46+20

clint mtime 0x00000000000000D3 (mip.MTI <- 0b1, mip.STI <- 0b0)
mem[X,0x0000000080000FCE] -> 0x0113
mem[X,0x0000000080000FD0] -> 0x0021
[422] [M]: 0x0000000080000FCE (0x00210113) addi x2, x2, 0x2                         inst_46+22
x2 <- 0x01FDDB7D5BFDDBDD

mem[X,0x0000000080000FD2] -> 0x006F
mem[X,0x0000000080000FD4] -> 0x01C0
[423] [M]: 0x0000000080000FD2 (0x01C0006F) jal x0, 0x1c                             inst_46+26

clint mtime 0x00000000000000D4 (mip.MTI <- 0b1, mip.STI <- 0b0)
mem[X,0x0000000080000FEE] -> 0xB823
mem[X,0x0000000080000FF0] -> 0x1620
[424] [M]: 0x0000000080000FEE (0x1620B823) sd x2, 0x170(x1)                         inst_46+54
mem[W,0x0000000080005288] <- 0x01FDDB7D5BFDDBDD

mem[X,0x0000000080000FF2] -> 0x0513
mem[X,0x0000000080000FF4] -> 0x0010
[425] [M]: 0x0000000080000FF2 (0x00100513) addi x10, x0, 0x1                        inst_47+0
x10 <- 0x0000000000000001

clint mtime 0x00000000000000D5 (mip.MTI <- 0b1, mip.STI <- 0b0)
mem[X,0x0000000080000FF6] -> 0x1513
mem[X,0x0000000080000FF8] -> 0x02A5
[426] [M]: 0x0000000080000FF6 (0x02A51513) slli x10, x10, 0x2a                      inst_47+4
x10 <- 0x0000040000000000

mem[X,0x0000000080000FFA] -> 0xA031
[427] [M]: 0x0000000080000FFA (0xA031) c.j 0xc                                      inst_47+8

clint mtime 0x00000000000000D6 (mip.MTI <- 0b1, mip.STI <- 0b0)
mem[X,0x0000000080001006] -> 0xDD65
[428] [M]: 0x0000000080001006 (0xDD65) c.beqz x10, -0x8                             inst_47+20

mem[X,0x0000000080001008] -> 0x0113
mem[X,0x000000008000100A] -> 0x0021
[429] [M]: 0x0000000080001008 (0x00210113) addi x2, x2, 0x2                         inst_47+22
x2 <- 0x01FDDB7D5BFDDBDF

clint mtime 0x00000000000000D7 (mip.MTI <- 0b1, mip.STI <- 0b0)
mem[X,0x000000008000100C] -> 0x006F
mem[X,0x000000008000100E] -> 0x0060
[430] [M]: 0x000000008000100C (0x0060006F) jal x0, 0x6                              inst_47+26

mem[X,0x0000000080001012] -> 0xBC23
mem[X,0x0000000080001014] -> 0x1620
[431] [M]: 0x0000000080001012 (0x1620BC23) sd x2, 0x178(x1)                         inst_47+32
mem[W,0x0000000080005290] <- 0x01FDDB7D5BFDDBDF

clint mtime 0x00000000000000D8 (mip.MTI <- 0b1, mip.STI <- 0b0)
mem[X,0x0000000080001016] -> 0x0513
mem[X,0x0000000080001018] -> 0x0010
[432] [M]: 0x0000000080001016 (0x00100513) addi x10, x0, 0x1                        inst_48+0
x10 <- 0x0000000000000001

mem[X,0x000000008000101A] -> 0x1513
mem[X,0x000000008000101C] -> 0x02B5
[433] [M]: 0x000000008000101A (0x02B51513) slli x10, x10, 0x2b                      inst_48+4
x10 <- 0x0000080000000000

clint mtime 0x00000000000000D9 (mip.MTI <- 0b1, mip.STI <- 0b0)
mem[X,0x000000008000101E] -> 0xA01D
[434] [M]: 0x000000008000101E (0xA01D) c.j 0x26                                     inst_48+8

mem[X,0x0000000080001044] -> 0xDD79
[435] [M]: 0x0000000080001044 (0xDD79) c.beqz x10, -0x22                            inst_48+46

clint mtime 0x00000000000000DA (mip.MTI <- 0b1, mip.STI <- 0b0)
mem[X,0x0000000080001046] -> 0x0113
mem[X,0x0000000080001048] -> 0x0021
[436] [M]: 0x0000000080001046 (0x00210113) addi x2, x2, 0x2                         inst_48+48
x2 <- 0x01FDDB7D5BFDDBE1

mem[X,0x000000008000104A] -> 0x006F
mem[X,0x000000008000104C] -> 0x0060
[437] [M]: 0x000000008000104A (0x0060006F) jal x0, 0x6                              inst_48+52

clint mtime 0x00000000000000DB (mip.MTI <- 0b1, mip.STI <- 0b0)
mem[X,0x0000000080001050] -> 0xB023
mem[X,0x0000000080001052] -> 0x1820
[438] [M]: 0x0000000080001050 (0x1820B023) sd x2, 0x180(x1)                         inst_48+58
mem[W,0x0000000080005298] <- 0x01FDDB7D5BFDDBE1

mem[X,0x0000000080001054] -> 0x0513
mem[X,0x0000000080001056] -> 0x0010
[439] [M]: 0x0000000080001054 (0x00100513) addi x10, x0, 0x1                        inst_49+0
x10 <- 0x0000000000000001

clint mtime 0x00000000000000DC (mip.MTI <- 0b1, mip.STI <- 0b0)
mem[X,0x0000000080001058] -> 0x1513
mem[X,0x000000008000105A] -> 0x02C5
[440] [M]: 0x0000000080001058 (0x02C51513) slli x10, x10, 0x2c                      inst_49+4
x10 <- 0x0000100000000000

mem[X,0x000000008000105C] -> 0xA031
[441] [M]: 0x000000008000105C (0xA031) c.j 0xc                                      inst_49+8

clint mtime 0x00000000000000DD (mip.MTI <- 0b1, mip.STI <- 0b0)
mem[X,0x0000000080001068] -> 0xC509
[442] [M]: 0x0000000080001068 (0xC509) c.beqz x10, 0xa                              inst_49+20

mem[X,0x000000008000106A] -> 0x0113
mem[X,0x000000008000106C] -> 0x0021
[443] [M]: 0x000000008000106A (0x00210113) addi x2, x2, 0x2                         inst_49+22
x2 <- 0x01FDDB7D5BFDDBE3

clint mtime 0x00000000000000DE (mip.MTI <- 0b1, mip.STI <- 0b0)
mem[X,0x000000008000106E] -> 0x006F
mem[X,0x0000000080001070] -> 0x0060
[444] [M]: 0x000000008000106E (0x0060006F) jal x0, 0x6                              inst_49+26

mem[X,0x0000000080001074] -> 0xB423
mem[X,0x0000000080001076] -> 0x1820
[445] [M]: 0x0000000080001074 (0x1820B423) sd x2, 0x188(x1)                         inst_49+32
mem[W,0x00000000800052A0] <- 0x01FDDB7D5BFDDBE3

clint mtime 0x00000000000000DF (mip.MTI <- 0b1, mip.STI <- 0b0)
mem[X,0x0000000080001078] -> 0x0513
mem[X,0x000000008000107A] -> 0x0010
[446] [M]: 0x0000000080001078 (0x00100513) addi x10, x0, 0x1                        inst_50+0
x10 <- 0x0000000000000001

mem[X,0x000000008000107C] -> 0x1513
mem[X,0x000000008000107E] -> 0x02D5
[447] [M]: 0x000000008000107C (0x02D51513) slli x10, x10, 0x2d                      inst_50+4
x10 <- 0x0000200000000000

clint mtime 0x00000000000000E0 (mip.MTI <- 0b1, mip.STI <- 0b0)
mem[X,0x0000000080001080] -> 0xA821
[448] [M]: 0x0000000080001080 (0xA821) c.j 0x18                                     inst_50+8

mem[X,0x0000000080001098] -> 0xD575
[449] [M]: 0x0000000080001098 (0xD575) c.beqz x10, -0x14                            inst_50+32

clint mtime 0x00000000000000E1 (mip.MTI <- 0b1, mip.STI <- 0b0)
mem[X,0x000000008000109A] -> 0x0113
mem[X,0x000000008000109C] -> 0x0021
[450] [M]: 0x000000008000109A (0x00210113) addi x2, x2, 0x2                         inst_50+34
x2 <- 0x01FDDB7D5BFDDBE5

mem[X,0x000000008000109E] -> 0x006F
mem[X,0x00000000800010A0] -> 0x0060
[451] [M]: 0x000000008000109E (0x0060006F) jal x0, 0x6                              inst_50+38

clint mtime 0x00000000000000E2 (mip.MTI <- 0b1, mip.STI <- 0b0)
mem[X,0x00000000800010A4] -> 0xB823
mem[X,0x00000000800010A6] -> 0x1820
[452] [M]: 0x00000000800010A4 (0x1820B823) sd x2, 0x190(x1)                         inst_50+44
mem[W,0x00000000800052A8] <- 0x01FDDB7D5BFDDBE5

mem[X,0x00000000800010A8] -> 0x0513
mem[X,0x00000000800010AA] -> 0x0010
[453] [M]: 0x00000000800010A8 (0x00100513) addi x10, x0, 0x1                        inst_51+0
x10 <- 0x0000000000000001

clint mtime 0x00000000000000E3 (mip.MTI <- 0b1, mip.STI <- 0b0)
mem[X,0x00000000800010AC] -> 0x1513
mem[X,0x00000000800010AE] -> 0x02E5
[454] [M]: 0x00000000800010AC (0x02E51513) slli x10, x10, 0x2e                      inst_51+4
x10 <- 0x0000400000000000

mem[X,0x00000000800010B0] -> 0xA821
[455] [M]: 0x00000000800010B0 (0xA821) c.j 0x18                                     inst_51+8

clint mtime 0x00000000000000E4 (mip.MTI <- 0b1, mip.STI <- 0b0)
mem[X,0x00000000800010C8] -> 0xD575
[456] [M]: 0x00000000800010C8 (0xD575) c.beqz x10, -0x14                            inst_51+32

mem[X,0x00000000800010CA] -> 0x0113
mem[X,0x00000000800010CC] -> 0x0021
[457] [M]: 0x00000000800010CA (0x00210113) addi x2, x2, 0x2                         inst_51+34
x2 <- 0x01FDDB7D5BFDDBE7

clint mtime 0x00000000000000E5 (mip.MTI <- 0b1, mip.STI <- 0b0)
mem[X,0x00000000800010CE] -> 0x006F
mem[X,0x00000000800010D0] -> 0x0060
[458] [M]: 0x00000000800010CE (0x0060006F) jal x0, 0x6                              inst_51+38

mem[X,0x00000000800010D4] -> 0xBC23
mem[X,0x00000000800010D6] -> 0x1820
[459] [M]: 0x00000000800010D4 (0x1820BC23) sd x2, 0x198(x1)                         inst_51+44
mem[W,0x00000000800052B0] <- 0x01FDDB7D5BFDDBE7

clint mtime 0x00000000000000E6 (mip.MTI <- 0b1, mip.STI <- 0b0)
mem[X,0x00000000800010D8] -> 0x0513
mem[X,0x00000000800010DA] -> 0x0010
[460] [M]: 0x00000000800010D8 (0x00100513) addi x10, x0, 0x1                        inst_52+0
x10 <- 0x0000000000000001

mem[X,0x00000000800010DC] -> 0x1513
mem[X,0x00000000800010DE] -> 0x02F5
[461] [M]: 0x00000000800010DC (0x02F51513) slli x10, x10, 0x2f                      inst_52+4
x10 <- 0x0000800000000000

clint mtime 0x00000000000000E7 (mip.MTI <- 0b1, mip.STI <- 0b0)
mem[X,0x00000000800010E0] -> 0xA031
[462] [M]: 0x00000000800010E0 (0xA031) c.j 0xc                                      inst_52+8

mem[X,0x00000000800010EC] -> 0xC901
[463] [M]: 0x00000000800010EC (0xC901) c.beqz x10, 0x10                             inst_52+20

clint mtime 0x00000000000000E8 (mip.MTI <- 0b1, mip.STI <- 0b0)
mem[X,0x00000000800010EE] -> 0x0113
mem[X,0x00000000800010F0] -> 0x0021
[464] [M]: 0x00000000800010EE (0x00210113) addi x2, x2, 0x2                         inst_52+22
x2 <- 0x01FDDB7D5BFDDBE9

mem[X,0x00000000800010F2] -> 0x006F
mem[X,0x00000000800010F4] -> 0x00C0
[465] [M]: 0x00000000800010F2 (0x00C0006F) jal x0, 0xc                              inst_52+26

clint mtime 0x00000000000000E9 (mip.MTI <- 0b1, mip.STI <- 0b0)
mem[X,0x00000000800010FE] -> 0xB023
mem[X,0x0000000080001100] -> 0x1A20
[466] [M]: 0x00000000800010FE (0x1A20B023) sd x2, 0x1a0(x1)                         inst_52+38
mem[W,0x00000000800052B8] <- 0x01FDDB7D5BFDDBE9

mem[X,0x0000000080001102] -> 0x0513
mem[X,0x0000000080001104] -> 0x0010
[467] [M]: 0x0000000080001102 (0x00100513) addi x10, x0, 0x1                        inst_53+0
x10 <- 0x0000000000000001

clint mtime 0x00000000000000EA (mip.MTI <- 0b1, mip.STI <- 0b0)
mem[X,0x0000000080001106] -> 0x1513
mem[X,0x0000000080001108] -> 0x0305
[468] [M]: 0x0000000080001106 (0x03051513) slli x10, x10, 0x30                      inst_53+4
x10 <- 0x0001000000000000

mem[X,0x000000008000110A] -> 0xA811
[469] [M]: 0x000000008000110A (0xA811) c.j 0x14                                     inst_53+8

clint mtime 0x00000000000000EB (mip.MTI <- 0b1, mip.STI <- 0b0)
mem[X,0x000000008000111E] -> 0xD965
[470] [M]: 0x000000008000111E (0xD965) c.beqz x10, -0x10                            inst_53+28

mem[X,0x0000000080001120] -> 0x0113
mem[X,0x0000000080001122] -> 0x0021
[471] [M]: 0x0000000080001120 (0x00210113) addi x2, x2, 0x2                         inst_53+30
x2 <- 0x01FDDB7D5BFDDBEB

clint mtime 0x00000000000000EC (mip.MTI <- 0b1, mip.STI <- 0b0)
mem[X,0x0000000080001124] -> 0x006F
mem[X,0x0000000080001126] -> 0x0060
[472] [M]: 0x0000000080001124 (0x0060006F) jal x0, 0x6                              inst_53+34

mem[X,0x000000008000112A] -> 0xB423
mem[X,0x000000008000112C] -> 0x1A20
[473] [M]: 0x000000008000112A (0x1A20B423) sd x2, 0x1a8(x1)                         inst_53+40
mem[W,0x00000000800052C0] <- 0x01FDDB7D5BFDDBEB

clint mtime 0x00000000000000ED (mip.MTI <- 0b1, mip.STI <- 0b0)
mem[X,0x000000008000112E] -> 0x0513
mem[X,0x0000000080001130] -> 0x0010
[474] [M]: 0x000000008000112E (0x00100513) addi x10, x0, 0x1                        inst_54+0
x10 <- 0x0000000000000001

mem[X,0x0000000080001132] -> 0x1513
mem[X,0x0000000080001134] -> 0x0315
[475] [M]: 0x0000000080001132 (0x03151513) slli x10, x10, 0x31                      inst_54+4
x10 <- 0x0002000000000000

clint mtime 0x00000000000000EE (mip.MTI <- 0b1, mip.STI <- 0b0)
mem[X,0x0000000080001136] -> 0xA821
[476] [M]: 0x0000000080001136 (0xA821) c.j 0x18                                     inst_54+8

mem[X,0x000000008000114E] -> 0xD575
[477] [M]: 0x000000008000114E (0xD575) c.beqz x10, -0x14                            inst_54+32

clint mtime 0x00000000000000EF (mip.MTI <- 0b1, mip.STI <- 0b0)
mem[X,0x0000000080001150] -> 0x0113
mem[X,0x0000000080001152] -> 0x0021
[478] [M]: 0x0000000080001150 (0x00210113) addi x2, x2, 0x2                         inst_54+34
x2 <- 0x01FDDB7D5BFDDBED

mem[X,0x0000000080001154] -> 0x006F
mem[X,0x0000000080001156] -> 0x0060
[479] [M]: 0x0000000080001154 (0x0060006F) jal x0, 0x6                              inst_54+38

clint mtime 0x00000000000000F0 (mip.MTI <- 0b1, mip.STI <- 0b0)
mem[X,0x000000008000115A] -> 0xB823
mem[X,0x000000008000115C] -> 0x1A20
[480] [M]: 0x000000008000115A (0x1A20B823) sd x2, 0x1b0(x1)                         inst_54+44
mem[W,0x00000000800052C8] <- 0x01FDDB7D5BFDDBED

mem[X,0x000000008000115E] -> 0x0513
mem[X,0x0000000080001160] -> 0x0010
[481] [M]: 0x000000008000115E (0x00100513) addi x10, x0, 0x1                        inst_55+0
x10 <- 0x0000000000000001

clint mtime 0x00000000000000F1 (mip.MTI <- 0b1, mip.STI <- 0b0)
mem[X,0x0000000080001162] -> 0x1513
mem[X,0x0000000080001164] -> 0x0325
[482] [M]: 0x0000000080001162 (0x03251513) slli x10, x10, 0x32                      inst_55+4
x10 <- 0x0004000000000000

mem[X,0x0000000080001166] -> 0xA059
[483] [M]: 0x0000000080001166 (0xA059) c.j 0x86                                     inst_55+8

clint mtime 0x00000000000000F2 (mip.MTI <- 0b1, mip.STI <- 0b0)
mem[X,0x00000000800011EC] -> 0xDD3D
[484] [M]: 0x00000000800011EC (0xDD3D) c.beqz x10, -0x82                            inst_55+142

mem[X,0x00000000800011EE] -> 0x0113
mem[X,0x00000000800011F0] -> 0x0021
[485] [M]: 0x00000000800011EE (0x00210113) addi x2, x2, 0x2                         inst_55+144
x2 <- 0x01FDDB7D5BFDDBEF

clint mtime 0x00000000000000F3 (mip.MTI <- 0b1, mip.STI <- 0b0)
mem[X,0x00000000800011F2] -> 0x006F
mem[X,0x00000000800011F4] -> 0x0060
[486] [M]: 0x00000000800011F2 (0x0060006F) jal x0, 0x6                              inst_55+148

mem[X,0x00000000800011F8] -> 0xBC23
mem[X,0x00000000800011FA] -> 0x1A20
[487] [M]: 0x00000000800011F8 (0x1A20BC23) sd x2, 0x1b8(x1)                         inst_55+154
mem[W,0x00000000800052D0] <- 0x01FDDB7D5BFDDBEF

clint mtime 0x00000000000000F4 (mip.MTI <- 0b1, mip.STI <- 0b0)
mem[X,0x00000000800011FC] -> 0x0513
mem[X,0x00000000800011FE] -> 0x0010
[488] [M]: 0x00000000800011FC (0x00100513) addi x10, x0, 0x1                        inst_56+0
x10 <- 0x0000000000000001

mem[X,0x0000000080001200] -> 0x1513
mem[X,0x0000000080001202] -> 0x0335
[489] [M]: 0x0000000080001200 (0x03351513) slli x10, x10, 0x33                      inst_56+4
x10 <- 0x0008000000000000

clint mtime 0x00000000000000F5 (mip.MTI <- 0b1, mip.STI <- 0b0)
mem[X,0x0000000080001204] -> 0xA819
[490] [M]: 0x0000000080001204 (0xA819) c.j 0x16                                     inst_56+8

mem[X,0x000000008000121A] -> 0xD57D
[491] [M]: 0x000000008000121A (0xD57D) c.beqz x10, -0x12                            inst_56+30

clint mtime 0x00000000000000F6 (mip.MTI <- 0b1, mip.STI <- 0b0)
mem[X,0x000000008000121C] -> 0x0113
mem[X,0x000000008000121E] -> 0x0021
[492] [M]: 0x000000008000121C (0x00210113) addi x2, x2, 0x2                         inst_56+32
x2 <- 0x01FDDB7D5BFDDBF1

mem[X,0x0000000080001220] -> 0x006F
mem[X,0x0000000080001222] -> 0x0060
[493] [M]: 0x0000000080001220 (0x0060006F) jal x0, 0x6                              inst_56+36

clint mtime 0x00000000000000F7 (mip.MTI <- 0b1, mip.STI <- 0b0)
mem[X,0x0000000080001226] -> 0xB023
mem[X,0x0000000080001228] -> 0x1C20
[494] [M]: 0x0000000080001226 (0x1C20B023) sd x2, 0x1c0(x1)                         inst_56+42
mem[W,0x00000000800052D8] <- 0x01FDDB7D5BFDDBF1

mem[X,0x000000008000122A] -> 0x0513
mem[X,0x000000008000122C] -> 0x0010
[495] [M]: 0x000000008000122A (0x00100513) addi x10, x0, 0x1                        inst_57+0
x10 <- 0x0000000000000001

clint mtime 0x00000000000000F8 (mip.MTI <- 0b1, mip.STI <- 0b0)
mem[X,0x000000008000122E] -> 0x1513
mem[X,0x0000000080001230] -> 0x0345
[496] [M]: 0x000000008000122E (0x03451513) slli x10, x10, 0x34                      inst_57+4
x10 <- 0x0010000000000000

mem[X,0x0000000080001232] -> 0xA031
[497] [M]: 0x0000000080001232 (0xA031) c.j 0xc                                      inst_57+8

clint mtime 0x00000000000000F9 (mip.MTI <- 0b1, mip.STI <- 0b0)
mem[X,0x000000008000123E] -> 0xC509
[498] [M]: 0x000000008000123E (0xC509) c.beqz x10, 0xa                              inst_57+20

mem[X,0x0000000080001240] -> 0x0113
mem[X,0x0000000080001242] -> 0x0021
[499] [M]: 0x0000000080001240 (0x00210113) addi x2, x2, 0x2                         inst_57+22
x2 <- 0x01FDDB7D5BFDDBF3

clint mtime 0x00000000000000FA (mip.MTI <- 0b1, mip.STI <- 0b0)
mem[X,0x0000000080001244] -> 0x006F
mem[X,0x0000000080001246] -> 0x0060
[500] [M]: 0x0000000080001244 (0x0060006F) jal x0, 0x6                              inst_57+26

mem[X,0x000000008000124A] -> 0xB423
mem[X,0x000000008000124C] -> 0x1C20
[501] [M]: 0x000000008000124A (0x1C20B423) sd x2, 0x1c8(x1)                         inst_57+32
mem[W,0x00000000800052E0] <- 0x01FDDB7D5BFDDBF3

clint mtime 0x00000000000000FB (mip.MTI <- 0b1, mip.STI <- 0b0)
mem[X,0x000000008000124E] -> 0x0513
mem[X,0x0000000080001250] -> 0x0010
[502] [M]: 0x000000008000124E (0x00100513) addi x10, x0, 0x1                        inst_58+0
x10 <- 0x0000000000000001

mem[X,0x0000000080001252] -> 0x1513
mem[X,0x0000000080001254] -> 0x0355
[503] [M]: 0x0000000080001252 (0x03551513) slli x10, x10, 0x35                      inst_58+4
x10 <- 0x0020000000000000

clint mtime 0x00000000000000FC (mip.MTI <- 0b1, mip.STI <- 0b0)
mem[X,0x0000000080001256] -> 0xA031
[504] [M]: 0x0000000080001256 (0xA031) c.j 0xc                                      inst_58+8

mem[X,0x0000000080001262] -> 0xC54D
[505] [M]: 0x0000000080001262 (0xC54D) c.beqz x10, 0xaa                             inst_58+20

clint mtime 0x00000000000000FD (mip.MTI <- 0b1, mip.STI <- 0b0)
mem[X,0x0000000080001264] -> 0x0113
mem[X,0x0000000080001266] -> 0x0021
[506] [M]: 0x0000000080001264 (0x00210113) addi x2, x2, 0x2                         inst_58+22
x2 <- 0x01FDDB7D5BFDDBF5

mem[X,0x0000000080001268] -> 0x006F
mem[X,0x000000008000126A] -> 0x0A60
[507] [M]: 0x0000000080001268 (0x0A60006F) jal x0, 0xa6                             inst_58+26

clint mtime 0x00000000000000FE (mip.MTI <- 0b1, mip.STI <- 0b0)
mem[X,0x000000008000130E] -> 0xB823
mem[X,0x0000000080001310] -> 0x1C20
[508] [M]: 0x000000008000130E (0x1C20B823) sd x2, 0x1d0(x1)                         inst_58+192
mem[W,0x00000000800052E8] <- 0x01FDDB7D5BFDDBF5

mem[X,0x0000000080001312] -> 0x0513
mem[X,0x0000000080001314] -> 0x0010
[509] [M]: 0x0000000080001312 (0x00100513) addi x10, x0, 0x1                        inst_59+0
x10 <- 0x0000000000000001

clint mtime 0x00000000000000FF (mip.MTI <- 0b1, mip.STI <- 0b0)
mem[X,0x0000000080001316] -> 0x1513
mem[X,0x0000000080001318] -> 0x0365
[510] [M]: 0x0000000080001316 (0x03651513) slli x10, x10, 0x36                      inst_59+4
x10 <- 0x0040000000000000

mem[X,0x000000008000131A] -> 0xA031
[511] [M]: 0x000000008000131A (0xA031) c.j 0xc                                      inst_59+8

clint mtime 0x0000000000000100 (mip.MTI <- 0b1, mip.STI <- 0b0)
mem[X,0x0000000080001326] -> 0xCD3D
[512] [M]: 0x0000000080001326 (0xCD3D) c.beqz x10, 0x7e                             inst_59+20

mem[X,0x0000000080001328] -> 0x0113
mem[X,0x000000008000132A] -> 0x0021
[513] [M]: 0x0000000080001328 (0x00210113) addi x2, x2, 0x2                         inst_59+22
x2 <- 0x01FDDB7D5BFDDBF7

clint mtime 0x0000000000000101 (mip.MTI <- 0b1, mip.STI <- 0b0)
mem[X,0x000000008000132C] -> 0x006F
mem[X,0x000000008000132E] -> 0x07A0
[514] [M]: 0x000000008000132C (0x07A0006F) jal x0, 0x7a                             inst_59+26

mem[X,0x00000000800013A6] -> 0xBC23
mem[X,0x00000000800013A8] -> 0x1C20
[515] [M]: 0x00000000800013A6 (0x1C20BC23) sd x2, 0x1d8(x1)                         inst_59+148
mem[W,0x00000000800052F0] <- 0x01FDDB7D5BFDDBF7

clint mtime 0x0000000000000102 (mip.MTI <- 0b1, mip.STI <- 0b0)
mem[X,0x00000000800013AA] -> 0x0513
mem[X,0x00000000800013AC] -> 0x0010
[516] [M]: 0x00000000800013AA (0x00100513) addi x10, x0, 0x1                        inst_60+0
x10 <- 0x0000000000000001

mem[X,0x00000000800013AE] -> 0x1513
mem[X,0x00000000800013B0] -> 0x0375
[517] [M]: 0x00000000800013AE (0x03751513) slli x10, x10, 0x37                      inst_60+4
x10 <- 0x0080000000000000

clint mtime 0x0000000000000103 (mip.MTI <- 0b1, mip.STI <- 0b0)
mem[X,0x00000000800013B2] -> 0xA031
[518] [M]: 0x00000000800013B2 (0xA031) c.j 0xc                                      inst_60+8

mem[X,0x00000000800013BE] -> 0xC121
[519] [M]: 0x00000000800013BE (0xC121) c.beqz x10, 0x40                             inst_60+20

clint mtime 0x0000000000000104 (mip.MTI <- 0b1, mip.STI <- 0b0)
mem[X,0x00000000800013C0] -> 0x0113
mem[X,0x00000000800013C2] -> 0x0021
[520] [M]: 0x00000000800013C0 (0x00210113) addi x2, x2, 0x2                         inst_60+22
x2 <- 0x01FDDB7D5BFDDBF9

mem[X,0x00000000800013C4] -> 0x006F
mem[X,0x00000000800013C6] -> 0x03C0
[521] [M]: 0x00000000800013C4 (0x03C0006F) jal x0, 0x3c                             inst_60+26

clint mtime 0x0000000000000105 (mip.MTI <- 0b1, mip.STI <- 0b0)
mem[X,0x0000000080001400] -> 0xB023
mem[X,0x0000000080001402] -> 0x1E20
[522] [M]: 0x0000000080001400 (0x1E20B023) sd x2, 0x1e0(x1)                         inst_60+86
mem[W,0x00000000800052F8] <- 0x01FDDB7D5BFDDBF9

mem[X,0x0000000080001404] -> 0x0513
mem[X,0x0000000080001406] -> 0x0010
[523] [M]: 0x0000000080001404 (0x00100513) addi x10, x0, 0x1                        inst_61+0
x10 <- 0x0000000000000001

clint mtime 0x0000000000000106 (mip.MTI <- 0b1, mip.STI <- 0b0)
mem[X,0x0000000080001408] -> 0x1513
mem[X,0x000000008000140A] -> 0x0385
[524] [M]: 0x0000000080001408 (0x03851513) slli x10, x10, 0x38                      inst_61+4
x10 <- 0x0100000000000000

mem[X,0x000000008000140C] -> 0xA031
[525] [M]: 0x000000008000140C (0xA031) c.j 0xc                                      inst_61+8

clint mtime 0x0000000000000107 (mip.MTI <- 0b1, mip.STI <- 0b0)
mem[X,0x0000000080001418] -> 0xC509
[526] [M]: 0x0000000080001418 (0xC509) c.beqz x10, 0xa                              inst_61+20

mem[X,0x000000008000141A] -> 0x0113
mem[X,0x000000008000141C] -> 0x0021
[527] [M]: 0x000000008000141A (0x00210113) addi x2, x2, 0x2                         inst_61+22
x2 <- 0x01FDDB7D5BFDDBFB

clint mtime 0x0000000000000108 (mip.MTI <- 0b1, mip.STI <- 0b0)
mem[X,0x000000008000141E] -> 0x006F
mem[X,0x0000000080001420] -> 0x0060
[528] [M]: 0x000000008000141E (0x0060006F) jal x0, 0x6                              inst_61+26

mem[X,0x0000000080001424] -> 0xB423
mem[X,0x0000000080001426] -> 0x1E20
[529] [M]: 0x0000000080001424 (0x1E20B423) sd x2, 0x1e8(x1)                         inst_61+32
mem[W,0x0000000080005300] <- 0x01FDDB7D5BFDDBFB

clint mtime 0x0000000000000109 (mip.MTI <- 0b1, mip.STI <- 0b0)
mem[X,0x0000000080001428] -> 0x0513
mem[X,0x000000008000142A] -> 0x0010
[530] [M]: 0x0000000080001428 (0x00100513) addi x10, x0, 0x1                        inst_62+0
x10 <- 0x0000000000000001

mem[X,0x000000008000142C] -> 0x1513
mem[X,0x000000008000142E] -> 0x0395
[531] [M]: 0x000000008000142C (0x03951513) slli x10, x10, 0x39                      inst_62+4
x10 <- 0x0200000000000000

clint mtime 0x000000000000010A (mip.MTI <- 0b1, mip.STI <- 0b0)
mem[X,0x0000000080001430] -> 0xA031
[532] [M]: 0x0000000080001430 (0xA031) c.j 0xc                                      inst_62+8

mem[X,0x000000008000143C] -> 0xC509
[533] [M]: 0x000000008000143C (0xC509) c.beqz x10, 0xa                              inst_62+20

clint mtime 0x000000000000010B (mip.MTI <- 0b1, mip.STI <- 0b0)
mem[X,0x000000008000143E] -> 0x0113
mem[X,0x0000000080001440] -> 0x0021
[534] [M]: 0x000000008000143E (0x00210113) addi x2, x2, 0x2                         inst_62+22
x2 <- 0x01FDDB7D5BFDDBFD

mem[X,0x0000000080001442] -> 0x006F
mem[X,0x0000000080001444] -> 0x0060
[535] [M]: 0x0000000080001442 (0x0060006F) jal x0, 0x6                              inst_62+26

clint mtime 0x000000000000010C (mip.MTI <- 0b1, mip.STI <- 0b0)
mem[X,0x0000000080001448] -> 0xB823
mem[X,0x000000008000144A] -> 0x1E20
[536] [M]: 0x0000000080001448 (0x1E20B823) sd x2, 0x1f0(x1)                         inst_62+32
mem[W,0x0000000080005308] <- 0x01FDDB7D5BFDDBFD

mem[X,0x000000008000144C] -> 0x0513
mem[X,0x000000008000144E] -> 0x0010
[537] [M]: 0x000000008000144C (0x00100513) addi x10, x0, 0x1                        inst_63+0
x10 <- 0x0000000000000001

clint mtime 0x000000000000010D (mip.MTI <- 0b1, mip.STI <- 0b0)
mem[X,0x0000000080001450] -> 0x1513
mem[X,0x0000000080001452] -> 0x03A5
[538] [M]: 0x0000000080001450 (0x03A51513) slli x10, x10, 0x3a                      inst_63+4
x10 <- 0x0400000000000000

mem[X,0x0000000080001454] -> 0xA031
[539] [M]: 0x0000000080001454 (0xA031) c.j 0xc                                      inst_63+8

clint mtime 0x000000000000010E (mip.MTI <- 0b1, mip.STI <- 0b0)
mem[X,0x0000000080001460] -> 0xDD65
[540] [M]: 0x0000000080001460 (0xDD65) c.beqz x10, -0x8                             inst_63+20

mem[X,0x0000000080001462] -> 0x0113
mem[X,0x0000000080001464] -> 0x0021
[541] [M]: 0x0000000080001462 (0x00210113) addi x2, x2, 0x2                         inst_63+22
x2 <- 0x01FDDB7D5BFDDBFF

clint mtime 0x000000000000010F (mip.MTI <- 0b1, mip.STI <- 0b0)
mem[X,0x0000000080001466] -> 0x006F
mem[X,0x0000000080001468] -> 0x0060
[542] [M]: 0x0000000080001466 (0x0060006F) jal x0, 0x6                              inst_63+26

mem[X,0x000000008000146C] -> 0xBC23
mem[X,0x000000008000146E] -> 0x1E20
[543] [M]: 0x000000008000146C (0x1E20BC23) sd x2, 0x1f8(x1)                         inst_63+32
mem[W,0x0000000080005310] <- 0x01FDDB7D5BFDDBFF

clint mtime 0x0000000000000110 (mip.MTI <- 0b1, mip.STI <- 0b0)
mem[X,0x0000000080001470] -> 0x0513
mem[X,0x0000000080001472] -> 0x0010
[544] [M]: 0x0000000080001470 (0x00100513) addi x10, x0, 0x1                        inst_64+0
x10 <- 0x0000000000000001

mem[X,0x0000000080001474] -> 0x1513
mem[X,0x0000000080001476] -> 0x03B5
[545] [M]: 0x0000000080001474 (0x03B51513) slli x10, x10, 0x3b                      inst_64+4
x10 <- 0x0800000000000000

clint mtime 0x0000000000000111 (mip.MTI <- 0b1, mip.STI <- 0b0)
mem[X,0x0000000080001478] -> 0xA801
[546] [M]: 0x0000000080001478 (0xA801) c.j 0x10                                     inst_64+8

mem[X,0x0000000080001488] -> 0xD975
[547] [M]: 0x0000000080001488 (0xD975) c.beqz x10, -0xc                             inst_64+24

clint mtime 0x0000000000000112 (mip.MTI <- 0b1, mip.STI <- 0b0)
mem[X,0x000000008000148A] -> 0x0113
mem[X,0x000000008000148C] -> 0x0021
[548] [M]: 0x000000008000148A (0x00210113) addi x2, x2, 0x2                         inst_64+26
x2 <- 0x01FDDB7D5BFDDC01

mem[X,0x000000008000148E] -> 0x006F
mem[X,0x0000000080001490] -> 0x0060
[549] [M]: 0x000000008000148E (0x0060006F) jal x0, 0x6                              inst_64+30

clint mtime 0x0000000000000113 (mip.MTI <- 0b1, mip.STI <- 0b0)
mem[X,0x0000000080001494] -> 0xB023
mem[X,0x0000000080001496] -> 0x2020
[550] [M]: 0x0000000080001494 (0x2020B023) sd x2, 0x200(x1)                         inst_64+36
mem[W,0x0000000080005318] <- 0x01FDDB7D5BFDDC01

mem[X,0x0000000080001498] -> 0x0513
mem[X,0x000000008000149A] -> 0x0010
[551] [M]: 0x0000000080001498 (0x00100513) addi x10, x0, 0x1                        inst_65+0
x10 <- 0x0000000000000001

clint mtime 0x0000000000000114 (mip.MTI <- 0b1, mip.STI <- 0b0)
mem[X,0x000000008000149C] -> 0x1513
mem[X,0x000000008000149E] -> 0x03C5
[552] [M]: 0x000000008000149C (0x03C51513) slli x10, x10, 0x3c                      inst_65+4
x10 <- 0x1000000000000000

mem[X,0x00000000800014A0] -> 0xA099
[553] [M]: 0x00000000800014A0 (0xA099) c.j 0x46                                     inst_65+8

clint mtime 0x0000000000000115 (mip.MTI <- 0b1, mip.STI <- 0b0)
mem[X,0x00000000800014E6] -> 0xDD5D
[554] [M]: 0x00000000800014E6 (0xDD5D) c.beqz x10, -0x42                            inst_65+78

mem[X,0x00000000800014E8] -> 0x0113
mem[X,0x00000000800014EA] -> 0x0021
[555] [M]: 0x00000000800014E8 (0x00210113) addi x2, x2, 0x2                         inst_65+80
x2 <- 0x01FDDB7D5BFDDC03

clint mtime 0x0000000000000116 (mip.MTI <- 0b1, mip.STI <- 0b0)
mem[X,0x00000000800014EC] -> 0x006F
mem[X,0x00000000800014EE] -> 0x0060
[556] [M]: 0x00000000800014EC (0x0060006F) jal x0, 0x6                              inst_65+84

mem[X,0x00000000800014F2] -> 0xB423
mem[X,0x00000000800014F4] -> 0x2020
[557] [M]: 0x00000000800014F2 (0x2020B423) sd x2, 0x208(x1)                         inst_65+90
mem[W,0x0000000080005320] <- 0x01FDDB7D5BFDDC03

clint mtime 0x0000000000000117 (mip.MTI <- 0b1, mip.STI <- 0b0)
mem[X,0x00000000800014F6] -> 0x0513
mem[X,0x00000000800014F8] -> 0x0010
[558] [M]: 0x00000000800014F6 (0x00100513) addi x10, x0, 0x1                        inst_66+0
x10 <- 0x0000000000000001

mem[X,0x00000000800014FA] -> 0x1513
mem[X,0x00000000800014FC] -> 0x03D5
[559] [M]: 0x00000000800014FA (0x03D51513) slli x10, x10, 0x3d                      inst_66+4
x10 <- 0x2000000000000000

clint mtime 0x0000000000000118 (mip.MTI <- 0b1, mip.STI <- 0b0)
mem[X,0x00000000800014FE] -> 0xA031
[560] [M]: 0x00000000800014FE (0xA031) c.j 0xc                                      inst_66+8

mem[X,0x000000008000150A] -> 0xC519
[561] [M]: 0x000000008000150A (0xC519) c.beqz x10, 0xe                              inst_66+20

clint mtime 0x0000000000000119 (mip.MTI <- 0b1, mip.STI <- 0b0)
mem[X,0x000000008000150C] -> 0x0113
mem[X,0x000000008000150E] -> 0x0021
[562] [M]: 0x000000008000150C (0x00210113) addi x2, x2, 0x2                         inst_66+22
x2 <- 0x01FDDB7D5BFDDC05

mem[X,0x0000000080001510] -> 0x006F
mem[X,0x0000000080001512] -> 0x00A0
[563] [M]: 0x0000000080001510 (0x00A0006F) jal x0, 0xa                              inst_66+26

clint mtime 0x000000000000011A (mip.MTI <- 0b1, mip.STI <- 0b0)
mem[X,0x000000008000151A] -> 0xB823
mem[X,0x000000008000151C] -> 0x2020
[564] [M]: 0x000000008000151A (0x2020B823) sd x2, 0x210(x1)                         inst_66+36
mem[W,0x0000000080005328] <- 0x01FDDB7D5BFDDC05

mem[X,0x000000008000151E] -> 0x0513
mem[X,0x0000000080001520] -> 0x0010
[565] [M]: 0x000000008000151E (0x00100513) addi x10, x0, 0x1                        inst_67+0
x10 <- 0x0000000000000001

clint mtime 0x000000000000011B (mip.MTI <- 0b1, mip.STI <- 0b0)
mem[X,0x0000000080001522] -> 0x1513
mem[X,0x0000000080001524] -> 0x03E5
[566] [M]: 0x0000000080001522 (0x03E51513) slli x10, x10, 0x3e                      inst_67+4
x10 <- 0x4000000000000000

mem[X,0x0000000080001526] -> 0xA031
[567] [M]: 0x0000000080001526 (0xA031) c.j 0xc                                      inst_67+8

clint mtime 0x000000000000011C (mip.MTI <- 0b1, mip.STI <- 0b0)
mem[X,0x0000000080001532] -> 0xC509
[568] [M]: 0x0000000080001532 (0xC509) c.beqz x10, 0xa                              inst_67+20

mem[X,0x0000000080001534] -> 0x0113
mem[X,0x0000000080001536] -> 0x0021
[569] [M]: 0x0000000080001534 (0x00210113) addi x2, x2, 0x2                         inst_67+22
x2 <- 0x01FDDB7D5BFDDC07

clint mtime 0x000000000000011D (mip.MTI <- 0b1, mip.STI <- 0b0)
mem[X,0x0000000080001538] -> 0x006F
mem[X,0x000000008000153A] -> 0x0060
[570] [M]: 0x0000000080001538 (0x0060006F) jal x0, 0x6                              inst_67+26

mem[X,0x000000008000153E] -> 0xBC23
mem[X,0x0000000080001540] -> 0x2020
[571] [M]: 0x000000008000153E (0x2020BC23) sd x2, 0x218(x1)                         inst_67+32
mem[W,0x0000000080005330] <- 0x01FDDB7D5BFDDC07

clint mtime 0x000000000000011E (mip.MTI <- 0b1, mip.STI <- 0b0)
mem[X,0x0000000080001542] -> 0x0513
mem[X,0x0000000080001544] -> 0xFFE0
[572] [M]: 0x0000000080001542 (0xFFE00513) addi x10, x0, -0x2                       inst_68+0
x10 <- 0xFFFFFFFFFFFFFFFE

mem[X,0x0000000080001546] -> 0xA031
[573] [M]: 0x0000000080001546 (0xA031) c.j 0xc                                      inst_68+4

clint mtime 0x000000000000011F (mip.MTI <- 0b1, mip.STI <- 0b0)
mem[X,0x0000000080001552] -> 0xC511
[574] [M]: 0x0000000080001552 (0xC511) c.beqz x10, 0xc                              inst_68+16

mem[X,0x0000000080001554] -> 0x0113
mem[X,0x0000000080001556] -> 0x0021
[575] [M]: 0x0000000080001554 (0x00210113) addi x2, x2, 0x2                         inst_68+18
x2 <- 0x01FDDB7D5BFDDC09

clint mtime 0x0000000000000120 (mip.MTI <- 0b1, mip.STI <- 0b0)
mem[X,0x0000000080001558] -> 0x006F
mem[X,0x000000008000155A] -> 0x0080
[576] [M]: 0x0000000080001558 (0x0080006F) jal x0, 0x8                              inst_68+22

mem[X,0x0000000080001560] -> 0xB023
mem[X,0x0000000080001562] -> 0x2220
[577] [M]: 0x0000000080001560 (0x2220B023) sd x2, 0x220(x1)                         inst_68+30
mem[W,0x0000000080005338] <- 0x01FDDB7D5BFDDC09

clint mtime 0x0000000000000121 (mip.MTI <- 0b1, mip.STI <- 0b0)
mem[X,0x0000000080001564] -> 0x0513
mem[X,0x0000000080001566] -> 0xFFD0
[578] [M]: 0x0000000080001564 (0xFFD00513) addi x10, x0, -0x3                       inst_69+0
x10 <- 0xFFFFFFFFFFFFFFFD

mem[X,0x0000000080001568] -> 0xA031
[579] [M]: 0x0000000080001568 (0xA031) c.j 0xc                                      inst_69+4

clint mtime 0x0000000000000122 (mip.MTI <- 0b1, mip.STI <- 0b0)
mem[X,0x0000000080001574] -> 0xDD65
[580] [M]: 0x0000000080001574 (0xDD65) c.beqz x10, -0x8                             inst_69+16

mem[X,0x0000000080001576] -> 0x0113
mem[X,0x0000000080001578] -> 0x0021
[581] [M]: 0x0000000080001576 (0x00210113) addi x2, x2, 0x2                         inst_69+18
x2 <- 0x01FDDB7D5BFDDC0B

clint mtime 0x0000000000000123 (mip.MTI <- 0b1, mip.STI <- 0b0)
mem[X,0x000000008000157A] -> 0x006F
mem[X,0x000000008000157C] -> 0x0060
[582] [M]: 0x000000008000157A (0x0060006F) jal x0, 0x6                              inst_69+22

mem[X,0x0000000080001580] -> 0xB423
mem[X,0x0000000080001582] -> 0x2220
[583] [M]: 0x0000000080001580 (0x2220B423) sd x2, 0x228(x1)                         inst_69+28
mem[W,0x0000000080005340] <- 0x01FDDB7D5BFDDC0B

clint mtime 0x0000000000000124 (mip.MTI <- 0b1, mip.STI <- 0b0)
mem[X,0x0000000080001584] -> 0x0513
mem[X,0x0000000080001586] -> 0xFFB0
[584] [M]: 0x0000000080001584 (0xFFB00513) addi x10, x0, -0x5                       inst_70+0
x10 <- 0xFFFFFFFFFFFFFFFB

mem[X,0x0000000080001588] -> 0xA031
[585] [M]: 0x0000000080001588 (0xA031) c.j 0xc                                      inst_70+4

clint mtime 0x0000000000000125 (mip.MTI <- 0b1, mip.STI <- 0b0)
mem[X,0x0000000080001594] -> 0xC909
[586] [M]: 0x0000000080001594 (0xC909) c.beqz x10, 0x12                             inst_70+16

mem[X,0x0000000080001596] -> 0x0113
mem[X,0x0000000080001598] -> 0x0021
[587] [M]: 0x0000000080001596 (0x00210113) addi x2, x2, 0x2                         inst_70+18
x2 <- 0x01FDDB7D5BFDDC0D

clint mtime 0x0000000000000126 (mip.MTI <- 0b1, mip.STI <- 0b0)
mem[X,0x000000008000159A] -> 0x006F
mem[X,0x000000008000159C] -> 0x00E0
[588] [M]: 0x000000008000159A (0x00E0006F) jal x0, 0xe                              inst_70+22

mem[X,0x00000000800015A8] -> 0xB823
mem[X,0x00000000800015AA] -> 0x2220
[589] [M]: 0x00000000800015A8 (0x2220B823) sd x2, 0x230(x1)                         inst_70+36
mem[W,0x0000000080005348] <- 0x01FDDB7D5BFDDC0D

clint mtime 0x0000000000000127 (mip.MTI <- 0b1, mip.STI <- 0b0)
mem[X,0x00000000800015AC] -> 0x0513
mem[X,0x00000000800015AE] -> 0xFF70
[590] [M]: 0x00000000800015AC (0xFF700513) addi x10, x0, -0x9                       inst_71+0
x10 <- 0xFFFFFFFFFFFFFFF7

mem[X,0x00000000800015B0] -> 0xA821
[591] [M]: 0x00000000800015B0 (0xA821) c.j 0x18                                     inst_71+4

clint mtime 0x0000000000000128 (mip.MTI <- 0b1, mip.STI <- 0b0)
mem[X,0x00000000800015C8] -> 0xD575
[592] [M]: 0x00000000800015C8 (0xD575) c.beqz x10, -0x14                            inst_71+28

mem[X,0x00000000800015CA] -> 0x0113
mem[X,0x00000000800015CC] -> 0x0021
[593] [M]: 0x00000000800015CA (0x00210113) addi x2, x2, 0x2                         inst_71+30
x2 <- 0x01FDDB7D5BFDDC0F

clint mtime 0x0000000000000129 (mip.MTI <- 0b1, mip.STI <- 0b0)
mem[X,0x00000000800015CE] -> 0x006F
mem[X,0x00000000800015D0] -> 0x0060
[594] [M]: 0x00000000800015CE (0x0060006F) jal x0, 0x6                              inst_71+34

mem[X,0x00000000800015D4] -> 0xBC23
mem[X,0x00000000800015D6] -> 0x2220
[595] [M]: 0x00000000800015D4 (0x2220BC23) sd x2, 0x238(x1)                         inst_71+40
mem[W,0x0000000080005350] <- 0x01FDDB7D5BFDDC0F

clint mtime 0x000000000000012A (mip.MTI <- 0b1, mip.STI <- 0b0)
mem[X,0x00000000800015D8] -> 0x0513
mem[X,0x00000000800015DA] -> 0xFEF0
[596] [M]: 0x00000000800015D8 (0xFEF00513) addi x10, x0, -0x11                      inst_72+0
x10 <- 0xFFFFFFFFFFFFFFEF

mem[X,0x00000000800015DC] -> 0xA051
[597] [M]: 0x00000000800015DC (0xA051) c.j 0x84                                     inst_72+4

clint mtime 0x000000000000012B (mip.MTI <- 0b1, mip.STI <- 0b0)
mem[X,0x0000000080001660] -> 0xD141
[598] [M]: 0x0000000080001660 (0xD141) c.beqz x10, -0x80                            inst_72+136

mem[X,0x0000000080001662] -> 0x0113
mem[X,0x0000000080001664] -> 0x0021
[599] [M]: 0x0000000080001662 (0x00210113) addi x2, x2, 0x2                         inst_72+138
x2 <- 0x01FDDB7D5BFDDC11

clint mtime 0x000000000000012C (mip.MTI <- 0b1, mip.STI <- 0b0)
mem[X,0x0000000080001666] -> 0x006F
mem[X,0x0000000080001668] -> 0x0060
[600] [M]: 0x0000000080001666 (0x0060006F) jal x0, 0x6                              inst_72+142

mem[X,0x000000008000166C] -> 0xB023
mem[X,0x000000008000166E] -> 0x2420
[601] [M]: 0x000000008000166C (0x2420B023) sd x2, 0x240(x1)                         inst_72+148
mem[W,0x0000000080005358] <- 0x01FDDB7D5BFDDC11

clint mtime 0x000000000000012D (mip.MTI <- 0b1, mip.STI <- 0b0)
mem[X,0x0000000080001670] -> 0x0513
mem[X,0x0000000080001672] -> 0xFDF0
[602] [M]: 0x0000000080001670 (0xFDF00513) addi x10, x0, -0x21                      inst_73+0
x10 <- 0xFFFFFFFFFFFFFFDF

mem[X,0x0000000080001674] -> 0xA809
[603] [M]: 0x0000000080001674 (0xA809) c.j 0x12                                     inst_73+4

clint mtime 0x000000000000012E (mip.MTI <- 0b1, mip.STI <- 0b0)
mem[X,0x0000000080001686] -> 0xD96D
[604] [M]: 0x0000000080001686 (0xD96D) c.beqz x10, -0xe                             inst_73+22

mem[X,0x0000000080001688] -> 0x0113
mem[X,0x000000008000168A] -> 0x0021
[605] [M]: 0x0000000080001688 (0x00210113) addi x2, x2, 0x2                         inst_73+24
x2 <- 0x01FDDB7D5BFDDC13

clint mtime 0x000000000000012F (mip.MTI <- 0b1, mip.STI <- 0b0)
mem[X,0x000000008000168C] -> 0x006F
mem[X,0x000000008000168E] -> 0x0060
[606] [M]: 0x000000008000168C (0x0060006F) jal x0, 0x6                              inst_73+28

mem[X,0x0000000080001692] -> 0xB423
mem[X,0x0000000080001694] -> 0x2420
[607] [M]: 0x0000000080001692 (0x2420B423) sd x2, 0x248(x1)                         inst_73+34
mem[W,0x0000000080005360] <- 0x01FDDB7D5BFDDC13

clint mtime 0x0000000000000130 (mip.MTI <- 0b1, mip.STI <- 0b0)
mem[X,0x0000000080001696] -> 0x0513
mem[X,0x0000000080001698] -> 0xFBF0
[608] [M]: 0x0000000080001696 (0xFBF00513) addi x10, x0, -0x41                      inst_74+0
x10 <- 0xFFFFFFFFFFFFFFBF

mem[X,0x000000008000169A] -> 0xA031
[609] [M]: 0x000000008000169A (0xA031) c.j 0xc                                      inst_74+4

clint mtime 0x0000000000000131 (mip.MTI <- 0b1, mip.STI <- 0b0)
mem[X,0x00000000800016A6] -> 0xC509
[610] [M]: 0x00000000800016A6 (0xC509) c.beqz x10, 0xa                              inst_74+16

mem[X,0x00000000800016A8] -> 0x0113
mem[X,0x00000000800016AA] -> 0x0021
[611] [M]: 0x00000000800016A8 (0x00210113) addi x2, x2, 0x2                         inst_74+18
x2 <- 0x01FDDB7D5BFDDC15

clint mtime 0x0000000000000132 (mip.MTI <- 0b1, mip.STI <- 0b0)
mem[X,0x00000000800016AC] -> 0x006F
mem[X,0x00000000800016AE] -> 0x0060
[612] [M]: 0x00000000800016AC (0x0060006F) jal x0, 0x6                              inst_74+22

mem[X,0x00000000800016B2] -> 0xB823
mem[X,0x00000000800016B4] -> 0x2420
[613] [M]: 0x00000000800016B2 (0x2420B823) sd x2, 0x250(x1)                         inst_74+28
mem[W,0x0000000080005368] <- 0x01FDDB7D5BFDDC15

clint mtime 0x0000000000000133 (mip.MTI <- 0b1, mip.STI <- 0b0)
mem[X,0x00000000800016B6] -> 0x0513
mem[X,0x00000000800016B8] -> 0xF7F0
[614] [M]: 0x00000000800016B6 (0xF7F00513) addi x10, x0, -0x81                      inst_75+0
x10 <- 0xFFFFFFFFFFFFFF7F

mem[X,0x00000000800016BA] -> 0xA031
[615] [M]: 0x00000000800016BA (0xA031) c.j 0xc                                      inst_75+4

clint mtime 0x0000000000000134 (mip.MTI <- 0b1, mip.STI <- 0b0)
mem[X,0x00000000800016C6] -> 0xC511
[616] [M]: 0x00000000800016C6 (0xC511) c.beqz x10, 0xc                              inst_75+16

mem[X,0x00000000800016C8] -> 0x0113
mem[X,0x00000000800016CA] -> 0x0021
[617] [M]: 0x00000000800016C8 (0x00210113) addi x2, x2, 0x2                         inst_75+18
x2 <- 0x01FDDB7D5BFDDC17

clint mtime 0x0000000000000135 (mip.MTI <- 0b1, mip.STI <- 0b0)
mem[X,0x00000000800016CC] -> 0x006F
mem[X,0x00000000800016CE] -> 0x0080
[618] [M]: 0x00000000800016CC (0x0080006F) jal x0, 0x8                              inst_75+22

mem[X,0x00000000800016D4] -> 0xBC23
mem[X,0x00000000800016D6] -> 0x2420
[619] [M]: 0x00000000800016D4 (0x2420BC23) sd x2, 0x258(x1)                         inst_75+30
mem[W,0x0000000080005370] <- 0x01FDDB7D5BFDDC17

clint mtime 0x0000000000000136 (mip.MTI <- 0b1, mip.STI <- 0b0)
mem[X,0x00000000800016D8] -> 0x0513
mem[X,0x00000000800016DA] -> 0xEFF0
[620] [M]: 0x00000000800016D8 (0xEFF00513) addi x10, x0, -0x101                     inst_76+0
x10 <- 0xFFFFFFFFFFFFFEFF

mem[X,0x00000000800016DC] -> 0xA811
[621] [M]: 0x00000000800016DC (0xA811) c.j 0x14                                     inst_76+4

clint mtime 0x0000000000000137 (mip.MTI <- 0b1, mip.STI <- 0b0)
mem[X,0x00000000800016F0] -> 0xD965
[622] [M]: 0x00000000800016F0 (0xD965) c.beqz x10, -0x10                            inst_76+24

mem[X,0x00000000800016F2] -> 0x0113
mem[X,0x00000000800016F4] -> 0x0021
[623] [M]: 0x00000000800016F2 (0x00210113) addi x2, x2, 0x2                         inst_76+26
x2 <- 0x01FDDB7D5BFDDC19

clint mtime 0x0000000000000138 (mip.MTI <- 0b1, mip.STI <- 0b0)
mem[X,0x00000000800016F6] -> 0x006F
mem[X,0x00000000800016F8] -> 0x0060
[624] [M]: 0x00000000800016F6 (0x0060006F) jal x0, 0x6                              inst_76+30

mem[X,0x00000000800016FC] -> 0xB023
mem[X,0x00000000800016FE] -> 0x2620
[625] [M]: 0x00000000800016FC (0x2620B023) sd x2, 0x260(x1)                         inst_76+36
mem[W,0x0000000080005378] <- 0x01FDDB7D5BFDDC19

clint mtime 0x0000000000000139 (mip.MTI <- 0b1, mip.STI <- 0b0)
mem[X,0x0000000080001700] -> 0x0513
mem[X,0x0000000080001702] -> 0xDFF0
[626] [M]: 0x0000000080001700 (0xDFF00513) addi x10, x0, -0x201                     inst_77+0
x10 <- 0xFFFFFFFFFFFFFDFF

mem[X,0x0000000080001704] -> 0xA031
[627] [M]: 0x0000000080001704 (0xA031) c.j 0xc                                      inst_77+4

clint mtime 0x000000000000013A (mip.MTI <- 0b1, mip.STI <- 0b0)
mem[X,0x0000000080001710] -> 0xC509
[628] [M]: 0x0000000080001710 (0xC509) c.beqz x10, 0xa                              inst_77+16

mem[X,0x0000000080001712] -> 0x0113
mem[X,0x0000000080001714] -> 0x0021
[629] [M]: 0x0000000080001712 (0x00210113) addi x2, x2, 0x2                         inst_77+18
x2 <- 0x01FDDB7D5BFDDC1B

clint mtime 0x000000000000013B (mip.MTI <- 0b1, mip.STI <- 0b0)
mem[X,0x0000000080001716] -> 0x006F
mem[X,0x0000000080001718] -> 0x0060
[630] [M]: 0x0000000080001716 (0x0060006F) jal x0, 0x6                              inst_77+22

mem[X,0x000000008000171C] -> 0xB423
mem[X,0x000000008000171E] -> 0x2620
[631] [M]: 0x000000008000171C (0x2620B423) sd x2, 0x268(x1)                         inst_77+28
mem[W,0x0000000080005380] <- 0x01FDDB7D5BFDDC1B

clint mtime 0x000000000000013C (mip.MTI <- 0b1, mip.STI <- 0b0)
mem[X,0x0000000080001720] -> 0x0513
mem[X,0x0000000080001722] -> 0xBFF0
[632] [M]: 0x0000000080001720 (0xBFF00513) addi x10, x0, -0x401                     inst_78+0
x10 <- 0xFFFFFFFFFFFFFBFF

mem[X,0x0000000080001724] -> 0xA819
[633] [M]: 0x0000000080001724 (0xA819) c.j 0x16                                     inst_78+4

clint mtime 0x000000000000013D (mip.MTI <- 0b1, mip.STI <- 0b0)
mem[X,0x000000008000173A] -> 0xD57D
[634] [M]: 0x000000008000173A (0xD57D) c.beqz x10, -0x12                            inst_78+26

mem[X,0x000000008000173C] -> 0x0113
mem[X,0x000000008000173E] -> 0x0021
[635] [M]: 0x000000008000173C (0x00210113) addi x2, x2, 0x2                         inst_78+28
x2 <- 0x01FDDB7D5BFDDC1D

clint mtime 0x000000000000013E (mip.MTI <- 0b1, mip.STI <- 0b0)
mem[X,0x0000000080001740] -> 0x006F
mem[X,0x0000000080001742] -> 0x0060
[636] [M]: 0x0000000080001740 (0x0060006F) jal x0, 0x6                              inst_78+32

mem[X,0x0000000080001746] -> 0xB823
mem[X,0x0000000080001748] -> 0x2620
[637] [M]: 0x0000000080001746 (0x2620B823) sd x2, 0x270(x1)                         inst_78+38
mem[W,0x0000000080005388] <- 0x01FDDB7D5BFDDC1D

clint mtime 0x000000000000013F (mip.MTI <- 0b1, mip.STI <- 0b0)
mem[X,0x000000008000174A] -> 0x0513
mem[X,0x000000008000174C] -> 0x0010
[638] [M]: 0x000000008000174A (0x00100513) addi x10, x0, 0x1                        inst_79+0
x10 <- 0x0000000000000001

mem[X,0x000000008000174E] -> 0x1513
mem[X,0x0000000080001750] -> 0x00B5
[639] [M]: 0x000000008000174E (0x00B51513) slli x10, x10, 0xb                       inst_79+4
x10 <- 0x0000000000000800

clint mtime 0x0000000000000140 (mip.MTI <- 0b1, mip.STI <- 0b0)
mem[X,0x0000000080001752] -> 0x4513
mem[X,0x0000000080001754] -> 0xFFF5
[640] [M]: 0x0000000080001752 (0xFFF54513) xori x10, x10, -0x1                      inst_79+8
x10 <- 0xFFFFFFFFFFFFF7FF

mem[X,0x0000000080001756] -> 0xA031
[641] [M]: 0x0000000080001756 (0xA031) c.j 0xc                                      inst_79+12

clint mtime 0x0000000000000141 (mip.MTI <- 0b1, mip.STI <- 0b0)
mem[X,0x0000000080001762] -> 0xCD3D
[642] [M]: 0x0000000080001762 (0xCD3D) c.beqz x10, 0x7e                             inst_79+24

mem[X,0x0000000080001764] -> 0x0113
mem[X,0x0000000080001766] -> 0x0021
[643] [M]: 0x0000000080001764 (0x00210113) addi x2, x2, 0x2                         inst_79+26
x2 <- 0x01FDDB7D5BFDDC1F

clint mtime 0x0000000000000142 (mip.MTI <- 0b1, mip.STI <- 0b0)
mem[X,0x0000000080001768] -> 0x006F
mem[X,0x000000008000176A] -> 0x07A0
[644] [M]: 0x0000000080001768 (0x07A0006F) jal x0, 0x7a                             inst_79+30

mem[X,0x00000000800017E2] -> 0xBC23
mem[X,0x00000000800017E4] -> 0x2620
[645] [M]: 0x00000000800017E2 (0x2620BC23) sd x2, 0x278(x1)                         inst_79+152
mem[W,0x0000000080005390] <- 0x01FDDB7D5BFDDC1F

clint mtime 0x0000000000000143 (mip.MTI <- 0b1, mip.STI <- 0b0)
mem[X,0x00000000800017E6] -> 0x0513
mem[X,0x00000000800017E8] -> 0x0010
[646] [M]: 0x00000000800017E6 (0x00100513) addi x10, x0, 0x1                        inst_80+0
x10 <- 0x0000000000000001

mem[X,0x00000000800017EA] -> 0x1513
mem[X,0x00000000800017EC] -> 0x00C5
[647] [M]: 0x00000000800017EA (0x00C51513) slli x10, x10, 0xc                       inst_80+4
x10 <- 0x0000000000001000

clint mtime 0x0000000000000144 (mip.MTI <- 0b1, mip.STI <- 0b0)
mem[X,0x00000000800017EE] -> 0x4513
mem[X,0x00000000800017F0] -> 0xFFF5
[648] [M]: 0x00000000800017EE (0xFFF54513) xori x10, x10, -0x1                      inst_80+8
x10 <- 0xFFFFFFFFFFFFEFFF

mem[X,0x00000000800017F2] -> 0xA031
[649] [M]: 0x00000000800017F2 (0xA031) c.j 0xc                                      inst_80+12

clint mtime 0x0000000000000145 (mip.MTI <- 0b1, mip.STI <- 0b0)
mem[X,0x00000000800017FE] -> 0xC519
[650] [M]: 0x00000000800017FE (0xC519) c.beqz x10, 0xe                              inst_80+24

mem[X,0x0000000080001800] -> 0x0113
mem[X,0x0000000080001802] -> 0x0021
[651] [M]: 0x0000000080001800 (0x00210113) addi x2, x2, 0x2                         inst_80+26
x2 <- 0x01FDDB7D5BFDDC21

clint mtime 0x0000000000000146 (mip.MTI <- 0b1, mip.STI <- 0b0)
mem[X,0x0000000080001804] -> 0x006F
mem[X,0x0000000080001806] -> 0x00A0
[652] [M]: 0x0000000080001804 (0x00A0006F) jal x0, 0xa                              inst_80+30

mem[X,0x000000008000180E] -> 0xB023
mem[X,0x0000000080001810] -> 0x2820
[653] [M]: 0x000000008000180E (0x2820B023) sd x2, 0x280(x1)                         inst_80+40
mem[W,0x0000000080005398] <- 0x01FDDB7D5BFDDC21

clint mtime 0x0000000000000147 (mip.MTI <- 0b1, mip.STI <- 0b0)
mem[X,0x0000000080001812] -> 0x0513
mem[X,0x0000000080001814] -> 0x0010
[654] [M]: 0x0000000080001812 (0x00100513) addi x10, x0, 0x1                        inst_81+0
x10 <- 0x0000000000000001

mem[X,0x0000000080001816] -> 0x1513
mem[X,0x0000000080001818] -> 0x00D5
[655] [M]: 0x0000000080001816 (0x00D51513) slli x10, x10, 0xd                       inst_81+4
x10 <- 0x0000000000002000

clint mtime 0x0000000000000148 (mip.MTI <- 0b1, mip.STI <- 0b0)
mem[X,0x000000008000181A] -> 0x4513
mem[X,0x000000008000181C] -> 0xFFF5
[656] [M]: 0x000000008000181A (0xFFF54513) xori x10, x10, -0x1                      inst_81+8
x10 <- 0xFFFFFFFFFFFFDFFF

mem[X,0x000000008000181E] -> 0xA031
[657] [M]: 0x000000008000181E (0xA031) c.j 0xc                                      inst_81+12

clint mtime 0x0000000000000149 (mip.MTI <- 0b1, mip.STI <- 0b0)
mem[X,0x000000008000182A] -> 0xC509
[658] [M]: 0x000000008000182A (0xC509) c.beqz x10, 0xa                              inst_81+24

mem[X,0x000000008000182C] -> 0x0113
mem[X,0x000000008000182E] -> 0x0021
[659] [M]: 0x000000008000182C (0x00210113) addi x2, x2, 0x2                         inst_81+26
x2 <- 0x01FDDB7D5BFDDC23

clint mtime 0x000000000000014A (mip.MTI <- 0b1, mip.STI <- 0b0)
mem[X,0x0000000080001830] -> 0x006F
mem[X,0x0000000080001832] -> 0x0060
[660] [M]: 0x0000000080001830 (0x0060006F) jal x0, 0x6                              inst_81+30

mem[X,0x0000000080001836] -> 0xB423
mem[X,0x0000000080001838] -> 0x2820
[661] [M]: 0x0000000080001836 (0x2820B423) sd x2, 0x288(x1)                         inst_81+36
mem[W,0x00000000800053A0] <- 0x01FDDB7D5BFDDC23

clint mtime 0x000000000000014B (mip.MTI <- 0b1, mip.STI <- 0b0)
mem[X,0x000000008000183A] -> 0x0513
mem[X,0x000000008000183C] -> 0x0010
[662] [M]: 0x000000008000183A (0x00100513) addi x10, x0, 0x1                        inst_82+0
x10 <- 0x0000000000000001

mem[X,0x000000008000183E] -> 0x1513
mem[X,0x0000000080001840] -> 0x00E5
[663] [M]: 0x000000008000183E (0x00E51513) slli x10, x10, 0xe                       inst_82+4
x10 <- 0x0000000000004000

clint mtime 0x000000000000014C (mip.MTI <- 0b1, mip.STI <- 0b0)
mem[X,0x0000000080001842] -> 0x4513
mem[X,0x0000000080001844] -> 0xFFF5
[664] [M]: 0x0000000080001842 (0xFFF54513) xori x10, x10, -0x1                      inst_82+8
x10 <- 0xFFFFFFFFFFFFBFFF

mem[X,0x0000000080001846] -> 0xA845
[665] [M]: 0x0000000080001846 (0xA845) c.j 0xb0                                     inst_82+12

clint mtime 0x000000000000014D (mip.MTI <- 0b1, mip.STI <- 0b0)
mem[X,0x00000000800018F6] -> 0xD931
[666] [M]: 0x00000000800018F6 (0xD931) c.beqz x10, -0xac                            inst_82+188

mem[X,0x00000000800018F8] -> 0x0113
mem[X,0x00000000800018FA] -> 0x0021
[667] [M]: 0x00000000800018F8 (0x00210113) addi x2, x2, 0x2                         inst_82+190
x2 <- 0x01FDDB7D5BFDDC25

clint mtime 0x000000000000014E (mip.MTI <- 0b1, mip.STI <- 0b0)
mem[X,0x00000000800018FC] -> 0x006F
mem[X,0x00000000800018FE] -> 0x0060
[668] [M]: 0x00000000800018FC (0x0060006F) jal x0, 0x6                              inst_82+194

mem[X,0x0000000080001902] -> 0xB823
mem[X,0x0000000080001904] -> 0x2820
[669] [M]: 0x0000000080001902 (0x2820B823) sd x2, 0x290(x1)                         inst_82+200
mem[W,0x00000000800053A8] <- 0x01FDDB7D5BFDDC25

clint mtime 0x000000000000014F (mip.MTI <- 0b1, mip.STI <- 0b0)
mem[X,0x0000000080001906] -> 0x0513
mem[X,0x0000000080001908] -> 0x0010
[670] [M]: 0x0000000080001906 (0x00100513) addi x10, x0, 0x1                        inst_83+0
x10 <- 0x0000000000000001

mem[X,0x000000008000190A] -> 0x1513
mem[X,0x000000008000190C] -> 0x00F5
[671] [M]: 0x000000008000190A (0x00F51513) slli x10, x10, 0xf                       inst_83+4
x10 <- 0x0000000000008000

clint mtime 0x0000000000000150 (mip.MTI <- 0b1, mip.STI <- 0b0)
mem[X,0x000000008000190E] -> 0x4513
mem[X,0x0000000080001910] -> 0xFFF5
[672] [M]: 0x000000008000190E (0xFFF54513) xori x10, x10, -0x1                      inst_83+8
x10 <- 0xFFFFFFFFFFFF7FFF

mem[X,0x0000000080001912] -> 0xA031
[673] [M]: 0x0000000080001912 (0xA031) c.j 0xc                                      inst_83+12

clint mtime 0x0000000000000151 (mip.MTI <- 0b1, mip.STI <- 0b0)
mem[X,0x000000008000191E] -> 0xC121
[674] [M]: 0x000000008000191E (0xC121) c.beqz x10, 0x40                             inst_83+24

mem[X,0x0000000080001920] -> 0x0113
mem[X,0x0000000080001922] -> 0x0021
[675] [M]: 0x0000000080001920 (0x00210113) addi x2, x2, 0x2                         inst_83+26
x2 <- 0x01FDDB7D5BFDDC27

clint mtime 0x0000000000000152 (mip.MTI <- 0b1, mip.STI <- 0b0)
mem[X,0x0000000080001924] -> 0x006F
mem[X,0x0000000080001926] -> 0x03C0
[676] [M]: 0x0000000080001924 (0x03C0006F) jal x0, 0x3c                             inst_83+30

mem[X,0x0000000080001960] -> 0xBC23
mem[X,0x0000000080001962] -> 0x2820
[677] [M]: 0x0000000080001960 (0x2820BC23) sd x2, 0x298(x1)                         inst_83+90
mem[W,0x00000000800053B0] <- 0x01FDDB7D5BFDDC27

clint mtime 0x0000000000000153 (mip.MTI <- 0b1, mip.STI <- 0b0)
mem[X,0x0000000080001964] -> 0x0513
mem[X,0x0000000080001966] -> 0x0010
[678] [M]: 0x0000000080001964 (0x00100513) addi x10, x0, 0x1                        inst_84+0
x10 <- 0x0000000000000001

mem[X,0x0000000080001968] -> 0x1513
mem[X,0x000000008000196A] -> 0x0105
[679] [M]: 0x0000000080001968 (0x01051513) slli x10, x10, 0x10                      inst_84+4
x10 <- 0x0000000000010000

clint mtime 0x0000000000000154 (mip.MTI <- 0b1, mip.STI <- 0b0)
mem[X,0x000000008000196C] -> 0x4513
mem[X,0x000000008000196E] -> 0xFFF5
[680] [M]: 0x000000008000196C (0xFFF54513) xori x10, x10, -0x1                      inst_84+8
x10 <- 0xFFFFFFFFFFFEFFFF

mem[X,0x0000000080001970] -> 0xA821
[681] [M]: 0x0000000080001970 (0xA821) c.j 0x18                                     inst_84+12

clint mtime 0x0000000000000155 (mip.MTI <- 0b1, mip.STI <- 0b0)
mem[X,0x0000000080001988] -> 0xD575
[682] [M]: 0x0000000080001988 (0xD575) c.beqz x10, -0x14                            inst_84+36

mem[X,0x000000008000198A] -> 0x0113
mem[X,0x000000008000198C] -> 0x0021
[683] [M]: 0x000000008000198A (0x00210113) addi x2, x2, 0x2                         inst_84+38
x2 <- 0x01FDDB7D5BFDDC29

clint mtime 0x0000000000000156 (mip.MTI <- 0b1, mip.STI <- 0b0)
mem[X,0x000000008000198E] -> 0x006F
mem[X,0x0000000080001990] -> 0x0060
[684] [M]: 0x000000008000198E (0x0060006F) jal x0, 0x6                              inst_84+42

mem[X,0x0000000080001994] -> 0xB023
mem[X,0x0000000080001996] -> 0x2A20
[685] [M]: 0x0000000080001994 (0x2A20B023) sd x2, 0x2a0(x1)                         inst_84+48
mem[W,0x00000000800053B8] <- 0x01FDDB7D5BFDDC29

clint mtime 0x0000000000000157 (mip.MTI <- 0b1, mip.STI <- 0b0)
mem[X,0x0000000080001998] -> 0x0513
mem[X,0x000000008000199A] -> 0x0010
[686] [M]: 0x0000000080001998 (0x00100513) addi x10, x0, 0x1                        inst_85+0
x10 <- 0x0000000000000001

mem[X,0x000000008000199C] -> 0x1513
mem[X,0x000000008000199E] -> 0x0115
[687] [M]: 0x000000008000199C (0x01151513) slli x10, x10, 0x11                      inst_85+4
x10 <- 0x0000000000020000

clint mtime 0x0000000000000158 (mip.MTI <- 0b1, mip.STI <- 0b0)
mem[X,0x00000000800019A0] -> 0x4513
mem[X,0x00000000800019A2] -> 0xFFF5
[688] [M]: 0x00000000800019A0 (0xFFF54513) xori x10, x10, -0x1                      inst_85+8
x10 <- 0xFFFFFFFFFFFDFFFF

mem[X,0x00000000800019A4] -> 0xA059
[689] [M]: 0x00000000800019A4 (0xA059) c.j 0x86                                     inst_85+12

clint mtime 0x0000000000000159 (mip.MTI <- 0b1, mip.STI <- 0b0)
mem[X,0x0000000080001A2A] -> 0xDD3D
[690] [M]: 0x0000000080001A2A (0xDD3D) c.beqz x10, -0x82                            inst_85+146

mem[X,0x0000000080001A2C] -> 0x0113
mem[X,0x0000000080001A2E] -> 0x0021
[691] [M]: 0x0000000080001A2C (0x00210113) addi x2, x2, 0x2                         inst_85+148
x2 <- 0x01FDDB7D5BFDDC2B

clint mtime 0x000000000000015A (mip.MTI <- 0b1, mip.STI <- 0b0)
mem[X,0x0000000080001A30] -> 0x006F
mem[X,0x0000000080001A32] -> 0x0060
[692] [M]: 0x0000000080001A30 (0x0060006F) jal x0, 0x6                              inst_85+152

mem[X,0x0000000080001A36] -> 0xB423
mem[X,0x0000000080001A38] -> 0x2A20
[693] [M]: 0x0000000080001A36 (0x2A20B423) sd x2, 0x2a8(x1)                         inst_85+158
mem[W,0x00000000800053C0] <- 0x01FDDB7D5BFDDC2B

clint mtime 0x000000000000015B (mip.MTI <- 0b1, mip.STI <- 0b0)
mem[X,0x0000000080001A3A] -> 0x0513
mem[X,0x0000000080001A3C] -> 0x0010
[694] [M]: 0x0000000080001A3A (0x00100513) addi x10, x0, 0x1                        inst_86+0
x10 <- 0x0000000000000001

mem[X,0x0000000080001A3E] -> 0x1513
mem[X,0x0000000080001A40] -> 0x0125
[695] [M]: 0x0000000080001A3E (0x01251513) slli x10, x10, 0x12                      inst_86+4
x10 <- 0x0000000000040000

clint mtime 0x000000000000015C (mip.MTI <- 0b1, mip.STI <- 0b0)
mem[X,0x0000000080001A42] -> 0x4513
mem[X,0x0000000080001A44] -> 0xFFF5
[696] [M]: 0x0000000080001A42 (0xFFF54513) xori x10, x10, -0x1                      inst_86+8
x10 <- 0xFFFFFFFFFFFBFFFF

mem[X,0x0000000080001A46] -> 0xA811
[697] [M]: 0x0000000080001A46 (0xA811) c.j 0x14                                     inst_86+12

clint mtime 0x000000000000015D (mip.MTI <- 0b1, mip.STI <- 0b0)
mem[X,0x0000000080001A5A] -> 0xD965
[698] [M]: 0x0000000080001A5A (0xD965) c.beqz x10, -0x10                            inst_86+32

mem[X,0x0000000080001A5C] -> 0x0113
mem[X,0x0000000080001A5E] -> 0x0021
[699] [M]: 0x0000000080001A5C (0x00210113) addi x2, x2, 0x2                         inst_86+34
x2 <- 0x01FDDB7D5BFDDC2D

clint mtime 0x000000000000015E (mip.MTI <- 0b1, mip.STI <- 0b0)
mem[X,0x0000000080001A60] -> 0x006F
mem[X,0x0000000080001A62] -> 0x0060
[700] [M]: 0x0000000080001A60 (0x0060006F) jal x0, 0x6                              inst_86+38

mem[X,0x0000000080001A66] -> 0xB823
mem[X,0x0000000080001A68] -> 0x2A20
[701] [M]: 0x0000000080001A66 (0x2A20B823) sd x2, 0x2b0(x1)                         inst_86+44
mem[W,0x00000000800053C8] <- 0x01FDDB7D5BFDDC2D

clint mtime 0x000000000000015F (mip.MTI <- 0b1, mip.STI <- 0b0)
mem[X,0x0000000080001A6A] -> 0x0513
mem[X,0x0000000080001A6C] -> 0x0010
[702] [M]: 0x0000000080001A6A (0x00100513) addi x10, x0, 0x1                        inst_87+0
x10 <- 0x0000000000000001

mem[X,0x0000000080001A6E] -> 0x1513
mem[X,0x0000000080001A70] -> 0x0135
[703] [M]: 0x0000000080001A6E (0x01351513) slli x10, x10, 0x13                      inst_87+4
x10 <- 0x0000000000080000

clint mtime 0x0000000000000160 (mip.MTI <- 0b1, mip.STI <- 0b0)
mem[X,0x0000000080001A72] -> 0x4513
mem[X,0x0000000080001A74] -> 0xFFF5
[704] [M]: 0x0000000080001A72 (0xFFF54513) xori x10, x10, -0x1                      inst_87+8
x10 <- 0xFFFFFFFFFFF7FFFF

mem[X,0x0000000080001A76] -> 0xA809
[705] [M]: 0x0000000080001A76 (0xA809) c.j 0x12                                     inst_87+12

clint mtime 0x0000000000000161 (mip.MTI <- 0b1, mip.STI <- 0b0)
mem[X,0x0000000080001A88] -> 0xD96D
[706] [M]: 0x0000000080001A88 (0xD96D) c.beqz x10, -0xe                             inst_87+30

mem[X,0x0000000080001A8A] -> 0x0113
mem[X,0x0000000080001A8C] -> 0x0021
[707] [M]: 0x0000000080001A8A (0x00210113) addi x2, x2, 0x2                         inst_87+32
x2 <- 0x01FDDB7D5BFDDC2F

clint mtime 0x0000000000000162 (mip.MTI <- 0b1, mip.STI <- 0b0)
mem[X,0x0000000080001A8E] -> 0x006F
mem[X,0x0000000080001A90] -> 0x0060
[708] [M]: 0x0000000080001A8E (0x0060006F) jal x0, 0x6                              inst_87+36

mem[X,0x0000000080001A94] -> 0xBC23
mem[X,0x0000000080001A96] -> 0x2A20
[709] [M]: 0x0000000080001A94 (0x2A20BC23) sd x2, 0x2b8(x1)                         inst_87+42
mem[W,0x00000000800053D0] <- 0x01FDDB7D5BFDDC2F

clint mtime 0x0000000000000163 (mip.MTI <- 0b1, mip.STI <- 0b0)
mem[X,0x0000000080001A98] -> 0x0513
mem[X,0x0000000080001A9A] -> 0x0010
[710] [M]: 0x0000000080001A98 (0x00100513) addi x10, x0, 0x1                        inst_88+0
x10 <- 0x0000000000000001

mem[X,0x0000000080001A9C] -> 0x1513
mem[X,0x0000000080001A9E] -> 0x0375
[711] [M]: 0x0000000080001A9C (0x03751513) slli x10, x10, 0x37                      inst_88+4
x10 <- 0x0080000000000000

clint mtime 0x0000000000000164 (mip.MTI <- 0b1, mip.STI <- 0b0)
mem[X,0x0000000080001AA0] -> 0x4513
mem[X,0x0000000080001AA2] -> 0xFFF5
[712] [M]: 0x0000000080001AA0 (0xFFF54513) xori x10, x10, -0x1                      inst_88+8
x10 <- 0xFF7FFFFFFFFFFFFF

mem[X,0x0000000080001AA4] -> 0xA809
[713] [M]: 0x0000000080001AA4 (0xA809) c.j 0x12                                     inst_88+12

clint mtime 0x0000000000000165 (mip.MTI <- 0b1, mip.STI <- 0b0)
mem[X,0x0000000080001AB6] -> 0xD96D
[714] [M]: 0x0000000080001AB6 (0xD96D) c.beqz x10, -0xe                             inst_88+30

mem[X,0x0000000080001AB8] -> 0x0113
mem[X,0x0000000080001ABA] -> 0x0021
[715] [M]: 0x0000000080001AB8 (0x00210113) addi x2, x2, 0x2                         inst_88+32
x2 <- 0x01FDDB7D5BFDDC31

clint mtime 0x0000000000000166 (mip.MTI <- 0b1, mip.STI <- 0b0)
mem[X,0x0000000080001ABC] -> 0x006F
mem[X,0x0000000080001ABE] -> 0x0060
[716] [M]: 0x0000000080001ABC (0x0060006F) jal x0, 0x6                              inst_88+36

mem[X,0x0000000080001AC2] -> 0xB023
mem[X,0x0000000080001AC4] -> 0x2C20
[717] [M]: 0x0000000080001AC2 (0x2C20B023) sd x2, 0x2c0(x1)                         inst_88+42
mem[W,0x00000000800053D8] <- 0x01FDDB7D5BFDDC31

clint mtime 0x0000000000000167 (mip.MTI <- 0b1, mip.STI <- 0b0)
mem[X,0x0000000080001AC6] -> 0x0513
mem[X,0x0000000080001AC8] -> 0x0010
[718] [M]: 0x0000000080001AC6 (0x00100513) addi x10, x0, 0x1                        inst_89+0
x10 <- 0x0000000000000001

mem[X,0x0000000080001ACA] -> 0x1513
mem[X,0x0000000080001ACC] -> 0x0385
[719] [M]: 0x0000000080001ACA (0x03851513) slli x10, x10, 0x38                      inst_89+4
x10 <- 0x0100000000000000

clint mtime 0x0000000000000168 (mip.MTI <- 0b1, mip.STI <- 0b0)
mem[X,0x0000000080001ACE] -> 0x4513
mem[X,0x0000000080001AD0] -> 0xFFF5
[720] [M]: 0x0000000080001ACE (0xFFF54513) xori x10, x10, -0x1                      inst_89+8
x10 <- 0xFEFFFFFFFFFFFFFF

mem[X,0x0000000080001AD2] -> 0xA031
[721] [M]: 0x0000000080001AD2 (0xA031) c.j 0xc                                      inst_89+12

clint mtime 0x0000000000000169 (mip.MTI <- 0b1, mip.STI <- 0b0)
mem[X,0x0000000080001ADE] -> 0xC121
[722] [M]: 0x0000000080001ADE (0xC121) c.beqz x10, 0x40                             inst_89+24

mem[X,0x0000000080001AE0] -> 0x0113
mem[X,0x0000000080001AE2] -> 0x0021
[723] [M]: 0x0000000080001AE0 (0x00210113) addi x2, x2, 0x2                         inst_89+26
x2 <- 0x01FDDB7D5BFDDC33

clint mtime 0x000000000000016A (mip.MTI <- 0b1, mip.STI <- 0b0)
mem[X,0x0000000080001AE4] -> 0x006F
mem[X,0x0000000080001AE6] -> 0x03C0
[724] [M]: 0x0000000080001AE4 (0x03C0006F) jal x0, 0x3c                             inst_89+30

mem[X,0x0000000080001B20] -> 0xB423
mem[X,0x0000000080001B22] -> 0x2C20
[725] [M]: 0x0000000080001B20 (0x2C20B423) sd x2, 0x2c8(x1)                         inst_89+90
mem[W,0x00000000800053E0] <- 0x01FDDB7D5BFDDC33

clint mtime 0x000000000000016B (mip.MTI <- 0b1, mip.STI <- 0b0)
mem[X,0x0000000080001B24] -> 0x0513
mem[X,0x0000000080001B26] -> 0x0010
[726] [M]: 0x0000000080001B24 (0x00100513) addi x10, x0, 0x1                        inst_90+0
x10 <- 0x0000000000000001

mem[X,0x0000000080001B28] -> 0x1513
mem[X,0x0000000080001B2A] -> 0x0395
[727] [M]: 0x0000000080001B28 (0x03951513) slli x10, x10, 0x39                      inst_90+4
x10 <- 0x0200000000000000

clint mtime 0x000000000000016C (mip.MTI <- 0b1, mip.STI <- 0b0)
mem[X,0x0000000080001B2C] -> 0x4513
mem[X,0x0000000080001B2E] -> 0xFFF5
[728] [M]: 0x0000000080001B2C (0xFFF54513) xori x10, x10, -0x1                      inst_90+8
x10 <- 0xFDFFFFFFFFFFFFFF

mem[X,0x0000000080001B30] -> 0xA099
[729] [M]: 0x0000000080001B30 (0xA099) c.j 0x46                                     inst_90+12

clint mtime 0x000000000000016D (mip.MTI <- 0b1, mip.STI <- 0b0)
mem[X,0x0000000080001B76] -> 0xDD5D
[730] [M]: 0x0000000080001B76 (0xDD5D) c.beqz x10, -0x42                            inst_90+82

mem[X,0x0000000080001B78] -> 0x0113
mem[X,0x0000000080001B7A] -> 0x0021
[731] [M]: 0x0000000080001B78 (0x00210113) addi x2, x2, 0x2                         inst_90+84
x2 <- 0x01FDDB7D5BFDDC35

clint mtime 0x000000000000016E (mip.MTI <- 0b1, mip.STI <- 0b0)
mem[X,0x0000000080001B7C] -> 0x006F
mem[X,0x0000000080001B7E] -> 0x0060
[732] [M]: 0x0000000080001B7C (0x0060006F) jal x0, 0x6                              inst_90+88

mem[X,0x0000000080001B82] -> 0xB823
mem[X,0x0000000080001B84] -> 0x2C20
[733] [M]: 0x0000000080001B82 (0x2C20B823) sd x2, 0x2d0(x1)                         inst_90+94
mem[W,0x00000000800053E8] <- 0x01FDDB7D5BFDDC35

clint mtime 0x000000000000016F (mip.MTI <- 0b1, mip.STI <- 0b0)
mem[X,0x0000000080001B86] -> 0x0513
mem[X,0x0000000080001B88] -> 0x0010
[734] [M]: 0x0000000080001B86 (0x00100513) addi x10, x0, 0x1                        inst_91+0
x10 <- 0x0000000000000001

mem[X,0x0000000080001B8A] -> 0x1513
mem[X,0x0000000080001B8C] -> 0x03A5
[735] [M]: 0x0000000080001B8A (0x03A51513) slli x10, x10, 0x3a                      inst_91+4
x10 <- 0x0400000000000000

clint mtime 0x0000000000000170 (mip.MTI <- 0b1, mip.STI <- 0b0)
mem[X,0x0000000080001B8E] -> 0x4513
mem[X,0x0000000080001B90] -> 0xFFF5
[736] [M]: 0x0000000080001B8E (0xFFF54513) xori x10, x10, -0x1                      inst_91+8
x10 <- 0xFBFFFFFFFFFFFFFF

mem[X,0x0000000080001B92] -> 0xA031
[737] [M]: 0x0000000080001B92 (0xA031) c.j 0xc                                      inst_91+12

clint mtime 0x0000000000000171 (mip.MTI <- 0b1, mip.STI <- 0b0)
mem[X,0x0000000080001B9E] -> 0xC901
[738] [M]: 0x0000000080001B9E (0xC901) c.beqz x10, 0x10                             inst_91+24

mem[X,0x0000000080001BA0] -> 0x0113
mem[X,0x0000000080001BA2] -> 0x0021
[739] [M]: 0x0000000080001BA0 (0x00210113) addi x2, x2, 0x2                         inst_91+26
x2 <- 0x01FDDB7D5BFDDC37

clint mtime 0x0000000000000172 (mip.MTI <- 0b1, mip.STI <- 0b0)
mem[X,0x0000000080001BA4] -> 0x006F
mem[X,0x0000000080001BA6] -> 0x00C0
[740] [M]: 0x0000000080001BA4 (0x00C0006F) jal x0, 0xc                              inst_91+30

mem[X,0x0000000080001BB0] -> 0xBC23
mem[X,0x0000000080001BB2] -> 0x2C20
[741] [M]: 0x0000000080001BB0 (0x2C20BC23) sd x2, 0x2d8(x1)                         inst_91+42
mem[W,0x00000000800053F0] <- 0x01FDDB7D5BFDDC37

clint mtime 0x0000000000000173 (mip.MTI <- 0b1, mip.STI <- 0b0)
mem[X,0x0000000080001BB4] -> 0x0513
mem[X,0x0000000080001BB6] -> 0x0010
[742] [M]: 0x0000000080001BB4 (0x00100513) addi x10, x0, 0x1                        inst_92+0
x10 <- 0x0000000000000001

mem[X,0x0000000080001BB8] -> 0x1513
mem[X,0x0000000080001BBA] -> 0x03B5
[743] [M]: 0x0000000080001BB8 (0x03B51513) slli x10, x10, 0x3b                      inst_92+4
x10 <- 0x0800000000000000

clint mtime 0x0000000000000174 (mip.MTI <- 0b1, mip.STI <- 0b0)
mem[X,0x0000000080001BBC] -> 0x4513
mem[X,0x0000000080001BBE] -> 0xFFF5
[744] [M]: 0x0000000080001BBC (0xFFF54513) xori x10, x10, -0x1                      inst_92+8
x10 <- 0xF7FFFFFFFFFFFFFF

mem[X,0x0000000080001BC0] -> 0xA031
[745] [M]: 0x0000000080001BC0 (0xA031) c.j 0xc                                      inst_92+12

clint mtime 0x0000000000000175 (mip.MTI <- 0b1, mip.STI <- 0b0)
mem[X,0x0000000080001BCC] -> 0xC509
[746] [M]: 0x0000000080001BCC (0xC509) c.beqz x10, 0xa                              inst_92+24

mem[X,0x0000000080001BCE] -> 0x0113
mem[X,0x0000000080001BD0] -> 0x0021
[747] [M]: 0x0000000080001BCE (0x00210113) addi x2, x2, 0x2                         inst_92+26
x2 <- 0x01FDDB7D5BFDDC39

clint mtime 0x0000000000000176 (mip.MTI <- 0b1, mip.STI <- 0b0)
mem[X,0x0000000080001BD2] -> 0x006F
mem[X,0x0000000080001BD4] -> 0x0060
[748] [M]: 0x0000000080001BD2 (0x0060006F) jal x0, 0x6                              inst_92+30

mem[X,0x0000000080001BD8] -> 0xB023
mem[X,0x0000000080001BDA] -> 0x2E20
[749] [M]: 0x0000000080001BD8 (0x2E20B023) sd x2, 0x2e0(x1)                         inst_92+36
mem[W,0x00000000800053F8] <- 0x01FDDB7D5BFDDC39

clint mtime 0x0000000000000177 (mip.MTI <- 0b1, mip.STI <- 0b0)
mem[X,0x0000000080001BDC] -> 0x0513
mem[X,0x0000000080001BDE] -> 0x0010
[750] [M]: 0x0000000080001BDC (0x00100513) addi x10, x0, 0x1                        inst_93+0
x10 <- 0x0000000000000001

mem[X,0x0000000080001BE0] -> 0x1513
mem[X,0x0000000080001BE2] -> 0x03C5
[751] [M]: 0x0000000080001BE0 (0x03C51513) slli x10, x10, 0x3c                      inst_93+4
x10 <- 0x1000000000000000

clint mtime 0x0000000000000178 (mip.MTI <- 0b1, mip.STI <- 0b0)
mem[X,0x0000000080001BE4] -> 0x4513
mem[X,0x0000000080001BE6] -> 0xFFF5
[752] [M]: 0x0000000080001BE4 (0xFFF54513) xori x10, x10, -0x1                      inst_93+8
x10 <- 0xEFFFFFFFFFFFFFFF

mem[X,0x0000000080001BE8] -> 0xA031
[753] [M]: 0x0000000080001BE8 (0xA031) c.j 0xc                                      inst_93+12

clint mtime 0x0000000000000179 (mip.MTI <- 0b1, mip.STI <- 0b0)
mem[X,0x0000000080001BF4] -> 0xC511
[754] [M]: 0x0000000080001BF4 (0xC511) c.beqz x10, 0xc                              inst_93+24

mem[X,0x0000000080001BF6] -> 0x0113
mem[X,0x0000000080001BF8] -> 0x0021
[755] [M]: 0x0000000080001BF6 (0x00210113) addi x2, x2, 0x2                         inst_93+26
x2 <- 0x01FDDB7D5BFDDC3B

clint mtime 0x000000000000017A (mip.MTI <- 0b1, mip.STI <- 0b0)
mem[X,0x0000000080001BFA] -> 0x006F
mem[X,0x0000000080001BFC] -> 0x0080
[756] [M]: 0x0000000080001BFA (0x0080006F) jal x0, 0x8                              inst_93+30

mem[X,0x0000000080001C02] -> 0xB423
mem[X,0x0000000080001C04] -> 0x2E20
[757] [M]: 0x0000000080001C02 (0x2E20B423) sd x2, 0x2e8(x1)                         inst_93+38
mem[W,0x0000000080005400] <- 0x01FDDB7D5BFDDC3B

clint mtime 0x000000000000017B (mip.MTI <- 0b1, mip.STI <- 0b0)
mem[X,0x0000000080001C06] -> 0x0513
mem[X,0x0000000080001C08] -> 0x0010
[758] [M]: 0x0000000080001C06 (0x00100513) addi x10, x0, 0x1                        inst_94+0
x10 <- 0x0000000000000001

mem[X,0x0000000080001C0A] -> 0x1513
mem[X,0x0000000080001C0C] -> 0x03D5
[759] [M]: 0x0000000080001C0A (0x03D51513) slli x10, x10, 0x3d                      inst_94+4
x10 <- 0x2000000000000000

clint mtime 0x000000000000017C (mip.MTI <- 0b1, mip.STI <- 0b0)
mem[X,0x0000000080001C0E] -> 0x4513
mem[X,0x0000000080001C10] -> 0xFFF5
[760] [M]: 0x0000000080001C0E (0xFFF54513) xori x10, x10, -0x1                      inst_94+8
x10 <- 0xDFFFFFFFFFFFFFFF

mem[X,0x0000000080001C12] -> 0xA031
[761] [M]: 0x0000000080001C12 (0xA031) c.j 0xc                                      inst_94+12

clint mtime 0x000000000000017D (mip.MTI <- 0b1, mip.STI <- 0b0)
mem[X,0x0000000080001C1E] -> 0xC511
[762] [M]: 0x0000000080001C1E (0xC511) c.beqz x10, 0xc                              inst_94+24

mem[X,0x0000000080001C20] -> 0x0113
mem[X,0x0000000080001C22] -> 0x0021
[763] [M]: 0x0000000080001C20 (0x00210113) addi x2, x2, 0x2                         inst_94+26
x2 <- 0x01FDDB7D5BFDDC3D

clint mtime 0x000000000000017E (mip.MTI <- 0b1, mip.STI <- 0b0)
mem[X,0x0000000080001C24] -> 0x006F
mem[X,0x0000000080001C26] -> 0x0080
[764] [M]: 0x0000000080001C24 (0x0080006F) jal x0, 0x8                              inst_94+30

mem[X,0x0000000080001C2C] -> 0xB823
mem[X,0x0000000080001C2E] -> 0x2E20
[765] [M]: 0x0000000080001C2C (0x2E20B823) sd x2, 0x2f0(x1)                         inst_94+38
mem[W,0x0000000080005408] <- 0x01FDDB7D5BFDDC3D

clint mtime 0x000000000000017F (mip.MTI <- 0b1, mip.STI <- 0b0)
mem[X,0x0000000080001C30] -> 0x0513
mem[X,0x0000000080001C32] -> 0x0010
[766] [M]: 0x0000000080001C30 (0x00100513) addi x10, x0, 0x1                        inst_95+0
x10 <- 0x0000000000000001

mem[X,0x0000000080001C34] -> 0x1513
mem[X,0x0000000080001C36] -> 0x03E5
[767] [M]: 0x0000000080001C34 (0x03E51513) slli x10, x10, 0x3e                      inst_95+4
x10 <- 0x4000000000000000

clint mtime 0x0000000000000180 (mip.MTI <- 0b1, mip.STI <- 0b0)
mem[X,0x0000000080001C38] -> 0x4513
mem[X,0x0000000080001C3A] -> 0xFFF5
[768] [M]: 0x0000000080001C38 (0xFFF54513) xori x10, x10, -0x1                      inst_95+8
x10 <- 0xBFFFFFFFFFFFFFFF

mem[X,0x0000000080001C3C] -> 0xA821
[769] [M]: 0x0000000080001C3C (0xA821) c.j 0x18                                     inst_95+12

clint mtime 0x0000000000000181 (mip.MTI <- 0b1, mip.STI <- 0b0)
mem[X,0x0000000080001C54] -> 0xD575
[770] [M]: 0x0000000080001C54 (0xD575) c.beqz x10, -0x14                            inst_95+36

mem[X,0x0000000080001C56] -> 0x0113
mem[X,0x0000000080001C58] -> 0x0021
[771] [M]: 0x0000000080001C56 (0x00210113) addi x2, x2, 0x2                         inst_95+38
x2 <- 0x01FDDB7D5BFDDC3F

clint mtime 0x0000000000000182 (mip.MTI <- 0b1, mip.STI <- 0b0)
mem[X,0x0000000080001C5A] -> 0x006F
mem[X,0x0000000080001C5C] -> 0x0060
[772] [M]: 0x0000000080001C5A (0x0060006F) jal x0, 0x6                              inst_95+42

mem[X,0x0000000080001C60] -> 0xBC23
mem[X,0x0000000080001C62] -> 0x2E20
[773] [M]: 0x0000000080001C60 (0x2E20BC23) sd x2, 0x2f8(x1)                         inst_95+48
mem[W,0x0000000080005410] <- 0x01FDDB7D5BFDDC3F

clint mtime 0x0000000000000183 (mip.MTI <- 0b1, mip.STI <- 0b0)
mem[X,0x0000000080001C64] -> 0x5537
mem[X,0x0000000080001C66] -> 0x5555
[774] [M]: 0x0000000080001C64 (0x55555537) lui x10, 0x55555                         inst_96+0
x10 <- 0x0000000055555000

mem[X,0x0000000080001C68] -> 0x0513
mem[X,0x0000000080001C6A] -> 0x5555
[775] [M]: 0x0000000080001C68 (0x55550513) addi x10, x10, 0x555                     inst_96+4
x10 <- 0x0000000055555555

clint mtime 0x0000000000000184 (mip.MTI <- 0b1, mip.STI <- 0b0)
mem[X,0x0000000080001C6C] -> 0x1513
mem[X,0x0000000080001C6E] -> 0x00B5
[776] [M]: 0x0000000080001C6C (0x00B51513) slli x10, x10, 0xb                       inst_96+8
x10 <- 0x000002AAAAAAA800

mem[X,0x0000000080001C70] -> 0x0513
mem[X,0x0000000080001C72] -> 0x2AA5
[777] [M]: 0x0000000080001C70 (0x2AA50513) addi x10, x10, 0x2aa                     inst_96+12
x10 <- 0x000002AAAAAAAAAA

clint mtime 0x0000000000000185 (mip.MTI <- 0b1, mip.STI <- 0b0)
mem[X,0x0000000080001C74] -> 0x1513
mem[X,0x0000000080001C76] -> 0x00B5
[778] [M]: 0x0000000080001C74 (0x00B51513) slli x10, x10, 0xb                       inst_96+16
x10 <- 0x0015555555555000

mem[X,0x0000000080001C78] -> 0x0513
mem[X,0x0000000080001C7A] -> 0x5555
[779] [M]: 0x0000000080001C78 (0x55550513) addi x10, x10, 0x555                     inst_96+20
x10 <- 0x0015555555555555

clint mtime 0x0000000000000186 (mip.MTI <- 0b1, mip.STI <- 0b0)
mem[X,0x0000000080001C7C] -> 0x1513
mem[X,0x0000000080001C7E] -> 0x00A5
[780] [M]: 0x0000000080001C7C (0x00A51513) slli x10, x10, 0xa                       inst_96+24
x10 <- 0x5555555555555400

mem[X,0x0000000080001C80] -> 0x0513
mem[X,0x0000000080001C82] -> 0x1555
[781] [M]: 0x0000000080001C80 (0x15550513) addi x10, x10, 0x155                     inst_96+28
x10 <- 0x5555555555555555

clint mtime 0x0000000000000187 (mip.MTI <- 0b1, mip.STI <- 0b0)
mem[X,0x0000000080001C84] -> 0xA031
[782] [M]: 0x0000000080001C84 (0xA031) c.j 0xc                                      inst_96+32

mem[X,0x0000000080001C90] -> 0xC511
[783] [M]: 0x0000000080001C90 (0xC511) c.beqz x10, 0xc                              inst_96+44

clint mtime 0x0000000000000188 (mip.MTI <- 0b1, mip.STI <- 0b0)
mem[X,0x0000000080001C92] -> 0x0113
mem[X,0x0000000080001C94] -> 0x0021
[784] [M]: 0x0000000080001C92 (0x00210113) addi x2, x2, 0x2                         inst_96+46
x2 <- 0x01FDDB7D5BFDDC41

mem[X,0x0000000080001C96] -> 0x006F
mem[X,0x0000000080001C98] -> 0x0080
[785] [M]: 0x0000000080001C96 (0x0080006F) jal x0, 0x8                              inst_96+50

clint mtime 0x0000000000000189 (mip.MTI <- 0b1, mip.STI <- 0b0)
mem[X,0x0000000080001C9E] -> 0xB023
mem[X,0x0000000080001CA0] -> 0x3020
[786] [M]: 0x0000000080001C9E (0x3020B023) sd x2, 0x300(x1)                         inst_96+58
mem[W,0x0000000080005418] <- 0x01FDDB7D5BFDDC41

mem[X,0x0000000080001CA2] -> 0xB537
mem[X,0x0000000080001CA4] -> 0xAAAA
[787] [M]: 0x0000000080001CA2 (0xAAAAB537) lui x10, -0x55555                        inst_97+0
x10 <- 0xFFFFFFFFAAAAB000

clint mtime 0x000000000000018A (mip.MTI <- 0b1, mip.STI <- 0b0)
mem[X,0x0000000080001CA6] -> 0x0513
mem[X,0x0000000080001CA8] -> 0xAAA5
[788] [M]: 0x0000000080001CA6 (0xAAA50513) addi x10, x10, -0x556                    inst_97+4
x10 <- 0xFFFFFFFFAAAAAAAA

mem[X,0x0000000080001CAA] -> 0x1513
mem[X,0x0000000080001CAC] -> 0x00B5
[789] [M]: 0x0000000080001CAA (0x00B51513) slli x10, x10, 0xb                       inst_97+8
x10 <- 0xFFFFFD5555555000

clint mtime 0x000000000000018B (mip.MTI <- 0b1, mip.STI <- 0b0)
mem[X,0x0000000080001CAE] -> 0x0513
mem[X,0x0000000080001CB0] -> 0x5555
[790] [M]: 0x0000000080001CAE (0x55550513) addi x10, x10, 0x555                     inst_97+12
x10 <- 0xFFFFFD5555555555

mem[X,0x0000000080001CB2] -> 0x1513
mem[X,0x0000000080001CB4] -> 0x00B5
[791] [M]: 0x0000000080001CB2 (0x00B51513) slli x10, x10, 0xb                       inst_97+16
x10 <- 0xFFEAAAAAAAAAA800

clint mtime 0x000000000000018C (mip.MTI <- 0b1, mip.STI <- 0b0)
mem[X,0x0000000080001CB6] -> 0x0513
mem[X,0x0000000080001CB8] -> 0x2AA5
[792] [M]: 0x0000000080001CB6 (0x2AA50513) addi x10, x10, 0x2aa                     inst_97+20
x10 <- 0xFFEAAAAAAAAAAAAA

mem[X,0x0000000080001CBA] -> 0x1513
mem[X,0x0000000080001CBC] -> 0x00A5
[793] [M]: 0x0000000080001CBA (0x00A51513) slli x10, x10, 0xa                       inst_97+24
x10 <- 0xAAAAAAAAAAAAA800

clint mtime 0x000000000000018D (mip.MTI <- 0b1, mip.STI <- 0b0)
mem[X,0x0000000080001CBE] -> 0x0513
mem[X,0x0000000080001CC0] -> 0x2AA5
[794] [M]: 0x0000000080001CBE (0x2AA50513) addi x10, x10, 0x2aa                     inst_97+28
x10 <- 0xAAAAAAAAAAAAAAAA

mem[X,0x0000000080001CC2] -> 0xA031
[795] [M]: 0x0000000080001CC2 (0xA031) c.j 0xc                                      inst_97+32

clint mtime 0x000000000000018E (mip.MTI <- 0b1, mip.STI <- 0b0)
mem[X,0x0000000080001CCE] -> 0xC519
[796] [M]: 0x0000000080001CCE (0xC519) c.beqz x10, 0xe                              inst_97+44

mem[X,0x0000000080001CD0] -> 0x0113
mem[X,0x0000000080001CD2] -> 0x0021
[797] [M]: 0x0000000080001CD0 (0x00210113) addi x2, x2, 0x2                         inst_97+46
x2 <- 0x01FDDB7D5BFDDC43

clint mtime 0x000000000000018F (mip.MTI <- 0b1, mip.STI <- 0b0)
mem[X,0x0000000080001CD4] -> 0x006F
mem[X,0x0000000080001CD6] -> 0x00A0
[798] [M]: 0x0000000080001CD4 (0x00A0006F) jal x0, 0xa                              inst_97+50

mem[X,0x0000000080001CDE] -> 0xB423
mem[X,0x0000000080001CE0] -> 0x3020
[799] [M]: 0x0000000080001CDE (0x3020B423) sd x2, 0x308(x1)                         inst_97+60
mem[W,0x0000000080005420] <- 0x01FDDB7D5BFDDC43

clint mtime 0x0000000000000190 (mip.MTI <- 0b1, mip.STI <- 0b0)
mem[X,0x0000000080001CE2] -> 0x0513
mem[X,0x0000000080001CE4] -> 0x0030
[800] [M]: 0x0000000080001CE2 (0x00300513) addi x10, x0, 0x3                        inst_98+0
x10 <- 0x0000000000000003

mem[X,0x0000000080001CE6] -> 0xA031
[801] [M]: 0x0000000080001CE6 (0xA031) c.j 0xc                                      inst_98+4

clint mtime 0x0000000000000191 (mip.MTI <- 0b1, mip.STI <- 0b0)
mem[X,0x0000000080001CF2] -> 0xC509
[802] [M]: 0x0000000080001CF2 (0xC509) c.beqz x10, 0xa                              inst_98+16

mem[X,0x0000000080001CF4] -> 0x0113
mem[X,0x0000000080001CF6] -> 0x0021
[803] [M]: 0x0000000080001CF4 (0x00210113) addi x2, x2, 0x2                         inst_98+18
x2 <- 0x01FDDB7D5BFDDC45

clint mtime 0x0000000000000192 (mip.MTI <- 0b1, mip.STI <- 0b0)
mem[X,0x0000000080001CF8] -> 0x006F
mem[X,0x0000000080001CFA] -> 0x0060
[804] [M]: 0x0000000080001CF8 (0x0060006F) jal x0, 0x6                              inst_98+22

mem[X,0x0000000080001CFE] -> 0xB823
mem[X,0x0000000080001D00] -> 0x3020
[805] [M]: 0x0000000080001CFE (0x3020B823) sd x2, 0x310(x1)                         inst_98+28
mem[W,0x0000000080005428] <- 0x01FDDB7D5BFDDC45

clint mtime 0x0000000000000193 (mip.MTI <- 0b1, mip.STI <- 0b0)
mem[X,0x0000000080001D02] -> 0x0513
mem[X,0x0000000080001D04] -> 0x0050
[806] [M]: 0x0000000080001D02 (0x00500513) addi x10, x0, 0x5                        inst_99+0
x10 <- 0x0000000000000005

mem[X,0x0000000080001D06] -> 0xA031
[807] [M]: 0x0000000080001D06 (0xA031) c.j 0xc                                      inst_99+4

clint mtime 0x0000000000000194 (mip.MTI <- 0b1, mip.STI <- 0b0)
mem[X,0x0000000080001D12] -> 0xC509
[808] [M]: 0x0000000080001D12 (0xC509) c.beqz x10, 0xa                              inst_99+16

mem[X,0x0000000080001D14] -> 0x0113
mem[X,0x0000000080001D16] -> 0x0021
[809] [M]: 0x0000000080001D14 (0x00210113) addi x2, x2, 0x2                         inst_99+18
x2 <- 0x01FDDB7D5BFDDC47

clint mtime 0x0000000000000195 (mip.MTI <- 0b1, mip.STI <- 0b0)
mem[X,0x0000000080001D18] -> 0x006F
mem[X,0x0000000080001D1A] -> 0x0060
[810] [M]: 0x0000000080001D18 (0x0060006F) jal x0, 0x6                              inst_99+22

mem[X,0x0000000080001D1E] -> 0xBC23
mem[X,0x0000000080001D20] -> 0x3020
[811] [M]: 0x0000000080001D1E (0x3020BC23) sd x2, 0x318(x1)                         inst_99+28
mem[W,0x0000000080005430] <- 0x01FDDB7D5BFDDC47

clint mtime 0x0000000000000196 (mip.MTI <- 0b1, mip.STI <- 0b0)
mem[X,0x0000000080001D22] -> 0x3537
mem[X,0x0000000080001D24] -> 0x3333
[812] [M]: 0x0000000080001D22 (0x33333537) lui x10, 0x33333                         inst_100+0
x10 <- 0x0000000033333000

mem[X,0x0000000080001D26] -> 0x0513
mem[X,0x0000000080001D28] -> 0x3335
[813] [M]: 0x0000000080001D26 (0x33350513) addi x10, x10, 0x333                     inst_100+4
x10 <- 0x0000000033333333

clint mtime 0x0000000000000197 (mip.MTI <- 0b1, mip.STI <- 0b0)
mem[X,0x0000000080001D2A] -> 0x1513
mem[X,0x0000000080001D2C] -> 0x00B5
[814] [M]: 0x0000000080001D2A (0x00B51513) slli x10, x10, 0xb                       inst_100+8
x10 <- 0x0000019999999800

mem[X,0x0000000080001D2E] -> 0x0513
mem[X,0x0000000080001D30] -> 0x1995
[815] [M]: 0x0000000080001D2E (0x19950513) addi x10, x10, 0x199                     inst_100+12
x10 <- 0x0000019999999999

clint mtime 0x0000000000000198 (mip.MTI <- 0b1, mip.STI <- 0b0)
mem[X,0x0000000080001D32] -> 0x1513
mem[X,0x0000000080001D34] -> 0x00B5
[816] [M]: 0x0000000080001D32 (0x00B51513) slli x10, x10, 0xb                       inst_100+16
x10 <- 0x000CCCCCCCCCC800

mem[X,0x0000000080001D36] -> 0x0513
mem[X,0x0000000080001D38] -> 0x4CC5
[817] [M]: 0x0000000080001D36 (0x4CC50513) addi x10, x10, 0x4cc                     inst_100+20
x10 <- 0x000CCCCCCCCCCCCC

clint mtime 0x0000000000000199 (mip.MTI <- 0b1, mip.STI <- 0b0)
mem[X,0x0000000080001D3A] -> 0x1513
mem[X,0x0000000080001D3C] -> 0x00A5
[818] [M]: 0x0000000080001D3A (0x00A51513) slli x10, x10, 0xa                       inst_100+24
x10 <- 0x3333333333333000

mem[X,0x0000000080001D3E] -> 0x0513
mem[X,0x0000000080001D40] -> 0x3335
[819] [M]: 0x0000000080001D3E (0x33350513) addi x10, x10, 0x333                     inst_100+28
x10 <- 0x3333333333333333

clint mtime 0x000000000000019A (mip.MTI <- 0b1, mip.STI <- 0b0)
mem[X,0x0000000080001D42] -> 0xA031
[820] [M]: 0x0000000080001D42 (0xA031) c.j 0xc                                      inst_100+32

mem[X,0x0000000080001D4E] -> 0xC105
[821] [M]: 0x0000000080001D4E (0xC105) c.beqz x10, 0x20                             inst_100+44

clint mtime 0x000000000000019B (mip.MTI <- 0b1, mip.STI <- 0b0)
mem[X,0x0000000080001D50] -> 0x0113
mem[X,0x0000000080001D52] -> 0x0021
[822] [M]: 0x0000000080001D50 (0x00210113) addi x2, x2, 0x2                         inst_100+46
x2 <- 0x01FDDB7D5BFDDC49

mem[X,0x0000000080001D54] -> 0x006F
mem[X,0x0000000080001D56] -> 0x01C0
[823] [M]: 0x0000000080001D54 (0x01C0006F) jal x0, 0x1c                             inst_100+50

clint mtime 0x000000000000019C (mip.MTI <- 0b1, mip.STI <- 0b0)
mem[X,0x0000000080001D70] -> 0xB023
mem[X,0x0000000080001D72] -> 0x3220
[824] [M]: 0x0000000080001D70 (0x3220B023) sd x2, 0x320(x1)                         inst_100+78
mem[W,0x0000000080005438] <- 0x01FDDB7D5BFDDC49

mem[X,0x0000000080001D74] -> 0x6537
mem[X,0x0000000080001D76] -> 0x6666
[825] [M]: 0x0000000080001D74 (0x66666537) lui x10, 0x66666                         inst_101+0
x10 <- 0x0000000066666000

clint mtime 0x000000000000019D (mip.MTI <- 0b1, mip.STI <- 0b0)
mem[X,0x0000000080001D78] -> 0x0513
mem[X,0x0000000080001D7A] -> 0x6665
[826] [M]: 0x0000000080001D78 (0x66650513) addi x10, x10, 0x666                     inst_101+4
x10 <- 0x0000000066666666

mem[X,0x0000000080001D7C] -> 0x1513
mem[X,0x0000000080001D7E] -> 0x00B5
[827] [M]: 0x0000000080001D7C (0x00B51513) slli x10, x10, 0xb                       inst_101+8
x10 <- 0x0000033333333000

clint mtime 0x000000000000019E (mip.MTI <- 0b1, mip.STI <- 0b0)
mem[X,0x0000000080001D80] -> 0x0513
mem[X,0x0000000080001D82] -> 0x3335
[828] [M]: 0x0000000080001D80 (0x33350513) addi x10, x10, 0x333                     inst_101+12
x10 <- 0x0000033333333333

mem[X,0x0000000080001D84] -> 0x1513
mem[X,0x0000000080001D86] -> 0x00B5
[829] [M]: 0x0000000080001D84 (0x00B51513) slli x10, x10, 0xb                       inst_101+16
x10 <- 0x0019999999999800

clint mtime 0x000000000000019F (mip.MTI <- 0b1, mip.STI <- 0b0)
mem[X,0x0000000080001D88] -> 0x0513
mem[X,0x0000000080001D8A] -> 0x1995
[830] [M]: 0x0000000080001D88 (0x19950513) addi x10, x10, 0x199                     inst_101+20
x10 <- 0x0019999999999999

mem[X,0x0000000080001D8C] -> 0x1513
mem[X,0x0000000080001D8E] -> 0x00A5
[831] [M]: 0x0000000080001D8C (0x00A51513) slli x10, x10, 0xa                       inst_101+24
x10 <- 0x6666666666666400

clint mtime 0x00000000000001A0 (mip.MTI <- 0b1, mip.STI <- 0b0)
mem[X,0x0000000080001D90] -> 0x0513
mem[X,0x0000000080001D92] -> 0x2665
[832] [M]: 0x0000000080001D90 (0x26650513) addi x10, x10, 0x266                     inst_101+28
x10 <- 0x6666666666666666

mem[X,0x0000000080001D94] -> 0xA031
[833] [M]: 0x0000000080001D94 (0xA031) c.j 0xc                                      inst_101+32

clint mtime 0x00000000000001A1 (mip.MTI <- 0b1, mip.STI <- 0b0)
mem[X,0x0000000080001DA0] -> 0xC909
[834] [M]: 0x0000000080001DA0 (0xC909) c.beqz x10, 0x12                             inst_101+44

mem[X,0x0000000080001DA2] -> 0x0113
mem[X,0x0000000080001DA4] -> 0x0021
[835] [M]: 0x0000000080001DA2 (0x00210113) addi x2, x2, 0x2                         inst_101+46
x2 <- 0x01FDDB7D5BFDDC4B

clint mtime 0x00000000000001A2 (mip.MTI <- 0b1, mip.STI <- 0b0)
mem[X,0x0000000080001DA6] -> 0x006F
mem[X,0x0000000080001DA8] -> 0x00E0
[836] [M]: 0x0000000080001DA6 (0x00E0006F) jal x0, 0xe                              inst_101+50

mem[X,0x0000000080001DB4] -> 0xB423
mem[X,0x0000000080001DB6] -> 0x3220
[837] [M]: 0x0000000080001DB4 (0x3220B423) sd x2, 0x328(x1)                         inst_101+64
mem[W,0x0000000080005440] <- 0x01FDDB7D5BFDDC4B

clint mtime 0x00000000000001A3 (mip.MTI <- 0b1, mip.STI <- 0b0)
mem[X,0x0000000080001DB8] -> 0x0537
mem[X,0x0000000080001DBA] -> 0x0000
[838] [M]: 0x0000000080001DB8 (0x00000537) lui x10, 0x0                             inst_102+0
x10 <- 0x0000000000000000

mem[X,0x0000000080001DBC] -> 0x0513
mem[X,0x0000000080001DBE] -> 0x0005
[839] [M]: 0x0000000080001DBC (0x00050513) addi x10, x10, 0x0                       inst_102+4
x10 <- 0x0000000000000000

clint mtime 0x00000000000001A4 (mip.MTI <- 0b1, mip.STI <- 0b0)
mem[X,0x0000000080001DC0] -> 0x1513
mem[X,0x0000000080001DC2] -> 0x00B5
[840] [M]: 0x0000000080001DC0 (0x00B51513) slli x10, x10, 0xb                       inst_102+8
x10 <- 0x0000000000000000

mem[X,0x0000000080001DC4] -> 0x0513
mem[X,0x0000000080001DC6] -> 0x5A85
[841] [M]: 0x0000000080001DC4 (0x5A850513) addi x10, x10, 0x5a8                     inst_102+12
x10 <- 0x00000000000005A8

clint mtime 0x00000000000001A5 (mip.MTI <- 0b1, mip.STI <- 0b0)
mem[X,0x0000000080001DC8] -> 0x1513
mem[X,0x0000000080001DCA] -> 0x00B5
[842] [M]: 0x0000000080001DC8 (0x00B51513) slli x10, x10, 0xb                       inst_102+16
x10 <- 0x00000000002D4000

mem[X,0x0000000080001DCC] -> 0x0513
mem[X,0x0000000080001DCE] -> 0x13C5
[843] [M]: 0x0000000080001DCC (0x13C50513) addi x10, x10, 0x13c                     inst_102+20
x10 <- 0x00000000002D413C

clint mtime 0x00000000000001A6 (mip.MTI <- 0b1, mip.STI <- 0b0)
mem[X,0x0000000080001DD0] -> 0x1513
mem[X,0x0000000080001DD2] -> 0x00A5
[844] [M]: 0x0000000080001DD0 (0x00A51513) slli x10, x10, 0xa                       inst_102+24
x10 <- 0x00000000B504F000

mem[X,0x0000000080001DD4] -> 0x0513
mem[X,0x0000000080001DD6] -> 0x3335
[845] [M]: 0x0000000080001DD4 (0x33350513) addi x10, x10, 0x333                     inst_102+28
x10 <- 0x00000000B504F333

clint mtime 0x00000000000001A7 (mip.MTI <- 0b1, mip.STI <- 0b0)
mem[X,0x0000000080001DD8] -> 0xA031
[846] [M]: 0x0000000080001DD8 (0xA031) c.j 0xc                                      inst_102+32

mem[X,0x0000000080001DE4] -> 0xDD65
[847] [M]: 0x0000000080001DE4 (0xDD65) c.beqz x10, -0x8                             inst_102+44

clint mtime 0x00000000000001A8 (mip.MTI <- 0b1, mip.STI <- 0b0)
mem[X,0x0000000080001DE6] -> 0x0113
mem[X,0x0000000080001DE8] -> 0x0021
[848] [M]: 0x0000000080001DE6 (0x00210113) addi x2, x2, 0x2                         inst_102+46
x2 <- 0x01FDDB7D5BFDDC4D

mem[X,0x0000000080001DEA] -> 0x006F
mem[X,0x0000000080001DEC] -> 0x0060
[849] [M]: 0x0000000080001DEA (0x0060006F) jal x0, 0x6                              inst_102+50

clint mtime 0x00000000000001A9 (mip.MTI <- 0b1, mip.STI <- 0b0)
mem[X,0x0000000080001DF0] -> 0xB823
mem[X,0x0000000080001DF2] -> 0x3220
[850] [M]: 0x0000000080001DF0 (0x3220B823) sd x2, 0x330(x1)                         inst_102+56
mem[W,0x0000000080005448] <- 0x01FDDB7D5BFDDC4D

mem[X,0x0000000080001DF4] -> 0x5537
mem[X,0x0000000080001DF6] -> 0x5555
[851] [M]: 0x0000000080001DF4 (0x55555537) lui x10, 0x55555                         inst_103+0
x10 <- 0x0000000055555000

clint mtime 0x00000000000001AA (mip.MTI <- 0b1, mip.STI <- 0b0)
mem[X,0x0000000080001DF8] -> 0x0513
mem[X,0x0000000080001DFA] -> 0x5555
[852] [M]: 0x0000000080001DF8 (0x55550513) addi x10, x10, 0x555                     inst_103+4
x10 <- 0x0000000055555555

mem[X,0x0000000080001DFC] -> 0x1513
mem[X,0x0000000080001DFE] -> 0x00B5
[853] [M]: 0x0000000080001DFC (0x00B51513) slli x10, x10, 0xb                       inst_103+8
x10 <- 0x000002AAAAAAA800

clint mtime 0x00000000000001AB (mip.MTI <- 0b1, mip.STI <- 0b0)
mem[X,0x0000000080001E00] -> 0x0513
mem[X,0x0000000080001E02] -> 0x2AA5
[854] [M]: 0x0000000080001E00 (0x2AA50513) addi x10, x10, 0x2aa                     inst_103+12
x10 <- 0x000002AAAAAAAAAA

mem[X,0x0000000080001E04] -> 0x1513
mem[X,0x0000000080001E06] -> 0x00B5
[855] [M]: 0x0000000080001E04 (0x00B51513) slli x10, x10, 0xb                       inst_103+16
x10 <- 0x0015555555555000

clint mtime 0x00000000000001AC (mip.MTI <- 0b1, mip.STI <- 0b0)
mem[X,0x0000000080001E08] -> 0x0513
mem[X,0x0000000080001E0A] -> 0x5555
[856] [M]: 0x0000000080001E08 (0x55550513) addi x10, x10, 0x555                     inst_103+20
x10 <- 0x0015555555555555

mem[X,0x0000000080001E0C] -> 0x1513
mem[X,0x0000000080001E0E] -> 0x00A5
[857] [M]: 0x0000000080001E0C (0x00A51513) slli x10, x10, 0xa                       inst_103+24
x10 <- 0x5555555555555400

clint mtime 0x00000000000001AD (mip.MTI <- 0b1, mip.STI <- 0b0)
mem[X,0x0000000080001E10] -> 0x0513
mem[X,0x0000000080001E12] -> 0x1545
[858] [M]: 0x0000000080001E10 (0x15450513) addi x10, x10, 0x154                     inst_103+28
x10 <- 0x5555555555555554

mem[X,0x0000000080001E14] -> 0xA031
[859] [M]: 0x0000000080001E14 (0xA031) c.j 0xc                                      inst_103+32

clint mtime 0x00000000000001AE (mip.MTI <- 0b1, mip.STI <- 0b0)
mem[X,0x0000000080001E20] -> 0xC509
[860] [M]: 0x0000000080001E20 (0xC509) c.beqz x10, 0xa                              inst_103+44

mem[X,0x0000000080001E22] -> 0x0113
mem[X,0x0000000080001E24] -> 0x0021
[861] [M]: 0x0000000080001E22 (0x00210113) addi x2, x2, 0x2                         inst_103+46
x2 <- 0x01FDDB7D5BFDDC4F

clint mtime 0x00000000000001AF (mip.MTI <- 0b1, mip.STI <- 0b0)
mem[X,0x0000000080001E26] -> 0x006F
mem[X,0x0000000080001E28] -> 0x0060
[862] [M]: 0x0000000080001E26 (0x0060006F) jal x0, 0x6                              inst_103+50

mem[X,0x0000000080001E2C] -> 0xBC23
mem[X,0x0000000080001E2E] -> 0x3220
[863] [M]: 0x0000000080001E2C (0x3220BC23) sd x2, 0x338(x1)                         inst_103+56
mem[W,0x0000000080005450] <- 0x01FDDB7D5BFDDC4F

clint mtime 0x00000000000001B0 (mip.MTI <- 0b1, mip.STI <- 0b0)
mem[X,0x0000000080001E30] -> 0x3537
mem[X,0x0000000080001E32] -> 0x3333
[864] [M]: 0x0000000080001E30 (0x33333537) lui x10, 0x33333                         inst_104+0
x10 <- 0x0000000033333000

mem[X,0x0000000080001E34] -> 0x0513
mem[X,0x0000000080001E36] -> 0x3335
[865] [M]: 0x0000000080001E34 (0x33350513) addi x10, x10, 0x333                     inst_104+4
x10 <- 0x0000000033333333

clint mtime 0x00000000000001B1 (mip.MTI <- 0b1, mip.STI <- 0b0)
mem[X,0x0000000080001E38] -> 0x1513
mem[X,0x0000000080001E3A] -> 0x00B5
[866] [M]: 0x0000000080001E38 (0x00B51513) slli x10, x10, 0xb                       inst_104+8
x10 <- 0x0000019999999800

mem[X,0x0000000080001E3C] -> 0x0513
mem[X,0x0000000080001E3E] -> 0x1995
[867] [M]: 0x0000000080001E3C (0x19950513) addi x10, x10, 0x199                     inst_104+12
x10 <- 0x0000019999999999

clint mtime 0x00000000000001B2 (mip.MTI <- 0b1, mip.STI <- 0b0)
mem[X,0x0000000080001E40] -> 0x1513
mem[X,0x0000000080001E42] -> 0x00B5
[868] [M]: 0x0000000080001E40 (0x00B51513) slli x10, x10, 0xb                       inst_104+16
x10 <- 0x000CCCCCCCCCC800

mem[X,0x0000000080001E44] -> 0x0513
mem[X,0x0000000080001E46] -> 0x4CC5
[869] [M]: 0x0000000080001E44 (0x4CC50513) addi x10, x10, 0x4cc                     inst_104+20
x10 <- 0x000CCCCCCCCCCCCC

clint mtime 0x00000000000001B3 (mip.MTI <- 0b1, mip.STI <- 0b0)
mem[X,0x0000000080001E48] -> 0x1513
mem[X,0x0000000080001E4A] -> 0x00A5
[870] [M]: 0x0000000080001E48 (0x00A51513) slli x10, x10, 0xa                       inst_104+24
x10 <- 0x3333333333333000

mem[X,0x0000000080001E4C] -> 0x0513
mem[X,0x0000000080001E4E] -> 0x3325
[871] [M]: 0x0000000080001E4C (0x33250513) addi x10, x10, 0x332                     inst_104+28
x10 <- 0x3333333333333332

clint mtime 0x00000000000001B4 (mip.MTI <- 0b1, mip.STI <- 0b0)
mem[X,0x0000000080001E50] -> 0xA031
[872] [M]: 0x0000000080001E50 (0xA031) c.j 0xc                                      inst_104+32

mem[X,0x0000000080001E5C] -> 0xC901
[873] [M]: 0x0000000080001E5C (0xC901) c.beqz x10, 0x10                             inst_104+44

clint mtime 0x00000000000001B5 (mip.MTI <- 0b1, mip.STI <- 0b0)
mem[X,0x0000000080001E5E] -> 0x0113
mem[X,0x0000000080001E60] -> 0x0021
[874] [M]: 0x0000000080001E5E (0x00210113) addi x2, x2, 0x2                         inst_104+46
x2 <- 0x01FDDB7D5BFDDC51

mem[X,0x0000000080001E62] -> 0x006F
mem[X,0x0000000080001E64] -> 0x00C0
[875] [M]: 0x0000000080001E62 (0x00C0006F) jal x0, 0xc                              inst_104+50

clint mtime 0x00000000000001B6 (mip.MTI <- 0b1, mip.STI <- 0b0)
mem[X,0x0000000080001E6E] -> 0xB023
mem[X,0x0000000080001E70] -> 0x3420
[876] [M]: 0x0000000080001E6E (0x3420B023) sd x2, 0x340(x1)                         inst_104+62
mem[W,0x0000000080005458] <- 0x01FDDB7D5BFDDC51

mem[X,0x0000000080001E72] -> 0x6537
mem[X,0x0000000080001E74] -> 0x6666
[877] [M]: 0x0000000080001E72 (0x66666537) lui x10, 0x66666                         inst_105+0
x10 <- 0x0000000066666000

clint mtime 0x00000000000001B7 (mip.MTI <- 0b1, mip.STI <- 0b0)
mem[X,0x0000000080001E76] -> 0x0513
mem[X,0x0000000080001E78] -> 0x6665
[878] [M]: 0x0000000080001E76 (0x66650513) addi x10, x10, 0x666                     inst_105+4
x10 <- 0x0000000066666666

mem[X,0x0000000080001E7A] -> 0x1513
mem[X,0x0000000080001E7C] -> 0x00B5
[879] [M]: 0x0000000080001E7A (0x00B51513) slli x10, x10, 0xb                       inst_105+8
x10 <- 0x0000033333333000

clint mtime 0x00000000000001B8 (mip.MTI <- 0b1, mip.STI <- 0b0)
mem[X,0x0000000080001E7E] -> 0x0513
mem[X,0x0000000080001E80] -> 0x3335
[880] [M]: 0x0000000080001E7E (0x33350513) addi x10, x10, 0x333                     inst_105+12
x10 <- 0x0000033333333333

mem[X,0x0000000080001E82] -> 0x1513
mem[X,0x0000000080001E84] -> 0x00B5
[881] [M]: 0x0000000080001E82 (0x00B51513) slli x10, x10, 0xb                       inst_105+16
x10 <- 0x0019999999999800

clint mtime 0x00000000000001B9 (mip.MTI <- 0b1, mip.STI <- 0b0)
mem[X,0x0000000080001E86] -> 0x0513
mem[X,0x0000000080001E88] -> 0x1995
[882] [M]: 0x0000000080001E86 (0x19950513) addi x10, x10, 0x199                     inst_105+20
x10 <- 0x0019999999999999

mem[X,0x0000000080001E8A] -> 0x1513
mem[X,0x0000000080001E8C] -> 0x00A5
[883] [M]: 0x0000000080001E8A (0x00A51513) slli x10, x10, 0xa                       inst_105+24
x10 <- 0x6666666666666400

clint mtime 0x00000000000001BA (mip.MTI <- 0b1, mip.STI <- 0b0)
mem[X,0x0000000080001E8E] -> 0x0513
mem[X,0x0000000080001E90] -> 0x2655
[884] [M]: 0x0000000080001E8E (0x26550513) addi x10, x10, 0x265                     inst_105+28
x10 <- 0x6666666666666665

mem[X,0x0000000080001E92] -> 0xA031
[885] [M]: 0x0000000080001E92 (0xA031) c.j 0xc                                      inst_105+32

clint mtime 0x00000000000001BB (mip.MTI <- 0b1, mip.STI <- 0b0)
mem[X,0x0000000080001E9E] -> 0xC141
[886] [M]: 0x0000000080001E9E (0xC141) c.beqz x10, 0x80                             inst_105+44

mem[X,0x0000000080001EA0] -> 0x0113
mem[X,0x0000000080001EA2] -> 0x0021
[887] [M]: 0x0000000080001EA0 (0x00210113) addi x2, x2, 0x2                         inst_105+46
x2 <- 0x01FDDB7D5BFDDC53

clint mtime 0x00000000000001BC (mip.MTI <- 0b1, mip.STI <- 0b0)
mem[X,0x0000000080001EA4] -> 0x006F
mem[X,0x0000000080001EA6] -> 0x07C0
[888] [M]: 0x0000000080001EA4 (0x07C0006F) jal x0, 0x7c                             inst_105+50

mem[X,0x0000000080001F20] -> 0xB423
mem[X,0x0000000080001F22] -> 0x3420
[889] [M]: 0x0000000080001F20 (0x3420B423) sd x2, 0x348(x1)                         inst_105+174
mem[W,0x0000000080005460] <- 0x01FDDB7D5BFDDC53

clint mtime 0x00000000000001BD (mip.MTI <- 0b1, mip.STI <- 0b0)
mem[X,0x0000000080001F24] -> 0x0537
mem[X,0x0000000080001F26] -> 0x0000
[890] [M]: 0x0000000080001F24 (0x00000537) lui x10, 0x0                             inst_106+0
x10 <- 0x0000000000000000

mem[X,0x0000000080001F28] -> 0x0513
mem[X,0x0000000080001F2A] -> 0x0005
[891] [M]: 0x0000000080001F28 (0x00050513) addi x10, x10, 0x0                       inst_106+4
x10 <- 0x0000000000000000

clint mtime 0x00000000000001BE (mip.MTI <- 0b1, mip.STI <- 0b0)
mem[X,0x0000000080001F2C] -> 0x1513
mem[X,0x0000000080001F2E] -> 0x00B5
[892] [M]: 0x0000000080001F2C (0x00B51513) slli x10, x10, 0xb                       inst_106+8
x10 <- 0x0000000000000000

mem[X,0x0000000080001F30] -> 0x0513
mem[X,0x0000000080001F32] -> 0x5A85
[893] [M]: 0x0000000080001F30 (0x5A850513) addi x10, x10, 0x5a8                     inst_106+12
x10 <- 0x00000000000005A8

clint mtime 0x00000000000001BF (mip.MTI <- 0b1, mip.STI <- 0b0)
mem[X,0x0000000080001F34] -> 0x1513
mem[X,0x0000000080001F36] -> 0x00B5
[894] [M]: 0x0000000080001F34 (0x00B51513) slli x10, x10, 0xb                       inst_106+16
x10 <- 0x00000000002D4000

mem[X,0x0000000080001F38] -> 0x0513
mem[X,0x0000000080001F3A] -> 0x13C5
[895] [M]: 0x0000000080001F38 (0x13C50513) addi x10, x10, 0x13c                     inst_106+20
x10 <- 0x00000000002D413C

clint mtime 0x00000000000001C0 (mip.MTI <- 0b1, mip.STI <- 0b0)
mem[X,0x0000000080001F3C] -> 0x1513
mem[X,0x0000000080001F3E] -> 0x00A5
[896] [M]: 0x0000000080001F3C (0x00A51513) slli x10, x10, 0xa                       inst_106+24
x10 <- 0x00000000B504F000

mem[X,0x0000000080001F40] -> 0x0513
mem[X,0x0000000080001F42] -> 0x3325
[897] [M]: 0x0000000080001F40 (0x33250513) addi x10, x10, 0x332                     inst_106+28
x10 <- 0x00000000B504F332

clint mtime 0x00000000000001C1 (mip.MTI <- 0b1, mip.STI <- 0b0)
mem[X,0x0000000080001F44] -> 0xA031
[898] [M]: 0x0000000080001F44 (0xA031) c.j 0xc                                      inst_106+32

mem[X,0x0000000080001F50] -> 0xC141
[899] [M]: 0x0000000080001F50 (0xC141) c.beqz x10, 0x80                             inst_106+44

clint mtime 0x00000000000001C2 (mip.MTI <- 0b1, mip.STI <- 0b0)
mem[X,0x0000000080001F52] -> 0x0113
mem[X,0x0000000080001F54] -> 0x0021
[900] [M]: 0x0000000080001F52 (0x00210113) addi x2, x2, 0x2                         inst_106+46
x2 <- 0x01FDDB7D5BFDDC55

mem[X,0x0000000080001F56] -> 0x006F
mem[X,0x0000000080001F58] -> 0x07C0
[901] [M]: 0x0000000080001F56 (0x07C0006F) jal x0, 0x7c                             inst_106+50

clint mtime 0x00000000000001C3 (mip.MTI <- 0b1, mip.STI <- 0b0)
mem[X,0x0000000080001FD2] -> 0xB823
mem[X,0x0000000080001FD4] -> 0x3420
[902] [M]: 0x0000000080001FD2 (0x3420B823) sd x2, 0x350(x1)                         inst_106+174
mem[W,0x0000000080005468] <- 0x01FDDB7D5BFDDC55

mem[X,0x0000000080001FD6] -> 0x5537
mem[X,0x0000000080001FD8] -> 0x5555
[903] [M]: 0x0000000080001FD6 (0x55555537) lui x10, 0x55555                         inst_107+0
x10 <- 0x0000000055555000

clint mtime 0x00000000000001C4 (mip.MTI <- 0b1, mip.STI <- 0b0)
mem[X,0x0000000080001FDA] -> 0x0513
mem[X,0x0000000080001FDC] -> 0x5555
[904] [M]: 0x0000000080001FDA (0x55550513) addi x10, x10, 0x555                     inst_107+4
x10 <- 0x0000000055555555

mem[X,0x0000000080001FDE] -> 0x1513
mem[X,0x0000000080001FE0] -> 0x00B5
[905] [M]: 0x0000000080001FDE (0x00B51513) slli x10, x10, 0xb                       inst_107+8
x10 <- 0x000002AAAAAAA800

clint mtime 0x00000000000001C5 (mip.MTI <- 0b1, mip.STI <- 0b0)
mem[X,0x0000000080001FE2] -> 0x0513
mem[X,0x0000000080001FE4] -> 0x2AA5
[906] [M]: 0x0000000080001FE2 (0x2AA50513) addi x10, x10, 0x2aa                     inst_107+12
x10 <- 0x000002AAAAAAAAAA

mem[X,0x0000000080001FE6] -> 0x1513
mem[X,0x0000000080001FE8] -> 0x00B5
[907] [M]: 0x0000000080001FE6 (0x00B51513) slli x10, x10, 0xb                       inst_107+16
x10 <- 0x0015555555555000

clint mtime 0x00000000000001C6 (mip.MTI <- 0b1, mip.STI <- 0b0)
mem[X,0x0000000080001FEA] -> 0x0513
mem[X,0x0000000080001FEC] -> 0x5555
[908] [M]: 0x0000000080001FEA (0x55550513) addi x10, x10, 0x555                     inst_107+20
x10 <- 0x0015555555555555

mem[X,0x0000000080001FEE] -> 0x1513
mem[X,0x0000000080001FF0] -> 0x00A5
[909] [M]: 0x0000000080001FEE (0x00A51513) slli x10, x10, 0xa                       inst_107+24
x10 <- 0x5555555555555400

clint mtime 0x00000000000001C7 (mip.MTI <- 0b1, mip.STI <- 0b0)
mem[X,0x0000000080001FF2] -> 0x0513
mem[X,0x0000000080001FF4] -> 0x1565
[910] [M]: 0x0000000080001FF2 (0x15650513) addi x10, x10, 0x156                     inst_107+28
x10 <- 0x5555555555555556

mem[X,0x0000000080001FF6] -> 0xA031
[911] [M]: 0x0000000080001FF6 (0xA031) c.j 0xc                                      inst_107+32

clint mtime 0x00000000000001C8 (mip.MTI <- 0b1, mip.STI <- 0b0)
mem[X,0x0000000080002002] -> 0xC519
[912] [M]: 0x0000000080002002 (0xC519) c.beqz x10, 0xe                              inst_107+44

mem[X,0x0000000080002004] -> 0x0113
mem[X,0x0000000080002006] -> 0x0021
[913] [M]: 0x0000000080002004 (0x00210113) addi x2, x2, 0x2                         inst_107+46
x2 <- 0x01FDDB7D5BFDDC57

clint mtime 0x00000000000001C9 (mip.MTI <- 0b1, mip.STI <- 0b0)
mem[X,0x0000000080002008] -> 0x006F
mem[X,0x000000008000200A] -> 0x00A0
[914] [M]: 0x0000000080002008 (0x00A0006F) jal x0, 0xa                              inst_107+50

mem[X,0x0000000080002012] -> 0xBC23
mem[X,0x0000000080002014] -> 0x3420
[915] [M]: 0x0000000080002012 (0x3420BC23) sd x2, 0x358(x1)                         inst_107+60
mem[W,0x0000000080005470] <- 0x01FDDB7D5BFDDC57

clint mtime 0x00000000000001CA (mip.MTI <- 0b1, mip.STI <- 0b0)
mem[X,0x0000000080002016] -> 0xB537
mem[X,0x0000000080002018] -> 0xAAAA
[916] [M]: 0x0000000080002016 (0xAAAAB537) lui x10, -0x55555                        inst_108+0
x10 <- 0xFFFFFFFFAAAAB000

mem[X,0x000000008000201A] -> 0x0513
mem[X,0x000000008000201C] -> 0xAAA5
[917] [M]: 0x000000008000201A (0xAAA50513) addi x10, x10, -0x556                    inst_108+4
x10 <- 0xFFFFFFFFAAAAAAAA

clint mtime 0x00000000000001CB (mip.MTI <- 0b1, mip.STI <- 0b0)
mem[X,0x000000008000201E] -> 0x1513
mem[X,0x0000000080002020] -> 0x00B5
[918] [M]: 0x000000008000201E (0x00B51513) slli x10, x10, 0xb                       inst_108+8
x10 <- 0xFFFFFD5555555000

mem[X,0x0000000080002022] -> 0x0513
mem[X,0x0000000080002024] -> 0x5555
[919] [M]: 0x0000000080002022 (0x55550513) addi x10, x10, 0x555                     inst_108+12
x10 <- 0xFFFFFD5555555555

clint mtime 0x00000000000001CC (mip.MTI <- 0b1, mip.STI <- 0b0)
mem[X,0x0000000080002026] -> 0x1513
mem[X,0x0000000080002028] -> 0x00B5
[920] [M]: 0x0000000080002026 (0x00B51513) slli x10, x10, 0xb                       inst_108+16
x10 <- 0xFFEAAAAAAAAAA800

mem[X,0x000000008000202A] -> 0x0513
mem[X,0x000000008000202C] -> 0x2AA5
[921] [M]: 0x000000008000202A (0x2AA50513) addi x10, x10, 0x2aa                     inst_108+20
x10 <- 0xFFEAAAAAAAAAAAAA

clint mtime 0x00000000000001CD (mip.MTI <- 0b1, mip.STI <- 0b0)
mem[X,0x000000008000202E] -> 0x1513
mem[X,0x0000000080002030] -> 0x00A5
[922] [M]: 0x000000008000202E (0x00A51513) slli x10, x10, 0xa                       inst_108+24
x10 <- 0xAAAAAAAAAAAAA800

mem[X,0x0000000080002032] -> 0x0513
mem[X,0x0000000080002034] -> 0x2AB5
[923] [M]: 0x0000000080002032 (0x2AB50513) addi x10, x10, 0x2ab                     inst_108+28
x10 <- 0xAAAAAAAAAAAAAAAB

clint mtime 0x00000000000001CE (mip.MTI <- 0b1, mip.STI <- 0b0)
mem[X,0x0000000080002036] -> 0xA031
[924] [M]: 0x0000000080002036 (0xA031) c.j 0xc                                      inst_108+32

mem[X,0x0000000080002042] -> 0xC509
[925] [M]: 0x0000000080002042 (0xC509) c.beqz x10, 0xa                              inst_108+44

clint mtime 0x00000000000001CF (mip.MTI <- 0b1, mip.STI <- 0b0)
mem[X,0x0000000080002044] -> 0x0113
mem[X,0x0000000080002046] -> 0x0021
[926] [M]: 0x0000000080002044 (0x00210113) addi x2, x2, 0x2                         inst_108+46
x2 <- 0x01FDDB7D5BFDDC59

mem[X,0x0000000080002048] -> 0x006F
mem[X,0x000000008000204A] -> 0x0060
[927] [M]: 0x0000000080002048 (0x0060006F) jal x0, 0x6                              inst_108+50

clint mtime 0x00000000000001D0 (mip.MTI <- 0b1, mip.STI <- 0b0)
mem[X,0x000000008000204E] -> 0xB023
mem[X,0x0000000080002050] -> 0x3620
[928] [M]: 0x000000008000204E (0x3620B023) sd x2, 0x360(x1)                         inst_108+56
mem[W,0x0000000080005478] <- 0x01FDDB7D5BFDDC59

mem[X,0x0000000080002052] -> 0x0513
mem[X,0x0000000080002054] -> 0x0060
[929] [M]: 0x0000000080002052 (0x00600513) addi x10, x0, 0x6                        inst_109+0
x10 <- 0x0000000000000006

clint mtime 0x00000000000001D1 (mip.MTI <- 0b1, mip.STI <- 0b0)
mem[X,0x0000000080002056] -> 0xA031
[930] [M]: 0x0000000080002056 (0xA031) c.j 0xc                                      inst_109+4

mem[X,0x0000000080002062] -> 0xDD65
[931] [M]: 0x0000000080002062 (0xDD65) c.beqz x10, -0x8                             inst_109+16

clint mtime 0x00000000000001D2 (mip.MTI <- 0b1, mip.STI <- 0b0)
mem[X,0x0000000080002064] -> 0x0113
mem[X,0x0000000080002066] -> 0x0021
[932] [M]: 0x0000000080002064 (0x00210113) addi x2, x2, 0x2                         inst_109+18
x2 <- 0x01FDDB7D5BFDDC5B

mem[X,0x0000000080002068] -> 0x006F
mem[X,0x000000008000206A] -> 0x0060
[933] [M]: 0x0000000080002068 (0x0060006F) jal x0, 0x6                              inst_109+22

clint mtime 0x00000000000001D3 (mip.MTI <- 0b1, mip.STI <- 0b0)
mem[X,0x000000008000206E] -> 0xB423
mem[X,0x0000000080002070] -> 0x3620
[934] [M]: 0x000000008000206E (0x3620B423) sd x2, 0x368(x1)                         inst_109+28
mem[W,0x0000000080005480] <- 0x01FDDB7D5BFDDC5B

mem[X,0x0000000080002072] -> 0x3537
mem[X,0x0000000080002074] -> 0x3333
[935] [M]: 0x0000000080002072 (0x33333537) lui x10, 0x33333                         inst_110+0
x10 <- 0x0000000033333000

clint mtime 0x00000000000001D4 (mip.MTI <- 0b1, mip.STI <- 0b0)
mem[X,0x0000000080002076] -> 0x0513
mem[X,0x0000000080002078] -> 0x3335
[936] [M]: 0x0000000080002076 (0x33350513) addi x10, x10, 0x333                     inst_110+4
x10 <- 0x0000000033333333

mem[X,0x000000008000207A] -> 0x1513
mem[X,0x000000008000207C] -> 0x00B5
[937] [M]: 0x000000008000207A (0x00B51513) slli x10, x10, 0xb                       inst_110+8
x10 <- 0x0000019999999800

clint mtime 0x00000000000001D5 (mip.MTI <- 0b1, mip.STI <- 0b0)
mem[X,0x000000008000207E] -> 0x0513
mem[X,0x0000000080002080] -> 0x1995
[938] [M]: 0x000000008000207E (0x19950513) addi x10, x10, 0x199                     inst_110+12
x10 <- 0x0000019999999999

mem[X,0x0000000080002082] -> 0x1513
mem[X,0x0000000080002084] -> 0x00B5
[939] [M]: 0x0000000080002082 (0x00B51513) slli x10, x10, 0xb                       inst_110+16
x10 <- 0x000CCCCCCCCCC800

clint mtime 0x00000000000001D6 (mip.MTI <- 0b1, mip.STI <- 0b0)
mem[X,0x0000000080002086] -> 0x0513
mem[X,0x0000000080002088] -> 0x4CC5
[940] [M]: 0x0000000080002086 (0x4CC50513) addi x10, x10, 0x4cc                     inst_110+20
x10 <- 0x000CCCCCCCCCCCCC

mem[X,0x000000008000208A] -> 0x1513
mem[X,0x000000008000208C] -> 0x00A5
[941] [M]: 0x000000008000208A (0x00A51513) slli x10, x10, 0xa                       inst_110+24
x10 <- 0x3333333333333000

clint mtime 0x00000000000001D7 (mip.MTI <- 0b1, mip.STI <- 0b0)
mem[X,0x000000008000208E] -> 0x0513
mem[X,0x0000000080002090] -> 0x3345
[942] [M]: 0x000000008000208E (0x33450513) addi x10, x10, 0x334                     inst_110+28
x10 <- 0x3333333333333334

mem[X,0x0000000080002092] -> 0xA031
[943] [M]: 0x0000000080002092 (0xA031) c.j 0xc                                      inst_110+32

clint mtime 0x00000000000001D8 (mip.MTI <- 0b1, mip.STI <- 0b0)
mem[X,0x000000008000209E] -> 0xC909
[944] [M]: 0x000000008000209E (0xC909) c.beqz x10, 0x12                             inst_110+44

mem[X,0x00000000800020A0] -> 0x0113
mem[X,0x00000000800020A2] -> 0x0021
[945] [M]: 0x00000000800020A0 (0x00210113) addi x2, x2, 0x2                         inst_110+46
x2 <- 0x01FDDB7D5BFDDC5D

clint mtime 0x00000000000001D9 (mip.MTI <- 0b1, mip.STI <- 0b0)
mem[X,0x00000000800020A4] -> 0x006F
mem[X,0x00000000800020A6] -> 0x00E0
[946] [M]: 0x00000000800020A4 (0x00E0006F) jal x0, 0xe                              inst_110+50

mem[X,0x00000000800020B2] -> 0xB823
mem[X,0x00000000800020B4] -> 0x3620
[947] [M]: 0x00000000800020B2 (0x3620B823) sd x2, 0x370(x1)                         inst_110+64
mem[W,0x0000000080005488] <- 0x01FDDB7D5BFDDC5D

clint mtime 0x00000000000001DA (mip.MTI <- 0b1, mip.STI <- 0b0)
mem[X,0x00000000800020B6] -> 0x6537
mem[X,0x00000000800020B8] -> 0x6666
[948] [M]: 0x00000000800020B6 (0x66666537) lui x10, 0x66666                         inst_111+0
x10 <- 0x0000000066666000

mem[X,0x00000000800020BA] -> 0x0513
mem[X,0x00000000800020BC] -> 0x6665
[949] [M]: 0x00000000800020BA (0x66650513) addi x10, x10, 0x666                     inst_111+4
x10 <- 0x0000000066666666

clint mtime 0x00000000000001DB (mip.MTI <- 0b1, mip.STI <- 0b0)
mem[X,0x00000000800020BE] -> 0x1513
mem[X,0x00000000800020C0] -> 0x00B5
[950] [M]: 0x00000000800020BE (0x00B51513) slli x10, x10, 0xb                       inst_111+8
x10 <- 0x0000033333333000

mem[X,0x00000000800020C2] -> 0x0513
mem[X,0x00000000800020C4] -> 0x3335
[951] [M]: 0x00000000800020C2 (0x33350513) addi x10, x10, 0x333                     inst_111+12
x10 <- 0x0000033333333333

clint mtime 0x00000000000001DC (mip.MTI <- 0b1, mip.STI <- 0b0)
mem[X,0x00000000800020C6] -> 0x1513
mem[X,0x00000000800020C8] -> 0x00B5
[952] [M]: 0x00000000800020C6 (0x00B51513) slli x10, x10, 0xb                       inst_111+16
x10 <- 0x0019999999999800

mem[X,0x00000000800020CA] -> 0x0513
mem[X,0x00000000800020CC] -> 0x1995
[953] [M]: 0x00000000800020CA (0x19950513) addi x10, x10, 0x199                     inst_111+20
x10 <- 0x0019999999999999

clint mtime 0x00000000000001DD (mip.MTI <- 0b1, mip.STI <- 0b0)
mem[X,0x00000000800020CE] -> 0x1513
mem[X,0x00000000800020D0] -> 0x00A5
[954] [M]: 0x00000000800020CE (0x00A51513) slli x10, x10, 0xa                       inst_111+24
x10 <- 0x6666666666666400

mem[X,0x00000000800020D2] -> 0x0513
mem[X,0x00000000800020D4] -> 0x2675
[955] [M]: 0x00000000800020D2 (0x26750513) addi x10, x10, 0x267                     inst_111+28
x10 <- 0x6666666666666667

clint mtime 0x00000000000001DE (mip.MTI <- 0b1, mip.STI <- 0b0)
mem[X,0x00000000800020D6] -> 0xA809
[956] [M]: 0x00000000800020D6 (0xA809) c.j 0x12                                     inst_111+32

mem[X,0x00000000800020E8] -> 0xD96D
[957] [M]: 0x00000000800020E8 (0xD96D) c.beqz x10, -0xe                             inst_111+50

clint mtime 0x00000000000001DF (mip.MTI <- 0b1, mip.STI <- 0b0)
mem[X,0x00000000800020EA] -> 0x0113
mem[X,0x00000000800020EC] -> 0x0021
[958] [M]: 0x00000000800020EA (0x00210113) addi x2, x2, 0x2                         inst_111+52
x2 <- 0x01FDDB7D5BFDDC5F

mem[X,0x00000000800020EE] -> 0x006F
mem[X,0x00000000800020F0] -> 0x0060
[959] [M]: 0x00000000800020EE (0x0060006F) jal x0, 0x6                              inst_111+56

clint mtime 0x00000000000001E0 (mip.MTI <- 0b1, mip.STI <- 0b0)
mem[X,0x00000000800020F4] -> 0xBC23
mem[X,0x00000000800020F6] -> 0x3620
[960] [M]: 0x00000000800020F4 (0x3620BC23) sd x2, 0x378(x1)                         inst_111+62
mem[W,0x0000000080005490] <- 0x01FDDB7D5BFDDC5F

mem[X,0x00000000800020F8] -> 0x0537
mem[X,0x00000000800020FA] -> 0x0000
[961] [M]: 0x00000000800020F8 (0x00000537) lui x10, 0x0                             inst_112+0
x10 <- 0x0000000000000000

clint mtime 0x00000000000001E1 (mip.MTI <- 0b1, mip.STI <- 0b0)
mem[X,0x00000000800020FC] -> 0x0513
mem[X,0x00000000800020FE] -> 0xFFF5
[962] [M]: 0x00000000800020FC (0xFFF50513) addi x10, x10, -0x1                      inst_112+4
x10 <- 0xFFFFFFFFFFFFFFFF

mem[X,0x0000000080002100] -> 0x1513
mem[X,0x0000000080002102] -> 0x00B5
[963] [M]: 0x0000000080002100 (0x00B51513) slli x10, x10, 0xb                       inst_112+8
x10 <- 0xFFFFFFFFFFFFF800

clint mtime 0x00000000000001E2 (mip.MTI <- 0b1, mip.STI <- 0b0)
mem[X,0x0000000080002104] -> 0x0513
mem[X,0x0000000080002106] -> 0x2575
[964] [M]: 0x0000000080002104 (0x25750513) addi x10, x10, 0x257                     inst_112+12
x10 <- 0xFFFFFFFFFFFFFA57

mem[X,0x0000000080002108] -> 0x1513
mem[X,0x000000008000210A] -> 0x00B5
[965] [M]: 0x0000000080002108 (0x00B51513) slli x10, x10, 0xb                       inst_112+16
x10 <- 0xFFFFFFFFFFD2B800

clint mtime 0x00000000000001E3 (mip.MTI <- 0b1, mip.STI <- 0b0)
mem[X,0x000000008000210C] -> 0x0513
mem[X,0x000000008000210E] -> 0x6C35
[966] [M]: 0x000000008000210C (0x6C350513) addi x10, x10, 0x6c3                     inst_112+20
x10 <- 0xFFFFFFFFFFD2BEC3

mem[X,0x0000000080002110] -> 0x1513
mem[X,0x0000000080002112] -> 0x00A5
[967] [M]: 0x0000000080002110 (0x00A51513) slli x10, x10, 0xa                       inst_112+24
x10 <- 0xFFFFFFFF4AFB0C00

clint mtime 0x00000000000001E4 (mip.MTI <- 0b1, mip.STI <- 0b0)
mem[X,0x0000000080002114] -> 0x0513
mem[X,0x0000000080002116] -> 0x0CE5
[968] [M]: 0x0000000080002114 (0x0CE50513) addi x10, x10, 0xce                      inst_112+28
x10 <- 0xFFFFFFFF4AFB0CCE

mem[X,0x0000000080002118] -> 0xA031
[969] [M]: 0x0000000080002118 (0xA031) c.j 0xc                                      inst_112+32

clint mtime 0x00000000000001E5 (mip.MTI <- 0b1, mip.STI <- 0b0)
mem[X,0x0000000080002124] -> 0xC141
[970] [M]: 0x0000000080002124 (0xC141) c.beqz x10, 0x80                             inst_112+44

mem[X,0x0000000080002126] -> 0x0113
mem[X,0x0000000080002128] -> 0x0021
[971] [M]: 0x0000000080002126 (0x00210113) addi x2, x2, 0x2                         inst_112+46
x2 <- 0x01FDDB7D5BFDDC61

clint mtime 0x00000000000001E6 (mip.MTI <- 0b1, mip.STI <- 0b0)
mem[X,0x000000008000212A] -> 0x006F
mem[X,0x000000008000212C] -> 0x07C0
[972] [M]: 0x000000008000212A (0x07C0006F) jal x0, 0x7c                             inst_112+50

mem[X,0x00000000800021A6] -> 0xB023
mem[X,0x00000000800021A8] -> 0x3820
[973] [M]: 0x00000000800021A6 (0x3820B023) sd x2, 0x380(x1)                         inst_112+174
mem[W,0x0000000080005498] <- 0x01FDDB7D5BFDDC61

clint mtime 0x00000000000001E7 (mip.MTI <- 0b1, mip.STI <- 0b0)
mem[X,0x00000000800021AA] -> 0x0537
mem[X,0x00000000800021AC] -> 0x0000
[974] [M]: 0x00000000800021AA (0x00000537) lui x10, 0x0                             inst_113+0
x10 <- 0x0000000000000000

mem[X,0x00000000800021AE] -> 0x0513
mem[X,0x00000000800021B0] -> 0x0005
[975] [M]: 0x00000000800021AE (0x00050513) addi x10, x10, 0x0                       inst_113+4
x10 <- 0x0000000000000000

clint mtime 0x00000000000001E8 (mip.MTI <- 0b1, mip.STI <- 0b0)
mem[X,0x00000000800021B2] -> 0x1513
mem[X,0x00000000800021B4] -> 0x00B5
[976] [M]: 0x00000000800021B2 (0x00B51513) slli x10, x10, 0xb                       inst_113+8
x10 <- 0x0000000000000000

mem[X,0x00000000800021B6] -> 0x0513
mem[X,0x00000000800021B8] -> 0x5A85
[977] [M]: 0x00000000800021B6 (0x5A850513) addi x10, x10, 0x5a8                     inst_113+12
x10 <- 0x00000000000005A8

clint mtime 0x00000000000001E9 (mip.MTI <- 0b1, mip.STI <- 0b0)
mem[X,0x00000000800021BA] -> 0x1513
mem[X,0x00000000800021BC] -> 0x00B5
[978] [M]: 0x00000000800021BA (0x00B51513) slli x10, x10, 0xb                       inst_113+16
x10 <- 0x00000000002D4000

mem[X,0x00000000800021BE] -> 0x0513
mem[X,0x00000000800021C0] -> 0x13C5
[979] [M]: 0x00000000800021BE (0x13C50513) addi x10, x10, 0x13c                     inst_113+20
x10 <- 0x00000000002D413C

clint mtime 0x00000000000001EA (mip.MTI <- 0b1, mip.STI <- 0b0)
mem[X,0x00000000800021C2] -> 0x1513
mem[X,0x00000000800021C4] -> 0x00A5
[980] [M]: 0x00000000800021C2 (0x00A51513) slli x10, x10, 0xa                       inst_113+24
x10 <- 0x00000000B504F000

mem[X,0x00000000800021C6] -> 0x0513
mem[X,0x00000000800021C8] -> 0x3345
[981] [M]: 0x00000000800021C6 (0x33450513) addi x10, x10, 0x334                     inst_113+28
x10 <- 0x00000000B504F334

clint mtime 0x00000000000001EB (mip.MTI <- 0b1, mip.STI <- 0b0)
mem[X,0x00000000800021CA] -> 0xA031
[982] [M]: 0x00000000800021CA (0xA031) c.j 0xc                                      inst_113+32

mem[X,0x00000000800021D6] -> 0xC511
[983] [M]: 0x00000000800021D6 (0xC511) c.beqz x10, 0xc                              inst_113+44

clint mtime 0x00000000000001EC (mip.MTI <- 0b1, mip.STI <- 0b0)
mem[X,0x00000000800021D8] -> 0x0113
mem[X,0x00000000800021DA] -> 0x0021
[984] [M]: 0x00000000800021D8 (0x00210113) addi x2, x2, 0x2                         inst_113+46
x2 <- 0x01FDDB7D5BFDDC63

mem[X,0x00000000800021DC] -> 0x006F
mem[X,0x00000000800021DE] -> 0x0080
[985] [M]: 0x00000000800021DC (0x0080006F) jal x0, 0x8                              inst_113+50

clint mtime 0x00000000000001ED (mip.MTI <- 0b1, mip.STI <- 0b0)
mem[X,0x00000000800021E4] -> 0xB423
mem[X,0x00000000800021E6] -> 0x3820
[986] [M]: 0x00000000800021E4 (0x3820B423) sd x2, 0x388(x1)                         inst_113+58
mem[W,0x00000000800054A0] <- 0x01FDDB7D5BFDDC63

mem[X,0x00000000800021E8] -> 0x0513
mem[X,0x00000000800021EA] -> 0x0010
[987] [M]: 0x00000000800021E8 (0x00100513) addi x10, x0, 0x1                        inst_114+0
x10 <- 0x0000000000000001

clint mtime 0x00000000000001EE (mip.MTI <- 0b1, mip.STI <- 0b0)
mem[X,0x00000000800021EC] -> 0x1513
mem[X,0x00000000800021EE] -> 0x0145
[988] [M]: 0x00000000800021EC (0x01451513) slli x10, x10, 0x14                      inst_114+4
x10 <- 0x0000000000100000

mem[X,0x00000000800021F0] -> 0x4513
mem[X,0x00000000800021F2] -> 0xFFF5
[989] [M]: 0x00000000800021F0 (0xFFF54513) xori x10, x10, -0x1                      inst_114+8
x10 <- 0xFFFFFFFFFFEFFFFF

clint mtime 0x00000000000001EF (mip.MTI <- 0b1, mip.STI <- 0b0)
mem[X,0x00000000800021F4] -> 0xA031
[990] [M]: 0x00000000800021F4 (0xA031) c.j 0xc                                      inst_114+12

mem[X,0x0000000080002200] -> 0xC121
[991] [M]: 0x0000000080002200 (0xC121) c.beqz x10, 0x40                             inst_114+24

clint mtime 0x00000000000001F0 (mip.MTI <- 0b1, mip.STI <- 0b0)
mem[X,0x0000000080002202] -> 0x0113
mem[X,0x0000000080002204] -> 0x0021
[992] [M]: 0x0000000080002202 (0x00210113) addi x2, x2, 0x2                         inst_114+26
x2 <- 0x01FDDB7D5BFDDC65

mem[X,0x0000000080002206] -> 0x006F
mem[X,0x0000000080002208] -> 0x03C0
[993] [M]: 0x0000000080002206 (0x03C0006F) jal x0, 0x3c                             inst_114+30

clint mtime 0x00000000000001F1 (mip.MTI <- 0b1, mip.STI <- 0b0)
mem[X,0x0000000080002242] -> 0xB823
mem[X,0x0000000080002244] -> 0x3820
[994] [M]: 0x0000000080002242 (0x3820B823) sd x2, 0x390(x1)                         inst_114+90
mem[W,0x00000000800054A8] <- 0x01FDDB7D5BFDDC65

mem[X,0x0000000080002246] -> 0x0513
mem[X,0x0000000080002248] -> 0x0010
[995] [M]: 0x0000000080002246 (0x00100513) addi x10, x0, 0x1                        inst_115+0
x10 <- 0x0000000000000001

clint mtime 0x00000000000001F2 (mip.MTI <- 0b1, mip.STI <- 0b0)
mem[X,0x000000008000224A] -> 0x1513
mem[X,0x000000008000224C] -> 0x0155
[996] [M]: 0x000000008000224A (0x01551513) slli x10, x10, 0x15                      inst_115+4
x10 <- 0x0000000000200000

mem[X,0x000000008000224E] -> 0x4513
mem[X,0x0000000080002250] -> 0xFFF5
[997] [M]: 0x000000008000224E (0xFFF54513) xori x10, x10, -0x1                      inst_115+8
x10 <- 0xFFFFFFFFFFDFFFFF

clint mtime 0x00000000000001F3 (mip.MTI <- 0b1, mip.STI <- 0b0)
mem[X,0x0000000080002252] -> 0xA031
[998] [M]: 0x0000000080002252 (0xA031) c.j 0xc                                      inst_115+12

mem[X,0x000000008000225E] -> 0xC121
[999] [M]: 0x000000008000225E (0xC121) c.beqz x10, 0x40                             inst_115+24

clint mtime 0x00000000000001F4 (mip.MTI <- 0b1, mip.STI <- 0b0)
mem[X,0x0000000080002260] -> 0x0113
mem[X,0x0000000080002262] -> 0x0021
[1000] [M]: 0x0000000080002260 (0x00210113) addi x2, x2, 0x2                        inst_115+26
x2 <- 0x01FDDB7D5BFDDC67

mem[X,0x0000000080002264] -> 0x006F
mem[X,0x0000000080002266] -> 0x03C0
[1001] [M]: 0x0000000080002264 (0x03C0006F) jal x0, 0x3c                            inst_115+30

clint mtime 0x00000000000001F5 (mip.MTI <- 0b1, mip.STI <- 0b0)
mem[X,0x00000000800022A0] -> 0xBC23
mem[X,0x00000000800022A2] -> 0x3820
[1002] [M]: 0x00000000800022A0 (0x3820BC23) sd x2, 0x398(x1)                        inst_115+90
mem[W,0x00000000800054B0] <- 0x01FDDB7D5BFDDC67

mem[X,0x00000000800022A4] -> 0x0513
mem[X,0x00000000800022A6] -> 0x0010
[1003] [M]: 0x00000000800022A4 (0x00100513) addi x10, x0, 0x1                       inst_116+0
x10 <- 0x0000000000000001

clint mtime 0x00000000000001F6 (mip.MTI <- 0b1, mip.STI <- 0b0)
mem[X,0x00000000800022A8] -> 0x1513
mem[X,0x00000000800022AA] -> 0x0165
[1004] [M]: 0x00000000800022A8 (0x01651513) slli x10, x10, 0x16                     inst_116+4
x10 <- 0x0000000000400000

mem[X,0x00000000800022AC] -> 0x4513
mem[X,0x00000000800022AE] -> 0xFFF5
[1005] [M]: 0x00000000800022AC (0xFFF54513) xori x10, x10, -0x1                     inst_116+8
x10 <- 0xFFFFFFFFFFBFFFFF

clint mtime 0x00000000000001F7 (mip.MTI <- 0b1, mip.STI <- 0b0)
mem[X,0x00000000800022B0] -> 0xA031
[1006] [M]: 0x00000000800022B0 (0xA031) c.j 0xc                                     inst_116+12

mem[X,0x00000000800022BC] -> 0xCD3D
[1007] [M]: 0x00000000800022BC (0xCD3D) c.beqz x10, 0x7e                            inst_116+24

clint mtime 0x00000000000001F8 (mip.MTI <- 0b1, mip.STI <- 0b0)
mem[X,0x00000000800022BE] -> 0x0113
mem[X,0x00000000800022C0] -> 0x0021
[1008] [M]: 0x00000000800022BE (0x00210113) addi x2, x2, 0x2                        inst_116+26
x2 <- 0x01FDDB7D5BFDDC69

mem[X,0x00000000800022C2] -> 0x006F
mem[X,0x00000000800022C4] -> 0x07A0
[1009] [M]: 0x00000000800022C2 (0x07A0006F) jal x0, 0x7a                            inst_116+30

clint mtime 0x00000000000001F9 (mip.MTI <- 0b1, mip.STI <- 0b0)
mem[X,0x000000008000233C] -> 0xB023
mem[X,0x000000008000233E] -> 0x3A20
[1010] [M]: 0x000000008000233C (0x3A20B023) sd x2, 0x3a0(x1)                        inst_116+152
mem[W,0x00000000800054B8] <- 0x01FDDB7D5BFDDC69

mem[X,0x0000000080002340] -> 0x0513
mem[X,0x0000000080002342] -> 0x0010
[1011] [M]: 0x0000000080002340 (0x00100513) addi x10, x0, 0x1                       inst_117+0
x10 <- 0x0000000000000001

clint mtime 0x00000000000001FA (mip.MTI <- 0b1, mip.STI <- 0b0)
mem[X,0x0000000080002344] -> 0x1513
mem[X,0x0000000080002346] -> 0x0175
[1012] [M]: 0x0000000080002344 (0x01751513) slli x10, x10, 0x17                     inst_117+4
x10 <- 0x0000000000800000

mem[X,0x0000000080002348] -> 0x4513
mem[X,0x000000008000234A] -> 0xFFF5
[1013] [M]: 0x0000000080002348 (0xFFF54513) xori x10, x10, -0x1                     inst_117+8
x10 <- 0xFFFFFFFFFF7FFFFF

clint mtime 0x00000000000001FB (mip.MTI <- 0b1, mip.STI <- 0b0)
mem[X,0x000000008000234C] -> 0xA039
[1014] [M]: 0x000000008000234C (0xA039) c.j 0xe                                     inst_117+12

mem[X,0x000000008000235A] -> 0xD97D
[1015] [M]: 0x000000008000235A (0xD97D) c.beqz x10, -0xa                            inst_117+26

clint mtime 0x00000000000001FC (mip.MTI <- 0b1, mip.STI <- 0b0)
mem[X,0x000000008000235C] -> 0x0113
mem[X,0x000000008000235E] -> 0x0021
[1016] [M]: 0x000000008000235C (0x00210113) addi x2, x2, 0x2                        inst_117+28
x2 <- 0x01FDDB7D5BFDDC6B

mem[X,0x0000000080002360] -> 0x006F
mem[X,0x0000000080002362] -> 0x0060
[1017] [M]: 0x0000000080002360 (0x0060006F) jal x0, 0x6                             inst_117+32

clint mtime 0x00000000000001FD (mip.MTI <- 0b1, mip.STI <- 0b0)
mem[X,0x0000000080002366] -> 0xB423
mem[X,0x0000000080002368] -> 0x3A20
[1018] [M]: 0x0000000080002366 (0x3A20B423) sd x2, 0x3a8(x1)                        inst_117+38
mem[W,0x00000000800054C0] <- 0x01FDDB7D5BFDDC6B

mem[X,0x000000008000236A] -> 0x0513
mem[X,0x000000008000236C] -> 0x0010
[1019] [M]: 0x000000008000236A (0x00100513) addi x10, x0, 0x1                       inst_118+0
x10 <- 0x0000000000000001

clint mtime 0x00000000000001FE (mip.MTI <- 0b1, mip.STI <- 0b0)
mem[X,0x000000008000236E] -> 0x1513
mem[X,0x0000000080002370] -> 0x0185
[1020] [M]: 0x000000008000236E (0x01851513) slli x10, x10, 0x18                     inst_118+4
x10 <- 0x0000000001000000

mem[X,0x0000000080002372] -> 0x4513
mem[X,0x0000000080002374] -> 0xFFF5
[1021] [M]: 0x0000000080002372 (0xFFF54513) xori x10, x10, -0x1                     inst_118+8
x10 <- 0xFFFFFFFFFEFFFFFF

clint mtime 0x00000000000001FF (mip.MTI <- 0b1, mip.STI <- 0b0)
mem[X,0x0000000080002376] -> 0xA031
[1022] [M]: 0x0000000080002376 (0xA031) c.j 0xc                                     inst_118+12

mem[X,0x0000000080002382] -> 0xC509
[1023] [M]: 0x0000000080002382 (0xC509) c.beqz x10, 0xa                             inst_118+24

clint mtime 0x0000000000000200 (mip.MTI <- 0b1, mip.STI <- 0b0)
mem[X,0x0000000080002384] -> 0x0113
mem[X,0x0000000080002386] -> 0x0021
[1024] [M]: 0x0000000080002384 (0x00210113) addi x2, x2, 0x2                        inst_118+26
x2 <- 0x01FDDB7D5BFDDC6D

mem[X,0x0000000080002388] -> 0x006F
mem[X,0x000000008000238A] -> 0x0060
[1025] [M]: 0x0000000080002388 (0x0060006F) jal x0, 0x6                             inst_118+30

clint mtime 0x0000000000000201 (mip.MTI <- 0b1, mip.STI <- 0b0)
mem[X,0x000000008000238E] -> 0xB823
mem[X,0x0000000080002390] -> 0x3A20
[1026] [M]: 0x000000008000238E (0x3A20B823) sd x2, 0x3b0(x1)                        inst_118+36
mem[W,0x00000000800054C8] <- 0x01FDDB7D5BFDDC6D

mem[X,0x0000000080002392] -> 0x0513
mem[X,0x0000000080002394] -> 0x0010
[1027] [M]: 0x0000000080002392 (0x00100513) addi x10, x0, 0x1                       inst_119+0
x10 <- 0x0000000000000001

clint mtime 0x0000000000000202 (mip.MTI <- 0b1, mip.STI <- 0b0)
mem[X,0x0000000080002396] -> 0x1513
mem[X,0x0000000080002398] -> 0x0195
[1028] [M]: 0x0000000080002396 (0x01951513) slli x10, x10, 0x19                     inst_119+4
x10 <- 0x0000000002000000

mem[X,0x000000008000239A] -> 0x4513
mem[X,0x000000008000239C] -> 0xFFF5
[1029] [M]: 0x000000008000239A (0xFFF54513) xori x10, x10, -0x1                     inst_119+8
x10 <- 0xFFFFFFFFFDFFFFFF

clint mtime 0x0000000000000203 (mip.MTI <- 0b1, mip.STI <- 0b0)
mem[X,0x000000008000239E] -> 0xA031
[1030] [M]: 0x000000008000239E (0xA031) c.j 0xc                                     inst_119+12

mem[X,0x00000000800023AA] -> 0xCD3D
[1031] [M]: 0x00000000800023AA (0xCD3D) c.beqz x10, 0x7e                            inst_119+24

clint mtime 0x0000000000000204 (mip.MTI <- 0b1, mip.STI <- 0b0)
mem[X,0x00000000800023AC] -> 0x0113
mem[X,0x00000000800023AE] -> 0x0021
[1032] [M]: 0x00000000800023AC (0x00210113) addi x2, x2, 0x2                        inst_119+26
x2 <- 0x01FDDB7D5BFDDC6F

mem[X,0x00000000800023B0] -> 0x006F
mem[X,0x00000000800023B2] -> 0x07A0
[1033] [M]: 0x00000000800023B0 (0x07A0006F) jal x0, 0x7a                            inst_119+30

clint mtime 0x0000000000000205 (mip.MTI <- 0b1, mip.STI <- 0b0)
mem[X,0x000000008000242A] -> 0xBC23
mem[X,0x000000008000242C] -> 0x3A20
[1034] [M]: 0x000000008000242A (0x3A20BC23) sd x2, 0x3b8(x1)                        inst_119+152
mem[W,0x00000000800054D0] <- 0x01FDDB7D5BFDDC6F

mem[X,0x000000008000242E] -> 0x0513
mem[X,0x0000000080002430] -> 0x0010
[1035] [M]: 0x000000008000242E (0x00100513) addi x10, x0, 0x1                       inst_120+0
x10 <- 0x0000000000000001

clint mtime 0x0000000000000206 (mip.MTI <- 0b1, mip.STI <- 0b0)
mem[X,0x0000000080002432] -> 0x1513
mem[X,0x0000000080002434] -> 0x01A5
[1036] [M]: 0x0000000080002432 (0x01A51513) slli x10, x10, 0x1a                     inst_120+4
x10 <- 0x0000000004000000

mem[X,0x0000000080002436] -> 0x4513
mem[X,0x0000000080002438] -> 0xFFF5
[1037] [M]: 0x0000000080002436 (0xFFF54513) xori x10, x10, -0x1                     inst_120+8
x10 <- 0xFFFFFFFFFBFFFFFF

clint mtime 0x0000000000000207 (mip.MTI <- 0b1, mip.STI <- 0b0)
mem[X,0x000000008000243A] -> 0xA809
[1038] [M]: 0x000000008000243A (0xA809) c.j 0x12                                    inst_120+12

mem[X,0x000000008000244C] -> 0xD96D
[1039] [M]: 0x000000008000244C (0xD96D) c.beqz x10, -0xe                            inst_120+30

clint mtime 0x0000000000000208 (mip.MTI <- 0b1, mip.STI <- 0b0)
mem[X,0x000000008000244E] -> 0x0113
mem[X,0x0000000080002450] -> 0x0021
[1040] [M]: 0x000000008000244E (0x00210113) addi x2, x2, 0x2                        inst_120+32
x2 <- 0x01FDDB7D5BFDDC71

mem[X,0x0000000080002452] -> 0x006F
mem[X,0x0000000080002454] -> 0x0060
[1041] [M]: 0x0000000080002452 (0x0060006F) jal x0, 0x6                             inst_120+36

clint mtime 0x0000000000000209 (mip.MTI <- 0b1, mip.STI <- 0b0)
mem[X,0x0000000080002458] -> 0xB023
mem[X,0x000000008000245A] -> 0x3C20
[1042] [M]: 0x0000000080002458 (0x3C20B023) sd x2, 0x3c0(x1)                        inst_120+42
mem[W,0x00000000800054D8] <- 0x01FDDB7D5BFDDC71

mem[X,0x000000008000245C] -> 0x0513
mem[X,0x000000008000245E] -> 0x0010
[1043] [M]: 0x000000008000245C (0x00100513) addi x10, x0, 0x1                       inst_121+0
x10 <- 0x0000000000000001

clint mtime 0x000000000000020A (mip.MTI <- 0b1, mip.STI <- 0b0)
mem[X,0x0000000080002460] -> 0x1513
mem[X,0x0000000080002462] -> 0x01B5
[1044] [M]: 0x0000000080002460 (0x01B51513) slli x10, x10, 0x1b                     inst_121+4
x10 <- 0x0000000008000000

mem[X,0x0000000080002464] -> 0x4513
mem[X,0x0000000080002466] -> 0xFFF5
[1045] [M]: 0x0000000080002464 (0xFFF54513) xori x10, x10, -0x1                     inst_121+8
x10 <- 0xFFFFFFFFF7FFFFFF

clint mtime 0x000000000000020B (mip.MTI <- 0b1, mip.STI <- 0b0)
mem[X,0x0000000080002468] -> 0xA099
[1046] [M]: 0x0000000080002468 (0xA099) c.j 0x46                                    inst_121+12

mem[X,0x00000000800024AE] -> 0xDD5D
[1047] [M]: 0x00000000800024AE (0xDD5D) c.beqz x10, -0x42                           inst_121+82

clint mtime 0x000000000000020C (mip.MTI <- 0b1, mip.STI <- 0b0)
mem[X,0x00000000800024B0] -> 0x0113
mem[X,0x00000000800024B2] -> 0x0021
[1048] [M]: 0x00000000800024B0 (0x00210113) addi x2, x2, 0x2                        inst_121+84
x2 <- 0x01FDDB7D5BFDDC73

mem[X,0x00000000800024B4] -> 0x006F
mem[X,0x00000000800024B6] -> 0x0060
[1049] [M]: 0x00000000800024B4 (0x0060006F) jal x0, 0x6                             inst_121+88

clint mtime 0x000000000000020D (mip.MTI <- 0b1, mip.STI <- 0b0)
mem[X,0x00000000800024BA] -> 0xB423
mem[X,0x00000000800024BC] -> 0x3C20
[1050] [M]: 0x00000000800024BA (0x3C20B423) sd x2, 0x3c8(x1)                        inst_121+94
mem[W,0x00000000800054E0] <- 0x01FDDB7D5BFDDC73

mem[X,0x00000000800024BE] -> 0x0513
mem[X,0x00000000800024C0] -> 0x0010
[1051] [M]: 0x00000000800024BE (0x00100513) addi x10, x0, 0x1                       inst_122+0
x10 <- 0x0000000000000001

clint mtime 0x000000000000020E (mip.MTI <- 0b1, mip.STI <- 0b0)
mem[X,0x00000000800024C2] -> 0x1513
mem[X,0x00000000800024C4] -> 0x01C5
[1052] [M]: 0x00000000800024C2 (0x01C51513) slli x10, x10, 0x1c                     inst_122+4
x10 <- 0x0000000010000000

mem[X,0x00000000800024C6] -> 0x4513
mem[X,0x00000000800024C8] -> 0xFFF5
[1053] [M]: 0x00000000800024C6 (0xFFF54513) xori x10, x10, -0x1                     inst_122+8
x10 <- 0xFFFFFFFFEFFFFFFF

clint mtime 0x000000000000020F (mip.MTI <- 0b1, mip.STI <- 0b0)
mem[X,0x00000000800024CA] -> 0xA819
[1054] [M]: 0x00000000800024CA (0xA819) c.j 0x16                                    inst_122+12

mem[X,0x00000000800024E0] -> 0xD57D
[1055] [M]: 0x00000000800024E0 (0xD57D) c.beqz x10, -0x12                           inst_122+34

clint mtime 0x0000000000000210 (mip.MTI <- 0b1, mip.STI <- 0b0)
mem[X,0x00000000800024E2] -> 0x0113
mem[X,0x00000000800024E4] -> 0x0021
[1056] [M]: 0x00000000800024E2 (0x00210113) addi x2, x2, 0x2                        inst_122+36
x2 <- 0x01FDDB7D5BFDDC75

mem[X,0x00000000800024E6] -> 0x006F
mem[X,0x00000000800024E8] -> 0x0060
[1057] [M]: 0x00000000800024E6 (0x0060006F) jal x0, 0x6                             inst_122+40

clint mtime 0x0000000000000211 (mip.MTI <- 0b1, mip.STI <- 0b0)
mem[X,0x00000000800024EC] -> 0xB823
mem[X,0x00000000800024EE] -> 0x3C20
[1058] [M]: 0x00000000800024EC (0x3C20B823) sd x2, 0x3d0(x1)                        inst_122+46
mem[W,0x00000000800054E8] <- 0x01FDDB7D5BFDDC75

mem[X,0x00000000800024F0] -> 0x0513
mem[X,0x00000000800024F2] -> 0x0010
[1059] [M]: 0x00000000800024F0 (0x00100513) addi x10, x0, 0x1                       inst_123+0
x10 <- 0x0000000000000001

clint mtime 0x0000000000000212 (mip.MTI <- 0b1, mip.STI <- 0b0)
mem[X,0x00000000800024F4] -> 0x1513
mem[X,0x00000000800024F6] -> 0x01D5
[1060] [M]: 0x00000000800024F4 (0x01D51513) slli x10, x10, 0x1d                     inst_123+4
x10 <- 0x0000000020000000

mem[X,0x00000000800024F8] -> 0x4513
mem[X,0x00000000800024FA] -> 0xFFF5
[1061] [M]: 0x00000000800024F8 (0xFFF54513) xori x10, x10, -0x1                     inst_123+8
x10 <- 0xFFFFFFFFDFFFFFFF

clint mtime 0x0000000000000213 (mip.MTI <- 0b1, mip.STI <- 0b0)
mem[X,0x00000000800024FC] -> 0xA099
[1062] [M]: 0x00000000800024FC (0xA099) c.j 0x46                                    inst_123+12

mem[X,0x0000000080002542] -> 0xDD5D
[1063] [M]: 0x0000000080002542 (0xDD5D) c.beqz x10, -0x42                           inst_123+82

clint mtime 0x0000000000000214 (mip.MTI <- 0b1, mip.STI <- 0b0)
mem[X,0x0000000080002544] -> 0x0113
mem[X,0x0000000080002546] -> 0x0021
[1064] [M]: 0x0000000080002544 (0x00210113) addi x2, x2, 0x2                        inst_123+84
x2 <- 0x01FDDB7D5BFDDC77

mem[X,0x0000000080002548] -> 0x006F
mem[X,0x000000008000254A] -> 0x0060
[1065] [M]: 0x0000000080002548 (0x0060006F) jal x0, 0x6                             inst_123+88

clint mtime 0x0000000000000215 (mip.MTI <- 0b1, mip.STI <- 0b0)
mem[X,0x000000008000254E] -> 0xBC23
mem[X,0x0000000080002550] -> 0x3C20
[1066] [M]: 0x000000008000254E (0x3C20BC23) sd x2, 0x3d8(x1)                        inst_123+94
mem[W,0x00000000800054F0] <- 0x01FDDB7D5BFDDC77

mem[X,0x0000000080002552] -> 0x0513
mem[X,0x0000000080002554] -> 0x0010
[1067] [M]: 0x0000000080002552 (0x00100513) addi x10, x0, 0x1                       inst_124+0
x10 <- 0x0000000000000001

clint mtime 0x0000000000000216 (mip.MTI <- 0b1, mip.STI <- 0b0)
mem[X,0x0000000080002556] -> 0x1513
mem[X,0x0000000080002558] -> 0x01E5
[1068] [M]: 0x0000000080002556 (0x01E51513) slli x10, x10, 0x1e                     inst_124+4
x10 <- 0x0000000040000000

mem[X,0x000000008000255A] -> 0x4513
mem[X,0x000000008000255C] -> 0xFFF5
[1069] [M]: 0x000000008000255A (0xFFF54513) xori x10, x10, -0x1                     inst_124+8
x10 <- 0xFFFFFFFFBFFFFFFF

clint mtime 0x0000000000000217 (mip.MTI <- 0b1, mip.STI <- 0b0)
mem[X,0x000000008000255E] -> 0xA811
[1070] [M]: 0x000000008000255E (0xA811) c.j 0x14                                    inst_124+12

mem[X,0x0000000080002572] -> 0xD965
[1071] [M]: 0x0000000080002572 (0xD965) c.beqz x10, -0x10                           inst_124+32

clint mtime 0x0000000000000218 (mip.MTI <- 0b1, mip.STI <- 0b0)
mem[X,0x0000000080002574] -> 0x0113
mem[X,0x0000000080002576] -> 0x0021
[1072] [M]: 0x0000000080002574 (0x00210113) addi x2, x2, 0x2                        inst_124+34
x2 <- 0x01FDDB7D5BFDDC79

mem[X,0x0000000080002578] -> 0x006F
mem[X,0x000000008000257A] -> 0x0060
[1073] [M]: 0x0000000080002578 (0x0060006F) jal x0, 0x6                             inst_124+38

clint mtime 0x0000000000000219 (mip.MTI <- 0b1, mip.STI <- 0b0)
mem[X,0x000000008000257E] -> 0xB023
mem[X,0x0000000080002580] -> 0x3E20
[1074] [M]: 0x000000008000257E (0x3E20B023) sd x2, 0x3e0(x1)                        inst_124+44
mem[W,0x00000000800054F8] <- 0x01FDDB7D5BFDDC79

mem[X,0x0000000080002582] -> 0x0513
mem[X,0x0000000080002584] -> 0x0010
[1075] [M]: 0x0000000080002582 (0x00100513) addi x10, x0, 0x1                       inst_125+0
x10 <- 0x0000000000000001

clint mtime 0x000000000000021A (mip.MTI <- 0b1, mip.STI <- 0b0)
mem[X,0x0000000080002586] -> 0x1513
mem[X,0x0000000080002588] -> 0x01F5
[1076] [M]: 0x0000000080002586 (0x01F51513) slli x10, x10, 0x1f                     inst_125+4
x10 <- 0x0000000080000000

mem[X,0x000000008000258A] -> 0x4513
mem[X,0x000000008000258C] -> 0xFFF5
[1077] [M]: 0x000000008000258A (0xFFF54513) xori x10, x10, -0x1                     inst_125+8
x10 <- 0xFFFFFFFF7FFFFFFF

clint mtime 0x000000000000021B (mip.MTI <- 0b1, mip.STI <- 0b0)
mem[X,0x000000008000258E] -> 0xA031
[1078] [M]: 0x000000008000258E (0xA031) c.j 0xc                                     inst_125+12

mem[X,0x000000008000259A] -> 0xDD65
[1079] [M]: 0x000000008000259A (0xDD65) c.beqz x10, -0x8                            inst_125+24

clint mtime 0x000000000000021C (mip.MTI <- 0b1, mip.STI <- 0b0)
mem[X,0x000000008000259C] -> 0x0113
mem[X,0x000000008000259E] -> 0x0021
[1080] [M]: 0x000000008000259C (0x00210113) addi x2, x2, 0x2                        inst_125+26
x2 <- 0x01FDDB7D5BFDDC7B

mem[X,0x00000000800025A0] -> 0x006F
mem[X,0x00000000800025A2] -> 0x0060
[1081] [M]: 0x00000000800025A0 (0x0060006F) jal x0, 0x6                             inst_125+30

clint mtime 0x000000000000021D (mip.MTI <- 0b1, mip.STI <- 0b0)
mem[X,0x00000000800025A6] -> 0xB423
mem[X,0x00000000800025A8] -> 0x3E20
[1082] [M]: 0x00000000800025A6 (0x3E20B423) sd x2, 0x3e8(x1)                        inst_125+36
mem[W,0x0000000080005500] <- 0x01FDDB7D5BFDDC7B

mem[X,0x00000000800025AA] -> 0x0513
mem[X,0x00000000800025AC] -> 0x0010
[1083] [M]: 0x00000000800025AA (0x00100513) addi x10, x0, 0x1                       inst_126+0
x10 <- 0x0000000000000001

clint mtime 0x000000000000021E (mip.MTI <- 0b1, mip.STI <- 0b0)
mem[X,0x00000000800025AE] -> 0x1513
mem[X,0x00000000800025B0] -> 0x0205
[1084] [M]: 0x00000000800025AE (0x02051513) slli x10, x10, 0x20                     inst_126+4
x10 <- 0x0000000100000000

mem[X,0x00000000800025B2] -> 0x4513
mem[X,0x00000000800025B4] -> 0xFFF5
[1085] [M]: 0x00000000800025B2 (0xFFF54513) xori x10, x10, -0x1                     inst_126+8
x10 <- 0xFFFFFFFEFFFFFFFF

clint mtime 0x000000000000021F (mip.MTI <- 0b1, mip.STI <- 0b0)
mem[X,0x00000000800025B6] -> 0xA031
[1086] [M]: 0x00000000800025B6 (0xA031) c.j 0xc                                     inst_126+12

mem[X,0x00000000800025C2] -> 0xC509
[1087] [M]: 0x00000000800025C2 (0xC509) c.beqz x10, 0xa                             inst_126+24

clint mtime 0x0000000000000220 (mip.MTI <- 0b1, mip.STI <- 0b0)
mem[X,0x00000000800025C4] -> 0x0113
mem[X,0x00000000800025C6] -> 0x0021
[1088] [M]: 0x00000000800025C4 (0x00210113) addi x2, x2, 0x2                        inst_126+26
x2 <- 0x01FDDB7D5BFDDC7D

mem[X,0x00000000800025C8] -> 0x006F
mem[X,0x00000000800025CA] -> 0x0060
[1089] [M]: 0x00000000800025C8 (0x0060006F) jal x0, 0x6                             inst_126+30

clint mtime 0x0000000000000221 (mip.MTI <- 0b1, mip.STI <- 0b0)
mem[X,0x00000000800025CE] -> 0xB823
mem[X,0x00000000800025D0] -> 0x3E20
[1090] [M]: 0x00000000800025CE (0x3E20B823) sd x2, 0x3f0(x1)                        inst_126+36
mem[W,0x0000000080005508] <- 0x01FDDB7D5BFDDC7D

mem[X,0x00000000800025D2] -> 0x0513
mem[X,0x00000000800025D4] -> 0x0010
[1091] [M]: 0x00000000800025D2 (0x00100513) addi x10, x0, 0x1                       inst_127+0
x10 <- 0x0000000000000001

clint mtime 0x0000000000000222 (mip.MTI <- 0b1, mip.STI <- 0b0)
mem[X,0x00000000800025D6] -> 0x1513
mem[X,0x00000000800025D8] -> 0x0215
[1092] [M]: 0x00000000800025D6 (0x02151513) slli x10, x10, 0x21                     inst_127+4
x10 <- 0x0000000200000000

mem[X,0x00000000800025DA] -> 0x4513
mem[X,0x00000000800025DC] -> 0xFFF5
[1093] [M]: 0x00000000800025DA (0xFFF54513) xori x10, x10, -0x1                     inst_127+8
x10 <- 0xFFFFFFFDFFFFFFFF

clint mtime 0x0000000000000223 (mip.MTI <- 0b1, mip.STI <- 0b0)
mem[X,0x00000000800025DE] -> 0xA845
[1094] [M]: 0x00000000800025DE (0xA845) c.j 0xb0                                    inst_127+12

mem[X,0x000000008000268E] -> 0xD931
[1095] [M]: 0x000000008000268E (0xD931) c.beqz x10, -0xac                           inst_127+188

clint mtime 0x0000000000000224 (mip.MTI <- 0b1, mip.STI <- 0b0)
mem[X,0x0000000080002690] -> 0x0113
mem[X,0x0000000080002692] -> 0x0021
[1096] [M]: 0x0000000080002690 (0x00210113) addi x2, x2, 0x2                        inst_127+190
x2 <- 0x01FDDB7D5BFDDC7F

mem[X,0x0000000080002694] -> 0x006F
mem[X,0x0000000080002696] -> 0x0060
[1097] [M]: 0x0000000080002694 (0x0060006F) jal x0, 0x6                             inst_127+194

clint mtime 0x0000000000000225 (mip.MTI <- 0b1, mip.STI <- 0b0)
mem[X,0x000000008000269A] -> 0xBC23
mem[X,0x000000008000269C] -> 0x3E20
[1098] [M]: 0x000000008000269A (0x3E20BC23) sd x2, 0x3f8(x1)                        inst_127+200
mem[W,0x0000000080005510] <- 0x01FDDB7D5BFDDC7F

mem[X,0x000000008000269E] -> 0x0513
mem[X,0x00000000800026A0] -> 0x0010
[1099] [M]: 0x000000008000269E (0x00100513) addi x10, x0, 0x1                       inst_128+0
x10 <- 0x0000000000000001

clint mtime 0x0000000000000226 (mip.MTI <- 0b1, mip.STI <- 0b0)
mem[X,0x00000000800026A2] -> 0x1513
mem[X,0x00000000800026A4] -> 0x0225
[1100] [M]: 0x00000000800026A2 (0x02251513) slli x10, x10, 0x22                     inst_128+4
x10 <- 0x0000000400000000

mem[X,0x00000000800026A6] -> 0x4513
mem[X,0x00000000800026A8] -> 0xFFF5
[1101] [M]: 0x00000000800026A6 (0xFFF54513) xori x10, x10, -0x1                     inst_128+8
x10 <- 0xFFFFFFFBFFFFFFFF

clint mtime 0x0000000000000227 (mip.MTI <- 0b1, mip.STI <- 0b0)
mem[X,0x00000000800026AA] -> 0xA031
[1102] [M]: 0x00000000800026AA (0xA031) c.j 0xc                                     inst_128+12

mem[X,0x00000000800026B6] -> 0xC509
[1103] [M]: 0x00000000800026B6 (0xC509) c.beqz x10, 0xa                             inst_128+24

clint mtime 0x0000000000000228 (mip.MTI <- 0b1, mip.STI <- 0b0)
mem[X,0x00000000800026B8] -> 0x0113
mem[X,0x00000000800026BA] -> 0x0021
[1104] [M]: 0x00000000800026B8 (0x00210113) addi x2, x2, 0x2                        inst_128+26
x2 <- 0x01FDDB7D5BFDDC81

mem[X,0x00000000800026BC] -> 0x006F
mem[X,0x00000000800026BE] -> 0x0060
[1105] [M]: 0x00000000800026BC (0x0060006F) jal x0, 0x6                             inst_128+30

clint mtime 0x0000000000000229 (mip.MTI <- 0b1, mip.STI <- 0b0)
mem[X,0x00000000800026C2] -> 0xB023
mem[X,0x00000000800026C4] -> 0x4020
[1106] [M]: 0x00000000800026C2 (0x4020B023) sd x2, 0x400(x1)                        inst_128+36
mem[W,0x0000000080005518] <- 0x01FDDB7D5BFDDC81

mem[X,0x00000000800026C6] -> 0x0513
mem[X,0x00000000800026C8] -> 0x0010
[1107] [M]: 0x00000000800026C6 (0x00100513) addi x10, x0, 0x1                       inst_129+0
x10 <- 0x0000000000000001

clint mtime 0x000000000000022A (mip.MTI <- 0b1, mip.STI <- 0b0)
mem[X,0x00000000800026CA] -> 0x1513
mem[X,0x00000000800026CC] -> 0x0235
[1108] [M]: 0x00000000800026CA (0x02351513) slli x10, x10, 0x23                     inst_129+4
x10 <- 0x0000000800000000

mem[X,0x00000000800026CE] -> 0x4513
mem[X,0x00000000800026D0] -> 0xFFF5
[1109] [M]: 0x00000000800026CE (0xFFF54513) xori x10, x10, -0x1                     inst_129+8
x10 <- 0xFFFFFFF7FFFFFFFF

clint mtime 0x000000000000022B (mip.MTI <- 0b1, mip.STI <- 0b0)
mem[X,0x00000000800026D2] -> 0xA801
[1110] [M]: 0x00000000800026D2 (0xA801) c.j 0x10                                    inst_129+12

mem[X,0x00000000800026E2] -> 0xD975
[1111] [M]: 0x00000000800026E2 (0xD975) c.beqz x10, -0xc                            inst_129+28

clint mtime 0x000000000000022C (mip.MTI <- 0b1, mip.STI <- 0b0)
mem[X,0x00000000800026E4] -> 0x0113
mem[X,0x00000000800026E6] -> 0x0021
[1112] [M]: 0x00000000800026E4 (0x00210113) addi x2, x2, 0x2                        inst_129+30
x2 <- 0x01FDDB7D5BFDDC83

mem[X,0x00000000800026E8] -> 0x006F
mem[X,0x00000000800026EA] -> 0x0060
[1113] [M]: 0x00000000800026E8 (0x0060006F) jal x0, 0x6                             inst_129+34

clint mtime 0x000000000000022D (mip.MTI <- 0b1, mip.STI <- 0b0)
mem[X,0x00000000800026EE] -> 0xB423
mem[X,0x00000000800026F0] -> 0x4020
[1114] [M]: 0x00000000800026EE (0x4020B423) sd x2, 0x408(x1)                        inst_129+40
mem[W,0x0000000080005520] <- 0x01FDDB7D5BFDDC83

mem[X,0x00000000800026F2] -> 0x0513
mem[X,0x00000000800026F4] -> 0x0010
[1115] [M]: 0x00000000800026F2 (0x00100513) addi x10, x0, 0x1                       inst_130+0
x10 <- 0x0000000000000001

clint mtime 0x000000000000022E (mip.MTI <- 0b1, mip.STI <- 0b0)
mem[X,0x00000000800026F6] -> 0x1513
mem[X,0x00000000800026F8] -> 0x0245
[1116] [M]: 0x00000000800026F6 (0x02451513) slli x10, x10, 0x24                     inst_130+4
x10 <- 0x0000001000000000

mem[X,0x00000000800026FA] -> 0x4513
mem[X,0x00000000800026FC] -> 0xFFF5
[1117] [M]: 0x00000000800026FA (0xFFF54513) xori x10, x10, -0x1                     inst_130+8
x10 <- 0xFFFFFFEFFFFFFFFF

clint mtime 0x000000000000022F (mip.MTI <- 0b1, mip.STI <- 0b0)
mem[X,0x00000000800026FE] -> 0xA031
[1118] [M]: 0x00000000800026FE (0xA031) c.j 0xc                                     inst_130+12

mem[X,0x000000008000270A] -> 0xC519
[1119] [M]: 0x000000008000270A (0xC519) c.beqz x10, 0xe                             inst_130+24

clint mtime 0x0000000000000230 (mip.MTI <- 0b1, mip.STI <- 0b0)
mem[X,0x000000008000270C] -> 0x0113
mem[X,0x000000008000270E] -> 0x0021
[1120] [M]: 0x000000008000270C (0x00210113) addi x2, x2, 0x2                        inst_130+26
x2 <- 0x01FDDB7D5BFDDC85

mem[X,0x0000000080002710] -> 0x006F
mem[X,0x0000000080002712] -> 0x00A0
[1121] [M]: 0x0000000080002710 (0x00A0006F) jal x0, 0xa                             inst_130+30

clint mtime 0x0000000000000231 (mip.MTI <- 0b1, mip.STI <- 0b0)
mem[X,0x000000008000271A] -> 0xB823
mem[X,0x000000008000271C] -> 0x4020
[1122] [M]: 0x000000008000271A (0x4020B823) sd x2, 0x410(x1)                        inst_130+40
mem[W,0x0000000080005528] <- 0x01FDDB7D5BFDDC85

mem[X,0x000000008000271E] -> 0x0513
mem[X,0x0000000080002720] -> 0x0010
[1123] [M]: 0x000000008000271E (0x00100513) addi x10, x0, 0x1                       inst_131+0
x10 <- 0x0000000000000001

clint mtime 0x0000000000000232 (mip.MTI <- 0b1, mip.STI <- 0b0)
mem[X,0x0000000080002722] -> 0x1513
mem[X,0x0000000080002724] -> 0x0255
[1124] [M]: 0x0000000080002722 (0x02551513) slli x10, x10, 0x25                     inst_131+4
x10 <- 0x0000002000000000

mem[X,0x0000000080002726] -> 0x4513
mem[X,0x0000000080002728] -> 0xFFF5
[1125] [M]: 0x0000000080002726 (0xFFF54513) xori x10, x10, -0x1                     inst_131+8
x10 <- 0xFFFFFFDFFFFFFFFF

clint mtime 0x0000000000000233 (mip.MTI <- 0b1, mip.STI <- 0b0)
mem[X,0x000000008000272A] -> 0xA031
[1126] [M]: 0x000000008000272A (0xA031) c.j 0xc                                     inst_131+12

mem[X,0x0000000080002736] -> 0xCD3D
[1127] [M]: 0x0000000080002736 (0xCD3D) c.beqz x10, 0x7e                            inst_131+24

clint mtime 0x0000000000000234 (mip.MTI <- 0b1, mip.STI <- 0b0)
mem[X,0x0000000080002738] -> 0x0113
mem[X,0x000000008000273A] -> 0x0021
[1128] [M]: 0x0000000080002738 (0x00210113) addi x2, x2, 0x2                        inst_131+26
x2 <- 0x01FDDB7D5BFDDC87

mem[X,0x000000008000273C] -> 0x006F
mem[X,0x000000008000273E] -> 0x07A0
[1129] [M]: 0x000000008000273C (0x07A0006F) jal x0, 0x7a                            inst_131+30

clint mtime 0x0000000000000235 (mip.MTI <- 0b1, mip.STI <- 0b0)
mem[X,0x00000000800027B6] -> 0xBC23
mem[X,0x00000000800027B8] -> 0x4020
[1130] [M]: 0x00000000800027B6 (0x4020BC23) sd x2, 0x418(x1)                        inst_131+152
mem[W,0x0000000080005530] <- 0x01FDDB7D5BFDDC87

mem[X,0x00000000800027BA] -> 0x0513
mem[X,0x00000000800027BC] -> 0x0010
[1131] [M]: 0x00000000800027BA (0x00100513) addi x10, x0, 0x1                       inst_132+0
x10 <- 0x0000000000000001

clint mtime 0x0000000000000236 (mip.MTI <- 0b1, mip.STI <- 0b0)
mem[X,0x00000000800027BE] -> 0x1513
mem[X,0x00000000800027C0] -> 0x0265
[1132] [M]: 0x00000000800027BE (0x02651513) slli x10, x10, 0x26                     inst_132+4
x10 <- 0x0000004000000000

mem[X,0x00000000800027C2] -> 0x4513
mem[X,0x00000000800027C4] -> 0xFFF5
[1133] [M]: 0x00000000800027C2 (0xFFF54513) xori x10, x10, -0x1                     inst_132+8
x10 <- 0xFFFFFFBFFFFFFFFF

clint mtime 0x0000000000000237 (mip.MTI <- 0b1, mip.STI <- 0b0)
mem[X,0x00000000800027C6] -> 0xA031
[1134] [M]: 0x00000000800027C6 (0xA031) c.j 0xc                                     inst_132+12

mem[X,0x00000000800027D2] -> 0xC901
[1135] [M]: 0x00000000800027D2 (0xC901) c.beqz x10, 0x10                            inst_132+24

clint mtime 0x0000000000000238 (mip.MTI <- 0b1, mip.STI <- 0b0)
mem[X,0x00000000800027D4] -> 0x0113
mem[X,0x00000000800027D6] -> 0x0021
[1136] [M]: 0x00000000800027D4 (0x00210113) addi x2, x2, 0x2                        inst_132+26
x2 <- 0x01FDDB7D5BFDDC89

mem[X,0x00000000800027D8] -> 0x006F
mem[X,0x00000000800027DA] -> 0x00C0
[1137] [M]: 0x00000000800027D8 (0x00C0006F) jal x0, 0xc                             inst_132+30

clint mtime 0x0000000000000239 (mip.MTI <- 0b1, mip.STI <- 0b0)
mem[X,0x00000000800027E4] -> 0xB023
mem[X,0x00000000800027E6] -> 0x4220
[1138] [M]: 0x00000000800027E4 (0x4220B023) sd x2, 0x420(x1)                        inst_132+42
mem[W,0x0000000080005538] <- 0x01FDDB7D5BFDDC89

mem[X,0x00000000800027E8] -> 0x0513
mem[X,0x00000000800027EA] -> 0x0010
[1139] [M]: 0x00000000800027E8 (0x00100513) addi x10, x0, 0x1                       inst_133+0
x10 <- 0x0000000000000001

clint mtime 0x000000000000023A (mip.MTI <- 0b1, mip.STI <- 0b0)
mem[X,0x00000000800027EC] -> 0x1513
mem[X,0x00000000800027EE] -> 0x0275
[1140] [M]: 0x00000000800027EC (0x02751513) slli x10, x10, 0x27                     inst_133+4
x10 <- 0x0000008000000000

mem[X,0x00000000800027F0] -> 0x4513
mem[X,0x00000000800027F2] -> 0xFFF5
[1141] [M]: 0x00000000800027F0 (0xFFF54513) xori x10, x10, -0x1                     inst_133+8
x10 <- 0xFFFFFF7FFFFFFFFF

clint mtime 0x000000000000023B (mip.MTI <- 0b1, mip.STI <- 0b0)
mem[X,0x00000000800027F4] -> 0xA031
[1142] [M]: 0x00000000800027F4 (0xA031) c.j 0xc                                     inst_133+12

mem[X,0x0000000080002800] -> 0xC909
[1143] [M]: 0x0000000080002800 (0xC909) c.beqz x10, 0x12                            inst_133+24

clint mtime 0x000000000000023C (mip.MTI <- 0b1, mip.STI <- 0b0)
mem[X,0x0000000080002802] -> 0x0113
mem[X,0x0000000080002804] -> 0x0021
[1144] [M]: 0x0000000080002802 (0x00210113) addi x2, x2, 0x2                        inst_133+26
x2 <- 0x01FDDB7D5BFDDC8B

mem[X,0x0000000080002806] -> 0x006F
mem[X,0x0000000080002808] -> 0x00E0
[1145] [M]: 0x0000000080002806 (0x00E0006F) jal x0, 0xe                             inst_133+30

clint mtime 0x000000000000023D (mip.MTI <- 0b1, mip.STI <- 0b0)
mem[X,0x0000000080002814] -> 0xB423
mem[X,0x0000000080002816] -> 0x4220
[1146] [M]: 0x0000000080002814 (0x4220B423) sd x2, 0x428(x1)                        inst_133+44
mem[W,0x0000000080005540] <- 0x01FDDB7D5BFDDC8B

mem[X,0x0000000080002818] -> 0x0513
mem[X,0x000000008000281A] -> 0x0010
[1147] [M]: 0x0000000080002818 (0x00100513) addi x10, x0, 0x1                       inst_134+0
x10 <- 0x0000000000000001

clint mtime 0x000000000000023E (mip.MTI <- 0b1, mip.STI <- 0b0)
mem[X,0x000000008000281C] -> 0x1513
mem[X,0x000000008000281E] -> 0x0285
[1148] [M]: 0x000000008000281C (0x02851513) slli x10, x10, 0x28                     inst_134+4
x10 <- 0x0000010000000000

mem[X,0x0000000080002820] -> 0x4513
mem[X,0x0000000080002822] -> 0xFFF5
[1149] [M]: 0x0000000080002820 (0xFFF54513) xori x10, x10, -0x1                     inst_134+8
x10 <- 0xFFFFFEFFFFFFFFFF

clint mtime 0x000000000000023F (mip.MTI <- 0b1, mip.STI <- 0b0)
mem[X,0x0000000080002824] -> 0xA845
[1150] [M]: 0x0000000080002824 (0xA845) c.j 0xb0                                    inst_134+12

mem[X,0x00000000800028D4] -> 0xD931
[1151] [M]: 0x00000000800028D4 (0xD931) c.beqz x10, -0xac                           inst_134+188

clint mtime 0x0000000000000240 (mip.MTI <- 0b1, mip.STI <- 0b0)
mem[X,0x00000000800028D6] -> 0x0113
mem[X,0x00000000800028D8] -> 0x0021
[1152] [M]: 0x00000000800028D6 (0x00210113) addi x2, x2, 0x2                        inst_134+190
x2 <- 0x01FDDB7D5BFDDC8D

mem[X,0x00000000800028DA] -> 0x006F
mem[X,0x00000000800028DC] -> 0x0060
[1153] [M]: 0x00000000800028DA (0x0060006F) jal x0, 0x6                             inst_134+194

clint mtime 0x0000000000000241 (mip.MTI <- 0b1, mip.STI <- 0b0)
mem[X,0x00000000800028E0] -> 0xB823
mem[X,0x00000000800028E2] -> 0x4220
[1154] [M]: 0x00000000800028E0 (0x4220B823) sd x2, 0x430(x1)                        inst_134+200
mem[W,0x0000000080005548] <- 0x01FDDB7D5BFDDC8D

mem[X,0x00000000800028E4] -> 0x0513
mem[X,0x00000000800028E6] -> 0x0010
[1155] [M]: 0x00000000800028E4 (0x00100513) addi x10, x0, 0x1                       inst_135+0
x10 <- 0x0000000000000001

clint mtime 0x0000000000000242 (mip.MTI <- 0b1, mip.STI <- 0b0)
mem[X,0x00000000800028E8] -> 0x1513
mem[X,0x00000000800028EA] -> 0x0295
[1156] [M]: 0x00000000800028E8 (0x02951513) slli x10, x10, 0x29                     inst_135+4
x10 <- 0x0000020000000000

mem[X,0x00000000800028EC] -> 0x4513
mem[X,0x00000000800028EE] -> 0xFFF5
[1157] [M]: 0x00000000800028EC (0xFFF54513) xori x10, x10, -0x1                     inst_135+8
x10 <- 0xFFFFFDFFFFFFFFFF

clint mtime 0x0000000000000243 (mip.MTI <- 0b1, mip.STI <- 0b0)
mem[X,0x00000000800028F0] -> 0xA031
[1158] [M]: 0x00000000800028F0 (0xA031) c.j 0xc                                     inst_135+12

mem[X,0x00000000800028FC] -> 0xC509
[1159] [M]: 0x00000000800028FC (0xC509) c.beqz x10, 0xa                             inst_135+24

clint mtime 0x0000000000000244 (mip.MTI <- 0b1, mip.STI <- 0b0)
mem[X,0x00000000800028FE] -> 0x0113
mem[X,0x0000000080002900] -> 0x0021
[1160] [M]: 0x00000000800028FE (0x00210113) addi x2, x2, 0x2                        inst_135+26
x2 <- 0x01FDDB7D5BFDDC8F

mem[X,0x0000000080002902] -> 0x006F
mem[X,0x0000000080002904] -> 0x0060
[1161] [M]: 0x0000000080002902 (0x0060006F) jal x0, 0x6                             inst_135+30

clint mtime 0x0000000000000245 (mip.MTI <- 0b1, mip.STI <- 0b0)
mem[X,0x0000000080002908] -> 0xBC23
mem[X,0x000000008000290A] -> 0x4220
[1162] [M]: 0x0000000080002908 (0x4220BC23) sd x2, 0x438(x1)                        inst_135+36
mem[W,0x0000000080005550] <- 0x01FDDB7D5BFDDC8F

mem[X,0x000000008000290C] -> 0x0513
mem[X,0x000000008000290E] -> 0x0010
[1163] [M]: 0x000000008000290C (0x00100513) addi x10, x0, 0x1                       inst_136+0
x10 <- 0x0000000000000001

clint mtime 0x0000000000000246 (mip.MTI <- 0b1, mip.STI <- 0b0)
mem[X,0x0000000080002910] -> 0x1513
mem[X,0x0000000080002912] -> 0x02A5
[1164] [M]: 0x0000000080002910 (0x02A51513) slli x10, x10, 0x2a                     inst_136+4
x10 <- 0x0000040000000000

mem[X,0x0000000080002914] -> 0x4513
mem[X,0x0000000080002916] -> 0xFFF5
[1165] [M]: 0x0000000080002914 (0xFFF54513) xori x10, x10, -0x1                     inst_136+8
x10 <- 0xFFFFFBFFFFFFFFFF

clint mtime 0x0000000000000247 (mip.MTI <- 0b1, mip.STI <- 0b0)
mem[X,0x0000000080002918] -> 0xA031
[1166] [M]: 0x0000000080002918 (0xA031) c.j 0xc                                     inst_136+12

mem[X,0x0000000080002924] -> 0xC509
[1167] [M]: 0x0000000080002924 (0xC509) c.beqz x10, 0xa                             inst_136+24

clint mtime 0x0000000000000248 (mip.MTI <- 0b1, mip.STI <- 0b0)
mem[X,0x0000000080002926] -> 0x0113
mem[X,0x0000000080002928] -> 0x0021
[1168] [M]: 0x0000000080002926 (0x00210113) addi x2, x2, 0x2                        inst_136+26
x2 <- 0x01FDDB7D5BFDDC91

mem[X,0x000000008000292A] -> 0x006F
mem[X,0x000000008000292C] -> 0x0060
[1169] [M]: 0x000000008000292A (0x0060006F) jal x0, 0x6                             inst_136+30

clint mtime 0x0000000000000249 (mip.MTI <- 0b1, mip.STI <- 0b0)
mem[X,0x0000000080002930] -> 0xB023
mem[X,0x0000000080002932] -> 0x4420
[1170] [M]: 0x0000000080002930 (0x4420B023) sd x2, 0x440(x1)                        inst_136+36
mem[W,0x0000000080005558] <- 0x01FDDB7D5BFDDC91

mem[X,0x0000000080002934] -> 0x0513
mem[X,0x0000000080002936] -> 0x0010
[1171] [M]: 0x0000000080002934 (0x00100513) addi x10, x0, 0x1                       inst_137+0
x10 <- 0x0000000000000001

clint mtime 0x000000000000024A (mip.MTI <- 0b1, mip.STI <- 0b0)
mem[X,0x0000000080002938] -> 0x1513
mem[X,0x000000008000293A] -> 0x02B5
[1172] [M]: 0x0000000080002938 (0x02B51513) slli x10, x10, 0x2b                     inst_137+4
x10 <- 0x0000080000000000

mem[X,0x000000008000293C] -> 0x4513
mem[X,0x000000008000293E] -> 0xFFF5
[1173] [M]: 0x000000008000293C (0xFFF54513) xori x10, x10, -0x1                     inst_137+8
x10 <- 0xFFFFF7FFFFFFFFFF

clint mtime 0x000000000000024B (mip.MTI <- 0b1, mip.STI <- 0b0)
mem[X,0x0000000080002940] -> 0xA845
[1174] [M]: 0x0000000080002940 (0xA845) c.j 0xb0                                    inst_137+12

mem[X,0x00000000800029F0] -> 0xD931
[1175] [M]: 0x00000000800029F0 (0xD931) c.beqz x10, -0xac                           inst_137+188

clint mtime 0x000000000000024C (mip.MTI <- 0b1, mip.STI <- 0b0)
mem[X,0x00000000800029F2] -> 0x0113
mem[X,0x00000000800029F4] -> 0x0021
[1176] [M]: 0x00000000800029F2 (0x00210113) addi x2, x2, 0x2                        inst_137+190
x2 <- 0x01FDDB7D5BFDDC93

mem[X,0x00000000800029F6] -> 0x006F
mem[X,0x00000000800029F8] -> 0x0060
[1177] [M]: 0x00000000800029F6 (0x0060006F) jal x0, 0x6                             inst_137+194

clint mtime 0x000000000000024D (mip.MTI <- 0b1, mip.STI <- 0b0)
mem[X,0x00000000800029FC] -> 0xB423
mem[X,0x00000000800029FE] -> 0x4420
[1178] [M]: 0x00000000800029FC (0x4420B423) sd x2, 0x448(x1)                        inst_137+200
mem[W,0x0000000080005560] <- 0x01FDDB7D5BFDDC93

mem[X,0x0000000080002A00] -> 0x0513
mem[X,0x0000000080002A02] -> 0x0010
[1179] [M]: 0x0000000080002A00 (0x00100513) addi x10, x0, 0x1                       inst_138+0
x10 <- 0x0000000000000001

clint mtime 0x000000000000024E (mip.MTI <- 0b1, mip.STI <- 0b0)
mem[X,0x0000000080002A04] -> 0x1513
mem[X,0x0000000080002A06] -> 0x02C5
[1180] [M]: 0x0000000080002A04 (0x02C51513) slli x10, x10, 0x2c                     inst_138+4
x10 <- 0x0000100000000000

mem[X,0x0000000080002A08] -> 0x4513
mem[X,0x0000000080002A0A] -> 0xFFF5
[1181] [M]: 0x0000000080002A08 (0xFFF54513) xori x10, x10, -0x1                     inst_138+8
x10 <- 0xFFFFEFFFFFFFFFFF

clint mtime 0x000000000000024F (mip.MTI <- 0b1, mip.STI <- 0b0)
mem[X,0x0000000080002A0C] -> 0xA819
[1182] [M]: 0x0000000080002A0C (0xA819) c.j 0x16                                    inst_138+12

mem[X,0x0000000080002A22] -> 0xD57D
[1183] [M]: 0x0000000080002A22 (0xD57D) c.beqz x10, -0x12                           inst_138+34

clint mtime 0x0000000000000250 (mip.MTI <- 0b1, mip.STI <- 0b0)
mem[X,0x0000000080002A24] -> 0x0113
mem[X,0x0000000080002A26] -> 0x0021
[1184] [M]: 0x0000000080002A24 (0x00210113) addi x2, x2, 0x2                        inst_138+36
x2 <- 0x01FDDB7D5BFDDC95

mem[X,0x0000000080002A28] -> 0x006F
mem[X,0x0000000080002A2A] -> 0x0060
[1185] [M]: 0x0000000080002A28 (0x0060006F) jal x0, 0x6                             inst_138+40

clint mtime 0x0000000000000251 (mip.MTI <- 0b1, mip.STI <- 0b0)
mem[X,0x0000000080002A2E] -> 0xB823
mem[X,0x0000000080002A30] -> 0x4420
[1186] [M]: 0x0000000080002A2E (0x4420B823) sd x2, 0x450(x1)                        inst_138+46
mem[W,0x0000000080005568] <- 0x01FDDB7D5BFDDC95

mem[X,0x0000000080002A32] -> 0x0513
mem[X,0x0000000080002A34] -> 0x0010
[1187] [M]: 0x0000000080002A32 (0x00100513) addi x10, x0, 0x1                       inst_139+0
x10 <- 0x0000000000000001

clint mtime 0x0000000000000252 (mip.MTI <- 0b1, mip.STI <- 0b0)
mem[X,0x0000000080002A36] -> 0x1513
mem[X,0x0000000080002A38] -> 0x02D5
[1188] [M]: 0x0000000080002A36 (0x02D51513) slli x10, x10, 0x2d                     inst_139+4
x10 <- 0x0000200000000000

mem[X,0x0000000080002A3A] -> 0x4513
mem[X,0x0000000080002A3C] -> 0xFFF5
[1189] [M]: 0x0000000080002A3A (0xFFF54513) xori x10, x10, -0x1                     inst_139+8
x10 <- 0xFFFFDFFFFFFFFFFF

clint mtime 0x0000000000000253 (mip.MTI <- 0b1, mip.STI <- 0b0)
mem[X,0x0000000080002A3E] -> 0xA031
[1190] [M]: 0x0000000080002A3E (0xA031) c.j 0xc                                     inst_139+12

mem[X,0x0000000080002A4A] -> 0xDD65
[1191] [M]: 0x0000000080002A4A (0xDD65) c.beqz x10, -0x8                            inst_139+24

clint mtime 0x0000000000000254 (mip.MTI <- 0b1, mip.STI <- 0b0)
mem[X,0x0000000080002A4C] -> 0x0113
mem[X,0x0000000080002A4E] -> 0x0021
[1192] [M]: 0x0000000080002A4C (0x00210113) addi x2, x2, 0x2                        inst_139+26
x2 <- 0x01FDDB7D5BFDDC97

mem[X,0x0000000080002A50] -> 0x006F
mem[X,0x0000000080002A52] -> 0x0060
[1193] [M]: 0x0000000080002A50 (0x0060006F) jal x0, 0x6                             inst_139+30

clint mtime 0x0000000000000255 (mip.MTI <- 0b1, mip.STI <- 0b0)
mem[X,0x0000000080002A56] -> 0xBC23
mem[X,0x0000000080002A58] -> 0x4420
[1194] [M]: 0x0000000080002A56 (0x4420BC23) sd x2, 0x458(x1)                        inst_139+36
mem[W,0x0000000080005570] <- 0x01FDDB7D5BFDDC97

mem[X,0x0000000080002A5A] -> 0x0513
mem[X,0x0000000080002A5C] -> 0x0010
[1195] [M]: 0x0000000080002A5A (0x00100513) addi x10, x0, 0x1                       inst_140+0
x10 <- 0x0000000000000001

clint mtime 0x0000000000000256 (mip.MTI <- 0b1, mip.STI <- 0b0)
mem[X,0x0000000080002A5E] -> 0x1513
mem[X,0x0000000080002A60] -> 0x02E5
[1196] [M]: 0x0000000080002A5E (0x02E51513) slli x10, x10, 0x2e                     inst_140+4
x10 <- 0x0000400000000000

mem[X,0x0000000080002A62] -> 0x4513
mem[X,0x0000000080002A64] -> 0xFFF5
[1197] [M]: 0x0000000080002A62 (0xFFF54513) xori x10, x10, -0x1                     inst_140+8
x10 <- 0xFFFFBFFFFFFFFFFF

clint mtime 0x0000000000000257 (mip.MTI <- 0b1, mip.STI <- 0b0)
mem[X,0x0000000080002A66] -> 0xA809
[1198] [M]: 0x0000000080002A66 (0xA809) c.j 0x12                                    inst_140+12

mem[X,0x0000000080002A78] -> 0xD96D
[1199] [M]: 0x0000000080002A78 (0xD96D) c.beqz x10, -0xe                            inst_140+30

clint mtime 0x0000000000000258 (mip.MTI <- 0b1, mip.STI <- 0b0)
mem[X,0x0000000080002A7A] -> 0x0113
mem[X,0x0000000080002A7C] -> 0x0021
[1200] [M]: 0x0000000080002A7A (0x00210113) addi x2, x2, 0x2                        inst_140+32
x2 <- 0x01FDDB7D5BFDDC99

mem[X,0x0000000080002A7E] -> 0x006F
mem[X,0x0000000080002A80] -> 0x0060
[1201] [M]: 0x0000000080002A7E (0x0060006F) jal x0, 0x6                             inst_140+36

clint mtime 0x0000000000000259 (mip.MTI <- 0b1, mip.STI <- 0b0)
mem[X,0x0000000080002A84] -> 0xB023
mem[X,0x0000000080002A86] -> 0x4620
[1202] [M]: 0x0000000080002A84 (0x4620B023) sd x2, 0x460(x1)                        inst_140+42
mem[W,0x0000000080005578] <- 0x01FDDB7D5BFDDC99

mem[X,0x0000000080002A88] -> 0x0513
mem[X,0x0000000080002A8A] -> 0x0010
[1203] [M]: 0x0000000080002A88 (0x00100513) addi x10, x0, 0x1                       inst_141+0
x10 <- 0x0000000000000001

clint mtime 0x000000000000025A (mip.MTI <- 0b1, mip.STI <- 0b0)
mem[X,0x0000000080002A8C] -> 0x1513
mem[X,0x0000000080002A8E] -> 0x02F5
[1204] [M]: 0x0000000080002A8C (0x02F51513) slli x10, x10, 0x2f                     inst_141+4
x10 <- 0x0000800000000000

mem[X,0x0000000080002A90] -> 0x4513
mem[X,0x0000000080002A92] -> 0xFFF5
[1205] [M]: 0x0000000080002A90 (0xFFF54513) xori x10, x10, -0x1                     inst_141+8
x10 <- 0xFFFF7FFFFFFFFFFF

clint mtime 0x000000000000025B (mip.MTI <- 0b1, mip.STI <- 0b0)
mem[X,0x0000000080002A94] -> 0xA051
[1206] [M]: 0x0000000080002A94 (0xA051) c.j 0x84                                    inst_141+12

mem[X,0x0000000080002B18] -> 0xD141
[1207] [M]: 0x0000000080002B18 (0xD141) c.beqz x10, -0x80                           inst_141+144

clint mtime 0x000000000000025C (mip.MTI <- 0b1, mip.STI <- 0b0)
mem[X,0x0000000080002B1A] -> 0x0113
mem[X,0x0000000080002B1C] -> 0x0021
[1208] [M]: 0x0000000080002B1A (0x00210113) addi x2, x2, 0x2                        inst_141+146
x2 <- 0x01FDDB7D5BFDDC9B

mem[X,0x0000000080002B1E] -> 0x006F
mem[X,0x0000000080002B20] -> 0x0060
[1209] [M]: 0x0000000080002B1E (0x0060006F) jal x0, 0x6                             inst_141+150

clint mtime 0x000000000000025D (mip.MTI <- 0b1, mip.STI <- 0b0)
mem[X,0x0000000080002B24] -> 0xB423
mem[X,0x0000000080002B26] -> 0x4620
[1210] [M]: 0x0000000080002B24 (0x4620B423) sd x2, 0x468(x1)                        inst_141+156
mem[W,0x0000000080005580] <- 0x01FDDB7D5BFDDC9B

mem[X,0x0000000080002B28] -> 0x0513
mem[X,0x0000000080002B2A] -> 0x0010
[1211] [M]: 0x0000000080002B28 (0x00100513) addi x10, x0, 0x1                       inst_142+0
x10 <- 0x0000000000000001

clint mtime 0x000000000000025E (mip.MTI <- 0b1, mip.STI <- 0b0)
mem[X,0x0000000080002B2C] -> 0x1513
mem[X,0x0000000080002B2E] -> 0x0305
[1212] [M]: 0x0000000080002B2C (0x03051513) slli x10, x10, 0x30                     inst_142+4
x10 <- 0x0001000000000000

mem[X,0x0000000080002B30] -> 0x4513
mem[X,0x0000000080002B32] -> 0xFFF5
[1213] [M]: 0x0000000080002B30 (0xFFF54513) xori x10, x10, -0x1                     inst_142+8
x10 <- 0xFFFEFFFFFFFFFFFF

clint mtime 0x000000000000025F (mip.MTI <- 0b1, mip.STI <- 0b0)
mem[X,0x0000000080002B34] -> 0xA051
[1214] [M]: 0x0000000080002B34 (0xA051) c.j 0x84                                    inst_142+12

mem[X,0x0000000080002BB8] -> 0xD141
[1215] [M]: 0x0000000080002BB8 (0xD141) c.beqz x10, -0x80                           inst_142+144

clint mtime 0x0000000000000260 (mip.MTI <- 0b1, mip.STI <- 0b0)
mem[X,0x0000000080002BBA] -> 0x0113
mem[X,0x0000000080002BBC] -> 0x0021
[1216] [M]: 0x0000000080002BBA (0x00210113) addi x2, x2, 0x2                        inst_142+146
x2 <- 0x01FDDB7D5BFDDC9D

mem[X,0x0000000080002BBE] -> 0x006F
mem[X,0x0000000080002BC0] -> 0x0060
[1217] [M]: 0x0000000080002BBE (0x0060006F) jal x0, 0x6                             inst_142+150

clint mtime 0x0000000000000261 (mip.MTI <- 0b1, mip.STI <- 0b0)
mem[X,0x0000000080002BC4] -> 0xB823
mem[X,0x0000000080002BC6] -> 0x4620
[1218] [M]: 0x0000000080002BC4 (0x4620B823) sd x2, 0x470(x1)                        inst_142+156
mem[W,0x0000000080005588] <- 0x01FDDB7D5BFDDC9D

mem[X,0x0000000080002BC8] -> 0x0513
mem[X,0x0000000080002BCA] -> 0x0010
[1219] [M]: 0x0000000080002BC8 (0x00100513) addi x10, x0, 0x1                       inst_143+0
x10 <- 0x0000000000000001

clint mtime 0x0000000000000262 (mip.MTI <- 0b1, mip.STI <- 0b0)
mem[X,0x0000000080002BCC] -> 0x1513
mem[X,0x0000000080002BCE] -> 0x0315
[1220] [M]: 0x0000000080002BCC (0x03151513) slli x10, x10, 0x31                     inst_143+4
x10 <- 0x0002000000000000

mem[X,0x0000000080002BD0] -> 0x4513
mem[X,0x0000000080002BD2] -> 0xFFF5
[1221] [M]: 0x0000000080002BD0 (0xFFF54513) xori x10, x10, -0x1                     inst_143+8
x10 <- 0xFFFDFFFFFFFFFFFF

clint mtime 0x0000000000000263 (mip.MTI <- 0b1, mip.STI <- 0b0)
mem[X,0x0000000080002BD4] -> 0xA051
[1222] [M]: 0x0000000080002BD4 (0xA051) c.j 0x84                                    inst_143+12

mem[X,0x0000000080002C58] -> 0xD141
[1223] [M]: 0x0000000080002C58 (0xD141) c.beqz x10, -0x80                           inst_143+144

clint mtime 0x0000000000000264 (mip.MTI <- 0b1, mip.STI <- 0b0)
mem[X,0x0000000080002C5A] -> 0x0113
mem[X,0x0000000080002C5C] -> 0x0021
[1224] [M]: 0x0000000080002C5A (0x00210113) addi x2, x2, 0x2                        inst_143+146
x2 <- 0x01FDDB7D5BFDDC9F

mem[X,0x0000000080002C5E] -> 0x006F
mem[X,0x0000000080002C60] -> 0x0060
[1225] [M]: 0x0000000080002C5E (0x0060006F) jal x0, 0x6                             inst_143+150

clint mtime 0x0000000000000265 (mip.MTI <- 0b1, mip.STI <- 0b0)
mem[X,0x0000000080002C64] -> 0xBC23
mem[X,0x0000000080002C66] -> 0x4620
[1226] [M]: 0x0000000080002C64 (0x4620BC23) sd x2, 0x478(x1)                        inst_143+156
mem[W,0x0000000080005590] <- 0x01FDDB7D5BFDDC9F

mem[X,0x0000000080002C68] -> 0x0513
mem[X,0x0000000080002C6A] -> 0x0010
[1227] [M]: 0x0000000080002C68 (0x00100513) addi x10, x0, 0x1                       inst_144+0
x10 <- 0x0000000000000001

clint mtime 0x0000000000000266 (mip.MTI <- 0b1, mip.STI <- 0b0)
mem[X,0x0000000080002C6C] -> 0x1513
mem[X,0x0000000080002C6E] -> 0x0325
[1228] [M]: 0x0000000080002C6C (0x03251513) slli x10, x10, 0x32                     inst_144+4
x10 <- 0x0004000000000000

mem[X,0x0000000080002C70] -> 0x4513
mem[X,0x0000000080002C72] -> 0xFFF5
[1229] [M]: 0x0000000080002C70 (0xFFF54513) xori x10, x10, -0x1                     inst_144+8
x10 <- 0xFFFBFFFFFFFFFFFF

clint mtime 0x0000000000000267 (mip.MTI <- 0b1, mip.STI <- 0b0)
mem[X,0x0000000080002C74] -> 0xA031
[1230] [M]: 0x0000000080002C74 (0xA031) c.j 0xc                                     inst_144+12

mem[X,0x0000000080002C80] -> 0xC509
[1231] [M]: 0x0000000080002C80 (0xC509) c.beqz x10, 0xa                             inst_144+24

clint mtime 0x0000000000000268 (mip.MTI <- 0b1, mip.STI <- 0b0)
mem[X,0x0000000080002C82] -> 0x0113
mem[X,0x0000000080002C84] -> 0x0021
[1232] [M]: 0x0000000080002C82 (0x00210113) addi x2, x2, 0x2                        inst_144+26
x2 <- 0x01FDDB7D5BFDDCA1

mem[X,0x0000000080002C86] -> 0x006F
mem[X,0x0000000080002C88] -> 0x0060
[1233] [M]: 0x0000000080002C86 (0x0060006F) jal x0, 0x6                             inst_144+30

clint mtime 0x0000000000000269 (mip.MTI <- 0b1, mip.STI <- 0b0)
mem[X,0x0000000080002C8C] -> 0xB023
mem[X,0x0000000080002C8E] -> 0x4820
[1234] [M]: 0x0000000080002C8C (0x4820B023) sd x2, 0x480(x1)                        inst_144+36
mem[W,0x0000000080005598] <- 0x01FDDB7D5BFDDCA1

mem[X,0x0000000080002C90] -> 0x0513
mem[X,0x0000000080002C92] -> 0x0010
[1235] [M]: 0x0000000080002C90 (0x00100513) addi x10, x0, 0x1                       inst_145+0
x10 <- 0x0000000000000001

clint mtime 0x000000000000026A (mip.MTI <- 0b1, mip.STI <- 0b0)
mem[X,0x0000000080002C94] -> 0x1513
mem[X,0x0000000080002C96] -> 0x0335
[1236] [M]: 0x0000000080002C94 (0x03351513) slli x10, x10, 0x33                     inst_145+4
x10 <- 0x0008000000000000

mem[X,0x0000000080002C98] -> 0x4513
mem[X,0x0000000080002C9A] -> 0xFFF5
[1237] [M]: 0x0000000080002C98 (0xFFF54513) xori x10, x10, -0x1                     inst_145+8
x10 <- 0xFFF7FFFFFFFFFFFF

clint mtime 0x000000000000026B (mip.MTI <- 0b1, mip.STI <- 0b0)
mem[X,0x0000000080002C9C] -> 0xA031
[1238] [M]: 0x0000000080002C9C (0xA031) c.j 0xc                                     inst_145+12

mem[X,0x0000000080002CA8] -> 0xC105
[1239] [M]: 0x0000000080002CA8 (0xC105) c.beqz x10, 0x20                            inst_145+24

clint mtime 0x000000000000026C (mip.MTI <- 0b1, mip.STI <- 0b0)
mem[X,0x0000000080002CAA] -> 0x0113
mem[X,0x0000000080002CAC] -> 0x0021
[1240] [M]: 0x0000000080002CAA (0x00210113) addi x2, x2, 0x2                        inst_145+26
x2 <- 0x01FDDB7D5BFDDCA3

mem[X,0x0000000080002CAE] -> 0x006F
mem[X,0x0000000080002CB0] -> 0x01C0
[1241] [M]: 0x0000000080002CAE (0x01C0006F) jal x0, 0x1c                            inst_145+30

clint mtime 0x000000000000026D (mip.MTI <- 0b1, mip.STI <- 0b0)
mem[X,0x0000000080002CCA] -> 0xB423
mem[X,0x0000000080002CCC] -> 0x4820
[1242] [M]: 0x0000000080002CCA (0x4820B423) sd x2, 0x488(x1)                        inst_145+58
mem[W,0x00000000800055A0] <- 0x01FDDB7D5BFDDCA3

mem[X,0x0000000080002CCE] -> 0x0513
mem[X,0x0000000080002CD0] -> 0x0010
[1243] [M]: 0x0000000080002CCE (0x00100513) addi x10, x0, 0x1                       inst_146+0
x10 <- 0x0000000000000001

clint mtime 0x000000000000026E (mip.MTI <- 0b1, mip.STI <- 0b0)
mem[X,0x0000000080002CD2] -> 0x1513
mem[X,0x0000000080002CD4] -> 0x0345
[1244] [M]: 0x0000000080002CD2 (0x03451513) slli x10, x10, 0x34                     inst_146+4
x10 <- 0x0010000000000000

mem[X,0x0000000080002CD6] -> 0x4513
mem[X,0x0000000080002CD8] -> 0xFFF5
[1245] [M]: 0x0000000080002CD6 (0xFFF54513) xori x10, x10, -0x1                     inst_146+8
x10 <- 0xFFEFFFFFFFFFFFFF

clint mtime 0x000000000000026F (mip.MTI <- 0b1, mip.STI <- 0b0)
mem[X,0x0000000080002CDA] -> 0xA031
[1246] [M]: 0x0000000080002CDA (0xA031) c.j 0xc                                     inst_146+12

mem[X,0x0000000080002CE6] -> 0xC54D
[1247] [M]: 0x0000000080002CE6 (0xC54D) c.beqz x10, 0xaa                            inst_146+24

clint mtime 0x0000000000000270 (mip.MTI <- 0b1, mip.STI <- 0b0)
mem[X,0x0000000080002CE8] -> 0x0113
mem[X,0x0000000080002CEA] -> 0x0021
[1248] [M]: 0x0000000080002CE8 (0x00210113) addi x2, x2, 0x2                        inst_146+26
x2 <- 0x01FDDB7D5BFDDCA5

mem[X,0x0000000080002CEC] -> 0x006F
mem[X,0x0000000080002CEE] -> 0x0A60
[1249] [M]: 0x0000000080002CEC (0x0A60006F) jal x0, 0xa6                            inst_146+30

clint mtime 0x0000000000000271 (mip.MTI <- 0b1, mip.STI <- 0b0)
mem[X,0x0000000080002D92] -> 0xB823
mem[X,0x0000000080002D94] -> 0x4820
[1250] [M]: 0x0000000080002D92 (0x4820B823) sd x2, 0x490(x1)                        inst_146+196
mem[W,0x00000000800055A8] <- 0x01FDDB7D5BFDDCA5

mem[X,0x0000000080002D96] -> 0x0513
mem[X,0x0000000080002D98] -> 0x0010
[1251] [M]: 0x0000000080002D96 (0x00100513) addi x10, x0, 0x1                       inst_147+0
x10 <- 0x0000000000000001

clint mtime 0x0000000000000272 (mip.MTI <- 0b1, mip.STI <- 0b0)
mem[X,0x0000000080002D9A] -> 0x1513
mem[X,0x0000000080002D9C] -> 0x0355
[1252] [M]: 0x0000000080002D9A (0x03551513) slli x10, x10, 0x35                     inst_147+4
x10 <- 0x0020000000000000

mem[X,0x0000000080002D9E] -> 0x4513
mem[X,0x0000000080002DA0] -> 0xFFF5
[1253] [M]: 0x0000000080002D9E (0xFFF54513) xori x10, x10, -0x1                     inst_147+8
x10 <- 0xFFDFFFFFFFFFFFFF

clint mtime 0x0000000000000273 (mip.MTI <- 0b1, mip.STI <- 0b0)
mem[X,0x0000000080002DA2] -> 0xA031
[1254] [M]: 0x0000000080002DA2 (0xA031) c.j 0xc                                     inst_147+12

mem[X,0x0000000080002DAE] -> 0xDD65
[1255] [M]: 0x0000000080002DAE (0xDD65) c.beqz x10, -0x8                            inst_147+24

clint mtime 0x0000000000000274 (mip.MTI <- 0b1, mip.STI <- 0b0)
mem[X,0x0000000080002DB0] -> 0x0113
mem[X,0x0000000080002DB2] -> 0x0021
[1256] [M]: 0x0000000080002DB0 (0x00210113) addi x2, x2, 0x2                        inst_147+26
x2 <- 0x01FDDB7D5BFDDCA7

mem[X,0x0000000080002DB4] -> 0x006F
mem[X,0x0000000080002DB6] -> 0x0060
[1257] [M]: 0x0000000080002DB4 (0x0060006F) jal x0, 0x6                             inst_147+30

clint mtime 0x0000000000000275 (mip.MTI <- 0b1, mip.STI <- 0b0)
mem[X,0x0000000080002DBA] -> 0xBC23
mem[X,0x0000000080002DBC] -> 0x4820
[1258] [M]: 0x0000000080002DBA (0x4820BC23) sd x2, 0x498(x1)                        inst_147+36
mem[W,0x00000000800055B0] <- 0x01FDDB7D5BFDDCA7

mem[X,0x0000000080002DBE] -> 0x0513
mem[X,0x0000000080002DC0] -> 0x0010
[1259] [M]: 0x0000000080002DBE (0x00100513) addi x10, x0, 0x1                       inst_148+0
x10 <- 0x0000000000000001

clint mtime 0x0000000000000276 (mip.MTI <- 0b1, mip.STI <- 0b0)
mem[X,0x0000000080002DC2] -> 0x1513
mem[X,0x0000000080002DC4] -> 0x0365
[1260] [M]: 0x0000000080002DC2 (0x03651513) slli x10, x10, 0x36                     inst_148+4
x10 <- 0x0040000000000000

mem[X,0x0000000080002DC6] -> 0x4513
mem[X,0x0000000080002DC8] -> 0xFFF5
[1261] [M]: 0x0000000080002DC6 (0xFFF54513) xori x10, x10, -0x1                     inst_148+8
x10 <- 0xFFBFFFFFFFFFFFFF

clint mtime 0x0000000000000277 (mip.MTI <- 0b1, mip.STI <- 0b0)
mem[X,0x0000000080002DCA] -> 0xA031
[1262] [M]: 0x0000000080002DCA (0xA031) c.j 0xc                                     inst_148+12

mem[X,0x0000000080002DD6] -> 0xC901
[1263] [M]: 0x0000000080002DD6 (0xC901) c.beqz x10, 0x10                            inst_148+24

clint mtime 0x0000000000000278 (mip.MTI <- 0b1, mip.STI <- 0b0)
mem[X,0x0000000080002DD8] -> 0x0113
mem[X,0x0000000080002DDA] -> 0x0021
[1264] [M]: 0x0000000080002DD8 (0x00210113) addi x2, x2, 0x2                        inst_148+26
x2 <- 0x01FDDB7D5BFDDCA9

mem[X,0x0000000080002DDC] -> 0x006F
mem[X,0x0000000080002DDE] -> 0x00C0
[1265] [M]: 0x0000000080002DDC (0x00C0006F) jal x0, 0xc                             inst_148+30

clint mtime 0x0000000000000279 (mip.MTI <- 0b1, mip.STI <- 0b0)
mem[X,0x0000000080002DE8] -> 0xB023
mem[X,0x0000000080002DEA] -> 0x4A20
[1266] [M]: 0x0000000080002DE8 (0x4A20B023) sd x2, 0x4a0(x1)                        inst_148+42
mem[W,0x00000000800055B8] <- 0x01FDDB7D5BFDDCA9

mem[X,0x0000000080002DEC] -> 0x006F
mem[X,0x0000000080002DEE] -> 0x0380
[1267] [M]: 0x0000000080002DEC (0x0380006F) jal x0, 0x38                            rvtest_code_end+0

clint mtime 0x000000000000027A (mip.MTI <- 0b1, mip.STI <- 0b0)
mem[X,0x0000000080002E24] -> 0x4085
[1268] [M]: 0x0000000080002E24 (0x4085) c.li x1, 0x1                                exit_cleanup+0
x1 <- 0x0000000000000001

mem[X,0x0000000080002E26] -> 0x0397
mem[X,0x0000000080002E28] -> 0x0000
[1269] [M]: 0x0000000080002E26 (0x00000397) auipc x7, 0x0                           exit_cleanup+2
x7 <- 0x0000000080002E26

clint mtime 0x000000000000027B (mip.MTI <- 0b1, mip.STI <- 0b0)
mem[X,0x0000000080002E2A] -> 0xAD23
mem[X,0x0000000080002E2C] -> 0x1C13
[1270] [M]: 0x0000000080002E2A (0x1C13AD23) sw x1, 0x1da(x7)                        exit_cleanup+6
htif[0x0000000080003000] <- 0x00000001
mem[W,0x0000000080003000] <- 0x00000001

mem[X,0x0000000080002E2E] -> 0xBFE5
[1271] [M]: 0x0000000080002E2E (0xBFE5) c.j -0x8                                    exit_cleanup+10

clint mtime 0x000000000000027C (mip.MTI <- 0b1, mip.STI <- 0b0)
mem[X,0x0000000080002E26] -> 0x0397
mem[X,0x0000000080002E28] -> 0x0000
[1272] [M]: 0x0000000080002E26 (0x00000397) auipc x7, 0x0                           exit_cleanup+2
x7 <- 0x0000000080002E26

mem[X,0x0000000080002E2A] -> 0xAD23
mem[X,0x0000000080002E2C] -> 0x1C13
[1273] [M]: 0x0000000080002E2A (0x1C13AD23) sw x1, 0x1da(x7)                        exit_cleanup+6
htif[0x0000000080003000] <- 0x00000001
mem[W,0x0000000080003000] <- 0x00000001

clint mtime 0x000000000000027D (mip.MTI <- 0b1, mip.STI <- 0b0)
mem[X,0x0000000080002E2E] -> 0xBFE5
[1274] [M]: 0x0000000080002E2E (0xBFE5) c.j -0x8                                    exit_cleanup+10

mem[X,0x0000000080002E26] -> 0x0397
mem[X,0x0000000080002E28] -> 0x0000
[1275] [M]: 0x0000000080002E26 (0x00000397) auipc x7, 0x0                           exit_cleanup+2
x7 <- 0x0000000080002E26

clint mtime 0x000000000000027E (mip.MTI <- 0b1, mip.STI <- 0b0)
mem[X,0x0000000080002E2A] -> 0xAD23
mem[X,0x0000000080002E2C] -> 0x1C13
[1276] [M]: 0x0000000080002E2A (0x1C13AD23) sw x1, 0x1da(x7)                        exit_cleanup+6
htif[0x0000000080003000] <- 0x00000001
htif-syscall-proxy cmd: 0x000000000001
mem[W,0x0000000080003000] <- 0x00000001

SUCCESS
