using /opt/riscv-arch-test/riscof-plugins/rv64/riscof_work/F_Zfa/src/fli.s-01.S/ref/Reference-sail_c_simulator.signature for test-signature output.
setting signature-granularity to 8 bytes
HTIF located at 0x80001000
begin_signature: 0x80003110
end_signature: 0x80003320
Entry point: 0x80000000
CSR mstatus (0x300) <- 0x0000000A00000000
CSR misa (0x301) <- 0x800000000034112F
CSR mcause (0x342) <- 0x0000000000000000
x10 <- 0x0000000000000000
x11 <- 0x0000000000001000
mem[X,0x0000000080000000] -> 0x0837
mem[X,0x0000000080000002] -> 0x7D5C
[0] [M]: 0x0000000080000000 (0x7D5C0837) lui x16, 0x7d5c0                           rvtest_init+0
x16 <- 0x000000007D5C0000

mem[X,0x0000000080000004] -> 0x0813
mem[X,0x0000000080000006] -> 0xDDB8
[1] [M]: 0x0000000080000004 (0xDDB80813) addi x16, x16, -0x225                      rvtest_init+4
x16 <- 0x000000007D5BFDDB

clint mtime 0x0000000000000001 (mip.MTI <- 0b1, mip.STI <- 0b0)
mem[X,0x0000000080000008] -> 0x1813
mem[X,0x000000008000000A] -> 0x00B8
[2] [M]: 0x0000000080000008 (0x00B81813) slli x16, x16, 0xb                         rvtest_init+8
x16 <- 0x000003EADFEED800

mem[X,0x000000008000000C] -> 0x0813
mem[X,0x000000008000000E] -> 0x3EA8
[3] [M]: 0x000000008000000C (0x3EA80813) addi x16, x16, 0x3ea                       rvtest_init+12
x16 <- 0x000003EADFEEDBEA

clint mtime 0x0000000000000002 (mip.MTI <- 0b1, mip.STI <- 0b0)
mem[X,0x0000000080000010] -> 0x1813
mem[X,0x0000000080000012] -> 0x00B8
[4] [M]: 0x0000000080000010 (0x00B81813) slli x16, x16, 0xb                         rvtest_init+16
x16 <- 0x001F56FF76DF5000

mem[X,0x0000000080000014] -> 0x0813
mem[X,0x0000000080000016] -> 0x6FF8
[5] [M]: 0x0000000080000014 (0x6FF80813) addi x16, x16, 0x6ff                       rvtest_init+20
x16 <- 0x001F56FF76DF56FF

clint mtime 0x0000000000000003 (mip.MTI <- 0b1, mip.STI <- 0b0)
mem[X,0x0000000080000018] -> 0x1813
mem[X,0x000000008000001A] -> 0x00A8
[6] [M]: 0x0000000080000018 (0x00A81813) slli x16, x16, 0xa                         rvtest_init+24
x16 <- 0x7D5BFDDB7D5BFC00

mem[X,0x000000008000001C] -> 0x0813
mem[X,0x000000008000001E] -> 0x1DB8
[7] [M]: 0x000000008000001C (0x1DB80813) addi x16, x16, 0x1db                       rvtest_init+28
x16 <- 0x7D5BFDDB7D5BFDDB

clint mtime 0x0000000000000004 (mip.MTI <- 0b1, mip.STI <- 0b0)
mem[X,0x0000000080000020] -> 0x5893
mem[X,0x0000000080000022] -> 0x0078
[8] [M]: 0x0000000080000020 (0x00785893) srli x17, x16, 0x7                         rvtest_init+32
x17 <- 0x00FAB7FBB6FAB7FB

mem[X,0x0000000080000024] -> 0x5793
mem[X,0x0000000080000026] -> 0x0398
[9] [M]: 0x0000000080000024 (0x03985793) srli x15, x16, 0x39                        rvtest_init+36
x15 <- 0x000000000000003E

clint mtime 0x0000000000000005 (mip.MTI <- 0b1, mip.STI <- 0b0)
mem[X,0x0000000080000028] -> 0xE8B3
mem[X,0x000000008000002A] -> 0x00F8
[10] [M]: 0x0000000080000028 (0x00F8E8B3) or x17, x17, x15                          rvtest_init+40
x17 <- 0x00FAB7FBB6FAB7FF

mem[X,0x000000008000002C] -> 0xD913
mem[X,0x000000008000002E] -> 0x0078
[11] [M]: 0x000000008000002C (0x0078D913) srli x18, x17, 0x7                        rvtest_init+44
x18 <- 0x0001F56FF76DF56F

clint mtime 0x0000000000000006 (mip.MTI <- 0b1, mip.STI <- 0b0)
mem[X,0x0000000080000030] -> 0xD793
mem[X,0x0000000080000032] -> 0x0398
[12] [M]: 0x0000000080000030 (0x0398D793) srli x15, x17, 0x39                       rvtest_init+48
x15 <- 0x0000000000000000

mem[X,0x0000000080000034] -> 0x6933
mem[X,0x0000000080000036] -> 0x00F9
[13] [M]: 0x0000000080000034 (0x00F96933) or x18, x18, x15                          rvtest_init+52
x18 <- 0x0001F56FF76DF56F

clint mtime 0x0000000000000007 (mip.MTI <- 0b1, mip.STI <- 0b0)
mem[X,0x0000000080000038] -> 0x5993
mem[X,0x000000008000003A] -> 0x0079
[14] [M]: 0x0000000080000038 (0x00795993) srli x19, x18, 0x7                        rvtest_init+56
x19 <- 0x000003EADFEEDBEA

mem[X,0x000000008000003C] -> 0x5793
mem[X,0x000000008000003E] -> 0x0399
[15] [M]: 0x000000008000003C (0x03995793) srli x15, x18, 0x39                       rvtest_init+60
x15 <- 0x0000000000000000

clint mtime 0x0000000000000008 (mip.MTI <- 0b1, mip.STI <- 0b0)
mem[X,0x0000000080000040] -> 0xE9B3
mem[X,0x0000000080000042] -> 0x00F9
[16] [M]: 0x0000000080000040 (0x00F9E9B3) or x19, x19, x15                          rvtest_init+64
x19 <- 0x000003EADFEEDBEA

mem[X,0x0000000080000044] -> 0xDA13
mem[X,0x0000000080000046] -> 0x0079
[17] [M]: 0x0000000080000044 (0x0079DA13) srli x20, x19, 0x7                        rvtest_init+68
x20 <- 0x00000007D5BFDDB7

clint mtime 0x0000000000000009 (mip.MTI <- 0b1, mip.STI <- 0b0)
mem[X,0x0000000080000048] -> 0xD793
mem[X,0x000000008000004A] -> 0x0399
[18] [M]: 0x0000000080000048 (0x0399D793) srli x15, x19, 0x39                       rvtest_init+72
x15 <- 0x0000000000000000

mem[X,0x000000008000004C] -> 0x6A33
mem[X,0x000000008000004E] -> 0x00FA
[19] [M]: 0x000000008000004C (0x00FA6A33) or x20, x20, x15                          rvtest_init+76
x20 <- 0x00000007D5BFDDB7

clint mtime 0x000000000000000A (mip.MTI <- 0b1, mip.STI <- 0b0)
mem[X,0x0000000080000050] -> 0x5A93
mem[X,0x0000000080000052] -> 0x007A
[20] [M]: 0x0000000080000050 (0x007A5A93) srli x21, x20, 0x7                        rvtest_init+80
x21 <- 0x000000000FAB7FBB

mem[X,0x0000000080000054] -> 0x5793
mem[X,0x0000000080000056] -> 0x039A
[21] [M]: 0x0000000080000054 (0x039A5793) srli x15, x20, 0x39                       rvtest_init+84
x15 <- 0x0000000000000000

clint mtime 0x000000000000000B (mip.MTI <- 0b1, mip.STI <- 0b0)
mem[X,0x0000000080000058] -> 0xEAB3
mem[X,0x000000008000005A] -> 0x00FA
[22] [M]: 0x0000000080000058 (0x00FAEAB3) or x21, x21, x15                          rvtest_init+88
x21 <- 0x000000000FAB7FBB

mem[X,0x000000008000005C] -> 0xDB13
mem[X,0x000000008000005E] -> 0x007A
[23] [M]: 0x000000008000005C (0x007ADB13) srli x22, x21, 0x7                        rvtest_init+92
x22 <- 0x00000000001F56FF

clint mtime 0x000000000000000C (mip.MTI <- 0b1, mip.STI <- 0b0)
mem[X,0x0000000080000060] -> 0xD793
mem[X,0x0000000080000062] -> 0x039A
[24] [M]: 0x0000000080000060 (0x039AD793) srli x15, x21, 0x39                       rvtest_init+96
x15 <- 0x0000000000000000

mem[X,0x0000000080000064] -> 0x6B33
mem[X,0x0000000080000066] -> 0x00FB
[25] [M]: 0x0000000080000064 (0x00FB6B33) or x22, x22, x15                          rvtest_init+100
x22 <- 0x00000000001F56FF

clint mtime 0x000000000000000D (mip.MTI <- 0b1, mip.STI <- 0b0)
mem[X,0x0000000080000068] -> 0x5B93
mem[X,0x000000008000006A] -> 0x007B
[26] [M]: 0x0000000080000068 (0x007B5B93) srli x23, x22, 0x7                        rvtest_init+104
x23 <- 0x0000000000003EAD

mem[X,0x000000008000006C] -> 0x5793
mem[X,0x000000008000006E] -> 0x039B
[27] [M]: 0x000000008000006C (0x039B5793) srli x15, x22, 0x39                       rvtest_init+108
x15 <- 0x0000000000000000

clint mtime 0x000000000000000E (mip.MTI <- 0b1, mip.STI <- 0b0)
mem[X,0x0000000080000070] -> 0xEBB3
mem[X,0x0000000080000072] -> 0x00FB
[28] [M]: 0x0000000080000070 (0x00FBEBB3) or x23, x23, x15                          rvtest_init+112
x23 <- 0x0000000000003EAD

mem[X,0x0000000080000074] -> 0xDC13
mem[X,0x0000000080000076] -> 0x007B
[29] [M]: 0x0000000080000074 (0x007BDC13) srli x24, x23, 0x7                        rvtest_init+116
x24 <- 0x000000000000007D

clint mtime 0x000000000000000F (mip.MTI <- 0b1, mip.STI <- 0b0)
mem[X,0x0000000080000078] -> 0xD793
mem[X,0x000000008000007A] -> 0x039B
[30] [M]: 0x0000000080000078 (0x039BD793) srli x15, x23, 0x39                       rvtest_init+120
x15 <- 0x0000000000000000

mem[X,0x000000008000007C] -> 0x6C33
mem[X,0x000000008000007E] -> 0x00FC
[31] [M]: 0x000000008000007C (0x00FC6C33) or x24, x24, x15                          rvtest_init+124
x24 <- 0x000000000000007D

clint mtime 0x0000000000000010 (mip.MTI <- 0b1, mip.STI <- 0b0)
mem[X,0x0000000080000080] -> 0x5C93
mem[X,0x0000000080000082] -> 0x007C
[32] [M]: 0x0000000080000080 (0x007C5C93) srli x25, x24, 0x7                        rvtest_init+128
x25 <- 0x0000000000000000

mem[X,0x0000000080000084] -> 0x5793
mem[X,0x0000000080000086] -> 0x039C
[33] [M]: 0x0000000080000084 (0x039C5793) srli x15, x24, 0x39                       rvtest_init+132
x15 <- 0x0000000000000000

clint mtime 0x0000000000000011 (mip.MTI <- 0b1, mip.STI <- 0b0)
mem[X,0x0000000080000088] -> 0xECB3
mem[X,0x000000008000008A] -> 0x00FC
[34] [M]: 0x0000000080000088 (0x00FCECB3) or x25, x25, x15                          rvtest_init+136
x25 <- 0x0000000000000000

mem[X,0x000000008000008C] -> 0xDD13
mem[X,0x000000008000008E] -> 0x007C
[35] [M]: 0x000000008000008C (0x007CDD13) srli x26, x25, 0x7                        rvtest_init+140
x26 <- 0x0000000000000000

clint mtime 0x0000000000000012 (mip.MTI <- 0b1, mip.STI <- 0b0)
mem[X,0x0000000080000090] -> 0xD793
mem[X,0x0000000080000092] -> 0x039C
[36] [M]: 0x0000000080000090 (0x039CD793) srli x15, x25, 0x39                       rvtest_init+144
x15 <- 0x0000000000000000

mem[X,0x0000000080000094] -> 0x6D33
mem[X,0x0000000080000096] -> 0x00FD
[37] [M]: 0x0000000080000094 (0x00FD6D33) or x26, x26, x15                          rvtest_init+148
x26 <- 0x0000000000000000

clint mtime 0x0000000000000013 (mip.MTI <- 0b1, mip.STI <- 0b0)
mem[X,0x0000000080000098] -> 0x5D93
mem[X,0x000000008000009A] -> 0x007D
[38] [M]: 0x0000000080000098 (0x007D5D93) srli x27, x26, 0x7                        rvtest_init+152
x27 <- 0x0000000000000000

mem[X,0x000000008000009C] -> 0x5793
mem[X,0x000000008000009E] -> 0x039D
[39] [M]: 0x000000008000009C (0x039D5793) srli x15, x26, 0x39                       rvtest_init+156
x15 <- 0x0000000000000000

clint mtime 0x0000000000000014 (mip.MTI <- 0b1, mip.STI <- 0b0)
mem[X,0x00000000800000A0] -> 0xEDB3
mem[X,0x00000000800000A2] -> 0x00FD
[40] [M]: 0x00000000800000A0 (0x00FDEDB3) or x27, x27, x15                          rvtest_init+160
x27 <- 0x0000000000000000

mem[X,0x00000000800000A4] -> 0xDE13
mem[X,0x00000000800000A6] -> 0x007D
[41] [M]: 0x00000000800000A4 (0x007DDE13) srli x28, x27, 0x7                        rvtest_init+164
x28 <- 0x0000000000000000

clint mtime 0x0000000000000015 (mip.MTI <- 0b1, mip.STI <- 0b0)
mem[X,0x00000000800000A8] -> 0xD793
mem[X,0x00000000800000AA] -> 0x039D
[42] [M]: 0x00000000800000A8 (0x039DD793) srli x15, x27, 0x39                       rvtest_init+168
x15 <- 0x0000000000000000

mem[X,0x00000000800000AC] -> 0x6E33
mem[X,0x00000000800000AE] -> 0x00FE
[43] [M]: 0x00000000800000AC (0x00FE6E33) or x28, x28, x15                          rvtest_init+172
x28 <- 0x0000000000000000

clint mtime 0x0000000000000016 (mip.MTI <- 0b1, mip.STI <- 0b0)
mem[X,0x00000000800000B0] -> 0x5E93
mem[X,0x00000000800000B2] -> 0x007E
[44] [M]: 0x00000000800000B0 (0x007E5E93) srli x29, x28, 0x7                        rvtest_init+176
x29 <- 0x0000000000000000

mem[X,0x00000000800000B4] -> 0x5793
mem[X,0x00000000800000B6] -> 0x039E
[45] [M]: 0x00000000800000B4 (0x039E5793) srli x15, x28, 0x39                       rvtest_init+180
x15 <- 0x0000000000000000

clint mtime 0x0000000000000017 (mip.MTI <- 0b1, mip.STI <- 0b0)
mem[X,0x00000000800000B8] -> 0xEEB3
mem[X,0x00000000800000BA] -> 0x00FE
[46] [M]: 0x00000000800000B8 (0x00FEEEB3) or x29, x29, x15                          rvtest_init+184
x29 <- 0x0000000000000000

mem[X,0x00000000800000BC] -> 0xDF13
mem[X,0x00000000800000BE] -> 0x007E
[47] [M]: 0x00000000800000BC (0x007EDF13) srli x30, x29, 0x7                        rvtest_init+188
x30 <- 0x0000000000000000

clint mtime 0x0000000000000018 (mip.MTI <- 0b1, mip.STI <- 0b0)
mem[X,0x00000000800000C0] -> 0xD793
mem[X,0x00000000800000C2] -> 0x039E
[48] [M]: 0x00000000800000C0 (0x039ED793) srli x15, x29, 0x39                       rvtest_init+192
x15 <- 0x0000000000000000

mem[X,0x00000000800000C4] -> 0x6F33
mem[X,0x00000000800000C6] -> 0x00FF
[49] [M]: 0x00000000800000C4 (0x00FF6F33) or x30, x30, x15                          rvtest_init+196
x30 <- 0x0000000000000000

clint mtime 0x0000000000000019 (mip.MTI <- 0b1, mip.STI <- 0b0)
mem[X,0x00000000800000C8] -> 0xC0B7
mem[X,0x00000000800000CA] -> 0xFEED
[50] [M]: 0x00000000800000C8 (0xFEEDC0B7) lui x1, -0x1124                           rvtest_init+200
x1 <- 0xFFFFFFFFFEEDC000

mem[X,0x00000000800000CC] -> 0x8093
mem[X,0x00000000800000CE] -> 0xEAD0
[51] [M]: 0x00000000800000CC (0xEAD08093) addi x1, x1, -0x153                       rvtest_init+204
x1 <- 0xFFFFFFFFFEEDBEAD

clint mtime 0x000000000000001A (mip.MTI <- 0b1, mip.STI <- 0b0)
mem[X,0x00000000800000D0] -> 0x9093
mem[X,0x00000000800000D2] -> 0x00B0
[52] [M]: 0x00000000800000D0 (0x00B09093) slli x1, x1, 0xb                          rvtest_init+208
x1 <- 0xFFFFFFF76DF56800

mem[X,0x00000000800000D4] -> 0x8093
mem[X,0x00000000800000D6] -> 0x7F70
[53] [M]: 0x00000000800000D4 (0x7F708093) addi x1, x1, 0x7f7                        rvtest_init+212
x1 <- 0xFFFFFFF76DF56FF7

clint mtime 0x000000000000001B (mip.MTI <- 0b1, mip.STI <- 0b0)
mem[X,0x00000000800000D8] -> 0x9093
mem[X,0x00000000800000DA] -> 0x00B0
[54] [M]: 0x00000000800000D8 (0x00B09093) slli x1, x1, 0xb                          rvtest_init+216
x1 <- 0xFFFFBB6FAB7FB800

mem[X,0x00000000800000DC] -> 0x8093
mem[X,0x00000000800000DE] -> 0x36F0
[55] [M]: 0x00000000800000DC (0x36F08093) addi x1, x1, 0x36f                        rvtest_init+220
x1 <- 0xFFFFBB6FAB7FBB6F

clint mtime 0x000000000000001C (mip.MTI <- 0b1, mip.STI <- 0b0)
mem[X,0x00000000800000E0] -> 0x9093
mem[X,0x00000000800000E2] -> 0x00A0
[56] [M]: 0x00000000800000E0 (0x00A09093) slli x1, x1, 0xa                          rvtest_init+224
x1 <- 0xFEEDBEADFEEDBC00

mem[X,0x00000000800000E4] -> 0x8093
mem[X,0x00000000800000E6] -> 0x2AD0
[57] [M]: 0x00000000800000E4 (0x2AD08093) addi x1, x1, 0x2ad                        rvtest_init+228
x1 <- 0xFEEDBEADFEEDBEAD

clint mtime 0x000000000000001D (mip.MTI <- 0b1, mip.STI <- 0b0)
mem[X,0x00000000800000E8] -> 0xD113
mem[X,0x00000000800000EA] -> 0x0070
[58] [M]: 0x00000000800000E8 (0x0070D113) srli x2, x1, 0x7                          rvtest_init+232
x2 <- 0x01FDDB7D5BFDDB7D

mem[X,0x00000000800000EC] -> 0xD793
mem[X,0x00000000800000EE] -> 0x0390
[59] [M]: 0x00000000800000EC (0x0390D793) srli x15, x1, 0x39                        rvtest_init+236
x15 <- 0x000000000000007F

clint mtime 0x000000000000001E (mip.MTI <- 0b1, mip.STI <- 0b0)
mem[X,0x00000000800000F0] -> 0x6133
mem[X,0x00000000800000F2] -> 0x00F1
[60] [M]: 0x00000000800000F0 (0x00F16133) or x2, x2, x15                            rvtest_init+240
x2 <- 0x01FDDB7D5BFDDB7F

mem[X,0x00000000800000F4] -> 0x5193
mem[X,0x00000000800000F6] -> 0x0071
[61] [M]: 0x00000000800000F4 (0x00715193) srli x3, x2, 0x7                          rvtest_init+244
x3 <- 0x0003FBB6FAB7FBB6

clint mtime 0x000000000000001F (mip.MTI <- 0b1, mip.STI <- 0b0)
mem[X,0x00000000800000F8] -> 0x5793
mem[X,0x00000000800000FA] -> 0x0391
[62] [M]: 0x00000000800000F8 (0x03915793) srli x15, x2, 0x39                        rvtest_init+248
x15 <- 0x0000000000000000

mem[X,0x00000000800000FC] -> 0xE1B3
mem[X,0x00000000800000FE] -> 0x00F1
[63] [M]: 0x00000000800000FC (0x00F1E1B3) or x3, x3, x15                            rvtest_init+252
x3 <- 0x0003FBB6FAB7FBB6

clint mtime 0x0000000000000020 (mip.MTI <- 0b1, mip.STI <- 0b0)
mem[X,0x0000000080000100] -> 0xD213
mem[X,0x0000000080000102] -> 0x0071
[64] [M]: 0x0000000080000100 (0x0071D213) srli x4, x3, 0x7                          rvtest_init+256
x4 <- 0x000007F76DF56FF7

mem[X,0x0000000080000104] -> 0xD793
mem[X,0x0000000080000106] -> 0x0391
[65] [M]: 0x0000000080000104 (0x0391D793) srli x15, x3, 0x39                        rvtest_init+260
x15 <- 0x0000000000000000

clint mtime 0x0000000000000021 (mip.MTI <- 0b1, mip.STI <- 0b0)
mem[X,0x0000000080000108] -> 0x6233
mem[X,0x000000008000010A] -> 0x00F2
[66] [M]: 0x0000000080000108 (0x00F26233) or x4, x4, x15                            rvtest_init+264
x4 <- 0x000007F76DF56FF7

mem[X,0x000000008000010C] -> 0x5293
mem[X,0x000000008000010E] -> 0x0072
[67] [M]: 0x000000008000010C (0x00725293) srli x5, x4, 0x7                          rvtest_init+268
x5 <- 0x0000000FEEDBEADF

clint mtime 0x0000000000000022 (mip.MTI <- 0b1, mip.STI <- 0b0)
mem[X,0x0000000080000110] -> 0x5793
mem[X,0x0000000080000112] -> 0x0392
[68] [M]: 0x0000000080000110 (0x03925793) srli x15, x4, 0x39                        rvtest_init+272
x15 <- 0x0000000000000000

mem[X,0x0000000080000114] -> 0xE2B3
mem[X,0x0000000080000116] -> 0x00F2
[69] [M]: 0x0000000080000114 (0x00F2E2B3) or x5, x5, x15                            rvtest_init+276
x5 <- 0x0000000FEEDBEADF

clint mtime 0x0000000000000023 (mip.MTI <- 0b1, mip.STI <- 0b0)
mem[X,0x0000000080000118] -> 0xD313
mem[X,0x000000008000011A] -> 0x0072
[70] [M]: 0x0000000080000118 (0x0072D313) srli x6, x5, 0x7                          rvtest_init+280
x6 <- 0x000000001FDDB7D5

mem[X,0x000000008000011C] -> 0xD793
mem[X,0x000000008000011E] -> 0x0392
[71] [M]: 0x000000008000011C (0x0392D793) srli x15, x5, 0x39                        rvtest_init+284
x15 <- 0x0000000000000000

clint mtime 0x0000000000000024 (mip.MTI <- 0b1, mip.STI <- 0b0)
mem[X,0x0000000080000120] -> 0x6333
mem[X,0x0000000080000122] -> 0x00F3
[72] [M]: 0x0000000080000120 (0x00F36333) or x6, x6, x15                            rvtest_init+288
x6 <- 0x000000001FDDB7D5

mem[X,0x0000000080000124] -> 0x5393
mem[X,0x0000000080000126] -> 0x0073
[73] [M]: 0x0000000080000124 (0x00735393) srli x7, x6, 0x7                          rvtest_init+292
x7 <- 0x00000000003FBB6F

clint mtime 0x0000000000000025 (mip.MTI <- 0b1, mip.STI <- 0b0)
mem[X,0x0000000080000128] -> 0x5793
mem[X,0x000000008000012A] -> 0x0393
[74] [M]: 0x0000000080000128 (0x03935793) srli x15, x6, 0x39                        rvtest_init+296
x15 <- 0x0000000000000000

mem[X,0x000000008000012C] -> 0xE3B3
mem[X,0x000000008000012E] -> 0x00F3
[75] [M]: 0x000000008000012C (0x00F3E3B3) or x7, x7, x15                            rvtest_init+300
x7 <- 0x00000000003FBB6F

clint mtime 0x0000000000000026 (mip.MTI <- 0b1, mip.STI <- 0b0)
mem[X,0x0000000080000130] -> 0xD413
mem[X,0x0000000080000132] -> 0x0073
[76] [M]: 0x0000000080000130 (0x0073D413) srli x8, x7, 0x7                          rvtest_init+304
x8 <- 0x0000000000007F76

mem[X,0x0000000080000134] -> 0xD793
mem[X,0x0000000080000136] -> 0x0393
[77] [M]: 0x0000000080000134 (0x0393D793) srli x15, x7, 0x39                        rvtest_init+308
x15 <- 0x0000000000000000

clint mtime 0x0000000000000027 (mip.MTI <- 0b1, mip.STI <- 0b0)
mem[X,0x0000000080000138] -> 0x6433
mem[X,0x000000008000013A] -> 0x00F4
[78] [M]: 0x0000000080000138 (0x00F46433) or x8, x8, x15                            rvtest_init+312
x8 <- 0x0000000000007F76

mem[X,0x000000008000013C] -> 0x5493
mem[X,0x000000008000013E] -> 0x0074
[79] [M]: 0x000000008000013C (0x00745493) srli x9, x8, 0x7                          rvtest_init+316
x9 <- 0x00000000000000FE

clint mtime 0x0000000000000028 (mip.MTI <- 0b1, mip.STI <- 0b0)
mem[X,0x0000000080000140] -> 0x5793
mem[X,0x0000000080000142] -> 0x0394
[80] [M]: 0x0000000080000140 (0x03945793) srli x15, x8, 0x39                        rvtest_init+320
x15 <- 0x0000000000000000

mem[X,0x0000000080000144] -> 0xE4B3
mem[X,0x0000000080000146] -> 0x00F4
[81] [M]: 0x0000000080000144 (0x00F4E4B3) or x9, x9, x15                            rvtest_init+324
x9 <- 0x00000000000000FE

clint mtime 0x0000000000000029 (mip.MTI <- 0b1, mip.STI <- 0b0)
mem[X,0x0000000080000148] -> 0xD513
mem[X,0x000000008000014A] -> 0x0074
[82] [M]: 0x0000000080000148 (0x0074D513) srli x10, x9, 0x7                         rvtest_init+328
x10 <- 0x0000000000000001

mem[X,0x000000008000014C] -> 0xD793
mem[X,0x000000008000014E] -> 0x0394
[83] [M]: 0x000000008000014C (0x0394D793) srli x15, x9, 0x39                        rvtest_init+332
x15 <- 0x0000000000000000

clint mtime 0x000000000000002A (mip.MTI <- 0b1, mip.STI <- 0b0)
mem[X,0x0000000080000150] -> 0x6533
mem[X,0x0000000080000152] -> 0x00F5
[84] [M]: 0x0000000080000150 (0x00F56533) or x10, x10, x15                          rvtest_init+336
x10 <- 0x0000000000000001

mem[X,0x0000000080000154] -> 0x5593
mem[X,0x0000000080000156] -> 0x0075
[85] [M]: 0x0000000080000154 (0x00755593) srli x11, x10, 0x7                        rvtest_init+340
x11 <- 0x0000000000000000

clint mtime 0x000000000000002B (mip.MTI <- 0b1, mip.STI <- 0b0)
mem[X,0x0000000080000158] -> 0x5793
mem[X,0x000000008000015A] -> 0x0395
[86] [M]: 0x0000000080000158 (0x03955793) srli x15, x10, 0x39                       rvtest_init+344
x15 <- 0x0000000000000000

mem[X,0x000000008000015C] -> 0xE5B3
mem[X,0x000000008000015E] -> 0x00F5
[87] [M]: 0x000000008000015C (0x00F5E5B3) or x11, x11, x15                          rvtest_init+348
x11 <- 0x0000000000000000

clint mtime 0x000000000000002C (mip.MTI <- 0b1, mip.STI <- 0b0)
mem[X,0x0000000080000160] -> 0xD613
mem[X,0x0000000080000162] -> 0x0075
[88] [M]: 0x0000000080000160 (0x0075D613) srli x12, x11, 0x7                        rvtest_init+352
x12 <- 0x0000000000000000

mem[X,0x0000000080000164] -> 0xD793
mem[X,0x0000000080000166] -> 0x0395
[89] [M]: 0x0000000080000164 (0x0395D793) srli x15, x11, 0x39                       rvtest_init+356
x15 <- 0x0000000000000000

clint mtime 0x000000000000002D (mip.MTI <- 0b1, mip.STI <- 0b0)
mem[X,0x0000000080000168] -> 0x6633
mem[X,0x000000008000016A] -> 0x00F6
[90] [M]: 0x0000000080000168 (0x00F66633) or x12, x12, x15                          rvtest_init+360
x12 <- 0x0000000000000000

mem[X,0x000000008000016C] -> 0x5693
mem[X,0x000000008000016E] -> 0x0076
[91] [M]: 0x000000008000016C (0x00765693) srli x13, x12, 0x7                        rvtest_init+364
x13 <- 0x0000000000000000

clint mtime 0x000000000000002E (mip.MTI <- 0b1, mip.STI <- 0b0)
mem[X,0x0000000080000170] -> 0x5793
mem[X,0x0000000080000172] -> 0x0396
[92] [M]: 0x0000000080000170 (0x03965793) srli x15, x12, 0x39                       rvtest_init+368
x15 <- 0x0000000000000000

mem[X,0x0000000080000174] -> 0xE6B3
mem[X,0x0000000080000176] -> 0x00F6
[93] [M]: 0x0000000080000174 (0x00F6E6B3) or x13, x13, x15                          rvtest_init+372
x13 <- 0x0000000000000000

clint mtime 0x000000000000002F (mip.MTI <- 0b1, mip.STI <- 0b0)
mem[X,0x0000000080000178] -> 0x0513
mem[X,0x000000008000017A] -> 0x0010
[94] [M]: 0x0000000080000178 (0x00100513) addi x10, x0, 0x1                         rvtest_code_begin+0
x10 <- 0x0000000000000001

mem[X,0x000000008000017C] -> 0x1513
mem[X,0x000000008000017E] -> 0x00D5
[95] [M]: 0x000000008000017C (0x00D51513) slli x10, x10, 0xd                        rvtest_code_begin+4
x10 <- 0x0000000000002000

clint mtime 0x0000000000000030 (mip.MTI <- 0b1, mip.STI <- 0b0)
mem[X,0x0000000080000180] -> 0x2073
mem[X,0x0000000080000182] -> 0x3005
[96] [M]: 0x0000000080000180 (0x30052073) csrrs x0, mstatus, x10                    rvtest_code_begin+8
CSR mstatus (0x300) <- 0x0000000A00002000

mem[X,0x0000000080000184] -> 0x5073
mem[X,0x0000000080000186] -> 0x0030
[97] [M]: 0x0000000080000184 (0x00305073) csrrwi x0, fcsr, 0x0                      rvtest_code_begin+12
CSR mstatus (0x300) <- 0x8000000A00006000
CSR fcsr (0x003) <- 0x0000000000000000

clint mtime 0x0000000000000031 (mip.MTI <- 0b1, mip.STI <- 0b0)
mem[X,0x0000000080000188] -> 0x0013
mem[X,0x000000008000018A] -> 0x0000
[98] [M]: 0x0000000080000188 (0x00000013) addi x0, x0, 0x0                          rvtest_code_begin+16

mem[X,0x000000008000018C] -> 0x0013
mem[X,0x000000008000018E] -> 0x0000
[99] [M]: 0x000000008000018C (0x00000013) addi x0, x0, 0x0                          rvtest_code_begin+20

clint mtime 0x0000000000000032 (mip.MTI <- 0b1, mip.STI <- 0b0)
mem[X,0x0000000080000190] -> 0x0013
mem[X,0x0000000080000192] -> 0x0000
[100] [M]: 0x0000000080000190 (0x00000013) addi x0, x0, 0x0                         rvtest_code_begin+24

mem[X,0x0000000080000194] -> 0x0013
mem[X,0x0000000080000196] -> 0x0000
[101] [M]: 0x0000000080000194 (0x00000013) addi x0, x0, 0x0                         rvtest_code_begin+28

clint mtime 0x0000000000000033 (mip.MTI <- 0b1, mip.STI <- 0b0)
mem[X,0x0000000080000198] -> 0x0013
mem[X,0x000000008000019A] -> 0x0000
[102] [M]: 0x0000000080000198 (0x00000013) addi x0, x0, 0x0                         rvtest_code_begin+32

mem[X,0x000000008000019C] -> 0x0013
mem[X,0x000000008000019E] -> 0x0000
[103] [M]: 0x000000008000019C (0x00000013) addi x0, x0, 0x0                         rvtest_code_begin+36

clint mtime 0x0000000000000034 (mip.MTI <- 0b1, mip.STI <- 0b0)
mem[X,0x00000000800001A0] -> 0x2197
mem[X,0x00000000800001A2] -> 0x0000
[104] [M]: 0x00000000800001A0 (0x00002197) auipc x3, 0x2                            rvtest_code_begin+40
x3 <- 0x00000000800021A0

mem[X,0x00000000800001A4] -> 0x8193
mem[X,0x00000000800001A6] -> 0xE701
[105] [M]: 0x00000000800001A4 (0xE7018193) addi x3, x3, -0x190                      rvtest_code_begin+44
x3 <- 0x0000000080002010

clint mtime 0x0000000000000035 (mip.MTI <- 0b1, mip.STI <- 0b0)
mem[X,0x00000000800001A8] -> 0x0013
mem[X,0x00000000800001AA] -> 0x0000
[106] [M]: 0x00000000800001A8 (0x00000013) addi x0, x0, 0x0                         rvtest_code_begin+48

mem[X,0x00000000800001AC] -> 0x0013
mem[X,0x00000000800001AE] -> 0x0000
[107] [M]: 0x00000000800001AC (0x00000013) addi x0, x0, 0x0                         rvtest_code_begin+52

clint mtime 0x0000000000000036 (mip.MTI <- 0b1, mip.STI <- 0b0)
mem[X,0x00000000800001B0] -> 0x0013
mem[X,0x00000000800001B2] -> 0x0000
[108] [M]: 0x00000000800001B0 (0x00000013) addi x0, x0, 0x0                         rvtest_code_begin+56

mem[X,0x00000000800001B4] -> 0x0013
mem[X,0x00000000800001B6] -> 0x0000
[109] [M]: 0x00000000800001B4 (0x00000013) addi x0, x0, 0x0                         rvtest_code_begin+60

clint mtime 0x0000000000000037 (mip.MTI <- 0b1, mip.STI <- 0b0)
mem[X,0x00000000800001B8] -> 0x0013
mem[X,0x00000000800001BA] -> 0x0000
[110] [M]: 0x00000000800001B8 (0x00000013) addi x0, x0, 0x0                         rvtest_code_begin+64

mem[X,0x00000000800001BC] -> 0x0013
mem[X,0x00000000800001BE] -> 0x0000
[111] [M]: 0x00000000800001BC (0x00000013) addi x0, x0, 0x0                         rvtest_code_begin+68

clint mtime 0x0000000000000038 (mip.MTI <- 0b1, mip.STI <- 0b0)
mem[X,0x00000000800001C0] -> 0x3097
mem[X,0x00000000800001C2] -> 0x0000
[112] [M]: 0x00000000800001C0 (0x00003097) auipc x1, 0x3                            rvtest_code_begin+72
x1 <- 0x00000000800031C0

mem[X,0x00000000800001C4] -> 0x8093
mem[X,0x00000000800001C6] -> 0xF580
[113] [M]: 0x00000000800001C4 (0xF5808093) addi x1, x1, -0xa8                       rvtest_code_begin+76
x1 <- 0x0000000080003118

clint mtime 0x0000000000000039 (mip.MTI <- 0b1, mip.STI <- 0b0)
mem[X,0x00000000800001C8] -> 0x0001
[114] [M]: 0x00000000800001C8 (0x0001) c.nop                                        rvtest_code_begin+80

mem[X,0x00000000800001CA] -> 0x0013
mem[X,0x00000000800001CC] -> 0x0000
[115] [M]: 0x00000000800001CA (0x00000013) addi x0, x0, 0x0                         rvtest_code_begin+82

clint mtime 0x000000000000003A (mip.MTI <- 0b1, mip.STI <- 0b0)
mem[X,0x00000000800001CE] -> 0x0013
mem[X,0x00000000800001D0] -> 0x0000
[116] [M]: 0x00000000800001CE (0x00000013) addi x0, x0, 0x0                         rvtest_code_begin+86

mem[X,0x00000000800001D2] -> 0x0013
mem[X,0x00000000800001D4] -> 0x0000
[117] [M]: 0x00000000800001D2 (0x00000013) addi x0, x0, 0x0                         rvtest_code_begin+90

clint mtime 0x000000000000003B (mip.MTI <- 0b1, mip.STI <- 0b0)
mem[X,0x00000000800001D6] -> 0x0013
mem[X,0x00000000800001D8] -> 0x0000
[118] [M]: 0x00000000800001D6 (0x00000013) addi x0, x0, 0x0                         rvtest_code_begin+94

mem[X,0x00000000800001DA] -> 0x0013
mem[X,0x00000000800001DC] -> 0x0000
[119] [M]: 0x00000000800001DA (0x00000013) addi x0, x0, 0x0                         rvtest_code_begin+98

clint mtime 0x000000000000003C (mip.MTI <- 0b1, mip.STI <- 0b0)
mem[X,0x00000000800001DE] -> 0x0001
[120] [M]: 0x00000000800001DE (0x0001) c.nop                                        rvtest_code_begin+102

mem[X,0x00000000800001E0] -> 0x0113
mem[X,0x00000000800001E2] -> 0x0000
[121] [M]: 0x00000000800001E0 (0x00000113) addi x2, x0, 0x0                         inst_0+0
x2 <- 0x0000000000000000

clint mtime 0x000000000000003D (mip.MTI <- 0b1, mip.STI <- 0b0)
mem[X,0x00000000800001E4] -> 0x1073
mem[X,0x00000000800001E6] -> 0x0031
[122] [M]: 0x00000000800001E4 (0x00311073) csrrw x0, fcsr, x2                       inst_0+4
CSR mstatus (0x300) <- 0x8000000A00006000
CSR fcsr (0x003) <- 0x0000000000000000

mem[X,0x00000000800001E8] -> 0x0853
mem[X,0x00000000800001EA] -> 0xF010
[123] [M]: 0x00000000800001E8 (0xF0100853) fli.s f16, 0x0                           inst_0+8
f16 <- 0xFFFFFFFFBF800000
CSR mstatus (0x300) <- 0x8000000A00006000

clint mtime 0x000000000000003E (mip.MTI <- 0b1, mip.STI <- 0b0)
mem[X,0x00000000800001EC] -> 0x2173
mem[X,0x00000000800001EE] -> 0x0030
[124] [M]: 0x00000000800001EC (0x00302173) csrrs x2, fcsr, x0                       inst_0+12
CSR fcsr (0x003) -> 0x0000000000000000
x2 <- 0x0000000000000000

mem[X,0x00000000800001F0] -> 0xA027
mem[X,0x00000000800001F2] -> 0x0100
[125] [M]: 0x00000000800001F0 (0x0100A027) fsw f16, 0x0(x1)                         inst_0+16
mem[W,0x0000000080003118] <- 0xBF800000

clint mtime 0x000000000000003F (mip.MTI <- 0b1, mip.STI <- 0b0)
mem[X,0x00000000800001F4] -> 0xB423
mem[X,0x00000000800001F6] -> 0x0020
[126] [M]: 0x00000000800001F4 (0x0020B423) sd x2, 0x8(x1)                           inst_0+20
mem[W,0x0000000080003120] <- 0x0000000000000000

mem[X,0x00000000800001F8] -> 0x0113
mem[X,0x00000000800001FA] -> 0x0000
[127] [M]: 0x00000000800001F8 (0x00000113) addi x2, x0, 0x0                         inst_1+0
x2 <- 0x0000000000000000

clint mtime 0x0000000000000040 (mip.MTI <- 0b1, mip.STI <- 0b0)
mem[X,0x00000000800001FC] -> 0x1073
mem[X,0x00000000800001FE] -> 0x0031
[128] [M]: 0x00000000800001FC (0x00311073) csrrw x0, fcsr, x2                       inst_1+4
CSR mstatus (0x300) <- 0x8000000A00006000
CSR fcsr (0x003) <- 0x0000000000000000

mem[X,0x0000000080000200] -> 0x88D3
mem[X,0x0000000080000202] -> 0xF010
[129] [M]: 0x0000000080000200 (0xF01088D3) fli.s f17, 0x1                           inst_1+8
f17 <- 0xFFFFFFFF00800000
CSR mstatus (0x300) <- 0x8000000A00006000

clint mtime 0x0000000000000041 (mip.MTI <- 0b1, mip.STI <- 0b0)
mem[X,0x0000000080000204] -> 0x2173
mem[X,0x0000000080000206] -> 0x0030
[130] [M]: 0x0000000080000204 (0x00302173) csrrs x2, fcsr, x0                       inst_1+12
CSR fcsr (0x003) -> 0x0000000000000000
x2 <- 0x0000000000000000

mem[X,0x0000000080000208] -> 0xA827
mem[X,0x000000008000020A] -> 0x0110
[131] [M]: 0x0000000080000208 (0x0110A827) fsw f17, 0x10(x1)                        inst_1+16
mem[W,0x0000000080003128] <- 0x00800000

clint mtime 0x0000000000000042 (mip.MTI <- 0b1, mip.STI <- 0b0)
mem[X,0x000000008000020C] -> 0xBC23
mem[X,0x000000008000020E] -> 0x0020
[132] [M]: 0x000000008000020C (0x0020BC23) sd x2, 0x18(x1)                          inst_1+20
mem[W,0x0000000080003130] <- 0x0000000000000000

mem[X,0x0000000080000210] -> 0x0113
mem[X,0x0000000080000212] -> 0x0000
[133] [M]: 0x0000000080000210 (0x00000113) addi x2, x0, 0x0                         inst_2+0
x2 <- 0x0000000000000000

clint mtime 0x0000000000000043 (mip.MTI <- 0b1, mip.STI <- 0b0)
mem[X,0x0000000080000214] -> 0x1073
mem[X,0x0000000080000216] -> 0x0031
[134] [M]: 0x0000000080000214 (0x00311073) csrrw x0, fcsr, x2                       inst_2+4
CSR mstatus (0x300) <- 0x8000000A00006000
CSR fcsr (0x003) <- 0x0000000000000000

mem[X,0x0000000080000218] -> 0x0953
mem[X,0x000000008000021A] -> 0xF011
[135] [M]: 0x0000000080000218 (0xF0110953) fli.s f18, 0x2                           inst_2+8
f18 <- 0xFFFFFFFF37800000
CSR mstatus (0x300) <- 0x8000000A00006000

clint mtime 0x0000000000000044 (mip.MTI <- 0b1, mip.STI <- 0b0)
mem[X,0x000000008000021C] -> 0x2173
mem[X,0x000000008000021E] -> 0x0030
[136] [M]: 0x000000008000021C (0x00302173) csrrs x2, fcsr, x0                       inst_2+12
CSR fcsr (0x003) -> 0x0000000000000000
x2 <- 0x0000000000000000

mem[X,0x0000000080000220] -> 0xA027
mem[X,0x0000000080000222] -> 0x0320
[137] [M]: 0x0000000080000220 (0x0320A027) fsw f18, 0x20(x1)                        inst_2+16
mem[W,0x0000000080003138] <- 0x37800000

clint mtime 0x0000000000000045 (mip.MTI <- 0b1, mip.STI <- 0b0)
mem[X,0x0000000080000224] -> 0xB423
mem[X,0x0000000080000226] -> 0x0220
[138] [M]: 0x0000000080000224 (0x0220B423) sd x2, 0x28(x1)                          inst_2+20
mem[W,0x0000000080003140] <- 0x0000000000000000

mem[X,0x0000000080000228] -> 0x0113
mem[X,0x000000008000022A] -> 0x0000
[139] [M]: 0x0000000080000228 (0x00000113) addi x2, x0, 0x0                         inst_3+0
x2 <- 0x0000000000000000

clint mtime 0x0000000000000046 (mip.MTI <- 0b1, mip.STI <- 0b0)
mem[X,0x000000008000022C] -> 0x1073
mem[X,0x000000008000022E] -> 0x0031
[140] [M]: 0x000000008000022C (0x00311073) csrrw x0, fcsr, x2                       inst_3+4
CSR mstatus (0x300) <- 0x8000000A00006000
CSR fcsr (0x003) <- 0x0000000000000000

mem[X,0x0000000080000230] -> 0x89D3
mem[X,0x0000000080000232] -> 0xF011
[141] [M]: 0x0000000080000230 (0xF01189D3) fli.s f19, 0x3                           inst_3+8
f19 <- 0xFFFFFFFF38000000
CSR mstatus (0x300) <- 0x8000000A00006000

clint mtime 0x0000000000000047 (mip.MTI <- 0b1, mip.STI <- 0b0)
mem[X,0x0000000080000234] -> 0x2173
mem[X,0x0000000080000236] -> 0x0030
[142] [M]: 0x0000000080000234 (0x00302173) csrrs x2, fcsr, x0                       inst_3+12
CSR fcsr (0x003) -> 0x0000000000000000
x2 <- 0x0000000000000000

mem[X,0x0000000080000238] -> 0xA827
mem[X,0x000000008000023A] -> 0x0330
[143] [M]: 0x0000000080000238 (0x0330A827) fsw f19, 0x30(x1)                        inst_3+16
mem[W,0x0000000080003148] <- 0x38000000

clint mtime 0x0000000000000048 (mip.MTI <- 0b1, mip.STI <- 0b0)
mem[X,0x000000008000023C] -> 0xBC23
mem[X,0x000000008000023E] -> 0x0220
[144] [M]: 0x000000008000023C (0x0220BC23) sd x2, 0x38(x1)                          inst_3+20
mem[W,0x0000000080003150] <- 0x0000000000000000

mem[X,0x0000000080000240] -> 0x0113
mem[X,0x0000000080000242] -> 0x0000
[145] [M]: 0x0000000080000240 (0x00000113) addi x2, x0, 0x0                         inst_4+0
x2 <- 0x0000000000000000

clint mtime 0x0000000000000049 (mip.MTI <- 0b1, mip.STI <- 0b0)
mem[X,0x0000000080000244] -> 0x1073
mem[X,0x0000000080000246] -> 0x0031
[146] [M]: 0x0000000080000244 (0x00311073) csrrw x0, fcsr, x2                       inst_4+4
CSR mstatus (0x300) <- 0x8000000A00006000
CSR fcsr (0x003) <- 0x0000000000000000

mem[X,0x0000000080000248] -> 0x0A53
mem[X,0x000000008000024A] -> 0xF012
[147] [M]: 0x0000000080000248 (0xF0120A53) fli.s f20, 0x4                           inst_4+8
f20 <- 0xFFFFFFFF3B800000
CSR mstatus (0x300) <- 0x8000000A00006000

clint mtime 0x000000000000004A (mip.MTI <- 0b1, mip.STI <- 0b0)
mem[X,0x000000008000024C] -> 0x2173
mem[X,0x000000008000024E] -> 0x0030
[148] [M]: 0x000000008000024C (0x00302173) csrrs x2, fcsr, x0                       inst_4+12
CSR fcsr (0x003) -> 0x0000000000000000
x2 <- 0x0000000000000000

mem[X,0x0000000080000250] -> 0xA027
mem[X,0x0000000080000252] -> 0x0540
[149] [M]: 0x0000000080000250 (0x0540A027) fsw f20, 0x40(x1)                        inst_4+16
mem[W,0x0000000080003158] <- 0x3B800000

clint mtime 0x000000000000004B (mip.MTI <- 0b1, mip.STI <- 0b0)
mem[X,0x0000000080000254] -> 0xB423
mem[X,0x0000000080000256] -> 0x0420
[150] [M]: 0x0000000080000254 (0x0420B423) sd x2, 0x48(x1)                          inst_4+20
mem[W,0x0000000080003160] <- 0x0000000000000000

mem[X,0x0000000080000258] -> 0x0113
mem[X,0x000000008000025A] -> 0x0000
[151] [M]: 0x0000000080000258 (0x00000113) addi x2, x0, 0x0                         inst_5+0
x2 <- 0x0000000000000000

clint mtime 0x000000000000004C (mip.MTI <- 0b1, mip.STI <- 0b0)
mem[X,0x000000008000025C] -> 0x1073
mem[X,0x000000008000025E] -> 0x0031
[152] [M]: 0x000000008000025C (0x00311073) csrrw x0, fcsr, x2                       inst_5+4
CSR mstatus (0x300) <- 0x8000000A00006000
CSR fcsr (0x003) <- 0x0000000000000000

mem[X,0x0000000080000260] -> 0x8AD3
mem[X,0x0000000080000262] -> 0xF012
[153] [M]: 0x0000000080000260 (0xF0128AD3) fli.s f21, 0x5                           inst_5+8
f21 <- 0xFFFFFFFF3C000000
CSR mstatus (0x300) <- 0x8000000A00006000

clint mtime 0x000000000000004D (mip.MTI <- 0b1, mip.STI <- 0b0)
mem[X,0x0000000080000264] -> 0x2173
mem[X,0x0000000080000266] -> 0x0030
[154] [M]: 0x0000000080000264 (0x00302173) csrrs x2, fcsr, x0                       inst_5+12
CSR fcsr (0x003) -> 0x0000000000000000
x2 <- 0x0000000000000000

mem[X,0x0000000080000268] -> 0xA827
mem[X,0x000000008000026A] -> 0x0550
[155] [M]: 0x0000000080000268 (0x0550A827) fsw f21, 0x50(x1)                        inst_5+16
mem[W,0x0000000080003168] <- 0x3C000000

clint mtime 0x000000000000004E (mip.MTI <- 0b1, mip.STI <- 0b0)
mem[X,0x000000008000026C] -> 0xBC23
mem[X,0x000000008000026E] -> 0x0420
[156] [M]: 0x000000008000026C (0x0420BC23) sd x2, 0x58(x1)                          inst_5+20
mem[W,0x0000000080003170] <- 0x0000000000000000

mem[X,0x0000000080000270] -> 0x0113
mem[X,0x0000000080000272] -> 0x0000
[157] [M]: 0x0000000080000270 (0x00000113) addi x2, x0, 0x0                         inst_6+0
x2 <- 0x0000000000000000

clint mtime 0x000000000000004F (mip.MTI <- 0b1, mip.STI <- 0b0)
mem[X,0x0000000080000274] -> 0x1073
mem[X,0x0000000080000276] -> 0x0031
[158] [M]: 0x0000000080000274 (0x00311073) csrrw x0, fcsr, x2                       inst_6+4
CSR mstatus (0x300) <- 0x8000000A00006000
CSR fcsr (0x003) <- 0x0000000000000000

mem[X,0x0000000080000278] -> 0x0B53
mem[X,0x000000008000027A] -> 0xF013
[159] [M]: 0x0000000080000278 (0xF0130B53) fli.s f22, 0x6                           inst_6+8
f22 <- 0xFFFFFFFF3D800000
CSR mstatus (0x300) <- 0x8000000A00006000

clint mtime 0x0000000000000050 (mip.MTI <- 0b1, mip.STI <- 0b0)
mem[X,0x000000008000027C] -> 0x2173
mem[X,0x000000008000027E] -> 0x0030
[160] [M]: 0x000000008000027C (0x00302173) csrrs x2, fcsr, x0                       inst_6+12
CSR fcsr (0x003) -> 0x0000000000000000
x2 <- 0x0000000000000000

mem[X,0x0000000080000280] -> 0xA027
mem[X,0x0000000080000282] -> 0x0760
[161] [M]: 0x0000000080000280 (0x0760A027) fsw f22, 0x60(x1)                        inst_6+16
mem[W,0x0000000080003178] <- 0x3D800000

clint mtime 0x0000000000000051 (mip.MTI <- 0b1, mip.STI <- 0b0)
mem[X,0x0000000080000284] -> 0xB423
mem[X,0x0000000080000286] -> 0x0620
[162] [M]: 0x0000000080000284 (0x0620B423) sd x2, 0x68(x1)                          inst_6+20
mem[W,0x0000000080003180] <- 0x0000000000000000

mem[X,0x0000000080000288] -> 0x0113
mem[X,0x000000008000028A] -> 0x0000
[163] [M]: 0x0000000080000288 (0x00000113) addi x2, x0, 0x0                         inst_7+0
x2 <- 0x0000000000000000

clint mtime 0x0000000000000052 (mip.MTI <- 0b1, mip.STI <- 0b0)
mem[X,0x000000008000028C] -> 0x1073
mem[X,0x000000008000028E] -> 0x0031
[164] [M]: 0x000000008000028C (0x00311073) csrrw x0, fcsr, x2                       inst_7+4
CSR mstatus (0x300) <- 0x8000000A00006000
CSR fcsr (0x003) <- 0x0000000000000000

mem[X,0x0000000080000290] -> 0x8BD3
mem[X,0x0000000080000292] -> 0xF013
[165] [M]: 0x0000000080000290 (0xF0138BD3) fli.s f23, 0x7                           inst_7+8
f23 <- 0xFFFFFFFF3E000000
CSR mstatus (0x300) <- 0x8000000A00006000

clint mtime 0x0000000000000053 (mip.MTI <- 0b1, mip.STI <- 0b0)
mem[X,0x0000000080000294] -> 0x2173
mem[X,0x0000000080000296] -> 0x0030
[166] [M]: 0x0000000080000294 (0x00302173) csrrs x2, fcsr, x0                       inst_7+12
CSR fcsr (0x003) -> 0x0000000000000000
x2 <- 0x0000000000000000

mem[X,0x0000000080000298] -> 0xA827
mem[X,0x000000008000029A] -> 0x0770
[167] [M]: 0x0000000080000298 (0x0770A827) fsw f23, 0x70(x1)                        inst_7+16
mem[W,0x0000000080003188] <- 0x3E000000

clint mtime 0x0000000000000054 (mip.MTI <- 0b1, mip.STI <- 0b0)
mem[X,0x000000008000029C] -> 0xBC23
mem[X,0x000000008000029E] -> 0x0620
[168] [M]: 0x000000008000029C (0x0620BC23) sd x2, 0x78(x1)                          inst_7+20
mem[W,0x0000000080003190] <- 0x0000000000000000

mem[X,0x00000000800002A0] -> 0x0113
mem[X,0x00000000800002A2] -> 0x0000
[169] [M]: 0x00000000800002A0 (0x00000113) addi x2, x0, 0x0                         inst_8+0
x2 <- 0x0000000000000000

clint mtime 0x0000000000000055 (mip.MTI <- 0b1, mip.STI <- 0b0)
mem[X,0x00000000800002A4] -> 0x1073
mem[X,0x00000000800002A6] -> 0x0031
[170] [M]: 0x00000000800002A4 (0x00311073) csrrw x0, fcsr, x2                       inst_8+4
CSR mstatus (0x300) <- 0x8000000A00006000
CSR fcsr (0x003) <- 0x0000000000000000

mem[X,0x00000000800002A8] -> 0x0C53
mem[X,0x00000000800002AA] -> 0xF014
[171] [M]: 0x00000000800002A8 (0xF0140C53) fli.s f24, 0x8                           inst_8+8
f24 <- 0xFFFFFFFF3E800000
CSR mstatus (0x300) <- 0x8000000A00006000

clint mtime 0x0000000000000056 (mip.MTI <- 0b1, mip.STI <- 0b0)
mem[X,0x00000000800002AC] -> 0x2173
mem[X,0x00000000800002AE] -> 0x0030
[172] [M]: 0x00000000800002AC (0x00302173) csrrs x2, fcsr, x0                       inst_8+12
CSR fcsr (0x003) -> 0x0000000000000000
x2 <- 0x0000000000000000

mem[X,0x00000000800002B0] -> 0xA027
mem[X,0x00000000800002B2] -> 0x0980
[173] [M]: 0x00000000800002B0 (0x0980A027) fsw f24, 0x80(x1)                        inst_8+16
mem[W,0x0000000080003198] <- 0x3E800000

clint mtime 0x0000000000000057 (mip.MTI <- 0b1, mip.STI <- 0b0)
mem[X,0x00000000800002B4] -> 0xB423
mem[X,0x00000000800002B6] -> 0x0820
[174] [M]: 0x00000000800002B4 (0x0820B423) sd x2, 0x88(x1)                          inst_8+20
mem[W,0x00000000800031A0] <- 0x0000000000000000

mem[X,0x00000000800002B8] -> 0x0113
mem[X,0x00000000800002BA] -> 0x0000
[175] [M]: 0x00000000800002B8 (0x00000113) addi x2, x0, 0x0                         inst_9+0
x2 <- 0x0000000000000000

clint mtime 0x0000000000000058 (mip.MTI <- 0b1, mip.STI <- 0b0)
mem[X,0x00000000800002BC] -> 0x1073
mem[X,0x00000000800002BE] -> 0x0031
[176] [M]: 0x00000000800002BC (0x00311073) csrrw x0, fcsr, x2                       inst_9+4
CSR mstatus (0x300) <- 0x8000000A00006000
CSR fcsr (0x003) <- 0x0000000000000000

mem[X,0x00000000800002C0] -> 0x8CD3
mem[X,0x00000000800002C2] -> 0xF014
[177] [M]: 0x00000000800002C0 (0xF0148CD3) fli.s f25, 0x9                           inst_9+8
f25 <- 0xFFFFFFFF3EA00000
CSR mstatus (0x300) <- 0x8000000A00006000

clint mtime 0x0000000000000059 (mip.MTI <- 0b1, mip.STI <- 0b0)
mem[X,0x00000000800002C4] -> 0x2173
mem[X,0x00000000800002C6] -> 0x0030
[178] [M]: 0x00000000800002C4 (0x00302173) csrrs x2, fcsr, x0                       inst_9+12
CSR fcsr (0x003) -> 0x0000000000000000
x2 <- 0x0000000000000000

mem[X,0x00000000800002C8] -> 0xA827
mem[X,0x00000000800002CA] -> 0x0990
[179] [M]: 0x00000000800002C8 (0x0990A827) fsw f25, 0x90(x1)                        inst_9+16
mem[W,0x00000000800031A8] <- 0x3EA00000

clint mtime 0x000000000000005A (mip.MTI <- 0b1, mip.STI <- 0b0)
mem[X,0x00000000800002CC] -> 0xBC23
mem[X,0x00000000800002CE] -> 0x0820
[180] [M]: 0x00000000800002CC (0x0820BC23) sd x2, 0x98(x1)                          inst_9+20
mem[W,0x00000000800031B0] <- 0x0000000000000000

mem[X,0x00000000800002D0] -> 0x0113
mem[X,0x00000000800002D2] -> 0x0000
[181] [M]: 0x00000000800002D0 (0x00000113) addi x2, x0, 0x0                         inst_10+0
x2 <- 0x0000000000000000

clint mtime 0x000000000000005B (mip.MTI <- 0b1, mip.STI <- 0b0)
mem[X,0x00000000800002D4] -> 0x1073
mem[X,0x00000000800002D6] -> 0x0031
[182] [M]: 0x00000000800002D4 (0x00311073) csrrw x0, fcsr, x2                       inst_10+4
CSR mstatus (0x300) <- 0x8000000A00006000
CSR fcsr (0x003) <- 0x0000000000000000

mem[X,0x00000000800002D8] -> 0x0D53
mem[X,0x00000000800002DA] -> 0xF015
[183] [M]: 0x00000000800002D8 (0xF0150D53) fli.s f26, 0xa                           inst_10+8
f26 <- 0xFFFFFFFF3EC00000
CSR mstatus (0x300) <- 0x8000000A00006000

clint mtime 0x000000000000005C (mip.MTI <- 0b1, mip.STI <- 0b0)
mem[X,0x00000000800002DC] -> 0x2173
mem[X,0x00000000800002DE] -> 0x0030
[184] [M]: 0x00000000800002DC (0x00302173) csrrs x2, fcsr, x0                       inst_10+12
CSR fcsr (0x003) -> 0x0000000000000000
x2 <- 0x0000000000000000

mem[X,0x00000000800002E0] -> 0xA027
mem[X,0x00000000800002E2] -> 0x0BA0
[185] [M]: 0x00000000800002E0 (0x0BA0A027) fsw f26, 0xa0(x1)                        inst_10+16
mem[W,0x00000000800031B8] <- 0x3EC00000

clint mtime 0x000000000000005D (mip.MTI <- 0b1, mip.STI <- 0b0)
mem[X,0x00000000800002E4] -> 0xB423
mem[X,0x00000000800002E6] -> 0x0A20
[186] [M]: 0x00000000800002E4 (0x0A20B423) sd x2, 0xa8(x1)                          inst_10+20
mem[W,0x00000000800031C0] <- 0x0000000000000000

mem[X,0x00000000800002E8] -> 0x0113
mem[X,0x00000000800002EA] -> 0x0000
[187] [M]: 0x00000000800002E8 (0x00000113) addi x2, x0, 0x0                         inst_11+0
x2 <- 0x0000000000000000

clint mtime 0x000000000000005E (mip.MTI <- 0b1, mip.STI <- 0b0)
mem[X,0x00000000800002EC] -> 0x1073
mem[X,0x00000000800002EE] -> 0x0031
[188] [M]: 0x00000000800002EC (0x00311073) csrrw x0, fcsr, x2                       inst_11+4
CSR mstatus (0x300) <- 0x8000000A00006000
CSR fcsr (0x003) <- 0x0000000000000000

mem[X,0x00000000800002F0] -> 0x8DD3
mem[X,0x00000000800002F2] -> 0xF015
[189] [M]: 0x00000000800002F0 (0xF0158DD3) fli.s f27, 0xb                           inst_11+8
f27 <- 0xFFFFFFFF3EE00000
CSR mstatus (0x300) <- 0x8000000A00006000

clint mtime 0x000000000000005F (mip.MTI <- 0b1, mip.STI <- 0b0)
mem[X,0x00000000800002F4] -> 0x2173
mem[X,0x00000000800002F6] -> 0x0030
[190] [M]: 0x00000000800002F4 (0x00302173) csrrs x2, fcsr, x0                       inst_11+12
CSR fcsr (0x003) -> 0x0000000000000000
x2 <- 0x0000000000000000

mem[X,0x00000000800002F8] -> 0xA827
mem[X,0x00000000800002FA] -> 0x0BB0
[191] [M]: 0x00000000800002F8 (0x0BB0A827) fsw f27, 0xb0(x1)                        inst_11+16
mem[W,0x00000000800031C8] <- 0x3EE00000

clint mtime 0x0000000000000060 (mip.MTI <- 0b1, mip.STI <- 0b0)
mem[X,0x00000000800002FC] -> 0xBC23
mem[X,0x00000000800002FE] -> 0x0A20
[192] [M]: 0x00000000800002FC (0x0A20BC23) sd x2, 0xb8(x1)                          inst_11+20
mem[W,0x00000000800031D0] <- 0x0000000000000000

mem[X,0x0000000080000300] -> 0x0113
mem[X,0x0000000080000302] -> 0x0000
[193] [M]: 0x0000000080000300 (0x00000113) addi x2, x0, 0x0                         inst_12+0
x2 <- 0x0000000000000000

clint mtime 0x0000000000000061 (mip.MTI <- 0b1, mip.STI <- 0b0)
mem[X,0x0000000080000304] -> 0x1073
mem[X,0x0000000080000306] -> 0x0031
[194] [M]: 0x0000000080000304 (0x00311073) csrrw x0, fcsr, x2                       inst_12+4
CSR mstatus (0x300) <- 0x8000000A00006000
CSR fcsr (0x003) <- 0x0000000000000000

mem[X,0x0000000080000308] -> 0x0E53
mem[X,0x000000008000030A] -> 0xF016
[195] [M]: 0x0000000080000308 (0xF0160E53) fli.s f28, 0xc                           inst_12+8
f28 <- 0xFFFFFFFF3F000000
CSR mstatus (0x300) <- 0x8000000A00006000

clint mtime 0x0000000000000062 (mip.MTI <- 0b1, mip.STI <- 0b0)
mem[X,0x000000008000030C] -> 0x2173
mem[X,0x000000008000030E] -> 0x0030
[196] [M]: 0x000000008000030C (0x00302173) csrrs x2, fcsr, x0                       inst_12+12
CSR fcsr (0x003) -> 0x0000000000000000
x2 <- 0x0000000000000000

mem[X,0x0000000080000310] -> 0xA027
mem[X,0x0000000080000312] -> 0x0DC0
[197] [M]: 0x0000000080000310 (0x0DC0A027) fsw f28, 0xc0(x1)                        inst_12+16
mem[W,0x00000000800031D8] <- 0x3F000000

clint mtime 0x0000000000000063 (mip.MTI <- 0b1, mip.STI <- 0b0)
mem[X,0x0000000080000314] -> 0xB423
mem[X,0x0000000080000316] -> 0x0C20
[198] [M]: 0x0000000080000314 (0x0C20B423) sd x2, 0xc8(x1)                          inst_12+20
mem[W,0x00000000800031E0] <- 0x0000000000000000

mem[X,0x0000000080000318] -> 0x0113
mem[X,0x000000008000031A] -> 0x0000
[199] [M]: 0x0000000080000318 (0x00000113) addi x2, x0, 0x0                         inst_13+0
x2 <- 0x0000000000000000

clint mtime 0x0000000000000064 (mip.MTI <- 0b1, mip.STI <- 0b0)
mem[X,0x000000008000031C] -> 0x1073
mem[X,0x000000008000031E] -> 0x0031
[200] [M]: 0x000000008000031C (0x00311073) csrrw x0, fcsr, x2                       inst_13+4
CSR mstatus (0x300) <- 0x8000000A00006000
CSR fcsr (0x003) <- 0x0000000000000000

mem[X,0x0000000080000320] -> 0x8ED3
mem[X,0x0000000080000322] -> 0xF016
[201] [M]: 0x0000000080000320 (0xF0168ED3) fli.s f29, 0xd                           inst_13+8
f29 <- 0xFFFFFFFF3F200000
CSR mstatus (0x300) <- 0x8000000A00006000

clint mtime 0x0000000000000065 (mip.MTI <- 0b1, mip.STI <- 0b0)
mem[X,0x0000000080000324] -> 0x2173
mem[X,0x0000000080000326] -> 0x0030
[202] [M]: 0x0000000080000324 (0x00302173) csrrs x2, fcsr, x0                       inst_13+12
CSR fcsr (0x003) -> 0x0000000000000000
x2 <- 0x0000000000000000

mem[X,0x0000000080000328] -> 0xA827
mem[X,0x000000008000032A] -> 0x0DD0
[203] [M]: 0x0000000080000328 (0x0DD0A827) fsw f29, 0xd0(x1)                        inst_13+16
mem[W,0x00000000800031E8] <- 0x3F200000

clint mtime 0x0000000000000066 (mip.MTI <- 0b1, mip.STI <- 0b0)
mem[X,0x000000008000032C] -> 0xBC23
mem[X,0x000000008000032E] -> 0x0C20
[204] [M]: 0x000000008000032C (0x0C20BC23) sd x2, 0xd8(x1)                          inst_13+20
mem[W,0x00000000800031F0] <- 0x0000000000000000

mem[X,0x0000000080000330] -> 0x0113
mem[X,0x0000000080000332] -> 0x0000
[205] [M]: 0x0000000080000330 (0x00000113) addi x2, x0, 0x0                         inst_14+0
x2 <- 0x0000000000000000

clint mtime 0x0000000000000067 (mip.MTI <- 0b1, mip.STI <- 0b0)
mem[X,0x0000000080000334] -> 0x1073
mem[X,0x0000000080000336] -> 0x0031
[206] [M]: 0x0000000080000334 (0x00311073) csrrw x0, fcsr, x2                       inst_14+4
CSR mstatus (0x300) <- 0x8000000A00006000
CSR fcsr (0x003) <- 0x0000000000000000

mem[X,0x0000000080000338] -> 0x0F53
mem[X,0x000000008000033A] -> 0xF017
[207] [M]: 0x0000000080000338 (0xF0170F53) fli.s f30, 0xe                           inst_14+8
f30 <- 0xFFFFFFFF3F400000
CSR mstatus (0x300) <- 0x8000000A00006000

clint mtime 0x0000000000000068 (mip.MTI <- 0b1, mip.STI <- 0b0)
mem[X,0x000000008000033C] -> 0x2173
mem[X,0x000000008000033E] -> 0x0030
[208] [M]: 0x000000008000033C (0x00302173) csrrs x2, fcsr, x0                       inst_14+12
CSR fcsr (0x003) -> 0x0000000000000000
x2 <- 0x0000000000000000

mem[X,0x0000000080000340] -> 0xA027
mem[X,0x0000000080000342] -> 0x0FE0
[209] [M]: 0x0000000080000340 (0x0FE0A027) fsw f30, 0xe0(x1)                        inst_14+16
mem[W,0x00000000800031F8] <- 0x3F400000

clint mtime 0x0000000000000069 (mip.MTI <- 0b1, mip.STI <- 0b0)
mem[X,0x0000000080000344] -> 0xB423
mem[X,0x0000000080000346] -> 0x0E20
[210] [M]: 0x0000000080000344 (0x0E20B423) sd x2, 0xe8(x1)                          inst_14+20
mem[W,0x0000000080003200] <- 0x0000000000000000

mem[X,0x0000000080000348] -> 0x0113
mem[X,0x000000008000034A] -> 0x0000
[211] [M]: 0x0000000080000348 (0x00000113) addi x2, x0, 0x0                         inst_15+0
x2 <- 0x0000000000000000

clint mtime 0x000000000000006A (mip.MTI <- 0b1, mip.STI <- 0b0)
mem[X,0x000000008000034C] -> 0x1073
mem[X,0x000000008000034E] -> 0x0031
[212] [M]: 0x000000008000034C (0x00311073) csrrw x0, fcsr, x2                       inst_15+4
CSR mstatus (0x300) <- 0x8000000A00006000
CSR fcsr (0x003) <- 0x0000000000000000

mem[X,0x0000000080000350] -> 0x8FD3
mem[X,0x0000000080000352] -> 0xF017
[213] [M]: 0x0000000080000350 (0xF0178FD3) fli.s f31, 0xf                           inst_15+8
f31 <- 0xFFFFFFFF3F600000
CSR mstatus (0x300) <- 0x8000000A00006000

clint mtime 0x000000000000006B (mip.MTI <- 0b1, mip.STI <- 0b0)
mem[X,0x0000000080000354] -> 0x2173
mem[X,0x0000000080000356] -> 0x0030
[214] [M]: 0x0000000080000354 (0x00302173) csrrs x2, fcsr, x0                       inst_15+12
CSR fcsr (0x003) -> 0x0000000000000000
x2 <- 0x0000000000000000

mem[X,0x0000000080000358] -> 0xA827
mem[X,0x000000008000035A] -> 0x0FF0
[215] [M]: 0x0000000080000358 (0x0FF0A827) fsw f31, 0xf0(x1)                        inst_15+16
mem[W,0x0000000080003208] <- 0x3F600000

clint mtime 0x000000000000006C (mip.MTI <- 0b1, mip.STI <- 0b0)
mem[X,0x000000008000035C] -> 0xBC23
mem[X,0x000000008000035E] -> 0x0E20
[216] [M]: 0x000000008000035C (0x0E20BC23) sd x2, 0xf8(x1)                          inst_15+20
mem[W,0x0000000080003210] <- 0x0000000000000000

mem[X,0x0000000080000360] -> 0x0113
mem[X,0x0000000080000362] -> 0x0000
[217] [M]: 0x0000000080000360 (0x00000113) addi x2, x0, 0x0                         inst_16+0
x2 <- 0x0000000000000000

clint mtime 0x000000000000006D (mip.MTI <- 0b1, mip.STI <- 0b0)
mem[X,0x0000000080000364] -> 0x1073
mem[X,0x0000000080000366] -> 0x0031
[218] [M]: 0x0000000080000364 (0x00311073) csrrw x0, fcsr, x2                       inst_16+4
CSR mstatus (0x300) <- 0x8000000A00006000
CSR fcsr (0x003) <- 0x0000000000000000

mem[X,0x0000000080000368] -> 0x0053
mem[X,0x000000008000036A] -> 0xF018
[219] [M]: 0x0000000080000368 (0xF0180053) fli.s f0, 0x10                           inst_16+8
f0 <- 0xFFFFFFFF3F800000
CSR mstatus (0x300) <- 0x8000000A00006000

clint mtime 0x000000000000006E (mip.MTI <- 0b1, mip.STI <- 0b0)
mem[X,0x000000008000036C] -> 0x2173
mem[X,0x000000008000036E] -> 0x0030
[220] [M]: 0x000000008000036C (0x00302173) csrrs x2, fcsr, x0                       inst_16+12
CSR fcsr (0x003) -> 0x0000000000000000
x2 <- 0x0000000000000000

mem[X,0x0000000080000370] -> 0xA027
mem[X,0x0000000080000372] -> 0x1000
[221] [M]: 0x0000000080000370 (0x1000A027) fsw f0, 0x100(x1)                        inst_16+16
mem[W,0x0000000080003218] <- 0x3F800000

clint mtime 0x000000000000006F (mip.MTI <- 0b1, mip.STI <- 0b0)
mem[X,0x0000000080000374] -> 0xB423
mem[X,0x0000000080000376] -> 0x1020
[222] [M]: 0x0000000080000374 (0x1020B423) sd x2, 0x108(x1)                         inst_16+20
mem[W,0x0000000080003220] <- 0x0000000000000000

mem[X,0x0000000080000378] -> 0x0113
mem[X,0x000000008000037A] -> 0x0000
[223] [M]: 0x0000000080000378 (0x00000113) addi x2, x0, 0x0                         inst_17+0
x2 <- 0x0000000000000000

clint mtime 0x0000000000000070 (mip.MTI <- 0b1, mip.STI <- 0b0)
mem[X,0x000000008000037C] -> 0x1073
mem[X,0x000000008000037E] -> 0x0031
[224] [M]: 0x000000008000037C (0x00311073) csrrw x0, fcsr, x2                       inst_17+4
CSR mstatus (0x300) <- 0x8000000A00006000
CSR fcsr (0x003) <- 0x0000000000000000

mem[X,0x0000000080000380] -> 0x80D3
mem[X,0x0000000080000382] -> 0xF018
[225] [M]: 0x0000000080000380 (0xF01880D3) fli.s f1, 0x11                           inst_17+8
f1 <- 0xFFFFFFFF3FA00000
CSR mstatus (0x300) <- 0x8000000A00006000

clint mtime 0x0000000000000071 (mip.MTI <- 0b1, mip.STI <- 0b0)
mem[X,0x0000000080000384] -> 0x2173
mem[X,0x0000000080000386] -> 0x0030
[226] [M]: 0x0000000080000384 (0x00302173) csrrs x2, fcsr, x0                       inst_17+12
CSR fcsr (0x003) -> 0x0000000000000000
x2 <- 0x0000000000000000

mem[X,0x0000000080000388] -> 0xA827
mem[X,0x000000008000038A] -> 0x1010
[227] [M]: 0x0000000080000388 (0x1010A827) fsw f1, 0x110(x1)                        inst_17+16
mem[W,0x0000000080003228] <- 0x3FA00000

clint mtime 0x0000000000000072 (mip.MTI <- 0b1, mip.STI <- 0b0)
mem[X,0x000000008000038C] -> 0xBC23
mem[X,0x000000008000038E] -> 0x1020
[228] [M]: 0x000000008000038C (0x1020BC23) sd x2, 0x118(x1)                         inst_17+20
mem[W,0x0000000080003230] <- 0x0000000000000000

mem[X,0x0000000080000390] -> 0x0113
mem[X,0x0000000080000392] -> 0x0000
[229] [M]: 0x0000000080000390 (0x00000113) addi x2, x0, 0x0                         inst_18+0
x2 <- 0x0000000000000000

clint mtime 0x0000000000000073 (mip.MTI <- 0b1, mip.STI <- 0b0)
mem[X,0x0000000080000394] -> 0x1073
mem[X,0x0000000080000396] -> 0x0031
[230] [M]: 0x0000000080000394 (0x00311073) csrrw x0, fcsr, x2                       inst_18+4
CSR mstatus (0x300) <- 0x8000000A00006000
CSR fcsr (0x003) <- 0x0000000000000000

mem[X,0x0000000080000398] -> 0x0153
mem[X,0x000000008000039A] -> 0xF019
[231] [M]: 0x0000000080000398 (0xF0190153) fli.s f2, 0x12                           inst_18+8
f2 <- 0xFFFFFFFF3FC00000
CSR mstatus (0x300) <- 0x8000000A00006000

clint mtime 0x0000000000000074 (mip.MTI <- 0b1, mip.STI <- 0b0)
mem[X,0x000000008000039C] -> 0x2173
mem[X,0x000000008000039E] -> 0x0030
[232] [M]: 0x000000008000039C (0x00302173) csrrs x2, fcsr, x0                       inst_18+12
CSR fcsr (0x003) -> 0x0000000000000000
x2 <- 0x0000000000000000

mem[X,0x00000000800003A0] -> 0xA027
mem[X,0x00000000800003A2] -> 0x1220
[233] [M]: 0x00000000800003A0 (0x1220A027) fsw f2, 0x120(x1)                        inst_18+16
mem[W,0x0000000080003238] <- 0x3FC00000

clint mtime 0x0000000000000075 (mip.MTI <- 0b1, mip.STI <- 0b0)
mem[X,0x00000000800003A4] -> 0xB423
mem[X,0x00000000800003A6] -> 0x1220
[234] [M]: 0x00000000800003A4 (0x1220B423) sd x2, 0x128(x1)                         inst_18+20
mem[W,0x0000000080003240] <- 0x0000000000000000

mem[X,0x00000000800003A8] -> 0x0113
mem[X,0x00000000800003AA] -> 0x0000
[235] [M]: 0x00000000800003A8 (0x00000113) addi x2, x0, 0x0                         inst_19+0
x2 <- 0x0000000000000000

clint mtime 0x0000000000000076 (mip.MTI <- 0b1, mip.STI <- 0b0)
mem[X,0x00000000800003AC] -> 0x1073
mem[X,0x00000000800003AE] -> 0x0031
[236] [M]: 0x00000000800003AC (0x00311073) csrrw x0, fcsr, x2                       inst_19+4
CSR mstatus (0x300) <- 0x8000000A00006000
CSR fcsr (0x003) <- 0x0000000000000000

mem[X,0x00000000800003B0] -> 0x81D3
mem[X,0x00000000800003B2] -> 0xF019
[237] [M]: 0x00000000800003B0 (0xF01981D3) fli.s f3, 0x13                           inst_19+8
f3 <- 0xFFFFFFFF3FE00000
CSR mstatus (0x300) <- 0x8000000A00006000

clint mtime 0x0000000000000077 (mip.MTI <- 0b1, mip.STI <- 0b0)
mem[X,0x00000000800003B4] -> 0x2173
mem[X,0x00000000800003B6] -> 0x0030
[238] [M]: 0x00000000800003B4 (0x00302173) csrrs x2, fcsr, x0                       inst_19+12
CSR fcsr (0x003) -> 0x0000000000000000
x2 <- 0x0000000000000000

mem[X,0x00000000800003B8] -> 0xA827
mem[X,0x00000000800003BA] -> 0x1230
[239] [M]: 0x00000000800003B8 (0x1230A827) fsw f3, 0x130(x1)                        inst_19+16
mem[W,0x0000000080003248] <- 0x3FE00000

clint mtime 0x0000000000000078 (mip.MTI <- 0b1, mip.STI <- 0b0)
mem[X,0x00000000800003BC] -> 0xBC23
mem[X,0x00000000800003BE] -> 0x1220
[240] [M]: 0x00000000800003BC (0x1220BC23) sd x2, 0x138(x1)                         inst_19+20
mem[W,0x0000000080003250] <- 0x0000000000000000

mem[X,0x00000000800003C0] -> 0x0113
mem[X,0x00000000800003C2] -> 0x0000
[241] [M]: 0x00000000800003C0 (0x00000113) addi x2, x0, 0x0                         inst_20+0
x2 <- 0x0000000000000000

clint mtime 0x0000000000000079 (mip.MTI <- 0b1, mip.STI <- 0b0)
mem[X,0x00000000800003C4] -> 0x1073
mem[X,0x00000000800003C6] -> 0x0031
[242] [M]: 0x00000000800003C4 (0x00311073) csrrw x0, fcsr, x2                       inst_20+4
CSR mstatus (0x300) <- 0x8000000A00006000
CSR fcsr (0x003) <- 0x0000000000000000

mem[X,0x00000000800003C8] -> 0x0253
mem[X,0x00000000800003CA] -> 0xF01A
[243] [M]: 0x00000000800003C8 (0xF01A0253) fli.s f4, 0x14                           inst_20+8
f4 <- 0xFFFFFFFF40000000
CSR mstatus (0x300) <- 0x8000000A00006000

clint mtime 0x000000000000007A (mip.MTI <- 0b1, mip.STI <- 0b0)
mem[X,0x00000000800003CC] -> 0x2173
mem[X,0x00000000800003CE] -> 0x0030
[244] [M]: 0x00000000800003CC (0x00302173) csrrs x2, fcsr, x0                       inst_20+12
CSR fcsr (0x003) -> 0x0000000000000000
x2 <- 0x0000000000000000

mem[X,0x00000000800003D0] -> 0xA027
mem[X,0x00000000800003D2] -> 0x1440
[245] [M]: 0x00000000800003D0 (0x1440A027) fsw f4, 0x140(x1)                        inst_20+16
mem[W,0x0000000080003258] <- 0x40000000

clint mtime 0x000000000000007B (mip.MTI <- 0b1, mip.STI <- 0b0)
mem[X,0x00000000800003D4] -> 0xB423
mem[X,0x00000000800003D6] -> 0x1420
[246] [M]: 0x00000000800003D4 (0x1420B423) sd x2, 0x148(x1)                         inst_20+20
mem[W,0x0000000080003260] <- 0x0000000000000000

mem[X,0x00000000800003D8] -> 0x0113
mem[X,0x00000000800003DA] -> 0x0000
[247] [M]: 0x00000000800003D8 (0x00000113) addi x2, x0, 0x0                         inst_21+0
x2 <- 0x0000000000000000

clint mtime 0x000000000000007C (mip.MTI <- 0b1, mip.STI <- 0b0)
mem[X,0x00000000800003DC] -> 0x1073
mem[X,0x00000000800003DE] -> 0x0031
[248] [M]: 0x00000000800003DC (0x00311073) csrrw x0, fcsr, x2                       inst_21+4
CSR mstatus (0x300) <- 0x8000000A00006000
CSR fcsr (0x003) <- 0x0000000000000000

mem[X,0x00000000800003E0] -> 0x82D3
mem[X,0x00000000800003E2] -> 0xF01A
[249] [M]: 0x00000000800003E0 (0xF01A82D3) fli.s f5, 0x15                           inst_21+8
f5 <- 0xFFFFFFFF40200000
CSR mstatus (0x300) <- 0x8000000A00006000

clint mtime 0x000000000000007D (mip.MTI <- 0b1, mip.STI <- 0b0)
mem[X,0x00000000800003E4] -> 0x2173
mem[X,0x00000000800003E6] -> 0x0030
[250] [M]: 0x00000000800003E4 (0x00302173) csrrs x2, fcsr, x0                       inst_21+12
CSR fcsr (0x003) -> 0x0000000000000000
x2 <- 0x0000000000000000

mem[X,0x00000000800003E8] -> 0xA827
mem[X,0x00000000800003EA] -> 0x1450
[251] [M]: 0x00000000800003E8 (0x1450A827) fsw f5, 0x150(x1)                        inst_21+16
mem[W,0x0000000080003268] <- 0x40200000

clint mtime 0x000000000000007E (mip.MTI <- 0b1, mip.STI <- 0b0)
mem[X,0x00000000800003EC] -> 0xBC23
mem[X,0x00000000800003EE] -> 0x1420
[252] [M]: 0x00000000800003EC (0x1420BC23) sd x2, 0x158(x1)                         inst_21+20
mem[W,0x0000000080003270] <- 0x0000000000000000

mem[X,0x00000000800003F0] -> 0x0113
mem[X,0x00000000800003F2] -> 0x0000
[253] [M]: 0x00000000800003F0 (0x00000113) addi x2, x0, 0x0                         inst_22+0
x2 <- 0x0000000000000000

clint mtime 0x000000000000007F (mip.MTI <- 0b1, mip.STI <- 0b0)
mem[X,0x00000000800003F4] -> 0x1073
mem[X,0x00000000800003F6] -> 0x0031
[254] [M]: 0x00000000800003F4 (0x00311073) csrrw x0, fcsr, x2                       inst_22+4
CSR mstatus (0x300) <- 0x8000000A00006000
CSR fcsr (0x003) <- 0x0000000000000000

mem[X,0x00000000800003F8] -> 0x0353
mem[X,0x00000000800003FA] -> 0xF01B
[255] [M]: 0x00000000800003F8 (0xF01B0353) fli.s f6, 0x16                           inst_22+8
f6 <- 0xFFFFFFFF40400000
CSR mstatus (0x300) <- 0x8000000A00006000

clint mtime 0x0000000000000080 (mip.MTI <- 0b1, mip.STI <- 0b0)
mem[X,0x00000000800003FC] -> 0x2173
mem[X,0x00000000800003FE] -> 0x0030
[256] [M]: 0x00000000800003FC (0x00302173) csrrs x2, fcsr, x0                       inst_22+12
CSR fcsr (0x003) -> 0x0000000000000000
x2 <- 0x0000000000000000

mem[X,0x0000000080000400] -> 0xA027
mem[X,0x0000000080000402] -> 0x1660
[257] [M]: 0x0000000080000400 (0x1660A027) fsw f6, 0x160(x1)                        inst_22+16
mem[W,0x0000000080003278] <- 0x40400000

clint mtime 0x0000000000000081 (mip.MTI <- 0b1, mip.STI <- 0b0)
mem[X,0x0000000080000404] -> 0xB423
mem[X,0x0000000080000406] -> 0x1620
[258] [M]: 0x0000000080000404 (0x1620B423) sd x2, 0x168(x1)                         inst_22+20
mem[W,0x0000000080003280] <- 0x0000000000000000

mem[X,0x0000000080000408] -> 0x0113
mem[X,0x000000008000040A] -> 0x0000
[259] [M]: 0x0000000080000408 (0x00000113) addi x2, x0, 0x0                         inst_23+0
x2 <- 0x0000000000000000

clint mtime 0x0000000000000082 (mip.MTI <- 0b1, mip.STI <- 0b0)
mem[X,0x000000008000040C] -> 0x1073
mem[X,0x000000008000040E] -> 0x0031
[260] [M]: 0x000000008000040C (0x00311073) csrrw x0, fcsr, x2                       inst_23+4
CSR mstatus (0x300) <- 0x8000000A00006000
CSR fcsr (0x003) <- 0x0000000000000000

mem[X,0x0000000080000410] -> 0x83D3
mem[X,0x0000000080000412] -> 0xF01B
[261] [M]: 0x0000000080000410 (0xF01B83D3) fli.s f7, 0x17                           inst_23+8
f7 <- 0xFFFFFFFF40800000
CSR mstatus (0x300) <- 0x8000000A00006000

clint mtime 0x0000000000000083 (mip.MTI <- 0b1, mip.STI <- 0b0)
mem[X,0x0000000080000414] -> 0x2173
mem[X,0x0000000080000416] -> 0x0030
[262] [M]: 0x0000000080000414 (0x00302173) csrrs x2, fcsr, x0                       inst_23+12
CSR fcsr (0x003) -> 0x0000000000000000
x2 <- 0x0000000000000000

mem[X,0x0000000080000418] -> 0xA827
mem[X,0x000000008000041A] -> 0x1670
[263] [M]: 0x0000000080000418 (0x1670A827) fsw f7, 0x170(x1)                        inst_23+16
mem[W,0x0000000080003288] <- 0x40800000

clint mtime 0x0000000000000084 (mip.MTI <- 0b1, mip.STI <- 0b0)
mem[X,0x000000008000041C] -> 0xBC23
mem[X,0x000000008000041E] -> 0x1620
[264] [M]: 0x000000008000041C (0x1620BC23) sd x2, 0x178(x1)                         inst_23+20
mem[W,0x0000000080003290] <- 0x0000000000000000

mem[X,0x0000000080000420] -> 0x0113
mem[X,0x0000000080000422] -> 0x0000
[265] [M]: 0x0000000080000420 (0x00000113) addi x2, x0, 0x0                         inst_24+0
x2 <- 0x0000000000000000

clint mtime 0x0000000000000085 (mip.MTI <- 0b1, mip.STI <- 0b0)
mem[X,0x0000000080000424] -> 0x1073
mem[X,0x0000000080000426] -> 0x0031
[266] [M]: 0x0000000080000424 (0x00311073) csrrw x0, fcsr, x2                       inst_24+4
CSR mstatus (0x300) <- 0x8000000A00006000
CSR fcsr (0x003) <- 0x0000000000000000

mem[X,0x0000000080000428] -> 0x0453
mem[X,0x000000008000042A] -> 0xF01C
[267] [M]: 0x0000000080000428 (0xF01C0453) fli.s f8, 0x18                           inst_24+8
f8 <- 0xFFFFFFFF41000000
CSR mstatus (0x300) <- 0x8000000A00006000

clint mtime 0x0000000000000086 (mip.MTI <- 0b1, mip.STI <- 0b0)
mem[X,0x000000008000042C] -> 0x2173
mem[X,0x000000008000042E] -> 0x0030
[268] [M]: 0x000000008000042C (0x00302173) csrrs x2, fcsr, x0                       inst_24+12
CSR fcsr (0x003) -> 0x0000000000000000
x2 <- 0x0000000000000000

mem[X,0x0000000080000430] -> 0xA027
mem[X,0x0000000080000432] -> 0x1880
[269] [M]: 0x0000000080000430 (0x1880A027) fsw f8, 0x180(x1)                        inst_24+16
mem[W,0x0000000080003298] <- 0x41000000

clint mtime 0x0000000000000087 (mip.MTI <- 0b1, mip.STI <- 0b0)
mem[X,0x0000000080000434] -> 0xB423
mem[X,0x0000000080000436] -> 0x1820
[270] [M]: 0x0000000080000434 (0x1820B423) sd x2, 0x188(x1)                         inst_24+20
mem[W,0x00000000800032A0] <- 0x0000000000000000

mem[X,0x0000000080000438] -> 0x0113
mem[X,0x000000008000043A] -> 0x0000
[271] [M]: 0x0000000080000438 (0x00000113) addi x2, x0, 0x0                         inst_25+0
x2 <- 0x0000000000000000

clint mtime 0x0000000000000088 (mip.MTI <- 0b1, mip.STI <- 0b0)
mem[X,0x000000008000043C] -> 0x1073
mem[X,0x000000008000043E] -> 0x0031
[272] [M]: 0x000000008000043C (0x00311073) csrrw x0, fcsr, x2                       inst_25+4
CSR mstatus (0x300) <- 0x8000000A00006000
CSR fcsr (0x003) <- 0x0000000000000000

mem[X,0x0000000080000440] -> 0x84D3
mem[X,0x0000000080000442] -> 0xF01C
[273] [M]: 0x0000000080000440 (0xF01C84D3) fli.s f9, 0x19                           inst_25+8
f9 <- 0xFFFFFFFF41800000
CSR mstatus (0x300) <- 0x8000000A00006000

clint mtime 0x0000000000000089 (mip.MTI <- 0b1, mip.STI <- 0b0)
mem[X,0x0000000080000444] -> 0x2173
mem[X,0x0000000080000446] -> 0x0030
[274] [M]: 0x0000000080000444 (0x00302173) csrrs x2, fcsr, x0                       inst_25+12
CSR fcsr (0x003) -> 0x0000000000000000
x2 <- 0x0000000000000000

mem[X,0x0000000080000448] -> 0xA827
mem[X,0x000000008000044A] -> 0x1890
[275] [M]: 0x0000000080000448 (0x1890A827) fsw f9, 0x190(x1)                        inst_25+16
mem[W,0x00000000800032A8] <- 0x41800000

clint mtime 0x000000000000008A (mip.MTI <- 0b1, mip.STI <- 0b0)
mem[X,0x000000008000044C] -> 0xBC23
mem[X,0x000000008000044E] -> 0x1820
[276] [M]: 0x000000008000044C (0x1820BC23) sd x2, 0x198(x1)                         inst_25+20
mem[W,0x00000000800032B0] <- 0x0000000000000000

mem[X,0x0000000080000450] -> 0x0113
mem[X,0x0000000080000452] -> 0x0000
[277] [M]: 0x0000000080000450 (0x00000113) addi x2, x0, 0x0                         inst_26+0
x2 <- 0x0000000000000000

clint mtime 0x000000000000008B (mip.MTI <- 0b1, mip.STI <- 0b0)
mem[X,0x0000000080000454] -> 0x1073
mem[X,0x0000000080000456] -> 0x0031
[278] [M]: 0x0000000080000454 (0x00311073) csrrw x0, fcsr, x2                       inst_26+4
CSR mstatus (0x300) <- 0x8000000A00006000
CSR fcsr (0x003) <- 0x0000000000000000

mem[X,0x0000000080000458] -> 0x0553
mem[X,0x000000008000045A] -> 0xF01D
[279] [M]: 0x0000000080000458 (0xF01D0553) fli.s f10, 0x1a                          inst_26+8
f10 <- 0xFFFFFFFF43000000
CSR mstatus (0x300) <- 0x8000000A00006000

clint mtime 0x000000000000008C (mip.MTI <- 0b1, mip.STI <- 0b0)
mem[X,0x000000008000045C] -> 0x2173
mem[X,0x000000008000045E] -> 0x0030
[280] [M]: 0x000000008000045C (0x00302173) csrrs x2, fcsr, x0                       inst_26+12
CSR fcsr (0x003) -> 0x0000000000000000
x2 <- 0x0000000000000000

mem[X,0x0000000080000460] -> 0xA027
mem[X,0x0000000080000462] -> 0x1AA0
[281] [M]: 0x0000000080000460 (0x1AA0A027) fsw f10, 0x1a0(x1)                       inst_26+16
mem[W,0x00000000800032B8] <- 0x43000000

clint mtime 0x000000000000008D (mip.MTI <- 0b1, mip.STI <- 0b0)
mem[X,0x0000000080000464] -> 0xB423
mem[X,0x0000000080000466] -> 0x1A20
[282] [M]: 0x0000000080000464 (0x1A20B423) sd x2, 0x1a8(x1)                         inst_26+20
mem[W,0x00000000800032C0] <- 0x0000000000000000

mem[X,0x0000000080000468] -> 0x0113
mem[X,0x000000008000046A] -> 0x0000
[283] [M]: 0x0000000080000468 (0x00000113) addi x2, x0, 0x0                         inst_27+0
x2 <- 0x0000000000000000

clint mtime 0x000000000000008E (mip.MTI <- 0b1, mip.STI <- 0b0)
mem[X,0x000000008000046C] -> 0x1073
mem[X,0x000000008000046E] -> 0x0031
[284] [M]: 0x000000008000046C (0x00311073) csrrw x0, fcsr, x2                       inst_27+4
CSR mstatus (0x300) <- 0x8000000A00006000
CSR fcsr (0x003) <- 0x0000000000000000

mem[X,0x0000000080000470] -> 0x85D3
mem[X,0x0000000080000472] -> 0xF01D
[285] [M]: 0x0000000080000470 (0xF01D85D3) fli.s f11, 0x1b                          inst_27+8
f11 <- 0xFFFFFFFF43800000
CSR mstatus (0x300) <- 0x8000000A00006000

clint mtime 0x000000000000008F (mip.MTI <- 0b1, mip.STI <- 0b0)
mem[X,0x0000000080000474] -> 0x2173
mem[X,0x0000000080000476] -> 0x0030
[286] [M]: 0x0000000080000474 (0x00302173) csrrs x2, fcsr, x0                       inst_27+12
CSR fcsr (0x003) -> 0x0000000000000000
x2 <- 0x0000000000000000

mem[X,0x0000000080000478] -> 0xA827
mem[X,0x000000008000047A] -> 0x1AB0
[287] [M]: 0x0000000080000478 (0x1AB0A827) fsw f11, 0x1b0(x1)                       inst_27+16
mem[W,0x00000000800032C8] <- 0x43800000

clint mtime 0x0000000000000090 (mip.MTI <- 0b1, mip.STI <- 0b0)
mem[X,0x000000008000047C] -> 0xBC23
mem[X,0x000000008000047E] -> 0x1A20
[288] [M]: 0x000000008000047C (0x1A20BC23) sd x2, 0x1b8(x1)                         inst_27+20
mem[W,0x00000000800032D0] <- 0x0000000000000000

mem[X,0x0000000080000480] -> 0x0113
mem[X,0x0000000080000482] -> 0x0000
[289] [M]: 0x0000000080000480 (0x00000113) addi x2, x0, 0x0                         inst_28+0
x2 <- 0x0000000000000000

clint mtime 0x0000000000000091 (mip.MTI <- 0b1, mip.STI <- 0b0)
mem[X,0x0000000080000484] -> 0x1073
mem[X,0x0000000080000486] -> 0x0031
[290] [M]: 0x0000000080000484 (0x00311073) csrrw x0, fcsr, x2                       inst_28+4
CSR mstatus (0x300) <- 0x8000000A00006000
CSR fcsr (0x003) <- 0x0000000000000000

mem[X,0x0000000080000488] -> 0x0653
mem[X,0x000000008000048A] -> 0xF01E
[291] [M]: 0x0000000080000488 (0xF01E0653) fli.s f12, 0x1c                          inst_28+8
f12 <- 0xFFFFFFFF47000000
CSR mstatus (0x300) <- 0x8000000A00006000

clint mtime 0x0000000000000092 (mip.MTI <- 0b1, mip.STI <- 0b0)
mem[X,0x000000008000048C] -> 0x2173
mem[X,0x000000008000048E] -> 0x0030
[292] [M]: 0x000000008000048C (0x00302173) csrrs x2, fcsr, x0                       inst_28+12
CSR fcsr (0x003) -> 0x0000000000000000
x2 <- 0x0000000000000000

mem[X,0x0000000080000490] -> 0xA027
mem[X,0x0000000080000492] -> 0x1CC0
[293] [M]: 0x0000000080000490 (0x1CC0A027) fsw f12, 0x1c0(x1)                       inst_28+16
mem[W,0x00000000800032D8] <- 0x47000000

clint mtime 0x0000000000000093 (mip.MTI <- 0b1, mip.STI <- 0b0)
mem[X,0x0000000080000494] -> 0xB423
mem[X,0x0000000080000496] -> 0x1C20
[294] [M]: 0x0000000080000494 (0x1C20B423) sd x2, 0x1c8(x1)                         inst_28+20
mem[W,0x00000000800032E0] <- 0x0000000000000000

mem[X,0x0000000080000498] -> 0x0113
mem[X,0x000000008000049A] -> 0x0000
[295] [M]: 0x0000000080000498 (0x00000113) addi x2, x0, 0x0                         inst_29+0
x2 <- 0x0000000000000000

clint mtime 0x0000000000000094 (mip.MTI <- 0b1, mip.STI <- 0b0)
mem[X,0x000000008000049C] -> 0x1073
mem[X,0x000000008000049E] -> 0x0031
[296] [M]: 0x000000008000049C (0x00311073) csrrw x0, fcsr, x2                       inst_29+4
CSR mstatus (0x300) <- 0x8000000A00006000
CSR fcsr (0x003) <- 0x0000000000000000

mem[X,0x00000000800004A0] -> 0x86D3
mem[X,0x00000000800004A2] -> 0xF01E
[297] [M]: 0x00000000800004A0 (0xF01E86D3) fli.s f13, 0x1d                          inst_29+8
f13 <- 0xFFFFFFFF47800000
CSR mstatus (0x300) <- 0x8000000A00006000

clint mtime 0x0000000000000095 (mip.MTI <- 0b1, mip.STI <- 0b0)
mem[X,0x00000000800004A4] -> 0x2173
mem[X,0x00000000800004A6] -> 0x0030
[298] [M]: 0x00000000800004A4 (0x00302173) csrrs x2, fcsr, x0                       inst_29+12
CSR fcsr (0x003) -> 0x0000000000000000
x2 <- 0x0000000000000000

mem[X,0x00000000800004A8] -> 0xA827
mem[X,0x00000000800004AA] -> 0x1CD0
[299] [M]: 0x00000000800004A8 (0x1CD0A827) fsw f13, 0x1d0(x1)                       inst_29+16
mem[W,0x00000000800032E8] <- 0x47800000

clint mtime 0x0000000000000096 (mip.MTI <- 0b1, mip.STI <- 0b0)
mem[X,0x00000000800004AC] -> 0xBC23
mem[X,0x00000000800004AE] -> 0x1C20
[300] [M]: 0x00000000800004AC (0x1C20BC23) sd x2, 0x1d8(x1)                         inst_29+20
mem[W,0x00000000800032F0] <- 0x0000000000000000

mem[X,0x00000000800004B0] -> 0x0113
mem[X,0x00000000800004B2] -> 0x0000
[301] [M]: 0x00000000800004B0 (0x00000113) addi x2, x0, 0x0                         inst_30+0
x2 <- 0x0000000000000000

clint mtime 0x0000000000000097 (mip.MTI <- 0b1, mip.STI <- 0b0)
mem[X,0x00000000800004B4] -> 0x1073
mem[X,0x00000000800004B6] -> 0x0031
[302] [M]: 0x00000000800004B4 (0x00311073) csrrw x0, fcsr, x2                       inst_30+4
CSR mstatus (0x300) <- 0x8000000A00006000
CSR fcsr (0x003) <- 0x0000000000000000

mem[X,0x00000000800004B8] -> 0x0753
mem[X,0x00000000800004BA] -> 0xF01F
[303] [M]: 0x00000000800004B8 (0xF01F0753) fli.s f14, 0x1e                          inst_30+8
f14 <- 0xFFFFFFFF7F800000
CSR mstatus (0x300) <- 0x8000000A00006000

clint mtime 0x0000000000000098 (mip.MTI <- 0b1, mip.STI <- 0b0)
mem[X,0x00000000800004BC] -> 0x2173
mem[X,0x00000000800004BE] -> 0x0030
[304] [M]: 0x00000000800004BC (0x00302173) csrrs x2, fcsr, x0                       inst_30+12
CSR fcsr (0x003) -> 0x0000000000000000
x2 <- 0x0000000000000000

mem[X,0x00000000800004C0] -> 0xA027
mem[X,0x00000000800004C2] -> 0x1EE0
[305] [M]: 0x00000000800004C0 (0x1EE0A027) fsw f14, 0x1e0(x1)                       inst_30+16
mem[W,0x00000000800032F8] <- 0x7F800000

clint mtime 0x0000000000000099 (mip.MTI <- 0b1, mip.STI <- 0b0)
mem[X,0x00000000800004C4] -> 0xB423
mem[X,0x00000000800004C6] -> 0x1E20
[306] [M]: 0x00000000800004C4 (0x1E20B423) sd x2, 0x1e8(x1)                         inst_30+20
mem[W,0x0000000080003300] <- 0x0000000000000000

mem[X,0x00000000800004C8] -> 0x0113
mem[X,0x00000000800004CA] -> 0x0000
[307] [M]: 0x00000000800004C8 (0x00000113) addi x2, x0, 0x0                         inst_31+0
x2 <- 0x0000000000000000

clint mtime 0x000000000000009A (mip.MTI <- 0b1, mip.STI <- 0b0)
mem[X,0x00000000800004CC] -> 0x1073
mem[X,0x00000000800004CE] -> 0x0031
[308] [M]: 0x00000000800004CC (0x00311073) csrrw x0, fcsr, x2                       inst_31+4
CSR mstatus (0x300) <- 0x8000000A00006000
CSR fcsr (0x003) <- 0x0000000000000000

mem[X,0x00000000800004D0] -> 0x87D3
mem[X,0x00000000800004D2] -> 0xF01F
[309] [M]: 0x00000000800004D0 (0xF01F87D3) fli.s f15, 0x1f                          inst_31+8
f15 <- 0xFFFFFFFF7FC00000
CSR mstatus (0x300) <- 0x8000000A00006000

clint mtime 0x000000000000009B (mip.MTI <- 0b1, mip.STI <- 0b0)
mem[X,0x00000000800004D4] -> 0x2173
mem[X,0x00000000800004D6] -> 0x0030
[310] [M]: 0x00000000800004D4 (0x00302173) csrrs x2, fcsr, x0                       inst_31+12
CSR fcsr (0x003) -> 0x0000000000000000
x2 <- 0x0000000000000000

mem[X,0x00000000800004D8] -> 0xA827
mem[X,0x00000000800004DA] -> 0x1EF0
[311] [M]: 0x00000000800004D8 (0x1EF0A827) fsw f15, 0x1f0(x1)                       inst_31+16
mem[W,0x0000000080003308] <- 0x7FC00000

clint mtime 0x000000000000009C (mip.MTI <- 0b1, mip.STI <- 0b0)
mem[X,0x00000000800004DC] -> 0xBC23
mem[X,0x00000000800004DE] -> 0x1E20
[312] [M]: 0x00000000800004DC (0x1E20BC23) sd x2, 0x1f8(x1)                         inst_31+20
mem[W,0x0000000080003310] <- 0x0000000000000000

mem[X,0x00000000800004E0] -> 0x006F
mem[X,0x00000000800004E2] -> 0x0380
[313] [M]: 0x00000000800004E0 (0x0380006F) jal x0, 0x38                             rvtest_code_end+0

clint mtime 0x000000000000009D (mip.MTI <- 0b1, mip.STI <- 0b0)
mem[X,0x0000000080000518] -> 0x0093
mem[X,0x000000008000051A] -> 0x0010
[314] [M]: 0x0000000080000518 (0x00100093) addi x1, x0, 0x1                         exit_cleanup+0
x1 <- 0x0000000000000001

mem[X,0x000000008000051C] -> 0x1397
mem[X,0x000000008000051E] -> 0x0000
[315] [M]: 0x000000008000051C (0x00001397) auipc x7, 0x1                            exit_cleanup+4
x7 <- 0x000000008000151C

clint mtime 0x000000000000009E (mip.MTI <- 0b1, mip.STI <- 0b0)
mem[X,0x0000000080000520] -> 0xA223
mem[X,0x0000000080000522] -> 0xAE13
[316] [M]: 0x0000000080000520 (0xAE13A223) sw x1, -0x51c(x7)                        exit_cleanup+8
htif[0x0000000080001000] <- 0x00000001
mem[W,0x0000000080001000] <- 0x00000001

mem[X,0x0000000080000524] -> 0xF06F
mem[X,0x0000000080000526] -> 0xFF9F
[317] [M]: 0x0000000080000524 (0xFF9FF06F) jal x0, -0x8                             exit_cleanup+12

clint mtime 0x000000000000009F (mip.MTI <- 0b1, mip.STI <- 0b0)
mem[X,0x000000008000051C] -> 0x1397
mem[X,0x000000008000051E] -> 0x0000
[318] [M]: 0x000000008000051C (0x00001397) auipc x7, 0x1                            exit_cleanup+4
x7 <- 0x000000008000151C

mem[X,0x0000000080000520] -> 0xA223
mem[X,0x0000000080000522] -> 0xAE13
[319] [M]: 0x0000000080000520 (0xAE13A223) sw x1, -0x51c(x7)                        exit_cleanup+8
htif[0x0000000080001000] <- 0x00000001
mem[W,0x0000000080001000] <- 0x00000001

clint mtime 0x00000000000000A0 (mip.MTI <- 0b1, mip.STI <- 0b0)
mem[X,0x0000000080000524] -> 0xF06F
mem[X,0x0000000080000526] -> 0xFF9F
[320] [M]: 0x0000000080000524 (0xFF9FF06F) jal x0, -0x8                             exit_cleanup+12

mem[X,0x000000008000051C] -> 0x1397
mem[X,0x000000008000051E] -> 0x0000
[321] [M]: 0x000000008000051C (0x00001397) auipc x7, 0x1                            exit_cleanup+4
x7 <- 0x000000008000151C

clint mtime 0x00000000000000A1 (mip.MTI <- 0b1, mip.STI <- 0b0)
mem[X,0x0000000080000520] -> 0xA223
mem[X,0x0000000080000522] -> 0xAE13
[322] [M]: 0x0000000080000520 (0xAE13A223) sw x1, -0x51c(x7)                        exit_cleanup+8
htif[0x0000000080001000] <- 0x00000001
htif-syscall-proxy cmd: 0x000000000001
mem[W,0x0000000080001000] <- 0x00000001

SUCCESS
