using /opt/riscv-arch-test/riscof-plugins/rv64/riscof_work/vm_sv48/src/sv48_sum_set_U_bit_unset_S_mode.S/ref/Reference-sail_c_simulator.signature for test-signature output.
setting signature-granularity to 8 bytes
HTIF located at 0x80004000
begin_signature: 0x8000a110
end_signature: 0x8000a720
Entry point: 0x80000000
CSR mstatus (0x300) <- 0x0000000A00000000
CSR misa (0x301) <- 0x800000000034112F
CSR mcause (0x342) <- 0x0000000000000000
x10 <- 0x0000000000000000
x11 <- 0x0000000000001000
mem[X,0x0000000080000000] -> 0x006F
mem[X,0x0000000080000002] -> 0x4200
[0] [M]: 0x0000000080000000 (0x4200006F) jal x0, 0x420                              rvtest_entry_point+0

mem[X,0x0000000080000420] -> 0x5317
mem[X,0x0000000080000422] -> 0x0000
[1] [M]: 0x0000000080000420 (0x00005317) auipc x6, 0x5                              starting_point+0
x6 <- 0x0000000080005420

clint mtime 0x0000000000000001 (mip.MTI <- 0b1, mip.STI <- 0b0)
mem[X,0x0000000080000424] -> 0x0313
mem[X,0x0000000080000426] -> 0xBE03
[2] [M]: 0x0000000080000424 (0xBE030313) addi x6, x6, -0x420                        starting_point+4
x6 <- 0x0000000080005000

mem[X,0x0000000080000428] -> 0x0013
mem[X,0x000000008000042A] -> 0x0000
[3] [M]: 0x0000000080000428 (0x00000013) addi x0, x0, 0x0                           starting_point+8

clint mtime 0x0000000000000002 (mip.MTI <- 0b1, mip.STI <- 0b0)
mem[X,0x000000008000042C] -> 0x0013
mem[X,0x000000008000042E] -> 0x0000
[4] [M]: 0x000000008000042C (0x00000013) addi x0, x0, 0x0                           starting_point+12

mem[X,0x0000000080000430] -> 0x0013
mem[X,0x0000000080000432] -> 0x0000
[5] [M]: 0x0000000080000430 (0x00000013) addi x0, x0, 0x0                           starting_point+16

clint mtime 0x0000000000000003 (mip.MTI <- 0b1, mip.STI <- 0b0)
mem[X,0x0000000080000434] -> 0x0013
mem[X,0x0000000080000436] -> 0x0000
[6] [M]: 0x0000000080000434 (0x00000013) addi x0, x0, 0x0                           starting_point+20

mem[X,0x0000000080000438] -> 0x0013
mem[X,0x000000008000043A] -> 0x0000
[7] [M]: 0x0000000080000438 (0x00000013) addi x0, x0, 0x0                           starting_point+24

clint mtime 0x0000000000000004 (mip.MTI <- 0b1, mip.STI <- 0b0)
mem[X,0x000000008000043C] -> 0x0013
mem[X,0x000000008000043E] -> 0x0000
[8] [M]: 0x000000008000043C (0x00000013) addi x0, x0, 0x0                           starting_point+28

mem[X,0x0000000080000440] -> 0x1473
mem[X,0x0000000080000442] -> 0x3403
[9] [M]: 0x0000000080000440 (0x34031473) csrrw x8, mscratch, x6                     init_Mscratch+0
CSR mscratch (0x340) <- 0x0000000080005000
x8 <- 0x0000000000000000

clint mtime 0x0000000000000005 (mip.MTI <- 0b1, mip.STI <- 0b0)
mem[X,0x0000000080000444] -> 0x3823
mem[X,0x0000000080000446] -> 0x2483
[10] [M]: 0x0000000080000444 (0x24833823) sd x8, 0x250(x6)                          init_Mscratch+4
mem[W,0x0000000080005250] <- 0x0000000000000000

mem[X,0x0000000080000448] -> 0x0393
mem[X,0x000000008000044A] -> 0x0000
[11] [M]: 0x0000000080000448 (0x00000393) addi x7, x0, 0x0                          init_Medeleg+0
x7 <- 0x0000000000000000

clint mtime 0x0000000000000006 (mip.MTI <- 0b1, mip.STI <- 0b0)
mem[X,0x000000008000044C] -> 0x93F3
mem[X,0x000000008000044E] -> 0x3023
[12] [M]: 0x000000008000044C (0x302393F3) csrrw x7, medeleg, x7                     init_Medeleg+4
CSR medeleg (0x302) <- 0x0000000000000000
x7 <- 0x0000000000000000

mem[X,0x0000000080000450] -> 0x3C23
mem[X,0x0000000080000452] -> 0x2273
[13] [M]: 0x0000000080000450 (0x22733C23) sd x7, 0x238(x6)                          init_Medeleg+8
mem[W,0x0000000080005238] <- 0x0000000000000000

clint mtime 0x0000000000000007 (mip.MTI <- 0b1, mip.STI <- 0b0)
mem[X,0x0000000080000454] -> 0x2473
mem[X,0x0000000080000456] -> 0x3050
[14] [M]: 0x0000000080000454 (0x30502473) csrrs x8, mtvec, x0                       init_Mtvec+0
CSR mtvec (0x305) -> 0x0000000000000000
x8 <- 0x0000000000000000

mem[X,0x0000000080000458] -> 0x3423
mem[X,0x000000008000045A] -> 0x2483
[15] [M]: 0x0000000080000458 (0x24833423) sd x8, 0x248(x6)                          init_Mtvec+4
mem[W,0x0000000080005248] <- 0x0000000000000000

clint mtime 0x0000000000000008 (mip.MTI <- 0b1, mip.STI <- 0b0)
mem[X,0x000000008000045C] -> 0x7393
mem[X,0x000000008000045E] -> 0x0034
[16] [M]: 0x000000008000045C (0x00347393) andi x7, x8, 0x3                          init_Mtvec+8
x7 <- 0x0000000000000000

mem[X,0x0000000080000460] -> 0x3483
mem[X,0x0000000080000462] -> 0x2303
[17] [M]: 0x0000000080000460 (0x23033483) ld x9, 0x230(x6)                          init_Mtvec+12
mem[R,0x0000000080005230] -> 0x00000000800026D4
x9 <- 0x00000000800026D4

clint mtime 0x0000000000000009 (mip.MTI <- 0b1, mip.STI <- 0b0)
mem[X,0x0000000080000464] -> 0x8493
mem[X,0x0000000080000466] -> 0xE2C4
[18] [M]: 0x0000000080000464 (0xE2C48493) addi x9, x9, -0x1d4                       init_Mtvec+16
x9 <- 0x0000000080002500

mem[X,0x0000000080000468] -> 0xE3B3
mem[X,0x000000008000046A] -> 0x0074
[19] [M]: 0x0000000080000468 (0x0074E3B3) or x7, x9, x7                             init_Mtvec+20
x7 <- 0x0000000080002500

clint mtime 0x000000000000000A (mip.MTI <- 0b1, mip.STI <- 0b0)
mem[X,0x000000008000046C] -> 0x3023
mem[X,0x000000008000046E] -> 0x2473
[20] [M]: 0x000000008000046C (0x24733023) sd x7, 0x240(x6)                          init_Mtvec+24
mem[W,0x0000000080005240] <- 0x0000000080002500

mem[X,0x0000000080000470] -> 0x9073
mem[X,0x0000000080000472] -> 0x3053
[21] [M]: 0x0000000080000470 (0x30539073) csrrw x0, mtvec, x7                       init_Mtvec+28
CSR mtvec (0x305) <- 0x0000000080002500

clint mtime 0x000000000000000B (mip.MTI <- 0b1, mip.STI <- 0b0)
mem[X,0x0000000080000474] -> 0x2573
mem[X,0x0000000080000476] -> 0x3050
[22] [M]: 0x0000000080000474 (0x30502573) csrrs x10, mtvec, x0                      init_Mtvec+32
CSR mtvec (0x305) -> 0x0000000080002500
x10 <- 0x0000000080002500

mem[X,0x0000000080000478] -> 0x0663
mem[X,0x000000008000047A] -> 0x0875
[23] [M]: 0x0000000080000478 (0x08750663) beq x10, x7, 0x8c                         init_Mtvec+36

clint mtime 0x000000000000000C (mip.MTI <- 0b1, mip.STI <- 0b0)
mem[X,0x0000000080000504] -> 0x0013
mem[X,0x0000000080000506] -> 0x0000
[24] [M]: 0x0000000080000504 (0x00000013) addi x0, x0, 0x0                          rvtest_Mprolog_done+0

mem[X,0x0000000080000508] -> 0x0013
mem[X,0x000000008000050A] -> 0x0000
[25] [M]: 0x0000000080000508 (0x00000013) addi x0, x0, 0x0                          rvtest_Mprolog_done+4

clint mtime 0x000000000000000D (mip.MTI <- 0b1, mip.STI <- 0b0)
mem[X,0x000000008000050C] -> 0x0013
mem[X,0x000000008000050E] -> 0x0000
[26] [M]: 0x000000008000050C (0x00000013) addi x0, x0, 0x0                          rvtest_Mprolog_done+8

mem[X,0x0000000080000510] -> 0x0013
mem[X,0x0000000080000512] -> 0x0000
[27] [M]: 0x0000000080000510 (0x00000013) addi x0, x0, 0x0                          rvtest_Mprolog_done+12

clint mtime 0x000000000000000E (mip.MTI <- 0b1, mip.STI <- 0b0)
mem[X,0x0000000080000514] -> 0x0013
mem[X,0x0000000080000516] -> 0x0000
[28] [M]: 0x0000000080000514 (0x00000013) addi x0, x0, 0x0                          rvtest_Mprolog_done+16

mem[X,0x0000000080000518] -> 0x0013
mem[X,0x000000008000051A] -> 0x0000
[29] [M]: 0x0000000080000518 (0x00000013) addi x0, x0, 0x0                          rvtest_Mprolog_done+20

clint mtime 0x000000000000000F (mip.MTI <- 0b1, mip.STI <- 0b0)
mem[X,0x000000008000051C] -> 0x0013
mem[X,0x000000008000051E] -> 0x0000
[30] [M]: 0x000000008000051C (0x00000013) addi x0, x0, 0x0                          rvtest_Mprolog_done+24

mem[X,0x0000000080000520] -> 0x5317
mem[X,0x0000000080000522] -> 0x0000
[31] [M]: 0x0000000080000520 (0x00005317) auipc x6, 0x5                             rvtest_Mprolog_done+28
x6 <- 0x0000000080005520

clint mtime 0x0000000000000010 (mip.MTI <- 0b1, mip.STI <- 0b0)
mem[X,0x0000000080000524] -> 0x0313
mem[X,0x0000000080000526] -> 0xD783
[32] [M]: 0x0000000080000524 (0xD7830313) addi x6, x6, -0x288                       rvtest_Mprolog_done+32
x6 <- 0x0000000080005298

mem[X,0x0000000080000528] -> 0x0001
[33] [M]: 0x0000000080000528 (0x0001) c.nop                                         rvtest_Mprolog_done+36

clint mtime 0x0000000000000011 (mip.MTI <- 0b1, mip.STI <- 0b0)
mem[X,0x000000008000052A] -> 0x0013
mem[X,0x000000008000052C] -> 0x0000
[34] [M]: 0x000000008000052A (0x00000013) addi x0, x0, 0x0                          rvtest_Mprolog_done+38

mem[X,0x000000008000052E] -> 0x0013
mem[X,0x0000000080000530] -> 0x0000
[35] [M]: 0x000000008000052E (0x00000013) addi x0, x0, 0x0                          rvtest_Mprolog_done+42

clint mtime 0x0000000000000012 (mip.MTI <- 0b1, mip.STI <- 0b0)
mem[X,0x0000000080000532] -> 0x0013
mem[X,0x0000000080000534] -> 0x0000
[36] [M]: 0x0000000080000532 (0x00000013) addi x0, x0, 0x0                          rvtest_Mprolog_done+46

mem[X,0x0000000080000536] -> 0x0013
mem[X,0x0000000080000538] -> 0x0000
[37] [M]: 0x0000000080000536 (0x00000013) addi x0, x0, 0x0                          rvtest_Mprolog_done+50

clint mtime 0x0000000000000013 (mip.MTI <- 0b1, mip.STI <- 0b0)
mem[X,0x000000008000053A] -> 0x0013
mem[X,0x000000008000053C] -> 0x0000
[38] [M]: 0x000000008000053A (0x00000013) addi x0, x0, 0x0                          rvtest_Mprolog_done+54

mem[X,0x000000008000053E] -> 0x0001
[39] [M]: 0x000000008000053E (0x0001) c.nop                                         rvtest_Mprolog_done+58

clint mtime 0x0000000000000014 (mip.MTI <- 0b1, mip.STI <- 0b0)
mem[X,0x0000000080000540] -> 0x1473
mem[X,0x0000000080000542] -> 0x1403
[40] [M]: 0x0000000080000540 (0x14031473) csrrw x8, sscratch, x6                    init_Sscratch+0
CSR sscratch (0x140) <- 0x0000000080005298
x8 <- 0x0000000000000000

mem[X,0x0000000080000544] -> 0x3823
mem[X,0x0000000080000546] -> 0x2483
[41] [M]: 0x0000000080000544 (0x24833823) sd x8, 0x250(x6)                          init_Sscratch+4
mem[W,0x00000000800054E8] <- 0x0000000000000000

clint mtime 0x0000000000000015 (mip.MTI <- 0b1, mip.STI <- 0b0)
mem[X,0x0000000080000548] -> 0x0393
mem[X,0x000000008000054A] -> 0x0000
[42] [M]: 0x0000000080000548 (0x00000393) addi x7, x0, 0x0                          init_Sedeleg+0
x7 <- 0x0000000000000000

mem[X,0x000000008000054C] -> 0x3C23
mem[X,0x000000008000054E] -> 0x2273
[43] [M]: 0x000000008000054C (0x22733C23) sd x7, 0x238(x6)                          init_Sedeleg+4
mem[W,0x00000000800054D0] <- 0x0000000000000000

clint mtime 0x0000000000000016 (mip.MTI <- 0b1, mip.STI <- 0b0)
mem[X,0x0000000080000550] -> 0x0013
mem[X,0x0000000080000552] -> 0x0000
[44] [M]: 0x0000000080000550 (0x00000013) addi x0, x0, 0x0                          init_Ssatp+0

mem[X,0x0000000080000554] -> 0x0013
mem[X,0x0000000080000556] -> 0x0000
[45] [M]: 0x0000000080000554 (0x00000013) addi x0, x0, 0x0                          init_Ssatp+4

clint mtime 0x0000000000000017 (mip.MTI <- 0b1, mip.STI <- 0b0)
mem[X,0x0000000080000558] -> 0x0013
mem[X,0x000000008000055A] -> 0x0000
[46] [M]: 0x0000000080000558 (0x00000013) addi x0, x0, 0x0                          init_Ssatp+8

mem[X,0x000000008000055C] -> 0x0013
mem[X,0x000000008000055E] -> 0x0000
[47] [M]: 0x000000008000055C (0x00000013) addi x0, x0, 0x0                          init_Ssatp+12

clint mtime 0x0000000000000018 (mip.MTI <- 0b1, mip.STI <- 0b0)
mem[X,0x0000000080000560] -> 0x9497
mem[X,0x0000000080000562] -> 0x0000
[48] [M]: 0x0000000080000560 (0x00009497) auipc x9, 0x9                             init_Ssatp+16
x9 <- 0x0000000080009560

mem[X,0x0000000080000564] -> 0x8493
mem[X,0x0000000080000566] -> 0xAA04
[49] [M]: 0x0000000080000564 (0xAA048493) addi x9, x9, -0x560                       init_Ssatp+20
x9 <- 0x0000000080009000

clint mtime 0x0000000000000019 (mip.MTI <- 0b1, mip.STI <- 0b0)
mem[X,0x0000000080000568] -> 0x0001
[50] [M]: 0x0000000080000568 (0x0001) c.nop                                         init_Ssatp+24

mem[X,0x000000008000056A] -> 0x0013
mem[X,0x000000008000056C] -> 0x0000
[51] [M]: 0x000000008000056A (0x00000013) addi x0, x0, 0x0                          init_Ssatp+26

clint mtime 0x000000000000001A (mip.MTI <- 0b1, mip.STI <- 0b0)
mem[X,0x000000008000056E] -> 0x0013
mem[X,0x0000000080000570] -> 0x0000
[52] [M]: 0x000000008000056E (0x00000013) addi x0, x0, 0x0                          init_Ssatp+30

mem[X,0x0000000080000572] -> 0x0013
mem[X,0x0000000080000574] -> 0x0000
[53] [M]: 0x0000000080000572 (0x00000013) addi x0, x0, 0x0                          init_Ssatp+34

clint mtime 0x000000000000001B (mip.MTI <- 0b1, mip.STI <- 0b0)
mem[X,0x0000000080000576] -> 0x0013
mem[X,0x0000000080000578] -> 0x0000
[54] [M]: 0x0000000080000576 (0x00000013) addi x0, x0, 0x0                          init_Ssatp+38

mem[X,0x000000008000057A] -> 0x0013
mem[X,0x000000008000057C] -> 0x0000
[55] [M]: 0x000000008000057A (0x00000013) addi x0, x0, 0x0                          init_Ssatp+42

clint mtime 0x000000000000001C (mip.MTI <- 0b1, mip.STI <- 0b0)
mem[X,0x000000008000057E] -> 0x0001
[56] [M]: 0x000000008000057E (0x0001) c.nop                                         init_Ssatp+46

mem[X,0x0000000080000580] -> 0xD493
mem[X,0x0000000080000582] -> 0x00C4
[57] [M]: 0x0000000080000580 (0x00C4D493) srli x9, x9, 0xc                          init_Ssatp+48
x9 <- 0x0000000000080009

clint mtime 0x000000000000001D (mip.MTI <- 0b1, mip.STI <- 0b0)
mem[X,0x0000000080000584] -> 0x0413
mem[X,0x0000000080000586] -> 0xFFF0
[58] [M]: 0x0000000080000584 (0xFFF00413) addi x8, x0, -0x1                         init_Ssatp+52
x8 <- 0xFFFFFFFFFFFFFFFF

mem[X,0x0000000080000588] -> 0x1413
mem[X,0x000000008000058A] -> 0x03F4
[59] [M]: 0x0000000080000588 (0x03F41413) slli x8, x8, 0x3f                         init_Ssatp+56
x8 <- 0x8000000000000000

clint mtime 0x000000000000001E (mip.MTI <- 0b1, mip.STI <- 0b0)
mem[X,0x000000008000058C] -> 0xE4B3
mem[X,0x000000008000058E] -> 0x0084
[60] [M]: 0x000000008000058C (0x0084E4B3) or x9, x9, x8                             init_Ssatp+60
x9 <- 0x8000000000080009

mem[X,0x0000000080000590] -> 0x94F3
mem[X,0x0000000080000592] -> 0x1804
[61] [M]: 0x0000000080000590 (0x180494F3) csrrw x9, satp, x9                        init_Ssatp+64
CSR satp (0x180) <- 0x8000000000080009
x9 <- 0x0000000000000000

clint mtime 0x000000000000001F (mip.MTI <- 0b1, mip.STI <- 0b0)
mem[X,0x0000000080000594] -> 0x3023
mem[X,0x0000000080000596] -> 0x2293
[62] [M]: 0x0000000080000594 (0x22933023) sd x9, 0x220(x6)                          init_Ssatp+68
mem[W,0x00000000800054B8] <- 0x0000000000000000

mem[X,0x0000000080000598] -> 0x2473
mem[X,0x000000008000059A] -> 0x1050
[63] [M]: 0x0000000080000598 (0x10502473) csrrs x8, stvec, x0                       init_Stvec+0
CSR stvec (0x105) -> 0x0000000000000000
x8 <- 0x0000000000000000

clint mtime 0x0000000000000020 (mip.MTI <- 0b1, mip.STI <- 0b0)
mem[X,0x000000008000059C] -> 0x3423
mem[X,0x000000008000059E] -> 0x2483
[64] [M]: 0x000000008000059C (0x24833423) sd x8, 0x248(x6)                          init_Stvec+4
mem[W,0x00000000800054E0] <- 0x0000000000000000

mem[X,0x00000000800005A0] -> 0x7393
mem[X,0x00000000800005A2] -> 0x0034
[65] [M]: 0x00000000800005A0 (0x00347393) andi x7, x8, 0x3                          init_Stvec+8
x7 <- 0x0000000000000000

clint mtime 0x0000000000000021 (mip.MTI <- 0b1, mip.STI <- 0b0)
mem[X,0x00000000800005A4] -> 0x3483
mem[X,0x00000000800005A6] -> 0x2303
[66] [M]: 0x00000000800005A4 (0x23033483) ld x9, 0x230(x6)                          init_Stvec+12
mem[R,0x00000000800054C8] -> 0x0000000080003054
x9 <- 0x0000000080003054

mem[X,0x00000000800005A8] -> 0x8493
mem[X,0x00000000800005AA] -> 0xE2C4
[67] [M]: 0x00000000800005A8 (0xE2C48493) addi x9, x9, -0x1d4                       init_Stvec+16
x9 <- 0x0000000080002E80

clint mtime 0x0000000000000022 (mip.MTI <- 0b1, mip.STI <- 0b0)
mem[X,0x00000000800005AC] -> 0xE3B3
mem[X,0x00000000800005AE] -> 0x0074
[68] [M]: 0x00000000800005AC (0x0074E3B3) or x7, x9, x7                             init_Stvec+20
x7 <- 0x0000000080002E80

mem[X,0x00000000800005B0] -> 0x3023
mem[X,0x00000000800005B2] -> 0x2473
[69] [M]: 0x00000000800005B0 (0x24733023) sd x7, 0x240(x6)                          init_Stvec+24
mem[W,0x00000000800054D8] <- 0x0000000080002E80

clint mtime 0x0000000000000023 (mip.MTI <- 0b1, mip.STI <- 0b0)
mem[X,0x00000000800005B4] -> 0x9073
mem[X,0x00000000800005B6] -> 0x1053
[70] [M]: 0x00000000800005B4 (0x10539073) csrrw x0, stvec, x7                       init_Stvec+28
CSR stvec (0x105) <- 0x0000000080002E80

mem[X,0x00000000800005B8] -> 0x2573
mem[X,0x00000000800005BA] -> 0x1050
[71] [M]: 0x00000000800005B8 (0x10502573) csrrs x10, stvec, x0                      init_Stvec+32
CSR stvec (0x105) -> 0x0000000080002E80
x10 <- 0x0000000080002E80

clint mtime 0x0000000000000024 (mip.MTI <- 0b1, mip.STI <- 0b0)
mem[X,0x00000000800005BC] -> 0x0463
mem[X,0x00000000800005BE] -> 0x0875
[72] [M]: 0x00000000800005BC (0x08750463) beq x10, x7, 0x88                         init_Stvec+36

mem[X,0x0000000080000644] -> 0x0093
mem[X,0x0000000080000646] -> 0x0000
[73] [M]: 0x0000000080000644 (0x00000093) addi x1, x0, 0x0                          rvtest_entrypoint+0
x1 <- 0x0000000000000000

clint mtime 0x0000000000000025 (mip.MTI <- 0b1, mip.STI <- 0b0)
mem[X,0x0000000080000648] -> 0x9073
mem[X,0x000000008000064A] -> 0x3000
[74] [M]: 0x0000000080000648 (0x30009073) csrrw x0, mstatus, x1                     rvtest_entrypoint+4
CSR mstatus (0x300) <- 0x0000000A00000000

mem[X,0x000000008000064C] -> 0x9073
mem[X,0x000000008000064E] -> 0x3410
[75] [M]: 0x000000008000064C (0x34109073) csrrw x0, mepc, x1                        rvtest_entrypoint+8
CSR mepc (0x341) <- 0x0000000000000000

clint mtime 0x0000000000000026 (mip.MTI <- 0b1, mip.STI <- 0b0)
mem[X,0x0000000080000650] -> 0x9073
mem[X,0x0000000080000652] -> 0x3440
[76] [M]: 0x0000000080000650 (0x34409073) csrrw x0, mip, x1                         rvtest_entrypoint+12
CSR mip (0x344) <- 0x0000000000000080

mem[X,0x0000000080000654] -> 0x9073
mem[X,0x0000000080000656] -> 0x3430
[77] [M]: 0x0000000080000654 (0x34309073) csrrw x0, mtval, x1                       rvtest_entrypoint+16
CSR mtval (0x343) <- 0x0000000000000000

clint mtime 0x0000000000000027 (mip.MTI <- 0b1, mip.STI <- 0b0)
mem[X,0x0000000080000658] -> 0x9073
mem[X,0x000000008000065A] -> 0x3420
[78] [M]: 0x0000000080000658 (0x34209073) csrrw x0, mcause, x1                      rvtest_entrypoint+20
CSR mcause (0x342) <- 0x0000000000000000

mem[X,0x000000008000065C] -> 0x0837
mem[X,0x000000008000065E] -> 0x7D5C
[79] [M]: 0x000000008000065C (0x7D5C0837) lui x16, 0x7d5c0                          rvtest_entrypoint+24
x16 <- 0x000000007D5C0000

clint mtime 0x0000000000000028 (mip.MTI <- 0b1, mip.STI <- 0b0)
mem[X,0x0000000080000660] -> 0x0813
mem[X,0x0000000080000662] -> 0xDDB8
[80] [M]: 0x0000000080000660 (0xDDB80813) addi x16, x16, -0x225                     rvtest_entrypoint+28
x16 <- 0x000000007D5BFDDB

mem[X,0x0000000080000664] -> 0x1813
mem[X,0x0000000080000666] -> 0x00B8
[81] [M]: 0x0000000080000664 (0x00B81813) slli x16, x16, 0xb                        rvtest_entrypoint+32
x16 <- 0x000003EADFEED800

clint mtime 0x0000000000000029 (mip.MTI <- 0b1, mip.STI <- 0b0)
mem[X,0x0000000080000668] -> 0x0813
mem[X,0x000000008000066A] -> 0x3EA8
[82] [M]: 0x0000000080000668 (0x3EA80813) addi x16, x16, 0x3ea                      rvtest_entrypoint+36
x16 <- 0x000003EADFEEDBEA

mem[X,0x000000008000066C] -> 0x1813
mem[X,0x000000008000066E] -> 0x00B8
[83] [M]: 0x000000008000066C (0x00B81813) slli x16, x16, 0xb                        rvtest_entrypoint+40
x16 <- 0x001F56FF76DF5000

clint mtime 0x000000000000002A (mip.MTI <- 0b1, mip.STI <- 0b0)
mem[X,0x0000000080000670] -> 0x0813
mem[X,0x0000000080000672] -> 0x6FF8
[84] [M]: 0x0000000080000670 (0x6FF80813) addi x16, x16, 0x6ff                      rvtest_entrypoint+44
x16 <- 0x001F56FF76DF56FF

mem[X,0x0000000080000674] -> 0x1813
mem[X,0x0000000080000676] -> 0x00A8
[85] [M]: 0x0000000080000674 (0x00A81813) slli x16, x16, 0xa                        rvtest_entrypoint+48
x16 <- 0x7D5BFDDB7D5BFC00

clint mtime 0x000000000000002B (mip.MTI <- 0b1, mip.STI <- 0b0)
mem[X,0x0000000080000678] -> 0x0813
mem[X,0x000000008000067A] -> 0x1DB8
[86] [M]: 0x0000000080000678 (0x1DB80813) addi x16, x16, 0x1db                      rvtest_entrypoint+52
x16 <- 0x7D5BFDDB7D5BFDDB

mem[X,0x000000008000067C] -> 0x5893
mem[X,0x000000008000067E] -> 0x0078
[87] [M]: 0x000000008000067C (0x00785893) srli x17, x16, 0x7                        rvtest_entrypoint+56
x17 <- 0x00FAB7FBB6FAB7FB

clint mtime 0x000000000000002C (mip.MTI <- 0b1, mip.STI <- 0b0)
mem[X,0x0000000080000680] -> 0x5793
mem[X,0x0000000080000682] -> 0x0398
[88] [M]: 0x0000000080000680 (0x03985793) srli x15, x16, 0x39                       rvtest_entrypoint+60
x15 <- 0x000000000000003E

mem[X,0x0000000080000684] -> 0xE8B3
mem[X,0x0000000080000686] -> 0x00F8
[89] [M]: 0x0000000080000684 (0x00F8E8B3) or x17, x17, x15                          rvtest_entrypoint+64
x17 <- 0x00FAB7FBB6FAB7FF

clint mtime 0x000000000000002D (mip.MTI <- 0b1, mip.STI <- 0b0)
mem[X,0x0000000080000688] -> 0xD913
mem[X,0x000000008000068A] -> 0x0078
[90] [M]: 0x0000000080000688 (0x0078D913) srli x18, x17, 0x7                        rvtest_entrypoint+68
x18 <- 0x0001F56FF76DF56F

mem[X,0x000000008000068C] -> 0xD793
mem[X,0x000000008000068E] -> 0x0398
[91] [M]: 0x000000008000068C (0x0398D793) srli x15, x17, 0x39                       rvtest_entrypoint+72
x15 <- 0x0000000000000000

clint mtime 0x000000000000002E (mip.MTI <- 0b1, mip.STI <- 0b0)
mem[X,0x0000000080000690] -> 0x6933
mem[X,0x0000000080000692] -> 0x00F9
[92] [M]: 0x0000000080000690 (0x00F96933) or x18, x18, x15                          rvtest_entrypoint+76
x18 <- 0x0001F56FF76DF56F

mem[X,0x0000000080000694] -> 0x5993
mem[X,0x0000000080000696] -> 0x0079
[93] [M]: 0x0000000080000694 (0x00795993) srli x19, x18, 0x7                        rvtest_entrypoint+80
x19 <- 0x000003EADFEEDBEA

clint mtime 0x000000000000002F (mip.MTI <- 0b1, mip.STI <- 0b0)
mem[X,0x0000000080000698] -> 0x5793
mem[X,0x000000008000069A] -> 0x0399
[94] [M]: 0x0000000080000698 (0x03995793) srli x15, x18, 0x39                       rvtest_entrypoint+84
x15 <- 0x0000000000000000

mem[X,0x000000008000069C] -> 0xE9B3
mem[X,0x000000008000069E] -> 0x00F9
[95] [M]: 0x000000008000069C (0x00F9E9B3) or x19, x19, x15                          rvtest_entrypoint+88
x19 <- 0x000003EADFEEDBEA

clint mtime 0x0000000000000030 (mip.MTI <- 0b1, mip.STI <- 0b0)
mem[X,0x00000000800006A0] -> 0xDA13
mem[X,0x00000000800006A2] -> 0x0079
[96] [M]: 0x00000000800006A0 (0x0079DA13) srli x20, x19, 0x7                        rvtest_entrypoint+92
x20 <- 0x00000007D5BFDDB7

mem[X,0x00000000800006A4] -> 0xD793
mem[X,0x00000000800006A6] -> 0x0399
[97] [M]: 0x00000000800006A4 (0x0399D793) srli x15, x19, 0x39                       rvtest_entrypoint+96
x15 <- 0x0000000000000000

clint mtime 0x0000000000000031 (mip.MTI <- 0b1, mip.STI <- 0b0)
mem[X,0x00000000800006A8] -> 0x6A33
mem[X,0x00000000800006AA] -> 0x00FA
[98] [M]: 0x00000000800006A8 (0x00FA6A33) or x20, x20, x15                          rvtest_entrypoint+100
x20 <- 0x00000007D5BFDDB7

mem[X,0x00000000800006AC] -> 0x5A93
mem[X,0x00000000800006AE] -> 0x007A
[99] [M]: 0x00000000800006AC (0x007A5A93) srli x21, x20, 0x7                        rvtest_entrypoint+104
x21 <- 0x000000000FAB7FBB

clint mtime 0x0000000000000032 (mip.MTI <- 0b1, mip.STI <- 0b0)
mem[X,0x00000000800006B0] -> 0x5793
mem[X,0x00000000800006B2] -> 0x039A
[100] [M]: 0x00000000800006B0 (0x039A5793) srli x15, x20, 0x39                      rvtest_entrypoint+108
x15 <- 0x0000000000000000

mem[X,0x00000000800006B4] -> 0xEAB3
mem[X,0x00000000800006B6] -> 0x00FA
[101] [M]: 0x00000000800006B4 (0x00FAEAB3) or x21, x21, x15                         rvtest_entrypoint+112
x21 <- 0x000000000FAB7FBB

clint mtime 0x0000000000000033 (mip.MTI <- 0b1, mip.STI <- 0b0)
mem[X,0x00000000800006B8] -> 0xDB13
mem[X,0x00000000800006BA] -> 0x007A
[102] [M]: 0x00000000800006B8 (0x007ADB13) srli x22, x21, 0x7                       rvtest_entrypoint+116
x22 <- 0x00000000001F56FF

mem[X,0x00000000800006BC] -> 0xD793
mem[X,0x00000000800006BE] -> 0x039A
[103] [M]: 0x00000000800006BC (0x039AD793) srli x15, x21, 0x39                      rvtest_entrypoint+120
x15 <- 0x0000000000000000

clint mtime 0x0000000000000034 (mip.MTI <- 0b1, mip.STI <- 0b0)
mem[X,0x00000000800006C0] -> 0x6B33
mem[X,0x00000000800006C2] -> 0x00FB
[104] [M]: 0x00000000800006C0 (0x00FB6B33) or x22, x22, x15                         rvtest_entrypoint+124
x22 <- 0x00000000001F56FF

mem[X,0x00000000800006C4] -> 0x5B93
mem[X,0x00000000800006C6] -> 0x007B
[105] [M]: 0x00000000800006C4 (0x007B5B93) srli x23, x22, 0x7                       rvtest_entrypoint+128
x23 <- 0x0000000000003EAD

clint mtime 0x0000000000000035 (mip.MTI <- 0b1, mip.STI <- 0b0)
mem[X,0x00000000800006C8] -> 0x5793
mem[X,0x00000000800006CA] -> 0x039B
[106] [M]: 0x00000000800006C8 (0x039B5793) srli x15, x22, 0x39                      rvtest_entrypoint+132
x15 <- 0x0000000000000000

mem[X,0x00000000800006CC] -> 0xEBB3
mem[X,0x00000000800006CE] -> 0x00FB
[107] [M]: 0x00000000800006CC (0x00FBEBB3) or x23, x23, x15                         rvtest_entrypoint+136
x23 <- 0x0000000000003EAD

clint mtime 0x0000000000000036 (mip.MTI <- 0b1, mip.STI <- 0b0)
mem[X,0x00000000800006D0] -> 0xDC13
mem[X,0x00000000800006D2] -> 0x007B
[108] [M]: 0x00000000800006D0 (0x007BDC13) srli x24, x23, 0x7                       rvtest_entrypoint+140
x24 <- 0x000000000000007D

mem[X,0x00000000800006D4] -> 0xD793
mem[X,0x00000000800006D6] -> 0x039B
[109] [M]: 0x00000000800006D4 (0x039BD793) srli x15, x23, 0x39                      rvtest_entrypoint+144
x15 <- 0x0000000000000000

clint mtime 0x0000000000000037 (mip.MTI <- 0b1, mip.STI <- 0b0)
mem[X,0x00000000800006D8] -> 0x6C33
mem[X,0x00000000800006DA] -> 0x00FC
[110] [M]: 0x00000000800006D8 (0x00FC6C33) or x24, x24, x15                         rvtest_entrypoint+148
x24 <- 0x000000000000007D

mem[X,0x00000000800006DC] -> 0x5C93
mem[X,0x00000000800006DE] -> 0x007C
[111] [M]: 0x00000000800006DC (0x007C5C93) srli x25, x24, 0x7                       rvtest_entrypoint+152
x25 <- 0x0000000000000000

clint mtime 0x0000000000000038 (mip.MTI <- 0b1, mip.STI <- 0b0)
mem[X,0x00000000800006E0] -> 0x5793
mem[X,0x00000000800006E2] -> 0x039C
[112] [M]: 0x00000000800006E0 (0x039C5793) srli x15, x24, 0x39                      rvtest_entrypoint+156
x15 <- 0x0000000000000000

mem[X,0x00000000800006E4] -> 0xECB3
mem[X,0x00000000800006E6] -> 0x00FC
[113] [M]: 0x00000000800006E4 (0x00FCECB3) or x25, x25, x15                         rvtest_entrypoint+160
x25 <- 0x0000000000000000

clint mtime 0x0000000000000039 (mip.MTI <- 0b1, mip.STI <- 0b0)
mem[X,0x00000000800006E8] -> 0xDD13
mem[X,0x00000000800006EA] -> 0x007C
[114] [M]: 0x00000000800006E8 (0x007CDD13) srli x26, x25, 0x7                       rvtest_entrypoint+164
x26 <- 0x0000000000000000

mem[X,0x00000000800006EC] -> 0xD793
mem[X,0x00000000800006EE] -> 0x039C
[115] [M]: 0x00000000800006EC (0x039CD793) srli x15, x25, 0x39                      rvtest_entrypoint+168
x15 <- 0x0000000000000000

clint mtime 0x000000000000003A (mip.MTI <- 0b1, mip.STI <- 0b0)
mem[X,0x00000000800006F0] -> 0x6D33
mem[X,0x00000000800006F2] -> 0x00FD
[116] [M]: 0x00000000800006F0 (0x00FD6D33) or x26, x26, x15                         rvtest_entrypoint+172
x26 <- 0x0000000000000000

mem[X,0x00000000800006F4] -> 0x5D93
mem[X,0x00000000800006F6] -> 0x007D
[117] [M]: 0x00000000800006F4 (0x007D5D93) srli x27, x26, 0x7                       rvtest_entrypoint+176
x27 <- 0x0000000000000000

clint mtime 0x000000000000003B (mip.MTI <- 0b1, mip.STI <- 0b0)
mem[X,0x00000000800006F8] -> 0x5793
mem[X,0x00000000800006FA] -> 0x039D
[118] [M]: 0x00000000800006F8 (0x039D5793) srli x15, x26, 0x39                      rvtest_entrypoint+180
x15 <- 0x0000000000000000

mem[X,0x00000000800006FC] -> 0xEDB3
mem[X,0x00000000800006FE] -> 0x00FD
[119] [M]: 0x00000000800006FC (0x00FDEDB3) or x27, x27, x15                         rvtest_entrypoint+184
x27 <- 0x0000000000000000

clint mtime 0x000000000000003C (mip.MTI <- 0b1, mip.STI <- 0b0)
mem[X,0x0000000080000700] -> 0xDE13
mem[X,0x0000000080000702] -> 0x007D
[120] [M]: 0x0000000080000700 (0x007DDE13) srli x28, x27, 0x7                       rvtest_entrypoint+188
x28 <- 0x0000000000000000

mem[X,0x0000000080000704] -> 0xD793
mem[X,0x0000000080000706] -> 0x039D
[121] [M]: 0x0000000080000704 (0x039DD793) srli x15, x27, 0x39                      rvtest_entrypoint+192
x15 <- 0x0000000000000000

clint mtime 0x000000000000003D (mip.MTI <- 0b1, mip.STI <- 0b0)
mem[X,0x0000000080000708] -> 0x6E33
mem[X,0x000000008000070A] -> 0x00FE
[122] [M]: 0x0000000080000708 (0x00FE6E33) or x28, x28, x15                         rvtest_entrypoint+196
x28 <- 0x0000000000000000

mem[X,0x000000008000070C] -> 0x5E93
mem[X,0x000000008000070E] -> 0x007E
[123] [M]: 0x000000008000070C (0x007E5E93) srli x29, x28, 0x7                       rvtest_entrypoint+200
x29 <- 0x0000000000000000

clint mtime 0x000000000000003E (mip.MTI <- 0b1, mip.STI <- 0b0)
mem[X,0x0000000080000710] -> 0x5793
mem[X,0x0000000080000712] -> 0x039E
[124] [M]: 0x0000000080000710 (0x039E5793) srli x15, x28, 0x39                      rvtest_entrypoint+204
x15 <- 0x0000000000000000

mem[X,0x0000000080000714] -> 0xEEB3
mem[X,0x0000000080000716] -> 0x00FE
[125] [M]: 0x0000000080000714 (0x00FEEEB3) or x29, x29, x15                         rvtest_entrypoint+208
x29 <- 0x0000000000000000

clint mtime 0x000000000000003F (mip.MTI <- 0b1, mip.STI <- 0b0)
mem[X,0x0000000080000718] -> 0xDF13
mem[X,0x000000008000071A] -> 0x007E
[126] [M]: 0x0000000080000718 (0x007EDF13) srli x30, x29, 0x7                       rvtest_entrypoint+212
x30 <- 0x0000000000000000

mem[X,0x000000008000071C] -> 0xD793
mem[X,0x000000008000071E] -> 0x039E
[127] [M]: 0x000000008000071C (0x039ED793) srli x15, x29, 0x39                      rvtest_entrypoint+216
x15 <- 0x0000000000000000

clint mtime 0x0000000000000040 (mip.MTI <- 0b1, mip.STI <- 0b0)
mem[X,0x0000000080000720] -> 0x6F33
mem[X,0x0000000080000722] -> 0x00FF
[128] [M]: 0x0000000080000720 (0x00FF6F33) or x30, x30, x15                         rvtest_entrypoint+220
x30 <- 0x0000000000000000

mem[X,0x0000000080000724] -> 0xC0B7
mem[X,0x0000000080000726] -> 0xFEED
[129] [M]: 0x0000000080000724 (0xFEEDC0B7) lui x1, -0x1124                          rvtest_entrypoint+224
x1 <- 0xFFFFFFFFFEEDC000

clint mtime 0x0000000000000041 (mip.MTI <- 0b1, mip.STI <- 0b0)
mem[X,0x0000000080000728] -> 0x8093
mem[X,0x000000008000072A] -> 0xEAD0
[130] [M]: 0x0000000080000728 (0xEAD08093) addi x1, x1, -0x153                      rvtest_entrypoint+228
x1 <- 0xFFFFFFFFFEEDBEAD

mem[X,0x000000008000072C] -> 0x9093
mem[X,0x000000008000072E] -> 0x00B0
[131] [M]: 0x000000008000072C (0x00B09093) slli x1, x1, 0xb                         rvtest_entrypoint+232
x1 <- 0xFFFFFFF76DF56800

clint mtime 0x0000000000000042 (mip.MTI <- 0b1, mip.STI <- 0b0)
mem[X,0x0000000080000730] -> 0x8093
mem[X,0x0000000080000732] -> 0x7F70
[132] [M]: 0x0000000080000730 (0x7F708093) addi x1, x1, 0x7f7                       rvtest_entrypoint+236
x1 <- 0xFFFFFFF76DF56FF7

mem[X,0x0000000080000734] -> 0x9093
mem[X,0x0000000080000736] -> 0x00B0
[133] [M]: 0x0000000080000734 (0x00B09093) slli x1, x1, 0xb                         rvtest_entrypoint+240
x1 <- 0xFFFFBB6FAB7FB800

clint mtime 0x0000000000000043 (mip.MTI <- 0b1, mip.STI <- 0b0)
mem[X,0x0000000080000738] -> 0x8093
mem[X,0x000000008000073A] -> 0x36F0
[134] [M]: 0x0000000080000738 (0x36F08093) addi x1, x1, 0x36f                       rvtest_entrypoint+244
x1 <- 0xFFFFBB6FAB7FBB6F

mem[X,0x000000008000073C] -> 0x9093
mem[X,0x000000008000073E] -> 0x00A0
[135] [M]: 0x000000008000073C (0x00A09093) slli x1, x1, 0xa                         rvtest_entrypoint+248
x1 <- 0xFEEDBEADFEEDBC00

clint mtime 0x0000000000000044 (mip.MTI <- 0b1, mip.STI <- 0b0)
mem[X,0x0000000080000740] -> 0x8093
mem[X,0x0000000080000742] -> 0x2AD0
[136] [M]: 0x0000000080000740 (0x2AD08093) addi x1, x1, 0x2ad                       rvtest_entrypoint+252
x1 <- 0xFEEDBEADFEEDBEAD

mem[X,0x0000000080000744] -> 0xD113
mem[X,0x0000000080000746] -> 0x0070
[137] [M]: 0x0000000080000744 (0x0070D113) srli x2, x1, 0x7                         rvtest_entrypoint+256
x2 <- 0x01FDDB7D5BFDDB7D

clint mtime 0x0000000000000045 (mip.MTI <- 0b1, mip.STI <- 0b0)
mem[X,0x0000000080000748] -> 0xD793
mem[X,0x000000008000074A] -> 0x0390
[138] [M]: 0x0000000080000748 (0x0390D793) srli x15, x1, 0x39                       rvtest_entrypoint+260
x15 <- 0x000000000000007F

mem[X,0x000000008000074C] -> 0x6133
mem[X,0x000000008000074E] -> 0x00F1
[139] [M]: 0x000000008000074C (0x00F16133) or x2, x2, x15                           rvtest_entrypoint+264
x2 <- 0x01FDDB7D5BFDDB7F

clint mtime 0x0000000000000046 (mip.MTI <- 0b1, mip.STI <- 0b0)
mem[X,0x0000000080000750] -> 0x5193
mem[X,0x0000000080000752] -> 0x0071
[140] [M]: 0x0000000080000750 (0x00715193) srli x3, x2, 0x7                         rvtest_entrypoint+268
x3 <- 0x0003FBB6FAB7FBB6

mem[X,0x0000000080000754] -> 0x5793
mem[X,0x0000000080000756] -> 0x0391
[141] [M]: 0x0000000080000754 (0x03915793) srli x15, x2, 0x39                       rvtest_entrypoint+272
x15 <- 0x0000000000000000

clint mtime 0x0000000000000047 (mip.MTI <- 0b1, mip.STI <- 0b0)
mem[X,0x0000000080000758] -> 0xE1B3
mem[X,0x000000008000075A] -> 0x00F1
[142] [M]: 0x0000000080000758 (0x00F1E1B3) or x3, x3, x15                           rvtest_entrypoint+276
x3 <- 0x0003FBB6FAB7FBB6

mem[X,0x000000008000075C] -> 0xD213
mem[X,0x000000008000075E] -> 0x0071
[143] [M]: 0x000000008000075C (0x0071D213) srli x4, x3, 0x7                         rvtest_entrypoint+280
x4 <- 0x000007F76DF56FF7

clint mtime 0x0000000000000048 (mip.MTI <- 0b1, mip.STI <- 0b0)
mem[X,0x0000000080000760] -> 0xD793
mem[X,0x0000000080000762] -> 0x0391
[144] [M]: 0x0000000080000760 (0x0391D793) srli x15, x3, 0x39                       rvtest_entrypoint+284
x15 <- 0x0000000000000000

mem[X,0x0000000080000764] -> 0x6233
mem[X,0x0000000080000766] -> 0x00F2
[145] [M]: 0x0000000080000764 (0x00F26233) or x4, x4, x15                           rvtest_entrypoint+288
x4 <- 0x000007F76DF56FF7

clint mtime 0x0000000000000049 (mip.MTI <- 0b1, mip.STI <- 0b0)
mem[X,0x0000000080000768] -> 0x5293
mem[X,0x000000008000076A] -> 0x0072
[146] [M]: 0x0000000080000768 (0x00725293) srli x5, x4, 0x7                         rvtest_entrypoint+292
x5 <- 0x0000000FEEDBEADF

mem[X,0x000000008000076C] -> 0x5793
mem[X,0x000000008000076E] -> 0x0392
[147] [M]: 0x000000008000076C (0x03925793) srli x15, x4, 0x39                       rvtest_entrypoint+296
x15 <- 0x0000000000000000

clint mtime 0x000000000000004A (mip.MTI <- 0b1, mip.STI <- 0b0)
mem[X,0x0000000080000770] -> 0xE2B3
mem[X,0x0000000080000772] -> 0x00F2
[148] [M]: 0x0000000080000770 (0x00F2E2B3) or x5, x5, x15                           rvtest_entrypoint+300
x5 <- 0x0000000FEEDBEADF

mem[X,0x0000000080000774] -> 0xD313
mem[X,0x0000000080000776] -> 0x0072
[149] [M]: 0x0000000080000774 (0x0072D313) srli x6, x5, 0x7                         rvtest_entrypoint+304
x6 <- 0x000000001FDDB7D5

clint mtime 0x000000000000004B (mip.MTI <- 0b1, mip.STI <- 0b0)
mem[X,0x0000000080000778] -> 0xD793
mem[X,0x000000008000077A] -> 0x0392
[150] [M]: 0x0000000080000778 (0x0392D793) srli x15, x5, 0x39                       rvtest_entrypoint+308
x15 <- 0x0000000000000000

mem[X,0x000000008000077C] -> 0x6333
mem[X,0x000000008000077E] -> 0x00F3
[151] [M]: 0x000000008000077C (0x00F36333) or x6, x6, x15                           rvtest_entrypoint+312
x6 <- 0x000000001FDDB7D5

clint mtime 0x000000000000004C (mip.MTI <- 0b1, mip.STI <- 0b0)
mem[X,0x0000000080000780] -> 0x5393
mem[X,0x0000000080000782] -> 0x0073
[152] [M]: 0x0000000080000780 (0x00735393) srli x7, x6, 0x7                         rvtest_entrypoint+316
x7 <- 0x00000000003FBB6F

mem[X,0x0000000080000784] -> 0x5793
mem[X,0x0000000080000786] -> 0x0393
[153] [M]: 0x0000000080000784 (0x03935793) srli x15, x6, 0x39                       rvtest_entrypoint+320
x15 <- 0x0000000000000000

clint mtime 0x000000000000004D (mip.MTI <- 0b1, mip.STI <- 0b0)
mem[X,0x0000000080000788] -> 0xE3B3
mem[X,0x000000008000078A] -> 0x00F3
[154] [M]: 0x0000000080000788 (0x00F3E3B3) or x7, x7, x15                           rvtest_entrypoint+324
x7 <- 0x00000000003FBB6F

mem[X,0x000000008000078C] -> 0xD413
mem[X,0x000000008000078E] -> 0x0073
[155] [M]: 0x000000008000078C (0x0073D413) srli x8, x7, 0x7                         rvtest_entrypoint+328
x8 <- 0x0000000000007F76

clint mtime 0x000000000000004E (mip.MTI <- 0b1, mip.STI <- 0b0)
mem[X,0x0000000080000790] -> 0xD793
mem[X,0x0000000080000792] -> 0x0393
[156] [M]: 0x0000000080000790 (0x0393D793) srli x15, x7, 0x39                       rvtest_entrypoint+332
x15 <- 0x0000000000000000

mem[X,0x0000000080000794] -> 0x6433
mem[X,0x0000000080000796] -> 0x00F4
[157] [M]: 0x0000000080000794 (0x00F46433) or x8, x8, x15                           rvtest_entrypoint+336
x8 <- 0x0000000000007F76

clint mtime 0x000000000000004F (mip.MTI <- 0b1, mip.STI <- 0b0)
mem[X,0x0000000080000798] -> 0x5493
mem[X,0x000000008000079A] -> 0x0074
[158] [M]: 0x0000000080000798 (0x00745493) srli x9, x8, 0x7                         rvtest_entrypoint+340
x9 <- 0x00000000000000FE

mem[X,0x000000008000079C] -> 0x5793
mem[X,0x000000008000079E] -> 0x0394
[159] [M]: 0x000000008000079C (0x03945793) srli x15, x8, 0x39                       rvtest_entrypoint+344
x15 <- 0x0000000000000000

clint mtime 0x0000000000000050 (mip.MTI <- 0b1, mip.STI <- 0b0)
mem[X,0x00000000800007A0] -> 0xE4B3
mem[X,0x00000000800007A2] -> 0x00F4
[160] [M]: 0x00000000800007A0 (0x00F4E4B3) or x9, x9, x15                           rvtest_entrypoint+348
x9 <- 0x00000000000000FE

mem[X,0x00000000800007A4] -> 0xD513
mem[X,0x00000000800007A6] -> 0x0074
[161] [M]: 0x00000000800007A4 (0x0074D513) srli x10, x9, 0x7                        rvtest_entrypoint+352
x10 <- 0x0000000000000001

clint mtime 0x0000000000000051 (mip.MTI <- 0b1, mip.STI <- 0b0)
mem[X,0x00000000800007A8] -> 0xD793
mem[X,0x00000000800007AA] -> 0x0394
[162] [M]: 0x00000000800007A8 (0x0394D793) srli x15, x9, 0x39                       rvtest_entrypoint+356
x15 <- 0x0000000000000000

mem[X,0x00000000800007AC] -> 0x6533
mem[X,0x00000000800007AE] -> 0x00F5
[163] [M]: 0x00000000800007AC (0x00F56533) or x10, x10, x15                         rvtest_entrypoint+360
x10 <- 0x0000000000000001

clint mtime 0x0000000000000052 (mip.MTI <- 0b1, mip.STI <- 0b0)
mem[X,0x00000000800007B0] -> 0x5593
mem[X,0x00000000800007B2] -> 0x0075
[164] [M]: 0x00000000800007B0 (0x00755593) srli x11, x10, 0x7                       rvtest_entrypoint+364
x11 <- 0x0000000000000000

mem[X,0x00000000800007B4] -> 0x5793
mem[X,0x00000000800007B6] -> 0x0395
[165] [M]: 0x00000000800007B4 (0x03955793) srli x15, x10, 0x39                      rvtest_entrypoint+368
x15 <- 0x0000000000000000

clint mtime 0x0000000000000053 (mip.MTI <- 0b1, mip.STI <- 0b0)
mem[X,0x00000000800007B8] -> 0xE5B3
mem[X,0x00000000800007BA] -> 0x00F5
[166] [M]: 0x00000000800007B8 (0x00F5E5B3) or x11, x11, x15                         rvtest_entrypoint+372
x11 <- 0x0000000000000000

mem[X,0x00000000800007BC] -> 0xD613
mem[X,0x00000000800007BE] -> 0x0075
[167] [M]: 0x00000000800007BC (0x0075D613) srli x12, x11, 0x7                       rvtest_entrypoint+376
x12 <- 0x0000000000000000

clint mtime 0x0000000000000054 (mip.MTI <- 0b1, mip.STI <- 0b0)
mem[X,0x00000000800007C0] -> 0xD793
mem[X,0x00000000800007C2] -> 0x0395
[168] [M]: 0x00000000800007C0 (0x0395D793) srli x15, x11, 0x39                      rvtest_entrypoint+380
x15 <- 0x0000000000000000

mem[X,0x00000000800007C4] -> 0x6633
mem[X,0x00000000800007C6] -> 0x00F6
[169] [M]: 0x00000000800007C4 (0x00F66633) or x12, x12, x15                         rvtest_entrypoint+384
x12 <- 0x0000000000000000

clint mtime 0x0000000000000055 (mip.MTI <- 0b1, mip.STI <- 0b0)
mem[X,0x00000000800007C8] -> 0x5693
mem[X,0x00000000800007CA] -> 0x0076
[170] [M]: 0x00000000800007C8 (0x00765693) srli x13, x12, 0x7                       rvtest_entrypoint+388
x13 <- 0x0000000000000000

mem[X,0x00000000800007CC] -> 0x5793
mem[X,0x00000000800007CE] -> 0x0396
[171] [M]: 0x00000000800007CC (0x03965793) srli x15, x12, 0x39                      rvtest_entrypoint+392
x15 <- 0x0000000000000000

clint mtime 0x0000000000000056 (mip.MTI <- 0b1, mip.STI <- 0b0)
mem[X,0x00000000800007D0] -> 0xE6B3
mem[X,0x00000000800007D2] -> 0x00F6
[172] [M]: 0x00000000800007D0 (0x00F6E6B3) or x13, x13, x15                         rvtest_entrypoint+396
x13 <- 0x0000000000000000

mem[X,0x00000000800007D4] -> 0x0013
mem[X,0x00000000800007D6] -> 0x0000
[173] [M]: 0x00000000800007D4 (0x00000013) addi x0, x0, 0x0                         rvtest_code_begin+0

clint mtime 0x0000000000000057 (mip.MTI <- 0b1, mip.STI <- 0b0)
mem[X,0x00000000800007D8] -> 0x0013
mem[X,0x00000000800007DA] -> 0x0000
[174] [M]: 0x00000000800007D8 (0x00000013) addi x0, x0, 0x0                         rvtest_code_begin+4

mem[X,0x00000000800007DC] -> 0x0013
mem[X,0x00000000800007DE] -> 0x0000
[175] [M]: 0x00000000800007DC (0x00000013) addi x0, x0, 0x0                         rvtest_code_begin+8

clint mtime 0x0000000000000058 (mip.MTI <- 0b1, mip.STI <- 0b0)
mem[X,0x00000000800007E0] -> 0xA697
mem[X,0x00000000800007E2] -> 0x0000
[176] [M]: 0x00000000800007E0 (0x0000A697) auipc x13, 0xa                           rvtest_code_begin+12
x13 <- 0x000000008000A7E0

mem[X,0x00000000800007E4] -> 0x8693
mem[X,0x00000000800007E6] -> 0x9386
[177] [M]: 0x00000000800007E4 (0x93868693) addi x13, x13, -0x6c8                    rvtest_code_begin+16
x13 <- 0x000000008000A118

clint mtime 0x0000000000000059 (mip.MTI <- 0b1, mip.STI <- 0b0)
mem[X,0x00000000800007E8] -> 0x0001
[178] [M]: 0x00000000800007E8 (0x0001) c.nop                                        rvtest_code_begin+20

mem[X,0x00000000800007EA] -> 0x0013
mem[X,0x00000000800007EC] -> 0x0000
[179] [M]: 0x00000000800007EA (0x00000013) addi x0, x0, 0x0                         rvtest_code_begin+22

clint mtime 0x000000000000005A (mip.MTI <- 0b1, mip.STI <- 0b0)
mem[X,0x00000000800007EE] -> 0x0013
mem[X,0x00000000800007F0] -> 0x0000
[180] [M]: 0x00000000800007EE (0x00000013) addi x0, x0, 0x0                         rvtest_code_begin+26

mem[X,0x00000000800007F2] -> 0x0013
mem[X,0x00000000800007F4] -> 0x0000
[181] [M]: 0x00000000800007F2 (0x00000013) addi x0, x0, 0x0                         rvtest_code_begin+30

clint mtime 0x000000000000005B (mip.MTI <- 0b1, mip.STI <- 0b0)
mem[X,0x00000000800007F6] -> 0x0013
mem[X,0x00000000800007F8] -> 0x0000
[182] [M]: 0x00000000800007F6 (0x00000013) addi x0, x0, 0x0                         rvtest_code_begin+34

mem[X,0x00000000800007FA] -> 0x0013
mem[X,0x00000000800007FC] -> 0x0000
[183] [M]: 0x00000000800007FA (0x00000013) addi x0, x0, 0x0                         rvtest_code_begin+38

clint mtime 0x000000000000005C (mip.MTI <- 0b1, mip.STI <- 0b0)
mem[X,0x00000000800007FE] -> 0x0001
[184] [M]: 0x00000000800007FE (0x0001) c.nop                                        rvtest_code_begin+42

mem[X,0x0000000080000800] -> 0xD737
mem[X,0x0000000080000802] -> 0x0000
[185] [M]: 0x0000000080000800 (0x0000D737) lui x14, 0xd                             main+0
x14 <- 0x000000000000D000

clint mtime 0x000000000000005D (mip.MTI <- 0b1, mip.STI <- 0b0)
mem[X,0x0000000080000804] -> 0x071B
mem[X,0x0000000080000806] -> 0xEED7
[186] [M]: 0x0000000080000804 (0xEED7071B) addiw x14, x14, -0x113                   main+4
x14 <- 0x000000000000CEED

mem[X,0x0000000080000808] -> 0xB023
mem[X,0x000000008000080A] -> 0x00E6
[187] [M]: 0x0000000080000808 (0x00E6B023) sd x14, 0x0(x13)                         main+8
mem[W,0x000000008000A118] <- 0x000000000000CEED

clint mtime 0x000000000000005E (mip.MTI <- 0b1, mip.STI <- 0b0)
mem[X,0x000000008000080C] -> 0xC737
mem[X,0x000000008000080E] -> 0x0000
[188] [M]: 0x000000008000080C (0x0000C737) lui x14, 0xc                             main+12
x14 <- 0x000000000000C000

mem[X,0x0000000080000810] -> 0x071B
mem[X,0x0000000080000812] -> 0xEED7
[189] [M]: 0x0000000080000810 (0xEED7071B) addiw x14, x14, -0x113                   main+16
x14 <- 0x000000000000BEED

clint mtime 0x000000000000005F (mip.MTI <- 0b1, mip.STI <- 0b0)
mem[X,0x0000000080000814] -> 0xB423
mem[X,0x0000000080000816] -> 0x00E6
[190] [M]: 0x0000000080000814 (0x00E6B423) sd x14, 0x8(x13)                         main+20
mem[W,0x000000008000A120] <- 0x000000000000BEED

mem[X,0x0000000080000818] -> 0x0393
mem[X,0x000000008000081A] -> 0xFFF0
[191] [M]: 0x0000000080000818 (0xFFF00393) addi x7, x0, -0x1                        main+24
x7 <- 0xFFFFFFFFFFFFFFFF

clint mtime 0x0000000000000060 (mip.MTI <- 0b1, mip.STI <- 0b0)
mem[X,0x000000008000081C] -> 0x9073
mem[X,0x000000008000081E] -> 0x3B03
[192] [M]: 0x000000008000081C (0x3B039073) csrrw x0, pmpaddr0, x7                   main+28
CSR pmpaddr0 (0x3B0) <- 0x003FFFFFFFFFFFFF

mem[X,0x0000000080000820] -> 0x0393
mem[X,0x0000000080000822] -> 0x00F0
[193] [M]: 0x0000000080000820 (0x00F00393) addi x7, x0, 0xf                         main+32
x7 <- 0x000000000000000F

clint mtime 0x0000000000000061 (mip.MTI <- 0b1, mip.STI <- 0b0)
mem[X,0x0000000080000824] -> 0x9073
mem[X,0x0000000080000826] -> 0x3A03
[194] [M]: 0x0000000080000824 (0x3A039073) csrrw x0, pmpcfg0, x7                    main+36
CSR pmpcfg0 (0x3A0) <- 0x000000000000000F

mem[X,0x0000000080000828] -> 0x0073
mem[X,0x000000008000082A] -> 0x1200
[195] [M]: 0x0000000080000828 (0x12000073) sfence.vma x0, x0                        main+40

clint mtime 0x0000000000000062 (mip.MTI <- 0b1, mip.STI <- 0b0)
mem[X,0x000000008000082C] -> 0x1073
mem[X,0x000000008000082E] -> 0x1800
[196] [M]: 0x000000008000082C (0x18001073) csrrw x0, satp, x0                       main+44
CSR satp (0x180) <- 0x0000000000000000

mem[X,0x0000000080000830] -> 0x0013
mem[X,0x0000000080000832] -> 0x0000
[197] [M]: 0x0000000080000830 (0x00000013) addi x0, x0, 0x0                         main+48

clint mtime 0x0000000000000063 (mip.MTI <- 0b1, mip.STI <- 0b0)
mem[X,0x0000000080000834] -> 0x0013
mem[X,0x0000000080000836] -> 0x0000
[198] [M]: 0x0000000080000834 (0x00000013) addi x0, x0, 0x0                         main+52

mem[X,0x0000000080000838] -> 0x0013
mem[X,0x000000008000083A] -> 0x0000
[199] [M]: 0x0000000080000838 (0x00000013) addi x0, x0, 0x0                         main+56

clint mtime 0x0000000000000064 (mip.MTI <- 0b1, mip.STI <- 0b0)
mem[X,0x000000008000083C] -> 0x0013
mem[X,0x000000008000083E] -> 0x0000
[200] [M]: 0x000000008000083C (0x00000013) addi x0, x0, 0x0                         main+60

mem[X,0x0000000080000840] -> 0x051B
mem[X,0x0000000080000842] -> 0x0000
[201] [M]: 0x0000000080000840 (0x0000051B) addiw x10, x0, 0x0                       main+64
x10 <- 0x0000000000000000

clint mtime 0x0000000000000065 (mip.MTI <- 0b1, mip.STI <- 0b0)
mem[X,0x0000000080000844] -> 0x0001
[202] [M]: 0x0000000080000844 (0x0001) c.nop                                        main+68

mem[X,0x0000000080000846] -> 0x0013
mem[X,0x0000000080000848] -> 0x0000
[203] [M]: 0x0000000080000846 (0x00000013) addi x0, x0, 0x0                         main+70

clint mtime 0x0000000000000066 (mip.MTI <- 0b1, mip.STI <- 0b0)
mem[X,0x000000008000084A] -> 0x0013
mem[X,0x000000008000084C] -> 0x0000
[204] [M]: 0x000000008000084A (0x00000013) addi x0, x0, 0x0                         main+74

mem[X,0x000000008000084E] -> 0x0013
mem[X,0x0000000080000850] -> 0x0000
[205] [M]: 0x000000008000084E (0x00000013) addi x0, x0, 0x0                         main+78

clint mtime 0x0000000000000067 (mip.MTI <- 0b1, mip.STI <- 0b0)
mem[X,0x0000000080000852] -> 0x0013
mem[X,0x0000000080000854] -> 0x0000
[206] [M]: 0x0000000080000852 (0x00000013) addi x0, x0, 0x0                         main+82

mem[X,0x0000000080000856] -> 0x0013
mem[X,0x0000000080000858] -> 0x0000
[207] [M]: 0x0000000080000856 (0x00000013) addi x0, x0, 0x0                         main+86

clint mtime 0x0000000000000068 (mip.MTI <- 0b1, mip.STI <- 0b0)
mem[X,0x000000008000085A] -> 0x0013
mem[X,0x000000008000085C] -> 0x0000
[208] [M]: 0x000000008000085A (0x00000013) addi x0, x0, 0x0                         main+90

mem[X,0x000000008000085E] -> 0x0001
[209] [M]: 0x000000008000085E (0x0001) c.nop                                        main+94

clint mtime 0x0000000000000069 (mip.MTI <- 0b1, mip.STI <- 0b0)
mem[X,0x0000000080000860] -> 0x0593
mem[X,0x0000000080000862] -> 0x0CB0
[210] [M]: 0x0000000080000860 (0x0CB00593) addi x11, x0, 0xcb                       main+96
x11 <- 0x00000000000000CB

mem[X,0x0000000080000864] -> 0x5513
mem[X,0x0000000080000866] -> 0x00C5
[211] [M]: 0x0000000080000864 (0x00C55513) srli x10, x10, 0xc                       main+100
x10 <- 0x0000000000000000

clint mtime 0x000000000000006A (mip.MTI <- 0b1, mip.STI <- 0b0)
mem[X,0x0000000080000868] -> 0x1513
mem[X,0x000000008000086A] -> 0x00A5
[212] [M]: 0x0000000080000868 (0x00A51513) slli x10, x10, 0xa                       main+104
x10 <- 0x0000000000000000

mem[X,0x000000008000086C] -> 0x6533
mem[X,0x000000008000086E] -> 0x00B5
[213] [M]: 0x000000008000086C (0x00B56533) or x10, x10, x11                         main+108
x10 <- 0x00000000000000CB

clint mtime 0x000000000000006B (mip.MTI <- 0b1, mip.STI <- 0b0)
mem[X,0x0000000080000870] -> 0x0013
mem[X,0x0000000080000872] -> 0x0000
[214] [M]: 0x0000000080000870 (0x00000013) addi x0, x0, 0x0                         main+112

mem[X,0x0000000080000874] -> 0x0013
mem[X,0x0000000080000876] -> 0x0000
[215] [M]: 0x0000000080000874 (0x00000013) addi x0, x0, 0x0                         main+116

clint mtime 0x000000000000006C (mip.MTI <- 0b1, mip.STI <- 0b0)
mem[X,0x0000000080000878] -> 0x0013
mem[X,0x000000008000087A] -> 0x0000
[216] [M]: 0x0000000080000878 (0x00000013) addi x0, x0, 0x0                         main+120

mem[X,0x000000008000087C] -> 0x0013
mem[X,0x000000008000087E] -> 0x0000
[217] [M]: 0x000000008000087C (0x00000013) addi x0, x0, 0x0                         main+124

clint mtime 0x000000000000006D (mip.MTI <- 0b1, mip.STI <- 0b0)
mem[X,0x0000000080000880] -> 0x8317
mem[X,0x0000000080000882] -> 0x0000
[218] [M]: 0x0000000080000880 (0x00008317) auipc x6, 0x8                            main+128
x6 <- 0x0000000080008880

mem[X,0x0000000080000884] -> 0x0313
mem[X,0x0000000080000886] -> 0x7803
[219] [M]: 0x0000000080000884 (0x78030313) addi x6, x6, 0x780                       main+132
x6 <- 0x0000000080009000

clint mtime 0x000000000000006E (mip.MTI <- 0b1, mip.STI <- 0b0)
mem[X,0x0000000080000888] -> 0x0001
[220] [M]: 0x0000000080000888 (0x0001) c.nop                                        main+136

mem[X,0x000000008000088A] -> 0x0013
mem[X,0x000000008000088C] -> 0x0000
[221] [M]: 0x000000008000088A (0x00000013) addi x0, x0, 0x0                         main+138

clint mtime 0x000000000000006F (mip.MTI <- 0b1, mip.STI <- 0b0)
mem[X,0x000000008000088E] -> 0x0013
mem[X,0x0000000080000890] -> 0x0000
[222] [M]: 0x000000008000088E (0x00000013) addi x0, x0, 0x0                         main+142

mem[X,0x0000000080000892] -> 0x0013
mem[X,0x0000000080000894] -> 0x0000
[223] [M]: 0x0000000080000892 (0x00000013) addi x0, x0, 0x0                         main+146

clint mtime 0x0000000000000070 (mip.MTI <- 0b1, mip.STI <- 0b0)
mem[X,0x0000000080000896] -> 0x0013
mem[X,0x0000000080000898] -> 0x0000
[224] [M]: 0x0000000080000896 (0x00000013) addi x0, x0, 0x0                         main+150

mem[X,0x000000008000089A] -> 0x0013
mem[X,0x000000008000089C] -> 0x0000
[225] [M]: 0x000000008000089A (0x00000013) addi x0, x0, 0x0                         main+154

clint mtime 0x0000000000000071 (mip.MTI <- 0b1, mip.STI <- 0b0)
mem[X,0x000000008000089E] -> 0x0001
[226] [M]: 0x000000008000089E (0x0001) c.nop                                        main+158

mem[X,0x00000000800008A0] -> 0x0293
mem[X,0x00000000800008A2] -> 0x0300
[227] [M]: 0x00000000800008A0 (0x03000293) addi x5, x0, 0x30                        main+160
x5 <- 0x0000000000000030

clint mtime 0x0000000000000072 (mip.MTI <- 0b1, mip.STI <- 0b0)
mem[X,0x00000000800008A4] -> 0x0333
mem[X,0x00000000800008A6] -> 0x0053
[228] [M]: 0x00000000800008A4 (0x00530333) add x6, x6, x5                           main+164
x6 <- 0x0000000080009030

mem[X,0x00000000800008A8] -> 0x3023
mem[X,0x00000000800008AA] -> 0x00A3
[229] [M]: 0x00000000800008A8 (0x00A33023) sd x10, 0x0(x6)                          main+168
mem[W,0x0000000080009030] <- 0x00000000000000CB

clint mtime 0x0000000000000073 (mip.MTI <- 0b1, mip.STI <- 0b0)
mem[X,0x00000000800008AC] -> 0x0073
mem[X,0x00000000800008AE] -> 0x1200
[230] [M]: 0x00000000800008AC (0x12000073) sfence.vma x0, x0                        main+172

mem[X,0x00000000800008B0] -> 0x0013
mem[X,0x00000000800008B2] -> 0x0000
[231] [M]: 0x00000000800008B0 (0x00000013) addi x0, x0, 0x0                         main+176

clint mtime 0x0000000000000074 (mip.MTI <- 0b1, mip.STI <- 0b0)
mem[X,0x00000000800008B4] -> 0x0013
mem[X,0x00000000800008B6] -> 0x0000
[232] [M]: 0x00000000800008B4 (0x00000013) addi x0, x0, 0x0                         main+180

mem[X,0x00000000800008B8] -> 0x0013
mem[X,0x00000000800008BA] -> 0x0000
[233] [M]: 0x00000000800008B8 (0x00000013) addi x0, x0, 0x0                         main+184

clint mtime 0x0000000000000075 (mip.MTI <- 0b1, mip.STI <- 0b0)
mem[X,0x00000000800008BC] -> 0x0013
mem[X,0x00000000800008BE] -> 0x0000
[234] [M]: 0x00000000800008BC (0x00000013) addi x0, x0, 0x0                         main+188

mem[X,0x00000000800008C0] -> 0x051B
mem[X,0x00000000800008C2] -> 0x0000
[235] [M]: 0x00000000800008C0 (0x0000051B) addiw x10, x0, 0x0                       main+192
x10 <- 0x0000000000000000

clint mtime 0x0000000000000076 (mip.MTI <- 0b1, mip.STI <- 0b0)
mem[X,0x00000000800008C4] -> 0x0001
[236] [M]: 0x00000000800008C4 (0x0001) c.nop                                        main+196

mem[X,0x00000000800008C6] -> 0x0013
mem[X,0x00000000800008C8] -> 0x0000
[237] [M]: 0x00000000800008C6 (0x00000013) addi x0, x0, 0x0                         main+198

clint mtime 0x0000000000000077 (mip.MTI <- 0b1, mip.STI <- 0b0)
mem[X,0x00000000800008CA] -> 0x0013
mem[X,0x00000000800008CC] -> 0x0000
[238] [M]: 0x00000000800008CA (0x00000013) addi x0, x0, 0x0                         main+202

mem[X,0x00000000800008CE] -> 0x0013
mem[X,0x00000000800008D0] -> 0x0000
[239] [M]: 0x00000000800008CE (0x00000013) addi x0, x0, 0x0                         main+206

clint mtime 0x0000000000000078 (mip.MTI <- 0b1, mip.STI <- 0b0)
mem[X,0x00000000800008D2] -> 0x0013
mem[X,0x00000000800008D4] -> 0x0000
[240] [M]: 0x00000000800008D2 (0x00000013) addi x0, x0, 0x0                         main+210

mem[X,0x00000000800008D6] -> 0x0013
mem[X,0x00000000800008D8] -> 0x0000
[241] [M]: 0x00000000800008D6 (0x00000013) addi x0, x0, 0x0                         main+214

clint mtime 0x0000000000000079 (mip.MTI <- 0b1, mip.STI <- 0b0)
mem[X,0x00000000800008DA] -> 0x0013
mem[X,0x00000000800008DC] -> 0x0000
[242] [M]: 0x00000000800008DA (0x00000013) addi x0, x0, 0x0                         main+218

mem[X,0x00000000800008DE] -> 0x0001
[243] [M]: 0x00000000800008DE (0x0001) c.nop                                        main+222

clint mtime 0x000000000000007A (mip.MTI <- 0b1, mip.STI <- 0b0)
mem[X,0x00000000800008E0] -> 0x0593
mem[X,0x00000000800008E2] -> 0x0CF0
[244] [M]: 0x00000000800008E0 (0x0CF00593) addi x11, x0, 0xcf                       main+224
x11 <- 0x00000000000000CF

mem[X,0x00000000800008E4] -> 0x5513
mem[X,0x00000000800008E6] -> 0x00C5
[245] [M]: 0x00000000800008E4 (0x00C55513) srli x10, x10, 0xc                       main+228
x10 <- 0x0000000000000000

clint mtime 0x000000000000007B (mip.MTI <- 0b1, mip.STI <- 0b0)
mem[X,0x00000000800008E8] -> 0x1513
mem[X,0x00000000800008EA] -> 0x00A5
[246] [M]: 0x00000000800008E8 (0x00A51513) slli x10, x10, 0xa                       main+232
x10 <- 0x0000000000000000

mem[X,0x00000000800008EC] -> 0x6533
mem[X,0x00000000800008EE] -> 0x00B5
[247] [M]: 0x00000000800008EC (0x00B56533) or x10, x10, x11                         main+236
x10 <- 0x00000000000000CF

clint mtime 0x000000000000007C (mip.MTI <- 0b1, mip.STI <- 0b0)
mem[X,0x00000000800008F0] -> 0x0013
mem[X,0x00000000800008F2] -> 0x0000
[248] [M]: 0x00000000800008F0 (0x00000013) addi x0, x0, 0x0                         main+240

mem[X,0x00000000800008F4] -> 0x0013
mem[X,0x00000000800008F6] -> 0x0000
[249] [M]: 0x00000000800008F4 (0x00000013) addi x0, x0, 0x0                         main+244

clint mtime 0x000000000000007D (mip.MTI <- 0b1, mip.STI <- 0b0)
mem[X,0x00000000800008F8] -> 0x0013
mem[X,0x00000000800008FA] -> 0x0000
[250] [M]: 0x00000000800008F8 (0x00000013) addi x0, x0, 0x0                         main+248

mem[X,0x00000000800008FC] -> 0x0013
mem[X,0x00000000800008FE] -> 0x0000
[251] [M]: 0x00000000800008FC (0x00000013) addi x0, x0, 0x0                         main+252

clint mtime 0x000000000000007E (mip.MTI <- 0b1, mip.STI <- 0b0)
mem[X,0x0000000080000900] -> 0x8317
mem[X,0x0000000080000902] -> 0x0000
[252] [M]: 0x0000000080000900 (0x00008317) auipc x6, 0x8                            main+256
x6 <- 0x0000000080008900

mem[X,0x0000000080000904] -> 0x0313
mem[X,0x0000000080000906] -> 0x7003
[253] [M]: 0x0000000080000904 (0x70030313) addi x6, x6, 0x700                       main+260
x6 <- 0x0000000080009000

clint mtime 0x000000000000007F (mip.MTI <- 0b1, mip.STI <- 0b0)
mem[X,0x0000000080000908] -> 0x0001
[254] [M]: 0x0000000080000908 (0x0001) c.nop                                        main+264

mem[X,0x000000008000090A] -> 0x0013
mem[X,0x000000008000090C] -> 0x0000
[255] [M]: 0x000000008000090A (0x00000013) addi x0, x0, 0x0                         main+266

clint mtime 0x0000000000000080 (mip.MTI <- 0b1, mip.STI <- 0b0)
mem[X,0x000000008000090E] -> 0x0013
mem[X,0x0000000080000910] -> 0x0000
[256] [M]: 0x000000008000090E (0x00000013) addi x0, x0, 0x0                         main+270

mem[X,0x0000000080000912] -> 0x0013
mem[X,0x0000000080000914] -> 0x0000
[257] [M]: 0x0000000080000912 (0x00000013) addi x0, x0, 0x0                         main+274

clint mtime 0x0000000000000081 (mip.MTI <- 0b1, mip.STI <- 0b0)
mem[X,0x0000000080000916] -> 0x0013
mem[X,0x0000000080000918] -> 0x0000
[258] [M]: 0x0000000080000916 (0x00000013) addi x0, x0, 0x0                         main+278

mem[X,0x000000008000091A] -> 0x0013
mem[X,0x000000008000091C] -> 0x0000
[259] [M]: 0x000000008000091A (0x00000013) addi x0, x0, 0x0                         main+282

clint mtime 0x0000000000000082 (mip.MTI <- 0b1, mip.STI <- 0b0)
mem[X,0x000000008000091E] -> 0x0001
[260] [M]: 0x000000008000091E (0x0001) c.nop                                        main+286

mem[X,0x0000000080000920] -> 0x0293
mem[X,0x0000000080000922] -> 0x0380
[261] [M]: 0x0000000080000920 (0x03800293) addi x5, x0, 0x38                        main+288
x5 <- 0x0000000000000038

clint mtime 0x0000000000000083 (mip.MTI <- 0b1, mip.STI <- 0b0)
mem[X,0x0000000080000924] -> 0x0333
mem[X,0x0000000080000926] -> 0x0053
[262] [M]: 0x0000000080000924 (0x00530333) add x6, x6, x5                           main+292
x6 <- 0x0000000080009038

mem[X,0x0000000080000928] -> 0x3023
mem[X,0x000000008000092A] -> 0x00A3
[263] [M]: 0x0000000080000928 (0x00A33023) sd x10, 0x0(x6)                          main+296
mem[W,0x0000000080009038] <- 0x00000000000000CF

clint mtime 0x0000000000000084 (mip.MTI <- 0b1, mip.STI <- 0b0)
mem[X,0x000000008000092C] -> 0x0073
mem[X,0x000000008000092E] -> 0x1200
[264] [M]: 0x000000008000092C (0x12000073) sfence.vma x0, x0                        main+300

mem[X,0x0000000080000930] -> 0x02B7
mem[X,0x0000000080000932] -> 0x0000
[265] [M]: 0x0000000080000930 (0x000002B7) lui x5, 0x0                              main+304
x5 <- 0x0000000000000000

clint mtime 0x0000000000000085 (mip.MTI <- 0b1, mip.STI <- 0b0)
mem[X,0x0000000080000934] -> 0x8293
mem[X,0x0000000080000936] -> 0x3802
[266] [M]: 0x0000000080000934 (0x38028293) addi x5, x5, 0x380                       main+308
x5 <- 0x0000000000000380

mem[X,0x0000000080000938] -> 0x9293
mem[X,0x000000008000093A] -> 0x00B2
[267] [M]: 0x0000000080000938 (0x00B29293) slli x5, x5, 0xb                         main+312
x5 <- 0x00000000001C0000

clint mtime 0x0000000000000086 (mip.MTI <- 0b1, mip.STI <- 0b0)
mem[X,0x000000008000093C] -> 0x8293
mem[X,0x000000008000093E] -> 0x4002
[268] [M]: 0x000000008000093C (0x40028293) addi x5, x5, 0x400                       main+316
x5 <- 0x00000000001C0400

mem[X,0x0000000080000940] -> 0x9293
mem[X,0x0000000080000942] -> 0x00B2
[269] [M]: 0x0000000080000940 (0x00B29293) slli x5, x5, 0xb                         main+320
x5 <- 0x00000000E0200000

clint mtime 0x0000000000000087 (mip.MTI <- 0b1, mip.STI <- 0b0)
mem[X,0x0000000080000944] -> 0x8293
mem[X,0x0000000080000946] -> 0x0152
[270] [M]: 0x0000000080000944 (0x01528293) addi x5, x5, 0x15                        main+324
x5 <- 0x00000000E0200015

mem[X,0x0000000080000948] -> 0x9293
mem[X,0x000000008000094A] -> 0x00A2
[271] [M]: 0x0000000080000948 (0x00A29293) slli x5, x5, 0xa                         main+328
x5 <- 0x0000038080005400

clint mtime 0x0000000000000088 (mip.MTI <- 0b1, mip.STI <- 0b0)
mem[X,0x000000008000094C] -> 0x8293
mem[X,0x000000008000094E] -> 0x1302
[272] [M]: 0x000000008000094C (0x13028293) addi x5, x5, 0x130                       main+332
x5 <- 0x0000038080005530

mem[X,0x0000000080000950] -> 0x0013
mem[X,0x0000000080000952] -> 0x0000
[273] [M]: 0x0000000080000950 (0x00000013) addi x0, x0, 0x0                         main+336

clint mtime 0x0000000000000089 (mip.MTI <- 0b1, mip.STI <- 0b0)
mem[X,0x0000000080000954] -> 0x0013
mem[X,0x0000000080000956] -> 0x0000
[274] [M]: 0x0000000080000954 (0x00000013) addi x0, x0, 0x0                         main+340

mem[X,0x0000000080000958] -> 0x0013
mem[X,0x000000008000095A] -> 0x0000
[275] [M]: 0x0000000080000958 (0x00000013) addi x0, x0, 0x0                         main+344

clint mtime 0x000000000000008A (mip.MTI <- 0b1, mip.STI <- 0b0)
mem[X,0x000000008000095C] -> 0x0013
mem[X,0x000000008000095E] -> 0x0000
[276] [M]: 0x000000008000095C (0x00000013) addi x0, x0, 0x0                         main+348

mem[X,0x0000000080000960] -> 0x5317
mem[X,0x0000000080000962] -> 0x0000
[277] [M]: 0x0000000080000960 (0x00005317) auipc x6, 0x5                            main+352
x6 <- 0x0000000080005960

clint mtime 0x000000000000008B (mip.MTI <- 0b1, mip.STI <- 0b0)
mem[X,0x0000000080000964] -> 0x0313
mem[X,0x0000000080000966] -> 0xBD03
[278] [M]: 0x0000000080000964 (0xBD030313) addi x6, x6, -0x430                      main+356
x6 <- 0x0000000080005530

mem[X,0x0000000080000968] -> 0x0001
[279] [M]: 0x0000000080000968 (0x0001) c.nop                                        main+360

clint mtime 0x000000000000008C (mip.MTI <- 0b1, mip.STI <- 0b0)
mem[X,0x000000008000096A] -> 0x0013
mem[X,0x000000008000096C] -> 0x0000
[280] [M]: 0x000000008000096A (0x00000013) addi x0, x0, 0x0                         main+362

mem[X,0x000000008000096E] -> 0x0013
mem[X,0x0000000080000970] -> 0x0000
[281] [M]: 0x000000008000096E (0x00000013) addi x0, x0, 0x0                         main+366

clint mtime 0x000000000000008D (mip.MTI <- 0b1, mip.STI <- 0b0)
mem[X,0x0000000080000972] -> 0x0013
mem[X,0x0000000080000974] -> 0x0000
[282] [M]: 0x0000000080000972 (0x00000013) addi x0, x0, 0x0                         main+370

mem[X,0x0000000080000976] -> 0x0013
mem[X,0x0000000080000978] -> 0x0000
[283] [M]: 0x0000000080000976 (0x00000013) addi x0, x0, 0x0                         main+374

clint mtime 0x000000000000008E (mip.MTI <- 0b1, mip.STI <- 0b0)
mem[X,0x000000008000097A] -> 0x0013
mem[X,0x000000008000097C] -> 0x0000
[284] [M]: 0x000000008000097A (0x00000013) addi x0, x0, 0x0                         main+378

mem[X,0x000000008000097E] -> 0x0001
[285] [M]: 0x000000008000097E (0x0001) c.nop                                        main+382

clint mtime 0x000000000000008F (mip.MTI <- 0b1, mip.STI <- 0b0)
mem[X,0x0000000080000980] -> 0x82B3
mem[X,0x0000000080000982] -> 0x4062
[286] [M]: 0x0000000080000980 (0x406282B3) sub x5, x5, x6                           main+384
x5 <- 0x0000038000000000

mem[X,0x0000000080000984] -> 0x8E13
mem[X,0x0000000080000986] -> 0x2982
[287] [M]: 0x0000000080000984 (0x29828E13) addi x28, x5, 0x298                      main+388
x28 <- 0x0000038000000298

clint mtime 0x0000000000000090 (mip.MTI <- 0b1, mip.STI <- 0b0)
mem[X,0x0000000080000988] -> 0x2173
mem[X,0x000000008000098A] -> 0x3400
[288] [M]: 0x0000000080000988 (0x34002173) csrrs x2, mscratch, x0                   main+392
CSR mscratch (0x340) -> 0x0000000080005000
x2 <- 0x0000000080005000

mem[X,0x000000008000098C] -> 0x0333
mem[X,0x000000008000098E] -> 0x01C1
[289] [M]: 0x000000008000098C (0x01C10333) add x6, x2, x28                          main+396
x6 <- 0x0000038080005298

clint mtime 0x0000000000000091 (mip.MTI <- 0b1, mip.STI <- 0b0)
mem[X,0x0000000080000990] -> 0x1073
mem[X,0x0000000080000992] -> 0x1403
[290] [M]: 0x0000000080000990 (0x14031073) csrrw x0, sscratch, x6                   main+400
CSR sscratch (0x140) <- 0x0000038080005298

mem[X,0x0000000080000994] -> 0x2173
mem[X,0x0000000080000996] -> 0x3400
[291] [M]: 0x0000000080000994 (0x34002173) csrrs x2, mscratch, x0                   main+404
CSR mscratch (0x340) -> 0x0000000080005000
x2 <- 0x0000000080005000

clint mtime 0x0000000000000092 (mip.MTI <- 0b1, mip.STI <- 0b0)
mem[X,0x0000000080000998] -> 0x02B7
mem[X,0x000000008000099A] -> 0x0000
[292] [M]: 0x0000000080000998 (0x000002B7) lui x5, 0x0                              main+408
x5 <- 0x0000000000000000

mem[X,0x000000008000099C] -> 0x8293
mem[X,0x000000008000099E] -> 0x3002
[293] [M]: 0x000000008000099C (0x30028293) addi x5, x5, 0x300                       main+412
x5 <- 0x0000000000000300

clint mtime 0x0000000000000093 (mip.MTI <- 0b1, mip.STI <- 0b0)
mem[X,0x00000000800009A0] -> 0x9293
mem[X,0x00000000800009A2] -> 0x00B2
[294] [M]: 0x00000000800009A0 (0x00B29293) slli x5, x5, 0xb                         main+416
x5 <- 0x0000000000180000

mem[X,0x00000000800009A4] -> 0x8293
mem[X,0x00000000800009A6] -> 0x4002
[295] [M]: 0x00000000800009A4 (0x40028293) addi x5, x5, 0x400                       main+420
x5 <- 0x0000000000180400

clint mtime 0x0000000000000094 (mip.MTI <- 0b1, mip.STI <- 0b0)
mem[X,0x00000000800009A8] -> 0x9293
mem[X,0x00000000800009AA] -> 0x00B2
[296] [M]: 0x00000000800009A8 (0x00B29293) slli x5, x5, 0xb                         main+424
x5 <- 0x00000000C0200000

mem[X,0x00000000800009AC] -> 0x8293
mem[X,0x00000000800009AE] -> 0x0012
[297] [M]: 0x00000000800009AC (0x00128293) addi x5, x5, 0x1                         main+428
x5 <- 0x00000000C0200001

clint mtime 0x0000000000000095 (mip.MTI <- 0b1, mip.STI <- 0b0)
mem[X,0x00000000800009B0] -> 0x9293
mem[X,0x00000000800009B2] -> 0x00A2
[298] [M]: 0x00000000800009B0 (0x00A29293) slli x5, x5, 0xa                         main+432
x5 <- 0x0000030080000400

mem[X,0x00000000800009B4] -> 0x8293
mem[X,0x00000000800009B6] -> 0x3BC2
[299] [M]: 0x00000000800009B4 (0x3BC28293) addi x5, x5, 0x3bc                       main+436
x5 <- 0x00000300800007BC

clint mtime 0x0000000000000096 (mip.MTI <- 0b1, mip.STI <- 0b0)
mem[X,0x00000000800009B8] -> 0x0013
mem[X,0x00000000800009BA] -> 0x0000
[300] [M]: 0x00000000800009B8 (0x00000013) addi x0, x0, 0x0                         main+440

mem[X,0x00000000800009BC] -> 0x0013
mem[X,0x00000000800009BE] -> 0x0000
[301] [M]: 0x00000000800009BC (0x00000013) addi x0, x0, 0x0                         main+444

clint mtime 0x0000000000000097 (mip.MTI <- 0b1, mip.STI <- 0b0)
mem[X,0x00000000800009C0] -> 0x0317
mem[X,0x00000000800009C2] -> 0x0000
[302] [M]: 0x00000000800009C0 (0x00000317) auipc x6, 0x0                            main+448
x6 <- 0x00000000800009C0

mem[X,0x00000000800009C4] -> 0x0313
mem[X,0x00000000800009C6] -> 0xE143
[303] [M]: 0x00000000800009C4 (0xE1430313) addi x6, x6, -0x1ec                      main+452
x6 <- 0x00000000800007D4

clint mtime 0x0000000000000098 (mip.MTI <- 0b1, mip.STI <- 0b0)
mem[X,0x00000000800009C8] -> 0x0001
[304] [M]: 0x00000000800009C8 (0x0001) c.nop                                        main+456

mem[X,0x00000000800009CA] -> 0x0013
mem[X,0x00000000800009CC] -> 0x0000
[305] [M]: 0x00000000800009CA (0x00000013) addi x0, x0, 0x0                         main+458

clint mtime 0x0000000000000099 (mip.MTI <- 0b1, mip.STI <- 0b0)
mem[X,0x00000000800009CE] -> 0x0013
mem[X,0x00000000800009D0] -> 0x0000
[306] [M]: 0x00000000800009CE (0x00000013) addi x0, x0, 0x0                         main+462

mem[X,0x00000000800009D2] -> 0x0013
mem[X,0x00000000800009D4] -> 0x0000
[307] [M]: 0x00000000800009D2 (0x00000013) addi x0, x0, 0x0                         main+466

clint mtime 0x000000000000009A (mip.MTI <- 0b1, mip.STI <- 0b0)
mem[X,0x00000000800009D6] -> 0x0013
mem[X,0x00000000800009D8] -> 0x0000
[308] [M]: 0x00000000800009D6 (0x00000013) addi x0, x0, 0x0                         main+470

mem[X,0x00000000800009DA] -> 0x0013
mem[X,0x00000000800009DC] -> 0x0000
[309] [M]: 0x00000000800009DA (0x00000013) addi x0, x0, 0x0                         main+474

clint mtime 0x000000000000009B (mip.MTI <- 0b1, mip.STI <- 0b0)
mem[X,0x00000000800009DE] -> 0x0001
[310] [M]: 0x00000000800009DE (0x0001) c.nop                                        main+478

mem[X,0x00000000800009E0] -> 0x82B3
mem[X,0x00000000800009E2] -> 0x4062
[311] [M]: 0x00000000800009E0 (0x406282B3) sub x5, x5, x6                           main+480
x5 <- 0x000002FFFFFFFFE8

clint mtime 0x000000000000009C (mip.MTI <- 0b1, mip.STI <- 0b0)
mem[X,0x00000000800009E4] -> 0x3303
mem[X,0x00000000800009E6] -> 0x1D81
[312] [M]: 0x00000000800009E4 (0x1D813303) ld x6, 0x1d8(x2)                         main+484
mem[R,0x00000000800051D8] -> 0x00000000800007D4
x6 <- 0x00000000800007D4

mem[X,0x00000000800009E8] -> 0x03B3
mem[X,0x00000000800009EA] -> 0x0053
[313] [M]: 0x00000000800009E8 (0x005303B3) add x7, x6, x5                           main+488
x7 <- 0x00000300800007BC

clint mtime 0x000000000000009D (mip.MTI <- 0b1, mip.STI <- 0b0)
mem[X,0x00000000800009EC] -> 0x3823
mem[X,0x00000000800009EE] -> 0x4671
[314] [M]: 0x00000000800009EC (0x46713823) sd x7, 0x470(x2)                         main+492
mem[W,0x0000000080005470] <- 0x00000300800007BC

mem[X,0x00000000800009F0] -> 0x02B7
mem[X,0x00000000800009F2] -> 0x0000
[315] [M]: 0x00000000800009F0 (0x000002B7) lui x5, 0x0                              main+496
x5 <- 0x0000000000000000

clint mtime 0x000000000000009E (mip.MTI <- 0b1, mip.STI <- 0b0)
mem[X,0x00000000800009F4] -> 0x8293
mem[X,0x00000000800009F6] -> 0x3802
[316] [M]: 0x00000000800009F4 (0x38028293) addi x5, x5, 0x380                       main+500
x5 <- 0x0000000000000380

mem[X,0x00000000800009F8] -> 0x9293
mem[X,0x00000000800009FA] -> 0x00B2
[317] [M]: 0x00000000800009F8 (0x00B29293) slli x5, x5, 0xb                         main+504
x5 <- 0x00000000001C0000

clint mtime 0x000000000000009F (mip.MTI <- 0b1, mip.STI <- 0b0)
mem[X,0x00000000800009FC] -> 0x8293
mem[X,0x00000000800009FE] -> 0x4002
[318] [M]: 0x00000000800009FC (0x40028293) addi x5, x5, 0x400                       main+508
x5 <- 0x00000000001C0400

mem[X,0x0000000080000A00] -> 0x9293
mem[X,0x0000000080000A02] -> 0x00B2
[319] [M]: 0x0000000080000A00 (0x00B29293) slli x5, x5, 0xb                         main+512
x5 <- 0x00000000E0200000

clint mtime 0x00000000000000A0 (mip.MTI <- 0b1, mip.STI <- 0b0)
mem[X,0x0000000080000A04] -> 0x8293
mem[X,0x0000000080000A06] -> 0x0152
[320] [M]: 0x0000000080000A04 (0x01528293) addi x5, x5, 0x15                        main+516
x5 <- 0x00000000E0200015

mem[X,0x0000000080000A08] -> 0x9293
mem[X,0x0000000080000A0A] -> 0x00A2
[321] [M]: 0x0000000080000A08 (0x00A29293) slli x5, x5, 0xa                         main+520
x5 <- 0x0000038080005400

clint mtime 0x00000000000000A1 (mip.MTI <- 0b1, mip.STI <- 0b0)
mem[X,0x0000000080000A0C] -> 0x8293
mem[X,0x0000000080000A0E] -> 0x1302
[322] [M]: 0x0000000080000A0C (0x13028293) addi x5, x5, 0x130                       main+524
x5 <- 0x0000038080005530

mem[X,0x0000000080000A10] -> 0x0013
mem[X,0x0000000080000A12] -> 0x0000
[323] [M]: 0x0000000080000A10 (0x00000013) addi x0, x0, 0x0                         main+528

clint mtime 0x00000000000000A2 (mip.MTI <- 0b1, mip.STI <- 0b0)
mem[X,0x0000000080000A14] -> 0x0013
mem[X,0x0000000080000A16] -> 0x0000
[324] [M]: 0x0000000080000A14 (0x00000013) addi x0, x0, 0x0                         main+532

mem[X,0x0000000080000A18] -> 0x0013
mem[X,0x0000000080000A1A] -> 0x0000
[325] [M]: 0x0000000080000A18 (0x00000013) addi x0, x0, 0x0                         main+536

clint mtime 0x00000000000000A3 (mip.MTI <- 0b1, mip.STI <- 0b0)
mem[X,0x0000000080000A1C] -> 0x0013
mem[X,0x0000000080000A1E] -> 0x0000
[326] [M]: 0x0000000080000A1C (0x00000013) addi x0, x0, 0x0                         main+540

mem[X,0x0000000080000A20] -> 0x5317
mem[X,0x0000000080000A22] -> 0x0000
[327] [M]: 0x0000000080000A20 (0x00005317) auipc x6, 0x5                            main+544
x6 <- 0x0000000080005A20

clint mtime 0x00000000000000A4 (mip.MTI <- 0b1, mip.STI <- 0b0)
mem[X,0x0000000080000A24] -> 0x0313
mem[X,0x0000000080000A26] -> 0xB103
[328] [M]: 0x0000000080000A24 (0xB1030313) addi x6, x6, -0x4f0                      main+548
x6 <- 0x0000000080005530

mem[X,0x0000000080000A28] -> 0x0001
[329] [M]: 0x0000000080000A28 (0x0001) c.nop                                        main+552

clint mtime 0x00000000000000A5 (mip.MTI <- 0b1, mip.STI <- 0b0)
mem[X,0x0000000080000A2A] -> 0x0013
mem[X,0x0000000080000A2C] -> 0x0000
[330] [M]: 0x0000000080000A2A (0x00000013) addi x0, x0, 0x0                         main+554

mem[X,0x0000000080000A2E] -> 0x0013
mem[X,0x0000000080000A30] -> 0x0000
[331] [M]: 0x0000000080000A2E (0x00000013) addi x0, x0, 0x0                         main+558

clint mtime 0x00000000000000A6 (mip.MTI <- 0b1, mip.STI <- 0b0)
mem[X,0x0000000080000A32] -> 0x0013
mem[X,0x0000000080000A34] -> 0x0000
[332] [M]: 0x0000000080000A32 (0x00000013) addi x0, x0, 0x0                         main+562

mem[X,0x0000000080000A36] -> 0x0013
mem[X,0x0000000080000A38] -> 0x0000
[333] [M]: 0x0000000080000A36 (0x00000013) addi x0, x0, 0x0                         main+566

clint mtime 0x00000000000000A7 (mip.MTI <- 0b1, mip.STI <- 0b0)
mem[X,0x0000000080000A3A] -> 0x0013
mem[X,0x0000000080000A3C] -> 0x0000
[334] [M]: 0x0000000080000A3A (0x00000013) addi x0, x0, 0x0                         main+570

mem[X,0x0000000080000A3E] -> 0x0001
[335] [M]: 0x0000000080000A3E (0x0001) c.nop                                        main+574

clint mtime 0x00000000000000A8 (mip.MTI <- 0b1, mip.STI <- 0b0)
mem[X,0x0000000080000A40] -> 0x82B3
mem[X,0x0000000080000A42] -> 0x4062
[336] [M]: 0x0000000080000A40 (0x406282B3) sub x5, x5, x6                           main+576
x5 <- 0x0000038000000000

mem[X,0x0000000080000A44] -> 0x3303
mem[X,0x0000000080000A46] -> 0x1E81
[337] [M]: 0x0000000080000A44 (0x1E813303) ld x6, 0x1e8(x2)                         main+580
mem[R,0x00000000800051E8] -> 0x0000000080005530
x6 <- 0x0000000080005530

clint mtime 0x00000000000000A9 (mip.MTI <- 0b1, mip.STI <- 0b0)
mem[X,0x0000000080000A48] -> 0x03B3
mem[X,0x0000000080000A4A] -> 0x0053
[338] [M]: 0x0000000080000A48 (0x005303B3) add x7, x6, x5                           main+584
x7 <- 0x0000038080005530

mem[X,0x0000000080000A4C] -> 0x3023
mem[X,0x0000000080000A4E] -> 0x4871
[339] [M]: 0x0000000080000A4C (0x48713023) sd x7, 0x480(x2)                         main+588
mem[W,0x0000000080005480] <- 0x0000038080005530

clint mtime 0x00000000000000AA (mip.MTI <- 0b1, mip.STI <- 0b0)
mem[X,0x0000000080000A50] -> 0x0013
mem[X,0x0000000080000A52] -> 0x0000
[340] [M]: 0x0000000080000A50 (0x00000013) addi x0, x0, 0x0                         main+592

mem[X,0x0000000080000A54] -> 0x0013
mem[X,0x0000000080000A56] -> 0x0000
[341] [M]: 0x0000000080000A54 (0x00000013) addi x0, x0, 0x0                         main+596

clint mtime 0x00000000000000AB (mip.MTI <- 0b1, mip.STI <- 0b0)
mem[X,0x0000000080000A58] -> 0x0013
mem[X,0x0000000080000A5A] -> 0x0000
[342] [M]: 0x0000000080000A58 (0x00000013) addi x0, x0, 0x0                         main+600

mem[X,0x0000000080000A5C] -> 0x0013
mem[X,0x0000000080000A5E] -> 0x0000
[343] [M]: 0x0000000080000A5C (0x00000013) addi x0, x0, 0x0                         main+604

clint mtime 0x00000000000000AC (mip.MTI <- 0b1, mip.STI <- 0b0)
mem[X,0x0000000080000A60] -> 0x8F97
mem[X,0x0000000080000A62] -> 0x0000
[344] [M]: 0x0000000080000A60 (0x00008F97) auipc x31, 0x8                           main+608
x31 <- 0x0000000080008A60

mem[X,0x0000000080000A64] -> 0x8F93
mem[X,0x0000000080000A66] -> 0x5A0F
[345] [M]: 0x0000000080000A64 (0x5A0F8F93) addi x31, x31, 0x5a0                     main+612
x31 <- 0x0000000080009000

clint mtime 0x00000000000000AD (mip.MTI <- 0b1, mip.STI <- 0b0)
mem[X,0x0000000080000A68] -> 0x0001
[346] [M]: 0x0000000080000A68 (0x0001) c.nop                                        main+616

mem[X,0x0000000080000A6A] -> 0x0013
mem[X,0x0000000080000A6C] -> 0x0000
[347] [M]: 0x0000000080000A6A (0x00000013) addi x0, x0, 0x0                         main+618

clint mtime 0x00000000000000AE (mip.MTI <- 0b1, mip.STI <- 0b0)
mem[X,0x0000000080000A6E] -> 0x0013
mem[X,0x0000000080000A70] -> 0x0000
[348] [M]: 0x0000000080000A6E (0x00000013) addi x0, x0, 0x0                         main+622

mem[X,0x0000000080000A72] -> 0x0013
mem[X,0x0000000080000A74] -> 0x0000
[349] [M]: 0x0000000080000A72 (0x00000013) addi x0, x0, 0x0                         main+626

clint mtime 0x00000000000000AF (mip.MTI <- 0b1, mip.STI <- 0b0)
mem[X,0x0000000080000A76] -> 0x0013
mem[X,0x0000000080000A78] -> 0x0000
[350] [M]: 0x0000000080000A76 (0x00000013) addi x0, x0, 0x0                         main+630

mem[X,0x0000000080000A7A] -> 0x0013
mem[X,0x0000000080000A7C] -> 0x0000
[351] [M]: 0x0000000080000A7A (0x00000013) addi x0, x0, 0x0                         main+634

clint mtime 0x00000000000000B0 (mip.MTI <- 0b1, mip.STI <- 0b0)
mem[X,0x0000000080000A7E] -> 0x0001
[352] [M]: 0x0000000080000A7E (0x0001) c.nop                                        main+638

mem[X,0x0000000080000A80] -> 0x0F13
mem[X,0x0000000080000A82] -> 0x0090
[353] [M]: 0x0000000080000A80 (0x00900F13) addi x30, x0, 0x9                        main+640
x30 <- 0x0000000000000009

clint mtime 0x00000000000000B1 (mip.MTI <- 0b1, mip.STI <- 0b0)
mem[X,0x0000000080000A84] -> 0x1F13
mem[X,0x0000000080000A86] -> 0x03CF
[354] [M]: 0x0000000080000A84 (0x03CF1F13) slli x30, x30, 0x3c                      main+644
x30 <- 0x9000000000000000

mem[X,0x0000000080000A88] -> 0xDF93
mem[X,0x0000000080000A8A] -> 0x00CF
[355] [M]: 0x0000000080000A88 (0x00CFDF93) srli x31, x31, 0xc                       main+648
x31 <- 0x0000000000080009

clint mtime 0x00000000000000B2 (mip.MTI <- 0b1, mip.STI <- 0b0)
mem[X,0x0000000080000A8C] -> 0xEFB3
mem[X,0x0000000080000A8E] -> 0x01EF
[356] [M]: 0x0000000080000A8C (0x01EFEFB3) or x31, x31, x30                         main+652
x31 <- 0x9000000000080009

mem[X,0x0000000080000A90] -> 0x9073
mem[X,0x0000000080000A92] -> 0x180F
[357] [M]: 0x0000000080000A90 (0x180F9073) csrrw x0, satp, x31                      main+656
CSR satp (0x180) <- 0x9000000000080009

clint mtime 0x00000000000000B3 (mip.MTI <- 0b1, mip.STI <- 0b0)
mem[X,0x0000000080000A94] -> 0x0073
mem[X,0x0000000080000A96] -> 0x1200
[358] [M]: 0x0000000080000A94 (0x12000073) sfence.vma x0, x0                        main+660

mem[X,0x0000000080000A98] -> 0x0BB7
mem[X,0x0000000080000A9A] -> 0x0004
[359] [M]: 0x0000000080000A98 (0x00040BB7) lui x23, 0x40                            main+664
x23 <- 0x0000000000040000

clint mtime 0x00000000000000B4 (mip.MTI <- 0b1, mip.STI <- 0b0)
mem[X,0x0000000080000A9C] -> 0xA073
mem[X,0x0000000080000A9E] -> 0x300B
[360] [M]: 0x0000000080000A9C (0x300BA073) csrrs x0, mstatus, x23                   main+668
CSR mstatus (0x300) <- 0x0000000A00040000

mem[X,0x0000000080000AA0] -> 0x051B
mem[X,0x0000000080000AA2] -> 0x0000
[361] [M]: 0x0000000080000AA0 (0x0000051B) addiw x10, x0, 0x0                       main+672
x10 <- 0x0000000000000000

clint mtime 0x00000000000000B5 (mip.MTI <- 0b1, mip.STI <- 0b0)
mem[X,0x0000000080000AA4] -> 0x0001
[362] [M]: 0x0000000080000AA4 (0x0001) c.nop                                        main+676

mem[X,0x0000000080000AA6] -> 0x0013
mem[X,0x0000000080000AA8] -> 0x0000
[363] [M]: 0x0000000080000AA6 (0x00000013) addi x0, x0, 0x0                         main+678

clint mtime 0x00000000000000B6 (mip.MTI <- 0b1, mip.STI <- 0b0)
mem[X,0x0000000080000AAA] -> 0x0013
mem[X,0x0000000080000AAC] -> 0x0000
[364] [M]: 0x0000000080000AAA (0x00000013) addi x0, x0, 0x0                         main+682

mem[X,0x0000000080000AAE] -> 0x0013
mem[X,0x0000000080000AB0] -> 0x0000
[365] [M]: 0x0000000080000AAE (0x00000013) addi x0, x0, 0x0                         main+686

clint mtime 0x00000000000000B7 (mip.MTI <- 0b1, mip.STI <- 0b0)
mem[X,0x0000000080000AB2] -> 0x0013
mem[X,0x0000000080000AB4] -> 0x0000
[366] [M]: 0x0000000080000AB2 (0x00000013) addi x0, x0, 0x0                         main+690

mem[X,0x0000000080000AB6] -> 0x0013
mem[X,0x0000000080000AB8] -> 0x0000
[367] [M]: 0x0000000080000AB6 (0x00000013) addi x0, x0, 0x0                         main+694

clint mtime 0x00000000000000B8 (mip.MTI <- 0b1, mip.STI <- 0b0)
mem[X,0x0000000080000ABA] -> 0x0013
mem[X,0x0000000080000ABC] -> 0x0000
[368] [M]: 0x0000000080000ABA (0x00000013) addi x0, x0, 0x0                         main+698

mem[X,0x0000000080000ABE] -> 0x0001
[369] [M]: 0x0000000080000ABE (0x0001) c.nop                                        main+702

clint mtime 0x00000000000000B9 (mip.MTI <- 0b1, mip.STI <- 0b0)
mem[X,0x0000000080000AC0] -> 0x0593
mem[X,0x0000000080000AC2] -> 0x0CF0
[370] [M]: 0x0000000080000AC0 (0x0CF00593) addi x11, x0, 0xcf                       main+704
x11 <- 0x00000000000000CF

mem[X,0x0000000080000AC4] -> 0x5513
mem[X,0x0000000080000AC6] -> 0x00C5
[371] [M]: 0x0000000080000AC4 (0x00C55513) srli x10, x10, 0xc                       main+708
x10 <- 0x0000000000000000

clint mtime 0x00000000000000BA (mip.MTI <- 0b1, mip.STI <- 0b0)
mem[X,0x0000000080000AC8] -> 0x1513
mem[X,0x0000000080000ACA] -> 0x00A5
[372] [M]: 0x0000000080000AC8 (0x00A51513) slli x10, x10, 0xa                       main+712
x10 <- 0x0000000000000000

mem[X,0x0000000080000ACC] -> 0x6533
mem[X,0x0000000080000ACE] -> 0x00B5
[373] [M]: 0x0000000080000ACC (0x00B56533) or x10, x10, x11                         main+716
x10 <- 0x00000000000000CF

clint mtime 0x00000000000000BB (mip.MTI <- 0b1, mip.STI <- 0b0)
mem[X,0x0000000080000AD0] -> 0x0013
mem[X,0x0000000080000AD2] -> 0x0000
[374] [M]: 0x0000000080000AD0 (0x00000013) addi x0, x0, 0x0                         main+720

mem[X,0x0000000080000AD4] -> 0x0013
mem[X,0x0000000080000AD6] -> 0x0000
[375] [M]: 0x0000000080000AD4 (0x00000013) addi x0, x0, 0x0                         main+724

clint mtime 0x00000000000000BC (mip.MTI <- 0b1, mip.STI <- 0b0)
mem[X,0x0000000080000AD8] -> 0x0013
mem[X,0x0000000080000ADA] -> 0x0000
[376] [M]: 0x0000000080000AD8 (0x00000013) addi x0, x0, 0x0                         main+728

mem[X,0x0000000080000ADC] -> 0x0013
mem[X,0x0000000080000ADE] -> 0x0000
[377] [M]: 0x0000000080000ADC (0x00000013) addi x0, x0, 0x0                         main+732

clint mtime 0x00000000000000BD (mip.MTI <- 0b1, mip.STI <- 0b0)
mem[X,0x0000000080000AE0] -> 0x8317
mem[X,0x0000000080000AE2] -> 0x0000
[378] [M]: 0x0000000080000AE0 (0x00008317) auipc x6, 0x8                            main+736
x6 <- 0x0000000080008AE0

mem[X,0x0000000080000AE4] -> 0x0313
mem[X,0x0000000080000AE6] -> 0x5203
[379] [M]: 0x0000000080000AE4 (0x52030313) addi x6, x6, 0x520                       main+740
x6 <- 0x0000000080009000

clint mtime 0x00000000000000BE (mip.MTI <- 0b1, mip.STI <- 0b0)
mem[X,0x0000000080000AE8] -> 0x0001
[380] [M]: 0x0000000080000AE8 (0x0001) c.nop                                        main+744

mem[X,0x0000000080000AEA] -> 0x0013
mem[X,0x0000000080000AEC] -> 0x0000
[381] [M]: 0x0000000080000AEA (0x00000013) addi x0, x0, 0x0                         main+746

clint mtime 0x00000000000000BF (mip.MTI <- 0b1, mip.STI <- 0b0)
mem[X,0x0000000080000AEE] -> 0x0013
mem[X,0x0000000080000AF0] -> 0x0000
[382] [M]: 0x0000000080000AEE (0x00000013) addi x0, x0, 0x0                         main+750

mem[X,0x0000000080000AF2] -> 0x0013
mem[X,0x0000000080000AF4] -> 0x0000
[383] [M]: 0x0000000080000AF2 (0x00000013) addi x0, x0, 0x0                         main+754

clint mtime 0x00000000000000C0 (mip.MTI <- 0b1, mip.STI <- 0b0)
mem[X,0x0000000080000AF6] -> 0x0013
mem[X,0x0000000080000AF8] -> 0x0000
[384] [M]: 0x0000000080000AF6 (0x00000013) addi x0, x0, 0x0                         main+758

mem[X,0x0000000080000AFA] -> 0x0013
mem[X,0x0000000080000AFC] -> 0x0000
[385] [M]: 0x0000000080000AFA (0x00000013) addi x0, x0, 0x0                         main+762

clint mtime 0x00000000000000C1 (mip.MTI <- 0b1, mip.STI <- 0b0)
mem[X,0x0000000080000AFE] -> 0x0001
[386] [M]: 0x0000000080000AFE (0x0001) c.nop                                        main+766

mem[X,0x0000000080000B00] -> 0x0293
mem[X,0x0000000080000B02] -> 0x0280
[387] [M]: 0x0000000080000B00 (0x02800293) addi x5, x0, 0x28                        main+768
x5 <- 0x0000000000000028

clint mtime 0x00000000000000C2 (mip.MTI <- 0b1, mip.STI <- 0b0)
mem[X,0x0000000080000B04] -> 0x0333
mem[X,0x0000000080000B06] -> 0x0053
[388] [M]: 0x0000000080000B04 (0x00530333) add x6, x6, x5                           main+772
x6 <- 0x0000000080009028

mem[X,0x0000000080000B08] -> 0x3023
mem[X,0x0000000080000B0A] -> 0x00A3
[389] [M]: 0x0000000080000B08 (0x00A33023) sd x10, 0x0(x6)                          main+776
mem[W,0x0000000080009028] <- 0x00000000000000CF

clint mtime 0x00000000000000C3 (mip.MTI <- 0b1, mip.STI <- 0b0)
mem[X,0x0000000080000B0C] -> 0x0073
mem[X,0x0000000080000B0E] -> 0x1200
[390] [M]: 0x0000000080000B0C (0x12000073) sfence.vma x0, x0                        main+780

mem[X,0x0000000080000B10] -> 0x0493
mem[X,0x0000000080000B12] -> 0x0010
[391] [M]: 0x0000000080000B10 (0x00100493) addi x9, x0, 0x1                         main+784
x9 <- 0x0000000000000001

clint mtime 0x00000000000000C4 (mip.MTI <- 0b1, mip.STI <- 0b0)
mem[X,0x0000000080000B14] -> 0x9493
mem[X,0x0000000080000B16] -> 0x00B4
[392] [M]: 0x0000000080000B14 (0x00B49493) slli x9, x9, 0xb                         main+788
x9 <- 0x0000000000000800

mem[X,0x0000000080000B18] -> 0xB073
mem[X,0x0000000080000B1A] -> 0x3004
[393] [M]: 0x0000000080000B18 (0x3004B073) csrrc x0, mstatus, x9                    main+792
CSR mstatus (0x300) <- 0x0000000A00040000

clint mtime 0x00000000000000C5 (mip.MTI <- 0b1, mip.STI <- 0b0)
mem[X,0x0000000080000B1C] -> 0x0493
mem[X,0x0000000080000B1E] -> 0x0010
[394] [M]: 0x0000000080000B1C (0x00100493) addi x9, x0, 0x1                         main+796
x9 <- 0x0000000000000001

mem[X,0x0000000080000B20] -> 0x9493
mem[X,0x0000000080000B22] -> 0x00B4
[395] [M]: 0x0000000080000B20 (0x00B49493) slli x9, x9, 0xb                         main+800
x9 <- 0x0000000000000800

clint mtime 0x00000000000000C6 (mip.MTI <- 0b1, mip.STI <- 0b0)
mem[X,0x0000000080000B24] -> 0xA073
mem[X,0x0000000080000B26] -> 0x3004
[396] [M]: 0x0000000080000B24 (0x3004A073) csrrs x0, mstatus, x9                    main+804
CSR mstatus (0x300) <- 0x0000000A00040800

mem[X,0x0000000080000B28] -> 0x23F3
mem[X,0x0000000080000B2A] -> 0x3400
[397] [M]: 0x0000000080000B28 (0x340023F3) csrrs x7, mscratch, x0                   main+808
CSR mscratch (0x340) -> 0x0000000080005000
x7 <- 0x0000000080005000

clint mtime 0x00000000000000C7 (mip.MTI <- 0b1, mip.STI <- 0b0)
mem[X,0x0000000080000B2C] -> 0xB303
mem[X,0x0000000080000B2E] -> 0x4703
[398] [M]: 0x0000000080000B2C (0x4703B303) ld x6, 0x470(x7)                         main+812
mem[R,0x0000000080005470] -> 0x00000300800007BC
x6 <- 0x00000300800007BC

mem[X,0x0000000080000B30] -> 0xB483
mem[X,0x0000000080000B32] -> 0x1D83
[399] [M]: 0x0000000080000B30 (0x1D83B483) ld x9, 0x1d8(x7)                         main+816
mem[R,0x00000000800051D8] -> 0x00000000800007D4
x9 <- 0x00000000800007D4

clint mtime 0x00000000000000C8 (mip.MTI <- 0b1, mip.STI <- 0b0)
mem[X,0x0000000080000B34] -> 0x0333
mem[X,0x0000000080000B36] -> 0x4093
[400] [M]: 0x0000000080000B34 (0x40930333) sub x6, x6, x9                           main+820
x6 <- 0x000002FFFFFFFFE8

mem[X,0x0000000080000B38] -> 0x0313
mem[X,0x0000000080000B3A] -> 0x0103
[401] [M]: 0x0000000080000B38 (0x01030313) addi x6, x6, 0x10                        main+824
x6 <- 0x000002FFFFFFFFF8

clint mtime 0x00000000000000C9 (mip.MTI <- 0b1, mip.STI <- 0b0)
mem[X,0x0000000080000B3C] -> 0x0497
mem[X,0x0000000080000B3E] -> 0x0000
[402] [M]: 0x0000000080000B3C (0x00000497) auipc x9, 0x0                            main+828
x9 <- 0x0000000080000B3C

mem[X,0x0000000080000B40] -> 0x84B3
mem[X,0x0000000080000B42] -> 0x0064
[403] [M]: 0x0000000080000B40 (0x006484B3) add x9, x9, x6                           main+832
x9 <- 0x0000030080000B34

clint mtime 0x00000000000000CA (mip.MTI <- 0b1, mip.STI <- 0b0)
mem[X,0x0000000080000B44] -> 0x94F3
mem[X,0x0000000080000B46] -> 0x3414
[404] [M]: 0x0000000080000B44 (0x341494F3) csrrw x9, mepc, x9                       main+836
CSR mepc (0x341) <- 0x0000030080000B34
x9 <- 0x0000000000000000

mem[X,0x0000000080000B48] -> 0x0073
mem[X,0x0000000080000B4A] -> 0x3020
[405] [M]: 0x0000000080000B48 (0x30200073) mret                                     main+840
CSR mstatus (0x300) <- 0x0000000A00040080
ret-ing from M to S

clint mtime 0x00000000000000CB (mip.MTI <- 0b1, mip.STI <- 0b0)
PTW: Start, vpn=0x30080000, access_type=X, privilege=Smem[R,0x0000000080009030] -> 0x00000000000000CB
PTW: Step, level=3, pte=0xCB, pte_addr=0x80009030
PTW: Success, final_ppn=0x80000, level=3mem[X,0x0000000080000B34] -> 0x0333
mem[X,0x0000000080000B36] -> 0x4093
[406] [S]: 0x0000030080000B34 (0x40930333) sub x6, x6, x9                           va_rvtest_code_begin+888
x6 <- 0x000002FFFFFFFFF8

mem[X,0x0000000080000B38] -> 0x0313
mem[X,0x0000000080000B3A] -> 0x0103
[407] [S]: 0x0000030080000B38 (0x01030313) addi x6, x6, 0x10                        va_rvtest_code_begin+892
x6 <- 0x0000030000000008

clint mtime 0x00000000000000CC (mip.MTI <- 0b1, mip.STI <- 0b0)
mem[X,0x0000000080000B3C] -> 0x0497
mem[X,0x0000000080000B3E] -> 0x0000
[408] [S]: 0x0000030080000B3C (0x00000497) auipc x9, 0x0                            va_rvtest_code_begin+896
x9 <- 0x0000030080000B3C

mem[X,0x0000000080000B40] -> 0x84B3
mem[X,0x0000000080000B42] -> 0x0064
[409] [S]: 0x0000030080000B40 (0x006484B3) add x9, x9, x6                           va_rvtest_code_begin+900
x9 <- 0x0000060080000B44

clint mtime 0x00000000000000CD (mip.MTI <- 0b1, mip.STI <- 0b0)
mem[X,0x0000000080000B44] -> 0x94F3
mem[X,0x0000000080000B46] -> 0x3414
[410] [S]: 0x0000030080000B44 (0x341494F3) csrrw x9, mepc, x9                       va_rvtest_code_begin+904
trapping from S to M to handle illegal-instruction
handling exc#illegal-instruction at priv M with tval 0x00000000341494F3
CSR mstatus (0x300) <- 0x0000000A00040800
CSR mcause (0x342) <- 0x0000000000000002
CSR mtval (0x343) <- 0x00000000341494F3
CSR mepc (0x341) <- 0x0000030080000B44

mem[X,0x0000000080002500] -> 0x006F
mem[X,0x0000000080002502] -> 0x1000
[411] [M]: 0x0000000080002500 (0x1000006F) jal x0, 0x100                            Mtrampoline+0

clint mtime 0x00000000000000CE (mip.MTI <- 0b1, mip.STI <- 0b0)
mem[X,0x0000000080002600] -> 0x1173
mem[X,0x0000000080002602] -> 0x3401
[412] [M]: 0x0000000080002600 (0x34011173) csrrw x2, mscratch, x2                   trap_Mhandler+0
CSR mscratch (0x340) <- 0x0000000080005000
x2 <- 0x0000000080005000

mem[X,0x0000000080002604] -> 0x3423
mem[X,0x0000000080002606] -> 0x28B1
[413] [M]: 0x0000000080002604 (0x28B13423) sd x11, 0x288(x2)                        trap_Mhandler+4
mem[W,0x0000000080005288] <- 0x00000000000000CF

clint mtime 0x00000000000000CF (mip.MTI <- 0b1, mip.STI <- 0b0)
mem[X,0x0000000080002608] -> 0x05EF
mem[X,0x000000008000260A] -> 0x0B80
[414] [M]: 0x0000000080002608 (0x0B8005EF) jal x11, 0xb8                            trap_Mhandler+8
x11 <- 0x000000008000260C

mem[X,0x00000000800026C0] -> 0x3023
mem[X,0x00000000800026C2] -> 0x28A1
[415] [M]: 0x00000000800026C0 (0x28A13023) sd x10, 0x280(x2)                        common_Mhandler+0
mem[W,0x0000000080005280] <- 0x00000000000000CF

clint mtime 0x00000000000000D0 (mip.MTI <- 0b1, mip.STI <- 0b0)
mem[X,0x00000000800026C4] -> 0x1573
mem[X,0x00000000800026C6] -> 0x3401
[416] [M]: 0x00000000800026C4 (0x34011573) csrrw x10, mscratch, x2                  common_Mhandler+4
CSR mscratch (0x340) <- 0x0000000080005000
x10 <- 0x0000000080005000

mem[X,0x00000000800026C8] -> 0x3823
mem[X,0x00000000800026CA] -> 0x28A1
[417] [M]: 0x00000000800026C8 (0x28A13823) sd x10, 0x290(x2)                        common_Mhandler+8
mem[W,0x0000000080005290] <- 0x0000000080005000

clint mtime 0x00000000000000D1 (mip.MTI <- 0b1, mip.STI <- 0b0)
mem[X,0x00000000800026CC] -> 0x3503
mem[X,0x00000000800026CE] -> 0x2301
[418] [M]: 0x00000000800026CC (0x23013503) ld x10, 0x230(x2)                        common_Mhandler+12
mem[R,0x0000000080005230] -> 0x00000000800026D4
x10 <- 0x00000000800026D4

mem[X,0x00000000800026D0] -> 0x0067
mem[X,0x00000000800026D2] -> 0x0005
[419] [M]: 0x00000000800026D0 (0x00050067) jalr x0, 0x0(x10)                        common_Mhandler+16

clint mtime 0x00000000000000D2 (mip.MTI <- 0b1, mip.STI <- 0b0)
mem[X,0x00000000800026D4] -> 0x3C23
mem[X,0x00000000800026D6] -> 0x2691
[420] [M]: 0x00000000800026D4 (0x26913C23) sd x9, 0x278(x2)                         common_Mentry+0
mem[W,0x0000000080005278] <- 0x0000060080000B44

mem[X,0x00000000800026D8] -> 0x3823
mem[X,0x00000000800026DA] -> 0x2681
[421] [M]: 0x00000000800026D8 (0x26813823) sd x8, 0x270(x2)                         common_Mentry+4
mem[W,0x0000000080005270] <- 0x0000000000007F76

clint mtime 0x00000000000000D3 (mip.MTI <- 0b1, mip.STI <- 0b0)
mem[X,0x00000000800026DC] -> 0x3423
mem[X,0x00000000800026DE] -> 0x2671
[422] [M]: 0x00000000800026DC (0x26713423) sd x7, 0x268(x2)                         common_Mentry+8
mem[W,0x0000000080005268] <- 0x0000000080005000

mem[X,0x00000000800026E0] -> 0x3023
mem[X,0x00000000800026E2] -> 0x2661
[423] [M]: 0x00000000800026E0 (0x26613023) sd x6, 0x260(x2)                         common_Mentry+12
mem[W,0x0000000080005260] <- 0x0000030000000008

clint mtime 0x00000000000000D4 (mip.MTI <- 0b1, mip.STI <- 0b0)
mem[X,0x00000000800026E4] -> 0x2573
mem[X,0x00000000800026E6] -> 0x3420
[424] [M]: 0x00000000800026E4 (0x34202573) csrrs x10, mcause, x0                    spcl_M2mmode_test+0
CSR mcause (0x342) -> 0x0000000000000002
x10 <- 0x0000000000000002

mem[X,0x00000000800026E8] -> 0x04B7
mem[X,0x00000000800026EA] -> 0x8000
[425] [M]: 0x00000000800026E8 (0x800004B7) lui x9, -0x80000                         spcl_M2mmode_test+4
x9 <- 0xFFFFFFFF80000000

clint mtime 0x00000000000000D5 (mip.MTI <- 0b1, mip.STI <- 0b0)
mem[X,0x00000000800026EC] -> 0x8493
mem[X,0x00000000800026EE] -> 0x0004
[426] [M]: 0x00000000800026EC (0x00048493) addi x9, x9, 0x0                         spcl_M2mmode_test+8
x9 <- 0xFFFFFFFF80000000

mem[X,0x00000000800026F0] -> 0x9493
mem[X,0x00000000800026F2] -> 0x00B4
[427] [M]: 0x00000000800026F0 (0x00B49493) slli x9, x9, 0xb                         spcl_M2mmode_test+12
x9 <- 0xFFFFFC0000000000

clint mtime 0x00000000000000D6 (mip.MTI <- 0b1, mip.STI <- 0b0)
mem[X,0x00000000800026F4] -> 0x8493
mem[X,0x00000000800026F6] -> 0x0004
[428] [M]: 0x00000000800026F4 (0x00048493) addi x9, x9, 0x0                         spcl_M2mmode_test+16
x9 <- 0xFFFFFC0000000000

mem[X,0x00000000800026F8] -> 0x9493
mem[X,0x00000000800026FA] -> 0x00B4
[429] [M]: 0x00000000800026F8 (0x00B49493) slli x9, x9, 0xb                         spcl_M2mmode_test+20
x9 <- 0xFFE0000000000000

clint mtime 0x00000000000000D7 (mip.MTI <- 0b1, mip.STI <- 0b0)
mem[X,0x00000000800026FC] -> 0x8493
mem[X,0x00000000800026FE] -> 0x0034
[430] [M]: 0x00000000800026FC (0x00348493) addi x9, x9, 0x3                         spcl_M2mmode_test+24
x9 <- 0xFFE0000000000003

mem[X,0x0000000080002700] -> 0x9493
mem[X,0x0000000080002702] -> 0x00A4
[431] [M]: 0x0000000080002700 (0x00A49493) slli x9, x9, 0xa                         spcl_M2mmode_test+28
x9 <- 0x8000000000000C00

clint mtime 0x00000000000000D8 (mip.MTI <- 0b1, mip.STI <- 0b0)
mem[X,0x0000000080002704] -> 0x8493
mem[X,0x0000000080002706] -> 0x3FC4
[432] [M]: 0x0000000080002704 (0x3FC48493) addi x9, x9, 0x3fc                       spcl_M2mmode_test+32
x9 <- 0x8000000000000FFC

mem[X,0x0000000080002708] -> 0xF4B3
mem[X,0x000000008000270A] -> 0x00A4
[433] [M]: 0x0000000080002708 (0x00A4F4B3) and x9, x9, x10                          spcl_M2mmode_test+36
x9 <- 0x0000000000000000

clint mtime 0x00000000000000D9 (mip.MTI <- 0b1, mip.STI <- 0b0)
mem[X,0x000000008000270C] -> 0x8493
mem[X,0x000000008000270E] -> 0xFF84
[434] [M]: 0x000000008000270C (0xFF848493) addi x9, x9, -0x8                        spcl_M2mmode_test+40
x9 <- 0xFFFFFFFFFFFFFFF8

mem[X,0x0000000080002710] -> 0x9663
mem[X,0x0000000080002712] -> 0x0004
[435] [M]: 0x0000000080002710 (0x00049663) bne x9, x0, 0xc                          spcl_M2mmode_test+44

clint mtime 0x00000000000000DA (mip.MTI <- 0b1, mip.STI <- 0b0)
mem[X,0x000000008000271C] -> 0x0393
mem[X,0x000000008000271E] -> 0x0200
[436] [M]: 0x000000008000271C (0x02000393) addi x7, x0, 0x20                        Mtrapsig_ptr_upd+0
x7 <- 0x0000000000000020

mem[X,0x0000000080002720] -> 0x5263
mem[X,0x0000000080002722] -> 0x0405
[437] [M]: 0x0000000080002720 (0x04055263) bge x10, x0, 0x44                        Mtrapsig_ptr_upd+4

clint mtime 0x00000000000000DB (mip.MTI <- 0b1, mip.STI <- 0b0)
mem[X,0x0000000080002764] -> 0x2373
mem[X,0x0000000080002766] -> 0x3010
[438] [M]: 0x0000000080002764 (0x30102373) csrrs x6, misa, x0                       Mxcpt_sig_sv+0
CSR misa (0x301) -> 0x800000000034112F
x6 <- 0x800000000034112F

mem[X,0x0000000080002768] -> 0x1313
mem[X,0x000000008000276A] -> 0x0383
[439] [M]: 0x0000000080002768 (0x03831313) slli x6, x6, 0x38                        Mxcpt_sig_sv+4
x6 <- 0x2F00000000000000

clint mtime 0x00000000000000DC (mip.MTI <- 0b1, mip.STI <- 0b0)
mem[X,0x000000008000276C] -> 0x5463
mem[X,0x000000008000276E] -> 0x0003
[440] [M]: 0x000000008000276C (0x00035463) bge x6, x0, 0x8                          Mxcpt_sig_sv+8

mem[X,0x0000000080002774] -> 0x3303
mem[X,0x0000000080002776] -> 0x2181
[441] [M]: 0x0000000080002774 (0x21813303) ld x6, 0x218(x2)                         Mtrap_sig_sv+0
mem[R,0x0000000080005218] -> 0x000000008000A518
x6 <- 0x000000008000A518

clint mtime 0x00000000000000DD (mip.MTI <- 0b1, mip.STI <- 0b0)
mem[X,0x0000000080002778] -> 0x04B3
mem[X,0x000000008000277A] -> 0x0073
[442] [M]: 0x0000000080002778 (0x007304B3) add x9, x6, x7                           Mtrap_sig_sv+4
x9 <- 0x000000008000A538

mem[X,0x000000008000277C] -> 0x3C23
mem[X,0x000000008000277E] -> 0x2091
[443] [M]: 0x000000008000277C (0x20913C23) sd x9, 0x218(x2)                         Mtrap_sig_sv+8
mem[W,0x0000000080005218] <- 0x000000008000A538

clint mtime 0x00000000000000DE (mip.MTI <- 0b1, mip.STI <- 0b0)
mem[X,0x0000000080002780] -> 0x3403
mem[X,0x0000000080002782] -> 0x1F81
[444] [M]: 0x0000000080002780 (0x1F813403) ld x8, 0x1f8(x2)                         Mtrap_sig_sv+12
mem[R,0x00000000800051F8] -> 0x000000008000A110
x8 <- 0x000000008000A110

mem[X,0x0000000080002784] -> 0x0333
mem[X,0x0000000080002786] -> 0x4083
[445] [M]: 0x0000000080002784 (0x40830333) sub x6, x6, x8                           Mtrap_sig_sv+16
x6 <- 0x0000000000000408

clint mtime 0x00000000000000DF (mip.MTI <- 0b1, mip.STI <- 0b0)
mem[X,0x0000000080002788] -> 0x3403
mem[X,0x000000008000278A] -> 0x1F81
[446] [M]: 0x0000000080002788 (0x1F813403) ld x8, 0x1f8(x2)                         Mtrap_sig_sv+20
mem[R,0x00000000800051F8] -> 0x000000008000A110
x8 <- 0x000000008000A110

mem[X,0x000000008000278C] -> 0x0333
mem[X,0x000000008000278E] -> 0x0083
[447] [M]: 0x000000008000278C (0x00830333) add x6, x6, x8                           Mtrap_sig_sv+24
x6 <- 0x000000008000A518

clint mtime 0x00000000000000E0 (mip.MTI <- 0b1, mip.STI <- 0b0)
mem[X,0x0000000080002790] -> 0x3403
mem[X,0x0000000080002792] -> 0x2401
[448] [M]: 0x0000000080002790 (0x24013403) ld x8, 0x240(x2)                         Mtrap_sig_sv+28
mem[R,0x0000000080005240] -> 0x0000000080002500
x8 <- 0x0000000080002500

mem[X,0x0000000080002794] -> 0x85B3
mem[X,0x0000000080002796] -> 0x4085
[449] [M]: 0x0000000080002794 (0x408585B3) sub x11, x11, x8                         sv_Mvect+0
x11 <- 0x000000000000010C

clint mtime 0x00000000000000E1 (mip.MTI <- 0b1, mip.STI <- 0b0)
mem[X,0x0000000080002798] -> 0x9593
mem[X,0x000000008000279A] -> 0x0045
[450] [M]: 0x0000000080002798 (0x00459593) slli x11, x11, 0x4                       sv_Mvect+4
x11 <- 0x00000000000010C0

mem[X,0x000000008000279C] -> 0xE5B3
mem[X,0x000000008000279E] -> 0x0075
[451] [M]: 0x000000008000279C (0x0075E5B3) or x11, x11, x7                          sv_Mvect+8
x11 <- 0x00000000000010E0

clint mtime 0x00000000000000E2 (mip.MTI <- 0b1, mip.STI <- 0b0)
mem[X,0x00000000800027A0] -> 0x8593
mem[X,0x00000000800027A2] -> 0x0035
[452] [M]: 0x00000000800027A0 (0x00358593) addi x11, x11, 0x3                       sv_Mvect+12
x11 <- 0x00000000000010E3

mem[X,0x00000000800027A4] -> 0x3023
mem[X,0x00000000800027A6] -> 0x00B3
[453] [M]: 0x00000000800027A4 (0x00B33023) sd x11, 0x0(x6)                          sv_Mvect+16
mem[W,0x000000008000A518] <- 0x00000000000010E3

clint mtime 0x00000000000000E3 (mip.MTI <- 0b1, mip.STI <- 0b0)
mem[X,0x00000000800027A8] -> 0x3423
mem[X,0x00000000800027AA] -> 0x00A3
[454] [M]: 0x00000000800027A8 (0x00A33423) sd x10, 0x8(x6)                          sv_Mcause+0
mem[W,0x000000008000A520] <- 0x0000000000000002

mem[X,0x00000000800027AC] -> 0x4663
mem[X,0x00000000800027AE] -> 0x1A05
[455] [M]: 0x00000000800027AC (0x1A054663) blt x10, x0, 0x1ac                       sv_Mcause+4

clint mtime 0x00000000000000E4 (mip.MTI <- 0b1, mip.STI <- 0b0)
mem[X,0x00000000800027B0] -> 0x25F3
mem[X,0x00000000800027B2] -> 0x3000
[456] [M]: 0x00000000800027B0 (0x300025F3) csrrs x11, mstatus, x0                   common_Mexcpt_handler+0
CSR mstatus (0x300) -> 0x0000000A00040800
x11 <- 0x0000000A00040800

mem[X,0x00000000800027B4] -> 0x9413
mem[X,0x00000000800027B6] -> 0x02E5
[457] [M]: 0x00000000800027B4 (0x02E59413) slli x8, x11, 0x2e                       common_Mexcpt_handler+4
x8 <- 0x0200000000000000

clint mtime 0x00000000000000E5 (mip.MTI <- 0b1, mip.STI <- 0b0)
mem[X,0x00000000800027B8] -> 0x5463
mem[X,0x00000000800027BA] -> 0x0004
[458] [M]: 0x00000000800027B8 (0x00045463) bge x8, x0, 0x8                          common_Mexcpt_handler+8

mem[X,0x00000000800027C0] -> 0xD493
mem[X,0x00000000800027C2] -> 0x00B5
[459] [M]: 0x00000000800027C0 (0x00B5D493) srli x9, x11, 0xb                        common_Mexcpt_handler+16
x9 <- 0x0000000001400081

clint mtime 0x00000000000000E6 (mip.MTI <- 0b1, mip.STI <- 0b0)
mem[X,0x00000000800027C4] -> 0xF493
mem[X,0x00000000800027C6] -> 0x0034
[460] [M]: 0x00000000800027C4 (0x0034F493) andi x9, x9, 0x3                         common_Mexcpt_handler+20
x9 <- 0x0000000000000001

mem[X,0x00000000800027C8] -> 0x8493
mem[X,0x00000000800027CA] -> 0x0014
[461] [M]: 0x00000000800027C8 (0x00148493) addi x9, x9, 0x1                         common_Mexcpt_handler+24
x9 <- 0x0000000000000002

clint mtime 0x00000000000000E7 (mip.MTI <- 0b1, mip.STI <- 0b0)
mem[X,0x00000000800027CC] -> 0xF493
mem[X,0x00000000800027CE] -> 0x0044
[462] [M]: 0x00000000800027CC (0x0044F493) andi x9, x9, 0x4                         common_Mexcpt_handler+28
x9 <- 0x0000000000000000

mem[X,0x00000000800027D0] -> 0x0593
mem[X,0x00000000800027D2] -> 0x05D0
[463] [M]: 0x00000000800027D0 (0x05D00593) addi x11, x0, 0x5d                       common_Mexcpt_handler+32
x11 <- 0x000000000000005D

clint mtime 0x00000000000000E8 (mip.MTI <- 0b1, mip.STI <- 0b0)
mem[X,0x00000000800027D4] -> 0xD5B3
mem[X,0x00000000800027D6] -> 0x0095
[464] [M]: 0x00000000800027D4 (0x0095D5B3) srl x11, x11, x9                         common_Mexcpt_handler+36
x11 <- 0x000000000000005D

mem[X,0x00000000800027D8] -> 0xF593
mem[X,0x00000000800027DA] -> 0x0015
[465] [M]: 0x00000000800027D8 (0x0015F593) andi x11, x11, 0x1                       common_Mexcpt_handler+40
x11 <- 0x0000000000000001

clint mtime 0x00000000000000E9 (mip.MTI <- 0b1, mip.STI <- 0b0)
mem[X,0x00000000800027DC] -> 0x8EE3
mem[X,0x00000000800027DE] -> 0xF405
[466] [M]: 0x00000000800027DC (0xF4058EE3) beq x11, x0, -0xa4                       common_Mexcpt_handler+44

mem[X,0x00000000800027E0] -> 0x0593
mem[X,0x00000000800027E2] -> 0x2980
[467] [M]: 0x00000000800027E0 (0x29800593) addi x11, x0, 0x298                      common_Mexcpt_handler+48
x11 <- 0x0000000000000298

clint mtime 0x00000000000000EA (mip.MTI <- 0b1, mip.STI <- 0b0)
mem[X,0x00000000800027E4] -> 0xF413
mem[X,0x00000000800027E6] -> 0x0014
[468] [M]: 0x00000000800027E4 (0x0014F413) andi x8, x9, 0x1                         common_Mexcpt_handler+52
x8 <- 0x0000000000000000

mem[X,0x00000000800027E8] -> 0x95B3
mem[X,0x00000000800027EA] -> 0x0085
[469] [M]: 0x00000000800027E8 (0x008595B3) sll x11, x11, x8                         common_Mexcpt_handler+56
x11 <- 0x0000000000000298

clint mtime 0x00000000000000EB (mip.MTI <- 0b1, mip.STI <- 0b0)
mem[X,0x00000000800027EC] -> 0x9413
mem[X,0x00000000800027EE] -> 0x03D4
[470] [M]: 0x00000000800027EC (0x03D49413) slli x8, x9, 0x3d                        common_Mexcpt_handler+60
x8 <- 0x0000000000000000

mem[X,0x00000000800027F0] -> 0x5413
mem[X,0x00000000800027F2] -> 0x43F4
[471] [M]: 0x00000000800027F0 (0x43F45413) srai x8, x8, 0x3f                        common_Mexcpt_handler+64
x8 <- 0x0000000000000000

clint mtime 0x00000000000000EC (mip.MTI <- 0b1, mip.STI <- 0b0)
mem[X,0x00000000800027F4] -> 0x4413
mem[X,0x00000000800027F6] -> 0xFFF4
[472] [M]: 0x00000000800027F4 (0xFFF44413) xori x8, x8, -0x1                        common_Mexcpt_handler+68
x8 <- 0xFFFFFFFFFFFFFFFF

mem[X,0x00000000800027F8] -> 0xF4B3
mem[X,0x00000000800027FA] -> 0x0085
[473] [M]: 0x00000000800027F8 (0x0085F4B3) and x9, x11, x8                          common_Mexcpt_handler+72
x9 <- 0x0000000000000298

clint mtime 0x00000000000000ED (mip.MTI <- 0b1, mip.STI <- 0b0)
mem[X,0x00000000800027FC] -> 0x84B3
mem[X,0x00000000800027FE] -> 0x0024
[474] [M]: 0x00000000800027FC (0x002484B3) add x9, x9, x2                           vmem_adj_Mepc+0
x9 <- 0x0000000080005298

mem[X,0x0000000080002800] -> 0x23F3
mem[X,0x0000000080002802] -> 0x3410
[475] [M]: 0x0000000080002800 (0x341023F3) csrrs x7, mepc, x0                       vmem_adj_Mepc+4
CSR mepc (0x341) -> 0x0000030080000B44
x7 <- 0x0000030080000B44

clint mtime 0x00000000000000EE (mip.MTI <- 0b1, mip.STI <- 0b0)
mem[X,0x0000000080002804] -> 0x0413
mem[X,0x0000000080002806] -> 0x0004
[476] [M]: 0x0000000080002804 (0x00040413) addi x8, x8, 0x0                         vmem_adj_Mepc+8
x8 <- 0xFFFFFFFFFFFFFFFF

mem[X,0x0000000080002808] -> 0x006F
mem[X,0x000000008000280A] -> 0x0400
[477] [M]: 0x0000000080002808 (0x0400006F) jal x0, 0x40                             vmem_adj_Mepc+12

clint mtime 0x00000000000000EF (mip.MTI <- 0b1, mip.STI <- 0b0)
mem[X,0x0000000080002848] -> 0x8433
mem[X,0x000000008000284A] -> 0x4083
[478] [M]: 0x0000000080002848 (0x40838433) sub x8, x7, x8                           adj_Mepc+0
x8 <- 0x0000030080000B45

mem[X,0x000000008000284C] -> 0x3823
mem[X,0x000000008000284E] -> 0x0083
[479] [M]: 0x000000008000284C (0x00833823) sd x8, 0x10(x6)                          sv_Mepc+0
mem[W,0x000000008000A528] <- 0x0000030080000B45

clint mtime 0x00000000000000F0 (mip.MTI <- 0b1, mip.STI <- 0b0)
mem[X,0x0000000080002850] -> 0x55B7
mem[X,0x0000000080002852] -> 0x0000
[480] [M]: 0x0000000080002850 (0x000055B7) lui x11, 0x5                             sv_Mepc+4
x11 <- 0x0000000000005000

mem[X,0x0000000080002854] -> 0x8593
mem[X,0x0000000080002856] -> 0x6675
[481] [M]: 0x0000000080002854 (0x66758593) addi x11, x11, 0x667                     sv_Mepc+8
x11 <- 0x0000000000005667

clint mtime 0x00000000000000F1 (mip.MTI <- 0b1, mip.STI <- 0b0)
mem[X,0x0000000080002858] -> 0x9593
mem[X,0x000000008000285A] -> 0x0015
[482] [M]: 0x0000000080002858 (0x00159593) slli x11, x11, 0x1                       sv_Mepc+12
x11 <- 0x000000000000ACCE

mem[X,0x000000008000285C] -> 0x9063
mem[X,0x000000008000285E] -> 0x02B1
[483] [M]: 0x000000008000285C (0x02B19063) bne x3, x11, 0x20                        sv_Mepc+16

clint mtime 0x00000000000000F2 (mip.MTI <- 0b1, mip.STI <- 0b0)
mem[X,0x000000008000287C] -> 0xF593
mem[X,0x000000008000287E] -> 0xFFC3
[484] [M]: 0x000000008000287C (0xFFC3F593) andi x11, x7, -0x4                       adj_Mepc_rtn+0
x11 <- 0x0000030080000B44

mem[X,0x0000000080002880] -> 0x8593
mem[X,0x0000000080002882] -> 0x0085
[485] [M]: 0x0000000080002880 (0x00858593) addi x11, x11, 0x8                       adj_Mepc_rtn+4
x11 <- 0x0000030080000B4C

clint mtime 0x00000000000000F3 (mip.MTI <- 0b1, mip.STI <- 0b0)
mem[X,0x0000000080002884] -> 0x9073
mem[X,0x0000000080002886] -> 0x3415
[486] [M]: 0x0000000080002884 (0x34159073) csrrw x0, mepc, x11                      adj_Mepc_rtn+8
CSR mepc (0x341) <- 0x0000030080000B4C

mem[X,0x0000000080002888] -> 0x23F3
mem[X,0x000000008000288A] -> 0x3430
[487] [M]: 0x0000000080002888 (0x343023F3) csrrs x7, mtval, x0                      skp_adj_Mepc+0
CSR mtval (0x343) -> 0x00000000341494F3
x7 <- 0x00000000341494F3

clint mtime 0x00000000000000F4 (mip.MTI <- 0b1, mip.STI <- 0b0)
mem[X,0x000000008000288C] -> 0x0413
mem[X,0x000000008000288E] -> 0x0004
[488] [M]: 0x000000008000288C (0x00040413) addi x8, x8, 0x0                         skp_adj_Mepc+4
x8 <- 0x0000030080000B45

mem[X,0x0000000080002890] -> 0x006F
mem[X,0x0000000080002892] -> 0x0840
[489] [M]: 0x0000000080002890 (0x0840006F) jal x0, 0x84                             skp_adj_Mepc+8

clint mtime 0x00000000000000F5 (mip.MTI <- 0b1, mip.STI <- 0b0)
mem[X,0x0000000080002914] -> 0x8433
mem[X,0x0000000080002916] -> 0x4083
[490] [M]: 0x0000000080002914 (0x40838433) sub x8, x7, x8                           adj_Mtval+0
x8 <- 0xFFFFFCFFB41489AE

mem[X,0x0000000080002918] -> 0x3C23
mem[X,0x000000008000291A] -> 0x0083
[491] [M]: 0x0000000080002918 (0x00833C23) sd x8, 0x18(x6)                          sv_Mtval+0
mem[W,0x000000008000A530] <- 0xFFFFFCFFB41489AE

clint mtime 0x00000000000000F6 (mip.MTI <- 0b1, mip.STI <- 0b0)
mem[X,0x000000008000291C] -> 0x3483
mem[X,0x000000008000291E] -> 0x2181
[492] [M]: 0x000000008000291C (0x21813483) ld x9, 0x218(x2)                         skp_Mtval+0
mem[R,0x0000000080005218] -> 0x000000008000A538
x9 <- 0x000000008000A538

mem[X,0x0000000080002920] -> 0x3383
mem[X,0x0000000080002922] -> 0x1F81
[493] [M]: 0x0000000080002920 (0x1F813383) ld x7, 0x1f8(x2)                         skp_Mtval+4
mem[R,0x00000000800051F8] -> 0x000000008000A110
x7 <- 0x000000008000A110

clint mtime 0x00000000000000F7 (mip.MTI <- 0b1, mip.STI <- 0b0)
mem[X,0x0000000080002924] -> 0x3303
mem[X,0x0000000080002926] -> 0x2001
[494] [M]: 0x0000000080002924 (0x20013303) ld x6, 0x200(x2)                         skp_Mtval+8
mem[R,0x0000000080005200] -> 0x0000000000000610
x6 <- 0x0000000000000610

mem[X,0x0000000080002928] -> 0x0333
mem[X,0x000000008000292A] -> 0x0073
[495] [M]: 0x0000000080002928 (0x00730333) add x6, x6, x7                           skp_Mtval+12
x6 <- 0x000000008000A720

clint mtime 0x00000000000000F8 (mip.MTI <- 0b1, mip.STI <- 0b0)
mem[X,0x000000008000292C] -> 0x6AE3
mem[X,0x000000008000292E] -> 0xAE93
[496] [M]: 0x000000008000292C (0xAE936AE3) bltu x6, x9, -0x50c                      skp_Mtval+16

mem[X,0x0000000080002930] -> 0x0393
mem[X,0x0000000080002932] -> 0x2000
[497] [M]: 0x0000000080002930 (0x20000393) addi x7, x0, 0x200                       skp_Mtval+20
x7 <- 0x0000000000000200

clint mtime 0x00000000000000F9 (mip.MTI <- 0b1, mip.STI <- 0b0)
mem[X,0x0000000080002934] -> 0x006F
mem[X,0x0000000080002936] -> 0x0400
[498] [M]: 0x0000000080002934 (0x0400006F) jal x0, 0x40                             skp_Mtval+24

mem[X,0x0000000080002974] -> 0x0417
mem[X,0x0000000080002976] -> 0x0000
[499] [M]: 0x0000000080002974 (0x00000417) auipc x8, 0x0                            spcl_Mhandler+0
x8 <- 0x0000000080002974

clint mtime 0x00000000000000FA (mip.MTI <- 0b1, mip.STI <- 0b0)
mem[X,0x0000000080002978] -> 0x0413
mem[X,0x000000008000297A] -> 0x03C4
[500] [M]: 0x0000000080002978 (0x03C40413) addi x8, x8, 0x3c                        spcl_Mhandler+4
x8 <- 0x00000000800029B0

mem[X,0x000000008000297C] -> 0x0433
mem[X,0x000000008000297E] -> 0x0074
[501] [M]: 0x000000008000297C (0x00740433) add x8, x8, x7                           spcl_Mhandler+8
x8 <- 0x0000000080002BB0

clint mtime 0x00000000000000FB (mip.MTI <- 0b1, mip.STI <- 0b0)
mem[X,0x0000000080002980] -> 0x1393
mem[X,0x0000000080002982] -> 0x0035
[502] [M]: 0x0000000080002980 (0x00351393) slli x7, x10, 0x3                        spcl_Mhandler+12
x7 <- 0x0000000000000010

mem[X,0x0000000080002984] -> 0x0433
mem[X,0x0000000080002986] -> 0x0074
[503] [M]: 0x0000000080002984 (0x00740433) add x8, x8, x7                           spcl_Mhandler+16
x8 <- 0x0000000080002BC0

clint mtime 0x00000000000000FC (mip.MTI <- 0b1, mip.STI <- 0b0)
mem[X,0x0000000080002988] -> 0x7413
mem[X,0x000000008000298A] -> 0xFF84
[504] [M]: 0x0000000080002988 (0xFF847413) andi x8, x8, -0x8                        spcl_Mhandler+20
x8 <- 0x0000000080002BC0

mem[X,0x000000008000298C] -> 0x3403
mem[X,0x000000008000298E] -> 0x0004
[505] [M]: 0x000000008000298C (0x00043403) ld x8, 0x0(x8)                           spcl_Mhandler+24
mem[R,0x0000000080002BC0] -> 0x0000000000000005
x8 <- 0x0000000000000005

clint mtime 0x00000000000000FD (mip.MTI <- 0b1, mip.STI <- 0b0)
mem[X,0x0000000080002990] -> 0x02E3
mem[X,0x0000000080002992] -> 0xB204
[506] [M]: 0x0000000080002990 (0xB20402E3) beq x8, x0, -0x4dc                       spcl_Mdispatch_hndling+0

mem[X,0x0000000080002994] -> 0x1393
mem[X,0x0000000080002996] -> 0x03F4
[507] [M]: 0x0000000080002994 (0x03F41393) slli x7, x8, 0x3f                        spcl_Mdispatch_hndling+4
x7 <- 0x8000000000000000

clint mtime 0x00000000000000FE (mip.MTI <- 0b1, mip.STI <- 0b0)
mem[X,0x0000000080002998] -> 0xD863
mem[X,0x000000008000299A] -> 0x0003
[508] [M]: 0x0000000080002998 (0x0003D863) bge x7, x0, 0x10                         spcl_Mdispatch_hndling+8

mem[X,0x000000008000299C] -> 0x5413
mem[X,0x000000008000299E] -> 0x0014
[509] [M]: 0x000000008000299C (0x00145413) srli x8, x8, 0x1                         spcl_Mdispatch_hndling+12
x8 <- 0x0000000000000002

clint mtime 0x00000000000000FF (mip.MTI <- 0b1, mip.STI <- 0b0)
mem[X,0x00000000800029A0] -> 0x0CE3
mem[X,0x00000000800029A2] -> 0xF885
[510] [M]: 0x00000000800029A0 (0xF8850CE3) beq x10, x8, -0x68                       spcl_Mdispatch_hndling+16

mem[X,0x0000000080002938] -> 0x3303
mem[X,0x000000008000293A] -> 0x2601
[511] [M]: 0x0000000080002938 (0x26013303) ld x6, 0x260(x2)                         resto_Mrtn+0
mem[R,0x0000000080005260] -> 0x0000030000000008
x6 <- 0x0000030000000008

clint mtime 0x0000000000000100 (mip.MTI <- 0b1, mip.STI <- 0b0)
mem[X,0x000000008000293C] -> 0x3383
mem[X,0x000000008000293E] -> 0x2681
[512] [M]: 0x000000008000293C (0x26813383) ld x7, 0x268(x2)                         resto_Mrtn+4
mem[R,0x0000000080005268] -> 0x0000000080005000
x7 <- 0x0000000080005000

mem[X,0x0000000080002940] -> 0x3403
mem[X,0x0000000080002942] -> 0x2701
[513] [M]: 0x0000000080002940 (0x27013403) ld x8, 0x270(x2)                         resto_Mrtn+8
mem[R,0x0000000080005270] -> 0x0000000000007F76
x8 <- 0x0000000000007F76

clint mtime 0x0000000000000101 (mip.MTI <- 0b1, mip.STI <- 0b0)
mem[X,0x0000000080002944] -> 0x3483
mem[X,0x0000000080002946] -> 0x2781
[514] [M]: 0x0000000080002944 (0x27813483) ld x9, 0x278(x2)                         resto_Mrtn+12
mem[R,0x0000000080005278] -> 0x0000060080000B44
x9 <- 0x0000060080000B44

mem[X,0x0000000080002948] -> 0x3503
mem[X,0x000000008000294A] -> 0x2801
[515] [M]: 0x0000000080002948 (0x28013503) ld x10, 0x280(x2)                        resto_Mrtn+16
mem[R,0x0000000080005280] -> 0x00000000000000CF
x10 <- 0x00000000000000CF

clint mtime 0x0000000000000102 (mip.MTI <- 0b1, mip.STI <- 0b0)
mem[X,0x000000008000294C] -> 0x3583
mem[X,0x000000008000294E] -> 0x2881
[516] [M]: 0x000000008000294C (0x28813583) ld x11, 0x288(x2)                        resto_Mrtn+20
mem[R,0x0000000080005288] -> 0x00000000000000CF
x11 <- 0x00000000000000CF

mem[X,0x0000000080002950] -> 0x3103
mem[X,0x0000000080002952] -> 0x2901
[517] [M]: 0x0000000080002950 (0x29013103) ld x2, 0x290(x2)                         resto_Mrtn+24
mem[R,0x0000000080005290] -> 0x0000000080005000
x2 <- 0x0000000080005000

clint mtime 0x0000000000000103 (mip.MTI <- 0b1, mip.STI <- 0b0)
mem[X,0x0000000080002954] -> 0x0073
mem[X,0x0000000080002956] -> 0x3020
[518] [M]: 0x0000000080002954 (0x30200073) mret                                     resto_Mrtn+28
CSR mstatus (0x300) <- 0x0000000A00040080
ret-ing from M to S

mem[X,0x0000000080000B4C] -> 0x07B7
mem[X,0x0000000080000B4E] -> 0x0000
[519] [S]: 0x0000030080000B4C (0x000007B7) lui x15, 0x0                             va_rvtest_code_begin+912
x15 <- 0x0000000000000000

clint mtime 0x0000000000000104 (mip.MTI <- 0b1, mip.STI <- 0b0)
mem[X,0x0000000080000B50] -> 0x8793
mem[X,0x0000000080000B52] -> 0x2807
[520] [S]: 0x0000030080000B50 (0x28078793) addi x15, x15, 0x280                     va_rvtest_code_begin+916
x15 <- 0x0000000000000280

mem[X,0x0000000080000B54] -> 0x9793
mem[X,0x0000000080000B56] -> 0x00B7
[521] [S]: 0x0000030080000B54 (0x00B79793) slli x15, x15, 0xb                       va_rvtest_code_begin+920
x15 <- 0x0000000000140000

clint mtime 0x0000000000000105 (mip.MTI <- 0b1, mip.STI <- 0b0)
mem[X,0x0000000080000B58] -> 0x8793
mem[X,0x0000000080000B5A] -> 0x4007
[522] [S]: 0x0000030080000B58 (0x40078793) addi x15, x15, 0x400                     va_rvtest_code_begin+924
x15 <- 0x0000000000140400

mem[X,0x0000000080000B5C] -> 0x9793
mem[X,0x0000000080000B5E] -> 0x00B7
[523] [S]: 0x0000030080000B5C (0x00B79793) slli x15, x15, 0xb                       va_rvtest_code_begin+928
x15 <- 0x00000000A0200000

clint mtime 0x0000000000000106 (mip.MTI <- 0b1, mip.STI <- 0b0)
mem[X,0x0000000080000B60] -> 0x8793
mem[X,0x0000000080000B62] -> 0x0017
[524] [S]: 0x0000030080000B60 (0x00178793) addi x15, x15, 0x1                       va_rvtest_code_begin+932
x15 <- 0x00000000A0200001

mem[X,0x0000000080000B64] -> 0x9793
mem[X,0x0000000080000B66] -> 0x00A7
[525] [S]: 0x0000030080000B64 (0x00A79793) slli x15, x15, 0xa                       va_rvtest_code_begin+936
x15 <- 0x0000028080000400

clint mtime 0x0000000000000107 (mip.MTI <- 0b1, mip.STI <- 0b0)
mem[X,0x0000000080000B68] -> 0x0613
mem[X,0x0000000080000B6A] -> 0x0106
[526] [S]: 0x0000030080000B68 (0x01060613) addi x12, x12, 0x10                      va_rvtest_code_begin+940
x12 <- 0x0000000000000010

mem[X,0x0000000080000B6C] -> 0xAA23
mem[X,0x0000000080000B6E] -> 0x00C7
[527] [S]: 0x0000030080000B6C (0x00C7AA23) sw x12, 0x14(x15)                        va_rvtest_code_begin+944
PTW: Start, vpn=0x28080000, access_type=W, privilege=Smem[R,0x0000000080009028] -> 0x00000000000000CF
PTW: Step, level=3, pte=0xCF, pte_addr=0x80009028
PTW: Success, final_ppn=0x80000, level=3mem[W,0x0000000080000414] <- 0x00000010

clint mtime 0x0000000000000108 (mip.MTI <- 0b1, mip.STI <- 0b0)
PTW: Start, vpn=0x30080000, access_type=X, privilege=Smem[R,0x0000000080009030] -> 0x00000000000000CB
PTW: Step, level=3, pte=0xCB, pte_addr=0x80009030
PTW: Success, final_ppn=0x80000, level=3mem[X,0x0000000080000B70] -> 0x0013
mem[X,0x0000000080000B72] -> 0x0000
[528] [S]: 0x0000030080000B70 (0x00000013) addi x0, x0, 0x0                         va_rvtest_code_begin+948

mem[X,0x0000000080000B74] -> 0xA703
mem[X,0x0000000080000B76] -> 0x0147
[529] [S]: 0x0000030080000B74 (0x0147A703) lw x14, 0x14(x15)                        va_rvtest_code_begin+952
PTW: Start, vpn=0x28080000, access_type=R, privilege=Smem[R,0x0000000080009028] -> 0x00000000000000CF
PTW: Step, level=3, pte=0xCF, pte_addr=0x80009028
PTW: Success, final_ppn=0x80000, level=3mem[R,0x0000000080000414] -> 0x00000010
x14 <- 0x0000000000000010

clint mtime 0x0000000000000109 (mip.MTI <- 0b1, mip.STI <- 0b0)
PTW: Start, vpn=0x30080000, access_type=X, privilege=Smem[R,0x0000000080009030] -> 0x00000000000000CB
PTW: Step, level=3, pte=0xCB, pte_addr=0x80009030
PTW: Success, final_ppn=0x80000, level=3mem[X,0x0000000080000B78] -> 0x0013
mem[X,0x0000000080000B7A] -> 0x0000
[530] [S]: 0x0000030080000B78 (0x00000013) addi x0, x0, 0x0                         va_rvtest_code_begin+956

mem[X,0x0000000080000B7C] -> 0x51B7
mem[X,0x0000000080000B7E] -> 0x0000
[531] [S]: 0x0000030080000B7C (0x000051B7) lui x3, 0x5                              va_rvtest_code_begin+960
x3 <- 0x0000000000005000

clint mtime 0x000000000000010A (mip.MTI <- 0b1, mip.STI <- 0b0)
mem[X,0x0000000080000B80] -> 0x8193
mem[X,0x0000000080000B82] -> 0x6671
[532] [S]: 0x0000030080000B80 (0x66718193) addi x3, x3, 0x667                       va_rvtest_code_begin+964
x3 <- 0x0000000000005667

mem[X,0x0000000080000B84] -> 0x9193
mem[X,0x0000000080000B86] -> 0x0011
[533] [S]: 0x0000030080000B84 (0x00119193) slli x3, x3, 0x1                         va_rvtest_code_begin+968
x3 <- 0x000000000000ACCE

clint mtime 0x000000000000010B (mip.MTI <- 0b1, mip.STI <- 0b0)
mem[X,0x0000000080000B88] -> 0x0013
mem[X,0x0000000080000B8A] -> 0x0000
[534] [S]: 0x0000030080000B88 (0x00000013) addi x0, x0, 0x0                         va_rvtest_code_begin+972

mem[X,0x0000000080000B8C] -> 0x0013
mem[X,0x0000000080000B8E] -> 0x0000
[535] [S]: 0x0000030080000B8C (0x00000013) addi x0, x0, 0x0                         va_rvtest_code_begin+976

clint mtime 0x000000000000010C (mip.MTI <- 0b1, mip.STI <- 0b0)
mem[X,0x0000000080000B90] -> 0x0013
mem[X,0x0000000080000B92] -> 0x0000
[536] [S]: 0x0000030080000B90 (0x00000013) addi x0, x0, 0x0                         va_rvtest_code_begin+980

mem[X,0x0000000080000B94] -> 0x0013
mem[X,0x0000000080000B96] -> 0x0000
[537] [S]: 0x0000030080000B94 (0x00000013) addi x0, x0, 0x0                         va_rvtest_code_begin+984

clint mtime 0x000000000000010D (mip.MTI <- 0b1, mip.STI <- 0b0)
mem[X,0x0000000080000B98] -> 0x0013
mem[X,0x0000000080000B9A] -> 0x0000
[538] [S]: 0x0000030080000B98 (0x00000013) addi x0, x0, 0x0                         va_rvtest_code_begin+988

mem[X,0x0000000080000B9C] -> 0x0013
mem[X,0x0000000080000B9E] -> 0x0000
[539] [S]: 0x0000030080000B9C (0x00000013) addi x0, x0, 0x0                         va_rvtest_code_begin+992

clint mtime 0x000000000000010E (mip.MTI <- 0b1, mip.STI <- 0b0)
mem[X,0x0000000080000BA0] -> 0x0217
mem[X,0x0000000080000BA2] -> 0x0000
[540] [S]: 0x0000030080000BA0 (0x00000217) auipc x4, 0x0                            va_rvtest_code_begin+996
x4 <- 0x0000030080000BA0

mem[X,0x0000000080000BA4] -> 0x0213
mem[X,0x0000000080000BA6] -> 0x02C2
[541] [S]: 0x0000030080000BA4 (0x02C20213) addi x4, x4, 0x2c                        va_rvtest_code_begin+1000
x4 <- 0x0000030080000BCC

clint mtime 0x000000000000010F (mip.MTI <- 0b1, mip.STI <- 0b0)
mem[X,0x0000000080000BA8] -> 0x0001
[542] [S]: 0x0000030080000BA8 (0x0001) c.nop                                        va_rvtest_code_begin+1004

mem[X,0x0000000080000BAA] -> 0x0013
mem[X,0x0000000080000BAC] -> 0x0000
[543] [S]: 0x0000030080000BAA (0x00000013) addi x0, x0, 0x0                         va_rvtest_code_begin+1006

clint mtime 0x0000000000000110 (mip.MTI <- 0b1, mip.STI <- 0b0)
mem[X,0x0000000080000BAE] -> 0x0013
mem[X,0x0000000080000BB0] -> 0x0000
[544] [S]: 0x0000030080000BAE (0x00000013) addi x0, x0, 0x0                         va_rvtest_code_begin+1010

mem[X,0x0000000080000BB2] -> 0x0013
mem[X,0x0000000080000BB4] -> 0x0000
[545] [S]: 0x0000030080000BB2 (0x00000013) addi x0, x0, 0x0                         va_rvtest_code_begin+1014

clint mtime 0x0000000000000111 (mip.MTI <- 0b1, mip.STI <- 0b0)
mem[X,0x0000000080000BB6] -> 0x0013
mem[X,0x0000000080000BB8] -> 0x0000
[546] [S]: 0x0000030080000BB6 (0x00000013) addi x0, x0, 0x0                         va_rvtest_code_begin+1018

mem[X,0x0000000080000BBA] -> 0x0013
mem[X,0x0000000080000BBC] -> 0x0000
[547] [S]: 0x0000030080000BBA (0x00000013) addi x0, x0, 0x0                         va_rvtest_code_begin+1022

clint mtime 0x0000000000000112 (mip.MTI <- 0b1, mip.STI <- 0b0)
mem[X,0x0000000080000BBE] -> 0x0001
[548] [S]: 0x0000030080000BBE (0x0001) c.nop                                        va_rvtest_code_begin+1026

mem[X,0x0000000080000BC0] -> 0x80E7
mem[X,0x0000000080000BC2] -> 0x0007
[549] [S]: 0x0000030080000BC0 (0x000780E7) jalr x1, 0x0(x15)                        va_rvtest_code_begin+1028
x1 <- 0x0000030080000BC4

clint mtime 0x0000000000000113 (mip.MTI <- 0b1, mip.STI <- 0b0)
PTW: Start, vpn=0x28080000, access_type=X, privilege=Smem[R,0x0000000080009028] -> 0x00000000000000CF
PTW: Step, level=3, pte=0xCF, pte_addr=0x80009028
PTW: Success, final_ppn=0x80000, level=3mem[X,0x0000000080000400] -> 0x0013
mem[X,0x0000000080000402] -> 0x0000
[550] [S]: 0x0000028080000400 (0x00000013) addi x0, x0, 0x0                         va_data_l3+0

mem[X,0x0000000080000404] -> 0x8093
mem[X,0x0000000080000406] -> 0x0080
[551] [S]: 0x0000028080000404 (0x00808093) addi x1, x1, 0x8                         va_data_l3+4
x1 <- 0x0000030080000BCC

clint mtime 0x0000000000000114 (mip.MTI <- 0b1, mip.STI <- 0b0)
mem[X,0x0000000080000408] -> 0x8067
mem[X,0x000000008000040A] -> 0x0000
[552] [S]: 0x0000028080000408 (0x00008067) jalr x0, 0x0(x1)                         va_data_l3+8

PTW: Start, vpn=0x30080000, access_type=X, privilege=Smem[R,0x0000000080009030] -> 0x00000000000000CB
PTW: Step, level=3, pte=0xCB, pte_addr=0x80009030
PTW: Success, final_ppn=0x80000, level=3mem[X,0x0000000080000BCC] -> 0x0013
mem[X,0x0000000080000BCE] -> 0x0000
[553] [S]: 0x0000030080000BCC (0x00000013) addi x0, x0, 0x0                         va_rvtest_code_begin+1040

clint mtime 0x0000000000000115 (mip.MTI <- 0b1, mip.STI <- 0b0)
mem[X,0x0000000080000BD0] -> 0x0013
mem[X,0x0000000080000BD2] -> 0x0000
[554] [S]: 0x0000030080000BD0 (0x00000013) addi x0, x0, 0x0                         va_rvtest_code_begin+1044

mem[X,0x0000000080000BD4] -> 0x0013
mem[X,0x0000000080000BD6] -> 0x0000
[555] [S]: 0x0000030080000BD4 (0x00000013) addi x0, x0, 0x0                         va_rvtest_code_begin+1048

clint mtime 0x0000000000000116 (mip.MTI <- 0b1, mip.STI <- 0b0)
mem[X,0x0000000080000BD8] -> 0x0113
mem[X,0x0000000080000BDA] -> 0x0000
[556] [S]: 0x0000030080000BD8 (0x00000113) addi x2, x0, 0x0                         va_rvtest_code_begin+1052
x2 <- 0x0000000000000000

mem[X,0x0000000080000BDC] -> 0x0073
mem[X,0x0000000080000BDE] -> 0x0000
[557] [S]: 0x0000030080000BDC (0x00000073) ecall                                    va_rvtest_code_begin+1056
trapping from S to M to handle s-call
handling exc#s-call at priv M with tval 0x0000000000000000
CSR mstatus (0x300) <- 0x0000000A00040800
CSR mcause (0x342) <- 0x0000000000000009
CSR mtval (0x343) <- 0x0000000000000000
CSR mepc (0x341) <- 0x0000030080000BDC

clint mtime 0x0000000000000117 (mip.MTI <- 0b1, mip.STI <- 0b0)
mem[X,0x0000000080002500] -> 0x006F
mem[X,0x0000000080002502] -> 0x1000
[558] [M]: 0x0000000080002500 (0x1000006F) jal x0, 0x100                            Mtrampoline+0

mem[X,0x0000000080002600] -> 0x1173
mem[X,0x0000000080002602] -> 0x3401
[559] [M]: 0x0000000080002600 (0x34011173) csrrw x2, mscratch, x2                   trap_Mhandler+0
CSR mscratch (0x340) <- 0x0000000000000000
x2 <- 0x0000000080005000

clint mtime 0x0000000000000118 (mip.MTI <- 0b1, mip.STI <- 0b0)
mem[X,0x0000000080002604] -> 0x3423
mem[X,0x0000000080002606] -> 0x28B1
[560] [M]: 0x0000000080002604 (0x28B13423) sd x11, 0x288(x2)                        trap_Mhandler+4
mem[W,0x0000000080005288] <- 0x00000000000000CF

mem[X,0x0000000080002608] -> 0x05EF
mem[X,0x000000008000260A] -> 0x0B80
[561] [M]: 0x0000000080002608 (0x0B8005EF) jal x11, 0xb8                            trap_Mhandler+8
x11 <- 0x000000008000260C

clint mtime 0x0000000000000119 (mip.MTI <- 0b1, mip.STI <- 0b0)
mem[X,0x00000000800026C0] -> 0x3023
mem[X,0x00000000800026C2] -> 0x28A1
[562] [M]: 0x00000000800026C0 (0x28A13023) sd x10, 0x280(x2)                        common_Mhandler+0
mem[W,0x0000000080005280] <- 0x00000000000000CF

mem[X,0x00000000800026C4] -> 0x1573
mem[X,0x00000000800026C6] -> 0x3401
[563] [M]: 0x00000000800026C4 (0x34011573) csrrw x10, mscratch, x2                  common_Mhandler+4
CSR mscratch (0x340) <- 0x0000000080005000
x10 <- 0x0000000000000000

clint mtime 0x000000000000011A (mip.MTI <- 0b1, mip.STI <- 0b0)
mem[X,0x00000000800026C8] -> 0x3823
mem[X,0x00000000800026CA] -> 0x28A1
[564] [M]: 0x00000000800026C8 (0x28A13823) sd x10, 0x290(x2)                        common_Mhandler+8
mem[W,0x0000000080005290] <- 0x0000000000000000

mem[X,0x00000000800026CC] -> 0x3503
mem[X,0x00000000800026CE] -> 0x2301
[565] [M]: 0x00000000800026CC (0x23013503) ld x10, 0x230(x2)                        common_Mhandler+12
mem[R,0x0000000080005230] -> 0x00000000800026D4
x10 <- 0x00000000800026D4

clint mtime 0x000000000000011B (mip.MTI <- 0b1, mip.STI <- 0b0)
mem[X,0x00000000800026D0] -> 0x0067
mem[X,0x00000000800026D2] -> 0x0005
[566] [M]: 0x00000000800026D0 (0x00050067) jalr x0, 0x0(x10)                        common_Mhandler+16

mem[X,0x00000000800026D4] -> 0x3C23
mem[X,0x00000000800026D6] -> 0x2691
[567] [M]: 0x00000000800026D4 (0x26913C23) sd x9, 0x278(x2)                         common_Mentry+0
mem[W,0x0000000080005278] <- 0x0000060080000B44

clint mtime 0x000000000000011C (mip.MTI <- 0b1, mip.STI <- 0b0)
mem[X,0x00000000800026D8] -> 0x3823
mem[X,0x00000000800026DA] -> 0x2681
[568] [M]: 0x00000000800026D8 (0x26813823) sd x8, 0x270(x2)                         common_Mentry+4
mem[W,0x0000000080005270] <- 0x0000000000007F76

mem[X,0x00000000800026DC] -> 0x3423
mem[X,0x00000000800026DE] -> 0x2671
[569] [M]: 0x00000000800026DC (0x26713423) sd x7, 0x268(x2)                         common_Mentry+8
mem[W,0x0000000080005268] <- 0x0000000080005000

clint mtime 0x000000000000011D (mip.MTI <- 0b1, mip.STI <- 0b0)
mem[X,0x00000000800026E0] -> 0x3023
mem[X,0x00000000800026E2] -> 0x2661
[570] [M]: 0x00000000800026E0 (0x26613023) sd x6, 0x260(x2)                         common_Mentry+12
mem[W,0x0000000080005260] <- 0x0000030000000008

mem[X,0x00000000800026E4] -> 0x2573
mem[X,0x00000000800026E6] -> 0x3420
[571] [M]: 0x00000000800026E4 (0x34202573) csrrs x10, mcause, x0                    spcl_M2mmode_test+0
CSR mcause (0x342) -> 0x0000000000000009
x10 <- 0x0000000000000009

clint mtime 0x000000000000011E (mip.MTI <- 0b1, mip.STI <- 0b0)
mem[X,0x00000000800026E8] -> 0x04B7
mem[X,0x00000000800026EA] -> 0x8000
[572] [M]: 0x00000000800026E8 (0x800004B7) lui x9, -0x80000                         spcl_M2mmode_test+4
x9 <- 0xFFFFFFFF80000000

mem[X,0x00000000800026EC] -> 0x8493
mem[X,0x00000000800026EE] -> 0x0004
[573] [M]: 0x00000000800026EC (0x00048493) addi x9, x9, 0x0                         spcl_M2mmode_test+8
x9 <- 0xFFFFFFFF80000000

clint mtime 0x000000000000011F (mip.MTI <- 0b1, mip.STI <- 0b0)
mem[X,0x00000000800026F0] -> 0x9493
mem[X,0x00000000800026F2] -> 0x00B4
[574] [M]: 0x00000000800026F0 (0x00B49493) slli x9, x9, 0xb                         spcl_M2mmode_test+12
x9 <- 0xFFFFFC0000000000

mem[X,0x00000000800026F4] -> 0x8493
mem[X,0x00000000800026F6] -> 0x0004
[575] [M]: 0x00000000800026F4 (0x00048493) addi x9, x9, 0x0                         spcl_M2mmode_test+16
x9 <- 0xFFFFFC0000000000

clint mtime 0x0000000000000120 (mip.MTI <- 0b1, mip.STI <- 0b0)
mem[X,0x00000000800026F8] -> 0x9493
mem[X,0x00000000800026FA] -> 0x00B4
[576] [M]: 0x00000000800026F8 (0x00B49493) slli x9, x9, 0xb                         spcl_M2mmode_test+20
x9 <- 0xFFE0000000000000

mem[X,0x00000000800026FC] -> 0x8493
mem[X,0x00000000800026FE] -> 0x0034
[577] [M]: 0x00000000800026FC (0x00348493) addi x9, x9, 0x3                         spcl_M2mmode_test+24
x9 <- 0xFFE0000000000003

clint mtime 0x0000000000000121 (mip.MTI <- 0b1, mip.STI <- 0b0)
mem[X,0x0000000080002700] -> 0x9493
mem[X,0x0000000080002702] -> 0x00A4
[578] [M]: 0x0000000080002700 (0x00A49493) slli x9, x9, 0xa                         spcl_M2mmode_test+28
x9 <- 0x8000000000000C00

mem[X,0x0000000080002704] -> 0x8493
mem[X,0x0000000080002706] -> 0x3FC4
[579] [M]: 0x0000000080002704 (0x3FC48493) addi x9, x9, 0x3fc                       spcl_M2mmode_test+32
x9 <- 0x8000000000000FFC

clint mtime 0x0000000000000122 (mip.MTI <- 0b1, mip.STI <- 0b0)
mem[X,0x0000000080002708] -> 0xF4B3
mem[X,0x000000008000270A] -> 0x00A4
[580] [M]: 0x0000000080002708 (0x00A4F4B3) and x9, x9, x10                          spcl_M2mmode_test+36
x9 <- 0x0000000000000008

mem[X,0x000000008000270C] -> 0x8493
mem[X,0x000000008000270E] -> 0xFF84
[581] [M]: 0x000000008000270C (0xFF848493) addi x9, x9, -0x8                        spcl_M2mmode_test+40
x9 <- 0x0000000000000000

clint mtime 0x0000000000000123 (mip.MTI <- 0b1, mip.STI <- 0b0)
mem[X,0x0000000080002710] -> 0x9663
mem[X,0x0000000080002712] -> 0x0004
[582] [M]: 0x0000000080002710 (0x00049663) bne x9, x0, 0xc                          spcl_M2mmode_test+44

mem[X,0x0000000080002714] -> 0x3383
mem[X,0x0000000080002716] -> 0x2901
[583] [M]: 0x0000000080002714 (0x29013383) ld x7, 0x290(x2)                         spcl_M2mmode_test+48
mem[R,0x0000000080005290] -> 0x0000000000000000
x7 <- 0x0000000000000000

clint mtime 0x0000000000000124 (mip.MTI <- 0b1, mip.STI <- 0b0)
mem[X,0x0000000080002718] -> 0x8663
mem[X,0x000000008000271A] -> 0x6E03
[584] [M]: 0x0000000080002718 (0x6E038663) beq x7, x0, 0x6ec                        spcl_M2mmode_test+52

mem[X,0x0000000080002E04] -> 0x0493
mem[X,0x0000000080002E06] -> 0xFF55
[585] [M]: 0x0000000080002E04 (0xFF550493) addi x9, x10, -0xb                       rtn2mmode+0
x9 <- 0xFFFFFFFFFFFFFFFE

clint mtime 0x0000000000000125 (mip.MTI <- 0b1, mip.STI <- 0b0)
mem[X,0x0000000080002E08] -> 0x8C63
mem[X,0x0000000080002E0A] -> 0x0004
[586] [M]: 0x0000000080002E08 (0x00048C63) beq x9, x0, 0x18                         rtn2mmode+4

mem[X,0x0000000080002E0C] -> 0x3583
mem[X,0x0000000080002E0E] -> 0x4701
[587] [M]: 0x0000000080002E0C (0x47013583) ld x11, 0x470(x2)                        rtn2mmode+8
mem[R,0x0000000080005470] -> 0x00000300800007BC
x11 <- 0x00000300800007BC

clint mtime 0x0000000000000126 (mip.MTI <- 0b1, mip.STI <- 0b0)
mem[X,0x0000000080002E10] -> 0xD463
mem[X,0x0000000080002E12] -> 0x0003
[588] [M]: 0x0000000080002E10 (0x0003D463) bge x7, x0, 0x8                          rtn2mmode+12

mem[X,0x0000000080002E18] -> 0x3483
mem[X,0x0000000080002E1A] -> 0x1D81
[589] [M]: 0x0000000080002E18 (0x1D813483) ld x9, 0x1d8(x2)                         from_u_s+0
mem[R,0x00000000800051D8] -> 0x00000000800007D4
x9 <- 0x00000000800007D4

clint mtime 0x0000000000000127 (mip.MTI <- 0b1, mip.STI <- 0b0)
mem[X,0x0000000080002E1C] -> 0x84B3
mem[X,0x0000000080002E1E] -> 0x40B4
[590] [M]: 0x0000000080002E1C (0x40B484B3) sub x9, x9, x11                          from_u_s+4
x9 <- 0xFFFFFD0000000018

mem[X,0x0000000080002E20] -> 0x23F3
mem[X,0x0000000080002E22] -> 0x3410
[591] [M]: 0x0000000080002E20 (0x341023F3) csrrs x7, mepc, x0                       rtn_fm_mmode+0
CSR mepc (0x341) -> 0x0000030080000BDC
x7 <- 0x0000030080000BDC

clint mtime 0x0000000000000128 (mip.MTI <- 0b1, mip.STI <- 0b0)
mem[X,0x0000000080002E24] -> 0x83B3
mem[X,0x0000000080002E26] -> 0x0093
[592] [M]: 0x0000000080002E24 (0x009383B3) add x7, x7, x9                           rtn_fm_mmode+4
x7 <- 0x0000000080000BF4

mem[X,0x0000000080002E28] -> 0x3303
mem[X,0x0000000080002E2A] -> 0x2601
[593] [M]: 0x0000000080002E28 (0x26013303) ld x6, 0x260(x2)                         rtn_fm_mmode+8
mem[R,0x0000000080005260] -> 0x0000030000000008
x6 <- 0x0000030000000008

clint mtime 0x0000000000000129 (mip.MTI <- 0b1, mip.STI <- 0b0)
mem[X,0x0000000080002E2C] -> 0x3403
mem[X,0x0000000080002E2E] -> 0x2701
[594] [M]: 0x0000000080002E2C (0x27013403) ld x8, 0x270(x2)                         rtn_fm_mmode+12
mem[R,0x0000000080005270] -> 0x0000000000007F76
x8 <- 0x0000000000007F76

mem[X,0x0000000080002E30] -> 0x3483
mem[X,0x0000000080002E32] -> 0x2781
[595] [M]: 0x0000000080002E30 (0x27813483) ld x9, 0x278(x2)                         rtn_fm_mmode+16
mem[R,0x0000000080005278] -> 0x0000060080000B44
x9 <- 0x0000060080000B44

clint mtime 0x000000000000012A (mip.MTI <- 0b1, mip.STI <- 0b0)
mem[X,0x0000000080002E34] -> 0x3503
mem[X,0x0000000080002E36] -> 0x2801
[596] [M]: 0x0000000080002E34 (0x28013503) ld x10, 0x280(x2)                        rtn_fm_mmode+20
mem[R,0x0000000080005280] -> 0x00000000000000CF
x10 <- 0x00000000000000CF

mem[X,0x0000000080002E38] -> 0x3583
mem[X,0x0000000080002E3A] -> 0x2881
[597] [M]: 0x0000000080002E38 (0x28813583) ld x11, 0x288(x2)                        rtn_fm_mmode+24
mem[R,0x0000000080005288] -> 0x00000000000000CF
x11 <- 0x00000000000000CF

clint mtime 0x000000000000012B (mip.MTI <- 0b1, mip.STI <- 0b0)
mem[X,0x0000000080002E3C] -> 0x3103
mem[X,0x0000000080002E3E] -> 0x2901
[598] [M]: 0x0000000080002E3C (0x29013103) ld x2, 0x290(x2)                         rtn_fm_mmode+28
mem[R,0x0000000080005290] -> 0x0000000000000000
x2 <- 0x0000000000000000

mem[X,0x0000000080002E40] -> 0x8067
mem[X,0x0000000080002E42] -> 0x0043
[599] [M]: 0x0000000080002E40 (0x00438067) jalr x0, 0x4(x7)                         rtn_fm_mmode+32

clint mtime 0x000000000000012C (mip.MTI <- 0b1, mip.STI <- 0b0)
mem[X,0x0000000080000BF8] -> 0x0013
mem[X,0x0000000080000BFA] -> 0x0000
[600] [M]: 0x0000000080000BF8 (0x00000013) addi x0, x0, 0x0                         main+1016

mem[X,0x0000000080000BFC] -> 0x0013
mem[X,0x0000000080000BFE] -> 0x0000
[601] [M]: 0x0000000080000BFC (0x00000013) addi x0, x0, 0x0                         main+1020

clint mtime 0x000000000000012D (mip.MTI <- 0b1, mip.STI <- 0b0)
mem[X,0x0000000080000C00] -> 0x051B
mem[X,0x0000000080000C02] -> 0x0000
[602] [M]: 0x0000000080000C00 (0x0000051B) addiw x10, x0, 0x0                       main+1024
x10 <- 0x0000000000000000

mem[X,0x0000000080000C04] -> 0x0001
[603] [M]: 0x0000000080000C04 (0x0001) c.nop                                        main+1028

clint mtime 0x000000000000012E (mip.MTI <- 0b1, mip.STI <- 0b0)
mem[X,0x0000000080000C06] -> 0x0013
mem[X,0x0000000080000C08] -> 0x0000
[604] [M]: 0x0000000080000C06 (0x00000013) addi x0, x0, 0x0                         main+1030

mem[X,0x0000000080000C0A] -> 0x0013
mem[X,0x0000000080000C0C] -> 0x0000
[605] [M]: 0x0000000080000C0A (0x00000013) addi x0, x0, 0x0                         main+1034

clint mtime 0x000000000000012F (mip.MTI <- 0b1, mip.STI <- 0b0)
mem[X,0x0000000080000C0E] -> 0x0013
mem[X,0x0000000080000C10] -> 0x0000
[606] [M]: 0x0000000080000C0E (0x00000013) addi x0, x0, 0x0                         main+1038

mem[X,0x0000000080000C12] -> 0x0013
mem[X,0x0000000080000C14] -> 0x0000
[607] [M]: 0x0000000080000C12 (0x00000013) addi x0, x0, 0x0                         main+1042

clint mtime 0x0000000000000130 (mip.MTI <- 0b1, mip.STI <- 0b0)
mem[X,0x0000000080000C16] -> 0x0013
mem[X,0x0000000080000C18] -> 0x0000
[608] [M]: 0x0000000080000C16 (0x00000013) addi x0, x0, 0x0                         main+1046

mem[X,0x0000000080000C1A] -> 0x0013
mem[X,0x0000000080000C1C] -> 0x0000
[609] [M]: 0x0000000080000C1A (0x00000013) addi x0, x0, 0x0                         main+1050

clint mtime 0x0000000000000131 (mip.MTI <- 0b1, mip.STI <- 0b0)
mem[X,0x0000000080000C1E] -> 0x0001
[610] [M]: 0x0000000080000C1E (0x0001) c.nop                                        main+1054

mem[X,0x0000000080000C20] -> 0x0593
mem[X,0x0000000080000C22] -> 0x0C30
[611] [M]: 0x0000000080000C20 (0x0C300593) addi x11, x0, 0xc3                       main+1056
x11 <- 0x00000000000000C3

clint mtime 0x0000000000000132 (mip.MTI <- 0b1, mip.STI <- 0b0)
mem[X,0x0000000080000C24] -> 0x5513
mem[X,0x0000000080000C26] -> 0x00C5
[612] [M]: 0x0000000080000C24 (0x00C55513) srli x10, x10, 0xc                       main+1060
x10 <- 0x0000000000000000

mem[X,0x0000000080000C28] -> 0x1513
mem[X,0x0000000080000C2A] -> 0x00A5
[613] [M]: 0x0000000080000C28 (0x00A51513) slli x10, x10, 0xa                       main+1064
x10 <- 0x0000000000000000

clint mtime 0x0000000000000133 (mip.MTI <- 0b1, mip.STI <- 0b0)
mem[X,0x0000000080000C2C] -> 0x6533
mem[X,0x0000000080000C2E] -> 0x00B5
[614] [M]: 0x0000000080000C2C (0x00B56533) or x10, x10, x11                         main+1068
x10 <- 0x00000000000000C3

mem[X,0x0000000080000C30] -> 0x0013
mem[X,0x0000000080000C32] -> 0x0000
[615] [M]: 0x0000000080000C30 (0x00000013) addi x0, x0, 0x0                         main+1072

clint mtime 0x0000000000000134 (mip.MTI <- 0b1, mip.STI <- 0b0)
mem[X,0x0000000080000C34] -> 0x0013
mem[X,0x0000000080000C36] -> 0x0000
[616] [M]: 0x0000000080000C34 (0x00000013) addi x0, x0, 0x0                         main+1076

mem[X,0x0000000080000C38] -> 0x0013
mem[X,0x0000000080000C3A] -> 0x0000
[617] [M]: 0x0000000080000C38 (0x00000013) addi x0, x0, 0x0                         main+1080

clint mtime 0x0000000000000135 (mip.MTI <- 0b1, mip.STI <- 0b0)
mem[X,0x0000000080000C3C] -> 0x0013
mem[X,0x0000000080000C3E] -> 0x0000
[618] [M]: 0x0000000080000C3C (0x00000013) addi x0, x0, 0x0                         main+1084

mem[X,0x0000000080000C40] -> 0x8317
mem[X,0x0000000080000C42] -> 0x0000
[619] [M]: 0x0000000080000C40 (0x00008317) auipc x6, 0x8                            main+1088
x6 <- 0x0000000080008C40

clint mtime 0x0000000000000136 (mip.MTI <- 0b1, mip.STI <- 0b0)
mem[X,0x0000000080000C44] -> 0x0313
mem[X,0x0000000080000C46] -> 0x3C03
[620] [M]: 0x0000000080000C44 (0x3C030313) addi x6, x6, 0x3c0                       main+1092
x6 <- 0x0000000080009000

mem[X,0x0000000080000C48] -> 0x0001
[621] [M]: 0x0000000080000C48 (0x0001) c.nop                                        main+1096

clint mtime 0x0000000000000137 (mip.MTI <- 0b1, mip.STI <- 0b0)
mem[X,0x0000000080000C4A] -> 0x0013
mem[X,0x0000000080000C4C] -> 0x0000
[622] [M]: 0x0000000080000C4A (0x00000013) addi x0, x0, 0x0                         main+1098

mem[X,0x0000000080000C4E] -> 0x0013
mem[X,0x0000000080000C50] -> 0x0000
[623] [M]: 0x0000000080000C4E (0x00000013) addi x0, x0, 0x0                         main+1102

clint mtime 0x0000000000000138 (mip.MTI <- 0b1, mip.STI <- 0b0)
mem[X,0x0000000080000C52] -> 0x0013
mem[X,0x0000000080000C54] -> 0x0000
[624] [M]: 0x0000000080000C52 (0x00000013) addi x0, x0, 0x0                         main+1106

mem[X,0x0000000080000C56] -> 0x0013
mem[X,0x0000000080000C58] -> 0x0000
[625] [M]: 0x0000000080000C56 (0x00000013) addi x0, x0, 0x0                         main+1110

clint mtime 0x0000000000000139 (mip.MTI <- 0b1, mip.STI <- 0b0)
mem[X,0x0000000080000C5A] -> 0x0013
mem[X,0x0000000080000C5C] -> 0x0000
[626] [M]: 0x0000000080000C5A (0x00000013) addi x0, x0, 0x0                         main+1114

mem[X,0x0000000080000C5E] -> 0x0001
[627] [M]: 0x0000000080000C5E (0x0001) c.nop                                        main+1118

clint mtime 0x000000000000013A (mip.MTI <- 0b1, mip.STI <- 0b0)
mem[X,0x0000000080000C60] -> 0x0293
mem[X,0x0000000080000C62] -> 0x0280
[628] [M]: 0x0000000080000C60 (0x02800293) addi x5, x0, 0x28                        main+1120
x5 <- 0x0000000000000028

mem[X,0x0000000080000C64] -> 0x0333
mem[X,0x0000000080000C66] -> 0x0053
[629] [M]: 0x0000000080000C64 (0x00530333) add x6, x6, x5                           main+1124
x6 <- 0x0000000080009028

clint mtime 0x000000000000013B (mip.MTI <- 0b1, mip.STI <- 0b0)
mem[X,0x0000000080000C68] -> 0x3023
mem[X,0x0000000080000C6A] -> 0x00A3
[630] [M]: 0x0000000080000C68 (0x00A33023) sd x10, 0x0(x6)                          main+1128
mem[W,0x0000000080009028] <- 0x00000000000000C3

mem[X,0x0000000080000C6C] -> 0x0073
mem[X,0x0000000080000C6E] -> 0x1200
[631] [M]: 0x0000000080000C6C (0x12000073) sfence.vma x0, x0                        main+1132

clint mtime 0x000000000000013C (mip.MTI <- 0b1, mip.STI <- 0b0)
mem[X,0x0000000080000C70] -> 0x0493
mem[X,0x0000000080000C72] -> 0x0010
[632] [M]: 0x0000000080000C70 (0x00100493) addi x9, x0, 0x1                         main+1136
x9 <- 0x0000000000000001

mem[X,0x0000000080000C74] -> 0x9493
mem[X,0x0000000080000C76] -> 0x00B4
[633] [M]: 0x0000000080000C74 (0x00B49493) slli x9, x9, 0xb                         main+1140
x9 <- 0x0000000000000800

clint mtime 0x000000000000013D (mip.MTI <- 0b1, mip.STI <- 0b0)
mem[X,0x0000000080000C78] -> 0xB073
mem[X,0x0000000080000C7A] -> 0x3004
[634] [M]: 0x0000000080000C78 (0x3004B073) csrrc x0, mstatus, x9                    main+1144
CSR mstatus (0x300) <- 0x0000000A00040000

mem[X,0x0000000080000C7C] -> 0x0493
mem[X,0x0000000080000C7E] -> 0x0010
[635] [M]: 0x0000000080000C7C (0x00100493) addi x9, x0, 0x1                         main+1148
x9 <- 0x0000000000000001

clint mtime 0x000000000000013E (mip.MTI <- 0b1, mip.STI <- 0b0)
mem[X,0x0000000080000C80] -> 0x9493
mem[X,0x0000000080000C82] -> 0x00B4
[636] [M]: 0x0000000080000C80 (0x00B49493) slli x9, x9, 0xb                         main+1152
x9 <- 0x0000000000000800

mem[X,0x0000000080000C84] -> 0xA073
mem[X,0x0000000080000C86] -> 0x3004
[637] [M]: 0x0000000080000C84 (0x3004A073) csrrs x0, mstatus, x9                    main+1156
CSR mstatus (0x300) <- 0x0000000A00040800

clint mtime 0x000000000000013F (mip.MTI <- 0b1, mip.STI <- 0b0)
mem[X,0x0000000080000C88] -> 0x23F3
mem[X,0x0000000080000C8A] -> 0x3400
[638] [M]: 0x0000000080000C88 (0x340023F3) csrrs x7, mscratch, x0                   main+1160
CSR mscratch (0x340) -> 0x0000000080005000
x7 <- 0x0000000080005000

mem[X,0x0000000080000C8C] -> 0xB303
mem[X,0x0000000080000C8E] -> 0x4703
[639] [M]: 0x0000000080000C8C (0x4703B303) ld x6, 0x470(x7)                         main+1164
mem[R,0x0000000080005470] -> 0x00000300800007BC
x6 <- 0x00000300800007BC

clint mtime 0x0000000000000140 (mip.MTI <- 0b1, mip.STI <- 0b0)
mem[X,0x0000000080000C90] -> 0xB483
mem[X,0x0000000080000C92] -> 0x1D83
[640] [M]: 0x0000000080000C90 (0x1D83B483) ld x9, 0x1d8(x7)                         main+1168
mem[R,0x00000000800051D8] -> 0x00000000800007D4
x9 <- 0x00000000800007D4

mem[X,0x0000000080000C94] -> 0x0333
mem[X,0x0000000080000C96] -> 0x4093
[641] [M]: 0x0000000080000C94 (0x40930333) sub x6, x6, x9                           main+1172
x6 <- 0x000002FFFFFFFFE8

clint mtime 0x0000000000000141 (mip.MTI <- 0b1, mip.STI <- 0b0)
mem[X,0x0000000080000C98] -> 0x0313
mem[X,0x0000000080000C9A] -> 0x0103
[642] [M]: 0x0000000080000C98 (0x01030313) addi x6, x6, 0x10                        main+1176
x6 <- 0x000002FFFFFFFFF8

mem[X,0x0000000080000C9C] -> 0x0497
mem[X,0x0000000080000C9E] -> 0x0000
[643] [M]: 0x0000000080000C9C (0x00000497) auipc x9, 0x0                            main+1180
x9 <- 0x0000000080000C9C

clint mtime 0x0000000000000142 (mip.MTI <- 0b1, mip.STI <- 0b0)
mem[X,0x0000000080000CA0] -> 0x84B3
mem[X,0x0000000080000CA2] -> 0x0064
[644] [M]: 0x0000000080000CA0 (0x006484B3) add x9, x9, x6                           main+1184
x9 <- 0x0000030080000C94

mem[X,0x0000000080000CA4] -> 0x94F3
mem[X,0x0000000080000CA6] -> 0x3414
[645] [M]: 0x0000000080000CA4 (0x341494F3) csrrw x9, mepc, x9                       main+1188
CSR mepc (0x341) <- 0x0000030080000C94
x9 <- 0x0000030080000BDC

clint mtime 0x0000000000000143 (mip.MTI <- 0b1, mip.STI <- 0b0)
mem[X,0x0000000080000CA8] -> 0x0073
mem[X,0x0000000080000CAA] -> 0x3020
[646] [M]: 0x0000000080000CA8 (0x30200073) mret                                     main+1192
CSR mstatus (0x300) <- 0x0000000A00040080
ret-ing from M to S

PTW: Start, vpn=0x30080000, access_type=X, privilege=Smem[R,0x0000000080009030] -> 0x00000000000000CB
PTW: Step, level=3, pte=0xCB, pte_addr=0x80009030
PTW: Success, final_ppn=0x80000, level=3mem[X,0x0000000080000C94] -> 0x0333
mem[X,0x0000000080000C96] -> 0x4093
[647] [S]: 0x0000030080000C94 (0x40930333) sub x6, x6, x9                           va_rvtest_code_begin+1240
x6 <- 0xFFFFFFFF7FFFF41C

clint mtime 0x0000000000000144 (mip.MTI <- 0b1, mip.STI <- 0b0)
mem[X,0x0000000080000C98] -> 0x0313
mem[X,0x0000000080000C9A] -> 0x0103
[648] [S]: 0x0000030080000C98 (0x01030313) addi x6, x6, 0x10                        va_rvtest_code_begin+1244
x6 <- 0xFFFFFFFF7FFFF42C

mem[X,0x0000000080000C9C] -> 0x0497
mem[X,0x0000000080000C9E] -> 0x0000
[649] [S]: 0x0000030080000C9C (0x00000497) auipc x9, 0x0                            va_rvtest_code_begin+1248
x9 <- 0x0000030080000C9C

clint mtime 0x0000000000000145 (mip.MTI <- 0b1, mip.STI <- 0b0)
mem[X,0x0000000080000CA0] -> 0x84B3
mem[X,0x0000000080000CA2] -> 0x0064
[650] [S]: 0x0000030080000CA0 (0x006484B3) add x9, x9, x6                           va_rvtest_code_begin+1252
x9 <- 0x00000300000000C8

mem[X,0x0000000080000CA4] -> 0x94F3
mem[X,0x0000000080000CA6] -> 0x3414
[651] [S]: 0x0000030080000CA4 (0x341494F3) csrrw x9, mepc, x9                       va_rvtest_code_begin+1256
trapping from S to M to handle illegal-instruction
handling exc#illegal-instruction at priv M with tval 0x00000000341494F3
CSR mstatus (0x300) <- 0x0000000A00040800
CSR mcause (0x342) <- 0x0000000000000002
CSR mtval (0x343) <- 0x00000000341494F3
CSR mepc (0x341) <- 0x0000030080000CA4

clint mtime 0x0000000000000146 (mip.MTI <- 0b1, mip.STI <- 0b0)
mem[X,0x0000000080002500] -> 0x006F
mem[X,0x0000000080002502] -> 0x1000
[652] [M]: 0x0000000080002500 (0x1000006F) jal x0, 0x100                            Mtrampoline+0

mem[X,0x0000000080002600] -> 0x1173
mem[X,0x0000000080002602] -> 0x3401
[653] [M]: 0x0000000080002600 (0x34011173) csrrw x2, mscratch, x2                   trap_Mhandler+0
CSR mscratch (0x340) <- 0x0000000000000000
x2 <- 0x0000000080005000

clint mtime 0x0000000000000147 (mip.MTI <- 0b1, mip.STI <- 0b0)
mem[X,0x0000000080002604] -> 0x3423
mem[X,0x0000000080002606] -> 0x28B1
[654] [M]: 0x0000000080002604 (0x28B13423) sd x11, 0x288(x2)                        trap_Mhandler+4
mem[W,0x0000000080005288] <- 0x00000000000000C3

mem[X,0x0000000080002608] -> 0x05EF
mem[X,0x000000008000260A] -> 0x0B80
[655] [M]: 0x0000000080002608 (0x0B8005EF) jal x11, 0xb8                            trap_Mhandler+8
x11 <- 0x000000008000260C

clint mtime 0x0000000000000148 (mip.MTI <- 0b1, mip.STI <- 0b0)
mem[X,0x00000000800026C0] -> 0x3023
mem[X,0x00000000800026C2] -> 0x28A1
[656] [M]: 0x00000000800026C0 (0x28A13023) sd x10, 0x280(x2)                        common_Mhandler+0
mem[W,0x0000000080005280] <- 0x00000000000000C3

mem[X,0x00000000800026C4] -> 0x1573
mem[X,0x00000000800026C6] -> 0x3401
[657] [M]: 0x00000000800026C4 (0x34011573) csrrw x10, mscratch, x2                  common_Mhandler+4
CSR mscratch (0x340) <- 0x0000000080005000
x10 <- 0x0000000000000000

clint mtime 0x0000000000000149 (mip.MTI <- 0b1, mip.STI <- 0b0)
mem[X,0x00000000800026C8] -> 0x3823
mem[X,0x00000000800026CA] -> 0x28A1
[658] [M]: 0x00000000800026C8 (0x28A13823) sd x10, 0x290(x2)                        common_Mhandler+8
mem[W,0x0000000080005290] <- 0x0000000000000000

mem[X,0x00000000800026CC] -> 0x3503
mem[X,0x00000000800026CE] -> 0x2301
[659] [M]: 0x00000000800026CC (0x23013503) ld x10, 0x230(x2)                        common_Mhandler+12
mem[R,0x0000000080005230] -> 0x00000000800026D4
x10 <- 0x00000000800026D4

clint mtime 0x000000000000014A (mip.MTI <- 0b1, mip.STI <- 0b0)
mem[X,0x00000000800026D0] -> 0x0067
mem[X,0x00000000800026D2] -> 0x0005
[660] [M]: 0x00000000800026D0 (0x00050067) jalr x0, 0x0(x10)                        common_Mhandler+16

mem[X,0x00000000800026D4] -> 0x3C23
mem[X,0x00000000800026D6] -> 0x2691
[661] [M]: 0x00000000800026D4 (0x26913C23) sd x9, 0x278(x2)                         common_Mentry+0
mem[W,0x0000000080005278] <- 0x00000300000000C8

clint mtime 0x000000000000014B (mip.MTI <- 0b1, mip.STI <- 0b0)
mem[X,0x00000000800026D8] -> 0x3823
mem[X,0x00000000800026DA] -> 0x2681
[662] [M]: 0x00000000800026D8 (0x26813823) sd x8, 0x270(x2)                         common_Mentry+4
mem[W,0x0000000080005270] <- 0x0000000000007F76

mem[X,0x00000000800026DC] -> 0x3423
mem[X,0x00000000800026DE] -> 0x2671
[663] [M]: 0x00000000800026DC (0x26713423) sd x7, 0x268(x2)                         common_Mentry+8
mem[W,0x0000000080005268] <- 0x0000000080005000

clint mtime 0x000000000000014C (mip.MTI <- 0b1, mip.STI <- 0b0)
mem[X,0x00000000800026E0] -> 0x3023
mem[X,0x00000000800026E2] -> 0x2661
[664] [M]: 0x00000000800026E0 (0x26613023) sd x6, 0x260(x2)                         common_Mentry+12
mem[W,0x0000000080005260] <- 0xFFFFFFFF7FFFF42C

mem[X,0x00000000800026E4] -> 0x2573
mem[X,0x00000000800026E6] -> 0x3420
[665] [M]: 0x00000000800026E4 (0x34202573) csrrs x10, mcause, x0                    spcl_M2mmode_test+0
CSR mcause (0x342) -> 0x0000000000000002
x10 <- 0x0000000000000002

clint mtime 0x000000000000014D (mip.MTI <- 0b1, mip.STI <- 0b0)
mem[X,0x00000000800026E8] -> 0x04B7
mem[X,0x00000000800026EA] -> 0x8000
[666] [M]: 0x00000000800026E8 (0x800004B7) lui x9, -0x80000                         spcl_M2mmode_test+4
x9 <- 0xFFFFFFFF80000000

mem[X,0x00000000800026EC] -> 0x8493
mem[X,0x00000000800026EE] -> 0x0004
[667] [M]: 0x00000000800026EC (0x00048493) addi x9, x9, 0x0                         spcl_M2mmode_test+8
x9 <- 0xFFFFFFFF80000000

clint mtime 0x000000000000014E (mip.MTI <- 0b1, mip.STI <- 0b0)
mem[X,0x00000000800026F0] -> 0x9493
mem[X,0x00000000800026F2] -> 0x00B4
[668] [M]: 0x00000000800026F0 (0x00B49493) slli x9, x9, 0xb                         spcl_M2mmode_test+12
x9 <- 0xFFFFFC0000000000

mem[X,0x00000000800026F4] -> 0x8493
mem[X,0x00000000800026F6] -> 0x0004
[669] [M]: 0x00000000800026F4 (0x00048493) addi x9, x9, 0x0                         spcl_M2mmode_test+16
x9 <- 0xFFFFFC0000000000

clint mtime 0x000000000000014F (mip.MTI <- 0b1, mip.STI <- 0b0)
mem[X,0x00000000800026F8] -> 0x9493
mem[X,0x00000000800026FA] -> 0x00B4
[670] [M]: 0x00000000800026F8 (0x00B49493) slli x9, x9, 0xb                         spcl_M2mmode_test+20
x9 <- 0xFFE0000000000000

mem[X,0x00000000800026FC] -> 0x8493
mem[X,0x00000000800026FE] -> 0x0034
[671] [M]: 0x00000000800026FC (0x00348493) addi x9, x9, 0x3                         spcl_M2mmode_test+24
x9 <- 0xFFE0000000000003

clint mtime 0x0000000000000150 (mip.MTI <- 0b1, mip.STI <- 0b0)
mem[X,0x0000000080002700] -> 0x9493
mem[X,0x0000000080002702] -> 0x00A4
[672] [M]: 0x0000000080002700 (0x00A49493) slli x9, x9, 0xa                         spcl_M2mmode_test+28
x9 <- 0x8000000000000C00

mem[X,0x0000000080002704] -> 0x8493
mem[X,0x0000000080002706] -> 0x3FC4
[673] [M]: 0x0000000080002704 (0x3FC48493) addi x9, x9, 0x3fc                       spcl_M2mmode_test+32
x9 <- 0x8000000000000FFC

clint mtime 0x0000000000000151 (mip.MTI <- 0b1, mip.STI <- 0b0)
mem[X,0x0000000080002708] -> 0xF4B3
mem[X,0x000000008000270A] -> 0x00A4
[674] [M]: 0x0000000080002708 (0x00A4F4B3) and x9, x9, x10                          spcl_M2mmode_test+36
x9 <- 0x0000000000000000

mem[X,0x000000008000270C] -> 0x8493
mem[X,0x000000008000270E] -> 0xFF84
[675] [M]: 0x000000008000270C (0xFF848493) addi x9, x9, -0x8                        spcl_M2mmode_test+40
x9 <- 0xFFFFFFFFFFFFFFF8

clint mtime 0x0000000000000152 (mip.MTI <- 0b1, mip.STI <- 0b0)
mem[X,0x0000000080002710] -> 0x9663
mem[X,0x0000000080002712] -> 0x0004
[676] [M]: 0x0000000080002710 (0x00049663) bne x9, x0, 0xc                          spcl_M2mmode_test+44

mem[X,0x000000008000271C] -> 0x0393
mem[X,0x000000008000271E] -> 0x0200
[677] [M]: 0x000000008000271C (0x02000393) addi x7, x0, 0x20                        Mtrapsig_ptr_upd+0
x7 <- 0x0000000000000020

clint mtime 0x0000000000000153 (mip.MTI <- 0b1, mip.STI <- 0b0)
mem[X,0x0000000080002720] -> 0x5263
mem[X,0x0000000080002722] -> 0x0405
[678] [M]: 0x0000000080002720 (0x04055263) bge x10, x0, 0x44                        Mtrapsig_ptr_upd+4

mem[X,0x0000000080002764] -> 0x2373
mem[X,0x0000000080002766] -> 0x3010
[679] [M]: 0x0000000080002764 (0x30102373) csrrs x6, misa, x0                       Mxcpt_sig_sv+0
CSR misa (0x301) -> 0x800000000034112F
x6 <- 0x800000000034112F

clint mtime 0x0000000000000154 (mip.MTI <- 0b1, mip.STI <- 0b0)
mem[X,0x0000000080002768] -> 0x1313
mem[X,0x000000008000276A] -> 0x0383
[680] [M]: 0x0000000080002768 (0x03831313) slli x6, x6, 0x38                        Mxcpt_sig_sv+4
x6 <- 0x2F00000000000000

mem[X,0x000000008000276C] -> 0x5463
mem[X,0x000000008000276E] -> 0x0003
[681] [M]: 0x000000008000276C (0x00035463) bge x6, x0, 0x8                          Mxcpt_sig_sv+8

clint mtime 0x0000000000000155 (mip.MTI <- 0b1, mip.STI <- 0b0)
mem[X,0x0000000080002774] -> 0x3303
mem[X,0x0000000080002776] -> 0x2181
[682] [M]: 0x0000000080002774 (0x21813303) ld x6, 0x218(x2)                         Mtrap_sig_sv+0
mem[R,0x0000000080005218] -> 0x000000008000A538
x6 <- 0x000000008000A538

mem[X,0x0000000080002778] -> 0x04B3
mem[X,0x000000008000277A] -> 0x0073
[683] [M]: 0x0000000080002778 (0x007304B3) add x9, x6, x7                           Mtrap_sig_sv+4
x9 <- 0x000000008000A558

clint mtime 0x0000000000000156 (mip.MTI <- 0b1, mip.STI <- 0b0)
mem[X,0x000000008000277C] -> 0x3C23
mem[X,0x000000008000277E] -> 0x2091
[684] [M]: 0x000000008000277C (0x20913C23) sd x9, 0x218(x2)                         Mtrap_sig_sv+8
mem[W,0x0000000080005218] <- 0x000000008000A558

mem[X,0x0000000080002780] -> 0x3403
mem[X,0x0000000080002782] -> 0x1F81
[685] [M]: 0x0000000080002780 (0x1F813403) ld x8, 0x1f8(x2)                         Mtrap_sig_sv+12
mem[R,0x00000000800051F8] -> 0x000000008000A110
x8 <- 0x000000008000A110

clint mtime 0x0000000000000157 (mip.MTI <- 0b1, mip.STI <- 0b0)
mem[X,0x0000000080002784] -> 0x0333
mem[X,0x0000000080002786] -> 0x4083
[686] [M]: 0x0000000080002784 (0x40830333) sub x6, x6, x8                           Mtrap_sig_sv+16
x6 <- 0x0000000000000428

mem[X,0x0000000080002788] -> 0x3403
mem[X,0x000000008000278A] -> 0x1F81
[687] [M]: 0x0000000080002788 (0x1F813403) ld x8, 0x1f8(x2)                         Mtrap_sig_sv+20
mem[R,0x00000000800051F8] -> 0x000000008000A110
x8 <- 0x000000008000A110

clint mtime 0x0000000000000158 (mip.MTI <- 0b1, mip.STI <- 0b0)
mem[X,0x000000008000278C] -> 0x0333
mem[X,0x000000008000278E] -> 0x0083
[688] [M]: 0x000000008000278C (0x00830333) add x6, x6, x8                           Mtrap_sig_sv+24
x6 <- 0x000000008000A538

mem[X,0x0000000080002790] -> 0x3403
mem[X,0x0000000080002792] -> 0x2401
[689] [M]: 0x0000000080002790 (0x24013403) ld x8, 0x240(x2)                         Mtrap_sig_sv+28
mem[R,0x0000000080005240] -> 0x0000000080002500
x8 <- 0x0000000080002500

clint mtime 0x0000000000000159 (mip.MTI <- 0b1, mip.STI <- 0b0)
mem[X,0x0000000080002794] -> 0x85B3
mem[X,0x0000000080002796] -> 0x4085
[690] [M]: 0x0000000080002794 (0x408585B3) sub x11, x11, x8                         sv_Mvect+0
x11 <- 0x000000000000010C

mem[X,0x0000000080002798] -> 0x9593
mem[X,0x000000008000279A] -> 0x0045
[691] [M]: 0x0000000080002798 (0x00459593) slli x11, x11, 0x4                       sv_Mvect+4
x11 <- 0x00000000000010C0

clint mtime 0x000000000000015A (mip.MTI <- 0b1, mip.STI <- 0b0)
mem[X,0x000000008000279C] -> 0xE5B3
mem[X,0x000000008000279E] -> 0x0075
[692] [M]: 0x000000008000279C (0x0075E5B3) or x11, x11, x7                          sv_Mvect+8
x11 <- 0x00000000000010E0

mem[X,0x00000000800027A0] -> 0x8593
mem[X,0x00000000800027A2] -> 0x0035
[693] [M]: 0x00000000800027A0 (0x00358593) addi x11, x11, 0x3                       sv_Mvect+12
x11 <- 0x00000000000010E3

clint mtime 0x000000000000015B (mip.MTI <- 0b1, mip.STI <- 0b0)
mem[X,0x00000000800027A4] -> 0x3023
mem[X,0x00000000800027A6] -> 0x00B3
[694] [M]: 0x00000000800027A4 (0x00B33023) sd x11, 0x0(x6)                          sv_Mvect+16
mem[W,0x000000008000A538] <- 0x00000000000010E3

mem[X,0x00000000800027A8] -> 0x3423
mem[X,0x00000000800027AA] -> 0x00A3
[695] [M]: 0x00000000800027A8 (0x00A33423) sd x10, 0x8(x6)                          sv_Mcause+0
mem[W,0x000000008000A540] <- 0x0000000000000002

clint mtime 0x000000000000015C (mip.MTI <- 0b1, mip.STI <- 0b0)
mem[X,0x00000000800027AC] -> 0x4663
mem[X,0x00000000800027AE] -> 0x1A05
[696] [M]: 0x00000000800027AC (0x1A054663) blt x10, x0, 0x1ac                       sv_Mcause+4

mem[X,0x00000000800027B0] -> 0x25F3
mem[X,0x00000000800027B2] -> 0x3000
[697] [M]: 0x00000000800027B0 (0x300025F3) csrrs x11, mstatus, x0                   common_Mexcpt_handler+0
CSR mstatus (0x300) -> 0x0000000A00040800
x11 <- 0x0000000A00040800

clint mtime 0x000000000000015D (mip.MTI <- 0b1, mip.STI <- 0b0)
mem[X,0x00000000800027B4] -> 0x9413
mem[X,0x00000000800027B6] -> 0x02E5
[698] [M]: 0x00000000800027B4 (0x02E59413) slli x8, x11, 0x2e                       common_Mexcpt_handler+4
x8 <- 0x0200000000000000

mem[X,0x00000000800027B8] -> 0x5463
mem[X,0x00000000800027BA] -> 0x0004
[699] [M]: 0x00000000800027B8 (0x00045463) bge x8, x0, 0x8                          common_Mexcpt_handler+8

clint mtime 0x000000000000015E (mip.MTI <- 0b1, mip.STI <- 0b0)
mem[X,0x00000000800027C0] -> 0xD493
mem[X,0x00000000800027C2] -> 0x00B5
[700] [M]: 0x00000000800027C0 (0x00B5D493) srli x9, x11, 0xb                        common_Mexcpt_handler+16
x9 <- 0x0000000001400081

mem[X,0x00000000800027C4] -> 0xF493
mem[X,0x00000000800027C6] -> 0x0034
[701] [M]: 0x00000000800027C4 (0x0034F493) andi x9, x9, 0x3                         common_Mexcpt_handler+20
x9 <- 0x0000000000000001

clint mtime 0x000000000000015F (mip.MTI <- 0b1, mip.STI <- 0b0)
mem[X,0x00000000800027C8] -> 0x8493
mem[X,0x00000000800027CA] -> 0x0014
[702] [M]: 0x00000000800027C8 (0x00148493) addi x9, x9, 0x1                         common_Mexcpt_handler+24
x9 <- 0x0000000000000002

mem[X,0x00000000800027CC] -> 0xF493
mem[X,0x00000000800027CE] -> 0x0044
[703] [M]: 0x00000000800027CC (0x0044F493) andi x9, x9, 0x4                         common_Mexcpt_handler+28
x9 <- 0x0000000000000000

clint mtime 0x0000000000000160 (mip.MTI <- 0b1, mip.STI <- 0b0)
mem[X,0x00000000800027D0] -> 0x0593
mem[X,0x00000000800027D2] -> 0x05D0
[704] [M]: 0x00000000800027D0 (0x05D00593) addi x11, x0, 0x5d                       common_Mexcpt_handler+32
x11 <- 0x000000000000005D

mem[X,0x00000000800027D4] -> 0xD5B3
mem[X,0x00000000800027D6] -> 0x0095
[705] [M]: 0x00000000800027D4 (0x0095D5B3) srl x11, x11, x9                         common_Mexcpt_handler+36
x11 <- 0x000000000000005D

clint mtime 0x0000000000000161 (mip.MTI <- 0b1, mip.STI <- 0b0)
mem[X,0x00000000800027D8] -> 0xF593
mem[X,0x00000000800027DA] -> 0x0015
[706] [M]: 0x00000000800027D8 (0x0015F593) andi x11, x11, 0x1                       common_Mexcpt_handler+40
x11 <- 0x0000000000000001

mem[X,0x00000000800027DC] -> 0x8EE3
mem[X,0x00000000800027DE] -> 0xF405
[707] [M]: 0x00000000800027DC (0xF4058EE3) beq x11, x0, -0xa4                       common_Mexcpt_handler+44

clint mtime 0x0000000000000162 (mip.MTI <- 0b1, mip.STI <- 0b0)
mem[X,0x00000000800027E0] -> 0x0593
mem[X,0x00000000800027E2] -> 0x2980
[708] [M]: 0x00000000800027E0 (0x29800593) addi x11, x0, 0x298                      common_Mexcpt_handler+48
x11 <- 0x0000000000000298

mem[X,0x00000000800027E4] -> 0xF413
mem[X,0x00000000800027E6] -> 0x0014
[709] [M]: 0x00000000800027E4 (0x0014F413) andi x8, x9, 0x1                         common_Mexcpt_handler+52
x8 <- 0x0000000000000000

clint mtime 0x0000000000000163 (mip.MTI <- 0b1, mip.STI <- 0b0)
mem[X,0x00000000800027E8] -> 0x95B3
mem[X,0x00000000800027EA] -> 0x0085
[710] [M]: 0x00000000800027E8 (0x008595B3) sll x11, x11, x8                         common_Mexcpt_handler+56
x11 <- 0x0000000000000298

mem[X,0x00000000800027EC] -> 0x9413
mem[X,0x00000000800027EE] -> 0x03D4
[711] [M]: 0x00000000800027EC (0x03D49413) slli x8, x9, 0x3d                        common_Mexcpt_handler+60
x8 <- 0x0000000000000000

clint mtime 0x0000000000000164 (mip.MTI <- 0b1, mip.STI <- 0b0)
mem[X,0x00000000800027F0] -> 0x5413
mem[X,0x00000000800027F2] -> 0x43F4
[712] [M]: 0x00000000800027F0 (0x43F45413) srai x8, x8, 0x3f                        common_Mexcpt_handler+64
x8 <- 0x0000000000000000

mem[X,0x00000000800027F4] -> 0x4413
mem[X,0x00000000800027F6] -> 0xFFF4
[713] [M]: 0x00000000800027F4 (0xFFF44413) xori x8, x8, -0x1                        common_Mexcpt_handler+68
x8 <- 0xFFFFFFFFFFFFFFFF

clint mtime 0x0000000000000165 (mip.MTI <- 0b1, mip.STI <- 0b0)
mem[X,0x00000000800027F8] -> 0xF4B3
mem[X,0x00000000800027FA] -> 0x0085
[714] [M]: 0x00000000800027F8 (0x0085F4B3) and x9, x11, x8                          common_Mexcpt_handler+72
x9 <- 0x0000000000000298

mem[X,0x00000000800027FC] -> 0x84B3
mem[X,0x00000000800027FE] -> 0x0024
[715] [M]: 0x00000000800027FC (0x002484B3) add x9, x9, x2                           vmem_adj_Mepc+0
x9 <- 0x0000000080005298

clint mtime 0x0000000000000166 (mip.MTI <- 0b1, mip.STI <- 0b0)
mem[X,0x0000000080002800] -> 0x23F3
mem[X,0x0000000080002802] -> 0x3410
[716] [M]: 0x0000000080002800 (0x341023F3) csrrs x7, mepc, x0                       vmem_adj_Mepc+4
CSR mepc (0x341) -> 0x0000030080000CA4
x7 <- 0x0000030080000CA4

mem[X,0x0000000080002804] -> 0x0413
mem[X,0x0000000080002806] -> 0x0004
[717] [M]: 0x0000000080002804 (0x00040413) addi x8, x8, 0x0                         vmem_adj_Mepc+8
x8 <- 0xFFFFFFFFFFFFFFFF

clint mtime 0x0000000000000167 (mip.MTI <- 0b1, mip.STI <- 0b0)
mem[X,0x0000000080002808] -> 0x006F
mem[X,0x000000008000280A] -> 0x0400
[718] [M]: 0x0000000080002808 (0x0400006F) jal x0, 0x40                             vmem_adj_Mepc+12

mem[X,0x0000000080002848] -> 0x8433
mem[X,0x000000008000284A] -> 0x4083
[719] [M]: 0x0000000080002848 (0x40838433) sub x8, x7, x8                           adj_Mepc+0
x8 <- 0x0000030080000CA5

clint mtime 0x0000000000000168 (mip.MTI <- 0b1, mip.STI <- 0b0)
mem[X,0x000000008000284C] -> 0x3823
mem[X,0x000000008000284E] -> 0x0083
[720] [M]: 0x000000008000284C (0x00833823) sd x8, 0x10(x6)                          sv_Mepc+0
mem[W,0x000000008000A548] <- 0x0000030080000CA5

mem[X,0x0000000080002850] -> 0x55B7
mem[X,0x0000000080002852] -> 0x0000
[721] [M]: 0x0000000080002850 (0x000055B7) lui x11, 0x5                             sv_Mepc+4
x11 <- 0x0000000000005000

clint mtime 0x0000000000000169 (mip.MTI <- 0b1, mip.STI <- 0b0)
mem[X,0x0000000080002854] -> 0x8593
mem[X,0x0000000080002856] -> 0x6675
[722] [M]: 0x0000000080002854 (0x66758593) addi x11, x11, 0x667                     sv_Mepc+8
x11 <- 0x0000000000005667

mem[X,0x0000000080002858] -> 0x9593
mem[X,0x000000008000285A] -> 0x0015
[723] [M]: 0x0000000080002858 (0x00159593) slli x11, x11, 0x1                       sv_Mepc+12
x11 <- 0x000000000000ACCE

clint mtime 0x000000000000016A (mip.MTI <- 0b1, mip.STI <- 0b0)
mem[X,0x000000008000285C] -> 0x9063
mem[X,0x000000008000285E] -> 0x02B1
[724] [M]: 0x000000008000285C (0x02B19063) bne x3, x11, 0x20                        sv_Mepc+16

mem[X,0x0000000080002860] -> 0x2473
mem[X,0x0000000080002862] -> 0x3420
[725] [M]: 0x0000000080002860 (0x34202473) csrrs x8, mcause, x0                     sv_Mepc+20
CSR mcause (0x342) -> 0x0000000000000002
x8 <- 0x0000000000000002

clint mtime 0x000000000000016B (mip.MTI <- 0b1, mip.STI <- 0b0)
mem[X,0x0000000080002864] -> 0x0593
mem[X,0x0000000080002866] -> 0x00C0
[726] [M]: 0x0000000080002864 (0x00C00593) addi x11, x0, 0xc                        sv_Mepc+24
x11 <- 0x000000000000000C

mem[X,0x0000000080002868] -> 0x0663
mem[X,0x000000008000286A] -> 0x00B4
[727] [M]: 0x0000000080002868 (0x00B40663) beq x8, x11, 0xc                         sv_Mepc+28

clint mtime 0x000000000000016C (mip.MTI <- 0b1, mip.STI <- 0b0)
mem[X,0x000000008000286C] -> 0x0593
mem[X,0x000000008000286E] -> 0x0010
[728] [M]: 0x000000008000286C (0x00100593) addi x11, x0, 0x1                        sv_Mepc+32
x11 <- 0x0000000000000001

mem[X,0x0000000080002870] -> 0x1663
mem[X,0x0000000080002872] -> 0x00B4
[729] [M]: 0x0000000080002870 (0x00B41663) bne x8, x11, 0xc                         sv_Mepc+36

clint mtime 0x000000000000016D (mip.MTI <- 0b1, mip.STI <- 0b0)
mem[X,0x000000008000287C] -> 0xF593
mem[X,0x000000008000287E] -> 0xFFC3
[730] [M]: 0x000000008000287C (0xFFC3F593) andi x11, x7, -0x4                       adj_Mepc_rtn+0
x11 <- 0x0000030080000CA4

mem[X,0x0000000080002880] -> 0x8593
mem[X,0x0000000080002882] -> 0x0085
[731] [M]: 0x0000000080002880 (0x00858593) addi x11, x11, 0x8                       adj_Mepc_rtn+4
x11 <- 0x0000030080000CAC

clint mtime 0x000000000000016E (mip.MTI <- 0b1, mip.STI <- 0b0)
mem[X,0x0000000080002884] -> 0x9073
mem[X,0x0000000080002886] -> 0x3415
[732] [M]: 0x0000000080002884 (0x34159073) csrrw x0, mepc, x11                      adj_Mepc_rtn+8
CSR mepc (0x341) <- 0x0000030080000CAC

mem[X,0x0000000080002888] -> 0x23F3
mem[X,0x000000008000288A] -> 0x3430
[733] [M]: 0x0000000080002888 (0x343023F3) csrrs x7, mtval, x0                      skp_adj_Mepc+0
CSR mtval (0x343) -> 0x00000000341494F3
x7 <- 0x00000000341494F3

clint mtime 0x000000000000016F (mip.MTI <- 0b1, mip.STI <- 0b0)
mem[X,0x000000008000288C] -> 0x0413
mem[X,0x000000008000288E] -> 0x0004
[734] [M]: 0x000000008000288C (0x00040413) addi x8, x8, 0x0                         skp_adj_Mepc+4
x8 <- 0x0000000000000002

mem[X,0x0000000080002890] -> 0x006F
mem[X,0x0000000080002892] -> 0x0840
[735] [M]: 0x0000000080002890 (0x0840006F) jal x0, 0x84                             skp_adj_Mepc+8

clint mtime 0x0000000000000170 (mip.MTI <- 0b1, mip.STI <- 0b0)
mem[X,0x0000000080002914] -> 0x8433
mem[X,0x0000000080002916] -> 0x4083
[736] [M]: 0x0000000080002914 (0x40838433) sub x8, x7, x8                           adj_Mtval+0
x8 <- 0x00000000341494F1

mem[X,0x0000000080002918] -> 0x3C23
mem[X,0x000000008000291A] -> 0x0083
[737] [M]: 0x0000000080002918 (0x00833C23) sd x8, 0x18(x6)                          sv_Mtval+0
mem[W,0x000000008000A550] <- 0x00000000341494F1

clint mtime 0x0000000000000171 (mip.MTI <- 0b1, mip.STI <- 0b0)
mem[X,0x000000008000291C] -> 0x3483
mem[X,0x000000008000291E] -> 0x2181
[738] [M]: 0x000000008000291C (0x21813483) ld x9, 0x218(x2)                         skp_Mtval+0
mem[R,0x0000000080005218] -> 0x000000008000A558
x9 <- 0x000000008000A558

mem[X,0x0000000080002920] -> 0x3383
mem[X,0x0000000080002922] -> 0x1F81
[739] [M]: 0x0000000080002920 (0x1F813383) ld x7, 0x1f8(x2)                         skp_Mtval+4
mem[R,0x00000000800051F8] -> 0x000000008000A110
x7 <- 0x000000008000A110

clint mtime 0x0000000000000172 (mip.MTI <- 0b1, mip.STI <- 0b0)
mem[X,0x0000000080002924] -> 0x3303
mem[X,0x0000000080002926] -> 0x2001
[740] [M]: 0x0000000080002924 (0x20013303) ld x6, 0x200(x2)                         skp_Mtval+8
mem[R,0x0000000080005200] -> 0x0000000000000610
x6 <- 0x0000000000000610

mem[X,0x0000000080002928] -> 0x0333
mem[X,0x000000008000292A] -> 0x0073
[741] [M]: 0x0000000080002928 (0x00730333) add x6, x6, x7                           skp_Mtval+12
x6 <- 0x000000008000A720

clint mtime 0x0000000000000173 (mip.MTI <- 0b1, mip.STI <- 0b0)
mem[X,0x000000008000292C] -> 0x6AE3
mem[X,0x000000008000292E] -> 0xAE93
[742] [M]: 0x000000008000292C (0xAE936AE3) bltu x6, x9, -0x50c                      skp_Mtval+16

mem[X,0x0000000080002930] -> 0x0393
mem[X,0x0000000080002932] -> 0x2000
[743] [M]: 0x0000000080002930 (0x20000393) addi x7, x0, 0x200                       skp_Mtval+20
x7 <- 0x0000000000000200

clint mtime 0x0000000000000174 (mip.MTI <- 0b1, mip.STI <- 0b0)
mem[X,0x0000000080002934] -> 0x006F
mem[X,0x0000000080002936] -> 0x0400
[744] [M]: 0x0000000080002934 (0x0400006F) jal x0, 0x40                             skp_Mtval+24

mem[X,0x0000000080002974] -> 0x0417
mem[X,0x0000000080002976] -> 0x0000
[745] [M]: 0x0000000080002974 (0x00000417) auipc x8, 0x0                            spcl_Mhandler+0
x8 <- 0x0000000080002974

clint mtime 0x0000000000000175 (mip.MTI <- 0b1, mip.STI <- 0b0)
mem[X,0x0000000080002978] -> 0x0413
mem[X,0x000000008000297A] -> 0x03C4
[746] [M]: 0x0000000080002978 (0x03C40413) addi x8, x8, 0x3c                        spcl_Mhandler+4
x8 <- 0x00000000800029B0

mem[X,0x000000008000297C] -> 0x0433
mem[X,0x000000008000297E] -> 0x0074
[747] [M]: 0x000000008000297C (0x00740433) add x8, x8, x7                           spcl_Mhandler+8
x8 <- 0x0000000080002BB0

clint mtime 0x0000000000000176 (mip.MTI <- 0b1, mip.STI <- 0b0)
mem[X,0x0000000080002980] -> 0x1393
mem[X,0x0000000080002982] -> 0x0035
[748] [M]: 0x0000000080002980 (0x00351393) slli x7, x10, 0x3                        spcl_Mhandler+12
x7 <- 0x0000000000000010

mem[X,0x0000000080002984] -> 0x0433
mem[X,0x0000000080002986] -> 0x0074
[749] [M]: 0x0000000080002984 (0x00740433) add x8, x8, x7                           spcl_Mhandler+16
x8 <- 0x0000000080002BC0

clint mtime 0x0000000000000177 (mip.MTI <- 0b1, mip.STI <- 0b0)
mem[X,0x0000000080002988] -> 0x7413
mem[X,0x000000008000298A] -> 0xFF84
[750] [M]: 0x0000000080002988 (0xFF847413) andi x8, x8, -0x8                        spcl_Mhandler+20
x8 <- 0x0000000080002BC0

mem[X,0x000000008000298C] -> 0x3403
mem[X,0x000000008000298E] -> 0x0004
[751] [M]: 0x000000008000298C (0x00043403) ld x8, 0x0(x8)                           spcl_Mhandler+24
mem[R,0x0000000080002BC0] -> 0x0000000000000005
x8 <- 0x0000000000000005

clint mtime 0x0000000000000178 (mip.MTI <- 0b1, mip.STI <- 0b0)
mem[X,0x0000000080002990] -> 0x02E3
mem[X,0x0000000080002992] -> 0xB204
[752] [M]: 0x0000000080002990 (0xB20402E3) beq x8, x0, -0x4dc                       spcl_Mdispatch_hndling+0

mem[X,0x0000000080002994] -> 0x1393
mem[X,0x0000000080002996] -> 0x03F4
[753] [M]: 0x0000000080002994 (0x03F41393) slli x7, x8, 0x3f                        spcl_Mdispatch_hndling+4
x7 <- 0x8000000000000000

clint mtime 0x0000000000000179 (mip.MTI <- 0b1, mip.STI <- 0b0)
mem[X,0x0000000080002998] -> 0xD863
mem[X,0x000000008000299A] -> 0x0003
[754] [M]: 0x0000000080002998 (0x0003D863) bge x7, x0, 0x10                         spcl_Mdispatch_hndling+8

mem[X,0x000000008000299C] -> 0x5413
mem[X,0x000000008000299E] -> 0x0014
[755] [M]: 0x000000008000299C (0x00145413) srli x8, x8, 0x1                         spcl_Mdispatch_hndling+12
x8 <- 0x0000000000000002

clint mtime 0x000000000000017A (mip.MTI <- 0b1, mip.STI <- 0b0)
mem[X,0x00000000800029A0] -> 0x0CE3
mem[X,0x00000000800029A2] -> 0xF885
[756] [M]: 0x00000000800029A0 (0xF8850CE3) beq x10, x8, -0x68                       spcl_Mdispatch_hndling+16

mem[X,0x0000000080002938] -> 0x3303
mem[X,0x000000008000293A] -> 0x2601
[757] [M]: 0x0000000080002938 (0x26013303) ld x6, 0x260(x2)                         resto_Mrtn+0
mem[R,0x0000000080005260] -> 0xFFFFFFFF7FFFF42C
x6 <- 0xFFFFFFFF7FFFF42C

clint mtime 0x000000000000017B (mip.MTI <- 0b1, mip.STI <- 0b0)
mem[X,0x000000008000293C] -> 0x3383
mem[X,0x000000008000293E] -> 0x2681
[758] [M]: 0x000000008000293C (0x26813383) ld x7, 0x268(x2)                         resto_Mrtn+4
mem[R,0x0000000080005268] -> 0x0000000080005000
x7 <- 0x0000000080005000

mem[X,0x0000000080002940] -> 0x3403
mem[X,0x0000000080002942] -> 0x2701
[759] [M]: 0x0000000080002940 (0x27013403) ld x8, 0x270(x2)                         resto_Mrtn+8
mem[R,0x0000000080005270] -> 0x0000000000007F76
x8 <- 0x0000000000007F76

clint mtime 0x000000000000017C (mip.MTI <- 0b1, mip.STI <- 0b0)
mem[X,0x0000000080002944] -> 0x3483
mem[X,0x0000000080002946] -> 0x2781
[760] [M]: 0x0000000080002944 (0x27813483) ld x9, 0x278(x2)                         resto_Mrtn+12
mem[R,0x0000000080005278] -> 0x00000300000000C8
x9 <- 0x00000300000000C8

mem[X,0x0000000080002948] -> 0x3503
mem[X,0x000000008000294A] -> 0x2801
[761] [M]: 0x0000000080002948 (0x28013503) ld x10, 0x280(x2)                        resto_Mrtn+16
mem[R,0x0000000080005280] -> 0x00000000000000C3
x10 <- 0x00000000000000C3

clint mtime 0x000000000000017D (mip.MTI <- 0b1, mip.STI <- 0b0)
mem[X,0x000000008000294C] -> 0x3583
mem[X,0x000000008000294E] -> 0x2881
[762] [M]: 0x000000008000294C (0x28813583) ld x11, 0x288(x2)                        resto_Mrtn+20
mem[R,0x0000000080005288] -> 0x00000000000000C3
x11 <- 0x00000000000000C3

mem[X,0x0000000080002950] -> 0x3103
mem[X,0x0000000080002952] -> 0x2901
[763] [M]: 0x0000000080002950 (0x29013103) ld x2, 0x290(x2)                         resto_Mrtn+24
mem[R,0x0000000080005290] -> 0x0000000000000000
x2 <- 0x0000000000000000

clint mtime 0x000000000000017E (mip.MTI <- 0b1, mip.STI <- 0b0)
mem[X,0x0000000080002954] -> 0x0073
mem[X,0x0000000080002956] -> 0x3020
[764] [M]: 0x0000000080002954 (0x30200073) mret                                     resto_Mrtn+28
CSR mstatus (0x300) <- 0x0000000A00040080
ret-ing from M to S

mem[X,0x0000000080000CAC] -> 0x07B7
mem[X,0x0000000080000CAE] -> 0x0000
[765] [S]: 0x0000030080000CAC (0x000007B7) lui x15, 0x0                             va_rvtest_code_begin+1264
x15 <- 0x0000000000000000

clint mtime 0x000000000000017F (mip.MTI <- 0b1, mip.STI <- 0b0)
mem[X,0x0000000080000CB0] -> 0x8793
mem[X,0x0000000080000CB2] -> 0x2807
[766] [S]: 0x0000030080000CB0 (0x28078793) addi x15, x15, 0x280                     va_rvtest_code_begin+1268
x15 <- 0x0000000000000280

mem[X,0x0000000080000CB4] -> 0x9793
mem[X,0x0000000080000CB6] -> 0x00B7
[767] [S]: 0x0000030080000CB4 (0x00B79793) slli x15, x15, 0xb                       va_rvtest_code_begin+1272
x15 <- 0x0000000000140000

clint mtime 0x0000000000000180 (mip.MTI <- 0b1, mip.STI <- 0b0)
mem[X,0x0000000080000CB8] -> 0x8793
mem[X,0x0000000080000CBA] -> 0x4007
[768] [S]: 0x0000030080000CB8 (0x40078793) addi x15, x15, 0x400                     va_rvtest_code_begin+1276
x15 <- 0x0000000000140400

mem[X,0x0000000080000CBC] -> 0x9793
mem[X,0x0000000080000CBE] -> 0x00B7
[769] [S]: 0x0000030080000CBC (0x00B79793) slli x15, x15, 0xb                       va_rvtest_code_begin+1280
x15 <- 0x00000000A0200000

clint mtime 0x0000000000000181 (mip.MTI <- 0b1, mip.STI <- 0b0)
mem[X,0x0000000080000CC0] -> 0x8793
mem[X,0x0000000080000CC2] -> 0x0017
[770] [S]: 0x0000030080000CC0 (0x00178793) addi x15, x15, 0x1                       va_rvtest_code_begin+1284
x15 <- 0x00000000A0200001

mem[X,0x0000000080000CC4] -> 0x9793
mem[X,0x0000000080000CC6] -> 0x00A7
[771] [S]: 0x0000030080000CC4 (0x00A79793) slli x15, x15, 0xa                       va_rvtest_code_begin+1288
x15 <- 0x0000028080000400

clint mtime 0x0000000000000182 (mip.MTI <- 0b1, mip.STI <- 0b0)
mem[X,0x0000000080000CC8] -> 0x0613
mem[X,0x0000000080000CCA] -> 0x0106
[772] [S]: 0x0000030080000CC8 (0x01060613) addi x12, x12, 0x10                      va_rvtest_code_begin+1292
x12 <- 0x0000000000000020

mem[X,0x0000000080000CCC] -> 0xAA23
mem[X,0x0000000080000CCE] -> 0x00C7
[773] [S]: 0x0000030080000CCC (0x00C7AA23) sw x12, 0x14(x15)                        va_rvtest_code_begin+1296
PTW: Start, vpn=0x28080000, access_type=W, privilege=Smem[R,0x0000000080009028] -> 0x00000000000000C3
PTW: Step, level=3, pte=0xC3, pte_addr=0x80009028
PTW: failed, error=no-permission, level=3, pte_addr=0x80009028
trapping from S to M to handle store/amo-page-fault
handling exc#store/amo-page-fault at priv M with tval 0x0000028080000414
CSR mstatus (0x300) <- 0x0000000A00040800
CSR mcause (0x342) <- 0x000000000000000F
CSR mtval (0x343) <- 0x0000028080000414
CSR mepc (0x341) <- 0x0000030080000CCC

clint mtime 0x0000000000000183 (mip.MTI <- 0b1, mip.STI <- 0b0)
mem[X,0x0000000080002500] -> 0x006F
mem[X,0x0000000080002502] -> 0x1000
[774] [M]: 0x0000000080002500 (0x1000006F) jal x0, 0x100                            Mtrampoline+0

mem[X,0x0000000080002600] -> 0x1173
mem[X,0x0000000080002602] -> 0x3401
[775] [M]: 0x0000000080002600 (0x34011173) csrrw x2, mscratch, x2                   trap_Mhandler+0
CSR mscratch (0x340) <- 0x0000000000000000
x2 <- 0x0000000080005000

clint mtime 0x0000000000000184 (mip.MTI <- 0b1, mip.STI <- 0b0)
mem[X,0x0000000080002604] -> 0x3423
mem[X,0x0000000080002606] -> 0x28B1
[776] [M]: 0x0000000080002604 (0x28B13423) sd x11, 0x288(x2)                        trap_Mhandler+4
mem[W,0x0000000080005288] <- 0x00000000000000C3

mem[X,0x0000000080002608] -> 0x05EF
mem[X,0x000000008000260A] -> 0x0B80
[777] [M]: 0x0000000080002608 (0x0B8005EF) jal x11, 0xb8                            trap_Mhandler+8
x11 <- 0x000000008000260C

clint mtime 0x0000000000000185 (mip.MTI <- 0b1, mip.STI <- 0b0)
mem[X,0x00000000800026C0] -> 0x3023
mem[X,0x00000000800026C2] -> 0x28A1
[778] [M]: 0x00000000800026C0 (0x28A13023) sd x10, 0x280(x2)                        common_Mhandler+0
mem[W,0x0000000080005280] <- 0x00000000000000C3

mem[X,0x00000000800026C4] -> 0x1573
mem[X,0x00000000800026C6] -> 0x3401
[779] [M]: 0x00000000800026C4 (0x34011573) csrrw x10, mscratch, x2                  common_Mhandler+4
CSR mscratch (0x340) <- 0x0000000080005000
x10 <- 0x0000000000000000

clint mtime 0x0000000000000186 (mip.MTI <- 0b1, mip.STI <- 0b0)
mem[X,0x00000000800026C8] -> 0x3823
mem[X,0x00000000800026CA] -> 0x28A1
[780] [M]: 0x00000000800026C8 (0x28A13823) sd x10, 0x290(x2)                        common_Mhandler+8
mem[W,0x0000000080005290] <- 0x0000000000000000

mem[X,0x00000000800026CC] -> 0x3503
mem[X,0x00000000800026CE] -> 0x2301
[781] [M]: 0x00000000800026CC (0x23013503) ld x10, 0x230(x2)                        common_Mhandler+12
mem[R,0x0000000080005230] -> 0x00000000800026D4
x10 <- 0x00000000800026D4

clint mtime 0x0000000000000187 (mip.MTI <- 0b1, mip.STI <- 0b0)
mem[X,0x00000000800026D0] -> 0x0067
mem[X,0x00000000800026D2] -> 0x0005
[782] [M]: 0x00000000800026D0 (0x00050067) jalr x0, 0x0(x10)                        common_Mhandler+16

mem[X,0x00000000800026D4] -> 0x3C23
mem[X,0x00000000800026D6] -> 0x2691
[783] [M]: 0x00000000800026D4 (0x26913C23) sd x9, 0x278(x2)                         common_Mentry+0
mem[W,0x0000000080005278] <- 0x00000300000000C8

clint mtime 0x0000000000000188 (mip.MTI <- 0b1, mip.STI <- 0b0)
mem[X,0x00000000800026D8] -> 0x3823
mem[X,0x00000000800026DA] -> 0x2681
[784] [M]: 0x00000000800026D8 (0x26813823) sd x8, 0x270(x2)                         common_Mentry+4
mem[W,0x0000000080005270] <- 0x0000000000007F76

mem[X,0x00000000800026DC] -> 0x3423
mem[X,0x00000000800026DE] -> 0x2671
[785] [M]: 0x00000000800026DC (0x26713423) sd x7, 0x268(x2)                         common_Mentry+8
mem[W,0x0000000080005268] <- 0x0000000080005000

clint mtime 0x0000000000000189 (mip.MTI <- 0b1, mip.STI <- 0b0)
mem[X,0x00000000800026E0] -> 0x3023
mem[X,0x00000000800026E2] -> 0x2661
[786] [M]: 0x00000000800026E0 (0x26613023) sd x6, 0x260(x2)                         common_Mentry+12
mem[W,0x0000000080005260] <- 0xFFFFFFFF7FFFF42C

mem[X,0x00000000800026E4] -> 0x2573
mem[X,0x00000000800026E6] -> 0x3420
[787] [M]: 0x00000000800026E4 (0x34202573) csrrs x10, mcause, x0                    spcl_M2mmode_test+0
CSR mcause (0x342) -> 0x000000000000000F
x10 <- 0x000000000000000F

clint mtime 0x000000000000018A (mip.MTI <- 0b1, mip.STI <- 0b0)
mem[X,0x00000000800026E8] -> 0x04B7
mem[X,0x00000000800026EA] -> 0x8000
[788] [M]: 0x00000000800026E8 (0x800004B7) lui x9, -0x80000                         spcl_M2mmode_test+4
x9 <- 0xFFFFFFFF80000000

mem[X,0x00000000800026EC] -> 0x8493
mem[X,0x00000000800026EE] -> 0x0004
[789] [M]: 0x00000000800026EC (0x00048493) addi x9, x9, 0x0                         spcl_M2mmode_test+8
x9 <- 0xFFFFFFFF80000000

clint mtime 0x000000000000018B (mip.MTI <- 0b1, mip.STI <- 0b0)
mem[X,0x00000000800026F0] -> 0x9493
mem[X,0x00000000800026F2] -> 0x00B4
[790] [M]: 0x00000000800026F0 (0x00B49493) slli x9, x9, 0xb                         spcl_M2mmode_test+12
x9 <- 0xFFFFFC0000000000

mem[X,0x00000000800026F4] -> 0x8493
mem[X,0x00000000800026F6] -> 0x0004
[791] [M]: 0x00000000800026F4 (0x00048493) addi x9, x9, 0x0                         spcl_M2mmode_test+16
x9 <- 0xFFFFFC0000000000

clint mtime 0x000000000000018C (mip.MTI <- 0b1, mip.STI <- 0b0)
mem[X,0x00000000800026F8] -> 0x9493
mem[X,0x00000000800026FA] -> 0x00B4
[792] [M]: 0x00000000800026F8 (0x00B49493) slli x9, x9, 0xb                         spcl_M2mmode_test+20
x9 <- 0xFFE0000000000000

mem[X,0x00000000800026FC] -> 0x8493
mem[X,0x00000000800026FE] -> 0x0034
[793] [M]: 0x00000000800026FC (0x00348493) addi x9, x9, 0x3                         spcl_M2mmode_test+24
x9 <- 0xFFE0000000000003

clint mtime 0x000000000000018D (mip.MTI <- 0b1, mip.STI <- 0b0)
mem[X,0x0000000080002700] -> 0x9493
mem[X,0x0000000080002702] -> 0x00A4
[794] [M]: 0x0000000080002700 (0x00A49493) slli x9, x9, 0xa                         spcl_M2mmode_test+28
x9 <- 0x8000000000000C00

mem[X,0x0000000080002704] -> 0x8493
mem[X,0x0000000080002706] -> 0x3FC4
[795] [M]: 0x0000000080002704 (0x3FC48493) addi x9, x9, 0x3fc                       spcl_M2mmode_test+32
x9 <- 0x8000000000000FFC

clint mtime 0x000000000000018E (mip.MTI <- 0b1, mip.STI <- 0b0)
mem[X,0x0000000080002708] -> 0xF4B3
mem[X,0x000000008000270A] -> 0x00A4
[796] [M]: 0x0000000080002708 (0x00A4F4B3) and x9, x9, x10                          spcl_M2mmode_test+36
x9 <- 0x000000000000000C

mem[X,0x000000008000270C] -> 0x8493
mem[X,0x000000008000270E] -> 0xFF84
[797] [M]: 0x000000008000270C (0xFF848493) addi x9, x9, -0x8                        spcl_M2mmode_test+40
x9 <- 0x0000000000000004

clint mtime 0x000000000000018F (mip.MTI <- 0b1, mip.STI <- 0b0)
mem[X,0x0000000080002710] -> 0x9663
mem[X,0x0000000080002712] -> 0x0004
[798] [M]: 0x0000000080002710 (0x00049663) bne x9, x0, 0xc                          spcl_M2mmode_test+44

mem[X,0x000000008000271C] -> 0x0393
mem[X,0x000000008000271E] -> 0x0200
[799] [M]: 0x000000008000271C (0x02000393) addi x7, x0, 0x20                        Mtrapsig_ptr_upd+0
x7 <- 0x0000000000000020

clint mtime 0x0000000000000190 (mip.MTI <- 0b1, mip.STI <- 0b0)
mem[X,0x0000000080002720] -> 0x5263
mem[X,0x0000000080002722] -> 0x0405
[800] [M]: 0x0000000080002720 (0x04055263) bge x10, x0, 0x44                        Mtrapsig_ptr_upd+4

mem[X,0x0000000080002764] -> 0x2373
mem[X,0x0000000080002766] -> 0x3010
[801] [M]: 0x0000000080002764 (0x30102373) csrrs x6, misa, x0                       Mxcpt_sig_sv+0
CSR misa (0x301) -> 0x800000000034112F
x6 <- 0x800000000034112F

clint mtime 0x0000000000000191 (mip.MTI <- 0b1, mip.STI <- 0b0)
mem[X,0x0000000080002768] -> 0x1313
mem[X,0x000000008000276A] -> 0x0383
[802] [M]: 0x0000000080002768 (0x03831313) slli x6, x6, 0x38                        Mxcpt_sig_sv+4
x6 <- 0x2F00000000000000

mem[X,0x000000008000276C] -> 0x5463
mem[X,0x000000008000276E] -> 0x0003
[803] [M]: 0x000000008000276C (0x00035463) bge x6, x0, 0x8                          Mxcpt_sig_sv+8

clint mtime 0x0000000000000192 (mip.MTI <- 0b1, mip.STI <- 0b0)
mem[X,0x0000000080002774] -> 0x3303
mem[X,0x0000000080002776] -> 0x2181
[804] [M]: 0x0000000080002774 (0x21813303) ld x6, 0x218(x2)                         Mtrap_sig_sv+0
mem[R,0x0000000080005218] -> 0x000000008000A558
x6 <- 0x000000008000A558

mem[X,0x0000000080002778] -> 0x04B3
mem[X,0x000000008000277A] -> 0x0073
[805] [M]: 0x0000000080002778 (0x007304B3) add x9, x6, x7                           Mtrap_sig_sv+4
x9 <- 0x000000008000A578

clint mtime 0x0000000000000193 (mip.MTI <- 0b1, mip.STI <- 0b0)
mem[X,0x000000008000277C] -> 0x3C23
mem[X,0x000000008000277E] -> 0x2091
[806] [M]: 0x000000008000277C (0x20913C23) sd x9, 0x218(x2)                         Mtrap_sig_sv+8
mem[W,0x0000000080005218] <- 0x000000008000A578

mem[X,0x0000000080002780] -> 0x3403
mem[X,0x0000000080002782] -> 0x1F81
[807] [M]: 0x0000000080002780 (0x1F813403) ld x8, 0x1f8(x2)                         Mtrap_sig_sv+12
mem[R,0x00000000800051F8] -> 0x000000008000A110
x8 <- 0x000000008000A110

clint mtime 0x0000000000000194 (mip.MTI <- 0b1, mip.STI <- 0b0)
mem[X,0x0000000080002784] -> 0x0333
mem[X,0x0000000080002786] -> 0x4083
[808] [M]: 0x0000000080002784 (0x40830333) sub x6, x6, x8                           Mtrap_sig_sv+16
x6 <- 0x0000000000000448

mem[X,0x0000000080002788] -> 0x3403
mem[X,0x000000008000278A] -> 0x1F81
[809] [M]: 0x0000000080002788 (0x1F813403) ld x8, 0x1f8(x2)                         Mtrap_sig_sv+20
mem[R,0x00000000800051F8] -> 0x000000008000A110
x8 <- 0x000000008000A110

clint mtime 0x0000000000000195 (mip.MTI <- 0b1, mip.STI <- 0b0)
mem[X,0x000000008000278C] -> 0x0333
mem[X,0x000000008000278E] -> 0x0083
[810] [M]: 0x000000008000278C (0x00830333) add x6, x6, x8                           Mtrap_sig_sv+24
x6 <- 0x000000008000A558

mem[X,0x0000000080002790] -> 0x3403
mem[X,0x0000000080002792] -> 0x2401
[811] [M]: 0x0000000080002790 (0x24013403) ld x8, 0x240(x2)                         Mtrap_sig_sv+28
mem[R,0x0000000080005240] -> 0x0000000080002500
x8 <- 0x0000000080002500

clint mtime 0x0000000000000196 (mip.MTI <- 0b1, mip.STI <- 0b0)
mem[X,0x0000000080002794] -> 0x85B3
mem[X,0x0000000080002796] -> 0x4085
[812] [M]: 0x0000000080002794 (0x408585B3) sub x11, x11, x8                         sv_Mvect+0
x11 <- 0x000000000000010C

mem[X,0x0000000080002798] -> 0x9593
mem[X,0x000000008000279A] -> 0x0045
[813] [M]: 0x0000000080002798 (0x00459593) slli x11, x11, 0x4                       sv_Mvect+4
x11 <- 0x00000000000010C0

clint mtime 0x0000000000000197 (mip.MTI <- 0b1, mip.STI <- 0b0)
mem[X,0x000000008000279C] -> 0xE5B3
mem[X,0x000000008000279E] -> 0x0075
[814] [M]: 0x000000008000279C (0x0075E5B3) or x11, x11, x7                          sv_Mvect+8
x11 <- 0x00000000000010E0

mem[X,0x00000000800027A0] -> 0x8593
mem[X,0x00000000800027A2] -> 0x0035
[815] [M]: 0x00000000800027A0 (0x00358593) addi x11, x11, 0x3                       sv_Mvect+12
x11 <- 0x00000000000010E3

clint mtime 0x0000000000000198 (mip.MTI <- 0b1, mip.STI <- 0b0)
mem[X,0x00000000800027A4] -> 0x3023
mem[X,0x00000000800027A6] -> 0x00B3
[816] [M]: 0x00000000800027A4 (0x00B33023) sd x11, 0x0(x6)                          sv_Mvect+16
mem[W,0x000000008000A558] <- 0x00000000000010E3

mem[X,0x00000000800027A8] -> 0x3423
mem[X,0x00000000800027AA] -> 0x00A3
[817] [M]: 0x00000000800027A8 (0x00A33423) sd x10, 0x8(x6)                          sv_Mcause+0
mem[W,0x000000008000A560] <- 0x000000000000000F

clint mtime 0x0000000000000199 (mip.MTI <- 0b1, mip.STI <- 0b0)
mem[X,0x00000000800027AC] -> 0x4663
mem[X,0x00000000800027AE] -> 0x1A05
[818] [M]: 0x00000000800027AC (0x1A054663) blt x10, x0, 0x1ac                       sv_Mcause+4

mem[X,0x00000000800027B0] -> 0x25F3
mem[X,0x00000000800027B2] -> 0x3000
[819] [M]: 0x00000000800027B0 (0x300025F3) csrrs x11, mstatus, x0                   common_Mexcpt_handler+0
CSR mstatus (0x300) -> 0x0000000A00040800
x11 <- 0x0000000A00040800

clint mtime 0x000000000000019A (mip.MTI <- 0b1, mip.STI <- 0b0)
mem[X,0x00000000800027B4] -> 0x9413
mem[X,0x00000000800027B6] -> 0x02E5
[820] [M]: 0x00000000800027B4 (0x02E59413) slli x8, x11, 0x2e                       common_Mexcpt_handler+4
x8 <- 0x0200000000000000

mem[X,0x00000000800027B8] -> 0x5463
mem[X,0x00000000800027BA] -> 0x0004
[821] [M]: 0x00000000800027B8 (0x00045463) bge x8, x0, 0x8                          common_Mexcpt_handler+8

clint mtime 0x000000000000019B (mip.MTI <- 0b1, mip.STI <- 0b0)
mem[X,0x00000000800027C0] -> 0xD493
mem[X,0x00000000800027C2] -> 0x00B5
[822] [M]: 0x00000000800027C0 (0x00B5D493) srli x9, x11, 0xb                        common_Mexcpt_handler+16
x9 <- 0x0000000001400081

mem[X,0x00000000800027C4] -> 0xF493
mem[X,0x00000000800027C6] -> 0x0034
[823] [M]: 0x00000000800027C4 (0x0034F493) andi x9, x9, 0x3                         common_Mexcpt_handler+20
x9 <- 0x0000000000000001

clint mtime 0x000000000000019C (mip.MTI <- 0b1, mip.STI <- 0b0)
mem[X,0x00000000800027C8] -> 0x8493
mem[X,0x00000000800027CA] -> 0x0014
[824] [M]: 0x00000000800027C8 (0x00148493) addi x9, x9, 0x1                         common_Mexcpt_handler+24
x9 <- 0x0000000000000002

mem[X,0x00000000800027CC] -> 0xF493
mem[X,0x00000000800027CE] -> 0x0044
[825] [M]: 0x00000000800027CC (0x0044F493) andi x9, x9, 0x4                         common_Mexcpt_handler+28
x9 <- 0x0000000000000000

clint mtime 0x000000000000019D (mip.MTI <- 0b1, mip.STI <- 0b0)
mem[X,0x00000000800027D0] -> 0x0593
mem[X,0x00000000800027D2] -> 0x05D0
[826] [M]: 0x00000000800027D0 (0x05D00593) addi x11, x0, 0x5d                       common_Mexcpt_handler+32
x11 <- 0x000000000000005D

mem[X,0x00000000800027D4] -> 0xD5B3
mem[X,0x00000000800027D6] -> 0x0095
[827] [M]: 0x00000000800027D4 (0x0095D5B3) srl x11, x11, x9                         common_Mexcpt_handler+36
x11 <- 0x000000000000005D

clint mtime 0x000000000000019E (mip.MTI <- 0b1, mip.STI <- 0b0)
mem[X,0x00000000800027D8] -> 0xF593
mem[X,0x00000000800027DA] -> 0x0015
[828] [M]: 0x00000000800027D8 (0x0015F593) andi x11, x11, 0x1                       common_Mexcpt_handler+40
x11 <- 0x0000000000000001

mem[X,0x00000000800027DC] -> 0x8EE3
mem[X,0x00000000800027DE] -> 0xF405
[829] [M]: 0x00000000800027DC (0xF4058EE3) beq x11, x0, -0xa4                       common_Mexcpt_handler+44

clint mtime 0x000000000000019F (mip.MTI <- 0b1, mip.STI <- 0b0)
mem[X,0x00000000800027E0] -> 0x0593
mem[X,0x00000000800027E2] -> 0x2980
[830] [M]: 0x00000000800027E0 (0x29800593) addi x11, x0, 0x298                      common_Mexcpt_handler+48
x11 <- 0x0000000000000298

mem[X,0x00000000800027E4] -> 0xF413
mem[X,0x00000000800027E6] -> 0x0014
[831] [M]: 0x00000000800027E4 (0x0014F413) andi x8, x9, 0x1                         common_Mexcpt_handler+52
x8 <- 0x0000000000000000

clint mtime 0x00000000000001A0 (mip.MTI <- 0b1, mip.STI <- 0b0)
mem[X,0x00000000800027E8] -> 0x95B3
mem[X,0x00000000800027EA] -> 0x0085
[832] [M]: 0x00000000800027E8 (0x008595B3) sll x11, x11, x8                         common_Mexcpt_handler+56
x11 <- 0x0000000000000298

mem[X,0x00000000800027EC] -> 0x9413
mem[X,0x00000000800027EE] -> 0x03D4
[833] [M]: 0x00000000800027EC (0x03D49413) slli x8, x9, 0x3d                        common_Mexcpt_handler+60
x8 <- 0x0000000000000000

clint mtime 0x00000000000001A1 (mip.MTI <- 0b1, mip.STI <- 0b0)
mem[X,0x00000000800027F0] -> 0x5413
mem[X,0x00000000800027F2] -> 0x43F4
[834] [M]: 0x00000000800027F0 (0x43F45413) srai x8, x8, 0x3f                        common_Mexcpt_handler+64
x8 <- 0x0000000000000000

mem[X,0x00000000800027F4] -> 0x4413
mem[X,0x00000000800027F6] -> 0xFFF4
[835] [M]: 0x00000000800027F4 (0xFFF44413) xori x8, x8, -0x1                        common_Mexcpt_handler+68
x8 <- 0xFFFFFFFFFFFFFFFF

clint mtime 0x00000000000001A2 (mip.MTI <- 0b1, mip.STI <- 0b0)
mem[X,0x00000000800027F8] -> 0xF4B3
mem[X,0x00000000800027FA] -> 0x0085
[836] [M]: 0x00000000800027F8 (0x0085F4B3) and x9, x11, x8                          common_Mexcpt_handler+72
x9 <- 0x0000000000000298

mem[X,0x00000000800027FC] -> 0x84B3
mem[X,0x00000000800027FE] -> 0x0024
[837] [M]: 0x00000000800027FC (0x002484B3) add x9, x9, x2                           vmem_adj_Mepc+0
x9 <- 0x0000000080005298

clint mtime 0x00000000000001A3 (mip.MTI <- 0b1, mip.STI <- 0b0)
mem[X,0x0000000080002800] -> 0x23F3
mem[X,0x0000000080002802] -> 0x3410
[838] [M]: 0x0000000080002800 (0x341023F3) csrrs x7, mepc, x0                       vmem_adj_Mepc+4
CSR mepc (0x341) -> 0x0000030080000CCC
x7 <- 0x0000030080000CCC

mem[X,0x0000000080002804] -> 0x0413
mem[X,0x0000000080002806] -> 0x0004
[839] [M]: 0x0000000080002804 (0x00040413) addi x8, x8, 0x0                         vmem_adj_Mepc+8
x8 <- 0xFFFFFFFFFFFFFFFF

clint mtime 0x00000000000001A4 (mip.MTI <- 0b1, mip.STI <- 0b0)
mem[X,0x0000000080002808] -> 0x006F
mem[X,0x000000008000280A] -> 0x0400
[840] [M]: 0x0000000080002808 (0x0400006F) jal x0, 0x40                             vmem_adj_Mepc+12

mem[X,0x0000000080002848] -> 0x8433
mem[X,0x000000008000284A] -> 0x4083
[841] [M]: 0x0000000080002848 (0x40838433) sub x8, x7, x8                           adj_Mepc+0
x8 <- 0x0000030080000CCD

clint mtime 0x00000000000001A5 (mip.MTI <- 0b1, mip.STI <- 0b0)
mem[X,0x000000008000284C] -> 0x3823
mem[X,0x000000008000284E] -> 0x0083
[842] [M]: 0x000000008000284C (0x00833823) sd x8, 0x10(x6)                          sv_Mepc+0
mem[W,0x000000008000A568] <- 0x0000030080000CCD

mem[X,0x0000000080002850] -> 0x55B7
mem[X,0x0000000080002852] -> 0x0000
[843] [M]: 0x0000000080002850 (0x000055B7) lui x11, 0x5                             sv_Mepc+4
x11 <- 0x0000000000005000

clint mtime 0x00000000000001A6 (mip.MTI <- 0b1, mip.STI <- 0b0)
mem[X,0x0000000080002854] -> 0x8593
mem[X,0x0000000080002856] -> 0x6675
[844] [M]: 0x0000000080002854 (0x66758593) addi x11, x11, 0x667                     sv_Mepc+8
x11 <- 0x0000000000005667

mem[X,0x0000000080002858] -> 0x9593
mem[X,0x000000008000285A] -> 0x0015
[845] [M]: 0x0000000080002858 (0x00159593) slli x11, x11, 0x1                       sv_Mepc+12
x11 <- 0x000000000000ACCE

clint mtime 0x00000000000001A7 (mip.MTI <- 0b1, mip.STI <- 0b0)
mem[X,0x000000008000285C] -> 0x9063
mem[X,0x000000008000285E] -> 0x02B1
[846] [M]: 0x000000008000285C (0x02B19063) bne x3, x11, 0x20                        sv_Mepc+16

mem[X,0x0000000080002860] -> 0x2473
mem[X,0x0000000080002862] -> 0x3420
[847] [M]: 0x0000000080002860 (0x34202473) csrrs x8, mcause, x0                     sv_Mepc+20
CSR mcause (0x342) -> 0x000000000000000F
x8 <- 0x000000000000000F

clint mtime 0x00000000000001A8 (mip.MTI <- 0b1, mip.STI <- 0b0)
mem[X,0x0000000080002864] -> 0x0593
mem[X,0x0000000080002866] -> 0x00C0
[848] [M]: 0x0000000080002864 (0x00C00593) addi x11, x0, 0xc                        sv_Mepc+24
x11 <- 0x000000000000000C

mem[X,0x0000000080002868] -> 0x0663
mem[X,0x000000008000286A] -> 0x00B4
[849] [M]: 0x0000000080002868 (0x00B40663) beq x8, x11, 0xc                         sv_Mepc+28

clint mtime 0x00000000000001A9 (mip.MTI <- 0b1, mip.STI <- 0b0)
mem[X,0x000000008000286C] -> 0x0593
mem[X,0x000000008000286E] -> 0x0010
[850] [M]: 0x000000008000286C (0x00100593) addi x11, x0, 0x1                        sv_Mepc+32
x11 <- 0x0000000000000001

mem[X,0x0000000080002870] -> 0x1663
mem[X,0x0000000080002872] -> 0x00B4
[851] [M]: 0x0000000080002870 (0x00B41663) bne x8, x11, 0xc                         sv_Mepc+36

clint mtime 0x00000000000001AA (mip.MTI <- 0b1, mip.STI <- 0b0)
mem[X,0x000000008000287C] -> 0xF593
mem[X,0x000000008000287E] -> 0xFFC3
[852] [M]: 0x000000008000287C (0xFFC3F593) andi x11, x7, -0x4                       adj_Mepc_rtn+0
x11 <- 0x0000030080000CCC

mem[X,0x0000000080002880] -> 0x8593
mem[X,0x0000000080002882] -> 0x0085
[853] [M]: 0x0000000080002880 (0x00858593) addi x11, x11, 0x8                       adj_Mepc_rtn+4
x11 <- 0x0000030080000CD4

clint mtime 0x00000000000001AB (mip.MTI <- 0b1, mip.STI <- 0b0)
mem[X,0x0000000080002884] -> 0x9073
mem[X,0x0000000080002886] -> 0x3415
[854] [M]: 0x0000000080002884 (0x34159073) csrrw x0, mepc, x11                      adj_Mepc_rtn+8
CSR mepc (0x341) <- 0x0000030080000CD4

mem[X,0x0000000080002888] -> 0x23F3
mem[X,0x000000008000288A] -> 0x3430
[855] [M]: 0x0000000080002888 (0x343023F3) csrrs x7, mtval, x0                      skp_adj_Mepc+0
CSR mtval (0x343) -> 0x0000028080000414
x7 <- 0x0000028080000414

clint mtime 0x00000000000001AC (mip.MTI <- 0b1, mip.STI <- 0b0)
mem[X,0x000000008000288C] -> 0x0413
mem[X,0x000000008000288E] -> 0x0004
[856] [M]: 0x000000008000288C (0x00040413) addi x8, x8, 0x0                         skp_adj_Mepc+4
x8 <- 0x000000000000000F

mem[X,0x0000000080002890] -> 0x006F
mem[X,0x0000000080002892] -> 0x0840
[857] [M]: 0x0000000080002890 (0x0840006F) jal x0, 0x84                             skp_adj_Mepc+8

clint mtime 0x00000000000001AD (mip.MTI <- 0b1, mip.STI <- 0b0)
mem[X,0x0000000080002914] -> 0x8433
mem[X,0x0000000080002916] -> 0x4083
[858] [M]: 0x0000000080002914 (0x40838433) sub x8, x7, x8                           adj_Mtval+0
x8 <- 0x0000028080000405

mem[X,0x0000000080002918] -> 0x3C23
mem[X,0x000000008000291A] -> 0x0083
[859] [M]: 0x0000000080002918 (0x00833C23) sd x8, 0x18(x6)                          sv_Mtval+0
mem[W,0x000000008000A570] <- 0x0000028080000405

clint mtime 0x00000000000001AE (mip.MTI <- 0b1, mip.STI <- 0b0)
mem[X,0x000000008000291C] -> 0x3483
mem[X,0x000000008000291E] -> 0x2181
[860] [M]: 0x000000008000291C (0x21813483) ld x9, 0x218(x2)                         skp_Mtval+0
mem[R,0x0000000080005218] -> 0x000000008000A578
x9 <- 0x000000008000A578

mem[X,0x0000000080002920] -> 0x3383
mem[X,0x0000000080002922] -> 0x1F81
[861] [M]: 0x0000000080002920 (0x1F813383) ld x7, 0x1f8(x2)                         skp_Mtval+4
mem[R,0x00000000800051F8] -> 0x000000008000A110
x7 <- 0x000000008000A110

clint mtime 0x00000000000001AF (mip.MTI <- 0b1, mip.STI <- 0b0)
mem[X,0x0000000080002924] -> 0x3303
mem[X,0x0000000080002926] -> 0x2001
[862] [M]: 0x0000000080002924 (0x20013303) ld x6, 0x200(x2)                         skp_Mtval+8
mem[R,0x0000000080005200] -> 0x0000000000000610
x6 <- 0x0000000000000610

mem[X,0x0000000080002928] -> 0x0333
mem[X,0x000000008000292A] -> 0x0073
[863] [M]: 0x0000000080002928 (0x00730333) add x6, x6, x7                           skp_Mtval+12
x6 <- 0x000000008000A720

clint mtime 0x00000000000001B0 (mip.MTI <- 0b1, mip.STI <- 0b0)
mem[X,0x000000008000292C] -> 0x6AE3
mem[X,0x000000008000292E] -> 0xAE93
[864] [M]: 0x000000008000292C (0xAE936AE3) bltu x6, x9, -0x50c                      skp_Mtval+16

mem[X,0x0000000080002930] -> 0x0393
mem[X,0x0000000080002932] -> 0x2000
[865] [M]: 0x0000000080002930 (0x20000393) addi x7, x0, 0x200                       skp_Mtval+20
x7 <- 0x0000000000000200

clint mtime 0x00000000000001B1 (mip.MTI <- 0b1, mip.STI <- 0b0)
mem[X,0x0000000080002934] -> 0x006F
mem[X,0x0000000080002936] -> 0x0400
[866] [M]: 0x0000000080002934 (0x0400006F) jal x0, 0x40                             skp_Mtval+24

mem[X,0x0000000080002974] -> 0x0417
mem[X,0x0000000080002976] -> 0x0000
[867] [M]: 0x0000000080002974 (0x00000417) auipc x8, 0x0                            spcl_Mhandler+0
x8 <- 0x0000000080002974

clint mtime 0x00000000000001B2 (mip.MTI <- 0b1, mip.STI <- 0b0)
mem[X,0x0000000080002978] -> 0x0413
mem[X,0x000000008000297A] -> 0x03C4
[868] [M]: 0x0000000080002978 (0x03C40413) addi x8, x8, 0x3c                        spcl_Mhandler+4
x8 <- 0x00000000800029B0

mem[X,0x000000008000297C] -> 0x0433
mem[X,0x000000008000297E] -> 0x0074
[869] [M]: 0x000000008000297C (0x00740433) add x8, x8, x7                           spcl_Mhandler+8
x8 <- 0x0000000080002BB0

clint mtime 0x00000000000001B3 (mip.MTI <- 0b1, mip.STI <- 0b0)
mem[X,0x0000000080002980] -> 0x1393
mem[X,0x0000000080002982] -> 0x0035
[870] [M]: 0x0000000080002980 (0x00351393) slli x7, x10, 0x3                        spcl_Mhandler+12
x7 <- 0x0000000000000078

mem[X,0x0000000080002984] -> 0x0433
mem[X,0x0000000080002986] -> 0x0074
[871] [M]: 0x0000000080002984 (0x00740433) add x8, x8, x7                           spcl_Mhandler+16
x8 <- 0x0000000080002C28

clint mtime 0x00000000000001B4 (mip.MTI <- 0b1, mip.STI <- 0b0)
mem[X,0x0000000080002988] -> 0x7413
mem[X,0x000000008000298A] -> 0xFF84
[872] [M]: 0x0000000080002988 (0xFF847413) andi x8, x8, -0x8                        spcl_Mhandler+20
x8 <- 0x0000000080002C28

mem[X,0x000000008000298C] -> 0x3403
mem[X,0x000000008000298E] -> 0x0004
[873] [M]: 0x000000008000298C (0x00043403) ld x8, 0x0(x8)                           spcl_Mhandler+24
mem[R,0x0000000080002C28] -> 0x000000000000001F
x8 <- 0x000000000000001F

clint mtime 0x00000000000001B5 (mip.MTI <- 0b1, mip.STI <- 0b0)
mem[X,0x0000000080002990] -> 0x02E3
mem[X,0x0000000080002992] -> 0xB204
[874] [M]: 0x0000000080002990 (0xB20402E3) beq x8, x0, -0x4dc                       spcl_Mdispatch_hndling+0

mem[X,0x0000000080002994] -> 0x1393
mem[X,0x0000000080002996] -> 0x03F4
[875] [M]: 0x0000000080002994 (0x03F41393) slli x7, x8, 0x3f                        spcl_Mdispatch_hndling+4
x7 <- 0x8000000000000000

clint mtime 0x00000000000001B6 (mip.MTI <- 0b1, mip.STI <- 0b0)
mem[X,0x0000000080002998] -> 0xD863
mem[X,0x000000008000299A] -> 0x0003
[876] [M]: 0x0000000080002998 (0x0003D863) bge x7, x0, 0x10                         spcl_Mdispatch_hndling+8

mem[X,0x000000008000299C] -> 0x5413
mem[X,0x000000008000299E] -> 0x0014
[877] [M]: 0x000000008000299C (0x00145413) srli x8, x8, 0x1                         spcl_Mdispatch_hndling+12
x8 <- 0x000000000000000F

clint mtime 0x00000000000001B7 (mip.MTI <- 0b1, mip.STI <- 0b0)
mem[X,0x00000000800029A0] -> 0x0CE3
mem[X,0x00000000800029A2] -> 0xF885
[878] [M]: 0x00000000800029A0 (0xF8850CE3) beq x10, x8, -0x68                       spcl_Mdispatch_hndling+16

mem[X,0x0000000080002938] -> 0x3303
mem[X,0x000000008000293A] -> 0x2601
[879] [M]: 0x0000000080002938 (0x26013303) ld x6, 0x260(x2)                         resto_Mrtn+0
mem[R,0x0000000080005260] -> 0xFFFFFFFF7FFFF42C
x6 <- 0xFFFFFFFF7FFFF42C

clint mtime 0x00000000000001B8 (mip.MTI <- 0b1, mip.STI <- 0b0)
mem[X,0x000000008000293C] -> 0x3383
mem[X,0x000000008000293E] -> 0x2681
[880] [M]: 0x000000008000293C (0x26813383) ld x7, 0x268(x2)                         resto_Mrtn+4
mem[R,0x0000000080005268] -> 0x0000000080005000
x7 <- 0x0000000080005000

mem[X,0x0000000080002940] -> 0x3403
mem[X,0x0000000080002942] -> 0x2701
[881] [M]: 0x0000000080002940 (0x27013403) ld x8, 0x270(x2)                         resto_Mrtn+8
mem[R,0x0000000080005270] -> 0x0000000000007F76
x8 <- 0x0000000000007F76

clint mtime 0x00000000000001B9 (mip.MTI <- 0b1, mip.STI <- 0b0)
mem[X,0x0000000080002944] -> 0x3483
mem[X,0x0000000080002946] -> 0x2781
[882] [M]: 0x0000000080002944 (0x27813483) ld x9, 0x278(x2)                         resto_Mrtn+12
mem[R,0x0000000080005278] -> 0x00000300000000C8
x9 <- 0x00000300000000C8

mem[X,0x0000000080002948] -> 0x3503
mem[X,0x000000008000294A] -> 0x2801
[883] [M]: 0x0000000080002948 (0x28013503) ld x10, 0x280(x2)                        resto_Mrtn+16
mem[R,0x0000000080005280] -> 0x00000000000000C3
x10 <- 0x00000000000000C3

clint mtime 0x00000000000001BA (mip.MTI <- 0b1, mip.STI <- 0b0)
mem[X,0x000000008000294C] -> 0x3583
mem[X,0x000000008000294E] -> 0x2881
[884] [M]: 0x000000008000294C (0x28813583) ld x11, 0x288(x2)                        resto_Mrtn+20
mem[R,0x0000000080005288] -> 0x00000000000000C3
x11 <- 0x00000000000000C3

mem[X,0x0000000080002950] -> 0x3103
mem[X,0x0000000080002952] -> 0x2901
[885] [M]: 0x0000000080002950 (0x29013103) ld x2, 0x290(x2)                         resto_Mrtn+24
mem[R,0x0000000080005290] -> 0x0000000000000000
x2 <- 0x0000000000000000

clint mtime 0x00000000000001BB (mip.MTI <- 0b1, mip.STI <- 0b0)
mem[X,0x0000000080002954] -> 0x0073
mem[X,0x0000000080002956] -> 0x3020
[886] [M]: 0x0000000080002954 (0x30200073) mret                                     resto_Mrtn+28
CSR mstatus (0x300) <- 0x0000000A00040080
ret-ing from M to S

mem[X,0x0000000080000CD4] -> 0xA703
mem[X,0x0000000080000CD6] -> 0x0147
[887] [S]: 0x0000030080000CD4 (0x0147A703) lw x14, 0x14(x15)                        va_rvtest_code_begin+1304
PTW: Start, vpn=0x28080000, access_type=R, privilege=Smem[R,0x0000000080009028] -> 0x00000000000000C3
PTW: Step, level=3, pte=0xC3, pte_addr=0x80009028
PTW: Success, final_ppn=0x80000, level=3mem[R,0x0000000080000414] -> 0x00000010
x14 <- 0x0000000000000010

clint mtime 0x00000000000001BC (mip.MTI <- 0b1, mip.STI <- 0b0)
PTW: Start, vpn=0x30080000, access_type=X, privilege=Smem[R,0x0000000080009030] -> 0x00000000000000CB
PTW: Step, level=3, pte=0xCB, pte_addr=0x80009030
PTW: Success, final_ppn=0x80000, level=3mem[X,0x0000000080000CD8] -> 0x0013
mem[X,0x0000000080000CDA] -> 0x0000
[888] [S]: 0x0000030080000CD8 (0x00000013) addi x0, x0, 0x0                         va_rvtest_code_begin+1308

mem[X,0x0000000080000CDC] -> 0x51B7
mem[X,0x0000000080000CDE] -> 0x0000
[889] [S]: 0x0000030080000CDC (0x000051B7) lui x3, 0x5                              va_rvtest_code_begin+1312
x3 <- 0x0000000000005000

clint mtime 0x00000000000001BD (mip.MTI <- 0b1, mip.STI <- 0b0)
mem[X,0x0000000080000CE0] -> 0x8193
mem[X,0x0000000080000CE2] -> 0x6671
[890] [S]: 0x0000030080000CE0 (0x66718193) addi x3, x3, 0x667                       va_rvtest_code_begin+1316
x3 <- 0x0000000000005667

mem[X,0x0000000080000CE4] -> 0x9193
mem[X,0x0000000080000CE6] -> 0x0011
[891] [S]: 0x0000030080000CE4 (0x00119193) slli x3, x3, 0x1                         va_rvtest_code_begin+1320
x3 <- 0x000000000000ACCE

clint mtime 0x00000000000001BE (mip.MTI <- 0b1, mip.STI <- 0b0)
mem[X,0x0000000080000CE8] -> 0x0013
mem[X,0x0000000080000CEA] -> 0x0000
[892] [S]: 0x0000030080000CE8 (0x00000013) addi x0, x0, 0x0                         va_rvtest_code_begin+1324

mem[X,0x0000000080000CEC] -> 0x0013
mem[X,0x0000000080000CEE] -> 0x0000
[893] [S]: 0x0000030080000CEC (0x00000013) addi x0, x0, 0x0                         va_rvtest_code_begin+1328

clint mtime 0x00000000000001BF (mip.MTI <- 0b1, mip.STI <- 0b0)
mem[X,0x0000000080000CF0] -> 0x0013
mem[X,0x0000000080000CF2] -> 0x0000
[894] [S]: 0x0000030080000CF0 (0x00000013) addi x0, x0, 0x0                         va_rvtest_code_begin+1332

mem[X,0x0000000080000CF4] -> 0x0013
mem[X,0x0000000080000CF6] -> 0x0000
[895] [S]: 0x0000030080000CF4 (0x00000013) addi x0, x0, 0x0                         va_rvtest_code_begin+1336

clint mtime 0x00000000000001C0 (mip.MTI <- 0b1, mip.STI <- 0b0)
mem[X,0x0000000080000CF8] -> 0x0013
mem[X,0x0000000080000CFA] -> 0x0000
[896] [S]: 0x0000030080000CF8 (0x00000013) addi x0, x0, 0x0                         va_rvtest_code_begin+1340

mem[X,0x0000000080000CFC] -> 0x0013
mem[X,0x0000000080000CFE] -> 0x0000
[897] [S]: 0x0000030080000CFC (0x00000013) addi x0, x0, 0x0                         va_rvtest_code_begin+1344

clint mtime 0x00000000000001C1 (mip.MTI <- 0b1, mip.STI <- 0b0)
mem[X,0x0000000080000D00] -> 0x0217
mem[X,0x0000000080000D02] -> 0x0000
[898] [S]: 0x0000030080000D00 (0x00000217) auipc x4, 0x0                            va_rvtest_code_begin+1348
x4 <- 0x0000030080000D00

mem[X,0x0000000080000D04] -> 0x0213
mem[X,0x0000000080000D06] -> 0x02C2
[899] [S]: 0x0000030080000D04 (0x02C20213) addi x4, x4, 0x2c                        va_rvtest_code_begin+1352
x4 <- 0x0000030080000D2C

clint mtime 0x00000000000001C2 (mip.MTI <- 0b1, mip.STI <- 0b0)
mem[X,0x0000000080000D08] -> 0x0001
[900] [S]: 0x0000030080000D08 (0x0001) c.nop                                        va_rvtest_code_begin+1356

mem[X,0x0000000080000D0A] -> 0x0013
mem[X,0x0000000080000D0C] -> 0x0000
[901] [S]: 0x0000030080000D0A (0x00000013) addi x0, x0, 0x0                         va_rvtest_code_begin+1358

clint mtime 0x00000000000001C3 (mip.MTI <- 0b1, mip.STI <- 0b0)
mem[X,0x0000000080000D0E] -> 0x0013
mem[X,0x0000000080000D10] -> 0x0000
[902] [S]: 0x0000030080000D0E (0x00000013) addi x0, x0, 0x0                         va_rvtest_code_begin+1362

mem[X,0x0000000080000D12] -> 0x0013
mem[X,0x0000000080000D14] -> 0x0000
[903] [S]: 0x0000030080000D12 (0x00000013) addi x0, x0, 0x0                         va_rvtest_code_begin+1366

clint mtime 0x00000000000001C4 (mip.MTI <- 0b1, mip.STI <- 0b0)
mem[X,0x0000000080000D16] -> 0x0013
mem[X,0x0000000080000D18] -> 0x0000
[904] [S]: 0x0000030080000D16 (0x00000013) addi x0, x0, 0x0                         va_rvtest_code_begin+1370

mem[X,0x0000000080000D1A] -> 0x0013
mem[X,0x0000000080000D1C] -> 0x0000
[905] [S]: 0x0000030080000D1A (0x00000013) addi x0, x0, 0x0                         va_rvtest_code_begin+1374

clint mtime 0x00000000000001C5 (mip.MTI <- 0b1, mip.STI <- 0b0)
mem[X,0x0000000080000D1E] -> 0x0001
[906] [S]: 0x0000030080000D1E (0x0001) c.nop                                        va_rvtest_code_begin+1378

mem[X,0x0000000080000D20] -> 0x80E7
mem[X,0x0000000080000D22] -> 0x0007
[907] [S]: 0x0000030080000D20 (0x000780E7) jalr x1, 0x0(x15)                        va_rvtest_code_begin+1380
x1 <- 0x0000030080000D24

clint mtime 0x00000000000001C6 (mip.MTI <- 0b1, mip.STI <- 0b0)
PTW: Start, vpn=0x28080000, access_type=X, privilege=Smem[R,0x0000000080009028] -> 0x00000000000000C3
PTW: Step, level=3, pte=0xC3, pte_addr=0x80009028
PTW: failed, error=no-permission, level=3, pte_addr=0x80009028
trapping from S to M to handle fetch-page-fault
handling exc#fetch-page-fault at priv M with tval 0x0000028080000400
CSR mstatus (0x300) <- 0x0000000A00040800
CSR mcause (0x342) <- 0x000000000000000C
CSR mtval (0x343) <- 0x0000028080000400
CSR mepc (0x341) <- 0x0000028080000400

mem[X,0x0000000080002500] -> 0x006F
mem[X,0x0000000080002502] -> 0x1000
[909] [M]: 0x0000000080002500 (0x1000006F) jal x0, 0x100                            Mtrampoline+0

clint mtime 0x00000000000001C7 (mip.MTI <- 0b1, mip.STI <- 0b0)
mem[X,0x0000000080002600] -> 0x1173
mem[X,0x0000000080002602] -> 0x3401
[910] [M]: 0x0000000080002600 (0x34011173) csrrw x2, mscratch, x2                   trap_Mhandler+0
CSR mscratch (0x340) <- 0x0000000000000000
x2 <- 0x0000000080005000

mem[X,0x0000000080002604] -> 0x3423
mem[X,0x0000000080002606] -> 0x28B1
[911] [M]: 0x0000000080002604 (0x28B13423) sd x11, 0x288(x2)                        trap_Mhandler+4
mem[W,0x0000000080005288] <- 0x00000000000000C3

clint mtime 0x00000000000001C8 (mip.MTI <- 0b1, mip.STI <- 0b0)
mem[X,0x0000000080002608] -> 0x05EF
mem[X,0x000000008000260A] -> 0x0B80
[912] [M]: 0x0000000080002608 (0x0B8005EF) jal x11, 0xb8                            trap_Mhandler+8
x11 <- 0x000000008000260C

mem[X,0x00000000800026C0] -> 0x3023
mem[X,0x00000000800026C2] -> 0x28A1
[913] [M]: 0x00000000800026C0 (0x28A13023) sd x10, 0x280(x2)                        common_Mhandler+0
mem[W,0x0000000080005280] <- 0x00000000000000C3

clint mtime 0x00000000000001C9 (mip.MTI <- 0b1, mip.STI <- 0b0)
mem[X,0x00000000800026C4] -> 0x1573
mem[X,0x00000000800026C6] -> 0x3401
[914] [M]: 0x00000000800026C4 (0x34011573) csrrw x10, mscratch, x2                  common_Mhandler+4
CSR mscratch (0x340) <- 0x0000000080005000
x10 <- 0x0000000000000000

mem[X,0x00000000800026C8] -> 0x3823
mem[X,0x00000000800026CA] -> 0x28A1
[915] [M]: 0x00000000800026C8 (0x28A13823) sd x10, 0x290(x2)                        common_Mhandler+8
mem[W,0x0000000080005290] <- 0x0000000000000000

clint mtime 0x00000000000001CA (mip.MTI <- 0b1, mip.STI <- 0b0)
mem[X,0x00000000800026CC] -> 0x3503
mem[X,0x00000000800026CE] -> 0x2301
[916] [M]: 0x00000000800026CC (0x23013503) ld x10, 0x230(x2)                        common_Mhandler+12
mem[R,0x0000000080005230] -> 0x00000000800026D4
x10 <- 0x00000000800026D4

mem[X,0x00000000800026D0] -> 0x0067
mem[X,0x00000000800026D2] -> 0x0005
[917] [M]: 0x00000000800026D0 (0x00050067) jalr x0, 0x0(x10)                        common_Mhandler+16

clint mtime 0x00000000000001CB (mip.MTI <- 0b1, mip.STI <- 0b0)
mem[X,0x00000000800026D4] -> 0x3C23
mem[X,0x00000000800026D6] -> 0x2691
[918] [M]: 0x00000000800026D4 (0x26913C23) sd x9, 0x278(x2)                         common_Mentry+0
mem[W,0x0000000080005278] <- 0x00000300000000C8

mem[X,0x00000000800026D8] -> 0x3823
mem[X,0x00000000800026DA] -> 0x2681
[919] [M]: 0x00000000800026D8 (0x26813823) sd x8, 0x270(x2)                         common_Mentry+4
mem[W,0x0000000080005270] <- 0x0000000000007F76

clint mtime 0x00000000000001CC (mip.MTI <- 0b1, mip.STI <- 0b0)
mem[X,0x00000000800026DC] -> 0x3423
mem[X,0x00000000800026DE] -> 0x2671
[920] [M]: 0x00000000800026DC (0x26713423) sd x7, 0x268(x2)                         common_Mentry+8
mem[W,0x0000000080005268] <- 0x0000000080005000

mem[X,0x00000000800026E0] -> 0x3023
mem[X,0x00000000800026E2] -> 0x2661
[921] [M]: 0x00000000800026E0 (0x26613023) sd x6, 0x260(x2)                         common_Mentry+12
mem[W,0x0000000080005260] <- 0xFFFFFFFF7FFFF42C

clint mtime 0x00000000000001CD (mip.MTI <- 0b1, mip.STI <- 0b0)
mem[X,0x00000000800026E4] -> 0x2573
mem[X,0x00000000800026E6] -> 0x3420
[922] [M]: 0x00000000800026E4 (0x34202573) csrrs x10, mcause, x0                    spcl_M2mmode_test+0
CSR mcause (0x342) -> 0x000000000000000C
x10 <- 0x000000000000000C

mem[X,0x00000000800026E8] -> 0x04B7
mem[X,0x00000000800026EA] -> 0x8000
[923] [M]: 0x00000000800026E8 (0x800004B7) lui x9, -0x80000                         spcl_M2mmode_test+4
x9 <- 0xFFFFFFFF80000000

clint mtime 0x00000000000001CE (mip.MTI <- 0b1, mip.STI <- 0b0)
mem[X,0x00000000800026EC] -> 0x8493
mem[X,0x00000000800026EE] -> 0x0004
[924] [M]: 0x00000000800026EC (0x00048493) addi x9, x9, 0x0                         spcl_M2mmode_test+8
x9 <- 0xFFFFFFFF80000000

mem[X,0x00000000800026F0] -> 0x9493
mem[X,0x00000000800026F2] -> 0x00B4
[925] [M]: 0x00000000800026F0 (0x00B49493) slli x9, x9, 0xb                         spcl_M2mmode_test+12
x9 <- 0xFFFFFC0000000000

clint mtime 0x00000000000001CF (mip.MTI <- 0b1, mip.STI <- 0b0)
mem[X,0x00000000800026F4] -> 0x8493
mem[X,0x00000000800026F6] -> 0x0004
[926] [M]: 0x00000000800026F4 (0x00048493) addi x9, x9, 0x0                         spcl_M2mmode_test+16
x9 <- 0xFFFFFC0000000000

mem[X,0x00000000800026F8] -> 0x9493
mem[X,0x00000000800026FA] -> 0x00B4
[927] [M]: 0x00000000800026F8 (0x00B49493) slli x9, x9, 0xb                         spcl_M2mmode_test+20
x9 <- 0xFFE0000000000000

clint mtime 0x00000000000001D0 (mip.MTI <- 0b1, mip.STI <- 0b0)
mem[X,0x00000000800026FC] -> 0x8493
mem[X,0x00000000800026FE] -> 0x0034
[928] [M]: 0x00000000800026FC (0x00348493) addi x9, x9, 0x3                         spcl_M2mmode_test+24
x9 <- 0xFFE0000000000003

mem[X,0x0000000080002700] -> 0x9493
mem[X,0x0000000080002702] -> 0x00A4
[929] [M]: 0x0000000080002700 (0x00A49493) slli x9, x9, 0xa                         spcl_M2mmode_test+28
x9 <- 0x8000000000000C00

clint mtime 0x00000000000001D1 (mip.MTI <- 0b1, mip.STI <- 0b0)
mem[X,0x0000000080002704] -> 0x8493
mem[X,0x0000000080002706] -> 0x3FC4
[930] [M]: 0x0000000080002704 (0x3FC48493) addi x9, x9, 0x3fc                       spcl_M2mmode_test+32
x9 <- 0x8000000000000FFC

mem[X,0x0000000080002708] -> 0xF4B3
mem[X,0x000000008000270A] -> 0x00A4
[931] [M]: 0x0000000080002708 (0x00A4F4B3) and x9, x9, x10                          spcl_M2mmode_test+36
x9 <- 0x000000000000000C

clint mtime 0x00000000000001D2 (mip.MTI <- 0b1, mip.STI <- 0b0)
mem[X,0x000000008000270C] -> 0x8493
mem[X,0x000000008000270E] -> 0xFF84
[932] [M]: 0x000000008000270C (0xFF848493) addi x9, x9, -0x8                        spcl_M2mmode_test+40
x9 <- 0x0000000000000004

mem[X,0x0000000080002710] -> 0x9663
mem[X,0x0000000080002712] -> 0x0004
[933] [M]: 0x0000000080002710 (0x00049663) bne x9, x0, 0xc                          spcl_M2mmode_test+44

clint mtime 0x00000000000001D3 (mip.MTI <- 0b1, mip.STI <- 0b0)
mem[X,0x000000008000271C] -> 0x0393
mem[X,0x000000008000271E] -> 0x0200
[934] [M]: 0x000000008000271C (0x02000393) addi x7, x0, 0x20                        Mtrapsig_ptr_upd+0
x7 <- 0x0000000000000020

mem[X,0x0000000080002720] -> 0x5263
mem[X,0x0000000080002722] -> 0x0405
[935] [M]: 0x0000000080002720 (0x04055263) bge x10, x0, 0x44                        Mtrapsig_ptr_upd+4

clint mtime 0x00000000000001D4 (mip.MTI <- 0b1, mip.STI <- 0b0)
mem[X,0x0000000080002764] -> 0x2373
mem[X,0x0000000080002766] -> 0x3010
[936] [M]: 0x0000000080002764 (0x30102373) csrrs x6, misa, x0                       Mxcpt_sig_sv+0
CSR misa (0x301) -> 0x800000000034112F
x6 <- 0x800000000034112F

mem[X,0x0000000080002768] -> 0x1313
mem[X,0x000000008000276A] -> 0x0383
[937] [M]: 0x0000000080002768 (0x03831313) slli x6, x6, 0x38                        Mxcpt_sig_sv+4
x6 <- 0x2F00000000000000

clint mtime 0x00000000000001D5 (mip.MTI <- 0b1, mip.STI <- 0b0)
mem[X,0x000000008000276C] -> 0x5463
mem[X,0x000000008000276E] -> 0x0003
[938] [M]: 0x000000008000276C (0x00035463) bge x6, x0, 0x8                          Mxcpt_sig_sv+8

mem[X,0x0000000080002774] -> 0x3303
mem[X,0x0000000080002776] -> 0x2181
[939] [M]: 0x0000000080002774 (0x21813303) ld x6, 0x218(x2)                         Mtrap_sig_sv+0
mem[R,0x0000000080005218] -> 0x000000008000A578
x6 <- 0x000000008000A578

clint mtime 0x00000000000001D6 (mip.MTI <- 0b1, mip.STI <- 0b0)
mem[X,0x0000000080002778] -> 0x04B3
mem[X,0x000000008000277A] -> 0x0073
[940] [M]: 0x0000000080002778 (0x007304B3) add x9, x6, x7                           Mtrap_sig_sv+4
x9 <- 0x000000008000A598

mem[X,0x000000008000277C] -> 0x3C23
mem[X,0x000000008000277E] -> 0x2091
[941] [M]: 0x000000008000277C (0x20913C23) sd x9, 0x218(x2)                         Mtrap_sig_sv+8
mem[W,0x0000000080005218] <- 0x000000008000A598

clint mtime 0x00000000000001D7 (mip.MTI <- 0b1, mip.STI <- 0b0)
mem[X,0x0000000080002780] -> 0x3403
mem[X,0x0000000080002782] -> 0x1F81
[942] [M]: 0x0000000080002780 (0x1F813403) ld x8, 0x1f8(x2)                         Mtrap_sig_sv+12
mem[R,0x00000000800051F8] -> 0x000000008000A110
x8 <- 0x000000008000A110

mem[X,0x0000000080002784] -> 0x0333
mem[X,0x0000000080002786] -> 0x4083
[943] [M]: 0x0000000080002784 (0x40830333) sub x6, x6, x8                           Mtrap_sig_sv+16
x6 <- 0x0000000000000468

clint mtime 0x00000000000001D8 (mip.MTI <- 0b1, mip.STI <- 0b0)
mem[X,0x0000000080002788] -> 0x3403
mem[X,0x000000008000278A] -> 0x1F81
[944] [M]: 0x0000000080002788 (0x1F813403) ld x8, 0x1f8(x2)                         Mtrap_sig_sv+20
mem[R,0x00000000800051F8] -> 0x000000008000A110
x8 <- 0x000000008000A110

mem[X,0x000000008000278C] -> 0x0333
mem[X,0x000000008000278E] -> 0x0083
[945] [M]: 0x000000008000278C (0x00830333) add x6, x6, x8                           Mtrap_sig_sv+24
x6 <- 0x000000008000A578

clint mtime 0x00000000000001D9 (mip.MTI <- 0b1, mip.STI <- 0b0)
mem[X,0x0000000080002790] -> 0x3403
mem[X,0x0000000080002792] -> 0x2401
[946] [M]: 0x0000000080002790 (0x24013403) ld x8, 0x240(x2)                         Mtrap_sig_sv+28
mem[R,0x0000000080005240] -> 0x0000000080002500
x8 <- 0x0000000080002500

mem[X,0x0000000080002794] -> 0x85B3
mem[X,0x0000000080002796] -> 0x4085
[947] [M]: 0x0000000080002794 (0x408585B3) sub x11, x11, x8                         sv_Mvect+0
x11 <- 0x000000000000010C

clint mtime 0x00000000000001DA (mip.MTI <- 0b1, mip.STI <- 0b0)
mem[X,0x0000000080002798] -> 0x9593
mem[X,0x000000008000279A] -> 0x0045
[948] [M]: 0x0000000080002798 (0x00459593) slli x11, x11, 0x4                       sv_Mvect+4
x11 <- 0x00000000000010C0

mem[X,0x000000008000279C] -> 0xE5B3
mem[X,0x000000008000279E] -> 0x0075
[949] [M]: 0x000000008000279C (0x0075E5B3) or x11, x11, x7                          sv_Mvect+8
x11 <- 0x00000000000010E0

clint mtime 0x00000000000001DB (mip.MTI <- 0b1, mip.STI <- 0b0)
mem[X,0x00000000800027A0] -> 0x8593
mem[X,0x00000000800027A2] -> 0x0035
[950] [M]: 0x00000000800027A0 (0x00358593) addi x11, x11, 0x3                       sv_Mvect+12
x11 <- 0x00000000000010E3

mem[X,0x00000000800027A4] -> 0x3023
mem[X,0x00000000800027A6] -> 0x00B3
[951] [M]: 0x00000000800027A4 (0x00B33023) sd x11, 0x0(x6)                          sv_Mvect+16
mem[W,0x000000008000A578] <- 0x00000000000010E3

clint mtime 0x00000000000001DC (mip.MTI <- 0b1, mip.STI <- 0b0)
mem[X,0x00000000800027A8] -> 0x3423
mem[X,0x00000000800027AA] -> 0x00A3
[952] [M]: 0x00000000800027A8 (0x00A33423) sd x10, 0x8(x6)                          sv_Mcause+0
mem[W,0x000000008000A580] <- 0x000000000000000C

mem[X,0x00000000800027AC] -> 0x4663
mem[X,0x00000000800027AE] -> 0x1A05
[953] [M]: 0x00000000800027AC (0x1A054663) blt x10, x0, 0x1ac                       sv_Mcause+4

clint mtime 0x00000000000001DD (mip.MTI <- 0b1, mip.STI <- 0b0)
mem[X,0x00000000800027B0] -> 0x25F3
mem[X,0x00000000800027B2] -> 0x3000
[954] [M]: 0x00000000800027B0 (0x300025F3) csrrs x11, mstatus, x0                   common_Mexcpt_handler+0
CSR mstatus (0x300) -> 0x0000000A00040800
x11 <- 0x0000000A00040800

mem[X,0x00000000800027B4] -> 0x9413
mem[X,0x00000000800027B6] -> 0x02E5
[955] [M]: 0x00000000800027B4 (0x02E59413) slli x8, x11, 0x2e                       common_Mexcpt_handler+4
x8 <- 0x0200000000000000

clint mtime 0x00000000000001DE (mip.MTI <- 0b1, mip.STI <- 0b0)
mem[X,0x00000000800027B8] -> 0x5463
mem[X,0x00000000800027BA] -> 0x0004
[956] [M]: 0x00000000800027B8 (0x00045463) bge x8, x0, 0x8                          common_Mexcpt_handler+8

mem[X,0x00000000800027C0] -> 0xD493
mem[X,0x00000000800027C2] -> 0x00B5
[957] [M]: 0x00000000800027C0 (0x00B5D493) srli x9, x11, 0xb                        common_Mexcpt_handler+16
x9 <- 0x0000000001400081

clint mtime 0x00000000000001DF (mip.MTI <- 0b1, mip.STI <- 0b0)
mem[X,0x00000000800027C4] -> 0xF493
mem[X,0x00000000800027C6] -> 0x0034
[958] [M]: 0x00000000800027C4 (0x0034F493) andi x9, x9, 0x3                         common_Mexcpt_handler+20
x9 <- 0x0000000000000001

mem[X,0x00000000800027C8] -> 0x8493
mem[X,0x00000000800027CA] -> 0x0014
[959] [M]: 0x00000000800027C8 (0x00148493) addi x9, x9, 0x1                         common_Mexcpt_handler+24
x9 <- 0x0000000000000002

clint mtime 0x00000000000001E0 (mip.MTI <- 0b1, mip.STI <- 0b0)
mem[X,0x00000000800027CC] -> 0xF493
mem[X,0x00000000800027CE] -> 0x0044
[960] [M]: 0x00000000800027CC (0x0044F493) andi x9, x9, 0x4                         common_Mexcpt_handler+28
x9 <- 0x0000000000000000

mem[X,0x00000000800027D0] -> 0x0593
mem[X,0x00000000800027D2] -> 0x05D0
[961] [M]: 0x00000000800027D0 (0x05D00593) addi x11, x0, 0x5d                       common_Mexcpt_handler+32
x11 <- 0x000000000000005D

clint mtime 0x00000000000001E1 (mip.MTI <- 0b1, mip.STI <- 0b0)
mem[X,0x00000000800027D4] -> 0xD5B3
mem[X,0x00000000800027D6] -> 0x0095
[962] [M]: 0x00000000800027D4 (0x0095D5B3) srl x11, x11, x9                         common_Mexcpt_handler+36
x11 <- 0x000000000000005D

mem[X,0x00000000800027D8] -> 0xF593
mem[X,0x00000000800027DA] -> 0x0015
[963] [M]: 0x00000000800027D8 (0x0015F593) andi x11, x11, 0x1                       common_Mexcpt_handler+40
x11 <- 0x0000000000000001

clint mtime 0x00000000000001E2 (mip.MTI <- 0b1, mip.STI <- 0b0)
mem[X,0x00000000800027DC] -> 0x8EE3
mem[X,0x00000000800027DE] -> 0xF405
[964] [M]: 0x00000000800027DC (0xF4058EE3) beq x11, x0, -0xa4                       common_Mexcpt_handler+44

mem[X,0x00000000800027E0] -> 0x0593
mem[X,0x00000000800027E2] -> 0x2980
[965] [M]: 0x00000000800027E0 (0x29800593) addi x11, x0, 0x298                      common_Mexcpt_handler+48
x11 <- 0x0000000000000298

clint mtime 0x00000000000001E3 (mip.MTI <- 0b1, mip.STI <- 0b0)
mem[X,0x00000000800027E4] -> 0xF413
mem[X,0x00000000800027E6] -> 0x0014
[966] [M]: 0x00000000800027E4 (0x0014F413) andi x8, x9, 0x1                         common_Mexcpt_handler+52
x8 <- 0x0000000000000000

mem[X,0x00000000800027E8] -> 0x95B3
mem[X,0x00000000800027EA] -> 0x0085
[967] [M]: 0x00000000800027E8 (0x008595B3) sll x11, x11, x8                         common_Mexcpt_handler+56
x11 <- 0x0000000000000298

clint mtime 0x00000000000001E4 (mip.MTI <- 0b1, mip.STI <- 0b0)
mem[X,0x00000000800027EC] -> 0x9413
mem[X,0x00000000800027EE] -> 0x03D4
[968] [M]: 0x00000000800027EC (0x03D49413) slli x8, x9, 0x3d                        common_Mexcpt_handler+60
x8 <- 0x0000000000000000

mem[X,0x00000000800027F0] -> 0x5413
mem[X,0x00000000800027F2] -> 0x43F4
[969] [M]: 0x00000000800027F0 (0x43F45413) srai x8, x8, 0x3f                        common_Mexcpt_handler+64
x8 <- 0x0000000000000000

clint mtime 0x00000000000001E5 (mip.MTI <- 0b1, mip.STI <- 0b0)
mem[X,0x00000000800027F4] -> 0x4413
mem[X,0x00000000800027F6] -> 0xFFF4
[970] [M]: 0x00000000800027F4 (0xFFF44413) xori x8, x8, -0x1                        common_Mexcpt_handler+68
x8 <- 0xFFFFFFFFFFFFFFFF

mem[X,0x00000000800027F8] -> 0xF4B3
mem[X,0x00000000800027FA] -> 0x0085
[971] [M]: 0x00000000800027F8 (0x0085F4B3) and x9, x11, x8                          common_Mexcpt_handler+72
x9 <- 0x0000000000000298

clint mtime 0x00000000000001E6 (mip.MTI <- 0b1, mip.STI <- 0b0)
mem[X,0x00000000800027FC] -> 0x84B3
mem[X,0x00000000800027FE] -> 0x0024
[972] [M]: 0x00000000800027FC (0x002484B3) add x9, x9, x2                           vmem_adj_Mepc+0
x9 <- 0x0000000080005298

mem[X,0x0000000080002800] -> 0x23F3
mem[X,0x0000000080002802] -> 0x3410
[973] [M]: 0x0000000080002800 (0x341023F3) csrrs x7, mepc, x0                       vmem_adj_Mepc+4
CSR mepc (0x341) -> 0x0000028080000400
x7 <- 0x0000028080000400

clint mtime 0x00000000000001E7 (mip.MTI <- 0b1, mip.STI <- 0b0)
mem[X,0x0000000080002804] -> 0x0413
mem[X,0x0000000080002806] -> 0x0004
[974] [M]: 0x0000000080002804 (0x00040413) addi x8, x8, 0x0                         vmem_adj_Mepc+8
x8 <- 0xFFFFFFFFFFFFFFFF

mem[X,0x0000000080002808] -> 0x006F
mem[X,0x000000008000280A] -> 0x0400
[975] [M]: 0x0000000080002808 (0x0400006F) jal x0, 0x40                             vmem_adj_Mepc+12

clint mtime 0x00000000000001E8 (mip.MTI <- 0b1, mip.STI <- 0b0)
mem[X,0x0000000080002848] -> 0x8433
mem[X,0x000000008000284A] -> 0x4083
[976] [M]: 0x0000000080002848 (0x40838433) sub x8, x7, x8                           adj_Mepc+0
x8 <- 0x0000028080000401

mem[X,0x000000008000284C] -> 0x3823
mem[X,0x000000008000284E] -> 0x0083
[977] [M]: 0x000000008000284C (0x00833823) sd x8, 0x10(x6)                          sv_Mepc+0
mem[W,0x000000008000A588] <- 0x0000028080000401

clint mtime 0x00000000000001E9 (mip.MTI <- 0b1, mip.STI <- 0b0)
mem[X,0x0000000080002850] -> 0x55B7
mem[X,0x0000000080002852] -> 0x0000
[978] [M]: 0x0000000080002850 (0x000055B7) lui x11, 0x5                             sv_Mepc+4
x11 <- 0x0000000000005000

mem[X,0x0000000080002854] -> 0x8593
mem[X,0x0000000080002856] -> 0x6675
[979] [M]: 0x0000000080002854 (0x66758593) addi x11, x11, 0x667                     sv_Mepc+8
x11 <- 0x0000000000005667

clint mtime 0x00000000000001EA (mip.MTI <- 0b1, mip.STI <- 0b0)
mem[X,0x0000000080002858] -> 0x9593
mem[X,0x000000008000285A] -> 0x0015
[980] [M]: 0x0000000080002858 (0x00159593) slli x11, x11, 0x1                       sv_Mepc+12
x11 <- 0x000000000000ACCE

mem[X,0x000000008000285C] -> 0x9063
mem[X,0x000000008000285E] -> 0x02B1
[981] [M]: 0x000000008000285C (0x02B19063) bne x3, x11, 0x20                        sv_Mepc+16

clint mtime 0x00000000000001EB (mip.MTI <- 0b1, mip.STI <- 0b0)
mem[X,0x0000000080002860] -> 0x2473
mem[X,0x0000000080002862] -> 0x3420
[982] [M]: 0x0000000080002860 (0x34202473) csrrs x8, mcause, x0                     sv_Mepc+20
CSR mcause (0x342) -> 0x000000000000000C
x8 <- 0x000000000000000C

mem[X,0x0000000080002864] -> 0x0593
mem[X,0x0000000080002866] -> 0x00C0
[983] [M]: 0x0000000080002864 (0x00C00593) addi x11, x0, 0xc                        sv_Mepc+24
x11 <- 0x000000000000000C

clint mtime 0x00000000000001EC (mip.MTI <- 0b1, mip.STI <- 0b0)
mem[X,0x0000000080002868] -> 0x0663
mem[X,0x000000008000286A] -> 0x00B4
[984] [M]: 0x0000000080002868 (0x00B40663) beq x8, x11, 0xc                         sv_Mepc+28

mem[X,0x0000000080002874] -> 0x1073
mem[X,0x0000000080002876] -> 0x3412
[985] [M]: 0x0000000080002874 (0x34121073) csrrw x0, mepc, x4                       sv_Mepc+40
CSR mepc (0x341) <- 0x0000030080000D2C

clint mtime 0x00000000000001ED (mip.MTI <- 0b1, mip.STI <- 0b0)
mem[X,0x0000000080002878] -> 0x006F
mem[X,0x000000008000287A] -> 0x0100
[986] [M]: 0x0000000080002878 (0x0100006F) jal x0, 0x10                             sv_Mepc+44

mem[X,0x0000000080002888] -> 0x23F3
mem[X,0x000000008000288A] -> 0x3430
[987] [M]: 0x0000000080002888 (0x343023F3) csrrs x7, mtval, x0                      skp_adj_Mepc+0
CSR mtval (0x343) -> 0x0000028080000400
x7 <- 0x0000028080000400

clint mtime 0x00000000000001EE (mip.MTI <- 0b1, mip.STI <- 0b0)
mem[X,0x000000008000288C] -> 0x0413
mem[X,0x000000008000288E] -> 0x0004
[988] [M]: 0x000000008000288C (0x00040413) addi x8, x8, 0x0                         skp_adj_Mepc+4
x8 <- 0x000000000000000C

mem[X,0x0000000080002890] -> 0x006F
mem[X,0x0000000080002892] -> 0x0840
[989] [M]: 0x0000000080002890 (0x0840006F) jal x0, 0x84                             skp_adj_Mepc+8

clint mtime 0x00000000000001EF (mip.MTI <- 0b1, mip.STI <- 0b0)
mem[X,0x0000000080002914] -> 0x8433
mem[X,0x0000000080002916] -> 0x4083
[990] [M]: 0x0000000080002914 (0x40838433) sub x8, x7, x8                           adj_Mtval+0
x8 <- 0x00000280800003F4

mem[X,0x0000000080002918] -> 0x3C23
mem[X,0x000000008000291A] -> 0x0083
[991] [M]: 0x0000000080002918 (0x00833C23) sd x8, 0x18(x6)                          sv_Mtval+0
mem[W,0x000000008000A590] <- 0x00000280800003F4

clint mtime 0x00000000000001F0 (mip.MTI <- 0b1, mip.STI <- 0b0)
mem[X,0x000000008000291C] -> 0x3483
mem[X,0x000000008000291E] -> 0x2181
[992] [M]: 0x000000008000291C (0x21813483) ld x9, 0x218(x2)                         skp_Mtval+0
mem[R,0x0000000080005218] -> 0x000000008000A598
x9 <- 0x000000008000A598

mem[X,0x0000000080002920] -> 0x3383
mem[X,0x0000000080002922] -> 0x1F81
[993] [M]: 0x0000000080002920 (0x1F813383) ld x7, 0x1f8(x2)                         skp_Mtval+4
mem[R,0x00000000800051F8] -> 0x000000008000A110
x7 <- 0x000000008000A110

clint mtime 0x00000000000001F1 (mip.MTI <- 0b1, mip.STI <- 0b0)
mem[X,0x0000000080002924] -> 0x3303
mem[X,0x0000000080002926] -> 0x2001
[994] [M]: 0x0000000080002924 (0x20013303) ld x6, 0x200(x2)                         skp_Mtval+8
mem[R,0x0000000080005200] -> 0x0000000000000610
x6 <- 0x0000000000000610

mem[X,0x0000000080002928] -> 0x0333
mem[X,0x000000008000292A] -> 0x0073
[995] [M]: 0x0000000080002928 (0x00730333) add x6, x6, x7                           skp_Mtval+12
x6 <- 0x000000008000A720

clint mtime 0x00000000000001F2 (mip.MTI <- 0b1, mip.STI <- 0b0)
mem[X,0x000000008000292C] -> 0x6AE3
mem[X,0x000000008000292E] -> 0xAE93
[996] [M]: 0x000000008000292C (0xAE936AE3) bltu x6, x9, -0x50c                      skp_Mtval+16

mem[X,0x0000000080002930] -> 0x0393
mem[X,0x0000000080002932] -> 0x2000
[997] [M]: 0x0000000080002930 (0x20000393) addi x7, x0, 0x200                       skp_Mtval+20
x7 <- 0x0000000000000200

clint mtime 0x00000000000001F3 (mip.MTI <- 0b1, mip.STI <- 0b0)
mem[X,0x0000000080002934] -> 0x006F
mem[X,0x0000000080002936] -> 0x0400
[998] [M]: 0x0000000080002934 (0x0400006F) jal x0, 0x40                             skp_Mtval+24

mem[X,0x0000000080002974] -> 0x0417
mem[X,0x0000000080002976] -> 0x0000
[999] [M]: 0x0000000080002974 (0x00000417) auipc x8, 0x0                            spcl_Mhandler+0
x8 <- 0x0000000080002974

clint mtime 0x00000000000001F4 (mip.MTI <- 0b1, mip.STI <- 0b0)
mem[X,0x0000000080002978] -> 0x0413
mem[X,0x000000008000297A] -> 0x03C4
[1000] [M]: 0x0000000080002978 (0x03C40413) addi x8, x8, 0x3c                       spcl_Mhandler+4
x8 <- 0x00000000800029B0

mem[X,0x000000008000297C] -> 0x0433
mem[X,0x000000008000297E] -> 0x0074
[1001] [M]: 0x000000008000297C (0x00740433) add x8, x8, x7                          spcl_Mhandler+8
x8 <- 0x0000000080002BB0

clint mtime 0x00000000000001F5 (mip.MTI <- 0b1, mip.STI <- 0b0)
mem[X,0x0000000080002980] -> 0x1393
mem[X,0x0000000080002982] -> 0x0035
[1002] [M]: 0x0000000080002980 (0x00351393) slli x7, x10, 0x3                       spcl_Mhandler+12
x7 <- 0x0000000000000060

mem[X,0x0000000080002984] -> 0x0433
mem[X,0x0000000080002986] -> 0x0074
[1003] [M]: 0x0000000080002984 (0x00740433) add x8, x8, x7                          spcl_Mhandler+16
x8 <- 0x0000000080002C10

clint mtime 0x00000000000001F6 (mip.MTI <- 0b1, mip.STI <- 0b0)
mem[X,0x0000000080002988] -> 0x7413
mem[X,0x000000008000298A] -> 0xFF84
[1004] [M]: 0x0000000080002988 (0xFF847413) andi x8, x8, -0x8                       spcl_Mhandler+20
x8 <- 0x0000000080002C10

mem[X,0x000000008000298C] -> 0x3403
mem[X,0x000000008000298E] -> 0x0004
[1005] [M]: 0x000000008000298C (0x00043403) ld x8, 0x0(x8)                          spcl_Mhandler+24
mem[R,0x0000000080002C10] -> 0x0000000000000019
x8 <- 0x0000000000000019

clint mtime 0x00000000000001F7 (mip.MTI <- 0b1, mip.STI <- 0b0)
mem[X,0x0000000080002990] -> 0x02E3
mem[X,0x0000000080002992] -> 0xB204
[1006] [M]: 0x0000000080002990 (0xB20402E3) beq x8, x0, -0x4dc                      spcl_Mdispatch_hndling+0

mem[X,0x0000000080002994] -> 0x1393
mem[X,0x0000000080002996] -> 0x03F4
[1007] [M]: 0x0000000080002994 (0x03F41393) slli x7, x8, 0x3f                       spcl_Mdispatch_hndling+4
x7 <- 0x8000000000000000

clint mtime 0x00000000000001F8 (mip.MTI <- 0b1, mip.STI <- 0b0)
mem[X,0x0000000080002998] -> 0xD863
mem[X,0x000000008000299A] -> 0x0003
[1008] [M]: 0x0000000080002998 (0x0003D863) bge x7, x0, 0x10                        spcl_Mdispatch_hndling+8

mem[X,0x000000008000299C] -> 0x5413
mem[X,0x000000008000299E] -> 0x0014
[1009] [M]: 0x000000008000299C (0x00145413) srli x8, x8, 0x1                        spcl_Mdispatch_hndling+12
x8 <- 0x000000000000000C

clint mtime 0x00000000000001F9 (mip.MTI <- 0b1, mip.STI <- 0b0)
mem[X,0x00000000800029A0] -> 0x0CE3
mem[X,0x00000000800029A2] -> 0xF885
[1010] [M]: 0x00000000800029A0 (0xF8850CE3) beq x10, x8, -0x68                      spcl_Mdispatch_hndling+16

mem[X,0x0000000080002938] -> 0x3303
mem[X,0x000000008000293A] -> 0x2601
[1011] [M]: 0x0000000080002938 (0x26013303) ld x6, 0x260(x2)                        resto_Mrtn+0
mem[R,0x0000000080005260] -> 0xFFFFFFFF7FFFF42C
x6 <- 0xFFFFFFFF7FFFF42C

clint mtime 0x00000000000001FA (mip.MTI <- 0b1, mip.STI <- 0b0)
mem[X,0x000000008000293C] -> 0x3383
mem[X,0x000000008000293E] -> 0x2681
[1012] [M]: 0x000000008000293C (0x26813383) ld x7, 0x268(x2)                        resto_Mrtn+4
mem[R,0x0000000080005268] -> 0x0000000080005000
x7 <- 0x0000000080005000

mem[X,0x0000000080002940] -> 0x3403
mem[X,0x0000000080002942] -> 0x2701
[1013] [M]: 0x0000000080002940 (0x27013403) ld x8, 0x270(x2)                        resto_Mrtn+8
mem[R,0x0000000080005270] -> 0x0000000000007F76
x8 <- 0x0000000000007F76

clint mtime 0x00000000000001FB (mip.MTI <- 0b1, mip.STI <- 0b0)
mem[X,0x0000000080002944] -> 0x3483
mem[X,0x0000000080002946] -> 0x2781
[1014] [M]: 0x0000000080002944 (0x27813483) ld x9, 0x278(x2)                        resto_Mrtn+12
mem[R,0x0000000080005278] -> 0x00000300000000C8
x9 <- 0x00000300000000C8

mem[X,0x0000000080002948] -> 0x3503
mem[X,0x000000008000294A] -> 0x2801
[1015] [M]: 0x0000000080002948 (0x28013503) ld x10, 0x280(x2)                       resto_Mrtn+16
mem[R,0x0000000080005280] -> 0x00000000000000C3
x10 <- 0x00000000000000C3

clint mtime 0x00000000000001FC (mip.MTI <- 0b1, mip.STI <- 0b0)
mem[X,0x000000008000294C] -> 0x3583
mem[X,0x000000008000294E] -> 0x2881
[1016] [M]: 0x000000008000294C (0x28813583) ld x11, 0x288(x2)                       resto_Mrtn+20
mem[R,0x0000000080005288] -> 0x00000000000000C3
x11 <- 0x00000000000000C3

mem[X,0x0000000080002950] -> 0x3103
mem[X,0x0000000080002952] -> 0x2901
[1017] [M]: 0x0000000080002950 (0x29013103) ld x2, 0x290(x2)                        resto_Mrtn+24
mem[R,0x0000000080005290] -> 0x0000000000000000
x2 <- 0x0000000000000000

clint mtime 0x00000000000001FD (mip.MTI <- 0b1, mip.STI <- 0b0)
mem[X,0x0000000080002954] -> 0x0073
mem[X,0x0000000080002956] -> 0x3020
[1018] [M]: 0x0000000080002954 (0x30200073) mret                                    resto_Mrtn+28
CSR mstatus (0x300) <- 0x0000000A00040080
ret-ing from M to S

mem[X,0x0000000080000D2C] -> 0x0013
mem[X,0x0000000080000D2E] -> 0x0000
[1019] [S]: 0x0000030080000D2C (0x00000013) addi x0, x0, 0x0                        va_rvtest_code_begin+1392

clint mtime 0x00000000000001FE (mip.MTI <- 0b1, mip.STI <- 0b0)
mem[X,0x0000000080000D30] -> 0x0013
mem[X,0x0000000080000D32] -> 0x0000
[1020] [S]: 0x0000030080000D30 (0x00000013) addi x0, x0, 0x0                        va_rvtest_code_begin+1396

mem[X,0x0000000080000D34] -> 0x0013
mem[X,0x0000000080000D36] -> 0x0000
[1021] [S]: 0x0000030080000D34 (0x00000013) addi x0, x0, 0x0                        va_rvtest_code_begin+1400

clint mtime 0x00000000000001FF (mip.MTI <- 0b1, mip.STI <- 0b0)
mem[X,0x0000000080000D38] -> 0x0113
mem[X,0x0000000080000D3A] -> 0x0000
[1022] [S]: 0x0000030080000D38 (0x00000113) addi x2, x0, 0x0                        va_rvtest_code_begin+1404
x2 <- 0x0000000000000000

mem[X,0x0000000080000D3C] -> 0x0073
mem[X,0x0000000080000D3E] -> 0x0000
[1023] [S]: 0x0000030080000D3C (0x00000073) ecall                                   va_rvtest_code_begin+1408
trapping from S to M to handle s-call
handling exc#s-call at priv M with tval 0x0000000000000000
CSR mstatus (0x300) <- 0x0000000A00040800
CSR mcause (0x342) <- 0x0000000000000009
CSR mtval (0x343) <- 0x0000000000000000
CSR mepc (0x341) <- 0x0000030080000D3C

clint mtime 0x0000000000000200 (mip.MTI <- 0b1, mip.STI <- 0b0)
mem[X,0x0000000080002500] -> 0x006F
mem[X,0x0000000080002502] -> 0x1000
[1024] [M]: 0x0000000080002500 (0x1000006F) jal x0, 0x100                           Mtrampoline+0

mem[X,0x0000000080002600] -> 0x1173
mem[X,0x0000000080002602] -> 0x3401
[1025] [M]: 0x0000000080002600 (0x34011173) csrrw x2, mscratch, x2                  trap_Mhandler+0
CSR mscratch (0x340) <- 0x0000000000000000
x2 <- 0x0000000080005000

clint mtime 0x0000000000000201 (mip.MTI <- 0b1, mip.STI <- 0b0)
mem[X,0x0000000080002604] -> 0x3423
mem[X,0x0000000080002606] -> 0x28B1
[1026] [M]: 0x0000000080002604 (0x28B13423) sd x11, 0x288(x2)                       trap_Mhandler+4
mem[W,0x0000000080005288] <- 0x00000000000000C3

mem[X,0x0000000080002608] -> 0x05EF
mem[X,0x000000008000260A] -> 0x0B80
[1027] [M]: 0x0000000080002608 (0x0B8005EF) jal x11, 0xb8                           trap_Mhandler+8
x11 <- 0x000000008000260C

clint mtime 0x0000000000000202 (mip.MTI <- 0b1, mip.STI <- 0b0)
mem[X,0x00000000800026C0] -> 0x3023
mem[X,0x00000000800026C2] -> 0x28A1
[1028] [M]: 0x00000000800026C0 (0x28A13023) sd x10, 0x280(x2)                       common_Mhandler+0
mem[W,0x0000000080005280] <- 0x00000000000000C3

mem[X,0x00000000800026C4] -> 0x1573
mem[X,0x00000000800026C6] -> 0x3401
[1029] [M]: 0x00000000800026C4 (0x34011573) csrrw x10, mscratch, x2                 common_Mhandler+4
CSR mscratch (0x340) <- 0x0000000080005000
x10 <- 0x0000000000000000

clint mtime 0x0000000000000203 (mip.MTI <- 0b1, mip.STI <- 0b0)
mem[X,0x00000000800026C8] -> 0x3823
mem[X,0x00000000800026CA] -> 0x28A1
[1030] [M]: 0x00000000800026C8 (0x28A13823) sd x10, 0x290(x2)                       common_Mhandler+8
mem[W,0x0000000080005290] <- 0x0000000000000000

mem[X,0x00000000800026CC] -> 0x3503
mem[X,0x00000000800026CE] -> 0x2301
[1031] [M]: 0x00000000800026CC (0x23013503) ld x10, 0x230(x2)                       common_Mhandler+12
mem[R,0x0000000080005230] -> 0x00000000800026D4
x10 <- 0x00000000800026D4

clint mtime 0x0000000000000204 (mip.MTI <- 0b1, mip.STI <- 0b0)
mem[X,0x00000000800026D0] -> 0x0067
mem[X,0x00000000800026D2] -> 0x0005
[1032] [M]: 0x00000000800026D0 (0x00050067) jalr x0, 0x0(x10)                       common_Mhandler+16

mem[X,0x00000000800026D4] -> 0x3C23
mem[X,0x00000000800026D6] -> 0x2691
[1033] [M]: 0x00000000800026D4 (0x26913C23) sd x9, 0x278(x2)                        common_Mentry+0
mem[W,0x0000000080005278] <- 0x00000300000000C8

clint mtime 0x0000000000000205 (mip.MTI <- 0b1, mip.STI <- 0b0)
mem[X,0x00000000800026D8] -> 0x3823
mem[X,0x00000000800026DA] -> 0x2681
[1034] [M]: 0x00000000800026D8 (0x26813823) sd x8, 0x270(x2)                        common_Mentry+4
mem[W,0x0000000080005270] <- 0x0000000000007F76

mem[X,0x00000000800026DC] -> 0x3423
mem[X,0x00000000800026DE] -> 0x2671
[1035] [M]: 0x00000000800026DC (0x26713423) sd x7, 0x268(x2)                        common_Mentry+8
mem[W,0x0000000080005268] <- 0x0000000080005000

clint mtime 0x0000000000000206 (mip.MTI <- 0b1, mip.STI <- 0b0)
mem[X,0x00000000800026E0] -> 0x3023
mem[X,0x00000000800026E2] -> 0x2661
[1036] [M]: 0x00000000800026E0 (0x26613023) sd x6, 0x260(x2)                        common_Mentry+12
mem[W,0x0000000080005260] <- 0xFFFFFFFF7FFFF42C

mem[X,0x00000000800026E4] -> 0x2573
mem[X,0x00000000800026E6] -> 0x3420
[1037] [M]: 0x00000000800026E4 (0x34202573) csrrs x10, mcause, x0                   spcl_M2mmode_test+0
CSR mcause (0x342) -> 0x0000000000000009
x10 <- 0x0000000000000009

clint mtime 0x0000000000000207 (mip.MTI <- 0b1, mip.STI <- 0b0)
mem[X,0x00000000800026E8] -> 0x04B7
mem[X,0x00000000800026EA] -> 0x8000
[1038] [M]: 0x00000000800026E8 (0x800004B7) lui x9, -0x80000                        spcl_M2mmode_test+4
x9 <- 0xFFFFFFFF80000000

mem[X,0x00000000800026EC] -> 0x8493
mem[X,0x00000000800026EE] -> 0x0004
[1039] [M]: 0x00000000800026EC (0x00048493) addi x9, x9, 0x0                        spcl_M2mmode_test+8
x9 <- 0xFFFFFFFF80000000

clint mtime 0x0000000000000208 (mip.MTI <- 0b1, mip.STI <- 0b0)
mem[X,0x00000000800026F0] -> 0x9493
mem[X,0x00000000800026F2] -> 0x00B4
[1040] [M]: 0x00000000800026F0 (0x00B49493) slli x9, x9, 0xb                        spcl_M2mmode_test+12
x9 <- 0xFFFFFC0000000000

mem[X,0x00000000800026F4] -> 0x8493
mem[X,0x00000000800026F6] -> 0x0004
[1041] [M]: 0x00000000800026F4 (0x00048493) addi x9, x9, 0x0                        spcl_M2mmode_test+16
x9 <- 0xFFFFFC0000000000

clint mtime 0x0000000000000209 (mip.MTI <- 0b1, mip.STI <- 0b0)
mem[X,0x00000000800026F8] -> 0x9493
mem[X,0x00000000800026FA] -> 0x00B4
[1042] [M]: 0x00000000800026F8 (0x00B49493) slli x9, x9, 0xb                        spcl_M2mmode_test+20
x9 <- 0xFFE0000000000000

mem[X,0x00000000800026FC] -> 0x8493
mem[X,0x00000000800026FE] -> 0x0034
[1043] [M]: 0x00000000800026FC (0x00348493) addi x9, x9, 0x3                        spcl_M2mmode_test+24
x9 <- 0xFFE0000000000003

clint mtime 0x000000000000020A (mip.MTI <- 0b1, mip.STI <- 0b0)
mem[X,0x0000000080002700] -> 0x9493
mem[X,0x0000000080002702] -> 0x00A4
[1044] [M]: 0x0000000080002700 (0x00A49493) slli x9, x9, 0xa                        spcl_M2mmode_test+28
x9 <- 0x8000000000000C00

mem[X,0x0000000080002704] -> 0x8493
mem[X,0x0000000080002706] -> 0x3FC4
[1045] [M]: 0x0000000080002704 (0x3FC48493) addi x9, x9, 0x3fc                      spcl_M2mmode_test+32
x9 <- 0x8000000000000FFC

clint mtime 0x000000000000020B (mip.MTI <- 0b1, mip.STI <- 0b0)
mem[X,0x0000000080002708] -> 0xF4B3
mem[X,0x000000008000270A] -> 0x00A4
[1046] [M]: 0x0000000080002708 (0x00A4F4B3) and x9, x9, x10                         spcl_M2mmode_test+36
x9 <- 0x0000000000000008

mem[X,0x000000008000270C] -> 0x8493
mem[X,0x000000008000270E] -> 0xFF84
[1047] [M]: 0x000000008000270C (0xFF848493) addi x9, x9, -0x8                       spcl_M2mmode_test+40
x9 <- 0x0000000000000000

clint mtime 0x000000000000020C (mip.MTI <- 0b1, mip.STI <- 0b0)
mem[X,0x0000000080002710] -> 0x9663
mem[X,0x0000000080002712] -> 0x0004
[1048] [M]: 0x0000000080002710 (0x00049663) bne x9, x0, 0xc                         spcl_M2mmode_test+44

mem[X,0x0000000080002714] -> 0x3383
mem[X,0x0000000080002716] -> 0x2901
[1049] [M]: 0x0000000080002714 (0x29013383) ld x7, 0x290(x2)                        spcl_M2mmode_test+48
mem[R,0x0000000080005290] -> 0x0000000000000000
x7 <- 0x0000000000000000

clint mtime 0x000000000000020D (mip.MTI <- 0b1, mip.STI <- 0b0)
mem[X,0x0000000080002718] -> 0x8663
mem[X,0x000000008000271A] -> 0x6E03
[1050] [M]: 0x0000000080002718 (0x6E038663) beq x7, x0, 0x6ec                       spcl_M2mmode_test+52

mem[X,0x0000000080002E04] -> 0x0493
mem[X,0x0000000080002E06] -> 0xFF55
[1051] [M]: 0x0000000080002E04 (0xFF550493) addi x9, x10, -0xb                      rtn2mmode+0
x9 <- 0xFFFFFFFFFFFFFFFE

clint mtime 0x000000000000020E (mip.MTI <- 0b1, mip.STI <- 0b0)
mem[X,0x0000000080002E08] -> 0x8C63
mem[X,0x0000000080002E0A] -> 0x0004
[1052] [M]: 0x0000000080002E08 (0x00048C63) beq x9, x0, 0x18                        rtn2mmode+4

mem[X,0x0000000080002E0C] -> 0x3583
mem[X,0x0000000080002E0E] -> 0x4701
[1053] [M]: 0x0000000080002E0C (0x47013583) ld x11, 0x470(x2)                       rtn2mmode+8
mem[R,0x0000000080005470] -> 0x00000300800007BC
x11 <- 0x00000300800007BC

clint mtime 0x000000000000020F (mip.MTI <- 0b1, mip.STI <- 0b0)
mem[X,0x0000000080002E10] -> 0xD463
mem[X,0x0000000080002E12] -> 0x0003
[1054] [M]: 0x0000000080002E10 (0x0003D463) bge x7, x0, 0x8                         rtn2mmode+12

mem[X,0x0000000080002E18] -> 0x3483
mem[X,0x0000000080002E1A] -> 0x1D81
[1055] [M]: 0x0000000080002E18 (0x1D813483) ld x9, 0x1d8(x2)                        from_u_s+0
mem[R,0x00000000800051D8] -> 0x00000000800007D4
x9 <- 0x00000000800007D4

clint mtime 0x0000000000000210 (mip.MTI <- 0b1, mip.STI <- 0b0)
mem[X,0x0000000080002E1C] -> 0x84B3
mem[X,0x0000000080002E1E] -> 0x40B4
[1056] [M]: 0x0000000080002E1C (0x40B484B3) sub x9, x9, x11                         from_u_s+4
x9 <- 0xFFFFFD0000000018

mem[X,0x0000000080002E20] -> 0x23F3
mem[X,0x0000000080002E22] -> 0x3410
[1057] [M]: 0x0000000080002E20 (0x341023F3) csrrs x7, mepc, x0                      rtn_fm_mmode+0
CSR mepc (0x341) -> 0x0000030080000D3C
x7 <- 0x0000030080000D3C

clint mtime 0x0000000000000211 (mip.MTI <- 0b1, mip.STI <- 0b0)
mem[X,0x0000000080002E24] -> 0x83B3
mem[X,0x0000000080002E26] -> 0x0093
[1058] [M]: 0x0000000080002E24 (0x009383B3) add x7, x7, x9                          rtn_fm_mmode+4
x7 <- 0x0000000080000D54

mem[X,0x0000000080002E28] -> 0x3303
mem[X,0x0000000080002E2A] -> 0x2601
[1059] [M]: 0x0000000080002E28 (0x26013303) ld x6, 0x260(x2)                        rtn_fm_mmode+8
mem[R,0x0000000080005260] -> 0xFFFFFFFF7FFFF42C
x6 <- 0xFFFFFFFF7FFFF42C

clint mtime 0x0000000000000212 (mip.MTI <- 0b1, mip.STI <- 0b0)
mem[X,0x0000000080002E2C] -> 0x3403
mem[X,0x0000000080002E2E] -> 0x2701
[1060] [M]: 0x0000000080002E2C (0x27013403) ld x8, 0x270(x2)                        rtn_fm_mmode+12
mem[R,0x0000000080005270] -> 0x0000000000007F76
x8 <- 0x0000000000007F76

mem[X,0x0000000080002E30] -> 0x3483
mem[X,0x0000000080002E32] -> 0x2781
[1061] [M]: 0x0000000080002E30 (0x27813483) ld x9, 0x278(x2)                        rtn_fm_mmode+16
mem[R,0x0000000080005278] -> 0x00000300000000C8
x9 <- 0x00000300000000C8

clint mtime 0x0000000000000213 (mip.MTI <- 0b1, mip.STI <- 0b0)
mem[X,0x0000000080002E34] -> 0x3503
mem[X,0x0000000080002E36] -> 0x2801
[1062] [M]: 0x0000000080002E34 (0x28013503) ld x10, 0x280(x2)                       rtn_fm_mmode+20
mem[R,0x0000000080005280] -> 0x00000000000000C3
x10 <- 0x00000000000000C3

mem[X,0x0000000080002E38] -> 0x3583
mem[X,0x0000000080002E3A] -> 0x2881
[1063] [M]: 0x0000000080002E38 (0x28813583) ld x11, 0x288(x2)                       rtn_fm_mmode+24
mem[R,0x0000000080005288] -> 0x00000000000000C3
x11 <- 0x00000000000000C3

clint mtime 0x0000000000000214 (mip.MTI <- 0b1, mip.STI <- 0b0)
mem[X,0x0000000080002E3C] -> 0x3103
mem[X,0x0000000080002E3E] -> 0x2901
[1064] [M]: 0x0000000080002E3C (0x29013103) ld x2, 0x290(x2)                        rtn_fm_mmode+28
mem[R,0x0000000080005290] -> 0x0000000000000000
x2 <- 0x0000000000000000

mem[X,0x0000000080002E40] -> 0x8067
mem[X,0x0000000080002E42] -> 0x0043
[1065] [M]: 0x0000000080002E40 (0x00438067) jalr x0, 0x4(x7)                        rtn_fm_mmode+32

clint mtime 0x0000000000000215 (mip.MTI <- 0b1, mip.STI <- 0b0)
mem[X,0x0000000080000D58] -> 0x0013
mem[X,0x0000000080000D5A] -> 0x0000
[1066] [M]: 0x0000000080000D58 (0x00000013) addi x0, x0, 0x0                        main+1368

mem[X,0x0000000080000D5C] -> 0x0013
mem[X,0x0000000080000D5E] -> 0x0000
[1067] [M]: 0x0000000080000D5C (0x00000013) addi x0, x0, 0x0                        main+1372

clint mtime 0x0000000000000216 (mip.MTI <- 0b1, mip.STI <- 0b0)
mem[X,0x0000000080000D60] -> 0x051B
mem[X,0x0000000080000D62] -> 0x0000
[1068] [M]: 0x0000000080000D60 (0x0000051B) addiw x10, x0, 0x0                      main+1376
x10 <- 0x0000000000000000

mem[X,0x0000000080000D64] -> 0x0001
[1069] [M]: 0x0000000080000D64 (0x0001) c.nop                                       main+1380

clint mtime 0x0000000000000217 (mip.MTI <- 0b1, mip.STI <- 0b0)
mem[X,0x0000000080000D66] -> 0x0013
mem[X,0x0000000080000D68] -> 0x0000
[1070] [M]: 0x0000000080000D66 (0x00000013) addi x0, x0, 0x0                        main+1382

mem[X,0x0000000080000D6A] -> 0x0013
mem[X,0x0000000080000D6C] -> 0x0000
[1071] [M]: 0x0000000080000D6A (0x00000013) addi x0, x0, 0x0                        main+1386

clint mtime 0x0000000000000218 (mip.MTI <- 0b1, mip.STI <- 0b0)
mem[X,0x0000000080000D6E] -> 0x0013
mem[X,0x0000000080000D70] -> 0x0000
[1072] [M]: 0x0000000080000D6E (0x00000013) addi x0, x0, 0x0                        main+1390

mem[X,0x0000000080000D72] -> 0x0013
mem[X,0x0000000080000D74] -> 0x0000
[1073] [M]: 0x0000000080000D72 (0x00000013) addi x0, x0, 0x0                        main+1394

clint mtime 0x0000000000000219 (mip.MTI <- 0b1, mip.STI <- 0b0)
mem[X,0x0000000080000D76] -> 0x0013
mem[X,0x0000000080000D78] -> 0x0000
[1074] [M]: 0x0000000080000D76 (0x00000013) addi x0, x0, 0x0                        main+1398

mem[X,0x0000000080000D7A] -> 0x0013
mem[X,0x0000000080000D7C] -> 0x0000
[1075] [M]: 0x0000000080000D7A (0x00000013) addi x0, x0, 0x0                        main+1402

clint mtime 0x000000000000021A (mip.MTI <- 0b1, mip.STI <- 0b0)
mem[X,0x0000000080000D7E] -> 0x0001
[1076] [M]: 0x0000000080000D7E (0x0001) c.nop                                       main+1406

mem[X,0x0000000080000D80] -> 0x0593
mem[X,0x0000000080000D82] -> 0x0C90
[1077] [M]: 0x0000000080000D80 (0x0C900593) addi x11, x0, 0xc9                      main+1408
x11 <- 0x00000000000000C9

clint mtime 0x000000000000021B (mip.MTI <- 0b1, mip.STI <- 0b0)
mem[X,0x0000000080000D84] -> 0x5513
mem[X,0x0000000080000D86] -> 0x00C5
[1078] [M]: 0x0000000080000D84 (0x00C55513) srli x10, x10, 0xc                      main+1412
x10 <- 0x0000000000000000

mem[X,0x0000000080000D88] -> 0x1513
mem[X,0x0000000080000D8A] -> 0x00A5
[1079] [M]: 0x0000000080000D88 (0x00A51513) slli x10, x10, 0xa                      main+1416
x10 <- 0x0000000000000000

clint mtime 0x000000000000021C (mip.MTI <- 0b1, mip.STI <- 0b0)
mem[X,0x0000000080000D8C] -> 0x6533
mem[X,0x0000000080000D8E] -> 0x00B5
[1080] [M]: 0x0000000080000D8C (0x00B56533) or x10, x10, x11                        main+1420
x10 <- 0x00000000000000C9

mem[X,0x0000000080000D90] -> 0x0013
mem[X,0x0000000080000D92] -> 0x0000
[1081] [M]: 0x0000000080000D90 (0x00000013) addi x0, x0, 0x0                        main+1424

clint mtime 0x000000000000021D (mip.MTI <- 0b1, mip.STI <- 0b0)
mem[X,0x0000000080000D94] -> 0x0013
mem[X,0x0000000080000D96] -> 0x0000
[1082] [M]: 0x0000000080000D94 (0x00000013) addi x0, x0, 0x0                        main+1428

mem[X,0x0000000080000D98] -> 0x0013
mem[X,0x0000000080000D9A] -> 0x0000
[1083] [M]: 0x0000000080000D98 (0x00000013) addi x0, x0, 0x0                        main+1432

clint mtime 0x000000000000021E (mip.MTI <- 0b1, mip.STI <- 0b0)
mem[X,0x0000000080000D9C] -> 0x0013
mem[X,0x0000000080000D9E] -> 0x0000
[1084] [M]: 0x0000000080000D9C (0x00000013) addi x0, x0, 0x0                        main+1436

mem[X,0x0000000080000DA0] -> 0x8317
mem[X,0x0000000080000DA2] -> 0x0000
[1085] [M]: 0x0000000080000DA0 (0x00008317) auipc x6, 0x8                           main+1440
x6 <- 0x0000000080008DA0

clint mtime 0x000000000000021F (mip.MTI <- 0b1, mip.STI <- 0b0)
mem[X,0x0000000080000DA4] -> 0x0313
mem[X,0x0000000080000DA6] -> 0x2603
[1086] [M]: 0x0000000080000DA4 (0x26030313) addi x6, x6, 0x260                      main+1444
x6 <- 0x0000000080009000

mem[X,0x0000000080000DA8] -> 0x0001
[1087] [M]: 0x0000000080000DA8 (0x0001) c.nop                                       main+1448

clint mtime 0x0000000000000220 (mip.MTI <- 0b1, mip.STI <- 0b0)
mem[X,0x0000000080000DAA] -> 0x0013
mem[X,0x0000000080000DAC] -> 0x0000
[1088] [M]: 0x0000000080000DAA (0x00000013) addi x0, x0, 0x0                        main+1450

mem[X,0x0000000080000DAE] -> 0x0013
mem[X,0x0000000080000DB0] -> 0x0000
[1089] [M]: 0x0000000080000DAE (0x00000013) addi x0, x0, 0x0                        main+1454

clint mtime 0x0000000000000221 (mip.MTI <- 0b1, mip.STI <- 0b0)
mem[X,0x0000000080000DB2] -> 0x0013
mem[X,0x0000000080000DB4] -> 0x0000
[1090] [M]: 0x0000000080000DB2 (0x00000013) addi x0, x0, 0x0                        main+1458

mem[X,0x0000000080000DB6] -> 0x0013
mem[X,0x0000000080000DB8] -> 0x0000
[1091] [M]: 0x0000000080000DB6 (0x00000013) addi x0, x0, 0x0                        main+1462

clint mtime 0x0000000000000222 (mip.MTI <- 0b1, mip.STI <- 0b0)
mem[X,0x0000000080000DBA] -> 0x0013
mem[X,0x0000000080000DBC] -> 0x0000
[1092] [M]: 0x0000000080000DBA (0x00000013) addi x0, x0, 0x0                        main+1466

mem[X,0x0000000080000DBE] -> 0x0001
[1093] [M]: 0x0000000080000DBE (0x0001) c.nop                                       main+1470

clint mtime 0x0000000000000223 (mip.MTI <- 0b1, mip.STI <- 0b0)
mem[X,0x0000000080000DC0] -> 0x0293
mem[X,0x0000000080000DC2] -> 0x0280
[1094] [M]: 0x0000000080000DC0 (0x02800293) addi x5, x0, 0x28                       main+1472
x5 <- 0x0000000000000028

mem[X,0x0000000080000DC4] -> 0x0333
mem[X,0x0000000080000DC6] -> 0x0053
[1095] [M]: 0x0000000080000DC4 (0x00530333) add x6, x6, x5                          main+1476
x6 <- 0x0000000080009028

clint mtime 0x0000000000000224 (mip.MTI <- 0b1, mip.STI <- 0b0)
mem[X,0x0000000080000DC8] -> 0x3023
mem[X,0x0000000080000DCA] -> 0x00A3
[1096] [M]: 0x0000000080000DC8 (0x00A33023) sd x10, 0x0(x6)                         main+1480
mem[W,0x0000000080009028] <- 0x00000000000000C9

mem[X,0x0000000080000DCC] -> 0x0073
mem[X,0x0000000080000DCE] -> 0x1200
[1097] [M]: 0x0000000080000DCC (0x12000073) sfence.vma x0, x0                       main+1484

clint mtime 0x0000000000000225 (mip.MTI <- 0b1, mip.STI <- 0b0)
mem[X,0x0000000080000DD0] -> 0x0493
mem[X,0x0000000080000DD2] -> 0x0010
[1098] [M]: 0x0000000080000DD0 (0x00100493) addi x9, x0, 0x1                        main+1488
x9 <- 0x0000000000000001

mem[X,0x0000000080000DD4] -> 0x9493
mem[X,0x0000000080000DD6] -> 0x00B4
[1099] [M]: 0x0000000080000DD4 (0x00B49493) slli x9, x9, 0xb                        main+1492
x9 <- 0x0000000000000800

clint mtime 0x0000000000000226 (mip.MTI <- 0b1, mip.STI <- 0b0)
mem[X,0x0000000080000DD8] -> 0xB073
mem[X,0x0000000080000DDA] -> 0x3004
[1100] [M]: 0x0000000080000DD8 (0x3004B073) csrrc x0, mstatus, x9                   main+1496
CSR mstatus (0x300) <- 0x0000000A00040000

mem[X,0x0000000080000DDC] -> 0x0493
mem[X,0x0000000080000DDE] -> 0x0010
[1101] [M]: 0x0000000080000DDC (0x00100493) addi x9, x0, 0x1                        main+1500
x9 <- 0x0000000000000001

clint mtime 0x0000000000000227 (mip.MTI <- 0b1, mip.STI <- 0b0)
mem[X,0x0000000080000DE0] -> 0x9493
mem[X,0x0000000080000DE2] -> 0x00B4
[1102] [M]: 0x0000000080000DE0 (0x00B49493) slli x9, x9, 0xb                        main+1504
x9 <- 0x0000000000000800

mem[X,0x0000000080000DE4] -> 0xA073
mem[X,0x0000000080000DE6] -> 0x3004
[1103] [M]: 0x0000000080000DE4 (0x3004A073) csrrs x0, mstatus, x9                   main+1508
CSR mstatus (0x300) <- 0x0000000A00040800

clint mtime 0x0000000000000228 (mip.MTI <- 0b1, mip.STI <- 0b0)
mem[X,0x0000000080000DE8] -> 0x23F3
mem[X,0x0000000080000DEA] -> 0x3400
[1104] [M]: 0x0000000080000DE8 (0x340023F3) csrrs x7, mscratch, x0                  main+1512
CSR mscratch (0x340) -> 0x0000000080005000
x7 <- 0x0000000080005000

mem[X,0x0000000080000DEC] -> 0xB303
mem[X,0x0000000080000DEE] -> 0x4703
[1105] [M]: 0x0000000080000DEC (0x4703B303) ld x6, 0x470(x7)                        main+1516
mem[R,0x0000000080005470] -> 0x00000300800007BC
x6 <- 0x00000300800007BC

clint mtime 0x0000000000000229 (mip.MTI <- 0b1, mip.STI <- 0b0)
mem[X,0x0000000080000DF0] -> 0xB483
mem[X,0x0000000080000DF2] -> 0x1D83
[1106] [M]: 0x0000000080000DF0 (0x1D83B483) ld x9, 0x1d8(x7)                        main+1520
mem[R,0x00000000800051D8] -> 0x00000000800007D4
x9 <- 0x00000000800007D4

mem[X,0x0000000080000DF4] -> 0x0333
mem[X,0x0000000080000DF6] -> 0x4093
[1107] [M]: 0x0000000080000DF4 (0x40930333) sub x6, x6, x9                          main+1524
x6 <- 0x000002FFFFFFFFE8

clint mtime 0x000000000000022A (mip.MTI <- 0b1, mip.STI <- 0b0)
mem[X,0x0000000080000DF8] -> 0x0313
mem[X,0x0000000080000DFA] -> 0x0103
[1108] [M]: 0x0000000080000DF8 (0x01030313) addi x6, x6, 0x10                       main+1528
x6 <- 0x000002FFFFFFFFF8

mem[X,0x0000000080000DFC] -> 0x0497
mem[X,0x0000000080000DFE] -> 0x0000
[1109] [M]: 0x0000000080000DFC (0x00000497) auipc x9, 0x0                           main+1532
x9 <- 0x0000000080000DFC

clint mtime 0x000000000000022B (mip.MTI <- 0b1, mip.STI <- 0b0)
mem[X,0x0000000080000E00] -> 0x84B3
mem[X,0x0000000080000E02] -> 0x0064
[1110] [M]: 0x0000000080000E00 (0x006484B3) add x9, x9, x6                          main+1536
x9 <- 0x0000030080000DF4

mem[X,0x0000000080000E04] -> 0x94F3
mem[X,0x0000000080000E06] -> 0x3414
[1111] [M]: 0x0000000080000E04 (0x341494F3) csrrw x9, mepc, x9                      main+1540
CSR mepc (0x341) <- 0x0000030080000DF4
x9 <- 0x0000030080000D3C

clint mtime 0x000000000000022C (mip.MTI <- 0b1, mip.STI <- 0b0)
mem[X,0x0000000080000E08] -> 0x0073
mem[X,0x0000000080000E0A] -> 0x3020
[1112] [M]: 0x0000000080000E08 (0x30200073) mret                                    main+1544
CSR mstatus (0x300) <- 0x0000000A00040080
ret-ing from M to S

PTW: Start, vpn=0x30080000, access_type=X, privilege=Smem[R,0x0000000080009030] -> 0x00000000000000CB
PTW: Step, level=3, pte=0xCB, pte_addr=0x80009030
PTW: Success, final_ppn=0x80000, level=3mem[X,0x0000000080000DF4] -> 0x0333
mem[X,0x0000000080000DF6] -> 0x4093
[1113] [S]: 0x0000030080000DF4 (0x40930333) sub x6, x6, x9                          va_rvtest_code_begin+1592
x6 <- 0xFFFFFFFF7FFFF2BC

clint mtime 0x000000000000022D (mip.MTI <- 0b1, mip.STI <- 0b0)
mem[X,0x0000000080000DF8] -> 0x0313
mem[X,0x0000000080000DFA] -> 0x0103
[1114] [S]: 0x0000030080000DF8 (0x01030313) addi x6, x6, 0x10                       va_rvtest_code_begin+1596
x6 <- 0xFFFFFFFF7FFFF2CC

mem[X,0x0000000080000DFC] -> 0x0497
mem[X,0x0000000080000DFE] -> 0x0000
[1115] [S]: 0x0000030080000DFC (0x00000497) auipc x9, 0x0                           va_rvtest_code_begin+1600
x9 <- 0x0000030080000DFC

clint mtime 0x000000000000022E (mip.MTI <- 0b1, mip.STI <- 0b0)
mem[X,0x0000000080000E00] -> 0x84B3
mem[X,0x0000000080000E02] -> 0x0064
[1116] [S]: 0x0000030080000E00 (0x006484B3) add x9, x9, x6                          va_rvtest_code_begin+1604
x9 <- 0x00000300000000C8

mem[X,0x0000000080000E04] -> 0x94F3
mem[X,0x0000000080000E06] -> 0x3414
[1117] [S]: 0x0000030080000E04 (0x341494F3) csrrw x9, mepc, x9                      va_rvtest_code_begin+1608
trapping from S to M to handle illegal-instruction
handling exc#illegal-instruction at priv M with tval 0x00000000341494F3
CSR mstatus (0x300) <- 0x0000000A00040800
CSR mcause (0x342) <- 0x0000000000000002
CSR mtval (0x343) <- 0x00000000341494F3
CSR mepc (0x341) <- 0x0000030080000E04

clint mtime 0x000000000000022F (mip.MTI <- 0b1, mip.STI <- 0b0)
mem[X,0x0000000080002500] -> 0x006F
mem[X,0x0000000080002502] -> 0x1000
[1118] [M]: 0x0000000080002500 (0x1000006F) jal x0, 0x100                           Mtrampoline+0

mem[X,0x0000000080002600] -> 0x1173
mem[X,0x0000000080002602] -> 0x3401
[1119] [M]: 0x0000000080002600 (0x34011173) csrrw x2, mscratch, x2                  trap_Mhandler+0
CSR mscratch (0x340) <- 0x0000000000000000
x2 <- 0x0000000080005000

clint mtime 0x0000000000000230 (mip.MTI <- 0b1, mip.STI <- 0b0)
mem[X,0x0000000080002604] -> 0x3423
mem[X,0x0000000080002606] -> 0x28B1
[1120] [M]: 0x0000000080002604 (0x28B13423) sd x11, 0x288(x2)                       trap_Mhandler+4
mem[W,0x0000000080005288] <- 0x00000000000000C9

mem[X,0x0000000080002608] -> 0x05EF
mem[X,0x000000008000260A] -> 0x0B80
[1121] [M]: 0x0000000080002608 (0x0B8005EF) jal x11, 0xb8                           trap_Mhandler+8
x11 <- 0x000000008000260C

clint mtime 0x0000000000000231 (mip.MTI <- 0b1, mip.STI <- 0b0)
mem[X,0x00000000800026C0] -> 0x3023
mem[X,0x00000000800026C2] -> 0x28A1
[1122] [M]: 0x00000000800026C0 (0x28A13023) sd x10, 0x280(x2)                       common_Mhandler+0
mem[W,0x0000000080005280] <- 0x00000000000000C9

mem[X,0x00000000800026C4] -> 0x1573
mem[X,0x00000000800026C6] -> 0x3401
[1123] [M]: 0x00000000800026C4 (0x34011573) csrrw x10, mscratch, x2                 common_Mhandler+4
CSR mscratch (0x340) <- 0x0000000080005000
x10 <- 0x0000000000000000

clint mtime 0x0000000000000232 (mip.MTI <- 0b1, mip.STI <- 0b0)
mem[X,0x00000000800026C8] -> 0x3823
mem[X,0x00000000800026CA] -> 0x28A1
[1124] [M]: 0x00000000800026C8 (0x28A13823) sd x10, 0x290(x2)                       common_Mhandler+8
mem[W,0x0000000080005290] <- 0x0000000000000000

mem[X,0x00000000800026CC] -> 0x3503
mem[X,0x00000000800026CE] -> 0x2301
[1125] [M]: 0x00000000800026CC (0x23013503) ld x10, 0x230(x2)                       common_Mhandler+12
mem[R,0x0000000080005230] -> 0x00000000800026D4
x10 <- 0x00000000800026D4

clint mtime 0x0000000000000233 (mip.MTI <- 0b1, mip.STI <- 0b0)
mem[X,0x00000000800026D0] -> 0x0067
mem[X,0x00000000800026D2] -> 0x0005
[1126] [M]: 0x00000000800026D0 (0x00050067) jalr x0, 0x0(x10)                       common_Mhandler+16

mem[X,0x00000000800026D4] -> 0x3C23
mem[X,0x00000000800026D6] -> 0x2691
[1127] [M]: 0x00000000800026D4 (0x26913C23) sd x9, 0x278(x2)                        common_Mentry+0
mem[W,0x0000000080005278] <- 0x00000300000000C8

clint mtime 0x0000000000000234 (mip.MTI <- 0b1, mip.STI <- 0b0)
mem[X,0x00000000800026D8] -> 0x3823
mem[X,0x00000000800026DA] -> 0x2681
[1128] [M]: 0x00000000800026D8 (0x26813823) sd x8, 0x270(x2)                        common_Mentry+4
mem[W,0x0000000080005270] <- 0x0000000000007F76

mem[X,0x00000000800026DC] -> 0x3423
mem[X,0x00000000800026DE] -> 0x2671
[1129] [M]: 0x00000000800026DC (0x26713423) sd x7, 0x268(x2)                        common_Mentry+8
mem[W,0x0000000080005268] <- 0x0000000080005000

clint mtime 0x0000000000000235 (mip.MTI <- 0b1, mip.STI <- 0b0)
mem[X,0x00000000800026E0] -> 0x3023
mem[X,0x00000000800026E2] -> 0x2661
[1130] [M]: 0x00000000800026E0 (0x26613023) sd x6, 0x260(x2)                        common_Mentry+12
mem[W,0x0000000080005260] <- 0xFFFFFFFF7FFFF2CC

mem[X,0x00000000800026E4] -> 0x2573
mem[X,0x00000000800026E6] -> 0x3420
[1131] [M]: 0x00000000800026E4 (0x34202573) csrrs x10, mcause, x0                   spcl_M2mmode_test+0
CSR mcause (0x342) -> 0x0000000000000002
x10 <- 0x0000000000000002

clint mtime 0x0000000000000236 (mip.MTI <- 0b1, mip.STI <- 0b0)
mem[X,0x00000000800026E8] -> 0x04B7
mem[X,0x00000000800026EA] -> 0x8000
[1132] [M]: 0x00000000800026E8 (0x800004B7) lui x9, -0x80000                        spcl_M2mmode_test+4
x9 <- 0xFFFFFFFF80000000

mem[X,0x00000000800026EC] -> 0x8493
mem[X,0x00000000800026EE] -> 0x0004
[1133] [M]: 0x00000000800026EC (0x00048493) addi x9, x9, 0x0                        spcl_M2mmode_test+8
x9 <- 0xFFFFFFFF80000000

clint mtime 0x0000000000000237 (mip.MTI <- 0b1, mip.STI <- 0b0)
mem[X,0x00000000800026F0] -> 0x9493
mem[X,0x00000000800026F2] -> 0x00B4
[1134] [M]: 0x00000000800026F0 (0x00B49493) slli x9, x9, 0xb                        spcl_M2mmode_test+12
x9 <- 0xFFFFFC0000000000

mem[X,0x00000000800026F4] -> 0x8493
mem[X,0x00000000800026F6] -> 0x0004
[1135] [M]: 0x00000000800026F4 (0x00048493) addi x9, x9, 0x0                        spcl_M2mmode_test+16
x9 <- 0xFFFFFC0000000000

clint mtime 0x0000000000000238 (mip.MTI <- 0b1, mip.STI <- 0b0)
mem[X,0x00000000800026F8] -> 0x9493
mem[X,0x00000000800026FA] -> 0x00B4
[1136] [M]: 0x00000000800026F8 (0x00B49493) slli x9, x9, 0xb                        spcl_M2mmode_test+20
x9 <- 0xFFE0000000000000

mem[X,0x00000000800026FC] -> 0x8493
mem[X,0x00000000800026FE] -> 0x0034
[1137] [M]: 0x00000000800026FC (0x00348493) addi x9, x9, 0x3                        spcl_M2mmode_test+24
x9 <- 0xFFE0000000000003

clint mtime 0x0000000000000239 (mip.MTI <- 0b1, mip.STI <- 0b0)
mem[X,0x0000000080002700] -> 0x9493
mem[X,0x0000000080002702] -> 0x00A4
[1138] [M]: 0x0000000080002700 (0x00A49493) slli x9, x9, 0xa                        spcl_M2mmode_test+28
x9 <- 0x8000000000000C00

mem[X,0x0000000080002704] -> 0x8493
mem[X,0x0000000080002706] -> 0x3FC4
[1139] [M]: 0x0000000080002704 (0x3FC48493) addi x9, x9, 0x3fc                      spcl_M2mmode_test+32
x9 <- 0x8000000000000FFC

clint mtime 0x000000000000023A (mip.MTI <- 0b1, mip.STI <- 0b0)
mem[X,0x0000000080002708] -> 0xF4B3
mem[X,0x000000008000270A] -> 0x00A4
[1140] [M]: 0x0000000080002708 (0x00A4F4B3) and x9, x9, x10                         spcl_M2mmode_test+36
x9 <- 0x0000000000000000

mem[X,0x000000008000270C] -> 0x8493
mem[X,0x000000008000270E] -> 0xFF84
[1141] [M]: 0x000000008000270C (0xFF848493) addi x9, x9, -0x8                       spcl_M2mmode_test+40
x9 <- 0xFFFFFFFFFFFFFFF8

clint mtime 0x000000000000023B (mip.MTI <- 0b1, mip.STI <- 0b0)
mem[X,0x0000000080002710] -> 0x9663
mem[X,0x0000000080002712] -> 0x0004
[1142] [M]: 0x0000000080002710 (0x00049663) bne x9, x0, 0xc                         spcl_M2mmode_test+44

mem[X,0x000000008000271C] -> 0x0393
mem[X,0x000000008000271E] -> 0x0200
[1143] [M]: 0x000000008000271C (0x02000393) addi x7, x0, 0x20                       Mtrapsig_ptr_upd+0
x7 <- 0x0000000000000020

clint mtime 0x000000000000023C (mip.MTI <- 0b1, mip.STI <- 0b0)
mem[X,0x0000000080002720] -> 0x5263
mem[X,0x0000000080002722] -> 0x0405
[1144] [M]: 0x0000000080002720 (0x04055263) bge x10, x0, 0x44                       Mtrapsig_ptr_upd+4

mem[X,0x0000000080002764] -> 0x2373
mem[X,0x0000000080002766] -> 0x3010
[1145] [M]: 0x0000000080002764 (0x30102373) csrrs x6, misa, x0                      Mxcpt_sig_sv+0
CSR misa (0x301) -> 0x800000000034112F
x6 <- 0x800000000034112F

clint mtime 0x000000000000023D (mip.MTI <- 0b1, mip.STI <- 0b0)
mem[X,0x0000000080002768] -> 0x1313
mem[X,0x000000008000276A] -> 0x0383
[1146] [M]: 0x0000000080002768 (0x03831313) slli x6, x6, 0x38                       Mxcpt_sig_sv+4
x6 <- 0x2F00000000000000

mem[X,0x000000008000276C] -> 0x5463
mem[X,0x000000008000276E] -> 0x0003
[1147] [M]: 0x000000008000276C (0x00035463) bge x6, x0, 0x8                         Mxcpt_sig_sv+8

clint mtime 0x000000000000023E (mip.MTI <- 0b1, mip.STI <- 0b0)
mem[X,0x0000000080002774] -> 0x3303
mem[X,0x0000000080002776] -> 0x2181
[1148] [M]: 0x0000000080002774 (0x21813303) ld x6, 0x218(x2)                        Mtrap_sig_sv+0
mem[R,0x0000000080005218] -> 0x000000008000A598
x6 <- 0x000000008000A598

mem[X,0x0000000080002778] -> 0x04B3
mem[X,0x000000008000277A] -> 0x0073
[1149] [M]: 0x0000000080002778 (0x007304B3) add x9, x6, x7                          Mtrap_sig_sv+4
x9 <- 0x000000008000A5B8

clint mtime 0x000000000000023F (mip.MTI <- 0b1, mip.STI <- 0b0)
mem[X,0x000000008000277C] -> 0x3C23
mem[X,0x000000008000277E] -> 0x2091
[1150] [M]: 0x000000008000277C (0x20913C23) sd x9, 0x218(x2)                        Mtrap_sig_sv+8
mem[W,0x0000000080005218] <- 0x000000008000A5B8

mem[X,0x0000000080002780] -> 0x3403
mem[X,0x0000000080002782] -> 0x1F81
[1151] [M]: 0x0000000080002780 (0x1F813403) ld x8, 0x1f8(x2)                        Mtrap_sig_sv+12
mem[R,0x00000000800051F8] -> 0x000000008000A110
x8 <- 0x000000008000A110

clint mtime 0x0000000000000240 (mip.MTI <- 0b1, mip.STI <- 0b0)
mem[X,0x0000000080002784] -> 0x0333
mem[X,0x0000000080002786] -> 0x4083
[1152] [M]: 0x0000000080002784 (0x40830333) sub x6, x6, x8                          Mtrap_sig_sv+16
x6 <- 0x0000000000000488

mem[X,0x0000000080002788] -> 0x3403
mem[X,0x000000008000278A] -> 0x1F81
[1153] [M]: 0x0000000080002788 (0x1F813403) ld x8, 0x1f8(x2)                        Mtrap_sig_sv+20
mem[R,0x00000000800051F8] -> 0x000000008000A110
x8 <- 0x000000008000A110

clint mtime 0x0000000000000241 (mip.MTI <- 0b1, mip.STI <- 0b0)
mem[X,0x000000008000278C] -> 0x0333
mem[X,0x000000008000278E] -> 0x0083
[1154] [M]: 0x000000008000278C (0x00830333) add x6, x6, x8                          Mtrap_sig_sv+24
x6 <- 0x000000008000A598

mem[X,0x0000000080002790] -> 0x3403
mem[X,0x0000000080002792] -> 0x2401
[1155] [M]: 0x0000000080002790 (0x24013403) ld x8, 0x240(x2)                        Mtrap_sig_sv+28
mem[R,0x0000000080005240] -> 0x0000000080002500
x8 <- 0x0000000080002500

clint mtime 0x0000000000000242 (mip.MTI <- 0b1, mip.STI <- 0b0)
mem[X,0x0000000080002794] -> 0x85B3
mem[X,0x0000000080002796] -> 0x4085
[1156] [M]: 0x0000000080002794 (0x408585B3) sub x11, x11, x8                        sv_Mvect+0
x11 <- 0x000000000000010C

mem[X,0x0000000080002798] -> 0x9593
mem[X,0x000000008000279A] -> 0x0045
[1157] [M]: 0x0000000080002798 (0x00459593) slli x11, x11, 0x4                      sv_Mvect+4
x11 <- 0x00000000000010C0

clint mtime 0x0000000000000243 (mip.MTI <- 0b1, mip.STI <- 0b0)
mem[X,0x000000008000279C] -> 0xE5B3
mem[X,0x000000008000279E] -> 0x0075
[1158] [M]: 0x000000008000279C (0x0075E5B3) or x11, x11, x7                         sv_Mvect+8
x11 <- 0x00000000000010E0

mem[X,0x00000000800027A0] -> 0x8593
mem[X,0x00000000800027A2] -> 0x0035
[1159] [M]: 0x00000000800027A0 (0x00358593) addi x11, x11, 0x3                      sv_Mvect+12
x11 <- 0x00000000000010E3

clint mtime 0x0000000000000244 (mip.MTI <- 0b1, mip.STI <- 0b0)
mem[X,0x00000000800027A4] -> 0x3023
mem[X,0x00000000800027A6] -> 0x00B3
[1160] [M]: 0x00000000800027A4 (0x00B33023) sd x11, 0x0(x6)                         sv_Mvect+16
mem[W,0x000000008000A598] <- 0x00000000000010E3

mem[X,0x00000000800027A8] -> 0x3423
mem[X,0x00000000800027AA] -> 0x00A3
[1161] [M]: 0x00000000800027A8 (0x00A33423) sd x10, 0x8(x6)                         sv_Mcause+0
mem[W,0x000000008000A5A0] <- 0x0000000000000002

clint mtime 0x0000000000000245 (mip.MTI <- 0b1, mip.STI <- 0b0)
mem[X,0x00000000800027AC] -> 0x4663
mem[X,0x00000000800027AE] -> 0x1A05
[1162] [M]: 0x00000000800027AC (0x1A054663) blt x10, x0, 0x1ac                      sv_Mcause+4

mem[X,0x00000000800027B0] -> 0x25F3
mem[X,0x00000000800027B2] -> 0x3000
[1163] [M]: 0x00000000800027B0 (0x300025F3) csrrs x11, mstatus, x0                  common_Mexcpt_handler+0
CSR mstatus (0x300) -> 0x0000000A00040800
x11 <- 0x0000000A00040800

clint mtime 0x0000000000000246 (mip.MTI <- 0b1, mip.STI <- 0b0)
mem[X,0x00000000800027B4] -> 0x9413
mem[X,0x00000000800027B6] -> 0x02E5
[1164] [M]: 0x00000000800027B4 (0x02E59413) slli x8, x11, 0x2e                      common_Mexcpt_handler+4
x8 <- 0x0200000000000000

mem[X,0x00000000800027B8] -> 0x5463
mem[X,0x00000000800027BA] -> 0x0004
[1165] [M]: 0x00000000800027B8 (0x00045463) bge x8, x0, 0x8                         common_Mexcpt_handler+8

clint mtime 0x0000000000000247 (mip.MTI <- 0b1, mip.STI <- 0b0)
mem[X,0x00000000800027C0] -> 0xD493
mem[X,0x00000000800027C2] -> 0x00B5
[1166] [M]: 0x00000000800027C0 (0x00B5D493) srli x9, x11, 0xb                       common_Mexcpt_handler+16
x9 <- 0x0000000001400081

mem[X,0x00000000800027C4] -> 0xF493
mem[X,0x00000000800027C6] -> 0x0034
[1167] [M]: 0x00000000800027C4 (0x0034F493) andi x9, x9, 0x3                        common_Mexcpt_handler+20
x9 <- 0x0000000000000001

clint mtime 0x0000000000000248 (mip.MTI <- 0b1, mip.STI <- 0b0)
mem[X,0x00000000800027C8] -> 0x8493
mem[X,0x00000000800027CA] -> 0x0014
[1168] [M]: 0x00000000800027C8 (0x00148493) addi x9, x9, 0x1                        common_Mexcpt_handler+24
x9 <- 0x0000000000000002

mem[X,0x00000000800027CC] -> 0xF493
mem[X,0x00000000800027CE] -> 0x0044
[1169] [M]: 0x00000000800027CC (0x0044F493) andi x9, x9, 0x4                        common_Mexcpt_handler+28
x9 <- 0x0000000000000000

clint mtime 0x0000000000000249 (mip.MTI <- 0b1, mip.STI <- 0b0)
mem[X,0x00000000800027D0] -> 0x0593
mem[X,0x00000000800027D2] -> 0x05D0
[1170] [M]: 0x00000000800027D0 (0x05D00593) addi x11, x0, 0x5d                      common_Mexcpt_handler+32
x11 <- 0x000000000000005D

mem[X,0x00000000800027D4] -> 0xD5B3
mem[X,0x00000000800027D6] -> 0x0095
[1171] [M]: 0x00000000800027D4 (0x0095D5B3) srl x11, x11, x9                        common_Mexcpt_handler+36
x11 <- 0x000000000000005D

clint mtime 0x000000000000024A (mip.MTI <- 0b1, mip.STI <- 0b0)
mem[X,0x00000000800027D8] -> 0xF593
mem[X,0x00000000800027DA] -> 0x0015
[1172] [M]: 0x00000000800027D8 (0x0015F593) andi x11, x11, 0x1                      common_Mexcpt_handler+40
x11 <- 0x0000000000000001

mem[X,0x00000000800027DC] -> 0x8EE3
mem[X,0x00000000800027DE] -> 0xF405
[1173] [M]: 0x00000000800027DC (0xF4058EE3) beq x11, x0, -0xa4                      common_Mexcpt_handler+44

clint mtime 0x000000000000024B (mip.MTI <- 0b1, mip.STI <- 0b0)
mem[X,0x00000000800027E0] -> 0x0593
mem[X,0x00000000800027E2] -> 0x2980
[1174] [M]: 0x00000000800027E0 (0x29800593) addi x11, x0, 0x298                     common_Mexcpt_handler+48
x11 <- 0x0000000000000298

mem[X,0x00000000800027E4] -> 0xF413
mem[X,0x00000000800027E6] -> 0x0014
[1175] [M]: 0x00000000800027E4 (0x0014F413) andi x8, x9, 0x1                        common_Mexcpt_handler+52
x8 <- 0x0000000000000000

clint mtime 0x000000000000024C (mip.MTI <- 0b1, mip.STI <- 0b0)
mem[X,0x00000000800027E8] -> 0x95B3
mem[X,0x00000000800027EA] -> 0x0085
[1176] [M]: 0x00000000800027E8 (0x008595B3) sll x11, x11, x8                        common_Mexcpt_handler+56
x11 <- 0x0000000000000298

mem[X,0x00000000800027EC] -> 0x9413
mem[X,0x00000000800027EE] -> 0x03D4
[1177] [M]: 0x00000000800027EC (0x03D49413) slli x8, x9, 0x3d                       common_Mexcpt_handler+60
x8 <- 0x0000000000000000

clint mtime 0x000000000000024D (mip.MTI <- 0b1, mip.STI <- 0b0)
mem[X,0x00000000800027F0] -> 0x5413
mem[X,0x00000000800027F2] -> 0x43F4
[1178] [M]: 0x00000000800027F0 (0x43F45413) srai x8, x8, 0x3f                       common_Mexcpt_handler+64
x8 <- 0x0000000000000000

mem[X,0x00000000800027F4] -> 0x4413
mem[X,0x00000000800027F6] -> 0xFFF4
[1179] [M]: 0x00000000800027F4 (0xFFF44413) xori x8, x8, -0x1                       common_Mexcpt_handler+68
x8 <- 0xFFFFFFFFFFFFFFFF

clint mtime 0x000000000000024E (mip.MTI <- 0b1, mip.STI <- 0b0)
mem[X,0x00000000800027F8] -> 0xF4B3
mem[X,0x00000000800027FA] -> 0x0085
[1180] [M]: 0x00000000800027F8 (0x0085F4B3) and x9, x11, x8                         common_Mexcpt_handler+72
x9 <- 0x0000000000000298

mem[X,0x00000000800027FC] -> 0x84B3
mem[X,0x00000000800027FE] -> 0x0024
[1181] [M]: 0x00000000800027FC (0x002484B3) add x9, x9, x2                          vmem_adj_Mepc+0
x9 <- 0x0000000080005298

clint mtime 0x000000000000024F (mip.MTI <- 0b1, mip.STI <- 0b0)
mem[X,0x0000000080002800] -> 0x23F3
mem[X,0x0000000080002802] -> 0x3410
[1182] [M]: 0x0000000080002800 (0x341023F3) csrrs x7, mepc, x0                      vmem_adj_Mepc+4
CSR mepc (0x341) -> 0x0000030080000E04
x7 <- 0x0000030080000E04

mem[X,0x0000000080002804] -> 0x0413
mem[X,0x0000000080002806] -> 0x0004
[1183] [M]: 0x0000000080002804 (0x00040413) addi x8, x8, 0x0                        vmem_adj_Mepc+8
x8 <- 0xFFFFFFFFFFFFFFFF

clint mtime 0x0000000000000250 (mip.MTI <- 0b1, mip.STI <- 0b0)
mem[X,0x0000000080002808] -> 0x006F
mem[X,0x000000008000280A] -> 0x0400
[1184] [M]: 0x0000000080002808 (0x0400006F) jal x0, 0x40                            vmem_adj_Mepc+12

mem[X,0x0000000080002848] -> 0x8433
mem[X,0x000000008000284A] -> 0x4083
[1185] [M]: 0x0000000080002848 (0x40838433) sub x8, x7, x8                          adj_Mepc+0
x8 <- 0x0000030080000E05

clint mtime 0x0000000000000251 (mip.MTI <- 0b1, mip.STI <- 0b0)
mem[X,0x000000008000284C] -> 0x3823
mem[X,0x000000008000284E] -> 0x0083
[1186] [M]: 0x000000008000284C (0x00833823) sd x8, 0x10(x6)                         sv_Mepc+0
mem[W,0x000000008000A5A8] <- 0x0000030080000E05

mem[X,0x0000000080002850] -> 0x55B7
mem[X,0x0000000080002852] -> 0x0000
[1187] [M]: 0x0000000080002850 (0x000055B7) lui x11, 0x5                            sv_Mepc+4
x11 <- 0x0000000000005000

clint mtime 0x0000000000000252 (mip.MTI <- 0b1, mip.STI <- 0b0)
mem[X,0x0000000080002854] -> 0x8593
mem[X,0x0000000080002856] -> 0x6675
[1188] [M]: 0x0000000080002854 (0x66758593) addi x11, x11, 0x667                    sv_Mepc+8
x11 <- 0x0000000000005667

mem[X,0x0000000080002858] -> 0x9593
mem[X,0x000000008000285A] -> 0x0015
[1189] [M]: 0x0000000080002858 (0x00159593) slli x11, x11, 0x1                      sv_Mepc+12
x11 <- 0x000000000000ACCE

clint mtime 0x0000000000000253 (mip.MTI <- 0b1, mip.STI <- 0b0)
mem[X,0x000000008000285C] -> 0x9063
mem[X,0x000000008000285E] -> 0x02B1
[1190] [M]: 0x000000008000285C (0x02B19063) bne x3, x11, 0x20                       sv_Mepc+16

mem[X,0x0000000080002860] -> 0x2473
mem[X,0x0000000080002862] -> 0x3420
[1191] [M]: 0x0000000080002860 (0x34202473) csrrs x8, mcause, x0                    sv_Mepc+20
CSR mcause (0x342) -> 0x0000000000000002
x8 <- 0x0000000000000002

clint mtime 0x0000000000000254 (mip.MTI <- 0b1, mip.STI <- 0b0)
mem[X,0x0000000080002864] -> 0x0593
mem[X,0x0000000080002866] -> 0x00C0
[1192] [M]: 0x0000000080002864 (0x00C00593) addi x11, x0, 0xc                       sv_Mepc+24
x11 <- 0x000000000000000C

mem[X,0x0000000080002868] -> 0x0663
mem[X,0x000000008000286A] -> 0x00B4
[1193] [M]: 0x0000000080002868 (0x00B40663) beq x8, x11, 0xc                        sv_Mepc+28

clint mtime 0x0000000000000255 (mip.MTI <- 0b1, mip.STI <- 0b0)
mem[X,0x000000008000286C] -> 0x0593
mem[X,0x000000008000286E] -> 0x0010
[1194] [M]: 0x000000008000286C (0x00100593) addi x11, x0, 0x1                       sv_Mepc+32
x11 <- 0x0000000000000001

mem[X,0x0000000080002870] -> 0x1663
mem[X,0x0000000080002872] -> 0x00B4
[1195] [M]: 0x0000000080002870 (0x00B41663) bne x8, x11, 0xc                        sv_Mepc+36

clint mtime 0x0000000000000256 (mip.MTI <- 0b1, mip.STI <- 0b0)
mem[X,0x000000008000287C] -> 0xF593
mem[X,0x000000008000287E] -> 0xFFC3
[1196] [M]: 0x000000008000287C (0xFFC3F593) andi x11, x7, -0x4                      adj_Mepc_rtn+0
x11 <- 0x0000030080000E04

mem[X,0x0000000080002880] -> 0x8593
mem[X,0x0000000080002882] -> 0x0085
[1197] [M]: 0x0000000080002880 (0x00858593) addi x11, x11, 0x8                      adj_Mepc_rtn+4
x11 <- 0x0000030080000E0C

clint mtime 0x0000000000000257 (mip.MTI <- 0b1, mip.STI <- 0b0)
mem[X,0x0000000080002884] -> 0x9073
mem[X,0x0000000080002886] -> 0x3415
[1198] [M]: 0x0000000080002884 (0x34159073) csrrw x0, mepc, x11                     adj_Mepc_rtn+8
CSR mepc (0x341) <- 0x0000030080000E0C

mem[X,0x0000000080002888] -> 0x23F3
mem[X,0x000000008000288A] -> 0x3430
[1199] [M]: 0x0000000080002888 (0x343023F3) csrrs x7, mtval, x0                     skp_adj_Mepc+0
CSR mtval (0x343) -> 0x00000000341494F3
x7 <- 0x00000000341494F3

clint mtime 0x0000000000000258 (mip.MTI <- 0b1, mip.STI <- 0b0)
mem[X,0x000000008000288C] -> 0x0413
mem[X,0x000000008000288E] -> 0x0004
[1200] [M]: 0x000000008000288C (0x00040413) addi x8, x8, 0x0                        skp_adj_Mepc+4
x8 <- 0x0000000000000002

mem[X,0x0000000080002890] -> 0x006F
mem[X,0x0000000080002892] -> 0x0840
[1201] [M]: 0x0000000080002890 (0x0840006F) jal x0, 0x84                            skp_adj_Mepc+8

clint mtime 0x0000000000000259 (mip.MTI <- 0b1, mip.STI <- 0b0)
mem[X,0x0000000080002914] -> 0x8433
mem[X,0x0000000080002916] -> 0x4083
[1202] [M]: 0x0000000080002914 (0x40838433) sub x8, x7, x8                          adj_Mtval+0
x8 <- 0x00000000341494F1

mem[X,0x0000000080002918] -> 0x3C23
mem[X,0x000000008000291A] -> 0x0083
[1203] [M]: 0x0000000080002918 (0x00833C23) sd x8, 0x18(x6)                         sv_Mtval+0
mem[W,0x000000008000A5B0] <- 0x00000000341494F1

clint mtime 0x000000000000025A (mip.MTI <- 0b1, mip.STI <- 0b0)
mem[X,0x000000008000291C] -> 0x3483
mem[X,0x000000008000291E] -> 0x2181
[1204] [M]: 0x000000008000291C (0x21813483) ld x9, 0x218(x2)                        skp_Mtval+0
mem[R,0x0000000080005218] -> 0x000000008000A5B8
x9 <- 0x000000008000A5B8

mem[X,0x0000000080002920] -> 0x3383
mem[X,0x0000000080002922] -> 0x1F81
[1205] [M]: 0x0000000080002920 (0x1F813383) ld x7, 0x1f8(x2)                        skp_Mtval+4
mem[R,0x00000000800051F8] -> 0x000000008000A110
x7 <- 0x000000008000A110

clint mtime 0x000000000000025B (mip.MTI <- 0b1, mip.STI <- 0b0)
mem[X,0x0000000080002924] -> 0x3303
mem[X,0x0000000080002926] -> 0x2001
[1206] [M]: 0x0000000080002924 (0x20013303) ld x6, 0x200(x2)                        skp_Mtval+8
mem[R,0x0000000080005200] -> 0x0000000000000610
x6 <- 0x0000000000000610

mem[X,0x0000000080002928] -> 0x0333
mem[X,0x000000008000292A] -> 0x0073
[1207] [M]: 0x0000000080002928 (0x00730333) add x6, x6, x7                          skp_Mtval+12
x6 <- 0x000000008000A720

clint mtime 0x000000000000025C (mip.MTI <- 0b1, mip.STI <- 0b0)
mem[X,0x000000008000292C] -> 0x6AE3
mem[X,0x000000008000292E] -> 0xAE93
[1208] [M]: 0x000000008000292C (0xAE936AE3) bltu x6, x9, -0x50c                     skp_Mtval+16

mem[X,0x0000000080002930] -> 0x0393
mem[X,0x0000000080002932] -> 0x2000
[1209] [M]: 0x0000000080002930 (0x20000393) addi x7, x0, 0x200                      skp_Mtval+20
x7 <- 0x0000000000000200

clint mtime 0x000000000000025D (mip.MTI <- 0b1, mip.STI <- 0b0)
mem[X,0x0000000080002934] -> 0x006F
mem[X,0x0000000080002936] -> 0x0400
[1210] [M]: 0x0000000080002934 (0x0400006F) jal x0, 0x40                            skp_Mtval+24

mem[X,0x0000000080002974] -> 0x0417
mem[X,0x0000000080002976] -> 0x0000
[1211] [M]: 0x0000000080002974 (0x00000417) auipc x8, 0x0                           spcl_Mhandler+0
x8 <- 0x0000000080002974

clint mtime 0x000000000000025E (mip.MTI <- 0b1, mip.STI <- 0b0)
mem[X,0x0000000080002978] -> 0x0413
mem[X,0x000000008000297A] -> 0x03C4
[1212] [M]: 0x0000000080002978 (0x03C40413) addi x8, x8, 0x3c                       spcl_Mhandler+4
x8 <- 0x00000000800029B0

mem[X,0x000000008000297C] -> 0x0433
mem[X,0x000000008000297E] -> 0x0074
[1213] [M]: 0x000000008000297C (0x00740433) add x8, x8, x7                          spcl_Mhandler+8
x8 <- 0x0000000080002BB0

clint mtime 0x000000000000025F (mip.MTI <- 0b1, mip.STI <- 0b0)
mem[X,0x0000000080002980] -> 0x1393
mem[X,0x0000000080002982] -> 0x0035
[1214] [M]: 0x0000000080002980 (0x00351393) slli x7, x10, 0x3                       spcl_Mhandler+12
x7 <- 0x0000000000000010

mem[X,0x0000000080002984] -> 0x0433
mem[X,0x0000000080002986] -> 0x0074
[1215] [M]: 0x0000000080002984 (0x00740433) add x8, x8, x7                          spcl_Mhandler+16
x8 <- 0x0000000080002BC0

clint mtime 0x0000000000000260 (mip.MTI <- 0b1, mip.STI <- 0b0)
mem[X,0x0000000080002988] -> 0x7413
mem[X,0x000000008000298A] -> 0xFF84
[1216] [M]: 0x0000000080002988 (0xFF847413) andi x8, x8, -0x8                       spcl_Mhandler+20
x8 <- 0x0000000080002BC0

mem[X,0x000000008000298C] -> 0x3403
mem[X,0x000000008000298E] -> 0x0004
[1217] [M]: 0x000000008000298C (0x00043403) ld x8, 0x0(x8)                          spcl_Mhandler+24
mem[R,0x0000000080002BC0] -> 0x0000000000000005
x8 <- 0x0000000000000005

clint mtime 0x0000000000000261 (mip.MTI <- 0b1, mip.STI <- 0b0)
mem[X,0x0000000080002990] -> 0x02E3
mem[X,0x0000000080002992] -> 0xB204
[1218] [M]: 0x0000000080002990 (0xB20402E3) beq x8, x0, -0x4dc                      spcl_Mdispatch_hndling+0

mem[X,0x0000000080002994] -> 0x1393
mem[X,0x0000000080002996] -> 0x03F4
[1219] [M]: 0x0000000080002994 (0x03F41393) slli x7, x8, 0x3f                       spcl_Mdispatch_hndling+4
x7 <- 0x8000000000000000

clint mtime 0x0000000000000262 (mip.MTI <- 0b1, mip.STI <- 0b0)
mem[X,0x0000000080002998] -> 0xD863
mem[X,0x000000008000299A] -> 0x0003
[1220] [M]: 0x0000000080002998 (0x0003D863) bge x7, x0, 0x10                        spcl_Mdispatch_hndling+8

mem[X,0x000000008000299C] -> 0x5413
mem[X,0x000000008000299E] -> 0x0014
[1221] [M]: 0x000000008000299C (0x00145413) srli x8, x8, 0x1                        spcl_Mdispatch_hndling+12
x8 <- 0x0000000000000002

clint mtime 0x0000000000000263 (mip.MTI <- 0b1, mip.STI <- 0b0)
mem[X,0x00000000800029A0] -> 0x0CE3
mem[X,0x00000000800029A2] -> 0xF885
[1222] [M]: 0x00000000800029A0 (0xF8850CE3) beq x10, x8, -0x68                      spcl_Mdispatch_hndling+16

mem[X,0x0000000080002938] -> 0x3303
mem[X,0x000000008000293A] -> 0x2601
[1223] [M]: 0x0000000080002938 (0x26013303) ld x6, 0x260(x2)                        resto_Mrtn+0
mem[R,0x0000000080005260] -> 0xFFFFFFFF7FFFF2CC
x6 <- 0xFFFFFFFF7FFFF2CC

clint mtime 0x0000000000000264 (mip.MTI <- 0b1, mip.STI <- 0b0)
mem[X,0x000000008000293C] -> 0x3383
mem[X,0x000000008000293E] -> 0x2681
[1224] [M]: 0x000000008000293C (0x26813383) ld x7, 0x268(x2)                        resto_Mrtn+4
mem[R,0x0000000080005268] -> 0x0000000080005000
x7 <- 0x0000000080005000

mem[X,0x0000000080002940] -> 0x3403
mem[X,0x0000000080002942] -> 0x2701
[1225] [M]: 0x0000000080002940 (0x27013403) ld x8, 0x270(x2)                        resto_Mrtn+8
mem[R,0x0000000080005270] -> 0x0000000000007F76
x8 <- 0x0000000000007F76

clint mtime 0x0000000000000265 (mip.MTI <- 0b1, mip.STI <- 0b0)
mem[X,0x0000000080002944] -> 0x3483
mem[X,0x0000000080002946] -> 0x2781
[1226] [M]: 0x0000000080002944 (0x27813483) ld x9, 0x278(x2)                        resto_Mrtn+12
mem[R,0x0000000080005278] -> 0x00000300000000C8
x9 <- 0x00000300000000C8

mem[X,0x0000000080002948] -> 0x3503
mem[X,0x000000008000294A] -> 0x2801
[1227] [M]: 0x0000000080002948 (0x28013503) ld x10, 0x280(x2)                       resto_Mrtn+16
mem[R,0x0000000080005280] -> 0x00000000000000C9
x10 <- 0x00000000000000C9

clint mtime 0x0000000000000266 (mip.MTI <- 0b1, mip.STI <- 0b0)
mem[X,0x000000008000294C] -> 0x3583
mem[X,0x000000008000294E] -> 0x2881
[1228] [M]: 0x000000008000294C (0x28813583) ld x11, 0x288(x2)                       resto_Mrtn+20
mem[R,0x0000000080005288] -> 0x00000000000000C9
x11 <- 0x00000000000000C9

mem[X,0x0000000080002950] -> 0x3103
mem[X,0x0000000080002952] -> 0x2901
[1229] [M]: 0x0000000080002950 (0x29013103) ld x2, 0x290(x2)                        resto_Mrtn+24
mem[R,0x0000000080005290] -> 0x0000000000000000
x2 <- 0x0000000000000000

clint mtime 0x0000000000000267 (mip.MTI <- 0b1, mip.STI <- 0b0)
mem[X,0x0000000080002954] -> 0x0073
mem[X,0x0000000080002956] -> 0x3020
[1230] [M]: 0x0000000080002954 (0x30200073) mret                                    resto_Mrtn+28
CSR mstatus (0x300) <- 0x0000000A00040080
ret-ing from M to S

mem[X,0x0000000080000E0C] -> 0x07B7
mem[X,0x0000000080000E0E] -> 0x0000
[1231] [S]: 0x0000030080000E0C (0x000007B7) lui x15, 0x0                            va_rvtest_code_begin+1616
x15 <- 0x0000000000000000

clint mtime 0x0000000000000268 (mip.MTI <- 0b1, mip.STI <- 0b0)
mem[X,0x0000000080000E10] -> 0x8793
mem[X,0x0000000080000E12] -> 0x2807
[1232] [S]: 0x0000030080000E10 (0x28078793) addi x15, x15, 0x280                    va_rvtest_code_begin+1620
x15 <- 0x0000000000000280

mem[X,0x0000000080000E14] -> 0x9793
mem[X,0x0000000080000E16] -> 0x00B7
[1233] [S]: 0x0000030080000E14 (0x00B79793) slli x15, x15, 0xb                      va_rvtest_code_begin+1624
x15 <- 0x0000000000140000

clint mtime 0x0000000000000269 (mip.MTI <- 0b1, mip.STI <- 0b0)
mem[X,0x0000000080000E18] -> 0x8793
mem[X,0x0000000080000E1A] -> 0x4007
[1234] [S]: 0x0000030080000E18 (0x40078793) addi x15, x15, 0x400                    va_rvtest_code_begin+1628
x15 <- 0x0000000000140400

mem[X,0x0000000080000E1C] -> 0x9793
mem[X,0x0000000080000E1E] -> 0x00B7
[1235] [S]: 0x0000030080000E1C (0x00B79793) slli x15, x15, 0xb                      va_rvtest_code_begin+1632
x15 <- 0x00000000A0200000

clint mtime 0x000000000000026A (mip.MTI <- 0b1, mip.STI <- 0b0)
mem[X,0x0000000080000E20] -> 0x8793
mem[X,0x0000000080000E22] -> 0x0017
[1236] [S]: 0x0000030080000E20 (0x00178793) addi x15, x15, 0x1                      va_rvtest_code_begin+1636
x15 <- 0x00000000A0200001

mem[X,0x0000000080000E24] -> 0x9793
mem[X,0x0000000080000E26] -> 0x00A7
[1237] [S]: 0x0000030080000E24 (0x00A79793) slli x15, x15, 0xa                      va_rvtest_code_begin+1640
x15 <- 0x0000028080000400

clint mtime 0x000000000000026B (mip.MTI <- 0b1, mip.STI <- 0b0)
mem[X,0x0000000080000E28] -> 0x0613
mem[X,0x0000000080000E2A] -> 0x0106
[1238] [S]: 0x0000030080000E28 (0x01060613) addi x12, x12, 0x10                     va_rvtest_code_begin+1644
x12 <- 0x0000000000000030

mem[X,0x0000000080000E2C] -> 0xAA23
mem[X,0x0000000080000E2E] -> 0x00C7
[1239] [S]: 0x0000030080000E2C (0x00C7AA23) sw x12, 0x14(x15)                       va_rvtest_code_begin+1648
PTW: Start, vpn=0x28080000, access_type=W, privilege=Smem[R,0x0000000080009028] -> 0x00000000000000C9
PTW: Step, level=3, pte=0xC9, pte_addr=0x80009028
PTW: failed, error=no-permission, level=3, pte_addr=0x80009028
trapping from S to M to handle store/amo-page-fault
handling exc#store/amo-page-fault at priv M with tval 0x0000028080000414
CSR mstatus (0x300) <- 0x0000000A00040800
CSR mcause (0x342) <- 0x000000000000000F
CSR mtval (0x343) <- 0x0000028080000414
CSR mepc (0x341) <- 0x0000030080000E2C

clint mtime 0x000000000000026C (mip.MTI <- 0b1, mip.STI <- 0b0)
mem[X,0x0000000080002500] -> 0x006F
mem[X,0x0000000080002502] -> 0x1000
[1240] [M]: 0x0000000080002500 (0x1000006F) jal x0, 0x100                           Mtrampoline+0

mem[X,0x0000000080002600] -> 0x1173
mem[X,0x0000000080002602] -> 0x3401
[1241] [M]: 0x0000000080002600 (0x34011173) csrrw x2, mscratch, x2                  trap_Mhandler+0
CSR mscratch (0x340) <- 0x0000000000000000
x2 <- 0x0000000080005000

clint mtime 0x000000000000026D (mip.MTI <- 0b1, mip.STI <- 0b0)
mem[X,0x0000000080002604] -> 0x3423
mem[X,0x0000000080002606] -> 0x28B1
[1242] [M]: 0x0000000080002604 (0x28B13423) sd x11, 0x288(x2)                       trap_Mhandler+4
mem[W,0x0000000080005288] <- 0x00000000000000C9

mem[X,0x0000000080002608] -> 0x05EF
mem[X,0x000000008000260A] -> 0x0B80
[1243] [M]: 0x0000000080002608 (0x0B8005EF) jal x11, 0xb8                           trap_Mhandler+8
x11 <- 0x000000008000260C

clint mtime 0x000000000000026E (mip.MTI <- 0b1, mip.STI <- 0b0)
mem[X,0x00000000800026C0] -> 0x3023
mem[X,0x00000000800026C2] -> 0x28A1
[1244] [M]: 0x00000000800026C0 (0x28A13023) sd x10, 0x280(x2)                       common_Mhandler+0
mem[W,0x0000000080005280] <- 0x00000000000000C9

mem[X,0x00000000800026C4] -> 0x1573
mem[X,0x00000000800026C6] -> 0x3401
[1245] [M]: 0x00000000800026C4 (0x34011573) csrrw x10, mscratch, x2                 common_Mhandler+4
CSR mscratch (0x340) <- 0x0000000080005000
x10 <- 0x0000000000000000

clint mtime 0x000000000000026F (mip.MTI <- 0b1, mip.STI <- 0b0)
mem[X,0x00000000800026C8] -> 0x3823
mem[X,0x00000000800026CA] -> 0x28A1
[1246] [M]: 0x00000000800026C8 (0x28A13823) sd x10, 0x290(x2)                       common_Mhandler+8
mem[W,0x0000000080005290] <- 0x0000000000000000

mem[X,0x00000000800026CC] -> 0x3503
mem[X,0x00000000800026CE] -> 0x2301
[1247] [M]: 0x00000000800026CC (0x23013503) ld x10, 0x230(x2)                       common_Mhandler+12
mem[R,0x0000000080005230] -> 0x00000000800026D4
x10 <- 0x00000000800026D4

clint mtime 0x0000000000000270 (mip.MTI <- 0b1, mip.STI <- 0b0)
mem[X,0x00000000800026D0] -> 0x0067
mem[X,0x00000000800026D2] -> 0x0005
[1248] [M]: 0x00000000800026D0 (0x00050067) jalr x0, 0x0(x10)                       common_Mhandler+16

mem[X,0x00000000800026D4] -> 0x3C23
mem[X,0x00000000800026D6] -> 0x2691
[1249] [M]: 0x00000000800026D4 (0x26913C23) sd x9, 0x278(x2)                        common_Mentry+0
mem[W,0x0000000080005278] <- 0x00000300000000C8

clint mtime 0x0000000000000271 (mip.MTI <- 0b1, mip.STI <- 0b0)
mem[X,0x00000000800026D8] -> 0x3823
mem[X,0x00000000800026DA] -> 0x2681
[1250] [M]: 0x00000000800026D8 (0x26813823) sd x8, 0x270(x2)                        common_Mentry+4
mem[W,0x0000000080005270] <- 0x0000000000007F76

mem[X,0x00000000800026DC] -> 0x3423
mem[X,0x00000000800026DE] -> 0x2671
[1251] [M]: 0x00000000800026DC (0x26713423) sd x7, 0x268(x2)                        common_Mentry+8
mem[W,0x0000000080005268] <- 0x0000000080005000

clint mtime 0x0000000000000272 (mip.MTI <- 0b1, mip.STI <- 0b0)
mem[X,0x00000000800026E0] -> 0x3023
mem[X,0x00000000800026E2] -> 0x2661
[1252] [M]: 0x00000000800026E0 (0x26613023) sd x6, 0x260(x2)                        common_Mentry+12
mem[W,0x0000000080005260] <- 0xFFFFFFFF7FFFF2CC

mem[X,0x00000000800026E4] -> 0x2573
mem[X,0x00000000800026E6] -> 0x3420
[1253] [M]: 0x00000000800026E4 (0x34202573) csrrs x10, mcause, x0                   spcl_M2mmode_test+0
CSR mcause (0x342) -> 0x000000000000000F
x10 <- 0x000000000000000F

clint mtime 0x0000000000000273 (mip.MTI <- 0b1, mip.STI <- 0b0)
mem[X,0x00000000800026E8] -> 0x04B7
mem[X,0x00000000800026EA] -> 0x8000
[1254] [M]: 0x00000000800026E8 (0x800004B7) lui x9, -0x80000                        spcl_M2mmode_test+4
x9 <- 0xFFFFFFFF80000000

mem[X,0x00000000800026EC] -> 0x8493
mem[X,0x00000000800026EE] -> 0x0004
[1255] [M]: 0x00000000800026EC (0x00048493) addi x9, x9, 0x0                        spcl_M2mmode_test+8
x9 <- 0xFFFFFFFF80000000

clint mtime 0x0000000000000274 (mip.MTI <- 0b1, mip.STI <- 0b0)
mem[X,0x00000000800026F0] -> 0x9493
mem[X,0x00000000800026F2] -> 0x00B4
[1256] [M]: 0x00000000800026F0 (0x00B49493) slli x9, x9, 0xb                        spcl_M2mmode_test+12
x9 <- 0xFFFFFC0000000000

mem[X,0x00000000800026F4] -> 0x8493
mem[X,0x00000000800026F6] -> 0x0004
[1257] [M]: 0x00000000800026F4 (0x00048493) addi x9, x9, 0x0                        spcl_M2mmode_test+16
x9 <- 0xFFFFFC0000000000

clint mtime 0x0000000000000275 (mip.MTI <- 0b1, mip.STI <- 0b0)
mem[X,0x00000000800026F8] -> 0x9493
mem[X,0x00000000800026FA] -> 0x00B4
[1258] [M]: 0x00000000800026F8 (0x00B49493) slli x9, x9, 0xb                        spcl_M2mmode_test+20
x9 <- 0xFFE0000000000000

mem[X,0x00000000800026FC] -> 0x8493
mem[X,0x00000000800026FE] -> 0x0034
[1259] [M]: 0x00000000800026FC (0x00348493) addi x9, x9, 0x3                        spcl_M2mmode_test+24
x9 <- 0xFFE0000000000003

clint mtime 0x0000000000000276 (mip.MTI <- 0b1, mip.STI <- 0b0)
mem[X,0x0000000080002700] -> 0x9493
mem[X,0x0000000080002702] -> 0x00A4
[1260] [M]: 0x0000000080002700 (0x00A49493) slli x9, x9, 0xa                        spcl_M2mmode_test+28
x9 <- 0x8000000000000C00

mem[X,0x0000000080002704] -> 0x8493
mem[X,0x0000000080002706] -> 0x3FC4
[1261] [M]: 0x0000000080002704 (0x3FC48493) addi x9, x9, 0x3fc                      spcl_M2mmode_test+32
x9 <- 0x8000000000000FFC

clint mtime 0x0000000000000277 (mip.MTI <- 0b1, mip.STI <- 0b0)
mem[X,0x0000000080002708] -> 0xF4B3
mem[X,0x000000008000270A] -> 0x00A4
[1262] [M]: 0x0000000080002708 (0x00A4F4B3) and x9, x9, x10                         spcl_M2mmode_test+36
x9 <- 0x000000000000000C

mem[X,0x000000008000270C] -> 0x8493
mem[X,0x000000008000270E] -> 0xFF84
[1263] [M]: 0x000000008000270C (0xFF848493) addi x9, x9, -0x8                       spcl_M2mmode_test+40
x9 <- 0x0000000000000004

clint mtime 0x0000000000000278 (mip.MTI <- 0b1, mip.STI <- 0b0)
mem[X,0x0000000080002710] -> 0x9663
mem[X,0x0000000080002712] -> 0x0004
[1264] [M]: 0x0000000080002710 (0x00049663) bne x9, x0, 0xc                         spcl_M2mmode_test+44

mem[X,0x000000008000271C] -> 0x0393
mem[X,0x000000008000271E] -> 0x0200
[1265] [M]: 0x000000008000271C (0x02000393) addi x7, x0, 0x20                       Mtrapsig_ptr_upd+0
x7 <- 0x0000000000000020

clint mtime 0x0000000000000279 (mip.MTI <- 0b1, mip.STI <- 0b0)
mem[X,0x0000000080002720] -> 0x5263
mem[X,0x0000000080002722] -> 0x0405
[1266] [M]: 0x0000000080002720 (0x04055263) bge x10, x0, 0x44                       Mtrapsig_ptr_upd+4

mem[X,0x0000000080002764] -> 0x2373
mem[X,0x0000000080002766] -> 0x3010
[1267] [M]: 0x0000000080002764 (0x30102373) csrrs x6, misa, x0                      Mxcpt_sig_sv+0
CSR misa (0x301) -> 0x800000000034112F
x6 <- 0x800000000034112F

clint mtime 0x000000000000027A (mip.MTI <- 0b1, mip.STI <- 0b0)
mem[X,0x0000000080002768] -> 0x1313
mem[X,0x000000008000276A] -> 0x0383
[1268] [M]: 0x0000000080002768 (0x03831313) slli x6, x6, 0x38                       Mxcpt_sig_sv+4
x6 <- 0x2F00000000000000

mem[X,0x000000008000276C] -> 0x5463
mem[X,0x000000008000276E] -> 0x0003
[1269] [M]: 0x000000008000276C (0x00035463) bge x6, x0, 0x8                         Mxcpt_sig_sv+8

clint mtime 0x000000000000027B (mip.MTI <- 0b1, mip.STI <- 0b0)
mem[X,0x0000000080002774] -> 0x3303
mem[X,0x0000000080002776] -> 0x2181
[1270] [M]: 0x0000000080002774 (0x21813303) ld x6, 0x218(x2)                        Mtrap_sig_sv+0
mem[R,0x0000000080005218] -> 0x000000008000A5B8
x6 <- 0x000000008000A5B8

mem[X,0x0000000080002778] -> 0x04B3
mem[X,0x000000008000277A] -> 0x0073
[1271] [M]: 0x0000000080002778 (0x007304B3) add x9, x6, x7                          Mtrap_sig_sv+4
x9 <- 0x000000008000A5D8

clint mtime 0x000000000000027C (mip.MTI <- 0b1, mip.STI <- 0b0)
mem[X,0x000000008000277C] -> 0x3C23
mem[X,0x000000008000277E] -> 0x2091
[1272] [M]: 0x000000008000277C (0x20913C23) sd x9, 0x218(x2)                        Mtrap_sig_sv+8
mem[W,0x0000000080005218] <- 0x000000008000A5D8

mem[X,0x0000000080002780] -> 0x3403
mem[X,0x0000000080002782] -> 0x1F81
[1273] [M]: 0x0000000080002780 (0x1F813403) ld x8, 0x1f8(x2)                        Mtrap_sig_sv+12
mem[R,0x00000000800051F8] -> 0x000000008000A110
x8 <- 0x000000008000A110

clint mtime 0x000000000000027D (mip.MTI <- 0b1, mip.STI <- 0b0)
mem[X,0x0000000080002784] -> 0x0333
mem[X,0x0000000080002786] -> 0x4083
[1274] [M]: 0x0000000080002784 (0x40830333) sub x6, x6, x8                          Mtrap_sig_sv+16
x6 <- 0x00000000000004A8

mem[X,0x0000000080002788] -> 0x3403
mem[X,0x000000008000278A] -> 0x1F81
[1275] [M]: 0x0000000080002788 (0x1F813403) ld x8, 0x1f8(x2)                        Mtrap_sig_sv+20
mem[R,0x00000000800051F8] -> 0x000000008000A110
x8 <- 0x000000008000A110

clint mtime 0x000000000000027E (mip.MTI <- 0b1, mip.STI <- 0b0)
mem[X,0x000000008000278C] -> 0x0333
mem[X,0x000000008000278E] -> 0x0083
[1276] [M]: 0x000000008000278C (0x00830333) add x6, x6, x8                          Mtrap_sig_sv+24
x6 <- 0x000000008000A5B8

mem[X,0x0000000080002790] -> 0x3403
mem[X,0x0000000080002792] -> 0x2401
[1277] [M]: 0x0000000080002790 (0x24013403) ld x8, 0x240(x2)                        Mtrap_sig_sv+28
mem[R,0x0000000080005240] -> 0x0000000080002500
x8 <- 0x0000000080002500

clint mtime 0x000000000000027F (mip.MTI <- 0b1, mip.STI <- 0b0)
mem[X,0x0000000080002794] -> 0x85B3
mem[X,0x0000000080002796] -> 0x4085
[1278] [M]: 0x0000000080002794 (0x408585B3) sub x11, x11, x8                        sv_Mvect+0
x11 <- 0x000000000000010C

mem[X,0x0000000080002798] -> 0x9593
mem[X,0x000000008000279A] -> 0x0045
[1279] [M]: 0x0000000080002798 (0x00459593) slli x11, x11, 0x4                      sv_Mvect+4
x11 <- 0x00000000000010C0

clint mtime 0x0000000000000280 (mip.MTI <- 0b1, mip.STI <- 0b0)
mem[X,0x000000008000279C] -> 0xE5B3
mem[X,0x000000008000279E] -> 0x0075
[1280] [M]: 0x000000008000279C (0x0075E5B3) or x11, x11, x7                         sv_Mvect+8
x11 <- 0x00000000000010E0

mem[X,0x00000000800027A0] -> 0x8593
mem[X,0x00000000800027A2] -> 0x0035
[1281] [M]: 0x00000000800027A0 (0x00358593) addi x11, x11, 0x3                      sv_Mvect+12
x11 <- 0x00000000000010E3

clint mtime 0x0000000000000281 (mip.MTI <- 0b1, mip.STI <- 0b0)
mem[X,0x00000000800027A4] -> 0x3023
mem[X,0x00000000800027A6] -> 0x00B3
[1282] [M]: 0x00000000800027A4 (0x00B33023) sd x11, 0x0(x6)                         sv_Mvect+16
mem[W,0x000000008000A5B8] <- 0x00000000000010E3

mem[X,0x00000000800027A8] -> 0x3423
mem[X,0x00000000800027AA] -> 0x00A3
[1283] [M]: 0x00000000800027A8 (0x00A33423) sd x10, 0x8(x6)                         sv_Mcause+0
mem[W,0x000000008000A5C0] <- 0x000000000000000F

clint mtime 0x0000000000000282 (mip.MTI <- 0b1, mip.STI <- 0b0)
mem[X,0x00000000800027AC] -> 0x4663
mem[X,0x00000000800027AE] -> 0x1A05
[1284] [M]: 0x00000000800027AC (0x1A054663) blt x10, x0, 0x1ac                      sv_Mcause+4

mem[X,0x00000000800027B0] -> 0x25F3
mem[X,0x00000000800027B2] -> 0x3000
[1285] [M]: 0x00000000800027B0 (0x300025F3) csrrs x11, mstatus, x0                  common_Mexcpt_handler+0
CSR mstatus (0x300) -> 0x0000000A00040800
x11 <- 0x0000000A00040800

clint mtime 0x0000000000000283 (mip.MTI <- 0b1, mip.STI <- 0b0)
mem[X,0x00000000800027B4] -> 0x9413
mem[X,0x00000000800027B6] -> 0x02E5
[1286] [M]: 0x00000000800027B4 (0x02E59413) slli x8, x11, 0x2e                      common_Mexcpt_handler+4
x8 <- 0x0200000000000000

mem[X,0x00000000800027B8] -> 0x5463
mem[X,0x00000000800027BA] -> 0x0004
[1287] [M]: 0x00000000800027B8 (0x00045463) bge x8, x0, 0x8                         common_Mexcpt_handler+8

clint mtime 0x0000000000000284 (mip.MTI <- 0b1, mip.STI <- 0b0)
mem[X,0x00000000800027C0] -> 0xD493
mem[X,0x00000000800027C2] -> 0x00B5
[1288] [M]: 0x00000000800027C0 (0x00B5D493) srli x9, x11, 0xb                       common_Mexcpt_handler+16
x9 <- 0x0000000001400081

mem[X,0x00000000800027C4] -> 0xF493
mem[X,0x00000000800027C6] -> 0x0034
[1289] [M]: 0x00000000800027C4 (0x0034F493) andi x9, x9, 0x3                        common_Mexcpt_handler+20
x9 <- 0x0000000000000001

clint mtime 0x0000000000000285 (mip.MTI <- 0b1, mip.STI <- 0b0)
mem[X,0x00000000800027C8] -> 0x8493
mem[X,0x00000000800027CA] -> 0x0014
[1290] [M]: 0x00000000800027C8 (0x00148493) addi x9, x9, 0x1                        common_Mexcpt_handler+24
x9 <- 0x0000000000000002

mem[X,0x00000000800027CC] -> 0xF493
mem[X,0x00000000800027CE] -> 0x0044
[1291] [M]: 0x00000000800027CC (0x0044F493) andi x9, x9, 0x4                        common_Mexcpt_handler+28
x9 <- 0x0000000000000000

clint mtime 0x0000000000000286 (mip.MTI <- 0b1, mip.STI <- 0b0)
mem[X,0x00000000800027D0] -> 0x0593
mem[X,0x00000000800027D2] -> 0x05D0
[1292] [M]: 0x00000000800027D0 (0x05D00593) addi x11, x0, 0x5d                      common_Mexcpt_handler+32
x11 <- 0x000000000000005D

mem[X,0x00000000800027D4] -> 0xD5B3
mem[X,0x00000000800027D6] -> 0x0095
[1293] [M]: 0x00000000800027D4 (0x0095D5B3) srl x11, x11, x9                        common_Mexcpt_handler+36
x11 <- 0x000000000000005D

clint mtime 0x0000000000000287 (mip.MTI <- 0b1, mip.STI <- 0b0)
mem[X,0x00000000800027D8] -> 0xF593
mem[X,0x00000000800027DA] -> 0x0015
[1294] [M]: 0x00000000800027D8 (0x0015F593) andi x11, x11, 0x1                      common_Mexcpt_handler+40
x11 <- 0x0000000000000001

mem[X,0x00000000800027DC] -> 0x8EE3
mem[X,0x00000000800027DE] -> 0xF405
[1295] [M]: 0x00000000800027DC (0xF4058EE3) beq x11, x0, -0xa4                      common_Mexcpt_handler+44

clint mtime 0x0000000000000288 (mip.MTI <- 0b1, mip.STI <- 0b0)
mem[X,0x00000000800027E0] -> 0x0593
mem[X,0x00000000800027E2] -> 0x2980
[1296] [M]: 0x00000000800027E0 (0x29800593) addi x11, x0, 0x298                     common_Mexcpt_handler+48
x11 <- 0x0000000000000298

mem[X,0x00000000800027E4] -> 0xF413
mem[X,0x00000000800027E6] -> 0x0014
[1297] [M]: 0x00000000800027E4 (0x0014F413) andi x8, x9, 0x1                        common_Mexcpt_handler+52
x8 <- 0x0000000000000000

clint mtime 0x0000000000000289 (mip.MTI <- 0b1, mip.STI <- 0b0)
mem[X,0x00000000800027E8] -> 0x95B3
mem[X,0x00000000800027EA] -> 0x0085
[1298] [M]: 0x00000000800027E8 (0x008595B3) sll x11, x11, x8                        common_Mexcpt_handler+56
x11 <- 0x0000000000000298

mem[X,0x00000000800027EC] -> 0x9413
mem[X,0x00000000800027EE] -> 0x03D4
[1299] [M]: 0x00000000800027EC (0x03D49413) slli x8, x9, 0x3d                       common_Mexcpt_handler+60
x8 <- 0x0000000000000000

clint mtime 0x000000000000028A (mip.MTI <- 0b1, mip.STI <- 0b0)
mem[X,0x00000000800027F0] -> 0x5413
mem[X,0x00000000800027F2] -> 0x43F4
[1300] [M]: 0x00000000800027F0 (0x43F45413) srai x8, x8, 0x3f                       common_Mexcpt_handler+64
x8 <- 0x0000000000000000

mem[X,0x00000000800027F4] -> 0x4413
mem[X,0x00000000800027F6] -> 0xFFF4
[1301] [M]: 0x00000000800027F4 (0xFFF44413) xori x8, x8, -0x1                       common_Mexcpt_handler+68
x8 <- 0xFFFFFFFFFFFFFFFF

clint mtime 0x000000000000028B (mip.MTI <- 0b1, mip.STI <- 0b0)
mem[X,0x00000000800027F8] -> 0xF4B3
mem[X,0x00000000800027FA] -> 0x0085
[1302] [M]: 0x00000000800027F8 (0x0085F4B3) and x9, x11, x8                         common_Mexcpt_handler+72
x9 <- 0x0000000000000298

mem[X,0x00000000800027FC] -> 0x84B3
mem[X,0x00000000800027FE] -> 0x0024
[1303] [M]: 0x00000000800027FC (0x002484B3) add x9, x9, x2                          vmem_adj_Mepc+0
x9 <- 0x0000000080005298

clint mtime 0x000000000000028C (mip.MTI <- 0b1, mip.STI <- 0b0)
mem[X,0x0000000080002800] -> 0x23F3
mem[X,0x0000000080002802] -> 0x3410
[1304] [M]: 0x0000000080002800 (0x341023F3) csrrs x7, mepc, x0                      vmem_adj_Mepc+4
CSR mepc (0x341) -> 0x0000030080000E2C
x7 <- 0x0000030080000E2C

mem[X,0x0000000080002804] -> 0x0413
mem[X,0x0000000080002806] -> 0x0004
[1305] [M]: 0x0000000080002804 (0x00040413) addi x8, x8, 0x0                        vmem_adj_Mepc+8
x8 <- 0xFFFFFFFFFFFFFFFF

clint mtime 0x000000000000028D (mip.MTI <- 0b1, mip.STI <- 0b0)
mem[X,0x0000000080002808] -> 0x006F
mem[X,0x000000008000280A] -> 0x0400
[1306] [M]: 0x0000000080002808 (0x0400006F) jal x0, 0x40                            vmem_adj_Mepc+12

mem[X,0x0000000080002848] -> 0x8433
mem[X,0x000000008000284A] -> 0x4083
[1307] [M]: 0x0000000080002848 (0x40838433) sub x8, x7, x8                          adj_Mepc+0
x8 <- 0x0000030080000E2D

clint mtime 0x000000000000028E (mip.MTI <- 0b1, mip.STI <- 0b0)
mem[X,0x000000008000284C] -> 0x3823
mem[X,0x000000008000284E] -> 0x0083
[1308] [M]: 0x000000008000284C (0x00833823) sd x8, 0x10(x6)                         sv_Mepc+0
mem[W,0x000000008000A5C8] <- 0x0000030080000E2D

mem[X,0x0000000080002850] -> 0x55B7
mem[X,0x0000000080002852] -> 0x0000
[1309] [M]: 0x0000000080002850 (0x000055B7) lui x11, 0x5                            sv_Mepc+4
x11 <- 0x0000000000005000

clint mtime 0x000000000000028F (mip.MTI <- 0b1, mip.STI <- 0b0)
mem[X,0x0000000080002854] -> 0x8593
mem[X,0x0000000080002856] -> 0x6675
[1310] [M]: 0x0000000080002854 (0x66758593) addi x11, x11, 0x667                    sv_Mepc+8
x11 <- 0x0000000000005667

mem[X,0x0000000080002858] -> 0x9593
mem[X,0x000000008000285A] -> 0x0015
[1311] [M]: 0x0000000080002858 (0x00159593) slli x11, x11, 0x1                      sv_Mepc+12
x11 <- 0x000000000000ACCE

clint mtime 0x0000000000000290 (mip.MTI <- 0b1, mip.STI <- 0b0)
mem[X,0x000000008000285C] -> 0x9063
mem[X,0x000000008000285E] -> 0x02B1
[1312] [M]: 0x000000008000285C (0x02B19063) bne x3, x11, 0x20                       sv_Mepc+16

mem[X,0x0000000080002860] -> 0x2473
mem[X,0x0000000080002862] -> 0x3420
[1313] [M]: 0x0000000080002860 (0x34202473) csrrs x8, mcause, x0                    sv_Mepc+20
CSR mcause (0x342) -> 0x000000000000000F
x8 <- 0x000000000000000F

clint mtime 0x0000000000000291 (mip.MTI <- 0b1, mip.STI <- 0b0)
mem[X,0x0000000080002864] -> 0x0593
mem[X,0x0000000080002866] -> 0x00C0
[1314] [M]: 0x0000000080002864 (0x00C00593) addi x11, x0, 0xc                       sv_Mepc+24
x11 <- 0x000000000000000C

mem[X,0x0000000080002868] -> 0x0663
mem[X,0x000000008000286A] -> 0x00B4
[1315] [M]: 0x0000000080002868 (0x00B40663) beq x8, x11, 0xc                        sv_Mepc+28

clint mtime 0x0000000000000292 (mip.MTI <- 0b1, mip.STI <- 0b0)
mem[X,0x000000008000286C] -> 0x0593
mem[X,0x000000008000286E] -> 0x0010
[1316] [M]: 0x000000008000286C (0x00100593) addi x11, x0, 0x1                       sv_Mepc+32
x11 <- 0x0000000000000001

mem[X,0x0000000080002870] -> 0x1663
mem[X,0x0000000080002872] -> 0x00B4
[1317] [M]: 0x0000000080002870 (0x00B41663) bne x8, x11, 0xc                        sv_Mepc+36

clint mtime 0x0000000000000293 (mip.MTI <- 0b1, mip.STI <- 0b0)
mem[X,0x000000008000287C] -> 0xF593
mem[X,0x000000008000287E] -> 0xFFC3
[1318] [M]: 0x000000008000287C (0xFFC3F593) andi x11, x7, -0x4                      adj_Mepc_rtn+0
x11 <- 0x0000030080000E2C

mem[X,0x0000000080002880] -> 0x8593
mem[X,0x0000000080002882] -> 0x0085
[1319] [M]: 0x0000000080002880 (0x00858593) addi x11, x11, 0x8                      adj_Mepc_rtn+4
x11 <- 0x0000030080000E34

clint mtime 0x0000000000000294 (mip.MTI <- 0b1, mip.STI <- 0b0)
mem[X,0x0000000080002884] -> 0x9073
mem[X,0x0000000080002886] -> 0x3415
[1320] [M]: 0x0000000080002884 (0x34159073) csrrw x0, mepc, x11                     adj_Mepc_rtn+8
CSR mepc (0x341) <- 0x0000030080000E34

mem[X,0x0000000080002888] -> 0x23F3
mem[X,0x000000008000288A] -> 0x3430
[1321] [M]: 0x0000000080002888 (0x343023F3) csrrs x7, mtval, x0                     skp_adj_Mepc+0
CSR mtval (0x343) -> 0x0000028080000414
x7 <- 0x0000028080000414

clint mtime 0x0000000000000295 (mip.MTI <- 0b1, mip.STI <- 0b0)
mem[X,0x000000008000288C] -> 0x0413
mem[X,0x000000008000288E] -> 0x0004
[1322] [M]: 0x000000008000288C (0x00040413) addi x8, x8, 0x0                        skp_adj_Mepc+4
x8 <- 0x000000000000000F

mem[X,0x0000000080002890] -> 0x006F
mem[X,0x0000000080002892] -> 0x0840
[1323] [M]: 0x0000000080002890 (0x0840006F) jal x0, 0x84                            skp_adj_Mepc+8

clint mtime 0x0000000000000296 (mip.MTI <- 0b1, mip.STI <- 0b0)
mem[X,0x0000000080002914] -> 0x8433
mem[X,0x0000000080002916] -> 0x4083
[1324] [M]: 0x0000000080002914 (0x40838433) sub x8, x7, x8                          adj_Mtval+0
x8 <- 0x0000028080000405

mem[X,0x0000000080002918] -> 0x3C23
mem[X,0x000000008000291A] -> 0x0083
[1325] [M]: 0x0000000080002918 (0x00833C23) sd x8, 0x18(x6)                         sv_Mtval+0
mem[W,0x000000008000A5D0] <- 0x0000028080000405

clint mtime 0x0000000000000297 (mip.MTI <- 0b1, mip.STI <- 0b0)
mem[X,0x000000008000291C] -> 0x3483
mem[X,0x000000008000291E] -> 0x2181
[1326] [M]: 0x000000008000291C (0x21813483) ld x9, 0x218(x2)                        skp_Mtval+0
mem[R,0x0000000080005218] -> 0x000000008000A5D8
x9 <- 0x000000008000A5D8

mem[X,0x0000000080002920] -> 0x3383
mem[X,0x0000000080002922] -> 0x1F81
[1327] [M]: 0x0000000080002920 (0x1F813383) ld x7, 0x1f8(x2)                        skp_Mtval+4
mem[R,0x00000000800051F8] -> 0x000000008000A110
x7 <- 0x000000008000A110

clint mtime 0x0000000000000298 (mip.MTI <- 0b1, mip.STI <- 0b0)
mem[X,0x0000000080002924] -> 0x3303
mem[X,0x0000000080002926] -> 0x2001
[1328] [M]: 0x0000000080002924 (0x20013303) ld x6, 0x200(x2)                        skp_Mtval+8
mem[R,0x0000000080005200] -> 0x0000000000000610
x6 <- 0x0000000000000610

mem[X,0x0000000080002928] -> 0x0333
mem[X,0x000000008000292A] -> 0x0073
[1329] [M]: 0x0000000080002928 (0x00730333) add x6, x6, x7                          skp_Mtval+12
x6 <- 0x000000008000A720

clint mtime 0x0000000000000299 (mip.MTI <- 0b1, mip.STI <- 0b0)
mem[X,0x000000008000292C] -> 0x6AE3
mem[X,0x000000008000292E] -> 0xAE93
[1330] [M]: 0x000000008000292C (0xAE936AE3) bltu x6, x9, -0x50c                     skp_Mtval+16

mem[X,0x0000000080002930] -> 0x0393
mem[X,0x0000000080002932] -> 0x2000
[1331] [M]: 0x0000000080002930 (0x20000393) addi x7, x0, 0x200                      skp_Mtval+20
x7 <- 0x0000000000000200

clint mtime 0x000000000000029A (mip.MTI <- 0b1, mip.STI <- 0b0)
mem[X,0x0000000080002934] -> 0x006F
mem[X,0x0000000080002936] -> 0x0400
[1332] [M]: 0x0000000080002934 (0x0400006F) jal x0, 0x40                            skp_Mtval+24

mem[X,0x0000000080002974] -> 0x0417
mem[X,0x0000000080002976] -> 0x0000
[1333] [M]: 0x0000000080002974 (0x00000417) auipc x8, 0x0                           spcl_Mhandler+0
x8 <- 0x0000000080002974

clint mtime 0x000000000000029B (mip.MTI <- 0b1, mip.STI <- 0b0)
mem[X,0x0000000080002978] -> 0x0413
mem[X,0x000000008000297A] -> 0x03C4
[1334] [M]: 0x0000000080002978 (0x03C40413) addi x8, x8, 0x3c                       spcl_Mhandler+4
x8 <- 0x00000000800029B0

mem[X,0x000000008000297C] -> 0x0433
mem[X,0x000000008000297E] -> 0x0074
[1335] [M]: 0x000000008000297C (0x00740433) add x8, x8, x7                          spcl_Mhandler+8
x8 <- 0x0000000080002BB0

clint mtime 0x000000000000029C (mip.MTI <- 0b1, mip.STI <- 0b0)
mem[X,0x0000000080002980] -> 0x1393
mem[X,0x0000000080002982] -> 0x0035
[1336] [M]: 0x0000000080002980 (0x00351393) slli x7, x10, 0x3                       spcl_Mhandler+12
x7 <- 0x0000000000000078

mem[X,0x0000000080002984] -> 0x0433
mem[X,0x0000000080002986] -> 0x0074
[1337] [M]: 0x0000000080002984 (0x00740433) add x8, x8, x7                          spcl_Mhandler+16
x8 <- 0x0000000080002C28

clint mtime 0x000000000000029D (mip.MTI <- 0b1, mip.STI <- 0b0)
mem[X,0x0000000080002988] -> 0x7413
mem[X,0x000000008000298A] -> 0xFF84
[1338] [M]: 0x0000000080002988 (0xFF847413) andi x8, x8, -0x8                       spcl_Mhandler+20
x8 <- 0x0000000080002C28

mem[X,0x000000008000298C] -> 0x3403
mem[X,0x000000008000298E] -> 0x0004
[1339] [M]: 0x000000008000298C (0x00043403) ld x8, 0x0(x8)                          spcl_Mhandler+24
mem[R,0x0000000080002C28] -> 0x000000000000001F
x8 <- 0x000000000000001F

clint mtime 0x000000000000029E (mip.MTI <- 0b1, mip.STI <- 0b0)
mem[X,0x0000000080002990] -> 0x02E3
mem[X,0x0000000080002992] -> 0xB204
[1340] [M]: 0x0000000080002990 (0xB20402E3) beq x8, x0, -0x4dc                      spcl_Mdispatch_hndling+0

mem[X,0x0000000080002994] -> 0x1393
mem[X,0x0000000080002996] -> 0x03F4
[1341] [M]: 0x0000000080002994 (0x03F41393) slli x7, x8, 0x3f                       spcl_Mdispatch_hndling+4
x7 <- 0x8000000000000000

clint mtime 0x000000000000029F (mip.MTI <- 0b1, mip.STI <- 0b0)
mem[X,0x0000000080002998] -> 0xD863
mem[X,0x000000008000299A] -> 0x0003
[1342] [M]: 0x0000000080002998 (0x0003D863) bge x7, x0, 0x10                        spcl_Mdispatch_hndling+8

mem[X,0x000000008000299C] -> 0x5413
mem[X,0x000000008000299E] -> 0x0014
[1343] [M]: 0x000000008000299C (0x00145413) srli x8, x8, 0x1                        spcl_Mdispatch_hndling+12
x8 <- 0x000000000000000F

clint mtime 0x00000000000002A0 (mip.MTI <- 0b1, mip.STI <- 0b0)
mem[X,0x00000000800029A0] -> 0x0CE3
mem[X,0x00000000800029A2] -> 0xF885
[1344] [M]: 0x00000000800029A0 (0xF8850CE3) beq x10, x8, -0x68                      spcl_Mdispatch_hndling+16

mem[X,0x0000000080002938] -> 0x3303
mem[X,0x000000008000293A] -> 0x2601
[1345] [M]: 0x0000000080002938 (0x26013303) ld x6, 0x260(x2)                        resto_Mrtn+0
mem[R,0x0000000080005260] -> 0xFFFFFFFF7FFFF2CC
x6 <- 0xFFFFFFFF7FFFF2CC

clint mtime 0x00000000000002A1 (mip.MTI <- 0b1, mip.STI <- 0b0)
mem[X,0x000000008000293C] -> 0x3383
mem[X,0x000000008000293E] -> 0x2681
[1346] [M]: 0x000000008000293C (0x26813383) ld x7, 0x268(x2)                        resto_Mrtn+4
mem[R,0x0000000080005268] -> 0x0000000080005000
x7 <- 0x0000000080005000

mem[X,0x0000000080002940] -> 0x3403
mem[X,0x0000000080002942] -> 0x2701
[1347] [M]: 0x0000000080002940 (0x27013403) ld x8, 0x270(x2)                        resto_Mrtn+8
mem[R,0x0000000080005270] -> 0x0000000000007F76
x8 <- 0x0000000000007F76

clint mtime 0x00000000000002A2 (mip.MTI <- 0b1, mip.STI <- 0b0)
mem[X,0x0000000080002944] -> 0x3483
mem[X,0x0000000080002946] -> 0x2781
[1348] [M]: 0x0000000080002944 (0x27813483) ld x9, 0x278(x2)                        resto_Mrtn+12
mem[R,0x0000000080005278] -> 0x00000300000000C8
x9 <- 0x00000300000000C8

mem[X,0x0000000080002948] -> 0x3503
mem[X,0x000000008000294A] -> 0x2801
[1349] [M]: 0x0000000080002948 (0x28013503) ld x10, 0x280(x2)                       resto_Mrtn+16
mem[R,0x0000000080005280] -> 0x00000000000000C9
x10 <- 0x00000000000000C9

clint mtime 0x00000000000002A3 (mip.MTI <- 0b1, mip.STI <- 0b0)
mem[X,0x000000008000294C] -> 0x3583
mem[X,0x000000008000294E] -> 0x2881
[1350] [M]: 0x000000008000294C (0x28813583) ld x11, 0x288(x2)                       resto_Mrtn+20
mem[R,0x0000000080005288] -> 0x00000000000000C9
x11 <- 0x00000000000000C9

mem[X,0x0000000080002950] -> 0x3103
mem[X,0x0000000080002952] -> 0x2901
[1351] [M]: 0x0000000080002950 (0x29013103) ld x2, 0x290(x2)                        resto_Mrtn+24
mem[R,0x0000000080005290] -> 0x0000000000000000
x2 <- 0x0000000000000000

clint mtime 0x00000000000002A4 (mip.MTI <- 0b1, mip.STI <- 0b0)
mem[X,0x0000000080002954] -> 0x0073
mem[X,0x0000000080002956] -> 0x3020
[1352] [M]: 0x0000000080002954 (0x30200073) mret                                    resto_Mrtn+28
CSR mstatus (0x300) <- 0x0000000A00040080
ret-ing from M to S

mem[X,0x0000000080000E34] -> 0xA703
mem[X,0x0000000080000E36] -> 0x0147
[1353] [S]: 0x0000030080000E34 (0x0147A703) lw x14, 0x14(x15)                       va_rvtest_code_begin+1656
PTW: Start, vpn=0x28080000, access_type=R, privilege=Smem[R,0x0000000080009028] -> 0x00000000000000C9
PTW: Step, level=3, pte=0xC9, pte_addr=0x80009028
PTW: failed, error=no-permission, level=3, pte_addr=0x80009028
trapping from S to M to handle load-page-fault
handling exc#load-page-fault at priv M with tval 0x0000028080000414
CSR mstatus (0x300) <- 0x0000000A00040800
CSR mcause (0x342) <- 0x000000000000000D
CSR mtval (0x343) <- 0x0000028080000414
CSR mepc (0x341) <- 0x0000030080000E34

clint mtime 0x00000000000002A5 (mip.MTI <- 0b1, mip.STI <- 0b0)
mem[X,0x0000000080002500] -> 0x006F
mem[X,0x0000000080002502] -> 0x1000
[1354] [M]: 0x0000000080002500 (0x1000006F) jal x0, 0x100                           Mtrampoline+0

mem[X,0x0000000080002600] -> 0x1173
mem[X,0x0000000080002602] -> 0x3401
[1355] [M]: 0x0000000080002600 (0x34011173) csrrw x2, mscratch, x2                  trap_Mhandler+0
CSR mscratch (0x340) <- 0x0000000000000000
x2 <- 0x0000000080005000

clint mtime 0x00000000000002A6 (mip.MTI <- 0b1, mip.STI <- 0b0)
mem[X,0x0000000080002604] -> 0x3423
mem[X,0x0000000080002606] -> 0x28B1
[1356] [M]: 0x0000000080002604 (0x28B13423) sd x11, 0x288(x2)                       trap_Mhandler+4
mem[W,0x0000000080005288] <- 0x00000000000000C9

mem[X,0x0000000080002608] -> 0x05EF
mem[X,0x000000008000260A] -> 0x0B80
[1357] [M]: 0x0000000080002608 (0x0B8005EF) jal x11, 0xb8                           trap_Mhandler+8
x11 <- 0x000000008000260C

clint mtime 0x00000000000002A7 (mip.MTI <- 0b1, mip.STI <- 0b0)
mem[X,0x00000000800026C0] -> 0x3023
mem[X,0x00000000800026C2] -> 0x28A1
[1358] [M]: 0x00000000800026C0 (0x28A13023) sd x10, 0x280(x2)                       common_Mhandler+0
mem[W,0x0000000080005280] <- 0x00000000000000C9

mem[X,0x00000000800026C4] -> 0x1573
mem[X,0x00000000800026C6] -> 0x3401
[1359] [M]: 0x00000000800026C4 (0x34011573) csrrw x10, mscratch, x2                 common_Mhandler+4
CSR mscratch (0x340) <- 0x0000000080005000
x10 <- 0x0000000000000000

clint mtime 0x00000000000002A8 (mip.MTI <- 0b1, mip.STI <- 0b0)
mem[X,0x00000000800026C8] -> 0x3823
mem[X,0x00000000800026CA] -> 0x28A1
[1360] [M]: 0x00000000800026C8 (0x28A13823) sd x10, 0x290(x2)                       common_Mhandler+8
mem[W,0x0000000080005290] <- 0x0000000000000000

mem[X,0x00000000800026CC] -> 0x3503
mem[X,0x00000000800026CE] -> 0x2301
[1361] [M]: 0x00000000800026CC (0x23013503) ld x10, 0x230(x2)                       common_Mhandler+12
mem[R,0x0000000080005230] -> 0x00000000800026D4
x10 <- 0x00000000800026D4

clint mtime 0x00000000000002A9 (mip.MTI <- 0b1, mip.STI <- 0b0)
mem[X,0x00000000800026D0] -> 0x0067
mem[X,0x00000000800026D2] -> 0x0005
[1362] [M]: 0x00000000800026D0 (0x00050067) jalr x0, 0x0(x10)                       common_Mhandler+16

mem[X,0x00000000800026D4] -> 0x3C23
mem[X,0x00000000800026D6] -> 0x2691
[1363] [M]: 0x00000000800026D4 (0x26913C23) sd x9, 0x278(x2)                        common_Mentry+0
mem[W,0x0000000080005278] <- 0x00000300000000C8

clint mtime 0x00000000000002AA (mip.MTI <- 0b1, mip.STI <- 0b0)
mem[X,0x00000000800026D8] -> 0x3823
mem[X,0x00000000800026DA] -> 0x2681
[1364] [M]: 0x00000000800026D8 (0x26813823) sd x8, 0x270(x2)                        common_Mentry+4
mem[W,0x0000000080005270] <- 0x0000000000007F76

mem[X,0x00000000800026DC] -> 0x3423
mem[X,0x00000000800026DE] -> 0x2671
[1365] [M]: 0x00000000800026DC (0x26713423) sd x7, 0x268(x2)                        common_Mentry+8
mem[W,0x0000000080005268] <- 0x0000000080005000

clint mtime 0x00000000000002AB (mip.MTI <- 0b1, mip.STI <- 0b0)
mem[X,0x00000000800026E0] -> 0x3023
mem[X,0x00000000800026E2] -> 0x2661
[1366] [M]: 0x00000000800026E0 (0x26613023) sd x6, 0x260(x2)                        common_Mentry+12
mem[W,0x0000000080005260] <- 0xFFFFFFFF7FFFF2CC

mem[X,0x00000000800026E4] -> 0x2573
mem[X,0x00000000800026E6] -> 0x3420
[1367] [M]: 0x00000000800026E4 (0x34202573) csrrs x10, mcause, x0                   spcl_M2mmode_test+0
CSR mcause (0x342) -> 0x000000000000000D
x10 <- 0x000000000000000D

clint mtime 0x00000000000002AC (mip.MTI <- 0b1, mip.STI <- 0b0)
mem[X,0x00000000800026E8] -> 0x04B7
mem[X,0x00000000800026EA] -> 0x8000
[1368] [M]: 0x00000000800026E8 (0x800004B7) lui x9, -0x80000                        spcl_M2mmode_test+4
x9 <- 0xFFFFFFFF80000000

mem[X,0x00000000800026EC] -> 0x8493
mem[X,0x00000000800026EE] -> 0x0004
[1369] [M]: 0x00000000800026EC (0x00048493) addi x9, x9, 0x0                        spcl_M2mmode_test+8
x9 <- 0xFFFFFFFF80000000

clint mtime 0x00000000000002AD (mip.MTI <- 0b1, mip.STI <- 0b0)
mem[X,0x00000000800026F0] -> 0x9493
mem[X,0x00000000800026F2] -> 0x00B4
[1370] [M]: 0x00000000800026F0 (0x00B49493) slli x9, x9, 0xb                        spcl_M2mmode_test+12
x9 <- 0xFFFFFC0000000000

mem[X,0x00000000800026F4] -> 0x8493
mem[X,0x00000000800026F6] -> 0x0004
[1371] [M]: 0x00000000800026F4 (0x00048493) addi x9, x9, 0x0                        spcl_M2mmode_test+16
x9 <- 0xFFFFFC0000000000

clint mtime 0x00000000000002AE (mip.MTI <- 0b1, mip.STI <- 0b0)
mem[X,0x00000000800026F8] -> 0x9493
mem[X,0x00000000800026FA] -> 0x00B4
[1372] [M]: 0x00000000800026F8 (0x00B49493) slli x9, x9, 0xb                        spcl_M2mmode_test+20
x9 <- 0xFFE0000000000000

mem[X,0x00000000800026FC] -> 0x8493
mem[X,0x00000000800026FE] -> 0x0034
[1373] [M]: 0x00000000800026FC (0x00348493) addi x9, x9, 0x3                        spcl_M2mmode_test+24
x9 <- 0xFFE0000000000003

clint mtime 0x00000000000002AF (mip.MTI <- 0b1, mip.STI <- 0b0)
mem[X,0x0000000080002700] -> 0x9493
mem[X,0x0000000080002702] -> 0x00A4
[1374] [M]: 0x0000000080002700 (0x00A49493) slli x9, x9, 0xa                        spcl_M2mmode_test+28
x9 <- 0x8000000000000C00

mem[X,0x0000000080002704] -> 0x8493
mem[X,0x0000000080002706] -> 0x3FC4
[1375] [M]: 0x0000000080002704 (0x3FC48493) addi x9, x9, 0x3fc                      spcl_M2mmode_test+32
x9 <- 0x8000000000000FFC

clint mtime 0x00000000000002B0 (mip.MTI <- 0b1, mip.STI <- 0b0)
mem[X,0x0000000080002708] -> 0xF4B3
mem[X,0x000000008000270A] -> 0x00A4
[1376] [M]: 0x0000000080002708 (0x00A4F4B3) and x9, x9, x10                         spcl_M2mmode_test+36
x9 <- 0x000000000000000C

mem[X,0x000000008000270C] -> 0x8493
mem[X,0x000000008000270E] -> 0xFF84
[1377] [M]: 0x000000008000270C (0xFF848493) addi x9, x9, -0x8                       spcl_M2mmode_test+40
x9 <- 0x0000000000000004

clint mtime 0x00000000000002B1 (mip.MTI <- 0b1, mip.STI <- 0b0)
mem[X,0x0000000080002710] -> 0x9663
mem[X,0x0000000080002712] -> 0x0004
[1378] [M]: 0x0000000080002710 (0x00049663) bne x9, x0, 0xc                         spcl_M2mmode_test+44

mem[X,0x000000008000271C] -> 0x0393
mem[X,0x000000008000271E] -> 0x0200
[1379] [M]: 0x000000008000271C (0x02000393) addi x7, x0, 0x20                       Mtrapsig_ptr_upd+0
x7 <- 0x0000000000000020

clint mtime 0x00000000000002B2 (mip.MTI <- 0b1, mip.STI <- 0b0)
mem[X,0x0000000080002720] -> 0x5263
mem[X,0x0000000080002722] -> 0x0405
[1380] [M]: 0x0000000080002720 (0x04055263) bge x10, x0, 0x44                       Mtrapsig_ptr_upd+4

mem[X,0x0000000080002764] -> 0x2373
mem[X,0x0000000080002766] -> 0x3010
[1381] [M]: 0x0000000080002764 (0x30102373) csrrs x6, misa, x0                      Mxcpt_sig_sv+0
CSR misa (0x301) -> 0x800000000034112F
x6 <- 0x800000000034112F

clint mtime 0x00000000000002B3 (mip.MTI <- 0b1, mip.STI <- 0b0)
mem[X,0x0000000080002768] -> 0x1313
mem[X,0x000000008000276A] -> 0x0383
[1382] [M]: 0x0000000080002768 (0x03831313) slli x6, x6, 0x38                       Mxcpt_sig_sv+4
x6 <- 0x2F00000000000000

mem[X,0x000000008000276C] -> 0x5463
mem[X,0x000000008000276E] -> 0x0003
[1383] [M]: 0x000000008000276C (0x00035463) bge x6, x0, 0x8                         Mxcpt_sig_sv+8

clint mtime 0x00000000000002B4 (mip.MTI <- 0b1, mip.STI <- 0b0)
mem[X,0x0000000080002774] -> 0x3303
mem[X,0x0000000080002776] -> 0x2181
[1384] [M]: 0x0000000080002774 (0x21813303) ld x6, 0x218(x2)                        Mtrap_sig_sv+0
mem[R,0x0000000080005218] -> 0x000000008000A5D8
x6 <- 0x000000008000A5D8

mem[X,0x0000000080002778] -> 0x04B3
mem[X,0x000000008000277A] -> 0x0073
[1385] [M]: 0x0000000080002778 (0x007304B3) add x9, x6, x7                          Mtrap_sig_sv+4
x9 <- 0x000000008000A5F8

clint mtime 0x00000000000002B5 (mip.MTI <- 0b1, mip.STI <- 0b0)
mem[X,0x000000008000277C] -> 0x3C23
mem[X,0x000000008000277E] -> 0x2091
[1386] [M]: 0x000000008000277C (0x20913C23) sd x9, 0x218(x2)                        Mtrap_sig_sv+8
mem[W,0x0000000080005218] <- 0x000000008000A5F8

mem[X,0x0000000080002780] -> 0x3403
mem[X,0x0000000080002782] -> 0x1F81
[1387] [M]: 0x0000000080002780 (0x1F813403) ld x8, 0x1f8(x2)                        Mtrap_sig_sv+12
mem[R,0x00000000800051F8] -> 0x000000008000A110
x8 <- 0x000000008000A110

clint mtime 0x00000000000002B6 (mip.MTI <- 0b1, mip.STI <- 0b0)
mem[X,0x0000000080002784] -> 0x0333
mem[X,0x0000000080002786] -> 0x4083
[1388] [M]: 0x0000000080002784 (0x40830333) sub x6, x6, x8                          Mtrap_sig_sv+16
x6 <- 0x00000000000004C8

mem[X,0x0000000080002788] -> 0x3403
mem[X,0x000000008000278A] -> 0x1F81
[1389] [M]: 0x0000000080002788 (0x1F813403) ld x8, 0x1f8(x2)                        Mtrap_sig_sv+20
mem[R,0x00000000800051F8] -> 0x000000008000A110
x8 <- 0x000000008000A110

clint mtime 0x00000000000002B7 (mip.MTI <- 0b1, mip.STI <- 0b0)
mem[X,0x000000008000278C] -> 0x0333
mem[X,0x000000008000278E] -> 0x0083
[1390] [M]: 0x000000008000278C (0x00830333) add x6, x6, x8                          Mtrap_sig_sv+24
x6 <- 0x000000008000A5D8

mem[X,0x0000000080002790] -> 0x3403
mem[X,0x0000000080002792] -> 0x2401
[1391] [M]: 0x0000000080002790 (0x24013403) ld x8, 0x240(x2)                        Mtrap_sig_sv+28
mem[R,0x0000000080005240] -> 0x0000000080002500
x8 <- 0x0000000080002500

clint mtime 0x00000000000002B8 (mip.MTI <- 0b1, mip.STI <- 0b0)
mem[X,0x0000000080002794] -> 0x85B3
mem[X,0x0000000080002796] -> 0x4085
[1392] [M]: 0x0000000080002794 (0x408585B3) sub x11, x11, x8                        sv_Mvect+0
x11 <- 0x000000000000010C

mem[X,0x0000000080002798] -> 0x9593
mem[X,0x000000008000279A] -> 0x0045
[1393] [M]: 0x0000000080002798 (0x00459593) slli x11, x11, 0x4                      sv_Mvect+4
x11 <- 0x00000000000010C0

clint mtime 0x00000000000002B9 (mip.MTI <- 0b1, mip.STI <- 0b0)
mem[X,0x000000008000279C] -> 0xE5B3
mem[X,0x000000008000279E] -> 0x0075
[1394] [M]: 0x000000008000279C (0x0075E5B3) or x11, x11, x7                         sv_Mvect+8
x11 <- 0x00000000000010E0

mem[X,0x00000000800027A0] -> 0x8593
mem[X,0x00000000800027A2] -> 0x0035
[1395] [M]: 0x00000000800027A0 (0x00358593) addi x11, x11, 0x3                      sv_Mvect+12
x11 <- 0x00000000000010E3

clint mtime 0x00000000000002BA (mip.MTI <- 0b1, mip.STI <- 0b0)
mem[X,0x00000000800027A4] -> 0x3023
mem[X,0x00000000800027A6] -> 0x00B3
[1396] [M]: 0x00000000800027A4 (0x00B33023) sd x11, 0x0(x6)                         sv_Mvect+16
mem[W,0x000000008000A5D8] <- 0x00000000000010E3

mem[X,0x00000000800027A8] -> 0x3423
mem[X,0x00000000800027AA] -> 0x00A3
[1397] [M]: 0x00000000800027A8 (0x00A33423) sd x10, 0x8(x6)                         sv_Mcause+0
mem[W,0x000000008000A5E0] <- 0x000000000000000D

clint mtime 0x00000000000002BB (mip.MTI <- 0b1, mip.STI <- 0b0)
mem[X,0x00000000800027AC] -> 0x4663
mem[X,0x00000000800027AE] -> 0x1A05
[1398] [M]: 0x00000000800027AC (0x1A054663) blt x10, x0, 0x1ac                      sv_Mcause+4

mem[X,0x00000000800027B0] -> 0x25F3
mem[X,0x00000000800027B2] -> 0x3000
[1399] [M]: 0x00000000800027B0 (0x300025F3) csrrs x11, mstatus, x0                  common_Mexcpt_handler+0
CSR mstatus (0x300) -> 0x0000000A00040800
x11 <- 0x0000000A00040800

clint mtime 0x00000000000002BC (mip.MTI <- 0b1, mip.STI <- 0b0)
mem[X,0x00000000800027B4] -> 0x9413
mem[X,0x00000000800027B6] -> 0x02E5
[1400] [M]: 0x00000000800027B4 (0x02E59413) slli x8, x11, 0x2e                      common_Mexcpt_handler+4
x8 <- 0x0200000000000000

mem[X,0x00000000800027B8] -> 0x5463
mem[X,0x00000000800027BA] -> 0x0004
[1401] [M]: 0x00000000800027B8 (0x00045463) bge x8, x0, 0x8                         common_Mexcpt_handler+8

clint mtime 0x00000000000002BD (mip.MTI <- 0b1, mip.STI <- 0b0)
mem[X,0x00000000800027C0] -> 0xD493
mem[X,0x00000000800027C2] -> 0x00B5
[1402] [M]: 0x00000000800027C0 (0x00B5D493) srli x9, x11, 0xb                       common_Mexcpt_handler+16
x9 <- 0x0000000001400081

mem[X,0x00000000800027C4] -> 0xF493
mem[X,0x00000000800027C6] -> 0x0034
[1403] [M]: 0x00000000800027C4 (0x0034F493) andi x9, x9, 0x3                        common_Mexcpt_handler+20
x9 <- 0x0000000000000001

clint mtime 0x00000000000002BE (mip.MTI <- 0b1, mip.STI <- 0b0)
mem[X,0x00000000800027C8] -> 0x8493
mem[X,0x00000000800027CA] -> 0x0014
[1404] [M]: 0x00000000800027C8 (0x00148493) addi x9, x9, 0x1                        common_Mexcpt_handler+24
x9 <- 0x0000000000000002

mem[X,0x00000000800027CC] -> 0xF493
mem[X,0x00000000800027CE] -> 0x0044
[1405] [M]: 0x00000000800027CC (0x0044F493) andi x9, x9, 0x4                        common_Mexcpt_handler+28
x9 <- 0x0000000000000000

clint mtime 0x00000000000002BF (mip.MTI <- 0b1, mip.STI <- 0b0)
mem[X,0x00000000800027D0] -> 0x0593
mem[X,0x00000000800027D2] -> 0x05D0
[1406] [M]: 0x00000000800027D0 (0x05D00593) addi x11, x0, 0x5d                      common_Mexcpt_handler+32
x11 <- 0x000000000000005D

mem[X,0x00000000800027D4] -> 0xD5B3
mem[X,0x00000000800027D6] -> 0x0095
[1407] [M]: 0x00000000800027D4 (0x0095D5B3) srl x11, x11, x9                        common_Mexcpt_handler+36
x11 <- 0x000000000000005D

clint mtime 0x00000000000002C0 (mip.MTI <- 0b1, mip.STI <- 0b0)
mem[X,0x00000000800027D8] -> 0xF593
mem[X,0x00000000800027DA] -> 0x0015
[1408] [M]: 0x00000000800027D8 (0x0015F593) andi x11, x11, 0x1                      common_Mexcpt_handler+40
x11 <- 0x0000000000000001

mem[X,0x00000000800027DC] -> 0x8EE3
mem[X,0x00000000800027DE] -> 0xF405
[1409] [M]: 0x00000000800027DC (0xF4058EE3) beq x11, x0, -0xa4                      common_Mexcpt_handler+44

clint mtime 0x00000000000002C1 (mip.MTI <- 0b1, mip.STI <- 0b0)
mem[X,0x00000000800027E0] -> 0x0593
mem[X,0x00000000800027E2] -> 0x2980
[1410] [M]: 0x00000000800027E0 (0x29800593) addi x11, x0, 0x298                     common_Mexcpt_handler+48
x11 <- 0x0000000000000298

mem[X,0x00000000800027E4] -> 0xF413
mem[X,0x00000000800027E6] -> 0x0014
[1411] [M]: 0x00000000800027E4 (0x0014F413) andi x8, x9, 0x1                        common_Mexcpt_handler+52
x8 <- 0x0000000000000000

clint mtime 0x00000000000002C2 (mip.MTI <- 0b1, mip.STI <- 0b0)
mem[X,0x00000000800027E8] -> 0x95B3
mem[X,0x00000000800027EA] -> 0x0085
[1412] [M]: 0x00000000800027E8 (0x008595B3) sll x11, x11, x8                        common_Mexcpt_handler+56
x11 <- 0x0000000000000298

mem[X,0x00000000800027EC] -> 0x9413
mem[X,0x00000000800027EE] -> 0x03D4
[1413] [M]: 0x00000000800027EC (0x03D49413) slli x8, x9, 0x3d                       common_Mexcpt_handler+60
x8 <- 0x0000000000000000

clint mtime 0x00000000000002C3 (mip.MTI <- 0b1, mip.STI <- 0b0)
mem[X,0x00000000800027F0] -> 0x5413
mem[X,0x00000000800027F2] -> 0x43F4
[1414] [M]: 0x00000000800027F0 (0x43F45413) srai x8, x8, 0x3f                       common_Mexcpt_handler+64
x8 <- 0x0000000000000000

mem[X,0x00000000800027F4] -> 0x4413
mem[X,0x00000000800027F6] -> 0xFFF4
[1415] [M]: 0x00000000800027F4 (0xFFF44413) xori x8, x8, -0x1                       common_Mexcpt_handler+68
x8 <- 0xFFFFFFFFFFFFFFFF

clint mtime 0x00000000000002C4 (mip.MTI <- 0b1, mip.STI <- 0b0)
mem[X,0x00000000800027F8] -> 0xF4B3
mem[X,0x00000000800027FA] -> 0x0085
[1416] [M]: 0x00000000800027F8 (0x0085F4B3) and x9, x11, x8                         common_Mexcpt_handler+72
x9 <- 0x0000000000000298

mem[X,0x00000000800027FC] -> 0x84B3
mem[X,0x00000000800027FE] -> 0x0024
[1417] [M]: 0x00000000800027FC (0x002484B3) add x9, x9, x2                          vmem_adj_Mepc+0
x9 <- 0x0000000080005298

clint mtime 0x00000000000002C5 (mip.MTI <- 0b1, mip.STI <- 0b0)
mem[X,0x0000000080002800] -> 0x23F3
mem[X,0x0000000080002802] -> 0x3410
[1418] [M]: 0x0000000080002800 (0x341023F3) csrrs x7, mepc, x0                      vmem_adj_Mepc+4
CSR mepc (0x341) -> 0x0000030080000E34
x7 <- 0x0000030080000E34

mem[X,0x0000000080002804] -> 0x0413
mem[X,0x0000000080002806] -> 0x0004
[1419] [M]: 0x0000000080002804 (0x00040413) addi x8, x8, 0x0                        vmem_adj_Mepc+8
x8 <- 0xFFFFFFFFFFFFFFFF

clint mtime 0x00000000000002C6 (mip.MTI <- 0b1, mip.STI <- 0b0)
mem[X,0x0000000080002808] -> 0x006F
mem[X,0x000000008000280A] -> 0x0400
[1420] [M]: 0x0000000080002808 (0x0400006F) jal x0, 0x40                            vmem_adj_Mepc+12

mem[X,0x0000000080002848] -> 0x8433
mem[X,0x000000008000284A] -> 0x4083
[1421] [M]: 0x0000000080002848 (0x40838433) sub x8, x7, x8                          adj_Mepc+0
x8 <- 0x0000030080000E35

clint mtime 0x00000000000002C7 (mip.MTI <- 0b1, mip.STI <- 0b0)
mem[X,0x000000008000284C] -> 0x3823
mem[X,0x000000008000284E] -> 0x0083
[1422] [M]: 0x000000008000284C (0x00833823) sd x8, 0x10(x6)                         sv_Mepc+0
mem[W,0x000000008000A5E8] <- 0x0000030080000E35

mem[X,0x0000000080002850] -> 0x55B7
mem[X,0x0000000080002852] -> 0x0000
[1423] [M]: 0x0000000080002850 (0x000055B7) lui x11, 0x5                            sv_Mepc+4
x11 <- 0x0000000000005000

clint mtime 0x00000000000002C8 (mip.MTI <- 0b1, mip.STI <- 0b0)
mem[X,0x0000000080002854] -> 0x8593
mem[X,0x0000000080002856] -> 0x6675
[1424] [M]: 0x0000000080002854 (0x66758593) addi x11, x11, 0x667                    sv_Mepc+8
x11 <- 0x0000000000005667

mem[X,0x0000000080002858] -> 0x9593
mem[X,0x000000008000285A] -> 0x0015
[1425] [M]: 0x0000000080002858 (0x00159593) slli x11, x11, 0x1                      sv_Mepc+12
x11 <- 0x000000000000ACCE

clint mtime 0x00000000000002C9 (mip.MTI <- 0b1, mip.STI <- 0b0)
mem[X,0x000000008000285C] -> 0x9063
mem[X,0x000000008000285E] -> 0x02B1
[1426] [M]: 0x000000008000285C (0x02B19063) bne x3, x11, 0x20                       sv_Mepc+16

mem[X,0x0000000080002860] -> 0x2473
mem[X,0x0000000080002862] -> 0x3420
[1427] [M]: 0x0000000080002860 (0x34202473) csrrs x8, mcause, x0                    sv_Mepc+20
CSR mcause (0x342) -> 0x000000000000000D
x8 <- 0x000000000000000D

clint mtime 0x00000000000002CA (mip.MTI <- 0b1, mip.STI <- 0b0)
mem[X,0x0000000080002864] -> 0x0593
mem[X,0x0000000080002866] -> 0x00C0
[1428] [M]: 0x0000000080002864 (0x00C00593) addi x11, x0, 0xc                       sv_Mepc+24
x11 <- 0x000000000000000C

mem[X,0x0000000080002868] -> 0x0663
mem[X,0x000000008000286A] -> 0x00B4
[1429] [M]: 0x0000000080002868 (0x00B40663) beq x8, x11, 0xc                        sv_Mepc+28

clint mtime 0x00000000000002CB (mip.MTI <- 0b1, mip.STI <- 0b0)
mem[X,0x000000008000286C] -> 0x0593
mem[X,0x000000008000286E] -> 0x0010
[1430] [M]: 0x000000008000286C (0x00100593) addi x11, x0, 0x1                       sv_Mepc+32
x11 <- 0x0000000000000001

mem[X,0x0000000080002870] -> 0x1663
mem[X,0x0000000080002872] -> 0x00B4
[1431] [M]: 0x0000000080002870 (0x00B41663) bne x8, x11, 0xc                        sv_Mepc+36

clint mtime 0x00000000000002CC (mip.MTI <- 0b1, mip.STI <- 0b0)
mem[X,0x000000008000287C] -> 0xF593
mem[X,0x000000008000287E] -> 0xFFC3
[1432] [M]: 0x000000008000287C (0xFFC3F593) andi x11, x7, -0x4                      adj_Mepc_rtn+0
x11 <- 0x0000030080000E34

mem[X,0x0000000080002880] -> 0x8593
mem[X,0x0000000080002882] -> 0x0085
[1433] [M]: 0x0000000080002880 (0x00858593) addi x11, x11, 0x8                      adj_Mepc_rtn+4
x11 <- 0x0000030080000E3C

clint mtime 0x00000000000002CD (mip.MTI <- 0b1, mip.STI <- 0b0)
mem[X,0x0000000080002884] -> 0x9073
mem[X,0x0000000080002886] -> 0x3415
[1434] [M]: 0x0000000080002884 (0x34159073) csrrw x0, mepc, x11                     adj_Mepc_rtn+8
CSR mepc (0x341) <- 0x0000030080000E3C

mem[X,0x0000000080002888] -> 0x23F3
mem[X,0x000000008000288A] -> 0x3430
[1435] [M]: 0x0000000080002888 (0x343023F3) csrrs x7, mtval, x0                     skp_adj_Mepc+0
CSR mtval (0x343) -> 0x0000028080000414
x7 <- 0x0000028080000414

clint mtime 0x00000000000002CE (mip.MTI <- 0b1, mip.STI <- 0b0)
mem[X,0x000000008000288C] -> 0x0413
mem[X,0x000000008000288E] -> 0x0004
[1436] [M]: 0x000000008000288C (0x00040413) addi x8, x8, 0x0                        skp_adj_Mepc+4
x8 <- 0x000000000000000D

mem[X,0x0000000080002890] -> 0x006F
mem[X,0x0000000080002892] -> 0x0840
[1437] [M]: 0x0000000080002890 (0x0840006F) jal x0, 0x84                            skp_adj_Mepc+8

clint mtime 0x00000000000002CF (mip.MTI <- 0b1, mip.STI <- 0b0)
mem[X,0x0000000080002914] -> 0x8433
mem[X,0x0000000080002916] -> 0x4083
[1438] [M]: 0x0000000080002914 (0x40838433) sub x8, x7, x8                          adj_Mtval+0
x8 <- 0x0000028080000407

mem[X,0x0000000080002918] -> 0x3C23
mem[X,0x000000008000291A] -> 0x0083
[1439] [M]: 0x0000000080002918 (0x00833C23) sd x8, 0x18(x6)                         sv_Mtval+0
mem[W,0x000000008000A5F0] <- 0x0000028080000407

clint mtime 0x00000000000002D0 (mip.MTI <- 0b1, mip.STI <- 0b0)
mem[X,0x000000008000291C] -> 0x3483
mem[X,0x000000008000291E] -> 0x2181
[1440] [M]: 0x000000008000291C (0x21813483) ld x9, 0x218(x2)                        skp_Mtval+0
mem[R,0x0000000080005218] -> 0x000000008000A5F8
x9 <- 0x000000008000A5F8

mem[X,0x0000000080002920] -> 0x3383
mem[X,0x0000000080002922] -> 0x1F81
[1441] [M]: 0x0000000080002920 (0x1F813383) ld x7, 0x1f8(x2)                        skp_Mtval+4
mem[R,0x00000000800051F8] -> 0x000000008000A110
x7 <- 0x000000008000A110

clint mtime 0x00000000000002D1 (mip.MTI <- 0b1, mip.STI <- 0b0)
mem[X,0x0000000080002924] -> 0x3303
mem[X,0x0000000080002926] -> 0x2001
[1442] [M]: 0x0000000080002924 (0x20013303) ld x6, 0x200(x2)                        skp_Mtval+8
mem[R,0x0000000080005200] -> 0x0000000000000610
x6 <- 0x0000000000000610

mem[X,0x0000000080002928] -> 0x0333
mem[X,0x000000008000292A] -> 0x0073
[1443] [M]: 0x0000000080002928 (0x00730333) add x6, x6, x7                          skp_Mtval+12
x6 <- 0x000000008000A720

clint mtime 0x00000000000002D2 (mip.MTI <- 0b1, mip.STI <- 0b0)
mem[X,0x000000008000292C] -> 0x6AE3
mem[X,0x000000008000292E] -> 0xAE93
[1444] [M]: 0x000000008000292C (0xAE936AE3) bltu x6, x9, -0x50c                     skp_Mtval+16

mem[X,0x0000000080002930] -> 0x0393
mem[X,0x0000000080002932] -> 0x2000
[1445] [M]: 0x0000000080002930 (0x20000393) addi x7, x0, 0x200                      skp_Mtval+20
x7 <- 0x0000000000000200

clint mtime 0x00000000000002D3 (mip.MTI <- 0b1, mip.STI <- 0b0)
mem[X,0x0000000080002934] -> 0x006F
mem[X,0x0000000080002936] -> 0x0400
[1446] [M]: 0x0000000080002934 (0x0400006F) jal x0, 0x40                            skp_Mtval+24

mem[X,0x0000000080002974] -> 0x0417
mem[X,0x0000000080002976] -> 0x0000
[1447] [M]: 0x0000000080002974 (0x00000417) auipc x8, 0x0                           spcl_Mhandler+0
x8 <- 0x0000000080002974

clint mtime 0x00000000000002D4 (mip.MTI <- 0b1, mip.STI <- 0b0)
mem[X,0x0000000080002978] -> 0x0413
mem[X,0x000000008000297A] -> 0x03C4
[1448] [M]: 0x0000000080002978 (0x03C40413) addi x8, x8, 0x3c                       spcl_Mhandler+4
x8 <- 0x00000000800029B0

mem[X,0x000000008000297C] -> 0x0433
mem[X,0x000000008000297E] -> 0x0074
[1449] [M]: 0x000000008000297C (0x00740433) add x8, x8, x7                          spcl_Mhandler+8
x8 <- 0x0000000080002BB0

clint mtime 0x00000000000002D5 (mip.MTI <- 0b1, mip.STI <- 0b0)
mem[X,0x0000000080002980] -> 0x1393
mem[X,0x0000000080002982] -> 0x0035
[1450] [M]: 0x0000000080002980 (0x00351393) slli x7, x10, 0x3                       spcl_Mhandler+12
x7 <- 0x0000000000000068

mem[X,0x0000000080002984] -> 0x0433
mem[X,0x0000000080002986] -> 0x0074
[1451] [M]: 0x0000000080002984 (0x00740433) add x8, x8, x7                          spcl_Mhandler+16
x8 <- 0x0000000080002C18

clint mtime 0x00000000000002D6 (mip.MTI <- 0b1, mip.STI <- 0b0)
mem[X,0x0000000080002988] -> 0x7413
mem[X,0x000000008000298A] -> 0xFF84
[1452] [M]: 0x0000000080002988 (0xFF847413) andi x8, x8, -0x8                       spcl_Mhandler+20
x8 <- 0x0000000080002C18

mem[X,0x000000008000298C] -> 0x3403
mem[X,0x000000008000298E] -> 0x0004
[1453] [M]: 0x000000008000298C (0x00043403) ld x8, 0x0(x8)                          spcl_Mhandler+24
mem[R,0x0000000080002C18] -> 0x000000000000001B
x8 <- 0x000000000000001B

clint mtime 0x00000000000002D7 (mip.MTI <- 0b1, mip.STI <- 0b0)
mem[X,0x0000000080002990] -> 0x02E3
mem[X,0x0000000080002992] -> 0xB204
[1454] [M]: 0x0000000080002990 (0xB20402E3) beq x8, x0, -0x4dc                      spcl_Mdispatch_hndling+0

mem[X,0x0000000080002994] -> 0x1393
mem[X,0x0000000080002996] -> 0x03F4
[1455] [M]: 0x0000000080002994 (0x03F41393) slli x7, x8, 0x3f                       spcl_Mdispatch_hndling+4
x7 <- 0x8000000000000000

clint mtime 0x00000000000002D8 (mip.MTI <- 0b1, mip.STI <- 0b0)
mem[X,0x0000000080002998] -> 0xD863
mem[X,0x000000008000299A] -> 0x0003
[1456] [M]: 0x0000000080002998 (0x0003D863) bge x7, x0, 0x10                        spcl_Mdispatch_hndling+8

mem[X,0x000000008000299C] -> 0x5413
mem[X,0x000000008000299E] -> 0x0014
[1457] [M]: 0x000000008000299C (0x00145413) srli x8, x8, 0x1                        spcl_Mdispatch_hndling+12
x8 <- 0x000000000000000D

clint mtime 0x00000000000002D9 (mip.MTI <- 0b1, mip.STI <- 0b0)
mem[X,0x00000000800029A0] -> 0x0CE3
mem[X,0x00000000800029A2] -> 0xF885
[1458] [M]: 0x00000000800029A0 (0xF8850CE3) beq x10, x8, -0x68                      spcl_Mdispatch_hndling+16

mem[X,0x0000000080002938] -> 0x3303
mem[X,0x000000008000293A] -> 0x2601
[1459] [M]: 0x0000000080002938 (0x26013303) ld x6, 0x260(x2)                        resto_Mrtn+0
mem[R,0x0000000080005260] -> 0xFFFFFFFF7FFFF2CC
x6 <- 0xFFFFFFFF7FFFF2CC

clint mtime 0x00000000000002DA (mip.MTI <- 0b1, mip.STI <- 0b0)
mem[X,0x000000008000293C] -> 0x3383
mem[X,0x000000008000293E] -> 0x2681
[1460] [M]: 0x000000008000293C (0x26813383) ld x7, 0x268(x2)                        resto_Mrtn+4
mem[R,0x0000000080005268] -> 0x0000000080005000
x7 <- 0x0000000080005000

mem[X,0x0000000080002940] -> 0x3403
mem[X,0x0000000080002942] -> 0x2701
[1461] [M]: 0x0000000080002940 (0x27013403) ld x8, 0x270(x2)                        resto_Mrtn+8
mem[R,0x0000000080005270] -> 0x0000000000007F76
x8 <- 0x0000000000007F76

clint mtime 0x00000000000002DB (mip.MTI <- 0b1, mip.STI <- 0b0)
mem[X,0x0000000080002944] -> 0x3483
mem[X,0x0000000080002946] -> 0x2781
[1462] [M]: 0x0000000080002944 (0x27813483) ld x9, 0x278(x2)                        resto_Mrtn+12
mem[R,0x0000000080005278] -> 0x00000300000000C8
x9 <- 0x00000300000000C8

mem[X,0x0000000080002948] -> 0x3503
mem[X,0x000000008000294A] -> 0x2801
[1463] [M]: 0x0000000080002948 (0x28013503) ld x10, 0x280(x2)                       resto_Mrtn+16
mem[R,0x0000000080005280] -> 0x00000000000000C9
x10 <- 0x00000000000000C9

clint mtime 0x00000000000002DC (mip.MTI <- 0b1, mip.STI <- 0b0)
mem[X,0x000000008000294C] -> 0x3583
mem[X,0x000000008000294E] -> 0x2881
[1464] [M]: 0x000000008000294C (0x28813583) ld x11, 0x288(x2)                       resto_Mrtn+20
mem[R,0x0000000080005288] -> 0x00000000000000C9
x11 <- 0x00000000000000C9

mem[X,0x0000000080002950] -> 0x3103
mem[X,0x0000000080002952] -> 0x2901
[1465] [M]: 0x0000000080002950 (0x29013103) ld x2, 0x290(x2)                        resto_Mrtn+24
mem[R,0x0000000080005290] -> 0x0000000000000000
x2 <- 0x0000000000000000

clint mtime 0x00000000000002DD (mip.MTI <- 0b1, mip.STI <- 0b0)
mem[X,0x0000000080002954] -> 0x0073
mem[X,0x0000000080002956] -> 0x3020
[1466] [M]: 0x0000000080002954 (0x30200073) mret                                    resto_Mrtn+28
CSR mstatus (0x300) <- 0x0000000A00040080
ret-ing from M to S

mem[X,0x0000000080000E3C] -> 0x51B7
mem[X,0x0000000080000E3E] -> 0x0000
[1467] [S]: 0x0000030080000E3C (0x000051B7) lui x3, 0x5                             va_rvtest_code_begin+1664
x3 <- 0x0000000000005000

clint mtime 0x00000000000002DE (mip.MTI <- 0b1, mip.STI <- 0b0)
mem[X,0x0000000080000E40] -> 0x8193
mem[X,0x0000000080000E42] -> 0x6671
[1468] [S]: 0x0000030080000E40 (0x66718193) addi x3, x3, 0x667                      va_rvtest_code_begin+1668
x3 <- 0x0000000000005667

mem[X,0x0000000080000E44] -> 0x9193
mem[X,0x0000000080000E46] -> 0x0011
[1469] [S]: 0x0000030080000E44 (0x00119193) slli x3, x3, 0x1                        va_rvtest_code_begin+1672
x3 <- 0x000000000000ACCE

clint mtime 0x00000000000002DF (mip.MTI <- 0b1, mip.STI <- 0b0)
mem[X,0x0000000080000E48] -> 0x0013
mem[X,0x0000000080000E4A] -> 0x0000
[1470] [S]: 0x0000030080000E48 (0x00000013) addi x0, x0, 0x0                        va_rvtest_code_begin+1676

mem[X,0x0000000080000E4C] -> 0x0013
mem[X,0x0000000080000E4E] -> 0x0000
[1471] [S]: 0x0000030080000E4C (0x00000013) addi x0, x0, 0x0                        va_rvtest_code_begin+1680

clint mtime 0x00000000000002E0 (mip.MTI <- 0b1, mip.STI <- 0b0)
mem[X,0x0000000080000E50] -> 0x0013
mem[X,0x0000000080000E52] -> 0x0000
[1472] [S]: 0x0000030080000E50 (0x00000013) addi x0, x0, 0x0                        va_rvtest_code_begin+1684

mem[X,0x0000000080000E54] -> 0x0013
mem[X,0x0000000080000E56] -> 0x0000
[1473] [S]: 0x0000030080000E54 (0x00000013) addi x0, x0, 0x0                        va_rvtest_code_begin+1688

clint mtime 0x00000000000002E1 (mip.MTI <- 0b1, mip.STI <- 0b0)
mem[X,0x0000000080000E58] -> 0x0013
mem[X,0x0000000080000E5A] -> 0x0000
[1474] [S]: 0x0000030080000E58 (0x00000013) addi x0, x0, 0x0                        va_rvtest_code_begin+1692

mem[X,0x0000000080000E5C] -> 0x0013
mem[X,0x0000000080000E5E] -> 0x0000
[1475] [S]: 0x0000030080000E5C (0x00000013) addi x0, x0, 0x0                        va_rvtest_code_begin+1696

clint mtime 0x00000000000002E2 (mip.MTI <- 0b1, mip.STI <- 0b0)
mem[X,0x0000000080000E60] -> 0x0217
mem[X,0x0000000080000E62] -> 0x0000
[1476] [S]: 0x0000030080000E60 (0x00000217) auipc x4, 0x0                           va_rvtest_code_begin+1700
x4 <- 0x0000030080000E60

mem[X,0x0000000080000E64] -> 0x0213
mem[X,0x0000000080000E66] -> 0x02C2
[1477] [S]: 0x0000030080000E64 (0x02C20213) addi x4, x4, 0x2c                       va_rvtest_code_begin+1704
x4 <- 0x0000030080000E8C

clint mtime 0x00000000000002E3 (mip.MTI <- 0b1, mip.STI <- 0b0)
mem[X,0x0000000080000E68] -> 0x0001
[1478] [S]: 0x0000030080000E68 (0x0001) c.nop                                       va_rvtest_code_begin+1708

mem[X,0x0000000080000E6A] -> 0x0013
mem[X,0x0000000080000E6C] -> 0x0000
[1479] [S]: 0x0000030080000E6A (0x00000013) addi x0, x0, 0x0                        va_rvtest_code_begin+1710

clint mtime 0x00000000000002E4 (mip.MTI <- 0b1, mip.STI <- 0b0)
mem[X,0x0000000080000E6E] -> 0x0013
mem[X,0x0000000080000E70] -> 0x0000
[1480] [S]: 0x0000030080000E6E (0x00000013) addi x0, x0, 0x0                        va_rvtest_code_begin+1714

mem[X,0x0000000080000E72] -> 0x0013
mem[X,0x0000000080000E74] -> 0x0000
[1481] [S]: 0x0000030080000E72 (0x00000013) addi x0, x0, 0x0                        va_rvtest_code_begin+1718

clint mtime 0x00000000000002E5 (mip.MTI <- 0b1, mip.STI <- 0b0)
mem[X,0x0000000080000E76] -> 0x0013
mem[X,0x0000000080000E78] -> 0x0000
[1482] [S]: 0x0000030080000E76 (0x00000013) addi x0, x0, 0x0                        va_rvtest_code_begin+1722

mem[X,0x0000000080000E7A] -> 0x0013
mem[X,0x0000000080000E7C] -> 0x0000
[1483] [S]: 0x0000030080000E7A (0x00000013) addi x0, x0, 0x0                        va_rvtest_code_begin+1726

clint mtime 0x00000000000002E6 (mip.MTI <- 0b1, mip.STI <- 0b0)
mem[X,0x0000000080000E7E] -> 0x0001
[1484] [S]: 0x0000030080000E7E (0x0001) c.nop                                       va_rvtest_code_begin+1730

mem[X,0x0000000080000E80] -> 0x80E7
mem[X,0x0000000080000E82] -> 0x0007
[1485] [S]: 0x0000030080000E80 (0x000780E7) jalr x1, 0x0(x15)                       va_rvtest_code_begin+1732
x1 <- 0x0000030080000E84

clint mtime 0x00000000000002E7 (mip.MTI <- 0b1, mip.STI <- 0b0)
PTW: Start, vpn=0x28080000, access_type=X, privilege=Smem[R,0x0000000080009028] -> 0x00000000000000C9
PTW: Step, level=3, pte=0xC9, pte_addr=0x80009028
PTW: Success, final_ppn=0x80000, level=3mem[X,0x0000000080000400] -> 0x0013
mem[X,0x0000000080000402] -> 0x0000
[1486] [S]: 0x0000028080000400 (0x00000013) addi x0, x0, 0x0                        va_data_l3+0

mem[X,0x0000000080000404] -> 0x8093
mem[X,0x0000000080000406] -> 0x0080
[1487] [S]: 0x0000028080000404 (0x00808093) addi x1, x1, 0x8                        va_data_l3+4
x1 <- 0x0000030080000E8C

clint mtime 0x00000000000002E8 (mip.MTI <- 0b1, mip.STI <- 0b0)
mem[X,0x0000000080000408] -> 0x8067
mem[X,0x000000008000040A] -> 0x0000
[1488] [S]: 0x0000028080000408 (0x00008067) jalr x0, 0x0(x1)                        va_data_l3+8

PTW: Start, vpn=0x30080000, access_type=X, privilege=Smem[R,0x0000000080009030] -> 0x00000000000000CB
PTW: Step, level=3, pte=0xCB, pte_addr=0x80009030
PTW: Success, final_ppn=0x80000, level=3mem[X,0x0000000080000E8C] -> 0x0013
mem[X,0x0000000080000E8E] -> 0x0000
[1489] [S]: 0x0000030080000E8C (0x00000013) addi x0, x0, 0x0                        va_rvtest_code_begin+1744

clint mtime 0x00000000000002E9 (mip.MTI <- 0b1, mip.STI <- 0b0)
mem[X,0x0000000080000E90] -> 0x0013
mem[X,0x0000000080000E92] -> 0x0000
[1490] [S]: 0x0000030080000E90 (0x00000013) addi x0, x0, 0x0                        va_rvtest_code_begin+1748

mem[X,0x0000000080000E94] -> 0x0013
mem[X,0x0000000080000E96] -> 0x0000
[1491] [S]: 0x0000030080000E94 (0x00000013) addi x0, x0, 0x0                        va_rvtest_code_begin+1752

clint mtime 0x00000000000002EA (mip.MTI <- 0b1, mip.STI <- 0b0)
mem[X,0x0000000080000E98] -> 0x0113
mem[X,0x0000000080000E9A] -> 0x0000
[1492] [S]: 0x0000030080000E98 (0x00000113) addi x2, x0, 0x0                        va_rvtest_code_begin+1756
x2 <- 0x0000000000000000

mem[X,0x0000000080000E9C] -> 0x0073
mem[X,0x0000000080000E9E] -> 0x0000
[1493] [S]: 0x0000030080000E9C (0x00000073) ecall                                   va_rvtest_code_begin+1760
trapping from S to M to handle s-call
handling exc#s-call at priv M with tval 0x0000000000000000
CSR mstatus (0x300) <- 0x0000000A00040800
CSR mcause (0x342) <- 0x0000000000000009
CSR mtval (0x343) <- 0x0000000000000000
CSR mepc (0x341) <- 0x0000030080000E9C

clint mtime 0x00000000000002EB (mip.MTI <- 0b1, mip.STI <- 0b0)
mem[X,0x0000000080002500] -> 0x006F
mem[X,0x0000000080002502] -> 0x1000
[1494] [M]: 0x0000000080002500 (0x1000006F) jal x0, 0x100                           Mtrampoline+0

mem[X,0x0000000080002600] -> 0x1173
mem[X,0x0000000080002602] -> 0x3401
[1495] [M]: 0x0000000080002600 (0x34011173) csrrw x2, mscratch, x2                  trap_Mhandler+0
CSR mscratch (0x340) <- 0x0000000000000000
x2 <- 0x0000000080005000

clint mtime 0x00000000000002EC (mip.MTI <- 0b1, mip.STI <- 0b0)
mem[X,0x0000000080002604] -> 0x3423
mem[X,0x0000000080002606] -> 0x28B1
[1496] [M]: 0x0000000080002604 (0x28B13423) sd x11, 0x288(x2)                       trap_Mhandler+4
mem[W,0x0000000080005288] <- 0x00000000000000C9

mem[X,0x0000000080002608] -> 0x05EF
mem[X,0x000000008000260A] -> 0x0B80
[1497] [M]: 0x0000000080002608 (0x0B8005EF) jal x11, 0xb8                           trap_Mhandler+8
x11 <- 0x000000008000260C

clint mtime 0x00000000000002ED (mip.MTI <- 0b1, mip.STI <- 0b0)
mem[X,0x00000000800026C0] -> 0x3023
mem[X,0x00000000800026C2] -> 0x28A1
[1498] [M]: 0x00000000800026C0 (0x28A13023) sd x10, 0x280(x2)                       common_Mhandler+0
mem[W,0x0000000080005280] <- 0x00000000000000C9

mem[X,0x00000000800026C4] -> 0x1573
mem[X,0x00000000800026C6] -> 0x3401
[1499] [M]: 0x00000000800026C4 (0x34011573) csrrw x10, mscratch, x2                 common_Mhandler+4
CSR mscratch (0x340) <- 0x0000000080005000
x10 <- 0x0000000000000000

clint mtime 0x00000000000002EE (mip.MTI <- 0b1, mip.STI <- 0b0)
mem[X,0x00000000800026C8] -> 0x3823
mem[X,0x00000000800026CA] -> 0x28A1
[1500] [M]: 0x00000000800026C8 (0x28A13823) sd x10, 0x290(x2)                       common_Mhandler+8
mem[W,0x0000000080005290] <- 0x0000000000000000

mem[X,0x00000000800026CC] -> 0x3503
mem[X,0x00000000800026CE] -> 0x2301
[1501] [M]: 0x00000000800026CC (0x23013503) ld x10, 0x230(x2)                       common_Mhandler+12
mem[R,0x0000000080005230] -> 0x00000000800026D4
x10 <- 0x00000000800026D4

clint mtime 0x00000000000002EF (mip.MTI <- 0b1, mip.STI <- 0b0)
mem[X,0x00000000800026D0] -> 0x0067
mem[X,0x00000000800026D2] -> 0x0005
[1502] [M]: 0x00000000800026D0 (0x00050067) jalr x0, 0x0(x10)                       common_Mhandler+16

mem[X,0x00000000800026D4] -> 0x3C23
mem[X,0x00000000800026D6] -> 0x2691
[1503] [M]: 0x00000000800026D4 (0x26913C23) sd x9, 0x278(x2)                        common_Mentry+0
mem[W,0x0000000080005278] <- 0x00000300000000C8

clint mtime 0x00000000000002F0 (mip.MTI <- 0b1, mip.STI <- 0b0)
mem[X,0x00000000800026D8] -> 0x3823
mem[X,0x00000000800026DA] -> 0x2681
[1504] [M]: 0x00000000800026D8 (0x26813823) sd x8, 0x270(x2)                        common_Mentry+4
mem[W,0x0000000080005270] <- 0x0000000000007F76

mem[X,0x00000000800026DC] -> 0x3423
mem[X,0x00000000800026DE] -> 0x2671
[1505] [M]: 0x00000000800026DC (0x26713423) sd x7, 0x268(x2)                        common_Mentry+8
mem[W,0x0000000080005268] <- 0x0000000080005000

clint mtime 0x00000000000002F1 (mip.MTI <- 0b1, mip.STI <- 0b0)
mem[X,0x00000000800026E0] -> 0x3023
mem[X,0x00000000800026E2] -> 0x2661
[1506] [M]: 0x00000000800026E0 (0x26613023) sd x6, 0x260(x2)                        common_Mentry+12
mem[W,0x0000000080005260] <- 0xFFFFFFFF7FFFF2CC

mem[X,0x00000000800026E4] -> 0x2573
mem[X,0x00000000800026E6] -> 0x3420
[1507] [M]: 0x00000000800026E4 (0x34202573) csrrs x10, mcause, x0                   spcl_M2mmode_test+0
CSR mcause (0x342) -> 0x0000000000000009
x10 <- 0x0000000000000009

clint mtime 0x00000000000002F2 (mip.MTI <- 0b1, mip.STI <- 0b0)
mem[X,0x00000000800026E8] -> 0x04B7
mem[X,0x00000000800026EA] -> 0x8000
[1508] [M]: 0x00000000800026E8 (0x800004B7) lui x9, -0x80000                        spcl_M2mmode_test+4
x9 <- 0xFFFFFFFF80000000

mem[X,0x00000000800026EC] -> 0x8493
mem[X,0x00000000800026EE] -> 0x0004
[1509] [M]: 0x00000000800026EC (0x00048493) addi x9, x9, 0x0                        spcl_M2mmode_test+8
x9 <- 0xFFFFFFFF80000000

clint mtime 0x00000000000002F3 (mip.MTI <- 0b1, mip.STI <- 0b0)
mem[X,0x00000000800026F0] -> 0x9493
mem[X,0x00000000800026F2] -> 0x00B4
[1510] [M]: 0x00000000800026F0 (0x00B49493) slli x9, x9, 0xb                        spcl_M2mmode_test+12
x9 <- 0xFFFFFC0000000000

mem[X,0x00000000800026F4] -> 0x8493
mem[X,0x00000000800026F6] -> 0x0004
[1511] [M]: 0x00000000800026F4 (0x00048493) addi x9, x9, 0x0                        spcl_M2mmode_test+16
x9 <- 0xFFFFFC0000000000

clint mtime 0x00000000000002F4 (mip.MTI <- 0b1, mip.STI <- 0b0)
mem[X,0x00000000800026F8] -> 0x9493
mem[X,0x00000000800026FA] -> 0x00B4
[1512] [M]: 0x00000000800026F8 (0x00B49493) slli x9, x9, 0xb                        spcl_M2mmode_test+20
x9 <- 0xFFE0000000000000

mem[X,0x00000000800026FC] -> 0x8493
mem[X,0x00000000800026FE] -> 0x0034
[1513] [M]: 0x00000000800026FC (0x00348493) addi x9, x9, 0x3                        spcl_M2mmode_test+24
x9 <- 0xFFE0000000000003

clint mtime 0x00000000000002F5 (mip.MTI <- 0b1, mip.STI <- 0b0)
mem[X,0x0000000080002700] -> 0x9493
mem[X,0x0000000080002702] -> 0x00A4
[1514] [M]: 0x0000000080002700 (0x00A49493) slli x9, x9, 0xa                        spcl_M2mmode_test+28
x9 <- 0x8000000000000C00

mem[X,0x0000000080002704] -> 0x8493
mem[X,0x0000000080002706] -> 0x3FC4
[1515] [M]: 0x0000000080002704 (0x3FC48493) addi x9, x9, 0x3fc                      spcl_M2mmode_test+32
x9 <- 0x8000000000000FFC

clint mtime 0x00000000000002F6 (mip.MTI <- 0b1, mip.STI <- 0b0)
mem[X,0x0000000080002708] -> 0xF4B3
mem[X,0x000000008000270A] -> 0x00A4
[1516] [M]: 0x0000000080002708 (0x00A4F4B3) and x9, x9, x10                         spcl_M2mmode_test+36
x9 <- 0x0000000000000008

mem[X,0x000000008000270C] -> 0x8493
mem[X,0x000000008000270E] -> 0xFF84
[1517] [M]: 0x000000008000270C (0xFF848493) addi x9, x9, -0x8                       spcl_M2mmode_test+40
x9 <- 0x0000000000000000

clint mtime 0x00000000000002F7 (mip.MTI <- 0b1, mip.STI <- 0b0)
mem[X,0x0000000080002710] -> 0x9663
mem[X,0x0000000080002712] -> 0x0004
[1518] [M]: 0x0000000080002710 (0x00049663) bne x9, x0, 0xc                         spcl_M2mmode_test+44

mem[X,0x0000000080002714] -> 0x3383
mem[X,0x0000000080002716] -> 0x2901
[1519] [M]: 0x0000000080002714 (0x29013383) ld x7, 0x290(x2)                        spcl_M2mmode_test+48
mem[R,0x0000000080005290] -> 0x0000000000000000
x7 <- 0x0000000000000000

clint mtime 0x00000000000002F8 (mip.MTI <- 0b1, mip.STI <- 0b0)
mem[X,0x0000000080002718] -> 0x8663
mem[X,0x000000008000271A] -> 0x6E03
[1520] [M]: 0x0000000080002718 (0x6E038663) beq x7, x0, 0x6ec                       spcl_M2mmode_test+52

mem[X,0x0000000080002E04] -> 0x0493
mem[X,0x0000000080002E06] -> 0xFF55
[1521] [M]: 0x0000000080002E04 (0xFF550493) addi x9, x10, -0xb                      rtn2mmode+0
x9 <- 0xFFFFFFFFFFFFFFFE

clint mtime 0x00000000000002F9 (mip.MTI <- 0b1, mip.STI <- 0b0)
mem[X,0x0000000080002E08] -> 0x8C63
mem[X,0x0000000080002E0A] -> 0x0004
[1522] [M]: 0x0000000080002E08 (0x00048C63) beq x9, x0, 0x18                        rtn2mmode+4

mem[X,0x0000000080002E0C] -> 0x3583
mem[X,0x0000000080002E0E] -> 0x4701
[1523] [M]: 0x0000000080002E0C (0x47013583) ld x11, 0x470(x2)                       rtn2mmode+8
mem[R,0x0000000080005470] -> 0x00000300800007BC
x11 <- 0x00000300800007BC

clint mtime 0x00000000000002FA (mip.MTI <- 0b1, mip.STI <- 0b0)
mem[X,0x0000000080002E10] -> 0xD463
mem[X,0x0000000080002E12] -> 0x0003
[1524] [M]: 0x0000000080002E10 (0x0003D463) bge x7, x0, 0x8                         rtn2mmode+12

mem[X,0x0000000080002E18] -> 0x3483
mem[X,0x0000000080002E1A] -> 0x1D81
[1525] [M]: 0x0000000080002E18 (0x1D813483) ld x9, 0x1d8(x2)                        from_u_s+0
mem[R,0x00000000800051D8] -> 0x00000000800007D4
x9 <- 0x00000000800007D4

clint mtime 0x00000000000002FB (mip.MTI <- 0b1, mip.STI <- 0b0)
mem[X,0x0000000080002E1C] -> 0x84B3
mem[X,0x0000000080002E1E] -> 0x40B4
[1526] [M]: 0x0000000080002E1C (0x40B484B3) sub x9, x9, x11                         from_u_s+4
x9 <- 0xFFFFFD0000000018

mem[X,0x0000000080002E20] -> 0x23F3
mem[X,0x0000000080002E22] -> 0x3410
[1527] [M]: 0x0000000080002E20 (0x341023F3) csrrs x7, mepc, x0                      rtn_fm_mmode+0
CSR mepc (0x341) -> 0x0000030080000E9C
x7 <- 0x0000030080000E9C

clint mtime 0x00000000000002FC (mip.MTI <- 0b1, mip.STI <- 0b0)
mem[X,0x0000000080002E24] -> 0x83B3
mem[X,0x0000000080002E26] -> 0x0093
[1528] [M]: 0x0000000080002E24 (0x009383B3) add x7, x7, x9                          rtn_fm_mmode+4
x7 <- 0x0000000080000EB4

mem[X,0x0000000080002E28] -> 0x3303
mem[X,0x0000000080002E2A] -> 0x2601
[1529] [M]: 0x0000000080002E28 (0x26013303) ld x6, 0x260(x2)                        rtn_fm_mmode+8
mem[R,0x0000000080005260] -> 0xFFFFFFFF7FFFF2CC
x6 <- 0xFFFFFFFF7FFFF2CC

clint mtime 0x00000000000002FD (mip.MTI <- 0b1, mip.STI <- 0b0)
mem[X,0x0000000080002E2C] -> 0x3403
mem[X,0x0000000080002E2E] -> 0x2701
[1530] [M]: 0x0000000080002E2C (0x27013403) ld x8, 0x270(x2)                        rtn_fm_mmode+12
mem[R,0x0000000080005270] -> 0x0000000000007F76
x8 <- 0x0000000000007F76

mem[X,0x0000000080002E30] -> 0x3483
mem[X,0x0000000080002E32] -> 0x2781
[1531] [M]: 0x0000000080002E30 (0x27813483) ld x9, 0x278(x2)                        rtn_fm_mmode+16
mem[R,0x0000000080005278] -> 0x00000300000000C8
x9 <- 0x00000300000000C8

clint mtime 0x00000000000002FE (mip.MTI <- 0b1, mip.STI <- 0b0)
mem[X,0x0000000080002E34] -> 0x3503
mem[X,0x0000000080002E36] -> 0x2801
[1532] [M]: 0x0000000080002E34 (0x28013503) ld x10, 0x280(x2)                       rtn_fm_mmode+20
mem[R,0x0000000080005280] -> 0x00000000000000C9
x10 <- 0x00000000000000C9

mem[X,0x0000000080002E38] -> 0x3583
mem[X,0x0000000080002E3A] -> 0x2881
[1533] [M]: 0x0000000080002E38 (0x28813583) ld x11, 0x288(x2)                       rtn_fm_mmode+24
mem[R,0x0000000080005288] -> 0x00000000000000C9
x11 <- 0x00000000000000C9

clint mtime 0x00000000000002FF (mip.MTI <- 0b1, mip.STI <- 0b0)
mem[X,0x0000000080002E3C] -> 0x3103
mem[X,0x0000000080002E3E] -> 0x2901
[1534] [M]: 0x0000000080002E3C (0x29013103) ld x2, 0x290(x2)                        rtn_fm_mmode+28
mem[R,0x0000000080005290] -> 0x0000000000000000
x2 <- 0x0000000000000000

mem[X,0x0000000080002E40] -> 0x8067
mem[X,0x0000000080002E42] -> 0x0043
[1535] [M]: 0x0000000080002E40 (0x00438067) jalr x0, 0x4(x7)                        rtn_fm_mmode+32

clint mtime 0x0000000000000300 (mip.MTI <- 0b1, mip.STI <- 0b0)
mem[X,0x0000000080000EB8] -> 0x0013
mem[X,0x0000000080000EBA] -> 0x0000
[1536] [M]: 0x0000000080000EB8 (0x00000013) addi x0, x0, 0x0                        main+1720

mem[X,0x0000000080000EBC] -> 0x0013
mem[X,0x0000000080000EBE] -> 0x0000
[1537] [M]: 0x0000000080000EBC (0x00000013) addi x0, x0, 0x0                        main+1724

clint mtime 0x0000000000000301 (mip.MTI <- 0b1, mip.STI <- 0b0)
mem[X,0x0000000080000EC0] -> 0x7517
mem[X,0x0000000080000EC2] -> 0x0000
[1538] [M]: 0x0000000080000EC0 (0x00007517) auipc x10, 0x7                          main+1728
x10 <- 0x0000000080007EC0

mem[X,0x0000000080000EC4] -> 0x0513
mem[X,0x0000000080000EC6] -> 0x1405
[1539] [M]: 0x0000000080000EC4 (0x14050513) addi x10, x10, 0x140                    main+1732
x10 <- 0x0000000080008000

clint mtime 0x0000000000000302 (mip.MTI <- 0b1, mip.STI <- 0b0)
mem[X,0x0000000080000EC8] -> 0x0001
[1540] [M]: 0x0000000080000EC8 (0x0001) c.nop                                       main+1736

mem[X,0x0000000080000ECA] -> 0x0013
mem[X,0x0000000080000ECC] -> 0x0000
[1541] [M]: 0x0000000080000ECA (0x00000013) addi x0, x0, 0x0                        main+1738

clint mtime 0x0000000000000303 (mip.MTI <- 0b1, mip.STI <- 0b0)
mem[X,0x0000000080000ECE] -> 0x0013
mem[X,0x0000000080000ED0] -> 0x0000
[1542] [M]: 0x0000000080000ECE (0x00000013) addi x0, x0, 0x0                        main+1742

mem[X,0x0000000080000ED2] -> 0x0013
mem[X,0x0000000080000ED4] -> 0x0000
[1543] [M]: 0x0000000080000ED2 (0x00000013) addi x0, x0, 0x0                        main+1746

clint mtime 0x0000000000000304 (mip.MTI <- 0b1, mip.STI <- 0b0)
mem[X,0x0000000080000ED6] -> 0x0013
mem[X,0x0000000080000ED8] -> 0x0000
[1544] [M]: 0x0000000080000ED6 (0x00000013) addi x0, x0, 0x0                        main+1750

mem[X,0x0000000080000EDA] -> 0x0013
mem[X,0x0000000080000EDC] -> 0x0000
[1545] [M]: 0x0000000080000EDA (0x00000013) addi x0, x0, 0x0                        main+1754

clint mtime 0x0000000000000305 (mip.MTI <- 0b1, mip.STI <- 0b0)
mem[X,0x0000000080000EDE] -> 0x0001
[1546] [M]: 0x0000000080000EDE (0x0001) c.nop                                       main+1758

mem[X,0x0000000080000EE0] -> 0x0593
mem[X,0x0000000080000EE2] -> 0x0010
[1547] [M]: 0x0000000080000EE0 (0x00100593) addi x11, x0, 0x1                       main+1760
x11 <- 0x0000000000000001

clint mtime 0x0000000000000306 (mip.MTI <- 0b1, mip.STI <- 0b0)
mem[X,0x0000000080000EE4] -> 0x5513
mem[X,0x0000000080000EE6] -> 0x00C5
[1548] [M]: 0x0000000080000EE4 (0x00C55513) srli x10, x10, 0xc                      main+1764
x10 <- 0x0000000000080008

mem[X,0x0000000080000EE8] -> 0x1513
mem[X,0x0000000080000EEA] -> 0x00A5
[1549] [M]: 0x0000000080000EE8 (0x00A51513) slli x10, x10, 0xa                      main+1768
x10 <- 0x0000000020002000

clint mtime 0x0000000000000307 (mip.MTI <- 0b1, mip.STI <- 0b0)
mem[X,0x0000000080000EEC] -> 0x6533
mem[X,0x0000000080000EEE] -> 0x00B5
[1550] [M]: 0x0000000080000EEC (0x00B56533) or x10, x10, x11                        main+1772
x10 <- 0x0000000020002001

mem[X,0x0000000080000EF0] -> 0x0013
mem[X,0x0000000080000EF2] -> 0x0000
[1551] [M]: 0x0000000080000EF0 (0x00000013) addi x0, x0, 0x0                        main+1776

clint mtime 0x0000000000000308 (mip.MTI <- 0b1, mip.STI <- 0b0)
mem[X,0x0000000080000EF4] -> 0x0013
mem[X,0x0000000080000EF6] -> 0x0000
[1552] [M]: 0x0000000080000EF4 (0x00000013) addi x0, x0, 0x0                        main+1780

mem[X,0x0000000080000EF8] -> 0x0013
mem[X,0x0000000080000EFA] -> 0x0000
[1553] [M]: 0x0000000080000EF8 (0x00000013) addi x0, x0, 0x0                        main+1784

clint mtime 0x0000000000000309 (mip.MTI <- 0b1, mip.STI <- 0b0)
mem[X,0x0000000080000EFC] -> 0x0013
mem[X,0x0000000080000EFE] -> 0x0000
[1554] [M]: 0x0000000080000EFC (0x00000013) addi x0, x0, 0x0                        main+1788

mem[X,0x0000000080000F00] -> 0x8317
mem[X,0x0000000080000F02] -> 0x0000
[1555] [M]: 0x0000000080000F00 (0x00008317) auipc x6, 0x8                           main+1792
x6 <- 0x0000000080008F00

clint mtime 0x000000000000030A (mip.MTI <- 0b1, mip.STI <- 0b0)
mem[X,0x0000000080000F04] -> 0x0313
mem[X,0x0000000080000F06] -> 0x1003
[1556] [M]: 0x0000000080000F04 (0x10030313) addi x6, x6, 0x100                      main+1796
x6 <- 0x0000000080009000

mem[X,0x0000000080000F08] -> 0x0001
[1557] [M]: 0x0000000080000F08 (0x0001) c.nop                                       main+1800

clint mtime 0x000000000000030B (mip.MTI <- 0b1, mip.STI <- 0b0)
mem[X,0x0000000080000F0A] -> 0x0013
mem[X,0x0000000080000F0C] -> 0x0000
[1558] [M]: 0x0000000080000F0A (0x00000013) addi x0, x0, 0x0                        main+1802

mem[X,0x0000000080000F0E] -> 0x0013
mem[X,0x0000000080000F10] -> 0x0000
[1559] [M]: 0x0000000080000F0E (0x00000013) addi x0, x0, 0x0                        main+1806

clint mtime 0x000000000000030C (mip.MTI <- 0b1, mip.STI <- 0b0)
mem[X,0x0000000080000F12] -> 0x0013
mem[X,0x0000000080000F14] -> 0x0000
[1560] [M]: 0x0000000080000F12 (0x00000013) addi x0, x0, 0x0                        main+1810

mem[X,0x0000000080000F16] -> 0x0013
mem[X,0x0000000080000F18] -> 0x0000
[1561] [M]: 0x0000000080000F16 (0x00000013) addi x0, x0, 0x0                        main+1814

clint mtime 0x000000000000030D (mip.MTI <- 0b1, mip.STI <- 0b0)
mem[X,0x0000000080000F1A] -> 0x0013
mem[X,0x0000000080000F1C] -> 0x0000
[1562] [M]: 0x0000000080000F1A (0x00000013) addi x0, x0, 0x0                        main+1818

mem[X,0x0000000080000F1E] -> 0x0001
[1563] [M]: 0x0000000080000F1E (0x0001) c.nop                                       main+1822

clint mtime 0x000000000000030E (mip.MTI <- 0b1, mip.STI <- 0b0)
mem[X,0x0000000080000F20] -> 0x0293
mem[X,0x0000000080000F22] -> 0x0280
[1564] [M]: 0x0000000080000F20 (0x02800293) addi x5, x0, 0x28                       main+1824
x5 <- 0x0000000000000028

mem[X,0x0000000080000F24] -> 0x0333
mem[X,0x0000000080000F26] -> 0x0053
[1565] [M]: 0x0000000080000F24 (0x00530333) add x6, x6, x5                          main+1828
x6 <- 0x0000000080009028

clint mtime 0x000000000000030F (mip.MTI <- 0b1, mip.STI <- 0b0)
mem[X,0x0000000080000F28] -> 0x3023
mem[X,0x0000000080000F2A] -> 0x00A3
[1566] [M]: 0x0000000080000F28 (0x00A33023) sd x10, 0x0(x6)                         main+1832
mem[W,0x0000000080009028] <- 0x0000000020002001

mem[X,0x0000000080000F2C] -> 0x0013
mem[X,0x0000000080000F2E] -> 0x0000
[1567] [M]: 0x0000000080000F2C (0x00000013) addi x0, x0, 0x0                        main+1836

clint mtime 0x0000000000000310 (mip.MTI <- 0b1, mip.STI <- 0b0)
mem[X,0x0000000080000F30] -> 0x0013
mem[X,0x0000000080000F32] -> 0x0000
[1568] [M]: 0x0000000080000F30 (0x00000013) addi x0, x0, 0x0                        main+1840

mem[X,0x0000000080000F34] -> 0x0013
mem[X,0x0000000080000F36] -> 0x0000
[1569] [M]: 0x0000000080000F34 (0x00000013) addi x0, x0, 0x0                        main+1844

clint mtime 0x0000000000000311 (mip.MTI <- 0b1, mip.STI <- 0b0)
mem[X,0x0000000080000F38] -> 0x0013
mem[X,0x0000000080000F3A] -> 0x0000
[1570] [M]: 0x0000000080000F38 (0x00000013) addi x0, x0, 0x0                        main+1848

mem[X,0x0000000080000F3C] -> 0x0013
mem[X,0x0000000080000F3E] -> 0x0000
[1571] [M]: 0x0000000080000F3C (0x00000013) addi x0, x0, 0x0                        main+1852

clint mtime 0x0000000000000312 (mip.MTI <- 0b1, mip.STI <- 0b0)
mem[X,0x0000000080000F40] -> 0xF517
mem[X,0x0000000080000F42] -> 0xFFFF
[1572] [M]: 0x0000000080000F40 (0xFFFFF517) auipc x10, -0x1                         main+1856
x10 <- 0x000000007FFFFF40

mem[X,0x0000000080000F44] -> 0x0513
mem[X,0x0000000080000F46] -> 0x4C05
[1573] [M]: 0x0000000080000F44 (0x4C050513) addi x10, x10, 0x4c0                    main+1860
x10 <- 0x0000000080000400

clint mtime 0x0000000000000313 (mip.MTI <- 0b1, mip.STI <- 0b0)
mem[X,0x0000000080000F48] -> 0x0001
[1574] [M]: 0x0000000080000F48 (0x0001) c.nop                                       main+1864

mem[X,0x0000000080000F4A] -> 0x0013
mem[X,0x0000000080000F4C] -> 0x0000
[1575] [M]: 0x0000000080000F4A (0x00000013) addi x0, x0, 0x0                        main+1866

clint mtime 0x0000000000000314 (mip.MTI <- 0b1, mip.STI <- 0b0)
mem[X,0x0000000080000F4E] -> 0x0013
mem[X,0x0000000080000F50] -> 0x0000
[1576] [M]: 0x0000000080000F4E (0x00000013) addi x0, x0, 0x0                        main+1870

mem[X,0x0000000080000F52] -> 0x0013
mem[X,0x0000000080000F54] -> 0x0000
[1577] [M]: 0x0000000080000F52 (0x00000013) addi x0, x0, 0x0                        main+1874

clint mtime 0x0000000000000315 (mip.MTI <- 0b1, mip.STI <- 0b0)
mem[X,0x0000000080000F56] -> 0x0013
mem[X,0x0000000080000F58] -> 0x0000
[1578] [M]: 0x0000000080000F56 (0x00000013) addi x0, x0, 0x0                        main+1878

mem[X,0x0000000080000F5A] -> 0x0013
mem[X,0x0000000080000F5C] -> 0x0000
[1579] [M]: 0x0000000080000F5A (0x00000013) addi x0, x0, 0x0                        main+1882

clint mtime 0x0000000000000316 (mip.MTI <- 0b1, mip.STI <- 0b0)
mem[X,0x0000000080000F5E] -> 0x0001
[1580] [M]: 0x0000000080000F5E (0x0001) c.nop                                       main+1886

mem[X,0x0000000080000F60] -> 0x0593
mem[X,0x0000000080000F62] -> 0x0CF0
[1581] [M]: 0x0000000080000F60 (0x0CF00593) addi x11, x0, 0xcf                      main+1888
x11 <- 0x00000000000000CF

clint mtime 0x0000000000000317 (mip.MTI <- 0b1, mip.STI <- 0b0)
mem[X,0x0000000080000F64] -> 0x5513
mem[X,0x0000000080000F66] -> 0x00C5
[1582] [M]: 0x0000000080000F64 (0x00C55513) srli x10, x10, 0xc                      main+1892
x10 <- 0x0000000000080000

mem[X,0x0000000080000F68] -> 0x1513
mem[X,0x0000000080000F6A] -> 0x00A5
[1583] [M]: 0x0000000080000F68 (0x00A51513) slli x10, x10, 0xa                      main+1896
x10 <- 0x0000000020000000

clint mtime 0x0000000000000318 (mip.MTI <- 0b1, mip.STI <- 0b0)
mem[X,0x0000000080000F6C] -> 0x6533
mem[X,0x0000000080000F6E] -> 0x00B5
[1584] [M]: 0x0000000080000F6C (0x00B56533) or x10, x10, x11                        main+1900
x10 <- 0x00000000200000CF

mem[X,0x0000000080000F70] -> 0x0013
mem[X,0x0000000080000F72] -> 0x0000
[1585] [M]: 0x0000000080000F70 (0x00000013) addi x0, x0, 0x0                        main+1904

clint mtime 0x0000000000000319 (mip.MTI <- 0b1, mip.STI <- 0b0)
mem[X,0x0000000080000F74] -> 0x0013
mem[X,0x0000000080000F76] -> 0x0000
[1586] [M]: 0x0000000080000F74 (0x00000013) addi x0, x0, 0x0                        main+1908

mem[X,0x0000000080000F78] -> 0x0013
mem[X,0x0000000080000F7A] -> 0x0000
[1587] [M]: 0x0000000080000F78 (0x00000013) addi x0, x0, 0x0                        main+1912

clint mtime 0x000000000000031A (mip.MTI <- 0b1, mip.STI <- 0b0)
mem[X,0x0000000080000F7C] -> 0x0013
mem[X,0x0000000080000F7E] -> 0x0000
[1588] [M]: 0x0000000080000F7C (0x00000013) addi x0, x0, 0x0                        main+1916

mem[X,0x0000000080000F80] -> 0x7317
mem[X,0x0000000080000F82] -> 0x0000
[1589] [M]: 0x0000000080000F80 (0x00007317) auipc x6, 0x7                           main+1920
x6 <- 0x0000000080007F80

clint mtime 0x000000000000031B (mip.MTI <- 0b1, mip.STI <- 0b0)
mem[X,0x0000000080000F84] -> 0x0313
mem[X,0x0000000080000F86] -> 0x0803
[1590] [M]: 0x0000000080000F84 (0x08030313) addi x6, x6, 0x80                       main+1924
x6 <- 0x0000000080008000

mem[X,0x0000000080000F88] -> 0x0001
[1591] [M]: 0x0000000080000F88 (0x0001) c.nop                                       main+1928

clint mtime 0x000000000000031C (mip.MTI <- 0b1, mip.STI <- 0b0)
mem[X,0x0000000080000F8A] -> 0x0013
mem[X,0x0000000080000F8C] -> 0x0000
[1592] [M]: 0x0000000080000F8A (0x00000013) addi x0, x0, 0x0                        main+1930

mem[X,0x0000000080000F8E] -> 0x0013
mem[X,0x0000000080000F90] -> 0x0000
[1593] [M]: 0x0000000080000F8E (0x00000013) addi x0, x0, 0x0                        main+1934

clint mtime 0x000000000000031D (mip.MTI <- 0b1, mip.STI <- 0b0)
mem[X,0x0000000080000F92] -> 0x0013
mem[X,0x0000000080000F94] -> 0x0000
[1594] [M]: 0x0000000080000F92 (0x00000013) addi x0, x0, 0x0                        main+1938

mem[X,0x0000000080000F96] -> 0x0013
mem[X,0x0000000080000F98] -> 0x0000
[1595] [M]: 0x0000000080000F96 (0x00000013) addi x0, x0, 0x0                        main+1942

clint mtime 0x000000000000031E (mip.MTI <- 0b1, mip.STI <- 0b0)
mem[X,0x0000000080000F9A] -> 0x0013
mem[X,0x0000000080000F9C] -> 0x0000
[1596] [M]: 0x0000000080000F9A (0x00000013) addi x0, x0, 0x0                        main+1946

mem[X,0x0000000080000F9E] -> 0x0001
[1597] [M]: 0x0000000080000F9E (0x0001) c.nop                                       main+1950

clint mtime 0x000000000000031F (mip.MTI <- 0b1, mip.STI <- 0b0)
mem[X,0x0000000080000FA0] -> 0x0293
mem[X,0x0000000080000FA2] -> 0x0000
[1598] [M]: 0x0000000080000FA0 (0x00000293) addi x5, x0, 0x0                        main+1952
x5 <- 0x0000000000000000

mem[X,0x0000000080000FA4] -> 0x0333
mem[X,0x0000000080000FA6] -> 0x0053
[1599] [M]: 0x0000000080000FA4 (0x00530333) add x6, x6, x5                          main+1956
x6 <- 0x0000000080008000

clint mtime 0x0000000000000320 (mip.MTI <- 0b1, mip.STI <- 0b0)
mem[X,0x0000000080000FA8] -> 0x3023
mem[X,0x0000000080000FAA] -> 0x00A3
[1600] [M]: 0x0000000080000FA8 (0x00A33023) sd x10, 0x0(x6)                         main+1960
mem[W,0x0000000080008000] <- 0x00000000200000CF

mem[X,0x0000000080000FAC] -> 0x0073
mem[X,0x0000000080000FAE] -> 0x1200
[1601] [M]: 0x0000000080000FAC (0x12000073) sfence.vma x0, x0                       main+1964

clint mtime 0x0000000000000321 (mip.MTI <- 0b1, mip.STI <- 0b0)
mem[X,0x0000000080000FB0] -> 0x0493
mem[X,0x0000000080000FB2] -> 0x0010
[1602] [M]: 0x0000000080000FB0 (0x00100493) addi x9, x0, 0x1                        main+1968
x9 <- 0x0000000000000001

mem[X,0x0000000080000FB4] -> 0x9493
mem[X,0x0000000080000FB6] -> 0x00B4
[1603] [M]: 0x0000000080000FB4 (0x00B49493) slli x9, x9, 0xb                        main+1972
x9 <- 0x0000000000000800

clint mtime 0x0000000000000322 (mip.MTI <- 0b1, mip.STI <- 0b0)
mem[X,0x0000000080000FB8] -> 0xB073
mem[X,0x0000000080000FBA] -> 0x3004
[1604] [M]: 0x0000000080000FB8 (0x3004B073) csrrc x0, mstatus, x9                   main+1976
CSR mstatus (0x300) <- 0x0000000A00040000

mem[X,0x0000000080000FBC] -> 0x0493
mem[X,0x0000000080000FBE] -> 0x0010
[1605] [M]: 0x0000000080000FBC (0x00100493) addi x9, x0, 0x1                        main+1980
x9 <- 0x0000000000000001

clint mtime 0x0000000000000323 (mip.MTI <- 0b1, mip.STI <- 0b0)
mem[X,0x0000000080000FC0] -> 0x9493
mem[X,0x0000000080000FC2] -> 0x00B4
[1606] [M]: 0x0000000080000FC0 (0x00B49493) slli x9, x9, 0xb                        main+1984
x9 <- 0x0000000000000800

mem[X,0x0000000080000FC4] -> 0xA073
mem[X,0x0000000080000FC6] -> 0x3004
[1607] [M]: 0x0000000080000FC4 (0x3004A073) csrrs x0, mstatus, x9                   main+1988
CSR mstatus (0x300) <- 0x0000000A00040800

clint mtime 0x0000000000000324 (mip.MTI <- 0b1, mip.STI <- 0b0)
mem[X,0x0000000080000FC8] -> 0x23F3
mem[X,0x0000000080000FCA] -> 0x3400
[1608] [M]: 0x0000000080000FC8 (0x340023F3) csrrs x7, mscratch, x0                  main+1992
CSR mscratch (0x340) -> 0x0000000080005000
x7 <- 0x0000000080005000

mem[X,0x0000000080000FCC] -> 0xB303
mem[X,0x0000000080000FCE] -> 0x4703
[1609] [M]: 0x0000000080000FCC (0x4703B303) ld x6, 0x470(x7)                        main+1996
mem[R,0x0000000080005470] -> 0x00000300800007BC
x6 <- 0x00000300800007BC

clint mtime 0x0000000000000325 (mip.MTI <- 0b1, mip.STI <- 0b0)
mem[X,0x0000000080000FD0] -> 0xB483
mem[X,0x0000000080000FD2] -> 0x1D83
[1610] [M]: 0x0000000080000FD0 (0x1D83B483) ld x9, 0x1d8(x7)                        main+2000
mem[R,0x00000000800051D8] -> 0x00000000800007D4
x9 <- 0x00000000800007D4

mem[X,0x0000000080000FD4] -> 0x0333
mem[X,0x0000000080000FD6] -> 0x4093
[1611] [M]: 0x0000000080000FD4 (0x40930333) sub x6, x6, x9                          main+2004
x6 <- 0x000002FFFFFFFFE8

clint mtime 0x0000000000000326 (mip.MTI <- 0b1, mip.STI <- 0b0)
mem[X,0x0000000080000FD8] -> 0x0313
mem[X,0x0000000080000FDA] -> 0x0103
[1612] [M]: 0x0000000080000FD8 (0x01030313) addi x6, x6, 0x10                       main+2008
x6 <- 0x000002FFFFFFFFF8

mem[X,0x0000000080000FDC] -> 0x0497
mem[X,0x0000000080000FDE] -> 0x0000
[1613] [M]: 0x0000000080000FDC (0x00000497) auipc x9, 0x0                           main+2012
x9 <- 0x0000000080000FDC

clint mtime 0x0000000000000327 (mip.MTI <- 0b1, mip.STI <- 0b0)
mem[X,0x0000000080000FE0] -> 0x84B3
mem[X,0x0000000080000FE2] -> 0x0064
[1614] [M]: 0x0000000080000FE0 (0x006484B3) add x9, x9, x6                          main+2016
x9 <- 0x0000030080000FD4

mem[X,0x0000000080000FE4] -> 0x94F3
mem[X,0x0000000080000FE6] -> 0x3414
[1615] [M]: 0x0000000080000FE4 (0x341494F3) csrrw x9, mepc, x9                      main+2020
CSR mepc (0x341) <- 0x0000030080000FD4
x9 <- 0x0000030080000E9C

clint mtime 0x0000000000000328 (mip.MTI <- 0b1, mip.STI <- 0b0)
mem[X,0x0000000080000FE8] -> 0x0073
mem[X,0x0000000080000FEA] -> 0x3020
[1616] [M]: 0x0000000080000FE8 (0x30200073) mret                                    main+2024
CSR mstatus (0x300) <- 0x0000000A00040080
ret-ing from M to S

PTW: Start, vpn=0x30080000, access_type=X, privilege=Smem[R,0x0000000080009030] -> 0x00000000000000CB
PTW: Step, level=3, pte=0xCB, pte_addr=0x80009030
PTW: Success, final_ppn=0x80000, level=3mem[X,0x0000000080000FD4] -> 0x0333
mem[X,0x0000000080000FD6] -> 0x4093
[1617] [S]: 0x0000030080000FD4 (0x40930333) sub x6, x6, x9                          va_rvtest_code_begin+2072
x6 <- 0xFFFFFFFF7FFFF15C

clint mtime 0x0000000000000329 (mip.MTI <- 0b1, mip.STI <- 0b0)
mem[X,0x0000000080000FD8] -> 0x0313
mem[X,0x0000000080000FDA] -> 0x0103
[1618] [S]: 0x0000030080000FD8 (0x01030313) addi x6, x6, 0x10                       va_rvtest_code_begin+2076
x6 <- 0xFFFFFFFF7FFFF16C

mem[X,0x0000000080000FDC] -> 0x0497
mem[X,0x0000000080000FDE] -> 0x0000
[1619] [S]: 0x0000030080000FDC (0x00000497) auipc x9, 0x0                           va_rvtest_code_begin+2080
x9 <- 0x0000030080000FDC

clint mtime 0x000000000000032A (mip.MTI <- 0b1, mip.STI <- 0b0)
mem[X,0x0000000080000FE0] -> 0x84B3
mem[X,0x0000000080000FE2] -> 0x0064
[1620] [S]: 0x0000030080000FE0 (0x006484B3) add x9, x9, x6                          va_rvtest_code_begin+2084
x9 <- 0x0000030000000148

mem[X,0x0000000080000FE4] -> 0x94F3
mem[X,0x0000000080000FE6] -> 0x3414
[1621] [S]: 0x0000030080000FE4 (0x341494F3) csrrw x9, mepc, x9                      va_rvtest_code_begin+2088
trapping from S to M to handle illegal-instruction
handling exc#illegal-instruction at priv M with tval 0x00000000341494F3
CSR mstatus (0x300) <- 0x0000000A00040800
CSR mcause (0x342) <- 0x0000000000000002
CSR mtval (0x343) <- 0x00000000341494F3
CSR mepc (0x341) <- 0x0000030080000FE4

clint mtime 0x000000000000032B (mip.MTI <- 0b1, mip.STI <- 0b0)
mem[X,0x0000000080002500] -> 0x006F
mem[X,0x0000000080002502] -> 0x1000
[1622] [M]: 0x0000000080002500 (0x1000006F) jal x0, 0x100                           Mtrampoline+0

mem[X,0x0000000080002600] -> 0x1173
mem[X,0x0000000080002602] -> 0x3401
[1623] [M]: 0x0000000080002600 (0x34011173) csrrw x2, mscratch, x2                  trap_Mhandler+0
CSR mscratch (0x340) <- 0x0000000000000000
x2 <- 0x0000000080005000

clint mtime 0x000000000000032C (mip.MTI <- 0b1, mip.STI <- 0b0)
mem[X,0x0000000080002604] -> 0x3423
mem[X,0x0000000080002606] -> 0x28B1
[1624] [M]: 0x0000000080002604 (0x28B13423) sd x11, 0x288(x2)                       trap_Mhandler+4
mem[W,0x0000000080005288] <- 0x00000000000000CF

mem[X,0x0000000080002608] -> 0x05EF
mem[X,0x000000008000260A] -> 0x0B80
[1625] [M]: 0x0000000080002608 (0x0B8005EF) jal x11, 0xb8                           trap_Mhandler+8
x11 <- 0x000000008000260C

clint mtime 0x000000000000032D (mip.MTI <- 0b1, mip.STI <- 0b0)
mem[X,0x00000000800026C0] -> 0x3023
mem[X,0x00000000800026C2] -> 0x28A1
[1626] [M]: 0x00000000800026C0 (0x28A13023) sd x10, 0x280(x2)                       common_Mhandler+0
mem[W,0x0000000080005280] <- 0x00000000200000CF

mem[X,0x00000000800026C4] -> 0x1573
mem[X,0x00000000800026C6] -> 0x3401
[1627] [M]: 0x00000000800026C4 (0x34011573) csrrw x10, mscratch, x2                 common_Mhandler+4
CSR mscratch (0x340) <- 0x0000000080005000
x10 <- 0x0000000000000000

clint mtime 0x000000000000032E (mip.MTI <- 0b1, mip.STI <- 0b0)
mem[X,0x00000000800026C8] -> 0x3823
mem[X,0x00000000800026CA] -> 0x28A1
[1628] [M]: 0x00000000800026C8 (0x28A13823) sd x10, 0x290(x2)                       common_Mhandler+8
mem[W,0x0000000080005290] <- 0x0000000000000000

mem[X,0x00000000800026CC] -> 0x3503
mem[X,0x00000000800026CE] -> 0x2301
[1629] [M]: 0x00000000800026CC (0x23013503) ld x10, 0x230(x2)                       common_Mhandler+12
mem[R,0x0000000080005230] -> 0x00000000800026D4
x10 <- 0x00000000800026D4

clint mtime 0x000000000000032F (mip.MTI <- 0b1, mip.STI <- 0b0)
mem[X,0x00000000800026D0] -> 0x0067
mem[X,0x00000000800026D2] -> 0x0005
[1630] [M]: 0x00000000800026D0 (0x00050067) jalr x0, 0x0(x10)                       common_Mhandler+16

mem[X,0x00000000800026D4] -> 0x3C23
mem[X,0x00000000800026D6] -> 0x2691
[1631] [M]: 0x00000000800026D4 (0x26913C23) sd x9, 0x278(x2)                        common_Mentry+0
mem[W,0x0000000080005278] <- 0x0000030000000148

clint mtime 0x0000000000000330 (mip.MTI <- 0b1, mip.STI <- 0b0)
mem[X,0x00000000800026D8] -> 0x3823
mem[X,0x00000000800026DA] -> 0x2681
[1632] [M]: 0x00000000800026D8 (0x26813823) sd x8, 0x270(x2)                        common_Mentry+4
mem[W,0x0000000080005270] <- 0x0000000000007F76

mem[X,0x00000000800026DC] -> 0x3423
mem[X,0x00000000800026DE] -> 0x2671
[1633] [M]: 0x00000000800026DC (0x26713423) sd x7, 0x268(x2)                        common_Mentry+8
mem[W,0x0000000080005268] <- 0x0000000080005000

clint mtime 0x0000000000000331 (mip.MTI <- 0b1, mip.STI <- 0b0)
mem[X,0x00000000800026E0] -> 0x3023
mem[X,0x00000000800026E2] -> 0x2661
[1634] [M]: 0x00000000800026E0 (0x26613023) sd x6, 0x260(x2)                        common_Mentry+12
mem[W,0x0000000080005260] <- 0xFFFFFFFF7FFFF16C

mem[X,0x00000000800026E4] -> 0x2573
mem[X,0x00000000800026E6] -> 0x3420
[1635] [M]: 0x00000000800026E4 (0x34202573) csrrs x10, mcause, x0                   spcl_M2mmode_test+0
CSR mcause (0x342) -> 0x0000000000000002
x10 <- 0x0000000000000002

clint mtime 0x0000000000000332 (mip.MTI <- 0b1, mip.STI <- 0b0)
mem[X,0x00000000800026E8] -> 0x04B7
mem[X,0x00000000800026EA] -> 0x8000
[1636] [M]: 0x00000000800026E8 (0x800004B7) lui x9, -0x80000                        spcl_M2mmode_test+4
x9 <- 0xFFFFFFFF80000000

mem[X,0x00000000800026EC] -> 0x8493
mem[X,0x00000000800026EE] -> 0x0004
[1637] [M]: 0x00000000800026EC (0x00048493) addi x9, x9, 0x0                        spcl_M2mmode_test+8
x9 <- 0xFFFFFFFF80000000

clint mtime 0x0000000000000333 (mip.MTI <- 0b1, mip.STI <- 0b0)
mem[X,0x00000000800026F0] -> 0x9493
mem[X,0x00000000800026F2] -> 0x00B4
[1638] [M]: 0x00000000800026F0 (0x00B49493) slli x9, x9, 0xb                        spcl_M2mmode_test+12
x9 <- 0xFFFFFC0000000000

mem[X,0x00000000800026F4] -> 0x8493
mem[X,0x00000000800026F6] -> 0x0004
[1639] [M]: 0x00000000800026F4 (0x00048493) addi x9, x9, 0x0                        spcl_M2mmode_test+16
x9 <- 0xFFFFFC0000000000

clint mtime 0x0000000000000334 (mip.MTI <- 0b1, mip.STI <- 0b0)
mem[X,0x00000000800026F8] -> 0x9493
mem[X,0x00000000800026FA] -> 0x00B4
[1640] [M]: 0x00000000800026F8 (0x00B49493) slli x9, x9, 0xb                        spcl_M2mmode_test+20
x9 <- 0xFFE0000000000000

mem[X,0x00000000800026FC] -> 0x8493
mem[X,0x00000000800026FE] -> 0x0034
[1641] [M]: 0x00000000800026FC (0x00348493) addi x9, x9, 0x3                        spcl_M2mmode_test+24
x9 <- 0xFFE0000000000003

clint mtime 0x0000000000000335 (mip.MTI <- 0b1, mip.STI <- 0b0)
mem[X,0x0000000080002700] -> 0x9493
mem[X,0x0000000080002702] -> 0x00A4
[1642] [M]: 0x0000000080002700 (0x00A49493) slli x9, x9, 0xa                        spcl_M2mmode_test+28
x9 <- 0x8000000000000C00

mem[X,0x0000000080002704] -> 0x8493
mem[X,0x0000000080002706] -> 0x3FC4
[1643] [M]: 0x0000000080002704 (0x3FC48493) addi x9, x9, 0x3fc                      spcl_M2mmode_test+32
x9 <- 0x8000000000000FFC

clint mtime 0x0000000000000336 (mip.MTI <- 0b1, mip.STI <- 0b0)
mem[X,0x0000000080002708] -> 0xF4B3
mem[X,0x000000008000270A] -> 0x00A4
[1644] [M]: 0x0000000080002708 (0x00A4F4B3) and x9, x9, x10                         spcl_M2mmode_test+36
x9 <- 0x0000000000000000

mem[X,0x000000008000270C] -> 0x8493
mem[X,0x000000008000270E] -> 0xFF84
[1645] [M]: 0x000000008000270C (0xFF848493) addi x9, x9, -0x8                       spcl_M2mmode_test+40
x9 <- 0xFFFFFFFFFFFFFFF8

clint mtime 0x0000000000000337 (mip.MTI <- 0b1, mip.STI <- 0b0)
mem[X,0x0000000080002710] -> 0x9663
mem[X,0x0000000080002712] -> 0x0004
[1646] [M]: 0x0000000080002710 (0x00049663) bne x9, x0, 0xc                         spcl_M2mmode_test+44

mem[X,0x000000008000271C] -> 0x0393
mem[X,0x000000008000271E] -> 0x0200
[1647] [M]: 0x000000008000271C (0x02000393) addi x7, x0, 0x20                       Mtrapsig_ptr_upd+0
x7 <- 0x0000000000000020

clint mtime 0x0000000000000338 (mip.MTI <- 0b1, mip.STI <- 0b0)
mem[X,0x0000000080002720] -> 0x5263
mem[X,0x0000000080002722] -> 0x0405
[1648] [M]: 0x0000000080002720 (0x04055263) bge x10, x0, 0x44                       Mtrapsig_ptr_upd+4

mem[X,0x0000000080002764] -> 0x2373
mem[X,0x0000000080002766] -> 0x3010
[1649] [M]: 0x0000000080002764 (0x30102373) csrrs x6, misa, x0                      Mxcpt_sig_sv+0
CSR misa (0x301) -> 0x800000000034112F
x6 <- 0x800000000034112F

clint mtime 0x0000000000000339 (mip.MTI <- 0b1, mip.STI <- 0b0)
mem[X,0x0000000080002768] -> 0x1313
mem[X,0x000000008000276A] -> 0x0383
[1650] [M]: 0x0000000080002768 (0x03831313) slli x6, x6, 0x38                       Mxcpt_sig_sv+4
x6 <- 0x2F00000000000000

mem[X,0x000000008000276C] -> 0x5463
mem[X,0x000000008000276E] -> 0x0003
[1651] [M]: 0x000000008000276C (0x00035463) bge x6, x0, 0x8                         Mxcpt_sig_sv+8

clint mtime 0x000000000000033A (mip.MTI <- 0b1, mip.STI <- 0b0)
mem[X,0x0000000080002774] -> 0x3303
mem[X,0x0000000080002776] -> 0x2181
[1652] [M]: 0x0000000080002774 (0x21813303) ld x6, 0x218(x2)                        Mtrap_sig_sv+0
mem[R,0x0000000080005218] -> 0x000000008000A5F8
x6 <- 0x000000008000A5F8

mem[X,0x0000000080002778] -> 0x04B3
mem[X,0x000000008000277A] -> 0x0073
[1653] [M]: 0x0000000080002778 (0x007304B3) add x9, x6, x7                          Mtrap_sig_sv+4
x9 <- 0x000000008000A618

clint mtime 0x000000000000033B (mip.MTI <- 0b1, mip.STI <- 0b0)
mem[X,0x000000008000277C] -> 0x3C23
mem[X,0x000000008000277E] -> 0x2091
[1654] [M]: 0x000000008000277C (0x20913C23) sd x9, 0x218(x2)                        Mtrap_sig_sv+8
mem[W,0x0000000080005218] <- 0x000000008000A618

mem[X,0x0000000080002780] -> 0x3403
mem[X,0x0000000080002782] -> 0x1F81
[1655] [M]: 0x0000000080002780 (0x1F813403) ld x8, 0x1f8(x2)                        Mtrap_sig_sv+12
mem[R,0x00000000800051F8] -> 0x000000008000A110
x8 <- 0x000000008000A110

clint mtime 0x000000000000033C (mip.MTI <- 0b1, mip.STI <- 0b0)
mem[X,0x0000000080002784] -> 0x0333
mem[X,0x0000000080002786] -> 0x4083
[1656] [M]: 0x0000000080002784 (0x40830333) sub x6, x6, x8                          Mtrap_sig_sv+16
x6 <- 0x00000000000004E8

mem[X,0x0000000080002788] -> 0x3403
mem[X,0x000000008000278A] -> 0x1F81
[1657] [M]: 0x0000000080002788 (0x1F813403) ld x8, 0x1f8(x2)                        Mtrap_sig_sv+20
mem[R,0x00000000800051F8] -> 0x000000008000A110
x8 <- 0x000000008000A110

clint mtime 0x000000000000033D (mip.MTI <- 0b1, mip.STI <- 0b0)
mem[X,0x000000008000278C] -> 0x0333
mem[X,0x000000008000278E] -> 0x0083
[1658] [M]: 0x000000008000278C (0x00830333) add x6, x6, x8                          Mtrap_sig_sv+24
x6 <- 0x000000008000A5F8

mem[X,0x0000000080002790] -> 0x3403
mem[X,0x0000000080002792] -> 0x2401
[1659] [M]: 0x0000000080002790 (0x24013403) ld x8, 0x240(x2)                        Mtrap_sig_sv+28
mem[R,0x0000000080005240] -> 0x0000000080002500
x8 <- 0x0000000080002500

clint mtime 0x000000000000033E (mip.MTI <- 0b1, mip.STI <- 0b0)
mem[X,0x0000000080002794] -> 0x85B3
mem[X,0x0000000080002796] -> 0x4085
[1660] [M]: 0x0000000080002794 (0x408585B3) sub x11, x11, x8                        sv_Mvect+0
x11 <- 0x000000000000010C

mem[X,0x0000000080002798] -> 0x9593
mem[X,0x000000008000279A] -> 0x0045
[1661] [M]: 0x0000000080002798 (0x00459593) slli x11, x11, 0x4                      sv_Mvect+4
x11 <- 0x00000000000010C0

clint mtime 0x000000000000033F (mip.MTI <- 0b1, mip.STI <- 0b0)
mem[X,0x000000008000279C] -> 0xE5B3
mem[X,0x000000008000279E] -> 0x0075
[1662] [M]: 0x000000008000279C (0x0075E5B3) or x11, x11, x7                         sv_Mvect+8
x11 <- 0x00000000000010E0

mem[X,0x00000000800027A0] -> 0x8593
mem[X,0x00000000800027A2] -> 0x0035
[1663] [M]: 0x00000000800027A0 (0x00358593) addi x11, x11, 0x3                      sv_Mvect+12
x11 <- 0x00000000000010E3

clint mtime 0x0000000000000340 (mip.MTI <- 0b1, mip.STI <- 0b0)
mem[X,0x00000000800027A4] -> 0x3023
mem[X,0x00000000800027A6] -> 0x00B3
[1664] [M]: 0x00000000800027A4 (0x00B33023) sd x11, 0x0(x6)                         sv_Mvect+16
mem[W,0x000000008000A5F8] <- 0x00000000000010E3

mem[X,0x00000000800027A8] -> 0x3423
mem[X,0x00000000800027AA] -> 0x00A3
[1665] [M]: 0x00000000800027A8 (0x00A33423) sd x10, 0x8(x6)                         sv_Mcause+0
mem[W,0x000000008000A600] <- 0x0000000000000002

clint mtime 0x0000000000000341 (mip.MTI <- 0b1, mip.STI <- 0b0)
mem[X,0x00000000800027AC] -> 0x4663
mem[X,0x00000000800027AE] -> 0x1A05
[1666] [M]: 0x00000000800027AC (0x1A054663) blt x10, x0, 0x1ac                      sv_Mcause+4

mem[X,0x00000000800027B0] -> 0x25F3
mem[X,0x00000000800027B2] -> 0x3000
[1667] [M]: 0x00000000800027B0 (0x300025F3) csrrs x11, mstatus, x0                  common_Mexcpt_handler+0
CSR mstatus (0x300) -> 0x0000000A00040800
x11 <- 0x0000000A00040800

clint mtime 0x0000000000000342 (mip.MTI <- 0b1, mip.STI <- 0b0)
mem[X,0x00000000800027B4] -> 0x9413
mem[X,0x00000000800027B6] -> 0x02E5
[1668] [M]: 0x00000000800027B4 (0x02E59413) slli x8, x11, 0x2e                      common_Mexcpt_handler+4
x8 <- 0x0200000000000000

mem[X,0x00000000800027B8] -> 0x5463
mem[X,0x00000000800027BA] -> 0x0004
[1669] [M]: 0x00000000800027B8 (0x00045463) bge x8, x0, 0x8                         common_Mexcpt_handler+8

clint mtime 0x0000000000000343 (mip.MTI <- 0b1, mip.STI <- 0b0)
mem[X,0x00000000800027C0] -> 0xD493
mem[X,0x00000000800027C2] -> 0x00B5
[1670] [M]: 0x00000000800027C0 (0x00B5D493) srli x9, x11, 0xb                       common_Mexcpt_handler+16
x9 <- 0x0000000001400081

mem[X,0x00000000800027C4] -> 0xF493
mem[X,0x00000000800027C6] -> 0x0034
[1671] [M]: 0x00000000800027C4 (0x0034F493) andi x9, x9, 0x3                        common_Mexcpt_handler+20
x9 <- 0x0000000000000001

clint mtime 0x0000000000000344 (mip.MTI <- 0b1, mip.STI <- 0b0)
mem[X,0x00000000800027C8] -> 0x8493
mem[X,0x00000000800027CA] -> 0x0014
[1672] [M]: 0x00000000800027C8 (0x00148493) addi x9, x9, 0x1                        common_Mexcpt_handler+24
x9 <- 0x0000000000000002

mem[X,0x00000000800027CC] -> 0xF493
mem[X,0x00000000800027CE] -> 0x0044
[1673] [M]: 0x00000000800027CC (0x0044F493) andi x9, x9, 0x4                        common_Mexcpt_handler+28
x9 <- 0x0000000000000000

clint mtime 0x0000000000000345 (mip.MTI <- 0b1, mip.STI <- 0b0)
mem[X,0x00000000800027D0] -> 0x0593
mem[X,0x00000000800027D2] -> 0x05D0
[1674] [M]: 0x00000000800027D0 (0x05D00593) addi x11, x0, 0x5d                      common_Mexcpt_handler+32
x11 <- 0x000000000000005D

mem[X,0x00000000800027D4] -> 0xD5B3
mem[X,0x00000000800027D6] -> 0x0095
[1675] [M]: 0x00000000800027D4 (0x0095D5B3) srl x11, x11, x9                        common_Mexcpt_handler+36
x11 <- 0x000000000000005D

clint mtime 0x0000000000000346 (mip.MTI <- 0b1, mip.STI <- 0b0)
mem[X,0x00000000800027D8] -> 0xF593
mem[X,0x00000000800027DA] -> 0x0015
[1676] [M]: 0x00000000800027D8 (0x0015F593) andi x11, x11, 0x1                      common_Mexcpt_handler+40
x11 <- 0x0000000000000001

mem[X,0x00000000800027DC] -> 0x8EE3
mem[X,0x00000000800027DE] -> 0xF405
[1677] [M]: 0x00000000800027DC (0xF4058EE3) beq x11, x0, -0xa4                      common_Mexcpt_handler+44

clint mtime 0x0000000000000347 (mip.MTI <- 0b1, mip.STI <- 0b0)
mem[X,0x00000000800027E0] -> 0x0593
mem[X,0x00000000800027E2] -> 0x2980
[1678] [M]: 0x00000000800027E0 (0x29800593) addi x11, x0, 0x298                     common_Mexcpt_handler+48
x11 <- 0x0000000000000298

mem[X,0x00000000800027E4] -> 0xF413
mem[X,0x00000000800027E6] -> 0x0014
[1679] [M]: 0x00000000800027E4 (0x0014F413) andi x8, x9, 0x1                        common_Mexcpt_handler+52
x8 <- 0x0000000000000000

clint mtime 0x0000000000000348 (mip.MTI <- 0b1, mip.STI <- 0b0)
mem[X,0x00000000800027E8] -> 0x95B3
mem[X,0x00000000800027EA] -> 0x0085
[1680] [M]: 0x00000000800027E8 (0x008595B3) sll x11, x11, x8                        common_Mexcpt_handler+56
x11 <- 0x0000000000000298

mem[X,0x00000000800027EC] -> 0x9413
mem[X,0x00000000800027EE] -> 0x03D4
[1681] [M]: 0x00000000800027EC (0x03D49413) slli x8, x9, 0x3d                       common_Mexcpt_handler+60
x8 <- 0x0000000000000000

clint mtime 0x0000000000000349 (mip.MTI <- 0b1, mip.STI <- 0b0)
mem[X,0x00000000800027F0] -> 0x5413
mem[X,0x00000000800027F2] -> 0x43F4
[1682] [M]: 0x00000000800027F0 (0x43F45413) srai x8, x8, 0x3f                       common_Mexcpt_handler+64
x8 <- 0x0000000000000000

mem[X,0x00000000800027F4] -> 0x4413
mem[X,0x00000000800027F6] -> 0xFFF4
[1683] [M]: 0x00000000800027F4 (0xFFF44413) xori x8, x8, -0x1                       common_Mexcpt_handler+68
x8 <- 0xFFFFFFFFFFFFFFFF

clint mtime 0x000000000000034A (mip.MTI <- 0b1, mip.STI <- 0b0)
mem[X,0x00000000800027F8] -> 0xF4B3
mem[X,0x00000000800027FA] -> 0x0085
[1684] [M]: 0x00000000800027F8 (0x0085F4B3) and x9, x11, x8                         common_Mexcpt_handler+72
x9 <- 0x0000000000000298

mem[X,0x00000000800027FC] -> 0x84B3
mem[X,0x00000000800027FE] -> 0x0024
[1685] [M]: 0x00000000800027FC (0x002484B3) add x9, x9, x2                          vmem_adj_Mepc+0
x9 <- 0x0000000080005298

clint mtime 0x000000000000034B (mip.MTI <- 0b1, mip.STI <- 0b0)
mem[X,0x0000000080002800] -> 0x23F3
mem[X,0x0000000080002802] -> 0x3410
[1686] [M]: 0x0000000080002800 (0x341023F3) csrrs x7, mepc, x0                      vmem_adj_Mepc+4
CSR mepc (0x341) -> 0x0000030080000FE4
x7 <- 0x0000030080000FE4

mem[X,0x0000000080002804] -> 0x0413
mem[X,0x0000000080002806] -> 0x0004
[1687] [M]: 0x0000000080002804 (0x00040413) addi x8, x8, 0x0                        vmem_adj_Mepc+8
x8 <- 0xFFFFFFFFFFFFFFFF

clint mtime 0x000000000000034C (mip.MTI <- 0b1, mip.STI <- 0b0)
mem[X,0x0000000080002808] -> 0x006F
mem[X,0x000000008000280A] -> 0x0400
[1688] [M]: 0x0000000080002808 (0x0400006F) jal x0, 0x40                            vmem_adj_Mepc+12

mem[X,0x0000000080002848] -> 0x8433
mem[X,0x000000008000284A] -> 0x4083
[1689] [M]: 0x0000000080002848 (0x40838433) sub x8, x7, x8                          adj_Mepc+0
x8 <- 0x0000030080000FE5

clint mtime 0x000000000000034D (mip.MTI <- 0b1, mip.STI <- 0b0)
mem[X,0x000000008000284C] -> 0x3823
mem[X,0x000000008000284E] -> 0x0083
[1690] [M]: 0x000000008000284C (0x00833823) sd x8, 0x10(x6)                         sv_Mepc+0
mem[W,0x000000008000A608] <- 0x0000030080000FE5

mem[X,0x0000000080002850] -> 0x55B7
mem[X,0x0000000080002852] -> 0x0000
[1691] [M]: 0x0000000080002850 (0x000055B7) lui x11, 0x5                            sv_Mepc+4
x11 <- 0x0000000000005000

clint mtime 0x000000000000034E (mip.MTI <- 0b1, mip.STI <- 0b0)
mem[X,0x0000000080002854] -> 0x8593
mem[X,0x0000000080002856] -> 0x6675
[1692] [M]: 0x0000000080002854 (0x66758593) addi x11, x11, 0x667                    sv_Mepc+8
x11 <- 0x0000000000005667

mem[X,0x0000000080002858] -> 0x9593
mem[X,0x000000008000285A] -> 0x0015
[1693] [M]: 0x0000000080002858 (0x00159593) slli x11, x11, 0x1                      sv_Mepc+12
x11 <- 0x000000000000ACCE

clint mtime 0x000000000000034F (mip.MTI <- 0b1, mip.STI <- 0b0)
mem[X,0x000000008000285C] -> 0x9063
mem[X,0x000000008000285E] -> 0x02B1
[1694] [M]: 0x000000008000285C (0x02B19063) bne x3, x11, 0x20                       sv_Mepc+16

mem[X,0x0000000080002860] -> 0x2473
mem[X,0x0000000080002862] -> 0x3420
[1695] [M]: 0x0000000080002860 (0x34202473) csrrs x8, mcause, x0                    sv_Mepc+20
CSR mcause (0x342) -> 0x0000000000000002
x8 <- 0x0000000000000002

clint mtime 0x0000000000000350 (mip.MTI <- 0b1, mip.STI <- 0b0)
mem[X,0x0000000080002864] -> 0x0593
mem[X,0x0000000080002866] -> 0x00C0
[1696] [M]: 0x0000000080002864 (0x00C00593) addi x11, x0, 0xc                       sv_Mepc+24
x11 <- 0x000000000000000C

mem[X,0x0000000080002868] -> 0x0663
mem[X,0x000000008000286A] -> 0x00B4
[1697] [M]: 0x0000000080002868 (0x00B40663) beq x8, x11, 0xc                        sv_Mepc+28

clint mtime 0x0000000000000351 (mip.MTI <- 0b1, mip.STI <- 0b0)
mem[X,0x000000008000286C] -> 0x0593
mem[X,0x000000008000286E] -> 0x0010
[1698] [M]: 0x000000008000286C (0x00100593) addi x11, x0, 0x1                       sv_Mepc+32
x11 <- 0x0000000000000001

mem[X,0x0000000080002870] -> 0x1663
mem[X,0x0000000080002872] -> 0x00B4
[1699] [M]: 0x0000000080002870 (0x00B41663) bne x8, x11, 0xc                        sv_Mepc+36

clint mtime 0x0000000000000352 (mip.MTI <- 0b1, mip.STI <- 0b0)
mem[X,0x000000008000287C] -> 0xF593
mem[X,0x000000008000287E] -> 0xFFC3
[1700] [M]: 0x000000008000287C (0xFFC3F593) andi x11, x7, -0x4                      adj_Mepc_rtn+0
x11 <- 0x0000030080000FE4

mem[X,0x0000000080002880] -> 0x8593
mem[X,0x0000000080002882] -> 0x0085
[1701] [M]: 0x0000000080002880 (0x00858593) addi x11, x11, 0x8                      adj_Mepc_rtn+4
x11 <- 0x0000030080000FEC

clint mtime 0x0000000000000353 (mip.MTI <- 0b1, mip.STI <- 0b0)
mem[X,0x0000000080002884] -> 0x9073
mem[X,0x0000000080002886] -> 0x3415
[1702] [M]: 0x0000000080002884 (0x34159073) csrrw x0, mepc, x11                     adj_Mepc_rtn+8
CSR mepc (0x341) <- 0x0000030080000FEC

mem[X,0x0000000080002888] -> 0x23F3
mem[X,0x000000008000288A] -> 0x3430
[1703] [M]: 0x0000000080002888 (0x343023F3) csrrs x7, mtval, x0                     skp_adj_Mepc+0
CSR mtval (0x343) -> 0x00000000341494F3
x7 <- 0x00000000341494F3

clint mtime 0x0000000000000354 (mip.MTI <- 0b1, mip.STI <- 0b0)
mem[X,0x000000008000288C] -> 0x0413
mem[X,0x000000008000288E] -> 0x0004
[1704] [M]: 0x000000008000288C (0x00040413) addi x8, x8, 0x0                        skp_adj_Mepc+4
x8 <- 0x0000000000000002

mem[X,0x0000000080002890] -> 0x006F
mem[X,0x0000000080002892] -> 0x0840
[1705] [M]: 0x0000000080002890 (0x0840006F) jal x0, 0x84                            skp_adj_Mepc+8

clint mtime 0x0000000000000355 (mip.MTI <- 0b1, mip.STI <- 0b0)
mem[X,0x0000000080002914] -> 0x8433
mem[X,0x0000000080002916] -> 0x4083
[1706] [M]: 0x0000000080002914 (0x40838433) sub x8, x7, x8                          adj_Mtval+0
x8 <- 0x00000000341494F1

mem[X,0x0000000080002918] -> 0x3C23
mem[X,0x000000008000291A] -> 0x0083
[1707] [M]: 0x0000000080002918 (0x00833C23) sd x8, 0x18(x6)                         sv_Mtval+0
mem[W,0x000000008000A610] <- 0x00000000341494F1

clint mtime 0x0000000000000356 (mip.MTI <- 0b1, mip.STI <- 0b0)
mem[X,0x000000008000291C] -> 0x3483
mem[X,0x000000008000291E] -> 0x2181
[1708] [M]: 0x000000008000291C (0x21813483) ld x9, 0x218(x2)                        skp_Mtval+0
mem[R,0x0000000080005218] -> 0x000000008000A618
x9 <- 0x000000008000A618

mem[X,0x0000000080002920] -> 0x3383
mem[X,0x0000000080002922] -> 0x1F81
[1709] [M]: 0x0000000080002920 (0x1F813383) ld x7, 0x1f8(x2)                        skp_Mtval+4
mem[R,0x00000000800051F8] -> 0x000000008000A110
x7 <- 0x000000008000A110

clint mtime 0x0000000000000357 (mip.MTI <- 0b1, mip.STI <- 0b0)
mem[X,0x0000000080002924] -> 0x3303
mem[X,0x0000000080002926] -> 0x2001
[1710] [M]: 0x0000000080002924 (0x20013303) ld x6, 0x200(x2)                        skp_Mtval+8
mem[R,0x0000000080005200] -> 0x0000000000000610
x6 <- 0x0000000000000610

mem[X,0x0000000080002928] -> 0x0333
mem[X,0x000000008000292A] -> 0x0073
[1711] [M]: 0x0000000080002928 (0x00730333) add x6, x6, x7                          skp_Mtval+12
x6 <- 0x000000008000A720

clint mtime 0x0000000000000358 (mip.MTI <- 0b1, mip.STI <- 0b0)
mem[X,0x000000008000292C] -> 0x6AE3
mem[X,0x000000008000292E] -> 0xAE93
[1712] [M]: 0x000000008000292C (0xAE936AE3) bltu x6, x9, -0x50c                     skp_Mtval+16

mem[X,0x0000000080002930] -> 0x0393
mem[X,0x0000000080002932] -> 0x2000
[1713] [M]: 0x0000000080002930 (0x20000393) addi x7, x0, 0x200                      skp_Mtval+20
x7 <- 0x0000000000000200

clint mtime 0x0000000000000359 (mip.MTI <- 0b1, mip.STI <- 0b0)
mem[X,0x0000000080002934] -> 0x006F
mem[X,0x0000000080002936] -> 0x0400
[1714] [M]: 0x0000000080002934 (0x0400006F) jal x0, 0x40                            skp_Mtval+24

mem[X,0x0000000080002974] -> 0x0417
mem[X,0x0000000080002976] -> 0x0000
[1715] [M]: 0x0000000080002974 (0x00000417) auipc x8, 0x0                           spcl_Mhandler+0
x8 <- 0x0000000080002974

clint mtime 0x000000000000035A (mip.MTI <- 0b1, mip.STI <- 0b0)
mem[X,0x0000000080002978] -> 0x0413
mem[X,0x000000008000297A] -> 0x03C4
[1716] [M]: 0x0000000080002978 (0x03C40413) addi x8, x8, 0x3c                       spcl_Mhandler+4
x8 <- 0x00000000800029B0

mem[X,0x000000008000297C] -> 0x0433
mem[X,0x000000008000297E] -> 0x0074
[1717] [M]: 0x000000008000297C (0x00740433) add x8, x8, x7                          spcl_Mhandler+8
x8 <- 0x0000000080002BB0

clint mtime 0x000000000000035B (mip.MTI <- 0b1, mip.STI <- 0b0)
mem[X,0x0000000080002980] -> 0x1393
mem[X,0x0000000080002982] -> 0x0035
[1718] [M]: 0x0000000080002980 (0x00351393) slli x7, x10, 0x3                       spcl_Mhandler+12
x7 <- 0x0000000000000010

mem[X,0x0000000080002984] -> 0x0433
mem[X,0x0000000080002986] -> 0x0074
[1719] [M]: 0x0000000080002984 (0x00740433) add x8, x8, x7                          spcl_Mhandler+16
x8 <- 0x0000000080002BC0

clint mtime 0x000000000000035C (mip.MTI <- 0b1, mip.STI <- 0b0)
mem[X,0x0000000080002988] -> 0x7413
mem[X,0x000000008000298A] -> 0xFF84
[1720] [M]: 0x0000000080002988 (0xFF847413) andi x8, x8, -0x8                       spcl_Mhandler+20
x8 <- 0x0000000080002BC0

mem[X,0x000000008000298C] -> 0x3403
mem[X,0x000000008000298E] -> 0x0004
[1721] [M]: 0x000000008000298C (0x00043403) ld x8, 0x0(x8)                          spcl_Mhandler+24
mem[R,0x0000000080002BC0] -> 0x0000000000000005
x8 <- 0x0000000000000005

clint mtime 0x000000000000035D (mip.MTI <- 0b1, mip.STI <- 0b0)
mem[X,0x0000000080002990] -> 0x02E3
mem[X,0x0000000080002992] -> 0xB204
[1722] [M]: 0x0000000080002990 (0xB20402E3) beq x8, x0, -0x4dc                      spcl_Mdispatch_hndling+0

mem[X,0x0000000080002994] -> 0x1393
mem[X,0x0000000080002996] -> 0x03F4
[1723] [M]: 0x0000000080002994 (0x03F41393) slli x7, x8, 0x3f                       spcl_Mdispatch_hndling+4
x7 <- 0x8000000000000000

clint mtime 0x000000000000035E (mip.MTI <- 0b1, mip.STI <- 0b0)
mem[X,0x0000000080002998] -> 0xD863
mem[X,0x000000008000299A] -> 0x0003
[1724] [M]: 0x0000000080002998 (0x0003D863) bge x7, x0, 0x10                        spcl_Mdispatch_hndling+8

mem[X,0x000000008000299C] -> 0x5413
mem[X,0x000000008000299E] -> 0x0014
[1725] [M]: 0x000000008000299C (0x00145413) srli x8, x8, 0x1                        spcl_Mdispatch_hndling+12
x8 <- 0x0000000000000002

clint mtime 0x000000000000035F (mip.MTI <- 0b1, mip.STI <- 0b0)
mem[X,0x00000000800029A0] -> 0x0CE3
mem[X,0x00000000800029A2] -> 0xF885
[1726] [M]: 0x00000000800029A0 (0xF8850CE3) beq x10, x8, -0x68                      spcl_Mdispatch_hndling+16

mem[X,0x0000000080002938] -> 0x3303
mem[X,0x000000008000293A] -> 0x2601
[1727] [M]: 0x0000000080002938 (0x26013303) ld x6, 0x260(x2)                        resto_Mrtn+0
mem[R,0x0000000080005260] -> 0xFFFFFFFF7FFFF16C
x6 <- 0xFFFFFFFF7FFFF16C

clint mtime 0x0000000000000360 (mip.MTI <- 0b1, mip.STI <- 0b0)
mem[X,0x000000008000293C] -> 0x3383
mem[X,0x000000008000293E] -> 0x2681
[1728] [M]: 0x000000008000293C (0x26813383) ld x7, 0x268(x2)                        resto_Mrtn+4
mem[R,0x0000000080005268] -> 0x0000000080005000
x7 <- 0x0000000080005000

mem[X,0x0000000080002940] -> 0x3403
mem[X,0x0000000080002942] -> 0x2701
[1729] [M]: 0x0000000080002940 (0x27013403) ld x8, 0x270(x2)                        resto_Mrtn+8
mem[R,0x0000000080005270] -> 0x0000000000007F76
x8 <- 0x0000000000007F76

clint mtime 0x0000000000000361 (mip.MTI <- 0b1, mip.STI <- 0b0)
mem[X,0x0000000080002944] -> 0x3483
mem[X,0x0000000080002946] -> 0x2781
[1730] [M]: 0x0000000080002944 (0x27813483) ld x9, 0x278(x2)                        resto_Mrtn+12
mem[R,0x0000000080005278] -> 0x0000030000000148
x9 <- 0x0000030000000148

mem[X,0x0000000080002948] -> 0x3503
mem[X,0x000000008000294A] -> 0x2801
[1731] [M]: 0x0000000080002948 (0x28013503) ld x10, 0x280(x2)                       resto_Mrtn+16
mem[R,0x0000000080005280] -> 0x00000000200000CF
x10 <- 0x00000000200000CF

clint mtime 0x0000000000000362 (mip.MTI <- 0b1, mip.STI <- 0b0)
mem[X,0x000000008000294C] -> 0x3583
mem[X,0x000000008000294E] -> 0x2881
[1732] [M]: 0x000000008000294C (0x28813583) ld x11, 0x288(x2)                       resto_Mrtn+20
mem[R,0x0000000080005288] -> 0x00000000000000CF
x11 <- 0x00000000000000CF

mem[X,0x0000000080002950] -> 0x3103
mem[X,0x0000000080002952] -> 0x2901
[1733] [M]: 0x0000000080002950 (0x29013103) ld x2, 0x290(x2)                        resto_Mrtn+24
mem[R,0x0000000080005290] -> 0x0000000000000000
x2 <- 0x0000000000000000

clint mtime 0x0000000000000363 (mip.MTI <- 0b1, mip.STI <- 0b0)
mem[X,0x0000000080002954] -> 0x0073
mem[X,0x0000000080002956] -> 0x3020
[1734] [M]: 0x0000000080002954 (0x30200073) mret                                    resto_Mrtn+28
CSR mstatus (0x300) <- 0x0000000A00040080
ret-ing from M to S

mem[X,0x0000000080000FEC] -> 0x07B7
mem[X,0x0000000080000FEE] -> 0x0000
[1735] [S]: 0x0000030080000FEC (0x000007B7) lui x15, 0x0                            va_rvtest_code_begin+2096
x15 <- 0x0000000000000000

clint mtime 0x0000000000000364 (mip.MTI <- 0b1, mip.STI <- 0b0)
mem[X,0x0000000080000FF0] -> 0x8793
mem[X,0x0000000080000FF2] -> 0x2807
[1736] [S]: 0x0000030080000FF0 (0x28078793) addi x15, x15, 0x280                    va_rvtest_code_begin+2100
x15 <- 0x0000000000000280

mem[X,0x0000000080000FF4] -> 0x9793
mem[X,0x0000000080000FF6] -> 0x00B7
[1737] [S]: 0x0000030080000FF4 (0x00B79793) slli x15, x15, 0xb                      va_rvtest_code_begin+2104
x15 <- 0x0000000000140000

clint mtime 0x0000000000000365 (mip.MTI <- 0b1, mip.STI <- 0b0)
mem[X,0x0000000080000FF8] -> 0x8793
mem[X,0x0000000080000FFA] -> 0x0007
[1738] [S]: 0x0000030080000FF8 (0x00078793) addi x15, x15, 0x0                      va_rvtest_code_begin+2108
x15 <- 0x0000000000140000

mem[X,0x0000000080000FFC] -> 0x9793
mem[X,0x0000000080000FFE] -> 0x00B7
[1739] [S]: 0x0000030080000FFC (0x00B79793) slli x15, x15, 0xb                      va_rvtest_code_begin+2112
x15 <- 0x00000000A0000000

clint mtime 0x0000000000000366 (mip.MTI <- 0b1, mip.STI <- 0b0)
PTW: Start, vpn=0x30080001, access_type=X, privilege=Smem[R,0x0000000080009030] -> 0x00000000000000CB
PTW: Step, level=3, pte=0xCB, pte_addr=0x80009030
PTW: Success, final_ppn=0x80001, level=3mem[X,0x0000000080001000] -> 0x8793
PTW: Start, vpn=0x30080001, access_type=X, privilege=Smem[R,0x0000000080009030] -> 0x00000000000000CB
PTW: Step, level=3, pte=0xCB, pte_addr=0x80009030
PTW: Success, final_ppn=0x80001, level=3mem[X,0x0000000080001002] -> 0x0017
[1740] [S]: 0x0000030080001000 (0x00178793) addi x15, x15, 0x1                      va_rvtest_code_begin+2116
x15 <- 0x00000000A0000001

PTW: Start, vpn=0x30080001, access_type=X, privilege=Smem[R,0x0000000080009030] -> 0x00000000000000CB
PTW: Step, level=3, pte=0xCB, pte_addr=0x80009030
PTW: Success, final_ppn=0x80001, level=3mem[X,0x0000000080001004] -> 0x9793
PTW: Start, vpn=0x30080001, access_type=X, privilege=Smem[R,0x0000000080009030] -> 0x00000000000000CB
PTW: Step, level=3, pte=0xCB, pte_addr=0x80009030
PTW: Success, final_ppn=0x80001, level=3mem[X,0x0000000080001006] -> 0x00A7
[1741] [S]: 0x0000030080001004 (0x00A79793) slli x15, x15, 0xa                      va_rvtest_code_begin+2120
x15 <- 0x0000028000000400

clint mtime 0x0000000000000367 (mip.MTI <- 0b1, mip.STI <- 0b0)
PTW: Start, vpn=0x30080001, access_type=X, privilege=Smem[R,0x0000000080009030] -> 0x00000000000000CB
PTW: Step, level=3, pte=0xCB, pte_addr=0x80009030
PTW: Success, final_ppn=0x80001, level=3mem[X,0x0000000080001008] -> 0x0613
PTW: Start, vpn=0x30080001, access_type=X, privilege=Smem[R,0x0000000080009030] -> 0x00000000000000CB
PTW: Step, level=3, pte=0xCB, pte_addr=0x80009030
PTW: Success, final_ppn=0x80001, level=3mem[X,0x000000008000100A] -> 0x0106
[1742] [S]: 0x0000030080001008 (0x01060613) addi x12, x12, 0x10                     va_rvtest_code_begin+2124
x12 <- 0x0000000000000040

PTW: Start, vpn=0x30080001, access_type=X, privilege=Smem[R,0x0000000080009030] -> 0x00000000000000CB
PTW: Step, level=3, pte=0xCB, pte_addr=0x80009030
PTW: Success, final_ppn=0x80001, level=3mem[X,0x000000008000100C] -> 0xAA23
PTW: Start, vpn=0x30080001, access_type=X, privilege=Smem[R,0x0000000080009030] -> 0x00000000000000CB
PTW: Step, level=3, pte=0xCB, pte_addr=0x80009030
PTW: Success, final_ppn=0x80001, level=3mem[X,0x000000008000100E] -> 0x00C7
[1743] [S]: 0x000003008000100C (0x00C7AA23) sw x12, 0x14(x15)                       va_rvtest_code_begin+2128
PTW: Start, vpn=0x28000000, access_type=W, privilege=Smem[R,0x0000000080009028] -> 0x0000000020002001
PTW: Step, level=3, pte=0x20002001, pte_addr=0x80009028
PTW: Start, vpn=0x28000000, access_type=W, privilege=Smem[R,0x0000000080008000] -> 0x00000000200000CF
PTW: Step, level=2, pte=0x200000CF, pte_addr=0x80008000
PTW: Success, final_ppn=0x80000, level=2mem[W,0x0000000080000414] <- 0x00000040

clint mtime 0x0000000000000368 (mip.MTI <- 0b1, mip.STI <- 0b0)
PTW: Start, vpn=0x30080001, access_type=X, privilege=Smem[R,0x0000000080009030] -> 0x00000000000000CB
PTW: Step, level=3, pte=0xCB, pte_addr=0x80009030
PTW: Success, final_ppn=0x80001, level=3mem[X,0x0000000080001010] -> 0x0013
PTW: Start, vpn=0x30080001, access_type=X, privilege=Smem[R,0x0000000080009030] -> 0x00000000000000CB
PTW: Step, level=3, pte=0xCB, pte_addr=0x80009030
PTW: Success, final_ppn=0x80001, level=3mem[X,0x0000000080001012] -> 0x0000
[1744] [S]: 0x0000030080001010 (0x00000013) addi x0, x0, 0x0                        va_rvtest_code_begin+2132

PTW: Start, vpn=0x30080001, access_type=X, privilege=Smem[R,0x0000000080009030] -> 0x00000000000000CB
PTW: Step, level=3, pte=0xCB, pte_addr=0x80009030
PTW: Success, final_ppn=0x80001, level=3mem[X,0x0000000080001014] -> 0xA703
PTW: Start, vpn=0x30080001, access_type=X, privilege=Smem[R,0x0000000080009030] -> 0x00000000000000CB
PTW: Step, level=3, pte=0xCB, pte_addr=0x80009030
PTW: Success, final_ppn=0x80001, level=3mem[X,0x0000000080001016] -> 0x0147
[1745] [S]: 0x0000030080001014 (0x0147A703) lw x14, 0x14(x15)                       va_rvtest_code_begin+2136
PTW: Start, vpn=0x28000000, access_type=R, privilege=Smem[R,0x0000000080009028] -> 0x0000000020002001
PTW: Step, level=3, pte=0x20002001, pte_addr=0x80009028
PTW: Start, vpn=0x28000000, access_type=R, privilege=Smem[R,0x0000000080008000] -> 0x00000000200000CF
PTW: Step, level=2, pte=0x200000CF, pte_addr=0x80008000
PTW: Success, final_ppn=0x80000, level=2mem[R,0x0000000080000414] -> 0x00000040
x14 <- 0x0000000000000040

clint mtime 0x0000000000000369 (mip.MTI <- 0b1, mip.STI <- 0b0)
PTW: Start, vpn=0x30080001, access_type=X, privilege=Smem[R,0x0000000080009030] -> 0x00000000000000CB
PTW: Step, level=3, pte=0xCB, pte_addr=0x80009030
PTW: Success, final_ppn=0x80001, level=3mem[X,0x0000000080001018] -> 0x0013
PTW: Start, vpn=0x30080001, access_type=X, privilege=Smem[R,0x0000000080009030] -> 0x00000000000000CB
PTW: Step, level=3, pte=0xCB, pte_addr=0x80009030
PTW: Success, final_ppn=0x80001, level=3mem[X,0x000000008000101A] -> 0x0000
[1746] [S]: 0x0000030080001018 (0x00000013) addi x0, x0, 0x0                        va_rvtest_code_begin+2140

PTW: Start, vpn=0x30080001, access_type=X, privilege=Smem[R,0x0000000080009030] -> 0x00000000000000CB
PTW: Step, level=3, pte=0xCB, pte_addr=0x80009030
PTW: Success, final_ppn=0x80001, level=3mem[X,0x000000008000101C] -> 0x51B7
PTW: Start, vpn=0x30080001, access_type=X, privilege=Smem[R,0x0000000080009030] -> 0x00000000000000CB
PTW: Step, level=3, pte=0xCB, pte_addr=0x80009030
PTW: Success, final_ppn=0x80001, level=3mem[X,0x000000008000101E] -> 0x0000
[1747] [S]: 0x000003008000101C (0x000051B7) lui x3, 0x5                             va_rvtest_code_begin+2144
x3 <- 0x0000000000005000

clint mtime 0x000000000000036A (mip.MTI <- 0b1, mip.STI <- 0b0)
PTW: Start, vpn=0x30080001, access_type=X, privilege=Smem[R,0x0000000080009030] -> 0x00000000000000CB
PTW: Step, level=3, pte=0xCB, pte_addr=0x80009030
PTW: Success, final_ppn=0x80001, level=3mem[X,0x0000000080001020] -> 0x8193
PTW: Start, vpn=0x30080001, access_type=X, privilege=Smem[R,0x0000000080009030] -> 0x00000000000000CB
PTW: Step, level=3, pte=0xCB, pte_addr=0x80009030
PTW: Success, final_ppn=0x80001, level=3mem[X,0x0000000080001022] -> 0x6671
[1748] [S]: 0x0000030080001020 (0x66718193) addi x3, x3, 0x667                      va_rvtest_code_begin+2148
x3 <- 0x0000000000005667

PTW: Start, vpn=0x30080001, access_type=X, privilege=Smem[R,0x0000000080009030] -> 0x00000000000000CB
PTW: Step, level=3, pte=0xCB, pte_addr=0x80009030
PTW: Success, final_ppn=0x80001, level=3mem[X,0x0000000080001024] -> 0x9193
PTW: Start, vpn=0x30080001, access_type=X, privilege=Smem[R,0x0000000080009030] -> 0x00000000000000CB
PTW: Step, level=3, pte=0xCB, pte_addr=0x80009030
PTW: Success, final_ppn=0x80001, level=3mem[X,0x0000000080001026] -> 0x0011
[1749] [S]: 0x0000030080001024 (0x00119193) slli x3, x3, 0x1                        va_rvtest_code_begin+2152
x3 <- 0x000000000000ACCE

clint mtime 0x000000000000036B (mip.MTI <- 0b1, mip.STI <- 0b0)
PTW: Start, vpn=0x30080001, access_type=X, privilege=Smem[R,0x0000000080009030] -> 0x00000000000000CB
PTW: Step, level=3, pte=0xCB, pte_addr=0x80009030
PTW: Success, final_ppn=0x80001, level=3mem[X,0x0000000080001028] -> 0x0013
PTW: Start, vpn=0x30080001, access_type=X, privilege=Smem[R,0x0000000080009030] -> 0x00000000000000CB
PTW: Step, level=3, pte=0xCB, pte_addr=0x80009030
PTW: Success, final_ppn=0x80001, level=3mem[X,0x000000008000102A] -> 0x0000
[1750] [S]: 0x0000030080001028 (0x00000013) addi x0, x0, 0x0                        va_rvtest_code_begin+2156

PTW: Start, vpn=0x30080001, access_type=X, privilege=Smem[R,0x0000000080009030] -> 0x00000000000000CB
PTW: Step, level=3, pte=0xCB, pte_addr=0x80009030
PTW: Success, final_ppn=0x80001, level=3mem[X,0x000000008000102C] -> 0x0013
PTW: Start, vpn=0x30080001, access_type=X, privilege=Smem[R,0x0000000080009030] -> 0x00000000000000CB
PTW: Step, level=3, pte=0xCB, pte_addr=0x80009030
PTW: Success, final_ppn=0x80001, level=3mem[X,0x000000008000102E] -> 0x0000
[1751] [S]: 0x000003008000102C (0x00000013) addi x0, x0, 0x0                        va_rvtest_code_begin+2160

clint mtime 0x000000000000036C (mip.MTI <- 0b1, mip.STI <- 0b0)
PTW: Start, vpn=0x30080001, access_type=X, privilege=Smem[R,0x0000000080009030] -> 0x00000000000000CB
PTW: Step, level=3, pte=0xCB, pte_addr=0x80009030
PTW: Success, final_ppn=0x80001, level=3mem[X,0x0000000080001030] -> 0x0013
PTW: Start, vpn=0x30080001, access_type=X, privilege=Smem[R,0x0000000080009030] -> 0x00000000000000CB
PTW: Step, level=3, pte=0xCB, pte_addr=0x80009030
PTW: Success, final_ppn=0x80001, level=3mem[X,0x0000000080001032] -> 0x0000
[1752] [S]: 0x0000030080001030 (0x00000013) addi x0, x0, 0x0                        va_rvtest_code_begin+2164

PTW: Start, vpn=0x30080001, access_type=X, privilege=Smem[R,0x0000000080009030] -> 0x00000000000000CB
PTW: Step, level=3, pte=0xCB, pte_addr=0x80009030
PTW: Success, final_ppn=0x80001, level=3mem[X,0x0000000080001034] -> 0x0013
PTW: Start, vpn=0x30080001, access_type=X, privilege=Smem[R,0x0000000080009030] -> 0x00000000000000CB
PTW: Step, level=3, pte=0xCB, pte_addr=0x80009030
PTW: Success, final_ppn=0x80001, level=3mem[X,0x0000000080001036] -> 0x0000
[1753] [S]: 0x0000030080001034 (0x00000013) addi x0, x0, 0x0                        va_rvtest_code_begin+2168

clint mtime 0x000000000000036D (mip.MTI <- 0b1, mip.STI <- 0b0)
PTW: Start, vpn=0x30080001, access_type=X, privilege=Smem[R,0x0000000080009030] -> 0x00000000000000CB
PTW: Step, level=3, pte=0xCB, pte_addr=0x80009030
PTW: Success, final_ppn=0x80001, level=3mem[X,0x0000000080001038] -> 0x0013
PTW: Start, vpn=0x30080001, access_type=X, privilege=Smem[R,0x0000000080009030] -> 0x00000000000000CB
PTW: Step, level=3, pte=0xCB, pte_addr=0x80009030
PTW: Success, final_ppn=0x80001, level=3mem[X,0x000000008000103A] -> 0x0000
[1754] [S]: 0x0000030080001038 (0x00000013) addi x0, x0, 0x0                        va_rvtest_code_begin+2172

PTW: Start, vpn=0x30080001, access_type=X, privilege=Smem[R,0x0000000080009030] -> 0x00000000000000CB
PTW: Step, level=3, pte=0xCB, pte_addr=0x80009030
PTW: Success, final_ppn=0x80001, level=3mem[X,0x000000008000103C] -> 0x0013
PTW: Start, vpn=0x30080001, access_type=X, privilege=Smem[R,0x0000000080009030] -> 0x00000000000000CB
PTW: Step, level=3, pte=0xCB, pte_addr=0x80009030
PTW: Success, final_ppn=0x80001, level=3mem[X,0x000000008000103E] -> 0x0000
[1755] [S]: 0x000003008000103C (0x00000013) addi x0, x0, 0x0                        va_rvtest_code_begin+2176

clint mtime 0x000000000000036E (mip.MTI <- 0b1, mip.STI <- 0b0)
PTW: Start, vpn=0x30080001, access_type=X, privilege=Smem[R,0x0000000080009030] -> 0x00000000000000CB
PTW: Step, level=3, pte=0xCB, pte_addr=0x80009030
PTW: Success, final_ppn=0x80001, level=3mem[X,0x0000000080001040] -> 0x0217
PTW: Start, vpn=0x30080001, access_type=X, privilege=Smem[R,0x0000000080009030] -> 0x00000000000000CB
PTW: Step, level=3, pte=0xCB, pte_addr=0x80009030
PTW: Success, final_ppn=0x80001, level=3mem[X,0x0000000080001042] -> 0x0000
[1756] [S]: 0x0000030080001040 (0x00000217) auipc x4, 0x0                           va_rvtest_code_begin+2180
x4 <- 0x0000030080001040

PTW: Start, vpn=0x30080001, access_type=X, privilege=Smem[R,0x0000000080009030] -> 0x00000000000000CB
PTW: Step, level=3, pte=0xCB, pte_addr=0x80009030
PTW: Success, final_ppn=0x80001, level=3mem[X,0x0000000080001044] -> 0x0213
PTW: Start, vpn=0x30080001, access_type=X, privilege=Smem[R,0x0000000080009030] -> 0x00000000000000CB
PTW: Step, level=3, pte=0xCB, pte_addr=0x80009030
PTW: Success, final_ppn=0x80001, level=3mem[X,0x0000000080001046] -> 0x02C2
[1757] [S]: 0x0000030080001044 (0x02C20213) addi x4, x4, 0x2c                       va_rvtest_code_begin+2184
x4 <- 0x000003008000106C

clint mtime 0x000000000000036F (mip.MTI <- 0b1, mip.STI <- 0b0)
PTW: Start, vpn=0x30080001, access_type=X, privilege=Smem[R,0x0000000080009030] -> 0x00000000000000CB
PTW: Step, level=3, pte=0xCB, pte_addr=0x80009030
PTW: Success, final_ppn=0x80001, level=3mem[X,0x0000000080001048] -> 0x0001
[1758] [S]: 0x0000030080001048 (0x0001) c.nop                                       va_rvtest_code_begin+2188

PTW: Start, vpn=0x30080001, access_type=X, privilege=Smem[R,0x0000000080009030] -> 0x00000000000000CB
PTW: Step, level=3, pte=0xCB, pte_addr=0x80009030
PTW: Success, final_ppn=0x80001, level=3mem[X,0x000000008000104A] -> 0x0013
PTW: Start, vpn=0x30080001, access_type=X, privilege=Smem[R,0x0000000080009030] -> 0x00000000000000CB
PTW: Step, level=3, pte=0xCB, pte_addr=0x80009030
PTW: Success, final_ppn=0x80001, level=3mem[X,0x000000008000104C] -> 0x0000
[1759] [S]: 0x000003008000104A (0x00000013) addi x0, x0, 0x0                        va_rvtest_code_begin+2190

clint mtime 0x0000000000000370 (mip.MTI <- 0b1, mip.STI <- 0b0)
PTW: Start, vpn=0x30080001, access_type=X, privilege=Smem[R,0x0000000080009030] -> 0x00000000000000CB
PTW: Step, level=3, pte=0xCB, pte_addr=0x80009030
PTW: Success, final_ppn=0x80001, level=3mem[X,0x000000008000104E] -> 0x0013
PTW: Start, vpn=0x30080001, access_type=X, privilege=Smem[R,0x0000000080009030] -> 0x00000000000000CB
PTW: Step, level=3, pte=0xCB, pte_addr=0x80009030
PTW: Success, final_ppn=0x80001, level=3mem[X,0x0000000080001050] -> 0x0000
[1760] [S]: 0x000003008000104E (0x00000013) addi x0, x0, 0x0                        va_rvtest_code_begin+2194

PTW: Start, vpn=0x30080001, access_type=X, privilege=Smem[R,0x0000000080009030] -> 0x00000000000000CB
PTW: Step, level=3, pte=0xCB, pte_addr=0x80009030
PTW: Success, final_ppn=0x80001, level=3mem[X,0x0000000080001052] -> 0x0013
PTW: Start, vpn=0x30080001, access_type=X, privilege=Smem[R,0x0000000080009030] -> 0x00000000000000CB
PTW: Step, level=3, pte=0xCB, pte_addr=0x80009030
PTW: Success, final_ppn=0x80001, level=3mem[X,0x0000000080001054] -> 0x0000
[1761] [S]: 0x0000030080001052 (0x00000013) addi x0, x0, 0x0                        va_rvtest_code_begin+2198

clint mtime 0x0000000000000371 (mip.MTI <- 0b1, mip.STI <- 0b0)
PTW: Start, vpn=0x30080001, access_type=X, privilege=Smem[R,0x0000000080009030] -> 0x00000000000000CB
PTW: Step, level=3, pte=0xCB, pte_addr=0x80009030
PTW: Success, final_ppn=0x80001, level=3mem[X,0x0000000080001056] -> 0x0013
PTW: Start, vpn=0x30080001, access_type=X, privilege=Smem[R,0x0000000080009030] -> 0x00000000000000CB
PTW: Step, level=3, pte=0xCB, pte_addr=0x80009030
PTW: Success, final_ppn=0x80001, level=3mem[X,0x0000000080001058] -> 0x0000
[1762] [S]: 0x0000030080001056 (0x00000013) addi x0, x0, 0x0                        va_rvtest_code_begin+2202

PTW: Start, vpn=0x30080001, access_type=X, privilege=Smem[R,0x0000000080009030] -> 0x00000000000000CB
PTW: Step, level=3, pte=0xCB, pte_addr=0x80009030
PTW: Success, final_ppn=0x80001, level=3mem[X,0x000000008000105A] -> 0x0013
PTW: Start, vpn=0x30080001, access_type=X, privilege=Smem[R,0x0000000080009030] -> 0x00000000000000CB
PTW: Step, level=3, pte=0xCB, pte_addr=0x80009030
PTW: Success, final_ppn=0x80001, level=3mem[X,0x000000008000105C] -> 0x0000
[1763] [S]: 0x000003008000105A (0x00000013) addi x0, x0, 0x0                        va_rvtest_code_begin+2206

clint mtime 0x0000000000000372 (mip.MTI <- 0b1, mip.STI <- 0b0)
PTW: Start, vpn=0x30080001, access_type=X, privilege=Smem[R,0x0000000080009030] -> 0x00000000000000CB
PTW: Step, level=3, pte=0xCB, pte_addr=0x80009030
PTW: Success, final_ppn=0x80001, level=3mem[X,0x000000008000105E] -> 0x0001
[1764] [S]: 0x000003008000105E (0x0001) c.nop                                       va_rvtest_code_begin+2210

PTW: Start, vpn=0x30080001, access_type=X, privilege=Smem[R,0x0000000080009030] -> 0x00000000000000CB
PTW: Step, level=3, pte=0xCB, pte_addr=0x80009030
PTW: Success, final_ppn=0x80001, level=3mem[X,0x0000000080001060] -> 0x80E7
PTW: Start, vpn=0x30080001, access_type=X, privilege=Smem[R,0x0000000080009030] -> 0x00000000000000CB
PTW: Step, level=3, pte=0xCB, pte_addr=0x80009030
PTW: Success, final_ppn=0x80001, level=3mem[X,0x0000000080001062] -> 0x0007
[1765] [S]: 0x0000030080001060 (0x000780E7) jalr x1, 0x0(x15)                       va_rvtest_code_begin+2212
x1 <- 0x0000030080001064

clint mtime 0x0000000000000373 (mip.MTI <- 0b1, mip.STI <- 0b0)
PTW: Start, vpn=0x28000000, access_type=X, privilege=Smem[R,0x0000000080009028] -> 0x0000000020002001
PTW: Step, level=3, pte=0x20002001, pte_addr=0x80009028
PTW: Start, vpn=0x28000000, access_type=X, privilege=Smem[R,0x0000000080008000] -> 0x00000000200000CF
PTW: Step, level=2, pte=0x200000CF, pte_addr=0x80008000
PTW: Success, final_ppn=0x80000, level=2mem[X,0x0000000080000400] -> 0x0013
mem[X,0x0000000080000402] -> 0x0000
[1766] [S]: 0x0000028000000400 (0x00000013) addi x0, x0, 0x0                        va_data+0

mem[X,0x0000000080000404] -> 0x8093
mem[X,0x0000000080000406] -> 0x0080
[1767] [S]: 0x0000028000000404 (0x00808093) addi x1, x1, 0x8                        va_data+4
x1 <- 0x000003008000106C

clint mtime 0x0000000000000374 (mip.MTI <- 0b1, mip.STI <- 0b0)
mem[X,0x0000000080000408] -> 0x8067
mem[X,0x000000008000040A] -> 0x0000
[1768] [S]: 0x0000028000000408 (0x00008067) jalr x0, 0x0(x1)                        va_data+8

PTW: Start, vpn=0x30080001, access_type=X, privilege=Smem[R,0x0000000080009030] -> 0x00000000000000CB
PTW: Step, level=3, pte=0xCB, pte_addr=0x80009030
PTW: Success, final_ppn=0x80001, level=3mem[X,0x000000008000106C] -> 0x0013
PTW: Start, vpn=0x30080001, access_type=X, privilege=Smem[R,0x0000000080009030] -> 0x00000000000000CB
PTW: Step, level=3, pte=0xCB, pte_addr=0x80009030
PTW: Success, final_ppn=0x80001, level=3mem[X,0x000000008000106E] -> 0x0000
[1769] [S]: 0x000003008000106C (0x00000013) addi x0, x0, 0x0                        va_rvtest_code_begin+2224

clint mtime 0x0000000000000375 (mip.MTI <- 0b1, mip.STI <- 0b0)
PTW: Start, vpn=0x30080001, access_type=X, privilege=Smem[R,0x0000000080009030] -> 0x00000000000000CB
PTW: Step, level=3, pte=0xCB, pte_addr=0x80009030
PTW: Success, final_ppn=0x80001, level=3mem[X,0x0000000080001070] -> 0x0013
PTW: Start, vpn=0x30080001, access_type=X, privilege=Smem[R,0x0000000080009030] -> 0x00000000000000CB
PTW: Step, level=3, pte=0xCB, pte_addr=0x80009030
PTW: Success, final_ppn=0x80001, level=3mem[X,0x0000000080001072] -> 0x0000
[1770] [S]: 0x0000030080001070 (0x00000013) addi x0, x0, 0x0                        va_rvtest_code_begin+2228

PTW: Start, vpn=0x30080001, access_type=X, privilege=Smem[R,0x0000000080009030] -> 0x00000000000000CB
PTW: Step, level=3, pte=0xCB, pte_addr=0x80009030
PTW: Success, final_ppn=0x80001, level=3mem[X,0x0000000080001074] -> 0x0013
PTW: Start, vpn=0x30080001, access_type=X, privilege=Smem[R,0x0000000080009030] -> 0x00000000000000CB
PTW: Step, level=3, pte=0xCB, pte_addr=0x80009030
PTW: Success, final_ppn=0x80001, level=3mem[X,0x0000000080001076] -> 0x0000
[1771] [S]: 0x0000030080001074 (0x00000013) addi x0, x0, 0x0                        va_rvtest_code_begin+2232

clint mtime 0x0000000000000376 (mip.MTI <- 0b1, mip.STI <- 0b0)
PTW: Start, vpn=0x30080001, access_type=X, privilege=Smem[R,0x0000000080009030] -> 0x00000000000000CB
PTW: Step, level=3, pte=0xCB, pte_addr=0x80009030
PTW: Success, final_ppn=0x80001, level=3mem[X,0x0000000080001078] -> 0x0113
PTW: Start, vpn=0x30080001, access_type=X, privilege=Smem[R,0x0000000080009030] -> 0x00000000000000CB
PTW: Step, level=3, pte=0xCB, pte_addr=0x80009030
PTW: Success, final_ppn=0x80001, level=3mem[X,0x000000008000107A] -> 0x0000
[1772] [S]: 0x0000030080001078 (0x00000113) addi x2, x0, 0x0                        va_rvtest_code_begin+2236
x2 <- 0x0000000000000000

PTW: Start, vpn=0x30080001, access_type=X, privilege=Smem[R,0x0000000080009030] -> 0x00000000000000CB
PTW: Step, level=3, pte=0xCB, pte_addr=0x80009030
PTW: Success, final_ppn=0x80001, level=3mem[X,0x000000008000107C] -> 0x0073
PTW: Start, vpn=0x30080001, access_type=X, privilege=Smem[R,0x0000000080009030] -> 0x00000000000000CB
PTW: Step, level=3, pte=0xCB, pte_addr=0x80009030
PTW: Success, final_ppn=0x80001, level=3mem[X,0x000000008000107E] -> 0x0000
[1773] [S]: 0x000003008000107C (0x00000073) ecall                                   va_rvtest_code_begin+2240
trapping from S to M to handle s-call
handling exc#s-call at priv M with tval 0x0000000000000000
CSR mstatus (0x300) <- 0x0000000A00040800
CSR mcause (0x342) <- 0x0000000000000009
CSR mtval (0x343) <- 0x0000000000000000
CSR mepc (0x341) <- 0x000003008000107C

clint mtime 0x0000000000000377 (mip.MTI <- 0b1, mip.STI <- 0b0)
mem[X,0x0000000080002500] -> 0x006F
mem[X,0x0000000080002502] -> 0x1000
[1774] [M]: 0x0000000080002500 (0x1000006F) jal x0, 0x100                           Mtrampoline+0

mem[X,0x0000000080002600] -> 0x1173
mem[X,0x0000000080002602] -> 0x3401
[1775] [M]: 0x0000000080002600 (0x34011173) csrrw x2, mscratch, x2                  trap_Mhandler+0
CSR mscratch (0x340) <- 0x0000000000000000
x2 <- 0x0000000080005000

clint mtime 0x0000000000000378 (mip.MTI <- 0b1, mip.STI <- 0b0)
mem[X,0x0000000080002604] -> 0x3423
mem[X,0x0000000080002606] -> 0x28B1
[1776] [M]: 0x0000000080002604 (0x28B13423) sd x11, 0x288(x2)                       trap_Mhandler+4
mem[W,0x0000000080005288] <- 0x00000000000000CF

mem[X,0x0000000080002608] -> 0x05EF
mem[X,0x000000008000260A] -> 0x0B80
[1777] [M]: 0x0000000080002608 (0x0B8005EF) jal x11, 0xb8                           trap_Mhandler+8
x11 <- 0x000000008000260C

clint mtime 0x0000000000000379 (mip.MTI <- 0b1, mip.STI <- 0b0)
mem[X,0x00000000800026C0] -> 0x3023
mem[X,0x00000000800026C2] -> 0x28A1
[1778] [M]: 0x00000000800026C0 (0x28A13023) sd x10, 0x280(x2)                       common_Mhandler+0
mem[W,0x0000000080005280] <- 0x00000000200000CF

mem[X,0x00000000800026C4] -> 0x1573
mem[X,0x00000000800026C6] -> 0x3401
[1779] [M]: 0x00000000800026C4 (0x34011573) csrrw x10, mscratch, x2                 common_Mhandler+4
CSR mscratch (0x340) <- 0x0000000080005000
x10 <- 0x0000000000000000

clint mtime 0x000000000000037A (mip.MTI <- 0b1, mip.STI <- 0b0)
mem[X,0x00000000800026C8] -> 0x3823
mem[X,0x00000000800026CA] -> 0x28A1
[1780] [M]: 0x00000000800026C8 (0x28A13823) sd x10, 0x290(x2)                       common_Mhandler+8
mem[W,0x0000000080005290] <- 0x0000000000000000

mem[X,0x00000000800026CC] -> 0x3503
mem[X,0x00000000800026CE] -> 0x2301
[1781] [M]: 0x00000000800026CC (0x23013503) ld x10, 0x230(x2)                       common_Mhandler+12
mem[R,0x0000000080005230] -> 0x00000000800026D4
x10 <- 0x00000000800026D4

clint mtime 0x000000000000037B (mip.MTI <- 0b1, mip.STI <- 0b0)
mem[X,0x00000000800026D0] -> 0x0067
mem[X,0x00000000800026D2] -> 0x0005
[1782] [M]: 0x00000000800026D0 (0x00050067) jalr x0, 0x0(x10)                       common_Mhandler+16

mem[X,0x00000000800026D4] -> 0x3C23
mem[X,0x00000000800026D6] -> 0x2691
[1783] [M]: 0x00000000800026D4 (0x26913C23) sd x9, 0x278(x2)                        common_Mentry+0
mem[W,0x0000000080005278] <- 0x0000030000000148

clint mtime 0x000000000000037C (mip.MTI <- 0b1, mip.STI <- 0b0)
mem[X,0x00000000800026D8] -> 0x3823
mem[X,0x00000000800026DA] -> 0x2681
[1784] [M]: 0x00000000800026D8 (0x26813823) sd x8, 0x270(x2)                        common_Mentry+4
mem[W,0x0000000080005270] <- 0x0000000000007F76

mem[X,0x00000000800026DC] -> 0x3423
mem[X,0x00000000800026DE] -> 0x2671
[1785] [M]: 0x00000000800026DC (0x26713423) sd x7, 0x268(x2)                        common_Mentry+8
mem[W,0x0000000080005268] <- 0x0000000080005000

clint mtime 0x000000000000037D (mip.MTI <- 0b1, mip.STI <- 0b0)
mem[X,0x00000000800026E0] -> 0x3023
mem[X,0x00000000800026E2] -> 0x2661
[1786] [M]: 0x00000000800026E0 (0x26613023) sd x6, 0x260(x2)                        common_Mentry+12
mem[W,0x0000000080005260] <- 0xFFFFFFFF7FFFF16C

mem[X,0x00000000800026E4] -> 0x2573
mem[X,0x00000000800026E6] -> 0x3420
[1787] [M]: 0x00000000800026E4 (0x34202573) csrrs x10, mcause, x0                   spcl_M2mmode_test+0
CSR mcause (0x342) -> 0x0000000000000009
x10 <- 0x0000000000000009

clint mtime 0x000000000000037E (mip.MTI <- 0b1, mip.STI <- 0b0)
mem[X,0x00000000800026E8] -> 0x04B7
mem[X,0x00000000800026EA] -> 0x8000
[1788] [M]: 0x00000000800026E8 (0x800004B7) lui x9, -0x80000                        spcl_M2mmode_test+4
x9 <- 0xFFFFFFFF80000000

mem[X,0x00000000800026EC] -> 0x8493
mem[X,0x00000000800026EE] -> 0x0004
[1789] [M]: 0x00000000800026EC (0x00048493) addi x9, x9, 0x0                        spcl_M2mmode_test+8
x9 <- 0xFFFFFFFF80000000

clint mtime 0x000000000000037F (mip.MTI <- 0b1, mip.STI <- 0b0)
mem[X,0x00000000800026F0] -> 0x9493
mem[X,0x00000000800026F2] -> 0x00B4
[1790] [M]: 0x00000000800026F0 (0x00B49493) slli x9, x9, 0xb                        spcl_M2mmode_test+12
x9 <- 0xFFFFFC0000000000

mem[X,0x00000000800026F4] -> 0x8493
mem[X,0x00000000800026F6] -> 0x0004
[1791] [M]: 0x00000000800026F4 (0x00048493) addi x9, x9, 0x0                        spcl_M2mmode_test+16
x9 <- 0xFFFFFC0000000000

clint mtime 0x0000000000000380 (mip.MTI <- 0b1, mip.STI <- 0b0)
mem[X,0x00000000800026F8] -> 0x9493
mem[X,0x00000000800026FA] -> 0x00B4
[1792] [M]: 0x00000000800026F8 (0x00B49493) slli x9, x9, 0xb                        spcl_M2mmode_test+20
x9 <- 0xFFE0000000000000

mem[X,0x00000000800026FC] -> 0x8493
mem[X,0x00000000800026FE] -> 0x0034
[1793] [M]: 0x00000000800026FC (0x00348493) addi x9, x9, 0x3                        spcl_M2mmode_test+24
x9 <- 0xFFE0000000000003

clint mtime 0x0000000000000381 (mip.MTI <- 0b1, mip.STI <- 0b0)
mem[X,0x0000000080002700] -> 0x9493
mem[X,0x0000000080002702] -> 0x00A4
[1794] [M]: 0x0000000080002700 (0x00A49493) slli x9, x9, 0xa                        spcl_M2mmode_test+28
x9 <- 0x8000000000000C00

mem[X,0x0000000080002704] -> 0x8493
mem[X,0x0000000080002706] -> 0x3FC4
[1795] [M]: 0x0000000080002704 (0x3FC48493) addi x9, x9, 0x3fc                      spcl_M2mmode_test+32
x9 <- 0x8000000000000FFC

clint mtime 0x0000000000000382 (mip.MTI <- 0b1, mip.STI <- 0b0)
mem[X,0x0000000080002708] -> 0xF4B3
mem[X,0x000000008000270A] -> 0x00A4
[1796] [M]: 0x0000000080002708 (0x00A4F4B3) and x9, x9, x10                         spcl_M2mmode_test+36
x9 <- 0x0000000000000008

mem[X,0x000000008000270C] -> 0x8493
mem[X,0x000000008000270E] -> 0xFF84
[1797] [M]: 0x000000008000270C (0xFF848493) addi x9, x9, -0x8                       spcl_M2mmode_test+40
x9 <- 0x0000000000000000

clint mtime 0x0000000000000383 (mip.MTI <- 0b1, mip.STI <- 0b0)
mem[X,0x0000000080002710] -> 0x9663
mem[X,0x0000000080002712] -> 0x0004
[1798] [M]: 0x0000000080002710 (0x00049663) bne x9, x0, 0xc                         spcl_M2mmode_test+44

mem[X,0x0000000080002714] -> 0x3383
mem[X,0x0000000080002716] -> 0x2901
[1799] [M]: 0x0000000080002714 (0x29013383) ld x7, 0x290(x2)                        spcl_M2mmode_test+48
mem[R,0x0000000080005290] -> 0x0000000000000000
x7 <- 0x0000000000000000

clint mtime 0x0000000000000384 (mip.MTI <- 0b1, mip.STI <- 0b0)
mem[X,0x0000000080002718] -> 0x8663
mem[X,0x000000008000271A] -> 0x6E03
[1800] [M]: 0x0000000080002718 (0x6E038663) beq x7, x0, 0x6ec                       spcl_M2mmode_test+52

mem[X,0x0000000080002E04] -> 0x0493
mem[X,0x0000000080002E06] -> 0xFF55
[1801] [M]: 0x0000000080002E04 (0xFF550493) addi x9, x10, -0xb                      rtn2mmode+0
x9 <- 0xFFFFFFFFFFFFFFFE

clint mtime 0x0000000000000385 (mip.MTI <- 0b1, mip.STI <- 0b0)
mem[X,0x0000000080002E08] -> 0x8C63
mem[X,0x0000000080002E0A] -> 0x0004
[1802] [M]: 0x0000000080002E08 (0x00048C63) beq x9, x0, 0x18                        rtn2mmode+4

mem[X,0x0000000080002E0C] -> 0x3583
mem[X,0x0000000080002E0E] -> 0x4701
[1803] [M]: 0x0000000080002E0C (0x47013583) ld x11, 0x470(x2)                       rtn2mmode+8
mem[R,0x0000000080005470] -> 0x00000300800007BC
x11 <- 0x00000300800007BC

clint mtime 0x0000000000000386 (mip.MTI <- 0b1, mip.STI <- 0b0)
mem[X,0x0000000080002E10] -> 0xD463
mem[X,0x0000000080002E12] -> 0x0003
[1804] [M]: 0x0000000080002E10 (0x0003D463) bge x7, x0, 0x8                         rtn2mmode+12

mem[X,0x0000000080002E18] -> 0x3483
mem[X,0x0000000080002E1A] -> 0x1D81
[1805] [M]: 0x0000000080002E18 (0x1D813483) ld x9, 0x1d8(x2)                        from_u_s+0
mem[R,0x00000000800051D8] -> 0x00000000800007D4
x9 <- 0x00000000800007D4

clint mtime 0x0000000000000387 (mip.MTI <- 0b1, mip.STI <- 0b0)
mem[X,0x0000000080002E1C] -> 0x84B3
mem[X,0x0000000080002E1E] -> 0x40B4
[1806] [M]: 0x0000000080002E1C (0x40B484B3) sub x9, x9, x11                         from_u_s+4
x9 <- 0xFFFFFD0000000018

mem[X,0x0000000080002E20] -> 0x23F3
mem[X,0x0000000080002E22] -> 0x3410
[1807] [M]: 0x0000000080002E20 (0x341023F3) csrrs x7, mepc, x0                      rtn_fm_mmode+0
CSR mepc (0x341) -> 0x000003008000107C
x7 <- 0x000003008000107C

clint mtime 0x0000000000000388 (mip.MTI <- 0b1, mip.STI <- 0b0)
mem[X,0x0000000080002E24] -> 0x83B3
mem[X,0x0000000080002E26] -> 0x0093
[1808] [M]: 0x0000000080002E24 (0x009383B3) add x7, x7, x9                          rtn_fm_mmode+4
x7 <- 0x0000000080001094

mem[X,0x0000000080002E28] -> 0x3303
mem[X,0x0000000080002E2A] -> 0x2601
[1809] [M]: 0x0000000080002E28 (0x26013303) ld x6, 0x260(x2)                        rtn_fm_mmode+8
mem[R,0x0000000080005260] -> 0xFFFFFFFF7FFFF16C
x6 <- 0xFFFFFFFF7FFFF16C

clint mtime 0x0000000000000389 (mip.MTI <- 0b1, mip.STI <- 0b0)
mem[X,0x0000000080002E2C] -> 0x3403
mem[X,0x0000000080002E2E] -> 0x2701
[1810] [M]: 0x0000000080002E2C (0x27013403) ld x8, 0x270(x2)                        rtn_fm_mmode+12
mem[R,0x0000000080005270] -> 0x0000000000007F76
x8 <- 0x0000000000007F76

mem[X,0x0000000080002E30] -> 0x3483
mem[X,0x0000000080002E32] -> 0x2781
[1811] [M]: 0x0000000080002E30 (0x27813483) ld x9, 0x278(x2)                        rtn_fm_mmode+16
mem[R,0x0000000080005278] -> 0x0000030000000148
x9 <- 0x0000030000000148

clint mtime 0x000000000000038A (mip.MTI <- 0b1, mip.STI <- 0b0)
mem[X,0x0000000080002E34] -> 0x3503
mem[X,0x0000000080002E36] -> 0x2801
[1812] [M]: 0x0000000080002E34 (0x28013503) ld x10, 0x280(x2)                       rtn_fm_mmode+20
mem[R,0x0000000080005280] -> 0x00000000200000CF
x10 <- 0x00000000200000CF

mem[X,0x0000000080002E38] -> 0x3583
mem[X,0x0000000080002E3A] -> 0x2881
[1813] [M]: 0x0000000080002E38 (0x28813583) ld x11, 0x288(x2)                       rtn_fm_mmode+24
mem[R,0x0000000080005288] -> 0x00000000000000CF
x11 <- 0x00000000000000CF

clint mtime 0x000000000000038B (mip.MTI <- 0b1, mip.STI <- 0b0)
mem[X,0x0000000080002E3C] -> 0x3103
mem[X,0x0000000080002E3E] -> 0x2901
[1814] [M]: 0x0000000080002E3C (0x29013103) ld x2, 0x290(x2)                        rtn_fm_mmode+28
mem[R,0x0000000080005290] -> 0x0000000000000000
x2 <- 0x0000000000000000

mem[X,0x0000000080002E40] -> 0x8067
mem[X,0x0000000080002E42] -> 0x0043
[1815] [M]: 0x0000000080002E40 (0x00438067) jalr x0, 0x4(x7)                        rtn_fm_mmode+32

clint mtime 0x000000000000038C (mip.MTI <- 0b1, mip.STI <- 0b0)
mem[X,0x0000000080001098] -> 0x0013
mem[X,0x000000008000109A] -> 0x0000
[1816] [M]: 0x0000000080001098 (0x00000013) addi x0, x0, 0x0                        main+2200

mem[X,0x000000008000109C] -> 0x0013
mem[X,0x000000008000109E] -> 0x0000
[1817] [M]: 0x000000008000109C (0x00000013) addi x0, x0, 0x0                        main+2204

clint mtime 0x000000000000038D (mip.MTI <- 0b1, mip.STI <- 0b0)
mem[X,0x00000000800010A0] -> 0x7517
mem[X,0x00000000800010A2] -> 0x0000
[1818] [M]: 0x00000000800010A0 (0x00007517) auipc x10, 0x7                          main+2208
x10 <- 0x00000000800080A0

mem[X,0x00000000800010A4] -> 0x0513
mem[X,0x00000000800010A6] -> 0xF605
[1819] [M]: 0x00000000800010A4 (0xF6050513) addi x10, x10, -0xa0                    main+2212
x10 <- 0x0000000080008000

clint mtime 0x000000000000038E (mip.MTI <- 0b1, mip.STI <- 0b0)
mem[X,0x00000000800010A8] -> 0x0001
[1820] [M]: 0x00000000800010A8 (0x0001) c.nop                                       main+2216

mem[X,0x00000000800010AA] -> 0x0013
mem[X,0x00000000800010AC] -> 0x0000
[1821] [M]: 0x00000000800010AA (0x00000013) addi x0, x0, 0x0                        main+2218

clint mtime 0x000000000000038F (mip.MTI <- 0b1, mip.STI <- 0b0)
mem[X,0x00000000800010AE] -> 0x0013
mem[X,0x00000000800010B0] -> 0x0000
[1822] [M]: 0x00000000800010AE (0x00000013) addi x0, x0, 0x0                        main+2222

mem[X,0x00000000800010B2] -> 0x0013
mem[X,0x00000000800010B4] -> 0x0000
[1823] [M]: 0x00000000800010B2 (0x00000013) addi x0, x0, 0x0                        main+2226

clint mtime 0x0000000000000390 (mip.MTI <- 0b1, mip.STI <- 0b0)
mem[X,0x00000000800010B6] -> 0x0013
mem[X,0x00000000800010B8] -> 0x0000
[1824] [M]: 0x00000000800010B6 (0x00000013) addi x0, x0, 0x0                        main+2230

mem[X,0x00000000800010BA] -> 0x0013
mem[X,0x00000000800010BC] -> 0x0000
[1825] [M]: 0x00000000800010BA (0x00000013) addi x0, x0, 0x0                        main+2234

clint mtime 0x0000000000000391 (mip.MTI <- 0b1, mip.STI <- 0b0)
mem[X,0x00000000800010BE] -> 0x0001
[1826] [M]: 0x00000000800010BE (0x0001) c.nop                                       main+2238

mem[X,0x00000000800010C0] -> 0x0593
mem[X,0x00000000800010C2] -> 0x0010
[1827] [M]: 0x00000000800010C0 (0x00100593) addi x11, x0, 0x1                       main+2240
x11 <- 0x0000000000000001

clint mtime 0x0000000000000392 (mip.MTI <- 0b1, mip.STI <- 0b0)
mem[X,0x00000000800010C4] -> 0x5513
mem[X,0x00000000800010C6] -> 0x00C5
[1828] [M]: 0x00000000800010C4 (0x00C55513) srli x10, x10, 0xc                      main+2244
x10 <- 0x0000000000080008

mem[X,0x00000000800010C8] -> 0x1513
mem[X,0x00000000800010CA] -> 0x00A5
[1829] [M]: 0x00000000800010C8 (0x00A51513) slli x10, x10, 0xa                      main+2248
x10 <- 0x0000000020002000

clint mtime 0x0000000000000393 (mip.MTI <- 0b1, mip.STI <- 0b0)
mem[X,0x00000000800010CC] -> 0x6533
mem[X,0x00000000800010CE] -> 0x00B5
[1830] [M]: 0x00000000800010CC (0x00B56533) or x10, x10, x11                        main+2252
x10 <- 0x0000000020002001

mem[X,0x00000000800010D0] -> 0x0013
mem[X,0x00000000800010D2] -> 0x0000
[1831] [M]: 0x00000000800010D0 (0x00000013) addi x0, x0, 0x0                        main+2256

clint mtime 0x0000000000000394 (mip.MTI <- 0b1, mip.STI <- 0b0)
mem[X,0x00000000800010D4] -> 0x0013
mem[X,0x00000000800010D6] -> 0x0000
[1832] [M]: 0x00000000800010D4 (0x00000013) addi x0, x0, 0x0                        main+2260

mem[X,0x00000000800010D8] -> 0x0013
mem[X,0x00000000800010DA] -> 0x0000
[1833] [M]: 0x00000000800010D8 (0x00000013) addi x0, x0, 0x0                        main+2264

clint mtime 0x0000000000000395 (mip.MTI <- 0b1, mip.STI <- 0b0)
mem[X,0x00000000800010DC] -> 0x0013
mem[X,0x00000000800010DE] -> 0x0000
[1834] [M]: 0x00000000800010DC (0x00000013) addi x0, x0, 0x0                        main+2268

mem[X,0x00000000800010E0] -> 0x8317
mem[X,0x00000000800010E2] -> 0x0000
[1835] [M]: 0x00000000800010E0 (0x00008317) auipc x6, 0x8                           main+2272
x6 <- 0x00000000800090E0

clint mtime 0x0000000000000396 (mip.MTI <- 0b1, mip.STI <- 0b0)
mem[X,0x00000000800010E4] -> 0x0313
mem[X,0x00000000800010E6] -> 0xF203
[1836] [M]: 0x00000000800010E4 (0xF2030313) addi x6, x6, -0xe0                      main+2276
x6 <- 0x0000000080009000

mem[X,0x00000000800010E8] -> 0x0001
[1837] [M]: 0x00000000800010E8 (0x0001) c.nop                                       main+2280

clint mtime 0x0000000000000397 (mip.MTI <- 0b1, mip.STI <- 0b0)
mem[X,0x00000000800010EA] -> 0x0013
mem[X,0x00000000800010EC] -> 0x0000
[1838] [M]: 0x00000000800010EA (0x00000013) addi x0, x0, 0x0                        main+2282

mem[X,0x00000000800010EE] -> 0x0013
mem[X,0x00000000800010F0] -> 0x0000
[1839] [M]: 0x00000000800010EE (0x00000013) addi x0, x0, 0x0                        main+2286

clint mtime 0x0000000000000398 (mip.MTI <- 0b1, mip.STI <- 0b0)
mem[X,0x00000000800010F2] -> 0x0013
mem[X,0x00000000800010F4] -> 0x0000
[1840] [M]: 0x00000000800010F2 (0x00000013) addi x0, x0, 0x0                        main+2290

mem[X,0x00000000800010F6] -> 0x0013
mem[X,0x00000000800010F8] -> 0x0000
[1841] [M]: 0x00000000800010F6 (0x00000013) addi x0, x0, 0x0                        main+2294

clint mtime 0x0000000000000399 (mip.MTI <- 0b1, mip.STI <- 0b0)
mem[X,0x00000000800010FA] -> 0x0013
mem[X,0x00000000800010FC] -> 0x0000
[1842] [M]: 0x00000000800010FA (0x00000013) addi x0, x0, 0x0                        main+2298

mem[X,0x00000000800010FE] -> 0x0001
[1843] [M]: 0x00000000800010FE (0x0001) c.nop                                       main+2302

clint mtime 0x000000000000039A (mip.MTI <- 0b1, mip.STI <- 0b0)
mem[X,0x0000000080001100] -> 0x0293
mem[X,0x0000000080001102] -> 0x0280
[1844] [M]: 0x0000000080001100 (0x02800293) addi x5, x0, 0x28                       main+2304
x5 <- 0x0000000000000028

mem[X,0x0000000080001104] -> 0x0333
mem[X,0x0000000080001106] -> 0x0053
[1845] [M]: 0x0000000080001104 (0x00530333) add x6, x6, x5                          main+2308
x6 <- 0x0000000080009028

clint mtime 0x000000000000039B (mip.MTI <- 0b1, mip.STI <- 0b0)
mem[X,0x0000000080001108] -> 0x3023
mem[X,0x000000008000110A] -> 0x00A3
[1846] [M]: 0x0000000080001108 (0x00A33023) sd x10, 0x0(x6)                         main+2312
mem[W,0x0000000080009028] <- 0x0000000020002001

mem[X,0x000000008000110C] -> 0x0013
mem[X,0x000000008000110E] -> 0x0000
[1847] [M]: 0x000000008000110C (0x00000013) addi x0, x0, 0x0                        main+2316

clint mtime 0x000000000000039C (mip.MTI <- 0b1, mip.STI <- 0b0)
mem[X,0x0000000080001110] -> 0x0013
mem[X,0x0000000080001112] -> 0x0000
[1848] [M]: 0x0000000080001110 (0x00000013) addi x0, x0, 0x0                        main+2320

mem[X,0x0000000080001114] -> 0x0013
mem[X,0x0000000080001116] -> 0x0000
[1849] [M]: 0x0000000080001114 (0x00000013) addi x0, x0, 0x0                        main+2324

clint mtime 0x000000000000039D (mip.MTI <- 0b1, mip.STI <- 0b0)
mem[X,0x0000000080001118] -> 0x0013
mem[X,0x000000008000111A] -> 0x0000
[1850] [M]: 0x0000000080001118 (0x00000013) addi x0, x0, 0x0                        main+2328

mem[X,0x000000008000111C] -> 0x0013
mem[X,0x000000008000111E] -> 0x0000
[1851] [M]: 0x000000008000111C (0x00000013) addi x0, x0, 0x0                        main+2332

clint mtime 0x000000000000039E (mip.MTI <- 0b1, mip.STI <- 0b0)
mem[X,0x0000000080001120] -> 0xF517
mem[X,0x0000000080001122] -> 0xFFFF
[1852] [M]: 0x0000000080001120 (0xFFFFF517) auipc x10, -0x1                         main+2336
x10 <- 0x0000000080000120

mem[X,0x0000000080001124] -> 0x0513
mem[X,0x0000000080001126] -> 0x2E05
[1853] [M]: 0x0000000080001124 (0x2E050513) addi x10, x10, 0x2e0                    main+2340
x10 <- 0x0000000080000400

clint mtime 0x000000000000039F (mip.MTI <- 0b1, mip.STI <- 0b0)
mem[X,0x0000000080001128] -> 0x0001
[1854] [M]: 0x0000000080001128 (0x0001) c.nop                                       main+2344

mem[X,0x000000008000112A] -> 0x0013
mem[X,0x000000008000112C] -> 0x0000
[1855] [M]: 0x000000008000112A (0x00000013) addi x0, x0, 0x0                        main+2346

clint mtime 0x00000000000003A0 (mip.MTI <- 0b1, mip.STI <- 0b0)
mem[X,0x000000008000112E] -> 0x0013
mem[X,0x0000000080001130] -> 0x0000
[1856] [M]: 0x000000008000112E (0x00000013) addi x0, x0, 0x0                        main+2350

mem[X,0x0000000080001132] -> 0x0013
mem[X,0x0000000080001134] -> 0x0000
[1857] [M]: 0x0000000080001132 (0x00000013) addi x0, x0, 0x0                        main+2354

clint mtime 0x00000000000003A1 (mip.MTI <- 0b1, mip.STI <- 0b0)
mem[X,0x0000000080001136] -> 0x0013
mem[X,0x0000000080001138] -> 0x0000
[1858] [M]: 0x0000000080001136 (0x00000013) addi x0, x0, 0x0                        main+2358

mem[X,0x000000008000113A] -> 0x0013
mem[X,0x000000008000113C] -> 0x0000
[1859] [M]: 0x000000008000113A (0x00000013) addi x0, x0, 0x0                        main+2362

clint mtime 0x00000000000003A2 (mip.MTI <- 0b1, mip.STI <- 0b0)
mem[X,0x000000008000113E] -> 0x0001
[1860] [M]: 0x000000008000113E (0x0001) c.nop                                       main+2366

mem[X,0x0000000080001140] -> 0x0593
mem[X,0x0000000080001142] -> 0x0C30
[1861] [M]: 0x0000000080001140 (0x0C300593) addi x11, x0, 0xc3                      main+2368
x11 <- 0x00000000000000C3

clint mtime 0x00000000000003A3 (mip.MTI <- 0b1, mip.STI <- 0b0)
mem[X,0x0000000080001144] -> 0x5513
mem[X,0x0000000080001146] -> 0x00C5
[1862] [M]: 0x0000000080001144 (0x00C55513) srli x10, x10, 0xc                      main+2372
x10 <- 0x0000000000080000

mem[X,0x0000000080001148] -> 0x1513
mem[X,0x000000008000114A] -> 0x00A5
[1863] [M]: 0x0000000080001148 (0x00A51513) slli x10, x10, 0xa                      main+2376
x10 <- 0x0000000020000000

clint mtime 0x00000000000003A4 (mip.MTI <- 0b1, mip.STI <- 0b0)
mem[X,0x000000008000114C] -> 0x6533
mem[X,0x000000008000114E] -> 0x00B5
[1864] [M]: 0x000000008000114C (0x00B56533) or x10, x10, x11                        main+2380
x10 <- 0x00000000200000C3

mem[X,0x0000000080001150] -> 0x0013
mem[X,0x0000000080001152] -> 0x0000
[1865] [M]: 0x0000000080001150 (0x00000013) addi x0, x0, 0x0                        main+2384

clint mtime 0x00000000000003A5 (mip.MTI <- 0b1, mip.STI <- 0b0)
mem[X,0x0000000080001154] -> 0x0013
mem[X,0x0000000080001156] -> 0x0000
[1866] [M]: 0x0000000080001154 (0x00000013) addi x0, x0, 0x0                        main+2388

mem[X,0x0000000080001158] -> 0x0013
mem[X,0x000000008000115A] -> 0x0000
[1867] [M]: 0x0000000080001158 (0x00000013) addi x0, x0, 0x0                        main+2392

clint mtime 0x00000000000003A6 (mip.MTI <- 0b1, mip.STI <- 0b0)
mem[X,0x000000008000115C] -> 0x0013
mem[X,0x000000008000115E] -> 0x0000
[1868] [M]: 0x000000008000115C (0x00000013) addi x0, x0, 0x0                        main+2396

mem[X,0x0000000080001160] -> 0x7317
mem[X,0x0000000080001162] -> 0x0000
[1869] [M]: 0x0000000080001160 (0x00007317) auipc x6, 0x7                           main+2400
x6 <- 0x0000000080008160

clint mtime 0x00000000000003A7 (mip.MTI <- 0b1, mip.STI <- 0b0)
mem[X,0x0000000080001164] -> 0x0313
mem[X,0x0000000080001166] -> 0xEA03
[1870] [M]: 0x0000000080001164 (0xEA030313) addi x6, x6, -0x160                     main+2404
x6 <- 0x0000000080008000

mem[X,0x0000000080001168] -> 0x0001
[1871] [M]: 0x0000000080001168 (0x0001) c.nop                                       main+2408

clint mtime 0x00000000000003A8 (mip.MTI <- 0b1, mip.STI <- 0b0)
mem[X,0x000000008000116A] -> 0x0013
mem[X,0x000000008000116C] -> 0x0000
[1872] [M]: 0x000000008000116A (0x00000013) addi x0, x0, 0x0                        main+2410

mem[X,0x000000008000116E] -> 0x0013
mem[X,0x0000000080001170] -> 0x0000
[1873] [M]: 0x000000008000116E (0x00000013) addi x0, x0, 0x0                        main+2414

clint mtime 0x00000000000003A9 (mip.MTI <- 0b1, mip.STI <- 0b0)
mem[X,0x0000000080001172] -> 0x0013
mem[X,0x0000000080001174] -> 0x0000
[1874] [M]: 0x0000000080001172 (0x00000013) addi x0, x0, 0x0                        main+2418

mem[X,0x0000000080001176] -> 0x0013
mem[X,0x0000000080001178] -> 0x0000
[1875] [M]: 0x0000000080001176 (0x00000013) addi x0, x0, 0x0                        main+2422

clint mtime 0x00000000000003AA (mip.MTI <- 0b1, mip.STI <- 0b0)
mem[X,0x000000008000117A] -> 0x0013
mem[X,0x000000008000117C] -> 0x0000
[1876] [M]: 0x000000008000117A (0x00000013) addi x0, x0, 0x0                        main+2426

mem[X,0x000000008000117E] -> 0x0001
[1877] [M]: 0x000000008000117E (0x0001) c.nop                                       main+2430

clint mtime 0x00000000000003AB (mip.MTI <- 0b1, mip.STI <- 0b0)
mem[X,0x0000000080001180] -> 0x0293
mem[X,0x0000000080001182] -> 0x0000
[1878] [M]: 0x0000000080001180 (0x00000293) addi x5, x0, 0x0                        main+2432
x5 <- 0x0000000000000000

mem[X,0x0000000080001184] -> 0x0333
mem[X,0x0000000080001186] -> 0x0053
[1879] [M]: 0x0000000080001184 (0x00530333) add x6, x6, x5                          main+2436
x6 <- 0x0000000080008000

clint mtime 0x00000000000003AC (mip.MTI <- 0b1, mip.STI <- 0b0)
mem[X,0x0000000080001188] -> 0x3023
mem[X,0x000000008000118A] -> 0x00A3
[1880] [M]: 0x0000000080001188 (0x00A33023) sd x10, 0x0(x6)                         main+2440
mem[W,0x0000000080008000] <- 0x00000000200000C3

mem[X,0x000000008000118C] -> 0x0073
mem[X,0x000000008000118E] -> 0x1200
[1881] [M]: 0x000000008000118C (0x12000073) sfence.vma x0, x0                       main+2444

clint mtime 0x00000000000003AD (mip.MTI <- 0b1, mip.STI <- 0b0)
mem[X,0x0000000080001190] -> 0x0493
mem[X,0x0000000080001192] -> 0x0010
[1882] [M]: 0x0000000080001190 (0x00100493) addi x9, x0, 0x1                        main+2448
x9 <- 0x0000000000000001

mem[X,0x0000000080001194] -> 0x9493
mem[X,0x0000000080001196] -> 0x00B4
[1883] [M]: 0x0000000080001194 (0x00B49493) slli x9, x9, 0xb                        main+2452
x9 <- 0x0000000000000800

clint mtime 0x00000000000003AE (mip.MTI <- 0b1, mip.STI <- 0b0)
mem[X,0x0000000080001198] -> 0xB073
mem[X,0x000000008000119A] -> 0x3004
[1884] [M]: 0x0000000080001198 (0x3004B073) csrrc x0, mstatus, x9                   main+2456
CSR mstatus (0x300) <- 0x0000000A00040000

mem[X,0x000000008000119C] -> 0x0493
mem[X,0x000000008000119E] -> 0x0010
[1885] [M]: 0x000000008000119C (0x00100493) addi x9, x0, 0x1                        main+2460
x9 <- 0x0000000000000001

clint mtime 0x00000000000003AF (mip.MTI <- 0b1, mip.STI <- 0b0)
mem[X,0x00000000800011A0] -> 0x9493
mem[X,0x00000000800011A2] -> 0x00B4
[1886] [M]: 0x00000000800011A0 (0x00B49493) slli x9, x9, 0xb                        main+2464
x9 <- 0x0000000000000800

mem[X,0x00000000800011A4] -> 0xA073
mem[X,0x00000000800011A6] -> 0x3004
[1887] [M]: 0x00000000800011A4 (0x3004A073) csrrs x0, mstatus, x9                   main+2468
CSR mstatus (0x300) <- 0x0000000A00040800

clint mtime 0x00000000000003B0 (mip.MTI <- 0b1, mip.STI <- 0b0)
mem[X,0x00000000800011A8] -> 0x23F3
mem[X,0x00000000800011AA] -> 0x3400
[1888] [M]: 0x00000000800011A8 (0x340023F3) csrrs x7, mscratch, x0                  main+2472
CSR mscratch (0x340) -> 0x0000000080005000
x7 <- 0x0000000080005000

mem[X,0x00000000800011AC] -> 0xB303
mem[X,0x00000000800011AE] -> 0x4703
[1889] [M]: 0x00000000800011AC (0x4703B303) ld x6, 0x470(x7)                        main+2476
mem[R,0x0000000080005470] -> 0x00000300800007BC
x6 <- 0x00000300800007BC

clint mtime 0x00000000000003B1 (mip.MTI <- 0b1, mip.STI <- 0b0)
mem[X,0x00000000800011B0] -> 0xB483
mem[X,0x00000000800011B2] -> 0x1D83
[1890] [M]: 0x00000000800011B0 (0x1D83B483) ld x9, 0x1d8(x7)                        main+2480
mem[R,0x00000000800051D8] -> 0x00000000800007D4
x9 <- 0x00000000800007D4

mem[X,0x00000000800011B4] -> 0x0333
mem[X,0x00000000800011B6] -> 0x4093
[1891] [M]: 0x00000000800011B4 (0x40930333) sub x6, x6, x9                          main+2484
x6 <- 0x000002FFFFFFFFE8

clint mtime 0x00000000000003B2 (mip.MTI <- 0b1, mip.STI <- 0b0)
mem[X,0x00000000800011B8] -> 0x0313
mem[X,0x00000000800011BA] -> 0x0103
[1892] [M]: 0x00000000800011B8 (0x01030313) addi x6, x6, 0x10                       main+2488
x6 <- 0x000002FFFFFFFFF8

mem[X,0x00000000800011BC] -> 0x0497
mem[X,0x00000000800011BE] -> 0x0000
[1893] [M]: 0x00000000800011BC (0x00000497) auipc x9, 0x0                           main+2492
x9 <- 0x00000000800011BC

clint mtime 0x00000000000003B3 (mip.MTI <- 0b1, mip.STI <- 0b0)
mem[X,0x00000000800011C0] -> 0x84B3
mem[X,0x00000000800011C2] -> 0x0064
[1894] [M]: 0x00000000800011C0 (0x006484B3) add x9, x9, x6                          main+2496
x9 <- 0x00000300800011B4

mem[X,0x00000000800011C4] -> 0x94F3
mem[X,0x00000000800011C6] -> 0x3414
[1895] [M]: 0x00000000800011C4 (0x341494F3) csrrw x9, mepc, x9                      main+2500
CSR mepc (0x341) <- 0x00000300800011B4
x9 <- 0x000003008000107C

clint mtime 0x00000000000003B4 (mip.MTI <- 0b1, mip.STI <- 0b0)
mem[X,0x00000000800011C8] -> 0x0073
mem[X,0x00000000800011CA] -> 0x3020
[1896] [M]: 0x00000000800011C8 (0x30200073) mret                                    main+2504
CSR mstatus (0x300) <- 0x0000000A00040080
ret-ing from M to S

PTW: Start, vpn=0x30080001, access_type=X, privilege=Smem[R,0x0000000080009030] -> 0x00000000000000CB
PTW: Step, level=3, pte=0xCB, pte_addr=0x80009030
PTW: Success, final_ppn=0x80001, level=3mem[X,0x00000000800011B4] -> 0x0333
PTW: Start, vpn=0x30080001, access_type=X, privilege=Smem[R,0x0000000080009030] -> 0x00000000000000CB
PTW: Step, level=3, pte=0xCB, pte_addr=0x80009030
PTW: Success, final_ppn=0x80001, level=3mem[X,0x00000000800011B6] -> 0x4093
[1897] [S]: 0x00000300800011B4 (0x40930333) sub x6, x6, x9                          va_rvtest_code_begin+2552
x6 <- 0xFFFFFFFF7FFFEF7C

clint mtime 0x00000000000003B5 (mip.MTI <- 0b1, mip.STI <- 0b0)
PTW: Start, vpn=0x30080001, access_type=X, privilege=Smem[R,0x0000000080009030] -> 0x00000000000000CB
PTW: Step, level=3, pte=0xCB, pte_addr=0x80009030
PTW: Success, final_ppn=0x80001, level=3mem[X,0x00000000800011B8] -> 0x0313
PTW: Start, vpn=0x30080001, access_type=X, privilege=Smem[R,0x0000000080009030] -> 0x00000000000000CB
PTW: Step, level=3, pte=0xCB, pte_addr=0x80009030
PTW: Success, final_ppn=0x80001, level=3mem[X,0x00000000800011BA] -> 0x0103
[1898] [S]: 0x00000300800011B8 (0x01030313) addi x6, x6, 0x10                       va_rvtest_code_begin+2556
x6 <- 0xFFFFFFFF7FFFEF8C

PTW: Start, vpn=0x30080001, access_type=X, privilege=Smem[R,0x0000000080009030] -> 0x00000000000000CB
PTW: Step, level=3, pte=0xCB, pte_addr=0x80009030
PTW: Success, final_ppn=0x80001, level=3mem[X,0x00000000800011BC] -> 0x0497
PTW: Start, vpn=0x30080001, access_type=X, privilege=Smem[R,0x0000000080009030] -> 0x00000000000000CB
PTW: Step, level=3, pte=0xCB, pte_addr=0x80009030
PTW: Success, final_ppn=0x80001, level=3mem[X,0x00000000800011BE] -> 0x0000
[1899] [S]: 0x00000300800011BC (0x00000497) auipc x9, 0x0                           va_rvtest_code_begin+2560
x9 <- 0x00000300800011BC

clint mtime 0x00000000000003B6 (mip.MTI <- 0b1, mip.STI <- 0b0)
PTW: Start, vpn=0x30080001, access_type=X, privilege=Smem[R,0x0000000080009030] -> 0x00000000000000CB
PTW: Step, level=3, pte=0xCB, pte_addr=0x80009030
PTW: Success, final_ppn=0x80001, level=3mem[X,0x00000000800011C0] -> 0x84B3
PTW: Start, vpn=0x30080001, access_type=X, privilege=Smem[R,0x0000000080009030] -> 0x00000000000000CB
PTW: Step, level=3, pte=0xCB, pte_addr=0x80009030
PTW: Success, final_ppn=0x80001, level=3mem[X,0x00000000800011C2] -> 0x0064
[1900] [S]: 0x00000300800011C0 (0x006484B3) add x9, x9, x6                          va_rvtest_code_begin+2564
x9 <- 0x0000030000000148

PTW: Start, vpn=0x30080001, access_type=X, privilege=Smem[R,0x0000000080009030] -> 0x00000000000000CB
PTW: Step, level=3, pte=0xCB, pte_addr=0x80009030
PTW: Success, final_ppn=0x80001, level=3mem[X,0x00000000800011C4] -> 0x94F3
PTW: Start, vpn=0x30080001, access_type=X, privilege=Smem[R,0x0000000080009030] -> 0x00000000000000CB
PTW: Step, level=3, pte=0xCB, pte_addr=0x80009030
PTW: Success, final_ppn=0x80001, level=3mem[X,0x00000000800011C6] -> 0x3414
[1901] [S]: 0x00000300800011C4 (0x341494F3) csrrw x9, mepc, x9                      va_rvtest_code_begin+2568
trapping from S to M to handle illegal-instruction
handling exc#illegal-instruction at priv M with tval 0x00000000341494F3
CSR mstatus (0x300) <- 0x0000000A00040800
CSR mcause (0x342) <- 0x0000000000000002
CSR mtval (0x343) <- 0x00000000341494F3
CSR mepc (0x341) <- 0x00000300800011C4

clint mtime 0x00000000000003B7 (mip.MTI <- 0b1, mip.STI <- 0b0)
mem[X,0x0000000080002500] -> 0x006F
mem[X,0x0000000080002502] -> 0x1000
[1902] [M]: 0x0000000080002500 (0x1000006F) jal x0, 0x100                           Mtrampoline+0

mem[X,0x0000000080002600] -> 0x1173
mem[X,0x0000000080002602] -> 0x3401
[1903] [M]: 0x0000000080002600 (0x34011173) csrrw x2, mscratch, x2                  trap_Mhandler+0
CSR mscratch (0x340) <- 0x0000000000000000
x2 <- 0x0000000080005000

clint mtime 0x00000000000003B8 (mip.MTI <- 0b1, mip.STI <- 0b0)
mem[X,0x0000000080002604] -> 0x3423
mem[X,0x0000000080002606] -> 0x28B1
[1904] [M]: 0x0000000080002604 (0x28B13423) sd x11, 0x288(x2)                       trap_Mhandler+4
mem[W,0x0000000080005288] <- 0x00000000000000C3

mem[X,0x0000000080002608] -> 0x05EF
mem[X,0x000000008000260A] -> 0x0B80
[1905] [M]: 0x0000000080002608 (0x0B8005EF) jal x11, 0xb8                           trap_Mhandler+8
x11 <- 0x000000008000260C

clint mtime 0x00000000000003B9 (mip.MTI <- 0b1, mip.STI <- 0b0)
mem[X,0x00000000800026C0] -> 0x3023
mem[X,0x00000000800026C2] -> 0x28A1
[1906] [M]: 0x00000000800026C0 (0x28A13023) sd x10, 0x280(x2)                       common_Mhandler+0
mem[W,0x0000000080005280] <- 0x00000000200000C3

mem[X,0x00000000800026C4] -> 0x1573
mem[X,0x00000000800026C6] -> 0x3401
[1907] [M]: 0x00000000800026C4 (0x34011573) csrrw x10, mscratch, x2                 common_Mhandler+4
CSR mscratch (0x340) <- 0x0000000080005000
x10 <- 0x0000000000000000

clint mtime 0x00000000000003BA (mip.MTI <- 0b1, mip.STI <- 0b0)
mem[X,0x00000000800026C8] -> 0x3823
mem[X,0x00000000800026CA] -> 0x28A1
[1908] [M]: 0x00000000800026C8 (0x28A13823) sd x10, 0x290(x2)                       common_Mhandler+8
mem[W,0x0000000080005290] <- 0x0000000000000000

mem[X,0x00000000800026CC] -> 0x3503
mem[X,0x00000000800026CE] -> 0x2301
[1909] [M]: 0x00000000800026CC (0x23013503) ld x10, 0x230(x2)                       common_Mhandler+12
mem[R,0x0000000080005230] -> 0x00000000800026D4
x10 <- 0x00000000800026D4

clint mtime 0x00000000000003BB (mip.MTI <- 0b1, mip.STI <- 0b0)
mem[X,0x00000000800026D0] -> 0x0067
mem[X,0x00000000800026D2] -> 0x0005
[1910] [M]: 0x00000000800026D0 (0x00050067) jalr x0, 0x0(x10)                       common_Mhandler+16

mem[X,0x00000000800026D4] -> 0x3C23
mem[X,0x00000000800026D6] -> 0x2691
[1911] [M]: 0x00000000800026D4 (0x26913C23) sd x9, 0x278(x2)                        common_Mentry+0
mem[W,0x0000000080005278] <- 0x0000030000000148

clint mtime 0x00000000000003BC (mip.MTI <- 0b1, mip.STI <- 0b0)
mem[X,0x00000000800026D8] -> 0x3823
mem[X,0x00000000800026DA] -> 0x2681
[1912] [M]: 0x00000000800026D8 (0x26813823) sd x8, 0x270(x2)                        common_Mentry+4
mem[W,0x0000000080005270] <- 0x0000000000007F76

mem[X,0x00000000800026DC] -> 0x3423
mem[X,0x00000000800026DE] -> 0x2671
[1913] [M]: 0x00000000800026DC (0x26713423) sd x7, 0x268(x2)                        common_Mentry+8
mem[W,0x0000000080005268] <- 0x0000000080005000

clint mtime 0x00000000000003BD (mip.MTI <- 0b1, mip.STI <- 0b0)
mem[X,0x00000000800026E0] -> 0x3023
mem[X,0x00000000800026E2] -> 0x2661
[1914] [M]: 0x00000000800026E0 (0x26613023) sd x6, 0x260(x2)                        common_Mentry+12
mem[W,0x0000000080005260] <- 0xFFFFFFFF7FFFEF8C

mem[X,0x00000000800026E4] -> 0x2573
mem[X,0x00000000800026E6] -> 0x3420
[1915] [M]: 0x00000000800026E4 (0x34202573) csrrs x10, mcause, x0                   spcl_M2mmode_test+0
CSR mcause (0x342) -> 0x0000000000000002
x10 <- 0x0000000000000002

clint mtime 0x00000000000003BE (mip.MTI <- 0b1, mip.STI <- 0b0)
mem[X,0x00000000800026E8] -> 0x04B7
mem[X,0x00000000800026EA] -> 0x8000
[1916] [M]: 0x00000000800026E8 (0x800004B7) lui x9, -0x80000                        spcl_M2mmode_test+4
x9 <- 0xFFFFFFFF80000000

mem[X,0x00000000800026EC] -> 0x8493
mem[X,0x00000000800026EE] -> 0x0004
[1917] [M]: 0x00000000800026EC (0x00048493) addi x9, x9, 0x0                        spcl_M2mmode_test+8
x9 <- 0xFFFFFFFF80000000

clint mtime 0x00000000000003BF (mip.MTI <- 0b1, mip.STI <- 0b0)
mem[X,0x00000000800026F0] -> 0x9493
mem[X,0x00000000800026F2] -> 0x00B4
[1918] [M]: 0x00000000800026F0 (0x00B49493) slli x9, x9, 0xb                        spcl_M2mmode_test+12
x9 <- 0xFFFFFC0000000000

mem[X,0x00000000800026F4] -> 0x8493
mem[X,0x00000000800026F6] -> 0x0004
[1919] [M]: 0x00000000800026F4 (0x00048493) addi x9, x9, 0x0                        spcl_M2mmode_test+16
x9 <- 0xFFFFFC0000000000

clint mtime 0x00000000000003C0 (mip.MTI <- 0b1, mip.STI <- 0b0)
mem[X,0x00000000800026F8] -> 0x9493
mem[X,0x00000000800026FA] -> 0x00B4
[1920] [M]: 0x00000000800026F8 (0x00B49493) slli x9, x9, 0xb                        spcl_M2mmode_test+20
x9 <- 0xFFE0000000000000

mem[X,0x00000000800026FC] -> 0x8493
mem[X,0x00000000800026FE] -> 0x0034
[1921] [M]: 0x00000000800026FC (0x00348493) addi x9, x9, 0x3                        spcl_M2mmode_test+24
x9 <- 0xFFE0000000000003

clint mtime 0x00000000000003C1 (mip.MTI <- 0b1, mip.STI <- 0b0)
mem[X,0x0000000080002700] -> 0x9493
mem[X,0x0000000080002702] -> 0x00A4
[1922] [M]: 0x0000000080002700 (0x00A49493) slli x9, x9, 0xa                        spcl_M2mmode_test+28
x9 <- 0x8000000000000C00

mem[X,0x0000000080002704] -> 0x8493
mem[X,0x0000000080002706] -> 0x3FC4
[1923] [M]: 0x0000000080002704 (0x3FC48493) addi x9, x9, 0x3fc                      spcl_M2mmode_test+32
x9 <- 0x8000000000000FFC

clint mtime 0x00000000000003C2 (mip.MTI <- 0b1, mip.STI <- 0b0)
mem[X,0x0000000080002708] -> 0xF4B3
mem[X,0x000000008000270A] -> 0x00A4
[1924] [M]: 0x0000000080002708 (0x00A4F4B3) and x9, x9, x10                         spcl_M2mmode_test+36
x9 <- 0x0000000000000000

mem[X,0x000000008000270C] -> 0x8493
mem[X,0x000000008000270E] -> 0xFF84
[1925] [M]: 0x000000008000270C (0xFF848493) addi x9, x9, -0x8                       spcl_M2mmode_test+40
x9 <- 0xFFFFFFFFFFFFFFF8

clint mtime 0x00000000000003C3 (mip.MTI <- 0b1, mip.STI <- 0b0)
mem[X,0x0000000080002710] -> 0x9663
mem[X,0x0000000080002712] -> 0x0004
[1926] [M]: 0x0000000080002710 (0x00049663) bne x9, x0, 0xc                         spcl_M2mmode_test+44

mem[X,0x000000008000271C] -> 0x0393
mem[X,0x000000008000271E] -> 0x0200
[1927] [M]: 0x000000008000271C (0x02000393) addi x7, x0, 0x20                       Mtrapsig_ptr_upd+0
x7 <- 0x0000000000000020

clint mtime 0x00000000000003C4 (mip.MTI <- 0b1, mip.STI <- 0b0)
mem[X,0x0000000080002720] -> 0x5263
mem[X,0x0000000080002722] -> 0x0405
[1928] [M]: 0x0000000080002720 (0x04055263) bge x10, x0, 0x44                       Mtrapsig_ptr_upd+4

mem[X,0x0000000080002764] -> 0x2373
mem[X,0x0000000080002766] -> 0x3010
[1929] [M]: 0x0000000080002764 (0x30102373) csrrs x6, misa, x0                      Mxcpt_sig_sv+0
CSR misa (0x301) -> 0x800000000034112F
x6 <- 0x800000000034112F

clint mtime 0x00000000000003C5 (mip.MTI <- 0b1, mip.STI <- 0b0)
mem[X,0x0000000080002768] -> 0x1313
mem[X,0x000000008000276A] -> 0x0383
[1930] [M]: 0x0000000080002768 (0x03831313) slli x6, x6, 0x38                       Mxcpt_sig_sv+4
x6 <- 0x2F00000000000000

mem[X,0x000000008000276C] -> 0x5463
mem[X,0x000000008000276E] -> 0x0003
[1931] [M]: 0x000000008000276C (0x00035463) bge x6, x0, 0x8                         Mxcpt_sig_sv+8

clint mtime 0x00000000000003C6 (mip.MTI <- 0b1, mip.STI <- 0b0)
mem[X,0x0000000080002774] -> 0x3303
mem[X,0x0000000080002776] -> 0x2181
[1932] [M]: 0x0000000080002774 (0x21813303) ld x6, 0x218(x2)                        Mtrap_sig_sv+0
mem[R,0x0000000080005218] -> 0x000000008000A618
x6 <- 0x000000008000A618

mem[X,0x0000000080002778] -> 0x04B3
mem[X,0x000000008000277A] -> 0x0073
[1933] [M]: 0x0000000080002778 (0x007304B3) add x9, x6, x7                          Mtrap_sig_sv+4
x9 <- 0x000000008000A638

clint mtime 0x00000000000003C7 (mip.MTI <- 0b1, mip.STI <- 0b0)
mem[X,0x000000008000277C] -> 0x3C23
mem[X,0x000000008000277E] -> 0x2091
[1934] [M]: 0x000000008000277C (0x20913C23) sd x9, 0x218(x2)                        Mtrap_sig_sv+8
mem[W,0x0000000080005218] <- 0x000000008000A638

mem[X,0x0000000080002780] -> 0x3403
mem[X,0x0000000080002782] -> 0x1F81
[1935] [M]: 0x0000000080002780 (0x1F813403) ld x8, 0x1f8(x2)                        Mtrap_sig_sv+12
mem[R,0x00000000800051F8] -> 0x000000008000A110
x8 <- 0x000000008000A110

clint mtime 0x00000000000003C8 (mip.MTI <- 0b1, mip.STI <- 0b0)
mem[X,0x0000000080002784] -> 0x0333
mem[X,0x0000000080002786] -> 0x4083
[1936] [M]: 0x0000000080002784 (0x40830333) sub x6, x6, x8                          Mtrap_sig_sv+16
x6 <- 0x0000000000000508

mem[X,0x0000000080002788] -> 0x3403
mem[X,0x000000008000278A] -> 0x1F81
[1937] [M]: 0x0000000080002788 (0x1F813403) ld x8, 0x1f8(x2)                        Mtrap_sig_sv+20
mem[R,0x00000000800051F8] -> 0x000000008000A110
x8 <- 0x000000008000A110

clint mtime 0x00000000000003C9 (mip.MTI <- 0b1, mip.STI <- 0b0)
mem[X,0x000000008000278C] -> 0x0333
mem[X,0x000000008000278E] -> 0x0083
[1938] [M]: 0x000000008000278C (0x00830333) add x6, x6, x8                          Mtrap_sig_sv+24
x6 <- 0x000000008000A618

mem[X,0x0000000080002790] -> 0x3403
mem[X,0x0000000080002792] -> 0x2401
[1939] [M]: 0x0000000080002790 (0x24013403) ld x8, 0x240(x2)                        Mtrap_sig_sv+28
mem[R,0x0000000080005240] -> 0x0000000080002500
x8 <- 0x0000000080002500

clint mtime 0x00000000000003CA (mip.MTI <- 0b1, mip.STI <- 0b0)
mem[X,0x0000000080002794] -> 0x85B3
mem[X,0x0000000080002796] -> 0x4085
[1940] [M]: 0x0000000080002794 (0x408585B3) sub x11, x11, x8                        sv_Mvect+0
x11 <- 0x000000000000010C

mem[X,0x0000000080002798] -> 0x9593
mem[X,0x000000008000279A] -> 0x0045
[1941] [M]: 0x0000000080002798 (0x00459593) slli x11, x11, 0x4                      sv_Mvect+4
x11 <- 0x00000000000010C0

clint mtime 0x00000000000003CB (mip.MTI <- 0b1, mip.STI <- 0b0)
mem[X,0x000000008000279C] -> 0xE5B3
mem[X,0x000000008000279E] -> 0x0075
[1942] [M]: 0x000000008000279C (0x0075E5B3) or x11, x11, x7                         sv_Mvect+8
x11 <- 0x00000000000010E0

mem[X,0x00000000800027A0] -> 0x8593
mem[X,0x00000000800027A2] -> 0x0035
[1943] [M]: 0x00000000800027A0 (0x00358593) addi x11, x11, 0x3                      sv_Mvect+12
x11 <- 0x00000000000010E3

clint mtime 0x00000000000003CC (mip.MTI <- 0b1, mip.STI <- 0b0)
mem[X,0x00000000800027A4] -> 0x3023
mem[X,0x00000000800027A6] -> 0x00B3
[1944] [M]: 0x00000000800027A4 (0x00B33023) sd x11, 0x0(x6)                         sv_Mvect+16
mem[W,0x000000008000A618] <- 0x00000000000010E3

mem[X,0x00000000800027A8] -> 0x3423
mem[X,0x00000000800027AA] -> 0x00A3
[1945] [M]: 0x00000000800027A8 (0x00A33423) sd x10, 0x8(x6)                         sv_Mcause+0
mem[W,0x000000008000A620] <- 0x0000000000000002

clint mtime 0x00000000000003CD (mip.MTI <- 0b1, mip.STI <- 0b0)
mem[X,0x00000000800027AC] -> 0x4663
mem[X,0x00000000800027AE] -> 0x1A05
[1946] [M]: 0x00000000800027AC (0x1A054663) blt x10, x0, 0x1ac                      sv_Mcause+4

mem[X,0x00000000800027B0] -> 0x25F3
mem[X,0x00000000800027B2] -> 0x3000
[1947] [M]: 0x00000000800027B0 (0x300025F3) csrrs x11, mstatus, x0                  common_Mexcpt_handler+0
CSR mstatus (0x300) -> 0x0000000A00040800
x11 <- 0x0000000A00040800

clint mtime 0x00000000000003CE (mip.MTI <- 0b1, mip.STI <- 0b0)
mem[X,0x00000000800027B4] -> 0x9413
mem[X,0x00000000800027B6] -> 0x02E5
[1948] [M]: 0x00000000800027B4 (0x02E59413) slli x8, x11, 0x2e                      common_Mexcpt_handler+4
x8 <- 0x0200000000000000

mem[X,0x00000000800027B8] -> 0x5463
mem[X,0x00000000800027BA] -> 0x0004
[1949] [M]: 0x00000000800027B8 (0x00045463) bge x8, x0, 0x8                         common_Mexcpt_handler+8

clint mtime 0x00000000000003CF (mip.MTI <- 0b1, mip.STI <- 0b0)
mem[X,0x00000000800027C0] -> 0xD493
mem[X,0x00000000800027C2] -> 0x00B5
[1950] [M]: 0x00000000800027C0 (0x00B5D493) srli x9, x11, 0xb                       common_Mexcpt_handler+16
x9 <- 0x0000000001400081

mem[X,0x00000000800027C4] -> 0xF493
mem[X,0x00000000800027C6] -> 0x0034
[1951] [M]: 0x00000000800027C4 (0x0034F493) andi x9, x9, 0x3                        common_Mexcpt_handler+20
x9 <- 0x0000000000000001

clint mtime 0x00000000000003D0 (mip.MTI <- 0b1, mip.STI <- 0b0)
mem[X,0x00000000800027C8] -> 0x8493
mem[X,0x00000000800027CA] -> 0x0014
[1952] [M]: 0x00000000800027C8 (0x00148493) addi x9, x9, 0x1                        common_Mexcpt_handler+24
x9 <- 0x0000000000000002

mem[X,0x00000000800027CC] -> 0xF493
mem[X,0x00000000800027CE] -> 0x0044
[1953] [M]: 0x00000000800027CC (0x0044F493) andi x9, x9, 0x4                        common_Mexcpt_handler+28
x9 <- 0x0000000000000000

clint mtime 0x00000000000003D1 (mip.MTI <- 0b1, mip.STI <- 0b0)
mem[X,0x00000000800027D0] -> 0x0593
mem[X,0x00000000800027D2] -> 0x05D0
[1954] [M]: 0x00000000800027D0 (0x05D00593) addi x11, x0, 0x5d                      common_Mexcpt_handler+32
x11 <- 0x000000000000005D

mem[X,0x00000000800027D4] -> 0xD5B3
mem[X,0x00000000800027D6] -> 0x0095
[1955] [M]: 0x00000000800027D4 (0x0095D5B3) srl x11, x11, x9                        common_Mexcpt_handler+36
x11 <- 0x000000000000005D

clint mtime 0x00000000000003D2 (mip.MTI <- 0b1, mip.STI <- 0b0)
mem[X,0x00000000800027D8] -> 0xF593
mem[X,0x00000000800027DA] -> 0x0015
[1956] [M]: 0x00000000800027D8 (0x0015F593) andi x11, x11, 0x1                      common_Mexcpt_handler+40
x11 <- 0x0000000000000001

mem[X,0x00000000800027DC] -> 0x8EE3
mem[X,0x00000000800027DE] -> 0xF405
[1957] [M]: 0x00000000800027DC (0xF4058EE3) beq x11, x0, -0xa4                      common_Mexcpt_handler+44

clint mtime 0x00000000000003D3 (mip.MTI <- 0b1, mip.STI <- 0b0)
mem[X,0x00000000800027E0] -> 0x0593
mem[X,0x00000000800027E2] -> 0x2980
[1958] [M]: 0x00000000800027E0 (0x29800593) addi x11, x0, 0x298                     common_Mexcpt_handler+48
x11 <- 0x0000000000000298

mem[X,0x00000000800027E4] -> 0xF413
mem[X,0x00000000800027E6] -> 0x0014
[1959] [M]: 0x00000000800027E4 (0x0014F413) andi x8, x9, 0x1                        common_Mexcpt_handler+52
x8 <- 0x0000000000000000

clint mtime 0x00000000000003D4 (mip.MTI <- 0b1, mip.STI <- 0b0)
mem[X,0x00000000800027E8] -> 0x95B3
mem[X,0x00000000800027EA] -> 0x0085
[1960] [M]: 0x00000000800027E8 (0x008595B3) sll x11, x11, x8                        common_Mexcpt_handler+56
x11 <- 0x0000000000000298

mem[X,0x00000000800027EC] -> 0x9413
mem[X,0x00000000800027EE] -> 0x03D4
[1961] [M]: 0x00000000800027EC (0x03D49413) slli x8, x9, 0x3d                       common_Mexcpt_handler+60
x8 <- 0x0000000000000000

clint mtime 0x00000000000003D5 (mip.MTI <- 0b1, mip.STI <- 0b0)
mem[X,0x00000000800027F0] -> 0x5413
mem[X,0x00000000800027F2] -> 0x43F4
[1962] [M]: 0x00000000800027F0 (0x43F45413) srai x8, x8, 0x3f                       common_Mexcpt_handler+64
x8 <- 0x0000000000000000

mem[X,0x00000000800027F4] -> 0x4413
mem[X,0x00000000800027F6] -> 0xFFF4
[1963] [M]: 0x00000000800027F4 (0xFFF44413) xori x8, x8, -0x1                       common_Mexcpt_handler+68
x8 <- 0xFFFFFFFFFFFFFFFF

clint mtime 0x00000000000003D6 (mip.MTI <- 0b1, mip.STI <- 0b0)
mem[X,0x00000000800027F8] -> 0xF4B3
mem[X,0x00000000800027FA] -> 0x0085
[1964] [M]: 0x00000000800027F8 (0x0085F4B3) and x9, x11, x8                         common_Mexcpt_handler+72
x9 <- 0x0000000000000298

mem[X,0x00000000800027FC] -> 0x84B3
mem[X,0x00000000800027FE] -> 0x0024
[1965] [M]: 0x00000000800027FC (0x002484B3) add x9, x9, x2                          vmem_adj_Mepc+0
x9 <- 0x0000000080005298

clint mtime 0x00000000000003D7 (mip.MTI <- 0b1, mip.STI <- 0b0)
mem[X,0x0000000080002800] -> 0x23F3
mem[X,0x0000000080002802] -> 0x3410
[1966] [M]: 0x0000000080002800 (0x341023F3) csrrs x7, mepc, x0                      vmem_adj_Mepc+4
CSR mepc (0x341) -> 0x00000300800011C4
x7 <- 0x00000300800011C4

mem[X,0x0000000080002804] -> 0x0413
mem[X,0x0000000080002806] -> 0x0004
[1967] [M]: 0x0000000080002804 (0x00040413) addi x8, x8, 0x0                        vmem_adj_Mepc+8
x8 <- 0xFFFFFFFFFFFFFFFF

clint mtime 0x00000000000003D8 (mip.MTI <- 0b1, mip.STI <- 0b0)
mem[X,0x0000000080002808] -> 0x006F
mem[X,0x000000008000280A] -> 0x0400
[1968] [M]: 0x0000000080002808 (0x0400006F) jal x0, 0x40                            vmem_adj_Mepc+12

mem[X,0x0000000080002848] -> 0x8433
mem[X,0x000000008000284A] -> 0x4083
[1969] [M]: 0x0000000080002848 (0x40838433) sub x8, x7, x8                          adj_Mepc+0
x8 <- 0x00000300800011C5

clint mtime 0x00000000000003D9 (mip.MTI <- 0b1, mip.STI <- 0b0)
mem[X,0x000000008000284C] -> 0x3823
mem[X,0x000000008000284E] -> 0x0083
[1970] [M]: 0x000000008000284C (0x00833823) sd x8, 0x10(x6)                         sv_Mepc+0
mem[W,0x000000008000A628] <- 0x00000300800011C5

mem[X,0x0000000080002850] -> 0x55B7
mem[X,0x0000000080002852] -> 0x0000
[1971] [M]: 0x0000000080002850 (0x000055B7) lui x11, 0x5                            sv_Mepc+4
x11 <- 0x0000000000005000

clint mtime 0x00000000000003DA (mip.MTI <- 0b1, mip.STI <- 0b0)
mem[X,0x0000000080002854] -> 0x8593
mem[X,0x0000000080002856] -> 0x6675
[1972] [M]: 0x0000000080002854 (0x66758593) addi x11, x11, 0x667                    sv_Mepc+8
x11 <- 0x0000000000005667

mem[X,0x0000000080002858] -> 0x9593
mem[X,0x000000008000285A] -> 0x0015
[1973] [M]: 0x0000000080002858 (0x00159593) slli x11, x11, 0x1                      sv_Mepc+12
x11 <- 0x000000000000ACCE

clint mtime 0x00000000000003DB (mip.MTI <- 0b1, mip.STI <- 0b0)
mem[X,0x000000008000285C] -> 0x9063
mem[X,0x000000008000285E] -> 0x02B1
[1974] [M]: 0x000000008000285C (0x02B19063) bne x3, x11, 0x20                       sv_Mepc+16

mem[X,0x0000000080002860] -> 0x2473
mem[X,0x0000000080002862] -> 0x3420
[1975] [M]: 0x0000000080002860 (0x34202473) csrrs x8, mcause, x0                    sv_Mepc+20
CSR mcause (0x342) -> 0x0000000000000002
x8 <- 0x0000000000000002

clint mtime 0x00000000000003DC (mip.MTI <- 0b1, mip.STI <- 0b0)
mem[X,0x0000000080002864] -> 0x0593
mem[X,0x0000000080002866] -> 0x00C0
[1976] [M]: 0x0000000080002864 (0x00C00593) addi x11, x0, 0xc                       sv_Mepc+24
x11 <- 0x000000000000000C

mem[X,0x0000000080002868] -> 0x0663
mem[X,0x000000008000286A] -> 0x00B4
[1977] [M]: 0x0000000080002868 (0x00B40663) beq x8, x11, 0xc                        sv_Mepc+28

clint mtime 0x00000000000003DD (mip.MTI <- 0b1, mip.STI <- 0b0)
mem[X,0x000000008000286C] -> 0x0593
mem[X,0x000000008000286E] -> 0x0010
[1978] [M]: 0x000000008000286C (0x00100593) addi x11, x0, 0x1                       sv_Mepc+32
x11 <- 0x0000000000000001

mem[X,0x0000000080002870] -> 0x1663
mem[X,0x0000000080002872] -> 0x00B4
[1979] [M]: 0x0000000080002870 (0x00B41663) bne x8, x11, 0xc                        sv_Mepc+36

clint mtime 0x00000000000003DE (mip.MTI <- 0b1, mip.STI <- 0b0)
mem[X,0x000000008000287C] -> 0xF593
mem[X,0x000000008000287E] -> 0xFFC3
[1980] [M]: 0x000000008000287C (0xFFC3F593) andi x11, x7, -0x4                      adj_Mepc_rtn+0
x11 <- 0x00000300800011C4

mem[X,0x0000000080002880] -> 0x8593
mem[X,0x0000000080002882] -> 0x0085
[1981] [M]: 0x0000000080002880 (0x00858593) addi x11, x11, 0x8                      adj_Mepc_rtn+4
x11 <- 0x00000300800011CC

clint mtime 0x00000000000003DF (mip.MTI <- 0b1, mip.STI <- 0b0)
mem[X,0x0000000080002884] -> 0x9073
mem[X,0x0000000080002886] -> 0x3415
[1982] [M]: 0x0000000080002884 (0x34159073) csrrw x0, mepc, x11                     adj_Mepc_rtn+8
CSR mepc (0x341) <- 0x00000300800011CC

mem[X,0x0000000080002888] -> 0x23F3
mem[X,0x000000008000288A] -> 0x3430
[1983] [M]: 0x0000000080002888 (0x343023F3) csrrs x7, mtval, x0                     skp_adj_Mepc+0
CSR mtval (0x343) -> 0x00000000341494F3
x7 <- 0x00000000341494F3

clint mtime 0x00000000000003E0 (mip.MTI <- 0b1, mip.STI <- 0b0)
mem[X,0x000000008000288C] -> 0x0413
mem[X,0x000000008000288E] -> 0x0004
[1984] [M]: 0x000000008000288C (0x00040413) addi x8, x8, 0x0                        skp_adj_Mepc+4
x8 <- 0x0000000000000002

mem[X,0x0000000080002890] -> 0x006F
mem[X,0x0000000080002892] -> 0x0840
[1985] [M]: 0x0000000080002890 (0x0840006F) jal x0, 0x84                            skp_adj_Mepc+8

clint mtime 0x00000000000003E1 (mip.MTI <- 0b1, mip.STI <- 0b0)
mem[X,0x0000000080002914] -> 0x8433
mem[X,0x0000000080002916] -> 0x4083
[1986] [M]: 0x0000000080002914 (0x40838433) sub x8, x7, x8                          adj_Mtval+0
x8 <- 0x00000000341494F1

mem[X,0x0000000080002918] -> 0x3C23
mem[X,0x000000008000291A] -> 0x0083
[1987] [M]: 0x0000000080002918 (0x00833C23) sd x8, 0x18(x6)                         sv_Mtval+0
mem[W,0x000000008000A630] <- 0x00000000341494F1

clint mtime 0x00000000000003E2 (mip.MTI <- 0b1, mip.STI <- 0b0)
mem[X,0x000000008000291C] -> 0x3483
mem[X,0x000000008000291E] -> 0x2181
[1988] [M]: 0x000000008000291C (0x21813483) ld x9, 0x218(x2)                        skp_Mtval+0
mem[R,0x0000000080005218] -> 0x000000008000A638
x9 <- 0x000000008000A638

mem[X,0x0000000080002920] -> 0x3383
mem[X,0x0000000080002922] -> 0x1F81
[1989] [M]: 0x0000000080002920 (0x1F813383) ld x7, 0x1f8(x2)                        skp_Mtval+4
mem[R,0x00000000800051F8] -> 0x000000008000A110
x7 <- 0x000000008000A110

clint mtime 0x00000000000003E3 (mip.MTI <- 0b1, mip.STI <- 0b0)
mem[X,0x0000000080002924] -> 0x3303
mem[X,0x0000000080002926] -> 0x2001
[1990] [M]: 0x0000000080002924 (0x20013303) ld x6, 0x200(x2)                        skp_Mtval+8
mem[R,0x0000000080005200] -> 0x0000000000000610
x6 <- 0x0000000000000610

mem[X,0x0000000080002928] -> 0x0333
mem[X,0x000000008000292A] -> 0x0073
[1991] [M]: 0x0000000080002928 (0x00730333) add x6, x6, x7                          skp_Mtval+12
x6 <- 0x000000008000A720

clint mtime 0x00000000000003E4 (mip.MTI <- 0b1, mip.STI <- 0b0)
mem[X,0x000000008000292C] -> 0x6AE3
mem[X,0x000000008000292E] -> 0xAE93
[1992] [M]: 0x000000008000292C (0xAE936AE3) bltu x6, x9, -0x50c                     skp_Mtval+16

mem[X,0x0000000080002930] -> 0x0393
mem[X,0x0000000080002932] -> 0x2000
[1993] [M]: 0x0000000080002930 (0x20000393) addi x7, x0, 0x200                      skp_Mtval+20
x7 <- 0x0000000000000200

clint mtime 0x00000000000003E5 (mip.MTI <- 0b1, mip.STI <- 0b0)
mem[X,0x0000000080002934] -> 0x006F
mem[X,0x0000000080002936] -> 0x0400
[1994] [M]: 0x0000000080002934 (0x0400006F) jal x0, 0x40                            skp_Mtval+24

mem[X,0x0000000080002974] -> 0x0417
mem[X,0x0000000080002976] -> 0x0000
[1995] [M]: 0x0000000080002974 (0x00000417) auipc x8, 0x0                           spcl_Mhandler+0
x8 <- 0x0000000080002974

clint mtime 0x00000000000003E6 (mip.MTI <- 0b1, mip.STI <- 0b0)
mem[X,0x0000000080002978] -> 0x0413
mem[X,0x000000008000297A] -> 0x03C4
[1996] [M]: 0x0000000080002978 (0x03C40413) addi x8, x8, 0x3c                       spcl_Mhandler+4
x8 <- 0x00000000800029B0

mem[X,0x000000008000297C] -> 0x0433
mem[X,0x000000008000297E] -> 0x0074
[1997] [M]: 0x000000008000297C (0x00740433) add x8, x8, x7                          spcl_Mhandler+8
x8 <- 0x0000000080002BB0

clint mtime 0x00000000000003E7 (mip.MTI <- 0b1, mip.STI <- 0b0)
mem[X,0x0000000080002980] -> 0x1393
mem[X,0x0000000080002982] -> 0x0035
[1998] [M]: 0x0000000080002980 (0x00351393) slli x7, x10, 0x3                       spcl_Mhandler+12
x7 <- 0x0000000000000010

mem[X,0x0000000080002984] -> 0x0433
mem[X,0x0000000080002986] -> 0x0074
[1999] [M]: 0x0000000080002984 (0x00740433) add x8, x8, x7                          spcl_Mhandler+16
x8 <- 0x0000000080002BC0

clint mtime 0x00000000000003E8 (mip.MTI <- 0b1, mip.STI <- 0b0)
mem[X,0x0000000080002988] -> 0x7413
mem[X,0x000000008000298A] -> 0xFF84
[2000] [M]: 0x0000000080002988 (0xFF847413) andi x8, x8, -0x8                       spcl_Mhandler+20
x8 <- 0x0000000080002BC0

mem[X,0x000000008000298C] -> 0x3403
mem[X,0x000000008000298E] -> 0x0004
[2001] [M]: 0x000000008000298C (0x00043403) ld x8, 0x0(x8)                          spcl_Mhandler+24
mem[R,0x0000000080002BC0] -> 0x0000000000000005
x8 <- 0x0000000000000005

clint mtime 0x00000000000003E9 (mip.MTI <- 0b1, mip.STI <- 0b0)
mem[X,0x0000000080002990] -> 0x02E3
mem[X,0x0000000080002992] -> 0xB204
[2002] [M]: 0x0000000080002990 (0xB20402E3) beq x8, x0, -0x4dc                      spcl_Mdispatch_hndling+0

mem[X,0x0000000080002994] -> 0x1393
mem[X,0x0000000080002996] -> 0x03F4
[2003] [M]: 0x0000000080002994 (0x03F41393) slli x7, x8, 0x3f                       spcl_Mdispatch_hndling+4
x7 <- 0x8000000000000000

clint mtime 0x00000000000003EA (mip.MTI <- 0b1, mip.STI <- 0b0)
mem[X,0x0000000080002998] -> 0xD863
mem[X,0x000000008000299A] -> 0x0003
[2004] [M]: 0x0000000080002998 (0x0003D863) bge x7, x0, 0x10                        spcl_Mdispatch_hndling+8

mem[X,0x000000008000299C] -> 0x5413
mem[X,0x000000008000299E] -> 0x0014
[2005] [M]: 0x000000008000299C (0x00145413) srli x8, x8, 0x1                        spcl_Mdispatch_hndling+12
x8 <- 0x0000000000000002

clint mtime 0x00000000000003EB (mip.MTI <- 0b1, mip.STI <- 0b0)
mem[X,0x00000000800029A0] -> 0x0CE3
mem[X,0x00000000800029A2] -> 0xF885
[2006] [M]: 0x00000000800029A0 (0xF8850CE3) beq x10, x8, -0x68                      spcl_Mdispatch_hndling+16

mem[X,0x0000000080002938] -> 0x3303
mem[X,0x000000008000293A] -> 0x2601
[2007] [M]: 0x0000000080002938 (0x26013303) ld x6, 0x260(x2)                        resto_Mrtn+0
mem[R,0x0000000080005260] -> 0xFFFFFFFF7FFFEF8C
x6 <- 0xFFFFFFFF7FFFEF8C

clint mtime 0x00000000000003EC (mip.MTI <- 0b1, mip.STI <- 0b0)
mem[X,0x000000008000293C] -> 0x3383
mem[X,0x000000008000293E] -> 0x2681
[2008] [M]: 0x000000008000293C (0x26813383) ld x7, 0x268(x2)                        resto_Mrtn+4
mem[R,0x0000000080005268] -> 0x0000000080005000
x7 <- 0x0000000080005000

mem[X,0x0000000080002940] -> 0x3403
mem[X,0x0000000080002942] -> 0x2701
[2009] [M]: 0x0000000080002940 (0x27013403) ld x8, 0x270(x2)                        resto_Mrtn+8
mem[R,0x0000000080005270] -> 0x0000000000007F76
x8 <- 0x0000000000007F76

clint mtime 0x00000000000003ED (mip.MTI <- 0b1, mip.STI <- 0b0)
mem[X,0x0000000080002944] -> 0x3483
mem[X,0x0000000080002946] -> 0x2781
[2010] [M]: 0x0000000080002944 (0x27813483) ld x9, 0x278(x2)                        resto_Mrtn+12
mem[R,0x0000000080005278] -> 0x0000030000000148
x9 <- 0x0000030000000148

mem[X,0x0000000080002948] -> 0x3503
mem[X,0x000000008000294A] -> 0x2801
[2011] [M]: 0x0000000080002948 (0x28013503) ld x10, 0x280(x2)                       resto_Mrtn+16
mem[R,0x0000000080005280] -> 0x00000000200000C3
x10 <- 0x00000000200000C3

clint mtime 0x00000000000003EE (mip.MTI <- 0b1, mip.STI <- 0b0)
mem[X,0x000000008000294C] -> 0x3583
mem[X,0x000000008000294E] -> 0x2881
[2012] [M]: 0x000000008000294C (0x28813583) ld x11, 0x288(x2)                       resto_Mrtn+20
mem[R,0x0000000080005288] -> 0x00000000000000C3
x11 <- 0x00000000000000C3

mem[X,0x0000000080002950] -> 0x3103
mem[X,0x0000000080002952] -> 0x2901
[2013] [M]: 0x0000000080002950 (0x29013103) ld x2, 0x290(x2)                        resto_Mrtn+24
mem[R,0x0000000080005290] -> 0x0000000000000000
x2 <- 0x0000000000000000

clint mtime 0x00000000000003EF (mip.MTI <- 0b1, mip.STI <- 0b0)
mem[X,0x0000000080002954] -> 0x0073
mem[X,0x0000000080002956] -> 0x3020
[2014] [M]: 0x0000000080002954 (0x30200073) mret                                    resto_Mrtn+28
CSR mstatus (0x300) <- 0x0000000A00040080
ret-ing from M to S

PTW: Start, vpn=0x30080001, access_type=X, privilege=Smem[R,0x0000000080009030] -> 0x00000000000000CB
PTW: Step, level=3, pte=0xCB, pte_addr=0x80009030
PTW: Success, final_ppn=0x80001, level=3mem[X,0x00000000800011CC] -> 0x07B7
PTW: Start, vpn=0x30080001, access_type=X, privilege=Smem[R,0x0000000080009030] -> 0x00000000000000CB
PTW: Step, level=3, pte=0xCB, pte_addr=0x80009030
PTW: Success, final_ppn=0x80001, level=3mem[X,0x00000000800011CE] -> 0x0000
[2015] [S]: 0x00000300800011CC (0x000007B7) lui x15, 0x0                            va_rvtest_code_begin+2576
x15 <- 0x0000000000000000

clint mtime 0x00000000000003F0 (mip.MTI <- 0b1, mip.STI <- 0b0)
PTW: Start, vpn=0x30080001, access_type=X, privilege=Smem[R,0x0000000080009030] -> 0x00000000000000CB
PTW: Step, level=3, pte=0xCB, pte_addr=0x80009030
PTW: Success, final_ppn=0x80001, level=3mem[X,0x00000000800011D0] -> 0x8793
PTW: Start, vpn=0x30080001, access_type=X, privilege=Smem[R,0x0000000080009030] -> 0x00000000000000CB
PTW: Step, level=3, pte=0xCB, pte_addr=0x80009030
PTW: Success, final_ppn=0x80001, level=3mem[X,0x00000000800011D2] -> 0x2807
[2016] [S]: 0x00000300800011D0 (0x28078793) addi x15, x15, 0x280                    va_rvtest_code_begin+2580
x15 <- 0x0000000000000280

PTW: Start, vpn=0x30080001, access_type=X, privilege=Smem[R,0x0000000080009030] -> 0x00000000000000CB
PTW: Step, level=3, pte=0xCB, pte_addr=0x80009030
PTW: Success, final_ppn=0x80001, level=3mem[X,0x00000000800011D4] -> 0x9793
PTW: Start, vpn=0x30080001, access_type=X, privilege=Smem[R,0x0000000080009030] -> 0x00000000000000CB
PTW: Step, level=3, pte=0xCB, pte_addr=0x80009030
PTW: Success, final_ppn=0x80001, level=3mem[X,0x00000000800011D6] -> 0x00B7
[2017] [S]: 0x00000300800011D4 (0x00B79793) slli x15, x15, 0xb                      va_rvtest_code_begin+2584
x15 <- 0x0000000000140000

clint mtime 0x00000000000003F1 (mip.MTI <- 0b1, mip.STI <- 0b0)
PTW: Start, vpn=0x30080001, access_type=X, privilege=Smem[R,0x0000000080009030] -> 0x00000000000000CB
PTW: Step, level=3, pte=0xCB, pte_addr=0x80009030
PTW: Success, final_ppn=0x80001, level=3mem[X,0x00000000800011D8] -> 0x8793
PTW: Start, vpn=0x30080001, access_type=X, privilege=Smem[R,0x0000000080009030] -> 0x00000000000000CB
PTW: Step, level=3, pte=0xCB, pte_addr=0x80009030
PTW: Success, final_ppn=0x80001, level=3mem[X,0x00000000800011DA] -> 0x0007
[2018] [S]: 0x00000300800011D8 (0x00078793) addi x15, x15, 0x0                      va_rvtest_code_begin+2588
x15 <- 0x0000000000140000

PTW: Start, vpn=0x30080001, access_type=X, privilege=Smem[R,0x0000000080009030] -> 0x00000000000000CB
PTW: Step, level=3, pte=0xCB, pte_addr=0x80009030
PTW: Success, final_ppn=0x80001, level=3mem[X,0x00000000800011DC] -> 0x9793
PTW: Start, vpn=0x30080001, access_type=X, privilege=Smem[R,0x0000000080009030] -> 0x00000000000000CB
PTW: Step, level=3, pte=0xCB, pte_addr=0x80009030
PTW: Success, final_ppn=0x80001, level=3mem[X,0x00000000800011DE] -> 0x00B7
[2019] [S]: 0x00000300800011DC (0x00B79793) slli x15, x15, 0xb                      va_rvtest_code_begin+2592
x15 <- 0x00000000A0000000

clint mtime 0x00000000000003F2 (mip.MTI <- 0b1, mip.STI <- 0b0)
PTW: Start, vpn=0x30080001, access_type=X, privilege=Smem[R,0x0000000080009030] -> 0x00000000000000CB
PTW: Step, level=3, pte=0xCB, pte_addr=0x80009030
PTW: Success, final_ppn=0x80001, level=3mem[X,0x00000000800011E0] -> 0x8793
PTW: Start, vpn=0x30080001, access_type=X, privilege=Smem[R,0x0000000080009030] -> 0x00000000000000CB
PTW: Step, level=3, pte=0xCB, pte_addr=0x80009030
PTW: Success, final_ppn=0x80001, level=3mem[X,0x00000000800011E2] -> 0x0017
[2020] [S]: 0x00000300800011E0 (0x00178793) addi x15, x15, 0x1                      va_rvtest_code_begin+2596
x15 <- 0x00000000A0000001

PTW: Start, vpn=0x30080001, access_type=X, privilege=Smem[R,0x0000000080009030] -> 0x00000000000000CB
PTW: Step, level=3, pte=0xCB, pte_addr=0x80009030
PTW: Success, final_ppn=0x80001, level=3mem[X,0x00000000800011E4] -> 0x9793
PTW: Start, vpn=0x30080001, access_type=X, privilege=Smem[R,0x0000000080009030] -> 0x00000000000000CB
PTW: Step, level=3, pte=0xCB, pte_addr=0x80009030
PTW: Success, final_ppn=0x80001, level=3mem[X,0x00000000800011E6] -> 0x00A7
[2021] [S]: 0x00000300800011E4 (0x00A79793) slli x15, x15, 0xa                      va_rvtest_code_begin+2600
x15 <- 0x0000028000000400

clint mtime 0x00000000000003F3 (mip.MTI <- 0b1, mip.STI <- 0b0)
PTW: Start, vpn=0x30080001, access_type=X, privilege=Smem[R,0x0000000080009030] -> 0x00000000000000CB
PTW: Step, level=3, pte=0xCB, pte_addr=0x80009030
PTW: Success, final_ppn=0x80001, level=3mem[X,0x00000000800011E8] -> 0x0613
PTW: Start, vpn=0x30080001, access_type=X, privilege=Smem[R,0x0000000080009030] -> 0x00000000000000CB
PTW: Step, level=3, pte=0xCB, pte_addr=0x80009030
PTW: Success, final_ppn=0x80001, level=3mem[X,0x00000000800011EA] -> 0x0106
[2022] [S]: 0x00000300800011E8 (0x01060613) addi x12, x12, 0x10                     va_rvtest_code_begin+2604
x12 <- 0x0000000000000050

PTW: Start, vpn=0x30080001, access_type=X, privilege=Smem[R,0x0000000080009030] -> 0x00000000000000CB
PTW: Step, level=3, pte=0xCB, pte_addr=0x80009030
PTW: Success, final_ppn=0x80001, level=3mem[X,0x00000000800011EC] -> 0xAA23
PTW: Start, vpn=0x30080001, access_type=X, privilege=Smem[R,0x0000000080009030] -> 0x00000000000000CB
PTW: Step, level=3, pte=0xCB, pte_addr=0x80009030
PTW: Success, final_ppn=0x80001, level=3mem[X,0x00000000800011EE] -> 0x00C7
[2023] [S]: 0x00000300800011EC (0x00C7AA23) sw x12, 0x14(x15)                       va_rvtest_code_begin+2608
PTW: Start, vpn=0x28000000, access_type=W, privilege=Smem[R,0x0000000080009028] -> 0x0000000020002001
PTW: Step, level=3, pte=0x20002001, pte_addr=0x80009028
PTW: Start, vpn=0x28000000, access_type=W, privilege=Smem[R,0x0000000080008000] -> 0x00000000200000C3
PTW: Step, level=2, pte=0x200000C3, pte_addr=0x80008000
PTW: failed, error=no-permission, level=2, pte_addr=0x80008000
trapping from S to M to handle store/amo-page-fault
handling exc#store/amo-page-fault at priv M with tval 0x0000028000000414
CSR mstatus (0x300) <- 0x0000000A00040800
CSR mcause (0x342) <- 0x000000000000000F
CSR mtval (0x343) <- 0x0000028000000414
CSR mepc (0x341) <- 0x00000300800011EC

clint mtime 0x00000000000003F4 (mip.MTI <- 0b1, mip.STI <- 0b0)
mem[X,0x0000000080002500] -> 0x006F
mem[X,0x0000000080002502] -> 0x1000
[2024] [M]: 0x0000000080002500 (0x1000006F) jal x0, 0x100                           Mtrampoline+0

mem[X,0x0000000080002600] -> 0x1173
mem[X,0x0000000080002602] -> 0x3401
[2025] [M]: 0x0000000080002600 (0x34011173) csrrw x2, mscratch, x2                  trap_Mhandler+0
CSR mscratch (0x340) <- 0x0000000000000000
x2 <- 0x0000000080005000

clint mtime 0x00000000000003F5 (mip.MTI <- 0b1, mip.STI <- 0b0)
mem[X,0x0000000080002604] -> 0x3423
mem[X,0x0000000080002606] -> 0x28B1
[2026] [M]: 0x0000000080002604 (0x28B13423) sd x11, 0x288(x2)                       trap_Mhandler+4
mem[W,0x0000000080005288] <- 0x00000000000000C3

mem[X,0x0000000080002608] -> 0x05EF
mem[X,0x000000008000260A] -> 0x0B80
[2027] [M]: 0x0000000080002608 (0x0B8005EF) jal x11, 0xb8                           trap_Mhandler+8
x11 <- 0x000000008000260C

clint mtime 0x00000000000003F6 (mip.MTI <- 0b1, mip.STI <- 0b0)
mem[X,0x00000000800026C0] -> 0x3023
mem[X,0x00000000800026C2] -> 0x28A1
[2028] [M]: 0x00000000800026C0 (0x28A13023) sd x10, 0x280(x2)                       common_Mhandler+0
mem[W,0x0000000080005280] <- 0x00000000200000C3

mem[X,0x00000000800026C4] -> 0x1573
mem[X,0x00000000800026C6] -> 0x3401
[2029] [M]: 0x00000000800026C4 (0x34011573) csrrw x10, mscratch, x2                 common_Mhandler+4
CSR mscratch (0x340) <- 0x0000000080005000
x10 <- 0x0000000000000000

clint mtime 0x00000000000003F7 (mip.MTI <- 0b1, mip.STI <- 0b0)
mem[X,0x00000000800026C8] -> 0x3823
mem[X,0x00000000800026CA] -> 0x28A1
[2030] [M]: 0x00000000800026C8 (0x28A13823) sd x10, 0x290(x2)                       common_Mhandler+8
mem[W,0x0000000080005290] <- 0x0000000000000000

mem[X,0x00000000800026CC] -> 0x3503
mem[X,0x00000000800026CE] -> 0x2301
[2031] [M]: 0x00000000800026CC (0x23013503) ld x10, 0x230(x2)                       common_Mhandler+12
mem[R,0x0000000080005230] -> 0x00000000800026D4
x10 <- 0x00000000800026D4

clint mtime 0x00000000000003F8 (mip.MTI <- 0b1, mip.STI <- 0b0)
mem[X,0x00000000800026D0] -> 0x0067
mem[X,0x00000000800026D2] -> 0x0005
[2032] [M]: 0x00000000800026D0 (0x00050067) jalr x0, 0x0(x10)                       common_Mhandler+16

mem[X,0x00000000800026D4] -> 0x3C23
mem[X,0x00000000800026D6] -> 0x2691
[2033] [M]: 0x00000000800026D4 (0x26913C23) sd x9, 0x278(x2)                        common_Mentry+0
mem[W,0x0000000080005278] <- 0x0000030000000148

clint mtime 0x00000000000003F9 (mip.MTI <- 0b1, mip.STI <- 0b0)
mem[X,0x00000000800026D8] -> 0x3823
mem[X,0x00000000800026DA] -> 0x2681
[2034] [M]: 0x00000000800026D8 (0x26813823) sd x8, 0x270(x2)                        common_Mentry+4
mem[W,0x0000000080005270] <- 0x0000000000007F76

mem[X,0x00000000800026DC] -> 0x3423
mem[X,0x00000000800026DE] -> 0x2671
[2035] [M]: 0x00000000800026DC (0x26713423) sd x7, 0x268(x2)                        common_Mentry+8
mem[W,0x0000000080005268] <- 0x0000000080005000

clint mtime 0x00000000000003FA (mip.MTI <- 0b1, mip.STI <- 0b0)
mem[X,0x00000000800026E0] -> 0x3023
mem[X,0x00000000800026E2] -> 0x2661
[2036] [M]: 0x00000000800026E0 (0x26613023) sd x6, 0x260(x2)                        common_Mentry+12
mem[W,0x0000000080005260] <- 0xFFFFFFFF7FFFEF8C

mem[X,0x00000000800026E4] -> 0x2573
mem[X,0x00000000800026E6] -> 0x3420
[2037] [M]: 0x00000000800026E4 (0x34202573) csrrs x10, mcause, x0                   spcl_M2mmode_test+0
CSR mcause (0x342) -> 0x000000000000000F
x10 <- 0x000000000000000F

clint mtime 0x00000000000003FB (mip.MTI <- 0b1, mip.STI <- 0b0)
mem[X,0x00000000800026E8] -> 0x04B7
mem[X,0x00000000800026EA] -> 0x8000
[2038] [M]: 0x00000000800026E8 (0x800004B7) lui x9, -0x80000                        spcl_M2mmode_test+4
x9 <- 0xFFFFFFFF80000000

mem[X,0x00000000800026EC] -> 0x8493
mem[X,0x00000000800026EE] -> 0x0004
[2039] [M]: 0x00000000800026EC (0x00048493) addi x9, x9, 0x0                        spcl_M2mmode_test+8
x9 <- 0xFFFFFFFF80000000

clint mtime 0x00000000000003FC (mip.MTI <- 0b1, mip.STI <- 0b0)
mem[X,0x00000000800026F0] -> 0x9493
mem[X,0x00000000800026F2] -> 0x00B4
[2040] [M]: 0x00000000800026F0 (0x00B49493) slli x9, x9, 0xb                        spcl_M2mmode_test+12
x9 <- 0xFFFFFC0000000000

mem[X,0x00000000800026F4] -> 0x8493
mem[X,0x00000000800026F6] -> 0x0004
[2041] [M]: 0x00000000800026F4 (0x00048493) addi x9, x9, 0x0                        spcl_M2mmode_test+16
x9 <- 0xFFFFFC0000000000

clint mtime 0x00000000000003FD (mip.MTI <- 0b1, mip.STI <- 0b0)
mem[X,0x00000000800026F8] -> 0x9493
mem[X,0x00000000800026FA] -> 0x00B4
[2042] [M]: 0x00000000800026F8 (0x00B49493) slli x9, x9, 0xb                        spcl_M2mmode_test+20
x9 <- 0xFFE0000000000000

mem[X,0x00000000800026FC] -> 0x8493
mem[X,0x00000000800026FE] -> 0x0034
[2043] [M]: 0x00000000800026FC (0x00348493) addi x9, x9, 0x3                        spcl_M2mmode_test+24
x9 <- 0xFFE0000000000003

clint mtime 0x00000000000003FE (mip.MTI <- 0b1, mip.STI <- 0b0)
mem[X,0x0000000080002700] -> 0x9493
mem[X,0x0000000080002702] -> 0x00A4
[2044] [M]: 0x0000000080002700 (0x00A49493) slli x9, x9, 0xa                        spcl_M2mmode_test+28
x9 <- 0x8000000000000C00

mem[X,0x0000000080002704] -> 0x8493
mem[X,0x0000000080002706] -> 0x3FC4
[2045] [M]: 0x0000000080002704 (0x3FC48493) addi x9, x9, 0x3fc                      spcl_M2mmode_test+32
x9 <- 0x8000000000000FFC

clint mtime 0x00000000000003FF (mip.MTI <- 0b1, mip.STI <- 0b0)
mem[X,0x0000000080002708] -> 0xF4B3
mem[X,0x000000008000270A] -> 0x00A4
[2046] [M]: 0x0000000080002708 (0x00A4F4B3) and x9, x9, x10                         spcl_M2mmode_test+36
x9 <- 0x000000000000000C

mem[X,0x000000008000270C] -> 0x8493
mem[X,0x000000008000270E] -> 0xFF84
[2047] [M]: 0x000000008000270C (0xFF848493) addi x9, x9, -0x8                       spcl_M2mmode_test+40
x9 <- 0x0000000000000004

clint mtime 0x0000000000000400 (mip.MTI <- 0b1, mip.STI <- 0b0)
mem[X,0x0000000080002710] -> 0x9663
mem[X,0x0000000080002712] -> 0x0004
[2048] [M]: 0x0000000080002710 (0x00049663) bne x9, x0, 0xc                         spcl_M2mmode_test+44

mem[X,0x000000008000271C] -> 0x0393
mem[X,0x000000008000271E] -> 0x0200
[2049] [M]: 0x000000008000271C (0x02000393) addi x7, x0, 0x20                       Mtrapsig_ptr_upd+0
x7 <- 0x0000000000000020

clint mtime 0x0000000000000401 (mip.MTI <- 0b1, mip.STI <- 0b0)
mem[X,0x0000000080002720] -> 0x5263
mem[X,0x0000000080002722] -> 0x0405
[2050] [M]: 0x0000000080002720 (0x04055263) bge x10, x0, 0x44                       Mtrapsig_ptr_upd+4

mem[X,0x0000000080002764] -> 0x2373
mem[X,0x0000000080002766] -> 0x3010
[2051] [M]: 0x0000000080002764 (0x30102373) csrrs x6, misa, x0                      Mxcpt_sig_sv+0
CSR misa (0x301) -> 0x800000000034112F
x6 <- 0x800000000034112F

clint mtime 0x0000000000000402 (mip.MTI <- 0b1, mip.STI <- 0b0)
mem[X,0x0000000080002768] -> 0x1313
mem[X,0x000000008000276A] -> 0x0383
[2052] [M]: 0x0000000080002768 (0x03831313) slli x6, x6, 0x38                       Mxcpt_sig_sv+4
x6 <- 0x2F00000000000000

mem[X,0x000000008000276C] -> 0x5463
mem[X,0x000000008000276E] -> 0x0003
[2053] [M]: 0x000000008000276C (0x00035463) bge x6, x0, 0x8                         Mxcpt_sig_sv+8

clint mtime 0x0000000000000403 (mip.MTI <- 0b1, mip.STI <- 0b0)
mem[X,0x0000000080002774] -> 0x3303
mem[X,0x0000000080002776] -> 0x2181
[2054] [M]: 0x0000000080002774 (0x21813303) ld x6, 0x218(x2)                        Mtrap_sig_sv+0
mem[R,0x0000000080005218] -> 0x000000008000A638
x6 <- 0x000000008000A638

mem[X,0x0000000080002778] -> 0x04B3
mem[X,0x000000008000277A] -> 0x0073
[2055] [M]: 0x0000000080002778 (0x007304B3) add x9, x6, x7                          Mtrap_sig_sv+4
x9 <- 0x000000008000A658

clint mtime 0x0000000000000404 (mip.MTI <- 0b1, mip.STI <- 0b0)
mem[X,0x000000008000277C] -> 0x3C23
mem[X,0x000000008000277E] -> 0x2091
[2056] [M]: 0x000000008000277C (0x20913C23) sd x9, 0x218(x2)                        Mtrap_sig_sv+8
mem[W,0x0000000080005218] <- 0x000000008000A658

mem[X,0x0000000080002780] -> 0x3403
mem[X,0x0000000080002782] -> 0x1F81
[2057] [M]: 0x0000000080002780 (0x1F813403) ld x8, 0x1f8(x2)                        Mtrap_sig_sv+12
mem[R,0x00000000800051F8] -> 0x000000008000A110
x8 <- 0x000000008000A110

clint mtime 0x0000000000000405 (mip.MTI <- 0b1, mip.STI <- 0b0)
mem[X,0x0000000080002784] -> 0x0333
mem[X,0x0000000080002786] -> 0x4083
[2058] [M]: 0x0000000080002784 (0x40830333) sub x6, x6, x8                          Mtrap_sig_sv+16
x6 <- 0x0000000000000528

mem[X,0x0000000080002788] -> 0x3403
mem[X,0x000000008000278A] -> 0x1F81
[2059] [M]: 0x0000000080002788 (0x1F813403) ld x8, 0x1f8(x2)                        Mtrap_sig_sv+20
mem[R,0x00000000800051F8] -> 0x000000008000A110
x8 <- 0x000000008000A110

clint mtime 0x0000000000000406 (mip.MTI <- 0b1, mip.STI <- 0b0)
mem[X,0x000000008000278C] -> 0x0333
mem[X,0x000000008000278E] -> 0x0083
[2060] [M]: 0x000000008000278C (0x00830333) add x6, x6, x8                          Mtrap_sig_sv+24
x6 <- 0x000000008000A638

mem[X,0x0000000080002790] -> 0x3403
mem[X,0x0000000080002792] -> 0x2401
[2061] [M]: 0x0000000080002790 (0x24013403) ld x8, 0x240(x2)                        Mtrap_sig_sv+28
mem[R,0x0000000080005240] -> 0x0000000080002500
x8 <- 0x0000000080002500

clint mtime 0x0000000000000407 (mip.MTI <- 0b1, mip.STI <- 0b0)
mem[X,0x0000000080002794] -> 0x85B3
mem[X,0x0000000080002796] -> 0x4085
[2062] [M]: 0x0000000080002794 (0x408585B3) sub x11, x11, x8                        sv_Mvect+0
x11 <- 0x000000000000010C

mem[X,0x0000000080002798] -> 0x9593
mem[X,0x000000008000279A] -> 0x0045
[2063] [M]: 0x0000000080002798 (0x00459593) slli x11, x11, 0x4                      sv_Mvect+4
x11 <- 0x00000000000010C0

clint mtime 0x0000000000000408 (mip.MTI <- 0b1, mip.STI <- 0b0)
mem[X,0x000000008000279C] -> 0xE5B3
mem[X,0x000000008000279E] -> 0x0075
[2064] [M]: 0x000000008000279C (0x0075E5B3) or x11, x11, x7                         sv_Mvect+8
x11 <- 0x00000000000010E0

mem[X,0x00000000800027A0] -> 0x8593
mem[X,0x00000000800027A2] -> 0x0035
[2065] [M]: 0x00000000800027A0 (0x00358593) addi x11, x11, 0x3                      sv_Mvect+12
x11 <- 0x00000000000010E3

clint mtime 0x0000000000000409 (mip.MTI <- 0b1, mip.STI <- 0b0)
mem[X,0x00000000800027A4] -> 0x3023
mem[X,0x00000000800027A6] -> 0x00B3
[2066] [M]: 0x00000000800027A4 (0x00B33023) sd x11, 0x0(x6)                         sv_Mvect+16
mem[W,0x000000008000A638] <- 0x00000000000010E3

mem[X,0x00000000800027A8] -> 0x3423
mem[X,0x00000000800027AA] -> 0x00A3
[2067] [M]: 0x00000000800027A8 (0x00A33423) sd x10, 0x8(x6)                         sv_Mcause+0
mem[W,0x000000008000A640] <- 0x000000000000000F

clint mtime 0x000000000000040A (mip.MTI <- 0b1, mip.STI <- 0b0)
mem[X,0x00000000800027AC] -> 0x4663
mem[X,0x00000000800027AE] -> 0x1A05
[2068] [M]: 0x00000000800027AC (0x1A054663) blt x10, x0, 0x1ac                      sv_Mcause+4

mem[X,0x00000000800027B0] -> 0x25F3
mem[X,0x00000000800027B2] -> 0x3000
[2069] [M]: 0x00000000800027B0 (0x300025F3) csrrs x11, mstatus, x0                  common_Mexcpt_handler+0
CSR mstatus (0x300) -> 0x0000000A00040800
x11 <- 0x0000000A00040800

clint mtime 0x000000000000040B (mip.MTI <- 0b1, mip.STI <- 0b0)
mem[X,0x00000000800027B4] -> 0x9413
mem[X,0x00000000800027B6] -> 0x02E5
[2070] [M]: 0x00000000800027B4 (0x02E59413) slli x8, x11, 0x2e                      common_Mexcpt_handler+4
x8 <- 0x0200000000000000

mem[X,0x00000000800027B8] -> 0x5463
mem[X,0x00000000800027BA] -> 0x0004
[2071] [M]: 0x00000000800027B8 (0x00045463) bge x8, x0, 0x8                         common_Mexcpt_handler+8

clint mtime 0x000000000000040C (mip.MTI <- 0b1, mip.STI <- 0b0)
mem[X,0x00000000800027C0] -> 0xD493
mem[X,0x00000000800027C2] -> 0x00B5
[2072] [M]: 0x00000000800027C0 (0x00B5D493) srli x9, x11, 0xb                       common_Mexcpt_handler+16
x9 <- 0x0000000001400081

mem[X,0x00000000800027C4] -> 0xF493
mem[X,0x00000000800027C6] -> 0x0034
[2073] [M]: 0x00000000800027C4 (0x0034F493) andi x9, x9, 0x3                        common_Mexcpt_handler+20
x9 <- 0x0000000000000001

clint mtime 0x000000000000040D (mip.MTI <- 0b1, mip.STI <- 0b0)
mem[X,0x00000000800027C8] -> 0x8493
mem[X,0x00000000800027CA] -> 0x0014
[2074] [M]: 0x00000000800027C8 (0x00148493) addi x9, x9, 0x1                        common_Mexcpt_handler+24
x9 <- 0x0000000000000002

mem[X,0x00000000800027CC] -> 0xF493
mem[X,0x00000000800027CE] -> 0x0044
[2075] [M]: 0x00000000800027CC (0x0044F493) andi x9, x9, 0x4                        common_Mexcpt_handler+28
x9 <- 0x0000000000000000

clint mtime 0x000000000000040E (mip.MTI <- 0b1, mip.STI <- 0b0)
mem[X,0x00000000800027D0] -> 0x0593
mem[X,0x00000000800027D2] -> 0x05D0
[2076] [M]: 0x00000000800027D0 (0x05D00593) addi x11, x0, 0x5d                      common_Mexcpt_handler+32
x11 <- 0x000000000000005D

mem[X,0x00000000800027D4] -> 0xD5B3
mem[X,0x00000000800027D6] -> 0x0095
[2077] [M]: 0x00000000800027D4 (0x0095D5B3) srl x11, x11, x9                        common_Mexcpt_handler+36
x11 <- 0x000000000000005D

clint mtime 0x000000000000040F (mip.MTI <- 0b1, mip.STI <- 0b0)
mem[X,0x00000000800027D8] -> 0xF593
mem[X,0x00000000800027DA] -> 0x0015
[2078] [M]: 0x00000000800027D8 (0x0015F593) andi x11, x11, 0x1                      common_Mexcpt_handler+40
x11 <- 0x0000000000000001

mem[X,0x00000000800027DC] -> 0x8EE3
mem[X,0x00000000800027DE] -> 0xF405
[2079] [M]: 0x00000000800027DC (0xF4058EE3) beq x11, x0, -0xa4                      common_Mexcpt_handler+44

clint mtime 0x0000000000000410 (mip.MTI <- 0b1, mip.STI <- 0b0)
mem[X,0x00000000800027E0] -> 0x0593
mem[X,0x00000000800027E2] -> 0x2980
[2080] [M]: 0x00000000800027E0 (0x29800593) addi x11, x0, 0x298                     common_Mexcpt_handler+48
x11 <- 0x0000000000000298

mem[X,0x00000000800027E4] -> 0xF413
mem[X,0x00000000800027E6] -> 0x0014
[2081] [M]: 0x00000000800027E4 (0x0014F413) andi x8, x9, 0x1                        common_Mexcpt_handler+52
x8 <- 0x0000000000000000

clint mtime 0x0000000000000411 (mip.MTI <- 0b1, mip.STI <- 0b0)
mem[X,0x00000000800027E8] -> 0x95B3
mem[X,0x00000000800027EA] -> 0x0085
[2082] [M]: 0x00000000800027E8 (0x008595B3) sll x11, x11, x8                        common_Mexcpt_handler+56
x11 <- 0x0000000000000298

mem[X,0x00000000800027EC] -> 0x9413
mem[X,0x00000000800027EE] -> 0x03D4
[2083] [M]: 0x00000000800027EC (0x03D49413) slli x8, x9, 0x3d                       common_Mexcpt_handler+60
x8 <- 0x0000000000000000

clint mtime 0x0000000000000412 (mip.MTI <- 0b1, mip.STI <- 0b0)
mem[X,0x00000000800027F0] -> 0x5413
mem[X,0x00000000800027F2] -> 0x43F4
[2084] [M]: 0x00000000800027F0 (0x43F45413) srai x8, x8, 0x3f                       common_Mexcpt_handler+64
x8 <- 0x0000000000000000

mem[X,0x00000000800027F4] -> 0x4413
mem[X,0x00000000800027F6] -> 0xFFF4
[2085] [M]: 0x00000000800027F4 (0xFFF44413) xori x8, x8, -0x1                       common_Mexcpt_handler+68
x8 <- 0xFFFFFFFFFFFFFFFF

clint mtime 0x0000000000000413 (mip.MTI <- 0b1, mip.STI <- 0b0)
mem[X,0x00000000800027F8] -> 0xF4B3
mem[X,0x00000000800027FA] -> 0x0085
[2086] [M]: 0x00000000800027F8 (0x0085F4B3) and x9, x11, x8                         common_Mexcpt_handler+72
x9 <- 0x0000000000000298

mem[X,0x00000000800027FC] -> 0x84B3
mem[X,0x00000000800027FE] -> 0x0024
[2087] [M]: 0x00000000800027FC (0x002484B3) add x9, x9, x2                          vmem_adj_Mepc+0
x9 <- 0x0000000080005298

clint mtime 0x0000000000000414 (mip.MTI <- 0b1, mip.STI <- 0b0)
mem[X,0x0000000080002800] -> 0x23F3
mem[X,0x0000000080002802] -> 0x3410
[2088] [M]: 0x0000000080002800 (0x341023F3) csrrs x7, mepc, x0                      vmem_adj_Mepc+4
CSR mepc (0x341) -> 0x00000300800011EC
x7 <- 0x00000300800011EC

mem[X,0x0000000080002804] -> 0x0413
mem[X,0x0000000080002806] -> 0x0004
[2089] [M]: 0x0000000080002804 (0x00040413) addi x8, x8, 0x0                        vmem_adj_Mepc+8
x8 <- 0xFFFFFFFFFFFFFFFF

clint mtime 0x0000000000000415 (mip.MTI <- 0b1, mip.STI <- 0b0)
mem[X,0x0000000080002808] -> 0x006F
mem[X,0x000000008000280A] -> 0x0400
[2090] [M]: 0x0000000080002808 (0x0400006F) jal x0, 0x40                            vmem_adj_Mepc+12

mem[X,0x0000000080002848] -> 0x8433
mem[X,0x000000008000284A] -> 0x4083
[2091] [M]: 0x0000000080002848 (0x40838433) sub x8, x7, x8                          adj_Mepc+0
x8 <- 0x00000300800011ED

clint mtime 0x0000000000000416 (mip.MTI <- 0b1, mip.STI <- 0b0)
mem[X,0x000000008000284C] -> 0x3823
mem[X,0x000000008000284E] -> 0x0083
[2092] [M]: 0x000000008000284C (0x00833823) sd x8, 0x10(x6)                         sv_Mepc+0
mem[W,0x000000008000A648] <- 0x00000300800011ED

mem[X,0x0000000080002850] -> 0x55B7
mem[X,0x0000000080002852] -> 0x0000
[2093] [M]: 0x0000000080002850 (0x000055B7) lui x11, 0x5                            sv_Mepc+4
x11 <- 0x0000000000005000

clint mtime 0x0000000000000417 (mip.MTI <- 0b1, mip.STI <- 0b0)
mem[X,0x0000000080002854] -> 0x8593
mem[X,0x0000000080002856] -> 0x6675
[2094] [M]: 0x0000000080002854 (0x66758593) addi x11, x11, 0x667                    sv_Mepc+8
x11 <- 0x0000000000005667

mem[X,0x0000000080002858] -> 0x9593
mem[X,0x000000008000285A] -> 0x0015
[2095] [M]: 0x0000000080002858 (0x00159593) slli x11, x11, 0x1                      sv_Mepc+12
x11 <- 0x000000000000ACCE

clint mtime 0x0000000000000418 (mip.MTI <- 0b1, mip.STI <- 0b0)
mem[X,0x000000008000285C] -> 0x9063
mem[X,0x000000008000285E] -> 0x02B1
[2096] [M]: 0x000000008000285C (0x02B19063) bne x3, x11, 0x20                       sv_Mepc+16

mem[X,0x0000000080002860] -> 0x2473
mem[X,0x0000000080002862] -> 0x3420
[2097] [M]: 0x0000000080002860 (0x34202473) csrrs x8, mcause, x0                    sv_Mepc+20
CSR mcause (0x342) -> 0x000000000000000F
x8 <- 0x000000000000000F

clint mtime 0x0000000000000419 (mip.MTI <- 0b1, mip.STI <- 0b0)
mem[X,0x0000000080002864] -> 0x0593
mem[X,0x0000000080002866] -> 0x00C0
[2098] [M]: 0x0000000080002864 (0x00C00593) addi x11, x0, 0xc                       sv_Mepc+24
x11 <- 0x000000000000000C

mem[X,0x0000000080002868] -> 0x0663
mem[X,0x000000008000286A] -> 0x00B4
[2099] [M]: 0x0000000080002868 (0x00B40663) beq x8, x11, 0xc                        sv_Mepc+28

clint mtime 0x000000000000041A (mip.MTI <- 0b1, mip.STI <- 0b0)
mem[X,0x000000008000286C] -> 0x0593
mem[X,0x000000008000286E] -> 0x0010
[2100] [M]: 0x000000008000286C (0x00100593) addi x11, x0, 0x1                       sv_Mepc+32
x11 <- 0x0000000000000001

mem[X,0x0000000080002870] -> 0x1663
mem[X,0x0000000080002872] -> 0x00B4
[2101] [M]: 0x0000000080002870 (0x00B41663) bne x8, x11, 0xc                        sv_Mepc+36

clint mtime 0x000000000000041B (mip.MTI <- 0b1, mip.STI <- 0b0)
mem[X,0x000000008000287C] -> 0xF593
mem[X,0x000000008000287E] -> 0xFFC3
[2102] [M]: 0x000000008000287C (0xFFC3F593) andi x11, x7, -0x4                      adj_Mepc_rtn+0
x11 <- 0x00000300800011EC

mem[X,0x0000000080002880] -> 0x8593
mem[X,0x0000000080002882] -> 0x0085
[2103] [M]: 0x0000000080002880 (0x00858593) addi x11, x11, 0x8                      adj_Mepc_rtn+4
x11 <- 0x00000300800011F4

clint mtime 0x000000000000041C (mip.MTI <- 0b1, mip.STI <- 0b0)
mem[X,0x0000000080002884] -> 0x9073
mem[X,0x0000000080002886] -> 0x3415
[2104] [M]: 0x0000000080002884 (0x34159073) csrrw x0, mepc, x11                     adj_Mepc_rtn+8
CSR mepc (0x341) <- 0x00000300800011F4

mem[X,0x0000000080002888] -> 0x23F3
mem[X,0x000000008000288A] -> 0x3430
[2105] [M]: 0x0000000080002888 (0x343023F3) csrrs x7, mtval, x0                     skp_adj_Mepc+0
CSR mtval (0x343) -> 0x0000028000000414
x7 <- 0x0000028000000414

clint mtime 0x000000000000041D (mip.MTI <- 0b1, mip.STI <- 0b0)
mem[X,0x000000008000288C] -> 0x0413
mem[X,0x000000008000288E] -> 0x0004
[2106] [M]: 0x000000008000288C (0x00040413) addi x8, x8, 0x0                        skp_adj_Mepc+4
x8 <- 0x000000000000000F

mem[X,0x0000000080002890] -> 0x006F
mem[X,0x0000000080002892] -> 0x0840
[2107] [M]: 0x0000000080002890 (0x0840006F) jal x0, 0x84                            skp_adj_Mepc+8

clint mtime 0x000000000000041E (mip.MTI <- 0b1, mip.STI <- 0b0)
mem[X,0x0000000080002914] -> 0x8433
mem[X,0x0000000080002916] -> 0x4083
[2108] [M]: 0x0000000080002914 (0x40838433) sub x8, x7, x8                          adj_Mtval+0
x8 <- 0x0000028000000405

mem[X,0x0000000080002918] -> 0x3C23
mem[X,0x000000008000291A] -> 0x0083
[2109] [M]: 0x0000000080002918 (0x00833C23) sd x8, 0x18(x6)                         sv_Mtval+0
mem[W,0x000000008000A650] <- 0x0000028000000405

clint mtime 0x000000000000041F (mip.MTI <- 0b1, mip.STI <- 0b0)
mem[X,0x000000008000291C] -> 0x3483
mem[X,0x000000008000291E] -> 0x2181
[2110] [M]: 0x000000008000291C (0x21813483) ld x9, 0x218(x2)                        skp_Mtval+0
mem[R,0x0000000080005218] -> 0x000000008000A658
x9 <- 0x000000008000A658

mem[X,0x0000000080002920] -> 0x3383
mem[X,0x0000000080002922] -> 0x1F81
[2111] [M]: 0x0000000080002920 (0x1F813383) ld x7, 0x1f8(x2)                        skp_Mtval+4
mem[R,0x00000000800051F8] -> 0x000000008000A110
x7 <- 0x000000008000A110

clint mtime 0x0000000000000420 (mip.MTI <- 0b1, mip.STI <- 0b0)
mem[X,0x0000000080002924] -> 0x3303
mem[X,0x0000000080002926] -> 0x2001
[2112] [M]: 0x0000000080002924 (0x20013303) ld x6, 0x200(x2)                        skp_Mtval+8
mem[R,0x0000000080005200] -> 0x0000000000000610
x6 <- 0x0000000000000610

mem[X,0x0000000080002928] -> 0x0333
mem[X,0x000000008000292A] -> 0x0073
[2113] [M]: 0x0000000080002928 (0x00730333) add x6, x6, x7                          skp_Mtval+12
x6 <- 0x000000008000A720

clint mtime 0x0000000000000421 (mip.MTI <- 0b1, mip.STI <- 0b0)
mem[X,0x000000008000292C] -> 0x6AE3
mem[X,0x000000008000292E] -> 0xAE93
[2114] [M]: 0x000000008000292C (0xAE936AE3) bltu x6, x9, -0x50c                     skp_Mtval+16

mem[X,0x0000000080002930] -> 0x0393
mem[X,0x0000000080002932] -> 0x2000
[2115] [M]: 0x0000000080002930 (0x20000393) addi x7, x0, 0x200                      skp_Mtval+20
x7 <- 0x0000000000000200

clint mtime 0x0000000000000422 (mip.MTI <- 0b1, mip.STI <- 0b0)
mem[X,0x0000000080002934] -> 0x006F
mem[X,0x0000000080002936] -> 0x0400
[2116] [M]: 0x0000000080002934 (0x0400006F) jal x0, 0x40                            skp_Mtval+24

mem[X,0x0000000080002974] -> 0x0417
mem[X,0x0000000080002976] -> 0x0000
[2117] [M]: 0x0000000080002974 (0x00000417) auipc x8, 0x0                           spcl_Mhandler+0
x8 <- 0x0000000080002974

clint mtime 0x0000000000000423 (mip.MTI <- 0b1, mip.STI <- 0b0)
mem[X,0x0000000080002978] -> 0x0413
mem[X,0x000000008000297A] -> 0x03C4
[2118] [M]: 0x0000000080002978 (0x03C40413) addi x8, x8, 0x3c                       spcl_Mhandler+4
x8 <- 0x00000000800029B0

mem[X,0x000000008000297C] -> 0x0433
mem[X,0x000000008000297E] -> 0x0074
[2119] [M]: 0x000000008000297C (0x00740433) add x8, x8, x7                          spcl_Mhandler+8
x8 <- 0x0000000080002BB0

clint mtime 0x0000000000000424 (mip.MTI <- 0b1, mip.STI <- 0b0)
mem[X,0x0000000080002980] -> 0x1393
mem[X,0x0000000080002982] -> 0x0035
[2120] [M]: 0x0000000080002980 (0x00351393) slli x7, x10, 0x3                       spcl_Mhandler+12
x7 <- 0x0000000000000078

mem[X,0x0000000080002984] -> 0x0433
mem[X,0x0000000080002986] -> 0x0074
[2121] [M]: 0x0000000080002984 (0x00740433) add x8, x8, x7                          spcl_Mhandler+16
x8 <- 0x0000000080002C28

clint mtime 0x0000000000000425 (mip.MTI <- 0b1, mip.STI <- 0b0)
mem[X,0x0000000080002988] -> 0x7413
mem[X,0x000000008000298A] -> 0xFF84
[2122] [M]: 0x0000000080002988 (0xFF847413) andi x8, x8, -0x8                       spcl_Mhandler+20
x8 <- 0x0000000080002C28

mem[X,0x000000008000298C] -> 0x3403
mem[X,0x000000008000298E] -> 0x0004
[2123] [M]: 0x000000008000298C (0x00043403) ld x8, 0x0(x8)                          spcl_Mhandler+24
mem[R,0x0000000080002C28] -> 0x000000000000001F
x8 <- 0x000000000000001F

clint mtime 0x0000000000000426 (mip.MTI <- 0b1, mip.STI <- 0b0)
mem[X,0x0000000080002990] -> 0x02E3
mem[X,0x0000000080002992] -> 0xB204
[2124] [M]: 0x0000000080002990 (0xB20402E3) beq x8, x0, -0x4dc                      spcl_Mdispatch_hndling+0

mem[X,0x0000000080002994] -> 0x1393
mem[X,0x0000000080002996] -> 0x03F4
[2125] [M]: 0x0000000080002994 (0x03F41393) slli x7, x8, 0x3f                       spcl_Mdispatch_hndling+4
x7 <- 0x8000000000000000

clint mtime 0x0000000000000427 (mip.MTI <- 0b1, mip.STI <- 0b0)
mem[X,0x0000000080002998] -> 0xD863
mem[X,0x000000008000299A] -> 0x0003
[2126] [M]: 0x0000000080002998 (0x0003D863) bge x7, x0, 0x10                        spcl_Mdispatch_hndling+8

mem[X,0x000000008000299C] -> 0x5413
mem[X,0x000000008000299E] -> 0x0014
[2127] [M]: 0x000000008000299C (0x00145413) srli x8, x8, 0x1                        spcl_Mdispatch_hndling+12
x8 <- 0x000000000000000F

clint mtime 0x0000000000000428 (mip.MTI <- 0b1, mip.STI <- 0b0)
mem[X,0x00000000800029A0] -> 0x0CE3
mem[X,0x00000000800029A2] -> 0xF885
[2128] [M]: 0x00000000800029A0 (0xF8850CE3) beq x10, x8, -0x68                      spcl_Mdispatch_hndling+16

mem[X,0x0000000080002938] -> 0x3303
mem[X,0x000000008000293A] -> 0x2601
[2129] [M]: 0x0000000080002938 (0x26013303) ld x6, 0x260(x2)                        resto_Mrtn+0
mem[R,0x0000000080005260] -> 0xFFFFFFFF7FFFEF8C
x6 <- 0xFFFFFFFF7FFFEF8C

clint mtime 0x0000000000000429 (mip.MTI <- 0b1, mip.STI <- 0b0)
mem[X,0x000000008000293C] -> 0x3383
mem[X,0x000000008000293E] -> 0x2681
[2130] [M]: 0x000000008000293C (0x26813383) ld x7, 0x268(x2)                        resto_Mrtn+4
mem[R,0x0000000080005268] -> 0x0000000080005000
x7 <- 0x0000000080005000

mem[X,0x0000000080002940] -> 0x3403
mem[X,0x0000000080002942] -> 0x2701
[2131] [M]: 0x0000000080002940 (0x27013403) ld x8, 0x270(x2)                        resto_Mrtn+8
mem[R,0x0000000080005270] -> 0x0000000000007F76
x8 <- 0x0000000000007F76

clint mtime 0x000000000000042A (mip.MTI <- 0b1, mip.STI <- 0b0)
mem[X,0x0000000080002944] -> 0x3483
mem[X,0x0000000080002946] -> 0x2781
[2132] [M]: 0x0000000080002944 (0x27813483) ld x9, 0x278(x2)                        resto_Mrtn+12
mem[R,0x0000000080005278] -> 0x0000030000000148
x9 <- 0x0000030000000148

mem[X,0x0000000080002948] -> 0x3503
mem[X,0x000000008000294A] -> 0x2801
[2133] [M]: 0x0000000080002948 (0x28013503) ld x10, 0x280(x2)                       resto_Mrtn+16
mem[R,0x0000000080005280] -> 0x00000000200000C3
x10 <- 0x00000000200000C3

clint mtime 0x000000000000042B (mip.MTI <- 0b1, mip.STI <- 0b0)
mem[X,0x000000008000294C] -> 0x3583
mem[X,0x000000008000294E] -> 0x2881
[2134] [M]: 0x000000008000294C (0x28813583) ld x11, 0x288(x2)                       resto_Mrtn+20
mem[R,0x0000000080005288] -> 0x00000000000000C3
x11 <- 0x00000000000000C3

mem[X,0x0000000080002950] -> 0x3103
mem[X,0x0000000080002952] -> 0x2901
[2135] [M]: 0x0000000080002950 (0x29013103) ld x2, 0x290(x2)                        resto_Mrtn+24
mem[R,0x0000000080005290] -> 0x0000000000000000
x2 <- 0x0000000000000000

clint mtime 0x000000000000042C (mip.MTI <- 0b1, mip.STI <- 0b0)
mem[X,0x0000000080002954] -> 0x0073
mem[X,0x0000000080002956] -> 0x3020
[2136] [M]: 0x0000000080002954 (0x30200073) mret                                    resto_Mrtn+28
CSR mstatus (0x300) <- 0x0000000A00040080
ret-ing from M to S

PTW: Start, vpn=0x30080001, access_type=X, privilege=Smem[R,0x0000000080009030] -> 0x00000000000000CB
PTW: Step, level=3, pte=0xCB, pte_addr=0x80009030
PTW: Success, final_ppn=0x80001, level=3mem[X,0x00000000800011F4] -> 0xA703
PTW: Start, vpn=0x30080001, access_type=X, privilege=Smem[R,0x0000000080009030] -> 0x00000000000000CB
PTW: Step, level=3, pte=0xCB, pte_addr=0x80009030
PTW: Success, final_ppn=0x80001, level=3mem[X,0x00000000800011F6] -> 0x0147
[2137] [S]: 0x00000300800011F4 (0x0147A703) lw x14, 0x14(x15)                       va_rvtest_code_begin+2616
PTW: Start, vpn=0x28000000, access_type=R, privilege=Smem[R,0x0000000080009028] -> 0x0000000020002001
PTW: Step, level=3, pte=0x20002001, pte_addr=0x80009028
PTW: Start, vpn=0x28000000, access_type=R, privilege=Smem[R,0x0000000080008000] -> 0x00000000200000C3
PTW: Step, level=2, pte=0x200000C3, pte_addr=0x80008000
PTW: Success, final_ppn=0x80000, level=2mem[R,0x0000000080000414] -> 0x00000040
x14 <- 0x0000000000000040

clint mtime 0x000000000000042D (mip.MTI <- 0b1, mip.STI <- 0b0)
PTW: Start, vpn=0x30080001, access_type=X, privilege=Smem[R,0x0000000080009030] -> 0x00000000000000CB
PTW: Step, level=3, pte=0xCB, pte_addr=0x80009030
PTW: Success, final_ppn=0x80001, level=3mem[X,0x00000000800011F8] -> 0x0013
PTW: Start, vpn=0x30080001, access_type=X, privilege=Smem[R,0x0000000080009030] -> 0x00000000000000CB
PTW: Step, level=3, pte=0xCB, pte_addr=0x80009030
PTW: Success, final_ppn=0x80001, level=3mem[X,0x00000000800011FA] -> 0x0000
[2138] [S]: 0x00000300800011F8 (0x00000013) addi x0, x0, 0x0                        va_rvtest_code_begin+2620

PTW: Start, vpn=0x30080001, access_type=X, privilege=Smem[R,0x0000000080009030] -> 0x00000000000000CB
PTW: Step, level=3, pte=0xCB, pte_addr=0x80009030
PTW: Success, final_ppn=0x80001, level=3mem[X,0x00000000800011FC] -> 0x51B7
PTW: Start, vpn=0x30080001, access_type=X, privilege=Smem[R,0x0000000080009030] -> 0x00000000000000CB
PTW: Step, level=3, pte=0xCB, pte_addr=0x80009030
PTW: Success, final_ppn=0x80001, level=3mem[X,0x00000000800011FE] -> 0x0000
[2139] [S]: 0x00000300800011FC (0x000051B7) lui x3, 0x5                             va_rvtest_code_begin+2624
x3 <- 0x0000000000005000

clint mtime 0x000000000000042E (mip.MTI <- 0b1, mip.STI <- 0b0)
PTW: Start, vpn=0x30080001, access_type=X, privilege=Smem[R,0x0000000080009030] -> 0x00000000000000CB
PTW: Step, level=3, pte=0xCB, pte_addr=0x80009030
PTW: Success, final_ppn=0x80001, level=3mem[X,0x0000000080001200] -> 0x8193
PTW: Start, vpn=0x30080001, access_type=X, privilege=Smem[R,0x0000000080009030] -> 0x00000000000000CB
PTW: Step, level=3, pte=0xCB, pte_addr=0x80009030
PTW: Success, final_ppn=0x80001, level=3mem[X,0x0000000080001202] -> 0x6671
[2140] [S]: 0x0000030080001200 (0x66718193) addi x3, x3, 0x667                      va_rvtest_code_begin+2628
x3 <- 0x0000000000005667

PTW: Start, vpn=0x30080001, access_type=X, privilege=Smem[R,0x0000000080009030] -> 0x00000000000000CB
PTW: Step, level=3, pte=0xCB, pte_addr=0x80009030
PTW: Success, final_ppn=0x80001, level=3mem[X,0x0000000080001204] -> 0x9193
PTW: Start, vpn=0x30080001, access_type=X, privilege=Smem[R,0x0000000080009030] -> 0x00000000000000CB
PTW: Step, level=3, pte=0xCB, pte_addr=0x80009030
PTW: Success, final_ppn=0x80001, level=3mem[X,0x0000000080001206] -> 0x0011
[2141] [S]: 0x0000030080001204 (0x00119193) slli x3, x3, 0x1                        va_rvtest_code_begin+2632
x3 <- 0x000000000000ACCE

clint mtime 0x000000000000042F (mip.MTI <- 0b1, mip.STI <- 0b0)
PTW: Start, vpn=0x30080001, access_type=X, privilege=Smem[R,0x0000000080009030] -> 0x00000000000000CB
PTW: Step, level=3, pte=0xCB, pte_addr=0x80009030
PTW: Success, final_ppn=0x80001, level=3mem[X,0x0000000080001208] -> 0x0013
PTW: Start, vpn=0x30080001, access_type=X, privilege=Smem[R,0x0000000080009030] -> 0x00000000000000CB
PTW: Step, level=3, pte=0xCB, pte_addr=0x80009030
PTW: Success, final_ppn=0x80001, level=3mem[X,0x000000008000120A] -> 0x0000
[2142] [S]: 0x0000030080001208 (0x00000013) addi x0, x0, 0x0                        va_rvtest_code_begin+2636

PTW: Start, vpn=0x30080001, access_type=X, privilege=Smem[R,0x0000000080009030] -> 0x00000000000000CB
PTW: Step, level=3, pte=0xCB, pte_addr=0x80009030
PTW: Success, final_ppn=0x80001, level=3mem[X,0x000000008000120C] -> 0x0013
PTW: Start, vpn=0x30080001, access_type=X, privilege=Smem[R,0x0000000080009030] -> 0x00000000000000CB
PTW: Step, level=3, pte=0xCB, pte_addr=0x80009030
PTW: Success, final_ppn=0x80001, level=3mem[X,0x000000008000120E] -> 0x0000
[2143] [S]: 0x000003008000120C (0x00000013) addi x0, x0, 0x0                        va_rvtest_code_begin+2640

clint mtime 0x0000000000000430 (mip.MTI <- 0b1, mip.STI <- 0b0)
PTW: Start, vpn=0x30080001, access_type=X, privilege=Smem[R,0x0000000080009030] -> 0x00000000000000CB
PTW: Step, level=3, pte=0xCB, pte_addr=0x80009030
PTW: Success, final_ppn=0x80001, level=3mem[X,0x0000000080001210] -> 0x0013
PTW: Start, vpn=0x30080001, access_type=X, privilege=Smem[R,0x0000000080009030] -> 0x00000000000000CB
PTW: Step, level=3, pte=0xCB, pte_addr=0x80009030
PTW: Success, final_ppn=0x80001, level=3mem[X,0x0000000080001212] -> 0x0000
[2144] [S]: 0x0000030080001210 (0x00000013) addi x0, x0, 0x0                        va_rvtest_code_begin+2644

PTW: Start, vpn=0x30080001, access_type=X, privilege=Smem[R,0x0000000080009030] -> 0x00000000000000CB
PTW: Step, level=3, pte=0xCB, pte_addr=0x80009030
PTW: Success, final_ppn=0x80001, level=3mem[X,0x0000000080001214] -> 0x0013
PTW: Start, vpn=0x30080001, access_type=X, privilege=Smem[R,0x0000000080009030] -> 0x00000000000000CB
PTW: Step, level=3, pte=0xCB, pte_addr=0x80009030
PTW: Success, final_ppn=0x80001, level=3mem[X,0x0000000080001216] -> 0x0000
[2145] [S]: 0x0000030080001214 (0x00000013) addi x0, x0, 0x0                        va_rvtest_code_begin+2648

clint mtime 0x0000000000000431 (mip.MTI <- 0b1, mip.STI <- 0b0)
PTW: Start, vpn=0x30080001, access_type=X, privilege=Smem[R,0x0000000080009030] -> 0x00000000000000CB
PTW: Step, level=3, pte=0xCB, pte_addr=0x80009030
PTW: Success, final_ppn=0x80001, level=3mem[X,0x0000000080001218] -> 0x0013
PTW: Start, vpn=0x30080001, access_type=X, privilege=Smem[R,0x0000000080009030] -> 0x00000000000000CB
PTW: Step, level=3, pte=0xCB, pte_addr=0x80009030
PTW: Success, final_ppn=0x80001, level=3mem[X,0x000000008000121A] -> 0x0000
[2146] [S]: 0x0000030080001218 (0x00000013) addi x0, x0, 0x0                        va_rvtest_code_begin+2652

PTW: Start, vpn=0x30080001, access_type=X, privilege=Smem[R,0x0000000080009030] -> 0x00000000000000CB
PTW: Step, level=3, pte=0xCB, pte_addr=0x80009030
PTW: Success, final_ppn=0x80001, level=3mem[X,0x000000008000121C] -> 0x0013
PTW: Start, vpn=0x30080001, access_type=X, privilege=Smem[R,0x0000000080009030] -> 0x00000000000000CB
PTW: Step, level=3, pte=0xCB, pte_addr=0x80009030
PTW: Success, final_ppn=0x80001, level=3mem[X,0x000000008000121E] -> 0x0000
[2147] [S]: 0x000003008000121C (0x00000013) addi x0, x0, 0x0                        va_rvtest_code_begin+2656

clint mtime 0x0000000000000432 (mip.MTI <- 0b1, mip.STI <- 0b0)
PTW: Start, vpn=0x30080001, access_type=X, privilege=Smem[R,0x0000000080009030] -> 0x00000000000000CB
PTW: Step, level=3, pte=0xCB, pte_addr=0x80009030
PTW: Success, final_ppn=0x80001, level=3mem[X,0x0000000080001220] -> 0x0217
PTW: Start, vpn=0x30080001, access_type=X, privilege=Smem[R,0x0000000080009030] -> 0x00000000000000CB
PTW: Step, level=3, pte=0xCB, pte_addr=0x80009030
PTW: Success, final_ppn=0x80001, level=3mem[X,0x0000000080001222] -> 0x0000
[2148] [S]: 0x0000030080001220 (0x00000217) auipc x4, 0x0                           va_rvtest_code_begin+2660
x4 <- 0x0000030080001220

PTW: Start, vpn=0x30080001, access_type=X, privilege=Smem[R,0x0000000080009030] -> 0x00000000000000CB
PTW: Step, level=3, pte=0xCB, pte_addr=0x80009030
PTW: Success, final_ppn=0x80001, level=3mem[X,0x0000000080001224] -> 0x0213
PTW: Start, vpn=0x30080001, access_type=X, privilege=Smem[R,0x0000000080009030] -> 0x00000000000000CB
PTW: Step, level=3, pte=0xCB, pte_addr=0x80009030
PTW: Success, final_ppn=0x80001, level=3mem[X,0x0000000080001226] -> 0x02C2
[2149] [S]: 0x0000030080001224 (0x02C20213) addi x4, x4, 0x2c                       va_rvtest_code_begin+2664
x4 <- 0x000003008000124C

clint mtime 0x0000000000000433 (mip.MTI <- 0b1, mip.STI <- 0b0)
PTW: Start, vpn=0x30080001, access_type=X, privilege=Smem[R,0x0000000080009030] -> 0x00000000000000CB
PTW: Step, level=3, pte=0xCB, pte_addr=0x80009030
PTW: Success, final_ppn=0x80001, level=3mem[X,0x0000000080001228] -> 0x0001
[2150] [S]: 0x0000030080001228 (0x0001) c.nop                                       va_rvtest_code_begin+2668

PTW: Start, vpn=0x30080001, access_type=X, privilege=Smem[R,0x0000000080009030] -> 0x00000000000000CB
PTW: Step, level=3, pte=0xCB, pte_addr=0x80009030
PTW: Success, final_ppn=0x80001, level=3mem[X,0x000000008000122A] -> 0x0013
PTW: Start, vpn=0x30080001, access_type=X, privilege=Smem[R,0x0000000080009030] -> 0x00000000000000CB
PTW: Step, level=3, pte=0xCB, pte_addr=0x80009030
PTW: Success, final_ppn=0x80001, level=3mem[X,0x000000008000122C] -> 0x0000
[2151] [S]: 0x000003008000122A (0x00000013) addi x0, x0, 0x0                        va_rvtest_code_begin+2670

clint mtime 0x0000000000000434 (mip.MTI <- 0b1, mip.STI <- 0b0)
PTW: Start, vpn=0x30080001, access_type=X, privilege=Smem[R,0x0000000080009030] -> 0x00000000000000CB
PTW: Step, level=3, pte=0xCB, pte_addr=0x80009030
PTW: Success, final_ppn=0x80001, level=3mem[X,0x000000008000122E] -> 0x0013
PTW: Start, vpn=0x30080001, access_type=X, privilege=Smem[R,0x0000000080009030] -> 0x00000000000000CB
PTW: Step, level=3, pte=0xCB, pte_addr=0x80009030
PTW: Success, final_ppn=0x80001, level=3mem[X,0x0000000080001230] -> 0x0000
[2152] [S]: 0x000003008000122E (0x00000013) addi x0, x0, 0x0                        va_rvtest_code_begin+2674

PTW: Start, vpn=0x30080001, access_type=X, privilege=Smem[R,0x0000000080009030] -> 0x00000000000000CB
PTW: Step, level=3, pte=0xCB, pte_addr=0x80009030
PTW: Success, final_ppn=0x80001, level=3mem[X,0x0000000080001232] -> 0x0013
PTW: Start, vpn=0x30080001, access_type=X, privilege=Smem[R,0x0000000080009030] -> 0x00000000000000CB
PTW: Step, level=3, pte=0xCB, pte_addr=0x80009030
PTW: Success, final_ppn=0x80001, level=3mem[X,0x0000000080001234] -> 0x0000
[2153] [S]: 0x0000030080001232 (0x00000013) addi x0, x0, 0x0                        va_rvtest_code_begin+2678

clint mtime 0x0000000000000435 (mip.MTI <- 0b1, mip.STI <- 0b0)
PTW: Start, vpn=0x30080001, access_type=X, privilege=Smem[R,0x0000000080009030] -> 0x00000000000000CB
PTW: Step, level=3, pte=0xCB, pte_addr=0x80009030
PTW: Success, final_ppn=0x80001, level=3mem[X,0x0000000080001236] -> 0x0013
PTW: Start, vpn=0x30080001, access_type=X, privilege=Smem[R,0x0000000080009030] -> 0x00000000000000CB
PTW: Step, level=3, pte=0xCB, pte_addr=0x80009030
PTW: Success, final_ppn=0x80001, level=3mem[X,0x0000000080001238] -> 0x0000
[2154] [S]: 0x0000030080001236 (0x00000013) addi x0, x0, 0x0                        va_rvtest_code_begin+2682

PTW: Start, vpn=0x30080001, access_type=X, privilege=Smem[R,0x0000000080009030] -> 0x00000000000000CB
PTW: Step, level=3, pte=0xCB, pte_addr=0x80009030
PTW: Success, final_ppn=0x80001, level=3mem[X,0x000000008000123A] -> 0x0013
PTW: Start, vpn=0x30080001, access_type=X, privilege=Smem[R,0x0000000080009030] -> 0x00000000000000CB
PTW: Step, level=3, pte=0xCB, pte_addr=0x80009030
PTW: Success, final_ppn=0x80001, level=3mem[X,0x000000008000123C] -> 0x0000
[2155] [S]: 0x000003008000123A (0x00000013) addi x0, x0, 0x0                        va_rvtest_code_begin+2686

clint mtime 0x0000000000000436 (mip.MTI <- 0b1, mip.STI <- 0b0)
PTW: Start, vpn=0x30080001, access_type=X, privilege=Smem[R,0x0000000080009030] -> 0x00000000000000CB
PTW: Step, level=3, pte=0xCB, pte_addr=0x80009030
PTW: Success, final_ppn=0x80001, level=3mem[X,0x000000008000123E] -> 0x0001
[2156] [S]: 0x000003008000123E (0x0001) c.nop                                       va_rvtest_code_begin+2690

PTW: Start, vpn=0x30080001, access_type=X, privilege=Smem[R,0x0000000080009030] -> 0x00000000000000CB
PTW: Step, level=3, pte=0xCB, pte_addr=0x80009030
PTW: Success, final_ppn=0x80001, level=3mem[X,0x0000000080001240] -> 0x80E7
PTW: Start, vpn=0x30080001, access_type=X, privilege=Smem[R,0x0000000080009030] -> 0x00000000000000CB
PTW: Step, level=3, pte=0xCB, pte_addr=0x80009030
PTW: Success, final_ppn=0x80001, level=3mem[X,0x0000000080001242] -> 0x0007
[2157] [S]: 0x0000030080001240 (0x000780E7) jalr x1, 0x0(x15)                       va_rvtest_code_begin+2692
x1 <- 0x0000030080001244

clint mtime 0x0000000000000437 (mip.MTI <- 0b1, mip.STI <- 0b0)
PTW: Start, vpn=0x28000000, access_type=X, privilege=Smem[R,0x0000000080009028] -> 0x0000000020002001
PTW: Step, level=3, pte=0x20002001, pte_addr=0x80009028
PTW: Start, vpn=0x28000000, access_type=X, privilege=Smem[R,0x0000000080008000] -> 0x00000000200000C3
PTW: Step, level=2, pte=0x200000C3, pte_addr=0x80008000
PTW: failed, error=no-permission, level=2, pte_addr=0x80008000
trapping from S to M to handle fetch-page-fault
handling exc#fetch-page-fault at priv M with tval 0x0000028000000400
CSR mstatus (0x300) <- 0x0000000A00040800
CSR mcause (0x342) <- 0x000000000000000C
CSR mtval (0x343) <- 0x0000028000000400
CSR mepc (0x341) <- 0x0000028000000400

mem[X,0x0000000080002500] -> 0x006F
mem[X,0x0000000080002502] -> 0x1000
[2159] [M]: 0x0000000080002500 (0x1000006F) jal x0, 0x100                           Mtrampoline+0

clint mtime 0x0000000000000438 (mip.MTI <- 0b1, mip.STI <- 0b0)
mem[X,0x0000000080002600] -> 0x1173
mem[X,0x0000000080002602] -> 0x3401
[2160] [M]: 0x0000000080002600 (0x34011173) csrrw x2, mscratch, x2                  trap_Mhandler+0
CSR mscratch (0x340) <- 0x0000000000000000
x2 <- 0x0000000080005000

mem[X,0x0000000080002604] -> 0x3423
mem[X,0x0000000080002606] -> 0x28B1
[2161] [M]: 0x0000000080002604 (0x28B13423) sd x11, 0x288(x2)                       trap_Mhandler+4
mem[W,0x0000000080005288] <- 0x00000000000000C3

clint mtime 0x0000000000000439 (mip.MTI <- 0b1, mip.STI <- 0b0)
mem[X,0x0000000080002608] -> 0x05EF
mem[X,0x000000008000260A] -> 0x0B80
[2162] [M]: 0x0000000080002608 (0x0B8005EF) jal x11, 0xb8                           trap_Mhandler+8
x11 <- 0x000000008000260C

mem[X,0x00000000800026C0] -> 0x3023
mem[X,0x00000000800026C2] -> 0x28A1
[2163] [M]: 0x00000000800026C0 (0x28A13023) sd x10, 0x280(x2)                       common_Mhandler+0
mem[W,0x0000000080005280] <- 0x00000000200000C3

clint mtime 0x000000000000043A (mip.MTI <- 0b1, mip.STI <- 0b0)
mem[X,0x00000000800026C4] -> 0x1573
mem[X,0x00000000800026C6] -> 0x3401
[2164] [M]: 0x00000000800026C4 (0x34011573) csrrw x10, mscratch, x2                 common_Mhandler+4
CSR mscratch (0x340) <- 0x0000000080005000
x10 <- 0x0000000000000000

mem[X,0x00000000800026C8] -> 0x3823
mem[X,0x00000000800026CA] -> 0x28A1
[2165] [M]: 0x00000000800026C8 (0x28A13823) sd x10, 0x290(x2)                       common_Mhandler+8
mem[W,0x0000000080005290] <- 0x0000000000000000

clint mtime 0x000000000000043B (mip.MTI <- 0b1, mip.STI <- 0b0)
mem[X,0x00000000800026CC] -> 0x3503
mem[X,0x00000000800026CE] -> 0x2301
[2166] [M]: 0x00000000800026CC (0x23013503) ld x10, 0x230(x2)                       common_Mhandler+12
mem[R,0x0000000080005230] -> 0x00000000800026D4
x10 <- 0x00000000800026D4

mem[X,0x00000000800026D0] -> 0x0067
mem[X,0x00000000800026D2] -> 0x0005
[2167] [M]: 0x00000000800026D0 (0x00050067) jalr x0, 0x0(x10)                       common_Mhandler+16

clint mtime 0x000000000000043C (mip.MTI <- 0b1, mip.STI <- 0b0)
mem[X,0x00000000800026D4] -> 0x3C23
mem[X,0x00000000800026D6] -> 0x2691
[2168] [M]: 0x00000000800026D4 (0x26913C23) sd x9, 0x278(x2)                        common_Mentry+0
mem[W,0x0000000080005278] <- 0x0000030000000148

mem[X,0x00000000800026D8] -> 0x3823
mem[X,0x00000000800026DA] -> 0x2681
[2169] [M]: 0x00000000800026D8 (0x26813823) sd x8, 0x270(x2)                        common_Mentry+4
mem[W,0x0000000080005270] <- 0x0000000000007F76

clint mtime 0x000000000000043D (mip.MTI <- 0b1, mip.STI <- 0b0)
mem[X,0x00000000800026DC] -> 0x3423
mem[X,0x00000000800026DE] -> 0x2671
[2170] [M]: 0x00000000800026DC (0x26713423) sd x7, 0x268(x2)                        common_Mentry+8
mem[W,0x0000000080005268] <- 0x0000000080005000

mem[X,0x00000000800026E0] -> 0x3023
mem[X,0x00000000800026E2] -> 0x2661
[2171] [M]: 0x00000000800026E0 (0x26613023) sd x6, 0x260(x2)                        common_Mentry+12
mem[W,0x0000000080005260] <- 0xFFFFFFFF7FFFEF8C

clint mtime 0x000000000000043E (mip.MTI <- 0b1, mip.STI <- 0b0)
mem[X,0x00000000800026E4] -> 0x2573
mem[X,0x00000000800026E6] -> 0x3420
[2172] [M]: 0x00000000800026E4 (0x34202573) csrrs x10, mcause, x0                   spcl_M2mmode_test+0
CSR mcause (0x342) -> 0x000000000000000C
x10 <- 0x000000000000000C

mem[X,0x00000000800026E8] -> 0x04B7
mem[X,0x00000000800026EA] -> 0x8000
[2173] [M]: 0x00000000800026E8 (0x800004B7) lui x9, -0x80000                        spcl_M2mmode_test+4
x9 <- 0xFFFFFFFF80000000

clint mtime 0x000000000000043F (mip.MTI <- 0b1, mip.STI <- 0b0)
mem[X,0x00000000800026EC] -> 0x8493
mem[X,0x00000000800026EE] -> 0x0004
[2174] [M]: 0x00000000800026EC (0x00048493) addi x9, x9, 0x0                        spcl_M2mmode_test+8
x9 <- 0xFFFFFFFF80000000

mem[X,0x00000000800026F0] -> 0x9493
mem[X,0x00000000800026F2] -> 0x00B4
[2175] [M]: 0x00000000800026F0 (0x00B49493) slli x9, x9, 0xb                        spcl_M2mmode_test+12
x9 <- 0xFFFFFC0000000000

clint mtime 0x0000000000000440 (mip.MTI <- 0b1, mip.STI <- 0b0)
mem[X,0x00000000800026F4] -> 0x8493
mem[X,0x00000000800026F6] -> 0x0004
[2176] [M]: 0x00000000800026F4 (0x00048493) addi x9, x9, 0x0                        spcl_M2mmode_test+16
x9 <- 0xFFFFFC0000000000

mem[X,0x00000000800026F8] -> 0x9493
mem[X,0x00000000800026FA] -> 0x00B4
[2177] [M]: 0x00000000800026F8 (0x00B49493) slli x9, x9, 0xb                        spcl_M2mmode_test+20
x9 <- 0xFFE0000000000000

clint mtime 0x0000000000000441 (mip.MTI <- 0b1, mip.STI <- 0b0)
mem[X,0x00000000800026FC] -> 0x8493
mem[X,0x00000000800026FE] -> 0x0034
[2178] [M]: 0x00000000800026FC (0x00348493) addi x9, x9, 0x3                        spcl_M2mmode_test+24
x9 <- 0xFFE0000000000003

mem[X,0x0000000080002700] -> 0x9493
mem[X,0x0000000080002702] -> 0x00A4
[2179] [M]: 0x0000000080002700 (0x00A49493) slli x9, x9, 0xa                        spcl_M2mmode_test+28
x9 <- 0x8000000000000C00

clint mtime 0x0000000000000442 (mip.MTI <- 0b1, mip.STI <- 0b0)
mem[X,0x0000000080002704] -> 0x8493
mem[X,0x0000000080002706] -> 0x3FC4
[2180] [M]: 0x0000000080002704 (0x3FC48493) addi x9, x9, 0x3fc                      spcl_M2mmode_test+32
x9 <- 0x8000000000000FFC

mem[X,0x0000000080002708] -> 0xF4B3
mem[X,0x000000008000270A] -> 0x00A4
[2181] [M]: 0x0000000080002708 (0x00A4F4B3) and x9, x9, x10                         spcl_M2mmode_test+36
x9 <- 0x000000000000000C

clint mtime 0x0000000000000443 (mip.MTI <- 0b1, mip.STI <- 0b0)
mem[X,0x000000008000270C] -> 0x8493
mem[X,0x000000008000270E] -> 0xFF84
[2182] [M]: 0x000000008000270C (0xFF848493) addi x9, x9, -0x8                       spcl_M2mmode_test+40
x9 <- 0x0000000000000004

mem[X,0x0000000080002710] -> 0x9663
mem[X,0x0000000080002712] -> 0x0004
[2183] [M]: 0x0000000080002710 (0x00049663) bne x9, x0, 0xc                         spcl_M2mmode_test+44

clint mtime 0x0000000000000444 (mip.MTI <- 0b1, mip.STI <- 0b0)
mem[X,0x000000008000271C] -> 0x0393
mem[X,0x000000008000271E] -> 0x0200
[2184] [M]: 0x000000008000271C (0x02000393) addi x7, x0, 0x20                       Mtrapsig_ptr_upd+0
x7 <- 0x0000000000000020

mem[X,0x0000000080002720] -> 0x5263
mem[X,0x0000000080002722] -> 0x0405
[2185] [M]: 0x0000000080002720 (0x04055263) bge x10, x0, 0x44                       Mtrapsig_ptr_upd+4

clint mtime 0x0000000000000445 (mip.MTI <- 0b1, mip.STI <- 0b0)
mem[X,0x0000000080002764] -> 0x2373
mem[X,0x0000000080002766] -> 0x3010
[2186] [M]: 0x0000000080002764 (0x30102373) csrrs x6, misa, x0                      Mxcpt_sig_sv+0
CSR misa (0x301) -> 0x800000000034112F
x6 <- 0x800000000034112F

mem[X,0x0000000080002768] -> 0x1313
mem[X,0x000000008000276A] -> 0x0383
[2187] [M]: 0x0000000080002768 (0x03831313) slli x6, x6, 0x38                       Mxcpt_sig_sv+4
x6 <- 0x2F00000000000000

clint mtime 0x0000000000000446 (mip.MTI <- 0b1, mip.STI <- 0b0)
mem[X,0x000000008000276C] -> 0x5463
mem[X,0x000000008000276E] -> 0x0003
[2188] [M]: 0x000000008000276C (0x00035463) bge x6, x0, 0x8                         Mxcpt_sig_sv+8

mem[X,0x0000000080002774] -> 0x3303
mem[X,0x0000000080002776] -> 0x2181
[2189] [M]: 0x0000000080002774 (0x21813303) ld x6, 0x218(x2)                        Mtrap_sig_sv+0
mem[R,0x0000000080005218] -> 0x000000008000A658
x6 <- 0x000000008000A658

clint mtime 0x0000000000000447 (mip.MTI <- 0b1, mip.STI <- 0b0)
mem[X,0x0000000080002778] -> 0x04B3
mem[X,0x000000008000277A] -> 0x0073
[2190] [M]: 0x0000000080002778 (0x007304B3) add x9, x6, x7                          Mtrap_sig_sv+4
x9 <- 0x000000008000A678

mem[X,0x000000008000277C] -> 0x3C23
mem[X,0x000000008000277E] -> 0x2091
[2191] [M]: 0x000000008000277C (0x20913C23) sd x9, 0x218(x2)                        Mtrap_sig_sv+8
mem[W,0x0000000080005218] <- 0x000000008000A678

clint mtime 0x0000000000000448 (mip.MTI <- 0b1, mip.STI <- 0b0)
mem[X,0x0000000080002780] -> 0x3403
mem[X,0x0000000080002782] -> 0x1F81
[2192] [M]: 0x0000000080002780 (0x1F813403) ld x8, 0x1f8(x2)                        Mtrap_sig_sv+12
mem[R,0x00000000800051F8] -> 0x000000008000A110
x8 <- 0x000000008000A110

mem[X,0x0000000080002784] -> 0x0333
mem[X,0x0000000080002786] -> 0x4083
[2193] [M]: 0x0000000080002784 (0x40830333) sub x6, x6, x8                          Mtrap_sig_sv+16
x6 <- 0x0000000000000548

clint mtime 0x0000000000000449 (mip.MTI <- 0b1, mip.STI <- 0b0)
mem[X,0x0000000080002788] -> 0x3403
mem[X,0x000000008000278A] -> 0x1F81
[2194] [M]: 0x0000000080002788 (0x1F813403) ld x8, 0x1f8(x2)                        Mtrap_sig_sv+20
mem[R,0x00000000800051F8] -> 0x000000008000A110
x8 <- 0x000000008000A110

mem[X,0x000000008000278C] -> 0x0333
mem[X,0x000000008000278E] -> 0x0083
[2195] [M]: 0x000000008000278C (0x00830333) add x6, x6, x8                          Mtrap_sig_sv+24
x6 <- 0x000000008000A658

clint mtime 0x000000000000044A (mip.MTI <- 0b1, mip.STI <- 0b0)
mem[X,0x0000000080002790] -> 0x3403
mem[X,0x0000000080002792] -> 0x2401
[2196] [M]: 0x0000000080002790 (0x24013403) ld x8, 0x240(x2)                        Mtrap_sig_sv+28
mem[R,0x0000000080005240] -> 0x0000000080002500
x8 <- 0x0000000080002500

mem[X,0x0000000080002794] -> 0x85B3
mem[X,0x0000000080002796] -> 0x4085
[2197] [M]: 0x0000000080002794 (0x408585B3) sub x11, x11, x8                        sv_Mvect+0
x11 <- 0x000000000000010C

clint mtime 0x000000000000044B (mip.MTI <- 0b1, mip.STI <- 0b0)
mem[X,0x0000000080002798] -> 0x9593
mem[X,0x000000008000279A] -> 0x0045
[2198] [M]: 0x0000000080002798 (0x00459593) slli x11, x11, 0x4                      sv_Mvect+4
x11 <- 0x00000000000010C0

mem[X,0x000000008000279C] -> 0xE5B3
mem[X,0x000000008000279E] -> 0x0075
[2199] [M]: 0x000000008000279C (0x0075E5B3) or x11, x11, x7                         sv_Mvect+8
x11 <- 0x00000000000010E0

clint mtime 0x000000000000044C (mip.MTI <- 0b1, mip.STI <- 0b0)
mem[X,0x00000000800027A0] -> 0x8593
mem[X,0x00000000800027A2] -> 0x0035
[2200] [M]: 0x00000000800027A0 (0x00358593) addi x11, x11, 0x3                      sv_Mvect+12
x11 <- 0x00000000000010E3

mem[X,0x00000000800027A4] -> 0x3023
mem[X,0x00000000800027A6] -> 0x00B3
[2201] [M]: 0x00000000800027A4 (0x00B33023) sd x11, 0x0(x6)                         sv_Mvect+16
mem[W,0x000000008000A658] <- 0x00000000000010E3

clint mtime 0x000000000000044D (mip.MTI <- 0b1, mip.STI <- 0b0)
mem[X,0x00000000800027A8] -> 0x3423
mem[X,0x00000000800027AA] -> 0x00A3
[2202] [M]: 0x00000000800027A8 (0x00A33423) sd x10, 0x8(x6)                         sv_Mcause+0
mem[W,0x000000008000A660] <- 0x000000000000000C

mem[X,0x00000000800027AC] -> 0x4663
mem[X,0x00000000800027AE] -> 0x1A05
[2203] [M]: 0x00000000800027AC (0x1A054663) blt x10, x0, 0x1ac                      sv_Mcause+4

clint mtime 0x000000000000044E (mip.MTI <- 0b1, mip.STI <- 0b0)
mem[X,0x00000000800027B0] -> 0x25F3
mem[X,0x00000000800027B2] -> 0x3000
[2204] [M]: 0x00000000800027B0 (0x300025F3) csrrs x11, mstatus, x0                  common_Mexcpt_handler+0
CSR mstatus (0x300) -> 0x0000000A00040800
x11 <- 0x0000000A00040800

mem[X,0x00000000800027B4] -> 0x9413
mem[X,0x00000000800027B6] -> 0x02E5
[2205] [M]: 0x00000000800027B4 (0x02E59413) slli x8, x11, 0x2e                      common_Mexcpt_handler+4
x8 <- 0x0200000000000000

clint mtime 0x000000000000044F (mip.MTI <- 0b1, mip.STI <- 0b0)
mem[X,0x00000000800027B8] -> 0x5463
mem[X,0x00000000800027BA] -> 0x0004
[2206] [M]: 0x00000000800027B8 (0x00045463) bge x8, x0, 0x8                         common_Mexcpt_handler+8

mem[X,0x00000000800027C0] -> 0xD493
mem[X,0x00000000800027C2] -> 0x00B5
[2207] [M]: 0x00000000800027C0 (0x00B5D493) srli x9, x11, 0xb                       common_Mexcpt_handler+16
x9 <- 0x0000000001400081

clint mtime 0x0000000000000450 (mip.MTI <- 0b1, mip.STI <- 0b0)
mem[X,0x00000000800027C4] -> 0xF493
mem[X,0x00000000800027C6] -> 0x0034
[2208] [M]: 0x00000000800027C4 (0x0034F493) andi x9, x9, 0x3                        common_Mexcpt_handler+20
x9 <- 0x0000000000000001

mem[X,0x00000000800027C8] -> 0x8493
mem[X,0x00000000800027CA] -> 0x0014
[2209] [M]: 0x00000000800027C8 (0x00148493) addi x9, x9, 0x1                        common_Mexcpt_handler+24
x9 <- 0x0000000000000002

clint mtime 0x0000000000000451 (mip.MTI <- 0b1, mip.STI <- 0b0)
mem[X,0x00000000800027CC] -> 0xF493
mem[X,0x00000000800027CE] -> 0x0044
[2210] [M]: 0x00000000800027CC (0x0044F493) andi x9, x9, 0x4                        common_Mexcpt_handler+28
x9 <- 0x0000000000000000

mem[X,0x00000000800027D0] -> 0x0593
mem[X,0x00000000800027D2] -> 0x05D0
[2211] [M]: 0x00000000800027D0 (0x05D00593) addi x11, x0, 0x5d                      common_Mexcpt_handler+32
x11 <- 0x000000000000005D

clint mtime 0x0000000000000452 (mip.MTI <- 0b1, mip.STI <- 0b0)
mem[X,0x00000000800027D4] -> 0xD5B3
mem[X,0x00000000800027D6] -> 0x0095
[2212] [M]: 0x00000000800027D4 (0x0095D5B3) srl x11, x11, x9                        common_Mexcpt_handler+36
x11 <- 0x000000000000005D

mem[X,0x00000000800027D8] -> 0xF593
mem[X,0x00000000800027DA] -> 0x0015
[2213] [M]: 0x00000000800027D8 (0x0015F593) andi x11, x11, 0x1                      common_Mexcpt_handler+40
x11 <- 0x0000000000000001

clint mtime 0x0000000000000453 (mip.MTI <- 0b1, mip.STI <- 0b0)
mem[X,0x00000000800027DC] -> 0x8EE3
mem[X,0x00000000800027DE] -> 0xF405
[2214] [M]: 0x00000000800027DC (0xF4058EE3) beq x11, x0, -0xa4                      common_Mexcpt_handler+44

mem[X,0x00000000800027E0] -> 0x0593
mem[X,0x00000000800027E2] -> 0x2980
[2215] [M]: 0x00000000800027E0 (0x29800593) addi x11, x0, 0x298                     common_Mexcpt_handler+48
x11 <- 0x0000000000000298

clint mtime 0x0000000000000454 (mip.MTI <- 0b1, mip.STI <- 0b0)
mem[X,0x00000000800027E4] -> 0xF413
mem[X,0x00000000800027E6] -> 0x0014
[2216] [M]: 0x00000000800027E4 (0x0014F413) andi x8, x9, 0x1                        common_Mexcpt_handler+52
x8 <- 0x0000000000000000

mem[X,0x00000000800027E8] -> 0x95B3
mem[X,0x00000000800027EA] -> 0x0085
[2217] [M]: 0x00000000800027E8 (0x008595B3) sll x11, x11, x8                        common_Mexcpt_handler+56
x11 <- 0x0000000000000298

clint mtime 0x0000000000000455 (mip.MTI <- 0b1, mip.STI <- 0b0)
mem[X,0x00000000800027EC] -> 0x9413
mem[X,0x00000000800027EE] -> 0x03D4
[2218] [M]: 0x00000000800027EC (0x03D49413) slli x8, x9, 0x3d                       common_Mexcpt_handler+60
x8 <- 0x0000000000000000

mem[X,0x00000000800027F0] -> 0x5413
mem[X,0x00000000800027F2] -> 0x43F4
[2219] [M]: 0x00000000800027F0 (0x43F45413) srai x8, x8, 0x3f                       common_Mexcpt_handler+64
x8 <- 0x0000000000000000

clint mtime 0x0000000000000456 (mip.MTI <- 0b1, mip.STI <- 0b0)
mem[X,0x00000000800027F4] -> 0x4413
mem[X,0x00000000800027F6] -> 0xFFF4
[2220] [M]: 0x00000000800027F4 (0xFFF44413) xori x8, x8, -0x1                       common_Mexcpt_handler+68
x8 <- 0xFFFFFFFFFFFFFFFF

mem[X,0x00000000800027F8] -> 0xF4B3
mem[X,0x00000000800027FA] -> 0x0085
[2221] [M]: 0x00000000800027F8 (0x0085F4B3) and x9, x11, x8                         common_Mexcpt_handler+72
x9 <- 0x0000000000000298

clint mtime 0x0000000000000457 (mip.MTI <- 0b1, mip.STI <- 0b0)
mem[X,0x00000000800027FC] -> 0x84B3
mem[X,0x00000000800027FE] -> 0x0024
[2222] [M]: 0x00000000800027FC (0x002484B3) add x9, x9, x2                          vmem_adj_Mepc+0
x9 <- 0x0000000080005298

mem[X,0x0000000080002800] -> 0x23F3
mem[X,0x0000000080002802] -> 0x3410
[2223] [M]: 0x0000000080002800 (0x341023F3) csrrs x7, mepc, x0                      vmem_adj_Mepc+4
CSR mepc (0x341) -> 0x0000028000000400
x7 <- 0x0000028000000400

clint mtime 0x0000000000000458 (mip.MTI <- 0b1, mip.STI <- 0b0)
mem[X,0x0000000080002804] -> 0x0413
mem[X,0x0000000080002806] -> 0x0004
[2224] [M]: 0x0000000080002804 (0x00040413) addi x8, x8, 0x0                        vmem_adj_Mepc+8
x8 <- 0xFFFFFFFFFFFFFFFF

mem[X,0x0000000080002808] -> 0x006F
mem[X,0x000000008000280A] -> 0x0400
[2225] [M]: 0x0000000080002808 (0x0400006F) jal x0, 0x40                            vmem_adj_Mepc+12

clint mtime 0x0000000000000459 (mip.MTI <- 0b1, mip.STI <- 0b0)
mem[X,0x0000000080002848] -> 0x8433
mem[X,0x000000008000284A] -> 0x4083
[2226] [M]: 0x0000000080002848 (0x40838433) sub x8, x7, x8                          adj_Mepc+0
x8 <- 0x0000028000000401

mem[X,0x000000008000284C] -> 0x3823
mem[X,0x000000008000284E] -> 0x0083
[2227] [M]: 0x000000008000284C (0x00833823) sd x8, 0x10(x6)                         sv_Mepc+0
mem[W,0x000000008000A668] <- 0x0000028000000401

clint mtime 0x000000000000045A (mip.MTI <- 0b1, mip.STI <- 0b0)
mem[X,0x0000000080002850] -> 0x55B7
mem[X,0x0000000080002852] -> 0x0000
[2228] [M]: 0x0000000080002850 (0x000055B7) lui x11, 0x5                            sv_Mepc+4
x11 <- 0x0000000000005000

mem[X,0x0000000080002854] -> 0x8593
mem[X,0x0000000080002856] -> 0x6675
[2229] [M]: 0x0000000080002854 (0x66758593) addi x11, x11, 0x667                    sv_Mepc+8
x11 <- 0x0000000000005667

clint mtime 0x000000000000045B (mip.MTI <- 0b1, mip.STI <- 0b0)
mem[X,0x0000000080002858] -> 0x9593
mem[X,0x000000008000285A] -> 0x0015
[2230] [M]: 0x0000000080002858 (0x00159593) slli x11, x11, 0x1                      sv_Mepc+12
x11 <- 0x000000000000ACCE

mem[X,0x000000008000285C] -> 0x9063
mem[X,0x000000008000285E] -> 0x02B1
[2231] [M]: 0x000000008000285C (0x02B19063) bne x3, x11, 0x20                       sv_Mepc+16

clint mtime 0x000000000000045C (mip.MTI <- 0b1, mip.STI <- 0b0)
mem[X,0x0000000080002860] -> 0x2473
mem[X,0x0000000080002862] -> 0x3420
[2232] [M]: 0x0000000080002860 (0x34202473) csrrs x8, mcause, x0                    sv_Mepc+20
CSR mcause (0x342) -> 0x000000000000000C
x8 <- 0x000000000000000C

mem[X,0x0000000080002864] -> 0x0593
mem[X,0x0000000080002866] -> 0x00C0
[2233] [M]: 0x0000000080002864 (0x00C00593) addi x11, x0, 0xc                       sv_Mepc+24
x11 <- 0x000000000000000C

clint mtime 0x000000000000045D (mip.MTI <- 0b1, mip.STI <- 0b0)
mem[X,0x0000000080002868] -> 0x0663
mem[X,0x000000008000286A] -> 0x00B4
[2234] [M]: 0x0000000080002868 (0x00B40663) beq x8, x11, 0xc                        sv_Mepc+28

mem[X,0x0000000080002874] -> 0x1073
mem[X,0x0000000080002876] -> 0x3412
[2235] [M]: 0x0000000080002874 (0x34121073) csrrw x0, mepc, x4                      sv_Mepc+40
CSR mepc (0x341) <- 0x000003008000124C

clint mtime 0x000000000000045E (mip.MTI <- 0b1, mip.STI <- 0b0)
mem[X,0x0000000080002878] -> 0x006F
mem[X,0x000000008000287A] -> 0x0100
[2236] [M]: 0x0000000080002878 (0x0100006F) jal x0, 0x10                            sv_Mepc+44

mem[X,0x0000000080002888] -> 0x23F3
mem[X,0x000000008000288A] -> 0x3430
[2237] [M]: 0x0000000080002888 (0x343023F3) csrrs x7, mtval, x0                     skp_adj_Mepc+0
CSR mtval (0x343) -> 0x0000028000000400
x7 <- 0x0000028000000400

clint mtime 0x000000000000045F (mip.MTI <- 0b1, mip.STI <- 0b0)
mem[X,0x000000008000288C] -> 0x0413
mem[X,0x000000008000288E] -> 0x0004
[2238] [M]: 0x000000008000288C (0x00040413) addi x8, x8, 0x0                        skp_adj_Mepc+4
x8 <- 0x000000000000000C

mem[X,0x0000000080002890] -> 0x006F
mem[X,0x0000000080002892] -> 0x0840
[2239] [M]: 0x0000000080002890 (0x0840006F) jal x0, 0x84                            skp_adj_Mepc+8

clint mtime 0x0000000000000460 (mip.MTI <- 0b1, mip.STI <- 0b0)
mem[X,0x0000000080002914] -> 0x8433
mem[X,0x0000000080002916] -> 0x4083
[2240] [M]: 0x0000000080002914 (0x40838433) sub x8, x7, x8                          adj_Mtval+0
x8 <- 0x00000280000003F4

mem[X,0x0000000080002918] -> 0x3C23
mem[X,0x000000008000291A] -> 0x0083
[2241] [M]: 0x0000000080002918 (0x00833C23) sd x8, 0x18(x6)                         sv_Mtval+0
mem[W,0x000000008000A670] <- 0x00000280000003F4

clint mtime 0x0000000000000461 (mip.MTI <- 0b1, mip.STI <- 0b0)
mem[X,0x000000008000291C] -> 0x3483
mem[X,0x000000008000291E] -> 0x2181
[2242] [M]: 0x000000008000291C (0x21813483) ld x9, 0x218(x2)                        skp_Mtval+0
mem[R,0x0000000080005218] -> 0x000000008000A678
x9 <- 0x000000008000A678

mem[X,0x0000000080002920] -> 0x3383
mem[X,0x0000000080002922] -> 0x1F81
[2243] [M]: 0x0000000080002920 (0x1F813383) ld x7, 0x1f8(x2)                        skp_Mtval+4
mem[R,0x00000000800051F8] -> 0x000000008000A110
x7 <- 0x000000008000A110

clint mtime 0x0000000000000462 (mip.MTI <- 0b1, mip.STI <- 0b0)
mem[X,0x0000000080002924] -> 0x3303
mem[X,0x0000000080002926] -> 0x2001
[2244] [M]: 0x0000000080002924 (0x20013303) ld x6, 0x200(x2)                        skp_Mtval+8
mem[R,0x0000000080005200] -> 0x0000000000000610
x6 <- 0x0000000000000610

mem[X,0x0000000080002928] -> 0x0333
mem[X,0x000000008000292A] -> 0x0073
[2245] [M]: 0x0000000080002928 (0x00730333) add x6, x6, x7                          skp_Mtval+12
x6 <- 0x000000008000A720

clint mtime 0x0000000000000463 (mip.MTI <- 0b1, mip.STI <- 0b0)
mem[X,0x000000008000292C] -> 0x6AE3
mem[X,0x000000008000292E] -> 0xAE93
[2246] [M]: 0x000000008000292C (0xAE936AE3) bltu x6, x9, -0x50c                     skp_Mtval+16

mem[X,0x0000000080002930] -> 0x0393
mem[X,0x0000000080002932] -> 0x2000
[2247] [M]: 0x0000000080002930 (0x20000393) addi x7, x0, 0x200                      skp_Mtval+20
x7 <- 0x0000000000000200

clint mtime 0x0000000000000464 (mip.MTI <- 0b1, mip.STI <- 0b0)
mem[X,0x0000000080002934] -> 0x006F
mem[X,0x0000000080002936] -> 0x0400
[2248] [M]: 0x0000000080002934 (0x0400006F) jal x0, 0x40                            skp_Mtval+24

mem[X,0x0000000080002974] -> 0x0417
mem[X,0x0000000080002976] -> 0x0000
[2249] [M]: 0x0000000080002974 (0x00000417) auipc x8, 0x0                           spcl_Mhandler+0
x8 <- 0x0000000080002974

clint mtime 0x0000000000000465 (mip.MTI <- 0b1, mip.STI <- 0b0)
mem[X,0x0000000080002978] -> 0x0413
mem[X,0x000000008000297A] -> 0x03C4
[2250] [M]: 0x0000000080002978 (0x03C40413) addi x8, x8, 0x3c                       spcl_Mhandler+4
x8 <- 0x00000000800029B0

mem[X,0x000000008000297C] -> 0x0433
mem[X,0x000000008000297E] -> 0x0074
[2251] [M]: 0x000000008000297C (0x00740433) add x8, x8, x7                          spcl_Mhandler+8
x8 <- 0x0000000080002BB0

clint mtime 0x0000000000000466 (mip.MTI <- 0b1, mip.STI <- 0b0)
mem[X,0x0000000080002980] -> 0x1393
mem[X,0x0000000080002982] -> 0x0035
[2252] [M]: 0x0000000080002980 (0x00351393) slli x7, x10, 0x3                       spcl_Mhandler+12
x7 <- 0x0000000000000060

mem[X,0x0000000080002984] -> 0x0433
mem[X,0x0000000080002986] -> 0x0074
[2253] [M]: 0x0000000080002984 (0x00740433) add x8, x8, x7                          spcl_Mhandler+16
x8 <- 0x0000000080002C10

clint mtime 0x0000000000000467 (mip.MTI <- 0b1, mip.STI <- 0b0)
mem[X,0x0000000080002988] -> 0x7413
mem[X,0x000000008000298A] -> 0xFF84
[2254] [M]: 0x0000000080002988 (0xFF847413) andi x8, x8, -0x8                       spcl_Mhandler+20
x8 <- 0x0000000080002C10

mem[X,0x000000008000298C] -> 0x3403
mem[X,0x000000008000298E] -> 0x0004
[2255] [M]: 0x000000008000298C (0x00043403) ld x8, 0x0(x8)                          spcl_Mhandler+24
mem[R,0x0000000080002C10] -> 0x0000000000000019
x8 <- 0x0000000000000019

clint mtime 0x0000000000000468 (mip.MTI <- 0b1, mip.STI <- 0b0)
mem[X,0x0000000080002990] -> 0x02E3
mem[X,0x0000000080002992] -> 0xB204
[2256] [M]: 0x0000000080002990 (0xB20402E3) beq x8, x0, -0x4dc                      spcl_Mdispatch_hndling+0

mem[X,0x0000000080002994] -> 0x1393
mem[X,0x0000000080002996] -> 0x03F4
[2257] [M]: 0x0000000080002994 (0x03F41393) slli x7, x8, 0x3f                       spcl_Mdispatch_hndling+4
x7 <- 0x8000000000000000

clint mtime 0x0000000000000469 (mip.MTI <- 0b1, mip.STI <- 0b0)
mem[X,0x0000000080002998] -> 0xD863
mem[X,0x000000008000299A] -> 0x0003
[2258] [M]: 0x0000000080002998 (0x0003D863) bge x7, x0, 0x10                        spcl_Mdispatch_hndling+8

mem[X,0x000000008000299C] -> 0x5413
mem[X,0x000000008000299E] -> 0x0014
[2259] [M]: 0x000000008000299C (0x00145413) srli x8, x8, 0x1                        spcl_Mdispatch_hndling+12
x8 <- 0x000000000000000C

clint mtime 0x000000000000046A (mip.MTI <- 0b1, mip.STI <- 0b0)
mem[X,0x00000000800029A0] -> 0x0CE3
mem[X,0x00000000800029A2] -> 0xF885
[2260] [M]: 0x00000000800029A0 (0xF8850CE3) beq x10, x8, -0x68                      spcl_Mdispatch_hndling+16

mem[X,0x0000000080002938] -> 0x3303
mem[X,0x000000008000293A] -> 0x2601
[2261] [M]: 0x0000000080002938 (0x26013303) ld x6, 0x260(x2)                        resto_Mrtn+0
mem[R,0x0000000080005260] -> 0xFFFFFFFF7FFFEF8C
x6 <- 0xFFFFFFFF7FFFEF8C

clint mtime 0x000000000000046B (mip.MTI <- 0b1, mip.STI <- 0b0)
mem[X,0x000000008000293C] -> 0x3383
mem[X,0x000000008000293E] -> 0x2681
[2262] [M]: 0x000000008000293C (0x26813383) ld x7, 0x268(x2)                        resto_Mrtn+4
mem[R,0x0000000080005268] -> 0x0000000080005000
x7 <- 0x0000000080005000

mem[X,0x0000000080002940] -> 0x3403
mem[X,0x0000000080002942] -> 0x2701
[2263] [M]: 0x0000000080002940 (0x27013403) ld x8, 0x270(x2)                        resto_Mrtn+8
mem[R,0x0000000080005270] -> 0x0000000000007F76
x8 <- 0x0000000000007F76

clint mtime 0x000000000000046C (mip.MTI <- 0b1, mip.STI <- 0b0)
mem[X,0x0000000080002944] -> 0x3483
mem[X,0x0000000080002946] -> 0x2781
[2264] [M]: 0x0000000080002944 (0x27813483) ld x9, 0x278(x2)                        resto_Mrtn+12
mem[R,0x0000000080005278] -> 0x0000030000000148
x9 <- 0x0000030000000148

mem[X,0x0000000080002948] -> 0x3503
mem[X,0x000000008000294A] -> 0x2801
[2265] [M]: 0x0000000080002948 (0x28013503) ld x10, 0x280(x2)                       resto_Mrtn+16
mem[R,0x0000000080005280] -> 0x00000000200000C3
x10 <- 0x00000000200000C3

clint mtime 0x000000000000046D (mip.MTI <- 0b1, mip.STI <- 0b0)
mem[X,0x000000008000294C] -> 0x3583
mem[X,0x000000008000294E] -> 0x2881
[2266] [M]: 0x000000008000294C (0x28813583) ld x11, 0x288(x2)                       resto_Mrtn+20
mem[R,0x0000000080005288] -> 0x00000000000000C3
x11 <- 0x00000000000000C3

mem[X,0x0000000080002950] -> 0x3103
mem[X,0x0000000080002952] -> 0x2901
[2267] [M]: 0x0000000080002950 (0x29013103) ld x2, 0x290(x2)                        resto_Mrtn+24
mem[R,0x0000000080005290] -> 0x0000000000000000
x2 <- 0x0000000000000000

clint mtime 0x000000000000046E (mip.MTI <- 0b1, mip.STI <- 0b0)
mem[X,0x0000000080002954] -> 0x0073
mem[X,0x0000000080002956] -> 0x3020
[2268] [M]: 0x0000000080002954 (0x30200073) mret                                    resto_Mrtn+28
CSR mstatus (0x300) <- 0x0000000A00040080
ret-ing from M to S

PTW: Start, vpn=0x30080001, access_type=X, privilege=Smem[R,0x0000000080009030] -> 0x00000000000000CB
PTW: Step, level=3, pte=0xCB, pte_addr=0x80009030
PTW: Success, final_ppn=0x80001, level=3mem[X,0x000000008000124C] -> 0x0013
PTW: Start, vpn=0x30080001, access_type=X, privilege=Smem[R,0x0000000080009030] -> 0x00000000000000CB
PTW: Step, level=3, pte=0xCB, pte_addr=0x80009030
PTW: Success, final_ppn=0x80001, level=3mem[X,0x000000008000124E] -> 0x0000
[2269] [S]: 0x000003008000124C (0x00000013) addi x0, x0, 0x0                        va_rvtest_code_begin+2704

clint mtime 0x000000000000046F (mip.MTI <- 0b1, mip.STI <- 0b0)
PTW: Start, vpn=0x30080001, access_type=X, privilege=Smem[R,0x0000000080009030] -> 0x00000000000000CB
PTW: Step, level=3, pte=0xCB, pte_addr=0x80009030
PTW: Success, final_ppn=0x80001, level=3mem[X,0x0000000080001250] -> 0x0013
PTW: Start, vpn=0x30080001, access_type=X, privilege=Smem[R,0x0000000080009030] -> 0x00000000000000CB
PTW: Step, level=3, pte=0xCB, pte_addr=0x80009030
PTW: Success, final_ppn=0x80001, level=3mem[X,0x0000000080001252] -> 0x0000
[2270] [S]: 0x0000030080001250 (0x00000013) addi x0, x0, 0x0                        va_rvtest_code_begin+2708

PTW: Start, vpn=0x30080001, access_type=X, privilege=Smem[R,0x0000000080009030] -> 0x00000000000000CB
PTW: Step, level=3, pte=0xCB, pte_addr=0x80009030
PTW: Success, final_ppn=0x80001, level=3mem[X,0x0000000080001254] -> 0x0013
PTW: Start, vpn=0x30080001, access_type=X, privilege=Smem[R,0x0000000080009030] -> 0x00000000000000CB
PTW: Step, level=3, pte=0xCB, pte_addr=0x80009030
PTW: Success, final_ppn=0x80001, level=3mem[X,0x0000000080001256] -> 0x0000
[2271] [S]: 0x0000030080001254 (0x00000013) addi x0, x0, 0x0                        va_rvtest_code_begin+2712

clint mtime 0x0000000000000470 (mip.MTI <- 0b1, mip.STI <- 0b0)
PTW: Start, vpn=0x30080001, access_type=X, privilege=Smem[R,0x0000000080009030] -> 0x00000000000000CB
PTW: Step, level=3, pte=0xCB, pte_addr=0x80009030
PTW: Success, final_ppn=0x80001, level=3mem[X,0x0000000080001258] -> 0x0113
PTW: Start, vpn=0x30080001, access_type=X, privilege=Smem[R,0x0000000080009030] -> 0x00000000000000CB
PTW: Step, level=3, pte=0xCB, pte_addr=0x80009030
PTW: Success, final_ppn=0x80001, level=3mem[X,0x000000008000125A] -> 0x0000
[2272] [S]: 0x0000030080001258 (0x00000113) addi x2, x0, 0x0                        va_rvtest_code_begin+2716
x2 <- 0x0000000000000000

PTW: Start, vpn=0x30080001, access_type=X, privilege=Smem[R,0x0000000080009030] -> 0x00000000000000CB
PTW: Step, level=3, pte=0xCB, pte_addr=0x80009030
PTW: Success, final_ppn=0x80001, level=3mem[X,0x000000008000125C] -> 0x0073
PTW: Start, vpn=0x30080001, access_type=X, privilege=Smem[R,0x0000000080009030] -> 0x00000000000000CB
PTW: Step, level=3, pte=0xCB, pte_addr=0x80009030
PTW: Success, final_ppn=0x80001, level=3mem[X,0x000000008000125E] -> 0x0000
[2273] [S]: 0x000003008000125C (0x00000073) ecall                                   va_rvtest_code_begin+2720
trapping from S to M to handle s-call
handling exc#s-call at priv M with tval 0x0000000000000000
CSR mstatus (0x300) <- 0x0000000A00040800
CSR mcause (0x342) <- 0x0000000000000009
CSR mtval (0x343) <- 0x0000000000000000
CSR mepc (0x341) <- 0x000003008000125C

clint mtime 0x0000000000000471 (mip.MTI <- 0b1, mip.STI <- 0b0)
mem[X,0x0000000080002500] -> 0x006F
mem[X,0x0000000080002502] -> 0x1000
[2274] [M]: 0x0000000080002500 (0x1000006F) jal x0, 0x100                           Mtrampoline+0

mem[X,0x0000000080002600] -> 0x1173
mem[X,0x0000000080002602] -> 0x3401
[2275] [M]: 0x0000000080002600 (0x34011173) csrrw x2, mscratch, x2                  trap_Mhandler+0
CSR mscratch (0x340) <- 0x0000000000000000
x2 <- 0x0000000080005000

clint mtime 0x0000000000000472 (mip.MTI <- 0b1, mip.STI <- 0b0)
mem[X,0x0000000080002604] -> 0x3423
mem[X,0x0000000080002606] -> 0x28B1
[2276] [M]: 0x0000000080002604 (0x28B13423) sd x11, 0x288(x2)                       trap_Mhandler+4
mem[W,0x0000000080005288] <- 0x00000000000000C3

mem[X,0x0000000080002608] -> 0x05EF
mem[X,0x000000008000260A] -> 0x0B80
[2277] [M]: 0x0000000080002608 (0x0B8005EF) jal x11, 0xb8                           trap_Mhandler+8
x11 <- 0x000000008000260C

clint mtime 0x0000000000000473 (mip.MTI <- 0b1, mip.STI <- 0b0)
mem[X,0x00000000800026C0] -> 0x3023
mem[X,0x00000000800026C2] -> 0x28A1
[2278] [M]: 0x00000000800026C0 (0x28A13023) sd x10, 0x280(x2)                       common_Mhandler+0
mem[W,0x0000000080005280] <- 0x00000000200000C3

mem[X,0x00000000800026C4] -> 0x1573
mem[X,0x00000000800026C6] -> 0x3401
[2279] [M]: 0x00000000800026C4 (0x34011573) csrrw x10, mscratch, x2                 common_Mhandler+4
CSR mscratch (0x340) <- 0x0000000080005000
x10 <- 0x0000000000000000

clint mtime 0x0000000000000474 (mip.MTI <- 0b1, mip.STI <- 0b0)
mem[X,0x00000000800026C8] -> 0x3823
mem[X,0x00000000800026CA] -> 0x28A1
[2280] [M]: 0x00000000800026C8 (0x28A13823) sd x10, 0x290(x2)                       common_Mhandler+8
mem[W,0x0000000080005290] <- 0x0000000000000000

mem[X,0x00000000800026CC] -> 0x3503
mem[X,0x00000000800026CE] -> 0x2301
[2281] [M]: 0x00000000800026CC (0x23013503) ld x10, 0x230(x2)                       common_Mhandler+12
mem[R,0x0000000080005230] -> 0x00000000800026D4
x10 <- 0x00000000800026D4

clint mtime 0x0000000000000475 (mip.MTI <- 0b1, mip.STI <- 0b0)
mem[X,0x00000000800026D0] -> 0x0067
mem[X,0x00000000800026D2] -> 0x0005
[2282] [M]: 0x00000000800026D0 (0x00050067) jalr x0, 0x0(x10)                       common_Mhandler+16

mem[X,0x00000000800026D4] -> 0x3C23
mem[X,0x00000000800026D6] -> 0x2691
[2283] [M]: 0x00000000800026D4 (0x26913C23) sd x9, 0x278(x2)                        common_Mentry+0
mem[W,0x0000000080005278] <- 0x0000030000000148

clint mtime 0x0000000000000476 (mip.MTI <- 0b1, mip.STI <- 0b0)
mem[X,0x00000000800026D8] -> 0x3823
mem[X,0x00000000800026DA] -> 0x2681
[2284] [M]: 0x00000000800026D8 (0x26813823) sd x8, 0x270(x2)                        common_Mentry+4
mem[W,0x0000000080005270] <- 0x0000000000007F76

mem[X,0x00000000800026DC] -> 0x3423
mem[X,0x00000000800026DE] -> 0x2671
[2285] [M]: 0x00000000800026DC (0x26713423) sd x7, 0x268(x2)                        common_Mentry+8
mem[W,0x0000000080005268] <- 0x0000000080005000

clint mtime 0x0000000000000477 (mip.MTI <- 0b1, mip.STI <- 0b0)
mem[X,0x00000000800026E0] -> 0x3023
mem[X,0x00000000800026E2] -> 0x2661
[2286] [M]: 0x00000000800026E0 (0x26613023) sd x6, 0x260(x2)                        common_Mentry+12
mem[W,0x0000000080005260] <- 0xFFFFFFFF7FFFEF8C

mem[X,0x00000000800026E4] -> 0x2573
mem[X,0x00000000800026E6] -> 0x3420
[2287] [M]: 0x00000000800026E4 (0x34202573) csrrs x10, mcause, x0                   spcl_M2mmode_test+0
CSR mcause (0x342) -> 0x0000000000000009
x10 <- 0x0000000000000009

clint mtime 0x0000000000000478 (mip.MTI <- 0b1, mip.STI <- 0b0)
mem[X,0x00000000800026E8] -> 0x04B7
mem[X,0x00000000800026EA] -> 0x8000
[2288] [M]: 0x00000000800026E8 (0x800004B7) lui x9, -0x80000                        spcl_M2mmode_test+4
x9 <- 0xFFFFFFFF80000000

mem[X,0x00000000800026EC] -> 0x8493
mem[X,0x00000000800026EE] -> 0x0004
[2289] [M]: 0x00000000800026EC (0x00048493) addi x9, x9, 0x0                        spcl_M2mmode_test+8
x9 <- 0xFFFFFFFF80000000

clint mtime 0x0000000000000479 (mip.MTI <- 0b1, mip.STI <- 0b0)
mem[X,0x00000000800026F0] -> 0x9493
mem[X,0x00000000800026F2] -> 0x00B4
[2290] [M]: 0x00000000800026F0 (0x00B49493) slli x9, x9, 0xb                        spcl_M2mmode_test+12
x9 <- 0xFFFFFC0000000000

mem[X,0x00000000800026F4] -> 0x8493
mem[X,0x00000000800026F6] -> 0x0004
[2291] [M]: 0x00000000800026F4 (0x00048493) addi x9, x9, 0x0                        spcl_M2mmode_test+16
x9 <- 0xFFFFFC0000000000

clint mtime 0x000000000000047A (mip.MTI <- 0b1, mip.STI <- 0b0)
mem[X,0x00000000800026F8] -> 0x9493
mem[X,0x00000000800026FA] -> 0x00B4
[2292] [M]: 0x00000000800026F8 (0x00B49493) slli x9, x9, 0xb                        spcl_M2mmode_test+20
x9 <- 0xFFE0000000000000

mem[X,0x00000000800026FC] -> 0x8493
mem[X,0x00000000800026FE] -> 0x0034
[2293] [M]: 0x00000000800026FC (0x00348493) addi x9, x9, 0x3                        spcl_M2mmode_test+24
x9 <- 0xFFE0000000000003

clint mtime 0x000000000000047B (mip.MTI <- 0b1, mip.STI <- 0b0)
mem[X,0x0000000080002700] -> 0x9493
mem[X,0x0000000080002702] -> 0x00A4
[2294] [M]: 0x0000000080002700 (0x00A49493) slli x9, x9, 0xa                        spcl_M2mmode_test+28
x9 <- 0x8000000000000C00

mem[X,0x0000000080002704] -> 0x8493
mem[X,0x0000000080002706] -> 0x3FC4
[2295] [M]: 0x0000000080002704 (0x3FC48493) addi x9, x9, 0x3fc                      spcl_M2mmode_test+32
x9 <- 0x8000000000000FFC

clint mtime 0x000000000000047C (mip.MTI <- 0b1, mip.STI <- 0b0)
mem[X,0x0000000080002708] -> 0xF4B3
mem[X,0x000000008000270A] -> 0x00A4
[2296] [M]: 0x0000000080002708 (0x00A4F4B3) and x9, x9, x10                         spcl_M2mmode_test+36
x9 <- 0x0000000000000008

mem[X,0x000000008000270C] -> 0x8493
mem[X,0x000000008000270E] -> 0xFF84
[2297] [M]: 0x000000008000270C (0xFF848493) addi x9, x9, -0x8                       spcl_M2mmode_test+40
x9 <- 0x0000000000000000

clint mtime 0x000000000000047D (mip.MTI <- 0b1, mip.STI <- 0b0)
mem[X,0x0000000080002710] -> 0x9663
mem[X,0x0000000080002712] -> 0x0004
[2298] [M]: 0x0000000080002710 (0x00049663) bne x9, x0, 0xc                         spcl_M2mmode_test+44

mem[X,0x0000000080002714] -> 0x3383
mem[X,0x0000000080002716] -> 0x2901
[2299] [M]: 0x0000000080002714 (0x29013383) ld x7, 0x290(x2)                        spcl_M2mmode_test+48
mem[R,0x0000000080005290] -> 0x0000000000000000
x7 <- 0x0000000000000000

clint mtime 0x000000000000047E (mip.MTI <- 0b1, mip.STI <- 0b0)
mem[X,0x0000000080002718] -> 0x8663
mem[X,0x000000008000271A] -> 0x6E03
[2300] [M]: 0x0000000080002718 (0x6E038663) beq x7, x0, 0x6ec                       spcl_M2mmode_test+52

mem[X,0x0000000080002E04] -> 0x0493
mem[X,0x0000000080002E06] -> 0xFF55
[2301] [M]: 0x0000000080002E04 (0xFF550493) addi x9, x10, -0xb                      rtn2mmode+0
x9 <- 0xFFFFFFFFFFFFFFFE

clint mtime 0x000000000000047F (mip.MTI <- 0b1, mip.STI <- 0b0)
mem[X,0x0000000080002E08] -> 0x8C63
mem[X,0x0000000080002E0A] -> 0x0004
[2302] [M]: 0x0000000080002E08 (0x00048C63) beq x9, x0, 0x18                        rtn2mmode+4

mem[X,0x0000000080002E0C] -> 0x3583
mem[X,0x0000000080002E0E] -> 0x4701
[2303] [M]: 0x0000000080002E0C (0x47013583) ld x11, 0x470(x2)                       rtn2mmode+8
mem[R,0x0000000080005470] -> 0x00000300800007BC
x11 <- 0x00000300800007BC

clint mtime 0x0000000000000480 (mip.MTI <- 0b1, mip.STI <- 0b0)
mem[X,0x0000000080002E10] -> 0xD463
mem[X,0x0000000080002E12] -> 0x0003
[2304] [M]: 0x0000000080002E10 (0x0003D463) bge x7, x0, 0x8                         rtn2mmode+12

mem[X,0x0000000080002E18] -> 0x3483
mem[X,0x0000000080002E1A] -> 0x1D81
[2305] [M]: 0x0000000080002E18 (0x1D813483) ld x9, 0x1d8(x2)                        from_u_s+0
mem[R,0x00000000800051D8] -> 0x00000000800007D4
x9 <- 0x00000000800007D4

clint mtime 0x0000000000000481 (mip.MTI <- 0b1, mip.STI <- 0b0)
mem[X,0x0000000080002E1C] -> 0x84B3
mem[X,0x0000000080002E1E] -> 0x40B4
[2306] [M]: 0x0000000080002E1C (0x40B484B3) sub x9, x9, x11                         from_u_s+4
x9 <- 0xFFFFFD0000000018

mem[X,0x0000000080002E20] -> 0x23F3
mem[X,0x0000000080002E22] -> 0x3410
[2307] [M]: 0x0000000080002E20 (0x341023F3) csrrs x7, mepc, x0                      rtn_fm_mmode+0
CSR mepc (0x341) -> 0x000003008000125C
x7 <- 0x000003008000125C

clint mtime 0x0000000000000482 (mip.MTI <- 0b1, mip.STI <- 0b0)
mem[X,0x0000000080002E24] -> 0x83B3
mem[X,0x0000000080002E26] -> 0x0093
[2308] [M]: 0x0000000080002E24 (0x009383B3) add x7, x7, x9                          rtn_fm_mmode+4
x7 <- 0x0000000080001274

mem[X,0x0000000080002E28] -> 0x3303
mem[X,0x0000000080002E2A] -> 0x2601
[2309] [M]: 0x0000000080002E28 (0x26013303) ld x6, 0x260(x2)                        rtn_fm_mmode+8
mem[R,0x0000000080005260] -> 0xFFFFFFFF7FFFEF8C
x6 <- 0xFFFFFFFF7FFFEF8C

clint mtime 0x0000000000000483 (mip.MTI <- 0b1, mip.STI <- 0b0)
mem[X,0x0000000080002E2C] -> 0x3403
mem[X,0x0000000080002E2E] -> 0x2701
[2310] [M]: 0x0000000080002E2C (0x27013403) ld x8, 0x270(x2)                        rtn_fm_mmode+12
mem[R,0x0000000080005270] -> 0x0000000000007F76
x8 <- 0x0000000000007F76

mem[X,0x0000000080002E30] -> 0x3483
mem[X,0x0000000080002E32] -> 0x2781
[2311] [M]: 0x0000000080002E30 (0x27813483) ld x9, 0x278(x2)                        rtn_fm_mmode+16
mem[R,0x0000000080005278] -> 0x0000030000000148
x9 <- 0x0000030000000148

clint mtime 0x0000000000000484 (mip.MTI <- 0b1, mip.STI <- 0b0)
mem[X,0x0000000080002E34] -> 0x3503
mem[X,0x0000000080002E36] -> 0x2801
[2312] [M]: 0x0000000080002E34 (0x28013503) ld x10, 0x280(x2)                       rtn_fm_mmode+20
mem[R,0x0000000080005280] -> 0x00000000200000C3
x10 <- 0x00000000200000C3

mem[X,0x0000000080002E38] -> 0x3583
mem[X,0x0000000080002E3A] -> 0x2881
[2313] [M]: 0x0000000080002E38 (0x28813583) ld x11, 0x288(x2)                       rtn_fm_mmode+24
mem[R,0x0000000080005288] -> 0x00000000000000C3
x11 <- 0x00000000000000C3

clint mtime 0x0000000000000485 (mip.MTI <- 0b1, mip.STI <- 0b0)
mem[X,0x0000000080002E3C] -> 0x3103
mem[X,0x0000000080002E3E] -> 0x2901
[2314] [M]: 0x0000000080002E3C (0x29013103) ld x2, 0x290(x2)                        rtn_fm_mmode+28
mem[R,0x0000000080005290] -> 0x0000000000000000
x2 <- 0x0000000000000000

mem[X,0x0000000080002E40] -> 0x8067
mem[X,0x0000000080002E42] -> 0x0043
[2315] [M]: 0x0000000080002E40 (0x00438067) jalr x0, 0x4(x7)                        rtn_fm_mmode+32

clint mtime 0x0000000000000486 (mip.MTI <- 0b1, mip.STI <- 0b0)
mem[X,0x0000000080001278] -> 0x0013
mem[X,0x000000008000127A] -> 0x0000
[2316] [M]: 0x0000000080001278 (0x00000013) addi x0, x0, 0x0                        main+2680

mem[X,0x000000008000127C] -> 0x0013
mem[X,0x000000008000127E] -> 0x0000
[2317] [M]: 0x000000008000127C (0x00000013) addi x0, x0, 0x0                        main+2684

clint mtime 0x0000000000000487 (mip.MTI <- 0b1, mip.STI <- 0b0)
mem[X,0x0000000080001280] -> 0x7517
mem[X,0x0000000080001282] -> 0x0000
[2318] [M]: 0x0000000080001280 (0x00007517) auipc x10, 0x7                          main+2688
x10 <- 0x0000000080008280

mem[X,0x0000000080001284] -> 0x0513
mem[X,0x0000000080001286] -> 0xD805
[2319] [M]: 0x0000000080001284 (0xD8050513) addi x10, x10, -0x280                   main+2692
x10 <- 0x0000000080008000

clint mtime 0x0000000000000488 (mip.MTI <- 0b1, mip.STI <- 0b0)
mem[X,0x0000000080001288] -> 0x0001
[2320] [M]: 0x0000000080001288 (0x0001) c.nop                                       main+2696

mem[X,0x000000008000128A] -> 0x0013
mem[X,0x000000008000128C] -> 0x0000
[2321] [M]: 0x000000008000128A (0x00000013) addi x0, x0, 0x0                        main+2698

clint mtime 0x0000000000000489 (mip.MTI <- 0b1, mip.STI <- 0b0)
mem[X,0x000000008000128E] -> 0x0013
mem[X,0x0000000080001290] -> 0x0000
[2322] [M]: 0x000000008000128E (0x00000013) addi x0, x0, 0x0                        main+2702

mem[X,0x0000000080001292] -> 0x0013
mem[X,0x0000000080001294] -> 0x0000
[2323] [M]: 0x0000000080001292 (0x00000013) addi x0, x0, 0x0                        main+2706

clint mtime 0x000000000000048A (mip.MTI <- 0b1, mip.STI <- 0b0)
mem[X,0x0000000080001296] -> 0x0013
mem[X,0x0000000080001298] -> 0x0000
[2324] [M]: 0x0000000080001296 (0x00000013) addi x0, x0, 0x0                        main+2710

mem[X,0x000000008000129A] -> 0x0013
mem[X,0x000000008000129C] -> 0x0000
[2325] [M]: 0x000000008000129A (0x00000013) addi x0, x0, 0x0                        main+2714

clint mtime 0x000000000000048B (mip.MTI <- 0b1, mip.STI <- 0b0)
mem[X,0x000000008000129E] -> 0x0001
[2326] [M]: 0x000000008000129E (0x0001) c.nop                                       main+2718

mem[X,0x00000000800012A0] -> 0x0593
mem[X,0x00000000800012A2] -> 0x0010
[2327] [M]: 0x00000000800012A0 (0x00100593) addi x11, x0, 0x1                       main+2720
x11 <- 0x0000000000000001

clint mtime 0x000000000000048C (mip.MTI <- 0b1, mip.STI <- 0b0)
mem[X,0x00000000800012A4] -> 0x5513
mem[X,0x00000000800012A6] -> 0x00C5
[2328] [M]: 0x00000000800012A4 (0x00C55513) srli x10, x10, 0xc                      main+2724
x10 <- 0x0000000000080008

mem[X,0x00000000800012A8] -> 0x1513
mem[X,0x00000000800012AA] -> 0x00A5
[2329] [M]: 0x00000000800012A8 (0x00A51513) slli x10, x10, 0xa                      main+2728
x10 <- 0x0000000020002000

clint mtime 0x000000000000048D (mip.MTI <- 0b1, mip.STI <- 0b0)
mem[X,0x00000000800012AC] -> 0x6533
mem[X,0x00000000800012AE] -> 0x00B5
[2330] [M]: 0x00000000800012AC (0x00B56533) or x10, x10, x11                        main+2732
x10 <- 0x0000000020002001

mem[X,0x00000000800012B0] -> 0x0013
mem[X,0x00000000800012B2] -> 0x0000
[2331] [M]: 0x00000000800012B0 (0x00000013) addi x0, x0, 0x0                        main+2736

clint mtime 0x000000000000048E (mip.MTI <- 0b1, mip.STI <- 0b0)
mem[X,0x00000000800012B4] -> 0x0013
mem[X,0x00000000800012B6] -> 0x0000
[2332] [M]: 0x00000000800012B4 (0x00000013) addi x0, x0, 0x0                        main+2740

mem[X,0x00000000800012B8] -> 0x0013
mem[X,0x00000000800012BA] -> 0x0000
[2333] [M]: 0x00000000800012B8 (0x00000013) addi x0, x0, 0x0                        main+2744

clint mtime 0x000000000000048F (mip.MTI <- 0b1, mip.STI <- 0b0)
mem[X,0x00000000800012BC] -> 0x0013
mem[X,0x00000000800012BE] -> 0x0000
[2334] [M]: 0x00000000800012BC (0x00000013) addi x0, x0, 0x0                        main+2748

mem[X,0x00000000800012C0] -> 0x8317
mem[X,0x00000000800012C2] -> 0x0000
[2335] [M]: 0x00000000800012C0 (0x00008317) auipc x6, 0x8                           main+2752
x6 <- 0x00000000800092C0

clint mtime 0x0000000000000490 (mip.MTI <- 0b1, mip.STI <- 0b0)
mem[X,0x00000000800012C4] -> 0x0313
mem[X,0x00000000800012C6] -> 0xD403
[2336] [M]: 0x00000000800012C4 (0xD4030313) addi x6, x6, -0x2c0                     main+2756
x6 <- 0x0000000080009000

mem[X,0x00000000800012C8] -> 0x0001
[2337] [M]: 0x00000000800012C8 (0x0001) c.nop                                       main+2760

clint mtime 0x0000000000000491 (mip.MTI <- 0b1, mip.STI <- 0b0)
mem[X,0x00000000800012CA] -> 0x0013
mem[X,0x00000000800012CC] -> 0x0000
[2338] [M]: 0x00000000800012CA (0x00000013) addi x0, x0, 0x0                        main+2762

mem[X,0x00000000800012CE] -> 0x0013
mem[X,0x00000000800012D0] -> 0x0000
[2339] [M]: 0x00000000800012CE (0x00000013) addi x0, x0, 0x0                        main+2766

clint mtime 0x0000000000000492 (mip.MTI <- 0b1, mip.STI <- 0b0)
mem[X,0x00000000800012D2] -> 0x0013
mem[X,0x00000000800012D4] -> 0x0000
[2340] [M]: 0x00000000800012D2 (0x00000013) addi x0, x0, 0x0                        main+2770

mem[X,0x00000000800012D6] -> 0x0013
mem[X,0x00000000800012D8] -> 0x0000
[2341] [M]: 0x00000000800012D6 (0x00000013) addi x0, x0, 0x0                        main+2774

clint mtime 0x0000000000000493 (mip.MTI <- 0b1, mip.STI <- 0b0)
mem[X,0x00000000800012DA] -> 0x0013
mem[X,0x00000000800012DC] -> 0x0000
[2342] [M]: 0x00000000800012DA (0x00000013) addi x0, x0, 0x0                        main+2778

mem[X,0x00000000800012DE] -> 0x0001
[2343] [M]: 0x00000000800012DE (0x0001) c.nop                                       main+2782

clint mtime 0x0000000000000494 (mip.MTI <- 0b1, mip.STI <- 0b0)
mem[X,0x00000000800012E0] -> 0x0293
mem[X,0x00000000800012E2] -> 0x0280
[2344] [M]: 0x00000000800012E0 (0x02800293) addi x5, x0, 0x28                       main+2784
x5 <- 0x0000000000000028

mem[X,0x00000000800012E4] -> 0x0333
mem[X,0x00000000800012E6] -> 0x0053
[2345] [M]: 0x00000000800012E4 (0x00530333) add x6, x6, x5                          main+2788
x6 <- 0x0000000080009028

clint mtime 0x0000000000000495 (mip.MTI <- 0b1, mip.STI <- 0b0)
mem[X,0x00000000800012E8] -> 0x3023
mem[X,0x00000000800012EA] -> 0x00A3
[2346] [M]: 0x00000000800012E8 (0x00A33023) sd x10, 0x0(x6)                         main+2792
mem[W,0x0000000080009028] <- 0x0000000020002001

mem[X,0x00000000800012EC] -> 0x0013
mem[X,0x00000000800012EE] -> 0x0000
[2347] [M]: 0x00000000800012EC (0x00000013) addi x0, x0, 0x0                        main+2796

clint mtime 0x0000000000000496 (mip.MTI <- 0b1, mip.STI <- 0b0)
mem[X,0x00000000800012F0] -> 0x0013
mem[X,0x00000000800012F2] -> 0x0000
[2348] [M]: 0x00000000800012F0 (0x00000013) addi x0, x0, 0x0                        main+2800

mem[X,0x00000000800012F4] -> 0x0013
mem[X,0x00000000800012F6] -> 0x0000
[2349] [M]: 0x00000000800012F4 (0x00000013) addi x0, x0, 0x0                        main+2804

clint mtime 0x0000000000000497 (mip.MTI <- 0b1, mip.STI <- 0b0)
mem[X,0x00000000800012F8] -> 0x0013
mem[X,0x00000000800012FA] -> 0x0000
[2350] [M]: 0x00000000800012F8 (0x00000013) addi x0, x0, 0x0                        main+2808

mem[X,0x00000000800012FC] -> 0x0013
mem[X,0x00000000800012FE] -> 0x0000
[2351] [M]: 0x00000000800012FC (0x00000013) addi x0, x0, 0x0                        main+2812

clint mtime 0x0000000000000498 (mip.MTI <- 0b1, mip.STI <- 0b0)
mem[X,0x0000000080001300] -> 0xF517
mem[X,0x0000000080001302] -> 0xFFFF
[2352] [M]: 0x0000000080001300 (0xFFFFF517) auipc x10, -0x1                         main+2816
x10 <- 0x0000000080000300

mem[X,0x0000000080001304] -> 0x0513
mem[X,0x0000000080001306] -> 0x1005
[2353] [M]: 0x0000000080001304 (0x10050513) addi x10, x10, 0x100                    main+2820
x10 <- 0x0000000080000400

clint mtime 0x0000000000000499 (mip.MTI <- 0b1, mip.STI <- 0b0)
mem[X,0x0000000080001308] -> 0x0001
[2354] [M]: 0x0000000080001308 (0x0001) c.nop                                       main+2824

mem[X,0x000000008000130A] -> 0x0013
mem[X,0x000000008000130C] -> 0x0000
[2355] [M]: 0x000000008000130A (0x00000013) addi x0, x0, 0x0                        main+2826

clint mtime 0x000000000000049A (mip.MTI <- 0b1, mip.STI <- 0b0)
mem[X,0x000000008000130E] -> 0x0013
mem[X,0x0000000080001310] -> 0x0000
[2356] [M]: 0x000000008000130E (0x00000013) addi x0, x0, 0x0                        main+2830

mem[X,0x0000000080001312] -> 0x0013
mem[X,0x0000000080001314] -> 0x0000
[2357] [M]: 0x0000000080001312 (0x00000013) addi x0, x0, 0x0                        main+2834

clint mtime 0x000000000000049B (mip.MTI <- 0b1, mip.STI <- 0b0)
mem[X,0x0000000080001316] -> 0x0013
mem[X,0x0000000080001318] -> 0x0000
[2358] [M]: 0x0000000080001316 (0x00000013) addi x0, x0, 0x0                        main+2838

mem[X,0x000000008000131A] -> 0x0013
mem[X,0x000000008000131C] -> 0x0000
[2359] [M]: 0x000000008000131A (0x00000013) addi x0, x0, 0x0                        main+2842

clint mtime 0x000000000000049C (mip.MTI <- 0b1, mip.STI <- 0b0)
mem[X,0x000000008000131E] -> 0x0001
[2360] [M]: 0x000000008000131E (0x0001) c.nop                                       main+2846

mem[X,0x0000000080001320] -> 0x0593
mem[X,0x0000000080001322] -> 0x0C90
[2361] [M]: 0x0000000080001320 (0x0C900593) addi x11, x0, 0xc9                      main+2848
x11 <- 0x00000000000000C9

clint mtime 0x000000000000049D (mip.MTI <- 0b1, mip.STI <- 0b0)
mem[X,0x0000000080001324] -> 0x5513
mem[X,0x0000000080001326] -> 0x00C5
[2362] [M]: 0x0000000080001324 (0x00C55513) srli x10, x10, 0xc                      main+2852
x10 <- 0x0000000000080000

mem[X,0x0000000080001328] -> 0x1513
mem[X,0x000000008000132A] -> 0x00A5
[2363] [M]: 0x0000000080001328 (0x00A51513) slli x10, x10, 0xa                      main+2856
x10 <- 0x0000000020000000

clint mtime 0x000000000000049E (mip.MTI <- 0b1, mip.STI <- 0b0)
mem[X,0x000000008000132C] -> 0x6533
mem[X,0x000000008000132E] -> 0x00B5
[2364] [M]: 0x000000008000132C (0x00B56533) or x10, x10, x11                        main+2860
x10 <- 0x00000000200000C9

mem[X,0x0000000080001330] -> 0x0013
mem[X,0x0000000080001332] -> 0x0000
[2365] [M]: 0x0000000080001330 (0x00000013) addi x0, x0, 0x0                        main+2864

clint mtime 0x000000000000049F (mip.MTI <- 0b1, mip.STI <- 0b0)
mem[X,0x0000000080001334] -> 0x0013
mem[X,0x0000000080001336] -> 0x0000
[2366] [M]: 0x0000000080001334 (0x00000013) addi x0, x0, 0x0                        main+2868

mem[X,0x0000000080001338] -> 0x0013
mem[X,0x000000008000133A] -> 0x0000
[2367] [M]: 0x0000000080001338 (0x00000013) addi x0, x0, 0x0                        main+2872

clint mtime 0x00000000000004A0 (mip.MTI <- 0b1, mip.STI <- 0b0)
mem[X,0x000000008000133C] -> 0x0013
mem[X,0x000000008000133E] -> 0x0000
[2368] [M]: 0x000000008000133C (0x00000013) addi x0, x0, 0x0                        main+2876

mem[X,0x0000000080001340] -> 0x7317
mem[X,0x0000000080001342] -> 0x0000
[2369] [M]: 0x0000000080001340 (0x00007317) auipc x6, 0x7                           main+2880
x6 <- 0x0000000080008340

clint mtime 0x00000000000004A1 (mip.MTI <- 0b1, mip.STI <- 0b0)
mem[X,0x0000000080001344] -> 0x0313
mem[X,0x0000000080001346] -> 0xCC03
[2370] [M]: 0x0000000080001344 (0xCC030313) addi x6, x6, -0x340                     main+2884
x6 <- 0x0000000080008000

mem[X,0x0000000080001348] -> 0x0001
[2371] [M]: 0x0000000080001348 (0x0001) c.nop                                       main+2888

clint mtime 0x00000000000004A2 (mip.MTI <- 0b1, mip.STI <- 0b0)
mem[X,0x000000008000134A] -> 0x0013
mem[X,0x000000008000134C] -> 0x0000
[2372] [M]: 0x000000008000134A (0x00000013) addi x0, x0, 0x0                        main+2890

mem[X,0x000000008000134E] -> 0x0013
mem[X,0x0000000080001350] -> 0x0000
[2373] [M]: 0x000000008000134E (0x00000013) addi x0, x0, 0x0                        main+2894

clint mtime 0x00000000000004A3 (mip.MTI <- 0b1, mip.STI <- 0b0)
mem[X,0x0000000080001352] -> 0x0013
mem[X,0x0000000080001354] -> 0x0000
[2374] [M]: 0x0000000080001352 (0x00000013) addi x0, x0, 0x0                        main+2898

mem[X,0x0000000080001356] -> 0x0013
mem[X,0x0000000080001358] -> 0x0000
[2375] [M]: 0x0000000080001356 (0x00000013) addi x0, x0, 0x0                        main+2902

clint mtime 0x00000000000004A4 (mip.MTI <- 0b1, mip.STI <- 0b0)
mem[X,0x000000008000135A] -> 0x0013
mem[X,0x000000008000135C] -> 0x0000
[2376] [M]: 0x000000008000135A (0x00000013) addi x0, x0, 0x0                        main+2906

mem[X,0x000000008000135E] -> 0x0001
[2377] [M]: 0x000000008000135E (0x0001) c.nop                                       main+2910

clint mtime 0x00000000000004A5 (mip.MTI <- 0b1, mip.STI <- 0b0)
mem[X,0x0000000080001360] -> 0x0293
mem[X,0x0000000080001362] -> 0x0000
[2378] [M]: 0x0000000080001360 (0x00000293) addi x5, x0, 0x0                        main+2912
x5 <- 0x0000000000000000

mem[X,0x0000000080001364] -> 0x0333
mem[X,0x0000000080001366] -> 0x0053
[2379] [M]: 0x0000000080001364 (0x00530333) add x6, x6, x5                          main+2916
x6 <- 0x0000000080008000

clint mtime 0x00000000000004A6 (mip.MTI <- 0b1, mip.STI <- 0b0)
mem[X,0x0000000080001368] -> 0x3023
mem[X,0x000000008000136A] -> 0x00A3
[2380] [M]: 0x0000000080001368 (0x00A33023) sd x10, 0x0(x6)                         main+2920
mem[W,0x0000000080008000] <- 0x00000000200000C9

mem[X,0x000000008000136C] -> 0x0073
mem[X,0x000000008000136E] -> 0x1200
[2381] [M]: 0x000000008000136C (0x12000073) sfence.vma x0, x0                       main+2924

clint mtime 0x00000000000004A7 (mip.MTI <- 0b1, mip.STI <- 0b0)
mem[X,0x0000000080001370] -> 0x0493
mem[X,0x0000000080001372] -> 0x0010
[2382] [M]: 0x0000000080001370 (0x00100493) addi x9, x0, 0x1                        main+2928
x9 <- 0x0000000000000001

mem[X,0x0000000080001374] -> 0x9493
mem[X,0x0000000080001376] -> 0x00B4
[2383] [M]: 0x0000000080001374 (0x00B49493) slli x9, x9, 0xb                        main+2932
x9 <- 0x0000000000000800

clint mtime 0x00000000000004A8 (mip.MTI <- 0b1, mip.STI <- 0b0)
mem[X,0x0000000080001378] -> 0xB073
mem[X,0x000000008000137A] -> 0x3004
[2384] [M]: 0x0000000080001378 (0x3004B073) csrrc x0, mstatus, x9                   main+2936
CSR mstatus (0x300) <- 0x0000000A00040000

mem[X,0x000000008000137C] -> 0x0493
mem[X,0x000000008000137E] -> 0x0010
[2385] [M]: 0x000000008000137C (0x00100493) addi x9, x0, 0x1                        main+2940
x9 <- 0x0000000000000001

clint mtime 0x00000000000004A9 (mip.MTI <- 0b1, mip.STI <- 0b0)
mem[X,0x0000000080001380] -> 0x9493
mem[X,0x0000000080001382] -> 0x00B4
[2386] [M]: 0x0000000080001380 (0x00B49493) slli x9, x9, 0xb                        main+2944
x9 <- 0x0000000000000800

mem[X,0x0000000080001384] -> 0xA073
mem[X,0x0000000080001386] -> 0x3004
[2387] [M]: 0x0000000080001384 (0x3004A073) csrrs x0, mstatus, x9                   main+2948
CSR mstatus (0x300) <- 0x0000000A00040800

clint mtime 0x00000000000004AA (mip.MTI <- 0b1, mip.STI <- 0b0)
mem[X,0x0000000080001388] -> 0x23F3
mem[X,0x000000008000138A] -> 0x3400
[2388] [M]: 0x0000000080001388 (0x340023F3) csrrs x7, mscratch, x0                  main+2952
CSR mscratch (0x340) -> 0x0000000080005000
x7 <- 0x0000000080005000

mem[X,0x000000008000138C] -> 0xB303
mem[X,0x000000008000138E] -> 0x4703
[2389] [M]: 0x000000008000138C (0x4703B303) ld x6, 0x470(x7)                        main+2956
mem[R,0x0000000080005470] -> 0x00000300800007BC
x6 <- 0x00000300800007BC

clint mtime 0x00000000000004AB (mip.MTI <- 0b1, mip.STI <- 0b0)
mem[X,0x0000000080001390] -> 0xB483
mem[X,0x0000000080001392] -> 0x1D83
[2390] [M]: 0x0000000080001390 (0x1D83B483) ld x9, 0x1d8(x7)                        main+2960
mem[R,0x00000000800051D8] -> 0x00000000800007D4
x9 <- 0x00000000800007D4

mem[X,0x0000000080001394] -> 0x0333
mem[X,0x0000000080001396] -> 0x4093
[2391] [M]: 0x0000000080001394 (0x40930333) sub x6, x6, x9                          main+2964
x6 <- 0x000002FFFFFFFFE8

clint mtime 0x00000000000004AC (mip.MTI <- 0b1, mip.STI <- 0b0)
mem[X,0x0000000080001398] -> 0x0313
mem[X,0x000000008000139A] -> 0x0103
[2392] [M]: 0x0000000080001398 (0x01030313) addi x6, x6, 0x10                       main+2968
x6 <- 0x000002FFFFFFFFF8

mem[X,0x000000008000139C] -> 0x0497
mem[X,0x000000008000139E] -> 0x0000
[2393] [M]: 0x000000008000139C (0x00000497) auipc x9, 0x0                           main+2972
x9 <- 0x000000008000139C

clint mtime 0x00000000000004AD (mip.MTI <- 0b1, mip.STI <- 0b0)
mem[X,0x00000000800013A0] -> 0x84B3
mem[X,0x00000000800013A2] -> 0x0064
[2394] [M]: 0x00000000800013A0 (0x006484B3) add x9, x9, x6                          main+2976
x9 <- 0x0000030080001394

mem[X,0x00000000800013A4] -> 0x94F3
mem[X,0x00000000800013A6] -> 0x3414
[2395] [M]: 0x00000000800013A4 (0x341494F3) csrrw x9, mepc, x9                      main+2980
CSR mepc (0x341) <- 0x0000030080001394
x9 <- 0x000003008000125C

clint mtime 0x00000000000004AE (mip.MTI <- 0b1, mip.STI <- 0b0)
mem[X,0x00000000800013A8] -> 0x0073
mem[X,0x00000000800013AA] -> 0x3020
[2396] [M]: 0x00000000800013A8 (0x30200073) mret                                    main+2984
CSR mstatus (0x300) <- 0x0000000A00040080
ret-ing from M to S

PTW: Start, vpn=0x30080001, access_type=X, privilege=Smem[R,0x0000000080009030] -> 0x00000000000000CB
PTW: Step, level=3, pte=0xCB, pte_addr=0x80009030
PTW: Success, final_ppn=0x80001, level=3mem[X,0x0000000080001394] -> 0x0333
PTW: Start, vpn=0x30080001, access_type=X, privilege=Smem[R,0x0000000080009030] -> 0x00000000000000CB
PTW: Step, level=3, pte=0xCB, pte_addr=0x80009030
PTW: Success, final_ppn=0x80001, level=3mem[X,0x0000000080001396] -> 0x4093
[2397] [S]: 0x0000030080001394 (0x40930333) sub x6, x6, x9                          va_rvtest_code_begin+3032
x6 <- 0xFFFFFFFF7FFFED9C

clint mtime 0x00000000000004AF (mip.MTI <- 0b1, mip.STI <- 0b0)
PTW: Start, vpn=0x30080001, access_type=X, privilege=Smem[R,0x0000000080009030] -> 0x00000000000000CB
PTW: Step, level=3, pte=0xCB, pte_addr=0x80009030
PTW: Success, final_ppn=0x80001, level=3mem[X,0x0000000080001398] -> 0x0313
PTW: Start, vpn=0x30080001, access_type=X, privilege=Smem[R,0x0000000080009030] -> 0x00000000000000CB
PTW: Step, level=3, pte=0xCB, pte_addr=0x80009030
PTW: Success, final_ppn=0x80001, level=3mem[X,0x000000008000139A] -> 0x0103
[2398] [S]: 0x0000030080001398 (0x01030313) addi x6, x6, 0x10                       va_rvtest_code_begin+3036
x6 <- 0xFFFFFFFF7FFFEDAC

PTW: Start, vpn=0x30080001, access_type=X, privilege=Smem[R,0x0000000080009030] -> 0x00000000000000CB
PTW: Step, level=3, pte=0xCB, pte_addr=0x80009030
PTW: Success, final_ppn=0x80001, level=3mem[X,0x000000008000139C] -> 0x0497
PTW: Start, vpn=0x30080001, access_type=X, privilege=Smem[R,0x0000000080009030] -> 0x00000000000000CB
PTW: Step, level=3, pte=0xCB, pte_addr=0x80009030
PTW: Success, final_ppn=0x80001, level=3mem[X,0x000000008000139E] -> 0x0000
[2399] [S]: 0x000003008000139C (0x00000497) auipc x9, 0x0                           va_rvtest_code_begin+3040
x9 <- 0x000003008000139C

clint mtime 0x00000000000004B0 (mip.MTI <- 0b1, mip.STI <- 0b0)
PTW: Start, vpn=0x30080001, access_type=X, privilege=Smem[R,0x0000000080009030] -> 0x00000000000000CB
PTW: Step, level=3, pte=0xCB, pte_addr=0x80009030
PTW: Success, final_ppn=0x80001, level=3mem[X,0x00000000800013A0] -> 0x84B3
PTW: Start, vpn=0x30080001, access_type=X, privilege=Smem[R,0x0000000080009030] -> 0x00000000000000CB
PTW: Step, level=3, pte=0xCB, pte_addr=0x80009030
PTW: Success, final_ppn=0x80001, level=3mem[X,0x00000000800013A2] -> 0x0064
[2400] [S]: 0x00000300800013A0 (0x006484B3) add x9, x9, x6                          va_rvtest_code_begin+3044
x9 <- 0x0000030000000148

PTW: Start, vpn=0x30080001, access_type=X, privilege=Smem[R,0x0000000080009030] -> 0x00000000000000CB
PTW: Step, level=3, pte=0xCB, pte_addr=0x80009030
PTW: Success, final_ppn=0x80001, level=3mem[X,0x00000000800013A4] -> 0x94F3
PTW: Start, vpn=0x30080001, access_type=X, privilege=Smem[R,0x0000000080009030] -> 0x00000000000000CB
PTW: Step, level=3, pte=0xCB, pte_addr=0x80009030
PTW: Success, final_ppn=0x80001, level=3mem[X,0x00000000800013A6] -> 0x3414
[2401] [S]: 0x00000300800013A4 (0x341494F3) csrrw x9, mepc, x9                      va_rvtest_code_begin+3048
trapping from S to M to handle illegal-instruction
handling exc#illegal-instruction at priv M with tval 0x00000000341494F3
CSR mstatus (0x300) <- 0x0000000A00040800
CSR mcause (0x342) <- 0x0000000000000002
CSR mtval (0x343) <- 0x00000000341494F3
CSR mepc (0x341) <- 0x00000300800013A4

clint mtime 0x00000000000004B1 (mip.MTI <- 0b1, mip.STI <- 0b0)
mem[X,0x0000000080002500] -> 0x006F
mem[X,0x0000000080002502] -> 0x1000
[2402] [M]: 0x0000000080002500 (0x1000006F) jal x0, 0x100                           Mtrampoline+0

mem[X,0x0000000080002600] -> 0x1173
mem[X,0x0000000080002602] -> 0x3401
[2403] [M]: 0x0000000080002600 (0x34011173) csrrw x2, mscratch, x2                  trap_Mhandler+0
CSR mscratch (0x340) <- 0x0000000000000000
x2 <- 0x0000000080005000

clint mtime 0x00000000000004B2 (mip.MTI <- 0b1, mip.STI <- 0b0)
mem[X,0x0000000080002604] -> 0x3423
mem[X,0x0000000080002606] -> 0x28B1
[2404] [M]: 0x0000000080002604 (0x28B13423) sd x11, 0x288(x2)                       trap_Mhandler+4
mem[W,0x0000000080005288] <- 0x00000000000000C9

mem[X,0x0000000080002608] -> 0x05EF
mem[X,0x000000008000260A] -> 0x0B80
[2405] [M]: 0x0000000080002608 (0x0B8005EF) jal x11, 0xb8                           trap_Mhandler+8
x11 <- 0x000000008000260C

clint mtime 0x00000000000004B3 (mip.MTI <- 0b1, mip.STI <- 0b0)
mem[X,0x00000000800026C0] -> 0x3023
mem[X,0x00000000800026C2] -> 0x28A1
[2406] [M]: 0x00000000800026C0 (0x28A13023) sd x10, 0x280(x2)                       common_Mhandler+0
mem[W,0x0000000080005280] <- 0x00000000200000C9

mem[X,0x00000000800026C4] -> 0x1573
mem[X,0x00000000800026C6] -> 0x3401
[2407] [M]: 0x00000000800026C4 (0x34011573) csrrw x10, mscratch, x2                 common_Mhandler+4
CSR mscratch (0x340) <- 0x0000000080005000
x10 <- 0x0000000000000000

clint mtime 0x00000000000004B4 (mip.MTI <- 0b1, mip.STI <- 0b0)
mem[X,0x00000000800026C8] -> 0x3823
mem[X,0x00000000800026CA] -> 0x28A1
[2408] [M]: 0x00000000800026C8 (0x28A13823) sd x10, 0x290(x2)                       common_Mhandler+8
mem[W,0x0000000080005290] <- 0x0000000000000000

mem[X,0x00000000800026CC] -> 0x3503
mem[X,0x00000000800026CE] -> 0x2301
[2409] [M]: 0x00000000800026CC (0x23013503) ld x10, 0x230(x2)                       common_Mhandler+12
mem[R,0x0000000080005230] -> 0x00000000800026D4
x10 <- 0x00000000800026D4

clint mtime 0x00000000000004B5 (mip.MTI <- 0b1, mip.STI <- 0b0)
mem[X,0x00000000800026D0] -> 0x0067
mem[X,0x00000000800026D2] -> 0x0005
[2410] [M]: 0x00000000800026D0 (0x00050067) jalr x0, 0x0(x10)                       common_Mhandler+16

mem[X,0x00000000800026D4] -> 0x3C23
mem[X,0x00000000800026D6] -> 0x2691
[2411] [M]: 0x00000000800026D4 (0x26913C23) sd x9, 0x278(x2)                        common_Mentry+0
mem[W,0x0000000080005278] <- 0x0000030000000148

clint mtime 0x00000000000004B6 (mip.MTI <- 0b1, mip.STI <- 0b0)
mem[X,0x00000000800026D8] -> 0x3823
mem[X,0x00000000800026DA] -> 0x2681
[2412] [M]: 0x00000000800026D8 (0x26813823) sd x8, 0x270(x2)                        common_Mentry+4
mem[W,0x0000000080005270] <- 0x0000000000007F76

mem[X,0x00000000800026DC] -> 0x3423
mem[X,0x00000000800026DE] -> 0x2671
[2413] [M]: 0x00000000800026DC (0x26713423) sd x7, 0x268(x2)                        common_Mentry+8
mem[W,0x0000000080005268] <- 0x0000000080005000

clint mtime 0x00000000000004B7 (mip.MTI <- 0b1, mip.STI <- 0b0)
mem[X,0x00000000800026E0] -> 0x3023
mem[X,0x00000000800026E2] -> 0x2661
[2414] [M]: 0x00000000800026E0 (0x26613023) sd x6, 0x260(x2)                        common_Mentry+12
mem[W,0x0000000080005260] <- 0xFFFFFFFF7FFFEDAC

mem[X,0x00000000800026E4] -> 0x2573
mem[X,0x00000000800026E6] -> 0x3420
[2415] [M]: 0x00000000800026E4 (0x34202573) csrrs x10, mcause, x0                   spcl_M2mmode_test+0
CSR mcause (0x342) -> 0x0000000000000002
x10 <- 0x0000000000000002

clint mtime 0x00000000000004B8 (mip.MTI <- 0b1, mip.STI <- 0b0)
mem[X,0x00000000800026E8] -> 0x04B7
mem[X,0x00000000800026EA] -> 0x8000
[2416] [M]: 0x00000000800026E8 (0x800004B7) lui x9, -0x80000                        spcl_M2mmode_test+4
x9 <- 0xFFFFFFFF80000000

mem[X,0x00000000800026EC] -> 0x8493
mem[X,0x00000000800026EE] -> 0x0004
[2417] [M]: 0x00000000800026EC (0x00048493) addi x9, x9, 0x0                        spcl_M2mmode_test+8
x9 <- 0xFFFFFFFF80000000

clint mtime 0x00000000000004B9 (mip.MTI <- 0b1, mip.STI <- 0b0)
mem[X,0x00000000800026F0] -> 0x9493
mem[X,0x00000000800026F2] -> 0x00B4
[2418] [M]: 0x00000000800026F0 (0x00B49493) slli x9, x9, 0xb                        spcl_M2mmode_test+12
x9 <- 0xFFFFFC0000000000

mem[X,0x00000000800026F4] -> 0x8493
mem[X,0x00000000800026F6] -> 0x0004
[2419] [M]: 0x00000000800026F4 (0x00048493) addi x9, x9, 0x0                        spcl_M2mmode_test+16
x9 <- 0xFFFFFC0000000000

clint mtime 0x00000000000004BA (mip.MTI <- 0b1, mip.STI <- 0b0)
mem[X,0x00000000800026F8] -> 0x9493
mem[X,0x00000000800026FA] -> 0x00B4
[2420] [M]: 0x00000000800026F8 (0x00B49493) slli x9, x9, 0xb                        spcl_M2mmode_test+20
x9 <- 0xFFE0000000000000

mem[X,0x00000000800026FC] -> 0x8493
mem[X,0x00000000800026FE] -> 0x0034
[2421] [M]: 0x00000000800026FC (0x00348493) addi x9, x9, 0x3                        spcl_M2mmode_test+24
x9 <- 0xFFE0000000000003

clint mtime 0x00000000000004BB (mip.MTI <- 0b1, mip.STI <- 0b0)
mem[X,0x0000000080002700] -> 0x9493
mem[X,0x0000000080002702] -> 0x00A4
[2422] [M]: 0x0000000080002700 (0x00A49493) slli x9, x9, 0xa                        spcl_M2mmode_test+28
x9 <- 0x8000000000000C00

mem[X,0x0000000080002704] -> 0x8493
mem[X,0x0000000080002706] -> 0x3FC4
[2423] [M]: 0x0000000080002704 (0x3FC48493) addi x9, x9, 0x3fc                      spcl_M2mmode_test+32
x9 <- 0x8000000000000FFC

clint mtime 0x00000000000004BC (mip.MTI <- 0b1, mip.STI <- 0b0)
mem[X,0x0000000080002708] -> 0xF4B3
mem[X,0x000000008000270A] -> 0x00A4
[2424] [M]: 0x0000000080002708 (0x00A4F4B3) and x9, x9, x10                         spcl_M2mmode_test+36
x9 <- 0x0000000000000000

mem[X,0x000000008000270C] -> 0x8493
mem[X,0x000000008000270E] -> 0xFF84
[2425] [M]: 0x000000008000270C (0xFF848493) addi x9, x9, -0x8                       spcl_M2mmode_test+40
x9 <- 0xFFFFFFFFFFFFFFF8

clint mtime 0x00000000000004BD (mip.MTI <- 0b1, mip.STI <- 0b0)
mem[X,0x0000000080002710] -> 0x9663
mem[X,0x0000000080002712] -> 0x0004
[2426] [M]: 0x0000000080002710 (0x00049663) bne x9, x0, 0xc                         spcl_M2mmode_test+44

mem[X,0x000000008000271C] -> 0x0393
mem[X,0x000000008000271E] -> 0x0200
[2427] [M]: 0x000000008000271C (0x02000393) addi x7, x0, 0x20                       Mtrapsig_ptr_upd+0
x7 <- 0x0000000000000020

clint mtime 0x00000000000004BE (mip.MTI <- 0b1, mip.STI <- 0b0)
mem[X,0x0000000080002720] -> 0x5263
mem[X,0x0000000080002722] -> 0x0405
[2428] [M]: 0x0000000080002720 (0x04055263) bge x10, x0, 0x44                       Mtrapsig_ptr_upd+4

mem[X,0x0000000080002764] -> 0x2373
mem[X,0x0000000080002766] -> 0x3010
[2429] [M]: 0x0000000080002764 (0x30102373) csrrs x6, misa, x0                      Mxcpt_sig_sv+0
CSR misa (0x301) -> 0x800000000034112F
x6 <- 0x800000000034112F

clint mtime 0x00000000000004BF (mip.MTI <- 0b1, mip.STI <- 0b0)
mem[X,0x0000000080002768] -> 0x1313
mem[X,0x000000008000276A] -> 0x0383
[2430] [M]: 0x0000000080002768 (0x03831313) slli x6, x6, 0x38                       Mxcpt_sig_sv+4
x6 <- 0x2F00000000000000

mem[X,0x000000008000276C] -> 0x5463
mem[X,0x000000008000276E] -> 0x0003
[2431] [M]: 0x000000008000276C (0x00035463) bge x6, x0, 0x8                         Mxcpt_sig_sv+8

clint mtime 0x00000000000004C0 (mip.MTI <- 0b1, mip.STI <- 0b0)
mem[X,0x0000000080002774] -> 0x3303
mem[X,0x0000000080002776] -> 0x2181
[2432] [M]: 0x0000000080002774 (0x21813303) ld x6, 0x218(x2)                        Mtrap_sig_sv+0
mem[R,0x0000000080005218] -> 0x000000008000A678
x6 <- 0x000000008000A678

mem[X,0x0000000080002778] -> 0x04B3
mem[X,0x000000008000277A] -> 0x0073
[2433] [M]: 0x0000000080002778 (0x007304B3) add x9, x6, x7                          Mtrap_sig_sv+4
x9 <- 0x000000008000A698

clint mtime 0x00000000000004C1 (mip.MTI <- 0b1, mip.STI <- 0b0)
mem[X,0x000000008000277C] -> 0x3C23
mem[X,0x000000008000277E] -> 0x2091
[2434] [M]: 0x000000008000277C (0x20913C23) sd x9, 0x218(x2)                        Mtrap_sig_sv+8
mem[W,0x0000000080005218] <- 0x000000008000A698

mem[X,0x0000000080002780] -> 0x3403
mem[X,0x0000000080002782] -> 0x1F81
[2435] [M]: 0x0000000080002780 (0x1F813403) ld x8, 0x1f8(x2)                        Mtrap_sig_sv+12
mem[R,0x00000000800051F8] -> 0x000000008000A110
x8 <- 0x000000008000A110

clint mtime 0x00000000000004C2 (mip.MTI <- 0b1, mip.STI <- 0b0)
mem[X,0x0000000080002784] -> 0x0333
mem[X,0x0000000080002786] -> 0x4083
[2436] [M]: 0x0000000080002784 (0x40830333) sub x6, x6, x8                          Mtrap_sig_sv+16
x6 <- 0x0000000000000568

mem[X,0x0000000080002788] -> 0x3403
mem[X,0x000000008000278A] -> 0x1F81
[2437] [M]: 0x0000000080002788 (0x1F813403) ld x8, 0x1f8(x2)                        Mtrap_sig_sv+20
mem[R,0x00000000800051F8] -> 0x000000008000A110
x8 <- 0x000000008000A110

clint mtime 0x00000000000004C3 (mip.MTI <- 0b1, mip.STI <- 0b0)
mem[X,0x000000008000278C] -> 0x0333
mem[X,0x000000008000278E] -> 0x0083
[2438] [M]: 0x000000008000278C (0x00830333) add x6, x6, x8                          Mtrap_sig_sv+24
x6 <- 0x000000008000A678

mem[X,0x0000000080002790] -> 0x3403
mem[X,0x0000000080002792] -> 0x2401
[2439] [M]: 0x0000000080002790 (0x24013403) ld x8, 0x240(x2)                        Mtrap_sig_sv+28
mem[R,0x0000000080005240] -> 0x0000000080002500
x8 <- 0x0000000080002500

clint mtime 0x00000000000004C4 (mip.MTI <- 0b1, mip.STI <- 0b0)
mem[X,0x0000000080002794] -> 0x85B3
mem[X,0x0000000080002796] -> 0x4085
[2440] [M]: 0x0000000080002794 (0x408585B3) sub x11, x11, x8                        sv_Mvect+0
x11 <- 0x000000000000010C

mem[X,0x0000000080002798] -> 0x9593
mem[X,0x000000008000279A] -> 0x0045
[2441] [M]: 0x0000000080002798 (0x00459593) slli x11, x11, 0x4                      sv_Mvect+4
x11 <- 0x00000000000010C0

clint mtime 0x00000000000004C5 (mip.MTI <- 0b1, mip.STI <- 0b0)
mem[X,0x000000008000279C] -> 0xE5B3
mem[X,0x000000008000279E] -> 0x0075
[2442] [M]: 0x000000008000279C (0x0075E5B3) or x11, x11, x7                         sv_Mvect+8
x11 <- 0x00000000000010E0

mem[X,0x00000000800027A0] -> 0x8593
mem[X,0x00000000800027A2] -> 0x0035
[2443] [M]: 0x00000000800027A0 (0x00358593) addi x11, x11, 0x3                      sv_Mvect+12
x11 <- 0x00000000000010E3

clint mtime 0x00000000000004C6 (mip.MTI <- 0b1, mip.STI <- 0b0)
mem[X,0x00000000800027A4] -> 0x3023
mem[X,0x00000000800027A6] -> 0x00B3
[2444] [M]: 0x00000000800027A4 (0x00B33023) sd x11, 0x0(x6)                         sv_Mvect+16
mem[W,0x000000008000A678] <- 0x00000000000010E3

mem[X,0x00000000800027A8] -> 0x3423
mem[X,0x00000000800027AA] -> 0x00A3
[2445] [M]: 0x00000000800027A8 (0x00A33423) sd x10, 0x8(x6)                         sv_Mcause+0
mem[W,0x000000008000A680] <- 0x0000000000000002

clint mtime 0x00000000000004C7 (mip.MTI <- 0b1, mip.STI <- 0b0)
mem[X,0x00000000800027AC] -> 0x4663
mem[X,0x00000000800027AE] -> 0x1A05
[2446] [M]: 0x00000000800027AC (0x1A054663) blt x10, x0, 0x1ac                      sv_Mcause+4

mem[X,0x00000000800027B0] -> 0x25F3
mem[X,0x00000000800027B2] -> 0x3000
[2447] [M]: 0x00000000800027B0 (0x300025F3) csrrs x11, mstatus, x0                  common_Mexcpt_handler+0
CSR mstatus (0x300) -> 0x0000000A00040800
x11 <- 0x0000000A00040800

clint mtime 0x00000000000004C8 (mip.MTI <- 0b1, mip.STI <- 0b0)
mem[X,0x00000000800027B4] -> 0x9413
mem[X,0x00000000800027B6] -> 0x02E5
[2448] [M]: 0x00000000800027B4 (0x02E59413) slli x8, x11, 0x2e                      common_Mexcpt_handler+4
x8 <- 0x0200000000000000

mem[X,0x00000000800027B8] -> 0x5463
mem[X,0x00000000800027BA] -> 0x0004
[2449] [M]: 0x00000000800027B8 (0x00045463) bge x8, x0, 0x8                         common_Mexcpt_handler+8

clint mtime 0x00000000000004C9 (mip.MTI <- 0b1, mip.STI <- 0b0)
mem[X,0x00000000800027C0] -> 0xD493
mem[X,0x00000000800027C2] -> 0x00B5
[2450] [M]: 0x00000000800027C0 (0x00B5D493) srli x9, x11, 0xb                       common_Mexcpt_handler+16
x9 <- 0x0000000001400081

mem[X,0x00000000800027C4] -> 0xF493
mem[X,0x00000000800027C6] -> 0x0034
[2451] [M]: 0x00000000800027C4 (0x0034F493) andi x9, x9, 0x3                        common_Mexcpt_handler+20
x9 <- 0x0000000000000001

clint mtime 0x00000000000004CA (mip.MTI <- 0b1, mip.STI <- 0b0)
mem[X,0x00000000800027C8] -> 0x8493
mem[X,0x00000000800027CA] -> 0x0014
[2452] [M]: 0x00000000800027C8 (0x00148493) addi x9, x9, 0x1                        common_Mexcpt_handler+24
x9 <- 0x0000000000000002

mem[X,0x00000000800027CC] -> 0xF493
mem[X,0x00000000800027CE] -> 0x0044
[2453] [M]: 0x00000000800027CC (0x0044F493) andi x9, x9, 0x4                        common_Mexcpt_handler+28
x9 <- 0x0000000000000000

clint mtime 0x00000000000004CB (mip.MTI <- 0b1, mip.STI <- 0b0)
mem[X,0x00000000800027D0] -> 0x0593
mem[X,0x00000000800027D2] -> 0x05D0
[2454] [M]: 0x00000000800027D0 (0x05D00593) addi x11, x0, 0x5d                      common_Mexcpt_handler+32
x11 <- 0x000000000000005D

mem[X,0x00000000800027D4] -> 0xD5B3
mem[X,0x00000000800027D6] -> 0x0095
[2455] [M]: 0x00000000800027D4 (0x0095D5B3) srl x11, x11, x9                        common_Mexcpt_handler+36
x11 <- 0x000000000000005D

clint mtime 0x00000000000004CC (mip.MTI <- 0b1, mip.STI <- 0b0)
mem[X,0x00000000800027D8] -> 0xF593
mem[X,0x00000000800027DA] -> 0x0015
[2456] [M]: 0x00000000800027D8 (0x0015F593) andi x11, x11, 0x1                      common_Mexcpt_handler+40
x11 <- 0x0000000000000001

mem[X,0x00000000800027DC] -> 0x8EE3
mem[X,0x00000000800027DE] -> 0xF405
[2457] [M]: 0x00000000800027DC (0xF4058EE3) beq x11, x0, -0xa4                      common_Mexcpt_handler+44

clint mtime 0x00000000000004CD (mip.MTI <- 0b1, mip.STI <- 0b0)
mem[X,0x00000000800027E0] -> 0x0593
mem[X,0x00000000800027E2] -> 0x2980
[2458] [M]: 0x00000000800027E0 (0x29800593) addi x11, x0, 0x298                     common_Mexcpt_handler+48
x11 <- 0x0000000000000298

mem[X,0x00000000800027E4] -> 0xF413
mem[X,0x00000000800027E6] -> 0x0014
[2459] [M]: 0x00000000800027E4 (0x0014F413) andi x8, x9, 0x1                        common_Mexcpt_handler+52
x8 <- 0x0000000000000000

clint mtime 0x00000000000004CE (mip.MTI <- 0b1, mip.STI <- 0b0)
mem[X,0x00000000800027E8] -> 0x95B3
mem[X,0x00000000800027EA] -> 0x0085
[2460] [M]: 0x00000000800027E8 (0x008595B3) sll x11, x11, x8                        common_Mexcpt_handler+56
x11 <- 0x0000000000000298

mem[X,0x00000000800027EC] -> 0x9413
mem[X,0x00000000800027EE] -> 0x03D4
[2461] [M]: 0x00000000800027EC (0x03D49413) slli x8, x9, 0x3d                       common_Mexcpt_handler+60
x8 <- 0x0000000000000000

clint mtime 0x00000000000004CF (mip.MTI <- 0b1, mip.STI <- 0b0)
mem[X,0x00000000800027F0] -> 0x5413
mem[X,0x00000000800027F2] -> 0x43F4
[2462] [M]: 0x00000000800027F0 (0x43F45413) srai x8, x8, 0x3f                       common_Mexcpt_handler+64
x8 <- 0x0000000000000000

mem[X,0x00000000800027F4] -> 0x4413
mem[X,0x00000000800027F6] -> 0xFFF4
[2463] [M]: 0x00000000800027F4 (0xFFF44413) xori x8, x8, -0x1                       common_Mexcpt_handler+68
x8 <- 0xFFFFFFFFFFFFFFFF

clint mtime 0x00000000000004D0 (mip.MTI <- 0b1, mip.STI <- 0b0)
mem[X,0x00000000800027F8] -> 0xF4B3
mem[X,0x00000000800027FA] -> 0x0085
[2464] [M]: 0x00000000800027F8 (0x0085F4B3) and x9, x11, x8                         common_Mexcpt_handler+72
x9 <- 0x0000000000000298

mem[X,0x00000000800027FC] -> 0x84B3
mem[X,0x00000000800027FE] -> 0x0024
[2465] [M]: 0x00000000800027FC (0x002484B3) add x9, x9, x2                          vmem_adj_Mepc+0
x9 <- 0x0000000080005298

clint mtime 0x00000000000004D1 (mip.MTI <- 0b1, mip.STI <- 0b0)
mem[X,0x0000000080002800] -> 0x23F3
mem[X,0x0000000080002802] -> 0x3410
[2466] [M]: 0x0000000080002800 (0x341023F3) csrrs x7, mepc, x0                      vmem_adj_Mepc+4
CSR mepc (0x341) -> 0x00000300800013A4
x7 <- 0x00000300800013A4

mem[X,0x0000000080002804] -> 0x0413
mem[X,0x0000000080002806] -> 0x0004
[2467] [M]: 0x0000000080002804 (0x00040413) addi x8, x8, 0x0                        vmem_adj_Mepc+8
x8 <- 0xFFFFFFFFFFFFFFFF

clint mtime 0x00000000000004D2 (mip.MTI <- 0b1, mip.STI <- 0b0)
mem[X,0x0000000080002808] -> 0x006F
mem[X,0x000000008000280A] -> 0x0400
[2468] [M]: 0x0000000080002808 (0x0400006F) jal x0, 0x40                            vmem_adj_Mepc+12

mem[X,0x0000000080002848] -> 0x8433
mem[X,0x000000008000284A] -> 0x4083
[2469] [M]: 0x0000000080002848 (0x40838433) sub x8, x7, x8                          adj_Mepc+0
x8 <- 0x00000300800013A5

clint mtime 0x00000000000004D3 (mip.MTI <- 0b1, mip.STI <- 0b0)
mem[X,0x000000008000284C] -> 0x3823
mem[X,0x000000008000284E] -> 0x0083
[2470] [M]: 0x000000008000284C (0x00833823) sd x8, 0x10(x6)                         sv_Mepc+0
mem[W,0x000000008000A688] <- 0x00000300800013A5

mem[X,0x0000000080002850] -> 0x55B7
mem[X,0x0000000080002852] -> 0x0000
[2471] [M]: 0x0000000080002850 (0x000055B7) lui x11, 0x5                            sv_Mepc+4
x11 <- 0x0000000000005000

clint mtime 0x00000000000004D4 (mip.MTI <- 0b1, mip.STI <- 0b0)
mem[X,0x0000000080002854] -> 0x8593
mem[X,0x0000000080002856] -> 0x6675
[2472] [M]: 0x0000000080002854 (0x66758593) addi x11, x11, 0x667                    sv_Mepc+8
x11 <- 0x0000000000005667

mem[X,0x0000000080002858] -> 0x9593
mem[X,0x000000008000285A] -> 0x0015
[2473] [M]: 0x0000000080002858 (0x00159593) slli x11, x11, 0x1                      sv_Mepc+12
x11 <- 0x000000000000ACCE

clint mtime 0x00000000000004D5 (mip.MTI <- 0b1, mip.STI <- 0b0)
mem[X,0x000000008000285C] -> 0x9063
mem[X,0x000000008000285E] -> 0x02B1
[2474] [M]: 0x000000008000285C (0x02B19063) bne x3, x11, 0x20                       sv_Mepc+16

mem[X,0x0000000080002860] -> 0x2473
mem[X,0x0000000080002862] -> 0x3420
[2475] [M]: 0x0000000080002860 (0x34202473) csrrs x8, mcause, x0                    sv_Mepc+20
CSR mcause (0x342) -> 0x0000000000000002
x8 <- 0x0000000000000002

clint mtime 0x00000000000004D6 (mip.MTI <- 0b1, mip.STI <- 0b0)
mem[X,0x0000000080002864] -> 0x0593
mem[X,0x0000000080002866] -> 0x00C0
[2476] [M]: 0x0000000080002864 (0x00C00593) addi x11, x0, 0xc                       sv_Mepc+24
x11 <- 0x000000000000000C

mem[X,0x0000000080002868] -> 0x0663
mem[X,0x000000008000286A] -> 0x00B4
[2477] [M]: 0x0000000080002868 (0x00B40663) beq x8, x11, 0xc                        sv_Mepc+28

clint mtime 0x00000000000004D7 (mip.MTI <- 0b1, mip.STI <- 0b0)
mem[X,0x000000008000286C] -> 0x0593
mem[X,0x000000008000286E] -> 0x0010
[2478] [M]: 0x000000008000286C (0x00100593) addi x11, x0, 0x1                       sv_Mepc+32
x11 <- 0x0000000000000001

mem[X,0x0000000080002870] -> 0x1663
mem[X,0x0000000080002872] -> 0x00B4
[2479] [M]: 0x0000000080002870 (0x00B41663) bne x8, x11, 0xc                        sv_Mepc+36

clint mtime 0x00000000000004D8 (mip.MTI <- 0b1, mip.STI <- 0b0)
mem[X,0x000000008000287C] -> 0xF593
mem[X,0x000000008000287E] -> 0xFFC3
[2480] [M]: 0x000000008000287C (0xFFC3F593) andi x11, x7, -0x4                      adj_Mepc_rtn+0
x11 <- 0x00000300800013A4

mem[X,0x0000000080002880] -> 0x8593
mem[X,0x0000000080002882] -> 0x0085
[2481] [M]: 0x0000000080002880 (0x00858593) addi x11, x11, 0x8                      adj_Mepc_rtn+4
x11 <- 0x00000300800013AC

clint mtime 0x00000000000004D9 (mip.MTI <- 0b1, mip.STI <- 0b0)
mem[X,0x0000000080002884] -> 0x9073
mem[X,0x0000000080002886] -> 0x3415
[2482] [M]: 0x0000000080002884 (0x34159073) csrrw x0, mepc, x11                     adj_Mepc_rtn+8
CSR mepc (0x341) <- 0x00000300800013AC

mem[X,0x0000000080002888] -> 0x23F3
mem[X,0x000000008000288A] -> 0x3430
[2483] [M]: 0x0000000080002888 (0x343023F3) csrrs x7, mtval, x0                     skp_adj_Mepc+0
CSR mtval (0x343) -> 0x00000000341494F3
x7 <- 0x00000000341494F3

clint mtime 0x00000000000004DA (mip.MTI <- 0b1, mip.STI <- 0b0)
mem[X,0x000000008000288C] -> 0x0413
mem[X,0x000000008000288E] -> 0x0004
[2484] [M]: 0x000000008000288C (0x00040413) addi x8, x8, 0x0                        skp_adj_Mepc+4
x8 <- 0x0000000000000002

mem[X,0x0000000080002890] -> 0x006F
mem[X,0x0000000080002892] -> 0x0840
[2485] [M]: 0x0000000080002890 (0x0840006F) jal x0, 0x84                            skp_adj_Mepc+8

clint mtime 0x00000000000004DB (mip.MTI <- 0b1, mip.STI <- 0b0)
mem[X,0x0000000080002914] -> 0x8433
mem[X,0x0000000080002916] -> 0x4083
[2486] [M]: 0x0000000080002914 (0x40838433) sub x8, x7, x8                          adj_Mtval+0
x8 <- 0x00000000341494F1

mem[X,0x0000000080002918] -> 0x3C23
mem[X,0x000000008000291A] -> 0x0083
[2487] [M]: 0x0000000080002918 (0x00833C23) sd x8, 0x18(x6)                         sv_Mtval+0
mem[W,0x000000008000A690] <- 0x00000000341494F1

clint mtime 0x00000000000004DC (mip.MTI <- 0b1, mip.STI <- 0b0)
mem[X,0x000000008000291C] -> 0x3483
mem[X,0x000000008000291E] -> 0x2181
[2488] [M]: 0x000000008000291C (0x21813483) ld x9, 0x218(x2)                        skp_Mtval+0
mem[R,0x0000000080005218] -> 0x000000008000A698
x9 <- 0x000000008000A698

mem[X,0x0000000080002920] -> 0x3383
mem[X,0x0000000080002922] -> 0x1F81
[2489] [M]: 0x0000000080002920 (0x1F813383) ld x7, 0x1f8(x2)                        skp_Mtval+4
mem[R,0x00000000800051F8] -> 0x000000008000A110
x7 <- 0x000000008000A110

clint mtime 0x00000000000004DD (mip.MTI <- 0b1, mip.STI <- 0b0)
mem[X,0x0000000080002924] -> 0x3303
mem[X,0x0000000080002926] -> 0x2001
[2490] [M]: 0x0000000080002924 (0x20013303) ld x6, 0x200(x2)                        skp_Mtval+8
mem[R,0x0000000080005200] -> 0x0000000000000610
x6 <- 0x0000000000000610

mem[X,0x0000000080002928] -> 0x0333
mem[X,0x000000008000292A] -> 0x0073
[2491] [M]: 0x0000000080002928 (0x00730333) add x6, x6, x7                          skp_Mtval+12
x6 <- 0x000000008000A720

clint mtime 0x00000000000004DE (mip.MTI <- 0b1, mip.STI <- 0b0)
mem[X,0x000000008000292C] -> 0x6AE3
mem[X,0x000000008000292E] -> 0xAE93
[2492] [M]: 0x000000008000292C (0xAE936AE3) bltu x6, x9, -0x50c                     skp_Mtval+16

mem[X,0x0000000080002930] -> 0x0393
mem[X,0x0000000080002932] -> 0x2000
[2493] [M]: 0x0000000080002930 (0x20000393) addi x7, x0, 0x200                      skp_Mtval+20
x7 <- 0x0000000000000200

clint mtime 0x00000000000004DF (mip.MTI <- 0b1, mip.STI <- 0b0)
mem[X,0x0000000080002934] -> 0x006F
mem[X,0x0000000080002936] -> 0x0400
[2494] [M]: 0x0000000080002934 (0x0400006F) jal x0, 0x40                            skp_Mtval+24

mem[X,0x0000000080002974] -> 0x0417
mem[X,0x0000000080002976] -> 0x0000
[2495] [M]: 0x0000000080002974 (0x00000417) auipc x8, 0x0                           spcl_Mhandler+0
x8 <- 0x0000000080002974

clint mtime 0x00000000000004E0 (mip.MTI <- 0b1, mip.STI <- 0b0)
mem[X,0x0000000080002978] -> 0x0413
mem[X,0x000000008000297A] -> 0x03C4
[2496] [M]: 0x0000000080002978 (0x03C40413) addi x8, x8, 0x3c                       spcl_Mhandler+4
x8 <- 0x00000000800029B0

mem[X,0x000000008000297C] -> 0x0433
mem[X,0x000000008000297E] -> 0x0074
[2497] [M]: 0x000000008000297C (0x00740433) add x8, x8, x7                          spcl_Mhandler+8
x8 <- 0x0000000080002BB0

clint mtime 0x00000000000004E1 (mip.MTI <- 0b1, mip.STI <- 0b0)
mem[X,0x0000000080002980] -> 0x1393
mem[X,0x0000000080002982] -> 0x0035
[2498] [M]: 0x0000000080002980 (0x00351393) slli x7, x10, 0x3                       spcl_Mhandler+12
x7 <- 0x0000000000000010

mem[X,0x0000000080002984] -> 0x0433
mem[X,0x0000000080002986] -> 0x0074
[2499] [M]: 0x0000000080002984 (0x00740433) add x8, x8, x7                          spcl_Mhandler+16
x8 <- 0x0000000080002BC0

clint mtime 0x00000000000004E2 (mip.MTI <- 0b1, mip.STI <- 0b0)
mem[X,0x0000000080002988] -> 0x7413
mem[X,0x000000008000298A] -> 0xFF84
[2500] [M]: 0x0000000080002988 (0xFF847413) andi x8, x8, -0x8                       spcl_Mhandler+20
x8 <- 0x0000000080002BC0

mem[X,0x000000008000298C] -> 0x3403
mem[X,0x000000008000298E] -> 0x0004
[2501] [M]: 0x000000008000298C (0x00043403) ld x8, 0x0(x8)                          spcl_Mhandler+24
mem[R,0x0000000080002BC0] -> 0x0000000000000005
x8 <- 0x0000000000000005

clint mtime 0x00000000000004E3 (mip.MTI <- 0b1, mip.STI <- 0b0)
mem[X,0x0000000080002990] -> 0x02E3
mem[X,0x0000000080002992] -> 0xB204
[2502] [M]: 0x0000000080002990 (0xB20402E3) beq x8, x0, -0x4dc                      spcl_Mdispatch_hndling+0

mem[X,0x0000000080002994] -> 0x1393
mem[X,0x0000000080002996] -> 0x03F4
[2503] [M]: 0x0000000080002994 (0x03F41393) slli x7, x8, 0x3f                       spcl_Mdispatch_hndling+4
x7 <- 0x8000000000000000

clint mtime 0x00000000000004E4 (mip.MTI <- 0b1, mip.STI <- 0b0)
mem[X,0x0000000080002998] -> 0xD863
mem[X,0x000000008000299A] -> 0x0003
[2504] [M]: 0x0000000080002998 (0x0003D863) bge x7, x0, 0x10                        spcl_Mdispatch_hndling+8

mem[X,0x000000008000299C] -> 0x5413
mem[X,0x000000008000299E] -> 0x0014
[2505] [M]: 0x000000008000299C (0x00145413) srli x8, x8, 0x1                        spcl_Mdispatch_hndling+12
x8 <- 0x0000000000000002

clint mtime 0x00000000000004E5 (mip.MTI <- 0b1, mip.STI <- 0b0)
mem[X,0x00000000800029A0] -> 0x0CE3
mem[X,0x00000000800029A2] -> 0xF885
[2506] [M]: 0x00000000800029A0 (0xF8850CE3) beq x10, x8, -0x68                      spcl_Mdispatch_hndling+16

mem[X,0x0000000080002938] -> 0x3303
mem[X,0x000000008000293A] -> 0x2601
[2507] [M]: 0x0000000080002938 (0x26013303) ld x6, 0x260(x2)                        resto_Mrtn+0
mem[R,0x0000000080005260] -> 0xFFFFFFFF7FFFEDAC
x6 <- 0xFFFFFFFF7FFFEDAC

clint mtime 0x00000000000004E6 (mip.MTI <- 0b1, mip.STI <- 0b0)
mem[X,0x000000008000293C] -> 0x3383
mem[X,0x000000008000293E] -> 0x2681
[2508] [M]: 0x000000008000293C (0x26813383) ld x7, 0x268(x2)                        resto_Mrtn+4
mem[R,0x0000000080005268] -> 0x0000000080005000
x7 <- 0x0000000080005000

mem[X,0x0000000080002940] -> 0x3403
mem[X,0x0000000080002942] -> 0x2701
[2509] [M]: 0x0000000080002940 (0x27013403) ld x8, 0x270(x2)                        resto_Mrtn+8
mem[R,0x0000000080005270] -> 0x0000000000007F76
x8 <- 0x0000000000007F76

clint mtime 0x00000000000004E7 (mip.MTI <- 0b1, mip.STI <- 0b0)
mem[X,0x0000000080002944] -> 0x3483
mem[X,0x0000000080002946] -> 0x2781
[2510] [M]: 0x0000000080002944 (0x27813483) ld x9, 0x278(x2)                        resto_Mrtn+12
mem[R,0x0000000080005278] -> 0x0000030000000148
x9 <- 0x0000030000000148

mem[X,0x0000000080002948] -> 0x3503
mem[X,0x000000008000294A] -> 0x2801
[2511] [M]: 0x0000000080002948 (0x28013503) ld x10, 0x280(x2)                       resto_Mrtn+16
mem[R,0x0000000080005280] -> 0x00000000200000C9
x10 <- 0x00000000200000C9

clint mtime 0x00000000000004E8 (mip.MTI <- 0b1, mip.STI <- 0b0)
mem[X,0x000000008000294C] -> 0x3583
mem[X,0x000000008000294E] -> 0x2881
[2512] [M]: 0x000000008000294C (0x28813583) ld x11, 0x288(x2)                       resto_Mrtn+20
mem[R,0x0000000080005288] -> 0x00000000000000C9
x11 <- 0x00000000000000C9

mem[X,0x0000000080002950] -> 0x3103
mem[X,0x0000000080002952] -> 0x2901
[2513] [M]: 0x0000000080002950 (0x29013103) ld x2, 0x290(x2)                        resto_Mrtn+24
mem[R,0x0000000080005290] -> 0x0000000000000000
x2 <- 0x0000000000000000

clint mtime 0x00000000000004E9 (mip.MTI <- 0b1, mip.STI <- 0b0)
mem[X,0x0000000080002954] -> 0x0073
mem[X,0x0000000080002956] -> 0x3020
[2514] [M]: 0x0000000080002954 (0x30200073) mret                                    resto_Mrtn+28
CSR mstatus (0x300) <- 0x0000000A00040080
ret-ing from M to S

PTW: Start, vpn=0x30080001, access_type=X, privilege=Smem[R,0x0000000080009030] -> 0x00000000000000CB
PTW: Step, level=3, pte=0xCB, pte_addr=0x80009030
PTW: Success, final_ppn=0x80001, level=3mem[X,0x00000000800013AC] -> 0x07B7
PTW: Start, vpn=0x30080001, access_type=X, privilege=Smem[R,0x0000000080009030] -> 0x00000000000000CB
PTW: Step, level=3, pte=0xCB, pte_addr=0x80009030
PTW: Success, final_ppn=0x80001, level=3mem[X,0x00000000800013AE] -> 0x0000
[2515] [S]: 0x00000300800013AC (0x000007B7) lui x15, 0x0                            va_rvtest_code_begin+3056
x15 <- 0x0000000000000000

clint mtime 0x00000000000004EA (mip.MTI <- 0b1, mip.STI <- 0b0)
PTW: Start, vpn=0x30080001, access_type=X, privilege=Smem[R,0x0000000080009030] -> 0x00000000000000CB
PTW: Step, level=3, pte=0xCB, pte_addr=0x80009030
PTW: Success, final_ppn=0x80001, level=3mem[X,0x00000000800013B0] -> 0x8793
PTW: Start, vpn=0x30080001, access_type=X, privilege=Smem[R,0x0000000080009030] -> 0x00000000000000CB
PTW: Step, level=3, pte=0xCB, pte_addr=0x80009030
PTW: Success, final_ppn=0x80001, level=3mem[X,0x00000000800013B2] -> 0x2807
[2516] [S]: 0x00000300800013B0 (0x28078793) addi x15, x15, 0x280                    va_rvtest_code_begin+3060
x15 <- 0x0000000000000280

PTW: Start, vpn=0x30080001, access_type=X, privilege=Smem[R,0x0000000080009030] -> 0x00000000000000CB
PTW: Step, level=3, pte=0xCB, pte_addr=0x80009030
PTW: Success, final_ppn=0x80001, level=3mem[X,0x00000000800013B4] -> 0x9793
PTW: Start, vpn=0x30080001, access_type=X, privilege=Smem[R,0x0000000080009030] -> 0x00000000000000CB
PTW: Step, level=3, pte=0xCB, pte_addr=0x80009030
PTW: Success, final_ppn=0x80001, level=3mem[X,0x00000000800013B6] -> 0x00B7
[2517] [S]: 0x00000300800013B4 (0x00B79793) slli x15, x15, 0xb                      va_rvtest_code_begin+3064
x15 <- 0x0000000000140000

clint mtime 0x00000000000004EB (mip.MTI <- 0b1, mip.STI <- 0b0)
PTW: Start, vpn=0x30080001, access_type=X, privilege=Smem[R,0x0000000080009030] -> 0x00000000000000CB
PTW: Step, level=3, pte=0xCB, pte_addr=0x80009030
PTW: Success, final_ppn=0x80001, level=3mem[X,0x00000000800013B8] -> 0x8793
PTW: Start, vpn=0x30080001, access_type=X, privilege=Smem[R,0x0000000080009030] -> 0x00000000000000CB
PTW: Step, level=3, pte=0xCB, pte_addr=0x80009030
PTW: Success, final_ppn=0x80001, level=3mem[X,0x00000000800013BA] -> 0x0007
[2518] [S]: 0x00000300800013B8 (0x00078793) addi x15, x15, 0x0                      va_rvtest_code_begin+3068
x15 <- 0x0000000000140000

PTW: Start, vpn=0x30080001, access_type=X, privilege=Smem[R,0x0000000080009030] -> 0x00000000000000CB
PTW: Step, level=3, pte=0xCB, pte_addr=0x80009030
PTW: Success, final_ppn=0x80001, level=3mem[X,0x00000000800013BC] -> 0x9793
PTW: Start, vpn=0x30080001, access_type=X, privilege=Smem[R,0x0000000080009030] -> 0x00000000000000CB
PTW: Step, level=3, pte=0xCB, pte_addr=0x80009030
PTW: Success, final_ppn=0x80001, level=3mem[X,0x00000000800013BE] -> 0x00B7
[2519] [S]: 0x00000300800013BC (0x00B79793) slli x15, x15, 0xb                      va_rvtest_code_begin+3072
x15 <- 0x00000000A0000000

clint mtime 0x00000000000004EC (mip.MTI <- 0b1, mip.STI <- 0b0)
PTW: Start, vpn=0x30080001, access_type=X, privilege=Smem[R,0x0000000080009030] -> 0x00000000000000CB
PTW: Step, level=3, pte=0xCB, pte_addr=0x80009030
PTW: Success, final_ppn=0x80001, level=3mem[X,0x00000000800013C0] -> 0x8793
PTW: Start, vpn=0x30080001, access_type=X, privilege=Smem[R,0x0000000080009030] -> 0x00000000000000CB
PTW: Step, level=3, pte=0xCB, pte_addr=0x80009030
PTW: Success, final_ppn=0x80001, level=3mem[X,0x00000000800013C2] -> 0x0017
[2520] [S]: 0x00000300800013C0 (0x00178793) addi x15, x15, 0x1                      va_rvtest_code_begin+3076
x15 <- 0x00000000A0000001

PTW: Start, vpn=0x30080001, access_type=X, privilege=Smem[R,0x0000000080009030] -> 0x00000000000000CB
PTW: Step, level=3, pte=0xCB, pte_addr=0x80009030
PTW: Success, final_ppn=0x80001, level=3mem[X,0x00000000800013C4] -> 0x9793
PTW: Start, vpn=0x30080001, access_type=X, privilege=Smem[R,0x0000000080009030] -> 0x00000000000000CB
PTW: Step, level=3, pte=0xCB, pte_addr=0x80009030
PTW: Success, final_ppn=0x80001, level=3mem[X,0x00000000800013C6] -> 0x00A7
[2521] [S]: 0x00000300800013C4 (0x00A79793) slli x15, x15, 0xa                      va_rvtest_code_begin+3080
x15 <- 0x0000028000000400

clint mtime 0x00000000000004ED (mip.MTI <- 0b1, mip.STI <- 0b0)
PTW: Start, vpn=0x30080001, access_type=X, privilege=Smem[R,0x0000000080009030] -> 0x00000000000000CB
PTW: Step, level=3, pte=0xCB, pte_addr=0x80009030
PTW: Success, final_ppn=0x80001, level=3mem[X,0x00000000800013C8] -> 0x0613
PTW: Start, vpn=0x30080001, access_type=X, privilege=Smem[R,0x0000000080009030] -> 0x00000000000000CB
PTW: Step, level=3, pte=0xCB, pte_addr=0x80009030
PTW: Success, final_ppn=0x80001, level=3mem[X,0x00000000800013CA] -> 0x0106
[2522] [S]: 0x00000300800013C8 (0x01060613) addi x12, x12, 0x10                     va_rvtest_code_begin+3084
x12 <- 0x0000000000000060

PTW: Start, vpn=0x30080001, access_type=X, privilege=Smem[R,0x0000000080009030] -> 0x00000000000000CB
PTW: Step, level=3, pte=0xCB, pte_addr=0x80009030
PTW: Success, final_ppn=0x80001, level=3mem[X,0x00000000800013CC] -> 0xAA23
PTW: Start, vpn=0x30080001, access_type=X, privilege=Smem[R,0x0000000080009030] -> 0x00000000000000CB
PTW: Step, level=3, pte=0xCB, pte_addr=0x80009030
PTW: Success, final_ppn=0x80001, level=3mem[X,0x00000000800013CE] -> 0x00C7
[2523] [S]: 0x00000300800013CC (0x00C7AA23) sw x12, 0x14(x15)                       va_rvtest_code_begin+3088
PTW: Start, vpn=0x28000000, access_type=W, privilege=Smem[R,0x0000000080009028] -> 0x0000000020002001
PTW: Step, level=3, pte=0x20002001, pte_addr=0x80009028
PTW: Start, vpn=0x28000000, access_type=W, privilege=Smem[R,0x0000000080008000] -> 0x00000000200000C9
PTW: Step, level=2, pte=0x200000C9, pte_addr=0x80008000
PTW: failed, error=no-permission, level=2, pte_addr=0x80008000
trapping from S to M to handle store/amo-page-fault
handling exc#store/amo-page-fault at priv M with tval 0x0000028000000414
CSR mstatus (0x300) <- 0x0000000A00040800
CSR mcause (0x342) <- 0x000000000000000F
CSR mtval (0x343) <- 0x0000028000000414
CSR mepc (0x341) <- 0x00000300800013CC

clint mtime 0x00000000000004EE (mip.MTI <- 0b1, mip.STI <- 0b0)
mem[X,0x0000000080002500] -> 0x006F
mem[X,0x0000000080002502] -> 0x1000
[2524] [M]: 0x0000000080002500 (0x1000006F) jal x0, 0x100                           Mtrampoline+0

mem[X,0x0000000080002600] -> 0x1173
mem[X,0x0000000080002602] -> 0x3401
[2525] [M]: 0x0000000080002600 (0x34011173) csrrw x2, mscratch, x2                  trap_Mhandler+0
CSR mscratch (0x340) <- 0x0000000000000000
x2 <- 0x0000000080005000

clint mtime 0x00000000000004EF (mip.MTI <- 0b1, mip.STI <- 0b0)
mem[X,0x0000000080002604] -> 0x3423
mem[X,0x0000000080002606] -> 0x28B1
[2526] [M]: 0x0000000080002604 (0x28B13423) sd x11, 0x288(x2)                       trap_Mhandler+4
mem[W,0x0000000080005288] <- 0x00000000000000C9

mem[X,0x0000000080002608] -> 0x05EF
mem[X,0x000000008000260A] -> 0x0B80
[2527] [M]: 0x0000000080002608 (0x0B8005EF) jal x11, 0xb8                           trap_Mhandler+8
x11 <- 0x000000008000260C

clint mtime 0x00000000000004F0 (mip.MTI <- 0b1, mip.STI <- 0b0)
mem[X,0x00000000800026C0] -> 0x3023
mem[X,0x00000000800026C2] -> 0x28A1
[2528] [M]: 0x00000000800026C0 (0x28A13023) sd x10, 0x280(x2)                       common_Mhandler+0
mem[W,0x0000000080005280] <- 0x00000000200000C9

mem[X,0x00000000800026C4] -> 0x1573
mem[X,0x00000000800026C6] -> 0x3401
[2529] [M]: 0x00000000800026C4 (0x34011573) csrrw x10, mscratch, x2                 common_Mhandler+4
CSR mscratch (0x340) <- 0x0000000080005000
x10 <- 0x0000000000000000

clint mtime 0x00000000000004F1 (mip.MTI <- 0b1, mip.STI <- 0b0)
mem[X,0x00000000800026C8] -> 0x3823
mem[X,0x00000000800026CA] -> 0x28A1
[2530] [M]: 0x00000000800026C8 (0x28A13823) sd x10, 0x290(x2)                       common_Mhandler+8
mem[W,0x0000000080005290] <- 0x0000000000000000

mem[X,0x00000000800026CC] -> 0x3503
mem[X,0x00000000800026CE] -> 0x2301
[2531] [M]: 0x00000000800026CC (0x23013503) ld x10, 0x230(x2)                       common_Mhandler+12
mem[R,0x0000000080005230] -> 0x00000000800026D4
x10 <- 0x00000000800026D4

clint mtime 0x00000000000004F2 (mip.MTI <- 0b1, mip.STI <- 0b0)
mem[X,0x00000000800026D0] -> 0x0067
mem[X,0x00000000800026D2] -> 0x0005
[2532] [M]: 0x00000000800026D0 (0x00050067) jalr x0, 0x0(x10)                       common_Mhandler+16

mem[X,0x00000000800026D4] -> 0x3C23
mem[X,0x00000000800026D6] -> 0x2691
[2533] [M]: 0x00000000800026D4 (0x26913C23) sd x9, 0x278(x2)                        common_Mentry+0
mem[W,0x0000000080005278] <- 0x0000030000000148

clint mtime 0x00000000000004F3 (mip.MTI <- 0b1, mip.STI <- 0b0)
mem[X,0x00000000800026D8] -> 0x3823
mem[X,0x00000000800026DA] -> 0x2681
[2534] [M]: 0x00000000800026D8 (0x26813823) sd x8, 0x270(x2)                        common_Mentry+4
mem[W,0x0000000080005270] <- 0x0000000000007F76

mem[X,0x00000000800026DC] -> 0x3423
mem[X,0x00000000800026DE] -> 0x2671
[2535] [M]: 0x00000000800026DC (0x26713423) sd x7, 0x268(x2)                        common_Mentry+8
mem[W,0x0000000080005268] <- 0x0000000080005000

clint mtime 0x00000000000004F4 (mip.MTI <- 0b1, mip.STI <- 0b0)
mem[X,0x00000000800026E0] -> 0x3023
mem[X,0x00000000800026E2] -> 0x2661
[2536] [M]: 0x00000000800026E0 (0x26613023) sd x6, 0x260(x2)                        common_Mentry+12
mem[W,0x0000000080005260] <- 0xFFFFFFFF7FFFEDAC

mem[X,0x00000000800026E4] -> 0x2573
mem[X,0x00000000800026E6] -> 0x3420
[2537] [M]: 0x00000000800026E4 (0x34202573) csrrs x10, mcause, x0                   spcl_M2mmode_test+0
CSR mcause (0x342) -> 0x000000000000000F
x10 <- 0x000000000000000F

clint mtime 0x00000000000004F5 (mip.MTI <- 0b1, mip.STI <- 0b0)
mem[X,0x00000000800026E8] -> 0x04B7
mem[X,0x00000000800026EA] -> 0x8000
[2538] [M]: 0x00000000800026E8 (0x800004B7) lui x9, -0x80000                        spcl_M2mmode_test+4
x9 <- 0xFFFFFFFF80000000

mem[X,0x00000000800026EC] -> 0x8493
mem[X,0x00000000800026EE] -> 0x0004
[2539] [M]: 0x00000000800026EC (0x00048493) addi x9, x9, 0x0                        spcl_M2mmode_test+8
x9 <- 0xFFFFFFFF80000000

clint mtime 0x00000000000004F6 (mip.MTI <- 0b1, mip.STI <- 0b0)
mem[X,0x00000000800026F0] -> 0x9493
mem[X,0x00000000800026F2] -> 0x00B4
[2540] [M]: 0x00000000800026F0 (0x00B49493) slli x9, x9, 0xb                        spcl_M2mmode_test+12
x9 <- 0xFFFFFC0000000000

mem[X,0x00000000800026F4] -> 0x8493
mem[X,0x00000000800026F6] -> 0x0004
[2541] [M]: 0x00000000800026F4 (0x00048493) addi x9, x9, 0x0                        spcl_M2mmode_test+16
x9 <- 0xFFFFFC0000000000

clint mtime 0x00000000000004F7 (mip.MTI <- 0b1, mip.STI <- 0b0)
mem[X,0x00000000800026F8] -> 0x9493
mem[X,0x00000000800026FA] -> 0x00B4
[2542] [M]: 0x00000000800026F8 (0x00B49493) slli x9, x9, 0xb                        spcl_M2mmode_test+20
x9 <- 0xFFE0000000000000

mem[X,0x00000000800026FC] -> 0x8493
mem[X,0x00000000800026FE] -> 0x0034
[2543] [M]: 0x00000000800026FC (0x00348493) addi x9, x9, 0x3                        spcl_M2mmode_test+24
x9 <- 0xFFE0000000000003

clint mtime 0x00000000000004F8 (mip.MTI <- 0b1, mip.STI <- 0b0)
mem[X,0x0000000080002700] -> 0x9493
mem[X,0x0000000080002702] -> 0x00A4
[2544] [M]: 0x0000000080002700 (0x00A49493) slli x9, x9, 0xa                        spcl_M2mmode_test+28
x9 <- 0x8000000000000C00

mem[X,0x0000000080002704] -> 0x8493
mem[X,0x0000000080002706] -> 0x3FC4
[2545] [M]: 0x0000000080002704 (0x3FC48493) addi x9, x9, 0x3fc                      spcl_M2mmode_test+32
x9 <- 0x8000000000000FFC

clint mtime 0x00000000000004F9 (mip.MTI <- 0b1, mip.STI <- 0b0)
mem[X,0x0000000080002708] -> 0xF4B3
mem[X,0x000000008000270A] -> 0x00A4
[2546] [M]: 0x0000000080002708 (0x00A4F4B3) and x9, x9, x10                         spcl_M2mmode_test+36
x9 <- 0x000000000000000C

mem[X,0x000000008000270C] -> 0x8493
mem[X,0x000000008000270E] -> 0xFF84
[2547] [M]: 0x000000008000270C (0xFF848493) addi x9, x9, -0x8                       spcl_M2mmode_test+40
x9 <- 0x0000000000000004

clint mtime 0x00000000000004FA (mip.MTI <- 0b1, mip.STI <- 0b0)
mem[X,0x0000000080002710] -> 0x9663
mem[X,0x0000000080002712] -> 0x0004
[2548] [M]: 0x0000000080002710 (0x00049663) bne x9, x0, 0xc                         spcl_M2mmode_test+44

mem[X,0x000000008000271C] -> 0x0393
mem[X,0x000000008000271E] -> 0x0200
[2549] [M]: 0x000000008000271C (0x02000393) addi x7, x0, 0x20                       Mtrapsig_ptr_upd+0
x7 <- 0x0000000000000020

clint mtime 0x00000000000004FB (mip.MTI <- 0b1, mip.STI <- 0b0)
mem[X,0x0000000080002720] -> 0x5263
mem[X,0x0000000080002722] -> 0x0405
[2550] [M]: 0x0000000080002720 (0x04055263) bge x10, x0, 0x44                       Mtrapsig_ptr_upd+4

mem[X,0x0000000080002764] -> 0x2373
mem[X,0x0000000080002766] -> 0x3010
[2551] [M]: 0x0000000080002764 (0x30102373) csrrs x6, misa, x0                      Mxcpt_sig_sv+0
CSR misa (0x301) -> 0x800000000034112F
x6 <- 0x800000000034112F

clint mtime 0x00000000000004FC (mip.MTI <- 0b1, mip.STI <- 0b0)
mem[X,0x0000000080002768] -> 0x1313
mem[X,0x000000008000276A] -> 0x0383
[2552] [M]: 0x0000000080002768 (0x03831313) slli x6, x6, 0x38                       Mxcpt_sig_sv+4
x6 <- 0x2F00000000000000

mem[X,0x000000008000276C] -> 0x5463
mem[X,0x000000008000276E] -> 0x0003
[2553] [M]: 0x000000008000276C (0x00035463) bge x6, x0, 0x8                         Mxcpt_sig_sv+8

clint mtime 0x00000000000004FD (mip.MTI <- 0b1, mip.STI <- 0b0)
mem[X,0x0000000080002774] -> 0x3303
mem[X,0x0000000080002776] -> 0x2181
[2554] [M]: 0x0000000080002774 (0x21813303) ld x6, 0x218(x2)                        Mtrap_sig_sv+0
mem[R,0x0000000080005218] -> 0x000000008000A698
x6 <- 0x000000008000A698

mem[X,0x0000000080002778] -> 0x04B3
mem[X,0x000000008000277A] -> 0x0073
[2555] [M]: 0x0000000080002778 (0x007304B3) add x9, x6, x7                          Mtrap_sig_sv+4
x9 <- 0x000000008000A6B8

clint mtime 0x00000000000004FE (mip.MTI <- 0b1, mip.STI <- 0b0)
mem[X,0x000000008000277C] -> 0x3C23
mem[X,0x000000008000277E] -> 0x2091
[2556] [M]: 0x000000008000277C (0x20913C23) sd x9, 0x218(x2)                        Mtrap_sig_sv+8
mem[W,0x0000000080005218] <- 0x000000008000A6B8

mem[X,0x0000000080002780] -> 0x3403
mem[X,0x0000000080002782] -> 0x1F81
[2557] [M]: 0x0000000080002780 (0x1F813403) ld x8, 0x1f8(x2)                        Mtrap_sig_sv+12
mem[R,0x00000000800051F8] -> 0x000000008000A110
x8 <- 0x000000008000A110

clint mtime 0x00000000000004FF (mip.MTI <- 0b1, mip.STI <- 0b0)
mem[X,0x0000000080002784] -> 0x0333
mem[X,0x0000000080002786] -> 0x4083
[2558] [M]: 0x0000000080002784 (0x40830333) sub x6, x6, x8                          Mtrap_sig_sv+16
x6 <- 0x0000000000000588

mem[X,0x0000000080002788] -> 0x3403
mem[X,0x000000008000278A] -> 0x1F81
[2559] [M]: 0x0000000080002788 (0x1F813403) ld x8, 0x1f8(x2)                        Mtrap_sig_sv+20
mem[R,0x00000000800051F8] -> 0x000000008000A110
x8 <- 0x000000008000A110

clint mtime 0x0000000000000500 (mip.MTI <- 0b1, mip.STI <- 0b0)
mem[X,0x000000008000278C] -> 0x0333
mem[X,0x000000008000278E] -> 0x0083
[2560] [M]: 0x000000008000278C (0x00830333) add x6, x6, x8                          Mtrap_sig_sv+24
x6 <- 0x000000008000A698

mem[X,0x0000000080002790] -> 0x3403
mem[X,0x0000000080002792] -> 0x2401
[2561] [M]: 0x0000000080002790 (0x24013403) ld x8, 0x240(x2)                        Mtrap_sig_sv+28
mem[R,0x0000000080005240] -> 0x0000000080002500
x8 <- 0x0000000080002500

clint mtime 0x0000000000000501 (mip.MTI <- 0b1, mip.STI <- 0b0)
mem[X,0x0000000080002794] -> 0x85B3
mem[X,0x0000000080002796] -> 0x4085
[2562] [M]: 0x0000000080002794 (0x408585B3) sub x11, x11, x8                        sv_Mvect+0
x11 <- 0x000000000000010C

mem[X,0x0000000080002798] -> 0x9593
mem[X,0x000000008000279A] -> 0x0045
[2563] [M]: 0x0000000080002798 (0x00459593) slli x11, x11, 0x4                      sv_Mvect+4
x11 <- 0x00000000000010C0

clint mtime 0x0000000000000502 (mip.MTI <- 0b1, mip.STI <- 0b0)
mem[X,0x000000008000279C] -> 0xE5B3
mem[X,0x000000008000279E] -> 0x0075
[2564] [M]: 0x000000008000279C (0x0075E5B3) or x11, x11, x7                         sv_Mvect+8
x11 <- 0x00000000000010E0

mem[X,0x00000000800027A0] -> 0x8593
mem[X,0x00000000800027A2] -> 0x0035
[2565] [M]: 0x00000000800027A0 (0x00358593) addi x11, x11, 0x3                      sv_Mvect+12
x11 <- 0x00000000000010E3

clint mtime 0x0000000000000503 (mip.MTI <- 0b1, mip.STI <- 0b0)
mem[X,0x00000000800027A4] -> 0x3023
mem[X,0x00000000800027A6] -> 0x00B3
[2566] [M]: 0x00000000800027A4 (0x00B33023) sd x11, 0x0(x6)                         sv_Mvect+16
mem[W,0x000000008000A698] <- 0x00000000000010E3

mem[X,0x00000000800027A8] -> 0x3423
mem[X,0x00000000800027AA] -> 0x00A3
[2567] [M]: 0x00000000800027A8 (0x00A33423) sd x10, 0x8(x6)                         sv_Mcause+0
mem[W,0x000000008000A6A0] <- 0x000000000000000F

clint mtime 0x0000000000000504 (mip.MTI <- 0b1, mip.STI <- 0b0)
mem[X,0x00000000800027AC] -> 0x4663
mem[X,0x00000000800027AE] -> 0x1A05
[2568] [M]: 0x00000000800027AC (0x1A054663) blt x10, x0, 0x1ac                      sv_Mcause+4

mem[X,0x00000000800027B0] -> 0x25F3
mem[X,0x00000000800027B2] -> 0x3000
[2569] [M]: 0x00000000800027B0 (0x300025F3) csrrs x11, mstatus, x0                  common_Mexcpt_handler+0
CSR mstatus (0x300) -> 0x0000000A00040800
x11 <- 0x0000000A00040800

clint mtime 0x0000000000000505 (mip.MTI <- 0b1, mip.STI <- 0b0)
mem[X,0x00000000800027B4] -> 0x9413
mem[X,0x00000000800027B6] -> 0x02E5
[2570] [M]: 0x00000000800027B4 (0x02E59413) slli x8, x11, 0x2e                      common_Mexcpt_handler+4
x8 <- 0x0200000000000000

mem[X,0x00000000800027B8] -> 0x5463
mem[X,0x00000000800027BA] -> 0x0004
[2571] [M]: 0x00000000800027B8 (0x00045463) bge x8, x0, 0x8                         common_Mexcpt_handler+8

clint mtime 0x0000000000000506 (mip.MTI <- 0b1, mip.STI <- 0b0)
mem[X,0x00000000800027C0] -> 0xD493
mem[X,0x00000000800027C2] -> 0x00B5
[2572] [M]: 0x00000000800027C0 (0x00B5D493) srli x9, x11, 0xb                       common_Mexcpt_handler+16
x9 <- 0x0000000001400081

mem[X,0x00000000800027C4] -> 0xF493
mem[X,0x00000000800027C6] -> 0x0034
[2573] [M]: 0x00000000800027C4 (0x0034F493) andi x9, x9, 0x3                        common_Mexcpt_handler+20
x9 <- 0x0000000000000001

clint mtime 0x0000000000000507 (mip.MTI <- 0b1, mip.STI <- 0b0)
mem[X,0x00000000800027C8] -> 0x8493
mem[X,0x00000000800027CA] -> 0x0014
[2574] [M]: 0x00000000800027C8 (0x00148493) addi x9, x9, 0x1                        common_Mexcpt_handler+24
x9 <- 0x0000000000000002

mem[X,0x00000000800027CC] -> 0xF493
mem[X,0x00000000800027CE] -> 0x0044
[2575] [M]: 0x00000000800027CC (0x0044F493) andi x9, x9, 0x4                        common_Mexcpt_handler+28
x9 <- 0x0000000000000000

clint mtime 0x0000000000000508 (mip.MTI <- 0b1, mip.STI <- 0b0)
mem[X,0x00000000800027D0] -> 0x0593
mem[X,0x00000000800027D2] -> 0x05D0
[2576] [M]: 0x00000000800027D0 (0x05D00593) addi x11, x0, 0x5d                      common_Mexcpt_handler+32
x11 <- 0x000000000000005D

mem[X,0x00000000800027D4] -> 0xD5B3
mem[X,0x00000000800027D6] -> 0x0095
[2577] [M]: 0x00000000800027D4 (0x0095D5B3) srl x11, x11, x9                        common_Mexcpt_handler+36
x11 <- 0x000000000000005D

clint mtime 0x0000000000000509 (mip.MTI <- 0b1, mip.STI <- 0b0)
mem[X,0x00000000800027D8] -> 0xF593
mem[X,0x00000000800027DA] -> 0x0015
[2578] [M]: 0x00000000800027D8 (0x0015F593) andi x11, x11, 0x1                      common_Mexcpt_handler+40
x11 <- 0x0000000000000001

mem[X,0x00000000800027DC] -> 0x8EE3
mem[X,0x00000000800027DE] -> 0xF405
[2579] [M]: 0x00000000800027DC (0xF4058EE3) beq x11, x0, -0xa4                      common_Mexcpt_handler+44

clint mtime 0x000000000000050A (mip.MTI <- 0b1, mip.STI <- 0b0)
mem[X,0x00000000800027E0] -> 0x0593
mem[X,0x00000000800027E2] -> 0x2980
[2580] [M]: 0x00000000800027E0 (0x29800593) addi x11, x0, 0x298                     common_Mexcpt_handler+48
x11 <- 0x0000000000000298

mem[X,0x00000000800027E4] -> 0xF413
mem[X,0x00000000800027E6] -> 0x0014
[2581] [M]: 0x00000000800027E4 (0x0014F413) andi x8, x9, 0x1                        common_Mexcpt_handler+52
x8 <- 0x0000000000000000

clint mtime 0x000000000000050B (mip.MTI <- 0b1, mip.STI <- 0b0)
mem[X,0x00000000800027E8] -> 0x95B3
mem[X,0x00000000800027EA] -> 0x0085
[2582] [M]: 0x00000000800027E8 (0x008595B3) sll x11, x11, x8                        common_Mexcpt_handler+56
x11 <- 0x0000000000000298

mem[X,0x00000000800027EC] -> 0x9413
mem[X,0x00000000800027EE] -> 0x03D4
[2583] [M]: 0x00000000800027EC (0x03D49413) slli x8, x9, 0x3d                       common_Mexcpt_handler+60
x8 <- 0x0000000000000000

clint mtime 0x000000000000050C (mip.MTI <- 0b1, mip.STI <- 0b0)
mem[X,0x00000000800027F0] -> 0x5413
mem[X,0x00000000800027F2] -> 0x43F4
[2584] [M]: 0x00000000800027F0 (0x43F45413) srai x8, x8, 0x3f                       common_Mexcpt_handler+64
x8 <- 0x0000000000000000

mem[X,0x00000000800027F4] -> 0x4413
mem[X,0x00000000800027F6] -> 0xFFF4
[2585] [M]: 0x00000000800027F4 (0xFFF44413) xori x8, x8, -0x1                       common_Mexcpt_handler+68
x8 <- 0xFFFFFFFFFFFFFFFF

clint mtime 0x000000000000050D (mip.MTI <- 0b1, mip.STI <- 0b0)
mem[X,0x00000000800027F8] -> 0xF4B3
mem[X,0x00000000800027FA] -> 0x0085
[2586] [M]: 0x00000000800027F8 (0x0085F4B3) and x9, x11, x8                         common_Mexcpt_handler+72
x9 <- 0x0000000000000298

mem[X,0x00000000800027FC] -> 0x84B3
mem[X,0x00000000800027FE] -> 0x0024
[2587] [M]: 0x00000000800027FC (0x002484B3) add x9, x9, x2                          vmem_adj_Mepc+0
x9 <- 0x0000000080005298

clint mtime 0x000000000000050E (mip.MTI <- 0b1, mip.STI <- 0b0)
mem[X,0x0000000080002800] -> 0x23F3
mem[X,0x0000000080002802] -> 0x3410
[2588] [M]: 0x0000000080002800 (0x341023F3) csrrs x7, mepc, x0                      vmem_adj_Mepc+4
CSR mepc (0x341) -> 0x00000300800013CC
x7 <- 0x00000300800013CC

mem[X,0x0000000080002804] -> 0x0413
mem[X,0x0000000080002806] -> 0x0004
[2589] [M]: 0x0000000080002804 (0x00040413) addi x8, x8, 0x0                        vmem_adj_Mepc+8
x8 <- 0xFFFFFFFFFFFFFFFF

clint mtime 0x000000000000050F (mip.MTI <- 0b1, mip.STI <- 0b0)
mem[X,0x0000000080002808] -> 0x006F
mem[X,0x000000008000280A] -> 0x0400
[2590] [M]: 0x0000000080002808 (0x0400006F) jal x0, 0x40                            vmem_adj_Mepc+12

mem[X,0x0000000080002848] -> 0x8433
mem[X,0x000000008000284A] -> 0x4083
[2591] [M]: 0x0000000080002848 (0x40838433) sub x8, x7, x8                          adj_Mepc+0
x8 <- 0x00000300800013CD

clint mtime 0x0000000000000510 (mip.MTI <- 0b1, mip.STI <- 0b0)
mem[X,0x000000008000284C] -> 0x3823
mem[X,0x000000008000284E] -> 0x0083
[2592] [M]: 0x000000008000284C (0x00833823) sd x8, 0x10(x6)                         sv_Mepc+0
mem[W,0x000000008000A6A8] <- 0x00000300800013CD

mem[X,0x0000000080002850] -> 0x55B7
mem[X,0x0000000080002852] -> 0x0000
[2593] [M]: 0x0000000080002850 (0x000055B7) lui x11, 0x5                            sv_Mepc+4
x11 <- 0x0000000000005000

clint mtime 0x0000000000000511 (mip.MTI <- 0b1, mip.STI <- 0b0)
mem[X,0x0000000080002854] -> 0x8593
mem[X,0x0000000080002856] -> 0x6675
[2594] [M]: 0x0000000080002854 (0x66758593) addi x11, x11, 0x667                    sv_Mepc+8
x11 <- 0x0000000000005667

mem[X,0x0000000080002858] -> 0x9593
mem[X,0x000000008000285A] -> 0x0015
[2595] [M]: 0x0000000080002858 (0x00159593) slli x11, x11, 0x1                      sv_Mepc+12
x11 <- 0x000000000000ACCE

clint mtime 0x0000000000000512 (mip.MTI <- 0b1, mip.STI <- 0b0)
mem[X,0x000000008000285C] -> 0x9063
mem[X,0x000000008000285E] -> 0x02B1
[2596] [M]: 0x000000008000285C (0x02B19063) bne x3, x11, 0x20                       sv_Mepc+16

mem[X,0x0000000080002860] -> 0x2473
mem[X,0x0000000080002862] -> 0x3420
[2597] [M]: 0x0000000080002860 (0x34202473) csrrs x8, mcause, x0                    sv_Mepc+20
CSR mcause (0x342) -> 0x000000000000000F
x8 <- 0x000000000000000F

clint mtime 0x0000000000000513 (mip.MTI <- 0b1, mip.STI <- 0b0)
mem[X,0x0000000080002864] -> 0x0593
mem[X,0x0000000080002866] -> 0x00C0
[2598] [M]: 0x0000000080002864 (0x00C00593) addi x11, x0, 0xc                       sv_Mepc+24
x11 <- 0x000000000000000C

mem[X,0x0000000080002868] -> 0x0663
mem[X,0x000000008000286A] -> 0x00B4
[2599] [M]: 0x0000000080002868 (0x00B40663) beq x8, x11, 0xc                        sv_Mepc+28

clint mtime 0x0000000000000514 (mip.MTI <- 0b1, mip.STI <- 0b0)
mem[X,0x000000008000286C] -> 0x0593
mem[X,0x000000008000286E] -> 0x0010
[2600] [M]: 0x000000008000286C (0x00100593) addi x11, x0, 0x1                       sv_Mepc+32
x11 <- 0x0000000000000001

mem[X,0x0000000080002870] -> 0x1663
mem[X,0x0000000080002872] -> 0x00B4
[2601] [M]: 0x0000000080002870 (0x00B41663) bne x8, x11, 0xc                        sv_Mepc+36

clint mtime 0x0000000000000515 (mip.MTI <- 0b1, mip.STI <- 0b0)
mem[X,0x000000008000287C] -> 0xF593
mem[X,0x000000008000287E] -> 0xFFC3
[2602] [M]: 0x000000008000287C (0xFFC3F593) andi x11, x7, -0x4                      adj_Mepc_rtn+0
x11 <- 0x00000300800013CC

mem[X,0x0000000080002880] -> 0x8593
mem[X,0x0000000080002882] -> 0x0085
[2603] [M]: 0x0000000080002880 (0x00858593) addi x11, x11, 0x8                      adj_Mepc_rtn+4
x11 <- 0x00000300800013D4

clint mtime 0x0000000000000516 (mip.MTI <- 0b1, mip.STI <- 0b0)
mem[X,0x0000000080002884] -> 0x9073
mem[X,0x0000000080002886] -> 0x3415
[2604] [M]: 0x0000000080002884 (0x34159073) csrrw x0, mepc, x11                     adj_Mepc_rtn+8
CSR mepc (0x341) <- 0x00000300800013D4

mem[X,0x0000000080002888] -> 0x23F3
mem[X,0x000000008000288A] -> 0x3430
[2605] [M]: 0x0000000080002888 (0x343023F3) csrrs x7, mtval, x0                     skp_adj_Mepc+0
CSR mtval (0x343) -> 0x0000028000000414
x7 <- 0x0000028000000414

clint mtime 0x0000000000000517 (mip.MTI <- 0b1, mip.STI <- 0b0)
mem[X,0x000000008000288C] -> 0x0413
mem[X,0x000000008000288E] -> 0x0004
[2606] [M]: 0x000000008000288C (0x00040413) addi x8, x8, 0x0                        skp_adj_Mepc+4
x8 <- 0x000000000000000F

mem[X,0x0000000080002890] -> 0x006F
mem[X,0x0000000080002892] -> 0x0840
[2607] [M]: 0x0000000080002890 (0x0840006F) jal x0, 0x84                            skp_adj_Mepc+8

clint mtime 0x0000000000000518 (mip.MTI <- 0b1, mip.STI <- 0b0)
mem[X,0x0000000080002914] -> 0x8433
mem[X,0x0000000080002916] -> 0x4083
[2608] [M]: 0x0000000080002914 (0x40838433) sub x8, x7, x8                          adj_Mtval+0
x8 <- 0x0000028000000405

mem[X,0x0000000080002918] -> 0x3C23
mem[X,0x000000008000291A] -> 0x0083
[2609] [M]: 0x0000000080002918 (0x00833C23) sd x8, 0x18(x6)                         sv_Mtval+0
mem[W,0x000000008000A6B0] <- 0x0000028000000405

clint mtime 0x0000000000000519 (mip.MTI <- 0b1, mip.STI <- 0b0)
mem[X,0x000000008000291C] -> 0x3483
mem[X,0x000000008000291E] -> 0x2181
[2610] [M]: 0x000000008000291C (0x21813483) ld x9, 0x218(x2)                        skp_Mtval+0
mem[R,0x0000000080005218] -> 0x000000008000A6B8
x9 <- 0x000000008000A6B8

mem[X,0x0000000080002920] -> 0x3383
mem[X,0x0000000080002922] -> 0x1F81
[2611] [M]: 0x0000000080002920 (0x1F813383) ld x7, 0x1f8(x2)                        skp_Mtval+4
mem[R,0x00000000800051F8] -> 0x000000008000A110
x7 <- 0x000000008000A110

clint mtime 0x000000000000051A (mip.MTI <- 0b1, mip.STI <- 0b0)
mem[X,0x0000000080002924] -> 0x3303
mem[X,0x0000000080002926] -> 0x2001
[2612] [M]: 0x0000000080002924 (0x20013303) ld x6, 0x200(x2)                        skp_Mtval+8
mem[R,0x0000000080005200] -> 0x0000000000000610
x6 <- 0x0000000000000610

mem[X,0x0000000080002928] -> 0x0333
mem[X,0x000000008000292A] -> 0x0073
[2613] [M]: 0x0000000080002928 (0x00730333) add x6, x6, x7                          skp_Mtval+12
x6 <- 0x000000008000A720

clint mtime 0x000000000000051B (mip.MTI <- 0b1, mip.STI <- 0b0)
mem[X,0x000000008000292C] -> 0x6AE3
mem[X,0x000000008000292E] -> 0xAE93
[2614] [M]: 0x000000008000292C (0xAE936AE3) bltu x6, x9, -0x50c                     skp_Mtval+16

mem[X,0x0000000080002930] -> 0x0393
mem[X,0x0000000080002932] -> 0x2000
[2615] [M]: 0x0000000080002930 (0x20000393) addi x7, x0, 0x200                      skp_Mtval+20
x7 <- 0x0000000000000200

clint mtime 0x000000000000051C (mip.MTI <- 0b1, mip.STI <- 0b0)
mem[X,0x0000000080002934] -> 0x006F
mem[X,0x0000000080002936] -> 0x0400
[2616] [M]: 0x0000000080002934 (0x0400006F) jal x0, 0x40                            skp_Mtval+24

mem[X,0x0000000080002974] -> 0x0417
mem[X,0x0000000080002976] -> 0x0000
[2617] [M]: 0x0000000080002974 (0x00000417) auipc x8, 0x0                           spcl_Mhandler+0
x8 <- 0x0000000080002974

clint mtime 0x000000000000051D (mip.MTI <- 0b1, mip.STI <- 0b0)
mem[X,0x0000000080002978] -> 0x0413
mem[X,0x000000008000297A] -> 0x03C4
[2618] [M]: 0x0000000080002978 (0x03C40413) addi x8, x8, 0x3c                       spcl_Mhandler+4
x8 <- 0x00000000800029B0

mem[X,0x000000008000297C] -> 0x0433
mem[X,0x000000008000297E] -> 0x0074
[2619] [M]: 0x000000008000297C (0x00740433) add x8, x8, x7                          spcl_Mhandler+8
x8 <- 0x0000000080002BB0

clint mtime 0x000000000000051E (mip.MTI <- 0b1, mip.STI <- 0b0)
mem[X,0x0000000080002980] -> 0x1393
mem[X,0x0000000080002982] -> 0x0035
[2620] [M]: 0x0000000080002980 (0x00351393) slli x7, x10, 0x3                       spcl_Mhandler+12
x7 <- 0x0000000000000078

mem[X,0x0000000080002984] -> 0x0433
mem[X,0x0000000080002986] -> 0x0074
[2621] [M]: 0x0000000080002984 (0x00740433) add x8, x8, x7                          spcl_Mhandler+16
x8 <- 0x0000000080002C28

clint mtime 0x000000000000051F (mip.MTI <- 0b1, mip.STI <- 0b0)
mem[X,0x0000000080002988] -> 0x7413
mem[X,0x000000008000298A] -> 0xFF84
[2622] [M]: 0x0000000080002988 (0xFF847413) andi x8, x8, -0x8                       spcl_Mhandler+20
x8 <- 0x0000000080002C28

mem[X,0x000000008000298C] -> 0x3403
mem[X,0x000000008000298E] -> 0x0004
[2623] [M]: 0x000000008000298C (0x00043403) ld x8, 0x0(x8)                          spcl_Mhandler+24
mem[R,0x0000000080002C28] -> 0x000000000000001F
x8 <- 0x000000000000001F

clint mtime 0x0000000000000520 (mip.MTI <- 0b1, mip.STI <- 0b0)
mem[X,0x0000000080002990] -> 0x02E3
mem[X,0x0000000080002992] -> 0xB204
[2624] [M]: 0x0000000080002990 (0xB20402E3) beq x8, x0, -0x4dc                      spcl_Mdispatch_hndling+0

mem[X,0x0000000080002994] -> 0x1393
mem[X,0x0000000080002996] -> 0x03F4
[2625] [M]: 0x0000000080002994 (0x03F41393) slli x7, x8, 0x3f                       spcl_Mdispatch_hndling+4
x7 <- 0x8000000000000000

clint mtime 0x0000000000000521 (mip.MTI <- 0b1, mip.STI <- 0b0)
mem[X,0x0000000080002998] -> 0xD863
mem[X,0x000000008000299A] -> 0x0003
[2626] [M]: 0x0000000080002998 (0x0003D863) bge x7, x0, 0x10                        spcl_Mdispatch_hndling+8

mem[X,0x000000008000299C] -> 0x5413
mem[X,0x000000008000299E] -> 0x0014
[2627] [M]: 0x000000008000299C (0x00145413) srli x8, x8, 0x1                        spcl_Mdispatch_hndling+12
x8 <- 0x000000000000000F

clint mtime 0x0000000000000522 (mip.MTI <- 0b1, mip.STI <- 0b0)
mem[X,0x00000000800029A0] -> 0x0CE3
mem[X,0x00000000800029A2] -> 0xF885
[2628] [M]: 0x00000000800029A0 (0xF8850CE3) beq x10, x8, -0x68                      spcl_Mdispatch_hndling+16

mem[X,0x0000000080002938] -> 0x3303
mem[X,0x000000008000293A] -> 0x2601
[2629] [M]: 0x0000000080002938 (0x26013303) ld x6, 0x260(x2)                        resto_Mrtn+0
mem[R,0x0000000080005260] -> 0xFFFFFFFF7FFFEDAC
x6 <- 0xFFFFFFFF7FFFEDAC

clint mtime 0x0000000000000523 (mip.MTI <- 0b1, mip.STI <- 0b0)
mem[X,0x000000008000293C] -> 0x3383
mem[X,0x000000008000293E] -> 0x2681
[2630] [M]: 0x000000008000293C (0x26813383) ld x7, 0x268(x2)                        resto_Mrtn+4
mem[R,0x0000000080005268] -> 0x0000000080005000
x7 <- 0x0000000080005000

mem[X,0x0000000080002940] -> 0x3403
mem[X,0x0000000080002942] -> 0x2701
[2631] [M]: 0x0000000080002940 (0x27013403) ld x8, 0x270(x2)                        resto_Mrtn+8
mem[R,0x0000000080005270] -> 0x0000000000007F76
x8 <- 0x0000000000007F76

clint mtime 0x0000000000000524 (mip.MTI <- 0b1, mip.STI <- 0b0)
mem[X,0x0000000080002944] -> 0x3483
mem[X,0x0000000080002946] -> 0x2781
[2632] [M]: 0x0000000080002944 (0x27813483) ld x9, 0x278(x2)                        resto_Mrtn+12
mem[R,0x0000000080005278] -> 0x0000030000000148
x9 <- 0x0000030000000148

mem[X,0x0000000080002948] -> 0x3503
mem[X,0x000000008000294A] -> 0x2801
[2633] [M]: 0x0000000080002948 (0x28013503) ld x10, 0x280(x2)                       resto_Mrtn+16
mem[R,0x0000000080005280] -> 0x00000000200000C9
x10 <- 0x00000000200000C9

clint mtime 0x0000000000000525 (mip.MTI <- 0b1, mip.STI <- 0b0)
mem[X,0x000000008000294C] -> 0x3583
mem[X,0x000000008000294E] -> 0x2881
[2634] [M]: 0x000000008000294C (0x28813583) ld x11, 0x288(x2)                       resto_Mrtn+20
mem[R,0x0000000080005288] -> 0x00000000000000C9
x11 <- 0x00000000000000C9

mem[X,0x0000000080002950] -> 0x3103
mem[X,0x0000000080002952] -> 0x2901
[2635] [M]: 0x0000000080002950 (0x29013103) ld x2, 0x290(x2)                        resto_Mrtn+24
mem[R,0x0000000080005290] -> 0x0000000000000000
x2 <- 0x0000000000000000

clint mtime 0x0000000000000526 (mip.MTI <- 0b1, mip.STI <- 0b0)
mem[X,0x0000000080002954] -> 0x0073
mem[X,0x0000000080002956] -> 0x3020
[2636] [M]: 0x0000000080002954 (0x30200073) mret                                    resto_Mrtn+28
CSR mstatus (0x300) <- 0x0000000A00040080
ret-ing from M to S

PTW: Start, vpn=0x30080001, access_type=X, privilege=Smem[R,0x0000000080009030] -> 0x00000000000000CB
PTW: Step, level=3, pte=0xCB, pte_addr=0x80009030
PTW: Success, final_ppn=0x80001, level=3mem[X,0x00000000800013D4] -> 0xA703
PTW: Start, vpn=0x30080001, access_type=X, privilege=Smem[R,0x0000000080009030] -> 0x00000000000000CB
PTW: Step, level=3, pte=0xCB, pte_addr=0x80009030
PTW: Success, final_ppn=0x80001, level=3mem[X,0x00000000800013D6] -> 0x0147
[2637] [S]: 0x00000300800013D4 (0x0147A703) lw x14, 0x14(x15)                       va_rvtest_code_begin+3096
PTW: Start, vpn=0x28000000, access_type=R, privilege=Smem[R,0x0000000080009028] -> 0x0000000020002001
PTW: Step, level=3, pte=0x20002001, pte_addr=0x80009028
PTW: Start, vpn=0x28000000, access_type=R, privilege=Smem[R,0x0000000080008000] -> 0x00000000200000C9
PTW: Step, level=2, pte=0x200000C9, pte_addr=0x80008000
PTW: failed, error=no-permission, level=2, pte_addr=0x80008000
trapping from S to M to handle load-page-fault
handling exc#load-page-fault at priv M with tval 0x0000028000000414
CSR mstatus (0x300) <- 0x0000000A00040800
CSR mcause (0x342) <- 0x000000000000000D
CSR mtval (0x343) <- 0x0000028000000414
CSR mepc (0x341) <- 0x00000300800013D4

clint mtime 0x0000000000000527 (mip.MTI <- 0b1, mip.STI <- 0b0)
mem[X,0x0000000080002500] -> 0x006F
mem[X,0x0000000080002502] -> 0x1000
[2638] [M]: 0x0000000080002500 (0x1000006F) jal x0, 0x100                           Mtrampoline+0

mem[X,0x0000000080002600] -> 0x1173
mem[X,0x0000000080002602] -> 0x3401
[2639] [M]: 0x0000000080002600 (0x34011173) csrrw x2, mscratch, x2                  trap_Mhandler+0
CSR mscratch (0x340) <- 0x0000000000000000
x2 <- 0x0000000080005000

clint mtime 0x0000000000000528 (mip.MTI <- 0b1, mip.STI <- 0b0)
mem[X,0x0000000080002604] -> 0x3423
mem[X,0x0000000080002606] -> 0x28B1
[2640] [M]: 0x0000000080002604 (0x28B13423) sd x11, 0x288(x2)                       trap_Mhandler+4
mem[W,0x0000000080005288] <- 0x00000000000000C9

mem[X,0x0000000080002608] -> 0x05EF
mem[X,0x000000008000260A] -> 0x0B80
[2641] [M]: 0x0000000080002608 (0x0B8005EF) jal x11, 0xb8                           trap_Mhandler+8
x11 <- 0x000000008000260C

clint mtime 0x0000000000000529 (mip.MTI <- 0b1, mip.STI <- 0b0)
mem[X,0x00000000800026C0] -> 0x3023
mem[X,0x00000000800026C2] -> 0x28A1
[2642] [M]: 0x00000000800026C0 (0x28A13023) sd x10, 0x280(x2)                       common_Mhandler+0
mem[W,0x0000000080005280] <- 0x00000000200000C9

mem[X,0x00000000800026C4] -> 0x1573
mem[X,0x00000000800026C6] -> 0x3401
[2643] [M]: 0x00000000800026C4 (0x34011573) csrrw x10, mscratch, x2                 common_Mhandler+4
CSR mscratch (0x340) <- 0x0000000080005000
x10 <- 0x0000000000000000

clint mtime 0x000000000000052A (mip.MTI <- 0b1, mip.STI <- 0b0)
mem[X,0x00000000800026C8] -> 0x3823
mem[X,0x00000000800026CA] -> 0x28A1
[2644] [M]: 0x00000000800026C8 (0x28A13823) sd x10, 0x290(x2)                       common_Mhandler+8
mem[W,0x0000000080005290] <- 0x0000000000000000

mem[X,0x00000000800026CC] -> 0x3503
mem[X,0x00000000800026CE] -> 0x2301
[2645] [M]: 0x00000000800026CC (0x23013503) ld x10, 0x230(x2)                       common_Mhandler+12
mem[R,0x0000000080005230] -> 0x00000000800026D4
x10 <- 0x00000000800026D4

clint mtime 0x000000000000052B (mip.MTI <- 0b1, mip.STI <- 0b0)
mem[X,0x00000000800026D0] -> 0x0067
mem[X,0x00000000800026D2] -> 0x0005
[2646] [M]: 0x00000000800026D0 (0x00050067) jalr x0, 0x0(x10)                       common_Mhandler+16

mem[X,0x00000000800026D4] -> 0x3C23
mem[X,0x00000000800026D6] -> 0x2691
[2647] [M]: 0x00000000800026D4 (0x26913C23) sd x9, 0x278(x2)                        common_Mentry+0
mem[W,0x0000000080005278] <- 0x0000030000000148

clint mtime 0x000000000000052C (mip.MTI <- 0b1, mip.STI <- 0b0)
mem[X,0x00000000800026D8] -> 0x3823
mem[X,0x00000000800026DA] -> 0x2681
[2648] [M]: 0x00000000800026D8 (0x26813823) sd x8, 0x270(x2)                        common_Mentry+4
mem[W,0x0000000080005270] <- 0x0000000000007F76

mem[X,0x00000000800026DC] -> 0x3423
mem[X,0x00000000800026DE] -> 0x2671
[2649] [M]: 0x00000000800026DC (0x26713423) sd x7, 0x268(x2)                        common_Mentry+8
mem[W,0x0000000080005268] <- 0x0000000080005000

clint mtime 0x000000000000052D (mip.MTI <- 0b1, mip.STI <- 0b0)
mem[X,0x00000000800026E0] -> 0x3023
mem[X,0x00000000800026E2] -> 0x2661
[2650] [M]: 0x00000000800026E0 (0x26613023) sd x6, 0x260(x2)                        common_Mentry+12
mem[W,0x0000000080005260] <- 0xFFFFFFFF7FFFEDAC

mem[X,0x00000000800026E4] -> 0x2573
mem[X,0x00000000800026E6] -> 0x3420
[2651] [M]: 0x00000000800026E4 (0x34202573) csrrs x10, mcause, x0                   spcl_M2mmode_test+0
CSR mcause (0x342) -> 0x000000000000000D
x10 <- 0x000000000000000D

clint mtime 0x000000000000052E (mip.MTI <- 0b1, mip.STI <- 0b0)
mem[X,0x00000000800026E8] -> 0x04B7
mem[X,0x00000000800026EA] -> 0x8000
[2652] [M]: 0x00000000800026E8 (0x800004B7) lui x9, -0x80000                        spcl_M2mmode_test+4
x9 <- 0xFFFFFFFF80000000

mem[X,0x00000000800026EC] -> 0x8493
mem[X,0x00000000800026EE] -> 0x0004
[2653] [M]: 0x00000000800026EC (0x00048493) addi x9, x9, 0x0                        spcl_M2mmode_test+8
x9 <- 0xFFFFFFFF80000000

clint mtime 0x000000000000052F (mip.MTI <- 0b1, mip.STI <- 0b0)
mem[X,0x00000000800026F0] -> 0x9493
mem[X,0x00000000800026F2] -> 0x00B4
[2654] [M]: 0x00000000800026F0 (0x00B49493) slli x9, x9, 0xb                        spcl_M2mmode_test+12
x9 <- 0xFFFFFC0000000000

mem[X,0x00000000800026F4] -> 0x8493
mem[X,0x00000000800026F6] -> 0x0004
[2655] [M]: 0x00000000800026F4 (0x00048493) addi x9, x9, 0x0                        spcl_M2mmode_test+16
x9 <- 0xFFFFFC0000000000

clint mtime 0x0000000000000530 (mip.MTI <- 0b1, mip.STI <- 0b0)
mem[X,0x00000000800026F8] -> 0x9493
mem[X,0x00000000800026FA] -> 0x00B4
[2656] [M]: 0x00000000800026F8 (0x00B49493) slli x9, x9, 0xb                        spcl_M2mmode_test+20
x9 <- 0xFFE0000000000000

mem[X,0x00000000800026FC] -> 0x8493
mem[X,0x00000000800026FE] -> 0x0034
[2657] [M]: 0x00000000800026FC (0x00348493) addi x9, x9, 0x3                        spcl_M2mmode_test+24
x9 <- 0xFFE0000000000003

clint mtime 0x0000000000000531 (mip.MTI <- 0b1, mip.STI <- 0b0)
mem[X,0x0000000080002700] -> 0x9493
mem[X,0x0000000080002702] -> 0x00A4
[2658] [M]: 0x0000000080002700 (0x00A49493) slli x9, x9, 0xa                        spcl_M2mmode_test+28
x9 <- 0x8000000000000C00

mem[X,0x0000000080002704] -> 0x8493
mem[X,0x0000000080002706] -> 0x3FC4
[2659] [M]: 0x0000000080002704 (0x3FC48493) addi x9, x9, 0x3fc                      spcl_M2mmode_test+32
x9 <- 0x8000000000000FFC

clint mtime 0x0000000000000532 (mip.MTI <- 0b1, mip.STI <- 0b0)
mem[X,0x0000000080002708] -> 0xF4B3
mem[X,0x000000008000270A] -> 0x00A4
[2660] [M]: 0x0000000080002708 (0x00A4F4B3) and x9, x9, x10                         spcl_M2mmode_test+36
x9 <- 0x000000000000000C

mem[X,0x000000008000270C] -> 0x8493
mem[X,0x000000008000270E] -> 0xFF84
[2661] [M]: 0x000000008000270C (0xFF848493) addi x9, x9, -0x8                       spcl_M2mmode_test+40
x9 <- 0x0000000000000004

clint mtime 0x0000000000000533 (mip.MTI <- 0b1, mip.STI <- 0b0)
mem[X,0x0000000080002710] -> 0x9663
mem[X,0x0000000080002712] -> 0x0004
[2662] [M]: 0x0000000080002710 (0x00049663) bne x9, x0, 0xc                         spcl_M2mmode_test+44

mem[X,0x000000008000271C] -> 0x0393
mem[X,0x000000008000271E] -> 0x0200
[2663] [M]: 0x000000008000271C (0x02000393) addi x7, x0, 0x20                       Mtrapsig_ptr_upd+0
x7 <- 0x0000000000000020

clint mtime 0x0000000000000534 (mip.MTI <- 0b1, mip.STI <- 0b0)
mem[X,0x0000000080002720] -> 0x5263
mem[X,0x0000000080002722] -> 0x0405
[2664] [M]: 0x0000000080002720 (0x04055263) bge x10, x0, 0x44                       Mtrapsig_ptr_upd+4

mem[X,0x0000000080002764] -> 0x2373
mem[X,0x0000000080002766] -> 0x3010
[2665] [M]: 0x0000000080002764 (0x30102373) csrrs x6, misa, x0                      Mxcpt_sig_sv+0
CSR misa (0x301) -> 0x800000000034112F
x6 <- 0x800000000034112F

clint mtime 0x0000000000000535 (mip.MTI <- 0b1, mip.STI <- 0b0)
mem[X,0x0000000080002768] -> 0x1313
mem[X,0x000000008000276A] -> 0x0383
[2666] [M]: 0x0000000080002768 (0x03831313) slli x6, x6, 0x38                       Mxcpt_sig_sv+4
x6 <- 0x2F00000000000000

mem[X,0x000000008000276C] -> 0x5463
mem[X,0x000000008000276E] -> 0x0003
[2667] [M]: 0x000000008000276C (0x00035463) bge x6, x0, 0x8                         Mxcpt_sig_sv+8

clint mtime 0x0000000000000536 (mip.MTI <- 0b1, mip.STI <- 0b0)
mem[X,0x0000000080002774] -> 0x3303
mem[X,0x0000000080002776] -> 0x2181
[2668] [M]: 0x0000000080002774 (0x21813303) ld x6, 0x218(x2)                        Mtrap_sig_sv+0
mem[R,0x0000000080005218] -> 0x000000008000A6B8
x6 <- 0x000000008000A6B8

mem[X,0x0000000080002778] -> 0x04B3
mem[X,0x000000008000277A] -> 0x0073
[2669] [M]: 0x0000000080002778 (0x007304B3) add x9, x6, x7                          Mtrap_sig_sv+4
x9 <- 0x000000008000A6D8

clint mtime 0x0000000000000537 (mip.MTI <- 0b1, mip.STI <- 0b0)
mem[X,0x000000008000277C] -> 0x3C23
mem[X,0x000000008000277E] -> 0x2091
[2670] [M]: 0x000000008000277C (0x20913C23) sd x9, 0x218(x2)                        Mtrap_sig_sv+8
mem[W,0x0000000080005218] <- 0x000000008000A6D8

mem[X,0x0000000080002780] -> 0x3403
mem[X,0x0000000080002782] -> 0x1F81
[2671] [M]: 0x0000000080002780 (0x1F813403) ld x8, 0x1f8(x2)                        Mtrap_sig_sv+12
mem[R,0x00000000800051F8] -> 0x000000008000A110
x8 <- 0x000000008000A110

clint mtime 0x0000000000000538 (mip.MTI <- 0b1, mip.STI <- 0b0)
mem[X,0x0000000080002784] -> 0x0333
mem[X,0x0000000080002786] -> 0x4083
[2672] [M]: 0x0000000080002784 (0x40830333) sub x6, x6, x8                          Mtrap_sig_sv+16
x6 <- 0x00000000000005A8

mem[X,0x0000000080002788] -> 0x3403
mem[X,0x000000008000278A] -> 0x1F81
[2673] [M]: 0x0000000080002788 (0x1F813403) ld x8, 0x1f8(x2)                        Mtrap_sig_sv+20
mem[R,0x00000000800051F8] -> 0x000000008000A110
x8 <- 0x000000008000A110

clint mtime 0x0000000000000539 (mip.MTI <- 0b1, mip.STI <- 0b0)
mem[X,0x000000008000278C] -> 0x0333
mem[X,0x000000008000278E] -> 0x0083
[2674] [M]: 0x000000008000278C (0x00830333) add x6, x6, x8                          Mtrap_sig_sv+24
x6 <- 0x000000008000A6B8

mem[X,0x0000000080002790] -> 0x3403
mem[X,0x0000000080002792] -> 0x2401
[2675] [M]: 0x0000000080002790 (0x24013403) ld x8, 0x240(x2)                        Mtrap_sig_sv+28
mem[R,0x0000000080005240] -> 0x0000000080002500
x8 <- 0x0000000080002500

clint mtime 0x000000000000053A (mip.MTI <- 0b1, mip.STI <- 0b0)
mem[X,0x0000000080002794] -> 0x85B3
mem[X,0x0000000080002796] -> 0x4085
[2676] [M]: 0x0000000080002794 (0x408585B3) sub x11, x11, x8                        sv_Mvect+0
x11 <- 0x000000000000010C

mem[X,0x0000000080002798] -> 0x9593
mem[X,0x000000008000279A] -> 0x0045
[2677] [M]: 0x0000000080002798 (0x00459593) slli x11, x11, 0x4                      sv_Mvect+4
x11 <- 0x00000000000010C0

clint mtime 0x000000000000053B (mip.MTI <- 0b1, mip.STI <- 0b0)
mem[X,0x000000008000279C] -> 0xE5B3
mem[X,0x000000008000279E] -> 0x0075
[2678] [M]: 0x000000008000279C (0x0075E5B3) or x11, x11, x7                         sv_Mvect+8
x11 <- 0x00000000000010E0

mem[X,0x00000000800027A0] -> 0x8593
mem[X,0x00000000800027A2] -> 0x0035
[2679] [M]: 0x00000000800027A0 (0x00358593) addi x11, x11, 0x3                      sv_Mvect+12
x11 <- 0x00000000000010E3

clint mtime 0x000000000000053C (mip.MTI <- 0b1, mip.STI <- 0b0)
mem[X,0x00000000800027A4] -> 0x3023
mem[X,0x00000000800027A6] -> 0x00B3
[2680] [M]: 0x00000000800027A4 (0x00B33023) sd x11, 0x0(x6)                         sv_Mvect+16
mem[W,0x000000008000A6B8] <- 0x00000000000010E3

mem[X,0x00000000800027A8] -> 0x3423
mem[X,0x00000000800027AA] -> 0x00A3
[2681] [M]: 0x00000000800027A8 (0x00A33423) sd x10, 0x8(x6)                         sv_Mcause+0
mem[W,0x000000008000A6C0] <- 0x000000000000000D

clint mtime 0x000000000000053D (mip.MTI <- 0b1, mip.STI <- 0b0)
mem[X,0x00000000800027AC] -> 0x4663
mem[X,0x00000000800027AE] -> 0x1A05
[2682] [M]: 0x00000000800027AC (0x1A054663) blt x10, x0, 0x1ac                      sv_Mcause+4

mem[X,0x00000000800027B0] -> 0x25F3
mem[X,0x00000000800027B2] -> 0x3000
[2683] [M]: 0x00000000800027B0 (0x300025F3) csrrs x11, mstatus, x0                  common_Mexcpt_handler+0
CSR mstatus (0x300) -> 0x0000000A00040800
x11 <- 0x0000000A00040800

clint mtime 0x000000000000053E (mip.MTI <- 0b1, mip.STI <- 0b0)
mem[X,0x00000000800027B4] -> 0x9413
mem[X,0x00000000800027B6] -> 0x02E5
[2684] [M]: 0x00000000800027B4 (0x02E59413) slli x8, x11, 0x2e                      common_Mexcpt_handler+4
x8 <- 0x0200000000000000

mem[X,0x00000000800027B8] -> 0x5463
mem[X,0x00000000800027BA] -> 0x0004
[2685] [M]: 0x00000000800027B8 (0x00045463) bge x8, x0, 0x8                         common_Mexcpt_handler+8

clint mtime 0x000000000000053F (mip.MTI <- 0b1, mip.STI <- 0b0)
mem[X,0x00000000800027C0] -> 0xD493
mem[X,0x00000000800027C2] -> 0x00B5
[2686] [M]: 0x00000000800027C0 (0x00B5D493) srli x9, x11, 0xb                       common_Mexcpt_handler+16
x9 <- 0x0000000001400081

mem[X,0x00000000800027C4] -> 0xF493
mem[X,0x00000000800027C6] -> 0x0034
[2687] [M]: 0x00000000800027C4 (0x0034F493) andi x9, x9, 0x3                        common_Mexcpt_handler+20
x9 <- 0x0000000000000001

clint mtime 0x0000000000000540 (mip.MTI <- 0b1, mip.STI <- 0b0)
mem[X,0x00000000800027C8] -> 0x8493
mem[X,0x00000000800027CA] -> 0x0014
[2688] [M]: 0x00000000800027C8 (0x00148493) addi x9, x9, 0x1                        common_Mexcpt_handler+24
x9 <- 0x0000000000000002

mem[X,0x00000000800027CC] -> 0xF493
mem[X,0x00000000800027CE] -> 0x0044
[2689] [M]: 0x00000000800027CC (0x0044F493) andi x9, x9, 0x4                        common_Mexcpt_handler+28
x9 <- 0x0000000000000000

clint mtime 0x0000000000000541 (mip.MTI <- 0b1, mip.STI <- 0b0)
mem[X,0x00000000800027D0] -> 0x0593
mem[X,0x00000000800027D2] -> 0x05D0
[2690] [M]: 0x00000000800027D0 (0x05D00593) addi x11, x0, 0x5d                      common_Mexcpt_handler+32
x11 <- 0x000000000000005D

mem[X,0x00000000800027D4] -> 0xD5B3
mem[X,0x00000000800027D6] -> 0x0095
[2691] [M]: 0x00000000800027D4 (0x0095D5B3) srl x11, x11, x9                        common_Mexcpt_handler+36
x11 <- 0x000000000000005D

clint mtime 0x0000000000000542 (mip.MTI <- 0b1, mip.STI <- 0b0)
mem[X,0x00000000800027D8] -> 0xF593
mem[X,0x00000000800027DA] -> 0x0015
[2692] [M]: 0x00000000800027D8 (0x0015F593) andi x11, x11, 0x1                      common_Mexcpt_handler+40
x11 <- 0x0000000000000001

mem[X,0x00000000800027DC] -> 0x8EE3
mem[X,0x00000000800027DE] -> 0xF405
[2693] [M]: 0x00000000800027DC (0xF4058EE3) beq x11, x0, -0xa4                      common_Mexcpt_handler+44

clint mtime 0x0000000000000543 (mip.MTI <- 0b1, mip.STI <- 0b0)
mem[X,0x00000000800027E0] -> 0x0593
mem[X,0x00000000800027E2] -> 0x2980
[2694] [M]: 0x00000000800027E0 (0x29800593) addi x11, x0, 0x298                     common_Mexcpt_handler+48
x11 <- 0x0000000000000298

mem[X,0x00000000800027E4] -> 0xF413
mem[X,0x00000000800027E6] -> 0x0014
[2695] [M]: 0x00000000800027E4 (0x0014F413) andi x8, x9, 0x1                        common_Mexcpt_handler+52
x8 <- 0x0000000000000000

clint mtime 0x0000000000000544 (mip.MTI <- 0b1, mip.STI <- 0b0)
mem[X,0x00000000800027E8] -> 0x95B3
mem[X,0x00000000800027EA] -> 0x0085
[2696] [M]: 0x00000000800027E8 (0x008595B3) sll x11, x11, x8                        common_Mexcpt_handler+56
x11 <- 0x0000000000000298

mem[X,0x00000000800027EC] -> 0x9413
mem[X,0x00000000800027EE] -> 0x03D4
[2697] [M]: 0x00000000800027EC (0x03D49413) slli x8, x9, 0x3d                       common_Mexcpt_handler+60
x8 <- 0x0000000000000000

clint mtime 0x0000000000000545 (mip.MTI <- 0b1, mip.STI <- 0b0)
mem[X,0x00000000800027F0] -> 0x5413
mem[X,0x00000000800027F2] -> 0x43F4
[2698] [M]: 0x00000000800027F0 (0x43F45413) srai x8, x8, 0x3f                       common_Mexcpt_handler+64
x8 <- 0x0000000000000000

mem[X,0x00000000800027F4] -> 0x4413
mem[X,0x00000000800027F6] -> 0xFFF4
[2699] [M]: 0x00000000800027F4 (0xFFF44413) xori x8, x8, -0x1                       common_Mexcpt_handler+68
x8 <- 0xFFFFFFFFFFFFFFFF

clint mtime 0x0000000000000546 (mip.MTI <- 0b1, mip.STI <- 0b0)
mem[X,0x00000000800027F8] -> 0xF4B3
mem[X,0x00000000800027FA] -> 0x0085
[2700] [M]: 0x00000000800027F8 (0x0085F4B3) and x9, x11, x8                         common_Mexcpt_handler+72
x9 <- 0x0000000000000298

mem[X,0x00000000800027FC] -> 0x84B3
mem[X,0x00000000800027FE] -> 0x0024
[2701] [M]: 0x00000000800027FC (0x002484B3) add x9, x9, x2                          vmem_adj_Mepc+0
x9 <- 0x0000000080005298

clint mtime 0x0000000000000547 (mip.MTI <- 0b1, mip.STI <- 0b0)
mem[X,0x0000000080002800] -> 0x23F3
mem[X,0x0000000080002802] -> 0x3410
[2702] [M]: 0x0000000080002800 (0x341023F3) csrrs x7, mepc, x0                      vmem_adj_Mepc+4
CSR mepc (0x341) -> 0x00000300800013D4
x7 <- 0x00000300800013D4

mem[X,0x0000000080002804] -> 0x0413
mem[X,0x0000000080002806] -> 0x0004
[2703] [M]: 0x0000000080002804 (0x00040413) addi x8, x8, 0x0                        vmem_adj_Mepc+8
x8 <- 0xFFFFFFFFFFFFFFFF

clint mtime 0x0000000000000548 (mip.MTI <- 0b1, mip.STI <- 0b0)
mem[X,0x0000000080002808] -> 0x006F
mem[X,0x000000008000280A] -> 0x0400
[2704] [M]: 0x0000000080002808 (0x0400006F) jal x0, 0x40                            vmem_adj_Mepc+12

mem[X,0x0000000080002848] -> 0x8433
mem[X,0x000000008000284A] -> 0x4083
[2705] [M]: 0x0000000080002848 (0x40838433) sub x8, x7, x8                          adj_Mepc+0
x8 <- 0x00000300800013D5

clint mtime 0x0000000000000549 (mip.MTI <- 0b1, mip.STI <- 0b0)
mem[X,0x000000008000284C] -> 0x3823
mem[X,0x000000008000284E] -> 0x0083
[2706] [M]: 0x000000008000284C (0x00833823) sd x8, 0x10(x6)                         sv_Mepc+0
mem[W,0x000000008000A6C8] <- 0x00000300800013D5

mem[X,0x0000000080002850] -> 0x55B7
mem[X,0x0000000080002852] -> 0x0000
[2707] [M]: 0x0000000080002850 (0x000055B7) lui x11, 0x5                            sv_Mepc+4
x11 <- 0x0000000000005000

clint mtime 0x000000000000054A (mip.MTI <- 0b1, mip.STI <- 0b0)
mem[X,0x0000000080002854] -> 0x8593
mem[X,0x0000000080002856] -> 0x6675
[2708] [M]: 0x0000000080002854 (0x66758593) addi x11, x11, 0x667                    sv_Mepc+8
x11 <- 0x0000000000005667

mem[X,0x0000000080002858] -> 0x9593
mem[X,0x000000008000285A] -> 0x0015
[2709] [M]: 0x0000000080002858 (0x00159593) slli x11, x11, 0x1                      sv_Mepc+12
x11 <- 0x000000000000ACCE

clint mtime 0x000000000000054B (mip.MTI <- 0b1, mip.STI <- 0b0)
mem[X,0x000000008000285C] -> 0x9063
mem[X,0x000000008000285E] -> 0x02B1
[2710] [M]: 0x000000008000285C (0x02B19063) bne x3, x11, 0x20                       sv_Mepc+16

mem[X,0x0000000080002860] -> 0x2473
mem[X,0x0000000080002862] -> 0x3420
[2711] [M]: 0x0000000080002860 (0x34202473) csrrs x8, mcause, x0                    sv_Mepc+20
CSR mcause (0x342) -> 0x000000000000000D
x8 <- 0x000000000000000D

clint mtime 0x000000000000054C (mip.MTI <- 0b1, mip.STI <- 0b0)
mem[X,0x0000000080002864] -> 0x0593
mem[X,0x0000000080002866] -> 0x00C0
[2712] [M]: 0x0000000080002864 (0x00C00593) addi x11, x0, 0xc                       sv_Mepc+24
x11 <- 0x000000000000000C

mem[X,0x0000000080002868] -> 0x0663
mem[X,0x000000008000286A] -> 0x00B4
[2713] [M]: 0x0000000080002868 (0x00B40663) beq x8, x11, 0xc                        sv_Mepc+28

clint mtime 0x000000000000054D (mip.MTI <- 0b1, mip.STI <- 0b0)
mem[X,0x000000008000286C] -> 0x0593
mem[X,0x000000008000286E] -> 0x0010
[2714] [M]: 0x000000008000286C (0x00100593) addi x11, x0, 0x1                       sv_Mepc+32
x11 <- 0x0000000000000001

mem[X,0x0000000080002870] -> 0x1663
mem[X,0x0000000080002872] -> 0x00B4
[2715] [M]: 0x0000000080002870 (0x00B41663) bne x8, x11, 0xc                        sv_Mepc+36

clint mtime 0x000000000000054E (mip.MTI <- 0b1, mip.STI <- 0b0)
mem[X,0x000000008000287C] -> 0xF593
mem[X,0x000000008000287E] -> 0xFFC3
[2716] [M]: 0x000000008000287C (0xFFC3F593) andi x11, x7, -0x4                      adj_Mepc_rtn+0
x11 <- 0x00000300800013D4

mem[X,0x0000000080002880] -> 0x8593
mem[X,0x0000000080002882] -> 0x0085
[2717] [M]: 0x0000000080002880 (0x00858593) addi x11, x11, 0x8                      adj_Mepc_rtn+4
x11 <- 0x00000300800013DC

clint mtime 0x000000000000054F (mip.MTI <- 0b1, mip.STI <- 0b0)
mem[X,0x0000000080002884] -> 0x9073
mem[X,0x0000000080002886] -> 0x3415
[2718] [M]: 0x0000000080002884 (0x34159073) csrrw x0, mepc, x11                     adj_Mepc_rtn+8
CSR mepc (0x341) <- 0x00000300800013DC

mem[X,0x0000000080002888] -> 0x23F3
mem[X,0x000000008000288A] -> 0x3430
[2719] [M]: 0x0000000080002888 (0x343023F3) csrrs x7, mtval, x0                     skp_adj_Mepc+0
CSR mtval (0x343) -> 0x0000028000000414
x7 <- 0x0000028000000414

clint mtime 0x0000000000000550 (mip.MTI <- 0b1, mip.STI <- 0b0)
mem[X,0x000000008000288C] -> 0x0413
mem[X,0x000000008000288E] -> 0x0004
[2720] [M]: 0x000000008000288C (0x00040413) addi x8, x8, 0x0                        skp_adj_Mepc+4
x8 <- 0x000000000000000D

mem[X,0x0000000080002890] -> 0x006F
mem[X,0x0000000080002892] -> 0x0840
[2721] [M]: 0x0000000080002890 (0x0840006F) jal x0, 0x84                            skp_adj_Mepc+8

clint mtime 0x0000000000000551 (mip.MTI <- 0b1, mip.STI <- 0b0)
mem[X,0x0000000080002914] -> 0x8433
mem[X,0x0000000080002916] -> 0x4083
[2722] [M]: 0x0000000080002914 (0x40838433) sub x8, x7, x8                          adj_Mtval+0
x8 <- 0x0000028000000407

mem[X,0x0000000080002918] -> 0x3C23
mem[X,0x000000008000291A] -> 0x0083
[2723] [M]: 0x0000000080002918 (0x00833C23) sd x8, 0x18(x6)                         sv_Mtval+0
mem[W,0x000000008000A6D0] <- 0x0000028000000407

clint mtime 0x0000000000000552 (mip.MTI <- 0b1, mip.STI <- 0b0)
mem[X,0x000000008000291C] -> 0x3483
mem[X,0x000000008000291E] -> 0x2181
[2724] [M]: 0x000000008000291C (0x21813483) ld x9, 0x218(x2)                        skp_Mtval+0
mem[R,0x0000000080005218] -> 0x000000008000A6D8
x9 <- 0x000000008000A6D8

mem[X,0x0000000080002920] -> 0x3383
mem[X,0x0000000080002922] -> 0x1F81
[2725] [M]: 0x0000000080002920 (0x1F813383) ld x7, 0x1f8(x2)                        skp_Mtval+4
mem[R,0x00000000800051F8] -> 0x000000008000A110
x7 <- 0x000000008000A110

clint mtime 0x0000000000000553 (mip.MTI <- 0b1, mip.STI <- 0b0)
mem[X,0x0000000080002924] -> 0x3303
mem[X,0x0000000080002926] -> 0x2001
[2726] [M]: 0x0000000080002924 (0x20013303) ld x6, 0x200(x2)                        skp_Mtval+8
mem[R,0x0000000080005200] -> 0x0000000000000610
x6 <- 0x0000000000000610

mem[X,0x0000000080002928] -> 0x0333
mem[X,0x000000008000292A] -> 0x0073
[2727] [M]: 0x0000000080002928 (0x00730333) add x6, x6, x7                          skp_Mtval+12
x6 <- 0x000000008000A720

clint mtime 0x0000000000000554 (mip.MTI <- 0b1, mip.STI <- 0b0)
mem[X,0x000000008000292C] -> 0x6AE3
mem[X,0x000000008000292E] -> 0xAE93
[2728] [M]: 0x000000008000292C (0xAE936AE3) bltu x6, x9, -0x50c                     skp_Mtval+16

mem[X,0x0000000080002930] -> 0x0393
mem[X,0x0000000080002932] -> 0x2000
[2729] [M]: 0x0000000080002930 (0x20000393) addi x7, x0, 0x200                      skp_Mtval+20
x7 <- 0x0000000000000200

clint mtime 0x0000000000000555 (mip.MTI <- 0b1, mip.STI <- 0b0)
mem[X,0x0000000080002934] -> 0x006F
mem[X,0x0000000080002936] -> 0x0400
[2730] [M]: 0x0000000080002934 (0x0400006F) jal x0, 0x40                            skp_Mtval+24

mem[X,0x0000000080002974] -> 0x0417
mem[X,0x0000000080002976] -> 0x0000
[2731] [M]: 0x0000000080002974 (0x00000417) auipc x8, 0x0                           spcl_Mhandler+0
x8 <- 0x0000000080002974

clint mtime 0x0000000000000556 (mip.MTI <- 0b1, mip.STI <- 0b0)
mem[X,0x0000000080002978] -> 0x0413
mem[X,0x000000008000297A] -> 0x03C4
[2732] [M]: 0x0000000080002978 (0x03C40413) addi x8, x8, 0x3c                       spcl_Mhandler+4
x8 <- 0x00000000800029B0

mem[X,0x000000008000297C] -> 0x0433
mem[X,0x000000008000297E] -> 0x0074
[2733] [M]: 0x000000008000297C (0x00740433) add x8, x8, x7                          spcl_Mhandler+8
x8 <- 0x0000000080002BB0

clint mtime 0x0000000000000557 (mip.MTI <- 0b1, mip.STI <- 0b0)
mem[X,0x0000000080002980] -> 0x1393
mem[X,0x0000000080002982] -> 0x0035
[2734] [M]: 0x0000000080002980 (0x00351393) slli x7, x10, 0x3                       spcl_Mhandler+12
x7 <- 0x0000000000000068

mem[X,0x0000000080002984] -> 0x0433
mem[X,0x0000000080002986] -> 0x0074
[2735] [M]: 0x0000000080002984 (0x00740433) add x8, x8, x7                          spcl_Mhandler+16
x8 <- 0x0000000080002C18

clint mtime 0x0000000000000558 (mip.MTI <- 0b1, mip.STI <- 0b0)
mem[X,0x0000000080002988] -> 0x7413
mem[X,0x000000008000298A] -> 0xFF84
[2736] [M]: 0x0000000080002988 (0xFF847413) andi x8, x8, -0x8                       spcl_Mhandler+20
x8 <- 0x0000000080002C18

mem[X,0x000000008000298C] -> 0x3403
mem[X,0x000000008000298E] -> 0x0004
[2737] [M]: 0x000000008000298C (0x00043403) ld x8, 0x0(x8)                          spcl_Mhandler+24
mem[R,0x0000000080002C18] -> 0x000000000000001B
x8 <- 0x000000000000001B

clint mtime 0x0000000000000559 (mip.MTI <- 0b1, mip.STI <- 0b0)
mem[X,0x0000000080002990] -> 0x02E3
mem[X,0x0000000080002992] -> 0xB204
[2738] [M]: 0x0000000080002990 (0xB20402E3) beq x8, x0, -0x4dc                      spcl_Mdispatch_hndling+0

mem[X,0x0000000080002994] -> 0x1393
mem[X,0x0000000080002996] -> 0x03F4
[2739] [M]: 0x0000000080002994 (0x03F41393) slli x7, x8, 0x3f                       spcl_Mdispatch_hndling+4
x7 <- 0x8000000000000000

clint mtime 0x000000000000055A (mip.MTI <- 0b1, mip.STI <- 0b0)
mem[X,0x0000000080002998] -> 0xD863
mem[X,0x000000008000299A] -> 0x0003
[2740] [M]: 0x0000000080002998 (0x0003D863) bge x7, x0, 0x10                        spcl_Mdispatch_hndling+8

mem[X,0x000000008000299C] -> 0x5413
mem[X,0x000000008000299E] -> 0x0014
[2741] [M]: 0x000000008000299C (0x00145413) srli x8, x8, 0x1                        spcl_Mdispatch_hndling+12
x8 <- 0x000000000000000D

clint mtime 0x000000000000055B (mip.MTI <- 0b1, mip.STI <- 0b0)
mem[X,0x00000000800029A0] -> 0x0CE3
mem[X,0x00000000800029A2] -> 0xF885
[2742] [M]: 0x00000000800029A0 (0xF8850CE3) beq x10, x8, -0x68                      spcl_Mdispatch_hndling+16

mem[X,0x0000000080002938] -> 0x3303
mem[X,0x000000008000293A] -> 0x2601
[2743] [M]: 0x0000000080002938 (0x26013303) ld x6, 0x260(x2)                        resto_Mrtn+0
mem[R,0x0000000080005260] -> 0xFFFFFFFF7FFFEDAC
x6 <- 0xFFFFFFFF7FFFEDAC

clint mtime 0x000000000000055C (mip.MTI <- 0b1, mip.STI <- 0b0)
mem[X,0x000000008000293C] -> 0x3383
mem[X,0x000000008000293E] -> 0x2681
[2744] [M]: 0x000000008000293C (0x26813383) ld x7, 0x268(x2)                        resto_Mrtn+4
mem[R,0x0000000080005268] -> 0x0000000080005000
x7 <- 0x0000000080005000

mem[X,0x0000000080002940] -> 0x3403
mem[X,0x0000000080002942] -> 0x2701
[2745] [M]: 0x0000000080002940 (0x27013403) ld x8, 0x270(x2)                        resto_Mrtn+8
mem[R,0x0000000080005270] -> 0x0000000000007F76
x8 <- 0x0000000000007F76

clint mtime 0x000000000000055D (mip.MTI <- 0b1, mip.STI <- 0b0)
mem[X,0x0000000080002944] -> 0x3483
mem[X,0x0000000080002946] -> 0x2781
[2746] [M]: 0x0000000080002944 (0x27813483) ld x9, 0x278(x2)                        resto_Mrtn+12
mem[R,0x0000000080005278] -> 0x0000030000000148
x9 <- 0x0000030000000148

mem[X,0x0000000080002948] -> 0x3503
mem[X,0x000000008000294A] -> 0x2801
[2747] [M]: 0x0000000080002948 (0x28013503) ld x10, 0x280(x2)                       resto_Mrtn+16
mem[R,0x0000000080005280] -> 0x00000000200000C9
x10 <- 0x00000000200000C9

clint mtime 0x000000000000055E (mip.MTI <- 0b1, mip.STI <- 0b0)
mem[X,0x000000008000294C] -> 0x3583
mem[X,0x000000008000294E] -> 0x2881
[2748] [M]: 0x000000008000294C (0x28813583) ld x11, 0x288(x2)                       resto_Mrtn+20
mem[R,0x0000000080005288] -> 0x00000000000000C9
x11 <- 0x00000000000000C9

mem[X,0x0000000080002950] -> 0x3103
mem[X,0x0000000080002952] -> 0x2901
[2749] [M]: 0x0000000080002950 (0x29013103) ld x2, 0x290(x2)                        resto_Mrtn+24
mem[R,0x0000000080005290] -> 0x0000000000000000
x2 <- 0x0000000000000000

clint mtime 0x000000000000055F (mip.MTI <- 0b1, mip.STI <- 0b0)
mem[X,0x0000000080002954] -> 0x0073
mem[X,0x0000000080002956] -> 0x3020
[2750] [M]: 0x0000000080002954 (0x30200073) mret                                    resto_Mrtn+28
CSR mstatus (0x300) <- 0x0000000A00040080
ret-ing from M to S

PTW: Start, vpn=0x30080001, access_type=X, privilege=Smem[R,0x0000000080009030] -> 0x00000000000000CB
PTW: Step, level=3, pte=0xCB, pte_addr=0x80009030
PTW: Success, final_ppn=0x80001, level=3mem[X,0x00000000800013DC] -> 0x51B7
PTW: Start, vpn=0x30080001, access_type=X, privilege=Smem[R,0x0000000080009030] -> 0x00000000000000CB
PTW: Step, level=3, pte=0xCB, pte_addr=0x80009030
PTW: Success, final_ppn=0x80001, level=3mem[X,0x00000000800013DE] -> 0x0000
[2751] [S]: 0x00000300800013DC (0x000051B7) lui x3, 0x5                             va_rvtest_code_begin+3104
x3 <- 0x0000000000005000

clint mtime 0x0000000000000560 (mip.MTI <- 0b1, mip.STI <- 0b0)
PTW: Start, vpn=0x30080001, access_type=X, privilege=Smem[R,0x0000000080009030] -> 0x00000000000000CB
PTW: Step, level=3, pte=0xCB, pte_addr=0x80009030
PTW: Success, final_ppn=0x80001, level=3mem[X,0x00000000800013E0] -> 0x8193
PTW: Start, vpn=0x30080001, access_type=X, privilege=Smem[R,0x0000000080009030] -> 0x00000000000000CB
PTW: Step, level=3, pte=0xCB, pte_addr=0x80009030
PTW: Success, final_ppn=0x80001, level=3mem[X,0x00000000800013E2] -> 0x6671
[2752] [S]: 0x00000300800013E0 (0x66718193) addi x3, x3, 0x667                      va_rvtest_code_begin+3108
x3 <- 0x0000000000005667

PTW: Start, vpn=0x30080001, access_type=X, privilege=Smem[R,0x0000000080009030] -> 0x00000000000000CB
PTW: Step, level=3, pte=0xCB, pte_addr=0x80009030
PTW: Success, final_ppn=0x80001, level=3mem[X,0x00000000800013E4] -> 0x9193
PTW: Start, vpn=0x30080001, access_type=X, privilege=Smem[R,0x0000000080009030] -> 0x00000000000000CB
PTW: Step, level=3, pte=0xCB, pte_addr=0x80009030
PTW: Success, final_ppn=0x80001, level=3mem[X,0x00000000800013E6] -> 0x0011
[2753] [S]: 0x00000300800013E4 (0x00119193) slli x3, x3, 0x1                        va_rvtest_code_begin+3112
x3 <- 0x000000000000ACCE

clint mtime 0x0000000000000561 (mip.MTI <- 0b1, mip.STI <- 0b0)
PTW: Start, vpn=0x30080001, access_type=X, privilege=Smem[R,0x0000000080009030] -> 0x00000000000000CB
PTW: Step, level=3, pte=0xCB, pte_addr=0x80009030
PTW: Success, final_ppn=0x80001, level=3mem[X,0x00000000800013E8] -> 0x0013
PTW: Start, vpn=0x30080001, access_type=X, privilege=Smem[R,0x0000000080009030] -> 0x00000000000000CB
PTW: Step, level=3, pte=0xCB, pte_addr=0x80009030
PTW: Success, final_ppn=0x80001, level=3mem[X,0x00000000800013EA] -> 0x0000
[2754] [S]: 0x00000300800013E8 (0x00000013) addi x0, x0, 0x0                        va_rvtest_code_begin+3116

PTW: Start, vpn=0x30080001, access_type=X, privilege=Smem[R,0x0000000080009030] -> 0x00000000000000CB
PTW: Step, level=3, pte=0xCB, pte_addr=0x80009030
PTW: Success, final_ppn=0x80001, level=3mem[X,0x00000000800013EC] -> 0x0013
PTW: Start, vpn=0x30080001, access_type=X, privilege=Smem[R,0x0000000080009030] -> 0x00000000000000CB
PTW: Step, level=3, pte=0xCB, pte_addr=0x80009030
PTW: Success, final_ppn=0x80001, level=3mem[X,0x00000000800013EE] -> 0x0000
[2755] [S]: 0x00000300800013EC (0x00000013) addi x0, x0, 0x0                        va_rvtest_code_begin+3120

clint mtime 0x0000000000000562 (mip.MTI <- 0b1, mip.STI <- 0b0)
PTW: Start, vpn=0x30080001, access_type=X, privilege=Smem[R,0x0000000080009030] -> 0x00000000000000CB
PTW: Step, level=3, pte=0xCB, pte_addr=0x80009030
PTW: Success, final_ppn=0x80001, level=3mem[X,0x00000000800013F0] -> 0x0013
PTW: Start, vpn=0x30080001, access_type=X, privilege=Smem[R,0x0000000080009030] -> 0x00000000000000CB
PTW: Step, level=3, pte=0xCB, pte_addr=0x80009030
PTW: Success, final_ppn=0x80001, level=3mem[X,0x00000000800013F2] -> 0x0000
[2756] [S]: 0x00000300800013F0 (0x00000013) addi x0, x0, 0x0                        va_rvtest_code_begin+3124

PTW: Start, vpn=0x30080001, access_type=X, privilege=Smem[R,0x0000000080009030] -> 0x00000000000000CB
PTW: Step, level=3, pte=0xCB, pte_addr=0x80009030
PTW: Success, final_ppn=0x80001, level=3mem[X,0x00000000800013F4] -> 0x0013
PTW: Start, vpn=0x30080001, access_type=X, privilege=Smem[R,0x0000000080009030] -> 0x00000000000000CB
PTW: Step, level=3, pte=0xCB, pte_addr=0x80009030
PTW: Success, final_ppn=0x80001, level=3mem[X,0x00000000800013F6] -> 0x0000
[2757] [S]: 0x00000300800013F4 (0x00000013) addi x0, x0, 0x0                        va_rvtest_code_begin+3128

clint mtime 0x0000000000000563 (mip.MTI <- 0b1, mip.STI <- 0b0)
PTW: Start, vpn=0x30080001, access_type=X, privilege=Smem[R,0x0000000080009030] -> 0x00000000000000CB
PTW: Step, level=3, pte=0xCB, pte_addr=0x80009030
PTW: Success, final_ppn=0x80001, level=3mem[X,0x00000000800013F8] -> 0x0013
PTW: Start, vpn=0x30080001, access_type=X, privilege=Smem[R,0x0000000080009030] -> 0x00000000000000CB
PTW: Step, level=3, pte=0xCB, pte_addr=0x80009030
PTW: Success, final_ppn=0x80001, level=3mem[X,0x00000000800013FA] -> 0x0000
[2758] [S]: 0x00000300800013F8 (0x00000013) addi x0, x0, 0x0                        va_rvtest_code_begin+3132

PTW: Start, vpn=0x30080001, access_type=X, privilege=Smem[R,0x0000000080009030] -> 0x00000000000000CB
PTW: Step, level=3, pte=0xCB, pte_addr=0x80009030
PTW: Success, final_ppn=0x80001, level=3mem[X,0x00000000800013FC] -> 0x0013
PTW: Start, vpn=0x30080001, access_type=X, privilege=Smem[R,0x0000000080009030] -> 0x00000000000000CB
PTW: Step, level=3, pte=0xCB, pte_addr=0x80009030
PTW: Success, final_ppn=0x80001, level=3mem[X,0x00000000800013FE] -> 0x0000
[2759] [S]: 0x00000300800013FC (0x00000013) addi x0, x0, 0x0                        va_rvtest_code_begin+3136

clint mtime 0x0000000000000564 (mip.MTI <- 0b1, mip.STI <- 0b0)
PTW: Start, vpn=0x30080001, access_type=X, privilege=Smem[R,0x0000000080009030] -> 0x00000000000000CB
PTW: Step, level=3, pte=0xCB, pte_addr=0x80009030
PTW: Success, final_ppn=0x80001, level=3mem[X,0x0000000080001400] -> 0x0217
PTW: Start, vpn=0x30080001, access_type=X, privilege=Smem[R,0x0000000080009030] -> 0x00000000000000CB
PTW: Step, level=3, pte=0xCB, pte_addr=0x80009030
PTW: Success, final_ppn=0x80001, level=3mem[X,0x0000000080001402] -> 0x0000
[2760] [S]: 0x0000030080001400 (0x00000217) auipc x4, 0x0                           va_rvtest_code_begin+3140
x4 <- 0x0000030080001400

PTW: Start, vpn=0x30080001, access_type=X, privilege=Smem[R,0x0000000080009030] -> 0x00000000000000CB
PTW: Step, level=3, pte=0xCB, pte_addr=0x80009030
PTW: Success, final_ppn=0x80001, level=3mem[X,0x0000000080001404] -> 0x0213
PTW: Start, vpn=0x30080001, access_type=X, privilege=Smem[R,0x0000000080009030] -> 0x00000000000000CB
PTW: Step, level=3, pte=0xCB, pte_addr=0x80009030
PTW: Success, final_ppn=0x80001, level=3mem[X,0x0000000080001406] -> 0x02C2
[2761] [S]: 0x0000030080001404 (0x02C20213) addi x4, x4, 0x2c                       va_rvtest_code_begin+3144
x4 <- 0x000003008000142C

clint mtime 0x0000000000000565 (mip.MTI <- 0b1, mip.STI <- 0b0)
PTW: Start, vpn=0x30080001, access_type=X, privilege=Smem[R,0x0000000080009030] -> 0x00000000000000CB
PTW: Step, level=3, pte=0xCB, pte_addr=0x80009030
PTW: Success, final_ppn=0x80001, level=3mem[X,0x0000000080001408] -> 0x0001
[2762] [S]: 0x0000030080001408 (0x0001) c.nop                                       va_rvtest_code_begin+3148

PTW: Start, vpn=0x30080001, access_type=X, privilege=Smem[R,0x0000000080009030] -> 0x00000000000000CB
PTW: Step, level=3, pte=0xCB, pte_addr=0x80009030
PTW: Success, final_ppn=0x80001, level=3mem[X,0x000000008000140A] -> 0x0013
PTW: Start, vpn=0x30080001, access_type=X, privilege=Smem[R,0x0000000080009030] -> 0x00000000000000CB
PTW: Step, level=3, pte=0xCB, pte_addr=0x80009030
PTW: Success, final_ppn=0x80001, level=3mem[X,0x000000008000140C] -> 0x0000
[2763] [S]: 0x000003008000140A (0x00000013) addi x0, x0, 0x0                        va_rvtest_code_begin+3150

clint mtime 0x0000000000000566 (mip.MTI <- 0b1, mip.STI <- 0b0)
PTW: Start, vpn=0x30080001, access_type=X, privilege=Smem[R,0x0000000080009030] -> 0x00000000000000CB
PTW: Step, level=3, pte=0xCB, pte_addr=0x80009030
PTW: Success, final_ppn=0x80001, level=3mem[X,0x000000008000140E] -> 0x0013
PTW: Start, vpn=0x30080001, access_type=X, privilege=Smem[R,0x0000000080009030] -> 0x00000000000000CB
PTW: Step, level=3, pte=0xCB, pte_addr=0x80009030
PTW: Success, final_ppn=0x80001, level=3mem[X,0x0000000080001410] -> 0x0000
[2764] [S]: 0x000003008000140E (0x00000013) addi x0, x0, 0x0                        va_rvtest_code_begin+3154

PTW: Start, vpn=0x30080001, access_type=X, privilege=Smem[R,0x0000000080009030] -> 0x00000000000000CB
PTW: Step, level=3, pte=0xCB, pte_addr=0x80009030
PTW: Success, final_ppn=0x80001, level=3mem[X,0x0000000080001412] -> 0x0013
PTW: Start, vpn=0x30080001, access_type=X, privilege=Smem[R,0x0000000080009030] -> 0x00000000000000CB
PTW: Step, level=3, pte=0xCB, pte_addr=0x80009030
PTW: Success, final_ppn=0x80001, level=3mem[X,0x0000000080001414] -> 0x0000
[2765] [S]: 0x0000030080001412 (0x00000013) addi x0, x0, 0x0                        va_rvtest_code_begin+3158

clint mtime 0x0000000000000567 (mip.MTI <- 0b1, mip.STI <- 0b0)
PTW: Start, vpn=0x30080001, access_type=X, privilege=Smem[R,0x0000000080009030] -> 0x00000000000000CB
PTW: Step, level=3, pte=0xCB, pte_addr=0x80009030
PTW: Success, final_ppn=0x80001, level=3mem[X,0x0000000080001416] -> 0x0013
PTW: Start, vpn=0x30080001, access_type=X, privilege=Smem[R,0x0000000080009030] -> 0x00000000000000CB
PTW: Step, level=3, pte=0xCB, pte_addr=0x80009030
PTW: Success, final_ppn=0x80001, level=3mem[X,0x0000000080001418] -> 0x0000
[2766] [S]: 0x0000030080001416 (0x00000013) addi x0, x0, 0x0                        va_rvtest_code_begin+3162

PTW: Start, vpn=0x30080001, access_type=X, privilege=Smem[R,0x0000000080009030] -> 0x00000000000000CB
PTW: Step, level=3, pte=0xCB, pte_addr=0x80009030
PTW: Success, final_ppn=0x80001, level=3mem[X,0x000000008000141A] -> 0x0013
PTW: Start, vpn=0x30080001, access_type=X, privilege=Smem[R,0x0000000080009030] -> 0x00000000000000CB
PTW: Step, level=3, pte=0xCB, pte_addr=0x80009030
PTW: Success, final_ppn=0x80001, level=3mem[X,0x000000008000141C] -> 0x0000
[2767] [S]: 0x000003008000141A (0x00000013) addi x0, x0, 0x0                        va_rvtest_code_begin+3166

clint mtime 0x0000000000000568 (mip.MTI <- 0b1, mip.STI <- 0b0)
PTW: Start, vpn=0x30080001, access_type=X, privilege=Smem[R,0x0000000080009030] -> 0x00000000000000CB
PTW: Step, level=3, pte=0xCB, pte_addr=0x80009030
PTW: Success, final_ppn=0x80001, level=3mem[X,0x000000008000141E] -> 0x0001
[2768] [S]: 0x000003008000141E (0x0001) c.nop                                       va_rvtest_code_begin+3170

PTW: Start, vpn=0x30080001, access_type=X, privilege=Smem[R,0x0000000080009030] -> 0x00000000000000CB
PTW: Step, level=3, pte=0xCB, pte_addr=0x80009030
PTW: Success, final_ppn=0x80001, level=3mem[X,0x0000000080001420] -> 0x80E7
PTW: Start, vpn=0x30080001, access_type=X, privilege=Smem[R,0x0000000080009030] -> 0x00000000000000CB
PTW: Step, level=3, pte=0xCB, pte_addr=0x80009030
PTW: Success, final_ppn=0x80001, level=3mem[X,0x0000000080001422] -> 0x0007
[2769] [S]: 0x0000030080001420 (0x000780E7) jalr x1, 0x0(x15)                       va_rvtest_code_begin+3172
x1 <- 0x0000030080001424

clint mtime 0x0000000000000569 (mip.MTI <- 0b1, mip.STI <- 0b0)
PTW: Start, vpn=0x28000000, access_type=X, privilege=Smem[R,0x0000000080009028] -> 0x0000000020002001
PTW: Step, level=3, pte=0x20002001, pte_addr=0x80009028
PTW: Start, vpn=0x28000000, access_type=X, privilege=Smem[R,0x0000000080008000] -> 0x00000000200000C9
PTW: Step, level=2, pte=0x200000C9, pte_addr=0x80008000
PTW: Success, final_ppn=0x80000, level=2mem[X,0x0000000080000400] -> 0x0013
mem[X,0x0000000080000402] -> 0x0000
[2770] [S]: 0x0000028000000400 (0x00000013) addi x0, x0, 0x0                        va_data+0

mem[X,0x0000000080000404] -> 0x8093
mem[X,0x0000000080000406] -> 0x0080
[2771] [S]: 0x0000028000000404 (0x00808093) addi x1, x1, 0x8                        va_data+4
x1 <- 0x000003008000142C

clint mtime 0x000000000000056A (mip.MTI <- 0b1, mip.STI <- 0b0)
mem[X,0x0000000080000408] -> 0x8067
mem[X,0x000000008000040A] -> 0x0000
[2772] [S]: 0x0000028000000408 (0x00008067) jalr x0, 0x0(x1)                        va_data+8

PTW: Start, vpn=0x30080001, access_type=X, privilege=Smem[R,0x0000000080009030] -> 0x00000000000000CB
PTW: Step, level=3, pte=0xCB, pte_addr=0x80009030
PTW: Success, final_ppn=0x80001, level=3mem[X,0x000000008000142C] -> 0x0013
PTW: Start, vpn=0x30080001, access_type=X, privilege=Smem[R,0x0000000080009030] -> 0x00000000000000CB
PTW: Step, level=3, pte=0xCB, pte_addr=0x80009030
PTW: Success, final_ppn=0x80001, level=3mem[X,0x000000008000142E] -> 0x0000
[2773] [S]: 0x000003008000142C (0x00000013) addi x0, x0, 0x0                        va_rvtest_code_begin+3184

clint mtime 0x000000000000056B (mip.MTI <- 0b1, mip.STI <- 0b0)
PTW: Start, vpn=0x30080001, access_type=X, privilege=Smem[R,0x0000000080009030] -> 0x00000000000000CB
PTW: Step, level=3, pte=0xCB, pte_addr=0x80009030
PTW: Success, final_ppn=0x80001, level=3mem[X,0x0000000080001430] -> 0x0013
PTW: Start, vpn=0x30080001, access_type=X, privilege=Smem[R,0x0000000080009030] -> 0x00000000000000CB
PTW: Step, level=3, pte=0xCB, pte_addr=0x80009030
PTW: Success, final_ppn=0x80001, level=3mem[X,0x0000000080001432] -> 0x0000
[2774] [S]: 0x0000030080001430 (0x00000013) addi x0, x0, 0x0                        va_rvtest_code_begin+3188

PTW: Start, vpn=0x30080001, access_type=X, privilege=Smem[R,0x0000000080009030] -> 0x00000000000000CB
PTW: Step, level=3, pte=0xCB, pte_addr=0x80009030
PTW: Success, final_ppn=0x80001, level=3mem[X,0x0000000080001434] -> 0x0013
PTW: Start, vpn=0x30080001, access_type=X, privilege=Smem[R,0x0000000080009030] -> 0x00000000000000CB
PTW: Step, level=3, pte=0xCB, pte_addr=0x80009030
PTW: Success, final_ppn=0x80001, level=3mem[X,0x0000000080001436] -> 0x0000
[2775] [S]: 0x0000030080001434 (0x00000013) addi x0, x0, 0x0                        va_rvtest_code_begin+3192

clint mtime 0x000000000000056C (mip.MTI <- 0b1, mip.STI <- 0b0)
PTW: Start, vpn=0x30080001, access_type=X, privilege=Smem[R,0x0000000080009030] -> 0x00000000000000CB
PTW: Step, level=3, pte=0xCB, pte_addr=0x80009030
PTW: Success, final_ppn=0x80001, level=3mem[X,0x0000000080001438] -> 0x0113
PTW: Start, vpn=0x30080001, access_type=X, privilege=Smem[R,0x0000000080009030] -> 0x00000000000000CB
PTW: Step, level=3, pte=0xCB, pte_addr=0x80009030
PTW: Success, final_ppn=0x80001, level=3mem[X,0x000000008000143A] -> 0x0000
[2776] [S]: 0x0000030080001438 (0x00000113) addi x2, x0, 0x0                        va_rvtest_code_begin+3196
x2 <- 0x0000000000000000

PTW: Start, vpn=0x30080001, access_type=X, privilege=Smem[R,0x0000000080009030] -> 0x00000000000000CB
PTW: Step, level=3, pte=0xCB, pte_addr=0x80009030
PTW: Success, final_ppn=0x80001, level=3mem[X,0x000000008000143C] -> 0x0073
PTW: Start, vpn=0x30080001, access_type=X, privilege=Smem[R,0x0000000080009030] -> 0x00000000000000CB
PTW: Step, level=3, pte=0xCB, pte_addr=0x80009030
PTW: Success, final_ppn=0x80001, level=3mem[X,0x000000008000143E] -> 0x0000
[2777] [S]: 0x000003008000143C (0x00000073) ecall                                   va_rvtest_code_begin+3200
trapping from S to M to handle s-call
handling exc#s-call at priv M with tval 0x0000000000000000
CSR mstatus (0x300) <- 0x0000000A00040800
CSR mcause (0x342) <- 0x0000000000000009
CSR mtval (0x343) <- 0x0000000000000000
CSR mepc (0x341) <- 0x000003008000143C

clint mtime 0x000000000000056D (mip.MTI <- 0b1, mip.STI <- 0b0)
mem[X,0x0000000080002500] -> 0x006F
mem[X,0x0000000080002502] -> 0x1000
[2778] [M]: 0x0000000080002500 (0x1000006F) jal x0, 0x100                           Mtrampoline+0

mem[X,0x0000000080002600] -> 0x1173
mem[X,0x0000000080002602] -> 0x3401
[2779] [M]: 0x0000000080002600 (0x34011173) csrrw x2, mscratch, x2                  trap_Mhandler+0
CSR mscratch (0x340) <- 0x0000000000000000
x2 <- 0x0000000080005000

clint mtime 0x000000000000056E (mip.MTI <- 0b1, mip.STI <- 0b0)
mem[X,0x0000000080002604] -> 0x3423
mem[X,0x0000000080002606] -> 0x28B1
[2780] [M]: 0x0000000080002604 (0x28B13423) sd x11, 0x288(x2)                       trap_Mhandler+4
mem[W,0x0000000080005288] <- 0x00000000000000C9

mem[X,0x0000000080002608] -> 0x05EF
mem[X,0x000000008000260A] -> 0x0B80
[2781] [M]: 0x0000000080002608 (0x0B8005EF) jal x11, 0xb8                           trap_Mhandler+8
x11 <- 0x000000008000260C

clint mtime 0x000000000000056F (mip.MTI <- 0b1, mip.STI <- 0b0)
mem[X,0x00000000800026C0] -> 0x3023
mem[X,0x00000000800026C2] -> 0x28A1
[2782] [M]: 0x00000000800026C0 (0x28A13023) sd x10, 0x280(x2)                       common_Mhandler+0
mem[W,0x0000000080005280] <- 0x00000000200000C9

mem[X,0x00000000800026C4] -> 0x1573
mem[X,0x00000000800026C6] -> 0x3401
[2783] [M]: 0x00000000800026C4 (0x34011573) csrrw x10, mscratch, x2                 common_Mhandler+4
CSR mscratch (0x340) <- 0x0000000080005000
x10 <- 0x0000000000000000

clint mtime 0x0000000000000570 (mip.MTI <- 0b1, mip.STI <- 0b0)
mem[X,0x00000000800026C8] -> 0x3823
mem[X,0x00000000800026CA] -> 0x28A1
[2784] [M]: 0x00000000800026C8 (0x28A13823) sd x10, 0x290(x2)                       common_Mhandler+8
mem[W,0x0000000080005290] <- 0x0000000000000000

mem[X,0x00000000800026CC] -> 0x3503
mem[X,0x00000000800026CE] -> 0x2301
[2785] [M]: 0x00000000800026CC (0x23013503) ld x10, 0x230(x2)                       common_Mhandler+12
mem[R,0x0000000080005230] -> 0x00000000800026D4
x10 <- 0x00000000800026D4

clint mtime 0x0000000000000571 (mip.MTI <- 0b1, mip.STI <- 0b0)
mem[X,0x00000000800026D0] -> 0x0067
mem[X,0x00000000800026D2] -> 0x0005
[2786] [M]: 0x00000000800026D0 (0x00050067) jalr x0, 0x0(x10)                       common_Mhandler+16

mem[X,0x00000000800026D4] -> 0x3C23
mem[X,0x00000000800026D6] -> 0x2691
[2787] [M]: 0x00000000800026D4 (0x26913C23) sd x9, 0x278(x2)                        common_Mentry+0
mem[W,0x0000000080005278] <- 0x0000030000000148

clint mtime 0x0000000000000572 (mip.MTI <- 0b1, mip.STI <- 0b0)
mem[X,0x00000000800026D8] -> 0x3823
mem[X,0x00000000800026DA] -> 0x2681
[2788] [M]: 0x00000000800026D8 (0x26813823) sd x8, 0x270(x2)                        common_Mentry+4
mem[W,0x0000000080005270] <- 0x0000000000007F76

mem[X,0x00000000800026DC] -> 0x3423
mem[X,0x00000000800026DE] -> 0x2671
[2789] [M]: 0x00000000800026DC (0x26713423) sd x7, 0x268(x2)                        common_Mentry+8
mem[W,0x0000000080005268] <- 0x0000000080005000

clint mtime 0x0000000000000573 (mip.MTI <- 0b1, mip.STI <- 0b0)
mem[X,0x00000000800026E0] -> 0x3023
mem[X,0x00000000800026E2] -> 0x2661
[2790] [M]: 0x00000000800026E0 (0x26613023) sd x6, 0x260(x2)                        common_Mentry+12
mem[W,0x0000000080005260] <- 0xFFFFFFFF7FFFEDAC

mem[X,0x00000000800026E4] -> 0x2573
mem[X,0x00000000800026E6] -> 0x3420
[2791] [M]: 0x00000000800026E4 (0x34202573) csrrs x10, mcause, x0                   spcl_M2mmode_test+0
CSR mcause (0x342) -> 0x0000000000000009
x10 <- 0x0000000000000009

clint mtime 0x0000000000000574 (mip.MTI <- 0b1, mip.STI <- 0b0)
mem[X,0x00000000800026E8] -> 0x04B7
mem[X,0x00000000800026EA] -> 0x8000
[2792] [M]: 0x00000000800026E8 (0x800004B7) lui x9, -0x80000                        spcl_M2mmode_test+4
x9 <- 0xFFFFFFFF80000000

mem[X,0x00000000800026EC] -> 0x8493
mem[X,0x00000000800026EE] -> 0x0004
[2793] [M]: 0x00000000800026EC (0x00048493) addi x9, x9, 0x0                        spcl_M2mmode_test+8
x9 <- 0xFFFFFFFF80000000

clint mtime 0x0000000000000575 (mip.MTI <- 0b1, mip.STI <- 0b0)
mem[X,0x00000000800026F0] -> 0x9493
mem[X,0x00000000800026F2] -> 0x00B4
[2794] [M]: 0x00000000800026F0 (0x00B49493) slli x9, x9, 0xb                        spcl_M2mmode_test+12
x9 <- 0xFFFFFC0000000000

mem[X,0x00000000800026F4] -> 0x8493
mem[X,0x00000000800026F6] -> 0x0004
[2795] [M]: 0x00000000800026F4 (0x00048493) addi x9, x9, 0x0                        spcl_M2mmode_test+16
x9 <- 0xFFFFFC0000000000

clint mtime 0x0000000000000576 (mip.MTI <- 0b1, mip.STI <- 0b0)
mem[X,0x00000000800026F8] -> 0x9493
mem[X,0x00000000800026FA] -> 0x00B4
[2796] [M]: 0x00000000800026F8 (0x00B49493) slli x9, x9, 0xb                        spcl_M2mmode_test+20
x9 <- 0xFFE0000000000000

mem[X,0x00000000800026FC] -> 0x8493
mem[X,0x00000000800026FE] -> 0x0034
[2797] [M]: 0x00000000800026FC (0x00348493) addi x9, x9, 0x3                        spcl_M2mmode_test+24
x9 <- 0xFFE0000000000003

clint mtime 0x0000000000000577 (mip.MTI <- 0b1, mip.STI <- 0b0)
mem[X,0x0000000080002700] -> 0x9493
mem[X,0x0000000080002702] -> 0x00A4
[2798] [M]: 0x0000000080002700 (0x00A49493) slli x9, x9, 0xa                        spcl_M2mmode_test+28
x9 <- 0x8000000000000C00

mem[X,0x0000000080002704] -> 0x8493
mem[X,0x0000000080002706] -> 0x3FC4
[2799] [M]: 0x0000000080002704 (0x3FC48493) addi x9, x9, 0x3fc                      spcl_M2mmode_test+32
x9 <- 0x8000000000000FFC

clint mtime 0x0000000000000578 (mip.MTI <- 0b1, mip.STI <- 0b0)
mem[X,0x0000000080002708] -> 0xF4B3
mem[X,0x000000008000270A] -> 0x00A4
[2800] [M]: 0x0000000080002708 (0x00A4F4B3) and x9, x9, x10                         spcl_M2mmode_test+36
x9 <- 0x0000000000000008

mem[X,0x000000008000270C] -> 0x8493
mem[X,0x000000008000270E] -> 0xFF84
[2801] [M]: 0x000000008000270C (0xFF848493) addi x9, x9, -0x8                       spcl_M2mmode_test+40
x9 <- 0x0000000000000000

clint mtime 0x0000000000000579 (mip.MTI <- 0b1, mip.STI <- 0b0)
mem[X,0x0000000080002710] -> 0x9663
mem[X,0x0000000080002712] -> 0x0004
[2802] [M]: 0x0000000080002710 (0x00049663) bne x9, x0, 0xc                         spcl_M2mmode_test+44

mem[X,0x0000000080002714] -> 0x3383
mem[X,0x0000000080002716] -> 0x2901
[2803] [M]: 0x0000000080002714 (0x29013383) ld x7, 0x290(x2)                        spcl_M2mmode_test+48
mem[R,0x0000000080005290] -> 0x0000000000000000
x7 <- 0x0000000000000000

clint mtime 0x000000000000057A (mip.MTI <- 0b1, mip.STI <- 0b0)
mem[X,0x0000000080002718] -> 0x8663
mem[X,0x000000008000271A] -> 0x6E03
[2804] [M]: 0x0000000080002718 (0x6E038663) beq x7, x0, 0x6ec                       spcl_M2mmode_test+52

mem[X,0x0000000080002E04] -> 0x0493
mem[X,0x0000000080002E06] -> 0xFF55
[2805] [M]: 0x0000000080002E04 (0xFF550493) addi x9, x10, -0xb                      rtn2mmode+0
x9 <- 0xFFFFFFFFFFFFFFFE

clint mtime 0x000000000000057B (mip.MTI <- 0b1, mip.STI <- 0b0)
mem[X,0x0000000080002E08] -> 0x8C63
mem[X,0x0000000080002E0A] -> 0x0004
[2806] [M]: 0x0000000080002E08 (0x00048C63) beq x9, x0, 0x18                        rtn2mmode+4

mem[X,0x0000000080002E0C] -> 0x3583
mem[X,0x0000000080002E0E] -> 0x4701
[2807] [M]: 0x0000000080002E0C (0x47013583) ld x11, 0x470(x2)                       rtn2mmode+8
mem[R,0x0000000080005470] -> 0x00000300800007BC
x11 <- 0x00000300800007BC

clint mtime 0x000000000000057C (mip.MTI <- 0b1, mip.STI <- 0b0)
mem[X,0x0000000080002E10] -> 0xD463
mem[X,0x0000000080002E12] -> 0x0003
[2808] [M]: 0x0000000080002E10 (0x0003D463) bge x7, x0, 0x8                         rtn2mmode+12

mem[X,0x0000000080002E18] -> 0x3483
mem[X,0x0000000080002E1A] -> 0x1D81
[2809] [M]: 0x0000000080002E18 (0x1D813483) ld x9, 0x1d8(x2)                        from_u_s+0
mem[R,0x00000000800051D8] -> 0x00000000800007D4
x9 <- 0x00000000800007D4

clint mtime 0x000000000000057D (mip.MTI <- 0b1, mip.STI <- 0b0)
mem[X,0x0000000080002E1C] -> 0x84B3
mem[X,0x0000000080002E1E] -> 0x40B4
[2810] [M]: 0x0000000080002E1C (0x40B484B3) sub x9, x9, x11                         from_u_s+4
x9 <- 0xFFFFFD0000000018

mem[X,0x0000000080002E20] -> 0x23F3
mem[X,0x0000000080002E22] -> 0x3410
[2811] [M]: 0x0000000080002E20 (0x341023F3) csrrs x7, mepc, x0                      rtn_fm_mmode+0
CSR mepc (0x341) -> 0x000003008000143C
x7 <- 0x000003008000143C

clint mtime 0x000000000000057E (mip.MTI <- 0b1, mip.STI <- 0b0)
mem[X,0x0000000080002E24] -> 0x83B3
mem[X,0x0000000080002E26] -> 0x0093
[2812] [M]: 0x0000000080002E24 (0x009383B3) add x7, x7, x9                          rtn_fm_mmode+4
x7 <- 0x0000000080001454

mem[X,0x0000000080002E28] -> 0x3303
mem[X,0x0000000080002E2A] -> 0x2601
[2813] [M]: 0x0000000080002E28 (0x26013303) ld x6, 0x260(x2)                        rtn_fm_mmode+8
mem[R,0x0000000080005260] -> 0xFFFFFFFF7FFFEDAC
x6 <- 0xFFFFFFFF7FFFEDAC

clint mtime 0x000000000000057F (mip.MTI <- 0b1, mip.STI <- 0b0)
mem[X,0x0000000080002E2C] -> 0x3403
mem[X,0x0000000080002E2E] -> 0x2701
[2814] [M]: 0x0000000080002E2C (0x27013403) ld x8, 0x270(x2)                        rtn_fm_mmode+12
mem[R,0x0000000080005270] -> 0x0000000000007F76
x8 <- 0x0000000000007F76

mem[X,0x0000000080002E30] -> 0x3483
mem[X,0x0000000080002E32] -> 0x2781
[2815] [M]: 0x0000000080002E30 (0x27813483) ld x9, 0x278(x2)                        rtn_fm_mmode+16
mem[R,0x0000000080005278] -> 0x0000030000000148
x9 <- 0x0000030000000148

clint mtime 0x0000000000000580 (mip.MTI <- 0b1, mip.STI <- 0b0)
mem[X,0x0000000080002E34] -> 0x3503
mem[X,0x0000000080002E36] -> 0x2801
[2816] [M]: 0x0000000080002E34 (0x28013503) ld x10, 0x280(x2)                       rtn_fm_mmode+20
mem[R,0x0000000080005280] -> 0x00000000200000C9
x10 <- 0x00000000200000C9

mem[X,0x0000000080002E38] -> 0x3583
mem[X,0x0000000080002E3A] -> 0x2881
[2817] [M]: 0x0000000080002E38 (0x28813583) ld x11, 0x288(x2)                       rtn_fm_mmode+24
mem[R,0x0000000080005288] -> 0x00000000000000C9
x11 <- 0x00000000000000C9

clint mtime 0x0000000000000581 (mip.MTI <- 0b1, mip.STI <- 0b0)
mem[X,0x0000000080002E3C] -> 0x3103
mem[X,0x0000000080002E3E] -> 0x2901
[2818] [M]: 0x0000000080002E3C (0x29013103) ld x2, 0x290(x2)                        rtn_fm_mmode+28
mem[R,0x0000000080005290] -> 0x0000000000000000
x2 <- 0x0000000000000000

mem[X,0x0000000080002E40] -> 0x8067
mem[X,0x0000000080002E42] -> 0x0043
[2819] [M]: 0x0000000080002E40 (0x00438067) jalr x0, 0x4(x7)                        rtn_fm_mmode+32

clint mtime 0x0000000000000582 (mip.MTI <- 0b1, mip.STI <- 0b0)
mem[X,0x0000000080001458] -> 0x0013
mem[X,0x000000008000145A] -> 0x0000
[2820] [M]: 0x0000000080001458 (0x00000013) addi x0, x0, 0x0                        main+3160

mem[X,0x000000008000145C] -> 0x0013
mem[X,0x000000008000145E] -> 0x0000
[2821] [M]: 0x000000008000145C (0x00000013) addi x0, x0, 0x0                        main+3164

clint mtime 0x0000000000000583 (mip.MTI <- 0b1, mip.STI <- 0b0)
mem[X,0x0000000080001460] -> 0x7517
mem[X,0x0000000080001462] -> 0x0000
[2822] [M]: 0x0000000080001460 (0x00007517) auipc x10, 0x7                          main+3168
x10 <- 0x0000000080008460

mem[X,0x0000000080001464] -> 0x0513
mem[X,0x0000000080001466] -> 0xBA05
[2823] [M]: 0x0000000080001464 (0xBA050513) addi x10, x10, -0x460                   main+3172
x10 <- 0x0000000080008000

clint mtime 0x0000000000000584 (mip.MTI <- 0b1, mip.STI <- 0b0)
mem[X,0x0000000080001468] -> 0x0001
[2824] [M]: 0x0000000080001468 (0x0001) c.nop                                       main+3176

mem[X,0x000000008000146A] -> 0x0013
mem[X,0x000000008000146C] -> 0x0000
[2825] [M]: 0x000000008000146A (0x00000013) addi x0, x0, 0x0                        main+3178

clint mtime 0x0000000000000585 (mip.MTI <- 0b1, mip.STI <- 0b0)
mem[X,0x000000008000146E] -> 0x0013
mem[X,0x0000000080001470] -> 0x0000
[2826] [M]: 0x000000008000146E (0x00000013) addi x0, x0, 0x0                        main+3182

mem[X,0x0000000080001472] -> 0x0013
mem[X,0x0000000080001474] -> 0x0000
[2827] [M]: 0x0000000080001472 (0x00000013) addi x0, x0, 0x0                        main+3186

clint mtime 0x0000000000000586 (mip.MTI <- 0b1, mip.STI <- 0b0)
mem[X,0x0000000080001476] -> 0x0013
mem[X,0x0000000080001478] -> 0x0000
[2828] [M]: 0x0000000080001476 (0x00000013) addi x0, x0, 0x0                        main+3190

mem[X,0x000000008000147A] -> 0x0013
mem[X,0x000000008000147C] -> 0x0000
[2829] [M]: 0x000000008000147A (0x00000013) addi x0, x0, 0x0                        main+3194

clint mtime 0x0000000000000587 (mip.MTI <- 0b1, mip.STI <- 0b0)
mem[X,0x000000008000147E] -> 0x0001
[2830] [M]: 0x000000008000147E (0x0001) c.nop                                       main+3198

mem[X,0x0000000080001480] -> 0x0593
mem[X,0x0000000080001482] -> 0x0010
[2831] [M]: 0x0000000080001480 (0x00100593) addi x11, x0, 0x1                       main+3200
x11 <- 0x0000000000000001

clint mtime 0x0000000000000588 (mip.MTI <- 0b1, mip.STI <- 0b0)
mem[X,0x0000000080001484] -> 0x5513
mem[X,0x0000000080001486] -> 0x00C5
[2832] [M]: 0x0000000080001484 (0x00C55513) srli x10, x10, 0xc                      main+3204
x10 <- 0x0000000000080008

mem[X,0x0000000080001488] -> 0x1513
mem[X,0x000000008000148A] -> 0x00A5
[2833] [M]: 0x0000000080001488 (0x00A51513) slli x10, x10, 0xa                      main+3208
x10 <- 0x0000000020002000

clint mtime 0x0000000000000589 (mip.MTI <- 0b1, mip.STI <- 0b0)
mem[X,0x000000008000148C] -> 0x6533
mem[X,0x000000008000148E] -> 0x00B5
[2834] [M]: 0x000000008000148C (0x00B56533) or x10, x10, x11                        main+3212
x10 <- 0x0000000020002001

mem[X,0x0000000080001490] -> 0x0013
mem[X,0x0000000080001492] -> 0x0000
[2835] [M]: 0x0000000080001490 (0x00000013) addi x0, x0, 0x0                        main+3216

clint mtime 0x000000000000058A (mip.MTI <- 0b1, mip.STI <- 0b0)
mem[X,0x0000000080001494] -> 0x0013
mem[X,0x0000000080001496] -> 0x0000
[2836] [M]: 0x0000000080001494 (0x00000013) addi x0, x0, 0x0                        main+3220

mem[X,0x0000000080001498] -> 0x0013
mem[X,0x000000008000149A] -> 0x0000
[2837] [M]: 0x0000000080001498 (0x00000013) addi x0, x0, 0x0                        main+3224

clint mtime 0x000000000000058B (mip.MTI <- 0b1, mip.STI <- 0b0)
mem[X,0x000000008000149C] -> 0x0013
mem[X,0x000000008000149E] -> 0x0000
[2838] [M]: 0x000000008000149C (0x00000013) addi x0, x0, 0x0                        main+3228

mem[X,0x00000000800014A0] -> 0x8317
mem[X,0x00000000800014A2] -> 0x0000
[2839] [M]: 0x00000000800014A0 (0x00008317) auipc x6, 0x8                           main+3232
x6 <- 0x00000000800094A0

clint mtime 0x000000000000058C (mip.MTI <- 0b1, mip.STI <- 0b0)
mem[X,0x00000000800014A4] -> 0x0313
mem[X,0x00000000800014A6] -> 0xB603
[2840] [M]: 0x00000000800014A4 (0xB6030313) addi x6, x6, -0x4a0                     main+3236
x6 <- 0x0000000080009000

mem[X,0x00000000800014A8] -> 0x0001
[2841] [M]: 0x00000000800014A8 (0x0001) c.nop                                       main+3240

clint mtime 0x000000000000058D (mip.MTI <- 0b1, mip.STI <- 0b0)
mem[X,0x00000000800014AA] -> 0x0013
mem[X,0x00000000800014AC] -> 0x0000
[2842] [M]: 0x00000000800014AA (0x00000013) addi x0, x0, 0x0                        main+3242

mem[X,0x00000000800014AE] -> 0x0013
mem[X,0x00000000800014B0] -> 0x0000
[2843] [M]: 0x00000000800014AE (0x00000013) addi x0, x0, 0x0                        main+3246

clint mtime 0x000000000000058E (mip.MTI <- 0b1, mip.STI <- 0b0)
mem[X,0x00000000800014B2] -> 0x0013
mem[X,0x00000000800014B4] -> 0x0000
[2844] [M]: 0x00000000800014B2 (0x00000013) addi x0, x0, 0x0                        main+3250

mem[X,0x00000000800014B6] -> 0x0013
mem[X,0x00000000800014B8] -> 0x0000
[2845] [M]: 0x00000000800014B6 (0x00000013) addi x0, x0, 0x0                        main+3254

clint mtime 0x000000000000058F (mip.MTI <- 0b1, mip.STI <- 0b0)
mem[X,0x00000000800014BA] -> 0x0013
mem[X,0x00000000800014BC] -> 0x0000
[2846] [M]: 0x00000000800014BA (0x00000013) addi x0, x0, 0x0                        main+3258

mem[X,0x00000000800014BE] -> 0x0001
[2847] [M]: 0x00000000800014BE (0x0001) c.nop                                       main+3262

clint mtime 0x0000000000000590 (mip.MTI <- 0b1, mip.STI <- 0b0)
mem[X,0x00000000800014C0] -> 0x0293
mem[X,0x00000000800014C2] -> 0x0280
[2848] [M]: 0x00000000800014C0 (0x02800293) addi x5, x0, 0x28                       main+3264
x5 <- 0x0000000000000028

mem[X,0x00000000800014C4] -> 0x0333
mem[X,0x00000000800014C6] -> 0x0053
[2849] [M]: 0x00000000800014C4 (0x00530333) add x6, x6, x5                          main+3268
x6 <- 0x0000000080009028

clint mtime 0x0000000000000591 (mip.MTI <- 0b1, mip.STI <- 0b0)
mem[X,0x00000000800014C8] -> 0x3023
mem[X,0x00000000800014CA] -> 0x00A3
[2850] [M]: 0x00000000800014C8 (0x00A33023) sd x10, 0x0(x6)                         main+3272
mem[W,0x0000000080009028] <- 0x0000000020002001

mem[X,0x00000000800014CC] -> 0x0013
mem[X,0x00000000800014CE] -> 0x0000
[2851] [M]: 0x00000000800014CC (0x00000013) addi x0, x0, 0x0                        main+3276

clint mtime 0x0000000000000592 (mip.MTI <- 0b1, mip.STI <- 0b0)
mem[X,0x00000000800014D0] -> 0x0013
mem[X,0x00000000800014D2] -> 0x0000
[2852] [M]: 0x00000000800014D0 (0x00000013) addi x0, x0, 0x0                        main+3280

mem[X,0x00000000800014D4] -> 0x0013
mem[X,0x00000000800014D6] -> 0x0000
[2853] [M]: 0x00000000800014D4 (0x00000013) addi x0, x0, 0x0                        main+3284

clint mtime 0x0000000000000593 (mip.MTI <- 0b1, mip.STI <- 0b0)
mem[X,0x00000000800014D8] -> 0x0013
mem[X,0x00000000800014DA] -> 0x0000
[2854] [M]: 0x00000000800014D8 (0x00000013) addi x0, x0, 0x0                        main+3288

mem[X,0x00000000800014DC] -> 0x0013
mem[X,0x00000000800014DE] -> 0x0000
[2855] [M]: 0x00000000800014DC (0x00000013) addi x0, x0, 0x0                        main+3292

clint mtime 0x0000000000000594 (mip.MTI <- 0b1, mip.STI <- 0b0)
mem[X,0x00000000800014E0] -> 0x6517
mem[X,0x00000000800014E2] -> 0x0000
[2856] [M]: 0x00000000800014E0 (0x00006517) auipc x10, 0x6                          main+3296
x10 <- 0x00000000800074E0

mem[X,0x00000000800014E4] -> 0x0513
mem[X,0x00000000800014E6] -> 0xB205
[2857] [M]: 0x00000000800014E4 (0xB2050513) addi x10, x10, -0x4e0                   main+3300
x10 <- 0x0000000080007000

clint mtime 0x0000000000000595 (mip.MTI <- 0b1, mip.STI <- 0b0)
mem[X,0x00000000800014E8] -> 0x0001
[2858] [M]: 0x00000000800014E8 (0x0001) c.nop                                       main+3304

mem[X,0x00000000800014EA] -> 0x0013
mem[X,0x00000000800014EC] -> 0x0000
[2859] [M]: 0x00000000800014EA (0x00000013) addi x0, x0, 0x0                        main+3306

clint mtime 0x0000000000000596 (mip.MTI <- 0b1, mip.STI <- 0b0)
mem[X,0x00000000800014EE] -> 0x0013
mem[X,0x00000000800014F0] -> 0x0000
[2860] [M]: 0x00000000800014EE (0x00000013) addi x0, x0, 0x0                        main+3310

mem[X,0x00000000800014F2] -> 0x0013
mem[X,0x00000000800014F4] -> 0x0000
[2861] [M]: 0x00000000800014F2 (0x00000013) addi x0, x0, 0x0                        main+3314

clint mtime 0x0000000000000597 (mip.MTI <- 0b1, mip.STI <- 0b0)
mem[X,0x00000000800014F6] -> 0x0013
mem[X,0x00000000800014F8] -> 0x0000
[2862] [M]: 0x00000000800014F6 (0x00000013) addi x0, x0, 0x0                        main+3318

mem[X,0x00000000800014FA] -> 0x0013
mem[X,0x00000000800014FC] -> 0x0000
[2863] [M]: 0x00000000800014FA (0x00000013) addi x0, x0, 0x0                        main+3322

clint mtime 0x0000000000000598 (mip.MTI <- 0b1, mip.STI <- 0b0)
mem[X,0x00000000800014FE] -> 0x0001
[2864] [M]: 0x00000000800014FE (0x0001) c.nop                                       main+3326

mem[X,0x0000000080001500] -> 0x0593
mem[X,0x0000000080001502] -> 0x0010
[2865] [M]: 0x0000000080001500 (0x00100593) addi x11, x0, 0x1                       main+3328
x11 <- 0x0000000000000001

clint mtime 0x0000000000000599 (mip.MTI <- 0b1, mip.STI <- 0b0)
mem[X,0x0000000080001504] -> 0x5513
mem[X,0x0000000080001506] -> 0x00C5
[2866] [M]: 0x0000000080001504 (0x00C55513) srli x10, x10, 0xc                      main+3332
x10 <- 0x0000000000080007

mem[X,0x0000000080001508] -> 0x1513
mem[X,0x000000008000150A] -> 0x00A5
[2867] [M]: 0x0000000080001508 (0x00A51513) slli x10, x10, 0xa                      main+3336
x10 <- 0x0000000020001C00

clint mtime 0x000000000000059A (mip.MTI <- 0b1, mip.STI <- 0b0)
mem[X,0x000000008000150C] -> 0x6533
mem[X,0x000000008000150E] -> 0x00B5
[2868] [M]: 0x000000008000150C (0x00B56533) or x10, x10, x11                        main+3340
x10 <- 0x0000000020001C01

mem[X,0x0000000080001510] -> 0x0013
mem[X,0x0000000080001512] -> 0x0000
[2869] [M]: 0x0000000080001510 (0x00000013) addi x0, x0, 0x0                        main+3344

clint mtime 0x000000000000059B (mip.MTI <- 0b1, mip.STI <- 0b0)
mem[X,0x0000000080001514] -> 0x0013
mem[X,0x0000000080001516] -> 0x0000
[2870] [M]: 0x0000000080001514 (0x00000013) addi x0, x0, 0x0                        main+3348

mem[X,0x0000000080001518] -> 0x0013
mem[X,0x000000008000151A] -> 0x0000
[2871] [M]: 0x0000000080001518 (0x00000013) addi x0, x0, 0x0                        main+3352

clint mtime 0x000000000000059C (mip.MTI <- 0b1, mip.STI <- 0b0)
mem[X,0x000000008000151C] -> 0x0013
mem[X,0x000000008000151E] -> 0x0000
[2872] [M]: 0x000000008000151C (0x00000013) addi x0, x0, 0x0                        main+3356

mem[X,0x0000000080001520] -> 0x7317
mem[X,0x0000000080001522] -> 0x0000
[2873] [M]: 0x0000000080001520 (0x00007317) auipc x6, 0x7                           main+3360
x6 <- 0x0000000080008520

clint mtime 0x000000000000059D (mip.MTI <- 0b1, mip.STI <- 0b0)
mem[X,0x0000000080001524] -> 0x0313
mem[X,0x0000000080001526] -> 0xAE03
[2874] [M]: 0x0000000080001524 (0xAE030313) addi x6, x6, -0x520                     main+3364
x6 <- 0x0000000080008000

mem[X,0x0000000080001528] -> 0x0001
[2875] [M]: 0x0000000080001528 (0x0001) c.nop                                       main+3368

clint mtime 0x000000000000059E (mip.MTI <- 0b1, mip.STI <- 0b0)
mem[X,0x000000008000152A] -> 0x0013
mem[X,0x000000008000152C] -> 0x0000
[2876] [M]: 0x000000008000152A (0x00000013) addi x0, x0, 0x0                        main+3370

mem[X,0x000000008000152E] -> 0x0013
mem[X,0x0000000080001530] -> 0x0000
[2877] [M]: 0x000000008000152E (0x00000013) addi x0, x0, 0x0                        main+3374

clint mtime 0x000000000000059F (mip.MTI <- 0b1, mip.STI <- 0b0)
mem[X,0x0000000080001532] -> 0x0013
mem[X,0x0000000080001534] -> 0x0000
[2878] [M]: 0x0000000080001532 (0x00000013) addi x0, x0, 0x0                        main+3378

mem[X,0x0000000080001536] -> 0x0013
mem[X,0x0000000080001538] -> 0x0000
[2879] [M]: 0x0000000080001536 (0x00000013) addi x0, x0, 0x0                        main+3382

clint mtime 0x00000000000005A0 (mip.MTI <- 0b1, mip.STI <- 0b0)
mem[X,0x000000008000153A] -> 0x0013
mem[X,0x000000008000153C] -> 0x0000
[2880] [M]: 0x000000008000153A (0x00000013) addi x0, x0, 0x0                        main+3386

mem[X,0x000000008000153E] -> 0x0001
[2881] [M]: 0x000000008000153E (0x0001) c.nop                                       main+3390

clint mtime 0x00000000000005A1 (mip.MTI <- 0b1, mip.STI <- 0b0)
mem[X,0x0000000080001540] -> 0x0293
mem[X,0x0000000080001542] -> 0x0000
[2882] [M]: 0x0000000080001540 (0x00000293) addi x5, x0, 0x0                        main+3392
x5 <- 0x0000000000000000

mem[X,0x0000000080001544] -> 0x0333
mem[X,0x0000000080001546] -> 0x0053
[2883] [M]: 0x0000000080001544 (0x00530333) add x6, x6, x5                          main+3396
x6 <- 0x0000000080008000

clint mtime 0x00000000000005A2 (mip.MTI <- 0b1, mip.STI <- 0b0)
mem[X,0x0000000080001548] -> 0x3023
mem[X,0x000000008000154A] -> 0x00A3
[2884] [M]: 0x0000000080001548 (0x00A33023) sd x10, 0x0(x6)                         main+3400
mem[W,0x0000000080008000] <- 0x0000000020001C01

mem[X,0x000000008000154C] -> 0x0013
mem[X,0x000000008000154E] -> 0x0000
[2885] [M]: 0x000000008000154C (0x00000013) addi x0, x0, 0x0                        main+3404

clint mtime 0x00000000000005A3 (mip.MTI <- 0b1, mip.STI <- 0b0)
mem[X,0x0000000080001550] -> 0x0013
mem[X,0x0000000080001552] -> 0x0000
[2886] [M]: 0x0000000080001550 (0x00000013) addi x0, x0, 0x0                        main+3408

mem[X,0x0000000080001554] -> 0x0013
mem[X,0x0000000080001556] -> 0x0000
[2887] [M]: 0x0000000080001554 (0x00000013) addi x0, x0, 0x0                        main+3412

clint mtime 0x00000000000005A4 (mip.MTI <- 0b1, mip.STI <- 0b0)
mem[X,0x0000000080001558] -> 0x0013
mem[X,0x000000008000155A] -> 0x0000
[2888] [M]: 0x0000000080001558 (0x00000013) addi x0, x0, 0x0                        main+3416

mem[X,0x000000008000155C] -> 0x0013
mem[X,0x000000008000155E] -> 0x0000
[2889] [M]: 0x000000008000155C (0x00000013) addi x0, x0, 0x0                        main+3420

clint mtime 0x00000000000005A5 (mip.MTI <- 0b1, mip.STI <- 0b0)
mem[X,0x0000000080001560] -> 0xF517
mem[X,0x0000000080001562] -> 0xFFFF
[2890] [M]: 0x0000000080001560 (0xFFFFF517) auipc x10, -0x1                         main+3424
x10 <- 0x0000000080000560

mem[X,0x0000000080001564] -> 0x0513
mem[X,0x0000000080001566] -> 0xEA05
[2891] [M]: 0x0000000080001564 (0xEA050513) addi x10, x10, -0x160                   main+3428
x10 <- 0x0000000080000400

clint mtime 0x00000000000005A6 (mip.MTI <- 0b1, mip.STI <- 0b0)
mem[X,0x0000000080001568] -> 0x0001
[2892] [M]: 0x0000000080001568 (0x0001) c.nop                                       main+3432

mem[X,0x000000008000156A] -> 0x0013
mem[X,0x000000008000156C] -> 0x0000
[2893] [M]: 0x000000008000156A (0x00000013) addi x0, x0, 0x0                        main+3434

clint mtime 0x00000000000005A7 (mip.MTI <- 0b1, mip.STI <- 0b0)
mem[X,0x000000008000156E] -> 0x0013
mem[X,0x0000000080001570] -> 0x0000
[2894] [M]: 0x000000008000156E (0x00000013) addi x0, x0, 0x0                        main+3438

mem[X,0x0000000080001572] -> 0x0013
mem[X,0x0000000080001574] -> 0x0000
[2895] [M]: 0x0000000080001572 (0x00000013) addi x0, x0, 0x0                        main+3442

clint mtime 0x00000000000005A8 (mip.MTI <- 0b1, mip.STI <- 0b0)
mem[X,0x0000000080001576] -> 0x0013
mem[X,0x0000000080001578] -> 0x0000
[2896] [M]: 0x0000000080001576 (0x00000013) addi x0, x0, 0x0                        main+3446

mem[X,0x000000008000157A] -> 0x0013
mem[X,0x000000008000157C] -> 0x0000
[2897] [M]: 0x000000008000157A (0x00000013) addi x0, x0, 0x0                        main+3450

clint mtime 0x00000000000005A9 (mip.MTI <- 0b1, mip.STI <- 0b0)
mem[X,0x000000008000157E] -> 0x0001
[2898] [M]: 0x000000008000157E (0x0001) c.nop                                       main+3454

mem[X,0x0000000080001580] -> 0x0593
mem[X,0x0000000080001582] -> 0x0CF0
[2899] [M]: 0x0000000080001580 (0x0CF00593) addi x11, x0, 0xcf                      main+3456
x11 <- 0x00000000000000CF

clint mtime 0x00000000000005AA (mip.MTI <- 0b1, mip.STI <- 0b0)
mem[X,0x0000000080001584] -> 0x5513
mem[X,0x0000000080001586] -> 0x00C5
[2900] [M]: 0x0000000080001584 (0x00C55513) srli x10, x10, 0xc                      main+3460
x10 <- 0x0000000000080000

mem[X,0x0000000080001588] -> 0x1513
mem[X,0x000000008000158A] -> 0x00A5
[2901] [M]: 0x0000000080001588 (0x00A51513) slli x10, x10, 0xa                      main+3464
x10 <- 0x0000000020000000

clint mtime 0x00000000000005AB (mip.MTI <- 0b1, mip.STI <- 0b0)
mem[X,0x000000008000158C] -> 0x6533
mem[X,0x000000008000158E] -> 0x00B5
[2902] [M]: 0x000000008000158C (0x00B56533) or x10, x10, x11                        main+3468
x10 <- 0x00000000200000CF

mem[X,0x0000000080001590] -> 0x0013
mem[X,0x0000000080001592] -> 0x0000
[2903] [M]: 0x0000000080001590 (0x00000013) addi x0, x0, 0x0                        main+3472

clint mtime 0x00000000000005AC (mip.MTI <- 0b1, mip.STI <- 0b0)
mem[X,0x0000000080001594] -> 0x0013
mem[X,0x0000000080001596] -> 0x0000
[2904] [M]: 0x0000000080001594 (0x00000013) addi x0, x0, 0x0                        main+3476

mem[X,0x0000000080001598] -> 0x0013
mem[X,0x000000008000159A] -> 0x0000
[2905] [M]: 0x0000000080001598 (0x00000013) addi x0, x0, 0x0                        main+3480

clint mtime 0x00000000000005AD (mip.MTI <- 0b1, mip.STI <- 0b0)
mem[X,0x000000008000159C] -> 0x0013
mem[X,0x000000008000159E] -> 0x0000
[2906] [M]: 0x000000008000159C (0x00000013) addi x0, x0, 0x0                        main+3484

mem[X,0x00000000800015A0] -> 0x6317
mem[X,0x00000000800015A2] -> 0x0000
[2907] [M]: 0x00000000800015A0 (0x00006317) auipc x6, 0x6                           main+3488
x6 <- 0x00000000800075A0

clint mtime 0x00000000000005AE (mip.MTI <- 0b1, mip.STI <- 0b0)
mem[X,0x00000000800015A4] -> 0x0313
mem[X,0x00000000800015A6] -> 0xA603
[2908] [M]: 0x00000000800015A4 (0xA6030313) addi x6, x6, -0x5a0                     main+3492
x6 <- 0x0000000080007000

mem[X,0x00000000800015A8] -> 0x0001
[2909] [M]: 0x00000000800015A8 (0x0001) c.nop                                       main+3496

clint mtime 0x00000000000005AF (mip.MTI <- 0b1, mip.STI <- 0b0)
mem[X,0x00000000800015AA] -> 0x0013
mem[X,0x00000000800015AC] -> 0x0000
[2910] [M]: 0x00000000800015AA (0x00000013) addi x0, x0, 0x0                        main+3498

mem[X,0x00000000800015AE] -> 0x0013
mem[X,0x00000000800015B0] -> 0x0000
[2911] [M]: 0x00000000800015AE (0x00000013) addi x0, x0, 0x0                        main+3502

clint mtime 0x00000000000005B0 (mip.MTI <- 0b1, mip.STI <- 0b0)
mem[X,0x00000000800015B2] -> 0x0013
mem[X,0x00000000800015B4] -> 0x0000
[2912] [M]: 0x00000000800015B2 (0x00000013) addi x0, x0, 0x0                        main+3506

mem[X,0x00000000800015B6] -> 0x0013
mem[X,0x00000000800015B8] -> 0x0000
[2913] [M]: 0x00000000800015B6 (0x00000013) addi x0, x0, 0x0                        main+3510

clint mtime 0x00000000000005B1 (mip.MTI <- 0b1, mip.STI <- 0b0)
mem[X,0x00000000800015BA] -> 0x0013
mem[X,0x00000000800015BC] -> 0x0000
[2914] [M]: 0x00000000800015BA (0x00000013) addi x0, x0, 0x0                        main+3514

mem[X,0x00000000800015BE] -> 0x0001
[2915] [M]: 0x00000000800015BE (0x0001) c.nop                                       main+3518

clint mtime 0x00000000000005B2 (mip.MTI <- 0b1, mip.STI <- 0b0)
mem[X,0x00000000800015C0] -> 0x0293
mem[X,0x00000000800015C2] -> 0x0000
[2916] [M]: 0x00000000800015C0 (0x00000293) addi x5, x0, 0x0                        main+3520
x5 <- 0x0000000000000000

mem[X,0x00000000800015C4] -> 0x0333
mem[X,0x00000000800015C6] -> 0x0053
[2917] [M]: 0x00000000800015C4 (0x00530333) add x6, x6, x5                          main+3524
x6 <- 0x0000000080007000

clint mtime 0x00000000000005B3 (mip.MTI <- 0b1, mip.STI <- 0b0)
mem[X,0x00000000800015C8] -> 0x3023
mem[X,0x00000000800015CA] -> 0x00A3
[2918] [M]: 0x00000000800015C8 (0x00A33023) sd x10, 0x0(x6)                         main+3528
mem[W,0x0000000080007000] <- 0x00000000200000CF

mem[X,0x00000000800015CC] -> 0x0073
mem[X,0x00000000800015CE] -> 0x1200
[2919] [M]: 0x00000000800015CC (0x12000073) sfence.vma x0, x0                       main+3532

clint mtime 0x00000000000005B4 (mip.MTI <- 0b1, mip.STI <- 0b0)
mem[X,0x00000000800015D0] -> 0x0493
mem[X,0x00000000800015D2] -> 0x0010
[2920] [M]: 0x00000000800015D0 (0x00100493) addi x9, x0, 0x1                        main+3536
x9 <- 0x0000000000000001

mem[X,0x00000000800015D4] -> 0x9493
mem[X,0x00000000800015D6] -> 0x00B4
[2921] [M]: 0x00000000800015D4 (0x00B49493) slli x9, x9, 0xb                        main+3540
x9 <- 0x0000000000000800

clint mtime 0x00000000000005B5 (mip.MTI <- 0b1, mip.STI <- 0b0)
mem[X,0x00000000800015D8] -> 0xB073
mem[X,0x00000000800015DA] -> 0x3004
[2922] [M]: 0x00000000800015D8 (0x3004B073) csrrc x0, mstatus, x9                   main+3544
CSR mstatus (0x300) <- 0x0000000A00040000

mem[X,0x00000000800015DC] -> 0x0493
mem[X,0x00000000800015DE] -> 0x0010
[2923] [M]: 0x00000000800015DC (0x00100493) addi x9, x0, 0x1                        main+3548
x9 <- 0x0000000000000001

clint mtime 0x00000000000005B6 (mip.MTI <- 0b1, mip.STI <- 0b0)
mem[X,0x00000000800015E0] -> 0x9493
mem[X,0x00000000800015E2] -> 0x00B4
[2924] [M]: 0x00000000800015E0 (0x00B49493) slli x9, x9, 0xb                        main+3552
x9 <- 0x0000000000000800

mem[X,0x00000000800015E4] -> 0xA073
mem[X,0x00000000800015E6] -> 0x3004
[2925] [M]: 0x00000000800015E4 (0x3004A073) csrrs x0, mstatus, x9                   main+3556
CSR mstatus (0x300) <- 0x0000000A00040800

clint mtime 0x00000000000005B7 (mip.MTI <- 0b1, mip.STI <- 0b0)
mem[X,0x00000000800015E8] -> 0x23F3
mem[X,0x00000000800015EA] -> 0x3400
[2926] [M]: 0x00000000800015E8 (0x340023F3) csrrs x7, mscratch, x0                  main+3560
CSR mscratch (0x340) -> 0x0000000080005000
x7 <- 0x0000000080005000

mem[X,0x00000000800015EC] -> 0xB303
mem[X,0x00000000800015EE] -> 0x4703
[2927] [M]: 0x00000000800015EC (0x4703B303) ld x6, 0x470(x7)                        main+3564
mem[R,0x0000000080005470] -> 0x00000300800007BC
x6 <- 0x00000300800007BC

clint mtime 0x00000000000005B8 (mip.MTI <- 0b1, mip.STI <- 0b0)
mem[X,0x00000000800015F0] -> 0xB483
mem[X,0x00000000800015F2] -> 0x1D83
[2928] [M]: 0x00000000800015F0 (0x1D83B483) ld x9, 0x1d8(x7)                        main+3568
mem[R,0x00000000800051D8] -> 0x00000000800007D4
x9 <- 0x00000000800007D4

mem[X,0x00000000800015F4] -> 0x0333
mem[X,0x00000000800015F6] -> 0x4093
[2929] [M]: 0x00000000800015F4 (0x40930333) sub x6, x6, x9                          main+3572
x6 <- 0x000002FFFFFFFFE8

clint mtime 0x00000000000005B9 (mip.MTI <- 0b1, mip.STI <- 0b0)
mem[X,0x00000000800015F8] -> 0x0313
mem[X,0x00000000800015FA] -> 0x0103
[2930] [M]: 0x00000000800015F8 (0x01030313) addi x6, x6, 0x10                       main+3576
x6 <- 0x000002FFFFFFFFF8

mem[X,0x00000000800015FC] -> 0x0497
mem[X,0x00000000800015FE] -> 0x0000
[2931] [M]: 0x00000000800015FC (0x00000497) auipc x9, 0x0                           main+3580
x9 <- 0x00000000800015FC

clint mtime 0x00000000000005BA (mip.MTI <- 0b1, mip.STI <- 0b0)
mem[X,0x0000000080001600] -> 0x84B3
mem[X,0x0000000080001602] -> 0x0064
[2932] [M]: 0x0000000080001600 (0x006484B3) add x9, x9, x6                          main+3584
x9 <- 0x00000300800015F4

mem[X,0x0000000080001604] -> 0x94F3
mem[X,0x0000000080001606] -> 0x3414
[2933] [M]: 0x0000000080001604 (0x341494F3) csrrw x9, mepc, x9                      main+3588
CSR mepc (0x341) <- 0x00000300800015F4
x9 <- 0x000003008000143C

clint mtime 0x00000000000005BB (mip.MTI <- 0b1, mip.STI <- 0b0)
mem[X,0x0000000080001608] -> 0x0073
mem[X,0x000000008000160A] -> 0x3020
[2934] [M]: 0x0000000080001608 (0x30200073) mret                                    main+3592
CSR mstatus (0x300) <- 0x0000000A00040080
ret-ing from M to S

PTW: Start, vpn=0x30080001, access_type=X, privilege=Smem[R,0x0000000080009030] -> 0x00000000000000CB
PTW: Step, level=3, pte=0xCB, pte_addr=0x80009030
PTW: Success, final_ppn=0x80001, level=3mem[X,0x00000000800015F4] -> 0x0333
PTW: Start, vpn=0x30080001, access_type=X, privilege=Smem[R,0x0000000080009030] -> 0x00000000000000CB
PTW: Step, level=3, pte=0xCB, pte_addr=0x80009030
PTW: Success, final_ppn=0x80001, level=3mem[X,0x00000000800015F6] -> 0x4093
[2935] [S]: 0x00000300800015F4 (0x40930333) sub x6, x6, x9                          va_rvtest_code_begin+3640
x6 <- 0xFFFFFFFF7FFFEBBC

clint mtime 0x00000000000005BC (mip.MTI <- 0b1, mip.STI <- 0b0)
PTW: Start, vpn=0x30080001, access_type=X, privilege=Smem[R,0x0000000080009030] -> 0x00000000000000CB
PTW: Step, level=3, pte=0xCB, pte_addr=0x80009030
PTW: Success, final_ppn=0x80001, level=3mem[X,0x00000000800015F8] -> 0x0313
PTW: Start, vpn=0x30080001, access_type=X, privilege=Smem[R,0x0000000080009030] -> 0x00000000000000CB
PTW: Step, level=3, pte=0xCB, pte_addr=0x80009030
PTW: Success, final_ppn=0x80001, level=3mem[X,0x00000000800015FA] -> 0x0103
[2936] [S]: 0x00000300800015F8 (0x01030313) addi x6, x6, 0x10                       va_rvtest_code_begin+3644
x6 <- 0xFFFFFFFF7FFFEBCC

PTW: Start, vpn=0x30080001, access_type=X, privilege=Smem[R,0x0000000080009030] -> 0x00000000000000CB
PTW: Step, level=3, pte=0xCB, pte_addr=0x80009030
PTW: Success, final_ppn=0x80001, level=3mem[X,0x00000000800015FC] -> 0x0497
PTW: Start, vpn=0x30080001, access_type=X, privilege=Smem[R,0x0000000080009030] -> 0x00000000000000CB
PTW: Step, level=3, pte=0xCB, pte_addr=0x80009030
PTW: Success, final_ppn=0x80001, level=3mem[X,0x00000000800015FE] -> 0x0000
[2937] [S]: 0x00000300800015FC (0x00000497) auipc x9, 0x0                           va_rvtest_code_begin+3648
x9 <- 0x00000300800015FC

clint mtime 0x00000000000005BD (mip.MTI <- 0b1, mip.STI <- 0b0)
PTW: Start, vpn=0x30080001, access_type=X, privilege=Smem[R,0x0000000080009030] -> 0x00000000000000CB
PTW: Step, level=3, pte=0xCB, pte_addr=0x80009030
PTW: Success, final_ppn=0x80001, level=3mem[X,0x0000000080001600] -> 0x84B3
PTW: Start, vpn=0x30080001, access_type=X, privilege=Smem[R,0x0000000080009030] -> 0x00000000000000CB
PTW: Step, level=3, pte=0xCB, pte_addr=0x80009030
PTW: Success, final_ppn=0x80001, level=3mem[X,0x0000000080001602] -> 0x0064
[2938] [S]: 0x0000030080001600 (0x006484B3) add x9, x9, x6                          va_rvtest_code_begin+3652
x9 <- 0x00000300000001C8

PTW: Start, vpn=0x30080001, access_type=X, privilege=Smem[R,0x0000000080009030] -> 0x00000000000000CB
PTW: Step, level=3, pte=0xCB, pte_addr=0x80009030
PTW: Success, final_ppn=0x80001, level=3mem[X,0x0000000080001604] -> 0x94F3
PTW: Start, vpn=0x30080001, access_type=X, privilege=Smem[R,0x0000000080009030] -> 0x00000000000000CB
PTW: Step, level=3, pte=0xCB, pte_addr=0x80009030
PTW: Success, final_ppn=0x80001, level=3mem[X,0x0000000080001606] -> 0x3414
[2939] [S]: 0x0000030080001604 (0x341494F3) csrrw x9, mepc, x9                      va_rvtest_code_begin+3656
trapping from S to M to handle illegal-instruction
handling exc#illegal-instruction at priv M with tval 0x00000000341494F3
CSR mstatus (0x300) <- 0x0000000A00040800
CSR mcause (0x342) <- 0x0000000000000002
CSR mtval (0x343) <- 0x00000000341494F3
CSR mepc (0x341) <- 0x0000030080001604

clint mtime 0x00000000000005BE (mip.MTI <- 0b1, mip.STI <- 0b0)
mem[X,0x0000000080002500] -> 0x006F
mem[X,0x0000000080002502] -> 0x1000
[2940] [M]: 0x0000000080002500 (0x1000006F) jal x0, 0x100                           Mtrampoline+0

mem[X,0x0000000080002600] -> 0x1173
mem[X,0x0000000080002602] -> 0x3401
[2941] [M]: 0x0000000080002600 (0x34011173) csrrw x2, mscratch, x2                  trap_Mhandler+0
CSR mscratch (0x340) <- 0x0000000000000000
x2 <- 0x0000000080005000

clint mtime 0x00000000000005BF (mip.MTI <- 0b1, mip.STI <- 0b0)
mem[X,0x0000000080002604] -> 0x3423
mem[X,0x0000000080002606] -> 0x28B1
[2942] [M]: 0x0000000080002604 (0x28B13423) sd x11, 0x288(x2)                       trap_Mhandler+4
mem[W,0x0000000080005288] <- 0x00000000000000CF

mem[X,0x0000000080002608] -> 0x05EF
mem[X,0x000000008000260A] -> 0x0B80
[2943] [M]: 0x0000000080002608 (0x0B8005EF) jal x11, 0xb8                           trap_Mhandler+8
x11 <- 0x000000008000260C

clint mtime 0x00000000000005C0 (mip.MTI <- 0b1, mip.STI <- 0b0)
mem[X,0x00000000800026C0] -> 0x3023
mem[X,0x00000000800026C2] -> 0x28A1
[2944] [M]: 0x00000000800026C0 (0x28A13023) sd x10, 0x280(x2)                       common_Mhandler+0
mem[W,0x0000000080005280] <- 0x00000000200000CF

mem[X,0x00000000800026C4] -> 0x1573
mem[X,0x00000000800026C6] -> 0x3401
[2945] [M]: 0x00000000800026C4 (0x34011573) csrrw x10, mscratch, x2                 common_Mhandler+4
CSR mscratch (0x340) <- 0x0000000080005000
x10 <- 0x0000000000000000

clint mtime 0x00000000000005C1 (mip.MTI <- 0b1, mip.STI <- 0b0)
mem[X,0x00000000800026C8] -> 0x3823
mem[X,0x00000000800026CA] -> 0x28A1
[2946] [M]: 0x00000000800026C8 (0x28A13823) sd x10, 0x290(x2)                       common_Mhandler+8
mem[W,0x0000000080005290] <- 0x0000000000000000

mem[X,0x00000000800026CC] -> 0x3503
mem[X,0x00000000800026CE] -> 0x2301
[2947] [M]: 0x00000000800026CC (0x23013503) ld x10, 0x230(x2)                       common_Mhandler+12
mem[R,0x0000000080005230] -> 0x00000000800026D4
x10 <- 0x00000000800026D4

clint mtime 0x00000000000005C2 (mip.MTI <- 0b1, mip.STI <- 0b0)
mem[X,0x00000000800026D0] -> 0x0067
mem[X,0x00000000800026D2] -> 0x0005
[2948] [M]: 0x00000000800026D0 (0x00050067) jalr x0, 0x0(x10)                       common_Mhandler+16

mem[X,0x00000000800026D4] -> 0x3C23
mem[X,0x00000000800026D6] -> 0x2691
[2949] [M]: 0x00000000800026D4 (0x26913C23) sd x9, 0x278(x2)                        common_Mentry+0
mem[W,0x0000000080005278] <- 0x00000300000001C8

clint mtime 0x00000000000005C3 (mip.MTI <- 0b1, mip.STI <- 0b0)
mem[X,0x00000000800026D8] -> 0x3823
mem[X,0x00000000800026DA] -> 0x2681
[2950] [M]: 0x00000000800026D8 (0x26813823) sd x8, 0x270(x2)                        common_Mentry+4
mem[W,0x0000000080005270] <- 0x0000000000007F76

mem[X,0x00000000800026DC] -> 0x3423
mem[X,0x00000000800026DE] -> 0x2671
[2951] [M]: 0x00000000800026DC (0x26713423) sd x7, 0x268(x2)                        common_Mentry+8
mem[W,0x0000000080005268] <- 0x0000000080005000

clint mtime 0x00000000000005C4 (mip.MTI <- 0b1, mip.STI <- 0b0)
mem[X,0x00000000800026E0] -> 0x3023
mem[X,0x00000000800026E2] -> 0x2661
[2952] [M]: 0x00000000800026E0 (0x26613023) sd x6, 0x260(x2)                        common_Mentry+12
mem[W,0x0000000080005260] <- 0xFFFFFFFF7FFFEBCC

mem[X,0x00000000800026E4] -> 0x2573
mem[X,0x00000000800026E6] -> 0x3420
[2953] [M]: 0x00000000800026E4 (0x34202573) csrrs x10, mcause, x0                   spcl_M2mmode_test+0
CSR mcause (0x342) -> 0x0000000000000002
x10 <- 0x0000000000000002

clint mtime 0x00000000000005C5 (mip.MTI <- 0b1, mip.STI <- 0b0)
mem[X,0x00000000800026E8] -> 0x04B7
mem[X,0x00000000800026EA] -> 0x8000
[2954] [M]: 0x00000000800026E8 (0x800004B7) lui x9, -0x80000                        spcl_M2mmode_test+4
x9 <- 0xFFFFFFFF80000000

mem[X,0x00000000800026EC] -> 0x8493
mem[X,0x00000000800026EE] -> 0x0004
[2955] [M]: 0x00000000800026EC (0x00048493) addi x9, x9, 0x0                        spcl_M2mmode_test+8
x9 <- 0xFFFFFFFF80000000

clint mtime 0x00000000000005C6 (mip.MTI <- 0b1, mip.STI <- 0b0)
mem[X,0x00000000800026F0] -> 0x9493
mem[X,0x00000000800026F2] -> 0x00B4
[2956] [M]: 0x00000000800026F0 (0x00B49493) slli x9, x9, 0xb                        spcl_M2mmode_test+12
x9 <- 0xFFFFFC0000000000

mem[X,0x00000000800026F4] -> 0x8493
mem[X,0x00000000800026F6] -> 0x0004
[2957] [M]: 0x00000000800026F4 (0x00048493) addi x9, x9, 0x0                        spcl_M2mmode_test+16
x9 <- 0xFFFFFC0000000000

clint mtime 0x00000000000005C7 (mip.MTI <- 0b1, mip.STI <- 0b0)
mem[X,0x00000000800026F8] -> 0x9493
mem[X,0x00000000800026FA] -> 0x00B4
[2958] [M]: 0x00000000800026F8 (0x00B49493) slli x9, x9, 0xb                        spcl_M2mmode_test+20
x9 <- 0xFFE0000000000000

mem[X,0x00000000800026FC] -> 0x8493
mem[X,0x00000000800026FE] -> 0x0034
[2959] [M]: 0x00000000800026FC (0x00348493) addi x9, x9, 0x3                        spcl_M2mmode_test+24
x9 <- 0xFFE0000000000003

clint mtime 0x00000000000005C8 (mip.MTI <- 0b1, mip.STI <- 0b0)
mem[X,0x0000000080002700] -> 0x9493
mem[X,0x0000000080002702] -> 0x00A4
[2960] [M]: 0x0000000080002700 (0x00A49493) slli x9, x9, 0xa                        spcl_M2mmode_test+28
x9 <- 0x8000000000000C00

mem[X,0x0000000080002704] -> 0x8493
mem[X,0x0000000080002706] -> 0x3FC4
[2961] [M]: 0x0000000080002704 (0x3FC48493) addi x9, x9, 0x3fc                      spcl_M2mmode_test+32
x9 <- 0x8000000000000FFC

clint mtime 0x00000000000005C9 (mip.MTI <- 0b1, mip.STI <- 0b0)
mem[X,0x0000000080002708] -> 0xF4B3
mem[X,0x000000008000270A] -> 0x00A4
[2962] [M]: 0x0000000080002708 (0x00A4F4B3) and x9, x9, x10                         spcl_M2mmode_test+36
x9 <- 0x0000000000000000

mem[X,0x000000008000270C] -> 0x8493
mem[X,0x000000008000270E] -> 0xFF84
[2963] [M]: 0x000000008000270C (0xFF848493) addi x9, x9, -0x8                       spcl_M2mmode_test+40
x9 <- 0xFFFFFFFFFFFFFFF8

clint mtime 0x00000000000005CA (mip.MTI <- 0b1, mip.STI <- 0b0)
mem[X,0x0000000080002710] -> 0x9663
mem[X,0x0000000080002712] -> 0x0004
[2964] [M]: 0x0000000080002710 (0x00049663) bne x9, x0, 0xc                         spcl_M2mmode_test+44

mem[X,0x000000008000271C] -> 0x0393
mem[X,0x000000008000271E] -> 0x0200
[2965] [M]: 0x000000008000271C (0x02000393) addi x7, x0, 0x20                       Mtrapsig_ptr_upd+0
x7 <- 0x0000000000000020

clint mtime 0x00000000000005CB (mip.MTI <- 0b1, mip.STI <- 0b0)
mem[X,0x0000000080002720] -> 0x5263
mem[X,0x0000000080002722] -> 0x0405
[2966] [M]: 0x0000000080002720 (0x04055263) bge x10, x0, 0x44                       Mtrapsig_ptr_upd+4

mem[X,0x0000000080002764] -> 0x2373
mem[X,0x0000000080002766] -> 0x3010
[2967] [M]: 0x0000000080002764 (0x30102373) csrrs x6, misa, x0                      Mxcpt_sig_sv+0
CSR misa (0x301) -> 0x800000000034112F
x6 <- 0x800000000034112F

clint mtime 0x00000000000005CC (mip.MTI <- 0b1, mip.STI <- 0b0)
mem[X,0x0000000080002768] -> 0x1313
mem[X,0x000000008000276A] -> 0x0383
[2968] [M]: 0x0000000080002768 (0x03831313) slli x6, x6, 0x38                       Mxcpt_sig_sv+4
x6 <- 0x2F00000000000000

mem[X,0x000000008000276C] -> 0x5463
mem[X,0x000000008000276E] -> 0x0003
[2969] [M]: 0x000000008000276C (0x00035463) bge x6, x0, 0x8                         Mxcpt_sig_sv+8

clint mtime 0x00000000000005CD (mip.MTI <- 0b1, mip.STI <- 0b0)
mem[X,0x0000000080002774] -> 0x3303
mem[X,0x0000000080002776] -> 0x2181
[2970] [M]: 0x0000000080002774 (0x21813303) ld x6, 0x218(x2)                        Mtrap_sig_sv+0
mem[R,0x0000000080005218] -> 0x000000008000A6D8
x6 <- 0x000000008000A6D8

mem[X,0x0000000080002778] -> 0x04B3
mem[X,0x000000008000277A] -> 0x0073
[2971] [M]: 0x0000000080002778 (0x007304B3) add x9, x6, x7                          Mtrap_sig_sv+4
x9 <- 0x000000008000A6F8

clint mtime 0x00000000000005CE (mip.MTI <- 0b1, mip.STI <- 0b0)
mem[X,0x000000008000277C] -> 0x3C23
mem[X,0x000000008000277E] -> 0x2091
[2972] [M]: 0x000000008000277C (0x20913C23) sd x9, 0x218(x2)                        Mtrap_sig_sv+8
mem[W,0x0000000080005218] <- 0x000000008000A6F8

mem[X,0x0000000080002780] -> 0x3403
mem[X,0x0000000080002782] -> 0x1F81
[2973] [M]: 0x0000000080002780 (0x1F813403) ld x8, 0x1f8(x2)                        Mtrap_sig_sv+12
mem[R,0x00000000800051F8] -> 0x000000008000A110
x8 <- 0x000000008000A110

clint mtime 0x00000000000005CF (mip.MTI <- 0b1, mip.STI <- 0b0)
mem[X,0x0000000080002784] -> 0x0333
mem[X,0x0000000080002786] -> 0x4083
[2974] [M]: 0x0000000080002784 (0x40830333) sub x6, x6, x8                          Mtrap_sig_sv+16
x6 <- 0x00000000000005C8

mem[X,0x0000000080002788] -> 0x3403
mem[X,0x000000008000278A] -> 0x1F81
[2975] [M]: 0x0000000080002788 (0x1F813403) ld x8, 0x1f8(x2)                        Mtrap_sig_sv+20
mem[R,0x00000000800051F8] -> 0x000000008000A110
x8 <- 0x000000008000A110

clint mtime 0x00000000000005D0 (mip.MTI <- 0b1, mip.STI <- 0b0)
mem[X,0x000000008000278C] -> 0x0333
mem[X,0x000000008000278E] -> 0x0083
[2976] [M]: 0x000000008000278C (0x00830333) add x6, x6, x8                          Mtrap_sig_sv+24
x6 <- 0x000000008000A6D8

mem[X,0x0000000080002790] -> 0x3403
mem[X,0x0000000080002792] -> 0x2401
[2977] [M]: 0x0000000080002790 (0x24013403) ld x8, 0x240(x2)                        Mtrap_sig_sv+28
mem[R,0x0000000080005240] -> 0x0000000080002500
x8 <- 0x0000000080002500

clint mtime 0x00000000000005D1 (mip.MTI <- 0b1, mip.STI <- 0b0)
mem[X,0x0000000080002794] -> 0x85B3
mem[X,0x0000000080002796] -> 0x4085
[2978] [M]: 0x0000000080002794 (0x408585B3) sub x11, x11, x8                        sv_Mvect+0
x11 <- 0x000000000000010C

mem[X,0x0000000080002798] -> 0x9593
mem[X,0x000000008000279A] -> 0x0045
[2979] [M]: 0x0000000080002798 (0x00459593) slli x11, x11, 0x4                      sv_Mvect+4
x11 <- 0x00000000000010C0

clint mtime 0x00000000000005D2 (mip.MTI <- 0b1, mip.STI <- 0b0)
mem[X,0x000000008000279C] -> 0xE5B3
mem[X,0x000000008000279E] -> 0x0075
[2980] [M]: 0x000000008000279C (0x0075E5B3) or x11, x11, x7                         sv_Mvect+8
x11 <- 0x00000000000010E0

mem[X,0x00000000800027A0] -> 0x8593
mem[X,0x00000000800027A2] -> 0x0035
[2981] [M]: 0x00000000800027A0 (0x00358593) addi x11, x11, 0x3                      sv_Mvect+12
x11 <- 0x00000000000010E3

clint mtime 0x00000000000005D3 (mip.MTI <- 0b1, mip.STI <- 0b0)
mem[X,0x00000000800027A4] -> 0x3023
mem[X,0x00000000800027A6] -> 0x00B3
[2982] [M]: 0x00000000800027A4 (0x00B33023) sd x11, 0x0(x6)                         sv_Mvect+16
mem[W,0x000000008000A6D8] <- 0x00000000000010E3

mem[X,0x00000000800027A8] -> 0x3423
mem[X,0x00000000800027AA] -> 0x00A3
[2983] [M]: 0x00000000800027A8 (0x00A33423) sd x10, 0x8(x6)                         sv_Mcause+0
mem[W,0x000000008000A6E0] <- 0x0000000000000002

clint mtime 0x00000000000005D4 (mip.MTI <- 0b1, mip.STI <- 0b0)
mem[X,0x00000000800027AC] -> 0x4663
mem[X,0x00000000800027AE] -> 0x1A05
[2984] [M]: 0x00000000800027AC (0x1A054663) blt x10, x0, 0x1ac                      sv_Mcause+4

mem[X,0x00000000800027B0] -> 0x25F3
mem[X,0x00000000800027B2] -> 0x3000
[2985] [M]: 0x00000000800027B0 (0x300025F3) csrrs x11, mstatus, x0                  common_Mexcpt_handler+0
CSR mstatus (0x300) -> 0x0000000A00040800
x11 <- 0x0000000A00040800

clint mtime 0x00000000000005D5 (mip.MTI <- 0b1, mip.STI <- 0b0)
mem[X,0x00000000800027B4] -> 0x9413
mem[X,0x00000000800027B6] -> 0x02E5
[2986] [M]: 0x00000000800027B4 (0x02E59413) slli x8, x11, 0x2e                      common_Mexcpt_handler+4
x8 <- 0x0200000000000000

mem[X,0x00000000800027B8] -> 0x5463
mem[X,0x00000000800027BA] -> 0x0004
[2987] [M]: 0x00000000800027B8 (0x00045463) bge x8, x0, 0x8                         common_Mexcpt_handler+8

clint mtime 0x00000000000005D6 (mip.MTI <- 0b1, mip.STI <- 0b0)
mem[X,0x00000000800027C0] -> 0xD493
mem[X,0x00000000800027C2] -> 0x00B5
[2988] [M]: 0x00000000800027C0 (0x00B5D493) srli x9, x11, 0xb                       common_Mexcpt_handler+16
x9 <- 0x0000000001400081

mem[X,0x00000000800027C4] -> 0xF493
mem[X,0x00000000800027C6] -> 0x0034
[2989] [M]: 0x00000000800027C4 (0x0034F493) andi x9, x9, 0x3                        common_Mexcpt_handler+20
x9 <- 0x0000000000000001

clint mtime 0x00000000000005D7 (mip.MTI <- 0b1, mip.STI <- 0b0)
mem[X,0x00000000800027C8] -> 0x8493
mem[X,0x00000000800027CA] -> 0x0014
[2990] [M]: 0x00000000800027C8 (0x00148493) addi x9, x9, 0x1                        common_Mexcpt_handler+24
x9 <- 0x0000000000000002

mem[X,0x00000000800027CC] -> 0xF493
mem[X,0x00000000800027CE] -> 0x0044
[2991] [M]: 0x00000000800027CC (0x0044F493) andi x9, x9, 0x4                        common_Mexcpt_handler+28
x9 <- 0x0000000000000000

clint mtime 0x00000000000005D8 (mip.MTI <- 0b1, mip.STI <- 0b0)
mem[X,0x00000000800027D0] -> 0x0593
mem[X,0x00000000800027D2] -> 0x05D0
[2992] [M]: 0x00000000800027D0 (0x05D00593) addi x11, x0, 0x5d                      common_Mexcpt_handler+32
x11 <- 0x000000000000005D

mem[X,0x00000000800027D4] -> 0xD5B3
mem[X,0x00000000800027D6] -> 0x0095
[2993] [M]: 0x00000000800027D4 (0x0095D5B3) srl x11, x11, x9                        common_Mexcpt_handler+36
x11 <- 0x000000000000005D

clint mtime 0x00000000000005D9 (mip.MTI <- 0b1, mip.STI <- 0b0)
mem[X,0x00000000800027D8] -> 0xF593
mem[X,0x00000000800027DA] -> 0x0015
[2994] [M]: 0x00000000800027D8 (0x0015F593) andi x11, x11, 0x1                      common_Mexcpt_handler+40
x11 <- 0x0000000000000001

mem[X,0x00000000800027DC] -> 0x8EE3
mem[X,0x00000000800027DE] -> 0xF405
[2995] [M]: 0x00000000800027DC (0xF4058EE3) beq x11, x0, -0xa4                      common_Mexcpt_handler+44

clint mtime 0x00000000000005DA (mip.MTI <- 0b1, mip.STI <- 0b0)
mem[X,0x00000000800027E0] -> 0x0593
mem[X,0x00000000800027E2] -> 0x2980
[2996] [M]: 0x00000000800027E0 (0x29800593) addi x11, x0, 0x298                     common_Mexcpt_handler+48
x11 <- 0x0000000000000298

mem[X,0x00000000800027E4] -> 0xF413
mem[X,0x00000000800027E6] -> 0x0014
[2997] [M]: 0x00000000800027E4 (0x0014F413) andi x8, x9, 0x1                        common_Mexcpt_handler+52
x8 <- 0x0000000000000000

clint mtime 0x00000000000005DB (mip.MTI <- 0b1, mip.STI <- 0b0)
mem[X,0x00000000800027E8] -> 0x95B3
mem[X,0x00000000800027EA] -> 0x0085
[2998] [M]: 0x00000000800027E8 (0x008595B3) sll x11, x11, x8                        common_Mexcpt_handler+56
x11 <- 0x0000000000000298

mem[X,0x00000000800027EC] -> 0x9413
mem[X,0x00000000800027EE] -> 0x03D4
[2999] [M]: 0x00000000800027EC (0x03D49413) slli x8, x9, 0x3d                       common_Mexcpt_handler+60
x8 <- 0x0000000000000000

clint mtime 0x00000000000005DC (mip.MTI <- 0b1, mip.STI <- 0b0)
mem[X,0x00000000800027F0] -> 0x5413
mem[X,0x00000000800027F2] -> 0x43F4
[3000] [M]: 0x00000000800027F0 (0x43F45413) srai x8, x8, 0x3f                       common_Mexcpt_handler+64
x8 <- 0x0000000000000000

mem[X,0x00000000800027F4] -> 0x4413
mem[X,0x00000000800027F6] -> 0xFFF4
[3001] [M]: 0x00000000800027F4 (0xFFF44413) xori x8, x8, -0x1                       common_Mexcpt_handler+68
x8 <- 0xFFFFFFFFFFFFFFFF

clint mtime 0x00000000000005DD (mip.MTI <- 0b1, mip.STI <- 0b0)
mem[X,0x00000000800027F8] -> 0xF4B3
mem[X,0x00000000800027FA] -> 0x0085
[3002] [M]: 0x00000000800027F8 (0x0085F4B3) and x9, x11, x8                         common_Mexcpt_handler+72
x9 <- 0x0000000000000298

mem[X,0x00000000800027FC] -> 0x84B3
mem[X,0x00000000800027FE] -> 0x0024
[3003] [M]: 0x00000000800027FC (0x002484B3) add x9, x9, x2                          vmem_adj_Mepc+0
x9 <- 0x0000000080005298

clint mtime 0x00000000000005DE (mip.MTI <- 0b1, mip.STI <- 0b0)
mem[X,0x0000000080002800] -> 0x23F3
mem[X,0x0000000080002802] -> 0x3410
[3004] [M]: 0x0000000080002800 (0x341023F3) csrrs x7, mepc, x0                      vmem_adj_Mepc+4
CSR mepc (0x341) -> 0x0000030080001604
x7 <- 0x0000030080001604

mem[X,0x0000000080002804] -> 0x0413
mem[X,0x0000000080002806] -> 0x0004
[3005] [M]: 0x0000000080002804 (0x00040413) addi x8, x8, 0x0                        vmem_adj_Mepc+8
x8 <- 0xFFFFFFFFFFFFFFFF

clint mtime 0x00000000000005DF (mip.MTI <- 0b1, mip.STI <- 0b0)
mem[X,0x0000000080002808] -> 0x006F
mem[X,0x000000008000280A] -> 0x0400
[3006] [M]: 0x0000000080002808 (0x0400006F) jal x0, 0x40                            vmem_adj_Mepc+12

mem[X,0x0000000080002848] -> 0x8433
mem[X,0x000000008000284A] -> 0x4083
[3007] [M]: 0x0000000080002848 (0x40838433) sub x8, x7, x8                          adj_Mepc+0
x8 <- 0x0000030080001605

clint mtime 0x00000000000005E0 (mip.MTI <- 0b1, mip.STI <- 0b0)
mem[X,0x000000008000284C] -> 0x3823
mem[X,0x000000008000284E] -> 0x0083
[3008] [M]: 0x000000008000284C (0x00833823) sd x8, 0x10(x6)                         sv_Mepc+0
mem[W,0x000000008000A6E8] <- 0x0000030080001605

mem[X,0x0000000080002850] -> 0x55B7
mem[X,0x0000000080002852] -> 0x0000
[3009] [M]: 0x0000000080002850 (0x000055B7) lui x11, 0x5                            sv_Mepc+4
x11 <- 0x0000000000005000

clint mtime 0x00000000000005E1 (mip.MTI <- 0b1, mip.STI <- 0b0)
mem[X,0x0000000080002854] -> 0x8593
mem[X,0x0000000080002856] -> 0x6675
[3010] [M]: 0x0000000080002854 (0x66758593) addi x11, x11, 0x667                    sv_Mepc+8
x11 <- 0x0000000000005667

mem[X,0x0000000080002858] -> 0x9593
mem[X,0x000000008000285A] -> 0x0015
[3011] [M]: 0x0000000080002858 (0x00159593) slli x11, x11, 0x1                      sv_Mepc+12
x11 <- 0x000000000000ACCE

clint mtime 0x00000000000005E2 (mip.MTI <- 0b1, mip.STI <- 0b0)
mem[X,0x000000008000285C] -> 0x9063
mem[X,0x000000008000285E] -> 0x02B1
[3012] [M]: 0x000000008000285C (0x02B19063) bne x3, x11, 0x20                       sv_Mepc+16

mem[X,0x0000000080002860] -> 0x2473
mem[X,0x0000000080002862] -> 0x3420
[3013] [M]: 0x0000000080002860 (0x34202473) csrrs x8, mcause, x0                    sv_Mepc+20
CSR mcause (0x342) -> 0x0000000000000002
x8 <- 0x0000000000000002

clint mtime 0x00000000000005E3 (mip.MTI <- 0b1, mip.STI <- 0b0)
mem[X,0x0000000080002864] -> 0x0593
mem[X,0x0000000080002866] -> 0x00C0
[3014] [M]: 0x0000000080002864 (0x00C00593) addi x11, x0, 0xc                       sv_Mepc+24
x11 <- 0x000000000000000C

mem[X,0x0000000080002868] -> 0x0663
mem[X,0x000000008000286A] -> 0x00B4
[3015] [M]: 0x0000000080002868 (0x00B40663) beq x8, x11, 0xc                        sv_Mepc+28

clint mtime 0x00000000000005E4 (mip.MTI <- 0b1, mip.STI <- 0b0)
mem[X,0x000000008000286C] -> 0x0593
mem[X,0x000000008000286E] -> 0x0010
[3016] [M]: 0x000000008000286C (0x00100593) addi x11, x0, 0x1                       sv_Mepc+32
x11 <- 0x0000000000000001

mem[X,0x0000000080002870] -> 0x1663
mem[X,0x0000000080002872] -> 0x00B4
[3017] [M]: 0x0000000080002870 (0x00B41663) bne x8, x11, 0xc                        sv_Mepc+36

clint mtime 0x00000000000005E5 (mip.MTI <- 0b1, mip.STI <- 0b0)
mem[X,0x000000008000287C] -> 0xF593
mem[X,0x000000008000287E] -> 0xFFC3
[3018] [M]: 0x000000008000287C (0xFFC3F593) andi x11, x7, -0x4                      adj_Mepc_rtn+0
x11 <- 0x0000030080001604

mem[X,0x0000000080002880] -> 0x8593
mem[X,0x0000000080002882] -> 0x0085
[3019] [M]: 0x0000000080002880 (0x00858593) addi x11, x11, 0x8                      adj_Mepc_rtn+4
x11 <- 0x000003008000160C

clint mtime 0x00000000000005E6 (mip.MTI <- 0b1, mip.STI <- 0b0)
mem[X,0x0000000080002884] -> 0x9073
mem[X,0x0000000080002886] -> 0x3415
[3020] [M]: 0x0000000080002884 (0x34159073) csrrw x0, mepc, x11                     adj_Mepc_rtn+8
CSR mepc (0x341) <- 0x000003008000160C

mem[X,0x0000000080002888] -> 0x23F3
mem[X,0x000000008000288A] -> 0x3430
[3021] [M]: 0x0000000080002888 (0x343023F3) csrrs x7, mtval, x0                     skp_adj_Mepc+0
CSR mtval (0x343) -> 0x00000000341494F3
x7 <- 0x00000000341494F3

clint mtime 0x00000000000005E7 (mip.MTI <- 0b1, mip.STI <- 0b0)
mem[X,0x000000008000288C] -> 0x0413
mem[X,0x000000008000288E] -> 0x0004
[3022] [M]: 0x000000008000288C (0x00040413) addi x8, x8, 0x0                        skp_adj_Mepc+4
x8 <- 0x0000000000000002

mem[X,0x0000000080002890] -> 0x006F
mem[X,0x0000000080002892] -> 0x0840
[3023] [M]: 0x0000000080002890 (0x0840006F) jal x0, 0x84                            skp_adj_Mepc+8

clint mtime 0x00000000000005E8 (mip.MTI <- 0b1, mip.STI <- 0b0)
mem[X,0x0000000080002914] -> 0x8433
mem[X,0x0000000080002916] -> 0x4083
[3024] [M]: 0x0000000080002914 (0x40838433) sub x8, x7, x8                          adj_Mtval+0
x8 <- 0x00000000341494F1

mem[X,0x0000000080002918] -> 0x3C23
mem[X,0x000000008000291A] -> 0x0083
[3025] [M]: 0x0000000080002918 (0x00833C23) sd x8, 0x18(x6)                         sv_Mtval+0
mem[W,0x000000008000A6F0] <- 0x00000000341494F1

clint mtime 0x00000000000005E9 (mip.MTI <- 0b1, mip.STI <- 0b0)
mem[X,0x000000008000291C] -> 0x3483
mem[X,0x000000008000291E] -> 0x2181
[3026] [M]: 0x000000008000291C (0x21813483) ld x9, 0x218(x2)                        skp_Mtval+0
mem[R,0x0000000080005218] -> 0x000000008000A6F8
x9 <- 0x000000008000A6F8

mem[X,0x0000000080002920] -> 0x3383
mem[X,0x0000000080002922] -> 0x1F81
[3027] [M]: 0x0000000080002920 (0x1F813383) ld x7, 0x1f8(x2)                        skp_Mtval+4
mem[R,0x00000000800051F8] -> 0x000000008000A110
x7 <- 0x000000008000A110

clint mtime 0x00000000000005EA (mip.MTI <- 0b1, mip.STI <- 0b0)
mem[X,0x0000000080002924] -> 0x3303
mem[X,0x0000000080002926] -> 0x2001
[3028] [M]: 0x0000000080002924 (0x20013303) ld x6, 0x200(x2)                        skp_Mtval+8
mem[R,0x0000000080005200] -> 0x0000000000000610
x6 <- 0x0000000000000610

mem[X,0x0000000080002928] -> 0x0333
mem[X,0x000000008000292A] -> 0x0073
[3029] [M]: 0x0000000080002928 (0x00730333) add x6, x6, x7                          skp_Mtval+12
x6 <- 0x000000008000A720

clint mtime 0x00000000000005EB (mip.MTI <- 0b1, mip.STI <- 0b0)
mem[X,0x000000008000292C] -> 0x6AE3
mem[X,0x000000008000292E] -> 0xAE93
[3030] [M]: 0x000000008000292C (0xAE936AE3) bltu x6, x9, -0x50c                     skp_Mtval+16

mem[X,0x0000000080002930] -> 0x0393
mem[X,0x0000000080002932] -> 0x2000
[3031] [M]: 0x0000000080002930 (0x20000393) addi x7, x0, 0x200                      skp_Mtval+20
x7 <- 0x0000000000000200

clint mtime 0x00000000000005EC (mip.MTI <- 0b1, mip.STI <- 0b0)
mem[X,0x0000000080002934] -> 0x006F
mem[X,0x0000000080002936] -> 0x0400
[3032] [M]: 0x0000000080002934 (0x0400006F) jal x0, 0x40                            skp_Mtval+24

mem[X,0x0000000080002974] -> 0x0417
mem[X,0x0000000080002976] -> 0x0000
[3033] [M]: 0x0000000080002974 (0x00000417) auipc x8, 0x0                           spcl_Mhandler+0
x8 <- 0x0000000080002974

clint mtime 0x00000000000005ED (mip.MTI <- 0b1, mip.STI <- 0b0)
mem[X,0x0000000080002978] -> 0x0413
mem[X,0x000000008000297A] -> 0x03C4
[3034] [M]: 0x0000000080002978 (0x03C40413) addi x8, x8, 0x3c                       spcl_Mhandler+4
x8 <- 0x00000000800029B0

mem[X,0x000000008000297C] -> 0x0433
mem[X,0x000000008000297E] -> 0x0074
[3035] [M]: 0x000000008000297C (0x00740433) add x8, x8, x7                          spcl_Mhandler+8
x8 <- 0x0000000080002BB0

clint mtime 0x00000000000005EE (mip.MTI <- 0b1, mip.STI <- 0b0)
mem[X,0x0000000080002980] -> 0x1393
mem[X,0x0000000080002982] -> 0x0035
[3036] [M]: 0x0000000080002980 (0x00351393) slli x7, x10, 0x3                       spcl_Mhandler+12
x7 <- 0x0000000000000010

mem[X,0x0000000080002984] -> 0x0433
mem[X,0x0000000080002986] -> 0x0074
[3037] [M]: 0x0000000080002984 (0x00740433) add x8, x8, x7                          spcl_Mhandler+16
x8 <- 0x0000000080002BC0

clint mtime 0x00000000000005EF (mip.MTI <- 0b1, mip.STI <- 0b0)
mem[X,0x0000000080002988] -> 0x7413
mem[X,0x000000008000298A] -> 0xFF84
[3038] [M]: 0x0000000080002988 (0xFF847413) andi x8, x8, -0x8                       spcl_Mhandler+20
x8 <- 0x0000000080002BC0

mem[X,0x000000008000298C] -> 0x3403
mem[X,0x000000008000298E] -> 0x0004
[3039] [M]: 0x000000008000298C (0x00043403) ld x8, 0x0(x8)                          spcl_Mhandler+24
mem[R,0x0000000080002BC0] -> 0x0000000000000005
x8 <- 0x0000000000000005

clint mtime 0x00000000000005F0 (mip.MTI <- 0b1, mip.STI <- 0b0)
mem[X,0x0000000080002990] -> 0x02E3
mem[X,0x0000000080002992] -> 0xB204
[3040] [M]: 0x0000000080002990 (0xB20402E3) beq x8, x0, -0x4dc                      spcl_Mdispatch_hndling+0

mem[X,0x0000000080002994] -> 0x1393
mem[X,0x0000000080002996] -> 0x03F4
[3041] [M]: 0x0000000080002994 (0x03F41393) slli x7, x8, 0x3f                       spcl_Mdispatch_hndling+4
x7 <- 0x8000000000000000

clint mtime 0x00000000000005F1 (mip.MTI <- 0b1, mip.STI <- 0b0)
mem[X,0x0000000080002998] -> 0xD863
mem[X,0x000000008000299A] -> 0x0003
[3042] [M]: 0x0000000080002998 (0x0003D863) bge x7, x0, 0x10                        spcl_Mdispatch_hndling+8

mem[X,0x000000008000299C] -> 0x5413
mem[X,0x000000008000299E] -> 0x0014
[3043] [M]: 0x000000008000299C (0x00145413) srli x8, x8, 0x1                        spcl_Mdispatch_hndling+12
x8 <- 0x0000000000000002

clint mtime 0x00000000000005F2 (mip.MTI <- 0b1, mip.STI <- 0b0)
mem[X,0x00000000800029A0] -> 0x0CE3
mem[X,0x00000000800029A2] -> 0xF885
[3044] [M]: 0x00000000800029A0 (0xF8850CE3) beq x10, x8, -0x68                      spcl_Mdispatch_hndling+16

mem[X,0x0000000080002938] -> 0x3303
mem[X,0x000000008000293A] -> 0x2601
[3045] [M]: 0x0000000080002938 (0x26013303) ld x6, 0x260(x2)                        resto_Mrtn+0
mem[R,0x0000000080005260] -> 0xFFFFFFFF7FFFEBCC
x6 <- 0xFFFFFFFF7FFFEBCC

clint mtime 0x00000000000005F3 (mip.MTI <- 0b1, mip.STI <- 0b0)
mem[X,0x000000008000293C] -> 0x3383
mem[X,0x000000008000293E] -> 0x2681
[3046] [M]: 0x000000008000293C (0x26813383) ld x7, 0x268(x2)                        resto_Mrtn+4
mem[R,0x0000000080005268] -> 0x0000000080005000
x7 <- 0x0000000080005000

mem[X,0x0000000080002940] -> 0x3403
mem[X,0x0000000080002942] -> 0x2701
[3047] [M]: 0x0000000080002940 (0x27013403) ld x8, 0x270(x2)                        resto_Mrtn+8
mem[R,0x0000000080005270] -> 0x0000000000007F76
x8 <- 0x0000000000007F76

clint mtime 0x00000000000005F4 (mip.MTI <- 0b1, mip.STI <- 0b0)
mem[X,0x0000000080002944] -> 0x3483
mem[X,0x0000000080002946] -> 0x2781
[3048] [M]: 0x0000000080002944 (0x27813483) ld x9, 0x278(x2)                        resto_Mrtn+12
mem[R,0x0000000080005278] -> 0x00000300000001C8
x9 <- 0x00000300000001C8

mem[X,0x0000000080002948] -> 0x3503
mem[X,0x000000008000294A] -> 0x2801
[3049] [M]: 0x0000000080002948 (0x28013503) ld x10, 0x280(x2)                       resto_Mrtn+16
mem[R,0x0000000080005280] -> 0x00000000200000CF
x10 <- 0x00000000200000CF

clint mtime 0x00000000000005F5 (mip.MTI <- 0b1, mip.STI <- 0b0)
mem[X,0x000000008000294C] -> 0x3583
mem[X,0x000000008000294E] -> 0x2881
[3050] [M]: 0x000000008000294C (0x28813583) ld x11, 0x288(x2)                       resto_Mrtn+20
mem[R,0x0000000080005288] -> 0x00000000000000CF
x11 <- 0x00000000000000CF

mem[X,0x0000000080002950] -> 0x3103
mem[X,0x0000000080002952] -> 0x2901
[3051] [M]: 0x0000000080002950 (0x29013103) ld x2, 0x290(x2)                        resto_Mrtn+24
mem[R,0x0000000080005290] -> 0x0000000000000000
x2 <- 0x0000000000000000

clint mtime 0x00000000000005F6 (mip.MTI <- 0b1, mip.STI <- 0b0)
mem[X,0x0000000080002954] -> 0x0073
mem[X,0x0000000080002956] -> 0x3020
[3052] [M]: 0x0000000080002954 (0x30200073) mret                                    resto_Mrtn+28
CSR mstatus (0x300) <- 0x0000000A00040080
ret-ing from M to S

PTW: Start, vpn=0x30080001, access_type=X, privilege=Smem[R,0x0000000080009030] -> 0x00000000000000CB
PTW: Step, level=3, pte=0xCB, pte_addr=0x80009030
PTW: Success, final_ppn=0x80001, level=3mem[X,0x000000008000160C] -> 0x07B7
PTW: Start, vpn=0x30080001, access_type=X, privilege=Smem[R,0x0000000080009030] -> 0x00000000000000CB
PTW: Step, level=3, pte=0xCB, pte_addr=0x80009030
PTW: Success, final_ppn=0x80001, level=3mem[X,0x000000008000160E] -> 0x0000
[3053] [S]: 0x000003008000160C (0x000007B7) lui x15, 0x0                            va_rvtest_code_begin+3664
x15 <- 0x0000000000000000

clint mtime 0x00000000000005F7 (mip.MTI <- 0b1, mip.STI <- 0b0)
PTW: Start, vpn=0x30080001, access_type=X, privilege=Smem[R,0x0000000080009030] -> 0x00000000000000CB
PTW: Step, level=3, pte=0xCB, pte_addr=0x80009030
PTW: Success, final_ppn=0x80001, level=3mem[X,0x0000000080001610] -> 0x8793
PTW: Start, vpn=0x30080001, access_type=X, privilege=Smem[R,0x0000000080009030] -> 0x00000000000000CB
PTW: Step, level=3, pte=0xCB, pte_addr=0x80009030
PTW: Success, final_ppn=0x80001, level=3mem[X,0x0000000080001612] -> 0x2807
[3054] [S]: 0x0000030080001610 (0x28078793) addi x15, x15, 0x280                    va_rvtest_code_begin+3668
x15 <- 0x0000000000000280

PTW: Start, vpn=0x30080001, access_type=X, privilege=Smem[R,0x0000000080009030] -> 0x00000000000000CB
PTW: Step, level=3, pte=0xCB, pte_addr=0x80009030
PTW: Success, final_ppn=0x80001, level=3mem[X,0x0000000080001614] -> 0x9793
PTW: Start, vpn=0x30080001, access_type=X, privilege=Smem[R,0x0000000080009030] -> 0x00000000000000CB
PTW: Step, level=3, pte=0xCB, pte_addr=0x80009030
PTW: Success, final_ppn=0x80001, level=3mem[X,0x0000000080001616] -> 0x00B7
[3055] [S]: 0x0000030080001614 (0x00B79793) slli x15, x15, 0xb                      va_rvtest_code_begin+3672
x15 <- 0x0000000000140000

clint mtime 0x00000000000005F8 (mip.MTI <- 0b1, mip.STI <- 0b0)
PTW: Start, vpn=0x30080001, access_type=X, privilege=Smem[R,0x0000000080009030] -> 0x00000000000000CB
PTW: Step, level=3, pte=0xCB, pte_addr=0x80009030
PTW: Success, final_ppn=0x80001, level=3mem[X,0x0000000080001618] -> 0x8793
PTW: Start, vpn=0x30080001, access_type=X, privilege=Smem[R,0x0000000080009030] -> 0x00000000000000CB
PTW: Step, level=3, pte=0xCB, pte_addr=0x80009030
PTW: Success, final_ppn=0x80001, level=3mem[X,0x000000008000161A] -> 0x0007
[3056] [S]: 0x0000030080001618 (0x00078793) addi x15, x15, 0x0                      va_rvtest_code_begin+3676
x15 <- 0x0000000000140000

PTW: Start, vpn=0x30080001, access_type=X, privilege=Smem[R,0x0000000080009030] -> 0x00000000000000CB
PTW: Step, level=3, pte=0xCB, pte_addr=0x80009030
PTW: Success, final_ppn=0x80001, level=3mem[X,0x000000008000161C] -> 0x9793
PTW: Start, vpn=0x30080001, access_type=X, privilege=Smem[R,0x0000000080009030] -> 0x00000000000000CB
PTW: Step, level=3, pte=0xCB, pte_addr=0x80009030
PTW: Success, final_ppn=0x80001, level=3mem[X,0x000000008000161E] -> 0x00B7
[3057] [S]: 0x000003008000161C (0x00B79793) slli x15, x15, 0xb                      va_rvtest_code_begin+3680
x15 <- 0x00000000A0000000

clint mtime 0x00000000000005F9 (mip.MTI <- 0b1, mip.STI <- 0b0)
PTW: Start, vpn=0x30080001, access_type=X, privilege=Smem[R,0x0000000080009030] -> 0x00000000000000CB
PTW: Step, level=3, pte=0xCB, pte_addr=0x80009030
PTW: Success, final_ppn=0x80001, level=3mem[X,0x0000000080001620] -> 0x8793
PTW: Start, vpn=0x30080001, access_type=X, privilege=Smem[R,0x0000000080009030] -> 0x00000000000000CB
PTW: Step, level=3, pte=0xCB, pte_addr=0x80009030
PTW: Success, final_ppn=0x80001, level=3mem[X,0x0000000080001622] -> 0x0017
[3058] [S]: 0x0000030080001620 (0x00178793) addi x15, x15, 0x1                      va_rvtest_code_begin+3684
x15 <- 0x00000000A0000001

PTW: Start, vpn=0x30080001, access_type=X, privilege=Smem[R,0x0000000080009030] -> 0x00000000000000CB
PTW: Step, level=3, pte=0xCB, pte_addr=0x80009030
PTW: Success, final_ppn=0x80001, level=3mem[X,0x0000000080001624] -> 0x9793
PTW: Start, vpn=0x30080001, access_type=X, privilege=Smem[R,0x0000000080009030] -> 0x00000000000000CB
PTW: Step, level=3, pte=0xCB, pte_addr=0x80009030
PTW: Success, final_ppn=0x80001, level=3mem[X,0x0000000080001626] -> 0x00A7
[3059] [S]: 0x0000030080001624 (0x00A79793) slli x15, x15, 0xa                      va_rvtest_code_begin+3688
x15 <- 0x0000028000000400

clint mtime 0x00000000000005FA (mip.MTI <- 0b1, mip.STI <- 0b0)
PTW: Start, vpn=0x30080001, access_type=X, privilege=Smem[R,0x0000000080009030] -> 0x00000000000000CB
PTW: Step, level=3, pte=0xCB, pte_addr=0x80009030
PTW: Success, final_ppn=0x80001, level=3mem[X,0x0000000080001628] -> 0x0613
PTW: Start, vpn=0x30080001, access_type=X, privilege=Smem[R,0x0000000080009030] -> 0x00000000000000CB
PTW: Step, level=3, pte=0xCB, pte_addr=0x80009030
PTW: Success, final_ppn=0x80001, level=3mem[X,0x000000008000162A] -> 0x0106
[3060] [S]: 0x0000030080001628 (0x01060613) addi x12, x12, 0x10                     va_rvtest_code_begin+3692
x12 <- 0x0000000000000070

PTW: Start, vpn=0x30080001, access_type=X, privilege=Smem[R,0x0000000080009030] -> 0x00000000000000CB
PTW: Step, level=3, pte=0xCB, pte_addr=0x80009030
PTW: Success, final_ppn=0x80001, level=3mem[X,0x000000008000162C] -> 0xAA23
PTW: Start, vpn=0x30080001, access_type=X, privilege=Smem[R,0x0000000080009030] -> 0x00000000000000CB
PTW: Step, level=3, pte=0xCB, pte_addr=0x80009030
PTW: Success, final_ppn=0x80001, level=3mem[X,0x000000008000162E] -> 0x00C7
[3061] [S]: 0x000003008000162C (0x00C7AA23) sw x12, 0x14(x15)                       va_rvtest_code_begin+3696
PTW: Start, vpn=0x28000000, access_type=W, privilege=Smem[R,0x0000000080009028] -> 0x0000000020002001
PTW: Step, level=3, pte=0x20002001, pte_addr=0x80009028
PTW: Start, vpn=0x28000000, access_type=W, privilege=Smem[R,0x0000000080008000] -> 0x0000000020001C01
PTW: Step, level=2, pte=0x20001C01, pte_addr=0x80008000
PTW: Start, vpn=0x28000000, access_type=W, privilege=Smem[R,0x0000000080007000] -> 0x00000000200000CF
PTW: Step, level=1, pte=0x200000CF, pte_addr=0x80007000
PTW: Success, final_ppn=0x80000, level=1mem[W,0x0000000080000414] <- 0x00000070

clint mtime 0x00000000000005FB (mip.MTI <- 0b1, mip.STI <- 0b0)
PTW: Start, vpn=0x30080001, access_type=X, privilege=Smem[R,0x0000000080009030] -> 0x00000000000000CB
PTW: Step, level=3, pte=0xCB, pte_addr=0x80009030
PTW: Success, final_ppn=0x80001, level=3mem[X,0x0000000080001630] -> 0x0013
PTW: Start, vpn=0x30080001, access_type=X, privilege=Smem[R,0x0000000080009030] -> 0x00000000000000CB
PTW: Step, level=3, pte=0xCB, pte_addr=0x80009030
PTW: Success, final_ppn=0x80001, level=3mem[X,0x0000000080001632] -> 0x0000
[3062] [S]: 0x0000030080001630 (0x00000013) addi x0, x0, 0x0                        va_rvtest_code_begin+3700

PTW: Start, vpn=0x30080001, access_type=X, privilege=Smem[R,0x0000000080009030] -> 0x00000000000000CB
PTW: Step, level=3, pte=0xCB, pte_addr=0x80009030
PTW: Success, final_ppn=0x80001, level=3mem[X,0x0000000080001634] -> 0xA703
PTW: Start, vpn=0x30080001, access_type=X, privilege=Smem[R,0x0000000080009030] -> 0x00000000000000CB
PTW: Step, level=3, pte=0xCB, pte_addr=0x80009030
PTW: Success, final_ppn=0x80001, level=3mem[X,0x0000000080001636] -> 0x0147
[3063] [S]: 0x0000030080001634 (0x0147A703) lw x14, 0x14(x15)                       va_rvtest_code_begin+3704
PTW: Start, vpn=0x28000000, access_type=R, privilege=Smem[R,0x0000000080009028] -> 0x0000000020002001
PTW: Step, level=3, pte=0x20002001, pte_addr=0x80009028
PTW: Start, vpn=0x28000000, access_type=R, privilege=Smem[R,0x0000000080008000] -> 0x0000000020001C01
PTW: Step, level=2, pte=0x20001C01, pte_addr=0x80008000
PTW: Start, vpn=0x28000000, access_type=R, privilege=Smem[R,0x0000000080007000] -> 0x00000000200000CF
PTW: Step, level=1, pte=0x200000CF, pte_addr=0x80007000
PTW: Success, final_ppn=0x80000, level=1mem[R,0x0000000080000414] -> 0x00000070
x14 <- 0x0000000000000070

clint mtime 0x00000000000005FC (mip.MTI <- 0b1, mip.STI <- 0b0)
PTW: Start, vpn=0x30080001, access_type=X, privilege=Smem[R,0x0000000080009030] -> 0x00000000000000CB
PTW: Step, level=3, pte=0xCB, pte_addr=0x80009030
PTW: Success, final_ppn=0x80001, level=3mem[X,0x0000000080001638] -> 0x0013
PTW: Start, vpn=0x30080001, access_type=X, privilege=Smem[R,0x0000000080009030] -> 0x00000000000000CB
PTW: Step, level=3, pte=0xCB, pte_addr=0x80009030
PTW: Success, final_ppn=0x80001, level=3mem[X,0x000000008000163A] -> 0x0000
[3064] [S]: 0x0000030080001638 (0x00000013) addi x0, x0, 0x0                        va_rvtest_code_begin+3708

PTW: Start, vpn=0x30080001, access_type=X, privilege=Smem[R,0x0000000080009030] -> 0x00000000000000CB
PTW: Step, level=3, pte=0xCB, pte_addr=0x80009030
PTW: Success, final_ppn=0x80001, level=3mem[X,0x000000008000163C] -> 0x51B7
PTW: Start, vpn=0x30080001, access_type=X, privilege=Smem[R,0x0000000080009030] -> 0x00000000000000CB
PTW: Step, level=3, pte=0xCB, pte_addr=0x80009030
PTW: Success, final_ppn=0x80001, level=3mem[X,0x000000008000163E] -> 0x0000
[3065] [S]: 0x000003008000163C (0x000051B7) lui x3, 0x5                             va_rvtest_code_begin+3712
x3 <- 0x0000000000005000

clint mtime 0x00000000000005FD (mip.MTI <- 0b1, mip.STI <- 0b0)
PTW: Start, vpn=0x30080001, access_type=X, privilege=Smem[R,0x0000000080009030] -> 0x00000000000000CB
PTW: Step, level=3, pte=0xCB, pte_addr=0x80009030
PTW: Success, final_ppn=0x80001, level=3mem[X,0x0000000080001640] -> 0x8193
PTW: Start, vpn=0x30080001, access_type=X, privilege=Smem[R,0x0000000080009030] -> 0x00000000000000CB
PTW: Step, level=3, pte=0xCB, pte_addr=0x80009030
PTW: Success, final_ppn=0x80001, level=3mem[X,0x0000000080001642] -> 0x6671
[3066] [S]: 0x0000030080001640 (0x66718193) addi x3, x3, 0x667                      va_rvtest_code_begin+3716
x3 <- 0x0000000000005667

PTW: Start, vpn=0x30080001, access_type=X, privilege=Smem[R,0x0000000080009030] -> 0x00000000000000CB
PTW: Step, level=3, pte=0xCB, pte_addr=0x80009030
PTW: Success, final_ppn=0x80001, level=3mem[X,0x0000000080001644] -> 0x9193
PTW: Start, vpn=0x30080001, access_type=X, privilege=Smem[R,0x0000000080009030] -> 0x00000000000000CB
PTW: Step, level=3, pte=0xCB, pte_addr=0x80009030
PTW: Success, final_ppn=0x80001, level=3mem[X,0x0000000080001646] -> 0x0011
[3067] [S]: 0x0000030080001644 (0x00119193) slli x3, x3, 0x1                        va_rvtest_code_begin+3720
x3 <- 0x000000000000ACCE

clint mtime 0x00000000000005FE (mip.MTI <- 0b1, mip.STI <- 0b0)
PTW: Start, vpn=0x30080001, access_type=X, privilege=Smem[R,0x0000000080009030] -> 0x00000000000000CB
PTW: Step, level=3, pte=0xCB, pte_addr=0x80009030
PTW: Success, final_ppn=0x80001, level=3mem[X,0x0000000080001648] -> 0x0013
PTW: Start, vpn=0x30080001, access_type=X, privilege=Smem[R,0x0000000080009030] -> 0x00000000000000CB
PTW: Step, level=3, pte=0xCB, pte_addr=0x80009030
PTW: Success, final_ppn=0x80001, level=3mem[X,0x000000008000164A] -> 0x0000
[3068] [S]: 0x0000030080001648 (0x00000013) addi x0, x0, 0x0                        va_rvtest_code_begin+3724

PTW: Start, vpn=0x30080001, access_type=X, privilege=Smem[R,0x0000000080009030] -> 0x00000000000000CB
PTW: Step, level=3, pte=0xCB, pte_addr=0x80009030
PTW: Success, final_ppn=0x80001, level=3mem[X,0x000000008000164C] -> 0x0013
PTW: Start, vpn=0x30080001, access_type=X, privilege=Smem[R,0x0000000080009030] -> 0x00000000000000CB
PTW: Step, level=3, pte=0xCB, pte_addr=0x80009030
PTW: Success, final_ppn=0x80001, level=3mem[X,0x000000008000164E] -> 0x0000
[3069] [S]: 0x000003008000164C (0x00000013) addi x0, x0, 0x0                        va_rvtest_code_begin+3728

clint mtime 0x00000000000005FF (mip.MTI <- 0b1, mip.STI <- 0b0)
PTW: Start, vpn=0x30080001, access_type=X, privilege=Smem[R,0x0000000080009030] -> 0x00000000000000CB
PTW: Step, level=3, pte=0xCB, pte_addr=0x80009030
PTW: Success, final_ppn=0x80001, level=3mem[X,0x0000000080001650] -> 0x0013
PTW: Start, vpn=0x30080001, access_type=X, privilege=Smem[R,0x0000000080009030] -> 0x00000000000000CB
PTW: Step, level=3, pte=0xCB, pte_addr=0x80009030
PTW: Success, final_ppn=0x80001, level=3mem[X,0x0000000080001652] -> 0x0000
[3070] [S]: 0x0000030080001650 (0x00000013) addi x0, x0, 0x0                        va_rvtest_code_begin+3732

PTW: Start, vpn=0x30080001, access_type=X, privilege=Smem[R,0x0000000080009030] -> 0x00000000000000CB
PTW: Step, level=3, pte=0xCB, pte_addr=0x80009030
PTW: Success, final_ppn=0x80001, level=3mem[X,0x0000000080001654] -> 0x0013
PTW: Start, vpn=0x30080001, access_type=X, privilege=Smem[R,0x0000000080009030] -> 0x00000000000000CB
PTW: Step, level=3, pte=0xCB, pte_addr=0x80009030
PTW: Success, final_ppn=0x80001, level=3mem[X,0x0000000080001656] -> 0x0000
[3071] [S]: 0x0000030080001654 (0x00000013) addi x0, x0, 0x0                        va_rvtest_code_begin+3736

clint mtime 0x0000000000000600 (mip.MTI <- 0b1, mip.STI <- 0b0)
PTW: Start, vpn=0x30080001, access_type=X, privilege=Smem[R,0x0000000080009030] -> 0x00000000000000CB
PTW: Step, level=3, pte=0xCB, pte_addr=0x80009030
PTW: Success, final_ppn=0x80001, level=3mem[X,0x0000000080001658] -> 0x0013
PTW: Start, vpn=0x30080001, access_type=X, privilege=Smem[R,0x0000000080009030] -> 0x00000000000000CB
PTW: Step, level=3, pte=0xCB, pte_addr=0x80009030
PTW: Success, final_ppn=0x80001, level=3mem[X,0x000000008000165A] -> 0x0000
[3072] [S]: 0x0000030080001658 (0x00000013) addi x0, x0, 0x0                        va_rvtest_code_begin+3740

PTW: Start, vpn=0x30080001, access_type=X, privilege=Smem[R,0x0000000080009030] -> 0x00000000000000CB
PTW: Step, level=3, pte=0xCB, pte_addr=0x80009030
PTW: Success, final_ppn=0x80001, level=3mem[X,0x000000008000165C] -> 0x0013
PTW: Start, vpn=0x30080001, access_type=X, privilege=Smem[R,0x0000000080009030] -> 0x00000000000000CB
PTW: Step, level=3, pte=0xCB, pte_addr=0x80009030
PTW: Success, final_ppn=0x80001, level=3mem[X,0x000000008000165E] -> 0x0000
[3073] [S]: 0x000003008000165C (0x00000013) addi x0, x0, 0x0                        va_rvtest_code_begin+3744

clint mtime 0x0000000000000601 (mip.MTI <- 0b1, mip.STI <- 0b0)
PTW: Start, vpn=0x30080001, access_type=X, privilege=Smem[R,0x0000000080009030] -> 0x00000000000000CB
PTW: Step, level=3, pte=0xCB, pte_addr=0x80009030
PTW: Success, final_ppn=0x80001, level=3mem[X,0x0000000080001660] -> 0x0217
PTW: Start, vpn=0x30080001, access_type=X, privilege=Smem[R,0x0000000080009030] -> 0x00000000000000CB
PTW: Step, level=3, pte=0xCB, pte_addr=0x80009030
PTW: Success, final_ppn=0x80001, level=3mem[X,0x0000000080001662] -> 0x0000
[3074] [S]: 0x0000030080001660 (0x00000217) auipc x4, 0x0                           va_rvtest_code_begin+3748
x4 <- 0x0000030080001660

PTW: Start, vpn=0x30080001, access_type=X, privilege=Smem[R,0x0000000080009030] -> 0x00000000000000CB
PTW: Step, level=3, pte=0xCB, pte_addr=0x80009030
PTW: Success, final_ppn=0x80001, level=3mem[X,0x0000000080001664] -> 0x0213
PTW: Start, vpn=0x30080001, access_type=X, privilege=Smem[R,0x0000000080009030] -> 0x00000000000000CB
PTW: Step, level=3, pte=0xCB, pte_addr=0x80009030
PTW: Success, final_ppn=0x80001, level=3mem[X,0x0000000080001666] -> 0x02C2
[3075] [S]: 0x0000030080001664 (0x02C20213) addi x4, x4, 0x2c                       va_rvtest_code_begin+3752
x4 <- 0x000003008000168C

clint mtime 0x0000000000000602 (mip.MTI <- 0b1, mip.STI <- 0b0)
PTW: Start, vpn=0x30080001, access_type=X, privilege=Smem[R,0x0000000080009030] -> 0x00000000000000CB
PTW: Step, level=3, pte=0xCB, pte_addr=0x80009030
PTW: Success, final_ppn=0x80001, level=3mem[X,0x0000000080001668] -> 0x0001
[3076] [S]: 0x0000030080001668 (0x0001) c.nop                                       va_rvtest_code_begin+3756

PTW: Start, vpn=0x30080001, access_type=X, privilege=Smem[R,0x0000000080009030] -> 0x00000000000000CB
PTW: Step, level=3, pte=0xCB, pte_addr=0x80009030
PTW: Success, final_ppn=0x80001, level=3mem[X,0x000000008000166A] -> 0x0013
PTW: Start, vpn=0x30080001, access_type=X, privilege=Smem[R,0x0000000080009030] -> 0x00000000000000CB
PTW: Step, level=3, pte=0xCB, pte_addr=0x80009030
PTW: Success, final_ppn=0x80001, level=3mem[X,0x000000008000166C] -> 0x0000
[3077] [S]: 0x000003008000166A (0x00000013) addi x0, x0, 0x0                        va_rvtest_code_begin+3758

clint mtime 0x0000000000000603 (mip.MTI <- 0b1, mip.STI <- 0b0)
PTW: Start, vpn=0x30080001, access_type=X, privilege=Smem[R,0x0000000080009030] -> 0x00000000000000CB
PTW: Step, level=3, pte=0xCB, pte_addr=0x80009030
PTW: Success, final_ppn=0x80001, level=3mem[X,0x000000008000166E] -> 0x0013
PTW: Start, vpn=0x30080001, access_type=X, privilege=Smem[R,0x0000000080009030] -> 0x00000000000000CB
PTW: Step, level=3, pte=0xCB, pte_addr=0x80009030
PTW: Success, final_ppn=0x80001, level=3mem[X,0x0000000080001670] -> 0x0000
[3078] [S]: 0x000003008000166E (0x00000013) addi x0, x0, 0x0                        va_rvtest_code_begin+3762

PTW: Start, vpn=0x30080001, access_type=X, privilege=Smem[R,0x0000000080009030] -> 0x00000000000000CB
PTW: Step, level=3, pte=0xCB, pte_addr=0x80009030
PTW: Success, final_ppn=0x80001, level=3mem[X,0x0000000080001672] -> 0x0013
PTW: Start, vpn=0x30080001, access_type=X, privilege=Smem[R,0x0000000080009030] -> 0x00000000000000CB
PTW: Step, level=3, pte=0xCB, pte_addr=0x80009030
PTW: Success, final_ppn=0x80001, level=3mem[X,0x0000000080001674] -> 0x0000
[3079] [S]: 0x0000030080001672 (0x00000013) addi x0, x0, 0x0                        va_rvtest_code_begin+3766

clint mtime 0x0000000000000604 (mip.MTI <- 0b1, mip.STI <- 0b0)
PTW: Start, vpn=0x30080001, access_type=X, privilege=Smem[R,0x0000000080009030] -> 0x00000000000000CB
PTW: Step, level=3, pte=0xCB, pte_addr=0x80009030
PTW: Success, final_ppn=0x80001, level=3mem[X,0x0000000080001676] -> 0x0013
PTW: Start, vpn=0x30080001, access_type=X, privilege=Smem[R,0x0000000080009030] -> 0x00000000000000CB
PTW: Step, level=3, pte=0xCB, pte_addr=0x80009030
PTW: Success, final_ppn=0x80001, level=3mem[X,0x0000000080001678] -> 0x0000
[3080] [S]: 0x0000030080001676 (0x00000013) addi x0, x0, 0x0                        va_rvtest_code_begin+3770

PTW: Start, vpn=0x30080001, access_type=X, privilege=Smem[R,0x0000000080009030] -> 0x00000000000000CB
PTW: Step, level=3, pte=0xCB, pte_addr=0x80009030
PTW: Success, final_ppn=0x80001, level=3mem[X,0x000000008000167A] -> 0x0013
PTW: Start, vpn=0x30080001, access_type=X, privilege=Smem[R,0x0000000080009030] -> 0x00000000000000CB
PTW: Step, level=3, pte=0xCB, pte_addr=0x80009030
PTW: Success, final_ppn=0x80001, level=3mem[X,0x000000008000167C] -> 0x0000
[3081] [S]: 0x000003008000167A (0x00000013) addi x0, x0, 0x0                        va_rvtest_code_begin+3774

clint mtime 0x0000000000000605 (mip.MTI <- 0b1, mip.STI <- 0b0)
PTW: Start, vpn=0x30080001, access_type=X, privilege=Smem[R,0x0000000080009030] -> 0x00000000000000CB
PTW: Step, level=3, pte=0xCB, pte_addr=0x80009030
PTW: Success, final_ppn=0x80001, level=3mem[X,0x000000008000167E] -> 0x0001
[3082] [S]: 0x000003008000167E (0x0001) c.nop                                       va_rvtest_code_begin+3778

PTW: Start, vpn=0x30080001, access_type=X, privilege=Smem[R,0x0000000080009030] -> 0x00000000000000CB
PTW: Step, level=3, pte=0xCB, pte_addr=0x80009030
PTW: Success, final_ppn=0x80001, level=3mem[X,0x0000000080001680] -> 0x80E7
PTW: Start, vpn=0x30080001, access_type=X, privilege=Smem[R,0x0000000080009030] -> 0x00000000000000CB
PTW: Step, level=3, pte=0xCB, pte_addr=0x80009030
PTW: Success, final_ppn=0x80001, level=3mem[X,0x0000000080001682] -> 0x0007
[3083] [S]: 0x0000030080001680 (0x000780E7) jalr x1, 0x0(x15)                       va_rvtest_code_begin+3780
x1 <- 0x0000030080001684

clint mtime 0x0000000000000606 (mip.MTI <- 0b1, mip.STI <- 0b0)
PTW: Start, vpn=0x28000000, access_type=X, privilege=Smem[R,0x0000000080009028] -> 0x0000000020002001
PTW: Step, level=3, pte=0x20002001, pte_addr=0x80009028
PTW: Start, vpn=0x28000000, access_type=X, privilege=Smem[R,0x0000000080008000] -> 0x0000000020001C01
PTW: Step, level=2, pte=0x20001C01, pte_addr=0x80008000
PTW: Start, vpn=0x28000000, access_type=X, privilege=Smem[R,0x0000000080007000] -> 0x00000000200000CF
PTW: Step, level=1, pte=0x200000CF, pte_addr=0x80007000
PTW: Success, final_ppn=0x80000, level=1mem[X,0x0000000080000400] -> 0x0013
mem[X,0x0000000080000402] -> 0x0000
[3084] [S]: 0x0000028000000400 (0x00000013) addi x0, x0, 0x0                        va_data+0

mem[X,0x0000000080000404] -> 0x8093
mem[X,0x0000000080000406] -> 0x0080
[3085] [S]: 0x0000028000000404 (0x00808093) addi x1, x1, 0x8                        va_data+4
x1 <- 0x000003008000168C

clint mtime 0x0000000000000607 (mip.MTI <- 0b1, mip.STI <- 0b0)
mem[X,0x0000000080000408] -> 0x8067
mem[X,0x000000008000040A] -> 0x0000
[3086] [S]: 0x0000028000000408 (0x00008067) jalr x0, 0x0(x1)                        va_data+8

PTW: Start, vpn=0x30080001, access_type=X, privilege=Smem[R,0x0000000080009030] -> 0x00000000000000CB
PTW: Step, level=3, pte=0xCB, pte_addr=0x80009030
PTW: Success, final_ppn=0x80001, level=3mem[X,0x000000008000168C] -> 0x0013
PTW: Start, vpn=0x30080001, access_type=X, privilege=Smem[R,0x0000000080009030] -> 0x00000000000000CB
PTW: Step, level=3, pte=0xCB, pte_addr=0x80009030
PTW: Success, final_ppn=0x80001, level=3mem[X,0x000000008000168E] -> 0x0000
[3087] [S]: 0x000003008000168C (0x00000013) addi x0, x0, 0x0                        va_rvtest_code_begin+3792

clint mtime 0x0000000000000608 (mip.MTI <- 0b1, mip.STI <- 0b0)
PTW: Start, vpn=0x30080001, access_type=X, privilege=Smem[R,0x0000000080009030] -> 0x00000000000000CB
PTW: Step, level=3, pte=0xCB, pte_addr=0x80009030
PTW: Success, final_ppn=0x80001, level=3mem[X,0x0000000080001690] -> 0x0013
PTW: Start, vpn=0x30080001, access_type=X, privilege=Smem[R,0x0000000080009030] -> 0x00000000000000CB
PTW: Step, level=3, pte=0xCB, pte_addr=0x80009030
PTW: Success, final_ppn=0x80001, level=3mem[X,0x0000000080001692] -> 0x0000
[3088] [S]: 0x0000030080001690 (0x00000013) addi x0, x0, 0x0                        va_rvtest_code_begin+3796

PTW: Start, vpn=0x30080001, access_type=X, privilege=Smem[R,0x0000000080009030] -> 0x00000000000000CB
PTW: Step, level=3, pte=0xCB, pte_addr=0x80009030
PTW: Success, final_ppn=0x80001, level=3mem[X,0x0000000080001694] -> 0x0013
PTW: Start, vpn=0x30080001, access_type=X, privilege=Smem[R,0x0000000080009030] -> 0x00000000000000CB
PTW: Step, level=3, pte=0xCB, pte_addr=0x80009030
PTW: Success, final_ppn=0x80001, level=3mem[X,0x0000000080001696] -> 0x0000
[3089] [S]: 0x0000030080001694 (0x00000013) addi x0, x0, 0x0                        va_rvtest_code_begin+3800

clint mtime 0x0000000000000609 (mip.MTI <- 0b1, mip.STI <- 0b0)
PTW: Start, vpn=0x30080001, access_type=X, privilege=Smem[R,0x0000000080009030] -> 0x00000000000000CB
PTW: Step, level=3, pte=0xCB, pte_addr=0x80009030
PTW: Success, final_ppn=0x80001, level=3mem[X,0x0000000080001698] -> 0x0113
PTW: Start, vpn=0x30080001, access_type=X, privilege=Smem[R,0x0000000080009030] -> 0x00000000000000CB
PTW: Step, level=3, pte=0xCB, pte_addr=0x80009030
PTW: Success, final_ppn=0x80001, level=3mem[X,0x000000008000169A] -> 0x0000
[3090] [S]: 0x0000030080001698 (0x00000113) addi x2, x0, 0x0                        va_rvtest_code_begin+3804
x2 <- 0x0000000000000000

PTW: Start, vpn=0x30080001, access_type=X, privilege=Smem[R,0x0000000080009030] -> 0x00000000000000CB
PTW: Step, level=3, pte=0xCB, pte_addr=0x80009030
PTW: Success, final_ppn=0x80001, level=3mem[X,0x000000008000169C] -> 0x0073
PTW: Start, vpn=0x30080001, access_type=X, privilege=Smem[R,0x0000000080009030] -> 0x00000000000000CB
PTW: Step, level=3, pte=0xCB, pte_addr=0x80009030
PTW: Success, final_ppn=0x80001, level=3mem[X,0x000000008000169E] -> 0x0000
[3091] [S]: 0x000003008000169C (0x00000073) ecall                                   va_rvtest_code_begin+3808
trapping from S to M to handle s-call
handling exc#s-call at priv M with tval 0x0000000000000000
CSR mstatus (0x300) <- 0x0000000A00040800
CSR mcause (0x342) <- 0x0000000000000009
CSR mtval (0x343) <- 0x0000000000000000
CSR mepc (0x341) <- 0x000003008000169C

clint mtime 0x000000000000060A (mip.MTI <- 0b1, mip.STI <- 0b0)
mem[X,0x0000000080002500] -> 0x006F
mem[X,0x0000000080002502] -> 0x1000
[3092] [M]: 0x0000000080002500 (0x1000006F) jal x0, 0x100                           Mtrampoline+0

mem[X,0x0000000080002600] -> 0x1173
mem[X,0x0000000080002602] -> 0x3401
[3093] [M]: 0x0000000080002600 (0x34011173) csrrw x2, mscratch, x2                  trap_Mhandler+0
CSR mscratch (0x340) <- 0x0000000000000000
x2 <- 0x0000000080005000

clint mtime 0x000000000000060B (mip.MTI <- 0b1, mip.STI <- 0b0)
mem[X,0x0000000080002604] -> 0x3423
mem[X,0x0000000080002606] -> 0x28B1
[3094] [M]: 0x0000000080002604 (0x28B13423) sd x11, 0x288(x2)                       trap_Mhandler+4
mem[W,0x0000000080005288] <- 0x00000000000000CF

mem[X,0x0000000080002608] -> 0x05EF
mem[X,0x000000008000260A] -> 0x0B80
[3095] [M]: 0x0000000080002608 (0x0B8005EF) jal x11, 0xb8                           trap_Mhandler+8
x11 <- 0x000000008000260C

clint mtime 0x000000000000060C (mip.MTI <- 0b1, mip.STI <- 0b0)
mem[X,0x00000000800026C0] -> 0x3023
mem[X,0x00000000800026C2] -> 0x28A1
[3096] [M]: 0x00000000800026C0 (0x28A13023) sd x10, 0x280(x2)                       common_Mhandler+0
mem[W,0x0000000080005280] <- 0x00000000200000CF

mem[X,0x00000000800026C4] -> 0x1573
mem[X,0x00000000800026C6] -> 0x3401
[3097] [M]: 0x00000000800026C4 (0x34011573) csrrw x10, mscratch, x2                 common_Mhandler+4
CSR mscratch (0x340) <- 0x0000000080005000
x10 <- 0x0000000000000000

clint mtime 0x000000000000060D (mip.MTI <- 0b1, mip.STI <- 0b0)
mem[X,0x00000000800026C8] -> 0x3823
mem[X,0x00000000800026CA] -> 0x28A1
[3098] [M]: 0x00000000800026C8 (0x28A13823) sd x10, 0x290(x2)                       common_Mhandler+8
mem[W,0x0000000080005290] <- 0x0000000000000000

mem[X,0x00000000800026CC] -> 0x3503
mem[X,0x00000000800026CE] -> 0x2301
[3099] [M]: 0x00000000800026CC (0x23013503) ld x10, 0x230(x2)                       common_Mhandler+12
mem[R,0x0000000080005230] -> 0x00000000800026D4
x10 <- 0x00000000800026D4

clint mtime 0x000000000000060E (mip.MTI <- 0b1, mip.STI <- 0b0)
mem[X,0x00000000800026D0] -> 0x0067
mem[X,0x00000000800026D2] -> 0x0005
[3100] [M]: 0x00000000800026D0 (0x00050067) jalr x0, 0x0(x10)                       common_Mhandler+16

mem[X,0x00000000800026D4] -> 0x3C23
mem[X,0x00000000800026D6] -> 0x2691
[3101] [M]: 0x00000000800026D4 (0x26913C23) sd x9, 0x278(x2)                        common_Mentry+0
mem[W,0x0000000080005278] <- 0x00000300000001C8

clint mtime 0x000000000000060F (mip.MTI <- 0b1, mip.STI <- 0b0)
mem[X,0x00000000800026D8] -> 0x3823
mem[X,0x00000000800026DA] -> 0x2681
[3102] [M]: 0x00000000800026D8 (0x26813823) sd x8, 0x270(x2)                        common_Mentry+4
mem[W,0x0000000080005270] <- 0x0000000000007F76

mem[X,0x00000000800026DC] -> 0x3423
mem[X,0x00000000800026DE] -> 0x2671
[3103] [M]: 0x00000000800026DC (0x26713423) sd x7, 0x268(x2)                        common_Mentry+8
mem[W,0x0000000080005268] <- 0x0000000080005000

clint mtime 0x0000000000000610 (mip.MTI <- 0b1, mip.STI <- 0b0)
mem[X,0x00000000800026E0] -> 0x3023
mem[X,0x00000000800026E2] -> 0x2661
[3104] [M]: 0x00000000800026E0 (0x26613023) sd x6, 0x260(x2)                        common_Mentry+12
mem[W,0x0000000080005260] <- 0xFFFFFFFF7FFFEBCC

mem[X,0x00000000800026E4] -> 0x2573
mem[X,0x00000000800026E6] -> 0x3420
[3105] [M]: 0x00000000800026E4 (0x34202573) csrrs x10, mcause, x0                   spcl_M2mmode_test+0
CSR mcause (0x342) -> 0x0000000000000009
x10 <- 0x0000000000000009

clint mtime 0x0000000000000611 (mip.MTI <- 0b1, mip.STI <- 0b0)
mem[X,0x00000000800026E8] -> 0x04B7
mem[X,0x00000000800026EA] -> 0x8000
[3106] [M]: 0x00000000800026E8 (0x800004B7) lui x9, -0x80000                        spcl_M2mmode_test+4
x9 <- 0xFFFFFFFF80000000

mem[X,0x00000000800026EC] -> 0x8493
mem[X,0x00000000800026EE] -> 0x0004
[3107] [M]: 0x00000000800026EC (0x00048493) addi x9, x9, 0x0                        spcl_M2mmode_test+8
x9 <- 0xFFFFFFFF80000000

clint mtime 0x0000000000000612 (mip.MTI <- 0b1, mip.STI <- 0b0)
mem[X,0x00000000800026F0] -> 0x9493
mem[X,0x00000000800026F2] -> 0x00B4
[3108] [M]: 0x00000000800026F0 (0x00B49493) slli x9, x9, 0xb                        spcl_M2mmode_test+12
x9 <- 0xFFFFFC0000000000

mem[X,0x00000000800026F4] -> 0x8493
mem[X,0x00000000800026F6] -> 0x0004
[3109] [M]: 0x00000000800026F4 (0x00048493) addi x9, x9, 0x0                        spcl_M2mmode_test+16
x9 <- 0xFFFFFC0000000000

clint mtime 0x0000000000000613 (mip.MTI <- 0b1, mip.STI <- 0b0)
mem[X,0x00000000800026F8] -> 0x9493
mem[X,0x00000000800026FA] -> 0x00B4
[3110] [M]: 0x00000000800026F8 (0x00B49493) slli x9, x9, 0xb                        spcl_M2mmode_test+20
x9 <- 0xFFE0000000000000

mem[X,0x00000000800026FC] -> 0x8493
mem[X,0x00000000800026FE] -> 0x0034
[3111] [M]: 0x00000000800026FC (0x00348493) addi x9, x9, 0x3                        spcl_M2mmode_test+24
x9 <- 0xFFE0000000000003

clint mtime 0x0000000000000614 (mip.MTI <- 0b1, mip.STI <- 0b0)
mem[X,0x0000000080002700] -> 0x9493
mem[X,0x0000000080002702] -> 0x00A4
[3112] [M]: 0x0000000080002700 (0x00A49493) slli x9, x9, 0xa                        spcl_M2mmode_test+28
x9 <- 0x8000000000000C00

mem[X,0x0000000080002704] -> 0x8493
mem[X,0x0000000080002706] -> 0x3FC4
[3113] [M]: 0x0000000080002704 (0x3FC48493) addi x9, x9, 0x3fc                      spcl_M2mmode_test+32
x9 <- 0x8000000000000FFC

clint mtime 0x0000000000000615 (mip.MTI <- 0b1, mip.STI <- 0b0)
mem[X,0x0000000080002708] -> 0xF4B3
mem[X,0x000000008000270A] -> 0x00A4
[3114] [M]: 0x0000000080002708 (0x00A4F4B3) and x9, x9, x10                         spcl_M2mmode_test+36
x9 <- 0x0000000000000008

mem[X,0x000000008000270C] -> 0x8493
mem[X,0x000000008000270E] -> 0xFF84
[3115] [M]: 0x000000008000270C (0xFF848493) addi x9, x9, -0x8                       spcl_M2mmode_test+40
x9 <- 0x0000000000000000

clint mtime 0x0000000000000616 (mip.MTI <- 0b1, mip.STI <- 0b0)
mem[X,0x0000000080002710] -> 0x9663
mem[X,0x0000000080002712] -> 0x0004
[3116] [M]: 0x0000000080002710 (0x00049663) bne x9, x0, 0xc                         spcl_M2mmode_test+44

mem[X,0x0000000080002714] -> 0x3383
mem[X,0x0000000080002716] -> 0x2901
[3117] [M]: 0x0000000080002714 (0x29013383) ld x7, 0x290(x2)                        spcl_M2mmode_test+48
mem[R,0x0000000080005290] -> 0x0000000000000000
x7 <- 0x0000000000000000

clint mtime 0x0000000000000617 (mip.MTI <- 0b1, mip.STI <- 0b0)
mem[X,0x0000000080002718] -> 0x8663
mem[X,0x000000008000271A] -> 0x6E03
[3118] [M]: 0x0000000080002718 (0x6E038663) beq x7, x0, 0x6ec                       spcl_M2mmode_test+52

mem[X,0x0000000080002E04] -> 0x0493
mem[X,0x0000000080002E06] -> 0xFF55
[3119] [M]: 0x0000000080002E04 (0xFF550493) addi x9, x10, -0xb                      rtn2mmode+0
x9 <- 0xFFFFFFFFFFFFFFFE

clint mtime 0x0000000000000618 (mip.MTI <- 0b1, mip.STI <- 0b0)
mem[X,0x0000000080002E08] -> 0x8C63
mem[X,0x0000000080002E0A] -> 0x0004
[3120] [M]: 0x0000000080002E08 (0x00048C63) beq x9, x0, 0x18                        rtn2mmode+4

mem[X,0x0000000080002E0C] -> 0x3583
mem[X,0x0000000080002E0E] -> 0x4701
[3121] [M]: 0x0000000080002E0C (0x47013583) ld x11, 0x470(x2)                       rtn2mmode+8
mem[R,0x0000000080005470] -> 0x00000300800007BC
x11 <- 0x00000300800007BC

clint mtime 0x0000000000000619 (mip.MTI <- 0b1, mip.STI <- 0b0)
mem[X,0x0000000080002E10] -> 0xD463
mem[X,0x0000000080002E12] -> 0x0003
[3122] [M]: 0x0000000080002E10 (0x0003D463) bge x7, x0, 0x8                         rtn2mmode+12

mem[X,0x0000000080002E18] -> 0x3483
mem[X,0x0000000080002E1A] -> 0x1D81
[3123] [M]: 0x0000000080002E18 (0x1D813483) ld x9, 0x1d8(x2)                        from_u_s+0
mem[R,0x00000000800051D8] -> 0x00000000800007D4
x9 <- 0x00000000800007D4

clint mtime 0x000000000000061A (mip.MTI <- 0b1, mip.STI <- 0b0)
mem[X,0x0000000080002E1C] -> 0x84B3
mem[X,0x0000000080002E1E] -> 0x40B4
[3124] [M]: 0x0000000080002E1C (0x40B484B3) sub x9, x9, x11                         from_u_s+4
x9 <- 0xFFFFFD0000000018

mem[X,0x0000000080002E20] -> 0x23F3
mem[X,0x0000000080002E22] -> 0x3410
[3125] [M]: 0x0000000080002E20 (0x341023F3) csrrs x7, mepc, x0                      rtn_fm_mmode+0
CSR mepc (0x341) -> 0x000003008000169C
x7 <- 0x000003008000169C

clint mtime 0x000000000000061B (mip.MTI <- 0b1, mip.STI <- 0b0)
mem[X,0x0000000080002E24] -> 0x83B3
mem[X,0x0000000080002E26] -> 0x0093
[3126] [M]: 0x0000000080002E24 (0x009383B3) add x7, x7, x9                          rtn_fm_mmode+4
x7 <- 0x00000000800016B4

mem[X,0x0000000080002E28] -> 0x3303
mem[X,0x0000000080002E2A] -> 0x2601
[3127] [M]: 0x0000000080002E28 (0x26013303) ld x6, 0x260(x2)                        rtn_fm_mmode+8
mem[R,0x0000000080005260] -> 0xFFFFFFFF7FFFEBCC
x6 <- 0xFFFFFFFF7FFFEBCC

clint mtime 0x000000000000061C (mip.MTI <- 0b1, mip.STI <- 0b0)
mem[X,0x0000000080002E2C] -> 0x3403
mem[X,0x0000000080002E2E] -> 0x2701
[3128] [M]: 0x0000000080002E2C (0x27013403) ld x8, 0x270(x2)                        rtn_fm_mmode+12
mem[R,0x0000000080005270] -> 0x0000000000007F76
x8 <- 0x0000000000007F76

mem[X,0x0000000080002E30] -> 0x3483
mem[X,0x0000000080002E32] -> 0x2781
[3129] [M]: 0x0000000080002E30 (0x27813483) ld x9, 0x278(x2)                        rtn_fm_mmode+16
mem[R,0x0000000080005278] -> 0x00000300000001C8
x9 <- 0x00000300000001C8

clint mtime 0x000000000000061D (mip.MTI <- 0b1, mip.STI <- 0b0)
mem[X,0x0000000080002E34] -> 0x3503
mem[X,0x0000000080002E36] -> 0x2801
[3130] [M]: 0x0000000080002E34 (0x28013503) ld x10, 0x280(x2)                       rtn_fm_mmode+20
mem[R,0x0000000080005280] -> 0x00000000200000CF
x10 <- 0x00000000200000CF

mem[X,0x0000000080002E38] -> 0x3583
mem[X,0x0000000080002E3A] -> 0x2881
[3131] [M]: 0x0000000080002E38 (0x28813583) ld x11, 0x288(x2)                       rtn_fm_mmode+24
mem[R,0x0000000080005288] -> 0x00000000000000CF
x11 <- 0x00000000000000CF

clint mtime 0x000000000000061E (mip.MTI <- 0b1, mip.STI <- 0b0)
mem[X,0x0000000080002E3C] -> 0x3103
mem[X,0x0000000080002E3E] -> 0x2901
[3132] [M]: 0x0000000080002E3C (0x29013103) ld x2, 0x290(x2)                        rtn_fm_mmode+28
mem[R,0x0000000080005290] -> 0x0000000000000000
x2 <- 0x0000000000000000

mem[X,0x0000000080002E40] -> 0x8067
mem[X,0x0000000080002E42] -> 0x0043
[3133] [M]: 0x0000000080002E40 (0x00438067) jalr x0, 0x4(x7)                        rtn_fm_mmode+32

clint mtime 0x000000000000061F (mip.MTI <- 0b1, mip.STI <- 0b0)
mem[X,0x00000000800016B8] -> 0x0013
mem[X,0x00000000800016BA] -> 0x0000
[3134] [M]: 0x00000000800016B8 (0x00000013) addi x0, x0, 0x0                        main+3768

mem[X,0x00000000800016BC] -> 0x0013
mem[X,0x00000000800016BE] -> 0x0000
[3135] [M]: 0x00000000800016BC (0x00000013) addi x0, x0, 0x0                        main+3772

clint mtime 0x0000000000000620 (mip.MTI <- 0b1, mip.STI <- 0b0)
mem[X,0x00000000800016C0] -> 0x7517
mem[X,0x00000000800016C2] -> 0x0000
[3136] [M]: 0x00000000800016C0 (0x00007517) auipc x10, 0x7                          main+3776
x10 <- 0x00000000800086C0

mem[X,0x00000000800016C4] -> 0x0513
mem[X,0x00000000800016C6] -> 0x9405
[3137] [M]: 0x00000000800016C4 (0x94050513) addi x10, x10, -0x6c0                   main+3780
x10 <- 0x0000000080008000

clint mtime 0x0000000000000621 (mip.MTI <- 0b1, mip.STI <- 0b0)
mem[X,0x00000000800016C8] -> 0x0001
[3138] [M]: 0x00000000800016C8 (0x0001) c.nop                                       main+3784

mem[X,0x00000000800016CA] -> 0x0013
mem[X,0x00000000800016CC] -> 0x0000
[3139] [M]: 0x00000000800016CA (0x00000013) addi x0, x0, 0x0                        main+3786

clint mtime 0x0000000000000622 (mip.MTI <- 0b1, mip.STI <- 0b0)
mem[X,0x00000000800016CE] -> 0x0013
mem[X,0x00000000800016D0] -> 0x0000
[3140] [M]: 0x00000000800016CE (0x00000013) addi x0, x0, 0x0                        main+3790

mem[X,0x00000000800016D2] -> 0x0013
mem[X,0x00000000800016D4] -> 0x0000
[3141] [M]: 0x00000000800016D2 (0x00000013) addi x0, x0, 0x0                        main+3794

clint mtime 0x0000000000000623 (mip.MTI <- 0b1, mip.STI <- 0b0)
mem[X,0x00000000800016D6] -> 0x0013
mem[X,0x00000000800016D8] -> 0x0000
[3142] [M]: 0x00000000800016D6 (0x00000013) addi x0, x0, 0x0                        main+3798

mem[X,0x00000000800016DA] -> 0x0013
mem[X,0x00000000800016DC] -> 0x0000
[3143] [M]: 0x00000000800016DA (0x00000013) addi x0, x0, 0x0                        main+3802

clint mtime 0x0000000000000624 (mip.MTI <- 0b1, mip.STI <- 0b0)
mem[X,0x00000000800016DE] -> 0x0001
[3144] [M]: 0x00000000800016DE (0x0001) c.nop                                       main+3806

mem[X,0x00000000800016E0] -> 0x0593
mem[X,0x00000000800016E2] -> 0x0010
[3145] [M]: 0x00000000800016E0 (0x00100593) addi x11, x0, 0x1                       main+3808
x11 <- 0x0000000000000001

clint mtime 0x0000000000000625 (mip.MTI <- 0b1, mip.STI <- 0b0)
mem[X,0x00000000800016E4] -> 0x5513
mem[X,0x00000000800016E6] -> 0x00C5
[3146] [M]: 0x00000000800016E4 (0x00C55513) srli x10, x10, 0xc                      main+3812
x10 <- 0x0000000000080008

mem[X,0x00000000800016E8] -> 0x1513
mem[X,0x00000000800016EA] -> 0x00A5
[3147] [M]: 0x00000000800016E8 (0x00A51513) slli x10, x10, 0xa                      main+3816
x10 <- 0x0000000020002000

clint mtime 0x0000000000000626 (mip.MTI <- 0b1, mip.STI <- 0b0)
mem[X,0x00000000800016EC] -> 0x6533
mem[X,0x00000000800016EE] -> 0x00B5
[3148] [M]: 0x00000000800016EC (0x00B56533) or x10, x10, x11                        main+3820
x10 <- 0x0000000020002001

mem[X,0x00000000800016F0] -> 0x0013
mem[X,0x00000000800016F2] -> 0x0000
[3149] [M]: 0x00000000800016F0 (0x00000013) addi x0, x0, 0x0                        main+3824

clint mtime 0x0000000000000627 (mip.MTI <- 0b1, mip.STI <- 0b0)
mem[X,0x00000000800016F4] -> 0x0013
mem[X,0x00000000800016F6] -> 0x0000
[3150] [M]: 0x00000000800016F4 (0x00000013) addi x0, x0, 0x0                        main+3828

mem[X,0x00000000800016F8] -> 0x0013
mem[X,0x00000000800016FA] -> 0x0000
[3151] [M]: 0x00000000800016F8 (0x00000013) addi x0, x0, 0x0                        main+3832

clint mtime 0x0000000000000628 (mip.MTI <- 0b1, mip.STI <- 0b0)
mem[X,0x00000000800016FC] -> 0x0013
mem[X,0x00000000800016FE] -> 0x0000
[3152] [M]: 0x00000000800016FC (0x00000013) addi x0, x0, 0x0                        main+3836

mem[X,0x0000000080001700] -> 0x8317
mem[X,0x0000000080001702] -> 0x0000
[3153] [M]: 0x0000000080001700 (0x00008317) auipc x6, 0x8                           main+3840
x6 <- 0x0000000080009700

clint mtime 0x0000000000000629 (mip.MTI <- 0b1, mip.STI <- 0b0)
mem[X,0x0000000080001704] -> 0x0313
mem[X,0x0000000080001706] -> 0x9003
[3154] [M]: 0x0000000080001704 (0x90030313) addi x6, x6, -0x700                     main+3844
x6 <- 0x0000000080009000

mem[X,0x0000000080001708] -> 0x0001
[3155] [M]: 0x0000000080001708 (0x0001) c.nop                                       main+3848

clint mtime 0x000000000000062A (mip.MTI <- 0b1, mip.STI <- 0b0)
mem[X,0x000000008000170A] -> 0x0013
mem[X,0x000000008000170C] -> 0x0000
[3156] [M]: 0x000000008000170A (0x00000013) addi x0, x0, 0x0                        main+3850

mem[X,0x000000008000170E] -> 0x0013
mem[X,0x0000000080001710] -> 0x0000
[3157] [M]: 0x000000008000170E (0x00000013) addi x0, x0, 0x0                        main+3854

clint mtime 0x000000000000062B (mip.MTI <- 0b1, mip.STI <- 0b0)
mem[X,0x0000000080001712] -> 0x0013
mem[X,0x0000000080001714] -> 0x0000
[3158] [M]: 0x0000000080001712 (0x00000013) addi x0, x0, 0x0                        main+3858

mem[X,0x0000000080001716] -> 0x0013
mem[X,0x0000000080001718] -> 0x0000
[3159] [M]: 0x0000000080001716 (0x00000013) addi x0, x0, 0x0                        main+3862

clint mtime 0x000000000000062C (mip.MTI <- 0b1, mip.STI <- 0b0)
mem[X,0x000000008000171A] -> 0x0013
mem[X,0x000000008000171C] -> 0x0000
[3160] [M]: 0x000000008000171A (0x00000013) addi x0, x0, 0x0                        main+3866

mem[X,0x000000008000171E] -> 0x0001
[3161] [M]: 0x000000008000171E (0x0001) c.nop                                       main+3870

clint mtime 0x000000000000062D (mip.MTI <- 0b1, mip.STI <- 0b0)
mem[X,0x0000000080001720] -> 0x0293
mem[X,0x0000000080001722] -> 0x0280
[3162] [M]: 0x0000000080001720 (0x02800293) addi x5, x0, 0x28                       main+3872
x5 <- 0x0000000000000028

mem[X,0x0000000080001724] -> 0x0333
mem[X,0x0000000080001726] -> 0x0053
[3163] [M]: 0x0000000080001724 (0x00530333) add x6, x6, x5                          main+3876
x6 <- 0x0000000080009028

clint mtime 0x000000000000062E (mip.MTI <- 0b1, mip.STI <- 0b0)
mem[X,0x0000000080001728] -> 0x3023
mem[X,0x000000008000172A] -> 0x00A3
[3164] [M]: 0x0000000080001728 (0x00A33023) sd x10, 0x0(x6)                         main+3880
mem[W,0x0000000080009028] <- 0x0000000020002001

mem[X,0x000000008000172C] -> 0x0013
mem[X,0x000000008000172E] -> 0x0000
[3165] [M]: 0x000000008000172C (0x00000013) addi x0, x0, 0x0                        main+3884

clint mtime 0x000000000000062F (mip.MTI <- 0b1, mip.STI <- 0b0)
mem[X,0x0000000080001730] -> 0x0013
mem[X,0x0000000080001732] -> 0x0000
[3166] [M]: 0x0000000080001730 (0x00000013) addi x0, x0, 0x0                        main+3888

mem[X,0x0000000080001734] -> 0x0013
mem[X,0x0000000080001736] -> 0x0000
[3167] [M]: 0x0000000080001734 (0x00000013) addi x0, x0, 0x0                        main+3892

clint mtime 0x0000000000000630 (mip.MTI <- 0b1, mip.STI <- 0b0)
mem[X,0x0000000080001738] -> 0x0013
mem[X,0x000000008000173A] -> 0x0000
[3168] [M]: 0x0000000080001738 (0x00000013) addi x0, x0, 0x0                        main+3896

mem[X,0x000000008000173C] -> 0x0013
mem[X,0x000000008000173E] -> 0x0000
[3169] [M]: 0x000000008000173C (0x00000013) addi x0, x0, 0x0                        main+3900

clint mtime 0x0000000000000631 (mip.MTI <- 0b1, mip.STI <- 0b0)
mem[X,0x0000000080001740] -> 0x6517
mem[X,0x0000000080001742] -> 0x0000
[3170] [M]: 0x0000000080001740 (0x00006517) auipc x10, 0x6                          main+3904
x10 <- 0x0000000080007740

mem[X,0x0000000080001744] -> 0x0513
mem[X,0x0000000080001746] -> 0x8C05
[3171] [M]: 0x0000000080001744 (0x8C050513) addi x10, x10, -0x740                   main+3908
x10 <- 0x0000000080007000

clint mtime 0x0000000000000632 (mip.MTI <- 0b1, mip.STI <- 0b0)
mem[X,0x0000000080001748] -> 0x0001
[3172] [M]: 0x0000000080001748 (0x0001) c.nop                                       main+3912

mem[X,0x000000008000174A] -> 0x0013
mem[X,0x000000008000174C] -> 0x0000
[3173] [M]: 0x000000008000174A (0x00000013) addi x0, x0, 0x0                        main+3914

clint mtime 0x0000000000000633 (mip.MTI <- 0b1, mip.STI <- 0b0)
mem[X,0x000000008000174E] -> 0x0013
mem[X,0x0000000080001750] -> 0x0000
[3174] [M]: 0x000000008000174E (0x00000013) addi x0, x0, 0x0                        main+3918

mem[X,0x0000000080001752] -> 0x0013
mem[X,0x0000000080001754] -> 0x0000
[3175] [M]: 0x0000000080001752 (0x00000013) addi x0, x0, 0x0                        main+3922

clint mtime 0x0000000000000634 (mip.MTI <- 0b1, mip.STI <- 0b0)
mem[X,0x0000000080001756] -> 0x0013
mem[X,0x0000000080001758] -> 0x0000
[3176] [M]: 0x0000000080001756 (0x00000013) addi x0, x0, 0x0                        main+3926

mem[X,0x000000008000175A] -> 0x0013
mem[X,0x000000008000175C] -> 0x0000
[3177] [M]: 0x000000008000175A (0x00000013) addi x0, x0, 0x0                        main+3930

clint mtime 0x0000000000000635 (mip.MTI <- 0b1, mip.STI <- 0b0)
mem[X,0x000000008000175E] -> 0x0001
[3178] [M]: 0x000000008000175E (0x0001) c.nop                                       main+3934

mem[X,0x0000000080001760] -> 0x0593
mem[X,0x0000000080001762] -> 0x0010
[3179] [M]: 0x0000000080001760 (0x00100593) addi x11, x0, 0x1                       main+3936
x11 <- 0x0000000000000001

clint mtime 0x0000000000000636 (mip.MTI <- 0b1, mip.STI <- 0b0)
mem[X,0x0000000080001764] -> 0x5513
mem[X,0x0000000080001766] -> 0x00C5
[3180] [M]: 0x0000000080001764 (0x00C55513) srli x10, x10, 0xc                      main+3940
x10 <- 0x0000000000080007

mem[X,0x0000000080001768] -> 0x1513
mem[X,0x000000008000176A] -> 0x00A5
[3181] [M]: 0x0000000080001768 (0x00A51513) slli x10, x10, 0xa                      main+3944
x10 <- 0x0000000020001C00

clint mtime 0x0000000000000637 (mip.MTI <- 0b1, mip.STI <- 0b0)
mem[X,0x000000008000176C] -> 0x6533
mem[X,0x000000008000176E] -> 0x00B5
[3182] [M]: 0x000000008000176C (0x00B56533) or x10, x10, x11                        main+3948
x10 <- 0x0000000020001C01

mem[X,0x0000000080001770] -> 0x0013
mem[X,0x0000000080001772] -> 0x0000
[3183] [M]: 0x0000000080001770 (0x00000013) addi x0, x0, 0x0                        main+3952

clint mtime 0x0000000000000638 (mip.MTI <- 0b1, mip.STI <- 0b0)
mem[X,0x0000000080001774] -> 0x0013
mem[X,0x0000000080001776] -> 0x0000
[3184] [M]: 0x0000000080001774 (0x00000013) addi x0, x0, 0x0                        main+3956

mem[X,0x0000000080001778] -> 0x0013
mem[X,0x000000008000177A] -> 0x0000
[3185] [M]: 0x0000000080001778 (0x00000013) addi x0, x0, 0x0                        main+3960

clint mtime 0x0000000000000639 (mip.MTI <- 0b1, mip.STI <- 0b0)
mem[X,0x000000008000177C] -> 0x0013
mem[X,0x000000008000177E] -> 0x0000
[3186] [M]: 0x000000008000177C (0x00000013) addi x0, x0, 0x0                        main+3964

mem[X,0x0000000080001780] -> 0x7317
mem[X,0x0000000080001782] -> 0x0000
[3187] [M]: 0x0000000080001780 (0x00007317) auipc x6, 0x7                           main+3968
x6 <- 0x0000000080008780

clint mtime 0x000000000000063A (mip.MTI <- 0b1, mip.STI <- 0b0)
mem[X,0x0000000080001784] -> 0x0313
mem[X,0x0000000080001786] -> 0x8803
[3188] [M]: 0x0000000080001784 (0x88030313) addi x6, x6, -0x780                     main+3972
x6 <- 0x0000000080008000

mem[X,0x0000000080001788] -> 0x0001
[3189] [M]: 0x0000000080001788 (0x0001) c.nop                                       main+3976

clint mtime 0x000000000000063B (mip.MTI <- 0b1, mip.STI <- 0b0)
mem[X,0x000000008000178A] -> 0x0013
mem[X,0x000000008000178C] -> 0x0000
[3190] [M]: 0x000000008000178A (0x00000013) addi x0, x0, 0x0                        main+3978

mem[X,0x000000008000178E] -> 0x0013
mem[X,0x0000000080001790] -> 0x0000
[3191] [M]: 0x000000008000178E (0x00000013) addi x0, x0, 0x0                        main+3982

clint mtime 0x000000000000063C (mip.MTI <- 0b1, mip.STI <- 0b0)
mem[X,0x0000000080001792] -> 0x0013
mem[X,0x0000000080001794] -> 0x0000
[3192] [M]: 0x0000000080001792 (0x00000013) addi x0, x0, 0x0                        main+3986

mem[X,0x0000000080001796] -> 0x0013
mem[X,0x0000000080001798] -> 0x0000
[3193] [M]: 0x0000000080001796 (0x00000013) addi x0, x0, 0x0                        main+3990

clint mtime 0x000000000000063D (mip.MTI <- 0b1, mip.STI <- 0b0)
mem[X,0x000000008000179A] -> 0x0013
mem[X,0x000000008000179C] -> 0x0000
[3194] [M]: 0x000000008000179A (0x00000013) addi x0, x0, 0x0                        main+3994

mem[X,0x000000008000179E] -> 0x0001
[3195] [M]: 0x000000008000179E (0x0001) c.nop                                       main+3998

clint mtime 0x000000000000063E (mip.MTI <- 0b1, mip.STI <- 0b0)
mem[X,0x00000000800017A0] -> 0x0293
mem[X,0x00000000800017A2] -> 0x0000
[3196] [M]: 0x00000000800017A0 (0x00000293) addi x5, x0, 0x0                        main+4000
x5 <- 0x0000000000000000

mem[X,0x00000000800017A4] -> 0x0333
mem[X,0x00000000800017A6] -> 0x0053
[3197] [M]: 0x00000000800017A4 (0x00530333) add x6, x6, x5                          main+4004
x6 <- 0x0000000080008000

clint mtime 0x000000000000063F (mip.MTI <- 0b1, mip.STI <- 0b0)
mem[X,0x00000000800017A8] -> 0x3023
mem[X,0x00000000800017AA] -> 0x00A3
[3198] [M]: 0x00000000800017A8 (0x00A33023) sd x10, 0x0(x6)                         main+4008
mem[W,0x0000000080008000] <- 0x0000000020001C01

mem[X,0x00000000800017AC] -> 0x0013
mem[X,0x00000000800017AE] -> 0x0000
[3199] [M]: 0x00000000800017AC (0x00000013) addi x0, x0, 0x0                        main+4012

clint mtime 0x0000000000000640 (mip.MTI <- 0b1, mip.STI <- 0b0)
mem[X,0x00000000800017B0] -> 0x0013
mem[X,0x00000000800017B2] -> 0x0000
[3200] [M]: 0x00000000800017B0 (0x00000013) addi x0, x0, 0x0                        main+4016

mem[X,0x00000000800017B4] -> 0x0013
mem[X,0x00000000800017B6] -> 0x0000
[3201] [M]: 0x00000000800017B4 (0x00000013) addi x0, x0, 0x0                        main+4020

clint mtime 0x0000000000000641 (mip.MTI <- 0b1, mip.STI <- 0b0)
mem[X,0x00000000800017B8] -> 0x0013
mem[X,0x00000000800017BA] -> 0x0000
[3202] [M]: 0x00000000800017B8 (0x00000013) addi x0, x0, 0x0                        main+4024

mem[X,0x00000000800017BC] -> 0x0013
mem[X,0x00000000800017BE] -> 0x0000
[3203] [M]: 0x00000000800017BC (0x00000013) addi x0, x0, 0x0                        main+4028

clint mtime 0x0000000000000642 (mip.MTI <- 0b1, mip.STI <- 0b0)
mem[X,0x00000000800017C0] -> 0xF517
mem[X,0x00000000800017C2] -> 0xFFFF
[3204] [M]: 0x00000000800017C0 (0xFFFFF517) auipc x10, -0x1                         main+4032
x10 <- 0x00000000800007C0

mem[X,0x00000000800017C4] -> 0x0513
mem[X,0x00000000800017C6] -> 0xC405
[3205] [M]: 0x00000000800017C4 (0xC4050513) addi x10, x10, -0x3c0                   main+4036
x10 <- 0x0000000080000400

clint mtime 0x0000000000000643 (mip.MTI <- 0b1, mip.STI <- 0b0)
mem[X,0x00000000800017C8] -> 0x0001
[3206] [M]: 0x00000000800017C8 (0x0001) c.nop                                       main+4040

mem[X,0x00000000800017CA] -> 0x0013
mem[X,0x00000000800017CC] -> 0x0000
[3207] [M]: 0x00000000800017CA (0x00000013) addi x0, x0, 0x0                        main+4042

clint mtime 0x0000000000000644 (mip.MTI <- 0b1, mip.STI <- 0b0)
mem[X,0x00000000800017CE] -> 0x0013
mem[X,0x00000000800017D0] -> 0x0000
[3208] [M]: 0x00000000800017CE (0x00000013) addi x0, x0, 0x0                        main+4046

mem[X,0x00000000800017D2] -> 0x0013
mem[X,0x00000000800017D4] -> 0x0000
[3209] [M]: 0x00000000800017D2 (0x00000013) addi x0, x0, 0x0                        main+4050

clint mtime 0x0000000000000645 (mip.MTI <- 0b1, mip.STI <- 0b0)
mem[X,0x00000000800017D6] -> 0x0013
mem[X,0x00000000800017D8] -> 0x0000
[3210] [M]: 0x00000000800017D6 (0x00000013) addi x0, x0, 0x0                        main+4054

mem[X,0x00000000800017DA] -> 0x0013
mem[X,0x00000000800017DC] -> 0x0000
[3211] [M]: 0x00000000800017DA (0x00000013) addi x0, x0, 0x0                        main+4058

clint mtime 0x0000000000000646 (mip.MTI <- 0b1, mip.STI <- 0b0)
mem[X,0x00000000800017DE] -> 0x0001
[3212] [M]: 0x00000000800017DE (0x0001) c.nop                                       main+4062

mem[X,0x00000000800017E0] -> 0x0593
mem[X,0x00000000800017E2] -> 0x0C30
[3213] [M]: 0x00000000800017E0 (0x0C300593) addi x11, x0, 0xc3                      main+4064
x11 <- 0x00000000000000C3

clint mtime 0x0000000000000647 (mip.MTI <- 0b1, mip.STI <- 0b0)
mem[X,0x00000000800017E4] -> 0x5513
mem[X,0x00000000800017E6] -> 0x00C5
[3214] [M]: 0x00000000800017E4 (0x00C55513) srli x10, x10, 0xc                      main+4068
x10 <- 0x0000000000080000

mem[X,0x00000000800017E8] -> 0x1513
mem[X,0x00000000800017EA] -> 0x00A5
[3215] [M]: 0x00000000800017E8 (0x00A51513) slli x10, x10, 0xa                      main+4072
x10 <- 0x0000000020000000

clint mtime 0x0000000000000648 (mip.MTI <- 0b1, mip.STI <- 0b0)
mem[X,0x00000000800017EC] -> 0x6533
mem[X,0x00000000800017EE] -> 0x00B5
[3216] [M]: 0x00000000800017EC (0x00B56533) or x10, x10, x11                        main+4076
x10 <- 0x00000000200000C3

mem[X,0x00000000800017F0] -> 0x0013
mem[X,0x00000000800017F2] -> 0x0000
[3217] [M]: 0x00000000800017F0 (0x00000013) addi x0, x0, 0x0                        main+4080

clint mtime 0x0000000000000649 (mip.MTI <- 0b1, mip.STI <- 0b0)
mem[X,0x00000000800017F4] -> 0x0013
mem[X,0x00000000800017F6] -> 0x0000
[3218] [M]: 0x00000000800017F4 (0x00000013) addi x0, x0, 0x0                        main+4084

mem[X,0x00000000800017F8] -> 0x0013
mem[X,0x00000000800017FA] -> 0x0000
[3219] [M]: 0x00000000800017F8 (0x00000013) addi x0, x0, 0x0                        main+4088

clint mtime 0x000000000000064A (mip.MTI <- 0b1, mip.STI <- 0b0)
mem[X,0x00000000800017FC] -> 0x0013
mem[X,0x00000000800017FE] -> 0x0000
[3220] [M]: 0x00000000800017FC (0x00000013) addi x0, x0, 0x0                        main+4092

mem[X,0x0000000080001800] -> 0x6317
mem[X,0x0000000080001802] -> 0x0000
[3221] [M]: 0x0000000080001800 (0x00006317) auipc x6, 0x6                           main+4096
x6 <- 0x0000000080007800

clint mtime 0x000000000000064B (mip.MTI <- 0b1, mip.STI <- 0b0)
mem[X,0x0000000080001804] -> 0x0313
mem[X,0x0000000080001806] -> 0x8003
[3222] [M]: 0x0000000080001804 (0x80030313) addi x6, x6, -0x800                     main+4100
x6 <- 0x0000000080007000

mem[X,0x0000000080001808] -> 0x0001
[3223] [M]: 0x0000000080001808 (0x0001) c.nop                                       main+4104

clint mtime 0x000000000000064C (mip.MTI <- 0b1, mip.STI <- 0b0)
mem[X,0x000000008000180A] -> 0x0013
mem[X,0x000000008000180C] -> 0x0000
[3224] [M]: 0x000000008000180A (0x00000013) addi x0, x0, 0x0                        main+4106

mem[X,0x000000008000180E] -> 0x0013
mem[X,0x0000000080001810] -> 0x0000
[3225] [M]: 0x000000008000180E (0x00000013) addi x0, x0, 0x0                        main+4110

clint mtime 0x000000000000064D (mip.MTI <- 0b1, mip.STI <- 0b0)
mem[X,0x0000000080001812] -> 0x0013
mem[X,0x0000000080001814] -> 0x0000
[3226] [M]: 0x0000000080001812 (0x00000013) addi x0, x0, 0x0                        main+4114

mem[X,0x0000000080001816] -> 0x0013
mem[X,0x0000000080001818] -> 0x0000
[3227] [M]: 0x0000000080001816 (0x00000013) addi x0, x0, 0x0                        main+4118

clint mtime 0x000000000000064E (mip.MTI <- 0b1, mip.STI <- 0b0)
mem[X,0x000000008000181A] -> 0x0013
mem[X,0x000000008000181C] -> 0x0000
[3228] [M]: 0x000000008000181A (0x00000013) addi x0, x0, 0x0                        main+4122

mem[X,0x000000008000181E] -> 0x0001
[3229] [M]: 0x000000008000181E (0x0001) c.nop                                       main+4126

clint mtime 0x000000000000064F (mip.MTI <- 0b1, mip.STI <- 0b0)
mem[X,0x0000000080001820] -> 0x0293
mem[X,0x0000000080001822] -> 0x0000
[3230] [M]: 0x0000000080001820 (0x00000293) addi x5, x0, 0x0                        main+4128
x5 <- 0x0000000000000000

mem[X,0x0000000080001824] -> 0x0333
mem[X,0x0000000080001826] -> 0x0053
[3231] [M]: 0x0000000080001824 (0x00530333) add x6, x6, x5                          main+4132
x6 <- 0x0000000080007000

clint mtime 0x0000000000000650 (mip.MTI <- 0b1, mip.STI <- 0b0)
mem[X,0x0000000080001828] -> 0x3023
mem[X,0x000000008000182A] -> 0x00A3
[3232] [M]: 0x0000000080001828 (0x00A33023) sd x10, 0x0(x6)                         main+4136
mem[W,0x0000000080007000] <- 0x00000000200000C3

mem[X,0x000000008000182C] -> 0x0073
mem[X,0x000000008000182E] -> 0x1200
[3233] [M]: 0x000000008000182C (0x12000073) sfence.vma x0, x0                       main+4140

clint mtime 0x0000000000000651 (mip.MTI <- 0b1, mip.STI <- 0b0)
mem[X,0x0000000080001830] -> 0x0493
mem[X,0x0000000080001832] -> 0x0010
[3234] [M]: 0x0000000080001830 (0x00100493) addi x9, x0, 0x1                        main+4144
x9 <- 0x0000000000000001

mem[X,0x0000000080001834] -> 0x9493
mem[X,0x0000000080001836] -> 0x00B4
[3235] [M]: 0x0000000080001834 (0x00B49493) slli x9, x9, 0xb                        main+4148
x9 <- 0x0000000000000800

clint mtime 0x0000000000000652 (mip.MTI <- 0b1, mip.STI <- 0b0)
mem[X,0x0000000080001838] -> 0xB073
mem[X,0x000000008000183A] -> 0x3004
[3236] [M]: 0x0000000080001838 (0x3004B073) csrrc x0, mstatus, x9                   main+4152
CSR mstatus (0x300) <- 0x0000000A00040000

mem[X,0x000000008000183C] -> 0x0493
mem[X,0x000000008000183E] -> 0x0010
[3237] [M]: 0x000000008000183C (0x00100493) addi x9, x0, 0x1                        main+4156
x9 <- 0x0000000000000001

clint mtime 0x0000000000000653 (mip.MTI <- 0b1, mip.STI <- 0b0)
mem[X,0x0000000080001840] -> 0x9493
mem[X,0x0000000080001842] -> 0x00B4
[3238] [M]: 0x0000000080001840 (0x00B49493) slli x9, x9, 0xb                        main+4160
x9 <- 0x0000000000000800

mem[X,0x0000000080001844] -> 0xA073
mem[X,0x0000000080001846] -> 0x3004
[3239] [M]: 0x0000000080001844 (0x3004A073) csrrs x0, mstatus, x9                   main+4164
CSR mstatus (0x300) <- 0x0000000A00040800

clint mtime 0x0000000000000654 (mip.MTI <- 0b1, mip.STI <- 0b0)
mem[X,0x0000000080001848] -> 0x23F3
mem[X,0x000000008000184A] -> 0x3400
[3240] [M]: 0x0000000080001848 (0x340023F3) csrrs x7, mscratch, x0                  main+4168
CSR mscratch (0x340) -> 0x0000000080005000
x7 <- 0x0000000080005000

mem[X,0x000000008000184C] -> 0xB303
mem[X,0x000000008000184E] -> 0x4703
[3241] [M]: 0x000000008000184C (0x4703B303) ld x6, 0x470(x7)                        main+4172
mem[R,0x0000000080005470] -> 0x00000300800007BC
x6 <- 0x00000300800007BC

clint mtime 0x0000000000000655 (mip.MTI <- 0b1, mip.STI <- 0b0)
mem[X,0x0000000080001850] -> 0xB483
mem[X,0x0000000080001852] -> 0x1D83
[3242] [M]: 0x0000000080001850 (0x1D83B483) ld x9, 0x1d8(x7)                        main+4176
mem[R,0x00000000800051D8] -> 0x00000000800007D4
x9 <- 0x00000000800007D4

mem[X,0x0000000080001854] -> 0x0333
mem[X,0x0000000080001856] -> 0x4093
[3243] [M]: 0x0000000080001854 (0x40930333) sub x6, x6, x9                          main+4180
x6 <- 0x000002FFFFFFFFE8

clint mtime 0x0000000000000656 (mip.MTI <- 0b1, mip.STI <- 0b0)
mem[X,0x0000000080001858] -> 0x0313
mem[X,0x000000008000185A] -> 0x0103
[3244] [M]: 0x0000000080001858 (0x01030313) addi x6, x6, 0x10                       main+4184
x6 <- 0x000002FFFFFFFFF8

mem[X,0x000000008000185C] -> 0x0497
mem[X,0x000000008000185E] -> 0x0000
[3245] [M]: 0x000000008000185C (0x00000497) auipc x9, 0x0                           main+4188
x9 <- 0x000000008000185C

clint mtime 0x0000000000000657 (mip.MTI <- 0b1, mip.STI <- 0b0)
mem[X,0x0000000080001860] -> 0x84B3
mem[X,0x0000000080001862] -> 0x0064
[3246] [M]: 0x0000000080001860 (0x006484B3) add x9, x9, x6                          main+4192
x9 <- 0x0000030080001854

mem[X,0x0000000080001864] -> 0x94F3
mem[X,0x0000000080001866] -> 0x3414
[3247] [M]: 0x0000000080001864 (0x341494F3) csrrw x9, mepc, x9                      main+4196
CSR mepc (0x341) <- 0x0000030080001854
x9 <- 0x000003008000169C

clint mtime 0x0000000000000658 (mip.MTI <- 0b1, mip.STI <- 0b0)
mem[X,0x0000000080001868] -> 0x0073
mem[X,0x000000008000186A] -> 0x3020
[3248] [M]: 0x0000000080001868 (0x30200073) mret                                    main+4200
CSR mstatus (0x300) <- 0x0000000A00040080
ret-ing from M to S

PTW: Start, vpn=0x30080001, access_type=X, privilege=Smem[R,0x0000000080009030] -> 0x00000000000000CB
PTW: Step, level=3, pte=0xCB, pte_addr=0x80009030
PTW: Success, final_ppn=0x80001, level=3mem[X,0x0000000080001854] -> 0x0333
PTW: Start, vpn=0x30080001, access_type=X, privilege=Smem[R,0x0000000080009030] -> 0x00000000000000CB
PTW: Step, level=3, pte=0xCB, pte_addr=0x80009030
PTW: Success, final_ppn=0x80001, level=3mem[X,0x0000000080001856] -> 0x4093
[3249] [S]: 0x0000030080001854 (0x40930333) sub x6, x6, x9                          va_rvtest_code_begin+4248
x6 <- 0xFFFFFFFF7FFFE95C

clint mtime 0x0000000000000659 (mip.MTI <- 0b1, mip.STI <- 0b0)
PTW: Start, vpn=0x30080001, access_type=X, privilege=Smem[R,0x0000000080009030] -> 0x00000000000000CB
PTW: Step, level=3, pte=0xCB, pte_addr=0x80009030
PTW: Success, final_ppn=0x80001, level=3mem[X,0x0000000080001858] -> 0x0313
PTW: Start, vpn=0x30080001, access_type=X, privilege=Smem[R,0x0000000080009030] -> 0x00000000000000CB
PTW: Step, level=3, pte=0xCB, pte_addr=0x80009030
PTW: Success, final_ppn=0x80001, level=3mem[X,0x000000008000185A] -> 0x0103
[3250] [S]: 0x0000030080001858 (0x01030313) addi x6, x6, 0x10                       va_rvtest_code_begin+4252
x6 <- 0xFFFFFFFF7FFFE96C

PTW: Start, vpn=0x30080001, access_type=X, privilege=Smem[R,0x0000000080009030] -> 0x00000000000000CB
PTW: Step, level=3, pte=0xCB, pte_addr=0x80009030
PTW: Success, final_ppn=0x80001, level=3mem[X,0x000000008000185C] -> 0x0497
PTW: Start, vpn=0x30080001, access_type=X, privilege=Smem[R,0x0000000080009030] -> 0x00000000000000CB
PTW: Step, level=3, pte=0xCB, pte_addr=0x80009030
PTW: Success, final_ppn=0x80001, level=3mem[X,0x000000008000185E] -> 0x0000
[3251] [S]: 0x000003008000185C (0x00000497) auipc x9, 0x0                           va_rvtest_code_begin+4256
x9 <- 0x000003008000185C

clint mtime 0x000000000000065A (mip.MTI <- 0b1, mip.STI <- 0b0)
PTW: Start, vpn=0x30080001, access_type=X, privilege=Smem[R,0x0000000080009030] -> 0x00000000000000CB
PTW: Step, level=3, pte=0xCB, pte_addr=0x80009030
PTW: Success, final_ppn=0x80001, level=3mem[X,0x0000000080001860] -> 0x84B3
PTW: Start, vpn=0x30080001, access_type=X, privilege=Smem[R,0x0000000080009030] -> 0x00000000000000CB
PTW: Step, level=3, pte=0xCB, pte_addr=0x80009030
PTW: Success, final_ppn=0x80001, level=3mem[X,0x0000000080001862] -> 0x0064
[3252] [S]: 0x0000030080001860 (0x006484B3) add x9, x9, x6                          va_rvtest_code_begin+4260
x9 <- 0x00000300000001C8

PTW: Start, vpn=0x30080001, access_type=X, privilege=Smem[R,0x0000000080009030] -> 0x00000000000000CB
PTW: Step, level=3, pte=0xCB, pte_addr=0x80009030
PTW: Success, final_ppn=0x80001, level=3mem[X,0x0000000080001864] -> 0x94F3
PTW: Start, vpn=0x30080001, access_type=X, privilege=Smem[R,0x0000000080009030] -> 0x00000000000000CB
PTW: Step, level=3, pte=0xCB, pte_addr=0x80009030
PTW: Success, final_ppn=0x80001, level=3mem[X,0x0000000080001866] -> 0x3414
[3253] [S]: 0x0000030080001864 (0x341494F3) csrrw x9, mepc, x9                      va_rvtest_code_begin+4264
trapping from S to M to handle illegal-instruction
handling exc#illegal-instruction at priv M with tval 0x00000000341494F3
CSR mstatus (0x300) <- 0x0000000A00040800
CSR mcause (0x342) <- 0x0000000000000002
CSR mtval (0x343) <- 0x00000000341494F3
CSR mepc (0x341) <- 0x0000030080001864

clint mtime 0x000000000000065B (mip.MTI <- 0b1, mip.STI <- 0b0)
mem[X,0x0000000080002500] -> 0x006F
mem[X,0x0000000080002502] -> 0x1000
[3254] [M]: 0x0000000080002500 (0x1000006F) jal x0, 0x100                           Mtrampoline+0

mem[X,0x0000000080002600] -> 0x1173
mem[X,0x0000000080002602] -> 0x3401
[3255] [M]: 0x0000000080002600 (0x34011173) csrrw x2, mscratch, x2                  trap_Mhandler+0
CSR mscratch (0x340) <- 0x0000000000000000
x2 <- 0x0000000080005000

clint mtime 0x000000000000065C (mip.MTI <- 0b1, mip.STI <- 0b0)
mem[X,0x0000000080002604] -> 0x3423
mem[X,0x0000000080002606] -> 0x28B1
[3256] [M]: 0x0000000080002604 (0x28B13423) sd x11, 0x288(x2)                       trap_Mhandler+4
mem[W,0x0000000080005288] <- 0x00000000000000C3

mem[X,0x0000000080002608] -> 0x05EF
mem[X,0x000000008000260A] -> 0x0B80
[3257] [M]: 0x0000000080002608 (0x0B8005EF) jal x11, 0xb8                           trap_Mhandler+8
x11 <- 0x000000008000260C

clint mtime 0x000000000000065D (mip.MTI <- 0b1, mip.STI <- 0b0)
mem[X,0x00000000800026C0] -> 0x3023
mem[X,0x00000000800026C2] -> 0x28A1
[3258] [M]: 0x00000000800026C0 (0x28A13023) sd x10, 0x280(x2)                       common_Mhandler+0
mem[W,0x0000000080005280] <- 0x00000000200000C3

mem[X,0x00000000800026C4] -> 0x1573
mem[X,0x00000000800026C6] -> 0x3401
[3259] [M]: 0x00000000800026C4 (0x34011573) csrrw x10, mscratch, x2                 common_Mhandler+4
CSR mscratch (0x340) <- 0x0000000080005000
x10 <- 0x0000000000000000

clint mtime 0x000000000000065E (mip.MTI <- 0b1, mip.STI <- 0b0)
mem[X,0x00000000800026C8] -> 0x3823
mem[X,0x00000000800026CA] -> 0x28A1
[3260] [M]: 0x00000000800026C8 (0x28A13823) sd x10, 0x290(x2)                       common_Mhandler+8
mem[W,0x0000000080005290] <- 0x0000000000000000

mem[X,0x00000000800026CC] -> 0x3503
mem[X,0x00000000800026CE] -> 0x2301
[3261] [M]: 0x00000000800026CC (0x23013503) ld x10, 0x230(x2)                       common_Mhandler+12
mem[R,0x0000000080005230] -> 0x00000000800026D4
x10 <- 0x00000000800026D4

clint mtime 0x000000000000065F (mip.MTI <- 0b1, mip.STI <- 0b0)
mem[X,0x00000000800026D0] -> 0x0067
mem[X,0x00000000800026D2] -> 0x0005
[3262] [M]: 0x00000000800026D0 (0x00050067) jalr x0, 0x0(x10)                       common_Mhandler+16

mem[X,0x00000000800026D4] -> 0x3C23
mem[X,0x00000000800026D6] -> 0x2691
[3263] [M]: 0x00000000800026D4 (0x26913C23) sd x9, 0x278(x2)                        common_Mentry+0
mem[W,0x0000000080005278] <- 0x00000300000001C8

clint mtime 0x0000000000000660 (mip.MTI <- 0b1, mip.STI <- 0b0)
mem[X,0x00000000800026D8] -> 0x3823
mem[X,0x00000000800026DA] -> 0x2681
[3264] [M]: 0x00000000800026D8 (0x26813823) sd x8, 0x270(x2)                        common_Mentry+4
mem[W,0x0000000080005270] <- 0x0000000000007F76

mem[X,0x00000000800026DC] -> 0x3423
mem[X,0x00000000800026DE] -> 0x2671
[3265] [M]: 0x00000000800026DC (0x26713423) sd x7, 0x268(x2)                        common_Mentry+8
mem[W,0x0000000080005268] <- 0x0000000080005000

clint mtime 0x0000000000000661 (mip.MTI <- 0b1, mip.STI <- 0b0)
mem[X,0x00000000800026E0] -> 0x3023
mem[X,0x00000000800026E2] -> 0x2661
[3266] [M]: 0x00000000800026E0 (0x26613023) sd x6, 0x260(x2)                        common_Mentry+12
mem[W,0x0000000080005260] <- 0xFFFFFFFF7FFFE96C

mem[X,0x00000000800026E4] -> 0x2573
mem[X,0x00000000800026E6] -> 0x3420
[3267] [M]: 0x00000000800026E4 (0x34202573) csrrs x10, mcause, x0                   spcl_M2mmode_test+0
CSR mcause (0x342) -> 0x0000000000000002
x10 <- 0x0000000000000002

clint mtime 0x0000000000000662 (mip.MTI <- 0b1, mip.STI <- 0b0)
mem[X,0x00000000800026E8] -> 0x04B7
mem[X,0x00000000800026EA] -> 0x8000
[3268] [M]: 0x00000000800026E8 (0x800004B7) lui x9, -0x80000                        spcl_M2mmode_test+4
x9 <- 0xFFFFFFFF80000000

mem[X,0x00000000800026EC] -> 0x8493
mem[X,0x00000000800026EE] -> 0x0004
[3269] [M]: 0x00000000800026EC (0x00048493) addi x9, x9, 0x0                        spcl_M2mmode_test+8
x9 <- 0xFFFFFFFF80000000

clint mtime 0x0000000000000663 (mip.MTI <- 0b1, mip.STI <- 0b0)
mem[X,0x00000000800026F0] -> 0x9493
mem[X,0x00000000800026F2] -> 0x00B4
[3270] [M]: 0x00000000800026F0 (0x00B49493) slli x9, x9, 0xb                        spcl_M2mmode_test+12
x9 <- 0xFFFFFC0000000000

mem[X,0x00000000800026F4] -> 0x8493
mem[X,0x00000000800026F6] -> 0x0004
[3271] [M]: 0x00000000800026F4 (0x00048493) addi x9, x9, 0x0                        spcl_M2mmode_test+16
x9 <- 0xFFFFFC0000000000

clint mtime 0x0000000000000664 (mip.MTI <- 0b1, mip.STI <- 0b0)
mem[X,0x00000000800026F8] -> 0x9493
mem[X,0x00000000800026FA] -> 0x00B4
[3272] [M]: 0x00000000800026F8 (0x00B49493) slli x9, x9, 0xb                        spcl_M2mmode_test+20
x9 <- 0xFFE0000000000000

mem[X,0x00000000800026FC] -> 0x8493
mem[X,0x00000000800026FE] -> 0x0034
[3273] [M]: 0x00000000800026FC (0x00348493) addi x9, x9, 0x3                        spcl_M2mmode_test+24
x9 <- 0xFFE0000000000003

clint mtime 0x0000000000000665 (mip.MTI <- 0b1, mip.STI <- 0b0)
mem[X,0x0000000080002700] -> 0x9493
mem[X,0x0000000080002702] -> 0x00A4
[3274] [M]: 0x0000000080002700 (0x00A49493) slli x9, x9, 0xa                        spcl_M2mmode_test+28
x9 <- 0x8000000000000C00

mem[X,0x0000000080002704] -> 0x8493
mem[X,0x0000000080002706] -> 0x3FC4
[3275] [M]: 0x0000000080002704 (0x3FC48493) addi x9, x9, 0x3fc                      spcl_M2mmode_test+32
x9 <- 0x8000000000000FFC

clint mtime 0x0000000000000666 (mip.MTI <- 0b1, mip.STI <- 0b0)
mem[X,0x0000000080002708] -> 0xF4B3
mem[X,0x000000008000270A] -> 0x00A4
[3276] [M]: 0x0000000080002708 (0x00A4F4B3) and x9, x9, x10                         spcl_M2mmode_test+36
x9 <- 0x0000000000000000

mem[X,0x000000008000270C] -> 0x8493
mem[X,0x000000008000270E] -> 0xFF84
[3277] [M]: 0x000000008000270C (0xFF848493) addi x9, x9, -0x8                       spcl_M2mmode_test+40
x9 <- 0xFFFFFFFFFFFFFFF8

clint mtime 0x0000000000000667 (mip.MTI <- 0b1, mip.STI <- 0b0)
mem[X,0x0000000080002710] -> 0x9663
mem[X,0x0000000080002712] -> 0x0004
[3278] [M]: 0x0000000080002710 (0x00049663) bne x9, x0, 0xc                         spcl_M2mmode_test+44

mem[X,0x000000008000271C] -> 0x0393
mem[X,0x000000008000271E] -> 0x0200
[3279] [M]: 0x000000008000271C (0x02000393) addi x7, x0, 0x20                       Mtrapsig_ptr_upd+0
x7 <- 0x0000000000000020

clint mtime 0x0000000000000668 (mip.MTI <- 0b1, mip.STI <- 0b0)
mem[X,0x0000000080002720] -> 0x5263
mem[X,0x0000000080002722] -> 0x0405
[3280] [M]: 0x0000000080002720 (0x04055263) bge x10, x0, 0x44                       Mtrapsig_ptr_upd+4

mem[X,0x0000000080002764] -> 0x2373
mem[X,0x0000000080002766] -> 0x3010
[3281] [M]: 0x0000000080002764 (0x30102373) csrrs x6, misa, x0                      Mxcpt_sig_sv+0
CSR misa (0x301) -> 0x800000000034112F
x6 <- 0x800000000034112F

clint mtime 0x0000000000000669 (mip.MTI <- 0b1, mip.STI <- 0b0)
mem[X,0x0000000080002768] -> 0x1313
mem[X,0x000000008000276A] -> 0x0383
[3282] [M]: 0x0000000080002768 (0x03831313) slli x6, x6, 0x38                       Mxcpt_sig_sv+4
x6 <- 0x2F00000000000000

mem[X,0x000000008000276C] -> 0x5463
mem[X,0x000000008000276E] -> 0x0003
[3283] [M]: 0x000000008000276C (0x00035463) bge x6, x0, 0x8                         Mxcpt_sig_sv+8

clint mtime 0x000000000000066A (mip.MTI <- 0b1, mip.STI <- 0b0)
mem[X,0x0000000080002774] -> 0x3303
mem[X,0x0000000080002776] -> 0x2181
[3284] [M]: 0x0000000080002774 (0x21813303) ld x6, 0x218(x2)                        Mtrap_sig_sv+0
mem[R,0x0000000080005218] -> 0x000000008000A6F8
x6 <- 0x000000008000A6F8

mem[X,0x0000000080002778] -> 0x04B3
mem[X,0x000000008000277A] -> 0x0073
[3285] [M]: 0x0000000080002778 (0x007304B3) add x9, x6, x7                          Mtrap_sig_sv+4
x9 <- 0x000000008000A718

clint mtime 0x000000000000066B (mip.MTI <- 0b1, mip.STI <- 0b0)
mem[X,0x000000008000277C] -> 0x3C23
mem[X,0x000000008000277E] -> 0x2091
[3286] [M]: 0x000000008000277C (0x20913C23) sd x9, 0x218(x2)                        Mtrap_sig_sv+8
mem[W,0x0000000080005218] <- 0x000000008000A718

mem[X,0x0000000080002780] -> 0x3403
mem[X,0x0000000080002782] -> 0x1F81
[3287] [M]: 0x0000000080002780 (0x1F813403) ld x8, 0x1f8(x2)                        Mtrap_sig_sv+12
mem[R,0x00000000800051F8] -> 0x000000008000A110
x8 <- 0x000000008000A110

clint mtime 0x000000000000066C (mip.MTI <- 0b1, mip.STI <- 0b0)
mem[X,0x0000000080002784] -> 0x0333
mem[X,0x0000000080002786] -> 0x4083
[3288] [M]: 0x0000000080002784 (0x40830333) sub x6, x6, x8                          Mtrap_sig_sv+16
x6 <- 0x00000000000005E8

mem[X,0x0000000080002788] -> 0x3403
mem[X,0x000000008000278A] -> 0x1F81
[3289] [M]: 0x0000000080002788 (0x1F813403) ld x8, 0x1f8(x2)                        Mtrap_sig_sv+20
mem[R,0x00000000800051F8] -> 0x000000008000A110
x8 <- 0x000000008000A110

clint mtime 0x000000000000066D (mip.MTI <- 0b1, mip.STI <- 0b0)
mem[X,0x000000008000278C] -> 0x0333
mem[X,0x000000008000278E] -> 0x0083
[3290] [M]: 0x000000008000278C (0x00830333) add x6, x6, x8                          Mtrap_sig_sv+24
x6 <- 0x000000008000A6F8

mem[X,0x0000000080002790] -> 0x3403
mem[X,0x0000000080002792] -> 0x2401
[3291] [M]: 0x0000000080002790 (0x24013403) ld x8, 0x240(x2)                        Mtrap_sig_sv+28
mem[R,0x0000000080005240] -> 0x0000000080002500
x8 <- 0x0000000080002500

clint mtime 0x000000000000066E (mip.MTI <- 0b1, mip.STI <- 0b0)
mem[X,0x0000000080002794] -> 0x85B3
mem[X,0x0000000080002796] -> 0x4085
[3292] [M]: 0x0000000080002794 (0x408585B3) sub x11, x11, x8                        sv_Mvect+0
x11 <- 0x000000000000010C

mem[X,0x0000000080002798] -> 0x9593
mem[X,0x000000008000279A] -> 0x0045
[3293] [M]: 0x0000000080002798 (0x00459593) slli x11, x11, 0x4                      sv_Mvect+4
x11 <- 0x00000000000010C0

clint mtime 0x000000000000066F (mip.MTI <- 0b1, mip.STI <- 0b0)
mem[X,0x000000008000279C] -> 0xE5B3
mem[X,0x000000008000279E] -> 0x0075
[3294] [M]: 0x000000008000279C (0x0075E5B3) or x11, x11, x7                         sv_Mvect+8
x11 <- 0x00000000000010E0

mem[X,0x00000000800027A0] -> 0x8593
mem[X,0x00000000800027A2] -> 0x0035
[3295] [M]: 0x00000000800027A0 (0x00358593) addi x11, x11, 0x3                      sv_Mvect+12
x11 <- 0x00000000000010E3

clint mtime 0x0000000000000670 (mip.MTI <- 0b1, mip.STI <- 0b0)
mem[X,0x00000000800027A4] -> 0x3023
mem[X,0x00000000800027A6] -> 0x00B3
[3296] [M]: 0x00000000800027A4 (0x00B33023) sd x11, 0x0(x6)                         sv_Mvect+16
mem[W,0x000000008000A6F8] <- 0x00000000000010E3

mem[X,0x00000000800027A8] -> 0x3423
mem[X,0x00000000800027AA] -> 0x00A3
[3297] [M]: 0x00000000800027A8 (0x00A33423) sd x10, 0x8(x6)                         sv_Mcause+0
mem[W,0x000000008000A700] <- 0x0000000000000002

clint mtime 0x0000000000000671 (mip.MTI <- 0b1, mip.STI <- 0b0)
mem[X,0x00000000800027AC] -> 0x4663
mem[X,0x00000000800027AE] -> 0x1A05
[3298] [M]: 0x00000000800027AC (0x1A054663) blt x10, x0, 0x1ac                      sv_Mcause+4

mem[X,0x00000000800027B0] -> 0x25F3
mem[X,0x00000000800027B2] -> 0x3000
[3299] [M]: 0x00000000800027B0 (0x300025F3) csrrs x11, mstatus, x0                  common_Mexcpt_handler+0
CSR mstatus (0x300) -> 0x0000000A00040800
x11 <- 0x0000000A00040800

clint mtime 0x0000000000000672 (mip.MTI <- 0b1, mip.STI <- 0b0)
mem[X,0x00000000800027B4] -> 0x9413
mem[X,0x00000000800027B6] -> 0x02E5
[3300] [M]: 0x00000000800027B4 (0x02E59413) slli x8, x11, 0x2e                      common_Mexcpt_handler+4
x8 <- 0x0200000000000000

mem[X,0x00000000800027B8] -> 0x5463
mem[X,0x00000000800027BA] -> 0x0004
[3301] [M]: 0x00000000800027B8 (0x00045463) bge x8, x0, 0x8                         common_Mexcpt_handler+8

clint mtime 0x0000000000000673 (mip.MTI <- 0b1, mip.STI <- 0b0)
mem[X,0x00000000800027C0] -> 0xD493
mem[X,0x00000000800027C2] -> 0x00B5
[3302] [M]: 0x00000000800027C0 (0x00B5D493) srli x9, x11, 0xb                       common_Mexcpt_handler+16
x9 <- 0x0000000001400081

mem[X,0x00000000800027C4] -> 0xF493
mem[X,0x00000000800027C6] -> 0x0034
[3303] [M]: 0x00000000800027C4 (0x0034F493) andi x9, x9, 0x3                        common_Mexcpt_handler+20
x9 <- 0x0000000000000001

clint mtime 0x0000000000000674 (mip.MTI <- 0b1, mip.STI <- 0b0)
mem[X,0x00000000800027C8] -> 0x8493
mem[X,0x00000000800027CA] -> 0x0014
[3304] [M]: 0x00000000800027C8 (0x00148493) addi x9, x9, 0x1                        common_Mexcpt_handler+24
x9 <- 0x0000000000000002

mem[X,0x00000000800027CC] -> 0xF493
mem[X,0x00000000800027CE] -> 0x0044
[3305] [M]: 0x00000000800027CC (0x0044F493) andi x9, x9, 0x4                        common_Mexcpt_handler+28
x9 <- 0x0000000000000000

clint mtime 0x0000000000000675 (mip.MTI <- 0b1, mip.STI <- 0b0)
mem[X,0x00000000800027D0] -> 0x0593
mem[X,0x00000000800027D2] -> 0x05D0
[3306] [M]: 0x00000000800027D0 (0x05D00593) addi x11, x0, 0x5d                      common_Mexcpt_handler+32
x11 <- 0x000000000000005D

mem[X,0x00000000800027D4] -> 0xD5B3
mem[X,0x00000000800027D6] -> 0x0095
[3307] [M]: 0x00000000800027D4 (0x0095D5B3) srl x11, x11, x9                        common_Mexcpt_handler+36
x11 <- 0x000000000000005D

clint mtime 0x0000000000000676 (mip.MTI <- 0b1, mip.STI <- 0b0)
mem[X,0x00000000800027D8] -> 0xF593
mem[X,0x00000000800027DA] -> 0x0015
[3308] [M]: 0x00000000800027D8 (0x0015F593) andi x11, x11, 0x1                      common_Mexcpt_handler+40
x11 <- 0x0000000000000001

mem[X,0x00000000800027DC] -> 0x8EE3
mem[X,0x00000000800027DE] -> 0xF405
[3309] [M]: 0x00000000800027DC (0xF4058EE3) beq x11, x0, -0xa4                      common_Mexcpt_handler+44

clint mtime 0x0000000000000677 (mip.MTI <- 0b1, mip.STI <- 0b0)
mem[X,0x00000000800027E0] -> 0x0593
mem[X,0x00000000800027E2] -> 0x2980
[3310] [M]: 0x00000000800027E0 (0x29800593) addi x11, x0, 0x298                     common_Mexcpt_handler+48
x11 <- 0x0000000000000298

mem[X,0x00000000800027E4] -> 0xF413
mem[X,0x00000000800027E6] -> 0x0014
[3311] [M]: 0x00000000800027E4 (0x0014F413) andi x8, x9, 0x1                        common_Mexcpt_handler+52
x8 <- 0x0000000000000000

clint mtime 0x0000000000000678 (mip.MTI <- 0b1, mip.STI <- 0b0)
mem[X,0x00000000800027E8] -> 0x95B3
mem[X,0x00000000800027EA] -> 0x0085
[3312] [M]: 0x00000000800027E8 (0x008595B3) sll x11, x11, x8                        common_Mexcpt_handler+56
x11 <- 0x0000000000000298

mem[X,0x00000000800027EC] -> 0x9413
mem[X,0x00000000800027EE] -> 0x03D4
[3313] [M]: 0x00000000800027EC (0x03D49413) slli x8, x9, 0x3d                       common_Mexcpt_handler+60
x8 <- 0x0000000000000000

clint mtime 0x0000000000000679 (mip.MTI <- 0b1, mip.STI <- 0b0)
mem[X,0x00000000800027F0] -> 0x5413
mem[X,0x00000000800027F2] -> 0x43F4
[3314] [M]: 0x00000000800027F0 (0x43F45413) srai x8, x8, 0x3f                       common_Mexcpt_handler+64
x8 <- 0x0000000000000000

mem[X,0x00000000800027F4] -> 0x4413
mem[X,0x00000000800027F6] -> 0xFFF4
[3315] [M]: 0x00000000800027F4 (0xFFF44413) xori x8, x8, -0x1                       common_Mexcpt_handler+68
x8 <- 0xFFFFFFFFFFFFFFFF

clint mtime 0x000000000000067A (mip.MTI <- 0b1, mip.STI <- 0b0)
mem[X,0x00000000800027F8] -> 0xF4B3
mem[X,0x00000000800027FA] -> 0x0085
[3316] [M]: 0x00000000800027F8 (0x0085F4B3) and x9, x11, x8                         common_Mexcpt_handler+72
x9 <- 0x0000000000000298

mem[X,0x00000000800027FC] -> 0x84B3
mem[X,0x00000000800027FE] -> 0x0024
[3317] [M]: 0x00000000800027FC (0x002484B3) add x9, x9, x2                          vmem_adj_Mepc+0
x9 <- 0x0000000080005298

clint mtime 0x000000000000067B (mip.MTI <- 0b1, mip.STI <- 0b0)
mem[X,0x0000000080002800] -> 0x23F3
mem[X,0x0000000080002802] -> 0x3410
[3318] [M]: 0x0000000080002800 (0x341023F3) csrrs x7, mepc, x0                      vmem_adj_Mepc+4
CSR mepc (0x341) -> 0x0000030080001864
x7 <- 0x0000030080001864

mem[X,0x0000000080002804] -> 0x0413
mem[X,0x0000000080002806] -> 0x0004
[3319] [M]: 0x0000000080002804 (0x00040413) addi x8, x8, 0x0                        vmem_adj_Mepc+8
x8 <- 0xFFFFFFFFFFFFFFFF

clint mtime 0x000000000000067C (mip.MTI <- 0b1, mip.STI <- 0b0)
mem[X,0x0000000080002808] -> 0x006F
mem[X,0x000000008000280A] -> 0x0400
[3320] [M]: 0x0000000080002808 (0x0400006F) jal x0, 0x40                            vmem_adj_Mepc+12

mem[X,0x0000000080002848] -> 0x8433
mem[X,0x000000008000284A] -> 0x4083
[3321] [M]: 0x0000000080002848 (0x40838433) sub x8, x7, x8                          adj_Mepc+0
x8 <- 0x0000030080001865

clint mtime 0x000000000000067D (mip.MTI <- 0b1, mip.STI <- 0b0)
mem[X,0x000000008000284C] -> 0x3823
mem[X,0x000000008000284E] -> 0x0083
[3322] [M]: 0x000000008000284C (0x00833823) sd x8, 0x10(x6)                         sv_Mepc+0
mem[W,0x000000008000A708] <- 0x0000030080001865

mem[X,0x0000000080002850] -> 0x55B7
mem[X,0x0000000080002852] -> 0x0000
[3323] [M]: 0x0000000080002850 (0x000055B7) lui x11, 0x5                            sv_Mepc+4
x11 <- 0x0000000000005000

clint mtime 0x000000000000067E (mip.MTI <- 0b1, mip.STI <- 0b0)
mem[X,0x0000000080002854] -> 0x8593
mem[X,0x0000000080002856] -> 0x6675
[3324] [M]: 0x0000000080002854 (0x66758593) addi x11, x11, 0x667                    sv_Mepc+8
x11 <- 0x0000000000005667

mem[X,0x0000000080002858] -> 0x9593
mem[X,0x000000008000285A] -> 0x0015
[3325] [M]: 0x0000000080002858 (0x00159593) slli x11, x11, 0x1                      sv_Mepc+12
x11 <- 0x000000000000ACCE

clint mtime 0x000000000000067F (mip.MTI <- 0b1, mip.STI <- 0b0)
mem[X,0x000000008000285C] -> 0x9063
mem[X,0x000000008000285E] -> 0x02B1
[3326] [M]: 0x000000008000285C (0x02B19063) bne x3, x11, 0x20                       sv_Mepc+16

mem[X,0x0000000080002860] -> 0x2473
mem[X,0x0000000080002862] -> 0x3420
[3327] [M]: 0x0000000080002860 (0x34202473) csrrs x8, mcause, x0                    sv_Mepc+20
CSR mcause (0x342) -> 0x0000000000000002
x8 <- 0x0000000000000002

clint mtime 0x0000000000000680 (mip.MTI <- 0b1, mip.STI <- 0b0)
mem[X,0x0000000080002864] -> 0x0593
mem[X,0x0000000080002866] -> 0x00C0
[3328] [M]: 0x0000000080002864 (0x00C00593) addi x11, x0, 0xc                       sv_Mepc+24
x11 <- 0x000000000000000C

mem[X,0x0000000080002868] -> 0x0663
mem[X,0x000000008000286A] -> 0x00B4
[3329] [M]: 0x0000000080002868 (0x00B40663) beq x8, x11, 0xc                        sv_Mepc+28

clint mtime 0x0000000000000681 (mip.MTI <- 0b1, mip.STI <- 0b0)
mem[X,0x000000008000286C] -> 0x0593
mem[X,0x000000008000286E] -> 0x0010
[3330] [M]: 0x000000008000286C (0x00100593) addi x11, x0, 0x1                       sv_Mepc+32
x11 <- 0x0000000000000001

mem[X,0x0000000080002870] -> 0x1663
mem[X,0x0000000080002872] -> 0x00B4
[3331] [M]: 0x0000000080002870 (0x00B41663) bne x8, x11, 0xc                        sv_Mepc+36

clint mtime 0x0000000000000682 (mip.MTI <- 0b1, mip.STI <- 0b0)
mem[X,0x000000008000287C] -> 0xF593
mem[X,0x000000008000287E] -> 0xFFC3
[3332] [M]: 0x000000008000287C (0xFFC3F593) andi x11, x7, -0x4                      adj_Mepc_rtn+0
x11 <- 0x0000030080001864

mem[X,0x0000000080002880] -> 0x8593
mem[X,0x0000000080002882] -> 0x0085
[3333] [M]: 0x0000000080002880 (0x00858593) addi x11, x11, 0x8                      adj_Mepc_rtn+4
x11 <- 0x000003008000186C

clint mtime 0x0000000000000683 (mip.MTI <- 0b1, mip.STI <- 0b0)
mem[X,0x0000000080002884] -> 0x9073
mem[X,0x0000000080002886] -> 0x3415
[3334] [M]: 0x0000000080002884 (0x34159073) csrrw x0, mepc, x11                     adj_Mepc_rtn+8
CSR mepc (0x341) <- 0x000003008000186C

mem[X,0x0000000080002888] -> 0x23F3
mem[X,0x000000008000288A] -> 0x3430
[3335] [M]: 0x0000000080002888 (0x343023F3) csrrs x7, mtval, x0                     skp_adj_Mepc+0
CSR mtval (0x343) -> 0x00000000341494F3
x7 <- 0x00000000341494F3

clint mtime 0x0000000000000684 (mip.MTI <- 0b1, mip.STI <- 0b0)
mem[X,0x000000008000288C] -> 0x0413
mem[X,0x000000008000288E] -> 0x0004
[3336] [M]: 0x000000008000288C (0x00040413) addi x8, x8, 0x0                        skp_adj_Mepc+4
x8 <- 0x0000000000000002

mem[X,0x0000000080002890] -> 0x006F
mem[X,0x0000000080002892] -> 0x0840
[3337] [M]: 0x0000000080002890 (0x0840006F) jal x0, 0x84                            skp_adj_Mepc+8

clint mtime 0x0000000000000685 (mip.MTI <- 0b1, mip.STI <- 0b0)
mem[X,0x0000000080002914] -> 0x8433
mem[X,0x0000000080002916] -> 0x4083
[3338] [M]: 0x0000000080002914 (0x40838433) sub x8, x7, x8                          adj_Mtval+0
x8 <- 0x00000000341494F1

mem[X,0x0000000080002918] -> 0x3C23
mem[X,0x000000008000291A] -> 0x0083
[3339] [M]: 0x0000000080002918 (0x00833C23) sd x8, 0x18(x6)                         sv_Mtval+0
mem[W,0x000000008000A710] <- 0x00000000341494F1

clint mtime 0x0000000000000686 (mip.MTI <- 0b1, mip.STI <- 0b0)
mem[X,0x000000008000291C] -> 0x3483
mem[X,0x000000008000291E] -> 0x2181
[3340] [M]: 0x000000008000291C (0x21813483) ld x9, 0x218(x2)                        skp_Mtval+0
mem[R,0x0000000080005218] -> 0x000000008000A718
x9 <- 0x000000008000A718

mem[X,0x0000000080002920] -> 0x3383
mem[X,0x0000000080002922] -> 0x1F81
[3341] [M]: 0x0000000080002920 (0x1F813383) ld x7, 0x1f8(x2)                        skp_Mtval+4
mem[R,0x00000000800051F8] -> 0x000000008000A110
x7 <- 0x000000008000A110

clint mtime 0x0000000000000687 (mip.MTI <- 0b1, mip.STI <- 0b0)
mem[X,0x0000000080002924] -> 0x3303
mem[X,0x0000000080002926] -> 0x2001
[3342] [M]: 0x0000000080002924 (0x20013303) ld x6, 0x200(x2)                        skp_Mtval+8
mem[R,0x0000000080005200] -> 0x0000000000000610
x6 <- 0x0000000000000610

mem[X,0x0000000080002928] -> 0x0333
mem[X,0x000000008000292A] -> 0x0073
[3343] [M]: 0x0000000080002928 (0x00730333) add x6, x6, x7                          skp_Mtval+12
x6 <- 0x000000008000A720

clint mtime 0x0000000000000688 (mip.MTI <- 0b1, mip.STI <- 0b0)
mem[X,0x000000008000292C] -> 0x6AE3
mem[X,0x000000008000292E] -> 0xAE93
[3344] [M]: 0x000000008000292C (0xAE936AE3) bltu x6, x9, -0x50c                     skp_Mtval+16

mem[X,0x0000000080002930] -> 0x0393
mem[X,0x0000000080002932] -> 0x2000
[3345] [M]: 0x0000000080002930 (0x20000393) addi x7, x0, 0x200                      skp_Mtval+20
x7 <- 0x0000000000000200

clint mtime 0x0000000000000689 (mip.MTI <- 0b1, mip.STI <- 0b0)
mem[X,0x0000000080002934] -> 0x006F
mem[X,0x0000000080002936] -> 0x0400
[3346] [M]: 0x0000000080002934 (0x0400006F) jal x0, 0x40                            skp_Mtval+24

mem[X,0x0000000080002974] -> 0x0417
mem[X,0x0000000080002976] -> 0x0000
[3347] [M]: 0x0000000080002974 (0x00000417) auipc x8, 0x0                           spcl_Mhandler+0
x8 <- 0x0000000080002974

clint mtime 0x000000000000068A (mip.MTI <- 0b1, mip.STI <- 0b0)
mem[X,0x0000000080002978] -> 0x0413
mem[X,0x000000008000297A] -> 0x03C4
[3348] [M]: 0x0000000080002978 (0x03C40413) addi x8, x8, 0x3c                       spcl_Mhandler+4
x8 <- 0x00000000800029B0

mem[X,0x000000008000297C] -> 0x0433
mem[X,0x000000008000297E] -> 0x0074
[3349] [M]: 0x000000008000297C (0x00740433) add x8, x8, x7                          spcl_Mhandler+8
x8 <- 0x0000000080002BB0

clint mtime 0x000000000000068B (mip.MTI <- 0b1, mip.STI <- 0b0)
mem[X,0x0000000080002980] -> 0x1393
mem[X,0x0000000080002982] -> 0x0035
[3350] [M]: 0x0000000080002980 (0x00351393) slli x7, x10, 0x3                       spcl_Mhandler+12
x7 <- 0x0000000000000010

mem[X,0x0000000080002984] -> 0x0433
mem[X,0x0000000080002986] -> 0x0074
[3351] [M]: 0x0000000080002984 (0x00740433) add x8, x8, x7                          spcl_Mhandler+16
x8 <- 0x0000000080002BC0

clint mtime 0x000000000000068C (mip.MTI <- 0b1, mip.STI <- 0b0)
mem[X,0x0000000080002988] -> 0x7413
mem[X,0x000000008000298A] -> 0xFF84
[3352] [M]: 0x0000000080002988 (0xFF847413) andi x8, x8, -0x8                       spcl_Mhandler+20
x8 <- 0x0000000080002BC0

mem[X,0x000000008000298C] -> 0x3403
mem[X,0x000000008000298E] -> 0x0004
[3353] [M]: 0x000000008000298C (0x00043403) ld x8, 0x0(x8)                          spcl_Mhandler+24
mem[R,0x0000000080002BC0] -> 0x0000000000000005
x8 <- 0x0000000000000005

clint mtime 0x000000000000068D (mip.MTI <- 0b1, mip.STI <- 0b0)
mem[X,0x0000000080002990] -> 0x02E3
mem[X,0x0000000080002992] -> 0xB204
[3354] [M]: 0x0000000080002990 (0xB20402E3) beq x8, x0, -0x4dc                      spcl_Mdispatch_hndling+0

mem[X,0x0000000080002994] -> 0x1393
mem[X,0x0000000080002996] -> 0x03F4
[3355] [M]: 0x0000000080002994 (0x03F41393) slli x7, x8, 0x3f                       spcl_Mdispatch_hndling+4
x7 <- 0x8000000000000000

clint mtime 0x000000000000068E (mip.MTI <- 0b1, mip.STI <- 0b0)
mem[X,0x0000000080002998] -> 0xD863
mem[X,0x000000008000299A] -> 0x0003
[3356] [M]: 0x0000000080002998 (0x0003D863) bge x7, x0, 0x10                        spcl_Mdispatch_hndling+8

mem[X,0x000000008000299C] -> 0x5413
mem[X,0x000000008000299E] -> 0x0014
[3357] [M]: 0x000000008000299C (0x00145413) srli x8, x8, 0x1                        spcl_Mdispatch_hndling+12
x8 <- 0x0000000000000002

clint mtime 0x000000000000068F (mip.MTI <- 0b1, mip.STI <- 0b0)
mem[X,0x00000000800029A0] -> 0x0CE3
mem[X,0x00000000800029A2] -> 0xF885
[3358] [M]: 0x00000000800029A0 (0xF8850CE3) beq x10, x8, -0x68                      spcl_Mdispatch_hndling+16

mem[X,0x0000000080002938] -> 0x3303
mem[X,0x000000008000293A] -> 0x2601
[3359] [M]: 0x0000000080002938 (0x26013303) ld x6, 0x260(x2)                        resto_Mrtn+0
mem[R,0x0000000080005260] -> 0xFFFFFFFF7FFFE96C
x6 <- 0xFFFFFFFF7FFFE96C

clint mtime 0x0000000000000690 (mip.MTI <- 0b1, mip.STI <- 0b0)
mem[X,0x000000008000293C] -> 0x3383
mem[X,0x000000008000293E] -> 0x2681
[3360] [M]: 0x000000008000293C (0x26813383) ld x7, 0x268(x2)                        resto_Mrtn+4
mem[R,0x0000000080005268] -> 0x0000000080005000
x7 <- 0x0000000080005000

mem[X,0x0000000080002940] -> 0x3403
mem[X,0x0000000080002942] -> 0x2701
[3361] [M]: 0x0000000080002940 (0x27013403) ld x8, 0x270(x2)                        resto_Mrtn+8
mem[R,0x0000000080005270] -> 0x0000000000007F76
x8 <- 0x0000000000007F76

clint mtime 0x0000000000000691 (mip.MTI <- 0b1, mip.STI <- 0b0)
mem[X,0x0000000080002944] -> 0x3483
mem[X,0x0000000080002946] -> 0x2781
[3362] [M]: 0x0000000080002944 (0x27813483) ld x9, 0x278(x2)                        resto_Mrtn+12
mem[R,0x0000000080005278] -> 0x00000300000001C8
x9 <- 0x00000300000001C8

mem[X,0x0000000080002948] -> 0x3503
mem[X,0x000000008000294A] -> 0x2801
[3363] [M]: 0x0000000080002948 (0x28013503) ld x10, 0x280(x2)                       resto_Mrtn+16
mem[R,0x0000000080005280] -> 0x00000000200000C3
x10 <- 0x00000000200000C3

clint mtime 0x0000000000000692 (mip.MTI <- 0b1, mip.STI <- 0b0)
mem[X,0x000000008000294C] -> 0x3583
mem[X,0x000000008000294E] -> 0x2881
[3364] [M]: 0x000000008000294C (0x28813583) ld x11, 0x288(x2)                       resto_Mrtn+20
mem[R,0x0000000080005288] -> 0x00000000000000C3
x11 <- 0x00000000000000C3

mem[X,0x0000000080002950] -> 0x3103
mem[X,0x0000000080002952] -> 0x2901
[3365] [M]: 0x0000000080002950 (0x29013103) ld x2, 0x290(x2)                        resto_Mrtn+24
mem[R,0x0000000080005290] -> 0x0000000000000000
x2 <- 0x0000000000000000

clint mtime 0x0000000000000693 (mip.MTI <- 0b1, mip.STI <- 0b0)
mem[X,0x0000000080002954] -> 0x0073
mem[X,0x0000000080002956] -> 0x3020
[3366] [M]: 0x0000000080002954 (0x30200073) mret                                    resto_Mrtn+28
CSR mstatus (0x300) <- 0x0000000A00040080
ret-ing from M to S

PTW: Start, vpn=0x30080001, access_type=X, privilege=Smem[R,0x0000000080009030] -> 0x00000000000000CB
PTW: Step, level=3, pte=0xCB, pte_addr=0x80009030
PTW: Success, final_ppn=0x80001, level=3mem[X,0x000000008000186C] -> 0x07B7
PTW: Start, vpn=0x30080001, access_type=X, privilege=Smem[R,0x0000000080009030] -> 0x00000000000000CB
PTW: Step, level=3, pte=0xCB, pte_addr=0x80009030
PTW: Success, final_ppn=0x80001, level=3mem[X,0x000000008000186E] -> 0x0000
[3367] [S]: 0x000003008000186C (0x000007B7) lui x15, 0x0                            va_rvtest_code_begin+4272
x15 <- 0x0000000000000000

clint mtime 0x0000000000000694 (mip.MTI <- 0b1, mip.STI <- 0b0)
PTW: Start, vpn=0x30080001, access_type=X, privilege=Smem[R,0x0000000080009030] -> 0x00000000000000CB
PTW: Step, level=3, pte=0xCB, pte_addr=0x80009030
PTW: Success, final_ppn=0x80001, level=3mem[X,0x0000000080001870] -> 0x8793
PTW: Start, vpn=0x30080001, access_type=X, privilege=Smem[R,0x0000000080009030] -> 0x00000000000000CB
PTW: Step, level=3, pte=0xCB, pte_addr=0x80009030
PTW: Success, final_ppn=0x80001, level=3mem[X,0x0000000080001872] -> 0x2807
[3368] [S]: 0x0000030080001870 (0x28078793) addi x15, x15, 0x280                    va_rvtest_code_begin+4276
x15 <- 0x0000000000000280

PTW: Start, vpn=0x30080001, access_type=X, privilege=Smem[R,0x0000000080009030] -> 0x00000000000000CB
PTW: Step, level=3, pte=0xCB, pte_addr=0x80009030
PTW: Success, final_ppn=0x80001, level=3mem[X,0x0000000080001874] -> 0x9793
PTW: Start, vpn=0x30080001, access_type=X, privilege=Smem[R,0x0000000080009030] -> 0x00000000000000CB
PTW: Step, level=3, pte=0xCB, pte_addr=0x80009030
PTW: Success, final_ppn=0x80001, level=3mem[X,0x0000000080001876] -> 0x00B7
[3369] [S]: 0x0000030080001874 (0x00B79793) slli x15, x15, 0xb                      va_rvtest_code_begin+4280
x15 <- 0x0000000000140000

clint mtime 0x0000000000000695 (mip.MTI <- 0b1, mip.STI <- 0b0)
PTW: Start, vpn=0x30080001, access_type=X, privilege=Smem[R,0x0000000080009030] -> 0x00000000000000CB
PTW: Step, level=3, pte=0xCB, pte_addr=0x80009030
PTW: Success, final_ppn=0x80001, level=3mem[X,0x0000000080001878] -> 0x8793
PTW: Start, vpn=0x30080001, access_type=X, privilege=Smem[R,0x0000000080009030] -> 0x00000000000000CB
PTW: Step, level=3, pte=0xCB, pte_addr=0x80009030
PTW: Success, final_ppn=0x80001, level=3mem[X,0x000000008000187A] -> 0x0007
[3370] [S]: 0x0000030080001878 (0x00078793) addi x15, x15, 0x0                      va_rvtest_code_begin+4284
x15 <- 0x0000000000140000

PTW: Start, vpn=0x30080001, access_type=X, privilege=Smem[R,0x0000000080009030] -> 0x00000000000000CB
PTW: Step, level=3, pte=0xCB, pte_addr=0x80009030
PTW: Success, final_ppn=0x80001, level=3mem[X,0x000000008000187C] -> 0x9793
PTW: Start, vpn=0x30080001, access_type=X, privilege=Smem[R,0x0000000080009030] -> 0x00000000000000CB
PTW: Step, level=3, pte=0xCB, pte_addr=0x80009030
PTW: Success, final_ppn=0x80001, level=3mem[X,0x000000008000187E] -> 0x00B7
[3371] [S]: 0x000003008000187C (0x00B79793) slli x15, x15, 0xb                      va_rvtest_code_begin+4288
x15 <- 0x00000000A0000000

clint mtime 0x0000000000000696 (mip.MTI <- 0b1, mip.STI <- 0b0)
PTW: Start, vpn=0x30080001, access_type=X, privilege=Smem[R,0x0000000080009030] -> 0x00000000000000CB
PTW: Step, level=3, pte=0xCB, pte_addr=0x80009030
PTW: Success, final_ppn=0x80001, level=3mem[X,0x0000000080001880] -> 0x8793
PTW: Start, vpn=0x30080001, access_type=X, privilege=Smem[R,0x0000000080009030] -> 0x00000000000000CB
PTW: Step, level=3, pte=0xCB, pte_addr=0x80009030
PTW: Success, final_ppn=0x80001, level=3mem[X,0x0000000080001882] -> 0x0017
[3372] [S]: 0x0000030080001880 (0x00178793) addi x15, x15, 0x1                      va_rvtest_code_begin+4292
x15 <- 0x00000000A0000001

PTW: Start, vpn=0x30080001, access_type=X, privilege=Smem[R,0x0000000080009030] -> 0x00000000000000CB
PTW: Step, level=3, pte=0xCB, pte_addr=0x80009030
PTW: Success, final_ppn=0x80001, level=3mem[X,0x0000000080001884] -> 0x9793
PTW: Start, vpn=0x30080001, access_type=X, privilege=Smem[R,0x0000000080009030] -> 0x00000000000000CB
PTW: Step, level=3, pte=0xCB, pte_addr=0x80009030
PTW: Success, final_ppn=0x80001, level=3mem[X,0x0000000080001886] -> 0x00A7
[3373] [S]: 0x0000030080001884 (0x00A79793) slli x15, x15, 0xa                      va_rvtest_code_begin+4296
x15 <- 0x0000028000000400

clint mtime 0x0000000000000697 (mip.MTI <- 0b1, mip.STI <- 0b0)
PTW: Start, vpn=0x30080001, access_type=X, privilege=Smem[R,0x0000000080009030] -> 0x00000000000000CB
PTW: Step, level=3, pte=0xCB, pte_addr=0x80009030
PTW: Success, final_ppn=0x80001, level=3mem[X,0x0000000080001888] -> 0x0613
PTW: Start, vpn=0x30080001, access_type=X, privilege=Smem[R,0x0000000080009030] -> 0x00000000000000CB
PTW: Step, level=3, pte=0xCB, pte_addr=0x80009030
PTW: Success, final_ppn=0x80001, level=3mem[X,0x000000008000188A] -> 0x0106
[3374] [S]: 0x0000030080001888 (0x01060613) addi x12, x12, 0x10                     va_rvtest_code_begin+4300
x12 <- 0x0000000000000080

PTW: Start, vpn=0x30080001, access_type=X, privilege=Smem[R,0x0000000080009030] -> 0x00000000000000CB
PTW: Step, level=3, pte=0xCB, pte_addr=0x80009030
PTW: Success, final_ppn=0x80001, level=3mem[X,0x000000008000188C] -> 0xAA23
PTW: Start, vpn=0x30080001, access_type=X, privilege=Smem[R,0x0000000080009030] -> 0x00000000000000CB
PTW: Step, level=3, pte=0xCB, pte_addr=0x80009030
PTW: Success, final_ppn=0x80001, level=3mem[X,0x000000008000188E] -> 0x00C7
[3375] [S]: 0x000003008000188C (0x00C7AA23) sw x12, 0x14(x15)                       va_rvtest_code_begin+4304
PTW: Start, vpn=0x28000000, access_type=W, privilege=Smem[R,0x0000000080009028] -> 0x0000000020002001
PTW: Step, level=3, pte=0x20002001, pte_addr=0x80009028
PTW: Start, vpn=0x28000000, access_type=W, privilege=Smem[R,0x0000000080008000] -> 0x0000000020001C01
PTW: Step, level=2, pte=0x20001C01, pte_addr=0x80008000
PTW: Start, vpn=0x28000000, access_type=W, privilege=Smem[R,0x0000000080007000] -> 0x00000000200000C3
PTW: Step, level=1, pte=0x200000C3, pte_addr=0x80007000
PTW: failed, error=no-permission, level=1, pte_addr=0x80007000
trapping from S to M to handle store/amo-page-fault
handling exc#store/amo-page-fault at priv M with tval 0x0000028000000414
CSR mstatus (0x300) <- 0x0000000A00040800
CSR mcause (0x342) <- 0x000000000000000F
CSR mtval (0x343) <- 0x0000028000000414
CSR mepc (0x341) <- 0x000003008000188C

clint mtime 0x0000000000000698 (mip.MTI <- 0b1, mip.STI <- 0b0)
mem[X,0x0000000080002500] -> 0x006F
mem[X,0x0000000080002502] -> 0x1000
[3376] [M]: 0x0000000080002500 (0x1000006F) jal x0, 0x100                           Mtrampoline+0

mem[X,0x0000000080002600] -> 0x1173
mem[X,0x0000000080002602] -> 0x3401
[3377] [M]: 0x0000000080002600 (0x34011173) csrrw x2, mscratch, x2                  trap_Mhandler+0
CSR mscratch (0x340) <- 0x0000000000000000
x2 <- 0x0000000080005000

clint mtime 0x0000000000000699 (mip.MTI <- 0b1, mip.STI <- 0b0)
mem[X,0x0000000080002604] -> 0x3423
mem[X,0x0000000080002606] -> 0x28B1
[3378] [M]: 0x0000000080002604 (0x28B13423) sd x11, 0x288(x2)                       trap_Mhandler+4
mem[W,0x0000000080005288] <- 0x00000000000000C3

mem[X,0x0000000080002608] -> 0x05EF
mem[X,0x000000008000260A] -> 0x0B80
[3379] [M]: 0x0000000080002608 (0x0B8005EF) jal x11, 0xb8                           trap_Mhandler+8
x11 <- 0x000000008000260C

clint mtime 0x000000000000069A (mip.MTI <- 0b1, mip.STI <- 0b0)
mem[X,0x00000000800026C0] -> 0x3023
mem[X,0x00000000800026C2] -> 0x28A1
[3380] [M]: 0x00000000800026C0 (0x28A13023) sd x10, 0x280(x2)                       common_Mhandler+0
mem[W,0x0000000080005280] <- 0x00000000200000C3

mem[X,0x00000000800026C4] -> 0x1573
mem[X,0x00000000800026C6] -> 0x3401
[3381] [M]: 0x00000000800026C4 (0x34011573) csrrw x10, mscratch, x2                 common_Mhandler+4
CSR mscratch (0x340) <- 0x0000000080005000
x10 <- 0x0000000000000000

clint mtime 0x000000000000069B (mip.MTI <- 0b1, mip.STI <- 0b0)
mem[X,0x00000000800026C8] -> 0x3823
mem[X,0x00000000800026CA] -> 0x28A1
[3382] [M]: 0x00000000800026C8 (0x28A13823) sd x10, 0x290(x2)                       common_Mhandler+8
mem[W,0x0000000080005290] <- 0x0000000000000000

mem[X,0x00000000800026CC] -> 0x3503
mem[X,0x00000000800026CE] -> 0x2301
[3383] [M]: 0x00000000800026CC (0x23013503) ld x10, 0x230(x2)                       common_Mhandler+12
mem[R,0x0000000080005230] -> 0x00000000800026D4
x10 <- 0x00000000800026D4

clint mtime 0x000000000000069C (mip.MTI <- 0b1, mip.STI <- 0b0)
mem[X,0x00000000800026D0] -> 0x0067
mem[X,0x00000000800026D2] -> 0x0005
[3384] [M]: 0x00000000800026D0 (0x00050067) jalr x0, 0x0(x10)                       common_Mhandler+16

mem[X,0x00000000800026D4] -> 0x3C23
mem[X,0x00000000800026D6] -> 0x2691
[3385] [M]: 0x00000000800026D4 (0x26913C23) sd x9, 0x278(x2)                        common_Mentry+0
mem[W,0x0000000080005278] <- 0x00000300000001C8

clint mtime 0x000000000000069D (mip.MTI <- 0b1, mip.STI <- 0b0)
mem[X,0x00000000800026D8] -> 0x3823
mem[X,0x00000000800026DA] -> 0x2681
[3386] [M]: 0x00000000800026D8 (0x26813823) sd x8, 0x270(x2)                        common_Mentry+4
mem[W,0x0000000080005270] <- 0x0000000000007F76

mem[X,0x00000000800026DC] -> 0x3423
mem[X,0x00000000800026DE] -> 0x2671
[3387] [M]: 0x00000000800026DC (0x26713423) sd x7, 0x268(x2)                        common_Mentry+8
mem[W,0x0000000080005268] <- 0x0000000080005000

clint mtime 0x000000000000069E (mip.MTI <- 0b1, mip.STI <- 0b0)
mem[X,0x00000000800026E0] -> 0x3023
mem[X,0x00000000800026E2] -> 0x2661
[3388] [M]: 0x00000000800026E0 (0x26613023) sd x6, 0x260(x2)                        common_Mentry+12
mem[W,0x0000000080005260] <- 0xFFFFFFFF7FFFE96C

mem[X,0x00000000800026E4] -> 0x2573
mem[X,0x00000000800026E6] -> 0x3420
[3389] [M]: 0x00000000800026E4 (0x34202573) csrrs x10, mcause, x0                   spcl_M2mmode_test+0
CSR mcause (0x342) -> 0x000000000000000F
x10 <- 0x000000000000000F

clint mtime 0x000000000000069F (mip.MTI <- 0b1, mip.STI <- 0b0)
mem[X,0x00000000800026E8] -> 0x04B7
mem[X,0x00000000800026EA] -> 0x8000
[3390] [M]: 0x00000000800026E8 (0x800004B7) lui x9, -0x80000                        spcl_M2mmode_test+4
x9 <- 0xFFFFFFFF80000000

mem[X,0x00000000800026EC] -> 0x8493
mem[X,0x00000000800026EE] -> 0x0004
[3391] [M]: 0x00000000800026EC (0x00048493) addi x9, x9, 0x0                        spcl_M2mmode_test+8
x9 <- 0xFFFFFFFF80000000

clint mtime 0x00000000000006A0 (mip.MTI <- 0b1, mip.STI <- 0b0)
mem[X,0x00000000800026F0] -> 0x9493
mem[X,0x00000000800026F2] -> 0x00B4
[3392] [M]: 0x00000000800026F0 (0x00B49493) slli x9, x9, 0xb                        spcl_M2mmode_test+12
x9 <- 0xFFFFFC0000000000

mem[X,0x00000000800026F4] -> 0x8493
mem[X,0x00000000800026F6] -> 0x0004
[3393] [M]: 0x00000000800026F4 (0x00048493) addi x9, x9, 0x0                        spcl_M2mmode_test+16
x9 <- 0xFFFFFC0000000000

clint mtime 0x00000000000006A1 (mip.MTI <- 0b1, mip.STI <- 0b0)
mem[X,0x00000000800026F8] -> 0x9493
mem[X,0x00000000800026FA] -> 0x00B4
[3394] [M]: 0x00000000800026F8 (0x00B49493) slli x9, x9, 0xb                        spcl_M2mmode_test+20
x9 <- 0xFFE0000000000000

mem[X,0x00000000800026FC] -> 0x8493
mem[X,0x00000000800026FE] -> 0x0034
[3395] [M]: 0x00000000800026FC (0x00348493) addi x9, x9, 0x3                        spcl_M2mmode_test+24
x9 <- 0xFFE0000000000003

clint mtime 0x00000000000006A2 (mip.MTI <- 0b1, mip.STI <- 0b0)
mem[X,0x0000000080002700] -> 0x9493
mem[X,0x0000000080002702] -> 0x00A4
[3396] [M]: 0x0000000080002700 (0x00A49493) slli x9, x9, 0xa                        spcl_M2mmode_test+28
x9 <- 0x8000000000000C00

mem[X,0x0000000080002704] -> 0x8493
mem[X,0x0000000080002706] -> 0x3FC4
[3397] [M]: 0x0000000080002704 (0x3FC48493) addi x9, x9, 0x3fc                      spcl_M2mmode_test+32
x9 <- 0x8000000000000FFC

clint mtime 0x00000000000006A3 (mip.MTI <- 0b1, mip.STI <- 0b0)
mem[X,0x0000000080002708] -> 0xF4B3
mem[X,0x000000008000270A] -> 0x00A4
[3398] [M]: 0x0000000080002708 (0x00A4F4B3) and x9, x9, x10                         spcl_M2mmode_test+36
x9 <- 0x000000000000000C

mem[X,0x000000008000270C] -> 0x8493
mem[X,0x000000008000270E] -> 0xFF84
[3399] [M]: 0x000000008000270C (0xFF848493) addi x9, x9, -0x8                       spcl_M2mmode_test+40
x9 <- 0x0000000000000004

clint mtime 0x00000000000006A4 (mip.MTI <- 0b1, mip.STI <- 0b0)
mem[X,0x0000000080002710] -> 0x9663
mem[X,0x0000000080002712] -> 0x0004
[3400] [M]: 0x0000000080002710 (0x00049663) bne x9, x0, 0xc                         spcl_M2mmode_test+44

mem[X,0x000000008000271C] -> 0x0393
mem[X,0x000000008000271E] -> 0x0200
[3401] [M]: 0x000000008000271C (0x02000393) addi x7, x0, 0x20                       Mtrapsig_ptr_upd+0
x7 <- 0x0000000000000020

clint mtime 0x00000000000006A5 (mip.MTI <- 0b1, mip.STI <- 0b0)
mem[X,0x0000000080002720] -> 0x5263
mem[X,0x0000000080002722] -> 0x0405
[3402] [M]: 0x0000000080002720 (0x04055263) bge x10, x0, 0x44                       Mtrapsig_ptr_upd+4

mem[X,0x0000000080002764] -> 0x2373
mem[X,0x0000000080002766] -> 0x3010
[3403] [M]: 0x0000000080002764 (0x30102373) csrrs x6, misa, x0                      Mxcpt_sig_sv+0
CSR misa (0x301) -> 0x800000000034112F
x6 <- 0x800000000034112F

clint mtime 0x00000000000006A6 (mip.MTI <- 0b1, mip.STI <- 0b0)
mem[X,0x0000000080002768] -> 0x1313
mem[X,0x000000008000276A] -> 0x0383
[3404] [M]: 0x0000000080002768 (0x03831313) slli x6, x6, 0x38                       Mxcpt_sig_sv+4
x6 <- 0x2F00000000000000

mem[X,0x000000008000276C] -> 0x5463
mem[X,0x000000008000276E] -> 0x0003
[3405] [M]: 0x000000008000276C (0x00035463) bge x6, x0, 0x8                         Mxcpt_sig_sv+8

clint mtime 0x00000000000006A7 (mip.MTI <- 0b1, mip.STI <- 0b0)
mem[X,0x0000000080002774] -> 0x3303
mem[X,0x0000000080002776] -> 0x2181
[3406] [M]: 0x0000000080002774 (0x21813303) ld x6, 0x218(x2)                        Mtrap_sig_sv+0
mem[R,0x0000000080005218] -> 0x000000008000A718
x6 <- 0x000000008000A718

mem[X,0x0000000080002778] -> 0x04B3
mem[X,0x000000008000277A] -> 0x0073
[3407] [M]: 0x0000000080002778 (0x007304B3) add x9, x6, x7                          Mtrap_sig_sv+4
x9 <- 0x000000008000A738

clint mtime 0x00000000000006A8 (mip.MTI <- 0b1, mip.STI <- 0b0)
mem[X,0x000000008000277C] -> 0x3C23
mem[X,0x000000008000277E] -> 0x2091
[3408] [M]: 0x000000008000277C (0x20913C23) sd x9, 0x218(x2)                        Mtrap_sig_sv+8
mem[W,0x0000000080005218] <- 0x000000008000A738

mem[X,0x0000000080002780] -> 0x3403
mem[X,0x0000000080002782] -> 0x1F81
[3409] [M]: 0x0000000080002780 (0x1F813403) ld x8, 0x1f8(x2)                        Mtrap_sig_sv+12
mem[R,0x00000000800051F8] -> 0x000000008000A110
x8 <- 0x000000008000A110

clint mtime 0x00000000000006A9 (mip.MTI <- 0b1, mip.STI <- 0b0)
mem[X,0x0000000080002784] -> 0x0333
mem[X,0x0000000080002786] -> 0x4083
[3410] [M]: 0x0000000080002784 (0x40830333) sub x6, x6, x8                          Mtrap_sig_sv+16
x6 <- 0x0000000000000608

mem[X,0x0000000080002788] -> 0x3403
mem[X,0x000000008000278A] -> 0x1F81
[3411] [M]: 0x0000000080002788 (0x1F813403) ld x8, 0x1f8(x2)                        Mtrap_sig_sv+20
mem[R,0x00000000800051F8] -> 0x000000008000A110
x8 <- 0x000000008000A110

clint mtime 0x00000000000006AA (mip.MTI <- 0b1, mip.STI <- 0b0)
mem[X,0x000000008000278C] -> 0x0333
mem[X,0x000000008000278E] -> 0x0083
[3412] [M]: 0x000000008000278C (0x00830333) add x6, x6, x8                          Mtrap_sig_sv+24
x6 <- 0x000000008000A718

mem[X,0x0000000080002790] -> 0x3403
mem[X,0x0000000080002792] -> 0x2401
[3413] [M]: 0x0000000080002790 (0x24013403) ld x8, 0x240(x2)                        Mtrap_sig_sv+28
mem[R,0x0000000080005240] -> 0x0000000080002500
x8 <- 0x0000000080002500

clint mtime 0x00000000000006AB (mip.MTI <- 0b1, mip.STI <- 0b0)
mem[X,0x0000000080002794] -> 0x85B3
mem[X,0x0000000080002796] -> 0x4085
[3414] [M]: 0x0000000080002794 (0x408585B3) sub x11, x11, x8                        sv_Mvect+0
x11 <- 0x000000000000010C

mem[X,0x0000000080002798] -> 0x9593
mem[X,0x000000008000279A] -> 0x0045
[3415] [M]: 0x0000000080002798 (0x00459593) slli x11, x11, 0x4                      sv_Mvect+4
x11 <- 0x00000000000010C0

clint mtime 0x00000000000006AC (mip.MTI <- 0b1, mip.STI <- 0b0)
mem[X,0x000000008000279C] -> 0xE5B3
mem[X,0x000000008000279E] -> 0x0075
[3416] [M]: 0x000000008000279C (0x0075E5B3) or x11, x11, x7                         sv_Mvect+8
x11 <- 0x00000000000010E0

mem[X,0x00000000800027A0] -> 0x8593
mem[X,0x00000000800027A2] -> 0x0035
[3417] [M]: 0x00000000800027A0 (0x00358593) addi x11, x11, 0x3                      sv_Mvect+12
x11 <- 0x00000000000010E3

clint mtime 0x00000000000006AD (mip.MTI <- 0b1, mip.STI <- 0b0)
mem[X,0x00000000800027A4] -> 0x3023
mem[X,0x00000000800027A6] -> 0x00B3
[3418] [M]: 0x00000000800027A4 (0x00B33023) sd x11, 0x0(x6)                         sv_Mvect+16
mem[W,0x000000008000A718] <- 0x00000000000010E3

mem[X,0x00000000800027A8] -> 0x3423
mem[X,0x00000000800027AA] -> 0x00A3
[3419] [M]: 0x00000000800027A8 (0x00A33423) sd x10, 0x8(x6)                         sv_Mcause+0
mem[W,0x000000008000A720] <- 0x000000000000000F

clint mtime 0x00000000000006AE (mip.MTI <- 0b1, mip.STI <- 0b0)
mem[X,0x00000000800027AC] -> 0x4663
mem[X,0x00000000800027AE] -> 0x1A05
[3420] [M]: 0x00000000800027AC (0x1A054663) blt x10, x0, 0x1ac                      sv_Mcause+4

mem[X,0x00000000800027B0] -> 0x25F3
mem[X,0x00000000800027B2] -> 0x3000
[3421] [M]: 0x00000000800027B0 (0x300025F3) csrrs x11, mstatus, x0                  common_Mexcpt_handler+0
CSR mstatus (0x300) -> 0x0000000A00040800
x11 <- 0x0000000A00040800

clint mtime 0x00000000000006AF (mip.MTI <- 0b1, mip.STI <- 0b0)
mem[X,0x00000000800027B4] -> 0x9413
mem[X,0x00000000800027B6] -> 0x02E5
[3422] [M]: 0x00000000800027B4 (0x02E59413) slli x8, x11, 0x2e                      common_Mexcpt_handler+4
x8 <- 0x0200000000000000

mem[X,0x00000000800027B8] -> 0x5463
mem[X,0x00000000800027BA] -> 0x0004
[3423] [M]: 0x00000000800027B8 (0x00045463) bge x8, x0, 0x8                         common_Mexcpt_handler+8

clint mtime 0x00000000000006B0 (mip.MTI <- 0b1, mip.STI <- 0b0)
mem[X,0x00000000800027C0] -> 0xD493
mem[X,0x00000000800027C2] -> 0x00B5
[3424] [M]: 0x00000000800027C0 (0x00B5D493) srli x9, x11, 0xb                       common_Mexcpt_handler+16
x9 <- 0x0000000001400081

mem[X,0x00000000800027C4] -> 0xF493
mem[X,0x00000000800027C6] -> 0x0034
[3425] [M]: 0x00000000800027C4 (0x0034F493) andi x9, x9, 0x3                        common_Mexcpt_handler+20
x9 <- 0x0000000000000001

clint mtime 0x00000000000006B1 (mip.MTI <- 0b1, mip.STI <- 0b0)
mem[X,0x00000000800027C8] -> 0x8493
mem[X,0x00000000800027CA] -> 0x0014
[3426] [M]: 0x00000000800027C8 (0x00148493) addi x9, x9, 0x1                        common_Mexcpt_handler+24
x9 <- 0x0000000000000002

mem[X,0x00000000800027CC] -> 0xF493
mem[X,0x00000000800027CE] -> 0x0044
[3427] [M]: 0x00000000800027CC (0x0044F493) andi x9, x9, 0x4                        common_Mexcpt_handler+28
x9 <- 0x0000000000000000

clint mtime 0x00000000000006B2 (mip.MTI <- 0b1, mip.STI <- 0b0)
mem[X,0x00000000800027D0] -> 0x0593
mem[X,0x00000000800027D2] -> 0x05D0
[3428] [M]: 0x00000000800027D0 (0x05D00593) addi x11, x0, 0x5d                      common_Mexcpt_handler+32
x11 <- 0x000000000000005D

mem[X,0x00000000800027D4] -> 0xD5B3
mem[X,0x00000000800027D6] -> 0x0095
[3429] [M]: 0x00000000800027D4 (0x0095D5B3) srl x11, x11, x9                        common_Mexcpt_handler+36
x11 <- 0x000000000000005D

clint mtime 0x00000000000006B3 (mip.MTI <- 0b1, mip.STI <- 0b0)
mem[X,0x00000000800027D8] -> 0xF593
mem[X,0x00000000800027DA] -> 0x0015
[3430] [M]: 0x00000000800027D8 (0x0015F593) andi x11, x11, 0x1                      common_Mexcpt_handler+40
x11 <- 0x0000000000000001

mem[X,0x00000000800027DC] -> 0x8EE3
mem[X,0x00000000800027DE] -> 0xF405
[3431] [M]: 0x00000000800027DC (0xF4058EE3) beq x11, x0, -0xa4                      common_Mexcpt_handler+44

clint mtime 0x00000000000006B4 (mip.MTI <- 0b1, mip.STI <- 0b0)
mem[X,0x00000000800027E0] -> 0x0593
mem[X,0x00000000800027E2] -> 0x2980
[3432] [M]: 0x00000000800027E0 (0x29800593) addi x11, x0, 0x298                     common_Mexcpt_handler+48
x11 <- 0x0000000000000298

mem[X,0x00000000800027E4] -> 0xF413
mem[X,0x00000000800027E6] -> 0x0014
[3433] [M]: 0x00000000800027E4 (0x0014F413) andi x8, x9, 0x1                        common_Mexcpt_handler+52
x8 <- 0x0000000000000000

clint mtime 0x00000000000006B5 (mip.MTI <- 0b1, mip.STI <- 0b0)
mem[X,0x00000000800027E8] -> 0x95B3
mem[X,0x00000000800027EA] -> 0x0085
[3434] [M]: 0x00000000800027E8 (0x008595B3) sll x11, x11, x8                        common_Mexcpt_handler+56
x11 <- 0x0000000000000298

mem[X,0x00000000800027EC] -> 0x9413
mem[X,0x00000000800027EE] -> 0x03D4
[3435] [M]: 0x00000000800027EC (0x03D49413) slli x8, x9, 0x3d                       common_Mexcpt_handler+60
x8 <- 0x0000000000000000

clint mtime 0x00000000000006B6 (mip.MTI <- 0b1, mip.STI <- 0b0)
mem[X,0x00000000800027F0] -> 0x5413
mem[X,0x00000000800027F2] -> 0x43F4
[3436] [M]: 0x00000000800027F0 (0x43F45413) srai x8, x8, 0x3f                       common_Mexcpt_handler+64
x8 <- 0x0000000000000000

mem[X,0x00000000800027F4] -> 0x4413
mem[X,0x00000000800027F6] -> 0xFFF4
[3437] [M]: 0x00000000800027F4 (0xFFF44413) xori x8, x8, -0x1                       common_Mexcpt_handler+68
x8 <- 0xFFFFFFFFFFFFFFFF

clint mtime 0x00000000000006B7 (mip.MTI <- 0b1, mip.STI <- 0b0)
mem[X,0x00000000800027F8] -> 0xF4B3
mem[X,0x00000000800027FA] -> 0x0085
[3438] [M]: 0x00000000800027F8 (0x0085F4B3) and x9, x11, x8                         common_Mexcpt_handler+72
x9 <- 0x0000000000000298

mem[X,0x00000000800027FC] -> 0x84B3
mem[X,0x00000000800027FE] -> 0x0024
[3439] [M]: 0x00000000800027FC (0x002484B3) add x9, x9, x2                          vmem_adj_Mepc+0
x9 <- 0x0000000080005298

clint mtime 0x00000000000006B8 (mip.MTI <- 0b1, mip.STI <- 0b0)
mem[X,0x0000000080002800] -> 0x23F3
mem[X,0x0000000080002802] -> 0x3410
[3440] [M]: 0x0000000080002800 (0x341023F3) csrrs x7, mepc, x0                      vmem_adj_Mepc+4
CSR mepc (0x341) -> 0x000003008000188C
x7 <- 0x000003008000188C

mem[X,0x0000000080002804] -> 0x0413
mem[X,0x0000000080002806] -> 0x0004
[3441] [M]: 0x0000000080002804 (0x00040413) addi x8, x8, 0x0                        vmem_adj_Mepc+8
x8 <- 0xFFFFFFFFFFFFFFFF

clint mtime 0x00000000000006B9 (mip.MTI <- 0b1, mip.STI <- 0b0)
mem[X,0x0000000080002808] -> 0x006F
mem[X,0x000000008000280A] -> 0x0400
[3442] [M]: 0x0000000080002808 (0x0400006F) jal x0, 0x40                            vmem_adj_Mepc+12

mem[X,0x0000000080002848] -> 0x8433
mem[X,0x000000008000284A] -> 0x4083
[3443] [M]: 0x0000000080002848 (0x40838433) sub x8, x7, x8                          adj_Mepc+0
x8 <- 0x000003008000188D

clint mtime 0x00000000000006BA (mip.MTI <- 0b1, mip.STI <- 0b0)
mem[X,0x000000008000284C] -> 0x3823
mem[X,0x000000008000284E] -> 0x0083
[3444] [M]: 0x000000008000284C (0x00833823) sd x8, 0x10(x6)                         sv_Mepc+0
mem[W,0x000000008000A728] <- 0x000003008000188D

mem[X,0x0000000080002850] -> 0x55B7
mem[X,0x0000000080002852] -> 0x0000
[3445] [M]: 0x0000000080002850 (0x000055B7) lui x11, 0x5                            sv_Mepc+4
x11 <- 0x0000000000005000

clint mtime 0x00000000000006BB (mip.MTI <- 0b1, mip.STI <- 0b0)
mem[X,0x0000000080002854] -> 0x8593
mem[X,0x0000000080002856] -> 0x6675
[3446] [M]: 0x0000000080002854 (0x66758593) addi x11, x11, 0x667                    sv_Mepc+8
x11 <- 0x0000000000005667

mem[X,0x0000000080002858] -> 0x9593
mem[X,0x000000008000285A] -> 0x0015
[3447] [M]: 0x0000000080002858 (0x00159593) slli x11, x11, 0x1                      sv_Mepc+12
x11 <- 0x000000000000ACCE

clint mtime 0x00000000000006BC (mip.MTI <- 0b1, mip.STI <- 0b0)
mem[X,0x000000008000285C] -> 0x9063
mem[X,0x000000008000285E] -> 0x02B1
[3448] [M]: 0x000000008000285C (0x02B19063) bne x3, x11, 0x20                       sv_Mepc+16

mem[X,0x0000000080002860] -> 0x2473
mem[X,0x0000000080002862] -> 0x3420
[3449] [M]: 0x0000000080002860 (0x34202473) csrrs x8, mcause, x0                    sv_Mepc+20
CSR mcause (0x342) -> 0x000000000000000F
x8 <- 0x000000000000000F

clint mtime 0x00000000000006BD (mip.MTI <- 0b1, mip.STI <- 0b0)
mem[X,0x0000000080002864] -> 0x0593
mem[X,0x0000000080002866] -> 0x00C0
[3450] [M]: 0x0000000080002864 (0x00C00593) addi x11, x0, 0xc                       sv_Mepc+24
x11 <- 0x000000000000000C

mem[X,0x0000000080002868] -> 0x0663
mem[X,0x000000008000286A] -> 0x00B4
[3451] [M]: 0x0000000080002868 (0x00B40663) beq x8, x11, 0xc                        sv_Mepc+28

clint mtime 0x00000000000006BE (mip.MTI <- 0b1, mip.STI <- 0b0)
mem[X,0x000000008000286C] -> 0x0593
mem[X,0x000000008000286E] -> 0x0010
[3452] [M]: 0x000000008000286C (0x00100593) addi x11, x0, 0x1                       sv_Mepc+32
x11 <- 0x0000000000000001

mem[X,0x0000000080002870] -> 0x1663
mem[X,0x0000000080002872] -> 0x00B4
[3453] [M]: 0x0000000080002870 (0x00B41663) bne x8, x11, 0xc                        sv_Mepc+36

clint mtime 0x00000000000006BF (mip.MTI <- 0b1, mip.STI <- 0b0)
mem[X,0x000000008000287C] -> 0xF593
mem[X,0x000000008000287E] -> 0xFFC3
[3454] [M]: 0x000000008000287C (0xFFC3F593) andi x11, x7, -0x4                      adj_Mepc_rtn+0
x11 <- 0x000003008000188C

mem[X,0x0000000080002880] -> 0x8593
mem[X,0x0000000080002882] -> 0x0085
[3455] [M]: 0x0000000080002880 (0x00858593) addi x11, x11, 0x8                      adj_Mepc_rtn+4
x11 <- 0x0000030080001894

clint mtime 0x00000000000006C0 (mip.MTI <- 0b1, mip.STI <- 0b0)
mem[X,0x0000000080002884] -> 0x9073
mem[X,0x0000000080002886] -> 0x3415
[3456] [M]: 0x0000000080002884 (0x34159073) csrrw x0, mepc, x11                     adj_Mepc_rtn+8
CSR mepc (0x341) <- 0x0000030080001894

mem[X,0x0000000080002888] -> 0x23F3
mem[X,0x000000008000288A] -> 0x3430
[3457] [M]: 0x0000000080002888 (0x343023F3) csrrs x7, mtval, x0                     skp_adj_Mepc+0
CSR mtval (0x343) -> 0x0000028000000414
x7 <- 0x0000028000000414

clint mtime 0x00000000000006C1 (mip.MTI <- 0b1, mip.STI <- 0b0)
mem[X,0x000000008000288C] -> 0x0413
mem[X,0x000000008000288E] -> 0x0004
[3458] [M]: 0x000000008000288C (0x00040413) addi x8, x8, 0x0                        skp_adj_Mepc+4
x8 <- 0x000000000000000F

mem[X,0x0000000080002890] -> 0x006F
mem[X,0x0000000080002892] -> 0x0840
[3459] [M]: 0x0000000080002890 (0x0840006F) jal x0, 0x84                            skp_adj_Mepc+8

clint mtime 0x00000000000006C2 (mip.MTI <- 0b1, mip.STI <- 0b0)
mem[X,0x0000000080002914] -> 0x8433
mem[X,0x0000000080002916] -> 0x4083
[3460] [M]: 0x0000000080002914 (0x40838433) sub x8, x7, x8                          adj_Mtval+0
x8 <- 0x0000028000000405

mem[X,0x0000000080002918] -> 0x3C23
mem[X,0x000000008000291A] -> 0x0083
[3461] [M]: 0x0000000080002918 (0x00833C23) sd x8, 0x18(x6)                         sv_Mtval+0
mem[W,0x000000008000A730] <- 0x0000028000000405

clint mtime 0x00000000000006C3 (mip.MTI <- 0b1, mip.STI <- 0b0)
mem[X,0x000000008000291C] -> 0x3483
mem[X,0x000000008000291E] -> 0x2181
[3462] [M]: 0x000000008000291C (0x21813483) ld x9, 0x218(x2)                        skp_Mtval+0
mem[R,0x0000000080005218] -> 0x000000008000A738
x9 <- 0x000000008000A738

mem[X,0x0000000080002920] -> 0x3383
mem[X,0x0000000080002922] -> 0x1F81
[3463] [M]: 0x0000000080002920 (0x1F813383) ld x7, 0x1f8(x2)                        skp_Mtval+4
mem[R,0x00000000800051F8] -> 0x000000008000A110
x7 <- 0x000000008000A110

clint mtime 0x00000000000006C4 (mip.MTI <- 0b1, mip.STI <- 0b0)
mem[X,0x0000000080002924] -> 0x3303
mem[X,0x0000000080002926] -> 0x2001
[3464] [M]: 0x0000000080002924 (0x20013303) ld x6, 0x200(x2)                        skp_Mtval+8
mem[R,0x0000000080005200] -> 0x0000000000000610
x6 <- 0x0000000000000610

mem[X,0x0000000080002928] -> 0x0333
mem[X,0x000000008000292A] -> 0x0073
[3465] [M]: 0x0000000080002928 (0x00730333) add x6, x6, x7                          skp_Mtval+12
x6 <- 0x000000008000A720

clint mtime 0x00000000000006C5 (mip.MTI <- 0b1, mip.STI <- 0b0)
mem[X,0x000000008000292C] -> 0x6AE3
mem[X,0x000000008000292E] -> 0xAE93
[3466] [M]: 0x000000008000292C (0xAE936AE3) bltu x6, x9, -0x50c                     skp_Mtval+16

mem[X,0x0000000080002420] -> 0x2373
mem[X,0x0000000080002422] -> 0x3400
[3467] [M]: 0x0000000080002420 (0x34002373) csrrs x6, mscratch, x0                  exit_Scleanup+0
CSR mscratch (0x340) -> 0x0000000080005000
x6 <- 0x0000000080005000

clint mtime 0x00000000000006C6 (mip.MTI <- 0b1, mip.STI <- 0b0)
mem[X,0x0000000080002424] -> 0x0313
mem[X,0x0000000080002426] -> 0x2983
[3468] [M]: 0x0000000080002424 (0x29830313) addi x6, x6, 0x298                      exit_Scleanup+4
x6 <- 0x0000000080005298

mem[X,0x0000000080002428] -> 0x3383
mem[X,0x000000008000242A] -> 0x2383
[3469] [M]: 0x0000000080002428 (0x23833383) ld x7, 0x238(x6)                        resto_Sedeleg+0
mem[R,0x00000000800054D0] -> 0x0000000000000000
x7 <- 0x0000000000000000

clint mtime 0x00000000000006C7 (mip.MTI <- 0b1, mip.STI <- 0b0)
mem[X,0x000000008000242C] -> 0x3383
mem[X,0x000000008000242E] -> 0x2203
[3470] [M]: 0x000000008000242C (0x22033383) ld x7, 0x220(x6)                        resto_Ssatp+0
mem[R,0x00000000800054B8] -> 0x0000000000000000
x7 <- 0x0000000000000000

mem[X,0x0000000080002430] -> 0x9073
mem[X,0x0000000080002432] -> 0x1803
[3471] [M]: 0x0000000080002430 (0x18039073) csrrw x0, satp, x7                      resto_Ssatp+4
CSR satp (0x180) <- 0x0000000000000000

clint mtime 0x00000000000006C8 (mip.MTI <- 0b1, mip.STI <- 0b0)
mem[X,0x0000000080002434] -> 0x3503
mem[X,0x0000000080002436] -> 0x2503
[3472] [M]: 0x0000000080002434 (0x25033503) ld x10, 0x250(x6)                       resto_Sscratch+0
mem[R,0x00000000800054E8] -> 0x0000000000000000
x10 <- 0x0000000000000000

mem[X,0x0000000080002438] -> 0x1073
mem[X,0x000000008000243A] -> 0x1405
[3473] [M]: 0x0000000080002438 (0x14051073) csrrw x0, sscratch, x10                 resto_Sscratch+4
CSR sscratch (0x140) <- 0x0000000000000000

clint mtime 0x00000000000006C9 (mip.MTI <- 0b1, mip.STI <- 0b0)
mem[X,0x000000008000243C] -> 0x3483
mem[X,0x000000008000243E] -> 0x2483
[3474] [M]: 0x000000008000243C (0x24833483) ld x9, 0x248(x6)                        resto_Sxtvec+0
mem[R,0x00000000800054E0] -> 0x0000000000000000
x9 <- 0x0000000000000000

mem[X,0x0000000080002440] -> 0x93F3
mem[X,0x0000000080002442] -> 0x1054
[3475] [M]: 0x0000000080002440 (0x105493F3) csrrw x7, stvec, x9                     resto_Sxtvec+4
CSR stvec (0x105) <- 0x0000000000000000
x7 <- 0x0000000080002E80

clint mtime 0x00000000000006CA (mip.MTI <- 0b1, mip.STI <- 0b0)
mem[X,0x0000000080002444] -> 0xF493
mem[X,0x0000000080002446] -> 0xFFC4
[3476] [M]: 0x0000000080002444 (0xFFC4F493) andi x9, x9, -0x4                       resto_Sxtvec+8
x9 <- 0x0000000000000000

mem[X,0x0000000080002448] -> 0xF393
mem[X,0x000000008000244A] -> 0xFFC3
[3477] [M]: 0x0000000080002448 (0xFFC3F393) andi x7, x7, -0x4                       resto_Sxtvec+12
x7 <- 0x0000000080002E80

clint mtime 0x00000000000006CB (mip.MTI <- 0b1, mip.STI <- 0b0)
mem[X,0x000000008000244C] -> 0x9063
mem[X,0x000000008000244E] -> 0x0274
[3478] [M]: 0x000000008000244C (0x02749063) bne x9, x7, 0x20                        resto_Sxtvec+16

mem[X,0x000000008000246C] -> 0x2373
mem[X,0x000000008000246E] -> 0x3400
[3479] [M]: 0x000000008000246C (0x34002373) csrrs x6, mscratch, x0                  rvtest_Send+0
CSR mscratch (0x340) -> 0x0000000080005000
x6 <- 0x0000000080005000

clint mtime 0x00000000000006CC (mip.MTI <- 0b1, mip.STI <- 0b0)
mem[X,0x0000000080002470] -> 0x3383
mem[X,0x0000000080002472] -> 0x2383
[3480] [M]: 0x0000000080002470 (0x23833383) ld x7, 0x238(x6)                        resto_Medeleg+0
mem[R,0x0000000080005238] -> 0x0000000000000000
x7 <- 0x0000000000000000

mem[X,0x0000000080002474] -> 0x9073
mem[X,0x0000000080002476] -> 0x3023
[3481] [M]: 0x0000000080002474 (0x30239073) csrrw x0, medeleg, x7                   resto_Medeleg+4
CSR medeleg (0x302) <- 0x0000000000000000

clint mtime 0x00000000000006CD (mip.MTI <- 0b1, mip.STI <- 0b0)
mem[X,0x0000000080002478] -> 0x3503
mem[X,0x000000008000247A] -> 0x2503
[3482] [M]: 0x0000000080002478 (0x25033503) ld x10, 0x250(x6)                       resto_Mscratch+0
mem[R,0x0000000080005250] -> 0x0000000000000000
x10 <- 0x0000000000000000

mem[X,0x000000008000247C] -> 0x1073
mem[X,0x000000008000247E] -> 0x3405
[3483] [M]: 0x000000008000247C (0x34051073) csrrw x0, mscratch, x10                 resto_Mscratch+4
CSR mscratch (0x340) <- 0x0000000000000000

clint mtime 0x00000000000006CE (mip.MTI <- 0b1, mip.STI <- 0b0)
mem[X,0x0000000080002480] -> 0x3483
mem[X,0x0000000080002482] -> 0x2483
[3484] [M]: 0x0000000080002480 (0x24833483) ld x9, 0x248(x6)                        resto_Mxtvec+0
mem[R,0x0000000080005248] -> 0x0000000000000000
x9 <- 0x0000000000000000

mem[X,0x0000000080002484] -> 0x93F3
mem[X,0x0000000080002486] -> 0x3054
[3485] [M]: 0x0000000080002484 (0x305493F3) csrrw x7, mtvec, x9                     resto_Mxtvec+4
CSR mtvec (0x305) <- 0x0000000000000000
x7 <- 0x0000000080002500

clint mtime 0x00000000000006CF (mip.MTI <- 0b1, mip.STI <- 0b0)
mem[X,0x0000000080002488] -> 0xF493
mem[X,0x000000008000248A] -> 0xFFC4
[3486] [M]: 0x0000000080002488 (0xFFC4F493) andi x9, x9, -0x4                       resto_Mxtvec+8
x9 <- 0x0000000000000000

mem[X,0x000000008000248C] -> 0xF393
mem[X,0x000000008000248E] -> 0xFFC3
[3487] [M]: 0x000000008000248C (0xFFC3F393) andi x7, x7, -0x4                       resto_Mxtvec+12
x7 <- 0x0000000080002500

clint mtime 0x00000000000006D0 (mip.MTI <- 0b1, mip.STI <- 0b0)
mem[X,0x0000000080002490] -> 0x9063
mem[X,0x0000000080002492] -> 0x0274
[3488] [M]: 0x0000000080002490 (0x02749063) bne x9, x7, 0x20                        resto_Mxtvec+16

mem[X,0x00000000800024B0] -> 0x106F
mem[X,0x00000000800024B2] -> 0x27C0
[3489] [M]: 0x00000000800024B0 (0x27C0106F) jal x0, 0x127c                          rvtest_Mend+0

clint mtime 0x00000000000006D1 (mip.MTI <- 0b1, mip.STI <- 0b0)
mem[X,0x000000008000372C] -> 0x0093
mem[X,0x000000008000372E] -> 0x0010
[3490] [M]: 0x000000008000372C (0x00100093) addi x1, x0, 0x1                        exit_cleanup+0
x1 <- 0x0000000000000001

mem[X,0x0000000080003730] -> 0x1397
mem[X,0x0000000080003732] -> 0x0000
[3491] [M]: 0x0000000080003730 (0x00001397) auipc x7, 0x1                           exit_cleanup+4
x7 <- 0x0000000080004730

clint mtime 0x00000000000006D2 (mip.MTI <- 0b1, mip.STI <- 0b0)
mem[X,0x0000000080003734] -> 0xA823
mem[X,0x0000000080003736] -> 0x8C13
[3492] [M]: 0x0000000080003734 (0x8C13A823) sw x1, -0x730(x7)                       exit_cleanup+8
htif[0x0000000080004000] <- 0x00000001
mem[W,0x0000000080004000] <- 0x00000001

mem[X,0x0000000080003738] -> 0xF06F
mem[X,0x000000008000373A] -> 0xFF9F
[3493] [M]: 0x0000000080003738 (0xFF9FF06F) jal x0, -0x8                            exit_cleanup+12

clint mtime 0x00000000000006D3 (mip.MTI <- 0b1, mip.STI <- 0b0)
mem[X,0x0000000080003730] -> 0x1397
mem[X,0x0000000080003732] -> 0x0000
[3494] [M]: 0x0000000080003730 (0x00001397) auipc x7, 0x1                           exit_cleanup+4
x7 <- 0x0000000080004730

mem[X,0x0000000080003734] -> 0xA823
mem[X,0x0000000080003736] -> 0x8C13
[3495] [M]: 0x0000000080003734 (0x8C13A823) sw x1, -0x730(x7)                       exit_cleanup+8
htif[0x0000000080004000] <- 0x00000001
mem[W,0x0000000080004000] <- 0x00000001

clint mtime 0x00000000000006D4 (mip.MTI <- 0b1, mip.STI <- 0b0)
mem[X,0x0000000080003738] -> 0xF06F
mem[X,0x000000008000373A] -> 0xFF9F
[3496] [M]: 0x0000000080003738 (0xFF9FF06F) jal x0, -0x8                            exit_cleanup+12

mem[X,0x0000000080003730] -> 0x1397
mem[X,0x0000000080003732] -> 0x0000
[3497] [M]: 0x0000000080003730 (0x00001397) auipc x7, 0x1                           exit_cleanup+4
x7 <- 0x0000000080004730

clint mtime 0x00000000000006D5 (mip.MTI <- 0b1, mip.STI <- 0b0)
mem[X,0x0000000080003734] -> 0xA823
mem[X,0x0000000080003736] -> 0x8C13
[3498] [M]: 0x0000000080003734 (0x8C13A823) sw x1, -0x730(x7)                       exit_cleanup+8
htif[0x0000000080004000] <- 0x00000001
htif-syscall-proxy cmd: 0x000000000001
mem[W,0x0000000080004000] <- 0x00000001

SUCCESS
