using /opt/riscv-arch-test/riscof-plugins/rv64/riscof_work/vm_sv39/src/vm_canonical_S_mode.S/ref/Reference-sail_c_simulator.signature for test-signature output.
setting signature-granularity to 8 bytes
HTIF located at 0x80003000
begin_signature: 0x80008110
end_signature: 0x80008520
Entry point: 0x80000000
CSR mstatus (0x300) <- 0x0000000A00000000
CSR misa (0x301) <- 0x800000000034112F
CSR mcause (0x342) <- 0x0000000000000000
x10 <- 0x0000000000000000
x11 <- 0x0000000000001000
mem[X,0x0000000080000000] -> 0x0013
mem[X,0x0000000080000002] -> 0x0000
[0] [M]: 0x0000000080000000 (0x00000013) addi x0, x0, 0x0                           rvtest_entry_point+0

mem[X,0x0000000080000004] -> 0x0013
mem[X,0x0000000080000006] -> 0x0000
[1] [M]: 0x0000000080000004 (0x00000013) addi x0, x0, 0x0                           rvtest_entry_point+4

clint mtime 0x0000000000000001 (mip.MTI <- 0b1, mip.STI <- 0b0)
mem[X,0x0000000080000008] -> 0x0013
mem[X,0x000000008000000A] -> 0x0000
[2] [M]: 0x0000000080000008 (0x00000013) addi x0, x0, 0x0                           rvtest_entry_point+8

mem[X,0x000000008000000C] -> 0x0013
mem[X,0x000000008000000E] -> 0x0000
[3] [M]: 0x000000008000000C (0x00000013) addi x0, x0, 0x0                           rvtest_entry_point+12

clint mtime 0x0000000000000002 (mip.MTI <- 0b1, mip.STI <- 0b0)
mem[X,0x0000000080000010] -> 0x0013
mem[X,0x0000000080000012] -> 0x0000
[4] [M]: 0x0000000080000010 (0x00000013) addi x0, x0, 0x0                           rvtest_entry_point+16

mem[X,0x0000000080000014] -> 0x0013
mem[X,0x0000000080000016] -> 0x0000
[5] [M]: 0x0000000080000014 (0x00000013) addi x0, x0, 0x0                           rvtest_entry_point+20

clint mtime 0x0000000000000003 (mip.MTI <- 0b1, mip.STI <- 0b0)
mem[X,0x0000000080000018] -> 0x0013
mem[X,0x000000008000001A] -> 0x0000
[6] [M]: 0x0000000080000018 (0x00000013) addi x0, x0, 0x0                           rvtest_entry_point+24

mem[X,0x000000008000001C] -> 0x0013
mem[X,0x000000008000001E] -> 0x0000
[7] [M]: 0x000000008000001C (0x00000013) addi x0, x0, 0x0                           rvtest_entry_point+28

clint mtime 0x0000000000000004 (mip.MTI <- 0b1, mip.STI <- 0b0)
mem[X,0x0000000080000020] -> 0x0013
mem[X,0x0000000080000022] -> 0x0000
[8] [M]: 0x0000000080000020 (0x00000013) addi x0, x0, 0x0                           rvtest_entry_point+32

mem[X,0x0000000080000024] -> 0x0013
mem[X,0x0000000080000026] -> 0x0000
[9] [M]: 0x0000000080000024 (0x00000013) addi x0, x0, 0x0                           rvtest_entry_point+36

clint mtime 0x0000000000000005 (mip.MTI <- 0b1, mip.STI <- 0b0)
mem[X,0x0000000080000028] -> 0x0013
mem[X,0x000000008000002A] -> 0x0000
[10] [M]: 0x0000000080000028 (0x00000013) addi x0, x0, 0x0                          rvtest_entry_point+40

mem[X,0x000000008000002C] -> 0x0013
mem[X,0x000000008000002E] -> 0x0000
[11] [M]: 0x000000008000002C (0x00000013) addi x0, x0, 0x0                          rvtest_entry_point+44

clint mtime 0x0000000000000006 (mip.MTI <- 0b1, mip.STI <- 0b0)
mem[X,0x0000000080000030] -> 0x0013
mem[X,0x0000000080000032] -> 0x0000
[12] [M]: 0x0000000080000030 (0x00000013) addi x0, x0, 0x0                          rvtest_entry_point+48

mem[X,0x0000000080000034] -> 0x0013
mem[X,0x0000000080000036] -> 0x0000
[13] [M]: 0x0000000080000034 (0x00000013) addi x0, x0, 0x0                          rvtest_entry_point+52

clint mtime 0x0000000000000007 (mip.MTI <- 0b1, mip.STI <- 0b0)
mem[X,0x0000000080000038] -> 0x0013
mem[X,0x000000008000003A] -> 0x0000
[14] [M]: 0x0000000080000038 (0x00000013) addi x0, x0, 0x0                          rvtest_entry_point+56

mem[X,0x000000008000003C] -> 0x0013
mem[X,0x000000008000003E] -> 0x0000
[15] [M]: 0x000000008000003C (0x00000013) addi x0, x0, 0x0                          rvtest_entry_point+60

clint mtime 0x0000000000000008 (mip.MTI <- 0b1, mip.STI <- 0b0)
mem[X,0x0000000080000040] -> 0x0013
mem[X,0x0000000080000042] -> 0x0000
[16] [M]: 0x0000000080000040 (0x00000013) addi x0, x0, 0x0                          rvtest_entry_point+64

mem[X,0x0000000080000044] -> 0x0013
mem[X,0x0000000080000046] -> 0x0000
[17] [M]: 0x0000000080000044 (0x00000013) addi x0, x0, 0x0                          rvtest_entry_point+68

clint mtime 0x0000000000000009 (mip.MTI <- 0b1, mip.STI <- 0b0)
mem[X,0x0000000080000048] -> 0x0013
mem[X,0x000000008000004A] -> 0x0000
[18] [M]: 0x0000000080000048 (0x00000013) addi x0, x0, 0x0                          rvtest_entry_point+72

mem[X,0x000000008000004C] -> 0x0013
mem[X,0x000000008000004E] -> 0x0000
[19] [M]: 0x000000008000004C (0x00000013) addi x0, x0, 0x0                          rvtest_entry_point+76

clint mtime 0x000000000000000A (mip.MTI <- 0b1, mip.STI <- 0b0)
mem[X,0x0000000080000050] -> 0x0013
mem[X,0x0000000080000052] -> 0x0000
[20] [M]: 0x0000000080000050 (0x00000013) addi x0, x0, 0x0                          rvtest_entry_point+80

mem[X,0x0000000080000054] -> 0x0013
mem[X,0x0000000080000056] -> 0x0000
[21] [M]: 0x0000000080000054 (0x00000013) addi x0, x0, 0x0                          rvtest_entry_point+84

clint mtime 0x000000000000000B (mip.MTI <- 0b1, mip.STI <- 0b0)
mem[X,0x0000000080000058] -> 0x0013
mem[X,0x000000008000005A] -> 0x0000
[22] [M]: 0x0000000080000058 (0x00000013) addi x0, x0, 0x0                          rvtest_entry_point+88

mem[X,0x000000008000005C] -> 0x0013
mem[X,0x000000008000005E] -> 0x0000
[23] [M]: 0x000000008000005C (0x00000013) addi x0, x0, 0x0                          rvtest_entry_point+92

clint mtime 0x000000000000000C (mip.MTI <- 0b1, mip.STI <- 0b0)
mem[X,0x0000000080000060] -> 0x0013
mem[X,0x0000000080000062] -> 0x0000
[24] [M]: 0x0000000080000060 (0x00000013) addi x0, x0, 0x0                          rvtest_entry_point+96

mem[X,0x0000000080000064] -> 0x0013
mem[X,0x0000000080000066] -> 0x0000
[25] [M]: 0x0000000080000064 (0x00000013) addi x0, x0, 0x0                          rvtest_entry_point+100

clint mtime 0x000000000000000D (mip.MTI <- 0b1, mip.STI <- 0b0)
mem[X,0x0000000080000068] -> 0x0013
mem[X,0x000000008000006A] -> 0x0000
[26] [M]: 0x0000000080000068 (0x00000013) addi x0, x0, 0x0                          rvtest_entry_point+104

mem[X,0x000000008000006C] -> 0x0013
mem[X,0x000000008000006E] -> 0x0000
[27] [M]: 0x000000008000006C (0x00000013) addi x0, x0, 0x0                          rvtest_entry_point+108

clint mtime 0x000000000000000E (mip.MTI <- 0b1, mip.STI <- 0b0)
mem[X,0x0000000080000070] -> 0x0013
mem[X,0x0000000080000072] -> 0x0000
[28] [M]: 0x0000000080000070 (0x00000013) addi x0, x0, 0x0                          rvtest_entry_point+112

mem[X,0x0000000080000074] -> 0x0013
mem[X,0x0000000080000076] -> 0x0000
[29] [M]: 0x0000000080000074 (0x00000013) addi x0, x0, 0x0                          rvtest_entry_point+116

clint mtime 0x000000000000000F (mip.MTI <- 0b1, mip.STI <- 0b0)
mem[X,0x0000000080000078] -> 0x0013
mem[X,0x000000008000007A] -> 0x0000
[30] [M]: 0x0000000080000078 (0x00000013) addi x0, x0, 0x0                          rvtest_entry_point+120

mem[X,0x000000008000007C] -> 0x0013
mem[X,0x000000008000007E] -> 0x0000
[31] [M]: 0x000000008000007C (0x00000013) addi x0, x0, 0x0                          rvtest_entry_point+124

clint mtime 0x0000000000000010 (mip.MTI <- 0b1, mip.STI <- 0b0)
mem[X,0x0000000080000080] -> 0x0013
mem[X,0x0000000080000082] -> 0x0000
[32] [M]: 0x0000000080000080 (0x00000013) addi x0, x0, 0x0                          rvtest_entry_point+128

mem[X,0x0000000080000084] -> 0x0013
mem[X,0x0000000080000086] -> 0x0000
[33] [M]: 0x0000000080000084 (0x00000013) addi x0, x0, 0x0                          rvtest_entry_point+132

clint mtime 0x0000000000000011 (mip.MTI <- 0b1, mip.STI <- 0b0)
mem[X,0x0000000080000088] -> 0x0013
mem[X,0x000000008000008A] -> 0x0000
[34] [M]: 0x0000000080000088 (0x00000013) addi x0, x0, 0x0                          rvtest_entry_point+136

mem[X,0x000000008000008C] -> 0x0013
mem[X,0x000000008000008E] -> 0x0000
[35] [M]: 0x000000008000008C (0x00000013) addi x0, x0, 0x0                          rvtest_entry_point+140

clint mtime 0x0000000000000012 (mip.MTI <- 0b1, mip.STI <- 0b0)
mem[X,0x0000000080000090] -> 0x0013
mem[X,0x0000000080000092] -> 0x0000
[36] [M]: 0x0000000080000090 (0x00000013) addi x0, x0, 0x0                          rvtest_entry_point+144

mem[X,0x0000000080000094] -> 0x0013
mem[X,0x0000000080000096] -> 0x0000
[37] [M]: 0x0000000080000094 (0x00000013) addi x0, x0, 0x0                          rvtest_entry_point+148

clint mtime 0x0000000000000013 (mip.MTI <- 0b1, mip.STI <- 0b0)
mem[X,0x0000000080000098] -> 0x0013
mem[X,0x000000008000009A] -> 0x0000
[38] [M]: 0x0000000080000098 (0x00000013) addi x0, x0, 0x0                          rvtest_entry_point+152

mem[X,0x000000008000009C] -> 0x0013
mem[X,0x000000008000009E] -> 0x0000
[39] [M]: 0x000000008000009C (0x00000013) addi x0, x0, 0x0                          rvtest_entry_point+156

clint mtime 0x0000000000000014 (mip.MTI <- 0b1, mip.STI <- 0b0)
mem[X,0x00000000800000A0] -> 0x0013
mem[X,0x00000000800000A2] -> 0x0000
[40] [M]: 0x00000000800000A0 (0x00000013) addi x0, x0, 0x0                          rvtest_entry_point+160

mem[X,0x00000000800000A4] -> 0x0013
mem[X,0x00000000800000A6] -> 0x0000
[41] [M]: 0x00000000800000A4 (0x00000013) addi x0, x0, 0x0                          rvtest_entry_point+164

clint mtime 0x0000000000000015 (mip.MTI <- 0b1, mip.STI <- 0b0)
mem[X,0x00000000800000A8] -> 0x0013
mem[X,0x00000000800000AA] -> 0x0000
[42] [M]: 0x00000000800000A8 (0x00000013) addi x0, x0, 0x0                          rvtest_entry_point+168

mem[X,0x00000000800000AC] -> 0x0013
mem[X,0x00000000800000AE] -> 0x0000
[43] [M]: 0x00000000800000AC (0x00000013) addi x0, x0, 0x0                          rvtest_entry_point+172

clint mtime 0x0000000000000016 (mip.MTI <- 0b1, mip.STI <- 0b0)
mem[X,0x00000000800000B0] -> 0x0013
mem[X,0x00000000800000B2] -> 0x0000
[44] [M]: 0x00000000800000B0 (0x00000013) addi x0, x0, 0x0                          rvtest_entry_point+176

mem[X,0x00000000800000B4] -> 0x0013
mem[X,0x00000000800000B6] -> 0x0000
[45] [M]: 0x00000000800000B4 (0x00000013) addi x0, x0, 0x0                          rvtest_entry_point+180

clint mtime 0x0000000000000017 (mip.MTI <- 0b1, mip.STI <- 0b0)
mem[X,0x00000000800000B8] -> 0x0013
mem[X,0x00000000800000BA] -> 0x0000
[46] [M]: 0x00000000800000B8 (0x00000013) addi x0, x0, 0x0                          rvtest_entry_point+184

mem[X,0x00000000800000BC] -> 0x0013
mem[X,0x00000000800000BE] -> 0x0000
[47] [M]: 0x00000000800000BC (0x00000013) addi x0, x0, 0x0                          rvtest_entry_point+188

clint mtime 0x0000000000000018 (mip.MTI <- 0b1, mip.STI <- 0b0)
mem[X,0x00000000800000C0] -> 0x0013
mem[X,0x00000000800000C2] -> 0x0000
[48] [M]: 0x00000000800000C0 (0x00000013) addi x0, x0, 0x0                          rvtest_entry_point+192

mem[X,0x00000000800000C4] -> 0x0013
mem[X,0x00000000800000C6] -> 0x0000
[49] [M]: 0x00000000800000C4 (0x00000013) addi x0, x0, 0x0                          rvtest_entry_point+196

clint mtime 0x0000000000000019 (mip.MTI <- 0b1, mip.STI <- 0b0)
mem[X,0x00000000800000C8] -> 0x0013
mem[X,0x00000000800000CA] -> 0x0000
[50] [M]: 0x00000000800000C8 (0x00000013) addi x0, x0, 0x0                          rvtest_entry_point+200

mem[X,0x00000000800000CC] -> 0x0013
mem[X,0x00000000800000CE] -> 0x0000
[51] [M]: 0x00000000800000CC (0x00000013) addi x0, x0, 0x0                          rvtest_entry_point+204

clint mtime 0x000000000000001A (mip.MTI <- 0b1, mip.STI <- 0b0)
mem[X,0x00000000800000D0] -> 0x0013
mem[X,0x00000000800000D2] -> 0x0000
[52] [M]: 0x00000000800000D0 (0x00000013) addi x0, x0, 0x0                          rvtest_entry_point+208

mem[X,0x00000000800000D4] -> 0x0013
mem[X,0x00000000800000D6] -> 0x0000
[53] [M]: 0x00000000800000D4 (0x00000013) addi x0, x0, 0x0                          rvtest_entry_point+212

clint mtime 0x000000000000001B (mip.MTI <- 0b1, mip.STI <- 0b0)
mem[X,0x00000000800000D8] -> 0x0013
mem[X,0x00000000800000DA] -> 0x0000
[54] [M]: 0x00000000800000D8 (0x00000013) addi x0, x0, 0x0                          rvtest_entry_point+216

mem[X,0x00000000800000DC] -> 0x0013
mem[X,0x00000000800000DE] -> 0x0000
[55] [M]: 0x00000000800000DC (0x00000013) addi x0, x0, 0x0                          rvtest_entry_point+220

clint mtime 0x000000000000001C (mip.MTI <- 0b1, mip.STI <- 0b0)
mem[X,0x00000000800000E0] -> 0x0013
mem[X,0x00000000800000E2] -> 0x0000
[56] [M]: 0x00000000800000E0 (0x00000013) addi x0, x0, 0x0                          rvtest_entry_point+224

mem[X,0x00000000800000E4] -> 0x0013
mem[X,0x00000000800000E6] -> 0x0000
[57] [M]: 0x00000000800000E4 (0x00000013) addi x0, x0, 0x0                          rvtest_entry_point+228

clint mtime 0x000000000000001D (mip.MTI <- 0b1, mip.STI <- 0b0)
mem[X,0x00000000800000E8] -> 0x0013
mem[X,0x00000000800000EA] -> 0x0000
[58] [M]: 0x00000000800000E8 (0x00000013) addi x0, x0, 0x0                          rvtest_entry_point+232

mem[X,0x00000000800000EC] -> 0x0013
mem[X,0x00000000800000EE] -> 0x0000
[59] [M]: 0x00000000800000EC (0x00000013) addi x0, x0, 0x0                          rvtest_entry_point+236

clint mtime 0x000000000000001E (mip.MTI <- 0b1, mip.STI <- 0b0)
mem[X,0x00000000800000F0] -> 0x0013
mem[X,0x00000000800000F2] -> 0x0000
[60] [M]: 0x00000000800000F0 (0x00000013) addi x0, x0, 0x0                          rvtest_entry_point+240

mem[X,0x00000000800000F4] -> 0x0013
mem[X,0x00000000800000F6] -> 0x0000
[61] [M]: 0x00000000800000F4 (0x00000013) addi x0, x0, 0x0                          rvtest_entry_point+244

clint mtime 0x000000000000001F (mip.MTI <- 0b1, mip.STI <- 0b0)
mem[X,0x00000000800000F8] -> 0x0013
mem[X,0x00000000800000FA] -> 0x0000
[62] [M]: 0x00000000800000F8 (0x00000013) addi x0, x0, 0x0                          rvtest_entry_point+248

mem[X,0x00000000800000FC] -> 0x0013
mem[X,0x00000000800000FE] -> 0x0000
[63] [M]: 0x00000000800000FC (0x00000013) addi x0, x0, 0x0                          rvtest_entry_point+252

clint mtime 0x0000000000000020 (mip.MTI <- 0b1, mip.STI <- 0b0)
mem[X,0x0000000080000100] -> 0x0013
mem[X,0x0000000080000102] -> 0x0000
[64] [M]: 0x0000000080000100 (0x00000013) addi x0, x0, 0x0                          rvtest_entry_point+256

mem[X,0x0000000080000104] -> 0x0013
mem[X,0x0000000080000106] -> 0x0000
[65] [M]: 0x0000000080000104 (0x00000013) addi x0, x0, 0x0                          rvtest_entry_point+260

clint mtime 0x0000000000000021 (mip.MTI <- 0b1, mip.STI <- 0b0)
mem[X,0x0000000080000108] -> 0x0013
mem[X,0x000000008000010A] -> 0x0000
[66] [M]: 0x0000000080000108 (0x00000013) addi x0, x0, 0x0                          rvtest_entry_point+264

mem[X,0x000000008000010C] -> 0x0013
mem[X,0x000000008000010E] -> 0x0000
[67] [M]: 0x000000008000010C (0x00000013) addi x0, x0, 0x0                          rvtest_entry_point+268

clint mtime 0x0000000000000022 (mip.MTI <- 0b1, mip.STI <- 0b0)
mem[X,0x0000000080000110] -> 0x0013
mem[X,0x0000000080000112] -> 0x0000
[68] [M]: 0x0000000080000110 (0x00000013) addi x0, x0, 0x0                          rvtest_entry_point+272

mem[X,0x0000000080000114] -> 0x0013
mem[X,0x0000000080000116] -> 0x0000
[69] [M]: 0x0000000080000114 (0x00000013) addi x0, x0, 0x0                          rvtest_entry_point+276

clint mtime 0x0000000000000023 (mip.MTI <- 0b1, mip.STI <- 0b0)
mem[X,0x0000000080000118] -> 0x0013
mem[X,0x000000008000011A] -> 0x0000
[70] [M]: 0x0000000080000118 (0x00000013) addi x0, x0, 0x0                          rvtest_entry_point+280

mem[X,0x000000008000011C] -> 0x0013
mem[X,0x000000008000011E] -> 0x0000
[71] [M]: 0x000000008000011C (0x00000013) addi x0, x0, 0x0                          rvtest_entry_point+284

clint mtime 0x0000000000000024 (mip.MTI <- 0b1, mip.STI <- 0b0)
mem[X,0x0000000080000120] -> 0x0013
mem[X,0x0000000080000122] -> 0x0000
[72] [M]: 0x0000000080000120 (0x00000013) addi x0, x0, 0x0                          rvtest_entry_point+288

mem[X,0x0000000080000124] -> 0x0013
mem[X,0x0000000080000126] -> 0x0000
[73] [M]: 0x0000000080000124 (0x00000013) addi x0, x0, 0x0                          rvtest_entry_point+292

clint mtime 0x0000000000000025 (mip.MTI <- 0b1, mip.STI <- 0b0)
mem[X,0x0000000080000128] -> 0x0013
mem[X,0x000000008000012A] -> 0x0000
[74] [M]: 0x0000000080000128 (0x00000013) addi x0, x0, 0x0                          rvtest_entry_point+296

mem[X,0x000000008000012C] -> 0x0013
mem[X,0x000000008000012E] -> 0x0000
[75] [M]: 0x000000008000012C (0x00000013) addi x0, x0, 0x0                          rvtest_entry_point+300

clint mtime 0x0000000000000026 (mip.MTI <- 0b1, mip.STI <- 0b0)
mem[X,0x0000000080000130] -> 0x0013
mem[X,0x0000000080000132] -> 0x0000
[76] [M]: 0x0000000080000130 (0x00000013) addi x0, x0, 0x0                          rvtest_entry_point+304

mem[X,0x0000000080000134] -> 0x0013
mem[X,0x0000000080000136] -> 0x0000
[77] [M]: 0x0000000080000134 (0x00000013) addi x0, x0, 0x0                          rvtest_entry_point+308

clint mtime 0x0000000000000027 (mip.MTI <- 0b1, mip.STI <- 0b0)
mem[X,0x0000000080000138] -> 0x0013
mem[X,0x000000008000013A] -> 0x0000
[78] [M]: 0x0000000080000138 (0x00000013) addi x0, x0, 0x0                          rvtest_entry_point+312

mem[X,0x000000008000013C] -> 0x0013
mem[X,0x000000008000013E] -> 0x0000
[79] [M]: 0x000000008000013C (0x00000013) addi x0, x0, 0x0                          rvtest_entry_point+316

clint mtime 0x0000000000000028 (mip.MTI <- 0b1, mip.STI <- 0b0)
mem[X,0x0000000080000140] -> 0x0013
mem[X,0x0000000080000142] -> 0x0000
[80] [M]: 0x0000000080000140 (0x00000013) addi x0, x0, 0x0                          rvtest_entry_point+320

mem[X,0x0000000080000144] -> 0x0013
mem[X,0x0000000080000146] -> 0x0000
[81] [M]: 0x0000000080000144 (0x00000013) addi x0, x0, 0x0                          rvtest_entry_point+324

clint mtime 0x0000000000000029 (mip.MTI <- 0b1, mip.STI <- 0b0)
mem[X,0x0000000080000148] -> 0x0013
mem[X,0x000000008000014A] -> 0x0000
[82] [M]: 0x0000000080000148 (0x00000013) addi x0, x0, 0x0                          rvtest_entry_point+328

mem[X,0x000000008000014C] -> 0x0013
mem[X,0x000000008000014E] -> 0x0000
[83] [M]: 0x000000008000014C (0x00000013) addi x0, x0, 0x0                          rvtest_entry_point+332

clint mtime 0x000000000000002A (mip.MTI <- 0b1, mip.STI <- 0b0)
mem[X,0x0000000080000150] -> 0x0013
mem[X,0x0000000080000152] -> 0x0000
[84] [M]: 0x0000000080000150 (0x00000013) addi x0, x0, 0x0                          rvtest_entry_point+336

mem[X,0x0000000080000154] -> 0x0013
mem[X,0x0000000080000156] -> 0x0000
[85] [M]: 0x0000000080000154 (0x00000013) addi x0, x0, 0x0                          rvtest_entry_point+340

clint mtime 0x000000000000002B (mip.MTI <- 0b1, mip.STI <- 0b0)
mem[X,0x0000000080000158] -> 0x0013
mem[X,0x000000008000015A] -> 0x0000
[86] [M]: 0x0000000080000158 (0x00000013) addi x0, x0, 0x0                          rvtest_entry_point+344

mem[X,0x000000008000015C] -> 0x0013
mem[X,0x000000008000015E] -> 0x0000
[87] [M]: 0x000000008000015C (0x00000013) addi x0, x0, 0x0                          rvtest_entry_point+348

clint mtime 0x000000000000002C (mip.MTI <- 0b1, mip.STI <- 0b0)
mem[X,0x0000000080000160] -> 0x0013
mem[X,0x0000000080000162] -> 0x0000
[88] [M]: 0x0000000080000160 (0x00000013) addi x0, x0, 0x0                          rvtest_entry_point+352

mem[X,0x0000000080000164] -> 0x0013
mem[X,0x0000000080000166] -> 0x0000
[89] [M]: 0x0000000080000164 (0x00000013) addi x0, x0, 0x0                          rvtest_entry_point+356

clint mtime 0x000000000000002D (mip.MTI <- 0b1, mip.STI <- 0b0)
mem[X,0x0000000080000168] -> 0x0013
mem[X,0x000000008000016A] -> 0x0000
[90] [M]: 0x0000000080000168 (0x00000013) addi x0, x0, 0x0                          rvtest_entry_point+360

mem[X,0x000000008000016C] -> 0x0013
mem[X,0x000000008000016E] -> 0x0000
[91] [M]: 0x000000008000016C (0x00000013) addi x0, x0, 0x0                          rvtest_entry_point+364

clint mtime 0x000000000000002E (mip.MTI <- 0b1, mip.STI <- 0b0)
mem[X,0x0000000080000170] -> 0x0013
mem[X,0x0000000080000172] -> 0x0000
[92] [M]: 0x0000000080000170 (0x00000013) addi x0, x0, 0x0                          rvtest_entry_point+368

mem[X,0x0000000080000174] -> 0x0013
mem[X,0x0000000080000176] -> 0x0000
[93] [M]: 0x0000000080000174 (0x00000013) addi x0, x0, 0x0                          rvtest_entry_point+372

clint mtime 0x000000000000002F (mip.MTI <- 0b1, mip.STI <- 0b0)
mem[X,0x0000000080000178] -> 0x0013
mem[X,0x000000008000017A] -> 0x0000
[94] [M]: 0x0000000080000178 (0x00000013) addi x0, x0, 0x0                          rvtest_entry_point+376

mem[X,0x000000008000017C] -> 0x0013
mem[X,0x000000008000017E] -> 0x0000
[95] [M]: 0x000000008000017C (0x00000013) addi x0, x0, 0x0                          rvtest_entry_point+380

clint mtime 0x0000000000000030 (mip.MTI <- 0b1, mip.STI <- 0b0)
mem[X,0x0000000080000180] -> 0x0013
mem[X,0x0000000080000182] -> 0x0000
[96] [M]: 0x0000000080000180 (0x00000013) addi x0, x0, 0x0                          rvtest_entry_point+384

mem[X,0x0000000080000184] -> 0x0013
mem[X,0x0000000080000186] -> 0x0000
[97] [M]: 0x0000000080000184 (0x00000013) addi x0, x0, 0x0                          rvtest_entry_point+388

clint mtime 0x0000000000000031 (mip.MTI <- 0b1, mip.STI <- 0b0)
mem[X,0x0000000080000188] -> 0x0013
mem[X,0x000000008000018A] -> 0x0000
[98] [M]: 0x0000000080000188 (0x00000013) addi x0, x0, 0x0                          rvtest_entry_point+392

mem[X,0x000000008000018C] -> 0x0013
mem[X,0x000000008000018E] -> 0x0000
[99] [M]: 0x000000008000018C (0x00000013) addi x0, x0, 0x0                          rvtest_entry_point+396

clint mtime 0x0000000000000032 (mip.MTI <- 0b1, mip.STI <- 0b0)
mem[X,0x0000000080000190] -> 0x0013
mem[X,0x0000000080000192] -> 0x0000
[100] [M]: 0x0000000080000190 (0x00000013) addi x0, x0, 0x0                         rvtest_entry_point+400

mem[X,0x0000000080000194] -> 0x0013
mem[X,0x0000000080000196] -> 0x0000
[101] [M]: 0x0000000080000194 (0x00000013) addi x0, x0, 0x0                         rvtest_entry_point+404

clint mtime 0x0000000000000033 (mip.MTI <- 0b1, mip.STI <- 0b0)
mem[X,0x0000000080000198] -> 0x0013
mem[X,0x000000008000019A] -> 0x0000
[102] [M]: 0x0000000080000198 (0x00000013) addi x0, x0, 0x0                         rvtest_entry_point+408

mem[X,0x000000008000019C] -> 0x0013
mem[X,0x000000008000019E] -> 0x0000
[103] [M]: 0x000000008000019C (0x00000013) addi x0, x0, 0x0                         rvtest_entry_point+412

clint mtime 0x0000000000000034 (mip.MTI <- 0b1, mip.STI <- 0b0)
mem[X,0x00000000800001A0] -> 0x0013
mem[X,0x00000000800001A2] -> 0x0000
[104] [M]: 0x00000000800001A0 (0x00000013) addi x0, x0, 0x0                         rvtest_entry_point+416

mem[X,0x00000000800001A4] -> 0x0013
mem[X,0x00000000800001A6] -> 0x0000
[105] [M]: 0x00000000800001A4 (0x00000013) addi x0, x0, 0x0                         rvtest_entry_point+420

clint mtime 0x0000000000000035 (mip.MTI <- 0b1, mip.STI <- 0b0)
mem[X,0x00000000800001A8] -> 0x0013
mem[X,0x00000000800001AA] -> 0x0000
[106] [M]: 0x00000000800001A8 (0x00000013) addi x0, x0, 0x0                         rvtest_entry_point+424

mem[X,0x00000000800001AC] -> 0x0013
mem[X,0x00000000800001AE] -> 0x0000
[107] [M]: 0x00000000800001AC (0x00000013) addi x0, x0, 0x0                         rvtest_entry_point+428

clint mtime 0x0000000000000036 (mip.MTI <- 0b1, mip.STI <- 0b0)
mem[X,0x00000000800001B0] -> 0x0013
mem[X,0x00000000800001B2] -> 0x0000
[108] [M]: 0x00000000800001B0 (0x00000013) addi x0, x0, 0x0                         rvtest_entry_point+432

mem[X,0x00000000800001B4] -> 0x0013
mem[X,0x00000000800001B6] -> 0x0000
[109] [M]: 0x00000000800001B4 (0x00000013) addi x0, x0, 0x0                         rvtest_entry_point+436

clint mtime 0x0000000000000037 (mip.MTI <- 0b1, mip.STI <- 0b0)
mem[X,0x00000000800001B8] -> 0x0013
mem[X,0x00000000800001BA] -> 0x0000
[110] [M]: 0x00000000800001B8 (0x00000013) addi x0, x0, 0x0                         rvtest_entry_point+440

mem[X,0x00000000800001BC] -> 0x0013
mem[X,0x00000000800001BE] -> 0x0000
[111] [M]: 0x00000000800001BC (0x00000013) addi x0, x0, 0x0                         rvtest_entry_point+444

clint mtime 0x0000000000000038 (mip.MTI <- 0b1, mip.STI <- 0b0)
mem[X,0x00000000800001C0] -> 0x0013
mem[X,0x00000000800001C2] -> 0x0000
[112] [M]: 0x00000000800001C0 (0x00000013) addi x0, x0, 0x0                         rvtest_entry_point+448

mem[X,0x00000000800001C4] -> 0x0013
mem[X,0x00000000800001C6] -> 0x0000
[113] [M]: 0x00000000800001C4 (0x00000013) addi x0, x0, 0x0                         rvtest_entry_point+452

clint mtime 0x0000000000000039 (mip.MTI <- 0b1, mip.STI <- 0b0)
mem[X,0x00000000800001C8] -> 0x0013
mem[X,0x00000000800001CA] -> 0x0000
[114] [M]: 0x00000000800001C8 (0x00000013) addi x0, x0, 0x0                         rvtest_entry_point+456

mem[X,0x00000000800001CC] -> 0x0013
mem[X,0x00000000800001CE] -> 0x0000
[115] [M]: 0x00000000800001CC (0x00000013) addi x0, x0, 0x0                         rvtest_entry_point+460

clint mtime 0x000000000000003A (mip.MTI <- 0b1, mip.STI <- 0b0)
mem[X,0x00000000800001D0] -> 0x0013
mem[X,0x00000000800001D2] -> 0x0000
[116] [M]: 0x00000000800001D0 (0x00000013) addi x0, x0, 0x0                         rvtest_entry_point+464

mem[X,0x00000000800001D4] -> 0x0013
mem[X,0x00000000800001D6] -> 0x0000
[117] [M]: 0x00000000800001D4 (0x00000013) addi x0, x0, 0x0                         rvtest_entry_point+468

clint mtime 0x000000000000003B (mip.MTI <- 0b1, mip.STI <- 0b0)
mem[X,0x00000000800001D8] -> 0x0013
mem[X,0x00000000800001DA] -> 0x0000
[118] [M]: 0x00000000800001D8 (0x00000013) addi x0, x0, 0x0                         rvtest_entry_point+472

mem[X,0x00000000800001DC] -> 0x0013
mem[X,0x00000000800001DE] -> 0x0000
[119] [M]: 0x00000000800001DC (0x00000013) addi x0, x0, 0x0                         rvtest_entry_point+476

clint mtime 0x000000000000003C (mip.MTI <- 0b1, mip.STI <- 0b0)
mem[X,0x00000000800001E0] -> 0x0013
mem[X,0x00000000800001E2] -> 0x0000
[120] [M]: 0x00000000800001E0 (0x00000013) addi x0, x0, 0x0                         rvtest_entry_point+480

mem[X,0x00000000800001E4] -> 0x0013
mem[X,0x00000000800001E6] -> 0x0000
[121] [M]: 0x00000000800001E4 (0x00000013) addi x0, x0, 0x0                         rvtest_entry_point+484

clint mtime 0x000000000000003D (mip.MTI <- 0b1, mip.STI <- 0b0)
mem[X,0x00000000800001E8] -> 0x0013
mem[X,0x00000000800001EA] -> 0x0000
[122] [M]: 0x00000000800001E8 (0x00000013) addi x0, x0, 0x0                         rvtest_entry_point+488

mem[X,0x00000000800001EC] -> 0x0013
mem[X,0x00000000800001EE] -> 0x0000
[123] [M]: 0x00000000800001EC (0x00000013) addi x0, x0, 0x0                         rvtest_entry_point+492

clint mtime 0x000000000000003E (mip.MTI <- 0b1, mip.STI <- 0b0)
mem[X,0x00000000800001F0] -> 0x0013
mem[X,0x00000000800001F2] -> 0x0000
[124] [M]: 0x00000000800001F0 (0x00000013) addi x0, x0, 0x0                         rvtest_entry_point+496

mem[X,0x00000000800001F4] -> 0x0013
mem[X,0x00000000800001F6] -> 0x0000
[125] [M]: 0x00000000800001F4 (0x00000013) addi x0, x0, 0x0                         rvtest_entry_point+500

clint mtime 0x000000000000003F (mip.MTI <- 0b1, mip.STI <- 0b0)
mem[X,0x00000000800001F8] -> 0x0013
mem[X,0x00000000800001FA] -> 0x0000
[126] [M]: 0x00000000800001F8 (0x00000013) addi x0, x0, 0x0                         rvtest_entry_point+504

mem[X,0x00000000800001FC] -> 0x0013
mem[X,0x00000000800001FE] -> 0x0000
[127] [M]: 0x00000000800001FC (0x00000013) addi x0, x0, 0x0                         rvtest_entry_point+508

clint mtime 0x0000000000000040 (mip.MTI <- 0b1, mip.STI <- 0b0)
mem[X,0x0000000080000200] -> 0x0013
mem[X,0x0000000080000202] -> 0x0000
[128] [M]: 0x0000000080000200 (0x00000013) addi x0, x0, 0x0                         rvtest_entry_point+512

mem[X,0x0000000080000204] -> 0x0013
mem[X,0x0000000080000206] -> 0x0000
[129] [M]: 0x0000000080000204 (0x00000013) addi x0, x0, 0x0                         rvtest_entry_point+516

clint mtime 0x0000000000000041 (mip.MTI <- 0b1, mip.STI <- 0b0)
mem[X,0x0000000080000208] -> 0x0013
mem[X,0x000000008000020A] -> 0x0000
[130] [M]: 0x0000000080000208 (0x00000013) addi x0, x0, 0x0                         rvtest_entry_point+520

mem[X,0x000000008000020C] -> 0x0013
mem[X,0x000000008000020E] -> 0x0000
[131] [M]: 0x000000008000020C (0x00000013) addi x0, x0, 0x0                         rvtest_entry_point+524

clint mtime 0x0000000000000042 (mip.MTI <- 0b1, mip.STI <- 0b0)
mem[X,0x0000000080000210] -> 0x0013
mem[X,0x0000000080000212] -> 0x0000
[132] [M]: 0x0000000080000210 (0x00000013) addi x0, x0, 0x0                         rvtest_entry_point+528

mem[X,0x0000000080000214] -> 0x0013
mem[X,0x0000000080000216] -> 0x0000
[133] [M]: 0x0000000080000214 (0x00000013) addi x0, x0, 0x0                         rvtest_entry_point+532

clint mtime 0x0000000000000043 (mip.MTI <- 0b1, mip.STI <- 0b0)
mem[X,0x0000000080000218] -> 0x0013
mem[X,0x000000008000021A] -> 0x0000
[134] [M]: 0x0000000080000218 (0x00000013) addi x0, x0, 0x0                         rvtest_entry_point+536

mem[X,0x000000008000021C] -> 0x0013
mem[X,0x000000008000021E] -> 0x0000
[135] [M]: 0x000000008000021C (0x00000013) addi x0, x0, 0x0                         rvtest_entry_point+540

clint mtime 0x0000000000000044 (mip.MTI <- 0b1, mip.STI <- 0b0)
mem[X,0x0000000080000220] -> 0x0013
mem[X,0x0000000080000222] -> 0x0000
[136] [M]: 0x0000000080000220 (0x00000013) addi x0, x0, 0x0                         rvtest_entry_point+544

mem[X,0x0000000080000224] -> 0x0013
mem[X,0x0000000080000226] -> 0x0000
[137] [M]: 0x0000000080000224 (0x00000013) addi x0, x0, 0x0                         rvtest_entry_point+548

clint mtime 0x0000000000000045 (mip.MTI <- 0b1, mip.STI <- 0b0)
mem[X,0x0000000080000228] -> 0x0013
mem[X,0x000000008000022A] -> 0x0000
[138] [M]: 0x0000000080000228 (0x00000013) addi x0, x0, 0x0                         rvtest_entry_point+552

mem[X,0x000000008000022C] -> 0x0013
mem[X,0x000000008000022E] -> 0x0000
[139] [M]: 0x000000008000022C (0x00000013) addi x0, x0, 0x0                         rvtest_entry_point+556

clint mtime 0x0000000000000046 (mip.MTI <- 0b1, mip.STI <- 0b0)
mem[X,0x0000000080000230] -> 0x0013
mem[X,0x0000000080000232] -> 0x0000
[140] [M]: 0x0000000080000230 (0x00000013) addi x0, x0, 0x0                         rvtest_entry_point+560

mem[X,0x0000000080000234] -> 0x0013
mem[X,0x0000000080000236] -> 0x0000
[141] [M]: 0x0000000080000234 (0x00000013) addi x0, x0, 0x0                         rvtest_entry_point+564

clint mtime 0x0000000000000047 (mip.MTI <- 0b1, mip.STI <- 0b0)
mem[X,0x0000000080000238] -> 0x0013
mem[X,0x000000008000023A] -> 0x0000
[142] [M]: 0x0000000080000238 (0x00000013) addi x0, x0, 0x0                         rvtest_entry_point+568

mem[X,0x000000008000023C] -> 0x0013
mem[X,0x000000008000023E] -> 0x0000
[143] [M]: 0x000000008000023C (0x00000013) addi x0, x0, 0x0                         rvtest_entry_point+572

clint mtime 0x0000000000000048 (mip.MTI <- 0b1, mip.STI <- 0b0)
mem[X,0x0000000080000240] -> 0x0013
mem[X,0x0000000080000242] -> 0x0000
[144] [M]: 0x0000000080000240 (0x00000013) addi x0, x0, 0x0                         rvtest_entry_point+576

mem[X,0x0000000080000244] -> 0x0013
mem[X,0x0000000080000246] -> 0x0000
[145] [M]: 0x0000000080000244 (0x00000013) addi x0, x0, 0x0                         rvtest_entry_point+580

clint mtime 0x0000000000000049 (mip.MTI <- 0b1, mip.STI <- 0b0)
mem[X,0x0000000080000248] -> 0x0013
mem[X,0x000000008000024A] -> 0x0000
[146] [M]: 0x0000000080000248 (0x00000013) addi x0, x0, 0x0                         rvtest_entry_point+584

mem[X,0x000000008000024C] -> 0x0013
mem[X,0x000000008000024E] -> 0x0000
[147] [M]: 0x000000008000024C (0x00000013) addi x0, x0, 0x0                         rvtest_entry_point+588

clint mtime 0x000000000000004A (mip.MTI <- 0b1, mip.STI <- 0b0)
mem[X,0x0000000080000250] -> 0x0013
mem[X,0x0000000080000252] -> 0x0000
[148] [M]: 0x0000000080000250 (0x00000013) addi x0, x0, 0x0                         rvtest_entry_point+592

mem[X,0x0000000080000254] -> 0x0013
mem[X,0x0000000080000256] -> 0x0000
[149] [M]: 0x0000000080000254 (0x00000013) addi x0, x0, 0x0                         rvtest_entry_point+596

clint mtime 0x000000000000004B (mip.MTI <- 0b1, mip.STI <- 0b0)
mem[X,0x0000000080000258] -> 0x0013
mem[X,0x000000008000025A] -> 0x0000
[150] [M]: 0x0000000080000258 (0x00000013) addi x0, x0, 0x0                         rvtest_entry_point+600

mem[X,0x000000008000025C] -> 0x0013
mem[X,0x000000008000025E] -> 0x0000
[151] [M]: 0x000000008000025C (0x00000013) addi x0, x0, 0x0                         rvtest_entry_point+604

clint mtime 0x000000000000004C (mip.MTI <- 0b1, mip.STI <- 0b0)
mem[X,0x0000000080000260] -> 0x0013
mem[X,0x0000000080000262] -> 0x0000
[152] [M]: 0x0000000080000260 (0x00000013) addi x0, x0, 0x0                         rvtest_entry_point+608

mem[X,0x0000000080000264] -> 0x0013
mem[X,0x0000000080000266] -> 0x0000
[153] [M]: 0x0000000080000264 (0x00000013) addi x0, x0, 0x0                         rvtest_entry_point+612

clint mtime 0x000000000000004D (mip.MTI <- 0b1, mip.STI <- 0b0)
mem[X,0x0000000080000268] -> 0x0013
mem[X,0x000000008000026A] -> 0x0000
[154] [M]: 0x0000000080000268 (0x00000013) addi x0, x0, 0x0                         rvtest_entry_point+616

mem[X,0x000000008000026C] -> 0x0013
mem[X,0x000000008000026E] -> 0x0000
[155] [M]: 0x000000008000026C (0x00000013) addi x0, x0, 0x0                         rvtest_entry_point+620

clint mtime 0x000000000000004E (mip.MTI <- 0b1, mip.STI <- 0b0)
mem[X,0x0000000080000270] -> 0x0013
mem[X,0x0000000080000272] -> 0x0000
[156] [M]: 0x0000000080000270 (0x00000013) addi x0, x0, 0x0                         rvtest_entry_point+624

mem[X,0x0000000080000274] -> 0x0013
mem[X,0x0000000080000276] -> 0x0000
[157] [M]: 0x0000000080000274 (0x00000013) addi x0, x0, 0x0                         rvtest_entry_point+628

clint mtime 0x000000000000004F (mip.MTI <- 0b1, mip.STI <- 0b0)
mem[X,0x0000000080000278] -> 0x0013
mem[X,0x000000008000027A] -> 0x0000
[158] [M]: 0x0000000080000278 (0x00000013) addi x0, x0, 0x0                         rvtest_entry_point+632

mem[X,0x000000008000027C] -> 0x0013
mem[X,0x000000008000027E] -> 0x0000
[159] [M]: 0x000000008000027C (0x00000013) addi x0, x0, 0x0                         rvtest_entry_point+636

clint mtime 0x0000000000000050 (mip.MTI <- 0b1, mip.STI <- 0b0)
mem[X,0x0000000080000280] -> 0x0013
mem[X,0x0000000080000282] -> 0x0000
[160] [M]: 0x0000000080000280 (0x00000013) addi x0, x0, 0x0                         rvtest_entry_point+640

mem[X,0x0000000080000284] -> 0x0013
mem[X,0x0000000080000286] -> 0x0000
[161] [M]: 0x0000000080000284 (0x00000013) addi x0, x0, 0x0                         rvtest_entry_point+644

clint mtime 0x0000000000000051 (mip.MTI <- 0b1, mip.STI <- 0b0)
mem[X,0x0000000080000288] -> 0x0013
mem[X,0x000000008000028A] -> 0x0000
[162] [M]: 0x0000000080000288 (0x00000013) addi x0, x0, 0x0                         rvtest_entry_point+648

mem[X,0x000000008000028C] -> 0x0013
mem[X,0x000000008000028E] -> 0x0000
[163] [M]: 0x000000008000028C (0x00000013) addi x0, x0, 0x0                         rvtest_entry_point+652

clint mtime 0x0000000000000052 (mip.MTI <- 0b1, mip.STI <- 0b0)
mem[X,0x0000000080000290] -> 0x0013
mem[X,0x0000000080000292] -> 0x0000
[164] [M]: 0x0000000080000290 (0x00000013) addi x0, x0, 0x0                         rvtest_entry_point+656

mem[X,0x0000000080000294] -> 0x0013
mem[X,0x0000000080000296] -> 0x0000
[165] [M]: 0x0000000080000294 (0x00000013) addi x0, x0, 0x0                         rvtest_entry_point+660

clint mtime 0x0000000000000053 (mip.MTI <- 0b1, mip.STI <- 0b0)
mem[X,0x0000000080000298] -> 0x0013
mem[X,0x000000008000029A] -> 0x0000
[166] [M]: 0x0000000080000298 (0x00000013) addi x0, x0, 0x0                         rvtest_entry_point+664

mem[X,0x000000008000029C] -> 0x0013
mem[X,0x000000008000029E] -> 0x0000
[167] [M]: 0x000000008000029C (0x00000013) addi x0, x0, 0x0                         rvtest_entry_point+668

clint mtime 0x0000000000000054 (mip.MTI <- 0b1, mip.STI <- 0b0)
mem[X,0x00000000800002A0] -> 0x0013
mem[X,0x00000000800002A2] -> 0x0000
[168] [M]: 0x00000000800002A0 (0x00000013) addi x0, x0, 0x0                         rvtest_entry_point+672

mem[X,0x00000000800002A4] -> 0x0013
mem[X,0x00000000800002A6] -> 0x0000
[169] [M]: 0x00000000800002A4 (0x00000013) addi x0, x0, 0x0                         rvtest_entry_point+676

clint mtime 0x0000000000000055 (mip.MTI <- 0b1, mip.STI <- 0b0)
mem[X,0x00000000800002A8] -> 0x0013
mem[X,0x00000000800002AA] -> 0x0000
[170] [M]: 0x00000000800002A8 (0x00000013) addi x0, x0, 0x0                         rvtest_entry_point+680

mem[X,0x00000000800002AC] -> 0x0013
mem[X,0x00000000800002AE] -> 0x0000
[171] [M]: 0x00000000800002AC (0x00000013) addi x0, x0, 0x0                         rvtest_entry_point+684

clint mtime 0x0000000000000056 (mip.MTI <- 0b1, mip.STI <- 0b0)
mem[X,0x00000000800002B0] -> 0x0013
mem[X,0x00000000800002B2] -> 0x0000
[172] [M]: 0x00000000800002B0 (0x00000013) addi x0, x0, 0x0                         rvtest_entry_point+688

mem[X,0x00000000800002B4] -> 0x0013
mem[X,0x00000000800002B6] -> 0x0000
[173] [M]: 0x00000000800002B4 (0x00000013) addi x0, x0, 0x0                         rvtest_entry_point+692

clint mtime 0x0000000000000057 (mip.MTI <- 0b1, mip.STI <- 0b0)
mem[X,0x00000000800002B8] -> 0x0013
mem[X,0x00000000800002BA] -> 0x0000
[174] [M]: 0x00000000800002B8 (0x00000013) addi x0, x0, 0x0                         rvtest_entry_point+696

mem[X,0x00000000800002BC] -> 0x0013
mem[X,0x00000000800002BE] -> 0x0000
[175] [M]: 0x00000000800002BC (0x00000013) addi x0, x0, 0x0                         rvtest_entry_point+700

clint mtime 0x0000000000000058 (mip.MTI <- 0b1, mip.STI <- 0b0)
mem[X,0x00000000800002C0] -> 0x0013
mem[X,0x00000000800002C2] -> 0x0000
[176] [M]: 0x00000000800002C0 (0x00000013) addi x0, x0, 0x0                         rvtest_entry_point+704

mem[X,0x00000000800002C4] -> 0x0013
mem[X,0x00000000800002C6] -> 0x0000
[177] [M]: 0x00000000800002C4 (0x00000013) addi x0, x0, 0x0                         rvtest_entry_point+708

clint mtime 0x0000000000000059 (mip.MTI <- 0b1, mip.STI <- 0b0)
mem[X,0x00000000800002C8] -> 0x0013
mem[X,0x00000000800002CA] -> 0x0000
[178] [M]: 0x00000000800002C8 (0x00000013) addi x0, x0, 0x0                         rvtest_entry_point+712

mem[X,0x00000000800002CC] -> 0x0013
mem[X,0x00000000800002CE] -> 0x0000
[179] [M]: 0x00000000800002CC (0x00000013) addi x0, x0, 0x0                         rvtest_entry_point+716

clint mtime 0x000000000000005A (mip.MTI <- 0b1, mip.STI <- 0b0)
mem[X,0x00000000800002D0] -> 0x0013
mem[X,0x00000000800002D2] -> 0x0000
[180] [M]: 0x00000000800002D0 (0x00000013) addi x0, x0, 0x0                         rvtest_entry_point+720

mem[X,0x00000000800002D4] -> 0x0013
mem[X,0x00000000800002D6] -> 0x0000
[181] [M]: 0x00000000800002D4 (0x00000013) addi x0, x0, 0x0                         rvtest_entry_point+724

clint mtime 0x000000000000005B (mip.MTI <- 0b1, mip.STI <- 0b0)
mem[X,0x00000000800002D8] -> 0x0013
mem[X,0x00000000800002DA] -> 0x0000
[182] [M]: 0x00000000800002D8 (0x00000013) addi x0, x0, 0x0                         rvtest_entry_point+728

mem[X,0x00000000800002DC] -> 0x0013
mem[X,0x00000000800002DE] -> 0x0000
[183] [M]: 0x00000000800002DC (0x00000013) addi x0, x0, 0x0                         rvtest_entry_point+732

clint mtime 0x000000000000005C (mip.MTI <- 0b1, mip.STI <- 0b0)
mem[X,0x00000000800002E0] -> 0x0013
mem[X,0x00000000800002E2] -> 0x0000
[184] [M]: 0x00000000800002E0 (0x00000013) addi x0, x0, 0x0                         rvtest_entry_point+736

mem[X,0x00000000800002E4] -> 0x0013
mem[X,0x00000000800002E6] -> 0x0000
[185] [M]: 0x00000000800002E4 (0x00000013) addi x0, x0, 0x0                         rvtest_entry_point+740

clint mtime 0x000000000000005D (mip.MTI <- 0b1, mip.STI <- 0b0)
mem[X,0x00000000800002E8] -> 0x0013
mem[X,0x00000000800002EA] -> 0x0000
[186] [M]: 0x00000000800002E8 (0x00000013) addi x0, x0, 0x0                         rvtest_entry_point+744

mem[X,0x00000000800002EC] -> 0x0013
mem[X,0x00000000800002EE] -> 0x0000
[187] [M]: 0x00000000800002EC (0x00000013) addi x0, x0, 0x0                         rvtest_entry_point+748

clint mtime 0x000000000000005E (mip.MTI <- 0b1, mip.STI <- 0b0)
mem[X,0x00000000800002F0] -> 0x0013
mem[X,0x00000000800002F2] -> 0x0000
[188] [M]: 0x00000000800002F0 (0x00000013) addi x0, x0, 0x0                         rvtest_entry_point+752

mem[X,0x00000000800002F4] -> 0x0013
mem[X,0x00000000800002F6] -> 0x0000
[189] [M]: 0x00000000800002F4 (0x00000013) addi x0, x0, 0x0                         rvtest_entry_point+756

clint mtime 0x000000000000005F (mip.MTI <- 0b1, mip.STI <- 0b0)
mem[X,0x00000000800002F8] -> 0x0013
mem[X,0x00000000800002FA] -> 0x0000
[190] [M]: 0x00000000800002F8 (0x00000013) addi x0, x0, 0x0                         rvtest_entry_point+760

mem[X,0x00000000800002FC] -> 0x0013
mem[X,0x00000000800002FE] -> 0x0000
[191] [M]: 0x00000000800002FC (0x00000013) addi x0, x0, 0x0                         rvtest_entry_point+764

clint mtime 0x0000000000000060 (mip.MTI <- 0b1, mip.STI <- 0b0)
mem[X,0x0000000080000300] -> 0x0013
mem[X,0x0000000080000302] -> 0x0000
[192] [M]: 0x0000000080000300 (0x00000013) addi x0, x0, 0x0                         rvtest_entry_point+768

mem[X,0x0000000080000304] -> 0x0013
mem[X,0x0000000080000306] -> 0x0000
[193] [M]: 0x0000000080000304 (0x00000013) addi x0, x0, 0x0                         rvtest_entry_point+772

clint mtime 0x0000000000000061 (mip.MTI <- 0b1, mip.STI <- 0b0)
mem[X,0x0000000080000308] -> 0x0013
mem[X,0x000000008000030A] -> 0x0000
[194] [M]: 0x0000000080000308 (0x00000013) addi x0, x0, 0x0                         rvtest_entry_point+776

mem[X,0x000000008000030C] -> 0x0013
mem[X,0x000000008000030E] -> 0x0000
[195] [M]: 0x000000008000030C (0x00000013) addi x0, x0, 0x0                         rvtest_entry_point+780

clint mtime 0x0000000000000062 (mip.MTI <- 0b1, mip.STI <- 0b0)
mem[X,0x0000000080000310] -> 0x0013
mem[X,0x0000000080000312] -> 0x0000
[196] [M]: 0x0000000080000310 (0x00000013) addi x0, x0, 0x0                         rvtest_entry_point+784

mem[X,0x0000000080000314] -> 0x0013
mem[X,0x0000000080000316] -> 0x0000
[197] [M]: 0x0000000080000314 (0x00000013) addi x0, x0, 0x0                         rvtest_entry_point+788

clint mtime 0x0000000000000063 (mip.MTI <- 0b1, mip.STI <- 0b0)
mem[X,0x0000000080000318] -> 0x0013
mem[X,0x000000008000031A] -> 0x0000
[198] [M]: 0x0000000080000318 (0x00000013) addi x0, x0, 0x0                         rvtest_entry_point+792

mem[X,0x000000008000031C] -> 0x0013
mem[X,0x000000008000031E] -> 0x0000
[199] [M]: 0x000000008000031C (0x00000013) addi x0, x0, 0x0                         rvtest_entry_point+796

clint mtime 0x0000000000000064 (mip.MTI <- 0b1, mip.STI <- 0b0)
mem[X,0x0000000080000320] -> 0x0013
mem[X,0x0000000080000322] -> 0x0000
[200] [M]: 0x0000000080000320 (0x00000013) addi x0, x0, 0x0                         rvtest_entry_point+800

mem[X,0x0000000080000324] -> 0x0013
mem[X,0x0000000080000326] -> 0x0000
[201] [M]: 0x0000000080000324 (0x00000013) addi x0, x0, 0x0                         rvtest_entry_point+804

clint mtime 0x0000000000000065 (mip.MTI <- 0b1, mip.STI <- 0b0)
mem[X,0x0000000080000328] -> 0x0013
mem[X,0x000000008000032A] -> 0x0000
[202] [M]: 0x0000000080000328 (0x00000013) addi x0, x0, 0x0                         rvtest_entry_point+808

mem[X,0x000000008000032C] -> 0x0013
mem[X,0x000000008000032E] -> 0x0000
[203] [M]: 0x000000008000032C (0x00000013) addi x0, x0, 0x0                         rvtest_entry_point+812

clint mtime 0x0000000000000066 (mip.MTI <- 0b1, mip.STI <- 0b0)
mem[X,0x0000000080000330] -> 0x0013
mem[X,0x0000000080000332] -> 0x0000
[204] [M]: 0x0000000080000330 (0x00000013) addi x0, x0, 0x0                         rvtest_entry_point+816

mem[X,0x0000000080000334] -> 0x0013
mem[X,0x0000000080000336] -> 0x0000
[205] [M]: 0x0000000080000334 (0x00000013) addi x0, x0, 0x0                         rvtest_entry_point+820

clint mtime 0x0000000000000067 (mip.MTI <- 0b1, mip.STI <- 0b0)
mem[X,0x0000000080000338] -> 0x0013
mem[X,0x000000008000033A] -> 0x0000
[206] [M]: 0x0000000080000338 (0x00000013) addi x0, x0, 0x0                         rvtest_entry_point+824

mem[X,0x000000008000033C] -> 0x0013
mem[X,0x000000008000033E] -> 0x0000
[207] [M]: 0x000000008000033C (0x00000013) addi x0, x0, 0x0                         rvtest_entry_point+828

clint mtime 0x0000000000000068 (mip.MTI <- 0b1, mip.STI <- 0b0)
mem[X,0x0000000080000340] -> 0x0013
mem[X,0x0000000080000342] -> 0x0000
[208] [M]: 0x0000000080000340 (0x00000013) addi x0, x0, 0x0                         rvtest_entry_point+832

mem[X,0x0000000080000344] -> 0x0013
mem[X,0x0000000080000346] -> 0x0000
[209] [M]: 0x0000000080000344 (0x00000013) addi x0, x0, 0x0                         rvtest_entry_point+836

clint mtime 0x0000000000000069 (mip.MTI <- 0b1, mip.STI <- 0b0)
mem[X,0x0000000080000348] -> 0x0013
mem[X,0x000000008000034A] -> 0x0000
[210] [M]: 0x0000000080000348 (0x00000013) addi x0, x0, 0x0                         rvtest_entry_point+840

mem[X,0x000000008000034C] -> 0x0013
mem[X,0x000000008000034E] -> 0x0000
[211] [M]: 0x000000008000034C (0x00000013) addi x0, x0, 0x0                         rvtest_entry_point+844

clint mtime 0x000000000000006A (mip.MTI <- 0b1, mip.STI <- 0b0)
mem[X,0x0000000080000350] -> 0x0013
mem[X,0x0000000080000352] -> 0x0000
[212] [M]: 0x0000000080000350 (0x00000013) addi x0, x0, 0x0                         rvtest_entry_point+848

mem[X,0x0000000080000354] -> 0x0013
mem[X,0x0000000080000356] -> 0x0000
[213] [M]: 0x0000000080000354 (0x00000013) addi x0, x0, 0x0                         rvtest_entry_point+852

clint mtime 0x000000000000006B (mip.MTI <- 0b1, mip.STI <- 0b0)
mem[X,0x0000000080000358] -> 0x0013
mem[X,0x000000008000035A] -> 0x0000
[214] [M]: 0x0000000080000358 (0x00000013) addi x0, x0, 0x0                         rvtest_entry_point+856

mem[X,0x000000008000035C] -> 0x0013
mem[X,0x000000008000035E] -> 0x0000
[215] [M]: 0x000000008000035C (0x00000013) addi x0, x0, 0x0                         rvtest_entry_point+860

clint mtime 0x000000000000006C (mip.MTI <- 0b1, mip.STI <- 0b0)
mem[X,0x0000000080000360] -> 0x0013
mem[X,0x0000000080000362] -> 0x0000
[216] [M]: 0x0000000080000360 (0x00000013) addi x0, x0, 0x0                         rvtest_entry_point+864

mem[X,0x0000000080000364] -> 0x0013
mem[X,0x0000000080000366] -> 0x0000
[217] [M]: 0x0000000080000364 (0x00000013) addi x0, x0, 0x0                         rvtest_entry_point+868

clint mtime 0x000000000000006D (mip.MTI <- 0b1, mip.STI <- 0b0)
mem[X,0x0000000080000368] -> 0x0013
mem[X,0x000000008000036A] -> 0x0000
[218] [M]: 0x0000000080000368 (0x00000013) addi x0, x0, 0x0                         rvtest_entry_point+872

mem[X,0x000000008000036C] -> 0x0013
mem[X,0x000000008000036E] -> 0x0000
[219] [M]: 0x000000008000036C (0x00000013) addi x0, x0, 0x0                         rvtest_entry_point+876

clint mtime 0x000000000000006E (mip.MTI <- 0b1, mip.STI <- 0b0)
mem[X,0x0000000080000370] -> 0x0013
mem[X,0x0000000080000372] -> 0x0000
[220] [M]: 0x0000000080000370 (0x00000013) addi x0, x0, 0x0                         rvtest_entry_point+880

mem[X,0x0000000080000374] -> 0x0013
mem[X,0x0000000080000376] -> 0x0000
[221] [M]: 0x0000000080000374 (0x00000013) addi x0, x0, 0x0                         rvtest_entry_point+884

clint mtime 0x000000000000006F (mip.MTI <- 0b1, mip.STI <- 0b0)
mem[X,0x0000000080000378] -> 0x0013
mem[X,0x000000008000037A] -> 0x0000
[222] [M]: 0x0000000080000378 (0x00000013) addi x0, x0, 0x0                         rvtest_entry_point+888

mem[X,0x000000008000037C] -> 0x0013
mem[X,0x000000008000037E] -> 0x0000
[223] [M]: 0x000000008000037C (0x00000013) addi x0, x0, 0x0                         rvtest_entry_point+892

clint mtime 0x0000000000000070 (mip.MTI <- 0b1, mip.STI <- 0b0)
mem[X,0x0000000080000380] -> 0x0013
mem[X,0x0000000080000382] -> 0x0000
[224] [M]: 0x0000000080000380 (0x00000013) addi x0, x0, 0x0                         rvtest_entry_point+896

mem[X,0x0000000080000384] -> 0x0013
mem[X,0x0000000080000386] -> 0x0000
[225] [M]: 0x0000000080000384 (0x00000013) addi x0, x0, 0x0                         rvtest_entry_point+900

clint mtime 0x0000000000000071 (mip.MTI <- 0b1, mip.STI <- 0b0)
mem[X,0x0000000080000388] -> 0x0013
mem[X,0x000000008000038A] -> 0x0000
[226] [M]: 0x0000000080000388 (0x00000013) addi x0, x0, 0x0                         rvtest_entry_point+904

mem[X,0x000000008000038C] -> 0x0013
mem[X,0x000000008000038E] -> 0x0000
[227] [M]: 0x000000008000038C (0x00000013) addi x0, x0, 0x0                         rvtest_entry_point+908

clint mtime 0x0000000000000072 (mip.MTI <- 0b1, mip.STI <- 0b0)
mem[X,0x0000000080000390] -> 0x0013
mem[X,0x0000000080000392] -> 0x0000
[228] [M]: 0x0000000080000390 (0x00000013) addi x0, x0, 0x0                         rvtest_entry_point+912

mem[X,0x0000000080000394] -> 0x0013
mem[X,0x0000000080000396] -> 0x0000
[229] [M]: 0x0000000080000394 (0x00000013) addi x0, x0, 0x0                         rvtest_entry_point+916

clint mtime 0x0000000000000073 (mip.MTI <- 0b1, mip.STI <- 0b0)
mem[X,0x0000000080000398] -> 0x0013
mem[X,0x000000008000039A] -> 0x0000
[230] [M]: 0x0000000080000398 (0x00000013) addi x0, x0, 0x0                         rvtest_entry_point+920

mem[X,0x000000008000039C] -> 0x0013
mem[X,0x000000008000039E] -> 0x0000
[231] [M]: 0x000000008000039C (0x00000013) addi x0, x0, 0x0                         rvtest_entry_point+924

clint mtime 0x0000000000000074 (mip.MTI <- 0b1, mip.STI <- 0b0)
mem[X,0x00000000800003A0] -> 0x0013
mem[X,0x00000000800003A2] -> 0x0000
[232] [M]: 0x00000000800003A0 (0x00000013) addi x0, x0, 0x0                         rvtest_entry_point+928

mem[X,0x00000000800003A4] -> 0x0013
mem[X,0x00000000800003A6] -> 0x0000
[233] [M]: 0x00000000800003A4 (0x00000013) addi x0, x0, 0x0                         rvtest_entry_point+932

clint mtime 0x0000000000000075 (mip.MTI <- 0b1, mip.STI <- 0b0)
mem[X,0x00000000800003A8] -> 0x0013
mem[X,0x00000000800003AA] -> 0x0000
[234] [M]: 0x00000000800003A8 (0x00000013) addi x0, x0, 0x0                         rvtest_entry_point+936

mem[X,0x00000000800003AC] -> 0x0013
mem[X,0x00000000800003AE] -> 0x0000
[235] [M]: 0x00000000800003AC (0x00000013) addi x0, x0, 0x0                         rvtest_entry_point+940

clint mtime 0x0000000000000076 (mip.MTI <- 0b1, mip.STI <- 0b0)
mem[X,0x00000000800003B0] -> 0x0013
mem[X,0x00000000800003B2] -> 0x0000
[236] [M]: 0x00000000800003B0 (0x00000013) addi x0, x0, 0x0                         rvtest_entry_point+944

mem[X,0x00000000800003B4] -> 0x0013
mem[X,0x00000000800003B6] -> 0x0000
[237] [M]: 0x00000000800003B4 (0x00000013) addi x0, x0, 0x0                         rvtest_entry_point+948

clint mtime 0x0000000000000077 (mip.MTI <- 0b1, mip.STI <- 0b0)
mem[X,0x00000000800003B8] -> 0x0013
mem[X,0x00000000800003BA] -> 0x0000
[238] [M]: 0x00000000800003B8 (0x00000013) addi x0, x0, 0x0                         rvtest_entry_point+952

mem[X,0x00000000800003BC] -> 0x0013
mem[X,0x00000000800003BE] -> 0x0000
[239] [M]: 0x00000000800003BC (0x00000013) addi x0, x0, 0x0                         rvtest_entry_point+956

clint mtime 0x0000000000000078 (mip.MTI <- 0b1, mip.STI <- 0b0)
mem[X,0x00000000800003C0] -> 0x0013
mem[X,0x00000000800003C2] -> 0x0000
[240] [M]: 0x00000000800003C0 (0x00000013) addi x0, x0, 0x0                         rvtest_entry_point+960

mem[X,0x00000000800003C4] -> 0x0013
mem[X,0x00000000800003C6] -> 0x0000
[241] [M]: 0x00000000800003C4 (0x00000013) addi x0, x0, 0x0                         rvtest_entry_point+964

clint mtime 0x0000000000000079 (mip.MTI <- 0b1, mip.STI <- 0b0)
mem[X,0x00000000800003C8] -> 0x0013
mem[X,0x00000000800003CA] -> 0x0000
[242] [M]: 0x00000000800003C8 (0x00000013) addi x0, x0, 0x0                         rvtest_entry_point+968

mem[X,0x00000000800003CC] -> 0x0013
mem[X,0x00000000800003CE] -> 0x0000
[243] [M]: 0x00000000800003CC (0x00000013) addi x0, x0, 0x0                         rvtest_entry_point+972

clint mtime 0x000000000000007A (mip.MTI <- 0b1, mip.STI <- 0b0)
mem[X,0x00000000800003D0] -> 0x0013
mem[X,0x00000000800003D2] -> 0x0000
[244] [M]: 0x00000000800003D0 (0x00000013) addi x0, x0, 0x0                         rvtest_entry_point+976

mem[X,0x00000000800003D4] -> 0x0013
mem[X,0x00000000800003D6] -> 0x0000
[245] [M]: 0x00000000800003D4 (0x00000013) addi x0, x0, 0x0                         rvtest_entry_point+980

clint mtime 0x000000000000007B (mip.MTI <- 0b1, mip.STI <- 0b0)
mem[X,0x00000000800003D8] -> 0x0013
mem[X,0x00000000800003DA] -> 0x0000
[246] [M]: 0x00000000800003D8 (0x00000013) addi x0, x0, 0x0                         rvtest_entry_point+984

mem[X,0x00000000800003DC] -> 0x0013
mem[X,0x00000000800003DE] -> 0x0000
[247] [M]: 0x00000000800003DC (0x00000013) addi x0, x0, 0x0                         rvtest_entry_point+988

clint mtime 0x000000000000007C (mip.MTI <- 0b1, mip.STI <- 0b0)
mem[X,0x00000000800003E0] -> 0x0013
mem[X,0x00000000800003E2] -> 0x0000
[248] [M]: 0x00000000800003E0 (0x00000013) addi x0, x0, 0x0                         rvtest_entry_point+992

mem[X,0x00000000800003E4] -> 0x0013
mem[X,0x00000000800003E6] -> 0x0000
[249] [M]: 0x00000000800003E4 (0x00000013) addi x0, x0, 0x0                         rvtest_entry_point+996

clint mtime 0x000000000000007D (mip.MTI <- 0b1, mip.STI <- 0b0)
mem[X,0x00000000800003E8] -> 0x0013
mem[X,0x00000000800003EA] -> 0x0000
[250] [M]: 0x00000000800003E8 (0x00000013) addi x0, x0, 0x0                         rvtest_entry_point+1000

mem[X,0x00000000800003EC] -> 0x0013
mem[X,0x00000000800003EE] -> 0x0000
[251] [M]: 0x00000000800003EC (0x00000013) addi x0, x0, 0x0                         rvtest_entry_point+1004

clint mtime 0x000000000000007E (mip.MTI <- 0b1, mip.STI <- 0b0)
mem[X,0x00000000800003F0] -> 0x0013
mem[X,0x00000000800003F2] -> 0x0000
[252] [M]: 0x00000000800003F0 (0x00000013) addi x0, x0, 0x0                         rvtest_entry_point+1008

mem[X,0x00000000800003F4] -> 0x0013
mem[X,0x00000000800003F6] -> 0x0000
[253] [M]: 0x00000000800003F4 (0x00000013) addi x0, x0, 0x0                         rvtest_entry_point+1012

clint mtime 0x000000000000007F (mip.MTI <- 0b1, mip.STI <- 0b0)
mem[X,0x00000000800003F8] -> 0x0013
mem[X,0x00000000800003FA] -> 0x0000
[254] [M]: 0x00000000800003F8 (0x00000013) addi x0, x0, 0x0                         rvtest_entry_point+1016

mem[X,0x00000000800003FC] -> 0x0013
mem[X,0x00000000800003FE] -> 0x0000
[255] [M]: 0x00000000800003FC (0x00000013) addi x0, x0, 0x0                         rvtest_entry_point+1020

clint mtime 0x0000000000000080 (mip.MTI <- 0b1, mip.STI <- 0b0)
mem[X,0x0000000080000400] -> 0x006F
mem[X,0x0000000080000402] -> 0x0240
[256] [M]: 0x0000000080000400 (0x0240006F) jal x0, 0x24                             rvtest_entry_point+1024

mem[X,0x0000000080000424] -> 0x0013
mem[X,0x0000000080000426] -> 0x0000
[257] [M]: 0x0000000080000424 (0x00000013) addi x0, x0, 0x0                         starting_point+0

clint mtime 0x0000000000000081 (mip.MTI <- 0b1, mip.STI <- 0b0)
mem[X,0x0000000080000428] -> 0x0013
mem[X,0x000000008000042A] -> 0x0000
[258] [M]: 0x0000000080000428 (0x00000013) addi x0, x0, 0x0                         starting_point+4

mem[X,0x000000008000042C] -> 0x0013
mem[X,0x000000008000042E] -> 0x0000
[259] [M]: 0x000000008000042C (0x00000013) addi x0, x0, 0x0                         starting_point+8

clint mtime 0x0000000000000082 (mip.MTI <- 0b1, mip.STI <- 0b0)
mem[X,0x0000000080000430] -> 0x0013
mem[X,0x0000000080000432] -> 0x0000
[260] [M]: 0x0000000080000430 (0x00000013) addi x0, x0, 0x0                         starting_point+12

mem[X,0x0000000080000434] -> 0x0013
mem[X,0x0000000080000436] -> 0x0000
[261] [M]: 0x0000000080000434 (0x00000013) addi x0, x0, 0x0                         starting_point+16

clint mtime 0x0000000000000083 (mip.MTI <- 0b1, mip.STI <- 0b0)
mem[X,0x0000000080000438] -> 0x0013
mem[X,0x000000008000043A] -> 0x0000
[262] [M]: 0x0000000080000438 (0x00000013) addi x0, x0, 0x0                         starting_point+20

mem[X,0x000000008000043C] -> 0x0013
mem[X,0x000000008000043E] -> 0x0000
[263] [M]: 0x000000008000043C (0x00000013) addi x0, x0, 0x0                         starting_point+24

clint mtime 0x0000000000000084 (mip.MTI <- 0b1, mip.STI <- 0b0)
mem[X,0x0000000080000440] -> 0x4317
mem[X,0x0000000080000442] -> 0x0000
[264] [M]: 0x0000000080000440 (0x00004317) auipc x6, 0x4                            rvtest_init+0
x6 <- 0x0000000080004440

mem[X,0x0000000080000444] -> 0x0313
mem[X,0x0000000080000446] -> 0xBC03
[265] [M]: 0x0000000080000444 (0xBC030313) addi x6, x6, -0x440                      rvtest_init+4
x6 <- 0x0000000080004000

clint mtime 0x0000000000000085 (mip.MTI <- 0b1, mip.STI <- 0b0)
mem[X,0x0000000080000448] -> 0x0013
mem[X,0x000000008000044A] -> 0x0000
[266] [M]: 0x0000000080000448 (0x00000013) addi x0, x0, 0x0                         rvtest_init+8

mem[X,0x000000008000044C] -> 0x0013
mem[X,0x000000008000044E] -> 0x0000
[267] [M]: 0x000000008000044C (0x00000013) addi x0, x0, 0x0                         rvtest_init+12

clint mtime 0x0000000000000086 (mip.MTI <- 0b1, mip.STI <- 0b0)
mem[X,0x0000000080000450] -> 0x0013
mem[X,0x0000000080000452] -> 0x0000
[268] [M]: 0x0000000080000450 (0x00000013) addi x0, x0, 0x0                         rvtest_init+16

mem[X,0x0000000080000454] -> 0x0013
mem[X,0x0000000080000456] -> 0x0000
[269] [M]: 0x0000000080000454 (0x00000013) addi x0, x0, 0x0                         rvtest_init+20

clint mtime 0x0000000000000087 (mip.MTI <- 0b1, mip.STI <- 0b0)
mem[X,0x0000000080000458] -> 0x0013
mem[X,0x000000008000045A] -> 0x0000
[270] [M]: 0x0000000080000458 (0x00000013) addi x0, x0, 0x0                         rvtest_init+24

mem[X,0x000000008000045C] -> 0x0013
mem[X,0x000000008000045E] -> 0x0000
[271] [M]: 0x000000008000045C (0x00000013) addi x0, x0, 0x0                         rvtest_init+28

clint mtime 0x0000000000000088 (mip.MTI <- 0b1, mip.STI <- 0b0)
mem[X,0x0000000080000460] -> 0x1473
mem[X,0x0000000080000462] -> 0x3403
[272] [M]: 0x0000000080000460 (0x34031473) csrrw x8, mscratch, x6                   init_Mscratch+0
CSR mscratch (0x340) <- 0x0000000080004000
x8 <- 0x0000000000000000

mem[X,0x0000000080000464] -> 0x3823
mem[X,0x0000000080000466] -> 0x2483
[273] [M]: 0x0000000080000464 (0x24833823) sd x8, 0x250(x6)                         init_Mscratch+4
mem[W,0x0000000080004250] <- 0x0000000000000000

clint mtime 0x0000000000000089 (mip.MTI <- 0b1, mip.STI <- 0b0)
mem[X,0x0000000080000468] -> 0x0393
mem[X,0x000000008000046A] -> 0x0000
[274] [M]: 0x0000000080000468 (0x00000393) addi x7, x0, 0x0                         init_Medeleg+0
x7 <- 0x0000000000000000

mem[X,0x000000008000046C] -> 0x93F3
mem[X,0x000000008000046E] -> 0x3023
[275] [M]: 0x000000008000046C (0x302393F3) csrrw x7, medeleg, x7                    init_Medeleg+4
CSR medeleg (0x302) <- 0x0000000000000000
x7 <- 0x0000000000000000

clint mtime 0x000000000000008A (mip.MTI <- 0b1, mip.STI <- 0b0)
mem[X,0x0000000080000470] -> 0x3C23
mem[X,0x0000000080000472] -> 0x2273
[276] [M]: 0x0000000080000470 (0x22733C23) sd x7, 0x238(x6)                         init_Medeleg+8
mem[W,0x0000000080004238] <- 0x0000000000000000

mem[X,0x0000000080000474] -> 0x2473
mem[X,0x0000000080000476] -> 0x3050
[277] [M]: 0x0000000080000474 (0x30502473) csrrs x8, mtvec, x0                      init_Mtvec+0
CSR mtvec (0x305) -> 0x0000000000000000
x8 <- 0x0000000000000000

clint mtime 0x000000000000008B (mip.MTI <- 0b1, mip.STI <- 0b0)
mem[X,0x0000000080000478] -> 0x3423
mem[X,0x000000008000047A] -> 0x2483
[278] [M]: 0x0000000080000478 (0x24833423) sd x8, 0x248(x6)                         init_Mtvec+4
mem[W,0x0000000080004248] <- 0x0000000000000000

mem[X,0x000000008000047C] -> 0x7393
mem[X,0x000000008000047E] -> 0x0034
[279] [M]: 0x000000008000047C (0x00347393) andi x7, x8, 0x3                         init_Mtvec+8
x7 <- 0x0000000000000000

clint mtime 0x000000000000008C (mip.MTI <- 0b1, mip.STI <- 0b0)
mem[X,0x0000000080000480] -> 0x3483
mem[X,0x0000000080000482] -> 0x2303
[280] [M]: 0x0000000080000480 (0x23033483) ld x9, 0x230(x6)                         init_Mtvec+12
mem[R,0x0000000080004230] -> 0x00000000800012D4
x9 <- 0x00000000800012D4

mem[X,0x0000000080000484] -> 0x8493
mem[X,0x0000000080000486] -> 0xE2C4
[281] [M]: 0x0000000080000484 (0xE2C48493) addi x9, x9, -0x1d4                      init_Mtvec+16
x9 <- 0x0000000080001100

clint mtime 0x000000000000008D (mip.MTI <- 0b1, mip.STI <- 0b0)
mem[X,0x0000000080000488] -> 0xE3B3
mem[X,0x000000008000048A] -> 0x0074
[282] [M]: 0x0000000080000488 (0x0074E3B3) or x7, x9, x7                            init_Mtvec+20
x7 <- 0x0000000080001100

mem[X,0x000000008000048C] -> 0x3023
mem[X,0x000000008000048E] -> 0x2473
[283] [M]: 0x000000008000048C (0x24733023) sd x7, 0x240(x6)                         init_Mtvec+24
mem[W,0x0000000080004240] <- 0x0000000080001100

clint mtime 0x000000000000008E (mip.MTI <- 0b1, mip.STI <- 0b0)
mem[X,0x0000000080000490] -> 0x9073
mem[X,0x0000000080000492] -> 0x3053
[284] [M]: 0x0000000080000490 (0x30539073) csrrw x0, mtvec, x7                      init_Mtvec+28
CSR mtvec (0x305) <- 0x0000000080001100

mem[X,0x0000000080000494] -> 0x2573
mem[X,0x0000000080000496] -> 0x3050
[285] [M]: 0x0000000080000494 (0x30502573) csrrs x10, mtvec, x0                     init_Mtvec+32
CSR mtvec (0x305) -> 0x0000000080001100
x10 <- 0x0000000080001100

clint mtime 0x000000000000008F (mip.MTI <- 0b1, mip.STI <- 0b0)
mem[X,0x0000000080000498] -> 0x0663
mem[X,0x000000008000049A] -> 0x0875
[286] [M]: 0x0000000080000498 (0x08750663) beq x10, x7, 0x8c                        init_Mtvec+36

mem[X,0x0000000080000524] -> 0x0013
mem[X,0x0000000080000526] -> 0x0000
[287] [M]: 0x0000000080000524 (0x00000013) addi x0, x0, 0x0                         rvtest_Mprolog_done+0

clint mtime 0x0000000000000090 (mip.MTI <- 0b1, mip.STI <- 0b0)
mem[X,0x0000000080000528] -> 0x0013
mem[X,0x000000008000052A] -> 0x0000
[288] [M]: 0x0000000080000528 (0x00000013) addi x0, x0, 0x0                         rvtest_Mprolog_done+4

mem[X,0x000000008000052C] -> 0x0013
mem[X,0x000000008000052E] -> 0x0000
[289] [M]: 0x000000008000052C (0x00000013) addi x0, x0, 0x0                         rvtest_Mprolog_done+8

clint mtime 0x0000000000000091 (mip.MTI <- 0b1, mip.STI <- 0b0)
mem[X,0x0000000080000530] -> 0x0013
mem[X,0x0000000080000532] -> 0x0000
[290] [M]: 0x0000000080000530 (0x00000013) addi x0, x0, 0x0                         rvtest_Mprolog_done+12

mem[X,0x0000000080000534] -> 0x0013
mem[X,0x0000000080000536] -> 0x0000
[291] [M]: 0x0000000080000534 (0x00000013) addi x0, x0, 0x0                         rvtest_Mprolog_done+16

clint mtime 0x0000000000000092 (mip.MTI <- 0b1, mip.STI <- 0b0)
mem[X,0x0000000080000538] -> 0x0013
mem[X,0x000000008000053A] -> 0x0000
[292] [M]: 0x0000000080000538 (0x00000013) addi x0, x0, 0x0                         rvtest_Mprolog_done+20

mem[X,0x000000008000053C] -> 0x0013
mem[X,0x000000008000053E] -> 0x0000
[293] [M]: 0x000000008000053C (0x00000013) addi x0, x0, 0x0                         rvtest_Mprolog_done+24

clint mtime 0x0000000000000093 (mip.MTI <- 0b1, mip.STI <- 0b0)
mem[X,0x0000000080000540] -> 0x4317
mem[X,0x0000000080000542] -> 0x0000
[294] [M]: 0x0000000080000540 (0x00004317) auipc x6, 0x4                            rvtest_Mprolog_done+28
x6 <- 0x0000000080004540

mem[X,0x0000000080000544] -> 0x0313
mem[X,0x0000000080000546] -> 0xD583
[295] [M]: 0x0000000080000544 (0xD5830313) addi x6, x6, -0x2a8                      rvtest_Mprolog_done+32
x6 <- 0x0000000080004298

clint mtime 0x0000000000000094 (mip.MTI <- 0b1, mip.STI <- 0b0)
mem[X,0x0000000080000548] -> 0x0001
[296] [M]: 0x0000000080000548 (0x0001) c.nop                                        rvtest_Mprolog_done+36

mem[X,0x000000008000054A] -> 0x0013
mem[X,0x000000008000054C] -> 0x0000
[297] [M]: 0x000000008000054A (0x00000013) addi x0, x0, 0x0                         rvtest_Mprolog_done+38

clint mtime 0x0000000000000095 (mip.MTI <- 0b1, mip.STI <- 0b0)
mem[X,0x000000008000054E] -> 0x0013
mem[X,0x0000000080000550] -> 0x0000
[298] [M]: 0x000000008000054E (0x00000013) addi x0, x0, 0x0                         rvtest_Mprolog_done+42

mem[X,0x0000000080000552] -> 0x0013
mem[X,0x0000000080000554] -> 0x0000
[299] [M]: 0x0000000080000552 (0x00000013) addi x0, x0, 0x0                         rvtest_Mprolog_done+46

clint mtime 0x0000000000000096 (mip.MTI <- 0b1, mip.STI <- 0b0)
mem[X,0x0000000080000556] -> 0x0013
mem[X,0x0000000080000558] -> 0x0000
[300] [M]: 0x0000000080000556 (0x00000013) addi x0, x0, 0x0                         rvtest_Mprolog_done+50

mem[X,0x000000008000055A] -> 0x0013
mem[X,0x000000008000055C] -> 0x0000
[301] [M]: 0x000000008000055A (0x00000013) addi x0, x0, 0x0                         rvtest_Mprolog_done+54

clint mtime 0x0000000000000097 (mip.MTI <- 0b1, mip.STI <- 0b0)
mem[X,0x000000008000055E] -> 0x0001
[302] [M]: 0x000000008000055E (0x0001) c.nop                                        rvtest_Mprolog_done+58

mem[X,0x0000000080000560] -> 0x1473
mem[X,0x0000000080000562] -> 0x1403
[303] [M]: 0x0000000080000560 (0x14031473) csrrw x8, sscratch, x6                   init_Sscratch+0
CSR sscratch (0x140) <- 0x0000000080004298
x8 <- 0x0000000000000000

clint mtime 0x0000000000000098 (mip.MTI <- 0b1, mip.STI <- 0b0)
mem[X,0x0000000080000564] -> 0x3823
mem[X,0x0000000080000566] -> 0x2483
[304] [M]: 0x0000000080000564 (0x24833823) sd x8, 0x250(x6)                         init_Sscratch+4
mem[W,0x00000000800044E8] <- 0x0000000000000000

mem[X,0x0000000080000568] -> 0x0393
mem[X,0x000000008000056A] -> 0x0000
[305] [M]: 0x0000000080000568 (0x00000393) addi x7, x0, 0x0                         init_Sedeleg+0
x7 <- 0x0000000000000000

clint mtime 0x0000000000000099 (mip.MTI <- 0b1, mip.STI <- 0b0)
mem[X,0x000000008000056C] -> 0x3C23
mem[X,0x000000008000056E] -> 0x2273
[306] [M]: 0x000000008000056C (0x22733C23) sd x7, 0x238(x6)                         init_Sedeleg+4
mem[W,0x00000000800044D0] <- 0x0000000000000000

mem[X,0x0000000080000570] -> 0x0013
mem[X,0x0000000080000572] -> 0x0000
[307] [M]: 0x0000000080000570 (0x00000013) addi x0, x0, 0x0                         init_Ssatp+0

clint mtime 0x000000000000009A (mip.MTI <- 0b1, mip.STI <- 0b0)
mem[X,0x0000000080000574] -> 0x0013
mem[X,0x0000000080000576] -> 0x0000
[308] [M]: 0x0000000080000574 (0x00000013) addi x0, x0, 0x0                         init_Ssatp+4

mem[X,0x0000000080000578] -> 0x0013
mem[X,0x000000008000057A] -> 0x0000
[309] [M]: 0x0000000080000578 (0x00000013) addi x0, x0, 0x0                         init_Ssatp+8

clint mtime 0x000000000000009B (mip.MTI <- 0b1, mip.STI <- 0b0)
mem[X,0x000000008000057C] -> 0x0013
mem[X,0x000000008000057E] -> 0x0000
[310] [M]: 0x000000008000057C (0x00000013) addi x0, x0, 0x0                         init_Ssatp+12

mem[X,0x0000000080000580] -> 0x7497
mem[X,0x0000000080000582] -> 0x0000
[311] [M]: 0x0000000080000580 (0x00007497) auipc x9, 0x7                            init_Ssatp+16
x9 <- 0x0000000080007580

clint mtime 0x000000000000009C (mip.MTI <- 0b1, mip.STI <- 0b0)
mem[X,0x0000000080000584] -> 0x8493
mem[X,0x0000000080000586] -> 0xA804
[312] [M]: 0x0000000080000584 (0xA8048493) addi x9, x9, -0x580                      init_Ssatp+20
x9 <- 0x0000000080007000

mem[X,0x0000000080000588] -> 0x0001
[313] [M]: 0x0000000080000588 (0x0001) c.nop                                        init_Ssatp+24

clint mtime 0x000000000000009D (mip.MTI <- 0b1, mip.STI <- 0b0)
mem[X,0x000000008000058A] -> 0x0013
mem[X,0x000000008000058C] -> 0x0000
[314] [M]: 0x000000008000058A (0x00000013) addi x0, x0, 0x0                         init_Ssatp+26

mem[X,0x000000008000058E] -> 0x0013
mem[X,0x0000000080000590] -> 0x0000
[315] [M]: 0x000000008000058E (0x00000013) addi x0, x0, 0x0                         init_Ssatp+30

clint mtime 0x000000000000009E (mip.MTI <- 0b1, mip.STI <- 0b0)
mem[X,0x0000000080000592] -> 0x0013
mem[X,0x0000000080000594] -> 0x0000
[316] [M]: 0x0000000080000592 (0x00000013) addi x0, x0, 0x0                         init_Ssatp+34

mem[X,0x0000000080000596] -> 0x0013
mem[X,0x0000000080000598] -> 0x0000
[317] [M]: 0x0000000080000596 (0x00000013) addi x0, x0, 0x0                         init_Ssatp+38

clint mtime 0x000000000000009F (mip.MTI <- 0b1, mip.STI <- 0b0)
mem[X,0x000000008000059A] -> 0x0013
mem[X,0x000000008000059C] -> 0x0000
[318] [M]: 0x000000008000059A (0x00000013) addi x0, x0, 0x0                         init_Ssatp+42

mem[X,0x000000008000059E] -> 0x0001
[319] [M]: 0x000000008000059E (0x0001) c.nop                                        init_Ssatp+46

clint mtime 0x00000000000000A0 (mip.MTI <- 0b1, mip.STI <- 0b0)
mem[X,0x00000000800005A0] -> 0xD493
mem[X,0x00000000800005A2] -> 0x00C4
[320] [M]: 0x00000000800005A0 (0x00C4D493) srli x9, x9, 0xc                         init_Ssatp+48
x9 <- 0x0000000000080007

mem[X,0x00000000800005A4] -> 0x0413
mem[X,0x00000000800005A6] -> 0xFFF0
[321] [M]: 0x00000000800005A4 (0xFFF00413) addi x8, x0, -0x1                        init_Ssatp+52
x8 <- 0xFFFFFFFFFFFFFFFF

clint mtime 0x00000000000000A1 (mip.MTI <- 0b1, mip.STI <- 0b0)
mem[X,0x00000000800005A8] -> 0x1413
mem[X,0x00000000800005AA] -> 0x03F4
[322] [M]: 0x00000000800005A8 (0x03F41413) slli x8, x8, 0x3f                        init_Ssatp+56
x8 <- 0x8000000000000000

mem[X,0x00000000800005AC] -> 0xE4B3
mem[X,0x00000000800005AE] -> 0x0084
[323] [M]: 0x00000000800005AC (0x0084E4B3) or x9, x9, x8                            init_Ssatp+60
x9 <- 0x8000000000080007

clint mtime 0x00000000000000A2 (mip.MTI <- 0b1, mip.STI <- 0b0)
mem[X,0x00000000800005B0] -> 0x94F3
mem[X,0x00000000800005B2] -> 0x1804
[324] [M]: 0x00000000800005B0 (0x180494F3) csrrw x9, satp, x9                       init_Ssatp+64
CSR satp (0x180) <- 0x8000000000080007
x9 <- 0x0000000000000000

mem[X,0x00000000800005B4] -> 0x3023
mem[X,0x00000000800005B6] -> 0x2293
[325] [M]: 0x00000000800005B4 (0x22933023) sd x9, 0x220(x6)                         init_Ssatp+68
mem[W,0x00000000800044B8] <- 0x0000000000000000

clint mtime 0x00000000000000A3 (mip.MTI <- 0b1, mip.STI <- 0b0)
mem[X,0x00000000800005B8] -> 0x2473
mem[X,0x00000000800005BA] -> 0x1050
[326] [M]: 0x00000000800005B8 (0x10502473) csrrs x8, stvec, x0                      init_Stvec+0
CSR stvec (0x105) -> 0x0000000000000000
x8 <- 0x0000000000000000

mem[X,0x00000000800005BC] -> 0x3423
mem[X,0x00000000800005BE] -> 0x2483
[327] [M]: 0x00000000800005BC (0x24833423) sd x8, 0x248(x6)                         init_Stvec+4
mem[W,0x00000000800044E0] <- 0x0000000000000000

clint mtime 0x00000000000000A4 (mip.MTI <- 0b1, mip.STI <- 0b0)
mem[X,0x00000000800005C0] -> 0x7393
mem[X,0x00000000800005C2] -> 0x0034
[328] [M]: 0x00000000800005C0 (0x00347393) andi x7, x8, 0x3                         init_Stvec+8
x7 <- 0x0000000000000000

mem[X,0x00000000800005C4] -> 0x3483
mem[X,0x00000000800005C6] -> 0x2303
[329] [M]: 0x00000000800005C4 (0x23033483) ld x9, 0x230(x6)                         init_Stvec+12
mem[R,0x00000000800044C8] -> 0x0000000080001C54
x9 <- 0x0000000080001C54

clint mtime 0x00000000000000A5 (mip.MTI <- 0b1, mip.STI <- 0b0)
mem[X,0x00000000800005C8] -> 0x8493
mem[X,0x00000000800005CA] -> 0xE2C4
[330] [M]: 0x00000000800005C8 (0xE2C48493) addi x9, x9, -0x1d4                      init_Stvec+16
x9 <- 0x0000000080001A80

mem[X,0x00000000800005CC] -> 0xE3B3
mem[X,0x00000000800005CE] -> 0x0074
[331] [M]: 0x00000000800005CC (0x0074E3B3) or x7, x9, x7                            init_Stvec+20
x7 <- 0x0000000080001A80

clint mtime 0x00000000000000A6 (mip.MTI <- 0b1, mip.STI <- 0b0)
mem[X,0x00000000800005D0] -> 0x3023
mem[X,0x00000000800005D2] -> 0x2473
[332] [M]: 0x00000000800005D0 (0x24733023) sd x7, 0x240(x6)                         init_Stvec+24
mem[W,0x00000000800044D8] <- 0x0000000080001A80

mem[X,0x00000000800005D4] -> 0x9073
mem[X,0x00000000800005D6] -> 0x1053
[333] [M]: 0x00000000800005D4 (0x10539073) csrrw x0, stvec, x7                      init_Stvec+28
CSR stvec (0x105) <- 0x0000000080001A80

clint mtime 0x00000000000000A7 (mip.MTI <- 0b1, mip.STI <- 0b0)
mem[X,0x00000000800005D8] -> 0x2573
mem[X,0x00000000800005DA] -> 0x1050
[334] [M]: 0x00000000800005D8 (0x10502573) csrrs x10, stvec, x0                     init_Stvec+32
CSR stvec (0x105) -> 0x0000000080001A80
x10 <- 0x0000000080001A80

mem[X,0x00000000800005DC] -> 0x0463
mem[X,0x00000000800005DE] -> 0x0875
[335] [M]: 0x00000000800005DC (0x08750463) beq x10, x7, 0x88                        init_Stvec+36

clint mtime 0x00000000000000A8 (mip.MTI <- 0b1, mip.STI <- 0b0)
mem[X,0x0000000080000664] -> 0x0093
mem[X,0x0000000080000666] -> 0x0000
[336] [M]: 0x0000000080000664 (0x00000093) addi x1, x0, 0x0                         rvtest_entrypoint+0
x1 <- 0x0000000000000000

mem[X,0x0000000080000668] -> 0x9073
mem[X,0x000000008000066A] -> 0x3000
[337] [M]: 0x0000000080000668 (0x30009073) csrrw x0, mstatus, x1                    rvtest_entrypoint+4
CSR mstatus (0x300) <- 0x0000000A00000000

clint mtime 0x00000000000000A9 (mip.MTI <- 0b1, mip.STI <- 0b0)
mem[X,0x000000008000066C] -> 0x9073
mem[X,0x000000008000066E] -> 0x3410
[338] [M]: 0x000000008000066C (0x34109073) csrrw x0, mepc, x1                       rvtest_entrypoint+8
CSR mepc (0x341) <- 0x0000000000000000

mem[X,0x0000000080000670] -> 0x9073
mem[X,0x0000000080000672] -> 0x3440
[339] [M]: 0x0000000080000670 (0x34409073) csrrw x0, mip, x1                        rvtest_entrypoint+12
CSR mip (0x344) <- 0x0000000000000080

clint mtime 0x00000000000000AA (mip.MTI <- 0b1, mip.STI <- 0b0)
mem[X,0x0000000080000674] -> 0x9073
mem[X,0x0000000080000676] -> 0x3430
[340] [M]: 0x0000000080000674 (0x34309073) csrrw x0, mtval, x1                      rvtest_entrypoint+16
CSR mtval (0x343) <- 0x0000000000000000

mem[X,0x0000000080000678] -> 0x9073
mem[X,0x000000008000067A] -> 0x3420
[341] [M]: 0x0000000080000678 (0x34209073) csrrw x0, mcause, x1                     rvtest_entrypoint+20
CSR mcause (0x342) <- 0x0000000000000000

clint mtime 0x00000000000000AB (mip.MTI <- 0b1, mip.STI <- 0b0)
mem[X,0x000000008000067C] -> 0x0837
mem[X,0x000000008000067E] -> 0x7D5C
[342] [M]: 0x000000008000067C (0x7D5C0837) lui x16, 0x7d5c0                         rvtest_entrypoint+24
x16 <- 0x000000007D5C0000

mem[X,0x0000000080000680] -> 0x0813
mem[X,0x0000000080000682] -> 0xDDB8
[343] [M]: 0x0000000080000680 (0xDDB80813) addi x16, x16, -0x225                    rvtest_entrypoint+28
x16 <- 0x000000007D5BFDDB

clint mtime 0x00000000000000AC (mip.MTI <- 0b1, mip.STI <- 0b0)
mem[X,0x0000000080000684] -> 0x1813
mem[X,0x0000000080000686] -> 0x00B8
[344] [M]: 0x0000000080000684 (0x00B81813) slli x16, x16, 0xb                       rvtest_entrypoint+32
x16 <- 0x000003EADFEED800

mem[X,0x0000000080000688] -> 0x0813
mem[X,0x000000008000068A] -> 0x3EA8
[345] [M]: 0x0000000080000688 (0x3EA80813) addi x16, x16, 0x3ea                     rvtest_entrypoint+36
x16 <- 0x000003EADFEEDBEA

clint mtime 0x00000000000000AD (mip.MTI <- 0b1, mip.STI <- 0b0)
mem[X,0x000000008000068C] -> 0x1813
mem[X,0x000000008000068E] -> 0x00B8
[346] [M]: 0x000000008000068C (0x00B81813) slli x16, x16, 0xb                       rvtest_entrypoint+40
x16 <- 0x001F56FF76DF5000

mem[X,0x0000000080000690] -> 0x0813
mem[X,0x0000000080000692] -> 0x6FF8
[347] [M]: 0x0000000080000690 (0x6FF80813) addi x16, x16, 0x6ff                     rvtest_entrypoint+44
x16 <- 0x001F56FF76DF56FF

clint mtime 0x00000000000000AE (mip.MTI <- 0b1, mip.STI <- 0b0)
mem[X,0x0000000080000694] -> 0x1813
mem[X,0x0000000080000696] -> 0x00A8
[348] [M]: 0x0000000080000694 (0x00A81813) slli x16, x16, 0xa                       rvtest_entrypoint+48
x16 <- 0x7D5BFDDB7D5BFC00

mem[X,0x0000000080000698] -> 0x0813
mem[X,0x000000008000069A] -> 0x1DB8
[349] [M]: 0x0000000080000698 (0x1DB80813) addi x16, x16, 0x1db                     rvtest_entrypoint+52
x16 <- 0x7D5BFDDB7D5BFDDB

clint mtime 0x00000000000000AF (mip.MTI <- 0b1, mip.STI <- 0b0)
mem[X,0x000000008000069C] -> 0x5893
mem[X,0x000000008000069E] -> 0x0078
[350] [M]: 0x000000008000069C (0x00785893) srli x17, x16, 0x7                       rvtest_entrypoint+56
x17 <- 0x00FAB7FBB6FAB7FB

mem[X,0x00000000800006A0] -> 0x5793
mem[X,0x00000000800006A2] -> 0x0398
[351] [M]: 0x00000000800006A0 (0x03985793) srli x15, x16, 0x39                      rvtest_entrypoint+60
x15 <- 0x000000000000003E

clint mtime 0x00000000000000B0 (mip.MTI <- 0b1, mip.STI <- 0b0)
mem[X,0x00000000800006A4] -> 0xE8B3
mem[X,0x00000000800006A6] -> 0x00F8
[352] [M]: 0x00000000800006A4 (0x00F8E8B3) or x17, x17, x15                         rvtest_entrypoint+64
x17 <- 0x00FAB7FBB6FAB7FF

mem[X,0x00000000800006A8] -> 0xD913
mem[X,0x00000000800006AA] -> 0x0078
[353] [M]: 0x00000000800006A8 (0x0078D913) srli x18, x17, 0x7                       rvtest_entrypoint+68
x18 <- 0x0001F56FF76DF56F

clint mtime 0x00000000000000B1 (mip.MTI <- 0b1, mip.STI <- 0b0)
mem[X,0x00000000800006AC] -> 0xD793
mem[X,0x00000000800006AE] -> 0x0398
[354] [M]: 0x00000000800006AC (0x0398D793) srli x15, x17, 0x39                      rvtest_entrypoint+72
x15 <- 0x0000000000000000

mem[X,0x00000000800006B0] -> 0x6933
mem[X,0x00000000800006B2] -> 0x00F9
[355] [M]: 0x00000000800006B0 (0x00F96933) or x18, x18, x15                         rvtest_entrypoint+76
x18 <- 0x0001F56FF76DF56F

clint mtime 0x00000000000000B2 (mip.MTI <- 0b1, mip.STI <- 0b0)
mem[X,0x00000000800006B4] -> 0x5993
mem[X,0x00000000800006B6] -> 0x0079
[356] [M]: 0x00000000800006B4 (0x00795993) srli x19, x18, 0x7                       rvtest_entrypoint+80
x19 <- 0x000003EADFEEDBEA

mem[X,0x00000000800006B8] -> 0x5793
mem[X,0x00000000800006BA] -> 0x0399
[357] [M]: 0x00000000800006B8 (0x03995793) srli x15, x18, 0x39                      rvtest_entrypoint+84
x15 <- 0x0000000000000000

clint mtime 0x00000000000000B3 (mip.MTI <- 0b1, mip.STI <- 0b0)
mem[X,0x00000000800006BC] -> 0xE9B3
mem[X,0x00000000800006BE] -> 0x00F9
[358] [M]: 0x00000000800006BC (0x00F9E9B3) or x19, x19, x15                         rvtest_entrypoint+88
x19 <- 0x000003EADFEEDBEA

mem[X,0x00000000800006C0] -> 0xDA13
mem[X,0x00000000800006C2] -> 0x0079
[359] [M]: 0x00000000800006C0 (0x0079DA13) srli x20, x19, 0x7                       rvtest_entrypoint+92
x20 <- 0x00000007D5BFDDB7

clint mtime 0x00000000000000B4 (mip.MTI <- 0b1, mip.STI <- 0b0)
mem[X,0x00000000800006C4] -> 0xD793
mem[X,0x00000000800006C6] -> 0x0399
[360] [M]: 0x00000000800006C4 (0x0399D793) srli x15, x19, 0x39                      rvtest_entrypoint+96
x15 <- 0x0000000000000000

mem[X,0x00000000800006C8] -> 0x6A33
mem[X,0x00000000800006CA] -> 0x00FA
[361] [M]: 0x00000000800006C8 (0x00FA6A33) or x20, x20, x15                         rvtest_entrypoint+100
x20 <- 0x00000007D5BFDDB7

clint mtime 0x00000000000000B5 (mip.MTI <- 0b1, mip.STI <- 0b0)
mem[X,0x00000000800006CC] -> 0x5A93
mem[X,0x00000000800006CE] -> 0x007A
[362] [M]: 0x00000000800006CC (0x007A5A93) srli x21, x20, 0x7                       rvtest_entrypoint+104
x21 <- 0x000000000FAB7FBB

mem[X,0x00000000800006D0] -> 0x5793
mem[X,0x00000000800006D2] -> 0x039A
[363] [M]: 0x00000000800006D0 (0x039A5793) srli x15, x20, 0x39                      rvtest_entrypoint+108
x15 <- 0x0000000000000000

clint mtime 0x00000000000000B6 (mip.MTI <- 0b1, mip.STI <- 0b0)
mem[X,0x00000000800006D4] -> 0xEAB3
mem[X,0x00000000800006D6] -> 0x00FA
[364] [M]: 0x00000000800006D4 (0x00FAEAB3) or x21, x21, x15                         rvtest_entrypoint+112
x21 <- 0x000000000FAB7FBB

mem[X,0x00000000800006D8] -> 0xDB13
mem[X,0x00000000800006DA] -> 0x007A
[365] [M]: 0x00000000800006D8 (0x007ADB13) srli x22, x21, 0x7                       rvtest_entrypoint+116
x22 <- 0x00000000001F56FF

clint mtime 0x00000000000000B7 (mip.MTI <- 0b1, mip.STI <- 0b0)
mem[X,0x00000000800006DC] -> 0xD793
mem[X,0x00000000800006DE] -> 0x039A
[366] [M]: 0x00000000800006DC (0x039AD793) srli x15, x21, 0x39                      rvtest_entrypoint+120
x15 <- 0x0000000000000000

mem[X,0x00000000800006E0] -> 0x6B33
mem[X,0x00000000800006E2] -> 0x00FB
[367] [M]: 0x00000000800006E0 (0x00FB6B33) or x22, x22, x15                         rvtest_entrypoint+124
x22 <- 0x00000000001F56FF

clint mtime 0x00000000000000B8 (mip.MTI <- 0b1, mip.STI <- 0b0)
mem[X,0x00000000800006E4] -> 0x5B93
mem[X,0x00000000800006E6] -> 0x007B
[368] [M]: 0x00000000800006E4 (0x007B5B93) srli x23, x22, 0x7                       rvtest_entrypoint+128
x23 <- 0x0000000000003EAD

mem[X,0x00000000800006E8] -> 0x5793
mem[X,0x00000000800006EA] -> 0x039B
[369] [M]: 0x00000000800006E8 (0x039B5793) srli x15, x22, 0x39                      rvtest_entrypoint+132
x15 <- 0x0000000000000000

clint mtime 0x00000000000000B9 (mip.MTI <- 0b1, mip.STI <- 0b0)
mem[X,0x00000000800006EC] -> 0xEBB3
mem[X,0x00000000800006EE] -> 0x00FB
[370] [M]: 0x00000000800006EC (0x00FBEBB3) or x23, x23, x15                         rvtest_entrypoint+136
x23 <- 0x0000000000003EAD

mem[X,0x00000000800006F0] -> 0xDC13
mem[X,0x00000000800006F2] -> 0x007B
[371] [M]: 0x00000000800006F0 (0x007BDC13) srli x24, x23, 0x7                       rvtest_entrypoint+140
x24 <- 0x000000000000007D

clint mtime 0x00000000000000BA (mip.MTI <- 0b1, mip.STI <- 0b0)
mem[X,0x00000000800006F4] -> 0xD793
mem[X,0x00000000800006F6] -> 0x039B
[372] [M]: 0x00000000800006F4 (0x039BD793) srli x15, x23, 0x39                      rvtest_entrypoint+144
x15 <- 0x0000000000000000

mem[X,0x00000000800006F8] -> 0x6C33
mem[X,0x00000000800006FA] -> 0x00FC
[373] [M]: 0x00000000800006F8 (0x00FC6C33) or x24, x24, x15                         rvtest_entrypoint+148
x24 <- 0x000000000000007D

clint mtime 0x00000000000000BB (mip.MTI <- 0b1, mip.STI <- 0b0)
mem[X,0x00000000800006FC] -> 0x5C93
mem[X,0x00000000800006FE] -> 0x007C
[374] [M]: 0x00000000800006FC (0x007C5C93) srli x25, x24, 0x7                       rvtest_entrypoint+152
x25 <- 0x0000000000000000

mem[X,0x0000000080000700] -> 0x5793
mem[X,0x0000000080000702] -> 0x039C
[375] [M]: 0x0000000080000700 (0x039C5793) srli x15, x24, 0x39                      rvtest_entrypoint+156
x15 <- 0x0000000000000000

clint mtime 0x00000000000000BC (mip.MTI <- 0b1, mip.STI <- 0b0)
mem[X,0x0000000080000704] -> 0xECB3
mem[X,0x0000000080000706] -> 0x00FC
[376] [M]: 0x0000000080000704 (0x00FCECB3) or x25, x25, x15                         rvtest_entrypoint+160
x25 <- 0x0000000000000000

mem[X,0x0000000080000708] -> 0xDD13
mem[X,0x000000008000070A] -> 0x007C
[377] [M]: 0x0000000080000708 (0x007CDD13) srli x26, x25, 0x7                       rvtest_entrypoint+164
x26 <- 0x0000000000000000

clint mtime 0x00000000000000BD (mip.MTI <- 0b1, mip.STI <- 0b0)
mem[X,0x000000008000070C] -> 0xD793
mem[X,0x000000008000070E] -> 0x039C
[378] [M]: 0x000000008000070C (0x039CD793) srli x15, x25, 0x39                      rvtest_entrypoint+168
x15 <- 0x0000000000000000

mem[X,0x0000000080000710] -> 0x6D33
mem[X,0x0000000080000712] -> 0x00FD
[379] [M]: 0x0000000080000710 (0x00FD6D33) or x26, x26, x15                         rvtest_entrypoint+172
x26 <- 0x0000000000000000

clint mtime 0x00000000000000BE (mip.MTI <- 0b1, mip.STI <- 0b0)
mem[X,0x0000000080000714] -> 0x5D93
mem[X,0x0000000080000716] -> 0x007D
[380] [M]: 0x0000000080000714 (0x007D5D93) srli x27, x26, 0x7                       rvtest_entrypoint+176
x27 <- 0x0000000000000000

mem[X,0x0000000080000718] -> 0x5793
mem[X,0x000000008000071A] -> 0x039D
[381] [M]: 0x0000000080000718 (0x039D5793) srli x15, x26, 0x39                      rvtest_entrypoint+180
x15 <- 0x0000000000000000

clint mtime 0x00000000000000BF (mip.MTI <- 0b1, mip.STI <- 0b0)
mem[X,0x000000008000071C] -> 0xEDB3
mem[X,0x000000008000071E] -> 0x00FD
[382] [M]: 0x000000008000071C (0x00FDEDB3) or x27, x27, x15                         rvtest_entrypoint+184
x27 <- 0x0000000000000000

mem[X,0x0000000080000720] -> 0xDE13
mem[X,0x0000000080000722] -> 0x007D
[383] [M]: 0x0000000080000720 (0x007DDE13) srli x28, x27, 0x7                       rvtest_entrypoint+188
x28 <- 0x0000000000000000

clint mtime 0x00000000000000C0 (mip.MTI <- 0b1, mip.STI <- 0b0)
mem[X,0x0000000080000724] -> 0xD793
mem[X,0x0000000080000726] -> 0x039D
[384] [M]: 0x0000000080000724 (0x039DD793) srli x15, x27, 0x39                      rvtest_entrypoint+192
x15 <- 0x0000000000000000

mem[X,0x0000000080000728] -> 0x6E33
mem[X,0x000000008000072A] -> 0x00FE
[385] [M]: 0x0000000080000728 (0x00FE6E33) or x28, x28, x15                         rvtest_entrypoint+196
x28 <- 0x0000000000000000

clint mtime 0x00000000000000C1 (mip.MTI <- 0b1, mip.STI <- 0b0)
mem[X,0x000000008000072C] -> 0x5E93
mem[X,0x000000008000072E] -> 0x007E
[386] [M]: 0x000000008000072C (0x007E5E93) srli x29, x28, 0x7                       rvtest_entrypoint+200
x29 <- 0x0000000000000000

mem[X,0x0000000080000730] -> 0x5793
mem[X,0x0000000080000732] -> 0x039E
[387] [M]: 0x0000000080000730 (0x039E5793) srli x15, x28, 0x39                      rvtest_entrypoint+204
x15 <- 0x0000000000000000

clint mtime 0x00000000000000C2 (mip.MTI <- 0b1, mip.STI <- 0b0)
mem[X,0x0000000080000734] -> 0xEEB3
mem[X,0x0000000080000736] -> 0x00FE
[388] [M]: 0x0000000080000734 (0x00FEEEB3) or x29, x29, x15                         rvtest_entrypoint+208
x29 <- 0x0000000000000000

mem[X,0x0000000080000738] -> 0xDF13
mem[X,0x000000008000073A] -> 0x007E
[389] [M]: 0x0000000080000738 (0x007EDF13) srli x30, x29, 0x7                       rvtest_entrypoint+212
x30 <- 0x0000000000000000

clint mtime 0x00000000000000C3 (mip.MTI <- 0b1, mip.STI <- 0b0)
mem[X,0x000000008000073C] -> 0xD793
mem[X,0x000000008000073E] -> 0x039E
[390] [M]: 0x000000008000073C (0x039ED793) srli x15, x29, 0x39                      rvtest_entrypoint+216
x15 <- 0x0000000000000000

mem[X,0x0000000080000740] -> 0x6F33
mem[X,0x0000000080000742] -> 0x00FF
[391] [M]: 0x0000000080000740 (0x00FF6F33) or x30, x30, x15                         rvtest_entrypoint+220
x30 <- 0x0000000000000000

clint mtime 0x00000000000000C4 (mip.MTI <- 0b1, mip.STI <- 0b0)
mem[X,0x0000000080000744] -> 0xC0B7
mem[X,0x0000000080000746] -> 0xFEED
[392] [M]: 0x0000000080000744 (0xFEEDC0B7) lui x1, -0x1124                          rvtest_entrypoint+224
x1 <- 0xFFFFFFFFFEEDC000

mem[X,0x0000000080000748] -> 0x8093
mem[X,0x000000008000074A] -> 0xEAD0
[393] [M]: 0x0000000080000748 (0xEAD08093) addi x1, x1, -0x153                      rvtest_entrypoint+228
x1 <- 0xFFFFFFFFFEEDBEAD

clint mtime 0x00000000000000C5 (mip.MTI <- 0b1, mip.STI <- 0b0)
mem[X,0x000000008000074C] -> 0x9093
mem[X,0x000000008000074E] -> 0x00B0
[394] [M]: 0x000000008000074C (0x00B09093) slli x1, x1, 0xb                         rvtest_entrypoint+232
x1 <- 0xFFFFFFF76DF56800

mem[X,0x0000000080000750] -> 0x8093
mem[X,0x0000000080000752] -> 0x7F70
[395] [M]: 0x0000000080000750 (0x7F708093) addi x1, x1, 0x7f7                       rvtest_entrypoint+236
x1 <- 0xFFFFFFF76DF56FF7

clint mtime 0x00000000000000C6 (mip.MTI <- 0b1, mip.STI <- 0b0)
mem[X,0x0000000080000754] -> 0x9093
mem[X,0x0000000080000756] -> 0x00B0
[396] [M]: 0x0000000080000754 (0x00B09093) slli x1, x1, 0xb                         rvtest_entrypoint+240
x1 <- 0xFFFFBB6FAB7FB800

mem[X,0x0000000080000758] -> 0x8093
mem[X,0x000000008000075A] -> 0x36F0
[397] [M]: 0x0000000080000758 (0x36F08093) addi x1, x1, 0x36f                       rvtest_entrypoint+244
x1 <- 0xFFFFBB6FAB7FBB6F

clint mtime 0x00000000000000C7 (mip.MTI <- 0b1, mip.STI <- 0b0)
mem[X,0x000000008000075C] -> 0x9093
mem[X,0x000000008000075E] -> 0x00A0
[398] [M]: 0x000000008000075C (0x00A09093) slli x1, x1, 0xa                         rvtest_entrypoint+248
x1 <- 0xFEEDBEADFEEDBC00

mem[X,0x0000000080000760] -> 0x8093
mem[X,0x0000000080000762] -> 0x2AD0
[399] [M]: 0x0000000080000760 (0x2AD08093) addi x1, x1, 0x2ad                       rvtest_entrypoint+252
x1 <- 0xFEEDBEADFEEDBEAD

clint mtime 0x00000000000000C8 (mip.MTI <- 0b1, mip.STI <- 0b0)
mem[X,0x0000000080000764] -> 0xD113
mem[X,0x0000000080000766] -> 0x0070
[400] [M]: 0x0000000080000764 (0x0070D113) srli x2, x1, 0x7                         rvtest_entrypoint+256
x2 <- 0x01FDDB7D5BFDDB7D

mem[X,0x0000000080000768] -> 0xD793
mem[X,0x000000008000076A] -> 0x0390
[401] [M]: 0x0000000080000768 (0x0390D793) srli x15, x1, 0x39                       rvtest_entrypoint+260
x15 <- 0x000000000000007F

clint mtime 0x00000000000000C9 (mip.MTI <- 0b1, mip.STI <- 0b0)
mem[X,0x000000008000076C] -> 0x6133
mem[X,0x000000008000076E] -> 0x00F1
[402] [M]: 0x000000008000076C (0x00F16133) or x2, x2, x15                           rvtest_entrypoint+264
x2 <- 0x01FDDB7D5BFDDB7F

mem[X,0x0000000080000770] -> 0x5193
mem[X,0x0000000080000772] -> 0x0071
[403] [M]: 0x0000000080000770 (0x00715193) srli x3, x2, 0x7                         rvtest_entrypoint+268
x3 <- 0x0003FBB6FAB7FBB6

clint mtime 0x00000000000000CA (mip.MTI <- 0b1, mip.STI <- 0b0)
mem[X,0x0000000080000774] -> 0x5793
mem[X,0x0000000080000776] -> 0x0391
[404] [M]: 0x0000000080000774 (0x03915793) srli x15, x2, 0x39                       rvtest_entrypoint+272
x15 <- 0x0000000000000000

mem[X,0x0000000080000778] -> 0xE1B3
mem[X,0x000000008000077A] -> 0x00F1
[405] [M]: 0x0000000080000778 (0x00F1E1B3) or x3, x3, x15                           rvtest_entrypoint+276
x3 <- 0x0003FBB6FAB7FBB6

clint mtime 0x00000000000000CB (mip.MTI <- 0b1, mip.STI <- 0b0)
mem[X,0x000000008000077C] -> 0xD213
mem[X,0x000000008000077E] -> 0x0071
[406] [M]: 0x000000008000077C (0x0071D213) srli x4, x3, 0x7                         rvtest_entrypoint+280
x4 <- 0x000007F76DF56FF7

mem[X,0x0000000080000780] -> 0xD793
mem[X,0x0000000080000782] -> 0x0391
[407] [M]: 0x0000000080000780 (0x0391D793) srli x15, x3, 0x39                       rvtest_entrypoint+284
x15 <- 0x0000000000000000

clint mtime 0x00000000000000CC (mip.MTI <- 0b1, mip.STI <- 0b0)
mem[X,0x0000000080000784] -> 0x6233
mem[X,0x0000000080000786] -> 0x00F2
[408] [M]: 0x0000000080000784 (0x00F26233) or x4, x4, x15                           rvtest_entrypoint+288
x4 <- 0x000007F76DF56FF7

mem[X,0x0000000080000788] -> 0x5293
mem[X,0x000000008000078A] -> 0x0072
[409] [M]: 0x0000000080000788 (0x00725293) srli x5, x4, 0x7                         rvtest_entrypoint+292
x5 <- 0x0000000FEEDBEADF

clint mtime 0x00000000000000CD (mip.MTI <- 0b1, mip.STI <- 0b0)
mem[X,0x000000008000078C] -> 0x5793
mem[X,0x000000008000078E] -> 0x0392
[410] [M]: 0x000000008000078C (0x03925793) srli x15, x4, 0x39                       rvtest_entrypoint+296
x15 <- 0x0000000000000000

mem[X,0x0000000080000790] -> 0xE2B3
mem[X,0x0000000080000792] -> 0x00F2
[411] [M]: 0x0000000080000790 (0x00F2E2B3) or x5, x5, x15                           rvtest_entrypoint+300
x5 <- 0x0000000FEEDBEADF

clint mtime 0x00000000000000CE (mip.MTI <- 0b1, mip.STI <- 0b0)
mem[X,0x0000000080000794] -> 0xD313
mem[X,0x0000000080000796] -> 0x0072
[412] [M]: 0x0000000080000794 (0x0072D313) srli x6, x5, 0x7                         rvtest_entrypoint+304
x6 <- 0x000000001FDDB7D5

mem[X,0x0000000080000798] -> 0xD793
mem[X,0x000000008000079A] -> 0x0392
[413] [M]: 0x0000000080000798 (0x0392D793) srli x15, x5, 0x39                       rvtest_entrypoint+308
x15 <- 0x0000000000000000

clint mtime 0x00000000000000CF (mip.MTI <- 0b1, mip.STI <- 0b0)
mem[X,0x000000008000079C] -> 0x6333
mem[X,0x000000008000079E] -> 0x00F3
[414] [M]: 0x000000008000079C (0x00F36333) or x6, x6, x15                           rvtest_entrypoint+312
x6 <- 0x000000001FDDB7D5

mem[X,0x00000000800007A0] -> 0x5393
mem[X,0x00000000800007A2] -> 0x0073
[415] [M]: 0x00000000800007A0 (0x00735393) srli x7, x6, 0x7                         rvtest_entrypoint+316
x7 <- 0x00000000003FBB6F

clint mtime 0x00000000000000D0 (mip.MTI <- 0b1, mip.STI <- 0b0)
mem[X,0x00000000800007A4] -> 0x5793
mem[X,0x00000000800007A6] -> 0x0393
[416] [M]: 0x00000000800007A4 (0x03935793) srli x15, x6, 0x39                       rvtest_entrypoint+320
x15 <- 0x0000000000000000

mem[X,0x00000000800007A8] -> 0xE3B3
mem[X,0x00000000800007AA] -> 0x00F3
[417] [M]: 0x00000000800007A8 (0x00F3E3B3) or x7, x7, x15                           rvtest_entrypoint+324
x7 <- 0x00000000003FBB6F

clint mtime 0x00000000000000D1 (mip.MTI <- 0b1, mip.STI <- 0b0)
mem[X,0x00000000800007AC] -> 0xD413
mem[X,0x00000000800007AE] -> 0x0073
[418] [M]: 0x00000000800007AC (0x0073D413) srli x8, x7, 0x7                         rvtest_entrypoint+328
x8 <- 0x0000000000007F76

mem[X,0x00000000800007B0] -> 0xD793
mem[X,0x00000000800007B2] -> 0x0393
[419] [M]: 0x00000000800007B0 (0x0393D793) srli x15, x7, 0x39                       rvtest_entrypoint+332
x15 <- 0x0000000000000000

clint mtime 0x00000000000000D2 (mip.MTI <- 0b1, mip.STI <- 0b0)
mem[X,0x00000000800007B4] -> 0x6433
mem[X,0x00000000800007B6] -> 0x00F4
[420] [M]: 0x00000000800007B4 (0x00F46433) or x8, x8, x15                           rvtest_entrypoint+336
x8 <- 0x0000000000007F76

mem[X,0x00000000800007B8] -> 0x5493
mem[X,0x00000000800007BA] -> 0x0074
[421] [M]: 0x00000000800007B8 (0x00745493) srli x9, x8, 0x7                         rvtest_entrypoint+340
x9 <- 0x00000000000000FE

clint mtime 0x00000000000000D3 (mip.MTI <- 0b1, mip.STI <- 0b0)
mem[X,0x00000000800007BC] -> 0x5793
mem[X,0x00000000800007BE] -> 0x0394
[422] [M]: 0x00000000800007BC (0x03945793) srli x15, x8, 0x39                       rvtest_entrypoint+344
x15 <- 0x0000000000000000

mem[X,0x00000000800007C0] -> 0xE4B3
mem[X,0x00000000800007C2] -> 0x00F4
[423] [M]: 0x00000000800007C0 (0x00F4E4B3) or x9, x9, x15                           rvtest_entrypoint+348
x9 <- 0x00000000000000FE

clint mtime 0x00000000000000D4 (mip.MTI <- 0b1, mip.STI <- 0b0)
mem[X,0x00000000800007C4] -> 0xD513
mem[X,0x00000000800007C6] -> 0x0074
[424] [M]: 0x00000000800007C4 (0x0074D513) srli x10, x9, 0x7                        rvtest_entrypoint+352
x10 <- 0x0000000000000001

mem[X,0x00000000800007C8] -> 0xD793
mem[X,0x00000000800007CA] -> 0x0394
[425] [M]: 0x00000000800007C8 (0x0394D793) srli x15, x9, 0x39                       rvtest_entrypoint+356
x15 <- 0x0000000000000000

clint mtime 0x00000000000000D5 (mip.MTI <- 0b1, mip.STI <- 0b0)
mem[X,0x00000000800007CC] -> 0x6533
mem[X,0x00000000800007CE] -> 0x00F5
[426] [M]: 0x00000000800007CC (0x00F56533) or x10, x10, x15                         rvtest_entrypoint+360
x10 <- 0x0000000000000001

mem[X,0x00000000800007D0] -> 0x5593
mem[X,0x00000000800007D2] -> 0x0075
[427] [M]: 0x00000000800007D0 (0x00755593) srli x11, x10, 0x7                       rvtest_entrypoint+364
x11 <- 0x0000000000000000

clint mtime 0x00000000000000D6 (mip.MTI <- 0b1, mip.STI <- 0b0)
mem[X,0x00000000800007D4] -> 0x5793
mem[X,0x00000000800007D6] -> 0x0395
[428] [M]: 0x00000000800007D4 (0x03955793) srli x15, x10, 0x39                      rvtest_entrypoint+368
x15 <- 0x0000000000000000

mem[X,0x00000000800007D8] -> 0xE5B3
mem[X,0x00000000800007DA] -> 0x00F5
[429] [M]: 0x00000000800007D8 (0x00F5E5B3) or x11, x11, x15                         rvtest_entrypoint+372
x11 <- 0x0000000000000000

clint mtime 0x00000000000000D7 (mip.MTI <- 0b1, mip.STI <- 0b0)
mem[X,0x00000000800007DC] -> 0xD613
mem[X,0x00000000800007DE] -> 0x0075
[430] [M]: 0x00000000800007DC (0x0075D613) srli x12, x11, 0x7                       rvtest_entrypoint+376
x12 <- 0x0000000000000000

mem[X,0x00000000800007E0] -> 0xD793
mem[X,0x00000000800007E2] -> 0x0395
[431] [M]: 0x00000000800007E0 (0x0395D793) srli x15, x11, 0x39                      rvtest_entrypoint+380
x15 <- 0x0000000000000000

clint mtime 0x00000000000000D8 (mip.MTI <- 0b1, mip.STI <- 0b0)
mem[X,0x00000000800007E4] -> 0x6633
mem[X,0x00000000800007E6] -> 0x00F6
[432] [M]: 0x00000000800007E4 (0x00F66633) or x12, x12, x15                         rvtest_entrypoint+384
x12 <- 0x0000000000000000

mem[X,0x00000000800007E8] -> 0x5693
mem[X,0x00000000800007EA] -> 0x0076
[433] [M]: 0x00000000800007E8 (0x00765693) srli x13, x12, 0x7                       rvtest_entrypoint+388
x13 <- 0x0000000000000000

clint mtime 0x00000000000000D9 (mip.MTI <- 0b1, mip.STI <- 0b0)
mem[X,0x00000000800007EC] -> 0x5793
mem[X,0x00000000800007EE] -> 0x0396
[434] [M]: 0x00000000800007EC (0x03965793) srli x15, x12, 0x39                      rvtest_entrypoint+392
x15 <- 0x0000000000000000

mem[X,0x00000000800007F0] -> 0xE6B3
mem[X,0x00000000800007F2] -> 0x00F6
[435] [M]: 0x00000000800007F0 (0x00F6E6B3) or x13, x13, x15                         rvtest_entrypoint+396
x13 <- 0x0000000000000000

clint mtime 0x00000000000000DA (mip.MTI <- 0b1, mip.STI <- 0b0)
mem[X,0x00000000800007F4] -> 0x0013
mem[X,0x00000000800007F6] -> 0x0000
[436] [M]: 0x00000000800007F4 (0x00000013) addi x0, x0, 0x0                         rvtest_code_begin+0

mem[X,0x00000000800007F8] -> 0x0013
mem[X,0x00000000800007FA] -> 0x0000
[437] [M]: 0x00000000800007F8 (0x00000013) addi x0, x0, 0x0                         rvtest_code_begin+4

clint mtime 0x00000000000000DB (mip.MTI <- 0b1, mip.STI <- 0b0)
mem[X,0x00000000800007FC] -> 0x0013
mem[X,0x00000000800007FE] -> 0x0000
[438] [M]: 0x00000000800007FC (0x00000013) addi x0, x0, 0x0                         rvtest_code_begin+8

mem[X,0x0000000080000800] -> 0x8697
mem[X,0x0000000080000802] -> 0x0000
[439] [M]: 0x0000000080000800 (0x00008697) auipc x13, 0x8                           rvtest_code_begin+12
x13 <- 0x0000000080008800

clint mtime 0x00000000000000DC (mip.MTI <- 0b1, mip.STI <- 0b0)
mem[X,0x0000000080000804] -> 0x8693
mem[X,0x0000000080000806] -> 0x9186
[440] [M]: 0x0000000080000804 (0x91868693) addi x13, x13, -0x6e8                    rvtest_code_begin+16
x13 <- 0x0000000080008118

mem[X,0x0000000080000808] -> 0x0001
[441] [M]: 0x0000000080000808 (0x0001) c.nop                                        rvtest_code_begin+20

clint mtime 0x00000000000000DD (mip.MTI <- 0b1, mip.STI <- 0b0)
mem[X,0x000000008000080A] -> 0x0013
mem[X,0x000000008000080C] -> 0x0000
[442] [M]: 0x000000008000080A (0x00000013) addi x0, x0, 0x0                         rvtest_code_begin+22

mem[X,0x000000008000080E] -> 0x0013
mem[X,0x0000000080000810] -> 0x0000
[443] [M]: 0x000000008000080E (0x00000013) addi x0, x0, 0x0                         rvtest_code_begin+26

clint mtime 0x00000000000000DE (mip.MTI <- 0b1, mip.STI <- 0b0)
mem[X,0x0000000080000812] -> 0x0013
mem[X,0x0000000080000814] -> 0x0000
[444] [M]: 0x0000000080000812 (0x00000013) addi x0, x0, 0x0                         rvtest_code_begin+30

mem[X,0x0000000080000816] -> 0x0013
mem[X,0x0000000080000818] -> 0x0000
[445] [M]: 0x0000000080000816 (0x00000013) addi x0, x0, 0x0                         rvtest_code_begin+34

clint mtime 0x00000000000000DF (mip.MTI <- 0b1, mip.STI <- 0b0)
mem[X,0x000000008000081A] -> 0x0013
mem[X,0x000000008000081C] -> 0x0000
[446] [M]: 0x000000008000081A (0x00000013) addi x0, x0, 0x0                         rvtest_code_begin+38

mem[X,0x000000008000081E] -> 0x0001
[447] [M]: 0x000000008000081E (0x0001) c.nop                                        rvtest_code_begin+42

clint mtime 0x00000000000000E0 (mip.MTI <- 0b1, mip.STI <- 0b0)
mem[X,0x0000000080000820] -> 0xD737
mem[X,0x0000000080000822] -> 0x0000
[448] [M]: 0x0000000080000820 (0x0000D737) lui x14, 0xd                             main+0
x14 <- 0x000000000000D000

mem[X,0x0000000080000824] -> 0x071B
mem[X,0x0000000080000826] -> 0xEED7
[449] [M]: 0x0000000080000824 (0xEED7071B) addiw x14, x14, -0x113                   main+4
x14 <- 0x000000000000CEED

clint mtime 0x00000000000000E1 (mip.MTI <- 0b1, mip.STI <- 0b0)
mem[X,0x0000000080000828] -> 0xB023
mem[X,0x000000008000082A] -> 0x00E6
[450] [M]: 0x0000000080000828 (0x00E6B023) sd x14, 0x0(x13)                         main+8
mem[W,0x0000000080008118] <- 0x000000000000CEED

mem[X,0x000000008000082C] -> 0xC737
mem[X,0x000000008000082E] -> 0x0000
[451] [M]: 0x000000008000082C (0x0000C737) lui x14, 0xc                             main+12
x14 <- 0x000000000000C000

clint mtime 0x00000000000000E2 (mip.MTI <- 0b1, mip.STI <- 0b0)
mem[X,0x0000000080000830] -> 0x071B
mem[X,0x0000000080000832] -> 0xEED7
[452] [M]: 0x0000000080000830 (0xEED7071B) addiw x14, x14, -0x113                   main+16
x14 <- 0x000000000000BEED

mem[X,0x0000000080000834] -> 0xB423
mem[X,0x0000000080000836] -> 0x00E6
[453] [M]: 0x0000000080000834 (0x00E6B423) sd x14, 0x8(x13)                         main+20
mem[W,0x0000000080008120] <- 0x000000000000BEED

clint mtime 0x00000000000000E3 (mip.MTI <- 0b1, mip.STI <- 0b0)
mem[X,0x0000000080000838] -> 0x0393
mem[X,0x000000008000083A] -> 0xFFF0
[454] [M]: 0x0000000080000838 (0xFFF00393) addi x7, x0, -0x1                        main+24
x7 <- 0xFFFFFFFFFFFFFFFF

mem[X,0x000000008000083C] -> 0x9073
mem[X,0x000000008000083E] -> 0x3B03
[455] [M]: 0x000000008000083C (0x3B039073) csrrw x0, pmpaddr0, x7                   main+28
CSR pmpaddr0 (0x3B0) <- 0x003FFFFFFFFFFFFF

clint mtime 0x00000000000000E4 (mip.MTI <- 0b1, mip.STI <- 0b0)
mem[X,0x0000000080000840] -> 0x0393
mem[X,0x0000000080000842] -> 0x00F0
[456] [M]: 0x0000000080000840 (0x00F00393) addi x7, x0, 0xf                         main+32
x7 <- 0x000000000000000F

mem[X,0x0000000080000844] -> 0x9073
mem[X,0x0000000080000846] -> 0x3A03
[457] [M]: 0x0000000080000844 (0x3A039073) csrrw x0, pmpcfg0, x7                    main+36
CSR pmpcfg0 (0x3A0) <- 0x000000000000000F

clint mtime 0x00000000000000E5 (mip.MTI <- 0b1, mip.STI <- 0b0)
mem[X,0x0000000080000848] -> 0x0073
mem[X,0x000000008000084A] -> 0x1200
[458] [M]: 0x0000000080000848 (0x12000073) sfence.vma x0, x0                        main+40

mem[X,0x000000008000084C] -> 0x1073
mem[X,0x000000008000084E] -> 0x1800
[459] [M]: 0x000000008000084C (0x18001073) csrrw x0, satp, x0                       main+44
CSR satp (0x180) <- 0x0000000000000000

clint mtime 0x00000000000000E6 (mip.MTI <- 0b1, mip.STI <- 0b0)
mem[X,0x0000000080000850] -> 0x0013
mem[X,0x0000000080000852] -> 0x0000
[460] [M]: 0x0000000080000850 (0x00000013) addi x0, x0, 0x0                         main+48

mem[X,0x0000000080000854] -> 0x0013
mem[X,0x0000000080000856] -> 0x0000
[461] [M]: 0x0000000080000854 (0x00000013) addi x0, x0, 0x0                         main+52

clint mtime 0x00000000000000E7 (mip.MTI <- 0b1, mip.STI <- 0b0)
mem[X,0x0000000080000858] -> 0x0013
mem[X,0x000000008000085A] -> 0x0000
[462] [M]: 0x0000000080000858 (0x00000013) addi x0, x0, 0x0                         main+56

mem[X,0x000000008000085C] -> 0x0013
mem[X,0x000000008000085E] -> 0x0000
[463] [M]: 0x000000008000085C (0x00000013) addi x0, x0, 0x0                         main+60

clint mtime 0x00000000000000E8 (mip.MTI <- 0b1, mip.STI <- 0b0)
mem[X,0x0000000080000860] -> 0x0517
mem[X,0x0000000080000862] -> 0x0000
[464] [M]: 0x0000000080000860 (0x00000517) auipc x10, 0x0                           main+64
x10 <- 0x0000000080000860

mem[X,0x0000000080000864] -> 0x0513
mem[X,0x0000000080000866] -> 0xF945
[465] [M]: 0x0000000080000864 (0xF9450513) addi x10, x10, -0x6c                     main+68
x10 <- 0x00000000800007F4

clint mtime 0x00000000000000E9 (mip.MTI <- 0b1, mip.STI <- 0b0)
mem[X,0x0000000080000868] -> 0x0001
[466] [M]: 0x0000000080000868 (0x0001) c.nop                                        main+72

mem[X,0x000000008000086A] -> 0x0013
mem[X,0x000000008000086C] -> 0x0000
[467] [M]: 0x000000008000086A (0x00000013) addi x0, x0, 0x0                         main+74

clint mtime 0x00000000000000EA (mip.MTI <- 0b1, mip.STI <- 0b0)
mem[X,0x000000008000086E] -> 0x0013
mem[X,0x0000000080000870] -> 0x0000
[468] [M]: 0x000000008000086E (0x00000013) addi x0, x0, 0x0                         main+78

mem[X,0x0000000080000872] -> 0x0013
mem[X,0x0000000080000874] -> 0x0000
[469] [M]: 0x0000000080000872 (0x00000013) addi x0, x0, 0x0                         main+82

clint mtime 0x00000000000000EB (mip.MTI <- 0b1, mip.STI <- 0b0)
mem[X,0x0000000080000876] -> 0x0013
mem[X,0x0000000080000878] -> 0x0000
[470] [M]: 0x0000000080000876 (0x00000013) addi x0, x0, 0x0                         main+86

mem[X,0x000000008000087A] -> 0x0013
mem[X,0x000000008000087C] -> 0x0000
[471] [M]: 0x000000008000087A (0x00000013) addi x0, x0, 0x0                         main+90

clint mtime 0x00000000000000EC (mip.MTI <- 0b1, mip.STI <- 0b0)
mem[X,0x000000008000087E] -> 0x0001
[472] [M]: 0x000000008000087E (0x0001) c.nop                                        main+94

mem[X,0x0000000080000880] -> 0x0593
mem[X,0x0000000080000882] -> 0x0CB0
[473] [M]: 0x0000000080000880 (0x0CB00593) addi x11, x0, 0xcb                       main+96
x11 <- 0x00000000000000CB

clint mtime 0x00000000000000ED (mip.MTI <- 0b1, mip.STI <- 0b0)
mem[X,0x0000000080000884] -> 0x5513
mem[X,0x0000000080000886] -> 0x00C5
[474] [M]: 0x0000000080000884 (0x00C55513) srli x10, x10, 0xc                       main+100
x10 <- 0x0000000000080000

mem[X,0x0000000080000888] -> 0x1513
mem[X,0x000000008000088A] -> 0x00A5
[475] [M]: 0x0000000080000888 (0x00A51513) slli x10, x10, 0xa                       main+104
x10 <- 0x0000000020000000

clint mtime 0x00000000000000EE (mip.MTI <- 0b1, mip.STI <- 0b0)
mem[X,0x000000008000088C] -> 0x6533
mem[X,0x000000008000088E] -> 0x00B5
[476] [M]: 0x000000008000088C (0x00B56533) or x10, x10, x11                         main+108
x10 <- 0x00000000200000CB

mem[X,0x0000000080000890] -> 0x0013
mem[X,0x0000000080000892] -> 0x0000
[477] [M]: 0x0000000080000890 (0x00000013) addi x0, x0, 0x0                         main+112

clint mtime 0x00000000000000EF (mip.MTI <- 0b1, mip.STI <- 0b0)
mem[X,0x0000000080000894] -> 0x0013
mem[X,0x0000000080000896] -> 0x0000
[478] [M]: 0x0000000080000894 (0x00000013) addi x0, x0, 0x0                         main+116

mem[X,0x0000000080000898] -> 0x0013
mem[X,0x000000008000089A] -> 0x0000
[479] [M]: 0x0000000080000898 (0x00000013) addi x0, x0, 0x0                         main+120

clint mtime 0x00000000000000F0 (mip.MTI <- 0b1, mip.STI <- 0b0)
mem[X,0x000000008000089C] -> 0x0013
mem[X,0x000000008000089E] -> 0x0000
[480] [M]: 0x000000008000089C (0x00000013) addi x0, x0, 0x0                         main+124

mem[X,0x00000000800008A0] -> 0x6317
mem[X,0x00000000800008A2] -> 0x0000
[481] [M]: 0x00000000800008A0 (0x00006317) auipc x6, 0x6                            main+128
x6 <- 0x00000000800068A0

clint mtime 0x00000000000000F1 (mip.MTI <- 0b1, mip.STI <- 0b0)
mem[X,0x00000000800008A4] -> 0x0313
mem[X,0x00000000800008A6] -> 0x7603
[482] [M]: 0x00000000800008A4 (0x76030313) addi x6, x6, 0x760                       main+132
x6 <- 0x0000000080007000

mem[X,0x00000000800008A8] -> 0x0001
[483] [M]: 0x00000000800008A8 (0x0001) c.nop                                        main+136

clint mtime 0x00000000000000F2 (mip.MTI <- 0b1, mip.STI <- 0b0)
mem[X,0x00000000800008AA] -> 0x0013
mem[X,0x00000000800008AC] -> 0x0000
[484] [M]: 0x00000000800008AA (0x00000013) addi x0, x0, 0x0                         main+138

mem[X,0x00000000800008AE] -> 0x0013
mem[X,0x00000000800008B0] -> 0x0000
[485] [M]: 0x00000000800008AE (0x00000013) addi x0, x0, 0x0                         main+142

clint mtime 0x00000000000000F3 (mip.MTI <- 0b1, mip.STI <- 0b0)
mem[X,0x00000000800008B2] -> 0x0013
mem[X,0x00000000800008B4] -> 0x0000
[486] [M]: 0x00000000800008B2 (0x00000013) addi x0, x0, 0x0                         main+146

mem[X,0x00000000800008B6] -> 0x0013
mem[X,0x00000000800008B8] -> 0x0000
[487] [M]: 0x00000000800008B6 (0x00000013) addi x0, x0, 0x0                         main+150

clint mtime 0x00000000000000F4 (mip.MTI <- 0b1, mip.STI <- 0b0)
mem[X,0x00000000800008BA] -> 0x0013
mem[X,0x00000000800008BC] -> 0x0000
[488] [M]: 0x00000000800008BA (0x00000013) addi x0, x0, 0x0                         main+154

mem[X,0x00000000800008BE] -> 0x0001
[489] [M]: 0x00000000800008BE (0x0001) c.nop                                        main+158

clint mtime 0x00000000000000F5 (mip.MTI <- 0b1, mip.STI <- 0b0)
mem[X,0x00000000800008C0] -> 0x0293
mem[X,0x00000000800008C2] -> 0x0300
[490] [M]: 0x00000000800008C0 (0x03000293) addi x5, x0, 0x30                        main+160
x5 <- 0x0000000000000030

mem[X,0x00000000800008C4] -> 0x0333
mem[X,0x00000000800008C6] -> 0x0053
[491] [M]: 0x00000000800008C4 (0x00530333) add x6, x6, x5                           main+164
x6 <- 0x0000000080007030

clint mtime 0x00000000000000F6 (mip.MTI <- 0b1, mip.STI <- 0b0)
mem[X,0x00000000800008C8] -> 0x3023
mem[X,0x00000000800008CA] -> 0x00A3
[492] [M]: 0x00000000800008C8 (0x00A33023) sd x10, 0x0(x6)                          main+168
mem[W,0x0000000080007030] <- 0x00000000200000CB

mem[X,0x00000000800008CC] -> 0x0073
mem[X,0x00000000800008CE] -> 0x1200
[493] [M]: 0x00000000800008CC (0x12000073) sfence.vma x0, x0                        main+172

clint mtime 0x00000000000000F7 (mip.MTI <- 0b1, mip.STI <- 0b0)
mem[X,0x00000000800008D0] -> 0x0013
mem[X,0x00000000800008D2] -> 0x0000
[494] [M]: 0x00000000800008D0 (0x00000013) addi x0, x0, 0x0                         main+176

mem[X,0x00000000800008D4] -> 0x0013
mem[X,0x00000000800008D6] -> 0x0000
[495] [M]: 0x00000000800008D4 (0x00000013) addi x0, x0, 0x0                         main+180

clint mtime 0x00000000000000F8 (mip.MTI <- 0b1, mip.STI <- 0b0)
mem[X,0x00000000800008D8] -> 0x0013
mem[X,0x00000000800008DA] -> 0x0000
[496] [M]: 0x00000000800008D8 (0x00000013) addi x0, x0, 0x0                         main+184

mem[X,0x00000000800008DC] -> 0x0013
mem[X,0x00000000800008DE] -> 0x0000
[497] [M]: 0x00000000800008DC (0x00000013) addi x0, x0, 0x0                         main+188

clint mtime 0x00000000000000F9 (mip.MTI <- 0b1, mip.STI <- 0b0)
mem[X,0x00000000800008E0] -> 0x4517
mem[X,0x00000000800008E2] -> 0x0000
[498] [M]: 0x00000000800008E0 (0x00004517) auipc x10, 0x4                           main+192
x10 <- 0x00000000800048E0

mem[X,0x00000000800008E4] -> 0x0513
mem[X,0x00000000800008E6] -> 0xC505
[499] [M]: 0x00000000800008E4 (0xC5050513) addi x10, x10, -0x3b0                    main+196
x10 <- 0x0000000080004530

clint mtime 0x00000000000000FA (mip.MTI <- 0b1, mip.STI <- 0b0)
mem[X,0x00000000800008E8] -> 0x0001
[500] [M]: 0x00000000800008E8 (0x0001) c.nop                                        main+200

mem[X,0x00000000800008EA] -> 0x0013
mem[X,0x00000000800008EC] -> 0x0000
[501] [M]: 0x00000000800008EA (0x00000013) addi x0, x0, 0x0                         main+202

clint mtime 0x00000000000000FB (mip.MTI <- 0b1, mip.STI <- 0b0)
mem[X,0x00000000800008EE] -> 0x0013
mem[X,0x00000000800008F0] -> 0x0000
[502] [M]: 0x00000000800008EE (0x00000013) addi x0, x0, 0x0                         main+206

mem[X,0x00000000800008F2] -> 0x0013
mem[X,0x00000000800008F4] -> 0x0000
[503] [M]: 0x00000000800008F2 (0x00000013) addi x0, x0, 0x0                         main+210

clint mtime 0x00000000000000FC (mip.MTI <- 0b1, mip.STI <- 0b0)
mem[X,0x00000000800008F6] -> 0x0013
mem[X,0x00000000800008F8] -> 0x0000
[504] [M]: 0x00000000800008F6 (0x00000013) addi x0, x0, 0x0                         main+214

mem[X,0x00000000800008FA] -> 0x0013
mem[X,0x00000000800008FC] -> 0x0000
[505] [M]: 0x00000000800008FA (0x00000013) addi x0, x0, 0x0                         main+218

clint mtime 0x00000000000000FD (mip.MTI <- 0b1, mip.STI <- 0b0)
mem[X,0x00000000800008FE] -> 0x0001
[506] [M]: 0x00000000800008FE (0x0001) c.nop                                        main+222

mem[X,0x0000000080000900] -> 0x0593
mem[X,0x0000000080000902] -> 0x0CF0
[507] [M]: 0x0000000080000900 (0x0CF00593) addi x11, x0, 0xcf                       main+224
x11 <- 0x00000000000000CF

clint mtime 0x00000000000000FE (mip.MTI <- 0b1, mip.STI <- 0b0)
mem[X,0x0000000080000904] -> 0x5513
mem[X,0x0000000080000906] -> 0x00C5
[508] [M]: 0x0000000080000904 (0x00C55513) srli x10, x10, 0xc                       main+228
x10 <- 0x0000000000080004

mem[X,0x0000000080000908] -> 0x1513
mem[X,0x000000008000090A] -> 0x00A5
[509] [M]: 0x0000000080000908 (0x00A51513) slli x10, x10, 0xa                       main+232
x10 <- 0x0000000020001000

clint mtime 0x00000000000000FF (mip.MTI <- 0b1, mip.STI <- 0b0)
mem[X,0x000000008000090C] -> 0x6533
mem[X,0x000000008000090E] -> 0x00B5
[510] [M]: 0x000000008000090C (0x00B56533) or x10, x10, x11                         main+236
x10 <- 0x00000000200010CF

mem[X,0x0000000080000910] -> 0x0013
mem[X,0x0000000080000912] -> 0x0000
[511] [M]: 0x0000000080000910 (0x00000013) addi x0, x0, 0x0                         main+240

clint mtime 0x0000000000000100 (mip.MTI <- 0b1, mip.STI <- 0b0)
mem[X,0x0000000080000914] -> 0x0013
mem[X,0x0000000080000916] -> 0x0000
[512] [M]: 0x0000000080000914 (0x00000013) addi x0, x0, 0x0                         main+244

mem[X,0x0000000080000918] -> 0x0013
mem[X,0x000000008000091A] -> 0x0000
[513] [M]: 0x0000000080000918 (0x00000013) addi x0, x0, 0x0                         main+248

clint mtime 0x0000000000000101 (mip.MTI <- 0b1, mip.STI <- 0b0)
mem[X,0x000000008000091C] -> 0x0013
mem[X,0x000000008000091E] -> 0x0000
[514] [M]: 0x000000008000091C (0x00000013) addi x0, x0, 0x0                         main+252

mem[X,0x0000000080000920] -> 0x6317
mem[X,0x0000000080000922] -> 0x0000
[515] [M]: 0x0000000080000920 (0x00006317) auipc x6, 0x6                            main+256
x6 <- 0x0000000080006920

clint mtime 0x0000000000000102 (mip.MTI <- 0b1, mip.STI <- 0b0)
mem[X,0x0000000080000924] -> 0x0313
mem[X,0x0000000080000926] -> 0x6E03
[516] [M]: 0x0000000080000924 (0x6E030313) addi x6, x6, 0x6e0                       main+260
x6 <- 0x0000000080007000

mem[X,0x0000000080000928] -> 0x0001
[517] [M]: 0x0000000080000928 (0x0001) c.nop                                        main+264

clint mtime 0x0000000000000103 (mip.MTI <- 0b1, mip.STI <- 0b0)
mem[X,0x000000008000092A] -> 0x0013
mem[X,0x000000008000092C] -> 0x0000
[518] [M]: 0x000000008000092A (0x00000013) addi x0, x0, 0x0                         main+266

mem[X,0x000000008000092E] -> 0x0013
mem[X,0x0000000080000930] -> 0x0000
[519] [M]: 0x000000008000092E (0x00000013) addi x0, x0, 0x0                         main+270

clint mtime 0x0000000000000104 (mip.MTI <- 0b1, mip.STI <- 0b0)
mem[X,0x0000000080000932] -> 0x0013
mem[X,0x0000000080000934] -> 0x0000
[520] [M]: 0x0000000080000932 (0x00000013) addi x0, x0, 0x0                         main+274

mem[X,0x0000000080000936] -> 0x0013
mem[X,0x0000000080000938] -> 0x0000
[521] [M]: 0x0000000080000936 (0x00000013) addi x0, x0, 0x0                         main+278

clint mtime 0x0000000000000105 (mip.MTI <- 0b1, mip.STI <- 0b0)
mem[X,0x000000008000093A] -> 0x0013
mem[X,0x000000008000093C] -> 0x0000
[522] [M]: 0x000000008000093A (0x00000013) addi x0, x0, 0x0                         main+282

mem[X,0x000000008000093E] -> 0x0001
[523] [M]: 0x000000008000093E (0x0001) c.nop                                        main+286

clint mtime 0x0000000000000106 (mip.MTI <- 0b1, mip.STI <- 0b0)
mem[X,0x0000000080000940] -> 0x0293
mem[X,0x0000000080000942] -> 0x0380
[524] [M]: 0x0000000080000940 (0x03800293) addi x5, x0, 0x38                        main+288
x5 <- 0x0000000000000038

mem[X,0x0000000080000944] -> 0x0333
mem[X,0x0000000080000946] -> 0x0053
[525] [M]: 0x0000000080000944 (0x00530333) add x6, x6, x5                           main+292
x6 <- 0x0000000080007038

clint mtime 0x0000000000000107 (mip.MTI <- 0b1, mip.STI <- 0b0)
mem[X,0x0000000080000948] -> 0x3023
mem[X,0x000000008000094A] -> 0x00A3
[526] [M]: 0x0000000080000948 (0x00A33023) sd x10, 0x0(x6)                          main+296
mem[W,0x0000000080007038] <- 0x00000000200010CF

mem[X,0x000000008000094C] -> 0x0073
mem[X,0x000000008000094E] -> 0x1200
[527] [M]: 0x000000008000094C (0x12000073) sfence.vma x0, x0                        main+300

clint mtime 0x0000000000000108 (mip.MTI <- 0b1, mip.STI <- 0b0)
mem[X,0x0000000080000950] -> 0x02B7
mem[X,0x0000000080000952] -> 0x1C00
[528] [M]: 0x0000000080000950 (0x1C0002B7) lui x5, 0x1c000                          main+304
x5 <- 0x000000001C000000

mem[X,0x0000000080000954] -> 0x8293
mem[X,0x0000000080000956] -> 0x0532
[529] [M]: 0x0000000080000954 (0x05328293) addi x5, x5, 0x53                        main+308
x5 <- 0x000000001C000053

clint mtime 0x0000000000000109 (mip.MTI <- 0b1, mip.STI <- 0b0)
mem[X,0x0000000080000958] -> 0x9293
mem[X,0x000000008000095A] -> 0x0042
[530] [M]: 0x0000000080000958 (0x00429293) slli x5, x5, 0x4                         main+312
x5 <- 0x00000001C0000530

mem[X,0x000000008000095C] -> 0x0013
mem[X,0x000000008000095E] -> 0x0000
[531] [M]: 0x000000008000095C (0x00000013) addi x0, x0, 0x0                         main+316

clint mtime 0x000000000000010A (mip.MTI <- 0b1, mip.STI <- 0b0)
mem[X,0x0000000080000960] -> 0x4317
mem[X,0x0000000080000962] -> 0x0000
[532] [M]: 0x0000000080000960 (0x00004317) auipc x6, 0x4                            main+320
x6 <- 0x0000000080004960

mem[X,0x0000000080000964] -> 0x0313
mem[X,0x0000000080000966] -> 0xBD03
[533] [M]: 0x0000000080000964 (0xBD030313) addi x6, x6, -0x430                      main+324
x6 <- 0x0000000080004530

clint mtime 0x000000000000010B (mip.MTI <- 0b1, mip.STI <- 0b0)
mem[X,0x0000000080000968] -> 0x0001
[534] [M]: 0x0000000080000968 (0x0001) c.nop                                        main+328

mem[X,0x000000008000096A] -> 0x0013
mem[X,0x000000008000096C] -> 0x0000
[535] [M]: 0x000000008000096A (0x00000013) addi x0, x0, 0x0                         main+330

clint mtime 0x000000000000010C (mip.MTI <- 0b1, mip.STI <- 0b0)
mem[X,0x000000008000096E] -> 0x0013
mem[X,0x0000000080000970] -> 0x0000
[536] [M]: 0x000000008000096E (0x00000013) addi x0, x0, 0x0                         main+334

mem[X,0x0000000080000972] -> 0x0013
mem[X,0x0000000080000974] -> 0x0000
[537] [M]: 0x0000000080000972 (0x00000013) addi x0, x0, 0x0                         main+338

clint mtime 0x000000000000010D (mip.MTI <- 0b1, mip.STI <- 0b0)
mem[X,0x0000000080000976] -> 0x0013
mem[X,0x0000000080000978] -> 0x0000
[538] [M]: 0x0000000080000976 (0x00000013) addi x0, x0, 0x0                         main+342

mem[X,0x000000008000097A] -> 0x0013
mem[X,0x000000008000097C] -> 0x0000
[539] [M]: 0x000000008000097A (0x00000013) addi x0, x0, 0x0                         main+346

clint mtime 0x000000000000010E (mip.MTI <- 0b1, mip.STI <- 0b0)
mem[X,0x000000008000097E] -> 0x0001
[540] [M]: 0x000000008000097E (0x0001) c.nop                                        main+350

mem[X,0x0000000080000980] -> 0x82B3
mem[X,0x0000000080000982] -> 0x4062
[541] [M]: 0x0000000080000980 (0x406282B3) sub x5, x5, x6                           main+352
x5 <- 0x000000013FFFC000

clint mtime 0x000000000000010F (mip.MTI <- 0b1, mip.STI <- 0b0)
mem[X,0x0000000080000984] -> 0x8E13
mem[X,0x0000000080000986] -> 0x2982
[542] [M]: 0x0000000080000984 (0x29828E13) addi x28, x5, 0x298                      main+356
x28 <- 0x000000013FFFC298

mem[X,0x0000000080000988] -> 0x2173
mem[X,0x000000008000098A] -> 0x3400
[543] [M]: 0x0000000080000988 (0x34002173) csrrs x2, mscratch, x0                   main+360
CSR mscratch (0x340) -> 0x0000000080004000
x2 <- 0x0000000080004000

clint mtime 0x0000000000000110 (mip.MTI <- 0b1, mip.STI <- 0b0)
mem[X,0x000000008000098C] -> 0x0333
mem[X,0x000000008000098E] -> 0x01C1
[544] [M]: 0x000000008000098C (0x01C10333) add x6, x2, x28                          main+364
x6 <- 0x00000001C0000298

mem[X,0x0000000080000990] -> 0x1073
mem[X,0x0000000080000992] -> 0x1403
[545] [M]: 0x0000000080000990 (0x14031073) csrrw x0, sscratch, x6                   main+368
CSR sscratch (0x140) <- 0x00000001C0000298

clint mtime 0x0000000000000111 (mip.MTI <- 0b1, mip.STI <- 0b0)
mem[X,0x0000000080000994] -> 0x2173
mem[X,0x0000000080000996] -> 0x3400
[546] [M]: 0x0000000080000994 (0x34002173) csrrs x2, mscratch, x0                   main+372
CSR mscratch (0x340) -> 0x0000000080004000
x2 <- 0x0000000080004000

mem[X,0x0000000080000998] -> 0x02B7
mem[X,0x000000008000099A] -> 0x6000
[547] [M]: 0x0000000080000998 (0x600002B7) lui x5, 0x60000                          main+376
x5 <- 0x0000000060000000

clint mtime 0x0000000000000112 (mip.MTI <- 0b1, mip.STI <- 0b0)
mem[X,0x000000008000099C] -> 0x8293
mem[X,0x000000008000099E] -> 0x1F72
[548] [M]: 0x000000008000099C (0x1F728293) addi x5, x5, 0x1f7                       main+380
x5 <- 0x00000000600001F7

mem[X,0x00000000800009A0] -> 0x9293
mem[X,0x00000000800009A2] -> 0x0022
[549] [M]: 0x00000000800009A0 (0x00229293) slli x5, x5, 0x2                         main+384
x5 <- 0x00000001800007DC

clint mtime 0x0000000000000113 (mip.MTI <- 0b1, mip.STI <- 0b0)
mem[X,0x00000000800009A4] -> 0x0013
mem[X,0x00000000800009A6] -> 0x0000
[550] [M]: 0x00000000800009A4 (0x00000013) addi x0, x0, 0x0                         main+388

mem[X,0x00000000800009A8] -> 0x0013
mem[X,0x00000000800009AA] -> 0x0000
[551] [M]: 0x00000000800009A8 (0x00000013) addi x0, x0, 0x0                         main+392

clint mtime 0x0000000000000114 (mip.MTI <- 0b1, mip.STI <- 0b0)
mem[X,0x00000000800009AC] -> 0x0013
mem[X,0x00000000800009AE] -> 0x0000
[552] [M]: 0x00000000800009AC (0x00000013) addi x0, x0, 0x0                         main+396

mem[X,0x00000000800009B0] -> 0x0013
mem[X,0x00000000800009B2] -> 0x0000
[553] [M]: 0x00000000800009B0 (0x00000013) addi x0, x0, 0x0                         main+400

clint mtime 0x0000000000000115 (mip.MTI <- 0b1, mip.STI <- 0b0)
mem[X,0x00000000800009B4] -> 0x0013
mem[X,0x00000000800009B6] -> 0x0000
[554] [M]: 0x00000000800009B4 (0x00000013) addi x0, x0, 0x0                         main+404

mem[X,0x00000000800009B8] -> 0x0013
mem[X,0x00000000800009BA] -> 0x0000
[555] [M]: 0x00000000800009B8 (0x00000013) addi x0, x0, 0x0                         main+408

clint mtime 0x0000000000000116 (mip.MTI <- 0b1, mip.STI <- 0b0)
mem[X,0x00000000800009BC] -> 0x0013
mem[X,0x00000000800009BE] -> 0x0000
[556] [M]: 0x00000000800009BC (0x00000013) addi x0, x0, 0x0                         main+412

mem[X,0x00000000800009C0] -> 0x0317
mem[X,0x00000000800009C2] -> 0x0000
[557] [M]: 0x00000000800009C0 (0x00000317) auipc x6, 0x0                            main+416
x6 <- 0x00000000800009C0

clint mtime 0x0000000000000117 (mip.MTI <- 0b1, mip.STI <- 0b0)
mem[X,0x00000000800009C4] -> 0x0313
mem[X,0x00000000800009C6] -> 0xE343
[558] [M]: 0x00000000800009C4 (0xE3430313) addi x6, x6, -0x1cc                      main+420
x6 <- 0x00000000800007F4

mem[X,0x00000000800009C8] -> 0x0001
[559] [M]: 0x00000000800009C8 (0x0001) c.nop                                        main+424

clint mtime 0x0000000000000118 (mip.MTI <- 0b1, mip.STI <- 0b0)
mem[X,0x00000000800009CA] -> 0x0013
mem[X,0x00000000800009CC] -> 0x0000
[560] [M]: 0x00000000800009CA (0x00000013) addi x0, x0, 0x0                         main+426

mem[X,0x00000000800009CE] -> 0x0013
mem[X,0x00000000800009D0] -> 0x0000
[561] [M]: 0x00000000800009CE (0x00000013) addi x0, x0, 0x0                         main+430

clint mtime 0x0000000000000119 (mip.MTI <- 0b1, mip.STI <- 0b0)
mem[X,0x00000000800009D2] -> 0x0013
mem[X,0x00000000800009D4] -> 0x0000
[562] [M]: 0x00000000800009D2 (0x00000013) addi x0, x0, 0x0                         main+434

mem[X,0x00000000800009D6] -> 0x0013
mem[X,0x00000000800009D8] -> 0x0000
[563] [M]: 0x00000000800009D6 (0x00000013) addi x0, x0, 0x0                         main+438

clint mtime 0x000000000000011A (mip.MTI <- 0b1, mip.STI <- 0b0)
mem[X,0x00000000800009DA] -> 0x0013
mem[X,0x00000000800009DC] -> 0x0000
[564] [M]: 0x00000000800009DA (0x00000013) addi x0, x0, 0x0                         main+442

mem[X,0x00000000800009DE] -> 0x0001
[565] [M]: 0x00000000800009DE (0x0001) c.nop                                        main+446

clint mtime 0x000000000000011B (mip.MTI <- 0b1, mip.STI <- 0b0)
mem[X,0x00000000800009E0] -> 0x82B3
mem[X,0x00000000800009E2] -> 0x4062
[566] [M]: 0x00000000800009E0 (0x406282B3) sub x5, x5, x6                           main+448
x5 <- 0x00000000FFFFFFE8

mem[X,0x00000000800009E4] -> 0x3303
mem[X,0x00000000800009E6] -> 0x1D81
[567] [M]: 0x00000000800009E4 (0x1D813303) ld x6, 0x1d8(x2)                         main+452
mem[R,0x00000000800041D8] -> 0x00000000800007F4
x6 <- 0x00000000800007F4

clint mtime 0x000000000000011C (mip.MTI <- 0b1, mip.STI <- 0b0)
mem[X,0x00000000800009E8] -> 0x03B3
mem[X,0x00000000800009EA] -> 0x0053
[568] [M]: 0x00000000800009E8 (0x005303B3) add x7, x6, x5                           main+456
x7 <- 0x00000001800007DC

mem[X,0x00000000800009EC] -> 0x3823
mem[X,0x00000000800009EE] -> 0x4671
[569] [M]: 0x00000000800009EC (0x46713823) sd x7, 0x470(x2)                         main+460
mem[W,0x0000000080004470] <- 0x00000001800007DC

clint mtime 0x000000000000011D (mip.MTI <- 0b1, mip.STI <- 0b0)
mem[X,0x00000000800009F0] -> 0x02B7
mem[X,0x00000000800009F2] -> 0x1C00
[570] [M]: 0x00000000800009F0 (0x1C0002B7) lui x5, 0x1c000                          main+464
x5 <- 0x000000001C000000

mem[X,0x00000000800009F4] -> 0x8293
mem[X,0x00000000800009F6] -> 0x0532
[571] [M]: 0x00000000800009F4 (0x05328293) addi x5, x5, 0x53                        main+468
x5 <- 0x000000001C000053

clint mtime 0x000000000000011E (mip.MTI <- 0b1, mip.STI <- 0b0)
mem[X,0x00000000800009F8] -> 0x9293
mem[X,0x00000000800009FA] -> 0x0042
[572] [M]: 0x00000000800009F8 (0x00429293) slli x5, x5, 0x4                         main+472
x5 <- 0x00000001C0000530

mem[X,0x00000000800009FC] -> 0x0013
mem[X,0x00000000800009FE] -> 0x0000
[573] [M]: 0x00000000800009FC (0x00000013) addi x0, x0, 0x0                         main+476

clint mtime 0x000000000000011F (mip.MTI <- 0b1, mip.STI <- 0b0)
mem[X,0x0000000080000A00] -> 0x4317
mem[X,0x0000000080000A02] -> 0x0000
[574] [M]: 0x0000000080000A00 (0x00004317) auipc x6, 0x4                            main+480
x6 <- 0x0000000080004A00

mem[X,0x0000000080000A04] -> 0x0313
mem[X,0x0000000080000A06] -> 0xB303
[575] [M]: 0x0000000080000A04 (0xB3030313) addi x6, x6, -0x4d0                      main+484
x6 <- 0x0000000080004530

clint mtime 0x0000000000000120 (mip.MTI <- 0b1, mip.STI <- 0b0)
mem[X,0x0000000080000A08] -> 0x0001
[576] [M]: 0x0000000080000A08 (0x0001) c.nop                                        main+488

mem[X,0x0000000080000A0A] -> 0x0013
mem[X,0x0000000080000A0C] -> 0x0000
[577] [M]: 0x0000000080000A0A (0x00000013) addi x0, x0, 0x0                         main+490

clint mtime 0x0000000000000121 (mip.MTI <- 0b1, mip.STI <- 0b0)
mem[X,0x0000000080000A0E] -> 0x0013
mem[X,0x0000000080000A10] -> 0x0000
[578] [M]: 0x0000000080000A0E (0x00000013) addi x0, x0, 0x0                         main+494

mem[X,0x0000000080000A12] -> 0x0013
mem[X,0x0000000080000A14] -> 0x0000
[579] [M]: 0x0000000080000A12 (0x00000013) addi x0, x0, 0x0                         main+498

clint mtime 0x0000000000000122 (mip.MTI <- 0b1, mip.STI <- 0b0)
mem[X,0x0000000080000A16] -> 0x0013
mem[X,0x0000000080000A18] -> 0x0000
[580] [M]: 0x0000000080000A16 (0x00000013) addi x0, x0, 0x0                         main+502

mem[X,0x0000000080000A1A] -> 0x0013
mem[X,0x0000000080000A1C] -> 0x0000
[581] [M]: 0x0000000080000A1A (0x00000013) addi x0, x0, 0x0                         main+506

clint mtime 0x0000000000000123 (mip.MTI <- 0b1, mip.STI <- 0b0)
mem[X,0x0000000080000A1E] -> 0x0001
[582] [M]: 0x0000000080000A1E (0x0001) c.nop                                        main+510

mem[X,0x0000000080000A20] -> 0x82B3
mem[X,0x0000000080000A22] -> 0x4062
[583] [M]: 0x0000000080000A20 (0x406282B3) sub x5, x5, x6                           main+512
x5 <- 0x000000013FFFC000

clint mtime 0x0000000000000124 (mip.MTI <- 0b1, mip.STI <- 0b0)
mem[X,0x0000000080000A24] -> 0x3303
mem[X,0x0000000080000A26] -> 0x1E81
[584] [M]: 0x0000000080000A24 (0x1E813303) ld x6, 0x1e8(x2)                         main+516
mem[R,0x00000000800041E8] -> 0x0000000080004530
x6 <- 0x0000000080004530

mem[X,0x0000000080000A28] -> 0x03B3
mem[X,0x0000000080000A2A] -> 0x0053
[585] [M]: 0x0000000080000A28 (0x005303B3) add x7, x6, x5                           main+520
x7 <- 0x00000001C0000530

clint mtime 0x0000000000000125 (mip.MTI <- 0b1, mip.STI <- 0b0)
mem[X,0x0000000080000A2C] -> 0x3023
mem[X,0x0000000080000A2E] -> 0x4871
[586] [M]: 0x0000000080000A2C (0x48713023) sd x7, 0x480(x2)                         main+524
mem[W,0x0000000080004480] <- 0x00000001C0000530

mem[X,0x0000000080000A30] -> 0x0013
mem[X,0x0000000080000A32] -> 0x0000
[587] [M]: 0x0000000080000A30 (0x00000013) addi x0, x0, 0x0                         main+528

clint mtime 0x0000000000000126 (mip.MTI <- 0b1, mip.STI <- 0b0)
mem[X,0x0000000080000A34] -> 0x0013
mem[X,0x0000000080000A36] -> 0x0000
[588] [M]: 0x0000000080000A34 (0x00000013) addi x0, x0, 0x0                         main+532

mem[X,0x0000000080000A38] -> 0x0013
mem[X,0x0000000080000A3A] -> 0x0000
[589] [M]: 0x0000000080000A38 (0x00000013) addi x0, x0, 0x0                         main+536

clint mtime 0x0000000000000127 (mip.MTI <- 0b1, mip.STI <- 0b0)
mem[X,0x0000000080000A3C] -> 0x0013
mem[X,0x0000000080000A3E] -> 0x0000
[590] [M]: 0x0000000080000A3C (0x00000013) addi x0, x0, 0x0                         main+540

mem[X,0x0000000080000A40] -> 0x6F97
mem[X,0x0000000080000A42] -> 0x0000
[591] [M]: 0x0000000080000A40 (0x00006F97) auipc x31, 0x6                           main+544
x31 <- 0x0000000080006A40

clint mtime 0x0000000000000128 (mip.MTI <- 0b1, mip.STI <- 0b0)
mem[X,0x0000000080000A44] -> 0x8F93
mem[X,0x0000000080000A46] -> 0x5C0F
[592] [M]: 0x0000000080000A44 (0x5C0F8F93) addi x31, x31, 0x5c0                     main+548
x31 <- 0x0000000080007000

mem[X,0x0000000080000A48] -> 0x0001
[593] [M]: 0x0000000080000A48 (0x0001) c.nop                                        main+552

clint mtime 0x0000000000000129 (mip.MTI <- 0b1, mip.STI <- 0b0)
mem[X,0x0000000080000A4A] -> 0x0013
mem[X,0x0000000080000A4C] -> 0x0000
[594] [M]: 0x0000000080000A4A (0x00000013) addi x0, x0, 0x0                         main+554

mem[X,0x0000000080000A4E] -> 0x0013
mem[X,0x0000000080000A50] -> 0x0000
[595] [M]: 0x0000000080000A4E (0x00000013) addi x0, x0, 0x0                         main+558

clint mtime 0x000000000000012A (mip.MTI <- 0b1, mip.STI <- 0b0)
mem[X,0x0000000080000A52] -> 0x0013
mem[X,0x0000000080000A54] -> 0x0000
[596] [M]: 0x0000000080000A52 (0x00000013) addi x0, x0, 0x0                         main+562

mem[X,0x0000000080000A56] -> 0x0013
mem[X,0x0000000080000A58] -> 0x0000
[597] [M]: 0x0000000080000A56 (0x00000013) addi x0, x0, 0x0                         main+566

clint mtime 0x000000000000012B (mip.MTI <- 0b1, mip.STI <- 0b0)
mem[X,0x0000000080000A5A] -> 0x0013
mem[X,0x0000000080000A5C] -> 0x0000
[598] [M]: 0x0000000080000A5A (0x00000013) addi x0, x0, 0x0                         main+570

mem[X,0x0000000080000A5E] -> 0x0001
[599] [M]: 0x0000000080000A5E (0x0001) c.nop                                        main+574

clint mtime 0x000000000000012C (mip.MTI <- 0b1, mip.STI <- 0b0)
mem[X,0x0000000080000A60] -> 0x0F13
mem[X,0x0000000080000A62] -> 0xFFF0
[600] [M]: 0x0000000080000A60 (0xFFF00F13) addi x30, x0, -0x1                       main+576
x30 <- 0xFFFFFFFFFFFFFFFF

mem[X,0x0000000080000A64] -> 0x1F13
mem[X,0x0000000080000A66] -> 0x03FF
[601] [M]: 0x0000000080000A64 (0x03FF1F13) slli x30, x30, 0x3f                      main+580
x30 <- 0x8000000000000000

clint mtime 0x000000000000012D (mip.MTI <- 0b1, mip.STI <- 0b0)
mem[X,0x0000000080000A68] -> 0xDF93
mem[X,0x0000000080000A6A] -> 0x00CF
[602] [M]: 0x0000000080000A68 (0x00CFDF93) srli x31, x31, 0xc                       main+584
x31 <- 0x0000000000080007

mem[X,0x0000000080000A6C] -> 0xEFB3
mem[X,0x0000000080000A6E] -> 0x01EF
[603] [M]: 0x0000000080000A6C (0x01EFEFB3) or x31, x31, x30                         main+588
x31 <- 0x8000000000080007

clint mtime 0x000000000000012E (mip.MTI <- 0b1, mip.STI <- 0b0)
mem[X,0x0000000080000A70] -> 0x9073
mem[X,0x0000000080000A72] -> 0x180F
[604] [M]: 0x0000000080000A70 (0x180F9073) csrrw x0, satp, x31                      main+592
CSR satp (0x180) <- 0x8000000000080007

mem[X,0x0000000080000A74] -> 0x0073
mem[X,0x0000000080000A76] -> 0x1200
[605] [M]: 0x0000000080000A74 (0x12000073) sfence.vma x0, x0                        main+596

clint mtime 0x000000000000012F (mip.MTI <- 0b1, mip.STI <- 0b0)
mem[X,0x0000000080000A78] -> 0x0013
mem[X,0x0000000080000A7A] -> 0x0000
[606] [M]: 0x0000000080000A78 (0x00000013) addi x0, x0, 0x0                         main+600

mem[X,0x0000000080000A7C] -> 0x0013
mem[X,0x0000000080000A7E] -> 0x0000
[607] [M]: 0x0000000080000A7C (0x00000013) addi x0, x0, 0x0                         main+604

clint mtime 0x0000000000000130 (mip.MTI <- 0b1, mip.STI <- 0b0)
mem[X,0x0000000080000A80] -> 0x0517
mem[X,0x0000000080000A82] -> 0x0000
[608] [M]: 0x0000000080000A80 (0x00000517) auipc x10, 0x0                           main+608
x10 <- 0x0000000080000A80

mem[X,0x0000000080000A84] -> 0x0513
mem[X,0x0000000080000A86] -> 0x9845
[609] [M]: 0x0000000080000A84 (0x98450513) addi x10, x10, -0x67c                    main+612
x10 <- 0x0000000080000404

clint mtime 0x0000000000000131 (mip.MTI <- 0b1, mip.STI <- 0b0)
mem[X,0x0000000080000A88] -> 0x0001
[610] [M]: 0x0000000080000A88 (0x0001) c.nop                                        main+616

mem[X,0x0000000080000A8A] -> 0x0013
mem[X,0x0000000080000A8C] -> 0x0000
[611] [M]: 0x0000000080000A8A (0x00000013) addi x0, x0, 0x0                         main+618

clint mtime 0x0000000000000132 (mip.MTI <- 0b1, mip.STI <- 0b0)
mem[X,0x0000000080000A8E] -> 0x0013
mem[X,0x0000000080000A90] -> 0x0000
[612] [M]: 0x0000000080000A8E (0x00000013) addi x0, x0, 0x0                         main+622

mem[X,0x0000000080000A92] -> 0x0013
mem[X,0x0000000080000A94] -> 0x0000
[613] [M]: 0x0000000080000A92 (0x00000013) addi x0, x0, 0x0                         main+626

clint mtime 0x0000000000000133 (mip.MTI <- 0b1, mip.STI <- 0b0)
mem[X,0x0000000080000A96] -> 0x0013
mem[X,0x0000000080000A98] -> 0x0000
[614] [M]: 0x0000000080000A96 (0x00000013) addi x0, x0, 0x0                         main+630

mem[X,0x0000000080000A9A] -> 0x0013
mem[X,0x0000000080000A9C] -> 0x0000
[615] [M]: 0x0000000080000A9A (0x00000013) addi x0, x0, 0x0                         main+634

clint mtime 0x0000000000000134 (mip.MTI <- 0b1, mip.STI <- 0b0)
mem[X,0x0000000080000A9E] -> 0x0001
[616] [M]: 0x0000000080000A9E (0x0001) c.nop                                        main+638

mem[X,0x0000000080000AA0] -> 0x0593
mem[X,0x0000000080000AA2] -> 0x0CF0
[617] [M]: 0x0000000080000AA0 (0x0CF00593) addi x11, x0, 0xcf                       main+640
x11 <- 0x00000000000000CF

clint mtime 0x0000000000000135 (mip.MTI <- 0b1, mip.STI <- 0b0)
mem[X,0x0000000080000AA4] -> 0x5513
mem[X,0x0000000080000AA6] -> 0x00C5
[618] [M]: 0x0000000080000AA4 (0x00C55513) srli x10, x10, 0xc                       main+644
x10 <- 0x0000000000080000

mem[X,0x0000000080000AA8] -> 0x1513
mem[X,0x0000000080000AAA] -> 0x00A5
[619] [M]: 0x0000000080000AA8 (0x00A51513) slli x10, x10, 0xa                       main+648
x10 <- 0x0000000020000000

clint mtime 0x0000000000000136 (mip.MTI <- 0b1, mip.STI <- 0b0)
mem[X,0x0000000080000AAC] -> 0x6533
mem[X,0x0000000080000AAE] -> 0x00B5
[620] [M]: 0x0000000080000AAC (0x00B56533) or x10, x10, x11                         main+652
x10 <- 0x00000000200000CF

mem[X,0x0000000080000AB0] -> 0x0013
mem[X,0x0000000080000AB2] -> 0x0000
[621] [M]: 0x0000000080000AB0 (0x00000013) addi x0, x0, 0x0                         main+656

clint mtime 0x0000000000000137 (mip.MTI <- 0b1, mip.STI <- 0b0)
mem[X,0x0000000080000AB4] -> 0x0013
mem[X,0x0000000080000AB6] -> 0x0000
[622] [M]: 0x0000000080000AB4 (0x00000013) addi x0, x0, 0x0                         main+660

mem[X,0x0000000080000AB8] -> 0x0013
mem[X,0x0000000080000ABA] -> 0x0000
[623] [M]: 0x0000000080000AB8 (0x00000013) addi x0, x0, 0x0                         main+664

clint mtime 0x0000000000000138 (mip.MTI <- 0b1, mip.STI <- 0b0)
mem[X,0x0000000080000ABC] -> 0x0013
mem[X,0x0000000080000ABE] -> 0x0000
[624] [M]: 0x0000000080000ABC (0x00000013) addi x0, x0, 0x0                         main+668

mem[X,0x0000000080000AC0] -> 0x6317
mem[X,0x0000000080000AC2] -> 0x0000
[625] [M]: 0x0000000080000AC0 (0x00006317) auipc x6, 0x6                            main+672
x6 <- 0x0000000080006AC0

clint mtime 0x0000000000000139 (mip.MTI <- 0b1, mip.STI <- 0b0)
mem[X,0x0000000080000AC4] -> 0x0313
mem[X,0x0000000080000AC6] -> 0x5403
[626] [M]: 0x0000000080000AC4 (0x54030313) addi x6, x6, 0x540                       main+676
x6 <- 0x0000000080007000

mem[X,0x0000000080000AC8] -> 0x0001
[627] [M]: 0x0000000080000AC8 (0x0001) c.nop                                        main+680

clint mtime 0x000000000000013A (mip.MTI <- 0b1, mip.STI <- 0b0)
mem[X,0x0000000080000ACA] -> 0x0013
mem[X,0x0000000080000ACC] -> 0x0000
[628] [M]: 0x0000000080000ACA (0x00000013) addi x0, x0, 0x0                         main+682

mem[X,0x0000000080000ACE] -> 0x0013
mem[X,0x0000000080000AD0] -> 0x0000
[629] [M]: 0x0000000080000ACE (0x00000013) addi x0, x0, 0x0                         main+686

clint mtime 0x000000000000013B (mip.MTI <- 0b1, mip.STI <- 0b0)
mem[X,0x0000000080000AD2] -> 0x0013
mem[X,0x0000000080000AD4] -> 0x0000
[630] [M]: 0x0000000080000AD2 (0x00000013) addi x0, x0, 0x0                         main+690

mem[X,0x0000000080000AD6] -> 0x0013
mem[X,0x0000000080000AD8] -> 0x0000
[631] [M]: 0x0000000080000AD6 (0x00000013) addi x0, x0, 0x0                         main+694

clint mtime 0x000000000000013C (mip.MTI <- 0b1, mip.STI <- 0b0)
mem[X,0x0000000080000ADA] -> 0x0013
mem[X,0x0000000080000ADC] -> 0x0000
[632] [M]: 0x0000000080000ADA (0x00000013) addi x0, x0, 0x0                         main+698

mem[X,0x0000000080000ADE] -> 0x0001
[633] [M]: 0x0000000080000ADE (0x0001) c.nop                                        main+702

clint mtime 0x000000000000013D (mip.MTI <- 0b1, mip.STI <- 0b0)
mem[X,0x0000000080000AE0] -> 0x0293
mem[X,0x0000000080000AE2] -> 0x0280
[634] [M]: 0x0000000080000AE0 (0x02800293) addi x5, x0, 0x28                        main+704
x5 <- 0x0000000000000028

mem[X,0x0000000080000AE4] -> 0x0333
mem[X,0x0000000080000AE6] -> 0x0053
[635] [M]: 0x0000000080000AE4 (0x00530333) add x6, x6, x5                           main+708
x6 <- 0x0000000080007028

clint mtime 0x000000000000013E (mip.MTI <- 0b1, mip.STI <- 0b0)
mem[X,0x0000000080000AE8] -> 0x3023
mem[X,0x0000000080000AEA] -> 0x00A3
[636] [M]: 0x0000000080000AE8 (0x00A33023) sd x10, 0x0(x6)                          main+712
mem[W,0x0000000080007028] <- 0x00000000200000CF

mem[X,0x0000000080000AEC] -> 0x0073
mem[X,0x0000000080000AEE] -> 0x1200
[637] [M]: 0x0000000080000AEC (0x12000073) sfence.vma x0, x0                        main+716

clint mtime 0x000000000000013F (mip.MTI <- 0b1, mip.STI <- 0b0)
mem[X,0x0000000080000AF0] -> 0x0493
mem[X,0x0000000080000AF2] -> 0x0010
[638] [M]: 0x0000000080000AF0 (0x00100493) addi x9, x0, 0x1                         main+720
x9 <- 0x0000000000000001

mem[X,0x0000000080000AF4] -> 0x9493
mem[X,0x0000000080000AF6] -> 0x00B4
[639] [M]: 0x0000000080000AF4 (0x00B49493) slli x9, x9, 0xb                         main+724
x9 <- 0x0000000000000800

clint mtime 0x0000000000000140 (mip.MTI <- 0b1, mip.STI <- 0b0)
mem[X,0x0000000080000AF8] -> 0xB073
mem[X,0x0000000080000AFA] -> 0x3004
[640] [M]: 0x0000000080000AF8 (0x3004B073) csrrc x0, mstatus, x9                    main+728
CSR mstatus (0x300) <- 0x0000000A00000000

mem[X,0x0000000080000AFC] -> 0x0493
mem[X,0x0000000080000AFE] -> 0x0010
[641] [M]: 0x0000000080000AFC (0x00100493) addi x9, x0, 0x1                         main+732
x9 <- 0x0000000000000001

clint mtime 0x0000000000000141 (mip.MTI <- 0b1, mip.STI <- 0b0)
mem[X,0x0000000080000B00] -> 0x9493
mem[X,0x0000000080000B02] -> 0x00B4
[642] [M]: 0x0000000080000B00 (0x00B49493) slli x9, x9, 0xb                         main+736
x9 <- 0x0000000000000800

mem[X,0x0000000080000B04] -> 0xA073
mem[X,0x0000000080000B06] -> 0x3004
[643] [M]: 0x0000000080000B04 (0x3004A073) csrrs x0, mstatus, x9                    main+740
CSR mstatus (0x300) <- 0x0000000A00000800

clint mtime 0x0000000000000142 (mip.MTI <- 0b1, mip.STI <- 0b0)
mem[X,0x0000000080000B08] -> 0x23F3
mem[X,0x0000000080000B0A] -> 0x3400
[644] [M]: 0x0000000080000B08 (0x340023F3) csrrs x7, mscratch, x0                   main+744
CSR mscratch (0x340) -> 0x0000000080004000
x7 <- 0x0000000080004000

mem[X,0x0000000080000B0C] -> 0xB303
mem[X,0x0000000080000B0E] -> 0x4703
[645] [M]: 0x0000000080000B0C (0x4703B303) ld x6, 0x470(x7)                         main+748
mem[R,0x0000000080004470] -> 0x00000001800007DC
x6 <- 0x00000001800007DC

clint mtime 0x0000000000000143 (mip.MTI <- 0b1, mip.STI <- 0b0)
mem[X,0x0000000080000B10] -> 0xB483
mem[X,0x0000000080000B12] -> 0x1D83
[646] [M]: 0x0000000080000B10 (0x1D83B483) ld x9, 0x1d8(x7)                         main+752
mem[R,0x00000000800041D8] -> 0x00000000800007F4
x9 <- 0x00000000800007F4

mem[X,0x0000000080000B14] -> 0x0333
mem[X,0x0000000080000B16] -> 0x4093
[647] [M]: 0x0000000080000B14 (0x40930333) sub x6, x6, x9                           main+756
x6 <- 0x00000000FFFFFFE8

clint mtime 0x0000000000000144 (mip.MTI <- 0b1, mip.STI <- 0b0)
mem[X,0x0000000080000B18] -> 0x0313
mem[X,0x0000000080000B1A] -> 0x0103
[648] [M]: 0x0000000080000B18 (0x01030313) addi x6, x6, 0x10                        main+760
x6 <- 0x00000000FFFFFFF8

mem[X,0x0000000080000B1C] -> 0x0497
mem[X,0x0000000080000B1E] -> 0x0000
[649] [M]: 0x0000000080000B1C (0x00000497) auipc x9, 0x0                            main+764
x9 <- 0x0000000080000B1C

clint mtime 0x0000000000000145 (mip.MTI <- 0b1, mip.STI <- 0b0)
mem[X,0x0000000080000B20] -> 0x84B3
mem[X,0x0000000080000B22] -> 0x0064
[650] [M]: 0x0000000080000B20 (0x006484B3) add x9, x9, x6                           main+768
x9 <- 0x0000000180000B14

mem[X,0x0000000080000B24] -> 0x94F3
mem[X,0x0000000080000B26] -> 0x3414
[651] [M]: 0x0000000080000B24 (0x341494F3) csrrw x9, mepc, x9                       main+772
CSR mepc (0x341) <- 0x0000000180000B14
x9 <- 0x0000000000000000

clint mtime 0x0000000000000146 (mip.MTI <- 0b1, mip.STI <- 0b0)
mem[X,0x0000000080000B28] -> 0x0073
mem[X,0x0000000080000B2A] -> 0x3020
[652] [M]: 0x0000000080000B28 (0x30200073) mret                                     main+776
CSR mstatus (0x300) <- 0x0000000A00000080
ret-ing from M to S

PTW: Start, vpn=0x180000, access_type=X, privilege=Smem[R,0x0000000080007030] -> 0x00000000200000CB
PTW: Step, level=2, pte=0x200000CB, pte_addr=0x80007030
PTW: Success, final_ppn=0x80000, level=2mem[X,0x0000000080000B14] -> 0x0333
mem[X,0x0000000080000B16] -> 0x4093
[653] [S]: 0x0000000180000B14 (0x40930333) sub x6, x6, x9                           va_rvtest_code_begin+824
x6 <- 0x00000000FFFFFFF8

clint mtime 0x0000000000000147 (mip.MTI <- 0b1, mip.STI <- 0b0)
mem[X,0x0000000080000B18] -> 0x0313
mem[X,0x0000000080000B1A] -> 0x0103
[654] [S]: 0x0000000180000B18 (0x01030313) addi x6, x6, 0x10                        va_rvtest_code_begin+828
x6 <- 0x0000000100000008

mem[X,0x0000000080000B1C] -> 0x0497
mem[X,0x0000000080000B1E] -> 0x0000
[655] [S]: 0x0000000180000B1C (0x00000497) auipc x9, 0x0                            va_rvtest_code_begin+832
x9 <- 0x0000000180000B1C

clint mtime 0x0000000000000148 (mip.MTI <- 0b1, mip.STI <- 0b0)
mem[X,0x0000000080000B20] -> 0x84B3
mem[X,0x0000000080000B22] -> 0x0064
[656] [S]: 0x0000000180000B20 (0x006484B3) add x9, x9, x6                           va_rvtest_code_begin+836
x9 <- 0x0000000280000B24

mem[X,0x0000000080000B24] -> 0x94F3
mem[X,0x0000000080000B26] -> 0x3414
[657] [S]: 0x0000000180000B24 (0x341494F3) csrrw x9, mepc, x9                       va_rvtest_code_begin+840
trapping from S to M to handle illegal-instruction
handling exc#illegal-instruction at priv M with tval 0x00000000341494F3
CSR mstatus (0x300) <- 0x0000000A00000800
CSR mcause (0x342) <- 0x0000000000000002
CSR mtval (0x343) <- 0x00000000341494F3
CSR mepc (0x341) <- 0x0000000180000B24

clint mtime 0x0000000000000149 (mip.MTI <- 0b1, mip.STI <- 0b0)
mem[X,0x0000000080001100] -> 0x006F
mem[X,0x0000000080001102] -> 0x1000
[658] [M]: 0x0000000080001100 (0x1000006F) jal x0, 0x100                            Mtrampoline+0

mem[X,0x0000000080001200] -> 0x1173
mem[X,0x0000000080001202] -> 0x3401
[659] [M]: 0x0000000080001200 (0x34011173) csrrw x2, mscratch, x2                   trap_Mhandler+0
CSR mscratch (0x340) <- 0x0000000080004000
x2 <- 0x0000000080004000

clint mtime 0x000000000000014A (mip.MTI <- 0b1, mip.STI <- 0b0)
mem[X,0x0000000080001204] -> 0x3423
mem[X,0x0000000080001206] -> 0x28B1
[660] [M]: 0x0000000080001204 (0x28B13423) sd x11, 0x288(x2)                        trap_Mhandler+4
mem[W,0x0000000080004288] <- 0x00000000000000CF

mem[X,0x0000000080001208] -> 0x05EF
mem[X,0x000000008000120A] -> 0x0B80
[661] [M]: 0x0000000080001208 (0x0B8005EF) jal x11, 0xb8                            trap_Mhandler+8
x11 <- 0x000000008000120C

clint mtime 0x000000000000014B (mip.MTI <- 0b1, mip.STI <- 0b0)
mem[X,0x00000000800012C0] -> 0x3023
mem[X,0x00000000800012C2] -> 0x28A1
[662] [M]: 0x00000000800012C0 (0x28A13023) sd x10, 0x280(x2)                        common_Mhandler+0
mem[W,0x0000000080004280] <- 0x00000000200000CF

mem[X,0x00000000800012C4] -> 0x1573
mem[X,0x00000000800012C6] -> 0x3401
[663] [M]: 0x00000000800012C4 (0x34011573) csrrw x10, mscratch, x2                  common_Mhandler+4
CSR mscratch (0x340) <- 0x0000000080004000
x10 <- 0x0000000080004000

clint mtime 0x000000000000014C (mip.MTI <- 0b1, mip.STI <- 0b0)
mem[X,0x00000000800012C8] -> 0x3823
mem[X,0x00000000800012CA] -> 0x28A1
[664] [M]: 0x00000000800012C8 (0x28A13823) sd x10, 0x290(x2)                        common_Mhandler+8
mem[W,0x0000000080004290] <- 0x0000000080004000

mem[X,0x00000000800012CC] -> 0x3503
mem[X,0x00000000800012CE] -> 0x2301
[665] [M]: 0x00000000800012CC (0x23013503) ld x10, 0x230(x2)                        common_Mhandler+12
mem[R,0x0000000080004230] -> 0x00000000800012D4
x10 <- 0x00000000800012D4

clint mtime 0x000000000000014D (mip.MTI <- 0b1, mip.STI <- 0b0)
mem[X,0x00000000800012D0] -> 0x0067
mem[X,0x00000000800012D2] -> 0x0005
[666] [M]: 0x00000000800012D0 (0x00050067) jalr x0, 0x0(x10)                        common_Mhandler+16

mem[X,0x00000000800012D4] -> 0x3C23
mem[X,0x00000000800012D6] -> 0x2691
[667] [M]: 0x00000000800012D4 (0x26913C23) sd x9, 0x278(x2)                         common_Mentry+0
mem[W,0x0000000080004278] <- 0x0000000280000B24

clint mtime 0x000000000000014E (mip.MTI <- 0b1, mip.STI <- 0b0)
mem[X,0x00000000800012D8] -> 0x3823
mem[X,0x00000000800012DA] -> 0x2681
[668] [M]: 0x00000000800012D8 (0x26813823) sd x8, 0x270(x2)                         common_Mentry+4
mem[W,0x0000000080004270] <- 0x0000000000007F76

mem[X,0x00000000800012DC] -> 0x3423
mem[X,0x00000000800012DE] -> 0x2671
[669] [M]: 0x00000000800012DC (0x26713423) sd x7, 0x268(x2)                         common_Mentry+8
mem[W,0x0000000080004268] <- 0x0000000080004000

clint mtime 0x000000000000014F (mip.MTI <- 0b1, mip.STI <- 0b0)
mem[X,0x00000000800012E0] -> 0x3023
mem[X,0x00000000800012E2] -> 0x2661
[670] [M]: 0x00000000800012E0 (0x26613023) sd x6, 0x260(x2)                         common_Mentry+12
mem[W,0x0000000080004260] <- 0x0000000100000008

mem[X,0x00000000800012E4] -> 0x2573
mem[X,0x00000000800012E6] -> 0x3420
[671] [M]: 0x00000000800012E4 (0x34202573) csrrs x10, mcause, x0                    spcl_M2mmode_test+0
CSR mcause (0x342) -> 0x0000000000000002
x10 <- 0x0000000000000002

clint mtime 0x0000000000000150 (mip.MTI <- 0b1, mip.STI <- 0b0)
mem[X,0x00000000800012E8] -> 0x04B7
mem[X,0x00000000800012EA] -> 0x8000
[672] [M]: 0x00000000800012E8 (0x800004B7) lui x9, -0x80000                         spcl_M2mmode_test+4
x9 <- 0xFFFFFFFF80000000

mem[X,0x00000000800012EC] -> 0x8493
mem[X,0x00000000800012EE] -> 0x0004
[673] [M]: 0x00000000800012EC (0x00048493) addi x9, x9, 0x0                         spcl_M2mmode_test+8
x9 <- 0xFFFFFFFF80000000

clint mtime 0x0000000000000151 (mip.MTI <- 0b1, mip.STI <- 0b0)
mem[X,0x00000000800012F0] -> 0x9493
mem[X,0x00000000800012F2] -> 0x00B4
[674] [M]: 0x00000000800012F0 (0x00B49493) slli x9, x9, 0xb                         spcl_M2mmode_test+12
x9 <- 0xFFFFFC0000000000

mem[X,0x00000000800012F4] -> 0x8493
mem[X,0x00000000800012F6] -> 0x0004
[675] [M]: 0x00000000800012F4 (0x00048493) addi x9, x9, 0x0                         spcl_M2mmode_test+16
x9 <- 0xFFFFFC0000000000

clint mtime 0x0000000000000152 (mip.MTI <- 0b1, mip.STI <- 0b0)
mem[X,0x00000000800012F8] -> 0x9493
mem[X,0x00000000800012FA] -> 0x00B4
[676] [M]: 0x00000000800012F8 (0x00B49493) slli x9, x9, 0xb                         spcl_M2mmode_test+20
x9 <- 0xFFE0000000000000

mem[X,0x00000000800012FC] -> 0x8493
mem[X,0x00000000800012FE] -> 0x0034
[677] [M]: 0x00000000800012FC (0x00348493) addi x9, x9, 0x3                         spcl_M2mmode_test+24
x9 <- 0xFFE0000000000003

clint mtime 0x0000000000000153 (mip.MTI <- 0b1, mip.STI <- 0b0)
mem[X,0x0000000080001300] -> 0x9493
mem[X,0x0000000080001302] -> 0x00A4
[678] [M]: 0x0000000080001300 (0x00A49493) slli x9, x9, 0xa                         spcl_M2mmode_test+28
x9 <- 0x8000000000000C00

mem[X,0x0000000080001304] -> 0x8493
mem[X,0x0000000080001306] -> 0x3FC4
[679] [M]: 0x0000000080001304 (0x3FC48493) addi x9, x9, 0x3fc                       spcl_M2mmode_test+32
x9 <- 0x8000000000000FFC

clint mtime 0x0000000000000154 (mip.MTI <- 0b1, mip.STI <- 0b0)
mem[X,0x0000000080001308] -> 0xF4B3
mem[X,0x000000008000130A] -> 0x00A4
[680] [M]: 0x0000000080001308 (0x00A4F4B3) and x9, x9, x10                          spcl_M2mmode_test+36
x9 <- 0x0000000000000000

mem[X,0x000000008000130C] -> 0x8493
mem[X,0x000000008000130E] -> 0xFF84
[681] [M]: 0x000000008000130C (0xFF848493) addi x9, x9, -0x8                        spcl_M2mmode_test+40
x9 <- 0xFFFFFFFFFFFFFFF8

clint mtime 0x0000000000000155 (mip.MTI <- 0b1, mip.STI <- 0b0)
mem[X,0x0000000080001310] -> 0x9663
mem[X,0x0000000080001312] -> 0x0004
[682] [M]: 0x0000000080001310 (0x00049663) bne x9, x0, 0xc                          spcl_M2mmode_test+44

mem[X,0x000000008000131C] -> 0x0393
mem[X,0x000000008000131E] -> 0x0200
[683] [M]: 0x000000008000131C (0x02000393) addi x7, x0, 0x20                        Mtrapsig_ptr_upd+0
x7 <- 0x0000000000000020

clint mtime 0x0000000000000156 (mip.MTI <- 0b1, mip.STI <- 0b0)
mem[X,0x0000000080001320] -> 0x5263
mem[X,0x0000000080001322] -> 0x0405
[684] [M]: 0x0000000080001320 (0x04055263) bge x10, x0, 0x44                        Mtrapsig_ptr_upd+4

mem[X,0x0000000080001364] -> 0x2373
mem[X,0x0000000080001366] -> 0x3010
[685] [M]: 0x0000000080001364 (0x30102373) csrrs x6, misa, x0                       Mxcpt_sig_sv+0
CSR misa (0x301) -> 0x800000000034112F
x6 <- 0x800000000034112F

clint mtime 0x0000000000000157 (mip.MTI <- 0b1, mip.STI <- 0b0)
mem[X,0x0000000080001368] -> 0x1313
mem[X,0x000000008000136A] -> 0x0383
[686] [M]: 0x0000000080001368 (0x03831313) slli x6, x6, 0x38                        Mxcpt_sig_sv+4
x6 <- 0x2F00000000000000

mem[X,0x000000008000136C] -> 0x5463
mem[X,0x000000008000136E] -> 0x0003
[687] [M]: 0x000000008000136C (0x00035463) bge x6, x0, 0x8                          Mxcpt_sig_sv+8

clint mtime 0x0000000000000158 (mip.MTI <- 0b1, mip.STI <- 0b0)
mem[X,0x0000000080001374] -> 0x3303
mem[X,0x0000000080001376] -> 0x2181
[688] [M]: 0x0000000080001374 (0x21813303) ld x6, 0x218(x2)                         Mtrap_sig_sv+0
mem[R,0x0000000080004218] -> 0x0000000080008318
x6 <- 0x0000000080008318

mem[X,0x0000000080001378] -> 0x04B3
mem[X,0x000000008000137A] -> 0x0073
[689] [M]: 0x0000000080001378 (0x007304B3) add x9, x6, x7                           Mtrap_sig_sv+4
x9 <- 0x0000000080008338

clint mtime 0x0000000000000159 (mip.MTI <- 0b1, mip.STI <- 0b0)
mem[X,0x000000008000137C] -> 0x3C23
mem[X,0x000000008000137E] -> 0x2091
[690] [M]: 0x000000008000137C (0x20913C23) sd x9, 0x218(x2)                         Mtrap_sig_sv+8
mem[W,0x0000000080004218] <- 0x0000000080008338

mem[X,0x0000000080001380] -> 0x3403
mem[X,0x0000000080001382] -> 0x1F81
[691] [M]: 0x0000000080001380 (0x1F813403) ld x8, 0x1f8(x2)                         Mtrap_sig_sv+12
mem[R,0x00000000800041F8] -> 0x0000000080008110
x8 <- 0x0000000080008110

clint mtime 0x000000000000015A (mip.MTI <- 0b1, mip.STI <- 0b0)
mem[X,0x0000000080001384] -> 0x0333
mem[X,0x0000000080001386] -> 0x4083
[692] [M]: 0x0000000080001384 (0x40830333) sub x6, x6, x8                           Mtrap_sig_sv+16
x6 <- 0x0000000000000208

mem[X,0x0000000080001388] -> 0x3403
mem[X,0x000000008000138A] -> 0x1F81
[693] [M]: 0x0000000080001388 (0x1F813403) ld x8, 0x1f8(x2)                         Mtrap_sig_sv+20
mem[R,0x00000000800041F8] -> 0x0000000080008110
x8 <- 0x0000000080008110

clint mtime 0x000000000000015B (mip.MTI <- 0b1, mip.STI <- 0b0)
mem[X,0x000000008000138C] -> 0x0333
mem[X,0x000000008000138E] -> 0x0083
[694] [M]: 0x000000008000138C (0x00830333) add x6, x6, x8                           Mtrap_sig_sv+24
x6 <- 0x0000000080008318

mem[X,0x0000000080001390] -> 0x3403
mem[X,0x0000000080001392] -> 0x2401
[695] [M]: 0x0000000080001390 (0x24013403) ld x8, 0x240(x2)                         Mtrap_sig_sv+28
mem[R,0x0000000080004240] -> 0x0000000080001100
x8 <- 0x0000000080001100

clint mtime 0x000000000000015C (mip.MTI <- 0b1, mip.STI <- 0b0)
mem[X,0x0000000080001394] -> 0x85B3
mem[X,0x0000000080001396] -> 0x4085
[696] [M]: 0x0000000080001394 (0x408585B3) sub x11, x11, x8                         sv_Mvect+0
x11 <- 0x000000000000010C

mem[X,0x0000000080001398] -> 0x9593
mem[X,0x000000008000139A] -> 0x0045
[697] [M]: 0x0000000080001398 (0x00459593) slli x11, x11, 0x4                       sv_Mvect+4
x11 <- 0x00000000000010C0

clint mtime 0x000000000000015D (mip.MTI <- 0b1, mip.STI <- 0b0)
mem[X,0x000000008000139C] -> 0xE5B3
mem[X,0x000000008000139E] -> 0x0075
[698] [M]: 0x000000008000139C (0x0075E5B3) or x11, x11, x7                          sv_Mvect+8
x11 <- 0x00000000000010E0

mem[X,0x00000000800013A0] -> 0x8593
mem[X,0x00000000800013A2] -> 0x0035
[699] [M]: 0x00000000800013A0 (0x00358593) addi x11, x11, 0x3                       sv_Mvect+12
x11 <- 0x00000000000010E3

clint mtime 0x000000000000015E (mip.MTI <- 0b1, mip.STI <- 0b0)
mem[X,0x00000000800013A4] -> 0x3023
mem[X,0x00000000800013A6] -> 0x00B3
[700] [M]: 0x00000000800013A4 (0x00B33023) sd x11, 0x0(x6)                          sv_Mvect+16
mem[W,0x0000000080008318] <- 0x00000000000010E3

mem[X,0x00000000800013A8] -> 0x3423
mem[X,0x00000000800013AA] -> 0x00A3
[701] [M]: 0x00000000800013A8 (0x00A33423) sd x10, 0x8(x6)                          sv_Mcause+0
mem[W,0x0000000080008320] <- 0x0000000000000002

clint mtime 0x000000000000015F (mip.MTI <- 0b1, mip.STI <- 0b0)
mem[X,0x00000000800013AC] -> 0x4663
mem[X,0x00000000800013AE] -> 0x1A05
[702] [M]: 0x00000000800013AC (0x1A054663) blt x10, x0, 0x1ac                       sv_Mcause+4

mem[X,0x00000000800013B0] -> 0x25F3
mem[X,0x00000000800013B2] -> 0x3000
[703] [M]: 0x00000000800013B0 (0x300025F3) csrrs x11, mstatus, x0                   common_Mexcpt_handler+0
CSR mstatus (0x300) -> 0x0000000A00000800
x11 <- 0x0000000A00000800

clint mtime 0x0000000000000160 (mip.MTI <- 0b1, mip.STI <- 0b0)
mem[X,0x00000000800013B4] -> 0x9413
mem[X,0x00000000800013B6] -> 0x02E5
[704] [M]: 0x00000000800013B4 (0x02E59413) slli x8, x11, 0x2e                       common_Mexcpt_handler+4
x8 <- 0x0200000000000000

mem[X,0x00000000800013B8] -> 0x5463
mem[X,0x00000000800013BA] -> 0x0004
[705] [M]: 0x00000000800013B8 (0x00045463) bge x8, x0, 0x8                          common_Mexcpt_handler+8

clint mtime 0x0000000000000161 (mip.MTI <- 0b1, mip.STI <- 0b0)
mem[X,0x00000000800013C0] -> 0xD493
mem[X,0x00000000800013C2] -> 0x00B5
[706] [M]: 0x00000000800013C0 (0x00B5D493) srli x9, x11, 0xb                        common_Mexcpt_handler+16
x9 <- 0x0000000001400001

mem[X,0x00000000800013C4] -> 0xF493
mem[X,0x00000000800013C6] -> 0x0034
[707] [M]: 0x00000000800013C4 (0x0034F493) andi x9, x9, 0x3                         common_Mexcpt_handler+20
x9 <- 0x0000000000000001

clint mtime 0x0000000000000162 (mip.MTI <- 0b1, mip.STI <- 0b0)
mem[X,0x00000000800013C8] -> 0x8493
mem[X,0x00000000800013CA] -> 0x0014
[708] [M]: 0x00000000800013C8 (0x00148493) addi x9, x9, 0x1                         common_Mexcpt_handler+24
x9 <- 0x0000000000000002

mem[X,0x00000000800013CC] -> 0xF493
mem[X,0x00000000800013CE] -> 0x0044
[709] [M]: 0x00000000800013CC (0x0044F493) andi x9, x9, 0x4                         common_Mexcpt_handler+28
x9 <- 0x0000000000000000

clint mtime 0x0000000000000163 (mip.MTI <- 0b1, mip.STI <- 0b0)
mem[X,0x00000000800013D0] -> 0x0593
mem[X,0x00000000800013D2] -> 0x05D0
[710] [M]: 0x00000000800013D0 (0x05D00593) addi x11, x0, 0x5d                       common_Mexcpt_handler+32
x11 <- 0x000000000000005D

mem[X,0x00000000800013D4] -> 0xD5B3
mem[X,0x00000000800013D6] -> 0x0095
[711] [M]: 0x00000000800013D4 (0x0095D5B3) srl x11, x11, x9                         common_Mexcpt_handler+36
x11 <- 0x000000000000005D

clint mtime 0x0000000000000164 (mip.MTI <- 0b1, mip.STI <- 0b0)
mem[X,0x00000000800013D8] -> 0xF593
mem[X,0x00000000800013DA] -> 0x0015
[712] [M]: 0x00000000800013D8 (0x0015F593) andi x11, x11, 0x1                       common_Mexcpt_handler+40
x11 <- 0x0000000000000001

mem[X,0x00000000800013DC] -> 0x8EE3
mem[X,0x00000000800013DE] -> 0xF405
[713] [M]: 0x00000000800013DC (0xF4058EE3) beq x11, x0, -0xa4                       common_Mexcpt_handler+44

clint mtime 0x0000000000000165 (mip.MTI <- 0b1, mip.STI <- 0b0)
mem[X,0x00000000800013E0] -> 0x0593
mem[X,0x00000000800013E2] -> 0x2980
[714] [M]: 0x00000000800013E0 (0x29800593) addi x11, x0, 0x298                      common_Mexcpt_handler+48
x11 <- 0x0000000000000298

mem[X,0x00000000800013E4] -> 0xF413
mem[X,0x00000000800013E6] -> 0x0014
[715] [M]: 0x00000000800013E4 (0x0014F413) andi x8, x9, 0x1                         common_Mexcpt_handler+52
x8 <- 0x0000000000000000

clint mtime 0x0000000000000166 (mip.MTI <- 0b1, mip.STI <- 0b0)
mem[X,0x00000000800013E8] -> 0x95B3
mem[X,0x00000000800013EA] -> 0x0085
[716] [M]: 0x00000000800013E8 (0x008595B3) sll x11, x11, x8                         common_Mexcpt_handler+56
x11 <- 0x0000000000000298

mem[X,0x00000000800013EC] -> 0x9413
mem[X,0x00000000800013EE] -> 0x03D4
[717] [M]: 0x00000000800013EC (0x03D49413) slli x8, x9, 0x3d                        common_Mexcpt_handler+60
x8 <- 0x0000000000000000

clint mtime 0x0000000000000167 (mip.MTI <- 0b1, mip.STI <- 0b0)
mem[X,0x00000000800013F0] -> 0x5413
mem[X,0x00000000800013F2] -> 0x43F4
[718] [M]: 0x00000000800013F0 (0x43F45413) srai x8, x8, 0x3f                        common_Mexcpt_handler+64
x8 <- 0x0000000000000000

mem[X,0x00000000800013F4] -> 0x4413
mem[X,0x00000000800013F6] -> 0xFFF4
[719] [M]: 0x00000000800013F4 (0xFFF44413) xori x8, x8, -0x1                        common_Mexcpt_handler+68
x8 <- 0xFFFFFFFFFFFFFFFF

clint mtime 0x0000000000000168 (mip.MTI <- 0b1, mip.STI <- 0b0)
mem[X,0x00000000800013F8] -> 0xF4B3
mem[X,0x00000000800013FA] -> 0x0085
[720] [M]: 0x00000000800013F8 (0x0085F4B3) and x9, x11, x8                          common_Mexcpt_handler+72
x9 <- 0x0000000000000298

mem[X,0x00000000800013FC] -> 0x84B3
mem[X,0x00000000800013FE] -> 0x0024
[721] [M]: 0x00000000800013FC (0x002484B3) add x9, x9, x2                           vmem_adj_Mepc+0
x9 <- 0x0000000080004298

clint mtime 0x0000000000000169 (mip.MTI <- 0b1, mip.STI <- 0b0)
mem[X,0x0000000080001400] -> 0x23F3
mem[X,0x0000000080001402] -> 0x3410
[722] [M]: 0x0000000080001400 (0x341023F3) csrrs x7, mepc, x0                       vmem_adj_Mepc+4
CSR mepc (0x341) -> 0x0000000180000B24
x7 <- 0x0000000180000B24

mem[X,0x0000000080001404] -> 0x0413
mem[X,0x0000000080001406] -> 0x0004
[723] [M]: 0x0000000080001404 (0x00040413) addi x8, x8, 0x0                         vmem_adj_Mepc+8
x8 <- 0xFFFFFFFFFFFFFFFF

clint mtime 0x000000000000016A (mip.MTI <- 0b1, mip.STI <- 0b0)
mem[X,0x0000000080001408] -> 0x006F
mem[X,0x000000008000140A] -> 0x0400
[724] [M]: 0x0000000080001408 (0x0400006F) jal x0, 0x40                             vmem_adj_Mepc+12

mem[X,0x0000000080001448] -> 0x8433
mem[X,0x000000008000144A] -> 0x4083
[725] [M]: 0x0000000080001448 (0x40838433) sub x8, x7, x8                           adj_Mepc+0
x8 <- 0x0000000180000B25

clint mtime 0x000000000000016B (mip.MTI <- 0b1, mip.STI <- 0b0)
mem[X,0x000000008000144C] -> 0x3823
mem[X,0x000000008000144E] -> 0x0083
[726] [M]: 0x000000008000144C (0x00833823) sd x8, 0x10(x6)                          sv_Mepc+0
mem[W,0x0000000080008328] <- 0x0000000180000B25

mem[X,0x0000000080001450] -> 0x55B7
mem[X,0x0000000080001452] -> 0x0000
[727] [M]: 0x0000000080001450 (0x000055B7) lui x11, 0x5                             sv_Mepc+4
x11 <- 0x0000000000005000

clint mtime 0x000000000000016C (mip.MTI <- 0b1, mip.STI <- 0b0)
mem[X,0x0000000080001454] -> 0x8593
mem[X,0x0000000080001456] -> 0x6675
[728] [M]: 0x0000000080001454 (0x66758593) addi x11, x11, 0x667                     sv_Mepc+8
x11 <- 0x0000000000005667

mem[X,0x0000000080001458] -> 0x9593
mem[X,0x000000008000145A] -> 0x0015
[729] [M]: 0x0000000080001458 (0x00159593) slli x11, x11, 0x1                       sv_Mepc+12
x11 <- 0x000000000000ACCE

clint mtime 0x000000000000016D (mip.MTI <- 0b1, mip.STI <- 0b0)
mem[X,0x000000008000145C] -> 0x9063
mem[X,0x000000008000145E] -> 0x02B1
[730] [M]: 0x000000008000145C (0x02B19063) bne x3, x11, 0x20                        sv_Mepc+16

mem[X,0x000000008000147C] -> 0xF593
mem[X,0x000000008000147E] -> 0xFFC3
[731] [M]: 0x000000008000147C (0xFFC3F593) andi x11, x7, -0x4                       adj_Mepc_rtn+0
x11 <- 0x0000000180000B24

clint mtime 0x000000000000016E (mip.MTI <- 0b1, mip.STI <- 0b0)
mem[X,0x0000000080001480] -> 0x8593
mem[X,0x0000000080001482] -> 0x0085
[732] [M]: 0x0000000080001480 (0x00858593) addi x11, x11, 0x8                       adj_Mepc_rtn+4
x11 <- 0x0000000180000B2C

mem[X,0x0000000080001484] -> 0x9073
mem[X,0x0000000080001486] -> 0x3415
[733] [M]: 0x0000000080001484 (0x34159073) csrrw x0, mepc, x11                      adj_Mepc_rtn+8
CSR mepc (0x341) <- 0x0000000180000B2C

clint mtime 0x000000000000016F (mip.MTI <- 0b1, mip.STI <- 0b0)
mem[X,0x0000000080001488] -> 0x23F3
mem[X,0x000000008000148A] -> 0x3430
[734] [M]: 0x0000000080001488 (0x343023F3) csrrs x7, mtval, x0                      skp_adj_Mepc+0
CSR mtval (0x343) -> 0x00000000341494F3
x7 <- 0x00000000341494F3

mem[X,0x000000008000148C] -> 0x0413
mem[X,0x000000008000148E] -> 0x0004
[735] [M]: 0x000000008000148C (0x00040413) addi x8, x8, 0x0                         skp_adj_Mepc+4
x8 <- 0x0000000180000B25

clint mtime 0x0000000000000170 (mip.MTI <- 0b1, mip.STI <- 0b0)
mem[X,0x0000000080001490] -> 0x006F
mem[X,0x0000000080001492] -> 0x0840
[736] [M]: 0x0000000080001490 (0x0840006F) jal x0, 0x84                             skp_adj_Mepc+8

mem[X,0x0000000080001514] -> 0x8433
mem[X,0x0000000080001516] -> 0x4083
[737] [M]: 0x0000000080001514 (0x40838433) sub x8, x7, x8                           adj_Mtval+0
x8 <- 0xFFFFFFFEB41489CE

clint mtime 0x0000000000000171 (mip.MTI <- 0b1, mip.STI <- 0b0)
mem[X,0x0000000080001518] -> 0x3C23
mem[X,0x000000008000151A] -> 0x0083
[738] [M]: 0x0000000080001518 (0x00833C23) sd x8, 0x18(x6)                          sv_Mtval+0
mem[W,0x0000000080008330] <- 0xFFFFFFFEB41489CE

mem[X,0x000000008000151C] -> 0x3483
mem[X,0x000000008000151E] -> 0x2181
[739] [M]: 0x000000008000151C (0x21813483) ld x9, 0x218(x2)                         skp_Mtval+0
mem[R,0x0000000080004218] -> 0x0000000080008338
x9 <- 0x0000000080008338

clint mtime 0x0000000000000172 (mip.MTI <- 0b1, mip.STI <- 0b0)
mem[X,0x0000000080001520] -> 0x3383
mem[X,0x0000000080001522] -> 0x1F81
[740] [M]: 0x0000000080001520 (0x1F813383) ld x7, 0x1f8(x2)                         skp_Mtval+4
mem[R,0x00000000800041F8] -> 0x0000000080008110
x7 <- 0x0000000080008110

mem[X,0x0000000080001524] -> 0x3303
mem[X,0x0000000080001526] -> 0x2001
[741] [M]: 0x0000000080001524 (0x20013303) ld x6, 0x200(x2)                         skp_Mtval+8
mem[R,0x0000000080004200] -> 0x0000000000000410
x6 <- 0x0000000000000410

clint mtime 0x0000000000000173 (mip.MTI <- 0b1, mip.STI <- 0b0)
mem[X,0x0000000080001528] -> 0x0333
mem[X,0x000000008000152A] -> 0x0073
[742] [M]: 0x0000000080001528 (0x00730333) add x6, x6, x7                           skp_Mtval+12
x6 <- 0x0000000080008520

mem[X,0x000000008000152C] -> 0x6AE3
mem[X,0x000000008000152E] -> 0xAE93
[743] [M]: 0x000000008000152C (0xAE936AE3) bltu x6, x9, -0x50c                      skp_Mtval+16

clint mtime 0x0000000000000174 (mip.MTI <- 0b1, mip.STI <- 0b0)
mem[X,0x0000000080001530] -> 0x0393
mem[X,0x0000000080001532] -> 0x2000
[744] [M]: 0x0000000080001530 (0x20000393) addi x7, x0, 0x200                       skp_Mtval+20
x7 <- 0x0000000000000200

mem[X,0x0000000080001534] -> 0x006F
mem[X,0x0000000080001536] -> 0x0400
[745] [M]: 0x0000000080001534 (0x0400006F) jal x0, 0x40                             skp_Mtval+24

clint mtime 0x0000000000000175 (mip.MTI <- 0b1, mip.STI <- 0b0)
mem[X,0x0000000080001574] -> 0x0417
mem[X,0x0000000080001576] -> 0x0000
[746] [M]: 0x0000000080001574 (0x00000417) auipc x8, 0x0                            spcl_Mhandler+0
x8 <- 0x0000000080001574

mem[X,0x0000000080001578] -> 0x0413
mem[X,0x000000008000157A] -> 0x03C4
[747] [M]: 0x0000000080001578 (0x03C40413) addi x8, x8, 0x3c                        spcl_Mhandler+4
x8 <- 0x00000000800015B0

clint mtime 0x0000000000000176 (mip.MTI <- 0b1, mip.STI <- 0b0)
mem[X,0x000000008000157C] -> 0x0433
mem[X,0x000000008000157E] -> 0x0074
[748] [M]: 0x000000008000157C (0x00740433) add x8, x8, x7                           spcl_Mhandler+8
x8 <- 0x00000000800017B0

mem[X,0x0000000080001580] -> 0x1393
mem[X,0x0000000080001582] -> 0x0035
[749] [M]: 0x0000000080001580 (0x00351393) slli x7, x10, 0x3                        spcl_Mhandler+12
x7 <- 0x0000000000000010

clint mtime 0x0000000000000177 (mip.MTI <- 0b1, mip.STI <- 0b0)
mem[X,0x0000000080001584] -> 0x0433
mem[X,0x0000000080001586] -> 0x0074
[750] [M]: 0x0000000080001584 (0x00740433) add x8, x8, x7                           spcl_Mhandler+16
x8 <- 0x00000000800017C0

mem[X,0x0000000080001588] -> 0x7413
mem[X,0x000000008000158A] -> 0xFF84
[751] [M]: 0x0000000080001588 (0xFF847413) andi x8, x8, -0x8                        spcl_Mhandler+20
x8 <- 0x00000000800017C0

clint mtime 0x0000000000000178 (mip.MTI <- 0b1, mip.STI <- 0b0)
mem[X,0x000000008000158C] -> 0x3403
mem[X,0x000000008000158E] -> 0x0004
[752] [M]: 0x000000008000158C (0x00043403) ld x8, 0x0(x8)                           spcl_Mhandler+24
mem[R,0x00000000800017C0] -> 0x0000000000000005
x8 <- 0x0000000000000005

mem[X,0x0000000080001590] -> 0x02E3
mem[X,0x0000000080001592] -> 0xB204
[753] [M]: 0x0000000080001590 (0xB20402E3) beq x8, x0, -0x4dc                       spcl_Mdispatch_hndling+0

clint mtime 0x0000000000000179 (mip.MTI <- 0b1, mip.STI <- 0b0)
mem[X,0x0000000080001594] -> 0x1393
mem[X,0x0000000080001596] -> 0x03F4
[754] [M]: 0x0000000080001594 (0x03F41393) slli x7, x8, 0x3f                        spcl_Mdispatch_hndling+4
x7 <- 0x8000000000000000

mem[X,0x0000000080001598] -> 0xD863
mem[X,0x000000008000159A] -> 0x0003
[755] [M]: 0x0000000080001598 (0x0003D863) bge x7, x0, 0x10                         spcl_Mdispatch_hndling+8

clint mtime 0x000000000000017A (mip.MTI <- 0b1, mip.STI <- 0b0)
mem[X,0x000000008000159C] -> 0x5413
mem[X,0x000000008000159E] -> 0x0014
[756] [M]: 0x000000008000159C (0x00145413) srli x8, x8, 0x1                         spcl_Mdispatch_hndling+12
x8 <- 0x0000000000000002

mem[X,0x00000000800015A0] -> 0x0CE3
mem[X,0x00000000800015A2] -> 0xF885
[757] [M]: 0x00000000800015A0 (0xF8850CE3) beq x10, x8, -0x68                       spcl_Mdispatch_hndling+16

clint mtime 0x000000000000017B (mip.MTI <- 0b1, mip.STI <- 0b0)
mem[X,0x0000000080001538] -> 0x3303
mem[X,0x000000008000153A] -> 0x2601
[758] [M]: 0x0000000080001538 (0x26013303) ld x6, 0x260(x2)                         resto_Mrtn+0
mem[R,0x0000000080004260] -> 0x0000000100000008
x6 <- 0x0000000100000008

mem[X,0x000000008000153C] -> 0x3383
mem[X,0x000000008000153E] -> 0x2681
[759] [M]: 0x000000008000153C (0x26813383) ld x7, 0x268(x2)                         resto_Mrtn+4
mem[R,0x0000000080004268] -> 0x0000000080004000
x7 <- 0x0000000080004000

clint mtime 0x000000000000017C (mip.MTI <- 0b1, mip.STI <- 0b0)
mem[X,0x0000000080001540] -> 0x3403
mem[X,0x0000000080001542] -> 0x2701
[760] [M]: 0x0000000080001540 (0x27013403) ld x8, 0x270(x2)                         resto_Mrtn+8
mem[R,0x0000000080004270] -> 0x0000000000007F76
x8 <- 0x0000000000007F76

mem[X,0x0000000080001544] -> 0x3483
mem[X,0x0000000080001546] -> 0x2781
[761] [M]: 0x0000000080001544 (0x27813483) ld x9, 0x278(x2)                         resto_Mrtn+12
mem[R,0x0000000080004278] -> 0x0000000280000B24
x9 <- 0x0000000280000B24

clint mtime 0x000000000000017D (mip.MTI <- 0b1, mip.STI <- 0b0)
mem[X,0x0000000080001548] -> 0x3503
mem[X,0x000000008000154A] -> 0x2801
[762] [M]: 0x0000000080001548 (0x28013503) ld x10, 0x280(x2)                        resto_Mrtn+16
mem[R,0x0000000080004280] -> 0x00000000200000CF
x10 <- 0x00000000200000CF

mem[X,0x000000008000154C] -> 0x3583
mem[X,0x000000008000154E] -> 0x2881
[763] [M]: 0x000000008000154C (0x28813583) ld x11, 0x288(x2)                        resto_Mrtn+20
mem[R,0x0000000080004288] -> 0x00000000000000CF
x11 <- 0x00000000000000CF

clint mtime 0x000000000000017E (mip.MTI <- 0b1, mip.STI <- 0b0)
mem[X,0x0000000080001550] -> 0x3103
mem[X,0x0000000080001552] -> 0x2901
[764] [M]: 0x0000000080001550 (0x29013103) ld x2, 0x290(x2)                         resto_Mrtn+24
mem[R,0x0000000080004290] -> 0x0000000080004000
x2 <- 0x0000000080004000

mem[X,0x0000000080001554] -> 0x0073
mem[X,0x0000000080001556] -> 0x3020
[765] [M]: 0x0000000080001554 (0x30200073) mret                                     resto_Mrtn+28
CSR mstatus (0x300) <- 0x0000000A00000080
ret-ing from M to S

clint mtime 0x000000000000017F (mip.MTI <- 0b1, mip.STI <- 0b0)
mem[X,0x0000000080000B2C] -> 0x07B7
mem[X,0x0000000080000B2E] -> 0x8000
[766] [S]: 0x0000000180000B2C (0x800007B7) lui x15, -0x80000                        va_rvtest_code_begin+848
x15 <- 0xFFFFFFFF80000000

mem[X,0x0000000080000B30] -> 0x8793
mem[X,0x0000000080000B32] -> 0x0017
[767] [S]: 0x0000000180000B30 (0x00178793) addi x15, x15, 0x1                       va_rvtest_code_begin+852
x15 <- 0xFFFFFFFF80000001

clint mtime 0x0000000000000180 (mip.MTI <- 0b1, mip.STI <- 0b0)
mem[X,0x0000000080000B34] -> 0x9793
mem[X,0x0000000080000B36] -> 0x00B7
[768] [S]: 0x0000000180000B34 (0x00B79793) slli x15, x15, 0xb                       va_rvtest_code_begin+856
x15 <- 0xFFFFFC0000000800

mem[X,0x0000000080000B38] -> 0x8793
mem[X,0x0000000080000B3A] -> 0x2007
[769] [S]: 0x0000000180000B38 (0x20078793) addi x15, x15, 0x200                     va_rvtest_code_begin+860
x15 <- 0xFFFFFC0000000A00

clint mtime 0x0000000000000181 (mip.MTI <- 0b1, mip.STI <- 0b0)
mem[X,0x0000000080000B3C] -> 0x9793
mem[X,0x0000000080000B3E] -> 0x00B7
[770] [S]: 0x0000000180000B3C (0x00B79793) slli x15, x15, 0xb                       va_rvtest_code_begin+864
x15 <- 0xFFE0000000500000

mem[X,0x0000000080000B40] -> 0x8793
mem[X,0x0000000080000B42] -> 0x0017
[771] [S]: 0x0000000180000B40 (0x00178793) addi x15, x15, 0x1                       va_rvtest_code_begin+868
x15 <- 0xFFE0000000500001

clint mtime 0x0000000000000182 (mip.MTI <- 0b1, mip.STI <- 0b0)
mem[X,0x0000000080000B44] -> 0x9793
mem[X,0x0000000080000B46] -> 0x00A7
[772] [S]: 0x0000000180000B44 (0x00A79793) slli x15, x15, 0xa                       va_rvtest_code_begin+872
x15 <- 0x8000000140000400

mem[X,0x0000000080000B48] -> 0x8793
mem[X,0x0000000080000B4A] -> 0x0047
[773] [S]: 0x0000000180000B48 (0x00478793) addi x15, x15, 0x4                       va_rvtest_code_begin+876
x15 <- 0x8000000140000404

clint mtime 0x0000000000000183 (mip.MTI <- 0b1, mip.STI <- 0b0)
mem[X,0x0000000080000B4C] -> 0x0613
mem[X,0x0000000080000B4E] -> 0x0106
[774] [S]: 0x0000000180000B4C (0x01060613) addi x12, x12, 0x10                      va_rvtest_code_begin+880
x12 <- 0x0000000000000010

mem[X,0x0000000080000B50] -> 0xAA23
mem[X,0x0000000080000B52] -> 0x00C7
[775] [S]: 0x0000000180000B50 (0x00C7AA23) sw x12, 0x14(x15)                        va_rvtest_code_begin+884
trapping from S to M to handle store/amo-page-fault
handling exc#store/amo-page-fault at priv M with tval 0x8000000140000418
CSR mstatus (0x300) <- 0x0000000A00000800
CSR mcause (0x342) <- 0x000000000000000F
CSR mtval (0x343) <- 0x8000000140000418
CSR mepc (0x341) <- 0x0000000180000B50

clint mtime 0x0000000000000184 (mip.MTI <- 0b1, mip.STI <- 0b0)
mem[X,0x0000000080001100] -> 0x006F
mem[X,0x0000000080001102] -> 0x1000
[776] [M]: 0x0000000080001100 (0x1000006F) jal x0, 0x100                            Mtrampoline+0

mem[X,0x0000000080001200] -> 0x1173
mem[X,0x0000000080001202] -> 0x3401
[777] [M]: 0x0000000080001200 (0x34011173) csrrw x2, mscratch, x2                   trap_Mhandler+0
CSR mscratch (0x340) <- 0x0000000080004000
x2 <- 0x0000000080004000

clint mtime 0x0000000000000185 (mip.MTI <- 0b1, mip.STI <- 0b0)
mem[X,0x0000000080001204] -> 0x3423
mem[X,0x0000000080001206] -> 0x28B1
[778] [M]: 0x0000000080001204 (0x28B13423) sd x11, 0x288(x2)                        trap_Mhandler+4
mem[W,0x0000000080004288] <- 0x00000000000000CF

mem[X,0x0000000080001208] -> 0x05EF
mem[X,0x000000008000120A] -> 0x0B80
[779] [M]: 0x0000000080001208 (0x0B8005EF) jal x11, 0xb8                            trap_Mhandler+8
x11 <- 0x000000008000120C

clint mtime 0x0000000000000186 (mip.MTI <- 0b1, mip.STI <- 0b0)
mem[X,0x00000000800012C0] -> 0x3023
mem[X,0x00000000800012C2] -> 0x28A1
[780] [M]: 0x00000000800012C0 (0x28A13023) sd x10, 0x280(x2)                        common_Mhandler+0
mem[W,0x0000000080004280] <- 0x00000000200000CF

mem[X,0x00000000800012C4] -> 0x1573
mem[X,0x00000000800012C6] -> 0x3401
[781] [M]: 0x00000000800012C4 (0x34011573) csrrw x10, mscratch, x2                  common_Mhandler+4
CSR mscratch (0x340) <- 0x0000000080004000
x10 <- 0x0000000080004000

clint mtime 0x0000000000000187 (mip.MTI <- 0b1, mip.STI <- 0b0)
mem[X,0x00000000800012C8] -> 0x3823
mem[X,0x00000000800012CA] -> 0x28A1
[782] [M]: 0x00000000800012C8 (0x28A13823) sd x10, 0x290(x2)                        common_Mhandler+8
mem[W,0x0000000080004290] <- 0x0000000080004000

mem[X,0x00000000800012CC] -> 0x3503
mem[X,0x00000000800012CE] -> 0x2301
[783] [M]: 0x00000000800012CC (0x23013503) ld x10, 0x230(x2)                        common_Mhandler+12
mem[R,0x0000000080004230] -> 0x00000000800012D4
x10 <- 0x00000000800012D4

clint mtime 0x0000000000000188 (mip.MTI <- 0b1, mip.STI <- 0b0)
mem[X,0x00000000800012D0] -> 0x0067
mem[X,0x00000000800012D2] -> 0x0005
[784] [M]: 0x00000000800012D0 (0x00050067) jalr x0, 0x0(x10)                        common_Mhandler+16

mem[X,0x00000000800012D4] -> 0x3C23
mem[X,0x00000000800012D6] -> 0x2691
[785] [M]: 0x00000000800012D4 (0x26913C23) sd x9, 0x278(x2)                         common_Mentry+0
mem[W,0x0000000080004278] <- 0x0000000280000B24

clint mtime 0x0000000000000189 (mip.MTI <- 0b1, mip.STI <- 0b0)
mem[X,0x00000000800012D8] -> 0x3823
mem[X,0x00000000800012DA] -> 0x2681
[786] [M]: 0x00000000800012D8 (0x26813823) sd x8, 0x270(x2)                         common_Mentry+4
mem[W,0x0000000080004270] <- 0x0000000000007F76

mem[X,0x00000000800012DC] -> 0x3423
mem[X,0x00000000800012DE] -> 0x2671
[787] [M]: 0x00000000800012DC (0x26713423) sd x7, 0x268(x2)                         common_Mentry+8
mem[W,0x0000000080004268] <- 0x0000000080004000

clint mtime 0x000000000000018A (mip.MTI <- 0b1, mip.STI <- 0b0)
mem[X,0x00000000800012E0] -> 0x3023
mem[X,0x00000000800012E2] -> 0x2661
[788] [M]: 0x00000000800012E0 (0x26613023) sd x6, 0x260(x2)                         common_Mentry+12
mem[W,0x0000000080004260] <- 0x0000000100000008

mem[X,0x00000000800012E4] -> 0x2573
mem[X,0x00000000800012E6] -> 0x3420
[789] [M]: 0x00000000800012E4 (0x34202573) csrrs x10, mcause, x0                    spcl_M2mmode_test+0
CSR mcause (0x342) -> 0x000000000000000F
x10 <- 0x000000000000000F

clint mtime 0x000000000000018B (mip.MTI <- 0b1, mip.STI <- 0b0)
mem[X,0x00000000800012E8] -> 0x04B7
mem[X,0x00000000800012EA] -> 0x8000
[790] [M]: 0x00000000800012E8 (0x800004B7) lui x9, -0x80000                         spcl_M2mmode_test+4
x9 <- 0xFFFFFFFF80000000

mem[X,0x00000000800012EC] -> 0x8493
mem[X,0x00000000800012EE] -> 0x0004
[791] [M]: 0x00000000800012EC (0x00048493) addi x9, x9, 0x0                         spcl_M2mmode_test+8
x9 <- 0xFFFFFFFF80000000

clint mtime 0x000000000000018C (mip.MTI <- 0b1, mip.STI <- 0b0)
mem[X,0x00000000800012F0] -> 0x9493
mem[X,0x00000000800012F2] -> 0x00B4
[792] [M]: 0x00000000800012F0 (0x00B49493) slli x9, x9, 0xb                         spcl_M2mmode_test+12
x9 <- 0xFFFFFC0000000000

mem[X,0x00000000800012F4] -> 0x8493
mem[X,0x00000000800012F6] -> 0x0004
[793] [M]: 0x00000000800012F4 (0x00048493) addi x9, x9, 0x0                         spcl_M2mmode_test+16
x9 <- 0xFFFFFC0000000000

clint mtime 0x000000000000018D (mip.MTI <- 0b1, mip.STI <- 0b0)
mem[X,0x00000000800012F8] -> 0x9493
mem[X,0x00000000800012FA] -> 0x00B4
[794] [M]: 0x00000000800012F8 (0x00B49493) slli x9, x9, 0xb                         spcl_M2mmode_test+20
x9 <- 0xFFE0000000000000

mem[X,0x00000000800012FC] -> 0x8493
mem[X,0x00000000800012FE] -> 0x0034
[795] [M]: 0x00000000800012FC (0x00348493) addi x9, x9, 0x3                         spcl_M2mmode_test+24
x9 <- 0xFFE0000000000003

clint mtime 0x000000000000018E (mip.MTI <- 0b1, mip.STI <- 0b0)
mem[X,0x0000000080001300] -> 0x9493
mem[X,0x0000000080001302] -> 0x00A4
[796] [M]: 0x0000000080001300 (0x00A49493) slli x9, x9, 0xa                         spcl_M2mmode_test+28
x9 <- 0x8000000000000C00

mem[X,0x0000000080001304] -> 0x8493
mem[X,0x0000000080001306] -> 0x3FC4
[797] [M]: 0x0000000080001304 (0x3FC48493) addi x9, x9, 0x3fc                       spcl_M2mmode_test+32
x9 <- 0x8000000000000FFC

clint mtime 0x000000000000018F (mip.MTI <- 0b1, mip.STI <- 0b0)
mem[X,0x0000000080001308] -> 0xF4B3
mem[X,0x000000008000130A] -> 0x00A4
[798] [M]: 0x0000000080001308 (0x00A4F4B3) and x9, x9, x10                          spcl_M2mmode_test+36
x9 <- 0x000000000000000C

mem[X,0x000000008000130C] -> 0x8493
mem[X,0x000000008000130E] -> 0xFF84
[799] [M]: 0x000000008000130C (0xFF848493) addi x9, x9, -0x8                        spcl_M2mmode_test+40
x9 <- 0x0000000000000004

clint mtime 0x0000000000000190 (mip.MTI <- 0b1, mip.STI <- 0b0)
mem[X,0x0000000080001310] -> 0x9663
mem[X,0x0000000080001312] -> 0x0004
[800] [M]: 0x0000000080001310 (0x00049663) bne x9, x0, 0xc                          spcl_M2mmode_test+44

mem[X,0x000000008000131C] -> 0x0393
mem[X,0x000000008000131E] -> 0x0200
[801] [M]: 0x000000008000131C (0x02000393) addi x7, x0, 0x20                        Mtrapsig_ptr_upd+0
x7 <- 0x0000000000000020

clint mtime 0x0000000000000191 (mip.MTI <- 0b1, mip.STI <- 0b0)
mem[X,0x0000000080001320] -> 0x5263
mem[X,0x0000000080001322] -> 0x0405
[802] [M]: 0x0000000080001320 (0x04055263) bge x10, x0, 0x44                        Mtrapsig_ptr_upd+4

mem[X,0x0000000080001364] -> 0x2373
mem[X,0x0000000080001366] -> 0x3010
[803] [M]: 0x0000000080001364 (0x30102373) csrrs x6, misa, x0                       Mxcpt_sig_sv+0
CSR misa (0x301) -> 0x800000000034112F
x6 <- 0x800000000034112F

clint mtime 0x0000000000000192 (mip.MTI <- 0b1, mip.STI <- 0b0)
mem[X,0x0000000080001368] -> 0x1313
mem[X,0x000000008000136A] -> 0x0383
[804] [M]: 0x0000000080001368 (0x03831313) slli x6, x6, 0x38                        Mxcpt_sig_sv+4
x6 <- 0x2F00000000000000

mem[X,0x000000008000136C] -> 0x5463
mem[X,0x000000008000136E] -> 0x0003
[805] [M]: 0x000000008000136C (0x00035463) bge x6, x0, 0x8                          Mxcpt_sig_sv+8

clint mtime 0x0000000000000193 (mip.MTI <- 0b1, mip.STI <- 0b0)
mem[X,0x0000000080001374] -> 0x3303
mem[X,0x0000000080001376] -> 0x2181
[806] [M]: 0x0000000080001374 (0x21813303) ld x6, 0x218(x2)                         Mtrap_sig_sv+0
mem[R,0x0000000080004218] -> 0x0000000080008338
x6 <- 0x0000000080008338

mem[X,0x0000000080001378] -> 0x04B3
mem[X,0x000000008000137A] -> 0x0073
[807] [M]: 0x0000000080001378 (0x007304B3) add x9, x6, x7                           Mtrap_sig_sv+4
x9 <- 0x0000000080008358

clint mtime 0x0000000000000194 (mip.MTI <- 0b1, mip.STI <- 0b0)
mem[X,0x000000008000137C] -> 0x3C23
mem[X,0x000000008000137E] -> 0x2091
[808] [M]: 0x000000008000137C (0x20913C23) sd x9, 0x218(x2)                         Mtrap_sig_sv+8
mem[W,0x0000000080004218] <- 0x0000000080008358

mem[X,0x0000000080001380] -> 0x3403
mem[X,0x0000000080001382] -> 0x1F81
[809] [M]: 0x0000000080001380 (0x1F813403) ld x8, 0x1f8(x2)                         Mtrap_sig_sv+12
mem[R,0x00000000800041F8] -> 0x0000000080008110
x8 <- 0x0000000080008110

clint mtime 0x0000000000000195 (mip.MTI <- 0b1, mip.STI <- 0b0)
mem[X,0x0000000080001384] -> 0x0333
mem[X,0x0000000080001386] -> 0x4083
[810] [M]: 0x0000000080001384 (0x40830333) sub x6, x6, x8                           Mtrap_sig_sv+16
x6 <- 0x0000000000000228

mem[X,0x0000000080001388] -> 0x3403
mem[X,0x000000008000138A] -> 0x1F81
[811] [M]: 0x0000000080001388 (0x1F813403) ld x8, 0x1f8(x2)                         Mtrap_sig_sv+20
mem[R,0x00000000800041F8] -> 0x0000000080008110
x8 <- 0x0000000080008110

clint mtime 0x0000000000000196 (mip.MTI <- 0b1, mip.STI <- 0b0)
mem[X,0x000000008000138C] -> 0x0333
mem[X,0x000000008000138E] -> 0x0083
[812] [M]: 0x000000008000138C (0x00830333) add x6, x6, x8                           Mtrap_sig_sv+24
x6 <- 0x0000000080008338

mem[X,0x0000000080001390] -> 0x3403
mem[X,0x0000000080001392] -> 0x2401
[813] [M]: 0x0000000080001390 (0x24013403) ld x8, 0x240(x2)                         Mtrap_sig_sv+28
mem[R,0x0000000080004240] -> 0x0000000080001100
x8 <- 0x0000000080001100

clint mtime 0x0000000000000197 (mip.MTI <- 0b1, mip.STI <- 0b0)
mem[X,0x0000000080001394] -> 0x85B3
mem[X,0x0000000080001396] -> 0x4085
[814] [M]: 0x0000000080001394 (0x408585B3) sub x11, x11, x8                         sv_Mvect+0
x11 <- 0x000000000000010C

mem[X,0x0000000080001398] -> 0x9593
mem[X,0x000000008000139A] -> 0x0045
[815] [M]: 0x0000000080001398 (0x00459593) slli x11, x11, 0x4                       sv_Mvect+4
x11 <- 0x00000000000010C0

clint mtime 0x0000000000000198 (mip.MTI <- 0b1, mip.STI <- 0b0)
mem[X,0x000000008000139C] -> 0xE5B3
mem[X,0x000000008000139E] -> 0x0075
[816] [M]: 0x000000008000139C (0x0075E5B3) or x11, x11, x7                          sv_Mvect+8
x11 <- 0x00000000000010E0

mem[X,0x00000000800013A0] -> 0x8593
mem[X,0x00000000800013A2] -> 0x0035
[817] [M]: 0x00000000800013A0 (0x00358593) addi x11, x11, 0x3                       sv_Mvect+12
x11 <- 0x00000000000010E3

clint mtime 0x0000000000000199 (mip.MTI <- 0b1, mip.STI <- 0b0)
mem[X,0x00000000800013A4] -> 0x3023
mem[X,0x00000000800013A6] -> 0x00B3
[818] [M]: 0x00000000800013A4 (0x00B33023) sd x11, 0x0(x6)                          sv_Mvect+16
mem[W,0x0000000080008338] <- 0x00000000000010E3

mem[X,0x00000000800013A8] -> 0x3423
mem[X,0x00000000800013AA] -> 0x00A3
[819] [M]: 0x00000000800013A8 (0x00A33423) sd x10, 0x8(x6)                          sv_Mcause+0
mem[W,0x0000000080008340] <- 0x000000000000000F

clint mtime 0x000000000000019A (mip.MTI <- 0b1, mip.STI <- 0b0)
mem[X,0x00000000800013AC] -> 0x4663
mem[X,0x00000000800013AE] -> 0x1A05
[820] [M]: 0x00000000800013AC (0x1A054663) blt x10, x0, 0x1ac                       sv_Mcause+4

mem[X,0x00000000800013B0] -> 0x25F3
mem[X,0x00000000800013B2] -> 0x3000
[821] [M]: 0x00000000800013B0 (0x300025F3) csrrs x11, mstatus, x0                   common_Mexcpt_handler+0
CSR mstatus (0x300) -> 0x0000000A00000800
x11 <- 0x0000000A00000800

clint mtime 0x000000000000019B (mip.MTI <- 0b1, mip.STI <- 0b0)
mem[X,0x00000000800013B4] -> 0x9413
mem[X,0x00000000800013B6] -> 0x02E5
[822] [M]: 0x00000000800013B4 (0x02E59413) slli x8, x11, 0x2e                       common_Mexcpt_handler+4
x8 <- 0x0200000000000000

mem[X,0x00000000800013B8] -> 0x5463
mem[X,0x00000000800013BA] -> 0x0004
[823] [M]: 0x00000000800013B8 (0x00045463) bge x8, x0, 0x8                          common_Mexcpt_handler+8

clint mtime 0x000000000000019C (mip.MTI <- 0b1, mip.STI <- 0b0)
mem[X,0x00000000800013C0] -> 0xD493
mem[X,0x00000000800013C2] -> 0x00B5
[824] [M]: 0x00000000800013C0 (0x00B5D493) srli x9, x11, 0xb                        common_Mexcpt_handler+16
x9 <- 0x0000000001400001

mem[X,0x00000000800013C4] -> 0xF493
mem[X,0x00000000800013C6] -> 0x0034
[825] [M]: 0x00000000800013C4 (0x0034F493) andi x9, x9, 0x3                         common_Mexcpt_handler+20
x9 <- 0x0000000000000001

clint mtime 0x000000000000019D (mip.MTI <- 0b1, mip.STI <- 0b0)
mem[X,0x00000000800013C8] -> 0x8493
mem[X,0x00000000800013CA] -> 0x0014
[826] [M]: 0x00000000800013C8 (0x00148493) addi x9, x9, 0x1                         common_Mexcpt_handler+24
x9 <- 0x0000000000000002

mem[X,0x00000000800013CC] -> 0xF493
mem[X,0x00000000800013CE] -> 0x0044
[827] [M]: 0x00000000800013CC (0x0044F493) andi x9, x9, 0x4                         common_Mexcpt_handler+28
x9 <- 0x0000000000000000

clint mtime 0x000000000000019E (mip.MTI <- 0b1, mip.STI <- 0b0)
mem[X,0x00000000800013D0] -> 0x0593
mem[X,0x00000000800013D2] -> 0x05D0
[828] [M]: 0x00000000800013D0 (0x05D00593) addi x11, x0, 0x5d                       common_Mexcpt_handler+32
x11 <- 0x000000000000005D

mem[X,0x00000000800013D4] -> 0xD5B3
mem[X,0x00000000800013D6] -> 0x0095
[829] [M]: 0x00000000800013D4 (0x0095D5B3) srl x11, x11, x9                         common_Mexcpt_handler+36
x11 <- 0x000000000000005D

clint mtime 0x000000000000019F (mip.MTI <- 0b1, mip.STI <- 0b0)
mem[X,0x00000000800013D8] -> 0xF593
mem[X,0x00000000800013DA] -> 0x0015
[830] [M]: 0x00000000800013D8 (0x0015F593) andi x11, x11, 0x1                       common_Mexcpt_handler+40
x11 <- 0x0000000000000001

mem[X,0x00000000800013DC] -> 0x8EE3
mem[X,0x00000000800013DE] -> 0xF405
[831] [M]: 0x00000000800013DC (0xF4058EE3) beq x11, x0, -0xa4                       common_Mexcpt_handler+44

clint mtime 0x00000000000001A0 (mip.MTI <- 0b1, mip.STI <- 0b0)
mem[X,0x00000000800013E0] -> 0x0593
mem[X,0x00000000800013E2] -> 0x2980
[832] [M]: 0x00000000800013E0 (0x29800593) addi x11, x0, 0x298                      common_Mexcpt_handler+48
x11 <- 0x0000000000000298

mem[X,0x00000000800013E4] -> 0xF413
mem[X,0x00000000800013E6] -> 0x0014
[833] [M]: 0x00000000800013E4 (0x0014F413) andi x8, x9, 0x1                         common_Mexcpt_handler+52
x8 <- 0x0000000000000000

clint mtime 0x00000000000001A1 (mip.MTI <- 0b1, mip.STI <- 0b0)
mem[X,0x00000000800013E8] -> 0x95B3
mem[X,0x00000000800013EA] -> 0x0085
[834] [M]: 0x00000000800013E8 (0x008595B3) sll x11, x11, x8                         common_Mexcpt_handler+56
x11 <- 0x0000000000000298

mem[X,0x00000000800013EC] -> 0x9413
mem[X,0x00000000800013EE] -> 0x03D4
[835] [M]: 0x00000000800013EC (0x03D49413) slli x8, x9, 0x3d                        common_Mexcpt_handler+60
x8 <- 0x0000000000000000

clint mtime 0x00000000000001A2 (mip.MTI <- 0b1, mip.STI <- 0b0)
mem[X,0x00000000800013F0] -> 0x5413
mem[X,0x00000000800013F2] -> 0x43F4
[836] [M]: 0x00000000800013F0 (0x43F45413) srai x8, x8, 0x3f                        common_Mexcpt_handler+64
x8 <- 0x0000000000000000

mem[X,0x00000000800013F4] -> 0x4413
mem[X,0x00000000800013F6] -> 0xFFF4
[837] [M]: 0x00000000800013F4 (0xFFF44413) xori x8, x8, -0x1                        common_Mexcpt_handler+68
x8 <- 0xFFFFFFFFFFFFFFFF

clint mtime 0x00000000000001A3 (mip.MTI <- 0b1, mip.STI <- 0b0)
mem[X,0x00000000800013F8] -> 0xF4B3
mem[X,0x00000000800013FA] -> 0x0085
[838] [M]: 0x00000000800013F8 (0x0085F4B3) and x9, x11, x8                          common_Mexcpt_handler+72
x9 <- 0x0000000000000298

mem[X,0x00000000800013FC] -> 0x84B3
mem[X,0x00000000800013FE] -> 0x0024
[839] [M]: 0x00000000800013FC (0x002484B3) add x9, x9, x2                           vmem_adj_Mepc+0
x9 <- 0x0000000080004298

clint mtime 0x00000000000001A4 (mip.MTI <- 0b1, mip.STI <- 0b0)
mem[X,0x0000000080001400] -> 0x23F3
mem[X,0x0000000080001402] -> 0x3410
[840] [M]: 0x0000000080001400 (0x341023F3) csrrs x7, mepc, x0                       vmem_adj_Mepc+4
CSR mepc (0x341) -> 0x0000000180000B50
x7 <- 0x0000000180000B50

mem[X,0x0000000080001404] -> 0x0413
mem[X,0x0000000080001406] -> 0x0004
[841] [M]: 0x0000000080001404 (0x00040413) addi x8, x8, 0x0                         vmem_adj_Mepc+8
x8 <- 0xFFFFFFFFFFFFFFFF

clint mtime 0x00000000000001A5 (mip.MTI <- 0b1, mip.STI <- 0b0)
mem[X,0x0000000080001408] -> 0x006F
mem[X,0x000000008000140A] -> 0x0400
[842] [M]: 0x0000000080001408 (0x0400006F) jal x0, 0x40                             vmem_adj_Mepc+12

mem[X,0x0000000080001448] -> 0x8433
mem[X,0x000000008000144A] -> 0x4083
[843] [M]: 0x0000000080001448 (0x40838433) sub x8, x7, x8                           adj_Mepc+0
x8 <- 0x0000000180000B51

clint mtime 0x00000000000001A6 (mip.MTI <- 0b1, mip.STI <- 0b0)
mem[X,0x000000008000144C] -> 0x3823
mem[X,0x000000008000144E] -> 0x0083
[844] [M]: 0x000000008000144C (0x00833823) sd x8, 0x10(x6)                          sv_Mepc+0
mem[W,0x0000000080008348] <- 0x0000000180000B51

mem[X,0x0000000080001450] -> 0x55B7
mem[X,0x0000000080001452] -> 0x0000
[845] [M]: 0x0000000080001450 (0x000055B7) lui x11, 0x5                             sv_Mepc+4
x11 <- 0x0000000000005000

clint mtime 0x00000000000001A7 (mip.MTI <- 0b1, mip.STI <- 0b0)
mem[X,0x0000000080001454] -> 0x8593
mem[X,0x0000000080001456] -> 0x6675
[846] [M]: 0x0000000080001454 (0x66758593) addi x11, x11, 0x667                     sv_Mepc+8
x11 <- 0x0000000000005667

mem[X,0x0000000080001458] -> 0x9593
mem[X,0x000000008000145A] -> 0x0015
[847] [M]: 0x0000000080001458 (0x00159593) slli x11, x11, 0x1                       sv_Mepc+12
x11 <- 0x000000000000ACCE

clint mtime 0x00000000000001A8 (mip.MTI <- 0b1, mip.STI <- 0b0)
mem[X,0x000000008000145C] -> 0x9063
mem[X,0x000000008000145E] -> 0x02B1
[848] [M]: 0x000000008000145C (0x02B19063) bne x3, x11, 0x20                        sv_Mepc+16

mem[X,0x000000008000147C] -> 0xF593
mem[X,0x000000008000147E] -> 0xFFC3
[849] [M]: 0x000000008000147C (0xFFC3F593) andi x11, x7, -0x4                       adj_Mepc_rtn+0
x11 <- 0x0000000180000B50

clint mtime 0x00000000000001A9 (mip.MTI <- 0b1, mip.STI <- 0b0)
mem[X,0x0000000080001480] -> 0x8593
mem[X,0x0000000080001482] -> 0x0085
[850] [M]: 0x0000000080001480 (0x00858593) addi x11, x11, 0x8                       adj_Mepc_rtn+4
x11 <- 0x0000000180000B58

mem[X,0x0000000080001484] -> 0x9073
mem[X,0x0000000080001486] -> 0x3415
[851] [M]: 0x0000000080001484 (0x34159073) csrrw x0, mepc, x11                      adj_Mepc_rtn+8
CSR mepc (0x341) <- 0x0000000180000B58

clint mtime 0x00000000000001AA (mip.MTI <- 0b1, mip.STI <- 0b0)
mem[X,0x0000000080001488] -> 0x23F3
mem[X,0x000000008000148A] -> 0x3430
[852] [M]: 0x0000000080001488 (0x343023F3) csrrs x7, mtval, x0                      skp_adj_Mepc+0
CSR mtval (0x343) -> 0x8000000140000418
x7 <- 0x8000000140000418

mem[X,0x000000008000148C] -> 0x0413
mem[X,0x000000008000148E] -> 0x0004
[853] [M]: 0x000000008000148C (0x00040413) addi x8, x8, 0x0                         skp_adj_Mepc+4
x8 <- 0x0000000180000B51

clint mtime 0x00000000000001AB (mip.MTI <- 0b1, mip.STI <- 0b0)
mem[X,0x0000000080001490] -> 0x006F
mem[X,0x0000000080001492] -> 0x0840
[854] [M]: 0x0000000080001490 (0x0840006F) jal x0, 0x84                             skp_adj_Mepc+8

mem[X,0x0000000080001514] -> 0x8433
mem[X,0x0000000080001516] -> 0x4083
[855] [M]: 0x0000000080001514 (0x40838433) sub x8, x7, x8                           adj_Mtval+0
x8 <- 0x7FFFFFFFBFFFF8C7

clint mtime 0x00000000000001AC (mip.MTI <- 0b1, mip.STI <- 0b0)
mem[X,0x0000000080001518] -> 0x3C23
mem[X,0x000000008000151A] -> 0x0083
[856] [M]: 0x0000000080001518 (0x00833C23) sd x8, 0x18(x6)                          sv_Mtval+0
mem[W,0x0000000080008350] <- 0x7FFFFFFFBFFFF8C7

mem[X,0x000000008000151C] -> 0x3483
mem[X,0x000000008000151E] -> 0x2181
[857] [M]: 0x000000008000151C (0x21813483) ld x9, 0x218(x2)                         skp_Mtval+0
mem[R,0x0000000080004218] -> 0x0000000080008358
x9 <- 0x0000000080008358

clint mtime 0x00000000000001AD (mip.MTI <- 0b1, mip.STI <- 0b0)
mem[X,0x0000000080001520] -> 0x3383
mem[X,0x0000000080001522] -> 0x1F81
[858] [M]: 0x0000000080001520 (0x1F813383) ld x7, 0x1f8(x2)                         skp_Mtval+4
mem[R,0x00000000800041F8] -> 0x0000000080008110
x7 <- 0x0000000080008110

mem[X,0x0000000080001524] -> 0x3303
mem[X,0x0000000080001526] -> 0x2001
[859] [M]: 0x0000000080001524 (0x20013303) ld x6, 0x200(x2)                         skp_Mtval+8
mem[R,0x0000000080004200] -> 0x0000000000000410
x6 <- 0x0000000000000410

clint mtime 0x00000000000001AE (mip.MTI <- 0b1, mip.STI <- 0b0)
mem[X,0x0000000080001528] -> 0x0333
mem[X,0x000000008000152A] -> 0x0073
[860] [M]: 0x0000000080001528 (0x00730333) add x6, x6, x7                           skp_Mtval+12
x6 <- 0x0000000080008520

mem[X,0x000000008000152C] -> 0x6AE3
mem[X,0x000000008000152E] -> 0xAE93
[861] [M]: 0x000000008000152C (0xAE936AE3) bltu x6, x9, -0x50c                      skp_Mtval+16

clint mtime 0x00000000000001AF (mip.MTI <- 0b1, mip.STI <- 0b0)
mem[X,0x0000000080001530] -> 0x0393
mem[X,0x0000000080001532] -> 0x2000
[862] [M]: 0x0000000080001530 (0x20000393) addi x7, x0, 0x200                       skp_Mtval+20
x7 <- 0x0000000000000200

mem[X,0x0000000080001534] -> 0x006F
mem[X,0x0000000080001536] -> 0x0400
[863] [M]: 0x0000000080001534 (0x0400006F) jal x0, 0x40                             skp_Mtval+24

clint mtime 0x00000000000001B0 (mip.MTI <- 0b1, mip.STI <- 0b0)
mem[X,0x0000000080001574] -> 0x0417
mem[X,0x0000000080001576] -> 0x0000
[864] [M]: 0x0000000080001574 (0x00000417) auipc x8, 0x0                            spcl_Mhandler+0
x8 <- 0x0000000080001574

mem[X,0x0000000080001578] -> 0x0413
mem[X,0x000000008000157A] -> 0x03C4
[865] [M]: 0x0000000080001578 (0x03C40413) addi x8, x8, 0x3c                        spcl_Mhandler+4
x8 <- 0x00000000800015B0

clint mtime 0x00000000000001B1 (mip.MTI <- 0b1, mip.STI <- 0b0)
mem[X,0x000000008000157C] -> 0x0433
mem[X,0x000000008000157E] -> 0x0074
[866] [M]: 0x000000008000157C (0x00740433) add x8, x8, x7                           spcl_Mhandler+8
x8 <- 0x00000000800017B0

mem[X,0x0000000080001580] -> 0x1393
mem[X,0x0000000080001582] -> 0x0035
[867] [M]: 0x0000000080001580 (0x00351393) slli x7, x10, 0x3                        spcl_Mhandler+12
x7 <- 0x0000000000000078

clint mtime 0x00000000000001B2 (mip.MTI <- 0b1, mip.STI <- 0b0)
mem[X,0x0000000080001584] -> 0x0433
mem[X,0x0000000080001586] -> 0x0074
[868] [M]: 0x0000000080001584 (0x00740433) add x8, x8, x7                           spcl_Mhandler+16
x8 <- 0x0000000080001828

mem[X,0x0000000080001588] -> 0x7413
mem[X,0x000000008000158A] -> 0xFF84
[869] [M]: 0x0000000080001588 (0xFF847413) andi x8, x8, -0x8                        spcl_Mhandler+20
x8 <- 0x0000000080001828

clint mtime 0x00000000000001B3 (mip.MTI <- 0b1, mip.STI <- 0b0)
mem[X,0x000000008000158C] -> 0x3403
mem[X,0x000000008000158E] -> 0x0004
[870] [M]: 0x000000008000158C (0x00043403) ld x8, 0x0(x8)                           spcl_Mhandler+24
mem[R,0x0000000080001828] -> 0x000000000000001F
x8 <- 0x000000000000001F

mem[X,0x0000000080001590] -> 0x02E3
mem[X,0x0000000080001592] -> 0xB204
[871] [M]: 0x0000000080001590 (0xB20402E3) beq x8, x0, -0x4dc                       spcl_Mdispatch_hndling+0

clint mtime 0x00000000000001B4 (mip.MTI <- 0b1, mip.STI <- 0b0)
mem[X,0x0000000080001594] -> 0x1393
mem[X,0x0000000080001596] -> 0x03F4
[872] [M]: 0x0000000080001594 (0x03F41393) slli x7, x8, 0x3f                        spcl_Mdispatch_hndling+4
x7 <- 0x8000000000000000

mem[X,0x0000000080001598] -> 0xD863
mem[X,0x000000008000159A] -> 0x0003
[873] [M]: 0x0000000080001598 (0x0003D863) bge x7, x0, 0x10                         spcl_Mdispatch_hndling+8

clint mtime 0x00000000000001B5 (mip.MTI <- 0b1, mip.STI <- 0b0)
mem[X,0x000000008000159C] -> 0x5413
mem[X,0x000000008000159E] -> 0x0014
[874] [M]: 0x000000008000159C (0x00145413) srli x8, x8, 0x1                         spcl_Mdispatch_hndling+12
x8 <- 0x000000000000000F

mem[X,0x00000000800015A0] -> 0x0CE3
mem[X,0x00000000800015A2] -> 0xF885
[875] [M]: 0x00000000800015A0 (0xF8850CE3) beq x10, x8, -0x68                       spcl_Mdispatch_hndling+16

clint mtime 0x00000000000001B6 (mip.MTI <- 0b1, mip.STI <- 0b0)
mem[X,0x0000000080001538] -> 0x3303
mem[X,0x000000008000153A] -> 0x2601
[876] [M]: 0x0000000080001538 (0x26013303) ld x6, 0x260(x2)                         resto_Mrtn+0
mem[R,0x0000000080004260] -> 0x0000000100000008
x6 <- 0x0000000100000008

mem[X,0x000000008000153C] -> 0x3383
mem[X,0x000000008000153E] -> 0x2681
[877] [M]: 0x000000008000153C (0x26813383) ld x7, 0x268(x2)                         resto_Mrtn+4
mem[R,0x0000000080004268] -> 0x0000000080004000
x7 <- 0x0000000080004000

clint mtime 0x00000000000001B7 (mip.MTI <- 0b1, mip.STI <- 0b0)
mem[X,0x0000000080001540] -> 0x3403
mem[X,0x0000000080001542] -> 0x2701
[878] [M]: 0x0000000080001540 (0x27013403) ld x8, 0x270(x2)                         resto_Mrtn+8
mem[R,0x0000000080004270] -> 0x0000000000007F76
x8 <- 0x0000000000007F76

mem[X,0x0000000080001544] -> 0x3483
mem[X,0x0000000080001546] -> 0x2781
[879] [M]: 0x0000000080001544 (0x27813483) ld x9, 0x278(x2)                         resto_Mrtn+12
mem[R,0x0000000080004278] -> 0x0000000280000B24
x9 <- 0x0000000280000B24

clint mtime 0x00000000000001B8 (mip.MTI <- 0b1, mip.STI <- 0b0)
mem[X,0x0000000080001548] -> 0x3503
mem[X,0x000000008000154A] -> 0x2801
[880] [M]: 0x0000000080001548 (0x28013503) ld x10, 0x280(x2)                        resto_Mrtn+16
mem[R,0x0000000080004280] -> 0x00000000200000CF
x10 <- 0x00000000200000CF

mem[X,0x000000008000154C] -> 0x3583
mem[X,0x000000008000154E] -> 0x2881
[881] [M]: 0x000000008000154C (0x28813583) ld x11, 0x288(x2)                        resto_Mrtn+20
mem[R,0x0000000080004288] -> 0x00000000000000CF
x11 <- 0x00000000000000CF

clint mtime 0x00000000000001B9 (mip.MTI <- 0b1, mip.STI <- 0b0)
mem[X,0x0000000080001550] -> 0x3103
mem[X,0x0000000080001552] -> 0x2901
[882] [M]: 0x0000000080001550 (0x29013103) ld x2, 0x290(x2)                         resto_Mrtn+24
mem[R,0x0000000080004290] -> 0x0000000080004000
x2 <- 0x0000000080004000

mem[X,0x0000000080001554] -> 0x0073
mem[X,0x0000000080001556] -> 0x3020
[883] [M]: 0x0000000080001554 (0x30200073) mret                                     resto_Mrtn+28
CSR mstatus (0x300) <- 0x0000000A00000080
ret-ing from M to S

clint mtime 0x00000000000001BA (mip.MTI <- 0b1, mip.STI <- 0b0)
mem[X,0x0000000080000B58] -> 0xA703
mem[X,0x0000000080000B5A] -> 0x0147
[884] [S]: 0x0000000180000B58 (0x0147A703) lw x14, 0x14(x15)                        va_rvtest_code_begin+892
trapping from S to M to handle load-page-fault
handling exc#load-page-fault at priv M with tval 0x8000000140000418
CSR mstatus (0x300) <- 0x0000000A00000800
CSR mcause (0x342) <- 0x000000000000000D
CSR mtval (0x343) <- 0x8000000140000418
CSR mepc (0x341) <- 0x0000000180000B58

mem[X,0x0000000080001100] -> 0x006F
mem[X,0x0000000080001102] -> 0x1000
[885] [M]: 0x0000000080001100 (0x1000006F) jal x0, 0x100                            Mtrampoline+0

clint mtime 0x00000000000001BB (mip.MTI <- 0b1, mip.STI <- 0b0)
mem[X,0x0000000080001200] -> 0x1173
mem[X,0x0000000080001202] -> 0x3401
[886] [M]: 0x0000000080001200 (0x34011173) csrrw x2, mscratch, x2                   trap_Mhandler+0
CSR mscratch (0x340) <- 0x0000000080004000
x2 <- 0x0000000080004000

mem[X,0x0000000080001204] -> 0x3423
mem[X,0x0000000080001206] -> 0x28B1
[887] [M]: 0x0000000080001204 (0x28B13423) sd x11, 0x288(x2)                        trap_Mhandler+4
mem[W,0x0000000080004288] <- 0x00000000000000CF

clint mtime 0x00000000000001BC (mip.MTI <- 0b1, mip.STI <- 0b0)
mem[X,0x0000000080001208] -> 0x05EF
mem[X,0x000000008000120A] -> 0x0B80
[888] [M]: 0x0000000080001208 (0x0B8005EF) jal x11, 0xb8                            trap_Mhandler+8
x11 <- 0x000000008000120C

mem[X,0x00000000800012C0] -> 0x3023
mem[X,0x00000000800012C2] -> 0x28A1
[889] [M]: 0x00000000800012C0 (0x28A13023) sd x10, 0x280(x2)                        common_Mhandler+0
mem[W,0x0000000080004280] <- 0x00000000200000CF

clint mtime 0x00000000000001BD (mip.MTI <- 0b1, mip.STI <- 0b0)
mem[X,0x00000000800012C4] -> 0x1573
mem[X,0x00000000800012C6] -> 0x3401
[890] [M]: 0x00000000800012C4 (0x34011573) csrrw x10, mscratch, x2                  common_Mhandler+4
CSR mscratch (0x340) <- 0x0000000080004000
x10 <- 0x0000000080004000

mem[X,0x00000000800012C8] -> 0x3823
mem[X,0x00000000800012CA] -> 0x28A1
[891] [M]: 0x00000000800012C8 (0x28A13823) sd x10, 0x290(x2)                        common_Mhandler+8
mem[W,0x0000000080004290] <- 0x0000000080004000

clint mtime 0x00000000000001BE (mip.MTI <- 0b1, mip.STI <- 0b0)
mem[X,0x00000000800012CC] -> 0x3503
mem[X,0x00000000800012CE] -> 0x2301
[892] [M]: 0x00000000800012CC (0x23013503) ld x10, 0x230(x2)                        common_Mhandler+12
mem[R,0x0000000080004230] -> 0x00000000800012D4
x10 <- 0x00000000800012D4

mem[X,0x00000000800012D0] -> 0x0067
mem[X,0x00000000800012D2] -> 0x0005
[893] [M]: 0x00000000800012D0 (0x00050067) jalr x0, 0x0(x10)                        common_Mhandler+16

clint mtime 0x00000000000001BF (mip.MTI <- 0b1, mip.STI <- 0b0)
mem[X,0x00000000800012D4] -> 0x3C23
mem[X,0x00000000800012D6] -> 0x2691
[894] [M]: 0x00000000800012D4 (0x26913C23) sd x9, 0x278(x2)                         common_Mentry+0
mem[W,0x0000000080004278] <- 0x0000000280000B24

mem[X,0x00000000800012D8] -> 0x3823
mem[X,0x00000000800012DA] -> 0x2681
[895] [M]: 0x00000000800012D8 (0x26813823) sd x8, 0x270(x2)                         common_Mentry+4
mem[W,0x0000000080004270] <- 0x0000000000007F76

clint mtime 0x00000000000001C0 (mip.MTI <- 0b1, mip.STI <- 0b0)
mem[X,0x00000000800012DC] -> 0x3423
mem[X,0x00000000800012DE] -> 0x2671
[896] [M]: 0x00000000800012DC (0x26713423) sd x7, 0x268(x2)                         common_Mentry+8
mem[W,0x0000000080004268] <- 0x0000000080004000

mem[X,0x00000000800012E0] -> 0x3023
mem[X,0x00000000800012E2] -> 0x2661
[897] [M]: 0x00000000800012E0 (0x26613023) sd x6, 0x260(x2)                         common_Mentry+12
mem[W,0x0000000080004260] <- 0x0000000100000008

clint mtime 0x00000000000001C1 (mip.MTI <- 0b1, mip.STI <- 0b0)
mem[X,0x00000000800012E4] -> 0x2573
mem[X,0x00000000800012E6] -> 0x3420
[898] [M]: 0x00000000800012E4 (0x34202573) csrrs x10, mcause, x0                    spcl_M2mmode_test+0
CSR mcause (0x342) -> 0x000000000000000D
x10 <- 0x000000000000000D

mem[X,0x00000000800012E8] -> 0x04B7
mem[X,0x00000000800012EA] -> 0x8000
[899] [M]: 0x00000000800012E8 (0x800004B7) lui x9, -0x80000                         spcl_M2mmode_test+4
x9 <- 0xFFFFFFFF80000000

clint mtime 0x00000000000001C2 (mip.MTI <- 0b1, mip.STI <- 0b0)
mem[X,0x00000000800012EC] -> 0x8493
mem[X,0x00000000800012EE] -> 0x0004
[900] [M]: 0x00000000800012EC (0x00048493) addi x9, x9, 0x0                         spcl_M2mmode_test+8
x9 <- 0xFFFFFFFF80000000

mem[X,0x00000000800012F0] -> 0x9493
mem[X,0x00000000800012F2] -> 0x00B4
[901] [M]: 0x00000000800012F0 (0x00B49493) slli x9, x9, 0xb                         spcl_M2mmode_test+12
x9 <- 0xFFFFFC0000000000

clint mtime 0x00000000000001C3 (mip.MTI <- 0b1, mip.STI <- 0b0)
mem[X,0x00000000800012F4] -> 0x8493
mem[X,0x00000000800012F6] -> 0x0004
[902] [M]: 0x00000000800012F4 (0x00048493) addi x9, x9, 0x0                         spcl_M2mmode_test+16
x9 <- 0xFFFFFC0000000000

mem[X,0x00000000800012F8] -> 0x9493
mem[X,0x00000000800012FA] -> 0x00B4
[903] [M]: 0x00000000800012F8 (0x00B49493) slli x9, x9, 0xb                         spcl_M2mmode_test+20
x9 <- 0xFFE0000000000000

clint mtime 0x00000000000001C4 (mip.MTI <- 0b1, mip.STI <- 0b0)
mem[X,0x00000000800012FC] -> 0x8493
mem[X,0x00000000800012FE] -> 0x0034
[904] [M]: 0x00000000800012FC (0x00348493) addi x9, x9, 0x3                         spcl_M2mmode_test+24
x9 <- 0xFFE0000000000003

mem[X,0x0000000080001300] -> 0x9493
mem[X,0x0000000080001302] -> 0x00A4
[905] [M]: 0x0000000080001300 (0x00A49493) slli x9, x9, 0xa                         spcl_M2mmode_test+28
x9 <- 0x8000000000000C00

clint mtime 0x00000000000001C5 (mip.MTI <- 0b1, mip.STI <- 0b0)
mem[X,0x0000000080001304] -> 0x8493
mem[X,0x0000000080001306] -> 0x3FC4
[906] [M]: 0x0000000080001304 (0x3FC48493) addi x9, x9, 0x3fc                       spcl_M2mmode_test+32
x9 <- 0x8000000000000FFC

mem[X,0x0000000080001308] -> 0xF4B3
mem[X,0x000000008000130A] -> 0x00A4
[907] [M]: 0x0000000080001308 (0x00A4F4B3) and x9, x9, x10                          spcl_M2mmode_test+36
x9 <- 0x000000000000000C

clint mtime 0x00000000000001C6 (mip.MTI <- 0b1, mip.STI <- 0b0)
mem[X,0x000000008000130C] -> 0x8493
mem[X,0x000000008000130E] -> 0xFF84
[908] [M]: 0x000000008000130C (0xFF848493) addi x9, x9, -0x8                        spcl_M2mmode_test+40
x9 <- 0x0000000000000004

mem[X,0x0000000080001310] -> 0x9663
mem[X,0x0000000080001312] -> 0x0004
[909] [M]: 0x0000000080001310 (0x00049663) bne x9, x0, 0xc                          spcl_M2mmode_test+44

clint mtime 0x00000000000001C7 (mip.MTI <- 0b1, mip.STI <- 0b0)
mem[X,0x000000008000131C] -> 0x0393
mem[X,0x000000008000131E] -> 0x0200
[910] [M]: 0x000000008000131C (0x02000393) addi x7, x0, 0x20                        Mtrapsig_ptr_upd+0
x7 <- 0x0000000000000020

mem[X,0x0000000080001320] -> 0x5263
mem[X,0x0000000080001322] -> 0x0405
[911] [M]: 0x0000000080001320 (0x04055263) bge x10, x0, 0x44                        Mtrapsig_ptr_upd+4

clint mtime 0x00000000000001C8 (mip.MTI <- 0b1, mip.STI <- 0b0)
mem[X,0x0000000080001364] -> 0x2373
mem[X,0x0000000080001366] -> 0x3010
[912] [M]: 0x0000000080001364 (0x30102373) csrrs x6, misa, x0                       Mxcpt_sig_sv+0
CSR misa (0x301) -> 0x800000000034112F
x6 <- 0x800000000034112F

mem[X,0x0000000080001368] -> 0x1313
mem[X,0x000000008000136A] -> 0x0383
[913] [M]: 0x0000000080001368 (0x03831313) slli x6, x6, 0x38                        Mxcpt_sig_sv+4
x6 <- 0x2F00000000000000

clint mtime 0x00000000000001C9 (mip.MTI <- 0b1, mip.STI <- 0b0)
mem[X,0x000000008000136C] -> 0x5463
mem[X,0x000000008000136E] -> 0x0003
[914] [M]: 0x000000008000136C (0x00035463) bge x6, x0, 0x8                          Mxcpt_sig_sv+8

mem[X,0x0000000080001374] -> 0x3303
mem[X,0x0000000080001376] -> 0x2181
[915] [M]: 0x0000000080001374 (0x21813303) ld x6, 0x218(x2)                         Mtrap_sig_sv+0
mem[R,0x0000000080004218] -> 0x0000000080008358
x6 <- 0x0000000080008358

clint mtime 0x00000000000001CA (mip.MTI <- 0b1, mip.STI <- 0b0)
mem[X,0x0000000080001378] -> 0x04B3
mem[X,0x000000008000137A] -> 0x0073
[916] [M]: 0x0000000080001378 (0x007304B3) add x9, x6, x7                           Mtrap_sig_sv+4
x9 <- 0x0000000080008378

mem[X,0x000000008000137C] -> 0x3C23
mem[X,0x000000008000137E] -> 0x2091
[917] [M]: 0x000000008000137C (0x20913C23) sd x9, 0x218(x2)                         Mtrap_sig_sv+8
mem[W,0x0000000080004218] <- 0x0000000080008378

clint mtime 0x00000000000001CB (mip.MTI <- 0b1, mip.STI <- 0b0)
mem[X,0x0000000080001380] -> 0x3403
mem[X,0x0000000080001382] -> 0x1F81
[918] [M]: 0x0000000080001380 (0x1F813403) ld x8, 0x1f8(x2)                         Mtrap_sig_sv+12
mem[R,0x00000000800041F8] -> 0x0000000080008110
x8 <- 0x0000000080008110

mem[X,0x0000000080001384] -> 0x0333
mem[X,0x0000000080001386] -> 0x4083
[919] [M]: 0x0000000080001384 (0x40830333) sub x6, x6, x8                           Mtrap_sig_sv+16
x6 <- 0x0000000000000248

clint mtime 0x00000000000001CC (mip.MTI <- 0b1, mip.STI <- 0b0)
mem[X,0x0000000080001388] -> 0x3403
mem[X,0x000000008000138A] -> 0x1F81
[920] [M]: 0x0000000080001388 (0x1F813403) ld x8, 0x1f8(x2)                         Mtrap_sig_sv+20
mem[R,0x00000000800041F8] -> 0x0000000080008110
x8 <- 0x0000000080008110

mem[X,0x000000008000138C] -> 0x0333
mem[X,0x000000008000138E] -> 0x0083
[921] [M]: 0x000000008000138C (0x00830333) add x6, x6, x8                           Mtrap_sig_sv+24
x6 <- 0x0000000080008358

clint mtime 0x00000000000001CD (mip.MTI <- 0b1, mip.STI <- 0b0)
mem[X,0x0000000080001390] -> 0x3403
mem[X,0x0000000080001392] -> 0x2401
[922] [M]: 0x0000000080001390 (0x24013403) ld x8, 0x240(x2)                         Mtrap_sig_sv+28
mem[R,0x0000000080004240] -> 0x0000000080001100
x8 <- 0x0000000080001100

mem[X,0x0000000080001394] -> 0x85B3
mem[X,0x0000000080001396] -> 0x4085
[923] [M]: 0x0000000080001394 (0x408585B3) sub x11, x11, x8                         sv_Mvect+0
x11 <- 0x000000000000010C

clint mtime 0x00000000000001CE (mip.MTI <- 0b1, mip.STI <- 0b0)
mem[X,0x0000000080001398] -> 0x9593
mem[X,0x000000008000139A] -> 0x0045
[924] [M]: 0x0000000080001398 (0x00459593) slli x11, x11, 0x4                       sv_Mvect+4
x11 <- 0x00000000000010C0

mem[X,0x000000008000139C] -> 0xE5B3
mem[X,0x000000008000139E] -> 0x0075
[925] [M]: 0x000000008000139C (0x0075E5B3) or x11, x11, x7                          sv_Mvect+8
x11 <- 0x00000000000010E0

clint mtime 0x00000000000001CF (mip.MTI <- 0b1, mip.STI <- 0b0)
mem[X,0x00000000800013A0] -> 0x8593
mem[X,0x00000000800013A2] -> 0x0035
[926] [M]: 0x00000000800013A0 (0x00358593) addi x11, x11, 0x3                       sv_Mvect+12
x11 <- 0x00000000000010E3

mem[X,0x00000000800013A4] -> 0x3023
mem[X,0x00000000800013A6] -> 0x00B3
[927] [M]: 0x00000000800013A4 (0x00B33023) sd x11, 0x0(x6)                          sv_Mvect+16
mem[W,0x0000000080008358] <- 0x00000000000010E3

clint mtime 0x00000000000001D0 (mip.MTI <- 0b1, mip.STI <- 0b0)
mem[X,0x00000000800013A8] -> 0x3423
mem[X,0x00000000800013AA] -> 0x00A3
[928] [M]: 0x00000000800013A8 (0x00A33423) sd x10, 0x8(x6)                          sv_Mcause+0
mem[W,0x0000000080008360] <- 0x000000000000000D

mem[X,0x00000000800013AC] -> 0x4663
mem[X,0x00000000800013AE] -> 0x1A05
[929] [M]: 0x00000000800013AC (0x1A054663) blt x10, x0, 0x1ac                       sv_Mcause+4

clint mtime 0x00000000000001D1 (mip.MTI <- 0b1, mip.STI <- 0b0)
mem[X,0x00000000800013B0] -> 0x25F3
mem[X,0x00000000800013B2] -> 0x3000
[930] [M]: 0x00000000800013B0 (0x300025F3) csrrs x11, mstatus, x0                   common_Mexcpt_handler+0
CSR mstatus (0x300) -> 0x0000000A00000800
x11 <- 0x0000000A00000800

mem[X,0x00000000800013B4] -> 0x9413
mem[X,0x00000000800013B6] -> 0x02E5
[931] [M]: 0x00000000800013B4 (0x02E59413) slli x8, x11, 0x2e                       common_Mexcpt_handler+4
x8 <- 0x0200000000000000

clint mtime 0x00000000000001D2 (mip.MTI <- 0b1, mip.STI <- 0b0)
mem[X,0x00000000800013B8] -> 0x5463
mem[X,0x00000000800013BA] -> 0x0004
[932] [M]: 0x00000000800013B8 (0x00045463) bge x8, x0, 0x8                          common_Mexcpt_handler+8

mem[X,0x00000000800013C0] -> 0xD493
mem[X,0x00000000800013C2] -> 0x00B5
[933] [M]: 0x00000000800013C0 (0x00B5D493) srli x9, x11, 0xb                        common_Mexcpt_handler+16
x9 <- 0x0000000001400001

clint mtime 0x00000000000001D3 (mip.MTI <- 0b1, mip.STI <- 0b0)
mem[X,0x00000000800013C4] -> 0xF493
mem[X,0x00000000800013C6] -> 0x0034
[934] [M]: 0x00000000800013C4 (0x0034F493) andi x9, x9, 0x3                         common_Mexcpt_handler+20
x9 <- 0x0000000000000001

mem[X,0x00000000800013C8] -> 0x8493
mem[X,0x00000000800013CA] -> 0x0014
[935] [M]: 0x00000000800013C8 (0x00148493) addi x9, x9, 0x1                         common_Mexcpt_handler+24
x9 <- 0x0000000000000002

clint mtime 0x00000000000001D4 (mip.MTI <- 0b1, mip.STI <- 0b0)
mem[X,0x00000000800013CC] -> 0xF493
mem[X,0x00000000800013CE] -> 0x0044
[936] [M]: 0x00000000800013CC (0x0044F493) andi x9, x9, 0x4                         common_Mexcpt_handler+28
x9 <- 0x0000000000000000

mem[X,0x00000000800013D0] -> 0x0593
mem[X,0x00000000800013D2] -> 0x05D0
[937] [M]: 0x00000000800013D0 (0x05D00593) addi x11, x0, 0x5d                       common_Mexcpt_handler+32
x11 <- 0x000000000000005D

clint mtime 0x00000000000001D5 (mip.MTI <- 0b1, mip.STI <- 0b0)
mem[X,0x00000000800013D4] -> 0xD5B3
mem[X,0x00000000800013D6] -> 0x0095
[938] [M]: 0x00000000800013D4 (0x0095D5B3) srl x11, x11, x9                         common_Mexcpt_handler+36
x11 <- 0x000000000000005D

mem[X,0x00000000800013D8] -> 0xF593
mem[X,0x00000000800013DA] -> 0x0015
[939] [M]: 0x00000000800013D8 (0x0015F593) andi x11, x11, 0x1                       common_Mexcpt_handler+40
x11 <- 0x0000000000000001

clint mtime 0x00000000000001D6 (mip.MTI <- 0b1, mip.STI <- 0b0)
mem[X,0x00000000800013DC] -> 0x8EE3
mem[X,0x00000000800013DE] -> 0xF405
[940] [M]: 0x00000000800013DC (0xF4058EE3) beq x11, x0, -0xa4                       common_Mexcpt_handler+44

mem[X,0x00000000800013E0] -> 0x0593
mem[X,0x00000000800013E2] -> 0x2980
[941] [M]: 0x00000000800013E0 (0x29800593) addi x11, x0, 0x298                      common_Mexcpt_handler+48
x11 <- 0x0000000000000298

clint mtime 0x00000000000001D7 (mip.MTI <- 0b1, mip.STI <- 0b0)
mem[X,0x00000000800013E4] -> 0xF413
mem[X,0x00000000800013E6] -> 0x0014
[942] [M]: 0x00000000800013E4 (0x0014F413) andi x8, x9, 0x1                         common_Mexcpt_handler+52
x8 <- 0x0000000000000000

mem[X,0x00000000800013E8] -> 0x95B3
mem[X,0x00000000800013EA] -> 0x0085
[943] [M]: 0x00000000800013E8 (0x008595B3) sll x11, x11, x8                         common_Mexcpt_handler+56
x11 <- 0x0000000000000298

clint mtime 0x00000000000001D8 (mip.MTI <- 0b1, mip.STI <- 0b0)
mem[X,0x00000000800013EC] -> 0x9413
mem[X,0x00000000800013EE] -> 0x03D4
[944] [M]: 0x00000000800013EC (0x03D49413) slli x8, x9, 0x3d                        common_Mexcpt_handler+60
x8 <- 0x0000000000000000

mem[X,0x00000000800013F0] -> 0x5413
mem[X,0x00000000800013F2] -> 0x43F4
[945] [M]: 0x00000000800013F0 (0x43F45413) srai x8, x8, 0x3f                        common_Mexcpt_handler+64
x8 <- 0x0000000000000000

clint mtime 0x00000000000001D9 (mip.MTI <- 0b1, mip.STI <- 0b0)
mem[X,0x00000000800013F4] -> 0x4413
mem[X,0x00000000800013F6] -> 0xFFF4
[946] [M]: 0x00000000800013F4 (0xFFF44413) xori x8, x8, -0x1                        common_Mexcpt_handler+68
x8 <- 0xFFFFFFFFFFFFFFFF

mem[X,0x00000000800013F8] -> 0xF4B3
mem[X,0x00000000800013FA] -> 0x0085
[947] [M]: 0x00000000800013F8 (0x0085F4B3) and x9, x11, x8                          common_Mexcpt_handler+72
x9 <- 0x0000000000000298

clint mtime 0x00000000000001DA (mip.MTI <- 0b1, mip.STI <- 0b0)
mem[X,0x00000000800013FC] -> 0x84B3
mem[X,0x00000000800013FE] -> 0x0024
[948] [M]: 0x00000000800013FC (0x002484B3) add x9, x9, x2                           vmem_adj_Mepc+0
x9 <- 0x0000000080004298

mem[X,0x0000000080001400] -> 0x23F3
mem[X,0x0000000080001402] -> 0x3410
[949] [M]: 0x0000000080001400 (0x341023F3) csrrs x7, mepc, x0                       vmem_adj_Mepc+4
CSR mepc (0x341) -> 0x0000000180000B58
x7 <- 0x0000000180000B58

clint mtime 0x00000000000001DB (mip.MTI <- 0b1, mip.STI <- 0b0)
mem[X,0x0000000080001404] -> 0x0413
mem[X,0x0000000080001406] -> 0x0004
[950] [M]: 0x0000000080001404 (0x00040413) addi x8, x8, 0x0                         vmem_adj_Mepc+8
x8 <- 0xFFFFFFFFFFFFFFFF

mem[X,0x0000000080001408] -> 0x006F
mem[X,0x000000008000140A] -> 0x0400
[951] [M]: 0x0000000080001408 (0x0400006F) jal x0, 0x40                             vmem_adj_Mepc+12

clint mtime 0x00000000000001DC (mip.MTI <- 0b1, mip.STI <- 0b0)
mem[X,0x0000000080001448] -> 0x8433
mem[X,0x000000008000144A] -> 0x4083
[952] [M]: 0x0000000080001448 (0x40838433) sub x8, x7, x8                           adj_Mepc+0
x8 <- 0x0000000180000B59

mem[X,0x000000008000144C] -> 0x3823
mem[X,0x000000008000144E] -> 0x0083
[953] [M]: 0x000000008000144C (0x00833823) sd x8, 0x10(x6)                          sv_Mepc+0
mem[W,0x0000000080008368] <- 0x0000000180000B59

clint mtime 0x00000000000001DD (mip.MTI <- 0b1, mip.STI <- 0b0)
mem[X,0x0000000080001450] -> 0x55B7
mem[X,0x0000000080001452] -> 0x0000
[954] [M]: 0x0000000080001450 (0x000055B7) lui x11, 0x5                             sv_Mepc+4
x11 <- 0x0000000000005000

mem[X,0x0000000080001454] -> 0x8593
mem[X,0x0000000080001456] -> 0x6675
[955] [M]: 0x0000000080001454 (0x66758593) addi x11, x11, 0x667                     sv_Mepc+8
x11 <- 0x0000000000005667

clint mtime 0x00000000000001DE (mip.MTI <- 0b1, mip.STI <- 0b0)
mem[X,0x0000000080001458] -> 0x9593
mem[X,0x000000008000145A] -> 0x0015
[956] [M]: 0x0000000080001458 (0x00159593) slli x11, x11, 0x1                       sv_Mepc+12
x11 <- 0x000000000000ACCE

mem[X,0x000000008000145C] -> 0x9063
mem[X,0x000000008000145E] -> 0x02B1
[957] [M]: 0x000000008000145C (0x02B19063) bne x3, x11, 0x20                        sv_Mepc+16

clint mtime 0x00000000000001DF (mip.MTI <- 0b1, mip.STI <- 0b0)
mem[X,0x000000008000147C] -> 0xF593
mem[X,0x000000008000147E] -> 0xFFC3
[958] [M]: 0x000000008000147C (0xFFC3F593) andi x11, x7, -0x4                       adj_Mepc_rtn+0
x11 <- 0x0000000180000B58

mem[X,0x0000000080001480] -> 0x8593
mem[X,0x0000000080001482] -> 0x0085
[959] [M]: 0x0000000080001480 (0x00858593) addi x11, x11, 0x8                       adj_Mepc_rtn+4
x11 <- 0x0000000180000B60

clint mtime 0x00000000000001E0 (mip.MTI <- 0b1, mip.STI <- 0b0)
mem[X,0x0000000080001484] -> 0x9073
mem[X,0x0000000080001486] -> 0x3415
[960] [M]: 0x0000000080001484 (0x34159073) csrrw x0, mepc, x11                      adj_Mepc_rtn+8
CSR mepc (0x341) <- 0x0000000180000B60

mem[X,0x0000000080001488] -> 0x23F3
mem[X,0x000000008000148A] -> 0x3430
[961] [M]: 0x0000000080001488 (0x343023F3) csrrs x7, mtval, x0                      skp_adj_Mepc+0
CSR mtval (0x343) -> 0x8000000140000418
x7 <- 0x8000000140000418

clint mtime 0x00000000000001E1 (mip.MTI <- 0b1, mip.STI <- 0b0)
mem[X,0x000000008000148C] -> 0x0413
mem[X,0x000000008000148E] -> 0x0004
[962] [M]: 0x000000008000148C (0x00040413) addi x8, x8, 0x0                         skp_adj_Mepc+4
x8 <- 0x0000000180000B59

mem[X,0x0000000080001490] -> 0x006F
mem[X,0x0000000080001492] -> 0x0840
[963] [M]: 0x0000000080001490 (0x0840006F) jal x0, 0x84                             skp_adj_Mepc+8

clint mtime 0x00000000000001E2 (mip.MTI <- 0b1, mip.STI <- 0b0)
mem[X,0x0000000080001514] -> 0x8433
mem[X,0x0000000080001516] -> 0x4083
[964] [M]: 0x0000000080001514 (0x40838433) sub x8, x7, x8                           adj_Mtval+0
x8 <- 0x7FFFFFFFBFFFF8BF

mem[X,0x0000000080001518] -> 0x3C23
mem[X,0x000000008000151A] -> 0x0083
[965] [M]: 0x0000000080001518 (0x00833C23) sd x8, 0x18(x6)                          sv_Mtval+0
mem[W,0x0000000080008370] <- 0x7FFFFFFFBFFFF8BF

clint mtime 0x00000000000001E3 (mip.MTI <- 0b1, mip.STI <- 0b0)
mem[X,0x000000008000151C] -> 0x3483
mem[X,0x000000008000151E] -> 0x2181
[966] [M]: 0x000000008000151C (0x21813483) ld x9, 0x218(x2)                         skp_Mtval+0
mem[R,0x0000000080004218] -> 0x0000000080008378
x9 <- 0x0000000080008378

mem[X,0x0000000080001520] -> 0x3383
mem[X,0x0000000080001522] -> 0x1F81
[967] [M]: 0x0000000080001520 (0x1F813383) ld x7, 0x1f8(x2)                         skp_Mtval+4
mem[R,0x00000000800041F8] -> 0x0000000080008110
x7 <- 0x0000000080008110

clint mtime 0x00000000000001E4 (mip.MTI <- 0b1, mip.STI <- 0b0)
mem[X,0x0000000080001524] -> 0x3303
mem[X,0x0000000080001526] -> 0x2001
[968] [M]: 0x0000000080001524 (0x20013303) ld x6, 0x200(x2)                         skp_Mtval+8
mem[R,0x0000000080004200] -> 0x0000000000000410
x6 <- 0x0000000000000410

mem[X,0x0000000080001528] -> 0x0333
mem[X,0x000000008000152A] -> 0x0073
[969] [M]: 0x0000000080001528 (0x00730333) add x6, x6, x7                           skp_Mtval+12
x6 <- 0x0000000080008520

clint mtime 0x00000000000001E5 (mip.MTI <- 0b1, mip.STI <- 0b0)
mem[X,0x000000008000152C] -> 0x6AE3
mem[X,0x000000008000152E] -> 0xAE93
[970] [M]: 0x000000008000152C (0xAE936AE3) bltu x6, x9, -0x50c                      skp_Mtval+16

mem[X,0x0000000080001530] -> 0x0393
mem[X,0x0000000080001532] -> 0x2000
[971] [M]: 0x0000000080001530 (0x20000393) addi x7, x0, 0x200                       skp_Mtval+20
x7 <- 0x0000000000000200

clint mtime 0x00000000000001E6 (mip.MTI <- 0b1, mip.STI <- 0b0)
mem[X,0x0000000080001534] -> 0x006F
mem[X,0x0000000080001536] -> 0x0400
[972] [M]: 0x0000000080001534 (0x0400006F) jal x0, 0x40                             skp_Mtval+24

mem[X,0x0000000080001574] -> 0x0417
mem[X,0x0000000080001576] -> 0x0000
[973] [M]: 0x0000000080001574 (0x00000417) auipc x8, 0x0                            spcl_Mhandler+0
x8 <- 0x0000000080001574

clint mtime 0x00000000000001E7 (mip.MTI <- 0b1, mip.STI <- 0b0)
mem[X,0x0000000080001578] -> 0x0413
mem[X,0x000000008000157A] -> 0x03C4
[974] [M]: 0x0000000080001578 (0x03C40413) addi x8, x8, 0x3c                        spcl_Mhandler+4
x8 <- 0x00000000800015B0

mem[X,0x000000008000157C] -> 0x0433
mem[X,0x000000008000157E] -> 0x0074
[975] [M]: 0x000000008000157C (0x00740433) add x8, x8, x7                           spcl_Mhandler+8
x8 <- 0x00000000800017B0

clint mtime 0x00000000000001E8 (mip.MTI <- 0b1, mip.STI <- 0b0)
mem[X,0x0000000080001580] -> 0x1393
mem[X,0x0000000080001582] -> 0x0035
[976] [M]: 0x0000000080001580 (0x00351393) slli x7, x10, 0x3                        spcl_Mhandler+12
x7 <- 0x0000000000000068

mem[X,0x0000000080001584] -> 0x0433
mem[X,0x0000000080001586] -> 0x0074
[977] [M]: 0x0000000080001584 (0x00740433) add x8, x8, x7                           spcl_Mhandler+16
x8 <- 0x0000000080001818

clint mtime 0x00000000000001E9 (mip.MTI <- 0b1, mip.STI <- 0b0)
mem[X,0x0000000080001588] -> 0x7413
mem[X,0x000000008000158A] -> 0xFF84
[978] [M]: 0x0000000080001588 (0xFF847413) andi x8, x8, -0x8                        spcl_Mhandler+20
x8 <- 0x0000000080001818

mem[X,0x000000008000158C] -> 0x3403
mem[X,0x000000008000158E] -> 0x0004
[979] [M]: 0x000000008000158C (0x00043403) ld x8, 0x0(x8)                           spcl_Mhandler+24
mem[R,0x0000000080001818] -> 0x000000000000001B
x8 <- 0x000000000000001B

clint mtime 0x00000000000001EA (mip.MTI <- 0b1, mip.STI <- 0b0)
mem[X,0x0000000080001590] -> 0x02E3
mem[X,0x0000000080001592] -> 0xB204
[980] [M]: 0x0000000080001590 (0xB20402E3) beq x8, x0, -0x4dc                       spcl_Mdispatch_hndling+0

mem[X,0x0000000080001594] -> 0x1393
mem[X,0x0000000080001596] -> 0x03F4
[981] [M]: 0x0000000080001594 (0x03F41393) slli x7, x8, 0x3f                        spcl_Mdispatch_hndling+4
x7 <- 0x8000000000000000

clint mtime 0x00000000000001EB (mip.MTI <- 0b1, mip.STI <- 0b0)
mem[X,0x0000000080001598] -> 0xD863
mem[X,0x000000008000159A] -> 0x0003
[982] [M]: 0x0000000080001598 (0x0003D863) bge x7, x0, 0x10                         spcl_Mdispatch_hndling+8

mem[X,0x000000008000159C] -> 0x5413
mem[X,0x000000008000159E] -> 0x0014
[983] [M]: 0x000000008000159C (0x00145413) srli x8, x8, 0x1                         spcl_Mdispatch_hndling+12
x8 <- 0x000000000000000D

clint mtime 0x00000000000001EC (mip.MTI <- 0b1, mip.STI <- 0b0)
mem[X,0x00000000800015A0] -> 0x0CE3
mem[X,0x00000000800015A2] -> 0xF885
[984] [M]: 0x00000000800015A0 (0xF8850CE3) beq x10, x8, -0x68                       spcl_Mdispatch_hndling+16

mem[X,0x0000000080001538] -> 0x3303
mem[X,0x000000008000153A] -> 0x2601
[985] [M]: 0x0000000080001538 (0x26013303) ld x6, 0x260(x2)                         resto_Mrtn+0
mem[R,0x0000000080004260] -> 0x0000000100000008
x6 <- 0x0000000100000008

clint mtime 0x00000000000001ED (mip.MTI <- 0b1, mip.STI <- 0b0)
mem[X,0x000000008000153C] -> 0x3383
mem[X,0x000000008000153E] -> 0x2681
[986] [M]: 0x000000008000153C (0x26813383) ld x7, 0x268(x2)                         resto_Mrtn+4
mem[R,0x0000000080004268] -> 0x0000000080004000
x7 <- 0x0000000080004000

mem[X,0x0000000080001540] -> 0x3403
mem[X,0x0000000080001542] -> 0x2701
[987] [M]: 0x0000000080001540 (0x27013403) ld x8, 0x270(x2)                         resto_Mrtn+8
mem[R,0x0000000080004270] -> 0x0000000000007F76
x8 <- 0x0000000000007F76

clint mtime 0x00000000000001EE (mip.MTI <- 0b1, mip.STI <- 0b0)
mem[X,0x0000000080001544] -> 0x3483
mem[X,0x0000000080001546] -> 0x2781
[988] [M]: 0x0000000080001544 (0x27813483) ld x9, 0x278(x2)                         resto_Mrtn+12
mem[R,0x0000000080004278] -> 0x0000000280000B24
x9 <- 0x0000000280000B24

mem[X,0x0000000080001548] -> 0x3503
mem[X,0x000000008000154A] -> 0x2801
[989] [M]: 0x0000000080001548 (0x28013503) ld x10, 0x280(x2)                        resto_Mrtn+16
mem[R,0x0000000080004280] -> 0x00000000200000CF
x10 <- 0x00000000200000CF

clint mtime 0x00000000000001EF (mip.MTI <- 0b1, mip.STI <- 0b0)
mem[X,0x000000008000154C] -> 0x3583
mem[X,0x000000008000154E] -> 0x2881
[990] [M]: 0x000000008000154C (0x28813583) ld x11, 0x288(x2)                        resto_Mrtn+20
mem[R,0x0000000080004288] -> 0x00000000000000CF
x11 <- 0x00000000000000CF

mem[X,0x0000000080001550] -> 0x3103
mem[X,0x0000000080001552] -> 0x2901
[991] [M]: 0x0000000080001550 (0x29013103) ld x2, 0x290(x2)                         resto_Mrtn+24
mem[R,0x0000000080004290] -> 0x0000000080004000
x2 <- 0x0000000080004000

clint mtime 0x00000000000001F0 (mip.MTI <- 0b1, mip.STI <- 0b0)
mem[X,0x0000000080001554] -> 0x0073
mem[X,0x0000000080001556] -> 0x3020
[992] [M]: 0x0000000080001554 (0x30200073) mret                                     resto_Mrtn+28
CSR mstatus (0x300) <- 0x0000000A00000080
ret-ing from M to S

mem[X,0x0000000080000B60] -> 0x51B7
mem[X,0x0000000080000B62] -> 0x0000
[993] [S]: 0x0000000180000B60 (0x000051B7) lui x3, 0x5                              va_rvtest_code_begin+900
x3 <- 0x0000000000005000

clint mtime 0x00000000000001F1 (mip.MTI <- 0b1, mip.STI <- 0b0)
mem[X,0x0000000080000B64] -> 0x8193
mem[X,0x0000000080000B66] -> 0x6671
[994] [S]: 0x0000000180000B64 (0x66718193) addi x3, x3, 0x667                       va_rvtest_code_begin+904
x3 <- 0x0000000000005667

mem[X,0x0000000080000B68] -> 0x9193
mem[X,0x0000000080000B6A] -> 0x0011
[995] [S]: 0x0000000180000B68 (0x00119193) slli x3, x3, 0x1                         va_rvtest_code_begin+908
x3 <- 0x000000000000ACCE

clint mtime 0x00000000000001F2 (mip.MTI <- 0b1, mip.STI <- 0b0)
mem[X,0x0000000080000B6C] -> 0x0013
mem[X,0x0000000080000B6E] -> 0x0000
[996] [S]: 0x0000000180000B6C (0x00000013) addi x0, x0, 0x0                         va_rvtest_code_begin+912

mem[X,0x0000000080000B70] -> 0x0013
mem[X,0x0000000080000B72] -> 0x0000
[997] [S]: 0x0000000180000B70 (0x00000013) addi x0, x0, 0x0                         va_rvtest_code_begin+916

clint mtime 0x00000000000001F3 (mip.MTI <- 0b1, mip.STI <- 0b0)
mem[X,0x0000000080000B74] -> 0x0013
mem[X,0x0000000080000B76] -> 0x0000
[998] [S]: 0x0000000180000B74 (0x00000013) addi x0, x0, 0x0                         va_rvtest_code_begin+920

mem[X,0x0000000080000B78] -> 0x0013
mem[X,0x0000000080000B7A] -> 0x0000
[999] [S]: 0x0000000180000B78 (0x00000013) addi x0, x0, 0x0                         va_rvtest_code_begin+924

clint mtime 0x00000000000001F4 (mip.MTI <- 0b1, mip.STI <- 0b0)
mem[X,0x0000000080000B7C] -> 0x0013
mem[X,0x0000000080000B7E] -> 0x0000
[1000] [S]: 0x0000000180000B7C (0x00000013) addi x0, x0, 0x0                        va_rvtest_code_begin+928

mem[X,0x0000000080000B80] -> 0x0217
mem[X,0x0000000080000B82] -> 0x0000
[1001] [S]: 0x0000000180000B80 (0x00000217) auipc x4, 0x0                           va_rvtest_code_begin+932
x4 <- 0x0000000180000B80

clint mtime 0x00000000000001F5 (mip.MTI <- 0b1, mip.STI <- 0b0)
mem[X,0x0000000080000B84] -> 0x0213
mem[X,0x0000000080000B86] -> 0x02C2
[1002] [S]: 0x0000000180000B84 (0x02C20213) addi x4, x4, 0x2c                       va_rvtest_code_begin+936
x4 <- 0x0000000180000BAC

mem[X,0x0000000080000B88] -> 0x0001
[1003] [S]: 0x0000000180000B88 (0x0001) c.nop                                       va_rvtest_code_begin+940

clint mtime 0x00000000000001F6 (mip.MTI <- 0b1, mip.STI <- 0b0)
mem[X,0x0000000080000B8A] -> 0x0013
mem[X,0x0000000080000B8C] -> 0x0000
[1004] [S]: 0x0000000180000B8A (0x00000013) addi x0, x0, 0x0                        va_rvtest_code_begin+942

mem[X,0x0000000080000B8E] -> 0x0013
mem[X,0x0000000080000B90] -> 0x0000
[1005] [S]: 0x0000000180000B8E (0x00000013) addi x0, x0, 0x0                        va_rvtest_code_begin+946

clint mtime 0x00000000000001F7 (mip.MTI <- 0b1, mip.STI <- 0b0)
mem[X,0x0000000080000B92] -> 0x0013
mem[X,0x0000000080000B94] -> 0x0000
[1006] [S]: 0x0000000180000B92 (0x00000013) addi x0, x0, 0x0                        va_rvtest_code_begin+950

mem[X,0x0000000080000B96] -> 0x0013
mem[X,0x0000000080000B98] -> 0x0000
[1007] [S]: 0x0000000180000B96 (0x00000013) addi x0, x0, 0x0                        va_rvtest_code_begin+954

clint mtime 0x00000000000001F8 (mip.MTI <- 0b1, mip.STI <- 0b0)
mem[X,0x0000000080000B9A] -> 0x0013
mem[X,0x0000000080000B9C] -> 0x0000
[1008] [S]: 0x0000000180000B9A (0x00000013) addi x0, x0, 0x0                        va_rvtest_code_begin+958

mem[X,0x0000000080000B9E] -> 0x0001
[1009] [S]: 0x0000000180000B9E (0x0001) c.nop                                       va_rvtest_code_begin+962

clint mtime 0x00000000000001F9 (mip.MTI <- 0b1, mip.STI <- 0b0)
mem[X,0x0000000080000BA0] -> 0x80E7
mem[X,0x0000000080000BA2] -> 0x0007
[1010] [S]: 0x0000000180000BA0 (0x000780E7) jalr x1, 0x0(x15)                       va_rvtest_code_begin+964
x1 <- 0x0000000180000BA4

trapping from S to M to handle fetch-page-fault
handling exc#fetch-page-fault at priv M with tval 0x8000000140000404
CSR mstatus (0x300) <- 0x0000000A00000800
CSR mcause (0x342) <- 0x000000000000000C
CSR mtval (0x343) <- 0x8000000140000404
CSR mepc (0x341) <- 0x8000000140000404

clint mtime 0x00000000000001FA (mip.MTI <- 0b1, mip.STI <- 0b0)
mem[X,0x0000000080001100] -> 0x006F
mem[X,0x0000000080001102] -> 0x1000
[1012] [M]: 0x0000000080001100 (0x1000006F) jal x0, 0x100                           Mtrampoline+0

mem[X,0x0000000080001200] -> 0x1173
mem[X,0x0000000080001202] -> 0x3401
[1013] [M]: 0x0000000080001200 (0x34011173) csrrw x2, mscratch, x2                  trap_Mhandler+0
CSR mscratch (0x340) <- 0x0000000080004000
x2 <- 0x0000000080004000

clint mtime 0x00000000000001FB (mip.MTI <- 0b1, mip.STI <- 0b0)
mem[X,0x0000000080001204] -> 0x3423
mem[X,0x0000000080001206] -> 0x28B1
[1014] [M]: 0x0000000080001204 (0x28B13423) sd x11, 0x288(x2)                       trap_Mhandler+4
mem[W,0x0000000080004288] <- 0x00000000000000CF

mem[X,0x0000000080001208] -> 0x05EF
mem[X,0x000000008000120A] -> 0x0B80
[1015] [M]: 0x0000000080001208 (0x0B8005EF) jal x11, 0xb8                           trap_Mhandler+8
x11 <- 0x000000008000120C

clint mtime 0x00000000000001FC (mip.MTI <- 0b1, mip.STI <- 0b0)
mem[X,0x00000000800012C0] -> 0x3023
mem[X,0x00000000800012C2] -> 0x28A1
[1016] [M]: 0x00000000800012C0 (0x28A13023) sd x10, 0x280(x2)                       common_Mhandler+0
mem[W,0x0000000080004280] <- 0x00000000200000CF

mem[X,0x00000000800012C4] -> 0x1573
mem[X,0x00000000800012C6] -> 0x3401
[1017] [M]: 0x00000000800012C4 (0x34011573) csrrw x10, mscratch, x2                 common_Mhandler+4
CSR mscratch (0x340) <- 0x0000000080004000
x10 <- 0x0000000080004000

clint mtime 0x00000000000001FD (mip.MTI <- 0b1, mip.STI <- 0b0)
mem[X,0x00000000800012C8] -> 0x3823
mem[X,0x00000000800012CA] -> 0x28A1
[1018] [M]: 0x00000000800012C8 (0x28A13823) sd x10, 0x290(x2)                       common_Mhandler+8
mem[W,0x0000000080004290] <- 0x0000000080004000

mem[X,0x00000000800012CC] -> 0x3503
mem[X,0x00000000800012CE] -> 0x2301
[1019] [M]: 0x00000000800012CC (0x23013503) ld x10, 0x230(x2)                       common_Mhandler+12
mem[R,0x0000000080004230] -> 0x00000000800012D4
x10 <- 0x00000000800012D4

clint mtime 0x00000000000001FE (mip.MTI <- 0b1, mip.STI <- 0b0)
mem[X,0x00000000800012D0] -> 0x0067
mem[X,0x00000000800012D2] -> 0x0005
[1020] [M]: 0x00000000800012D0 (0x00050067) jalr x0, 0x0(x10)                       common_Mhandler+16

mem[X,0x00000000800012D4] -> 0x3C23
mem[X,0x00000000800012D6] -> 0x2691
[1021] [M]: 0x00000000800012D4 (0x26913C23) sd x9, 0x278(x2)                        common_Mentry+0
mem[W,0x0000000080004278] <- 0x0000000280000B24

clint mtime 0x00000000000001FF (mip.MTI <- 0b1, mip.STI <- 0b0)
mem[X,0x00000000800012D8] -> 0x3823
mem[X,0x00000000800012DA] -> 0x2681
[1022] [M]: 0x00000000800012D8 (0x26813823) sd x8, 0x270(x2)                        common_Mentry+4
mem[W,0x0000000080004270] <- 0x0000000000007F76

mem[X,0x00000000800012DC] -> 0x3423
mem[X,0x00000000800012DE] -> 0x2671
[1023] [M]: 0x00000000800012DC (0x26713423) sd x7, 0x268(x2)                        common_Mentry+8
mem[W,0x0000000080004268] <- 0x0000000080004000

clint mtime 0x0000000000000200 (mip.MTI <- 0b1, mip.STI <- 0b0)
mem[X,0x00000000800012E0] -> 0x3023
mem[X,0x00000000800012E2] -> 0x2661
[1024] [M]: 0x00000000800012E0 (0x26613023) sd x6, 0x260(x2)                        common_Mentry+12
mem[W,0x0000000080004260] <- 0x0000000100000008

mem[X,0x00000000800012E4] -> 0x2573
mem[X,0x00000000800012E6] -> 0x3420
[1025] [M]: 0x00000000800012E4 (0x34202573) csrrs x10, mcause, x0                   spcl_M2mmode_test+0
CSR mcause (0x342) -> 0x000000000000000C
x10 <- 0x000000000000000C

clint mtime 0x0000000000000201 (mip.MTI <- 0b1, mip.STI <- 0b0)
mem[X,0x00000000800012E8] -> 0x04B7
mem[X,0x00000000800012EA] -> 0x8000
[1026] [M]: 0x00000000800012E8 (0x800004B7) lui x9, -0x80000                        spcl_M2mmode_test+4
x9 <- 0xFFFFFFFF80000000

mem[X,0x00000000800012EC] -> 0x8493
mem[X,0x00000000800012EE] -> 0x0004
[1027] [M]: 0x00000000800012EC (0x00048493) addi x9, x9, 0x0                        spcl_M2mmode_test+8
x9 <- 0xFFFFFFFF80000000

clint mtime 0x0000000000000202 (mip.MTI <- 0b1, mip.STI <- 0b0)
mem[X,0x00000000800012F0] -> 0x9493
mem[X,0x00000000800012F2] -> 0x00B4
[1028] [M]: 0x00000000800012F0 (0x00B49493) slli x9, x9, 0xb                        spcl_M2mmode_test+12
x9 <- 0xFFFFFC0000000000

mem[X,0x00000000800012F4] -> 0x8493
mem[X,0x00000000800012F6] -> 0x0004
[1029] [M]: 0x00000000800012F4 (0x00048493) addi x9, x9, 0x0                        spcl_M2mmode_test+16
x9 <- 0xFFFFFC0000000000

clint mtime 0x0000000000000203 (mip.MTI <- 0b1, mip.STI <- 0b0)
mem[X,0x00000000800012F8] -> 0x9493
mem[X,0x00000000800012FA] -> 0x00B4
[1030] [M]: 0x00000000800012F8 (0x00B49493) slli x9, x9, 0xb                        spcl_M2mmode_test+20
x9 <- 0xFFE0000000000000

mem[X,0x00000000800012FC] -> 0x8493
mem[X,0x00000000800012FE] -> 0x0034
[1031] [M]: 0x00000000800012FC (0x00348493) addi x9, x9, 0x3                        spcl_M2mmode_test+24
x9 <- 0xFFE0000000000003

clint mtime 0x0000000000000204 (mip.MTI <- 0b1, mip.STI <- 0b0)
mem[X,0x0000000080001300] -> 0x9493
mem[X,0x0000000080001302] -> 0x00A4
[1032] [M]: 0x0000000080001300 (0x00A49493) slli x9, x9, 0xa                        spcl_M2mmode_test+28
x9 <- 0x8000000000000C00

mem[X,0x0000000080001304] -> 0x8493
mem[X,0x0000000080001306] -> 0x3FC4
[1033] [M]: 0x0000000080001304 (0x3FC48493) addi x9, x9, 0x3fc                      spcl_M2mmode_test+32
x9 <- 0x8000000000000FFC

clint mtime 0x0000000000000205 (mip.MTI <- 0b1, mip.STI <- 0b0)
mem[X,0x0000000080001308] -> 0xF4B3
mem[X,0x000000008000130A] -> 0x00A4
[1034] [M]: 0x0000000080001308 (0x00A4F4B3) and x9, x9, x10                         spcl_M2mmode_test+36
x9 <- 0x000000000000000C

mem[X,0x000000008000130C] -> 0x8493
mem[X,0x000000008000130E] -> 0xFF84
[1035] [M]: 0x000000008000130C (0xFF848493) addi x9, x9, -0x8                       spcl_M2mmode_test+40
x9 <- 0x0000000000000004

clint mtime 0x0000000000000206 (mip.MTI <- 0b1, mip.STI <- 0b0)
mem[X,0x0000000080001310] -> 0x9663
mem[X,0x0000000080001312] -> 0x0004
[1036] [M]: 0x0000000080001310 (0x00049663) bne x9, x0, 0xc                         spcl_M2mmode_test+44

mem[X,0x000000008000131C] -> 0x0393
mem[X,0x000000008000131E] -> 0x0200
[1037] [M]: 0x000000008000131C (0x02000393) addi x7, x0, 0x20                       Mtrapsig_ptr_upd+0
x7 <- 0x0000000000000020

clint mtime 0x0000000000000207 (mip.MTI <- 0b1, mip.STI <- 0b0)
mem[X,0x0000000080001320] -> 0x5263
mem[X,0x0000000080001322] -> 0x0405
[1038] [M]: 0x0000000080001320 (0x04055263) bge x10, x0, 0x44                       Mtrapsig_ptr_upd+4

mem[X,0x0000000080001364] -> 0x2373
mem[X,0x0000000080001366] -> 0x3010
[1039] [M]: 0x0000000080001364 (0x30102373) csrrs x6, misa, x0                      Mxcpt_sig_sv+0
CSR misa (0x301) -> 0x800000000034112F
x6 <- 0x800000000034112F

clint mtime 0x0000000000000208 (mip.MTI <- 0b1, mip.STI <- 0b0)
mem[X,0x0000000080001368] -> 0x1313
mem[X,0x000000008000136A] -> 0x0383
[1040] [M]: 0x0000000080001368 (0x03831313) slli x6, x6, 0x38                       Mxcpt_sig_sv+4
x6 <- 0x2F00000000000000

mem[X,0x000000008000136C] -> 0x5463
mem[X,0x000000008000136E] -> 0x0003
[1041] [M]: 0x000000008000136C (0x00035463) bge x6, x0, 0x8                         Mxcpt_sig_sv+8

clint mtime 0x0000000000000209 (mip.MTI <- 0b1, mip.STI <- 0b0)
mem[X,0x0000000080001374] -> 0x3303
mem[X,0x0000000080001376] -> 0x2181
[1042] [M]: 0x0000000080001374 (0x21813303) ld x6, 0x218(x2)                        Mtrap_sig_sv+0
mem[R,0x0000000080004218] -> 0x0000000080008378
x6 <- 0x0000000080008378

mem[X,0x0000000080001378] -> 0x04B3
mem[X,0x000000008000137A] -> 0x0073
[1043] [M]: 0x0000000080001378 (0x007304B3) add x9, x6, x7                          Mtrap_sig_sv+4
x9 <- 0x0000000080008398

clint mtime 0x000000000000020A (mip.MTI <- 0b1, mip.STI <- 0b0)
mem[X,0x000000008000137C] -> 0x3C23
mem[X,0x000000008000137E] -> 0x2091
[1044] [M]: 0x000000008000137C (0x20913C23) sd x9, 0x218(x2)                        Mtrap_sig_sv+8
mem[W,0x0000000080004218] <- 0x0000000080008398

mem[X,0x0000000080001380] -> 0x3403
mem[X,0x0000000080001382] -> 0x1F81
[1045] [M]: 0x0000000080001380 (0x1F813403) ld x8, 0x1f8(x2)                        Mtrap_sig_sv+12
mem[R,0x00000000800041F8] -> 0x0000000080008110
x8 <- 0x0000000080008110

clint mtime 0x000000000000020B (mip.MTI <- 0b1, mip.STI <- 0b0)
mem[X,0x0000000080001384] -> 0x0333
mem[X,0x0000000080001386] -> 0x4083
[1046] [M]: 0x0000000080001384 (0x40830333) sub x6, x6, x8                          Mtrap_sig_sv+16
x6 <- 0x0000000000000268

mem[X,0x0000000080001388] -> 0x3403
mem[X,0x000000008000138A] -> 0x1F81
[1047] [M]: 0x0000000080001388 (0x1F813403) ld x8, 0x1f8(x2)                        Mtrap_sig_sv+20
mem[R,0x00000000800041F8] -> 0x0000000080008110
x8 <- 0x0000000080008110

clint mtime 0x000000000000020C (mip.MTI <- 0b1, mip.STI <- 0b0)
mem[X,0x000000008000138C] -> 0x0333
mem[X,0x000000008000138E] -> 0x0083
[1048] [M]: 0x000000008000138C (0x00830333) add x6, x6, x8                          Mtrap_sig_sv+24
x6 <- 0x0000000080008378

mem[X,0x0000000080001390] -> 0x3403
mem[X,0x0000000080001392] -> 0x2401
[1049] [M]: 0x0000000080001390 (0x24013403) ld x8, 0x240(x2)                        Mtrap_sig_sv+28
mem[R,0x0000000080004240] -> 0x0000000080001100
x8 <- 0x0000000080001100

clint mtime 0x000000000000020D (mip.MTI <- 0b1, mip.STI <- 0b0)
mem[X,0x0000000080001394] -> 0x85B3
mem[X,0x0000000080001396] -> 0x4085
[1050] [M]: 0x0000000080001394 (0x408585B3) sub x11, x11, x8                        sv_Mvect+0
x11 <- 0x000000000000010C

mem[X,0x0000000080001398] -> 0x9593
mem[X,0x000000008000139A] -> 0x0045
[1051] [M]: 0x0000000080001398 (0x00459593) slli x11, x11, 0x4                      sv_Mvect+4
x11 <- 0x00000000000010C0

clint mtime 0x000000000000020E (mip.MTI <- 0b1, mip.STI <- 0b0)
mem[X,0x000000008000139C] -> 0xE5B3
mem[X,0x000000008000139E] -> 0x0075
[1052] [M]: 0x000000008000139C (0x0075E5B3) or x11, x11, x7                         sv_Mvect+8
x11 <- 0x00000000000010E0

mem[X,0x00000000800013A0] -> 0x8593
mem[X,0x00000000800013A2] -> 0x0035
[1053] [M]: 0x00000000800013A0 (0x00358593) addi x11, x11, 0x3                      sv_Mvect+12
x11 <- 0x00000000000010E3

clint mtime 0x000000000000020F (mip.MTI <- 0b1, mip.STI <- 0b0)
mem[X,0x00000000800013A4] -> 0x3023
mem[X,0x00000000800013A6] -> 0x00B3
[1054] [M]: 0x00000000800013A4 (0x00B33023) sd x11, 0x0(x6)                         sv_Mvect+16
mem[W,0x0000000080008378] <- 0x00000000000010E3

mem[X,0x00000000800013A8] -> 0x3423
mem[X,0x00000000800013AA] -> 0x00A3
[1055] [M]: 0x00000000800013A8 (0x00A33423) sd x10, 0x8(x6)                         sv_Mcause+0
mem[W,0x0000000080008380] <- 0x000000000000000C

clint mtime 0x0000000000000210 (mip.MTI <- 0b1, mip.STI <- 0b0)
mem[X,0x00000000800013AC] -> 0x4663
mem[X,0x00000000800013AE] -> 0x1A05
[1056] [M]: 0x00000000800013AC (0x1A054663) blt x10, x0, 0x1ac                      sv_Mcause+4

mem[X,0x00000000800013B0] -> 0x25F3
mem[X,0x00000000800013B2] -> 0x3000
[1057] [M]: 0x00000000800013B0 (0x300025F3) csrrs x11, mstatus, x0                  common_Mexcpt_handler+0
CSR mstatus (0x300) -> 0x0000000A00000800
x11 <- 0x0000000A00000800

clint mtime 0x0000000000000211 (mip.MTI <- 0b1, mip.STI <- 0b0)
mem[X,0x00000000800013B4] -> 0x9413
mem[X,0x00000000800013B6] -> 0x02E5
[1058] [M]: 0x00000000800013B4 (0x02E59413) slli x8, x11, 0x2e                      common_Mexcpt_handler+4
x8 <- 0x0200000000000000

mem[X,0x00000000800013B8] -> 0x5463
mem[X,0x00000000800013BA] -> 0x0004
[1059] [M]: 0x00000000800013B8 (0x00045463) bge x8, x0, 0x8                         common_Mexcpt_handler+8

clint mtime 0x0000000000000212 (mip.MTI <- 0b1, mip.STI <- 0b0)
mem[X,0x00000000800013C0] -> 0xD493
mem[X,0x00000000800013C2] -> 0x00B5
[1060] [M]: 0x00000000800013C0 (0x00B5D493) srli x9, x11, 0xb                       common_Mexcpt_handler+16
x9 <- 0x0000000001400001

mem[X,0x00000000800013C4] -> 0xF493
mem[X,0x00000000800013C6] -> 0x0034
[1061] [M]: 0x00000000800013C4 (0x0034F493) andi x9, x9, 0x3                        common_Mexcpt_handler+20
x9 <- 0x0000000000000001

clint mtime 0x0000000000000213 (mip.MTI <- 0b1, mip.STI <- 0b0)
mem[X,0x00000000800013C8] -> 0x8493
mem[X,0x00000000800013CA] -> 0x0014
[1062] [M]: 0x00000000800013C8 (0x00148493) addi x9, x9, 0x1                        common_Mexcpt_handler+24
x9 <- 0x0000000000000002

mem[X,0x00000000800013CC] -> 0xF493
mem[X,0x00000000800013CE] -> 0x0044
[1063] [M]: 0x00000000800013CC (0x0044F493) andi x9, x9, 0x4                        common_Mexcpt_handler+28
x9 <- 0x0000000000000000

clint mtime 0x0000000000000214 (mip.MTI <- 0b1, mip.STI <- 0b0)
mem[X,0x00000000800013D0] -> 0x0593
mem[X,0x00000000800013D2] -> 0x05D0
[1064] [M]: 0x00000000800013D0 (0x05D00593) addi x11, x0, 0x5d                      common_Mexcpt_handler+32
x11 <- 0x000000000000005D

mem[X,0x00000000800013D4] -> 0xD5B3
mem[X,0x00000000800013D6] -> 0x0095
[1065] [M]: 0x00000000800013D4 (0x0095D5B3) srl x11, x11, x9                        common_Mexcpt_handler+36
x11 <- 0x000000000000005D

clint mtime 0x0000000000000215 (mip.MTI <- 0b1, mip.STI <- 0b0)
mem[X,0x00000000800013D8] -> 0xF593
mem[X,0x00000000800013DA] -> 0x0015
[1066] [M]: 0x00000000800013D8 (0x0015F593) andi x11, x11, 0x1                      common_Mexcpt_handler+40
x11 <- 0x0000000000000001

mem[X,0x00000000800013DC] -> 0x8EE3
mem[X,0x00000000800013DE] -> 0xF405
[1067] [M]: 0x00000000800013DC (0xF4058EE3) beq x11, x0, -0xa4                      common_Mexcpt_handler+44

clint mtime 0x0000000000000216 (mip.MTI <- 0b1, mip.STI <- 0b0)
mem[X,0x00000000800013E0] -> 0x0593
mem[X,0x00000000800013E2] -> 0x2980
[1068] [M]: 0x00000000800013E0 (0x29800593) addi x11, x0, 0x298                     common_Mexcpt_handler+48
x11 <- 0x0000000000000298

mem[X,0x00000000800013E4] -> 0xF413
mem[X,0x00000000800013E6] -> 0x0014
[1069] [M]: 0x00000000800013E4 (0x0014F413) andi x8, x9, 0x1                        common_Mexcpt_handler+52
x8 <- 0x0000000000000000

clint mtime 0x0000000000000217 (mip.MTI <- 0b1, mip.STI <- 0b0)
mem[X,0x00000000800013E8] -> 0x95B3
mem[X,0x00000000800013EA] -> 0x0085
[1070] [M]: 0x00000000800013E8 (0x008595B3) sll x11, x11, x8                        common_Mexcpt_handler+56
x11 <- 0x0000000000000298

mem[X,0x00000000800013EC] -> 0x9413
mem[X,0x00000000800013EE] -> 0x03D4
[1071] [M]: 0x00000000800013EC (0x03D49413) slli x8, x9, 0x3d                       common_Mexcpt_handler+60
x8 <- 0x0000000000000000

clint mtime 0x0000000000000218 (mip.MTI <- 0b1, mip.STI <- 0b0)
mem[X,0x00000000800013F0] -> 0x5413
mem[X,0x00000000800013F2] -> 0x43F4
[1072] [M]: 0x00000000800013F0 (0x43F45413) srai x8, x8, 0x3f                       common_Mexcpt_handler+64
x8 <- 0x0000000000000000

mem[X,0x00000000800013F4] -> 0x4413
mem[X,0x00000000800013F6] -> 0xFFF4
[1073] [M]: 0x00000000800013F4 (0xFFF44413) xori x8, x8, -0x1                       common_Mexcpt_handler+68
x8 <- 0xFFFFFFFFFFFFFFFF

clint mtime 0x0000000000000219 (mip.MTI <- 0b1, mip.STI <- 0b0)
mem[X,0x00000000800013F8] -> 0xF4B3
mem[X,0x00000000800013FA] -> 0x0085
[1074] [M]: 0x00000000800013F8 (0x0085F4B3) and x9, x11, x8                         common_Mexcpt_handler+72
x9 <- 0x0000000000000298

mem[X,0x00000000800013FC] -> 0x84B3
mem[X,0x00000000800013FE] -> 0x0024
[1075] [M]: 0x00000000800013FC (0x002484B3) add x9, x9, x2                          vmem_adj_Mepc+0
x9 <- 0x0000000080004298

clint mtime 0x000000000000021A (mip.MTI <- 0b1, mip.STI <- 0b0)
mem[X,0x0000000080001400] -> 0x23F3
mem[X,0x0000000080001402] -> 0x3410
[1076] [M]: 0x0000000080001400 (0x341023F3) csrrs x7, mepc, x0                      vmem_adj_Mepc+4
CSR mepc (0x341) -> 0x8000000140000404
x7 <- 0x8000000140000404

mem[X,0x0000000080001404] -> 0x0413
mem[X,0x0000000080001406] -> 0x0004
[1077] [M]: 0x0000000080001404 (0x00040413) addi x8, x8, 0x0                        vmem_adj_Mepc+8
x8 <- 0xFFFFFFFFFFFFFFFF

clint mtime 0x000000000000021B (mip.MTI <- 0b1, mip.STI <- 0b0)
mem[X,0x0000000080001408] -> 0x006F
mem[X,0x000000008000140A] -> 0x0400
[1078] [M]: 0x0000000080001408 (0x0400006F) jal x0, 0x40                            vmem_adj_Mepc+12

mem[X,0x0000000080001448] -> 0x8433
mem[X,0x000000008000144A] -> 0x4083
[1079] [M]: 0x0000000080001448 (0x40838433) sub x8, x7, x8                          adj_Mepc+0
x8 <- 0x8000000140000405

clint mtime 0x000000000000021C (mip.MTI <- 0b1, mip.STI <- 0b0)
mem[X,0x000000008000144C] -> 0x3823
mem[X,0x000000008000144E] -> 0x0083
[1080] [M]: 0x000000008000144C (0x00833823) sd x8, 0x10(x6)                         sv_Mepc+0
mem[W,0x0000000080008388] <- 0x8000000140000405

mem[X,0x0000000080001450] -> 0x55B7
mem[X,0x0000000080001452] -> 0x0000
[1081] [M]: 0x0000000080001450 (0x000055B7) lui x11, 0x5                            sv_Mepc+4
x11 <- 0x0000000000005000

clint mtime 0x000000000000021D (mip.MTI <- 0b1, mip.STI <- 0b0)
mem[X,0x0000000080001454] -> 0x8593
mem[X,0x0000000080001456] -> 0x6675
[1082] [M]: 0x0000000080001454 (0x66758593) addi x11, x11, 0x667                    sv_Mepc+8
x11 <- 0x0000000000005667

mem[X,0x0000000080001458] -> 0x9593
mem[X,0x000000008000145A] -> 0x0015
[1083] [M]: 0x0000000080001458 (0x00159593) slli x11, x11, 0x1                      sv_Mepc+12
x11 <- 0x000000000000ACCE

clint mtime 0x000000000000021E (mip.MTI <- 0b1, mip.STI <- 0b0)
mem[X,0x000000008000145C] -> 0x9063
mem[X,0x000000008000145E] -> 0x02B1
[1084] [M]: 0x000000008000145C (0x02B19063) bne x3, x11, 0x20                       sv_Mepc+16

mem[X,0x0000000080001460] -> 0x2473
mem[X,0x0000000080001462] -> 0x3420
[1085] [M]: 0x0000000080001460 (0x34202473) csrrs x8, mcause, x0                    sv_Mepc+20
CSR mcause (0x342) -> 0x000000000000000C
x8 <- 0x000000000000000C

clint mtime 0x000000000000021F (mip.MTI <- 0b1, mip.STI <- 0b0)
mem[X,0x0000000080001464] -> 0x0593
mem[X,0x0000000080001466] -> 0x00C0
[1086] [M]: 0x0000000080001464 (0x00C00593) addi x11, x0, 0xc                       sv_Mepc+24
x11 <- 0x000000000000000C

mem[X,0x0000000080001468] -> 0x0663
mem[X,0x000000008000146A] -> 0x00B4
[1087] [M]: 0x0000000080001468 (0x00B40663) beq x8, x11, 0xc                        sv_Mepc+28

clint mtime 0x0000000000000220 (mip.MTI <- 0b1, mip.STI <- 0b0)
mem[X,0x0000000080001474] -> 0x1073
mem[X,0x0000000080001476] -> 0x3412
[1088] [M]: 0x0000000080001474 (0x34121073) csrrw x0, mepc, x4                      sv_Mepc+40
CSR mepc (0x341) <- 0x0000000180000BAC

mem[X,0x0000000080001478] -> 0x006F
mem[X,0x000000008000147A] -> 0x0100
[1089] [M]: 0x0000000080001478 (0x0100006F) jal x0, 0x10                            sv_Mepc+44

clint mtime 0x0000000000000221 (mip.MTI <- 0b1, mip.STI <- 0b0)
mem[X,0x0000000080001488] -> 0x23F3
mem[X,0x000000008000148A] -> 0x3430
[1090] [M]: 0x0000000080001488 (0x343023F3) csrrs x7, mtval, x0                     skp_adj_Mepc+0
CSR mtval (0x343) -> 0x8000000140000404
x7 <- 0x8000000140000404

mem[X,0x000000008000148C] -> 0x0413
mem[X,0x000000008000148E] -> 0x0004
[1091] [M]: 0x000000008000148C (0x00040413) addi x8, x8, 0x0                        skp_adj_Mepc+4
x8 <- 0x000000000000000C

clint mtime 0x0000000000000222 (mip.MTI <- 0b1, mip.STI <- 0b0)
mem[X,0x0000000080001490] -> 0x006F
mem[X,0x0000000080001492] -> 0x0840
[1092] [M]: 0x0000000080001490 (0x0840006F) jal x0, 0x84                            skp_adj_Mepc+8

mem[X,0x0000000080001514] -> 0x8433
mem[X,0x0000000080001516] -> 0x4083
[1093] [M]: 0x0000000080001514 (0x40838433) sub x8, x7, x8                          adj_Mtval+0
x8 <- 0x80000001400003F8

clint mtime 0x0000000000000223 (mip.MTI <- 0b1, mip.STI <- 0b0)
mem[X,0x0000000080001518] -> 0x3C23
mem[X,0x000000008000151A] -> 0x0083
[1094] [M]: 0x0000000080001518 (0x00833C23) sd x8, 0x18(x6)                         sv_Mtval+0
mem[W,0x0000000080008390] <- 0x80000001400003F8

mem[X,0x000000008000151C] -> 0x3483
mem[X,0x000000008000151E] -> 0x2181
[1095] [M]: 0x000000008000151C (0x21813483) ld x9, 0x218(x2)                        skp_Mtval+0
mem[R,0x0000000080004218] -> 0x0000000080008398
x9 <- 0x0000000080008398

clint mtime 0x0000000000000224 (mip.MTI <- 0b1, mip.STI <- 0b0)
mem[X,0x0000000080001520] -> 0x3383
mem[X,0x0000000080001522] -> 0x1F81
[1096] [M]: 0x0000000080001520 (0x1F813383) ld x7, 0x1f8(x2)                        skp_Mtval+4
mem[R,0x00000000800041F8] -> 0x0000000080008110
x7 <- 0x0000000080008110

mem[X,0x0000000080001524] -> 0x3303
mem[X,0x0000000080001526] -> 0x2001
[1097] [M]: 0x0000000080001524 (0x20013303) ld x6, 0x200(x2)                        skp_Mtval+8
mem[R,0x0000000080004200] -> 0x0000000000000410
x6 <- 0x0000000000000410

clint mtime 0x0000000000000225 (mip.MTI <- 0b1, mip.STI <- 0b0)
mem[X,0x0000000080001528] -> 0x0333
mem[X,0x000000008000152A] -> 0x0073
[1098] [M]: 0x0000000080001528 (0x00730333) add x6, x6, x7                          skp_Mtval+12
x6 <- 0x0000000080008520

mem[X,0x000000008000152C] -> 0x6AE3
mem[X,0x000000008000152E] -> 0xAE93
[1099] [M]: 0x000000008000152C (0xAE936AE3) bltu x6, x9, -0x50c                     skp_Mtval+16

clint mtime 0x0000000000000226 (mip.MTI <- 0b1, mip.STI <- 0b0)
mem[X,0x0000000080001530] -> 0x0393
mem[X,0x0000000080001532] -> 0x2000
[1100] [M]: 0x0000000080001530 (0x20000393) addi x7, x0, 0x200                      skp_Mtval+20
x7 <- 0x0000000000000200

mem[X,0x0000000080001534] -> 0x006F
mem[X,0x0000000080001536] -> 0x0400
[1101] [M]: 0x0000000080001534 (0x0400006F) jal x0, 0x40                            skp_Mtval+24

clint mtime 0x0000000000000227 (mip.MTI <- 0b1, mip.STI <- 0b0)
mem[X,0x0000000080001574] -> 0x0417
mem[X,0x0000000080001576] -> 0x0000
[1102] [M]: 0x0000000080001574 (0x00000417) auipc x8, 0x0                           spcl_Mhandler+0
x8 <- 0x0000000080001574

mem[X,0x0000000080001578] -> 0x0413
mem[X,0x000000008000157A] -> 0x03C4
[1103] [M]: 0x0000000080001578 (0x03C40413) addi x8, x8, 0x3c                       spcl_Mhandler+4
x8 <- 0x00000000800015B0

clint mtime 0x0000000000000228 (mip.MTI <- 0b1, mip.STI <- 0b0)
mem[X,0x000000008000157C] -> 0x0433
mem[X,0x000000008000157E] -> 0x0074
[1104] [M]: 0x000000008000157C (0x00740433) add x8, x8, x7                          spcl_Mhandler+8
x8 <- 0x00000000800017B0

mem[X,0x0000000080001580] -> 0x1393
mem[X,0x0000000080001582] -> 0x0035
[1105] [M]: 0x0000000080001580 (0x00351393) slli x7, x10, 0x3                       spcl_Mhandler+12
x7 <- 0x0000000000000060

clint mtime 0x0000000000000229 (mip.MTI <- 0b1, mip.STI <- 0b0)
mem[X,0x0000000080001584] -> 0x0433
mem[X,0x0000000080001586] -> 0x0074
[1106] [M]: 0x0000000080001584 (0x00740433) add x8, x8, x7                          spcl_Mhandler+16
x8 <- 0x0000000080001810

mem[X,0x0000000080001588] -> 0x7413
mem[X,0x000000008000158A] -> 0xFF84
[1107] [M]: 0x0000000080001588 (0xFF847413) andi x8, x8, -0x8                       spcl_Mhandler+20
x8 <- 0x0000000080001810

clint mtime 0x000000000000022A (mip.MTI <- 0b1, mip.STI <- 0b0)
mem[X,0x000000008000158C] -> 0x3403
mem[X,0x000000008000158E] -> 0x0004
[1108] [M]: 0x000000008000158C (0x00043403) ld x8, 0x0(x8)                          spcl_Mhandler+24
mem[R,0x0000000080001810] -> 0x0000000000000019
x8 <- 0x0000000000000019

mem[X,0x0000000080001590] -> 0x02E3
mem[X,0x0000000080001592] -> 0xB204
[1109] [M]: 0x0000000080001590 (0xB20402E3) beq x8, x0, -0x4dc                      spcl_Mdispatch_hndling+0

clint mtime 0x000000000000022B (mip.MTI <- 0b1, mip.STI <- 0b0)
mem[X,0x0000000080001594] -> 0x1393
mem[X,0x0000000080001596] -> 0x03F4
[1110] [M]: 0x0000000080001594 (0x03F41393) slli x7, x8, 0x3f                       spcl_Mdispatch_hndling+4
x7 <- 0x8000000000000000

mem[X,0x0000000080001598] -> 0xD863
mem[X,0x000000008000159A] -> 0x0003
[1111] [M]: 0x0000000080001598 (0x0003D863) bge x7, x0, 0x10                        spcl_Mdispatch_hndling+8

clint mtime 0x000000000000022C (mip.MTI <- 0b1, mip.STI <- 0b0)
mem[X,0x000000008000159C] -> 0x5413
mem[X,0x000000008000159E] -> 0x0014
[1112] [M]: 0x000000008000159C (0x00145413) srli x8, x8, 0x1                        spcl_Mdispatch_hndling+12
x8 <- 0x000000000000000C

mem[X,0x00000000800015A0] -> 0x0CE3
mem[X,0x00000000800015A2] -> 0xF885
[1113] [M]: 0x00000000800015A0 (0xF8850CE3) beq x10, x8, -0x68                      spcl_Mdispatch_hndling+16

clint mtime 0x000000000000022D (mip.MTI <- 0b1, mip.STI <- 0b0)
mem[X,0x0000000080001538] -> 0x3303
mem[X,0x000000008000153A] -> 0x2601
[1114] [M]: 0x0000000080001538 (0x26013303) ld x6, 0x260(x2)                        resto_Mrtn+0
mem[R,0x0000000080004260] -> 0x0000000100000008
x6 <- 0x0000000100000008

mem[X,0x000000008000153C] -> 0x3383
mem[X,0x000000008000153E] -> 0x2681
[1115] [M]: 0x000000008000153C (0x26813383) ld x7, 0x268(x2)                        resto_Mrtn+4
mem[R,0x0000000080004268] -> 0x0000000080004000
x7 <- 0x0000000080004000

clint mtime 0x000000000000022E (mip.MTI <- 0b1, mip.STI <- 0b0)
mem[X,0x0000000080001540] -> 0x3403
mem[X,0x0000000080001542] -> 0x2701
[1116] [M]: 0x0000000080001540 (0x27013403) ld x8, 0x270(x2)                        resto_Mrtn+8
mem[R,0x0000000080004270] -> 0x0000000000007F76
x8 <- 0x0000000000007F76

mem[X,0x0000000080001544] -> 0x3483
mem[X,0x0000000080001546] -> 0x2781
[1117] [M]: 0x0000000080001544 (0x27813483) ld x9, 0x278(x2)                        resto_Mrtn+12
mem[R,0x0000000080004278] -> 0x0000000280000B24
x9 <- 0x0000000280000B24

clint mtime 0x000000000000022F (mip.MTI <- 0b1, mip.STI <- 0b0)
mem[X,0x0000000080001548] -> 0x3503
mem[X,0x000000008000154A] -> 0x2801
[1118] [M]: 0x0000000080001548 (0x28013503) ld x10, 0x280(x2)                       resto_Mrtn+16
mem[R,0x0000000080004280] -> 0x00000000200000CF
x10 <- 0x00000000200000CF

mem[X,0x000000008000154C] -> 0x3583
mem[X,0x000000008000154E] -> 0x2881
[1119] [M]: 0x000000008000154C (0x28813583) ld x11, 0x288(x2)                       resto_Mrtn+20
mem[R,0x0000000080004288] -> 0x00000000000000CF
x11 <- 0x00000000000000CF

clint mtime 0x0000000000000230 (mip.MTI <- 0b1, mip.STI <- 0b0)
mem[X,0x0000000080001550] -> 0x3103
mem[X,0x0000000080001552] -> 0x2901
[1120] [M]: 0x0000000080001550 (0x29013103) ld x2, 0x290(x2)                        resto_Mrtn+24
mem[R,0x0000000080004290] -> 0x0000000080004000
x2 <- 0x0000000080004000

mem[X,0x0000000080001554] -> 0x0073
mem[X,0x0000000080001556] -> 0x3020
[1121] [M]: 0x0000000080001554 (0x30200073) mret                                    resto_Mrtn+28
CSR mstatus (0x300) <- 0x0000000A00000080
ret-ing from M to S

clint mtime 0x0000000000000231 (mip.MTI <- 0b1, mip.STI <- 0b0)
mem[X,0x0000000080000BAC] -> 0x0013
mem[X,0x0000000080000BAE] -> 0x0000
[1122] [S]: 0x0000000180000BAC (0x00000013) addi x0, x0, 0x0                        va_rvtest_code_begin+976

mem[X,0x0000000080000BB0] -> 0x0013
mem[X,0x0000000080000BB2] -> 0x0000
[1123] [S]: 0x0000000180000BB0 (0x00000013) addi x0, x0, 0x0                        va_rvtest_code_begin+980

clint mtime 0x0000000000000232 (mip.MTI <- 0b1, mip.STI <- 0b0)
mem[X,0x0000000080000BB4] -> 0x0013
mem[X,0x0000000080000BB6] -> 0x0000
[1124] [S]: 0x0000000180000BB4 (0x00000013) addi x0, x0, 0x0                        va_rvtest_code_begin+984

mem[X,0x0000000080000BB8] -> 0x0113
mem[X,0x0000000080000BBA] -> 0x0000
[1125] [S]: 0x0000000180000BB8 (0x00000113) addi x2, x0, 0x0                        va_rvtest_code_begin+988
x2 <- 0x0000000000000000

clint mtime 0x0000000000000233 (mip.MTI <- 0b1, mip.STI <- 0b0)
mem[X,0x0000000080000BBC] -> 0x0073
mem[X,0x0000000080000BBE] -> 0x0000
[1126] [S]: 0x0000000180000BBC (0x00000073) ecall                                   va_rvtest_code_begin+992
trapping from S to M to handle s-call
handling exc#s-call at priv M with tval 0x0000000000000000
CSR mstatus (0x300) <- 0x0000000A00000800
CSR mcause (0x342) <- 0x0000000000000009
CSR mtval (0x343) <- 0x0000000000000000
CSR mepc (0x341) <- 0x0000000180000BBC

mem[X,0x0000000080001100] -> 0x006F
mem[X,0x0000000080001102] -> 0x1000
[1127] [M]: 0x0000000080001100 (0x1000006F) jal x0, 0x100                           Mtrampoline+0

clint mtime 0x0000000000000234 (mip.MTI <- 0b1, mip.STI <- 0b0)
mem[X,0x0000000080001200] -> 0x1173
mem[X,0x0000000080001202] -> 0x3401
[1128] [M]: 0x0000000080001200 (0x34011173) csrrw x2, mscratch, x2                  trap_Mhandler+0
CSR mscratch (0x340) <- 0x0000000000000000
x2 <- 0x0000000080004000

mem[X,0x0000000080001204] -> 0x3423
mem[X,0x0000000080001206] -> 0x28B1
[1129] [M]: 0x0000000080001204 (0x28B13423) sd x11, 0x288(x2)                       trap_Mhandler+4
mem[W,0x0000000080004288] <- 0x00000000000000CF

clint mtime 0x0000000000000235 (mip.MTI <- 0b1, mip.STI <- 0b0)
mem[X,0x0000000080001208] -> 0x05EF
mem[X,0x000000008000120A] -> 0x0B80
[1130] [M]: 0x0000000080001208 (0x0B8005EF) jal x11, 0xb8                           trap_Mhandler+8
x11 <- 0x000000008000120C

mem[X,0x00000000800012C0] -> 0x3023
mem[X,0x00000000800012C2] -> 0x28A1
[1131] [M]: 0x00000000800012C0 (0x28A13023) sd x10, 0x280(x2)                       common_Mhandler+0
mem[W,0x0000000080004280] <- 0x00000000200000CF

clint mtime 0x0000000000000236 (mip.MTI <- 0b1, mip.STI <- 0b0)
mem[X,0x00000000800012C4] -> 0x1573
mem[X,0x00000000800012C6] -> 0x3401
[1132] [M]: 0x00000000800012C4 (0x34011573) csrrw x10, mscratch, x2                 common_Mhandler+4
CSR mscratch (0x340) <- 0x0000000080004000
x10 <- 0x0000000000000000

mem[X,0x00000000800012C8] -> 0x3823
mem[X,0x00000000800012CA] -> 0x28A1
[1133] [M]: 0x00000000800012C8 (0x28A13823) sd x10, 0x290(x2)                       common_Mhandler+8
mem[W,0x0000000080004290] <- 0x0000000000000000

clint mtime 0x0000000000000237 (mip.MTI <- 0b1, mip.STI <- 0b0)
mem[X,0x00000000800012CC] -> 0x3503
mem[X,0x00000000800012CE] -> 0x2301
[1134] [M]: 0x00000000800012CC (0x23013503) ld x10, 0x230(x2)                       common_Mhandler+12
mem[R,0x0000000080004230] -> 0x00000000800012D4
x10 <- 0x00000000800012D4

mem[X,0x00000000800012D0] -> 0x0067
mem[X,0x00000000800012D2] -> 0x0005
[1135] [M]: 0x00000000800012D0 (0x00050067) jalr x0, 0x0(x10)                       common_Mhandler+16

clint mtime 0x0000000000000238 (mip.MTI <- 0b1, mip.STI <- 0b0)
mem[X,0x00000000800012D4] -> 0x3C23
mem[X,0x00000000800012D6] -> 0x2691
[1136] [M]: 0x00000000800012D4 (0x26913C23) sd x9, 0x278(x2)                        common_Mentry+0
mem[W,0x0000000080004278] <- 0x0000000280000B24

mem[X,0x00000000800012D8] -> 0x3823
mem[X,0x00000000800012DA] -> 0x2681
[1137] [M]: 0x00000000800012D8 (0x26813823) sd x8, 0x270(x2)                        common_Mentry+4
mem[W,0x0000000080004270] <- 0x0000000000007F76

clint mtime 0x0000000000000239 (mip.MTI <- 0b1, mip.STI <- 0b0)
mem[X,0x00000000800012DC] -> 0x3423
mem[X,0x00000000800012DE] -> 0x2671
[1138] [M]: 0x00000000800012DC (0x26713423) sd x7, 0x268(x2)                        common_Mentry+8
mem[W,0x0000000080004268] <- 0x0000000080004000

mem[X,0x00000000800012E0] -> 0x3023
mem[X,0x00000000800012E2] -> 0x2661
[1139] [M]: 0x00000000800012E0 (0x26613023) sd x6, 0x260(x2)                        common_Mentry+12
mem[W,0x0000000080004260] <- 0x0000000100000008

clint mtime 0x000000000000023A (mip.MTI <- 0b1, mip.STI <- 0b0)
mem[X,0x00000000800012E4] -> 0x2573
mem[X,0x00000000800012E6] -> 0x3420
[1140] [M]: 0x00000000800012E4 (0x34202573) csrrs x10, mcause, x0                   spcl_M2mmode_test+0
CSR mcause (0x342) -> 0x0000000000000009
x10 <- 0x0000000000000009

mem[X,0x00000000800012E8] -> 0x04B7
mem[X,0x00000000800012EA] -> 0x8000
[1141] [M]: 0x00000000800012E8 (0x800004B7) lui x9, -0x80000                        spcl_M2mmode_test+4
x9 <- 0xFFFFFFFF80000000

clint mtime 0x000000000000023B (mip.MTI <- 0b1, mip.STI <- 0b0)
mem[X,0x00000000800012EC] -> 0x8493
mem[X,0x00000000800012EE] -> 0x0004
[1142] [M]: 0x00000000800012EC (0x00048493) addi x9, x9, 0x0                        spcl_M2mmode_test+8
x9 <- 0xFFFFFFFF80000000

mem[X,0x00000000800012F0] -> 0x9493
mem[X,0x00000000800012F2] -> 0x00B4
[1143] [M]: 0x00000000800012F0 (0x00B49493) slli x9, x9, 0xb                        spcl_M2mmode_test+12
x9 <- 0xFFFFFC0000000000

clint mtime 0x000000000000023C (mip.MTI <- 0b1, mip.STI <- 0b0)
mem[X,0x00000000800012F4] -> 0x8493
mem[X,0x00000000800012F6] -> 0x0004
[1144] [M]: 0x00000000800012F4 (0x00048493) addi x9, x9, 0x0                        spcl_M2mmode_test+16
x9 <- 0xFFFFFC0000000000

mem[X,0x00000000800012F8] -> 0x9493
mem[X,0x00000000800012FA] -> 0x00B4
[1145] [M]: 0x00000000800012F8 (0x00B49493) slli x9, x9, 0xb                        spcl_M2mmode_test+20
x9 <- 0xFFE0000000000000

clint mtime 0x000000000000023D (mip.MTI <- 0b1, mip.STI <- 0b0)
mem[X,0x00000000800012FC] -> 0x8493
mem[X,0x00000000800012FE] -> 0x0034
[1146] [M]: 0x00000000800012FC (0x00348493) addi x9, x9, 0x3                        spcl_M2mmode_test+24
x9 <- 0xFFE0000000000003

mem[X,0x0000000080001300] -> 0x9493
mem[X,0x0000000080001302] -> 0x00A4
[1147] [M]: 0x0000000080001300 (0x00A49493) slli x9, x9, 0xa                        spcl_M2mmode_test+28
x9 <- 0x8000000000000C00

clint mtime 0x000000000000023E (mip.MTI <- 0b1, mip.STI <- 0b0)
mem[X,0x0000000080001304] -> 0x8493
mem[X,0x0000000080001306] -> 0x3FC4
[1148] [M]: 0x0000000080001304 (0x3FC48493) addi x9, x9, 0x3fc                      spcl_M2mmode_test+32
x9 <- 0x8000000000000FFC

mem[X,0x0000000080001308] -> 0xF4B3
mem[X,0x000000008000130A] -> 0x00A4
[1149] [M]: 0x0000000080001308 (0x00A4F4B3) and x9, x9, x10                         spcl_M2mmode_test+36
x9 <- 0x0000000000000008

clint mtime 0x000000000000023F (mip.MTI <- 0b1, mip.STI <- 0b0)
mem[X,0x000000008000130C] -> 0x8493
mem[X,0x000000008000130E] -> 0xFF84
[1150] [M]: 0x000000008000130C (0xFF848493) addi x9, x9, -0x8                       spcl_M2mmode_test+40
x9 <- 0x0000000000000000

mem[X,0x0000000080001310] -> 0x9663
mem[X,0x0000000080001312] -> 0x0004
[1151] [M]: 0x0000000080001310 (0x00049663) bne x9, x0, 0xc                         spcl_M2mmode_test+44

clint mtime 0x0000000000000240 (mip.MTI <- 0b1, mip.STI <- 0b0)
mem[X,0x0000000080001314] -> 0x3383
mem[X,0x0000000080001316] -> 0x2901
[1152] [M]: 0x0000000080001314 (0x29013383) ld x7, 0x290(x2)                        spcl_M2mmode_test+48
mem[R,0x0000000080004290] -> 0x0000000000000000
x7 <- 0x0000000000000000

mem[X,0x0000000080001318] -> 0x8663
mem[X,0x000000008000131A] -> 0x6E03
[1153] [M]: 0x0000000080001318 (0x6E038663) beq x7, x0, 0x6ec                       spcl_M2mmode_test+52

clint mtime 0x0000000000000241 (mip.MTI <- 0b1, mip.STI <- 0b0)
mem[X,0x0000000080001A04] -> 0x0493
mem[X,0x0000000080001A06] -> 0xFF55
[1154] [M]: 0x0000000080001A04 (0xFF550493) addi x9, x10, -0xb                      rtn2mmode+0
x9 <- 0xFFFFFFFFFFFFFFFE

mem[X,0x0000000080001A08] -> 0x8C63
mem[X,0x0000000080001A0A] -> 0x0004
[1155] [M]: 0x0000000080001A08 (0x00048C63) beq x9, x0, 0x18                        rtn2mmode+4

clint mtime 0x0000000000000242 (mip.MTI <- 0b1, mip.STI <- 0b0)
mem[X,0x0000000080001A0C] -> 0x3583
mem[X,0x0000000080001A0E] -> 0x4701
[1156] [M]: 0x0000000080001A0C (0x47013583) ld x11, 0x470(x2)                       rtn2mmode+8
mem[R,0x0000000080004470] -> 0x00000001800007DC
x11 <- 0x00000001800007DC

mem[X,0x0000000080001A10] -> 0xD463
mem[X,0x0000000080001A12] -> 0x0003
[1157] [M]: 0x0000000080001A10 (0x0003D463) bge x7, x0, 0x8                         rtn2mmode+12

clint mtime 0x0000000000000243 (mip.MTI <- 0b1, mip.STI <- 0b0)
mem[X,0x0000000080001A18] -> 0x3483
mem[X,0x0000000080001A1A] -> 0x1D81
[1158] [M]: 0x0000000080001A18 (0x1D813483) ld x9, 0x1d8(x2)                        from_u_s+0
mem[R,0x00000000800041D8] -> 0x00000000800007F4
x9 <- 0x00000000800007F4

mem[X,0x0000000080001A1C] -> 0x84B3
mem[X,0x0000000080001A1E] -> 0x40B4
[1159] [M]: 0x0000000080001A1C (0x40B484B3) sub x9, x9, x11                         from_u_s+4
x9 <- 0xFFFFFFFF00000018

clint mtime 0x0000000000000244 (mip.MTI <- 0b1, mip.STI <- 0b0)
mem[X,0x0000000080001A20] -> 0x23F3
mem[X,0x0000000080001A22] -> 0x3410
[1160] [M]: 0x0000000080001A20 (0x341023F3) csrrs x7, mepc, x0                      rtn_fm_mmode+0
CSR mepc (0x341) -> 0x0000000180000BBC
x7 <- 0x0000000180000BBC

mem[X,0x0000000080001A24] -> 0x83B3
mem[X,0x0000000080001A26] -> 0x0093
[1161] [M]: 0x0000000080001A24 (0x009383B3) add x7, x7, x9                          rtn_fm_mmode+4
x7 <- 0x0000000080000BD4

clint mtime 0x0000000000000245 (mip.MTI <- 0b1, mip.STI <- 0b0)
mem[X,0x0000000080001A28] -> 0x3303
mem[X,0x0000000080001A2A] -> 0x2601
[1162] [M]: 0x0000000080001A28 (0x26013303) ld x6, 0x260(x2)                        rtn_fm_mmode+8
mem[R,0x0000000080004260] -> 0x0000000100000008
x6 <- 0x0000000100000008

mem[X,0x0000000080001A2C] -> 0x3403
mem[X,0x0000000080001A2E] -> 0x2701
[1163] [M]: 0x0000000080001A2C (0x27013403) ld x8, 0x270(x2)                        rtn_fm_mmode+12
mem[R,0x0000000080004270] -> 0x0000000000007F76
x8 <- 0x0000000000007F76

clint mtime 0x0000000000000246 (mip.MTI <- 0b1, mip.STI <- 0b0)
mem[X,0x0000000080001A30] -> 0x3483
mem[X,0x0000000080001A32] -> 0x2781
[1164] [M]: 0x0000000080001A30 (0x27813483) ld x9, 0x278(x2)                        rtn_fm_mmode+16
mem[R,0x0000000080004278] -> 0x0000000280000B24
x9 <- 0x0000000280000B24

mem[X,0x0000000080001A34] -> 0x3503
mem[X,0x0000000080001A36] -> 0x2801
[1165] [M]: 0x0000000080001A34 (0x28013503) ld x10, 0x280(x2)                       rtn_fm_mmode+20
mem[R,0x0000000080004280] -> 0x00000000200000CF
x10 <- 0x00000000200000CF

clint mtime 0x0000000000000247 (mip.MTI <- 0b1, mip.STI <- 0b0)
mem[X,0x0000000080001A38] -> 0x3583
mem[X,0x0000000080001A3A] -> 0x2881
[1166] [M]: 0x0000000080001A38 (0x28813583) ld x11, 0x288(x2)                       rtn_fm_mmode+24
mem[R,0x0000000080004288] -> 0x00000000000000CF
x11 <- 0x00000000000000CF

mem[X,0x0000000080001A3C] -> 0x3103
mem[X,0x0000000080001A3E] -> 0x2901
[1167] [M]: 0x0000000080001A3C (0x29013103) ld x2, 0x290(x2)                        rtn_fm_mmode+28
mem[R,0x0000000080004290] -> 0x0000000000000000
x2 <- 0x0000000000000000

clint mtime 0x0000000000000248 (mip.MTI <- 0b1, mip.STI <- 0b0)
mem[X,0x0000000080001A40] -> 0x8067
mem[X,0x0000000080001A42] -> 0x0043
[1168] [M]: 0x0000000080001A40 (0x00438067) jalr x0, 0x4(x7)                        rtn_fm_mmode+32

mem[X,0x0000000080000BD8] -> 0x0013
mem[X,0x0000000080000BDA] -> 0x0000
[1169] [M]: 0x0000000080000BD8 (0x00000013) addi x0, x0, 0x0                        main+952

clint mtime 0x0000000000000249 (mip.MTI <- 0b1, mip.STI <- 0b0)
mem[X,0x0000000080000BDC] -> 0x0013
mem[X,0x0000000080000BDE] -> 0x0000
[1170] [M]: 0x0000000080000BDC (0x00000013) addi x0, x0, 0x0                        main+956

mem[X,0x0000000080000BE0] -> 0x5517
mem[X,0x0000000080000BE2] -> 0x0000
[1171] [M]: 0x0000000080000BE0 (0x00005517) auipc x10, 0x5                          main+960
x10 <- 0x0000000080005BE0

clint mtime 0x000000000000024A (mip.MTI <- 0b1, mip.STI <- 0b0)
mem[X,0x0000000080000BE4] -> 0x0513
mem[X,0x0000000080000BE6] -> 0x4205
[1172] [M]: 0x0000000080000BE4 (0x42050513) addi x10, x10, 0x420                    main+964
x10 <- 0x0000000080006000

mem[X,0x0000000080000BE8] -> 0x0001
[1173] [M]: 0x0000000080000BE8 (0x0001) c.nop                                       main+968

clint mtime 0x000000000000024B (mip.MTI <- 0b1, mip.STI <- 0b0)
mem[X,0x0000000080000BEA] -> 0x0013
mem[X,0x0000000080000BEC] -> 0x0000
[1174] [M]: 0x0000000080000BEA (0x00000013) addi x0, x0, 0x0                        main+970

mem[X,0x0000000080000BEE] -> 0x0013
mem[X,0x0000000080000BF0] -> 0x0000
[1175] [M]: 0x0000000080000BEE (0x00000013) addi x0, x0, 0x0                        main+974

clint mtime 0x000000000000024C (mip.MTI <- 0b1, mip.STI <- 0b0)
mem[X,0x0000000080000BF2] -> 0x0013
mem[X,0x0000000080000BF4] -> 0x0000
[1176] [M]: 0x0000000080000BF2 (0x00000013) addi x0, x0, 0x0                        main+978

mem[X,0x0000000080000BF6] -> 0x0013
mem[X,0x0000000080000BF8] -> 0x0000
[1177] [M]: 0x0000000080000BF6 (0x00000013) addi x0, x0, 0x0                        main+982

clint mtime 0x000000000000024D (mip.MTI <- 0b1, mip.STI <- 0b0)
mem[X,0x0000000080000BFA] -> 0x0013
mem[X,0x0000000080000BFC] -> 0x0000
[1178] [M]: 0x0000000080000BFA (0x00000013) addi x0, x0, 0x0                        main+986

mem[X,0x0000000080000BFE] -> 0x0001
[1179] [M]: 0x0000000080000BFE (0x0001) c.nop                                       main+990

clint mtime 0x000000000000024E (mip.MTI <- 0b1, mip.STI <- 0b0)
mem[X,0x0000000080000C00] -> 0x0593
mem[X,0x0000000080000C02] -> 0x0010
[1180] [M]: 0x0000000080000C00 (0x00100593) addi x11, x0, 0x1                       main+992
x11 <- 0x0000000000000001

mem[X,0x0000000080000C04] -> 0x5513
mem[X,0x0000000080000C06] -> 0x00C5
[1181] [M]: 0x0000000080000C04 (0x00C55513) srli x10, x10, 0xc                      main+996
x10 <- 0x0000000000080006

clint mtime 0x000000000000024F (mip.MTI <- 0b1, mip.STI <- 0b0)
mem[X,0x0000000080000C08] -> 0x1513
mem[X,0x0000000080000C0A] -> 0x00A5
[1182] [M]: 0x0000000080000C08 (0x00A51513) slli x10, x10, 0xa                      main+1000
x10 <- 0x0000000020001800

mem[X,0x0000000080000C0C] -> 0x6533
mem[X,0x0000000080000C0E] -> 0x00B5
[1183] [M]: 0x0000000080000C0C (0x00B56533) or x10, x10, x11                        main+1004
x10 <- 0x0000000020001801

clint mtime 0x0000000000000250 (mip.MTI <- 0b1, mip.STI <- 0b0)
mem[X,0x0000000080000C10] -> 0x0013
mem[X,0x0000000080000C12] -> 0x0000
[1184] [M]: 0x0000000080000C10 (0x00000013) addi x0, x0, 0x0                        main+1008

mem[X,0x0000000080000C14] -> 0x0013
mem[X,0x0000000080000C16] -> 0x0000
[1185] [M]: 0x0000000080000C14 (0x00000013) addi x0, x0, 0x0                        main+1012

clint mtime 0x0000000000000251 (mip.MTI <- 0b1, mip.STI <- 0b0)
mem[X,0x0000000080000C18] -> 0x0013
mem[X,0x0000000080000C1A] -> 0x0000
[1186] [M]: 0x0000000080000C18 (0x00000013) addi x0, x0, 0x0                        main+1016

mem[X,0x0000000080000C1C] -> 0x0013
mem[X,0x0000000080000C1E] -> 0x0000
[1187] [M]: 0x0000000080000C1C (0x00000013) addi x0, x0, 0x0                        main+1020

clint mtime 0x0000000000000252 (mip.MTI <- 0b1, mip.STI <- 0b0)
mem[X,0x0000000080000C20] -> 0x6317
mem[X,0x0000000080000C22] -> 0x0000
[1188] [M]: 0x0000000080000C20 (0x00006317) auipc x6, 0x6                           main+1024
x6 <- 0x0000000080006C20

mem[X,0x0000000080000C24] -> 0x0313
mem[X,0x0000000080000C26] -> 0x3E03
[1189] [M]: 0x0000000080000C24 (0x3E030313) addi x6, x6, 0x3e0                      main+1028
x6 <- 0x0000000080007000

clint mtime 0x0000000000000253 (mip.MTI <- 0b1, mip.STI <- 0b0)
mem[X,0x0000000080000C28] -> 0x0001
[1190] [M]: 0x0000000080000C28 (0x0001) c.nop                                       main+1032

mem[X,0x0000000080000C2A] -> 0x0013
mem[X,0x0000000080000C2C] -> 0x0000
[1191] [M]: 0x0000000080000C2A (0x00000013) addi x0, x0, 0x0                        main+1034

clint mtime 0x0000000000000254 (mip.MTI <- 0b1, mip.STI <- 0b0)
mem[X,0x0000000080000C2E] -> 0x0013
mem[X,0x0000000080000C30] -> 0x0000
[1192] [M]: 0x0000000080000C2E (0x00000013) addi x0, x0, 0x0                        main+1038

mem[X,0x0000000080000C32] -> 0x0013
mem[X,0x0000000080000C34] -> 0x0000
[1193] [M]: 0x0000000080000C32 (0x00000013) addi x0, x0, 0x0                        main+1042

clint mtime 0x0000000000000255 (mip.MTI <- 0b1, mip.STI <- 0b0)
mem[X,0x0000000080000C36] -> 0x0013
mem[X,0x0000000080000C38] -> 0x0000
[1194] [M]: 0x0000000080000C36 (0x00000013) addi x0, x0, 0x0                        main+1046

mem[X,0x0000000080000C3A] -> 0x0013
mem[X,0x0000000080000C3C] -> 0x0000
[1195] [M]: 0x0000000080000C3A (0x00000013) addi x0, x0, 0x0                        main+1050

clint mtime 0x0000000000000256 (mip.MTI <- 0b1, mip.STI <- 0b0)
mem[X,0x0000000080000C3E] -> 0x0001
[1196] [M]: 0x0000000080000C3E (0x0001) c.nop                                       main+1054

mem[X,0x0000000080000C40] -> 0x0293
mem[X,0x0000000080000C42] -> 0x0280
[1197] [M]: 0x0000000080000C40 (0x02800293) addi x5, x0, 0x28                       main+1056
x5 <- 0x0000000000000028

clint mtime 0x0000000000000257 (mip.MTI <- 0b1, mip.STI <- 0b0)
mem[X,0x0000000080000C44] -> 0x0333
mem[X,0x0000000080000C46] -> 0x0053
[1198] [M]: 0x0000000080000C44 (0x00530333) add x6, x6, x5                          main+1060
x6 <- 0x0000000080007028

mem[X,0x0000000080000C48] -> 0x3023
mem[X,0x0000000080000C4A] -> 0x00A3
[1199] [M]: 0x0000000080000C48 (0x00A33023) sd x10, 0x0(x6)                         main+1064
mem[W,0x0000000080007028] <- 0x0000000020001801

clint mtime 0x0000000000000258 (mip.MTI <- 0b1, mip.STI <- 0b0)
mem[X,0x0000000080000C4C] -> 0x0013
mem[X,0x0000000080000C4E] -> 0x0000
[1200] [M]: 0x0000000080000C4C (0x00000013) addi x0, x0, 0x0                        main+1068

mem[X,0x0000000080000C50] -> 0x0013
mem[X,0x0000000080000C52] -> 0x0000
[1201] [M]: 0x0000000080000C50 (0x00000013) addi x0, x0, 0x0                        main+1072

clint mtime 0x0000000000000259 (mip.MTI <- 0b1, mip.STI <- 0b0)
mem[X,0x0000000080000C54] -> 0x0013
mem[X,0x0000000080000C56] -> 0x0000
[1202] [M]: 0x0000000080000C54 (0x00000013) addi x0, x0, 0x0                        main+1076

mem[X,0x0000000080000C58] -> 0x0013
mem[X,0x0000000080000C5A] -> 0x0000
[1203] [M]: 0x0000000080000C58 (0x00000013) addi x0, x0, 0x0                        main+1080

clint mtime 0x000000000000025A (mip.MTI <- 0b1, mip.STI <- 0b0)
mem[X,0x0000000080000C5C] -> 0x0013
mem[X,0x0000000080000C5E] -> 0x0000
[1204] [M]: 0x0000000080000C5C (0x00000013) addi x0, x0, 0x0                        main+1084

mem[X,0x0000000080000C60] -> 0xF517
mem[X,0x0000000080000C62] -> 0xFFFF
[1205] [M]: 0x0000000080000C60 (0xFFFFF517) auipc x10, -0x1                         main+1088
x10 <- 0x000000007FFFFC60

clint mtime 0x000000000000025B (mip.MTI <- 0b1, mip.STI <- 0b0)
mem[X,0x0000000080000C64] -> 0x0513
mem[X,0x0000000080000C66] -> 0x7A45
[1206] [M]: 0x0000000080000C64 (0x7A450513) addi x10, x10, 0x7a4                    main+1092
x10 <- 0x0000000080000404

mem[X,0x0000000080000C68] -> 0x0001
[1207] [M]: 0x0000000080000C68 (0x0001) c.nop                                       main+1096

clint mtime 0x000000000000025C (mip.MTI <- 0b1, mip.STI <- 0b0)
mem[X,0x0000000080000C6A] -> 0x0013
mem[X,0x0000000080000C6C] -> 0x0000
[1208] [M]: 0x0000000080000C6A (0x00000013) addi x0, x0, 0x0                        main+1098

mem[X,0x0000000080000C6E] -> 0x0013
mem[X,0x0000000080000C70] -> 0x0000
[1209] [M]: 0x0000000080000C6E (0x00000013) addi x0, x0, 0x0                        main+1102

clint mtime 0x000000000000025D (mip.MTI <- 0b1, mip.STI <- 0b0)
mem[X,0x0000000080000C72] -> 0x0013
mem[X,0x0000000080000C74] -> 0x0000
[1210] [M]: 0x0000000080000C72 (0x00000013) addi x0, x0, 0x0                        main+1106

mem[X,0x0000000080000C76] -> 0x0013
mem[X,0x0000000080000C78] -> 0x0000
[1211] [M]: 0x0000000080000C76 (0x00000013) addi x0, x0, 0x0                        main+1110

clint mtime 0x000000000000025E (mip.MTI <- 0b1, mip.STI <- 0b0)
mem[X,0x0000000080000C7A] -> 0x0013
mem[X,0x0000000080000C7C] -> 0x0000
[1212] [M]: 0x0000000080000C7A (0x00000013) addi x0, x0, 0x0                        main+1114

mem[X,0x0000000080000C7E] -> 0x0001
[1213] [M]: 0x0000000080000C7E (0x0001) c.nop                                       main+1118

clint mtime 0x000000000000025F (mip.MTI <- 0b1, mip.STI <- 0b0)
mem[X,0x0000000080000C80] -> 0x0593
mem[X,0x0000000080000C82] -> 0x0CF0
[1214] [M]: 0x0000000080000C80 (0x0CF00593) addi x11, x0, 0xcf                      main+1120
x11 <- 0x00000000000000CF

mem[X,0x0000000080000C84] -> 0x5513
mem[X,0x0000000080000C86] -> 0x00C5
[1215] [M]: 0x0000000080000C84 (0x00C55513) srli x10, x10, 0xc                      main+1124
x10 <- 0x0000000000080000

clint mtime 0x0000000000000260 (mip.MTI <- 0b1, mip.STI <- 0b0)
mem[X,0x0000000080000C88] -> 0x1513
mem[X,0x0000000080000C8A] -> 0x00A5
[1216] [M]: 0x0000000080000C88 (0x00A51513) slli x10, x10, 0xa                      main+1128
x10 <- 0x0000000020000000

mem[X,0x0000000080000C8C] -> 0x6533
mem[X,0x0000000080000C8E] -> 0x00B5
[1217] [M]: 0x0000000080000C8C (0x00B56533) or x10, x10, x11                        main+1132
x10 <- 0x00000000200000CF

clint mtime 0x0000000000000261 (mip.MTI <- 0b1, mip.STI <- 0b0)
mem[X,0x0000000080000C90] -> 0x0013
mem[X,0x0000000080000C92] -> 0x0000
[1218] [M]: 0x0000000080000C90 (0x00000013) addi x0, x0, 0x0                        main+1136

mem[X,0x0000000080000C94] -> 0x0013
mem[X,0x0000000080000C96] -> 0x0000
[1219] [M]: 0x0000000080000C94 (0x00000013) addi x0, x0, 0x0                        main+1140

clint mtime 0x0000000000000262 (mip.MTI <- 0b1, mip.STI <- 0b0)
mem[X,0x0000000080000C98] -> 0x0013
mem[X,0x0000000080000C9A] -> 0x0000
[1220] [M]: 0x0000000080000C98 (0x00000013) addi x0, x0, 0x0                        main+1144

mem[X,0x0000000080000C9C] -> 0x0013
mem[X,0x0000000080000C9E] -> 0x0000
[1221] [M]: 0x0000000080000C9C (0x00000013) addi x0, x0, 0x0                        main+1148

clint mtime 0x0000000000000263 (mip.MTI <- 0b1, mip.STI <- 0b0)
mem[X,0x0000000080000CA0] -> 0x5317
mem[X,0x0000000080000CA2] -> 0x0000
[1222] [M]: 0x0000000080000CA0 (0x00005317) auipc x6, 0x5                           main+1152
x6 <- 0x0000000080005CA0

mem[X,0x0000000080000CA4] -> 0x0313
mem[X,0x0000000080000CA6] -> 0x3603
[1223] [M]: 0x0000000080000CA4 (0x36030313) addi x6, x6, 0x360                      main+1156
x6 <- 0x0000000080006000

clint mtime 0x0000000000000264 (mip.MTI <- 0b1, mip.STI <- 0b0)
mem[X,0x0000000080000CA8] -> 0x0001
[1224] [M]: 0x0000000080000CA8 (0x0001) c.nop                                       main+1160

mem[X,0x0000000080000CAA] -> 0x0013
mem[X,0x0000000080000CAC] -> 0x0000
[1225] [M]: 0x0000000080000CAA (0x00000013) addi x0, x0, 0x0                        main+1162

clint mtime 0x0000000000000265 (mip.MTI <- 0b1, mip.STI <- 0b0)
mem[X,0x0000000080000CAE] -> 0x0013
mem[X,0x0000000080000CB0] -> 0x0000
[1226] [M]: 0x0000000080000CAE (0x00000013) addi x0, x0, 0x0                        main+1166

mem[X,0x0000000080000CB2] -> 0x0013
mem[X,0x0000000080000CB4] -> 0x0000
[1227] [M]: 0x0000000080000CB2 (0x00000013) addi x0, x0, 0x0                        main+1170

clint mtime 0x0000000000000266 (mip.MTI <- 0b1, mip.STI <- 0b0)
mem[X,0x0000000080000CB6] -> 0x0013
mem[X,0x0000000080000CB8] -> 0x0000
[1228] [M]: 0x0000000080000CB6 (0x00000013) addi x0, x0, 0x0                        main+1174

mem[X,0x0000000080000CBA] -> 0x0013
mem[X,0x0000000080000CBC] -> 0x0000
[1229] [M]: 0x0000000080000CBA (0x00000013) addi x0, x0, 0x0                        main+1178

clint mtime 0x0000000000000267 (mip.MTI <- 0b1, mip.STI <- 0b0)
mem[X,0x0000000080000CBE] -> 0x0001
[1230] [M]: 0x0000000080000CBE (0x0001) c.nop                                       main+1182

mem[X,0x0000000080000CC0] -> 0x0293
mem[X,0x0000000080000CC2] -> 0x0000
[1231] [M]: 0x0000000080000CC0 (0x00000293) addi x5, x0, 0x0                        main+1184
x5 <- 0x0000000000000000

clint mtime 0x0000000000000268 (mip.MTI <- 0b1, mip.STI <- 0b0)
mem[X,0x0000000080000CC4] -> 0x0333
mem[X,0x0000000080000CC6] -> 0x0053
[1232] [M]: 0x0000000080000CC4 (0x00530333) add x6, x6, x5                          main+1188
x6 <- 0x0000000080006000

mem[X,0x0000000080000CC8] -> 0x3023
mem[X,0x0000000080000CCA] -> 0x00A3
[1233] [M]: 0x0000000080000CC8 (0x00A33023) sd x10, 0x0(x6)                         main+1192
mem[W,0x0000000080006000] <- 0x00000000200000CF

clint mtime 0x0000000000000269 (mip.MTI <- 0b1, mip.STI <- 0b0)
mem[X,0x0000000080000CCC] -> 0x0073
mem[X,0x0000000080000CCE] -> 0x1200
[1234] [M]: 0x0000000080000CCC (0x12000073) sfence.vma x0, x0                       main+1196

mem[X,0x0000000080000CD0] -> 0x0493
mem[X,0x0000000080000CD2] -> 0x0010
[1235] [M]: 0x0000000080000CD0 (0x00100493) addi x9, x0, 0x1                        main+1200
x9 <- 0x0000000000000001

clint mtime 0x000000000000026A (mip.MTI <- 0b1, mip.STI <- 0b0)
mem[X,0x0000000080000CD4] -> 0x9493
mem[X,0x0000000080000CD6] -> 0x00B4
[1236] [M]: 0x0000000080000CD4 (0x00B49493) slli x9, x9, 0xb                        main+1204
x9 <- 0x0000000000000800

mem[X,0x0000000080000CD8] -> 0xB073
mem[X,0x0000000080000CDA] -> 0x3004
[1237] [M]: 0x0000000080000CD8 (0x3004B073) csrrc x0, mstatus, x9                   main+1208
CSR mstatus (0x300) <- 0x0000000A00000000

clint mtime 0x000000000000026B (mip.MTI <- 0b1, mip.STI <- 0b0)
mem[X,0x0000000080000CDC] -> 0x0493
mem[X,0x0000000080000CDE] -> 0x0010
[1238] [M]: 0x0000000080000CDC (0x00100493) addi x9, x0, 0x1                        main+1212
x9 <- 0x0000000000000001

mem[X,0x0000000080000CE0] -> 0x9493
mem[X,0x0000000080000CE2] -> 0x00B4
[1239] [M]: 0x0000000080000CE0 (0x00B49493) slli x9, x9, 0xb                        main+1216
x9 <- 0x0000000000000800

clint mtime 0x000000000000026C (mip.MTI <- 0b1, mip.STI <- 0b0)
mem[X,0x0000000080000CE4] -> 0xA073
mem[X,0x0000000080000CE6] -> 0x3004
[1240] [M]: 0x0000000080000CE4 (0x3004A073) csrrs x0, mstatus, x9                   main+1220
CSR mstatus (0x300) <- 0x0000000A00000800

mem[X,0x0000000080000CE8] -> 0x23F3
mem[X,0x0000000080000CEA] -> 0x3400
[1241] [M]: 0x0000000080000CE8 (0x340023F3) csrrs x7, mscratch, x0                  main+1224
CSR mscratch (0x340) -> 0x0000000080004000
x7 <- 0x0000000080004000

clint mtime 0x000000000000026D (mip.MTI <- 0b1, mip.STI <- 0b0)
mem[X,0x0000000080000CEC] -> 0xB303
mem[X,0x0000000080000CEE] -> 0x4703
[1242] [M]: 0x0000000080000CEC (0x4703B303) ld x6, 0x470(x7)                        main+1228
mem[R,0x0000000080004470] -> 0x00000001800007DC
x6 <- 0x00000001800007DC

mem[X,0x0000000080000CF0] -> 0xB483
mem[X,0x0000000080000CF2] -> 0x1D83
[1243] [M]: 0x0000000080000CF0 (0x1D83B483) ld x9, 0x1d8(x7)                        main+1232
mem[R,0x00000000800041D8] -> 0x00000000800007F4
x9 <- 0x00000000800007F4

clint mtime 0x000000000000026E (mip.MTI <- 0b1, mip.STI <- 0b0)
mem[X,0x0000000080000CF4] -> 0x0333
mem[X,0x0000000080000CF6] -> 0x4093
[1244] [M]: 0x0000000080000CF4 (0x40930333) sub x6, x6, x9                          main+1236
x6 <- 0x00000000FFFFFFE8

mem[X,0x0000000080000CF8] -> 0x0313
mem[X,0x0000000080000CFA] -> 0x0103
[1245] [M]: 0x0000000080000CF8 (0x01030313) addi x6, x6, 0x10                       main+1240
x6 <- 0x00000000FFFFFFF8

clint mtime 0x000000000000026F (mip.MTI <- 0b1, mip.STI <- 0b0)
mem[X,0x0000000080000CFC] -> 0x0497
mem[X,0x0000000080000CFE] -> 0x0000
[1246] [M]: 0x0000000080000CFC (0x00000497) auipc x9, 0x0                           main+1244
x9 <- 0x0000000080000CFC

mem[X,0x0000000080000D00] -> 0x84B3
mem[X,0x0000000080000D02] -> 0x0064
[1247] [M]: 0x0000000080000D00 (0x006484B3) add x9, x9, x6                          main+1248
x9 <- 0x0000000180000CF4

clint mtime 0x0000000000000270 (mip.MTI <- 0b1, mip.STI <- 0b0)
mem[X,0x0000000080000D04] -> 0x94F3
mem[X,0x0000000080000D06] -> 0x3414
[1248] [M]: 0x0000000080000D04 (0x341494F3) csrrw x9, mepc, x9                      main+1252
CSR mepc (0x341) <- 0x0000000180000CF4
x9 <- 0x0000000180000BBC

mem[X,0x0000000080000D08] -> 0x0073
mem[X,0x0000000080000D0A] -> 0x3020
[1249] [M]: 0x0000000080000D08 (0x30200073) mret                                    main+1256
CSR mstatus (0x300) <- 0x0000000A00000080
ret-ing from M to S

clint mtime 0x0000000000000271 (mip.MTI <- 0b1, mip.STI <- 0b0)
PTW: Start, vpn=0x180000, access_type=X, privilege=Smem[R,0x0000000080007030] -> 0x00000000200000CB
PTW: Step, level=2, pte=0x200000CB, pte_addr=0x80007030
PTW: Success, final_ppn=0x80000, level=2mem[X,0x0000000080000CF4] -> 0x0333
mem[X,0x0000000080000CF6] -> 0x4093
[1250] [S]: 0x0000000180000CF4 (0x40930333) sub x6, x6, x9                          va_rvtest_code_begin+1304
x6 <- 0xFFFFFFFF7FFFF43C

mem[X,0x0000000080000CF8] -> 0x0313
mem[X,0x0000000080000CFA] -> 0x0103
[1251] [S]: 0x0000000180000CF8 (0x01030313) addi x6, x6, 0x10                       va_rvtest_code_begin+1308
x6 <- 0xFFFFFFFF7FFFF44C

clint mtime 0x0000000000000272 (mip.MTI <- 0b1, mip.STI <- 0b0)
mem[X,0x0000000080000CFC] -> 0x0497
mem[X,0x0000000080000CFE] -> 0x0000
[1252] [S]: 0x0000000180000CFC (0x00000497) auipc x9, 0x0                           va_rvtest_code_begin+1312
x9 <- 0x0000000180000CFC

mem[X,0x0000000080000D00] -> 0x84B3
mem[X,0x0000000080000D02] -> 0x0064
[1253] [S]: 0x0000000180000D00 (0x006484B3) add x9, x9, x6                          va_rvtest_code_begin+1316
x9 <- 0x0000000100000148

clint mtime 0x0000000000000273 (mip.MTI <- 0b1, mip.STI <- 0b0)
mem[X,0x0000000080000D04] -> 0x94F3
mem[X,0x0000000080000D06] -> 0x3414
[1254] [S]: 0x0000000180000D04 (0x341494F3) csrrw x9, mepc, x9                      va_rvtest_code_begin+1320
trapping from S to M to handle illegal-instruction
handling exc#illegal-instruction at priv M with tval 0x00000000341494F3
CSR mstatus (0x300) <- 0x0000000A00000800
CSR mcause (0x342) <- 0x0000000000000002
CSR mtval (0x343) <- 0x00000000341494F3
CSR mepc (0x341) <- 0x0000000180000D04

mem[X,0x0000000080001100] -> 0x006F
mem[X,0x0000000080001102] -> 0x1000
[1255] [M]: 0x0000000080001100 (0x1000006F) jal x0, 0x100                           Mtrampoline+0

clint mtime 0x0000000000000274 (mip.MTI <- 0b1, mip.STI <- 0b0)
mem[X,0x0000000080001200] -> 0x1173
mem[X,0x0000000080001202] -> 0x3401
[1256] [M]: 0x0000000080001200 (0x34011173) csrrw x2, mscratch, x2                  trap_Mhandler+0
CSR mscratch (0x340) <- 0x0000000000000000
x2 <- 0x0000000080004000

mem[X,0x0000000080001204] -> 0x3423
mem[X,0x0000000080001206] -> 0x28B1
[1257] [M]: 0x0000000080001204 (0x28B13423) sd x11, 0x288(x2)                       trap_Mhandler+4
mem[W,0x0000000080004288] <- 0x00000000000000CF

clint mtime 0x0000000000000275 (mip.MTI <- 0b1, mip.STI <- 0b0)
mem[X,0x0000000080001208] -> 0x05EF
mem[X,0x000000008000120A] -> 0x0B80
[1258] [M]: 0x0000000080001208 (0x0B8005EF) jal x11, 0xb8                           trap_Mhandler+8
x11 <- 0x000000008000120C

mem[X,0x00000000800012C0] -> 0x3023
mem[X,0x00000000800012C2] -> 0x28A1
[1259] [M]: 0x00000000800012C0 (0x28A13023) sd x10, 0x280(x2)                       common_Mhandler+0
mem[W,0x0000000080004280] <- 0x00000000200000CF

clint mtime 0x0000000000000276 (mip.MTI <- 0b1, mip.STI <- 0b0)
mem[X,0x00000000800012C4] -> 0x1573
mem[X,0x00000000800012C6] -> 0x3401
[1260] [M]: 0x00000000800012C4 (0x34011573) csrrw x10, mscratch, x2                 common_Mhandler+4
CSR mscratch (0x340) <- 0x0000000080004000
x10 <- 0x0000000000000000

mem[X,0x00000000800012C8] -> 0x3823
mem[X,0x00000000800012CA] -> 0x28A1
[1261] [M]: 0x00000000800012C8 (0x28A13823) sd x10, 0x290(x2)                       common_Mhandler+8
mem[W,0x0000000080004290] <- 0x0000000000000000

clint mtime 0x0000000000000277 (mip.MTI <- 0b1, mip.STI <- 0b0)
mem[X,0x00000000800012CC] -> 0x3503
mem[X,0x00000000800012CE] -> 0x2301
[1262] [M]: 0x00000000800012CC (0x23013503) ld x10, 0x230(x2)                       common_Mhandler+12
mem[R,0x0000000080004230] -> 0x00000000800012D4
x10 <- 0x00000000800012D4

mem[X,0x00000000800012D0] -> 0x0067
mem[X,0x00000000800012D2] -> 0x0005
[1263] [M]: 0x00000000800012D0 (0x00050067) jalr x0, 0x0(x10)                       common_Mhandler+16

clint mtime 0x0000000000000278 (mip.MTI <- 0b1, mip.STI <- 0b0)
mem[X,0x00000000800012D4] -> 0x3C23
mem[X,0x00000000800012D6] -> 0x2691
[1264] [M]: 0x00000000800012D4 (0x26913C23) sd x9, 0x278(x2)                        common_Mentry+0
mem[W,0x0000000080004278] <- 0x0000000100000148

mem[X,0x00000000800012D8] -> 0x3823
mem[X,0x00000000800012DA] -> 0x2681
[1265] [M]: 0x00000000800012D8 (0x26813823) sd x8, 0x270(x2)                        common_Mentry+4
mem[W,0x0000000080004270] <- 0x0000000000007F76

clint mtime 0x0000000000000279 (mip.MTI <- 0b1, mip.STI <- 0b0)
mem[X,0x00000000800012DC] -> 0x3423
mem[X,0x00000000800012DE] -> 0x2671
[1266] [M]: 0x00000000800012DC (0x26713423) sd x7, 0x268(x2)                        common_Mentry+8
mem[W,0x0000000080004268] <- 0x0000000080004000

mem[X,0x00000000800012E0] -> 0x3023
mem[X,0x00000000800012E2] -> 0x2661
[1267] [M]: 0x00000000800012E0 (0x26613023) sd x6, 0x260(x2)                        common_Mentry+12
mem[W,0x0000000080004260] <- 0xFFFFFFFF7FFFF44C

clint mtime 0x000000000000027A (mip.MTI <- 0b1, mip.STI <- 0b0)
mem[X,0x00000000800012E4] -> 0x2573
mem[X,0x00000000800012E6] -> 0x3420
[1268] [M]: 0x00000000800012E4 (0x34202573) csrrs x10, mcause, x0                   spcl_M2mmode_test+0
CSR mcause (0x342) -> 0x0000000000000002
x10 <- 0x0000000000000002

mem[X,0x00000000800012E8] -> 0x04B7
mem[X,0x00000000800012EA] -> 0x8000
[1269] [M]: 0x00000000800012E8 (0x800004B7) lui x9, -0x80000                        spcl_M2mmode_test+4
x9 <- 0xFFFFFFFF80000000

clint mtime 0x000000000000027B (mip.MTI <- 0b1, mip.STI <- 0b0)
mem[X,0x00000000800012EC] -> 0x8493
mem[X,0x00000000800012EE] -> 0x0004
[1270] [M]: 0x00000000800012EC (0x00048493) addi x9, x9, 0x0                        spcl_M2mmode_test+8
x9 <- 0xFFFFFFFF80000000

mem[X,0x00000000800012F0] -> 0x9493
mem[X,0x00000000800012F2] -> 0x00B4
[1271] [M]: 0x00000000800012F0 (0x00B49493) slli x9, x9, 0xb                        spcl_M2mmode_test+12
x9 <- 0xFFFFFC0000000000

clint mtime 0x000000000000027C (mip.MTI <- 0b1, mip.STI <- 0b0)
mem[X,0x00000000800012F4] -> 0x8493
mem[X,0x00000000800012F6] -> 0x0004
[1272] [M]: 0x00000000800012F4 (0x00048493) addi x9, x9, 0x0                        spcl_M2mmode_test+16
x9 <- 0xFFFFFC0000000000

mem[X,0x00000000800012F8] -> 0x9493
mem[X,0x00000000800012FA] -> 0x00B4
[1273] [M]: 0x00000000800012F8 (0x00B49493) slli x9, x9, 0xb                        spcl_M2mmode_test+20
x9 <- 0xFFE0000000000000

clint mtime 0x000000000000027D (mip.MTI <- 0b1, mip.STI <- 0b0)
mem[X,0x00000000800012FC] -> 0x8493
mem[X,0x00000000800012FE] -> 0x0034
[1274] [M]: 0x00000000800012FC (0x00348493) addi x9, x9, 0x3                        spcl_M2mmode_test+24
x9 <- 0xFFE0000000000003

mem[X,0x0000000080001300] -> 0x9493
mem[X,0x0000000080001302] -> 0x00A4
[1275] [M]: 0x0000000080001300 (0x00A49493) slli x9, x9, 0xa                        spcl_M2mmode_test+28
x9 <- 0x8000000000000C00

clint mtime 0x000000000000027E (mip.MTI <- 0b1, mip.STI <- 0b0)
mem[X,0x0000000080001304] -> 0x8493
mem[X,0x0000000080001306] -> 0x3FC4
[1276] [M]: 0x0000000080001304 (0x3FC48493) addi x9, x9, 0x3fc                      spcl_M2mmode_test+32
x9 <- 0x8000000000000FFC

mem[X,0x0000000080001308] -> 0xF4B3
mem[X,0x000000008000130A] -> 0x00A4
[1277] [M]: 0x0000000080001308 (0x00A4F4B3) and x9, x9, x10                         spcl_M2mmode_test+36
x9 <- 0x0000000000000000

clint mtime 0x000000000000027F (mip.MTI <- 0b1, mip.STI <- 0b0)
mem[X,0x000000008000130C] -> 0x8493
mem[X,0x000000008000130E] -> 0xFF84
[1278] [M]: 0x000000008000130C (0xFF848493) addi x9, x9, -0x8                       spcl_M2mmode_test+40
x9 <- 0xFFFFFFFFFFFFFFF8

mem[X,0x0000000080001310] -> 0x9663
mem[X,0x0000000080001312] -> 0x0004
[1279] [M]: 0x0000000080001310 (0x00049663) bne x9, x0, 0xc                         spcl_M2mmode_test+44

clint mtime 0x0000000000000280 (mip.MTI <- 0b1, mip.STI <- 0b0)
mem[X,0x000000008000131C] -> 0x0393
mem[X,0x000000008000131E] -> 0x0200
[1280] [M]: 0x000000008000131C (0x02000393) addi x7, x0, 0x20                       Mtrapsig_ptr_upd+0
x7 <- 0x0000000000000020

mem[X,0x0000000080001320] -> 0x5263
mem[X,0x0000000080001322] -> 0x0405
[1281] [M]: 0x0000000080001320 (0x04055263) bge x10, x0, 0x44                       Mtrapsig_ptr_upd+4

clint mtime 0x0000000000000281 (mip.MTI <- 0b1, mip.STI <- 0b0)
mem[X,0x0000000080001364] -> 0x2373
mem[X,0x0000000080001366] -> 0x3010
[1282] [M]: 0x0000000080001364 (0x30102373) csrrs x6, misa, x0                      Mxcpt_sig_sv+0
CSR misa (0x301) -> 0x800000000034112F
x6 <- 0x800000000034112F

mem[X,0x0000000080001368] -> 0x1313
mem[X,0x000000008000136A] -> 0x0383
[1283] [M]: 0x0000000080001368 (0x03831313) slli x6, x6, 0x38                       Mxcpt_sig_sv+4
x6 <- 0x2F00000000000000

clint mtime 0x0000000000000282 (mip.MTI <- 0b1, mip.STI <- 0b0)
mem[X,0x000000008000136C] -> 0x5463
mem[X,0x000000008000136E] -> 0x0003
[1284] [M]: 0x000000008000136C (0x00035463) bge x6, x0, 0x8                         Mxcpt_sig_sv+8

mem[X,0x0000000080001374] -> 0x3303
mem[X,0x0000000080001376] -> 0x2181
[1285] [M]: 0x0000000080001374 (0x21813303) ld x6, 0x218(x2)                        Mtrap_sig_sv+0
mem[R,0x0000000080004218] -> 0x0000000080008398
x6 <- 0x0000000080008398

clint mtime 0x0000000000000283 (mip.MTI <- 0b1, mip.STI <- 0b0)
mem[X,0x0000000080001378] -> 0x04B3
mem[X,0x000000008000137A] -> 0x0073
[1286] [M]: 0x0000000080001378 (0x007304B3) add x9, x6, x7                          Mtrap_sig_sv+4
x9 <- 0x00000000800083B8

mem[X,0x000000008000137C] -> 0x3C23
mem[X,0x000000008000137E] -> 0x2091
[1287] [M]: 0x000000008000137C (0x20913C23) sd x9, 0x218(x2)                        Mtrap_sig_sv+8
mem[W,0x0000000080004218] <- 0x00000000800083B8

clint mtime 0x0000000000000284 (mip.MTI <- 0b1, mip.STI <- 0b0)
mem[X,0x0000000080001380] -> 0x3403
mem[X,0x0000000080001382] -> 0x1F81
[1288] [M]: 0x0000000080001380 (0x1F813403) ld x8, 0x1f8(x2)                        Mtrap_sig_sv+12
mem[R,0x00000000800041F8] -> 0x0000000080008110
x8 <- 0x0000000080008110

mem[X,0x0000000080001384] -> 0x0333
mem[X,0x0000000080001386] -> 0x4083
[1289] [M]: 0x0000000080001384 (0x40830333) sub x6, x6, x8                          Mtrap_sig_sv+16
x6 <- 0x0000000000000288

clint mtime 0x0000000000000285 (mip.MTI <- 0b1, mip.STI <- 0b0)
mem[X,0x0000000080001388] -> 0x3403
mem[X,0x000000008000138A] -> 0x1F81
[1290] [M]: 0x0000000080001388 (0x1F813403) ld x8, 0x1f8(x2)                        Mtrap_sig_sv+20
mem[R,0x00000000800041F8] -> 0x0000000080008110
x8 <- 0x0000000080008110

mem[X,0x000000008000138C] -> 0x0333
mem[X,0x000000008000138E] -> 0x0083
[1291] [M]: 0x000000008000138C (0x00830333) add x6, x6, x8                          Mtrap_sig_sv+24
x6 <- 0x0000000080008398

clint mtime 0x0000000000000286 (mip.MTI <- 0b1, mip.STI <- 0b0)
mem[X,0x0000000080001390] -> 0x3403
mem[X,0x0000000080001392] -> 0x2401
[1292] [M]: 0x0000000080001390 (0x24013403) ld x8, 0x240(x2)                        Mtrap_sig_sv+28
mem[R,0x0000000080004240] -> 0x0000000080001100
x8 <- 0x0000000080001100

mem[X,0x0000000080001394] -> 0x85B3
mem[X,0x0000000080001396] -> 0x4085
[1293] [M]: 0x0000000080001394 (0x408585B3) sub x11, x11, x8                        sv_Mvect+0
x11 <- 0x000000000000010C

clint mtime 0x0000000000000287 (mip.MTI <- 0b1, mip.STI <- 0b0)
mem[X,0x0000000080001398] -> 0x9593
mem[X,0x000000008000139A] -> 0x0045
[1294] [M]: 0x0000000080001398 (0x00459593) slli x11, x11, 0x4                      sv_Mvect+4
x11 <- 0x00000000000010C0

mem[X,0x000000008000139C] -> 0xE5B3
mem[X,0x000000008000139E] -> 0x0075
[1295] [M]: 0x000000008000139C (0x0075E5B3) or x11, x11, x7                         sv_Mvect+8
x11 <- 0x00000000000010E0

clint mtime 0x0000000000000288 (mip.MTI <- 0b1, mip.STI <- 0b0)
mem[X,0x00000000800013A0] -> 0x8593
mem[X,0x00000000800013A2] -> 0x0035
[1296] [M]: 0x00000000800013A0 (0x00358593) addi x11, x11, 0x3                      sv_Mvect+12
x11 <- 0x00000000000010E3

mem[X,0x00000000800013A4] -> 0x3023
mem[X,0x00000000800013A6] -> 0x00B3
[1297] [M]: 0x00000000800013A4 (0x00B33023) sd x11, 0x0(x6)                         sv_Mvect+16
mem[W,0x0000000080008398] <- 0x00000000000010E3

clint mtime 0x0000000000000289 (mip.MTI <- 0b1, mip.STI <- 0b0)
mem[X,0x00000000800013A8] -> 0x3423
mem[X,0x00000000800013AA] -> 0x00A3
[1298] [M]: 0x00000000800013A8 (0x00A33423) sd x10, 0x8(x6)                         sv_Mcause+0
mem[W,0x00000000800083A0] <- 0x0000000000000002

mem[X,0x00000000800013AC] -> 0x4663
mem[X,0x00000000800013AE] -> 0x1A05
[1299] [M]: 0x00000000800013AC (0x1A054663) blt x10, x0, 0x1ac                      sv_Mcause+4

clint mtime 0x000000000000028A (mip.MTI <- 0b1, mip.STI <- 0b0)
mem[X,0x00000000800013B0] -> 0x25F3
mem[X,0x00000000800013B2] -> 0x3000
[1300] [M]: 0x00000000800013B0 (0x300025F3) csrrs x11, mstatus, x0                  common_Mexcpt_handler+0
CSR mstatus (0x300) -> 0x0000000A00000800
x11 <- 0x0000000A00000800

mem[X,0x00000000800013B4] -> 0x9413
mem[X,0x00000000800013B6] -> 0x02E5
[1301] [M]: 0x00000000800013B4 (0x02E59413) slli x8, x11, 0x2e                      common_Mexcpt_handler+4
x8 <- 0x0200000000000000

clint mtime 0x000000000000028B (mip.MTI <- 0b1, mip.STI <- 0b0)
mem[X,0x00000000800013B8] -> 0x5463
mem[X,0x00000000800013BA] -> 0x0004
[1302] [M]: 0x00000000800013B8 (0x00045463) bge x8, x0, 0x8                         common_Mexcpt_handler+8

mem[X,0x00000000800013C0] -> 0xD493
mem[X,0x00000000800013C2] -> 0x00B5
[1303] [M]: 0x00000000800013C0 (0x00B5D493) srli x9, x11, 0xb                       common_Mexcpt_handler+16
x9 <- 0x0000000001400001

clint mtime 0x000000000000028C (mip.MTI <- 0b1, mip.STI <- 0b0)
mem[X,0x00000000800013C4] -> 0xF493
mem[X,0x00000000800013C6] -> 0x0034
[1304] [M]: 0x00000000800013C4 (0x0034F493) andi x9, x9, 0x3                        common_Mexcpt_handler+20
x9 <- 0x0000000000000001

mem[X,0x00000000800013C8] -> 0x8493
mem[X,0x00000000800013CA] -> 0x0014
[1305] [M]: 0x00000000800013C8 (0x00148493) addi x9, x9, 0x1                        common_Mexcpt_handler+24
x9 <- 0x0000000000000002

clint mtime 0x000000000000028D (mip.MTI <- 0b1, mip.STI <- 0b0)
mem[X,0x00000000800013CC] -> 0xF493
mem[X,0x00000000800013CE] -> 0x0044
[1306] [M]: 0x00000000800013CC (0x0044F493) andi x9, x9, 0x4                        common_Mexcpt_handler+28
x9 <- 0x0000000000000000

mem[X,0x00000000800013D0] -> 0x0593
mem[X,0x00000000800013D2] -> 0x05D0
[1307] [M]: 0x00000000800013D0 (0x05D00593) addi x11, x0, 0x5d                      common_Mexcpt_handler+32
x11 <- 0x000000000000005D

clint mtime 0x000000000000028E (mip.MTI <- 0b1, mip.STI <- 0b0)
mem[X,0x00000000800013D4] -> 0xD5B3
mem[X,0x00000000800013D6] -> 0x0095
[1308] [M]: 0x00000000800013D4 (0x0095D5B3) srl x11, x11, x9                        common_Mexcpt_handler+36
x11 <- 0x000000000000005D

mem[X,0x00000000800013D8] -> 0xF593
mem[X,0x00000000800013DA] -> 0x0015
[1309] [M]: 0x00000000800013D8 (0x0015F593) andi x11, x11, 0x1                      common_Mexcpt_handler+40
x11 <- 0x0000000000000001

clint mtime 0x000000000000028F (mip.MTI <- 0b1, mip.STI <- 0b0)
mem[X,0x00000000800013DC] -> 0x8EE3
mem[X,0x00000000800013DE] -> 0xF405
[1310] [M]: 0x00000000800013DC (0xF4058EE3) beq x11, x0, -0xa4                      common_Mexcpt_handler+44

mem[X,0x00000000800013E0] -> 0x0593
mem[X,0x00000000800013E2] -> 0x2980
[1311] [M]: 0x00000000800013E0 (0x29800593) addi x11, x0, 0x298                     common_Mexcpt_handler+48
x11 <- 0x0000000000000298

clint mtime 0x0000000000000290 (mip.MTI <- 0b1, mip.STI <- 0b0)
mem[X,0x00000000800013E4] -> 0xF413
mem[X,0x00000000800013E6] -> 0x0014
[1312] [M]: 0x00000000800013E4 (0x0014F413) andi x8, x9, 0x1                        common_Mexcpt_handler+52
x8 <- 0x0000000000000000

mem[X,0x00000000800013E8] -> 0x95B3
mem[X,0x00000000800013EA] -> 0x0085
[1313] [M]: 0x00000000800013E8 (0x008595B3) sll x11, x11, x8                        common_Mexcpt_handler+56
x11 <- 0x0000000000000298

clint mtime 0x0000000000000291 (mip.MTI <- 0b1, mip.STI <- 0b0)
mem[X,0x00000000800013EC] -> 0x9413
mem[X,0x00000000800013EE] -> 0x03D4
[1314] [M]: 0x00000000800013EC (0x03D49413) slli x8, x9, 0x3d                       common_Mexcpt_handler+60
x8 <- 0x0000000000000000

mem[X,0x00000000800013F0] -> 0x5413
mem[X,0x00000000800013F2] -> 0x43F4
[1315] [M]: 0x00000000800013F0 (0x43F45413) srai x8, x8, 0x3f                       common_Mexcpt_handler+64
x8 <- 0x0000000000000000

clint mtime 0x0000000000000292 (mip.MTI <- 0b1, mip.STI <- 0b0)
mem[X,0x00000000800013F4] -> 0x4413
mem[X,0x00000000800013F6] -> 0xFFF4
[1316] [M]: 0x00000000800013F4 (0xFFF44413) xori x8, x8, -0x1                       common_Mexcpt_handler+68
x8 <- 0xFFFFFFFFFFFFFFFF

mem[X,0x00000000800013F8] -> 0xF4B3
mem[X,0x00000000800013FA] -> 0x0085
[1317] [M]: 0x00000000800013F8 (0x0085F4B3) and x9, x11, x8                         common_Mexcpt_handler+72
x9 <- 0x0000000000000298

clint mtime 0x0000000000000293 (mip.MTI <- 0b1, mip.STI <- 0b0)
mem[X,0x00000000800013FC] -> 0x84B3
mem[X,0x00000000800013FE] -> 0x0024
[1318] [M]: 0x00000000800013FC (0x002484B3) add x9, x9, x2                          vmem_adj_Mepc+0
x9 <- 0x0000000080004298

mem[X,0x0000000080001400] -> 0x23F3
mem[X,0x0000000080001402] -> 0x3410
[1319] [M]: 0x0000000080001400 (0x341023F3) csrrs x7, mepc, x0                      vmem_adj_Mepc+4
CSR mepc (0x341) -> 0x0000000180000D04
x7 <- 0x0000000180000D04

clint mtime 0x0000000000000294 (mip.MTI <- 0b1, mip.STI <- 0b0)
mem[X,0x0000000080001404] -> 0x0413
mem[X,0x0000000080001406] -> 0x0004
[1320] [M]: 0x0000000080001404 (0x00040413) addi x8, x8, 0x0                        vmem_adj_Mepc+8
x8 <- 0xFFFFFFFFFFFFFFFF

mem[X,0x0000000080001408] -> 0x006F
mem[X,0x000000008000140A] -> 0x0400
[1321] [M]: 0x0000000080001408 (0x0400006F) jal x0, 0x40                            vmem_adj_Mepc+12

clint mtime 0x0000000000000295 (mip.MTI <- 0b1, mip.STI <- 0b0)
mem[X,0x0000000080001448] -> 0x8433
mem[X,0x000000008000144A] -> 0x4083
[1322] [M]: 0x0000000080001448 (0x40838433) sub x8, x7, x8                          adj_Mepc+0
x8 <- 0x0000000180000D05

mem[X,0x000000008000144C] -> 0x3823
mem[X,0x000000008000144E] -> 0x0083
[1323] [M]: 0x000000008000144C (0x00833823) sd x8, 0x10(x6)                         sv_Mepc+0
mem[W,0x00000000800083A8] <- 0x0000000180000D05

clint mtime 0x0000000000000296 (mip.MTI <- 0b1, mip.STI <- 0b0)
mem[X,0x0000000080001450] -> 0x55B7
mem[X,0x0000000080001452] -> 0x0000
[1324] [M]: 0x0000000080001450 (0x000055B7) lui x11, 0x5                            sv_Mepc+4
x11 <- 0x0000000000005000

mem[X,0x0000000080001454] -> 0x8593
mem[X,0x0000000080001456] -> 0x6675
[1325] [M]: 0x0000000080001454 (0x66758593) addi x11, x11, 0x667                    sv_Mepc+8
x11 <- 0x0000000000005667

clint mtime 0x0000000000000297 (mip.MTI <- 0b1, mip.STI <- 0b0)
mem[X,0x0000000080001458] -> 0x9593
mem[X,0x000000008000145A] -> 0x0015
[1326] [M]: 0x0000000080001458 (0x00159593) slli x11, x11, 0x1                      sv_Mepc+12
x11 <- 0x000000000000ACCE

mem[X,0x000000008000145C] -> 0x9063
mem[X,0x000000008000145E] -> 0x02B1
[1327] [M]: 0x000000008000145C (0x02B19063) bne x3, x11, 0x20                       sv_Mepc+16

clint mtime 0x0000000000000298 (mip.MTI <- 0b1, mip.STI <- 0b0)
mem[X,0x0000000080001460] -> 0x2473
mem[X,0x0000000080001462] -> 0x3420
[1328] [M]: 0x0000000080001460 (0x34202473) csrrs x8, mcause, x0                    sv_Mepc+20
CSR mcause (0x342) -> 0x0000000000000002
x8 <- 0x0000000000000002

mem[X,0x0000000080001464] -> 0x0593
mem[X,0x0000000080001466] -> 0x00C0
[1329] [M]: 0x0000000080001464 (0x00C00593) addi x11, x0, 0xc                       sv_Mepc+24
x11 <- 0x000000000000000C

clint mtime 0x0000000000000299 (mip.MTI <- 0b1, mip.STI <- 0b0)
mem[X,0x0000000080001468] -> 0x0663
mem[X,0x000000008000146A] -> 0x00B4
[1330] [M]: 0x0000000080001468 (0x00B40663) beq x8, x11, 0xc                        sv_Mepc+28

mem[X,0x000000008000146C] -> 0x0593
mem[X,0x000000008000146E] -> 0x0010
[1331] [M]: 0x000000008000146C (0x00100593) addi x11, x0, 0x1                       sv_Mepc+32
x11 <- 0x0000000000000001

clint mtime 0x000000000000029A (mip.MTI <- 0b1, mip.STI <- 0b0)
mem[X,0x0000000080001470] -> 0x1663
mem[X,0x0000000080001472] -> 0x00B4
[1332] [M]: 0x0000000080001470 (0x00B41663) bne x8, x11, 0xc                        sv_Mepc+36

mem[X,0x000000008000147C] -> 0xF593
mem[X,0x000000008000147E] -> 0xFFC3
[1333] [M]: 0x000000008000147C (0xFFC3F593) andi x11, x7, -0x4                      adj_Mepc_rtn+0
x11 <- 0x0000000180000D04

clint mtime 0x000000000000029B (mip.MTI <- 0b1, mip.STI <- 0b0)
mem[X,0x0000000080001480] -> 0x8593
mem[X,0x0000000080001482] -> 0x0085
[1334] [M]: 0x0000000080001480 (0x00858593) addi x11, x11, 0x8                      adj_Mepc_rtn+4
x11 <- 0x0000000180000D0C

mem[X,0x0000000080001484] -> 0x9073
mem[X,0x0000000080001486] -> 0x3415
[1335] [M]: 0x0000000080001484 (0x34159073) csrrw x0, mepc, x11                     adj_Mepc_rtn+8
CSR mepc (0x341) <- 0x0000000180000D0C

clint mtime 0x000000000000029C (mip.MTI <- 0b1, mip.STI <- 0b0)
mem[X,0x0000000080001488] -> 0x23F3
mem[X,0x000000008000148A] -> 0x3430
[1336] [M]: 0x0000000080001488 (0x343023F3) csrrs x7, mtval, x0                     skp_adj_Mepc+0
CSR mtval (0x343) -> 0x00000000341494F3
x7 <- 0x00000000341494F3

mem[X,0x000000008000148C] -> 0x0413
mem[X,0x000000008000148E] -> 0x0004
[1337] [M]: 0x000000008000148C (0x00040413) addi x8, x8, 0x0                        skp_adj_Mepc+4
x8 <- 0x0000000000000002

clint mtime 0x000000000000029D (mip.MTI <- 0b1, mip.STI <- 0b0)
mem[X,0x0000000080001490] -> 0x006F
mem[X,0x0000000080001492] -> 0x0840
[1338] [M]: 0x0000000080001490 (0x0840006F) jal x0, 0x84                            skp_adj_Mepc+8

mem[X,0x0000000080001514] -> 0x8433
mem[X,0x0000000080001516] -> 0x4083
[1339] [M]: 0x0000000080001514 (0x40838433) sub x8, x7, x8                          adj_Mtval+0
x8 <- 0x00000000341494F1

clint mtime 0x000000000000029E (mip.MTI <- 0b1, mip.STI <- 0b0)
mem[X,0x0000000080001518] -> 0x3C23
mem[X,0x000000008000151A] -> 0x0083
[1340] [M]: 0x0000000080001518 (0x00833C23) sd x8, 0x18(x6)                         sv_Mtval+0
mem[W,0x00000000800083B0] <- 0x00000000341494F1

mem[X,0x000000008000151C] -> 0x3483
mem[X,0x000000008000151E] -> 0x2181
[1341] [M]: 0x000000008000151C (0x21813483) ld x9, 0x218(x2)                        skp_Mtval+0
mem[R,0x0000000080004218] -> 0x00000000800083B8
x9 <- 0x00000000800083B8

clint mtime 0x000000000000029F (mip.MTI <- 0b1, mip.STI <- 0b0)
mem[X,0x0000000080001520] -> 0x3383
mem[X,0x0000000080001522] -> 0x1F81
[1342] [M]: 0x0000000080001520 (0x1F813383) ld x7, 0x1f8(x2)                        skp_Mtval+4
mem[R,0x00000000800041F8] -> 0x0000000080008110
x7 <- 0x0000000080008110

mem[X,0x0000000080001524] -> 0x3303
mem[X,0x0000000080001526] -> 0x2001
[1343] [M]: 0x0000000080001524 (0x20013303) ld x6, 0x200(x2)                        skp_Mtval+8
mem[R,0x0000000080004200] -> 0x0000000000000410
x6 <- 0x0000000000000410

clint mtime 0x00000000000002A0 (mip.MTI <- 0b1, mip.STI <- 0b0)
mem[X,0x0000000080001528] -> 0x0333
mem[X,0x000000008000152A] -> 0x0073
[1344] [M]: 0x0000000080001528 (0x00730333) add x6, x6, x7                          skp_Mtval+12
x6 <- 0x0000000080008520

mem[X,0x000000008000152C] -> 0x6AE3
mem[X,0x000000008000152E] -> 0xAE93
[1345] [M]: 0x000000008000152C (0xAE936AE3) bltu x6, x9, -0x50c                     skp_Mtval+16

clint mtime 0x00000000000002A1 (mip.MTI <- 0b1, mip.STI <- 0b0)
mem[X,0x0000000080001530] -> 0x0393
mem[X,0x0000000080001532] -> 0x2000
[1346] [M]: 0x0000000080001530 (0x20000393) addi x7, x0, 0x200                      skp_Mtval+20
x7 <- 0x0000000000000200

mem[X,0x0000000080001534] -> 0x006F
mem[X,0x0000000080001536] -> 0x0400
[1347] [M]: 0x0000000080001534 (0x0400006F) jal x0, 0x40                            skp_Mtval+24

clint mtime 0x00000000000002A2 (mip.MTI <- 0b1, mip.STI <- 0b0)
mem[X,0x0000000080001574] -> 0x0417
mem[X,0x0000000080001576] -> 0x0000
[1348] [M]: 0x0000000080001574 (0x00000417) auipc x8, 0x0                           spcl_Mhandler+0
x8 <- 0x0000000080001574

mem[X,0x0000000080001578] -> 0x0413
mem[X,0x000000008000157A] -> 0x03C4
[1349] [M]: 0x0000000080001578 (0x03C40413) addi x8, x8, 0x3c                       spcl_Mhandler+4
x8 <- 0x00000000800015B0

clint mtime 0x00000000000002A3 (mip.MTI <- 0b1, mip.STI <- 0b0)
mem[X,0x000000008000157C] -> 0x0433
mem[X,0x000000008000157E] -> 0x0074
[1350] [M]: 0x000000008000157C (0x00740433) add x8, x8, x7                          spcl_Mhandler+8
x8 <- 0x00000000800017B0

mem[X,0x0000000080001580] -> 0x1393
mem[X,0x0000000080001582] -> 0x0035
[1351] [M]: 0x0000000080001580 (0x00351393) slli x7, x10, 0x3                       spcl_Mhandler+12
x7 <- 0x0000000000000010

clint mtime 0x00000000000002A4 (mip.MTI <- 0b1, mip.STI <- 0b0)
mem[X,0x0000000080001584] -> 0x0433
mem[X,0x0000000080001586] -> 0x0074
[1352] [M]: 0x0000000080001584 (0x00740433) add x8, x8, x7                          spcl_Mhandler+16
x8 <- 0x00000000800017C0

mem[X,0x0000000080001588] -> 0x7413
mem[X,0x000000008000158A] -> 0xFF84
[1353] [M]: 0x0000000080001588 (0xFF847413) andi x8, x8, -0x8                       spcl_Mhandler+20
x8 <- 0x00000000800017C0

clint mtime 0x00000000000002A5 (mip.MTI <- 0b1, mip.STI <- 0b0)
mem[X,0x000000008000158C] -> 0x3403
mem[X,0x000000008000158E] -> 0x0004
[1354] [M]: 0x000000008000158C (0x00043403) ld x8, 0x0(x8)                          spcl_Mhandler+24
mem[R,0x00000000800017C0] -> 0x0000000000000005
x8 <- 0x0000000000000005

mem[X,0x0000000080001590] -> 0x02E3
mem[X,0x0000000080001592] -> 0xB204
[1355] [M]: 0x0000000080001590 (0xB20402E3) beq x8, x0, -0x4dc                      spcl_Mdispatch_hndling+0

clint mtime 0x00000000000002A6 (mip.MTI <- 0b1, mip.STI <- 0b0)
mem[X,0x0000000080001594] -> 0x1393
mem[X,0x0000000080001596] -> 0x03F4
[1356] [M]: 0x0000000080001594 (0x03F41393) slli x7, x8, 0x3f                       spcl_Mdispatch_hndling+4
x7 <- 0x8000000000000000

mem[X,0x0000000080001598] -> 0xD863
mem[X,0x000000008000159A] -> 0x0003
[1357] [M]: 0x0000000080001598 (0x0003D863) bge x7, x0, 0x10                        spcl_Mdispatch_hndling+8

clint mtime 0x00000000000002A7 (mip.MTI <- 0b1, mip.STI <- 0b0)
mem[X,0x000000008000159C] -> 0x5413
mem[X,0x000000008000159E] -> 0x0014
[1358] [M]: 0x000000008000159C (0x00145413) srli x8, x8, 0x1                        spcl_Mdispatch_hndling+12
x8 <- 0x0000000000000002

mem[X,0x00000000800015A0] -> 0x0CE3
mem[X,0x00000000800015A2] -> 0xF885
[1359] [M]: 0x00000000800015A0 (0xF8850CE3) beq x10, x8, -0x68                      spcl_Mdispatch_hndling+16

clint mtime 0x00000000000002A8 (mip.MTI <- 0b1, mip.STI <- 0b0)
mem[X,0x0000000080001538] -> 0x3303
mem[X,0x000000008000153A] -> 0x2601
[1360] [M]: 0x0000000080001538 (0x26013303) ld x6, 0x260(x2)                        resto_Mrtn+0
mem[R,0x0000000080004260] -> 0xFFFFFFFF7FFFF44C
x6 <- 0xFFFFFFFF7FFFF44C

mem[X,0x000000008000153C] -> 0x3383
mem[X,0x000000008000153E] -> 0x2681
[1361] [M]: 0x000000008000153C (0x26813383) ld x7, 0x268(x2)                        resto_Mrtn+4
mem[R,0x0000000080004268] -> 0x0000000080004000
x7 <- 0x0000000080004000

clint mtime 0x00000000000002A9 (mip.MTI <- 0b1, mip.STI <- 0b0)
mem[X,0x0000000080001540] -> 0x3403
mem[X,0x0000000080001542] -> 0x2701
[1362] [M]: 0x0000000080001540 (0x27013403) ld x8, 0x270(x2)                        resto_Mrtn+8
mem[R,0x0000000080004270] -> 0x0000000000007F76
x8 <- 0x0000000000007F76

mem[X,0x0000000080001544] -> 0x3483
mem[X,0x0000000080001546] -> 0x2781
[1363] [M]: 0x0000000080001544 (0x27813483) ld x9, 0x278(x2)                        resto_Mrtn+12
mem[R,0x0000000080004278] -> 0x0000000100000148
x9 <- 0x0000000100000148

clint mtime 0x00000000000002AA (mip.MTI <- 0b1, mip.STI <- 0b0)
mem[X,0x0000000080001548] -> 0x3503
mem[X,0x000000008000154A] -> 0x2801
[1364] [M]: 0x0000000080001548 (0x28013503) ld x10, 0x280(x2)                       resto_Mrtn+16
mem[R,0x0000000080004280] -> 0x00000000200000CF
x10 <- 0x00000000200000CF

mem[X,0x000000008000154C] -> 0x3583
mem[X,0x000000008000154E] -> 0x2881
[1365] [M]: 0x000000008000154C (0x28813583) ld x11, 0x288(x2)                       resto_Mrtn+20
mem[R,0x0000000080004288] -> 0x00000000000000CF
x11 <- 0x00000000000000CF

clint mtime 0x00000000000002AB (mip.MTI <- 0b1, mip.STI <- 0b0)
mem[X,0x0000000080001550] -> 0x3103
mem[X,0x0000000080001552] -> 0x2901
[1366] [M]: 0x0000000080001550 (0x29013103) ld x2, 0x290(x2)                        resto_Mrtn+24
mem[R,0x0000000080004290] -> 0x0000000000000000
x2 <- 0x0000000000000000

mem[X,0x0000000080001554] -> 0x0073
mem[X,0x0000000080001556] -> 0x3020
[1367] [M]: 0x0000000080001554 (0x30200073) mret                                    resto_Mrtn+28
CSR mstatus (0x300) <- 0x0000000A00000080
ret-ing from M to S

clint mtime 0x00000000000002AC (mip.MTI <- 0b1, mip.STI <- 0b0)
mem[X,0x0000000080000D0C] -> 0x07B7
mem[X,0x0000000080000D0E] -> 0x8000
[1368] [S]: 0x0000000180000D0C (0x800007B7) lui x15, -0x80000                       va_rvtest_code_begin+1328
x15 <- 0xFFFFFFFF80000000

mem[X,0x0000000080000D10] -> 0x8793
mem[X,0x0000000080000D12] -> 0x0017
[1369] [S]: 0x0000000180000D10 (0x00178793) addi x15, x15, 0x1                      va_rvtest_code_begin+1332
x15 <- 0xFFFFFFFF80000001

clint mtime 0x00000000000002AD (mip.MTI <- 0b1, mip.STI <- 0b0)
mem[X,0x0000000080000D14] -> 0x9793
mem[X,0x0000000080000D16] -> 0x00B7
[1370] [S]: 0x0000000180000D14 (0x00B79793) slli x15, x15, 0xb                      va_rvtest_code_begin+1336
x15 <- 0xFFFFFC0000000800

mem[X,0x0000000080000D18] -> 0x8793
mem[X,0x0000000080000D1A] -> 0x2007
[1371] [S]: 0x0000000180000D18 (0x20078793) addi x15, x15, 0x200                    va_rvtest_code_begin+1340
x15 <- 0xFFFFFC0000000A00

clint mtime 0x00000000000002AE (mip.MTI <- 0b1, mip.STI <- 0b0)
mem[X,0x0000000080000D1C] -> 0x9793
mem[X,0x0000000080000D1E] -> 0x00B7
[1372] [S]: 0x0000000180000D1C (0x00B79793) slli x15, x15, 0xb                      va_rvtest_code_begin+1344
x15 <- 0xFFE0000000500000

mem[X,0x0000000080000D20] -> 0x8793
mem[X,0x0000000080000D22] -> 0x0017
[1373] [S]: 0x0000000180000D20 (0x00178793) addi x15, x15, 0x1                      va_rvtest_code_begin+1348
x15 <- 0xFFE0000000500001

clint mtime 0x00000000000002AF (mip.MTI <- 0b1, mip.STI <- 0b0)
mem[X,0x0000000080000D24] -> 0x9793
mem[X,0x0000000080000D26] -> 0x00A7
[1374] [S]: 0x0000000180000D24 (0x00A79793) slli x15, x15, 0xa                      va_rvtest_code_begin+1352
x15 <- 0x8000000140000400

mem[X,0x0000000080000D28] -> 0x8793
mem[X,0x0000000080000D2A] -> 0x0047
[1375] [S]: 0x0000000180000D28 (0x00478793) addi x15, x15, 0x4                      va_rvtest_code_begin+1356
x15 <- 0x8000000140000404

clint mtime 0x00000000000002B0 (mip.MTI <- 0b1, mip.STI <- 0b0)
mem[X,0x0000000080000D2C] -> 0x0613
mem[X,0x0000000080000D2E] -> 0x0106
[1376] [S]: 0x0000000180000D2C (0x01060613) addi x12, x12, 0x10                     va_rvtest_code_begin+1360
x12 <- 0x0000000000000020

mem[X,0x0000000080000D30] -> 0xAA23
mem[X,0x0000000080000D32] -> 0x00C7
[1377] [S]: 0x0000000180000D30 (0x00C7AA23) sw x12, 0x14(x15)                       va_rvtest_code_begin+1364
trapping from S to M to handle store/amo-page-fault
handling exc#store/amo-page-fault at priv M with tval 0x8000000140000418
CSR mstatus (0x300) <- 0x0000000A00000800
CSR mcause (0x342) <- 0x000000000000000F
CSR mtval (0x343) <- 0x8000000140000418
CSR mepc (0x341) <- 0x0000000180000D30

clint mtime 0x00000000000002B1 (mip.MTI <- 0b1, mip.STI <- 0b0)
mem[X,0x0000000080001100] -> 0x006F
mem[X,0x0000000080001102] -> 0x1000
[1378] [M]: 0x0000000080001100 (0x1000006F) jal x0, 0x100                           Mtrampoline+0

mem[X,0x0000000080001200] -> 0x1173
mem[X,0x0000000080001202] -> 0x3401
[1379] [M]: 0x0000000080001200 (0x34011173) csrrw x2, mscratch, x2                  trap_Mhandler+0
CSR mscratch (0x340) <- 0x0000000000000000
x2 <- 0x0000000080004000

clint mtime 0x00000000000002B2 (mip.MTI <- 0b1, mip.STI <- 0b0)
mem[X,0x0000000080001204] -> 0x3423
mem[X,0x0000000080001206] -> 0x28B1
[1380] [M]: 0x0000000080001204 (0x28B13423) sd x11, 0x288(x2)                       trap_Mhandler+4
mem[W,0x0000000080004288] <- 0x00000000000000CF

mem[X,0x0000000080001208] -> 0x05EF
mem[X,0x000000008000120A] -> 0x0B80
[1381] [M]: 0x0000000080001208 (0x0B8005EF) jal x11, 0xb8                           trap_Mhandler+8
x11 <- 0x000000008000120C

clint mtime 0x00000000000002B3 (mip.MTI <- 0b1, mip.STI <- 0b0)
mem[X,0x00000000800012C0] -> 0x3023
mem[X,0x00000000800012C2] -> 0x28A1
[1382] [M]: 0x00000000800012C0 (0x28A13023) sd x10, 0x280(x2)                       common_Mhandler+0
mem[W,0x0000000080004280] <- 0x00000000200000CF

mem[X,0x00000000800012C4] -> 0x1573
mem[X,0x00000000800012C6] -> 0x3401
[1383] [M]: 0x00000000800012C4 (0x34011573) csrrw x10, mscratch, x2                 common_Mhandler+4
CSR mscratch (0x340) <- 0x0000000080004000
x10 <- 0x0000000000000000

clint mtime 0x00000000000002B4 (mip.MTI <- 0b1, mip.STI <- 0b0)
mem[X,0x00000000800012C8] -> 0x3823
mem[X,0x00000000800012CA] -> 0x28A1
[1384] [M]: 0x00000000800012C8 (0x28A13823) sd x10, 0x290(x2)                       common_Mhandler+8
mem[W,0x0000000080004290] <- 0x0000000000000000

mem[X,0x00000000800012CC] -> 0x3503
mem[X,0x00000000800012CE] -> 0x2301
[1385] [M]: 0x00000000800012CC (0x23013503) ld x10, 0x230(x2)                       common_Mhandler+12
mem[R,0x0000000080004230] -> 0x00000000800012D4
x10 <- 0x00000000800012D4

clint mtime 0x00000000000002B5 (mip.MTI <- 0b1, mip.STI <- 0b0)
mem[X,0x00000000800012D0] -> 0x0067
mem[X,0x00000000800012D2] -> 0x0005
[1386] [M]: 0x00000000800012D0 (0x00050067) jalr x0, 0x0(x10)                       common_Mhandler+16

mem[X,0x00000000800012D4] -> 0x3C23
mem[X,0x00000000800012D6] -> 0x2691
[1387] [M]: 0x00000000800012D4 (0x26913C23) sd x9, 0x278(x2)                        common_Mentry+0
mem[W,0x0000000080004278] <- 0x0000000100000148

clint mtime 0x00000000000002B6 (mip.MTI <- 0b1, mip.STI <- 0b0)
mem[X,0x00000000800012D8] -> 0x3823
mem[X,0x00000000800012DA] -> 0x2681
[1388] [M]: 0x00000000800012D8 (0x26813823) sd x8, 0x270(x2)                        common_Mentry+4
mem[W,0x0000000080004270] <- 0x0000000000007F76

mem[X,0x00000000800012DC] -> 0x3423
mem[X,0x00000000800012DE] -> 0x2671
[1389] [M]: 0x00000000800012DC (0x26713423) sd x7, 0x268(x2)                        common_Mentry+8
mem[W,0x0000000080004268] <- 0x0000000080004000

clint mtime 0x00000000000002B7 (mip.MTI <- 0b1, mip.STI <- 0b0)
mem[X,0x00000000800012E0] -> 0x3023
mem[X,0x00000000800012E2] -> 0x2661
[1390] [M]: 0x00000000800012E0 (0x26613023) sd x6, 0x260(x2)                        common_Mentry+12
mem[W,0x0000000080004260] <- 0xFFFFFFFF7FFFF44C

mem[X,0x00000000800012E4] -> 0x2573
mem[X,0x00000000800012E6] -> 0x3420
[1391] [M]: 0x00000000800012E4 (0x34202573) csrrs x10, mcause, x0                   spcl_M2mmode_test+0
CSR mcause (0x342) -> 0x000000000000000F
x10 <- 0x000000000000000F

clint mtime 0x00000000000002B8 (mip.MTI <- 0b1, mip.STI <- 0b0)
mem[X,0x00000000800012E8] -> 0x04B7
mem[X,0x00000000800012EA] -> 0x8000
[1392] [M]: 0x00000000800012E8 (0x800004B7) lui x9, -0x80000                        spcl_M2mmode_test+4
x9 <- 0xFFFFFFFF80000000

mem[X,0x00000000800012EC] -> 0x8493
mem[X,0x00000000800012EE] -> 0x0004
[1393] [M]: 0x00000000800012EC (0x00048493) addi x9, x9, 0x0                        spcl_M2mmode_test+8
x9 <- 0xFFFFFFFF80000000

clint mtime 0x00000000000002B9 (mip.MTI <- 0b1, mip.STI <- 0b0)
mem[X,0x00000000800012F0] -> 0x9493
mem[X,0x00000000800012F2] -> 0x00B4
[1394] [M]: 0x00000000800012F0 (0x00B49493) slli x9, x9, 0xb                        spcl_M2mmode_test+12
x9 <- 0xFFFFFC0000000000

mem[X,0x00000000800012F4] -> 0x8493
mem[X,0x00000000800012F6] -> 0x0004
[1395] [M]: 0x00000000800012F4 (0x00048493) addi x9, x9, 0x0                        spcl_M2mmode_test+16
x9 <- 0xFFFFFC0000000000

clint mtime 0x00000000000002BA (mip.MTI <- 0b1, mip.STI <- 0b0)
mem[X,0x00000000800012F8] -> 0x9493
mem[X,0x00000000800012FA] -> 0x00B4
[1396] [M]: 0x00000000800012F8 (0x00B49493) slli x9, x9, 0xb                        spcl_M2mmode_test+20
x9 <- 0xFFE0000000000000

mem[X,0x00000000800012FC] -> 0x8493
mem[X,0x00000000800012FE] -> 0x0034
[1397] [M]: 0x00000000800012FC (0x00348493) addi x9, x9, 0x3                        spcl_M2mmode_test+24
x9 <- 0xFFE0000000000003

clint mtime 0x00000000000002BB (mip.MTI <- 0b1, mip.STI <- 0b0)
mem[X,0x0000000080001300] -> 0x9493
mem[X,0x0000000080001302] -> 0x00A4
[1398] [M]: 0x0000000080001300 (0x00A49493) slli x9, x9, 0xa                        spcl_M2mmode_test+28
x9 <- 0x8000000000000C00

mem[X,0x0000000080001304] -> 0x8493
mem[X,0x0000000080001306] -> 0x3FC4
[1399] [M]: 0x0000000080001304 (0x3FC48493) addi x9, x9, 0x3fc                      spcl_M2mmode_test+32
x9 <- 0x8000000000000FFC

clint mtime 0x00000000000002BC (mip.MTI <- 0b1, mip.STI <- 0b0)
mem[X,0x0000000080001308] -> 0xF4B3
mem[X,0x000000008000130A] -> 0x00A4
[1400] [M]: 0x0000000080001308 (0x00A4F4B3) and x9, x9, x10                         spcl_M2mmode_test+36
x9 <- 0x000000000000000C

mem[X,0x000000008000130C] -> 0x8493
mem[X,0x000000008000130E] -> 0xFF84
[1401] [M]: 0x000000008000130C (0xFF848493) addi x9, x9, -0x8                       spcl_M2mmode_test+40
x9 <- 0x0000000000000004

clint mtime 0x00000000000002BD (mip.MTI <- 0b1, mip.STI <- 0b0)
mem[X,0x0000000080001310] -> 0x9663
mem[X,0x0000000080001312] -> 0x0004
[1402] [M]: 0x0000000080001310 (0x00049663) bne x9, x0, 0xc                         spcl_M2mmode_test+44

mem[X,0x000000008000131C] -> 0x0393
mem[X,0x000000008000131E] -> 0x0200
[1403] [M]: 0x000000008000131C (0x02000393) addi x7, x0, 0x20                       Mtrapsig_ptr_upd+0
x7 <- 0x0000000000000020

clint mtime 0x00000000000002BE (mip.MTI <- 0b1, mip.STI <- 0b0)
mem[X,0x0000000080001320] -> 0x5263
mem[X,0x0000000080001322] -> 0x0405
[1404] [M]: 0x0000000080001320 (0x04055263) bge x10, x0, 0x44                       Mtrapsig_ptr_upd+4

mem[X,0x0000000080001364] -> 0x2373
mem[X,0x0000000080001366] -> 0x3010
[1405] [M]: 0x0000000080001364 (0x30102373) csrrs x6, misa, x0                      Mxcpt_sig_sv+0
CSR misa (0x301) -> 0x800000000034112F
x6 <- 0x800000000034112F

clint mtime 0x00000000000002BF (mip.MTI <- 0b1, mip.STI <- 0b0)
mem[X,0x0000000080001368] -> 0x1313
mem[X,0x000000008000136A] -> 0x0383
[1406] [M]: 0x0000000080001368 (0x03831313) slli x6, x6, 0x38                       Mxcpt_sig_sv+4
x6 <- 0x2F00000000000000

mem[X,0x000000008000136C] -> 0x5463
mem[X,0x000000008000136E] -> 0x0003
[1407] [M]: 0x000000008000136C (0x00035463) bge x6, x0, 0x8                         Mxcpt_sig_sv+8

clint mtime 0x00000000000002C0 (mip.MTI <- 0b1, mip.STI <- 0b0)
mem[X,0x0000000080001374] -> 0x3303
mem[X,0x0000000080001376] -> 0x2181
[1408] [M]: 0x0000000080001374 (0x21813303) ld x6, 0x218(x2)                        Mtrap_sig_sv+0
mem[R,0x0000000080004218] -> 0x00000000800083B8
x6 <- 0x00000000800083B8

mem[X,0x0000000080001378] -> 0x04B3
mem[X,0x000000008000137A] -> 0x0073
[1409] [M]: 0x0000000080001378 (0x007304B3) add x9, x6, x7                          Mtrap_sig_sv+4
x9 <- 0x00000000800083D8

clint mtime 0x00000000000002C1 (mip.MTI <- 0b1, mip.STI <- 0b0)
mem[X,0x000000008000137C] -> 0x3C23
mem[X,0x000000008000137E] -> 0x2091
[1410] [M]: 0x000000008000137C (0x20913C23) sd x9, 0x218(x2)                        Mtrap_sig_sv+8
mem[W,0x0000000080004218] <- 0x00000000800083D8

mem[X,0x0000000080001380] -> 0x3403
mem[X,0x0000000080001382] -> 0x1F81
[1411] [M]: 0x0000000080001380 (0x1F813403) ld x8, 0x1f8(x2)                        Mtrap_sig_sv+12
mem[R,0x00000000800041F8] -> 0x0000000080008110
x8 <- 0x0000000080008110

clint mtime 0x00000000000002C2 (mip.MTI <- 0b1, mip.STI <- 0b0)
mem[X,0x0000000080001384] -> 0x0333
mem[X,0x0000000080001386] -> 0x4083
[1412] [M]: 0x0000000080001384 (0x40830333) sub x6, x6, x8                          Mtrap_sig_sv+16
x6 <- 0x00000000000002A8

mem[X,0x0000000080001388] -> 0x3403
mem[X,0x000000008000138A] -> 0x1F81
[1413] [M]: 0x0000000080001388 (0x1F813403) ld x8, 0x1f8(x2)                        Mtrap_sig_sv+20
mem[R,0x00000000800041F8] -> 0x0000000080008110
x8 <- 0x0000000080008110

clint mtime 0x00000000000002C3 (mip.MTI <- 0b1, mip.STI <- 0b0)
mem[X,0x000000008000138C] -> 0x0333
mem[X,0x000000008000138E] -> 0x0083
[1414] [M]: 0x000000008000138C (0x00830333) add x6, x6, x8                          Mtrap_sig_sv+24
x6 <- 0x00000000800083B8

mem[X,0x0000000080001390] -> 0x3403
mem[X,0x0000000080001392] -> 0x2401
[1415] [M]: 0x0000000080001390 (0x24013403) ld x8, 0x240(x2)                        Mtrap_sig_sv+28
mem[R,0x0000000080004240] -> 0x0000000080001100
x8 <- 0x0000000080001100

clint mtime 0x00000000000002C4 (mip.MTI <- 0b1, mip.STI <- 0b0)
mem[X,0x0000000080001394] -> 0x85B3
mem[X,0x0000000080001396] -> 0x4085
[1416] [M]: 0x0000000080001394 (0x408585B3) sub x11, x11, x8                        sv_Mvect+0
x11 <- 0x000000000000010C

mem[X,0x0000000080001398] -> 0x9593
mem[X,0x000000008000139A] -> 0x0045
[1417] [M]: 0x0000000080001398 (0x00459593) slli x11, x11, 0x4                      sv_Mvect+4
x11 <- 0x00000000000010C0

clint mtime 0x00000000000002C5 (mip.MTI <- 0b1, mip.STI <- 0b0)
mem[X,0x000000008000139C] -> 0xE5B3
mem[X,0x000000008000139E] -> 0x0075
[1418] [M]: 0x000000008000139C (0x0075E5B3) or x11, x11, x7                         sv_Mvect+8
x11 <- 0x00000000000010E0

mem[X,0x00000000800013A0] -> 0x8593
mem[X,0x00000000800013A2] -> 0x0035
[1419] [M]: 0x00000000800013A0 (0x00358593) addi x11, x11, 0x3                      sv_Mvect+12
x11 <- 0x00000000000010E3

clint mtime 0x00000000000002C6 (mip.MTI <- 0b1, mip.STI <- 0b0)
mem[X,0x00000000800013A4] -> 0x3023
mem[X,0x00000000800013A6] -> 0x00B3
[1420] [M]: 0x00000000800013A4 (0x00B33023) sd x11, 0x0(x6)                         sv_Mvect+16
mem[W,0x00000000800083B8] <- 0x00000000000010E3

mem[X,0x00000000800013A8] -> 0x3423
mem[X,0x00000000800013AA] -> 0x00A3
[1421] [M]: 0x00000000800013A8 (0x00A33423) sd x10, 0x8(x6)                         sv_Mcause+0
mem[W,0x00000000800083C0] <- 0x000000000000000F

clint mtime 0x00000000000002C7 (mip.MTI <- 0b1, mip.STI <- 0b0)
mem[X,0x00000000800013AC] -> 0x4663
mem[X,0x00000000800013AE] -> 0x1A05
[1422] [M]: 0x00000000800013AC (0x1A054663) blt x10, x0, 0x1ac                      sv_Mcause+4

mem[X,0x00000000800013B0] -> 0x25F3
mem[X,0x00000000800013B2] -> 0x3000
[1423] [M]: 0x00000000800013B0 (0x300025F3) csrrs x11, mstatus, x0                  common_Mexcpt_handler+0
CSR mstatus (0x300) -> 0x0000000A00000800
x11 <- 0x0000000A00000800

clint mtime 0x00000000000002C8 (mip.MTI <- 0b1, mip.STI <- 0b0)
mem[X,0x00000000800013B4] -> 0x9413
mem[X,0x00000000800013B6] -> 0x02E5
[1424] [M]: 0x00000000800013B4 (0x02E59413) slli x8, x11, 0x2e                      common_Mexcpt_handler+4
x8 <- 0x0200000000000000

mem[X,0x00000000800013B8] -> 0x5463
mem[X,0x00000000800013BA] -> 0x0004
[1425] [M]: 0x00000000800013B8 (0x00045463) bge x8, x0, 0x8                         common_Mexcpt_handler+8

clint mtime 0x00000000000002C9 (mip.MTI <- 0b1, mip.STI <- 0b0)
mem[X,0x00000000800013C0] -> 0xD493
mem[X,0x00000000800013C2] -> 0x00B5
[1426] [M]: 0x00000000800013C0 (0x00B5D493) srli x9, x11, 0xb                       common_Mexcpt_handler+16
x9 <- 0x0000000001400001

mem[X,0x00000000800013C4] -> 0xF493
mem[X,0x00000000800013C6] -> 0x0034
[1427] [M]: 0x00000000800013C4 (0x0034F493) andi x9, x9, 0x3                        common_Mexcpt_handler+20
x9 <- 0x0000000000000001

clint mtime 0x00000000000002CA (mip.MTI <- 0b1, mip.STI <- 0b0)
mem[X,0x00000000800013C8] -> 0x8493
mem[X,0x00000000800013CA] -> 0x0014
[1428] [M]: 0x00000000800013C8 (0x00148493) addi x9, x9, 0x1                        common_Mexcpt_handler+24
x9 <- 0x0000000000000002

mem[X,0x00000000800013CC] -> 0xF493
mem[X,0x00000000800013CE] -> 0x0044
[1429] [M]: 0x00000000800013CC (0x0044F493) andi x9, x9, 0x4                        common_Mexcpt_handler+28
x9 <- 0x0000000000000000

clint mtime 0x00000000000002CB (mip.MTI <- 0b1, mip.STI <- 0b0)
mem[X,0x00000000800013D0] -> 0x0593
mem[X,0x00000000800013D2] -> 0x05D0
[1430] [M]: 0x00000000800013D0 (0x05D00593) addi x11, x0, 0x5d                      common_Mexcpt_handler+32
x11 <- 0x000000000000005D

mem[X,0x00000000800013D4] -> 0xD5B3
mem[X,0x00000000800013D6] -> 0x0095
[1431] [M]: 0x00000000800013D4 (0x0095D5B3) srl x11, x11, x9                        common_Mexcpt_handler+36
x11 <- 0x000000000000005D

clint mtime 0x00000000000002CC (mip.MTI <- 0b1, mip.STI <- 0b0)
mem[X,0x00000000800013D8] -> 0xF593
mem[X,0x00000000800013DA] -> 0x0015
[1432] [M]: 0x00000000800013D8 (0x0015F593) andi x11, x11, 0x1                      common_Mexcpt_handler+40
x11 <- 0x0000000000000001

mem[X,0x00000000800013DC] -> 0x8EE3
mem[X,0x00000000800013DE] -> 0xF405
[1433] [M]: 0x00000000800013DC (0xF4058EE3) beq x11, x0, -0xa4                      common_Mexcpt_handler+44

clint mtime 0x00000000000002CD (mip.MTI <- 0b1, mip.STI <- 0b0)
mem[X,0x00000000800013E0] -> 0x0593
mem[X,0x00000000800013E2] -> 0x2980
[1434] [M]: 0x00000000800013E0 (0x29800593) addi x11, x0, 0x298                     common_Mexcpt_handler+48
x11 <- 0x0000000000000298

mem[X,0x00000000800013E4] -> 0xF413
mem[X,0x00000000800013E6] -> 0x0014
[1435] [M]: 0x00000000800013E4 (0x0014F413) andi x8, x9, 0x1                        common_Mexcpt_handler+52
x8 <- 0x0000000000000000

clint mtime 0x00000000000002CE (mip.MTI <- 0b1, mip.STI <- 0b0)
mem[X,0x00000000800013E8] -> 0x95B3
mem[X,0x00000000800013EA] -> 0x0085
[1436] [M]: 0x00000000800013E8 (0x008595B3) sll x11, x11, x8                        common_Mexcpt_handler+56
x11 <- 0x0000000000000298

mem[X,0x00000000800013EC] -> 0x9413
mem[X,0x00000000800013EE] -> 0x03D4
[1437] [M]: 0x00000000800013EC (0x03D49413) slli x8, x9, 0x3d                       common_Mexcpt_handler+60
x8 <- 0x0000000000000000

clint mtime 0x00000000000002CF (mip.MTI <- 0b1, mip.STI <- 0b0)
mem[X,0x00000000800013F0] -> 0x5413
mem[X,0x00000000800013F2] -> 0x43F4
[1438] [M]: 0x00000000800013F0 (0x43F45413) srai x8, x8, 0x3f                       common_Mexcpt_handler+64
x8 <- 0x0000000000000000

mem[X,0x00000000800013F4] -> 0x4413
mem[X,0x00000000800013F6] -> 0xFFF4
[1439] [M]: 0x00000000800013F4 (0xFFF44413) xori x8, x8, -0x1                       common_Mexcpt_handler+68
x8 <- 0xFFFFFFFFFFFFFFFF

clint mtime 0x00000000000002D0 (mip.MTI <- 0b1, mip.STI <- 0b0)
mem[X,0x00000000800013F8] -> 0xF4B3
mem[X,0x00000000800013FA] -> 0x0085
[1440] [M]: 0x00000000800013F8 (0x0085F4B3) and x9, x11, x8                         common_Mexcpt_handler+72
x9 <- 0x0000000000000298

mem[X,0x00000000800013FC] -> 0x84B3
mem[X,0x00000000800013FE] -> 0x0024
[1441] [M]: 0x00000000800013FC (0x002484B3) add x9, x9, x2                          vmem_adj_Mepc+0
x9 <- 0x0000000080004298

clint mtime 0x00000000000002D1 (mip.MTI <- 0b1, mip.STI <- 0b0)
mem[X,0x0000000080001400] -> 0x23F3
mem[X,0x0000000080001402] -> 0x3410
[1442] [M]: 0x0000000080001400 (0x341023F3) csrrs x7, mepc, x0                      vmem_adj_Mepc+4
CSR mepc (0x341) -> 0x0000000180000D30
x7 <- 0x0000000180000D30

mem[X,0x0000000080001404] -> 0x0413
mem[X,0x0000000080001406] -> 0x0004
[1443] [M]: 0x0000000080001404 (0x00040413) addi x8, x8, 0x0                        vmem_adj_Mepc+8
x8 <- 0xFFFFFFFFFFFFFFFF

clint mtime 0x00000000000002D2 (mip.MTI <- 0b1, mip.STI <- 0b0)
mem[X,0x0000000080001408] -> 0x006F
mem[X,0x000000008000140A] -> 0x0400
[1444] [M]: 0x0000000080001408 (0x0400006F) jal x0, 0x40                            vmem_adj_Mepc+12

mem[X,0x0000000080001448] -> 0x8433
mem[X,0x000000008000144A] -> 0x4083
[1445] [M]: 0x0000000080001448 (0x40838433) sub x8, x7, x8                          adj_Mepc+0
x8 <- 0x0000000180000D31

clint mtime 0x00000000000002D3 (mip.MTI <- 0b1, mip.STI <- 0b0)
mem[X,0x000000008000144C] -> 0x3823
mem[X,0x000000008000144E] -> 0x0083
[1446] [M]: 0x000000008000144C (0x00833823) sd x8, 0x10(x6)                         sv_Mepc+0
mem[W,0x00000000800083C8] <- 0x0000000180000D31

mem[X,0x0000000080001450] -> 0x55B7
mem[X,0x0000000080001452] -> 0x0000
[1447] [M]: 0x0000000080001450 (0x000055B7) lui x11, 0x5                            sv_Mepc+4
x11 <- 0x0000000000005000

clint mtime 0x00000000000002D4 (mip.MTI <- 0b1, mip.STI <- 0b0)
mem[X,0x0000000080001454] -> 0x8593
mem[X,0x0000000080001456] -> 0x6675
[1448] [M]: 0x0000000080001454 (0x66758593) addi x11, x11, 0x667                    sv_Mepc+8
x11 <- 0x0000000000005667

mem[X,0x0000000080001458] -> 0x9593
mem[X,0x000000008000145A] -> 0x0015
[1449] [M]: 0x0000000080001458 (0x00159593) slli x11, x11, 0x1                      sv_Mepc+12
x11 <- 0x000000000000ACCE

clint mtime 0x00000000000002D5 (mip.MTI <- 0b1, mip.STI <- 0b0)
mem[X,0x000000008000145C] -> 0x9063
mem[X,0x000000008000145E] -> 0x02B1
[1450] [M]: 0x000000008000145C (0x02B19063) bne x3, x11, 0x20                       sv_Mepc+16

mem[X,0x0000000080001460] -> 0x2473
mem[X,0x0000000080001462] -> 0x3420
[1451] [M]: 0x0000000080001460 (0x34202473) csrrs x8, mcause, x0                    sv_Mepc+20
CSR mcause (0x342) -> 0x000000000000000F
x8 <- 0x000000000000000F

clint mtime 0x00000000000002D6 (mip.MTI <- 0b1, mip.STI <- 0b0)
mem[X,0x0000000080001464] -> 0x0593
mem[X,0x0000000080001466] -> 0x00C0
[1452] [M]: 0x0000000080001464 (0x00C00593) addi x11, x0, 0xc                       sv_Mepc+24
x11 <- 0x000000000000000C

mem[X,0x0000000080001468] -> 0x0663
mem[X,0x000000008000146A] -> 0x00B4
[1453] [M]: 0x0000000080001468 (0x00B40663) beq x8, x11, 0xc                        sv_Mepc+28

clint mtime 0x00000000000002D7 (mip.MTI <- 0b1, mip.STI <- 0b0)
mem[X,0x000000008000146C] -> 0x0593
mem[X,0x000000008000146E] -> 0x0010
[1454] [M]: 0x000000008000146C (0x00100593) addi x11, x0, 0x1                       sv_Mepc+32
x11 <- 0x0000000000000001

mem[X,0x0000000080001470] -> 0x1663
mem[X,0x0000000080001472] -> 0x00B4
[1455] [M]: 0x0000000080001470 (0x00B41663) bne x8, x11, 0xc                        sv_Mepc+36

clint mtime 0x00000000000002D8 (mip.MTI <- 0b1, mip.STI <- 0b0)
mem[X,0x000000008000147C] -> 0xF593
mem[X,0x000000008000147E] -> 0xFFC3
[1456] [M]: 0x000000008000147C (0xFFC3F593) andi x11, x7, -0x4                      adj_Mepc_rtn+0
x11 <- 0x0000000180000D30

mem[X,0x0000000080001480] -> 0x8593
mem[X,0x0000000080001482] -> 0x0085
[1457] [M]: 0x0000000080001480 (0x00858593) addi x11, x11, 0x8                      adj_Mepc_rtn+4
x11 <- 0x0000000180000D38

clint mtime 0x00000000000002D9 (mip.MTI <- 0b1, mip.STI <- 0b0)
mem[X,0x0000000080001484] -> 0x9073
mem[X,0x0000000080001486] -> 0x3415
[1458] [M]: 0x0000000080001484 (0x34159073) csrrw x0, mepc, x11                     adj_Mepc_rtn+8
CSR mepc (0x341) <- 0x0000000180000D38

mem[X,0x0000000080001488] -> 0x23F3
mem[X,0x000000008000148A] -> 0x3430
[1459] [M]: 0x0000000080001488 (0x343023F3) csrrs x7, mtval, x0                     skp_adj_Mepc+0
CSR mtval (0x343) -> 0x8000000140000418
x7 <- 0x8000000140000418

clint mtime 0x00000000000002DA (mip.MTI <- 0b1, mip.STI <- 0b0)
mem[X,0x000000008000148C] -> 0x0413
mem[X,0x000000008000148E] -> 0x0004
[1460] [M]: 0x000000008000148C (0x00040413) addi x8, x8, 0x0                        skp_adj_Mepc+4
x8 <- 0x000000000000000F

mem[X,0x0000000080001490] -> 0x006F
mem[X,0x0000000080001492] -> 0x0840
[1461] [M]: 0x0000000080001490 (0x0840006F) jal x0, 0x84                            skp_adj_Mepc+8

clint mtime 0x00000000000002DB (mip.MTI <- 0b1, mip.STI <- 0b0)
mem[X,0x0000000080001514] -> 0x8433
mem[X,0x0000000080001516] -> 0x4083
[1462] [M]: 0x0000000080001514 (0x40838433) sub x8, x7, x8                          adj_Mtval+0
x8 <- 0x8000000140000409

mem[X,0x0000000080001518] -> 0x3C23
mem[X,0x000000008000151A] -> 0x0083
[1463] [M]: 0x0000000080001518 (0x00833C23) sd x8, 0x18(x6)                         sv_Mtval+0
mem[W,0x00000000800083D0] <- 0x8000000140000409

clint mtime 0x00000000000002DC (mip.MTI <- 0b1, mip.STI <- 0b0)
mem[X,0x000000008000151C] -> 0x3483
mem[X,0x000000008000151E] -> 0x2181
[1464] [M]: 0x000000008000151C (0x21813483) ld x9, 0x218(x2)                        skp_Mtval+0
mem[R,0x0000000080004218] -> 0x00000000800083D8
x9 <- 0x00000000800083D8

mem[X,0x0000000080001520] -> 0x3383
mem[X,0x0000000080001522] -> 0x1F81
[1465] [M]: 0x0000000080001520 (0x1F813383) ld x7, 0x1f8(x2)                        skp_Mtval+4
mem[R,0x00000000800041F8] -> 0x0000000080008110
x7 <- 0x0000000080008110

clint mtime 0x00000000000002DD (mip.MTI <- 0b1, mip.STI <- 0b0)
mem[X,0x0000000080001524] -> 0x3303
mem[X,0x0000000080001526] -> 0x2001
[1466] [M]: 0x0000000080001524 (0x20013303) ld x6, 0x200(x2)                        skp_Mtval+8
mem[R,0x0000000080004200] -> 0x0000000000000410
x6 <- 0x0000000000000410

mem[X,0x0000000080001528] -> 0x0333
mem[X,0x000000008000152A] -> 0x0073
[1467] [M]: 0x0000000080001528 (0x00730333) add x6, x6, x7                          skp_Mtval+12
x6 <- 0x0000000080008520

clint mtime 0x00000000000002DE (mip.MTI <- 0b1, mip.STI <- 0b0)
mem[X,0x000000008000152C] -> 0x6AE3
mem[X,0x000000008000152E] -> 0xAE93
[1468] [M]: 0x000000008000152C (0xAE936AE3) bltu x6, x9, -0x50c                     skp_Mtval+16

mem[X,0x0000000080001530] -> 0x0393
mem[X,0x0000000080001532] -> 0x2000
[1469] [M]: 0x0000000080001530 (0x20000393) addi x7, x0, 0x200                      skp_Mtval+20
x7 <- 0x0000000000000200

clint mtime 0x00000000000002DF (mip.MTI <- 0b1, mip.STI <- 0b0)
mem[X,0x0000000080001534] -> 0x006F
mem[X,0x0000000080001536] -> 0x0400
[1470] [M]: 0x0000000080001534 (0x0400006F) jal x0, 0x40                            skp_Mtval+24

mem[X,0x0000000080001574] -> 0x0417
mem[X,0x0000000080001576] -> 0x0000
[1471] [M]: 0x0000000080001574 (0x00000417) auipc x8, 0x0                           spcl_Mhandler+0
x8 <- 0x0000000080001574

clint mtime 0x00000000000002E0 (mip.MTI <- 0b1, mip.STI <- 0b0)
mem[X,0x0000000080001578] -> 0x0413
mem[X,0x000000008000157A] -> 0x03C4
[1472] [M]: 0x0000000080001578 (0x03C40413) addi x8, x8, 0x3c                       spcl_Mhandler+4
x8 <- 0x00000000800015B0

mem[X,0x000000008000157C] -> 0x0433
mem[X,0x000000008000157E] -> 0x0074
[1473] [M]: 0x000000008000157C (0x00740433) add x8, x8, x7                          spcl_Mhandler+8
x8 <- 0x00000000800017B0

clint mtime 0x00000000000002E1 (mip.MTI <- 0b1, mip.STI <- 0b0)
mem[X,0x0000000080001580] -> 0x1393
mem[X,0x0000000080001582] -> 0x0035
[1474] [M]: 0x0000000080001580 (0x00351393) slli x7, x10, 0x3                       spcl_Mhandler+12
x7 <- 0x0000000000000078

mem[X,0x0000000080001584] -> 0x0433
mem[X,0x0000000080001586] -> 0x0074
[1475] [M]: 0x0000000080001584 (0x00740433) add x8, x8, x7                          spcl_Mhandler+16
x8 <- 0x0000000080001828

clint mtime 0x00000000000002E2 (mip.MTI <- 0b1, mip.STI <- 0b0)
mem[X,0x0000000080001588] -> 0x7413
mem[X,0x000000008000158A] -> 0xFF84
[1476] [M]: 0x0000000080001588 (0xFF847413) andi x8, x8, -0x8                       spcl_Mhandler+20
x8 <- 0x0000000080001828

mem[X,0x000000008000158C] -> 0x3403
mem[X,0x000000008000158E] -> 0x0004
[1477] [M]: 0x000000008000158C (0x00043403) ld x8, 0x0(x8)                          spcl_Mhandler+24
mem[R,0x0000000080001828] -> 0x000000000000001F
x8 <- 0x000000000000001F

clint mtime 0x00000000000002E3 (mip.MTI <- 0b1, mip.STI <- 0b0)
mem[X,0x0000000080001590] -> 0x02E3
mem[X,0x0000000080001592] -> 0xB204
[1478] [M]: 0x0000000080001590 (0xB20402E3) beq x8, x0, -0x4dc                      spcl_Mdispatch_hndling+0

mem[X,0x0000000080001594] -> 0x1393
mem[X,0x0000000080001596] -> 0x03F4
[1479] [M]: 0x0000000080001594 (0x03F41393) slli x7, x8, 0x3f                       spcl_Mdispatch_hndling+4
x7 <- 0x8000000000000000

clint mtime 0x00000000000002E4 (mip.MTI <- 0b1, mip.STI <- 0b0)
mem[X,0x0000000080001598] -> 0xD863
mem[X,0x000000008000159A] -> 0x0003
[1480] [M]: 0x0000000080001598 (0x0003D863) bge x7, x0, 0x10                        spcl_Mdispatch_hndling+8

mem[X,0x000000008000159C] -> 0x5413
mem[X,0x000000008000159E] -> 0x0014
[1481] [M]: 0x000000008000159C (0x00145413) srli x8, x8, 0x1                        spcl_Mdispatch_hndling+12
x8 <- 0x000000000000000F

clint mtime 0x00000000000002E5 (mip.MTI <- 0b1, mip.STI <- 0b0)
mem[X,0x00000000800015A0] -> 0x0CE3
mem[X,0x00000000800015A2] -> 0xF885
[1482] [M]: 0x00000000800015A0 (0xF8850CE3) beq x10, x8, -0x68                      spcl_Mdispatch_hndling+16

mem[X,0x0000000080001538] -> 0x3303
mem[X,0x000000008000153A] -> 0x2601
[1483] [M]: 0x0000000080001538 (0x26013303) ld x6, 0x260(x2)                        resto_Mrtn+0
mem[R,0x0000000080004260] -> 0xFFFFFFFF7FFFF44C
x6 <- 0xFFFFFFFF7FFFF44C

clint mtime 0x00000000000002E6 (mip.MTI <- 0b1, mip.STI <- 0b0)
mem[X,0x000000008000153C] -> 0x3383
mem[X,0x000000008000153E] -> 0x2681
[1484] [M]: 0x000000008000153C (0x26813383) ld x7, 0x268(x2)                        resto_Mrtn+4
mem[R,0x0000000080004268] -> 0x0000000080004000
x7 <- 0x0000000080004000

mem[X,0x0000000080001540] -> 0x3403
mem[X,0x0000000080001542] -> 0x2701
[1485] [M]: 0x0000000080001540 (0x27013403) ld x8, 0x270(x2)                        resto_Mrtn+8
mem[R,0x0000000080004270] -> 0x0000000000007F76
x8 <- 0x0000000000007F76

clint mtime 0x00000000000002E7 (mip.MTI <- 0b1, mip.STI <- 0b0)
mem[X,0x0000000080001544] -> 0x3483
mem[X,0x0000000080001546] -> 0x2781
[1486] [M]: 0x0000000080001544 (0x27813483) ld x9, 0x278(x2)                        resto_Mrtn+12
mem[R,0x0000000080004278] -> 0x0000000100000148
x9 <- 0x0000000100000148

mem[X,0x0000000080001548] -> 0x3503
mem[X,0x000000008000154A] -> 0x2801
[1487] [M]: 0x0000000080001548 (0x28013503) ld x10, 0x280(x2)                       resto_Mrtn+16
mem[R,0x0000000080004280] -> 0x00000000200000CF
x10 <- 0x00000000200000CF

clint mtime 0x00000000000002E8 (mip.MTI <- 0b1, mip.STI <- 0b0)
mem[X,0x000000008000154C] -> 0x3583
mem[X,0x000000008000154E] -> 0x2881
[1488] [M]: 0x000000008000154C (0x28813583) ld x11, 0x288(x2)                       resto_Mrtn+20
mem[R,0x0000000080004288] -> 0x00000000000000CF
x11 <- 0x00000000000000CF

mem[X,0x0000000080001550] -> 0x3103
mem[X,0x0000000080001552] -> 0x2901
[1489] [M]: 0x0000000080001550 (0x29013103) ld x2, 0x290(x2)                        resto_Mrtn+24
mem[R,0x0000000080004290] -> 0x0000000000000000
x2 <- 0x0000000000000000

clint mtime 0x00000000000002E9 (mip.MTI <- 0b1, mip.STI <- 0b0)
mem[X,0x0000000080001554] -> 0x0073
mem[X,0x0000000080001556] -> 0x3020
[1490] [M]: 0x0000000080001554 (0x30200073) mret                                    resto_Mrtn+28
CSR mstatus (0x300) <- 0x0000000A00000080
ret-ing from M to S

mem[X,0x0000000080000D38] -> 0xA703
mem[X,0x0000000080000D3A] -> 0x0147
[1491] [S]: 0x0000000180000D38 (0x0147A703) lw x14, 0x14(x15)                       va_rvtest_code_begin+1372
trapping from S to M to handle load-page-fault
handling exc#load-page-fault at priv M with tval 0x8000000140000418
CSR mstatus (0x300) <- 0x0000000A00000800
CSR mcause (0x342) <- 0x000000000000000D
CSR mtval (0x343) <- 0x8000000140000418
CSR mepc (0x341) <- 0x0000000180000D38

clint mtime 0x00000000000002EA (mip.MTI <- 0b1, mip.STI <- 0b0)
mem[X,0x0000000080001100] -> 0x006F
mem[X,0x0000000080001102] -> 0x1000
[1492] [M]: 0x0000000080001100 (0x1000006F) jal x0, 0x100                           Mtrampoline+0

mem[X,0x0000000080001200] -> 0x1173
mem[X,0x0000000080001202] -> 0x3401
[1493] [M]: 0x0000000080001200 (0x34011173) csrrw x2, mscratch, x2                  trap_Mhandler+0
CSR mscratch (0x340) <- 0x0000000000000000
x2 <- 0x0000000080004000

clint mtime 0x00000000000002EB (mip.MTI <- 0b1, mip.STI <- 0b0)
mem[X,0x0000000080001204] -> 0x3423
mem[X,0x0000000080001206] -> 0x28B1
[1494] [M]: 0x0000000080001204 (0x28B13423) sd x11, 0x288(x2)                       trap_Mhandler+4
mem[W,0x0000000080004288] <- 0x00000000000000CF

mem[X,0x0000000080001208] -> 0x05EF
mem[X,0x000000008000120A] -> 0x0B80
[1495] [M]: 0x0000000080001208 (0x0B8005EF) jal x11, 0xb8                           trap_Mhandler+8
x11 <- 0x000000008000120C

clint mtime 0x00000000000002EC (mip.MTI <- 0b1, mip.STI <- 0b0)
mem[X,0x00000000800012C0] -> 0x3023
mem[X,0x00000000800012C2] -> 0x28A1
[1496] [M]: 0x00000000800012C0 (0x28A13023) sd x10, 0x280(x2)                       common_Mhandler+0
mem[W,0x0000000080004280] <- 0x00000000200000CF

mem[X,0x00000000800012C4] -> 0x1573
mem[X,0x00000000800012C6] -> 0x3401
[1497] [M]: 0x00000000800012C4 (0x34011573) csrrw x10, mscratch, x2                 common_Mhandler+4
CSR mscratch (0x340) <- 0x0000000080004000
x10 <- 0x0000000000000000

clint mtime 0x00000000000002ED (mip.MTI <- 0b1, mip.STI <- 0b0)
mem[X,0x00000000800012C8] -> 0x3823
mem[X,0x00000000800012CA] -> 0x28A1
[1498] [M]: 0x00000000800012C8 (0x28A13823) sd x10, 0x290(x2)                       common_Mhandler+8
mem[W,0x0000000080004290] <- 0x0000000000000000

mem[X,0x00000000800012CC] -> 0x3503
mem[X,0x00000000800012CE] -> 0x2301
[1499] [M]: 0x00000000800012CC (0x23013503) ld x10, 0x230(x2)                       common_Mhandler+12
mem[R,0x0000000080004230] -> 0x00000000800012D4
x10 <- 0x00000000800012D4

clint mtime 0x00000000000002EE (mip.MTI <- 0b1, mip.STI <- 0b0)
mem[X,0x00000000800012D0] -> 0x0067
mem[X,0x00000000800012D2] -> 0x0005
[1500] [M]: 0x00000000800012D0 (0x00050067) jalr x0, 0x0(x10)                       common_Mhandler+16

mem[X,0x00000000800012D4] -> 0x3C23
mem[X,0x00000000800012D6] -> 0x2691
[1501] [M]: 0x00000000800012D4 (0x26913C23) sd x9, 0x278(x2)                        common_Mentry+0
mem[W,0x0000000080004278] <- 0x0000000100000148

clint mtime 0x00000000000002EF (mip.MTI <- 0b1, mip.STI <- 0b0)
mem[X,0x00000000800012D8] -> 0x3823
mem[X,0x00000000800012DA] -> 0x2681
[1502] [M]: 0x00000000800012D8 (0x26813823) sd x8, 0x270(x2)                        common_Mentry+4
mem[W,0x0000000080004270] <- 0x0000000000007F76

mem[X,0x00000000800012DC] -> 0x3423
mem[X,0x00000000800012DE] -> 0x2671
[1503] [M]: 0x00000000800012DC (0x26713423) sd x7, 0x268(x2)                        common_Mentry+8
mem[W,0x0000000080004268] <- 0x0000000080004000

clint mtime 0x00000000000002F0 (mip.MTI <- 0b1, mip.STI <- 0b0)
mem[X,0x00000000800012E0] -> 0x3023
mem[X,0x00000000800012E2] -> 0x2661
[1504] [M]: 0x00000000800012E0 (0x26613023) sd x6, 0x260(x2)                        common_Mentry+12
mem[W,0x0000000080004260] <- 0xFFFFFFFF7FFFF44C

mem[X,0x00000000800012E4] -> 0x2573
mem[X,0x00000000800012E6] -> 0x3420
[1505] [M]: 0x00000000800012E4 (0x34202573) csrrs x10, mcause, x0                   spcl_M2mmode_test+0
CSR mcause (0x342) -> 0x000000000000000D
x10 <- 0x000000000000000D

clint mtime 0x00000000000002F1 (mip.MTI <- 0b1, mip.STI <- 0b0)
mem[X,0x00000000800012E8] -> 0x04B7
mem[X,0x00000000800012EA] -> 0x8000
[1506] [M]: 0x00000000800012E8 (0x800004B7) lui x9, -0x80000                        spcl_M2mmode_test+4
x9 <- 0xFFFFFFFF80000000

mem[X,0x00000000800012EC] -> 0x8493
mem[X,0x00000000800012EE] -> 0x0004
[1507] [M]: 0x00000000800012EC (0x00048493) addi x9, x9, 0x0                        spcl_M2mmode_test+8
x9 <- 0xFFFFFFFF80000000

clint mtime 0x00000000000002F2 (mip.MTI <- 0b1, mip.STI <- 0b0)
mem[X,0x00000000800012F0] -> 0x9493
mem[X,0x00000000800012F2] -> 0x00B4
[1508] [M]: 0x00000000800012F0 (0x00B49493) slli x9, x9, 0xb                        spcl_M2mmode_test+12
x9 <- 0xFFFFFC0000000000

mem[X,0x00000000800012F4] -> 0x8493
mem[X,0x00000000800012F6] -> 0x0004
[1509] [M]: 0x00000000800012F4 (0x00048493) addi x9, x9, 0x0                        spcl_M2mmode_test+16
x9 <- 0xFFFFFC0000000000

clint mtime 0x00000000000002F3 (mip.MTI <- 0b1, mip.STI <- 0b0)
mem[X,0x00000000800012F8] -> 0x9493
mem[X,0x00000000800012FA] -> 0x00B4
[1510] [M]: 0x00000000800012F8 (0x00B49493) slli x9, x9, 0xb                        spcl_M2mmode_test+20
x9 <- 0xFFE0000000000000

mem[X,0x00000000800012FC] -> 0x8493
mem[X,0x00000000800012FE] -> 0x0034
[1511] [M]: 0x00000000800012FC (0x00348493) addi x9, x9, 0x3                        spcl_M2mmode_test+24
x9 <- 0xFFE0000000000003

clint mtime 0x00000000000002F4 (mip.MTI <- 0b1, mip.STI <- 0b0)
mem[X,0x0000000080001300] -> 0x9493
mem[X,0x0000000080001302] -> 0x00A4
[1512] [M]: 0x0000000080001300 (0x00A49493) slli x9, x9, 0xa                        spcl_M2mmode_test+28
x9 <- 0x8000000000000C00

mem[X,0x0000000080001304] -> 0x8493
mem[X,0x0000000080001306] -> 0x3FC4
[1513] [M]: 0x0000000080001304 (0x3FC48493) addi x9, x9, 0x3fc                      spcl_M2mmode_test+32
x9 <- 0x8000000000000FFC

clint mtime 0x00000000000002F5 (mip.MTI <- 0b1, mip.STI <- 0b0)
mem[X,0x0000000080001308] -> 0xF4B3
mem[X,0x000000008000130A] -> 0x00A4
[1514] [M]: 0x0000000080001308 (0x00A4F4B3) and x9, x9, x10                         spcl_M2mmode_test+36
x9 <- 0x000000000000000C

mem[X,0x000000008000130C] -> 0x8493
mem[X,0x000000008000130E] -> 0xFF84
[1515] [M]: 0x000000008000130C (0xFF848493) addi x9, x9, -0x8                       spcl_M2mmode_test+40
x9 <- 0x0000000000000004

clint mtime 0x00000000000002F6 (mip.MTI <- 0b1, mip.STI <- 0b0)
mem[X,0x0000000080001310] -> 0x9663
mem[X,0x0000000080001312] -> 0x0004
[1516] [M]: 0x0000000080001310 (0x00049663) bne x9, x0, 0xc                         spcl_M2mmode_test+44

mem[X,0x000000008000131C] -> 0x0393
mem[X,0x000000008000131E] -> 0x0200
[1517] [M]: 0x000000008000131C (0x02000393) addi x7, x0, 0x20                       Mtrapsig_ptr_upd+0
x7 <- 0x0000000000000020

clint mtime 0x00000000000002F7 (mip.MTI <- 0b1, mip.STI <- 0b0)
mem[X,0x0000000080001320] -> 0x5263
mem[X,0x0000000080001322] -> 0x0405
[1518] [M]: 0x0000000080001320 (0x04055263) bge x10, x0, 0x44                       Mtrapsig_ptr_upd+4

mem[X,0x0000000080001364] -> 0x2373
mem[X,0x0000000080001366] -> 0x3010
[1519] [M]: 0x0000000080001364 (0x30102373) csrrs x6, misa, x0                      Mxcpt_sig_sv+0
CSR misa (0x301) -> 0x800000000034112F
x6 <- 0x800000000034112F

clint mtime 0x00000000000002F8 (mip.MTI <- 0b1, mip.STI <- 0b0)
mem[X,0x0000000080001368] -> 0x1313
mem[X,0x000000008000136A] -> 0x0383
[1520] [M]: 0x0000000080001368 (0x03831313) slli x6, x6, 0x38                       Mxcpt_sig_sv+4
x6 <- 0x2F00000000000000

mem[X,0x000000008000136C] -> 0x5463
mem[X,0x000000008000136E] -> 0x0003
[1521] [M]: 0x000000008000136C (0x00035463) bge x6, x0, 0x8                         Mxcpt_sig_sv+8

clint mtime 0x00000000000002F9 (mip.MTI <- 0b1, mip.STI <- 0b0)
mem[X,0x0000000080001374] -> 0x3303
mem[X,0x0000000080001376] -> 0x2181
[1522] [M]: 0x0000000080001374 (0x21813303) ld x6, 0x218(x2)                        Mtrap_sig_sv+0
mem[R,0x0000000080004218] -> 0x00000000800083D8
x6 <- 0x00000000800083D8

mem[X,0x0000000080001378] -> 0x04B3
mem[X,0x000000008000137A] -> 0x0073
[1523] [M]: 0x0000000080001378 (0x007304B3) add x9, x6, x7                          Mtrap_sig_sv+4
x9 <- 0x00000000800083F8

clint mtime 0x00000000000002FA (mip.MTI <- 0b1, mip.STI <- 0b0)
mem[X,0x000000008000137C] -> 0x3C23
mem[X,0x000000008000137E] -> 0x2091
[1524] [M]: 0x000000008000137C (0x20913C23) sd x9, 0x218(x2)                        Mtrap_sig_sv+8
mem[W,0x0000000080004218] <- 0x00000000800083F8

mem[X,0x0000000080001380] -> 0x3403
mem[X,0x0000000080001382] -> 0x1F81
[1525] [M]: 0x0000000080001380 (0x1F813403) ld x8, 0x1f8(x2)                        Mtrap_sig_sv+12
mem[R,0x00000000800041F8] -> 0x0000000080008110
x8 <- 0x0000000080008110

clint mtime 0x00000000000002FB (mip.MTI <- 0b1, mip.STI <- 0b0)
mem[X,0x0000000080001384] -> 0x0333
mem[X,0x0000000080001386] -> 0x4083
[1526] [M]: 0x0000000080001384 (0x40830333) sub x6, x6, x8                          Mtrap_sig_sv+16
x6 <- 0x00000000000002C8

mem[X,0x0000000080001388] -> 0x3403
mem[X,0x000000008000138A] -> 0x1F81
[1527] [M]: 0x0000000080001388 (0x1F813403) ld x8, 0x1f8(x2)                        Mtrap_sig_sv+20
mem[R,0x00000000800041F8] -> 0x0000000080008110
x8 <- 0x0000000080008110

clint mtime 0x00000000000002FC (mip.MTI <- 0b1, mip.STI <- 0b0)
mem[X,0x000000008000138C] -> 0x0333
mem[X,0x000000008000138E] -> 0x0083
[1528] [M]: 0x000000008000138C (0x00830333) add x6, x6, x8                          Mtrap_sig_sv+24
x6 <- 0x00000000800083D8

mem[X,0x0000000080001390] -> 0x3403
mem[X,0x0000000080001392] -> 0x2401
[1529] [M]: 0x0000000080001390 (0x24013403) ld x8, 0x240(x2)                        Mtrap_sig_sv+28
mem[R,0x0000000080004240] -> 0x0000000080001100
x8 <- 0x0000000080001100

clint mtime 0x00000000000002FD (mip.MTI <- 0b1, mip.STI <- 0b0)
mem[X,0x0000000080001394] -> 0x85B3
mem[X,0x0000000080001396] -> 0x4085
[1530] [M]: 0x0000000080001394 (0x408585B3) sub x11, x11, x8                        sv_Mvect+0
x11 <- 0x000000000000010C

mem[X,0x0000000080001398] -> 0x9593
mem[X,0x000000008000139A] -> 0x0045
[1531] [M]: 0x0000000080001398 (0x00459593) slli x11, x11, 0x4                      sv_Mvect+4
x11 <- 0x00000000000010C0

clint mtime 0x00000000000002FE (mip.MTI <- 0b1, mip.STI <- 0b0)
mem[X,0x000000008000139C] -> 0xE5B3
mem[X,0x000000008000139E] -> 0x0075
[1532] [M]: 0x000000008000139C (0x0075E5B3) or x11, x11, x7                         sv_Mvect+8
x11 <- 0x00000000000010E0

mem[X,0x00000000800013A0] -> 0x8593
mem[X,0x00000000800013A2] -> 0x0035
[1533] [M]: 0x00000000800013A0 (0x00358593) addi x11, x11, 0x3                      sv_Mvect+12
x11 <- 0x00000000000010E3

clint mtime 0x00000000000002FF (mip.MTI <- 0b1, mip.STI <- 0b0)
mem[X,0x00000000800013A4] -> 0x3023
mem[X,0x00000000800013A6] -> 0x00B3
[1534] [M]: 0x00000000800013A4 (0x00B33023) sd x11, 0x0(x6)                         sv_Mvect+16
mem[W,0x00000000800083D8] <- 0x00000000000010E3

mem[X,0x00000000800013A8] -> 0x3423
mem[X,0x00000000800013AA] -> 0x00A3
[1535] [M]: 0x00000000800013A8 (0x00A33423) sd x10, 0x8(x6)                         sv_Mcause+0
mem[W,0x00000000800083E0] <- 0x000000000000000D

clint mtime 0x0000000000000300 (mip.MTI <- 0b1, mip.STI <- 0b0)
mem[X,0x00000000800013AC] -> 0x4663
mem[X,0x00000000800013AE] -> 0x1A05
[1536] [M]: 0x00000000800013AC (0x1A054663) blt x10, x0, 0x1ac                      sv_Mcause+4

mem[X,0x00000000800013B0] -> 0x25F3
mem[X,0x00000000800013B2] -> 0x3000
[1537] [M]: 0x00000000800013B0 (0x300025F3) csrrs x11, mstatus, x0                  common_Mexcpt_handler+0
CSR mstatus (0x300) -> 0x0000000A00000800
x11 <- 0x0000000A00000800

clint mtime 0x0000000000000301 (mip.MTI <- 0b1, mip.STI <- 0b0)
mem[X,0x00000000800013B4] -> 0x9413
mem[X,0x00000000800013B6] -> 0x02E5
[1538] [M]: 0x00000000800013B4 (0x02E59413) slli x8, x11, 0x2e                      common_Mexcpt_handler+4
x8 <- 0x0200000000000000

mem[X,0x00000000800013B8] -> 0x5463
mem[X,0x00000000800013BA] -> 0x0004
[1539] [M]: 0x00000000800013B8 (0x00045463) bge x8, x0, 0x8                         common_Mexcpt_handler+8

clint mtime 0x0000000000000302 (mip.MTI <- 0b1, mip.STI <- 0b0)
mem[X,0x00000000800013C0] -> 0xD493
mem[X,0x00000000800013C2] -> 0x00B5
[1540] [M]: 0x00000000800013C0 (0x00B5D493) srli x9, x11, 0xb                       common_Mexcpt_handler+16
x9 <- 0x0000000001400001

mem[X,0x00000000800013C4] -> 0xF493
mem[X,0x00000000800013C6] -> 0x0034
[1541] [M]: 0x00000000800013C4 (0x0034F493) andi x9, x9, 0x3                        common_Mexcpt_handler+20
x9 <- 0x0000000000000001

clint mtime 0x0000000000000303 (mip.MTI <- 0b1, mip.STI <- 0b0)
mem[X,0x00000000800013C8] -> 0x8493
mem[X,0x00000000800013CA] -> 0x0014
[1542] [M]: 0x00000000800013C8 (0x00148493) addi x9, x9, 0x1                        common_Mexcpt_handler+24
x9 <- 0x0000000000000002

mem[X,0x00000000800013CC] -> 0xF493
mem[X,0x00000000800013CE] -> 0x0044
[1543] [M]: 0x00000000800013CC (0x0044F493) andi x9, x9, 0x4                        common_Mexcpt_handler+28
x9 <- 0x0000000000000000

clint mtime 0x0000000000000304 (mip.MTI <- 0b1, mip.STI <- 0b0)
mem[X,0x00000000800013D0] -> 0x0593
mem[X,0x00000000800013D2] -> 0x05D0
[1544] [M]: 0x00000000800013D0 (0x05D00593) addi x11, x0, 0x5d                      common_Mexcpt_handler+32
x11 <- 0x000000000000005D

mem[X,0x00000000800013D4] -> 0xD5B3
mem[X,0x00000000800013D6] -> 0x0095
[1545] [M]: 0x00000000800013D4 (0x0095D5B3) srl x11, x11, x9                        common_Mexcpt_handler+36
x11 <- 0x000000000000005D

clint mtime 0x0000000000000305 (mip.MTI <- 0b1, mip.STI <- 0b0)
mem[X,0x00000000800013D8] -> 0xF593
mem[X,0x00000000800013DA] -> 0x0015
[1546] [M]: 0x00000000800013D8 (0x0015F593) andi x11, x11, 0x1                      common_Mexcpt_handler+40
x11 <- 0x0000000000000001

mem[X,0x00000000800013DC] -> 0x8EE3
mem[X,0x00000000800013DE] -> 0xF405
[1547] [M]: 0x00000000800013DC (0xF4058EE3) beq x11, x0, -0xa4                      common_Mexcpt_handler+44

clint mtime 0x0000000000000306 (mip.MTI <- 0b1, mip.STI <- 0b0)
mem[X,0x00000000800013E0] -> 0x0593
mem[X,0x00000000800013E2] -> 0x2980
[1548] [M]: 0x00000000800013E0 (0x29800593) addi x11, x0, 0x298                     common_Mexcpt_handler+48
x11 <- 0x0000000000000298

mem[X,0x00000000800013E4] -> 0xF413
mem[X,0x00000000800013E6] -> 0x0014
[1549] [M]: 0x00000000800013E4 (0x0014F413) andi x8, x9, 0x1                        common_Mexcpt_handler+52
x8 <- 0x0000000000000000

clint mtime 0x0000000000000307 (mip.MTI <- 0b1, mip.STI <- 0b0)
mem[X,0x00000000800013E8] -> 0x95B3
mem[X,0x00000000800013EA] -> 0x0085
[1550] [M]: 0x00000000800013E8 (0x008595B3) sll x11, x11, x8                        common_Mexcpt_handler+56
x11 <- 0x0000000000000298

mem[X,0x00000000800013EC] -> 0x9413
mem[X,0x00000000800013EE] -> 0x03D4
[1551] [M]: 0x00000000800013EC (0x03D49413) slli x8, x9, 0x3d                       common_Mexcpt_handler+60
x8 <- 0x0000000000000000

clint mtime 0x0000000000000308 (mip.MTI <- 0b1, mip.STI <- 0b0)
mem[X,0x00000000800013F0] -> 0x5413
mem[X,0x00000000800013F2] -> 0x43F4
[1552] [M]: 0x00000000800013F0 (0x43F45413) srai x8, x8, 0x3f                       common_Mexcpt_handler+64
x8 <- 0x0000000000000000

mem[X,0x00000000800013F4] -> 0x4413
mem[X,0x00000000800013F6] -> 0xFFF4
[1553] [M]: 0x00000000800013F4 (0xFFF44413) xori x8, x8, -0x1                       common_Mexcpt_handler+68
x8 <- 0xFFFFFFFFFFFFFFFF

clint mtime 0x0000000000000309 (mip.MTI <- 0b1, mip.STI <- 0b0)
mem[X,0x00000000800013F8] -> 0xF4B3
mem[X,0x00000000800013FA] -> 0x0085
[1554] [M]: 0x00000000800013F8 (0x0085F4B3) and x9, x11, x8                         common_Mexcpt_handler+72
x9 <- 0x0000000000000298

mem[X,0x00000000800013FC] -> 0x84B3
mem[X,0x00000000800013FE] -> 0x0024
[1555] [M]: 0x00000000800013FC (0x002484B3) add x9, x9, x2                          vmem_adj_Mepc+0
x9 <- 0x0000000080004298

clint mtime 0x000000000000030A (mip.MTI <- 0b1, mip.STI <- 0b0)
mem[X,0x0000000080001400] -> 0x23F3
mem[X,0x0000000080001402] -> 0x3410
[1556] [M]: 0x0000000080001400 (0x341023F3) csrrs x7, mepc, x0                      vmem_adj_Mepc+4
CSR mepc (0x341) -> 0x0000000180000D38
x7 <- 0x0000000180000D38

mem[X,0x0000000080001404] -> 0x0413
mem[X,0x0000000080001406] -> 0x0004
[1557] [M]: 0x0000000080001404 (0x00040413) addi x8, x8, 0x0                        vmem_adj_Mepc+8
x8 <- 0xFFFFFFFFFFFFFFFF

clint mtime 0x000000000000030B (mip.MTI <- 0b1, mip.STI <- 0b0)
mem[X,0x0000000080001408] -> 0x006F
mem[X,0x000000008000140A] -> 0x0400
[1558] [M]: 0x0000000080001408 (0x0400006F) jal x0, 0x40                            vmem_adj_Mepc+12

mem[X,0x0000000080001448] -> 0x8433
mem[X,0x000000008000144A] -> 0x4083
[1559] [M]: 0x0000000080001448 (0x40838433) sub x8, x7, x8                          adj_Mepc+0
x8 <- 0x0000000180000D39

clint mtime 0x000000000000030C (mip.MTI <- 0b1, mip.STI <- 0b0)
mem[X,0x000000008000144C] -> 0x3823
mem[X,0x000000008000144E] -> 0x0083
[1560] [M]: 0x000000008000144C (0x00833823) sd x8, 0x10(x6)                         sv_Mepc+0
mem[W,0x00000000800083E8] <- 0x0000000180000D39

mem[X,0x0000000080001450] -> 0x55B7
mem[X,0x0000000080001452] -> 0x0000
[1561] [M]: 0x0000000080001450 (0x000055B7) lui x11, 0x5                            sv_Mepc+4
x11 <- 0x0000000000005000

clint mtime 0x000000000000030D (mip.MTI <- 0b1, mip.STI <- 0b0)
mem[X,0x0000000080001454] -> 0x8593
mem[X,0x0000000080001456] -> 0x6675
[1562] [M]: 0x0000000080001454 (0x66758593) addi x11, x11, 0x667                    sv_Mepc+8
x11 <- 0x0000000000005667

mem[X,0x0000000080001458] -> 0x9593
mem[X,0x000000008000145A] -> 0x0015
[1563] [M]: 0x0000000080001458 (0x00159593) slli x11, x11, 0x1                      sv_Mepc+12
x11 <- 0x000000000000ACCE

clint mtime 0x000000000000030E (mip.MTI <- 0b1, mip.STI <- 0b0)
mem[X,0x000000008000145C] -> 0x9063
mem[X,0x000000008000145E] -> 0x02B1
[1564] [M]: 0x000000008000145C (0x02B19063) bne x3, x11, 0x20                       sv_Mepc+16

mem[X,0x0000000080001460] -> 0x2473
mem[X,0x0000000080001462] -> 0x3420
[1565] [M]: 0x0000000080001460 (0x34202473) csrrs x8, mcause, x0                    sv_Mepc+20
CSR mcause (0x342) -> 0x000000000000000D
x8 <- 0x000000000000000D

clint mtime 0x000000000000030F (mip.MTI <- 0b1, mip.STI <- 0b0)
mem[X,0x0000000080001464] -> 0x0593
mem[X,0x0000000080001466] -> 0x00C0
[1566] [M]: 0x0000000080001464 (0x00C00593) addi x11, x0, 0xc                       sv_Mepc+24
x11 <- 0x000000000000000C

mem[X,0x0000000080001468] -> 0x0663
mem[X,0x000000008000146A] -> 0x00B4
[1567] [M]: 0x0000000080001468 (0x00B40663) beq x8, x11, 0xc                        sv_Mepc+28

clint mtime 0x0000000000000310 (mip.MTI <- 0b1, mip.STI <- 0b0)
mem[X,0x000000008000146C] -> 0x0593
mem[X,0x000000008000146E] -> 0x0010
[1568] [M]: 0x000000008000146C (0x00100593) addi x11, x0, 0x1                       sv_Mepc+32
x11 <- 0x0000000000000001

mem[X,0x0000000080001470] -> 0x1663
mem[X,0x0000000080001472] -> 0x00B4
[1569] [M]: 0x0000000080001470 (0x00B41663) bne x8, x11, 0xc                        sv_Mepc+36

clint mtime 0x0000000000000311 (mip.MTI <- 0b1, mip.STI <- 0b0)
mem[X,0x000000008000147C] -> 0xF593
mem[X,0x000000008000147E] -> 0xFFC3
[1570] [M]: 0x000000008000147C (0xFFC3F593) andi x11, x7, -0x4                      adj_Mepc_rtn+0
x11 <- 0x0000000180000D38

mem[X,0x0000000080001480] -> 0x8593
mem[X,0x0000000080001482] -> 0x0085
[1571] [M]: 0x0000000080001480 (0x00858593) addi x11, x11, 0x8                      adj_Mepc_rtn+4
x11 <- 0x0000000180000D40

clint mtime 0x0000000000000312 (mip.MTI <- 0b1, mip.STI <- 0b0)
mem[X,0x0000000080001484] -> 0x9073
mem[X,0x0000000080001486] -> 0x3415
[1572] [M]: 0x0000000080001484 (0x34159073) csrrw x0, mepc, x11                     adj_Mepc_rtn+8
CSR mepc (0x341) <- 0x0000000180000D40

mem[X,0x0000000080001488] -> 0x23F3
mem[X,0x000000008000148A] -> 0x3430
[1573] [M]: 0x0000000080001488 (0x343023F3) csrrs x7, mtval, x0                     skp_adj_Mepc+0
CSR mtval (0x343) -> 0x8000000140000418
x7 <- 0x8000000140000418

clint mtime 0x0000000000000313 (mip.MTI <- 0b1, mip.STI <- 0b0)
mem[X,0x000000008000148C] -> 0x0413
mem[X,0x000000008000148E] -> 0x0004
[1574] [M]: 0x000000008000148C (0x00040413) addi x8, x8, 0x0                        skp_adj_Mepc+4
x8 <- 0x000000000000000D

mem[X,0x0000000080001490] -> 0x006F
mem[X,0x0000000080001492] -> 0x0840
[1575] [M]: 0x0000000080001490 (0x0840006F) jal x0, 0x84                            skp_adj_Mepc+8

clint mtime 0x0000000000000314 (mip.MTI <- 0b1, mip.STI <- 0b0)
mem[X,0x0000000080001514] -> 0x8433
mem[X,0x0000000080001516] -> 0x4083
[1576] [M]: 0x0000000080001514 (0x40838433) sub x8, x7, x8                          adj_Mtval+0
x8 <- 0x800000014000040B

mem[X,0x0000000080001518] -> 0x3C23
mem[X,0x000000008000151A] -> 0x0083
[1577] [M]: 0x0000000080001518 (0x00833C23) sd x8, 0x18(x6)                         sv_Mtval+0
mem[W,0x00000000800083F0] <- 0x800000014000040B

clint mtime 0x0000000000000315 (mip.MTI <- 0b1, mip.STI <- 0b0)
mem[X,0x000000008000151C] -> 0x3483
mem[X,0x000000008000151E] -> 0x2181
[1578] [M]: 0x000000008000151C (0x21813483) ld x9, 0x218(x2)                        skp_Mtval+0
mem[R,0x0000000080004218] -> 0x00000000800083F8
x9 <- 0x00000000800083F8

mem[X,0x0000000080001520] -> 0x3383
mem[X,0x0000000080001522] -> 0x1F81
[1579] [M]: 0x0000000080001520 (0x1F813383) ld x7, 0x1f8(x2)                        skp_Mtval+4
mem[R,0x00000000800041F8] -> 0x0000000080008110
x7 <- 0x0000000080008110

clint mtime 0x0000000000000316 (mip.MTI <- 0b1, mip.STI <- 0b0)
mem[X,0x0000000080001524] -> 0x3303
mem[X,0x0000000080001526] -> 0x2001
[1580] [M]: 0x0000000080001524 (0x20013303) ld x6, 0x200(x2)                        skp_Mtval+8
mem[R,0x0000000080004200] -> 0x0000000000000410
x6 <- 0x0000000000000410

mem[X,0x0000000080001528] -> 0x0333
mem[X,0x000000008000152A] -> 0x0073
[1581] [M]: 0x0000000080001528 (0x00730333) add x6, x6, x7                          skp_Mtval+12
x6 <- 0x0000000080008520

clint mtime 0x0000000000000317 (mip.MTI <- 0b1, mip.STI <- 0b0)
mem[X,0x000000008000152C] -> 0x6AE3
mem[X,0x000000008000152E] -> 0xAE93
[1582] [M]: 0x000000008000152C (0xAE936AE3) bltu x6, x9, -0x50c                     skp_Mtval+16

mem[X,0x0000000080001530] -> 0x0393
mem[X,0x0000000080001532] -> 0x2000
[1583] [M]: 0x0000000080001530 (0x20000393) addi x7, x0, 0x200                      skp_Mtval+20
x7 <- 0x0000000000000200

clint mtime 0x0000000000000318 (mip.MTI <- 0b1, mip.STI <- 0b0)
mem[X,0x0000000080001534] -> 0x006F
mem[X,0x0000000080001536] -> 0x0400
[1584] [M]: 0x0000000080001534 (0x0400006F) jal x0, 0x40                            skp_Mtval+24

mem[X,0x0000000080001574] -> 0x0417
mem[X,0x0000000080001576] -> 0x0000
[1585] [M]: 0x0000000080001574 (0x00000417) auipc x8, 0x0                           spcl_Mhandler+0
x8 <- 0x0000000080001574

clint mtime 0x0000000000000319 (mip.MTI <- 0b1, mip.STI <- 0b0)
mem[X,0x0000000080001578] -> 0x0413
mem[X,0x000000008000157A] -> 0x03C4
[1586] [M]: 0x0000000080001578 (0x03C40413) addi x8, x8, 0x3c                       spcl_Mhandler+4
x8 <- 0x00000000800015B0

mem[X,0x000000008000157C] -> 0x0433
mem[X,0x000000008000157E] -> 0x0074
[1587] [M]: 0x000000008000157C (0x00740433) add x8, x8, x7                          spcl_Mhandler+8
x8 <- 0x00000000800017B0

clint mtime 0x000000000000031A (mip.MTI <- 0b1, mip.STI <- 0b0)
mem[X,0x0000000080001580] -> 0x1393
mem[X,0x0000000080001582] -> 0x0035
[1588] [M]: 0x0000000080001580 (0x00351393) slli x7, x10, 0x3                       spcl_Mhandler+12
x7 <- 0x0000000000000068

mem[X,0x0000000080001584] -> 0x0433
mem[X,0x0000000080001586] -> 0x0074
[1589] [M]: 0x0000000080001584 (0x00740433) add x8, x8, x7                          spcl_Mhandler+16
x8 <- 0x0000000080001818

clint mtime 0x000000000000031B (mip.MTI <- 0b1, mip.STI <- 0b0)
mem[X,0x0000000080001588] -> 0x7413
mem[X,0x000000008000158A] -> 0xFF84
[1590] [M]: 0x0000000080001588 (0xFF847413) andi x8, x8, -0x8                       spcl_Mhandler+20
x8 <- 0x0000000080001818

mem[X,0x000000008000158C] -> 0x3403
mem[X,0x000000008000158E] -> 0x0004
[1591] [M]: 0x000000008000158C (0x00043403) ld x8, 0x0(x8)                          spcl_Mhandler+24
mem[R,0x0000000080001818] -> 0x000000000000001B
x8 <- 0x000000000000001B

clint mtime 0x000000000000031C (mip.MTI <- 0b1, mip.STI <- 0b0)
mem[X,0x0000000080001590] -> 0x02E3
mem[X,0x0000000080001592] -> 0xB204
[1592] [M]: 0x0000000080001590 (0xB20402E3) beq x8, x0, -0x4dc                      spcl_Mdispatch_hndling+0

mem[X,0x0000000080001594] -> 0x1393
mem[X,0x0000000080001596] -> 0x03F4
[1593] [M]: 0x0000000080001594 (0x03F41393) slli x7, x8, 0x3f                       spcl_Mdispatch_hndling+4
x7 <- 0x8000000000000000

clint mtime 0x000000000000031D (mip.MTI <- 0b1, mip.STI <- 0b0)
mem[X,0x0000000080001598] -> 0xD863
mem[X,0x000000008000159A] -> 0x0003
[1594] [M]: 0x0000000080001598 (0x0003D863) bge x7, x0, 0x10                        spcl_Mdispatch_hndling+8

mem[X,0x000000008000159C] -> 0x5413
mem[X,0x000000008000159E] -> 0x0014
[1595] [M]: 0x000000008000159C (0x00145413) srli x8, x8, 0x1                        spcl_Mdispatch_hndling+12
x8 <- 0x000000000000000D

clint mtime 0x000000000000031E (mip.MTI <- 0b1, mip.STI <- 0b0)
mem[X,0x00000000800015A0] -> 0x0CE3
mem[X,0x00000000800015A2] -> 0xF885
[1596] [M]: 0x00000000800015A0 (0xF8850CE3) beq x10, x8, -0x68                      spcl_Mdispatch_hndling+16

mem[X,0x0000000080001538] -> 0x3303
mem[X,0x000000008000153A] -> 0x2601
[1597] [M]: 0x0000000080001538 (0x26013303) ld x6, 0x260(x2)                        resto_Mrtn+0
mem[R,0x0000000080004260] -> 0xFFFFFFFF7FFFF44C
x6 <- 0xFFFFFFFF7FFFF44C

clint mtime 0x000000000000031F (mip.MTI <- 0b1, mip.STI <- 0b0)
mem[X,0x000000008000153C] -> 0x3383
mem[X,0x000000008000153E] -> 0x2681
[1598] [M]: 0x000000008000153C (0x26813383) ld x7, 0x268(x2)                        resto_Mrtn+4
mem[R,0x0000000080004268] -> 0x0000000080004000
x7 <- 0x0000000080004000

mem[X,0x0000000080001540] -> 0x3403
mem[X,0x0000000080001542] -> 0x2701
[1599] [M]: 0x0000000080001540 (0x27013403) ld x8, 0x270(x2)                        resto_Mrtn+8
mem[R,0x0000000080004270] -> 0x0000000000007F76
x8 <- 0x0000000000007F76

clint mtime 0x0000000000000320 (mip.MTI <- 0b1, mip.STI <- 0b0)
mem[X,0x0000000080001544] -> 0x3483
mem[X,0x0000000080001546] -> 0x2781
[1600] [M]: 0x0000000080001544 (0x27813483) ld x9, 0x278(x2)                        resto_Mrtn+12
mem[R,0x0000000080004278] -> 0x0000000100000148
x9 <- 0x0000000100000148

mem[X,0x0000000080001548] -> 0x3503
mem[X,0x000000008000154A] -> 0x2801
[1601] [M]: 0x0000000080001548 (0x28013503) ld x10, 0x280(x2)                       resto_Mrtn+16
mem[R,0x0000000080004280] -> 0x00000000200000CF
x10 <- 0x00000000200000CF

clint mtime 0x0000000000000321 (mip.MTI <- 0b1, mip.STI <- 0b0)
mem[X,0x000000008000154C] -> 0x3583
mem[X,0x000000008000154E] -> 0x2881
[1602] [M]: 0x000000008000154C (0x28813583) ld x11, 0x288(x2)                       resto_Mrtn+20
mem[R,0x0000000080004288] -> 0x00000000000000CF
x11 <- 0x00000000000000CF

mem[X,0x0000000080001550] -> 0x3103
mem[X,0x0000000080001552] -> 0x2901
[1603] [M]: 0x0000000080001550 (0x29013103) ld x2, 0x290(x2)                        resto_Mrtn+24
mem[R,0x0000000080004290] -> 0x0000000000000000
x2 <- 0x0000000000000000

clint mtime 0x0000000000000322 (mip.MTI <- 0b1, mip.STI <- 0b0)
mem[X,0x0000000080001554] -> 0x0073
mem[X,0x0000000080001556] -> 0x3020
[1604] [M]: 0x0000000080001554 (0x30200073) mret                                    resto_Mrtn+28
CSR mstatus (0x300) <- 0x0000000A00000080
ret-ing from M to S

mem[X,0x0000000080000D40] -> 0x51B7
mem[X,0x0000000080000D42] -> 0x0000
[1605] [S]: 0x0000000180000D40 (0x000051B7) lui x3, 0x5                             va_rvtest_code_begin+1380
x3 <- 0x0000000000005000

clint mtime 0x0000000000000323 (mip.MTI <- 0b1, mip.STI <- 0b0)
mem[X,0x0000000080000D44] -> 0x8193
mem[X,0x0000000080000D46] -> 0x6671
[1606] [S]: 0x0000000180000D44 (0x66718193) addi x3, x3, 0x667                      va_rvtest_code_begin+1384
x3 <- 0x0000000000005667

mem[X,0x0000000080000D48] -> 0x9193
mem[X,0x0000000080000D4A] -> 0x0011
[1607] [S]: 0x0000000180000D48 (0x00119193) slli x3, x3, 0x1                        va_rvtest_code_begin+1388
x3 <- 0x000000000000ACCE

clint mtime 0x0000000000000324 (mip.MTI <- 0b1, mip.STI <- 0b0)
mem[X,0x0000000080000D4C] -> 0x0013
mem[X,0x0000000080000D4E] -> 0x0000
[1608] [S]: 0x0000000180000D4C (0x00000013) addi x0, x0, 0x0                        va_rvtest_code_begin+1392

mem[X,0x0000000080000D50] -> 0x0013
mem[X,0x0000000080000D52] -> 0x0000
[1609] [S]: 0x0000000180000D50 (0x00000013) addi x0, x0, 0x0                        va_rvtest_code_begin+1396

clint mtime 0x0000000000000325 (mip.MTI <- 0b1, mip.STI <- 0b0)
mem[X,0x0000000080000D54] -> 0x0013
mem[X,0x0000000080000D56] -> 0x0000
[1610] [S]: 0x0000000180000D54 (0x00000013) addi x0, x0, 0x0                        va_rvtest_code_begin+1400

mem[X,0x0000000080000D58] -> 0x0013
mem[X,0x0000000080000D5A] -> 0x0000
[1611] [S]: 0x0000000180000D58 (0x00000013) addi x0, x0, 0x0                        va_rvtest_code_begin+1404

clint mtime 0x0000000000000326 (mip.MTI <- 0b1, mip.STI <- 0b0)
mem[X,0x0000000080000D5C] -> 0x0013
mem[X,0x0000000080000D5E] -> 0x0000
[1612] [S]: 0x0000000180000D5C (0x00000013) addi x0, x0, 0x0                        va_rvtest_code_begin+1408

mem[X,0x0000000080000D60] -> 0x0217
mem[X,0x0000000080000D62] -> 0x0000
[1613] [S]: 0x0000000180000D60 (0x00000217) auipc x4, 0x0                           va_rvtest_code_begin+1412
x4 <- 0x0000000180000D60

clint mtime 0x0000000000000327 (mip.MTI <- 0b1, mip.STI <- 0b0)
mem[X,0x0000000080000D64] -> 0x0213
mem[X,0x0000000080000D66] -> 0x02C2
[1614] [S]: 0x0000000180000D64 (0x02C20213) addi x4, x4, 0x2c                       va_rvtest_code_begin+1416
x4 <- 0x0000000180000D8C

mem[X,0x0000000080000D68] -> 0x0001
[1615] [S]: 0x0000000180000D68 (0x0001) c.nop                                       va_rvtest_code_begin+1420

clint mtime 0x0000000000000328 (mip.MTI <- 0b1, mip.STI <- 0b0)
mem[X,0x0000000080000D6A] -> 0x0013
mem[X,0x0000000080000D6C] -> 0x0000
[1616] [S]: 0x0000000180000D6A (0x00000013) addi x0, x0, 0x0                        va_rvtest_code_begin+1422

mem[X,0x0000000080000D6E] -> 0x0013
mem[X,0x0000000080000D70] -> 0x0000
[1617] [S]: 0x0000000180000D6E (0x00000013) addi x0, x0, 0x0                        va_rvtest_code_begin+1426

clint mtime 0x0000000000000329 (mip.MTI <- 0b1, mip.STI <- 0b0)
mem[X,0x0000000080000D72] -> 0x0013
mem[X,0x0000000080000D74] -> 0x0000
[1618] [S]: 0x0000000180000D72 (0x00000013) addi x0, x0, 0x0                        va_rvtest_code_begin+1430

mem[X,0x0000000080000D76] -> 0x0013
mem[X,0x0000000080000D78] -> 0x0000
[1619] [S]: 0x0000000180000D76 (0x00000013) addi x0, x0, 0x0                        va_rvtest_code_begin+1434

clint mtime 0x000000000000032A (mip.MTI <- 0b1, mip.STI <- 0b0)
mem[X,0x0000000080000D7A] -> 0x0013
mem[X,0x0000000080000D7C] -> 0x0000
[1620] [S]: 0x0000000180000D7A (0x00000013) addi x0, x0, 0x0                        va_rvtest_code_begin+1438

mem[X,0x0000000080000D7E] -> 0x0001
[1621] [S]: 0x0000000180000D7E (0x0001) c.nop                                       va_rvtest_code_begin+1442

clint mtime 0x000000000000032B (mip.MTI <- 0b1, mip.STI <- 0b0)
mem[X,0x0000000080000D80] -> 0x80E7
mem[X,0x0000000080000D82] -> 0x0007
[1622] [S]: 0x0000000180000D80 (0x000780E7) jalr x1, 0x0(x15)                       va_rvtest_code_begin+1444
x1 <- 0x0000000180000D84

trapping from S to M to handle fetch-page-fault
handling exc#fetch-page-fault at priv M with tval 0x8000000140000404
CSR mstatus (0x300) <- 0x0000000A00000800
CSR mcause (0x342) <- 0x000000000000000C
CSR mtval (0x343) <- 0x8000000140000404
CSR mepc (0x341) <- 0x8000000140000404

clint mtime 0x000000000000032C (mip.MTI <- 0b1, mip.STI <- 0b0)
mem[X,0x0000000080001100] -> 0x006F
mem[X,0x0000000080001102] -> 0x1000
[1624] [M]: 0x0000000080001100 (0x1000006F) jal x0, 0x100                           Mtrampoline+0

mem[X,0x0000000080001200] -> 0x1173
mem[X,0x0000000080001202] -> 0x3401
[1625] [M]: 0x0000000080001200 (0x34011173) csrrw x2, mscratch, x2                  trap_Mhandler+0
CSR mscratch (0x340) <- 0x0000000000000000
x2 <- 0x0000000080004000

clint mtime 0x000000000000032D (mip.MTI <- 0b1, mip.STI <- 0b0)
mem[X,0x0000000080001204] -> 0x3423
mem[X,0x0000000080001206] -> 0x28B1
[1626] [M]: 0x0000000080001204 (0x28B13423) sd x11, 0x288(x2)                       trap_Mhandler+4
mem[W,0x0000000080004288] <- 0x00000000000000CF

mem[X,0x0000000080001208] -> 0x05EF
mem[X,0x000000008000120A] -> 0x0B80
[1627] [M]: 0x0000000080001208 (0x0B8005EF) jal x11, 0xb8                           trap_Mhandler+8
x11 <- 0x000000008000120C

clint mtime 0x000000000000032E (mip.MTI <- 0b1, mip.STI <- 0b0)
mem[X,0x00000000800012C0] -> 0x3023
mem[X,0x00000000800012C2] -> 0x28A1
[1628] [M]: 0x00000000800012C0 (0x28A13023) sd x10, 0x280(x2)                       common_Mhandler+0
mem[W,0x0000000080004280] <- 0x00000000200000CF

mem[X,0x00000000800012C4] -> 0x1573
mem[X,0x00000000800012C6] -> 0x3401
[1629] [M]: 0x00000000800012C4 (0x34011573) csrrw x10, mscratch, x2                 common_Mhandler+4
CSR mscratch (0x340) <- 0x0000000080004000
x10 <- 0x0000000000000000

clint mtime 0x000000000000032F (mip.MTI <- 0b1, mip.STI <- 0b0)
mem[X,0x00000000800012C8] -> 0x3823
mem[X,0x00000000800012CA] -> 0x28A1
[1630] [M]: 0x00000000800012C8 (0x28A13823) sd x10, 0x290(x2)                       common_Mhandler+8
mem[W,0x0000000080004290] <- 0x0000000000000000

mem[X,0x00000000800012CC] -> 0x3503
mem[X,0x00000000800012CE] -> 0x2301
[1631] [M]: 0x00000000800012CC (0x23013503) ld x10, 0x230(x2)                       common_Mhandler+12
mem[R,0x0000000080004230] -> 0x00000000800012D4
x10 <- 0x00000000800012D4

clint mtime 0x0000000000000330 (mip.MTI <- 0b1, mip.STI <- 0b0)
mem[X,0x00000000800012D0] -> 0x0067
mem[X,0x00000000800012D2] -> 0x0005
[1632] [M]: 0x00000000800012D0 (0x00050067) jalr x0, 0x0(x10)                       common_Mhandler+16

mem[X,0x00000000800012D4] -> 0x3C23
mem[X,0x00000000800012D6] -> 0x2691
[1633] [M]: 0x00000000800012D4 (0x26913C23) sd x9, 0x278(x2)                        common_Mentry+0
mem[W,0x0000000080004278] <- 0x0000000100000148

clint mtime 0x0000000000000331 (mip.MTI <- 0b1, mip.STI <- 0b0)
mem[X,0x00000000800012D8] -> 0x3823
mem[X,0x00000000800012DA] -> 0x2681
[1634] [M]: 0x00000000800012D8 (0x26813823) sd x8, 0x270(x2)                        common_Mentry+4
mem[W,0x0000000080004270] <- 0x0000000000007F76

mem[X,0x00000000800012DC] -> 0x3423
mem[X,0x00000000800012DE] -> 0x2671
[1635] [M]: 0x00000000800012DC (0x26713423) sd x7, 0x268(x2)                        common_Mentry+8
mem[W,0x0000000080004268] <- 0x0000000080004000

clint mtime 0x0000000000000332 (mip.MTI <- 0b1, mip.STI <- 0b0)
mem[X,0x00000000800012E0] -> 0x3023
mem[X,0x00000000800012E2] -> 0x2661
[1636] [M]: 0x00000000800012E0 (0x26613023) sd x6, 0x260(x2)                        common_Mentry+12
mem[W,0x0000000080004260] <- 0xFFFFFFFF7FFFF44C

mem[X,0x00000000800012E4] -> 0x2573
mem[X,0x00000000800012E6] -> 0x3420
[1637] [M]: 0x00000000800012E4 (0x34202573) csrrs x10, mcause, x0                   spcl_M2mmode_test+0
CSR mcause (0x342) -> 0x000000000000000C
x10 <- 0x000000000000000C

clint mtime 0x0000000000000333 (mip.MTI <- 0b1, mip.STI <- 0b0)
mem[X,0x00000000800012E8] -> 0x04B7
mem[X,0x00000000800012EA] -> 0x8000
[1638] [M]: 0x00000000800012E8 (0x800004B7) lui x9, -0x80000                        spcl_M2mmode_test+4
x9 <- 0xFFFFFFFF80000000

mem[X,0x00000000800012EC] -> 0x8493
mem[X,0x00000000800012EE] -> 0x0004
[1639] [M]: 0x00000000800012EC (0x00048493) addi x9, x9, 0x0                        spcl_M2mmode_test+8
x9 <- 0xFFFFFFFF80000000

clint mtime 0x0000000000000334 (mip.MTI <- 0b1, mip.STI <- 0b0)
mem[X,0x00000000800012F0] -> 0x9493
mem[X,0x00000000800012F2] -> 0x00B4
[1640] [M]: 0x00000000800012F0 (0x00B49493) slli x9, x9, 0xb                        spcl_M2mmode_test+12
x9 <- 0xFFFFFC0000000000

mem[X,0x00000000800012F4] -> 0x8493
mem[X,0x00000000800012F6] -> 0x0004
[1641] [M]: 0x00000000800012F4 (0x00048493) addi x9, x9, 0x0                        spcl_M2mmode_test+16
x9 <- 0xFFFFFC0000000000

clint mtime 0x0000000000000335 (mip.MTI <- 0b1, mip.STI <- 0b0)
mem[X,0x00000000800012F8] -> 0x9493
mem[X,0x00000000800012FA] -> 0x00B4
[1642] [M]: 0x00000000800012F8 (0x00B49493) slli x9, x9, 0xb                        spcl_M2mmode_test+20
x9 <- 0xFFE0000000000000

mem[X,0x00000000800012FC] -> 0x8493
mem[X,0x00000000800012FE] -> 0x0034
[1643] [M]: 0x00000000800012FC (0x00348493) addi x9, x9, 0x3                        spcl_M2mmode_test+24
x9 <- 0xFFE0000000000003

clint mtime 0x0000000000000336 (mip.MTI <- 0b1, mip.STI <- 0b0)
mem[X,0x0000000080001300] -> 0x9493
mem[X,0x0000000080001302] -> 0x00A4
[1644] [M]: 0x0000000080001300 (0x00A49493) slli x9, x9, 0xa                        spcl_M2mmode_test+28
x9 <- 0x8000000000000C00

mem[X,0x0000000080001304] -> 0x8493
mem[X,0x0000000080001306] -> 0x3FC4
[1645] [M]: 0x0000000080001304 (0x3FC48493) addi x9, x9, 0x3fc                      spcl_M2mmode_test+32
x9 <- 0x8000000000000FFC

clint mtime 0x0000000000000337 (mip.MTI <- 0b1, mip.STI <- 0b0)
mem[X,0x0000000080001308] -> 0xF4B3
mem[X,0x000000008000130A] -> 0x00A4
[1646] [M]: 0x0000000080001308 (0x00A4F4B3) and x9, x9, x10                         spcl_M2mmode_test+36
x9 <- 0x000000000000000C

mem[X,0x000000008000130C] -> 0x8493
mem[X,0x000000008000130E] -> 0xFF84
[1647] [M]: 0x000000008000130C (0xFF848493) addi x9, x9, -0x8                       spcl_M2mmode_test+40
x9 <- 0x0000000000000004

clint mtime 0x0000000000000338 (mip.MTI <- 0b1, mip.STI <- 0b0)
mem[X,0x0000000080001310] -> 0x9663
mem[X,0x0000000080001312] -> 0x0004
[1648] [M]: 0x0000000080001310 (0x00049663) bne x9, x0, 0xc                         spcl_M2mmode_test+44

mem[X,0x000000008000131C] -> 0x0393
mem[X,0x000000008000131E] -> 0x0200
[1649] [M]: 0x000000008000131C (0x02000393) addi x7, x0, 0x20                       Mtrapsig_ptr_upd+0
x7 <- 0x0000000000000020

clint mtime 0x0000000000000339 (mip.MTI <- 0b1, mip.STI <- 0b0)
mem[X,0x0000000080001320] -> 0x5263
mem[X,0x0000000080001322] -> 0x0405
[1650] [M]: 0x0000000080001320 (0x04055263) bge x10, x0, 0x44                       Mtrapsig_ptr_upd+4

mem[X,0x0000000080001364] -> 0x2373
mem[X,0x0000000080001366] -> 0x3010
[1651] [M]: 0x0000000080001364 (0x30102373) csrrs x6, misa, x0                      Mxcpt_sig_sv+0
CSR misa (0x301) -> 0x800000000034112F
x6 <- 0x800000000034112F

clint mtime 0x000000000000033A (mip.MTI <- 0b1, mip.STI <- 0b0)
mem[X,0x0000000080001368] -> 0x1313
mem[X,0x000000008000136A] -> 0x0383
[1652] [M]: 0x0000000080001368 (0x03831313) slli x6, x6, 0x38                       Mxcpt_sig_sv+4
x6 <- 0x2F00000000000000

mem[X,0x000000008000136C] -> 0x5463
mem[X,0x000000008000136E] -> 0x0003
[1653] [M]: 0x000000008000136C (0x00035463) bge x6, x0, 0x8                         Mxcpt_sig_sv+8

clint mtime 0x000000000000033B (mip.MTI <- 0b1, mip.STI <- 0b0)
mem[X,0x0000000080001374] -> 0x3303
mem[X,0x0000000080001376] -> 0x2181
[1654] [M]: 0x0000000080001374 (0x21813303) ld x6, 0x218(x2)                        Mtrap_sig_sv+0
mem[R,0x0000000080004218] -> 0x00000000800083F8
x6 <- 0x00000000800083F8

mem[X,0x0000000080001378] -> 0x04B3
mem[X,0x000000008000137A] -> 0x0073
[1655] [M]: 0x0000000080001378 (0x007304B3) add x9, x6, x7                          Mtrap_sig_sv+4
x9 <- 0x0000000080008418

clint mtime 0x000000000000033C (mip.MTI <- 0b1, mip.STI <- 0b0)
mem[X,0x000000008000137C] -> 0x3C23
mem[X,0x000000008000137E] -> 0x2091
[1656] [M]: 0x000000008000137C (0x20913C23) sd x9, 0x218(x2)                        Mtrap_sig_sv+8
mem[W,0x0000000080004218] <- 0x0000000080008418

mem[X,0x0000000080001380] -> 0x3403
mem[X,0x0000000080001382] -> 0x1F81
[1657] [M]: 0x0000000080001380 (0x1F813403) ld x8, 0x1f8(x2)                        Mtrap_sig_sv+12
mem[R,0x00000000800041F8] -> 0x0000000080008110
x8 <- 0x0000000080008110

clint mtime 0x000000000000033D (mip.MTI <- 0b1, mip.STI <- 0b0)
mem[X,0x0000000080001384] -> 0x0333
mem[X,0x0000000080001386] -> 0x4083
[1658] [M]: 0x0000000080001384 (0x40830333) sub x6, x6, x8                          Mtrap_sig_sv+16
x6 <- 0x00000000000002E8

mem[X,0x0000000080001388] -> 0x3403
mem[X,0x000000008000138A] -> 0x1F81
[1659] [M]: 0x0000000080001388 (0x1F813403) ld x8, 0x1f8(x2)                        Mtrap_sig_sv+20
mem[R,0x00000000800041F8] -> 0x0000000080008110
x8 <- 0x0000000080008110

clint mtime 0x000000000000033E (mip.MTI <- 0b1, mip.STI <- 0b0)
mem[X,0x000000008000138C] -> 0x0333
mem[X,0x000000008000138E] -> 0x0083
[1660] [M]: 0x000000008000138C (0x00830333) add x6, x6, x8                          Mtrap_sig_sv+24
x6 <- 0x00000000800083F8

mem[X,0x0000000080001390] -> 0x3403
mem[X,0x0000000080001392] -> 0x2401
[1661] [M]: 0x0000000080001390 (0x24013403) ld x8, 0x240(x2)                        Mtrap_sig_sv+28
mem[R,0x0000000080004240] -> 0x0000000080001100
x8 <- 0x0000000080001100

clint mtime 0x000000000000033F (mip.MTI <- 0b1, mip.STI <- 0b0)
mem[X,0x0000000080001394] -> 0x85B3
mem[X,0x0000000080001396] -> 0x4085
[1662] [M]: 0x0000000080001394 (0x408585B3) sub x11, x11, x8                        sv_Mvect+0
x11 <- 0x000000000000010C

mem[X,0x0000000080001398] -> 0x9593
mem[X,0x000000008000139A] -> 0x0045
[1663] [M]: 0x0000000080001398 (0x00459593) slli x11, x11, 0x4                      sv_Mvect+4
x11 <- 0x00000000000010C0

clint mtime 0x0000000000000340 (mip.MTI <- 0b1, mip.STI <- 0b0)
mem[X,0x000000008000139C] -> 0xE5B3
mem[X,0x000000008000139E] -> 0x0075
[1664] [M]: 0x000000008000139C (0x0075E5B3) or x11, x11, x7                         sv_Mvect+8
x11 <- 0x00000000000010E0

mem[X,0x00000000800013A0] -> 0x8593
mem[X,0x00000000800013A2] -> 0x0035
[1665] [M]: 0x00000000800013A0 (0x00358593) addi x11, x11, 0x3                      sv_Mvect+12
x11 <- 0x00000000000010E3

clint mtime 0x0000000000000341 (mip.MTI <- 0b1, mip.STI <- 0b0)
mem[X,0x00000000800013A4] -> 0x3023
mem[X,0x00000000800013A6] -> 0x00B3
[1666] [M]: 0x00000000800013A4 (0x00B33023) sd x11, 0x0(x6)                         sv_Mvect+16
mem[W,0x00000000800083F8] <- 0x00000000000010E3

mem[X,0x00000000800013A8] -> 0x3423
mem[X,0x00000000800013AA] -> 0x00A3
[1667] [M]: 0x00000000800013A8 (0x00A33423) sd x10, 0x8(x6)                         sv_Mcause+0
mem[W,0x0000000080008400] <- 0x000000000000000C

clint mtime 0x0000000000000342 (mip.MTI <- 0b1, mip.STI <- 0b0)
mem[X,0x00000000800013AC] -> 0x4663
mem[X,0x00000000800013AE] -> 0x1A05
[1668] [M]: 0x00000000800013AC (0x1A054663) blt x10, x0, 0x1ac                      sv_Mcause+4

mem[X,0x00000000800013B0] -> 0x25F3
mem[X,0x00000000800013B2] -> 0x3000
[1669] [M]: 0x00000000800013B0 (0x300025F3) csrrs x11, mstatus, x0                  common_Mexcpt_handler+0
CSR mstatus (0x300) -> 0x0000000A00000800
x11 <- 0x0000000A00000800

clint mtime 0x0000000000000343 (mip.MTI <- 0b1, mip.STI <- 0b0)
mem[X,0x00000000800013B4] -> 0x9413
mem[X,0x00000000800013B6] -> 0x02E5
[1670] [M]: 0x00000000800013B4 (0x02E59413) slli x8, x11, 0x2e                      common_Mexcpt_handler+4
x8 <- 0x0200000000000000

mem[X,0x00000000800013B8] -> 0x5463
mem[X,0x00000000800013BA] -> 0x0004
[1671] [M]: 0x00000000800013B8 (0x00045463) bge x8, x0, 0x8                         common_Mexcpt_handler+8

clint mtime 0x0000000000000344 (mip.MTI <- 0b1, mip.STI <- 0b0)
mem[X,0x00000000800013C0] -> 0xD493
mem[X,0x00000000800013C2] -> 0x00B5
[1672] [M]: 0x00000000800013C0 (0x00B5D493) srli x9, x11, 0xb                       common_Mexcpt_handler+16
x9 <- 0x0000000001400001

mem[X,0x00000000800013C4] -> 0xF493
mem[X,0x00000000800013C6] -> 0x0034
[1673] [M]: 0x00000000800013C4 (0x0034F493) andi x9, x9, 0x3                        common_Mexcpt_handler+20
x9 <- 0x0000000000000001

clint mtime 0x0000000000000345 (mip.MTI <- 0b1, mip.STI <- 0b0)
mem[X,0x00000000800013C8] -> 0x8493
mem[X,0x00000000800013CA] -> 0x0014
[1674] [M]: 0x00000000800013C8 (0x00148493) addi x9, x9, 0x1                        common_Mexcpt_handler+24
x9 <- 0x0000000000000002

mem[X,0x00000000800013CC] -> 0xF493
mem[X,0x00000000800013CE] -> 0x0044
[1675] [M]: 0x00000000800013CC (0x0044F493) andi x9, x9, 0x4                        common_Mexcpt_handler+28
x9 <- 0x0000000000000000

clint mtime 0x0000000000000346 (mip.MTI <- 0b1, mip.STI <- 0b0)
mem[X,0x00000000800013D0] -> 0x0593
mem[X,0x00000000800013D2] -> 0x05D0
[1676] [M]: 0x00000000800013D0 (0x05D00593) addi x11, x0, 0x5d                      common_Mexcpt_handler+32
x11 <- 0x000000000000005D

mem[X,0x00000000800013D4] -> 0xD5B3
mem[X,0x00000000800013D6] -> 0x0095
[1677] [M]: 0x00000000800013D4 (0x0095D5B3) srl x11, x11, x9                        common_Mexcpt_handler+36
x11 <- 0x000000000000005D

clint mtime 0x0000000000000347 (mip.MTI <- 0b1, mip.STI <- 0b0)
mem[X,0x00000000800013D8] -> 0xF593
mem[X,0x00000000800013DA] -> 0x0015
[1678] [M]: 0x00000000800013D8 (0x0015F593) andi x11, x11, 0x1                      common_Mexcpt_handler+40
x11 <- 0x0000000000000001

mem[X,0x00000000800013DC] -> 0x8EE3
mem[X,0x00000000800013DE] -> 0xF405
[1679] [M]: 0x00000000800013DC (0xF4058EE3) beq x11, x0, -0xa4                      common_Mexcpt_handler+44

clint mtime 0x0000000000000348 (mip.MTI <- 0b1, mip.STI <- 0b0)
mem[X,0x00000000800013E0] -> 0x0593
mem[X,0x00000000800013E2] -> 0x2980
[1680] [M]: 0x00000000800013E0 (0x29800593) addi x11, x0, 0x298                     common_Mexcpt_handler+48
x11 <- 0x0000000000000298

mem[X,0x00000000800013E4] -> 0xF413
mem[X,0x00000000800013E6] -> 0x0014
[1681] [M]: 0x00000000800013E4 (0x0014F413) andi x8, x9, 0x1                        common_Mexcpt_handler+52
x8 <- 0x0000000000000000

clint mtime 0x0000000000000349 (mip.MTI <- 0b1, mip.STI <- 0b0)
mem[X,0x00000000800013E8] -> 0x95B3
mem[X,0x00000000800013EA] -> 0x0085
[1682] [M]: 0x00000000800013E8 (0x008595B3) sll x11, x11, x8                        common_Mexcpt_handler+56
x11 <- 0x0000000000000298

mem[X,0x00000000800013EC] -> 0x9413
mem[X,0x00000000800013EE] -> 0x03D4
[1683] [M]: 0x00000000800013EC (0x03D49413) slli x8, x9, 0x3d                       common_Mexcpt_handler+60
x8 <- 0x0000000000000000

clint mtime 0x000000000000034A (mip.MTI <- 0b1, mip.STI <- 0b0)
mem[X,0x00000000800013F0] -> 0x5413
mem[X,0x00000000800013F2] -> 0x43F4
[1684] [M]: 0x00000000800013F0 (0x43F45413) srai x8, x8, 0x3f                       common_Mexcpt_handler+64
x8 <- 0x0000000000000000

mem[X,0x00000000800013F4] -> 0x4413
mem[X,0x00000000800013F6] -> 0xFFF4
[1685] [M]: 0x00000000800013F4 (0xFFF44413) xori x8, x8, -0x1                       common_Mexcpt_handler+68
x8 <- 0xFFFFFFFFFFFFFFFF

clint mtime 0x000000000000034B (mip.MTI <- 0b1, mip.STI <- 0b0)
mem[X,0x00000000800013F8] -> 0xF4B3
mem[X,0x00000000800013FA] -> 0x0085
[1686] [M]: 0x00000000800013F8 (0x0085F4B3) and x9, x11, x8                         common_Mexcpt_handler+72
x9 <- 0x0000000000000298

mem[X,0x00000000800013FC] -> 0x84B3
mem[X,0x00000000800013FE] -> 0x0024
[1687] [M]: 0x00000000800013FC (0x002484B3) add x9, x9, x2                          vmem_adj_Mepc+0
x9 <- 0x0000000080004298

clint mtime 0x000000000000034C (mip.MTI <- 0b1, mip.STI <- 0b0)
mem[X,0x0000000080001400] -> 0x23F3
mem[X,0x0000000080001402] -> 0x3410
[1688] [M]: 0x0000000080001400 (0x341023F3) csrrs x7, mepc, x0                      vmem_adj_Mepc+4
CSR mepc (0x341) -> 0x8000000140000404
x7 <- 0x8000000140000404

mem[X,0x0000000080001404] -> 0x0413
mem[X,0x0000000080001406] -> 0x0004
[1689] [M]: 0x0000000080001404 (0x00040413) addi x8, x8, 0x0                        vmem_adj_Mepc+8
x8 <- 0xFFFFFFFFFFFFFFFF

clint mtime 0x000000000000034D (mip.MTI <- 0b1, mip.STI <- 0b0)
mem[X,0x0000000080001408] -> 0x006F
mem[X,0x000000008000140A] -> 0x0400
[1690] [M]: 0x0000000080001408 (0x0400006F) jal x0, 0x40                            vmem_adj_Mepc+12

mem[X,0x0000000080001448] -> 0x8433
mem[X,0x000000008000144A] -> 0x4083
[1691] [M]: 0x0000000080001448 (0x40838433) sub x8, x7, x8                          adj_Mepc+0
x8 <- 0x8000000140000405

clint mtime 0x000000000000034E (mip.MTI <- 0b1, mip.STI <- 0b0)
mem[X,0x000000008000144C] -> 0x3823
mem[X,0x000000008000144E] -> 0x0083
[1692] [M]: 0x000000008000144C (0x00833823) sd x8, 0x10(x6)                         sv_Mepc+0
mem[W,0x0000000080008408] <- 0x8000000140000405

mem[X,0x0000000080001450] -> 0x55B7
mem[X,0x0000000080001452] -> 0x0000
[1693] [M]: 0x0000000080001450 (0x000055B7) lui x11, 0x5                            sv_Mepc+4
x11 <- 0x0000000000005000

clint mtime 0x000000000000034F (mip.MTI <- 0b1, mip.STI <- 0b0)
mem[X,0x0000000080001454] -> 0x8593
mem[X,0x0000000080001456] -> 0x6675
[1694] [M]: 0x0000000080001454 (0x66758593) addi x11, x11, 0x667                    sv_Mepc+8
x11 <- 0x0000000000005667

mem[X,0x0000000080001458] -> 0x9593
mem[X,0x000000008000145A] -> 0x0015
[1695] [M]: 0x0000000080001458 (0x00159593) slli x11, x11, 0x1                      sv_Mepc+12
x11 <- 0x000000000000ACCE

clint mtime 0x0000000000000350 (mip.MTI <- 0b1, mip.STI <- 0b0)
mem[X,0x000000008000145C] -> 0x9063
mem[X,0x000000008000145E] -> 0x02B1
[1696] [M]: 0x000000008000145C (0x02B19063) bne x3, x11, 0x20                       sv_Mepc+16

mem[X,0x0000000080001460] -> 0x2473
mem[X,0x0000000080001462] -> 0x3420
[1697] [M]: 0x0000000080001460 (0x34202473) csrrs x8, mcause, x0                    sv_Mepc+20
CSR mcause (0x342) -> 0x000000000000000C
x8 <- 0x000000000000000C

clint mtime 0x0000000000000351 (mip.MTI <- 0b1, mip.STI <- 0b0)
mem[X,0x0000000080001464] -> 0x0593
mem[X,0x0000000080001466] -> 0x00C0
[1698] [M]: 0x0000000080001464 (0x00C00593) addi x11, x0, 0xc                       sv_Mepc+24
x11 <- 0x000000000000000C

mem[X,0x0000000080001468] -> 0x0663
mem[X,0x000000008000146A] -> 0x00B4
[1699] [M]: 0x0000000080001468 (0x00B40663) beq x8, x11, 0xc                        sv_Mepc+28

clint mtime 0x0000000000000352 (mip.MTI <- 0b1, mip.STI <- 0b0)
mem[X,0x0000000080001474] -> 0x1073
mem[X,0x0000000080001476] -> 0x3412
[1700] [M]: 0x0000000080001474 (0x34121073) csrrw x0, mepc, x4                      sv_Mepc+40
CSR mepc (0x341) <- 0x0000000180000D8C

mem[X,0x0000000080001478] -> 0x006F
mem[X,0x000000008000147A] -> 0x0100
[1701] [M]: 0x0000000080001478 (0x0100006F) jal x0, 0x10                            sv_Mepc+44

clint mtime 0x0000000000000353 (mip.MTI <- 0b1, mip.STI <- 0b0)
mem[X,0x0000000080001488] -> 0x23F3
mem[X,0x000000008000148A] -> 0x3430
[1702] [M]: 0x0000000080001488 (0x343023F3) csrrs x7, mtval, x0                     skp_adj_Mepc+0
CSR mtval (0x343) -> 0x8000000140000404
x7 <- 0x8000000140000404

mem[X,0x000000008000148C] -> 0x0413
mem[X,0x000000008000148E] -> 0x0004
[1703] [M]: 0x000000008000148C (0x00040413) addi x8, x8, 0x0                        skp_adj_Mepc+4
x8 <- 0x000000000000000C

clint mtime 0x0000000000000354 (mip.MTI <- 0b1, mip.STI <- 0b0)
mem[X,0x0000000080001490] -> 0x006F
mem[X,0x0000000080001492] -> 0x0840
[1704] [M]: 0x0000000080001490 (0x0840006F) jal x0, 0x84                            skp_adj_Mepc+8

mem[X,0x0000000080001514] -> 0x8433
mem[X,0x0000000080001516] -> 0x4083
[1705] [M]: 0x0000000080001514 (0x40838433) sub x8, x7, x8                          adj_Mtval+0
x8 <- 0x80000001400003F8

clint mtime 0x0000000000000355 (mip.MTI <- 0b1, mip.STI <- 0b0)
mem[X,0x0000000080001518] -> 0x3C23
mem[X,0x000000008000151A] -> 0x0083
[1706] [M]: 0x0000000080001518 (0x00833C23) sd x8, 0x18(x6)                         sv_Mtval+0
mem[W,0x0000000080008410] <- 0x80000001400003F8

mem[X,0x000000008000151C] -> 0x3483
mem[X,0x000000008000151E] -> 0x2181
[1707] [M]: 0x000000008000151C (0x21813483) ld x9, 0x218(x2)                        skp_Mtval+0
mem[R,0x0000000080004218] -> 0x0000000080008418
x9 <- 0x0000000080008418

clint mtime 0x0000000000000356 (mip.MTI <- 0b1, mip.STI <- 0b0)
mem[X,0x0000000080001520] -> 0x3383
mem[X,0x0000000080001522] -> 0x1F81
[1708] [M]: 0x0000000080001520 (0x1F813383) ld x7, 0x1f8(x2)                        skp_Mtval+4
mem[R,0x00000000800041F8] -> 0x0000000080008110
x7 <- 0x0000000080008110

mem[X,0x0000000080001524] -> 0x3303
mem[X,0x0000000080001526] -> 0x2001
[1709] [M]: 0x0000000080001524 (0x20013303) ld x6, 0x200(x2)                        skp_Mtval+8
mem[R,0x0000000080004200] -> 0x0000000000000410
x6 <- 0x0000000000000410

clint mtime 0x0000000000000357 (mip.MTI <- 0b1, mip.STI <- 0b0)
mem[X,0x0000000080001528] -> 0x0333
mem[X,0x000000008000152A] -> 0x0073
[1710] [M]: 0x0000000080001528 (0x00730333) add x6, x6, x7                          skp_Mtval+12
x6 <- 0x0000000080008520

mem[X,0x000000008000152C] -> 0x6AE3
mem[X,0x000000008000152E] -> 0xAE93
[1711] [M]: 0x000000008000152C (0xAE936AE3) bltu x6, x9, -0x50c                     skp_Mtval+16

clint mtime 0x0000000000000358 (mip.MTI <- 0b1, mip.STI <- 0b0)
mem[X,0x0000000080001530] -> 0x0393
mem[X,0x0000000080001532] -> 0x2000
[1712] [M]: 0x0000000080001530 (0x20000393) addi x7, x0, 0x200                      skp_Mtval+20
x7 <- 0x0000000000000200

mem[X,0x0000000080001534] -> 0x006F
mem[X,0x0000000080001536] -> 0x0400
[1713] [M]: 0x0000000080001534 (0x0400006F) jal x0, 0x40                            skp_Mtval+24

clint mtime 0x0000000000000359 (mip.MTI <- 0b1, mip.STI <- 0b0)
mem[X,0x0000000080001574] -> 0x0417
mem[X,0x0000000080001576] -> 0x0000
[1714] [M]: 0x0000000080001574 (0x00000417) auipc x8, 0x0                           spcl_Mhandler+0
x8 <- 0x0000000080001574

mem[X,0x0000000080001578] -> 0x0413
mem[X,0x000000008000157A] -> 0x03C4
[1715] [M]: 0x0000000080001578 (0x03C40413) addi x8, x8, 0x3c                       spcl_Mhandler+4
x8 <- 0x00000000800015B0

clint mtime 0x000000000000035A (mip.MTI <- 0b1, mip.STI <- 0b0)
mem[X,0x000000008000157C] -> 0x0433
mem[X,0x000000008000157E] -> 0x0074
[1716] [M]: 0x000000008000157C (0x00740433) add x8, x8, x7                          spcl_Mhandler+8
x8 <- 0x00000000800017B0

mem[X,0x0000000080001580] -> 0x1393
mem[X,0x0000000080001582] -> 0x0035
[1717] [M]: 0x0000000080001580 (0x00351393) slli x7, x10, 0x3                       spcl_Mhandler+12
x7 <- 0x0000000000000060

clint mtime 0x000000000000035B (mip.MTI <- 0b1, mip.STI <- 0b0)
mem[X,0x0000000080001584] -> 0x0433
mem[X,0x0000000080001586] -> 0x0074
[1718] [M]: 0x0000000080001584 (0x00740433) add x8, x8, x7                          spcl_Mhandler+16
x8 <- 0x0000000080001810

mem[X,0x0000000080001588] -> 0x7413
mem[X,0x000000008000158A] -> 0xFF84
[1719] [M]: 0x0000000080001588 (0xFF847413) andi x8, x8, -0x8                       spcl_Mhandler+20
x8 <- 0x0000000080001810

clint mtime 0x000000000000035C (mip.MTI <- 0b1, mip.STI <- 0b0)
mem[X,0x000000008000158C] -> 0x3403
mem[X,0x000000008000158E] -> 0x0004
[1720] [M]: 0x000000008000158C (0x00043403) ld x8, 0x0(x8)                          spcl_Mhandler+24
mem[R,0x0000000080001810] -> 0x0000000000000019
x8 <- 0x0000000000000019

mem[X,0x0000000080001590] -> 0x02E3
mem[X,0x0000000080001592] -> 0xB204
[1721] [M]: 0x0000000080001590 (0xB20402E3) beq x8, x0, -0x4dc                      spcl_Mdispatch_hndling+0

clint mtime 0x000000000000035D (mip.MTI <- 0b1, mip.STI <- 0b0)
mem[X,0x0000000080001594] -> 0x1393
mem[X,0x0000000080001596] -> 0x03F4
[1722] [M]: 0x0000000080001594 (0x03F41393) slli x7, x8, 0x3f                       spcl_Mdispatch_hndling+4
x7 <- 0x8000000000000000

mem[X,0x0000000080001598] -> 0xD863
mem[X,0x000000008000159A] -> 0x0003
[1723] [M]: 0x0000000080001598 (0x0003D863) bge x7, x0, 0x10                        spcl_Mdispatch_hndling+8

clint mtime 0x000000000000035E (mip.MTI <- 0b1, mip.STI <- 0b0)
mem[X,0x000000008000159C] -> 0x5413
mem[X,0x000000008000159E] -> 0x0014
[1724] [M]: 0x000000008000159C (0x00145413) srli x8, x8, 0x1                        spcl_Mdispatch_hndling+12
x8 <- 0x000000000000000C

mem[X,0x00000000800015A0] -> 0x0CE3
mem[X,0x00000000800015A2] -> 0xF885
[1725] [M]: 0x00000000800015A0 (0xF8850CE3) beq x10, x8, -0x68                      spcl_Mdispatch_hndling+16

clint mtime 0x000000000000035F (mip.MTI <- 0b1, mip.STI <- 0b0)
mem[X,0x0000000080001538] -> 0x3303
mem[X,0x000000008000153A] -> 0x2601
[1726] [M]: 0x0000000080001538 (0x26013303) ld x6, 0x260(x2)                        resto_Mrtn+0
mem[R,0x0000000080004260] -> 0xFFFFFFFF7FFFF44C
x6 <- 0xFFFFFFFF7FFFF44C

mem[X,0x000000008000153C] -> 0x3383
mem[X,0x000000008000153E] -> 0x2681
[1727] [M]: 0x000000008000153C (0x26813383) ld x7, 0x268(x2)                        resto_Mrtn+4
mem[R,0x0000000080004268] -> 0x0000000080004000
x7 <- 0x0000000080004000

clint mtime 0x0000000000000360 (mip.MTI <- 0b1, mip.STI <- 0b0)
mem[X,0x0000000080001540] -> 0x3403
mem[X,0x0000000080001542] -> 0x2701
[1728] [M]: 0x0000000080001540 (0x27013403) ld x8, 0x270(x2)                        resto_Mrtn+8
mem[R,0x0000000080004270] -> 0x0000000000007F76
x8 <- 0x0000000000007F76

mem[X,0x0000000080001544] -> 0x3483
mem[X,0x0000000080001546] -> 0x2781
[1729] [M]: 0x0000000080001544 (0x27813483) ld x9, 0x278(x2)                        resto_Mrtn+12
mem[R,0x0000000080004278] -> 0x0000000100000148
x9 <- 0x0000000100000148

clint mtime 0x0000000000000361 (mip.MTI <- 0b1, mip.STI <- 0b0)
mem[X,0x0000000080001548] -> 0x3503
mem[X,0x000000008000154A] -> 0x2801
[1730] [M]: 0x0000000080001548 (0x28013503) ld x10, 0x280(x2)                       resto_Mrtn+16
mem[R,0x0000000080004280] -> 0x00000000200000CF
x10 <- 0x00000000200000CF

mem[X,0x000000008000154C] -> 0x3583
mem[X,0x000000008000154E] -> 0x2881
[1731] [M]: 0x000000008000154C (0x28813583) ld x11, 0x288(x2)                       resto_Mrtn+20
mem[R,0x0000000080004288] -> 0x00000000000000CF
x11 <- 0x00000000000000CF

clint mtime 0x0000000000000362 (mip.MTI <- 0b1, mip.STI <- 0b0)
mem[X,0x0000000080001550] -> 0x3103
mem[X,0x0000000080001552] -> 0x2901
[1732] [M]: 0x0000000080001550 (0x29013103) ld x2, 0x290(x2)                        resto_Mrtn+24
mem[R,0x0000000080004290] -> 0x0000000000000000
x2 <- 0x0000000000000000

mem[X,0x0000000080001554] -> 0x0073
mem[X,0x0000000080001556] -> 0x3020
[1733] [M]: 0x0000000080001554 (0x30200073) mret                                    resto_Mrtn+28
CSR mstatus (0x300) <- 0x0000000A00000080
ret-ing from M to S

clint mtime 0x0000000000000363 (mip.MTI <- 0b1, mip.STI <- 0b0)
mem[X,0x0000000080000D8C] -> 0x0013
mem[X,0x0000000080000D8E] -> 0x0000
[1734] [S]: 0x0000000180000D8C (0x00000013) addi x0, x0, 0x0                        va_rvtest_code_begin+1456

mem[X,0x0000000080000D90] -> 0x0013
mem[X,0x0000000080000D92] -> 0x0000
[1735] [S]: 0x0000000180000D90 (0x00000013) addi x0, x0, 0x0                        va_rvtest_code_begin+1460

clint mtime 0x0000000000000364 (mip.MTI <- 0b1, mip.STI <- 0b0)
mem[X,0x0000000080000D94] -> 0x0013
mem[X,0x0000000080000D96] -> 0x0000
[1736] [S]: 0x0000000180000D94 (0x00000013) addi x0, x0, 0x0                        va_rvtest_code_begin+1464

mem[X,0x0000000080000D98] -> 0x0113
mem[X,0x0000000080000D9A] -> 0x0000
[1737] [S]: 0x0000000180000D98 (0x00000113) addi x2, x0, 0x0                        va_rvtest_code_begin+1468
x2 <- 0x0000000000000000

clint mtime 0x0000000000000365 (mip.MTI <- 0b1, mip.STI <- 0b0)
mem[X,0x0000000080000D9C] -> 0x0073
mem[X,0x0000000080000D9E] -> 0x0000
[1738] [S]: 0x0000000180000D9C (0x00000073) ecall                                   va_rvtest_code_begin+1472
trapping from S to M to handle s-call
handling exc#s-call at priv M with tval 0x0000000000000000
CSR mstatus (0x300) <- 0x0000000A00000800
CSR mcause (0x342) <- 0x0000000000000009
CSR mtval (0x343) <- 0x0000000000000000
CSR mepc (0x341) <- 0x0000000180000D9C

mem[X,0x0000000080001100] -> 0x006F
mem[X,0x0000000080001102] -> 0x1000
[1739] [M]: 0x0000000080001100 (0x1000006F) jal x0, 0x100                           Mtrampoline+0

clint mtime 0x0000000000000366 (mip.MTI <- 0b1, mip.STI <- 0b0)
mem[X,0x0000000080001200] -> 0x1173
mem[X,0x0000000080001202] -> 0x3401
[1740] [M]: 0x0000000080001200 (0x34011173) csrrw x2, mscratch, x2                  trap_Mhandler+0
CSR mscratch (0x340) <- 0x0000000000000000
x2 <- 0x0000000080004000

mem[X,0x0000000080001204] -> 0x3423
mem[X,0x0000000080001206] -> 0x28B1
[1741] [M]: 0x0000000080001204 (0x28B13423) sd x11, 0x288(x2)                       trap_Mhandler+4
mem[W,0x0000000080004288] <- 0x00000000000000CF

clint mtime 0x0000000000000367 (mip.MTI <- 0b1, mip.STI <- 0b0)
mem[X,0x0000000080001208] -> 0x05EF
mem[X,0x000000008000120A] -> 0x0B80
[1742] [M]: 0x0000000080001208 (0x0B8005EF) jal x11, 0xb8                           trap_Mhandler+8
x11 <- 0x000000008000120C

mem[X,0x00000000800012C0] -> 0x3023
mem[X,0x00000000800012C2] -> 0x28A1
[1743] [M]: 0x00000000800012C0 (0x28A13023) sd x10, 0x280(x2)                       common_Mhandler+0
mem[W,0x0000000080004280] <- 0x00000000200000CF

clint mtime 0x0000000000000368 (mip.MTI <- 0b1, mip.STI <- 0b0)
mem[X,0x00000000800012C4] -> 0x1573
mem[X,0x00000000800012C6] -> 0x3401
[1744] [M]: 0x00000000800012C4 (0x34011573) csrrw x10, mscratch, x2                 common_Mhandler+4
CSR mscratch (0x340) <- 0x0000000080004000
x10 <- 0x0000000000000000

mem[X,0x00000000800012C8] -> 0x3823
mem[X,0x00000000800012CA] -> 0x28A1
[1745] [M]: 0x00000000800012C8 (0x28A13823) sd x10, 0x290(x2)                       common_Mhandler+8
mem[W,0x0000000080004290] <- 0x0000000000000000

clint mtime 0x0000000000000369 (mip.MTI <- 0b1, mip.STI <- 0b0)
mem[X,0x00000000800012CC] -> 0x3503
mem[X,0x00000000800012CE] -> 0x2301
[1746] [M]: 0x00000000800012CC (0x23013503) ld x10, 0x230(x2)                       common_Mhandler+12
mem[R,0x0000000080004230] -> 0x00000000800012D4
x10 <- 0x00000000800012D4

mem[X,0x00000000800012D0] -> 0x0067
mem[X,0x00000000800012D2] -> 0x0005
[1747] [M]: 0x00000000800012D0 (0x00050067) jalr x0, 0x0(x10)                       common_Mhandler+16

clint mtime 0x000000000000036A (mip.MTI <- 0b1, mip.STI <- 0b0)
mem[X,0x00000000800012D4] -> 0x3C23
mem[X,0x00000000800012D6] -> 0x2691
[1748] [M]: 0x00000000800012D4 (0x26913C23) sd x9, 0x278(x2)                        common_Mentry+0
mem[W,0x0000000080004278] <- 0x0000000100000148

mem[X,0x00000000800012D8] -> 0x3823
mem[X,0x00000000800012DA] -> 0x2681
[1749] [M]: 0x00000000800012D8 (0x26813823) sd x8, 0x270(x2)                        common_Mentry+4
mem[W,0x0000000080004270] <- 0x0000000000007F76

clint mtime 0x000000000000036B (mip.MTI <- 0b1, mip.STI <- 0b0)
mem[X,0x00000000800012DC] -> 0x3423
mem[X,0x00000000800012DE] -> 0x2671
[1750] [M]: 0x00000000800012DC (0x26713423) sd x7, 0x268(x2)                        common_Mentry+8
mem[W,0x0000000080004268] <- 0x0000000080004000

mem[X,0x00000000800012E0] -> 0x3023
mem[X,0x00000000800012E2] -> 0x2661
[1751] [M]: 0x00000000800012E0 (0x26613023) sd x6, 0x260(x2)                        common_Mentry+12
mem[W,0x0000000080004260] <- 0xFFFFFFFF7FFFF44C

clint mtime 0x000000000000036C (mip.MTI <- 0b1, mip.STI <- 0b0)
mem[X,0x00000000800012E4] -> 0x2573
mem[X,0x00000000800012E6] -> 0x3420
[1752] [M]: 0x00000000800012E4 (0x34202573) csrrs x10, mcause, x0                   spcl_M2mmode_test+0
CSR mcause (0x342) -> 0x0000000000000009
x10 <- 0x0000000000000009

mem[X,0x00000000800012E8] -> 0x04B7
mem[X,0x00000000800012EA] -> 0x8000
[1753] [M]: 0x00000000800012E8 (0x800004B7) lui x9, -0x80000                        spcl_M2mmode_test+4
x9 <- 0xFFFFFFFF80000000

clint mtime 0x000000000000036D (mip.MTI <- 0b1, mip.STI <- 0b0)
mem[X,0x00000000800012EC] -> 0x8493
mem[X,0x00000000800012EE] -> 0x0004
[1754] [M]: 0x00000000800012EC (0x00048493) addi x9, x9, 0x0                        spcl_M2mmode_test+8
x9 <- 0xFFFFFFFF80000000

mem[X,0x00000000800012F0] -> 0x9493
mem[X,0x00000000800012F2] -> 0x00B4
[1755] [M]: 0x00000000800012F0 (0x00B49493) slli x9, x9, 0xb                        spcl_M2mmode_test+12
x9 <- 0xFFFFFC0000000000

clint mtime 0x000000000000036E (mip.MTI <- 0b1, mip.STI <- 0b0)
mem[X,0x00000000800012F4] -> 0x8493
mem[X,0x00000000800012F6] -> 0x0004
[1756] [M]: 0x00000000800012F4 (0x00048493) addi x9, x9, 0x0                        spcl_M2mmode_test+16
x9 <- 0xFFFFFC0000000000

mem[X,0x00000000800012F8] -> 0x9493
mem[X,0x00000000800012FA] -> 0x00B4
[1757] [M]: 0x00000000800012F8 (0x00B49493) slli x9, x9, 0xb                        spcl_M2mmode_test+20
x9 <- 0xFFE0000000000000

clint mtime 0x000000000000036F (mip.MTI <- 0b1, mip.STI <- 0b0)
mem[X,0x00000000800012FC] -> 0x8493
mem[X,0x00000000800012FE] -> 0x0034
[1758] [M]: 0x00000000800012FC (0x00348493) addi x9, x9, 0x3                        spcl_M2mmode_test+24
x9 <- 0xFFE0000000000003

mem[X,0x0000000080001300] -> 0x9493
mem[X,0x0000000080001302] -> 0x00A4
[1759] [M]: 0x0000000080001300 (0x00A49493) slli x9, x9, 0xa                        spcl_M2mmode_test+28
x9 <- 0x8000000000000C00

clint mtime 0x0000000000000370 (mip.MTI <- 0b1, mip.STI <- 0b0)
mem[X,0x0000000080001304] -> 0x8493
mem[X,0x0000000080001306] -> 0x3FC4
[1760] [M]: 0x0000000080001304 (0x3FC48493) addi x9, x9, 0x3fc                      spcl_M2mmode_test+32
x9 <- 0x8000000000000FFC

mem[X,0x0000000080001308] -> 0xF4B3
mem[X,0x000000008000130A] -> 0x00A4
[1761] [M]: 0x0000000080001308 (0x00A4F4B3) and x9, x9, x10                         spcl_M2mmode_test+36
x9 <- 0x0000000000000008

clint mtime 0x0000000000000371 (mip.MTI <- 0b1, mip.STI <- 0b0)
mem[X,0x000000008000130C] -> 0x8493
mem[X,0x000000008000130E] -> 0xFF84
[1762] [M]: 0x000000008000130C (0xFF848493) addi x9, x9, -0x8                       spcl_M2mmode_test+40
x9 <- 0x0000000000000000

mem[X,0x0000000080001310] -> 0x9663
mem[X,0x0000000080001312] -> 0x0004
[1763] [M]: 0x0000000080001310 (0x00049663) bne x9, x0, 0xc                         spcl_M2mmode_test+44

clint mtime 0x0000000000000372 (mip.MTI <- 0b1, mip.STI <- 0b0)
mem[X,0x0000000080001314] -> 0x3383
mem[X,0x0000000080001316] -> 0x2901
[1764] [M]: 0x0000000080001314 (0x29013383) ld x7, 0x290(x2)                        spcl_M2mmode_test+48
mem[R,0x0000000080004290] -> 0x0000000000000000
x7 <- 0x0000000000000000

mem[X,0x0000000080001318] -> 0x8663
mem[X,0x000000008000131A] -> 0x6E03
[1765] [M]: 0x0000000080001318 (0x6E038663) beq x7, x0, 0x6ec                       spcl_M2mmode_test+52

clint mtime 0x0000000000000373 (mip.MTI <- 0b1, mip.STI <- 0b0)
mem[X,0x0000000080001A04] -> 0x0493
mem[X,0x0000000080001A06] -> 0xFF55
[1766] [M]: 0x0000000080001A04 (0xFF550493) addi x9, x10, -0xb                      rtn2mmode+0
x9 <- 0xFFFFFFFFFFFFFFFE

mem[X,0x0000000080001A08] -> 0x8C63
mem[X,0x0000000080001A0A] -> 0x0004
[1767] [M]: 0x0000000080001A08 (0x00048C63) beq x9, x0, 0x18                        rtn2mmode+4

clint mtime 0x0000000000000374 (mip.MTI <- 0b1, mip.STI <- 0b0)
mem[X,0x0000000080001A0C] -> 0x3583
mem[X,0x0000000080001A0E] -> 0x4701
[1768] [M]: 0x0000000080001A0C (0x47013583) ld x11, 0x470(x2)                       rtn2mmode+8
mem[R,0x0000000080004470] -> 0x00000001800007DC
x11 <- 0x00000001800007DC

mem[X,0x0000000080001A10] -> 0xD463
mem[X,0x0000000080001A12] -> 0x0003
[1769] [M]: 0x0000000080001A10 (0x0003D463) bge x7, x0, 0x8                         rtn2mmode+12

clint mtime 0x0000000000000375 (mip.MTI <- 0b1, mip.STI <- 0b0)
mem[X,0x0000000080001A18] -> 0x3483
mem[X,0x0000000080001A1A] -> 0x1D81
[1770] [M]: 0x0000000080001A18 (0x1D813483) ld x9, 0x1d8(x2)                        from_u_s+0
mem[R,0x00000000800041D8] -> 0x00000000800007F4
x9 <- 0x00000000800007F4

mem[X,0x0000000080001A1C] -> 0x84B3
mem[X,0x0000000080001A1E] -> 0x40B4
[1771] [M]: 0x0000000080001A1C (0x40B484B3) sub x9, x9, x11                         from_u_s+4
x9 <- 0xFFFFFFFF00000018

clint mtime 0x0000000000000376 (mip.MTI <- 0b1, mip.STI <- 0b0)
mem[X,0x0000000080001A20] -> 0x23F3
mem[X,0x0000000080001A22] -> 0x3410
[1772] [M]: 0x0000000080001A20 (0x341023F3) csrrs x7, mepc, x0                      rtn_fm_mmode+0
CSR mepc (0x341) -> 0x0000000180000D9C
x7 <- 0x0000000180000D9C

mem[X,0x0000000080001A24] -> 0x83B3
mem[X,0x0000000080001A26] -> 0x0093
[1773] [M]: 0x0000000080001A24 (0x009383B3) add x7, x7, x9                          rtn_fm_mmode+4
x7 <- 0x0000000080000DB4

clint mtime 0x0000000000000377 (mip.MTI <- 0b1, mip.STI <- 0b0)
mem[X,0x0000000080001A28] -> 0x3303
mem[X,0x0000000080001A2A] -> 0x2601
[1774] [M]: 0x0000000080001A28 (0x26013303) ld x6, 0x260(x2)                        rtn_fm_mmode+8
mem[R,0x0000000080004260] -> 0xFFFFFFFF7FFFF44C
x6 <- 0xFFFFFFFF7FFFF44C

mem[X,0x0000000080001A2C] -> 0x3403
mem[X,0x0000000080001A2E] -> 0x2701
[1775] [M]: 0x0000000080001A2C (0x27013403) ld x8, 0x270(x2)                        rtn_fm_mmode+12
mem[R,0x0000000080004270] -> 0x0000000000007F76
x8 <- 0x0000000000007F76

clint mtime 0x0000000000000378 (mip.MTI <- 0b1, mip.STI <- 0b0)
mem[X,0x0000000080001A30] -> 0x3483
mem[X,0x0000000080001A32] -> 0x2781
[1776] [M]: 0x0000000080001A30 (0x27813483) ld x9, 0x278(x2)                        rtn_fm_mmode+16
mem[R,0x0000000080004278] -> 0x0000000100000148
x9 <- 0x0000000100000148

mem[X,0x0000000080001A34] -> 0x3503
mem[X,0x0000000080001A36] -> 0x2801
[1777] [M]: 0x0000000080001A34 (0x28013503) ld x10, 0x280(x2)                       rtn_fm_mmode+20
mem[R,0x0000000080004280] -> 0x00000000200000CF
x10 <- 0x00000000200000CF

clint mtime 0x0000000000000379 (mip.MTI <- 0b1, mip.STI <- 0b0)
mem[X,0x0000000080001A38] -> 0x3583
mem[X,0x0000000080001A3A] -> 0x2881
[1778] [M]: 0x0000000080001A38 (0x28813583) ld x11, 0x288(x2)                       rtn_fm_mmode+24
mem[R,0x0000000080004288] -> 0x00000000000000CF
x11 <- 0x00000000000000CF

mem[X,0x0000000080001A3C] -> 0x3103
mem[X,0x0000000080001A3E] -> 0x2901
[1779] [M]: 0x0000000080001A3C (0x29013103) ld x2, 0x290(x2)                        rtn_fm_mmode+28
mem[R,0x0000000080004290] -> 0x0000000000000000
x2 <- 0x0000000000000000

clint mtime 0x000000000000037A (mip.MTI <- 0b1, mip.STI <- 0b0)
mem[X,0x0000000080001A40] -> 0x8067
mem[X,0x0000000080001A42] -> 0x0043
[1780] [M]: 0x0000000080001A40 (0x00438067) jalr x0, 0x4(x7)                        rtn_fm_mmode+32

mem[X,0x0000000080000DB8] -> 0x0013
mem[X,0x0000000080000DBA] -> 0x0000
[1781] [M]: 0x0000000080000DB8 (0x00000013) addi x0, x0, 0x0                        main+1432

clint mtime 0x000000000000037B (mip.MTI <- 0b1, mip.STI <- 0b0)
mem[X,0x0000000080000DBC] -> 0x0013
mem[X,0x0000000080000DBE] -> 0x0000
[1782] [M]: 0x0000000080000DBC (0x00000013) addi x0, x0, 0x0                        main+1436

mem[X,0x0000000080000DC0] -> 0x5517
mem[X,0x0000000080000DC2] -> 0x0000
[1783] [M]: 0x0000000080000DC0 (0x00005517) auipc x10, 0x5                          main+1440
x10 <- 0x0000000080005DC0

clint mtime 0x000000000000037C (mip.MTI <- 0b1, mip.STI <- 0b0)
mem[X,0x0000000080000DC4] -> 0x0513
mem[X,0x0000000080000DC6] -> 0x2405
[1784] [M]: 0x0000000080000DC4 (0x24050513) addi x10, x10, 0x240                    main+1444
x10 <- 0x0000000080006000

mem[X,0x0000000080000DC8] -> 0x0001
[1785] [M]: 0x0000000080000DC8 (0x0001) c.nop                                       main+1448

clint mtime 0x000000000000037D (mip.MTI <- 0b1, mip.STI <- 0b0)
mem[X,0x0000000080000DCA] -> 0x0013
mem[X,0x0000000080000DCC] -> 0x0000
[1786] [M]: 0x0000000080000DCA (0x00000013) addi x0, x0, 0x0                        main+1450

mem[X,0x0000000080000DCE] -> 0x0013
mem[X,0x0000000080000DD0] -> 0x0000
[1787] [M]: 0x0000000080000DCE (0x00000013) addi x0, x0, 0x0                        main+1454

clint mtime 0x000000000000037E (mip.MTI <- 0b1, mip.STI <- 0b0)
mem[X,0x0000000080000DD2] -> 0x0013
mem[X,0x0000000080000DD4] -> 0x0000
[1788] [M]: 0x0000000080000DD2 (0x00000013) addi x0, x0, 0x0                        main+1458

mem[X,0x0000000080000DD6] -> 0x0013
mem[X,0x0000000080000DD8] -> 0x0000
[1789] [M]: 0x0000000080000DD6 (0x00000013) addi x0, x0, 0x0                        main+1462

clint mtime 0x000000000000037F (mip.MTI <- 0b1, mip.STI <- 0b0)
mem[X,0x0000000080000DDA] -> 0x0013
mem[X,0x0000000080000DDC] -> 0x0000
[1790] [M]: 0x0000000080000DDA (0x00000013) addi x0, x0, 0x0                        main+1466

mem[X,0x0000000080000DDE] -> 0x0001
[1791] [M]: 0x0000000080000DDE (0x0001) c.nop                                       main+1470

clint mtime 0x0000000000000380 (mip.MTI <- 0b1, mip.STI <- 0b0)
mem[X,0x0000000080000DE0] -> 0x0593
mem[X,0x0000000080000DE2] -> 0x0010
[1792] [M]: 0x0000000080000DE0 (0x00100593) addi x11, x0, 0x1                       main+1472
x11 <- 0x0000000000000001

mem[X,0x0000000080000DE4] -> 0x5513
mem[X,0x0000000080000DE6] -> 0x00C5
[1793] [M]: 0x0000000080000DE4 (0x00C55513) srli x10, x10, 0xc                      main+1476
x10 <- 0x0000000000080006

clint mtime 0x0000000000000381 (mip.MTI <- 0b1, mip.STI <- 0b0)
mem[X,0x0000000080000DE8] -> 0x1513
mem[X,0x0000000080000DEA] -> 0x00A5
[1794] [M]: 0x0000000080000DE8 (0x00A51513) slli x10, x10, 0xa                      main+1480
x10 <- 0x0000000020001800

mem[X,0x0000000080000DEC] -> 0x6533
mem[X,0x0000000080000DEE] -> 0x00B5
[1795] [M]: 0x0000000080000DEC (0x00B56533) or x10, x10, x11                        main+1484
x10 <- 0x0000000020001801

clint mtime 0x0000000000000382 (mip.MTI <- 0b1, mip.STI <- 0b0)
mem[X,0x0000000080000DF0] -> 0x0013
mem[X,0x0000000080000DF2] -> 0x0000
[1796] [M]: 0x0000000080000DF0 (0x00000013) addi x0, x0, 0x0                        main+1488

mem[X,0x0000000080000DF4] -> 0x0013
mem[X,0x0000000080000DF6] -> 0x0000
[1797] [M]: 0x0000000080000DF4 (0x00000013) addi x0, x0, 0x0                        main+1492

clint mtime 0x0000000000000383 (mip.MTI <- 0b1, mip.STI <- 0b0)
mem[X,0x0000000080000DF8] -> 0x0013
mem[X,0x0000000080000DFA] -> 0x0000
[1798] [M]: 0x0000000080000DF8 (0x00000013) addi x0, x0, 0x0                        main+1496

mem[X,0x0000000080000DFC] -> 0x0013
mem[X,0x0000000080000DFE] -> 0x0000
[1799] [M]: 0x0000000080000DFC (0x00000013) addi x0, x0, 0x0                        main+1500

clint mtime 0x0000000000000384 (mip.MTI <- 0b1, mip.STI <- 0b0)
mem[X,0x0000000080000E00] -> 0x6317
mem[X,0x0000000080000E02] -> 0x0000
[1800] [M]: 0x0000000080000E00 (0x00006317) auipc x6, 0x6                           main+1504
x6 <- 0x0000000080006E00

mem[X,0x0000000080000E04] -> 0x0313
mem[X,0x0000000080000E06] -> 0x2003
[1801] [M]: 0x0000000080000E04 (0x20030313) addi x6, x6, 0x200                      main+1508
x6 <- 0x0000000080007000

clint mtime 0x0000000000000385 (mip.MTI <- 0b1, mip.STI <- 0b0)
mem[X,0x0000000080000E08] -> 0x0001
[1802] [M]: 0x0000000080000E08 (0x0001) c.nop                                       main+1512

mem[X,0x0000000080000E0A] -> 0x0013
mem[X,0x0000000080000E0C] -> 0x0000
[1803] [M]: 0x0000000080000E0A (0x00000013) addi x0, x0, 0x0                        main+1514

clint mtime 0x0000000000000386 (mip.MTI <- 0b1, mip.STI <- 0b0)
mem[X,0x0000000080000E0E] -> 0x0013
mem[X,0x0000000080000E10] -> 0x0000
[1804] [M]: 0x0000000080000E0E (0x00000013) addi x0, x0, 0x0                        main+1518

mem[X,0x0000000080000E12] -> 0x0013
mem[X,0x0000000080000E14] -> 0x0000
[1805] [M]: 0x0000000080000E12 (0x00000013) addi x0, x0, 0x0                        main+1522

clint mtime 0x0000000000000387 (mip.MTI <- 0b1, mip.STI <- 0b0)
mem[X,0x0000000080000E16] -> 0x0013
mem[X,0x0000000080000E18] -> 0x0000
[1806] [M]: 0x0000000080000E16 (0x00000013) addi x0, x0, 0x0                        main+1526

mem[X,0x0000000080000E1A] -> 0x0013
mem[X,0x0000000080000E1C] -> 0x0000
[1807] [M]: 0x0000000080000E1A (0x00000013) addi x0, x0, 0x0                        main+1530

clint mtime 0x0000000000000388 (mip.MTI <- 0b1, mip.STI <- 0b0)
mem[X,0x0000000080000E1E] -> 0x0001
[1808] [M]: 0x0000000080000E1E (0x0001) c.nop                                       main+1534

mem[X,0x0000000080000E20] -> 0x0293
mem[X,0x0000000080000E22] -> 0x0280
[1809] [M]: 0x0000000080000E20 (0x02800293) addi x5, x0, 0x28                       main+1536
x5 <- 0x0000000000000028

clint mtime 0x0000000000000389 (mip.MTI <- 0b1, mip.STI <- 0b0)
mem[X,0x0000000080000E24] -> 0x0333
mem[X,0x0000000080000E26] -> 0x0053
[1810] [M]: 0x0000000080000E24 (0x00530333) add x6, x6, x5                          main+1540
x6 <- 0x0000000080007028

mem[X,0x0000000080000E28] -> 0x3023
mem[X,0x0000000080000E2A] -> 0x00A3
[1811] [M]: 0x0000000080000E28 (0x00A33023) sd x10, 0x0(x6)                         main+1544
mem[W,0x0000000080007028] <- 0x0000000020001801

clint mtime 0x000000000000038A (mip.MTI <- 0b1, mip.STI <- 0b0)
mem[X,0x0000000080000E2C] -> 0x0013
mem[X,0x0000000080000E2E] -> 0x0000
[1812] [M]: 0x0000000080000E2C (0x00000013) addi x0, x0, 0x0                        main+1548

mem[X,0x0000000080000E30] -> 0x0013
mem[X,0x0000000080000E32] -> 0x0000
[1813] [M]: 0x0000000080000E30 (0x00000013) addi x0, x0, 0x0                        main+1552

clint mtime 0x000000000000038B (mip.MTI <- 0b1, mip.STI <- 0b0)
mem[X,0x0000000080000E34] -> 0x0013
mem[X,0x0000000080000E36] -> 0x0000
[1814] [M]: 0x0000000080000E34 (0x00000013) addi x0, x0, 0x0                        main+1556

mem[X,0x0000000080000E38] -> 0x0013
mem[X,0x0000000080000E3A] -> 0x0000
[1815] [M]: 0x0000000080000E38 (0x00000013) addi x0, x0, 0x0                        main+1560

clint mtime 0x000000000000038C (mip.MTI <- 0b1, mip.STI <- 0b0)
mem[X,0x0000000080000E3C] -> 0x0013
mem[X,0x0000000080000E3E] -> 0x0000
[1816] [M]: 0x0000000080000E3C (0x00000013) addi x0, x0, 0x0                        main+1564

mem[X,0x0000000080000E40] -> 0x4517
mem[X,0x0000000080000E42] -> 0x0000
[1817] [M]: 0x0000000080000E40 (0x00004517) auipc x10, 0x4                          main+1568
x10 <- 0x0000000080004E40

clint mtime 0x000000000000038D (mip.MTI <- 0b1, mip.STI <- 0b0)
mem[X,0x0000000080000E44] -> 0x0513
mem[X,0x0000000080000E46] -> 0x1C05
[1818] [M]: 0x0000000080000E44 (0x1C050513) addi x10, x10, 0x1c0                    main+1572
x10 <- 0x0000000080005000

mem[X,0x0000000080000E48] -> 0x0001
[1819] [M]: 0x0000000080000E48 (0x0001) c.nop                                       main+1576

clint mtime 0x000000000000038E (mip.MTI <- 0b1, mip.STI <- 0b0)
mem[X,0x0000000080000E4A] -> 0x0013
mem[X,0x0000000080000E4C] -> 0x0000
[1820] [M]: 0x0000000080000E4A (0x00000013) addi x0, x0, 0x0                        main+1578

mem[X,0x0000000080000E4E] -> 0x0013
mem[X,0x0000000080000E50] -> 0x0000
[1821] [M]: 0x0000000080000E4E (0x00000013) addi x0, x0, 0x0                        main+1582

clint mtime 0x000000000000038F (mip.MTI <- 0b1, mip.STI <- 0b0)
mem[X,0x0000000080000E52] -> 0x0013
mem[X,0x0000000080000E54] -> 0x0000
[1822] [M]: 0x0000000080000E52 (0x00000013) addi x0, x0, 0x0                        main+1586

mem[X,0x0000000080000E56] -> 0x0013
mem[X,0x0000000080000E58] -> 0x0000
[1823] [M]: 0x0000000080000E56 (0x00000013) addi x0, x0, 0x0                        main+1590

clint mtime 0x0000000000000390 (mip.MTI <- 0b1, mip.STI <- 0b0)
mem[X,0x0000000080000E5A] -> 0x0013
mem[X,0x0000000080000E5C] -> 0x0000
[1824] [M]: 0x0000000080000E5A (0x00000013) addi x0, x0, 0x0                        main+1594

mem[X,0x0000000080000E5E] -> 0x0001
[1825] [M]: 0x0000000080000E5E (0x0001) c.nop                                       main+1598

clint mtime 0x0000000000000391 (mip.MTI <- 0b1, mip.STI <- 0b0)
mem[X,0x0000000080000E60] -> 0x0593
mem[X,0x0000000080000E62] -> 0x0010
[1826] [M]: 0x0000000080000E60 (0x00100593) addi x11, x0, 0x1                       main+1600
x11 <- 0x0000000000000001

mem[X,0x0000000080000E64] -> 0x5513
mem[X,0x0000000080000E66] -> 0x00C5
[1827] [M]: 0x0000000080000E64 (0x00C55513) srli x10, x10, 0xc                      main+1604
x10 <- 0x0000000000080005

clint mtime 0x0000000000000392 (mip.MTI <- 0b1, mip.STI <- 0b0)
mem[X,0x0000000080000E68] -> 0x1513
mem[X,0x0000000080000E6A] -> 0x00A5
[1828] [M]: 0x0000000080000E68 (0x00A51513) slli x10, x10, 0xa                      main+1608
x10 <- 0x0000000020001400

mem[X,0x0000000080000E6C] -> 0x6533
mem[X,0x0000000080000E6E] -> 0x00B5
[1829] [M]: 0x0000000080000E6C (0x00B56533) or x10, x10, x11                        main+1612
x10 <- 0x0000000020001401

clint mtime 0x0000000000000393 (mip.MTI <- 0b1, mip.STI <- 0b0)
mem[X,0x0000000080000E70] -> 0x0013
mem[X,0x0000000080000E72] -> 0x0000
[1830] [M]: 0x0000000080000E70 (0x00000013) addi x0, x0, 0x0                        main+1616

mem[X,0x0000000080000E74] -> 0x0013
mem[X,0x0000000080000E76] -> 0x0000
[1831] [M]: 0x0000000080000E74 (0x00000013) addi x0, x0, 0x0                        main+1620

clint mtime 0x0000000000000394 (mip.MTI <- 0b1, mip.STI <- 0b0)
mem[X,0x0000000080000E78] -> 0x0013
mem[X,0x0000000080000E7A] -> 0x0000
[1832] [M]: 0x0000000080000E78 (0x00000013) addi x0, x0, 0x0                        main+1624

mem[X,0x0000000080000E7C] -> 0x0013
mem[X,0x0000000080000E7E] -> 0x0000
[1833] [M]: 0x0000000080000E7C (0x00000013) addi x0, x0, 0x0                        main+1628

clint mtime 0x0000000000000395 (mip.MTI <- 0b1, mip.STI <- 0b0)
mem[X,0x0000000080000E80] -> 0x5317
mem[X,0x0000000080000E82] -> 0x0000
[1834] [M]: 0x0000000080000E80 (0x00005317) auipc x6, 0x5                           main+1632
x6 <- 0x0000000080005E80

mem[X,0x0000000080000E84] -> 0x0313
mem[X,0x0000000080000E86] -> 0x1803
[1835] [M]: 0x0000000080000E84 (0x18030313) addi x6, x6, 0x180                      main+1636
x6 <- 0x0000000080006000

clint mtime 0x0000000000000396 (mip.MTI <- 0b1, mip.STI <- 0b0)
mem[X,0x0000000080000E88] -> 0x0001
[1836] [M]: 0x0000000080000E88 (0x0001) c.nop                                       main+1640

mem[X,0x0000000080000E8A] -> 0x0013
mem[X,0x0000000080000E8C] -> 0x0000
[1837] [M]: 0x0000000080000E8A (0x00000013) addi x0, x0, 0x0                        main+1642

clint mtime 0x0000000000000397 (mip.MTI <- 0b1, mip.STI <- 0b0)
mem[X,0x0000000080000E8E] -> 0x0013
mem[X,0x0000000080000E90] -> 0x0000
[1838] [M]: 0x0000000080000E8E (0x00000013) addi x0, x0, 0x0                        main+1646

mem[X,0x0000000080000E92] -> 0x0013
mem[X,0x0000000080000E94] -> 0x0000
[1839] [M]: 0x0000000080000E92 (0x00000013) addi x0, x0, 0x0                        main+1650

clint mtime 0x0000000000000398 (mip.MTI <- 0b1, mip.STI <- 0b0)
mem[X,0x0000000080000E96] -> 0x0013
mem[X,0x0000000080000E98] -> 0x0000
[1840] [M]: 0x0000000080000E96 (0x00000013) addi x0, x0, 0x0                        main+1654

mem[X,0x0000000080000E9A] -> 0x0013
mem[X,0x0000000080000E9C] -> 0x0000
[1841] [M]: 0x0000000080000E9A (0x00000013) addi x0, x0, 0x0                        main+1658

clint mtime 0x0000000000000399 (mip.MTI <- 0b1, mip.STI <- 0b0)
mem[X,0x0000000080000E9E] -> 0x0001
[1842] [M]: 0x0000000080000E9E (0x0001) c.nop                                       main+1662

mem[X,0x0000000080000EA0] -> 0x0293
mem[X,0x0000000080000EA2] -> 0x0000
[1843] [M]: 0x0000000080000EA0 (0x00000293) addi x5, x0, 0x0                        main+1664
x5 <- 0x0000000000000000

clint mtime 0x000000000000039A (mip.MTI <- 0b1, mip.STI <- 0b0)
mem[X,0x0000000080000EA4] -> 0x0333
mem[X,0x0000000080000EA6] -> 0x0053
[1844] [M]: 0x0000000080000EA4 (0x00530333) add x6, x6, x5                          main+1668
x6 <- 0x0000000080006000

mem[X,0x0000000080000EA8] -> 0x3023
mem[X,0x0000000080000EAA] -> 0x00A3
[1845] [M]: 0x0000000080000EA8 (0x00A33023) sd x10, 0x0(x6)                         main+1672
mem[W,0x0000000080006000] <- 0x0000000020001401

clint mtime 0x000000000000039B (mip.MTI <- 0b1, mip.STI <- 0b0)
mem[X,0x0000000080000EAC] -> 0x0013
mem[X,0x0000000080000EAE] -> 0x0000
[1846] [M]: 0x0000000080000EAC (0x00000013) addi x0, x0, 0x0                        main+1676

mem[X,0x0000000080000EB0] -> 0x0013
mem[X,0x0000000080000EB2] -> 0x0000
[1847] [M]: 0x0000000080000EB0 (0x00000013) addi x0, x0, 0x0                        main+1680

clint mtime 0x000000000000039C (mip.MTI <- 0b1, mip.STI <- 0b0)
mem[X,0x0000000080000EB4] -> 0x0013
mem[X,0x0000000080000EB6] -> 0x0000
[1848] [M]: 0x0000000080000EB4 (0x00000013) addi x0, x0, 0x0                        main+1684

mem[X,0x0000000080000EB8] -> 0x0013
mem[X,0x0000000080000EBA] -> 0x0000
[1849] [M]: 0x0000000080000EB8 (0x00000013) addi x0, x0, 0x0                        main+1688

clint mtime 0x000000000000039D (mip.MTI <- 0b1, mip.STI <- 0b0)
mem[X,0x0000000080000EBC] -> 0x0013
mem[X,0x0000000080000EBE] -> 0x0000
[1850] [M]: 0x0000000080000EBC (0x00000013) addi x0, x0, 0x0                        main+1692

mem[X,0x0000000080000EC0] -> 0xF517
mem[X,0x0000000080000EC2] -> 0xFFFF
[1851] [M]: 0x0000000080000EC0 (0xFFFFF517) auipc x10, -0x1                         main+1696
x10 <- 0x000000007FFFFEC0

clint mtime 0x000000000000039E (mip.MTI <- 0b1, mip.STI <- 0b0)
mem[X,0x0000000080000EC4] -> 0x0513
mem[X,0x0000000080000EC6] -> 0x5445
[1852] [M]: 0x0000000080000EC4 (0x54450513) addi x10, x10, 0x544                    main+1700
x10 <- 0x0000000080000404

mem[X,0x0000000080000EC8] -> 0x0001
[1853] [M]: 0x0000000080000EC8 (0x0001) c.nop                                       main+1704

clint mtime 0x000000000000039F (mip.MTI <- 0b1, mip.STI <- 0b0)
mem[X,0x0000000080000ECA] -> 0x0013
mem[X,0x0000000080000ECC] -> 0x0000
[1854] [M]: 0x0000000080000ECA (0x00000013) addi x0, x0, 0x0                        main+1706

mem[X,0x0000000080000ECE] -> 0x0013
mem[X,0x0000000080000ED0] -> 0x0000
[1855] [M]: 0x0000000080000ECE (0x00000013) addi x0, x0, 0x0                        main+1710

clint mtime 0x00000000000003A0 (mip.MTI <- 0b1, mip.STI <- 0b0)
mem[X,0x0000000080000ED2] -> 0x0013
mem[X,0x0000000080000ED4] -> 0x0000
[1856] [M]: 0x0000000080000ED2 (0x00000013) addi x0, x0, 0x0                        main+1714

mem[X,0x0000000080000ED6] -> 0x0013
mem[X,0x0000000080000ED8] -> 0x0000
[1857] [M]: 0x0000000080000ED6 (0x00000013) addi x0, x0, 0x0                        main+1718

clint mtime 0x00000000000003A1 (mip.MTI <- 0b1, mip.STI <- 0b0)
mem[X,0x0000000080000EDA] -> 0x0013
mem[X,0x0000000080000EDC] -> 0x0000
[1858] [M]: 0x0000000080000EDA (0x00000013) addi x0, x0, 0x0                        main+1722

mem[X,0x0000000080000EDE] -> 0x0001
[1859] [M]: 0x0000000080000EDE (0x0001) c.nop                                       main+1726

clint mtime 0x00000000000003A2 (mip.MTI <- 0b1, mip.STI <- 0b0)
mem[X,0x0000000080000EE0] -> 0x0593
mem[X,0x0000000080000EE2] -> 0x0CF0
[1860] [M]: 0x0000000080000EE0 (0x0CF00593) addi x11, x0, 0xcf                      main+1728
x11 <- 0x00000000000000CF

mem[X,0x0000000080000EE4] -> 0x5513
mem[X,0x0000000080000EE6] -> 0x00C5
[1861] [M]: 0x0000000080000EE4 (0x00C55513) srli x10, x10, 0xc                      main+1732
x10 <- 0x0000000000080000

clint mtime 0x00000000000003A3 (mip.MTI <- 0b1, mip.STI <- 0b0)
mem[X,0x0000000080000EE8] -> 0x1513
mem[X,0x0000000080000EEA] -> 0x00A5
[1862] [M]: 0x0000000080000EE8 (0x00A51513) slli x10, x10, 0xa                      main+1736
x10 <- 0x0000000020000000

mem[X,0x0000000080000EEC] -> 0x6533
mem[X,0x0000000080000EEE] -> 0x00B5
[1863] [M]: 0x0000000080000EEC (0x00B56533) or x10, x10, x11                        main+1740
x10 <- 0x00000000200000CF

clint mtime 0x00000000000003A4 (mip.MTI <- 0b1, mip.STI <- 0b0)
mem[X,0x0000000080000EF0] -> 0x0013
mem[X,0x0000000080000EF2] -> 0x0000
[1864] [M]: 0x0000000080000EF0 (0x00000013) addi x0, x0, 0x0                        main+1744

mem[X,0x0000000080000EF4] -> 0x0013
mem[X,0x0000000080000EF6] -> 0x0000
[1865] [M]: 0x0000000080000EF4 (0x00000013) addi x0, x0, 0x0                        main+1748

clint mtime 0x00000000000003A5 (mip.MTI <- 0b1, mip.STI <- 0b0)
mem[X,0x0000000080000EF8] -> 0x0013
mem[X,0x0000000080000EFA] -> 0x0000
[1866] [M]: 0x0000000080000EF8 (0x00000013) addi x0, x0, 0x0                        main+1752

mem[X,0x0000000080000EFC] -> 0x0013
mem[X,0x0000000080000EFE] -> 0x0000
[1867] [M]: 0x0000000080000EFC (0x00000013) addi x0, x0, 0x0                        main+1756

clint mtime 0x00000000000003A6 (mip.MTI <- 0b1, mip.STI <- 0b0)
mem[X,0x0000000080000F00] -> 0x4317
mem[X,0x0000000080000F02] -> 0x0000
[1868] [M]: 0x0000000080000F00 (0x00004317) auipc x6, 0x4                           main+1760
x6 <- 0x0000000080004F00

mem[X,0x0000000080000F04] -> 0x0313
mem[X,0x0000000080000F06] -> 0x1003
[1869] [M]: 0x0000000080000F04 (0x10030313) addi x6, x6, 0x100                      main+1764
x6 <- 0x0000000080005000

clint mtime 0x00000000000003A7 (mip.MTI <- 0b1, mip.STI <- 0b0)
mem[X,0x0000000080000F08] -> 0x0001
[1870] [M]: 0x0000000080000F08 (0x0001) c.nop                                       main+1768

mem[X,0x0000000080000F0A] -> 0x0013
mem[X,0x0000000080000F0C] -> 0x0000
[1871] [M]: 0x0000000080000F0A (0x00000013) addi x0, x0, 0x0                        main+1770

clint mtime 0x00000000000003A8 (mip.MTI <- 0b1, mip.STI <- 0b0)
mem[X,0x0000000080000F0E] -> 0x0013
mem[X,0x0000000080000F10] -> 0x0000
[1872] [M]: 0x0000000080000F0E (0x00000013) addi x0, x0, 0x0                        main+1774

mem[X,0x0000000080000F12] -> 0x0013
mem[X,0x0000000080000F14] -> 0x0000
[1873] [M]: 0x0000000080000F12 (0x00000013) addi x0, x0, 0x0                        main+1778

clint mtime 0x00000000000003A9 (mip.MTI <- 0b1, mip.STI <- 0b0)
mem[X,0x0000000080000F16] -> 0x0013
mem[X,0x0000000080000F18] -> 0x0000
[1874] [M]: 0x0000000080000F16 (0x00000013) addi x0, x0, 0x0                        main+1782

mem[X,0x0000000080000F1A] -> 0x0013
mem[X,0x0000000080000F1C] -> 0x0000
[1875] [M]: 0x0000000080000F1A (0x00000013) addi x0, x0, 0x0                        main+1786

clint mtime 0x00000000000003AA (mip.MTI <- 0b1, mip.STI <- 0b0)
mem[X,0x0000000080000F1E] -> 0x0001
[1876] [M]: 0x0000000080000F1E (0x0001) c.nop                                       main+1790

mem[X,0x0000000080000F20] -> 0x0293
mem[X,0x0000000080000F22] -> 0x0000
[1877] [M]: 0x0000000080000F20 (0x00000293) addi x5, x0, 0x0                        main+1792
x5 <- 0x0000000000000000

clint mtime 0x00000000000003AB (mip.MTI <- 0b1, mip.STI <- 0b0)
mem[X,0x0000000080000F24] -> 0x0333
mem[X,0x0000000080000F26] -> 0x0053
[1878] [M]: 0x0000000080000F24 (0x00530333) add x6, x6, x5                          main+1796
x6 <- 0x0000000080005000

mem[X,0x0000000080000F28] -> 0x3023
mem[X,0x0000000080000F2A] -> 0x00A3
[1879] [M]: 0x0000000080000F28 (0x00A33023) sd x10, 0x0(x6)                         main+1800
mem[W,0x0000000080005000] <- 0x00000000200000CF

clint mtime 0x00000000000003AC (mip.MTI <- 0b1, mip.STI <- 0b0)
mem[X,0x0000000080000F2C] -> 0x0073
mem[X,0x0000000080000F2E] -> 0x1200
[1880] [M]: 0x0000000080000F2C (0x12000073) sfence.vma x0, x0                       main+1804

mem[X,0x0000000080000F30] -> 0x0493
mem[X,0x0000000080000F32] -> 0x0010
[1881] [M]: 0x0000000080000F30 (0x00100493) addi x9, x0, 0x1                        main+1808
x9 <- 0x0000000000000001

clint mtime 0x00000000000003AD (mip.MTI <- 0b1, mip.STI <- 0b0)
mem[X,0x0000000080000F34] -> 0x9493
mem[X,0x0000000080000F36] -> 0x00B4
[1882] [M]: 0x0000000080000F34 (0x00B49493) slli x9, x9, 0xb                        main+1812
x9 <- 0x0000000000000800

mem[X,0x0000000080000F38] -> 0xB073
mem[X,0x0000000080000F3A] -> 0x3004
[1883] [M]: 0x0000000080000F38 (0x3004B073) csrrc x0, mstatus, x9                   main+1816
CSR mstatus (0x300) <- 0x0000000A00000000

clint mtime 0x00000000000003AE (mip.MTI <- 0b1, mip.STI <- 0b0)
mem[X,0x0000000080000F3C] -> 0x0493
mem[X,0x0000000080000F3E] -> 0x0010
[1884] [M]: 0x0000000080000F3C (0x00100493) addi x9, x0, 0x1                        main+1820
x9 <- 0x0000000000000001

mem[X,0x0000000080000F40] -> 0x9493
mem[X,0x0000000080000F42] -> 0x00B4
[1885] [M]: 0x0000000080000F40 (0x00B49493) slli x9, x9, 0xb                        main+1824
x9 <- 0x0000000000000800

clint mtime 0x00000000000003AF (mip.MTI <- 0b1, mip.STI <- 0b0)
mem[X,0x0000000080000F44] -> 0xA073
mem[X,0x0000000080000F46] -> 0x3004
[1886] [M]: 0x0000000080000F44 (0x3004A073) csrrs x0, mstatus, x9                   main+1828
CSR mstatus (0x300) <- 0x0000000A00000800

mem[X,0x0000000080000F48] -> 0x23F3
mem[X,0x0000000080000F4A] -> 0x3400
[1887] [M]: 0x0000000080000F48 (0x340023F3) csrrs x7, mscratch, x0                  main+1832
CSR mscratch (0x340) -> 0x0000000080004000
x7 <- 0x0000000080004000

clint mtime 0x00000000000003B0 (mip.MTI <- 0b1, mip.STI <- 0b0)
mem[X,0x0000000080000F4C] -> 0xB303
mem[X,0x0000000080000F4E] -> 0x4703
[1888] [M]: 0x0000000080000F4C (0x4703B303) ld x6, 0x470(x7)                        main+1836
mem[R,0x0000000080004470] -> 0x00000001800007DC
x6 <- 0x00000001800007DC

mem[X,0x0000000080000F50] -> 0xB483
mem[X,0x0000000080000F52] -> 0x1D83
[1889] [M]: 0x0000000080000F50 (0x1D83B483) ld x9, 0x1d8(x7)                        main+1840
mem[R,0x00000000800041D8] -> 0x00000000800007F4
x9 <- 0x00000000800007F4

clint mtime 0x00000000000003B1 (mip.MTI <- 0b1, mip.STI <- 0b0)
mem[X,0x0000000080000F54] -> 0x0333
mem[X,0x0000000080000F56] -> 0x4093
[1890] [M]: 0x0000000080000F54 (0x40930333) sub x6, x6, x9                          main+1844
x6 <- 0x00000000FFFFFFE8

mem[X,0x0000000080000F58] -> 0x0313
mem[X,0x0000000080000F5A] -> 0x0103
[1891] [M]: 0x0000000080000F58 (0x01030313) addi x6, x6, 0x10                       main+1848
x6 <- 0x00000000FFFFFFF8

clint mtime 0x00000000000003B2 (mip.MTI <- 0b1, mip.STI <- 0b0)
mem[X,0x0000000080000F5C] -> 0x0497
mem[X,0x0000000080000F5E] -> 0x0000
[1892] [M]: 0x0000000080000F5C (0x00000497) auipc x9, 0x0                           main+1852
x9 <- 0x0000000080000F5C

mem[X,0x0000000080000F60] -> 0x84B3
mem[X,0x0000000080000F62] -> 0x0064
[1893] [M]: 0x0000000080000F60 (0x006484B3) add x9, x9, x6                          main+1856
x9 <- 0x0000000180000F54

clint mtime 0x00000000000003B3 (mip.MTI <- 0b1, mip.STI <- 0b0)
mem[X,0x0000000080000F64] -> 0x94F3
mem[X,0x0000000080000F66] -> 0x3414
[1894] [M]: 0x0000000080000F64 (0x341494F3) csrrw x9, mepc, x9                      main+1860
CSR mepc (0x341) <- 0x0000000180000F54
x9 <- 0x0000000180000D9C

mem[X,0x0000000080000F68] -> 0x0073
mem[X,0x0000000080000F6A] -> 0x3020
[1895] [M]: 0x0000000080000F68 (0x30200073) mret                                    main+1864
CSR mstatus (0x300) <- 0x0000000A00000080
ret-ing from M to S

clint mtime 0x00000000000003B4 (mip.MTI <- 0b1, mip.STI <- 0b0)
PTW: Start, vpn=0x180000, access_type=X, privilege=Smem[R,0x0000000080007030] -> 0x00000000200000CB
PTW: Step, level=2, pte=0x200000CB, pte_addr=0x80007030
PTW: Success, final_ppn=0x80000, level=2mem[X,0x0000000080000F54] -> 0x0333
mem[X,0x0000000080000F56] -> 0x4093
[1896] [S]: 0x0000000180000F54 (0x40930333) sub x6, x6, x9                          va_rvtest_code_begin+1912
x6 <- 0xFFFFFFFF7FFFF25C

mem[X,0x0000000080000F58] -> 0x0313
mem[X,0x0000000080000F5A] -> 0x0103
[1897] [S]: 0x0000000180000F58 (0x01030313) addi x6, x6, 0x10                       va_rvtest_code_begin+1916
x6 <- 0xFFFFFFFF7FFFF26C

clint mtime 0x00000000000003B5 (mip.MTI <- 0b1, mip.STI <- 0b0)
mem[X,0x0000000080000F5C] -> 0x0497
mem[X,0x0000000080000F5E] -> 0x0000
[1898] [S]: 0x0000000180000F5C (0x00000497) auipc x9, 0x0                           va_rvtest_code_begin+1920
x9 <- 0x0000000180000F5C

mem[X,0x0000000080000F60] -> 0x84B3
mem[X,0x0000000080000F62] -> 0x0064
[1899] [S]: 0x0000000180000F60 (0x006484B3) add x9, x9, x6                          va_rvtest_code_begin+1924
x9 <- 0x00000001000001C8

clint mtime 0x00000000000003B6 (mip.MTI <- 0b1, mip.STI <- 0b0)
mem[X,0x0000000080000F64] -> 0x94F3
mem[X,0x0000000080000F66] -> 0x3414
[1900] [S]: 0x0000000180000F64 (0x341494F3) csrrw x9, mepc, x9                      va_rvtest_code_begin+1928
trapping from S to M to handle illegal-instruction
handling exc#illegal-instruction at priv M with tval 0x00000000341494F3
CSR mstatus (0x300) <- 0x0000000A00000800
CSR mcause (0x342) <- 0x0000000000000002
CSR mtval (0x343) <- 0x00000000341494F3
CSR mepc (0x341) <- 0x0000000180000F64

mem[X,0x0000000080001100] -> 0x006F
mem[X,0x0000000080001102] -> 0x1000
[1901] [M]: 0x0000000080001100 (0x1000006F) jal x0, 0x100                           Mtrampoline+0

clint mtime 0x00000000000003B7 (mip.MTI <- 0b1, mip.STI <- 0b0)
mem[X,0x0000000080001200] -> 0x1173
mem[X,0x0000000080001202] -> 0x3401
[1902] [M]: 0x0000000080001200 (0x34011173) csrrw x2, mscratch, x2                  trap_Mhandler+0
CSR mscratch (0x340) <- 0x0000000000000000
x2 <- 0x0000000080004000

mem[X,0x0000000080001204] -> 0x3423
mem[X,0x0000000080001206] -> 0x28B1
[1903] [M]: 0x0000000080001204 (0x28B13423) sd x11, 0x288(x2)                       trap_Mhandler+4
mem[W,0x0000000080004288] <- 0x00000000000000CF

clint mtime 0x00000000000003B8 (mip.MTI <- 0b1, mip.STI <- 0b0)
mem[X,0x0000000080001208] -> 0x05EF
mem[X,0x000000008000120A] -> 0x0B80
[1904] [M]: 0x0000000080001208 (0x0B8005EF) jal x11, 0xb8                           trap_Mhandler+8
x11 <- 0x000000008000120C

mem[X,0x00000000800012C0] -> 0x3023
mem[X,0x00000000800012C2] -> 0x28A1
[1905] [M]: 0x00000000800012C0 (0x28A13023) sd x10, 0x280(x2)                       common_Mhandler+0
mem[W,0x0000000080004280] <- 0x00000000200000CF

clint mtime 0x00000000000003B9 (mip.MTI <- 0b1, mip.STI <- 0b0)
mem[X,0x00000000800012C4] -> 0x1573
mem[X,0x00000000800012C6] -> 0x3401
[1906] [M]: 0x00000000800012C4 (0x34011573) csrrw x10, mscratch, x2                 common_Mhandler+4
CSR mscratch (0x340) <- 0x0000000080004000
x10 <- 0x0000000000000000

mem[X,0x00000000800012C8] -> 0x3823
mem[X,0x00000000800012CA] -> 0x28A1
[1907] [M]: 0x00000000800012C8 (0x28A13823) sd x10, 0x290(x2)                       common_Mhandler+8
mem[W,0x0000000080004290] <- 0x0000000000000000

clint mtime 0x00000000000003BA (mip.MTI <- 0b1, mip.STI <- 0b0)
mem[X,0x00000000800012CC] -> 0x3503
mem[X,0x00000000800012CE] -> 0x2301
[1908] [M]: 0x00000000800012CC (0x23013503) ld x10, 0x230(x2)                       common_Mhandler+12
mem[R,0x0000000080004230] -> 0x00000000800012D4
x10 <- 0x00000000800012D4

mem[X,0x00000000800012D0] -> 0x0067
mem[X,0x00000000800012D2] -> 0x0005
[1909] [M]: 0x00000000800012D0 (0x00050067) jalr x0, 0x0(x10)                       common_Mhandler+16

clint mtime 0x00000000000003BB (mip.MTI <- 0b1, mip.STI <- 0b0)
mem[X,0x00000000800012D4] -> 0x3C23
mem[X,0x00000000800012D6] -> 0x2691
[1910] [M]: 0x00000000800012D4 (0x26913C23) sd x9, 0x278(x2)                        common_Mentry+0
mem[W,0x0000000080004278] <- 0x00000001000001C8

mem[X,0x00000000800012D8] -> 0x3823
mem[X,0x00000000800012DA] -> 0x2681
[1911] [M]: 0x00000000800012D8 (0x26813823) sd x8, 0x270(x2)                        common_Mentry+4
mem[W,0x0000000080004270] <- 0x0000000000007F76

clint mtime 0x00000000000003BC (mip.MTI <- 0b1, mip.STI <- 0b0)
mem[X,0x00000000800012DC] -> 0x3423
mem[X,0x00000000800012DE] -> 0x2671
[1912] [M]: 0x00000000800012DC (0x26713423) sd x7, 0x268(x2)                        common_Mentry+8
mem[W,0x0000000080004268] <- 0x0000000080004000

mem[X,0x00000000800012E0] -> 0x3023
mem[X,0x00000000800012E2] -> 0x2661
[1913] [M]: 0x00000000800012E0 (0x26613023) sd x6, 0x260(x2)                        common_Mentry+12
mem[W,0x0000000080004260] <- 0xFFFFFFFF7FFFF26C

clint mtime 0x00000000000003BD (mip.MTI <- 0b1, mip.STI <- 0b0)
mem[X,0x00000000800012E4] -> 0x2573
mem[X,0x00000000800012E6] -> 0x3420
[1914] [M]: 0x00000000800012E4 (0x34202573) csrrs x10, mcause, x0                   spcl_M2mmode_test+0
CSR mcause (0x342) -> 0x0000000000000002
x10 <- 0x0000000000000002

mem[X,0x00000000800012E8] -> 0x04B7
mem[X,0x00000000800012EA] -> 0x8000
[1915] [M]: 0x00000000800012E8 (0x800004B7) lui x9, -0x80000                        spcl_M2mmode_test+4
x9 <- 0xFFFFFFFF80000000

clint mtime 0x00000000000003BE (mip.MTI <- 0b1, mip.STI <- 0b0)
mem[X,0x00000000800012EC] -> 0x8493
mem[X,0x00000000800012EE] -> 0x0004
[1916] [M]: 0x00000000800012EC (0x00048493) addi x9, x9, 0x0                        spcl_M2mmode_test+8
x9 <- 0xFFFFFFFF80000000

mem[X,0x00000000800012F0] -> 0x9493
mem[X,0x00000000800012F2] -> 0x00B4
[1917] [M]: 0x00000000800012F0 (0x00B49493) slli x9, x9, 0xb                        spcl_M2mmode_test+12
x9 <- 0xFFFFFC0000000000

clint mtime 0x00000000000003BF (mip.MTI <- 0b1, mip.STI <- 0b0)
mem[X,0x00000000800012F4] -> 0x8493
mem[X,0x00000000800012F6] -> 0x0004
[1918] [M]: 0x00000000800012F4 (0x00048493) addi x9, x9, 0x0                        spcl_M2mmode_test+16
x9 <- 0xFFFFFC0000000000

mem[X,0x00000000800012F8] -> 0x9493
mem[X,0x00000000800012FA] -> 0x00B4
[1919] [M]: 0x00000000800012F8 (0x00B49493) slli x9, x9, 0xb                        spcl_M2mmode_test+20
x9 <- 0xFFE0000000000000

clint mtime 0x00000000000003C0 (mip.MTI <- 0b1, mip.STI <- 0b0)
mem[X,0x00000000800012FC] -> 0x8493
mem[X,0x00000000800012FE] -> 0x0034
[1920] [M]: 0x00000000800012FC (0x00348493) addi x9, x9, 0x3                        spcl_M2mmode_test+24
x9 <- 0xFFE0000000000003

mem[X,0x0000000080001300] -> 0x9493
mem[X,0x0000000080001302] -> 0x00A4
[1921] [M]: 0x0000000080001300 (0x00A49493) slli x9, x9, 0xa                        spcl_M2mmode_test+28
x9 <- 0x8000000000000C00

clint mtime 0x00000000000003C1 (mip.MTI <- 0b1, mip.STI <- 0b0)
mem[X,0x0000000080001304] -> 0x8493
mem[X,0x0000000080001306] -> 0x3FC4
[1922] [M]: 0x0000000080001304 (0x3FC48493) addi x9, x9, 0x3fc                      spcl_M2mmode_test+32
x9 <- 0x8000000000000FFC

mem[X,0x0000000080001308] -> 0xF4B3
mem[X,0x000000008000130A] -> 0x00A4
[1923] [M]: 0x0000000080001308 (0x00A4F4B3) and x9, x9, x10                         spcl_M2mmode_test+36
x9 <- 0x0000000000000000

clint mtime 0x00000000000003C2 (mip.MTI <- 0b1, mip.STI <- 0b0)
mem[X,0x000000008000130C] -> 0x8493
mem[X,0x000000008000130E] -> 0xFF84
[1924] [M]: 0x000000008000130C (0xFF848493) addi x9, x9, -0x8                       spcl_M2mmode_test+40
x9 <- 0xFFFFFFFFFFFFFFF8

mem[X,0x0000000080001310] -> 0x9663
mem[X,0x0000000080001312] -> 0x0004
[1925] [M]: 0x0000000080001310 (0x00049663) bne x9, x0, 0xc                         spcl_M2mmode_test+44

clint mtime 0x00000000000003C3 (mip.MTI <- 0b1, mip.STI <- 0b0)
mem[X,0x000000008000131C] -> 0x0393
mem[X,0x000000008000131E] -> 0x0200
[1926] [M]: 0x000000008000131C (0x02000393) addi x7, x0, 0x20                       Mtrapsig_ptr_upd+0
x7 <- 0x0000000000000020

mem[X,0x0000000080001320] -> 0x5263
mem[X,0x0000000080001322] -> 0x0405
[1927] [M]: 0x0000000080001320 (0x04055263) bge x10, x0, 0x44                       Mtrapsig_ptr_upd+4

clint mtime 0x00000000000003C4 (mip.MTI <- 0b1, mip.STI <- 0b0)
mem[X,0x0000000080001364] -> 0x2373
mem[X,0x0000000080001366] -> 0x3010
[1928] [M]: 0x0000000080001364 (0x30102373) csrrs x6, misa, x0                      Mxcpt_sig_sv+0
CSR misa (0x301) -> 0x800000000034112F
x6 <- 0x800000000034112F

mem[X,0x0000000080001368] -> 0x1313
mem[X,0x000000008000136A] -> 0x0383
[1929] [M]: 0x0000000080001368 (0x03831313) slli x6, x6, 0x38                       Mxcpt_sig_sv+4
x6 <- 0x2F00000000000000

clint mtime 0x00000000000003C5 (mip.MTI <- 0b1, mip.STI <- 0b0)
mem[X,0x000000008000136C] -> 0x5463
mem[X,0x000000008000136E] -> 0x0003
[1930] [M]: 0x000000008000136C (0x00035463) bge x6, x0, 0x8                         Mxcpt_sig_sv+8

mem[X,0x0000000080001374] -> 0x3303
mem[X,0x0000000080001376] -> 0x2181
[1931] [M]: 0x0000000080001374 (0x21813303) ld x6, 0x218(x2)                        Mtrap_sig_sv+0
mem[R,0x0000000080004218] -> 0x0000000080008418
x6 <- 0x0000000080008418

clint mtime 0x00000000000003C6 (mip.MTI <- 0b1, mip.STI <- 0b0)
mem[X,0x0000000080001378] -> 0x04B3
mem[X,0x000000008000137A] -> 0x0073
[1932] [M]: 0x0000000080001378 (0x007304B3) add x9, x6, x7                          Mtrap_sig_sv+4
x9 <- 0x0000000080008438

mem[X,0x000000008000137C] -> 0x3C23
mem[X,0x000000008000137E] -> 0x2091
[1933] [M]: 0x000000008000137C (0x20913C23) sd x9, 0x218(x2)                        Mtrap_sig_sv+8
mem[W,0x0000000080004218] <- 0x0000000080008438

clint mtime 0x00000000000003C7 (mip.MTI <- 0b1, mip.STI <- 0b0)
mem[X,0x0000000080001380] -> 0x3403
mem[X,0x0000000080001382] -> 0x1F81
[1934] [M]: 0x0000000080001380 (0x1F813403) ld x8, 0x1f8(x2)                        Mtrap_sig_sv+12
mem[R,0x00000000800041F8] -> 0x0000000080008110
x8 <- 0x0000000080008110

mem[X,0x0000000080001384] -> 0x0333
mem[X,0x0000000080001386] -> 0x4083
[1935] [M]: 0x0000000080001384 (0x40830333) sub x6, x6, x8                          Mtrap_sig_sv+16
x6 <- 0x0000000000000308

clint mtime 0x00000000000003C8 (mip.MTI <- 0b1, mip.STI <- 0b0)
mem[X,0x0000000080001388] -> 0x3403
mem[X,0x000000008000138A] -> 0x1F81
[1936] [M]: 0x0000000080001388 (0x1F813403) ld x8, 0x1f8(x2)                        Mtrap_sig_sv+20
mem[R,0x00000000800041F8] -> 0x0000000080008110
x8 <- 0x0000000080008110

mem[X,0x000000008000138C] -> 0x0333
mem[X,0x000000008000138E] -> 0x0083
[1937] [M]: 0x000000008000138C (0x00830333) add x6, x6, x8                          Mtrap_sig_sv+24
x6 <- 0x0000000080008418

clint mtime 0x00000000000003C9 (mip.MTI <- 0b1, mip.STI <- 0b0)
mem[X,0x0000000080001390] -> 0x3403
mem[X,0x0000000080001392] -> 0x2401
[1938] [M]: 0x0000000080001390 (0x24013403) ld x8, 0x240(x2)                        Mtrap_sig_sv+28
mem[R,0x0000000080004240] -> 0x0000000080001100
x8 <- 0x0000000080001100

mem[X,0x0000000080001394] -> 0x85B3
mem[X,0x0000000080001396] -> 0x4085
[1939] [M]: 0x0000000080001394 (0x408585B3) sub x11, x11, x8                        sv_Mvect+0
x11 <- 0x000000000000010C

clint mtime 0x00000000000003CA (mip.MTI <- 0b1, mip.STI <- 0b0)
mem[X,0x0000000080001398] -> 0x9593
mem[X,0x000000008000139A] -> 0x0045
[1940] [M]: 0x0000000080001398 (0x00459593) slli x11, x11, 0x4                      sv_Mvect+4
x11 <- 0x00000000000010C0

mem[X,0x000000008000139C] -> 0xE5B3
mem[X,0x000000008000139E] -> 0x0075
[1941] [M]: 0x000000008000139C (0x0075E5B3) or x11, x11, x7                         sv_Mvect+8
x11 <- 0x00000000000010E0

clint mtime 0x00000000000003CB (mip.MTI <- 0b1, mip.STI <- 0b0)
mem[X,0x00000000800013A0] -> 0x8593
mem[X,0x00000000800013A2] -> 0x0035
[1942] [M]: 0x00000000800013A0 (0x00358593) addi x11, x11, 0x3                      sv_Mvect+12
x11 <- 0x00000000000010E3

mem[X,0x00000000800013A4] -> 0x3023
mem[X,0x00000000800013A6] -> 0x00B3
[1943] [M]: 0x00000000800013A4 (0x00B33023) sd x11, 0x0(x6)                         sv_Mvect+16
mem[W,0x0000000080008418] <- 0x00000000000010E3

clint mtime 0x00000000000003CC (mip.MTI <- 0b1, mip.STI <- 0b0)
mem[X,0x00000000800013A8] -> 0x3423
mem[X,0x00000000800013AA] -> 0x00A3
[1944] [M]: 0x00000000800013A8 (0x00A33423) sd x10, 0x8(x6)                         sv_Mcause+0
mem[W,0x0000000080008420] <- 0x0000000000000002

mem[X,0x00000000800013AC] -> 0x4663
mem[X,0x00000000800013AE] -> 0x1A05
[1945] [M]: 0x00000000800013AC (0x1A054663) blt x10, x0, 0x1ac                      sv_Mcause+4

clint mtime 0x00000000000003CD (mip.MTI <- 0b1, mip.STI <- 0b0)
mem[X,0x00000000800013B0] -> 0x25F3
mem[X,0x00000000800013B2] -> 0x3000
[1946] [M]: 0x00000000800013B0 (0x300025F3) csrrs x11, mstatus, x0                  common_Mexcpt_handler+0
CSR mstatus (0x300) -> 0x0000000A00000800
x11 <- 0x0000000A00000800

mem[X,0x00000000800013B4] -> 0x9413
mem[X,0x00000000800013B6] -> 0x02E5
[1947] [M]: 0x00000000800013B4 (0x02E59413) slli x8, x11, 0x2e                      common_Mexcpt_handler+4
x8 <- 0x0200000000000000

clint mtime 0x00000000000003CE (mip.MTI <- 0b1, mip.STI <- 0b0)
mem[X,0x00000000800013B8] -> 0x5463
mem[X,0x00000000800013BA] -> 0x0004
[1948] [M]: 0x00000000800013B8 (0x00045463) bge x8, x0, 0x8                         common_Mexcpt_handler+8

mem[X,0x00000000800013C0] -> 0xD493
mem[X,0x00000000800013C2] -> 0x00B5
[1949] [M]: 0x00000000800013C0 (0x00B5D493) srli x9, x11, 0xb                       common_Mexcpt_handler+16
x9 <- 0x0000000001400001

clint mtime 0x00000000000003CF (mip.MTI <- 0b1, mip.STI <- 0b0)
mem[X,0x00000000800013C4] -> 0xF493
mem[X,0x00000000800013C6] -> 0x0034
[1950] [M]: 0x00000000800013C4 (0x0034F493) andi x9, x9, 0x3                        common_Mexcpt_handler+20
x9 <- 0x0000000000000001

mem[X,0x00000000800013C8] -> 0x8493
mem[X,0x00000000800013CA] -> 0x0014
[1951] [M]: 0x00000000800013C8 (0x00148493) addi x9, x9, 0x1                        common_Mexcpt_handler+24
x9 <- 0x0000000000000002

clint mtime 0x00000000000003D0 (mip.MTI <- 0b1, mip.STI <- 0b0)
mem[X,0x00000000800013CC] -> 0xF493
mem[X,0x00000000800013CE] -> 0x0044
[1952] [M]: 0x00000000800013CC (0x0044F493) andi x9, x9, 0x4                        common_Mexcpt_handler+28
x9 <- 0x0000000000000000

mem[X,0x00000000800013D0] -> 0x0593
mem[X,0x00000000800013D2] -> 0x05D0
[1953] [M]: 0x00000000800013D0 (0x05D00593) addi x11, x0, 0x5d                      common_Mexcpt_handler+32
x11 <- 0x000000000000005D

clint mtime 0x00000000000003D1 (mip.MTI <- 0b1, mip.STI <- 0b0)
mem[X,0x00000000800013D4] -> 0xD5B3
mem[X,0x00000000800013D6] -> 0x0095
[1954] [M]: 0x00000000800013D4 (0x0095D5B3) srl x11, x11, x9                        common_Mexcpt_handler+36
x11 <- 0x000000000000005D

mem[X,0x00000000800013D8] -> 0xF593
mem[X,0x00000000800013DA] -> 0x0015
[1955] [M]: 0x00000000800013D8 (0x0015F593) andi x11, x11, 0x1                      common_Mexcpt_handler+40
x11 <- 0x0000000000000001

clint mtime 0x00000000000003D2 (mip.MTI <- 0b1, mip.STI <- 0b0)
mem[X,0x00000000800013DC] -> 0x8EE3
mem[X,0x00000000800013DE] -> 0xF405
[1956] [M]: 0x00000000800013DC (0xF4058EE3) beq x11, x0, -0xa4                      common_Mexcpt_handler+44

mem[X,0x00000000800013E0] -> 0x0593
mem[X,0x00000000800013E2] -> 0x2980
[1957] [M]: 0x00000000800013E0 (0x29800593) addi x11, x0, 0x298                     common_Mexcpt_handler+48
x11 <- 0x0000000000000298

clint mtime 0x00000000000003D3 (mip.MTI <- 0b1, mip.STI <- 0b0)
mem[X,0x00000000800013E4] -> 0xF413
mem[X,0x00000000800013E6] -> 0x0014
[1958] [M]: 0x00000000800013E4 (0x0014F413) andi x8, x9, 0x1                        common_Mexcpt_handler+52
x8 <- 0x0000000000000000

mem[X,0x00000000800013E8] -> 0x95B3
mem[X,0x00000000800013EA] -> 0x0085
[1959] [M]: 0x00000000800013E8 (0x008595B3) sll x11, x11, x8                        common_Mexcpt_handler+56
x11 <- 0x0000000000000298

clint mtime 0x00000000000003D4 (mip.MTI <- 0b1, mip.STI <- 0b0)
mem[X,0x00000000800013EC] -> 0x9413
mem[X,0x00000000800013EE] -> 0x03D4
[1960] [M]: 0x00000000800013EC (0x03D49413) slli x8, x9, 0x3d                       common_Mexcpt_handler+60
x8 <- 0x0000000000000000

mem[X,0x00000000800013F0] -> 0x5413
mem[X,0x00000000800013F2] -> 0x43F4
[1961] [M]: 0x00000000800013F0 (0x43F45413) srai x8, x8, 0x3f                       common_Mexcpt_handler+64
x8 <- 0x0000000000000000

clint mtime 0x00000000000003D5 (mip.MTI <- 0b1, mip.STI <- 0b0)
mem[X,0x00000000800013F4] -> 0x4413
mem[X,0x00000000800013F6] -> 0xFFF4
[1962] [M]: 0x00000000800013F4 (0xFFF44413) xori x8, x8, -0x1                       common_Mexcpt_handler+68
x8 <- 0xFFFFFFFFFFFFFFFF

mem[X,0x00000000800013F8] -> 0xF4B3
mem[X,0x00000000800013FA] -> 0x0085
[1963] [M]: 0x00000000800013F8 (0x0085F4B3) and x9, x11, x8                         common_Mexcpt_handler+72
x9 <- 0x0000000000000298

clint mtime 0x00000000000003D6 (mip.MTI <- 0b1, mip.STI <- 0b0)
mem[X,0x00000000800013FC] -> 0x84B3
mem[X,0x00000000800013FE] -> 0x0024
[1964] [M]: 0x00000000800013FC (0x002484B3) add x9, x9, x2                          vmem_adj_Mepc+0
x9 <- 0x0000000080004298

mem[X,0x0000000080001400] -> 0x23F3
mem[X,0x0000000080001402] -> 0x3410
[1965] [M]: 0x0000000080001400 (0x341023F3) csrrs x7, mepc, x0                      vmem_adj_Mepc+4
CSR mepc (0x341) -> 0x0000000180000F64
x7 <- 0x0000000180000F64

clint mtime 0x00000000000003D7 (mip.MTI <- 0b1, mip.STI <- 0b0)
mem[X,0x0000000080001404] -> 0x0413
mem[X,0x0000000080001406] -> 0x0004
[1966] [M]: 0x0000000080001404 (0x00040413) addi x8, x8, 0x0                        vmem_adj_Mepc+8
x8 <- 0xFFFFFFFFFFFFFFFF

mem[X,0x0000000080001408] -> 0x006F
mem[X,0x000000008000140A] -> 0x0400
[1967] [M]: 0x0000000080001408 (0x0400006F) jal x0, 0x40                            vmem_adj_Mepc+12

clint mtime 0x00000000000003D8 (mip.MTI <- 0b1, mip.STI <- 0b0)
mem[X,0x0000000080001448] -> 0x8433
mem[X,0x000000008000144A] -> 0x4083
[1968] [M]: 0x0000000080001448 (0x40838433) sub x8, x7, x8                          adj_Mepc+0
x8 <- 0x0000000180000F65

mem[X,0x000000008000144C] -> 0x3823
mem[X,0x000000008000144E] -> 0x0083
[1969] [M]: 0x000000008000144C (0x00833823) sd x8, 0x10(x6)                         sv_Mepc+0
mem[W,0x0000000080008428] <- 0x0000000180000F65

clint mtime 0x00000000000003D9 (mip.MTI <- 0b1, mip.STI <- 0b0)
mem[X,0x0000000080001450] -> 0x55B7
mem[X,0x0000000080001452] -> 0x0000
[1970] [M]: 0x0000000080001450 (0x000055B7) lui x11, 0x5                            sv_Mepc+4
x11 <- 0x0000000000005000

mem[X,0x0000000080001454] -> 0x8593
mem[X,0x0000000080001456] -> 0x6675
[1971] [M]: 0x0000000080001454 (0x66758593) addi x11, x11, 0x667                    sv_Mepc+8
x11 <- 0x0000000000005667

clint mtime 0x00000000000003DA (mip.MTI <- 0b1, mip.STI <- 0b0)
mem[X,0x0000000080001458] -> 0x9593
mem[X,0x000000008000145A] -> 0x0015
[1972] [M]: 0x0000000080001458 (0x00159593) slli x11, x11, 0x1                      sv_Mepc+12
x11 <- 0x000000000000ACCE

mem[X,0x000000008000145C] -> 0x9063
mem[X,0x000000008000145E] -> 0x02B1
[1973] [M]: 0x000000008000145C (0x02B19063) bne x3, x11, 0x20                       sv_Mepc+16

clint mtime 0x00000000000003DB (mip.MTI <- 0b1, mip.STI <- 0b0)
mem[X,0x0000000080001460] -> 0x2473
mem[X,0x0000000080001462] -> 0x3420
[1974] [M]: 0x0000000080001460 (0x34202473) csrrs x8, mcause, x0                    sv_Mepc+20
CSR mcause (0x342) -> 0x0000000000000002
x8 <- 0x0000000000000002

mem[X,0x0000000080001464] -> 0x0593
mem[X,0x0000000080001466] -> 0x00C0
[1975] [M]: 0x0000000080001464 (0x00C00593) addi x11, x0, 0xc                       sv_Mepc+24
x11 <- 0x000000000000000C

clint mtime 0x00000000000003DC (mip.MTI <- 0b1, mip.STI <- 0b0)
mem[X,0x0000000080001468] -> 0x0663
mem[X,0x000000008000146A] -> 0x00B4
[1976] [M]: 0x0000000080001468 (0x00B40663) beq x8, x11, 0xc                        sv_Mepc+28

mem[X,0x000000008000146C] -> 0x0593
mem[X,0x000000008000146E] -> 0x0010
[1977] [M]: 0x000000008000146C (0x00100593) addi x11, x0, 0x1                       sv_Mepc+32
x11 <- 0x0000000000000001

clint mtime 0x00000000000003DD (mip.MTI <- 0b1, mip.STI <- 0b0)
mem[X,0x0000000080001470] -> 0x1663
mem[X,0x0000000080001472] -> 0x00B4
[1978] [M]: 0x0000000080001470 (0x00B41663) bne x8, x11, 0xc                        sv_Mepc+36

mem[X,0x000000008000147C] -> 0xF593
mem[X,0x000000008000147E] -> 0xFFC3
[1979] [M]: 0x000000008000147C (0xFFC3F593) andi x11, x7, -0x4                      adj_Mepc_rtn+0
x11 <- 0x0000000180000F64

clint mtime 0x00000000000003DE (mip.MTI <- 0b1, mip.STI <- 0b0)
mem[X,0x0000000080001480] -> 0x8593
mem[X,0x0000000080001482] -> 0x0085
[1980] [M]: 0x0000000080001480 (0x00858593) addi x11, x11, 0x8                      adj_Mepc_rtn+4
x11 <- 0x0000000180000F6C

mem[X,0x0000000080001484] -> 0x9073
mem[X,0x0000000080001486] -> 0x3415
[1981] [M]: 0x0000000080001484 (0x34159073) csrrw x0, mepc, x11                     adj_Mepc_rtn+8
CSR mepc (0x341) <- 0x0000000180000F6C

clint mtime 0x00000000000003DF (mip.MTI <- 0b1, mip.STI <- 0b0)
mem[X,0x0000000080001488] -> 0x23F3
mem[X,0x000000008000148A] -> 0x3430
[1982] [M]: 0x0000000080001488 (0x343023F3) csrrs x7, mtval, x0                     skp_adj_Mepc+0
CSR mtval (0x343) -> 0x00000000341494F3
x7 <- 0x00000000341494F3

mem[X,0x000000008000148C] -> 0x0413
mem[X,0x000000008000148E] -> 0x0004
[1983] [M]: 0x000000008000148C (0x00040413) addi x8, x8, 0x0                        skp_adj_Mepc+4
x8 <- 0x0000000000000002

clint mtime 0x00000000000003E0 (mip.MTI <- 0b1, mip.STI <- 0b0)
mem[X,0x0000000080001490] -> 0x006F
mem[X,0x0000000080001492] -> 0x0840
[1984] [M]: 0x0000000080001490 (0x0840006F) jal x0, 0x84                            skp_adj_Mepc+8

mem[X,0x0000000080001514] -> 0x8433
mem[X,0x0000000080001516] -> 0x4083
[1985] [M]: 0x0000000080001514 (0x40838433) sub x8, x7, x8                          adj_Mtval+0
x8 <- 0x00000000341494F1

clint mtime 0x00000000000003E1 (mip.MTI <- 0b1, mip.STI <- 0b0)
mem[X,0x0000000080001518] -> 0x3C23
mem[X,0x000000008000151A] -> 0x0083
[1986] [M]: 0x0000000080001518 (0x00833C23) sd x8, 0x18(x6)                         sv_Mtval+0
mem[W,0x0000000080008430] <- 0x00000000341494F1

mem[X,0x000000008000151C] -> 0x3483
mem[X,0x000000008000151E] -> 0x2181
[1987] [M]: 0x000000008000151C (0x21813483) ld x9, 0x218(x2)                        skp_Mtval+0
mem[R,0x0000000080004218] -> 0x0000000080008438
x9 <- 0x0000000080008438

clint mtime 0x00000000000003E2 (mip.MTI <- 0b1, mip.STI <- 0b0)
mem[X,0x0000000080001520] -> 0x3383
mem[X,0x0000000080001522] -> 0x1F81
[1988] [M]: 0x0000000080001520 (0x1F813383) ld x7, 0x1f8(x2)                        skp_Mtval+4
mem[R,0x00000000800041F8] -> 0x0000000080008110
x7 <- 0x0000000080008110

mem[X,0x0000000080001524] -> 0x3303
mem[X,0x0000000080001526] -> 0x2001
[1989] [M]: 0x0000000080001524 (0x20013303) ld x6, 0x200(x2)                        skp_Mtval+8
mem[R,0x0000000080004200] -> 0x0000000000000410
x6 <- 0x0000000000000410

clint mtime 0x00000000000003E3 (mip.MTI <- 0b1, mip.STI <- 0b0)
mem[X,0x0000000080001528] -> 0x0333
mem[X,0x000000008000152A] -> 0x0073
[1990] [M]: 0x0000000080001528 (0x00730333) add x6, x6, x7                          skp_Mtval+12
x6 <- 0x0000000080008520

mem[X,0x000000008000152C] -> 0x6AE3
mem[X,0x000000008000152E] -> 0xAE93
[1991] [M]: 0x000000008000152C (0xAE936AE3) bltu x6, x9, -0x50c                     skp_Mtval+16

clint mtime 0x00000000000003E4 (mip.MTI <- 0b1, mip.STI <- 0b0)
mem[X,0x0000000080001530] -> 0x0393
mem[X,0x0000000080001532] -> 0x2000
[1992] [M]: 0x0000000080001530 (0x20000393) addi x7, x0, 0x200                      skp_Mtval+20
x7 <- 0x0000000000000200

mem[X,0x0000000080001534] -> 0x006F
mem[X,0x0000000080001536] -> 0x0400
[1993] [M]: 0x0000000080001534 (0x0400006F) jal x0, 0x40                            skp_Mtval+24

clint mtime 0x00000000000003E5 (mip.MTI <- 0b1, mip.STI <- 0b0)
mem[X,0x0000000080001574] -> 0x0417
mem[X,0x0000000080001576] -> 0x0000
[1994] [M]: 0x0000000080001574 (0x00000417) auipc x8, 0x0                           spcl_Mhandler+0
x8 <- 0x0000000080001574

mem[X,0x0000000080001578] -> 0x0413
mem[X,0x000000008000157A] -> 0x03C4
[1995] [M]: 0x0000000080001578 (0x03C40413) addi x8, x8, 0x3c                       spcl_Mhandler+4
x8 <- 0x00000000800015B0

clint mtime 0x00000000000003E6 (mip.MTI <- 0b1, mip.STI <- 0b0)
mem[X,0x000000008000157C] -> 0x0433
mem[X,0x000000008000157E] -> 0x0074
[1996] [M]: 0x000000008000157C (0x00740433) add x8, x8, x7                          spcl_Mhandler+8
x8 <- 0x00000000800017B0

mem[X,0x0000000080001580] -> 0x1393
mem[X,0x0000000080001582] -> 0x0035
[1997] [M]: 0x0000000080001580 (0x00351393) slli x7, x10, 0x3                       spcl_Mhandler+12
x7 <- 0x0000000000000010

clint mtime 0x00000000000003E7 (mip.MTI <- 0b1, mip.STI <- 0b0)
mem[X,0x0000000080001584] -> 0x0433
mem[X,0x0000000080001586] -> 0x0074
[1998] [M]: 0x0000000080001584 (0x00740433) add x8, x8, x7                          spcl_Mhandler+16
x8 <- 0x00000000800017C0

mem[X,0x0000000080001588] -> 0x7413
mem[X,0x000000008000158A] -> 0xFF84
[1999] [M]: 0x0000000080001588 (0xFF847413) andi x8, x8, -0x8                       spcl_Mhandler+20
x8 <- 0x00000000800017C0

clint mtime 0x00000000000003E8 (mip.MTI <- 0b1, mip.STI <- 0b0)
mem[X,0x000000008000158C] -> 0x3403
mem[X,0x000000008000158E] -> 0x0004
[2000] [M]: 0x000000008000158C (0x00043403) ld x8, 0x0(x8)                          spcl_Mhandler+24
mem[R,0x00000000800017C0] -> 0x0000000000000005
x8 <- 0x0000000000000005

mem[X,0x0000000080001590] -> 0x02E3
mem[X,0x0000000080001592] -> 0xB204
[2001] [M]: 0x0000000080001590 (0xB20402E3) beq x8, x0, -0x4dc                      spcl_Mdispatch_hndling+0

clint mtime 0x00000000000003E9 (mip.MTI <- 0b1, mip.STI <- 0b0)
mem[X,0x0000000080001594] -> 0x1393
mem[X,0x0000000080001596] -> 0x03F4
[2002] [M]: 0x0000000080001594 (0x03F41393) slli x7, x8, 0x3f                       spcl_Mdispatch_hndling+4
x7 <- 0x8000000000000000

mem[X,0x0000000080001598] -> 0xD863
mem[X,0x000000008000159A] -> 0x0003
[2003] [M]: 0x0000000080001598 (0x0003D863) bge x7, x0, 0x10                        spcl_Mdispatch_hndling+8

clint mtime 0x00000000000003EA (mip.MTI <- 0b1, mip.STI <- 0b0)
mem[X,0x000000008000159C] -> 0x5413
mem[X,0x000000008000159E] -> 0x0014
[2004] [M]: 0x000000008000159C (0x00145413) srli x8, x8, 0x1                        spcl_Mdispatch_hndling+12
x8 <- 0x0000000000000002

mem[X,0x00000000800015A0] -> 0x0CE3
mem[X,0x00000000800015A2] -> 0xF885
[2005] [M]: 0x00000000800015A0 (0xF8850CE3) beq x10, x8, -0x68                      spcl_Mdispatch_hndling+16

clint mtime 0x00000000000003EB (mip.MTI <- 0b1, mip.STI <- 0b0)
mem[X,0x0000000080001538] -> 0x3303
mem[X,0x000000008000153A] -> 0x2601
[2006] [M]: 0x0000000080001538 (0x26013303) ld x6, 0x260(x2)                        resto_Mrtn+0
mem[R,0x0000000080004260] -> 0xFFFFFFFF7FFFF26C
x6 <- 0xFFFFFFFF7FFFF26C

mem[X,0x000000008000153C] -> 0x3383
mem[X,0x000000008000153E] -> 0x2681
[2007] [M]: 0x000000008000153C (0x26813383) ld x7, 0x268(x2)                        resto_Mrtn+4
mem[R,0x0000000080004268] -> 0x0000000080004000
x7 <- 0x0000000080004000

clint mtime 0x00000000000003EC (mip.MTI <- 0b1, mip.STI <- 0b0)
mem[X,0x0000000080001540] -> 0x3403
mem[X,0x0000000080001542] -> 0x2701
[2008] [M]: 0x0000000080001540 (0x27013403) ld x8, 0x270(x2)                        resto_Mrtn+8
mem[R,0x0000000080004270] -> 0x0000000000007F76
x8 <- 0x0000000000007F76

mem[X,0x0000000080001544] -> 0x3483
mem[X,0x0000000080001546] -> 0x2781
[2009] [M]: 0x0000000080001544 (0x27813483) ld x9, 0x278(x2)                        resto_Mrtn+12
mem[R,0x0000000080004278] -> 0x00000001000001C8
x9 <- 0x00000001000001C8

clint mtime 0x00000000000003ED (mip.MTI <- 0b1, mip.STI <- 0b0)
mem[X,0x0000000080001548] -> 0x3503
mem[X,0x000000008000154A] -> 0x2801
[2010] [M]: 0x0000000080001548 (0x28013503) ld x10, 0x280(x2)                       resto_Mrtn+16
mem[R,0x0000000080004280] -> 0x00000000200000CF
x10 <- 0x00000000200000CF

mem[X,0x000000008000154C] -> 0x3583
mem[X,0x000000008000154E] -> 0x2881
[2011] [M]: 0x000000008000154C (0x28813583) ld x11, 0x288(x2)                       resto_Mrtn+20
mem[R,0x0000000080004288] -> 0x00000000000000CF
x11 <- 0x00000000000000CF

clint mtime 0x00000000000003EE (mip.MTI <- 0b1, mip.STI <- 0b0)
mem[X,0x0000000080001550] -> 0x3103
mem[X,0x0000000080001552] -> 0x2901
[2012] [M]: 0x0000000080001550 (0x29013103) ld x2, 0x290(x2)                        resto_Mrtn+24
mem[R,0x0000000080004290] -> 0x0000000000000000
x2 <- 0x0000000000000000

mem[X,0x0000000080001554] -> 0x0073
mem[X,0x0000000080001556] -> 0x3020
[2013] [M]: 0x0000000080001554 (0x30200073) mret                                    resto_Mrtn+28
CSR mstatus (0x300) <- 0x0000000A00000080
ret-ing from M to S

clint mtime 0x00000000000003EF (mip.MTI <- 0b1, mip.STI <- 0b0)
mem[X,0x0000000080000F6C] -> 0x07B7
mem[X,0x0000000080000F6E] -> 0x8000
[2014] [S]: 0x0000000180000F6C (0x800007B7) lui x15, -0x80000                       va_rvtest_code_begin+1936
x15 <- 0xFFFFFFFF80000000

mem[X,0x0000000080000F70] -> 0x8793
mem[X,0x0000000080000F72] -> 0x0017
[2015] [S]: 0x0000000180000F70 (0x00178793) addi x15, x15, 0x1                      va_rvtest_code_begin+1940
x15 <- 0xFFFFFFFF80000001

clint mtime 0x00000000000003F0 (mip.MTI <- 0b1, mip.STI <- 0b0)
mem[X,0x0000000080000F74] -> 0x9793
mem[X,0x0000000080000F76] -> 0x00B7
[2016] [S]: 0x0000000180000F74 (0x00B79793) slli x15, x15, 0xb                      va_rvtest_code_begin+1944
x15 <- 0xFFFFFC0000000800

mem[X,0x0000000080000F78] -> 0x8793
mem[X,0x0000000080000F7A] -> 0x2007
[2017] [S]: 0x0000000180000F78 (0x20078793) addi x15, x15, 0x200                    va_rvtest_code_begin+1948
x15 <- 0xFFFFFC0000000A00

clint mtime 0x00000000000003F1 (mip.MTI <- 0b1, mip.STI <- 0b0)
mem[X,0x0000000080000F7C] -> 0x9793
mem[X,0x0000000080000F7E] -> 0x00B7
[2018] [S]: 0x0000000180000F7C (0x00B79793) slli x15, x15, 0xb                      va_rvtest_code_begin+1952
x15 <- 0xFFE0000000500000

mem[X,0x0000000080000F80] -> 0x8793
mem[X,0x0000000080000F82] -> 0x0017
[2019] [S]: 0x0000000180000F80 (0x00178793) addi x15, x15, 0x1                      va_rvtest_code_begin+1956
x15 <- 0xFFE0000000500001

clint mtime 0x00000000000003F2 (mip.MTI <- 0b1, mip.STI <- 0b0)
mem[X,0x0000000080000F84] -> 0x9793
mem[X,0x0000000080000F86] -> 0x00A7
[2020] [S]: 0x0000000180000F84 (0x00A79793) slli x15, x15, 0xa                      va_rvtest_code_begin+1960
x15 <- 0x8000000140000400

mem[X,0x0000000080000F88] -> 0x8793
mem[X,0x0000000080000F8A] -> 0x0047
[2021] [S]: 0x0000000180000F88 (0x00478793) addi x15, x15, 0x4                      va_rvtest_code_begin+1964
x15 <- 0x8000000140000404

clint mtime 0x00000000000003F3 (mip.MTI <- 0b1, mip.STI <- 0b0)
mem[X,0x0000000080000F8C] -> 0x0613
mem[X,0x0000000080000F8E] -> 0x0106
[2022] [S]: 0x0000000180000F8C (0x01060613) addi x12, x12, 0x10                     va_rvtest_code_begin+1968
x12 <- 0x0000000000000030

mem[X,0x0000000080000F90] -> 0xAA23
mem[X,0x0000000080000F92] -> 0x00C7
[2023] [S]: 0x0000000180000F90 (0x00C7AA23) sw x12, 0x14(x15)                       va_rvtest_code_begin+1972
trapping from S to M to handle store/amo-page-fault
handling exc#store/amo-page-fault at priv M with tval 0x8000000140000418
CSR mstatus (0x300) <- 0x0000000A00000800
CSR mcause (0x342) <- 0x000000000000000F
CSR mtval (0x343) <- 0x8000000140000418
CSR mepc (0x341) <- 0x0000000180000F90

clint mtime 0x00000000000003F4 (mip.MTI <- 0b1, mip.STI <- 0b0)
mem[X,0x0000000080001100] -> 0x006F
mem[X,0x0000000080001102] -> 0x1000
[2024] [M]: 0x0000000080001100 (0x1000006F) jal x0, 0x100                           Mtrampoline+0

mem[X,0x0000000080001200] -> 0x1173
mem[X,0x0000000080001202] -> 0x3401
[2025] [M]: 0x0000000080001200 (0x34011173) csrrw x2, mscratch, x2                  trap_Mhandler+0
CSR mscratch (0x340) <- 0x0000000000000000
x2 <- 0x0000000080004000

clint mtime 0x00000000000003F5 (mip.MTI <- 0b1, mip.STI <- 0b0)
mem[X,0x0000000080001204] -> 0x3423
mem[X,0x0000000080001206] -> 0x28B1
[2026] [M]: 0x0000000080001204 (0x28B13423) sd x11, 0x288(x2)                       trap_Mhandler+4
mem[W,0x0000000080004288] <- 0x00000000000000CF

mem[X,0x0000000080001208] -> 0x05EF
mem[X,0x000000008000120A] -> 0x0B80
[2027] [M]: 0x0000000080001208 (0x0B8005EF) jal x11, 0xb8                           trap_Mhandler+8
x11 <- 0x000000008000120C

clint mtime 0x00000000000003F6 (mip.MTI <- 0b1, mip.STI <- 0b0)
mem[X,0x00000000800012C0] -> 0x3023
mem[X,0x00000000800012C2] -> 0x28A1
[2028] [M]: 0x00000000800012C0 (0x28A13023) sd x10, 0x280(x2)                       common_Mhandler+0
mem[W,0x0000000080004280] <- 0x00000000200000CF

mem[X,0x00000000800012C4] -> 0x1573
mem[X,0x00000000800012C6] -> 0x3401
[2029] [M]: 0x00000000800012C4 (0x34011573) csrrw x10, mscratch, x2                 common_Mhandler+4
CSR mscratch (0x340) <- 0x0000000080004000
x10 <- 0x0000000000000000

clint mtime 0x00000000000003F7 (mip.MTI <- 0b1, mip.STI <- 0b0)
mem[X,0x00000000800012C8] -> 0x3823
mem[X,0x00000000800012CA] -> 0x28A1
[2030] [M]: 0x00000000800012C8 (0x28A13823) sd x10, 0x290(x2)                       common_Mhandler+8
mem[W,0x0000000080004290] <- 0x0000000000000000

mem[X,0x00000000800012CC] -> 0x3503
mem[X,0x00000000800012CE] -> 0x2301
[2031] [M]: 0x00000000800012CC (0x23013503) ld x10, 0x230(x2)                       common_Mhandler+12
mem[R,0x0000000080004230] -> 0x00000000800012D4
x10 <- 0x00000000800012D4

clint mtime 0x00000000000003F8 (mip.MTI <- 0b1, mip.STI <- 0b0)
mem[X,0x00000000800012D0] -> 0x0067
mem[X,0x00000000800012D2] -> 0x0005
[2032] [M]: 0x00000000800012D0 (0x00050067) jalr x0, 0x0(x10)                       common_Mhandler+16

mem[X,0x00000000800012D4] -> 0x3C23
mem[X,0x00000000800012D6] -> 0x2691
[2033] [M]: 0x00000000800012D4 (0x26913C23) sd x9, 0x278(x2)                        common_Mentry+0
mem[W,0x0000000080004278] <- 0x00000001000001C8

clint mtime 0x00000000000003F9 (mip.MTI <- 0b1, mip.STI <- 0b0)
mem[X,0x00000000800012D8] -> 0x3823
mem[X,0x00000000800012DA] -> 0x2681
[2034] [M]: 0x00000000800012D8 (0x26813823) sd x8, 0x270(x2)                        common_Mentry+4
mem[W,0x0000000080004270] <- 0x0000000000007F76

mem[X,0x00000000800012DC] -> 0x3423
mem[X,0x00000000800012DE] -> 0x2671
[2035] [M]: 0x00000000800012DC (0x26713423) sd x7, 0x268(x2)                        common_Mentry+8
mem[W,0x0000000080004268] <- 0x0000000080004000

clint mtime 0x00000000000003FA (mip.MTI <- 0b1, mip.STI <- 0b0)
mem[X,0x00000000800012E0] -> 0x3023
mem[X,0x00000000800012E2] -> 0x2661
[2036] [M]: 0x00000000800012E0 (0x26613023) sd x6, 0x260(x2)                        common_Mentry+12
mem[W,0x0000000080004260] <- 0xFFFFFFFF7FFFF26C

mem[X,0x00000000800012E4] -> 0x2573
mem[X,0x00000000800012E6] -> 0x3420
[2037] [M]: 0x00000000800012E4 (0x34202573) csrrs x10, mcause, x0                   spcl_M2mmode_test+0
CSR mcause (0x342) -> 0x000000000000000F
x10 <- 0x000000000000000F

clint mtime 0x00000000000003FB (mip.MTI <- 0b1, mip.STI <- 0b0)
mem[X,0x00000000800012E8] -> 0x04B7
mem[X,0x00000000800012EA] -> 0x8000
[2038] [M]: 0x00000000800012E8 (0x800004B7) lui x9, -0x80000                        spcl_M2mmode_test+4
x9 <- 0xFFFFFFFF80000000

mem[X,0x00000000800012EC] -> 0x8493
mem[X,0x00000000800012EE] -> 0x0004
[2039] [M]: 0x00000000800012EC (0x00048493) addi x9, x9, 0x0                        spcl_M2mmode_test+8
x9 <- 0xFFFFFFFF80000000

clint mtime 0x00000000000003FC (mip.MTI <- 0b1, mip.STI <- 0b0)
mem[X,0x00000000800012F0] -> 0x9493
mem[X,0x00000000800012F2] -> 0x00B4
[2040] [M]: 0x00000000800012F0 (0x00B49493) slli x9, x9, 0xb                        spcl_M2mmode_test+12
x9 <- 0xFFFFFC0000000000

mem[X,0x00000000800012F4] -> 0x8493
mem[X,0x00000000800012F6] -> 0x0004
[2041] [M]: 0x00000000800012F4 (0x00048493) addi x9, x9, 0x0                        spcl_M2mmode_test+16
x9 <- 0xFFFFFC0000000000

clint mtime 0x00000000000003FD (mip.MTI <- 0b1, mip.STI <- 0b0)
mem[X,0x00000000800012F8] -> 0x9493
mem[X,0x00000000800012FA] -> 0x00B4
[2042] [M]: 0x00000000800012F8 (0x00B49493) slli x9, x9, 0xb                        spcl_M2mmode_test+20
x9 <- 0xFFE0000000000000

mem[X,0x00000000800012FC] -> 0x8493
mem[X,0x00000000800012FE] -> 0x0034
[2043] [M]: 0x00000000800012FC (0x00348493) addi x9, x9, 0x3                        spcl_M2mmode_test+24
x9 <- 0xFFE0000000000003

clint mtime 0x00000000000003FE (mip.MTI <- 0b1, mip.STI <- 0b0)
mem[X,0x0000000080001300] -> 0x9493
mem[X,0x0000000080001302] -> 0x00A4
[2044] [M]: 0x0000000080001300 (0x00A49493) slli x9, x9, 0xa                        spcl_M2mmode_test+28
x9 <- 0x8000000000000C00

mem[X,0x0000000080001304] -> 0x8493
mem[X,0x0000000080001306] -> 0x3FC4
[2045] [M]: 0x0000000080001304 (0x3FC48493) addi x9, x9, 0x3fc                      spcl_M2mmode_test+32
x9 <- 0x8000000000000FFC

clint mtime 0x00000000000003FF (mip.MTI <- 0b1, mip.STI <- 0b0)
mem[X,0x0000000080001308] -> 0xF4B3
mem[X,0x000000008000130A] -> 0x00A4
[2046] [M]: 0x0000000080001308 (0x00A4F4B3) and x9, x9, x10                         spcl_M2mmode_test+36
x9 <- 0x000000000000000C

mem[X,0x000000008000130C] -> 0x8493
mem[X,0x000000008000130E] -> 0xFF84
[2047] [M]: 0x000000008000130C (0xFF848493) addi x9, x9, -0x8                       spcl_M2mmode_test+40
x9 <- 0x0000000000000004

clint mtime 0x0000000000000400 (mip.MTI <- 0b1, mip.STI <- 0b0)
mem[X,0x0000000080001310] -> 0x9663
mem[X,0x0000000080001312] -> 0x0004
[2048] [M]: 0x0000000080001310 (0x00049663) bne x9, x0, 0xc                         spcl_M2mmode_test+44

mem[X,0x000000008000131C] -> 0x0393
mem[X,0x000000008000131E] -> 0x0200
[2049] [M]: 0x000000008000131C (0x02000393) addi x7, x0, 0x20                       Mtrapsig_ptr_upd+0
x7 <- 0x0000000000000020

clint mtime 0x0000000000000401 (mip.MTI <- 0b1, mip.STI <- 0b0)
mem[X,0x0000000080001320] -> 0x5263
mem[X,0x0000000080001322] -> 0x0405
[2050] [M]: 0x0000000080001320 (0x04055263) bge x10, x0, 0x44                       Mtrapsig_ptr_upd+4

mem[X,0x0000000080001364] -> 0x2373
mem[X,0x0000000080001366] -> 0x3010
[2051] [M]: 0x0000000080001364 (0x30102373) csrrs x6, misa, x0                      Mxcpt_sig_sv+0
CSR misa (0x301) -> 0x800000000034112F
x6 <- 0x800000000034112F

clint mtime 0x0000000000000402 (mip.MTI <- 0b1, mip.STI <- 0b0)
mem[X,0x0000000080001368] -> 0x1313
mem[X,0x000000008000136A] -> 0x0383
[2052] [M]: 0x0000000080001368 (0x03831313) slli x6, x6, 0x38                       Mxcpt_sig_sv+4
x6 <- 0x2F00000000000000

mem[X,0x000000008000136C] -> 0x5463
mem[X,0x000000008000136E] -> 0x0003
[2053] [M]: 0x000000008000136C (0x00035463) bge x6, x0, 0x8                         Mxcpt_sig_sv+8

clint mtime 0x0000000000000403 (mip.MTI <- 0b1, mip.STI <- 0b0)
mem[X,0x0000000080001374] -> 0x3303
mem[X,0x0000000080001376] -> 0x2181
[2054] [M]: 0x0000000080001374 (0x21813303) ld x6, 0x218(x2)                        Mtrap_sig_sv+0
mem[R,0x0000000080004218] -> 0x0000000080008438
x6 <- 0x0000000080008438

mem[X,0x0000000080001378] -> 0x04B3
mem[X,0x000000008000137A] -> 0x0073
[2055] [M]: 0x0000000080001378 (0x007304B3) add x9, x6, x7                          Mtrap_sig_sv+4
x9 <- 0x0000000080008458

clint mtime 0x0000000000000404 (mip.MTI <- 0b1, mip.STI <- 0b0)
mem[X,0x000000008000137C] -> 0x3C23
mem[X,0x000000008000137E] -> 0x2091
[2056] [M]: 0x000000008000137C (0x20913C23) sd x9, 0x218(x2)                        Mtrap_sig_sv+8
mem[W,0x0000000080004218] <- 0x0000000080008458

mem[X,0x0000000080001380] -> 0x3403
mem[X,0x0000000080001382] -> 0x1F81
[2057] [M]: 0x0000000080001380 (0x1F813403) ld x8, 0x1f8(x2)                        Mtrap_sig_sv+12
mem[R,0x00000000800041F8] -> 0x0000000080008110
x8 <- 0x0000000080008110

clint mtime 0x0000000000000405 (mip.MTI <- 0b1, mip.STI <- 0b0)
mem[X,0x0000000080001384] -> 0x0333
mem[X,0x0000000080001386] -> 0x4083
[2058] [M]: 0x0000000080001384 (0x40830333) sub x6, x6, x8                          Mtrap_sig_sv+16
x6 <- 0x0000000000000328

mem[X,0x0000000080001388] -> 0x3403
mem[X,0x000000008000138A] -> 0x1F81
[2059] [M]: 0x0000000080001388 (0x1F813403) ld x8, 0x1f8(x2)                        Mtrap_sig_sv+20
mem[R,0x00000000800041F8] -> 0x0000000080008110
x8 <- 0x0000000080008110

clint mtime 0x0000000000000406 (mip.MTI <- 0b1, mip.STI <- 0b0)
mem[X,0x000000008000138C] -> 0x0333
mem[X,0x000000008000138E] -> 0x0083
[2060] [M]: 0x000000008000138C (0x00830333) add x6, x6, x8                          Mtrap_sig_sv+24
x6 <- 0x0000000080008438

mem[X,0x0000000080001390] -> 0x3403
mem[X,0x0000000080001392] -> 0x2401
[2061] [M]: 0x0000000080001390 (0x24013403) ld x8, 0x240(x2)                        Mtrap_sig_sv+28
mem[R,0x0000000080004240] -> 0x0000000080001100
x8 <- 0x0000000080001100

clint mtime 0x0000000000000407 (mip.MTI <- 0b1, mip.STI <- 0b0)
mem[X,0x0000000080001394] -> 0x85B3
mem[X,0x0000000080001396] -> 0x4085
[2062] [M]: 0x0000000080001394 (0x408585B3) sub x11, x11, x8                        sv_Mvect+0
x11 <- 0x000000000000010C

mem[X,0x0000000080001398] -> 0x9593
mem[X,0x000000008000139A] -> 0x0045
[2063] [M]: 0x0000000080001398 (0x00459593) slli x11, x11, 0x4                      sv_Mvect+4
x11 <- 0x00000000000010C0

clint mtime 0x0000000000000408 (mip.MTI <- 0b1, mip.STI <- 0b0)
mem[X,0x000000008000139C] -> 0xE5B3
mem[X,0x000000008000139E] -> 0x0075
[2064] [M]: 0x000000008000139C (0x0075E5B3) or x11, x11, x7                         sv_Mvect+8
x11 <- 0x00000000000010E0

mem[X,0x00000000800013A0] -> 0x8593
mem[X,0x00000000800013A2] -> 0x0035
[2065] [M]: 0x00000000800013A0 (0x00358593) addi x11, x11, 0x3                      sv_Mvect+12
x11 <- 0x00000000000010E3

clint mtime 0x0000000000000409 (mip.MTI <- 0b1, mip.STI <- 0b0)
mem[X,0x00000000800013A4] -> 0x3023
mem[X,0x00000000800013A6] -> 0x00B3
[2066] [M]: 0x00000000800013A4 (0x00B33023) sd x11, 0x0(x6)                         sv_Mvect+16
mem[W,0x0000000080008438] <- 0x00000000000010E3

mem[X,0x00000000800013A8] -> 0x3423
mem[X,0x00000000800013AA] -> 0x00A3
[2067] [M]: 0x00000000800013A8 (0x00A33423) sd x10, 0x8(x6)                         sv_Mcause+0
mem[W,0x0000000080008440] <- 0x000000000000000F

clint mtime 0x000000000000040A (mip.MTI <- 0b1, mip.STI <- 0b0)
mem[X,0x00000000800013AC] -> 0x4663
mem[X,0x00000000800013AE] -> 0x1A05
[2068] [M]: 0x00000000800013AC (0x1A054663) blt x10, x0, 0x1ac                      sv_Mcause+4

mem[X,0x00000000800013B0] -> 0x25F3
mem[X,0x00000000800013B2] -> 0x3000
[2069] [M]: 0x00000000800013B0 (0x300025F3) csrrs x11, mstatus, x0                  common_Mexcpt_handler+0
CSR mstatus (0x300) -> 0x0000000A00000800
x11 <- 0x0000000A00000800

clint mtime 0x000000000000040B (mip.MTI <- 0b1, mip.STI <- 0b0)
mem[X,0x00000000800013B4] -> 0x9413
mem[X,0x00000000800013B6] -> 0x02E5
[2070] [M]: 0x00000000800013B4 (0x02E59413) slli x8, x11, 0x2e                      common_Mexcpt_handler+4
x8 <- 0x0200000000000000

mem[X,0x00000000800013B8] -> 0x5463
mem[X,0x00000000800013BA] -> 0x0004
[2071] [M]: 0x00000000800013B8 (0x00045463) bge x8, x0, 0x8                         common_Mexcpt_handler+8

clint mtime 0x000000000000040C (mip.MTI <- 0b1, mip.STI <- 0b0)
mem[X,0x00000000800013C0] -> 0xD493
mem[X,0x00000000800013C2] -> 0x00B5
[2072] [M]: 0x00000000800013C0 (0x00B5D493) srli x9, x11, 0xb                       common_Mexcpt_handler+16
x9 <- 0x0000000001400001

mem[X,0x00000000800013C4] -> 0xF493
mem[X,0x00000000800013C6] -> 0x0034
[2073] [M]: 0x00000000800013C4 (0x0034F493) andi x9, x9, 0x3                        common_Mexcpt_handler+20
x9 <- 0x0000000000000001

clint mtime 0x000000000000040D (mip.MTI <- 0b1, mip.STI <- 0b0)
mem[X,0x00000000800013C8] -> 0x8493
mem[X,0x00000000800013CA] -> 0x0014
[2074] [M]: 0x00000000800013C8 (0x00148493) addi x9, x9, 0x1                        common_Mexcpt_handler+24
x9 <- 0x0000000000000002

mem[X,0x00000000800013CC] -> 0xF493
mem[X,0x00000000800013CE] -> 0x0044
[2075] [M]: 0x00000000800013CC (0x0044F493) andi x9, x9, 0x4                        common_Mexcpt_handler+28
x9 <- 0x0000000000000000

clint mtime 0x000000000000040E (mip.MTI <- 0b1, mip.STI <- 0b0)
mem[X,0x00000000800013D0] -> 0x0593
mem[X,0x00000000800013D2] -> 0x05D0
[2076] [M]: 0x00000000800013D0 (0x05D00593) addi x11, x0, 0x5d                      common_Mexcpt_handler+32
x11 <- 0x000000000000005D

mem[X,0x00000000800013D4] -> 0xD5B3
mem[X,0x00000000800013D6] -> 0x0095
[2077] [M]: 0x00000000800013D4 (0x0095D5B3) srl x11, x11, x9                        common_Mexcpt_handler+36
x11 <- 0x000000000000005D

clint mtime 0x000000000000040F (mip.MTI <- 0b1, mip.STI <- 0b0)
mem[X,0x00000000800013D8] -> 0xF593
mem[X,0x00000000800013DA] -> 0x0015
[2078] [M]: 0x00000000800013D8 (0x0015F593) andi x11, x11, 0x1                      common_Mexcpt_handler+40
x11 <- 0x0000000000000001

mem[X,0x00000000800013DC] -> 0x8EE3
mem[X,0x00000000800013DE] -> 0xF405
[2079] [M]: 0x00000000800013DC (0xF4058EE3) beq x11, x0, -0xa4                      common_Mexcpt_handler+44

clint mtime 0x0000000000000410 (mip.MTI <- 0b1, mip.STI <- 0b0)
mem[X,0x00000000800013E0] -> 0x0593
mem[X,0x00000000800013E2] -> 0x2980
[2080] [M]: 0x00000000800013E0 (0x29800593) addi x11, x0, 0x298                     common_Mexcpt_handler+48
x11 <- 0x0000000000000298

mem[X,0x00000000800013E4] -> 0xF413
mem[X,0x00000000800013E6] -> 0x0014
[2081] [M]: 0x00000000800013E4 (0x0014F413) andi x8, x9, 0x1                        common_Mexcpt_handler+52
x8 <- 0x0000000000000000

clint mtime 0x0000000000000411 (mip.MTI <- 0b1, mip.STI <- 0b0)
mem[X,0x00000000800013E8] -> 0x95B3
mem[X,0x00000000800013EA] -> 0x0085
[2082] [M]: 0x00000000800013E8 (0x008595B3) sll x11, x11, x8                        common_Mexcpt_handler+56
x11 <- 0x0000000000000298

mem[X,0x00000000800013EC] -> 0x9413
mem[X,0x00000000800013EE] -> 0x03D4
[2083] [M]: 0x00000000800013EC (0x03D49413) slli x8, x9, 0x3d                       common_Mexcpt_handler+60
x8 <- 0x0000000000000000

clint mtime 0x0000000000000412 (mip.MTI <- 0b1, mip.STI <- 0b0)
mem[X,0x00000000800013F0] -> 0x5413
mem[X,0x00000000800013F2] -> 0x43F4
[2084] [M]: 0x00000000800013F0 (0x43F45413) srai x8, x8, 0x3f                       common_Mexcpt_handler+64
x8 <- 0x0000000000000000

mem[X,0x00000000800013F4] -> 0x4413
mem[X,0x00000000800013F6] -> 0xFFF4
[2085] [M]: 0x00000000800013F4 (0xFFF44413) xori x8, x8, -0x1                       common_Mexcpt_handler+68
x8 <- 0xFFFFFFFFFFFFFFFF

clint mtime 0x0000000000000413 (mip.MTI <- 0b1, mip.STI <- 0b0)
mem[X,0x00000000800013F8] -> 0xF4B3
mem[X,0x00000000800013FA] -> 0x0085
[2086] [M]: 0x00000000800013F8 (0x0085F4B3) and x9, x11, x8                         common_Mexcpt_handler+72
x9 <- 0x0000000000000298

mem[X,0x00000000800013FC] -> 0x84B3
mem[X,0x00000000800013FE] -> 0x0024
[2087] [M]: 0x00000000800013FC (0x002484B3) add x9, x9, x2                          vmem_adj_Mepc+0
x9 <- 0x0000000080004298

clint mtime 0x0000000000000414 (mip.MTI <- 0b1, mip.STI <- 0b0)
mem[X,0x0000000080001400] -> 0x23F3
mem[X,0x0000000080001402] -> 0x3410
[2088] [M]: 0x0000000080001400 (0x341023F3) csrrs x7, mepc, x0                      vmem_adj_Mepc+4
CSR mepc (0x341) -> 0x0000000180000F90
x7 <- 0x0000000180000F90

mem[X,0x0000000080001404] -> 0x0413
mem[X,0x0000000080001406] -> 0x0004
[2089] [M]: 0x0000000080001404 (0x00040413) addi x8, x8, 0x0                        vmem_adj_Mepc+8
x8 <- 0xFFFFFFFFFFFFFFFF

clint mtime 0x0000000000000415 (mip.MTI <- 0b1, mip.STI <- 0b0)
mem[X,0x0000000080001408] -> 0x006F
mem[X,0x000000008000140A] -> 0x0400
[2090] [M]: 0x0000000080001408 (0x0400006F) jal x0, 0x40                            vmem_adj_Mepc+12

mem[X,0x0000000080001448] -> 0x8433
mem[X,0x000000008000144A] -> 0x4083
[2091] [M]: 0x0000000080001448 (0x40838433) sub x8, x7, x8                          adj_Mepc+0
x8 <- 0x0000000180000F91

clint mtime 0x0000000000000416 (mip.MTI <- 0b1, mip.STI <- 0b0)
mem[X,0x000000008000144C] -> 0x3823
mem[X,0x000000008000144E] -> 0x0083
[2092] [M]: 0x000000008000144C (0x00833823) sd x8, 0x10(x6)                         sv_Mepc+0
mem[W,0x0000000080008448] <- 0x0000000180000F91

mem[X,0x0000000080001450] -> 0x55B7
mem[X,0x0000000080001452] -> 0x0000
[2093] [M]: 0x0000000080001450 (0x000055B7) lui x11, 0x5                            sv_Mepc+4
x11 <- 0x0000000000005000

clint mtime 0x0000000000000417 (mip.MTI <- 0b1, mip.STI <- 0b0)
mem[X,0x0000000080001454] -> 0x8593
mem[X,0x0000000080001456] -> 0x6675
[2094] [M]: 0x0000000080001454 (0x66758593) addi x11, x11, 0x667                    sv_Mepc+8
x11 <- 0x0000000000005667

mem[X,0x0000000080001458] -> 0x9593
mem[X,0x000000008000145A] -> 0x0015
[2095] [M]: 0x0000000080001458 (0x00159593) slli x11, x11, 0x1                      sv_Mepc+12
x11 <- 0x000000000000ACCE

clint mtime 0x0000000000000418 (mip.MTI <- 0b1, mip.STI <- 0b0)
mem[X,0x000000008000145C] -> 0x9063
mem[X,0x000000008000145E] -> 0x02B1
[2096] [M]: 0x000000008000145C (0x02B19063) bne x3, x11, 0x20                       sv_Mepc+16

mem[X,0x0000000080001460] -> 0x2473
mem[X,0x0000000080001462] -> 0x3420
[2097] [M]: 0x0000000080001460 (0x34202473) csrrs x8, mcause, x0                    sv_Mepc+20
CSR mcause (0x342) -> 0x000000000000000F
x8 <- 0x000000000000000F

clint mtime 0x0000000000000419 (mip.MTI <- 0b1, mip.STI <- 0b0)
mem[X,0x0000000080001464] -> 0x0593
mem[X,0x0000000080001466] -> 0x00C0
[2098] [M]: 0x0000000080001464 (0x00C00593) addi x11, x0, 0xc                       sv_Mepc+24
x11 <- 0x000000000000000C

mem[X,0x0000000080001468] -> 0x0663
mem[X,0x000000008000146A] -> 0x00B4
[2099] [M]: 0x0000000080001468 (0x00B40663) beq x8, x11, 0xc                        sv_Mepc+28

clint mtime 0x000000000000041A (mip.MTI <- 0b1, mip.STI <- 0b0)
mem[X,0x000000008000146C] -> 0x0593
mem[X,0x000000008000146E] -> 0x0010
[2100] [M]: 0x000000008000146C (0x00100593) addi x11, x0, 0x1                       sv_Mepc+32
x11 <- 0x0000000000000001

mem[X,0x0000000080001470] -> 0x1663
mem[X,0x0000000080001472] -> 0x00B4
[2101] [M]: 0x0000000080001470 (0x00B41663) bne x8, x11, 0xc                        sv_Mepc+36

clint mtime 0x000000000000041B (mip.MTI <- 0b1, mip.STI <- 0b0)
mem[X,0x000000008000147C] -> 0xF593
mem[X,0x000000008000147E] -> 0xFFC3
[2102] [M]: 0x000000008000147C (0xFFC3F593) andi x11, x7, -0x4                      adj_Mepc_rtn+0
x11 <- 0x0000000180000F90

mem[X,0x0000000080001480] -> 0x8593
mem[X,0x0000000080001482] -> 0x0085
[2103] [M]: 0x0000000080001480 (0x00858593) addi x11, x11, 0x8                      adj_Mepc_rtn+4
x11 <- 0x0000000180000F98

clint mtime 0x000000000000041C (mip.MTI <- 0b1, mip.STI <- 0b0)
mem[X,0x0000000080001484] -> 0x9073
mem[X,0x0000000080001486] -> 0x3415
[2104] [M]: 0x0000000080001484 (0x34159073) csrrw x0, mepc, x11                     adj_Mepc_rtn+8
CSR mepc (0x341) <- 0x0000000180000F98

mem[X,0x0000000080001488] -> 0x23F3
mem[X,0x000000008000148A] -> 0x3430
[2105] [M]: 0x0000000080001488 (0x343023F3) csrrs x7, mtval, x0                     skp_adj_Mepc+0
CSR mtval (0x343) -> 0x8000000140000418
x7 <- 0x8000000140000418

clint mtime 0x000000000000041D (mip.MTI <- 0b1, mip.STI <- 0b0)
mem[X,0x000000008000148C] -> 0x0413
mem[X,0x000000008000148E] -> 0x0004
[2106] [M]: 0x000000008000148C (0x00040413) addi x8, x8, 0x0                        skp_adj_Mepc+4
x8 <- 0x000000000000000F

mem[X,0x0000000080001490] -> 0x006F
mem[X,0x0000000080001492] -> 0x0840
[2107] [M]: 0x0000000080001490 (0x0840006F) jal x0, 0x84                            skp_adj_Mepc+8

clint mtime 0x000000000000041E (mip.MTI <- 0b1, mip.STI <- 0b0)
mem[X,0x0000000080001514] -> 0x8433
mem[X,0x0000000080001516] -> 0x4083
[2108] [M]: 0x0000000080001514 (0x40838433) sub x8, x7, x8                          adj_Mtval+0
x8 <- 0x8000000140000409

mem[X,0x0000000080001518] -> 0x3C23
mem[X,0x000000008000151A] -> 0x0083
[2109] [M]: 0x0000000080001518 (0x00833C23) sd x8, 0x18(x6)                         sv_Mtval+0
mem[W,0x0000000080008450] <- 0x8000000140000409

clint mtime 0x000000000000041F (mip.MTI <- 0b1, mip.STI <- 0b0)
mem[X,0x000000008000151C] -> 0x3483
mem[X,0x000000008000151E] -> 0x2181
[2110] [M]: 0x000000008000151C (0x21813483) ld x9, 0x218(x2)                        skp_Mtval+0
mem[R,0x0000000080004218] -> 0x0000000080008458
x9 <- 0x0000000080008458

mem[X,0x0000000080001520] -> 0x3383
mem[X,0x0000000080001522] -> 0x1F81
[2111] [M]: 0x0000000080001520 (0x1F813383) ld x7, 0x1f8(x2)                        skp_Mtval+4
mem[R,0x00000000800041F8] -> 0x0000000080008110
x7 <- 0x0000000080008110

clint mtime 0x0000000000000420 (mip.MTI <- 0b1, mip.STI <- 0b0)
mem[X,0x0000000080001524] -> 0x3303
mem[X,0x0000000080001526] -> 0x2001
[2112] [M]: 0x0000000080001524 (0x20013303) ld x6, 0x200(x2)                        skp_Mtval+8
mem[R,0x0000000080004200] -> 0x0000000000000410
x6 <- 0x0000000000000410

mem[X,0x0000000080001528] -> 0x0333
mem[X,0x000000008000152A] -> 0x0073
[2113] [M]: 0x0000000080001528 (0x00730333) add x6, x6, x7                          skp_Mtval+12
x6 <- 0x0000000080008520

clint mtime 0x0000000000000421 (mip.MTI <- 0b1, mip.STI <- 0b0)
mem[X,0x000000008000152C] -> 0x6AE3
mem[X,0x000000008000152E] -> 0xAE93
[2114] [M]: 0x000000008000152C (0xAE936AE3) bltu x6, x9, -0x50c                     skp_Mtval+16

mem[X,0x0000000080001530] -> 0x0393
mem[X,0x0000000080001532] -> 0x2000
[2115] [M]: 0x0000000080001530 (0x20000393) addi x7, x0, 0x200                      skp_Mtval+20
x7 <- 0x0000000000000200

clint mtime 0x0000000000000422 (mip.MTI <- 0b1, mip.STI <- 0b0)
mem[X,0x0000000080001534] -> 0x006F
mem[X,0x0000000080001536] -> 0x0400
[2116] [M]: 0x0000000080001534 (0x0400006F) jal x0, 0x40                            skp_Mtval+24

mem[X,0x0000000080001574] -> 0x0417
mem[X,0x0000000080001576] -> 0x0000
[2117] [M]: 0x0000000080001574 (0x00000417) auipc x8, 0x0                           spcl_Mhandler+0
x8 <- 0x0000000080001574

clint mtime 0x0000000000000423 (mip.MTI <- 0b1, mip.STI <- 0b0)
mem[X,0x0000000080001578] -> 0x0413
mem[X,0x000000008000157A] -> 0x03C4
[2118] [M]: 0x0000000080001578 (0x03C40413) addi x8, x8, 0x3c                       spcl_Mhandler+4
x8 <- 0x00000000800015B0

mem[X,0x000000008000157C] -> 0x0433
mem[X,0x000000008000157E] -> 0x0074
[2119] [M]: 0x000000008000157C (0x00740433) add x8, x8, x7                          spcl_Mhandler+8
x8 <- 0x00000000800017B0

clint mtime 0x0000000000000424 (mip.MTI <- 0b1, mip.STI <- 0b0)
mem[X,0x0000000080001580] -> 0x1393
mem[X,0x0000000080001582] -> 0x0035
[2120] [M]: 0x0000000080001580 (0x00351393) slli x7, x10, 0x3                       spcl_Mhandler+12
x7 <- 0x0000000000000078

mem[X,0x0000000080001584] -> 0x0433
mem[X,0x0000000080001586] -> 0x0074
[2121] [M]: 0x0000000080001584 (0x00740433) add x8, x8, x7                          spcl_Mhandler+16
x8 <- 0x0000000080001828

clint mtime 0x0000000000000425 (mip.MTI <- 0b1, mip.STI <- 0b0)
mem[X,0x0000000080001588] -> 0x7413
mem[X,0x000000008000158A] -> 0xFF84
[2122] [M]: 0x0000000080001588 (0xFF847413) andi x8, x8, -0x8                       spcl_Mhandler+20
x8 <- 0x0000000080001828

mem[X,0x000000008000158C] -> 0x3403
mem[X,0x000000008000158E] -> 0x0004
[2123] [M]: 0x000000008000158C (0x00043403) ld x8, 0x0(x8)                          spcl_Mhandler+24
mem[R,0x0000000080001828] -> 0x000000000000001F
x8 <- 0x000000000000001F

clint mtime 0x0000000000000426 (mip.MTI <- 0b1, mip.STI <- 0b0)
mem[X,0x0000000080001590] -> 0x02E3
mem[X,0x0000000080001592] -> 0xB204
[2124] [M]: 0x0000000080001590 (0xB20402E3) beq x8, x0, -0x4dc                      spcl_Mdispatch_hndling+0

mem[X,0x0000000080001594] -> 0x1393
mem[X,0x0000000080001596] -> 0x03F4
[2125] [M]: 0x0000000080001594 (0x03F41393) slli x7, x8, 0x3f                       spcl_Mdispatch_hndling+4
x7 <- 0x8000000000000000

clint mtime 0x0000000000000427 (mip.MTI <- 0b1, mip.STI <- 0b0)
mem[X,0x0000000080001598] -> 0xD863
mem[X,0x000000008000159A] -> 0x0003
[2126] [M]: 0x0000000080001598 (0x0003D863) bge x7, x0, 0x10                        spcl_Mdispatch_hndling+8

mem[X,0x000000008000159C] -> 0x5413
mem[X,0x000000008000159E] -> 0x0014
[2127] [M]: 0x000000008000159C (0x00145413) srli x8, x8, 0x1                        spcl_Mdispatch_hndling+12
x8 <- 0x000000000000000F

clint mtime 0x0000000000000428 (mip.MTI <- 0b1, mip.STI <- 0b0)
mem[X,0x00000000800015A0] -> 0x0CE3
mem[X,0x00000000800015A2] -> 0xF885
[2128] [M]: 0x00000000800015A0 (0xF8850CE3) beq x10, x8, -0x68                      spcl_Mdispatch_hndling+16

mem[X,0x0000000080001538] -> 0x3303
mem[X,0x000000008000153A] -> 0x2601
[2129] [M]: 0x0000000080001538 (0x26013303) ld x6, 0x260(x2)                        resto_Mrtn+0
mem[R,0x0000000080004260] -> 0xFFFFFFFF7FFFF26C
x6 <- 0xFFFFFFFF7FFFF26C

clint mtime 0x0000000000000429 (mip.MTI <- 0b1, mip.STI <- 0b0)
mem[X,0x000000008000153C] -> 0x3383
mem[X,0x000000008000153E] -> 0x2681
[2130] [M]: 0x000000008000153C (0x26813383) ld x7, 0x268(x2)                        resto_Mrtn+4
mem[R,0x0000000080004268] -> 0x0000000080004000
x7 <- 0x0000000080004000

mem[X,0x0000000080001540] -> 0x3403
mem[X,0x0000000080001542] -> 0x2701
[2131] [M]: 0x0000000080001540 (0x27013403) ld x8, 0x270(x2)                        resto_Mrtn+8
mem[R,0x0000000080004270] -> 0x0000000000007F76
x8 <- 0x0000000000007F76

clint mtime 0x000000000000042A (mip.MTI <- 0b1, mip.STI <- 0b0)
mem[X,0x0000000080001544] -> 0x3483
mem[X,0x0000000080001546] -> 0x2781
[2132] [M]: 0x0000000080001544 (0x27813483) ld x9, 0x278(x2)                        resto_Mrtn+12
mem[R,0x0000000080004278] -> 0x00000001000001C8
x9 <- 0x00000001000001C8

mem[X,0x0000000080001548] -> 0x3503
mem[X,0x000000008000154A] -> 0x2801
[2133] [M]: 0x0000000080001548 (0x28013503) ld x10, 0x280(x2)                       resto_Mrtn+16
mem[R,0x0000000080004280] -> 0x00000000200000CF
x10 <- 0x00000000200000CF

clint mtime 0x000000000000042B (mip.MTI <- 0b1, mip.STI <- 0b0)
mem[X,0x000000008000154C] -> 0x3583
mem[X,0x000000008000154E] -> 0x2881
[2134] [M]: 0x000000008000154C (0x28813583) ld x11, 0x288(x2)                       resto_Mrtn+20
mem[R,0x0000000080004288] -> 0x00000000000000CF
x11 <- 0x00000000000000CF

mem[X,0x0000000080001550] -> 0x3103
mem[X,0x0000000080001552] -> 0x2901
[2135] [M]: 0x0000000080001550 (0x29013103) ld x2, 0x290(x2)                        resto_Mrtn+24
mem[R,0x0000000080004290] -> 0x0000000000000000
x2 <- 0x0000000000000000

clint mtime 0x000000000000042C (mip.MTI <- 0b1, mip.STI <- 0b0)
mem[X,0x0000000080001554] -> 0x0073
mem[X,0x0000000080001556] -> 0x3020
[2136] [M]: 0x0000000080001554 (0x30200073) mret                                    resto_Mrtn+28
CSR mstatus (0x300) <- 0x0000000A00000080
ret-ing from M to S

mem[X,0x0000000080000F98] -> 0xA703
mem[X,0x0000000080000F9A] -> 0x0147
[2137] [S]: 0x0000000180000F98 (0x0147A703) lw x14, 0x14(x15)                       va_rvtest_code_begin+1980
trapping from S to M to handle load-page-fault
handling exc#load-page-fault at priv M with tval 0x8000000140000418
CSR mstatus (0x300) <- 0x0000000A00000800
CSR mcause (0x342) <- 0x000000000000000D
CSR mtval (0x343) <- 0x8000000140000418
CSR mepc (0x341) <- 0x0000000180000F98

clint mtime 0x000000000000042D (mip.MTI <- 0b1, mip.STI <- 0b0)
mem[X,0x0000000080001100] -> 0x006F
mem[X,0x0000000080001102] -> 0x1000
[2138] [M]: 0x0000000080001100 (0x1000006F) jal x0, 0x100                           Mtrampoline+0

mem[X,0x0000000080001200] -> 0x1173
mem[X,0x0000000080001202] -> 0x3401
[2139] [M]: 0x0000000080001200 (0x34011173) csrrw x2, mscratch, x2                  trap_Mhandler+0
CSR mscratch (0x340) <- 0x0000000000000000
x2 <- 0x0000000080004000

clint mtime 0x000000000000042E (mip.MTI <- 0b1, mip.STI <- 0b0)
mem[X,0x0000000080001204] -> 0x3423
mem[X,0x0000000080001206] -> 0x28B1
[2140] [M]: 0x0000000080001204 (0x28B13423) sd x11, 0x288(x2)                       trap_Mhandler+4
mem[W,0x0000000080004288] <- 0x00000000000000CF

mem[X,0x0000000080001208] -> 0x05EF
mem[X,0x000000008000120A] -> 0x0B80
[2141] [M]: 0x0000000080001208 (0x0B8005EF) jal x11, 0xb8                           trap_Mhandler+8
x11 <- 0x000000008000120C

clint mtime 0x000000000000042F (mip.MTI <- 0b1, mip.STI <- 0b0)
mem[X,0x00000000800012C0] -> 0x3023
mem[X,0x00000000800012C2] -> 0x28A1
[2142] [M]: 0x00000000800012C0 (0x28A13023) sd x10, 0x280(x2)                       common_Mhandler+0
mem[W,0x0000000080004280] <- 0x00000000200000CF

mem[X,0x00000000800012C4] -> 0x1573
mem[X,0x00000000800012C6] -> 0x3401
[2143] [M]: 0x00000000800012C4 (0x34011573) csrrw x10, mscratch, x2                 common_Mhandler+4
CSR mscratch (0x340) <- 0x0000000080004000
x10 <- 0x0000000000000000

clint mtime 0x0000000000000430 (mip.MTI <- 0b1, mip.STI <- 0b0)
mem[X,0x00000000800012C8] -> 0x3823
mem[X,0x00000000800012CA] -> 0x28A1
[2144] [M]: 0x00000000800012C8 (0x28A13823) sd x10, 0x290(x2)                       common_Mhandler+8
mem[W,0x0000000080004290] <- 0x0000000000000000

mem[X,0x00000000800012CC] -> 0x3503
mem[X,0x00000000800012CE] -> 0x2301
[2145] [M]: 0x00000000800012CC (0x23013503) ld x10, 0x230(x2)                       common_Mhandler+12
mem[R,0x0000000080004230] -> 0x00000000800012D4
x10 <- 0x00000000800012D4

clint mtime 0x0000000000000431 (mip.MTI <- 0b1, mip.STI <- 0b0)
mem[X,0x00000000800012D0] -> 0x0067
mem[X,0x00000000800012D2] -> 0x0005
[2146] [M]: 0x00000000800012D0 (0x00050067) jalr x0, 0x0(x10)                       common_Mhandler+16

mem[X,0x00000000800012D4] -> 0x3C23
mem[X,0x00000000800012D6] -> 0x2691
[2147] [M]: 0x00000000800012D4 (0x26913C23) sd x9, 0x278(x2)                        common_Mentry+0
mem[W,0x0000000080004278] <- 0x00000001000001C8

clint mtime 0x0000000000000432 (mip.MTI <- 0b1, mip.STI <- 0b0)
mem[X,0x00000000800012D8] -> 0x3823
mem[X,0x00000000800012DA] -> 0x2681
[2148] [M]: 0x00000000800012D8 (0x26813823) sd x8, 0x270(x2)                        common_Mentry+4
mem[W,0x0000000080004270] <- 0x0000000000007F76

mem[X,0x00000000800012DC] -> 0x3423
mem[X,0x00000000800012DE] -> 0x2671
[2149] [M]: 0x00000000800012DC (0x26713423) sd x7, 0x268(x2)                        common_Mentry+8
mem[W,0x0000000080004268] <- 0x0000000080004000

clint mtime 0x0000000000000433 (mip.MTI <- 0b1, mip.STI <- 0b0)
mem[X,0x00000000800012E0] -> 0x3023
mem[X,0x00000000800012E2] -> 0x2661
[2150] [M]: 0x00000000800012E0 (0x26613023) sd x6, 0x260(x2)                        common_Mentry+12
mem[W,0x0000000080004260] <- 0xFFFFFFFF7FFFF26C

mem[X,0x00000000800012E4] -> 0x2573
mem[X,0x00000000800012E6] -> 0x3420
[2151] [M]: 0x00000000800012E4 (0x34202573) csrrs x10, mcause, x0                   spcl_M2mmode_test+0
CSR mcause (0x342) -> 0x000000000000000D
x10 <- 0x000000000000000D

clint mtime 0x0000000000000434 (mip.MTI <- 0b1, mip.STI <- 0b0)
mem[X,0x00000000800012E8] -> 0x04B7
mem[X,0x00000000800012EA] -> 0x8000
[2152] [M]: 0x00000000800012E8 (0x800004B7) lui x9, -0x80000                        spcl_M2mmode_test+4
x9 <- 0xFFFFFFFF80000000

mem[X,0x00000000800012EC] -> 0x8493
mem[X,0x00000000800012EE] -> 0x0004
[2153] [M]: 0x00000000800012EC (0x00048493) addi x9, x9, 0x0                        spcl_M2mmode_test+8
x9 <- 0xFFFFFFFF80000000

clint mtime 0x0000000000000435 (mip.MTI <- 0b1, mip.STI <- 0b0)
mem[X,0x00000000800012F0] -> 0x9493
mem[X,0x00000000800012F2] -> 0x00B4
[2154] [M]: 0x00000000800012F0 (0x00B49493) slli x9, x9, 0xb                        spcl_M2mmode_test+12
x9 <- 0xFFFFFC0000000000

mem[X,0x00000000800012F4] -> 0x8493
mem[X,0x00000000800012F6] -> 0x0004
[2155] [M]: 0x00000000800012F4 (0x00048493) addi x9, x9, 0x0                        spcl_M2mmode_test+16
x9 <- 0xFFFFFC0000000000

clint mtime 0x0000000000000436 (mip.MTI <- 0b1, mip.STI <- 0b0)
mem[X,0x00000000800012F8] -> 0x9493
mem[X,0x00000000800012FA] -> 0x00B4
[2156] [M]: 0x00000000800012F8 (0x00B49493) slli x9, x9, 0xb                        spcl_M2mmode_test+20
x9 <- 0xFFE0000000000000

mem[X,0x00000000800012FC] -> 0x8493
mem[X,0x00000000800012FE] -> 0x0034
[2157] [M]: 0x00000000800012FC (0x00348493) addi x9, x9, 0x3                        spcl_M2mmode_test+24
x9 <- 0xFFE0000000000003

clint mtime 0x0000000000000437 (mip.MTI <- 0b1, mip.STI <- 0b0)
mem[X,0x0000000080001300] -> 0x9493
mem[X,0x0000000080001302] -> 0x00A4
[2158] [M]: 0x0000000080001300 (0x00A49493) slli x9, x9, 0xa                        spcl_M2mmode_test+28
x9 <- 0x8000000000000C00

mem[X,0x0000000080001304] -> 0x8493
mem[X,0x0000000080001306] -> 0x3FC4
[2159] [M]: 0x0000000080001304 (0x3FC48493) addi x9, x9, 0x3fc                      spcl_M2mmode_test+32
x9 <- 0x8000000000000FFC

clint mtime 0x0000000000000438 (mip.MTI <- 0b1, mip.STI <- 0b0)
mem[X,0x0000000080001308] -> 0xF4B3
mem[X,0x000000008000130A] -> 0x00A4
[2160] [M]: 0x0000000080001308 (0x00A4F4B3) and x9, x9, x10                         spcl_M2mmode_test+36
x9 <- 0x000000000000000C

mem[X,0x000000008000130C] -> 0x8493
mem[X,0x000000008000130E] -> 0xFF84
[2161] [M]: 0x000000008000130C (0xFF848493) addi x9, x9, -0x8                       spcl_M2mmode_test+40
x9 <- 0x0000000000000004

clint mtime 0x0000000000000439 (mip.MTI <- 0b1, mip.STI <- 0b0)
mem[X,0x0000000080001310] -> 0x9663
mem[X,0x0000000080001312] -> 0x0004
[2162] [M]: 0x0000000080001310 (0x00049663) bne x9, x0, 0xc                         spcl_M2mmode_test+44

mem[X,0x000000008000131C] -> 0x0393
mem[X,0x000000008000131E] -> 0x0200
[2163] [M]: 0x000000008000131C (0x02000393) addi x7, x0, 0x20                       Mtrapsig_ptr_upd+0
x7 <- 0x0000000000000020

clint mtime 0x000000000000043A (mip.MTI <- 0b1, mip.STI <- 0b0)
mem[X,0x0000000080001320] -> 0x5263
mem[X,0x0000000080001322] -> 0x0405
[2164] [M]: 0x0000000080001320 (0x04055263) bge x10, x0, 0x44                       Mtrapsig_ptr_upd+4

mem[X,0x0000000080001364] -> 0x2373
mem[X,0x0000000080001366] -> 0x3010
[2165] [M]: 0x0000000080001364 (0x30102373) csrrs x6, misa, x0                      Mxcpt_sig_sv+0
CSR misa (0x301) -> 0x800000000034112F
x6 <- 0x800000000034112F

clint mtime 0x000000000000043B (mip.MTI <- 0b1, mip.STI <- 0b0)
mem[X,0x0000000080001368] -> 0x1313
mem[X,0x000000008000136A] -> 0x0383
[2166] [M]: 0x0000000080001368 (0x03831313) slli x6, x6, 0x38                       Mxcpt_sig_sv+4
x6 <- 0x2F00000000000000

mem[X,0x000000008000136C] -> 0x5463
mem[X,0x000000008000136E] -> 0x0003
[2167] [M]: 0x000000008000136C (0x00035463) bge x6, x0, 0x8                         Mxcpt_sig_sv+8

clint mtime 0x000000000000043C (mip.MTI <- 0b1, mip.STI <- 0b0)
mem[X,0x0000000080001374] -> 0x3303
mem[X,0x0000000080001376] -> 0x2181
[2168] [M]: 0x0000000080001374 (0x21813303) ld x6, 0x218(x2)                        Mtrap_sig_sv+0
mem[R,0x0000000080004218] -> 0x0000000080008458
x6 <- 0x0000000080008458

mem[X,0x0000000080001378] -> 0x04B3
mem[X,0x000000008000137A] -> 0x0073
[2169] [M]: 0x0000000080001378 (0x007304B3) add x9, x6, x7                          Mtrap_sig_sv+4
x9 <- 0x0000000080008478

clint mtime 0x000000000000043D (mip.MTI <- 0b1, mip.STI <- 0b0)
mem[X,0x000000008000137C] -> 0x3C23
mem[X,0x000000008000137E] -> 0x2091
[2170] [M]: 0x000000008000137C (0x20913C23) sd x9, 0x218(x2)                        Mtrap_sig_sv+8
mem[W,0x0000000080004218] <- 0x0000000080008478

mem[X,0x0000000080001380] -> 0x3403
mem[X,0x0000000080001382] -> 0x1F81
[2171] [M]: 0x0000000080001380 (0x1F813403) ld x8, 0x1f8(x2)                        Mtrap_sig_sv+12
mem[R,0x00000000800041F8] -> 0x0000000080008110
x8 <- 0x0000000080008110

clint mtime 0x000000000000043E (mip.MTI <- 0b1, mip.STI <- 0b0)
mem[X,0x0000000080001384] -> 0x0333
mem[X,0x0000000080001386] -> 0x4083
[2172] [M]: 0x0000000080001384 (0x40830333) sub x6, x6, x8                          Mtrap_sig_sv+16
x6 <- 0x0000000000000348

mem[X,0x0000000080001388] -> 0x3403
mem[X,0x000000008000138A] -> 0x1F81
[2173] [M]: 0x0000000080001388 (0x1F813403) ld x8, 0x1f8(x2)                        Mtrap_sig_sv+20
mem[R,0x00000000800041F8] -> 0x0000000080008110
x8 <- 0x0000000080008110

clint mtime 0x000000000000043F (mip.MTI <- 0b1, mip.STI <- 0b0)
mem[X,0x000000008000138C] -> 0x0333
mem[X,0x000000008000138E] -> 0x0083
[2174] [M]: 0x000000008000138C (0x00830333) add x6, x6, x8                          Mtrap_sig_sv+24
x6 <- 0x0000000080008458

mem[X,0x0000000080001390] -> 0x3403
mem[X,0x0000000080001392] -> 0x2401
[2175] [M]: 0x0000000080001390 (0x24013403) ld x8, 0x240(x2)                        Mtrap_sig_sv+28
mem[R,0x0000000080004240] -> 0x0000000080001100
x8 <- 0x0000000080001100

clint mtime 0x0000000000000440 (mip.MTI <- 0b1, mip.STI <- 0b0)
mem[X,0x0000000080001394] -> 0x85B3
mem[X,0x0000000080001396] -> 0x4085
[2176] [M]: 0x0000000080001394 (0x408585B3) sub x11, x11, x8                        sv_Mvect+0
x11 <- 0x000000000000010C

mem[X,0x0000000080001398] -> 0x9593
mem[X,0x000000008000139A] -> 0x0045
[2177] [M]: 0x0000000080001398 (0x00459593) slli x11, x11, 0x4                      sv_Mvect+4
x11 <- 0x00000000000010C0

clint mtime 0x0000000000000441 (mip.MTI <- 0b1, mip.STI <- 0b0)
mem[X,0x000000008000139C] -> 0xE5B3
mem[X,0x000000008000139E] -> 0x0075
[2178] [M]: 0x000000008000139C (0x0075E5B3) or x11, x11, x7                         sv_Mvect+8
x11 <- 0x00000000000010E0

mem[X,0x00000000800013A0] -> 0x8593
mem[X,0x00000000800013A2] -> 0x0035
[2179] [M]: 0x00000000800013A0 (0x00358593) addi x11, x11, 0x3                      sv_Mvect+12
x11 <- 0x00000000000010E3

clint mtime 0x0000000000000442 (mip.MTI <- 0b1, mip.STI <- 0b0)
mem[X,0x00000000800013A4] -> 0x3023
mem[X,0x00000000800013A6] -> 0x00B3
[2180] [M]: 0x00000000800013A4 (0x00B33023) sd x11, 0x0(x6)                         sv_Mvect+16
mem[W,0x0000000080008458] <- 0x00000000000010E3

mem[X,0x00000000800013A8] -> 0x3423
mem[X,0x00000000800013AA] -> 0x00A3
[2181] [M]: 0x00000000800013A8 (0x00A33423) sd x10, 0x8(x6)                         sv_Mcause+0
mem[W,0x0000000080008460] <- 0x000000000000000D

clint mtime 0x0000000000000443 (mip.MTI <- 0b1, mip.STI <- 0b0)
mem[X,0x00000000800013AC] -> 0x4663
mem[X,0x00000000800013AE] -> 0x1A05
[2182] [M]: 0x00000000800013AC (0x1A054663) blt x10, x0, 0x1ac                      sv_Mcause+4

mem[X,0x00000000800013B0] -> 0x25F3
mem[X,0x00000000800013B2] -> 0x3000
[2183] [M]: 0x00000000800013B0 (0x300025F3) csrrs x11, mstatus, x0                  common_Mexcpt_handler+0
CSR mstatus (0x300) -> 0x0000000A00000800
x11 <- 0x0000000A00000800

clint mtime 0x0000000000000444 (mip.MTI <- 0b1, mip.STI <- 0b0)
mem[X,0x00000000800013B4] -> 0x9413
mem[X,0x00000000800013B6] -> 0x02E5
[2184] [M]: 0x00000000800013B4 (0x02E59413) slli x8, x11, 0x2e                      common_Mexcpt_handler+4
x8 <- 0x0200000000000000

mem[X,0x00000000800013B8] -> 0x5463
mem[X,0x00000000800013BA] -> 0x0004
[2185] [M]: 0x00000000800013B8 (0x00045463) bge x8, x0, 0x8                         common_Mexcpt_handler+8

clint mtime 0x0000000000000445 (mip.MTI <- 0b1, mip.STI <- 0b0)
mem[X,0x00000000800013C0] -> 0xD493
mem[X,0x00000000800013C2] -> 0x00B5
[2186] [M]: 0x00000000800013C0 (0x00B5D493) srli x9, x11, 0xb                       common_Mexcpt_handler+16
x9 <- 0x0000000001400001

mem[X,0x00000000800013C4] -> 0xF493
mem[X,0x00000000800013C6] -> 0x0034
[2187] [M]: 0x00000000800013C4 (0x0034F493) andi x9, x9, 0x3                        common_Mexcpt_handler+20
x9 <- 0x0000000000000001

clint mtime 0x0000000000000446 (mip.MTI <- 0b1, mip.STI <- 0b0)
mem[X,0x00000000800013C8] -> 0x8493
mem[X,0x00000000800013CA] -> 0x0014
[2188] [M]: 0x00000000800013C8 (0x00148493) addi x9, x9, 0x1                        common_Mexcpt_handler+24
x9 <- 0x0000000000000002

mem[X,0x00000000800013CC] -> 0xF493
mem[X,0x00000000800013CE] -> 0x0044
[2189] [M]: 0x00000000800013CC (0x0044F493) andi x9, x9, 0x4                        common_Mexcpt_handler+28
x9 <- 0x0000000000000000

clint mtime 0x0000000000000447 (mip.MTI <- 0b1, mip.STI <- 0b0)
mem[X,0x00000000800013D0] -> 0x0593
mem[X,0x00000000800013D2] -> 0x05D0
[2190] [M]: 0x00000000800013D0 (0x05D00593) addi x11, x0, 0x5d                      common_Mexcpt_handler+32
x11 <- 0x000000000000005D

mem[X,0x00000000800013D4] -> 0xD5B3
mem[X,0x00000000800013D6] -> 0x0095
[2191] [M]: 0x00000000800013D4 (0x0095D5B3) srl x11, x11, x9                        common_Mexcpt_handler+36
x11 <- 0x000000000000005D

clint mtime 0x0000000000000448 (mip.MTI <- 0b1, mip.STI <- 0b0)
mem[X,0x00000000800013D8] -> 0xF593
mem[X,0x00000000800013DA] -> 0x0015
[2192] [M]: 0x00000000800013D8 (0x0015F593) andi x11, x11, 0x1                      common_Mexcpt_handler+40
x11 <- 0x0000000000000001

mem[X,0x00000000800013DC] -> 0x8EE3
mem[X,0x00000000800013DE] -> 0xF405
[2193] [M]: 0x00000000800013DC (0xF4058EE3) beq x11, x0, -0xa4                      common_Mexcpt_handler+44

clint mtime 0x0000000000000449 (mip.MTI <- 0b1, mip.STI <- 0b0)
mem[X,0x00000000800013E0] -> 0x0593
mem[X,0x00000000800013E2] -> 0x2980
[2194] [M]: 0x00000000800013E0 (0x29800593) addi x11, x0, 0x298                     common_Mexcpt_handler+48
x11 <- 0x0000000000000298

mem[X,0x00000000800013E4] -> 0xF413
mem[X,0x00000000800013E6] -> 0x0014
[2195] [M]: 0x00000000800013E4 (0x0014F413) andi x8, x9, 0x1                        common_Mexcpt_handler+52
x8 <- 0x0000000000000000

clint mtime 0x000000000000044A (mip.MTI <- 0b1, mip.STI <- 0b0)
mem[X,0x00000000800013E8] -> 0x95B3
mem[X,0x00000000800013EA] -> 0x0085
[2196] [M]: 0x00000000800013E8 (0x008595B3) sll x11, x11, x8                        common_Mexcpt_handler+56
x11 <- 0x0000000000000298

mem[X,0x00000000800013EC] -> 0x9413
mem[X,0x00000000800013EE] -> 0x03D4
[2197] [M]: 0x00000000800013EC (0x03D49413) slli x8, x9, 0x3d                       common_Mexcpt_handler+60
x8 <- 0x0000000000000000

clint mtime 0x000000000000044B (mip.MTI <- 0b1, mip.STI <- 0b0)
mem[X,0x00000000800013F0] -> 0x5413
mem[X,0x00000000800013F2] -> 0x43F4
[2198] [M]: 0x00000000800013F0 (0x43F45413) srai x8, x8, 0x3f                       common_Mexcpt_handler+64
x8 <- 0x0000000000000000

mem[X,0x00000000800013F4] -> 0x4413
mem[X,0x00000000800013F6] -> 0xFFF4
[2199] [M]: 0x00000000800013F4 (0xFFF44413) xori x8, x8, -0x1                       common_Mexcpt_handler+68
x8 <- 0xFFFFFFFFFFFFFFFF

clint mtime 0x000000000000044C (mip.MTI <- 0b1, mip.STI <- 0b0)
mem[X,0x00000000800013F8] -> 0xF4B3
mem[X,0x00000000800013FA] -> 0x0085
[2200] [M]: 0x00000000800013F8 (0x0085F4B3) and x9, x11, x8                         common_Mexcpt_handler+72
x9 <- 0x0000000000000298

mem[X,0x00000000800013FC] -> 0x84B3
mem[X,0x00000000800013FE] -> 0x0024
[2201] [M]: 0x00000000800013FC (0x002484B3) add x9, x9, x2                          vmem_adj_Mepc+0
x9 <- 0x0000000080004298

clint mtime 0x000000000000044D (mip.MTI <- 0b1, mip.STI <- 0b0)
mem[X,0x0000000080001400] -> 0x23F3
mem[X,0x0000000080001402] -> 0x3410
[2202] [M]: 0x0000000080001400 (0x341023F3) csrrs x7, mepc, x0                      vmem_adj_Mepc+4
CSR mepc (0x341) -> 0x0000000180000F98
x7 <- 0x0000000180000F98

mem[X,0x0000000080001404] -> 0x0413
mem[X,0x0000000080001406] -> 0x0004
[2203] [M]: 0x0000000080001404 (0x00040413) addi x8, x8, 0x0                        vmem_adj_Mepc+8
x8 <- 0xFFFFFFFFFFFFFFFF

clint mtime 0x000000000000044E (mip.MTI <- 0b1, mip.STI <- 0b0)
mem[X,0x0000000080001408] -> 0x006F
mem[X,0x000000008000140A] -> 0x0400
[2204] [M]: 0x0000000080001408 (0x0400006F) jal x0, 0x40                            vmem_adj_Mepc+12

mem[X,0x0000000080001448] -> 0x8433
mem[X,0x000000008000144A] -> 0x4083
[2205] [M]: 0x0000000080001448 (0x40838433) sub x8, x7, x8                          adj_Mepc+0
x8 <- 0x0000000180000F99

clint mtime 0x000000000000044F (mip.MTI <- 0b1, mip.STI <- 0b0)
mem[X,0x000000008000144C] -> 0x3823
mem[X,0x000000008000144E] -> 0x0083
[2206] [M]: 0x000000008000144C (0x00833823) sd x8, 0x10(x6)                         sv_Mepc+0
mem[W,0x0000000080008468] <- 0x0000000180000F99

mem[X,0x0000000080001450] -> 0x55B7
mem[X,0x0000000080001452] -> 0x0000
[2207] [M]: 0x0000000080001450 (0x000055B7) lui x11, 0x5                            sv_Mepc+4
x11 <- 0x0000000000005000

clint mtime 0x0000000000000450 (mip.MTI <- 0b1, mip.STI <- 0b0)
mem[X,0x0000000080001454] -> 0x8593
mem[X,0x0000000080001456] -> 0x6675
[2208] [M]: 0x0000000080001454 (0x66758593) addi x11, x11, 0x667                    sv_Mepc+8
x11 <- 0x0000000000005667

mem[X,0x0000000080001458] -> 0x9593
mem[X,0x000000008000145A] -> 0x0015
[2209] [M]: 0x0000000080001458 (0x00159593) slli x11, x11, 0x1                      sv_Mepc+12
x11 <- 0x000000000000ACCE

clint mtime 0x0000000000000451 (mip.MTI <- 0b1, mip.STI <- 0b0)
mem[X,0x000000008000145C] -> 0x9063
mem[X,0x000000008000145E] -> 0x02B1
[2210] [M]: 0x000000008000145C (0x02B19063) bne x3, x11, 0x20                       sv_Mepc+16

mem[X,0x0000000080001460] -> 0x2473
mem[X,0x0000000080001462] -> 0x3420
[2211] [M]: 0x0000000080001460 (0x34202473) csrrs x8, mcause, x0                    sv_Mepc+20
CSR mcause (0x342) -> 0x000000000000000D
x8 <- 0x000000000000000D

clint mtime 0x0000000000000452 (mip.MTI <- 0b1, mip.STI <- 0b0)
mem[X,0x0000000080001464] -> 0x0593
mem[X,0x0000000080001466] -> 0x00C0
[2212] [M]: 0x0000000080001464 (0x00C00593) addi x11, x0, 0xc                       sv_Mepc+24
x11 <- 0x000000000000000C

mem[X,0x0000000080001468] -> 0x0663
mem[X,0x000000008000146A] -> 0x00B4
[2213] [M]: 0x0000000080001468 (0x00B40663) beq x8, x11, 0xc                        sv_Mepc+28

clint mtime 0x0000000000000453 (mip.MTI <- 0b1, mip.STI <- 0b0)
mem[X,0x000000008000146C] -> 0x0593
mem[X,0x000000008000146E] -> 0x0010
[2214] [M]: 0x000000008000146C (0x00100593) addi x11, x0, 0x1                       sv_Mepc+32
x11 <- 0x0000000000000001

mem[X,0x0000000080001470] -> 0x1663
mem[X,0x0000000080001472] -> 0x00B4
[2215] [M]: 0x0000000080001470 (0x00B41663) bne x8, x11, 0xc                        sv_Mepc+36

clint mtime 0x0000000000000454 (mip.MTI <- 0b1, mip.STI <- 0b0)
mem[X,0x000000008000147C] -> 0xF593
mem[X,0x000000008000147E] -> 0xFFC3
[2216] [M]: 0x000000008000147C (0xFFC3F593) andi x11, x7, -0x4                      adj_Mepc_rtn+0
x11 <- 0x0000000180000F98

mem[X,0x0000000080001480] -> 0x8593
mem[X,0x0000000080001482] -> 0x0085
[2217] [M]: 0x0000000080001480 (0x00858593) addi x11, x11, 0x8                      adj_Mepc_rtn+4
x11 <- 0x0000000180000FA0

clint mtime 0x0000000000000455 (mip.MTI <- 0b1, mip.STI <- 0b0)
mem[X,0x0000000080001484] -> 0x9073
mem[X,0x0000000080001486] -> 0x3415
[2218] [M]: 0x0000000080001484 (0x34159073) csrrw x0, mepc, x11                     adj_Mepc_rtn+8
CSR mepc (0x341) <- 0x0000000180000FA0

mem[X,0x0000000080001488] -> 0x23F3
mem[X,0x000000008000148A] -> 0x3430
[2219] [M]: 0x0000000080001488 (0x343023F3) csrrs x7, mtval, x0                     skp_adj_Mepc+0
CSR mtval (0x343) -> 0x8000000140000418
x7 <- 0x8000000140000418

clint mtime 0x0000000000000456 (mip.MTI <- 0b1, mip.STI <- 0b0)
mem[X,0x000000008000148C] -> 0x0413
mem[X,0x000000008000148E] -> 0x0004
[2220] [M]: 0x000000008000148C (0x00040413) addi x8, x8, 0x0                        skp_adj_Mepc+4
x8 <- 0x000000000000000D

mem[X,0x0000000080001490] -> 0x006F
mem[X,0x0000000080001492] -> 0x0840
[2221] [M]: 0x0000000080001490 (0x0840006F) jal x0, 0x84                            skp_adj_Mepc+8

clint mtime 0x0000000000000457 (mip.MTI <- 0b1, mip.STI <- 0b0)
mem[X,0x0000000080001514] -> 0x8433
mem[X,0x0000000080001516] -> 0x4083
[2222] [M]: 0x0000000080001514 (0x40838433) sub x8, x7, x8                          adj_Mtval+0
x8 <- 0x800000014000040B

mem[X,0x0000000080001518] -> 0x3C23
mem[X,0x000000008000151A] -> 0x0083
[2223] [M]: 0x0000000080001518 (0x00833C23) sd x8, 0x18(x6)                         sv_Mtval+0
mem[W,0x0000000080008470] <- 0x800000014000040B

clint mtime 0x0000000000000458 (mip.MTI <- 0b1, mip.STI <- 0b0)
mem[X,0x000000008000151C] -> 0x3483
mem[X,0x000000008000151E] -> 0x2181
[2224] [M]: 0x000000008000151C (0x21813483) ld x9, 0x218(x2)                        skp_Mtval+0
mem[R,0x0000000080004218] -> 0x0000000080008478
x9 <- 0x0000000080008478

mem[X,0x0000000080001520] -> 0x3383
mem[X,0x0000000080001522] -> 0x1F81
[2225] [M]: 0x0000000080001520 (0x1F813383) ld x7, 0x1f8(x2)                        skp_Mtval+4
mem[R,0x00000000800041F8] -> 0x0000000080008110
x7 <- 0x0000000080008110

clint mtime 0x0000000000000459 (mip.MTI <- 0b1, mip.STI <- 0b0)
mem[X,0x0000000080001524] -> 0x3303
mem[X,0x0000000080001526] -> 0x2001
[2226] [M]: 0x0000000080001524 (0x20013303) ld x6, 0x200(x2)                        skp_Mtval+8
mem[R,0x0000000080004200] -> 0x0000000000000410
x6 <- 0x0000000000000410

mem[X,0x0000000080001528] -> 0x0333
mem[X,0x000000008000152A] -> 0x0073
[2227] [M]: 0x0000000080001528 (0x00730333) add x6, x6, x7                          skp_Mtval+12
x6 <- 0x0000000080008520

clint mtime 0x000000000000045A (mip.MTI <- 0b1, mip.STI <- 0b0)
mem[X,0x000000008000152C] -> 0x6AE3
mem[X,0x000000008000152E] -> 0xAE93
[2228] [M]: 0x000000008000152C (0xAE936AE3) bltu x6, x9, -0x50c                     skp_Mtval+16

mem[X,0x0000000080001530] -> 0x0393
mem[X,0x0000000080001532] -> 0x2000
[2229] [M]: 0x0000000080001530 (0x20000393) addi x7, x0, 0x200                      skp_Mtval+20
x7 <- 0x0000000000000200

clint mtime 0x000000000000045B (mip.MTI <- 0b1, mip.STI <- 0b0)
mem[X,0x0000000080001534] -> 0x006F
mem[X,0x0000000080001536] -> 0x0400
[2230] [M]: 0x0000000080001534 (0x0400006F) jal x0, 0x40                            skp_Mtval+24

mem[X,0x0000000080001574] -> 0x0417
mem[X,0x0000000080001576] -> 0x0000
[2231] [M]: 0x0000000080001574 (0x00000417) auipc x8, 0x0                           spcl_Mhandler+0
x8 <- 0x0000000080001574

clint mtime 0x000000000000045C (mip.MTI <- 0b1, mip.STI <- 0b0)
mem[X,0x0000000080001578] -> 0x0413
mem[X,0x000000008000157A] -> 0x03C4
[2232] [M]: 0x0000000080001578 (0x03C40413) addi x8, x8, 0x3c                       spcl_Mhandler+4
x8 <- 0x00000000800015B0

mem[X,0x000000008000157C] -> 0x0433
mem[X,0x000000008000157E] -> 0x0074
[2233] [M]: 0x000000008000157C (0x00740433) add x8, x8, x7                          spcl_Mhandler+8
x8 <- 0x00000000800017B0

clint mtime 0x000000000000045D (mip.MTI <- 0b1, mip.STI <- 0b0)
mem[X,0x0000000080001580] -> 0x1393
mem[X,0x0000000080001582] -> 0x0035
[2234] [M]: 0x0000000080001580 (0x00351393) slli x7, x10, 0x3                       spcl_Mhandler+12
x7 <- 0x0000000000000068

mem[X,0x0000000080001584] -> 0x0433
mem[X,0x0000000080001586] -> 0x0074
[2235] [M]: 0x0000000080001584 (0x00740433) add x8, x8, x7                          spcl_Mhandler+16
x8 <- 0x0000000080001818

clint mtime 0x000000000000045E (mip.MTI <- 0b1, mip.STI <- 0b0)
mem[X,0x0000000080001588] -> 0x7413
mem[X,0x000000008000158A] -> 0xFF84
[2236] [M]: 0x0000000080001588 (0xFF847413) andi x8, x8, -0x8                       spcl_Mhandler+20
x8 <- 0x0000000080001818

mem[X,0x000000008000158C] -> 0x3403
mem[X,0x000000008000158E] -> 0x0004
[2237] [M]: 0x000000008000158C (0x00043403) ld x8, 0x0(x8)                          spcl_Mhandler+24
mem[R,0x0000000080001818] -> 0x000000000000001B
x8 <- 0x000000000000001B

clint mtime 0x000000000000045F (mip.MTI <- 0b1, mip.STI <- 0b0)
mem[X,0x0000000080001590] -> 0x02E3
mem[X,0x0000000080001592] -> 0xB204
[2238] [M]: 0x0000000080001590 (0xB20402E3) beq x8, x0, -0x4dc                      spcl_Mdispatch_hndling+0

mem[X,0x0000000080001594] -> 0x1393
mem[X,0x0000000080001596] -> 0x03F4
[2239] [M]: 0x0000000080001594 (0x03F41393) slli x7, x8, 0x3f                       spcl_Mdispatch_hndling+4
x7 <- 0x8000000000000000

clint mtime 0x0000000000000460 (mip.MTI <- 0b1, mip.STI <- 0b0)
mem[X,0x0000000080001598] -> 0xD863
mem[X,0x000000008000159A] -> 0x0003
[2240] [M]: 0x0000000080001598 (0x0003D863) bge x7, x0, 0x10                        spcl_Mdispatch_hndling+8

mem[X,0x000000008000159C] -> 0x5413
mem[X,0x000000008000159E] -> 0x0014
[2241] [M]: 0x000000008000159C (0x00145413) srli x8, x8, 0x1                        spcl_Mdispatch_hndling+12
x8 <- 0x000000000000000D

clint mtime 0x0000000000000461 (mip.MTI <- 0b1, mip.STI <- 0b0)
mem[X,0x00000000800015A0] -> 0x0CE3
mem[X,0x00000000800015A2] -> 0xF885
[2242] [M]: 0x00000000800015A0 (0xF8850CE3) beq x10, x8, -0x68                      spcl_Mdispatch_hndling+16

mem[X,0x0000000080001538] -> 0x3303
mem[X,0x000000008000153A] -> 0x2601
[2243] [M]: 0x0000000080001538 (0x26013303) ld x6, 0x260(x2)                        resto_Mrtn+0
mem[R,0x0000000080004260] -> 0xFFFFFFFF7FFFF26C
x6 <- 0xFFFFFFFF7FFFF26C

clint mtime 0x0000000000000462 (mip.MTI <- 0b1, mip.STI <- 0b0)
mem[X,0x000000008000153C] -> 0x3383
mem[X,0x000000008000153E] -> 0x2681
[2244] [M]: 0x000000008000153C (0x26813383) ld x7, 0x268(x2)                        resto_Mrtn+4
mem[R,0x0000000080004268] -> 0x0000000080004000
x7 <- 0x0000000080004000

mem[X,0x0000000080001540] -> 0x3403
mem[X,0x0000000080001542] -> 0x2701
[2245] [M]: 0x0000000080001540 (0x27013403) ld x8, 0x270(x2)                        resto_Mrtn+8
mem[R,0x0000000080004270] -> 0x0000000000007F76
x8 <- 0x0000000000007F76

clint mtime 0x0000000000000463 (mip.MTI <- 0b1, mip.STI <- 0b0)
mem[X,0x0000000080001544] -> 0x3483
mem[X,0x0000000080001546] -> 0x2781
[2246] [M]: 0x0000000080001544 (0x27813483) ld x9, 0x278(x2)                        resto_Mrtn+12
mem[R,0x0000000080004278] -> 0x00000001000001C8
x9 <- 0x00000001000001C8

mem[X,0x0000000080001548] -> 0x3503
mem[X,0x000000008000154A] -> 0x2801
[2247] [M]: 0x0000000080001548 (0x28013503) ld x10, 0x280(x2)                       resto_Mrtn+16
mem[R,0x0000000080004280] -> 0x00000000200000CF
x10 <- 0x00000000200000CF

clint mtime 0x0000000000000464 (mip.MTI <- 0b1, mip.STI <- 0b0)
mem[X,0x000000008000154C] -> 0x3583
mem[X,0x000000008000154E] -> 0x2881
[2248] [M]: 0x000000008000154C (0x28813583) ld x11, 0x288(x2)                       resto_Mrtn+20
mem[R,0x0000000080004288] -> 0x00000000000000CF
x11 <- 0x00000000000000CF

mem[X,0x0000000080001550] -> 0x3103
mem[X,0x0000000080001552] -> 0x2901
[2249] [M]: 0x0000000080001550 (0x29013103) ld x2, 0x290(x2)                        resto_Mrtn+24
mem[R,0x0000000080004290] -> 0x0000000000000000
x2 <- 0x0000000000000000

clint mtime 0x0000000000000465 (mip.MTI <- 0b1, mip.STI <- 0b0)
mem[X,0x0000000080001554] -> 0x0073
mem[X,0x0000000080001556] -> 0x3020
[2250] [M]: 0x0000000080001554 (0x30200073) mret                                    resto_Mrtn+28
CSR mstatus (0x300) <- 0x0000000A00000080
ret-ing from M to S

mem[X,0x0000000080000FA0] -> 0x51B7
mem[X,0x0000000080000FA2] -> 0x0000
[2251] [S]: 0x0000000180000FA0 (0x000051B7) lui x3, 0x5                             va_rvtest_code_begin+1988
x3 <- 0x0000000000005000

clint mtime 0x0000000000000466 (mip.MTI <- 0b1, mip.STI <- 0b0)
mem[X,0x0000000080000FA4] -> 0x8193
mem[X,0x0000000080000FA6] -> 0x6671
[2252] [S]: 0x0000000180000FA4 (0x66718193) addi x3, x3, 0x667                      va_rvtest_code_begin+1992
x3 <- 0x0000000000005667

mem[X,0x0000000080000FA8] -> 0x9193
mem[X,0x0000000080000FAA] -> 0x0011
[2253] [S]: 0x0000000180000FA8 (0x00119193) slli x3, x3, 0x1                        va_rvtest_code_begin+1996
x3 <- 0x000000000000ACCE

clint mtime 0x0000000000000467 (mip.MTI <- 0b1, mip.STI <- 0b0)
mem[X,0x0000000080000FAC] -> 0x0013
mem[X,0x0000000080000FAE] -> 0x0000
[2254] [S]: 0x0000000180000FAC (0x00000013) addi x0, x0, 0x0                        va_rvtest_code_begin+2000

mem[X,0x0000000080000FB0] -> 0x0013
mem[X,0x0000000080000FB2] -> 0x0000
[2255] [S]: 0x0000000180000FB0 (0x00000013) addi x0, x0, 0x0                        va_rvtest_code_begin+2004

clint mtime 0x0000000000000468 (mip.MTI <- 0b1, mip.STI <- 0b0)
mem[X,0x0000000080000FB4] -> 0x0013
mem[X,0x0000000080000FB6] -> 0x0000
[2256] [S]: 0x0000000180000FB4 (0x00000013) addi x0, x0, 0x0                        va_rvtest_code_begin+2008

mem[X,0x0000000080000FB8] -> 0x0013
mem[X,0x0000000080000FBA] -> 0x0000
[2257] [S]: 0x0000000180000FB8 (0x00000013) addi x0, x0, 0x0                        va_rvtest_code_begin+2012

clint mtime 0x0000000000000469 (mip.MTI <- 0b1, mip.STI <- 0b0)
mem[X,0x0000000080000FBC] -> 0x0013
mem[X,0x0000000080000FBE] -> 0x0000
[2258] [S]: 0x0000000180000FBC (0x00000013) addi x0, x0, 0x0                        va_rvtest_code_begin+2016

mem[X,0x0000000080000FC0] -> 0x0217
mem[X,0x0000000080000FC2] -> 0x0000
[2259] [S]: 0x0000000180000FC0 (0x00000217) auipc x4, 0x0                           va_rvtest_code_begin+2020
x4 <- 0x0000000180000FC0

clint mtime 0x000000000000046A (mip.MTI <- 0b1, mip.STI <- 0b0)
mem[X,0x0000000080000FC4] -> 0x0213
mem[X,0x0000000080000FC6] -> 0x02C2
[2260] [S]: 0x0000000180000FC4 (0x02C20213) addi x4, x4, 0x2c                       va_rvtest_code_begin+2024
x4 <- 0x0000000180000FEC

mem[X,0x0000000080000FC8] -> 0x0001
[2261] [S]: 0x0000000180000FC8 (0x0001) c.nop                                       va_rvtest_code_begin+2028

clint mtime 0x000000000000046B (mip.MTI <- 0b1, mip.STI <- 0b0)
mem[X,0x0000000080000FCA] -> 0x0013
mem[X,0x0000000080000FCC] -> 0x0000
[2262] [S]: 0x0000000180000FCA (0x00000013) addi x0, x0, 0x0                        va_rvtest_code_begin+2030

mem[X,0x0000000080000FCE] -> 0x0013
mem[X,0x0000000080000FD0] -> 0x0000
[2263] [S]: 0x0000000180000FCE (0x00000013) addi x0, x0, 0x0                        va_rvtest_code_begin+2034

clint mtime 0x000000000000046C (mip.MTI <- 0b1, mip.STI <- 0b0)
mem[X,0x0000000080000FD2] -> 0x0013
mem[X,0x0000000080000FD4] -> 0x0000
[2264] [S]: 0x0000000180000FD2 (0x00000013) addi x0, x0, 0x0                        va_rvtest_code_begin+2038

mem[X,0x0000000080000FD6] -> 0x0013
mem[X,0x0000000080000FD8] -> 0x0000
[2265] [S]: 0x0000000180000FD6 (0x00000013) addi x0, x0, 0x0                        va_rvtest_code_begin+2042

clint mtime 0x000000000000046D (mip.MTI <- 0b1, mip.STI <- 0b0)
mem[X,0x0000000080000FDA] -> 0x0013
mem[X,0x0000000080000FDC] -> 0x0000
[2266] [S]: 0x0000000180000FDA (0x00000013) addi x0, x0, 0x0                        va_rvtest_code_begin+2046

mem[X,0x0000000080000FDE] -> 0x0001
[2267] [S]: 0x0000000180000FDE (0x0001) c.nop                                       va_rvtest_code_begin+2050

clint mtime 0x000000000000046E (mip.MTI <- 0b1, mip.STI <- 0b0)
mem[X,0x0000000080000FE0] -> 0x80E7
mem[X,0x0000000080000FE2] -> 0x0007
[2268] [S]: 0x0000000180000FE0 (0x000780E7) jalr x1, 0x0(x15)                       va_rvtest_code_begin+2052
x1 <- 0x0000000180000FE4

trapping from S to M to handle fetch-page-fault
handling exc#fetch-page-fault at priv M with tval 0x8000000140000404
CSR mstatus (0x300) <- 0x0000000A00000800
CSR mcause (0x342) <- 0x000000000000000C
CSR mtval (0x343) <- 0x8000000140000404
CSR mepc (0x341) <- 0x8000000140000404

clint mtime 0x000000000000046F (mip.MTI <- 0b1, mip.STI <- 0b0)
mem[X,0x0000000080001100] -> 0x006F
mem[X,0x0000000080001102] -> 0x1000
[2270] [M]: 0x0000000080001100 (0x1000006F) jal x0, 0x100                           Mtrampoline+0

mem[X,0x0000000080001200] -> 0x1173
mem[X,0x0000000080001202] -> 0x3401
[2271] [M]: 0x0000000080001200 (0x34011173) csrrw x2, mscratch, x2                  trap_Mhandler+0
CSR mscratch (0x340) <- 0x0000000000000000
x2 <- 0x0000000080004000

clint mtime 0x0000000000000470 (mip.MTI <- 0b1, mip.STI <- 0b0)
mem[X,0x0000000080001204] -> 0x3423
mem[X,0x0000000080001206] -> 0x28B1
[2272] [M]: 0x0000000080001204 (0x28B13423) sd x11, 0x288(x2)                       trap_Mhandler+4
mem[W,0x0000000080004288] <- 0x00000000000000CF

mem[X,0x0000000080001208] -> 0x05EF
mem[X,0x000000008000120A] -> 0x0B80
[2273] [M]: 0x0000000080001208 (0x0B8005EF) jal x11, 0xb8                           trap_Mhandler+8
x11 <- 0x000000008000120C

clint mtime 0x0000000000000471 (mip.MTI <- 0b1, mip.STI <- 0b0)
mem[X,0x00000000800012C0] -> 0x3023
mem[X,0x00000000800012C2] -> 0x28A1
[2274] [M]: 0x00000000800012C0 (0x28A13023) sd x10, 0x280(x2)                       common_Mhandler+0
mem[W,0x0000000080004280] <- 0x00000000200000CF

mem[X,0x00000000800012C4] -> 0x1573
mem[X,0x00000000800012C6] -> 0x3401
[2275] [M]: 0x00000000800012C4 (0x34011573) csrrw x10, mscratch, x2                 common_Mhandler+4
CSR mscratch (0x340) <- 0x0000000080004000
x10 <- 0x0000000000000000

clint mtime 0x0000000000000472 (mip.MTI <- 0b1, mip.STI <- 0b0)
mem[X,0x00000000800012C8] -> 0x3823
mem[X,0x00000000800012CA] -> 0x28A1
[2276] [M]: 0x00000000800012C8 (0x28A13823) sd x10, 0x290(x2)                       common_Mhandler+8
mem[W,0x0000000080004290] <- 0x0000000000000000

mem[X,0x00000000800012CC] -> 0x3503
mem[X,0x00000000800012CE] -> 0x2301
[2277] [M]: 0x00000000800012CC (0x23013503) ld x10, 0x230(x2)                       common_Mhandler+12
mem[R,0x0000000080004230] -> 0x00000000800012D4
x10 <- 0x00000000800012D4

clint mtime 0x0000000000000473 (mip.MTI <- 0b1, mip.STI <- 0b0)
mem[X,0x00000000800012D0] -> 0x0067
mem[X,0x00000000800012D2] -> 0x0005
[2278] [M]: 0x00000000800012D0 (0x00050067) jalr x0, 0x0(x10)                       common_Mhandler+16

mem[X,0x00000000800012D4] -> 0x3C23
mem[X,0x00000000800012D6] -> 0x2691
[2279] [M]: 0x00000000800012D4 (0x26913C23) sd x9, 0x278(x2)                        common_Mentry+0
mem[W,0x0000000080004278] <- 0x00000001000001C8

clint mtime 0x0000000000000474 (mip.MTI <- 0b1, mip.STI <- 0b0)
mem[X,0x00000000800012D8] -> 0x3823
mem[X,0x00000000800012DA] -> 0x2681
[2280] [M]: 0x00000000800012D8 (0x26813823) sd x8, 0x270(x2)                        common_Mentry+4
mem[W,0x0000000080004270] <- 0x0000000000007F76

mem[X,0x00000000800012DC] -> 0x3423
mem[X,0x00000000800012DE] -> 0x2671
[2281] [M]: 0x00000000800012DC (0x26713423) sd x7, 0x268(x2)                        common_Mentry+8
mem[W,0x0000000080004268] <- 0x0000000080004000

clint mtime 0x0000000000000475 (mip.MTI <- 0b1, mip.STI <- 0b0)
mem[X,0x00000000800012E0] -> 0x3023
mem[X,0x00000000800012E2] -> 0x2661
[2282] [M]: 0x00000000800012E0 (0x26613023) sd x6, 0x260(x2)                        common_Mentry+12
mem[W,0x0000000080004260] <- 0xFFFFFFFF7FFFF26C

mem[X,0x00000000800012E4] -> 0x2573
mem[X,0x00000000800012E6] -> 0x3420
[2283] [M]: 0x00000000800012E4 (0x34202573) csrrs x10, mcause, x0                   spcl_M2mmode_test+0
CSR mcause (0x342) -> 0x000000000000000C
x10 <- 0x000000000000000C

clint mtime 0x0000000000000476 (mip.MTI <- 0b1, mip.STI <- 0b0)
mem[X,0x00000000800012E8] -> 0x04B7
mem[X,0x00000000800012EA] -> 0x8000
[2284] [M]: 0x00000000800012E8 (0x800004B7) lui x9, -0x80000                        spcl_M2mmode_test+4
x9 <- 0xFFFFFFFF80000000

mem[X,0x00000000800012EC] -> 0x8493
mem[X,0x00000000800012EE] -> 0x0004
[2285] [M]: 0x00000000800012EC (0x00048493) addi x9, x9, 0x0                        spcl_M2mmode_test+8
x9 <- 0xFFFFFFFF80000000

clint mtime 0x0000000000000477 (mip.MTI <- 0b1, mip.STI <- 0b0)
mem[X,0x00000000800012F0] -> 0x9493
mem[X,0x00000000800012F2] -> 0x00B4
[2286] [M]: 0x00000000800012F0 (0x00B49493) slli x9, x9, 0xb                        spcl_M2mmode_test+12
x9 <- 0xFFFFFC0000000000

mem[X,0x00000000800012F4] -> 0x8493
mem[X,0x00000000800012F6] -> 0x0004
[2287] [M]: 0x00000000800012F4 (0x00048493) addi x9, x9, 0x0                        spcl_M2mmode_test+16
x9 <- 0xFFFFFC0000000000

clint mtime 0x0000000000000478 (mip.MTI <- 0b1, mip.STI <- 0b0)
mem[X,0x00000000800012F8] -> 0x9493
mem[X,0x00000000800012FA] -> 0x00B4
[2288] [M]: 0x00000000800012F8 (0x00B49493) slli x9, x9, 0xb                        spcl_M2mmode_test+20
x9 <- 0xFFE0000000000000

mem[X,0x00000000800012FC] -> 0x8493
mem[X,0x00000000800012FE] -> 0x0034
[2289] [M]: 0x00000000800012FC (0x00348493) addi x9, x9, 0x3                        spcl_M2mmode_test+24
x9 <- 0xFFE0000000000003

clint mtime 0x0000000000000479 (mip.MTI <- 0b1, mip.STI <- 0b0)
mem[X,0x0000000080001300] -> 0x9493
mem[X,0x0000000080001302] -> 0x00A4
[2290] [M]: 0x0000000080001300 (0x00A49493) slli x9, x9, 0xa                        spcl_M2mmode_test+28
x9 <- 0x8000000000000C00

mem[X,0x0000000080001304] -> 0x8493
mem[X,0x0000000080001306] -> 0x3FC4
[2291] [M]: 0x0000000080001304 (0x3FC48493) addi x9, x9, 0x3fc                      spcl_M2mmode_test+32
x9 <- 0x8000000000000FFC

clint mtime 0x000000000000047A (mip.MTI <- 0b1, mip.STI <- 0b0)
mem[X,0x0000000080001308] -> 0xF4B3
mem[X,0x000000008000130A] -> 0x00A4
[2292] [M]: 0x0000000080001308 (0x00A4F4B3) and x9, x9, x10                         spcl_M2mmode_test+36
x9 <- 0x000000000000000C

mem[X,0x000000008000130C] -> 0x8493
mem[X,0x000000008000130E] -> 0xFF84
[2293] [M]: 0x000000008000130C (0xFF848493) addi x9, x9, -0x8                       spcl_M2mmode_test+40
x9 <- 0x0000000000000004

clint mtime 0x000000000000047B (mip.MTI <- 0b1, mip.STI <- 0b0)
mem[X,0x0000000080001310] -> 0x9663
mem[X,0x0000000080001312] -> 0x0004
[2294] [M]: 0x0000000080001310 (0x00049663) bne x9, x0, 0xc                         spcl_M2mmode_test+44

mem[X,0x000000008000131C] -> 0x0393
mem[X,0x000000008000131E] -> 0x0200
[2295] [M]: 0x000000008000131C (0x02000393) addi x7, x0, 0x20                       Mtrapsig_ptr_upd+0
x7 <- 0x0000000000000020

clint mtime 0x000000000000047C (mip.MTI <- 0b1, mip.STI <- 0b0)
mem[X,0x0000000080001320] -> 0x5263
mem[X,0x0000000080001322] -> 0x0405
[2296] [M]: 0x0000000080001320 (0x04055263) bge x10, x0, 0x44                       Mtrapsig_ptr_upd+4

mem[X,0x0000000080001364] -> 0x2373
mem[X,0x0000000080001366] -> 0x3010
[2297] [M]: 0x0000000080001364 (0x30102373) csrrs x6, misa, x0                      Mxcpt_sig_sv+0
CSR misa (0x301) -> 0x800000000034112F
x6 <- 0x800000000034112F

clint mtime 0x000000000000047D (mip.MTI <- 0b1, mip.STI <- 0b0)
mem[X,0x0000000080001368] -> 0x1313
mem[X,0x000000008000136A] -> 0x0383
[2298] [M]: 0x0000000080001368 (0x03831313) slli x6, x6, 0x38                       Mxcpt_sig_sv+4
x6 <- 0x2F00000000000000

mem[X,0x000000008000136C] -> 0x5463
mem[X,0x000000008000136E] -> 0x0003
[2299] [M]: 0x000000008000136C (0x00035463) bge x6, x0, 0x8                         Mxcpt_sig_sv+8

clint mtime 0x000000000000047E (mip.MTI <- 0b1, mip.STI <- 0b0)
mem[X,0x0000000080001374] -> 0x3303
mem[X,0x0000000080001376] -> 0x2181
[2300] [M]: 0x0000000080001374 (0x21813303) ld x6, 0x218(x2)                        Mtrap_sig_sv+0
mem[R,0x0000000080004218] -> 0x0000000080008478
x6 <- 0x0000000080008478

mem[X,0x0000000080001378] -> 0x04B3
mem[X,0x000000008000137A] -> 0x0073
[2301] [M]: 0x0000000080001378 (0x007304B3) add x9, x6, x7                          Mtrap_sig_sv+4
x9 <- 0x0000000080008498

clint mtime 0x000000000000047F (mip.MTI <- 0b1, mip.STI <- 0b0)
mem[X,0x000000008000137C] -> 0x3C23
mem[X,0x000000008000137E] -> 0x2091
[2302] [M]: 0x000000008000137C (0x20913C23) sd x9, 0x218(x2)                        Mtrap_sig_sv+8
mem[W,0x0000000080004218] <- 0x0000000080008498

mem[X,0x0000000080001380] -> 0x3403
mem[X,0x0000000080001382] -> 0x1F81
[2303] [M]: 0x0000000080001380 (0x1F813403) ld x8, 0x1f8(x2)                        Mtrap_sig_sv+12
mem[R,0x00000000800041F8] -> 0x0000000080008110
x8 <- 0x0000000080008110

clint mtime 0x0000000000000480 (mip.MTI <- 0b1, mip.STI <- 0b0)
mem[X,0x0000000080001384] -> 0x0333
mem[X,0x0000000080001386] -> 0x4083
[2304] [M]: 0x0000000080001384 (0x40830333) sub x6, x6, x8                          Mtrap_sig_sv+16
x6 <- 0x0000000000000368

mem[X,0x0000000080001388] -> 0x3403
mem[X,0x000000008000138A] -> 0x1F81
[2305] [M]: 0x0000000080001388 (0x1F813403) ld x8, 0x1f8(x2)                        Mtrap_sig_sv+20
mem[R,0x00000000800041F8] -> 0x0000000080008110
x8 <- 0x0000000080008110

clint mtime 0x0000000000000481 (mip.MTI <- 0b1, mip.STI <- 0b0)
mem[X,0x000000008000138C] -> 0x0333
mem[X,0x000000008000138E] -> 0x0083
[2306] [M]: 0x000000008000138C (0x00830333) add x6, x6, x8                          Mtrap_sig_sv+24
x6 <- 0x0000000080008478

mem[X,0x0000000080001390] -> 0x3403
mem[X,0x0000000080001392] -> 0x2401
[2307] [M]: 0x0000000080001390 (0x24013403) ld x8, 0x240(x2)                        Mtrap_sig_sv+28
mem[R,0x0000000080004240] -> 0x0000000080001100
x8 <- 0x0000000080001100

clint mtime 0x0000000000000482 (mip.MTI <- 0b1, mip.STI <- 0b0)
mem[X,0x0000000080001394] -> 0x85B3
mem[X,0x0000000080001396] -> 0x4085
[2308] [M]: 0x0000000080001394 (0x408585B3) sub x11, x11, x8                        sv_Mvect+0
x11 <- 0x000000000000010C

mem[X,0x0000000080001398] -> 0x9593
mem[X,0x000000008000139A] -> 0x0045
[2309] [M]: 0x0000000080001398 (0x00459593) slli x11, x11, 0x4                      sv_Mvect+4
x11 <- 0x00000000000010C0

clint mtime 0x0000000000000483 (mip.MTI <- 0b1, mip.STI <- 0b0)
mem[X,0x000000008000139C] -> 0xE5B3
mem[X,0x000000008000139E] -> 0x0075
[2310] [M]: 0x000000008000139C (0x0075E5B3) or x11, x11, x7                         sv_Mvect+8
x11 <- 0x00000000000010E0

mem[X,0x00000000800013A0] -> 0x8593
mem[X,0x00000000800013A2] -> 0x0035
[2311] [M]: 0x00000000800013A0 (0x00358593) addi x11, x11, 0x3                      sv_Mvect+12
x11 <- 0x00000000000010E3

clint mtime 0x0000000000000484 (mip.MTI <- 0b1, mip.STI <- 0b0)
mem[X,0x00000000800013A4] -> 0x3023
mem[X,0x00000000800013A6] -> 0x00B3
[2312] [M]: 0x00000000800013A4 (0x00B33023) sd x11, 0x0(x6)                         sv_Mvect+16
mem[W,0x0000000080008478] <- 0x00000000000010E3

mem[X,0x00000000800013A8] -> 0x3423
mem[X,0x00000000800013AA] -> 0x00A3
[2313] [M]: 0x00000000800013A8 (0x00A33423) sd x10, 0x8(x6)                         sv_Mcause+0
mem[W,0x0000000080008480] <- 0x000000000000000C

clint mtime 0x0000000000000485 (mip.MTI <- 0b1, mip.STI <- 0b0)
mem[X,0x00000000800013AC] -> 0x4663
mem[X,0x00000000800013AE] -> 0x1A05
[2314] [M]: 0x00000000800013AC (0x1A054663) blt x10, x0, 0x1ac                      sv_Mcause+4

mem[X,0x00000000800013B0] -> 0x25F3
mem[X,0x00000000800013B2] -> 0x3000
[2315] [M]: 0x00000000800013B0 (0x300025F3) csrrs x11, mstatus, x0                  common_Mexcpt_handler+0
CSR mstatus (0x300) -> 0x0000000A00000800
x11 <- 0x0000000A00000800

clint mtime 0x0000000000000486 (mip.MTI <- 0b1, mip.STI <- 0b0)
mem[X,0x00000000800013B4] -> 0x9413
mem[X,0x00000000800013B6] -> 0x02E5
[2316] [M]: 0x00000000800013B4 (0x02E59413) slli x8, x11, 0x2e                      common_Mexcpt_handler+4
x8 <- 0x0200000000000000

mem[X,0x00000000800013B8] -> 0x5463
mem[X,0x00000000800013BA] -> 0x0004
[2317] [M]: 0x00000000800013B8 (0x00045463) bge x8, x0, 0x8                         common_Mexcpt_handler+8

clint mtime 0x0000000000000487 (mip.MTI <- 0b1, mip.STI <- 0b0)
mem[X,0x00000000800013C0] -> 0xD493
mem[X,0x00000000800013C2] -> 0x00B5
[2318] [M]: 0x00000000800013C0 (0x00B5D493) srli x9, x11, 0xb                       common_Mexcpt_handler+16
x9 <- 0x0000000001400001

mem[X,0x00000000800013C4] -> 0xF493
mem[X,0x00000000800013C6] -> 0x0034
[2319] [M]: 0x00000000800013C4 (0x0034F493) andi x9, x9, 0x3                        common_Mexcpt_handler+20
x9 <- 0x0000000000000001

clint mtime 0x0000000000000488 (mip.MTI <- 0b1, mip.STI <- 0b0)
mem[X,0x00000000800013C8] -> 0x8493
mem[X,0x00000000800013CA] -> 0x0014
[2320] [M]: 0x00000000800013C8 (0x00148493) addi x9, x9, 0x1                        common_Mexcpt_handler+24
x9 <- 0x0000000000000002

mem[X,0x00000000800013CC] -> 0xF493
mem[X,0x00000000800013CE] -> 0x0044
[2321] [M]: 0x00000000800013CC (0x0044F493) andi x9, x9, 0x4                        common_Mexcpt_handler+28
x9 <- 0x0000000000000000

clint mtime 0x0000000000000489 (mip.MTI <- 0b1, mip.STI <- 0b0)
mem[X,0x00000000800013D0] -> 0x0593
mem[X,0x00000000800013D2] -> 0x05D0
[2322] [M]: 0x00000000800013D0 (0x05D00593) addi x11, x0, 0x5d                      common_Mexcpt_handler+32
x11 <- 0x000000000000005D

mem[X,0x00000000800013D4] -> 0xD5B3
mem[X,0x00000000800013D6] -> 0x0095
[2323] [M]: 0x00000000800013D4 (0x0095D5B3) srl x11, x11, x9                        common_Mexcpt_handler+36
x11 <- 0x000000000000005D

clint mtime 0x000000000000048A (mip.MTI <- 0b1, mip.STI <- 0b0)
mem[X,0x00000000800013D8] -> 0xF593
mem[X,0x00000000800013DA] -> 0x0015
[2324] [M]: 0x00000000800013D8 (0x0015F593) andi x11, x11, 0x1                      common_Mexcpt_handler+40
x11 <- 0x0000000000000001

mem[X,0x00000000800013DC] -> 0x8EE3
mem[X,0x00000000800013DE] -> 0xF405
[2325] [M]: 0x00000000800013DC (0xF4058EE3) beq x11, x0, -0xa4                      common_Mexcpt_handler+44

clint mtime 0x000000000000048B (mip.MTI <- 0b1, mip.STI <- 0b0)
mem[X,0x00000000800013E0] -> 0x0593
mem[X,0x00000000800013E2] -> 0x2980
[2326] [M]: 0x00000000800013E0 (0x29800593) addi x11, x0, 0x298                     common_Mexcpt_handler+48
x11 <- 0x0000000000000298

mem[X,0x00000000800013E4] -> 0xF413
mem[X,0x00000000800013E6] -> 0x0014
[2327] [M]: 0x00000000800013E4 (0x0014F413) andi x8, x9, 0x1                        common_Mexcpt_handler+52
x8 <- 0x0000000000000000

clint mtime 0x000000000000048C (mip.MTI <- 0b1, mip.STI <- 0b0)
mem[X,0x00000000800013E8] -> 0x95B3
mem[X,0x00000000800013EA] -> 0x0085
[2328] [M]: 0x00000000800013E8 (0x008595B3) sll x11, x11, x8                        common_Mexcpt_handler+56
x11 <- 0x0000000000000298

mem[X,0x00000000800013EC] -> 0x9413
mem[X,0x00000000800013EE] -> 0x03D4
[2329] [M]: 0x00000000800013EC (0x03D49413) slli x8, x9, 0x3d                       common_Mexcpt_handler+60
x8 <- 0x0000000000000000

clint mtime 0x000000000000048D (mip.MTI <- 0b1, mip.STI <- 0b0)
mem[X,0x00000000800013F0] -> 0x5413
mem[X,0x00000000800013F2] -> 0x43F4
[2330] [M]: 0x00000000800013F0 (0x43F45413) srai x8, x8, 0x3f                       common_Mexcpt_handler+64
x8 <- 0x0000000000000000

mem[X,0x00000000800013F4] -> 0x4413
mem[X,0x00000000800013F6] -> 0xFFF4
[2331] [M]: 0x00000000800013F4 (0xFFF44413) xori x8, x8, -0x1                       common_Mexcpt_handler+68
x8 <- 0xFFFFFFFFFFFFFFFF

clint mtime 0x000000000000048E (mip.MTI <- 0b1, mip.STI <- 0b0)
mem[X,0x00000000800013F8] -> 0xF4B3
mem[X,0x00000000800013FA] -> 0x0085
[2332] [M]: 0x00000000800013F8 (0x0085F4B3) and x9, x11, x8                         common_Mexcpt_handler+72
x9 <- 0x0000000000000298

mem[X,0x00000000800013FC] -> 0x84B3
mem[X,0x00000000800013FE] -> 0x0024
[2333] [M]: 0x00000000800013FC (0x002484B3) add x9, x9, x2                          vmem_adj_Mepc+0
x9 <- 0x0000000080004298

clint mtime 0x000000000000048F (mip.MTI <- 0b1, mip.STI <- 0b0)
mem[X,0x0000000080001400] -> 0x23F3
mem[X,0x0000000080001402] -> 0x3410
[2334] [M]: 0x0000000080001400 (0x341023F3) csrrs x7, mepc, x0                      vmem_adj_Mepc+4
CSR mepc (0x341) -> 0x8000000140000404
x7 <- 0x8000000140000404

mem[X,0x0000000080001404] -> 0x0413
mem[X,0x0000000080001406] -> 0x0004
[2335] [M]: 0x0000000080001404 (0x00040413) addi x8, x8, 0x0                        vmem_adj_Mepc+8
x8 <- 0xFFFFFFFFFFFFFFFF

clint mtime 0x0000000000000490 (mip.MTI <- 0b1, mip.STI <- 0b0)
mem[X,0x0000000080001408] -> 0x006F
mem[X,0x000000008000140A] -> 0x0400
[2336] [M]: 0x0000000080001408 (0x0400006F) jal x0, 0x40                            vmem_adj_Mepc+12

mem[X,0x0000000080001448] -> 0x8433
mem[X,0x000000008000144A] -> 0x4083
[2337] [M]: 0x0000000080001448 (0x40838433) sub x8, x7, x8                          adj_Mepc+0
x8 <- 0x8000000140000405

clint mtime 0x0000000000000491 (mip.MTI <- 0b1, mip.STI <- 0b0)
mem[X,0x000000008000144C] -> 0x3823
mem[X,0x000000008000144E] -> 0x0083
[2338] [M]: 0x000000008000144C (0x00833823) sd x8, 0x10(x6)                         sv_Mepc+0
mem[W,0x0000000080008488] <- 0x8000000140000405

mem[X,0x0000000080001450] -> 0x55B7
mem[X,0x0000000080001452] -> 0x0000
[2339] [M]: 0x0000000080001450 (0x000055B7) lui x11, 0x5                            sv_Mepc+4
x11 <- 0x0000000000005000

clint mtime 0x0000000000000492 (mip.MTI <- 0b1, mip.STI <- 0b0)
mem[X,0x0000000080001454] -> 0x8593
mem[X,0x0000000080001456] -> 0x6675
[2340] [M]: 0x0000000080001454 (0x66758593) addi x11, x11, 0x667                    sv_Mepc+8
x11 <- 0x0000000000005667

mem[X,0x0000000080001458] -> 0x9593
mem[X,0x000000008000145A] -> 0x0015
[2341] [M]: 0x0000000080001458 (0x00159593) slli x11, x11, 0x1                      sv_Mepc+12
x11 <- 0x000000000000ACCE

clint mtime 0x0000000000000493 (mip.MTI <- 0b1, mip.STI <- 0b0)
mem[X,0x000000008000145C] -> 0x9063
mem[X,0x000000008000145E] -> 0x02B1
[2342] [M]: 0x000000008000145C (0x02B19063) bne x3, x11, 0x20                       sv_Mepc+16

mem[X,0x0000000080001460] -> 0x2473
mem[X,0x0000000080001462] -> 0x3420
[2343] [M]: 0x0000000080001460 (0x34202473) csrrs x8, mcause, x0                    sv_Mepc+20
CSR mcause (0x342) -> 0x000000000000000C
x8 <- 0x000000000000000C

clint mtime 0x0000000000000494 (mip.MTI <- 0b1, mip.STI <- 0b0)
mem[X,0x0000000080001464] -> 0x0593
mem[X,0x0000000080001466] -> 0x00C0
[2344] [M]: 0x0000000080001464 (0x00C00593) addi x11, x0, 0xc                       sv_Mepc+24
x11 <- 0x000000000000000C

mem[X,0x0000000080001468] -> 0x0663
mem[X,0x000000008000146A] -> 0x00B4
[2345] [M]: 0x0000000080001468 (0x00B40663) beq x8, x11, 0xc                        sv_Mepc+28

clint mtime 0x0000000000000495 (mip.MTI <- 0b1, mip.STI <- 0b0)
mem[X,0x0000000080001474] -> 0x1073
mem[X,0x0000000080001476] -> 0x3412
[2346] [M]: 0x0000000080001474 (0x34121073) csrrw x0, mepc, x4                      sv_Mepc+40
CSR mepc (0x341) <- 0x0000000180000FEC

mem[X,0x0000000080001478] -> 0x006F
mem[X,0x000000008000147A] -> 0x0100
[2347] [M]: 0x0000000080001478 (0x0100006F) jal x0, 0x10                            sv_Mepc+44

clint mtime 0x0000000000000496 (mip.MTI <- 0b1, mip.STI <- 0b0)
mem[X,0x0000000080001488] -> 0x23F3
mem[X,0x000000008000148A] -> 0x3430
[2348] [M]: 0x0000000080001488 (0x343023F3) csrrs x7, mtval, x0                     skp_adj_Mepc+0
CSR mtval (0x343) -> 0x8000000140000404
x7 <- 0x8000000140000404

mem[X,0x000000008000148C] -> 0x0413
mem[X,0x000000008000148E] -> 0x0004
[2349] [M]: 0x000000008000148C (0x00040413) addi x8, x8, 0x0                        skp_adj_Mepc+4
x8 <- 0x000000000000000C

clint mtime 0x0000000000000497 (mip.MTI <- 0b1, mip.STI <- 0b0)
mem[X,0x0000000080001490] -> 0x006F
mem[X,0x0000000080001492] -> 0x0840
[2350] [M]: 0x0000000080001490 (0x0840006F) jal x0, 0x84                            skp_adj_Mepc+8

mem[X,0x0000000080001514] -> 0x8433
mem[X,0x0000000080001516] -> 0x4083
[2351] [M]: 0x0000000080001514 (0x40838433) sub x8, x7, x8                          adj_Mtval+0
x8 <- 0x80000001400003F8

clint mtime 0x0000000000000498 (mip.MTI <- 0b1, mip.STI <- 0b0)
mem[X,0x0000000080001518] -> 0x3C23
mem[X,0x000000008000151A] -> 0x0083
[2352] [M]: 0x0000000080001518 (0x00833C23) sd x8, 0x18(x6)                         sv_Mtval+0
mem[W,0x0000000080008490] <- 0x80000001400003F8

mem[X,0x000000008000151C] -> 0x3483
mem[X,0x000000008000151E] -> 0x2181
[2353] [M]: 0x000000008000151C (0x21813483) ld x9, 0x218(x2)                        skp_Mtval+0
mem[R,0x0000000080004218] -> 0x0000000080008498
x9 <- 0x0000000080008498

clint mtime 0x0000000000000499 (mip.MTI <- 0b1, mip.STI <- 0b0)
mem[X,0x0000000080001520] -> 0x3383
mem[X,0x0000000080001522] -> 0x1F81
[2354] [M]: 0x0000000080001520 (0x1F813383) ld x7, 0x1f8(x2)                        skp_Mtval+4
mem[R,0x00000000800041F8] -> 0x0000000080008110
x7 <- 0x0000000080008110

mem[X,0x0000000080001524] -> 0x3303
mem[X,0x0000000080001526] -> 0x2001
[2355] [M]: 0x0000000080001524 (0x20013303) ld x6, 0x200(x2)                        skp_Mtval+8
mem[R,0x0000000080004200] -> 0x0000000000000410
x6 <- 0x0000000000000410

clint mtime 0x000000000000049A (mip.MTI <- 0b1, mip.STI <- 0b0)
mem[X,0x0000000080001528] -> 0x0333
mem[X,0x000000008000152A] -> 0x0073
[2356] [M]: 0x0000000080001528 (0x00730333) add x6, x6, x7                          skp_Mtval+12
x6 <- 0x0000000080008520

mem[X,0x000000008000152C] -> 0x6AE3
mem[X,0x000000008000152E] -> 0xAE93
[2357] [M]: 0x000000008000152C (0xAE936AE3) bltu x6, x9, -0x50c                     skp_Mtval+16

clint mtime 0x000000000000049B (mip.MTI <- 0b1, mip.STI <- 0b0)
mem[X,0x0000000080001530] -> 0x0393
mem[X,0x0000000080001532] -> 0x2000
[2358] [M]: 0x0000000080001530 (0x20000393) addi x7, x0, 0x200                      skp_Mtval+20
x7 <- 0x0000000000000200

mem[X,0x0000000080001534] -> 0x006F
mem[X,0x0000000080001536] -> 0x0400
[2359] [M]: 0x0000000080001534 (0x0400006F) jal x0, 0x40                            skp_Mtval+24

clint mtime 0x000000000000049C (mip.MTI <- 0b1, mip.STI <- 0b0)
mem[X,0x0000000080001574] -> 0x0417
mem[X,0x0000000080001576] -> 0x0000
[2360] [M]: 0x0000000080001574 (0x00000417) auipc x8, 0x0                           spcl_Mhandler+0
x8 <- 0x0000000080001574

mem[X,0x0000000080001578] -> 0x0413
mem[X,0x000000008000157A] -> 0x03C4
[2361] [M]: 0x0000000080001578 (0x03C40413) addi x8, x8, 0x3c                       spcl_Mhandler+4
x8 <- 0x00000000800015B0

clint mtime 0x000000000000049D (mip.MTI <- 0b1, mip.STI <- 0b0)
mem[X,0x000000008000157C] -> 0x0433
mem[X,0x000000008000157E] -> 0x0074
[2362] [M]: 0x000000008000157C (0x00740433) add x8, x8, x7                          spcl_Mhandler+8
x8 <- 0x00000000800017B0

mem[X,0x0000000080001580] -> 0x1393
mem[X,0x0000000080001582] -> 0x0035
[2363] [M]: 0x0000000080001580 (0x00351393) slli x7, x10, 0x3                       spcl_Mhandler+12
x7 <- 0x0000000000000060

clint mtime 0x000000000000049E (mip.MTI <- 0b1, mip.STI <- 0b0)
mem[X,0x0000000080001584] -> 0x0433
mem[X,0x0000000080001586] -> 0x0074
[2364] [M]: 0x0000000080001584 (0x00740433) add x8, x8, x7                          spcl_Mhandler+16
x8 <- 0x0000000080001810

mem[X,0x0000000080001588] -> 0x7413
mem[X,0x000000008000158A] -> 0xFF84
[2365] [M]: 0x0000000080001588 (0xFF847413) andi x8, x8, -0x8                       spcl_Mhandler+20
x8 <- 0x0000000080001810

clint mtime 0x000000000000049F (mip.MTI <- 0b1, mip.STI <- 0b0)
mem[X,0x000000008000158C] -> 0x3403
mem[X,0x000000008000158E] -> 0x0004
[2366] [M]: 0x000000008000158C (0x00043403) ld x8, 0x0(x8)                          spcl_Mhandler+24
mem[R,0x0000000080001810] -> 0x0000000000000019
x8 <- 0x0000000000000019

mem[X,0x0000000080001590] -> 0x02E3
mem[X,0x0000000080001592] -> 0xB204
[2367] [M]: 0x0000000080001590 (0xB20402E3) beq x8, x0, -0x4dc                      spcl_Mdispatch_hndling+0

clint mtime 0x00000000000004A0 (mip.MTI <- 0b1, mip.STI <- 0b0)
mem[X,0x0000000080001594] -> 0x1393
mem[X,0x0000000080001596] -> 0x03F4
[2368] [M]: 0x0000000080001594 (0x03F41393) slli x7, x8, 0x3f                       spcl_Mdispatch_hndling+4
x7 <- 0x8000000000000000

mem[X,0x0000000080001598] -> 0xD863
mem[X,0x000000008000159A] -> 0x0003
[2369] [M]: 0x0000000080001598 (0x0003D863) bge x7, x0, 0x10                        spcl_Mdispatch_hndling+8

clint mtime 0x00000000000004A1 (mip.MTI <- 0b1, mip.STI <- 0b0)
mem[X,0x000000008000159C] -> 0x5413
mem[X,0x000000008000159E] -> 0x0014
[2370] [M]: 0x000000008000159C (0x00145413) srli x8, x8, 0x1                        spcl_Mdispatch_hndling+12
x8 <- 0x000000000000000C

mem[X,0x00000000800015A0] -> 0x0CE3
mem[X,0x00000000800015A2] -> 0xF885
[2371] [M]: 0x00000000800015A0 (0xF8850CE3) beq x10, x8, -0x68                      spcl_Mdispatch_hndling+16

clint mtime 0x00000000000004A2 (mip.MTI <- 0b1, mip.STI <- 0b0)
mem[X,0x0000000080001538] -> 0x3303
mem[X,0x000000008000153A] -> 0x2601
[2372] [M]: 0x0000000080001538 (0x26013303) ld x6, 0x260(x2)                        resto_Mrtn+0
mem[R,0x0000000080004260] -> 0xFFFFFFFF7FFFF26C
x6 <- 0xFFFFFFFF7FFFF26C

mem[X,0x000000008000153C] -> 0x3383
mem[X,0x000000008000153E] -> 0x2681
[2373] [M]: 0x000000008000153C (0x26813383) ld x7, 0x268(x2)                        resto_Mrtn+4
mem[R,0x0000000080004268] -> 0x0000000080004000
x7 <- 0x0000000080004000

clint mtime 0x00000000000004A3 (mip.MTI <- 0b1, mip.STI <- 0b0)
mem[X,0x0000000080001540] -> 0x3403
mem[X,0x0000000080001542] -> 0x2701
[2374] [M]: 0x0000000080001540 (0x27013403) ld x8, 0x270(x2)                        resto_Mrtn+8
mem[R,0x0000000080004270] -> 0x0000000000007F76
x8 <- 0x0000000000007F76

mem[X,0x0000000080001544] -> 0x3483
mem[X,0x0000000080001546] -> 0x2781
[2375] [M]: 0x0000000080001544 (0x27813483) ld x9, 0x278(x2)                        resto_Mrtn+12
mem[R,0x0000000080004278] -> 0x00000001000001C8
x9 <- 0x00000001000001C8

clint mtime 0x00000000000004A4 (mip.MTI <- 0b1, mip.STI <- 0b0)
mem[X,0x0000000080001548] -> 0x3503
mem[X,0x000000008000154A] -> 0x2801
[2376] [M]: 0x0000000080001548 (0x28013503) ld x10, 0x280(x2)                       resto_Mrtn+16
mem[R,0x0000000080004280] -> 0x00000000200000CF
x10 <- 0x00000000200000CF

mem[X,0x000000008000154C] -> 0x3583
mem[X,0x000000008000154E] -> 0x2881
[2377] [M]: 0x000000008000154C (0x28813583) ld x11, 0x288(x2)                       resto_Mrtn+20
mem[R,0x0000000080004288] -> 0x00000000000000CF
x11 <- 0x00000000000000CF

clint mtime 0x00000000000004A5 (mip.MTI <- 0b1, mip.STI <- 0b0)
mem[X,0x0000000080001550] -> 0x3103
mem[X,0x0000000080001552] -> 0x2901
[2378] [M]: 0x0000000080001550 (0x29013103) ld x2, 0x290(x2)                        resto_Mrtn+24
mem[R,0x0000000080004290] -> 0x0000000000000000
x2 <- 0x0000000000000000

mem[X,0x0000000080001554] -> 0x0073
mem[X,0x0000000080001556] -> 0x3020
[2379] [M]: 0x0000000080001554 (0x30200073) mret                                    resto_Mrtn+28
CSR mstatus (0x300) <- 0x0000000A00000080
ret-ing from M to S

clint mtime 0x00000000000004A6 (mip.MTI <- 0b1, mip.STI <- 0b0)
mem[X,0x0000000080000FEC] -> 0x0013
mem[X,0x0000000080000FEE] -> 0x0000
[2380] [S]: 0x0000000180000FEC (0x00000013) addi x0, x0, 0x0                        va_rvtest_code_begin+2064

mem[X,0x0000000080000FF0] -> 0x0013
mem[X,0x0000000080000FF2] -> 0x0000
[2381] [S]: 0x0000000180000FF0 (0x00000013) addi x0, x0, 0x0                        va_rvtest_code_begin+2068

clint mtime 0x00000000000004A7 (mip.MTI <- 0b1, mip.STI <- 0b0)
mem[X,0x0000000080000FF4] -> 0x0013
mem[X,0x0000000080000FF6] -> 0x0000
[2382] [S]: 0x0000000180000FF4 (0x00000013) addi x0, x0, 0x0                        va_rvtest_code_begin+2072

mem[X,0x0000000080000FF8] -> 0x0113
mem[X,0x0000000080000FFA] -> 0x0000
[2383] [S]: 0x0000000180000FF8 (0x00000113) addi x2, x0, 0x0                        va_rvtest_code_begin+2076
x2 <- 0x0000000000000000

clint mtime 0x00000000000004A8 (mip.MTI <- 0b1, mip.STI <- 0b0)
mem[X,0x0000000080000FFC] -> 0x0073
mem[X,0x0000000080000FFE] -> 0x0000
[2384] [S]: 0x0000000180000FFC (0x00000073) ecall                                   va_rvtest_code_begin+2080
trapping from S to M to handle s-call
handling exc#s-call at priv M with tval 0x0000000000000000
CSR mstatus (0x300) <- 0x0000000A00000800
CSR mcause (0x342) <- 0x0000000000000009
CSR mtval (0x343) <- 0x0000000000000000
CSR mepc (0x341) <- 0x0000000180000FFC

mem[X,0x0000000080001100] -> 0x006F
mem[X,0x0000000080001102] -> 0x1000
[2385] [M]: 0x0000000080001100 (0x1000006F) jal x0, 0x100                           Mtrampoline+0

clint mtime 0x00000000000004A9 (mip.MTI <- 0b1, mip.STI <- 0b0)
mem[X,0x0000000080001200] -> 0x1173
mem[X,0x0000000080001202] -> 0x3401
[2386] [M]: 0x0000000080001200 (0x34011173) csrrw x2, mscratch, x2                  trap_Mhandler+0
CSR mscratch (0x340) <- 0x0000000000000000
x2 <- 0x0000000080004000

mem[X,0x0000000080001204] -> 0x3423
mem[X,0x0000000080001206] -> 0x28B1
[2387] [M]: 0x0000000080001204 (0x28B13423) sd x11, 0x288(x2)                       trap_Mhandler+4
mem[W,0x0000000080004288] <- 0x00000000000000CF

clint mtime 0x00000000000004AA (mip.MTI <- 0b1, mip.STI <- 0b0)
mem[X,0x0000000080001208] -> 0x05EF
mem[X,0x000000008000120A] -> 0x0B80
[2388] [M]: 0x0000000080001208 (0x0B8005EF) jal x11, 0xb8                           trap_Mhandler+8
x11 <- 0x000000008000120C

mem[X,0x00000000800012C0] -> 0x3023
mem[X,0x00000000800012C2] -> 0x28A1
[2389] [M]: 0x00000000800012C0 (0x28A13023) sd x10, 0x280(x2)                       common_Mhandler+0
mem[W,0x0000000080004280] <- 0x00000000200000CF

clint mtime 0x00000000000004AB (mip.MTI <- 0b1, mip.STI <- 0b0)
mem[X,0x00000000800012C4] -> 0x1573
mem[X,0x00000000800012C6] -> 0x3401
[2390] [M]: 0x00000000800012C4 (0x34011573) csrrw x10, mscratch, x2                 common_Mhandler+4
CSR mscratch (0x340) <- 0x0000000080004000
x10 <- 0x0000000000000000

mem[X,0x00000000800012C8] -> 0x3823
mem[X,0x00000000800012CA] -> 0x28A1
[2391] [M]: 0x00000000800012C8 (0x28A13823) sd x10, 0x290(x2)                       common_Mhandler+8
mem[W,0x0000000080004290] <- 0x0000000000000000

clint mtime 0x00000000000004AC (mip.MTI <- 0b1, mip.STI <- 0b0)
mem[X,0x00000000800012CC] -> 0x3503
mem[X,0x00000000800012CE] -> 0x2301
[2392] [M]: 0x00000000800012CC (0x23013503) ld x10, 0x230(x2)                       common_Mhandler+12
mem[R,0x0000000080004230] -> 0x00000000800012D4
x10 <- 0x00000000800012D4

mem[X,0x00000000800012D0] -> 0x0067
mem[X,0x00000000800012D2] -> 0x0005
[2393] [M]: 0x00000000800012D0 (0x00050067) jalr x0, 0x0(x10)                       common_Mhandler+16

clint mtime 0x00000000000004AD (mip.MTI <- 0b1, mip.STI <- 0b0)
mem[X,0x00000000800012D4] -> 0x3C23
mem[X,0x00000000800012D6] -> 0x2691
[2394] [M]: 0x00000000800012D4 (0x26913C23) sd x9, 0x278(x2)                        common_Mentry+0
mem[W,0x0000000080004278] <- 0x00000001000001C8

mem[X,0x00000000800012D8] -> 0x3823
mem[X,0x00000000800012DA] -> 0x2681
[2395] [M]: 0x00000000800012D8 (0x26813823) sd x8, 0x270(x2)                        common_Mentry+4
mem[W,0x0000000080004270] <- 0x0000000000007F76

clint mtime 0x00000000000004AE (mip.MTI <- 0b1, mip.STI <- 0b0)
mem[X,0x00000000800012DC] -> 0x3423
mem[X,0x00000000800012DE] -> 0x2671
[2396] [M]: 0x00000000800012DC (0x26713423) sd x7, 0x268(x2)                        common_Mentry+8
mem[W,0x0000000080004268] <- 0x0000000080004000

mem[X,0x00000000800012E0] -> 0x3023
mem[X,0x00000000800012E2] -> 0x2661
[2397] [M]: 0x00000000800012E0 (0x26613023) sd x6, 0x260(x2)                        common_Mentry+12
mem[W,0x0000000080004260] <- 0xFFFFFFFF7FFFF26C

clint mtime 0x00000000000004AF (mip.MTI <- 0b1, mip.STI <- 0b0)
mem[X,0x00000000800012E4] -> 0x2573
mem[X,0x00000000800012E6] -> 0x3420
[2398] [M]: 0x00000000800012E4 (0x34202573) csrrs x10, mcause, x0                   spcl_M2mmode_test+0
CSR mcause (0x342) -> 0x0000000000000009
x10 <- 0x0000000000000009

mem[X,0x00000000800012E8] -> 0x04B7
mem[X,0x00000000800012EA] -> 0x8000
[2399] [M]: 0x00000000800012E8 (0x800004B7) lui x9, -0x80000                        spcl_M2mmode_test+4
x9 <- 0xFFFFFFFF80000000

clint mtime 0x00000000000004B0 (mip.MTI <- 0b1, mip.STI <- 0b0)
mem[X,0x00000000800012EC] -> 0x8493
mem[X,0x00000000800012EE] -> 0x0004
[2400] [M]: 0x00000000800012EC (0x00048493) addi x9, x9, 0x0                        spcl_M2mmode_test+8
x9 <- 0xFFFFFFFF80000000

mem[X,0x00000000800012F0] -> 0x9493
mem[X,0x00000000800012F2] -> 0x00B4
[2401] [M]: 0x00000000800012F0 (0x00B49493) slli x9, x9, 0xb                        spcl_M2mmode_test+12
x9 <- 0xFFFFFC0000000000

clint mtime 0x00000000000004B1 (mip.MTI <- 0b1, mip.STI <- 0b0)
mem[X,0x00000000800012F4] -> 0x8493
mem[X,0x00000000800012F6] -> 0x0004
[2402] [M]: 0x00000000800012F4 (0x00048493) addi x9, x9, 0x0                        spcl_M2mmode_test+16
x9 <- 0xFFFFFC0000000000

mem[X,0x00000000800012F8] -> 0x9493
mem[X,0x00000000800012FA] -> 0x00B4
[2403] [M]: 0x00000000800012F8 (0x00B49493) slli x9, x9, 0xb                        spcl_M2mmode_test+20
x9 <- 0xFFE0000000000000

clint mtime 0x00000000000004B2 (mip.MTI <- 0b1, mip.STI <- 0b0)
mem[X,0x00000000800012FC] -> 0x8493
mem[X,0x00000000800012FE] -> 0x0034
[2404] [M]: 0x00000000800012FC (0x00348493) addi x9, x9, 0x3                        spcl_M2mmode_test+24
x9 <- 0xFFE0000000000003

mem[X,0x0000000080001300] -> 0x9493
mem[X,0x0000000080001302] -> 0x00A4
[2405] [M]: 0x0000000080001300 (0x00A49493) slli x9, x9, 0xa                        spcl_M2mmode_test+28
x9 <- 0x8000000000000C00

clint mtime 0x00000000000004B3 (mip.MTI <- 0b1, mip.STI <- 0b0)
mem[X,0x0000000080001304] -> 0x8493
mem[X,0x0000000080001306] -> 0x3FC4
[2406] [M]: 0x0000000080001304 (0x3FC48493) addi x9, x9, 0x3fc                      spcl_M2mmode_test+32
x9 <- 0x8000000000000FFC

mem[X,0x0000000080001308] -> 0xF4B3
mem[X,0x000000008000130A] -> 0x00A4
[2407] [M]: 0x0000000080001308 (0x00A4F4B3) and x9, x9, x10                         spcl_M2mmode_test+36
x9 <- 0x0000000000000008

clint mtime 0x00000000000004B4 (mip.MTI <- 0b1, mip.STI <- 0b0)
mem[X,0x000000008000130C] -> 0x8493
mem[X,0x000000008000130E] -> 0xFF84
[2408] [M]: 0x000000008000130C (0xFF848493) addi x9, x9, -0x8                       spcl_M2mmode_test+40
x9 <- 0x0000000000000000

mem[X,0x0000000080001310] -> 0x9663
mem[X,0x0000000080001312] -> 0x0004
[2409] [M]: 0x0000000080001310 (0x00049663) bne x9, x0, 0xc                         spcl_M2mmode_test+44

clint mtime 0x00000000000004B5 (mip.MTI <- 0b1, mip.STI <- 0b0)
mem[X,0x0000000080001314] -> 0x3383
mem[X,0x0000000080001316] -> 0x2901
[2410] [M]: 0x0000000080001314 (0x29013383) ld x7, 0x290(x2)                        spcl_M2mmode_test+48
mem[R,0x0000000080004290] -> 0x0000000000000000
x7 <- 0x0000000000000000

mem[X,0x0000000080001318] -> 0x8663
mem[X,0x000000008000131A] -> 0x6E03
[2411] [M]: 0x0000000080001318 (0x6E038663) beq x7, x0, 0x6ec                       spcl_M2mmode_test+52

clint mtime 0x00000000000004B6 (mip.MTI <- 0b1, mip.STI <- 0b0)
mem[X,0x0000000080001A04] -> 0x0493
mem[X,0x0000000080001A06] -> 0xFF55
[2412] [M]: 0x0000000080001A04 (0xFF550493) addi x9, x10, -0xb                      rtn2mmode+0
x9 <- 0xFFFFFFFFFFFFFFFE

mem[X,0x0000000080001A08] -> 0x8C63
mem[X,0x0000000080001A0A] -> 0x0004
[2413] [M]: 0x0000000080001A08 (0x00048C63) beq x9, x0, 0x18                        rtn2mmode+4

clint mtime 0x00000000000004B7 (mip.MTI <- 0b1, mip.STI <- 0b0)
mem[X,0x0000000080001A0C] -> 0x3583
mem[X,0x0000000080001A0E] -> 0x4701
[2414] [M]: 0x0000000080001A0C (0x47013583) ld x11, 0x470(x2)                       rtn2mmode+8
mem[R,0x0000000080004470] -> 0x00000001800007DC
x11 <- 0x00000001800007DC

mem[X,0x0000000080001A10] -> 0xD463
mem[X,0x0000000080001A12] -> 0x0003
[2415] [M]: 0x0000000080001A10 (0x0003D463) bge x7, x0, 0x8                         rtn2mmode+12

clint mtime 0x00000000000004B8 (mip.MTI <- 0b1, mip.STI <- 0b0)
mem[X,0x0000000080001A18] -> 0x3483
mem[X,0x0000000080001A1A] -> 0x1D81
[2416] [M]: 0x0000000080001A18 (0x1D813483) ld x9, 0x1d8(x2)                        from_u_s+0
mem[R,0x00000000800041D8] -> 0x00000000800007F4
x9 <- 0x00000000800007F4

mem[X,0x0000000080001A1C] -> 0x84B3
mem[X,0x0000000080001A1E] -> 0x40B4
[2417] [M]: 0x0000000080001A1C (0x40B484B3) sub x9, x9, x11                         from_u_s+4
x9 <- 0xFFFFFFFF00000018

clint mtime 0x00000000000004B9 (mip.MTI <- 0b1, mip.STI <- 0b0)
mem[X,0x0000000080001A20] -> 0x23F3
mem[X,0x0000000080001A22] -> 0x3410
[2418] [M]: 0x0000000080001A20 (0x341023F3) csrrs x7, mepc, x0                      rtn_fm_mmode+0
CSR mepc (0x341) -> 0x0000000180000FFC
x7 <- 0x0000000180000FFC

mem[X,0x0000000080001A24] -> 0x83B3
mem[X,0x0000000080001A26] -> 0x0093
[2419] [M]: 0x0000000080001A24 (0x009383B3) add x7, x7, x9                          rtn_fm_mmode+4
x7 <- 0x0000000080001014

clint mtime 0x00000000000004BA (mip.MTI <- 0b1, mip.STI <- 0b0)
mem[X,0x0000000080001A28] -> 0x3303
mem[X,0x0000000080001A2A] -> 0x2601
[2420] [M]: 0x0000000080001A28 (0x26013303) ld x6, 0x260(x2)                        rtn_fm_mmode+8
mem[R,0x0000000080004260] -> 0xFFFFFFFF7FFFF26C
x6 <- 0xFFFFFFFF7FFFF26C

mem[X,0x0000000080001A2C] -> 0x3403
mem[X,0x0000000080001A2E] -> 0x2701
[2421] [M]: 0x0000000080001A2C (0x27013403) ld x8, 0x270(x2)                        rtn_fm_mmode+12
mem[R,0x0000000080004270] -> 0x0000000000007F76
x8 <- 0x0000000000007F76

clint mtime 0x00000000000004BB (mip.MTI <- 0b1, mip.STI <- 0b0)
mem[X,0x0000000080001A30] -> 0x3483
mem[X,0x0000000080001A32] -> 0x2781
[2422] [M]: 0x0000000080001A30 (0x27813483) ld x9, 0x278(x2)                        rtn_fm_mmode+16
mem[R,0x0000000080004278] -> 0x00000001000001C8
x9 <- 0x00000001000001C8

mem[X,0x0000000080001A34] -> 0x3503
mem[X,0x0000000080001A36] -> 0x2801
[2423] [M]: 0x0000000080001A34 (0x28013503) ld x10, 0x280(x2)                       rtn_fm_mmode+20
mem[R,0x0000000080004280] -> 0x00000000200000CF
x10 <- 0x00000000200000CF

clint mtime 0x00000000000004BC (mip.MTI <- 0b1, mip.STI <- 0b0)
mem[X,0x0000000080001A38] -> 0x3583
mem[X,0x0000000080001A3A] -> 0x2881
[2424] [M]: 0x0000000080001A38 (0x28813583) ld x11, 0x288(x2)                       rtn_fm_mmode+24
mem[R,0x0000000080004288] -> 0x00000000000000CF
x11 <- 0x00000000000000CF

mem[X,0x0000000080001A3C] -> 0x3103
mem[X,0x0000000080001A3E] -> 0x2901
[2425] [M]: 0x0000000080001A3C (0x29013103) ld x2, 0x290(x2)                        rtn_fm_mmode+28
mem[R,0x0000000080004290] -> 0x0000000000000000
x2 <- 0x0000000000000000

clint mtime 0x00000000000004BD (mip.MTI <- 0b1, mip.STI <- 0b0)
mem[X,0x0000000080001A40] -> 0x8067
mem[X,0x0000000080001A42] -> 0x0043
[2426] [M]: 0x0000000080001A40 (0x00438067) jalr x0, 0x4(x7)                        rtn_fm_mmode+32

mem[X,0x0000000080001018] -> 0x0113
mem[X,0x000000008000101A] -> 0x0000
[2427] [M]: 0x0000000080001018 (0x00000113) addi x2, x0, 0x0                        rvtest_code_end+0
x2 <- 0x0000000000000000

clint mtime 0x00000000000004BE (mip.MTI <- 0b1, mip.STI <- 0b0)
mem[X,0x000000008000101C] -> 0x0073
mem[X,0x000000008000101E] -> 0x0000
[2428] [M]: 0x000000008000101C (0x00000073) ecall                                   rvtest_code_end+4
trapping from M to M to handle m-call
handling exc#m-call at priv M with tval 0x0000000000000000
CSR mstatus (0x300) <- 0x0000000A00001800
CSR mcause (0x342) <- 0x000000000000000B
CSR mtval (0x343) <- 0x0000000000000000
CSR mepc (0x341) <- 0x000000008000101C

mem[X,0x0000000080001100] -> 0x006F
mem[X,0x0000000080001102] -> 0x1000
[2429] [M]: 0x0000000080001100 (0x1000006F) jal x0, 0x100                           Mtrampoline+0

clint mtime 0x00000000000004BF (mip.MTI <- 0b1, mip.STI <- 0b0)
mem[X,0x0000000080001200] -> 0x1173
mem[X,0x0000000080001202] -> 0x3401
[2430] [M]: 0x0000000080001200 (0x34011173) csrrw x2, mscratch, x2                  trap_Mhandler+0
CSR mscratch (0x340) <- 0x0000000000000000
x2 <- 0x0000000080004000

mem[X,0x0000000080001204] -> 0x3423
mem[X,0x0000000080001206] -> 0x28B1
[2431] [M]: 0x0000000080001204 (0x28B13423) sd x11, 0x288(x2)                       trap_Mhandler+4
mem[W,0x0000000080004288] <- 0x00000000000000CF

clint mtime 0x00000000000004C0 (mip.MTI <- 0b1, mip.STI <- 0b0)
mem[X,0x0000000080001208] -> 0x05EF
mem[X,0x000000008000120A] -> 0x0B80
[2432] [M]: 0x0000000080001208 (0x0B8005EF) jal x11, 0xb8                           trap_Mhandler+8
x11 <- 0x000000008000120C

mem[X,0x00000000800012C0] -> 0x3023
mem[X,0x00000000800012C2] -> 0x28A1
[2433] [M]: 0x00000000800012C0 (0x28A13023) sd x10, 0x280(x2)                       common_Mhandler+0
mem[W,0x0000000080004280] <- 0x00000000200000CF

clint mtime 0x00000000000004C1 (mip.MTI <- 0b1, mip.STI <- 0b0)
mem[X,0x00000000800012C4] -> 0x1573
mem[X,0x00000000800012C6] -> 0x3401
[2434] [M]: 0x00000000800012C4 (0x34011573) csrrw x10, mscratch, x2                 common_Mhandler+4
CSR mscratch (0x340) <- 0x0000000080004000
x10 <- 0x0000000000000000

mem[X,0x00000000800012C8] -> 0x3823
mem[X,0x00000000800012CA] -> 0x28A1
[2435] [M]: 0x00000000800012C8 (0x28A13823) sd x10, 0x290(x2)                       common_Mhandler+8
mem[W,0x0000000080004290] <- 0x0000000000000000

clint mtime 0x00000000000004C2 (mip.MTI <- 0b1, mip.STI <- 0b0)
mem[X,0x00000000800012CC] -> 0x3503
mem[X,0x00000000800012CE] -> 0x2301
[2436] [M]: 0x00000000800012CC (0x23013503) ld x10, 0x230(x2)                       common_Mhandler+12
mem[R,0x0000000080004230] -> 0x00000000800012D4
x10 <- 0x00000000800012D4

mem[X,0x00000000800012D0] -> 0x0067
mem[X,0x00000000800012D2] -> 0x0005
[2437] [M]: 0x00000000800012D0 (0x00050067) jalr x0, 0x0(x10)                       common_Mhandler+16

clint mtime 0x00000000000004C3 (mip.MTI <- 0b1, mip.STI <- 0b0)
mem[X,0x00000000800012D4] -> 0x3C23
mem[X,0x00000000800012D6] -> 0x2691
[2438] [M]: 0x00000000800012D4 (0x26913C23) sd x9, 0x278(x2)                        common_Mentry+0
mem[W,0x0000000080004278] <- 0x00000001000001C8

mem[X,0x00000000800012D8] -> 0x3823
mem[X,0x00000000800012DA] -> 0x2681
[2439] [M]: 0x00000000800012D8 (0x26813823) sd x8, 0x270(x2)                        common_Mentry+4
mem[W,0x0000000080004270] <- 0x0000000000007F76

clint mtime 0x00000000000004C4 (mip.MTI <- 0b1, mip.STI <- 0b0)
mem[X,0x00000000800012DC] -> 0x3423
mem[X,0x00000000800012DE] -> 0x2671
[2440] [M]: 0x00000000800012DC (0x26713423) sd x7, 0x268(x2)                        common_Mentry+8
mem[W,0x0000000080004268] <- 0x0000000080001014

mem[X,0x00000000800012E0] -> 0x3023
mem[X,0x00000000800012E2] -> 0x2661
[2441] [M]: 0x00000000800012E0 (0x26613023) sd x6, 0x260(x2)                        common_Mentry+12
mem[W,0x0000000080004260] <- 0xFFFFFFFF7FFFF26C

clint mtime 0x00000000000004C5 (mip.MTI <- 0b1, mip.STI <- 0b0)
mem[X,0x00000000800012E4] -> 0x2573
mem[X,0x00000000800012E6] -> 0x3420
[2442] [M]: 0x00000000800012E4 (0x34202573) csrrs x10, mcause, x0                   spcl_M2mmode_test+0
CSR mcause (0x342) -> 0x000000000000000B
x10 <- 0x000000000000000B

mem[X,0x00000000800012E8] -> 0x04B7
mem[X,0x00000000800012EA] -> 0x8000
[2443] [M]: 0x00000000800012E8 (0x800004B7) lui x9, -0x80000                        spcl_M2mmode_test+4
x9 <- 0xFFFFFFFF80000000

clint mtime 0x00000000000004C6 (mip.MTI <- 0b1, mip.STI <- 0b0)
mem[X,0x00000000800012EC] -> 0x8493
mem[X,0x00000000800012EE] -> 0x0004
[2444] [M]: 0x00000000800012EC (0x00048493) addi x9, x9, 0x0                        spcl_M2mmode_test+8
x9 <- 0xFFFFFFFF80000000

mem[X,0x00000000800012F0] -> 0x9493
mem[X,0x00000000800012F2] -> 0x00B4
[2445] [M]: 0x00000000800012F0 (0x00B49493) slli x9, x9, 0xb                        spcl_M2mmode_test+12
x9 <- 0xFFFFFC0000000000

clint mtime 0x00000000000004C7 (mip.MTI <- 0b1, mip.STI <- 0b0)
mem[X,0x00000000800012F4] -> 0x8493
mem[X,0x00000000800012F6] -> 0x0004
[2446] [M]: 0x00000000800012F4 (0x00048493) addi x9, x9, 0x0                        spcl_M2mmode_test+16
x9 <- 0xFFFFFC0000000000

mem[X,0x00000000800012F8] -> 0x9493
mem[X,0x00000000800012FA] -> 0x00B4
[2447] [M]: 0x00000000800012F8 (0x00B49493) slli x9, x9, 0xb                        spcl_M2mmode_test+20
x9 <- 0xFFE0000000000000

clint mtime 0x00000000000004C8 (mip.MTI <- 0b1, mip.STI <- 0b0)
mem[X,0x00000000800012FC] -> 0x8493
mem[X,0x00000000800012FE] -> 0x0034
[2448] [M]: 0x00000000800012FC (0x00348493) addi x9, x9, 0x3                        spcl_M2mmode_test+24
x9 <- 0xFFE0000000000003

mem[X,0x0000000080001300] -> 0x9493
mem[X,0x0000000080001302] -> 0x00A4
[2449] [M]: 0x0000000080001300 (0x00A49493) slli x9, x9, 0xa                        spcl_M2mmode_test+28
x9 <- 0x8000000000000C00

clint mtime 0x00000000000004C9 (mip.MTI <- 0b1, mip.STI <- 0b0)
mem[X,0x0000000080001304] -> 0x8493
mem[X,0x0000000080001306] -> 0x3FC4
[2450] [M]: 0x0000000080001304 (0x3FC48493) addi x9, x9, 0x3fc                      spcl_M2mmode_test+32
x9 <- 0x8000000000000FFC

mem[X,0x0000000080001308] -> 0xF4B3
mem[X,0x000000008000130A] -> 0x00A4
[2451] [M]: 0x0000000080001308 (0x00A4F4B3) and x9, x9, x10                         spcl_M2mmode_test+36
x9 <- 0x0000000000000008

clint mtime 0x00000000000004CA (mip.MTI <- 0b1, mip.STI <- 0b0)
mem[X,0x000000008000130C] -> 0x8493
mem[X,0x000000008000130E] -> 0xFF84
[2452] [M]: 0x000000008000130C (0xFF848493) addi x9, x9, -0x8                       spcl_M2mmode_test+40
x9 <- 0x0000000000000000

mem[X,0x0000000080001310] -> 0x9663
mem[X,0x0000000080001312] -> 0x0004
[2453] [M]: 0x0000000080001310 (0x00049663) bne x9, x0, 0xc                         spcl_M2mmode_test+44

clint mtime 0x00000000000004CB (mip.MTI <- 0b1, mip.STI <- 0b0)
mem[X,0x0000000080001314] -> 0x3383
mem[X,0x0000000080001316] -> 0x2901
[2454] [M]: 0x0000000080001314 (0x29013383) ld x7, 0x290(x2)                        spcl_M2mmode_test+48
mem[R,0x0000000080004290] -> 0x0000000000000000
x7 <- 0x0000000000000000

mem[X,0x0000000080001318] -> 0x8663
mem[X,0x000000008000131A] -> 0x6E03
[2455] [M]: 0x0000000080001318 (0x6E038663) beq x7, x0, 0x6ec                       spcl_M2mmode_test+52

clint mtime 0x00000000000004CC (mip.MTI <- 0b1, mip.STI <- 0b0)
mem[X,0x0000000080001A04] -> 0x0493
mem[X,0x0000000080001A06] -> 0xFF55
[2456] [M]: 0x0000000080001A04 (0xFF550493) addi x9, x10, -0xb                      rtn2mmode+0
x9 <- 0x0000000000000000

mem[X,0x0000000080001A08] -> 0x8C63
mem[X,0x0000000080001A0A] -> 0x0004
[2457] [M]: 0x0000000080001A08 (0x00048C63) beq x9, x0, 0x18                        rtn2mmode+4

clint mtime 0x00000000000004CD (mip.MTI <- 0b1, mip.STI <- 0b0)
mem[X,0x0000000080001A20] -> 0x23F3
mem[X,0x0000000080001A22] -> 0x3410
[2458] [M]: 0x0000000080001A20 (0x341023F3) csrrs x7, mepc, x0                      rtn_fm_mmode+0
CSR mepc (0x341) -> 0x000000008000101C
x7 <- 0x000000008000101C

mem[X,0x0000000080001A24] -> 0x83B3
mem[X,0x0000000080001A26] -> 0x0093
[2459] [M]: 0x0000000080001A24 (0x009383B3) add x7, x7, x9                          rtn_fm_mmode+4
x7 <- 0x000000008000101C

clint mtime 0x00000000000004CE (mip.MTI <- 0b1, mip.STI <- 0b0)
mem[X,0x0000000080001A28] -> 0x3303
mem[X,0x0000000080001A2A] -> 0x2601
[2460] [M]: 0x0000000080001A28 (0x26013303) ld x6, 0x260(x2)                        rtn_fm_mmode+8
mem[R,0x0000000080004260] -> 0xFFFFFFFF7FFFF26C
x6 <- 0xFFFFFFFF7FFFF26C

mem[X,0x0000000080001A2C] -> 0x3403
mem[X,0x0000000080001A2E] -> 0x2701
[2461] [M]: 0x0000000080001A2C (0x27013403) ld x8, 0x270(x2)                        rtn_fm_mmode+12
mem[R,0x0000000080004270] -> 0x0000000000007F76
x8 <- 0x0000000000007F76

clint mtime 0x00000000000004CF (mip.MTI <- 0b1, mip.STI <- 0b0)
mem[X,0x0000000080001A30] -> 0x3483
mem[X,0x0000000080001A32] -> 0x2781
[2462] [M]: 0x0000000080001A30 (0x27813483) ld x9, 0x278(x2)                        rtn_fm_mmode+16
mem[R,0x0000000080004278] -> 0x00000001000001C8
x9 <- 0x00000001000001C8

mem[X,0x0000000080001A34] -> 0x3503
mem[X,0x0000000080001A36] -> 0x2801
[2463] [M]: 0x0000000080001A34 (0x28013503) ld x10, 0x280(x2)                       rtn_fm_mmode+20
mem[R,0x0000000080004280] -> 0x00000000200000CF
x10 <- 0x00000000200000CF

clint mtime 0x00000000000004D0 (mip.MTI <- 0b1, mip.STI <- 0b0)
mem[X,0x0000000080001A38] -> 0x3583
mem[X,0x0000000080001A3A] -> 0x2881
[2464] [M]: 0x0000000080001A38 (0x28813583) ld x11, 0x288(x2)                       rtn_fm_mmode+24
mem[R,0x0000000080004288] -> 0x00000000000000CF
x11 <- 0x00000000000000CF

mem[X,0x0000000080001A3C] -> 0x3103
mem[X,0x0000000080001A3E] -> 0x2901
[2465] [M]: 0x0000000080001A3C (0x29013103) ld x2, 0x290(x2)                        rtn_fm_mmode+28
mem[R,0x0000000080004290] -> 0x0000000000000000
x2 <- 0x0000000000000000

clint mtime 0x00000000000004D1 (mip.MTI <- 0b1, mip.STI <- 0b0)
mem[X,0x0000000080001A40] -> 0x8067
mem[X,0x0000000080001A42] -> 0x0043
[2466] [M]: 0x0000000080001A40 (0x00438067) jalr x0, 0x4(x7)                        rtn_fm_mmode+32

mem[X,0x0000000080001020] -> 0x2373
mem[X,0x0000000080001022] -> 0x3400
[2467] [M]: 0x0000000080001020 (0x34002373) csrrs x6, mscratch, x0                  exit_Scleanup+0
CSR mscratch (0x340) -> 0x0000000080004000
x6 <- 0x0000000080004000

clint mtime 0x00000000000004D2 (mip.MTI <- 0b1, mip.STI <- 0b0)
mem[X,0x0000000080001024] -> 0x0313
mem[X,0x0000000080001026] -> 0x2983
[2468] [M]: 0x0000000080001024 (0x29830313) addi x6, x6, 0x298                      exit_Scleanup+4
x6 <- 0x0000000080004298

mem[X,0x0000000080001028] -> 0x3383
mem[X,0x000000008000102A] -> 0x2383
[2469] [M]: 0x0000000080001028 (0x23833383) ld x7, 0x238(x6)                        resto_Sedeleg+0
mem[R,0x00000000800044D0] -> 0x0000000000000000
x7 <- 0x0000000000000000

clint mtime 0x00000000000004D3 (mip.MTI <- 0b1, mip.STI <- 0b0)
mem[X,0x000000008000102C] -> 0x3383
mem[X,0x000000008000102E] -> 0x2203
[2470] [M]: 0x000000008000102C (0x22033383) ld x7, 0x220(x6)                        resto_Ssatp+0
mem[R,0x00000000800044B8] -> 0x0000000000000000
x7 <- 0x0000000000000000

mem[X,0x0000000080001030] -> 0x9073
mem[X,0x0000000080001032] -> 0x1803
[2471] [M]: 0x0000000080001030 (0x18039073) csrrw x0, satp, x7                      resto_Ssatp+4
CSR satp (0x180) <- 0x0000000000000000

clint mtime 0x00000000000004D4 (mip.MTI <- 0b1, mip.STI <- 0b0)
mem[X,0x0000000080001034] -> 0x3503
mem[X,0x0000000080001036] -> 0x2503
[2472] [M]: 0x0000000080001034 (0x25033503) ld x10, 0x250(x6)                       resto_Sscratch+0
mem[R,0x00000000800044E8] -> 0x0000000000000000
x10 <- 0x0000000000000000

mem[X,0x0000000080001038] -> 0x1073
mem[X,0x000000008000103A] -> 0x1405
[2473] [M]: 0x0000000080001038 (0x14051073) csrrw x0, sscratch, x10                 resto_Sscratch+4
CSR sscratch (0x140) <- 0x0000000000000000

clint mtime 0x00000000000004D5 (mip.MTI <- 0b1, mip.STI <- 0b0)
mem[X,0x000000008000103C] -> 0x3483
mem[X,0x000000008000103E] -> 0x2483
[2474] [M]: 0x000000008000103C (0x24833483) ld x9, 0x248(x6)                        resto_Sxtvec+0
mem[R,0x00000000800044E0] -> 0x0000000000000000
x9 <- 0x0000000000000000

mem[X,0x0000000080001040] -> 0x93F3
mem[X,0x0000000080001042] -> 0x1054
[2475] [M]: 0x0000000080001040 (0x105493F3) csrrw x7, stvec, x9                     resto_Sxtvec+4
CSR stvec (0x105) <- 0x0000000000000000
x7 <- 0x0000000080001A80

clint mtime 0x00000000000004D6 (mip.MTI <- 0b1, mip.STI <- 0b0)
mem[X,0x0000000080001044] -> 0xF493
mem[X,0x0000000080001046] -> 0xFFC4
[2476] [M]: 0x0000000080001044 (0xFFC4F493) andi x9, x9, -0x4                       resto_Sxtvec+8
x9 <- 0x0000000000000000

mem[X,0x0000000080001048] -> 0xF393
mem[X,0x000000008000104A] -> 0xFFC3
[2477] [M]: 0x0000000080001048 (0xFFC3F393) andi x7, x7, -0x4                       resto_Sxtvec+12
x7 <- 0x0000000080001A80

clint mtime 0x00000000000004D7 (mip.MTI <- 0b1, mip.STI <- 0b0)
mem[X,0x000000008000104C] -> 0x9063
mem[X,0x000000008000104E] -> 0x0274
[2478] [M]: 0x000000008000104C (0x02749063) bne x9, x7, 0x20                        resto_Sxtvec+16

mem[X,0x000000008000106C] -> 0x2373
mem[X,0x000000008000106E] -> 0x3400
[2479] [M]: 0x000000008000106C (0x34002373) csrrs x6, mscratch, x0                  rvtest_Send+0
CSR mscratch (0x340) -> 0x0000000080004000
x6 <- 0x0000000080004000

clint mtime 0x00000000000004D8 (mip.MTI <- 0b1, mip.STI <- 0b0)
mem[X,0x0000000080001070] -> 0x3383
mem[X,0x0000000080001072] -> 0x2383
[2480] [M]: 0x0000000080001070 (0x23833383) ld x7, 0x238(x6)                        resto_Medeleg+0
mem[R,0x0000000080004238] -> 0x0000000000000000
x7 <- 0x0000000000000000

mem[X,0x0000000080001074] -> 0x9073
mem[X,0x0000000080001076] -> 0x3023
[2481] [M]: 0x0000000080001074 (0x30239073) csrrw x0, medeleg, x7                   resto_Medeleg+4
CSR medeleg (0x302) <- 0x0000000000000000

clint mtime 0x00000000000004D9 (mip.MTI <- 0b1, mip.STI <- 0b0)
mem[X,0x0000000080001078] -> 0x3503
mem[X,0x000000008000107A] -> 0x2503
[2482] [M]: 0x0000000080001078 (0x25033503) ld x10, 0x250(x6)                       resto_Mscratch+0
mem[R,0x0000000080004250] -> 0x0000000000000000
x10 <- 0x0000000000000000

mem[X,0x000000008000107C] -> 0x1073
mem[X,0x000000008000107E] -> 0x3405
[2483] [M]: 0x000000008000107C (0x34051073) csrrw x0, mscratch, x10                 resto_Mscratch+4
CSR mscratch (0x340) <- 0x0000000000000000

clint mtime 0x00000000000004DA (mip.MTI <- 0b1, mip.STI <- 0b0)
mem[X,0x0000000080001080] -> 0x3483
mem[X,0x0000000080001082] -> 0x2483
[2484] [M]: 0x0000000080001080 (0x24833483) ld x9, 0x248(x6)                        resto_Mxtvec+0
mem[R,0x0000000080004248] -> 0x0000000000000000
x9 <- 0x0000000000000000

mem[X,0x0000000080001084] -> 0x93F3
mem[X,0x0000000080001086] -> 0x3054
[2485] [M]: 0x0000000080001084 (0x305493F3) csrrw x7, mtvec, x9                     resto_Mxtvec+4
CSR mtvec (0x305) <- 0x0000000000000000
x7 <- 0x0000000080001100

clint mtime 0x00000000000004DB (mip.MTI <- 0b1, mip.STI <- 0b0)
mem[X,0x0000000080001088] -> 0xF493
mem[X,0x000000008000108A] -> 0xFFC4
[2486] [M]: 0x0000000080001088 (0xFFC4F493) andi x9, x9, -0x4                       resto_Mxtvec+8
x9 <- 0x0000000000000000

mem[X,0x000000008000108C] -> 0xF393
mem[X,0x000000008000108E] -> 0xFFC3
[2487] [M]: 0x000000008000108C (0xFFC3F393) andi x7, x7, -0x4                       resto_Mxtvec+12
x7 <- 0x0000000080001100

clint mtime 0x00000000000004DC (mip.MTI <- 0b1, mip.STI <- 0b0)
mem[X,0x0000000080001090] -> 0x9063
mem[X,0x0000000080001092] -> 0x0274
[2488] [M]: 0x0000000080001090 (0x02749063) bne x9, x7, 0x20                        resto_Mxtvec+16

mem[X,0x00000000800010B0] -> 0x106F
mem[X,0x00000000800010B2] -> 0x27C0
[2489] [M]: 0x00000000800010B0 (0x27C0106F) jal x0, 0x127c                          rvtest_Mend+0

clint mtime 0x00000000000004DD (mip.MTI <- 0b1, mip.STI <- 0b0)
mem[X,0x000000008000232C] -> 0x0093
mem[X,0x000000008000232E] -> 0x0010
[2490] [M]: 0x000000008000232C (0x00100093) addi x1, x0, 0x1                        exit_cleanup+0
x1 <- 0x0000000000000001

mem[X,0x0000000080002330] -> 0x1397
mem[X,0x0000000080002332] -> 0x0000
[2491] [M]: 0x0000000080002330 (0x00001397) auipc x7, 0x1                           exit_cleanup+4
x7 <- 0x0000000080003330

clint mtime 0x00000000000004DE (mip.MTI <- 0b1, mip.STI <- 0b0)
mem[X,0x0000000080002334] -> 0xA823
mem[X,0x0000000080002336] -> 0xCC13
[2492] [M]: 0x0000000080002334 (0xCC13A823) sw x1, -0x330(x7)                       exit_cleanup+8
htif[0x0000000080003000] <- 0x00000001
mem[W,0x0000000080003000] <- 0x00000001

mem[X,0x0000000080002338] -> 0xF06F
mem[X,0x000000008000233A] -> 0xFF9F
[2493] [M]: 0x0000000080002338 (0xFF9FF06F) jal x0, -0x8                            exit_cleanup+12

clint mtime 0x00000000000004DF (mip.MTI <- 0b1, mip.STI <- 0b0)
mem[X,0x0000000080002330] -> 0x1397
mem[X,0x0000000080002332] -> 0x0000
[2494] [M]: 0x0000000080002330 (0x00001397) auipc x7, 0x1                           exit_cleanup+4
x7 <- 0x0000000080003330

mem[X,0x0000000080002334] -> 0xA823
mem[X,0x0000000080002336] -> 0xCC13
[2495] [M]: 0x0000000080002334 (0xCC13A823) sw x1, -0x330(x7)                       exit_cleanup+8
htif[0x0000000080003000] <- 0x00000001
mem[W,0x0000000080003000] <- 0x00000001

clint mtime 0x00000000000004E0 (mip.MTI <- 0b1, mip.STI <- 0b0)
mem[X,0x0000000080002338] -> 0xF06F
mem[X,0x000000008000233A] -> 0xFF9F
[2496] [M]: 0x0000000080002338 (0xFF9FF06F) jal x0, -0x8                            exit_cleanup+12

mem[X,0x0000000080002330] -> 0x1397
mem[X,0x0000000080002332] -> 0x0000
[2497] [M]: 0x0000000080002330 (0x00001397) auipc x7, 0x1                           exit_cleanup+4
x7 <- 0x0000000080003330

clint mtime 0x00000000000004E1 (mip.MTI <- 0b1, mip.STI <- 0b0)
mem[X,0x0000000080002334] -> 0xA823
mem[X,0x0000000080002336] -> 0xCC13
[2498] [M]: 0x0000000080002334 (0xCC13A823) sw x1, -0x330(x7)                       exit_cleanup+8
htif[0x0000000080003000] <- 0x00000001
htif-syscall-proxy cmd: 0x000000000001
mem[W,0x0000000080003000] <- 0x00000001

SUCCESS
