using /opt/riscv-arch-test/riscof-plugins/rv64/riscof_work/D_Zcd/src/c.fldsp-01.S/ref/Reference-sail_c_simulator.signature for test-signature output.
setting signature-granularity to 8 bytes
HTIF located at 0x80001000
begin_signature: 0x80003110
end_signature: 0x80003320
Entry point: 0x80000000
CSR mstatus (0x300) <- 0x0000000A00000000
CSR misa (0x301) <- 0x800000000034112F
CSR mcause (0x342) <- 0x0000000000000000
x10 <- 0x0000000000000000
x11 <- 0x0000000000001000
mem[X,0x0000000080000000] -> 0x0837
mem[X,0x0000000080000002] -> 0x7D5C
[0] [M]: 0x0000000080000000 (0x7D5C0837) lui x16, 0x7d5c0                           rvtest_init+0
x16 <- 0x000000007D5C0000

mem[X,0x0000000080000004] -> 0x0813
mem[X,0x0000000080000006] -> 0xDDB8
[1] [M]: 0x0000000080000004 (0xDDB80813) addi x16, x16, -0x225                      rvtest_init+4
x16 <- 0x000000007D5BFDDB

clint mtime 0x0000000000000001 (mip.MTI <- 0b1, mip.STI <- 0b0)
mem[X,0x0000000080000008] -> 0x1813
mem[X,0x000000008000000A] -> 0x00B8
[2] [M]: 0x0000000080000008 (0x00B81813) slli x16, x16, 0xb                         rvtest_init+8
x16 <- 0x000003EADFEED800

mem[X,0x000000008000000C] -> 0x0813
mem[X,0x000000008000000E] -> 0x3EA8
[3] [M]: 0x000000008000000C (0x3EA80813) addi x16, x16, 0x3ea                       rvtest_init+12
x16 <- 0x000003EADFEEDBEA

clint mtime 0x0000000000000002 (mip.MTI <- 0b1, mip.STI <- 0b0)
mem[X,0x0000000080000010] -> 0x1813
mem[X,0x0000000080000012] -> 0x00B8
[4] [M]: 0x0000000080000010 (0x00B81813) slli x16, x16, 0xb                         rvtest_init+16
x16 <- 0x001F56FF76DF5000

mem[X,0x0000000080000014] -> 0x0813
mem[X,0x0000000080000016] -> 0x6FF8
[5] [M]: 0x0000000080000014 (0x6FF80813) addi x16, x16, 0x6ff                       rvtest_init+20
x16 <- 0x001F56FF76DF56FF

clint mtime 0x0000000000000003 (mip.MTI <- 0b1, mip.STI <- 0b0)
mem[X,0x0000000080000018] -> 0x1813
mem[X,0x000000008000001A] -> 0x00A8
[6] [M]: 0x0000000080000018 (0x00A81813) slli x16, x16, 0xa                         rvtest_init+24
x16 <- 0x7D5BFDDB7D5BFC00

mem[X,0x000000008000001C] -> 0x0813
mem[X,0x000000008000001E] -> 0x1DB8
[7] [M]: 0x000000008000001C (0x1DB80813) addi x16, x16, 0x1db                       rvtest_init+28
x16 <- 0x7D5BFDDB7D5BFDDB

clint mtime 0x0000000000000004 (mip.MTI <- 0b1, mip.STI <- 0b0)
mem[X,0x0000000080000020] -> 0x5893
mem[X,0x0000000080000022] -> 0x0078
[8] [M]: 0x0000000080000020 (0x00785893) srli x17, x16, 0x7                         rvtest_init+32
x17 <- 0x00FAB7FBB6FAB7FB

mem[X,0x0000000080000024] -> 0x5793
mem[X,0x0000000080000026] -> 0x0398
[9] [M]: 0x0000000080000024 (0x03985793) srli x15, x16, 0x39                        rvtest_init+36
x15 <- 0x000000000000003E

clint mtime 0x0000000000000005 (mip.MTI <- 0b1, mip.STI <- 0b0)
mem[X,0x0000000080000028] -> 0xE8B3
mem[X,0x000000008000002A] -> 0x00F8
[10] [M]: 0x0000000080000028 (0x00F8E8B3) or x17, x17, x15                          rvtest_init+40
x17 <- 0x00FAB7FBB6FAB7FF

mem[X,0x000000008000002C] -> 0xD913
mem[X,0x000000008000002E] -> 0x0078
[11] [M]: 0x000000008000002C (0x0078D913) srli x18, x17, 0x7                        rvtest_init+44
x18 <- 0x0001F56FF76DF56F

clint mtime 0x0000000000000006 (mip.MTI <- 0b1, mip.STI <- 0b0)
mem[X,0x0000000080000030] -> 0xD793
mem[X,0x0000000080000032] -> 0x0398
[12] [M]: 0x0000000080000030 (0x0398D793) srli x15, x17, 0x39                       rvtest_init+48
x15 <- 0x0000000000000000

mem[X,0x0000000080000034] -> 0x6933
mem[X,0x0000000080000036] -> 0x00F9
[13] [M]: 0x0000000080000034 (0x00F96933) or x18, x18, x15                          rvtest_init+52
x18 <- 0x0001F56FF76DF56F

clint mtime 0x0000000000000007 (mip.MTI <- 0b1, mip.STI <- 0b0)
mem[X,0x0000000080000038] -> 0x5993
mem[X,0x000000008000003A] -> 0x0079
[14] [M]: 0x0000000080000038 (0x00795993) srli x19, x18, 0x7                        rvtest_init+56
x19 <- 0x000003EADFEEDBEA

mem[X,0x000000008000003C] -> 0x5793
mem[X,0x000000008000003E] -> 0x0399
[15] [M]: 0x000000008000003C (0x03995793) srli x15, x18, 0x39                       rvtest_init+60
x15 <- 0x0000000000000000

clint mtime 0x0000000000000008 (mip.MTI <- 0b1, mip.STI <- 0b0)
mem[X,0x0000000080000040] -> 0xE9B3
mem[X,0x0000000080000042] -> 0x00F9
[16] [M]: 0x0000000080000040 (0x00F9E9B3) or x19, x19, x15                          rvtest_init+64
x19 <- 0x000003EADFEEDBEA

mem[X,0x0000000080000044] -> 0xDA13
mem[X,0x0000000080000046] -> 0x0079
[17] [M]: 0x0000000080000044 (0x0079DA13) srli x20, x19, 0x7                        rvtest_init+68
x20 <- 0x00000007D5BFDDB7

clint mtime 0x0000000000000009 (mip.MTI <- 0b1, mip.STI <- 0b0)
mem[X,0x0000000080000048] -> 0xD793
mem[X,0x000000008000004A] -> 0x0399
[18] [M]: 0x0000000080000048 (0x0399D793) srli x15, x19, 0x39                       rvtest_init+72
x15 <- 0x0000000000000000

mem[X,0x000000008000004C] -> 0x6A33
mem[X,0x000000008000004E] -> 0x00FA
[19] [M]: 0x000000008000004C (0x00FA6A33) or x20, x20, x15                          rvtest_init+76
x20 <- 0x00000007D5BFDDB7

clint mtime 0x000000000000000A (mip.MTI <- 0b1, mip.STI <- 0b0)
mem[X,0x0000000080000050] -> 0x5A93
mem[X,0x0000000080000052] -> 0x007A
[20] [M]: 0x0000000080000050 (0x007A5A93) srli x21, x20, 0x7                        rvtest_init+80
x21 <- 0x000000000FAB7FBB

mem[X,0x0000000080000054] -> 0x5793
mem[X,0x0000000080000056] -> 0x039A
[21] [M]: 0x0000000080000054 (0x039A5793) srli x15, x20, 0x39                       rvtest_init+84
x15 <- 0x0000000000000000

clint mtime 0x000000000000000B (mip.MTI <- 0b1, mip.STI <- 0b0)
mem[X,0x0000000080000058] -> 0xEAB3
mem[X,0x000000008000005A] -> 0x00FA
[22] [M]: 0x0000000080000058 (0x00FAEAB3) or x21, x21, x15                          rvtest_init+88
x21 <- 0x000000000FAB7FBB

mem[X,0x000000008000005C] -> 0xDB13
mem[X,0x000000008000005E] -> 0x007A
[23] [M]: 0x000000008000005C (0x007ADB13) srli x22, x21, 0x7                        rvtest_init+92
x22 <- 0x00000000001F56FF

clint mtime 0x000000000000000C (mip.MTI <- 0b1, mip.STI <- 0b0)
mem[X,0x0000000080000060] -> 0xD793
mem[X,0x0000000080000062] -> 0x039A
[24] [M]: 0x0000000080000060 (0x039AD793) srli x15, x21, 0x39                       rvtest_init+96
x15 <- 0x0000000000000000

mem[X,0x0000000080000064] -> 0x6B33
mem[X,0x0000000080000066] -> 0x00FB
[25] [M]: 0x0000000080000064 (0x00FB6B33) or x22, x22, x15                          rvtest_init+100
x22 <- 0x00000000001F56FF

clint mtime 0x000000000000000D (mip.MTI <- 0b1, mip.STI <- 0b0)
mem[X,0x0000000080000068] -> 0x5B93
mem[X,0x000000008000006A] -> 0x007B
[26] [M]: 0x0000000080000068 (0x007B5B93) srli x23, x22, 0x7                        rvtest_init+104
x23 <- 0x0000000000003EAD

mem[X,0x000000008000006C] -> 0x5793
mem[X,0x000000008000006E] -> 0x039B
[27] [M]: 0x000000008000006C (0x039B5793) srli x15, x22, 0x39                       rvtest_init+108
x15 <- 0x0000000000000000

clint mtime 0x000000000000000E (mip.MTI <- 0b1, mip.STI <- 0b0)
mem[X,0x0000000080000070] -> 0xEBB3
mem[X,0x0000000080000072] -> 0x00FB
[28] [M]: 0x0000000080000070 (0x00FBEBB3) or x23, x23, x15                          rvtest_init+112
x23 <- 0x0000000000003EAD

mem[X,0x0000000080000074] -> 0xDC13
mem[X,0x0000000080000076] -> 0x007B
[29] [M]: 0x0000000080000074 (0x007BDC13) srli x24, x23, 0x7                        rvtest_init+116
x24 <- 0x000000000000007D

clint mtime 0x000000000000000F (mip.MTI <- 0b1, mip.STI <- 0b0)
mem[X,0x0000000080000078] -> 0xD793
mem[X,0x000000008000007A] -> 0x039B
[30] [M]: 0x0000000080000078 (0x039BD793) srli x15, x23, 0x39                       rvtest_init+120
x15 <- 0x0000000000000000

mem[X,0x000000008000007C] -> 0x6C33
mem[X,0x000000008000007E] -> 0x00FC
[31] [M]: 0x000000008000007C (0x00FC6C33) or x24, x24, x15                          rvtest_init+124
x24 <- 0x000000000000007D

clint mtime 0x0000000000000010 (mip.MTI <- 0b1, mip.STI <- 0b0)
mem[X,0x0000000080000080] -> 0x5C93
mem[X,0x0000000080000082] -> 0x007C
[32] [M]: 0x0000000080000080 (0x007C5C93) srli x25, x24, 0x7                        rvtest_init+128
x25 <- 0x0000000000000000

mem[X,0x0000000080000084] -> 0x5793
mem[X,0x0000000080000086] -> 0x039C
[33] [M]: 0x0000000080000084 (0x039C5793) srli x15, x24, 0x39                       rvtest_init+132
x15 <- 0x0000000000000000

clint mtime 0x0000000000000011 (mip.MTI <- 0b1, mip.STI <- 0b0)
mem[X,0x0000000080000088] -> 0xECB3
mem[X,0x000000008000008A] -> 0x00FC
[34] [M]: 0x0000000080000088 (0x00FCECB3) or x25, x25, x15                          rvtest_init+136
x25 <- 0x0000000000000000

mem[X,0x000000008000008C] -> 0xDD13
mem[X,0x000000008000008E] -> 0x007C
[35] [M]: 0x000000008000008C (0x007CDD13) srli x26, x25, 0x7                        rvtest_init+140
x26 <- 0x0000000000000000

clint mtime 0x0000000000000012 (mip.MTI <- 0b1, mip.STI <- 0b0)
mem[X,0x0000000080000090] -> 0xD793
mem[X,0x0000000080000092] -> 0x039C
[36] [M]: 0x0000000080000090 (0x039CD793) srli x15, x25, 0x39                       rvtest_init+144
x15 <- 0x0000000000000000

mem[X,0x0000000080000094] -> 0x6D33
mem[X,0x0000000080000096] -> 0x00FD
[37] [M]: 0x0000000080000094 (0x00FD6D33) or x26, x26, x15                          rvtest_init+148
x26 <- 0x0000000000000000

clint mtime 0x0000000000000013 (mip.MTI <- 0b1, mip.STI <- 0b0)
mem[X,0x0000000080000098] -> 0x5D93
mem[X,0x000000008000009A] -> 0x007D
[38] [M]: 0x0000000080000098 (0x007D5D93) srli x27, x26, 0x7                        rvtest_init+152
x27 <- 0x0000000000000000

mem[X,0x000000008000009C] -> 0x5793
mem[X,0x000000008000009E] -> 0x039D
[39] [M]: 0x000000008000009C (0x039D5793) srli x15, x26, 0x39                       rvtest_init+156
x15 <- 0x0000000000000000

clint mtime 0x0000000000000014 (mip.MTI <- 0b1, mip.STI <- 0b0)
mem[X,0x00000000800000A0] -> 0xEDB3
mem[X,0x00000000800000A2] -> 0x00FD
[40] [M]: 0x00000000800000A0 (0x00FDEDB3) or x27, x27, x15                          rvtest_init+160
x27 <- 0x0000000000000000

mem[X,0x00000000800000A4] -> 0xDE13
mem[X,0x00000000800000A6] -> 0x007D
[41] [M]: 0x00000000800000A4 (0x007DDE13) srli x28, x27, 0x7                        rvtest_init+164
x28 <- 0x0000000000000000

clint mtime 0x0000000000000015 (mip.MTI <- 0b1, mip.STI <- 0b0)
mem[X,0x00000000800000A8] -> 0xD793
mem[X,0x00000000800000AA] -> 0x039D
[42] [M]: 0x00000000800000A8 (0x039DD793) srli x15, x27, 0x39                       rvtest_init+168
x15 <- 0x0000000000000000

mem[X,0x00000000800000AC] -> 0x6E33
mem[X,0x00000000800000AE] -> 0x00FE
[43] [M]: 0x00000000800000AC (0x00FE6E33) or x28, x28, x15                          rvtest_init+172
x28 <- 0x0000000000000000

clint mtime 0x0000000000000016 (mip.MTI <- 0b1, mip.STI <- 0b0)
mem[X,0x00000000800000B0] -> 0x5E93
mem[X,0x00000000800000B2] -> 0x007E
[44] [M]: 0x00000000800000B0 (0x007E5E93) srli x29, x28, 0x7                        rvtest_init+176
x29 <- 0x0000000000000000

mem[X,0x00000000800000B4] -> 0x5793
mem[X,0x00000000800000B6] -> 0x039E
[45] [M]: 0x00000000800000B4 (0x039E5793) srli x15, x28, 0x39                       rvtest_init+180
x15 <- 0x0000000000000000

clint mtime 0x0000000000000017 (mip.MTI <- 0b1, mip.STI <- 0b0)
mem[X,0x00000000800000B8] -> 0xEEB3
mem[X,0x00000000800000BA] -> 0x00FE
[46] [M]: 0x00000000800000B8 (0x00FEEEB3) or x29, x29, x15                          rvtest_init+184
x29 <- 0x0000000000000000

mem[X,0x00000000800000BC] -> 0xDF13
mem[X,0x00000000800000BE] -> 0x007E
[47] [M]: 0x00000000800000BC (0x007EDF13) srli x30, x29, 0x7                        rvtest_init+188
x30 <- 0x0000000000000000

clint mtime 0x0000000000000018 (mip.MTI <- 0b1, mip.STI <- 0b0)
mem[X,0x00000000800000C0] -> 0xD793
mem[X,0x00000000800000C2] -> 0x039E
[48] [M]: 0x00000000800000C0 (0x039ED793) srli x15, x29, 0x39                       rvtest_init+192
x15 <- 0x0000000000000000

mem[X,0x00000000800000C4] -> 0x6F33
mem[X,0x00000000800000C6] -> 0x00FF
[49] [M]: 0x00000000800000C4 (0x00FF6F33) or x30, x30, x15                          rvtest_init+196
x30 <- 0x0000000000000000

clint mtime 0x0000000000000019 (mip.MTI <- 0b1, mip.STI <- 0b0)
mem[X,0x00000000800000C8] -> 0xC0B7
mem[X,0x00000000800000CA] -> 0xFEED
[50] [M]: 0x00000000800000C8 (0xFEEDC0B7) lui x1, -0x1124                           rvtest_init+200
x1 <- 0xFFFFFFFFFEEDC000

mem[X,0x00000000800000CC] -> 0x8093
mem[X,0x00000000800000CE] -> 0xEAD0
[51] [M]: 0x00000000800000CC (0xEAD08093) addi x1, x1, -0x153                       rvtest_init+204
x1 <- 0xFFFFFFFFFEEDBEAD

clint mtime 0x000000000000001A (mip.MTI <- 0b1, mip.STI <- 0b0)
mem[X,0x00000000800000D0] -> 0x9093
mem[X,0x00000000800000D2] -> 0x00B0
[52] [M]: 0x00000000800000D0 (0x00B09093) slli x1, x1, 0xb                          rvtest_init+208
x1 <- 0xFFFFFFF76DF56800

mem[X,0x00000000800000D4] -> 0x8093
mem[X,0x00000000800000D6] -> 0x7F70
[53] [M]: 0x00000000800000D4 (0x7F708093) addi x1, x1, 0x7f7                        rvtest_init+212
x1 <- 0xFFFFFFF76DF56FF7

clint mtime 0x000000000000001B (mip.MTI <- 0b1, mip.STI <- 0b0)
mem[X,0x00000000800000D8] -> 0x9093
mem[X,0x00000000800000DA] -> 0x00B0
[54] [M]: 0x00000000800000D8 (0x00B09093) slli x1, x1, 0xb                          rvtest_init+216
x1 <- 0xFFFFBB6FAB7FB800

mem[X,0x00000000800000DC] -> 0x8093
mem[X,0x00000000800000DE] -> 0x36F0
[55] [M]: 0x00000000800000DC (0x36F08093) addi x1, x1, 0x36f                        rvtest_init+220
x1 <- 0xFFFFBB6FAB7FBB6F

clint mtime 0x000000000000001C (mip.MTI <- 0b1, mip.STI <- 0b0)
mem[X,0x00000000800000E0] -> 0x9093
mem[X,0x00000000800000E2] -> 0x00A0
[56] [M]: 0x00000000800000E0 (0x00A09093) slli x1, x1, 0xa                          rvtest_init+224
x1 <- 0xFEEDBEADFEEDBC00

mem[X,0x00000000800000E4] -> 0x8093
mem[X,0x00000000800000E6] -> 0x2AD0
[57] [M]: 0x00000000800000E4 (0x2AD08093) addi x1, x1, 0x2ad                        rvtest_init+228
x1 <- 0xFEEDBEADFEEDBEAD

clint mtime 0x000000000000001D (mip.MTI <- 0b1, mip.STI <- 0b0)
mem[X,0x00000000800000E8] -> 0xD113
mem[X,0x00000000800000EA] -> 0x0070
[58] [M]: 0x00000000800000E8 (0x0070D113) srli x2, x1, 0x7                          rvtest_init+232
x2 <- 0x01FDDB7D5BFDDB7D

mem[X,0x00000000800000EC] -> 0xD793
mem[X,0x00000000800000EE] -> 0x0390
[59] [M]: 0x00000000800000EC (0x0390D793) srli x15, x1, 0x39                        rvtest_init+236
x15 <- 0x000000000000007F

clint mtime 0x000000000000001E (mip.MTI <- 0b1, mip.STI <- 0b0)
mem[X,0x00000000800000F0] -> 0x6133
mem[X,0x00000000800000F2] -> 0x00F1
[60] [M]: 0x00000000800000F0 (0x00F16133) or x2, x2, x15                            rvtest_init+240
x2 <- 0x01FDDB7D5BFDDB7F

mem[X,0x00000000800000F4] -> 0x5193
mem[X,0x00000000800000F6] -> 0x0071
[61] [M]: 0x00000000800000F4 (0x00715193) srli x3, x2, 0x7                          rvtest_init+244
x3 <- 0x0003FBB6FAB7FBB6

clint mtime 0x000000000000001F (mip.MTI <- 0b1, mip.STI <- 0b0)
mem[X,0x00000000800000F8] -> 0x5793
mem[X,0x00000000800000FA] -> 0x0391
[62] [M]: 0x00000000800000F8 (0x03915793) srli x15, x2, 0x39                        rvtest_init+248
x15 <- 0x0000000000000000

mem[X,0x00000000800000FC] -> 0xE1B3
mem[X,0x00000000800000FE] -> 0x00F1
[63] [M]: 0x00000000800000FC (0x00F1E1B3) or x3, x3, x15                            rvtest_init+252
x3 <- 0x0003FBB6FAB7FBB6

clint mtime 0x0000000000000020 (mip.MTI <- 0b1, mip.STI <- 0b0)
mem[X,0x0000000080000100] -> 0xD213
mem[X,0x0000000080000102] -> 0x0071
[64] [M]: 0x0000000080000100 (0x0071D213) srli x4, x3, 0x7                          rvtest_init+256
x4 <- 0x000007F76DF56FF7

mem[X,0x0000000080000104] -> 0xD793
mem[X,0x0000000080000106] -> 0x0391
[65] [M]: 0x0000000080000104 (0x0391D793) srli x15, x3, 0x39                        rvtest_init+260
x15 <- 0x0000000000000000

clint mtime 0x0000000000000021 (mip.MTI <- 0b1, mip.STI <- 0b0)
mem[X,0x0000000080000108] -> 0x6233
mem[X,0x000000008000010A] -> 0x00F2
[66] [M]: 0x0000000080000108 (0x00F26233) or x4, x4, x15                            rvtest_init+264
x4 <- 0x000007F76DF56FF7

mem[X,0x000000008000010C] -> 0x5293
mem[X,0x000000008000010E] -> 0x0072
[67] [M]: 0x000000008000010C (0x00725293) srli x5, x4, 0x7                          rvtest_init+268
x5 <- 0x0000000FEEDBEADF

clint mtime 0x0000000000000022 (mip.MTI <- 0b1, mip.STI <- 0b0)
mem[X,0x0000000080000110] -> 0x5793
mem[X,0x0000000080000112] -> 0x0392
[68] [M]: 0x0000000080000110 (0x03925793) srli x15, x4, 0x39                        rvtest_init+272
x15 <- 0x0000000000000000

mem[X,0x0000000080000114] -> 0xE2B3
mem[X,0x0000000080000116] -> 0x00F2
[69] [M]: 0x0000000080000114 (0x00F2E2B3) or x5, x5, x15                            rvtest_init+276
x5 <- 0x0000000FEEDBEADF

clint mtime 0x0000000000000023 (mip.MTI <- 0b1, mip.STI <- 0b0)
mem[X,0x0000000080000118] -> 0xD313
mem[X,0x000000008000011A] -> 0x0072
[70] [M]: 0x0000000080000118 (0x0072D313) srli x6, x5, 0x7                          rvtest_init+280
x6 <- 0x000000001FDDB7D5

mem[X,0x000000008000011C] -> 0xD793
mem[X,0x000000008000011E] -> 0x0392
[71] [M]: 0x000000008000011C (0x0392D793) srli x15, x5, 0x39                        rvtest_init+284
x15 <- 0x0000000000000000

clint mtime 0x0000000000000024 (mip.MTI <- 0b1, mip.STI <- 0b0)
mem[X,0x0000000080000120] -> 0x6333
mem[X,0x0000000080000122] -> 0x00F3
[72] [M]: 0x0000000080000120 (0x00F36333) or x6, x6, x15                            rvtest_init+288
x6 <- 0x000000001FDDB7D5

mem[X,0x0000000080000124] -> 0x5393
mem[X,0x0000000080000126] -> 0x0073
[73] [M]: 0x0000000080000124 (0x00735393) srli x7, x6, 0x7                          rvtest_init+292
x7 <- 0x00000000003FBB6F

clint mtime 0x0000000000000025 (mip.MTI <- 0b1, mip.STI <- 0b0)
mem[X,0x0000000080000128] -> 0x5793
mem[X,0x000000008000012A] -> 0x0393
[74] [M]: 0x0000000080000128 (0x03935793) srli x15, x6, 0x39                        rvtest_init+296
x15 <- 0x0000000000000000

mem[X,0x000000008000012C] -> 0xE3B3
mem[X,0x000000008000012E] -> 0x00F3
[75] [M]: 0x000000008000012C (0x00F3E3B3) or x7, x7, x15                            rvtest_init+300
x7 <- 0x00000000003FBB6F

clint mtime 0x0000000000000026 (mip.MTI <- 0b1, mip.STI <- 0b0)
mem[X,0x0000000080000130] -> 0xD413
mem[X,0x0000000080000132] -> 0x0073
[76] [M]: 0x0000000080000130 (0x0073D413) srli x8, x7, 0x7                          rvtest_init+304
x8 <- 0x0000000000007F76

mem[X,0x0000000080000134] -> 0xD793
mem[X,0x0000000080000136] -> 0x0393
[77] [M]: 0x0000000080000134 (0x0393D793) srli x15, x7, 0x39                        rvtest_init+308
x15 <- 0x0000000000000000

clint mtime 0x0000000000000027 (mip.MTI <- 0b1, mip.STI <- 0b0)
mem[X,0x0000000080000138] -> 0x6433
mem[X,0x000000008000013A] -> 0x00F4
[78] [M]: 0x0000000080000138 (0x00F46433) or x8, x8, x15                            rvtest_init+312
x8 <- 0x0000000000007F76

mem[X,0x000000008000013C] -> 0x5493
mem[X,0x000000008000013E] -> 0x0074
[79] [M]: 0x000000008000013C (0x00745493) srli x9, x8, 0x7                          rvtest_init+316
x9 <- 0x00000000000000FE

clint mtime 0x0000000000000028 (mip.MTI <- 0b1, mip.STI <- 0b0)
mem[X,0x0000000080000140] -> 0x5793
mem[X,0x0000000080000142] -> 0x0394
[80] [M]: 0x0000000080000140 (0x03945793) srli x15, x8, 0x39                        rvtest_init+320
x15 <- 0x0000000000000000

mem[X,0x0000000080000144] -> 0xE4B3
mem[X,0x0000000080000146] -> 0x00F4
[81] [M]: 0x0000000080000144 (0x00F4E4B3) or x9, x9, x15                            rvtest_init+324
x9 <- 0x00000000000000FE

clint mtime 0x0000000000000029 (mip.MTI <- 0b1, mip.STI <- 0b0)
mem[X,0x0000000080000148] -> 0xD513
mem[X,0x000000008000014A] -> 0x0074
[82] [M]: 0x0000000080000148 (0x0074D513) srli x10, x9, 0x7                         rvtest_init+328
x10 <- 0x0000000000000001

mem[X,0x000000008000014C] -> 0xD793
mem[X,0x000000008000014E] -> 0x0394
[83] [M]: 0x000000008000014C (0x0394D793) srli x15, x9, 0x39                        rvtest_init+332
x15 <- 0x0000000000000000

clint mtime 0x000000000000002A (mip.MTI <- 0b1, mip.STI <- 0b0)
mem[X,0x0000000080000150] -> 0x6533
mem[X,0x0000000080000152] -> 0x00F5
[84] [M]: 0x0000000080000150 (0x00F56533) or x10, x10, x15                          rvtest_init+336
x10 <- 0x0000000000000001

mem[X,0x0000000080000154] -> 0x5593
mem[X,0x0000000080000156] -> 0x0075
[85] [M]: 0x0000000080000154 (0x00755593) srli x11, x10, 0x7                        rvtest_init+340
x11 <- 0x0000000000000000

clint mtime 0x000000000000002B (mip.MTI <- 0b1, mip.STI <- 0b0)
mem[X,0x0000000080000158] -> 0x5793
mem[X,0x000000008000015A] -> 0x0395
[86] [M]: 0x0000000080000158 (0x03955793) srli x15, x10, 0x39                       rvtest_init+344
x15 <- 0x0000000000000000

mem[X,0x000000008000015C] -> 0xE5B3
mem[X,0x000000008000015E] -> 0x00F5
[87] [M]: 0x000000008000015C (0x00F5E5B3) or x11, x11, x15                          rvtest_init+348
x11 <- 0x0000000000000000

clint mtime 0x000000000000002C (mip.MTI <- 0b1, mip.STI <- 0b0)
mem[X,0x0000000080000160] -> 0xD613
mem[X,0x0000000080000162] -> 0x0075
[88] [M]: 0x0000000080000160 (0x0075D613) srli x12, x11, 0x7                        rvtest_init+352
x12 <- 0x0000000000000000

mem[X,0x0000000080000164] -> 0xD793
mem[X,0x0000000080000166] -> 0x0395
[89] [M]: 0x0000000080000164 (0x0395D793) srli x15, x11, 0x39                       rvtest_init+356
x15 <- 0x0000000000000000

clint mtime 0x000000000000002D (mip.MTI <- 0b1, mip.STI <- 0b0)
mem[X,0x0000000080000168] -> 0x6633
mem[X,0x000000008000016A] -> 0x00F6
[90] [M]: 0x0000000080000168 (0x00F66633) or x12, x12, x15                          rvtest_init+360
x12 <- 0x0000000000000000

mem[X,0x000000008000016C] -> 0x5693
mem[X,0x000000008000016E] -> 0x0076
[91] [M]: 0x000000008000016C (0x00765693) srli x13, x12, 0x7                        rvtest_init+364
x13 <- 0x0000000000000000

clint mtime 0x000000000000002E (mip.MTI <- 0b1, mip.STI <- 0b0)
mem[X,0x0000000080000170] -> 0x5793
mem[X,0x0000000080000172] -> 0x0396
[92] [M]: 0x0000000080000170 (0x03965793) srli x15, x12, 0x39                       rvtest_init+368
x15 <- 0x0000000000000000

mem[X,0x0000000080000174] -> 0xE6B3
mem[X,0x0000000080000176] -> 0x00F6
[93] [M]: 0x0000000080000174 (0x00F6E6B3) or x13, x13, x15                          rvtest_init+372
x13 <- 0x0000000000000000

clint mtime 0x000000000000002F (mip.MTI <- 0b1, mip.STI <- 0b0)
mem[X,0x0000000080000178] -> 0x0513
mem[X,0x000000008000017A] -> 0x0010
[94] [M]: 0x0000000080000178 (0x00100513) addi x10, x0, 0x1                         rvtest_code_begin+0
x10 <- 0x0000000000000001

mem[X,0x000000008000017C] -> 0x1513
mem[X,0x000000008000017E] -> 0x00D5
[95] [M]: 0x000000008000017C (0x00D51513) slli x10, x10, 0xd                        rvtest_code_begin+4
x10 <- 0x0000000000002000

clint mtime 0x0000000000000030 (mip.MTI <- 0b1, mip.STI <- 0b0)
mem[X,0x0000000080000180] -> 0x2073
mem[X,0x0000000080000182] -> 0x3005
[96] [M]: 0x0000000080000180 (0x30052073) csrrs x0, mstatus, x10                    rvtest_code_begin+8
CSR mstatus (0x300) <- 0x0000000A00002000

mem[X,0x0000000080000184] -> 0x5073
mem[X,0x0000000080000186] -> 0x0030
[97] [M]: 0x0000000080000184 (0x00305073) csrrwi x0, fcsr, 0x0                      rvtest_code_begin+12
CSR mstatus (0x300) <- 0x8000000A00006000
CSR fcsr (0x003) <- 0x0000000000000000

clint mtime 0x0000000000000031 (mip.MTI <- 0b1, mip.STI <- 0b0)
mem[X,0x0000000080000188] -> 0x0013
mem[X,0x000000008000018A] -> 0x0000
[98] [M]: 0x0000000080000188 (0x00000013) addi x0, x0, 0x0                          rvtest_code_begin+16

mem[X,0x000000008000018C] -> 0x0013
mem[X,0x000000008000018E] -> 0x0000
[99] [M]: 0x000000008000018C (0x00000013) addi x0, x0, 0x0                          rvtest_code_begin+20

clint mtime 0x0000000000000032 (mip.MTI <- 0b1, mip.STI <- 0b0)
mem[X,0x0000000080000190] -> 0x0013
mem[X,0x0000000080000192] -> 0x0000
[100] [M]: 0x0000000080000190 (0x00000013) addi x0, x0, 0x0                         rvtest_code_begin+24

mem[X,0x0000000080000194] -> 0x0013
mem[X,0x0000000080000196] -> 0x0000
[101] [M]: 0x0000000080000194 (0x00000013) addi x0, x0, 0x0                         rvtest_code_begin+28

clint mtime 0x0000000000000033 (mip.MTI <- 0b1, mip.STI <- 0b0)
mem[X,0x0000000080000198] -> 0x0013
mem[X,0x000000008000019A] -> 0x0000
[102] [M]: 0x0000000080000198 (0x00000013) addi x0, x0, 0x0                         rvtest_code_begin+32

mem[X,0x000000008000019C] -> 0x0013
mem[X,0x000000008000019E] -> 0x0000
[103] [M]: 0x000000008000019C (0x00000013) addi x0, x0, 0x0                         rvtest_code_begin+36

clint mtime 0x0000000000000034 (mip.MTI <- 0b1, mip.STI <- 0b0)
mem[X,0x00000000800001A0] -> 0x3097
mem[X,0x00000000800001A2] -> 0x0000
[104] [M]: 0x00000000800001A0 (0x00003097) auipc x1, 0x3                            rvtest_code_begin+40
x1 <- 0x00000000800031A0

mem[X,0x00000000800001A4] -> 0x8093
mem[X,0x00000000800001A6] -> 0xF780
[105] [M]: 0x00000000800001A4 (0xF7808093) addi x1, x1, -0x88                       rvtest_code_begin+44
x1 <- 0x0000000080003118

clint mtime 0x0000000000000035 (mip.MTI <- 0b1, mip.STI <- 0b0)
mem[X,0x00000000800001A8] -> 0x0013
mem[X,0x00000000800001AA] -> 0x0000
[106] [M]: 0x00000000800001A8 (0x00000013) addi x0, x0, 0x0                         rvtest_code_begin+48

mem[X,0x00000000800001AC] -> 0x0013
mem[X,0x00000000800001AE] -> 0x0000
[107] [M]: 0x00000000800001AC (0x00000013) addi x0, x0, 0x0                         rvtest_code_begin+52

clint mtime 0x0000000000000036 (mip.MTI <- 0b1, mip.STI <- 0b0)
mem[X,0x00000000800001B0] -> 0x0013
mem[X,0x00000000800001B2] -> 0x0000
[108] [M]: 0x00000000800001B0 (0x00000013) addi x0, x0, 0x0                         rvtest_code_begin+56

mem[X,0x00000000800001B4] -> 0x0013
mem[X,0x00000000800001B6] -> 0x0000
[109] [M]: 0x00000000800001B4 (0x00000013) addi x0, x0, 0x0                         rvtest_code_begin+60

clint mtime 0x0000000000000037 (mip.MTI <- 0b1, mip.STI <- 0b0)
mem[X,0x00000000800001B8] -> 0x0013
mem[X,0x00000000800001BA] -> 0x0000
[110] [M]: 0x00000000800001B8 (0x00000013) addi x0, x0, 0x0                         rvtest_code_begin+64

mem[X,0x00000000800001BC] -> 0x0013
mem[X,0x00000000800001BE] -> 0x0000
[111] [M]: 0x00000000800001BC (0x00000013) addi x0, x0, 0x0                         rvtest_code_begin+68

clint mtime 0x0000000000000038 (mip.MTI <- 0b1, mip.STI <- 0b0)
mem[X,0x00000000800001C0] -> 0x2117
mem[X,0x00000000800001C2] -> 0x0000
[112] [M]: 0x00000000800001C0 (0x00002117) auipc x2, 0x2                            inst_0+0
x2 <- 0x00000000800021C0

mem[X,0x00000000800001C4] -> 0x0113
mem[X,0x00000000800001C6] -> 0xE401
[113] [M]: 0x00000000800001C4 (0xE4010113) addi x2, x2, -0x1c0                      inst_0+4
x2 <- 0x0000000080002000

clint mtime 0x0000000000000039 (mip.MTI <- 0b1, mip.STI <- 0b0)
mem[X,0x00000000800001C8] -> 0x0001
[114] [M]: 0x00000000800001C8 (0x0001) c.nop                                        inst_0+8

mem[X,0x00000000800001CA] -> 0x0013
mem[X,0x00000000800001CC] -> 0x0000
[115] [M]: 0x00000000800001CA (0x00000013) addi x0, x0, 0x0                         inst_0+10

clint mtime 0x000000000000003A (mip.MTI <- 0b1, mip.STI <- 0b0)
mem[X,0x00000000800001CE] -> 0x0013
mem[X,0x00000000800001D0] -> 0x0000
[116] [M]: 0x00000000800001CE (0x00000013) addi x0, x0, 0x0                         inst_0+14

mem[X,0x00000000800001D2] -> 0x0013
mem[X,0x00000000800001D4] -> 0x0000
[117] [M]: 0x00000000800001D2 (0x00000013) addi x0, x0, 0x0                         inst_0+18

clint mtime 0x000000000000003B (mip.MTI <- 0b1, mip.STI <- 0b0)
mem[X,0x00000000800001D6] -> 0x0013
mem[X,0x00000000800001D8] -> 0x0000
[118] [M]: 0x00000000800001D6 (0x00000013) addi x0, x0, 0x0                         inst_0+22

mem[X,0x00000000800001DA] -> 0x0013
mem[X,0x00000000800001DC] -> 0x0000
[119] [M]: 0x00000000800001DA (0x00000013) addi x0, x0, 0x0                         inst_0+26

clint mtime 0x000000000000003C (mip.MTI <- 0b1, mip.STI <- 0b0)
mem[X,0x00000000800001DE] -> 0x0001
[120] [M]: 0x00000000800001DE (0x0001) c.nop                                        inst_0+30

mem[X,0x00000000800001E0] -> 0x0193
mem[X,0x00000000800001E2] -> 0x0000
[121] [M]: 0x00000000800001E0 (0x00000193) addi x3, x0, 0x0                         inst_0+32
x3 <- 0x0000000000000000

clint mtime 0x000000000000003D (mip.MTI <- 0b1, mip.STI <- 0b0)
mem[X,0x00000000800001E4] -> 0x9073
mem[X,0x00000000800001E6] -> 0x0031
[122] [M]: 0x00000000800001E4 (0x00319073) csrrw x0, fcsr, x3                       inst_0+36
CSR mstatus (0x300) <- 0x8000000A00006000
CSR fcsr (0x003) <- 0x0000000000000000

mem[X,0x00000000800001E8] -> 0x2F82
[123] [M]: 0x00000000800001E8 (0x2F82) c.fldsp f31, 0x0(x2)                         inst_0+40
mem[R,0x0000000080002000] -> 0xABECAFEBBABECAFE
f31 <- 0xABECAFEBBABECAFE
CSR mstatus (0x300) <- 0x8000000A00006000

clint mtime 0x000000000000003E (mip.MTI <- 0b1, mip.STI <- 0b0)
mem[X,0x00000000800001EA] -> 0x0001
[124] [M]: 0x00000000800001EA (0x0001) c.nop                                        inst_0+42

mem[X,0x00000000800001EC] -> 0x0001
[125] [M]: 0x00000000800001EC (0x0001) c.nop                                        inst_0+44

clint mtime 0x000000000000003F (mip.MTI <- 0b1, mip.STI <- 0b0)
mem[X,0x00000000800001EE] -> 0x2273
mem[X,0x00000000800001F0] -> 0x0030
[126] [M]: 0x00000000800001EE (0x00302273) csrrs x4, fcsr, x0                       inst_0+46
CSR fcsr (0x003) -> 0x0000000000000000
x4 <- 0x0000000000000000

mem[X,0x00000000800001F2] -> 0xB027
mem[X,0x00000000800001F4] -> 0x01F0
[127] [M]: 0x00000000800001F2 (0x01F0B027) fsd f31, 0x0(x1)                         inst_0+50
mem[W,0x0000000080003118] <- 0xABECAFEBBABECAFE

clint mtime 0x0000000000000040 (mip.MTI <- 0b1, mip.STI <- 0b0)
mem[X,0x00000000800001F6] -> 0xB423
mem[X,0x00000000800001F8] -> 0x0040
[128] [M]: 0x00000000800001F6 (0x0040B423) sd x4, 0x8(x1)                           inst_0+54
mem[W,0x0000000080003120] <- 0x0000000000000000

mem[X,0x00000000800001FA] -> 0x0013
mem[X,0x00000000800001FC] -> 0x0000
[129] [M]: 0x00000000800001FA (0x00000013) addi x0, x0, 0x0                         inst_1+0

clint mtime 0x0000000000000041 (mip.MTI <- 0b1, mip.STI <- 0b0)
mem[X,0x00000000800001FE] -> 0x0001
[130] [M]: 0x00000000800001FE (0x0001) c.nop                                        inst_1+4

mem[X,0x0000000080000200] -> 0x2117
mem[X,0x0000000080000202] -> 0x0000
[131] [M]: 0x0000000080000200 (0x00002117) auipc x2, 0x2                            inst_1+6
x2 <- 0x0000000080002200

clint mtime 0x0000000000000042 (mip.MTI <- 0b1, mip.STI <- 0b0)
mem[X,0x0000000080000204] -> 0x0113
mem[X,0x0000000080000206] -> 0xC081
[132] [M]: 0x0000000080000204 (0xC0810113) addi x2, x2, -0x3f8                      inst_1+10
x2 <- 0x0000000080001E08

mem[X,0x0000000080000208] -> 0x0013
mem[X,0x000000008000020A] -> 0x0000
[133] [M]: 0x0000000080000208 (0x00000013) addi x0, x0, 0x0                         inst_1+14

clint mtime 0x0000000000000043 (mip.MTI <- 0b1, mip.STI <- 0b0)
mem[X,0x000000008000020C] -> 0x0013
mem[X,0x000000008000020E] -> 0x0000
[134] [M]: 0x000000008000020C (0x00000013) addi x0, x0, 0x0                         inst_1+18

mem[X,0x0000000080000210] -> 0x0013
mem[X,0x0000000080000212] -> 0x0000
[135] [M]: 0x0000000080000210 (0x00000013) addi x0, x0, 0x0                         inst_1+22

clint mtime 0x0000000000000044 (mip.MTI <- 0b1, mip.STI <- 0b0)
mem[X,0x0000000080000214] -> 0x0013
mem[X,0x0000000080000216] -> 0x0000
[136] [M]: 0x0000000080000214 (0x00000013) addi x0, x0, 0x0                         inst_1+26

mem[X,0x0000000080000218] -> 0x0013
mem[X,0x000000008000021A] -> 0x0000
[137] [M]: 0x0000000080000218 (0x00000013) addi x0, x0, 0x0                         inst_1+30

clint mtime 0x0000000000000045 (mip.MTI <- 0b1, mip.STI <- 0b0)
mem[X,0x000000008000021C] -> 0x0013
mem[X,0x000000008000021E] -> 0x0000
[138] [M]: 0x000000008000021C (0x00000013) addi x0, x0, 0x0                         inst_1+34

mem[X,0x0000000080000220] -> 0x0193
mem[X,0x0000000080000222] -> 0x0000
[139] [M]: 0x0000000080000220 (0x00000193) addi x3, x0, 0x0                         inst_1+38
x3 <- 0x0000000000000000

clint mtime 0x0000000000000046 (mip.MTI <- 0b1, mip.STI <- 0b0)
mem[X,0x0000000080000224] -> 0x9073
mem[X,0x0000000080000226] -> 0x0031
[140] [M]: 0x0000000080000224 (0x00319073) csrrw x0, fcsr, x3                       inst_1+42
CSR mstatus (0x300) <- 0x8000000A00006000
CSR fcsr (0x003) <- 0x0000000000000000

mem[X,0x0000000080000228] -> 0x3F7E
[141] [M]: 0x0000000080000228 (0x3F7E) c.fldsp f30, 0x1f8(x2)                       inst_1+46
mem[R,0x0000000080002000] -> 0xABECAFEBBABECAFE
f30 <- 0xABECAFEBBABECAFE
CSR mstatus (0x300) <- 0x8000000A00006000

clint mtime 0x0000000000000047 (mip.MTI <- 0b1, mip.STI <- 0b0)
mem[X,0x000000008000022A] -> 0x0001
[142] [M]: 0x000000008000022A (0x0001) c.nop                                        inst_1+48

mem[X,0x000000008000022C] -> 0x0001
[143] [M]: 0x000000008000022C (0x0001) c.nop                                        inst_1+50

clint mtime 0x0000000000000048 (mip.MTI <- 0b1, mip.STI <- 0b0)
mem[X,0x000000008000022E] -> 0x2273
mem[X,0x0000000080000230] -> 0x0030
[144] [M]: 0x000000008000022E (0x00302273) csrrs x4, fcsr, x0                       inst_1+52
CSR fcsr (0x003) -> 0x0000000000000000
x4 <- 0x0000000000000000

mem[X,0x0000000080000232] -> 0xB827
mem[X,0x0000000080000234] -> 0x01E0
[145] [M]: 0x0000000080000232 (0x01E0B827) fsd f30, 0x10(x1)                        inst_1+56
mem[W,0x0000000080003128] <- 0xABECAFEBBABECAFE

clint mtime 0x0000000000000049 (mip.MTI <- 0b1, mip.STI <- 0b0)
mem[X,0x0000000080000236] -> 0xBC23
mem[X,0x0000000080000238] -> 0x0040
[146] [M]: 0x0000000080000236 (0x0040BC23) sd x4, 0x18(x1)                          inst_1+60
mem[W,0x0000000080003130] <- 0x0000000000000000

mem[X,0x000000008000023A] -> 0x0013
mem[X,0x000000008000023C] -> 0x0000
[147] [M]: 0x000000008000023A (0x00000013) addi x0, x0, 0x0                         inst_2+0

clint mtime 0x000000000000004A (mip.MTI <- 0b1, mip.STI <- 0b0)
mem[X,0x000000008000023E] -> 0x0001
[148] [M]: 0x000000008000023E (0x0001) c.nop                                        inst_2+4

mem[X,0x0000000080000240] -> 0x2117
mem[X,0x0000000080000242] -> 0x0000
[149] [M]: 0x0000000080000240 (0x00002117) auipc x2, 0x2                            inst_2+6
x2 <- 0x0000000080002240

clint mtime 0x000000000000004B (mip.MTI <- 0b1, mip.STI <- 0b0)
mem[X,0x0000000080000244] -> 0x0113
mem[X,0x0000000080000246] -> 0xD181
[150] [M]: 0x0000000080000244 (0xD1810113) addi x2, x2, -0x2e8                      inst_2+10
x2 <- 0x0000000080001F58

mem[X,0x0000000080000248] -> 0x0013
mem[X,0x000000008000024A] -> 0x0000
[151] [M]: 0x0000000080000248 (0x00000013) addi x0, x0, 0x0                         inst_2+14

clint mtime 0x000000000000004C (mip.MTI <- 0b1, mip.STI <- 0b0)
mem[X,0x000000008000024C] -> 0x0013
mem[X,0x000000008000024E] -> 0x0000
[152] [M]: 0x000000008000024C (0x00000013) addi x0, x0, 0x0                         inst_2+18

mem[X,0x0000000080000250] -> 0x0013
mem[X,0x0000000080000252] -> 0x0000
[153] [M]: 0x0000000080000250 (0x00000013) addi x0, x0, 0x0                         inst_2+22

clint mtime 0x000000000000004D (mip.MTI <- 0b1, mip.STI <- 0b0)
mem[X,0x0000000080000254] -> 0x0013
mem[X,0x0000000080000256] -> 0x0000
[154] [M]: 0x0000000080000254 (0x00000013) addi x0, x0, 0x0                         inst_2+26

mem[X,0x0000000080000258] -> 0x0013
mem[X,0x000000008000025A] -> 0x0000
[155] [M]: 0x0000000080000258 (0x00000013) addi x0, x0, 0x0                         inst_2+30

clint mtime 0x000000000000004E (mip.MTI <- 0b1, mip.STI <- 0b0)
mem[X,0x000000008000025C] -> 0x0013
mem[X,0x000000008000025E] -> 0x0000
[156] [M]: 0x000000008000025C (0x00000013) addi x0, x0, 0x0                         inst_2+34

mem[X,0x0000000080000260] -> 0x0193
mem[X,0x0000000080000262] -> 0x0000
[157] [M]: 0x0000000080000260 (0x00000193) addi x3, x0, 0x0                         inst_2+38
x3 <- 0x0000000000000000

clint mtime 0x000000000000004F (mip.MTI <- 0b1, mip.STI <- 0b0)
mem[X,0x0000000080000264] -> 0x9073
mem[X,0x0000000080000266] -> 0x0031
[158] [M]: 0x0000000080000264 (0x00319073) csrrw x0, fcsr, x3                       inst_2+42
CSR mstatus (0x300) <- 0x8000000A00006000
CSR fcsr (0x003) <- 0x0000000000000000

mem[X,0x0000000080000268] -> 0x3EAA
[159] [M]: 0x0000000080000268 (0x3EAA) c.fldsp f29, 0xa8(x2)                        inst_2+46
mem[R,0x0000000080002000] -> 0xABECAFEBBABECAFE
f29 <- 0xABECAFEBBABECAFE
CSR mstatus (0x300) <- 0x8000000A00006000

clint mtime 0x0000000000000050 (mip.MTI <- 0b1, mip.STI <- 0b0)
mem[X,0x000000008000026A] -> 0x0001
[160] [M]: 0x000000008000026A (0x0001) c.nop                                        inst_2+48

mem[X,0x000000008000026C] -> 0x0001
[161] [M]: 0x000000008000026C (0x0001) c.nop                                        inst_2+50

clint mtime 0x0000000000000051 (mip.MTI <- 0b1, mip.STI <- 0b0)
mem[X,0x000000008000026E] -> 0x2273
mem[X,0x0000000080000270] -> 0x0030
[162] [M]: 0x000000008000026E (0x00302273) csrrs x4, fcsr, x0                       inst_2+52
CSR fcsr (0x003) -> 0x0000000000000000
x4 <- 0x0000000000000000

mem[X,0x0000000080000272] -> 0xB027
mem[X,0x0000000080000274] -> 0x03D0
[163] [M]: 0x0000000080000272 (0x03D0B027) fsd f29, 0x20(x1)                        inst_2+56
mem[W,0x0000000080003138] <- 0xABECAFEBBABECAFE

clint mtime 0x0000000000000052 (mip.MTI <- 0b1, mip.STI <- 0b0)
mem[X,0x0000000080000276] -> 0xB423
mem[X,0x0000000080000278] -> 0x0240
[164] [M]: 0x0000000080000276 (0x0240B423) sd x4, 0x28(x1)                          inst_2+60
mem[W,0x0000000080003140] <- 0x0000000000000000

mem[X,0x000000008000027A] -> 0x0013
mem[X,0x000000008000027C] -> 0x0000
[165] [M]: 0x000000008000027A (0x00000013) addi x0, x0, 0x0                         inst_3+0

clint mtime 0x0000000000000053 (mip.MTI <- 0b1, mip.STI <- 0b0)
mem[X,0x000000008000027E] -> 0x0001
[166] [M]: 0x000000008000027E (0x0001) c.nop                                        inst_3+4

mem[X,0x0000000080000280] -> 0x2117
mem[X,0x0000000080000282] -> 0x0000
[167] [M]: 0x0000000080000280 (0x00002117) auipc x2, 0x2                            inst_3+6
x2 <- 0x0000000080002280

clint mtime 0x0000000000000054 (mip.MTI <- 0b1, mip.STI <- 0b0)
mem[X,0x0000000080000284] -> 0x0113
mem[X,0x0000000080000286] -> 0xC301
[168] [M]: 0x0000000080000284 (0xC3010113) addi x2, x2, -0x3d0                      inst_3+10
x2 <- 0x0000000080001EB0

mem[X,0x0000000080000288] -> 0x0013
mem[X,0x000000008000028A] -> 0x0000
[169] [M]: 0x0000000080000288 (0x00000013) addi x0, x0, 0x0                         inst_3+14

clint mtime 0x0000000000000055 (mip.MTI <- 0b1, mip.STI <- 0b0)
mem[X,0x000000008000028C] -> 0x0013
mem[X,0x000000008000028E] -> 0x0000
[170] [M]: 0x000000008000028C (0x00000013) addi x0, x0, 0x0                         inst_3+18

mem[X,0x0000000080000290] -> 0x0013
mem[X,0x0000000080000292] -> 0x0000
[171] [M]: 0x0000000080000290 (0x00000013) addi x0, x0, 0x0                         inst_3+22

clint mtime 0x0000000000000056 (mip.MTI <- 0b1, mip.STI <- 0b0)
mem[X,0x0000000080000294] -> 0x0013
mem[X,0x0000000080000296] -> 0x0000
[172] [M]: 0x0000000080000294 (0x00000013) addi x0, x0, 0x0                         inst_3+26

mem[X,0x0000000080000298] -> 0x0013
mem[X,0x000000008000029A] -> 0x0000
[173] [M]: 0x0000000080000298 (0x00000013) addi x0, x0, 0x0                         inst_3+30

clint mtime 0x0000000000000057 (mip.MTI <- 0b1, mip.STI <- 0b0)
mem[X,0x000000008000029C] -> 0x0013
mem[X,0x000000008000029E] -> 0x0000
[174] [M]: 0x000000008000029C (0x00000013) addi x0, x0, 0x0                         inst_3+34

mem[X,0x00000000800002A0] -> 0x0193
mem[X,0x00000000800002A2] -> 0x0000
[175] [M]: 0x00000000800002A0 (0x00000193) addi x3, x0, 0x0                         inst_3+38
x3 <- 0x0000000000000000

clint mtime 0x0000000000000058 (mip.MTI <- 0b1, mip.STI <- 0b0)
mem[X,0x00000000800002A4] -> 0x9073
mem[X,0x00000000800002A6] -> 0x0031
[176] [M]: 0x00000000800002A4 (0x00319073) csrrw x0, fcsr, x3                       inst_3+42
CSR mstatus (0x300) <- 0x8000000A00006000
CSR fcsr (0x003) <- 0x0000000000000000

mem[X,0x00000000800002A8] -> 0x2E56
[177] [M]: 0x00000000800002A8 (0x2E56) c.fldsp f28, 0x150(x2)                       inst_3+46
mem[R,0x0000000080002000] -> 0xABECAFEBBABECAFE
f28 <- 0xABECAFEBBABECAFE
CSR mstatus (0x300) <- 0x8000000A00006000

clint mtime 0x0000000000000059 (mip.MTI <- 0b1, mip.STI <- 0b0)
mem[X,0x00000000800002AA] -> 0x0001
[178] [M]: 0x00000000800002AA (0x0001) c.nop                                        inst_3+48

mem[X,0x00000000800002AC] -> 0x0001
[179] [M]: 0x00000000800002AC (0x0001) c.nop                                        inst_3+50

clint mtime 0x000000000000005A (mip.MTI <- 0b1, mip.STI <- 0b0)
mem[X,0x00000000800002AE] -> 0x2273
mem[X,0x00000000800002B0] -> 0x0030
[180] [M]: 0x00000000800002AE (0x00302273) csrrs x4, fcsr, x0                       inst_3+52
CSR fcsr (0x003) -> 0x0000000000000000
x4 <- 0x0000000000000000

mem[X,0x00000000800002B2] -> 0xB827
mem[X,0x00000000800002B4] -> 0x03C0
[181] [M]: 0x00000000800002B2 (0x03C0B827) fsd f28, 0x30(x1)                        inst_3+56
mem[W,0x0000000080003148] <- 0xABECAFEBBABECAFE

clint mtime 0x000000000000005B (mip.MTI <- 0b1, mip.STI <- 0b0)
mem[X,0x00000000800002B6] -> 0xBC23
mem[X,0x00000000800002B8] -> 0x0240
[182] [M]: 0x00000000800002B6 (0x0240BC23) sd x4, 0x38(x1)                          inst_3+60
mem[W,0x0000000080003150] <- 0x0000000000000000

mem[X,0x00000000800002BA] -> 0x0013
mem[X,0x00000000800002BC] -> 0x0000
[183] [M]: 0x00000000800002BA (0x00000013) addi x0, x0, 0x0                         inst_4+0

clint mtime 0x000000000000005C (mip.MTI <- 0b1, mip.STI <- 0b0)
mem[X,0x00000000800002BE] -> 0x0001
[184] [M]: 0x00000000800002BE (0x0001) c.nop                                        inst_4+4

mem[X,0x00000000800002C0] -> 0x2117
mem[X,0x00000000800002C2] -> 0x0000
[185] [M]: 0x00000000800002C0 (0x00002117) auipc x2, 0x2                            inst_4+6
x2 <- 0x00000000800022C0

clint mtime 0x000000000000005D (mip.MTI <- 0b1, mip.STI <- 0b0)
mem[X,0x00000000800002C4] -> 0x0113
mem[X,0x00000000800002C6] -> 0xB501
[186] [M]: 0x00000000800002C4 (0xB5010113) addi x2, x2, -0x4b0                      inst_4+10
x2 <- 0x0000000080001E10

mem[X,0x00000000800002C8] -> 0x0013
mem[X,0x00000000800002CA] -> 0x0000
[187] [M]: 0x00000000800002C8 (0x00000013) addi x0, x0, 0x0                         inst_4+14

clint mtime 0x000000000000005E (mip.MTI <- 0b1, mip.STI <- 0b0)
mem[X,0x00000000800002CC] -> 0x0013
mem[X,0x00000000800002CE] -> 0x0000
[188] [M]: 0x00000000800002CC (0x00000013) addi x0, x0, 0x0                         inst_4+18

mem[X,0x00000000800002D0] -> 0x0013
mem[X,0x00000000800002D2] -> 0x0000
[189] [M]: 0x00000000800002D0 (0x00000013) addi x0, x0, 0x0                         inst_4+22

clint mtime 0x000000000000005F (mip.MTI <- 0b1, mip.STI <- 0b0)
mem[X,0x00000000800002D4] -> 0x0013
mem[X,0x00000000800002D6] -> 0x0000
[190] [M]: 0x00000000800002D4 (0x00000013) addi x0, x0, 0x0                         inst_4+26

mem[X,0x00000000800002D8] -> 0x0013
mem[X,0x00000000800002DA] -> 0x0000
[191] [M]: 0x00000000800002D8 (0x00000013) addi x0, x0, 0x0                         inst_4+30

clint mtime 0x0000000000000060 (mip.MTI <- 0b1, mip.STI <- 0b0)
mem[X,0x00000000800002DC] -> 0x0013
mem[X,0x00000000800002DE] -> 0x0000
[192] [M]: 0x00000000800002DC (0x00000013) addi x0, x0, 0x0                         inst_4+34

mem[X,0x00000000800002E0] -> 0x0193
mem[X,0x00000000800002E2] -> 0x0000
[193] [M]: 0x00000000800002E0 (0x00000193) addi x3, x0, 0x0                         inst_4+38
x3 <- 0x0000000000000000

clint mtime 0x0000000000000061 (mip.MTI <- 0b1, mip.STI <- 0b0)
mem[X,0x00000000800002E4] -> 0x9073
mem[X,0x00000000800002E6] -> 0x0031
[194] [M]: 0x00000000800002E4 (0x00319073) csrrw x0, fcsr, x3                       inst_4+42
CSR mstatus (0x300) <- 0x8000000A00006000
CSR fcsr (0x003) <- 0x0000000000000000

mem[X,0x00000000800002E8] -> 0x3DDE
[195] [M]: 0x00000000800002E8 (0x3DDE) c.fldsp f27, 0x1f0(x2)                       inst_4+46
mem[R,0x0000000080002000] -> 0xABECAFEBBABECAFE
f27 <- 0xABECAFEBBABECAFE
CSR mstatus (0x300) <- 0x8000000A00006000

clint mtime 0x0000000000000062 (mip.MTI <- 0b1, mip.STI <- 0b0)
mem[X,0x00000000800002EA] -> 0x0001
[196] [M]: 0x00000000800002EA (0x0001) c.nop                                        inst_4+48

mem[X,0x00000000800002EC] -> 0x0001
[197] [M]: 0x00000000800002EC (0x0001) c.nop                                        inst_4+50

clint mtime 0x0000000000000063 (mip.MTI <- 0b1, mip.STI <- 0b0)
mem[X,0x00000000800002EE] -> 0x2273
mem[X,0x00000000800002F0] -> 0x0030
[198] [M]: 0x00000000800002EE (0x00302273) csrrs x4, fcsr, x0                       inst_4+52
CSR fcsr (0x003) -> 0x0000000000000000
x4 <- 0x0000000000000000

mem[X,0x00000000800002F2] -> 0xB027
mem[X,0x00000000800002F4] -> 0x05B0
[199] [M]: 0x00000000800002F2 (0x05B0B027) fsd f27, 0x40(x1)                        inst_4+56
mem[W,0x0000000080003158] <- 0xABECAFEBBABECAFE

clint mtime 0x0000000000000064 (mip.MTI <- 0b1, mip.STI <- 0b0)
mem[X,0x00000000800002F6] -> 0xB423
mem[X,0x00000000800002F8] -> 0x0440
[200] [M]: 0x00000000800002F6 (0x0440B423) sd x4, 0x48(x1)                          inst_4+60
mem[W,0x0000000080003160] <- 0x0000000000000000

mem[X,0x00000000800002FA] -> 0x0013
mem[X,0x00000000800002FC] -> 0x0000
[201] [M]: 0x00000000800002FA (0x00000013) addi x0, x0, 0x0                         inst_5+0

clint mtime 0x0000000000000065 (mip.MTI <- 0b1, mip.STI <- 0b0)
mem[X,0x00000000800002FE] -> 0x0001
[202] [M]: 0x00000000800002FE (0x0001) c.nop                                        inst_5+4

mem[X,0x0000000080000300] -> 0x2117
mem[X,0x0000000080000302] -> 0x0000
[203] [M]: 0x0000000080000300 (0x00002117) auipc x2, 0x2                            inst_5+6
x2 <- 0x0000000080002300

clint mtime 0x0000000000000066 (mip.MTI <- 0b1, mip.STI <- 0b0)
mem[X,0x0000000080000304] -> 0x0113
mem[X,0x0000000080000306] -> 0xB181
[204] [M]: 0x0000000080000304 (0xB1810113) addi x2, x2, -0x4e8                      inst_5+10
x2 <- 0x0000000080001E18

mem[X,0x0000000080000308] -> 0x0013
mem[X,0x000000008000030A] -> 0x0000
[205] [M]: 0x0000000080000308 (0x00000013) addi x0, x0, 0x0                         inst_5+14

clint mtime 0x0000000000000067 (mip.MTI <- 0b1, mip.STI <- 0b0)
mem[X,0x000000008000030C] -> 0x0013
mem[X,0x000000008000030E] -> 0x0000
[206] [M]: 0x000000008000030C (0x00000013) addi x0, x0, 0x0                         inst_5+18

mem[X,0x0000000080000310] -> 0x0013
mem[X,0x0000000080000312] -> 0x0000
[207] [M]: 0x0000000080000310 (0x00000013) addi x0, x0, 0x0                         inst_5+22

clint mtime 0x0000000000000068 (mip.MTI <- 0b1, mip.STI <- 0b0)
mem[X,0x0000000080000314] -> 0x0013
mem[X,0x0000000080000316] -> 0x0000
[208] [M]: 0x0000000080000314 (0x00000013) addi x0, x0, 0x0                         inst_5+26

mem[X,0x0000000080000318] -> 0x0013
mem[X,0x000000008000031A] -> 0x0000
[209] [M]: 0x0000000080000318 (0x00000013) addi x0, x0, 0x0                         inst_5+30

clint mtime 0x0000000000000069 (mip.MTI <- 0b1, mip.STI <- 0b0)
mem[X,0x000000008000031C] -> 0x0013
mem[X,0x000000008000031E] -> 0x0000
[210] [M]: 0x000000008000031C (0x00000013) addi x0, x0, 0x0                         inst_5+34

mem[X,0x0000000080000320] -> 0x0193
mem[X,0x0000000080000322] -> 0x0000
[211] [M]: 0x0000000080000320 (0x00000193) addi x3, x0, 0x0                         inst_5+38
x3 <- 0x0000000000000000

clint mtime 0x000000000000006A (mip.MTI <- 0b1, mip.STI <- 0b0)
mem[X,0x0000000080000324] -> 0x9073
mem[X,0x0000000080000326] -> 0x0031
[212] [M]: 0x0000000080000324 (0x00319073) csrrw x0, fcsr, x3                       inst_5+42
CSR mstatus (0x300) <- 0x8000000A00006000
CSR fcsr (0x003) <- 0x0000000000000000

mem[X,0x0000000080000328] -> 0x3D3E
[213] [M]: 0x0000000080000328 (0x3D3E) c.fldsp f26, 0x1e8(x2)                       inst_5+46
mem[R,0x0000000080002000] -> 0xABECAFEBBABECAFE
f26 <- 0xABECAFEBBABECAFE
CSR mstatus (0x300) <- 0x8000000A00006000

clint mtime 0x000000000000006B (mip.MTI <- 0b1, mip.STI <- 0b0)
mem[X,0x000000008000032A] -> 0x0001
[214] [M]: 0x000000008000032A (0x0001) c.nop                                        inst_5+48

mem[X,0x000000008000032C] -> 0x0001
[215] [M]: 0x000000008000032C (0x0001) c.nop                                        inst_5+50

clint mtime 0x000000000000006C (mip.MTI <- 0b1, mip.STI <- 0b0)
mem[X,0x000000008000032E] -> 0x2273
mem[X,0x0000000080000330] -> 0x0030
[216] [M]: 0x000000008000032E (0x00302273) csrrs x4, fcsr, x0                       inst_5+52
CSR fcsr (0x003) -> 0x0000000000000000
x4 <- 0x0000000000000000

mem[X,0x0000000080000332] -> 0xB827
mem[X,0x0000000080000334] -> 0x05A0
[217] [M]: 0x0000000080000332 (0x05A0B827) fsd f26, 0x50(x1)                        inst_5+56
mem[W,0x0000000080003168] <- 0xABECAFEBBABECAFE

clint mtime 0x000000000000006D (mip.MTI <- 0b1, mip.STI <- 0b0)
mem[X,0x0000000080000336] -> 0xBC23
mem[X,0x0000000080000338] -> 0x0440
[218] [M]: 0x0000000080000336 (0x0440BC23) sd x4, 0x58(x1)                          inst_5+60
mem[W,0x0000000080003170] <- 0x0000000000000000

mem[X,0x000000008000033A] -> 0x0013
mem[X,0x000000008000033C] -> 0x0000
[219] [M]: 0x000000008000033A (0x00000013) addi x0, x0, 0x0                         inst_6+0

clint mtime 0x000000000000006E (mip.MTI <- 0b1, mip.STI <- 0b0)
mem[X,0x000000008000033E] -> 0x0001
[220] [M]: 0x000000008000033E (0x0001) c.nop                                        inst_6+4

mem[X,0x0000000080000340] -> 0x2117
mem[X,0x0000000080000342] -> 0x0000
[221] [M]: 0x0000000080000340 (0x00002117) auipc x2, 0x2                            inst_6+6
x2 <- 0x0000000080002340

clint mtime 0x000000000000006F (mip.MTI <- 0b1, mip.STI <- 0b0)
mem[X,0x0000000080000344] -> 0x0113
mem[X,0x0000000080000346] -> 0xAE81
[222] [M]: 0x0000000080000344 (0xAE810113) addi x2, x2, -0x518                      inst_6+10
x2 <- 0x0000000080001E28

mem[X,0x0000000080000348] -> 0x0013
mem[X,0x000000008000034A] -> 0x0000
[223] [M]: 0x0000000080000348 (0x00000013) addi x0, x0, 0x0                         inst_6+14

clint mtime 0x0000000000000070 (mip.MTI <- 0b1, mip.STI <- 0b0)
mem[X,0x000000008000034C] -> 0x0013
mem[X,0x000000008000034E] -> 0x0000
[224] [M]: 0x000000008000034C (0x00000013) addi x0, x0, 0x0                         inst_6+18

mem[X,0x0000000080000350] -> 0x0013
mem[X,0x0000000080000352] -> 0x0000
[225] [M]: 0x0000000080000350 (0x00000013) addi x0, x0, 0x0                         inst_6+22

clint mtime 0x0000000000000071 (mip.MTI <- 0b1, mip.STI <- 0b0)
mem[X,0x0000000080000354] -> 0x0013
mem[X,0x0000000080000356] -> 0x0000
[226] [M]: 0x0000000080000354 (0x00000013) addi x0, x0, 0x0                         inst_6+26

mem[X,0x0000000080000358] -> 0x0013
mem[X,0x000000008000035A] -> 0x0000
[227] [M]: 0x0000000080000358 (0x00000013) addi x0, x0, 0x0                         inst_6+30

clint mtime 0x0000000000000072 (mip.MTI <- 0b1, mip.STI <- 0b0)
mem[X,0x000000008000035C] -> 0x0013
mem[X,0x000000008000035E] -> 0x0000
[228] [M]: 0x000000008000035C (0x00000013) addi x0, x0, 0x0                         inst_6+34

mem[X,0x0000000080000360] -> 0x0193
mem[X,0x0000000080000362] -> 0x0000
[229] [M]: 0x0000000080000360 (0x00000193) addi x3, x0, 0x0                         inst_6+38
x3 <- 0x0000000000000000

clint mtime 0x0000000000000073 (mip.MTI <- 0b1, mip.STI <- 0b0)
mem[X,0x0000000080000364] -> 0x9073
mem[X,0x0000000080000366] -> 0x0031
[230] [M]: 0x0000000080000364 (0x00319073) csrrw x0, fcsr, x3                       inst_6+42
CSR mstatus (0x300) <- 0x8000000A00006000
CSR fcsr (0x003) <- 0x0000000000000000

mem[X,0x0000000080000368] -> 0x2CFE
[231] [M]: 0x0000000080000368 (0x2CFE) c.fldsp f25, 0x1d8(x2)                       inst_6+46
mem[R,0x0000000080002000] -> 0xABECAFEBBABECAFE
f25 <- 0xABECAFEBBABECAFE
CSR mstatus (0x300) <- 0x8000000A00006000

clint mtime 0x0000000000000074 (mip.MTI <- 0b1, mip.STI <- 0b0)
mem[X,0x000000008000036A] -> 0x0001
[232] [M]: 0x000000008000036A (0x0001) c.nop                                        inst_6+48

mem[X,0x000000008000036C] -> 0x0001
[233] [M]: 0x000000008000036C (0x0001) c.nop                                        inst_6+50

clint mtime 0x0000000000000075 (mip.MTI <- 0b1, mip.STI <- 0b0)
mem[X,0x000000008000036E] -> 0x2273
mem[X,0x0000000080000370] -> 0x0030
[234] [M]: 0x000000008000036E (0x00302273) csrrs x4, fcsr, x0                       inst_6+52
CSR fcsr (0x003) -> 0x0000000000000000
x4 <- 0x0000000000000000

mem[X,0x0000000080000372] -> 0xB027
mem[X,0x0000000080000374] -> 0x0790
[235] [M]: 0x0000000080000372 (0x0790B027) fsd f25, 0x60(x1)                        inst_6+56
mem[W,0x0000000080003178] <- 0xABECAFEBBABECAFE

clint mtime 0x0000000000000076 (mip.MTI <- 0b1, mip.STI <- 0b0)
mem[X,0x0000000080000376] -> 0xB423
mem[X,0x0000000080000378] -> 0x0640
[236] [M]: 0x0000000080000376 (0x0640B423) sd x4, 0x68(x1)                          inst_6+60
mem[W,0x0000000080003180] <- 0x0000000000000000

mem[X,0x000000008000037A] -> 0x0013
mem[X,0x000000008000037C] -> 0x0000
[237] [M]: 0x000000008000037A (0x00000013) addi x0, x0, 0x0                         inst_7+0

clint mtime 0x0000000000000077 (mip.MTI <- 0b1, mip.STI <- 0b0)
mem[X,0x000000008000037E] -> 0x0001
[238] [M]: 0x000000008000037E (0x0001) c.nop                                        inst_7+4

mem[X,0x0000000080000380] -> 0x2117
mem[X,0x0000000080000382] -> 0x0000
[239] [M]: 0x0000000080000380 (0x00002117) auipc x2, 0x2                            inst_7+6
x2 <- 0x0000000080002380

clint mtime 0x0000000000000078 (mip.MTI <- 0b1, mip.STI <- 0b0)
mem[X,0x0000000080000384] -> 0x0113
mem[X,0x0000000080000386] -> 0xAC81
[240] [M]: 0x0000000080000384 (0xAC810113) addi x2, x2, -0x538                      inst_7+10
x2 <- 0x0000000080001E48

mem[X,0x0000000080000388] -> 0x0013
mem[X,0x000000008000038A] -> 0x0000
[241] [M]: 0x0000000080000388 (0x00000013) addi x0, x0, 0x0                         inst_7+14

clint mtime 0x0000000000000079 (mip.MTI <- 0b1, mip.STI <- 0b0)
mem[X,0x000000008000038C] -> 0x0013
mem[X,0x000000008000038E] -> 0x0000
[242] [M]: 0x000000008000038C (0x00000013) addi x0, x0, 0x0                         inst_7+18

mem[X,0x0000000080000390] -> 0x0013
mem[X,0x0000000080000392] -> 0x0000
[243] [M]: 0x0000000080000390 (0x00000013) addi x0, x0, 0x0                         inst_7+22

clint mtime 0x000000000000007A (mip.MTI <- 0b1, mip.STI <- 0b0)
mem[X,0x0000000080000394] -> 0x0013
mem[X,0x0000000080000396] -> 0x0000
[244] [M]: 0x0000000080000394 (0x00000013) addi x0, x0, 0x0                         inst_7+26

mem[X,0x0000000080000398] -> 0x0013
mem[X,0x000000008000039A] -> 0x0000
[245] [M]: 0x0000000080000398 (0x00000013) addi x0, x0, 0x0                         inst_7+30

clint mtime 0x000000000000007B (mip.MTI <- 0b1, mip.STI <- 0b0)
mem[X,0x000000008000039C] -> 0x0013
mem[X,0x000000008000039E] -> 0x0000
[246] [M]: 0x000000008000039C (0x00000013) addi x0, x0, 0x0                         inst_7+34

mem[X,0x00000000800003A0] -> 0x0193
mem[X,0x00000000800003A2] -> 0x0000
[247] [M]: 0x00000000800003A0 (0x00000193) addi x3, x0, 0x0                         inst_7+38
x3 <- 0x0000000000000000

clint mtime 0x000000000000007C (mip.MTI <- 0b1, mip.STI <- 0b0)
mem[X,0x00000000800003A4] -> 0x9073
mem[X,0x00000000800003A6] -> 0x0031
[248] [M]: 0x00000000800003A4 (0x00319073) csrrw x0, fcsr, x3                       inst_7+42
CSR mstatus (0x300) <- 0x8000000A00006000
CSR fcsr (0x003) <- 0x0000000000000000

mem[X,0x00000000800003A8] -> 0x3C7A
[249] [M]: 0x00000000800003A8 (0x3C7A) c.fldsp f24, 0x1b8(x2)                       inst_7+46
mem[R,0x0000000080002000] -> 0xABECAFEBBABECAFE
f24 <- 0xABECAFEBBABECAFE
CSR mstatus (0x300) <- 0x8000000A00006000

clint mtime 0x000000000000007D (mip.MTI <- 0b1, mip.STI <- 0b0)
mem[X,0x00000000800003AA] -> 0x0001
[250] [M]: 0x00000000800003AA (0x0001) c.nop                                        inst_7+48

mem[X,0x00000000800003AC] -> 0x0001
[251] [M]: 0x00000000800003AC (0x0001) c.nop                                        inst_7+50

clint mtime 0x000000000000007E (mip.MTI <- 0b1, mip.STI <- 0b0)
mem[X,0x00000000800003AE] -> 0x2273
mem[X,0x00000000800003B0] -> 0x0030
[252] [M]: 0x00000000800003AE (0x00302273) csrrs x4, fcsr, x0                       inst_7+52
CSR fcsr (0x003) -> 0x0000000000000000
x4 <- 0x0000000000000000

mem[X,0x00000000800003B2] -> 0xB827
mem[X,0x00000000800003B4] -> 0x0780
[253] [M]: 0x00000000800003B2 (0x0780B827) fsd f24, 0x70(x1)                        inst_7+56
mem[W,0x0000000080003188] <- 0xABECAFEBBABECAFE

clint mtime 0x000000000000007F (mip.MTI <- 0b1, mip.STI <- 0b0)
mem[X,0x00000000800003B6] -> 0xBC23
mem[X,0x00000000800003B8] -> 0x0640
[254] [M]: 0x00000000800003B6 (0x0640BC23) sd x4, 0x78(x1)                          inst_7+60
mem[W,0x0000000080003190] <- 0x0000000000000000

mem[X,0x00000000800003BA] -> 0x0013
mem[X,0x00000000800003BC] -> 0x0000
[255] [M]: 0x00000000800003BA (0x00000013) addi x0, x0, 0x0                         inst_8+0

clint mtime 0x0000000000000080 (mip.MTI <- 0b1, mip.STI <- 0b0)
mem[X,0x00000000800003BE] -> 0x0001
[256] [M]: 0x00000000800003BE (0x0001) c.nop                                        inst_8+4

mem[X,0x00000000800003C0] -> 0x2117
mem[X,0x00000000800003C2] -> 0x0000
[257] [M]: 0x00000000800003C0 (0x00002117) auipc x2, 0x2                            inst_8+6
x2 <- 0x00000000800023C0

clint mtime 0x0000000000000081 (mip.MTI <- 0b1, mip.STI <- 0b0)
mem[X,0x00000000800003C4] -> 0x0113
mem[X,0x00000000800003C6] -> 0xAC81
[258] [M]: 0x00000000800003C4 (0xAC810113) addi x2, x2, -0x538                      inst_8+10
x2 <- 0x0000000080001E88

mem[X,0x00000000800003C8] -> 0x0013
mem[X,0x00000000800003CA] -> 0x0000
[259] [M]: 0x00000000800003C8 (0x00000013) addi x0, x0, 0x0                         inst_8+14

clint mtime 0x0000000000000082 (mip.MTI <- 0b1, mip.STI <- 0b0)
mem[X,0x00000000800003CC] -> 0x0013
mem[X,0x00000000800003CE] -> 0x0000
[260] [M]: 0x00000000800003CC (0x00000013) addi x0, x0, 0x0                         inst_8+18

mem[X,0x00000000800003D0] -> 0x0013
mem[X,0x00000000800003D2] -> 0x0000
[261] [M]: 0x00000000800003D0 (0x00000013) addi x0, x0, 0x0                         inst_8+22

clint mtime 0x0000000000000083 (mip.MTI <- 0b1, mip.STI <- 0b0)
mem[X,0x00000000800003D4] -> 0x0013
mem[X,0x00000000800003D6] -> 0x0000
[262] [M]: 0x00000000800003D4 (0x00000013) addi x0, x0, 0x0                         inst_8+26

mem[X,0x00000000800003D8] -> 0x0013
mem[X,0x00000000800003DA] -> 0x0000
[263] [M]: 0x00000000800003D8 (0x00000013) addi x0, x0, 0x0                         inst_8+30

clint mtime 0x0000000000000084 (mip.MTI <- 0b1, mip.STI <- 0b0)
mem[X,0x00000000800003DC] -> 0x0013
mem[X,0x00000000800003DE] -> 0x0000
[264] [M]: 0x00000000800003DC (0x00000013) addi x0, x0, 0x0                         inst_8+34

mem[X,0x00000000800003E0] -> 0x0193
mem[X,0x00000000800003E2] -> 0x0000
[265] [M]: 0x00000000800003E0 (0x00000193) addi x3, x0, 0x0                         inst_8+38
x3 <- 0x0000000000000000

clint mtime 0x0000000000000085 (mip.MTI <- 0b1, mip.STI <- 0b0)
mem[X,0x00000000800003E4] -> 0x9073
mem[X,0x00000000800003E6] -> 0x0031
[266] [M]: 0x00000000800003E4 (0x00319073) csrrw x0, fcsr, x3                       inst_8+42
CSR mstatus (0x300) <- 0x8000000A00006000
CSR fcsr (0x003) <- 0x0000000000000000

mem[X,0x00000000800003E8] -> 0x3BF6
[267] [M]: 0x00000000800003E8 (0x3BF6) c.fldsp f23, 0x178(x2)                       inst_8+46
mem[R,0x0000000080002000] -> 0xABECAFEBBABECAFE
f23 <- 0xABECAFEBBABECAFE
CSR mstatus (0x300) <- 0x8000000A00006000

clint mtime 0x0000000000000086 (mip.MTI <- 0b1, mip.STI <- 0b0)
mem[X,0x00000000800003EA] -> 0x0001
[268] [M]: 0x00000000800003EA (0x0001) c.nop                                        inst_8+48

mem[X,0x00000000800003EC] -> 0x0001
[269] [M]: 0x00000000800003EC (0x0001) c.nop                                        inst_8+50

clint mtime 0x0000000000000087 (mip.MTI <- 0b1, mip.STI <- 0b0)
mem[X,0x00000000800003EE] -> 0x2273
mem[X,0x00000000800003F0] -> 0x0030
[270] [M]: 0x00000000800003EE (0x00302273) csrrs x4, fcsr, x0                       inst_8+52
CSR fcsr (0x003) -> 0x0000000000000000
x4 <- 0x0000000000000000

mem[X,0x00000000800003F2] -> 0xB027
mem[X,0x00000000800003F4] -> 0x0970
[271] [M]: 0x00000000800003F2 (0x0970B027) fsd f23, 0x80(x1)                        inst_8+56
mem[W,0x0000000080003198] <- 0xABECAFEBBABECAFE

clint mtime 0x0000000000000088 (mip.MTI <- 0b1, mip.STI <- 0b0)
mem[X,0x00000000800003F6] -> 0xB423
mem[X,0x00000000800003F8] -> 0x0840
[272] [M]: 0x00000000800003F6 (0x0840B423) sd x4, 0x88(x1)                          inst_8+60
mem[W,0x00000000800031A0] <- 0x0000000000000000

mem[X,0x00000000800003FA] -> 0x0013
mem[X,0x00000000800003FC] -> 0x0000
[273] [M]: 0x00000000800003FA (0x00000013) addi x0, x0, 0x0                         inst_9+0

clint mtime 0x0000000000000089 (mip.MTI <- 0b1, mip.STI <- 0b0)
mem[X,0x00000000800003FE] -> 0x0001
[274] [M]: 0x00000000800003FE (0x0001) c.nop                                        inst_9+4

mem[X,0x0000000080000400] -> 0x2117
mem[X,0x0000000080000402] -> 0x0000
[275] [M]: 0x0000000080000400 (0x00002117) auipc x2, 0x2                            inst_9+6
x2 <- 0x0000000080002400

clint mtime 0x000000000000008A (mip.MTI <- 0b1, mip.STI <- 0b0)
mem[X,0x0000000080000404] -> 0x0113
mem[X,0x0000000080000406] -> 0xB081
[276] [M]: 0x0000000080000404 (0xB0810113) addi x2, x2, -0x4f8                      inst_9+10
x2 <- 0x0000000080001F08

mem[X,0x0000000080000408] -> 0x0013
mem[X,0x000000008000040A] -> 0x0000
[277] [M]: 0x0000000080000408 (0x00000013) addi x0, x0, 0x0                         inst_9+14

clint mtime 0x000000000000008B (mip.MTI <- 0b1, mip.STI <- 0b0)
mem[X,0x000000008000040C] -> 0x0013
mem[X,0x000000008000040E] -> 0x0000
[278] [M]: 0x000000008000040C (0x00000013) addi x0, x0, 0x0                         inst_9+18

mem[X,0x0000000080000410] -> 0x0013
mem[X,0x0000000080000412] -> 0x0000
[279] [M]: 0x0000000080000410 (0x00000013) addi x0, x0, 0x0                         inst_9+22

clint mtime 0x000000000000008C (mip.MTI <- 0b1, mip.STI <- 0b0)
mem[X,0x0000000080000414] -> 0x0013
mem[X,0x0000000080000416] -> 0x0000
[280] [M]: 0x0000000080000414 (0x00000013) addi x0, x0, 0x0                         inst_9+26

mem[X,0x0000000080000418] -> 0x0013
mem[X,0x000000008000041A] -> 0x0000
[281] [M]: 0x0000000080000418 (0x00000013) addi x0, x0, 0x0                         inst_9+30

clint mtime 0x000000000000008D (mip.MTI <- 0b1, mip.STI <- 0b0)
mem[X,0x000000008000041C] -> 0x0013
mem[X,0x000000008000041E] -> 0x0000
[282] [M]: 0x000000008000041C (0x00000013) addi x0, x0, 0x0                         inst_9+34

mem[X,0x0000000080000420] -> 0x0193
mem[X,0x0000000080000422] -> 0x0000
[283] [M]: 0x0000000080000420 (0x00000193) addi x3, x0, 0x0                         inst_9+38
x3 <- 0x0000000000000000

clint mtime 0x000000000000008E (mip.MTI <- 0b1, mip.STI <- 0b0)
mem[X,0x0000000080000424] -> 0x9073
mem[X,0x0000000080000426] -> 0x0031
[284] [M]: 0x0000000080000424 (0x00319073) csrrw x0, fcsr, x3                       inst_9+42
CSR mstatus (0x300) <- 0x8000000A00006000
CSR fcsr (0x003) <- 0x0000000000000000

mem[X,0x0000000080000428] -> 0x3B6E
[285] [M]: 0x0000000080000428 (0x3B6E) c.fldsp f22, 0xf8(x2)                        inst_9+46
mem[R,0x0000000080002000] -> 0xABECAFEBBABECAFE
f22 <- 0xABECAFEBBABECAFE
CSR mstatus (0x300) <- 0x8000000A00006000

clint mtime 0x000000000000008F (mip.MTI <- 0b1, mip.STI <- 0b0)
mem[X,0x000000008000042A] -> 0x0001
[286] [M]: 0x000000008000042A (0x0001) c.nop                                        inst_9+48

mem[X,0x000000008000042C] -> 0x0001
[287] [M]: 0x000000008000042C (0x0001) c.nop                                        inst_9+50

clint mtime 0x0000000000000090 (mip.MTI <- 0b1, mip.STI <- 0b0)
mem[X,0x000000008000042E] -> 0x2273
mem[X,0x0000000080000430] -> 0x0030
[288] [M]: 0x000000008000042E (0x00302273) csrrs x4, fcsr, x0                       inst_9+52
CSR fcsr (0x003) -> 0x0000000000000000
x4 <- 0x0000000000000000

mem[X,0x0000000080000432] -> 0xB827
mem[X,0x0000000080000434] -> 0x0960
[289] [M]: 0x0000000080000432 (0x0960B827) fsd f22, 0x90(x1)                        inst_9+56
mem[W,0x00000000800031A8] <- 0xABECAFEBBABECAFE

clint mtime 0x0000000000000091 (mip.MTI <- 0b1, mip.STI <- 0b0)
mem[X,0x0000000080000436] -> 0xBC23
mem[X,0x0000000080000438] -> 0x0840
[290] [M]: 0x0000000080000436 (0x0840BC23) sd x4, 0x98(x1)                          inst_9+60
mem[W,0x00000000800031B0] <- 0x0000000000000000

mem[X,0x000000008000043A] -> 0x0013
mem[X,0x000000008000043C] -> 0x0000
[291] [M]: 0x000000008000043A (0x00000013) addi x0, x0, 0x0                         inst_10+0

clint mtime 0x0000000000000092 (mip.MTI <- 0b1, mip.STI <- 0b0)
mem[X,0x000000008000043E] -> 0x0001
[292] [M]: 0x000000008000043E (0x0001) c.nop                                        inst_10+4

mem[X,0x0000000080000440] -> 0x2117
mem[X,0x0000000080000442] -> 0x0000
[293] [M]: 0x0000000080000440 (0x00002117) auipc x2, 0x2                            inst_10+6
x2 <- 0x0000000080002440

clint mtime 0x0000000000000093 (mip.MTI <- 0b1, mip.STI <- 0b0)
mem[X,0x0000000080000444] -> 0x0113
mem[X,0x0000000080000446] -> 0xBB81
[294] [M]: 0x0000000080000444 (0xBB810113) addi x2, x2, -0x448                      inst_10+10
x2 <- 0x0000000080001FF8

mem[X,0x0000000080000448] -> 0x0013
mem[X,0x000000008000044A] -> 0x0000
[295] [M]: 0x0000000080000448 (0x00000013) addi x0, x0, 0x0                         inst_10+14

clint mtime 0x0000000000000094 (mip.MTI <- 0b1, mip.STI <- 0b0)
mem[X,0x000000008000044C] -> 0x0013
mem[X,0x000000008000044E] -> 0x0000
[296] [M]: 0x000000008000044C (0x00000013) addi x0, x0, 0x0                         inst_10+18

mem[X,0x0000000080000450] -> 0x0013
mem[X,0x0000000080000452] -> 0x0000
[297] [M]: 0x0000000080000450 (0x00000013) addi x0, x0, 0x0                         inst_10+22

clint mtime 0x0000000000000095 (mip.MTI <- 0b1, mip.STI <- 0b0)
mem[X,0x0000000080000454] -> 0x0013
mem[X,0x0000000080000456] -> 0x0000
[298] [M]: 0x0000000080000454 (0x00000013) addi x0, x0, 0x0                         inst_10+26

mem[X,0x0000000080000458] -> 0x0013
mem[X,0x000000008000045A] -> 0x0000
[299] [M]: 0x0000000080000458 (0x00000013) addi x0, x0, 0x0                         inst_10+30

clint mtime 0x0000000000000096 (mip.MTI <- 0b1, mip.STI <- 0b0)
mem[X,0x000000008000045C] -> 0x0013
mem[X,0x000000008000045E] -> 0x0000
[300] [M]: 0x000000008000045C (0x00000013) addi x0, x0, 0x0                         inst_10+34

mem[X,0x0000000080000460] -> 0x0193
mem[X,0x0000000080000462] -> 0x0000
[301] [M]: 0x0000000080000460 (0x00000193) addi x3, x0, 0x0                         inst_10+38
x3 <- 0x0000000000000000

clint mtime 0x0000000000000097 (mip.MTI <- 0b1, mip.STI <- 0b0)
mem[X,0x0000000080000464] -> 0x9073
mem[X,0x0000000080000466] -> 0x0031
[302] [M]: 0x0000000080000464 (0x00319073) csrrw x0, fcsr, x3                       inst_10+42
CSR mstatus (0x300) <- 0x8000000A00006000
CSR fcsr (0x003) <- 0x0000000000000000

mem[X,0x0000000080000468] -> 0x2AA2
[303] [M]: 0x0000000080000468 (0x2AA2) c.fldsp f21, 0x8(x2)                         inst_10+46
mem[R,0x0000000080002000] -> 0xABECAFEBBABECAFE
f21 <- 0xABECAFEBBABECAFE
CSR mstatus (0x300) <- 0x8000000A00006000

clint mtime 0x0000000000000098 (mip.MTI <- 0b1, mip.STI <- 0b0)
mem[X,0x000000008000046A] -> 0x0001
[304] [M]: 0x000000008000046A (0x0001) c.nop                                        inst_10+48

mem[X,0x000000008000046C] -> 0x0001
[305] [M]: 0x000000008000046C (0x0001) c.nop                                        inst_10+50

clint mtime 0x0000000000000099 (mip.MTI <- 0b1, mip.STI <- 0b0)
mem[X,0x000000008000046E] -> 0x2273
mem[X,0x0000000080000470] -> 0x0030
[306] [M]: 0x000000008000046E (0x00302273) csrrs x4, fcsr, x0                       inst_10+52
CSR fcsr (0x003) -> 0x0000000000000000
x4 <- 0x0000000000000000

mem[X,0x0000000080000472] -> 0xB027
mem[X,0x0000000080000474] -> 0x0B50
[307] [M]: 0x0000000080000472 (0x0B50B027) fsd f21, 0xa0(x1)                        inst_10+56
mem[W,0x00000000800031B8] <- 0xABECAFEBBABECAFE

clint mtime 0x000000000000009A (mip.MTI <- 0b1, mip.STI <- 0b0)
mem[X,0x0000000080000476] -> 0xB423
mem[X,0x0000000080000478] -> 0x0A40
[308] [M]: 0x0000000080000476 (0x0A40B423) sd x4, 0xa8(x1)                          inst_10+60
mem[W,0x00000000800031C0] <- 0x0000000000000000

mem[X,0x000000008000047A] -> 0x0013
mem[X,0x000000008000047C] -> 0x0000
[309] [M]: 0x000000008000047A (0x00000013) addi x0, x0, 0x0                         inst_11+0

clint mtime 0x000000000000009B (mip.MTI <- 0b1, mip.STI <- 0b0)
mem[X,0x000000008000047E] -> 0x0001
[310] [M]: 0x000000008000047E (0x0001) c.nop                                        inst_11+4

mem[X,0x0000000080000480] -> 0x2117
mem[X,0x0000000080000482] -> 0x0000
[311] [M]: 0x0000000080000480 (0x00002117) auipc x2, 0x2                            inst_11+6
x2 <- 0x0000000080002480

clint mtime 0x000000000000009C (mip.MTI <- 0b1, mip.STI <- 0b0)
mem[X,0x0000000080000484] -> 0x0113
mem[X,0x0000000080000486] -> 0xB701
[312] [M]: 0x0000000080000484 (0xB7010113) addi x2, x2, -0x490                      inst_11+10
x2 <- 0x0000000080001FF0

mem[X,0x0000000080000488] -> 0x0013
mem[X,0x000000008000048A] -> 0x0000
[313] [M]: 0x0000000080000488 (0x00000013) addi x0, x0, 0x0                         inst_11+14

clint mtime 0x000000000000009D (mip.MTI <- 0b1, mip.STI <- 0b0)
mem[X,0x000000008000048C] -> 0x0013
mem[X,0x000000008000048E] -> 0x0000
[314] [M]: 0x000000008000048C (0x00000013) addi x0, x0, 0x0                         inst_11+18

mem[X,0x0000000080000490] -> 0x0013
mem[X,0x0000000080000492] -> 0x0000
[315] [M]: 0x0000000080000490 (0x00000013) addi x0, x0, 0x0                         inst_11+22

clint mtime 0x000000000000009E (mip.MTI <- 0b1, mip.STI <- 0b0)
mem[X,0x0000000080000494] -> 0x0013
mem[X,0x0000000080000496] -> 0x0000
[316] [M]: 0x0000000080000494 (0x00000013) addi x0, x0, 0x0                         inst_11+26

mem[X,0x0000000080000498] -> 0x0013
mem[X,0x000000008000049A] -> 0x0000
[317] [M]: 0x0000000080000498 (0x00000013) addi x0, x0, 0x0                         inst_11+30

clint mtime 0x000000000000009F (mip.MTI <- 0b1, mip.STI <- 0b0)
mem[X,0x000000008000049C] -> 0x0013
mem[X,0x000000008000049E] -> 0x0000
[318] [M]: 0x000000008000049C (0x00000013) addi x0, x0, 0x0                         inst_11+34

mem[X,0x00000000800004A0] -> 0x0193
mem[X,0x00000000800004A2] -> 0x0000
[319] [M]: 0x00000000800004A0 (0x00000193) addi x3, x0, 0x0                         inst_11+38
x3 <- 0x0000000000000000

clint mtime 0x00000000000000A0 (mip.MTI <- 0b1, mip.STI <- 0b0)
mem[X,0x00000000800004A4] -> 0x9073
mem[X,0x00000000800004A6] -> 0x0031
[320] [M]: 0x00000000800004A4 (0x00319073) csrrw x0, fcsr, x3                       inst_11+42
CSR mstatus (0x300) <- 0x8000000A00006000
CSR fcsr (0x003) <- 0x0000000000000000

mem[X,0x00000000800004A8] -> 0x2A42
[321] [M]: 0x00000000800004A8 (0x2A42) c.fldsp f20, 0x10(x2)                        inst_11+46
mem[R,0x0000000080002000] -> 0xABECAFEBBABECAFE
f20 <- 0xABECAFEBBABECAFE
CSR mstatus (0x300) <- 0x8000000A00006000

clint mtime 0x00000000000000A1 (mip.MTI <- 0b1, mip.STI <- 0b0)
mem[X,0x00000000800004AA] -> 0x0001
[322] [M]: 0x00000000800004AA (0x0001) c.nop                                        inst_11+48

mem[X,0x00000000800004AC] -> 0x0001
[323] [M]: 0x00000000800004AC (0x0001) c.nop                                        inst_11+50

clint mtime 0x00000000000000A2 (mip.MTI <- 0b1, mip.STI <- 0b0)
mem[X,0x00000000800004AE] -> 0x2273
mem[X,0x00000000800004B0] -> 0x0030
[324] [M]: 0x00000000800004AE (0x00302273) csrrs x4, fcsr, x0                       inst_11+52
CSR fcsr (0x003) -> 0x0000000000000000
x4 <- 0x0000000000000000

mem[X,0x00000000800004B2] -> 0xB827
mem[X,0x00000000800004B4] -> 0x0B40
[325] [M]: 0x00000000800004B2 (0x0B40B827) fsd f20, 0xb0(x1)                        inst_11+56
mem[W,0x00000000800031C8] <- 0xABECAFEBBABECAFE

clint mtime 0x00000000000000A3 (mip.MTI <- 0b1, mip.STI <- 0b0)
mem[X,0x00000000800004B6] -> 0xBC23
mem[X,0x00000000800004B8] -> 0x0A40
[326] [M]: 0x00000000800004B6 (0x0A40BC23) sd x4, 0xb8(x1)                          inst_11+60
mem[W,0x00000000800031D0] <- 0x0000000000000000

mem[X,0x00000000800004BA] -> 0x0013
mem[X,0x00000000800004BC] -> 0x0000
[327] [M]: 0x00000000800004BA (0x00000013) addi x0, x0, 0x0                         inst_12+0

clint mtime 0x00000000000000A4 (mip.MTI <- 0b1, mip.STI <- 0b0)
mem[X,0x00000000800004BE] -> 0x0001
[328] [M]: 0x00000000800004BE (0x0001) c.nop                                        inst_12+4

mem[X,0x00000000800004C0] -> 0x2117
mem[X,0x00000000800004C2] -> 0x0000
[329] [M]: 0x00000000800004C0 (0x00002117) auipc x2, 0x2                            inst_12+6
x2 <- 0x00000000800024C0

clint mtime 0x00000000000000A5 (mip.MTI <- 0b1, mip.STI <- 0b0)
mem[X,0x00000000800004C4] -> 0x0113
mem[X,0x00000000800004C6] -> 0xB201
[330] [M]: 0x00000000800004C4 (0xB2010113) addi x2, x2, -0x4e0                      inst_12+10
x2 <- 0x0000000080001FE0

mem[X,0x00000000800004C8] -> 0x0013
mem[X,0x00000000800004CA] -> 0x0000
[331] [M]: 0x00000000800004C8 (0x00000013) addi x0, x0, 0x0                         inst_12+14

clint mtime 0x00000000000000A6 (mip.MTI <- 0b1, mip.STI <- 0b0)
mem[X,0x00000000800004CC] -> 0x0013
mem[X,0x00000000800004CE] -> 0x0000
[332] [M]: 0x00000000800004CC (0x00000013) addi x0, x0, 0x0                         inst_12+18

mem[X,0x00000000800004D0] -> 0x0013
mem[X,0x00000000800004D2] -> 0x0000
[333] [M]: 0x00000000800004D0 (0x00000013) addi x0, x0, 0x0                         inst_12+22

clint mtime 0x00000000000000A7 (mip.MTI <- 0b1, mip.STI <- 0b0)
mem[X,0x00000000800004D4] -> 0x0013
mem[X,0x00000000800004D6] -> 0x0000
[334] [M]: 0x00000000800004D4 (0x00000013) addi x0, x0, 0x0                         inst_12+26

mem[X,0x00000000800004D8] -> 0x0013
mem[X,0x00000000800004DA] -> 0x0000
[335] [M]: 0x00000000800004D8 (0x00000013) addi x0, x0, 0x0                         inst_12+30

clint mtime 0x00000000000000A8 (mip.MTI <- 0b1, mip.STI <- 0b0)
mem[X,0x00000000800004DC] -> 0x0013
mem[X,0x00000000800004DE] -> 0x0000
[336] [M]: 0x00000000800004DC (0x00000013) addi x0, x0, 0x0                         inst_12+34

mem[X,0x00000000800004E0] -> 0x0193
mem[X,0x00000000800004E2] -> 0x0000
[337] [M]: 0x00000000800004E0 (0x00000193) addi x3, x0, 0x0                         inst_12+38
x3 <- 0x0000000000000000

clint mtime 0x00000000000000A9 (mip.MTI <- 0b1, mip.STI <- 0b0)
mem[X,0x00000000800004E4] -> 0x9073
mem[X,0x00000000800004E6] -> 0x0031
[338] [M]: 0x00000000800004E4 (0x00319073) csrrw x0, fcsr, x3                       inst_12+42
CSR mstatus (0x300) <- 0x8000000A00006000
CSR fcsr (0x003) <- 0x0000000000000000

mem[X,0x00000000800004E8] -> 0x3982
[339] [M]: 0x00000000800004E8 (0x3982) c.fldsp f19, 0x20(x2)                        inst_12+46
mem[R,0x0000000080002000] -> 0xABECAFEBBABECAFE
f19 <- 0xABECAFEBBABECAFE
CSR mstatus (0x300) <- 0x8000000A00006000

clint mtime 0x00000000000000AA (mip.MTI <- 0b1, mip.STI <- 0b0)
mem[X,0x00000000800004EA] -> 0x0001
[340] [M]: 0x00000000800004EA (0x0001) c.nop                                        inst_12+48

mem[X,0x00000000800004EC] -> 0x0001
[341] [M]: 0x00000000800004EC (0x0001) c.nop                                        inst_12+50

clint mtime 0x00000000000000AB (mip.MTI <- 0b1, mip.STI <- 0b0)
mem[X,0x00000000800004EE] -> 0x2273
mem[X,0x00000000800004F0] -> 0x0030
[342] [M]: 0x00000000800004EE (0x00302273) csrrs x4, fcsr, x0                       inst_12+52
CSR fcsr (0x003) -> 0x0000000000000000
x4 <- 0x0000000000000000

mem[X,0x00000000800004F2] -> 0xB027
mem[X,0x00000000800004F4] -> 0x0D30
[343] [M]: 0x00000000800004F2 (0x0D30B027) fsd f19, 0xc0(x1)                        inst_12+56
mem[W,0x00000000800031D8] <- 0xABECAFEBBABECAFE

clint mtime 0x00000000000000AC (mip.MTI <- 0b1, mip.STI <- 0b0)
mem[X,0x00000000800004F6] -> 0xB423
mem[X,0x00000000800004F8] -> 0x0C40
[344] [M]: 0x00000000800004F6 (0x0C40B423) sd x4, 0xc8(x1)                          inst_12+60
mem[W,0x00000000800031E0] <- 0x0000000000000000

mem[X,0x00000000800004FA] -> 0x0013
mem[X,0x00000000800004FC] -> 0x0000
[345] [M]: 0x00000000800004FA (0x00000013) addi x0, x0, 0x0                         inst_13+0

clint mtime 0x00000000000000AD (mip.MTI <- 0b1, mip.STI <- 0b0)
mem[X,0x00000000800004FE] -> 0x0001
[346] [M]: 0x00000000800004FE (0x0001) c.nop                                        inst_13+4

mem[X,0x0000000080000500] -> 0x2117
mem[X,0x0000000080000502] -> 0x0000
[347] [M]: 0x0000000080000500 (0x00002117) auipc x2, 0x2                            inst_13+6
x2 <- 0x0000000080002500

clint mtime 0x00000000000000AE (mip.MTI <- 0b1, mip.STI <- 0b0)
mem[X,0x0000000080000504] -> 0x0113
mem[X,0x0000000080000506] -> 0xAC01
[348] [M]: 0x0000000080000504 (0xAC010113) addi x2, x2, -0x540                      inst_13+10
x2 <- 0x0000000080001FC0

mem[X,0x0000000080000508] -> 0x0013
mem[X,0x000000008000050A] -> 0x0000
[349] [M]: 0x0000000080000508 (0x00000013) addi x0, x0, 0x0                         inst_13+14

clint mtime 0x00000000000000AF (mip.MTI <- 0b1, mip.STI <- 0b0)
mem[X,0x000000008000050C] -> 0x0013
mem[X,0x000000008000050E] -> 0x0000
[350] [M]: 0x000000008000050C (0x00000013) addi x0, x0, 0x0                         inst_13+18

mem[X,0x0000000080000510] -> 0x0013
mem[X,0x0000000080000512] -> 0x0000
[351] [M]: 0x0000000080000510 (0x00000013) addi x0, x0, 0x0                         inst_13+22

clint mtime 0x00000000000000B0 (mip.MTI <- 0b1, mip.STI <- 0b0)
mem[X,0x0000000080000514] -> 0x0013
mem[X,0x0000000080000516] -> 0x0000
[352] [M]: 0x0000000080000514 (0x00000013) addi x0, x0, 0x0                         inst_13+26

mem[X,0x0000000080000518] -> 0x0013
mem[X,0x000000008000051A] -> 0x0000
[353] [M]: 0x0000000080000518 (0x00000013) addi x0, x0, 0x0                         inst_13+30

clint mtime 0x00000000000000B1 (mip.MTI <- 0b1, mip.STI <- 0b0)
mem[X,0x000000008000051C] -> 0x0013
mem[X,0x000000008000051E] -> 0x0000
[354] [M]: 0x000000008000051C (0x00000013) addi x0, x0, 0x0                         inst_13+34

mem[X,0x0000000080000520] -> 0x0193
mem[X,0x0000000080000522] -> 0x0000
[355] [M]: 0x0000000080000520 (0x00000193) addi x3, x0, 0x0                         inst_13+38
x3 <- 0x0000000000000000

clint mtime 0x00000000000000B2 (mip.MTI <- 0b1, mip.STI <- 0b0)
mem[X,0x0000000080000524] -> 0x9073
mem[X,0x0000000080000526] -> 0x0031
[356] [M]: 0x0000000080000524 (0x00319073) csrrw x0, fcsr, x3                       inst_13+42
CSR mstatus (0x300) <- 0x8000000A00006000
CSR fcsr (0x003) <- 0x0000000000000000

mem[X,0x0000000080000528] -> 0x2906
[357] [M]: 0x0000000080000528 (0x2906) c.fldsp f18, 0x40(x2)                        inst_13+46
mem[R,0x0000000080002000] -> 0xABECAFEBBABECAFE
f18 <- 0xABECAFEBBABECAFE
CSR mstatus (0x300) <- 0x8000000A00006000

clint mtime 0x00000000000000B3 (mip.MTI <- 0b1, mip.STI <- 0b0)
mem[X,0x000000008000052A] -> 0x0001
[358] [M]: 0x000000008000052A (0x0001) c.nop                                        inst_13+48

mem[X,0x000000008000052C] -> 0x0001
[359] [M]: 0x000000008000052C (0x0001) c.nop                                        inst_13+50

clint mtime 0x00000000000000B4 (mip.MTI <- 0b1, mip.STI <- 0b0)
mem[X,0x000000008000052E] -> 0x2273
mem[X,0x0000000080000530] -> 0x0030
[360] [M]: 0x000000008000052E (0x00302273) csrrs x4, fcsr, x0                       inst_13+52
CSR fcsr (0x003) -> 0x0000000000000000
x4 <- 0x0000000000000000

mem[X,0x0000000080000532] -> 0xB827
mem[X,0x0000000080000534] -> 0x0D20
[361] [M]: 0x0000000080000532 (0x0D20B827) fsd f18, 0xd0(x1)                        inst_13+56
mem[W,0x00000000800031E8] <- 0xABECAFEBBABECAFE

clint mtime 0x00000000000000B5 (mip.MTI <- 0b1, mip.STI <- 0b0)
mem[X,0x0000000080000536] -> 0xBC23
mem[X,0x0000000080000538] -> 0x0C40
[362] [M]: 0x0000000080000536 (0x0C40BC23) sd x4, 0xd8(x1)                          inst_13+60
mem[W,0x00000000800031F0] <- 0x0000000000000000

mem[X,0x000000008000053A] -> 0x0013
mem[X,0x000000008000053C] -> 0x0000
[363] [M]: 0x000000008000053A (0x00000013) addi x0, x0, 0x0                         inst_14+0

clint mtime 0x00000000000000B6 (mip.MTI <- 0b1, mip.STI <- 0b0)
mem[X,0x000000008000053E] -> 0x0001
[364] [M]: 0x000000008000053E (0x0001) c.nop                                        inst_14+4

mem[X,0x0000000080000540] -> 0x2117
mem[X,0x0000000080000542] -> 0x0000
[365] [M]: 0x0000000080000540 (0x00002117) auipc x2, 0x2                            inst_14+6
x2 <- 0x0000000080002540

clint mtime 0x00000000000000B7 (mip.MTI <- 0b1, mip.STI <- 0b0)
mem[X,0x0000000080000544] -> 0x0113
mem[X,0x0000000080000546] -> 0xA401
[366] [M]: 0x0000000080000544 (0xA4010113) addi x2, x2, -0x5c0                      inst_14+10
x2 <- 0x0000000080001F80

mem[X,0x0000000080000548] -> 0x0013
mem[X,0x000000008000054A] -> 0x0000
[367] [M]: 0x0000000080000548 (0x00000013) addi x0, x0, 0x0                         inst_14+14

clint mtime 0x00000000000000B8 (mip.MTI <- 0b1, mip.STI <- 0b0)
mem[X,0x000000008000054C] -> 0x0013
mem[X,0x000000008000054E] -> 0x0000
[368] [M]: 0x000000008000054C (0x00000013) addi x0, x0, 0x0                         inst_14+18

mem[X,0x0000000080000550] -> 0x0013
mem[X,0x0000000080000552] -> 0x0000
[369] [M]: 0x0000000080000550 (0x00000013) addi x0, x0, 0x0                         inst_14+22

clint mtime 0x00000000000000B9 (mip.MTI <- 0b1, mip.STI <- 0b0)
mem[X,0x0000000080000554] -> 0x0013
mem[X,0x0000000080000556] -> 0x0000
[370] [M]: 0x0000000080000554 (0x00000013) addi x0, x0, 0x0                         inst_14+26

mem[X,0x0000000080000558] -> 0x0013
mem[X,0x000000008000055A] -> 0x0000
[371] [M]: 0x0000000080000558 (0x00000013) addi x0, x0, 0x0                         inst_14+30

clint mtime 0x00000000000000BA (mip.MTI <- 0b1, mip.STI <- 0b0)
mem[X,0x000000008000055C] -> 0x0013
mem[X,0x000000008000055E] -> 0x0000
[372] [M]: 0x000000008000055C (0x00000013) addi x0, x0, 0x0                         inst_14+34

mem[X,0x0000000080000560] -> 0x0193
mem[X,0x0000000080000562] -> 0x0000
[373] [M]: 0x0000000080000560 (0x00000193) addi x3, x0, 0x0                         inst_14+38
x3 <- 0x0000000000000000

clint mtime 0x00000000000000BB (mip.MTI <- 0b1, mip.STI <- 0b0)
mem[X,0x0000000080000564] -> 0x9073
mem[X,0x0000000080000566] -> 0x0031
[374] [M]: 0x0000000080000564 (0x00319073) csrrw x0, fcsr, x3                       inst_14+42
CSR mstatus (0x300) <- 0x8000000A00006000
CSR fcsr (0x003) <- 0x0000000000000000

mem[X,0x0000000080000568] -> 0x288A
[375] [M]: 0x0000000080000568 (0x288A) c.fldsp f17, 0x80(x2)                        inst_14+46
mem[R,0x0000000080002000] -> 0xABECAFEBBABECAFE
f17 <- 0xABECAFEBBABECAFE
CSR mstatus (0x300) <- 0x8000000A00006000

clint mtime 0x00000000000000BC (mip.MTI <- 0b1, mip.STI <- 0b0)
mem[X,0x000000008000056A] -> 0x0001
[376] [M]: 0x000000008000056A (0x0001) c.nop                                        inst_14+48

mem[X,0x000000008000056C] -> 0x0001
[377] [M]: 0x000000008000056C (0x0001) c.nop                                        inst_14+50

clint mtime 0x00000000000000BD (mip.MTI <- 0b1, mip.STI <- 0b0)
mem[X,0x000000008000056E] -> 0x2273
mem[X,0x0000000080000570] -> 0x0030
[378] [M]: 0x000000008000056E (0x00302273) csrrs x4, fcsr, x0                       inst_14+52
CSR fcsr (0x003) -> 0x0000000000000000
x4 <- 0x0000000000000000

mem[X,0x0000000080000572] -> 0xB027
mem[X,0x0000000080000574] -> 0x0F10
[379] [M]: 0x0000000080000572 (0x0F10B027) fsd f17, 0xe0(x1)                        inst_14+56
mem[W,0x00000000800031F8] <- 0xABECAFEBBABECAFE

clint mtime 0x00000000000000BE (mip.MTI <- 0b1, mip.STI <- 0b0)
mem[X,0x0000000080000576] -> 0xB423
mem[X,0x0000000080000578] -> 0x0E40
[380] [M]: 0x0000000080000576 (0x0E40B423) sd x4, 0xe8(x1)                          inst_14+60
mem[W,0x0000000080003200] <- 0x0000000000000000

mem[X,0x000000008000057A] -> 0x0013
mem[X,0x000000008000057C] -> 0x0000
[381] [M]: 0x000000008000057A (0x00000013) addi x0, x0, 0x0                         inst_15+0

clint mtime 0x00000000000000BF (mip.MTI <- 0b1, mip.STI <- 0b0)
mem[X,0x000000008000057E] -> 0x0001
[382] [M]: 0x000000008000057E (0x0001) c.nop                                        inst_15+4

mem[X,0x0000000080000580] -> 0x2117
mem[X,0x0000000080000582] -> 0x0000
[383] [M]: 0x0000000080000580 (0x00002117) auipc x2, 0x2                            inst_15+6
x2 <- 0x0000000080002580

clint mtime 0x00000000000000C0 (mip.MTI <- 0b1, mip.STI <- 0b0)
mem[X,0x0000000080000584] -> 0x0113
mem[X,0x0000000080000586] -> 0x9801
[384] [M]: 0x0000000080000584 (0x98010113) addi x2, x2, -0x680                      inst_15+10
x2 <- 0x0000000080001F00

mem[X,0x0000000080000588] -> 0x0013
mem[X,0x000000008000058A] -> 0x0000
[385] [M]: 0x0000000080000588 (0x00000013) addi x0, x0, 0x0                         inst_15+14

clint mtime 0x00000000000000C1 (mip.MTI <- 0b1, mip.STI <- 0b0)
mem[X,0x000000008000058C] -> 0x0013
mem[X,0x000000008000058E] -> 0x0000
[386] [M]: 0x000000008000058C (0x00000013) addi x0, x0, 0x0                         inst_15+18

mem[X,0x0000000080000590] -> 0x0013
mem[X,0x0000000080000592] -> 0x0000
[387] [M]: 0x0000000080000590 (0x00000013) addi x0, x0, 0x0                         inst_15+22

clint mtime 0x00000000000000C2 (mip.MTI <- 0b1, mip.STI <- 0b0)
mem[X,0x0000000080000594] -> 0x0013
mem[X,0x0000000080000596] -> 0x0000
[388] [M]: 0x0000000080000594 (0x00000013) addi x0, x0, 0x0                         inst_15+26

mem[X,0x0000000080000598] -> 0x0013
mem[X,0x000000008000059A] -> 0x0000
[389] [M]: 0x0000000080000598 (0x00000013) addi x0, x0, 0x0                         inst_15+30

clint mtime 0x00000000000000C3 (mip.MTI <- 0b1, mip.STI <- 0b0)
mem[X,0x000000008000059C] -> 0x0013
mem[X,0x000000008000059E] -> 0x0000
[390] [M]: 0x000000008000059C (0x00000013) addi x0, x0, 0x0                         inst_15+34

mem[X,0x00000000800005A0] -> 0x0193
mem[X,0x00000000800005A2] -> 0x0000
[391] [M]: 0x00000000800005A0 (0x00000193) addi x3, x0, 0x0                         inst_15+38
x3 <- 0x0000000000000000

clint mtime 0x00000000000000C4 (mip.MTI <- 0b1, mip.STI <- 0b0)
mem[X,0x00000000800005A4] -> 0x9073
mem[X,0x00000000800005A6] -> 0x0031
[392] [M]: 0x00000000800005A4 (0x00319073) csrrw x0, fcsr, x3                       inst_15+42
CSR mstatus (0x300) <- 0x8000000A00006000
CSR fcsr (0x003) <- 0x0000000000000000

mem[X,0x00000000800005A8] -> 0x2812
[393] [M]: 0x00000000800005A8 (0x2812) c.fldsp f16, 0x100(x2)                       inst_15+46
mem[R,0x0000000080002000] -> 0xABECAFEBBABECAFE
f16 <- 0xABECAFEBBABECAFE
CSR mstatus (0x300) <- 0x8000000A00006000

clint mtime 0x00000000000000C5 (mip.MTI <- 0b1, mip.STI <- 0b0)
mem[X,0x00000000800005AA] -> 0x0001
[394] [M]: 0x00000000800005AA (0x0001) c.nop                                        inst_15+48

mem[X,0x00000000800005AC] -> 0x0001
[395] [M]: 0x00000000800005AC (0x0001) c.nop                                        inst_15+50

clint mtime 0x00000000000000C6 (mip.MTI <- 0b1, mip.STI <- 0b0)
mem[X,0x00000000800005AE] -> 0x2273
mem[X,0x00000000800005B0] -> 0x0030
[396] [M]: 0x00000000800005AE (0x00302273) csrrs x4, fcsr, x0                       inst_15+52
CSR fcsr (0x003) -> 0x0000000000000000
x4 <- 0x0000000000000000

mem[X,0x00000000800005B2] -> 0xB827
mem[X,0x00000000800005B4] -> 0x0F00
[397] [M]: 0x00000000800005B2 (0x0F00B827) fsd f16, 0xf0(x1)                        inst_15+56
mem[W,0x0000000080003208] <- 0xABECAFEBBABECAFE

clint mtime 0x00000000000000C7 (mip.MTI <- 0b1, mip.STI <- 0b0)
mem[X,0x00000000800005B6] -> 0xBC23
mem[X,0x00000000800005B8] -> 0x0E40
[398] [M]: 0x00000000800005B6 (0x0E40BC23) sd x4, 0xf8(x1)                          inst_15+60
mem[W,0x0000000080003210] <- 0x0000000000000000

mem[X,0x00000000800005BA] -> 0x0013
mem[X,0x00000000800005BC] -> 0x0000
[399] [M]: 0x00000000800005BA (0x00000013) addi x0, x0, 0x0                         inst_16+0

clint mtime 0x00000000000000C8 (mip.MTI <- 0b1, mip.STI <- 0b0)
mem[X,0x00000000800005BE] -> 0x0001
[400] [M]: 0x00000000800005BE (0x0001) c.nop                                        inst_16+4

mem[X,0x00000000800005C0] -> 0x2117
mem[X,0x00000000800005C2] -> 0x0000
[401] [M]: 0x00000000800005C0 (0x00002117) auipc x2, 0x2                            inst_16+6
x2 <- 0x00000000800025C0

clint mtime 0x00000000000000C9 (mip.MTI <- 0b1, mip.STI <- 0b0)
mem[X,0x00000000800005C4] -> 0x0113
mem[X,0x00000000800005C6] -> 0xA401
[402] [M]: 0x00000000800005C4 (0xA4010113) addi x2, x2, -0x5c0                      inst_16+10
x2 <- 0x0000000080002000

mem[X,0x00000000800005C8] -> 0x0013
mem[X,0x00000000800005CA] -> 0x0000
[403] [M]: 0x00000000800005C8 (0x00000013) addi x0, x0, 0x0                         inst_16+14

clint mtime 0x00000000000000CA (mip.MTI <- 0b1, mip.STI <- 0b0)
mem[X,0x00000000800005CC] -> 0x0013
mem[X,0x00000000800005CE] -> 0x0000
[404] [M]: 0x00000000800005CC (0x00000013) addi x0, x0, 0x0                         inst_16+18

mem[X,0x00000000800005D0] -> 0x0013
mem[X,0x00000000800005D2] -> 0x0000
[405] [M]: 0x00000000800005D0 (0x00000013) addi x0, x0, 0x0                         inst_16+22

clint mtime 0x00000000000000CB (mip.MTI <- 0b1, mip.STI <- 0b0)
mem[X,0x00000000800005D4] -> 0x0013
mem[X,0x00000000800005D6] -> 0x0000
[406] [M]: 0x00000000800005D4 (0x00000013) addi x0, x0, 0x0                         inst_16+26

mem[X,0x00000000800005D8] -> 0x0013
mem[X,0x00000000800005DA] -> 0x0000
[407] [M]: 0x00000000800005D8 (0x00000013) addi x0, x0, 0x0                         inst_16+30

clint mtime 0x00000000000000CC (mip.MTI <- 0b1, mip.STI <- 0b0)
mem[X,0x00000000800005DC] -> 0x0013
mem[X,0x00000000800005DE] -> 0x0000
[408] [M]: 0x00000000800005DC (0x00000013) addi x0, x0, 0x0                         inst_16+34

mem[X,0x00000000800005E0] -> 0x0193
mem[X,0x00000000800005E2] -> 0x0000
[409] [M]: 0x00000000800005E0 (0x00000193) addi x3, x0, 0x0                         inst_16+38
x3 <- 0x0000000000000000

clint mtime 0x00000000000000CD (mip.MTI <- 0b1, mip.STI <- 0b0)
mem[X,0x00000000800005E4] -> 0x9073
mem[X,0x00000000800005E6] -> 0x0031
[410] [M]: 0x00000000800005E4 (0x00319073) csrrw x0, fcsr, x3                       inst_16+42
CSR mstatus (0x300) <- 0x8000000A00006000
CSR fcsr (0x003) <- 0x0000000000000000

mem[X,0x00000000800005E8] -> 0x2782
[411] [M]: 0x00000000800005E8 (0x2782) c.fldsp f15, 0x0(x2)                         inst_16+46
mem[R,0x0000000080002000] -> 0xABECAFEBBABECAFE
f15 <- 0xABECAFEBBABECAFE
CSR mstatus (0x300) <- 0x8000000A00006000

clint mtime 0x00000000000000CE (mip.MTI <- 0b1, mip.STI <- 0b0)
mem[X,0x00000000800005EA] -> 0x0001
[412] [M]: 0x00000000800005EA (0x0001) c.nop                                        inst_16+48

mem[X,0x00000000800005EC] -> 0x0001
[413] [M]: 0x00000000800005EC (0x0001) c.nop                                        inst_16+50

clint mtime 0x00000000000000CF (mip.MTI <- 0b1, mip.STI <- 0b0)
mem[X,0x00000000800005EE] -> 0x2273
mem[X,0x00000000800005F0] -> 0x0030
[414] [M]: 0x00000000800005EE (0x00302273) csrrs x4, fcsr, x0                       inst_16+52
CSR fcsr (0x003) -> 0x0000000000000000
x4 <- 0x0000000000000000

mem[X,0x00000000800005F2] -> 0xB027
mem[X,0x00000000800005F4] -> 0x10F0
[415] [M]: 0x00000000800005F2 (0x10F0B027) fsd f15, 0x100(x1)                       inst_16+56
mem[W,0x0000000080003218] <- 0xABECAFEBBABECAFE

clint mtime 0x00000000000000D0 (mip.MTI <- 0b1, mip.STI <- 0b0)
mem[X,0x00000000800005F6] -> 0xB423
mem[X,0x00000000800005F8] -> 0x1040
[416] [M]: 0x00000000800005F6 (0x1040B423) sd x4, 0x108(x1)                         inst_16+60
mem[W,0x0000000080003220] <- 0x0000000000000000

mem[X,0x00000000800005FA] -> 0x0013
mem[X,0x00000000800005FC] -> 0x0000
[417] [M]: 0x00000000800005FA (0x00000013) addi x0, x0, 0x0                         inst_17+0

clint mtime 0x00000000000000D1 (mip.MTI <- 0b1, mip.STI <- 0b0)
mem[X,0x00000000800005FE] -> 0x0001
[418] [M]: 0x00000000800005FE (0x0001) c.nop                                        inst_17+4

mem[X,0x0000000080000600] -> 0x2117
mem[X,0x0000000080000602] -> 0x0000
[419] [M]: 0x0000000080000600 (0x00002117) auipc x2, 0x2                            inst_17+6
x2 <- 0x0000000080002600

clint mtime 0x00000000000000D2 (mip.MTI <- 0b1, mip.STI <- 0b0)
mem[X,0x0000000080000604] -> 0x0113
mem[X,0x0000000080000606] -> 0xA001
[420] [M]: 0x0000000080000604 (0xA0010113) addi x2, x2, -0x600                      inst_17+10
x2 <- 0x0000000080002000

mem[X,0x0000000080000608] -> 0x0013
mem[X,0x000000008000060A] -> 0x0000
[421] [M]: 0x0000000080000608 (0x00000013) addi x0, x0, 0x0                         inst_17+14

clint mtime 0x00000000000000D3 (mip.MTI <- 0b1, mip.STI <- 0b0)
mem[X,0x000000008000060C] -> 0x0013
mem[X,0x000000008000060E] -> 0x0000
[422] [M]: 0x000000008000060C (0x00000013) addi x0, x0, 0x0                         inst_17+18

mem[X,0x0000000080000610] -> 0x0013
mem[X,0x0000000080000612] -> 0x0000
[423] [M]: 0x0000000080000610 (0x00000013) addi x0, x0, 0x0                         inst_17+22

clint mtime 0x00000000000000D4 (mip.MTI <- 0b1, mip.STI <- 0b0)
mem[X,0x0000000080000614] -> 0x0013
mem[X,0x0000000080000616] -> 0x0000
[424] [M]: 0x0000000080000614 (0x00000013) addi x0, x0, 0x0                         inst_17+26

mem[X,0x0000000080000618] -> 0x0013
mem[X,0x000000008000061A] -> 0x0000
[425] [M]: 0x0000000080000618 (0x00000013) addi x0, x0, 0x0                         inst_17+30

clint mtime 0x00000000000000D5 (mip.MTI <- 0b1, mip.STI <- 0b0)
mem[X,0x000000008000061C] -> 0x0013
mem[X,0x000000008000061E] -> 0x0000
[426] [M]: 0x000000008000061C (0x00000013) addi x0, x0, 0x0                         inst_17+34

mem[X,0x0000000080000620] -> 0x0193
mem[X,0x0000000080000622] -> 0x0000
[427] [M]: 0x0000000080000620 (0x00000193) addi x3, x0, 0x0                         inst_17+38
x3 <- 0x0000000000000000

clint mtime 0x00000000000000D6 (mip.MTI <- 0b1, mip.STI <- 0b0)
mem[X,0x0000000080000624] -> 0x9073
mem[X,0x0000000080000626] -> 0x0031
[428] [M]: 0x0000000080000624 (0x00319073) csrrw x0, fcsr, x3                       inst_17+42
CSR mstatus (0x300) <- 0x8000000A00006000
CSR fcsr (0x003) <- 0x0000000000000000

mem[X,0x0000000080000628] -> 0x2702
[429] [M]: 0x0000000080000628 (0x2702) c.fldsp f14, 0x0(x2)                         inst_17+46
mem[R,0x0000000080002000] -> 0xABECAFEBBABECAFE
f14 <- 0xABECAFEBBABECAFE
CSR mstatus (0x300) <- 0x8000000A00006000

clint mtime 0x00000000000000D7 (mip.MTI <- 0b1, mip.STI <- 0b0)
mem[X,0x000000008000062A] -> 0x0001
[430] [M]: 0x000000008000062A (0x0001) c.nop                                        inst_17+48

mem[X,0x000000008000062C] -> 0x0001
[431] [M]: 0x000000008000062C (0x0001) c.nop                                        inst_17+50

clint mtime 0x00000000000000D8 (mip.MTI <- 0b1, mip.STI <- 0b0)
mem[X,0x000000008000062E] -> 0x2273
mem[X,0x0000000080000630] -> 0x0030
[432] [M]: 0x000000008000062E (0x00302273) csrrs x4, fcsr, x0                       inst_17+52
CSR fcsr (0x003) -> 0x0000000000000000
x4 <- 0x0000000000000000

mem[X,0x0000000080000632] -> 0xB827
mem[X,0x0000000080000634] -> 0x10E0
[433] [M]: 0x0000000080000632 (0x10E0B827) fsd f14, 0x110(x1)                       inst_17+56
mem[W,0x0000000080003228] <- 0xABECAFEBBABECAFE

clint mtime 0x00000000000000D9 (mip.MTI <- 0b1, mip.STI <- 0b0)
mem[X,0x0000000080000636] -> 0xBC23
mem[X,0x0000000080000638] -> 0x1040
[434] [M]: 0x0000000080000636 (0x1040BC23) sd x4, 0x118(x1)                         inst_17+60
mem[W,0x0000000080003230] <- 0x0000000000000000

mem[X,0x000000008000063A] -> 0x0013
mem[X,0x000000008000063C] -> 0x0000
[435] [M]: 0x000000008000063A (0x00000013) addi x0, x0, 0x0                         inst_18+0

clint mtime 0x00000000000000DA (mip.MTI <- 0b1, mip.STI <- 0b0)
mem[X,0x000000008000063E] -> 0x0001
[436] [M]: 0x000000008000063E (0x0001) c.nop                                        inst_18+4

mem[X,0x0000000080000640] -> 0x2117
mem[X,0x0000000080000642] -> 0x0000
[437] [M]: 0x0000000080000640 (0x00002117) auipc x2, 0x2                            inst_18+6
x2 <- 0x0000000080002640

clint mtime 0x00000000000000DB (mip.MTI <- 0b1, mip.STI <- 0b0)
mem[X,0x0000000080000644] -> 0x0113
mem[X,0x0000000080000646] -> 0x9C01
[438] [M]: 0x0000000080000644 (0x9C010113) addi x2, x2, -0x640                      inst_18+10
x2 <- 0x0000000080002000

mem[X,0x0000000080000648] -> 0x0013
mem[X,0x000000008000064A] -> 0x0000
[439] [M]: 0x0000000080000648 (0x00000013) addi x0, x0, 0x0                         inst_18+14

clint mtime 0x00000000000000DC (mip.MTI <- 0b1, mip.STI <- 0b0)
mem[X,0x000000008000064C] -> 0x0013
mem[X,0x000000008000064E] -> 0x0000
[440] [M]: 0x000000008000064C (0x00000013) addi x0, x0, 0x0                         inst_18+18

mem[X,0x0000000080000650] -> 0x0013
mem[X,0x0000000080000652] -> 0x0000
[441] [M]: 0x0000000080000650 (0x00000013) addi x0, x0, 0x0                         inst_18+22

clint mtime 0x00000000000000DD (mip.MTI <- 0b1, mip.STI <- 0b0)
mem[X,0x0000000080000654] -> 0x0013
mem[X,0x0000000080000656] -> 0x0000
[442] [M]: 0x0000000080000654 (0x00000013) addi x0, x0, 0x0                         inst_18+26

mem[X,0x0000000080000658] -> 0x0013
mem[X,0x000000008000065A] -> 0x0000
[443] [M]: 0x0000000080000658 (0x00000013) addi x0, x0, 0x0                         inst_18+30

clint mtime 0x00000000000000DE (mip.MTI <- 0b1, mip.STI <- 0b0)
mem[X,0x000000008000065C] -> 0x0013
mem[X,0x000000008000065E] -> 0x0000
[444] [M]: 0x000000008000065C (0x00000013) addi x0, x0, 0x0                         inst_18+34

mem[X,0x0000000080000660] -> 0x0193
mem[X,0x0000000080000662] -> 0x0000
[445] [M]: 0x0000000080000660 (0x00000193) addi x3, x0, 0x0                         inst_18+38
x3 <- 0x0000000000000000

clint mtime 0x00000000000000DF (mip.MTI <- 0b1, mip.STI <- 0b0)
mem[X,0x0000000080000664] -> 0x9073
mem[X,0x0000000080000666] -> 0x0031
[446] [M]: 0x0000000080000664 (0x00319073) csrrw x0, fcsr, x3                       inst_18+42
CSR mstatus (0x300) <- 0x8000000A00006000
CSR fcsr (0x003) <- 0x0000000000000000

mem[X,0x0000000080000668] -> 0x2682
[447] [M]: 0x0000000080000668 (0x2682) c.fldsp f13, 0x0(x2)                         inst_18+46
mem[R,0x0000000080002000] -> 0xABECAFEBBABECAFE
f13 <- 0xABECAFEBBABECAFE
CSR mstatus (0x300) <- 0x8000000A00006000

clint mtime 0x00000000000000E0 (mip.MTI <- 0b1, mip.STI <- 0b0)
mem[X,0x000000008000066A] -> 0x0001
[448] [M]: 0x000000008000066A (0x0001) c.nop                                        inst_18+48

mem[X,0x000000008000066C] -> 0x0001
[449] [M]: 0x000000008000066C (0x0001) c.nop                                        inst_18+50

clint mtime 0x00000000000000E1 (mip.MTI <- 0b1, mip.STI <- 0b0)
mem[X,0x000000008000066E] -> 0x2273
mem[X,0x0000000080000670] -> 0x0030
[450] [M]: 0x000000008000066E (0x00302273) csrrs x4, fcsr, x0                       inst_18+52
CSR fcsr (0x003) -> 0x0000000000000000
x4 <- 0x0000000000000000

mem[X,0x0000000080000672] -> 0xB027
mem[X,0x0000000080000674] -> 0x12D0
[451] [M]: 0x0000000080000672 (0x12D0B027) fsd f13, 0x120(x1)                       inst_18+56
mem[W,0x0000000080003238] <- 0xABECAFEBBABECAFE

clint mtime 0x00000000000000E2 (mip.MTI <- 0b1, mip.STI <- 0b0)
mem[X,0x0000000080000676] -> 0xB423
mem[X,0x0000000080000678] -> 0x1240
[452] [M]: 0x0000000080000676 (0x1240B423) sd x4, 0x128(x1)                         inst_18+60
mem[W,0x0000000080003240] <- 0x0000000000000000

mem[X,0x000000008000067A] -> 0x0013
mem[X,0x000000008000067C] -> 0x0000
[453] [M]: 0x000000008000067A (0x00000013) addi x0, x0, 0x0                         inst_19+0

clint mtime 0x00000000000000E3 (mip.MTI <- 0b1, mip.STI <- 0b0)
mem[X,0x000000008000067E] -> 0x0001
[454] [M]: 0x000000008000067E (0x0001) c.nop                                        inst_19+4

mem[X,0x0000000080000680] -> 0x2117
mem[X,0x0000000080000682] -> 0x0000
[455] [M]: 0x0000000080000680 (0x00002117) auipc x2, 0x2                            inst_19+6
x2 <- 0x0000000080002680

clint mtime 0x00000000000000E4 (mip.MTI <- 0b1, mip.STI <- 0b0)
mem[X,0x0000000080000684] -> 0x0113
mem[X,0x0000000080000686] -> 0x9801
[456] [M]: 0x0000000080000684 (0x98010113) addi x2, x2, -0x680                      inst_19+10
x2 <- 0x0000000080002000

mem[X,0x0000000080000688] -> 0x0013
mem[X,0x000000008000068A] -> 0x0000
[457] [M]: 0x0000000080000688 (0x00000013) addi x0, x0, 0x0                         inst_19+14

clint mtime 0x00000000000000E5 (mip.MTI <- 0b1, mip.STI <- 0b0)
mem[X,0x000000008000068C] -> 0x0013
mem[X,0x000000008000068E] -> 0x0000
[458] [M]: 0x000000008000068C (0x00000013) addi x0, x0, 0x0                         inst_19+18

mem[X,0x0000000080000690] -> 0x0013
mem[X,0x0000000080000692] -> 0x0000
[459] [M]: 0x0000000080000690 (0x00000013) addi x0, x0, 0x0                         inst_19+22

clint mtime 0x00000000000000E6 (mip.MTI <- 0b1, mip.STI <- 0b0)
mem[X,0x0000000080000694] -> 0x0013
mem[X,0x0000000080000696] -> 0x0000
[460] [M]: 0x0000000080000694 (0x00000013) addi x0, x0, 0x0                         inst_19+26

mem[X,0x0000000080000698] -> 0x0013
mem[X,0x000000008000069A] -> 0x0000
[461] [M]: 0x0000000080000698 (0x00000013) addi x0, x0, 0x0                         inst_19+30

clint mtime 0x00000000000000E7 (mip.MTI <- 0b1, mip.STI <- 0b0)
mem[X,0x000000008000069C] -> 0x0013
mem[X,0x000000008000069E] -> 0x0000
[462] [M]: 0x000000008000069C (0x00000013) addi x0, x0, 0x0                         inst_19+34

mem[X,0x00000000800006A0] -> 0x0193
mem[X,0x00000000800006A2] -> 0x0000
[463] [M]: 0x00000000800006A0 (0x00000193) addi x3, x0, 0x0                         inst_19+38
x3 <- 0x0000000000000000

clint mtime 0x00000000000000E8 (mip.MTI <- 0b1, mip.STI <- 0b0)
mem[X,0x00000000800006A4] -> 0x9073
mem[X,0x00000000800006A6] -> 0x0031
[464] [M]: 0x00000000800006A4 (0x00319073) csrrw x0, fcsr, x3                       inst_19+42
CSR mstatus (0x300) <- 0x8000000A00006000
CSR fcsr (0x003) <- 0x0000000000000000

mem[X,0x00000000800006A8] -> 0x2602
[465] [M]: 0x00000000800006A8 (0x2602) c.fldsp f12, 0x0(x2)                         inst_19+46
mem[R,0x0000000080002000] -> 0xABECAFEBBABECAFE
f12 <- 0xABECAFEBBABECAFE
CSR mstatus (0x300) <- 0x8000000A00006000

clint mtime 0x00000000000000E9 (mip.MTI <- 0b1, mip.STI <- 0b0)
mem[X,0x00000000800006AA] -> 0x0001
[466] [M]: 0x00000000800006AA (0x0001) c.nop                                        inst_19+48

mem[X,0x00000000800006AC] -> 0x0001
[467] [M]: 0x00000000800006AC (0x0001) c.nop                                        inst_19+50

clint mtime 0x00000000000000EA (mip.MTI <- 0b1, mip.STI <- 0b0)
mem[X,0x00000000800006AE] -> 0x2273
mem[X,0x00000000800006B0] -> 0x0030
[468] [M]: 0x00000000800006AE (0x00302273) csrrs x4, fcsr, x0                       inst_19+52
CSR fcsr (0x003) -> 0x0000000000000000
x4 <- 0x0000000000000000

mem[X,0x00000000800006B2] -> 0xB827
mem[X,0x00000000800006B4] -> 0x12C0
[469] [M]: 0x00000000800006B2 (0x12C0B827) fsd f12, 0x130(x1)                       inst_19+56
mem[W,0x0000000080003248] <- 0xABECAFEBBABECAFE

clint mtime 0x00000000000000EB (mip.MTI <- 0b1, mip.STI <- 0b0)
mem[X,0x00000000800006B6] -> 0xBC23
mem[X,0x00000000800006B8] -> 0x1240
[470] [M]: 0x00000000800006B6 (0x1240BC23) sd x4, 0x138(x1)                         inst_19+60
mem[W,0x0000000080003250] <- 0x0000000000000000

mem[X,0x00000000800006BA] -> 0x0013
mem[X,0x00000000800006BC] -> 0x0000
[471] [M]: 0x00000000800006BA (0x00000013) addi x0, x0, 0x0                         inst_20+0

clint mtime 0x00000000000000EC (mip.MTI <- 0b1, mip.STI <- 0b0)
mem[X,0x00000000800006BE] -> 0x0001
[472] [M]: 0x00000000800006BE (0x0001) c.nop                                        inst_20+4

mem[X,0x00000000800006C0] -> 0x2117
mem[X,0x00000000800006C2] -> 0x0000
[473] [M]: 0x00000000800006C0 (0x00002117) auipc x2, 0x2                            inst_20+6
x2 <- 0x00000000800026C0

clint mtime 0x00000000000000ED (mip.MTI <- 0b1, mip.STI <- 0b0)
mem[X,0x00000000800006C4] -> 0x0113
mem[X,0x00000000800006C6] -> 0x9401
[474] [M]: 0x00000000800006C4 (0x94010113) addi x2, x2, -0x6c0                      inst_20+10
x2 <- 0x0000000080002000

mem[X,0x00000000800006C8] -> 0x0013
mem[X,0x00000000800006CA] -> 0x0000
[475] [M]: 0x00000000800006C8 (0x00000013) addi x0, x0, 0x0                         inst_20+14

clint mtime 0x00000000000000EE (mip.MTI <- 0b1, mip.STI <- 0b0)
mem[X,0x00000000800006CC] -> 0x0013
mem[X,0x00000000800006CE] -> 0x0000
[476] [M]: 0x00000000800006CC (0x00000013) addi x0, x0, 0x0                         inst_20+18

mem[X,0x00000000800006D0] -> 0x0013
mem[X,0x00000000800006D2] -> 0x0000
[477] [M]: 0x00000000800006D0 (0x00000013) addi x0, x0, 0x0                         inst_20+22

clint mtime 0x00000000000000EF (mip.MTI <- 0b1, mip.STI <- 0b0)
mem[X,0x00000000800006D4] -> 0x0013
mem[X,0x00000000800006D6] -> 0x0000
[478] [M]: 0x00000000800006D4 (0x00000013) addi x0, x0, 0x0                         inst_20+26

mem[X,0x00000000800006D8] -> 0x0013
mem[X,0x00000000800006DA] -> 0x0000
[479] [M]: 0x00000000800006D8 (0x00000013) addi x0, x0, 0x0                         inst_20+30

clint mtime 0x00000000000000F0 (mip.MTI <- 0b1, mip.STI <- 0b0)
mem[X,0x00000000800006DC] -> 0x0013
mem[X,0x00000000800006DE] -> 0x0000
[480] [M]: 0x00000000800006DC (0x00000013) addi x0, x0, 0x0                         inst_20+34

mem[X,0x00000000800006E0] -> 0x0193
mem[X,0x00000000800006E2] -> 0x0000
[481] [M]: 0x00000000800006E0 (0x00000193) addi x3, x0, 0x0                         inst_20+38
x3 <- 0x0000000000000000

clint mtime 0x00000000000000F1 (mip.MTI <- 0b1, mip.STI <- 0b0)
mem[X,0x00000000800006E4] -> 0x9073
mem[X,0x00000000800006E6] -> 0x0031
[482] [M]: 0x00000000800006E4 (0x00319073) csrrw x0, fcsr, x3                       inst_20+42
CSR mstatus (0x300) <- 0x8000000A00006000
CSR fcsr (0x003) <- 0x0000000000000000

mem[X,0x00000000800006E8] -> 0x2582
[483] [M]: 0x00000000800006E8 (0x2582) c.fldsp f11, 0x0(x2)                         inst_20+46
mem[R,0x0000000080002000] -> 0xABECAFEBBABECAFE
f11 <- 0xABECAFEBBABECAFE
CSR mstatus (0x300) <- 0x8000000A00006000

clint mtime 0x00000000000000F2 (mip.MTI <- 0b1, mip.STI <- 0b0)
mem[X,0x00000000800006EA] -> 0x0001
[484] [M]: 0x00000000800006EA (0x0001) c.nop                                        inst_20+48

mem[X,0x00000000800006EC] -> 0x0001
[485] [M]: 0x00000000800006EC (0x0001) c.nop                                        inst_20+50

clint mtime 0x00000000000000F3 (mip.MTI <- 0b1, mip.STI <- 0b0)
mem[X,0x00000000800006EE] -> 0x2273
mem[X,0x00000000800006F0] -> 0x0030
[486] [M]: 0x00000000800006EE (0x00302273) csrrs x4, fcsr, x0                       inst_20+52
CSR fcsr (0x003) -> 0x0000000000000000
x4 <- 0x0000000000000000

mem[X,0x00000000800006F2] -> 0xB027
mem[X,0x00000000800006F4] -> 0x14B0
[487] [M]: 0x00000000800006F2 (0x14B0B027) fsd f11, 0x140(x1)                       inst_20+56
mem[W,0x0000000080003258] <- 0xABECAFEBBABECAFE

clint mtime 0x00000000000000F4 (mip.MTI <- 0b1, mip.STI <- 0b0)
mem[X,0x00000000800006F6] -> 0xB423
mem[X,0x00000000800006F8] -> 0x1440
[488] [M]: 0x00000000800006F6 (0x1440B423) sd x4, 0x148(x1)                         inst_20+60
mem[W,0x0000000080003260] <- 0x0000000000000000

mem[X,0x00000000800006FA] -> 0x0013
mem[X,0x00000000800006FC] -> 0x0000
[489] [M]: 0x00000000800006FA (0x00000013) addi x0, x0, 0x0                         inst_21+0

clint mtime 0x00000000000000F5 (mip.MTI <- 0b1, mip.STI <- 0b0)
mem[X,0x00000000800006FE] -> 0x0001
[490] [M]: 0x00000000800006FE (0x0001) c.nop                                        inst_21+4

mem[X,0x0000000080000700] -> 0x2117
mem[X,0x0000000080000702] -> 0x0000
[491] [M]: 0x0000000080000700 (0x00002117) auipc x2, 0x2                            inst_21+6
x2 <- 0x0000000080002700

clint mtime 0x00000000000000F6 (mip.MTI <- 0b1, mip.STI <- 0b0)
mem[X,0x0000000080000704] -> 0x0113
mem[X,0x0000000080000706] -> 0x9001
[492] [M]: 0x0000000080000704 (0x90010113) addi x2, x2, -0x700                      inst_21+10
x2 <- 0x0000000080002000

mem[X,0x0000000080000708] -> 0x0013
mem[X,0x000000008000070A] -> 0x0000
[493] [M]: 0x0000000080000708 (0x00000013) addi x0, x0, 0x0                         inst_21+14

clint mtime 0x00000000000000F7 (mip.MTI <- 0b1, mip.STI <- 0b0)
mem[X,0x000000008000070C] -> 0x0013
mem[X,0x000000008000070E] -> 0x0000
[494] [M]: 0x000000008000070C (0x00000013) addi x0, x0, 0x0                         inst_21+18

mem[X,0x0000000080000710] -> 0x0013
mem[X,0x0000000080000712] -> 0x0000
[495] [M]: 0x0000000080000710 (0x00000013) addi x0, x0, 0x0                         inst_21+22

clint mtime 0x00000000000000F8 (mip.MTI <- 0b1, mip.STI <- 0b0)
mem[X,0x0000000080000714] -> 0x0013
mem[X,0x0000000080000716] -> 0x0000
[496] [M]: 0x0000000080000714 (0x00000013) addi x0, x0, 0x0                         inst_21+26

mem[X,0x0000000080000718] -> 0x0013
mem[X,0x000000008000071A] -> 0x0000
[497] [M]: 0x0000000080000718 (0x00000013) addi x0, x0, 0x0                         inst_21+30

clint mtime 0x00000000000000F9 (mip.MTI <- 0b1, mip.STI <- 0b0)
mem[X,0x000000008000071C] -> 0x0013
mem[X,0x000000008000071E] -> 0x0000
[498] [M]: 0x000000008000071C (0x00000013) addi x0, x0, 0x0                         inst_21+34

mem[X,0x0000000080000720] -> 0x0193
mem[X,0x0000000080000722] -> 0x0000
[499] [M]: 0x0000000080000720 (0x00000193) addi x3, x0, 0x0                         inst_21+38
x3 <- 0x0000000000000000

clint mtime 0x00000000000000FA (mip.MTI <- 0b1, mip.STI <- 0b0)
mem[X,0x0000000080000724] -> 0x9073
mem[X,0x0000000080000726] -> 0x0031
[500] [M]: 0x0000000080000724 (0x00319073) csrrw x0, fcsr, x3                       inst_21+42
CSR mstatus (0x300) <- 0x8000000A00006000
CSR fcsr (0x003) <- 0x0000000000000000

mem[X,0x0000000080000728] -> 0x2502
[501] [M]: 0x0000000080000728 (0x2502) c.fldsp f10, 0x0(x2)                         inst_21+46
mem[R,0x0000000080002000] -> 0xABECAFEBBABECAFE
f10 <- 0xABECAFEBBABECAFE
CSR mstatus (0x300) <- 0x8000000A00006000

clint mtime 0x00000000000000FB (mip.MTI <- 0b1, mip.STI <- 0b0)
mem[X,0x000000008000072A] -> 0x0001
[502] [M]: 0x000000008000072A (0x0001) c.nop                                        inst_21+48

mem[X,0x000000008000072C] -> 0x0001
[503] [M]: 0x000000008000072C (0x0001) c.nop                                        inst_21+50

clint mtime 0x00000000000000FC (mip.MTI <- 0b1, mip.STI <- 0b0)
mem[X,0x000000008000072E] -> 0x2273
mem[X,0x0000000080000730] -> 0x0030
[504] [M]: 0x000000008000072E (0x00302273) csrrs x4, fcsr, x0                       inst_21+52
CSR fcsr (0x003) -> 0x0000000000000000
x4 <- 0x0000000000000000

mem[X,0x0000000080000732] -> 0xB827
mem[X,0x0000000080000734] -> 0x14A0
[505] [M]: 0x0000000080000732 (0x14A0B827) fsd f10, 0x150(x1)                       inst_21+56
mem[W,0x0000000080003268] <- 0xABECAFEBBABECAFE

clint mtime 0x00000000000000FD (mip.MTI <- 0b1, mip.STI <- 0b0)
mem[X,0x0000000080000736] -> 0xBC23
mem[X,0x0000000080000738] -> 0x1440
[506] [M]: 0x0000000080000736 (0x1440BC23) sd x4, 0x158(x1)                         inst_21+60
mem[W,0x0000000080003270] <- 0x0000000000000000

mem[X,0x000000008000073A] -> 0x0013
mem[X,0x000000008000073C] -> 0x0000
[507] [M]: 0x000000008000073A (0x00000013) addi x0, x0, 0x0                         inst_22+0

clint mtime 0x00000000000000FE (mip.MTI <- 0b1, mip.STI <- 0b0)
mem[X,0x000000008000073E] -> 0x0001
[508] [M]: 0x000000008000073E (0x0001) c.nop                                        inst_22+4

mem[X,0x0000000080000740] -> 0x2117
mem[X,0x0000000080000742] -> 0x0000
[509] [M]: 0x0000000080000740 (0x00002117) auipc x2, 0x2                            inst_22+6
x2 <- 0x0000000080002740

clint mtime 0x00000000000000FF (mip.MTI <- 0b1, mip.STI <- 0b0)
mem[X,0x0000000080000744] -> 0x0113
mem[X,0x0000000080000746] -> 0x8C01
[510] [M]: 0x0000000080000744 (0x8C010113) addi x2, x2, -0x740                      inst_22+10
x2 <- 0x0000000080002000

mem[X,0x0000000080000748] -> 0x0013
mem[X,0x000000008000074A] -> 0x0000
[511] [M]: 0x0000000080000748 (0x00000013) addi x0, x0, 0x0                         inst_22+14

clint mtime 0x0000000000000100 (mip.MTI <- 0b1, mip.STI <- 0b0)
mem[X,0x000000008000074C] -> 0x0013
mem[X,0x000000008000074E] -> 0x0000
[512] [M]: 0x000000008000074C (0x00000013) addi x0, x0, 0x0                         inst_22+18

mem[X,0x0000000080000750] -> 0x0013
mem[X,0x0000000080000752] -> 0x0000
[513] [M]: 0x0000000080000750 (0x00000013) addi x0, x0, 0x0                         inst_22+22

clint mtime 0x0000000000000101 (mip.MTI <- 0b1, mip.STI <- 0b0)
mem[X,0x0000000080000754] -> 0x0013
mem[X,0x0000000080000756] -> 0x0000
[514] [M]: 0x0000000080000754 (0x00000013) addi x0, x0, 0x0                         inst_22+26

mem[X,0x0000000080000758] -> 0x0013
mem[X,0x000000008000075A] -> 0x0000
[515] [M]: 0x0000000080000758 (0x00000013) addi x0, x0, 0x0                         inst_22+30

clint mtime 0x0000000000000102 (mip.MTI <- 0b1, mip.STI <- 0b0)
mem[X,0x000000008000075C] -> 0x0013
mem[X,0x000000008000075E] -> 0x0000
[516] [M]: 0x000000008000075C (0x00000013) addi x0, x0, 0x0                         inst_22+34

mem[X,0x0000000080000760] -> 0x0193
mem[X,0x0000000080000762] -> 0x0000
[517] [M]: 0x0000000080000760 (0x00000193) addi x3, x0, 0x0                         inst_22+38
x3 <- 0x0000000000000000

clint mtime 0x0000000000000103 (mip.MTI <- 0b1, mip.STI <- 0b0)
mem[X,0x0000000080000764] -> 0x9073
mem[X,0x0000000080000766] -> 0x0031
[518] [M]: 0x0000000080000764 (0x00319073) csrrw x0, fcsr, x3                       inst_22+42
CSR mstatus (0x300) <- 0x8000000A00006000
CSR fcsr (0x003) <- 0x0000000000000000

mem[X,0x0000000080000768] -> 0x2482
[519] [M]: 0x0000000080000768 (0x2482) c.fldsp f9, 0x0(x2)                          inst_22+46
mem[R,0x0000000080002000] -> 0xABECAFEBBABECAFE
f9 <- 0xABECAFEBBABECAFE
CSR mstatus (0x300) <- 0x8000000A00006000

clint mtime 0x0000000000000104 (mip.MTI <- 0b1, mip.STI <- 0b0)
mem[X,0x000000008000076A] -> 0x0001
[520] [M]: 0x000000008000076A (0x0001) c.nop                                        inst_22+48

mem[X,0x000000008000076C] -> 0x0001
[521] [M]: 0x000000008000076C (0x0001) c.nop                                        inst_22+50

clint mtime 0x0000000000000105 (mip.MTI <- 0b1, mip.STI <- 0b0)
mem[X,0x000000008000076E] -> 0x2273
mem[X,0x0000000080000770] -> 0x0030
[522] [M]: 0x000000008000076E (0x00302273) csrrs x4, fcsr, x0                       inst_22+52
CSR fcsr (0x003) -> 0x0000000000000000
x4 <- 0x0000000000000000

mem[X,0x0000000080000772] -> 0xB027
mem[X,0x0000000080000774] -> 0x1690
[523] [M]: 0x0000000080000772 (0x1690B027) fsd f9, 0x160(x1)                        inst_22+56
mem[W,0x0000000080003278] <- 0xABECAFEBBABECAFE

clint mtime 0x0000000000000106 (mip.MTI <- 0b1, mip.STI <- 0b0)
mem[X,0x0000000080000776] -> 0xB423
mem[X,0x0000000080000778] -> 0x1640
[524] [M]: 0x0000000080000776 (0x1640B423) sd x4, 0x168(x1)                         inst_22+60
mem[W,0x0000000080003280] <- 0x0000000000000000

mem[X,0x000000008000077A] -> 0x0013
mem[X,0x000000008000077C] -> 0x0000
[525] [M]: 0x000000008000077A (0x00000013) addi x0, x0, 0x0                         inst_23+0

clint mtime 0x0000000000000107 (mip.MTI <- 0b1, mip.STI <- 0b0)
mem[X,0x000000008000077E] -> 0x0001
[526] [M]: 0x000000008000077E (0x0001) c.nop                                        inst_23+4

mem[X,0x0000000080000780] -> 0x2117
mem[X,0x0000000080000782] -> 0x0000
[527] [M]: 0x0000000080000780 (0x00002117) auipc x2, 0x2                            inst_23+6
x2 <- 0x0000000080002780

clint mtime 0x0000000000000108 (mip.MTI <- 0b1, mip.STI <- 0b0)
mem[X,0x0000000080000784] -> 0x0113
mem[X,0x0000000080000786] -> 0x8801
[528] [M]: 0x0000000080000784 (0x88010113) addi x2, x2, -0x780                      inst_23+10
x2 <- 0x0000000080002000

mem[X,0x0000000080000788] -> 0x0013
mem[X,0x000000008000078A] -> 0x0000
[529] [M]: 0x0000000080000788 (0x00000013) addi x0, x0, 0x0                         inst_23+14

clint mtime 0x0000000000000109 (mip.MTI <- 0b1, mip.STI <- 0b0)
mem[X,0x000000008000078C] -> 0x0013
mem[X,0x000000008000078E] -> 0x0000
[530] [M]: 0x000000008000078C (0x00000013) addi x0, x0, 0x0                         inst_23+18

mem[X,0x0000000080000790] -> 0x0013
mem[X,0x0000000080000792] -> 0x0000
[531] [M]: 0x0000000080000790 (0x00000013) addi x0, x0, 0x0                         inst_23+22

clint mtime 0x000000000000010A (mip.MTI <- 0b1, mip.STI <- 0b0)
mem[X,0x0000000080000794] -> 0x0013
mem[X,0x0000000080000796] -> 0x0000
[532] [M]: 0x0000000080000794 (0x00000013) addi x0, x0, 0x0                         inst_23+26

mem[X,0x0000000080000798] -> 0x0013
mem[X,0x000000008000079A] -> 0x0000
[533] [M]: 0x0000000080000798 (0x00000013) addi x0, x0, 0x0                         inst_23+30

clint mtime 0x000000000000010B (mip.MTI <- 0b1, mip.STI <- 0b0)
mem[X,0x000000008000079C] -> 0x0013
mem[X,0x000000008000079E] -> 0x0000
[534] [M]: 0x000000008000079C (0x00000013) addi x0, x0, 0x0                         inst_23+34

mem[X,0x00000000800007A0] -> 0x0193
mem[X,0x00000000800007A2] -> 0x0000
[535] [M]: 0x00000000800007A0 (0x00000193) addi x3, x0, 0x0                         inst_23+38
x3 <- 0x0000000000000000

clint mtime 0x000000000000010C (mip.MTI <- 0b1, mip.STI <- 0b0)
mem[X,0x00000000800007A4] -> 0x9073
mem[X,0x00000000800007A6] -> 0x0031
[536] [M]: 0x00000000800007A4 (0x00319073) csrrw x0, fcsr, x3                       inst_23+42
CSR mstatus (0x300) <- 0x8000000A00006000
CSR fcsr (0x003) <- 0x0000000000000000

mem[X,0x00000000800007A8] -> 0x2402
[537] [M]: 0x00000000800007A8 (0x2402) c.fldsp f8, 0x0(x2)                          inst_23+46
mem[R,0x0000000080002000] -> 0xABECAFEBBABECAFE
f8 <- 0xABECAFEBBABECAFE
CSR mstatus (0x300) <- 0x8000000A00006000

clint mtime 0x000000000000010D (mip.MTI <- 0b1, mip.STI <- 0b0)
mem[X,0x00000000800007AA] -> 0x0001
[538] [M]: 0x00000000800007AA (0x0001) c.nop                                        inst_23+48

mem[X,0x00000000800007AC] -> 0x0001
[539] [M]: 0x00000000800007AC (0x0001) c.nop                                        inst_23+50

clint mtime 0x000000000000010E (mip.MTI <- 0b1, mip.STI <- 0b0)
mem[X,0x00000000800007AE] -> 0x2273
mem[X,0x00000000800007B0] -> 0x0030
[540] [M]: 0x00000000800007AE (0x00302273) csrrs x4, fcsr, x0                       inst_23+52
CSR fcsr (0x003) -> 0x0000000000000000
x4 <- 0x0000000000000000

mem[X,0x00000000800007B2] -> 0xB827
mem[X,0x00000000800007B4] -> 0x1680
[541] [M]: 0x00000000800007B2 (0x1680B827) fsd f8, 0x170(x1)                        inst_23+56
mem[W,0x0000000080003288] <- 0xABECAFEBBABECAFE

clint mtime 0x000000000000010F (mip.MTI <- 0b1, mip.STI <- 0b0)
mem[X,0x00000000800007B6] -> 0xBC23
mem[X,0x00000000800007B8] -> 0x1640
[542] [M]: 0x00000000800007B6 (0x1640BC23) sd x4, 0x178(x1)                         inst_23+60
mem[W,0x0000000080003290] <- 0x0000000000000000

mem[X,0x00000000800007BA] -> 0x0013
mem[X,0x00000000800007BC] -> 0x0000
[543] [M]: 0x00000000800007BA (0x00000013) addi x0, x0, 0x0                         inst_24+0

clint mtime 0x0000000000000110 (mip.MTI <- 0b1, mip.STI <- 0b0)
mem[X,0x00000000800007BE] -> 0x0001
[544] [M]: 0x00000000800007BE (0x0001) c.nop                                        inst_24+4

mem[X,0x00000000800007C0] -> 0x2117
mem[X,0x00000000800007C2] -> 0x0000
[545] [M]: 0x00000000800007C0 (0x00002117) auipc x2, 0x2                            inst_24+6
x2 <- 0x00000000800027C0

clint mtime 0x0000000000000111 (mip.MTI <- 0b1, mip.STI <- 0b0)
mem[X,0x00000000800007C4] -> 0x0113
mem[X,0x00000000800007C6] -> 0x8401
[546] [M]: 0x00000000800007C4 (0x84010113) addi x2, x2, -0x7c0                      inst_24+10
x2 <- 0x0000000080002000

mem[X,0x00000000800007C8] -> 0x0013
mem[X,0x00000000800007CA] -> 0x0000
[547] [M]: 0x00000000800007C8 (0x00000013) addi x0, x0, 0x0                         inst_24+14

clint mtime 0x0000000000000112 (mip.MTI <- 0b1, mip.STI <- 0b0)
mem[X,0x00000000800007CC] -> 0x0013
mem[X,0x00000000800007CE] -> 0x0000
[548] [M]: 0x00000000800007CC (0x00000013) addi x0, x0, 0x0                         inst_24+18

mem[X,0x00000000800007D0] -> 0x0013
mem[X,0x00000000800007D2] -> 0x0000
[549] [M]: 0x00000000800007D0 (0x00000013) addi x0, x0, 0x0                         inst_24+22

clint mtime 0x0000000000000113 (mip.MTI <- 0b1, mip.STI <- 0b0)
mem[X,0x00000000800007D4] -> 0x0013
mem[X,0x00000000800007D6] -> 0x0000
[550] [M]: 0x00000000800007D4 (0x00000013) addi x0, x0, 0x0                         inst_24+26

mem[X,0x00000000800007D8] -> 0x0013
mem[X,0x00000000800007DA] -> 0x0000
[551] [M]: 0x00000000800007D8 (0x00000013) addi x0, x0, 0x0                         inst_24+30

clint mtime 0x0000000000000114 (mip.MTI <- 0b1, mip.STI <- 0b0)
mem[X,0x00000000800007DC] -> 0x0013
mem[X,0x00000000800007DE] -> 0x0000
[552] [M]: 0x00000000800007DC (0x00000013) addi x0, x0, 0x0                         inst_24+34

mem[X,0x00000000800007E0] -> 0x0193
mem[X,0x00000000800007E2] -> 0x0000
[553] [M]: 0x00000000800007E0 (0x00000193) addi x3, x0, 0x0                         inst_24+38
x3 <- 0x0000000000000000

clint mtime 0x0000000000000115 (mip.MTI <- 0b1, mip.STI <- 0b0)
mem[X,0x00000000800007E4] -> 0x9073
mem[X,0x00000000800007E6] -> 0x0031
[554] [M]: 0x00000000800007E4 (0x00319073) csrrw x0, fcsr, x3                       inst_24+42
CSR mstatus (0x300) <- 0x8000000A00006000
CSR fcsr (0x003) <- 0x0000000000000000

mem[X,0x00000000800007E8] -> 0x2382
[555] [M]: 0x00000000800007E8 (0x2382) c.fldsp f7, 0x0(x2)                          inst_24+46
mem[R,0x0000000080002000] -> 0xABECAFEBBABECAFE
f7 <- 0xABECAFEBBABECAFE
CSR mstatus (0x300) <- 0x8000000A00006000

clint mtime 0x0000000000000116 (mip.MTI <- 0b1, mip.STI <- 0b0)
mem[X,0x00000000800007EA] -> 0x0001
[556] [M]: 0x00000000800007EA (0x0001) c.nop                                        inst_24+48

mem[X,0x00000000800007EC] -> 0x0001
[557] [M]: 0x00000000800007EC (0x0001) c.nop                                        inst_24+50

clint mtime 0x0000000000000117 (mip.MTI <- 0b1, mip.STI <- 0b0)
mem[X,0x00000000800007EE] -> 0x2273
mem[X,0x00000000800007F0] -> 0x0030
[558] [M]: 0x00000000800007EE (0x00302273) csrrs x4, fcsr, x0                       inst_24+52
CSR fcsr (0x003) -> 0x0000000000000000
x4 <- 0x0000000000000000

mem[X,0x00000000800007F2] -> 0xB027
mem[X,0x00000000800007F4] -> 0x1870
[559] [M]: 0x00000000800007F2 (0x1870B027) fsd f7, 0x180(x1)                        inst_24+56
mem[W,0x0000000080003298] <- 0xABECAFEBBABECAFE

clint mtime 0x0000000000000118 (mip.MTI <- 0b1, mip.STI <- 0b0)
mem[X,0x00000000800007F6] -> 0xB423
mem[X,0x00000000800007F8] -> 0x1840
[560] [M]: 0x00000000800007F6 (0x1840B423) sd x4, 0x188(x1)                         inst_24+60
mem[W,0x00000000800032A0] <- 0x0000000000000000

mem[X,0x00000000800007FA] -> 0x0013
mem[X,0x00000000800007FC] -> 0x0000
[561] [M]: 0x00000000800007FA (0x00000013) addi x0, x0, 0x0                         inst_25+0

clint mtime 0x0000000000000119 (mip.MTI <- 0b1, mip.STI <- 0b0)
mem[X,0x00000000800007FE] -> 0x0001
[562] [M]: 0x00000000800007FE (0x0001) c.nop                                        inst_25+4

mem[X,0x0000000080000800] -> 0x2117
mem[X,0x0000000080000802] -> 0x0000
[563] [M]: 0x0000000080000800 (0x00002117) auipc x2, 0x2                            inst_25+6
x2 <- 0x0000000080002800

clint mtime 0x000000000000011A (mip.MTI <- 0b1, mip.STI <- 0b0)
mem[X,0x0000000080000804] -> 0x0113
mem[X,0x0000000080000806] -> 0x8001
[564] [M]: 0x0000000080000804 (0x80010113) addi x2, x2, -0x800                      inst_25+10
x2 <- 0x0000000080002000

mem[X,0x0000000080000808] -> 0x0013
mem[X,0x000000008000080A] -> 0x0000
[565] [M]: 0x0000000080000808 (0x00000013) addi x0, x0, 0x0                         inst_25+14

clint mtime 0x000000000000011B (mip.MTI <- 0b1, mip.STI <- 0b0)
mem[X,0x000000008000080C] -> 0x0013
mem[X,0x000000008000080E] -> 0x0000
[566] [M]: 0x000000008000080C (0x00000013) addi x0, x0, 0x0                         inst_25+18

mem[X,0x0000000080000810] -> 0x0013
mem[X,0x0000000080000812] -> 0x0000
[567] [M]: 0x0000000080000810 (0x00000013) addi x0, x0, 0x0                         inst_25+22

clint mtime 0x000000000000011C (mip.MTI <- 0b1, mip.STI <- 0b0)
mem[X,0x0000000080000814] -> 0x0013
mem[X,0x0000000080000816] -> 0x0000
[568] [M]: 0x0000000080000814 (0x00000013) addi x0, x0, 0x0                         inst_25+26

mem[X,0x0000000080000818] -> 0x0013
mem[X,0x000000008000081A] -> 0x0000
[569] [M]: 0x0000000080000818 (0x00000013) addi x0, x0, 0x0                         inst_25+30

clint mtime 0x000000000000011D (mip.MTI <- 0b1, mip.STI <- 0b0)
mem[X,0x000000008000081C] -> 0x0013
mem[X,0x000000008000081E] -> 0x0000
[570] [M]: 0x000000008000081C (0x00000013) addi x0, x0, 0x0                         inst_25+34

mem[X,0x0000000080000820] -> 0x0193
mem[X,0x0000000080000822] -> 0x0000
[571] [M]: 0x0000000080000820 (0x00000193) addi x3, x0, 0x0                         inst_25+38
x3 <- 0x0000000000000000

clint mtime 0x000000000000011E (mip.MTI <- 0b1, mip.STI <- 0b0)
mem[X,0x0000000080000824] -> 0x9073
mem[X,0x0000000080000826] -> 0x0031
[572] [M]: 0x0000000080000824 (0x00319073) csrrw x0, fcsr, x3                       inst_25+42
CSR mstatus (0x300) <- 0x8000000A00006000
CSR fcsr (0x003) <- 0x0000000000000000

mem[X,0x0000000080000828] -> 0x2302
[573] [M]: 0x0000000080000828 (0x2302) c.fldsp f6, 0x0(x2)                          inst_25+46
mem[R,0x0000000080002000] -> 0xABECAFEBBABECAFE
f6 <- 0xABECAFEBBABECAFE
CSR mstatus (0x300) <- 0x8000000A00006000

clint mtime 0x000000000000011F (mip.MTI <- 0b1, mip.STI <- 0b0)
mem[X,0x000000008000082A] -> 0x0001
[574] [M]: 0x000000008000082A (0x0001) c.nop                                        inst_25+48

mem[X,0x000000008000082C] -> 0x0001
[575] [M]: 0x000000008000082C (0x0001) c.nop                                        inst_25+50

clint mtime 0x0000000000000120 (mip.MTI <- 0b1, mip.STI <- 0b0)
mem[X,0x000000008000082E] -> 0x2273
mem[X,0x0000000080000830] -> 0x0030
[576] [M]: 0x000000008000082E (0x00302273) csrrs x4, fcsr, x0                       inst_25+52
CSR fcsr (0x003) -> 0x0000000000000000
x4 <- 0x0000000000000000

mem[X,0x0000000080000832] -> 0xB827
mem[X,0x0000000080000834] -> 0x1860
[577] [M]: 0x0000000080000832 (0x1860B827) fsd f6, 0x190(x1)                        inst_25+56
mem[W,0x00000000800032A8] <- 0xABECAFEBBABECAFE

clint mtime 0x0000000000000121 (mip.MTI <- 0b1, mip.STI <- 0b0)
mem[X,0x0000000080000836] -> 0xBC23
mem[X,0x0000000080000838] -> 0x1840
[578] [M]: 0x0000000080000836 (0x1840BC23) sd x4, 0x198(x1)                         inst_25+60
mem[W,0x00000000800032B0] <- 0x0000000000000000

mem[X,0x000000008000083A] -> 0x0013
mem[X,0x000000008000083C] -> 0x0000
[579] [M]: 0x000000008000083A (0x00000013) addi x0, x0, 0x0                         inst_26+0

clint mtime 0x0000000000000122 (mip.MTI <- 0b1, mip.STI <- 0b0)
mem[X,0x000000008000083E] -> 0x0001
[580] [M]: 0x000000008000083E (0x0001) c.nop                                        inst_26+4

mem[X,0x0000000080000840] -> 0x1117
mem[X,0x0000000080000842] -> 0x0000
[581] [M]: 0x0000000080000840 (0x00001117) auipc x2, 0x1                            inst_26+6
x2 <- 0x0000000080001840

clint mtime 0x0000000000000123 (mip.MTI <- 0b1, mip.STI <- 0b0)
mem[X,0x0000000080000844] -> 0x0113
mem[X,0x0000000080000846] -> 0x7C01
[582] [M]: 0x0000000080000844 (0x7C010113) addi x2, x2, 0x7c0                       inst_26+10
x2 <- 0x0000000080002000

mem[X,0x0000000080000848] -> 0x0013
mem[X,0x000000008000084A] -> 0x0000
[583] [M]: 0x0000000080000848 (0x00000013) addi x0, x0, 0x0                         inst_26+14

clint mtime 0x0000000000000124 (mip.MTI <- 0b1, mip.STI <- 0b0)
mem[X,0x000000008000084C] -> 0x0013
mem[X,0x000000008000084E] -> 0x0000
[584] [M]: 0x000000008000084C (0x00000013) addi x0, x0, 0x0                         inst_26+18

mem[X,0x0000000080000850] -> 0x0013
mem[X,0x0000000080000852] -> 0x0000
[585] [M]: 0x0000000080000850 (0x00000013) addi x0, x0, 0x0                         inst_26+22

clint mtime 0x0000000000000125 (mip.MTI <- 0b1, mip.STI <- 0b0)
mem[X,0x0000000080000854] -> 0x0013
mem[X,0x0000000080000856] -> 0x0000
[586] [M]: 0x0000000080000854 (0x00000013) addi x0, x0, 0x0                         inst_26+26

mem[X,0x0000000080000858] -> 0x0013
mem[X,0x000000008000085A] -> 0x0000
[587] [M]: 0x0000000080000858 (0x00000013) addi x0, x0, 0x0                         inst_26+30

clint mtime 0x0000000000000126 (mip.MTI <- 0b1, mip.STI <- 0b0)
mem[X,0x000000008000085C] -> 0x0013
mem[X,0x000000008000085E] -> 0x0000
[588] [M]: 0x000000008000085C (0x00000013) addi x0, x0, 0x0                         inst_26+34

mem[X,0x0000000080000860] -> 0x0193
mem[X,0x0000000080000862] -> 0x0000
[589] [M]: 0x0000000080000860 (0x00000193) addi x3, x0, 0x0                         inst_26+38
x3 <- 0x0000000000000000

clint mtime 0x0000000000000127 (mip.MTI <- 0b1, mip.STI <- 0b0)
mem[X,0x0000000080000864] -> 0x9073
mem[X,0x0000000080000866] -> 0x0031
[590] [M]: 0x0000000080000864 (0x00319073) csrrw x0, fcsr, x3                       inst_26+42
CSR mstatus (0x300) <- 0x8000000A00006000
CSR fcsr (0x003) <- 0x0000000000000000

mem[X,0x0000000080000868] -> 0x2282
[591] [M]: 0x0000000080000868 (0x2282) c.fldsp f5, 0x0(x2)                          inst_26+46
mem[R,0x0000000080002000] -> 0xABECAFEBBABECAFE
f5 <- 0xABECAFEBBABECAFE
CSR mstatus (0x300) <- 0x8000000A00006000

clint mtime 0x0000000000000128 (mip.MTI <- 0b1, mip.STI <- 0b0)
mem[X,0x000000008000086A] -> 0x0001
[592] [M]: 0x000000008000086A (0x0001) c.nop                                        inst_26+48

mem[X,0x000000008000086C] -> 0x0001
[593] [M]: 0x000000008000086C (0x0001) c.nop                                        inst_26+50

clint mtime 0x0000000000000129 (mip.MTI <- 0b1, mip.STI <- 0b0)
mem[X,0x000000008000086E] -> 0x2273
mem[X,0x0000000080000870] -> 0x0030
[594] [M]: 0x000000008000086E (0x00302273) csrrs x4, fcsr, x0                       inst_26+52
CSR fcsr (0x003) -> 0x0000000000000000
x4 <- 0x0000000000000000

mem[X,0x0000000080000872] -> 0xB027
mem[X,0x0000000080000874] -> 0x1A50
[595] [M]: 0x0000000080000872 (0x1A50B027) fsd f5, 0x1a0(x1)                        inst_26+56
mem[W,0x00000000800032B8] <- 0xABECAFEBBABECAFE

clint mtime 0x000000000000012A (mip.MTI <- 0b1, mip.STI <- 0b0)
mem[X,0x0000000080000876] -> 0xB423
mem[X,0x0000000080000878] -> 0x1A40
[596] [M]: 0x0000000080000876 (0x1A40B423) sd x4, 0x1a8(x1)                         inst_26+60
mem[W,0x00000000800032C0] <- 0x0000000000000000

mem[X,0x000000008000087A] -> 0x0013
mem[X,0x000000008000087C] -> 0x0000
[597] [M]: 0x000000008000087A (0x00000013) addi x0, x0, 0x0                         inst_27+0

clint mtime 0x000000000000012B (mip.MTI <- 0b1, mip.STI <- 0b0)
mem[X,0x000000008000087E] -> 0x0001
[598] [M]: 0x000000008000087E (0x0001) c.nop                                        inst_27+4

mem[X,0x0000000080000880] -> 0x1117
mem[X,0x0000000080000882] -> 0x0000
[599] [M]: 0x0000000080000880 (0x00001117) auipc x2, 0x1                            inst_27+6
x2 <- 0x0000000080001880

clint mtime 0x000000000000012C (mip.MTI <- 0b1, mip.STI <- 0b0)
mem[X,0x0000000080000884] -> 0x0113
mem[X,0x0000000080000886] -> 0x7801
[600] [M]: 0x0000000080000884 (0x78010113) addi x2, x2, 0x780                       inst_27+10
x2 <- 0x0000000080002000

mem[X,0x0000000080000888] -> 0x0013
mem[X,0x000000008000088A] -> 0x0000
[601] [M]: 0x0000000080000888 (0x00000013) addi x0, x0, 0x0                         inst_27+14

clint mtime 0x000000000000012D (mip.MTI <- 0b1, mip.STI <- 0b0)
mem[X,0x000000008000088C] -> 0x0013
mem[X,0x000000008000088E] -> 0x0000
[602] [M]: 0x000000008000088C (0x00000013) addi x0, x0, 0x0                         inst_27+18

mem[X,0x0000000080000890] -> 0x0013
mem[X,0x0000000080000892] -> 0x0000
[603] [M]: 0x0000000080000890 (0x00000013) addi x0, x0, 0x0                         inst_27+22

clint mtime 0x000000000000012E (mip.MTI <- 0b1, mip.STI <- 0b0)
mem[X,0x0000000080000894] -> 0x0013
mem[X,0x0000000080000896] -> 0x0000
[604] [M]: 0x0000000080000894 (0x00000013) addi x0, x0, 0x0                         inst_27+26

mem[X,0x0000000080000898] -> 0x0013
mem[X,0x000000008000089A] -> 0x0000
[605] [M]: 0x0000000080000898 (0x00000013) addi x0, x0, 0x0                         inst_27+30

clint mtime 0x000000000000012F (mip.MTI <- 0b1, mip.STI <- 0b0)
mem[X,0x000000008000089C] -> 0x0013
mem[X,0x000000008000089E] -> 0x0000
[606] [M]: 0x000000008000089C (0x00000013) addi x0, x0, 0x0                         inst_27+34

mem[X,0x00000000800008A0] -> 0x0193
mem[X,0x00000000800008A2] -> 0x0000
[607] [M]: 0x00000000800008A0 (0x00000193) addi x3, x0, 0x0                         inst_27+38
x3 <- 0x0000000000000000

clint mtime 0x0000000000000130 (mip.MTI <- 0b1, mip.STI <- 0b0)
mem[X,0x00000000800008A4] -> 0x9073
mem[X,0x00000000800008A6] -> 0x0031
[608] [M]: 0x00000000800008A4 (0x00319073) csrrw x0, fcsr, x3                       inst_27+42
CSR mstatus (0x300) <- 0x8000000A00006000
CSR fcsr (0x003) <- 0x0000000000000000

mem[X,0x00000000800008A8] -> 0x2202
[609] [M]: 0x00000000800008A8 (0x2202) c.fldsp f4, 0x0(x2)                          inst_27+46
mem[R,0x0000000080002000] -> 0xABECAFEBBABECAFE
f4 <- 0xABECAFEBBABECAFE
CSR mstatus (0x300) <- 0x8000000A00006000

clint mtime 0x0000000000000131 (mip.MTI <- 0b1, mip.STI <- 0b0)
mem[X,0x00000000800008AA] -> 0x0001
[610] [M]: 0x00000000800008AA (0x0001) c.nop                                        inst_27+48

mem[X,0x00000000800008AC] -> 0x0001
[611] [M]: 0x00000000800008AC (0x0001) c.nop                                        inst_27+50

clint mtime 0x0000000000000132 (mip.MTI <- 0b1, mip.STI <- 0b0)
mem[X,0x00000000800008AE] -> 0x2273
mem[X,0x00000000800008B0] -> 0x0030
[612] [M]: 0x00000000800008AE (0x00302273) csrrs x4, fcsr, x0                       inst_27+52
CSR fcsr (0x003) -> 0x0000000000000000
x4 <- 0x0000000000000000

mem[X,0x00000000800008B2] -> 0xB827
mem[X,0x00000000800008B4] -> 0x1A40
[613] [M]: 0x00000000800008B2 (0x1A40B827) fsd f4, 0x1b0(x1)                        inst_27+56
mem[W,0x00000000800032C8] <- 0xABECAFEBBABECAFE

clint mtime 0x0000000000000133 (mip.MTI <- 0b1, mip.STI <- 0b0)
mem[X,0x00000000800008B6] -> 0xBC23
mem[X,0x00000000800008B8] -> 0x1A40
[614] [M]: 0x00000000800008B6 (0x1A40BC23) sd x4, 0x1b8(x1)                         inst_27+60
mem[W,0x00000000800032D0] <- 0x0000000000000000

mem[X,0x00000000800008BA] -> 0x0013
mem[X,0x00000000800008BC] -> 0x0000
[615] [M]: 0x00000000800008BA (0x00000013) addi x0, x0, 0x0                         inst_28+0

clint mtime 0x0000000000000134 (mip.MTI <- 0b1, mip.STI <- 0b0)
mem[X,0x00000000800008BE] -> 0x0001
[616] [M]: 0x00000000800008BE (0x0001) c.nop                                        inst_28+4

mem[X,0x00000000800008C0] -> 0x1117
mem[X,0x00000000800008C2] -> 0x0000
[617] [M]: 0x00000000800008C0 (0x00001117) auipc x2, 0x1                            inst_28+6
x2 <- 0x00000000800018C0

clint mtime 0x0000000000000135 (mip.MTI <- 0b1, mip.STI <- 0b0)
mem[X,0x00000000800008C4] -> 0x0113
mem[X,0x00000000800008C6] -> 0x7401
[618] [M]: 0x00000000800008C4 (0x74010113) addi x2, x2, 0x740                       inst_28+10
x2 <- 0x0000000080002000

mem[X,0x00000000800008C8] -> 0x0013
mem[X,0x00000000800008CA] -> 0x0000
[619] [M]: 0x00000000800008C8 (0x00000013) addi x0, x0, 0x0                         inst_28+14

clint mtime 0x0000000000000136 (mip.MTI <- 0b1, mip.STI <- 0b0)
mem[X,0x00000000800008CC] -> 0x0013
mem[X,0x00000000800008CE] -> 0x0000
[620] [M]: 0x00000000800008CC (0x00000013) addi x0, x0, 0x0                         inst_28+18

mem[X,0x00000000800008D0] -> 0x0013
mem[X,0x00000000800008D2] -> 0x0000
[621] [M]: 0x00000000800008D0 (0x00000013) addi x0, x0, 0x0                         inst_28+22

clint mtime 0x0000000000000137 (mip.MTI <- 0b1, mip.STI <- 0b0)
mem[X,0x00000000800008D4] -> 0x0013
mem[X,0x00000000800008D6] -> 0x0000
[622] [M]: 0x00000000800008D4 (0x00000013) addi x0, x0, 0x0                         inst_28+26

mem[X,0x00000000800008D8] -> 0x0013
mem[X,0x00000000800008DA] -> 0x0000
[623] [M]: 0x00000000800008D8 (0x00000013) addi x0, x0, 0x0                         inst_28+30

clint mtime 0x0000000000000138 (mip.MTI <- 0b1, mip.STI <- 0b0)
mem[X,0x00000000800008DC] -> 0x0013
mem[X,0x00000000800008DE] -> 0x0000
[624] [M]: 0x00000000800008DC (0x00000013) addi x0, x0, 0x0                         inst_28+34

mem[X,0x00000000800008E0] -> 0x0193
mem[X,0x00000000800008E2] -> 0x0000
[625] [M]: 0x00000000800008E0 (0x00000193) addi x3, x0, 0x0                         inst_28+38
x3 <- 0x0000000000000000

clint mtime 0x0000000000000139 (mip.MTI <- 0b1, mip.STI <- 0b0)
mem[X,0x00000000800008E4] -> 0x9073
mem[X,0x00000000800008E6] -> 0x0031
[626] [M]: 0x00000000800008E4 (0x00319073) csrrw x0, fcsr, x3                       inst_28+42
CSR mstatus (0x300) <- 0x8000000A00006000
CSR fcsr (0x003) <- 0x0000000000000000

mem[X,0x00000000800008E8] -> 0x2182
[627] [M]: 0x00000000800008E8 (0x2182) c.fldsp f3, 0x0(x2)                          inst_28+46
mem[R,0x0000000080002000] -> 0xABECAFEBBABECAFE
f3 <- 0xABECAFEBBABECAFE
CSR mstatus (0x300) <- 0x8000000A00006000

clint mtime 0x000000000000013A (mip.MTI <- 0b1, mip.STI <- 0b0)
mem[X,0x00000000800008EA] -> 0x0001
[628] [M]: 0x00000000800008EA (0x0001) c.nop                                        inst_28+48

mem[X,0x00000000800008EC] -> 0x0001
[629] [M]: 0x00000000800008EC (0x0001) c.nop                                        inst_28+50

clint mtime 0x000000000000013B (mip.MTI <- 0b1, mip.STI <- 0b0)
mem[X,0x00000000800008EE] -> 0x2273
mem[X,0x00000000800008F0] -> 0x0030
[630] [M]: 0x00000000800008EE (0x00302273) csrrs x4, fcsr, x0                       inst_28+52
CSR fcsr (0x003) -> 0x0000000000000000
x4 <- 0x0000000000000000

mem[X,0x00000000800008F2] -> 0xB027
mem[X,0x00000000800008F4] -> 0x1C30
[631] [M]: 0x00000000800008F2 (0x1C30B027) fsd f3, 0x1c0(x1)                        inst_28+56
mem[W,0x00000000800032D8] <- 0xABECAFEBBABECAFE

clint mtime 0x000000000000013C (mip.MTI <- 0b1, mip.STI <- 0b0)
mem[X,0x00000000800008F6] -> 0xB423
mem[X,0x00000000800008F8] -> 0x1C40
[632] [M]: 0x00000000800008F6 (0x1C40B423) sd x4, 0x1c8(x1)                         inst_28+60
mem[W,0x00000000800032E0] <- 0x0000000000000000

mem[X,0x00000000800008FA] -> 0x0013
mem[X,0x00000000800008FC] -> 0x0000
[633] [M]: 0x00000000800008FA (0x00000013) addi x0, x0, 0x0                         inst_29+0

clint mtime 0x000000000000013D (mip.MTI <- 0b1, mip.STI <- 0b0)
mem[X,0x00000000800008FE] -> 0x0001
[634] [M]: 0x00000000800008FE (0x0001) c.nop                                        inst_29+4

mem[X,0x0000000080000900] -> 0x1117
mem[X,0x0000000080000902] -> 0x0000
[635] [M]: 0x0000000080000900 (0x00001117) auipc x2, 0x1                            inst_29+6
x2 <- 0x0000000080001900

clint mtime 0x000000000000013E (mip.MTI <- 0b1, mip.STI <- 0b0)
mem[X,0x0000000080000904] -> 0x0113
mem[X,0x0000000080000906] -> 0x7001
[636] [M]: 0x0000000080000904 (0x70010113) addi x2, x2, 0x700                       inst_29+10
x2 <- 0x0000000080002000

mem[X,0x0000000080000908] -> 0x0013
mem[X,0x000000008000090A] -> 0x0000
[637] [M]: 0x0000000080000908 (0x00000013) addi x0, x0, 0x0                         inst_29+14

clint mtime 0x000000000000013F (mip.MTI <- 0b1, mip.STI <- 0b0)
mem[X,0x000000008000090C] -> 0x0013
mem[X,0x000000008000090E] -> 0x0000
[638] [M]: 0x000000008000090C (0x00000013) addi x0, x0, 0x0                         inst_29+18

mem[X,0x0000000080000910] -> 0x0013
mem[X,0x0000000080000912] -> 0x0000
[639] [M]: 0x0000000080000910 (0x00000013) addi x0, x0, 0x0                         inst_29+22

clint mtime 0x0000000000000140 (mip.MTI <- 0b1, mip.STI <- 0b0)
mem[X,0x0000000080000914] -> 0x0013
mem[X,0x0000000080000916] -> 0x0000
[640] [M]: 0x0000000080000914 (0x00000013) addi x0, x0, 0x0                         inst_29+26

mem[X,0x0000000080000918] -> 0x0013
mem[X,0x000000008000091A] -> 0x0000
[641] [M]: 0x0000000080000918 (0x00000013) addi x0, x0, 0x0                         inst_29+30

clint mtime 0x0000000000000141 (mip.MTI <- 0b1, mip.STI <- 0b0)
mem[X,0x000000008000091C] -> 0x0013
mem[X,0x000000008000091E] -> 0x0000
[642] [M]: 0x000000008000091C (0x00000013) addi x0, x0, 0x0                         inst_29+34

mem[X,0x0000000080000920] -> 0x0193
mem[X,0x0000000080000922] -> 0x0000
[643] [M]: 0x0000000080000920 (0x00000193) addi x3, x0, 0x0                         inst_29+38
x3 <- 0x0000000000000000

clint mtime 0x0000000000000142 (mip.MTI <- 0b1, mip.STI <- 0b0)
mem[X,0x0000000080000924] -> 0x9073
mem[X,0x0000000080000926] -> 0x0031
[644] [M]: 0x0000000080000924 (0x00319073) csrrw x0, fcsr, x3                       inst_29+42
CSR mstatus (0x300) <- 0x8000000A00006000
CSR fcsr (0x003) <- 0x0000000000000000

mem[X,0x0000000080000928] -> 0x2102
[645] [M]: 0x0000000080000928 (0x2102) c.fldsp f2, 0x0(x2)                          inst_29+46
mem[R,0x0000000080002000] -> 0xABECAFEBBABECAFE
f2 <- 0xABECAFEBBABECAFE
CSR mstatus (0x300) <- 0x8000000A00006000

clint mtime 0x0000000000000143 (mip.MTI <- 0b1, mip.STI <- 0b0)
mem[X,0x000000008000092A] -> 0x0001
[646] [M]: 0x000000008000092A (0x0001) c.nop                                        inst_29+48

mem[X,0x000000008000092C] -> 0x0001
[647] [M]: 0x000000008000092C (0x0001) c.nop                                        inst_29+50

clint mtime 0x0000000000000144 (mip.MTI <- 0b1, mip.STI <- 0b0)
mem[X,0x000000008000092E] -> 0x2273
mem[X,0x0000000080000930] -> 0x0030
[648] [M]: 0x000000008000092E (0x00302273) csrrs x4, fcsr, x0                       inst_29+52
CSR fcsr (0x003) -> 0x0000000000000000
x4 <- 0x0000000000000000

mem[X,0x0000000080000932] -> 0xB827
mem[X,0x0000000080000934] -> 0x1C20
[649] [M]: 0x0000000080000932 (0x1C20B827) fsd f2, 0x1d0(x1)                        inst_29+56
mem[W,0x00000000800032E8] <- 0xABECAFEBBABECAFE

clint mtime 0x0000000000000145 (mip.MTI <- 0b1, mip.STI <- 0b0)
mem[X,0x0000000080000936] -> 0xBC23
mem[X,0x0000000080000938] -> 0x1C40
[650] [M]: 0x0000000080000936 (0x1C40BC23) sd x4, 0x1d8(x1)                         inst_29+60
mem[W,0x00000000800032F0] <- 0x0000000000000000

mem[X,0x000000008000093A] -> 0x0013
mem[X,0x000000008000093C] -> 0x0000
[651] [M]: 0x000000008000093A (0x00000013) addi x0, x0, 0x0                         inst_30+0

clint mtime 0x0000000000000146 (mip.MTI <- 0b1, mip.STI <- 0b0)
mem[X,0x000000008000093E] -> 0x0001
[652] [M]: 0x000000008000093E (0x0001) c.nop                                        inst_30+4

mem[X,0x0000000080000940] -> 0x1117
mem[X,0x0000000080000942] -> 0x0000
[653] [M]: 0x0000000080000940 (0x00001117) auipc x2, 0x1                            inst_30+6
x2 <- 0x0000000080001940

clint mtime 0x0000000000000147 (mip.MTI <- 0b1, mip.STI <- 0b0)
mem[X,0x0000000080000944] -> 0x0113
mem[X,0x0000000080000946] -> 0x6C01
[654] [M]: 0x0000000080000944 (0x6C010113) addi x2, x2, 0x6c0                       inst_30+10
x2 <- 0x0000000080002000

mem[X,0x0000000080000948] -> 0x0013
mem[X,0x000000008000094A] -> 0x0000
[655] [M]: 0x0000000080000948 (0x00000013) addi x0, x0, 0x0                         inst_30+14

clint mtime 0x0000000000000148 (mip.MTI <- 0b1, mip.STI <- 0b0)
mem[X,0x000000008000094C] -> 0x0013
mem[X,0x000000008000094E] -> 0x0000
[656] [M]: 0x000000008000094C (0x00000013) addi x0, x0, 0x0                         inst_30+18

mem[X,0x0000000080000950] -> 0x0013
mem[X,0x0000000080000952] -> 0x0000
[657] [M]: 0x0000000080000950 (0x00000013) addi x0, x0, 0x0                         inst_30+22

clint mtime 0x0000000000000149 (mip.MTI <- 0b1, mip.STI <- 0b0)
mem[X,0x0000000080000954] -> 0x0013
mem[X,0x0000000080000956] -> 0x0000
[658] [M]: 0x0000000080000954 (0x00000013) addi x0, x0, 0x0                         inst_30+26

mem[X,0x0000000080000958] -> 0x0013
mem[X,0x000000008000095A] -> 0x0000
[659] [M]: 0x0000000080000958 (0x00000013) addi x0, x0, 0x0                         inst_30+30

clint mtime 0x000000000000014A (mip.MTI <- 0b1, mip.STI <- 0b0)
mem[X,0x000000008000095C] -> 0x0013
mem[X,0x000000008000095E] -> 0x0000
[660] [M]: 0x000000008000095C (0x00000013) addi x0, x0, 0x0                         inst_30+34

mem[X,0x0000000080000960] -> 0x0193
mem[X,0x0000000080000962] -> 0x0000
[661] [M]: 0x0000000080000960 (0x00000193) addi x3, x0, 0x0                         inst_30+38
x3 <- 0x0000000000000000

clint mtime 0x000000000000014B (mip.MTI <- 0b1, mip.STI <- 0b0)
mem[X,0x0000000080000964] -> 0x9073
mem[X,0x0000000080000966] -> 0x0031
[662] [M]: 0x0000000080000964 (0x00319073) csrrw x0, fcsr, x3                       inst_30+42
CSR mstatus (0x300) <- 0x8000000A00006000
CSR fcsr (0x003) <- 0x0000000000000000

mem[X,0x0000000080000968] -> 0x2082
[663] [M]: 0x0000000080000968 (0x2082) c.fldsp f1, 0x0(x2)                          inst_30+46
mem[R,0x0000000080002000] -> 0xABECAFEBBABECAFE
f1 <- 0xABECAFEBBABECAFE
CSR mstatus (0x300) <- 0x8000000A00006000

clint mtime 0x000000000000014C (mip.MTI <- 0b1, mip.STI <- 0b0)
mem[X,0x000000008000096A] -> 0x0001
[664] [M]: 0x000000008000096A (0x0001) c.nop                                        inst_30+48

mem[X,0x000000008000096C] -> 0x0001
[665] [M]: 0x000000008000096C (0x0001) c.nop                                        inst_30+50

clint mtime 0x000000000000014D (mip.MTI <- 0b1, mip.STI <- 0b0)
mem[X,0x000000008000096E] -> 0x2273
mem[X,0x0000000080000970] -> 0x0030
[666] [M]: 0x000000008000096E (0x00302273) csrrs x4, fcsr, x0                       inst_30+52
CSR fcsr (0x003) -> 0x0000000000000000
x4 <- 0x0000000000000000

mem[X,0x0000000080000972] -> 0xB027
mem[X,0x0000000080000974] -> 0x1E10
[667] [M]: 0x0000000080000972 (0x1E10B027) fsd f1, 0x1e0(x1)                        inst_30+56
mem[W,0x00000000800032F8] <- 0xABECAFEBBABECAFE

clint mtime 0x000000000000014E (mip.MTI <- 0b1, mip.STI <- 0b0)
mem[X,0x0000000080000976] -> 0xB423
mem[X,0x0000000080000978] -> 0x1E40
[668] [M]: 0x0000000080000976 (0x1E40B423) sd x4, 0x1e8(x1)                         inst_30+60
mem[W,0x0000000080003300] <- 0x0000000000000000

mem[X,0x000000008000097A] -> 0x0013
mem[X,0x000000008000097C] -> 0x0000
[669] [M]: 0x000000008000097A (0x00000013) addi x0, x0, 0x0                         inst_31+0

clint mtime 0x000000000000014F (mip.MTI <- 0b1, mip.STI <- 0b0)
mem[X,0x000000008000097E] -> 0x0001
[670] [M]: 0x000000008000097E (0x0001) c.nop                                        inst_31+4

mem[X,0x0000000080000980] -> 0x1117
mem[X,0x0000000080000982] -> 0x0000
[671] [M]: 0x0000000080000980 (0x00001117) auipc x2, 0x1                            inst_31+6
x2 <- 0x0000000080001980

clint mtime 0x0000000000000150 (mip.MTI <- 0b1, mip.STI <- 0b0)
mem[X,0x0000000080000984] -> 0x0113
mem[X,0x0000000080000986] -> 0x6801
[672] [M]: 0x0000000080000984 (0x68010113) addi x2, x2, 0x680                       inst_31+10
x2 <- 0x0000000080002000

mem[X,0x0000000080000988] -> 0x0013
mem[X,0x000000008000098A] -> 0x0000
[673] [M]: 0x0000000080000988 (0x00000013) addi x0, x0, 0x0                         inst_31+14

clint mtime 0x0000000000000151 (mip.MTI <- 0b1, mip.STI <- 0b0)
mem[X,0x000000008000098C] -> 0x0013
mem[X,0x000000008000098E] -> 0x0000
[674] [M]: 0x000000008000098C (0x00000013) addi x0, x0, 0x0                         inst_31+18

mem[X,0x0000000080000990] -> 0x0013
mem[X,0x0000000080000992] -> 0x0000
[675] [M]: 0x0000000080000990 (0x00000013) addi x0, x0, 0x0                         inst_31+22

clint mtime 0x0000000000000152 (mip.MTI <- 0b1, mip.STI <- 0b0)
mem[X,0x0000000080000994] -> 0x0013
mem[X,0x0000000080000996] -> 0x0000
[676] [M]: 0x0000000080000994 (0x00000013) addi x0, x0, 0x0                         inst_31+26

mem[X,0x0000000080000998] -> 0x0013
mem[X,0x000000008000099A] -> 0x0000
[677] [M]: 0x0000000080000998 (0x00000013) addi x0, x0, 0x0                         inst_31+30

clint mtime 0x0000000000000153 (mip.MTI <- 0b1, mip.STI <- 0b0)
mem[X,0x000000008000099C] -> 0x0013
mem[X,0x000000008000099E] -> 0x0000
[678] [M]: 0x000000008000099C (0x00000013) addi x0, x0, 0x0                         inst_31+34

mem[X,0x00000000800009A0] -> 0x0193
mem[X,0x00000000800009A2] -> 0x0000
[679] [M]: 0x00000000800009A0 (0x00000193) addi x3, x0, 0x0                         inst_31+38
x3 <- 0x0000000000000000

clint mtime 0x0000000000000154 (mip.MTI <- 0b1, mip.STI <- 0b0)
mem[X,0x00000000800009A4] -> 0x9073
mem[X,0x00000000800009A6] -> 0x0031
[680] [M]: 0x00000000800009A4 (0x00319073) csrrw x0, fcsr, x3                       inst_31+42
CSR mstatus (0x300) <- 0x8000000A00006000
CSR fcsr (0x003) <- 0x0000000000000000

mem[X,0x00000000800009A8] -> 0x2002
[681] [M]: 0x00000000800009A8 (0x2002) c.fldsp f0, 0x0(x2)                          inst_31+46
mem[R,0x0000000080002000] -> 0xABECAFEBBABECAFE
f0 <- 0xABECAFEBBABECAFE
CSR mstatus (0x300) <- 0x8000000A00006000

clint mtime 0x0000000000000155 (mip.MTI <- 0b1, mip.STI <- 0b0)
mem[X,0x00000000800009AA] -> 0x0001
[682] [M]: 0x00000000800009AA (0x0001) c.nop                                        inst_31+48

mem[X,0x00000000800009AC] -> 0x0001
[683] [M]: 0x00000000800009AC (0x0001) c.nop                                        inst_31+50

clint mtime 0x0000000000000156 (mip.MTI <- 0b1, mip.STI <- 0b0)
mem[X,0x00000000800009AE] -> 0x2273
mem[X,0x00000000800009B0] -> 0x0030
[684] [M]: 0x00000000800009AE (0x00302273) csrrs x4, fcsr, x0                       inst_31+52
CSR fcsr (0x003) -> 0x0000000000000000
x4 <- 0x0000000000000000

mem[X,0x00000000800009B2] -> 0xB827
mem[X,0x00000000800009B4] -> 0x1E00
[685] [M]: 0x00000000800009B2 (0x1E00B827) fsd f0, 0x1f0(x1)                        inst_31+56
mem[W,0x0000000080003308] <- 0xABECAFEBBABECAFE

clint mtime 0x0000000000000157 (mip.MTI <- 0b1, mip.STI <- 0b0)
mem[X,0x00000000800009B6] -> 0xBC23
mem[X,0x00000000800009B8] -> 0x1E40
[686] [M]: 0x00000000800009B6 (0x1E40BC23) sd x4, 0x1f8(x1)                         inst_31+60
mem[W,0x0000000080003310] <- 0x0000000000000000

mem[X,0x00000000800009BA] -> 0x006F
mem[X,0x00000000800009BC] -> 0x0380
[687] [M]: 0x00000000800009BA (0x0380006F) jal x0, 0x38                             rvtest_code_end+0

clint mtime 0x0000000000000158 (mip.MTI <- 0b1, mip.STI <- 0b0)
mem[X,0x00000000800009F2] -> 0x4085
[688] [M]: 0x00000000800009F2 (0x4085) c.li x1, 0x1                                 exit_cleanup+0
x1 <- 0x0000000000000001

mem[X,0x00000000800009F4] -> 0x0397
mem[X,0x00000000800009F6] -> 0x0000
[689] [M]: 0x00000000800009F4 (0x00000397) auipc x7, 0x0                            exit_cleanup+2
x7 <- 0x00000000800009F4

clint mtime 0x0000000000000159 (mip.MTI <- 0b1, mip.STI <- 0b0)
mem[X,0x00000000800009F8] -> 0xA623
mem[X,0x00000000800009FA] -> 0x6013
[690] [M]: 0x00000000800009F8 (0x6013A623) sw x1, 0x60c(x7)                         exit_cleanup+6
htif[0x0000000080001000] <- 0x00000001
mem[W,0x0000000080001000] <- 0x00000001

mem[X,0x00000000800009FC] -> 0xBFE5
[691] [M]: 0x00000000800009FC (0xBFE5) c.j -0x8                                     exit_cleanup+10

clint mtime 0x000000000000015A (mip.MTI <- 0b1, mip.STI <- 0b0)
mem[X,0x00000000800009F4] -> 0x0397
mem[X,0x00000000800009F6] -> 0x0000
[692] [M]: 0x00000000800009F4 (0x00000397) auipc x7, 0x0                            exit_cleanup+2
x7 <- 0x00000000800009F4

mem[X,0x00000000800009F8] -> 0xA623
mem[X,0x00000000800009FA] -> 0x6013
[693] [M]: 0x00000000800009F8 (0x6013A623) sw x1, 0x60c(x7)                         exit_cleanup+6
htif[0x0000000080001000] <- 0x00000001
mem[W,0x0000000080001000] <- 0x00000001

clint mtime 0x000000000000015B (mip.MTI <- 0b1, mip.STI <- 0b0)
mem[X,0x00000000800009FC] -> 0xBFE5
[694] [M]: 0x00000000800009FC (0xBFE5) c.j -0x8                                     exit_cleanup+10

mem[X,0x00000000800009F4] -> 0x0397
mem[X,0x00000000800009F6] -> 0x0000
[695] [M]: 0x00000000800009F4 (0x00000397) auipc x7, 0x0                            exit_cleanup+2
x7 <- 0x00000000800009F4

clint mtime 0x000000000000015C (mip.MTI <- 0b1, mip.STI <- 0b0)
mem[X,0x00000000800009F8] -> 0xA623
mem[X,0x00000000800009FA] -> 0x6013
[696] [M]: 0x00000000800009F8 (0x6013A623) sw x1, 0x60c(x7)                         exit_cleanup+6
htif[0x0000000080001000] <- 0x00000001
htif-syscall-proxy cmd: 0x000000000001
mem[W,0x0000000080001000] <- 0x00000001

SUCCESS
