using /opt/riscv-arch-test/riscof-plugins/rv64/riscof_work/D/src/fmv.x.d_b27-01.S/ref/Reference-sail_c_simulator.signature for test-signature output.
setting signature-granularity to 8 bytes
HTIF located at 0x80001000
begin_signature: 0x80003110
end_signature: 0x80003330
Entry point: 0x80000000
CSR mstatus (0x300) <- 0x0000000A00000000
CSR misa (0x301) <- 0x800000000034112F
CSR mcause (0x342) <- 0x0000000000000000
x10 <- 0x0000000000000000
x11 <- 0x0000000000001000
mem[X,0x0000000080000000] -> 0x0837
mem[X,0x0000000080000002] -> 0x7D5C
[0] [M]: 0x0000000080000000 (0x7D5C0837) lui x16, 0x7d5c0                           rvtest_init+0
x16 <- 0x000000007D5C0000

mem[X,0x0000000080000004] -> 0x0813
mem[X,0x0000000080000006] -> 0xDDB8
[1] [M]: 0x0000000080000004 (0xDDB80813) addi x16, x16, -0x225                      rvtest_init+4
x16 <- 0x000000007D5BFDDB

clint mtime 0x0000000000000001 (mip.MTI <- 0b1, mip.STI <- 0b0)
mem[X,0x0000000080000008] -> 0x1813
mem[X,0x000000008000000A] -> 0x00B8
[2] [M]: 0x0000000080000008 (0x00B81813) slli x16, x16, 0xb                         rvtest_init+8
x16 <- 0x000003EADFEED800

mem[X,0x000000008000000C] -> 0x0813
mem[X,0x000000008000000E] -> 0x3EA8
[3] [M]: 0x000000008000000C (0x3EA80813) addi x16, x16, 0x3ea                       rvtest_init+12
x16 <- 0x000003EADFEEDBEA

clint mtime 0x0000000000000002 (mip.MTI <- 0b1, mip.STI <- 0b0)
mem[X,0x0000000080000010] -> 0x1813
mem[X,0x0000000080000012] -> 0x00B8
[4] [M]: 0x0000000080000010 (0x00B81813) slli x16, x16, 0xb                         rvtest_init+16
x16 <- 0x001F56FF76DF5000

mem[X,0x0000000080000014] -> 0x0813
mem[X,0x0000000080000016] -> 0x6FF8
[5] [M]: 0x0000000080000014 (0x6FF80813) addi x16, x16, 0x6ff                       rvtest_init+20
x16 <- 0x001F56FF76DF56FF

clint mtime 0x0000000000000003 (mip.MTI <- 0b1, mip.STI <- 0b0)
mem[X,0x0000000080000018] -> 0x1813
mem[X,0x000000008000001A] -> 0x00A8
[6] [M]: 0x0000000080000018 (0x00A81813) slli x16, x16, 0xa                         rvtest_init+24
x16 <- 0x7D5BFDDB7D5BFC00

mem[X,0x000000008000001C] -> 0x0813
mem[X,0x000000008000001E] -> 0x1DB8
[7] [M]: 0x000000008000001C (0x1DB80813) addi x16, x16, 0x1db                       rvtest_init+28
x16 <- 0x7D5BFDDB7D5BFDDB

clint mtime 0x0000000000000004 (mip.MTI <- 0b1, mip.STI <- 0b0)
mem[X,0x0000000080000020] -> 0x5893
mem[X,0x0000000080000022] -> 0x0078
[8] [M]: 0x0000000080000020 (0x00785893) srli x17, x16, 0x7                         rvtest_init+32
x17 <- 0x00FAB7FBB6FAB7FB

mem[X,0x0000000080000024] -> 0x5793
mem[X,0x0000000080000026] -> 0x0398
[9] [M]: 0x0000000080000024 (0x03985793) srli x15, x16, 0x39                        rvtest_init+36
x15 <- 0x000000000000003E

clint mtime 0x0000000000000005 (mip.MTI <- 0b1, mip.STI <- 0b0)
mem[X,0x0000000080000028] -> 0xE8B3
mem[X,0x000000008000002A] -> 0x00F8
[10] [M]: 0x0000000080000028 (0x00F8E8B3) or x17, x17, x15                          rvtest_init+40
x17 <- 0x00FAB7FBB6FAB7FF

mem[X,0x000000008000002C] -> 0xD913
mem[X,0x000000008000002E] -> 0x0078
[11] [M]: 0x000000008000002C (0x0078D913) srli x18, x17, 0x7                        rvtest_init+44
x18 <- 0x0001F56FF76DF56F

clint mtime 0x0000000000000006 (mip.MTI <- 0b1, mip.STI <- 0b0)
mem[X,0x0000000080000030] -> 0xD793
mem[X,0x0000000080000032] -> 0x0398
[12] [M]: 0x0000000080000030 (0x0398D793) srli x15, x17, 0x39                       rvtest_init+48
x15 <- 0x0000000000000000

mem[X,0x0000000080000034] -> 0x6933
mem[X,0x0000000080000036] -> 0x00F9
[13] [M]: 0x0000000080000034 (0x00F96933) or x18, x18, x15                          rvtest_init+52
x18 <- 0x0001F56FF76DF56F

clint mtime 0x0000000000000007 (mip.MTI <- 0b1, mip.STI <- 0b0)
mem[X,0x0000000080000038] -> 0x5993
mem[X,0x000000008000003A] -> 0x0079
[14] [M]: 0x0000000080000038 (0x00795993) srli x19, x18, 0x7                        rvtest_init+56
x19 <- 0x000003EADFEEDBEA

mem[X,0x000000008000003C] -> 0x5793
mem[X,0x000000008000003E] -> 0x0399
[15] [M]: 0x000000008000003C (0x03995793) srli x15, x18, 0x39                       rvtest_init+60
x15 <- 0x0000000000000000

clint mtime 0x0000000000000008 (mip.MTI <- 0b1, mip.STI <- 0b0)
mem[X,0x0000000080000040] -> 0xE9B3
mem[X,0x0000000080000042] -> 0x00F9
[16] [M]: 0x0000000080000040 (0x00F9E9B3) or x19, x19, x15                          rvtest_init+64
x19 <- 0x000003EADFEEDBEA

mem[X,0x0000000080000044] -> 0xDA13
mem[X,0x0000000080000046] -> 0x0079
[17] [M]: 0x0000000080000044 (0x0079DA13) srli x20, x19, 0x7                        rvtest_init+68
x20 <- 0x00000007D5BFDDB7

clint mtime 0x0000000000000009 (mip.MTI <- 0b1, mip.STI <- 0b0)
mem[X,0x0000000080000048] -> 0xD793
mem[X,0x000000008000004A] -> 0x0399
[18] [M]: 0x0000000080000048 (0x0399D793) srli x15, x19, 0x39                       rvtest_init+72
x15 <- 0x0000000000000000

mem[X,0x000000008000004C] -> 0x6A33
mem[X,0x000000008000004E] -> 0x00FA
[19] [M]: 0x000000008000004C (0x00FA6A33) or x20, x20, x15                          rvtest_init+76
x20 <- 0x00000007D5BFDDB7

clint mtime 0x000000000000000A (mip.MTI <- 0b1, mip.STI <- 0b0)
mem[X,0x0000000080000050] -> 0x5A93
mem[X,0x0000000080000052] -> 0x007A
[20] [M]: 0x0000000080000050 (0x007A5A93) srli x21, x20, 0x7                        rvtest_init+80
x21 <- 0x000000000FAB7FBB

mem[X,0x0000000080000054] -> 0x5793
mem[X,0x0000000080000056] -> 0x039A
[21] [M]: 0x0000000080000054 (0x039A5793) srli x15, x20, 0x39                       rvtest_init+84
x15 <- 0x0000000000000000

clint mtime 0x000000000000000B (mip.MTI <- 0b1, mip.STI <- 0b0)
mem[X,0x0000000080000058] -> 0xEAB3
mem[X,0x000000008000005A] -> 0x00FA
[22] [M]: 0x0000000080000058 (0x00FAEAB3) or x21, x21, x15                          rvtest_init+88
x21 <- 0x000000000FAB7FBB

mem[X,0x000000008000005C] -> 0xDB13
mem[X,0x000000008000005E] -> 0x007A
[23] [M]: 0x000000008000005C (0x007ADB13) srli x22, x21, 0x7                        rvtest_init+92
x22 <- 0x00000000001F56FF

clint mtime 0x000000000000000C (mip.MTI <- 0b1, mip.STI <- 0b0)
mem[X,0x0000000080000060] -> 0xD793
mem[X,0x0000000080000062] -> 0x039A
[24] [M]: 0x0000000080000060 (0x039AD793) srli x15, x21, 0x39                       rvtest_init+96
x15 <- 0x0000000000000000

mem[X,0x0000000080000064] -> 0x6B33
mem[X,0x0000000080000066] -> 0x00FB
[25] [M]: 0x0000000080000064 (0x00FB6B33) or x22, x22, x15                          rvtest_init+100
x22 <- 0x00000000001F56FF

clint mtime 0x000000000000000D (mip.MTI <- 0b1, mip.STI <- 0b0)
mem[X,0x0000000080000068] -> 0x5B93
mem[X,0x000000008000006A] -> 0x007B
[26] [M]: 0x0000000080000068 (0x007B5B93) srli x23, x22, 0x7                        rvtest_init+104
x23 <- 0x0000000000003EAD

mem[X,0x000000008000006C] -> 0x5793
mem[X,0x000000008000006E] -> 0x039B
[27] [M]: 0x000000008000006C (0x039B5793) srli x15, x22, 0x39                       rvtest_init+108
x15 <- 0x0000000000000000

clint mtime 0x000000000000000E (mip.MTI <- 0b1, mip.STI <- 0b0)
mem[X,0x0000000080000070] -> 0xEBB3
mem[X,0x0000000080000072] -> 0x00FB
[28] [M]: 0x0000000080000070 (0x00FBEBB3) or x23, x23, x15                          rvtest_init+112
x23 <- 0x0000000000003EAD

mem[X,0x0000000080000074] -> 0xDC13
mem[X,0x0000000080000076] -> 0x007B
[29] [M]: 0x0000000080000074 (0x007BDC13) srli x24, x23, 0x7                        rvtest_init+116
x24 <- 0x000000000000007D

clint mtime 0x000000000000000F (mip.MTI <- 0b1, mip.STI <- 0b0)
mem[X,0x0000000080000078] -> 0xD793
mem[X,0x000000008000007A] -> 0x039B
[30] [M]: 0x0000000080000078 (0x039BD793) srli x15, x23, 0x39                       rvtest_init+120
x15 <- 0x0000000000000000

mem[X,0x000000008000007C] -> 0x6C33
mem[X,0x000000008000007E] -> 0x00FC
[31] [M]: 0x000000008000007C (0x00FC6C33) or x24, x24, x15                          rvtest_init+124
x24 <- 0x000000000000007D

clint mtime 0x0000000000000010 (mip.MTI <- 0b1, mip.STI <- 0b0)
mem[X,0x0000000080000080] -> 0x5C93
mem[X,0x0000000080000082] -> 0x007C
[32] [M]: 0x0000000080000080 (0x007C5C93) srli x25, x24, 0x7                        rvtest_init+128
x25 <- 0x0000000000000000

mem[X,0x0000000080000084] -> 0x5793
mem[X,0x0000000080000086] -> 0x039C
[33] [M]: 0x0000000080000084 (0x039C5793) srli x15, x24, 0x39                       rvtest_init+132
x15 <- 0x0000000000000000

clint mtime 0x0000000000000011 (mip.MTI <- 0b1, mip.STI <- 0b0)
mem[X,0x0000000080000088] -> 0xECB3
mem[X,0x000000008000008A] -> 0x00FC
[34] [M]: 0x0000000080000088 (0x00FCECB3) or x25, x25, x15                          rvtest_init+136
x25 <- 0x0000000000000000

mem[X,0x000000008000008C] -> 0xDD13
mem[X,0x000000008000008E] -> 0x007C
[35] [M]: 0x000000008000008C (0x007CDD13) srli x26, x25, 0x7                        rvtest_init+140
x26 <- 0x0000000000000000

clint mtime 0x0000000000000012 (mip.MTI <- 0b1, mip.STI <- 0b0)
mem[X,0x0000000080000090] -> 0xD793
mem[X,0x0000000080000092] -> 0x039C
[36] [M]: 0x0000000080000090 (0x039CD793) srli x15, x25, 0x39                       rvtest_init+144
x15 <- 0x0000000000000000

mem[X,0x0000000080000094] -> 0x6D33
mem[X,0x0000000080000096] -> 0x00FD
[37] [M]: 0x0000000080000094 (0x00FD6D33) or x26, x26, x15                          rvtest_init+148
x26 <- 0x0000000000000000

clint mtime 0x0000000000000013 (mip.MTI <- 0b1, mip.STI <- 0b0)
mem[X,0x0000000080000098] -> 0x5D93
mem[X,0x000000008000009A] -> 0x007D
[38] [M]: 0x0000000080000098 (0x007D5D93) srli x27, x26, 0x7                        rvtest_init+152
x27 <- 0x0000000000000000

mem[X,0x000000008000009C] -> 0x5793
mem[X,0x000000008000009E] -> 0x039D
[39] [M]: 0x000000008000009C (0x039D5793) srli x15, x26, 0x39                       rvtest_init+156
x15 <- 0x0000000000000000

clint mtime 0x0000000000000014 (mip.MTI <- 0b1, mip.STI <- 0b0)
mem[X,0x00000000800000A0] -> 0xEDB3
mem[X,0x00000000800000A2] -> 0x00FD
[40] [M]: 0x00000000800000A0 (0x00FDEDB3) or x27, x27, x15                          rvtest_init+160
x27 <- 0x0000000000000000

mem[X,0x00000000800000A4] -> 0xDE13
mem[X,0x00000000800000A6] -> 0x007D
[41] [M]: 0x00000000800000A4 (0x007DDE13) srli x28, x27, 0x7                        rvtest_init+164
x28 <- 0x0000000000000000

clint mtime 0x0000000000000015 (mip.MTI <- 0b1, mip.STI <- 0b0)
mem[X,0x00000000800000A8] -> 0xD793
mem[X,0x00000000800000AA] -> 0x039D
[42] [M]: 0x00000000800000A8 (0x039DD793) srli x15, x27, 0x39                       rvtest_init+168
x15 <- 0x0000000000000000

mem[X,0x00000000800000AC] -> 0x6E33
mem[X,0x00000000800000AE] -> 0x00FE
[43] [M]: 0x00000000800000AC (0x00FE6E33) or x28, x28, x15                          rvtest_init+172
x28 <- 0x0000000000000000

clint mtime 0x0000000000000016 (mip.MTI <- 0b1, mip.STI <- 0b0)
mem[X,0x00000000800000B0] -> 0x5E93
mem[X,0x00000000800000B2] -> 0x007E
[44] [M]: 0x00000000800000B0 (0x007E5E93) srli x29, x28, 0x7                        rvtest_init+176
x29 <- 0x0000000000000000

mem[X,0x00000000800000B4] -> 0x5793
mem[X,0x00000000800000B6] -> 0x039E
[45] [M]: 0x00000000800000B4 (0x039E5793) srli x15, x28, 0x39                       rvtest_init+180
x15 <- 0x0000000000000000

clint mtime 0x0000000000000017 (mip.MTI <- 0b1, mip.STI <- 0b0)
mem[X,0x00000000800000B8] -> 0xEEB3
mem[X,0x00000000800000BA] -> 0x00FE
[46] [M]: 0x00000000800000B8 (0x00FEEEB3) or x29, x29, x15                          rvtest_init+184
x29 <- 0x0000000000000000

mem[X,0x00000000800000BC] -> 0xDF13
mem[X,0x00000000800000BE] -> 0x007E
[47] [M]: 0x00000000800000BC (0x007EDF13) srli x30, x29, 0x7                        rvtest_init+188
x30 <- 0x0000000000000000

clint mtime 0x0000000000000018 (mip.MTI <- 0b1, mip.STI <- 0b0)
mem[X,0x00000000800000C0] -> 0xD793
mem[X,0x00000000800000C2] -> 0x039E
[48] [M]: 0x00000000800000C0 (0x039ED793) srli x15, x29, 0x39                       rvtest_init+192
x15 <- 0x0000000000000000

mem[X,0x00000000800000C4] -> 0x6F33
mem[X,0x00000000800000C6] -> 0x00FF
[49] [M]: 0x00000000800000C4 (0x00FF6F33) or x30, x30, x15                          rvtest_init+196
x30 <- 0x0000000000000000

clint mtime 0x0000000000000019 (mip.MTI <- 0b1, mip.STI <- 0b0)
mem[X,0x00000000800000C8] -> 0xC0B7
mem[X,0x00000000800000CA] -> 0xFEED
[50] [M]: 0x00000000800000C8 (0xFEEDC0B7) lui x1, -0x1124                           rvtest_init+200
x1 <- 0xFFFFFFFFFEEDC000

mem[X,0x00000000800000CC] -> 0x8093
mem[X,0x00000000800000CE] -> 0xEAD0
[51] [M]: 0x00000000800000CC (0xEAD08093) addi x1, x1, -0x153                       rvtest_init+204
x1 <- 0xFFFFFFFFFEEDBEAD

clint mtime 0x000000000000001A (mip.MTI <- 0b1, mip.STI <- 0b0)
mem[X,0x00000000800000D0] -> 0x9093
mem[X,0x00000000800000D2] -> 0x00B0
[52] [M]: 0x00000000800000D0 (0x00B09093) slli x1, x1, 0xb                          rvtest_init+208
x1 <- 0xFFFFFFF76DF56800

mem[X,0x00000000800000D4] -> 0x8093
mem[X,0x00000000800000D6] -> 0x7F70
[53] [M]: 0x00000000800000D4 (0x7F708093) addi x1, x1, 0x7f7                        rvtest_init+212
x1 <- 0xFFFFFFF76DF56FF7

clint mtime 0x000000000000001B (mip.MTI <- 0b1, mip.STI <- 0b0)
mem[X,0x00000000800000D8] -> 0x9093
mem[X,0x00000000800000DA] -> 0x00B0
[54] [M]: 0x00000000800000D8 (0x00B09093) slli x1, x1, 0xb                          rvtest_init+216
x1 <- 0xFFFFBB6FAB7FB800

mem[X,0x00000000800000DC] -> 0x8093
mem[X,0x00000000800000DE] -> 0x36F0
[55] [M]: 0x00000000800000DC (0x36F08093) addi x1, x1, 0x36f                        rvtest_init+220
x1 <- 0xFFFFBB6FAB7FBB6F

clint mtime 0x000000000000001C (mip.MTI <- 0b1, mip.STI <- 0b0)
mem[X,0x00000000800000E0] -> 0x9093
mem[X,0x00000000800000E2] -> 0x00A0
[56] [M]: 0x00000000800000E0 (0x00A09093) slli x1, x1, 0xa                          rvtest_init+224
x1 <- 0xFEEDBEADFEEDBC00

mem[X,0x00000000800000E4] -> 0x8093
mem[X,0x00000000800000E6] -> 0x2AD0
[57] [M]: 0x00000000800000E4 (0x2AD08093) addi x1, x1, 0x2ad                        rvtest_init+228
x1 <- 0xFEEDBEADFEEDBEAD

clint mtime 0x000000000000001D (mip.MTI <- 0b1, mip.STI <- 0b0)
mem[X,0x00000000800000E8] -> 0xD113
mem[X,0x00000000800000EA] -> 0x0070
[58] [M]: 0x00000000800000E8 (0x0070D113) srli x2, x1, 0x7                          rvtest_init+232
x2 <- 0x01FDDB7D5BFDDB7D

mem[X,0x00000000800000EC] -> 0xD793
mem[X,0x00000000800000EE] -> 0x0390
[59] [M]: 0x00000000800000EC (0x0390D793) srli x15, x1, 0x39                        rvtest_init+236
x15 <- 0x000000000000007F

clint mtime 0x000000000000001E (mip.MTI <- 0b1, mip.STI <- 0b0)
mem[X,0x00000000800000F0] -> 0x6133
mem[X,0x00000000800000F2] -> 0x00F1
[60] [M]: 0x00000000800000F0 (0x00F16133) or x2, x2, x15                            rvtest_init+240
x2 <- 0x01FDDB7D5BFDDB7F

mem[X,0x00000000800000F4] -> 0x5193
mem[X,0x00000000800000F6] -> 0x0071
[61] [M]: 0x00000000800000F4 (0x00715193) srli x3, x2, 0x7                          rvtest_init+244
x3 <- 0x0003FBB6FAB7FBB6

clint mtime 0x000000000000001F (mip.MTI <- 0b1, mip.STI <- 0b0)
mem[X,0x00000000800000F8] -> 0x5793
mem[X,0x00000000800000FA] -> 0x0391
[62] [M]: 0x00000000800000F8 (0x03915793) srli x15, x2, 0x39                        rvtest_init+248
x15 <- 0x0000000000000000

mem[X,0x00000000800000FC] -> 0xE1B3
mem[X,0x00000000800000FE] -> 0x00F1
[63] [M]: 0x00000000800000FC (0x00F1E1B3) or x3, x3, x15                            rvtest_init+252
x3 <- 0x0003FBB6FAB7FBB6

clint mtime 0x0000000000000020 (mip.MTI <- 0b1, mip.STI <- 0b0)
mem[X,0x0000000080000100] -> 0xD213
mem[X,0x0000000080000102] -> 0x0071
[64] [M]: 0x0000000080000100 (0x0071D213) srli x4, x3, 0x7                          rvtest_init+256
x4 <- 0x000007F76DF56FF7

mem[X,0x0000000080000104] -> 0xD793
mem[X,0x0000000080000106] -> 0x0391
[65] [M]: 0x0000000080000104 (0x0391D793) srli x15, x3, 0x39                        rvtest_init+260
x15 <- 0x0000000000000000

clint mtime 0x0000000000000021 (mip.MTI <- 0b1, mip.STI <- 0b0)
mem[X,0x0000000080000108] -> 0x6233
mem[X,0x000000008000010A] -> 0x00F2
[66] [M]: 0x0000000080000108 (0x00F26233) or x4, x4, x15                            rvtest_init+264
x4 <- 0x000007F76DF56FF7

mem[X,0x000000008000010C] -> 0x5293
mem[X,0x000000008000010E] -> 0x0072
[67] [M]: 0x000000008000010C (0x00725293) srli x5, x4, 0x7                          rvtest_init+268
x5 <- 0x0000000FEEDBEADF

clint mtime 0x0000000000000022 (mip.MTI <- 0b1, mip.STI <- 0b0)
mem[X,0x0000000080000110] -> 0x5793
mem[X,0x0000000080000112] -> 0x0392
[68] [M]: 0x0000000080000110 (0x03925793) srli x15, x4, 0x39                        rvtest_init+272
x15 <- 0x0000000000000000

mem[X,0x0000000080000114] -> 0xE2B3
mem[X,0x0000000080000116] -> 0x00F2
[69] [M]: 0x0000000080000114 (0x00F2E2B3) or x5, x5, x15                            rvtest_init+276
x5 <- 0x0000000FEEDBEADF

clint mtime 0x0000000000000023 (mip.MTI <- 0b1, mip.STI <- 0b0)
mem[X,0x0000000080000118] -> 0xD313
mem[X,0x000000008000011A] -> 0x0072
[70] [M]: 0x0000000080000118 (0x0072D313) srli x6, x5, 0x7                          rvtest_init+280
x6 <- 0x000000001FDDB7D5

mem[X,0x000000008000011C] -> 0xD793
mem[X,0x000000008000011E] -> 0x0392
[71] [M]: 0x000000008000011C (0x0392D793) srli x15, x5, 0x39                        rvtest_init+284
x15 <- 0x0000000000000000

clint mtime 0x0000000000000024 (mip.MTI <- 0b1, mip.STI <- 0b0)
mem[X,0x0000000080000120] -> 0x6333
mem[X,0x0000000080000122] -> 0x00F3
[72] [M]: 0x0000000080000120 (0x00F36333) or x6, x6, x15                            rvtest_init+288
x6 <- 0x000000001FDDB7D5

mem[X,0x0000000080000124] -> 0x5393
mem[X,0x0000000080000126] -> 0x0073
[73] [M]: 0x0000000080000124 (0x00735393) srli x7, x6, 0x7                          rvtest_init+292
x7 <- 0x00000000003FBB6F

clint mtime 0x0000000000000025 (mip.MTI <- 0b1, mip.STI <- 0b0)
mem[X,0x0000000080000128] -> 0x5793
mem[X,0x000000008000012A] -> 0x0393
[74] [M]: 0x0000000080000128 (0x03935793) srli x15, x6, 0x39                        rvtest_init+296
x15 <- 0x0000000000000000

mem[X,0x000000008000012C] -> 0xE3B3
mem[X,0x000000008000012E] -> 0x00F3
[75] [M]: 0x000000008000012C (0x00F3E3B3) or x7, x7, x15                            rvtest_init+300
x7 <- 0x00000000003FBB6F

clint mtime 0x0000000000000026 (mip.MTI <- 0b1, mip.STI <- 0b0)
mem[X,0x0000000080000130] -> 0xD413
mem[X,0x0000000080000132] -> 0x0073
[76] [M]: 0x0000000080000130 (0x0073D413) srli x8, x7, 0x7                          rvtest_init+304
x8 <- 0x0000000000007F76

mem[X,0x0000000080000134] -> 0xD793
mem[X,0x0000000080000136] -> 0x0393
[77] [M]: 0x0000000080000134 (0x0393D793) srli x15, x7, 0x39                        rvtest_init+308
x15 <- 0x0000000000000000

clint mtime 0x0000000000000027 (mip.MTI <- 0b1, mip.STI <- 0b0)
mem[X,0x0000000080000138] -> 0x6433
mem[X,0x000000008000013A] -> 0x00F4
[78] [M]: 0x0000000080000138 (0x00F46433) or x8, x8, x15                            rvtest_init+312
x8 <- 0x0000000000007F76

mem[X,0x000000008000013C] -> 0x5493
mem[X,0x000000008000013E] -> 0x0074
[79] [M]: 0x000000008000013C (0x00745493) srli x9, x8, 0x7                          rvtest_init+316
x9 <- 0x00000000000000FE

clint mtime 0x0000000000000028 (mip.MTI <- 0b1, mip.STI <- 0b0)
mem[X,0x0000000080000140] -> 0x5793
mem[X,0x0000000080000142] -> 0x0394
[80] [M]: 0x0000000080000140 (0x03945793) srli x15, x8, 0x39                        rvtest_init+320
x15 <- 0x0000000000000000

mem[X,0x0000000080000144] -> 0xE4B3
mem[X,0x0000000080000146] -> 0x00F4
[81] [M]: 0x0000000080000144 (0x00F4E4B3) or x9, x9, x15                            rvtest_init+324
x9 <- 0x00000000000000FE

clint mtime 0x0000000000000029 (mip.MTI <- 0b1, mip.STI <- 0b0)
mem[X,0x0000000080000148] -> 0xD513
mem[X,0x000000008000014A] -> 0x0074
[82] [M]: 0x0000000080000148 (0x0074D513) srli x10, x9, 0x7                         rvtest_init+328
x10 <- 0x0000000000000001

mem[X,0x000000008000014C] -> 0xD793
mem[X,0x000000008000014E] -> 0x0394
[83] [M]: 0x000000008000014C (0x0394D793) srli x15, x9, 0x39                        rvtest_init+332
x15 <- 0x0000000000000000

clint mtime 0x000000000000002A (mip.MTI <- 0b1, mip.STI <- 0b0)
mem[X,0x0000000080000150] -> 0x6533
mem[X,0x0000000080000152] -> 0x00F5
[84] [M]: 0x0000000080000150 (0x00F56533) or x10, x10, x15                          rvtest_init+336
x10 <- 0x0000000000000001

mem[X,0x0000000080000154] -> 0x5593
mem[X,0x0000000080000156] -> 0x0075
[85] [M]: 0x0000000080000154 (0x00755593) srli x11, x10, 0x7                        rvtest_init+340
x11 <- 0x0000000000000000

clint mtime 0x000000000000002B (mip.MTI <- 0b1, mip.STI <- 0b0)
mem[X,0x0000000080000158] -> 0x5793
mem[X,0x000000008000015A] -> 0x0395
[86] [M]: 0x0000000080000158 (0x03955793) srli x15, x10, 0x39                       rvtest_init+344
x15 <- 0x0000000000000000

mem[X,0x000000008000015C] -> 0xE5B3
mem[X,0x000000008000015E] -> 0x00F5
[87] [M]: 0x000000008000015C (0x00F5E5B3) or x11, x11, x15                          rvtest_init+348
x11 <- 0x0000000000000000

clint mtime 0x000000000000002C (mip.MTI <- 0b1, mip.STI <- 0b0)
mem[X,0x0000000080000160] -> 0xD613
mem[X,0x0000000080000162] -> 0x0075
[88] [M]: 0x0000000080000160 (0x0075D613) srli x12, x11, 0x7                        rvtest_init+352
x12 <- 0x0000000000000000

mem[X,0x0000000080000164] -> 0xD793
mem[X,0x0000000080000166] -> 0x0395
[89] [M]: 0x0000000080000164 (0x0395D793) srli x15, x11, 0x39                       rvtest_init+356
x15 <- 0x0000000000000000

clint mtime 0x000000000000002D (mip.MTI <- 0b1, mip.STI <- 0b0)
mem[X,0x0000000080000168] -> 0x6633
mem[X,0x000000008000016A] -> 0x00F6
[90] [M]: 0x0000000080000168 (0x00F66633) or x12, x12, x15                          rvtest_init+360
x12 <- 0x0000000000000000

mem[X,0x000000008000016C] -> 0x5693
mem[X,0x000000008000016E] -> 0x0076
[91] [M]: 0x000000008000016C (0x00765693) srli x13, x12, 0x7                        rvtest_init+364
x13 <- 0x0000000000000000

clint mtime 0x000000000000002E (mip.MTI <- 0b1, mip.STI <- 0b0)
mem[X,0x0000000080000170] -> 0x5793
mem[X,0x0000000080000172] -> 0x0396
[92] [M]: 0x0000000080000170 (0x03965793) srli x15, x12, 0x39                       rvtest_init+368
x15 <- 0x0000000000000000

mem[X,0x0000000080000174] -> 0xE6B3
mem[X,0x0000000080000176] -> 0x00F6
[93] [M]: 0x0000000080000174 (0x00F6E6B3) or x13, x13, x15                          rvtest_init+372
x13 <- 0x0000000000000000

clint mtime 0x000000000000002F (mip.MTI <- 0b1, mip.STI <- 0b0)
mem[X,0x0000000080000178] -> 0x0513
mem[X,0x000000008000017A] -> 0x0010
[94] [M]: 0x0000000080000178 (0x00100513) addi x10, x0, 0x1                         rvtest_code_begin+0
x10 <- 0x0000000000000001

mem[X,0x000000008000017C] -> 0x1513
mem[X,0x000000008000017E] -> 0x00D5
[95] [M]: 0x000000008000017C (0x00D51513) slli x10, x10, 0xd                        rvtest_code_begin+4
x10 <- 0x0000000000002000

clint mtime 0x0000000000000030 (mip.MTI <- 0b1, mip.STI <- 0b0)
mem[X,0x0000000080000180] -> 0x2073
mem[X,0x0000000080000182] -> 0x3005
[96] [M]: 0x0000000080000180 (0x30052073) csrrs x0, mstatus, x10                    rvtest_code_begin+8
CSR mstatus (0x300) <- 0x0000000A00002000

mem[X,0x0000000080000184] -> 0x5073
mem[X,0x0000000080000186] -> 0x0030
[97] [M]: 0x0000000080000184 (0x00305073) csrrwi x0, fcsr, 0x0                      rvtest_code_begin+12
CSR mstatus (0x300) <- 0x8000000A00006000
CSR fcsr (0x003) <- 0x0000000000000000

clint mtime 0x0000000000000031 (mip.MTI <- 0b1, mip.STI <- 0b0)
mem[X,0x0000000080000188] -> 0x0013
mem[X,0x000000008000018A] -> 0x0000
[98] [M]: 0x0000000080000188 (0x00000013) addi x0, x0, 0x0                          rvtest_code_begin+16

mem[X,0x000000008000018C] -> 0x0013
mem[X,0x000000008000018E] -> 0x0000
[99] [M]: 0x000000008000018C (0x00000013) addi x0, x0, 0x0                          rvtest_code_begin+20

clint mtime 0x0000000000000032 (mip.MTI <- 0b1, mip.STI <- 0b0)
mem[X,0x0000000080000190] -> 0x0013
mem[X,0x0000000080000192] -> 0x0000
[100] [M]: 0x0000000080000190 (0x00000013) addi x0, x0, 0x0                         rvtest_code_begin+24

mem[X,0x0000000080000194] -> 0x0013
mem[X,0x0000000080000196] -> 0x0000
[101] [M]: 0x0000000080000194 (0x00000013) addi x0, x0, 0x0                         rvtest_code_begin+28

clint mtime 0x0000000000000033 (mip.MTI <- 0b1, mip.STI <- 0b0)
mem[X,0x0000000080000198] -> 0x0013
mem[X,0x000000008000019A] -> 0x0000
[102] [M]: 0x0000000080000198 (0x00000013) addi x0, x0, 0x0                         rvtest_code_begin+32

mem[X,0x000000008000019C] -> 0x0013
mem[X,0x000000008000019E] -> 0x0000
[103] [M]: 0x000000008000019C (0x00000013) addi x0, x0, 0x0                         rvtest_code_begin+36

clint mtime 0x0000000000000034 (mip.MTI <- 0b1, mip.STI <- 0b0)
mem[X,0x00000000800001A0] -> 0x2417
mem[X,0x00000000800001A2] -> 0x0000
[104] [M]: 0x00000000800001A0 (0x00002417) auipc x8, 0x2                            rvtest_code_begin+40
x8 <- 0x00000000800021A0

mem[X,0x00000000800001A4] -> 0x0413
mem[X,0x00000000800001A6] -> 0xE704
[105] [M]: 0x00000000800001A4 (0xE7040413) addi x8, x8, -0x190                      rvtest_code_begin+44
x8 <- 0x0000000080002010

clint mtime 0x0000000000000035 (mip.MTI <- 0b1, mip.STI <- 0b0)
mem[X,0x00000000800001A8] -> 0x0013
mem[X,0x00000000800001AA] -> 0x0000
[106] [M]: 0x00000000800001A8 (0x00000013) addi x0, x0, 0x0                         rvtest_code_begin+48

mem[X,0x00000000800001AC] -> 0x0013
mem[X,0x00000000800001AE] -> 0x0000
[107] [M]: 0x00000000800001AC (0x00000013) addi x0, x0, 0x0                         rvtest_code_begin+52

clint mtime 0x0000000000000036 (mip.MTI <- 0b1, mip.STI <- 0b0)
mem[X,0x00000000800001B0] -> 0x0013
mem[X,0x00000000800001B2] -> 0x0000
[108] [M]: 0x00000000800001B0 (0x00000013) addi x0, x0, 0x0                         rvtest_code_begin+56

mem[X,0x00000000800001B4] -> 0x0013
mem[X,0x00000000800001B6] -> 0x0000
[109] [M]: 0x00000000800001B4 (0x00000013) addi x0, x0, 0x0                         rvtest_code_begin+60

clint mtime 0x0000000000000037 (mip.MTI <- 0b1, mip.STI <- 0b0)
mem[X,0x00000000800001B8] -> 0x0013
mem[X,0x00000000800001BA] -> 0x0000
[110] [M]: 0x00000000800001B8 (0x00000013) addi x0, x0, 0x0                         rvtest_code_begin+64

mem[X,0x00000000800001BC] -> 0x0013
mem[X,0x00000000800001BE] -> 0x0000
[111] [M]: 0x00000000800001BC (0x00000013) addi x0, x0, 0x0                         rvtest_code_begin+68

clint mtime 0x0000000000000038 (mip.MTI <- 0b1, mip.STI <- 0b0)
mem[X,0x00000000800001C0] -> 0x3197
mem[X,0x00000000800001C2] -> 0x0000
[112] [M]: 0x00000000800001C0 (0x00003197) auipc x3, 0x3                            rvtest_code_begin+72
x3 <- 0x00000000800031C0

mem[X,0x00000000800001C4] -> 0x8193
mem[X,0x00000000800001C6] -> 0xF581
[113] [M]: 0x00000000800001C4 (0xF5818193) addi x3, x3, -0xa8                       rvtest_code_begin+76
x3 <- 0x0000000080003118

clint mtime 0x0000000000000039 (mip.MTI <- 0b1, mip.STI <- 0b0)
mem[X,0x00000000800001C8] -> 0x0001
[114] [M]: 0x00000000800001C8 (0x0001) c.nop                                        rvtest_code_begin+80

mem[X,0x00000000800001CA] -> 0x0013
mem[X,0x00000000800001CC] -> 0x0000
[115] [M]: 0x00000000800001CA (0x00000013) addi x0, x0, 0x0                         rvtest_code_begin+82

clint mtime 0x000000000000003A (mip.MTI <- 0b1, mip.STI <- 0b0)
mem[X,0x00000000800001CE] -> 0x0013
mem[X,0x00000000800001D0] -> 0x0000
[116] [M]: 0x00000000800001CE (0x00000013) addi x0, x0, 0x0                         rvtest_code_begin+86

mem[X,0x00000000800001D2] -> 0x0013
mem[X,0x00000000800001D4] -> 0x0000
[117] [M]: 0x00000000800001D2 (0x00000013) addi x0, x0, 0x0                         rvtest_code_begin+90

clint mtime 0x000000000000003B (mip.MTI <- 0b1, mip.STI <- 0b0)
mem[X,0x00000000800001D6] -> 0x0013
mem[X,0x00000000800001D8] -> 0x0000
[118] [M]: 0x00000000800001D6 (0x00000013) addi x0, x0, 0x0                         rvtest_code_begin+94

mem[X,0x00000000800001DA] -> 0x0013
mem[X,0x00000000800001DC] -> 0x0000
[119] [M]: 0x00000000800001DA (0x00000013) addi x0, x0, 0x0                         rvtest_code_begin+98

clint mtime 0x000000000000003C (mip.MTI <- 0b1, mip.STI <- 0b0)
mem[X,0x00000000800001DE] -> 0x0001
[120] [M]: 0x00000000800001DE (0x0001) c.nop                                        rvtest_code_begin+102

mem[X,0x00000000800001E0] -> 0x3207
mem[X,0x00000000800001E2] -> 0x0004
[121] [M]: 0x00000000800001E0 (0x00043207) fld f4, 0x0(x8)                          inst_0+0
mem[R,0x0000000080002010] -> 0x7FF0000000000001
f4 <- 0x7FF0000000000001
CSR mstatus (0x300) <- 0x8000000A00006000

clint mtime 0x000000000000003D (mip.MTI <- 0b1, mip.STI <- 0b0)
mem[X,0x00000000800001E4] -> 0x0593
mem[X,0x00000000800001E6] -> 0x0000
[122] [M]: 0x00000000800001E4 (0x00000593) addi x11, x0, 0x0                        inst_0+4
x11 <- 0x0000000000000000

mem[X,0x00000000800001E8] -> 0x9073
mem[X,0x00000000800001EA] -> 0x0035
[123] [M]: 0x00000000800001E8 (0x00359073) csrrw x0, fcsr, x11                      inst_0+8
CSR mstatus (0x300) <- 0x8000000A00006000
CSR fcsr (0x003) <- 0x0000000000000000

clint mtime 0x000000000000003E (mip.MTI <- 0b1, mip.STI <- 0b0)
mem[X,0x00000000800001EC] -> 0x03D3
mem[X,0x00000000800001EE] -> 0xE202
[124] [M]: 0x00000000800001EC (0xE20203D3) fmv.x.d x7, f4                           inst_0+12
x7 <- 0x7FF0000000000001

mem[X,0x00000000800001F0] -> 0x2773
mem[X,0x00000000800001F2] -> 0x0030
[125] [M]: 0x00000000800001F0 (0x00302773) csrrs x14, fcsr, x0                      inst_0+16
CSR fcsr (0x003) -> 0x0000000000000000
x14 <- 0x0000000000000000

clint mtime 0x000000000000003F (mip.MTI <- 0b1, mip.STI <- 0b0)
mem[X,0x00000000800001F4] -> 0xB023
mem[X,0x00000000800001F6] -> 0x0071
[126] [M]: 0x00000000800001F4 (0x0071B023) sd x7, 0x0(x3)                           inst_0+20
mem[W,0x0000000080003118] <- 0x7FF0000000000001

mem[X,0x00000000800001F8] -> 0xB423
mem[X,0x00000000800001FA] -> 0x00E1
[127] [M]: 0x00000000800001F8 (0x00E1B423) sd x14, 0x8(x3)                          inst_0+24
mem[W,0x0000000080003120] <- 0x0000000000000000

clint mtime 0x0000000000000040 (mip.MTI <- 0b1, mip.STI <- 0b0)
mem[X,0x00000000800001FC] -> 0x3E07
mem[X,0x00000000800001FE] -> 0x0084
[128] [M]: 0x00000000800001FC (0x00843E07) fld f28, 0x8(x8)                         inst_1+0
mem[R,0x0000000080002018] -> 0x7FF4AAAAAAAAAAAA
f28 <- 0x7FF4AAAAAAAAAAAA
CSR mstatus (0x300) <- 0x8000000A00006000

mem[X,0x0000000080000200] -> 0x0593
mem[X,0x0000000080000202] -> 0x0000
[129] [M]: 0x0000000080000200 (0x00000593) addi x11, x0, 0x0                        inst_1+4
x11 <- 0x0000000000000000

clint mtime 0x0000000000000041 (mip.MTI <- 0b1, mip.STI <- 0b0)
mem[X,0x0000000080000204] -> 0x9073
mem[X,0x0000000080000206] -> 0x0035
[130] [M]: 0x0000000080000204 (0x00359073) csrrw x0, fcsr, x11                      inst_1+8
CSR mstatus (0x300) <- 0x8000000A00006000
CSR fcsr (0x003) <- 0x0000000000000000

mem[X,0x0000000080000208] -> 0x0ED3
mem[X,0x000000008000020A] -> 0xE20E
[131] [M]: 0x0000000080000208 (0xE20E0ED3) fmv.x.d x29, f28                         inst_1+12
x29 <- 0x7FF4AAAAAAAAAAAA

clint mtime 0x0000000000000042 (mip.MTI <- 0b1, mip.STI <- 0b0)
mem[X,0x000000008000020C] -> 0x2773
mem[X,0x000000008000020E] -> 0x0030
[132] [M]: 0x000000008000020C (0x00302773) csrrs x14, fcsr, x0                      inst_1+16
CSR fcsr (0x003) -> 0x0000000000000000
x14 <- 0x0000000000000000

mem[X,0x0000000080000210] -> 0xB823
mem[X,0x0000000080000212] -> 0x01D1
[133] [M]: 0x0000000080000210 (0x01D1B823) sd x29, 0x10(x3)                         inst_1+20
mem[W,0x0000000080003128] <- 0x7FF4AAAAAAAAAAAA

clint mtime 0x0000000000000043 (mip.MTI <- 0b1, mip.STI <- 0b0)
mem[X,0x0000000080000214] -> 0xBC23
mem[X,0x0000000080000216] -> 0x00E1
[134] [M]: 0x0000000080000214 (0x00E1BC23) sd x14, 0x18(x3)                         inst_1+24
mem[W,0x0000000080003130] <- 0x0000000000000000

mem[X,0x0000000080000218] -> 0x3287
mem[X,0x000000008000021A] -> 0x0104
[135] [M]: 0x0000000080000218 (0x01043287) fld f5, 0x10(x8)                         inst_2+0
mem[R,0x0000000080002020] -> 0x7FF8000000000001
f5 <- 0x7FF8000000000001
CSR mstatus (0x300) <- 0x8000000A00006000

clint mtime 0x0000000000000044 (mip.MTI <- 0b1, mip.STI <- 0b0)
mem[X,0x000000008000021C] -> 0x0593
mem[X,0x000000008000021E] -> 0x0000
[136] [M]: 0x000000008000021C (0x00000593) addi x11, x0, 0x0                        inst_2+4
x11 <- 0x0000000000000000

mem[X,0x0000000080000220] -> 0x9073
mem[X,0x0000000080000222] -> 0x0035
[137] [M]: 0x0000000080000220 (0x00359073) csrrw x0, fcsr, x11                      inst_2+8
CSR mstatus (0x300) <- 0x8000000A00006000
CSR fcsr (0x003) <- 0x0000000000000000

clint mtime 0x0000000000000045 (mip.MTI <- 0b1, mip.STI <- 0b0)
mem[X,0x0000000080000224] -> 0x8053
mem[X,0x0000000080000226] -> 0xE202
[138] [M]: 0x0000000080000224 (0xE2028053) fmv.x.d x0, f5                           inst_2+12

mem[X,0x0000000080000228] -> 0x2773
mem[X,0x000000008000022A] -> 0x0030
[139] [M]: 0x0000000080000228 (0x00302773) csrrs x14, fcsr, x0                      inst_2+16
CSR fcsr (0x003) -> 0x0000000000000000
x14 <- 0x0000000000000000

clint mtime 0x0000000000000046 (mip.MTI <- 0b1, mip.STI <- 0b0)
mem[X,0x000000008000022C] -> 0xB023
mem[X,0x000000008000022E] -> 0x0201
[140] [M]: 0x000000008000022C (0x0201B023) sd x0, 0x20(x3)                          inst_2+20
mem[W,0x0000000080003138] <- 0x0000000000000000

mem[X,0x0000000080000230] -> 0xB423
mem[X,0x0000000080000232] -> 0x02E1
[141] [M]: 0x0000000080000230 (0x02E1B423) sd x14, 0x28(x3)                         inst_2+24
mem[W,0x0000000080003140] <- 0x0000000000000000

clint mtime 0x0000000000000047 (mip.MTI <- 0b1, mip.STI <- 0b0)
mem[X,0x0000000080000234] -> 0x3787
mem[X,0x0000000080000236] -> 0x0184
[142] [M]: 0x0000000080000234 (0x01843787) fld f15, 0x18(x8)                        inst_3+0
mem[R,0x0000000080002028] -> 0x7FFC000000000001
f15 <- 0x7FFC000000000001
CSR mstatus (0x300) <- 0x8000000A00006000

mem[X,0x0000000080000238] -> 0x0593
mem[X,0x000000008000023A] -> 0x0000
[143] [M]: 0x0000000080000238 (0x00000593) addi x11, x0, 0x0                        inst_3+4
x11 <- 0x0000000000000000

clint mtime 0x0000000000000048 (mip.MTI <- 0b1, mip.STI <- 0b0)
mem[X,0x000000008000023C] -> 0x9073
mem[X,0x000000008000023E] -> 0x0035
[144] [M]: 0x000000008000023C (0x00359073) csrrw x0, fcsr, x11                      inst_3+8
CSR mstatus (0x300) <- 0x8000000A00006000
CSR fcsr (0x003) <- 0x0000000000000000

mem[X,0x0000000080000240] -> 0x8353
mem[X,0x0000000080000242] -> 0xE207
[145] [M]: 0x0000000080000240 (0xE2078353) fmv.x.d x6, f15                          inst_3+12
x6 <- 0x7FFC000000000001

clint mtime 0x0000000000000049 (mip.MTI <- 0b1, mip.STI <- 0b0)
mem[X,0x0000000080000244] -> 0x2773
mem[X,0x0000000080000246] -> 0x0030
[146] [M]: 0x0000000080000244 (0x00302773) csrrs x14, fcsr, x0                      inst_3+16
CSR fcsr (0x003) -> 0x0000000000000000
x14 <- 0x0000000000000000

mem[X,0x0000000080000248] -> 0xB823
mem[X,0x000000008000024A] -> 0x0261
[147] [M]: 0x0000000080000248 (0x0261B823) sd x6, 0x30(x3)                          inst_3+20
mem[W,0x0000000080003148] <- 0x7FFC000000000001

clint mtime 0x000000000000004A (mip.MTI <- 0b1, mip.STI <- 0b0)
mem[X,0x000000008000024C] -> 0xBC23
mem[X,0x000000008000024E] -> 0x02E1
[148] [M]: 0x000000008000024C (0x02E1BC23) sd x14, 0x38(x3)                         inst_3+24
mem[W,0x0000000080003150] <- 0x0000000000000000

mem[X,0x0000000080000250] -> 0x3807
mem[X,0x0000000080000252] -> 0x0204
[149] [M]: 0x0000000080000250 (0x02043807) fld f16, 0x20(x8)                        inst_4+0
mem[R,0x0000000080002030] -> 0xFFF0000000000001
f16 <- 0xFFF0000000000001
CSR mstatus (0x300) <- 0x8000000A00006000

clint mtime 0x000000000000004B (mip.MTI <- 0b1, mip.STI <- 0b0)
mem[X,0x0000000080000254] -> 0x0593
mem[X,0x0000000080000256] -> 0x0000
[150] [M]: 0x0000000080000254 (0x00000593) addi x11, x0, 0x0                        inst_4+4
x11 <- 0x0000000000000000

mem[X,0x0000000080000258] -> 0x9073
mem[X,0x000000008000025A] -> 0x0035
[151] [M]: 0x0000000080000258 (0x00359073) csrrw x0, fcsr, x11                      inst_4+8
CSR mstatus (0x300) <- 0x8000000A00006000
CSR fcsr (0x003) <- 0x0000000000000000

clint mtime 0x000000000000004C (mip.MTI <- 0b1, mip.STI <- 0b0)
mem[X,0x000000008000025C] -> 0x0953
mem[X,0x000000008000025E] -> 0xE208
[152] [M]: 0x000000008000025C (0xE2080953) fmv.x.d x18, f16                         inst_4+12
x18 <- 0xFFF0000000000001

mem[X,0x0000000080000260] -> 0x2773
mem[X,0x0000000080000262] -> 0x0030
[153] [M]: 0x0000000080000260 (0x00302773) csrrs x14, fcsr, x0                      inst_4+16
CSR fcsr (0x003) -> 0x0000000000000000
x14 <- 0x0000000000000000

clint mtime 0x000000000000004D (mip.MTI <- 0b1, mip.STI <- 0b0)
mem[X,0x0000000080000264] -> 0xB023
mem[X,0x0000000080000266] -> 0x0521
[154] [M]: 0x0000000080000264 (0x0521B023) sd x18, 0x40(x3)                         inst_4+20
mem[W,0x0000000080003158] <- 0xFFF0000000000001

mem[X,0x0000000080000268] -> 0xB423
mem[X,0x000000008000026A] -> 0x04E1
[155] [M]: 0x0000000080000268 (0x04E1B423) sd x14, 0x48(x3)                         inst_4+24
mem[W,0x0000000080003160] <- 0x0000000000000000

clint mtime 0x000000000000004E (mip.MTI <- 0b1, mip.STI <- 0b0)
mem[X,0x000000008000026C] -> 0x3007
mem[X,0x000000008000026E] -> 0x0284
[156] [M]: 0x000000008000026C (0x02843007) fld f0, 0x28(x8)                         inst_5+0
mem[R,0x0000000080002038] -> 0xFFF4AAAAAAAAAAAA
f0 <- 0xFFF4AAAAAAAAAAAA
CSR mstatus (0x300) <- 0x8000000A00006000

mem[X,0x0000000080000270] -> 0x0593
mem[X,0x0000000080000272] -> 0x0000
[157] [M]: 0x0000000080000270 (0x00000593) addi x11, x0, 0x0                        inst_5+4
x11 <- 0x0000000000000000

clint mtime 0x000000000000004F (mip.MTI <- 0b1, mip.STI <- 0b0)
mem[X,0x0000000080000274] -> 0x9073
mem[X,0x0000000080000276] -> 0x0035
[158] [M]: 0x0000000080000274 (0x00359073) csrrw x0, fcsr, x11                      inst_5+8
CSR mstatus (0x300) <- 0x8000000A00006000
CSR fcsr (0x003) <- 0x0000000000000000

mem[X,0x0000000080000278] -> 0x0D53
mem[X,0x000000008000027A] -> 0xE200
[159] [M]: 0x0000000080000278 (0xE2000D53) fmv.x.d x26, f0                          inst_5+12
x26 <- 0xFFF4AAAAAAAAAAAA

clint mtime 0x0000000000000050 (mip.MTI <- 0b1, mip.STI <- 0b0)
mem[X,0x000000008000027C] -> 0x2773
mem[X,0x000000008000027E] -> 0x0030
[160] [M]: 0x000000008000027C (0x00302773) csrrs x14, fcsr, x0                      inst_5+16
CSR fcsr (0x003) -> 0x0000000000000000
x14 <- 0x0000000000000000

mem[X,0x0000000080000280] -> 0xB823
mem[X,0x0000000080000282] -> 0x05A1
[161] [M]: 0x0000000080000280 (0x05A1B823) sd x26, 0x50(x3)                         inst_5+20
mem[W,0x0000000080003168] <- 0xFFF4AAAAAAAAAAAA

clint mtime 0x0000000000000051 (mip.MTI <- 0b1, mip.STI <- 0b0)
mem[X,0x0000000080000284] -> 0xBC23
mem[X,0x0000000080000286] -> 0x04E1
[162] [M]: 0x0000000080000284 (0x04E1BC23) sd x14, 0x58(x3)                         inst_5+24
mem[W,0x0000000080003170] <- 0x0000000000000000

mem[X,0x0000000080000288] -> 0x3B87
mem[X,0x000000008000028A] -> 0x0304
[163] [M]: 0x0000000080000288 (0x03043B87) fld f23, 0x30(x8)                        inst_6+0
mem[R,0x0000000080002040] -> 0xFFF8000000000001
f23 <- 0xFFF8000000000001
CSR mstatus (0x300) <- 0x8000000A00006000

clint mtime 0x0000000000000052 (mip.MTI <- 0b1, mip.STI <- 0b0)
mem[X,0x000000008000028C] -> 0x0593
mem[X,0x000000008000028E] -> 0x0000
[164] [M]: 0x000000008000028C (0x00000593) addi x11, x0, 0x0                        inst_6+4
x11 <- 0x0000000000000000

mem[X,0x0000000080000290] -> 0x9073
mem[X,0x0000000080000292] -> 0x0035
[165] [M]: 0x0000000080000290 (0x00359073) csrrw x0, fcsr, x11                      inst_6+8
CSR mstatus (0x300) <- 0x8000000A00006000
CSR fcsr (0x003) <- 0x0000000000000000

clint mtime 0x0000000000000053 (mip.MTI <- 0b1, mip.STI <- 0b0)
mem[X,0x0000000080000294] -> 0x86D3
mem[X,0x0000000080000296] -> 0xE20B
[166] [M]: 0x0000000080000294 (0xE20B86D3) fmv.x.d x13, f23                         inst_6+12
x13 <- 0xFFF8000000000001

mem[X,0x0000000080000298] -> 0x2773
mem[X,0x000000008000029A] -> 0x0030
[167] [M]: 0x0000000080000298 (0x00302773) csrrs x14, fcsr, x0                      inst_6+16
CSR fcsr (0x003) -> 0x0000000000000000
x14 <- 0x0000000000000000

clint mtime 0x0000000000000054 (mip.MTI <- 0b1, mip.STI <- 0b0)
mem[X,0x000000008000029C] -> 0xB023
mem[X,0x000000008000029E] -> 0x06D1
[168] [M]: 0x000000008000029C (0x06D1B023) sd x13, 0x60(x3)                         inst_6+20
mem[W,0x0000000080003178] <- 0xFFF8000000000001

mem[X,0x00000000800002A0] -> 0xB423
mem[X,0x00000000800002A2] -> 0x06E1
[169] [M]: 0x00000000800002A0 (0x06E1B423) sd x14, 0x68(x3)                         inst_6+24
mem[W,0x0000000080003180] <- 0x0000000000000000

clint mtime 0x0000000000000055 (mip.MTI <- 0b1, mip.STI <- 0b0)
mem[X,0x00000000800002A4] -> 0x3307
mem[X,0x00000000800002A6] -> 0x0384
[170] [M]: 0x00000000800002A4 (0x03843307) fld f6, 0x38(x8)                         inst_7+0
mem[R,0x0000000080002048] -> 0xFFFC000000000001
f6 <- 0xFFFC000000000001
CSR mstatus (0x300) <- 0x8000000A00006000

mem[X,0x00000000800002A8] -> 0x0593
mem[X,0x00000000800002AA] -> 0x0000
[171] [M]: 0x00000000800002A8 (0x00000593) addi x11, x0, 0x0                        inst_7+4
x11 <- 0x0000000000000000

clint mtime 0x0000000000000056 (mip.MTI <- 0b1, mip.STI <- 0b0)
mem[X,0x00000000800002AC] -> 0x9073
mem[X,0x00000000800002AE] -> 0x0035
[172] [M]: 0x00000000800002AC (0x00359073) csrrw x0, fcsr, x11                      inst_7+8
CSR mstatus (0x300) <- 0x8000000A00006000
CSR fcsr (0x003) <- 0x0000000000000000

mem[X,0x00000000800002B0] -> 0x09D3
mem[X,0x00000000800002B2] -> 0xE203
[173] [M]: 0x00000000800002B0 (0xE20309D3) fmv.x.d x19, f6                          inst_7+12
x19 <- 0xFFFC000000000001

clint mtime 0x0000000000000057 (mip.MTI <- 0b1, mip.STI <- 0b0)
mem[X,0x00000000800002B4] -> 0x2773
mem[X,0x00000000800002B6] -> 0x0030
[174] [M]: 0x00000000800002B4 (0x00302773) csrrs x14, fcsr, x0                      inst_7+16
CSR fcsr (0x003) -> 0x0000000000000000
x14 <- 0x0000000000000000

mem[X,0x00000000800002B8] -> 0xB823
mem[X,0x00000000800002BA] -> 0x0731
[175] [M]: 0x00000000800002B8 (0x0731B823) sd x19, 0x70(x3)                         inst_7+20
mem[W,0x0000000080003188] <- 0xFFFC000000000001

clint mtime 0x0000000000000058 (mip.MTI <- 0b1, mip.STI <- 0b0)
mem[X,0x00000000800002BC] -> 0xBC23
mem[X,0x00000000800002BE] -> 0x06E1
[176] [M]: 0x00000000800002BC (0x06E1BC23) sd x14, 0x78(x3)                         inst_7+24
mem[W,0x0000000080003190] <- 0x0000000000000000

mem[X,0x00000000800002C0] -> 0x3587
mem[X,0x00000000800002C2] -> 0x0404
[177] [M]: 0x00000000800002C0 (0x04043587) fld f11, 0x40(x8)                        inst_8+0
mem[R,0x0000000080002050] -> 0x0000000000000000
f11 <- 0x0000000000000000
CSR mstatus (0x300) <- 0x8000000A00006000

clint mtime 0x0000000000000059 (mip.MTI <- 0b1, mip.STI <- 0b0)
mem[X,0x00000000800002C4] -> 0x0593
mem[X,0x00000000800002C6] -> 0x0000
[178] [M]: 0x00000000800002C4 (0x00000593) addi x11, x0, 0x0                        inst_8+4
x11 <- 0x0000000000000000

mem[X,0x00000000800002C8] -> 0x9073
mem[X,0x00000000800002CA] -> 0x0035
[179] [M]: 0x00000000800002C8 (0x00359073) csrrw x0, fcsr, x11                      inst_8+8
CSR mstatus (0x300) <- 0x8000000A00006000
CSR fcsr (0x003) <- 0x0000000000000000

clint mtime 0x000000000000005A (mip.MTI <- 0b1, mip.STI <- 0b0)
mem[X,0x00000000800002CC] -> 0x8CD3
mem[X,0x00000000800002CE] -> 0xE205
[180] [M]: 0x00000000800002CC (0xE2058CD3) fmv.x.d x25, f11                         inst_8+12
x25 <- 0x0000000000000000

mem[X,0x00000000800002D0] -> 0x2773
mem[X,0x00000000800002D2] -> 0x0030
[181] [M]: 0x00000000800002D0 (0x00302773) csrrs x14, fcsr, x0                      inst_8+16
CSR fcsr (0x003) -> 0x0000000000000000
x14 <- 0x0000000000000000

clint mtime 0x000000000000005B (mip.MTI <- 0b1, mip.STI <- 0b0)
mem[X,0x00000000800002D4] -> 0xB023
mem[X,0x00000000800002D6] -> 0x0991
[182] [M]: 0x00000000800002D4 (0x0991B023) sd x25, 0x80(x3)                         inst_8+20
mem[W,0x0000000080003198] <- 0x0000000000000000

mem[X,0x00000000800002D8] -> 0xB423
mem[X,0x00000000800002DA] -> 0x08E1
[183] [M]: 0x00000000800002D8 (0x08E1B423) sd x14, 0x88(x3)                         inst_8+24
mem[W,0x00000000800031A0] <- 0x0000000000000000

clint mtime 0x000000000000005C (mip.MTI <- 0b1, mip.STI <- 0b0)
mem[X,0x00000000800002DC] -> 0x3707
mem[X,0x00000000800002DE] -> 0x0484
[184] [M]: 0x00000000800002DC (0x04843707) fld f14, 0x48(x8)                        inst_9+0
mem[R,0x0000000080002058] -> 0x0000000000000000
f14 <- 0x0000000000000000
CSR mstatus (0x300) <- 0x8000000A00006000

mem[X,0x00000000800002E0] -> 0x0593
mem[X,0x00000000800002E2] -> 0x0000
[185] [M]: 0x00000000800002E0 (0x00000593) addi x11, x0, 0x0                        inst_9+4
x11 <- 0x0000000000000000

clint mtime 0x000000000000005D (mip.MTI <- 0b1, mip.STI <- 0b0)
mem[X,0x00000000800002E4] -> 0x9073
mem[X,0x00000000800002E6] -> 0x0035
[186] [M]: 0x00000000800002E4 (0x00359073) csrrw x0, fcsr, x11                      inst_9+8
CSR mstatus (0x300) <- 0x8000000A00006000
CSR fcsr (0x003) <- 0x0000000000000000

mem[X,0x00000000800002E8] -> 0x0253
mem[X,0x00000000800002EA] -> 0xE207
[187] [M]: 0x00000000800002E8 (0xE2070253) fmv.x.d x4, f14                          inst_9+12
x4 <- 0x0000000000000000

clint mtime 0x000000000000005E (mip.MTI <- 0b1, mip.STI <- 0b0)
mem[X,0x00000000800002EC] -> 0x2773
mem[X,0x00000000800002EE] -> 0x0030
[188] [M]: 0x00000000800002EC (0x00302773) csrrs x14, fcsr, x0                      inst_9+16
CSR fcsr (0x003) -> 0x0000000000000000
x14 <- 0x0000000000000000

mem[X,0x00000000800002F0] -> 0xB823
mem[X,0x00000000800002F2] -> 0x0841
[189] [M]: 0x00000000800002F0 (0x0841B823) sd x4, 0x90(x3)                          inst_9+20
mem[W,0x00000000800031A8] <- 0x0000000000000000

clint mtime 0x000000000000005F (mip.MTI <- 0b1, mip.STI <- 0b0)
mem[X,0x00000000800002F4] -> 0xBC23
mem[X,0x00000000800002F6] -> 0x08E1
[190] [M]: 0x00000000800002F4 (0x08E1BC23) sd x14, 0x98(x3)                         inst_9+24
mem[W,0x00000000800031B0] <- 0x0000000000000000

mem[X,0x00000000800002F8] -> 0x3F07
mem[X,0x00000000800002FA] -> 0x0504
[191] [M]: 0x00000000800002F8 (0x05043F07) fld f30, 0x50(x8)                        inst_10+0
mem[R,0x0000000080002060] -> 0x0000000000000000
f30 <- 0x0000000000000000
CSR mstatus (0x300) <- 0x8000000A00006000

clint mtime 0x0000000000000060 (mip.MTI <- 0b1, mip.STI <- 0b0)
mem[X,0x00000000800002FC] -> 0x0593
mem[X,0x00000000800002FE] -> 0x0000
[192] [M]: 0x00000000800002FC (0x00000593) addi x11, x0, 0x0                        inst_10+4
x11 <- 0x0000000000000000

mem[X,0x0000000080000300] -> 0x9073
mem[X,0x0000000080000302] -> 0x0035
[193] [M]: 0x0000000080000300 (0x00359073) csrrw x0, fcsr, x11                      inst_10+8
CSR mstatus (0x300) <- 0x8000000A00006000
CSR fcsr (0x003) <- 0x0000000000000000

clint mtime 0x0000000000000061 (mip.MTI <- 0b1, mip.STI <- 0b0)
mem[X,0x0000000080000304] -> 0x0AD3
mem[X,0x0000000080000306] -> 0xE20F
[194] [M]: 0x0000000080000304 (0xE20F0AD3) fmv.x.d x21, f30                         inst_10+12
x21 <- 0x0000000000000000

mem[X,0x0000000080000308] -> 0x2773
mem[X,0x000000008000030A] -> 0x0030
[195] [M]: 0x0000000080000308 (0x00302773) csrrs x14, fcsr, x0                      inst_10+16
CSR fcsr (0x003) -> 0x0000000000000000
x14 <- 0x0000000000000000

clint mtime 0x0000000000000062 (mip.MTI <- 0b1, mip.STI <- 0b0)
mem[X,0x000000008000030C] -> 0xB023
mem[X,0x000000008000030E] -> 0x0B51
[196] [M]: 0x000000008000030C (0x0B51B023) sd x21, 0xa0(x3)                         inst_10+20
mem[W,0x00000000800031B8] <- 0x0000000000000000

mem[X,0x0000000080000310] -> 0xB423
mem[X,0x0000000080000312] -> 0x0AE1
[197] [M]: 0x0000000080000310 (0x0AE1B423) sd x14, 0xa8(x3)                         inst_10+24
mem[W,0x00000000800031C0] <- 0x0000000000000000

clint mtime 0x0000000000000063 (mip.MTI <- 0b1, mip.STI <- 0b0)
mem[X,0x0000000080000314] -> 0x3187
mem[X,0x0000000080000316] -> 0x0584
[198] [M]: 0x0000000080000314 (0x05843187) fld f3, 0x58(x8)                         inst_11+0
mem[R,0x0000000080002068] -> 0x0000000000000000
f3 <- 0x0000000000000000
CSR mstatus (0x300) <- 0x8000000A00006000

mem[X,0x0000000080000318] -> 0x0593
mem[X,0x000000008000031A] -> 0x0000
[199] [M]: 0x0000000080000318 (0x00000593) addi x11, x0, 0x0                        inst_11+4
x11 <- 0x0000000000000000

clint mtime 0x0000000000000064 (mip.MTI <- 0b1, mip.STI <- 0b0)
mem[X,0x000000008000031C] -> 0x9073
mem[X,0x000000008000031E] -> 0x0035
[200] [M]: 0x000000008000031C (0x00359073) csrrw x0, fcsr, x11                      inst_11+8
CSR mstatus (0x300) <- 0x8000000A00006000
CSR fcsr (0x003) <- 0x0000000000000000

mem[X,0x0000000080000320] -> 0x8153
mem[X,0x0000000080000322] -> 0xE201
[201] [M]: 0x0000000080000320 (0xE2018153) fmv.x.d x2, f3                           inst_11+12
x2 <- 0x0000000000000000

clint mtime 0x0000000000000065 (mip.MTI <- 0b1, mip.STI <- 0b0)
mem[X,0x0000000080000324] -> 0x2773
mem[X,0x0000000080000326] -> 0x0030
[202] [M]: 0x0000000080000324 (0x00302773) csrrs x14, fcsr, x0                      inst_11+16
CSR fcsr (0x003) -> 0x0000000000000000
x14 <- 0x0000000000000000

mem[X,0x0000000080000328] -> 0xB823
mem[X,0x000000008000032A] -> 0x0A21
[203] [M]: 0x0000000080000328 (0x0A21B823) sd x2, 0xb0(x3)                          inst_11+20
mem[W,0x00000000800031C8] <- 0x0000000000000000

clint mtime 0x0000000000000066 (mip.MTI <- 0b1, mip.STI <- 0b0)
mem[X,0x000000008000032C] -> 0xBC23
mem[X,0x000000008000032E] -> 0x0AE1
[204] [M]: 0x000000008000032C (0x0AE1BC23) sd x14, 0xb8(x3)                         inst_11+24
mem[W,0x00000000800031D0] <- 0x0000000000000000

mem[X,0x0000000080000330] -> 0x3987
mem[X,0x0000000080000332] -> 0x0604
[205] [M]: 0x0000000080000330 (0x06043987) fld f19, 0x60(x8)                        inst_12+0
mem[R,0x0000000080002070] -> 0x0000000000000000
f19 <- 0x0000000000000000
CSR mstatus (0x300) <- 0x8000000A00006000

clint mtime 0x0000000000000067 (mip.MTI <- 0b1, mip.STI <- 0b0)
mem[X,0x0000000080000334] -> 0x0593
mem[X,0x0000000080000336] -> 0x0000
[206] [M]: 0x0000000080000334 (0x00000593) addi x11, x0, 0x0                        inst_12+4
x11 <- 0x0000000000000000

mem[X,0x0000000080000338] -> 0x9073
mem[X,0x000000008000033A] -> 0x0035
[207] [M]: 0x0000000080000338 (0x00359073) csrrw x0, fcsr, x11                      inst_12+8
CSR mstatus (0x300) <- 0x8000000A00006000
CSR fcsr (0x003) <- 0x0000000000000000

clint mtime 0x0000000000000068 (mip.MTI <- 0b1, mip.STI <- 0b0)
mem[X,0x000000008000033C] -> 0x8853
mem[X,0x000000008000033E] -> 0xE209
[208] [M]: 0x000000008000033C (0xE2098853) fmv.x.d x16, f19                         inst_12+12
x16 <- 0x0000000000000000

mem[X,0x0000000080000340] -> 0x2773
mem[X,0x0000000080000342] -> 0x0030
[209] [M]: 0x0000000080000340 (0x00302773) csrrs x14, fcsr, x0                      inst_12+16
CSR fcsr (0x003) -> 0x0000000000000000
x14 <- 0x0000000000000000

clint mtime 0x0000000000000069 (mip.MTI <- 0b1, mip.STI <- 0b0)
mem[X,0x0000000080000344] -> 0xB023
mem[X,0x0000000080000346] -> 0x0D01
[210] [M]: 0x0000000080000344 (0x0D01B023) sd x16, 0xc0(x3)                         inst_12+20
mem[W,0x00000000800031D8] <- 0x0000000000000000

mem[X,0x0000000080000348] -> 0xB423
mem[X,0x000000008000034A] -> 0x0CE1
[211] [M]: 0x0000000080000348 (0x0CE1B423) sd x14, 0xc8(x3)                         inst_12+24
mem[W,0x00000000800031E0] <- 0x0000000000000000

clint mtime 0x000000000000006A (mip.MTI <- 0b1, mip.STI <- 0b0)
mem[X,0x000000008000034C] -> 0x3687
mem[X,0x000000008000034E] -> 0x0684
[212] [M]: 0x000000008000034C (0x06843687) fld f13, 0x68(x8)                        inst_13+0
mem[R,0x0000000080002078] -> 0x0000000000000000
f13 <- 0x0000000000000000
CSR mstatus (0x300) <- 0x8000000A00006000

mem[X,0x0000000080000350] -> 0x0593
mem[X,0x0000000080000352] -> 0x0000
[213] [M]: 0x0000000080000350 (0x00000593) addi x11, x0, 0x0                        inst_13+4
x11 <- 0x0000000000000000

clint mtime 0x000000000000006B (mip.MTI <- 0b1, mip.STI <- 0b0)
mem[X,0x0000000080000354] -> 0x9073
mem[X,0x0000000080000356] -> 0x0035
[214] [M]: 0x0000000080000354 (0x00359073) csrrw x0, fcsr, x11                      inst_13+8
CSR mstatus (0x300) <- 0x8000000A00006000
CSR fcsr (0x003) <- 0x0000000000000000

mem[X,0x0000000080000358] -> 0x88D3
mem[X,0x000000008000035A] -> 0xE206
[215] [M]: 0x0000000080000358 (0xE20688D3) fmv.x.d x17, f13                         inst_13+12
x17 <- 0x0000000000000000

clint mtime 0x000000000000006C (mip.MTI <- 0b1, mip.STI <- 0b0)
mem[X,0x000000008000035C] -> 0x2773
mem[X,0x000000008000035E] -> 0x0030
[216] [M]: 0x000000008000035C (0x00302773) csrrs x14, fcsr, x0                      inst_13+16
CSR fcsr (0x003) -> 0x0000000000000000
x14 <- 0x0000000000000000

mem[X,0x0000000080000360] -> 0xB823
mem[X,0x0000000080000362] -> 0x0D11
[217] [M]: 0x0000000080000360 (0x0D11B823) sd x17, 0xd0(x3)                         inst_13+20
mem[W,0x00000000800031E8] <- 0x0000000000000000

clint mtime 0x000000000000006D (mip.MTI <- 0b1, mip.STI <- 0b0)
mem[X,0x0000000080000364] -> 0xBC23
mem[X,0x0000000080000366] -> 0x0CE1
[218] [M]: 0x0000000080000364 (0x0CE1BC23) sd x14, 0xd8(x3)                         inst_13+24
mem[W,0x00000000800031F0] <- 0x0000000000000000

mem[X,0x0000000080000368] -> 0x3887
mem[X,0x000000008000036A] -> 0x0704
[219] [M]: 0x0000000080000368 (0x07043887) fld f17, 0x70(x8)                        inst_14+0
mem[R,0x0000000080002080] -> 0x0000000000000000
f17 <- 0x0000000000000000
CSR mstatus (0x300) <- 0x8000000A00006000

clint mtime 0x000000000000006E (mip.MTI <- 0b1, mip.STI <- 0b0)
mem[X,0x000000008000036C] -> 0x0593
mem[X,0x000000008000036E] -> 0x0000
[220] [M]: 0x000000008000036C (0x00000593) addi x11, x0, 0x0                        inst_14+4
x11 <- 0x0000000000000000

mem[X,0x0000000080000370] -> 0x9073
mem[X,0x0000000080000372] -> 0x0035
[221] [M]: 0x0000000080000370 (0x00359073) csrrw x0, fcsr, x11                      inst_14+8
CSR mstatus (0x300) <- 0x8000000A00006000
CSR fcsr (0x003) <- 0x0000000000000000

clint mtime 0x000000000000006F (mip.MTI <- 0b1, mip.STI <- 0b0)
mem[X,0x0000000080000374] -> 0x8553
mem[X,0x0000000080000376] -> 0xE208
[222] [M]: 0x0000000080000374 (0xE2088553) fmv.x.d x10, f17                         inst_14+12
x10 <- 0x0000000000000000

mem[X,0x0000000080000378] -> 0x2773
mem[X,0x000000008000037A] -> 0x0030
[223] [M]: 0x0000000080000378 (0x00302773) csrrs x14, fcsr, x0                      inst_14+16
CSR fcsr (0x003) -> 0x0000000000000000
x14 <- 0x0000000000000000

clint mtime 0x0000000000000070 (mip.MTI <- 0b1, mip.STI <- 0b0)
mem[X,0x000000008000037C] -> 0xB023
mem[X,0x000000008000037E] -> 0x0EA1
[224] [M]: 0x000000008000037C (0x0EA1B023) sd x10, 0xe0(x3)                         inst_14+20
mem[W,0x00000000800031F8] <- 0x0000000000000000

mem[X,0x0000000080000380] -> 0xB423
mem[X,0x0000000080000382] -> 0x0EE1
[225] [M]: 0x0000000080000380 (0x0EE1B423) sd x14, 0xe8(x3)                         inst_14+24
mem[W,0x0000000080003200] <- 0x0000000000000000

clint mtime 0x0000000000000071 (mip.MTI <- 0b1, mip.STI <- 0b0)
mem[X,0x0000000080000384] -> 0x3407
mem[X,0x0000000080000386] -> 0x0784
[226] [M]: 0x0000000080000384 (0x07843407) fld f8, 0x78(x8)                         inst_15+0
mem[R,0x0000000080002088] -> 0x0000000000000000
f8 <- 0x0000000000000000
CSR mstatus (0x300) <- 0x8000000A00006000

mem[X,0x0000000080000388] -> 0x0593
mem[X,0x000000008000038A] -> 0x0000
[227] [M]: 0x0000000080000388 (0x00000593) addi x11, x0, 0x0                        inst_15+4
x11 <- 0x0000000000000000

clint mtime 0x0000000000000072 (mip.MTI <- 0b1, mip.STI <- 0b0)
mem[X,0x000000008000038C] -> 0x9073
mem[X,0x000000008000038E] -> 0x0035
[228] [M]: 0x000000008000038C (0x00359073) csrrw x0, fcsr, x11                      inst_15+8
CSR mstatus (0x300) <- 0x8000000A00006000
CSR fcsr (0x003) <- 0x0000000000000000

mem[X,0x0000000080000390] -> 0x0DD3
mem[X,0x0000000080000392] -> 0xE204
[229] [M]: 0x0000000080000390 (0xE2040DD3) fmv.x.d x27, f8                          inst_15+12
x27 <- 0x0000000000000000

clint mtime 0x0000000000000073 (mip.MTI <- 0b1, mip.STI <- 0b0)
mem[X,0x0000000080000394] -> 0x2773
mem[X,0x0000000080000396] -> 0x0030
[230] [M]: 0x0000000080000394 (0x00302773) csrrs x14, fcsr, x0                      inst_15+16
CSR fcsr (0x003) -> 0x0000000000000000
x14 <- 0x0000000000000000

mem[X,0x0000000080000398] -> 0xB823
mem[X,0x000000008000039A] -> 0x0FB1
[231] [M]: 0x0000000080000398 (0x0FB1B823) sd x27, 0xf0(x3)                         inst_15+20
mem[W,0x0000000080003208] <- 0x0000000000000000

clint mtime 0x0000000000000074 (mip.MTI <- 0b1, mip.STI <- 0b0)
mem[X,0x000000008000039C] -> 0xBC23
mem[X,0x000000008000039E] -> 0x0EE1
[232] [M]: 0x000000008000039C (0x0EE1BC23) sd x14, 0xf8(x3)                         inst_15+24
mem[W,0x0000000080003210] <- 0x0000000000000000

mem[X,0x00000000800003A0] -> 0x3507
mem[X,0x00000000800003A2] -> 0x0804
[233] [M]: 0x00000000800003A0 (0x08043507) fld f10, 0x80(x8)                        inst_16+0
mem[R,0x0000000080002090] -> 0x0000000000000000
f10 <- 0x0000000000000000
CSR mstatus (0x300) <- 0x8000000A00006000

clint mtime 0x0000000000000075 (mip.MTI <- 0b1, mip.STI <- 0b0)
mem[X,0x00000000800003A4] -> 0x0593
mem[X,0x00000000800003A6] -> 0x0000
[234] [M]: 0x00000000800003A4 (0x00000593) addi x11, x0, 0x0                        inst_16+4
x11 <- 0x0000000000000000

mem[X,0x00000000800003A8] -> 0x9073
mem[X,0x00000000800003AA] -> 0x0035
[235] [M]: 0x00000000800003A8 (0x00359073) csrrw x0, fcsr, x11                      inst_16+8
CSR mstatus (0x300) <- 0x8000000A00006000
CSR fcsr (0x003) <- 0x0000000000000000

clint mtime 0x0000000000000076 (mip.MTI <- 0b1, mip.STI <- 0b0)
mem[X,0x00000000800003AC] -> 0x0C53
mem[X,0x00000000800003AE] -> 0xE205
[236] [M]: 0x00000000800003AC (0xE2050C53) fmv.x.d x24, f10                         inst_16+12
x24 <- 0x0000000000000000

mem[X,0x00000000800003B0] -> 0x2773
mem[X,0x00000000800003B2] -> 0x0030
[237] [M]: 0x00000000800003B0 (0x00302773) csrrs x14, fcsr, x0                      inst_16+16
CSR fcsr (0x003) -> 0x0000000000000000
x14 <- 0x0000000000000000

clint mtime 0x0000000000000077 (mip.MTI <- 0b1, mip.STI <- 0b0)
mem[X,0x00000000800003B4] -> 0xB023
mem[X,0x00000000800003B6] -> 0x1181
[238] [M]: 0x00000000800003B4 (0x1181B023) sd x24, 0x100(x3)                        inst_16+20
mem[W,0x0000000080003218] <- 0x0000000000000000

mem[X,0x00000000800003B8] -> 0xB423
mem[X,0x00000000800003BA] -> 0x10E1
[239] [M]: 0x00000000800003B8 (0x10E1B423) sd x14, 0x108(x3)                        inst_16+24
mem[W,0x0000000080003220] <- 0x0000000000000000

clint mtime 0x0000000000000078 (mip.MTI <- 0b1, mip.STI <- 0b0)
mem[X,0x00000000800003BC] -> 0x3F87
mem[X,0x00000000800003BE] -> 0x0884
[240] [M]: 0x00000000800003BC (0x08843F87) fld f31, 0x88(x8)                        inst_17+0
mem[R,0x0000000080002098] -> 0x0000000000000000
f31 <- 0x0000000000000000
CSR mstatus (0x300) <- 0x8000000A00006000

mem[X,0x00000000800003C0] -> 0x0593
mem[X,0x00000000800003C2] -> 0x0000
[241] [M]: 0x00000000800003C0 (0x00000593) addi x11, x0, 0x0                        inst_17+4
x11 <- 0x0000000000000000

clint mtime 0x0000000000000079 (mip.MTI <- 0b1, mip.STI <- 0b0)
mem[X,0x00000000800003C4] -> 0x9073
mem[X,0x00000000800003C6] -> 0x0035
[242] [M]: 0x00000000800003C4 (0x00359073) csrrw x0, fcsr, x11                      inst_17+8
CSR mstatus (0x300) <- 0x8000000A00006000
CSR fcsr (0x003) <- 0x0000000000000000

mem[X,0x00000000800003C8] -> 0x8A53
mem[X,0x00000000800003CA] -> 0xE20F
[243] [M]: 0x00000000800003C8 (0xE20F8A53) fmv.x.d x20, f31                         inst_17+12
x20 <- 0x0000000000000000

clint mtime 0x000000000000007A (mip.MTI <- 0b1, mip.STI <- 0b0)
mem[X,0x00000000800003CC] -> 0x2773
mem[X,0x00000000800003CE] -> 0x0030
[244] [M]: 0x00000000800003CC (0x00302773) csrrs x14, fcsr, x0                      inst_17+16
CSR fcsr (0x003) -> 0x0000000000000000
x14 <- 0x0000000000000000

mem[X,0x00000000800003D0] -> 0xB823
mem[X,0x00000000800003D2] -> 0x1141
[245] [M]: 0x00000000800003D0 (0x1141B823) sd x20, 0x110(x3)                        inst_17+20
mem[W,0x0000000080003228] <- 0x0000000000000000

clint mtime 0x000000000000007B (mip.MTI <- 0b1, mip.STI <- 0b0)
mem[X,0x00000000800003D4] -> 0xBC23
mem[X,0x00000000800003D6] -> 0x10E1
[246] [M]: 0x00000000800003D4 (0x10E1BC23) sd x14, 0x118(x3)                        inst_17+24
mem[W,0x0000000080003230] <- 0x0000000000000000

mem[X,0x00000000800003D8] -> 0x3B07
mem[X,0x00000000800003DA] -> 0x0904
[247] [M]: 0x00000000800003D8 (0x09043B07) fld f22, 0x90(x8)                        inst_18+0
mem[R,0x00000000800020A0] -> 0x0000000000000000
f22 <- 0x0000000000000000
CSR mstatus (0x300) <- 0x8000000A00006000

clint mtime 0x000000000000007C (mip.MTI <- 0b1, mip.STI <- 0b0)
mem[X,0x00000000800003DC] -> 0x0593
mem[X,0x00000000800003DE] -> 0x0000
[248] [M]: 0x00000000800003DC (0x00000593) addi x11, x0, 0x0                        inst_18+4
x11 <- 0x0000000000000000

mem[X,0x00000000800003E0] -> 0x9073
mem[X,0x00000000800003E2] -> 0x0035
[249] [M]: 0x00000000800003E0 (0x00359073) csrrw x0, fcsr, x11                      inst_18+8
CSR mstatus (0x300) <- 0x8000000A00006000
CSR fcsr (0x003) <- 0x0000000000000000

clint mtime 0x000000000000007D (mip.MTI <- 0b1, mip.STI <- 0b0)
mem[X,0x00000000800003E4] -> 0x0E53
mem[X,0x00000000800003E6] -> 0xE20B
[250] [M]: 0x00000000800003E4 (0xE20B0E53) fmv.x.d x28, f22                         inst_18+12
x28 <- 0x0000000000000000

mem[X,0x00000000800003E8] -> 0x2773
mem[X,0x00000000800003EA] -> 0x0030
[251] [M]: 0x00000000800003E8 (0x00302773) csrrs x14, fcsr, x0                      inst_18+16
CSR fcsr (0x003) -> 0x0000000000000000
x14 <- 0x0000000000000000

clint mtime 0x000000000000007E (mip.MTI <- 0b1, mip.STI <- 0b0)
mem[X,0x00000000800003EC] -> 0xB023
mem[X,0x00000000800003EE] -> 0x13C1
[252] [M]: 0x00000000800003EC (0x13C1B023) sd x28, 0x120(x3)                        inst_18+20
mem[W,0x0000000080003238] <- 0x0000000000000000

mem[X,0x00000000800003F0] -> 0xB423
mem[X,0x00000000800003F2] -> 0x12E1
[253] [M]: 0x00000000800003F0 (0x12E1B423) sd x14, 0x128(x3)                        inst_18+24
mem[W,0x0000000080003240] <- 0x0000000000000000

clint mtime 0x000000000000007F (mip.MTI <- 0b1, mip.STI <- 0b0)
mem[X,0x00000000800003F4] -> 0x3C87
mem[X,0x00000000800003F6] -> 0x0984
[254] [M]: 0x00000000800003F4 (0x09843C87) fld f25, 0x98(x8)                        inst_19+0
mem[R,0x00000000800020A8] -> 0x0000000000000000
f25 <- 0x0000000000000000
CSR mstatus (0x300) <- 0x8000000A00006000

mem[X,0x00000000800003F8] -> 0x0593
mem[X,0x00000000800003FA] -> 0x0000
[255] [M]: 0x00000000800003F8 (0x00000593) addi x11, x0, 0x0                        inst_19+4
x11 <- 0x0000000000000000

clint mtime 0x0000000000000080 (mip.MTI <- 0b1, mip.STI <- 0b0)
mem[X,0x00000000800003FC] -> 0x9073
mem[X,0x00000000800003FE] -> 0x0035
[256] [M]: 0x00000000800003FC (0x00359073) csrrw x0, fcsr, x11                      inst_19+8
CSR mstatus (0x300) <- 0x8000000A00006000
CSR fcsr (0x003) <- 0x0000000000000000

mem[X,0x0000000080000400] -> 0x84D3
mem[X,0x0000000080000402] -> 0xE20C
[257] [M]: 0x0000000080000400 (0xE20C84D3) fmv.x.d x9, f25                          inst_19+12
x9 <- 0x0000000000000000

clint mtime 0x0000000000000081 (mip.MTI <- 0b1, mip.STI <- 0b0)
mem[X,0x0000000080000404] -> 0x2773
mem[X,0x0000000080000406] -> 0x0030
[258] [M]: 0x0000000080000404 (0x00302773) csrrs x14, fcsr, x0                      inst_19+16
CSR fcsr (0x003) -> 0x0000000000000000
x14 <- 0x0000000000000000

mem[X,0x0000000080000408] -> 0xB823
mem[X,0x000000008000040A] -> 0x1291
[259] [M]: 0x0000000080000408 (0x1291B823) sd x9, 0x130(x3)                         inst_19+20
mem[W,0x0000000080003248] <- 0x0000000000000000

clint mtime 0x0000000000000082 (mip.MTI <- 0b1, mip.STI <- 0b0)
mem[X,0x000000008000040C] -> 0xBC23
mem[X,0x000000008000040E] -> 0x12E1
[260] [M]: 0x000000008000040C (0x12E1BC23) sd x14, 0x138(x3)                        inst_19+24
mem[W,0x0000000080003250] <- 0x0000000000000000

mem[X,0x0000000080000410] -> 0x3E87
mem[X,0x0000000080000412] -> 0x0A04
[261] [M]: 0x0000000080000410 (0x0A043E87) fld f29, 0xa0(x8)                        inst_20+0
mem[R,0x00000000800020B0] -> 0x0000000000000000
f29 <- 0x0000000000000000
CSR mstatus (0x300) <- 0x8000000A00006000

clint mtime 0x0000000000000083 (mip.MTI <- 0b1, mip.STI <- 0b0)
mem[X,0x0000000080000414] -> 0x0593
mem[X,0x0000000080000416] -> 0x0000
[262] [M]: 0x0000000080000414 (0x00000593) addi x11, x0, 0x0                        inst_20+4
x11 <- 0x0000000000000000

mem[X,0x0000000080000418] -> 0x9073
mem[X,0x000000008000041A] -> 0x0035
[263] [M]: 0x0000000080000418 (0x00359073) csrrw x0, fcsr, x11                      inst_20+8
CSR mstatus (0x300) <- 0x8000000A00006000
CSR fcsr (0x003) <- 0x0000000000000000

clint mtime 0x0000000000000084 (mip.MTI <- 0b1, mip.STI <- 0b0)
mem[X,0x000000008000041C] -> 0x80D3
mem[X,0x000000008000041E] -> 0xE20E
[264] [M]: 0x000000008000041C (0xE20E80D3) fmv.x.d x1, f29                          inst_20+12
x1 <- 0x0000000000000000

mem[X,0x0000000080000420] -> 0x2773
mem[X,0x0000000080000422] -> 0x0030
[265] [M]: 0x0000000080000420 (0x00302773) csrrs x14, fcsr, x0                      inst_20+16
CSR fcsr (0x003) -> 0x0000000000000000
x14 <- 0x0000000000000000

clint mtime 0x0000000000000085 (mip.MTI <- 0b1, mip.STI <- 0b0)
mem[X,0x0000000080000424] -> 0xB023
mem[X,0x0000000080000426] -> 0x1411
[266] [M]: 0x0000000080000424 (0x1411B023) sd x1, 0x140(x3)                         inst_20+20
mem[W,0x0000000080003258] <- 0x0000000000000000

mem[X,0x0000000080000428] -> 0xB423
mem[X,0x000000008000042A] -> 0x14E1
[267] [M]: 0x0000000080000428 (0x14E1B423) sd x14, 0x148(x3)                        inst_20+24
mem[W,0x0000000080003260] <- 0x0000000000000000

clint mtime 0x0000000000000086 (mip.MTI <- 0b1, mip.STI <- 0b0)
mem[X,0x000000008000042C] -> 0x3A87
mem[X,0x000000008000042E] -> 0x0A84
[268] [M]: 0x000000008000042C (0x0A843A87) fld f21, 0xa8(x8)                        inst_21+0
mem[R,0x00000000800020B8] -> 0x0000000000000000
f21 <- 0x0000000000000000
CSR mstatus (0x300) <- 0x8000000A00006000

mem[X,0x0000000080000430] -> 0x0593
mem[X,0x0000000080000432] -> 0x0000
[269] [M]: 0x0000000080000430 (0x00000593) addi x11, x0, 0x0                        inst_21+4
x11 <- 0x0000000000000000

clint mtime 0x0000000000000087 (mip.MTI <- 0b1, mip.STI <- 0b0)
mem[X,0x0000000080000434] -> 0x9073
mem[X,0x0000000080000436] -> 0x0035
[270] [M]: 0x0000000080000434 (0x00359073) csrrw x0, fcsr, x11                      inst_21+8
CSR mstatus (0x300) <- 0x8000000A00006000
CSR fcsr (0x003) <- 0x0000000000000000

mem[X,0x0000000080000438] -> 0x8653
mem[X,0x000000008000043A] -> 0xE20A
[271] [M]: 0x0000000080000438 (0xE20A8653) fmv.x.d x12, f21                         inst_21+12
x12 <- 0x0000000000000000

clint mtime 0x0000000000000088 (mip.MTI <- 0b1, mip.STI <- 0b0)
mem[X,0x000000008000043C] -> 0x2773
mem[X,0x000000008000043E] -> 0x0030
[272] [M]: 0x000000008000043C (0x00302773) csrrs x14, fcsr, x0                      inst_21+16
CSR fcsr (0x003) -> 0x0000000000000000
x14 <- 0x0000000000000000

mem[X,0x0000000080000440] -> 0xB823
mem[X,0x0000000080000442] -> 0x14C1
[273] [M]: 0x0000000080000440 (0x14C1B823) sd x12, 0x150(x3)                        inst_21+20
mem[W,0x0000000080003268] <- 0x0000000000000000

clint mtime 0x0000000000000089 (mip.MTI <- 0b1, mip.STI <- 0b0)
mem[X,0x0000000080000444] -> 0xBC23
mem[X,0x0000000080000446] -> 0x14E1
[274] [M]: 0x0000000080000444 (0x14E1BC23) sd x14, 0x158(x3)                        inst_21+24
mem[W,0x0000000080003270] <- 0x0000000000000000

mem[X,0x0000000080000448] -> 0x3487
mem[X,0x000000008000044A] -> 0x0B04
[275] [M]: 0x0000000080000448 (0x0B043487) fld f9, 0xb0(x8)                         inst_22+0
mem[R,0x00000000800020C0] -> 0x0000000000000000
f9 <- 0x0000000000000000
CSR mstatus (0x300) <- 0x8000000A00006000

clint mtime 0x000000000000008A (mip.MTI <- 0b1, mip.STI <- 0b0)
mem[X,0x000000008000044C] -> 0x0593
mem[X,0x000000008000044E] -> 0x0000
[276] [M]: 0x000000008000044C (0x00000593) addi x11, x0, 0x0                        inst_22+4
x11 <- 0x0000000000000000

mem[X,0x0000000080000450] -> 0x9073
mem[X,0x0000000080000452] -> 0x0035
[277] [M]: 0x0000000080000450 (0x00359073) csrrw x0, fcsr, x11                      inst_22+8
CSR mstatus (0x300) <- 0x8000000A00006000
CSR fcsr (0x003) <- 0x0000000000000000

clint mtime 0x000000000000008B (mip.MTI <- 0b1, mip.STI <- 0b0)
mem[X,0x0000000080000454] -> 0x8F53
mem[X,0x0000000080000456] -> 0xE204
[278] [M]: 0x0000000080000454 (0xE2048F53) fmv.x.d x30, f9                          inst_22+12
x30 <- 0x0000000000000000

mem[X,0x0000000080000458] -> 0x2773
mem[X,0x000000008000045A] -> 0x0030
[279] [M]: 0x0000000080000458 (0x00302773) csrrs x14, fcsr, x0                      inst_22+16
CSR fcsr (0x003) -> 0x0000000000000000
x14 <- 0x0000000000000000

clint mtime 0x000000000000008C (mip.MTI <- 0b1, mip.STI <- 0b0)
mem[X,0x000000008000045C] -> 0xB023
mem[X,0x000000008000045E] -> 0x17E1
[280] [M]: 0x000000008000045C (0x17E1B023) sd x30, 0x160(x3)                        inst_22+20
mem[W,0x0000000080003278] <- 0x0000000000000000

mem[X,0x0000000080000460] -> 0xB423
mem[X,0x0000000080000462] -> 0x16E1
[281] [M]: 0x0000000080000460 (0x16E1B423) sd x14, 0x168(x3)                        inst_22+24
mem[W,0x0000000080003280] <- 0x0000000000000000

clint mtime 0x000000000000008D (mip.MTI <- 0b1, mip.STI <- 0b0)
mem[X,0x0000000080000464] -> 0x3A07
mem[X,0x0000000080000466] -> 0x0B84
[282] [M]: 0x0000000080000464 (0x0B843A07) fld f20, 0xb8(x8)                        inst_23+0
mem[R,0x00000000800020C8] -> 0x0000000000000000
f20 <- 0x0000000000000000
CSR mstatus (0x300) <- 0x8000000A00006000

mem[X,0x0000000080000468] -> 0x0593
mem[X,0x000000008000046A] -> 0x0000
[283] [M]: 0x0000000080000468 (0x00000593) addi x11, x0, 0x0                        inst_23+4
x11 <- 0x0000000000000000

clint mtime 0x000000000000008E (mip.MTI <- 0b1, mip.STI <- 0b0)
mem[X,0x000000008000046C] -> 0x9073
mem[X,0x000000008000046E] -> 0x0035
[284] [M]: 0x000000008000046C (0x00359073) csrrw x0, fcsr, x11                      inst_23+8
CSR mstatus (0x300) <- 0x8000000A00006000
CSR fcsr (0x003) <- 0x0000000000000000

mem[X,0x0000000080000470] -> 0x07D3
mem[X,0x0000000080000472] -> 0xE20A
[285] [M]: 0x0000000080000470 (0xE20A07D3) fmv.x.d x15, f20                         inst_23+12
x15 <- 0x0000000000000000

clint mtime 0x000000000000008F (mip.MTI <- 0b1, mip.STI <- 0b0)
mem[X,0x0000000080000474] -> 0x2773
mem[X,0x0000000080000476] -> 0x0030
[286] [M]: 0x0000000080000474 (0x00302773) csrrs x14, fcsr, x0                      inst_23+16
CSR fcsr (0x003) -> 0x0000000000000000
x14 <- 0x0000000000000000

mem[X,0x0000000080000478] -> 0xB823
mem[X,0x000000008000047A] -> 0x16F1
[287] [M]: 0x0000000080000478 (0x16F1B823) sd x15, 0x170(x3)                        inst_23+20
mem[W,0x0000000080003288] <- 0x0000000000000000

clint mtime 0x0000000000000090 (mip.MTI <- 0b1, mip.STI <- 0b0)
mem[X,0x000000008000047C] -> 0xBC23
mem[X,0x000000008000047E] -> 0x16E1
[288] [M]: 0x000000008000047C (0x16E1BC23) sd x14, 0x178(x3)                        inst_23+24
mem[W,0x0000000080003290] <- 0x0000000000000000

mem[X,0x0000000080000480] -> 0x3D07
mem[X,0x0000000080000482] -> 0x0C04
[289] [M]: 0x0000000080000480 (0x0C043D07) fld f26, 0xc0(x8)                        inst_24+0
mem[R,0x00000000800020D0] -> 0x0000000000000000
f26 <- 0x0000000000000000
CSR mstatus (0x300) <- 0x8000000A00006000

clint mtime 0x0000000000000091 (mip.MTI <- 0b1, mip.STI <- 0b0)
mem[X,0x0000000080000484] -> 0x0593
mem[X,0x0000000080000486] -> 0x0000
[290] [M]: 0x0000000080000484 (0x00000593) addi x11, x0, 0x0                        inst_24+4
x11 <- 0x0000000000000000

mem[X,0x0000000080000488] -> 0x9073
mem[X,0x000000008000048A] -> 0x0035
[291] [M]: 0x0000000080000488 (0x00359073) csrrw x0, fcsr, x11                      inst_24+8
CSR mstatus (0x300) <- 0x8000000A00006000
CSR fcsr (0x003) <- 0x0000000000000000

clint mtime 0x0000000000000092 (mip.MTI <- 0b1, mip.STI <- 0b0)
mem[X,0x000000008000048C] -> 0x02D3
mem[X,0x000000008000048E] -> 0xE20D
[292] [M]: 0x000000008000048C (0xE20D02D3) fmv.x.d x5, f26                          inst_24+12
x5 <- 0x0000000000000000

mem[X,0x0000000080000490] -> 0x2773
mem[X,0x0000000080000492] -> 0x0030
[293] [M]: 0x0000000080000490 (0x00302773) csrrs x14, fcsr, x0                      inst_24+16
CSR fcsr (0x003) -> 0x0000000000000000
x14 <- 0x0000000000000000

clint mtime 0x0000000000000093 (mip.MTI <- 0b1, mip.STI <- 0b0)
mem[X,0x0000000080000494] -> 0xB023
mem[X,0x0000000080000496] -> 0x1851
[294] [M]: 0x0000000080000494 (0x1851B023) sd x5, 0x180(x3)                         inst_24+20
mem[W,0x0000000080003298] <- 0x0000000000000000

mem[X,0x0000000080000498] -> 0xB423
mem[X,0x000000008000049A] -> 0x18E1
[295] [M]: 0x0000000080000498 (0x18E1B423) sd x14, 0x188(x3)                        inst_24+24
mem[W,0x00000000800032A0] <- 0x0000000000000000

clint mtime 0x0000000000000094 (mip.MTI <- 0b1, mip.STI <- 0b0)
mem[X,0x000000008000049C] -> 0x0013
mem[X,0x000000008000049E] -> 0x0000
[296] [M]: 0x000000008000049C (0x00000013) addi x0, x0, 0x0                         inst_24+28

mem[X,0x00000000800004A0] -> 0x2217
mem[X,0x00000000800004A2] -> 0x0000
[297] [M]: 0x00000000800004A0 (0x00002217) auipc x4, 0x2                            inst_24+32
x4 <- 0x00000000800024A0

clint mtime 0x0000000000000095 (mip.MTI <- 0b1, mip.STI <- 0b0)
mem[X,0x00000000800004A4] -> 0x0213
mem[X,0x00000000800004A6] -> 0xC382
[298] [M]: 0x00000000800004A4 (0xC3820213) addi x4, x4, -0x3c8                      inst_24+36
x4 <- 0x00000000800020D8

mem[X,0x00000000800004A8] -> 0x0001
[299] [M]: 0x00000000800004A8 (0x0001) c.nop                                        inst_24+40

clint mtime 0x0000000000000096 (mip.MTI <- 0b1, mip.STI <- 0b0)
mem[X,0x00000000800004AA] -> 0x0013
mem[X,0x00000000800004AC] -> 0x0000
[300] [M]: 0x00000000800004AA (0x00000013) addi x0, x0, 0x0                         inst_24+42

mem[X,0x00000000800004AE] -> 0x0013
mem[X,0x00000000800004B0] -> 0x0000
[301] [M]: 0x00000000800004AE (0x00000013) addi x0, x0, 0x0                         inst_24+46

clint mtime 0x0000000000000097 (mip.MTI <- 0b1, mip.STI <- 0b0)
mem[X,0x00000000800004B2] -> 0x0013
mem[X,0x00000000800004B4] -> 0x0000
[302] [M]: 0x00000000800004B2 (0x00000013) addi x0, x0, 0x0                         inst_24+50

mem[X,0x00000000800004B6] -> 0x0013
mem[X,0x00000000800004B8] -> 0x0000
[303] [M]: 0x00000000800004B6 (0x00000013) addi x0, x0, 0x0                         inst_24+54

clint mtime 0x0000000000000098 (mip.MTI <- 0b1, mip.STI <- 0b0)
mem[X,0x00000000800004BA] -> 0x0013
mem[X,0x00000000800004BC] -> 0x0000
[304] [M]: 0x00000000800004BA (0x00000013) addi x0, x0, 0x0                         inst_24+58

mem[X,0x00000000800004BE] -> 0x0001
[305] [M]: 0x00000000800004BE (0x0001) c.nop                                        inst_24+62

clint mtime 0x0000000000000099 (mip.MTI <- 0b1, mip.STI <- 0b0)
mem[X,0x00000000800004C0] -> 0x3907
mem[X,0x00000000800004C2] -> 0x0002
[306] [M]: 0x00000000800004C0 (0x00023907) fld f18, 0x0(x4)                         inst_25+0
mem[R,0x00000000800020D8] -> 0x0000000000000000
f18 <- 0x0000000000000000
CSR mstatus (0x300) <- 0x8000000A00006000

mem[X,0x00000000800004C4] -> 0x0593
mem[X,0x00000000800004C6] -> 0x0000
[307] [M]: 0x00000000800004C4 (0x00000593) addi x11, x0, 0x0                        inst_25+4
x11 <- 0x0000000000000000

clint mtime 0x000000000000009A (mip.MTI <- 0b1, mip.STI <- 0b0)
mem[X,0x00000000800004C8] -> 0x9073
mem[X,0x00000000800004CA] -> 0x0035
[308] [M]: 0x00000000800004C8 (0x00359073) csrrw x0, fcsr, x11                      inst_25+8
CSR mstatus (0x300) <- 0x8000000A00006000
CSR fcsr (0x003) <- 0x0000000000000000

mem[X,0x00000000800004CC] -> 0x0453
mem[X,0x00000000800004CE] -> 0xE209
[309] [M]: 0x00000000800004CC (0xE2090453) fmv.x.d x8, f18                          inst_25+12
x8 <- 0x0000000000000000

clint mtime 0x000000000000009B (mip.MTI <- 0b1, mip.STI <- 0b0)
mem[X,0x00000000800004D0] -> 0x22F3
mem[X,0x00000000800004D2] -> 0x0030
[310] [M]: 0x00000000800004D0 (0x003022F3) csrrs x5, fcsr, x0                       inst_25+16
CSR fcsr (0x003) -> 0x0000000000000000
x5 <- 0x0000000000000000

mem[X,0x00000000800004D4] -> 0xB823
mem[X,0x00000000800004D6] -> 0x1881
[311] [M]: 0x00000000800004D4 (0x1881B823) sd x8, 0x190(x3)                         inst_25+20
mem[W,0x00000000800032A8] <- 0x0000000000000000

clint mtime 0x000000000000009C (mip.MTI <- 0b1, mip.STI <- 0b0)
mem[X,0x00000000800004D8] -> 0xBC23
mem[X,0x00000000800004DA] -> 0x1851
[312] [M]: 0x00000000800004D8 (0x1851BC23) sd x5, 0x198(x3)                         inst_25+24
mem[W,0x00000000800032B0] <- 0x0000000000000000

mem[X,0x00000000800004DC] -> 0x3D87
mem[X,0x00000000800004DE] -> 0x0082
[313] [M]: 0x00000000800004DC (0x00823D87) fld f27, 0x8(x4)                         inst_26+0
mem[R,0x00000000800020E0] -> 0x0000000000000000
f27 <- 0x0000000000000000
CSR mstatus (0x300) <- 0x8000000A00006000

clint mtime 0x000000000000009D (mip.MTI <- 0b1, mip.STI <- 0b0)
mem[X,0x00000000800004E0] -> 0x0593
mem[X,0x00000000800004E2] -> 0x0000
[314] [M]: 0x00000000800004E0 (0x00000593) addi x11, x0, 0x0                        inst_26+4
x11 <- 0x0000000000000000

mem[X,0x00000000800004E4] -> 0x9073
mem[X,0x00000000800004E6] -> 0x0035
[315] [M]: 0x00000000800004E4 (0x00359073) csrrw x0, fcsr, x11                      inst_26+8
CSR mstatus (0x300) <- 0x8000000A00006000
CSR fcsr (0x003) <- 0x0000000000000000

clint mtime 0x000000000000009E (mip.MTI <- 0b1, mip.STI <- 0b0)
mem[X,0x00000000800004E8] -> 0x8B53
mem[X,0x00000000800004EA] -> 0xE20D
[316] [M]: 0x00000000800004E8 (0xE20D8B53) fmv.x.d x22, f27                         inst_26+12
x22 <- 0x0000000000000000

mem[X,0x00000000800004EC] -> 0x22F3
mem[X,0x00000000800004EE] -> 0x0030
[317] [M]: 0x00000000800004EC (0x003022F3) csrrs x5, fcsr, x0                       inst_26+16
CSR fcsr (0x003) -> 0x0000000000000000
x5 <- 0x0000000000000000

clint mtime 0x000000000000009F (mip.MTI <- 0b1, mip.STI <- 0b0)
mem[X,0x00000000800004F0] -> 0xB023
mem[X,0x00000000800004F2] -> 0x1B61
[318] [M]: 0x00000000800004F0 (0x1B61B023) sd x22, 0x1a0(x3)                        inst_26+20
mem[W,0x00000000800032B8] <- 0x0000000000000000

mem[X,0x00000000800004F4] -> 0xB423
mem[X,0x00000000800004F6] -> 0x1A51
[319] [M]: 0x00000000800004F4 (0x1A51B423) sd x5, 0x1a8(x3)                         inst_26+24
mem[W,0x00000000800032C0] <- 0x0000000000000000

clint mtime 0x00000000000000A0 (mip.MTI <- 0b1, mip.STI <- 0b0)
mem[X,0x00000000800004F8] -> 0x3607
mem[X,0x00000000800004FA] -> 0x0102
[320] [M]: 0x00000000800004F8 (0x01023607) fld f12, 0x10(x4)                        inst_27+0
mem[R,0x00000000800020E8] -> 0x0000000000000000
f12 <- 0x0000000000000000
CSR mstatus (0x300) <- 0x8000000A00006000

mem[X,0x00000000800004FC] -> 0x0113
mem[X,0x00000000800004FE] -> 0x0000
[321] [M]: 0x00000000800004FC (0x00000113) addi x2, x0, 0x0                         inst_27+4
x2 <- 0x0000000000000000

clint mtime 0x00000000000000A1 (mip.MTI <- 0b1, mip.STI <- 0b0)
mem[X,0x0000000080000500] -> 0x1073
mem[X,0x0000000080000502] -> 0x0031
[322] [M]: 0x0000000080000500 (0x00311073) csrrw x0, fcsr, x2                       inst_27+8
CSR mstatus (0x300) <- 0x8000000A00006000
CSR fcsr (0x003) <- 0x0000000000000000

mem[X,0x0000000080000504] -> 0x0753
mem[X,0x0000000080000506] -> 0xE206
[323] [M]: 0x0000000080000504 (0xE2060753) fmv.x.d x14, f12                         inst_27+12
x14 <- 0x0000000000000000

clint mtime 0x00000000000000A2 (mip.MTI <- 0b1, mip.STI <- 0b0)
mem[X,0x0000000080000508] -> 0x22F3
mem[X,0x000000008000050A] -> 0x0030
[324] [M]: 0x0000000080000508 (0x003022F3) csrrs x5, fcsr, x0                       inst_27+16
CSR fcsr (0x003) -> 0x0000000000000000
x5 <- 0x0000000000000000

mem[X,0x000000008000050C] -> 0xB823
mem[X,0x000000008000050E] -> 0x1AE1
[325] [M]: 0x000000008000050C (0x1AE1B823) sd x14, 0x1b0(x3)                        inst_27+20
mem[W,0x00000000800032C8] <- 0x0000000000000000

clint mtime 0x00000000000000A3 (mip.MTI <- 0b1, mip.STI <- 0b0)
mem[X,0x0000000080000510] -> 0xBC23
mem[X,0x0000000080000512] -> 0x1A51
[326] [M]: 0x0000000080000510 (0x1A51BC23) sd x5, 0x1b8(x3)                         inst_27+24
mem[W,0x00000000800032D0] <- 0x0000000000000000

mem[X,0x0000000080000514] -> 0x0013
mem[X,0x0000000080000516] -> 0x0000
[327] [M]: 0x0000000080000514 (0x00000013) addi x0, x0, 0x0                         inst_27+28

clint mtime 0x00000000000000A4 (mip.MTI <- 0b1, mip.STI <- 0b0)
mem[X,0x0000000080000518] -> 0x0013
mem[X,0x000000008000051A] -> 0x0000
[328] [M]: 0x0000000080000518 (0x00000013) addi x0, x0, 0x0                         inst_27+32

mem[X,0x000000008000051C] -> 0x0013
mem[X,0x000000008000051E] -> 0x0000
[329] [M]: 0x000000008000051C (0x00000013) addi x0, x0, 0x0                         inst_27+36

clint mtime 0x00000000000000A5 (mip.MTI <- 0b1, mip.STI <- 0b0)
mem[X,0x0000000080000520] -> 0x3097
mem[X,0x0000000080000522] -> 0x0000
[330] [M]: 0x0000000080000520 (0x00003097) auipc x1, 0x3                            inst_27+40
x1 <- 0x0000000080003520

mem[X,0x0000000080000524] -> 0x8093
mem[X,0x0000000080000526] -> 0xDB80
[331] [M]: 0x0000000080000524 (0xDB808093) addi x1, x1, -0x248                      inst_27+44
x1 <- 0x00000000800032D8

clint mtime 0x00000000000000A6 (mip.MTI <- 0b1, mip.STI <- 0b0)
mem[X,0x0000000080000528] -> 0x0001
[332] [M]: 0x0000000080000528 (0x0001) c.nop                                        inst_27+48

mem[X,0x000000008000052A] -> 0x0013
mem[X,0x000000008000052C] -> 0x0000
[333] [M]: 0x000000008000052A (0x00000013) addi x0, x0, 0x0                         inst_27+50

clint mtime 0x00000000000000A7 (mip.MTI <- 0b1, mip.STI <- 0b0)
mem[X,0x000000008000052E] -> 0x0013
mem[X,0x0000000080000530] -> 0x0000
[334] [M]: 0x000000008000052E (0x00000013) addi x0, x0, 0x0                         inst_27+54

mem[X,0x0000000080000532] -> 0x0013
mem[X,0x0000000080000534] -> 0x0000
[335] [M]: 0x0000000080000532 (0x00000013) addi x0, x0, 0x0                         inst_27+58

clint mtime 0x00000000000000A8 (mip.MTI <- 0b1, mip.STI <- 0b0)
mem[X,0x0000000080000536] -> 0x0013
mem[X,0x0000000080000538] -> 0x0000
[336] [M]: 0x0000000080000536 (0x00000013) addi x0, x0, 0x0                         inst_27+62

mem[X,0x000000008000053A] -> 0x0013
mem[X,0x000000008000053C] -> 0x0000
[337] [M]: 0x000000008000053A (0x00000013) addi x0, x0, 0x0                         inst_27+66

clint mtime 0x00000000000000A9 (mip.MTI <- 0b1, mip.STI <- 0b0)
mem[X,0x000000008000053E] -> 0x0001
[338] [M]: 0x000000008000053E (0x0001) c.nop                                        inst_27+70

mem[X,0x0000000080000540] -> 0x3107
mem[X,0x0000000080000542] -> 0x0182
[339] [M]: 0x0000000080000540 (0x01823107) fld f2, 0x18(x4)                         inst_28+0
mem[R,0x00000000800020F0] -> 0x0000000000000000
f2 <- 0x0000000000000000
CSR mstatus (0x300) <- 0x8000000A00006000

clint mtime 0x00000000000000AA (mip.MTI <- 0b1, mip.STI <- 0b0)
mem[X,0x0000000080000544] -> 0x0113
mem[X,0x0000000080000546] -> 0x0000
[340] [M]: 0x0000000080000544 (0x00000113) addi x2, x0, 0x0                         inst_28+4
x2 <- 0x0000000000000000

mem[X,0x0000000080000548] -> 0x1073
mem[X,0x000000008000054A] -> 0x0031
[341] [M]: 0x0000000080000548 (0x00311073) csrrw x0, fcsr, x2                       inst_28+8
CSR mstatus (0x300) <- 0x8000000A00006000
CSR fcsr (0x003) <- 0x0000000000000000

clint mtime 0x00000000000000AB (mip.MTI <- 0b1, mip.STI <- 0b0)
mem[X,0x000000008000054C] -> 0x0BD3
mem[X,0x000000008000054E] -> 0xE201
[342] [M]: 0x000000008000054C (0xE2010BD3) fmv.x.d x23, f2                          inst_28+12
x23 <- 0x0000000000000000

mem[X,0x0000000080000550] -> 0x22F3
mem[X,0x0000000080000552] -> 0x0030
[343] [M]: 0x0000000080000550 (0x003022F3) csrrs x5, fcsr, x0                       inst_28+16
CSR fcsr (0x003) -> 0x0000000000000000
x5 <- 0x0000000000000000

clint mtime 0x00000000000000AC (mip.MTI <- 0b1, mip.STI <- 0b0)
mem[X,0x0000000080000554] -> 0xB023
mem[X,0x0000000080000556] -> 0x0170
[344] [M]: 0x0000000080000554 (0x0170B023) sd x23, 0x0(x1)                          inst_28+20
mem[W,0x00000000800032D8] <- 0x0000000000000000

mem[X,0x0000000080000558] -> 0xB423
mem[X,0x000000008000055A] -> 0x0050
[345] [M]: 0x0000000080000558 (0x0050B423) sd x5, 0x8(x1)                           inst_28+24
mem[W,0x00000000800032E0] <- 0x0000000000000000

clint mtime 0x00000000000000AD (mip.MTI <- 0b1, mip.STI <- 0b0)
mem[X,0x000000008000055C] -> 0x3387
mem[X,0x000000008000055E] -> 0x0202
[346] [M]: 0x000000008000055C (0x02023387) fld f7, 0x20(x4)                         inst_29+0
mem[R,0x00000000800020F8] -> 0x0000000000000000
f7 <- 0x0000000000000000
CSR mstatus (0x300) <- 0x8000000A00006000

mem[X,0x0000000080000560] -> 0x0113
mem[X,0x0000000080000562] -> 0x0000
[347] [M]: 0x0000000080000560 (0x00000113) addi x2, x0, 0x0                         inst_29+4
x2 <- 0x0000000000000000

clint mtime 0x00000000000000AE (mip.MTI <- 0b1, mip.STI <- 0b0)
mem[X,0x0000000080000564] -> 0x1073
mem[X,0x0000000080000566] -> 0x0031
[348] [M]: 0x0000000080000564 (0x00311073) csrrw x0, fcsr, x2                       inst_29+8
CSR mstatus (0x300) <- 0x8000000A00006000
CSR fcsr (0x003) <- 0x0000000000000000

mem[X,0x0000000080000568] -> 0x85D3
mem[X,0x000000008000056A] -> 0xE203
[349] [M]: 0x0000000080000568 (0xE20385D3) fmv.x.d x11, f7                          inst_29+12
x11 <- 0x0000000000000000

clint mtime 0x00000000000000AF (mip.MTI <- 0b1, mip.STI <- 0b0)
mem[X,0x000000008000056C] -> 0x22F3
mem[X,0x000000008000056E] -> 0x0030
[350] [M]: 0x000000008000056C (0x003022F3) csrrs x5, fcsr, x0                       inst_29+16
CSR fcsr (0x003) -> 0x0000000000000000
x5 <- 0x0000000000000000

mem[X,0x0000000080000570] -> 0xB823
mem[X,0x0000000080000572] -> 0x00B0
[351] [M]: 0x0000000080000570 (0x00B0B823) sd x11, 0x10(x1)                         inst_29+20
mem[W,0x00000000800032E8] <- 0x0000000000000000

clint mtime 0x00000000000000B0 (mip.MTI <- 0b1, mip.STI <- 0b0)
mem[X,0x0000000080000574] -> 0xBC23
mem[X,0x0000000080000576] -> 0x0050
[352] [M]: 0x0000000080000574 (0x0050BC23) sd x5, 0x18(x1)                          inst_29+24
mem[W,0x00000000800032F0] <- 0x0000000000000000

mem[X,0x0000000080000578] -> 0x3C07
mem[X,0x000000008000057A] -> 0x0282
[353] [M]: 0x0000000080000578 (0x02823C07) fld f24, 0x28(x4)                        inst_30+0
mem[R,0x0000000080002100] -> 0x0000000000000000
f24 <- 0x0000000000000000
CSR mstatus (0x300) <- 0x8000000A00006000

clint mtime 0x00000000000000B1 (mip.MTI <- 0b1, mip.STI <- 0b0)
mem[X,0x000000008000057C] -> 0x0113
mem[X,0x000000008000057E] -> 0x0000
[354] [M]: 0x000000008000057C (0x00000113) addi x2, x0, 0x0                         inst_30+4
x2 <- 0x0000000000000000

mem[X,0x0000000080000580] -> 0x1073
mem[X,0x0000000080000582] -> 0x0031
[355] [M]: 0x0000000080000580 (0x00311073) csrrw x0, fcsr, x2                       inst_30+8
CSR mstatus (0x300) <- 0x8000000A00006000
CSR fcsr (0x003) <- 0x0000000000000000

clint mtime 0x00000000000000B2 (mip.MTI <- 0b1, mip.STI <- 0b0)
mem[X,0x0000000080000584] -> 0x01D3
mem[X,0x0000000080000586] -> 0xE20C
[356] [M]: 0x0000000080000584 (0xE20C01D3) fmv.x.d x3, f24                          inst_30+12
x3 <- 0x0000000000000000

mem[X,0x0000000080000588] -> 0x22F3
mem[X,0x000000008000058A] -> 0x0030
[357] [M]: 0x0000000080000588 (0x003022F3) csrrs x5, fcsr, x0                       inst_30+16
CSR fcsr (0x003) -> 0x0000000000000000
x5 <- 0x0000000000000000

clint mtime 0x00000000000000B3 (mip.MTI <- 0b1, mip.STI <- 0b0)
mem[X,0x000000008000058C] -> 0xB023
mem[X,0x000000008000058E] -> 0x0230
[358] [M]: 0x000000008000058C (0x0230B023) sd x3, 0x20(x1)                          inst_30+20
mem[W,0x00000000800032F8] <- 0x0000000000000000

mem[X,0x0000000080000590] -> 0xB423
mem[X,0x0000000080000592] -> 0x0250
[359] [M]: 0x0000000080000590 (0x0250B423) sd x5, 0x28(x1)                          inst_30+24
mem[W,0x0000000080003300] <- 0x0000000000000000

clint mtime 0x00000000000000B4 (mip.MTI <- 0b1, mip.STI <- 0b0)
mem[X,0x0000000080000594] -> 0x3087
mem[X,0x0000000080000596] -> 0x0302
[360] [M]: 0x0000000080000594 (0x03023087) fld f1, 0x30(x4)                         inst_31+0
mem[R,0x0000000080002108] -> 0x0000000000000000
f1 <- 0x0000000000000000
CSR mstatus (0x300) <- 0x8000000A00006000

mem[X,0x0000000080000598] -> 0x0113
mem[X,0x000000008000059A] -> 0x0000
[361] [M]: 0x0000000080000598 (0x00000113) addi x2, x0, 0x0                         inst_31+4
x2 <- 0x0000000000000000

clint mtime 0x00000000000000B5 (mip.MTI <- 0b1, mip.STI <- 0b0)
mem[X,0x000000008000059C] -> 0x1073
mem[X,0x000000008000059E] -> 0x0031
[362] [M]: 0x000000008000059C (0x00311073) csrrw x0, fcsr, x2                       inst_31+8
CSR mstatus (0x300) <- 0x8000000A00006000
CSR fcsr (0x003) <- 0x0000000000000000

mem[X,0x00000000800005A0] -> 0x8FD3
mem[X,0x00000000800005A2] -> 0xE200
[363] [M]: 0x00000000800005A0 (0xE2008FD3) fmv.x.d x31, f1                          inst_31+12
x31 <- 0x0000000000000000

clint mtime 0x00000000000000B6 (mip.MTI <- 0b1, mip.STI <- 0b0)
mem[X,0x00000000800005A4] -> 0x22F3
mem[X,0x00000000800005A6] -> 0x0030
[364] [M]: 0x00000000800005A4 (0x003022F3) csrrs x5, fcsr, x0                       inst_31+16
CSR fcsr (0x003) -> 0x0000000000000000
x5 <- 0x0000000000000000

mem[X,0x00000000800005A8] -> 0xB823
mem[X,0x00000000800005AA] -> 0x03F0
[365] [M]: 0x00000000800005A8 (0x03F0B823) sd x31, 0x30(x1)                         inst_31+20
mem[W,0x0000000080003308] <- 0x0000000000000000

clint mtime 0x00000000000000B7 (mip.MTI <- 0b1, mip.STI <- 0b0)
mem[X,0x00000000800005AC] -> 0xBC23
mem[X,0x00000000800005AE] -> 0x0250
[366] [M]: 0x00000000800005AC (0x0250BC23) sd x5, 0x38(x1)                          inst_31+24
mem[W,0x0000000080003310] <- 0x0000000000000000

mem[X,0x00000000800005B0] -> 0x3F87
mem[X,0x00000000800005B2] -> 0x0382
[367] [M]: 0x00000000800005B0 (0x03823F87) fld f31, 0x38(x4)                        inst_32+0
mem[R,0x0000000080002110] -> 0x7FF8000000000001
f31 <- 0x7FF8000000000001
CSR mstatus (0x300) <- 0x8000000A00006000

clint mtime 0x00000000000000B8 (mip.MTI <- 0b1, mip.STI <- 0b0)
mem[X,0x00000000800005B4] -> 0x0113
mem[X,0x00000000800005B6] -> 0x0000
[368] [M]: 0x00000000800005B4 (0x00000113) addi x2, x0, 0x0                         inst_32+4
x2 <- 0x0000000000000000

mem[X,0x00000000800005B8] -> 0x1073
mem[X,0x00000000800005BA] -> 0x0031
[369] [M]: 0x00000000800005B8 (0x00311073) csrrw x0, fcsr, x2                       inst_32+8
CSR mstatus (0x300) <- 0x8000000A00006000
CSR fcsr (0x003) <- 0x0000000000000000

clint mtime 0x00000000000000B9 (mip.MTI <- 0b1, mip.STI <- 0b0)
mem[X,0x00000000800005BC] -> 0x8FD3
mem[X,0x00000000800005BE] -> 0xE20F
[370] [M]: 0x00000000800005BC (0xE20F8FD3) fmv.x.d x31, f31                         inst_32+12
x31 <- 0x7FF8000000000001

mem[X,0x00000000800005C0] -> 0x22F3
mem[X,0x00000000800005C2] -> 0x0030
[371] [M]: 0x00000000800005C0 (0x003022F3) csrrs x5, fcsr, x0                       inst_32+16
CSR fcsr (0x003) -> 0x0000000000000000
x5 <- 0x0000000000000000

clint mtime 0x00000000000000BA (mip.MTI <- 0b1, mip.STI <- 0b0)
mem[X,0x00000000800005C4] -> 0xB023
mem[X,0x00000000800005C6] -> 0x05F0
[372] [M]: 0x00000000800005C4 (0x05F0B023) sd x31, 0x40(x1)                         inst_32+20
mem[W,0x0000000080003318] <- 0x7FF8000000000001

mem[X,0x00000000800005C8] -> 0xB423
mem[X,0x00000000800005CA] -> 0x0450
[373] [M]: 0x00000000800005C8 (0x0450B423) sd x5, 0x48(x1)                          inst_32+24
mem[W,0x0000000080003320] <- 0x0000000000000000

clint mtime 0x00000000000000BB (mip.MTI <- 0b1, mip.STI <- 0b0)
mem[X,0x00000000800005CC] -> 0x006F
mem[X,0x00000000800005CE] -> 0x0380
[374] [M]: 0x00000000800005CC (0x0380006F) jal x0, 0x38                             rvtest_code_end+0

mem[X,0x0000000080000604] -> 0x0093
mem[X,0x0000000080000606] -> 0x0010
[375] [M]: 0x0000000080000604 (0x00100093) addi x1, x0, 0x1                         exit_cleanup+0
x1 <- 0x0000000000000001

clint mtime 0x00000000000000BC (mip.MTI <- 0b1, mip.STI <- 0b0)
mem[X,0x0000000080000608] -> 0x1397
mem[X,0x000000008000060A] -> 0x0000
[376] [M]: 0x0000000080000608 (0x00001397) auipc x7, 0x1                            exit_cleanup+4
x7 <- 0x0000000080001608

mem[X,0x000000008000060C] -> 0xAC23
mem[X,0x000000008000060E] -> 0x9E13
[377] [M]: 0x000000008000060C (0x9E13AC23) sw x1, -0x608(x7)                        exit_cleanup+8
htif[0x0000000080001000] <- 0x00000001
mem[W,0x0000000080001000] <- 0x00000001

clint mtime 0x00000000000000BD (mip.MTI <- 0b1, mip.STI <- 0b0)
mem[X,0x0000000080000610] -> 0xF06F
mem[X,0x0000000080000612] -> 0xFF9F
[378] [M]: 0x0000000080000610 (0xFF9FF06F) jal x0, -0x8                             exit_cleanup+12

mem[X,0x0000000080000608] -> 0x1397
mem[X,0x000000008000060A] -> 0x0000
[379] [M]: 0x0000000080000608 (0x00001397) auipc x7, 0x1                            exit_cleanup+4
x7 <- 0x0000000080001608

clint mtime 0x00000000000000BE (mip.MTI <- 0b1, mip.STI <- 0b0)
mem[X,0x000000008000060C] -> 0xAC23
mem[X,0x000000008000060E] -> 0x9E13
[380] [M]: 0x000000008000060C (0x9E13AC23) sw x1, -0x608(x7)                        exit_cleanup+8
htif[0x0000000080001000] <- 0x00000001
mem[W,0x0000000080001000] <- 0x00000001

mem[X,0x0000000080000610] -> 0xF06F
mem[X,0x0000000080000612] -> 0xFF9F
[381] [M]: 0x0000000080000610 (0xFF9FF06F) jal x0, -0x8                             exit_cleanup+12

clint mtime 0x00000000000000BF (mip.MTI <- 0b1, mip.STI <- 0b0)
mem[X,0x0000000080000608] -> 0x1397
mem[X,0x000000008000060A] -> 0x0000
[382] [M]: 0x0000000080000608 (0x00001397) auipc x7, 0x1                            exit_cleanup+4
x7 <- 0x0000000080001608

mem[X,0x000000008000060C] -> 0xAC23
mem[X,0x000000008000060E] -> 0x9E13
[383] [M]: 0x000000008000060C (0x9E13AC23) sw x1, -0x608(x7)                        exit_cleanup+8
htif[0x0000000080001000] <- 0x00000001
htif-syscall-proxy cmd: 0x000000000001
mem[W,0x0000000080001000] <- 0x00000001

SUCCESS
clint mtime 0x00000000000000C0 (mip.MTI <- 0b1, mip.STI <- 0b0)
