using /opt/riscv-arch-test/riscof-plugins/rv64/riscof_work/privilege/src/misalign-sd-01.S/ref/Reference-sail_c_simulator.signature for test-signature output.
setting signature-granularity to 8 bytes
HTIF located at 0x80001000
begin_signature: 0x80003110
end_signature: 0x80003370
Entry point: 0x80000000
CSR mstatus (0x300) <- 0x0000000A00000000
CSR misa (0x301) <- 0x800000000034112F
CSR mcause (0x342) <- 0x0000000000000000
x10 <- 0x0000000000000000
x11 <- 0x0000000000001000
mem[X,0x0000000080000000] -> 0x2317
mem[X,0x0000000080000002] -> 0x0000
[0] [M]: 0x0000000080000000 (0x00002317) auipc x6, 0x2                              rvtest_init+0
x6 <- 0x0000000080002000

mem[X,0x0000000080000004] -> 0x0313
mem[X,0x0000000080000006] -> 0x0003
[1] [M]: 0x0000000080000004 (0x00030313) addi x6, x6, 0x0                           rvtest_init+4
x6 <- 0x0000000080002000

clint mtime 0x0000000000000001 (mip.MTI <- 0b1, mip.STI <- 0b0)
mem[X,0x0000000080000008] -> 0x0013
mem[X,0x000000008000000A] -> 0x0000
[2] [M]: 0x0000000080000008 (0x00000013) addi x0, x0, 0x0                           rvtest_init+8

mem[X,0x000000008000000C] -> 0x0013
mem[X,0x000000008000000E] -> 0x0000
[3] [M]: 0x000000008000000C (0x00000013) addi x0, x0, 0x0                           rvtest_init+12

clint mtime 0x0000000000000002 (mip.MTI <- 0b1, mip.STI <- 0b0)
mem[X,0x0000000080000010] -> 0x0013
mem[X,0x0000000080000012] -> 0x0000
[4] [M]: 0x0000000080000010 (0x00000013) addi x0, x0, 0x0                           rvtest_init+16

mem[X,0x0000000080000014] -> 0x0013
mem[X,0x0000000080000016] -> 0x0000
[5] [M]: 0x0000000080000014 (0x00000013) addi x0, x0, 0x0                           rvtest_init+20

clint mtime 0x0000000000000003 (mip.MTI <- 0b1, mip.STI <- 0b0)
mem[X,0x0000000080000018] -> 0x0013
mem[X,0x000000008000001A] -> 0x0000
[6] [M]: 0x0000000080000018 (0x00000013) addi x0, x0, 0x0                           rvtest_init+24

mem[X,0x000000008000001C] -> 0x0013
mem[X,0x000000008000001E] -> 0x0000
[7] [M]: 0x000000008000001C (0x00000013) addi x0, x0, 0x0                           rvtest_init+28

clint mtime 0x0000000000000004 (mip.MTI <- 0b1, mip.STI <- 0b0)
mem[X,0x0000000080000020] -> 0x1473
mem[X,0x0000000080000022] -> 0x3403
[8] [M]: 0x0000000080000020 (0x34031473) csrrw x8, mscratch, x6                     init_Mscratch+0
CSR mscratch (0x340) <- 0x0000000080002000
x8 <- 0x0000000000000000

mem[X,0x0000000080000024] -> 0x3823
mem[X,0x0000000080000026] -> 0x2483
[9] [M]: 0x0000000080000024 (0x24833823) sd x8, 0x250(x6)                           init_Mscratch+4
mem[W,0x0000000080002250] <- 0x0000000000000000

clint mtime 0x0000000000000005 (mip.MTI <- 0b1, mip.STI <- 0b0)
mem[X,0x0000000080000028] -> 0x0393
mem[X,0x000000008000002A] -> 0x0000
[10] [M]: 0x0000000080000028 (0x00000393) addi x7, x0, 0x0                          init_Medeleg+0
x7 <- 0x0000000000000000

mem[X,0x000000008000002C] -> 0x3C23
mem[X,0x000000008000002E] -> 0x2273
[11] [M]: 0x000000008000002C (0x22733C23) sd x7, 0x238(x6)                          init_Medeleg+4
mem[W,0x0000000080002238] <- 0x0000000000000000

clint mtime 0x0000000000000006 (mip.MTI <- 0b1, mip.STI <- 0b0)
mem[X,0x0000000080000030] -> 0x2473
mem[X,0x0000000080000032] -> 0x3050
[12] [M]: 0x0000000080000030 (0x30502473) csrrs x8, mtvec, x0                       init_Mtvec+0
CSR mtvec (0x305) -> 0x0000000000000000
x8 <- 0x0000000000000000

mem[X,0x0000000080000034] -> 0x3423
mem[X,0x0000000080000036] -> 0x2483
[13] [M]: 0x0000000080000034 (0x24833423) sd x8, 0x248(x6)                          init_Mtvec+4
mem[W,0x0000000080002248] <- 0x0000000000000000

clint mtime 0x0000000000000007 (mip.MTI <- 0b1, mip.STI <- 0b0)
mem[X,0x0000000080000038] -> 0x7393
mem[X,0x000000008000003A] -> 0x0034
[14] [M]: 0x0000000080000038 (0x00347393) andi x7, x8, 0x3                          init_Mtvec+8
x7 <- 0x0000000000000000

mem[X,0x000000008000003C] -> 0x3483
mem[X,0x000000008000003E] -> 0x2303
[15] [M]: 0x000000008000003C (0x23033483) ld x9, 0x230(x6)                          init_Mtvec+12
mem[R,0x0000000080002230] -> 0x0000000080000614
x9 <- 0x0000000080000614

clint mtime 0x0000000000000008 (mip.MTI <- 0b1, mip.STI <- 0b0)
mem[X,0x0000000080000040] -> 0x8493
mem[X,0x0000000080000042] -> 0xE2C4
[16] [M]: 0x0000000080000040 (0xE2C48493) addi x9, x9, -0x1d4                       init_Mtvec+16
x9 <- 0x0000000080000440

mem[X,0x0000000080000044] -> 0xE3B3
mem[X,0x0000000080000046] -> 0x0074
[17] [M]: 0x0000000080000044 (0x0074E3B3) or x7, x9, x7                             init_Mtvec+20
x7 <- 0x0000000080000440

clint mtime 0x0000000000000009 (mip.MTI <- 0b1, mip.STI <- 0b0)
mem[X,0x0000000080000048] -> 0x3023
mem[X,0x000000008000004A] -> 0x2473
[18] [M]: 0x0000000080000048 (0x24733023) sd x7, 0x240(x6)                          init_Mtvec+24
mem[W,0x0000000080002240] <- 0x0000000080000440

mem[X,0x000000008000004C] -> 0x9073
mem[X,0x000000008000004E] -> 0x3053
[19] [M]: 0x000000008000004C (0x30539073) csrrw x0, mtvec, x7                       init_Mtvec+28
CSR mtvec (0x305) <- 0x0000000080000440

clint mtime 0x000000000000000A (mip.MTI <- 0b1, mip.STI <- 0b0)
mem[X,0x0000000080000050] -> 0x2573
mem[X,0x0000000080000052] -> 0x3050
[20] [M]: 0x0000000080000050 (0x30502573) csrrs x10, mtvec, x0                      init_Mtvec+32
CSR mtvec (0x305) -> 0x0000000080000440
x10 <- 0x0000000080000440

mem[X,0x0000000080000054] -> 0x0863
mem[X,0x0000000080000056] -> 0x0875
[21] [M]: 0x0000000080000054 (0x08750863) beq x10, x7, 0x90                         init_Mtvec+36

clint mtime 0x000000000000000B (mip.MTI <- 0b1, mip.STI <- 0b0)
mem[X,0x00000000800000E4] -> 0x0093
mem[X,0x00000000800000E6] -> 0x0000
[22] [M]: 0x00000000800000E4 (0x00000093) addi x1, x0, 0x0                          rvtest_entrypoint+0
x1 <- 0x0000000000000000

mem[X,0x00000000800000E8] -> 0x9073
mem[X,0x00000000800000EA] -> 0x3000
[23] [M]: 0x00000000800000E8 (0x30009073) csrrw x0, mstatus, x1                     rvtest_entrypoint+4
CSR mstatus (0x300) <- 0x0000000A00000000

clint mtime 0x000000000000000C (mip.MTI <- 0b1, mip.STI <- 0b0)
mem[X,0x00000000800000EC] -> 0x9073
mem[X,0x00000000800000EE] -> 0x3410
[24] [M]: 0x00000000800000EC (0x34109073) csrrw x0, mepc, x1                        rvtest_entrypoint+8
CSR mepc (0x341) <- 0x0000000000000000

mem[X,0x00000000800000F0] -> 0x9073
mem[X,0x00000000800000F2] -> 0x3440
[25] [M]: 0x00000000800000F0 (0x34409073) csrrw x0, mip, x1                         rvtest_entrypoint+12
CSR mip (0x344) <- 0x0000000000000080

clint mtime 0x000000000000000D (mip.MTI <- 0b1, mip.STI <- 0b0)
mem[X,0x00000000800000F4] -> 0x9073
mem[X,0x00000000800000F6] -> 0x3430
[26] [M]: 0x00000000800000F4 (0x34309073) csrrw x0, mtval, x1                       rvtest_entrypoint+16
CSR mtval (0x343) <- 0x0000000000000000

mem[X,0x00000000800000F8] -> 0x9073
mem[X,0x00000000800000FA] -> 0x3420
[27] [M]: 0x00000000800000F8 (0x34209073) csrrw x0, mcause, x1                      rvtest_entrypoint+20
CSR mcause (0x342) <- 0x0000000000000000

clint mtime 0x000000000000000E (mip.MTI <- 0b1, mip.STI <- 0b0)
mem[X,0x00000000800000FC] -> 0x0837
mem[X,0x00000000800000FE] -> 0x7D5C
[28] [M]: 0x00000000800000FC (0x7D5C0837) lui x16, 0x7d5c0                          rvtest_entrypoint+24
x16 <- 0x000000007D5C0000

mem[X,0x0000000080000100] -> 0x0813
mem[X,0x0000000080000102] -> 0xDDB8
[29] [M]: 0x0000000080000100 (0xDDB80813) addi x16, x16, -0x225                     rvtest_entrypoint+28
x16 <- 0x000000007D5BFDDB

clint mtime 0x000000000000000F (mip.MTI <- 0b1, mip.STI <- 0b0)
mem[X,0x0000000080000104] -> 0x1813
mem[X,0x0000000080000106] -> 0x00B8
[30] [M]: 0x0000000080000104 (0x00B81813) slli x16, x16, 0xb                        rvtest_entrypoint+32
x16 <- 0x000003EADFEED800

mem[X,0x0000000080000108] -> 0x0813
mem[X,0x000000008000010A] -> 0x3EA8
[31] [M]: 0x0000000080000108 (0x3EA80813) addi x16, x16, 0x3ea                      rvtest_entrypoint+36
x16 <- 0x000003EADFEEDBEA

clint mtime 0x0000000000000010 (mip.MTI <- 0b1, mip.STI <- 0b0)
mem[X,0x000000008000010C] -> 0x1813
mem[X,0x000000008000010E] -> 0x00B8
[32] [M]: 0x000000008000010C (0x00B81813) slli x16, x16, 0xb                        rvtest_entrypoint+40
x16 <- 0x001F56FF76DF5000

mem[X,0x0000000080000110] -> 0x0813
mem[X,0x0000000080000112] -> 0x6FF8
[33] [M]: 0x0000000080000110 (0x6FF80813) addi x16, x16, 0x6ff                      rvtest_entrypoint+44
x16 <- 0x001F56FF76DF56FF

clint mtime 0x0000000000000011 (mip.MTI <- 0b1, mip.STI <- 0b0)
mem[X,0x0000000080000114] -> 0x1813
mem[X,0x0000000080000116] -> 0x00A8
[34] [M]: 0x0000000080000114 (0x00A81813) slli x16, x16, 0xa                        rvtest_entrypoint+48
x16 <- 0x7D5BFDDB7D5BFC00

mem[X,0x0000000080000118] -> 0x0813
mem[X,0x000000008000011A] -> 0x1DB8
[35] [M]: 0x0000000080000118 (0x1DB80813) addi x16, x16, 0x1db                      rvtest_entrypoint+52
x16 <- 0x7D5BFDDB7D5BFDDB

clint mtime 0x0000000000000012 (mip.MTI <- 0b1, mip.STI <- 0b0)
mem[X,0x000000008000011C] -> 0x5893
mem[X,0x000000008000011E] -> 0x0078
[36] [M]: 0x000000008000011C (0x00785893) srli x17, x16, 0x7                        rvtest_entrypoint+56
x17 <- 0x00FAB7FBB6FAB7FB

mem[X,0x0000000080000120] -> 0x5793
mem[X,0x0000000080000122] -> 0x0398
[37] [M]: 0x0000000080000120 (0x03985793) srli x15, x16, 0x39                       rvtest_entrypoint+60
x15 <- 0x000000000000003E

clint mtime 0x0000000000000013 (mip.MTI <- 0b1, mip.STI <- 0b0)
mem[X,0x0000000080000124] -> 0xE8B3
mem[X,0x0000000080000126] -> 0x00F8
[38] [M]: 0x0000000080000124 (0x00F8E8B3) or x17, x17, x15                          rvtest_entrypoint+64
x17 <- 0x00FAB7FBB6FAB7FF

mem[X,0x0000000080000128] -> 0xD913
mem[X,0x000000008000012A] -> 0x0078
[39] [M]: 0x0000000080000128 (0x0078D913) srli x18, x17, 0x7                        rvtest_entrypoint+68
x18 <- 0x0001F56FF76DF56F

clint mtime 0x0000000000000014 (mip.MTI <- 0b1, mip.STI <- 0b0)
mem[X,0x000000008000012C] -> 0xD793
mem[X,0x000000008000012E] -> 0x0398
[40] [M]: 0x000000008000012C (0x0398D793) srli x15, x17, 0x39                       rvtest_entrypoint+72
x15 <- 0x0000000000000000

mem[X,0x0000000080000130] -> 0x6933
mem[X,0x0000000080000132] -> 0x00F9
[41] [M]: 0x0000000080000130 (0x00F96933) or x18, x18, x15                          rvtest_entrypoint+76
x18 <- 0x0001F56FF76DF56F

clint mtime 0x0000000000000015 (mip.MTI <- 0b1, mip.STI <- 0b0)
mem[X,0x0000000080000134] -> 0x5993
mem[X,0x0000000080000136] -> 0x0079
[42] [M]: 0x0000000080000134 (0x00795993) srli x19, x18, 0x7                        rvtest_entrypoint+80
x19 <- 0x000003EADFEEDBEA

mem[X,0x0000000080000138] -> 0x5793
mem[X,0x000000008000013A] -> 0x0399
[43] [M]: 0x0000000080000138 (0x03995793) srli x15, x18, 0x39                       rvtest_entrypoint+84
x15 <- 0x0000000000000000

clint mtime 0x0000000000000016 (mip.MTI <- 0b1, mip.STI <- 0b0)
mem[X,0x000000008000013C] -> 0xE9B3
mem[X,0x000000008000013E] -> 0x00F9
[44] [M]: 0x000000008000013C (0x00F9E9B3) or x19, x19, x15                          rvtest_entrypoint+88
x19 <- 0x000003EADFEEDBEA

mem[X,0x0000000080000140] -> 0xDA13
mem[X,0x0000000080000142] -> 0x0079
[45] [M]: 0x0000000080000140 (0x0079DA13) srli x20, x19, 0x7                        rvtest_entrypoint+92
x20 <- 0x00000007D5BFDDB7

clint mtime 0x0000000000000017 (mip.MTI <- 0b1, mip.STI <- 0b0)
mem[X,0x0000000080000144] -> 0xD793
mem[X,0x0000000080000146] -> 0x0399
[46] [M]: 0x0000000080000144 (0x0399D793) srli x15, x19, 0x39                       rvtest_entrypoint+96
x15 <- 0x0000000000000000

mem[X,0x0000000080000148] -> 0x6A33
mem[X,0x000000008000014A] -> 0x00FA
[47] [M]: 0x0000000080000148 (0x00FA6A33) or x20, x20, x15                          rvtest_entrypoint+100
x20 <- 0x00000007D5BFDDB7

clint mtime 0x0000000000000018 (mip.MTI <- 0b1, mip.STI <- 0b0)
mem[X,0x000000008000014C] -> 0x5A93
mem[X,0x000000008000014E] -> 0x007A
[48] [M]: 0x000000008000014C (0x007A5A93) srli x21, x20, 0x7                        rvtest_entrypoint+104
x21 <- 0x000000000FAB7FBB

mem[X,0x0000000080000150] -> 0x5793
mem[X,0x0000000080000152] -> 0x039A
[49] [M]: 0x0000000080000150 (0x039A5793) srli x15, x20, 0x39                       rvtest_entrypoint+108
x15 <- 0x0000000000000000

clint mtime 0x0000000000000019 (mip.MTI <- 0b1, mip.STI <- 0b0)
mem[X,0x0000000080000154] -> 0xEAB3
mem[X,0x0000000080000156] -> 0x00FA
[50] [M]: 0x0000000080000154 (0x00FAEAB3) or x21, x21, x15                          rvtest_entrypoint+112
x21 <- 0x000000000FAB7FBB

mem[X,0x0000000080000158] -> 0xDB13
mem[X,0x000000008000015A] -> 0x007A
[51] [M]: 0x0000000080000158 (0x007ADB13) srli x22, x21, 0x7                        rvtest_entrypoint+116
x22 <- 0x00000000001F56FF

clint mtime 0x000000000000001A (mip.MTI <- 0b1, mip.STI <- 0b0)
mem[X,0x000000008000015C] -> 0xD793
mem[X,0x000000008000015E] -> 0x039A
[52] [M]: 0x000000008000015C (0x039AD793) srli x15, x21, 0x39                       rvtest_entrypoint+120
x15 <- 0x0000000000000000

mem[X,0x0000000080000160] -> 0x6B33
mem[X,0x0000000080000162] -> 0x00FB
[53] [M]: 0x0000000080000160 (0x00FB6B33) or x22, x22, x15                          rvtest_entrypoint+124
x22 <- 0x00000000001F56FF

clint mtime 0x000000000000001B (mip.MTI <- 0b1, mip.STI <- 0b0)
mem[X,0x0000000080000164] -> 0x5B93
mem[X,0x0000000080000166] -> 0x007B
[54] [M]: 0x0000000080000164 (0x007B5B93) srli x23, x22, 0x7                        rvtest_entrypoint+128
x23 <- 0x0000000000003EAD

mem[X,0x0000000080000168] -> 0x5793
mem[X,0x000000008000016A] -> 0x039B
[55] [M]: 0x0000000080000168 (0x039B5793) srli x15, x22, 0x39                       rvtest_entrypoint+132
x15 <- 0x0000000000000000

clint mtime 0x000000000000001C (mip.MTI <- 0b1, mip.STI <- 0b0)
mem[X,0x000000008000016C] -> 0xEBB3
mem[X,0x000000008000016E] -> 0x00FB
[56] [M]: 0x000000008000016C (0x00FBEBB3) or x23, x23, x15                          rvtest_entrypoint+136
x23 <- 0x0000000000003EAD

mem[X,0x0000000080000170] -> 0xDC13
mem[X,0x0000000080000172] -> 0x007B
[57] [M]: 0x0000000080000170 (0x007BDC13) srli x24, x23, 0x7                        rvtest_entrypoint+140
x24 <- 0x000000000000007D

clint mtime 0x000000000000001D (mip.MTI <- 0b1, mip.STI <- 0b0)
mem[X,0x0000000080000174] -> 0xD793
mem[X,0x0000000080000176] -> 0x039B
[58] [M]: 0x0000000080000174 (0x039BD793) srli x15, x23, 0x39                       rvtest_entrypoint+144
x15 <- 0x0000000000000000

mem[X,0x0000000080000178] -> 0x6C33
mem[X,0x000000008000017A] -> 0x00FC
[59] [M]: 0x0000000080000178 (0x00FC6C33) or x24, x24, x15                          rvtest_entrypoint+148
x24 <- 0x000000000000007D

clint mtime 0x000000000000001E (mip.MTI <- 0b1, mip.STI <- 0b0)
mem[X,0x000000008000017C] -> 0x5C93
mem[X,0x000000008000017E] -> 0x007C
[60] [M]: 0x000000008000017C (0x007C5C93) srli x25, x24, 0x7                        rvtest_entrypoint+152
x25 <- 0x0000000000000000

mem[X,0x0000000080000180] -> 0x5793
mem[X,0x0000000080000182] -> 0x039C
[61] [M]: 0x0000000080000180 (0x039C5793) srli x15, x24, 0x39                       rvtest_entrypoint+156
x15 <- 0x0000000000000000

clint mtime 0x000000000000001F (mip.MTI <- 0b1, mip.STI <- 0b0)
mem[X,0x0000000080000184] -> 0xECB3
mem[X,0x0000000080000186] -> 0x00FC
[62] [M]: 0x0000000080000184 (0x00FCECB3) or x25, x25, x15                          rvtest_entrypoint+160
x25 <- 0x0000000000000000

mem[X,0x0000000080000188] -> 0xDD13
mem[X,0x000000008000018A] -> 0x007C
[63] [M]: 0x0000000080000188 (0x007CDD13) srli x26, x25, 0x7                        rvtest_entrypoint+164
x26 <- 0x0000000000000000

clint mtime 0x0000000000000020 (mip.MTI <- 0b1, mip.STI <- 0b0)
mem[X,0x000000008000018C] -> 0xD793
mem[X,0x000000008000018E] -> 0x039C
[64] [M]: 0x000000008000018C (0x039CD793) srli x15, x25, 0x39                       rvtest_entrypoint+168
x15 <- 0x0000000000000000

mem[X,0x0000000080000190] -> 0x6D33
mem[X,0x0000000080000192] -> 0x00FD
[65] [M]: 0x0000000080000190 (0x00FD6D33) or x26, x26, x15                          rvtest_entrypoint+172
x26 <- 0x0000000000000000

clint mtime 0x0000000000000021 (mip.MTI <- 0b1, mip.STI <- 0b0)
mem[X,0x0000000080000194] -> 0x5D93
mem[X,0x0000000080000196] -> 0x007D
[66] [M]: 0x0000000080000194 (0x007D5D93) srli x27, x26, 0x7                        rvtest_entrypoint+176
x27 <- 0x0000000000000000

mem[X,0x0000000080000198] -> 0x5793
mem[X,0x000000008000019A] -> 0x039D
[67] [M]: 0x0000000080000198 (0x039D5793) srli x15, x26, 0x39                       rvtest_entrypoint+180
x15 <- 0x0000000000000000

clint mtime 0x0000000000000022 (mip.MTI <- 0b1, mip.STI <- 0b0)
mem[X,0x000000008000019C] -> 0xEDB3
mem[X,0x000000008000019E] -> 0x00FD
[68] [M]: 0x000000008000019C (0x00FDEDB3) or x27, x27, x15                          rvtest_entrypoint+184
x27 <- 0x0000000000000000

mem[X,0x00000000800001A0] -> 0xDE13
mem[X,0x00000000800001A2] -> 0x007D
[69] [M]: 0x00000000800001A0 (0x007DDE13) srli x28, x27, 0x7                        rvtest_entrypoint+188
x28 <- 0x0000000000000000

clint mtime 0x0000000000000023 (mip.MTI <- 0b1, mip.STI <- 0b0)
mem[X,0x00000000800001A4] -> 0xD793
mem[X,0x00000000800001A6] -> 0x039D
[70] [M]: 0x00000000800001A4 (0x039DD793) srli x15, x27, 0x39                       rvtest_entrypoint+192
x15 <- 0x0000000000000000

mem[X,0x00000000800001A8] -> 0x6E33
mem[X,0x00000000800001AA] -> 0x00FE
[71] [M]: 0x00000000800001A8 (0x00FE6E33) or x28, x28, x15                          rvtest_entrypoint+196
x28 <- 0x0000000000000000

clint mtime 0x0000000000000024 (mip.MTI <- 0b1, mip.STI <- 0b0)
mem[X,0x00000000800001AC] -> 0x5E93
mem[X,0x00000000800001AE] -> 0x007E
[72] [M]: 0x00000000800001AC (0x007E5E93) srli x29, x28, 0x7                        rvtest_entrypoint+200
x29 <- 0x0000000000000000

mem[X,0x00000000800001B0] -> 0x5793
mem[X,0x00000000800001B2] -> 0x039E
[73] [M]: 0x00000000800001B0 (0x039E5793) srli x15, x28, 0x39                       rvtest_entrypoint+204
x15 <- 0x0000000000000000

clint mtime 0x0000000000000025 (mip.MTI <- 0b1, mip.STI <- 0b0)
mem[X,0x00000000800001B4] -> 0xEEB3
mem[X,0x00000000800001B6] -> 0x00FE
[74] [M]: 0x00000000800001B4 (0x00FEEEB3) or x29, x29, x15                          rvtest_entrypoint+208
x29 <- 0x0000000000000000

mem[X,0x00000000800001B8] -> 0xDF13
mem[X,0x00000000800001BA] -> 0x007E
[75] [M]: 0x00000000800001B8 (0x007EDF13) srli x30, x29, 0x7                        rvtest_entrypoint+212
x30 <- 0x0000000000000000

clint mtime 0x0000000000000026 (mip.MTI <- 0b1, mip.STI <- 0b0)
mem[X,0x00000000800001BC] -> 0xD793
mem[X,0x00000000800001BE] -> 0x039E
[76] [M]: 0x00000000800001BC (0x039ED793) srli x15, x29, 0x39                       rvtest_entrypoint+216
x15 <- 0x0000000000000000

mem[X,0x00000000800001C0] -> 0x6F33
mem[X,0x00000000800001C2] -> 0x00FF
[77] [M]: 0x00000000800001C0 (0x00FF6F33) or x30, x30, x15                          rvtest_entrypoint+220
x30 <- 0x0000000000000000

clint mtime 0x0000000000000027 (mip.MTI <- 0b1, mip.STI <- 0b0)
mem[X,0x00000000800001C4] -> 0xC0B7
mem[X,0x00000000800001C6] -> 0xFEED
[78] [M]: 0x00000000800001C4 (0xFEEDC0B7) lui x1, -0x1124                           rvtest_entrypoint+224
x1 <- 0xFFFFFFFFFEEDC000

mem[X,0x00000000800001C8] -> 0x8093
mem[X,0x00000000800001CA] -> 0xEAD0
[79] [M]: 0x00000000800001C8 (0xEAD08093) addi x1, x1, -0x153                       rvtest_entrypoint+228
x1 <- 0xFFFFFFFFFEEDBEAD

clint mtime 0x0000000000000028 (mip.MTI <- 0b1, mip.STI <- 0b0)
mem[X,0x00000000800001CC] -> 0x9093
mem[X,0x00000000800001CE] -> 0x00B0
[80] [M]: 0x00000000800001CC (0x00B09093) slli x1, x1, 0xb                          rvtest_entrypoint+232
x1 <- 0xFFFFFFF76DF56800

mem[X,0x00000000800001D0] -> 0x8093
mem[X,0x00000000800001D2] -> 0x7F70
[81] [M]: 0x00000000800001D0 (0x7F708093) addi x1, x1, 0x7f7                        rvtest_entrypoint+236
x1 <- 0xFFFFFFF76DF56FF7

clint mtime 0x0000000000000029 (mip.MTI <- 0b1, mip.STI <- 0b0)
mem[X,0x00000000800001D4] -> 0x9093
mem[X,0x00000000800001D6] -> 0x00B0
[82] [M]: 0x00000000800001D4 (0x00B09093) slli x1, x1, 0xb                          rvtest_entrypoint+240
x1 <- 0xFFFFBB6FAB7FB800

mem[X,0x00000000800001D8] -> 0x8093
mem[X,0x00000000800001DA] -> 0x36F0
[83] [M]: 0x00000000800001D8 (0x36F08093) addi x1, x1, 0x36f                        rvtest_entrypoint+244
x1 <- 0xFFFFBB6FAB7FBB6F

clint mtime 0x000000000000002A (mip.MTI <- 0b1, mip.STI <- 0b0)
mem[X,0x00000000800001DC] -> 0x9093
mem[X,0x00000000800001DE] -> 0x00A0
[84] [M]: 0x00000000800001DC (0x00A09093) slli x1, x1, 0xa                          rvtest_entrypoint+248
x1 <- 0xFEEDBEADFEEDBC00

mem[X,0x00000000800001E0] -> 0x8093
mem[X,0x00000000800001E2] -> 0x2AD0
[85] [M]: 0x00000000800001E0 (0x2AD08093) addi x1, x1, 0x2ad                        rvtest_entrypoint+252
x1 <- 0xFEEDBEADFEEDBEAD

clint mtime 0x000000000000002B (mip.MTI <- 0b1, mip.STI <- 0b0)
mem[X,0x00000000800001E4] -> 0xD113
mem[X,0x00000000800001E6] -> 0x0070
[86] [M]: 0x00000000800001E4 (0x0070D113) srli x2, x1, 0x7                          rvtest_entrypoint+256
x2 <- 0x01FDDB7D5BFDDB7D

mem[X,0x00000000800001E8] -> 0xD793
mem[X,0x00000000800001EA] -> 0x0390
[87] [M]: 0x00000000800001E8 (0x0390D793) srli x15, x1, 0x39                        rvtest_entrypoint+260
x15 <- 0x000000000000007F

clint mtime 0x000000000000002C (mip.MTI <- 0b1, mip.STI <- 0b0)
mem[X,0x00000000800001EC] -> 0x6133
mem[X,0x00000000800001EE] -> 0x00F1
[88] [M]: 0x00000000800001EC (0x00F16133) or x2, x2, x15                            rvtest_entrypoint+264
x2 <- 0x01FDDB7D5BFDDB7F

mem[X,0x00000000800001F0] -> 0x5193
mem[X,0x00000000800001F2] -> 0x0071
[89] [M]: 0x00000000800001F0 (0x00715193) srli x3, x2, 0x7                          rvtest_entrypoint+268
x3 <- 0x0003FBB6FAB7FBB6

clint mtime 0x000000000000002D (mip.MTI <- 0b1, mip.STI <- 0b0)
mem[X,0x00000000800001F4] -> 0x5793
mem[X,0x00000000800001F6] -> 0x0391
[90] [M]: 0x00000000800001F4 (0x03915793) srli x15, x2, 0x39                        rvtest_entrypoint+272
x15 <- 0x0000000000000000

mem[X,0x00000000800001F8] -> 0xE1B3
mem[X,0x00000000800001FA] -> 0x00F1
[91] [M]: 0x00000000800001F8 (0x00F1E1B3) or x3, x3, x15                            rvtest_entrypoint+276
x3 <- 0x0003FBB6FAB7FBB6

clint mtime 0x000000000000002E (mip.MTI <- 0b1, mip.STI <- 0b0)
mem[X,0x00000000800001FC] -> 0xD213
mem[X,0x00000000800001FE] -> 0x0071
[92] [M]: 0x00000000800001FC (0x0071D213) srli x4, x3, 0x7                          rvtest_entrypoint+280
x4 <- 0x000007F76DF56FF7

mem[X,0x0000000080000200] -> 0xD793
mem[X,0x0000000080000202] -> 0x0391
[93] [M]: 0x0000000080000200 (0x0391D793) srli x15, x3, 0x39                        rvtest_entrypoint+284
x15 <- 0x0000000000000000

clint mtime 0x000000000000002F (mip.MTI <- 0b1, mip.STI <- 0b0)
mem[X,0x0000000080000204] -> 0x6233
mem[X,0x0000000080000206] -> 0x00F2
[94] [M]: 0x0000000080000204 (0x00F26233) or x4, x4, x15                            rvtest_entrypoint+288
x4 <- 0x000007F76DF56FF7

mem[X,0x0000000080000208] -> 0x5293
mem[X,0x000000008000020A] -> 0x0072
[95] [M]: 0x0000000080000208 (0x00725293) srli x5, x4, 0x7                          rvtest_entrypoint+292
x5 <- 0x0000000FEEDBEADF

clint mtime 0x0000000000000030 (mip.MTI <- 0b1, mip.STI <- 0b0)
mem[X,0x000000008000020C] -> 0x5793
mem[X,0x000000008000020E] -> 0x0392
[96] [M]: 0x000000008000020C (0x03925793) srli x15, x4, 0x39                        rvtest_entrypoint+296
x15 <- 0x0000000000000000

mem[X,0x0000000080000210] -> 0xE2B3
mem[X,0x0000000080000212] -> 0x00F2
[97] [M]: 0x0000000080000210 (0x00F2E2B3) or x5, x5, x15                            rvtest_entrypoint+300
x5 <- 0x0000000FEEDBEADF

clint mtime 0x0000000000000031 (mip.MTI <- 0b1, mip.STI <- 0b0)
mem[X,0x0000000080000214] -> 0xD313
mem[X,0x0000000080000216] -> 0x0072
[98] [M]: 0x0000000080000214 (0x0072D313) srli x6, x5, 0x7                          rvtest_entrypoint+304
x6 <- 0x000000001FDDB7D5

mem[X,0x0000000080000218] -> 0xD793
mem[X,0x000000008000021A] -> 0x0392
[99] [M]: 0x0000000080000218 (0x0392D793) srli x15, x5, 0x39                        rvtest_entrypoint+308
x15 <- 0x0000000000000000

clint mtime 0x0000000000000032 (mip.MTI <- 0b1, mip.STI <- 0b0)
mem[X,0x000000008000021C] -> 0x6333
mem[X,0x000000008000021E] -> 0x00F3
[100] [M]: 0x000000008000021C (0x00F36333) or x6, x6, x15                           rvtest_entrypoint+312
x6 <- 0x000000001FDDB7D5

mem[X,0x0000000080000220] -> 0x5393
mem[X,0x0000000080000222] -> 0x0073
[101] [M]: 0x0000000080000220 (0x00735393) srli x7, x6, 0x7                         rvtest_entrypoint+316
x7 <- 0x00000000003FBB6F

clint mtime 0x0000000000000033 (mip.MTI <- 0b1, mip.STI <- 0b0)
mem[X,0x0000000080000224] -> 0x5793
mem[X,0x0000000080000226] -> 0x0393
[102] [M]: 0x0000000080000224 (0x03935793) srli x15, x6, 0x39                       rvtest_entrypoint+320
x15 <- 0x0000000000000000

mem[X,0x0000000080000228] -> 0xE3B3
mem[X,0x000000008000022A] -> 0x00F3
[103] [M]: 0x0000000080000228 (0x00F3E3B3) or x7, x7, x15                           rvtest_entrypoint+324
x7 <- 0x00000000003FBB6F

clint mtime 0x0000000000000034 (mip.MTI <- 0b1, mip.STI <- 0b0)
mem[X,0x000000008000022C] -> 0xD413
mem[X,0x000000008000022E] -> 0x0073
[104] [M]: 0x000000008000022C (0x0073D413) srli x8, x7, 0x7                         rvtest_entrypoint+328
x8 <- 0x0000000000007F76

mem[X,0x0000000080000230] -> 0xD793
mem[X,0x0000000080000232] -> 0x0393
[105] [M]: 0x0000000080000230 (0x0393D793) srli x15, x7, 0x39                       rvtest_entrypoint+332
x15 <- 0x0000000000000000

clint mtime 0x0000000000000035 (mip.MTI <- 0b1, mip.STI <- 0b0)
mem[X,0x0000000080000234] -> 0x6433
mem[X,0x0000000080000236] -> 0x00F4
[106] [M]: 0x0000000080000234 (0x00F46433) or x8, x8, x15                           rvtest_entrypoint+336
x8 <- 0x0000000000007F76

mem[X,0x0000000080000238] -> 0x5493
mem[X,0x000000008000023A] -> 0x0074
[107] [M]: 0x0000000080000238 (0x00745493) srli x9, x8, 0x7                         rvtest_entrypoint+340
x9 <- 0x00000000000000FE

clint mtime 0x0000000000000036 (mip.MTI <- 0b1, mip.STI <- 0b0)
mem[X,0x000000008000023C] -> 0x5793
mem[X,0x000000008000023E] -> 0x0394
[108] [M]: 0x000000008000023C (0x03945793) srli x15, x8, 0x39                       rvtest_entrypoint+344
x15 <- 0x0000000000000000

mem[X,0x0000000080000240] -> 0xE4B3
mem[X,0x0000000080000242] -> 0x00F4
[109] [M]: 0x0000000080000240 (0x00F4E4B3) or x9, x9, x15                           rvtest_entrypoint+348
x9 <- 0x00000000000000FE

clint mtime 0x0000000000000037 (mip.MTI <- 0b1, mip.STI <- 0b0)
mem[X,0x0000000080000244] -> 0xD513
mem[X,0x0000000080000246] -> 0x0074
[110] [M]: 0x0000000080000244 (0x0074D513) srli x10, x9, 0x7                        rvtest_entrypoint+352
x10 <- 0x0000000000000001

mem[X,0x0000000080000248] -> 0xD793
mem[X,0x000000008000024A] -> 0x0394
[111] [M]: 0x0000000080000248 (0x0394D793) srli x15, x9, 0x39                       rvtest_entrypoint+356
x15 <- 0x0000000000000000

clint mtime 0x0000000000000038 (mip.MTI <- 0b1, mip.STI <- 0b0)
mem[X,0x000000008000024C] -> 0x6533
mem[X,0x000000008000024E] -> 0x00F5
[112] [M]: 0x000000008000024C (0x00F56533) or x10, x10, x15                         rvtest_entrypoint+360
x10 <- 0x0000000000000001

mem[X,0x0000000080000250] -> 0x5593
mem[X,0x0000000080000252] -> 0x0075
[113] [M]: 0x0000000080000250 (0x00755593) srli x11, x10, 0x7                       rvtest_entrypoint+364
x11 <- 0x0000000000000000

clint mtime 0x0000000000000039 (mip.MTI <- 0b1, mip.STI <- 0b0)
mem[X,0x0000000080000254] -> 0x5793
mem[X,0x0000000080000256] -> 0x0395
[114] [M]: 0x0000000080000254 (0x03955793) srli x15, x10, 0x39                      rvtest_entrypoint+368
x15 <- 0x0000000000000000

mem[X,0x0000000080000258] -> 0xE5B3
mem[X,0x000000008000025A] -> 0x00F5
[115] [M]: 0x0000000080000258 (0x00F5E5B3) or x11, x11, x15                         rvtest_entrypoint+372
x11 <- 0x0000000000000000

clint mtime 0x000000000000003A (mip.MTI <- 0b1, mip.STI <- 0b0)
mem[X,0x000000008000025C] -> 0xD613
mem[X,0x000000008000025E] -> 0x0075
[116] [M]: 0x000000008000025C (0x0075D613) srli x12, x11, 0x7                       rvtest_entrypoint+376
x12 <- 0x0000000000000000

mem[X,0x0000000080000260] -> 0xD793
mem[X,0x0000000080000262] -> 0x0395
[117] [M]: 0x0000000080000260 (0x0395D793) srli x15, x11, 0x39                      rvtest_entrypoint+380
x15 <- 0x0000000000000000

clint mtime 0x000000000000003B (mip.MTI <- 0b1, mip.STI <- 0b0)
mem[X,0x0000000080000264] -> 0x6633
mem[X,0x0000000080000266] -> 0x00F6
[118] [M]: 0x0000000080000264 (0x00F66633) or x12, x12, x15                         rvtest_entrypoint+384
x12 <- 0x0000000000000000

mem[X,0x0000000080000268] -> 0x5693
mem[X,0x000000008000026A] -> 0x0076
[119] [M]: 0x0000000080000268 (0x00765693) srli x13, x12, 0x7                       rvtest_entrypoint+388
x13 <- 0x0000000000000000

clint mtime 0x000000000000003C (mip.MTI <- 0b1, mip.STI <- 0b0)
mem[X,0x000000008000026C] -> 0x5793
mem[X,0x000000008000026E] -> 0x0396
[120] [M]: 0x000000008000026C (0x03965793) srli x15, x12, 0x39                      rvtest_entrypoint+392
x15 <- 0x0000000000000000

mem[X,0x0000000080000270] -> 0xE6B3
mem[X,0x0000000080000272] -> 0x00F6
[121] [M]: 0x0000000080000270 (0x00F6E6B3) or x13, x13, x15                         rvtest_entrypoint+396
x13 <- 0x0000000000000000

clint mtime 0x000000000000003D (mip.MTI <- 0b1, mip.STI <- 0b0)
mem[X,0x0000000080000274] -> 0x0013
mem[X,0x0000000080000276] -> 0x0000
[122] [M]: 0x0000000080000274 (0x00000013) addi x0, x0, 0x0                         rvtest_code_begin+0

mem[X,0x0000000080000278] -> 0x0013
mem[X,0x000000008000027A] -> 0x0000
[123] [M]: 0x0000000080000278 (0x00000013) addi x0, x0, 0x0                         rvtest_code_begin+4

clint mtime 0x000000000000003E (mip.MTI <- 0b1, mip.STI <- 0b0)
mem[X,0x000000008000027C] -> 0x0013
mem[X,0x000000008000027E] -> 0x0000
[124] [M]: 0x000000008000027C (0x00000013) addi x0, x0, 0x0                         rvtest_code_begin+8

mem[X,0x0000000080000280] -> 0x3097
mem[X,0x0000000080000282] -> 0x0000
[125] [M]: 0x0000000080000280 (0x00003097) auipc x1, 0x3                            rvtest_code_begin+12
x1 <- 0x0000000080003280

clint mtime 0x000000000000003F (mip.MTI <- 0b1, mip.STI <- 0b0)
mem[X,0x0000000080000284] -> 0x8093
mem[X,0x0000000080000286] -> 0xE980
[126] [M]: 0x0000000080000284 (0xE9808093) addi x1, x1, -0x168                      rvtest_code_begin+16
x1 <- 0x0000000080003118

mem[X,0x0000000080000288] -> 0x0001
[127] [M]: 0x0000000080000288 (0x0001) c.nop                                        rvtest_code_begin+20

clint mtime 0x0000000000000040 (mip.MTI <- 0b1, mip.STI <- 0b0)
mem[X,0x000000008000028A] -> 0x0013
mem[X,0x000000008000028C] -> 0x0000
[128] [M]: 0x000000008000028A (0x00000013) addi x0, x0, 0x0                         rvtest_code_begin+22

mem[X,0x000000008000028E] -> 0x0013
mem[X,0x0000000080000290] -> 0x0000
[129] [M]: 0x000000008000028E (0x00000013) addi x0, x0, 0x0                         rvtest_code_begin+26

clint mtime 0x0000000000000041 (mip.MTI <- 0b1, mip.STI <- 0b0)
mem[X,0x0000000080000292] -> 0x0013
mem[X,0x0000000080000294] -> 0x0000
[130] [M]: 0x0000000080000292 (0x00000013) addi x0, x0, 0x0                         rvtest_code_begin+30

mem[X,0x0000000080000296] -> 0x0013
mem[X,0x0000000080000298] -> 0x0000
[131] [M]: 0x0000000080000296 (0x00000013) addi x0, x0, 0x0                         rvtest_code_begin+34

clint mtime 0x0000000000000042 (mip.MTI <- 0b1, mip.STI <- 0b0)
mem[X,0x000000008000029A] -> 0x0013
mem[X,0x000000008000029C] -> 0x0000
[132] [M]: 0x000000008000029A (0x00000013) addi x0, x0, 0x0                         rvtest_code_begin+38

mem[X,0x000000008000029E] -> 0x0001
[133] [M]: 0x000000008000029E (0x0001) c.nop                                        rvtest_code_begin+42

clint mtime 0x0000000000000043 (mip.MTI <- 0b1, mip.STI <- 0b0)
mem[X,0x00000000800002A0] -> 0x0593
mem[X,0x00000000800002A2] -> 0x0010
[134] [M]: 0x00000000800002A0 (0x00100593) addi x11, x0, 0x1                        inst_0+0
x11 <- 0x0000000000000001

mem[X,0x00000000800002A4] -> 0x9593
mem[X,0x00000000800002A6] -> 0x0225
[135] [M]: 0x00000000800002A4 (0x02259593) slli x11, x11, 0x22                      inst_0+4
x11 <- 0x0000000400000000

clint mtime 0x0000000000000044 (mip.MTI <- 0b1, mip.STI <- 0b0)
mem[X,0x00000000800002A8] -> 0xC593
mem[X,0x00000000800002AA] -> 0xFFF5
[136] [M]: 0x00000000800002A8 (0xFFF5C593) xori x11, x11, -0x1                      inst_0+8
x11 <- 0xFFFFFFFBFFFFFFFF

mem[X,0x00000000800002AC] -> 0x8513
mem[X,0x00000000800002AE] -> 0x0010
[137] [M]: 0x00000000800002AC (0x00108513) addi x10, x1, 0x1                        inst_0+12
x10 <- 0x0000000080003119

clint mtime 0x0000000000000045 (mip.MTI <- 0b1, mip.STI <- 0b0)
mem[X,0x00000000800002B0] -> 0x0113
mem[X,0x00000000800002B2] -> 0x0020
[138] [M]: 0x00000000800002B0 (0x00200113) addi x2, x0, 0x2                         inst_0+16
x2 <- 0x0000000000000002

mem[X,0x00000000800002B4] -> 0x0533
mem[X,0x00000000800002B6] -> 0x4025
[139] [M]: 0x00000000800002B4 (0x40250533) sub x10, x10, x2                         inst_0+20
x10 <- 0x0000000080003117

clint mtime 0x0000000000000046 (mip.MTI <- 0b1, mip.STI <- 0b0)
mem[X,0x00000000800002B8] -> 0x3123
mem[X,0x00000000800002BA] -> 0x00B5
[140] [M]: 0x00000000800002B8 (0x00B53123) sd x11, 0x2(x10)                         inst_0+24
mem[W,0x0000000080003119] <- 0xFF
mem[W,0x000000008000311A] <- 0xFF
mem[W,0x000000008000311B] <- 0xFF
mem[W,0x000000008000311C] <- 0xFF
mem[W,0x000000008000311D] <- 0xFB
mem[W,0x000000008000311E] <- 0xFF
mem[W,0x000000008000311F] <- 0xFF
mem[W,0x0000000080003120] <- 0xFF

mem[X,0x00000000800002BC] -> 0x0013
mem[X,0x00000000800002BE] -> 0x0000
[141] [M]: 0x00000000800002BC (0x00000013) addi x0, x0, 0x0                         inst_0+28

clint mtime 0x0000000000000047 (mip.MTI <- 0b1, mip.STI <- 0b0)
mem[X,0x00000000800002C0] -> 0x0013
mem[X,0x00000000800002C2] -> 0x0000
[142] [M]: 0x00000000800002C0 (0x00000013) addi x0, x0, 0x0                         inst_0+32

mem[X,0x00000000800002C4] -> 0x0593
mem[X,0x00000000800002C6] -> 0x0010
[143] [M]: 0x00000000800002C4 (0x00100593) addi x11, x0, 0x1                        inst_1+0
x11 <- 0x0000000000000001

clint mtime 0x0000000000000048 (mip.MTI <- 0b1, mip.STI <- 0b0)
mem[X,0x00000000800002C8] -> 0x9593
mem[X,0x00000000800002CA] -> 0x02C5
[144] [M]: 0x00000000800002C8 (0x02C59593) slli x11, x11, 0x2c                      inst_1+4
x11 <- 0x0000100000000000

mem[X,0x00000000800002CC] -> 0x8513
mem[X,0x00000000800002CE] -> 0x00A0
[145] [M]: 0x00000000800002CC (0x00A08513) addi x10, x1, 0xa                        inst_1+8
x10 <- 0x0000000080003122

clint mtime 0x0000000000000049 (mip.MTI <- 0b1, mip.STI <- 0b0)
mem[X,0x00000000800002D0] -> 0x0113
mem[X,0x00000000800002D2] -> 0x0800
[146] [M]: 0x00000000800002D0 (0x08000113) addi x2, x0, 0x80                        inst_1+12
x2 <- 0x0000000000000080

mem[X,0x00000000800002D4] -> 0x0533
mem[X,0x00000000800002D6] -> 0x4025
[147] [M]: 0x00000000800002D4 (0x40250533) sub x10, x10, x2                         inst_1+16
x10 <- 0x00000000800030A2

clint mtime 0x000000000000004A (mip.MTI <- 0b1, mip.STI <- 0b0)
mem[X,0x00000000800002D8] -> 0x3023
mem[X,0x00000000800002DA] -> 0x08B5
[148] [M]: 0x00000000800002D8 (0x08B53023) sd x11, 0x80(x10)                        inst_1+20
mem[W,0x0000000080003122] <- 0x0000
mem[W,0x0000000080003124] <- 0x0000
mem[W,0x0000000080003126] <- 0x1000
mem[W,0x0000000080003128] <- 0x0000

mem[X,0x00000000800002DC] -> 0x0013
mem[X,0x00000000800002DE] -> 0x0000
[149] [M]: 0x00000000800002DC (0x00000013) addi x0, x0, 0x0                         inst_1+24

clint mtime 0x000000000000004B (mip.MTI <- 0b1, mip.STI <- 0b0)
mem[X,0x00000000800002E0] -> 0x0013
mem[X,0x00000000800002E2] -> 0x0000
[150] [M]: 0x00000000800002E0 (0x00000013) addi x0, x0, 0x0                         inst_1+28

mem[X,0x00000000800002E4] -> 0x0593
mem[X,0x00000000800002E6] -> 0x0010
[151] [M]: 0x00000000800002E4 (0x00100593) addi x11, x0, 0x1                        inst_2+0
x11 <- 0x0000000000000001

clint mtime 0x000000000000004C (mip.MTI <- 0b1, mip.STI <- 0b0)
mem[X,0x00000000800002E8] -> 0x9593
mem[X,0x00000000800002EA] -> 0x01F5
[152] [M]: 0x00000000800002E8 (0x01F59593) slli x11, x11, 0x1f                      inst_2+4
x11 <- 0x0000000080000000

mem[X,0x00000000800002EC] -> 0x8513
mem[X,0x00000000800002EE] -> 0x0130
[153] [M]: 0x00000000800002EC (0x01308513) addi x10, x1, 0x13                       inst_2+8
x10 <- 0x000000008000312B

clint mtime 0x000000000000004D (mip.MTI <- 0b1, mip.STI <- 0b0)
mem[X,0x00000000800002F0] -> 0x0113
mem[X,0x00000000800002F2] -> 0xBFF0
[154] [M]: 0x00000000800002F0 (0xBFF00113) addi x2, x0, -0x401                      inst_2+12
x2 <- 0xFFFFFFFFFFFFFBFF

mem[X,0x00000000800002F4] -> 0x0533
mem[X,0x00000000800002F6] -> 0x4025
[155] [M]: 0x00000000800002F4 (0x40250533) sub x10, x10, x2                         inst_2+16
x10 <- 0x000000008000352C

clint mtime 0x000000000000004E (mip.MTI <- 0b1, mip.STI <- 0b0)
mem[X,0x00000000800002F8] -> 0x3FA3
mem[X,0x00000000800002FA] -> 0xBEB5
[156] [M]: 0x00000000800002F8 (0xBEB53FA3) sd x11, -0x401(x10)                      inst_2+20
mem[W,0x000000008000312B] <- 0x00
mem[W,0x000000008000312C] <- 0x00
mem[W,0x000000008000312D] <- 0x00
mem[W,0x000000008000312E] <- 0x80
mem[W,0x000000008000312F] <- 0x00
mem[W,0x0000000080003130] <- 0x00
mem[W,0x0000000080003131] <- 0x00
mem[W,0x0000000080003132] <- 0x00

mem[X,0x00000000800002FC] -> 0x0013
mem[X,0x00000000800002FE] -> 0x0000
[157] [M]: 0x00000000800002FC (0x00000013) addi x0, x0, 0x0                         inst_2+24

clint mtime 0x000000000000004F (mip.MTI <- 0b1, mip.STI <- 0b0)
mem[X,0x0000000080000300] -> 0x0013
mem[X,0x0000000080000302] -> 0x0000
[158] [M]: 0x0000000080000300 (0x00000013) addi x0, x0, 0x0                         inst_2+28

mem[X,0x0000000080000304] -> 0x55B7
mem[X,0x0000000080000306] -> 0x5555
[159] [M]: 0x0000000080000304 (0x555555B7) lui x11, 0x55555                         inst_3+0
x11 <- 0x0000000055555000

clint mtime 0x0000000000000050 (mip.MTI <- 0b1, mip.STI <- 0b0)
mem[X,0x0000000080000308] -> 0x8593
mem[X,0x000000008000030A] -> 0x5555
[160] [M]: 0x0000000080000308 (0x55558593) addi x11, x11, 0x555                     inst_3+4
x11 <- 0x0000000055555555

mem[X,0x000000008000030C] -> 0x9593
mem[X,0x000000008000030E] -> 0x00B5
[161] [M]: 0x000000008000030C (0x00B59593) slli x11, x11, 0xb                       inst_3+8
x11 <- 0x000002AAAAAAA800

clint mtime 0x0000000000000051 (mip.MTI <- 0b1, mip.STI <- 0b0)
mem[X,0x0000000080000310] -> 0x8593
mem[X,0x0000000080000312] -> 0x2AA5
[162] [M]: 0x0000000080000310 (0x2AA58593) addi x11, x11, 0x2aa                     inst_3+12
x11 <- 0x000002AAAAAAAAAA

mem[X,0x0000000080000314] -> 0x9593
mem[X,0x0000000080000316] -> 0x00B5
[163] [M]: 0x0000000080000314 (0x00B59593) slli x11, x11, 0xb                       inst_3+16
x11 <- 0x0015555555555000

clint mtime 0x0000000000000052 (mip.MTI <- 0b1, mip.STI <- 0b0)
mem[X,0x0000000080000318] -> 0x8593
mem[X,0x000000008000031A] -> 0x5555
[164] [M]: 0x0000000080000318 (0x55558593) addi x11, x11, 0x555                     inst_3+20
x11 <- 0x0015555555555555

mem[X,0x000000008000031C] -> 0x9593
mem[X,0x000000008000031E] -> 0x00A5
[165] [M]: 0x000000008000031C (0x00A59593) slli x11, x11, 0xa                       inst_3+24
x11 <- 0x5555555555555400

clint mtime 0x0000000000000053 (mip.MTI <- 0b1, mip.STI <- 0b0)
mem[X,0x0000000080000320] -> 0x8593
mem[X,0x0000000080000322] -> 0x1555
[166] [M]: 0x0000000080000320 (0x15558593) addi x11, x11, 0x155                     inst_3+28
x11 <- 0x5555555555555555

mem[X,0x0000000080000324] -> 0x8513
mem[X,0x0000000080000326] -> 0x01C0
[167] [M]: 0x0000000080000324 (0x01C08513) addi x10, x1, 0x1c                       inst_3+32
x10 <- 0x0000000080003134

clint mtime 0x0000000000000054 (mip.MTI <- 0b1, mip.STI <- 0b0)
mem[X,0x0000000080000328] -> 0x0113
mem[X,0x000000008000032A] -> 0x0400
[168] [M]: 0x0000000080000328 (0x04000113) addi x2, x0, 0x40                        inst_3+36
x2 <- 0x0000000000000040

mem[X,0x000000008000032C] -> 0x0533
mem[X,0x000000008000032E] -> 0x4025
[169] [M]: 0x000000008000032C (0x40250533) sub x10, x10, x2                         inst_3+40
x10 <- 0x00000000800030F4

clint mtime 0x0000000000000055 (mip.MTI <- 0b1, mip.STI <- 0b0)
mem[X,0x0000000080000330] -> 0x3023
mem[X,0x0000000080000332] -> 0x04B5
[170] [M]: 0x0000000080000330 (0x04B53023) sd x11, 0x40(x10)                        inst_3+44
mem[W,0x0000000080003134] <- 0x55555555
mem[W,0x0000000080003138] <- 0x55555555

mem[X,0x0000000080000334] -> 0x0013
mem[X,0x0000000080000336] -> 0x0000
[171] [M]: 0x0000000080000334 (0x00000013) addi x0, x0, 0x0                         inst_3+48

clint mtime 0x0000000000000056 (mip.MTI <- 0b1, mip.STI <- 0b0)
mem[X,0x0000000080000338] -> 0x0013
mem[X,0x000000008000033A] -> 0x0000
[172] [M]: 0x0000000080000338 (0x00000013) addi x0, x0, 0x0                         inst_3+52

mem[X,0x000000008000033C] -> 0x0593
mem[X,0x000000008000033E] -> 0xEFF0
[173] [M]: 0x000000008000033C (0xEFF00593) addi x11, x0, -0x101                     inst_4+0
x11 <- 0xFFFFFFFFFFFFFEFF

clint mtime 0x0000000000000057 (mip.MTI <- 0b1, mip.STI <- 0b0)
mem[X,0x0000000080000340] -> 0x8513
mem[X,0x0000000080000342] -> 0x0250
[174] [M]: 0x0000000080000340 (0x02508513) addi x10, x1, 0x25                       inst_4+4
x10 <- 0x000000008000313D

mem[X,0x0000000080000344] -> 0x0113
mem[X,0x0000000080000346] -> 0x8000
[175] [M]: 0x0000000080000344 (0x80000113) addi x2, x0, -0x800                      inst_4+8
x2 <- 0xFFFFFFFFFFFFF800

clint mtime 0x0000000000000058 (mip.MTI <- 0b1, mip.STI <- 0b0)
mem[X,0x0000000080000348] -> 0x0533
mem[X,0x000000008000034A] -> 0x4025
[176] [M]: 0x0000000080000348 (0x40250533) sub x10, x10, x2                         inst_4+12
x10 <- 0x000000008000393D

mem[X,0x000000008000034C] -> 0x3023
mem[X,0x000000008000034E] -> 0x80B5
[177] [M]: 0x000000008000034C (0x80B53023) sd x11, -0x800(x10)                      inst_4+16
mem[W,0x000000008000313D] <- 0xFF
mem[W,0x000000008000313E] <- 0xFE
mem[W,0x000000008000313F] <- 0xFF
mem[W,0x0000000080003140] <- 0xFF
mem[W,0x0000000080003141] <- 0xFF
mem[W,0x0000000080003142] <- 0xFF
mem[W,0x0000000080003143] <- 0xFF
mem[W,0x0000000080003144] <- 0xFF

clint mtime 0x0000000000000059 (mip.MTI <- 0b1, mip.STI <- 0b0)
mem[X,0x0000000080000350] -> 0x0013
mem[X,0x0000000080000352] -> 0x0000
[178] [M]: 0x0000000080000350 (0x00000013) addi x0, x0, 0x0                         inst_4+20

mem[X,0x0000000080000354] -> 0x0013
mem[X,0x0000000080000356] -> 0x0000
[179] [M]: 0x0000000080000354 (0x00000013) addi x0, x0, 0x0                         inst_4+24

clint mtime 0x000000000000005A (mip.MTI <- 0b1, mip.STI <- 0b0)
mem[X,0x0000000080000358] -> 0x0593
mem[X,0x000000008000035A] -> 0xFFD0
[180] [M]: 0x0000000080000358 (0xFFD00593) addi x11, x0, -0x3                       inst_5+0
x11 <- 0xFFFFFFFFFFFFFFFD

mem[X,0x000000008000035C] -> 0x8513
mem[X,0x000000008000035E] -> 0x02E0
[181] [M]: 0x000000008000035C (0x02E08513) addi x10, x1, 0x2e                       inst_5+4
x10 <- 0x0000000080003146

clint mtime 0x000000000000005B (mip.MTI <- 0b1, mip.STI <- 0b0)
mem[X,0x0000000080000360] -> 0x0113
mem[X,0x0000000080000362] -> 0xFFE0
[182] [M]: 0x0000000080000360 (0xFFE00113) addi x2, x0, -0x2                        inst_5+8
x2 <- 0xFFFFFFFFFFFFFFFE

mem[X,0x0000000080000364] -> 0x0533
mem[X,0x0000000080000366] -> 0x4025
[183] [M]: 0x0000000080000364 (0x40250533) sub x10, x10, x2                         inst_5+12
x10 <- 0x0000000080003148

clint mtime 0x000000000000005C (mip.MTI <- 0b1, mip.STI <- 0b0)
mem[X,0x0000000080000368] -> 0x3F23
mem[X,0x000000008000036A] -> 0xFEB5
[184] [M]: 0x0000000080000368 (0xFEB53F23) sd x11, -0x2(x10)                        inst_5+16
mem[W,0x0000000080003146] <- 0xFFFD
mem[W,0x0000000080003148] <- 0xFFFF
mem[W,0x000000008000314A] <- 0xFFFF
mem[W,0x000000008000314C] <- 0xFFFF

mem[X,0x000000008000036C] -> 0x0013
mem[X,0x000000008000036E] -> 0x0000
[185] [M]: 0x000000008000036C (0x00000013) addi x0, x0, 0x0                         inst_5+20

clint mtime 0x000000000000005D (mip.MTI <- 0b1, mip.STI <- 0b0)
mem[X,0x0000000080000370] -> 0x0013
mem[X,0x0000000080000372] -> 0x0000
[186] [M]: 0x0000000080000370 (0x00000013) addi x0, x0, 0x0                         inst_5+24

mem[X,0x0000000080000374] -> 0x0593
mem[X,0x0000000080000376] -> 0x0040
[187] [M]: 0x0000000080000374 (0x00400593) addi x11, x0, 0x4                        inst_6+0
x11 <- 0x0000000000000004

clint mtime 0x000000000000005E (mip.MTI <- 0b1, mip.STI <- 0b0)
mem[X,0x0000000080000378] -> 0x8513
mem[X,0x000000008000037A] -> 0x0370
[188] [M]: 0x0000000080000378 (0x03708513) addi x10, x1, 0x37                       inst_6+4
x10 <- 0x000000008000314F

mem[X,0x000000008000037C] -> 0x0113
mem[X,0x000000008000037E] -> 0x0100
[189] [M]: 0x000000008000037C (0x01000113) addi x2, x0, 0x10                        inst_6+8
x2 <- 0x0000000000000010

clint mtime 0x000000000000005F (mip.MTI <- 0b1, mip.STI <- 0b0)
mem[X,0x0000000080000380] -> 0x0533
mem[X,0x0000000080000382] -> 0x4025
[190] [M]: 0x0000000080000380 (0x40250533) sub x10, x10, x2                         inst_6+12
x10 <- 0x000000008000313F

mem[X,0x0000000080000384] -> 0x3823
mem[X,0x0000000080000386] -> 0x00B5
[191] [M]: 0x0000000080000384 (0x00B53823) sd x11, 0x10(x10)                        inst_6+16
mem[W,0x000000008000314F] <- 0x04
mem[W,0x0000000080003150] <- 0x00
mem[W,0x0000000080003151] <- 0x00
mem[W,0x0000000080003152] <- 0x00
mem[W,0x0000000080003153] <- 0x00
mem[W,0x0000000080003154] <- 0x00
mem[W,0x0000000080003155] <- 0x00
mem[W,0x0000000080003156] <- 0x00

clint mtime 0x0000000000000060 (mip.MTI <- 0b1, mip.STI <- 0b0)
mem[X,0x0000000080000388] -> 0x0013
mem[X,0x000000008000038A] -> 0x0000
[192] [M]: 0x0000000080000388 (0x00000013) addi x0, x0, 0x0                         inst_6+20

mem[X,0x000000008000038C] -> 0x0013
mem[X,0x000000008000038E] -> 0x0000
[193] [M]: 0x000000008000038C (0x00000013) addi x0, x0, 0x0                         inst_6+24

clint mtime 0x0000000000000061 (mip.MTI <- 0b1, mip.STI <- 0b0)
mem[X,0x0000000080000390] -> 0x0113
mem[X,0x0000000080000392] -> 0x0000
[194] [M]: 0x0000000080000390 (0x00000113) addi x2, x0, 0x0                         rvtest_code_end+0
x2 <- 0x0000000000000000

mem[X,0x0000000080000394] -> 0x0073
mem[X,0x0000000080000396] -> 0x0000
[195] [M]: 0x0000000080000394 (0x00000073) ecall                                    rvtest_code_end+4
trapping from M to M to handle m-call
handling exc#m-call at priv M with tval 0x0000000000000000
CSR mstatus (0x300) <- 0x0000000A00001800
CSR mcause (0x342) <- 0x000000000000000B
CSR mtval (0x343) <- 0x0000000000000000
CSR mepc (0x341) <- 0x0000000080000394

clint mtime 0x0000000000000062 (mip.MTI <- 0b1, mip.STI <- 0b0)
mem[X,0x0000000080000440] -> 0x006F
mem[X,0x0000000080000442] -> 0x1000
[196] [M]: 0x0000000080000440 (0x1000006F) jal x0, 0x100                            Mtrampoline+0

mem[X,0x0000000080000540] -> 0x1173
mem[X,0x0000000080000542] -> 0x3401
[197] [M]: 0x0000000080000540 (0x34011173) csrrw x2, mscratch, x2                   trap_Mhandler+0
CSR mscratch (0x340) <- 0x0000000000000000
x2 <- 0x0000000080002000

clint mtime 0x0000000000000063 (mip.MTI <- 0b1, mip.STI <- 0b0)
mem[X,0x0000000080000544] -> 0x3423
mem[X,0x0000000080000546] -> 0x28B1
[198] [M]: 0x0000000080000544 (0x28B13423) sd x11, 0x288(x2)                        trap_Mhandler+4
mem[W,0x0000000080002288] <- 0x0000000000000004

mem[X,0x0000000080000548] -> 0x05EF
mem[X,0x000000008000054A] -> 0x0B80
[199] [M]: 0x0000000080000548 (0x0B8005EF) jal x11, 0xb8                            trap_Mhandler+8
x11 <- 0x000000008000054C

clint mtime 0x0000000000000064 (mip.MTI <- 0b1, mip.STI <- 0b0)
mem[X,0x0000000080000600] -> 0x3023
mem[X,0x0000000080000602] -> 0x28A1
[200] [M]: 0x0000000080000600 (0x28A13023) sd x10, 0x280(x2)                        common_Mhandler+0
mem[W,0x0000000080002280] <- 0x000000008000313F

mem[X,0x0000000080000604] -> 0x1573
mem[X,0x0000000080000606] -> 0x3401
[201] [M]: 0x0000000080000604 (0x34011573) csrrw x10, mscratch, x2                  common_Mhandler+4
CSR mscratch (0x340) <- 0x0000000080002000
x10 <- 0x0000000000000000

clint mtime 0x0000000000000065 (mip.MTI <- 0b1, mip.STI <- 0b0)
mem[X,0x0000000080000608] -> 0x3823
mem[X,0x000000008000060A] -> 0x28A1
[202] [M]: 0x0000000080000608 (0x28A13823) sd x10, 0x290(x2)                        common_Mhandler+8
mem[W,0x0000000080002290] <- 0x0000000000000000

mem[X,0x000000008000060C] -> 0x3503
mem[X,0x000000008000060E] -> 0x2301
[203] [M]: 0x000000008000060C (0x23013503) ld x10, 0x230(x2)                        common_Mhandler+12
mem[R,0x0000000080002230] -> 0x0000000080000614
x10 <- 0x0000000080000614

clint mtime 0x0000000000000066 (mip.MTI <- 0b1, mip.STI <- 0b0)
mem[X,0x0000000080000610] -> 0x0067
mem[X,0x0000000080000612] -> 0x0005
[204] [M]: 0x0000000080000610 (0x00050067) jalr x0, 0x0(x10)                        common_Mhandler+16

mem[X,0x0000000080000614] -> 0x3C23
mem[X,0x0000000080000616] -> 0x2691
[205] [M]: 0x0000000080000614 (0x26913C23) sd x9, 0x278(x2)                         common_Mentry+0
mem[W,0x0000000080002278] <- 0x00000000000000FE

clint mtime 0x0000000000000067 (mip.MTI <- 0b1, mip.STI <- 0b0)
mem[X,0x0000000080000618] -> 0x3823
mem[X,0x000000008000061A] -> 0x2681
[206] [M]: 0x0000000080000618 (0x26813823) sd x8, 0x270(x2)                         common_Mentry+4
mem[W,0x0000000080002270] <- 0x0000000000007F76

mem[X,0x000000008000061C] -> 0x3423
mem[X,0x000000008000061E] -> 0x2671
[207] [M]: 0x000000008000061C (0x26713423) sd x7, 0x268(x2)                         common_Mentry+8
mem[W,0x0000000080002268] <- 0x00000000003FBB6F

clint mtime 0x0000000000000068 (mip.MTI <- 0b1, mip.STI <- 0b0)
mem[X,0x0000000080000620] -> 0x3023
mem[X,0x0000000080000622] -> 0x2661
[208] [M]: 0x0000000080000620 (0x26613023) sd x6, 0x260(x2)                         common_Mentry+12
mem[W,0x0000000080002260] <- 0x000000001FDDB7D5

mem[X,0x0000000080000624] -> 0x2573
mem[X,0x0000000080000626] -> 0x3420
[209] [M]: 0x0000000080000624 (0x34202573) csrrs x10, mcause, x0                    spcl_M2mmode_test+0
CSR mcause (0x342) -> 0x000000000000000B
x10 <- 0x000000000000000B

clint mtime 0x0000000000000069 (mip.MTI <- 0b1, mip.STI <- 0b0)
mem[X,0x0000000080000628] -> 0x04B7
mem[X,0x000000008000062A] -> 0x8000
[210] [M]: 0x0000000080000628 (0x800004B7) lui x9, -0x80000                         spcl_M2mmode_test+4
x9 <- 0xFFFFFFFF80000000

mem[X,0x000000008000062C] -> 0x8493
mem[X,0x000000008000062E] -> 0x0004
[211] [M]: 0x000000008000062C (0x00048493) addi x9, x9, 0x0                         spcl_M2mmode_test+8
x9 <- 0xFFFFFFFF80000000

clint mtime 0x000000000000006A (mip.MTI <- 0b1, mip.STI <- 0b0)
mem[X,0x0000000080000630] -> 0x9493
mem[X,0x0000000080000632] -> 0x00B4
[212] [M]: 0x0000000080000630 (0x00B49493) slli x9, x9, 0xb                         spcl_M2mmode_test+12
x9 <- 0xFFFFFC0000000000

mem[X,0x0000000080000634] -> 0x8493
mem[X,0x0000000080000636] -> 0x0004
[213] [M]: 0x0000000080000634 (0x00048493) addi x9, x9, 0x0                         spcl_M2mmode_test+16
x9 <- 0xFFFFFC0000000000

clint mtime 0x000000000000006B (mip.MTI <- 0b1, mip.STI <- 0b0)
mem[X,0x0000000080000638] -> 0x9493
mem[X,0x000000008000063A] -> 0x00B4
[214] [M]: 0x0000000080000638 (0x00B49493) slli x9, x9, 0xb                         spcl_M2mmode_test+20
x9 <- 0xFFE0000000000000

mem[X,0x000000008000063C] -> 0x8493
mem[X,0x000000008000063E] -> 0x0034
[215] [M]: 0x000000008000063C (0x00348493) addi x9, x9, 0x3                         spcl_M2mmode_test+24
x9 <- 0xFFE0000000000003

clint mtime 0x000000000000006C (mip.MTI <- 0b1, mip.STI <- 0b0)
mem[X,0x0000000080000640] -> 0x9493
mem[X,0x0000000080000642] -> 0x00A4
[216] [M]: 0x0000000080000640 (0x00A49493) slli x9, x9, 0xa                         spcl_M2mmode_test+28
x9 <- 0x8000000000000C00

mem[X,0x0000000080000644] -> 0x8493
mem[X,0x0000000080000646] -> 0x3FC4
[217] [M]: 0x0000000080000644 (0x3FC48493) addi x9, x9, 0x3fc                       spcl_M2mmode_test+32
x9 <- 0x8000000000000FFC

clint mtime 0x000000000000006D (mip.MTI <- 0b1, mip.STI <- 0b0)
mem[X,0x0000000080000648] -> 0xF4B3
mem[X,0x000000008000064A] -> 0x00A4
[218] [M]: 0x0000000080000648 (0x00A4F4B3) and x9, x9, x10                          spcl_M2mmode_test+36
x9 <- 0x0000000000000008

mem[X,0x000000008000064C] -> 0x8493
mem[X,0x000000008000064E] -> 0xFF84
[219] [M]: 0x000000008000064C (0xFF848493) addi x9, x9, -0x8                        spcl_M2mmode_test+40
x9 <- 0x0000000000000000

clint mtime 0x000000000000006E (mip.MTI <- 0b1, mip.STI <- 0b0)
mem[X,0x0000000080000650] -> 0x9663
mem[X,0x0000000080000652] -> 0x0004
[220] [M]: 0x0000000080000650 (0x00049663) bne x9, x0, 0xc                          spcl_M2mmode_test+44

mem[X,0x0000000080000654] -> 0x3383
mem[X,0x0000000080000656] -> 0x2901
[221] [M]: 0x0000000080000654 (0x29013383) ld x7, 0x290(x2)                         spcl_M2mmode_test+48
mem[R,0x0000000080002290] -> 0x0000000000000000
x7 <- 0x0000000000000000

clint mtime 0x000000000000006F (mip.MTI <- 0b1, mip.STI <- 0b0)
mem[X,0x0000000080000658] -> 0x8A63
mem[X,0x000000008000065A] -> 0x6A03
[222] [M]: 0x0000000080000658 (0x6A038A63) beq x7, x0, 0x6b4                        spcl_M2mmode_test+52

mem[X,0x0000000080000D0C] -> 0x0493
mem[X,0x0000000080000D0E] -> 0xFF55
[223] [M]: 0x0000000080000D0C (0xFF550493) addi x9, x10, -0xb                       rtn2mmode+0
x9 <- 0x0000000000000000

clint mtime 0x0000000000000070 (mip.MTI <- 0b1, mip.STI <- 0b0)
mem[X,0x0000000080000D10] -> 0x8C63
mem[X,0x0000000080000D12] -> 0x0004
[224] [M]: 0x0000000080000D10 (0x00048C63) beq x9, x0, 0x18                         rtn2mmode+4

mem[X,0x0000000080000D28] -> 0x23F3
mem[X,0x0000000080000D2A] -> 0x3410
[225] [M]: 0x0000000080000D28 (0x341023F3) csrrs x7, mepc, x0                       rtn_fm_mmode+0
CSR mepc (0x341) -> 0x0000000080000394
x7 <- 0x0000000080000394

clint mtime 0x0000000000000071 (mip.MTI <- 0b1, mip.STI <- 0b0)
mem[X,0x0000000080000D2C] -> 0x83B3
mem[X,0x0000000080000D2E] -> 0x0093
[226] [M]: 0x0000000080000D2C (0x009383B3) add x7, x7, x9                           rtn_fm_mmode+4
x7 <- 0x0000000080000394

mem[X,0x0000000080000D30] -> 0x3303
mem[X,0x0000000080000D32] -> 0x2601
[227] [M]: 0x0000000080000D30 (0x26013303) ld x6, 0x260(x2)                         rtn_fm_mmode+8
mem[R,0x0000000080002260] -> 0x000000001FDDB7D5
x6 <- 0x000000001FDDB7D5

clint mtime 0x0000000000000072 (mip.MTI <- 0b1, mip.STI <- 0b0)
mem[X,0x0000000080000D34] -> 0x3403
mem[X,0x0000000080000D36] -> 0x2701
[228] [M]: 0x0000000080000D34 (0x27013403) ld x8, 0x270(x2)                         rtn_fm_mmode+12
mem[R,0x0000000080002270] -> 0x0000000000007F76
x8 <- 0x0000000000007F76

mem[X,0x0000000080000D38] -> 0x3483
mem[X,0x0000000080000D3A] -> 0x2781
[229] [M]: 0x0000000080000D38 (0x27813483) ld x9, 0x278(x2)                         rtn_fm_mmode+16
mem[R,0x0000000080002278] -> 0x00000000000000FE
x9 <- 0x00000000000000FE

clint mtime 0x0000000000000073 (mip.MTI <- 0b1, mip.STI <- 0b0)
mem[X,0x0000000080000D3C] -> 0x3503
mem[X,0x0000000080000D3E] -> 0x2801
[230] [M]: 0x0000000080000D3C (0x28013503) ld x10, 0x280(x2)                        rtn_fm_mmode+20
mem[R,0x0000000080002280] -> 0x000000008000313F
x10 <- 0x000000008000313F

mem[X,0x0000000080000D40] -> 0x3583
mem[X,0x0000000080000D42] -> 0x2881
[231] [M]: 0x0000000080000D40 (0x28813583) ld x11, 0x288(x2)                        rtn_fm_mmode+24
mem[R,0x0000000080002288] -> 0x0000000000000004
x11 <- 0x0000000000000004

clint mtime 0x0000000000000074 (mip.MTI <- 0b1, mip.STI <- 0b0)
mem[X,0x0000000080000D44] -> 0x3103
mem[X,0x0000000080000D46] -> 0x2901
[232] [M]: 0x0000000080000D44 (0x29013103) ld x2, 0x290(x2)                         rtn_fm_mmode+28
mem[R,0x0000000080002290] -> 0x0000000000000000
x2 <- 0x0000000000000000

mem[X,0x0000000080000D48] -> 0x8067
mem[X,0x0000000080000D4A] -> 0x0043
[233] [M]: 0x0000000080000D48 (0x00438067) jalr x0, 0x4(x7)                         rtn_fm_mmode+32

clint mtime 0x0000000000000075 (mip.MTI <- 0b1, mip.STI <- 0b0)
mem[X,0x0000000080000398] -> 0x2373
mem[X,0x000000008000039A] -> 0x3400
[234] [M]: 0x0000000080000398 (0x34002373) csrrs x6, mscratch, x0                   exit_Mcleanup+0
CSR mscratch (0x340) -> 0x0000000080002000
x6 <- 0x0000000080002000

mem[X,0x000000008000039C] -> 0x3383
mem[X,0x000000008000039E] -> 0x2383
[235] [M]: 0x000000008000039C (0x23833383) ld x7, 0x238(x6)                         resto_Medeleg+0
mem[R,0x0000000080002238] -> 0x0000000000000000
x7 <- 0x0000000000000000

clint mtime 0x0000000000000076 (mip.MTI <- 0b1, mip.STI <- 0b0)
mem[X,0x00000000800003A0] -> 0x3503
mem[X,0x00000000800003A2] -> 0x2503
[236] [M]: 0x00000000800003A0 (0x25033503) ld x10, 0x250(x6)                        resto_Mscratch+0
mem[R,0x0000000080002250] -> 0x0000000000000000
x10 <- 0x0000000000000000

mem[X,0x00000000800003A4] -> 0x1073
mem[X,0x00000000800003A6] -> 0x3405
[237] [M]: 0x00000000800003A4 (0x34051073) csrrw x0, mscratch, x10                  resto_Mscratch+4
CSR mscratch (0x340) <- 0x0000000000000000

clint mtime 0x0000000000000077 (mip.MTI <- 0b1, mip.STI <- 0b0)
mem[X,0x00000000800003A8] -> 0x3483
mem[X,0x00000000800003AA] -> 0x2483
[238] [M]: 0x00000000800003A8 (0x24833483) ld x9, 0x248(x6)                         resto_Mxtvec+0
mem[R,0x0000000080002248] -> 0x0000000000000000
x9 <- 0x0000000000000000

mem[X,0x00000000800003AC] -> 0x93F3
mem[X,0x00000000800003AE] -> 0x3054
[239] [M]: 0x00000000800003AC (0x305493F3) csrrw x7, mtvec, x9                      resto_Mxtvec+4
CSR mtvec (0x305) <- 0x0000000000000000
x7 <- 0x0000000080000440

clint mtime 0x0000000000000078 (mip.MTI <- 0b1, mip.STI <- 0b0)
mem[X,0x00000000800003B0] -> 0xF493
mem[X,0x00000000800003B2] -> 0xFFC4
[240] [M]: 0x00000000800003B0 (0xFFC4F493) andi x9, x9, -0x4                        resto_Mxtvec+8
x9 <- 0x0000000000000000

mem[X,0x00000000800003B4] -> 0xF393
mem[X,0x00000000800003B6] -> 0xFFC3
[241] [M]: 0x00000000800003B4 (0xFFC3F393) andi x7, x7, -0x4                        resto_Mxtvec+12
x7 <- 0x0000000080000440

clint mtime 0x0000000000000079 (mip.MTI <- 0b1, mip.STI <- 0b0)
mem[X,0x00000000800003B8] -> 0x9063
mem[X,0x00000000800003BA] -> 0x0274
[242] [M]: 0x00000000800003B8 (0x02749063) bne x9, x7, 0x20                         resto_Mxtvec+16

mem[X,0x00000000800003D8] -> 0x006F
mem[X,0x00000000800003DA] -> 0x1750
[243] [M]: 0x00000000800003D8 (0x1750006F) jal x0, 0x974                            rvtest_Mend+0

clint mtime 0x000000000000007A (mip.MTI <- 0b1, mip.STI <- 0b0)
mem[X,0x0000000080000D4C] -> 0x0093
mem[X,0x0000000080000D4E] -> 0x0010
[244] [M]: 0x0000000080000D4C (0x00100093) addi x1, x0, 0x1                         exit_cleanup+0
x1 <- 0x0000000000000001

mem[X,0x0000000080000D50] -> 0x0397
mem[X,0x0000000080000D52] -> 0x0000
[245] [M]: 0x0000000080000D50 (0x00000397) auipc x7, 0x0                            exit_cleanup+4
x7 <- 0x0000000080000D50

clint mtime 0x000000000000007B (mip.MTI <- 0b1, mip.STI <- 0b0)
mem[X,0x0000000080000D54] -> 0xA823
mem[X,0x0000000080000D56] -> 0x2A13
[246] [M]: 0x0000000080000D54 (0x2A13A823) sw x1, 0x2b0(x7)                         exit_cleanup+8
htif[0x0000000080001000] <- 0x00000001
mem[W,0x0000000080001000] <- 0x00000001

mem[X,0x0000000080000D58] -> 0xF06F
mem[X,0x0000000080000D5A] -> 0xFF9F
[247] [M]: 0x0000000080000D58 (0xFF9FF06F) jal x0, -0x8                             exit_cleanup+12

clint mtime 0x000000000000007C (mip.MTI <- 0b1, mip.STI <- 0b0)
mem[X,0x0000000080000D50] -> 0x0397
mem[X,0x0000000080000D52] -> 0x0000
[248] [M]: 0x0000000080000D50 (0x00000397) auipc x7, 0x0                            exit_cleanup+4
x7 <- 0x0000000080000D50

mem[X,0x0000000080000D54] -> 0xA823
mem[X,0x0000000080000D56] -> 0x2A13
[249] [M]: 0x0000000080000D54 (0x2A13A823) sw x1, 0x2b0(x7)                         exit_cleanup+8
htif[0x0000000080001000] <- 0x00000001
mem[W,0x0000000080001000] <- 0x00000001

clint mtime 0x000000000000007D (mip.MTI <- 0b1, mip.STI <- 0b0)
mem[X,0x0000000080000D58] -> 0xF06F
mem[X,0x0000000080000D5A] -> 0xFF9F
[250] [M]: 0x0000000080000D58 (0xFF9FF06F) jal x0, -0x8                             exit_cleanup+12

mem[X,0x0000000080000D50] -> 0x0397
mem[X,0x0000000080000D52] -> 0x0000
[251] [M]: 0x0000000080000D50 (0x00000397) auipc x7, 0x0                            exit_cleanup+4
x7 <- 0x0000000080000D50

clint mtime 0x000000000000007E (mip.MTI <- 0b1, mip.STI <- 0b0)
mem[X,0x0000000080000D54] -> 0xA823
mem[X,0x0000000080000D56] -> 0x2A13
[252] [M]: 0x0000000080000D54 (0x2A13A823) sw x1, 0x2b0(x7)                         exit_cleanup+8
htif[0x0000000080001000] <- 0x00000001
htif-syscall-proxy cmd: 0x000000000001
mem[W,0x0000000080001000] <- 0x00000001

SUCCESS
