using /opt/riscv-arch-test/riscof-plugins/rv64/riscof_work/vm_sv57/src/sv57_reserved_svpbmt_S_mode.S/ref/Reference-sail_c_simulator.signature for test-signature output.
setting signature-granularity to 8 bytes
HTIF located at 0x80003000
begin_signature: 0x80006110
end_signature: 0x80006420
Entry point: 0x80000000
CSR mstatus (0x300) <- 0x0000000A00000000
CSR misa (0x301) <- 0x800000000034112F
CSR mcause (0x342) <- 0x0000000000000000
x10 <- 0x0000000000000000
x11 <- 0x0000000000001000
mem[X,0x0000000080000000] -> 0x006F
mem[X,0x0000000080000002] -> 0x4200
[0] [M]: 0x0000000080000000 (0x4200006F) jal x0, 0x420                              rvtest_entry_point+0

mem[X,0x0000000080000420] -> 0x4317
mem[X,0x0000000080000422] -> 0x0000
[1] [M]: 0x0000000080000420 (0x00004317) auipc x6, 0x4                              starting_point+0
x6 <- 0x0000000080004420

clint mtime 0x0000000000000001 (mip.MTI <- 0b1, mip.STI <- 0b0)
mem[X,0x0000000080000424] -> 0x0313
mem[X,0x0000000080000426] -> 0xBE03
[2] [M]: 0x0000000080000424 (0xBE030313) addi x6, x6, -0x420                        starting_point+4
x6 <- 0x0000000080004000

mem[X,0x0000000080000428] -> 0x0013
mem[X,0x000000008000042A] -> 0x0000
[3] [M]: 0x0000000080000428 (0x00000013) addi x0, x0, 0x0                           starting_point+8

clint mtime 0x0000000000000002 (mip.MTI <- 0b1, mip.STI <- 0b0)
mem[X,0x000000008000042C] -> 0x0013
mem[X,0x000000008000042E] -> 0x0000
[4] [M]: 0x000000008000042C (0x00000013) addi x0, x0, 0x0                           starting_point+12

mem[X,0x0000000080000430] -> 0x0013
mem[X,0x0000000080000432] -> 0x0000
[5] [M]: 0x0000000080000430 (0x00000013) addi x0, x0, 0x0                           starting_point+16

clint mtime 0x0000000000000003 (mip.MTI <- 0b1, mip.STI <- 0b0)
mem[X,0x0000000080000434] -> 0x0013
mem[X,0x0000000080000436] -> 0x0000
[6] [M]: 0x0000000080000434 (0x00000013) addi x0, x0, 0x0                           starting_point+20

mem[X,0x0000000080000438] -> 0x0013
mem[X,0x000000008000043A] -> 0x0000
[7] [M]: 0x0000000080000438 (0x00000013) addi x0, x0, 0x0                           starting_point+24

clint mtime 0x0000000000000004 (mip.MTI <- 0b1, mip.STI <- 0b0)
mem[X,0x000000008000043C] -> 0x0013
mem[X,0x000000008000043E] -> 0x0000
[8] [M]: 0x000000008000043C (0x00000013) addi x0, x0, 0x0                           starting_point+28

mem[X,0x0000000080000440] -> 0x1473
mem[X,0x0000000080000442] -> 0x3403
[9] [M]: 0x0000000080000440 (0x34031473) csrrw x8, mscratch, x6                     init_Mscratch+0
CSR mscratch (0x340) <- 0x0000000080004000
x8 <- 0x0000000000000000

clint mtime 0x0000000000000005 (mip.MTI <- 0b1, mip.STI <- 0b0)
mem[X,0x0000000080000444] -> 0x3823
mem[X,0x0000000080000446] -> 0x2483
[10] [M]: 0x0000000080000444 (0x24833823) sd x8, 0x250(x6)                          init_Mscratch+4
mem[W,0x0000000080004250] <- 0x0000000000000000

mem[X,0x0000000080000448] -> 0x0393
mem[X,0x000000008000044A] -> 0x0000
[11] [M]: 0x0000000080000448 (0x00000393) addi x7, x0, 0x0                          init_Medeleg+0
x7 <- 0x0000000000000000

clint mtime 0x0000000000000006 (mip.MTI <- 0b1, mip.STI <- 0b0)
mem[X,0x000000008000044C] -> 0x93F3
mem[X,0x000000008000044E] -> 0x3023
[12] [M]: 0x000000008000044C (0x302393F3) csrrw x7, medeleg, x7                     init_Medeleg+4
CSR medeleg (0x302) <- 0x0000000000000000
x7 <- 0x0000000000000000

mem[X,0x0000000080000450] -> 0x3C23
mem[X,0x0000000080000452] -> 0x2273
[13] [M]: 0x0000000080000450 (0x22733C23) sd x7, 0x238(x6)                          init_Medeleg+8
mem[W,0x0000000080004238] <- 0x0000000000000000

clint mtime 0x0000000000000007 (mip.MTI <- 0b1, mip.STI <- 0b0)
mem[X,0x0000000080000454] -> 0x2473
mem[X,0x0000000080000456] -> 0x3050
[14] [M]: 0x0000000080000454 (0x30502473) csrrs x8, mtvec, x0                       init_Mtvec+0
CSR mtvec (0x305) -> 0x0000000000000000
x8 <- 0x0000000000000000

mem[X,0x0000000080000458] -> 0x3423
mem[X,0x000000008000045A] -> 0x2483
[15] [M]: 0x0000000080000458 (0x24833423) sd x8, 0x248(x6)                          init_Mtvec+4
mem[W,0x0000000080004248] <- 0x0000000000000000

clint mtime 0x0000000000000008 (mip.MTI <- 0b1, mip.STI <- 0b0)
mem[X,0x000000008000045C] -> 0x7393
mem[X,0x000000008000045E] -> 0x0034
[16] [M]: 0x000000008000045C (0x00347393) andi x7, x8, 0x3                          init_Mtvec+8
x7 <- 0x0000000000000000

mem[X,0x0000000080000460] -> 0x3483
mem[X,0x0000000080000462] -> 0x2303
[17] [M]: 0x0000000080000460 (0x23033483) ld x9, 0x230(x6)                          init_Mtvec+12
mem[R,0x0000000080004230] -> 0x00000000800011D4
x9 <- 0x00000000800011D4

clint mtime 0x0000000000000009 (mip.MTI <- 0b1, mip.STI <- 0b0)
mem[X,0x0000000080000464] -> 0x8493
mem[X,0x0000000080000466] -> 0xE2C4
[18] [M]: 0x0000000080000464 (0xE2C48493) addi x9, x9, -0x1d4                       init_Mtvec+16
x9 <- 0x0000000080001000

mem[X,0x0000000080000468] -> 0xE3B3
mem[X,0x000000008000046A] -> 0x0074
[19] [M]: 0x0000000080000468 (0x0074E3B3) or x7, x9, x7                             init_Mtvec+20
x7 <- 0x0000000080001000

clint mtime 0x000000000000000A (mip.MTI <- 0b1, mip.STI <- 0b0)
mem[X,0x000000008000046C] -> 0x3023
mem[X,0x000000008000046E] -> 0x2473
[20] [M]: 0x000000008000046C (0x24733023) sd x7, 0x240(x6)                          init_Mtvec+24
mem[W,0x0000000080004240] <- 0x0000000080001000

mem[X,0x0000000080000470] -> 0x9073
mem[X,0x0000000080000472] -> 0x3053
[21] [M]: 0x0000000080000470 (0x30539073) csrrw x0, mtvec, x7                       init_Mtvec+28
CSR mtvec (0x305) <- 0x0000000080001000

clint mtime 0x000000000000000B (mip.MTI <- 0b1, mip.STI <- 0b0)
mem[X,0x0000000080000474] -> 0x2573
mem[X,0x0000000080000476] -> 0x3050
[22] [M]: 0x0000000080000474 (0x30502573) csrrs x10, mtvec, x0                      init_Mtvec+32
CSR mtvec (0x305) -> 0x0000000080001000
x10 <- 0x0000000080001000

mem[X,0x0000000080000478] -> 0x0663
mem[X,0x000000008000047A] -> 0x0875
[23] [M]: 0x0000000080000478 (0x08750663) beq x10, x7, 0x8c                         init_Mtvec+36

clint mtime 0x000000000000000C (mip.MTI <- 0b1, mip.STI <- 0b0)
mem[X,0x0000000080000504] -> 0x0013
mem[X,0x0000000080000506] -> 0x0000
[24] [M]: 0x0000000080000504 (0x00000013) addi x0, x0, 0x0                          rvtest_Mprolog_done+0

mem[X,0x0000000080000508] -> 0x0013
mem[X,0x000000008000050A] -> 0x0000
[25] [M]: 0x0000000080000508 (0x00000013) addi x0, x0, 0x0                          rvtest_Mprolog_done+4

clint mtime 0x000000000000000D (mip.MTI <- 0b1, mip.STI <- 0b0)
mem[X,0x000000008000050C] -> 0x0013
mem[X,0x000000008000050E] -> 0x0000
[26] [M]: 0x000000008000050C (0x00000013) addi x0, x0, 0x0                          rvtest_Mprolog_done+8

mem[X,0x0000000080000510] -> 0x0013
mem[X,0x0000000080000512] -> 0x0000
[27] [M]: 0x0000000080000510 (0x00000013) addi x0, x0, 0x0                          rvtest_Mprolog_done+12

clint mtime 0x000000000000000E (mip.MTI <- 0b1, mip.STI <- 0b0)
mem[X,0x0000000080000514] -> 0x0013
mem[X,0x0000000080000516] -> 0x0000
[28] [M]: 0x0000000080000514 (0x00000013) addi x0, x0, 0x0                          rvtest_Mprolog_done+16

mem[X,0x0000000080000518] -> 0x0013
mem[X,0x000000008000051A] -> 0x0000
[29] [M]: 0x0000000080000518 (0x00000013) addi x0, x0, 0x0                          rvtest_Mprolog_done+20

clint mtime 0x000000000000000F (mip.MTI <- 0b1, mip.STI <- 0b0)
mem[X,0x000000008000051C] -> 0x0013
mem[X,0x000000008000051E] -> 0x0000
[30] [M]: 0x000000008000051C (0x00000013) addi x0, x0, 0x0                          rvtest_Mprolog_done+24

mem[X,0x0000000080000520] -> 0x4317
mem[X,0x0000000080000522] -> 0x0000
[31] [M]: 0x0000000080000520 (0x00004317) auipc x6, 0x4                             rvtest_Mprolog_done+28
x6 <- 0x0000000080004520

clint mtime 0x0000000000000010 (mip.MTI <- 0b1, mip.STI <- 0b0)
mem[X,0x0000000080000524] -> 0x0313
mem[X,0x0000000080000526] -> 0xD783
[32] [M]: 0x0000000080000524 (0xD7830313) addi x6, x6, -0x288                       rvtest_Mprolog_done+32
x6 <- 0x0000000080004298

mem[X,0x0000000080000528] -> 0x0001
[33] [M]: 0x0000000080000528 (0x0001) c.nop                                         rvtest_Mprolog_done+36

clint mtime 0x0000000000000011 (mip.MTI <- 0b1, mip.STI <- 0b0)
mem[X,0x000000008000052A] -> 0x0013
mem[X,0x000000008000052C] -> 0x0000
[34] [M]: 0x000000008000052A (0x00000013) addi x0, x0, 0x0                          rvtest_Mprolog_done+38

mem[X,0x000000008000052E] -> 0x0013
mem[X,0x0000000080000530] -> 0x0000
[35] [M]: 0x000000008000052E (0x00000013) addi x0, x0, 0x0                          rvtest_Mprolog_done+42

clint mtime 0x0000000000000012 (mip.MTI <- 0b1, mip.STI <- 0b0)
mem[X,0x0000000080000532] -> 0x0013
mem[X,0x0000000080000534] -> 0x0000
[36] [M]: 0x0000000080000532 (0x00000013) addi x0, x0, 0x0                          rvtest_Mprolog_done+46

mem[X,0x0000000080000536] -> 0x0013
mem[X,0x0000000080000538] -> 0x0000
[37] [M]: 0x0000000080000536 (0x00000013) addi x0, x0, 0x0                          rvtest_Mprolog_done+50

clint mtime 0x0000000000000013 (mip.MTI <- 0b1, mip.STI <- 0b0)
mem[X,0x000000008000053A] -> 0x0013
mem[X,0x000000008000053C] -> 0x0000
[38] [M]: 0x000000008000053A (0x00000013) addi x0, x0, 0x0                          rvtest_Mprolog_done+54

mem[X,0x000000008000053E] -> 0x0001
[39] [M]: 0x000000008000053E (0x0001) c.nop                                         rvtest_Mprolog_done+58

clint mtime 0x0000000000000014 (mip.MTI <- 0b1, mip.STI <- 0b0)
mem[X,0x0000000080000540] -> 0x1473
mem[X,0x0000000080000542] -> 0x1403
[40] [M]: 0x0000000080000540 (0x14031473) csrrw x8, sscratch, x6                    init_Sscratch+0
CSR sscratch (0x140) <- 0x0000000080004298
x8 <- 0x0000000000000000

mem[X,0x0000000080000544] -> 0x3823
mem[X,0x0000000080000546] -> 0x2483
[41] [M]: 0x0000000080000544 (0x24833823) sd x8, 0x250(x6)                          init_Sscratch+4
mem[W,0x00000000800044E8] <- 0x0000000000000000

clint mtime 0x0000000000000015 (mip.MTI <- 0b1, mip.STI <- 0b0)
mem[X,0x0000000080000548] -> 0x0393
mem[X,0x000000008000054A] -> 0x0000
[42] [M]: 0x0000000080000548 (0x00000393) addi x7, x0, 0x0                          init_Sedeleg+0
x7 <- 0x0000000000000000

mem[X,0x000000008000054C] -> 0x3C23
mem[X,0x000000008000054E] -> 0x2273
[43] [M]: 0x000000008000054C (0x22733C23) sd x7, 0x238(x6)                          init_Sedeleg+4
mem[W,0x00000000800044D0] <- 0x0000000000000000

clint mtime 0x0000000000000016 (mip.MTI <- 0b1, mip.STI <- 0b0)
mem[X,0x0000000080000550] -> 0x0013
mem[X,0x0000000080000552] -> 0x0000
[44] [M]: 0x0000000080000550 (0x00000013) addi x0, x0, 0x0                          init_Ssatp+0

mem[X,0x0000000080000554] -> 0x0013
mem[X,0x0000000080000556] -> 0x0000
[45] [M]: 0x0000000080000554 (0x00000013) addi x0, x0, 0x0                          init_Ssatp+4

clint mtime 0x0000000000000017 (mip.MTI <- 0b1, mip.STI <- 0b0)
mem[X,0x0000000080000558] -> 0x0013
mem[X,0x000000008000055A] -> 0x0000
[46] [M]: 0x0000000080000558 (0x00000013) addi x0, x0, 0x0                          init_Ssatp+8

mem[X,0x000000008000055C] -> 0x0013
mem[X,0x000000008000055E] -> 0x0000
[47] [M]: 0x000000008000055C (0x00000013) addi x0, x0, 0x0                          init_Ssatp+12

clint mtime 0x0000000000000018 (mip.MTI <- 0b1, mip.STI <- 0b0)
mem[X,0x0000000080000560] -> 0x5497
mem[X,0x0000000080000562] -> 0x0000
[48] [M]: 0x0000000080000560 (0x00005497) auipc x9, 0x5                             init_Ssatp+16
x9 <- 0x0000000080005560

mem[X,0x0000000080000564] -> 0x8493
mem[X,0x0000000080000566] -> 0xAA04
[49] [M]: 0x0000000080000564 (0xAA048493) addi x9, x9, -0x560                       init_Ssatp+20
x9 <- 0x0000000080005000

clint mtime 0x0000000000000019 (mip.MTI <- 0b1, mip.STI <- 0b0)
mem[X,0x0000000080000568] -> 0x0001
[50] [M]: 0x0000000080000568 (0x0001) c.nop                                         init_Ssatp+24

mem[X,0x000000008000056A] -> 0x0013
mem[X,0x000000008000056C] -> 0x0000
[51] [M]: 0x000000008000056A (0x00000013) addi x0, x0, 0x0                          init_Ssatp+26

clint mtime 0x000000000000001A (mip.MTI <- 0b1, mip.STI <- 0b0)
mem[X,0x000000008000056E] -> 0x0013
mem[X,0x0000000080000570] -> 0x0000
[52] [M]: 0x000000008000056E (0x00000013) addi x0, x0, 0x0                          init_Ssatp+30

mem[X,0x0000000080000572] -> 0x0013
mem[X,0x0000000080000574] -> 0x0000
[53] [M]: 0x0000000080000572 (0x00000013) addi x0, x0, 0x0                          init_Ssatp+34

clint mtime 0x000000000000001B (mip.MTI <- 0b1, mip.STI <- 0b0)
mem[X,0x0000000080000576] -> 0x0013
mem[X,0x0000000080000578] -> 0x0000
[54] [M]: 0x0000000080000576 (0x00000013) addi x0, x0, 0x0                          init_Ssatp+38

mem[X,0x000000008000057A] -> 0x0013
mem[X,0x000000008000057C] -> 0x0000
[55] [M]: 0x000000008000057A (0x00000013) addi x0, x0, 0x0                          init_Ssatp+42

clint mtime 0x000000000000001C (mip.MTI <- 0b1, mip.STI <- 0b0)
mem[X,0x000000008000057E] -> 0x0001
[56] [M]: 0x000000008000057E (0x0001) c.nop                                         init_Ssatp+46

mem[X,0x0000000080000580] -> 0xD493
mem[X,0x0000000080000582] -> 0x00C4
[57] [M]: 0x0000000080000580 (0x00C4D493) srli x9, x9, 0xc                          init_Ssatp+48
x9 <- 0x0000000000080005

clint mtime 0x000000000000001D (mip.MTI <- 0b1, mip.STI <- 0b0)
mem[X,0x0000000080000584] -> 0x0413
mem[X,0x0000000080000586] -> 0xFFF0
[58] [M]: 0x0000000080000584 (0xFFF00413) addi x8, x0, -0x1                         init_Ssatp+52
x8 <- 0xFFFFFFFFFFFFFFFF

mem[X,0x0000000080000588] -> 0x1413
mem[X,0x000000008000058A] -> 0x03F4
[59] [M]: 0x0000000080000588 (0x03F41413) slli x8, x8, 0x3f                         init_Ssatp+56
x8 <- 0x8000000000000000

clint mtime 0x000000000000001E (mip.MTI <- 0b1, mip.STI <- 0b0)
mem[X,0x000000008000058C] -> 0xE4B3
mem[X,0x000000008000058E] -> 0x0084
[60] [M]: 0x000000008000058C (0x0084E4B3) or x9, x9, x8                             init_Ssatp+60
x9 <- 0x8000000000080005

mem[X,0x0000000080000590] -> 0x94F3
mem[X,0x0000000080000592] -> 0x1804
[61] [M]: 0x0000000080000590 (0x180494F3) csrrw x9, satp, x9                        init_Ssatp+64
CSR satp (0x180) <- 0x8000000000080005
x9 <- 0x0000000000000000

clint mtime 0x000000000000001F (mip.MTI <- 0b1, mip.STI <- 0b0)
mem[X,0x0000000080000594] -> 0x3023
mem[X,0x0000000080000596] -> 0x2293
[62] [M]: 0x0000000080000594 (0x22933023) sd x9, 0x220(x6)                          init_Ssatp+68
mem[W,0x00000000800044B8] <- 0x0000000000000000

mem[X,0x0000000080000598] -> 0x2473
mem[X,0x000000008000059A] -> 0x1050
[63] [M]: 0x0000000080000598 (0x10502473) csrrs x8, stvec, x0                       init_Stvec+0
CSR stvec (0x105) -> 0x0000000000000000
x8 <- 0x0000000000000000

clint mtime 0x0000000000000020 (mip.MTI <- 0b1, mip.STI <- 0b0)
mem[X,0x000000008000059C] -> 0x3423
mem[X,0x000000008000059E] -> 0x2483
[64] [M]: 0x000000008000059C (0x24833423) sd x8, 0x248(x6)                          init_Stvec+4
mem[W,0x00000000800044E0] <- 0x0000000000000000

mem[X,0x00000000800005A0] -> 0x7393
mem[X,0x00000000800005A2] -> 0x0034
[65] [M]: 0x00000000800005A0 (0x00347393) andi x7, x8, 0x3                          init_Stvec+8
x7 <- 0x0000000000000000

clint mtime 0x0000000000000021 (mip.MTI <- 0b1, mip.STI <- 0b0)
mem[X,0x00000000800005A4] -> 0x3483
mem[X,0x00000000800005A6] -> 0x2303
[66] [M]: 0x00000000800005A4 (0x23033483) ld x9, 0x230(x6)                          init_Stvec+12
mem[R,0x00000000800044C8] -> 0x0000000080001B54
x9 <- 0x0000000080001B54

mem[X,0x00000000800005A8] -> 0x8493
mem[X,0x00000000800005AA] -> 0xE2C4
[67] [M]: 0x00000000800005A8 (0xE2C48493) addi x9, x9, -0x1d4                       init_Stvec+16
x9 <- 0x0000000080001980

clint mtime 0x0000000000000022 (mip.MTI <- 0b1, mip.STI <- 0b0)
mem[X,0x00000000800005AC] -> 0xE3B3
mem[X,0x00000000800005AE] -> 0x0074
[68] [M]: 0x00000000800005AC (0x0074E3B3) or x7, x9, x7                             init_Stvec+20
x7 <- 0x0000000080001980

mem[X,0x00000000800005B0] -> 0x3023
mem[X,0x00000000800005B2] -> 0x2473
[69] [M]: 0x00000000800005B0 (0x24733023) sd x7, 0x240(x6)                          init_Stvec+24
mem[W,0x00000000800044D8] <- 0x0000000080001980

clint mtime 0x0000000000000023 (mip.MTI <- 0b1, mip.STI <- 0b0)
mem[X,0x00000000800005B4] -> 0x9073
mem[X,0x00000000800005B6] -> 0x1053
[70] [M]: 0x00000000800005B4 (0x10539073) csrrw x0, stvec, x7                       init_Stvec+28
CSR stvec (0x105) <- 0x0000000080001980

mem[X,0x00000000800005B8] -> 0x2573
mem[X,0x00000000800005BA] -> 0x1050
[71] [M]: 0x00000000800005B8 (0x10502573) csrrs x10, stvec, x0                      init_Stvec+32
CSR stvec (0x105) -> 0x0000000080001980
x10 <- 0x0000000080001980

clint mtime 0x0000000000000024 (mip.MTI <- 0b1, mip.STI <- 0b0)
mem[X,0x00000000800005BC] -> 0x0463
mem[X,0x00000000800005BE] -> 0x0875
[72] [M]: 0x00000000800005BC (0x08750463) beq x10, x7, 0x88                         init_Stvec+36

mem[X,0x0000000080000644] -> 0x0093
mem[X,0x0000000080000646] -> 0x0000
[73] [M]: 0x0000000080000644 (0x00000093) addi x1, x0, 0x0                          rvtest_entrypoint+0
x1 <- 0x0000000000000000

clint mtime 0x0000000000000025 (mip.MTI <- 0b1, mip.STI <- 0b0)
mem[X,0x0000000080000648] -> 0x9073
mem[X,0x000000008000064A] -> 0x3000
[74] [M]: 0x0000000080000648 (0x30009073) csrrw x0, mstatus, x1                     rvtest_entrypoint+4
CSR mstatus (0x300) <- 0x0000000A00000000

mem[X,0x000000008000064C] -> 0x9073
mem[X,0x000000008000064E] -> 0x3410
[75] [M]: 0x000000008000064C (0x34109073) csrrw x0, mepc, x1                        rvtest_entrypoint+8
CSR mepc (0x341) <- 0x0000000000000000

clint mtime 0x0000000000000026 (mip.MTI <- 0b1, mip.STI <- 0b0)
mem[X,0x0000000080000650] -> 0x9073
mem[X,0x0000000080000652] -> 0x3440
[76] [M]: 0x0000000080000650 (0x34409073) csrrw x0, mip, x1                         rvtest_entrypoint+12
CSR mip (0x344) <- 0x0000000000000080

mem[X,0x0000000080000654] -> 0x9073
mem[X,0x0000000080000656] -> 0x3430
[77] [M]: 0x0000000080000654 (0x34309073) csrrw x0, mtval, x1                       rvtest_entrypoint+16
CSR mtval (0x343) <- 0x0000000000000000

clint mtime 0x0000000000000027 (mip.MTI <- 0b1, mip.STI <- 0b0)
mem[X,0x0000000080000658] -> 0x9073
mem[X,0x000000008000065A] -> 0x3420
[78] [M]: 0x0000000080000658 (0x34209073) csrrw x0, mcause, x1                      rvtest_entrypoint+20
CSR mcause (0x342) <- 0x0000000000000000

mem[X,0x000000008000065C] -> 0x0837
mem[X,0x000000008000065E] -> 0x7D5C
[79] [M]: 0x000000008000065C (0x7D5C0837) lui x16, 0x7d5c0                          rvtest_entrypoint+24
x16 <- 0x000000007D5C0000

clint mtime 0x0000000000000028 (mip.MTI <- 0b1, mip.STI <- 0b0)
mem[X,0x0000000080000660] -> 0x0813
mem[X,0x0000000080000662] -> 0xDDB8
[80] [M]: 0x0000000080000660 (0xDDB80813) addi x16, x16, -0x225                     rvtest_entrypoint+28
x16 <- 0x000000007D5BFDDB

mem[X,0x0000000080000664] -> 0x1813
mem[X,0x0000000080000666] -> 0x00B8
[81] [M]: 0x0000000080000664 (0x00B81813) slli x16, x16, 0xb                        rvtest_entrypoint+32
x16 <- 0x000003EADFEED800

clint mtime 0x0000000000000029 (mip.MTI <- 0b1, mip.STI <- 0b0)
mem[X,0x0000000080000668] -> 0x0813
mem[X,0x000000008000066A] -> 0x3EA8
[82] [M]: 0x0000000080000668 (0x3EA80813) addi x16, x16, 0x3ea                      rvtest_entrypoint+36
x16 <- 0x000003EADFEEDBEA

mem[X,0x000000008000066C] -> 0x1813
mem[X,0x000000008000066E] -> 0x00B8
[83] [M]: 0x000000008000066C (0x00B81813) slli x16, x16, 0xb                        rvtest_entrypoint+40
x16 <- 0x001F56FF76DF5000

clint mtime 0x000000000000002A (mip.MTI <- 0b1, mip.STI <- 0b0)
mem[X,0x0000000080000670] -> 0x0813
mem[X,0x0000000080000672] -> 0x6FF8
[84] [M]: 0x0000000080000670 (0x6FF80813) addi x16, x16, 0x6ff                      rvtest_entrypoint+44
x16 <- 0x001F56FF76DF56FF

mem[X,0x0000000080000674] -> 0x1813
mem[X,0x0000000080000676] -> 0x00A8
[85] [M]: 0x0000000080000674 (0x00A81813) slli x16, x16, 0xa                        rvtest_entrypoint+48
x16 <- 0x7D5BFDDB7D5BFC00

clint mtime 0x000000000000002B (mip.MTI <- 0b1, mip.STI <- 0b0)
mem[X,0x0000000080000678] -> 0x0813
mem[X,0x000000008000067A] -> 0x1DB8
[86] [M]: 0x0000000080000678 (0x1DB80813) addi x16, x16, 0x1db                      rvtest_entrypoint+52
x16 <- 0x7D5BFDDB7D5BFDDB

mem[X,0x000000008000067C] -> 0x5893
mem[X,0x000000008000067E] -> 0x0078
[87] [M]: 0x000000008000067C (0x00785893) srli x17, x16, 0x7                        rvtest_entrypoint+56
x17 <- 0x00FAB7FBB6FAB7FB

clint mtime 0x000000000000002C (mip.MTI <- 0b1, mip.STI <- 0b0)
mem[X,0x0000000080000680] -> 0x5793
mem[X,0x0000000080000682] -> 0x0398
[88] [M]: 0x0000000080000680 (0x03985793) srli x15, x16, 0x39                       rvtest_entrypoint+60
x15 <- 0x000000000000003E

mem[X,0x0000000080000684] -> 0xE8B3
mem[X,0x0000000080000686] -> 0x00F8
[89] [M]: 0x0000000080000684 (0x00F8E8B3) or x17, x17, x15                          rvtest_entrypoint+64
x17 <- 0x00FAB7FBB6FAB7FF

clint mtime 0x000000000000002D (mip.MTI <- 0b1, mip.STI <- 0b0)
mem[X,0x0000000080000688] -> 0xD913
mem[X,0x000000008000068A] -> 0x0078
[90] [M]: 0x0000000080000688 (0x0078D913) srli x18, x17, 0x7                        rvtest_entrypoint+68
x18 <- 0x0001F56FF76DF56F

mem[X,0x000000008000068C] -> 0xD793
mem[X,0x000000008000068E] -> 0x0398
[91] [M]: 0x000000008000068C (0x0398D793) srli x15, x17, 0x39                       rvtest_entrypoint+72
x15 <- 0x0000000000000000

clint mtime 0x000000000000002E (mip.MTI <- 0b1, mip.STI <- 0b0)
mem[X,0x0000000080000690] -> 0x6933
mem[X,0x0000000080000692] -> 0x00F9
[92] [M]: 0x0000000080000690 (0x00F96933) or x18, x18, x15                          rvtest_entrypoint+76
x18 <- 0x0001F56FF76DF56F

mem[X,0x0000000080000694] -> 0x5993
mem[X,0x0000000080000696] -> 0x0079
[93] [M]: 0x0000000080000694 (0x00795993) srli x19, x18, 0x7                        rvtest_entrypoint+80
x19 <- 0x000003EADFEEDBEA

clint mtime 0x000000000000002F (mip.MTI <- 0b1, mip.STI <- 0b0)
mem[X,0x0000000080000698] -> 0x5793
mem[X,0x000000008000069A] -> 0x0399
[94] [M]: 0x0000000080000698 (0x03995793) srli x15, x18, 0x39                       rvtest_entrypoint+84
x15 <- 0x0000000000000000

mem[X,0x000000008000069C] -> 0xE9B3
mem[X,0x000000008000069E] -> 0x00F9
[95] [M]: 0x000000008000069C (0x00F9E9B3) or x19, x19, x15                          rvtest_entrypoint+88
x19 <- 0x000003EADFEEDBEA

clint mtime 0x0000000000000030 (mip.MTI <- 0b1, mip.STI <- 0b0)
mem[X,0x00000000800006A0] -> 0xDA13
mem[X,0x00000000800006A2] -> 0x0079
[96] [M]: 0x00000000800006A0 (0x0079DA13) srli x20, x19, 0x7                        rvtest_entrypoint+92
x20 <- 0x00000007D5BFDDB7

mem[X,0x00000000800006A4] -> 0xD793
mem[X,0x00000000800006A6] -> 0x0399
[97] [M]: 0x00000000800006A4 (0x0399D793) srli x15, x19, 0x39                       rvtest_entrypoint+96
x15 <- 0x0000000000000000

clint mtime 0x0000000000000031 (mip.MTI <- 0b1, mip.STI <- 0b0)
mem[X,0x00000000800006A8] -> 0x6A33
mem[X,0x00000000800006AA] -> 0x00FA
[98] [M]: 0x00000000800006A8 (0x00FA6A33) or x20, x20, x15                          rvtest_entrypoint+100
x20 <- 0x00000007D5BFDDB7

mem[X,0x00000000800006AC] -> 0x5A93
mem[X,0x00000000800006AE] -> 0x007A
[99] [M]: 0x00000000800006AC (0x007A5A93) srli x21, x20, 0x7                        rvtest_entrypoint+104
x21 <- 0x000000000FAB7FBB

clint mtime 0x0000000000000032 (mip.MTI <- 0b1, mip.STI <- 0b0)
mem[X,0x00000000800006B0] -> 0x5793
mem[X,0x00000000800006B2] -> 0x039A
[100] [M]: 0x00000000800006B0 (0x039A5793) srli x15, x20, 0x39                      rvtest_entrypoint+108
x15 <- 0x0000000000000000

mem[X,0x00000000800006B4] -> 0xEAB3
mem[X,0x00000000800006B6] -> 0x00FA
[101] [M]: 0x00000000800006B4 (0x00FAEAB3) or x21, x21, x15                         rvtest_entrypoint+112
x21 <- 0x000000000FAB7FBB

clint mtime 0x0000000000000033 (mip.MTI <- 0b1, mip.STI <- 0b0)
mem[X,0x00000000800006B8] -> 0xDB13
mem[X,0x00000000800006BA] -> 0x007A
[102] [M]: 0x00000000800006B8 (0x007ADB13) srli x22, x21, 0x7                       rvtest_entrypoint+116
x22 <- 0x00000000001F56FF

mem[X,0x00000000800006BC] -> 0xD793
mem[X,0x00000000800006BE] -> 0x039A
[103] [M]: 0x00000000800006BC (0x039AD793) srli x15, x21, 0x39                      rvtest_entrypoint+120
x15 <- 0x0000000000000000

clint mtime 0x0000000000000034 (mip.MTI <- 0b1, mip.STI <- 0b0)
mem[X,0x00000000800006C0] -> 0x6B33
mem[X,0x00000000800006C2] -> 0x00FB
[104] [M]: 0x00000000800006C0 (0x00FB6B33) or x22, x22, x15                         rvtest_entrypoint+124
x22 <- 0x00000000001F56FF

mem[X,0x00000000800006C4] -> 0x5B93
mem[X,0x00000000800006C6] -> 0x007B
[105] [M]: 0x00000000800006C4 (0x007B5B93) srli x23, x22, 0x7                       rvtest_entrypoint+128
x23 <- 0x0000000000003EAD

clint mtime 0x0000000000000035 (mip.MTI <- 0b1, mip.STI <- 0b0)
mem[X,0x00000000800006C8] -> 0x5793
mem[X,0x00000000800006CA] -> 0x039B
[106] [M]: 0x00000000800006C8 (0x039B5793) srli x15, x22, 0x39                      rvtest_entrypoint+132
x15 <- 0x0000000000000000

mem[X,0x00000000800006CC] -> 0xEBB3
mem[X,0x00000000800006CE] -> 0x00FB
[107] [M]: 0x00000000800006CC (0x00FBEBB3) or x23, x23, x15                         rvtest_entrypoint+136
x23 <- 0x0000000000003EAD

clint mtime 0x0000000000000036 (mip.MTI <- 0b1, mip.STI <- 0b0)
mem[X,0x00000000800006D0] -> 0xDC13
mem[X,0x00000000800006D2] -> 0x007B
[108] [M]: 0x00000000800006D0 (0x007BDC13) srli x24, x23, 0x7                       rvtest_entrypoint+140
x24 <- 0x000000000000007D

mem[X,0x00000000800006D4] -> 0xD793
mem[X,0x00000000800006D6] -> 0x039B
[109] [M]: 0x00000000800006D4 (0x039BD793) srli x15, x23, 0x39                      rvtest_entrypoint+144
x15 <- 0x0000000000000000

clint mtime 0x0000000000000037 (mip.MTI <- 0b1, mip.STI <- 0b0)
mem[X,0x00000000800006D8] -> 0x6C33
mem[X,0x00000000800006DA] -> 0x00FC
[110] [M]: 0x00000000800006D8 (0x00FC6C33) or x24, x24, x15                         rvtest_entrypoint+148
x24 <- 0x000000000000007D

mem[X,0x00000000800006DC] -> 0x5C93
mem[X,0x00000000800006DE] -> 0x007C
[111] [M]: 0x00000000800006DC (0x007C5C93) srli x25, x24, 0x7                       rvtest_entrypoint+152
x25 <- 0x0000000000000000

clint mtime 0x0000000000000038 (mip.MTI <- 0b1, mip.STI <- 0b0)
mem[X,0x00000000800006E0] -> 0x5793
mem[X,0x00000000800006E2] -> 0x039C
[112] [M]: 0x00000000800006E0 (0x039C5793) srli x15, x24, 0x39                      rvtest_entrypoint+156
x15 <- 0x0000000000000000

mem[X,0x00000000800006E4] -> 0xECB3
mem[X,0x00000000800006E6] -> 0x00FC
[113] [M]: 0x00000000800006E4 (0x00FCECB3) or x25, x25, x15                         rvtest_entrypoint+160
x25 <- 0x0000000000000000

clint mtime 0x0000000000000039 (mip.MTI <- 0b1, mip.STI <- 0b0)
mem[X,0x00000000800006E8] -> 0xDD13
mem[X,0x00000000800006EA] -> 0x007C
[114] [M]: 0x00000000800006E8 (0x007CDD13) srli x26, x25, 0x7                       rvtest_entrypoint+164
x26 <- 0x0000000000000000

mem[X,0x00000000800006EC] -> 0xD793
mem[X,0x00000000800006EE] -> 0x039C
[115] [M]: 0x00000000800006EC (0x039CD793) srli x15, x25, 0x39                      rvtest_entrypoint+168
x15 <- 0x0000000000000000

clint mtime 0x000000000000003A (mip.MTI <- 0b1, mip.STI <- 0b0)
mem[X,0x00000000800006F0] -> 0x6D33
mem[X,0x00000000800006F2] -> 0x00FD
[116] [M]: 0x00000000800006F0 (0x00FD6D33) or x26, x26, x15                         rvtest_entrypoint+172
x26 <- 0x0000000000000000

mem[X,0x00000000800006F4] -> 0x5D93
mem[X,0x00000000800006F6] -> 0x007D
[117] [M]: 0x00000000800006F4 (0x007D5D93) srli x27, x26, 0x7                       rvtest_entrypoint+176
x27 <- 0x0000000000000000

clint mtime 0x000000000000003B (mip.MTI <- 0b1, mip.STI <- 0b0)
mem[X,0x00000000800006F8] -> 0x5793
mem[X,0x00000000800006FA] -> 0x039D
[118] [M]: 0x00000000800006F8 (0x039D5793) srli x15, x26, 0x39                      rvtest_entrypoint+180
x15 <- 0x0000000000000000

mem[X,0x00000000800006FC] -> 0xEDB3
mem[X,0x00000000800006FE] -> 0x00FD
[119] [M]: 0x00000000800006FC (0x00FDEDB3) or x27, x27, x15                         rvtest_entrypoint+184
x27 <- 0x0000000000000000

clint mtime 0x000000000000003C (mip.MTI <- 0b1, mip.STI <- 0b0)
mem[X,0x0000000080000700] -> 0xDE13
mem[X,0x0000000080000702] -> 0x007D
[120] [M]: 0x0000000080000700 (0x007DDE13) srli x28, x27, 0x7                       rvtest_entrypoint+188
x28 <- 0x0000000000000000

mem[X,0x0000000080000704] -> 0xD793
mem[X,0x0000000080000706] -> 0x039D
[121] [M]: 0x0000000080000704 (0x039DD793) srli x15, x27, 0x39                      rvtest_entrypoint+192
x15 <- 0x0000000000000000

clint mtime 0x000000000000003D (mip.MTI <- 0b1, mip.STI <- 0b0)
mem[X,0x0000000080000708] -> 0x6E33
mem[X,0x000000008000070A] -> 0x00FE
[122] [M]: 0x0000000080000708 (0x00FE6E33) or x28, x28, x15                         rvtest_entrypoint+196
x28 <- 0x0000000000000000

mem[X,0x000000008000070C] -> 0x5E93
mem[X,0x000000008000070E] -> 0x007E
[123] [M]: 0x000000008000070C (0x007E5E93) srli x29, x28, 0x7                       rvtest_entrypoint+200
x29 <- 0x0000000000000000

clint mtime 0x000000000000003E (mip.MTI <- 0b1, mip.STI <- 0b0)
mem[X,0x0000000080000710] -> 0x5793
mem[X,0x0000000080000712] -> 0x039E
[124] [M]: 0x0000000080000710 (0x039E5793) srli x15, x28, 0x39                      rvtest_entrypoint+204
x15 <- 0x0000000000000000

mem[X,0x0000000080000714] -> 0xEEB3
mem[X,0x0000000080000716] -> 0x00FE
[125] [M]: 0x0000000080000714 (0x00FEEEB3) or x29, x29, x15                         rvtest_entrypoint+208
x29 <- 0x0000000000000000

clint mtime 0x000000000000003F (mip.MTI <- 0b1, mip.STI <- 0b0)
mem[X,0x0000000080000718] -> 0xDF13
mem[X,0x000000008000071A] -> 0x007E
[126] [M]: 0x0000000080000718 (0x007EDF13) srli x30, x29, 0x7                       rvtest_entrypoint+212
x30 <- 0x0000000000000000

mem[X,0x000000008000071C] -> 0xD793
mem[X,0x000000008000071E] -> 0x039E
[127] [M]: 0x000000008000071C (0x039ED793) srli x15, x29, 0x39                      rvtest_entrypoint+216
x15 <- 0x0000000000000000

clint mtime 0x0000000000000040 (mip.MTI <- 0b1, mip.STI <- 0b0)
mem[X,0x0000000080000720] -> 0x6F33
mem[X,0x0000000080000722] -> 0x00FF
[128] [M]: 0x0000000080000720 (0x00FF6F33) or x30, x30, x15                         rvtest_entrypoint+220
x30 <- 0x0000000000000000

mem[X,0x0000000080000724] -> 0xC0B7
mem[X,0x0000000080000726] -> 0xFEED
[129] [M]: 0x0000000080000724 (0xFEEDC0B7) lui x1, -0x1124                          rvtest_entrypoint+224
x1 <- 0xFFFFFFFFFEEDC000

clint mtime 0x0000000000000041 (mip.MTI <- 0b1, mip.STI <- 0b0)
mem[X,0x0000000080000728] -> 0x8093
mem[X,0x000000008000072A] -> 0xEAD0
[130] [M]: 0x0000000080000728 (0xEAD08093) addi x1, x1, -0x153                      rvtest_entrypoint+228
x1 <- 0xFFFFFFFFFEEDBEAD

mem[X,0x000000008000072C] -> 0x9093
mem[X,0x000000008000072E] -> 0x00B0
[131] [M]: 0x000000008000072C (0x00B09093) slli x1, x1, 0xb                         rvtest_entrypoint+232
x1 <- 0xFFFFFFF76DF56800

clint mtime 0x0000000000000042 (mip.MTI <- 0b1, mip.STI <- 0b0)
mem[X,0x0000000080000730] -> 0x8093
mem[X,0x0000000080000732] -> 0x7F70
[132] [M]: 0x0000000080000730 (0x7F708093) addi x1, x1, 0x7f7                       rvtest_entrypoint+236
x1 <- 0xFFFFFFF76DF56FF7

mem[X,0x0000000080000734] -> 0x9093
mem[X,0x0000000080000736] -> 0x00B0
[133] [M]: 0x0000000080000734 (0x00B09093) slli x1, x1, 0xb                         rvtest_entrypoint+240
x1 <- 0xFFFFBB6FAB7FB800

clint mtime 0x0000000000000043 (mip.MTI <- 0b1, mip.STI <- 0b0)
mem[X,0x0000000080000738] -> 0x8093
mem[X,0x000000008000073A] -> 0x36F0
[134] [M]: 0x0000000080000738 (0x36F08093) addi x1, x1, 0x36f                       rvtest_entrypoint+244
x1 <- 0xFFFFBB6FAB7FBB6F

mem[X,0x000000008000073C] -> 0x9093
mem[X,0x000000008000073E] -> 0x00A0
[135] [M]: 0x000000008000073C (0x00A09093) slli x1, x1, 0xa                         rvtest_entrypoint+248
x1 <- 0xFEEDBEADFEEDBC00

clint mtime 0x0000000000000044 (mip.MTI <- 0b1, mip.STI <- 0b0)
mem[X,0x0000000080000740] -> 0x8093
mem[X,0x0000000080000742] -> 0x2AD0
[136] [M]: 0x0000000080000740 (0x2AD08093) addi x1, x1, 0x2ad                       rvtest_entrypoint+252
x1 <- 0xFEEDBEADFEEDBEAD

mem[X,0x0000000080000744] -> 0xD113
mem[X,0x0000000080000746] -> 0x0070
[137] [M]: 0x0000000080000744 (0x0070D113) srli x2, x1, 0x7                         rvtest_entrypoint+256
x2 <- 0x01FDDB7D5BFDDB7D

clint mtime 0x0000000000000045 (mip.MTI <- 0b1, mip.STI <- 0b0)
mem[X,0x0000000080000748] -> 0xD793
mem[X,0x000000008000074A] -> 0x0390
[138] [M]: 0x0000000080000748 (0x0390D793) srli x15, x1, 0x39                       rvtest_entrypoint+260
x15 <- 0x000000000000007F

mem[X,0x000000008000074C] -> 0x6133
mem[X,0x000000008000074E] -> 0x00F1
[139] [M]: 0x000000008000074C (0x00F16133) or x2, x2, x15                           rvtest_entrypoint+264
x2 <- 0x01FDDB7D5BFDDB7F

clint mtime 0x0000000000000046 (mip.MTI <- 0b1, mip.STI <- 0b0)
mem[X,0x0000000080000750] -> 0x5193
mem[X,0x0000000080000752] -> 0x0071
[140] [M]: 0x0000000080000750 (0x00715193) srli x3, x2, 0x7                         rvtest_entrypoint+268
x3 <- 0x0003FBB6FAB7FBB6

mem[X,0x0000000080000754] -> 0x5793
mem[X,0x0000000080000756] -> 0x0391
[141] [M]: 0x0000000080000754 (0x03915793) srli x15, x2, 0x39                       rvtest_entrypoint+272
x15 <- 0x0000000000000000

clint mtime 0x0000000000000047 (mip.MTI <- 0b1, mip.STI <- 0b0)
mem[X,0x0000000080000758] -> 0xE1B3
mem[X,0x000000008000075A] -> 0x00F1
[142] [M]: 0x0000000080000758 (0x00F1E1B3) or x3, x3, x15                           rvtest_entrypoint+276
x3 <- 0x0003FBB6FAB7FBB6

mem[X,0x000000008000075C] -> 0xD213
mem[X,0x000000008000075E] -> 0x0071
[143] [M]: 0x000000008000075C (0x0071D213) srli x4, x3, 0x7                         rvtest_entrypoint+280
x4 <- 0x000007F76DF56FF7

clint mtime 0x0000000000000048 (mip.MTI <- 0b1, mip.STI <- 0b0)
mem[X,0x0000000080000760] -> 0xD793
mem[X,0x0000000080000762] -> 0x0391
[144] [M]: 0x0000000080000760 (0x0391D793) srli x15, x3, 0x39                       rvtest_entrypoint+284
x15 <- 0x0000000000000000

mem[X,0x0000000080000764] -> 0x6233
mem[X,0x0000000080000766] -> 0x00F2
[145] [M]: 0x0000000080000764 (0x00F26233) or x4, x4, x15                           rvtest_entrypoint+288
x4 <- 0x000007F76DF56FF7

clint mtime 0x0000000000000049 (mip.MTI <- 0b1, mip.STI <- 0b0)
mem[X,0x0000000080000768] -> 0x5293
mem[X,0x000000008000076A] -> 0x0072
[146] [M]: 0x0000000080000768 (0x00725293) srli x5, x4, 0x7                         rvtest_entrypoint+292
x5 <- 0x0000000FEEDBEADF

mem[X,0x000000008000076C] -> 0x5793
mem[X,0x000000008000076E] -> 0x0392
[147] [M]: 0x000000008000076C (0x03925793) srli x15, x4, 0x39                       rvtest_entrypoint+296
x15 <- 0x0000000000000000

clint mtime 0x000000000000004A (mip.MTI <- 0b1, mip.STI <- 0b0)
mem[X,0x0000000080000770] -> 0xE2B3
mem[X,0x0000000080000772] -> 0x00F2
[148] [M]: 0x0000000080000770 (0x00F2E2B3) or x5, x5, x15                           rvtest_entrypoint+300
x5 <- 0x0000000FEEDBEADF

mem[X,0x0000000080000774] -> 0xD313
mem[X,0x0000000080000776] -> 0x0072
[149] [M]: 0x0000000080000774 (0x0072D313) srli x6, x5, 0x7                         rvtest_entrypoint+304
x6 <- 0x000000001FDDB7D5

clint mtime 0x000000000000004B (mip.MTI <- 0b1, mip.STI <- 0b0)
mem[X,0x0000000080000778] -> 0xD793
mem[X,0x000000008000077A] -> 0x0392
[150] [M]: 0x0000000080000778 (0x0392D793) srli x15, x5, 0x39                       rvtest_entrypoint+308
x15 <- 0x0000000000000000

mem[X,0x000000008000077C] -> 0x6333
mem[X,0x000000008000077E] -> 0x00F3
[151] [M]: 0x000000008000077C (0x00F36333) or x6, x6, x15                           rvtest_entrypoint+312
x6 <- 0x000000001FDDB7D5

clint mtime 0x000000000000004C (mip.MTI <- 0b1, mip.STI <- 0b0)
mem[X,0x0000000080000780] -> 0x5393
mem[X,0x0000000080000782] -> 0x0073
[152] [M]: 0x0000000080000780 (0x00735393) srli x7, x6, 0x7                         rvtest_entrypoint+316
x7 <- 0x00000000003FBB6F

mem[X,0x0000000080000784] -> 0x5793
mem[X,0x0000000080000786] -> 0x0393
[153] [M]: 0x0000000080000784 (0x03935793) srli x15, x6, 0x39                       rvtest_entrypoint+320
x15 <- 0x0000000000000000

clint mtime 0x000000000000004D (mip.MTI <- 0b1, mip.STI <- 0b0)
mem[X,0x0000000080000788] -> 0xE3B3
mem[X,0x000000008000078A] -> 0x00F3
[154] [M]: 0x0000000080000788 (0x00F3E3B3) or x7, x7, x15                           rvtest_entrypoint+324
x7 <- 0x00000000003FBB6F

mem[X,0x000000008000078C] -> 0xD413
mem[X,0x000000008000078E] -> 0x0073
[155] [M]: 0x000000008000078C (0x0073D413) srli x8, x7, 0x7                         rvtest_entrypoint+328
x8 <- 0x0000000000007F76

clint mtime 0x000000000000004E (mip.MTI <- 0b1, mip.STI <- 0b0)
mem[X,0x0000000080000790] -> 0xD793
mem[X,0x0000000080000792] -> 0x0393
[156] [M]: 0x0000000080000790 (0x0393D793) srli x15, x7, 0x39                       rvtest_entrypoint+332
x15 <- 0x0000000000000000

mem[X,0x0000000080000794] -> 0x6433
mem[X,0x0000000080000796] -> 0x00F4
[157] [M]: 0x0000000080000794 (0x00F46433) or x8, x8, x15                           rvtest_entrypoint+336
x8 <- 0x0000000000007F76

clint mtime 0x000000000000004F (mip.MTI <- 0b1, mip.STI <- 0b0)
mem[X,0x0000000080000798] -> 0x5493
mem[X,0x000000008000079A] -> 0x0074
[158] [M]: 0x0000000080000798 (0x00745493) srli x9, x8, 0x7                         rvtest_entrypoint+340
x9 <- 0x00000000000000FE

mem[X,0x000000008000079C] -> 0x5793
mem[X,0x000000008000079E] -> 0x0394
[159] [M]: 0x000000008000079C (0x03945793) srli x15, x8, 0x39                       rvtest_entrypoint+344
x15 <- 0x0000000000000000

clint mtime 0x0000000000000050 (mip.MTI <- 0b1, mip.STI <- 0b0)
mem[X,0x00000000800007A0] -> 0xE4B3
mem[X,0x00000000800007A2] -> 0x00F4
[160] [M]: 0x00000000800007A0 (0x00F4E4B3) or x9, x9, x15                           rvtest_entrypoint+348
x9 <- 0x00000000000000FE

mem[X,0x00000000800007A4] -> 0xD513
mem[X,0x00000000800007A6] -> 0x0074
[161] [M]: 0x00000000800007A4 (0x0074D513) srli x10, x9, 0x7                        rvtest_entrypoint+352
x10 <- 0x0000000000000001

clint mtime 0x0000000000000051 (mip.MTI <- 0b1, mip.STI <- 0b0)
mem[X,0x00000000800007A8] -> 0xD793
mem[X,0x00000000800007AA] -> 0x0394
[162] [M]: 0x00000000800007A8 (0x0394D793) srli x15, x9, 0x39                       rvtest_entrypoint+356
x15 <- 0x0000000000000000

mem[X,0x00000000800007AC] -> 0x6533
mem[X,0x00000000800007AE] -> 0x00F5
[163] [M]: 0x00000000800007AC (0x00F56533) or x10, x10, x15                         rvtest_entrypoint+360
x10 <- 0x0000000000000001

clint mtime 0x0000000000000052 (mip.MTI <- 0b1, mip.STI <- 0b0)
mem[X,0x00000000800007B0] -> 0x5593
mem[X,0x00000000800007B2] -> 0x0075
[164] [M]: 0x00000000800007B0 (0x00755593) srli x11, x10, 0x7                       rvtest_entrypoint+364
x11 <- 0x0000000000000000

mem[X,0x00000000800007B4] -> 0x5793
mem[X,0x00000000800007B6] -> 0x0395
[165] [M]: 0x00000000800007B4 (0x03955793) srli x15, x10, 0x39                      rvtest_entrypoint+368
x15 <- 0x0000000000000000

clint mtime 0x0000000000000053 (mip.MTI <- 0b1, mip.STI <- 0b0)
mem[X,0x00000000800007B8] -> 0xE5B3
mem[X,0x00000000800007BA] -> 0x00F5
[166] [M]: 0x00000000800007B8 (0x00F5E5B3) or x11, x11, x15                         rvtest_entrypoint+372
x11 <- 0x0000000000000000

mem[X,0x00000000800007BC] -> 0xD613
mem[X,0x00000000800007BE] -> 0x0075
[167] [M]: 0x00000000800007BC (0x0075D613) srli x12, x11, 0x7                       rvtest_entrypoint+376
x12 <- 0x0000000000000000

clint mtime 0x0000000000000054 (mip.MTI <- 0b1, mip.STI <- 0b0)
mem[X,0x00000000800007C0] -> 0xD793
mem[X,0x00000000800007C2] -> 0x0395
[168] [M]: 0x00000000800007C0 (0x0395D793) srli x15, x11, 0x39                      rvtest_entrypoint+380
x15 <- 0x0000000000000000

mem[X,0x00000000800007C4] -> 0x6633
mem[X,0x00000000800007C6] -> 0x00F6
[169] [M]: 0x00000000800007C4 (0x00F66633) or x12, x12, x15                         rvtest_entrypoint+384
x12 <- 0x0000000000000000

clint mtime 0x0000000000000055 (mip.MTI <- 0b1, mip.STI <- 0b0)
mem[X,0x00000000800007C8] -> 0x5693
mem[X,0x00000000800007CA] -> 0x0076
[170] [M]: 0x00000000800007C8 (0x00765693) srli x13, x12, 0x7                       rvtest_entrypoint+388
x13 <- 0x0000000000000000

mem[X,0x00000000800007CC] -> 0x5793
mem[X,0x00000000800007CE] -> 0x0396
[171] [M]: 0x00000000800007CC (0x03965793) srli x15, x12, 0x39                      rvtest_entrypoint+392
x15 <- 0x0000000000000000

clint mtime 0x0000000000000056 (mip.MTI <- 0b1, mip.STI <- 0b0)
mem[X,0x00000000800007D0] -> 0xE6B3
mem[X,0x00000000800007D2] -> 0x00F6
[172] [M]: 0x00000000800007D0 (0x00F6E6B3) or x13, x13, x15                         rvtest_entrypoint+396
x13 <- 0x0000000000000000

mem[X,0x00000000800007D4] -> 0x0013
mem[X,0x00000000800007D6] -> 0x0000
[173] [M]: 0x00000000800007D4 (0x00000013) addi x0, x0, 0x0                         rvtest_code_begin+0

clint mtime 0x0000000000000057 (mip.MTI <- 0b1, mip.STI <- 0b0)
mem[X,0x00000000800007D8] -> 0x0013
mem[X,0x00000000800007DA] -> 0x0000
[174] [M]: 0x00000000800007D8 (0x00000013) addi x0, x0, 0x0                         rvtest_code_begin+4

mem[X,0x00000000800007DC] -> 0x0013
mem[X,0x00000000800007DE] -> 0x0000
[175] [M]: 0x00000000800007DC (0x00000013) addi x0, x0, 0x0                         rvtest_code_begin+8

clint mtime 0x0000000000000058 (mip.MTI <- 0b1, mip.STI <- 0b0)
mem[X,0x00000000800007E0] -> 0x6697
mem[X,0x00000000800007E2] -> 0x0000
[176] [M]: 0x00000000800007E0 (0x00006697) auipc x13, 0x6                           rvtest_code_begin+12
x13 <- 0x00000000800067E0

mem[X,0x00000000800007E4] -> 0x8693
mem[X,0x00000000800007E6] -> 0x9386
[177] [M]: 0x00000000800007E4 (0x93868693) addi x13, x13, -0x6c8                    rvtest_code_begin+16
x13 <- 0x0000000080006118

clint mtime 0x0000000000000059 (mip.MTI <- 0b1, mip.STI <- 0b0)
mem[X,0x00000000800007E8] -> 0x0001
[178] [M]: 0x00000000800007E8 (0x0001) c.nop                                        rvtest_code_begin+20

mem[X,0x00000000800007EA] -> 0x0013
mem[X,0x00000000800007EC] -> 0x0000
[179] [M]: 0x00000000800007EA (0x00000013) addi x0, x0, 0x0                         rvtest_code_begin+22

clint mtime 0x000000000000005A (mip.MTI <- 0b1, mip.STI <- 0b0)
mem[X,0x00000000800007EE] -> 0x0013
mem[X,0x00000000800007F0] -> 0x0000
[180] [M]: 0x00000000800007EE (0x00000013) addi x0, x0, 0x0                         rvtest_code_begin+26

mem[X,0x00000000800007F2] -> 0x0013
mem[X,0x00000000800007F4] -> 0x0000
[181] [M]: 0x00000000800007F2 (0x00000013) addi x0, x0, 0x0                         rvtest_code_begin+30

clint mtime 0x000000000000005B (mip.MTI <- 0b1, mip.STI <- 0b0)
mem[X,0x00000000800007F6] -> 0x0013
mem[X,0x00000000800007F8] -> 0x0000
[182] [M]: 0x00000000800007F6 (0x00000013) addi x0, x0, 0x0                         rvtest_code_begin+34

mem[X,0x00000000800007FA] -> 0x0013
mem[X,0x00000000800007FC] -> 0x0000
[183] [M]: 0x00000000800007FA (0x00000013) addi x0, x0, 0x0                         rvtest_code_begin+38

clint mtime 0x000000000000005C (mip.MTI <- 0b1, mip.STI <- 0b0)
mem[X,0x00000000800007FE] -> 0x0001
[184] [M]: 0x00000000800007FE (0x0001) c.nop                                        rvtest_code_begin+42

mem[X,0x0000000080000800] -> 0xD737
mem[X,0x0000000080000802] -> 0x0000
[185] [M]: 0x0000000080000800 (0x0000D737) lui x14, 0xd                             main+0
x14 <- 0x000000000000D000

clint mtime 0x000000000000005D (mip.MTI <- 0b1, mip.STI <- 0b0)
mem[X,0x0000000080000804] -> 0x071B
mem[X,0x0000000080000806] -> 0xEED7
[186] [M]: 0x0000000080000804 (0xEED7071B) addiw x14, x14, -0x113                   main+4
x14 <- 0x000000000000CEED

mem[X,0x0000000080000808] -> 0xB023
mem[X,0x000000008000080A] -> 0x00E6
[187] [M]: 0x0000000080000808 (0x00E6B023) sd x14, 0x0(x13)                         main+8
mem[W,0x0000000080006118] <- 0x000000000000CEED

clint mtime 0x000000000000005E (mip.MTI <- 0b1, mip.STI <- 0b0)
mem[X,0x000000008000080C] -> 0xC737
mem[X,0x000000008000080E] -> 0x0000
[188] [M]: 0x000000008000080C (0x0000C737) lui x14, 0xc                             main+12
x14 <- 0x000000000000C000

mem[X,0x0000000080000810] -> 0x071B
mem[X,0x0000000080000812] -> 0xEED7
[189] [M]: 0x0000000080000810 (0xEED7071B) addiw x14, x14, -0x113                   main+16
x14 <- 0x000000000000BEED

clint mtime 0x000000000000005F (mip.MTI <- 0b1, mip.STI <- 0b0)
mem[X,0x0000000080000814] -> 0xB423
mem[X,0x0000000080000816] -> 0x00E6
[190] [M]: 0x0000000080000814 (0x00E6B423) sd x14, 0x8(x13)                         main+20
mem[W,0x0000000080006120] <- 0x000000000000BEED

mem[X,0x0000000080000818] -> 0x0393
mem[X,0x000000008000081A] -> 0xFFF0
[191] [M]: 0x0000000080000818 (0xFFF00393) addi x7, x0, -0x1                        main+24
x7 <- 0xFFFFFFFFFFFFFFFF

clint mtime 0x0000000000000060 (mip.MTI <- 0b1, mip.STI <- 0b0)
mem[X,0x000000008000081C] -> 0x9073
mem[X,0x000000008000081E] -> 0x3B03
[192] [M]: 0x000000008000081C (0x3B039073) csrrw x0, pmpaddr0, x7                   main+28
CSR pmpaddr0 (0x3B0) <- 0x003FFFFFFFFFFFFF

mem[X,0x0000000080000820] -> 0x0393
mem[X,0x0000000080000822] -> 0x00F0
[193] [M]: 0x0000000080000820 (0x00F00393) addi x7, x0, 0xf                         main+32
x7 <- 0x000000000000000F

clint mtime 0x0000000000000061 (mip.MTI <- 0b1, mip.STI <- 0b0)
mem[X,0x0000000080000824] -> 0x9073
mem[X,0x0000000080000826] -> 0x3A03
[194] [M]: 0x0000000080000824 (0x3A039073) csrrw x0, pmpcfg0, x7                    main+36
CSR pmpcfg0 (0x3A0) <- 0x000000000000000F

mem[X,0x0000000080000828] -> 0x0073
mem[X,0x000000008000082A] -> 0x1200
[195] [M]: 0x0000000080000828 (0x12000073) sfence.vma x0, x0                        main+40

clint mtime 0x0000000000000062 (mip.MTI <- 0b1, mip.STI <- 0b0)
mem[X,0x000000008000082C] -> 0x1073
mem[X,0x000000008000082E] -> 0x1800
[196] [M]: 0x000000008000082C (0x18001073) csrrw x0, satp, x0                       main+44
CSR satp (0x180) <- 0x0000000000000000

mem[X,0x0000000080000830] -> 0x0013
mem[X,0x0000000080000832] -> 0x0000
[197] [M]: 0x0000000080000830 (0x00000013) addi x0, x0, 0x0                         main+48

clint mtime 0x0000000000000063 (mip.MTI <- 0b1, mip.STI <- 0b0)
mem[X,0x0000000080000834] -> 0x0013
mem[X,0x0000000080000836] -> 0x0000
[198] [M]: 0x0000000080000834 (0x00000013) addi x0, x0, 0x0                         main+52

mem[X,0x0000000080000838] -> 0x0013
mem[X,0x000000008000083A] -> 0x0000
[199] [M]: 0x0000000080000838 (0x00000013) addi x0, x0, 0x0                         main+56

clint mtime 0x0000000000000064 (mip.MTI <- 0b1, mip.STI <- 0b0)
mem[X,0x000000008000083C] -> 0x0013
mem[X,0x000000008000083E] -> 0x0000
[200] [M]: 0x000000008000083C (0x00000013) addi x0, x0, 0x0                         main+60

mem[X,0x0000000080000840] -> 0x051B
mem[X,0x0000000080000842] -> 0x0000
[201] [M]: 0x0000000080000840 (0x0000051B) addiw x10, x0, 0x0                       main+64
x10 <- 0x0000000000000000

clint mtime 0x0000000000000065 (mip.MTI <- 0b1, mip.STI <- 0b0)
mem[X,0x0000000080000844] -> 0x0001
[202] [M]: 0x0000000080000844 (0x0001) c.nop                                        main+68

mem[X,0x0000000080000846] -> 0x0013
mem[X,0x0000000080000848] -> 0x0000
[203] [M]: 0x0000000080000846 (0x00000013) addi x0, x0, 0x0                         main+70

clint mtime 0x0000000000000066 (mip.MTI <- 0b1, mip.STI <- 0b0)
mem[X,0x000000008000084A] -> 0x0013
mem[X,0x000000008000084C] -> 0x0000
[204] [M]: 0x000000008000084A (0x00000013) addi x0, x0, 0x0                         main+74

mem[X,0x000000008000084E] -> 0x0013
mem[X,0x0000000080000850] -> 0x0000
[205] [M]: 0x000000008000084E (0x00000013) addi x0, x0, 0x0                         main+78

clint mtime 0x0000000000000067 (mip.MTI <- 0b1, mip.STI <- 0b0)
mem[X,0x0000000080000852] -> 0x0013
mem[X,0x0000000080000854] -> 0x0000
[206] [M]: 0x0000000080000852 (0x00000013) addi x0, x0, 0x0                         main+82

mem[X,0x0000000080000856] -> 0x0013
mem[X,0x0000000080000858] -> 0x0000
[207] [M]: 0x0000000080000856 (0x00000013) addi x0, x0, 0x0                         main+86

clint mtime 0x0000000000000068 (mip.MTI <- 0b1, mip.STI <- 0b0)
mem[X,0x000000008000085A] -> 0x0013
mem[X,0x000000008000085C] -> 0x0000
[208] [M]: 0x000000008000085A (0x00000013) addi x0, x0, 0x0                         main+90

mem[X,0x000000008000085E] -> 0x0001
[209] [M]: 0x000000008000085E (0x0001) c.nop                                        main+94

clint mtime 0x0000000000000069 (mip.MTI <- 0b1, mip.STI <- 0b0)
mem[X,0x0000000080000860] -> 0x0593
mem[X,0x0000000080000862] -> 0x0CB0
[210] [M]: 0x0000000080000860 (0x0CB00593) addi x11, x0, 0xcb                       main+96
x11 <- 0x00000000000000CB

mem[X,0x0000000080000864] -> 0x5513
mem[X,0x0000000080000866] -> 0x00C5
[211] [M]: 0x0000000080000864 (0x00C55513) srli x10, x10, 0xc                       main+100
x10 <- 0x0000000000000000

clint mtime 0x000000000000006A (mip.MTI <- 0b1, mip.STI <- 0b0)
mem[X,0x0000000080000868] -> 0x1513
mem[X,0x000000008000086A] -> 0x00A5
[212] [M]: 0x0000000080000868 (0x00A51513) slli x10, x10, 0xa                       main+104
x10 <- 0x0000000000000000

mem[X,0x000000008000086C] -> 0x6533
mem[X,0x000000008000086E] -> 0x00B5
[213] [M]: 0x000000008000086C (0x00B56533) or x10, x10, x11                         main+108
x10 <- 0x00000000000000CB

clint mtime 0x000000000000006B (mip.MTI <- 0b1, mip.STI <- 0b0)
mem[X,0x0000000080000870] -> 0x0013
mem[X,0x0000000080000872] -> 0x0000
[214] [M]: 0x0000000080000870 (0x00000013) addi x0, x0, 0x0                         main+112

mem[X,0x0000000080000874] -> 0x0013
mem[X,0x0000000080000876] -> 0x0000
[215] [M]: 0x0000000080000874 (0x00000013) addi x0, x0, 0x0                         main+116

clint mtime 0x000000000000006C (mip.MTI <- 0b1, mip.STI <- 0b0)
mem[X,0x0000000080000878] -> 0x0013
mem[X,0x000000008000087A] -> 0x0000
[216] [M]: 0x0000000080000878 (0x00000013) addi x0, x0, 0x0                         main+120

mem[X,0x000000008000087C] -> 0x0013
mem[X,0x000000008000087E] -> 0x0000
[217] [M]: 0x000000008000087C (0x00000013) addi x0, x0, 0x0                         main+124

clint mtime 0x000000000000006D (mip.MTI <- 0b1, mip.STI <- 0b0)
mem[X,0x0000000080000880] -> 0x4317
mem[X,0x0000000080000882] -> 0x0000
[218] [M]: 0x0000000080000880 (0x00004317) auipc x6, 0x4                            main+128
x6 <- 0x0000000080004880

mem[X,0x0000000080000884] -> 0x0313
mem[X,0x0000000080000886] -> 0x7803
[219] [M]: 0x0000000080000884 (0x78030313) addi x6, x6, 0x780                       main+132
x6 <- 0x0000000080005000

clint mtime 0x000000000000006E (mip.MTI <- 0b1, mip.STI <- 0b0)
mem[X,0x0000000080000888] -> 0x0001
[220] [M]: 0x0000000080000888 (0x0001) c.nop                                        main+136

mem[X,0x000000008000088A] -> 0x0013
mem[X,0x000000008000088C] -> 0x0000
[221] [M]: 0x000000008000088A (0x00000013) addi x0, x0, 0x0                         main+138

clint mtime 0x000000000000006F (mip.MTI <- 0b1, mip.STI <- 0b0)
mem[X,0x000000008000088E] -> 0x0013
mem[X,0x0000000080000890] -> 0x0000
[222] [M]: 0x000000008000088E (0x00000013) addi x0, x0, 0x0                         main+142

mem[X,0x0000000080000892] -> 0x0013
mem[X,0x0000000080000894] -> 0x0000
[223] [M]: 0x0000000080000892 (0x00000013) addi x0, x0, 0x0                         main+146

clint mtime 0x0000000000000070 (mip.MTI <- 0b1, mip.STI <- 0b0)
mem[X,0x0000000080000896] -> 0x0013
mem[X,0x0000000080000898] -> 0x0000
[224] [M]: 0x0000000080000896 (0x00000013) addi x0, x0, 0x0                         main+150

mem[X,0x000000008000089A] -> 0x0013
mem[X,0x000000008000089C] -> 0x0000
[225] [M]: 0x000000008000089A (0x00000013) addi x0, x0, 0x0                         main+154

clint mtime 0x0000000000000071 (mip.MTI <- 0b1, mip.STI <- 0b0)
mem[X,0x000000008000089E] -> 0x0001
[226] [M]: 0x000000008000089E (0x0001) c.nop                                        main+158

mem[X,0x00000000800008A0] -> 0x0293
mem[X,0x00000000800008A2] -> 0x0300
[227] [M]: 0x00000000800008A0 (0x03000293) addi x5, x0, 0x30                        main+160
x5 <- 0x0000000000000030

clint mtime 0x0000000000000072 (mip.MTI <- 0b1, mip.STI <- 0b0)
mem[X,0x00000000800008A4] -> 0x0333
mem[X,0x00000000800008A6] -> 0x0053
[228] [M]: 0x00000000800008A4 (0x00530333) add x6, x6, x5                           main+164
x6 <- 0x0000000080005030

mem[X,0x00000000800008A8] -> 0x3023
mem[X,0x00000000800008AA] -> 0x00A3
[229] [M]: 0x00000000800008A8 (0x00A33023) sd x10, 0x0(x6)                          main+168
mem[W,0x0000000080005030] <- 0x00000000000000CB

clint mtime 0x0000000000000073 (mip.MTI <- 0b1, mip.STI <- 0b0)
mem[X,0x00000000800008AC] -> 0x0073
mem[X,0x00000000800008AE] -> 0x1200
[230] [M]: 0x00000000800008AC (0x12000073) sfence.vma x0, x0                        main+172

mem[X,0x00000000800008B0] -> 0x0013
mem[X,0x00000000800008B2] -> 0x0000
[231] [M]: 0x00000000800008B0 (0x00000013) addi x0, x0, 0x0                         main+176

clint mtime 0x0000000000000074 (mip.MTI <- 0b1, mip.STI <- 0b0)
mem[X,0x00000000800008B4] -> 0x0013
mem[X,0x00000000800008B6] -> 0x0000
[232] [M]: 0x00000000800008B4 (0x00000013) addi x0, x0, 0x0                         main+180

mem[X,0x00000000800008B8] -> 0x0013
mem[X,0x00000000800008BA] -> 0x0000
[233] [M]: 0x00000000800008B8 (0x00000013) addi x0, x0, 0x0                         main+184

clint mtime 0x0000000000000075 (mip.MTI <- 0b1, mip.STI <- 0b0)
mem[X,0x00000000800008BC] -> 0x0013
mem[X,0x00000000800008BE] -> 0x0000
[234] [M]: 0x00000000800008BC (0x00000013) addi x0, x0, 0x0                         main+188

mem[X,0x00000000800008C0] -> 0x051B
mem[X,0x00000000800008C2] -> 0x0000
[235] [M]: 0x00000000800008C0 (0x0000051B) addiw x10, x0, 0x0                       main+192
x10 <- 0x0000000000000000

clint mtime 0x0000000000000076 (mip.MTI <- 0b1, mip.STI <- 0b0)
mem[X,0x00000000800008C4] -> 0x0001
[236] [M]: 0x00000000800008C4 (0x0001) c.nop                                        main+196

mem[X,0x00000000800008C6] -> 0x0013
mem[X,0x00000000800008C8] -> 0x0000
[237] [M]: 0x00000000800008C6 (0x00000013) addi x0, x0, 0x0                         main+198

clint mtime 0x0000000000000077 (mip.MTI <- 0b1, mip.STI <- 0b0)
mem[X,0x00000000800008CA] -> 0x0013
mem[X,0x00000000800008CC] -> 0x0000
[238] [M]: 0x00000000800008CA (0x00000013) addi x0, x0, 0x0                         main+202

mem[X,0x00000000800008CE] -> 0x0013
mem[X,0x00000000800008D0] -> 0x0000
[239] [M]: 0x00000000800008CE (0x00000013) addi x0, x0, 0x0                         main+206

clint mtime 0x0000000000000078 (mip.MTI <- 0b1, mip.STI <- 0b0)
mem[X,0x00000000800008D2] -> 0x0013
mem[X,0x00000000800008D4] -> 0x0000
[240] [M]: 0x00000000800008D2 (0x00000013) addi x0, x0, 0x0                         main+210

mem[X,0x00000000800008D6] -> 0x0013
mem[X,0x00000000800008D8] -> 0x0000
[241] [M]: 0x00000000800008D6 (0x00000013) addi x0, x0, 0x0                         main+214

clint mtime 0x0000000000000079 (mip.MTI <- 0b1, mip.STI <- 0b0)
mem[X,0x00000000800008DA] -> 0x0013
mem[X,0x00000000800008DC] -> 0x0000
[242] [M]: 0x00000000800008DA (0x00000013) addi x0, x0, 0x0                         main+218

mem[X,0x00000000800008DE] -> 0x0001
[243] [M]: 0x00000000800008DE (0x0001) c.nop                                        main+222

clint mtime 0x000000000000007A (mip.MTI <- 0b1, mip.STI <- 0b0)
mem[X,0x00000000800008E0] -> 0x0593
mem[X,0x00000000800008E2] -> 0x0CF0
[244] [M]: 0x00000000800008E0 (0x0CF00593) addi x11, x0, 0xcf                       main+224
x11 <- 0x00000000000000CF

mem[X,0x00000000800008E4] -> 0x5513
mem[X,0x00000000800008E6] -> 0x00C5
[245] [M]: 0x00000000800008E4 (0x00C55513) srli x10, x10, 0xc                       main+228
x10 <- 0x0000000000000000

clint mtime 0x000000000000007B (mip.MTI <- 0b1, mip.STI <- 0b0)
mem[X,0x00000000800008E8] -> 0x1513
mem[X,0x00000000800008EA] -> 0x00A5
[246] [M]: 0x00000000800008E8 (0x00A51513) slli x10, x10, 0xa                       main+232
x10 <- 0x0000000000000000

mem[X,0x00000000800008EC] -> 0x6533
mem[X,0x00000000800008EE] -> 0x00B5
[247] [M]: 0x00000000800008EC (0x00B56533) or x10, x10, x11                         main+236
x10 <- 0x00000000000000CF

clint mtime 0x000000000000007C (mip.MTI <- 0b1, mip.STI <- 0b0)
mem[X,0x00000000800008F0] -> 0x0013
mem[X,0x00000000800008F2] -> 0x0000
[248] [M]: 0x00000000800008F0 (0x00000013) addi x0, x0, 0x0                         main+240

mem[X,0x00000000800008F4] -> 0x0013
mem[X,0x00000000800008F6] -> 0x0000
[249] [M]: 0x00000000800008F4 (0x00000013) addi x0, x0, 0x0                         main+244

clint mtime 0x000000000000007D (mip.MTI <- 0b1, mip.STI <- 0b0)
mem[X,0x00000000800008F8] -> 0x0013
mem[X,0x00000000800008FA] -> 0x0000
[250] [M]: 0x00000000800008F8 (0x00000013) addi x0, x0, 0x0                         main+248

mem[X,0x00000000800008FC] -> 0x0013
mem[X,0x00000000800008FE] -> 0x0000
[251] [M]: 0x00000000800008FC (0x00000013) addi x0, x0, 0x0                         main+252

clint mtime 0x000000000000007E (mip.MTI <- 0b1, mip.STI <- 0b0)
mem[X,0x0000000080000900] -> 0x4317
mem[X,0x0000000080000902] -> 0x0000
[252] [M]: 0x0000000080000900 (0x00004317) auipc x6, 0x4                            main+256
x6 <- 0x0000000080004900

mem[X,0x0000000080000904] -> 0x0313
mem[X,0x0000000080000906] -> 0x7003
[253] [M]: 0x0000000080000904 (0x70030313) addi x6, x6, 0x700                       main+260
x6 <- 0x0000000080005000

clint mtime 0x000000000000007F (mip.MTI <- 0b1, mip.STI <- 0b0)
mem[X,0x0000000080000908] -> 0x0001
[254] [M]: 0x0000000080000908 (0x0001) c.nop                                        main+264

mem[X,0x000000008000090A] -> 0x0013
mem[X,0x000000008000090C] -> 0x0000
[255] [M]: 0x000000008000090A (0x00000013) addi x0, x0, 0x0                         main+266

clint mtime 0x0000000000000080 (mip.MTI <- 0b1, mip.STI <- 0b0)
mem[X,0x000000008000090E] -> 0x0013
mem[X,0x0000000080000910] -> 0x0000
[256] [M]: 0x000000008000090E (0x00000013) addi x0, x0, 0x0                         main+270

mem[X,0x0000000080000912] -> 0x0013
mem[X,0x0000000080000914] -> 0x0000
[257] [M]: 0x0000000080000912 (0x00000013) addi x0, x0, 0x0                         main+274

clint mtime 0x0000000000000081 (mip.MTI <- 0b1, mip.STI <- 0b0)
mem[X,0x0000000080000916] -> 0x0013
mem[X,0x0000000080000918] -> 0x0000
[258] [M]: 0x0000000080000916 (0x00000013) addi x0, x0, 0x0                         main+278

mem[X,0x000000008000091A] -> 0x0013
mem[X,0x000000008000091C] -> 0x0000
[259] [M]: 0x000000008000091A (0x00000013) addi x0, x0, 0x0                         main+282

clint mtime 0x0000000000000082 (mip.MTI <- 0b1, mip.STI <- 0b0)
mem[X,0x000000008000091E] -> 0x0001
[260] [M]: 0x000000008000091E (0x0001) c.nop                                        main+286

mem[X,0x0000000080000920] -> 0x0293
mem[X,0x0000000080000922] -> 0x0380
[261] [M]: 0x0000000080000920 (0x03800293) addi x5, x0, 0x38                        main+288
x5 <- 0x0000000000000038

clint mtime 0x0000000000000083 (mip.MTI <- 0b1, mip.STI <- 0b0)
mem[X,0x0000000080000924] -> 0x0333
mem[X,0x0000000080000926] -> 0x0053
[262] [M]: 0x0000000080000924 (0x00530333) add x6, x6, x5                           main+292
x6 <- 0x0000000080005038

mem[X,0x0000000080000928] -> 0x3023
mem[X,0x000000008000092A] -> 0x00A3
[263] [M]: 0x0000000080000928 (0x00A33023) sd x10, 0x0(x6)                          main+296
mem[W,0x0000000080005038] <- 0x00000000000000CF

clint mtime 0x0000000000000084 (mip.MTI <- 0b1, mip.STI <- 0b0)
mem[X,0x000000008000092C] -> 0x0073
mem[X,0x000000008000092E] -> 0x1200
[264] [M]: 0x000000008000092C (0x12000073) sfence.vma x0, x0                        main+300

mem[X,0x0000000080000930] -> 0x02B7
mem[X,0x0000000080000932] -> 0x0007
[265] [M]: 0x0000000080000930 (0x000702B7) lui x5, 0x70                             main+304
x5 <- 0x0000000000070000

clint mtime 0x0000000000000085 (mip.MTI <- 0b1, mip.STI <- 0b0)
mem[X,0x0000000080000934] -> 0x8293
mem[X,0x0000000080000936] -> 0x0002
[266] [M]: 0x0000000080000934 (0x00028293) addi x5, x5, 0x0                         main+308
x5 <- 0x0000000000070000

mem[X,0x0000000080000938] -> 0x9293
mem[X,0x000000008000093A] -> 0x00B2
[267] [M]: 0x0000000080000938 (0x00B29293) slli x5, x5, 0xb                         main+312
x5 <- 0x0000000038000000

clint mtime 0x0000000000000086 (mip.MTI <- 0b1, mip.STI <- 0b0)
mem[X,0x000000008000093C] -> 0x8293
mem[X,0x000000008000093E] -> 0x4002
[268] [M]: 0x000000008000093C (0x40028293) addi x5, x5, 0x400                       main+316
x5 <- 0x0000000038000400

mem[X,0x0000000080000940] -> 0x9293
mem[X,0x0000000080000942] -> 0x00B2
[269] [M]: 0x0000000080000940 (0x00B29293) slli x5, x5, 0xb                         main+320
x5 <- 0x000001C000200000

clint mtime 0x0000000000000087 (mip.MTI <- 0b1, mip.STI <- 0b0)
mem[X,0x0000000080000944] -> 0x8293
mem[X,0x0000000080000946] -> 0x0112
[270] [M]: 0x0000000080000944 (0x01128293) addi x5, x5, 0x11                        main+324
x5 <- 0x000001C000200011

mem[X,0x0000000080000948] -> 0x9293
mem[X,0x000000008000094A] -> 0x00A2
[271] [M]: 0x0000000080000948 (0x00A29293) slli x5, x5, 0xa                         main+328
x5 <- 0x0007000080004400

clint mtime 0x0000000000000088 (mip.MTI <- 0b1, mip.STI <- 0b0)
mem[X,0x000000008000094C] -> 0x8293
mem[X,0x000000008000094E] -> 0x1302
[272] [M]: 0x000000008000094C (0x13028293) addi x5, x5, 0x130                       main+332
x5 <- 0x0007000080004530

mem[X,0x0000000080000950] -> 0x0013
mem[X,0x0000000080000952] -> 0x0000
[273] [M]: 0x0000000080000950 (0x00000013) addi x0, x0, 0x0                         main+336

clint mtime 0x0000000000000089 (mip.MTI <- 0b1, mip.STI <- 0b0)
mem[X,0x0000000080000954] -> 0x0013
mem[X,0x0000000080000956] -> 0x0000
[274] [M]: 0x0000000080000954 (0x00000013) addi x0, x0, 0x0                         main+340

mem[X,0x0000000080000958] -> 0x0013
mem[X,0x000000008000095A] -> 0x0000
[275] [M]: 0x0000000080000958 (0x00000013) addi x0, x0, 0x0                         main+344

clint mtime 0x000000000000008A (mip.MTI <- 0b1, mip.STI <- 0b0)
mem[X,0x000000008000095C] -> 0x0013
mem[X,0x000000008000095E] -> 0x0000
[276] [M]: 0x000000008000095C (0x00000013) addi x0, x0, 0x0                         main+348

mem[X,0x0000000080000960] -> 0x4317
mem[X,0x0000000080000962] -> 0x0000
[277] [M]: 0x0000000080000960 (0x00004317) auipc x6, 0x4                            main+352
x6 <- 0x0000000080004960

clint mtime 0x000000000000008B (mip.MTI <- 0b1, mip.STI <- 0b0)
mem[X,0x0000000080000964] -> 0x0313
mem[X,0x0000000080000966] -> 0xBD03
[278] [M]: 0x0000000080000964 (0xBD030313) addi x6, x6, -0x430                      main+356
x6 <- 0x0000000080004530

mem[X,0x0000000080000968] -> 0x0001
[279] [M]: 0x0000000080000968 (0x0001) c.nop                                        main+360

clint mtime 0x000000000000008C (mip.MTI <- 0b1, mip.STI <- 0b0)
mem[X,0x000000008000096A] -> 0x0013
mem[X,0x000000008000096C] -> 0x0000
[280] [M]: 0x000000008000096A (0x00000013) addi x0, x0, 0x0                         main+362

mem[X,0x000000008000096E] -> 0x0013
mem[X,0x0000000080000970] -> 0x0000
[281] [M]: 0x000000008000096E (0x00000013) addi x0, x0, 0x0                         main+366

clint mtime 0x000000000000008D (mip.MTI <- 0b1, mip.STI <- 0b0)
mem[X,0x0000000080000972] -> 0x0013
mem[X,0x0000000080000974] -> 0x0000
[282] [M]: 0x0000000080000972 (0x00000013) addi x0, x0, 0x0                         main+370

mem[X,0x0000000080000976] -> 0x0013
mem[X,0x0000000080000978] -> 0x0000
[283] [M]: 0x0000000080000976 (0x00000013) addi x0, x0, 0x0                         main+374

clint mtime 0x000000000000008E (mip.MTI <- 0b1, mip.STI <- 0b0)
mem[X,0x000000008000097A] -> 0x0013
mem[X,0x000000008000097C] -> 0x0000
[284] [M]: 0x000000008000097A (0x00000013) addi x0, x0, 0x0                         main+378

mem[X,0x000000008000097E] -> 0x0001
[285] [M]: 0x000000008000097E (0x0001) c.nop                                        main+382

clint mtime 0x000000000000008F (mip.MTI <- 0b1, mip.STI <- 0b0)
mem[X,0x0000000080000980] -> 0x82B3
mem[X,0x0000000080000982] -> 0x4062
[286] [M]: 0x0000000080000980 (0x406282B3) sub x5, x5, x6                           main+384
x5 <- 0x0007000000000000

mem[X,0x0000000080000984] -> 0x8E13
mem[X,0x0000000080000986] -> 0x2982
[287] [M]: 0x0000000080000984 (0x29828E13) addi x28, x5, 0x298                      main+388
x28 <- 0x0007000000000298

clint mtime 0x0000000000000090 (mip.MTI <- 0b1, mip.STI <- 0b0)
mem[X,0x0000000080000988] -> 0x2173
mem[X,0x000000008000098A] -> 0x3400
[288] [M]: 0x0000000080000988 (0x34002173) csrrs x2, mscratch, x0                   main+392
CSR mscratch (0x340) -> 0x0000000080004000
x2 <- 0x0000000080004000

mem[X,0x000000008000098C] -> 0x0333
mem[X,0x000000008000098E] -> 0x01C1
[289] [M]: 0x000000008000098C (0x01C10333) add x6, x2, x28                          main+396
x6 <- 0x0007000080004298

clint mtime 0x0000000000000091 (mip.MTI <- 0b1, mip.STI <- 0b0)
mem[X,0x0000000080000990] -> 0x1073
mem[X,0x0000000080000992] -> 0x1403
[290] [M]: 0x0000000080000990 (0x14031073) csrrw x0, sscratch, x6                   main+400
CSR sscratch (0x140) <- 0x0007000080004298

mem[X,0x0000000080000994] -> 0x2173
mem[X,0x0000000080000996] -> 0x3400
[291] [M]: 0x0000000080000994 (0x34002173) csrrs x2, mscratch, x0                   main+404
CSR mscratch (0x340) -> 0x0000000080004000
x2 <- 0x0000000080004000

clint mtime 0x0000000000000092 (mip.MTI <- 0b1, mip.STI <- 0b0)
mem[X,0x0000000080000998] -> 0x02B7
mem[X,0x000000008000099A] -> 0x0006
[292] [M]: 0x0000000080000998 (0x000602B7) lui x5, 0x60                             main+408
x5 <- 0x0000000000060000

mem[X,0x000000008000099C] -> 0x8293
mem[X,0x000000008000099E] -> 0x0002
[293] [M]: 0x000000008000099C (0x00028293) addi x5, x5, 0x0                         main+412
x5 <- 0x0000000000060000

clint mtime 0x0000000000000093 (mip.MTI <- 0b1, mip.STI <- 0b0)
mem[X,0x00000000800009A0] -> 0x9293
mem[X,0x00000000800009A2] -> 0x00B2
[294] [M]: 0x00000000800009A0 (0x00B29293) slli x5, x5, 0xb                         main+416
x5 <- 0x0000000030000000

mem[X,0x00000000800009A4] -> 0x8293
mem[X,0x00000000800009A6] -> 0x4002
[295] [M]: 0x00000000800009A4 (0x40028293) addi x5, x5, 0x400                       main+420
x5 <- 0x0000000030000400

clint mtime 0x0000000000000094 (mip.MTI <- 0b1, mip.STI <- 0b0)
mem[X,0x00000000800009A8] -> 0x9293
mem[X,0x00000000800009AA] -> 0x00B2
[296] [M]: 0x00000000800009A8 (0x00B29293) slli x5, x5, 0xb                         main+424
x5 <- 0x0000018000200000

mem[X,0x00000000800009AC] -> 0x8293
mem[X,0x00000000800009AE] -> 0x0012
[297] [M]: 0x00000000800009AC (0x00128293) addi x5, x5, 0x1                         main+428
x5 <- 0x0000018000200001

clint mtime 0x0000000000000095 (mip.MTI <- 0b1, mip.STI <- 0b0)
mem[X,0x00000000800009B0] -> 0x9293
mem[X,0x00000000800009B2] -> 0x00A2
[298] [M]: 0x00000000800009B0 (0x00A29293) slli x5, x5, 0xa                         main+432
x5 <- 0x0006000080000400

mem[X,0x00000000800009B4] -> 0x8293
mem[X,0x00000000800009B6] -> 0x3BC2
[299] [M]: 0x00000000800009B4 (0x3BC28293) addi x5, x5, 0x3bc                       main+436
x5 <- 0x00060000800007BC

clint mtime 0x0000000000000096 (mip.MTI <- 0b1, mip.STI <- 0b0)
mem[X,0x00000000800009B8] -> 0x0013
mem[X,0x00000000800009BA] -> 0x0000
[300] [M]: 0x00000000800009B8 (0x00000013) addi x0, x0, 0x0                         main+440

mem[X,0x00000000800009BC] -> 0x0013
mem[X,0x00000000800009BE] -> 0x0000
[301] [M]: 0x00000000800009BC (0x00000013) addi x0, x0, 0x0                         main+444

clint mtime 0x0000000000000097 (mip.MTI <- 0b1, mip.STI <- 0b0)
mem[X,0x00000000800009C0] -> 0x0317
mem[X,0x00000000800009C2] -> 0x0000
[302] [M]: 0x00000000800009C0 (0x00000317) auipc x6, 0x0                            main+448
x6 <- 0x00000000800009C0

mem[X,0x00000000800009C4] -> 0x0313
mem[X,0x00000000800009C6] -> 0xE143
[303] [M]: 0x00000000800009C4 (0xE1430313) addi x6, x6, -0x1ec                      main+452
x6 <- 0x00000000800007D4

clint mtime 0x0000000000000098 (mip.MTI <- 0b1, mip.STI <- 0b0)
mem[X,0x00000000800009C8] -> 0x0001
[304] [M]: 0x00000000800009C8 (0x0001) c.nop                                        main+456

mem[X,0x00000000800009CA] -> 0x0013
mem[X,0x00000000800009CC] -> 0x0000
[305] [M]: 0x00000000800009CA (0x00000013) addi x0, x0, 0x0                         main+458

clint mtime 0x0000000000000099 (mip.MTI <- 0b1, mip.STI <- 0b0)
mem[X,0x00000000800009CE] -> 0x0013
mem[X,0x00000000800009D0] -> 0x0000
[306] [M]: 0x00000000800009CE (0x00000013) addi x0, x0, 0x0                         main+462

mem[X,0x00000000800009D2] -> 0x0013
mem[X,0x00000000800009D4] -> 0x0000
[307] [M]: 0x00000000800009D2 (0x00000013) addi x0, x0, 0x0                         main+466

clint mtime 0x000000000000009A (mip.MTI <- 0b1, mip.STI <- 0b0)
mem[X,0x00000000800009D6] -> 0x0013
mem[X,0x00000000800009D8] -> 0x0000
[308] [M]: 0x00000000800009D6 (0x00000013) addi x0, x0, 0x0                         main+470

mem[X,0x00000000800009DA] -> 0x0013
mem[X,0x00000000800009DC] -> 0x0000
[309] [M]: 0x00000000800009DA (0x00000013) addi x0, x0, 0x0                         main+474

clint mtime 0x000000000000009B (mip.MTI <- 0b1, mip.STI <- 0b0)
mem[X,0x00000000800009DE] -> 0x0001
[310] [M]: 0x00000000800009DE (0x0001) c.nop                                        main+478

mem[X,0x00000000800009E0] -> 0x82B3
mem[X,0x00000000800009E2] -> 0x4062
[311] [M]: 0x00000000800009E0 (0x406282B3) sub x5, x5, x6                           main+480
x5 <- 0x0005FFFFFFFFFFE8

clint mtime 0x000000000000009C (mip.MTI <- 0b1, mip.STI <- 0b0)
mem[X,0x00000000800009E4] -> 0x3303
mem[X,0x00000000800009E6] -> 0x1D81
[312] [M]: 0x00000000800009E4 (0x1D813303) ld x6, 0x1d8(x2)                         main+484
mem[R,0x00000000800041D8] -> 0x00000000800007D4
x6 <- 0x00000000800007D4

mem[X,0x00000000800009E8] -> 0x03B3
mem[X,0x00000000800009EA] -> 0x0053
[313] [M]: 0x00000000800009E8 (0x005303B3) add x7, x6, x5                           main+488
x7 <- 0x00060000800007BC

clint mtime 0x000000000000009D (mip.MTI <- 0b1, mip.STI <- 0b0)
mem[X,0x00000000800009EC] -> 0x3823
mem[X,0x00000000800009EE] -> 0x4671
[314] [M]: 0x00000000800009EC (0x46713823) sd x7, 0x470(x2)                         main+492
mem[W,0x0000000080004470] <- 0x00060000800007BC

mem[X,0x00000000800009F0] -> 0x02B7
mem[X,0x00000000800009F2] -> 0x0007
[315] [M]: 0x00000000800009F0 (0x000702B7) lui x5, 0x70                             main+496
x5 <- 0x0000000000070000

clint mtime 0x000000000000009E (mip.MTI <- 0b1, mip.STI <- 0b0)
mem[X,0x00000000800009F4] -> 0x8293
mem[X,0x00000000800009F6] -> 0x0002
[316] [M]: 0x00000000800009F4 (0x00028293) addi x5, x5, 0x0                         main+500
x5 <- 0x0000000000070000

mem[X,0x00000000800009F8] -> 0x9293
mem[X,0x00000000800009FA] -> 0x00B2
[317] [M]: 0x00000000800009F8 (0x00B29293) slli x5, x5, 0xb                         main+504
x5 <- 0x0000000038000000

clint mtime 0x000000000000009F (mip.MTI <- 0b1, mip.STI <- 0b0)
mem[X,0x00000000800009FC] -> 0x8293
mem[X,0x00000000800009FE] -> 0x4002
[318] [M]: 0x00000000800009FC (0x40028293) addi x5, x5, 0x400                       main+508
x5 <- 0x0000000038000400

mem[X,0x0000000080000A00] -> 0x9293
mem[X,0x0000000080000A02] -> 0x00B2
[319] [M]: 0x0000000080000A00 (0x00B29293) slli x5, x5, 0xb                         main+512
x5 <- 0x000001C000200000

clint mtime 0x00000000000000A0 (mip.MTI <- 0b1, mip.STI <- 0b0)
mem[X,0x0000000080000A04] -> 0x8293
mem[X,0x0000000080000A06] -> 0x0112
[320] [M]: 0x0000000080000A04 (0x01128293) addi x5, x5, 0x11                        main+516
x5 <- 0x000001C000200011

mem[X,0x0000000080000A08] -> 0x9293
mem[X,0x0000000080000A0A] -> 0x00A2
[321] [M]: 0x0000000080000A08 (0x00A29293) slli x5, x5, 0xa                         main+520
x5 <- 0x0007000080004400

clint mtime 0x00000000000000A1 (mip.MTI <- 0b1, mip.STI <- 0b0)
mem[X,0x0000000080000A0C] -> 0x8293
mem[X,0x0000000080000A0E] -> 0x1302
[322] [M]: 0x0000000080000A0C (0x13028293) addi x5, x5, 0x130                       main+524
x5 <- 0x0007000080004530

mem[X,0x0000000080000A10] -> 0x0013
mem[X,0x0000000080000A12] -> 0x0000
[323] [M]: 0x0000000080000A10 (0x00000013) addi x0, x0, 0x0                         main+528

clint mtime 0x00000000000000A2 (mip.MTI <- 0b1, mip.STI <- 0b0)
mem[X,0x0000000080000A14] -> 0x0013
mem[X,0x0000000080000A16] -> 0x0000
[324] [M]: 0x0000000080000A14 (0x00000013) addi x0, x0, 0x0                         main+532

mem[X,0x0000000080000A18] -> 0x0013
mem[X,0x0000000080000A1A] -> 0x0000
[325] [M]: 0x0000000080000A18 (0x00000013) addi x0, x0, 0x0                         main+536

clint mtime 0x00000000000000A3 (mip.MTI <- 0b1, mip.STI <- 0b0)
mem[X,0x0000000080000A1C] -> 0x0013
mem[X,0x0000000080000A1E] -> 0x0000
[326] [M]: 0x0000000080000A1C (0x00000013) addi x0, x0, 0x0                         main+540

mem[X,0x0000000080000A20] -> 0x4317
mem[X,0x0000000080000A22] -> 0x0000
[327] [M]: 0x0000000080000A20 (0x00004317) auipc x6, 0x4                            main+544
x6 <- 0x0000000080004A20

clint mtime 0x00000000000000A4 (mip.MTI <- 0b1, mip.STI <- 0b0)
mem[X,0x0000000080000A24] -> 0x0313
mem[X,0x0000000080000A26] -> 0xB103
[328] [M]: 0x0000000080000A24 (0xB1030313) addi x6, x6, -0x4f0                      main+548
x6 <- 0x0000000080004530

mem[X,0x0000000080000A28] -> 0x0001
[329] [M]: 0x0000000080000A28 (0x0001) c.nop                                        main+552

clint mtime 0x00000000000000A5 (mip.MTI <- 0b1, mip.STI <- 0b0)
mem[X,0x0000000080000A2A] -> 0x0013
mem[X,0x0000000080000A2C] -> 0x0000
[330] [M]: 0x0000000080000A2A (0x00000013) addi x0, x0, 0x0                         main+554

mem[X,0x0000000080000A2E] -> 0x0013
mem[X,0x0000000080000A30] -> 0x0000
[331] [M]: 0x0000000080000A2E (0x00000013) addi x0, x0, 0x0                         main+558

clint mtime 0x00000000000000A6 (mip.MTI <- 0b1, mip.STI <- 0b0)
mem[X,0x0000000080000A32] -> 0x0013
mem[X,0x0000000080000A34] -> 0x0000
[332] [M]: 0x0000000080000A32 (0x00000013) addi x0, x0, 0x0                         main+562

mem[X,0x0000000080000A36] -> 0x0013
mem[X,0x0000000080000A38] -> 0x0000
[333] [M]: 0x0000000080000A36 (0x00000013) addi x0, x0, 0x0                         main+566

clint mtime 0x00000000000000A7 (mip.MTI <- 0b1, mip.STI <- 0b0)
mem[X,0x0000000080000A3A] -> 0x0013
mem[X,0x0000000080000A3C] -> 0x0000
[334] [M]: 0x0000000080000A3A (0x00000013) addi x0, x0, 0x0                         main+570

mem[X,0x0000000080000A3E] -> 0x0001
[335] [M]: 0x0000000080000A3E (0x0001) c.nop                                        main+574

clint mtime 0x00000000000000A8 (mip.MTI <- 0b1, mip.STI <- 0b0)
mem[X,0x0000000080000A40] -> 0x82B3
mem[X,0x0000000080000A42] -> 0x4062
[336] [M]: 0x0000000080000A40 (0x406282B3) sub x5, x5, x6                           main+576
x5 <- 0x0007000000000000

mem[X,0x0000000080000A44] -> 0x3303
mem[X,0x0000000080000A46] -> 0x1E81
[337] [M]: 0x0000000080000A44 (0x1E813303) ld x6, 0x1e8(x2)                         main+580
mem[R,0x00000000800041E8] -> 0x0000000080004530
x6 <- 0x0000000080004530

clint mtime 0x00000000000000A9 (mip.MTI <- 0b1, mip.STI <- 0b0)
mem[X,0x0000000080000A48] -> 0x03B3
mem[X,0x0000000080000A4A] -> 0x0053
[338] [M]: 0x0000000080000A48 (0x005303B3) add x7, x6, x5                           main+584
x7 <- 0x0007000080004530

mem[X,0x0000000080000A4C] -> 0x3023
mem[X,0x0000000080000A4E] -> 0x4871
[339] [M]: 0x0000000080000A4C (0x48713023) sd x7, 0x480(x2)                         main+588
mem[W,0x0000000080004480] <- 0x0007000080004530

clint mtime 0x00000000000000AA (mip.MTI <- 0b1, mip.STI <- 0b0)
mem[X,0x0000000080000A50] -> 0x0013
mem[X,0x0000000080000A52] -> 0x0000
[340] [M]: 0x0000000080000A50 (0x00000013) addi x0, x0, 0x0                         main+592

mem[X,0x0000000080000A54] -> 0x0013
mem[X,0x0000000080000A56] -> 0x0000
[341] [M]: 0x0000000080000A54 (0x00000013) addi x0, x0, 0x0                         main+596

clint mtime 0x00000000000000AB (mip.MTI <- 0b1, mip.STI <- 0b0)
mem[X,0x0000000080000A58] -> 0x0013
mem[X,0x0000000080000A5A] -> 0x0000
[342] [M]: 0x0000000080000A58 (0x00000013) addi x0, x0, 0x0                         main+600

mem[X,0x0000000080000A5C] -> 0x0013
mem[X,0x0000000080000A5E] -> 0x0000
[343] [M]: 0x0000000080000A5C (0x00000013) addi x0, x0, 0x0                         main+604

clint mtime 0x00000000000000AC (mip.MTI <- 0b1, mip.STI <- 0b0)
mem[X,0x0000000080000A60] -> 0x4F97
mem[X,0x0000000080000A62] -> 0x0000
[344] [M]: 0x0000000080000A60 (0x00004F97) auipc x31, 0x4                           main+608
x31 <- 0x0000000080004A60

mem[X,0x0000000080000A64] -> 0x8F93
mem[X,0x0000000080000A66] -> 0x5A0F
[345] [M]: 0x0000000080000A64 (0x5A0F8F93) addi x31, x31, 0x5a0                     main+612
x31 <- 0x0000000080005000

clint mtime 0x00000000000000AD (mip.MTI <- 0b1, mip.STI <- 0b0)
mem[X,0x0000000080000A68] -> 0x0001
[346] [M]: 0x0000000080000A68 (0x0001) c.nop                                        main+616

mem[X,0x0000000080000A6A] -> 0x0013
mem[X,0x0000000080000A6C] -> 0x0000
[347] [M]: 0x0000000080000A6A (0x00000013) addi x0, x0, 0x0                         main+618

clint mtime 0x00000000000000AE (mip.MTI <- 0b1, mip.STI <- 0b0)
mem[X,0x0000000080000A6E] -> 0x0013
mem[X,0x0000000080000A70] -> 0x0000
[348] [M]: 0x0000000080000A6E (0x00000013) addi x0, x0, 0x0                         main+622

mem[X,0x0000000080000A72] -> 0x0013
mem[X,0x0000000080000A74] -> 0x0000
[349] [M]: 0x0000000080000A72 (0x00000013) addi x0, x0, 0x0                         main+626

clint mtime 0x00000000000000AF (mip.MTI <- 0b1, mip.STI <- 0b0)
mem[X,0x0000000080000A76] -> 0x0013
mem[X,0x0000000080000A78] -> 0x0000
[350] [M]: 0x0000000080000A76 (0x00000013) addi x0, x0, 0x0                         main+630

mem[X,0x0000000080000A7A] -> 0x0013
mem[X,0x0000000080000A7C] -> 0x0000
[351] [M]: 0x0000000080000A7A (0x00000013) addi x0, x0, 0x0                         main+634

clint mtime 0x00000000000000B0 (mip.MTI <- 0b1, mip.STI <- 0b0)
mem[X,0x0000000080000A7E] -> 0x0001
[352] [M]: 0x0000000080000A7E (0x0001) c.nop                                        main+638

mem[X,0x0000000080000A80] -> 0x0F13
mem[X,0x0000000080000A82] -> 0x0050
[353] [M]: 0x0000000080000A80 (0x00500F13) addi x30, x0, 0x5                        main+640
x30 <- 0x0000000000000005

clint mtime 0x00000000000000B1 (mip.MTI <- 0b1, mip.STI <- 0b0)
mem[X,0x0000000080000A84] -> 0x1F13
mem[X,0x0000000080000A86] -> 0x03DF
[354] [M]: 0x0000000080000A84 (0x03DF1F13) slli x30, x30, 0x3d                      main+644
x30 <- 0xA000000000000000

mem[X,0x0000000080000A88] -> 0xDF93
mem[X,0x0000000080000A8A] -> 0x00CF
[355] [M]: 0x0000000080000A88 (0x00CFDF93) srli x31, x31, 0xc                       main+648
x31 <- 0x0000000000080005

clint mtime 0x00000000000000B2 (mip.MTI <- 0b1, mip.STI <- 0b0)
mem[X,0x0000000080000A8C] -> 0xEFB3
mem[X,0x0000000080000A8E] -> 0x01EF
[356] [M]: 0x0000000080000A8C (0x01EFEFB3) or x31, x31, x30                         main+652
x31 <- 0xA000000000080005

mem[X,0x0000000080000A90] -> 0x9073
mem[X,0x0000000080000A92] -> 0x180F
[357] [M]: 0x0000000080000A90 (0x180F9073) csrrw x0, satp, x31                      main+656
CSR satp (0x180) <- 0xA000000000080005

clint mtime 0x00000000000000B3 (mip.MTI <- 0b1, mip.STI <- 0b0)
mem[X,0x0000000080000A94] -> 0x0073
mem[X,0x0000000080000A96] -> 0x1200
[358] [M]: 0x0000000080000A94 (0x12000073) sfence.vma x0, x0                        main+660

mem[X,0x0000000080000A98] -> 0x0013
mem[X,0x0000000080000A9A] -> 0x0000
[359] [M]: 0x0000000080000A98 (0x00000013) addi x0, x0, 0x0                         main+664

clint mtime 0x00000000000000B4 (mip.MTI <- 0b1, mip.STI <- 0b0)
mem[X,0x0000000080000A9C] -> 0x0013
mem[X,0x0000000080000A9E] -> 0x0000
[360] [M]: 0x0000000080000A9C (0x00000013) addi x0, x0, 0x0                         main+668

mem[X,0x0000000080000AA0] -> 0x051B
mem[X,0x0000000080000AA2] -> 0x0000
[361] [M]: 0x0000000080000AA0 (0x0000051B) addiw x10, x0, 0x0                       main+672
x10 <- 0x0000000000000000

clint mtime 0x00000000000000B5 (mip.MTI <- 0b1, mip.STI <- 0b0)
mem[X,0x0000000080000AA4] -> 0x0001
[362] [M]: 0x0000000080000AA4 (0x0001) c.nop                                        main+676

mem[X,0x0000000080000AA6] -> 0x0013
mem[X,0x0000000080000AA8] -> 0x0000
[363] [M]: 0x0000000080000AA6 (0x00000013) addi x0, x0, 0x0                         main+678

clint mtime 0x00000000000000B6 (mip.MTI <- 0b1, mip.STI <- 0b0)
mem[X,0x0000000080000AAA] -> 0x0013
mem[X,0x0000000080000AAC] -> 0x0000
[364] [M]: 0x0000000080000AAA (0x00000013) addi x0, x0, 0x0                         main+682

mem[X,0x0000000080000AAE] -> 0x0013
mem[X,0x0000000080000AB0] -> 0x0000
[365] [M]: 0x0000000080000AAE (0x00000013) addi x0, x0, 0x0                         main+686

clint mtime 0x00000000000000B7 (mip.MTI <- 0b1, mip.STI <- 0b0)
mem[X,0x0000000080000AB2] -> 0x0013
mem[X,0x0000000080000AB4] -> 0x0000
[366] [M]: 0x0000000080000AB2 (0x00000013) addi x0, x0, 0x0                         main+690

mem[X,0x0000000080000AB6] -> 0x0013
mem[X,0x0000000080000AB8] -> 0x0000
[367] [M]: 0x0000000080000AB6 (0x00000013) addi x0, x0, 0x0                         main+694

clint mtime 0x00000000000000B8 (mip.MTI <- 0b1, mip.STI <- 0b0)
mem[X,0x0000000080000ABA] -> 0x0013
mem[X,0x0000000080000ABC] -> 0x0000
[368] [M]: 0x0000000080000ABA (0x00000013) addi x0, x0, 0x0                         main+698

mem[X,0x0000000080000ABE] -> 0x0001
[369] [M]: 0x0000000080000ABE (0x0001) c.nop                                        main+702

clint mtime 0x00000000000000B9 (mip.MTI <- 0b1, mip.STI <- 0b0)
mem[X,0x0000000080000AC0] -> 0x05B7
mem[X,0x0000000080000AC2] -> 0x2000
[370] [M]: 0x0000000080000AC0 (0x200005B7) lui x11, 0x20000                         main+704
x11 <- 0x0000000020000000

mem[X,0x0000000080000AC4] -> 0x8593
mem[X,0x0000000080000AC6] -> 0x0005
[371] [M]: 0x0000000080000AC4 (0x00058593) addi x11, x11, 0x0                       main+708
x11 <- 0x0000000020000000

clint mtime 0x00000000000000BA (mip.MTI <- 0b1, mip.STI <- 0b0)
mem[X,0x0000000080000AC8] -> 0x9593
mem[X,0x0000000080000ACA] -> 0x00B5
[372] [M]: 0x0000000080000AC8 (0x00B59593) slli x11, x11, 0xb                       main+712
x11 <- 0x0000010000000000

mem[X,0x0000000080000ACC] -> 0x8593
mem[X,0x0000000080000ACE] -> 0x0005
[373] [M]: 0x0000000080000ACC (0x00058593) addi x11, x11, 0x0                       main+716
x11 <- 0x0000010000000000

clint mtime 0x00000000000000BB (mip.MTI <- 0b1, mip.STI <- 0b0)
mem[X,0x0000000080000AD0] -> 0x9593
mem[X,0x0000000080000AD2] -> 0x00B5
[374] [M]: 0x0000000080000AD0 (0x00B59593) slli x11, x11, 0xb                       main+720
x11 <- 0x0008000000000000

mem[X,0x0000000080000AD4] -> 0x8593
mem[X,0x0000000080000AD6] -> 0x0005
[375] [M]: 0x0000000080000AD4 (0x00058593) addi x11, x11, 0x0                       main+724
x11 <- 0x0008000000000000

clint mtime 0x00000000000000BC (mip.MTI <- 0b1, mip.STI <- 0b0)
mem[X,0x0000000080000AD8] -> 0x9593
mem[X,0x0000000080000ADA] -> 0x00A5
[376] [M]: 0x0000000080000AD8 (0x00A59593) slli x11, x11, 0xa                       main+728
x11 <- 0x2000000000000000

mem[X,0x0000000080000ADC] -> 0x8593
mem[X,0x0000000080000ADE] -> 0x0CF5
[377] [M]: 0x0000000080000ADC (0x0CF58593) addi x11, x11, 0xcf                      main+732
x11 <- 0x20000000000000CF

clint mtime 0x00000000000000BD (mip.MTI <- 0b1, mip.STI <- 0b0)
mem[X,0x0000000080000AE0] -> 0x5513
mem[X,0x0000000080000AE2] -> 0x00C5
[378] [M]: 0x0000000080000AE0 (0x00C55513) srli x10, x10, 0xc                       main+736
x10 <- 0x0000000000000000

mem[X,0x0000000080000AE4] -> 0x1513
mem[X,0x0000000080000AE6] -> 0x00A5
[379] [M]: 0x0000000080000AE4 (0x00A51513) slli x10, x10, 0xa                       main+740
x10 <- 0x0000000000000000

clint mtime 0x00000000000000BE (mip.MTI <- 0b1, mip.STI <- 0b0)
mem[X,0x0000000080000AE8] -> 0x6533
mem[X,0x0000000080000AEA] -> 0x00B5
[380] [M]: 0x0000000080000AE8 (0x00B56533) or x10, x10, x11                         main+744
x10 <- 0x20000000000000CF

mem[X,0x0000000080000AEC] -> 0x0013
mem[X,0x0000000080000AEE] -> 0x0000
[381] [M]: 0x0000000080000AEC (0x00000013) addi x0, x0, 0x0                         main+748

clint mtime 0x00000000000000BF (mip.MTI <- 0b1, mip.STI <- 0b0)
mem[X,0x0000000080000AF0] -> 0x0013
mem[X,0x0000000080000AF2] -> 0x0000
[382] [M]: 0x0000000080000AF0 (0x00000013) addi x0, x0, 0x0                         main+752

mem[X,0x0000000080000AF4] -> 0x0013
mem[X,0x0000000080000AF6] -> 0x0000
[383] [M]: 0x0000000080000AF4 (0x00000013) addi x0, x0, 0x0                         main+756

clint mtime 0x00000000000000C0 (mip.MTI <- 0b1, mip.STI <- 0b0)
mem[X,0x0000000080000AF8] -> 0x0013
mem[X,0x0000000080000AFA] -> 0x0000
[384] [M]: 0x0000000080000AF8 (0x00000013) addi x0, x0, 0x0                         main+760

mem[X,0x0000000080000AFC] -> 0x0013
mem[X,0x0000000080000AFE] -> 0x0000
[385] [M]: 0x0000000080000AFC (0x00000013) addi x0, x0, 0x0                         main+764

clint mtime 0x00000000000000C1 (mip.MTI <- 0b1, mip.STI <- 0b0)
mem[X,0x0000000080000B00] -> 0x4317
mem[X,0x0000000080000B02] -> 0x0000
[386] [M]: 0x0000000080000B00 (0x00004317) auipc x6, 0x4                            main+768
x6 <- 0x0000000080004B00

mem[X,0x0000000080000B04] -> 0x0313
mem[X,0x0000000080000B06] -> 0x5003
[387] [M]: 0x0000000080000B04 (0x50030313) addi x6, x6, 0x500                       main+772
x6 <- 0x0000000080005000

clint mtime 0x00000000000000C2 (mip.MTI <- 0b1, mip.STI <- 0b0)
mem[X,0x0000000080000B08] -> 0x0001
[388] [M]: 0x0000000080000B08 (0x0001) c.nop                                        main+776

mem[X,0x0000000080000B0A] -> 0x0013
mem[X,0x0000000080000B0C] -> 0x0000
[389] [M]: 0x0000000080000B0A (0x00000013) addi x0, x0, 0x0                         main+778

clint mtime 0x00000000000000C3 (mip.MTI <- 0b1, mip.STI <- 0b0)
mem[X,0x0000000080000B0E] -> 0x0013
mem[X,0x0000000080000B10] -> 0x0000
[390] [M]: 0x0000000080000B0E (0x00000013) addi x0, x0, 0x0                         main+782

mem[X,0x0000000080000B12] -> 0x0013
mem[X,0x0000000080000B14] -> 0x0000
[391] [M]: 0x0000000080000B12 (0x00000013) addi x0, x0, 0x0                         main+786

clint mtime 0x00000000000000C4 (mip.MTI <- 0b1, mip.STI <- 0b0)
mem[X,0x0000000080000B16] -> 0x0013
mem[X,0x0000000080000B18] -> 0x0000
[392] [M]: 0x0000000080000B16 (0x00000013) addi x0, x0, 0x0                         main+790

mem[X,0x0000000080000B1A] -> 0x0013
mem[X,0x0000000080000B1C] -> 0x0000
[393] [M]: 0x0000000080000B1A (0x00000013) addi x0, x0, 0x0                         main+794

clint mtime 0x00000000000000C5 (mip.MTI <- 0b1, mip.STI <- 0b0)
mem[X,0x0000000080000B1E] -> 0x0001
[394] [M]: 0x0000000080000B1E (0x0001) c.nop                                        main+798

mem[X,0x0000000080000B20] -> 0x0293
mem[X,0x0000000080000B22] -> 0x0280
[395] [M]: 0x0000000080000B20 (0x02800293) addi x5, x0, 0x28                        main+800
x5 <- 0x0000000000000028

clint mtime 0x00000000000000C6 (mip.MTI <- 0b1, mip.STI <- 0b0)
mem[X,0x0000000080000B24] -> 0x0333
mem[X,0x0000000080000B26] -> 0x0053
[396] [M]: 0x0000000080000B24 (0x00530333) add x6, x6, x5                           main+804
x6 <- 0x0000000080005028

mem[X,0x0000000080000B28] -> 0x3023
mem[X,0x0000000080000B2A] -> 0x00A3
[397] [M]: 0x0000000080000B28 (0x00A33023) sd x10, 0x0(x6)                          main+808
mem[W,0x0000000080005028] <- 0x20000000000000CF

clint mtime 0x00000000000000C7 (mip.MTI <- 0b1, mip.STI <- 0b0)
mem[X,0x0000000080000B2C] -> 0x0073
mem[X,0x0000000080000B2E] -> 0x1200
[398] [M]: 0x0000000080000B2C (0x12000073) sfence.vma x0, x0                        main+812

mem[X,0x0000000080000B30] -> 0x0493
mem[X,0x0000000080000B32] -> 0x0010
[399] [M]: 0x0000000080000B30 (0x00100493) addi x9, x0, 0x1                         main+816
x9 <- 0x0000000000000001

clint mtime 0x00000000000000C8 (mip.MTI <- 0b1, mip.STI <- 0b0)
mem[X,0x0000000080000B34] -> 0x9493
mem[X,0x0000000080000B36] -> 0x00B4
[400] [M]: 0x0000000080000B34 (0x00B49493) slli x9, x9, 0xb                         main+820
x9 <- 0x0000000000000800

mem[X,0x0000000080000B38] -> 0xB073
mem[X,0x0000000080000B3A] -> 0x3004
[401] [M]: 0x0000000080000B38 (0x3004B073) csrrc x0, mstatus, x9                    main+824
CSR mstatus (0x300) <- 0x0000000A00000000

clint mtime 0x00000000000000C9 (mip.MTI <- 0b1, mip.STI <- 0b0)
mem[X,0x0000000080000B3C] -> 0x0493
mem[X,0x0000000080000B3E] -> 0x0010
[402] [M]: 0x0000000080000B3C (0x00100493) addi x9, x0, 0x1                         main+828
x9 <- 0x0000000000000001

mem[X,0x0000000080000B40] -> 0x9493
mem[X,0x0000000080000B42] -> 0x00B4
[403] [M]: 0x0000000080000B40 (0x00B49493) slli x9, x9, 0xb                         main+832
x9 <- 0x0000000000000800

clint mtime 0x00000000000000CA (mip.MTI <- 0b1, mip.STI <- 0b0)
mem[X,0x0000000080000B44] -> 0xA073
mem[X,0x0000000080000B46] -> 0x3004
[404] [M]: 0x0000000080000B44 (0x3004A073) csrrs x0, mstatus, x9                    main+836
CSR mstatus (0x300) <- 0x0000000A00000800

mem[X,0x0000000080000B48] -> 0x23F3
mem[X,0x0000000080000B4A] -> 0x3400
[405] [M]: 0x0000000080000B48 (0x340023F3) csrrs x7, mscratch, x0                   main+840
CSR mscratch (0x340) -> 0x0000000080004000
x7 <- 0x0000000080004000

clint mtime 0x00000000000000CB (mip.MTI <- 0b1, mip.STI <- 0b0)
mem[X,0x0000000080000B4C] -> 0xB303
mem[X,0x0000000080000B4E] -> 0x4703
[406] [M]: 0x0000000080000B4C (0x4703B303) ld x6, 0x470(x7)                         main+844
mem[R,0x0000000080004470] -> 0x00060000800007BC
x6 <- 0x00060000800007BC

mem[X,0x0000000080000B50] -> 0xB483
mem[X,0x0000000080000B52] -> 0x1D83
[407] [M]: 0x0000000080000B50 (0x1D83B483) ld x9, 0x1d8(x7)                         main+848
mem[R,0x00000000800041D8] -> 0x00000000800007D4
x9 <- 0x00000000800007D4

clint mtime 0x00000000000000CC (mip.MTI <- 0b1, mip.STI <- 0b0)
mem[X,0x0000000080000B54] -> 0x0333
mem[X,0x0000000080000B56] -> 0x4093
[408] [M]: 0x0000000080000B54 (0x40930333) sub x6, x6, x9                           main+852
x6 <- 0x0005FFFFFFFFFFE8

mem[X,0x0000000080000B58] -> 0x0313
mem[X,0x0000000080000B5A] -> 0x0103
[409] [M]: 0x0000000080000B58 (0x01030313) addi x6, x6, 0x10                        main+856
x6 <- 0x0005FFFFFFFFFFF8

clint mtime 0x00000000000000CD (mip.MTI <- 0b1, mip.STI <- 0b0)
mem[X,0x0000000080000B5C] -> 0x0497
mem[X,0x0000000080000B5E] -> 0x0000
[410] [M]: 0x0000000080000B5C (0x00000497) auipc x9, 0x0                            main+860
x9 <- 0x0000000080000B5C

mem[X,0x0000000080000B60] -> 0x84B3
mem[X,0x0000000080000B62] -> 0x0064
[411] [M]: 0x0000000080000B60 (0x006484B3) add x9, x9, x6                           main+864
x9 <- 0x0006000080000B54

clint mtime 0x00000000000000CE (mip.MTI <- 0b1, mip.STI <- 0b0)
mem[X,0x0000000080000B64] -> 0x94F3
mem[X,0x0000000080000B66] -> 0x3414
[412] [M]: 0x0000000080000B64 (0x341494F3) csrrw x9, mepc, x9                       main+868
CSR mepc (0x341) <- 0x0006000080000B54
x9 <- 0x0000000000000000

mem[X,0x0000000080000B68] -> 0x0073
mem[X,0x0000000080000B6A] -> 0x3020
[413] [M]: 0x0000000080000B68 (0x30200073) mret                                     main+872
CSR mstatus (0x300) <- 0x0000000A00000080
ret-ing from M to S

clint mtime 0x00000000000000CF (mip.MTI <- 0b1, mip.STI <- 0b0)
PTW: Start, vpn=0x6000080000, access_type=X, privilege=Smem[R,0x0000000080005030] -> 0x00000000000000CB
PTW: Step, level=4, pte=0xCB, pte_addr=0x80005030
PTW: Success, final_ppn=0x80000, level=4mem[X,0x0000000080000B54] -> 0x0333
mem[X,0x0000000080000B56] -> 0x4093
[414] [S]: 0x0006000080000B54 (0x40930333) sub x6, x6, x9                           va_rvtest_code_begin+920
x6 <- 0x0005FFFFFFFFFFF8

mem[X,0x0000000080000B58] -> 0x0313
mem[X,0x0000000080000B5A] -> 0x0103
[415] [S]: 0x0006000080000B58 (0x01030313) addi x6, x6, 0x10                        va_rvtest_code_begin+924
x6 <- 0x0006000000000008

clint mtime 0x00000000000000D0 (mip.MTI <- 0b1, mip.STI <- 0b0)
mem[X,0x0000000080000B5C] -> 0x0497
mem[X,0x0000000080000B5E] -> 0x0000
[416] [S]: 0x0006000080000B5C (0x00000497) auipc x9, 0x0                            va_rvtest_code_begin+928
x9 <- 0x0006000080000B5C

mem[X,0x0000000080000B60] -> 0x84B3
mem[X,0x0000000080000B62] -> 0x0064
[417] [S]: 0x0006000080000B60 (0x006484B3) add x9, x9, x6                           va_rvtest_code_begin+932
x9 <- 0x000C000080000B64

clint mtime 0x00000000000000D1 (mip.MTI <- 0b1, mip.STI <- 0b0)
mem[X,0x0000000080000B64] -> 0x94F3
mem[X,0x0000000080000B66] -> 0x3414
[418] [S]: 0x0006000080000B64 (0x341494F3) csrrw x9, mepc, x9                       va_rvtest_code_begin+936
trapping from S to M to handle illegal-instruction
handling exc#illegal-instruction at priv M with tval 0x00000000341494F3
CSR mstatus (0x300) <- 0x0000000A00000800
CSR mcause (0x342) <- 0x0000000000000002
CSR mtval (0x343) <- 0x00000000341494F3
CSR mepc (0x341) <- 0x0006000080000B64

mem[X,0x0000000080001000] -> 0x006F
mem[X,0x0000000080001002] -> 0x1000
[419] [M]: 0x0000000080001000 (0x1000006F) jal x0, 0x100                            Mtrampoline+0

clint mtime 0x00000000000000D2 (mip.MTI <- 0b1, mip.STI <- 0b0)
mem[X,0x0000000080001100] -> 0x1173
mem[X,0x0000000080001102] -> 0x3401
[420] [M]: 0x0000000080001100 (0x34011173) csrrw x2, mscratch, x2                   trap_Mhandler+0
CSR mscratch (0x340) <- 0x0000000080004000
x2 <- 0x0000000080004000

mem[X,0x0000000080001104] -> 0x3423
mem[X,0x0000000080001106] -> 0x28B1
[421] [M]: 0x0000000080001104 (0x28B13423) sd x11, 0x288(x2)                        trap_Mhandler+4
mem[W,0x0000000080004288] <- 0x20000000000000CF

clint mtime 0x00000000000000D3 (mip.MTI <- 0b1, mip.STI <- 0b0)
mem[X,0x0000000080001108] -> 0x05EF
mem[X,0x000000008000110A] -> 0x0B80
[422] [M]: 0x0000000080001108 (0x0B8005EF) jal x11, 0xb8                            trap_Mhandler+8
x11 <- 0x000000008000110C

mem[X,0x00000000800011C0] -> 0x3023
mem[X,0x00000000800011C2] -> 0x28A1
[423] [M]: 0x00000000800011C0 (0x28A13023) sd x10, 0x280(x2)                        common_Mhandler+0
mem[W,0x0000000080004280] <- 0x20000000000000CF

clint mtime 0x00000000000000D4 (mip.MTI <- 0b1, mip.STI <- 0b0)
mem[X,0x00000000800011C4] -> 0x1573
mem[X,0x00000000800011C6] -> 0x3401
[424] [M]: 0x00000000800011C4 (0x34011573) csrrw x10, mscratch, x2                  common_Mhandler+4
CSR mscratch (0x340) <- 0x0000000080004000
x10 <- 0x0000000080004000

mem[X,0x00000000800011C8] -> 0x3823
mem[X,0x00000000800011CA] -> 0x28A1
[425] [M]: 0x00000000800011C8 (0x28A13823) sd x10, 0x290(x2)                        common_Mhandler+8
mem[W,0x0000000080004290] <- 0x0000000080004000

clint mtime 0x00000000000000D5 (mip.MTI <- 0b1, mip.STI <- 0b0)
mem[X,0x00000000800011CC] -> 0x3503
mem[X,0x00000000800011CE] -> 0x2301
[426] [M]: 0x00000000800011CC (0x23013503) ld x10, 0x230(x2)                        common_Mhandler+12
mem[R,0x0000000080004230] -> 0x00000000800011D4
x10 <- 0x00000000800011D4

mem[X,0x00000000800011D0] -> 0x0067
mem[X,0x00000000800011D2] -> 0x0005
[427] [M]: 0x00000000800011D0 (0x00050067) jalr x0, 0x0(x10)                        common_Mhandler+16

clint mtime 0x00000000000000D6 (mip.MTI <- 0b1, mip.STI <- 0b0)
mem[X,0x00000000800011D4] -> 0x3C23
mem[X,0x00000000800011D6] -> 0x2691
[428] [M]: 0x00000000800011D4 (0x26913C23) sd x9, 0x278(x2)                         common_Mentry+0
mem[W,0x0000000080004278] <- 0x000C000080000B64

mem[X,0x00000000800011D8] -> 0x3823
mem[X,0x00000000800011DA] -> 0x2681
[429] [M]: 0x00000000800011D8 (0x26813823) sd x8, 0x270(x2)                         common_Mentry+4
mem[W,0x0000000080004270] <- 0x0000000000007F76

clint mtime 0x00000000000000D7 (mip.MTI <- 0b1, mip.STI <- 0b0)
mem[X,0x00000000800011DC] -> 0x3423
mem[X,0x00000000800011DE] -> 0x2671
[430] [M]: 0x00000000800011DC (0x26713423) sd x7, 0x268(x2)                         common_Mentry+8
mem[W,0x0000000080004268] <- 0x0000000080004000

mem[X,0x00000000800011E0] -> 0x3023
mem[X,0x00000000800011E2] -> 0x2661
[431] [M]: 0x00000000800011E0 (0x26613023) sd x6, 0x260(x2)                         common_Mentry+12
mem[W,0x0000000080004260] <- 0x0006000000000008

clint mtime 0x00000000000000D8 (mip.MTI <- 0b1, mip.STI <- 0b0)
mem[X,0x00000000800011E4] -> 0x2573
mem[X,0x00000000800011E6] -> 0x3420
[432] [M]: 0x00000000800011E4 (0x34202573) csrrs x10, mcause, x0                    spcl_M2mmode_test+0
CSR mcause (0x342) -> 0x0000000000000002
x10 <- 0x0000000000000002

mem[X,0x00000000800011E8] -> 0x04B7
mem[X,0x00000000800011EA] -> 0x8000
[433] [M]: 0x00000000800011E8 (0x800004B7) lui x9, -0x80000                         spcl_M2mmode_test+4
x9 <- 0xFFFFFFFF80000000

clint mtime 0x00000000000000D9 (mip.MTI <- 0b1, mip.STI <- 0b0)
mem[X,0x00000000800011EC] -> 0x8493
mem[X,0x00000000800011EE] -> 0x0004
[434] [M]: 0x00000000800011EC (0x00048493) addi x9, x9, 0x0                         spcl_M2mmode_test+8
x9 <- 0xFFFFFFFF80000000

mem[X,0x00000000800011F0] -> 0x9493
mem[X,0x00000000800011F2] -> 0x00B4
[435] [M]: 0x00000000800011F0 (0x00B49493) slli x9, x9, 0xb                         spcl_M2mmode_test+12
x9 <- 0xFFFFFC0000000000

clint mtime 0x00000000000000DA (mip.MTI <- 0b1, mip.STI <- 0b0)
mem[X,0x00000000800011F4] -> 0x8493
mem[X,0x00000000800011F6] -> 0x0004
[436] [M]: 0x00000000800011F4 (0x00048493) addi x9, x9, 0x0                         spcl_M2mmode_test+16
x9 <- 0xFFFFFC0000000000

mem[X,0x00000000800011F8] -> 0x9493
mem[X,0x00000000800011FA] -> 0x00B4
[437] [M]: 0x00000000800011F8 (0x00B49493) slli x9, x9, 0xb                         spcl_M2mmode_test+20
x9 <- 0xFFE0000000000000

clint mtime 0x00000000000000DB (mip.MTI <- 0b1, mip.STI <- 0b0)
mem[X,0x00000000800011FC] -> 0x8493
mem[X,0x00000000800011FE] -> 0x0034
[438] [M]: 0x00000000800011FC (0x00348493) addi x9, x9, 0x3                         spcl_M2mmode_test+24
x9 <- 0xFFE0000000000003

mem[X,0x0000000080001200] -> 0x9493
mem[X,0x0000000080001202] -> 0x00A4
[439] [M]: 0x0000000080001200 (0x00A49493) slli x9, x9, 0xa                         spcl_M2mmode_test+28
x9 <- 0x8000000000000C00

clint mtime 0x00000000000000DC (mip.MTI <- 0b1, mip.STI <- 0b0)
mem[X,0x0000000080001204] -> 0x8493
mem[X,0x0000000080001206] -> 0x3FC4
[440] [M]: 0x0000000080001204 (0x3FC48493) addi x9, x9, 0x3fc                       spcl_M2mmode_test+32
x9 <- 0x8000000000000FFC

mem[X,0x0000000080001208] -> 0xF4B3
mem[X,0x000000008000120A] -> 0x00A4
[441] [M]: 0x0000000080001208 (0x00A4F4B3) and x9, x9, x10                          spcl_M2mmode_test+36
x9 <- 0x0000000000000000

clint mtime 0x00000000000000DD (mip.MTI <- 0b1, mip.STI <- 0b0)
mem[X,0x000000008000120C] -> 0x8493
mem[X,0x000000008000120E] -> 0xFF84
[442] [M]: 0x000000008000120C (0xFF848493) addi x9, x9, -0x8                        spcl_M2mmode_test+40
x9 <- 0xFFFFFFFFFFFFFFF8

mem[X,0x0000000080001210] -> 0x9663
mem[X,0x0000000080001212] -> 0x0004
[443] [M]: 0x0000000080001210 (0x00049663) bne x9, x0, 0xc                          spcl_M2mmode_test+44

clint mtime 0x00000000000000DE (mip.MTI <- 0b1, mip.STI <- 0b0)
mem[X,0x000000008000121C] -> 0x0393
mem[X,0x000000008000121E] -> 0x0200
[444] [M]: 0x000000008000121C (0x02000393) addi x7, x0, 0x20                        Mtrapsig_ptr_upd+0
x7 <- 0x0000000000000020

mem[X,0x0000000080001220] -> 0x5263
mem[X,0x0000000080001222] -> 0x0405
[445] [M]: 0x0000000080001220 (0x04055263) bge x10, x0, 0x44                        Mtrapsig_ptr_upd+4

clint mtime 0x00000000000000DF (mip.MTI <- 0b1, mip.STI <- 0b0)
mem[X,0x0000000080001264] -> 0x2373
mem[X,0x0000000080001266] -> 0x3010
[446] [M]: 0x0000000080001264 (0x30102373) csrrs x6, misa, x0                       Mxcpt_sig_sv+0
CSR misa (0x301) -> 0x800000000034112F
x6 <- 0x800000000034112F

mem[X,0x0000000080001268] -> 0x1313
mem[X,0x000000008000126A] -> 0x0383
[447] [M]: 0x0000000080001268 (0x03831313) slli x6, x6, 0x38                        Mxcpt_sig_sv+4
x6 <- 0x2F00000000000000

clint mtime 0x00000000000000E0 (mip.MTI <- 0b1, mip.STI <- 0b0)
mem[X,0x000000008000126C] -> 0x5463
mem[X,0x000000008000126E] -> 0x0003
[448] [M]: 0x000000008000126C (0x00035463) bge x6, x0, 0x8                          Mxcpt_sig_sv+8

mem[X,0x0000000080001274] -> 0x3303
mem[X,0x0000000080001276] -> 0x2181
[449] [M]: 0x0000000080001274 (0x21813303) ld x6, 0x218(x2)                         Mtrap_sig_sv+0
mem[R,0x0000000080004218] -> 0x0000000080006218
x6 <- 0x0000000080006218

clint mtime 0x00000000000000E1 (mip.MTI <- 0b1, mip.STI <- 0b0)
mem[X,0x0000000080001278] -> 0x04B3
mem[X,0x000000008000127A] -> 0x0073
[450] [M]: 0x0000000080001278 (0x007304B3) add x9, x6, x7                           Mtrap_sig_sv+4
x9 <- 0x0000000080006238

mem[X,0x000000008000127C] -> 0x3C23
mem[X,0x000000008000127E] -> 0x2091
[451] [M]: 0x000000008000127C (0x20913C23) sd x9, 0x218(x2)                         Mtrap_sig_sv+8
mem[W,0x0000000080004218] <- 0x0000000080006238

clint mtime 0x00000000000000E2 (mip.MTI <- 0b1, mip.STI <- 0b0)
mem[X,0x0000000080001280] -> 0x3403
mem[X,0x0000000080001282] -> 0x1F81
[452] [M]: 0x0000000080001280 (0x1F813403) ld x8, 0x1f8(x2)                         Mtrap_sig_sv+12
mem[R,0x00000000800041F8] -> 0x0000000080006110
x8 <- 0x0000000080006110

mem[X,0x0000000080001284] -> 0x0333
mem[X,0x0000000080001286] -> 0x4083
[453] [M]: 0x0000000080001284 (0x40830333) sub x6, x6, x8                           Mtrap_sig_sv+16
x6 <- 0x0000000000000108

clint mtime 0x00000000000000E3 (mip.MTI <- 0b1, mip.STI <- 0b0)
mem[X,0x0000000080001288] -> 0x3403
mem[X,0x000000008000128A] -> 0x1F81
[454] [M]: 0x0000000080001288 (0x1F813403) ld x8, 0x1f8(x2)                         Mtrap_sig_sv+20
mem[R,0x00000000800041F8] -> 0x0000000080006110
x8 <- 0x0000000080006110

mem[X,0x000000008000128C] -> 0x0333
mem[X,0x000000008000128E] -> 0x0083
[455] [M]: 0x000000008000128C (0x00830333) add x6, x6, x8                           Mtrap_sig_sv+24
x6 <- 0x0000000080006218

clint mtime 0x00000000000000E4 (mip.MTI <- 0b1, mip.STI <- 0b0)
mem[X,0x0000000080001290] -> 0x3403
mem[X,0x0000000080001292] -> 0x2401
[456] [M]: 0x0000000080001290 (0x24013403) ld x8, 0x240(x2)                         Mtrap_sig_sv+28
mem[R,0x0000000080004240] -> 0x0000000080001000
x8 <- 0x0000000080001000

mem[X,0x0000000080001294] -> 0x85B3
mem[X,0x0000000080001296] -> 0x4085
[457] [M]: 0x0000000080001294 (0x408585B3) sub x11, x11, x8                         sv_Mvect+0
x11 <- 0x000000000000010C

clint mtime 0x00000000000000E5 (mip.MTI <- 0b1, mip.STI <- 0b0)
mem[X,0x0000000080001298] -> 0x9593
mem[X,0x000000008000129A] -> 0x0045
[458] [M]: 0x0000000080001298 (0x00459593) slli x11, x11, 0x4                       sv_Mvect+4
x11 <- 0x00000000000010C0

mem[X,0x000000008000129C] -> 0xE5B3
mem[X,0x000000008000129E] -> 0x0075
[459] [M]: 0x000000008000129C (0x0075E5B3) or x11, x11, x7                          sv_Mvect+8
x11 <- 0x00000000000010E0

clint mtime 0x00000000000000E6 (mip.MTI <- 0b1, mip.STI <- 0b0)
mem[X,0x00000000800012A0] -> 0x8593
mem[X,0x00000000800012A2] -> 0x0035
[460] [M]: 0x00000000800012A0 (0x00358593) addi x11, x11, 0x3                       sv_Mvect+12
x11 <- 0x00000000000010E3

mem[X,0x00000000800012A4] -> 0x3023
mem[X,0x00000000800012A6] -> 0x00B3
[461] [M]: 0x00000000800012A4 (0x00B33023) sd x11, 0x0(x6)                          sv_Mvect+16
mem[W,0x0000000080006218] <- 0x00000000000010E3

clint mtime 0x00000000000000E7 (mip.MTI <- 0b1, mip.STI <- 0b0)
mem[X,0x00000000800012A8] -> 0x3423
mem[X,0x00000000800012AA] -> 0x00A3
[462] [M]: 0x00000000800012A8 (0x00A33423) sd x10, 0x8(x6)                          sv_Mcause+0
mem[W,0x0000000080006220] <- 0x0000000000000002

mem[X,0x00000000800012AC] -> 0x4663
mem[X,0x00000000800012AE] -> 0x1A05
[463] [M]: 0x00000000800012AC (0x1A054663) blt x10, x0, 0x1ac                       sv_Mcause+4

clint mtime 0x00000000000000E8 (mip.MTI <- 0b1, mip.STI <- 0b0)
mem[X,0x00000000800012B0] -> 0x25F3
mem[X,0x00000000800012B2] -> 0x3000
[464] [M]: 0x00000000800012B0 (0x300025F3) csrrs x11, mstatus, x0                   common_Mexcpt_handler+0
CSR mstatus (0x300) -> 0x0000000A00000800
x11 <- 0x0000000A00000800

mem[X,0x00000000800012B4] -> 0x9413
mem[X,0x00000000800012B6] -> 0x02E5
[465] [M]: 0x00000000800012B4 (0x02E59413) slli x8, x11, 0x2e                       common_Mexcpt_handler+4
x8 <- 0x0200000000000000

clint mtime 0x00000000000000E9 (mip.MTI <- 0b1, mip.STI <- 0b0)
mem[X,0x00000000800012B8] -> 0x5463
mem[X,0x00000000800012BA] -> 0x0004
[466] [M]: 0x00000000800012B8 (0x00045463) bge x8, x0, 0x8                          common_Mexcpt_handler+8

mem[X,0x00000000800012C0] -> 0xD493
mem[X,0x00000000800012C2] -> 0x00B5
[467] [M]: 0x00000000800012C0 (0x00B5D493) srli x9, x11, 0xb                        common_Mexcpt_handler+16
x9 <- 0x0000000001400001

clint mtime 0x00000000000000EA (mip.MTI <- 0b1, mip.STI <- 0b0)
mem[X,0x00000000800012C4] -> 0xF493
mem[X,0x00000000800012C6] -> 0x0034
[468] [M]: 0x00000000800012C4 (0x0034F493) andi x9, x9, 0x3                         common_Mexcpt_handler+20
x9 <- 0x0000000000000001

mem[X,0x00000000800012C8] -> 0x8493
mem[X,0x00000000800012CA] -> 0x0014
[469] [M]: 0x00000000800012C8 (0x00148493) addi x9, x9, 0x1                         common_Mexcpt_handler+24
x9 <- 0x0000000000000002

clint mtime 0x00000000000000EB (mip.MTI <- 0b1, mip.STI <- 0b0)
mem[X,0x00000000800012CC] -> 0xF493
mem[X,0x00000000800012CE] -> 0x0044
[470] [M]: 0x00000000800012CC (0x0044F493) andi x9, x9, 0x4                         common_Mexcpt_handler+28
x9 <- 0x0000000000000000

mem[X,0x00000000800012D0] -> 0x0593
mem[X,0x00000000800012D2] -> 0x05D0
[471] [M]: 0x00000000800012D0 (0x05D00593) addi x11, x0, 0x5d                       common_Mexcpt_handler+32
x11 <- 0x000000000000005D

clint mtime 0x00000000000000EC (mip.MTI <- 0b1, mip.STI <- 0b0)
mem[X,0x00000000800012D4] -> 0xD5B3
mem[X,0x00000000800012D6] -> 0x0095
[472] [M]: 0x00000000800012D4 (0x0095D5B3) srl x11, x11, x9                         common_Mexcpt_handler+36
x11 <- 0x000000000000005D

mem[X,0x00000000800012D8] -> 0xF593
mem[X,0x00000000800012DA] -> 0x0015
[473] [M]: 0x00000000800012D8 (0x0015F593) andi x11, x11, 0x1                       common_Mexcpt_handler+40
x11 <- 0x0000000000000001

clint mtime 0x00000000000000ED (mip.MTI <- 0b1, mip.STI <- 0b0)
mem[X,0x00000000800012DC] -> 0x8EE3
mem[X,0x00000000800012DE] -> 0xF405
[474] [M]: 0x00000000800012DC (0xF4058EE3) beq x11, x0, -0xa4                       common_Mexcpt_handler+44

mem[X,0x00000000800012E0] -> 0x0593
mem[X,0x00000000800012E2] -> 0x2980
[475] [M]: 0x00000000800012E0 (0x29800593) addi x11, x0, 0x298                      common_Mexcpt_handler+48
x11 <- 0x0000000000000298

clint mtime 0x00000000000000EE (mip.MTI <- 0b1, mip.STI <- 0b0)
mem[X,0x00000000800012E4] -> 0xF413
mem[X,0x00000000800012E6] -> 0x0014
[476] [M]: 0x00000000800012E4 (0x0014F413) andi x8, x9, 0x1                         common_Mexcpt_handler+52
x8 <- 0x0000000000000000

mem[X,0x00000000800012E8] -> 0x95B3
mem[X,0x00000000800012EA] -> 0x0085
[477] [M]: 0x00000000800012E8 (0x008595B3) sll x11, x11, x8                         common_Mexcpt_handler+56
x11 <- 0x0000000000000298

clint mtime 0x00000000000000EF (mip.MTI <- 0b1, mip.STI <- 0b0)
mem[X,0x00000000800012EC] -> 0x9413
mem[X,0x00000000800012EE] -> 0x03D4
[478] [M]: 0x00000000800012EC (0x03D49413) slli x8, x9, 0x3d                        common_Mexcpt_handler+60
x8 <- 0x0000000000000000

mem[X,0x00000000800012F0] -> 0x5413
mem[X,0x00000000800012F2] -> 0x43F4
[479] [M]: 0x00000000800012F0 (0x43F45413) srai x8, x8, 0x3f                        common_Mexcpt_handler+64
x8 <- 0x0000000000000000

clint mtime 0x00000000000000F0 (mip.MTI <- 0b1, mip.STI <- 0b0)
mem[X,0x00000000800012F4] -> 0x4413
mem[X,0x00000000800012F6] -> 0xFFF4
[480] [M]: 0x00000000800012F4 (0xFFF44413) xori x8, x8, -0x1                        common_Mexcpt_handler+68
x8 <- 0xFFFFFFFFFFFFFFFF

mem[X,0x00000000800012F8] -> 0xF4B3
mem[X,0x00000000800012FA] -> 0x0085
[481] [M]: 0x00000000800012F8 (0x0085F4B3) and x9, x11, x8                          common_Mexcpt_handler+72
x9 <- 0x0000000000000298

clint mtime 0x00000000000000F1 (mip.MTI <- 0b1, mip.STI <- 0b0)
mem[X,0x00000000800012FC] -> 0x84B3
mem[X,0x00000000800012FE] -> 0x0024
[482] [M]: 0x00000000800012FC (0x002484B3) add x9, x9, x2                           vmem_adj_Mepc+0
x9 <- 0x0000000080004298

mem[X,0x0000000080001300] -> 0x23F3
mem[X,0x0000000080001302] -> 0x3410
[483] [M]: 0x0000000080001300 (0x341023F3) csrrs x7, mepc, x0                       vmem_adj_Mepc+4
CSR mepc (0x341) -> 0x0006000080000B64
x7 <- 0x0006000080000B64

clint mtime 0x00000000000000F2 (mip.MTI <- 0b1, mip.STI <- 0b0)
mem[X,0x0000000080001304] -> 0x0413
mem[X,0x0000000080001306] -> 0x0004
[484] [M]: 0x0000000080001304 (0x00040413) addi x8, x8, 0x0                         vmem_adj_Mepc+8
x8 <- 0xFFFFFFFFFFFFFFFF

mem[X,0x0000000080001308] -> 0x006F
mem[X,0x000000008000130A] -> 0x0400
[485] [M]: 0x0000000080001308 (0x0400006F) jal x0, 0x40                             vmem_adj_Mepc+12

clint mtime 0x00000000000000F3 (mip.MTI <- 0b1, mip.STI <- 0b0)
mem[X,0x0000000080001348] -> 0x8433
mem[X,0x000000008000134A] -> 0x4083
[486] [M]: 0x0000000080001348 (0x40838433) sub x8, x7, x8                           adj_Mepc+0
x8 <- 0x0006000080000B65

mem[X,0x000000008000134C] -> 0x3823
mem[X,0x000000008000134E] -> 0x0083
[487] [M]: 0x000000008000134C (0x00833823) sd x8, 0x10(x6)                          sv_Mepc+0
mem[W,0x0000000080006228] <- 0x0006000080000B65

clint mtime 0x00000000000000F4 (mip.MTI <- 0b1, mip.STI <- 0b0)
mem[X,0x0000000080001350] -> 0x55B7
mem[X,0x0000000080001352] -> 0x0000
[488] [M]: 0x0000000080001350 (0x000055B7) lui x11, 0x5                             sv_Mepc+4
x11 <- 0x0000000000005000

mem[X,0x0000000080001354] -> 0x8593
mem[X,0x0000000080001356] -> 0x6675
[489] [M]: 0x0000000080001354 (0x66758593) addi x11, x11, 0x667                     sv_Mepc+8
x11 <- 0x0000000000005667

clint mtime 0x00000000000000F5 (mip.MTI <- 0b1, mip.STI <- 0b0)
mem[X,0x0000000080001358] -> 0x9593
mem[X,0x000000008000135A] -> 0x0015
[490] [M]: 0x0000000080001358 (0x00159593) slli x11, x11, 0x1                       sv_Mepc+12
x11 <- 0x000000000000ACCE

mem[X,0x000000008000135C] -> 0x9063
mem[X,0x000000008000135E] -> 0x02B1
[491] [M]: 0x000000008000135C (0x02B19063) bne x3, x11, 0x20                        sv_Mepc+16

clint mtime 0x00000000000000F6 (mip.MTI <- 0b1, mip.STI <- 0b0)
mem[X,0x000000008000137C] -> 0xF593
mem[X,0x000000008000137E] -> 0xFFC3
[492] [M]: 0x000000008000137C (0xFFC3F593) andi x11, x7, -0x4                       adj_Mepc_rtn+0
x11 <- 0x0006000080000B64

mem[X,0x0000000080001380] -> 0x8593
mem[X,0x0000000080001382] -> 0x0085
[493] [M]: 0x0000000080001380 (0x00858593) addi x11, x11, 0x8                       adj_Mepc_rtn+4
x11 <- 0x0006000080000B6C

clint mtime 0x00000000000000F7 (mip.MTI <- 0b1, mip.STI <- 0b0)
mem[X,0x0000000080001384] -> 0x9073
mem[X,0x0000000080001386] -> 0x3415
[494] [M]: 0x0000000080001384 (0x34159073) csrrw x0, mepc, x11                      adj_Mepc_rtn+8
CSR mepc (0x341) <- 0x0006000080000B6C

mem[X,0x0000000080001388] -> 0x23F3
mem[X,0x000000008000138A] -> 0x3430
[495] [M]: 0x0000000080001388 (0x343023F3) csrrs x7, mtval, x0                      skp_adj_Mepc+0
CSR mtval (0x343) -> 0x00000000341494F3
x7 <- 0x00000000341494F3

clint mtime 0x00000000000000F8 (mip.MTI <- 0b1, mip.STI <- 0b0)
mem[X,0x000000008000138C] -> 0x0413
mem[X,0x000000008000138E] -> 0x0004
[496] [M]: 0x000000008000138C (0x00040413) addi x8, x8, 0x0                         skp_adj_Mepc+4
x8 <- 0x0006000080000B65

mem[X,0x0000000080001390] -> 0x006F
mem[X,0x0000000080001392] -> 0x0840
[497] [M]: 0x0000000080001390 (0x0840006F) jal x0, 0x84                             skp_adj_Mepc+8

clint mtime 0x00000000000000F9 (mip.MTI <- 0b1, mip.STI <- 0b0)
mem[X,0x0000000080001414] -> 0x8433
mem[X,0x0000000080001416] -> 0x4083
[498] [M]: 0x0000000080001414 (0x40838433) sub x8, x7, x8                           adj_Mtval+0
x8 <- 0xFFF9FFFFB414898E

mem[X,0x0000000080001418] -> 0x3C23
mem[X,0x000000008000141A] -> 0x0083
[499] [M]: 0x0000000080001418 (0x00833C23) sd x8, 0x18(x6)                          sv_Mtval+0
mem[W,0x0000000080006230] <- 0xFFF9FFFFB414898E

clint mtime 0x00000000000000FA (mip.MTI <- 0b1, mip.STI <- 0b0)
mem[X,0x000000008000141C] -> 0x3483
mem[X,0x000000008000141E] -> 0x2181
[500] [M]: 0x000000008000141C (0x21813483) ld x9, 0x218(x2)                         skp_Mtval+0
mem[R,0x0000000080004218] -> 0x0000000080006238
x9 <- 0x0000000080006238

mem[X,0x0000000080001420] -> 0x3383
mem[X,0x0000000080001422] -> 0x1F81
[501] [M]: 0x0000000080001420 (0x1F813383) ld x7, 0x1f8(x2)                         skp_Mtval+4
mem[R,0x00000000800041F8] -> 0x0000000080006110
x7 <- 0x0000000080006110

clint mtime 0x00000000000000FB (mip.MTI <- 0b1, mip.STI <- 0b0)
mem[X,0x0000000080001424] -> 0x3303
mem[X,0x0000000080001426] -> 0x2001
[502] [M]: 0x0000000080001424 (0x20013303) ld x6, 0x200(x2)                         skp_Mtval+8
mem[R,0x0000000080004200] -> 0x0000000000000310
x6 <- 0x0000000000000310

mem[X,0x0000000080001428] -> 0x0333
mem[X,0x000000008000142A] -> 0x0073
[503] [M]: 0x0000000080001428 (0x00730333) add x6, x6, x7                           skp_Mtval+12
x6 <- 0x0000000080006420

clint mtime 0x00000000000000FC (mip.MTI <- 0b1, mip.STI <- 0b0)
mem[X,0x000000008000142C] -> 0x6AE3
mem[X,0x000000008000142E] -> 0xAE93
[504] [M]: 0x000000008000142C (0xAE936AE3) bltu x6, x9, -0x50c                      skp_Mtval+16

mem[X,0x0000000080001430] -> 0x0393
mem[X,0x0000000080001432] -> 0x2000
[505] [M]: 0x0000000080001430 (0x20000393) addi x7, x0, 0x200                       skp_Mtval+20
x7 <- 0x0000000000000200

clint mtime 0x00000000000000FD (mip.MTI <- 0b1, mip.STI <- 0b0)
mem[X,0x0000000080001434] -> 0x006F
mem[X,0x0000000080001436] -> 0x0400
[506] [M]: 0x0000000080001434 (0x0400006F) jal x0, 0x40                             skp_Mtval+24

mem[X,0x0000000080001474] -> 0x0417
mem[X,0x0000000080001476] -> 0x0000
[507] [M]: 0x0000000080001474 (0x00000417) auipc x8, 0x0                            spcl_Mhandler+0
x8 <- 0x0000000080001474

clint mtime 0x00000000000000FE (mip.MTI <- 0b1, mip.STI <- 0b0)
mem[X,0x0000000080001478] -> 0x0413
mem[X,0x000000008000147A] -> 0x03C4
[508] [M]: 0x0000000080001478 (0x03C40413) addi x8, x8, 0x3c                        spcl_Mhandler+4
x8 <- 0x00000000800014B0

mem[X,0x000000008000147C] -> 0x0433
mem[X,0x000000008000147E] -> 0x0074
[509] [M]: 0x000000008000147C (0x00740433) add x8, x8, x7                           spcl_Mhandler+8
x8 <- 0x00000000800016B0

clint mtime 0x00000000000000FF (mip.MTI <- 0b1, mip.STI <- 0b0)
mem[X,0x0000000080001480] -> 0x1393
mem[X,0x0000000080001482] -> 0x0035
[510] [M]: 0x0000000080001480 (0x00351393) slli x7, x10, 0x3                        spcl_Mhandler+12
x7 <- 0x0000000000000010

mem[X,0x0000000080001484] -> 0x0433
mem[X,0x0000000080001486] -> 0x0074
[511] [M]: 0x0000000080001484 (0x00740433) add x8, x8, x7                           spcl_Mhandler+16
x8 <- 0x00000000800016C0

clint mtime 0x0000000000000100 (mip.MTI <- 0b1, mip.STI <- 0b0)
mem[X,0x0000000080001488] -> 0x7413
mem[X,0x000000008000148A] -> 0xFF84
[512] [M]: 0x0000000080001488 (0xFF847413) andi x8, x8, -0x8                        spcl_Mhandler+20
x8 <- 0x00000000800016C0

mem[X,0x000000008000148C] -> 0x3403
mem[X,0x000000008000148E] -> 0x0004
[513] [M]: 0x000000008000148C (0x00043403) ld x8, 0x0(x8)                           spcl_Mhandler+24
mem[R,0x00000000800016C0] -> 0x0000000000000005
x8 <- 0x0000000000000005

clint mtime 0x0000000000000101 (mip.MTI <- 0b1, mip.STI <- 0b0)
mem[X,0x0000000080001490] -> 0x02E3
mem[X,0x0000000080001492] -> 0xB204
[514] [M]: 0x0000000080001490 (0xB20402E3) beq x8, x0, -0x4dc                       spcl_Mdispatch_hndling+0

mem[X,0x0000000080001494] -> 0x1393
mem[X,0x0000000080001496] -> 0x03F4
[515] [M]: 0x0000000080001494 (0x03F41393) slli x7, x8, 0x3f                        spcl_Mdispatch_hndling+4
x7 <- 0x8000000000000000

clint mtime 0x0000000000000102 (mip.MTI <- 0b1, mip.STI <- 0b0)
mem[X,0x0000000080001498] -> 0xD863
mem[X,0x000000008000149A] -> 0x0003
[516] [M]: 0x0000000080001498 (0x0003D863) bge x7, x0, 0x10                         spcl_Mdispatch_hndling+8

mem[X,0x000000008000149C] -> 0x5413
mem[X,0x000000008000149E] -> 0x0014
[517] [M]: 0x000000008000149C (0x00145413) srli x8, x8, 0x1                         spcl_Mdispatch_hndling+12
x8 <- 0x0000000000000002

clint mtime 0x0000000000000103 (mip.MTI <- 0b1, mip.STI <- 0b0)
mem[X,0x00000000800014A0] -> 0x0CE3
mem[X,0x00000000800014A2] -> 0xF885
[518] [M]: 0x00000000800014A0 (0xF8850CE3) beq x10, x8, -0x68                       spcl_Mdispatch_hndling+16

mem[X,0x0000000080001438] -> 0x3303
mem[X,0x000000008000143A] -> 0x2601
[519] [M]: 0x0000000080001438 (0x26013303) ld x6, 0x260(x2)                         resto_Mrtn+0
mem[R,0x0000000080004260] -> 0x0006000000000008
x6 <- 0x0006000000000008

clint mtime 0x0000000000000104 (mip.MTI <- 0b1, mip.STI <- 0b0)
mem[X,0x000000008000143C] -> 0x3383
mem[X,0x000000008000143E] -> 0x2681
[520] [M]: 0x000000008000143C (0x26813383) ld x7, 0x268(x2)                         resto_Mrtn+4
mem[R,0x0000000080004268] -> 0x0000000080004000
x7 <- 0x0000000080004000

mem[X,0x0000000080001440] -> 0x3403
mem[X,0x0000000080001442] -> 0x2701
[521] [M]: 0x0000000080001440 (0x27013403) ld x8, 0x270(x2)                         resto_Mrtn+8
mem[R,0x0000000080004270] -> 0x0000000000007F76
x8 <- 0x0000000000007F76

clint mtime 0x0000000000000105 (mip.MTI <- 0b1, mip.STI <- 0b0)
mem[X,0x0000000080001444] -> 0x3483
mem[X,0x0000000080001446] -> 0x2781
[522] [M]: 0x0000000080001444 (0x27813483) ld x9, 0x278(x2)                         resto_Mrtn+12
mem[R,0x0000000080004278] -> 0x000C000080000B64
x9 <- 0x000C000080000B64

mem[X,0x0000000080001448] -> 0x3503
mem[X,0x000000008000144A] -> 0x2801
[523] [M]: 0x0000000080001448 (0x28013503) ld x10, 0x280(x2)                        resto_Mrtn+16
mem[R,0x0000000080004280] -> 0x20000000000000CF
x10 <- 0x20000000000000CF

clint mtime 0x0000000000000106 (mip.MTI <- 0b1, mip.STI <- 0b0)
mem[X,0x000000008000144C] -> 0x3583
mem[X,0x000000008000144E] -> 0x2881
[524] [M]: 0x000000008000144C (0x28813583) ld x11, 0x288(x2)                        resto_Mrtn+20
mem[R,0x0000000080004288] -> 0x20000000000000CF
x11 <- 0x20000000000000CF

mem[X,0x0000000080001450] -> 0x3103
mem[X,0x0000000080001452] -> 0x2901
[525] [M]: 0x0000000080001450 (0x29013103) ld x2, 0x290(x2)                         resto_Mrtn+24
mem[R,0x0000000080004290] -> 0x0000000080004000
x2 <- 0x0000000080004000

clint mtime 0x0000000000000107 (mip.MTI <- 0b1, mip.STI <- 0b0)
mem[X,0x0000000080001454] -> 0x0073
mem[X,0x0000000080001456] -> 0x3020
[526] [M]: 0x0000000080001454 (0x30200073) mret                                     resto_Mrtn+28
CSR mstatus (0x300) <- 0x0000000A00000080
ret-ing from M to S

mem[X,0x0000000080000B6C] -> 0x07B7
mem[X,0x0000000080000B6E] -> 0x0005
[527] [S]: 0x0006000080000B6C (0x000507B7) lui x15, 0x50                            va_rvtest_code_begin+944
x15 <- 0x0000000000050000

clint mtime 0x0000000000000108 (mip.MTI <- 0b1, mip.STI <- 0b0)
mem[X,0x0000000080000B70] -> 0x8793
mem[X,0x0000000080000B72] -> 0x0007
[528] [S]: 0x0006000080000B70 (0x00078793) addi x15, x15, 0x0                       va_rvtest_code_begin+948
x15 <- 0x0000000000050000

mem[X,0x0000000080000B74] -> 0x9793
mem[X,0x0000000080000B76] -> 0x00B7
[529] [S]: 0x0006000080000B74 (0x00B79793) slli x15, x15, 0xb                       va_rvtest_code_begin+952
x15 <- 0x0000000028000000

clint mtime 0x0000000000000109 (mip.MTI <- 0b1, mip.STI <- 0b0)
mem[X,0x0000000080000B78] -> 0x8793
mem[X,0x0000000080000B7A] -> 0x4007
[530] [S]: 0x0006000080000B78 (0x40078793) addi x15, x15, 0x400                     va_rvtest_code_begin+956
x15 <- 0x0000000028000400

mem[X,0x0000000080000B7C] -> 0x9793
mem[X,0x0000000080000B7E] -> 0x00B7
[531] [S]: 0x0006000080000B7C (0x00B79793) slli x15, x15, 0xb                       va_rvtest_code_begin+960
x15 <- 0x0000014000200000

clint mtime 0x000000000000010A (mip.MTI <- 0b1, mip.STI <- 0b0)
mem[X,0x0000000080000B80] -> 0x8793
mem[X,0x0000000080000B82] -> 0x0017
[532] [S]: 0x0006000080000B80 (0x00178793) addi x15, x15, 0x1                       va_rvtest_code_begin+964
x15 <- 0x0000014000200001

mem[X,0x0000000080000B84] -> 0x9793
mem[X,0x0000000080000B86] -> 0x00A7
[533] [S]: 0x0006000080000B84 (0x00A79793) slli x15, x15, 0xa                       va_rvtest_code_begin+968
x15 <- 0x0005000080000400

clint mtime 0x000000000000010B (mip.MTI <- 0b1, mip.STI <- 0b0)
mem[X,0x0000000080000B88] -> 0x0613
mem[X,0x0000000080000B8A] -> 0x0106
[534] [S]: 0x0006000080000B88 (0x01060613) addi x12, x12, 0x10                      va_rvtest_code_begin+972
x12 <- 0x0000000000000010

mem[X,0x0000000080000B8C] -> 0xAA23
mem[X,0x0000000080000B8E] -> 0x00C7
[535] [S]: 0x0006000080000B8C (0x00C7AA23) sw x12, 0x14(x15)                        va_rvtest_code_begin+976
PTW: Start, vpn=0x5000080000, access_type=W, privilege=Smem[R,0x0000000080005028] -> 0x20000000000000CF
PTW: Step, level=4, pte=0x20000000000000CF, pte_addr=0x80005028
PTW: failed, error=invalid-pte, level=4, pte_addr=0x80005028
trapping from S to M to handle store/amo-page-fault
handling exc#store/amo-page-fault at priv M with tval 0x0005000080000414
CSR mstatus (0x300) <- 0x0000000A00000800
CSR mcause (0x342) <- 0x000000000000000F
CSR mtval (0x343) <- 0x0005000080000414
CSR mepc (0x341) <- 0x0006000080000B8C

clint mtime 0x000000000000010C (mip.MTI <- 0b1, mip.STI <- 0b0)
mem[X,0x0000000080001000] -> 0x006F
mem[X,0x0000000080001002] -> 0x1000
[536] [M]: 0x0000000080001000 (0x1000006F) jal x0, 0x100                            Mtrampoline+0

mem[X,0x0000000080001100] -> 0x1173
mem[X,0x0000000080001102] -> 0x3401
[537] [M]: 0x0000000080001100 (0x34011173) csrrw x2, mscratch, x2                   trap_Mhandler+0
CSR mscratch (0x340) <- 0x0000000080004000
x2 <- 0x0000000080004000

clint mtime 0x000000000000010D (mip.MTI <- 0b1, mip.STI <- 0b0)
mem[X,0x0000000080001104] -> 0x3423
mem[X,0x0000000080001106] -> 0x28B1
[538] [M]: 0x0000000080001104 (0x28B13423) sd x11, 0x288(x2)                        trap_Mhandler+4
mem[W,0x0000000080004288] <- 0x20000000000000CF

mem[X,0x0000000080001108] -> 0x05EF
mem[X,0x000000008000110A] -> 0x0B80
[539] [M]: 0x0000000080001108 (0x0B8005EF) jal x11, 0xb8                            trap_Mhandler+8
x11 <- 0x000000008000110C

clint mtime 0x000000000000010E (mip.MTI <- 0b1, mip.STI <- 0b0)
mem[X,0x00000000800011C0] -> 0x3023
mem[X,0x00000000800011C2] -> 0x28A1
[540] [M]: 0x00000000800011C0 (0x28A13023) sd x10, 0x280(x2)                        common_Mhandler+0
mem[W,0x0000000080004280] <- 0x20000000000000CF

mem[X,0x00000000800011C4] -> 0x1573
mem[X,0x00000000800011C6] -> 0x3401
[541] [M]: 0x00000000800011C4 (0x34011573) csrrw x10, mscratch, x2                  common_Mhandler+4
CSR mscratch (0x340) <- 0x0000000080004000
x10 <- 0x0000000080004000

clint mtime 0x000000000000010F (mip.MTI <- 0b1, mip.STI <- 0b0)
mem[X,0x00000000800011C8] -> 0x3823
mem[X,0x00000000800011CA] -> 0x28A1
[542] [M]: 0x00000000800011C8 (0x28A13823) sd x10, 0x290(x2)                        common_Mhandler+8
mem[W,0x0000000080004290] <- 0x0000000080004000

mem[X,0x00000000800011CC] -> 0x3503
mem[X,0x00000000800011CE] -> 0x2301
[543] [M]: 0x00000000800011CC (0x23013503) ld x10, 0x230(x2)                        common_Mhandler+12
mem[R,0x0000000080004230] -> 0x00000000800011D4
x10 <- 0x00000000800011D4

clint mtime 0x0000000000000110 (mip.MTI <- 0b1, mip.STI <- 0b0)
mem[X,0x00000000800011D0] -> 0x0067
mem[X,0x00000000800011D2] -> 0x0005
[544] [M]: 0x00000000800011D0 (0x00050067) jalr x0, 0x0(x10)                        common_Mhandler+16

mem[X,0x00000000800011D4] -> 0x3C23
mem[X,0x00000000800011D6] -> 0x2691
[545] [M]: 0x00000000800011D4 (0x26913C23) sd x9, 0x278(x2)                         common_Mentry+0
mem[W,0x0000000080004278] <- 0x000C000080000B64

clint mtime 0x0000000000000111 (mip.MTI <- 0b1, mip.STI <- 0b0)
mem[X,0x00000000800011D8] -> 0x3823
mem[X,0x00000000800011DA] -> 0x2681
[546] [M]: 0x00000000800011D8 (0x26813823) sd x8, 0x270(x2)                         common_Mentry+4
mem[W,0x0000000080004270] <- 0x0000000000007F76

mem[X,0x00000000800011DC] -> 0x3423
mem[X,0x00000000800011DE] -> 0x2671
[547] [M]: 0x00000000800011DC (0x26713423) sd x7, 0x268(x2)                         common_Mentry+8
mem[W,0x0000000080004268] <- 0x0000000080004000

clint mtime 0x0000000000000112 (mip.MTI <- 0b1, mip.STI <- 0b0)
mem[X,0x00000000800011E0] -> 0x3023
mem[X,0x00000000800011E2] -> 0x2661
[548] [M]: 0x00000000800011E0 (0x26613023) sd x6, 0x260(x2)                         common_Mentry+12
mem[W,0x0000000080004260] <- 0x0006000000000008

mem[X,0x00000000800011E4] -> 0x2573
mem[X,0x00000000800011E6] -> 0x3420
[549] [M]: 0x00000000800011E4 (0x34202573) csrrs x10, mcause, x0                    spcl_M2mmode_test+0
CSR mcause (0x342) -> 0x000000000000000F
x10 <- 0x000000000000000F

clint mtime 0x0000000000000113 (mip.MTI <- 0b1, mip.STI <- 0b0)
mem[X,0x00000000800011E8] -> 0x04B7
mem[X,0x00000000800011EA] -> 0x8000
[550] [M]: 0x00000000800011E8 (0x800004B7) lui x9, -0x80000                         spcl_M2mmode_test+4
x9 <- 0xFFFFFFFF80000000

mem[X,0x00000000800011EC] -> 0x8493
mem[X,0x00000000800011EE] -> 0x0004
[551] [M]: 0x00000000800011EC (0x00048493) addi x9, x9, 0x0                         spcl_M2mmode_test+8
x9 <- 0xFFFFFFFF80000000

clint mtime 0x0000000000000114 (mip.MTI <- 0b1, mip.STI <- 0b0)
mem[X,0x00000000800011F0] -> 0x9493
mem[X,0x00000000800011F2] -> 0x00B4
[552] [M]: 0x00000000800011F0 (0x00B49493) slli x9, x9, 0xb                         spcl_M2mmode_test+12
x9 <- 0xFFFFFC0000000000

mem[X,0x00000000800011F4] -> 0x8493
mem[X,0x00000000800011F6] -> 0x0004
[553] [M]: 0x00000000800011F4 (0x00048493) addi x9, x9, 0x0                         spcl_M2mmode_test+16
x9 <- 0xFFFFFC0000000000

clint mtime 0x0000000000000115 (mip.MTI <- 0b1, mip.STI <- 0b0)
mem[X,0x00000000800011F8] -> 0x9493
mem[X,0x00000000800011FA] -> 0x00B4
[554] [M]: 0x00000000800011F8 (0x00B49493) slli x9, x9, 0xb                         spcl_M2mmode_test+20
x9 <- 0xFFE0000000000000

mem[X,0x00000000800011FC] -> 0x8493
mem[X,0x00000000800011FE] -> 0x0034
[555] [M]: 0x00000000800011FC (0x00348493) addi x9, x9, 0x3                         spcl_M2mmode_test+24
x9 <- 0xFFE0000000000003

clint mtime 0x0000000000000116 (mip.MTI <- 0b1, mip.STI <- 0b0)
mem[X,0x0000000080001200] -> 0x9493
mem[X,0x0000000080001202] -> 0x00A4
[556] [M]: 0x0000000080001200 (0x00A49493) slli x9, x9, 0xa                         spcl_M2mmode_test+28
x9 <- 0x8000000000000C00

mem[X,0x0000000080001204] -> 0x8493
mem[X,0x0000000080001206] -> 0x3FC4
[557] [M]: 0x0000000080001204 (0x3FC48493) addi x9, x9, 0x3fc                       spcl_M2mmode_test+32
x9 <- 0x8000000000000FFC

clint mtime 0x0000000000000117 (mip.MTI <- 0b1, mip.STI <- 0b0)
mem[X,0x0000000080001208] -> 0xF4B3
mem[X,0x000000008000120A] -> 0x00A4
[558] [M]: 0x0000000080001208 (0x00A4F4B3) and x9, x9, x10                          spcl_M2mmode_test+36
x9 <- 0x000000000000000C

mem[X,0x000000008000120C] -> 0x8493
mem[X,0x000000008000120E] -> 0xFF84
[559] [M]: 0x000000008000120C (0xFF848493) addi x9, x9, -0x8                        spcl_M2mmode_test+40
x9 <- 0x0000000000000004

clint mtime 0x0000000000000118 (mip.MTI <- 0b1, mip.STI <- 0b0)
mem[X,0x0000000080001210] -> 0x9663
mem[X,0x0000000080001212] -> 0x0004
[560] [M]: 0x0000000080001210 (0x00049663) bne x9, x0, 0xc                          spcl_M2mmode_test+44

mem[X,0x000000008000121C] -> 0x0393
mem[X,0x000000008000121E] -> 0x0200
[561] [M]: 0x000000008000121C (0x02000393) addi x7, x0, 0x20                        Mtrapsig_ptr_upd+0
x7 <- 0x0000000000000020

clint mtime 0x0000000000000119 (mip.MTI <- 0b1, mip.STI <- 0b0)
mem[X,0x0000000080001220] -> 0x5263
mem[X,0x0000000080001222] -> 0x0405
[562] [M]: 0x0000000080001220 (0x04055263) bge x10, x0, 0x44                        Mtrapsig_ptr_upd+4

mem[X,0x0000000080001264] -> 0x2373
mem[X,0x0000000080001266] -> 0x3010
[563] [M]: 0x0000000080001264 (0x30102373) csrrs x6, misa, x0                       Mxcpt_sig_sv+0
CSR misa (0x301) -> 0x800000000034112F
x6 <- 0x800000000034112F

clint mtime 0x000000000000011A (mip.MTI <- 0b1, mip.STI <- 0b0)
mem[X,0x0000000080001268] -> 0x1313
mem[X,0x000000008000126A] -> 0x0383
[564] [M]: 0x0000000080001268 (0x03831313) slli x6, x6, 0x38                        Mxcpt_sig_sv+4
x6 <- 0x2F00000000000000

mem[X,0x000000008000126C] -> 0x5463
mem[X,0x000000008000126E] -> 0x0003
[565] [M]: 0x000000008000126C (0x00035463) bge x6, x0, 0x8                          Mxcpt_sig_sv+8

clint mtime 0x000000000000011B (mip.MTI <- 0b1, mip.STI <- 0b0)
mem[X,0x0000000080001274] -> 0x3303
mem[X,0x0000000080001276] -> 0x2181
[566] [M]: 0x0000000080001274 (0x21813303) ld x6, 0x218(x2)                         Mtrap_sig_sv+0
mem[R,0x0000000080004218] -> 0x0000000080006238
x6 <- 0x0000000080006238

mem[X,0x0000000080001278] -> 0x04B3
mem[X,0x000000008000127A] -> 0x0073
[567] [M]: 0x0000000080001278 (0x007304B3) add x9, x6, x7                           Mtrap_sig_sv+4
x9 <- 0x0000000080006258

clint mtime 0x000000000000011C (mip.MTI <- 0b1, mip.STI <- 0b0)
mem[X,0x000000008000127C] -> 0x3C23
mem[X,0x000000008000127E] -> 0x2091
[568] [M]: 0x000000008000127C (0x20913C23) sd x9, 0x218(x2)                         Mtrap_sig_sv+8
mem[W,0x0000000080004218] <- 0x0000000080006258

mem[X,0x0000000080001280] -> 0x3403
mem[X,0x0000000080001282] -> 0x1F81
[569] [M]: 0x0000000080001280 (0x1F813403) ld x8, 0x1f8(x2)                         Mtrap_sig_sv+12
mem[R,0x00000000800041F8] -> 0x0000000080006110
x8 <- 0x0000000080006110

clint mtime 0x000000000000011D (mip.MTI <- 0b1, mip.STI <- 0b0)
mem[X,0x0000000080001284] -> 0x0333
mem[X,0x0000000080001286] -> 0x4083
[570] [M]: 0x0000000080001284 (0x40830333) sub x6, x6, x8                           Mtrap_sig_sv+16
x6 <- 0x0000000000000128

mem[X,0x0000000080001288] -> 0x3403
mem[X,0x000000008000128A] -> 0x1F81
[571] [M]: 0x0000000080001288 (0x1F813403) ld x8, 0x1f8(x2)                         Mtrap_sig_sv+20
mem[R,0x00000000800041F8] -> 0x0000000080006110
x8 <- 0x0000000080006110

clint mtime 0x000000000000011E (mip.MTI <- 0b1, mip.STI <- 0b0)
mem[X,0x000000008000128C] -> 0x0333
mem[X,0x000000008000128E] -> 0x0083
[572] [M]: 0x000000008000128C (0x00830333) add x6, x6, x8                           Mtrap_sig_sv+24
x6 <- 0x0000000080006238

mem[X,0x0000000080001290] -> 0x3403
mem[X,0x0000000080001292] -> 0x2401
[573] [M]: 0x0000000080001290 (0x24013403) ld x8, 0x240(x2)                         Mtrap_sig_sv+28
mem[R,0x0000000080004240] -> 0x0000000080001000
x8 <- 0x0000000080001000

clint mtime 0x000000000000011F (mip.MTI <- 0b1, mip.STI <- 0b0)
mem[X,0x0000000080001294] -> 0x85B3
mem[X,0x0000000080001296] -> 0x4085
[574] [M]: 0x0000000080001294 (0x408585B3) sub x11, x11, x8                         sv_Mvect+0
x11 <- 0x000000000000010C

mem[X,0x0000000080001298] -> 0x9593
mem[X,0x000000008000129A] -> 0x0045
[575] [M]: 0x0000000080001298 (0x00459593) slli x11, x11, 0x4                       sv_Mvect+4
x11 <- 0x00000000000010C0

clint mtime 0x0000000000000120 (mip.MTI <- 0b1, mip.STI <- 0b0)
mem[X,0x000000008000129C] -> 0xE5B3
mem[X,0x000000008000129E] -> 0x0075
[576] [M]: 0x000000008000129C (0x0075E5B3) or x11, x11, x7                          sv_Mvect+8
x11 <- 0x00000000000010E0

mem[X,0x00000000800012A0] -> 0x8593
mem[X,0x00000000800012A2] -> 0x0035
[577] [M]: 0x00000000800012A0 (0x00358593) addi x11, x11, 0x3                       sv_Mvect+12
x11 <- 0x00000000000010E3

clint mtime 0x0000000000000121 (mip.MTI <- 0b1, mip.STI <- 0b0)
mem[X,0x00000000800012A4] -> 0x3023
mem[X,0x00000000800012A6] -> 0x00B3
[578] [M]: 0x00000000800012A4 (0x00B33023) sd x11, 0x0(x6)                          sv_Mvect+16
mem[W,0x0000000080006238] <- 0x00000000000010E3

mem[X,0x00000000800012A8] -> 0x3423
mem[X,0x00000000800012AA] -> 0x00A3
[579] [M]: 0x00000000800012A8 (0x00A33423) sd x10, 0x8(x6)                          sv_Mcause+0
mem[W,0x0000000080006240] <- 0x000000000000000F

clint mtime 0x0000000000000122 (mip.MTI <- 0b1, mip.STI <- 0b0)
mem[X,0x00000000800012AC] -> 0x4663
mem[X,0x00000000800012AE] -> 0x1A05
[580] [M]: 0x00000000800012AC (0x1A054663) blt x10, x0, 0x1ac                       sv_Mcause+4

mem[X,0x00000000800012B0] -> 0x25F3
mem[X,0x00000000800012B2] -> 0x3000
[581] [M]: 0x00000000800012B0 (0x300025F3) csrrs x11, mstatus, x0                   common_Mexcpt_handler+0
CSR mstatus (0x300) -> 0x0000000A00000800
x11 <- 0x0000000A00000800

clint mtime 0x0000000000000123 (mip.MTI <- 0b1, mip.STI <- 0b0)
mem[X,0x00000000800012B4] -> 0x9413
mem[X,0x00000000800012B6] -> 0x02E5
[582] [M]: 0x00000000800012B4 (0x02E59413) slli x8, x11, 0x2e                       common_Mexcpt_handler+4
x8 <- 0x0200000000000000

mem[X,0x00000000800012B8] -> 0x5463
mem[X,0x00000000800012BA] -> 0x0004
[583] [M]: 0x00000000800012B8 (0x00045463) bge x8, x0, 0x8                          common_Mexcpt_handler+8

clint mtime 0x0000000000000124 (mip.MTI <- 0b1, mip.STI <- 0b0)
mem[X,0x00000000800012C0] -> 0xD493
mem[X,0x00000000800012C2] -> 0x00B5
[584] [M]: 0x00000000800012C0 (0x00B5D493) srli x9, x11, 0xb                        common_Mexcpt_handler+16
x9 <- 0x0000000001400001

mem[X,0x00000000800012C4] -> 0xF493
mem[X,0x00000000800012C6] -> 0x0034
[585] [M]: 0x00000000800012C4 (0x0034F493) andi x9, x9, 0x3                         common_Mexcpt_handler+20
x9 <- 0x0000000000000001

clint mtime 0x0000000000000125 (mip.MTI <- 0b1, mip.STI <- 0b0)
mem[X,0x00000000800012C8] -> 0x8493
mem[X,0x00000000800012CA] -> 0x0014
[586] [M]: 0x00000000800012C8 (0x00148493) addi x9, x9, 0x1                         common_Mexcpt_handler+24
x9 <- 0x0000000000000002

mem[X,0x00000000800012CC] -> 0xF493
mem[X,0x00000000800012CE] -> 0x0044
[587] [M]: 0x00000000800012CC (0x0044F493) andi x9, x9, 0x4                         common_Mexcpt_handler+28
x9 <- 0x0000000000000000

clint mtime 0x0000000000000126 (mip.MTI <- 0b1, mip.STI <- 0b0)
mem[X,0x00000000800012D0] -> 0x0593
mem[X,0x00000000800012D2] -> 0x05D0
[588] [M]: 0x00000000800012D0 (0x05D00593) addi x11, x0, 0x5d                       common_Mexcpt_handler+32
x11 <- 0x000000000000005D

mem[X,0x00000000800012D4] -> 0xD5B3
mem[X,0x00000000800012D6] -> 0x0095
[589] [M]: 0x00000000800012D4 (0x0095D5B3) srl x11, x11, x9                         common_Mexcpt_handler+36
x11 <- 0x000000000000005D

clint mtime 0x0000000000000127 (mip.MTI <- 0b1, mip.STI <- 0b0)
mem[X,0x00000000800012D8] -> 0xF593
mem[X,0x00000000800012DA] -> 0x0015
[590] [M]: 0x00000000800012D8 (0x0015F593) andi x11, x11, 0x1                       common_Mexcpt_handler+40
x11 <- 0x0000000000000001

mem[X,0x00000000800012DC] -> 0x8EE3
mem[X,0x00000000800012DE] -> 0xF405
[591] [M]: 0x00000000800012DC (0xF4058EE3) beq x11, x0, -0xa4                       common_Mexcpt_handler+44

clint mtime 0x0000000000000128 (mip.MTI <- 0b1, mip.STI <- 0b0)
mem[X,0x00000000800012E0] -> 0x0593
mem[X,0x00000000800012E2] -> 0x2980
[592] [M]: 0x00000000800012E0 (0x29800593) addi x11, x0, 0x298                      common_Mexcpt_handler+48
x11 <- 0x0000000000000298

mem[X,0x00000000800012E4] -> 0xF413
mem[X,0x00000000800012E6] -> 0x0014
[593] [M]: 0x00000000800012E4 (0x0014F413) andi x8, x9, 0x1                         common_Mexcpt_handler+52
x8 <- 0x0000000000000000

clint mtime 0x0000000000000129 (mip.MTI <- 0b1, mip.STI <- 0b0)
mem[X,0x00000000800012E8] -> 0x95B3
mem[X,0x00000000800012EA] -> 0x0085
[594] [M]: 0x00000000800012E8 (0x008595B3) sll x11, x11, x8                         common_Mexcpt_handler+56
x11 <- 0x0000000000000298

mem[X,0x00000000800012EC] -> 0x9413
mem[X,0x00000000800012EE] -> 0x03D4
[595] [M]: 0x00000000800012EC (0x03D49413) slli x8, x9, 0x3d                        common_Mexcpt_handler+60
x8 <- 0x0000000000000000

clint mtime 0x000000000000012A (mip.MTI <- 0b1, mip.STI <- 0b0)
mem[X,0x00000000800012F0] -> 0x5413
mem[X,0x00000000800012F2] -> 0x43F4
[596] [M]: 0x00000000800012F0 (0x43F45413) srai x8, x8, 0x3f                        common_Mexcpt_handler+64
x8 <- 0x0000000000000000

mem[X,0x00000000800012F4] -> 0x4413
mem[X,0x00000000800012F6] -> 0xFFF4
[597] [M]: 0x00000000800012F4 (0xFFF44413) xori x8, x8, -0x1                        common_Mexcpt_handler+68
x8 <- 0xFFFFFFFFFFFFFFFF

clint mtime 0x000000000000012B (mip.MTI <- 0b1, mip.STI <- 0b0)
mem[X,0x00000000800012F8] -> 0xF4B3
mem[X,0x00000000800012FA] -> 0x0085
[598] [M]: 0x00000000800012F8 (0x0085F4B3) and x9, x11, x8                          common_Mexcpt_handler+72
x9 <- 0x0000000000000298

mem[X,0x00000000800012FC] -> 0x84B3
mem[X,0x00000000800012FE] -> 0x0024
[599] [M]: 0x00000000800012FC (0x002484B3) add x9, x9, x2                           vmem_adj_Mepc+0
x9 <- 0x0000000080004298

clint mtime 0x000000000000012C (mip.MTI <- 0b1, mip.STI <- 0b0)
mem[X,0x0000000080001300] -> 0x23F3
mem[X,0x0000000080001302] -> 0x3410
[600] [M]: 0x0000000080001300 (0x341023F3) csrrs x7, mepc, x0                       vmem_adj_Mepc+4
CSR mepc (0x341) -> 0x0006000080000B8C
x7 <- 0x0006000080000B8C

mem[X,0x0000000080001304] -> 0x0413
mem[X,0x0000000080001306] -> 0x0004
[601] [M]: 0x0000000080001304 (0x00040413) addi x8, x8, 0x0                         vmem_adj_Mepc+8
x8 <- 0xFFFFFFFFFFFFFFFF

clint mtime 0x000000000000012D (mip.MTI <- 0b1, mip.STI <- 0b0)
mem[X,0x0000000080001308] -> 0x006F
mem[X,0x000000008000130A] -> 0x0400
[602] [M]: 0x0000000080001308 (0x0400006F) jal x0, 0x40                             vmem_adj_Mepc+12

mem[X,0x0000000080001348] -> 0x8433
mem[X,0x000000008000134A] -> 0x4083
[603] [M]: 0x0000000080001348 (0x40838433) sub x8, x7, x8                           adj_Mepc+0
x8 <- 0x0006000080000B8D

clint mtime 0x000000000000012E (mip.MTI <- 0b1, mip.STI <- 0b0)
mem[X,0x000000008000134C] -> 0x3823
mem[X,0x000000008000134E] -> 0x0083
[604] [M]: 0x000000008000134C (0x00833823) sd x8, 0x10(x6)                          sv_Mepc+0
mem[W,0x0000000080006248] <- 0x0006000080000B8D

mem[X,0x0000000080001350] -> 0x55B7
mem[X,0x0000000080001352] -> 0x0000
[605] [M]: 0x0000000080001350 (0x000055B7) lui x11, 0x5                             sv_Mepc+4
x11 <- 0x0000000000005000

clint mtime 0x000000000000012F (mip.MTI <- 0b1, mip.STI <- 0b0)
mem[X,0x0000000080001354] -> 0x8593
mem[X,0x0000000080001356] -> 0x6675
[606] [M]: 0x0000000080001354 (0x66758593) addi x11, x11, 0x667                     sv_Mepc+8
x11 <- 0x0000000000005667

mem[X,0x0000000080001358] -> 0x9593
mem[X,0x000000008000135A] -> 0x0015
[607] [M]: 0x0000000080001358 (0x00159593) slli x11, x11, 0x1                       sv_Mepc+12
x11 <- 0x000000000000ACCE

clint mtime 0x0000000000000130 (mip.MTI <- 0b1, mip.STI <- 0b0)
mem[X,0x000000008000135C] -> 0x9063
mem[X,0x000000008000135E] -> 0x02B1
[608] [M]: 0x000000008000135C (0x02B19063) bne x3, x11, 0x20                        sv_Mepc+16

mem[X,0x000000008000137C] -> 0xF593
mem[X,0x000000008000137E] -> 0xFFC3
[609] [M]: 0x000000008000137C (0xFFC3F593) andi x11, x7, -0x4                       adj_Mepc_rtn+0
x11 <- 0x0006000080000B8C

clint mtime 0x0000000000000131 (mip.MTI <- 0b1, mip.STI <- 0b0)
mem[X,0x0000000080001380] -> 0x8593
mem[X,0x0000000080001382] -> 0x0085
[610] [M]: 0x0000000080001380 (0x00858593) addi x11, x11, 0x8                       adj_Mepc_rtn+4
x11 <- 0x0006000080000B94

mem[X,0x0000000080001384] -> 0x9073
mem[X,0x0000000080001386] -> 0x3415
[611] [M]: 0x0000000080001384 (0x34159073) csrrw x0, mepc, x11                      adj_Mepc_rtn+8
CSR mepc (0x341) <- 0x0006000080000B94

clint mtime 0x0000000000000132 (mip.MTI <- 0b1, mip.STI <- 0b0)
mem[X,0x0000000080001388] -> 0x23F3
mem[X,0x000000008000138A] -> 0x3430
[612] [M]: 0x0000000080001388 (0x343023F3) csrrs x7, mtval, x0                      skp_adj_Mepc+0
CSR mtval (0x343) -> 0x0005000080000414
x7 <- 0x0005000080000414

mem[X,0x000000008000138C] -> 0x0413
mem[X,0x000000008000138E] -> 0x0004
[613] [M]: 0x000000008000138C (0x00040413) addi x8, x8, 0x0                         skp_adj_Mepc+4
x8 <- 0x0006000080000B8D

clint mtime 0x0000000000000133 (mip.MTI <- 0b1, mip.STI <- 0b0)
mem[X,0x0000000080001390] -> 0x006F
mem[X,0x0000000080001392] -> 0x0840
[614] [M]: 0x0000000080001390 (0x0840006F) jal x0, 0x84                             skp_adj_Mepc+8

mem[X,0x0000000080001414] -> 0x8433
mem[X,0x0000000080001416] -> 0x4083
[615] [M]: 0x0000000080001414 (0x40838433) sub x8, x7, x8                           adj_Mtval+0
x8 <- 0xFFFEFFFFFFFFF887

clint mtime 0x0000000000000134 (mip.MTI <- 0b1, mip.STI <- 0b0)
mem[X,0x0000000080001418] -> 0x3C23
mem[X,0x000000008000141A] -> 0x0083
[616] [M]: 0x0000000080001418 (0x00833C23) sd x8, 0x18(x6)                          sv_Mtval+0
mem[W,0x0000000080006250] <- 0xFFFEFFFFFFFFF887

mem[X,0x000000008000141C] -> 0x3483
mem[X,0x000000008000141E] -> 0x2181
[617] [M]: 0x000000008000141C (0x21813483) ld x9, 0x218(x2)                         skp_Mtval+0
mem[R,0x0000000080004218] -> 0x0000000080006258
x9 <- 0x0000000080006258

clint mtime 0x0000000000000135 (mip.MTI <- 0b1, mip.STI <- 0b0)
mem[X,0x0000000080001420] -> 0x3383
mem[X,0x0000000080001422] -> 0x1F81
[618] [M]: 0x0000000080001420 (0x1F813383) ld x7, 0x1f8(x2)                         skp_Mtval+4
mem[R,0x00000000800041F8] -> 0x0000000080006110
x7 <- 0x0000000080006110

mem[X,0x0000000080001424] -> 0x3303
mem[X,0x0000000080001426] -> 0x2001
[619] [M]: 0x0000000080001424 (0x20013303) ld x6, 0x200(x2)                         skp_Mtval+8
mem[R,0x0000000080004200] -> 0x0000000000000310
x6 <- 0x0000000000000310

clint mtime 0x0000000000000136 (mip.MTI <- 0b1, mip.STI <- 0b0)
mem[X,0x0000000080001428] -> 0x0333
mem[X,0x000000008000142A] -> 0x0073
[620] [M]: 0x0000000080001428 (0x00730333) add x6, x6, x7                           skp_Mtval+12
x6 <- 0x0000000080006420

mem[X,0x000000008000142C] -> 0x6AE3
mem[X,0x000000008000142E] -> 0xAE93
[621] [M]: 0x000000008000142C (0xAE936AE3) bltu x6, x9, -0x50c                      skp_Mtval+16

clint mtime 0x0000000000000137 (mip.MTI <- 0b1, mip.STI <- 0b0)
mem[X,0x0000000080001430] -> 0x0393
mem[X,0x0000000080001432] -> 0x2000
[622] [M]: 0x0000000080001430 (0x20000393) addi x7, x0, 0x200                       skp_Mtval+20
x7 <- 0x0000000000000200

mem[X,0x0000000080001434] -> 0x006F
mem[X,0x0000000080001436] -> 0x0400
[623] [M]: 0x0000000080001434 (0x0400006F) jal x0, 0x40                             skp_Mtval+24

clint mtime 0x0000000000000138 (mip.MTI <- 0b1, mip.STI <- 0b0)
mem[X,0x0000000080001474] -> 0x0417
mem[X,0x0000000080001476] -> 0x0000
[624] [M]: 0x0000000080001474 (0x00000417) auipc x8, 0x0                            spcl_Mhandler+0
x8 <- 0x0000000080001474

mem[X,0x0000000080001478] -> 0x0413
mem[X,0x000000008000147A] -> 0x03C4
[625] [M]: 0x0000000080001478 (0x03C40413) addi x8, x8, 0x3c                        spcl_Mhandler+4
x8 <- 0x00000000800014B0

clint mtime 0x0000000000000139 (mip.MTI <- 0b1, mip.STI <- 0b0)
mem[X,0x000000008000147C] -> 0x0433
mem[X,0x000000008000147E] -> 0x0074
[626] [M]: 0x000000008000147C (0x00740433) add x8, x8, x7                           spcl_Mhandler+8
x8 <- 0x00000000800016B0

mem[X,0x0000000080001480] -> 0x1393
mem[X,0x0000000080001482] -> 0x0035
[627] [M]: 0x0000000080001480 (0x00351393) slli x7, x10, 0x3                        spcl_Mhandler+12
x7 <- 0x0000000000000078

clint mtime 0x000000000000013A (mip.MTI <- 0b1, mip.STI <- 0b0)
mem[X,0x0000000080001484] -> 0x0433
mem[X,0x0000000080001486] -> 0x0074
[628] [M]: 0x0000000080001484 (0x00740433) add x8, x8, x7                           spcl_Mhandler+16
x8 <- 0x0000000080001728

mem[X,0x0000000080001488] -> 0x7413
mem[X,0x000000008000148A] -> 0xFF84
[629] [M]: 0x0000000080001488 (0xFF847413) andi x8, x8, -0x8                        spcl_Mhandler+20
x8 <- 0x0000000080001728

clint mtime 0x000000000000013B (mip.MTI <- 0b1, mip.STI <- 0b0)
mem[X,0x000000008000148C] -> 0x3403
mem[X,0x000000008000148E] -> 0x0004
[630] [M]: 0x000000008000148C (0x00043403) ld x8, 0x0(x8)                           spcl_Mhandler+24
mem[R,0x0000000080001728] -> 0x000000000000001F
x8 <- 0x000000000000001F

mem[X,0x0000000080001490] -> 0x02E3
mem[X,0x0000000080001492] -> 0xB204
[631] [M]: 0x0000000080001490 (0xB20402E3) beq x8, x0, -0x4dc                       spcl_Mdispatch_hndling+0

clint mtime 0x000000000000013C (mip.MTI <- 0b1, mip.STI <- 0b0)
mem[X,0x0000000080001494] -> 0x1393
mem[X,0x0000000080001496] -> 0x03F4
[632] [M]: 0x0000000080001494 (0x03F41393) slli x7, x8, 0x3f                        spcl_Mdispatch_hndling+4
x7 <- 0x8000000000000000

mem[X,0x0000000080001498] -> 0xD863
mem[X,0x000000008000149A] -> 0x0003
[633] [M]: 0x0000000080001498 (0x0003D863) bge x7, x0, 0x10                         spcl_Mdispatch_hndling+8

clint mtime 0x000000000000013D (mip.MTI <- 0b1, mip.STI <- 0b0)
mem[X,0x000000008000149C] -> 0x5413
mem[X,0x000000008000149E] -> 0x0014
[634] [M]: 0x000000008000149C (0x00145413) srli x8, x8, 0x1                         spcl_Mdispatch_hndling+12
x8 <- 0x000000000000000F

mem[X,0x00000000800014A0] -> 0x0CE3
mem[X,0x00000000800014A2] -> 0xF885
[635] [M]: 0x00000000800014A0 (0xF8850CE3) beq x10, x8, -0x68                       spcl_Mdispatch_hndling+16

clint mtime 0x000000000000013E (mip.MTI <- 0b1, mip.STI <- 0b0)
mem[X,0x0000000080001438] -> 0x3303
mem[X,0x000000008000143A] -> 0x2601
[636] [M]: 0x0000000080001438 (0x26013303) ld x6, 0x260(x2)                         resto_Mrtn+0
mem[R,0x0000000080004260] -> 0x0006000000000008
x6 <- 0x0006000000000008

mem[X,0x000000008000143C] -> 0x3383
mem[X,0x000000008000143E] -> 0x2681
[637] [M]: 0x000000008000143C (0x26813383) ld x7, 0x268(x2)                         resto_Mrtn+4
mem[R,0x0000000080004268] -> 0x0000000080004000
x7 <- 0x0000000080004000

clint mtime 0x000000000000013F (mip.MTI <- 0b1, mip.STI <- 0b0)
mem[X,0x0000000080001440] -> 0x3403
mem[X,0x0000000080001442] -> 0x2701
[638] [M]: 0x0000000080001440 (0x27013403) ld x8, 0x270(x2)                         resto_Mrtn+8
mem[R,0x0000000080004270] -> 0x0000000000007F76
x8 <- 0x0000000000007F76

mem[X,0x0000000080001444] -> 0x3483
mem[X,0x0000000080001446] -> 0x2781
[639] [M]: 0x0000000080001444 (0x27813483) ld x9, 0x278(x2)                         resto_Mrtn+12
mem[R,0x0000000080004278] -> 0x000C000080000B64
x9 <- 0x000C000080000B64

clint mtime 0x0000000000000140 (mip.MTI <- 0b1, mip.STI <- 0b0)
mem[X,0x0000000080001448] -> 0x3503
mem[X,0x000000008000144A] -> 0x2801
[640] [M]: 0x0000000080001448 (0x28013503) ld x10, 0x280(x2)                        resto_Mrtn+16
mem[R,0x0000000080004280] -> 0x20000000000000CF
x10 <- 0x20000000000000CF

mem[X,0x000000008000144C] -> 0x3583
mem[X,0x000000008000144E] -> 0x2881
[641] [M]: 0x000000008000144C (0x28813583) ld x11, 0x288(x2)                        resto_Mrtn+20
mem[R,0x0000000080004288] -> 0x20000000000000CF
x11 <- 0x20000000000000CF

clint mtime 0x0000000000000141 (mip.MTI <- 0b1, mip.STI <- 0b0)
mem[X,0x0000000080001450] -> 0x3103
mem[X,0x0000000080001452] -> 0x2901
[642] [M]: 0x0000000080001450 (0x29013103) ld x2, 0x290(x2)                         resto_Mrtn+24
mem[R,0x0000000080004290] -> 0x0000000080004000
x2 <- 0x0000000080004000

mem[X,0x0000000080001454] -> 0x0073
mem[X,0x0000000080001456] -> 0x3020
[643] [M]: 0x0000000080001454 (0x30200073) mret                                     resto_Mrtn+28
CSR mstatus (0x300) <- 0x0000000A00000080
ret-ing from M to S

clint mtime 0x0000000000000142 (mip.MTI <- 0b1, mip.STI <- 0b0)
mem[X,0x0000000080000B94] -> 0xA703
mem[X,0x0000000080000B96] -> 0x0147
[644] [S]: 0x0006000080000B94 (0x0147A703) lw x14, 0x14(x15)                        va_rvtest_code_begin+984
PTW: Start, vpn=0x5000080000, access_type=R, privilege=Smem[R,0x0000000080005028] -> 0x20000000000000CF
PTW: Step, level=4, pte=0x20000000000000CF, pte_addr=0x80005028
PTW: failed, error=invalid-pte, level=4, pte_addr=0x80005028
trapping from S to M to handle load-page-fault
handling exc#load-page-fault at priv M with tval 0x0005000080000414
CSR mstatus (0x300) <- 0x0000000A00000800
CSR mcause (0x342) <- 0x000000000000000D
CSR mtval (0x343) <- 0x0005000080000414
CSR mepc (0x341) <- 0x0006000080000B94

mem[X,0x0000000080001000] -> 0x006F
mem[X,0x0000000080001002] -> 0x1000
[645] [M]: 0x0000000080001000 (0x1000006F) jal x0, 0x100                            Mtrampoline+0

clint mtime 0x0000000000000143 (mip.MTI <- 0b1, mip.STI <- 0b0)
mem[X,0x0000000080001100] -> 0x1173
mem[X,0x0000000080001102] -> 0x3401
[646] [M]: 0x0000000080001100 (0x34011173) csrrw x2, mscratch, x2                   trap_Mhandler+0
CSR mscratch (0x340) <- 0x0000000080004000
x2 <- 0x0000000080004000

mem[X,0x0000000080001104] -> 0x3423
mem[X,0x0000000080001106] -> 0x28B1
[647] [M]: 0x0000000080001104 (0x28B13423) sd x11, 0x288(x2)                        trap_Mhandler+4
mem[W,0x0000000080004288] <- 0x20000000000000CF

clint mtime 0x0000000000000144 (mip.MTI <- 0b1, mip.STI <- 0b0)
mem[X,0x0000000080001108] -> 0x05EF
mem[X,0x000000008000110A] -> 0x0B80
[648] [M]: 0x0000000080001108 (0x0B8005EF) jal x11, 0xb8                            trap_Mhandler+8
x11 <- 0x000000008000110C

mem[X,0x00000000800011C0] -> 0x3023
mem[X,0x00000000800011C2] -> 0x28A1
[649] [M]: 0x00000000800011C0 (0x28A13023) sd x10, 0x280(x2)                        common_Mhandler+0
mem[W,0x0000000080004280] <- 0x20000000000000CF

clint mtime 0x0000000000000145 (mip.MTI <- 0b1, mip.STI <- 0b0)
mem[X,0x00000000800011C4] -> 0x1573
mem[X,0x00000000800011C6] -> 0x3401
[650] [M]: 0x00000000800011C4 (0x34011573) csrrw x10, mscratch, x2                  common_Mhandler+4
CSR mscratch (0x340) <- 0x0000000080004000
x10 <- 0x0000000080004000

mem[X,0x00000000800011C8] -> 0x3823
mem[X,0x00000000800011CA] -> 0x28A1
[651] [M]: 0x00000000800011C8 (0x28A13823) sd x10, 0x290(x2)                        common_Mhandler+8
mem[W,0x0000000080004290] <- 0x0000000080004000

clint mtime 0x0000000000000146 (mip.MTI <- 0b1, mip.STI <- 0b0)
mem[X,0x00000000800011CC] -> 0x3503
mem[X,0x00000000800011CE] -> 0x2301
[652] [M]: 0x00000000800011CC (0x23013503) ld x10, 0x230(x2)                        common_Mhandler+12
mem[R,0x0000000080004230] -> 0x00000000800011D4
x10 <- 0x00000000800011D4

mem[X,0x00000000800011D0] -> 0x0067
mem[X,0x00000000800011D2] -> 0x0005
[653] [M]: 0x00000000800011D0 (0x00050067) jalr x0, 0x0(x10)                        common_Mhandler+16

clint mtime 0x0000000000000147 (mip.MTI <- 0b1, mip.STI <- 0b0)
mem[X,0x00000000800011D4] -> 0x3C23
mem[X,0x00000000800011D6] -> 0x2691
[654] [M]: 0x00000000800011D4 (0x26913C23) sd x9, 0x278(x2)                         common_Mentry+0
mem[W,0x0000000080004278] <- 0x000C000080000B64

mem[X,0x00000000800011D8] -> 0x3823
mem[X,0x00000000800011DA] -> 0x2681
[655] [M]: 0x00000000800011D8 (0x26813823) sd x8, 0x270(x2)                         common_Mentry+4
mem[W,0x0000000080004270] <- 0x0000000000007F76

clint mtime 0x0000000000000148 (mip.MTI <- 0b1, mip.STI <- 0b0)
mem[X,0x00000000800011DC] -> 0x3423
mem[X,0x00000000800011DE] -> 0x2671
[656] [M]: 0x00000000800011DC (0x26713423) sd x7, 0x268(x2)                         common_Mentry+8
mem[W,0x0000000080004268] <- 0x0000000080004000

mem[X,0x00000000800011E0] -> 0x3023
mem[X,0x00000000800011E2] -> 0x2661
[657] [M]: 0x00000000800011E0 (0x26613023) sd x6, 0x260(x2)                         common_Mentry+12
mem[W,0x0000000080004260] <- 0x0006000000000008

clint mtime 0x0000000000000149 (mip.MTI <- 0b1, mip.STI <- 0b0)
mem[X,0x00000000800011E4] -> 0x2573
mem[X,0x00000000800011E6] -> 0x3420
[658] [M]: 0x00000000800011E4 (0x34202573) csrrs x10, mcause, x0                    spcl_M2mmode_test+0
CSR mcause (0x342) -> 0x000000000000000D
x10 <- 0x000000000000000D

mem[X,0x00000000800011E8] -> 0x04B7
mem[X,0x00000000800011EA] -> 0x8000
[659] [M]: 0x00000000800011E8 (0x800004B7) lui x9, -0x80000                         spcl_M2mmode_test+4
x9 <- 0xFFFFFFFF80000000

clint mtime 0x000000000000014A (mip.MTI <- 0b1, mip.STI <- 0b0)
mem[X,0x00000000800011EC] -> 0x8493
mem[X,0x00000000800011EE] -> 0x0004
[660] [M]: 0x00000000800011EC (0x00048493) addi x9, x9, 0x0                         spcl_M2mmode_test+8
x9 <- 0xFFFFFFFF80000000

mem[X,0x00000000800011F0] -> 0x9493
mem[X,0x00000000800011F2] -> 0x00B4
[661] [M]: 0x00000000800011F0 (0x00B49493) slli x9, x9, 0xb                         spcl_M2mmode_test+12
x9 <- 0xFFFFFC0000000000

clint mtime 0x000000000000014B (mip.MTI <- 0b1, mip.STI <- 0b0)
mem[X,0x00000000800011F4] -> 0x8493
mem[X,0x00000000800011F6] -> 0x0004
[662] [M]: 0x00000000800011F4 (0x00048493) addi x9, x9, 0x0                         spcl_M2mmode_test+16
x9 <- 0xFFFFFC0000000000

mem[X,0x00000000800011F8] -> 0x9493
mem[X,0x00000000800011FA] -> 0x00B4
[663] [M]: 0x00000000800011F8 (0x00B49493) slli x9, x9, 0xb                         spcl_M2mmode_test+20
x9 <- 0xFFE0000000000000

clint mtime 0x000000000000014C (mip.MTI <- 0b1, mip.STI <- 0b0)
mem[X,0x00000000800011FC] -> 0x8493
mem[X,0x00000000800011FE] -> 0x0034
[664] [M]: 0x00000000800011FC (0x00348493) addi x9, x9, 0x3                         spcl_M2mmode_test+24
x9 <- 0xFFE0000000000003

mem[X,0x0000000080001200] -> 0x9493
mem[X,0x0000000080001202] -> 0x00A4
[665] [M]: 0x0000000080001200 (0x00A49493) slli x9, x9, 0xa                         spcl_M2mmode_test+28
x9 <- 0x8000000000000C00

clint mtime 0x000000000000014D (mip.MTI <- 0b1, mip.STI <- 0b0)
mem[X,0x0000000080001204] -> 0x8493
mem[X,0x0000000080001206] -> 0x3FC4
[666] [M]: 0x0000000080001204 (0x3FC48493) addi x9, x9, 0x3fc                       spcl_M2mmode_test+32
x9 <- 0x8000000000000FFC

mem[X,0x0000000080001208] -> 0xF4B3
mem[X,0x000000008000120A] -> 0x00A4
[667] [M]: 0x0000000080001208 (0x00A4F4B3) and x9, x9, x10                          spcl_M2mmode_test+36
x9 <- 0x000000000000000C

clint mtime 0x000000000000014E (mip.MTI <- 0b1, mip.STI <- 0b0)
mem[X,0x000000008000120C] -> 0x8493
mem[X,0x000000008000120E] -> 0xFF84
[668] [M]: 0x000000008000120C (0xFF848493) addi x9, x9, -0x8                        spcl_M2mmode_test+40
x9 <- 0x0000000000000004

mem[X,0x0000000080001210] -> 0x9663
mem[X,0x0000000080001212] -> 0x0004
[669] [M]: 0x0000000080001210 (0x00049663) bne x9, x0, 0xc                          spcl_M2mmode_test+44

clint mtime 0x000000000000014F (mip.MTI <- 0b1, mip.STI <- 0b0)
mem[X,0x000000008000121C] -> 0x0393
mem[X,0x000000008000121E] -> 0x0200
[670] [M]: 0x000000008000121C (0x02000393) addi x7, x0, 0x20                        Mtrapsig_ptr_upd+0
x7 <- 0x0000000000000020

mem[X,0x0000000080001220] -> 0x5263
mem[X,0x0000000080001222] -> 0x0405
[671] [M]: 0x0000000080001220 (0x04055263) bge x10, x0, 0x44                        Mtrapsig_ptr_upd+4

clint mtime 0x0000000000000150 (mip.MTI <- 0b1, mip.STI <- 0b0)
mem[X,0x0000000080001264] -> 0x2373
mem[X,0x0000000080001266] -> 0x3010
[672] [M]: 0x0000000080001264 (0x30102373) csrrs x6, misa, x0                       Mxcpt_sig_sv+0
CSR misa (0x301) -> 0x800000000034112F
x6 <- 0x800000000034112F

mem[X,0x0000000080001268] -> 0x1313
mem[X,0x000000008000126A] -> 0x0383
[673] [M]: 0x0000000080001268 (0x03831313) slli x6, x6, 0x38                        Mxcpt_sig_sv+4
x6 <- 0x2F00000000000000

clint mtime 0x0000000000000151 (mip.MTI <- 0b1, mip.STI <- 0b0)
mem[X,0x000000008000126C] -> 0x5463
mem[X,0x000000008000126E] -> 0x0003
[674] [M]: 0x000000008000126C (0x00035463) bge x6, x0, 0x8                          Mxcpt_sig_sv+8

mem[X,0x0000000080001274] -> 0x3303
mem[X,0x0000000080001276] -> 0x2181
[675] [M]: 0x0000000080001274 (0x21813303) ld x6, 0x218(x2)                         Mtrap_sig_sv+0
mem[R,0x0000000080004218] -> 0x0000000080006258
x6 <- 0x0000000080006258

clint mtime 0x0000000000000152 (mip.MTI <- 0b1, mip.STI <- 0b0)
mem[X,0x0000000080001278] -> 0x04B3
mem[X,0x000000008000127A] -> 0x0073
[676] [M]: 0x0000000080001278 (0x007304B3) add x9, x6, x7                           Mtrap_sig_sv+4
x9 <- 0x0000000080006278

mem[X,0x000000008000127C] -> 0x3C23
mem[X,0x000000008000127E] -> 0x2091
[677] [M]: 0x000000008000127C (0x20913C23) sd x9, 0x218(x2)                         Mtrap_sig_sv+8
mem[W,0x0000000080004218] <- 0x0000000080006278

clint mtime 0x0000000000000153 (mip.MTI <- 0b1, mip.STI <- 0b0)
mem[X,0x0000000080001280] -> 0x3403
mem[X,0x0000000080001282] -> 0x1F81
[678] [M]: 0x0000000080001280 (0x1F813403) ld x8, 0x1f8(x2)                         Mtrap_sig_sv+12
mem[R,0x00000000800041F8] -> 0x0000000080006110
x8 <- 0x0000000080006110

mem[X,0x0000000080001284] -> 0x0333
mem[X,0x0000000080001286] -> 0x4083
[679] [M]: 0x0000000080001284 (0x40830333) sub x6, x6, x8                           Mtrap_sig_sv+16
x6 <- 0x0000000000000148

clint mtime 0x0000000000000154 (mip.MTI <- 0b1, mip.STI <- 0b0)
mem[X,0x0000000080001288] -> 0x3403
mem[X,0x000000008000128A] -> 0x1F81
[680] [M]: 0x0000000080001288 (0x1F813403) ld x8, 0x1f8(x2)                         Mtrap_sig_sv+20
mem[R,0x00000000800041F8] -> 0x0000000080006110
x8 <- 0x0000000080006110

mem[X,0x000000008000128C] -> 0x0333
mem[X,0x000000008000128E] -> 0x0083
[681] [M]: 0x000000008000128C (0x00830333) add x6, x6, x8                           Mtrap_sig_sv+24
x6 <- 0x0000000080006258

clint mtime 0x0000000000000155 (mip.MTI <- 0b1, mip.STI <- 0b0)
mem[X,0x0000000080001290] -> 0x3403
mem[X,0x0000000080001292] -> 0x2401
[682] [M]: 0x0000000080001290 (0x24013403) ld x8, 0x240(x2)                         Mtrap_sig_sv+28
mem[R,0x0000000080004240] -> 0x0000000080001000
x8 <- 0x0000000080001000

mem[X,0x0000000080001294] -> 0x85B3
mem[X,0x0000000080001296] -> 0x4085
[683] [M]: 0x0000000080001294 (0x408585B3) sub x11, x11, x8                         sv_Mvect+0
x11 <- 0x000000000000010C

clint mtime 0x0000000000000156 (mip.MTI <- 0b1, mip.STI <- 0b0)
mem[X,0x0000000080001298] -> 0x9593
mem[X,0x000000008000129A] -> 0x0045
[684] [M]: 0x0000000080001298 (0x00459593) slli x11, x11, 0x4                       sv_Mvect+4
x11 <- 0x00000000000010C0

mem[X,0x000000008000129C] -> 0xE5B3
mem[X,0x000000008000129E] -> 0x0075
[685] [M]: 0x000000008000129C (0x0075E5B3) or x11, x11, x7                          sv_Mvect+8
x11 <- 0x00000000000010E0

clint mtime 0x0000000000000157 (mip.MTI <- 0b1, mip.STI <- 0b0)
mem[X,0x00000000800012A0] -> 0x8593
mem[X,0x00000000800012A2] -> 0x0035
[686] [M]: 0x00000000800012A0 (0x00358593) addi x11, x11, 0x3                       sv_Mvect+12
x11 <- 0x00000000000010E3

mem[X,0x00000000800012A4] -> 0x3023
mem[X,0x00000000800012A6] -> 0x00B3
[687] [M]: 0x00000000800012A4 (0x00B33023) sd x11, 0x0(x6)                          sv_Mvect+16
mem[W,0x0000000080006258] <- 0x00000000000010E3

clint mtime 0x0000000000000158 (mip.MTI <- 0b1, mip.STI <- 0b0)
mem[X,0x00000000800012A8] -> 0x3423
mem[X,0x00000000800012AA] -> 0x00A3
[688] [M]: 0x00000000800012A8 (0x00A33423) sd x10, 0x8(x6)                          sv_Mcause+0
mem[W,0x0000000080006260] <- 0x000000000000000D

mem[X,0x00000000800012AC] -> 0x4663
mem[X,0x00000000800012AE] -> 0x1A05
[689] [M]: 0x00000000800012AC (0x1A054663) blt x10, x0, 0x1ac                       sv_Mcause+4

clint mtime 0x0000000000000159 (mip.MTI <- 0b1, mip.STI <- 0b0)
mem[X,0x00000000800012B0] -> 0x25F3
mem[X,0x00000000800012B2] -> 0x3000
[690] [M]: 0x00000000800012B0 (0x300025F3) csrrs x11, mstatus, x0                   common_Mexcpt_handler+0
CSR mstatus (0x300) -> 0x0000000A00000800
x11 <- 0x0000000A00000800

mem[X,0x00000000800012B4] -> 0x9413
mem[X,0x00000000800012B6] -> 0x02E5
[691] [M]: 0x00000000800012B4 (0x02E59413) slli x8, x11, 0x2e                       common_Mexcpt_handler+4
x8 <- 0x0200000000000000

clint mtime 0x000000000000015A (mip.MTI <- 0b1, mip.STI <- 0b0)
mem[X,0x00000000800012B8] -> 0x5463
mem[X,0x00000000800012BA] -> 0x0004
[692] [M]: 0x00000000800012B8 (0x00045463) bge x8, x0, 0x8                          common_Mexcpt_handler+8

mem[X,0x00000000800012C0] -> 0xD493
mem[X,0x00000000800012C2] -> 0x00B5
[693] [M]: 0x00000000800012C0 (0x00B5D493) srli x9, x11, 0xb                        common_Mexcpt_handler+16
x9 <- 0x0000000001400001

clint mtime 0x000000000000015B (mip.MTI <- 0b1, mip.STI <- 0b0)
mem[X,0x00000000800012C4] -> 0xF493
mem[X,0x00000000800012C6] -> 0x0034
[694] [M]: 0x00000000800012C4 (0x0034F493) andi x9, x9, 0x3                         common_Mexcpt_handler+20
x9 <- 0x0000000000000001

mem[X,0x00000000800012C8] -> 0x8493
mem[X,0x00000000800012CA] -> 0x0014
[695] [M]: 0x00000000800012C8 (0x00148493) addi x9, x9, 0x1                         common_Mexcpt_handler+24
x9 <- 0x0000000000000002

clint mtime 0x000000000000015C (mip.MTI <- 0b1, mip.STI <- 0b0)
mem[X,0x00000000800012CC] -> 0xF493
mem[X,0x00000000800012CE] -> 0x0044
[696] [M]: 0x00000000800012CC (0x0044F493) andi x9, x9, 0x4                         common_Mexcpt_handler+28
x9 <- 0x0000000000000000

mem[X,0x00000000800012D0] -> 0x0593
mem[X,0x00000000800012D2] -> 0x05D0
[697] [M]: 0x00000000800012D0 (0x05D00593) addi x11, x0, 0x5d                       common_Mexcpt_handler+32
x11 <- 0x000000000000005D

clint mtime 0x000000000000015D (mip.MTI <- 0b1, mip.STI <- 0b0)
mem[X,0x00000000800012D4] -> 0xD5B3
mem[X,0x00000000800012D6] -> 0x0095
[698] [M]: 0x00000000800012D4 (0x0095D5B3) srl x11, x11, x9                         common_Mexcpt_handler+36
x11 <- 0x000000000000005D

mem[X,0x00000000800012D8] -> 0xF593
mem[X,0x00000000800012DA] -> 0x0015
[699] [M]: 0x00000000800012D8 (0x0015F593) andi x11, x11, 0x1                       common_Mexcpt_handler+40
x11 <- 0x0000000000000001

clint mtime 0x000000000000015E (mip.MTI <- 0b1, mip.STI <- 0b0)
mem[X,0x00000000800012DC] -> 0x8EE3
mem[X,0x00000000800012DE] -> 0xF405
[700] [M]: 0x00000000800012DC (0xF4058EE3) beq x11, x0, -0xa4                       common_Mexcpt_handler+44

mem[X,0x00000000800012E0] -> 0x0593
mem[X,0x00000000800012E2] -> 0x2980
[701] [M]: 0x00000000800012E0 (0x29800593) addi x11, x0, 0x298                      common_Mexcpt_handler+48
x11 <- 0x0000000000000298

clint mtime 0x000000000000015F (mip.MTI <- 0b1, mip.STI <- 0b0)
mem[X,0x00000000800012E4] -> 0xF413
mem[X,0x00000000800012E6] -> 0x0014
[702] [M]: 0x00000000800012E4 (0x0014F413) andi x8, x9, 0x1                         common_Mexcpt_handler+52
x8 <- 0x0000000000000000

mem[X,0x00000000800012E8] -> 0x95B3
mem[X,0x00000000800012EA] -> 0x0085
[703] [M]: 0x00000000800012E8 (0x008595B3) sll x11, x11, x8                         common_Mexcpt_handler+56
x11 <- 0x0000000000000298

clint mtime 0x0000000000000160 (mip.MTI <- 0b1, mip.STI <- 0b0)
mem[X,0x00000000800012EC] -> 0x9413
mem[X,0x00000000800012EE] -> 0x03D4
[704] [M]: 0x00000000800012EC (0x03D49413) slli x8, x9, 0x3d                        common_Mexcpt_handler+60
x8 <- 0x0000000000000000

mem[X,0x00000000800012F0] -> 0x5413
mem[X,0x00000000800012F2] -> 0x43F4
[705] [M]: 0x00000000800012F0 (0x43F45413) srai x8, x8, 0x3f                        common_Mexcpt_handler+64
x8 <- 0x0000000000000000

clint mtime 0x0000000000000161 (mip.MTI <- 0b1, mip.STI <- 0b0)
mem[X,0x00000000800012F4] -> 0x4413
mem[X,0x00000000800012F6] -> 0xFFF4
[706] [M]: 0x00000000800012F4 (0xFFF44413) xori x8, x8, -0x1                        common_Mexcpt_handler+68
x8 <- 0xFFFFFFFFFFFFFFFF

mem[X,0x00000000800012F8] -> 0xF4B3
mem[X,0x00000000800012FA] -> 0x0085
[707] [M]: 0x00000000800012F8 (0x0085F4B3) and x9, x11, x8                          common_Mexcpt_handler+72
x9 <- 0x0000000000000298

clint mtime 0x0000000000000162 (mip.MTI <- 0b1, mip.STI <- 0b0)
mem[X,0x00000000800012FC] -> 0x84B3
mem[X,0x00000000800012FE] -> 0x0024
[708] [M]: 0x00000000800012FC (0x002484B3) add x9, x9, x2                           vmem_adj_Mepc+0
x9 <- 0x0000000080004298

mem[X,0x0000000080001300] -> 0x23F3
mem[X,0x0000000080001302] -> 0x3410
[709] [M]: 0x0000000080001300 (0x341023F3) csrrs x7, mepc, x0                       vmem_adj_Mepc+4
CSR mepc (0x341) -> 0x0006000080000B94
x7 <- 0x0006000080000B94

clint mtime 0x0000000000000163 (mip.MTI <- 0b1, mip.STI <- 0b0)
mem[X,0x0000000080001304] -> 0x0413
mem[X,0x0000000080001306] -> 0x0004
[710] [M]: 0x0000000080001304 (0x00040413) addi x8, x8, 0x0                         vmem_adj_Mepc+8
x8 <- 0xFFFFFFFFFFFFFFFF

mem[X,0x0000000080001308] -> 0x006F
mem[X,0x000000008000130A] -> 0x0400
[711] [M]: 0x0000000080001308 (0x0400006F) jal x0, 0x40                             vmem_adj_Mepc+12

clint mtime 0x0000000000000164 (mip.MTI <- 0b1, mip.STI <- 0b0)
mem[X,0x0000000080001348] -> 0x8433
mem[X,0x000000008000134A] -> 0x4083
[712] [M]: 0x0000000080001348 (0x40838433) sub x8, x7, x8                           adj_Mepc+0
x8 <- 0x0006000080000B95

mem[X,0x000000008000134C] -> 0x3823
mem[X,0x000000008000134E] -> 0x0083
[713] [M]: 0x000000008000134C (0x00833823) sd x8, 0x10(x6)                          sv_Mepc+0
mem[W,0x0000000080006268] <- 0x0006000080000B95

clint mtime 0x0000000000000165 (mip.MTI <- 0b1, mip.STI <- 0b0)
mem[X,0x0000000080001350] -> 0x55B7
mem[X,0x0000000080001352] -> 0x0000
[714] [M]: 0x0000000080001350 (0x000055B7) lui x11, 0x5                             sv_Mepc+4
x11 <- 0x0000000000005000

mem[X,0x0000000080001354] -> 0x8593
mem[X,0x0000000080001356] -> 0x6675
[715] [M]: 0x0000000080001354 (0x66758593) addi x11, x11, 0x667                     sv_Mepc+8
x11 <- 0x0000000000005667

clint mtime 0x0000000000000166 (mip.MTI <- 0b1, mip.STI <- 0b0)
mem[X,0x0000000080001358] -> 0x9593
mem[X,0x000000008000135A] -> 0x0015
[716] [M]: 0x0000000080001358 (0x00159593) slli x11, x11, 0x1                       sv_Mepc+12
x11 <- 0x000000000000ACCE

mem[X,0x000000008000135C] -> 0x9063
mem[X,0x000000008000135E] -> 0x02B1
[717] [M]: 0x000000008000135C (0x02B19063) bne x3, x11, 0x20                        sv_Mepc+16

clint mtime 0x0000000000000167 (mip.MTI <- 0b1, mip.STI <- 0b0)
mem[X,0x000000008000137C] -> 0xF593
mem[X,0x000000008000137E] -> 0xFFC3
[718] [M]: 0x000000008000137C (0xFFC3F593) andi x11, x7, -0x4                       adj_Mepc_rtn+0
x11 <- 0x0006000080000B94

mem[X,0x0000000080001380] -> 0x8593
mem[X,0x0000000080001382] -> 0x0085
[719] [M]: 0x0000000080001380 (0x00858593) addi x11, x11, 0x8                       adj_Mepc_rtn+4
x11 <- 0x0006000080000B9C

clint mtime 0x0000000000000168 (mip.MTI <- 0b1, mip.STI <- 0b0)
mem[X,0x0000000080001384] -> 0x9073
mem[X,0x0000000080001386] -> 0x3415
[720] [M]: 0x0000000080001384 (0x34159073) csrrw x0, mepc, x11                      adj_Mepc_rtn+8
CSR mepc (0x341) <- 0x0006000080000B9C

mem[X,0x0000000080001388] -> 0x23F3
mem[X,0x000000008000138A] -> 0x3430
[721] [M]: 0x0000000080001388 (0x343023F3) csrrs x7, mtval, x0                      skp_adj_Mepc+0
CSR mtval (0x343) -> 0x0005000080000414
x7 <- 0x0005000080000414

clint mtime 0x0000000000000169 (mip.MTI <- 0b1, mip.STI <- 0b0)
mem[X,0x000000008000138C] -> 0x0413
mem[X,0x000000008000138E] -> 0x0004
[722] [M]: 0x000000008000138C (0x00040413) addi x8, x8, 0x0                         skp_adj_Mepc+4
x8 <- 0x0006000080000B95

mem[X,0x0000000080001390] -> 0x006F
mem[X,0x0000000080001392] -> 0x0840
[723] [M]: 0x0000000080001390 (0x0840006F) jal x0, 0x84                             skp_adj_Mepc+8

clint mtime 0x000000000000016A (mip.MTI <- 0b1, mip.STI <- 0b0)
mem[X,0x0000000080001414] -> 0x8433
mem[X,0x0000000080001416] -> 0x4083
[724] [M]: 0x0000000080001414 (0x40838433) sub x8, x7, x8                           adj_Mtval+0
x8 <- 0xFFFEFFFFFFFFF87F

mem[X,0x0000000080001418] -> 0x3C23
mem[X,0x000000008000141A] -> 0x0083
[725] [M]: 0x0000000080001418 (0x00833C23) sd x8, 0x18(x6)                          sv_Mtval+0
mem[W,0x0000000080006270] <- 0xFFFEFFFFFFFFF87F

clint mtime 0x000000000000016B (mip.MTI <- 0b1, mip.STI <- 0b0)
mem[X,0x000000008000141C] -> 0x3483
mem[X,0x000000008000141E] -> 0x2181
[726] [M]: 0x000000008000141C (0x21813483) ld x9, 0x218(x2)                         skp_Mtval+0
mem[R,0x0000000080004218] -> 0x0000000080006278
x9 <- 0x0000000080006278

mem[X,0x0000000080001420] -> 0x3383
mem[X,0x0000000080001422] -> 0x1F81
[727] [M]: 0x0000000080001420 (0x1F813383) ld x7, 0x1f8(x2)                         skp_Mtval+4
mem[R,0x00000000800041F8] -> 0x0000000080006110
x7 <- 0x0000000080006110

clint mtime 0x000000000000016C (mip.MTI <- 0b1, mip.STI <- 0b0)
mem[X,0x0000000080001424] -> 0x3303
mem[X,0x0000000080001426] -> 0x2001
[728] [M]: 0x0000000080001424 (0x20013303) ld x6, 0x200(x2)                         skp_Mtval+8
mem[R,0x0000000080004200] -> 0x0000000000000310
x6 <- 0x0000000000000310

mem[X,0x0000000080001428] -> 0x0333
mem[X,0x000000008000142A] -> 0x0073
[729] [M]: 0x0000000080001428 (0x00730333) add x6, x6, x7                           skp_Mtval+12
x6 <- 0x0000000080006420

clint mtime 0x000000000000016D (mip.MTI <- 0b1, mip.STI <- 0b0)
mem[X,0x000000008000142C] -> 0x6AE3
mem[X,0x000000008000142E] -> 0xAE93
[730] [M]: 0x000000008000142C (0xAE936AE3) bltu x6, x9, -0x50c                      skp_Mtval+16

mem[X,0x0000000080001430] -> 0x0393
mem[X,0x0000000080001432] -> 0x2000
[731] [M]: 0x0000000080001430 (0x20000393) addi x7, x0, 0x200                       skp_Mtval+20
x7 <- 0x0000000000000200

clint mtime 0x000000000000016E (mip.MTI <- 0b1, mip.STI <- 0b0)
mem[X,0x0000000080001434] -> 0x006F
mem[X,0x0000000080001436] -> 0x0400
[732] [M]: 0x0000000080001434 (0x0400006F) jal x0, 0x40                             skp_Mtval+24

mem[X,0x0000000080001474] -> 0x0417
mem[X,0x0000000080001476] -> 0x0000
[733] [M]: 0x0000000080001474 (0x00000417) auipc x8, 0x0                            spcl_Mhandler+0
x8 <- 0x0000000080001474

clint mtime 0x000000000000016F (mip.MTI <- 0b1, mip.STI <- 0b0)
mem[X,0x0000000080001478] -> 0x0413
mem[X,0x000000008000147A] -> 0x03C4
[734] [M]: 0x0000000080001478 (0x03C40413) addi x8, x8, 0x3c                        spcl_Mhandler+4
x8 <- 0x00000000800014B0

mem[X,0x000000008000147C] -> 0x0433
mem[X,0x000000008000147E] -> 0x0074
[735] [M]: 0x000000008000147C (0x00740433) add x8, x8, x7                           spcl_Mhandler+8
x8 <- 0x00000000800016B0

clint mtime 0x0000000000000170 (mip.MTI <- 0b1, mip.STI <- 0b0)
mem[X,0x0000000080001480] -> 0x1393
mem[X,0x0000000080001482] -> 0x0035
[736] [M]: 0x0000000080001480 (0x00351393) slli x7, x10, 0x3                        spcl_Mhandler+12
x7 <- 0x0000000000000068

mem[X,0x0000000080001484] -> 0x0433
mem[X,0x0000000080001486] -> 0x0074
[737] [M]: 0x0000000080001484 (0x00740433) add x8, x8, x7                           spcl_Mhandler+16
x8 <- 0x0000000080001718

clint mtime 0x0000000000000171 (mip.MTI <- 0b1, mip.STI <- 0b0)
mem[X,0x0000000080001488] -> 0x7413
mem[X,0x000000008000148A] -> 0xFF84
[738] [M]: 0x0000000080001488 (0xFF847413) andi x8, x8, -0x8                        spcl_Mhandler+20
x8 <- 0x0000000080001718

mem[X,0x000000008000148C] -> 0x3403
mem[X,0x000000008000148E] -> 0x0004
[739] [M]: 0x000000008000148C (0x00043403) ld x8, 0x0(x8)                           spcl_Mhandler+24
mem[R,0x0000000080001718] -> 0x000000000000001B
x8 <- 0x000000000000001B

clint mtime 0x0000000000000172 (mip.MTI <- 0b1, mip.STI <- 0b0)
mem[X,0x0000000080001490] -> 0x02E3
mem[X,0x0000000080001492] -> 0xB204
[740] [M]: 0x0000000080001490 (0xB20402E3) beq x8, x0, -0x4dc                       spcl_Mdispatch_hndling+0

mem[X,0x0000000080001494] -> 0x1393
mem[X,0x0000000080001496] -> 0x03F4
[741] [M]: 0x0000000080001494 (0x03F41393) slli x7, x8, 0x3f                        spcl_Mdispatch_hndling+4
x7 <- 0x8000000000000000

clint mtime 0x0000000000000173 (mip.MTI <- 0b1, mip.STI <- 0b0)
mem[X,0x0000000080001498] -> 0xD863
mem[X,0x000000008000149A] -> 0x0003
[742] [M]: 0x0000000080001498 (0x0003D863) bge x7, x0, 0x10                         spcl_Mdispatch_hndling+8

mem[X,0x000000008000149C] -> 0x5413
mem[X,0x000000008000149E] -> 0x0014
[743] [M]: 0x000000008000149C (0x00145413) srli x8, x8, 0x1                         spcl_Mdispatch_hndling+12
x8 <- 0x000000000000000D

clint mtime 0x0000000000000174 (mip.MTI <- 0b1, mip.STI <- 0b0)
mem[X,0x00000000800014A0] -> 0x0CE3
mem[X,0x00000000800014A2] -> 0xF885
[744] [M]: 0x00000000800014A0 (0xF8850CE3) beq x10, x8, -0x68                       spcl_Mdispatch_hndling+16

mem[X,0x0000000080001438] -> 0x3303
mem[X,0x000000008000143A] -> 0x2601
[745] [M]: 0x0000000080001438 (0x26013303) ld x6, 0x260(x2)                         resto_Mrtn+0
mem[R,0x0000000080004260] -> 0x0006000000000008
x6 <- 0x0006000000000008

clint mtime 0x0000000000000175 (mip.MTI <- 0b1, mip.STI <- 0b0)
mem[X,0x000000008000143C] -> 0x3383
mem[X,0x000000008000143E] -> 0x2681
[746] [M]: 0x000000008000143C (0x26813383) ld x7, 0x268(x2)                         resto_Mrtn+4
mem[R,0x0000000080004268] -> 0x0000000080004000
x7 <- 0x0000000080004000

mem[X,0x0000000080001440] -> 0x3403
mem[X,0x0000000080001442] -> 0x2701
[747] [M]: 0x0000000080001440 (0x27013403) ld x8, 0x270(x2)                         resto_Mrtn+8
mem[R,0x0000000080004270] -> 0x0000000000007F76
x8 <- 0x0000000000007F76

clint mtime 0x0000000000000176 (mip.MTI <- 0b1, mip.STI <- 0b0)
mem[X,0x0000000080001444] -> 0x3483
mem[X,0x0000000080001446] -> 0x2781
[748] [M]: 0x0000000080001444 (0x27813483) ld x9, 0x278(x2)                         resto_Mrtn+12
mem[R,0x0000000080004278] -> 0x000C000080000B64
x9 <- 0x000C000080000B64

mem[X,0x0000000080001448] -> 0x3503
mem[X,0x000000008000144A] -> 0x2801
[749] [M]: 0x0000000080001448 (0x28013503) ld x10, 0x280(x2)                        resto_Mrtn+16
mem[R,0x0000000080004280] -> 0x20000000000000CF
x10 <- 0x20000000000000CF

clint mtime 0x0000000000000177 (mip.MTI <- 0b1, mip.STI <- 0b0)
mem[X,0x000000008000144C] -> 0x3583
mem[X,0x000000008000144E] -> 0x2881
[750] [M]: 0x000000008000144C (0x28813583) ld x11, 0x288(x2)                        resto_Mrtn+20
mem[R,0x0000000080004288] -> 0x20000000000000CF
x11 <- 0x20000000000000CF

mem[X,0x0000000080001450] -> 0x3103
mem[X,0x0000000080001452] -> 0x2901
[751] [M]: 0x0000000080001450 (0x29013103) ld x2, 0x290(x2)                         resto_Mrtn+24
mem[R,0x0000000080004290] -> 0x0000000080004000
x2 <- 0x0000000080004000

clint mtime 0x0000000000000178 (mip.MTI <- 0b1, mip.STI <- 0b0)
mem[X,0x0000000080001454] -> 0x0073
mem[X,0x0000000080001456] -> 0x3020
[752] [M]: 0x0000000080001454 (0x30200073) mret                                     resto_Mrtn+28
CSR mstatus (0x300) <- 0x0000000A00000080
ret-ing from M to S

mem[X,0x0000000080000B9C] -> 0x51B7
mem[X,0x0000000080000B9E] -> 0x0000
[753] [S]: 0x0006000080000B9C (0x000051B7) lui x3, 0x5                              va_rvtest_code_begin+992
x3 <- 0x0000000000005000

clint mtime 0x0000000000000179 (mip.MTI <- 0b1, mip.STI <- 0b0)
mem[X,0x0000000080000BA0] -> 0x8193
mem[X,0x0000000080000BA2] -> 0x6671
[754] [S]: 0x0006000080000BA0 (0x66718193) addi x3, x3, 0x667                       va_rvtest_code_begin+996
x3 <- 0x0000000000005667

mem[X,0x0000000080000BA4] -> 0x9193
mem[X,0x0000000080000BA6] -> 0x0011
[755] [S]: 0x0006000080000BA4 (0x00119193) slli x3, x3, 0x1                         va_rvtest_code_begin+1000
x3 <- 0x000000000000ACCE

clint mtime 0x000000000000017A (mip.MTI <- 0b1, mip.STI <- 0b0)
mem[X,0x0000000080000BA8] -> 0x0013
mem[X,0x0000000080000BAA] -> 0x0000
[756] [S]: 0x0006000080000BA8 (0x00000013) addi x0, x0, 0x0                         va_rvtest_code_begin+1004

mem[X,0x0000000080000BAC] -> 0x0013
mem[X,0x0000000080000BAE] -> 0x0000
[757] [S]: 0x0006000080000BAC (0x00000013) addi x0, x0, 0x0                         va_rvtest_code_begin+1008

clint mtime 0x000000000000017B (mip.MTI <- 0b1, mip.STI <- 0b0)
mem[X,0x0000000080000BB0] -> 0x0013
mem[X,0x0000000080000BB2] -> 0x0000
[758] [S]: 0x0006000080000BB0 (0x00000013) addi x0, x0, 0x0                         va_rvtest_code_begin+1012

mem[X,0x0000000080000BB4] -> 0x0013
mem[X,0x0000000080000BB6] -> 0x0000
[759] [S]: 0x0006000080000BB4 (0x00000013) addi x0, x0, 0x0                         va_rvtest_code_begin+1016

clint mtime 0x000000000000017C (mip.MTI <- 0b1, mip.STI <- 0b0)
mem[X,0x0000000080000BB8] -> 0x0013
mem[X,0x0000000080000BBA] -> 0x0000
[760] [S]: 0x0006000080000BB8 (0x00000013) addi x0, x0, 0x0                         va_rvtest_code_begin+1020

mem[X,0x0000000080000BBC] -> 0x0013
mem[X,0x0000000080000BBE] -> 0x0000
[761] [S]: 0x0006000080000BBC (0x00000013) addi x0, x0, 0x0                         va_rvtest_code_begin+1024

clint mtime 0x000000000000017D (mip.MTI <- 0b1, mip.STI <- 0b0)
mem[X,0x0000000080000BC0] -> 0x0217
mem[X,0x0000000080000BC2] -> 0x0000
[762] [S]: 0x0006000080000BC0 (0x00000217) auipc x4, 0x0                            va_rvtest_code_begin+1028
x4 <- 0x0006000080000BC0

mem[X,0x0000000080000BC4] -> 0x0213
mem[X,0x0000000080000BC6] -> 0x02C2
[763] [S]: 0x0006000080000BC4 (0x02C20213) addi x4, x4, 0x2c                        va_rvtest_code_begin+1032
x4 <- 0x0006000080000BEC

clint mtime 0x000000000000017E (mip.MTI <- 0b1, mip.STI <- 0b0)
mem[X,0x0000000080000BC8] -> 0x0001
[764] [S]: 0x0006000080000BC8 (0x0001) c.nop                                        va_rvtest_code_begin+1036

mem[X,0x0000000080000BCA] -> 0x0013
mem[X,0x0000000080000BCC] -> 0x0000
[765] [S]: 0x0006000080000BCA (0x00000013) addi x0, x0, 0x0                         va_rvtest_code_begin+1038

clint mtime 0x000000000000017F (mip.MTI <- 0b1, mip.STI <- 0b0)
mem[X,0x0000000080000BCE] -> 0x0013
mem[X,0x0000000080000BD0] -> 0x0000
[766] [S]: 0x0006000080000BCE (0x00000013) addi x0, x0, 0x0                         va_rvtest_code_begin+1042

mem[X,0x0000000080000BD2] -> 0x0013
mem[X,0x0000000080000BD4] -> 0x0000
[767] [S]: 0x0006000080000BD2 (0x00000013) addi x0, x0, 0x0                         va_rvtest_code_begin+1046

clint mtime 0x0000000000000180 (mip.MTI <- 0b1, mip.STI <- 0b0)
mem[X,0x0000000080000BD6] -> 0x0013
mem[X,0x0000000080000BD8] -> 0x0000
[768] [S]: 0x0006000080000BD6 (0x00000013) addi x0, x0, 0x0                         va_rvtest_code_begin+1050

mem[X,0x0000000080000BDA] -> 0x0013
mem[X,0x0000000080000BDC] -> 0x0000
[769] [S]: 0x0006000080000BDA (0x00000013) addi x0, x0, 0x0                         va_rvtest_code_begin+1054

clint mtime 0x0000000000000181 (mip.MTI <- 0b1, mip.STI <- 0b0)
mem[X,0x0000000080000BDE] -> 0x0001
[770] [S]: 0x0006000080000BDE (0x0001) c.nop                                        va_rvtest_code_begin+1058

mem[X,0x0000000080000BE0] -> 0x80E7
mem[X,0x0000000080000BE2] -> 0x0007
[771] [S]: 0x0006000080000BE0 (0x000780E7) jalr x1, 0x0(x15)                        va_rvtest_code_begin+1060
x1 <- 0x0006000080000BE4

clint mtime 0x0000000000000182 (mip.MTI <- 0b1, mip.STI <- 0b0)
PTW: Start, vpn=0x5000080000, access_type=X, privilege=Smem[R,0x0000000080005028] -> 0x20000000000000CF
PTW: Step, level=4, pte=0x20000000000000CF, pte_addr=0x80005028
PTW: failed, error=invalid-pte, level=4, pte_addr=0x80005028
trapping from S to M to handle fetch-page-fault
handling exc#fetch-page-fault at priv M with tval 0x0005000080000400
CSR mstatus (0x300) <- 0x0000000A00000800
CSR mcause (0x342) <- 0x000000000000000C
CSR mtval (0x343) <- 0x0005000080000400
CSR mepc (0x341) <- 0x0005000080000400

mem[X,0x0000000080001000] -> 0x006F
mem[X,0x0000000080001002] -> 0x1000
[773] [M]: 0x0000000080001000 (0x1000006F) jal x0, 0x100                            Mtrampoline+0

clint mtime 0x0000000000000183 (mip.MTI <- 0b1, mip.STI <- 0b0)
mem[X,0x0000000080001100] -> 0x1173
mem[X,0x0000000080001102] -> 0x3401
[774] [M]: 0x0000000080001100 (0x34011173) csrrw x2, mscratch, x2                   trap_Mhandler+0
CSR mscratch (0x340) <- 0x0000000080004000
x2 <- 0x0000000080004000

mem[X,0x0000000080001104] -> 0x3423
mem[X,0x0000000080001106] -> 0x28B1
[775] [M]: 0x0000000080001104 (0x28B13423) sd x11, 0x288(x2)                        trap_Mhandler+4
mem[W,0x0000000080004288] <- 0x20000000000000CF

clint mtime 0x0000000000000184 (mip.MTI <- 0b1, mip.STI <- 0b0)
mem[X,0x0000000080001108] -> 0x05EF
mem[X,0x000000008000110A] -> 0x0B80
[776] [M]: 0x0000000080001108 (0x0B8005EF) jal x11, 0xb8                            trap_Mhandler+8
x11 <- 0x000000008000110C

mem[X,0x00000000800011C0] -> 0x3023
mem[X,0x00000000800011C2] -> 0x28A1
[777] [M]: 0x00000000800011C0 (0x28A13023) sd x10, 0x280(x2)                        common_Mhandler+0
mem[W,0x0000000080004280] <- 0x20000000000000CF

clint mtime 0x0000000000000185 (mip.MTI <- 0b1, mip.STI <- 0b0)
mem[X,0x00000000800011C4] -> 0x1573
mem[X,0x00000000800011C6] -> 0x3401
[778] [M]: 0x00000000800011C4 (0x34011573) csrrw x10, mscratch, x2                  common_Mhandler+4
CSR mscratch (0x340) <- 0x0000000080004000
x10 <- 0x0000000080004000

mem[X,0x00000000800011C8] -> 0x3823
mem[X,0x00000000800011CA] -> 0x28A1
[779] [M]: 0x00000000800011C8 (0x28A13823) sd x10, 0x290(x2)                        common_Mhandler+8
mem[W,0x0000000080004290] <- 0x0000000080004000

clint mtime 0x0000000000000186 (mip.MTI <- 0b1, mip.STI <- 0b0)
mem[X,0x00000000800011CC] -> 0x3503
mem[X,0x00000000800011CE] -> 0x2301
[780] [M]: 0x00000000800011CC (0x23013503) ld x10, 0x230(x2)                        common_Mhandler+12
mem[R,0x0000000080004230] -> 0x00000000800011D4
x10 <- 0x00000000800011D4

mem[X,0x00000000800011D0] -> 0x0067
mem[X,0x00000000800011D2] -> 0x0005
[781] [M]: 0x00000000800011D0 (0x00050067) jalr x0, 0x0(x10)                        common_Mhandler+16

clint mtime 0x0000000000000187 (mip.MTI <- 0b1, mip.STI <- 0b0)
mem[X,0x00000000800011D4] -> 0x3C23
mem[X,0x00000000800011D6] -> 0x2691
[782] [M]: 0x00000000800011D4 (0x26913C23) sd x9, 0x278(x2)                         common_Mentry+0
mem[W,0x0000000080004278] <- 0x000C000080000B64

mem[X,0x00000000800011D8] -> 0x3823
mem[X,0x00000000800011DA] -> 0x2681
[783] [M]: 0x00000000800011D8 (0x26813823) sd x8, 0x270(x2)                         common_Mentry+4
mem[W,0x0000000080004270] <- 0x0000000000007F76

clint mtime 0x0000000000000188 (mip.MTI <- 0b1, mip.STI <- 0b0)
mem[X,0x00000000800011DC] -> 0x3423
mem[X,0x00000000800011DE] -> 0x2671
[784] [M]: 0x00000000800011DC (0x26713423) sd x7, 0x268(x2)                         common_Mentry+8
mem[W,0x0000000080004268] <- 0x0000000080004000

mem[X,0x00000000800011E0] -> 0x3023
mem[X,0x00000000800011E2] -> 0x2661
[785] [M]: 0x00000000800011E0 (0x26613023) sd x6, 0x260(x2)                         common_Mentry+12
mem[W,0x0000000080004260] <- 0x0006000000000008

clint mtime 0x0000000000000189 (mip.MTI <- 0b1, mip.STI <- 0b0)
mem[X,0x00000000800011E4] -> 0x2573
mem[X,0x00000000800011E6] -> 0x3420
[786] [M]: 0x00000000800011E4 (0x34202573) csrrs x10, mcause, x0                    spcl_M2mmode_test+0
CSR mcause (0x342) -> 0x000000000000000C
x10 <- 0x000000000000000C

mem[X,0x00000000800011E8] -> 0x04B7
mem[X,0x00000000800011EA] -> 0x8000
[787] [M]: 0x00000000800011E8 (0x800004B7) lui x9, -0x80000                         spcl_M2mmode_test+4
x9 <- 0xFFFFFFFF80000000

clint mtime 0x000000000000018A (mip.MTI <- 0b1, mip.STI <- 0b0)
mem[X,0x00000000800011EC] -> 0x8493
mem[X,0x00000000800011EE] -> 0x0004
[788] [M]: 0x00000000800011EC (0x00048493) addi x9, x9, 0x0                         spcl_M2mmode_test+8
x9 <- 0xFFFFFFFF80000000

mem[X,0x00000000800011F0] -> 0x9493
mem[X,0x00000000800011F2] -> 0x00B4
[789] [M]: 0x00000000800011F0 (0x00B49493) slli x9, x9, 0xb                         spcl_M2mmode_test+12
x9 <- 0xFFFFFC0000000000

clint mtime 0x000000000000018B (mip.MTI <- 0b1, mip.STI <- 0b0)
mem[X,0x00000000800011F4] -> 0x8493
mem[X,0x00000000800011F6] -> 0x0004
[790] [M]: 0x00000000800011F4 (0x00048493) addi x9, x9, 0x0                         spcl_M2mmode_test+16
x9 <- 0xFFFFFC0000000000

mem[X,0x00000000800011F8] -> 0x9493
mem[X,0x00000000800011FA] -> 0x00B4
[791] [M]: 0x00000000800011F8 (0x00B49493) slli x9, x9, 0xb                         spcl_M2mmode_test+20
x9 <- 0xFFE0000000000000

clint mtime 0x000000000000018C (mip.MTI <- 0b1, mip.STI <- 0b0)
mem[X,0x00000000800011FC] -> 0x8493
mem[X,0x00000000800011FE] -> 0x0034
[792] [M]: 0x00000000800011FC (0x00348493) addi x9, x9, 0x3                         spcl_M2mmode_test+24
x9 <- 0xFFE0000000000003

mem[X,0x0000000080001200] -> 0x9493
mem[X,0x0000000080001202] -> 0x00A4
[793] [M]: 0x0000000080001200 (0x00A49493) slli x9, x9, 0xa                         spcl_M2mmode_test+28
x9 <- 0x8000000000000C00

clint mtime 0x000000000000018D (mip.MTI <- 0b1, mip.STI <- 0b0)
mem[X,0x0000000080001204] -> 0x8493
mem[X,0x0000000080001206] -> 0x3FC4
[794] [M]: 0x0000000080001204 (0x3FC48493) addi x9, x9, 0x3fc                       spcl_M2mmode_test+32
x9 <- 0x8000000000000FFC

mem[X,0x0000000080001208] -> 0xF4B3
mem[X,0x000000008000120A] -> 0x00A4
[795] [M]: 0x0000000080001208 (0x00A4F4B3) and x9, x9, x10                          spcl_M2mmode_test+36
x9 <- 0x000000000000000C

clint mtime 0x000000000000018E (mip.MTI <- 0b1, mip.STI <- 0b0)
mem[X,0x000000008000120C] -> 0x8493
mem[X,0x000000008000120E] -> 0xFF84
[796] [M]: 0x000000008000120C (0xFF848493) addi x9, x9, -0x8                        spcl_M2mmode_test+40
x9 <- 0x0000000000000004

mem[X,0x0000000080001210] -> 0x9663
mem[X,0x0000000080001212] -> 0x0004
[797] [M]: 0x0000000080001210 (0x00049663) bne x9, x0, 0xc                          spcl_M2mmode_test+44

clint mtime 0x000000000000018F (mip.MTI <- 0b1, mip.STI <- 0b0)
mem[X,0x000000008000121C] -> 0x0393
mem[X,0x000000008000121E] -> 0x0200
[798] [M]: 0x000000008000121C (0x02000393) addi x7, x0, 0x20                        Mtrapsig_ptr_upd+0
x7 <- 0x0000000000000020

mem[X,0x0000000080001220] -> 0x5263
mem[X,0x0000000080001222] -> 0x0405
[799] [M]: 0x0000000080001220 (0x04055263) bge x10, x0, 0x44                        Mtrapsig_ptr_upd+4

clint mtime 0x0000000000000190 (mip.MTI <- 0b1, mip.STI <- 0b0)
mem[X,0x0000000080001264] -> 0x2373
mem[X,0x0000000080001266] -> 0x3010
[800] [M]: 0x0000000080001264 (0x30102373) csrrs x6, misa, x0                       Mxcpt_sig_sv+0
CSR misa (0x301) -> 0x800000000034112F
x6 <- 0x800000000034112F

mem[X,0x0000000080001268] -> 0x1313
mem[X,0x000000008000126A] -> 0x0383
[801] [M]: 0x0000000080001268 (0x03831313) slli x6, x6, 0x38                        Mxcpt_sig_sv+4
x6 <- 0x2F00000000000000

clint mtime 0x0000000000000191 (mip.MTI <- 0b1, mip.STI <- 0b0)
mem[X,0x000000008000126C] -> 0x5463
mem[X,0x000000008000126E] -> 0x0003
[802] [M]: 0x000000008000126C (0x00035463) bge x6, x0, 0x8                          Mxcpt_sig_sv+8

mem[X,0x0000000080001274] -> 0x3303
mem[X,0x0000000080001276] -> 0x2181
[803] [M]: 0x0000000080001274 (0x21813303) ld x6, 0x218(x2)                         Mtrap_sig_sv+0
mem[R,0x0000000080004218] -> 0x0000000080006278
x6 <- 0x0000000080006278

clint mtime 0x0000000000000192 (mip.MTI <- 0b1, mip.STI <- 0b0)
mem[X,0x0000000080001278] -> 0x04B3
mem[X,0x000000008000127A] -> 0x0073
[804] [M]: 0x0000000080001278 (0x007304B3) add x9, x6, x7                           Mtrap_sig_sv+4
x9 <- 0x0000000080006298

mem[X,0x000000008000127C] -> 0x3C23
mem[X,0x000000008000127E] -> 0x2091
[805] [M]: 0x000000008000127C (0x20913C23) sd x9, 0x218(x2)                         Mtrap_sig_sv+8
mem[W,0x0000000080004218] <- 0x0000000080006298

clint mtime 0x0000000000000193 (mip.MTI <- 0b1, mip.STI <- 0b0)
mem[X,0x0000000080001280] -> 0x3403
mem[X,0x0000000080001282] -> 0x1F81
[806] [M]: 0x0000000080001280 (0x1F813403) ld x8, 0x1f8(x2)                         Mtrap_sig_sv+12
mem[R,0x00000000800041F8] -> 0x0000000080006110
x8 <- 0x0000000080006110

mem[X,0x0000000080001284] -> 0x0333
mem[X,0x0000000080001286] -> 0x4083
[807] [M]: 0x0000000080001284 (0x40830333) sub x6, x6, x8                           Mtrap_sig_sv+16
x6 <- 0x0000000000000168

clint mtime 0x0000000000000194 (mip.MTI <- 0b1, mip.STI <- 0b0)
mem[X,0x0000000080001288] -> 0x3403
mem[X,0x000000008000128A] -> 0x1F81
[808] [M]: 0x0000000080001288 (0x1F813403) ld x8, 0x1f8(x2)                         Mtrap_sig_sv+20
mem[R,0x00000000800041F8] -> 0x0000000080006110
x8 <- 0x0000000080006110

mem[X,0x000000008000128C] -> 0x0333
mem[X,0x000000008000128E] -> 0x0083
[809] [M]: 0x000000008000128C (0x00830333) add x6, x6, x8                           Mtrap_sig_sv+24
x6 <- 0x0000000080006278

clint mtime 0x0000000000000195 (mip.MTI <- 0b1, mip.STI <- 0b0)
mem[X,0x0000000080001290] -> 0x3403
mem[X,0x0000000080001292] -> 0x2401
[810] [M]: 0x0000000080001290 (0x24013403) ld x8, 0x240(x2)                         Mtrap_sig_sv+28
mem[R,0x0000000080004240] -> 0x0000000080001000
x8 <- 0x0000000080001000

mem[X,0x0000000080001294] -> 0x85B3
mem[X,0x0000000080001296] -> 0x4085
[811] [M]: 0x0000000080001294 (0x408585B3) sub x11, x11, x8                         sv_Mvect+0
x11 <- 0x000000000000010C

clint mtime 0x0000000000000196 (mip.MTI <- 0b1, mip.STI <- 0b0)
mem[X,0x0000000080001298] -> 0x9593
mem[X,0x000000008000129A] -> 0x0045
[812] [M]: 0x0000000080001298 (0x00459593) slli x11, x11, 0x4                       sv_Mvect+4
x11 <- 0x00000000000010C0

mem[X,0x000000008000129C] -> 0xE5B3
mem[X,0x000000008000129E] -> 0x0075
[813] [M]: 0x000000008000129C (0x0075E5B3) or x11, x11, x7                          sv_Mvect+8
x11 <- 0x00000000000010E0

clint mtime 0x0000000000000197 (mip.MTI <- 0b1, mip.STI <- 0b0)
mem[X,0x00000000800012A0] -> 0x8593
mem[X,0x00000000800012A2] -> 0x0035
[814] [M]: 0x00000000800012A0 (0x00358593) addi x11, x11, 0x3                       sv_Mvect+12
x11 <- 0x00000000000010E3

mem[X,0x00000000800012A4] -> 0x3023
mem[X,0x00000000800012A6] -> 0x00B3
[815] [M]: 0x00000000800012A4 (0x00B33023) sd x11, 0x0(x6)                          sv_Mvect+16
mem[W,0x0000000080006278] <- 0x00000000000010E3

clint mtime 0x0000000000000198 (mip.MTI <- 0b1, mip.STI <- 0b0)
mem[X,0x00000000800012A8] -> 0x3423
mem[X,0x00000000800012AA] -> 0x00A3
[816] [M]: 0x00000000800012A8 (0x00A33423) sd x10, 0x8(x6)                          sv_Mcause+0
mem[W,0x0000000080006280] <- 0x000000000000000C

mem[X,0x00000000800012AC] -> 0x4663
mem[X,0x00000000800012AE] -> 0x1A05
[817] [M]: 0x00000000800012AC (0x1A054663) blt x10, x0, 0x1ac                       sv_Mcause+4

clint mtime 0x0000000000000199 (mip.MTI <- 0b1, mip.STI <- 0b0)
mem[X,0x00000000800012B0] -> 0x25F3
mem[X,0x00000000800012B2] -> 0x3000
[818] [M]: 0x00000000800012B0 (0x300025F3) csrrs x11, mstatus, x0                   common_Mexcpt_handler+0
CSR mstatus (0x300) -> 0x0000000A00000800
x11 <- 0x0000000A00000800

mem[X,0x00000000800012B4] -> 0x9413
mem[X,0x00000000800012B6] -> 0x02E5
[819] [M]: 0x00000000800012B4 (0x02E59413) slli x8, x11, 0x2e                       common_Mexcpt_handler+4
x8 <- 0x0200000000000000

clint mtime 0x000000000000019A (mip.MTI <- 0b1, mip.STI <- 0b0)
mem[X,0x00000000800012B8] -> 0x5463
mem[X,0x00000000800012BA] -> 0x0004
[820] [M]: 0x00000000800012B8 (0x00045463) bge x8, x0, 0x8                          common_Mexcpt_handler+8

mem[X,0x00000000800012C0] -> 0xD493
mem[X,0x00000000800012C2] -> 0x00B5
[821] [M]: 0x00000000800012C0 (0x00B5D493) srli x9, x11, 0xb                        common_Mexcpt_handler+16
x9 <- 0x0000000001400001

clint mtime 0x000000000000019B (mip.MTI <- 0b1, mip.STI <- 0b0)
mem[X,0x00000000800012C4] -> 0xF493
mem[X,0x00000000800012C6] -> 0x0034
[822] [M]: 0x00000000800012C4 (0x0034F493) andi x9, x9, 0x3                         common_Mexcpt_handler+20
x9 <- 0x0000000000000001

mem[X,0x00000000800012C8] -> 0x8493
mem[X,0x00000000800012CA] -> 0x0014
[823] [M]: 0x00000000800012C8 (0x00148493) addi x9, x9, 0x1                         common_Mexcpt_handler+24
x9 <- 0x0000000000000002

clint mtime 0x000000000000019C (mip.MTI <- 0b1, mip.STI <- 0b0)
mem[X,0x00000000800012CC] -> 0xF493
mem[X,0x00000000800012CE] -> 0x0044
[824] [M]: 0x00000000800012CC (0x0044F493) andi x9, x9, 0x4                         common_Mexcpt_handler+28
x9 <- 0x0000000000000000

mem[X,0x00000000800012D0] -> 0x0593
mem[X,0x00000000800012D2] -> 0x05D0
[825] [M]: 0x00000000800012D0 (0x05D00593) addi x11, x0, 0x5d                       common_Mexcpt_handler+32
x11 <- 0x000000000000005D

clint mtime 0x000000000000019D (mip.MTI <- 0b1, mip.STI <- 0b0)
mem[X,0x00000000800012D4] -> 0xD5B3
mem[X,0x00000000800012D6] -> 0x0095
[826] [M]: 0x00000000800012D4 (0x0095D5B3) srl x11, x11, x9                         common_Mexcpt_handler+36
x11 <- 0x000000000000005D

mem[X,0x00000000800012D8] -> 0xF593
mem[X,0x00000000800012DA] -> 0x0015
[827] [M]: 0x00000000800012D8 (0x0015F593) andi x11, x11, 0x1                       common_Mexcpt_handler+40
x11 <- 0x0000000000000001

clint mtime 0x000000000000019E (mip.MTI <- 0b1, mip.STI <- 0b0)
mem[X,0x00000000800012DC] -> 0x8EE3
mem[X,0x00000000800012DE] -> 0xF405
[828] [M]: 0x00000000800012DC (0xF4058EE3) beq x11, x0, -0xa4                       common_Mexcpt_handler+44

mem[X,0x00000000800012E0] -> 0x0593
mem[X,0x00000000800012E2] -> 0x2980
[829] [M]: 0x00000000800012E0 (0x29800593) addi x11, x0, 0x298                      common_Mexcpt_handler+48
x11 <- 0x0000000000000298

clint mtime 0x000000000000019F (mip.MTI <- 0b1, mip.STI <- 0b0)
mem[X,0x00000000800012E4] -> 0xF413
mem[X,0x00000000800012E6] -> 0x0014
[830] [M]: 0x00000000800012E4 (0x0014F413) andi x8, x9, 0x1                         common_Mexcpt_handler+52
x8 <- 0x0000000000000000

mem[X,0x00000000800012E8] -> 0x95B3
mem[X,0x00000000800012EA] -> 0x0085
[831] [M]: 0x00000000800012E8 (0x008595B3) sll x11, x11, x8                         common_Mexcpt_handler+56
x11 <- 0x0000000000000298

clint mtime 0x00000000000001A0 (mip.MTI <- 0b1, mip.STI <- 0b0)
mem[X,0x00000000800012EC] -> 0x9413
mem[X,0x00000000800012EE] -> 0x03D4
[832] [M]: 0x00000000800012EC (0x03D49413) slli x8, x9, 0x3d                        common_Mexcpt_handler+60
x8 <- 0x0000000000000000

mem[X,0x00000000800012F0] -> 0x5413
mem[X,0x00000000800012F2] -> 0x43F4
[833] [M]: 0x00000000800012F0 (0x43F45413) srai x8, x8, 0x3f                        common_Mexcpt_handler+64
x8 <- 0x0000000000000000

clint mtime 0x00000000000001A1 (mip.MTI <- 0b1, mip.STI <- 0b0)
mem[X,0x00000000800012F4] -> 0x4413
mem[X,0x00000000800012F6] -> 0xFFF4
[834] [M]: 0x00000000800012F4 (0xFFF44413) xori x8, x8, -0x1                        common_Mexcpt_handler+68
x8 <- 0xFFFFFFFFFFFFFFFF

mem[X,0x00000000800012F8] -> 0xF4B3
mem[X,0x00000000800012FA] -> 0x0085
[835] [M]: 0x00000000800012F8 (0x0085F4B3) and x9, x11, x8                          common_Mexcpt_handler+72
x9 <- 0x0000000000000298

clint mtime 0x00000000000001A2 (mip.MTI <- 0b1, mip.STI <- 0b0)
mem[X,0x00000000800012FC] -> 0x84B3
mem[X,0x00000000800012FE] -> 0x0024
[836] [M]: 0x00000000800012FC (0x002484B3) add x9, x9, x2                           vmem_adj_Mepc+0
x9 <- 0x0000000080004298

mem[X,0x0000000080001300] -> 0x23F3
mem[X,0x0000000080001302] -> 0x3410
[837] [M]: 0x0000000080001300 (0x341023F3) csrrs x7, mepc, x0                       vmem_adj_Mepc+4
CSR mepc (0x341) -> 0x0005000080000400
x7 <- 0x0005000080000400

clint mtime 0x00000000000001A3 (mip.MTI <- 0b1, mip.STI <- 0b0)
mem[X,0x0000000080001304] -> 0x0413
mem[X,0x0000000080001306] -> 0x0004
[838] [M]: 0x0000000080001304 (0x00040413) addi x8, x8, 0x0                         vmem_adj_Mepc+8
x8 <- 0xFFFFFFFFFFFFFFFF

mem[X,0x0000000080001308] -> 0x006F
mem[X,0x000000008000130A] -> 0x0400
[839] [M]: 0x0000000080001308 (0x0400006F) jal x0, 0x40                             vmem_adj_Mepc+12

clint mtime 0x00000000000001A4 (mip.MTI <- 0b1, mip.STI <- 0b0)
mem[X,0x0000000080001348] -> 0x8433
mem[X,0x000000008000134A] -> 0x4083
[840] [M]: 0x0000000080001348 (0x40838433) sub x8, x7, x8                           adj_Mepc+0
x8 <- 0x0005000080000401

mem[X,0x000000008000134C] -> 0x3823
mem[X,0x000000008000134E] -> 0x0083
[841] [M]: 0x000000008000134C (0x00833823) sd x8, 0x10(x6)                          sv_Mepc+0
mem[W,0x0000000080006288] <- 0x0005000080000401

clint mtime 0x00000000000001A5 (mip.MTI <- 0b1, mip.STI <- 0b0)
mem[X,0x0000000080001350] -> 0x55B7
mem[X,0x0000000080001352] -> 0x0000
[842] [M]: 0x0000000080001350 (0x000055B7) lui x11, 0x5                             sv_Mepc+4
x11 <- 0x0000000000005000

mem[X,0x0000000080001354] -> 0x8593
mem[X,0x0000000080001356] -> 0x6675
[843] [M]: 0x0000000080001354 (0x66758593) addi x11, x11, 0x667                     sv_Mepc+8
x11 <- 0x0000000000005667

clint mtime 0x00000000000001A6 (mip.MTI <- 0b1, mip.STI <- 0b0)
mem[X,0x0000000080001358] -> 0x9593
mem[X,0x000000008000135A] -> 0x0015
[844] [M]: 0x0000000080001358 (0x00159593) slli x11, x11, 0x1                       sv_Mepc+12
x11 <- 0x000000000000ACCE

mem[X,0x000000008000135C] -> 0x9063
mem[X,0x000000008000135E] -> 0x02B1
[845] [M]: 0x000000008000135C (0x02B19063) bne x3, x11, 0x20                        sv_Mepc+16

clint mtime 0x00000000000001A7 (mip.MTI <- 0b1, mip.STI <- 0b0)
mem[X,0x0000000080001360] -> 0x2473
mem[X,0x0000000080001362] -> 0x3420
[846] [M]: 0x0000000080001360 (0x34202473) csrrs x8, mcause, x0                     sv_Mepc+20
CSR mcause (0x342) -> 0x000000000000000C
x8 <- 0x000000000000000C

mem[X,0x0000000080001364] -> 0x0593
mem[X,0x0000000080001366] -> 0x00C0
[847] [M]: 0x0000000080001364 (0x00C00593) addi x11, x0, 0xc                        sv_Mepc+24
x11 <- 0x000000000000000C

clint mtime 0x00000000000001A8 (mip.MTI <- 0b1, mip.STI <- 0b0)
mem[X,0x0000000080001368] -> 0x0663
mem[X,0x000000008000136A] -> 0x00B4
[848] [M]: 0x0000000080001368 (0x00B40663) beq x8, x11, 0xc                         sv_Mepc+28

mem[X,0x0000000080001374] -> 0x1073
mem[X,0x0000000080001376] -> 0x3412
[849] [M]: 0x0000000080001374 (0x34121073) csrrw x0, mepc, x4                       sv_Mepc+40
CSR mepc (0x341) <- 0x0006000080000BEC

clint mtime 0x00000000000001A9 (mip.MTI <- 0b1, mip.STI <- 0b0)
mem[X,0x0000000080001378] -> 0x006F
mem[X,0x000000008000137A] -> 0x0100
[850] [M]: 0x0000000080001378 (0x0100006F) jal x0, 0x10                             sv_Mepc+44

mem[X,0x0000000080001388] -> 0x23F3
mem[X,0x000000008000138A] -> 0x3430
[851] [M]: 0x0000000080001388 (0x343023F3) csrrs x7, mtval, x0                      skp_adj_Mepc+0
CSR mtval (0x343) -> 0x0005000080000400
x7 <- 0x0005000080000400

clint mtime 0x00000000000001AA (mip.MTI <- 0b1, mip.STI <- 0b0)
mem[X,0x000000008000138C] -> 0x0413
mem[X,0x000000008000138E] -> 0x0004
[852] [M]: 0x000000008000138C (0x00040413) addi x8, x8, 0x0                         skp_adj_Mepc+4
x8 <- 0x000000000000000C

mem[X,0x0000000080001390] -> 0x006F
mem[X,0x0000000080001392] -> 0x0840
[853] [M]: 0x0000000080001390 (0x0840006F) jal x0, 0x84                             skp_adj_Mepc+8

clint mtime 0x00000000000001AB (mip.MTI <- 0b1, mip.STI <- 0b0)
mem[X,0x0000000080001414] -> 0x8433
mem[X,0x0000000080001416] -> 0x4083
[854] [M]: 0x0000000080001414 (0x40838433) sub x8, x7, x8                           adj_Mtval+0
x8 <- 0x00050000800003F4

mem[X,0x0000000080001418] -> 0x3C23
mem[X,0x000000008000141A] -> 0x0083
[855] [M]: 0x0000000080001418 (0x00833C23) sd x8, 0x18(x6)                          sv_Mtval+0
mem[W,0x0000000080006290] <- 0x00050000800003F4

clint mtime 0x00000000000001AC (mip.MTI <- 0b1, mip.STI <- 0b0)
mem[X,0x000000008000141C] -> 0x3483
mem[X,0x000000008000141E] -> 0x2181
[856] [M]: 0x000000008000141C (0x21813483) ld x9, 0x218(x2)                         skp_Mtval+0
mem[R,0x0000000080004218] -> 0x0000000080006298
x9 <- 0x0000000080006298

mem[X,0x0000000080001420] -> 0x3383
mem[X,0x0000000080001422] -> 0x1F81
[857] [M]: 0x0000000080001420 (0x1F813383) ld x7, 0x1f8(x2)                         skp_Mtval+4
mem[R,0x00000000800041F8] -> 0x0000000080006110
x7 <- 0x0000000080006110

clint mtime 0x00000000000001AD (mip.MTI <- 0b1, mip.STI <- 0b0)
mem[X,0x0000000080001424] -> 0x3303
mem[X,0x0000000080001426] -> 0x2001
[858] [M]: 0x0000000080001424 (0x20013303) ld x6, 0x200(x2)                         skp_Mtval+8
mem[R,0x0000000080004200] -> 0x0000000000000310
x6 <- 0x0000000000000310

mem[X,0x0000000080001428] -> 0x0333
mem[X,0x000000008000142A] -> 0x0073
[859] [M]: 0x0000000080001428 (0x00730333) add x6, x6, x7                           skp_Mtval+12
x6 <- 0x0000000080006420

clint mtime 0x00000000000001AE (mip.MTI <- 0b1, mip.STI <- 0b0)
mem[X,0x000000008000142C] -> 0x6AE3
mem[X,0x000000008000142E] -> 0xAE93
[860] [M]: 0x000000008000142C (0xAE936AE3) bltu x6, x9, -0x50c                      skp_Mtval+16

mem[X,0x0000000080001430] -> 0x0393
mem[X,0x0000000080001432] -> 0x2000
[861] [M]: 0x0000000080001430 (0x20000393) addi x7, x0, 0x200                       skp_Mtval+20
x7 <- 0x0000000000000200

clint mtime 0x00000000000001AF (mip.MTI <- 0b1, mip.STI <- 0b0)
mem[X,0x0000000080001434] -> 0x006F
mem[X,0x0000000080001436] -> 0x0400
[862] [M]: 0x0000000080001434 (0x0400006F) jal x0, 0x40                             skp_Mtval+24

mem[X,0x0000000080001474] -> 0x0417
mem[X,0x0000000080001476] -> 0x0000
[863] [M]: 0x0000000080001474 (0x00000417) auipc x8, 0x0                            spcl_Mhandler+0
x8 <- 0x0000000080001474

clint mtime 0x00000000000001B0 (mip.MTI <- 0b1, mip.STI <- 0b0)
mem[X,0x0000000080001478] -> 0x0413
mem[X,0x000000008000147A] -> 0x03C4
[864] [M]: 0x0000000080001478 (0x03C40413) addi x8, x8, 0x3c                        spcl_Mhandler+4
x8 <- 0x00000000800014B0

mem[X,0x000000008000147C] -> 0x0433
mem[X,0x000000008000147E] -> 0x0074
[865] [M]: 0x000000008000147C (0x00740433) add x8, x8, x7                           spcl_Mhandler+8
x8 <- 0x00000000800016B0

clint mtime 0x00000000000001B1 (mip.MTI <- 0b1, mip.STI <- 0b0)
mem[X,0x0000000080001480] -> 0x1393
mem[X,0x0000000080001482] -> 0x0035
[866] [M]: 0x0000000080001480 (0x00351393) slli x7, x10, 0x3                        spcl_Mhandler+12
x7 <- 0x0000000000000060

mem[X,0x0000000080001484] -> 0x0433
mem[X,0x0000000080001486] -> 0x0074
[867] [M]: 0x0000000080001484 (0x00740433) add x8, x8, x7                           spcl_Mhandler+16
x8 <- 0x0000000080001710

clint mtime 0x00000000000001B2 (mip.MTI <- 0b1, mip.STI <- 0b0)
mem[X,0x0000000080001488] -> 0x7413
mem[X,0x000000008000148A] -> 0xFF84
[868] [M]: 0x0000000080001488 (0xFF847413) andi x8, x8, -0x8                        spcl_Mhandler+20
x8 <- 0x0000000080001710

mem[X,0x000000008000148C] -> 0x3403
mem[X,0x000000008000148E] -> 0x0004
[869] [M]: 0x000000008000148C (0x00043403) ld x8, 0x0(x8)                           spcl_Mhandler+24
mem[R,0x0000000080001710] -> 0x0000000000000019
x8 <- 0x0000000000000019

clint mtime 0x00000000000001B3 (mip.MTI <- 0b1, mip.STI <- 0b0)
mem[X,0x0000000080001490] -> 0x02E3
mem[X,0x0000000080001492] -> 0xB204
[870] [M]: 0x0000000080001490 (0xB20402E3) beq x8, x0, -0x4dc                       spcl_Mdispatch_hndling+0

mem[X,0x0000000080001494] -> 0x1393
mem[X,0x0000000080001496] -> 0x03F4
[871] [M]: 0x0000000080001494 (0x03F41393) slli x7, x8, 0x3f                        spcl_Mdispatch_hndling+4
x7 <- 0x8000000000000000

clint mtime 0x00000000000001B4 (mip.MTI <- 0b1, mip.STI <- 0b0)
mem[X,0x0000000080001498] -> 0xD863
mem[X,0x000000008000149A] -> 0x0003
[872] [M]: 0x0000000080001498 (0x0003D863) bge x7, x0, 0x10                         spcl_Mdispatch_hndling+8

mem[X,0x000000008000149C] -> 0x5413
mem[X,0x000000008000149E] -> 0x0014
[873] [M]: 0x000000008000149C (0x00145413) srli x8, x8, 0x1                         spcl_Mdispatch_hndling+12
x8 <- 0x000000000000000C

clint mtime 0x00000000000001B5 (mip.MTI <- 0b1, mip.STI <- 0b0)
mem[X,0x00000000800014A0] -> 0x0CE3
mem[X,0x00000000800014A2] -> 0xF885
[874] [M]: 0x00000000800014A0 (0xF8850CE3) beq x10, x8, -0x68                       spcl_Mdispatch_hndling+16

mem[X,0x0000000080001438] -> 0x3303
mem[X,0x000000008000143A] -> 0x2601
[875] [M]: 0x0000000080001438 (0x26013303) ld x6, 0x260(x2)                         resto_Mrtn+0
mem[R,0x0000000080004260] -> 0x0006000000000008
x6 <- 0x0006000000000008

clint mtime 0x00000000000001B6 (mip.MTI <- 0b1, mip.STI <- 0b0)
mem[X,0x000000008000143C] -> 0x3383
mem[X,0x000000008000143E] -> 0x2681
[876] [M]: 0x000000008000143C (0x26813383) ld x7, 0x268(x2)                         resto_Mrtn+4
mem[R,0x0000000080004268] -> 0x0000000080004000
x7 <- 0x0000000080004000

mem[X,0x0000000080001440] -> 0x3403
mem[X,0x0000000080001442] -> 0x2701
[877] [M]: 0x0000000080001440 (0x27013403) ld x8, 0x270(x2)                         resto_Mrtn+8
mem[R,0x0000000080004270] -> 0x0000000000007F76
x8 <- 0x0000000000007F76

clint mtime 0x00000000000001B7 (mip.MTI <- 0b1, mip.STI <- 0b0)
mem[X,0x0000000080001444] -> 0x3483
mem[X,0x0000000080001446] -> 0x2781
[878] [M]: 0x0000000080001444 (0x27813483) ld x9, 0x278(x2)                         resto_Mrtn+12
mem[R,0x0000000080004278] -> 0x000C000080000B64
x9 <- 0x000C000080000B64

mem[X,0x0000000080001448] -> 0x3503
mem[X,0x000000008000144A] -> 0x2801
[879] [M]: 0x0000000080001448 (0x28013503) ld x10, 0x280(x2)                        resto_Mrtn+16
mem[R,0x0000000080004280] -> 0x20000000000000CF
x10 <- 0x20000000000000CF

clint mtime 0x00000000000001B8 (mip.MTI <- 0b1, mip.STI <- 0b0)
mem[X,0x000000008000144C] -> 0x3583
mem[X,0x000000008000144E] -> 0x2881
[880] [M]: 0x000000008000144C (0x28813583) ld x11, 0x288(x2)                        resto_Mrtn+20
mem[R,0x0000000080004288] -> 0x20000000000000CF
x11 <- 0x20000000000000CF

mem[X,0x0000000080001450] -> 0x3103
mem[X,0x0000000080001452] -> 0x2901
[881] [M]: 0x0000000080001450 (0x29013103) ld x2, 0x290(x2)                         resto_Mrtn+24
mem[R,0x0000000080004290] -> 0x0000000080004000
x2 <- 0x0000000080004000

clint mtime 0x00000000000001B9 (mip.MTI <- 0b1, mip.STI <- 0b0)
mem[X,0x0000000080001454] -> 0x0073
mem[X,0x0000000080001456] -> 0x3020
[882] [M]: 0x0000000080001454 (0x30200073) mret                                     resto_Mrtn+28
CSR mstatus (0x300) <- 0x0000000A00000080
ret-ing from M to S

mem[X,0x0000000080000BEC] -> 0x0013
mem[X,0x0000000080000BEE] -> 0x0000
[883] [S]: 0x0006000080000BEC (0x00000013) addi x0, x0, 0x0                         va_rvtest_code_begin+1072

clint mtime 0x00000000000001BA (mip.MTI <- 0b1, mip.STI <- 0b0)
mem[X,0x0000000080000BF0] -> 0x0013
mem[X,0x0000000080000BF2] -> 0x0000
[884] [S]: 0x0006000080000BF0 (0x00000013) addi x0, x0, 0x0                         va_rvtest_code_begin+1076

mem[X,0x0000000080000BF4] -> 0x0013
mem[X,0x0000000080000BF6] -> 0x0000
[885] [S]: 0x0006000080000BF4 (0x00000013) addi x0, x0, 0x0                         va_rvtest_code_begin+1080

clint mtime 0x00000000000001BB (mip.MTI <- 0b1, mip.STI <- 0b0)
mem[X,0x0000000080000BF8] -> 0x0113
mem[X,0x0000000080000BFA] -> 0x0000
[886] [S]: 0x0006000080000BF8 (0x00000113) addi x2, x0, 0x0                         va_rvtest_code_begin+1084
x2 <- 0x0000000000000000

mem[X,0x0000000080000BFC] -> 0x0073
mem[X,0x0000000080000BFE] -> 0x0000
[887] [S]: 0x0006000080000BFC (0x00000073) ecall                                    va_rvtest_code_begin+1088
trapping from S to M to handle s-call
handling exc#s-call at priv M with tval 0x0000000000000000
CSR mstatus (0x300) <- 0x0000000A00000800
CSR mcause (0x342) <- 0x0000000000000009
CSR mtval (0x343) <- 0x0000000000000000
CSR mepc (0x341) <- 0x0006000080000BFC

clint mtime 0x00000000000001BC (mip.MTI <- 0b1, mip.STI <- 0b0)
mem[X,0x0000000080001000] -> 0x006F
mem[X,0x0000000080001002] -> 0x1000
[888] [M]: 0x0000000080001000 (0x1000006F) jal x0, 0x100                            Mtrampoline+0

mem[X,0x0000000080001100] -> 0x1173
mem[X,0x0000000080001102] -> 0x3401
[889] [M]: 0x0000000080001100 (0x34011173) csrrw x2, mscratch, x2                   trap_Mhandler+0
CSR mscratch (0x340) <- 0x0000000000000000
x2 <- 0x0000000080004000

clint mtime 0x00000000000001BD (mip.MTI <- 0b1, mip.STI <- 0b0)
mem[X,0x0000000080001104] -> 0x3423
mem[X,0x0000000080001106] -> 0x28B1
[890] [M]: 0x0000000080001104 (0x28B13423) sd x11, 0x288(x2)                        trap_Mhandler+4
mem[W,0x0000000080004288] <- 0x20000000000000CF

mem[X,0x0000000080001108] -> 0x05EF
mem[X,0x000000008000110A] -> 0x0B80
[891] [M]: 0x0000000080001108 (0x0B8005EF) jal x11, 0xb8                            trap_Mhandler+8
x11 <- 0x000000008000110C

clint mtime 0x00000000000001BE (mip.MTI <- 0b1, mip.STI <- 0b0)
mem[X,0x00000000800011C0] -> 0x3023
mem[X,0x00000000800011C2] -> 0x28A1
[892] [M]: 0x00000000800011C0 (0x28A13023) sd x10, 0x280(x2)                        common_Mhandler+0
mem[W,0x0000000080004280] <- 0x20000000000000CF

mem[X,0x00000000800011C4] -> 0x1573
mem[X,0x00000000800011C6] -> 0x3401
[893] [M]: 0x00000000800011C4 (0x34011573) csrrw x10, mscratch, x2                  common_Mhandler+4
CSR mscratch (0x340) <- 0x0000000080004000
x10 <- 0x0000000000000000

clint mtime 0x00000000000001BF (mip.MTI <- 0b1, mip.STI <- 0b0)
mem[X,0x00000000800011C8] -> 0x3823
mem[X,0x00000000800011CA] -> 0x28A1
[894] [M]: 0x00000000800011C8 (0x28A13823) sd x10, 0x290(x2)                        common_Mhandler+8
mem[W,0x0000000080004290] <- 0x0000000000000000

mem[X,0x00000000800011CC] -> 0x3503
mem[X,0x00000000800011CE] -> 0x2301
[895] [M]: 0x00000000800011CC (0x23013503) ld x10, 0x230(x2)                        common_Mhandler+12
mem[R,0x0000000080004230] -> 0x00000000800011D4
x10 <- 0x00000000800011D4

clint mtime 0x00000000000001C0 (mip.MTI <- 0b1, mip.STI <- 0b0)
mem[X,0x00000000800011D0] -> 0x0067
mem[X,0x00000000800011D2] -> 0x0005
[896] [M]: 0x00000000800011D0 (0x00050067) jalr x0, 0x0(x10)                        common_Mhandler+16

mem[X,0x00000000800011D4] -> 0x3C23
mem[X,0x00000000800011D6] -> 0x2691
[897] [M]: 0x00000000800011D4 (0x26913C23) sd x9, 0x278(x2)                         common_Mentry+0
mem[W,0x0000000080004278] <- 0x000C000080000B64

clint mtime 0x00000000000001C1 (mip.MTI <- 0b1, mip.STI <- 0b0)
mem[X,0x00000000800011D8] -> 0x3823
mem[X,0x00000000800011DA] -> 0x2681
[898] [M]: 0x00000000800011D8 (0x26813823) sd x8, 0x270(x2)                         common_Mentry+4
mem[W,0x0000000080004270] <- 0x0000000000007F76

mem[X,0x00000000800011DC] -> 0x3423
mem[X,0x00000000800011DE] -> 0x2671
[899] [M]: 0x00000000800011DC (0x26713423) sd x7, 0x268(x2)                         common_Mentry+8
mem[W,0x0000000080004268] <- 0x0000000080004000

clint mtime 0x00000000000001C2 (mip.MTI <- 0b1, mip.STI <- 0b0)
mem[X,0x00000000800011E0] -> 0x3023
mem[X,0x00000000800011E2] -> 0x2661
[900] [M]: 0x00000000800011E0 (0x26613023) sd x6, 0x260(x2)                         common_Mentry+12
mem[W,0x0000000080004260] <- 0x0006000000000008

mem[X,0x00000000800011E4] -> 0x2573
mem[X,0x00000000800011E6] -> 0x3420
[901] [M]: 0x00000000800011E4 (0x34202573) csrrs x10, mcause, x0                    spcl_M2mmode_test+0
CSR mcause (0x342) -> 0x0000000000000009
x10 <- 0x0000000000000009

clint mtime 0x00000000000001C3 (mip.MTI <- 0b1, mip.STI <- 0b0)
mem[X,0x00000000800011E8] -> 0x04B7
mem[X,0x00000000800011EA] -> 0x8000
[902] [M]: 0x00000000800011E8 (0x800004B7) lui x9, -0x80000                         spcl_M2mmode_test+4
x9 <- 0xFFFFFFFF80000000

mem[X,0x00000000800011EC] -> 0x8493
mem[X,0x00000000800011EE] -> 0x0004
[903] [M]: 0x00000000800011EC (0x00048493) addi x9, x9, 0x0                         spcl_M2mmode_test+8
x9 <- 0xFFFFFFFF80000000

clint mtime 0x00000000000001C4 (mip.MTI <- 0b1, mip.STI <- 0b0)
mem[X,0x00000000800011F0] -> 0x9493
mem[X,0x00000000800011F2] -> 0x00B4
[904] [M]: 0x00000000800011F0 (0x00B49493) slli x9, x9, 0xb                         spcl_M2mmode_test+12
x9 <- 0xFFFFFC0000000000

mem[X,0x00000000800011F4] -> 0x8493
mem[X,0x00000000800011F6] -> 0x0004
[905] [M]: 0x00000000800011F4 (0x00048493) addi x9, x9, 0x0                         spcl_M2mmode_test+16
x9 <- 0xFFFFFC0000000000

clint mtime 0x00000000000001C5 (mip.MTI <- 0b1, mip.STI <- 0b0)
mem[X,0x00000000800011F8] -> 0x9493
mem[X,0x00000000800011FA] -> 0x00B4
[906] [M]: 0x00000000800011F8 (0x00B49493) slli x9, x9, 0xb                         spcl_M2mmode_test+20
x9 <- 0xFFE0000000000000

mem[X,0x00000000800011FC] -> 0x8493
mem[X,0x00000000800011FE] -> 0x0034
[907] [M]: 0x00000000800011FC (0x00348493) addi x9, x9, 0x3                         spcl_M2mmode_test+24
x9 <- 0xFFE0000000000003

clint mtime 0x00000000000001C6 (mip.MTI <- 0b1, mip.STI <- 0b0)
mem[X,0x0000000080001200] -> 0x9493
mem[X,0x0000000080001202] -> 0x00A4
[908] [M]: 0x0000000080001200 (0x00A49493) slli x9, x9, 0xa                         spcl_M2mmode_test+28
x9 <- 0x8000000000000C00

mem[X,0x0000000080001204] -> 0x8493
mem[X,0x0000000080001206] -> 0x3FC4
[909] [M]: 0x0000000080001204 (0x3FC48493) addi x9, x9, 0x3fc                       spcl_M2mmode_test+32
x9 <- 0x8000000000000FFC

clint mtime 0x00000000000001C7 (mip.MTI <- 0b1, mip.STI <- 0b0)
mem[X,0x0000000080001208] -> 0xF4B3
mem[X,0x000000008000120A] -> 0x00A4
[910] [M]: 0x0000000080001208 (0x00A4F4B3) and x9, x9, x10                          spcl_M2mmode_test+36
x9 <- 0x0000000000000008

mem[X,0x000000008000120C] -> 0x8493
mem[X,0x000000008000120E] -> 0xFF84
[911] [M]: 0x000000008000120C (0xFF848493) addi x9, x9, -0x8                        spcl_M2mmode_test+40
x9 <- 0x0000000000000000

clint mtime 0x00000000000001C8 (mip.MTI <- 0b1, mip.STI <- 0b0)
mem[X,0x0000000080001210] -> 0x9663
mem[X,0x0000000080001212] -> 0x0004
[912] [M]: 0x0000000080001210 (0x00049663) bne x9, x0, 0xc                          spcl_M2mmode_test+44

mem[X,0x0000000080001214] -> 0x3383
mem[X,0x0000000080001216] -> 0x2901
[913] [M]: 0x0000000080001214 (0x29013383) ld x7, 0x290(x2)                         spcl_M2mmode_test+48
mem[R,0x0000000080004290] -> 0x0000000000000000
x7 <- 0x0000000000000000

clint mtime 0x00000000000001C9 (mip.MTI <- 0b1, mip.STI <- 0b0)
mem[X,0x0000000080001218] -> 0x8663
mem[X,0x000000008000121A] -> 0x6E03
[914] [M]: 0x0000000080001218 (0x6E038663) beq x7, x0, 0x6ec                        spcl_M2mmode_test+52

mem[X,0x0000000080001904] -> 0x0493
mem[X,0x0000000080001906] -> 0xFF55
[915] [M]: 0x0000000080001904 (0xFF550493) addi x9, x10, -0xb                       rtn2mmode+0
x9 <- 0xFFFFFFFFFFFFFFFE

clint mtime 0x00000000000001CA (mip.MTI <- 0b1, mip.STI <- 0b0)
mem[X,0x0000000080001908] -> 0x8C63
mem[X,0x000000008000190A] -> 0x0004
[916] [M]: 0x0000000080001908 (0x00048C63) beq x9, x0, 0x18                         rtn2mmode+4

mem[X,0x000000008000190C] -> 0x3583
mem[X,0x000000008000190E] -> 0x4701
[917] [M]: 0x000000008000190C (0x47013583) ld x11, 0x470(x2)                        rtn2mmode+8
mem[R,0x0000000080004470] -> 0x00060000800007BC
x11 <- 0x00060000800007BC

clint mtime 0x00000000000001CB (mip.MTI <- 0b1, mip.STI <- 0b0)
mem[X,0x0000000080001910] -> 0xD463
mem[X,0x0000000080001912] -> 0x0003
[918] [M]: 0x0000000080001910 (0x0003D463) bge x7, x0, 0x8                          rtn2mmode+12

mem[X,0x0000000080001918] -> 0x3483
mem[X,0x000000008000191A] -> 0x1D81
[919] [M]: 0x0000000080001918 (0x1D813483) ld x9, 0x1d8(x2)                         from_u_s+0
mem[R,0x00000000800041D8] -> 0x00000000800007D4
x9 <- 0x00000000800007D4

clint mtime 0x00000000000001CC (mip.MTI <- 0b1, mip.STI <- 0b0)
mem[X,0x000000008000191C] -> 0x84B3
mem[X,0x000000008000191E] -> 0x40B4
[920] [M]: 0x000000008000191C (0x40B484B3) sub x9, x9, x11                          from_u_s+4
x9 <- 0xFFFA000000000018

mem[X,0x0000000080001920] -> 0x23F3
mem[X,0x0000000080001922] -> 0x3410
[921] [M]: 0x0000000080001920 (0x341023F3) csrrs x7, mepc, x0                       rtn_fm_mmode+0
CSR mepc (0x341) -> 0x0006000080000BFC
x7 <- 0x0006000080000BFC

clint mtime 0x00000000000001CD (mip.MTI <- 0b1, mip.STI <- 0b0)
mem[X,0x0000000080001924] -> 0x83B3
mem[X,0x0000000080001926] -> 0x0093
[922] [M]: 0x0000000080001924 (0x009383B3) add x7, x7, x9                           rtn_fm_mmode+4
x7 <- 0x0000000080000C14

mem[X,0x0000000080001928] -> 0x3303
mem[X,0x000000008000192A] -> 0x2601
[923] [M]: 0x0000000080001928 (0x26013303) ld x6, 0x260(x2)                         rtn_fm_mmode+8
mem[R,0x0000000080004260] -> 0x0006000000000008
x6 <- 0x0006000000000008

clint mtime 0x00000000000001CE (mip.MTI <- 0b1, mip.STI <- 0b0)
mem[X,0x000000008000192C] -> 0x3403
mem[X,0x000000008000192E] -> 0x2701
[924] [M]: 0x000000008000192C (0x27013403) ld x8, 0x270(x2)                         rtn_fm_mmode+12
mem[R,0x0000000080004270] -> 0x0000000000007F76
x8 <- 0x0000000000007F76

mem[X,0x0000000080001930] -> 0x3483
mem[X,0x0000000080001932] -> 0x2781
[925] [M]: 0x0000000080001930 (0x27813483) ld x9, 0x278(x2)                         rtn_fm_mmode+16
mem[R,0x0000000080004278] -> 0x000C000080000B64
x9 <- 0x000C000080000B64

clint mtime 0x00000000000001CF (mip.MTI <- 0b1, mip.STI <- 0b0)
mem[X,0x0000000080001934] -> 0x3503
mem[X,0x0000000080001936] -> 0x2801
[926] [M]: 0x0000000080001934 (0x28013503) ld x10, 0x280(x2)                        rtn_fm_mmode+20
mem[R,0x0000000080004280] -> 0x20000000000000CF
x10 <- 0x20000000000000CF

mem[X,0x0000000080001938] -> 0x3583
mem[X,0x000000008000193A] -> 0x2881
[927] [M]: 0x0000000080001938 (0x28813583) ld x11, 0x288(x2)                        rtn_fm_mmode+24
mem[R,0x0000000080004288] -> 0x20000000000000CF
x11 <- 0x20000000000000CF

clint mtime 0x00000000000001D0 (mip.MTI <- 0b1, mip.STI <- 0b0)
mem[X,0x000000008000193C] -> 0x3103
mem[X,0x000000008000193E] -> 0x2901
[928] [M]: 0x000000008000193C (0x29013103) ld x2, 0x290(x2)                         rtn_fm_mmode+28
mem[R,0x0000000080004290] -> 0x0000000000000000
x2 <- 0x0000000000000000

mem[X,0x0000000080001940] -> 0x8067
mem[X,0x0000000080001942] -> 0x0043
[929] [M]: 0x0000000080001940 (0x00438067) jalr x0, 0x4(x7)                         rtn_fm_mmode+32

clint mtime 0x00000000000001D1 (mip.MTI <- 0b1, mip.STI <- 0b0)
mem[X,0x0000000080000C18] -> 0x0013
mem[X,0x0000000080000C1A] -> 0x0000
[930] [M]: 0x0000000080000C18 (0x00000013) addi x0, x0, 0x0                         main+1048

mem[X,0x0000000080000C1C] -> 0x0013
mem[X,0x0000000080000C1E] -> 0x0000
[931] [M]: 0x0000000080000C1C (0x00000013) addi x0, x0, 0x0                         main+1052

clint mtime 0x00000000000001D2 (mip.MTI <- 0b1, mip.STI <- 0b0)
mem[X,0x0000000080000C20] -> 0x051B
mem[X,0x0000000080000C22] -> 0x0000
[932] [M]: 0x0000000080000C20 (0x0000051B) addiw x10, x0, 0x0                       main+1056
x10 <- 0x0000000000000000

mem[X,0x0000000080000C24] -> 0x0001
[933] [M]: 0x0000000080000C24 (0x0001) c.nop                                        main+1060

clint mtime 0x00000000000001D3 (mip.MTI <- 0b1, mip.STI <- 0b0)
mem[X,0x0000000080000C26] -> 0x0013
mem[X,0x0000000080000C28] -> 0x0000
[934] [M]: 0x0000000080000C26 (0x00000013) addi x0, x0, 0x0                         main+1062

mem[X,0x0000000080000C2A] -> 0x0013
mem[X,0x0000000080000C2C] -> 0x0000
[935] [M]: 0x0000000080000C2A (0x00000013) addi x0, x0, 0x0                         main+1066

clint mtime 0x00000000000001D4 (mip.MTI <- 0b1, mip.STI <- 0b0)
mem[X,0x0000000080000C2E] -> 0x0013
mem[X,0x0000000080000C30] -> 0x0000
[936] [M]: 0x0000000080000C2E (0x00000013) addi x0, x0, 0x0                         main+1070

mem[X,0x0000000080000C32] -> 0x0013
mem[X,0x0000000080000C34] -> 0x0000
[937] [M]: 0x0000000080000C32 (0x00000013) addi x0, x0, 0x0                         main+1074

clint mtime 0x00000000000001D5 (mip.MTI <- 0b1, mip.STI <- 0b0)
mem[X,0x0000000080000C36] -> 0x0013
mem[X,0x0000000080000C38] -> 0x0000
[938] [M]: 0x0000000080000C36 (0x00000013) addi x0, x0, 0x0                         main+1078

mem[X,0x0000000080000C3A] -> 0x0013
mem[X,0x0000000080000C3C] -> 0x0000
[939] [M]: 0x0000000080000C3A (0x00000013) addi x0, x0, 0x0                         main+1082

clint mtime 0x00000000000001D6 (mip.MTI <- 0b1, mip.STI <- 0b0)
mem[X,0x0000000080000C3E] -> 0x0001
[940] [M]: 0x0000000080000C3E (0x0001) c.nop                                        main+1086

mem[X,0x0000000080000C40] -> 0x05B7
mem[X,0x0000000080000C42] -> 0x4000
[941] [M]: 0x0000000080000C40 (0x400005B7) lui x11, 0x40000                         main+1088
x11 <- 0x0000000040000000

clint mtime 0x00000000000001D7 (mip.MTI <- 0b1, mip.STI <- 0b0)
mem[X,0x0000000080000C44] -> 0x8593
mem[X,0x0000000080000C46] -> 0x0005
[942] [M]: 0x0000000080000C44 (0x00058593) addi x11, x11, 0x0                       main+1092
x11 <- 0x0000000040000000

mem[X,0x0000000080000C48] -> 0x9593
mem[X,0x0000000080000C4A] -> 0x00B5
[943] [M]: 0x0000000080000C48 (0x00B59593) slli x11, x11, 0xb                       main+1096
x11 <- 0x0000020000000000

clint mtime 0x00000000000001D8 (mip.MTI <- 0b1, mip.STI <- 0b0)
mem[X,0x0000000080000C4C] -> 0x8593
mem[X,0x0000000080000C4E] -> 0x0005
[944] [M]: 0x0000000080000C4C (0x00058593) addi x11, x11, 0x0                       main+1100
x11 <- 0x0000020000000000

mem[X,0x0000000080000C50] -> 0x9593
mem[X,0x0000000080000C52] -> 0x00B5
[945] [M]: 0x0000000080000C50 (0x00B59593) slli x11, x11, 0xb                       main+1104
x11 <- 0x0010000000000000

clint mtime 0x00000000000001D9 (mip.MTI <- 0b1, mip.STI <- 0b0)
mem[X,0x0000000080000C54] -> 0x8593
mem[X,0x0000000080000C56] -> 0x0005
[946] [M]: 0x0000000080000C54 (0x00058593) addi x11, x11, 0x0                       main+1108
x11 <- 0x0010000000000000

mem[X,0x0000000080000C58] -> 0x9593
mem[X,0x0000000080000C5A] -> 0x00A5
[947] [M]: 0x0000000080000C58 (0x00A59593) slli x11, x11, 0xa                       main+1112
x11 <- 0x4000000000000000

clint mtime 0x00000000000001DA (mip.MTI <- 0b1, mip.STI <- 0b0)
mem[X,0x0000000080000C5C] -> 0x8593
mem[X,0x0000000080000C5E] -> 0x0CF5
[948] [M]: 0x0000000080000C5C (0x0CF58593) addi x11, x11, 0xcf                      main+1116
x11 <- 0x40000000000000CF

mem[X,0x0000000080000C60] -> 0x5513
mem[X,0x0000000080000C62] -> 0x00C5
[949] [M]: 0x0000000080000C60 (0x00C55513) srli x10, x10, 0xc                       main+1120
x10 <- 0x0000000000000000

clint mtime 0x00000000000001DB (mip.MTI <- 0b1, mip.STI <- 0b0)
mem[X,0x0000000080000C64] -> 0x1513
mem[X,0x0000000080000C66] -> 0x00A5
[950] [M]: 0x0000000080000C64 (0x00A51513) slli x10, x10, 0xa                       main+1124
x10 <- 0x0000000000000000

mem[X,0x0000000080000C68] -> 0x6533
mem[X,0x0000000080000C6A] -> 0x00B5
[951] [M]: 0x0000000080000C68 (0x00B56533) or x10, x10, x11                         main+1128
x10 <- 0x40000000000000CF

clint mtime 0x00000000000001DC (mip.MTI <- 0b1, mip.STI <- 0b0)
mem[X,0x0000000080000C6C] -> 0x0013
mem[X,0x0000000080000C6E] -> 0x0000
[952] [M]: 0x0000000080000C6C (0x00000013) addi x0, x0, 0x0                         main+1132

mem[X,0x0000000080000C70] -> 0x0013
mem[X,0x0000000080000C72] -> 0x0000
[953] [M]: 0x0000000080000C70 (0x00000013) addi x0, x0, 0x0                         main+1136

clint mtime 0x00000000000001DD (mip.MTI <- 0b1, mip.STI <- 0b0)
mem[X,0x0000000080000C74] -> 0x0013
mem[X,0x0000000080000C76] -> 0x0000
[954] [M]: 0x0000000080000C74 (0x00000013) addi x0, x0, 0x0                         main+1140

mem[X,0x0000000080000C78] -> 0x0013
mem[X,0x0000000080000C7A] -> 0x0000
[955] [M]: 0x0000000080000C78 (0x00000013) addi x0, x0, 0x0                         main+1144

clint mtime 0x00000000000001DE (mip.MTI <- 0b1, mip.STI <- 0b0)
mem[X,0x0000000080000C7C] -> 0x0013
mem[X,0x0000000080000C7E] -> 0x0000
[956] [M]: 0x0000000080000C7C (0x00000013) addi x0, x0, 0x0                         main+1148

mem[X,0x0000000080000C80] -> 0x4317
mem[X,0x0000000080000C82] -> 0x0000
[957] [M]: 0x0000000080000C80 (0x00004317) auipc x6, 0x4                            main+1152
x6 <- 0x0000000080004C80

clint mtime 0x00000000000001DF (mip.MTI <- 0b1, mip.STI <- 0b0)
mem[X,0x0000000080000C84] -> 0x0313
mem[X,0x0000000080000C86] -> 0x3803
[958] [M]: 0x0000000080000C84 (0x38030313) addi x6, x6, 0x380                       main+1156
x6 <- 0x0000000080005000

mem[X,0x0000000080000C88] -> 0x0001
[959] [M]: 0x0000000080000C88 (0x0001) c.nop                                        main+1160

clint mtime 0x00000000000001E0 (mip.MTI <- 0b1, mip.STI <- 0b0)
mem[X,0x0000000080000C8A] -> 0x0013
mem[X,0x0000000080000C8C] -> 0x0000
[960] [M]: 0x0000000080000C8A (0x00000013) addi x0, x0, 0x0                         main+1162

mem[X,0x0000000080000C8E] -> 0x0013
mem[X,0x0000000080000C90] -> 0x0000
[961] [M]: 0x0000000080000C8E (0x00000013) addi x0, x0, 0x0                         main+1166

clint mtime 0x00000000000001E1 (mip.MTI <- 0b1, mip.STI <- 0b0)
mem[X,0x0000000080000C92] -> 0x0013
mem[X,0x0000000080000C94] -> 0x0000
[962] [M]: 0x0000000080000C92 (0x00000013) addi x0, x0, 0x0                         main+1170

mem[X,0x0000000080000C96] -> 0x0013
mem[X,0x0000000080000C98] -> 0x0000
[963] [M]: 0x0000000080000C96 (0x00000013) addi x0, x0, 0x0                         main+1174

clint mtime 0x00000000000001E2 (mip.MTI <- 0b1, mip.STI <- 0b0)
mem[X,0x0000000080000C9A] -> 0x0013
mem[X,0x0000000080000C9C] -> 0x0000
[964] [M]: 0x0000000080000C9A (0x00000013) addi x0, x0, 0x0                         main+1178

mem[X,0x0000000080000C9E] -> 0x0001
[965] [M]: 0x0000000080000C9E (0x0001) c.nop                                        main+1182

clint mtime 0x00000000000001E3 (mip.MTI <- 0b1, mip.STI <- 0b0)
mem[X,0x0000000080000CA0] -> 0x0293
mem[X,0x0000000080000CA2] -> 0x0280
[966] [M]: 0x0000000080000CA0 (0x02800293) addi x5, x0, 0x28                        main+1184
x5 <- 0x0000000000000028

mem[X,0x0000000080000CA4] -> 0x0333
mem[X,0x0000000080000CA6] -> 0x0053
[967] [M]: 0x0000000080000CA4 (0x00530333) add x6, x6, x5                           main+1188
x6 <- 0x0000000080005028

clint mtime 0x00000000000001E4 (mip.MTI <- 0b1, mip.STI <- 0b0)
mem[X,0x0000000080000CA8] -> 0x3023
mem[X,0x0000000080000CAA] -> 0x00A3
[968] [M]: 0x0000000080000CA8 (0x00A33023) sd x10, 0x0(x6)                          main+1192
mem[W,0x0000000080005028] <- 0x40000000000000CF

mem[X,0x0000000080000CAC] -> 0x0073
mem[X,0x0000000080000CAE] -> 0x1200
[969] [M]: 0x0000000080000CAC (0x12000073) sfence.vma x0, x0                        main+1196

clint mtime 0x00000000000001E5 (mip.MTI <- 0b1, mip.STI <- 0b0)
mem[X,0x0000000080000CB0] -> 0x0493
mem[X,0x0000000080000CB2] -> 0x0010
[970] [M]: 0x0000000080000CB0 (0x00100493) addi x9, x0, 0x1                         main+1200
x9 <- 0x0000000000000001

mem[X,0x0000000080000CB4] -> 0x9493
mem[X,0x0000000080000CB6] -> 0x00B4
[971] [M]: 0x0000000080000CB4 (0x00B49493) slli x9, x9, 0xb                         main+1204
x9 <- 0x0000000000000800

clint mtime 0x00000000000001E6 (mip.MTI <- 0b1, mip.STI <- 0b0)
mem[X,0x0000000080000CB8] -> 0xB073
mem[X,0x0000000080000CBA] -> 0x3004
[972] [M]: 0x0000000080000CB8 (0x3004B073) csrrc x0, mstatus, x9                    main+1208
CSR mstatus (0x300) <- 0x0000000A00000000

mem[X,0x0000000080000CBC] -> 0x0493
mem[X,0x0000000080000CBE] -> 0x0010
[973] [M]: 0x0000000080000CBC (0x00100493) addi x9, x0, 0x1                         main+1212
x9 <- 0x0000000000000001

clint mtime 0x00000000000001E7 (mip.MTI <- 0b1, mip.STI <- 0b0)
mem[X,0x0000000080000CC0] -> 0x9493
mem[X,0x0000000080000CC2] -> 0x00B4
[974] [M]: 0x0000000080000CC0 (0x00B49493) slli x9, x9, 0xb                         main+1216
x9 <- 0x0000000000000800

mem[X,0x0000000080000CC4] -> 0xA073
mem[X,0x0000000080000CC6] -> 0x3004
[975] [M]: 0x0000000080000CC4 (0x3004A073) csrrs x0, mstatus, x9                    main+1220
CSR mstatus (0x300) <- 0x0000000A00000800

clint mtime 0x00000000000001E8 (mip.MTI <- 0b1, mip.STI <- 0b0)
mem[X,0x0000000080000CC8] -> 0x23F3
mem[X,0x0000000080000CCA] -> 0x3400
[976] [M]: 0x0000000080000CC8 (0x340023F3) csrrs x7, mscratch, x0                   main+1224
CSR mscratch (0x340) -> 0x0000000080004000
x7 <- 0x0000000080004000

mem[X,0x0000000080000CCC] -> 0xB303
mem[X,0x0000000080000CCE] -> 0x4703
[977] [M]: 0x0000000080000CCC (0x4703B303) ld x6, 0x470(x7)                         main+1228
mem[R,0x0000000080004470] -> 0x00060000800007BC
x6 <- 0x00060000800007BC

clint mtime 0x00000000000001E9 (mip.MTI <- 0b1, mip.STI <- 0b0)
mem[X,0x0000000080000CD0] -> 0xB483
mem[X,0x0000000080000CD2] -> 0x1D83
[978] [M]: 0x0000000080000CD0 (0x1D83B483) ld x9, 0x1d8(x7)                         main+1232
mem[R,0x00000000800041D8] -> 0x00000000800007D4
x9 <- 0x00000000800007D4

mem[X,0x0000000080000CD4] -> 0x0333
mem[X,0x0000000080000CD6] -> 0x4093
[979] [M]: 0x0000000080000CD4 (0x40930333) sub x6, x6, x9                           main+1236
x6 <- 0x0005FFFFFFFFFFE8

clint mtime 0x00000000000001EA (mip.MTI <- 0b1, mip.STI <- 0b0)
mem[X,0x0000000080000CD8] -> 0x0313
mem[X,0x0000000080000CDA] -> 0x0103
[980] [M]: 0x0000000080000CD8 (0x01030313) addi x6, x6, 0x10                        main+1240
x6 <- 0x0005FFFFFFFFFFF8

mem[X,0x0000000080000CDC] -> 0x0497
mem[X,0x0000000080000CDE] -> 0x0000
[981] [M]: 0x0000000080000CDC (0x00000497) auipc x9, 0x0                            main+1244
x9 <- 0x0000000080000CDC

clint mtime 0x00000000000001EB (mip.MTI <- 0b1, mip.STI <- 0b0)
mem[X,0x0000000080000CE0] -> 0x84B3
mem[X,0x0000000080000CE2] -> 0x0064
[982] [M]: 0x0000000080000CE0 (0x006484B3) add x9, x9, x6                           main+1248
x9 <- 0x0006000080000CD4

mem[X,0x0000000080000CE4] -> 0x94F3
mem[X,0x0000000080000CE6] -> 0x3414
[983] [M]: 0x0000000080000CE4 (0x341494F3) csrrw x9, mepc, x9                       main+1252
CSR mepc (0x341) <- 0x0006000080000CD4
x9 <- 0x0006000080000BFC

clint mtime 0x00000000000001EC (mip.MTI <- 0b1, mip.STI <- 0b0)
mem[X,0x0000000080000CE8] -> 0x0073
mem[X,0x0000000080000CEA] -> 0x3020
[984] [M]: 0x0000000080000CE8 (0x30200073) mret                                     main+1256
CSR mstatus (0x300) <- 0x0000000A00000080
ret-ing from M to S

PTW: Start, vpn=0x6000080000, access_type=X, privilege=Smem[R,0x0000000080005030] -> 0x00000000000000CB
PTW: Step, level=4, pte=0xCB, pte_addr=0x80005030
PTW: Success, final_ppn=0x80000, level=4mem[X,0x0000000080000CD4] -> 0x0333
mem[X,0x0000000080000CD6] -> 0x4093
[985] [S]: 0x0006000080000CD4 (0x40930333) sub x6, x6, x9                           va_rvtest_code_begin+1304
x6 <- 0xFFFFFFFF7FFFF3FC

clint mtime 0x00000000000001ED (mip.MTI <- 0b1, mip.STI <- 0b0)
mem[X,0x0000000080000CD8] -> 0x0313
mem[X,0x0000000080000CDA] -> 0x0103
[986] [S]: 0x0006000080000CD8 (0x01030313) addi x6, x6, 0x10                        va_rvtest_code_begin+1308
x6 <- 0xFFFFFFFF7FFFF40C

mem[X,0x0000000080000CDC] -> 0x0497
mem[X,0x0000000080000CDE] -> 0x0000
[987] [S]: 0x0006000080000CDC (0x00000497) auipc x9, 0x0                            va_rvtest_code_begin+1312
x9 <- 0x0006000080000CDC

clint mtime 0x00000000000001EE (mip.MTI <- 0b1, mip.STI <- 0b0)
mem[X,0x0000000080000CE0] -> 0x84B3
mem[X,0x0000000080000CE2] -> 0x0064
[988] [S]: 0x0006000080000CE0 (0x006484B3) add x9, x9, x6                           va_rvtest_code_begin+1316
x9 <- 0x00060000000000E8

mem[X,0x0000000080000CE4] -> 0x94F3
mem[X,0x0000000080000CE6] -> 0x3414
[989] [S]: 0x0006000080000CE4 (0x341494F3) csrrw x9, mepc, x9                       va_rvtest_code_begin+1320
trapping from S to M to handle illegal-instruction
handling exc#illegal-instruction at priv M with tval 0x00000000341494F3
CSR mstatus (0x300) <- 0x0000000A00000800
CSR mcause (0x342) <- 0x0000000000000002
CSR mtval (0x343) <- 0x00000000341494F3
CSR mepc (0x341) <- 0x0006000080000CE4

clint mtime 0x00000000000001EF (mip.MTI <- 0b1, mip.STI <- 0b0)
mem[X,0x0000000080001000] -> 0x006F
mem[X,0x0000000080001002] -> 0x1000
[990] [M]: 0x0000000080001000 (0x1000006F) jal x0, 0x100                            Mtrampoline+0

mem[X,0x0000000080001100] -> 0x1173
mem[X,0x0000000080001102] -> 0x3401
[991] [M]: 0x0000000080001100 (0x34011173) csrrw x2, mscratch, x2                   trap_Mhandler+0
CSR mscratch (0x340) <- 0x0000000000000000
x2 <- 0x0000000080004000

clint mtime 0x00000000000001F0 (mip.MTI <- 0b1, mip.STI <- 0b0)
mem[X,0x0000000080001104] -> 0x3423
mem[X,0x0000000080001106] -> 0x28B1
[992] [M]: 0x0000000080001104 (0x28B13423) sd x11, 0x288(x2)                        trap_Mhandler+4
mem[W,0x0000000080004288] <- 0x40000000000000CF

mem[X,0x0000000080001108] -> 0x05EF
mem[X,0x000000008000110A] -> 0x0B80
[993] [M]: 0x0000000080001108 (0x0B8005EF) jal x11, 0xb8                            trap_Mhandler+8
x11 <- 0x000000008000110C

clint mtime 0x00000000000001F1 (mip.MTI <- 0b1, mip.STI <- 0b0)
mem[X,0x00000000800011C0] -> 0x3023
mem[X,0x00000000800011C2] -> 0x28A1
[994] [M]: 0x00000000800011C0 (0x28A13023) sd x10, 0x280(x2)                        common_Mhandler+0
mem[W,0x0000000080004280] <- 0x40000000000000CF

mem[X,0x00000000800011C4] -> 0x1573
mem[X,0x00000000800011C6] -> 0x3401
[995] [M]: 0x00000000800011C4 (0x34011573) csrrw x10, mscratch, x2                  common_Mhandler+4
CSR mscratch (0x340) <- 0x0000000080004000
x10 <- 0x0000000000000000

clint mtime 0x00000000000001F2 (mip.MTI <- 0b1, mip.STI <- 0b0)
mem[X,0x00000000800011C8] -> 0x3823
mem[X,0x00000000800011CA] -> 0x28A1
[996] [M]: 0x00000000800011C8 (0x28A13823) sd x10, 0x290(x2)                        common_Mhandler+8
mem[W,0x0000000080004290] <- 0x0000000000000000

mem[X,0x00000000800011CC] -> 0x3503
mem[X,0x00000000800011CE] -> 0x2301
[997] [M]: 0x00000000800011CC (0x23013503) ld x10, 0x230(x2)                        common_Mhandler+12
mem[R,0x0000000080004230] -> 0x00000000800011D4
x10 <- 0x00000000800011D4

clint mtime 0x00000000000001F3 (mip.MTI <- 0b1, mip.STI <- 0b0)
mem[X,0x00000000800011D0] -> 0x0067
mem[X,0x00000000800011D2] -> 0x0005
[998] [M]: 0x00000000800011D0 (0x00050067) jalr x0, 0x0(x10)                        common_Mhandler+16

mem[X,0x00000000800011D4] -> 0x3C23
mem[X,0x00000000800011D6] -> 0x2691
[999] [M]: 0x00000000800011D4 (0x26913C23) sd x9, 0x278(x2)                         common_Mentry+0
mem[W,0x0000000080004278] <- 0x00060000000000E8

clint mtime 0x00000000000001F4 (mip.MTI <- 0b1, mip.STI <- 0b0)
mem[X,0x00000000800011D8] -> 0x3823
mem[X,0x00000000800011DA] -> 0x2681
[1000] [M]: 0x00000000800011D8 (0x26813823) sd x8, 0x270(x2)                        common_Mentry+4
mem[W,0x0000000080004270] <- 0x0000000000007F76

mem[X,0x00000000800011DC] -> 0x3423
mem[X,0x00000000800011DE] -> 0x2671
[1001] [M]: 0x00000000800011DC (0x26713423) sd x7, 0x268(x2)                        common_Mentry+8
mem[W,0x0000000080004268] <- 0x0000000080004000

clint mtime 0x00000000000001F5 (mip.MTI <- 0b1, mip.STI <- 0b0)
mem[X,0x00000000800011E0] -> 0x3023
mem[X,0x00000000800011E2] -> 0x2661
[1002] [M]: 0x00000000800011E0 (0x26613023) sd x6, 0x260(x2)                        common_Mentry+12
mem[W,0x0000000080004260] <- 0xFFFFFFFF7FFFF40C

mem[X,0x00000000800011E4] -> 0x2573
mem[X,0x00000000800011E6] -> 0x3420
[1003] [M]: 0x00000000800011E4 (0x34202573) csrrs x10, mcause, x0                   spcl_M2mmode_test+0
CSR mcause (0x342) -> 0x0000000000000002
x10 <- 0x0000000000000002

clint mtime 0x00000000000001F6 (mip.MTI <- 0b1, mip.STI <- 0b0)
mem[X,0x00000000800011E8] -> 0x04B7
mem[X,0x00000000800011EA] -> 0x8000
[1004] [M]: 0x00000000800011E8 (0x800004B7) lui x9, -0x80000                        spcl_M2mmode_test+4
x9 <- 0xFFFFFFFF80000000

mem[X,0x00000000800011EC] -> 0x8493
mem[X,0x00000000800011EE] -> 0x0004
[1005] [M]: 0x00000000800011EC (0x00048493) addi x9, x9, 0x0                        spcl_M2mmode_test+8
x9 <- 0xFFFFFFFF80000000

clint mtime 0x00000000000001F7 (mip.MTI <- 0b1, mip.STI <- 0b0)
mem[X,0x00000000800011F0] -> 0x9493
mem[X,0x00000000800011F2] -> 0x00B4
[1006] [M]: 0x00000000800011F0 (0x00B49493) slli x9, x9, 0xb                        spcl_M2mmode_test+12
x9 <- 0xFFFFFC0000000000

mem[X,0x00000000800011F4] -> 0x8493
mem[X,0x00000000800011F6] -> 0x0004
[1007] [M]: 0x00000000800011F4 (0x00048493) addi x9, x9, 0x0                        spcl_M2mmode_test+16
x9 <- 0xFFFFFC0000000000

clint mtime 0x00000000000001F8 (mip.MTI <- 0b1, mip.STI <- 0b0)
mem[X,0x00000000800011F8] -> 0x9493
mem[X,0x00000000800011FA] -> 0x00B4
[1008] [M]: 0x00000000800011F8 (0x00B49493) slli x9, x9, 0xb                        spcl_M2mmode_test+20
x9 <- 0xFFE0000000000000

mem[X,0x00000000800011FC] -> 0x8493
mem[X,0x00000000800011FE] -> 0x0034
[1009] [M]: 0x00000000800011FC (0x00348493) addi x9, x9, 0x3                        spcl_M2mmode_test+24
x9 <- 0xFFE0000000000003

clint mtime 0x00000000000001F9 (mip.MTI <- 0b1, mip.STI <- 0b0)
mem[X,0x0000000080001200] -> 0x9493
mem[X,0x0000000080001202] -> 0x00A4
[1010] [M]: 0x0000000080001200 (0x00A49493) slli x9, x9, 0xa                        spcl_M2mmode_test+28
x9 <- 0x8000000000000C00

mem[X,0x0000000080001204] -> 0x8493
mem[X,0x0000000080001206] -> 0x3FC4
[1011] [M]: 0x0000000080001204 (0x3FC48493) addi x9, x9, 0x3fc                      spcl_M2mmode_test+32
x9 <- 0x8000000000000FFC

clint mtime 0x00000000000001FA (mip.MTI <- 0b1, mip.STI <- 0b0)
mem[X,0x0000000080001208] -> 0xF4B3
mem[X,0x000000008000120A] -> 0x00A4
[1012] [M]: 0x0000000080001208 (0x00A4F4B3) and x9, x9, x10                         spcl_M2mmode_test+36
x9 <- 0x0000000000000000

mem[X,0x000000008000120C] -> 0x8493
mem[X,0x000000008000120E] -> 0xFF84
[1013] [M]: 0x000000008000120C (0xFF848493) addi x9, x9, -0x8                       spcl_M2mmode_test+40
x9 <- 0xFFFFFFFFFFFFFFF8

clint mtime 0x00000000000001FB (mip.MTI <- 0b1, mip.STI <- 0b0)
mem[X,0x0000000080001210] -> 0x9663
mem[X,0x0000000080001212] -> 0x0004
[1014] [M]: 0x0000000080001210 (0x00049663) bne x9, x0, 0xc                         spcl_M2mmode_test+44

mem[X,0x000000008000121C] -> 0x0393
mem[X,0x000000008000121E] -> 0x0200
[1015] [M]: 0x000000008000121C (0x02000393) addi x7, x0, 0x20                       Mtrapsig_ptr_upd+0
x7 <- 0x0000000000000020

clint mtime 0x00000000000001FC (mip.MTI <- 0b1, mip.STI <- 0b0)
mem[X,0x0000000080001220] -> 0x5263
mem[X,0x0000000080001222] -> 0x0405
[1016] [M]: 0x0000000080001220 (0x04055263) bge x10, x0, 0x44                       Mtrapsig_ptr_upd+4

mem[X,0x0000000080001264] -> 0x2373
mem[X,0x0000000080001266] -> 0x3010
[1017] [M]: 0x0000000080001264 (0x30102373) csrrs x6, misa, x0                      Mxcpt_sig_sv+0
CSR misa (0x301) -> 0x800000000034112F
x6 <- 0x800000000034112F

clint mtime 0x00000000000001FD (mip.MTI <- 0b1, mip.STI <- 0b0)
mem[X,0x0000000080001268] -> 0x1313
mem[X,0x000000008000126A] -> 0x0383
[1018] [M]: 0x0000000080001268 (0x03831313) slli x6, x6, 0x38                       Mxcpt_sig_sv+4
x6 <- 0x2F00000000000000

mem[X,0x000000008000126C] -> 0x5463
mem[X,0x000000008000126E] -> 0x0003
[1019] [M]: 0x000000008000126C (0x00035463) bge x6, x0, 0x8                         Mxcpt_sig_sv+8

clint mtime 0x00000000000001FE (mip.MTI <- 0b1, mip.STI <- 0b0)
mem[X,0x0000000080001274] -> 0x3303
mem[X,0x0000000080001276] -> 0x2181
[1020] [M]: 0x0000000080001274 (0x21813303) ld x6, 0x218(x2)                        Mtrap_sig_sv+0
mem[R,0x0000000080004218] -> 0x0000000080006298
x6 <- 0x0000000080006298

mem[X,0x0000000080001278] -> 0x04B3
mem[X,0x000000008000127A] -> 0x0073
[1021] [M]: 0x0000000080001278 (0x007304B3) add x9, x6, x7                          Mtrap_sig_sv+4
x9 <- 0x00000000800062B8

clint mtime 0x00000000000001FF (mip.MTI <- 0b1, mip.STI <- 0b0)
mem[X,0x000000008000127C] -> 0x3C23
mem[X,0x000000008000127E] -> 0x2091
[1022] [M]: 0x000000008000127C (0x20913C23) sd x9, 0x218(x2)                        Mtrap_sig_sv+8
mem[W,0x0000000080004218] <- 0x00000000800062B8

mem[X,0x0000000080001280] -> 0x3403
mem[X,0x0000000080001282] -> 0x1F81
[1023] [M]: 0x0000000080001280 (0x1F813403) ld x8, 0x1f8(x2)                        Mtrap_sig_sv+12
mem[R,0x00000000800041F8] -> 0x0000000080006110
x8 <- 0x0000000080006110

clint mtime 0x0000000000000200 (mip.MTI <- 0b1, mip.STI <- 0b0)
mem[X,0x0000000080001284] -> 0x0333
mem[X,0x0000000080001286] -> 0x4083
[1024] [M]: 0x0000000080001284 (0x40830333) sub x6, x6, x8                          Mtrap_sig_sv+16
x6 <- 0x0000000000000188

mem[X,0x0000000080001288] -> 0x3403
mem[X,0x000000008000128A] -> 0x1F81
[1025] [M]: 0x0000000080001288 (0x1F813403) ld x8, 0x1f8(x2)                        Mtrap_sig_sv+20
mem[R,0x00000000800041F8] -> 0x0000000080006110
x8 <- 0x0000000080006110

clint mtime 0x0000000000000201 (mip.MTI <- 0b1, mip.STI <- 0b0)
mem[X,0x000000008000128C] -> 0x0333
mem[X,0x000000008000128E] -> 0x0083
[1026] [M]: 0x000000008000128C (0x00830333) add x6, x6, x8                          Mtrap_sig_sv+24
x6 <- 0x0000000080006298

mem[X,0x0000000080001290] -> 0x3403
mem[X,0x0000000080001292] -> 0x2401
[1027] [M]: 0x0000000080001290 (0x24013403) ld x8, 0x240(x2)                        Mtrap_sig_sv+28
mem[R,0x0000000080004240] -> 0x0000000080001000
x8 <- 0x0000000080001000

clint mtime 0x0000000000000202 (mip.MTI <- 0b1, mip.STI <- 0b0)
mem[X,0x0000000080001294] -> 0x85B3
mem[X,0x0000000080001296] -> 0x4085
[1028] [M]: 0x0000000080001294 (0x408585B3) sub x11, x11, x8                        sv_Mvect+0
x11 <- 0x000000000000010C

mem[X,0x0000000080001298] -> 0x9593
mem[X,0x000000008000129A] -> 0x0045
[1029] [M]: 0x0000000080001298 (0x00459593) slli x11, x11, 0x4                      sv_Mvect+4
x11 <- 0x00000000000010C0

clint mtime 0x0000000000000203 (mip.MTI <- 0b1, mip.STI <- 0b0)
mem[X,0x000000008000129C] -> 0xE5B3
mem[X,0x000000008000129E] -> 0x0075
[1030] [M]: 0x000000008000129C (0x0075E5B3) or x11, x11, x7                         sv_Mvect+8
x11 <- 0x00000000000010E0

mem[X,0x00000000800012A0] -> 0x8593
mem[X,0x00000000800012A2] -> 0x0035
[1031] [M]: 0x00000000800012A0 (0x00358593) addi x11, x11, 0x3                      sv_Mvect+12
x11 <- 0x00000000000010E3

clint mtime 0x0000000000000204 (mip.MTI <- 0b1, mip.STI <- 0b0)
mem[X,0x00000000800012A4] -> 0x3023
mem[X,0x00000000800012A6] -> 0x00B3
[1032] [M]: 0x00000000800012A4 (0x00B33023) sd x11, 0x0(x6)                         sv_Mvect+16
mem[W,0x0000000080006298] <- 0x00000000000010E3

mem[X,0x00000000800012A8] -> 0x3423
mem[X,0x00000000800012AA] -> 0x00A3
[1033] [M]: 0x00000000800012A8 (0x00A33423) sd x10, 0x8(x6)                         sv_Mcause+0
mem[W,0x00000000800062A0] <- 0x0000000000000002

clint mtime 0x0000000000000205 (mip.MTI <- 0b1, mip.STI <- 0b0)
mem[X,0x00000000800012AC] -> 0x4663
mem[X,0x00000000800012AE] -> 0x1A05
[1034] [M]: 0x00000000800012AC (0x1A054663) blt x10, x0, 0x1ac                      sv_Mcause+4

mem[X,0x00000000800012B0] -> 0x25F3
mem[X,0x00000000800012B2] -> 0x3000
[1035] [M]: 0x00000000800012B0 (0x300025F3) csrrs x11, mstatus, x0                  common_Mexcpt_handler+0
CSR mstatus (0x300) -> 0x0000000A00000800
x11 <- 0x0000000A00000800

clint mtime 0x0000000000000206 (mip.MTI <- 0b1, mip.STI <- 0b0)
mem[X,0x00000000800012B4] -> 0x9413
mem[X,0x00000000800012B6] -> 0x02E5
[1036] [M]: 0x00000000800012B4 (0x02E59413) slli x8, x11, 0x2e                      common_Mexcpt_handler+4
x8 <- 0x0200000000000000

mem[X,0x00000000800012B8] -> 0x5463
mem[X,0x00000000800012BA] -> 0x0004
[1037] [M]: 0x00000000800012B8 (0x00045463) bge x8, x0, 0x8                         common_Mexcpt_handler+8

clint mtime 0x0000000000000207 (mip.MTI <- 0b1, mip.STI <- 0b0)
mem[X,0x00000000800012C0] -> 0xD493
mem[X,0x00000000800012C2] -> 0x00B5
[1038] [M]: 0x00000000800012C0 (0x00B5D493) srli x9, x11, 0xb                       common_Mexcpt_handler+16
x9 <- 0x0000000001400001

mem[X,0x00000000800012C4] -> 0xF493
mem[X,0x00000000800012C6] -> 0x0034
[1039] [M]: 0x00000000800012C4 (0x0034F493) andi x9, x9, 0x3                        common_Mexcpt_handler+20
x9 <- 0x0000000000000001

clint mtime 0x0000000000000208 (mip.MTI <- 0b1, mip.STI <- 0b0)
mem[X,0x00000000800012C8] -> 0x8493
mem[X,0x00000000800012CA] -> 0x0014
[1040] [M]: 0x00000000800012C8 (0x00148493) addi x9, x9, 0x1                        common_Mexcpt_handler+24
x9 <- 0x0000000000000002

mem[X,0x00000000800012CC] -> 0xF493
mem[X,0x00000000800012CE] -> 0x0044
[1041] [M]: 0x00000000800012CC (0x0044F493) andi x9, x9, 0x4                        common_Mexcpt_handler+28
x9 <- 0x0000000000000000

clint mtime 0x0000000000000209 (mip.MTI <- 0b1, mip.STI <- 0b0)
mem[X,0x00000000800012D0] -> 0x0593
mem[X,0x00000000800012D2] -> 0x05D0
[1042] [M]: 0x00000000800012D0 (0x05D00593) addi x11, x0, 0x5d                      common_Mexcpt_handler+32
x11 <- 0x000000000000005D

mem[X,0x00000000800012D4] -> 0xD5B3
mem[X,0x00000000800012D6] -> 0x0095
[1043] [M]: 0x00000000800012D4 (0x0095D5B3) srl x11, x11, x9                        common_Mexcpt_handler+36
x11 <- 0x000000000000005D

clint mtime 0x000000000000020A (mip.MTI <- 0b1, mip.STI <- 0b0)
mem[X,0x00000000800012D8] -> 0xF593
mem[X,0x00000000800012DA] -> 0x0015
[1044] [M]: 0x00000000800012D8 (0x0015F593) andi x11, x11, 0x1                      common_Mexcpt_handler+40
x11 <- 0x0000000000000001

mem[X,0x00000000800012DC] -> 0x8EE3
mem[X,0x00000000800012DE] -> 0xF405
[1045] [M]: 0x00000000800012DC (0xF4058EE3) beq x11, x0, -0xa4                      common_Mexcpt_handler+44

clint mtime 0x000000000000020B (mip.MTI <- 0b1, mip.STI <- 0b0)
mem[X,0x00000000800012E0] -> 0x0593
mem[X,0x00000000800012E2] -> 0x2980
[1046] [M]: 0x00000000800012E0 (0x29800593) addi x11, x0, 0x298                     common_Mexcpt_handler+48
x11 <- 0x0000000000000298

mem[X,0x00000000800012E4] -> 0xF413
mem[X,0x00000000800012E6] -> 0x0014
[1047] [M]: 0x00000000800012E4 (0x0014F413) andi x8, x9, 0x1                        common_Mexcpt_handler+52
x8 <- 0x0000000000000000

clint mtime 0x000000000000020C (mip.MTI <- 0b1, mip.STI <- 0b0)
mem[X,0x00000000800012E8] -> 0x95B3
mem[X,0x00000000800012EA] -> 0x0085
[1048] [M]: 0x00000000800012E8 (0x008595B3) sll x11, x11, x8                        common_Mexcpt_handler+56
x11 <- 0x0000000000000298

mem[X,0x00000000800012EC] -> 0x9413
mem[X,0x00000000800012EE] -> 0x03D4
[1049] [M]: 0x00000000800012EC (0x03D49413) slli x8, x9, 0x3d                       common_Mexcpt_handler+60
x8 <- 0x0000000000000000

clint mtime 0x000000000000020D (mip.MTI <- 0b1, mip.STI <- 0b0)
mem[X,0x00000000800012F0] -> 0x5413
mem[X,0x00000000800012F2] -> 0x43F4
[1050] [M]: 0x00000000800012F0 (0x43F45413) srai x8, x8, 0x3f                       common_Mexcpt_handler+64
x8 <- 0x0000000000000000

mem[X,0x00000000800012F4] -> 0x4413
mem[X,0x00000000800012F6] -> 0xFFF4
[1051] [M]: 0x00000000800012F4 (0xFFF44413) xori x8, x8, -0x1                       common_Mexcpt_handler+68
x8 <- 0xFFFFFFFFFFFFFFFF

clint mtime 0x000000000000020E (mip.MTI <- 0b1, mip.STI <- 0b0)
mem[X,0x00000000800012F8] -> 0xF4B3
mem[X,0x00000000800012FA] -> 0x0085
[1052] [M]: 0x00000000800012F8 (0x0085F4B3) and x9, x11, x8                         common_Mexcpt_handler+72
x9 <- 0x0000000000000298

mem[X,0x00000000800012FC] -> 0x84B3
mem[X,0x00000000800012FE] -> 0x0024
[1053] [M]: 0x00000000800012FC (0x002484B3) add x9, x9, x2                          vmem_adj_Mepc+0
x9 <- 0x0000000080004298

clint mtime 0x000000000000020F (mip.MTI <- 0b1, mip.STI <- 0b0)
mem[X,0x0000000080001300] -> 0x23F3
mem[X,0x0000000080001302] -> 0x3410
[1054] [M]: 0x0000000080001300 (0x341023F3) csrrs x7, mepc, x0                      vmem_adj_Mepc+4
CSR mepc (0x341) -> 0x0006000080000CE4
x7 <- 0x0006000080000CE4

mem[X,0x0000000080001304] -> 0x0413
mem[X,0x0000000080001306] -> 0x0004
[1055] [M]: 0x0000000080001304 (0x00040413) addi x8, x8, 0x0                        vmem_adj_Mepc+8
x8 <- 0xFFFFFFFFFFFFFFFF

clint mtime 0x0000000000000210 (mip.MTI <- 0b1, mip.STI <- 0b0)
mem[X,0x0000000080001308] -> 0x006F
mem[X,0x000000008000130A] -> 0x0400
[1056] [M]: 0x0000000080001308 (0x0400006F) jal x0, 0x40                            vmem_adj_Mepc+12

mem[X,0x0000000080001348] -> 0x8433
mem[X,0x000000008000134A] -> 0x4083
[1057] [M]: 0x0000000080001348 (0x40838433) sub x8, x7, x8                          adj_Mepc+0
x8 <- 0x0006000080000CE5

clint mtime 0x0000000000000211 (mip.MTI <- 0b1, mip.STI <- 0b0)
mem[X,0x000000008000134C] -> 0x3823
mem[X,0x000000008000134E] -> 0x0083
[1058] [M]: 0x000000008000134C (0x00833823) sd x8, 0x10(x6)                         sv_Mepc+0
mem[W,0x00000000800062A8] <- 0x0006000080000CE5

mem[X,0x0000000080001350] -> 0x55B7
mem[X,0x0000000080001352] -> 0x0000
[1059] [M]: 0x0000000080001350 (0x000055B7) lui x11, 0x5                            sv_Mepc+4
x11 <- 0x0000000000005000

clint mtime 0x0000000000000212 (mip.MTI <- 0b1, mip.STI <- 0b0)
mem[X,0x0000000080001354] -> 0x8593
mem[X,0x0000000080001356] -> 0x6675
[1060] [M]: 0x0000000080001354 (0x66758593) addi x11, x11, 0x667                    sv_Mepc+8
x11 <- 0x0000000000005667

mem[X,0x0000000080001358] -> 0x9593
mem[X,0x000000008000135A] -> 0x0015
[1061] [M]: 0x0000000080001358 (0x00159593) slli x11, x11, 0x1                      sv_Mepc+12
x11 <- 0x000000000000ACCE

clint mtime 0x0000000000000213 (mip.MTI <- 0b1, mip.STI <- 0b0)
mem[X,0x000000008000135C] -> 0x9063
mem[X,0x000000008000135E] -> 0x02B1
[1062] [M]: 0x000000008000135C (0x02B19063) bne x3, x11, 0x20                       sv_Mepc+16

mem[X,0x0000000080001360] -> 0x2473
mem[X,0x0000000080001362] -> 0x3420
[1063] [M]: 0x0000000080001360 (0x34202473) csrrs x8, mcause, x0                    sv_Mepc+20
CSR mcause (0x342) -> 0x0000000000000002
x8 <- 0x0000000000000002

clint mtime 0x0000000000000214 (mip.MTI <- 0b1, mip.STI <- 0b0)
mem[X,0x0000000080001364] -> 0x0593
mem[X,0x0000000080001366] -> 0x00C0
[1064] [M]: 0x0000000080001364 (0x00C00593) addi x11, x0, 0xc                       sv_Mepc+24
x11 <- 0x000000000000000C

mem[X,0x0000000080001368] -> 0x0663
mem[X,0x000000008000136A] -> 0x00B4
[1065] [M]: 0x0000000080001368 (0x00B40663) beq x8, x11, 0xc                        sv_Mepc+28

clint mtime 0x0000000000000215 (mip.MTI <- 0b1, mip.STI <- 0b0)
mem[X,0x000000008000136C] -> 0x0593
mem[X,0x000000008000136E] -> 0x0010
[1066] [M]: 0x000000008000136C (0x00100593) addi x11, x0, 0x1                       sv_Mepc+32
x11 <- 0x0000000000000001

mem[X,0x0000000080001370] -> 0x1663
mem[X,0x0000000080001372] -> 0x00B4
[1067] [M]: 0x0000000080001370 (0x00B41663) bne x8, x11, 0xc                        sv_Mepc+36

clint mtime 0x0000000000000216 (mip.MTI <- 0b1, mip.STI <- 0b0)
mem[X,0x000000008000137C] -> 0xF593
mem[X,0x000000008000137E] -> 0xFFC3
[1068] [M]: 0x000000008000137C (0xFFC3F593) andi x11, x7, -0x4                      adj_Mepc_rtn+0
x11 <- 0x0006000080000CE4

mem[X,0x0000000080001380] -> 0x8593
mem[X,0x0000000080001382] -> 0x0085
[1069] [M]: 0x0000000080001380 (0x00858593) addi x11, x11, 0x8                      adj_Mepc_rtn+4
x11 <- 0x0006000080000CEC

clint mtime 0x0000000000000217 (mip.MTI <- 0b1, mip.STI <- 0b0)
mem[X,0x0000000080001384] -> 0x9073
mem[X,0x0000000080001386] -> 0x3415
[1070] [M]: 0x0000000080001384 (0x34159073) csrrw x0, mepc, x11                     adj_Mepc_rtn+8
CSR mepc (0x341) <- 0x0006000080000CEC

mem[X,0x0000000080001388] -> 0x23F3
mem[X,0x000000008000138A] -> 0x3430
[1071] [M]: 0x0000000080001388 (0x343023F3) csrrs x7, mtval, x0                     skp_adj_Mepc+0
CSR mtval (0x343) -> 0x00000000341494F3
x7 <- 0x00000000341494F3

clint mtime 0x0000000000000218 (mip.MTI <- 0b1, mip.STI <- 0b0)
mem[X,0x000000008000138C] -> 0x0413
mem[X,0x000000008000138E] -> 0x0004
[1072] [M]: 0x000000008000138C (0x00040413) addi x8, x8, 0x0                        skp_adj_Mepc+4
x8 <- 0x0000000000000002

mem[X,0x0000000080001390] -> 0x006F
mem[X,0x0000000080001392] -> 0x0840
[1073] [M]: 0x0000000080001390 (0x0840006F) jal x0, 0x84                            skp_adj_Mepc+8

clint mtime 0x0000000000000219 (mip.MTI <- 0b1, mip.STI <- 0b0)
mem[X,0x0000000080001414] -> 0x8433
mem[X,0x0000000080001416] -> 0x4083
[1074] [M]: 0x0000000080001414 (0x40838433) sub x8, x7, x8                          adj_Mtval+0
x8 <- 0x00000000341494F1

mem[X,0x0000000080001418] -> 0x3C23
mem[X,0x000000008000141A] -> 0x0083
[1075] [M]: 0x0000000080001418 (0x00833C23) sd x8, 0x18(x6)                         sv_Mtval+0
mem[W,0x00000000800062B0] <- 0x00000000341494F1

clint mtime 0x000000000000021A (mip.MTI <- 0b1, mip.STI <- 0b0)
mem[X,0x000000008000141C] -> 0x3483
mem[X,0x000000008000141E] -> 0x2181
[1076] [M]: 0x000000008000141C (0x21813483) ld x9, 0x218(x2)                        skp_Mtval+0
mem[R,0x0000000080004218] -> 0x00000000800062B8
x9 <- 0x00000000800062B8

mem[X,0x0000000080001420] -> 0x3383
mem[X,0x0000000080001422] -> 0x1F81
[1077] [M]: 0x0000000080001420 (0x1F813383) ld x7, 0x1f8(x2)                        skp_Mtval+4
mem[R,0x00000000800041F8] -> 0x0000000080006110
x7 <- 0x0000000080006110

clint mtime 0x000000000000021B (mip.MTI <- 0b1, mip.STI <- 0b0)
mem[X,0x0000000080001424] -> 0x3303
mem[X,0x0000000080001426] -> 0x2001
[1078] [M]: 0x0000000080001424 (0x20013303) ld x6, 0x200(x2)                        skp_Mtval+8
mem[R,0x0000000080004200] -> 0x0000000000000310
x6 <- 0x0000000000000310

mem[X,0x0000000080001428] -> 0x0333
mem[X,0x000000008000142A] -> 0x0073
[1079] [M]: 0x0000000080001428 (0x00730333) add x6, x6, x7                          skp_Mtval+12
x6 <- 0x0000000080006420

clint mtime 0x000000000000021C (mip.MTI <- 0b1, mip.STI <- 0b0)
mem[X,0x000000008000142C] -> 0x6AE3
mem[X,0x000000008000142E] -> 0xAE93
[1080] [M]: 0x000000008000142C (0xAE936AE3) bltu x6, x9, -0x50c                     skp_Mtval+16

mem[X,0x0000000080001430] -> 0x0393
mem[X,0x0000000080001432] -> 0x2000
[1081] [M]: 0x0000000080001430 (0x20000393) addi x7, x0, 0x200                      skp_Mtval+20
x7 <- 0x0000000000000200

clint mtime 0x000000000000021D (mip.MTI <- 0b1, mip.STI <- 0b0)
mem[X,0x0000000080001434] -> 0x006F
mem[X,0x0000000080001436] -> 0x0400
[1082] [M]: 0x0000000080001434 (0x0400006F) jal x0, 0x40                            skp_Mtval+24

mem[X,0x0000000080001474] -> 0x0417
mem[X,0x0000000080001476] -> 0x0000
[1083] [M]: 0x0000000080001474 (0x00000417) auipc x8, 0x0                           spcl_Mhandler+0
x8 <- 0x0000000080001474

clint mtime 0x000000000000021E (mip.MTI <- 0b1, mip.STI <- 0b0)
mem[X,0x0000000080001478] -> 0x0413
mem[X,0x000000008000147A] -> 0x03C4
[1084] [M]: 0x0000000080001478 (0x03C40413) addi x8, x8, 0x3c                       spcl_Mhandler+4
x8 <- 0x00000000800014B0

mem[X,0x000000008000147C] -> 0x0433
mem[X,0x000000008000147E] -> 0x0074
[1085] [M]: 0x000000008000147C (0x00740433) add x8, x8, x7                          spcl_Mhandler+8
x8 <- 0x00000000800016B0

clint mtime 0x000000000000021F (mip.MTI <- 0b1, mip.STI <- 0b0)
mem[X,0x0000000080001480] -> 0x1393
mem[X,0x0000000080001482] -> 0x0035
[1086] [M]: 0x0000000080001480 (0x00351393) slli x7, x10, 0x3                       spcl_Mhandler+12
x7 <- 0x0000000000000010

mem[X,0x0000000080001484] -> 0x0433
mem[X,0x0000000080001486] -> 0x0074
[1087] [M]: 0x0000000080001484 (0x00740433) add x8, x8, x7                          spcl_Mhandler+16
x8 <- 0x00000000800016C0

clint mtime 0x0000000000000220 (mip.MTI <- 0b1, mip.STI <- 0b0)
mem[X,0x0000000080001488] -> 0x7413
mem[X,0x000000008000148A] -> 0xFF84
[1088] [M]: 0x0000000080001488 (0xFF847413) andi x8, x8, -0x8                       spcl_Mhandler+20
x8 <- 0x00000000800016C0

mem[X,0x000000008000148C] -> 0x3403
mem[X,0x000000008000148E] -> 0x0004
[1089] [M]: 0x000000008000148C (0x00043403) ld x8, 0x0(x8)                          spcl_Mhandler+24
mem[R,0x00000000800016C0] -> 0x0000000000000005
x8 <- 0x0000000000000005

clint mtime 0x0000000000000221 (mip.MTI <- 0b1, mip.STI <- 0b0)
mem[X,0x0000000080001490] -> 0x02E3
mem[X,0x0000000080001492] -> 0xB204
[1090] [M]: 0x0000000080001490 (0xB20402E3) beq x8, x0, -0x4dc                      spcl_Mdispatch_hndling+0

mem[X,0x0000000080001494] -> 0x1393
mem[X,0x0000000080001496] -> 0x03F4
[1091] [M]: 0x0000000080001494 (0x03F41393) slli x7, x8, 0x3f                       spcl_Mdispatch_hndling+4
x7 <- 0x8000000000000000

clint mtime 0x0000000000000222 (mip.MTI <- 0b1, mip.STI <- 0b0)
mem[X,0x0000000080001498] -> 0xD863
mem[X,0x000000008000149A] -> 0x0003
[1092] [M]: 0x0000000080001498 (0x0003D863) bge x7, x0, 0x10                        spcl_Mdispatch_hndling+8

mem[X,0x000000008000149C] -> 0x5413
mem[X,0x000000008000149E] -> 0x0014
[1093] [M]: 0x000000008000149C (0x00145413) srli x8, x8, 0x1                        spcl_Mdispatch_hndling+12
x8 <- 0x0000000000000002

clint mtime 0x0000000000000223 (mip.MTI <- 0b1, mip.STI <- 0b0)
mem[X,0x00000000800014A0] -> 0x0CE3
mem[X,0x00000000800014A2] -> 0xF885
[1094] [M]: 0x00000000800014A0 (0xF8850CE3) beq x10, x8, -0x68                      spcl_Mdispatch_hndling+16

mem[X,0x0000000080001438] -> 0x3303
mem[X,0x000000008000143A] -> 0x2601
[1095] [M]: 0x0000000080001438 (0x26013303) ld x6, 0x260(x2)                        resto_Mrtn+0
mem[R,0x0000000080004260] -> 0xFFFFFFFF7FFFF40C
x6 <- 0xFFFFFFFF7FFFF40C

clint mtime 0x0000000000000224 (mip.MTI <- 0b1, mip.STI <- 0b0)
mem[X,0x000000008000143C] -> 0x3383
mem[X,0x000000008000143E] -> 0x2681
[1096] [M]: 0x000000008000143C (0x26813383) ld x7, 0x268(x2)                        resto_Mrtn+4
mem[R,0x0000000080004268] -> 0x0000000080004000
x7 <- 0x0000000080004000

mem[X,0x0000000080001440] -> 0x3403
mem[X,0x0000000080001442] -> 0x2701
[1097] [M]: 0x0000000080001440 (0x27013403) ld x8, 0x270(x2)                        resto_Mrtn+8
mem[R,0x0000000080004270] -> 0x0000000000007F76
x8 <- 0x0000000000007F76

clint mtime 0x0000000000000225 (mip.MTI <- 0b1, mip.STI <- 0b0)
mem[X,0x0000000080001444] -> 0x3483
mem[X,0x0000000080001446] -> 0x2781
[1098] [M]: 0x0000000080001444 (0x27813483) ld x9, 0x278(x2)                        resto_Mrtn+12
mem[R,0x0000000080004278] -> 0x00060000000000E8
x9 <- 0x00060000000000E8

mem[X,0x0000000080001448] -> 0x3503
mem[X,0x000000008000144A] -> 0x2801
[1099] [M]: 0x0000000080001448 (0x28013503) ld x10, 0x280(x2)                       resto_Mrtn+16
mem[R,0x0000000080004280] -> 0x40000000000000CF
x10 <- 0x40000000000000CF

clint mtime 0x0000000000000226 (mip.MTI <- 0b1, mip.STI <- 0b0)
mem[X,0x000000008000144C] -> 0x3583
mem[X,0x000000008000144E] -> 0x2881
[1100] [M]: 0x000000008000144C (0x28813583) ld x11, 0x288(x2)                       resto_Mrtn+20
mem[R,0x0000000080004288] -> 0x40000000000000CF
x11 <- 0x40000000000000CF

mem[X,0x0000000080001450] -> 0x3103
mem[X,0x0000000080001452] -> 0x2901
[1101] [M]: 0x0000000080001450 (0x29013103) ld x2, 0x290(x2)                        resto_Mrtn+24
mem[R,0x0000000080004290] -> 0x0000000000000000
x2 <- 0x0000000000000000

clint mtime 0x0000000000000227 (mip.MTI <- 0b1, mip.STI <- 0b0)
mem[X,0x0000000080001454] -> 0x0073
mem[X,0x0000000080001456] -> 0x3020
[1102] [M]: 0x0000000080001454 (0x30200073) mret                                    resto_Mrtn+28
CSR mstatus (0x300) <- 0x0000000A00000080
ret-ing from M to S

mem[X,0x0000000080000CEC] -> 0x07B7
mem[X,0x0000000080000CEE] -> 0x0005
[1103] [S]: 0x0006000080000CEC (0x000507B7) lui x15, 0x50                           va_rvtest_code_begin+1328
x15 <- 0x0000000000050000

clint mtime 0x0000000000000228 (mip.MTI <- 0b1, mip.STI <- 0b0)
mem[X,0x0000000080000CF0] -> 0x8793
mem[X,0x0000000080000CF2] -> 0x0007
[1104] [S]: 0x0006000080000CF0 (0x00078793) addi x15, x15, 0x0                      va_rvtest_code_begin+1332
x15 <- 0x0000000000050000

mem[X,0x0000000080000CF4] -> 0x9793
mem[X,0x0000000080000CF6] -> 0x00B7
[1105] [S]: 0x0006000080000CF4 (0x00B79793) slli x15, x15, 0xb                      va_rvtest_code_begin+1336
x15 <- 0x0000000028000000

clint mtime 0x0000000000000229 (mip.MTI <- 0b1, mip.STI <- 0b0)
mem[X,0x0000000080000CF8] -> 0x8793
mem[X,0x0000000080000CFA] -> 0x4007
[1106] [S]: 0x0006000080000CF8 (0x40078793) addi x15, x15, 0x400                    va_rvtest_code_begin+1340
x15 <- 0x0000000028000400

mem[X,0x0000000080000CFC] -> 0x9793
mem[X,0x0000000080000CFE] -> 0x00B7
[1107] [S]: 0x0006000080000CFC (0x00B79793) slli x15, x15, 0xb                      va_rvtest_code_begin+1344
x15 <- 0x0000014000200000

clint mtime 0x000000000000022A (mip.MTI <- 0b1, mip.STI <- 0b0)
mem[X,0x0000000080000D00] -> 0x8793
mem[X,0x0000000080000D02] -> 0x0017
[1108] [S]: 0x0006000080000D00 (0x00178793) addi x15, x15, 0x1                      va_rvtest_code_begin+1348
x15 <- 0x0000014000200001

mem[X,0x0000000080000D04] -> 0x9793
mem[X,0x0000000080000D06] -> 0x00A7
[1109] [S]: 0x0006000080000D04 (0x00A79793) slli x15, x15, 0xa                      va_rvtest_code_begin+1352
x15 <- 0x0005000080000400

clint mtime 0x000000000000022B (mip.MTI <- 0b1, mip.STI <- 0b0)
mem[X,0x0000000080000D08] -> 0x0613
mem[X,0x0000000080000D0A] -> 0x0106
[1110] [S]: 0x0006000080000D08 (0x01060613) addi x12, x12, 0x10                     va_rvtest_code_begin+1356
x12 <- 0x0000000000000020

mem[X,0x0000000080000D0C] -> 0xAA23
mem[X,0x0000000080000D0E] -> 0x00C7
[1111] [S]: 0x0006000080000D0C (0x00C7AA23) sw x12, 0x14(x15)                       va_rvtest_code_begin+1360
PTW: Start, vpn=0x5000080000, access_type=W, privilege=Smem[R,0x0000000080005028] -> 0x40000000000000CF
PTW: Step, level=4, pte=0x40000000000000CF, pte_addr=0x80005028
PTW: failed, error=invalid-pte, level=4, pte_addr=0x80005028
trapping from S to M to handle store/amo-page-fault
handling exc#store/amo-page-fault at priv M with tval 0x0005000080000414
CSR mstatus (0x300) <- 0x0000000A00000800
CSR mcause (0x342) <- 0x000000000000000F
CSR mtval (0x343) <- 0x0005000080000414
CSR mepc (0x341) <- 0x0006000080000D0C

clint mtime 0x000000000000022C (mip.MTI <- 0b1, mip.STI <- 0b0)
mem[X,0x0000000080001000] -> 0x006F
mem[X,0x0000000080001002] -> 0x1000
[1112] [M]: 0x0000000080001000 (0x1000006F) jal x0, 0x100                           Mtrampoline+0

mem[X,0x0000000080001100] -> 0x1173
mem[X,0x0000000080001102] -> 0x3401
[1113] [M]: 0x0000000080001100 (0x34011173) csrrw x2, mscratch, x2                  trap_Mhandler+0
CSR mscratch (0x340) <- 0x0000000000000000
x2 <- 0x0000000080004000

clint mtime 0x000000000000022D (mip.MTI <- 0b1, mip.STI <- 0b0)
mem[X,0x0000000080001104] -> 0x3423
mem[X,0x0000000080001106] -> 0x28B1
[1114] [M]: 0x0000000080001104 (0x28B13423) sd x11, 0x288(x2)                       trap_Mhandler+4
mem[W,0x0000000080004288] <- 0x40000000000000CF

mem[X,0x0000000080001108] -> 0x05EF
mem[X,0x000000008000110A] -> 0x0B80
[1115] [M]: 0x0000000080001108 (0x0B8005EF) jal x11, 0xb8                           trap_Mhandler+8
x11 <- 0x000000008000110C

clint mtime 0x000000000000022E (mip.MTI <- 0b1, mip.STI <- 0b0)
mem[X,0x00000000800011C0] -> 0x3023
mem[X,0x00000000800011C2] -> 0x28A1
[1116] [M]: 0x00000000800011C0 (0x28A13023) sd x10, 0x280(x2)                       common_Mhandler+0
mem[W,0x0000000080004280] <- 0x40000000000000CF

mem[X,0x00000000800011C4] -> 0x1573
mem[X,0x00000000800011C6] -> 0x3401
[1117] [M]: 0x00000000800011C4 (0x34011573) csrrw x10, mscratch, x2                 common_Mhandler+4
CSR mscratch (0x340) <- 0x0000000080004000
x10 <- 0x0000000000000000

clint mtime 0x000000000000022F (mip.MTI <- 0b1, mip.STI <- 0b0)
mem[X,0x00000000800011C8] -> 0x3823
mem[X,0x00000000800011CA] -> 0x28A1
[1118] [M]: 0x00000000800011C8 (0x28A13823) sd x10, 0x290(x2)                       common_Mhandler+8
mem[W,0x0000000080004290] <- 0x0000000000000000

mem[X,0x00000000800011CC] -> 0x3503
mem[X,0x00000000800011CE] -> 0x2301
[1119] [M]: 0x00000000800011CC (0x23013503) ld x10, 0x230(x2)                       common_Mhandler+12
mem[R,0x0000000080004230] -> 0x00000000800011D4
x10 <- 0x00000000800011D4

clint mtime 0x0000000000000230 (mip.MTI <- 0b1, mip.STI <- 0b0)
mem[X,0x00000000800011D0] -> 0x0067
mem[X,0x00000000800011D2] -> 0x0005
[1120] [M]: 0x00000000800011D0 (0x00050067) jalr x0, 0x0(x10)                       common_Mhandler+16

mem[X,0x00000000800011D4] -> 0x3C23
mem[X,0x00000000800011D6] -> 0x2691
[1121] [M]: 0x00000000800011D4 (0x26913C23) sd x9, 0x278(x2)                        common_Mentry+0
mem[W,0x0000000080004278] <- 0x00060000000000E8

clint mtime 0x0000000000000231 (mip.MTI <- 0b1, mip.STI <- 0b0)
mem[X,0x00000000800011D8] -> 0x3823
mem[X,0x00000000800011DA] -> 0x2681
[1122] [M]: 0x00000000800011D8 (0x26813823) sd x8, 0x270(x2)                        common_Mentry+4
mem[W,0x0000000080004270] <- 0x0000000000007F76

mem[X,0x00000000800011DC] -> 0x3423
mem[X,0x00000000800011DE] -> 0x2671
[1123] [M]: 0x00000000800011DC (0x26713423) sd x7, 0x268(x2)                        common_Mentry+8
mem[W,0x0000000080004268] <- 0x0000000080004000

clint mtime 0x0000000000000232 (mip.MTI <- 0b1, mip.STI <- 0b0)
mem[X,0x00000000800011E0] -> 0x3023
mem[X,0x00000000800011E2] -> 0x2661
[1124] [M]: 0x00000000800011E0 (0x26613023) sd x6, 0x260(x2)                        common_Mentry+12
mem[W,0x0000000080004260] <- 0xFFFFFFFF7FFFF40C

mem[X,0x00000000800011E4] -> 0x2573
mem[X,0x00000000800011E6] -> 0x3420
[1125] [M]: 0x00000000800011E4 (0x34202573) csrrs x10, mcause, x0                   spcl_M2mmode_test+0
CSR mcause (0x342) -> 0x000000000000000F
x10 <- 0x000000000000000F

clint mtime 0x0000000000000233 (mip.MTI <- 0b1, mip.STI <- 0b0)
mem[X,0x00000000800011E8] -> 0x04B7
mem[X,0x00000000800011EA] -> 0x8000
[1126] [M]: 0x00000000800011E8 (0x800004B7) lui x9, -0x80000                        spcl_M2mmode_test+4
x9 <- 0xFFFFFFFF80000000

mem[X,0x00000000800011EC] -> 0x8493
mem[X,0x00000000800011EE] -> 0x0004
[1127] [M]: 0x00000000800011EC (0x00048493) addi x9, x9, 0x0                        spcl_M2mmode_test+8
x9 <- 0xFFFFFFFF80000000

clint mtime 0x0000000000000234 (mip.MTI <- 0b1, mip.STI <- 0b0)
mem[X,0x00000000800011F0] -> 0x9493
mem[X,0x00000000800011F2] -> 0x00B4
[1128] [M]: 0x00000000800011F0 (0x00B49493) slli x9, x9, 0xb                        spcl_M2mmode_test+12
x9 <- 0xFFFFFC0000000000

mem[X,0x00000000800011F4] -> 0x8493
mem[X,0x00000000800011F6] -> 0x0004
[1129] [M]: 0x00000000800011F4 (0x00048493) addi x9, x9, 0x0                        spcl_M2mmode_test+16
x9 <- 0xFFFFFC0000000000

clint mtime 0x0000000000000235 (mip.MTI <- 0b1, mip.STI <- 0b0)
mem[X,0x00000000800011F8] -> 0x9493
mem[X,0x00000000800011FA] -> 0x00B4
[1130] [M]: 0x00000000800011F8 (0x00B49493) slli x9, x9, 0xb                        spcl_M2mmode_test+20
x9 <- 0xFFE0000000000000

mem[X,0x00000000800011FC] -> 0x8493
mem[X,0x00000000800011FE] -> 0x0034
[1131] [M]: 0x00000000800011FC (0x00348493) addi x9, x9, 0x3                        spcl_M2mmode_test+24
x9 <- 0xFFE0000000000003

clint mtime 0x0000000000000236 (mip.MTI <- 0b1, mip.STI <- 0b0)
mem[X,0x0000000080001200] -> 0x9493
mem[X,0x0000000080001202] -> 0x00A4
[1132] [M]: 0x0000000080001200 (0x00A49493) slli x9, x9, 0xa                        spcl_M2mmode_test+28
x9 <- 0x8000000000000C00

mem[X,0x0000000080001204] -> 0x8493
mem[X,0x0000000080001206] -> 0x3FC4
[1133] [M]: 0x0000000080001204 (0x3FC48493) addi x9, x9, 0x3fc                      spcl_M2mmode_test+32
x9 <- 0x8000000000000FFC

clint mtime 0x0000000000000237 (mip.MTI <- 0b1, mip.STI <- 0b0)
mem[X,0x0000000080001208] -> 0xF4B3
mem[X,0x000000008000120A] -> 0x00A4
[1134] [M]: 0x0000000080001208 (0x00A4F4B3) and x9, x9, x10                         spcl_M2mmode_test+36
x9 <- 0x000000000000000C

mem[X,0x000000008000120C] -> 0x8493
mem[X,0x000000008000120E] -> 0xFF84
[1135] [M]: 0x000000008000120C (0xFF848493) addi x9, x9, -0x8                       spcl_M2mmode_test+40
x9 <- 0x0000000000000004

clint mtime 0x0000000000000238 (mip.MTI <- 0b1, mip.STI <- 0b0)
mem[X,0x0000000080001210] -> 0x9663
mem[X,0x0000000080001212] -> 0x0004
[1136] [M]: 0x0000000080001210 (0x00049663) bne x9, x0, 0xc                         spcl_M2mmode_test+44

mem[X,0x000000008000121C] -> 0x0393
mem[X,0x000000008000121E] -> 0x0200
[1137] [M]: 0x000000008000121C (0x02000393) addi x7, x0, 0x20                       Mtrapsig_ptr_upd+0
x7 <- 0x0000000000000020

clint mtime 0x0000000000000239 (mip.MTI <- 0b1, mip.STI <- 0b0)
mem[X,0x0000000080001220] -> 0x5263
mem[X,0x0000000080001222] -> 0x0405
[1138] [M]: 0x0000000080001220 (0x04055263) bge x10, x0, 0x44                       Mtrapsig_ptr_upd+4

mem[X,0x0000000080001264] -> 0x2373
mem[X,0x0000000080001266] -> 0x3010
[1139] [M]: 0x0000000080001264 (0x30102373) csrrs x6, misa, x0                      Mxcpt_sig_sv+0
CSR misa (0x301) -> 0x800000000034112F
x6 <- 0x800000000034112F

clint mtime 0x000000000000023A (mip.MTI <- 0b1, mip.STI <- 0b0)
mem[X,0x0000000080001268] -> 0x1313
mem[X,0x000000008000126A] -> 0x0383
[1140] [M]: 0x0000000080001268 (0x03831313) slli x6, x6, 0x38                       Mxcpt_sig_sv+4
x6 <- 0x2F00000000000000

mem[X,0x000000008000126C] -> 0x5463
mem[X,0x000000008000126E] -> 0x0003
[1141] [M]: 0x000000008000126C (0x00035463) bge x6, x0, 0x8                         Mxcpt_sig_sv+8

clint mtime 0x000000000000023B (mip.MTI <- 0b1, mip.STI <- 0b0)
mem[X,0x0000000080001274] -> 0x3303
mem[X,0x0000000080001276] -> 0x2181
[1142] [M]: 0x0000000080001274 (0x21813303) ld x6, 0x218(x2)                        Mtrap_sig_sv+0
mem[R,0x0000000080004218] -> 0x00000000800062B8
x6 <- 0x00000000800062B8

mem[X,0x0000000080001278] -> 0x04B3
mem[X,0x000000008000127A] -> 0x0073
[1143] [M]: 0x0000000080001278 (0x007304B3) add x9, x6, x7                          Mtrap_sig_sv+4
x9 <- 0x00000000800062D8

clint mtime 0x000000000000023C (mip.MTI <- 0b1, mip.STI <- 0b0)
mem[X,0x000000008000127C] -> 0x3C23
mem[X,0x000000008000127E] -> 0x2091
[1144] [M]: 0x000000008000127C (0x20913C23) sd x9, 0x218(x2)                        Mtrap_sig_sv+8
mem[W,0x0000000080004218] <- 0x00000000800062D8

mem[X,0x0000000080001280] -> 0x3403
mem[X,0x0000000080001282] -> 0x1F81
[1145] [M]: 0x0000000080001280 (0x1F813403) ld x8, 0x1f8(x2)                        Mtrap_sig_sv+12
mem[R,0x00000000800041F8] -> 0x0000000080006110
x8 <- 0x0000000080006110

clint mtime 0x000000000000023D (mip.MTI <- 0b1, mip.STI <- 0b0)
mem[X,0x0000000080001284] -> 0x0333
mem[X,0x0000000080001286] -> 0x4083
[1146] [M]: 0x0000000080001284 (0x40830333) sub x6, x6, x8                          Mtrap_sig_sv+16
x6 <- 0x00000000000001A8

mem[X,0x0000000080001288] -> 0x3403
mem[X,0x000000008000128A] -> 0x1F81
[1147] [M]: 0x0000000080001288 (0x1F813403) ld x8, 0x1f8(x2)                        Mtrap_sig_sv+20
mem[R,0x00000000800041F8] -> 0x0000000080006110
x8 <- 0x0000000080006110

clint mtime 0x000000000000023E (mip.MTI <- 0b1, mip.STI <- 0b0)
mem[X,0x000000008000128C] -> 0x0333
mem[X,0x000000008000128E] -> 0x0083
[1148] [M]: 0x000000008000128C (0x00830333) add x6, x6, x8                          Mtrap_sig_sv+24
x6 <- 0x00000000800062B8

mem[X,0x0000000080001290] -> 0x3403
mem[X,0x0000000080001292] -> 0x2401
[1149] [M]: 0x0000000080001290 (0x24013403) ld x8, 0x240(x2)                        Mtrap_sig_sv+28
mem[R,0x0000000080004240] -> 0x0000000080001000
x8 <- 0x0000000080001000

clint mtime 0x000000000000023F (mip.MTI <- 0b1, mip.STI <- 0b0)
mem[X,0x0000000080001294] -> 0x85B3
mem[X,0x0000000080001296] -> 0x4085
[1150] [M]: 0x0000000080001294 (0x408585B3) sub x11, x11, x8                        sv_Mvect+0
x11 <- 0x000000000000010C

mem[X,0x0000000080001298] -> 0x9593
mem[X,0x000000008000129A] -> 0x0045
[1151] [M]: 0x0000000080001298 (0x00459593) slli x11, x11, 0x4                      sv_Mvect+4
x11 <- 0x00000000000010C0

clint mtime 0x0000000000000240 (mip.MTI <- 0b1, mip.STI <- 0b0)
mem[X,0x000000008000129C] -> 0xE5B3
mem[X,0x000000008000129E] -> 0x0075
[1152] [M]: 0x000000008000129C (0x0075E5B3) or x11, x11, x7                         sv_Mvect+8
x11 <- 0x00000000000010E0

mem[X,0x00000000800012A0] -> 0x8593
mem[X,0x00000000800012A2] -> 0x0035
[1153] [M]: 0x00000000800012A0 (0x00358593) addi x11, x11, 0x3                      sv_Mvect+12
x11 <- 0x00000000000010E3

clint mtime 0x0000000000000241 (mip.MTI <- 0b1, mip.STI <- 0b0)
mem[X,0x00000000800012A4] -> 0x3023
mem[X,0x00000000800012A6] -> 0x00B3
[1154] [M]: 0x00000000800012A4 (0x00B33023) sd x11, 0x0(x6)                         sv_Mvect+16
mem[W,0x00000000800062B8] <- 0x00000000000010E3

mem[X,0x00000000800012A8] -> 0x3423
mem[X,0x00000000800012AA] -> 0x00A3
[1155] [M]: 0x00000000800012A8 (0x00A33423) sd x10, 0x8(x6)                         sv_Mcause+0
mem[W,0x00000000800062C0] <- 0x000000000000000F

clint mtime 0x0000000000000242 (mip.MTI <- 0b1, mip.STI <- 0b0)
mem[X,0x00000000800012AC] -> 0x4663
mem[X,0x00000000800012AE] -> 0x1A05
[1156] [M]: 0x00000000800012AC (0x1A054663) blt x10, x0, 0x1ac                      sv_Mcause+4

mem[X,0x00000000800012B0] -> 0x25F3
mem[X,0x00000000800012B2] -> 0x3000
[1157] [M]: 0x00000000800012B0 (0x300025F3) csrrs x11, mstatus, x0                  common_Mexcpt_handler+0
CSR mstatus (0x300) -> 0x0000000A00000800
x11 <- 0x0000000A00000800

clint mtime 0x0000000000000243 (mip.MTI <- 0b1, mip.STI <- 0b0)
mem[X,0x00000000800012B4] -> 0x9413
mem[X,0x00000000800012B6] -> 0x02E5
[1158] [M]: 0x00000000800012B4 (0x02E59413) slli x8, x11, 0x2e                      common_Mexcpt_handler+4
x8 <- 0x0200000000000000

mem[X,0x00000000800012B8] -> 0x5463
mem[X,0x00000000800012BA] -> 0x0004
[1159] [M]: 0x00000000800012B8 (0x00045463) bge x8, x0, 0x8                         common_Mexcpt_handler+8

clint mtime 0x0000000000000244 (mip.MTI <- 0b1, mip.STI <- 0b0)
mem[X,0x00000000800012C0] -> 0xD493
mem[X,0x00000000800012C2] -> 0x00B5
[1160] [M]: 0x00000000800012C0 (0x00B5D493) srli x9, x11, 0xb                       common_Mexcpt_handler+16
x9 <- 0x0000000001400001

mem[X,0x00000000800012C4] -> 0xF493
mem[X,0x00000000800012C6] -> 0x0034
[1161] [M]: 0x00000000800012C4 (0x0034F493) andi x9, x9, 0x3                        common_Mexcpt_handler+20
x9 <- 0x0000000000000001

clint mtime 0x0000000000000245 (mip.MTI <- 0b1, mip.STI <- 0b0)
mem[X,0x00000000800012C8] -> 0x8493
mem[X,0x00000000800012CA] -> 0x0014
[1162] [M]: 0x00000000800012C8 (0x00148493) addi x9, x9, 0x1                        common_Mexcpt_handler+24
x9 <- 0x0000000000000002

mem[X,0x00000000800012CC] -> 0xF493
mem[X,0x00000000800012CE] -> 0x0044
[1163] [M]: 0x00000000800012CC (0x0044F493) andi x9, x9, 0x4                        common_Mexcpt_handler+28
x9 <- 0x0000000000000000

clint mtime 0x0000000000000246 (mip.MTI <- 0b1, mip.STI <- 0b0)
mem[X,0x00000000800012D0] -> 0x0593
mem[X,0x00000000800012D2] -> 0x05D0
[1164] [M]: 0x00000000800012D0 (0x05D00593) addi x11, x0, 0x5d                      common_Mexcpt_handler+32
x11 <- 0x000000000000005D

mem[X,0x00000000800012D4] -> 0xD5B3
mem[X,0x00000000800012D6] -> 0x0095
[1165] [M]: 0x00000000800012D4 (0x0095D5B3) srl x11, x11, x9                        common_Mexcpt_handler+36
x11 <- 0x000000000000005D

clint mtime 0x0000000000000247 (mip.MTI <- 0b1, mip.STI <- 0b0)
mem[X,0x00000000800012D8] -> 0xF593
mem[X,0x00000000800012DA] -> 0x0015
[1166] [M]: 0x00000000800012D8 (0x0015F593) andi x11, x11, 0x1                      common_Mexcpt_handler+40
x11 <- 0x0000000000000001

mem[X,0x00000000800012DC] -> 0x8EE3
mem[X,0x00000000800012DE] -> 0xF405
[1167] [M]: 0x00000000800012DC (0xF4058EE3) beq x11, x0, -0xa4                      common_Mexcpt_handler+44

clint mtime 0x0000000000000248 (mip.MTI <- 0b1, mip.STI <- 0b0)
mem[X,0x00000000800012E0] -> 0x0593
mem[X,0x00000000800012E2] -> 0x2980
[1168] [M]: 0x00000000800012E0 (0x29800593) addi x11, x0, 0x298                     common_Mexcpt_handler+48
x11 <- 0x0000000000000298

mem[X,0x00000000800012E4] -> 0xF413
mem[X,0x00000000800012E6] -> 0x0014
[1169] [M]: 0x00000000800012E4 (0x0014F413) andi x8, x9, 0x1                        common_Mexcpt_handler+52
x8 <- 0x0000000000000000

clint mtime 0x0000000000000249 (mip.MTI <- 0b1, mip.STI <- 0b0)
mem[X,0x00000000800012E8] -> 0x95B3
mem[X,0x00000000800012EA] -> 0x0085
[1170] [M]: 0x00000000800012E8 (0x008595B3) sll x11, x11, x8                        common_Mexcpt_handler+56
x11 <- 0x0000000000000298

mem[X,0x00000000800012EC] -> 0x9413
mem[X,0x00000000800012EE] -> 0x03D4
[1171] [M]: 0x00000000800012EC (0x03D49413) slli x8, x9, 0x3d                       common_Mexcpt_handler+60
x8 <- 0x0000000000000000

clint mtime 0x000000000000024A (mip.MTI <- 0b1, mip.STI <- 0b0)
mem[X,0x00000000800012F0] -> 0x5413
mem[X,0x00000000800012F2] -> 0x43F4
[1172] [M]: 0x00000000800012F0 (0x43F45413) srai x8, x8, 0x3f                       common_Mexcpt_handler+64
x8 <- 0x0000000000000000

mem[X,0x00000000800012F4] -> 0x4413
mem[X,0x00000000800012F6] -> 0xFFF4
[1173] [M]: 0x00000000800012F4 (0xFFF44413) xori x8, x8, -0x1                       common_Mexcpt_handler+68
x8 <- 0xFFFFFFFFFFFFFFFF

clint mtime 0x000000000000024B (mip.MTI <- 0b1, mip.STI <- 0b0)
mem[X,0x00000000800012F8] -> 0xF4B3
mem[X,0x00000000800012FA] -> 0x0085
[1174] [M]: 0x00000000800012F8 (0x0085F4B3) and x9, x11, x8                         common_Mexcpt_handler+72
x9 <- 0x0000000000000298

mem[X,0x00000000800012FC] -> 0x84B3
mem[X,0x00000000800012FE] -> 0x0024
[1175] [M]: 0x00000000800012FC (0x002484B3) add x9, x9, x2                          vmem_adj_Mepc+0
x9 <- 0x0000000080004298

clint mtime 0x000000000000024C (mip.MTI <- 0b1, mip.STI <- 0b0)
mem[X,0x0000000080001300] -> 0x23F3
mem[X,0x0000000080001302] -> 0x3410
[1176] [M]: 0x0000000080001300 (0x341023F3) csrrs x7, mepc, x0                      vmem_adj_Mepc+4
CSR mepc (0x341) -> 0x0006000080000D0C
x7 <- 0x0006000080000D0C

mem[X,0x0000000080001304] -> 0x0413
mem[X,0x0000000080001306] -> 0x0004
[1177] [M]: 0x0000000080001304 (0x00040413) addi x8, x8, 0x0                        vmem_adj_Mepc+8
x8 <- 0xFFFFFFFFFFFFFFFF

clint mtime 0x000000000000024D (mip.MTI <- 0b1, mip.STI <- 0b0)
mem[X,0x0000000080001308] -> 0x006F
mem[X,0x000000008000130A] -> 0x0400
[1178] [M]: 0x0000000080001308 (0x0400006F) jal x0, 0x40                            vmem_adj_Mepc+12

mem[X,0x0000000080001348] -> 0x8433
mem[X,0x000000008000134A] -> 0x4083
[1179] [M]: 0x0000000080001348 (0x40838433) sub x8, x7, x8                          adj_Mepc+0
x8 <- 0x0006000080000D0D

clint mtime 0x000000000000024E (mip.MTI <- 0b1, mip.STI <- 0b0)
mem[X,0x000000008000134C] -> 0x3823
mem[X,0x000000008000134E] -> 0x0083
[1180] [M]: 0x000000008000134C (0x00833823) sd x8, 0x10(x6)                         sv_Mepc+0
mem[W,0x00000000800062C8] <- 0x0006000080000D0D

mem[X,0x0000000080001350] -> 0x55B7
mem[X,0x0000000080001352] -> 0x0000
[1181] [M]: 0x0000000080001350 (0x000055B7) lui x11, 0x5                            sv_Mepc+4
x11 <- 0x0000000000005000

clint mtime 0x000000000000024F (mip.MTI <- 0b1, mip.STI <- 0b0)
mem[X,0x0000000080001354] -> 0x8593
mem[X,0x0000000080001356] -> 0x6675
[1182] [M]: 0x0000000080001354 (0x66758593) addi x11, x11, 0x667                    sv_Mepc+8
x11 <- 0x0000000000005667

mem[X,0x0000000080001358] -> 0x9593
mem[X,0x000000008000135A] -> 0x0015
[1183] [M]: 0x0000000080001358 (0x00159593) slli x11, x11, 0x1                      sv_Mepc+12
x11 <- 0x000000000000ACCE

clint mtime 0x0000000000000250 (mip.MTI <- 0b1, mip.STI <- 0b0)
mem[X,0x000000008000135C] -> 0x9063
mem[X,0x000000008000135E] -> 0x02B1
[1184] [M]: 0x000000008000135C (0x02B19063) bne x3, x11, 0x20                       sv_Mepc+16

mem[X,0x0000000080001360] -> 0x2473
mem[X,0x0000000080001362] -> 0x3420
[1185] [M]: 0x0000000080001360 (0x34202473) csrrs x8, mcause, x0                    sv_Mepc+20
CSR mcause (0x342) -> 0x000000000000000F
x8 <- 0x000000000000000F

clint mtime 0x0000000000000251 (mip.MTI <- 0b1, mip.STI <- 0b0)
mem[X,0x0000000080001364] -> 0x0593
mem[X,0x0000000080001366] -> 0x00C0
[1186] [M]: 0x0000000080001364 (0x00C00593) addi x11, x0, 0xc                       sv_Mepc+24
x11 <- 0x000000000000000C

mem[X,0x0000000080001368] -> 0x0663
mem[X,0x000000008000136A] -> 0x00B4
[1187] [M]: 0x0000000080001368 (0x00B40663) beq x8, x11, 0xc                        sv_Mepc+28

clint mtime 0x0000000000000252 (mip.MTI <- 0b1, mip.STI <- 0b0)
mem[X,0x000000008000136C] -> 0x0593
mem[X,0x000000008000136E] -> 0x0010
[1188] [M]: 0x000000008000136C (0x00100593) addi x11, x0, 0x1                       sv_Mepc+32
x11 <- 0x0000000000000001

mem[X,0x0000000080001370] -> 0x1663
mem[X,0x0000000080001372] -> 0x00B4
[1189] [M]: 0x0000000080001370 (0x00B41663) bne x8, x11, 0xc                        sv_Mepc+36

clint mtime 0x0000000000000253 (mip.MTI <- 0b1, mip.STI <- 0b0)
mem[X,0x000000008000137C] -> 0xF593
mem[X,0x000000008000137E] -> 0xFFC3
[1190] [M]: 0x000000008000137C (0xFFC3F593) andi x11, x7, -0x4                      adj_Mepc_rtn+0
x11 <- 0x0006000080000D0C

mem[X,0x0000000080001380] -> 0x8593
mem[X,0x0000000080001382] -> 0x0085
[1191] [M]: 0x0000000080001380 (0x00858593) addi x11, x11, 0x8                      adj_Mepc_rtn+4
x11 <- 0x0006000080000D14

clint mtime 0x0000000000000254 (mip.MTI <- 0b1, mip.STI <- 0b0)
mem[X,0x0000000080001384] -> 0x9073
mem[X,0x0000000080001386] -> 0x3415
[1192] [M]: 0x0000000080001384 (0x34159073) csrrw x0, mepc, x11                     adj_Mepc_rtn+8
CSR mepc (0x341) <- 0x0006000080000D14

mem[X,0x0000000080001388] -> 0x23F3
mem[X,0x000000008000138A] -> 0x3430
[1193] [M]: 0x0000000080001388 (0x343023F3) csrrs x7, mtval, x0                     skp_adj_Mepc+0
CSR mtval (0x343) -> 0x0005000080000414
x7 <- 0x0005000080000414

clint mtime 0x0000000000000255 (mip.MTI <- 0b1, mip.STI <- 0b0)
mem[X,0x000000008000138C] -> 0x0413
mem[X,0x000000008000138E] -> 0x0004
[1194] [M]: 0x000000008000138C (0x00040413) addi x8, x8, 0x0                        skp_adj_Mepc+4
x8 <- 0x000000000000000F

mem[X,0x0000000080001390] -> 0x006F
mem[X,0x0000000080001392] -> 0x0840
[1195] [M]: 0x0000000080001390 (0x0840006F) jal x0, 0x84                            skp_adj_Mepc+8

clint mtime 0x0000000000000256 (mip.MTI <- 0b1, mip.STI <- 0b0)
mem[X,0x0000000080001414] -> 0x8433
mem[X,0x0000000080001416] -> 0x4083
[1196] [M]: 0x0000000080001414 (0x40838433) sub x8, x7, x8                          adj_Mtval+0
x8 <- 0x0005000080000405

mem[X,0x0000000080001418] -> 0x3C23
mem[X,0x000000008000141A] -> 0x0083
[1197] [M]: 0x0000000080001418 (0x00833C23) sd x8, 0x18(x6)                         sv_Mtval+0
mem[W,0x00000000800062D0] <- 0x0005000080000405

clint mtime 0x0000000000000257 (mip.MTI <- 0b1, mip.STI <- 0b0)
mem[X,0x000000008000141C] -> 0x3483
mem[X,0x000000008000141E] -> 0x2181
[1198] [M]: 0x000000008000141C (0x21813483) ld x9, 0x218(x2)                        skp_Mtval+0
mem[R,0x0000000080004218] -> 0x00000000800062D8
x9 <- 0x00000000800062D8

mem[X,0x0000000080001420] -> 0x3383
mem[X,0x0000000080001422] -> 0x1F81
[1199] [M]: 0x0000000080001420 (0x1F813383) ld x7, 0x1f8(x2)                        skp_Mtval+4
mem[R,0x00000000800041F8] -> 0x0000000080006110
x7 <- 0x0000000080006110

clint mtime 0x0000000000000258 (mip.MTI <- 0b1, mip.STI <- 0b0)
mem[X,0x0000000080001424] -> 0x3303
mem[X,0x0000000080001426] -> 0x2001
[1200] [M]: 0x0000000080001424 (0x20013303) ld x6, 0x200(x2)                        skp_Mtval+8
mem[R,0x0000000080004200] -> 0x0000000000000310
x6 <- 0x0000000000000310

mem[X,0x0000000080001428] -> 0x0333
mem[X,0x000000008000142A] -> 0x0073
[1201] [M]: 0x0000000080001428 (0x00730333) add x6, x6, x7                          skp_Mtval+12
x6 <- 0x0000000080006420

clint mtime 0x0000000000000259 (mip.MTI <- 0b1, mip.STI <- 0b0)
mem[X,0x000000008000142C] -> 0x6AE3
mem[X,0x000000008000142E] -> 0xAE93
[1202] [M]: 0x000000008000142C (0xAE936AE3) bltu x6, x9, -0x50c                     skp_Mtval+16

mem[X,0x0000000080001430] -> 0x0393
mem[X,0x0000000080001432] -> 0x2000
[1203] [M]: 0x0000000080001430 (0x20000393) addi x7, x0, 0x200                      skp_Mtval+20
x7 <- 0x0000000000000200

clint mtime 0x000000000000025A (mip.MTI <- 0b1, mip.STI <- 0b0)
mem[X,0x0000000080001434] -> 0x006F
mem[X,0x0000000080001436] -> 0x0400
[1204] [M]: 0x0000000080001434 (0x0400006F) jal x0, 0x40                            skp_Mtval+24

mem[X,0x0000000080001474] -> 0x0417
mem[X,0x0000000080001476] -> 0x0000
[1205] [M]: 0x0000000080001474 (0x00000417) auipc x8, 0x0                           spcl_Mhandler+0
x8 <- 0x0000000080001474

clint mtime 0x000000000000025B (mip.MTI <- 0b1, mip.STI <- 0b0)
mem[X,0x0000000080001478] -> 0x0413
mem[X,0x000000008000147A] -> 0x03C4
[1206] [M]: 0x0000000080001478 (0x03C40413) addi x8, x8, 0x3c                       spcl_Mhandler+4
x8 <- 0x00000000800014B0

mem[X,0x000000008000147C] -> 0x0433
mem[X,0x000000008000147E] -> 0x0074
[1207] [M]: 0x000000008000147C (0x00740433) add x8, x8, x7                          spcl_Mhandler+8
x8 <- 0x00000000800016B0

clint mtime 0x000000000000025C (mip.MTI <- 0b1, mip.STI <- 0b0)
mem[X,0x0000000080001480] -> 0x1393
mem[X,0x0000000080001482] -> 0x0035
[1208] [M]: 0x0000000080001480 (0x00351393) slli x7, x10, 0x3                       spcl_Mhandler+12
x7 <- 0x0000000000000078

mem[X,0x0000000080001484] -> 0x0433
mem[X,0x0000000080001486] -> 0x0074
[1209] [M]: 0x0000000080001484 (0x00740433) add x8, x8, x7                          spcl_Mhandler+16
x8 <- 0x0000000080001728

clint mtime 0x000000000000025D (mip.MTI <- 0b1, mip.STI <- 0b0)
mem[X,0x0000000080001488] -> 0x7413
mem[X,0x000000008000148A] -> 0xFF84
[1210] [M]: 0x0000000080001488 (0xFF847413) andi x8, x8, -0x8                       spcl_Mhandler+20
x8 <- 0x0000000080001728

mem[X,0x000000008000148C] -> 0x3403
mem[X,0x000000008000148E] -> 0x0004
[1211] [M]: 0x000000008000148C (0x00043403) ld x8, 0x0(x8)                          spcl_Mhandler+24
mem[R,0x0000000080001728] -> 0x000000000000001F
x8 <- 0x000000000000001F

clint mtime 0x000000000000025E (mip.MTI <- 0b1, mip.STI <- 0b0)
mem[X,0x0000000080001490] -> 0x02E3
mem[X,0x0000000080001492] -> 0xB204
[1212] [M]: 0x0000000080001490 (0xB20402E3) beq x8, x0, -0x4dc                      spcl_Mdispatch_hndling+0

mem[X,0x0000000080001494] -> 0x1393
mem[X,0x0000000080001496] -> 0x03F4
[1213] [M]: 0x0000000080001494 (0x03F41393) slli x7, x8, 0x3f                       spcl_Mdispatch_hndling+4
x7 <- 0x8000000000000000

clint mtime 0x000000000000025F (mip.MTI <- 0b1, mip.STI <- 0b0)
mem[X,0x0000000080001498] -> 0xD863
mem[X,0x000000008000149A] -> 0x0003
[1214] [M]: 0x0000000080001498 (0x0003D863) bge x7, x0, 0x10                        spcl_Mdispatch_hndling+8

mem[X,0x000000008000149C] -> 0x5413
mem[X,0x000000008000149E] -> 0x0014
[1215] [M]: 0x000000008000149C (0x00145413) srli x8, x8, 0x1                        spcl_Mdispatch_hndling+12
x8 <- 0x000000000000000F

clint mtime 0x0000000000000260 (mip.MTI <- 0b1, mip.STI <- 0b0)
mem[X,0x00000000800014A0] -> 0x0CE3
mem[X,0x00000000800014A2] -> 0xF885
[1216] [M]: 0x00000000800014A0 (0xF8850CE3) beq x10, x8, -0x68                      spcl_Mdispatch_hndling+16

mem[X,0x0000000080001438] -> 0x3303
mem[X,0x000000008000143A] -> 0x2601
[1217] [M]: 0x0000000080001438 (0x26013303) ld x6, 0x260(x2)                        resto_Mrtn+0
mem[R,0x0000000080004260] -> 0xFFFFFFFF7FFFF40C
x6 <- 0xFFFFFFFF7FFFF40C

clint mtime 0x0000000000000261 (mip.MTI <- 0b1, mip.STI <- 0b0)
mem[X,0x000000008000143C] -> 0x3383
mem[X,0x000000008000143E] -> 0x2681
[1218] [M]: 0x000000008000143C (0x26813383) ld x7, 0x268(x2)                        resto_Mrtn+4
mem[R,0x0000000080004268] -> 0x0000000080004000
x7 <- 0x0000000080004000

mem[X,0x0000000080001440] -> 0x3403
mem[X,0x0000000080001442] -> 0x2701
[1219] [M]: 0x0000000080001440 (0x27013403) ld x8, 0x270(x2)                        resto_Mrtn+8
mem[R,0x0000000080004270] -> 0x0000000000007F76
x8 <- 0x0000000000007F76

clint mtime 0x0000000000000262 (mip.MTI <- 0b1, mip.STI <- 0b0)
mem[X,0x0000000080001444] -> 0x3483
mem[X,0x0000000080001446] -> 0x2781
[1220] [M]: 0x0000000080001444 (0x27813483) ld x9, 0x278(x2)                        resto_Mrtn+12
mem[R,0x0000000080004278] -> 0x00060000000000E8
x9 <- 0x00060000000000E8

mem[X,0x0000000080001448] -> 0x3503
mem[X,0x000000008000144A] -> 0x2801
[1221] [M]: 0x0000000080001448 (0x28013503) ld x10, 0x280(x2)                       resto_Mrtn+16
mem[R,0x0000000080004280] -> 0x40000000000000CF
x10 <- 0x40000000000000CF

clint mtime 0x0000000000000263 (mip.MTI <- 0b1, mip.STI <- 0b0)
mem[X,0x000000008000144C] -> 0x3583
mem[X,0x000000008000144E] -> 0x2881
[1222] [M]: 0x000000008000144C (0x28813583) ld x11, 0x288(x2)                       resto_Mrtn+20
mem[R,0x0000000080004288] -> 0x40000000000000CF
x11 <- 0x40000000000000CF

mem[X,0x0000000080001450] -> 0x3103
mem[X,0x0000000080001452] -> 0x2901
[1223] [M]: 0x0000000080001450 (0x29013103) ld x2, 0x290(x2)                        resto_Mrtn+24
mem[R,0x0000000080004290] -> 0x0000000000000000
x2 <- 0x0000000000000000

clint mtime 0x0000000000000264 (mip.MTI <- 0b1, mip.STI <- 0b0)
mem[X,0x0000000080001454] -> 0x0073
mem[X,0x0000000080001456] -> 0x3020
[1224] [M]: 0x0000000080001454 (0x30200073) mret                                    resto_Mrtn+28
CSR mstatus (0x300) <- 0x0000000A00000080
ret-ing from M to S

mem[X,0x0000000080000D14] -> 0xA703
mem[X,0x0000000080000D16] -> 0x0147
[1225] [S]: 0x0006000080000D14 (0x0147A703) lw x14, 0x14(x15)                       va_rvtest_code_begin+1368
PTW: Start, vpn=0x5000080000, access_type=R, privilege=Smem[R,0x0000000080005028] -> 0x40000000000000CF
PTW: Step, level=4, pte=0x40000000000000CF, pte_addr=0x80005028
PTW: failed, error=invalid-pte, level=4, pte_addr=0x80005028
trapping from S to M to handle load-page-fault
handling exc#load-page-fault at priv M with tval 0x0005000080000414
CSR mstatus (0x300) <- 0x0000000A00000800
CSR mcause (0x342) <- 0x000000000000000D
CSR mtval (0x343) <- 0x0005000080000414
CSR mepc (0x341) <- 0x0006000080000D14

clint mtime 0x0000000000000265 (mip.MTI <- 0b1, mip.STI <- 0b0)
mem[X,0x0000000080001000] -> 0x006F
mem[X,0x0000000080001002] -> 0x1000
[1226] [M]: 0x0000000080001000 (0x1000006F) jal x0, 0x100                           Mtrampoline+0

mem[X,0x0000000080001100] -> 0x1173
mem[X,0x0000000080001102] -> 0x3401
[1227] [M]: 0x0000000080001100 (0x34011173) csrrw x2, mscratch, x2                  trap_Mhandler+0
CSR mscratch (0x340) <- 0x0000000000000000
x2 <- 0x0000000080004000

clint mtime 0x0000000000000266 (mip.MTI <- 0b1, mip.STI <- 0b0)
mem[X,0x0000000080001104] -> 0x3423
mem[X,0x0000000080001106] -> 0x28B1
[1228] [M]: 0x0000000080001104 (0x28B13423) sd x11, 0x288(x2)                       trap_Mhandler+4
mem[W,0x0000000080004288] <- 0x40000000000000CF

mem[X,0x0000000080001108] -> 0x05EF
mem[X,0x000000008000110A] -> 0x0B80
[1229] [M]: 0x0000000080001108 (0x0B8005EF) jal x11, 0xb8                           trap_Mhandler+8
x11 <- 0x000000008000110C

clint mtime 0x0000000000000267 (mip.MTI <- 0b1, mip.STI <- 0b0)
mem[X,0x00000000800011C0] -> 0x3023
mem[X,0x00000000800011C2] -> 0x28A1
[1230] [M]: 0x00000000800011C0 (0x28A13023) sd x10, 0x280(x2)                       common_Mhandler+0
mem[W,0x0000000080004280] <- 0x40000000000000CF

mem[X,0x00000000800011C4] -> 0x1573
mem[X,0x00000000800011C6] -> 0x3401
[1231] [M]: 0x00000000800011C4 (0x34011573) csrrw x10, mscratch, x2                 common_Mhandler+4
CSR mscratch (0x340) <- 0x0000000080004000
x10 <- 0x0000000000000000

clint mtime 0x0000000000000268 (mip.MTI <- 0b1, mip.STI <- 0b0)
mem[X,0x00000000800011C8] -> 0x3823
mem[X,0x00000000800011CA] -> 0x28A1
[1232] [M]: 0x00000000800011C8 (0x28A13823) sd x10, 0x290(x2)                       common_Mhandler+8
mem[W,0x0000000080004290] <- 0x0000000000000000

mem[X,0x00000000800011CC] -> 0x3503
mem[X,0x00000000800011CE] -> 0x2301
[1233] [M]: 0x00000000800011CC (0x23013503) ld x10, 0x230(x2)                       common_Mhandler+12
mem[R,0x0000000080004230] -> 0x00000000800011D4
x10 <- 0x00000000800011D4

clint mtime 0x0000000000000269 (mip.MTI <- 0b1, mip.STI <- 0b0)
mem[X,0x00000000800011D0] -> 0x0067
mem[X,0x00000000800011D2] -> 0x0005
[1234] [M]: 0x00000000800011D0 (0x00050067) jalr x0, 0x0(x10)                       common_Mhandler+16

mem[X,0x00000000800011D4] -> 0x3C23
mem[X,0x00000000800011D6] -> 0x2691
[1235] [M]: 0x00000000800011D4 (0x26913C23) sd x9, 0x278(x2)                        common_Mentry+0
mem[W,0x0000000080004278] <- 0x00060000000000E8

clint mtime 0x000000000000026A (mip.MTI <- 0b1, mip.STI <- 0b0)
mem[X,0x00000000800011D8] -> 0x3823
mem[X,0x00000000800011DA] -> 0x2681
[1236] [M]: 0x00000000800011D8 (0x26813823) sd x8, 0x270(x2)                        common_Mentry+4
mem[W,0x0000000080004270] <- 0x0000000000007F76

mem[X,0x00000000800011DC] -> 0x3423
mem[X,0x00000000800011DE] -> 0x2671
[1237] [M]: 0x00000000800011DC (0x26713423) sd x7, 0x268(x2)                        common_Mentry+8
mem[W,0x0000000080004268] <- 0x0000000080004000

clint mtime 0x000000000000026B (mip.MTI <- 0b1, mip.STI <- 0b0)
mem[X,0x00000000800011E0] -> 0x3023
mem[X,0x00000000800011E2] -> 0x2661
[1238] [M]: 0x00000000800011E0 (0x26613023) sd x6, 0x260(x2)                        common_Mentry+12
mem[W,0x0000000080004260] <- 0xFFFFFFFF7FFFF40C

mem[X,0x00000000800011E4] -> 0x2573
mem[X,0x00000000800011E6] -> 0x3420
[1239] [M]: 0x00000000800011E4 (0x34202573) csrrs x10, mcause, x0                   spcl_M2mmode_test+0
CSR mcause (0x342) -> 0x000000000000000D
x10 <- 0x000000000000000D

clint mtime 0x000000000000026C (mip.MTI <- 0b1, mip.STI <- 0b0)
mem[X,0x00000000800011E8] -> 0x04B7
mem[X,0x00000000800011EA] -> 0x8000
[1240] [M]: 0x00000000800011E8 (0x800004B7) lui x9, -0x80000                        spcl_M2mmode_test+4
x9 <- 0xFFFFFFFF80000000

mem[X,0x00000000800011EC] -> 0x8493
mem[X,0x00000000800011EE] -> 0x0004
[1241] [M]: 0x00000000800011EC (0x00048493) addi x9, x9, 0x0                        spcl_M2mmode_test+8
x9 <- 0xFFFFFFFF80000000

clint mtime 0x000000000000026D (mip.MTI <- 0b1, mip.STI <- 0b0)
mem[X,0x00000000800011F0] -> 0x9493
mem[X,0x00000000800011F2] -> 0x00B4
[1242] [M]: 0x00000000800011F0 (0x00B49493) slli x9, x9, 0xb                        spcl_M2mmode_test+12
x9 <- 0xFFFFFC0000000000

mem[X,0x00000000800011F4] -> 0x8493
mem[X,0x00000000800011F6] -> 0x0004
[1243] [M]: 0x00000000800011F4 (0x00048493) addi x9, x9, 0x0                        spcl_M2mmode_test+16
x9 <- 0xFFFFFC0000000000

clint mtime 0x000000000000026E (mip.MTI <- 0b1, mip.STI <- 0b0)
mem[X,0x00000000800011F8] -> 0x9493
mem[X,0x00000000800011FA] -> 0x00B4
[1244] [M]: 0x00000000800011F8 (0x00B49493) slli x9, x9, 0xb                        spcl_M2mmode_test+20
x9 <- 0xFFE0000000000000

mem[X,0x00000000800011FC] -> 0x8493
mem[X,0x00000000800011FE] -> 0x0034
[1245] [M]: 0x00000000800011FC (0x00348493) addi x9, x9, 0x3                        spcl_M2mmode_test+24
x9 <- 0xFFE0000000000003

clint mtime 0x000000000000026F (mip.MTI <- 0b1, mip.STI <- 0b0)
mem[X,0x0000000080001200] -> 0x9493
mem[X,0x0000000080001202] -> 0x00A4
[1246] [M]: 0x0000000080001200 (0x00A49493) slli x9, x9, 0xa                        spcl_M2mmode_test+28
x9 <- 0x8000000000000C00

mem[X,0x0000000080001204] -> 0x8493
mem[X,0x0000000080001206] -> 0x3FC4
[1247] [M]: 0x0000000080001204 (0x3FC48493) addi x9, x9, 0x3fc                      spcl_M2mmode_test+32
x9 <- 0x8000000000000FFC

clint mtime 0x0000000000000270 (mip.MTI <- 0b1, mip.STI <- 0b0)
mem[X,0x0000000080001208] -> 0xF4B3
mem[X,0x000000008000120A] -> 0x00A4
[1248] [M]: 0x0000000080001208 (0x00A4F4B3) and x9, x9, x10                         spcl_M2mmode_test+36
x9 <- 0x000000000000000C

mem[X,0x000000008000120C] -> 0x8493
mem[X,0x000000008000120E] -> 0xFF84
[1249] [M]: 0x000000008000120C (0xFF848493) addi x9, x9, -0x8                       spcl_M2mmode_test+40
x9 <- 0x0000000000000004

clint mtime 0x0000000000000271 (mip.MTI <- 0b1, mip.STI <- 0b0)
mem[X,0x0000000080001210] -> 0x9663
mem[X,0x0000000080001212] -> 0x0004
[1250] [M]: 0x0000000080001210 (0x00049663) bne x9, x0, 0xc                         spcl_M2mmode_test+44

mem[X,0x000000008000121C] -> 0x0393
mem[X,0x000000008000121E] -> 0x0200
[1251] [M]: 0x000000008000121C (0x02000393) addi x7, x0, 0x20                       Mtrapsig_ptr_upd+0
x7 <- 0x0000000000000020

clint mtime 0x0000000000000272 (mip.MTI <- 0b1, mip.STI <- 0b0)
mem[X,0x0000000080001220] -> 0x5263
mem[X,0x0000000080001222] -> 0x0405
[1252] [M]: 0x0000000080001220 (0x04055263) bge x10, x0, 0x44                       Mtrapsig_ptr_upd+4

mem[X,0x0000000080001264] -> 0x2373
mem[X,0x0000000080001266] -> 0x3010
[1253] [M]: 0x0000000080001264 (0x30102373) csrrs x6, misa, x0                      Mxcpt_sig_sv+0
CSR misa (0x301) -> 0x800000000034112F
x6 <- 0x800000000034112F

clint mtime 0x0000000000000273 (mip.MTI <- 0b1, mip.STI <- 0b0)
mem[X,0x0000000080001268] -> 0x1313
mem[X,0x000000008000126A] -> 0x0383
[1254] [M]: 0x0000000080001268 (0x03831313) slli x6, x6, 0x38                       Mxcpt_sig_sv+4
x6 <- 0x2F00000000000000

mem[X,0x000000008000126C] -> 0x5463
mem[X,0x000000008000126E] -> 0x0003
[1255] [M]: 0x000000008000126C (0x00035463) bge x6, x0, 0x8                         Mxcpt_sig_sv+8

clint mtime 0x0000000000000274 (mip.MTI <- 0b1, mip.STI <- 0b0)
mem[X,0x0000000080001274] -> 0x3303
mem[X,0x0000000080001276] -> 0x2181
[1256] [M]: 0x0000000080001274 (0x21813303) ld x6, 0x218(x2)                        Mtrap_sig_sv+0
mem[R,0x0000000080004218] -> 0x00000000800062D8
x6 <- 0x00000000800062D8

mem[X,0x0000000080001278] -> 0x04B3
mem[X,0x000000008000127A] -> 0x0073
[1257] [M]: 0x0000000080001278 (0x007304B3) add x9, x6, x7                          Mtrap_sig_sv+4
x9 <- 0x00000000800062F8

clint mtime 0x0000000000000275 (mip.MTI <- 0b1, mip.STI <- 0b0)
mem[X,0x000000008000127C] -> 0x3C23
mem[X,0x000000008000127E] -> 0x2091
[1258] [M]: 0x000000008000127C (0x20913C23) sd x9, 0x218(x2)                        Mtrap_sig_sv+8
mem[W,0x0000000080004218] <- 0x00000000800062F8

mem[X,0x0000000080001280] -> 0x3403
mem[X,0x0000000080001282] -> 0x1F81
[1259] [M]: 0x0000000080001280 (0x1F813403) ld x8, 0x1f8(x2)                        Mtrap_sig_sv+12
mem[R,0x00000000800041F8] -> 0x0000000080006110
x8 <- 0x0000000080006110

clint mtime 0x0000000000000276 (mip.MTI <- 0b1, mip.STI <- 0b0)
mem[X,0x0000000080001284] -> 0x0333
mem[X,0x0000000080001286] -> 0x4083
[1260] [M]: 0x0000000080001284 (0x40830333) sub x6, x6, x8                          Mtrap_sig_sv+16
x6 <- 0x00000000000001C8

mem[X,0x0000000080001288] -> 0x3403
mem[X,0x000000008000128A] -> 0x1F81
[1261] [M]: 0x0000000080001288 (0x1F813403) ld x8, 0x1f8(x2)                        Mtrap_sig_sv+20
mem[R,0x00000000800041F8] -> 0x0000000080006110
x8 <- 0x0000000080006110

clint mtime 0x0000000000000277 (mip.MTI <- 0b1, mip.STI <- 0b0)
mem[X,0x000000008000128C] -> 0x0333
mem[X,0x000000008000128E] -> 0x0083
[1262] [M]: 0x000000008000128C (0x00830333) add x6, x6, x8                          Mtrap_sig_sv+24
x6 <- 0x00000000800062D8

mem[X,0x0000000080001290] -> 0x3403
mem[X,0x0000000080001292] -> 0x2401
[1263] [M]: 0x0000000080001290 (0x24013403) ld x8, 0x240(x2)                        Mtrap_sig_sv+28
mem[R,0x0000000080004240] -> 0x0000000080001000
x8 <- 0x0000000080001000

clint mtime 0x0000000000000278 (mip.MTI <- 0b1, mip.STI <- 0b0)
mem[X,0x0000000080001294] -> 0x85B3
mem[X,0x0000000080001296] -> 0x4085
[1264] [M]: 0x0000000080001294 (0x408585B3) sub x11, x11, x8                        sv_Mvect+0
x11 <- 0x000000000000010C

mem[X,0x0000000080001298] -> 0x9593
mem[X,0x000000008000129A] -> 0x0045
[1265] [M]: 0x0000000080001298 (0x00459593) slli x11, x11, 0x4                      sv_Mvect+4
x11 <- 0x00000000000010C0

clint mtime 0x0000000000000279 (mip.MTI <- 0b1, mip.STI <- 0b0)
mem[X,0x000000008000129C] -> 0xE5B3
mem[X,0x000000008000129E] -> 0x0075
[1266] [M]: 0x000000008000129C (0x0075E5B3) or x11, x11, x7                         sv_Mvect+8
x11 <- 0x00000000000010E0

mem[X,0x00000000800012A0] -> 0x8593
mem[X,0x00000000800012A2] -> 0x0035
[1267] [M]: 0x00000000800012A0 (0x00358593) addi x11, x11, 0x3                      sv_Mvect+12
x11 <- 0x00000000000010E3

clint mtime 0x000000000000027A (mip.MTI <- 0b1, mip.STI <- 0b0)
mem[X,0x00000000800012A4] -> 0x3023
mem[X,0x00000000800012A6] -> 0x00B3
[1268] [M]: 0x00000000800012A4 (0x00B33023) sd x11, 0x0(x6)                         sv_Mvect+16
mem[W,0x00000000800062D8] <- 0x00000000000010E3

mem[X,0x00000000800012A8] -> 0x3423
mem[X,0x00000000800012AA] -> 0x00A3
[1269] [M]: 0x00000000800012A8 (0x00A33423) sd x10, 0x8(x6)                         sv_Mcause+0
mem[W,0x00000000800062E0] <- 0x000000000000000D

clint mtime 0x000000000000027B (mip.MTI <- 0b1, mip.STI <- 0b0)
mem[X,0x00000000800012AC] -> 0x4663
mem[X,0x00000000800012AE] -> 0x1A05
[1270] [M]: 0x00000000800012AC (0x1A054663) blt x10, x0, 0x1ac                      sv_Mcause+4

mem[X,0x00000000800012B0] -> 0x25F3
mem[X,0x00000000800012B2] -> 0x3000
[1271] [M]: 0x00000000800012B0 (0x300025F3) csrrs x11, mstatus, x0                  common_Mexcpt_handler+0
CSR mstatus (0x300) -> 0x0000000A00000800
x11 <- 0x0000000A00000800

clint mtime 0x000000000000027C (mip.MTI <- 0b1, mip.STI <- 0b0)
mem[X,0x00000000800012B4] -> 0x9413
mem[X,0x00000000800012B6] -> 0x02E5
[1272] [M]: 0x00000000800012B4 (0x02E59413) slli x8, x11, 0x2e                      common_Mexcpt_handler+4
x8 <- 0x0200000000000000

mem[X,0x00000000800012B8] -> 0x5463
mem[X,0x00000000800012BA] -> 0x0004
[1273] [M]: 0x00000000800012B8 (0x00045463) bge x8, x0, 0x8                         common_Mexcpt_handler+8

clint mtime 0x000000000000027D (mip.MTI <- 0b1, mip.STI <- 0b0)
mem[X,0x00000000800012C0] -> 0xD493
mem[X,0x00000000800012C2] -> 0x00B5
[1274] [M]: 0x00000000800012C0 (0x00B5D493) srli x9, x11, 0xb                       common_Mexcpt_handler+16
x9 <- 0x0000000001400001

mem[X,0x00000000800012C4] -> 0xF493
mem[X,0x00000000800012C6] -> 0x0034
[1275] [M]: 0x00000000800012C4 (0x0034F493) andi x9, x9, 0x3                        common_Mexcpt_handler+20
x9 <- 0x0000000000000001

clint mtime 0x000000000000027E (mip.MTI <- 0b1, mip.STI <- 0b0)
mem[X,0x00000000800012C8] -> 0x8493
mem[X,0x00000000800012CA] -> 0x0014
[1276] [M]: 0x00000000800012C8 (0x00148493) addi x9, x9, 0x1                        common_Mexcpt_handler+24
x9 <- 0x0000000000000002

mem[X,0x00000000800012CC] -> 0xF493
mem[X,0x00000000800012CE] -> 0x0044
[1277] [M]: 0x00000000800012CC (0x0044F493) andi x9, x9, 0x4                        common_Mexcpt_handler+28
x9 <- 0x0000000000000000

clint mtime 0x000000000000027F (mip.MTI <- 0b1, mip.STI <- 0b0)
mem[X,0x00000000800012D0] -> 0x0593
mem[X,0x00000000800012D2] -> 0x05D0
[1278] [M]: 0x00000000800012D0 (0x05D00593) addi x11, x0, 0x5d                      common_Mexcpt_handler+32
x11 <- 0x000000000000005D

mem[X,0x00000000800012D4] -> 0xD5B3
mem[X,0x00000000800012D6] -> 0x0095
[1279] [M]: 0x00000000800012D4 (0x0095D5B3) srl x11, x11, x9                        common_Mexcpt_handler+36
x11 <- 0x000000000000005D

clint mtime 0x0000000000000280 (mip.MTI <- 0b1, mip.STI <- 0b0)
mem[X,0x00000000800012D8] -> 0xF593
mem[X,0x00000000800012DA] -> 0x0015
[1280] [M]: 0x00000000800012D8 (0x0015F593) andi x11, x11, 0x1                      common_Mexcpt_handler+40
x11 <- 0x0000000000000001

mem[X,0x00000000800012DC] -> 0x8EE3
mem[X,0x00000000800012DE] -> 0xF405
[1281] [M]: 0x00000000800012DC (0xF4058EE3) beq x11, x0, -0xa4                      common_Mexcpt_handler+44

clint mtime 0x0000000000000281 (mip.MTI <- 0b1, mip.STI <- 0b0)
mem[X,0x00000000800012E0] -> 0x0593
mem[X,0x00000000800012E2] -> 0x2980
[1282] [M]: 0x00000000800012E0 (0x29800593) addi x11, x0, 0x298                     common_Mexcpt_handler+48
x11 <- 0x0000000000000298

mem[X,0x00000000800012E4] -> 0xF413
mem[X,0x00000000800012E6] -> 0x0014
[1283] [M]: 0x00000000800012E4 (0x0014F413) andi x8, x9, 0x1                        common_Mexcpt_handler+52
x8 <- 0x0000000000000000

clint mtime 0x0000000000000282 (mip.MTI <- 0b1, mip.STI <- 0b0)
mem[X,0x00000000800012E8] -> 0x95B3
mem[X,0x00000000800012EA] -> 0x0085
[1284] [M]: 0x00000000800012E8 (0x008595B3) sll x11, x11, x8                        common_Mexcpt_handler+56
x11 <- 0x0000000000000298

mem[X,0x00000000800012EC] -> 0x9413
mem[X,0x00000000800012EE] -> 0x03D4
[1285] [M]: 0x00000000800012EC (0x03D49413) slli x8, x9, 0x3d                       common_Mexcpt_handler+60
x8 <- 0x0000000000000000

clint mtime 0x0000000000000283 (mip.MTI <- 0b1, mip.STI <- 0b0)
mem[X,0x00000000800012F0] -> 0x5413
mem[X,0x00000000800012F2] -> 0x43F4
[1286] [M]: 0x00000000800012F0 (0x43F45413) srai x8, x8, 0x3f                       common_Mexcpt_handler+64
x8 <- 0x0000000000000000

mem[X,0x00000000800012F4] -> 0x4413
mem[X,0x00000000800012F6] -> 0xFFF4
[1287] [M]: 0x00000000800012F4 (0xFFF44413) xori x8, x8, -0x1                       common_Mexcpt_handler+68
x8 <- 0xFFFFFFFFFFFFFFFF

clint mtime 0x0000000000000284 (mip.MTI <- 0b1, mip.STI <- 0b0)
mem[X,0x00000000800012F8] -> 0xF4B3
mem[X,0x00000000800012FA] -> 0x0085
[1288] [M]: 0x00000000800012F8 (0x0085F4B3) and x9, x11, x8                         common_Mexcpt_handler+72
x9 <- 0x0000000000000298

mem[X,0x00000000800012FC] -> 0x84B3
mem[X,0x00000000800012FE] -> 0x0024
[1289] [M]: 0x00000000800012FC (0x002484B3) add x9, x9, x2                          vmem_adj_Mepc+0
x9 <- 0x0000000080004298

clint mtime 0x0000000000000285 (mip.MTI <- 0b1, mip.STI <- 0b0)
mem[X,0x0000000080001300] -> 0x23F3
mem[X,0x0000000080001302] -> 0x3410
[1290] [M]: 0x0000000080001300 (0x341023F3) csrrs x7, mepc, x0                      vmem_adj_Mepc+4
CSR mepc (0x341) -> 0x0006000080000D14
x7 <- 0x0006000080000D14

mem[X,0x0000000080001304] -> 0x0413
mem[X,0x0000000080001306] -> 0x0004
[1291] [M]: 0x0000000080001304 (0x00040413) addi x8, x8, 0x0                        vmem_adj_Mepc+8
x8 <- 0xFFFFFFFFFFFFFFFF

clint mtime 0x0000000000000286 (mip.MTI <- 0b1, mip.STI <- 0b0)
mem[X,0x0000000080001308] -> 0x006F
mem[X,0x000000008000130A] -> 0x0400
[1292] [M]: 0x0000000080001308 (0x0400006F) jal x0, 0x40                            vmem_adj_Mepc+12

mem[X,0x0000000080001348] -> 0x8433
mem[X,0x000000008000134A] -> 0x4083
[1293] [M]: 0x0000000080001348 (0x40838433) sub x8, x7, x8                          adj_Mepc+0
x8 <- 0x0006000080000D15

clint mtime 0x0000000000000287 (mip.MTI <- 0b1, mip.STI <- 0b0)
mem[X,0x000000008000134C] -> 0x3823
mem[X,0x000000008000134E] -> 0x0083
[1294] [M]: 0x000000008000134C (0x00833823) sd x8, 0x10(x6)                         sv_Mepc+0
mem[W,0x00000000800062E8] <- 0x0006000080000D15

mem[X,0x0000000080001350] -> 0x55B7
mem[X,0x0000000080001352] -> 0x0000
[1295] [M]: 0x0000000080001350 (0x000055B7) lui x11, 0x5                            sv_Mepc+4
x11 <- 0x0000000000005000

clint mtime 0x0000000000000288 (mip.MTI <- 0b1, mip.STI <- 0b0)
mem[X,0x0000000080001354] -> 0x8593
mem[X,0x0000000080001356] -> 0x6675
[1296] [M]: 0x0000000080001354 (0x66758593) addi x11, x11, 0x667                    sv_Mepc+8
x11 <- 0x0000000000005667

mem[X,0x0000000080001358] -> 0x9593
mem[X,0x000000008000135A] -> 0x0015
[1297] [M]: 0x0000000080001358 (0x00159593) slli x11, x11, 0x1                      sv_Mepc+12
x11 <- 0x000000000000ACCE

clint mtime 0x0000000000000289 (mip.MTI <- 0b1, mip.STI <- 0b0)
mem[X,0x000000008000135C] -> 0x9063
mem[X,0x000000008000135E] -> 0x02B1
[1298] [M]: 0x000000008000135C (0x02B19063) bne x3, x11, 0x20                       sv_Mepc+16

mem[X,0x0000000080001360] -> 0x2473
mem[X,0x0000000080001362] -> 0x3420
[1299] [M]: 0x0000000080001360 (0x34202473) csrrs x8, mcause, x0                    sv_Mepc+20
CSR mcause (0x342) -> 0x000000000000000D
x8 <- 0x000000000000000D

clint mtime 0x000000000000028A (mip.MTI <- 0b1, mip.STI <- 0b0)
mem[X,0x0000000080001364] -> 0x0593
mem[X,0x0000000080001366] -> 0x00C0
[1300] [M]: 0x0000000080001364 (0x00C00593) addi x11, x0, 0xc                       sv_Mepc+24
x11 <- 0x000000000000000C

mem[X,0x0000000080001368] -> 0x0663
mem[X,0x000000008000136A] -> 0x00B4
[1301] [M]: 0x0000000080001368 (0x00B40663) beq x8, x11, 0xc                        sv_Mepc+28

clint mtime 0x000000000000028B (mip.MTI <- 0b1, mip.STI <- 0b0)
mem[X,0x000000008000136C] -> 0x0593
mem[X,0x000000008000136E] -> 0x0010
[1302] [M]: 0x000000008000136C (0x00100593) addi x11, x0, 0x1                       sv_Mepc+32
x11 <- 0x0000000000000001

mem[X,0x0000000080001370] -> 0x1663
mem[X,0x0000000080001372] -> 0x00B4
[1303] [M]: 0x0000000080001370 (0x00B41663) bne x8, x11, 0xc                        sv_Mepc+36

clint mtime 0x000000000000028C (mip.MTI <- 0b1, mip.STI <- 0b0)
mem[X,0x000000008000137C] -> 0xF593
mem[X,0x000000008000137E] -> 0xFFC3
[1304] [M]: 0x000000008000137C (0xFFC3F593) andi x11, x7, -0x4                      adj_Mepc_rtn+0
x11 <- 0x0006000080000D14

mem[X,0x0000000080001380] -> 0x8593
mem[X,0x0000000080001382] -> 0x0085
[1305] [M]: 0x0000000080001380 (0x00858593) addi x11, x11, 0x8                      adj_Mepc_rtn+4
x11 <- 0x0006000080000D1C

clint mtime 0x000000000000028D (mip.MTI <- 0b1, mip.STI <- 0b0)
mem[X,0x0000000080001384] -> 0x9073
mem[X,0x0000000080001386] -> 0x3415
[1306] [M]: 0x0000000080001384 (0x34159073) csrrw x0, mepc, x11                     adj_Mepc_rtn+8
CSR mepc (0x341) <- 0x0006000080000D1C

mem[X,0x0000000080001388] -> 0x23F3
mem[X,0x000000008000138A] -> 0x3430
[1307] [M]: 0x0000000080001388 (0x343023F3) csrrs x7, mtval, x0                     skp_adj_Mepc+0
CSR mtval (0x343) -> 0x0005000080000414
x7 <- 0x0005000080000414

clint mtime 0x000000000000028E (mip.MTI <- 0b1, mip.STI <- 0b0)
mem[X,0x000000008000138C] -> 0x0413
mem[X,0x000000008000138E] -> 0x0004
[1308] [M]: 0x000000008000138C (0x00040413) addi x8, x8, 0x0                        skp_adj_Mepc+4
x8 <- 0x000000000000000D

mem[X,0x0000000080001390] -> 0x006F
mem[X,0x0000000080001392] -> 0x0840
[1309] [M]: 0x0000000080001390 (0x0840006F) jal x0, 0x84                            skp_adj_Mepc+8

clint mtime 0x000000000000028F (mip.MTI <- 0b1, mip.STI <- 0b0)
mem[X,0x0000000080001414] -> 0x8433
mem[X,0x0000000080001416] -> 0x4083
[1310] [M]: 0x0000000080001414 (0x40838433) sub x8, x7, x8                          adj_Mtval+0
x8 <- 0x0005000080000407

mem[X,0x0000000080001418] -> 0x3C23
mem[X,0x000000008000141A] -> 0x0083
[1311] [M]: 0x0000000080001418 (0x00833C23) sd x8, 0x18(x6)                         sv_Mtval+0
mem[W,0x00000000800062F0] <- 0x0005000080000407

clint mtime 0x0000000000000290 (mip.MTI <- 0b1, mip.STI <- 0b0)
mem[X,0x000000008000141C] -> 0x3483
mem[X,0x000000008000141E] -> 0x2181
[1312] [M]: 0x000000008000141C (0x21813483) ld x9, 0x218(x2)                        skp_Mtval+0
mem[R,0x0000000080004218] -> 0x00000000800062F8
x9 <- 0x00000000800062F8

mem[X,0x0000000080001420] -> 0x3383
mem[X,0x0000000080001422] -> 0x1F81
[1313] [M]: 0x0000000080001420 (0x1F813383) ld x7, 0x1f8(x2)                        skp_Mtval+4
mem[R,0x00000000800041F8] -> 0x0000000080006110
x7 <- 0x0000000080006110

clint mtime 0x0000000000000291 (mip.MTI <- 0b1, mip.STI <- 0b0)
mem[X,0x0000000080001424] -> 0x3303
mem[X,0x0000000080001426] -> 0x2001
[1314] [M]: 0x0000000080001424 (0x20013303) ld x6, 0x200(x2)                        skp_Mtval+8
mem[R,0x0000000080004200] -> 0x0000000000000310
x6 <- 0x0000000000000310

mem[X,0x0000000080001428] -> 0x0333
mem[X,0x000000008000142A] -> 0x0073
[1315] [M]: 0x0000000080001428 (0x00730333) add x6, x6, x7                          skp_Mtval+12
x6 <- 0x0000000080006420

clint mtime 0x0000000000000292 (mip.MTI <- 0b1, mip.STI <- 0b0)
mem[X,0x000000008000142C] -> 0x6AE3
mem[X,0x000000008000142E] -> 0xAE93
[1316] [M]: 0x000000008000142C (0xAE936AE3) bltu x6, x9, -0x50c                     skp_Mtval+16

mem[X,0x0000000080001430] -> 0x0393
mem[X,0x0000000080001432] -> 0x2000
[1317] [M]: 0x0000000080001430 (0x20000393) addi x7, x0, 0x200                      skp_Mtval+20
x7 <- 0x0000000000000200

clint mtime 0x0000000000000293 (mip.MTI <- 0b1, mip.STI <- 0b0)
mem[X,0x0000000080001434] -> 0x006F
mem[X,0x0000000080001436] -> 0x0400
[1318] [M]: 0x0000000080001434 (0x0400006F) jal x0, 0x40                            skp_Mtval+24

mem[X,0x0000000080001474] -> 0x0417
mem[X,0x0000000080001476] -> 0x0000
[1319] [M]: 0x0000000080001474 (0x00000417) auipc x8, 0x0                           spcl_Mhandler+0
x8 <- 0x0000000080001474

clint mtime 0x0000000000000294 (mip.MTI <- 0b1, mip.STI <- 0b0)
mem[X,0x0000000080001478] -> 0x0413
mem[X,0x000000008000147A] -> 0x03C4
[1320] [M]: 0x0000000080001478 (0x03C40413) addi x8, x8, 0x3c                       spcl_Mhandler+4
x8 <- 0x00000000800014B0

mem[X,0x000000008000147C] -> 0x0433
mem[X,0x000000008000147E] -> 0x0074
[1321] [M]: 0x000000008000147C (0x00740433) add x8, x8, x7                          spcl_Mhandler+8
x8 <- 0x00000000800016B0

clint mtime 0x0000000000000295 (mip.MTI <- 0b1, mip.STI <- 0b0)
mem[X,0x0000000080001480] -> 0x1393
mem[X,0x0000000080001482] -> 0x0035
[1322] [M]: 0x0000000080001480 (0x00351393) slli x7, x10, 0x3                       spcl_Mhandler+12
x7 <- 0x0000000000000068

mem[X,0x0000000080001484] -> 0x0433
mem[X,0x0000000080001486] -> 0x0074
[1323] [M]: 0x0000000080001484 (0x00740433) add x8, x8, x7                          spcl_Mhandler+16
x8 <- 0x0000000080001718

clint mtime 0x0000000000000296 (mip.MTI <- 0b1, mip.STI <- 0b0)
mem[X,0x0000000080001488] -> 0x7413
mem[X,0x000000008000148A] -> 0xFF84
[1324] [M]: 0x0000000080001488 (0xFF847413) andi x8, x8, -0x8                       spcl_Mhandler+20
x8 <- 0x0000000080001718

mem[X,0x000000008000148C] -> 0x3403
mem[X,0x000000008000148E] -> 0x0004
[1325] [M]: 0x000000008000148C (0x00043403) ld x8, 0x0(x8)                          spcl_Mhandler+24
mem[R,0x0000000080001718] -> 0x000000000000001B
x8 <- 0x000000000000001B

clint mtime 0x0000000000000297 (mip.MTI <- 0b1, mip.STI <- 0b0)
mem[X,0x0000000080001490] -> 0x02E3
mem[X,0x0000000080001492] -> 0xB204
[1326] [M]: 0x0000000080001490 (0xB20402E3) beq x8, x0, -0x4dc                      spcl_Mdispatch_hndling+0

mem[X,0x0000000080001494] -> 0x1393
mem[X,0x0000000080001496] -> 0x03F4
[1327] [M]: 0x0000000080001494 (0x03F41393) slli x7, x8, 0x3f                       spcl_Mdispatch_hndling+4
x7 <- 0x8000000000000000

clint mtime 0x0000000000000298 (mip.MTI <- 0b1, mip.STI <- 0b0)
mem[X,0x0000000080001498] -> 0xD863
mem[X,0x000000008000149A] -> 0x0003
[1328] [M]: 0x0000000080001498 (0x0003D863) bge x7, x0, 0x10                        spcl_Mdispatch_hndling+8

mem[X,0x000000008000149C] -> 0x5413
mem[X,0x000000008000149E] -> 0x0014
[1329] [M]: 0x000000008000149C (0x00145413) srli x8, x8, 0x1                        spcl_Mdispatch_hndling+12
x8 <- 0x000000000000000D

clint mtime 0x0000000000000299 (mip.MTI <- 0b1, mip.STI <- 0b0)
mem[X,0x00000000800014A0] -> 0x0CE3
mem[X,0x00000000800014A2] -> 0xF885
[1330] [M]: 0x00000000800014A0 (0xF8850CE3) beq x10, x8, -0x68                      spcl_Mdispatch_hndling+16

mem[X,0x0000000080001438] -> 0x3303
mem[X,0x000000008000143A] -> 0x2601
[1331] [M]: 0x0000000080001438 (0x26013303) ld x6, 0x260(x2)                        resto_Mrtn+0
mem[R,0x0000000080004260] -> 0xFFFFFFFF7FFFF40C
x6 <- 0xFFFFFFFF7FFFF40C

clint mtime 0x000000000000029A (mip.MTI <- 0b1, mip.STI <- 0b0)
mem[X,0x000000008000143C] -> 0x3383
mem[X,0x000000008000143E] -> 0x2681
[1332] [M]: 0x000000008000143C (0x26813383) ld x7, 0x268(x2)                        resto_Mrtn+4
mem[R,0x0000000080004268] -> 0x0000000080004000
x7 <- 0x0000000080004000

mem[X,0x0000000080001440] -> 0x3403
mem[X,0x0000000080001442] -> 0x2701
[1333] [M]: 0x0000000080001440 (0x27013403) ld x8, 0x270(x2)                        resto_Mrtn+8
mem[R,0x0000000080004270] -> 0x0000000000007F76
x8 <- 0x0000000000007F76

clint mtime 0x000000000000029B (mip.MTI <- 0b1, mip.STI <- 0b0)
mem[X,0x0000000080001444] -> 0x3483
mem[X,0x0000000080001446] -> 0x2781
[1334] [M]: 0x0000000080001444 (0x27813483) ld x9, 0x278(x2)                        resto_Mrtn+12
mem[R,0x0000000080004278] -> 0x00060000000000E8
x9 <- 0x00060000000000E8

mem[X,0x0000000080001448] -> 0x3503
mem[X,0x000000008000144A] -> 0x2801
[1335] [M]: 0x0000000080001448 (0x28013503) ld x10, 0x280(x2)                       resto_Mrtn+16
mem[R,0x0000000080004280] -> 0x40000000000000CF
x10 <- 0x40000000000000CF

clint mtime 0x000000000000029C (mip.MTI <- 0b1, mip.STI <- 0b0)
mem[X,0x000000008000144C] -> 0x3583
mem[X,0x000000008000144E] -> 0x2881
[1336] [M]: 0x000000008000144C (0x28813583) ld x11, 0x288(x2)                       resto_Mrtn+20
mem[R,0x0000000080004288] -> 0x40000000000000CF
x11 <- 0x40000000000000CF

mem[X,0x0000000080001450] -> 0x3103
mem[X,0x0000000080001452] -> 0x2901
[1337] [M]: 0x0000000080001450 (0x29013103) ld x2, 0x290(x2)                        resto_Mrtn+24
mem[R,0x0000000080004290] -> 0x0000000000000000
x2 <- 0x0000000000000000

clint mtime 0x000000000000029D (mip.MTI <- 0b1, mip.STI <- 0b0)
mem[X,0x0000000080001454] -> 0x0073
mem[X,0x0000000080001456] -> 0x3020
[1338] [M]: 0x0000000080001454 (0x30200073) mret                                    resto_Mrtn+28
CSR mstatus (0x300) <- 0x0000000A00000080
ret-ing from M to S

mem[X,0x0000000080000D1C] -> 0x51B7
mem[X,0x0000000080000D1E] -> 0x0000
[1339] [S]: 0x0006000080000D1C (0x000051B7) lui x3, 0x5                             va_rvtest_code_begin+1376
x3 <- 0x0000000000005000

clint mtime 0x000000000000029E (mip.MTI <- 0b1, mip.STI <- 0b0)
mem[X,0x0000000080000D20] -> 0x8193
mem[X,0x0000000080000D22] -> 0x6671
[1340] [S]: 0x0006000080000D20 (0x66718193) addi x3, x3, 0x667                      va_rvtest_code_begin+1380
x3 <- 0x0000000000005667

mem[X,0x0000000080000D24] -> 0x9193
mem[X,0x0000000080000D26] -> 0x0011
[1341] [S]: 0x0006000080000D24 (0x00119193) slli x3, x3, 0x1                        va_rvtest_code_begin+1384
x3 <- 0x000000000000ACCE

clint mtime 0x000000000000029F (mip.MTI <- 0b1, mip.STI <- 0b0)
mem[X,0x0000000080000D28] -> 0x0013
mem[X,0x0000000080000D2A] -> 0x0000
[1342] [S]: 0x0006000080000D28 (0x00000013) addi x0, x0, 0x0                        va_rvtest_code_begin+1388

mem[X,0x0000000080000D2C] -> 0x0013
mem[X,0x0000000080000D2E] -> 0x0000
[1343] [S]: 0x0006000080000D2C (0x00000013) addi x0, x0, 0x0                        va_rvtest_code_begin+1392

clint mtime 0x00000000000002A0 (mip.MTI <- 0b1, mip.STI <- 0b0)
mem[X,0x0000000080000D30] -> 0x0013
mem[X,0x0000000080000D32] -> 0x0000
[1344] [S]: 0x0006000080000D30 (0x00000013) addi x0, x0, 0x0                        va_rvtest_code_begin+1396

mem[X,0x0000000080000D34] -> 0x0013
mem[X,0x0000000080000D36] -> 0x0000
[1345] [S]: 0x0006000080000D34 (0x00000013) addi x0, x0, 0x0                        va_rvtest_code_begin+1400

clint mtime 0x00000000000002A1 (mip.MTI <- 0b1, mip.STI <- 0b0)
mem[X,0x0000000080000D38] -> 0x0013
mem[X,0x0000000080000D3A] -> 0x0000
[1346] [S]: 0x0006000080000D38 (0x00000013) addi x0, x0, 0x0                        va_rvtest_code_begin+1404

mem[X,0x0000000080000D3C] -> 0x0013
mem[X,0x0000000080000D3E] -> 0x0000
[1347] [S]: 0x0006000080000D3C (0x00000013) addi x0, x0, 0x0                        va_rvtest_code_begin+1408

clint mtime 0x00000000000002A2 (mip.MTI <- 0b1, mip.STI <- 0b0)
mem[X,0x0000000080000D40] -> 0x0217
mem[X,0x0000000080000D42] -> 0x0000
[1348] [S]: 0x0006000080000D40 (0x00000217) auipc x4, 0x0                           va_rvtest_code_begin+1412
x4 <- 0x0006000080000D40

mem[X,0x0000000080000D44] -> 0x0213
mem[X,0x0000000080000D46] -> 0x02C2
[1349] [S]: 0x0006000080000D44 (0x02C20213) addi x4, x4, 0x2c                       va_rvtest_code_begin+1416
x4 <- 0x0006000080000D6C

clint mtime 0x00000000000002A3 (mip.MTI <- 0b1, mip.STI <- 0b0)
mem[X,0x0000000080000D48] -> 0x0001
[1350] [S]: 0x0006000080000D48 (0x0001) c.nop                                       va_rvtest_code_begin+1420

mem[X,0x0000000080000D4A] -> 0x0013
mem[X,0x0000000080000D4C] -> 0x0000
[1351] [S]: 0x0006000080000D4A (0x00000013) addi x0, x0, 0x0                        va_rvtest_code_begin+1422

clint mtime 0x00000000000002A4 (mip.MTI <- 0b1, mip.STI <- 0b0)
mem[X,0x0000000080000D4E] -> 0x0013
mem[X,0x0000000080000D50] -> 0x0000
[1352] [S]: 0x0006000080000D4E (0x00000013) addi x0, x0, 0x0                        va_rvtest_code_begin+1426

mem[X,0x0000000080000D52] -> 0x0013
mem[X,0x0000000080000D54] -> 0x0000
[1353] [S]: 0x0006000080000D52 (0x00000013) addi x0, x0, 0x0                        va_rvtest_code_begin+1430

clint mtime 0x00000000000002A5 (mip.MTI <- 0b1, mip.STI <- 0b0)
mem[X,0x0000000080000D56] -> 0x0013
mem[X,0x0000000080000D58] -> 0x0000
[1354] [S]: 0x0006000080000D56 (0x00000013) addi x0, x0, 0x0                        va_rvtest_code_begin+1434

mem[X,0x0000000080000D5A] -> 0x0013
mem[X,0x0000000080000D5C] -> 0x0000
[1355] [S]: 0x0006000080000D5A (0x00000013) addi x0, x0, 0x0                        va_rvtest_code_begin+1438

clint mtime 0x00000000000002A6 (mip.MTI <- 0b1, mip.STI <- 0b0)
mem[X,0x0000000080000D5E] -> 0x0001
[1356] [S]: 0x0006000080000D5E (0x0001) c.nop                                       va_rvtest_code_begin+1442

mem[X,0x0000000080000D60] -> 0x80E7
mem[X,0x0000000080000D62] -> 0x0007
[1357] [S]: 0x0006000080000D60 (0x000780E7) jalr x1, 0x0(x15)                       va_rvtest_code_begin+1444
x1 <- 0x0006000080000D64

clint mtime 0x00000000000002A7 (mip.MTI <- 0b1, mip.STI <- 0b0)
PTW: Start, vpn=0x5000080000, access_type=X, privilege=Smem[R,0x0000000080005028] -> 0x40000000000000CF
PTW: Step, level=4, pte=0x40000000000000CF, pte_addr=0x80005028
PTW: failed, error=invalid-pte, level=4, pte_addr=0x80005028
trapping from S to M to handle fetch-page-fault
handling exc#fetch-page-fault at priv M with tval 0x0005000080000400
CSR mstatus (0x300) <- 0x0000000A00000800
CSR mcause (0x342) <- 0x000000000000000C
CSR mtval (0x343) <- 0x0005000080000400
CSR mepc (0x341) <- 0x0005000080000400

mem[X,0x0000000080001000] -> 0x006F
mem[X,0x0000000080001002] -> 0x1000
[1359] [M]: 0x0000000080001000 (0x1000006F) jal x0, 0x100                           Mtrampoline+0

clint mtime 0x00000000000002A8 (mip.MTI <- 0b1, mip.STI <- 0b0)
mem[X,0x0000000080001100] -> 0x1173
mem[X,0x0000000080001102] -> 0x3401
[1360] [M]: 0x0000000080001100 (0x34011173) csrrw x2, mscratch, x2                  trap_Mhandler+0
CSR mscratch (0x340) <- 0x0000000000000000
x2 <- 0x0000000080004000

mem[X,0x0000000080001104] -> 0x3423
mem[X,0x0000000080001106] -> 0x28B1
[1361] [M]: 0x0000000080001104 (0x28B13423) sd x11, 0x288(x2)                       trap_Mhandler+4
mem[W,0x0000000080004288] <- 0x40000000000000CF

clint mtime 0x00000000000002A9 (mip.MTI <- 0b1, mip.STI <- 0b0)
mem[X,0x0000000080001108] -> 0x05EF
mem[X,0x000000008000110A] -> 0x0B80
[1362] [M]: 0x0000000080001108 (0x0B8005EF) jal x11, 0xb8                           trap_Mhandler+8
x11 <- 0x000000008000110C

mem[X,0x00000000800011C0] -> 0x3023
mem[X,0x00000000800011C2] -> 0x28A1
[1363] [M]: 0x00000000800011C0 (0x28A13023) sd x10, 0x280(x2)                       common_Mhandler+0
mem[W,0x0000000080004280] <- 0x40000000000000CF

clint mtime 0x00000000000002AA (mip.MTI <- 0b1, mip.STI <- 0b0)
mem[X,0x00000000800011C4] -> 0x1573
mem[X,0x00000000800011C6] -> 0x3401
[1364] [M]: 0x00000000800011C4 (0x34011573) csrrw x10, mscratch, x2                 common_Mhandler+4
CSR mscratch (0x340) <- 0x0000000080004000
x10 <- 0x0000000000000000

mem[X,0x00000000800011C8] -> 0x3823
mem[X,0x00000000800011CA] -> 0x28A1
[1365] [M]: 0x00000000800011C8 (0x28A13823) sd x10, 0x290(x2)                       common_Mhandler+8
mem[W,0x0000000080004290] <- 0x0000000000000000

clint mtime 0x00000000000002AB (mip.MTI <- 0b1, mip.STI <- 0b0)
mem[X,0x00000000800011CC] -> 0x3503
mem[X,0x00000000800011CE] -> 0x2301
[1366] [M]: 0x00000000800011CC (0x23013503) ld x10, 0x230(x2)                       common_Mhandler+12
mem[R,0x0000000080004230] -> 0x00000000800011D4
x10 <- 0x00000000800011D4

mem[X,0x00000000800011D0] -> 0x0067
mem[X,0x00000000800011D2] -> 0x0005
[1367] [M]: 0x00000000800011D0 (0x00050067) jalr x0, 0x0(x10)                       common_Mhandler+16

clint mtime 0x00000000000002AC (mip.MTI <- 0b1, mip.STI <- 0b0)
mem[X,0x00000000800011D4] -> 0x3C23
mem[X,0x00000000800011D6] -> 0x2691
[1368] [M]: 0x00000000800011D4 (0x26913C23) sd x9, 0x278(x2)                        common_Mentry+0
mem[W,0x0000000080004278] <- 0x00060000000000E8

mem[X,0x00000000800011D8] -> 0x3823
mem[X,0x00000000800011DA] -> 0x2681
[1369] [M]: 0x00000000800011D8 (0x26813823) sd x8, 0x270(x2)                        common_Mentry+4
mem[W,0x0000000080004270] <- 0x0000000000007F76

clint mtime 0x00000000000002AD (mip.MTI <- 0b1, mip.STI <- 0b0)
mem[X,0x00000000800011DC] -> 0x3423
mem[X,0x00000000800011DE] -> 0x2671
[1370] [M]: 0x00000000800011DC (0x26713423) sd x7, 0x268(x2)                        common_Mentry+8
mem[W,0x0000000080004268] <- 0x0000000080004000

mem[X,0x00000000800011E0] -> 0x3023
mem[X,0x00000000800011E2] -> 0x2661
[1371] [M]: 0x00000000800011E0 (0x26613023) sd x6, 0x260(x2)                        common_Mentry+12
mem[W,0x0000000080004260] <- 0xFFFFFFFF7FFFF40C

clint mtime 0x00000000000002AE (mip.MTI <- 0b1, mip.STI <- 0b0)
mem[X,0x00000000800011E4] -> 0x2573
mem[X,0x00000000800011E6] -> 0x3420
[1372] [M]: 0x00000000800011E4 (0x34202573) csrrs x10, mcause, x0                   spcl_M2mmode_test+0
CSR mcause (0x342) -> 0x000000000000000C
x10 <- 0x000000000000000C

mem[X,0x00000000800011E8] -> 0x04B7
mem[X,0x00000000800011EA] -> 0x8000
[1373] [M]: 0x00000000800011E8 (0x800004B7) lui x9, -0x80000                        spcl_M2mmode_test+4
x9 <- 0xFFFFFFFF80000000

clint mtime 0x00000000000002AF (mip.MTI <- 0b1, mip.STI <- 0b0)
mem[X,0x00000000800011EC] -> 0x8493
mem[X,0x00000000800011EE] -> 0x0004
[1374] [M]: 0x00000000800011EC (0x00048493) addi x9, x9, 0x0                        spcl_M2mmode_test+8
x9 <- 0xFFFFFFFF80000000

mem[X,0x00000000800011F0] -> 0x9493
mem[X,0x00000000800011F2] -> 0x00B4
[1375] [M]: 0x00000000800011F0 (0x00B49493) slli x9, x9, 0xb                        spcl_M2mmode_test+12
x9 <- 0xFFFFFC0000000000

clint mtime 0x00000000000002B0 (mip.MTI <- 0b1, mip.STI <- 0b0)
mem[X,0x00000000800011F4] -> 0x8493
mem[X,0x00000000800011F6] -> 0x0004
[1376] [M]: 0x00000000800011F4 (0x00048493) addi x9, x9, 0x0                        spcl_M2mmode_test+16
x9 <- 0xFFFFFC0000000000

mem[X,0x00000000800011F8] -> 0x9493
mem[X,0x00000000800011FA] -> 0x00B4
[1377] [M]: 0x00000000800011F8 (0x00B49493) slli x9, x9, 0xb                        spcl_M2mmode_test+20
x9 <- 0xFFE0000000000000

clint mtime 0x00000000000002B1 (mip.MTI <- 0b1, mip.STI <- 0b0)
mem[X,0x00000000800011FC] -> 0x8493
mem[X,0x00000000800011FE] -> 0x0034
[1378] [M]: 0x00000000800011FC (0x00348493) addi x9, x9, 0x3                        spcl_M2mmode_test+24
x9 <- 0xFFE0000000000003

mem[X,0x0000000080001200] -> 0x9493
mem[X,0x0000000080001202] -> 0x00A4
[1379] [M]: 0x0000000080001200 (0x00A49493) slli x9, x9, 0xa                        spcl_M2mmode_test+28
x9 <- 0x8000000000000C00

clint mtime 0x00000000000002B2 (mip.MTI <- 0b1, mip.STI <- 0b0)
mem[X,0x0000000080001204] -> 0x8493
mem[X,0x0000000080001206] -> 0x3FC4
[1380] [M]: 0x0000000080001204 (0x3FC48493) addi x9, x9, 0x3fc                      spcl_M2mmode_test+32
x9 <- 0x8000000000000FFC

mem[X,0x0000000080001208] -> 0xF4B3
mem[X,0x000000008000120A] -> 0x00A4
[1381] [M]: 0x0000000080001208 (0x00A4F4B3) and x9, x9, x10                         spcl_M2mmode_test+36
x9 <- 0x000000000000000C

clint mtime 0x00000000000002B3 (mip.MTI <- 0b1, mip.STI <- 0b0)
mem[X,0x000000008000120C] -> 0x8493
mem[X,0x000000008000120E] -> 0xFF84
[1382] [M]: 0x000000008000120C (0xFF848493) addi x9, x9, -0x8                       spcl_M2mmode_test+40
x9 <- 0x0000000000000004

mem[X,0x0000000080001210] -> 0x9663
mem[X,0x0000000080001212] -> 0x0004
[1383] [M]: 0x0000000080001210 (0x00049663) bne x9, x0, 0xc                         spcl_M2mmode_test+44

clint mtime 0x00000000000002B4 (mip.MTI <- 0b1, mip.STI <- 0b0)
mem[X,0x000000008000121C] -> 0x0393
mem[X,0x000000008000121E] -> 0x0200
[1384] [M]: 0x000000008000121C (0x02000393) addi x7, x0, 0x20                       Mtrapsig_ptr_upd+0
x7 <- 0x0000000000000020

mem[X,0x0000000080001220] -> 0x5263
mem[X,0x0000000080001222] -> 0x0405
[1385] [M]: 0x0000000080001220 (0x04055263) bge x10, x0, 0x44                       Mtrapsig_ptr_upd+4

clint mtime 0x00000000000002B5 (mip.MTI <- 0b1, mip.STI <- 0b0)
mem[X,0x0000000080001264] -> 0x2373
mem[X,0x0000000080001266] -> 0x3010
[1386] [M]: 0x0000000080001264 (0x30102373) csrrs x6, misa, x0                      Mxcpt_sig_sv+0
CSR misa (0x301) -> 0x800000000034112F
x6 <- 0x800000000034112F

mem[X,0x0000000080001268] -> 0x1313
mem[X,0x000000008000126A] -> 0x0383
[1387] [M]: 0x0000000080001268 (0x03831313) slli x6, x6, 0x38                       Mxcpt_sig_sv+4
x6 <- 0x2F00000000000000

clint mtime 0x00000000000002B6 (mip.MTI <- 0b1, mip.STI <- 0b0)
mem[X,0x000000008000126C] -> 0x5463
mem[X,0x000000008000126E] -> 0x0003
[1388] [M]: 0x000000008000126C (0x00035463) bge x6, x0, 0x8                         Mxcpt_sig_sv+8

mem[X,0x0000000080001274] -> 0x3303
mem[X,0x0000000080001276] -> 0x2181
[1389] [M]: 0x0000000080001274 (0x21813303) ld x6, 0x218(x2)                        Mtrap_sig_sv+0
mem[R,0x0000000080004218] -> 0x00000000800062F8
x6 <- 0x00000000800062F8

clint mtime 0x00000000000002B7 (mip.MTI <- 0b1, mip.STI <- 0b0)
mem[X,0x0000000080001278] -> 0x04B3
mem[X,0x000000008000127A] -> 0x0073
[1390] [M]: 0x0000000080001278 (0x007304B3) add x9, x6, x7                          Mtrap_sig_sv+4
x9 <- 0x0000000080006318

mem[X,0x000000008000127C] -> 0x3C23
mem[X,0x000000008000127E] -> 0x2091
[1391] [M]: 0x000000008000127C (0x20913C23) sd x9, 0x218(x2)                        Mtrap_sig_sv+8
mem[W,0x0000000080004218] <- 0x0000000080006318

clint mtime 0x00000000000002B8 (mip.MTI <- 0b1, mip.STI <- 0b0)
mem[X,0x0000000080001280] -> 0x3403
mem[X,0x0000000080001282] -> 0x1F81
[1392] [M]: 0x0000000080001280 (0x1F813403) ld x8, 0x1f8(x2)                        Mtrap_sig_sv+12
mem[R,0x00000000800041F8] -> 0x0000000080006110
x8 <- 0x0000000080006110

mem[X,0x0000000080001284] -> 0x0333
mem[X,0x0000000080001286] -> 0x4083
[1393] [M]: 0x0000000080001284 (0x40830333) sub x6, x6, x8                          Mtrap_sig_sv+16
x6 <- 0x00000000000001E8

clint mtime 0x00000000000002B9 (mip.MTI <- 0b1, mip.STI <- 0b0)
mem[X,0x0000000080001288] -> 0x3403
mem[X,0x000000008000128A] -> 0x1F81
[1394] [M]: 0x0000000080001288 (0x1F813403) ld x8, 0x1f8(x2)                        Mtrap_sig_sv+20
mem[R,0x00000000800041F8] -> 0x0000000080006110
x8 <- 0x0000000080006110

mem[X,0x000000008000128C] -> 0x0333
mem[X,0x000000008000128E] -> 0x0083
[1395] [M]: 0x000000008000128C (0x00830333) add x6, x6, x8                          Mtrap_sig_sv+24
x6 <- 0x00000000800062F8

clint mtime 0x00000000000002BA (mip.MTI <- 0b1, mip.STI <- 0b0)
mem[X,0x0000000080001290] -> 0x3403
mem[X,0x0000000080001292] -> 0x2401
[1396] [M]: 0x0000000080001290 (0x24013403) ld x8, 0x240(x2)                        Mtrap_sig_sv+28
mem[R,0x0000000080004240] -> 0x0000000080001000
x8 <- 0x0000000080001000

mem[X,0x0000000080001294] -> 0x85B3
mem[X,0x0000000080001296] -> 0x4085
[1397] [M]: 0x0000000080001294 (0x408585B3) sub x11, x11, x8                        sv_Mvect+0
x11 <- 0x000000000000010C

clint mtime 0x00000000000002BB (mip.MTI <- 0b1, mip.STI <- 0b0)
mem[X,0x0000000080001298] -> 0x9593
mem[X,0x000000008000129A] -> 0x0045
[1398] [M]: 0x0000000080001298 (0x00459593) slli x11, x11, 0x4                      sv_Mvect+4
x11 <- 0x00000000000010C0

mem[X,0x000000008000129C] -> 0xE5B3
mem[X,0x000000008000129E] -> 0x0075
[1399] [M]: 0x000000008000129C (0x0075E5B3) or x11, x11, x7                         sv_Mvect+8
x11 <- 0x00000000000010E0

clint mtime 0x00000000000002BC (mip.MTI <- 0b1, mip.STI <- 0b0)
mem[X,0x00000000800012A0] -> 0x8593
mem[X,0x00000000800012A2] -> 0x0035
[1400] [M]: 0x00000000800012A0 (0x00358593) addi x11, x11, 0x3                      sv_Mvect+12
x11 <- 0x00000000000010E3

mem[X,0x00000000800012A4] -> 0x3023
mem[X,0x00000000800012A6] -> 0x00B3
[1401] [M]: 0x00000000800012A4 (0x00B33023) sd x11, 0x0(x6)                         sv_Mvect+16
mem[W,0x00000000800062F8] <- 0x00000000000010E3

clint mtime 0x00000000000002BD (mip.MTI <- 0b1, mip.STI <- 0b0)
mem[X,0x00000000800012A8] -> 0x3423
mem[X,0x00000000800012AA] -> 0x00A3
[1402] [M]: 0x00000000800012A8 (0x00A33423) sd x10, 0x8(x6)                         sv_Mcause+0
mem[W,0x0000000080006300] <- 0x000000000000000C

mem[X,0x00000000800012AC] -> 0x4663
mem[X,0x00000000800012AE] -> 0x1A05
[1403] [M]: 0x00000000800012AC (0x1A054663) blt x10, x0, 0x1ac                      sv_Mcause+4

clint mtime 0x00000000000002BE (mip.MTI <- 0b1, mip.STI <- 0b0)
mem[X,0x00000000800012B0] -> 0x25F3
mem[X,0x00000000800012B2] -> 0x3000
[1404] [M]: 0x00000000800012B0 (0x300025F3) csrrs x11, mstatus, x0                  common_Mexcpt_handler+0
CSR mstatus (0x300) -> 0x0000000A00000800
x11 <- 0x0000000A00000800

mem[X,0x00000000800012B4] -> 0x9413
mem[X,0x00000000800012B6] -> 0x02E5
[1405] [M]: 0x00000000800012B4 (0x02E59413) slli x8, x11, 0x2e                      common_Mexcpt_handler+4
x8 <- 0x0200000000000000

clint mtime 0x00000000000002BF (mip.MTI <- 0b1, mip.STI <- 0b0)
mem[X,0x00000000800012B8] -> 0x5463
mem[X,0x00000000800012BA] -> 0x0004
[1406] [M]: 0x00000000800012B8 (0x00045463) bge x8, x0, 0x8                         common_Mexcpt_handler+8

mem[X,0x00000000800012C0] -> 0xD493
mem[X,0x00000000800012C2] -> 0x00B5
[1407] [M]: 0x00000000800012C0 (0x00B5D493) srli x9, x11, 0xb                       common_Mexcpt_handler+16
x9 <- 0x0000000001400001

clint mtime 0x00000000000002C0 (mip.MTI <- 0b1, mip.STI <- 0b0)
mem[X,0x00000000800012C4] -> 0xF493
mem[X,0x00000000800012C6] -> 0x0034
[1408] [M]: 0x00000000800012C4 (0x0034F493) andi x9, x9, 0x3                        common_Mexcpt_handler+20
x9 <- 0x0000000000000001

mem[X,0x00000000800012C8] -> 0x8493
mem[X,0x00000000800012CA] -> 0x0014
[1409] [M]: 0x00000000800012C8 (0x00148493) addi x9, x9, 0x1                        common_Mexcpt_handler+24
x9 <- 0x0000000000000002

clint mtime 0x00000000000002C1 (mip.MTI <- 0b1, mip.STI <- 0b0)
mem[X,0x00000000800012CC] -> 0xF493
mem[X,0x00000000800012CE] -> 0x0044
[1410] [M]: 0x00000000800012CC (0x0044F493) andi x9, x9, 0x4                        common_Mexcpt_handler+28
x9 <- 0x0000000000000000

mem[X,0x00000000800012D0] -> 0x0593
mem[X,0x00000000800012D2] -> 0x05D0
[1411] [M]: 0x00000000800012D0 (0x05D00593) addi x11, x0, 0x5d                      common_Mexcpt_handler+32
x11 <- 0x000000000000005D

clint mtime 0x00000000000002C2 (mip.MTI <- 0b1, mip.STI <- 0b0)
mem[X,0x00000000800012D4] -> 0xD5B3
mem[X,0x00000000800012D6] -> 0x0095
[1412] [M]: 0x00000000800012D4 (0x0095D5B3) srl x11, x11, x9                        common_Mexcpt_handler+36
x11 <- 0x000000000000005D

mem[X,0x00000000800012D8] -> 0xF593
mem[X,0x00000000800012DA] -> 0x0015
[1413] [M]: 0x00000000800012D8 (0x0015F593) andi x11, x11, 0x1                      common_Mexcpt_handler+40
x11 <- 0x0000000000000001

clint mtime 0x00000000000002C3 (mip.MTI <- 0b1, mip.STI <- 0b0)
mem[X,0x00000000800012DC] -> 0x8EE3
mem[X,0x00000000800012DE] -> 0xF405
[1414] [M]: 0x00000000800012DC (0xF4058EE3) beq x11, x0, -0xa4                      common_Mexcpt_handler+44

mem[X,0x00000000800012E0] -> 0x0593
mem[X,0x00000000800012E2] -> 0x2980
[1415] [M]: 0x00000000800012E0 (0x29800593) addi x11, x0, 0x298                     common_Mexcpt_handler+48
x11 <- 0x0000000000000298

clint mtime 0x00000000000002C4 (mip.MTI <- 0b1, mip.STI <- 0b0)
mem[X,0x00000000800012E4] -> 0xF413
mem[X,0x00000000800012E6] -> 0x0014
[1416] [M]: 0x00000000800012E4 (0x0014F413) andi x8, x9, 0x1                        common_Mexcpt_handler+52
x8 <- 0x0000000000000000

mem[X,0x00000000800012E8] -> 0x95B3
mem[X,0x00000000800012EA] -> 0x0085
[1417] [M]: 0x00000000800012E8 (0x008595B3) sll x11, x11, x8                        common_Mexcpt_handler+56
x11 <- 0x0000000000000298

clint mtime 0x00000000000002C5 (mip.MTI <- 0b1, mip.STI <- 0b0)
mem[X,0x00000000800012EC] -> 0x9413
mem[X,0x00000000800012EE] -> 0x03D4
[1418] [M]: 0x00000000800012EC (0x03D49413) slli x8, x9, 0x3d                       common_Mexcpt_handler+60
x8 <- 0x0000000000000000

mem[X,0x00000000800012F0] -> 0x5413
mem[X,0x00000000800012F2] -> 0x43F4
[1419] [M]: 0x00000000800012F0 (0x43F45413) srai x8, x8, 0x3f                       common_Mexcpt_handler+64
x8 <- 0x0000000000000000

clint mtime 0x00000000000002C6 (mip.MTI <- 0b1, mip.STI <- 0b0)
mem[X,0x00000000800012F4] -> 0x4413
mem[X,0x00000000800012F6] -> 0xFFF4
[1420] [M]: 0x00000000800012F4 (0xFFF44413) xori x8, x8, -0x1                       common_Mexcpt_handler+68
x8 <- 0xFFFFFFFFFFFFFFFF

mem[X,0x00000000800012F8] -> 0xF4B3
mem[X,0x00000000800012FA] -> 0x0085
[1421] [M]: 0x00000000800012F8 (0x0085F4B3) and x9, x11, x8                         common_Mexcpt_handler+72
x9 <- 0x0000000000000298

clint mtime 0x00000000000002C7 (mip.MTI <- 0b1, mip.STI <- 0b0)
mem[X,0x00000000800012FC] -> 0x84B3
mem[X,0x00000000800012FE] -> 0x0024
[1422] [M]: 0x00000000800012FC (0x002484B3) add x9, x9, x2                          vmem_adj_Mepc+0
x9 <- 0x0000000080004298

mem[X,0x0000000080001300] -> 0x23F3
mem[X,0x0000000080001302] -> 0x3410
[1423] [M]: 0x0000000080001300 (0x341023F3) csrrs x7, mepc, x0                      vmem_adj_Mepc+4
CSR mepc (0x341) -> 0x0005000080000400
x7 <- 0x0005000080000400

clint mtime 0x00000000000002C8 (mip.MTI <- 0b1, mip.STI <- 0b0)
mem[X,0x0000000080001304] -> 0x0413
mem[X,0x0000000080001306] -> 0x0004
[1424] [M]: 0x0000000080001304 (0x00040413) addi x8, x8, 0x0                        vmem_adj_Mepc+8
x8 <- 0xFFFFFFFFFFFFFFFF

mem[X,0x0000000080001308] -> 0x006F
mem[X,0x000000008000130A] -> 0x0400
[1425] [M]: 0x0000000080001308 (0x0400006F) jal x0, 0x40                            vmem_adj_Mepc+12

clint mtime 0x00000000000002C9 (mip.MTI <- 0b1, mip.STI <- 0b0)
mem[X,0x0000000080001348] -> 0x8433
mem[X,0x000000008000134A] -> 0x4083
[1426] [M]: 0x0000000080001348 (0x40838433) sub x8, x7, x8                          adj_Mepc+0
x8 <- 0x0005000080000401

mem[X,0x000000008000134C] -> 0x3823
mem[X,0x000000008000134E] -> 0x0083
[1427] [M]: 0x000000008000134C (0x00833823) sd x8, 0x10(x6)                         sv_Mepc+0
mem[W,0x0000000080006308] <- 0x0005000080000401

clint mtime 0x00000000000002CA (mip.MTI <- 0b1, mip.STI <- 0b0)
mem[X,0x0000000080001350] -> 0x55B7
mem[X,0x0000000080001352] -> 0x0000
[1428] [M]: 0x0000000080001350 (0x000055B7) lui x11, 0x5                            sv_Mepc+4
x11 <- 0x0000000000005000

mem[X,0x0000000080001354] -> 0x8593
mem[X,0x0000000080001356] -> 0x6675
[1429] [M]: 0x0000000080001354 (0x66758593) addi x11, x11, 0x667                    sv_Mepc+8
x11 <- 0x0000000000005667

clint mtime 0x00000000000002CB (mip.MTI <- 0b1, mip.STI <- 0b0)
mem[X,0x0000000080001358] -> 0x9593
mem[X,0x000000008000135A] -> 0x0015
[1430] [M]: 0x0000000080001358 (0x00159593) slli x11, x11, 0x1                      sv_Mepc+12
x11 <- 0x000000000000ACCE

mem[X,0x000000008000135C] -> 0x9063
mem[X,0x000000008000135E] -> 0x02B1
[1431] [M]: 0x000000008000135C (0x02B19063) bne x3, x11, 0x20                       sv_Mepc+16

clint mtime 0x00000000000002CC (mip.MTI <- 0b1, mip.STI <- 0b0)
mem[X,0x0000000080001360] -> 0x2473
mem[X,0x0000000080001362] -> 0x3420
[1432] [M]: 0x0000000080001360 (0x34202473) csrrs x8, mcause, x0                    sv_Mepc+20
CSR mcause (0x342) -> 0x000000000000000C
x8 <- 0x000000000000000C

mem[X,0x0000000080001364] -> 0x0593
mem[X,0x0000000080001366] -> 0x00C0
[1433] [M]: 0x0000000080001364 (0x00C00593) addi x11, x0, 0xc                       sv_Mepc+24
x11 <- 0x000000000000000C

clint mtime 0x00000000000002CD (mip.MTI <- 0b1, mip.STI <- 0b0)
mem[X,0x0000000080001368] -> 0x0663
mem[X,0x000000008000136A] -> 0x00B4
[1434] [M]: 0x0000000080001368 (0x00B40663) beq x8, x11, 0xc                        sv_Mepc+28

mem[X,0x0000000080001374] -> 0x1073
mem[X,0x0000000080001376] -> 0x3412
[1435] [M]: 0x0000000080001374 (0x34121073) csrrw x0, mepc, x4                      sv_Mepc+40
CSR mepc (0x341) <- 0x0006000080000D6C

clint mtime 0x00000000000002CE (mip.MTI <- 0b1, mip.STI <- 0b0)
mem[X,0x0000000080001378] -> 0x006F
mem[X,0x000000008000137A] -> 0x0100
[1436] [M]: 0x0000000080001378 (0x0100006F) jal x0, 0x10                            sv_Mepc+44

mem[X,0x0000000080001388] -> 0x23F3
mem[X,0x000000008000138A] -> 0x3430
[1437] [M]: 0x0000000080001388 (0x343023F3) csrrs x7, mtval, x0                     skp_adj_Mepc+0
CSR mtval (0x343) -> 0x0005000080000400
x7 <- 0x0005000080000400

clint mtime 0x00000000000002CF (mip.MTI <- 0b1, mip.STI <- 0b0)
mem[X,0x000000008000138C] -> 0x0413
mem[X,0x000000008000138E] -> 0x0004
[1438] [M]: 0x000000008000138C (0x00040413) addi x8, x8, 0x0                        skp_adj_Mepc+4
x8 <- 0x000000000000000C

mem[X,0x0000000080001390] -> 0x006F
mem[X,0x0000000080001392] -> 0x0840
[1439] [M]: 0x0000000080001390 (0x0840006F) jal x0, 0x84                            skp_adj_Mepc+8

clint mtime 0x00000000000002D0 (mip.MTI <- 0b1, mip.STI <- 0b0)
mem[X,0x0000000080001414] -> 0x8433
mem[X,0x0000000080001416] -> 0x4083
[1440] [M]: 0x0000000080001414 (0x40838433) sub x8, x7, x8                          adj_Mtval+0
x8 <- 0x00050000800003F4

mem[X,0x0000000080001418] -> 0x3C23
mem[X,0x000000008000141A] -> 0x0083
[1441] [M]: 0x0000000080001418 (0x00833C23) sd x8, 0x18(x6)                         sv_Mtval+0
mem[W,0x0000000080006310] <- 0x00050000800003F4

clint mtime 0x00000000000002D1 (mip.MTI <- 0b1, mip.STI <- 0b0)
mem[X,0x000000008000141C] -> 0x3483
mem[X,0x000000008000141E] -> 0x2181
[1442] [M]: 0x000000008000141C (0x21813483) ld x9, 0x218(x2)                        skp_Mtval+0
mem[R,0x0000000080004218] -> 0x0000000080006318
x9 <- 0x0000000080006318

mem[X,0x0000000080001420] -> 0x3383
mem[X,0x0000000080001422] -> 0x1F81
[1443] [M]: 0x0000000080001420 (0x1F813383) ld x7, 0x1f8(x2)                        skp_Mtval+4
mem[R,0x00000000800041F8] -> 0x0000000080006110
x7 <- 0x0000000080006110

clint mtime 0x00000000000002D2 (mip.MTI <- 0b1, mip.STI <- 0b0)
mem[X,0x0000000080001424] -> 0x3303
mem[X,0x0000000080001426] -> 0x2001
[1444] [M]: 0x0000000080001424 (0x20013303) ld x6, 0x200(x2)                        skp_Mtval+8
mem[R,0x0000000080004200] -> 0x0000000000000310
x6 <- 0x0000000000000310

mem[X,0x0000000080001428] -> 0x0333
mem[X,0x000000008000142A] -> 0x0073
[1445] [M]: 0x0000000080001428 (0x00730333) add x6, x6, x7                          skp_Mtval+12
x6 <- 0x0000000080006420

clint mtime 0x00000000000002D3 (mip.MTI <- 0b1, mip.STI <- 0b0)
mem[X,0x000000008000142C] -> 0x6AE3
mem[X,0x000000008000142E] -> 0xAE93
[1446] [M]: 0x000000008000142C (0xAE936AE3) bltu x6, x9, -0x50c                     skp_Mtval+16

mem[X,0x0000000080001430] -> 0x0393
mem[X,0x0000000080001432] -> 0x2000
[1447] [M]: 0x0000000080001430 (0x20000393) addi x7, x0, 0x200                      skp_Mtval+20
x7 <- 0x0000000000000200

clint mtime 0x00000000000002D4 (mip.MTI <- 0b1, mip.STI <- 0b0)
mem[X,0x0000000080001434] -> 0x006F
mem[X,0x0000000080001436] -> 0x0400
[1448] [M]: 0x0000000080001434 (0x0400006F) jal x0, 0x40                            skp_Mtval+24

mem[X,0x0000000080001474] -> 0x0417
mem[X,0x0000000080001476] -> 0x0000
[1449] [M]: 0x0000000080001474 (0x00000417) auipc x8, 0x0                           spcl_Mhandler+0
x8 <- 0x0000000080001474

clint mtime 0x00000000000002D5 (mip.MTI <- 0b1, mip.STI <- 0b0)
mem[X,0x0000000080001478] -> 0x0413
mem[X,0x000000008000147A] -> 0x03C4
[1450] [M]: 0x0000000080001478 (0x03C40413) addi x8, x8, 0x3c                       spcl_Mhandler+4
x8 <- 0x00000000800014B0

mem[X,0x000000008000147C] -> 0x0433
mem[X,0x000000008000147E] -> 0x0074
[1451] [M]: 0x000000008000147C (0x00740433) add x8, x8, x7                          spcl_Mhandler+8
x8 <- 0x00000000800016B0

clint mtime 0x00000000000002D6 (mip.MTI <- 0b1, mip.STI <- 0b0)
mem[X,0x0000000080001480] -> 0x1393
mem[X,0x0000000080001482] -> 0x0035
[1452] [M]: 0x0000000080001480 (0x00351393) slli x7, x10, 0x3                       spcl_Mhandler+12
x7 <- 0x0000000000000060

mem[X,0x0000000080001484] -> 0x0433
mem[X,0x0000000080001486] -> 0x0074
[1453] [M]: 0x0000000080001484 (0x00740433) add x8, x8, x7                          spcl_Mhandler+16
x8 <- 0x0000000080001710

clint mtime 0x00000000000002D7 (mip.MTI <- 0b1, mip.STI <- 0b0)
mem[X,0x0000000080001488] -> 0x7413
mem[X,0x000000008000148A] -> 0xFF84
[1454] [M]: 0x0000000080001488 (0xFF847413) andi x8, x8, -0x8                       spcl_Mhandler+20
x8 <- 0x0000000080001710

mem[X,0x000000008000148C] -> 0x3403
mem[X,0x000000008000148E] -> 0x0004
[1455] [M]: 0x000000008000148C (0x00043403) ld x8, 0x0(x8)                          spcl_Mhandler+24
mem[R,0x0000000080001710] -> 0x0000000000000019
x8 <- 0x0000000000000019

clint mtime 0x00000000000002D8 (mip.MTI <- 0b1, mip.STI <- 0b0)
mem[X,0x0000000080001490] -> 0x02E3
mem[X,0x0000000080001492] -> 0xB204
[1456] [M]: 0x0000000080001490 (0xB20402E3) beq x8, x0, -0x4dc                      spcl_Mdispatch_hndling+0

mem[X,0x0000000080001494] -> 0x1393
mem[X,0x0000000080001496] -> 0x03F4
[1457] [M]: 0x0000000080001494 (0x03F41393) slli x7, x8, 0x3f                       spcl_Mdispatch_hndling+4
x7 <- 0x8000000000000000

clint mtime 0x00000000000002D9 (mip.MTI <- 0b1, mip.STI <- 0b0)
mem[X,0x0000000080001498] -> 0xD863
mem[X,0x000000008000149A] -> 0x0003
[1458] [M]: 0x0000000080001498 (0x0003D863) bge x7, x0, 0x10                        spcl_Mdispatch_hndling+8

mem[X,0x000000008000149C] -> 0x5413
mem[X,0x000000008000149E] -> 0x0014
[1459] [M]: 0x000000008000149C (0x00145413) srli x8, x8, 0x1                        spcl_Mdispatch_hndling+12
x8 <- 0x000000000000000C

clint mtime 0x00000000000002DA (mip.MTI <- 0b1, mip.STI <- 0b0)
mem[X,0x00000000800014A0] -> 0x0CE3
mem[X,0x00000000800014A2] -> 0xF885
[1460] [M]: 0x00000000800014A0 (0xF8850CE3) beq x10, x8, -0x68                      spcl_Mdispatch_hndling+16

mem[X,0x0000000080001438] -> 0x3303
mem[X,0x000000008000143A] -> 0x2601
[1461] [M]: 0x0000000080001438 (0x26013303) ld x6, 0x260(x2)                        resto_Mrtn+0
mem[R,0x0000000080004260] -> 0xFFFFFFFF7FFFF40C
x6 <- 0xFFFFFFFF7FFFF40C

clint mtime 0x00000000000002DB (mip.MTI <- 0b1, mip.STI <- 0b0)
mem[X,0x000000008000143C] -> 0x3383
mem[X,0x000000008000143E] -> 0x2681
[1462] [M]: 0x000000008000143C (0x26813383) ld x7, 0x268(x2)                        resto_Mrtn+4
mem[R,0x0000000080004268] -> 0x0000000080004000
x7 <- 0x0000000080004000

mem[X,0x0000000080001440] -> 0x3403
mem[X,0x0000000080001442] -> 0x2701
[1463] [M]: 0x0000000080001440 (0x27013403) ld x8, 0x270(x2)                        resto_Mrtn+8
mem[R,0x0000000080004270] -> 0x0000000000007F76
x8 <- 0x0000000000007F76

clint mtime 0x00000000000002DC (mip.MTI <- 0b1, mip.STI <- 0b0)
mem[X,0x0000000080001444] -> 0x3483
mem[X,0x0000000080001446] -> 0x2781
[1464] [M]: 0x0000000080001444 (0x27813483) ld x9, 0x278(x2)                        resto_Mrtn+12
mem[R,0x0000000080004278] -> 0x00060000000000E8
x9 <- 0x00060000000000E8

mem[X,0x0000000080001448] -> 0x3503
mem[X,0x000000008000144A] -> 0x2801
[1465] [M]: 0x0000000080001448 (0x28013503) ld x10, 0x280(x2)                       resto_Mrtn+16
mem[R,0x0000000080004280] -> 0x40000000000000CF
x10 <- 0x40000000000000CF

clint mtime 0x00000000000002DD (mip.MTI <- 0b1, mip.STI <- 0b0)
mem[X,0x000000008000144C] -> 0x3583
mem[X,0x000000008000144E] -> 0x2881
[1466] [M]: 0x000000008000144C (0x28813583) ld x11, 0x288(x2)                       resto_Mrtn+20
mem[R,0x0000000080004288] -> 0x40000000000000CF
x11 <- 0x40000000000000CF

mem[X,0x0000000080001450] -> 0x3103
mem[X,0x0000000080001452] -> 0x2901
[1467] [M]: 0x0000000080001450 (0x29013103) ld x2, 0x290(x2)                        resto_Mrtn+24
mem[R,0x0000000080004290] -> 0x0000000000000000
x2 <- 0x0000000000000000

clint mtime 0x00000000000002DE (mip.MTI <- 0b1, mip.STI <- 0b0)
mem[X,0x0000000080001454] -> 0x0073
mem[X,0x0000000080001456] -> 0x3020
[1468] [M]: 0x0000000080001454 (0x30200073) mret                                    resto_Mrtn+28
CSR mstatus (0x300) <- 0x0000000A00000080
ret-ing from M to S

mem[X,0x0000000080000D6C] -> 0x0013
mem[X,0x0000000080000D6E] -> 0x0000
[1469] [S]: 0x0006000080000D6C (0x00000013) addi x0, x0, 0x0                        va_rvtest_code_begin+1456

clint mtime 0x00000000000002DF (mip.MTI <- 0b1, mip.STI <- 0b0)
mem[X,0x0000000080000D70] -> 0x0013
mem[X,0x0000000080000D72] -> 0x0000
[1470] [S]: 0x0006000080000D70 (0x00000013) addi x0, x0, 0x0                        va_rvtest_code_begin+1460

mem[X,0x0000000080000D74] -> 0x0013
mem[X,0x0000000080000D76] -> 0x0000
[1471] [S]: 0x0006000080000D74 (0x00000013) addi x0, x0, 0x0                        va_rvtest_code_begin+1464

clint mtime 0x00000000000002E0 (mip.MTI <- 0b1, mip.STI <- 0b0)
mem[X,0x0000000080000D78] -> 0x0113
mem[X,0x0000000080000D7A] -> 0x0000
[1472] [S]: 0x0006000080000D78 (0x00000113) addi x2, x0, 0x0                        va_rvtest_code_begin+1468
x2 <- 0x0000000000000000

mem[X,0x0000000080000D7C] -> 0x0073
mem[X,0x0000000080000D7E] -> 0x0000
[1473] [S]: 0x0006000080000D7C (0x00000073) ecall                                   va_rvtest_code_begin+1472
trapping from S to M to handle s-call
handling exc#s-call at priv M with tval 0x0000000000000000
CSR mstatus (0x300) <- 0x0000000A00000800
CSR mcause (0x342) <- 0x0000000000000009
CSR mtval (0x343) <- 0x0000000000000000
CSR mepc (0x341) <- 0x0006000080000D7C

clint mtime 0x00000000000002E1 (mip.MTI <- 0b1, mip.STI <- 0b0)
mem[X,0x0000000080001000] -> 0x006F
mem[X,0x0000000080001002] -> 0x1000
[1474] [M]: 0x0000000080001000 (0x1000006F) jal x0, 0x100                           Mtrampoline+0

mem[X,0x0000000080001100] -> 0x1173
mem[X,0x0000000080001102] -> 0x3401
[1475] [M]: 0x0000000080001100 (0x34011173) csrrw x2, mscratch, x2                  trap_Mhandler+0
CSR mscratch (0x340) <- 0x0000000000000000
x2 <- 0x0000000080004000

clint mtime 0x00000000000002E2 (mip.MTI <- 0b1, mip.STI <- 0b0)
mem[X,0x0000000080001104] -> 0x3423
mem[X,0x0000000080001106] -> 0x28B1
[1476] [M]: 0x0000000080001104 (0x28B13423) sd x11, 0x288(x2)                       trap_Mhandler+4
mem[W,0x0000000080004288] <- 0x40000000000000CF

mem[X,0x0000000080001108] -> 0x05EF
mem[X,0x000000008000110A] -> 0x0B80
[1477] [M]: 0x0000000080001108 (0x0B8005EF) jal x11, 0xb8                           trap_Mhandler+8
x11 <- 0x000000008000110C

clint mtime 0x00000000000002E3 (mip.MTI <- 0b1, mip.STI <- 0b0)
mem[X,0x00000000800011C0] -> 0x3023
mem[X,0x00000000800011C2] -> 0x28A1
[1478] [M]: 0x00000000800011C0 (0x28A13023) sd x10, 0x280(x2)                       common_Mhandler+0
mem[W,0x0000000080004280] <- 0x40000000000000CF

mem[X,0x00000000800011C4] -> 0x1573
mem[X,0x00000000800011C6] -> 0x3401
[1479] [M]: 0x00000000800011C4 (0x34011573) csrrw x10, mscratch, x2                 common_Mhandler+4
CSR mscratch (0x340) <- 0x0000000080004000
x10 <- 0x0000000000000000

clint mtime 0x00000000000002E4 (mip.MTI <- 0b1, mip.STI <- 0b0)
mem[X,0x00000000800011C8] -> 0x3823
mem[X,0x00000000800011CA] -> 0x28A1
[1480] [M]: 0x00000000800011C8 (0x28A13823) sd x10, 0x290(x2)                       common_Mhandler+8
mem[W,0x0000000080004290] <- 0x0000000000000000

mem[X,0x00000000800011CC] -> 0x3503
mem[X,0x00000000800011CE] -> 0x2301
[1481] [M]: 0x00000000800011CC (0x23013503) ld x10, 0x230(x2)                       common_Mhandler+12
mem[R,0x0000000080004230] -> 0x00000000800011D4
x10 <- 0x00000000800011D4

clint mtime 0x00000000000002E5 (mip.MTI <- 0b1, mip.STI <- 0b0)
mem[X,0x00000000800011D0] -> 0x0067
mem[X,0x00000000800011D2] -> 0x0005
[1482] [M]: 0x00000000800011D0 (0x00050067) jalr x0, 0x0(x10)                       common_Mhandler+16

mem[X,0x00000000800011D4] -> 0x3C23
mem[X,0x00000000800011D6] -> 0x2691
[1483] [M]: 0x00000000800011D4 (0x26913C23) sd x9, 0x278(x2)                        common_Mentry+0
mem[W,0x0000000080004278] <- 0x00060000000000E8

clint mtime 0x00000000000002E6 (mip.MTI <- 0b1, mip.STI <- 0b0)
mem[X,0x00000000800011D8] -> 0x3823
mem[X,0x00000000800011DA] -> 0x2681
[1484] [M]: 0x00000000800011D8 (0x26813823) sd x8, 0x270(x2)                        common_Mentry+4
mem[W,0x0000000080004270] <- 0x0000000000007F76

mem[X,0x00000000800011DC] -> 0x3423
mem[X,0x00000000800011DE] -> 0x2671
[1485] [M]: 0x00000000800011DC (0x26713423) sd x7, 0x268(x2)                        common_Mentry+8
mem[W,0x0000000080004268] <- 0x0000000080004000

clint mtime 0x00000000000002E7 (mip.MTI <- 0b1, mip.STI <- 0b0)
mem[X,0x00000000800011E0] -> 0x3023
mem[X,0x00000000800011E2] -> 0x2661
[1486] [M]: 0x00000000800011E0 (0x26613023) sd x6, 0x260(x2)                        common_Mentry+12
mem[W,0x0000000080004260] <- 0xFFFFFFFF7FFFF40C

mem[X,0x00000000800011E4] -> 0x2573
mem[X,0x00000000800011E6] -> 0x3420
[1487] [M]: 0x00000000800011E4 (0x34202573) csrrs x10, mcause, x0                   spcl_M2mmode_test+0
CSR mcause (0x342) -> 0x0000000000000009
x10 <- 0x0000000000000009

clint mtime 0x00000000000002E8 (mip.MTI <- 0b1, mip.STI <- 0b0)
mem[X,0x00000000800011E8] -> 0x04B7
mem[X,0x00000000800011EA] -> 0x8000
[1488] [M]: 0x00000000800011E8 (0x800004B7) lui x9, -0x80000                        spcl_M2mmode_test+4
x9 <- 0xFFFFFFFF80000000

mem[X,0x00000000800011EC] -> 0x8493
mem[X,0x00000000800011EE] -> 0x0004
[1489] [M]: 0x00000000800011EC (0x00048493) addi x9, x9, 0x0                        spcl_M2mmode_test+8
x9 <- 0xFFFFFFFF80000000

clint mtime 0x00000000000002E9 (mip.MTI <- 0b1, mip.STI <- 0b0)
mem[X,0x00000000800011F0] -> 0x9493
mem[X,0x00000000800011F2] -> 0x00B4
[1490] [M]: 0x00000000800011F0 (0x00B49493) slli x9, x9, 0xb                        spcl_M2mmode_test+12
x9 <- 0xFFFFFC0000000000

mem[X,0x00000000800011F4] -> 0x8493
mem[X,0x00000000800011F6] -> 0x0004
[1491] [M]: 0x00000000800011F4 (0x00048493) addi x9, x9, 0x0                        spcl_M2mmode_test+16
x9 <- 0xFFFFFC0000000000

clint mtime 0x00000000000002EA (mip.MTI <- 0b1, mip.STI <- 0b0)
mem[X,0x00000000800011F8] -> 0x9493
mem[X,0x00000000800011FA] -> 0x00B4
[1492] [M]: 0x00000000800011F8 (0x00B49493) slli x9, x9, 0xb                        spcl_M2mmode_test+20
x9 <- 0xFFE0000000000000

mem[X,0x00000000800011FC] -> 0x8493
mem[X,0x00000000800011FE] -> 0x0034
[1493] [M]: 0x00000000800011FC (0x00348493) addi x9, x9, 0x3                        spcl_M2mmode_test+24
x9 <- 0xFFE0000000000003

clint mtime 0x00000000000002EB (mip.MTI <- 0b1, mip.STI <- 0b0)
mem[X,0x0000000080001200] -> 0x9493
mem[X,0x0000000080001202] -> 0x00A4
[1494] [M]: 0x0000000080001200 (0x00A49493) slli x9, x9, 0xa                        spcl_M2mmode_test+28
x9 <- 0x8000000000000C00

mem[X,0x0000000080001204] -> 0x8493
mem[X,0x0000000080001206] -> 0x3FC4
[1495] [M]: 0x0000000080001204 (0x3FC48493) addi x9, x9, 0x3fc                      spcl_M2mmode_test+32
x9 <- 0x8000000000000FFC

clint mtime 0x00000000000002EC (mip.MTI <- 0b1, mip.STI <- 0b0)
mem[X,0x0000000080001208] -> 0xF4B3
mem[X,0x000000008000120A] -> 0x00A4
[1496] [M]: 0x0000000080001208 (0x00A4F4B3) and x9, x9, x10                         spcl_M2mmode_test+36
x9 <- 0x0000000000000008

mem[X,0x000000008000120C] -> 0x8493
mem[X,0x000000008000120E] -> 0xFF84
[1497] [M]: 0x000000008000120C (0xFF848493) addi x9, x9, -0x8                       spcl_M2mmode_test+40
x9 <- 0x0000000000000000

clint mtime 0x00000000000002ED (mip.MTI <- 0b1, mip.STI <- 0b0)
mem[X,0x0000000080001210] -> 0x9663
mem[X,0x0000000080001212] -> 0x0004
[1498] [M]: 0x0000000080001210 (0x00049663) bne x9, x0, 0xc                         spcl_M2mmode_test+44

mem[X,0x0000000080001214] -> 0x3383
mem[X,0x0000000080001216] -> 0x2901
[1499] [M]: 0x0000000080001214 (0x29013383) ld x7, 0x290(x2)                        spcl_M2mmode_test+48
mem[R,0x0000000080004290] -> 0x0000000000000000
x7 <- 0x0000000000000000

clint mtime 0x00000000000002EE (mip.MTI <- 0b1, mip.STI <- 0b0)
mem[X,0x0000000080001218] -> 0x8663
mem[X,0x000000008000121A] -> 0x6E03
[1500] [M]: 0x0000000080001218 (0x6E038663) beq x7, x0, 0x6ec                       spcl_M2mmode_test+52

mem[X,0x0000000080001904] -> 0x0493
mem[X,0x0000000080001906] -> 0xFF55
[1501] [M]: 0x0000000080001904 (0xFF550493) addi x9, x10, -0xb                      rtn2mmode+0
x9 <- 0xFFFFFFFFFFFFFFFE

clint mtime 0x00000000000002EF (mip.MTI <- 0b1, mip.STI <- 0b0)
mem[X,0x0000000080001908] -> 0x8C63
mem[X,0x000000008000190A] -> 0x0004
[1502] [M]: 0x0000000080001908 (0x00048C63) beq x9, x0, 0x18                        rtn2mmode+4

mem[X,0x000000008000190C] -> 0x3583
mem[X,0x000000008000190E] -> 0x4701
[1503] [M]: 0x000000008000190C (0x47013583) ld x11, 0x470(x2)                       rtn2mmode+8
mem[R,0x0000000080004470] -> 0x00060000800007BC
x11 <- 0x00060000800007BC

clint mtime 0x00000000000002F0 (mip.MTI <- 0b1, mip.STI <- 0b0)
mem[X,0x0000000080001910] -> 0xD463
mem[X,0x0000000080001912] -> 0x0003
[1504] [M]: 0x0000000080001910 (0x0003D463) bge x7, x0, 0x8                         rtn2mmode+12

mem[X,0x0000000080001918] -> 0x3483
mem[X,0x000000008000191A] -> 0x1D81
[1505] [M]: 0x0000000080001918 (0x1D813483) ld x9, 0x1d8(x2)                        from_u_s+0
mem[R,0x00000000800041D8] -> 0x00000000800007D4
x9 <- 0x00000000800007D4

clint mtime 0x00000000000002F1 (mip.MTI <- 0b1, mip.STI <- 0b0)
mem[X,0x000000008000191C] -> 0x84B3
mem[X,0x000000008000191E] -> 0x40B4
[1506] [M]: 0x000000008000191C (0x40B484B3) sub x9, x9, x11                         from_u_s+4
x9 <- 0xFFFA000000000018

mem[X,0x0000000080001920] -> 0x23F3
mem[X,0x0000000080001922] -> 0x3410
[1507] [M]: 0x0000000080001920 (0x341023F3) csrrs x7, mepc, x0                      rtn_fm_mmode+0
CSR mepc (0x341) -> 0x0006000080000D7C
x7 <- 0x0006000080000D7C

clint mtime 0x00000000000002F2 (mip.MTI <- 0b1, mip.STI <- 0b0)
mem[X,0x0000000080001924] -> 0x83B3
mem[X,0x0000000080001926] -> 0x0093
[1508] [M]: 0x0000000080001924 (0x009383B3) add x7, x7, x9                          rtn_fm_mmode+4
x7 <- 0x0000000080000D94

mem[X,0x0000000080001928] -> 0x3303
mem[X,0x000000008000192A] -> 0x2601
[1509] [M]: 0x0000000080001928 (0x26013303) ld x6, 0x260(x2)                        rtn_fm_mmode+8
mem[R,0x0000000080004260] -> 0xFFFFFFFF7FFFF40C
x6 <- 0xFFFFFFFF7FFFF40C

clint mtime 0x00000000000002F3 (mip.MTI <- 0b1, mip.STI <- 0b0)
mem[X,0x000000008000192C] -> 0x3403
mem[X,0x000000008000192E] -> 0x2701
[1510] [M]: 0x000000008000192C (0x27013403) ld x8, 0x270(x2)                        rtn_fm_mmode+12
mem[R,0x0000000080004270] -> 0x0000000000007F76
x8 <- 0x0000000000007F76

mem[X,0x0000000080001930] -> 0x3483
mem[X,0x0000000080001932] -> 0x2781
[1511] [M]: 0x0000000080001930 (0x27813483) ld x9, 0x278(x2)                        rtn_fm_mmode+16
mem[R,0x0000000080004278] -> 0x00060000000000E8
x9 <- 0x00060000000000E8

clint mtime 0x00000000000002F4 (mip.MTI <- 0b1, mip.STI <- 0b0)
mem[X,0x0000000080001934] -> 0x3503
mem[X,0x0000000080001936] -> 0x2801
[1512] [M]: 0x0000000080001934 (0x28013503) ld x10, 0x280(x2)                       rtn_fm_mmode+20
mem[R,0x0000000080004280] -> 0x40000000000000CF
x10 <- 0x40000000000000CF

mem[X,0x0000000080001938] -> 0x3583
mem[X,0x000000008000193A] -> 0x2881
[1513] [M]: 0x0000000080001938 (0x28813583) ld x11, 0x288(x2)                       rtn_fm_mmode+24
mem[R,0x0000000080004288] -> 0x40000000000000CF
x11 <- 0x40000000000000CF

clint mtime 0x00000000000002F5 (mip.MTI <- 0b1, mip.STI <- 0b0)
mem[X,0x000000008000193C] -> 0x3103
mem[X,0x000000008000193E] -> 0x2901
[1514] [M]: 0x000000008000193C (0x29013103) ld x2, 0x290(x2)                        rtn_fm_mmode+28
mem[R,0x0000000080004290] -> 0x0000000000000000
x2 <- 0x0000000000000000

mem[X,0x0000000080001940] -> 0x8067
mem[X,0x0000000080001942] -> 0x0043
[1515] [M]: 0x0000000080001940 (0x00438067) jalr x0, 0x4(x7)                        rtn_fm_mmode+32

clint mtime 0x00000000000002F6 (mip.MTI <- 0b1, mip.STI <- 0b0)
mem[X,0x0000000080000D98] -> 0x0013
mem[X,0x0000000080000D9A] -> 0x0000
[1516] [M]: 0x0000000080000D98 (0x00000013) addi x0, x0, 0x0                        main+1432

mem[X,0x0000000080000D9C] -> 0x0013
mem[X,0x0000000080000D9E] -> 0x0000
[1517] [M]: 0x0000000080000D9C (0x00000013) addi x0, x0, 0x0                        main+1436

clint mtime 0x00000000000002F7 (mip.MTI <- 0b1, mip.STI <- 0b0)
mem[X,0x0000000080000DA0] -> 0x051B
mem[X,0x0000000080000DA2] -> 0x0000
[1518] [M]: 0x0000000080000DA0 (0x0000051B) addiw x10, x0, 0x0                      main+1440
x10 <- 0x0000000000000000

mem[X,0x0000000080000DA4] -> 0x0001
[1519] [M]: 0x0000000080000DA4 (0x0001) c.nop                                       main+1444

clint mtime 0x00000000000002F8 (mip.MTI <- 0b1, mip.STI <- 0b0)
mem[X,0x0000000080000DA6] -> 0x0013
mem[X,0x0000000080000DA8] -> 0x0000
[1520] [M]: 0x0000000080000DA6 (0x00000013) addi x0, x0, 0x0                        main+1446

mem[X,0x0000000080000DAA] -> 0x0013
mem[X,0x0000000080000DAC] -> 0x0000
[1521] [M]: 0x0000000080000DAA (0x00000013) addi x0, x0, 0x0                        main+1450

clint mtime 0x00000000000002F9 (mip.MTI <- 0b1, mip.STI <- 0b0)
mem[X,0x0000000080000DAE] -> 0x0013
mem[X,0x0000000080000DB0] -> 0x0000
[1522] [M]: 0x0000000080000DAE (0x00000013) addi x0, x0, 0x0                        main+1454

mem[X,0x0000000080000DB2] -> 0x0013
mem[X,0x0000000080000DB4] -> 0x0000
[1523] [M]: 0x0000000080000DB2 (0x00000013) addi x0, x0, 0x0                        main+1458

clint mtime 0x00000000000002FA (mip.MTI <- 0b1, mip.STI <- 0b0)
mem[X,0x0000000080000DB6] -> 0x0013
mem[X,0x0000000080000DB8] -> 0x0000
[1524] [M]: 0x0000000080000DB6 (0x00000013) addi x0, x0, 0x0                        main+1462

mem[X,0x0000000080000DBA] -> 0x0013
mem[X,0x0000000080000DBC] -> 0x0000
[1525] [M]: 0x0000000080000DBA (0x00000013) addi x0, x0, 0x0                        main+1466

clint mtime 0x00000000000002FB (mip.MTI <- 0b1, mip.STI <- 0b0)
mem[X,0x0000000080000DBE] -> 0x0001
[1526] [M]: 0x0000000080000DBE (0x0001) c.nop                                       main+1470

mem[X,0x0000000080000DC0] -> 0x05B7
mem[X,0x0000000080000DC2] -> 0x6000
[1527] [M]: 0x0000000080000DC0 (0x600005B7) lui x11, 0x60000                        main+1472
x11 <- 0x0000000060000000

clint mtime 0x00000000000002FC (mip.MTI <- 0b1, mip.STI <- 0b0)
mem[X,0x0000000080000DC4] -> 0x8593
mem[X,0x0000000080000DC6] -> 0x0005
[1528] [M]: 0x0000000080000DC4 (0x00058593) addi x11, x11, 0x0                      main+1476
x11 <- 0x0000000060000000

mem[X,0x0000000080000DC8] -> 0x9593
mem[X,0x0000000080000DCA] -> 0x00B5
[1529] [M]: 0x0000000080000DC8 (0x00B59593) slli x11, x11, 0xb                      main+1480
x11 <- 0x0000030000000000

clint mtime 0x00000000000002FD (mip.MTI <- 0b1, mip.STI <- 0b0)
mem[X,0x0000000080000DCC] -> 0x8593
mem[X,0x0000000080000DCE] -> 0x0005
[1530] [M]: 0x0000000080000DCC (0x00058593) addi x11, x11, 0x0                      main+1484
x11 <- 0x0000030000000000

mem[X,0x0000000080000DD0] -> 0x9593
mem[X,0x0000000080000DD2] -> 0x00B5
[1531] [M]: 0x0000000080000DD0 (0x00B59593) slli x11, x11, 0xb                      main+1488
x11 <- 0x0018000000000000

clint mtime 0x00000000000002FE (mip.MTI <- 0b1, mip.STI <- 0b0)
mem[X,0x0000000080000DD4] -> 0x8593
mem[X,0x0000000080000DD6] -> 0x0005
[1532] [M]: 0x0000000080000DD4 (0x00058593) addi x11, x11, 0x0                      main+1492
x11 <- 0x0018000000000000

mem[X,0x0000000080000DD8] -> 0x9593
mem[X,0x0000000080000DDA] -> 0x00A5
[1533] [M]: 0x0000000080000DD8 (0x00A59593) slli x11, x11, 0xa                      main+1496
x11 <- 0x6000000000000000

clint mtime 0x00000000000002FF (mip.MTI <- 0b1, mip.STI <- 0b0)
mem[X,0x0000000080000DDC] -> 0x8593
mem[X,0x0000000080000DDE] -> 0x0CF5
[1534] [M]: 0x0000000080000DDC (0x0CF58593) addi x11, x11, 0xcf                     main+1500
x11 <- 0x60000000000000CF

mem[X,0x0000000080000DE0] -> 0x5513
mem[X,0x0000000080000DE2] -> 0x00C5
[1535] [M]: 0x0000000080000DE0 (0x00C55513) srli x10, x10, 0xc                      main+1504
x10 <- 0x0000000000000000

clint mtime 0x0000000000000300 (mip.MTI <- 0b1, mip.STI <- 0b0)
mem[X,0x0000000080000DE4] -> 0x1513
mem[X,0x0000000080000DE6] -> 0x00A5
[1536] [M]: 0x0000000080000DE4 (0x00A51513) slli x10, x10, 0xa                      main+1508
x10 <- 0x0000000000000000

mem[X,0x0000000080000DE8] -> 0x6533
mem[X,0x0000000080000DEA] -> 0x00B5
[1537] [M]: 0x0000000080000DE8 (0x00B56533) or x10, x10, x11                        main+1512
x10 <- 0x60000000000000CF

clint mtime 0x0000000000000301 (mip.MTI <- 0b1, mip.STI <- 0b0)
mem[X,0x0000000080000DEC] -> 0x0013
mem[X,0x0000000080000DEE] -> 0x0000
[1538] [M]: 0x0000000080000DEC (0x00000013) addi x0, x0, 0x0                        main+1516

mem[X,0x0000000080000DF0] -> 0x0013
mem[X,0x0000000080000DF2] -> 0x0000
[1539] [M]: 0x0000000080000DF0 (0x00000013) addi x0, x0, 0x0                        main+1520

clint mtime 0x0000000000000302 (mip.MTI <- 0b1, mip.STI <- 0b0)
mem[X,0x0000000080000DF4] -> 0x0013
mem[X,0x0000000080000DF6] -> 0x0000
[1540] [M]: 0x0000000080000DF4 (0x00000013) addi x0, x0, 0x0                        main+1524

mem[X,0x0000000080000DF8] -> 0x0013
mem[X,0x0000000080000DFA] -> 0x0000
[1541] [M]: 0x0000000080000DF8 (0x00000013) addi x0, x0, 0x0                        main+1528

clint mtime 0x0000000000000303 (mip.MTI <- 0b1, mip.STI <- 0b0)
mem[X,0x0000000080000DFC] -> 0x0013
mem[X,0x0000000080000DFE] -> 0x0000
[1542] [M]: 0x0000000080000DFC (0x00000013) addi x0, x0, 0x0                        main+1532

mem[X,0x0000000080000E00] -> 0x4317
mem[X,0x0000000080000E02] -> 0x0000
[1543] [M]: 0x0000000080000E00 (0x00004317) auipc x6, 0x4                           main+1536
x6 <- 0x0000000080004E00

clint mtime 0x0000000000000304 (mip.MTI <- 0b1, mip.STI <- 0b0)
mem[X,0x0000000080000E04] -> 0x0313
mem[X,0x0000000080000E06] -> 0x2003
[1544] [M]: 0x0000000080000E04 (0x20030313) addi x6, x6, 0x200                      main+1540
x6 <- 0x0000000080005000

mem[X,0x0000000080000E08] -> 0x0001
[1545] [M]: 0x0000000080000E08 (0x0001) c.nop                                       main+1544

clint mtime 0x0000000000000305 (mip.MTI <- 0b1, mip.STI <- 0b0)
mem[X,0x0000000080000E0A] -> 0x0013
mem[X,0x0000000080000E0C] -> 0x0000
[1546] [M]: 0x0000000080000E0A (0x00000013) addi x0, x0, 0x0                        main+1546

mem[X,0x0000000080000E0E] -> 0x0013
mem[X,0x0000000080000E10] -> 0x0000
[1547] [M]: 0x0000000080000E0E (0x00000013) addi x0, x0, 0x0                        main+1550

clint mtime 0x0000000000000306 (mip.MTI <- 0b1, mip.STI <- 0b0)
mem[X,0x0000000080000E12] -> 0x0013
mem[X,0x0000000080000E14] -> 0x0000
[1548] [M]: 0x0000000080000E12 (0x00000013) addi x0, x0, 0x0                        main+1554

mem[X,0x0000000080000E16] -> 0x0013
mem[X,0x0000000080000E18] -> 0x0000
[1549] [M]: 0x0000000080000E16 (0x00000013) addi x0, x0, 0x0                        main+1558

clint mtime 0x0000000000000307 (mip.MTI <- 0b1, mip.STI <- 0b0)
mem[X,0x0000000080000E1A] -> 0x0013
mem[X,0x0000000080000E1C] -> 0x0000
[1550] [M]: 0x0000000080000E1A (0x00000013) addi x0, x0, 0x0                        main+1562

mem[X,0x0000000080000E1E] -> 0x0001
[1551] [M]: 0x0000000080000E1E (0x0001) c.nop                                       main+1566

clint mtime 0x0000000000000308 (mip.MTI <- 0b1, mip.STI <- 0b0)
mem[X,0x0000000080000E20] -> 0x0293
mem[X,0x0000000080000E22] -> 0x0280
[1552] [M]: 0x0000000080000E20 (0x02800293) addi x5, x0, 0x28                       main+1568
x5 <- 0x0000000000000028

mem[X,0x0000000080000E24] -> 0x0333
mem[X,0x0000000080000E26] -> 0x0053
[1553] [M]: 0x0000000080000E24 (0x00530333) add x6, x6, x5                          main+1572
x6 <- 0x0000000080005028

clint mtime 0x0000000000000309 (mip.MTI <- 0b1, mip.STI <- 0b0)
mem[X,0x0000000080000E28] -> 0x3023
mem[X,0x0000000080000E2A] -> 0x00A3
[1554] [M]: 0x0000000080000E28 (0x00A33023) sd x10, 0x0(x6)                         main+1576
mem[W,0x0000000080005028] <- 0x60000000000000CF

mem[X,0x0000000080000E2C] -> 0x0073
mem[X,0x0000000080000E2E] -> 0x1200
[1555] [M]: 0x0000000080000E2C (0x12000073) sfence.vma x0, x0                       main+1580

clint mtime 0x000000000000030A (mip.MTI <- 0b1, mip.STI <- 0b0)
mem[X,0x0000000080000E30] -> 0x0493
mem[X,0x0000000080000E32] -> 0x0010
[1556] [M]: 0x0000000080000E30 (0x00100493) addi x9, x0, 0x1                        main+1584
x9 <- 0x0000000000000001

mem[X,0x0000000080000E34] -> 0x9493
mem[X,0x0000000080000E36] -> 0x00B4
[1557] [M]: 0x0000000080000E34 (0x00B49493) slli x9, x9, 0xb                        main+1588
x9 <- 0x0000000000000800

clint mtime 0x000000000000030B (mip.MTI <- 0b1, mip.STI <- 0b0)
mem[X,0x0000000080000E38] -> 0xB073
mem[X,0x0000000080000E3A] -> 0x3004
[1558] [M]: 0x0000000080000E38 (0x3004B073) csrrc x0, mstatus, x9                   main+1592
CSR mstatus (0x300) <- 0x0000000A00000000

mem[X,0x0000000080000E3C] -> 0x0493
mem[X,0x0000000080000E3E] -> 0x0010
[1559] [M]: 0x0000000080000E3C (0x00100493) addi x9, x0, 0x1                        main+1596
x9 <- 0x0000000000000001

clint mtime 0x000000000000030C (mip.MTI <- 0b1, mip.STI <- 0b0)
mem[X,0x0000000080000E40] -> 0x9493
mem[X,0x0000000080000E42] -> 0x00B4
[1560] [M]: 0x0000000080000E40 (0x00B49493) slli x9, x9, 0xb                        main+1600
x9 <- 0x0000000000000800

mem[X,0x0000000080000E44] -> 0xA073
mem[X,0x0000000080000E46] -> 0x3004
[1561] [M]: 0x0000000080000E44 (0x3004A073) csrrs x0, mstatus, x9                   main+1604
CSR mstatus (0x300) <- 0x0000000A00000800

clint mtime 0x000000000000030D (mip.MTI <- 0b1, mip.STI <- 0b0)
mem[X,0x0000000080000E48] -> 0x23F3
mem[X,0x0000000080000E4A] -> 0x3400
[1562] [M]: 0x0000000080000E48 (0x340023F3) csrrs x7, mscratch, x0                  main+1608
CSR mscratch (0x340) -> 0x0000000080004000
x7 <- 0x0000000080004000

mem[X,0x0000000080000E4C] -> 0xB303
mem[X,0x0000000080000E4E] -> 0x4703
[1563] [M]: 0x0000000080000E4C (0x4703B303) ld x6, 0x470(x7)                        main+1612
mem[R,0x0000000080004470] -> 0x00060000800007BC
x6 <- 0x00060000800007BC

clint mtime 0x000000000000030E (mip.MTI <- 0b1, mip.STI <- 0b0)
mem[X,0x0000000080000E50] -> 0xB483
mem[X,0x0000000080000E52] -> 0x1D83
[1564] [M]: 0x0000000080000E50 (0x1D83B483) ld x9, 0x1d8(x7)                        main+1616
mem[R,0x00000000800041D8] -> 0x00000000800007D4
x9 <- 0x00000000800007D4

mem[X,0x0000000080000E54] -> 0x0333
mem[X,0x0000000080000E56] -> 0x4093
[1565] [M]: 0x0000000080000E54 (0x40930333) sub x6, x6, x9                          main+1620
x6 <- 0x0005FFFFFFFFFFE8

clint mtime 0x000000000000030F (mip.MTI <- 0b1, mip.STI <- 0b0)
mem[X,0x0000000080000E58] -> 0x0313
mem[X,0x0000000080000E5A] -> 0x0103
[1566] [M]: 0x0000000080000E58 (0x01030313) addi x6, x6, 0x10                       main+1624
x6 <- 0x0005FFFFFFFFFFF8

mem[X,0x0000000080000E5C] -> 0x0497
mem[X,0x0000000080000E5E] -> 0x0000
[1567] [M]: 0x0000000080000E5C (0x00000497) auipc x9, 0x0                           main+1628
x9 <- 0x0000000080000E5C

clint mtime 0x0000000000000310 (mip.MTI <- 0b1, mip.STI <- 0b0)
mem[X,0x0000000080000E60] -> 0x84B3
mem[X,0x0000000080000E62] -> 0x0064
[1568] [M]: 0x0000000080000E60 (0x006484B3) add x9, x9, x6                          main+1632
x9 <- 0x0006000080000E54

mem[X,0x0000000080000E64] -> 0x94F3
mem[X,0x0000000080000E66] -> 0x3414
[1569] [M]: 0x0000000080000E64 (0x341494F3) csrrw x9, mepc, x9                      main+1636
CSR mepc (0x341) <- 0x0006000080000E54
x9 <- 0x0006000080000D7C

clint mtime 0x0000000000000311 (mip.MTI <- 0b1, mip.STI <- 0b0)
mem[X,0x0000000080000E68] -> 0x0073
mem[X,0x0000000080000E6A] -> 0x3020
[1570] [M]: 0x0000000080000E68 (0x30200073) mret                                    main+1640
CSR mstatus (0x300) <- 0x0000000A00000080
ret-ing from M to S

PTW: Start, vpn=0x6000080000, access_type=X, privilege=Smem[R,0x0000000080005030] -> 0x00000000000000CB
PTW: Step, level=4, pte=0xCB, pte_addr=0x80005030
PTW: Success, final_ppn=0x80000, level=4mem[X,0x0000000080000E54] -> 0x0333
mem[X,0x0000000080000E56] -> 0x4093
[1571] [S]: 0x0006000080000E54 (0x40930333) sub x6, x6, x9                          va_rvtest_code_begin+1688
x6 <- 0xFFFFFFFF7FFFF27C

clint mtime 0x0000000000000312 (mip.MTI <- 0b1, mip.STI <- 0b0)
mem[X,0x0000000080000E58] -> 0x0313
mem[X,0x0000000080000E5A] -> 0x0103
[1572] [S]: 0x0006000080000E58 (0x01030313) addi x6, x6, 0x10                       va_rvtest_code_begin+1692
x6 <- 0xFFFFFFFF7FFFF28C

mem[X,0x0000000080000E5C] -> 0x0497
mem[X,0x0000000080000E5E] -> 0x0000
[1573] [S]: 0x0006000080000E5C (0x00000497) auipc x9, 0x0                           va_rvtest_code_begin+1696
x9 <- 0x0006000080000E5C

clint mtime 0x0000000000000313 (mip.MTI <- 0b1, mip.STI <- 0b0)
mem[X,0x0000000080000E60] -> 0x84B3
mem[X,0x0000000080000E62] -> 0x0064
[1574] [S]: 0x0006000080000E60 (0x006484B3) add x9, x9, x6                          va_rvtest_code_begin+1700
x9 <- 0x00060000000000E8

mem[X,0x0000000080000E64] -> 0x94F3
mem[X,0x0000000080000E66] -> 0x3414
[1575] [S]: 0x0006000080000E64 (0x341494F3) csrrw x9, mepc, x9                      va_rvtest_code_begin+1704
trapping from S to M to handle illegal-instruction
handling exc#illegal-instruction at priv M with tval 0x00000000341494F3
CSR mstatus (0x300) <- 0x0000000A00000800
CSR mcause (0x342) <- 0x0000000000000002
CSR mtval (0x343) <- 0x00000000341494F3
CSR mepc (0x341) <- 0x0006000080000E64

clint mtime 0x0000000000000314 (mip.MTI <- 0b1, mip.STI <- 0b0)
mem[X,0x0000000080001000] -> 0x006F
mem[X,0x0000000080001002] -> 0x1000
[1576] [M]: 0x0000000080001000 (0x1000006F) jal x0, 0x100                           Mtrampoline+0

mem[X,0x0000000080001100] -> 0x1173
mem[X,0x0000000080001102] -> 0x3401
[1577] [M]: 0x0000000080001100 (0x34011173) csrrw x2, mscratch, x2                  trap_Mhandler+0
CSR mscratch (0x340) <- 0x0000000000000000
x2 <- 0x0000000080004000

clint mtime 0x0000000000000315 (mip.MTI <- 0b1, mip.STI <- 0b0)
mem[X,0x0000000080001104] -> 0x3423
mem[X,0x0000000080001106] -> 0x28B1
[1578] [M]: 0x0000000080001104 (0x28B13423) sd x11, 0x288(x2)                       trap_Mhandler+4
mem[W,0x0000000080004288] <- 0x60000000000000CF

mem[X,0x0000000080001108] -> 0x05EF
mem[X,0x000000008000110A] -> 0x0B80
[1579] [M]: 0x0000000080001108 (0x0B8005EF) jal x11, 0xb8                           trap_Mhandler+8
x11 <- 0x000000008000110C

clint mtime 0x0000000000000316 (mip.MTI <- 0b1, mip.STI <- 0b0)
mem[X,0x00000000800011C0] -> 0x3023
mem[X,0x00000000800011C2] -> 0x28A1
[1580] [M]: 0x00000000800011C0 (0x28A13023) sd x10, 0x280(x2)                       common_Mhandler+0
mem[W,0x0000000080004280] <- 0x60000000000000CF

mem[X,0x00000000800011C4] -> 0x1573
mem[X,0x00000000800011C6] -> 0x3401
[1581] [M]: 0x00000000800011C4 (0x34011573) csrrw x10, mscratch, x2                 common_Mhandler+4
CSR mscratch (0x340) <- 0x0000000080004000
x10 <- 0x0000000000000000

clint mtime 0x0000000000000317 (mip.MTI <- 0b1, mip.STI <- 0b0)
mem[X,0x00000000800011C8] -> 0x3823
mem[X,0x00000000800011CA] -> 0x28A1
[1582] [M]: 0x00000000800011C8 (0x28A13823) sd x10, 0x290(x2)                       common_Mhandler+8
mem[W,0x0000000080004290] <- 0x0000000000000000

mem[X,0x00000000800011CC] -> 0x3503
mem[X,0x00000000800011CE] -> 0x2301
[1583] [M]: 0x00000000800011CC (0x23013503) ld x10, 0x230(x2)                       common_Mhandler+12
mem[R,0x0000000080004230] -> 0x00000000800011D4
x10 <- 0x00000000800011D4

clint mtime 0x0000000000000318 (mip.MTI <- 0b1, mip.STI <- 0b0)
mem[X,0x00000000800011D0] -> 0x0067
mem[X,0x00000000800011D2] -> 0x0005
[1584] [M]: 0x00000000800011D0 (0x00050067) jalr x0, 0x0(x10)                       common_Mhandler+16

mem[X,0x00000000800011D4] -> 0x3C23
mem[X,0x00000000800011D6] -> 0x2691
[1585] [M]: 0x00000000800011D4 (0x26913C23) sd x9, 0x278(x2)                        common_Mentry+0
mem[W,0x0000000080004278] <- 0x00060000000000E8

clint mtime 0x0000000000000319 (mip.MTI <- 0b1, mip.STI <- 0b0)
mem[X,0x00000000800011D8] -> 0x3823
mem[X,0x00000000800011DA] -> 0x2681
[1586] [M]: 0x00000000800011D8 (0x26813823) sd x8, 0x270(x2)                        common_Mentry+4
mem[W,0x0000000080004270] <- 0x0000000000007F76

mem[X,0x00000000800011DC] -> 0x3423
mem[X,0x00000000800011DE] -> 0x2671
[1587] [M]: 0x00000000800011DC (0x26713423) sd x7, 0x268(x2)                        common_Mentry+8
mem[W,0x0000000080004268] <- 0x0000000080004000

clint mtime 0x000000000000031A (mip.MTI <- 0b1, mip.STI <- 0b0)
mem[X,0x00000000800011E0] -> 0x3023
mem[X,0x00000000800011E2] -> 0x2661
[1588] [M]: 0x00000000800011E0 (0x26613023) sd x6, 0x260(x2)                        common_Mentry+12
mem[W,0x0000000080004260] <- 0xFFFFFFFF7FFFF28C

mem[X,0x00000000800011E4] -> 0x2573
mem[X,0x00000000800011E6] -> 0x3420
[1589] [M]: 0x00000000800011E4 (0x34202573) csrrs x10, mcause, x0                   spcl_M2mmode_test+0
CSR mcause (0x342) -> 0x0000000000000002
x10 <- 0x0000000000000002

clint mtime 0x000000000000031B (mip.MTI <- 0b1, mip.STI <- 0b0)
mem[X,0x00000000800011E8] -> 0x04B7
mem[X,0x00000000800011EA] -> 0x8000
[1590] [M]: 0x00000000800011E8 (0x800004B7) lui x9, -0x80000                        spcl_M2mmode_test+4
x9 <- 0xFFFFFFFF80000000

mem[X,0x00000000800011EC] -> 0x8493
mem[X,0x00000000800011EE] -> 0x0004
[1591] [M]: 0x00000000800011EC (0x00048493) addi x9, x9, 0x0                        spcl_M2mmode_test+8
x9 <- 0xFFFFFFFF80000000

clint mtime 0x000000000000031C (mip.MTI <- 0b1, mip.STI <- 0b0)
mem[X,0x00000000800011F0] -> 0x9493
mem[X,0x00000000800011F2] -> 0x00B4
[1592] [M]: 0x00000000800011F0 (0x00B49493) slli x9, x9, 0xb                        spcl_M2mmode_test+12
x9 <- 0xFFFFFC0000000000

mem[X,0x00000000800011F4] -> 0x8493
mem[X,0x00000000800011F6] -> 0x0004
[1593] [M]: 0x00000000800011F4 (0x00048493) addi x9, x9, 0x0                        spcl_M2mmode_test+16
x9 <- 0xFFFFFC0000000000

clint mtime 0x000000000000031D (mip.MTI <- 0b1, mip.STI <- 0b0)
mem[X,0x00000000800011F8] -> 0x9493
mem[X,0x00000000800011FA] -> 0x00B4
[1594] [M]: 0x00000000800011F8 (0x00B49493) slli x9, x9, 0xb                        spcl_M2mmode_test+20
x9 <- 0xFFE0000000000000

mem[X,0x00000000800011FC] -> 0x8493
mem[X,0x00000000800011FE] -> 0x0034
[1595] [M]: 0x00000000800011FC (0x00348493) addi x9, x9, 0x3                        spcl_M2mmode_test+24
x9 <- 0xFFE0000000000003

clint mtime 0x000000000000031E (mip.MTI <- 0b1, mip.STI <- 0b0)
mem[X,0x0000000080001200] -> 0x9493
mem[X,0x0000000080001202] -> 0x00A4
[1596] [M]: 0x0000000080001200 (0x00A49493) slli x9, x9, 0xa                        spcl_M2mmode_test+28
x9 <- 0x8000000000000C00

mem[X,0x0000000080001204] -> 0x8493
mem[X,0x0000000080001206] -> 0x3FC4
[1597] [M]: 0x0000000080001204 (0x3FC48493) addi x9, x9, 0x3fc                      spcl_M2mmode_test+32
x9 <- 0x8000000000000FFC

clint mtime 0x000000000000031F (mip.MTI <- 0b1, mip.STI <- 0b0)
mem[X,0x0000000080001208] -> 0xF4B3
mem[X,0x000000008000120A] -> 0x00A4
[1598] [M]: 0x0000000080001208 (0x00A4F4B3) and x9, x9, x10                         spcl_M2mmode_test+36
x9 <- 0x0000000000000000

mem[X,0x000000008000120C] -> 0x8493
mem[X,0x000000008000120E] -> 0xFF84
[1599] [M]: 0x000000008000120C (0xFF848493) addi x9, x9, -0x8                       spcl_M2mmode_test+40
x9 <- 0xFFFFFFFFFFFFFFF8

clint mtime 0x0000000000000320 (mip.MTI <- 0b1, mip.STI <- 0b0)
mem[X,0x0000000080001210] -> 0x9663
mem[X,0x0000000080001212] -> 0x0004
[1600] [M]: 0x0000000080001210 (0x00049663) bne x9, x0, 0xc                         spcl_M2mmode_test+44

mem[X,0x000000008000121C] -> 0x0393
mem[X,0x000000008000121E] -> 0x0200
[1601] [M]: 0x000000008000121C (0x02000393) addi x7, x0, 0x20                       Mtrapsig_ptr_upd+0
x7 <- 0x0000000000000020

clint mtime 0x0000000000000321 (mip.MTI <- 0b1, mip.STI <- 0b0)
mem[X,0x0000000080001220] -> 0x5263
mem[X,0x0000000080001222] -> 0x0405
[1602] [M]: 0x0000000080001220 (0x04055263) bge x10, x0, 0x44                       Mtrapsig_ptr_upd+4

mem[X,0x0000000080001264] -> 0x2373
mem[X,0x0000000080001266] -> 0x3010
[1603] [M]: 0x0000000080001264 (0x30102373) csrrs x6, misa, x0                      Mxcpt_sig_sv+0
CSR misa (0x301) -> 0x800000000034112F
x6 <- 0x800000000034112F

clint mtime 0x0000000000000322 (mip.MTI <- 0b1, mip.STI <- 0b0)
mem[X,0x0000000080001268] -> 0x1313
mem[X,0x000000008000126A] -> 0x0383
[1604] [M]: 0x0000000080001268 (0x03831313) slli x6, x6, 0x38                       Mxcpt_sig_sv+4
x6 <- 0x2F00000000000000

mem[X,0x000000008000126C] -> 0x5463
mem[X,0x000000008000126E] -> 0x0003
[1605] [M]: 0x000000008000126C (0x00035463) bge x6, x0, 0x8                         Mxcpt_sig_sv+8

clint mtime 0x0000000000000323 (mip.MTI <- 0b1, mip.STI <- 0b0)
mem[X,0x0000000080001274] -> 0x3303
mem[X,0x0000000080001276] -> 0x2181
[1606] [M]: 0x0000000080001274 (0x21813303) ld x6, 0x218(x2)                        Mtrap_sig_sv+0
mem[R,0x0000000080004218] -> 0x0000000080006318
x6 <- 0x0000000080006318

mem[X,0x0000000080001278] -> 0x04B3
mem[X,0x000000008000127A] -> 0x0073
[1607] [M]: 0x0000000080001278 (0x007304B3) add x9, x6, x7                          Mtrap_sig_sv+4
x9 <- 0x0000000080006338

clint mtime 0x0000000000000324 (mip.MTI <- 0b1, mip.STI <- 0b0)
mem[X,0x000000008000127C] -> 0x3C23
mem[X,0x000000008000127E] -> 0x2091
[1608] [M]: 0x000000008000127C (0x20913C23) sd x9, 0x218(x2)                        Mtrap_sig_sv+8
mem[W,0x0000000080004218] <- 0x0000000080006338

mem[X,0x0000000080001280] -> 0x3403
mem[X,0x0000000080001282] -> 0x1F81
[1609] [M]: 0x0000000080001280 (0x1F813403) ld x8, 0x1f8(x2)                        Mtrap_sig_sv+12
mem[R,0x00000000800041F8] -> 0x0000000080006110
x8 <- 0x0000000080006110

clint mtime 0x0000000000000325 (mip.MTI <- 0b1, mip.STI <- 0b0)
mem[X,0x0000000080001284] -> 0x0333
mem[X,0x0000000080001286] -> 0x4083
[1610] [M]: 0x0000000080001284 (0x40830333) sub x6, x6, x8                          Mtrap_sig_sv+16
x6 <- 0x0000000000000208

mem[X,0x0000000080001288] -> 0x3403
mem[X,0x000000008000128A] -> 0x1F81
[1611] [M]: 0x0000000080001288 (0x1F813403) ld x8, 0x1f8(x2)                        Mtrap_sig_sv+20
mem[R,0x00000000800041F8] -> 0x0000000080006110
x8 <- 0x0000000080006110

clint mtime 0x0000000000000326 (mip.MTI <- 0b1, mip.STI <- 0b0)
mem[X,0x000000008000128C] -> 0x0333
mem[X,0x000000008000128E] -> 0x0083
[1612] [M]: 0x000000008000128C (0x00830333) add x6, x6, x8                          Mtrap_sig_sv+24
x6 <- 0x0000000080006318

mem[X,0x0000000080001290] -> 0x3403
mem[X,0x0000000080001292] -> 0x2401
[1613] [M]: 0x0000000080001290 (0x24013403) ld x8, 0x240(x2)                        Mtrap_sig_sv+28
mem[R,0x0000000080004240] -> 0x0000000080001000
x8 <- 0x0000000080001000

clint mtime 0x0000000000000327 (mip.MTI <- 0b1, mip.STI <- 0b0)
mem[X,0x0000000080001294] -> 0x85B3
mem[X,0x0000000080001296] -> 0x4085
[1614] [M]: 0x0000000080001294 (0x408585B3) sub x11, x11, x8                        sv_Mvect+0
x11 <- 0x000000000000010C

mem[X,0x0000000080001298] -> 0x9593
mem[X,0x000000008000129A] -> 0x0045
[1615] [M]: 0x0000000080001298 (0x00459593) slli x11, x11, 0x4                      sv_Mvect+4
x11 <- 0x00000000000010C0

clint mtime 0x0000000000000328 (mip.MTI <- 0b1, mip.STI <- 0b0)
mem[X,0x000000008000129C] -> 0xE5B3
mem[X,0x000000008000129E] -> 0x0075
[1616] [M]: 0x000000008000129C (0x0075E5B3) or x11, x11, x7                         sv_Mvect+8
x11 <- 0x00000000000010E0

mem[X,0x00000000800012A0] -> 0x8593
mem[X,0x00000000800012A2] -> 0x0035
[1617] [M]: 0x00000000800012A0 (0x00358593) addi x11, x11, 0x3                      sv_Mvect+12
x11 <- 0x00000000000010E3

clint mtime 0x0000000000000329 (mip.MTI <- 0b1, mip.STI <- 0b0)
mem[X,0x00000000800012A4] -> 0x3023
mem[X,0x00000000800012A6] -> 0x00B3
[1618] [M]: 0x00000000800012A4 (0x00B33023) sd x11, 0x0(x6)                         sv_Mvect+16
mem[W,0x0000000080006318] <- 0x00000000000010E3

mem[X,0x00000000800012A8] -> 0x3423
mem[X,0x00000000800012AA] -> 0x00A3
[1619] [M]: 0x00000000800012A8 (0x00A33423) sd x10, 0x8(x6)                         sv_Mcause+0
mem[W,0x0000000080006320] <- 0x0000000000000002

clint mtime 0x000000000000032A (mip.MTI <- 0b1, mip.STI <- 0b0)
mem[X,0x00000000800012AC] -> 0x4663
mem[X,0x00000000800012AE] -> 0x1A05
[1620] [M]: 0x00000000800012AC (0x1A054663) blt x10, x0, 0x1ac                      sv_Mcause+4

mem[X,0x00000000800012B0] -> 0x25F3
mem[X,0x00000000800012B2] -> 0x3000
[1621] [M]: 0x00000000800012B0 (0x300025F3) csrrs x11, mstatus, x0                  common_Mexcpt_handler+0
CSR mstatus (0x300) -> 0x0000000A00000800
x11 <- 0x0000000A00000800

clint mtime 0x000000000000032B (mip.MTI <- 0b1, mip.STI <- 0b0)
mem[X,0x00000000800012B4] -> 0x9413
mem[X,0x00000000800012B6] -> 0x02E5
[1622] [M]: 0x00000000800012B4 (0x02E59413) slli x8, x11, 0x2e                      common_Mexcpt_handler+4
x8 <- 0x0200000000000000

mem[X,0x00000000800012B8] -> 0x5463
mem[X,0x00000000800012BA] -> 0x0004
[1623] [M]: 0x00000000800012B8 (0x00045463) bge x8, x0, 0x8                         common_Mexcpt_handler+8

clint mtime 0x000000000000032C (mip.MTI <- 0b1, mip.STI <- 0b0)
mem[X,0x00000000800012C0] -> 0xD493
mem[X,0x00000000800012C2] -> 0x00B5
[1624] [M]: 0x00000000800012C0 (0x00B5D493) srli x9, x11, 0xb                       common_Mexcpt_handler+16
x9 <- 0x0000000001400001

mem[X,0x00000000800012C4] -> 0xF493
mem[X,0x00000000800012C6] -> 0x0034
[1625] [M]: 0x00000000800012C4 (0x0034F493) andi x9, x9, 0x3                        common_Mexcpt_handler+20
x9 <- 0x0000000000000001

clint mtime 0x000000000000032D (mip.MTI <- 0b1, mip.STI <- 0b0)
mem[X,0x00000000800012C8] -> 0x8493
mem[X,0x00000000800012CA] -> 0x0014
[1626] [M]: 0x00000000800012C8 (0x00148493) addi x9, x9, 0x1                        common_Mexcpt_handler+24
x9 <- 0x0000000000000002

mem[X,0x00000000800012CC] -> 0xF493
mem[X,0x00000000800012CE] -> 0x0044
[1627] [M]: 0x00000000800012CC (0x0044F493) andi x9, x9, 0x4                        common_Mexcpt_handler+28
x9 <- 0x0000000000000000

clint mtime 0x000000000000032E (mip.MTI <- 0b1, mip.STI <- 0b0)
mem[X,0x00000000800012D0] -> 0x0593
mem[X,0x00000000800012D2] -> 0x05D0
[1628] [M]: 0x00000000800012D0 (0x05D00593) addi x11, x0, 0x5d                      common_Mexcpt_handler+32
x11 <- 0x000000000000005D

mem[X,0x00000000800012D4] -> 0xD5B3
mem[X,0x00000000800012D6] -> 0x0095
[1629] [M]: 0x00000000800012D4 (0x0095D5B3) srl x11, x11, x9                        common_Mexcpt_handler+36
x11 <- 0x000000000000005D

clint mtime 0x000000000000032F (mip.MTI <- 0b1, mip.STI <- 0b0)
mem[X,0x00000000800012D8] -> 0xF593
mem[X,0x00000000800012DA] -> 0x0015
[1630] [M]: 0x00000000800012D8 (0x0015F593) andi x11, x11, 0x1                      common_Mexcpt_handler+40
x11 <- 0x0000000000000001

mem[X,0x00000000800012DC] -> 0x8EE3
mem[X,0x00000000800012DE] -> 0xF405
[1631] [M]: 0x00000000800012DC (0xF4058EE3) beq x11, x0, -0xa4                      common_Mexcpt_handler+44

clint mtime 0x0000000000000330 (mip.MTI <- 0b1, mip.STI <- 0b0)
mem[X,0x00000000800012E0] -> 0x0593
mem[X,0x00000000800012E2] -> 0x2980
[1632] [M]: 0x00000000800012E0 (0x29800593) addi x11, x0, 0x298                     common_Mexcpt_handler+48
x11 <- 0x0000000000000298

mem[X,0x00000000800012E4] -> 0xF413
mem[X,0x00000000800012E6] -> 0x0014
[1633] [M]: 0x00000000800012E4 (0x0014F413) andi x8, x9, 0x1                        common_Mexcpt_handler+52
x8 <- 0x0000000000000000

clint mtime 0x0000000000000331 (mip.MTI <- 0b1, mip.STI <- 0b0)
mem[X,0x00000000800012E8] -> 0x95B3
mem[X,0x00000000800012EA] -> 0x0085
[1634] [M]: 0x00000000800012E8 (0x008595B3) sll x11, x11, x8                        common_Mexcpt_handler+56
x11 <- 0x0000000000000298

mem[X,0x00000000800012EC] -> 0x9413
mem[X,0x00000000800012EE] -> 0x03D4
[1635] [M]: 0x00000000800012EC (0x03D49413) slli x8, x9, 0x3d                       common_Mexcpt_handler+60
x8 <- 0x0000000000000000

clint mtime 0x0000000000000332 (mip.MTI <- 0b1, mip.STI <- 0b0)
mem[X,0x00000000800012F0] -> 0x5413
mem[X,0x00000000800012F2] -> 0x43F4
[1636] [M]: 0x00000000800012F0 (0x43F45413) srai x8, x8, 0x3f                       common_Mexcpt_handler+64
x8 <- 0x0000000000000000

mem[X,0x00000000800012F4] -> 0x4413
mem[X,0x00000000800012F6] -> 0xFFF4
[1637] [M]: 0x00000000800012F4 (0xFFF44413) xori x8, x8, -0x1                       common_Mexcpt_handler+68
x8 <- 0xFFFFFFFFFFFFFFFF

clint mtime 0x0000000000000333 (mip.MTI <- 0b1, mip.STI <- 0b0)
mem[X,0x00000000800012F8] -> 0xF4B3
mem[X,0x00000000800012FA] -> 0x0085
[1638] [M]: 0x00000000800012F8 (0x0085F4B3) and x9, x11, x8                         common_Mexcpt_handler+72
x9 <- 0x0000000000000298

mem[X,0x00000000800012FC] -> 0x84B3
mem[X,0x00000000800012FE] -> 0x0024
[1639] [M]: 0x00000000800012FC (0x002484B3) add x9, x9, x2                          vmem_adj_Mepc+0
x9 <- 0x0000000080004298

clint mtime 0x0000000000000334 (mip.MTI <- 0b1, mip.STI <- 0b0)
mem[X,0x0000000080001300] -> 0x23F3
mem[X,0x0000000080001302] -> 0x3410
[1640] [M]: 0x0000000080001300 (0x341023F3) csrrs x7, mepc, x0                      vmem_adj_Mepc+4
CSR mepc (0x341) -> 0x0006000080000E64
x7 <- 0x0006000080000E64

mem[X,0x0000000080001304] -> 0x0413
mem[X,0x0000000080001306] -> 0x0004
[1641] [M]: 0x0000000080001304 (0x00040413) addi x8, x8, 0x0                        vmem_adj_Mepc+8
x8 <- 0xFFFFFFFFFFFFFFFF

clint mtime 0x0000000000000335 (mip.MTI <- 0b1, mip.STI <- 0b0)
mem[X,0x0000000080001308] -> 0x006F
mem[X,0x000000008000130A] -> 0x0400
[1642] [M]: 0x0000000080001308 (0x0400006F) jal x0, 0x40                            vmem_adj_Mepc+12

mem[X,0x0000000080001348] -> 0x8433
mem[X,0x000000008000134A] -> 0x4083
[1643] [M]: 0x0000000080001348 (0x40838433) sub x8, x7, x8                          adj_Mepc+0
x8 <- 0x0006000080000E65

clint mtime 0x0000000000000336 (mip.MTI <- 0b1, mip.STI <- 0b0)
mem[X,0x000000008000134C] -> 0x3823
mem[X,0x000000008000134E] -> 0x0083
[1644] [M]: 0x000000008000134C (0x00833823) sd x8, 0x10(x6)                         sv_Mepc+0
mem[W,0x0000000080006328] <- 0x0006000080000E65

mem[X,0x0000000080001350] -> 0x55B7
mem[X,0x0000000080001352] -> 0x0000
[1645] [M]: 0x0000000080001350 (0x000055B7) lui x11, 0x5                            sv_Mepc+4
x11 <- 0x0000000000005000

clint mtime 0x0000000000000337 (mip.MTI <- 0b1, mip.STI <- 0b0)
mem[X,0x0000000080001354] -> 0x8593
mem[X,0x0000000080001356] -> 0x6675
[1646] [M]: 0x0000000080001354 (0x66758593) addi x11, x11, 0x667                    sv_Mepc+8
x11 <- 0x0000000000005667

mem[X,0x0000000080001358] -> 0x9593
mem[X,0x000000008000135A] -> 0x0015
[1647] [M]: 0x0000000080001358 (0x00159593) slli x11, x11, 0x1                      sv_Mepc+12
x11 <- 0x000000000000ACCE

clint mtime 0x0000000000000338 (mip.MTI <- 0b1, mip.STI <- 0b0)
mem[X,0x000000008000135C] -> 0x9063
mem[X,0x000000008000135E] -> 0x02B1
[1648] [M]: 0x000000008000135C (0x02B19063) bne x3, x11, 0x20                       sv_Mepc+16

mem[X,0x0000000080001360] -> 0x2473
mem[X,0x0000000080001362] -> 0x3420
[1649] [M]: 0x0000000080001360 (0x34202473) csrrs x8, mcause, x0                    sv_Mepc+20
CSR mcause (0x342) -> 0x0000000000000002
x8 <- 0x0000000000000002

clint mtime 0x0000000000000339 (mip.MTI <- 0b1, mip.STI <- 0b0)
mem[X,0x0000000080001364] -> 0x0593
mem[X,0x0000000080001366] -> 0x00C0
[1650] [M]: 0x0000000080001364 (0x00C00593) addi x11, x0, 0xc                       sv_Mepc+24
x11 <- 0x000000000000000C

mem[X,0x0000000080001368] -> 0x0663
mem[X,0x000000008000136A] -> 0x00B4
[1651] [M]: 0x0000000080001368 (0x00B40663) beq x8, x11, 0xc                        sv_Mepc+28

clint mtime 0x000000000000033A (mip.MTI <- 0b1, mip.STI <- 0b0)
mem[X,0x000000008000136C] -> 0x0593
mem[X,0x000000008000136E] -> 0x0010
[1652] [M]: 0x000000008000136C (0x00100593) addi x11, x0, 0x1                       sv_Mepc+32
x11 <- 0x0000000000000001

mem[X,0x0000000080001370] -> 0x1663
mem[X,0x0000000080001372] -> 0x00B4
[1653] [M]: 0x0000000080001370 (0x00B41663) bne x8, x11, 0xc                        sv_Mepc+36

clint mtime 0x000000000000033B (mip.MTI <- 0b1, mip.STI <- 0b0)
mem[X,0x000000008000137C] -> 0xF593
mem[X,0x000000008000137E] -> 0xFFC3
[1654] [M]: 0x000000008000137C (0xFFC3F593) andi x11, x7, -0x4                      adj_Mepc_rtn+0
x11 <- 0x0006000080000E64

mem[X,0x0000000080001380] -> 0x8593
mem[X,0x0000000080001382] -> 0x0085
[1655] [M]: 0x0000000080001380 (0x00858593) addi x11, x11, 0x8                      adj_Mepc_rtn+4
x11 <- 0x0006000080000E6C

clint mtime 0x000000000000033C (mip.MTI <- 0b1, mip.STI <- 0b0)
mem[X,0x0000000080001384] -> 0x9073
mem[X,0x0000000080001386] -> 0x3415
[1656] [M]: 0x0000000080001384 (0x34159073) csrrw x0, mepc, x11                     adj_Mepc_rtn+8
CSR mepc (0x341) <- 0x0006000080000E6C

mem[X,0x0000000080001388] -> 0x23F3
mem[X,0x000000008000138A] -> 0x3430
[1657] [M]: 0x0000000080001388 (0x343023F3) csrrs x7, mtval, x0                     skp_adj_Mepc+0
CSR mtval (0x343) -> 0x00000000341494F3
x7 <- 0x00000000341494F3

clint mtime 0x000000000000033D (mip.MTI <- 0b1, mip.STI <- 0b0)
mem[X,0x000000008000138C] -> 0x0413
mem[X,0x000000008000138E] -> 0x0004
[1658] [M]: 0x000000008000138C (0x00040413) addi x8, x8, 0x0                        skp_adj_Mepc+4
x8 <- 0x0000000000000002

mem[X,0x0000000080001390] -> 0x006F
mem[X,0x0000000080001392] -> 0x0840
[1659] [M]: 0x0000000080001390 (0x0840006F) jal x0, 0x84                            skp_adj_Mepc+8

clint mtime 0x000000000000033E (mip.MTI <- 0b1, mip.STI <- 0b0)
mem[X,0x0000000080001414] -> 0x8433
mem[X,0x0000000080001416] -> 0x4083
[1660] [M]: 0x0000000080001414 (0x40838433) sub x8, x7, x8                          adj_Mtval+0
x8 <- 0x00000000341494F1

mem[X,0x0000000080001418] -> 0x3C23
mem[X,0x000000008000141A] -> 0x0083
[1661] [M]: 0x0000000080001418 (0x00833C23) sd x8, 0x18(x6)                         sv_Mtval+0
mem[W,0x0000000080006330] <- 0x00000000341494F1

clint mtime 0x000000000000033F (mip.MTI <- 0b1, mip.STI <- 0b0)
mem[X,0x000000008000141C] -> 0x3483
mem[X,0x000000008000141E] -> 0x2181
[1662] [M]: 0x000000008000141C (0x21813483) ld x9, 0x218(x2)                        skp_Mtval+0
mem[R,0x0000000080004218] -> 0x0000000080006338
x9 <- 0x0000000080006338

mem[X,0x0000000080001420] -> 0x3383
mem[X,0x0000000080001422] -> 0x1F81
[1663] [M]: 0x0000000080001420 (0x1F813383) ld x7, 0x1f8(x2)                        skp_Mtval+4
mem[R,0x00000000800041F8] -> 0x0000000080006110
x7 <- 0x0000000080006110

clint mtime 0x0000000000000340 (mip.MTI <- 0b1, mip.STI <- 0b0)
mem[X,0x0000000080001424] -> 0x3303
mem[X,0x0000000080001426] -> 0x2001
[1664] [M]: 0x0000000080001424 (0x20013303) ld x6, 0x200(x2)                        skp_Mtval+8
mem[R,0x0000000080004200] -> 0x0000000000000310
x6 <- 0x0000000000000310

mem[X,0x0000000080001428] -> 0x0333
mem[X,0x000000008000142A] -> 0x0073
[1665] [M]: 0x0000000080001428 (0x00730333) add x6, x6, x7                          skp_Mtval+12
x6 <- 0x0000000080006420

clint mtime 0x0000000000000341 (mip.MTI <- 0b1, mip.STI <- 0b0)
mem[X,0x000000008000142C] -> 0x6AE3
mem[X,0x000000008000142E] -> 0xAE93
[1666] [M]: 0x000000008000142C (0xAE936AE3) bltu x6, x9, -0x50c                     skp_Mtval+16

mem[X,0x0000000080001430] -> 0x0393
mem[X,0x0000000080001432] -> 0x2000
[1667] [M]: 0x0000000080001430 (0x20000393) addi x7, x0, 0x200                      skp_Mtval+20
x7 <- 0x0000000000000200

clint mtime 0x0000000000000342 (mip.MTI <- 0b1, mip.STI <- 0b0)
mem[X,0x0000000080001434] -> 0x006F
mem[X,0x0000000080001436] -> 0x0400
[1668] [M]: 0x0000000080001434 (0x0400006F) jal x0, 0x40                            skp_Mtval+24

mem[X,0x0000000080001474] -> 0x0417
mem[X,0x0000000080001476] -> 0x0000
[1669] [M]: 0x0000000080001474 (0x00000417) auipc x8, 0x0                           spcl_Mhandler+0
x8 <- 0x0000000080001474

clint mtime 0x0000000000000343 (mip.MTI <- 0b1, mip.STI <- 0b0)
mem[X,0x0000000080001478] -> 0x0413
mem[X,0x000000008000147A] -> 0x03C4
[1670] [M]: 0x0000000080001478 (0x03C40413) addi x8, x8, 0x3c                       spcl_Mhandler+4
x8 <- 0x00000000800014B0

mem[X,0x000000008000147C] -> 0x0433
mem[X,0x000000008000147E] -> 0x0074
[1671] [M]: 0x000000008000147C (0x00740433) add x8, x8, x7                          spcl_Mhandler+8
x8 <- 0x00000000800016B0

clint mtime 0x0000000000000344 (mip.MTI <- 0b1, mip.STI <- 0b0)
mem[X,0x0000000080001480] -> 0x1393
mem[X,0x0000000080001482] -> 0x0035
[1672] [M]: 0x0000000080001480 (0x00351393) slli x7, x10, 0x3                       spcl_Mhandler+12
x7 <- 0x0000000000000010

mem[X,0x0000000080001484] -> 0x0433
mem[X,0x0000000080001486] -> 0x0074
[1673] [M]: 0x0000000080001484 (0x00740433) add x8, x8, x7                          spcl_Mhandler+16
x8 <- 0x00000000800016C0

clint mtime 0x0000000000000345 (mip.MTI <- 0b1, mip.STI <- 0b0)
mem[X,0x0000000080001488] -> 0x7413
mem[X,0x000000008000148A] -> 0xFF84
[1674] [M]: 0x0000000080001488 (0xFF847413) andi x8, x8, -0x8                       spcl_Mhandler+20
x8 <- 0x00000000800016C0

mem[X,0x000000008000148C] -> 0x3403
mem[X,0x000000008000148E] -> 0x0004
[1675] [M]: 0x000000008000148C (0x00043403) ld x8, 0x0(x8)                          spcl_Mhandler+24
mem[R,0x00000000800016C0] -> 0x0000000000000005
x8 <- 0x0000000000000005

clint mtime 0x0000000000000346 (mip.MTI <- 0b1, mip.STI <- 0b0)
mem[X,0x0000000080001490] -> 0x02E3
mem[X,0x0000000080001492] -> 0xB204
[1676] [M]: 0x0000000080001490 (0xB20402E3) beq x8, x0, -0x4dc                      spcl_Mdispatch_hndling+0

mem[X,0x0000000080001494] -> 0x1393
mem[X,0x0000000080001496] -> 0x03F4
[1677] [M]: 0x0000000080001494 (0x03F41393) slli x7, x8, 0x3f                       spcl_Mdispatch_hndling+4
x7 <- 0x8000000000000000

clint mtime 0x0000000000000347 (mip.MTI <- 0b1, mip.STI <- 0b0)
mem[X,0x0000000080001498] -> 0xD863
mem[X,0x000000008000149A] -> 0x0003
[1678] [M]: 0x0000000080001498 (0x0003D863) bge x7, x0, 0x10                        spcl_Mdispatch_hndling+8

mem[X,0x000000008000149C] -> 0x5413
mem[X,0x000000008000149E] -> 0x0014
[1679] [M]: 0x000000008000149C (0x00145413) srli x8, x8, 0x1                        spcl_Mdispatch_hndling+12
x8 <- 0x0000000000000002

clint mtime 0x0000000000000348 (mip.MTI <- 0b1, mip.STI <- 0b0)
mem[X,0x00000000800014A0] -> 0x0CE3
mem[X,0x00000000800014A2] -> 0xF885
[1680] [M]: 0x00000000800014A0 (0xF8850CE3) beq x10, x8, -0x68                      spcl_Mdispatch_hndling+16

mem[X,0x0000000080001438] -> 0x3303
mem[X,0x000000008000143A] -> 0x2601
[1681] [M]: 0x0000000080001438 (0x26013303) ld x6, 0x260(x2)                        resto_Mrtn+0
mem[R,0x0000000080004260] -> 0xFFFFFFFF7FFFF28C
x6 <- 0xFFFFFFFF7FFFF28C

clint mtime 0x0000000000000349 (mip.MTI <- 0b1, mip.STI <- 0b0)
mem[X,0x000000008000143C] -> 0x3383
mem[X,0x000000008000143E] -> 0x2681
[1682] [M]: 0x000000008000143C (0x26813383) ld x7, 0x268(x2)                        resto_Mrtn+4
mem[R,0x0000000080004268] -> 0x0000000080004000
x7 <- 0x0000000080004000

mem[X,0x0000000080001440] -> 0x3403
mem[X,0x0000000080001442] -> 0x2701
[1683] [M]: 0x0000000080001440 (0x27013403) ld x8, 0x270(x2)                        resto_Mrtn+8
mem[R,0x0000000080004270] -> 0x0000000000007F76
x8 <- 0x0000000000007F76

clint mtime 0x000000000000034A (mip.MTI <- 0b1, mip.STI <- 0b0)
mem[X,0x0000000080001444] -> 0x3483
mem[X,0x0000000080001446] -> 0x2781
[1684] [M]: 0x0000000080001444 (0x27813483) ld x9, 0x278(x2)                        resto_Mrtn+12
mem[R,0x0000000080004278] -> 0x00060000000000E8
x9 <- 0x00060000000000E8

mem[X,0x0000000080001448] -> 0x3503
mem[X,0x000000008000144A] -> 0x2801
[1685] [M]: 0x0000000080001448 (0x28013503) ld x10, 0x280(x2)                       resto_Mrtn+16
mem[R,0x0000000080004280] -> 0x60000000000000CF
x10 <- 0x60000000000000CF

clint mtime 0x000000000000034B (mip.MTI <- 0b1, mip.STI <- 0b0)
mem[X,0x000000008000144C] -> 0x3583
mem[X,0x000000008000144E] -> 0x2881
[1686] [M]: 0x000000008000144C (0x28813583) ld x11, 0x288(x2)                       resto_Mrtn+20
mem[R,0x0000000080004288] -> 0x60000000000000CF
x11 <- 0x60000000000000CF

mem[X,0x0000000080001450] -> 0x3103
mem[X,0x0000000080001452] -> 0x2901
[1687] [M]: 0x0000000080001450 (0x29013103) ld x2, 0x290(x2)                        resto_Mrtn+24
mem[R,0x0000000080004290] -> 0x0000000000000000
x2 <- 0x0000000000000000

clint mtime 0x000000000000034C (mip.MTI <- 0b1, mip.STI <- 0b0)
mem[X,0x0000000080001454] -> 0x0073
mem[X,0x0000000080001456] -> 0x3020
[1688] [M]: 0x0000000080001454 (0x30200073) mret                                    resto_Mrtn+28
CSR mstatus (0x300) <- 0x0000000A00000080
ret-ing from M to S

mem[X,0x0000000080000E6C] -> 0x07B7
mem[X,0x0000000080000E6E] -> 0x0005
[1689] [S]: 0x0006000080000E6C (0x000507B7) lui x15, 0x50                           va_rvtest_code_begin+1712
x15 <- 0x0000000000050000

clint mtime 0x000000000000034D (mip.MTI <- 0b1, mip.STI <- 0b0)
mem[X,0x0000000080000E70] -> 0x8793
mem[X,0x0000000080000E72] -> 0x0007
[1690] [S]: 0x0006000080000E70 (0x00078793) addi x15, x15, 0x0                      va_rvtest_code_begin+1716
x15 <- 0x0000000000050000

mem[X,0x0000000080000E74] -> 0x9793
mem[X,0x0000000080000E76] -> 0x00B7
[1691] [S]: 0x0006000080000E74 (0x00B79793) slli x15, x15, 0xb                      va_rvtest_code_begin+1720
x15 <- 0x0000000028000000

clint mtime 0x000000000000034E (mip.MTI <- 0b1, mip.STI <- 0b0)
mem[X,0x0000000080000E78] -> 0x8793
mem[X,0x0000000080000E7A] -> 0x4007
[1692] [S]: 0x0006000080000E78 (0x40078793) addi x15, x15, 0x400                    va_rvtest_code_begin+1724
x15 <- 0x0000000028000400

mem[X,0x0000000080000E7C] -> 0x9793
mem[X,0x0000000080000E7E] -> 0x00B7
[1693] [S]: 0x0006000080000E7C (0x00B79793) slli x15, x15, 0xb                      va_rvtest_code_begin+1728
x15 <- 0x0000014000200000

clint mtime 0x000000000000034F (mip.MTI <- 0b1, mip.STI <- 0b0)
mem[X,0x0000000080000E80] -> 0x8793
mem[X,0x0000000080000E82] -> 0x0017
[1694] [S]: 0x0006000080000E80 (0x00178793) addi x15, x15, 0x1                      va_rvtest_code_begin+1732
x15 <- 0x0000014000200001

mem[X,0x0000000080000E84] -> 0x9793
mem[X,0x0000000080000E86] -> 0x00A7
[1695] [S]: 0x0006000080000E84 (0x00A79793) slli x15, x15, 0xa                      va_rvtest_code_begin+1736
x15 <- 0x0005000080000400

clint mtime 0x0000000000000350 (mip.MTI <- 0b1, mip.STI <- 0b0)
mem[X,0x0000000080000E88] -> 0x0613
mem[X,0x0000000080000E8A] -> 0x0106
[1696] [S]: 0x0006000080000E88 (0x01060613) addi x12, x12, 0x10                     va_rvtest_code_begin+1740
x12 <- 0x0000000000000030

mem[X,0x0000000080000E8C] -> 0xAA23
mem[X,0x0000000080000E8E] -> 0x00C7
[1697] [S]: 0x0006000080000E8C (0x00C7AA23) sw x12, 0x14(x15)                       va_rvtest_code_begin+1744
PTW: Start, vpn=0x5000080000, access_type=W, privilege=Smem[R,0x0000000080005028] -> 0x60000000000000CF
PTW: Step, level=4, pte=0x60000000000000CF, pte_addr=0x80005028
PTW: failed, error=invalid-pte, level=4, pte_addr=0x80005028
trapping from S to M to handle store/amo-page-fault
handling exc#store/amo-page-fault at priv M with tval 0x0005000080000414
CSR mstatus (0x300) <- 0x0000000A00000800
CSR mcause (0x342) <- 0x000000000000000F
CSR mtval (0x343) <- 0x0005000080000414
CSR mepc (0x341) <- 0x0006000080000E8C

clint mtime 0x0000000000000351 (mip.MTI <- 0b1, mip.STI <- 0b0)
mem[X,0x0000000080001000] -> 0x006F
mem[X,0x0000000080001002] -> 0x1000
[1698] [M]: 0x0000000080001000 (0x1000006F) jal x0, 0x100                           Mtrampoline+0

mem[X,0x0000000080001100] -> 0x1173
mem[X,0x0000000080001102] -> 0x3401
[1699] [M]: 0x0000000080001100 (0x34011173) csrrw x2, mscratch, x2                  trap_Mhandler+0
CSR mscratch (0x340) <- 0x0000000000000000
x2 <- 0x0000000080004000

clint mtime 0x0000000000000352 (mip.MTI <- 0b1, mip.STI <- 0b0)
mem[X,0x0000000080001104] -> 0x3423
mem[X,0x0000000080001106] -> 0x28B1
[1700] [M]: 0x0000000080001104 (0x28B13423) sd x11, 0x288(x2)                       trap_Mhandler+4
mem[W,0x0000000080004288] <- 0x60000000000000CF

mem[X,0x0000000080001108] -> 0x05EF
mem[X,0x000000008000110A] -> 0x0B80
[1701] [M]: 0x0000000080001108 (0x0B8005EF) jal x11, 0xb8                           trap_Mhandler+8
x11 <- 0x000000008000110C

clint mtime 0x0000000000000353 (mip.MTI <- 0b1, mip.STI <- 0b0)
mem[X,0x00000000800011C0] -> 0x3023
mem[X,0x00000000800011C2] -> 0x28A1
[1702] [M]: 0x00000000800011C0 (0x28A13023) sd x10, 0x280(x2)                       common_Mhandler+0
mem[W,0x0000000080004280] <- 0x60000000000000CF

mem[X,0x00000000800011C4] -> 0x1573
mem[X,0x00000000800011C6] -> 0x3401
[1703] [M]: 0x00000000800011C4 (0x34011573) csrrw x10, mscratch, x2                 common_Mhandler+4
CSR mscratch (0x340) <- 0x0000000080004000
x10 <- 0x0000000000000000

clint mtime 0x0000000000000354 (mip.MTI <- 0b1, mip.STI <- 0b0)
mem[X,0x00000000800011C8] -> 0x3823
mem[X,0x00000000800011CA] -> 0x28A1
[1704] [M]: 0x00000000800011C8 (0x28A13823) sd x10, 0x290(x2)                       common_Mhandler+8
mem[W,0x0000000080004290] <- 0x0000000000000000

mem[X,0x00000000800011CC] -> 0x3503
mem[X,0x00000000800011CE] -> 0x2301
[1705] [M]: 0x00000000800011CC (0x23013503) ld x10, 0x230(x2)                       common_Mhandler+12
mem[R,0x0000000080004230] -> 0x00000000800011D4
x10 <- 0x00000000800011D4

clint mtime 0x0000000000000355 (mip.MTI <- 0b1, mip.STI <- 0b0)
mem[X,0x00000000800011D0] -> 0x0067
mem[X,0x00000000800011D2] -> 0x0005
[1706] [M]: 0x00000000800011D0 (0x00050067) jalr x0, 0x0(x10)                       common_Mhandler+16

mem[X,0x00000000800011D4] -> 0x3C23
mem[X,0x00000000800011D6] -> 0x2691
[1707] [M]: 0x00000000800011D4 (0x26913C23) sd x9, 0x278(x2)                        common_Mentry+0
mem[W,0x0000000080004278] <- 0x00060000000000E8

clint mtime 0x0000000000000356 (mip.MTI <- 0b1, mip.STI <- 0b0)
mem[X,0x00000000800011D8] -> 0x3823
mem[X,0x00000000800011DA] -> 0x2681
[1708] [M]: 0x00000000800011D8 (0x26813823) sd x8, 0x270(x2)                        common_Mentry+4
mem[W,0x0000000080004270] <- 0x0000000000007F76

mem[X,0x00000000800011DC] -> 0x3423
mem[X,0x00000000800011DE] -> 0x2671
[1709] [M]: 0x00000000800011DC (0x26713423) sd x7, 0x268(x2)                        common_Mentry+8
mem[W,0x0000000080004268] <- 0x0000000080004000

clint mtime 0x0000000000000357 (mip.MTI <- 0b1, mip.STI <- 0b0)
mem[X,0x00000000800011E0] -> 0x3023
mem[X,0x00000000800011E2] -> 0x2661
[1710] [M]: 0x00000000800011E0 (0x26613023) sd x6, 0x260(x2)                        common_Mentry+12
mem[W,0x0000000080004260] <- 0xFFFFFFFF7FFFF28C

mem[X,0x00000000800011E4] -> 0x2573
mem[X,0x00000000800011E6] -> 0x3420
[1711] [M]: 0x00000000800011E4 (0x34202573) csrrs x10, mcause, x0                   spcl_M2mmode_test+0
CSR mcause (0x342) -> 0x000000000000000F
x10 <- 0x000000000000000F

clint mtime 0x0000000000000358 (mip.MTI <- 0b1, mip.STI <- 0b0)
mem[X,0x00000000800011E8] -> 0x04B7
mem[X,0x00000000800011EA] -> 0x8000
[1712] [M]: 0x00000000800011E8 (0x800004B7) lui x9, -0x80000                        spcl_M2mmode_test+4
x9 <- 0xFFFFFFFF80000000

mem[X,0x00000000800011EC] -> 0x8493
mem[X,0x00000000800011EE] -> 0x0004
[1713] [M]: 0x00000000800011EC (0x00048493) addi x9, x9, 0x0                        spcl_M2mmode_test+8
x9 <- 0xFFFFFFFF80000000

clint mtime 0x0000000000000359 (mip.MTI <- 0b1, mip.STI <- 0b0)
mem[X,0x00000000800011F0] -> 0x9493
mem[X,0x00000000800011F2] -> 0x00B4
[1714] [M]: 0x00000000800011F0 (0x00B49493) slli x9, x9, 0xb                        spcl_M2mmode_test+12
x9 <- 0xFFFFFC0000000000

mem[X,0x00000000800011F4] -> 0x8493
mem[X,0x00000000800011F6] -> 0x0004
[1715] [M]: 0x00000000800011F4 (0x00048493) addi x9, x9, 0x0                        spcl_M2mmode_test+16
x9 <- 0xFFFFFC0000000000

clint mtime 0x000000000000035A (mip.MTI <- 0b1, mip.STI <- 0b0)
mem[X,0x00000000800011F8] -> 0x9493
mem[X,0x00000000800011FA] -> 0x00B4
[1716] [M]: 0x00000000800011F8 (0x00B49493) slli x9, x9, 0xb                        spcl_M2mmode_test+20
x9 <- 0xFFE0000000000000

mem[X,0x00000000800011FC] -> 0x8493
mem[X,0x00000000800011FE] -> 0x0034
[1717] [M]: 0x00000000800011FC (0x00348493) addi x9, x9, 0x3                        spcl_M2mmode_test+24
x9 <- 0xFFE0000000000003

clint mtime 0x000000000000035B (mip.MTI <- 0b1, mip.STI <- 0b0)
mem[X,0x0000000080001200] -> 0x9493
mem[X,0x0000000080001202] -> 0x00A4
[1718] [M]: 0x0000000080001200 (0x00A49493) slli x9, x9, 0xa                        spcl_M2mmode_test+28
x9 <- 0x8000000000000C00

mem[X,0x0000000080001204] -> 0x8493
mem[X,0x0000000080001206] -> 0x3FC4
[1719] [M]: 0x0000000080001204 (0x3FC48493) addi x9, x9, 0x3fc                      spcl_M2mmode_test+32
x9 <- 0x8000000000000FFC

clint mtime 0x000000000000035C (mip.MTI <- 0b1, mip.STI <- 0b0)
mem[X,0x0000000080001208] -> 0xF4B3
mem[X,0x000000008000120A] -> 0x00A4
[1720] [M]: 0x0000000080001208 (0x00A4F4B3) and x9, x9, x10                         spcl_M2mmode_test+36
x9 <- 0x000000000000000C

mem[X,0x000000008000120C] -> 0x8493
mem[X,0x000000008000120E] -> 0xFF84
[1721] [M]: 0x000000008000120C (0xFF848493) addi x9, x9, -0x8                       spcl_M2mmode_test+40
x9 <- 0x0000000000000004

clint mtime 0x000000000000035D (mip.MTI <- 0b1, mip.STI <- 0b0)
mem[X,0x0000000080001210] -> 0x9663
mem[X,0x0000000080001212] -> 0x0004
[1722] [M]: 0x0000000080001210 (0x00049663) bne x9, x0, 0xc                         spcl_M2mmode_test+44

mem[X,0x000000008000121C] -> 0x0393
mem[X,0x000000008000121E] -> 0x0200
[1723] [M]: 0x000000008000121C (0x02000393) addi x7, x0, 0x20                       Mtrapsig_ptr_upd+0
x7 <- 0x0000000000000020

clint mtime 0x000000000000035E (mip.MTI <- 0b1, mip.STI <- 0b0)
mem[X,0x0000000080001220] -> 0x5263
mem[X,0x0000000080001222] -> 0x0405
[1724] [M]: 0x0000000080001220 (0x04055263) bge x10, x0, 0x44                       Mtrapsig_ptr_upd+4

mem[X,0x0000000080001264] -> 0x2373
mem[X,0x0000000080001266] -> 0x3010
[1725] [M]: 0x0000000080001264 (0x30102373) csrrs x6, misa, x0                      Mxcpt_sig_sv+0
CSR misa (0x301) -> 0x800000000034112F
x6 <- 0x800000000034112F

clint mtime 0x000000000000035F (mip.MTI <- 0b1, mip.STI <- 0b0)
mem[X,0x0000000080001268] -> 0x1313
mem[X,0x000000008000126A] -> 0x0383
[1726] [M]: 0x0000000080001268 (0x03831313) slli x6, x6, 0x38                       Mxcpt_sig_sv+4
x6 <- 0x2F00000000000000

mem[X,0x000000008000126C] -> 0x5463
mem[X,0x000000008000126E] -> 0x0003
[1727] [M]: 0x000000008000126C (0x00035463) bge x6, x0, 0x8                         Mxcpt_sig_sv+8

clint mtime 0x0000000000000360 (mip.MTI <- 0b1, mip.STI <- 0b0)
mem[X,0x0000000080001274] -> 0x3303
mem[X,0x0000000080001276] -> 0x2181
[1728] [M]: 0x0000000080001274 (0x21813303) ld x6, 0x218(x2)                        Mtrap_sig_sv+0
mem[R,0x0000000080004218] -> 0x0000000080006338
x6 <- 0x0000000080006338

mem[X,0x0000000080001278] -> 0x04B3
mem[X,0x000000008000127A] -> 0x0073
[1729] [M]: 0x0000000080001278 (0x007304B3) add x9, x6, x7                          Mtrap_sig_sv+4
x9 <- 0x0000000080006358

clint mtime 0x0000000000000361 (mip.MTI <- 0b1, mip.STI <- 0b0)
mem[X,0x000000008000127C] -> 0x3C23
mem[X,0x000000008000127E] -> 0x2091
[1730] [M]: 0x000000008000127C (0x20913C23) sd x9, 0x218(x2)                        Mtrap_sig_sv+8
mem[W,0x0000000080004218] <- 0x0000000080006358

mem[X,0x0000000080001280] -> 0x3403
mem[X,0x0000000080001282] -> 0x1F81
[1731] [M]: 0x0000000080001280 (0x1F813403) ld x8, 0x1f8(x2)                        Mtrap_sig_sv+12
mem[R,0x00000000800041F8] -> 0x0000000080006110
x8 <- 0x0000000080006110

clint mtime 0x0000000000000362 (mip.MTI <- 0b1, mip.STI <- 0b0)
mem[X,0x0000000080001284] -> 0x0333
mem[X,0x0000000080001286] -> 0x4083
[1732] [M]: 0x0000000080001284 (0x40830333) sub x6, x6, x8                          Mtrap_sig_sv+16
x6 <- 0x0000000000000228

mem[X,0x0000000080001288] -> 0x3403
mem[X,0x000000008000128A] -> 0x1F81
[1733] [M]: 0x0000000080001288 (0x1F813403) ld x8, 0x1f8(x2)                        Mtrap_sig_sv+20
mem[R,0x00000000800041F8] -> 0x0000000080006110
x8 <- 0x0000000080006110

clint mtime 0x0000000000000363 (mip.MTI <- 0b1, mip.STI <- 0b0)
mem[X,0x000000008000128C] -> 0x0333
mem[X,0x000000008000128E] -> 0x0083
[1734] [M]: 0x000000008000128C (0x00830333) add x6, x6, x8                          Mtrap_sig_sv+24
x6 <- 0x0000000080006338

mem[X,0x0000000080001290] -> 0x3403
mem[X,0x0000000080001292] -> 0x2401
[1735] [M]: 0x0000000080001290 (0x24013403) ld x8, 0x240(x2)                        Mtrap_sig_sv+28
mem[R,0x0000000080004240] -> 0x0000000080001000
x8 <- 0x0000000080001000

clint mtime 0x0000000000000364 (mip.MTI <- 0b1, mip.STI <- 0b0)
mem[X,0x0000000080001294] -> 0x85B3
mem[X,0x0000000080001296] -> 0x4085
[1736] [M]: 0x0000000080001294 (0x408585B3) sub x11, x11, x8                        sv_Mvect+0
x11 <- 0x000000000000010C

mem[X,0x0000000080001298] -> 0x9593
mem[X,0x000000008000129A] -> 0x0045
[1737] [M]: 0x0000000080001298 (0x00459593) slli x11, x11, 0x4                      sv_Mvect+4
x11 <- 0x00000000000010C0

clint mtime 0x0000000000000365 (mip.MTI <- 0b1, mip.STI <- 0b0)
mem[X,0x000000008000129C] -> 0xE5B3
mem[X,0x000000008000129E] -> 0x0075
[1738] [M]: 0x000000008000129C (0x0075E5B3) or x11, x11, x7                         sv_Mvect+8
x11 <- 0x00000000000010E0

mem[X,0x00000000800012A0] -> 0x8593
mem[X,0x00000000800012A2] -> 0x0035
[1739] [M]: 0x00000000800012A0 (0x00358593) addi x11, x11, 0x3                      sv_Mvect+12
x11 <- 0x00000000000010E3

clint mtime 0x0000000000000366 (mip.MTI <- 0b1, mip.STI <- 0b0)
mem[X,0x00000000800012A4] -> 0x3023
mem[X,0x00000000800012A6] -> 0x00B3
[1740] [M]: 0x00000000800012A4 (0x00B33023) sd x11, 0x0(x6)                         sv_Mvect+16
mem[W,0x0000000080006338] <- 0x00000000000010E3

mem[X,0x00000000800012A8] -> 0x3423
mem[X,0x00000000800012AA] -> 0x00A3
[1741] [M]: 0x00000000800012A8 (0x00A33423) sd x10, 0x8(x6)                         sv_Mcause+0
mem[W,0x0000000080006340] <- 0x000000000000000F

clint mtime 0x0000000000000367 (mip.MTI <- 0b1, mip.STI <- 0b0)
mem[X,0x00000000800012AC] -> 0x4663
mem[X,0x00000000800012AE] -> 0x1A05
[1742] [M]: 0x00000000800012AC (0x1A054663) blt x10, x0, 0x1ac                      sv_Mcause+4

mem[X,0x00000000800012B0] -> 0x25F3
mem[X,0x00000000800012B2] -> 0x3000
[1743] [M]: 0x00000000800012B0 (0x300025F3) csrrs x11, mstatus, x0                  common_Mexcpt_handler+0
CSR mstatus (0x300) -> 0x0000000A00000800
x11 <- 0x0000000A00000800

clint mtime 0x0000000000000368 (mip.MTI <- 0b1, mip.STI <- 0b0)
mem[X,0x00000000800012B4] -> 0x9413
mem[X,0x00000000800012B6] -> 0x02E5
[1744] [M]: 0x00000000800012B4 (0x02E59413) slli x8, x11, 0x2e                      common_Mexcpt_handler+4
x8 <- 0x0200000000000000

mem[X,0x00000000800012B8] -> 0x5463
mem[X,0x00000000800012BA] -> 0x0004
[1745] [M]: 0x00000000800012B8 (0x00045463) bge x8, x0, 0x8                         common_Mexcpt_handler+8

clint mtime 0x0000000000000369 (mip.MTI <- 0b1, mip.STI <- 0b0)
mem[X,0x00000000800012C0] -> 0xD493
mem[X,0x00000000800012C2] -> 0x00B5
[1746] [M]: 0x00000000800012C0 (0x00B5D493) srli x9, x11, 0xb                       common_Mexcpt_handler+16
x9 <- 0x0000000001400001

mem[X,0x00000000800012C4] -> 0xF493
mem[X,0x00000000800012C6] -> 0x0034
[1747] [M]: 0x00000000800012C4 (0x0034F493) andi x9, x9, 0x3                        common_Mexcpt_handler+20
x9 <- 0x0000000000000001

clint mtime 0x000000000000036A (mip.MTI <- 0b1, mip.STI <- 0b0)
mem[X,0x00000000800012C8] -> 0x8493
mem[X,0x00000000800012CA] -> 0x0014
[1748] [M]: 0x00000000800012C8 (0x00148493) addi x9, x9, 0x1                        common_Mexcpt_handler+24
x9 <- 0x0000000000000002

mem[X,0x00000000800012CC] -> 0xF493
mem[X,0x00000000800012CE] -> 0x0044
[1749] [M]: 0x00000000800012CC (0x0044F493) andi x9, x9, 0x4                        common_Mexcpt_handler+28
x9 <- 0x0000000000000000

clint mtime 0x000000000000036B (mip.MTI <- 0b1, mip.STI <- 0b0)
mem[X,0x00000000800012D0] -> 0x0593
mem[X,0x00000000800012D2] -> 0x05D0
[1750] [M]: 0x00000000800012D0 (0x05D00593) addi x11, x0, 0x5d                      common_Mexcpt_handler+32
x11 <- 0x000000000000005D

mem[X,0x00000000800012D4] -> 0xD5B3
mem[X,0x00000000800012D6] -> 0x0095
[1751] [M]: 0x00000000800012D4 (0x0095D5B3) srl x11, x11, x9                        common_Mexcpt_handler+36
x11 <- 0x000000000000005D

clint mtime 0x000000000000036C (mip.MTI <- 0b1, mip.STI <- 0b0)
mem[X,0x00000000800012D8] -> 0xF593
mem[X,0x00000000800012DA] -> 0x0015
[1752] [M]: 0x00000000800012D8 (0x0015F593) andi x11, x11, 0x1                      common_Mexcpt_handler+40
x11 <- 0x0000000000000001

mem[X,0x00000000800012DC] -> 0x8EE3
mem[X,0x00000000800012DE] -> 0xF405
[1753] [M]: 0x00000000800012DC (0xF4058EE3) beq x11, x0, -0xa4                      common_Mexcpt_handler+44

clint mtime 0x000000000000036D (mip.MTI <- 0b1, mip.STI <- 0b0)
mem[X,0x00000000800012E0] -> 0x0593
mem[X,0x00000000800012E2] -> 0x2980
[1754] [M]: 0x00000000800012E0 (0x29800593) addi x11, x0, 0x298                     common_Mexcpt_handler+48
x11 <- 0x0000000000000298

mem[X,0x00000000800012E4] -> 0xF413
mem[X,0x00000000800012E6] -> 0x0014
[1755] [M]: 0x00000000800012E4 (0x0014F413) andi x8, x9, 0x1                        common_Mexcpt_handler+52
x8 <- 0x0000000000000000

clint mtime 0x000000000000036E (mip.MTI <- 0b1, mip.STI <- 0b0)
mem[X,0x00000000800012E8] -> 0x95B3
mem[X,0x00000000800012EA] -> 0x0085
[1756] [M]: 0x00000000800012E8 (0x008595B3) sll x11, x11, x8                        common_Mexcpt_handler+56
x11 <- 0x0000000000000298

mem[X,0x00000000800012EC] -> 0x9413
mem[X,0x00000000800012EE] -> 0x03D4
[1757] [M]: 0x00000000800012EC (0x03D49413) slli x8, x9, 0x3d                       common_Mexcpt_handler+60
x8 <- 0x0000000000000000

clint mtime 0x000000000000036F (mip.MTI <- 0b1, mip.STI <- 0b0)
mem[X,0x00000000800012F0] -> 0x5413
mem[X,0x00000000800012F2] -> 0x43F4
[1758] [M]: 0x00000000800012F0 (0x43F45413) srai x8, x8, 0x3f                       common_Mexcpt_handler+64
x8 <- 0x0000000000000000

mem[X,0x00000000800012F4] -> 0x4413
mem[X,0x00000000800012F6] -> 0xFFF4
[1759] [M]: 0x00000000800012F4 (0xFFF44413) xori x8, x8, -0x1                       common_Mexcpt_handler+68
x8 <- 0xFFFFFFFFFFFFFFFF

clint mtime 0x0000000000000370 (mip.MTI <- 0b1, mip.STI <- 0b0)
mem[X,0x00000000800012F8] -> 0xF4B3
mem[X,0x00000000800012FA] -> 0x0085
[1760] [M]: 0x00000000800012F8 (0x0085F4B3) and x9, x11, x8                         common_Mexcpt_handler+72
x9 <- 0x0000000000000298

mem[X,0x00000000800012FC] -> 0x84B3
mem[X,0x00000000800012FE] -> 0x0024
[1761] [M]: 0x00000000800012FC (0x002484B3) add x9, x9, x2                          vmem_adj_Mepc+0
x9 <- 0x0000000080004298

clint mtime 0x0000000000000371 (mip.MTI <- 0b1, mip.STI <- 0b0)
mem[X,0x0000000080001300] -> 0x23F3
mem[X,0x0000000080001302] -> 0x3410
[1762] [M]: 0x0000000080001300 (0x341023F3) csrrs x7, mepc, x0                      vmem_adj_Mepc+4
CSR mepc (0x341) -> 0x0006000080000E8C
x7 <- 0x0006000080000E8C

mem[X,0x0000000080001304] -> 0x0413
mem[X,0x0000000080001306] -> 0x0004
[1763] [M]: 0x0000000080001304 (0x00040413) addi x8, x8, 0x0                        vmem_adj_Mepc+8
x8 <- 0xFFFFFFFFFFFFFFFF

clint mtime 0x0000000000000372 (mip.MTI <- 0b1, mip.STI <- 0b0)
mem[X,0x0000000080001308] -> 0x006F
mem[X,0x000000008000130A] -> 0x0400
[1764] [M]: 0x0000000080001308 (0x0400006F) jal x0, 0x40                            vmem_adj_Mepc+12

mem[X,0x0000000080001348] -> 0x8433
mem[X,0x000000008000134A] -> 0x4083
[1765] [M]: 0x0000000080001348 (0x40838433) sub x8, x7, x8                          adj_Mepc+0
x8 <- 0x0006000080000E8D

clint mtime 0x0000000000000373 (mip.MTI <- 0b1, mip.STI <- 0b0)
mem[X,0x000000008000134C] -> 0x3823
mem[X,0x000000008000134E] -> 0x0083
[1766] [M]: 0x000000008000134C (0x00833823) sd x8, 0x10(x6)                         sv_Mepc+0
mem[W,0x0000000080006348] <- 0x0006000080000E8D

mem[X,0x0000000080001350] -> 0x55B7
mem[X,0x0000000080001352] -> 0x0000
[1767] [M]: 0x0000000080001350 (0x000055B7) lui x11, 0x5                            sv_Mepc+4
x11 <- 0x0000000000005000

clint mtime 0x0000000000000374 (mip.MTI <- 0b1, mip.STI <- 0b0)
mem[X,0x0000000080001354] -> 0x8593
mem[X,0x0000000080001356] -> 0x6675
[1768] [M]: 0x0000000080001354 (0x66758593) addi x11, x11, 0x667                    sv_Mepc+8
x11 <- 0x0000000000005667

mem[X,0x0000000080001358] -> 0x9593
mem[X,0x000000008000135A] -> 0x0015
[1769] [M]: 0x0000000080001358 (0x00159593) slli x11, x11, 0x1                      sv_Mepc+12
x11 <- 0x000000000000ACCE

clint mtime 0x0000000000000375 (mip.MTI <- 0b1, mip.STI <- 0b0)
mem[X,0x000000008000135C] -> 0x9063
mem[X,0x000000008000135E] -> 0x02B1
[1770] [M]: 0x000000008000135C (0x02B19063) bne x3, x11, 0x20                       sv_Mepc+16

mem[X,0x0000000080001360] -> 0x2473
mem[X,0x0000000080001362] -> 0x3420
[1771] [M]: 0x0000000080001360 (0x34202473) csrrs x8, mcause, x0                    sv_Mepc+20
CSR mcause (0x342) -> 0x000000000000000F
x8 <- 0x000000000000000F

clint mtime 0x0000000000000376 (mip.MTI <- 0b1, mip.STI <- 0b0)
mem[X,0x0000000080001364] -> 0x0593
mem[X,0x0000000080001366] -> 0x00C0
[1772] [M]: 0x0000000080001364 (0x00C00593) addi x11, x0, 0xc                       sv_Mepc+24
x11 <- 0x000000000000000C

mem[X,0x0000000080001368] -> 0x0663
mem[X,0x000000008000136A] -> 0x00B4
[1773] [M]: 0x0000000080001368 (0x00B40663) beq x8, x11, 0xc                        sv_Mepc+28

clint mtime 0x0000000000000377 (mip.MTI <- 0b1, mip.STI <- 0b0)
mem[X,0x000000008000136C] -> 0x0593
mem[X,0x000000008000136E] -> 0x0010
[1774] [M]: 0x000000008000136C (0x00100593) addi x11, x0, 0x1                       sv_Mepc+32
x11 <- 0x0000000000000001

mem[X,0x0000000080001370] -> 0x1663
mem[X,0x0000000080001372] -> 0x00B4
[1775] [M]: 0x0000000080001370 (0x00B41663) bne x8, x11, 0xc                        sv_Mepc+36

clint mtime 0x0000000000000378 (mip.MTI <- 0b1, mip.STI <- 0b0)
mem[X,0x000000008000137C] -> 0xF593
mem[X,0x000000008000137E] -> 0xFFC3
[1776] [M]: 0x000000008000137C (0xFFC3F593) andi x11, x7, -0x4                      adj_Mepc_rtn+0
x11 <- 0x0006000080000E8C

mem[X,0x0000000080001380] -> 0x8593
mem[X,0x0000000080001382] -> 0x0085
[1777] [M]: 0x0000000080001380 (0x00858593) addi x11, x11, 0x8                      adj_Mepc_rtn+4
x11 <- 0x0006000080000E94

clint mtime 0x0000000000000379 (mip.MTI <- 0b1, mip.STI <- 0b0)
mem[X,0x0000000080001384] -> 0x9073
mem[X,0x0000000080001386] -> 0x3415
[1778] [M]: 0x0000000080001384 (0x34159073) csrrw x0, mepc, x11                     adj_Mepc_rtn+8
CSR mepc (0x341) <- 0x0006000080000E94

mem[X,0x0000000080001388] -> 0x23F3
mem[X,0x000000008000138A] -> 0x3430
[1779] [M]: 0x0000000080001388 (0x343023F3) csrrs x7, mtval, x0                     skp_adj_Mepc+0
CSR mtval (0x343) -> 0x0005000080000414
x7 <- 0x0005000080000414

clint mtime 0x000000000000037A (mip.MTI <- 0b1, mip.STI <- 0b0)
mem[X,0x000000008000138C] -> 0x0413
mem[X,0x000000008000138E] -> 0x0004
[1780] [M]: 0x000000008000138C (0x00040413) addi x8, x8, 0x0                        skp_adj_Mepc+4
x8 <- 0x000000000000000F

mem[X,0x0000000080001390] -> 0x006F
mem[X,0x0000000080001392] -> 0x0840
[1781] [M]: 0x0000000080001390 (0x0840006F) jal x0, 0x84                            skp_adj_Mepc+8

clint mtime 0x000000000000037B (mip.MTI <- 0b1, mip.STI <- 0b0)
mem[X,0x0000000080001414] -> 0x8433
mem[X,0x0000000080001416] -> 0x4083
[1782] [M]: 0x0000000080001414 (0x40838433) sub x8, x7, x8                          adj_Mtval+0
x8 <- 0x0005000080000405

mem[X,0x0000000080001418] -> 0x3C23
mem[X,0x000000008000141A] -> 0x0083
[1783] [M]: 0x0000000080001418 (0x00833C23) sd x8, 0x18(x6)                         sv_Mtval+0
mem[W,0x0000000080006350] <- 0x0005000080000405

clint mtime 0x000000000000037C (mip.MTI <- 0b1, mip.STI <- 0b0)
mem[X,0x000000008000141C] -> 0x3483
mem[X,0x000000008000141E] -> 0x2181
[1784] [M]: 0x000000008000141C (0x21813483) ld x9, 0x218(x2)                        skp_Mtval+0
mem[R,0x0000000080004218] -> 0x0000000080006358
x9 <- 0x0000000080006358

mem[X,0x0000000080001420] -> 0x3383
mem[X,0x0000000080001422] -> 0x1F81
[1785] [M]: 0x0000000080001420 (0x1F813383) ld x7, 0x1f8(x2)                        skp_Mtval+4
mem[R,0x00000000800041F8] -> 0x0000000080006110
x7 <- 0x0000000080006110

clint mtime 0x000000000000037D (mip.MTI <- 0b1, mip.STI <- 0b0)
mem[X,0x0000000080001424] -> 0x3303
mem[X,0x0000000080001426] -> 0x2001
[1786] [M]: 0x0000000080001424 (0x20013303) ld x6, 0x200(x2)                        skp_Mtval+8
mem[R,0x0000000080004200] -> 0x0000000000000310
x6 <- 0x0000000000000310

mem[X,0x0000000080001428] -> 0x0333
mem[X,0x000000008000142A] -> 0x0073
[1787] [M]: 0x0000000080001428 (0x00730333) add x6, x6, x7                          skp_Mtval+12
x6 <- 0x0000000080006420

clint mtime 0x000000000000037E (mip.MTI <- 0b1, mip.STI <- 0b0)
mem[X,0x000000008000142C] -> 0x6AE3
mem[X,0x000000008000142E] -> 0xAE93
[1788] [M]: 0x000000008000142C (0xAE936AE3) bltu x6, x9, -0x50c                     skp_Mtval+16

mem[X,0x0000000080001430] -> 0x0393
mem[X,0x0000000080001432] -> 0x2000
[1789] [M]: 0x0000000080001430 (0x20000393) addi x7, x0, 0x200                      skp_Mtval+20
x7 <- 0x0000000000000200

clint mtime 0x000000000000037F (mip.MTI <- 0b1, mip.STI <- 0b0)
mem[X,0x0000000080001434] -> 0x006F
mem[X,0x0000000080001436] -> 0x0400
[1790] [M]: 0x0000000080001434 (0x0400006F) jal x0, 0x40                            skp_Mtval+24

mem[X,0x0000000080001474] -> 0x0417
mem[X,0x0000000080001476] -> 0x0000
[1791] [M]: 0x0000000080001474 (0x00000417) auipc x8, 0x0                           spcl_Mhandler+0
x8 <- 0x0000000080001474

clint mtime 0x0000000000000380 (mip.MTI <- 0b1, mip.STI <- 0b0)
mem[X,0x0000000080001478] -> 0x0413
mem[X,0x000000008000147A] -> 0x03C4
[1792] [M]: 0x0000000080001478 (0x03C40413) addi x8, x8, 0x3c                       spcl_Mhandler+4
x8 <- 0x00000000800014B0

mem[X,0x000000008000147C] -> 0x0433
mem[X,0x000000008000147E] -> 0x0074
[1793] [M]: 0x000000008000147C (0x00740433) add x8, x8, x7                          spcl_Mhandler+8
x8 <- 0x00000000800016B0

clint mtime 0x0000000000000381 (mip.MTI <- 0b1, mip.STI <- 0b0)
mem[X,0x0000000080001480] -> 0x1393
mem[X,0x0000000080001482] -> 0x0035
[1794] [M]: 0x0000000080001480 (0x00351393) slli x7, x10, 0x3                       spcl_Mhandler+12
x7 <- 0x0000000000000078

mem[X,0x0000000080001484] -> 0x0433
mem[X,0x0000000080001486] -> 0x0074
[1795] [M]: 0x0000000080001484 (0x00740433) add x8, x8, x7                          spcl_Mhandler+16
x8 <- 0x0000000080001728

clint mtime 0x0000000000000382 (mip.MTI <- 0b1, mip.STI <- 0b0)
mem[X,0x0000000080001488] -> 0x7413
mem[X,0x000000008000148A] -> 0xFF84
[1796] [M]: 0x0000000080001488 (0xFF847413) andi x8, x8, -0x8                       spcl_Mhandler+20
x8 <- 0x0000000080001728

mem[X,0x000000008000148C] -> 0x3403
mem[X,0x000000008000148E] -> 0x0004
[1797] [M]: 0x000000008000148C (0x00043403) ld x8, 0x0(x8)                          spcl_Mhandler+24
mem[R,0x0000000080001728] -> 0x000000000000001F
x8 <- 0x000000000000001F

clint mtime 0x0000000000000383 (mip.MTI <- 0b1, mip.STI <- 0b0)
mem[X,0x0000000080001490] -> 0x02E3
mem[X,0x0000000080001492] -> 0xB204
[1798] [M]: 0x0000000080001490 (0xB20402E3) beq x8, x0, -0x4dc                      spcl_Mdispatch_hndling+0

mem[X,0x0000000080001494] -> 0x1393
mem[X,0x0000000080001496] -> 0x03F4
[1799] [M]: 0x0000000080001494 (0x03F41393) slli x7, x8, 0x3f                       spcl_Mdispatch_hndling+4
x7 <- 0x8000000000000000

clint mtime 0x0000000000000384 (mip.MTI <- 0b1, mip.STI <- 0b0)
mem[X,0x0000000080001498] -> 0xD863
mem[X,0x000000008000149A] -> 0x0003
[1800] [M]: 0x0000000080001498 (0x0003D863) bge x7, x0, 0x10                        spcl_Mdispatch_hndling+8

mem[X,0x000000008000149C] -> 0x5413
mem[X,0x000000008000149E] -> 0x0014
[1801] [M]: 0x000000008000149C (0x00145413) srli x8, x8, 0x1                        spcl_Mdispatch_hndling+12
x8 <- 0x000000000000000F

clint mtime 0x0000000000000385 (mip.MTI <- 0b1, mip.STI <- 0b0)
mem[X,0x00000000800014A0] -> 0x0CE3
mem[X,0x00000000800014A2] -> 0xF885
[1802] [M]: 0x00000000800014A0 (0xF8850CE3) beq x10, x8, -0x68                      spcl_Mdispatch_hndling+16

mem[X,0x0000000080001438] -> 0x3303
mem[X,0x000000008000143A] -> 0x2601
[1803] [M]: 0x0000000080001438 (0x26013303) ld x6, 0x260(x2)                        resto_Mrtn+0
mem[R,0x0000000080004260] -> 0xFFFFFFFF7FFFF28C
x6 <- 0xFFFFFFFF7FFFF28C

clint mtime 0x0000000000000386 (mip.MTI <- 0b1, mip.STI <- 0b0)
mem[X,0x000000008000143C] -> 0x3383
mem[X,0x000000008000143E] -> 0x2681
[1804] [M]: 0x000000008000143C (0x26813383) ld x7, 0x268(x2)                        resto_Mrtn+4
mem[R,0x0000000080004268] -> 0x0000000080004000
x7 <- 0x0000000080004000

mem[X,0x0000000080001440] -> 0x3403
mem[X,0x0000000080001442] -> 0x2701
[1805] [M]: 0x0000000080001440 (0x27013403) ld x8, 0x270(x2)                        resto_Mrtn+8
mem[R,0x0000000080004270] -> 0x0000000000007F76
x8 <- 0x0000000000007F76

clint mtime 0x0000000000000387 (mip.MTI <- 0b1, mip.STI <- 0b0)
mem[X,0x0000000080001444] -> 0x3483
mem[X,0x0000000080001446] -> 0x2781
[1806] [M]: 0x0000000080001444 (0x27813483) ld x9, 0x278(x2)                        resto_Mrtn+12
mem[R,0x0000000080004278] -> 0x00060000000000E8
x9 <- 0x00060000000000E8

mem[X,0x0000000080001448] -> 0x3503
mem[X,0x000000008000144A] -> 0x2801
[1807] [M]: 0x0000000080001448 (0x28013503) ld x10, 0x280(x2)                       resto_Mrtn+16
mem[R,0x0000000080004280] -> 0x60000000000000CF
x10 <- 0x60000000000000CF

clint mtime 0x0000000000000388 (mip.MTI <- 0b1, mip.STI <- 0b0)
mem[X,0x000000008000144C] -> 0x3583
mem[X,0x000000008000144E] -> 0x2881
[1808] [M]: 0x000000008000144C (0x28813583) ld x11, 0x288(x2)                       resto_Mrtn+20
mem[R,0x0000000080004288] -> 0x60000000000000CF
x11 <- 0x60000000000000CF

mem[X,0x0000000080001450] -> 0x3103
mem[X,0x0000000080001452] -> 0x2901
[1809] [M]: 0x0000000080001450 (0x29013103) ld x2, 0x290(x2)                        resto_Mrtn+24
mem[R,0x0000000080004290] -> 0x0000000000000000
x2 <- 0x0000000000000000

clint mtime 0x0000000000000389 (mip.MTI <- 0b1, mip.STI <- 0b0)
mem[X,0x0000000080001454] -> 0x0073
mem[X,0x0000000080001456] -> 0x3020
[1810] [M]: 0x0000000080001454 (0x30200073) mret                                    resto_Mrtn+28
CSR mstatus (0x300) <- 0x0000000A00000080
ret-ing from M to S

mem[X,0x0000000080000E94] -> 0xA703
mem[X,0x0000000080000E96] -> 0x0147
[1811] [S]: 0x0006000080000E94 (0x0147A703) lw x14, 0x14(x15)                       va_rvtest_code_begin+1752
PTW: Start, vpn=0x5000080000, access_type=R, privilege=Smem[R,0x0000000080005028] -> 0x60000000000000CF
PTW: Step, level=4, pte=0x60000000000000CF, pte_addr=0x80005028
PTW: failed, error=invalid-pte, level=4, pte_addr=0x80005028
trapping from S to M to handle load-page-fault
handling exc#load-page-fault at priv M with tval 0x0005000080000414
CSR mstatus (0x300) <- 0x0000000A00000800
CSR mcause (0x342) <- 0x000000000000000D
CSR mtval (0x343) <- 0x0005000080000414
CSR mepc (0x341) <- 0x0006000080000E94

clint mtime 0x000000000000038A (mip.MTI <- 0b1, mip.STI <- 0b0)
mem[X,0x0000000080001000] -> 0x006F
mem[X,0x0000000080001002] -> 0x1000
[1812] [M]: 0x0000000080001000 (0x1000006F) jal x0, 0x100                           Mtrampoline+0

mem[X,0x0000000080001100] -> 0x1173
mem[X,0x0000000080001102] -> 0x3401
[1813] [M]: 0x0000000080001100 (0x34011173) csrrw x2, mscratch, x2                  trap_Mhandler+0
CSR mscratch (0x340) <- 0x0000000000000000
x2 <- 0x0000000080004000

clint mtime 0x000000000000038B (mip.MTI <- 0b1, mip.STI <- 0b0)
mem[X,0x0000000080001104] -> 0x3423
mem[X,0x0000000080001106] -> 0x28B1
[1814] [M]: 0x0000000080001104 (0x28B13423) sd x11, 0x288(x2)                       trap_Mhandler+4
mem[W,0x0000000080004288] <- 0x60000000000000CF

mem[X,0x0000000080001108] -> 0x05EF
mem[X,0x000000008000110A] -> 0x0B80
[1815] [M]: 0x0000000080001108 (0x0B8005EF) jal x11, 0xb8                           trap_Mhandler+8
x11 <- 0x000000008000110C

clint mtime 0x000000000000038C (mip.MTI <- 0b1, mip.STI <- 0b0)
mem[X,0x00000000800011C0] -> 0x3023
mem[X,0x00000000800011C2] -> 0x28A1
[1816] [M]: 0x00000000800011C0 (0x28A13023) sd x10, 0x280(x2)                       common_Mhandler+0
mem[W,0x0000000080004280] <- 0x60000000000000CF

mem[X,0x00000000800011C4] -> 0x1573
mem[X,0x00000000800011C6] -> 0x3401
[1817] [M]: 0x00000000800011C4 (0x34011573) csrrw x10, mscratch, x2                 common_Mhandler+4
CSR mscratch (0x340) <- 0x0000000080004000
x10 <- 0x0000000000000000

clint mtime 0x000000000000038D (mip.MTI <- 0b1, mip.STI <- 0b0)
mem[X,0x00000000800011C8] -> 0x3823
mem[X,0x00000000800011CA] -> 0x28A1
[1818] [M]: 0x00000000800011C8 (0x28A13823) sd x10, 0x290(x2)                       common_Mhandler+8
mem[W,0x0000000080004290] <- 0x0000000000000000

mem[X,0x00000000800011CC] -> 0x3503
mem[X,0x00000000800011CE] -> 0x2301
[1819] [M]: 0x00000000800011CC (0x23013503) ld x10, 0x230(x2)                       common_Mhandler+12
mem[R,0x0000000080004230] -> 0x00000000800011D4
x10 <- 0x00000000800011D4

clint mtime 0x000000000000038E (mip.MTI <- 0b1, mip.STI <- 0b0)
mem[X,0x00000000800011D0] -> 0x0067
mem[X,0x00000000800011D2] -> 0x0005
[1820] [M]: 0x00000000800011D0 (0x00050067) jalr x0, 0x0(x10)                       common_Mhandler+16

mem[X,0x00000000800011D4] -> 0x3C23
mem[X,0x00000000800011D6] -> 0x2691
[1821] [M]: 0x00000000800011D4 (0x26913C23) sd x9, 0x278(x2)                        common_Mentry+0
mem[W,0x0000000080004278] <- 0x00060000000000E8

clint mtime 0x000000000000038F (mip.MTI <- 0b1, mip.STI <- 0b0)
mem[X,0x00000000800011D8] -> 0x3823
mem[X,0x00000000800011DA] -> 0x2681
[1822] [M]: 0x00000000800011D8 (0x26813823) sd x8, 0x270(x2)                        common_Mentry+4
mem[W,0x0000000080004270] <- 0x0000000000007F76

mem[X,0x00000000800011DC] -> 0x3423
mem[X,0x00000000800011DE] -> 0x2671
[1823] [M]: 0x00000000800011DC (0x26713423) sd x7, 0x268(x2)                        common_Mentry+8
mem[W,0x0000000080004268] <- 0x0000000080004000

clint mtime 0x0000000000000390 (mip.MTI <- 0b1, mip.STI <- 0b0)
mem[X,0x00000000800011E0] -> 0x3023
mem[X,0x00000000800011E2] -> 0x2661
[1824] [M]: 0x00000000800011E0 (0x26613023) sd x6, 0x260(x2)                        common_Mentry+12
mem[W,0x0000000080004260] <- 0xFFFFFFFF7FFFF28C

mem[X,0x00000000800011E4] -> 0x2573
mem[X,0x00000000800011E6] -> 0x3420
[1825] [M]: 0x00000000800011E4 (0x34202573) csrrs x10, mcause, x0                   spcl_M2mmode_test+0
CSR mcause (0x342) -> 0x000000000000000D
x10 <- 0x000000000000000D

clint mtime 0x0000000000000391 (mip.MTI <- 0b1, mip.STI <- 0b0)
mem[X,0x00000000800011E8] -> 0x04B7
mem[X,0x00000000800011EA] -> 0x8000
[1826] [M]: 0x00000000800011E8 (0x800004B7) lui x9, -0x80000                        spcl_M2mmode_test+4
x9 <- 0xFFFFFFFF80000000

mem[X,0x00000000800011EC] -> 0x8493
mem[X,0x00000000800011EE] -> 0x0004
[1827] [M]: 0x00000000800011EC (0x00048493) addi x9, x9, 0x0                        spcl_M2mmode_test+8
x9 <- 0xFFFFFFFF80000000

clint mtime 0x0000000000000392 (mip.MTI <- 0b1, mip.STI <- 0b0)
mem[X,0x00000000800011F0] -> 0x9493
mem[X,0x00000000800011F2] -> 0x00B4
[1828] [M]: 0x00000000800011F0 (0x00B49493) slli x9, x9, 0xb                        spcl_M2mmode_test+12
x9 <- 0xFFFFFC0000000000

mem[X,0x00000000800011F4] -> 0x8493
mem[X,0x00000000800011F6] -> 0x0004
[1829] [M]: 0x00000000800011F4 (0x00048493) addi x9, x9, 0x0                        spcl_M2mmode_test+16
x9 <- 0xFFFFFC0000000000

clint mtime 0x0000000000000393 (mip.MTI <- 0b1, mip.STI <- 0b0)
mem[X,0x00000000800011F8] -> 0x9493
mem[X,0x00000000800011FA] -> 0x00B4
[1830] [M]: 0x00000000800011F8 (0x00B49493) slli x9, x9, 0xb                        spcl_M2mmode_test+20
x9 <- 0xFFE0000000000000

mem[X,0x00000000800011FC] -> 0x8493
mem[X,0x00000000800011FE] -> 0x0034
[1831] [M]: 0x00000000800011FC (0x00348493) addi x9, x9, 0x3                        spcl_M2mmode_test+24
x9 <- 0xFFE0000000000003

clint mtime 0x0000000000000394 (mip.MTI <- 0b1, mip.STI <- 0b0)
mem[X,0x0000000080001200] -> 0x9493
mem[X,0x0000000080001202] -> 0x00A4
[1832] [M]: 0x0000000080001200 (0x00A49493) slli x9, x9, 0xa                        spcl_M2mmode_test+28
x9 <- 0x8000000000000C00

mem[X,0x0000000080001204] -> 0x8493
mem[X,0x0000000080001206] -> 0x3FC4
[1833] [M]: 0x0000000080001204 (0x3FC48493) addi x9, x9, 0x3fc                      spcl_M2mmode_test+32
x9 <- 0x8000000000000FFC

clint mtime 0x0000000000000395 (mip.MTI <- 0b1, mip.STI <- 0b0)
mem[X,0x0000000080001208] -> 0xF4B3
mem[X,0x000000008000120A] -> 0x00A4
[1834] [M]: 0x0000000080001208 (0x00A4F4B3) and x9, x9, x10                         spcl_M2mmode_test+36
x9 <- 0x000000000000000C

mem[X,0x000000008000120C] -> 0x8493
mem[X,0x000000008000120E] -> 0xFF84
[1835] [M]: 0x000000008000120C (0xFF848493) addi x9, x9, -0x8                       spcl_M2mmode_test+40
x9 <- 0x0000000000000004

clint mtime 0x0000000000000396 (mip.MTI <- 0b1, mip.STI <- 0b0)
mem[X,0x0000000080001210] -> 0x9663
mem[X,0x0000000080001212] -> 0x0004
[1836] [M]: 0x0000000080001210 (0x00049663) bne x9, x0, 0xc                         spcl_M2mmode_test+44

mem[X,0x000000008000121C] -> 0x0393
mem[X,0x000000008000121E] -> 0x0200
[1837] [M]: 0x000000008000121C (0x02000393) addi x7, x0, 0x20                       Mtrapsig_ptr_upd+0
x7 <- 0x0000000000000020

clint mtime 0x0000000000000397 (mip.MTI <- 0b1, mip.STI <- 0b0)
mem[X,0x0000000080001220] -> 0x5263
mem[X,0x0000000080001222] -> 0x0405
[1838] [M]: 0x0000000080001220 (0x04055263) bge x10, x0, 0x44                       Mtrapsig_ptr_upd+4

mem[X,0x0000000080001264] -> 0x2373
mem[X,0x0000000080001266] -> 0x3010
[1839] [M]: 0x0000000080001264 (0x30102373) csrrs x6, misa, x0                      Mxcpt_sig_sv+0
CSR misa (0x301) -> 0x800000000034112F
x6 <- 0x800000000034112F

clint mtime 0x0000000000000398 (mip.MTI <- 0b1, mip.STI <- 0b0)
mem[X,0x0000000080001268] -> 0x1313
mem[X,0x000000008000126A] -> 0x0383
[1840] [M]: 0x0000000080001268 (0x03831313) slli x6, x6, 0x38                       Mxcpt_sig_sv+4
x6 <- 0x2F00000000000000

mem[X,0x000000008000126C] -> 0x5463
mem[X,0x000000008000126E] -> 0x0003
[1841] [M]: 0x000000008000126C (0x00035463) bge x6, x0, 0x8                         Mxcpt_sig_sv+8

clint mtime 0x0000000000000399 (mip.MTI <- 0b1, mip.STI <- 0b0)
mem[X,0x0000000080001274] -> 0x3303
mem[X,0x0000000080001276] -> 0x2181
[1842] [M]: 0x0000000080001274 (0x21813303) ld x6, 0x218(x2)                        Mtrap_sig_sv+0
mem[R,0x0000000080004218] -> 0x0000000080006358
x6 <- 0x0000000080006358

mem[X,0x0000000080001278] -> 0x04B3
mem[X,0x000000008000127A] -> 0x0073
[1843] [M]: 0x0000000080001278 (0x007304B3) add x9, x6, x7                          Mtrap_sig_sv+4
x9 <- 0x0000000080006378

clint mtime 0x000000000000039A (mip.MTI <- 0b1, mip.STI <- 0b0)
mem[X,0x000000008000127C] -> 0x3C23
mem[X,0x000000008000127E] -> 0x2091
[1844] [M]: 0x000000008000127C (0x20913C23) sd x9, 0x218(x2)                        Mtrap_sig_sv+8
mem[W,0x0000000080004218] <- 0x0000000080006378

mem[X,0x0000000080001280] -> 0x3403
mem[X,0x0000000080001282] -> 0x1F81
[1845] [M]: 0x0000000080001280 (0x1F813403) ld x8, 0x1f8(x2)                        Mtrap_sig_sv+12
mem[R,0x00000000800041F8] -> 0x0000000080006110
x8 <- 0x0000000080006110

clint mtime 0x000000000000039B (mip.MTI <- 0b1, mip.STI <- 0b0)
mem[X,0x0000000080001284] -> 0x0333
mem[X,0x0000000080001286] -> 0x4083
[1846] [M]: 0x0000000080001284 (0x40830333) sub x6, x6, x8                          Mtrap_sig_sv+16
x6 <- 0x0000000000000248

mem[X,0x0000000080001288] -> 0x3403
mem[X,0x000000008000128A] -> 0x1F81
[1847] [M]: 0x0000000080001288 (0x1F813403) ld x8, 0x1f8(x2)                        Mtrap_sig_sv+20
mem[R,0x00000000800041F8] -> 0x0000000080006110
x8 <- 0x0000000080006110

clint mtime 0x000000000000039C (mip.MTI <- 0b1, mip.STI <- 0b0)
mem[X,0x000000008000128C] -> 0x0333
mem[X,0x000000008000128E] -> 0x0083
[1848] [M]: 0x000000008000128C (0x00830333) add x6, x6, x8                          Mtrap_sig_sv+24
x6 <- 0x0000000080006358

mem[X,0x0000000080001290] -> 0x3403
mem[X,0x0000000080001292] -> 0x2401
[1849] [M]: 0x0000000080001290 (0x24013403) ld x8, 0x240(x2)                        Mtrap_sig_sv+28
mem[R,0x0000000080004240] -> 0x0000000080001000
x8 <- 0x0000000080001000

clint mtime 0x000000000000039D (mip.MTI <- 0b1, mip.STI <- 0b0)
mem[X,0x0000000080001294] -> 0x85B3
mem[X,0x0000000080001296] -> 0x4085
[1850] [M]: 0x0000000080001294 (0x408585B3) sub x11, x11, x8                        sv_Mvect+0
x11 <- 0x000000000000010C

mem[X,0x0000000080001298] -> 0x9593
mem[X,0x000000008000129A] -> 0x0045
[1851] [M]: 0x0000000080001298 (0x00459593) slli x11, x11, 0x4                      sv_Mvect+4
x11 <- 0x00000000000010C0

clint mtime 0x000000000000039E (mip.MTI <- 0b1, mip.STI <- 0b0)
mem[X,0x000000008000129C] -> 0xE5B3
mem[X,0x000000008000129E] -> 0x0075
[1852] [M]: 0x000000008000129C (0x0075E5B3) or x11, x11, x7                         sv_Mvect+8
x11 <- 0x00000000000010E0

mem[X,0x00000000800012A0] -> 0x8593
mem[X,0x00000000800012A2] -> 0x0035
[1853] [M]: 0x00000000800012A0 (0x00358593) addi x11, x11, 0x3                      sv_Mvect+12
x11 <- 0x00000000000010E3

clint mtime 0x000000000000039F (mip.MTI <- 0b1, mip.STI <- 0b0)
mem[X,0x00000000800012A4] -> 0x3023
mem[X,0x00000000800012A6] -> 0x00B3
[1854] [M]: 0x00000000800012A4 (0x00B33023) sd x11, 0x0(x6)                         sv_Mvect+16
mem[W,0x0000000080006358] <- 0x00000000000010E3

mem[X,0x00000000800012A8] -> 0x3423
mem[X,0x00000000800012AA] -> 0x00A3
[1855] [M]: 0x00000000800012A8 (0x00A33423) sd x10, 0x8(x6)                         sv_Mcause+0
mem[W,0x0000000080006360] <- 0x000000000000000D

clint mtime 0x00000000000003A0 (mip.MTI <- 0b1, mip.STI <- 0b0)
mem[X,0x00000000800012AC] -> 0x4663
mem[X,0x00000000800012AE] -> 0x1A05
[1856] [M]: 0x00000000800012AC (0x1A054663) blt x10, x0, 0x1ac                      sv_Mcause+4

mem[X,0x00000000800012B0] -> 0x25F3
mem[X,0x00000000800012B2] -> 0x3000
[1857] [M]: 0x00000000800012B0 (0x300025F3) csrrs x11, mstatus, x0                  common_Mexcpt_handler+0
CSR mstatus (0x300) -> 0x0000000A00000800
x11 <- 0x0000000A00000800

clint mtime 0x00000000000003A1 (mip.MTI <- 0b1, mip.STI <- 0b0)
mem[X,0x00000000800012B4] -> 0x9413
mem[X,0x00000000800012B6] -> 0x02E5
[1858] [M]: 0x00000000800012B4 (0x02E59413) slli x8, x11, 0x2e                      common_Mexcpt_handler+4
x8 <- 0x0200000000000000

mem[X,0x00000000800012B8] -> 0x5463
mem[X,0x00000000800012BA] -> 0x0004
[1859] [M]: 0x00000000800012B8 (0x00045463) bge x8, x0, 0x8                         common_Mexcpt_handler+8

clint mtime 0x00000000000003A2 (mip.MTI <- 0b1, mip.STI <- 0b0)
mem[X,0x00000000800012C0] -> 0xD493
mem[X,0x00000000800012C2] -> 0x00B5
[1860] [M]: 0x00000000800012C0 (0x00B5D493) srli x9, x11, 0xb                       common_Mexcpt_handler+16
x9 <- 0x0000000001400001

mem[X,0x00000000800012C4] -> 0xF493
mem[X,0x00000000800012C6] -> 0x0034
[1861] [M]: 0x00000000800012C4 (0x0034F493) andi x9, x9, 0x3                        common_Mexcpt_handler+20
x9 <- 0x0000000000000001

clint mtime 0x00000000000003A3 (mip.MTI <- 0b1, mip.STI <- 0b0)
mem[X,0x00000000800012C8] -> 0x8493
mem[X,0x00000000800012CA] -> 0x0014
[1862] [M]: 0x00000000800012C8 (0x00148493) addi x9, x9, 0x1                        common_Mexcpt_handler+24
x9 <- 0x0000000000000002

mem[X,0x00000000800012CC] -> 0xF493
mem[X,0x00000000800012CE] -> 0x0044
[1863] [M]: 0x00000000800012CC (0x0044F493) andi x9, x9, 0x4                        common_Mexcpt_handler+28
x9 <- 0x0000000000000000

clint mtime 0x00000000000003A4 (mip.MTI <- 0b1, mip.STI <- 0b0)
mem[X,0x00000000800012D0] -> 0x0593
mem[X,0x00000000800012D2] -> 0x05D0
[1864] [M]: 0x00000000800012D0 (0x05D00593) addi x11, x0, 0x5d                      common_Mexcpt_handler+32
x11 <- 0x000000000000005D

mem[X,0x00000000800012D4] -> 0xD5B3
mem[X,0x00000000800012D6] -> 0x0095
[1865] [M]: 0x00000000800012D4 (0x0095D5B3) srl x11, x11, x9                        common_Mexcpt_handler+36
x11 <- 0x000000000000005D

clint mtime 0x00000000000003A5 (mip.MTI <- 0b1, mip.STI <- 0b0)
mem[X,0x00000000800012D8] -> 0xF593
mem[X,0x00000000800012DA] -> 0x0015
[1866] [M]: 0x00000000800012D8 (0x0015F593) andi x11, x11, 0x1                      common_Mexcpt_handler+40
x11 <- 0x0000000000000001

mem[X,0x00000000800012DC] -> 0x8EE3
mem[X,0x00000000800012DE] -> 0xF405
[1867] [M]: 0x00000000800012DC (0xF4058EE3) beq x11, x0, -0xa4                      common_Mexcpt_handler+44

clint mtime 0x00000000000003A6 (mip.MTI <- 0b1, mip.STI <- 0b0)
mem[X,0x00000000800012E0] -> 0x0593
mem[X,0x00000000800012E2] -> 0x2980
[1868] [M]: 0x00000000800012E0 (0x29800593) addi x11, x0, 0x298                     common_Mexcpt_handler+48
x11 <- 0x0000000000000298

mem[X,0x00000000800012E4] -> 0xF413
mem[X,0x00000000800012E6] -> 0x0014
[1869] [M]: 0x00000000800012E4 (0x0014F413) andi x8, x9, 0x1                        common_Mexcpt_handler+52
x8 <- 0x0000000000000000

clint mtime 0x00000000000003A7 (mip.MTI <- 0b1, mip.STI <- 0b0)
mem[X,0x00000000800012E8] -> 0x95B3
mem[X,0x00000000800012EA] -> 0x0085
[1870] [M]: 0x00000000800012E8 (0x008595B3) sll x11, x11, x8                        common_Mexcpt_handler+56
x11 <- 0x0000000000000298

mem[X,0x00000000800012EC] -> 0x9413
mem[X,0x00000000800012EE] -> 0x03D4
[1871] [M]: 0x00000000800012EC (0x03D49413) slli x8, x9, 0x3d                       common_Mexcpt_handler+60
x8 <- 0x0000000000000000

clint mtime 0x00000000000003A8 (mip.MTI <- 0b1, mip.STI <- 0b0)
mem[X,0x00000000800012F0] -> 0x5413
mem[X,0x00000000800012F2] -> 0x43F4
[1872] [M]: 0x00000000800012F0 (0x43F45413) srai x8, x8, 0x3f                       common_Mexcpt_handler+64
x8 <- 0x0000000000000000

mem[X,0x00000000800012F4] -> 0x4413
mem[X,0x00000000800012F6] -> 0xFFF4
[1873] [M]: 0x00000000800012F4 (0xFFF44413) xori x8, x8, -0x1                       common_Mexcpt_handler+68
x8 <- 0xFFFFFFFFFFFFFFFF

clint mtime 0x00000000000003A9 (mip.MTI <- 0b1, mip.STI <- 0b0)
mem[X,0x00000000800012F8] -> 0xF4B3
mem[X,0x00000000800012FA] -> 0x0085
[1874] [M]: 0x00000000800012F8 (0x0085F4B3) and x9, x11, x8                         common_Mexcpt_handler+72
x9 <- 0x0000000000000298

mem[X,0x00000000800012FC] -> 0x84B3
mem[X,0x00000000800012FE] -> 0x0024
[1875] [M]: 0x00000000800012FC (0x002484B3) add x9, x9, x2                          vmem_adj_Mepc+0
x9 <- 0x0000000080004298

clint mtime 0x00000000000003AA (mip.MTI <- 0b1, mip.STI <- 0b0)
mem[X,0x0000000080001300] -> 0x23F3
mem[X,0x0000000080001302] -> 0x3410
[1876] [M]: 0x0000000080001300 (0x341023F3) csrrs x7, mepc, x0                      vmem_adj_Mepc+4
CSR mepc (0x341) -> 0x0006000080000E94
x7 <- 0x0006000080000E94

mem[X,0x0000000080001304] -> 0x0413
mem[X,0x0000000080001306] -> 0x0004
[1877] [M]: 0x0000000080001304 (0x00040413) addi x8, x8, 0x0                        vmem_adj_Mepc+8
x8 <- 0xFFFFFFFFFFFFFFFF

clint mtime 0x00000000000003AB (mip.MTI <- 0b1, mip.STI <- 0b0)
mem[X,0x0000000080001308] -> 0x006F
mem[X,0x000000008000130A] -> 0x0400
[1878] [M]: 0x0000000080001308 (0x0400006F) jal x0, 0x40                            vmem_adj_Mepc+12

mem[X,0x0000000080001348] -> 0x8433
mem[X,0x000000008000134A] -> 0x4083
[1879] [M]: 0x0000000080001348 (0x40838433) sub x8, x7, x8                          adj_Mepc+0
x8 <- 0x0006000080000E95

clint mtime 0x00000000000003AC (mip.MTI <- 0b1, mip.STI <- 0b0)
mem[X,0x000000008000134C] -> 0x3823
mem[X,0x000000008000134E] -> 0x0083
[1880] [M]: 0x000000008000134C (0x00833823) sd x8, 0x10(x6)                         sv_Mepc+0
mem[W,0x0000000080006368] <- 0x0006000080000E95

mem[X,0x0000000080001350] -> 0x55B7
mem[X,0x0000000080001352] -> 0x0000
[1881] [M]: 0x0000000080001350 (0x000055B7) lui x11, 0x5                            sv_Mepc+4
x11 <- 0x0000000000005000

clint mtime 0x00000000000003AD (mip.MTI <- 0b1, mip.STI <- 0b0)
mem[X,0x0000000080001354] -> 0x8593
mem[X,0x0000000080001356] -> 0x6675
[1882] [M]: 0x0000000080001354 (0x66758593) addi x11, x11, 0x667                    sv_Mepc+8
x11 <- 0x0000000000005667

mem[X,0x0000000080001358] -> 0x9593
mem[X,0x000000008000135A] -> 0x0015
[1883] [M]: 0x0000000080001358 (0x00159593) slli x11, x11, 0x1                      sv_Mepc+12
x11 <- 0x000000000000ACCE

clint mtime 0x00000000000003AE (mip.MTI <- 0b1, mip.STI <- 0b0)
mem[X,0x000000008000135C] -> 0x9063
mem[X,0x000000008000135E] -> 0x02B1
[1884] [M]: 0x000000008000135C (0x02B19063) bne x3, x11, 0x20                       sv_Mepc+16

mem[X,0x0000000080001360] -> 0x2473
mem[X,0x0000000080001362] -> 0x3420
[1885] [M]: 0x0000000080001360 (0x34202473) csrrs x8, mcause, x0                    sv_Mepc+20
CSR mcause (0x342) -> 0x000000000000000D
x8 <- 0x000000000000000D

clint mtime 0x00000000000003AF (mip.MTI <- 0b1, mip.STI <- 0b0)
mem[X,0x0000000080001364] -> 0x0593
mem[X,0x0000000080001366] -> 0x00C0
[1886] [M]: 0x0000000080001364 (0x00C00593) addi x11, x0, 0xc                       sv_Mepc+24
x11 <- 0x000000000000000C

mem[X,0x0000000080001368] -> 0x0663
mem[X,0x000000008000136A] -> 0x00B4
[1887] [M]: 0x0000000080001368 (0x00B40663) beq x8, x11, 0xc                        sv_Mepc+28

clint mtime 0x00000000000003B0 (mip.MTI <- 0b1, mip.STI <- 0b0)
mem[X,0x000000008000136C] -> 0x0593
mem[X,0x000000008000136E] -> 0x0010
[1888] [M]: 0x000000008000136C (0x00100593) addi x11, x0, 0x1                       sv_Mepc+32
x11 <- 0x0000000000000001

mem[X,0x0000000080001370] -> 0x1663
mem[X,0x0000000080001372] -> 0x00B4
[1889] [M]: 0x0000000080001370 (0x00B41663) bne x8, x11, 0xc                        sv_Mepc+36

clint mtime 0x00000000000003B1 (mip.MTI <- 0b1, mip.STI <- 0b0)
mem[X,0x000000008000137C] -> 0xF593
mem[X,0x000000008000137E] -> 0xFFC3
[1890] [M]: 0x000000008000137C (0xFFC3F593) andi x11, x7, -0x4                      adj_Mepc_rtn+0
x11 <- 0x0006000080000E94

mem[X,0x0000000080001380] -> 0x8593
mem[X,0x0000000080001382] -> 0x0085
[1891] [M]: 0x0000000080001380 (0x00858593) addi x11, x11, 0x8                      adj_Mepc_rtn+4
x11 <- 0x0006000080000E9C

clint mtime 0x00000000000003B2 (mip.MTI <- 0b1, mip.STI <- 0b0)
mem[X,0x0000000080001384] -> 0x9073
mem[X,0x0000000080001386] -> 0x3415
[1892] [M]: 0x0000000080001384 (0x34159073) csrrw x0, mepc, x11                     adj_Mepc_rtn+8
CSR mepc (0x341) <- 0x0006000080000E9C

mem[X,0x0000000080001388] -> 0x23F3
mem[X,0x000000008000138A] -> 0x3430
[1893] [M]: 0x0000000080001388 (0x343023F3) csrrs x7, mtval, x0                     skp_adj_Mepc+0
CSR mtval (0x343) -> 0x0005000080000414
x7 <- 0x0005000080000414

clint mtime 0x00000000000003B3 (mip.MTI <- 0b1, mip.STI <- 0b0)
mem[X,0x000000008000138C] -> 0x0413
mem[X,0x000000008000138E] -> 0x0004
[1894] [M]: 0x000000008000138C (0x00040413) addi x8, x8, 0x0                        skp_adj_Mepc+4
x8 <- 0x000000000000000D

mem[X,0x0000000080001390] -> 0x006F
mem[X,0x0000000080001392] -> 0x0840
[1895] [M]: 0x0000000080001390 (0x0840006F) jal x0, 0x84                            skp_adj_Mepc+8

clint mtime 0x00000000000003B4 (mip.MTI <- 0b1, mip.STI <- 0b0)
mem[X,0x0000000080001414] -> 0x8433
mem[X,0x0000000080001416] -> 0x4083
[1896] [M]: 0x0000000080001414 (0x40838433) sub x8, x7, x8                          adj_Mtval+0
x8 <- 0x0005000080000407

mem[X,0x0000000080001418] -> 0x3C23
mem[X,0x000000008000141A] -> 0x0083
[1897] [M]: 0x0000000080001418 (0x00833C23) sd x8, 0x18(x6)                         sv_Mtval+0
mem[W,0x0000000080006370] <- 0x0005000080000407

clint mtime 0x00000000000003B5 (mip.MTI <- 0b1, mip.STI <- 0b0)
mem[X,0x000000008000141C] -> 0x3483
mem[X,0x000000008000141E] -> 0x2181
[1898] [M]: 0x000000008000141C (0x21813483) ld x9, 0x218(x2)                        skp_Mtval+0
mem[R,0x0000000080004218] -> 0x0000000080006378
x9 <- 0x0000000080006378

mem[X,0x0000000080001420] -> 0x3383
mem[X,0x0000000080001422] -> 0x1F81
[1899] [M]: 0x0000000080001420 (0x1F813383) ld x7, 0x1f8(x2)                        skp_Mtval+4
mem[R,0x00000000800041F8] -> 0x0000000080006110
x7 <- 0x0000000080006110

clint mtime 0x00000000000003B6 (mip.MTI <- 0b1, mip.STI <- 0b0)
mem[X,0x0000000080001424] -> 0x3303
mem[X,0x0000000080001426] -> 0x2001
[1900] [M]: 0x0000000080001424 (0x20013303) ld x6, 0x200(x2)                        skp_Mtval+8
mem[R,0x0000000080004200] -> 0x0000000000000310
x6 <- 0x0000000000000310

mem[X,0x0000000080001428] -> 0x0333
mem[X,0x000000008000142A] -> 0x0073
[1901] [M]: 0x0000000080001428 (0x00730333) add x6, x6, x7                          skp_Mtval+12
x6 <- 0x0000000080006420

clint mtime 0x00000000000003B7 (mip.MTI <- 0b1, mip.STI <- 0b0)
mem[X,0x000000008000142C] -> 0x6AE3
mem[X,0x000000008000142E] -> 0xAE93
[1902] [M]: 0x000000008000142C (0xAE936AE3) bltu x6, x9, -0x50c                     skp_Mtval+16

mem[X,0x0000000080001430] -> 0x0393
mem[X,0x0000000080001432] -> 0x2000
[1903] [M]: 0x0000000080001430 (0x20000393) addi x7, x0, 0x200                      skp_Mtval+20
x7 <- 0x0000000000000200

clint mtime 0x00000000000003B8 (mip.MTI <- 0b1, mip.STI <- 0b0)
mem[X,0x0000000080001434] -> 0x006F
mem[X,0x0000000080001436] -> 0x0400
[1904] [M]: 0x0000000080001434 (0x0400006F) jal x0, 0x40                            skp_Mtval+24

mem[X,0x0000000080001474] -> 0x0417
mem[X,0x0000000080001476] -> 0x0000
[1905] [M]: 0x0000000080001474 (0x00000417) auipc x8, 0x0                           spcl_Mhandler+0
x8 <- 0x0000000080001474

clint mtime 0x00000000000003B9 (mip.MTI <- 0b1, mip.STI <- 0b0)
mem[X,0x0000000080001478] -> 0x0413
mem[X,0x000000008000147A] -> 0x03C4
[1906] [M]: 0x0000000080001478 (0x03C40413) addi x8, x8, 0x3c                       spcl_Mhandler+4
x8 <- 0x00000000800014B0

mem[X,0x000000008000147C] -> 0x0433
mem[X,0x000000008000147E] -> 0x0074
[1907] [M]: 0x000000008000147C (0x00740433) add x8, x8, x7                          spcl_Mhandler+8
x8 <- 0x00000000800016B0

clint mtime 0x00000000000003BA (mip.MTI <- 0b1, mip.STI <- 0b0)
mem[X,0x0000000080001480] -> 0x1393
mem[X,0x0000000080001482] -> 0x0035
[1908] [M]: 0x0000000080001480 (0x00351393) slli x7, x10, 0x3                       spcl_Mhandler+12
x7 <- 0x0000000000000068

mem[X,0x0000000080001484] -> 0x0433
mem[X,0x0000000080001486] -> 0x0074
[1909] [M]: 0x0000000080001484 (0x00740433) add x8, x8, x7                          spcl_Mhandler+16
x8 <- 0x0000000080001718

clint mtime 0x00000000000003BB (mip.MTI <- 0b1, mip.STI <- 0b0)
mem[X,0x0000000080001488] -> 0x7413
mem[X,0x000000008000148A] -> 0xFF84
[1910] [M]: 0x0000000080001488 (0xFF847413) andi x8, x8, -0x8                       spcl_Mhandler+20
x8 <- 0x0000000080001718

mem[X,0x000000008000148C] -> 0x3403
mem[X,0x000000008000148E] -> 0x0004
[1911] [M]: 0x000000008000148C (0x00043403) ld x8, 0x0(x8)                          spcl_Mhandler+24
mem[R,0x0000000080001718] -> 0x000000000000001B
x8 <- 0x000000000000001B

clint mtime 0x00000000000003BC (mip.MTI <- 0b1, mip.STI <- 0b0)
mem[X,0x0000000080001490] -> 0x02E3
mem[X,0x0000000080001492] -> 0xB204
[1912] [M]: 0x0000000080001490 (0xB20402E3) beq x8, x0, -0x4dc                      spcl_Mdispatch_hndling+0

mem[X,0x0000000080001494] -> 0x1393
mem[X,0x0000000080001496] -> 0x03F4
[1913] [M]: 0x0000000080001494 (0x03F41393) slli x7, x8, 0x3f                       spcl_Mdispatch_hndling+4
x7 <- 0x8000000000000000

clint mtime 0x00000000000003BD (mip.MTI <- 0b1, mip.STI <- 0b0)
mem[X,0x0000000080001498] -> 0xD863
mem[X,0x000000008000149A] -> 0x0003
[1914] [M]: 0x0000000080001498 (0x0003D863) bge x7, x0, 0x10                        spcl_Mdispatch_hndling+8

mem[X,0x000000008000149C] -> 0x5413
mem[X,0x000000008000149E] -> 0x0014
[1915] [M]: 0x000000008000149C (0x00145413) srli x8, x8, 0x1                        spcl_Mdispatch_hndling+12
x8 <- 0x000000000000000D

clint mtime 0x00000000000003BE (mip.MTI <- 0b1, mip.STI <- 0b0)
mem[X,0x00000000800014A0] -> 0x0CE3
mem[X,0x00000000800014A2] -> 0xF885
[1916] [M]: 0x00000000800014A0 (0xF8850CE3) beq x10, x8, -0x68                      spcl_Mdispatch_hndling+16

mem[X,0x0000000080001438] -> 0x3303
mem[X,0x000000008000143A] -> 0x2601
[1917] [M]: 0x0000000080001438 (0x26013303) ld x6, 0x260(x2)                        resto_Mrtn+0
mem[R,0x0000000080004260] -> 0xFFFFFFFF7FFFF28C
x6 <- 0xFFFFFFFF7FFFF28C

clint mtime 0x00000000000003BF (mip.MTI <- 0b1, mip.STI <- 0b0)
mem[X,0x000000008000143C] -> 0x3383
mem[X,0x000000008000143E] -> 0x2681
[1918] [M]: 0x000000008000143C (0x26813383) ld x7, 0x268(x2)                        resto_Mrtn+4
mem[R,0x0000000080004268] -> 0x0000000080004000
x7 <- 0x0000000080004000

mem[X,0x0000000080001440] -> 0x3403
mem[X,0x0000000080001442] -> 0x2701
[1919] [M]: 0x0000000080001440 (0x27013403) ld x8, 0x270(x2)                        resto_Mrtn+8
mem[R,0x0000000080004270] -> 0x0000000000007F76
x8 <- 0x0000000000007F76

clint mtime 0x00000000000003C0 (mip.MTI <- 0b1, mip.STI <- 0b0)
mem[X,0x0000000080001444] -> 0x3483
mem[X,0x0000000080001446] -> 0x2781
[1920] [M]: 0x0000000080001444 (0x27813483) ld x9, 0x278(x2)                        resto_Mrtn+12
mem[R,0x0000000080004278] -> 0x00060000000000E8
x9 <- 0x00060000000000E8

mem[X,0x0000000080001448] -> 0x3503
mem[X,0x000000008000144A] -> 0x2801
[1921] [M]: 0x0000000080001448 (0x28013503) ld x10, 0x280(x2)                       resto_Mrtn+16
mem[R,0x0000000080004280] -> 0x60000000000000CF
x10 <- 0x60000000000000CF

clint mtime 0x00000000000003C1 (mip.MTI <- 0b1, mip.STI <- 0b0)
mem[X,0x000000008000144C] -> 0x3583
mem[X,0x000000008000144E] -> 0x2881
[1922] [M]: 0x000000008000144C (0x28813583) ld x11, 0x288(x2)                       resto_Mrtn+20
mem[R,0x0000000080004288] -> 0x60000000000000CF
x11 <- 0x60000000000000CF

mem[X,0x0000000080001450] -> 0x3103
mem[X,0x0000000080001452] -> 0x2901
[1923] [M]: 0x0000000080001450 (0x29013103) ld x2, 0x290(x2)                        resto_Mrtn+24
mem[R,0x0000000080004290] -> 0x0000000000000000
x2 <- 0x0000000000000000

clint mtime 0x00000000000003C2 (mip.MTI <- 0b1, mip.STI <- 0b0)
mem[X,0x0000000080001454] -> 0x0073
mem[X,0x0000000080001456] -> 0x3020
[1924] [M]: 0x0000000080001454 (0x30200073) mret                                    resto_Mrtn+28
CSR mstatus (0x300) <- 0x0000000A00000080
ret-ing from M to S

mem[X,0x0000000080000E9C] -> 0x51B7
mem[X,0x0000000080000E9E] -> 0x0000
[1925] [S]: 0x0006000080000E9C (0x000051B7) lui x3, 0x5                             va_rvtest_code_begin+1760
x3 <- 0x0000000000005000

clint mtime 0x00000000000003C3 (mip.MTI <- 0b1, mip.STI <- 0b0)
mem[X,0x0000000080000EA0] -> 0x8193
mem[X,0x0000000080000EA2] -> 0x6671
[1926] [S]: 0x0006000080000EA0 (0x66718193) addi x3, x3, 0x667                      va_rvtest_code_begin+1764
x3 <- 0x0000000000005667

mem[X,0x0000000080000EA4] -> 0x9193
mem[X,0x0000000080000EA6] -> 0x0011
[1927] [S]: 0x0006000080000EA4 (0x00119193) slli x3, x3, 0x1                        va_rvtest_code_begin+1768
x3 <- 0x000000000000ACCE

clint mtime 0x00000000000003C4 (mip.MTI <- 0b1, mip.STI <- 0b0)
mem[X,0x0000000080000EA8] -> 0x0013
mem[X,0x0000000080000EAA] -> 0x0000
[1928] [S]: 0x0006000080000EA8 (0x00000013) addi x0, x0, 0x0                        va_rvtest_code_begin+1772

mem[X,0x0000000080000EAC] -> 0x0013
mem[X,0x0000000080000EAE] -> 0x0000
[1929] [S]: 0x0006000080000EAC (0x00000013) addi x0, x0, 0x0                        va_rvtest_code_begin+1776

clint mtime 0x00000000000003C5 (mip.MTI <- 0b1, mip.STI <- 0b0)
mem[X,0x0000000080000EB0] -> 0x0013
mem[X,0x0000000080000EB2] -> 0x0000
[1930] [S]: 0x0006000080000EB0 (0x00000013) addi x0, x0, 0x0                        va_rvtest_code_begin+1780

mem[X,0x0000000080000EB4] -> 0x0013
mem[X,0x0000000080000EB6] -> 0x0000
[1931] [S]: 0x0006000080000EB4 (0x00000013) addi x0, x0, 0x0                        va_rvtest_code_begin+1784

clint mtime 0x00000000000003C6 (mip.MTI <- 0b1, mip.STI <- 0b0)
mem[X,0x0000000080000EB8] -> 0x0013
mem[X,0x0000000080000EBA] -> 0x0000
[1932] [S]: 0x0006000080000EB8 (0x00000013) addi x0, x0, 0x0                        va_rvtest_code_begin+1788

mem[X,0x0000000080000EBC] -> 0x0013
mem[X,0x0000000080000EBE] -> 0x0000
[1933] [S]: 0x0006000080000EBC (0x00000013) addi x0, x0, 0x0                        va_rvtest_code_begin+1792

clint mtime 0x00000000000003C7 (mip.MTI <- 0b1, mip.STI <- 0b0)
mem[X,0x0000000080000EC0] -> 0x0217
mem[X,0x0000000080000EC2] -> 0x0000
[1934] [S]: 0x0006000080000EC0 (0x00000217) auipc x4, 0x0                           va_rvtest_code_begin+1796
x4 <- 0x0006000080000EC0

mem[X,0x0000000080000EC4] -> 0x0213
mem[X,0x0000000080000EC6] -> 0x02C2
[1935] [S]: 0x0006000080000EC4 (0x02C20213) addi x4, x4, 0x2c                       va_rvtest_code_begin+1800
x4 <- 0x0006000080000EEC

clint mtime 0x00000000000003C8 (mip.MTI <- 0b1, mip.STI <- 0b0)
mem[X,0x0000000080000EC8] -> 0x0001
[1936] [S]: 0x0006000080000EC8 (0x0001) c.nop                                       va_rvtest_code_begin+1804

mem[X,0x0000000080000ECA] -> 0x0013
mem[X,0x0000000080000ECC] -> 0x0000
[1937] [S]: 0x0006000080000ECA (0x00000013) addi x0, x0, 0x0                        va_rvtest_code_begin+1806

clint mtime 0x00000000000003C9 (mip.MTI <- 0b1, mip.STI <- 0b0)
mem[X,0x0000000080000ECE] -> 0x0013
mem[X,0x0000000080000ED0] -> 0x0000
[1938] [S]: 0x0006000080000ECE (0x00000013) addi x0, x0, 0x0                        va_rvtest_code_begin+1810

mem[X,0x0000000080000ED2] -> 0x0013
mem[X,0x0000000080000ED4] -> 0x0000
[1939] [S]: 0x0006000080000ED2 (0x00000013) addi x0, x0, 0x0                        va_rvtest_code_begin+1814

clint mtime 0x00000000000003CA (mip.MTI <- 0b1, mip.STI <- 0b0)
mem[X,0x0000000080000ED6] -> 0x0013
mem[X,0x0000000080000ED8] -> 0x0000
[1940] [S]: 0x0006000080000ED6 (0x00000013) addi x0, x0, 0x0                        va_rvtest_code_begin+1818

mem[X,0x0000000080000EDA] -> 0x0013
mem[X,0x0000000080000EDC] -> 0x0000
[1941] [S]: 0x0006000080000EDA (0x00000013) addi x0, x0, 0x0                        va_rvtest_code_begin+1822

clint mtime 0x00000000000003CB (mip.MTI <- 0b1, mip.STI <- 0b0)
mem[X,0x0000000080000EDE] -> 0x0001
[1942] [S]: 0x0006000080000EDE (0x0001) c.nop                                       va_rvtest_code_begin+1826

mem[X,0x0000000080000EE0] -> 0x80E7
mem[X,0x0000000080000EE2] -> 0x0007
[1943] [S]: 0x0006000080000EE0 (0x000780E7) jalr x1, 0x0(x15)                       va_rvtest_code_begin+1828
x1 <- 0x0006000080000EE4

clint mtime 0x00000000000003CC (mip.MTI <- 0b1, mip.STI <- 0b0)
PTW: Start, vpn=0x5000080000, access_type=X, privilege=Smem[R,0x0000000080005028] -> 0x60000000000000CF
PTW: Step, level=4, pte=0x60000000000000CF, pte_addr=0x80005028
PTW: failed, error=invalid-pte, level=4, pte_addr=0x80005028
trapping from S to M to handle fetch-page-fault
handling exc#fetch-page-fault at priv M with tval 0x0005000080000400
CSR mstatus (0x300) <- 0x0000000A00000800
CSR mcause (0x342) <- 0x000000000000000C
CSR mtval (0x343) <- 0x0005000080000400
CSR mepc (0x341) <- 0x0005000080000400

mem[X,0x0000000080001000] -> 0x006F
mem[X,0x0000000080001002] -> 0x1000
[1945] [M]: 0x0000000080001000 (0x1000006F) jal x0, 0x100                           Mtrampoline+0

clint mtime 0x00000000000003CD (mip.MTI <- 0b1, mip.STI <- 0b0)
mem[X,0x0000000080001100] -> 0x1173
mem[X,0x0000000080001102] -> 0x3401
[1946] [M]: 0x0000000080001100 (0x34011173) csrrw x2, mscratch, x2                  trap_Mhandler+0
CSR mscratch (0x340) <- 0x0000000000000000
x2 <- 0x0000000080004000

mem[X,0x0000000080001104] -> 0x3423
mem[X,0x0000000080001106] -> 0x28B1
[1947] [M]: 0x0000000080001104 (0x28B13423) sd x11, 0x288(x2)                       trap_Mhandler+4
mem[W,0x0000000080004288] <- 0x60000000000000CF

clint mtime 0x00000000000003CE (mip.MTI <- 0b1, mip.STI <- 0b0)
mem[X,0x0000000080001108] -> 0x05EF
mem[X,0x000000008000110A] -> 0x0B80
[1948] [M]: 0x0000000080001108 (0x0B8005EF) jal x11, 0xb8                           trap_Mhandler+8
x11 <- 0x000000008000110C

mem[X,0x00000000800011C0] -> 0x3023
mem[X,0x00000000800011C2] -> 0x28A1
[1949] [M]: 0x00000000800011C0 (0x28A13023) sd x10, 0x280(x2)                       common_Mhandler+0
mem[W,0x0000000080004280] <- 0x60000000000000CF

clint mtime 0x00000000000003CF (mip.MTI <- 0b1, mip.STI <- 0b0)
mem[X,0x00000000800011C4] -> 0x1573
mem[X,0x00000000800011C6] -> 0x3401
[1950] [M]: 0x00000000800011C4 (0x34011573) csrrw x10, mscratch, x2                 common_Mhandler+4
CSR mscratch (0x340) <- 0x0000000080004000
x10 <- 0x0000000000000000

mem[X,0x00000000800011C8] -> 0x3823
mem[X,0x00000000800011CA] -> 0x28A1
[1951] [M]: 0x00000000800011C8 (0x28A13823) sd x10, 0x290(x2)                       common_Mhandler+8
mem[W,0x0000000080004290] <- 0x0000000000000000

clint mtime 0x00000000000003D0 (mip.MTI <- 0b1, mip.STI <- 0b0)
mem[X,0x00000000800011CC] -> 0x3503
mem[X,0x00000000800011CE] -> 0x2301
[1952] [M]: 0x00000000800011CC (0x23013503) ld x10, 0x230(x2)                       common_Mhandler+12
mem[R,0x0000000080004230] -> 0x00000000800011D4
x10 <- 0x00000000800011D4

mem[X,0x00000000800011D0] -> 0x0067
mem[X,0x00000000800011D2] -> 0x0005
[1953] [M]: 0x00000000800011D0 (0x00050067) jalr x0, 0x0(x10)                       common_Mhandler+16

clint mtime 0x00000000000003D1 (mip.MTI <- 0b1, mip.STI <- 0b0)
mem[X,0x00000000800011D4] -> 0x3C23
mem[X,0x00000000800011D6] -> 0x2691
[1954] [M]: 0x00000000800011D4 (0x26913C23) sd x9, 0x278(x2)                        common_Mentry+0
mem[W,0x0000000080004278] <- 0x00060000000000E8

mem[X,0x00000000800011D8] -> 0x3823
mem[X,0x00000000800011DA] -> 0x2681
[1955] [M]: 0x00000000800011D8 (0x26813823) sd x8, 0x270(x2)                        common_Mentry+4
mem[W,0x0000000080004270] <- 0x0000000000007F76

clint mtime 0x00000000000003D2 (mip.MTI <- 0b1, mip.STI <- 0b0)
mem[X,0x00000000800011DC] -> 0x3423
mem[X,0x00000000800011DE] -> 0x2671
[1956] [M]: 0x00000000800011DC (0x26713423) sd x7, 0x268(x2)                        common_Mentry+8
mem[W,0x0000000080004268] <- 0x0000000080004000

mem[X,0x00000000800011E0] -> 0x3023
mem[X,0x00000000800011E2] -> 0x2661
[1957] [M]: 0x00000000800011E0 (0x26613023) sd x6, 0x260(x2)                        common_Mentry+12
mem[W,0x0000000080004260] <- 0xFFFFFFFF7FFFF28C

clint mtime 0x00000000000003D3 (mip.MTI <- 0b1, mip.STI <- 0b0)
mem[X,0x00000000800011E4] -> 0x2573
mem[X,0x00000000800011E6] -> 0x3420
[1958] [M]: 0x00000000800011E4 (0x34202573) csrrs x10, mcause, x0                   spcl_M2mmode_test+0
CSR mcause (0x342) -> 0x000000000000000C
x10 <- 0x000000000000000C

mem[X,0x00000000800011E8] -> 0x04B7
mem[X,0x00000000800011EA] -> 0x8000
[1959] [M]: 0x00000000800011E8 (0x800004B7) lui x9, -0x80000                        spcl_M2mmode_test+4
x9 <- 0xFFFFFFFF80000000

clint mtime 0x00000000000003D4 (mip.MTI <- 0b1, mip.STI <- 0b0)
mem[X,0x00000000800011EC] -> 0x8493
mem[X,0x00000000800011EE] -> 0x0004
[1960] [M]: 0x00000000800011EC (0x00048493) addi x9, x9, 0x0                        spcl_M2mmode_test+8
x9 <- 0xFFFFFFFF80000000

mem[X,0x00000000800011F0] -> 0x9493
mem[X,0x00000000800011F2] -> 0x00B4
[1961] [M]: 0x00000000800011F0 (0x00B49493) slli x9, x9, 0xb                        spcl_M2mmode_test+12
x9 <- 0xFFFFFC0000000000

clint mtime 0x00000000000003D5 (mip.MTI <- 0b1, mip.STI <- 0b0)
mem[X,0x00000000800011F4] -> 0x8493
mem[X,0x00000000800011F6] -> 0x0004
[1962] [M]: 0x00000000800011F4 (0x00048493) addi x9, x9, 0x0                        spcl_M2mmode_test+16
x9 <- 0xFFFFFC0000000000

mem[X,0x00000000800011F8] -> 0x9493
mem[X,0x00000000800011FA] -> 0x00B4
[1963] [M]: 0x00000000800011F8 (0x00B49493) slli x9, x9, 0xb                        spcl_M2mmode_test+20
x9 <- 0xFFE0000000000000

clint mtime 0x00000000000003D6 (mip.MTI <- 0b1, mip.STI <- 0b0)
mem[X,0x00000000800011FC] -> 0x8493
mem[X,0x00000000800011FE] -> 0x0034
[1964] [M]: 0x00000000800011FC (0x00348493) addi x9, x9, 0x3                        spcl_M2mmode_test+24
x9 <- 0xFFE0000000000003

mem[X,0x0000000080001200] -> 0x9493
mem[X,0x0000000080001202] -> 0x00A4
[1965] [M]: 0x0000000080001200 (0x00A49493) slli x9, x9, 0xa                        spcl_M2mmode_test+28
x9 <- 0x8000000000000C00

clint mtime 0x00000000000003D7 (mip.MTI <- 0b1, mip.STI <- 0b0)
mem[X,0x0000000080001204] -> 0x8493
mem[X,0x0000000080001206] -> 0x3FC4
[1966] [M]: 0x0000000080001204 (0x3FC48493) addi x9, x9, 0x3fc                      spcl_M2mmode_test+32
x9 <- 0x8000000000000FFC

mem[X,0x0000000080001208] -> 0xF4B3
mem[X,0x000000008000120A] -> 0x00A4
[1967] [M]: 0x0000000080001208 (0x00A4F4B3) and x9, x9, x10                         spcl_M2mmode_test+36
x9 <- 0x000000000000000C

clint mtime 0x00000000000003D8 (mip.MTI <- 0b1, mip.STI <- 0b0)
mem[X,0x000000008000120C] -> 0x8493
mem[X,0x000000008000120E] -> 0xFF84
[1968] [M]: 0x000000008000120C (0xFF848493) addi x9, x9, -0x8                       spcl_M2mmode_test+40
x9 <- 0x0000000000000004

mem[X,0x0000000080001210] -> 0x9663
mem[X,0x0000000080001212] -> 0x0004
[1969] [M]: 0x0000000080001210 (0x00049663) bne x9, x0, 0xc                         spcl_M2mmode_test+44

clint mtime 0x00000000000003D9 (mip.MTI <- 0b1, mip.STI <- 0b0)
mem[X,0x000000008000121C] -> 0x0393
mem[X,0x000000008000121E] -> 0x0200
[1970] [M]: 0x000000008000121C (0x02000393) addi x7, x0, 0x20                       Mtrapsig_ptr_upd+0
x7 <- 0x0000000000000020

mem[X,0x0000000080001220] -> 0x5263
mem[X,0x0000000080001222] -> 0x0405
[1971] [M]: 0x0000000080001220 (0x04055263) bge x10, x0, 0x44                       Mtrapsig_ptr_upd+4

clint mtime 0x00000000000003DA (mip.MTI <- 0b1, mip.STI <- 0b0)
mem[X,0x0000000080001264] -> 0x2373
mem[X,0x0000000080001266] -> 0x3010
[1972] [M]: 0x0000000080001264 (0x30102373) csrrs x6, misa, x0                      Mxcpt_sig_sv+0
CSR misa (0x301) -> 0x800000000034112F
x6 <- 0x800000000034112F

mem[X,0x0000000080001268] -> 0x1313
mem[X,0x000000008000126A] -> 0x0383
[1973] [M]: 0x0000000080001268 (0x03831313) slli x6, x6, 0x38                       Mxcpt_sig_sv+4
x6 <- 0x2F00000000000000

clint mtime 0x00000000000003DB (mip.MTI <- 0b1, mip.STI <- 0b0)
mem[X,0x000000008000126C] -> 0x5463
mem[X,0x000000008000126E] -> 0x0003
[1974] [M]: 0x000000008000126C (0x00035463) bge x6, x0, 0x8                         Mxcpt_sig_sv+8

mem[X,0x0000000080001274] -> 0x3303
mem[X,0x0000000080001276] -> 0x2181
[1975] [M]: 0x0000000080001274 (0x21813303) ld x6, 0x218(x2)                        Mtrap_sig_sv+0
mem[R,0x0000000080004218] -> 0x0000000080006378
x6 <- 0x0000000080006378

clint mtime 0x00000000000003DC (mip.MTI <- 0b1, mip.STI <- 0b0)
mem[X,0x0000000080001278] -> 0x04B3
mem[X,0x000000008000127A] -> 0x0073
[1976] [M]: 0x0000000080001278 (0x007304B3) add x9, x6, x7                          Mtrap_sig_sv+4
x9 <- 0x0000000080006398

mem[X,0x000000008000127C] -> 0x3C23
mem[X,0x000000008000127E] -> 0x2091
[1977] [M]: 0x000000008000127C (0x20913C23) sd x9, 0x218(x2)                        Mtrap_sig_sv+8
mem[W,0x0000000080004218] <- 0x0000000080006398

clint mtime 0x00000000000003DD (mip.MTI <- 0b1, mip.STI <- 0b0)
mem[X,0x0000000080001280] -> 0x3403
mem[X,0x0000000080001282] -> 0x1F81
[1978] [M]: 0x0000000080001280 (0x1F813403) ld x8, 0x1f8(x2)                        Mtrap_sig_sv+12
mem[R,0x00000000800041F8] -> 0x0000000080006110
x8 <- 0x0000000080006110

mem[X,0x0000000080001284] -> 0x0333
mem[X,0x0000000080001286] -> 0x4083
[1979] [M]: 0x0000000080001284 (0x40830333) sub x6, x6, x8                          Mtrap_sig_sv+16
x6 <- 0x0000000000000268

clint mtime 0x00000000000003DE (mip.MTI <- 0b1, mip.STI <- 0b0)
mem[X,0x0000000080001288] -> 0x3403
mem[X,0x000000008000128A] -> 0x1F81
[1980] [M]: 0x0000000080001288 (0x1F813403) ld x8, 0x1f8(x2)                        Mtrap_sig_sv+20
mem[R,0x00000000800041F8] -> 0x0000000080006110
x8 <- 0x0000000080006110

mem[X,0x000000008000128C] -> 0x0333
mem[X,0x000000008000128E] -> 0x0083
[1981] [M]: 0x000000008000128C (0x00830333) add x6, x6, x8                          Mtrap_sig_sv+24
x6 <- 0x0000000080006378

clint mtime 0x00000000000003DF (mip.MTI <- 0b1, mip.STI <- 0b0)
mem[X,0x0000000080001290] -> 0x3403
mem[X,0x0000000080001292] -> 0x2401
[1982] [M]: 0x0000000080001290 (0x24013403) ld x8, 0x240(x2)                        Mtrap_sig_sv+28
mem[R,0x0000000080004240] -> 0x0000000080001000
x8 <- 0x0000000080001000

mem[X,0x0000000080001294] -> 0x85B3
mem[X,0x0000000080001296] -> 0x4085
[1983] [M]: 0x0000000080001294 (0x408585B3) sub x11, x11, x8                        sv_Mvect+0
x11 <- 0x000000000000010C

clint mtime 0x00000000000003E0 (mip.MTI <- 0b1, mip.STI <- 0b0)
mem[X,0x0000000080001298] -> 0x9593
mem[X,0x000000008000129A] -> 0x0045
[1984] [M]: 0x0000000080001298 (0x00459593) slli x11, x11, 0x4                      sv_Mvect+4
x11 <- 0x00000000000010C0

mem[X,0x000000008000129C] -> 0xE5B3
mem[X,0x000000008000129E] -> 0x0075
[1985] [M]: 0x000000008000129C (0x0075E5B3) or x11, x11, x7                         sv_Mvect+8
x11 <- 0x00000000000010E0

clint mtime 0x00000000000003E1 (mip.MTI <- 0b1, mip.STI <- 0b0)
mem[X,0x00000000800012A0] -> 0x8593
mem[X,0x00000000800012A2] -> 0x0035
[1986] [M]: 0x00000000800012A0 (0x00358593) addi x11, x11, 0x3                      sv_Mvect+12
x11 <- 0x00000000000010E3

mem[X,0x00000000800012A4] -> 0x3023
mem[X,0x00000000800012A6] -> 0x00B3
[1987] [M]: 0x00000000800012A4 (0x00B33023) sd x11, 0x0(x6)                         sv_Mvect+16
mem[W,0x0000000080006378] <- 0x00000000000010E3

clint mtime 0x00000000000003E2 (mip.MTI <- 0b1, mip.STI <- 0b0)
mem[X,0x00000000800012A8] -> 0x3423
mem[X,0x00000000800012AA] -> 0x00A3
[1988] [M]: 0x00000000800012A8 (0x00A33423) sd x10, 0x8(x6)                         sv_Mcause+0
mem[W,0x0000000080006380] <- 0x000000000000000C

mem[X,0x00000000800012AC] -> 0x4663
mem[X,0x00000000800012AE] -> 0x1A05
[1989] [M]: 0x00000000800012AC (0x1A054663) blt x10, x0, 0x1ac                      sv_Mcause+4

clint mtime 0x00000000000003E3 (mip.MTI <- 0b1, mip.STI <- 0b0)
mem[X,0x00000000800012B0] -> 0x25F3
mem[X,0x00000000800012B2] -> 0x3000
[1990] [M]: 0x00000000800012B0 (0x300025F3) csrrs x11, mstatus, x0                  common_Mexcpt_handler+0
CSR mstatus (0x300) -> 0x0000000A00000800
x11 <- 0x0000000A00000800

mem[X,0x00000000800012B4] -> 0x9413
mem[X,0x00000000800012B6] -> 0x02E5
[1991] [M]: 0x00000000800012B4 (0x02E59413) slli x8, x11, 0x2e                      common_Mexcpt_handler+4
x8 <- 0x0200000000000000

clint mtime 0x00000000000003E4 (mip.MTI <- 0b1, mip.STI <- 0b0)
mem[X,0x00000000800012B8] -> 0x5463
mem[X,0x00000000800012BA] -> 0x0004
[1992] [M]: 0x00000000800012B8 (0x00045463) bge x8, x0, 0x8                         common_Mexcpt_handler+8

mem[X,0x00000000800012C0] -> 0xD493
mem[X,0x00000000800012C2] -> 0x00B5
[1993] [M]: 0x00000000800012C0 (0x00B5D493) srli x9, x11, 0xb                       common_Mexcpt_handler+16
x9 <- 0x0000000001400001

clint mtime 0x00000000000003E5 (mip.MTI <- 0b1, mip.STI <- 0b0)
mem[X,0x00000000800012C4] -> 0xF493
mem[X,0x00000000800012C6] -> 0x0034
[1994] [M]: 0x00000000800012C4 (0x0034F493) andi x9, x9, 0x3                        common_Mexcpt_handler+20
x9 <- 0x0000000000000001

mem[X,0x00000000800012C8] -> 0x8493
mem[X,0x00000000800012CA] -> 0x0014
[1995] [M]: 0x00000000800012C8 (0x00148493) addi x9, x9, 0x1                        common_Mexcpt_handler+24
x9 <- 0x0000000000000002

clint mtime 0x00000000000003E6 (mip.MTI <- 0b1, mip.STI <- 0b0)
mem[X,0x00000000800012CC] -> 0xF493
mem[X,0x00000000800012CE] -> 0x0044
[1996] [M]: 0x00000000800012CC (0x0044F493) andi x9, x9, 0x4                        common_Mexcpt_handler+28
x9 <- 0x0000000000000000

mem[X,0x00000000800012D0] -> 0x0593
mem[X,0x00000000800012D2] -> 0x05D0
[1997] [M]: 0x00000000800012D0 (0x05D00593) addi x11, x0, 0x5d                      common_Mexcpt_handler+32
x11 <- 0x000000000000005D

clint mtime 0x00000000000003E7 (mip.MTI <- 0b1, mip.STI <- 0b0)
mem[X,0x00000000800012D4] -> 0xD5B3
mem[X,0x00000000800012D6] -> 0x0095
[1998] [M]: 0x00000000800012D4 (0x0095D5B3) srl x11, x11, x9                        common_Mexcpt_handler+36
x11 <- 0x000000000000005D

mem[X,0x00000000800012D8] -> 0xF593
mem[X,0x00000000800012DA] -> 0x0015
[1999] [M]: 0x00000000800012D8 (0x0015F593) andi x11, x11, 0x1                      common_Mexcpt_handler+40
x11 <- 0x0000000000000001

clint mtime 0x00000000000003E8 (mip.MTI <- 0b1, mip.STI <- 0b0)
mem[X,0x00000000800012DC] -> 0x8EE3
mem[X,0x00000000800012DE] -> 0xF405
[2000] [M]: 0x00000000800012DC (0xF4058EE3) beq x11, x0, -0xa4                      common_Mexcpt_handler+44

mem[X,0x00000000800012E0] -> 0x0593
mem[X,0x00000000800012E2] -> 0x2980
[2001] [M]: 0x00000000800012E0 (0x29800593) addi x11, x0, 0x298                     common_Mexcpt_handler+48
x11 <- 0x0000000000000298

clint mtime 0x00000000000003E9 (mip.MTI <- 0b1, mip.STI <- 0b0)
mem[X,0x00000000800012E4] -> 0xF413
mem[X,0x00000000800012E6] -> 0x0014
[2002] [M]: 0x00000000800012E4 (0x0014F413) andi x8, x9, 0x1                        common_Mexcpt_handler+52
x8 <- 0x0000000000000000

mem[X,0x00000000800012E8] -> 0x95B3
mem[X,0x00000000800012EA] -> 0x0085
[2003] [M]: 0x00000000800012E8 (0x008595B3) sll x11, x11, x8                        common_Mexcpt_handler+56
x11 <- 0x0000000000000298

clint mtime 0x00000000000003EA (mip.MTI <- 0b1, mip.STI <- 0b0)
mem[X,0x00000000800012EC] -> 0x9413
mem[X,0x00000000800012EE] -> 0x03D4
[2004] [M]: 0x00000000800012EC (0x03D49413) slli x8, x9, 0x3d                       common_Mexcpt_handler+60
x8 <- 0x0000000000000000

mem[X,0x00000000800012F0] -> 0x5413
mem[X,0x00000000800012F2] -> 0x43F4
[2005] [M]: 0x00000000800012F0 (0x43F45413) srai x8, x8, 0x3f                       common_Mexcpt_handler+64
x8 <- 0x0000000000000000

clint mtime 0x00000000000003EB (mip.MTI <- 0b1, mip.STI <- 0b0)
mem[X,0x00000000800012F4] -> 0x4413
mem[X,0x00000000800012F6] -> 0xFFF4
[2006] [M]: 0x00000000800012F4 (0xFFF44413) xori x8, x8, -0x1                       common_Mexcpt_handler+68
x8 <- 0xFFFFFFFFFFFFFFFF

mem[X,0x00000000800012F8] -> 0xF4B3
mem[X,0x00000000800012FA] -> 0x0085
[2007] [M]: 0x00000000800012F8 (0x0085F4B3) and x9, x11, x8                         common_Mexcpt_handler+72
x9 <- 0x0000000000000298

clint mtime 0x00000000000003EC (mip.MTI <- 0b1, mip.STI <- 0b0)
mem[X,0x00000000800012FC] -> 0x84B3
mem[X,0x00000000800012FE] -> 0x0024
[2008] [M]: 0x00000000800012FC (0x002484B3) add x9, x9, x2                          vmem_adj_Mepc+0
x9 <- 0x0000000080004298

mem[X,0x0000000080001300] -> 0x23F3
mem[X,0x0000000080001302] -> 0x3410
[2009] [M]: 0x0000000080001300 (0x341023F3) csrrs x7, mepc, x0                      vmem_adj_Mepc+4
CSR mepc (0x341) -> 0x0005000080000400
x7 <- 0x0005000080000400

clint mtime 0x00000000000003ED (mip.MTI <- 0b1, mip.STI <- 0b0)
mem[X,0x0000000080001304] -> 0x0413
mem[X,0x0000000080001306] -> 0x0004
[2010] [M]: 0x0000000080001304 (0x00040413) addi x8, x8, 0x0                        vmem_adj_Mepc+8
x8 <- 0xFFFFFFFFFFFFFFFF

mem[X,0x0000000080001308] -> 0x006F
mem[X,0x000000008000130A] -> 0x0400
[2011] [M]: 0x0000000080001308 (0x0400006F) jal x0, 0x40                            vmem_adj_Mepc+12

clint mtime 0x00000000000003EE (mip.MTI <- 0b1, mip.STI <- 0b0)
mem[X,0x0000000080001348] -> 0x8433
mem[X,0x000000008000134A] -> 0x4083
[2012] [M]: 0x0000000080001348 (0x40838433) sub x8, x7, x8                          adj_Mepc+0
x8 <- 0x0005000080000401

mem[X,0x000000008000134C] -> 0x3823
mem[X,0x000000008000134E] -> 0x0083
[2013] [M]: 0x000000008000134C (0x00833823) sd x8, 0x10(x6)                         sv_Mepc+0
mem[W,0x0000000080006388] <- 0x0005000080000401

clint mtime 0x00000000000003EF (mip.MTI <- 0b1, mip.STI <- 0b0)
mem[X,0x0000000080001350] -> 0x55B7
mem[X,0x0000000080001352] -> 0x0000
[2014] [M]: 0x0000000080001350 (0x000055B7) lui x11, 0x5                            sv_Mepc+4
x11 <- 0x0000000000005000

mem[X,0x0000000080001354] -> 0x8593
mem[X,0x0000000080001356] -> 0x6675
[2015] [M]: 0x0000000080001354 (0x66758593) addi x11, x11, 0x667                    sv_Mepc+8
x11 <- 0x0000000000005667

clint mtime 0x00000000000003F0 (mip.MTI <- 0b1, mip.STI <- 0b0)
mem[X,0x0000000080001358] -> 0x9593
mem[X,0x000000008000135A] -> 0x0015
[2016] [M]: 0x0000000080001358 (0x00159593) slli x11, x11, 0x1                      sv_Mepc+12
x11 <- 0x000000000000ACCE

mem[X,0x000000008000135C] -> 0x9063
mem[X,0x000000008000135E] -> 0x02B1
[2017] [M]: 0x000000008000135C (0x02B19063) bne x3, x11, 0x20                       sv_Mepc+16

clint mtime 0x00000000000003F1 (mip.MTI <- 0b1, mip.STI <- 0b0)
mem[X,0x0000000080001360] -> 0x2473
mem[X,0x0000000080001362] -> 0x3420
[2018] [M]: 0x0000000080001360 (0x34202473) csrrs x8, mcause, x0                    sv_Mepc+20
CSR mcause (0x342) -> 0x000000000000000C
x8 <- 0x000000000000000C

mem[X,0x0000000080001364] -> 0x0593
mem[X,0x0000000080001366] -> 0x00C0
[2019] [M]: 0x0000000080001364 (0x00C00593) addi x11, x0, 0xc                       sv_Mepc+24
x11 <- 0x000000000000000C

clint mtime 0x00000000000003F2 (mip.MTI <- 0b1, mip.STI <- 0b0)
mem[X,0x0000000080001368] -> 0x0663
mem[X,0x000000008000136A] -> 0x00B4
[2020] [M]: 0x0000000080001368 (0x00B40663) beq x8, x11, 0xc                        sv_Mepc+28

mem[X,0x0000000080001374] -> 0x1073
mem[X,0x0000000080001376] -> 0x3412
[2021] [M]: 0x0000000080001374 (0x34121073) csrrw x0, mepc, x4                      sv_Mepc+40
CSR mepc (0x341) <- 0x0006000080000EEC

clint mtime 0x00000000000003F3 (mip.MTI <- 0b1, mip.STI <- 0b0)
mem[X,0x0000000080001378] -> 0x006F
mem[X,0x000000008000137A] -> 0x0100
[2022] [M]: 0x0000000080001378 (0x0100006F) jal x0, 0x10                            sv_Mepc+44

mem[X,0x0000000080001388] -> 0x23F3
mem[X,0x000000008000138A] -> 0x3430
[2023] [M]: 0x0000000080001388 (0x343023F3) csrrs x7, mtval, x0                     skp_adj_Mepc+0
CSR mtval (0x343) -> 0x0005000080000400
x7 <- 0x0005000080000400

clint mtime 0x00000000000003F4 (mip.MTI <- 0b1, mip.STI <- 0b0)
mem[X,0x000000008000138C] -> 0x0413
mem[X,0x000000008000138E] -> 0x0004
[2024] [M]: 0x000000008000138C (0x00040413) addi x8, x8, 0x0                        skp_adj_Mepc+4
x8 <- 0x000000000000000C

mem[X,0x0000000080001390] -> 0x006F
mem[X,0x0000000080001392] -> 0x0840
[2025] [M]: 0x0000000080001390 (0x0840006F) jal x0, 0x84                            skp_adj_Mepc+8

clint mtime 0x00000000000003F5 (mip.MTI <- 0b1, mip.STI <- 0b0)
mem[X,0x0000000080001414] -> 0x8433
mem[X,0x0000000080001416] -> 0x4083
[2026] [M]: 0x0000000080001414 (0x40838433) sub x8, x7, x8                          adj_Mtval+0
x8 <- 0x00050000800003F4

mem[X,0x0000000080001418] -> 0x3C23
mem[X,0x000000008000141A] -> 0x0083
[2027] [M]: 0x0000000080001418 (0x00833C23) sd x8, 0x18(x6)                         sv_Mtval+0
mem[W,0x0000000080006390] <- 0x00050000800003F4

clint mtime 0x00000000000003F6 (mip.MTI <- 0b1, mip.STI <- 0b0)
mem[X,0x000000008000141C] -> 0x3483
mem[X,0x000000008000141E] -> 0x2181
[2028] [M]: 0x000000008000141C (0x21813483) ld x9, 0x218(x2)                        skp_Mtval+0
mem[R,0x0000000080004218] -> 0x0000000080006398
x9 <- 0x0000000080006398

mem[X,0x0000000080001420] -> 0x3383
mem[X,0x0000000080001422] -> 0x1F81
[2029] [M]: 0x0000000080001420 (0x1F813383) ld x7, 0x1f8(x2)                        skp_Mtval+4
mem[R,0x00000000800041F8] -> 0x0000000080006110
x7 <- 0x0000000080006110

clint mtime 0x00000000000003F7 (mip.MTI <- 0b1, mip.STI <- 0b0)
mem[X,0x0000000080001424] -> 0x3303
mem[X,0x0000000080001426] -> 0x2001
[2030] [M]: 0x0000000080001424 (0x20013303) ld x6, 0x200(x2)                        skp_Mtval+8
mem[R,0x0000000080004200] -> 0x0000000000000310
x6 <- 0x0000000000000310

mem[X,0x0000000080001428] -> 0x0333
mem[X,0x000000008000142A] -> 0x0073
[2031] [M]: 0x0000000080001428 (0x00730333) add x6, x6, x7                          skp_Mtval+12
x6 <- 0x0000000080006420

clint mtime 0x00000000000003F8 (mip.MTI <- 0b1, mip.STI <- 0b0)
mem[X,0x000000008000142C] -> 0x6AE3
mem[X,0x000000008000142E] -> 0xAE93
[2032] [M]: 0x000000008000142C (0xAE936AE3) bltu x6, x9, -0x50c                     skp_Mtval+16

mem[X,0x0000000080001430] -> 0x0393
mem[X,0x0000000080001432] -> 0x2000
[2033] [M]: 0x0000000080001430 (0x20000393) addi x7, x0, 0x200                      skp_Mtval+20
x7 <- 0x0000000000000200

clint mtime 0x00000000000003F9 (mip.MTI <- 0b1, mip.STI <- 0b0)
mem[X,0x0000000080001434] -> 0x006F
mem[X,0x0000000080001436] -> 0x0400
[2034] [M]: 0x0000000080001434 (0x0400006F) jal x0, 0x40                            skp_Mtval+24

mem[X,0x0000000080001474] -> 0x0417
mem[X,0x0000000080001476] -> 0x0000
[2035] [M]: 0x0000000080001474 (0x00000417) auipc x8, 0x0                           spcl_Mhandler+0
x8 <- 0x0000000080001474

clint mtime 0x00000000000003FA (mip.MTI <- 0b1, mip.STI <- 0b0)
mem[X,0x0000000080001478] -> 0x0413
mem[X,0x000000008000147A] -> 0x03C4
[2036] [M]: 0x0000000080001478 (0x03C40413) addi x8, x8, 0x3c                       spcl_Mhandler+4
x8 <- 0x00000000800014B0

mem[X,0x000000008000147C] -> 0x0433
mem[X,0x000000008000147E] -> 0x0074
[2037] [M]: 0x000000008000147C (0x00740433) add x8, x8, x7                          spcl_Mhandler+8
x8 <- 0x00000000800016B0

clint mtime 0x00000000000003FB (mip.MTI <- 0b1, mip.STI <- 0b0)
mem[X,0x0000000080001480] -> 0x1393
mem[X,0x0000000080001482] -> 0x0035
[2038] [M]: 0x0000000080001480 (0x00351393) slli x7, x10, 0x3                       spcl_Mhandler+12
x7 <- 0x0000000000000060

mem[X,0x0000000080001484] -> 0x0433
mem[X,0x0000000080001486] -> 0x0074
[2039] [M]: 0x0000000080001484 (0x00740433) add x8, x8, x7                          spcl_Mhandler+16
x8 <- 0x0000000080001710

clint mtime 0x00000000000003FC (mip.MTI <- 0b1, mip.STI <- 0b0)
mem[X,0x0000000080001488] -> 0x7413
mem[X,0x000000008000148A] -> 0xFF84
[2040] [M]: 0x0000000080001488 (0xFF847413) andi x8, x8, -0x8                       spcl_Mhandler+20
x8 <- 0x0000000080001710

mem[X,0x000000008000148C] -> 0x3403
mem[X,0x000000008000148E] -> 0x0004
[2041] [M]: 0x000000008000148C (0x00043403) ld x8, 0x0(x8)                          spcl_Mhandler+24
mem[R,0x0000000080001710] -> 0x0000000000000019
x8 <- 0x0000000000000019

clint mtime 0x00000000000003FD (mip.MTI <- 0b1, mip.STI <- 0b0)
mem[X,0x0000000080001490] -> 0x02E3
mem[X,0x0000000080001492] -> 0xB204
[2042] [M]: 0x0000000080001490 (0xB20402E3) beq x8, x0, -0x4dc                      spcl_Mdispatch_hndling+0

mem[X,0x0000000080001494] -> 0x1393
mem[X,0x0000000080001496] -> 0x03F4
[2043] [M]: 0x0000000080001494 (0x03F41393) slli x7, x8, 0x3f                       spcl_Mdispatch_hndling+4
x7 <- 0x8000000000000000

clint mtime 0x00000000000003FE (mip.MTI <- 0b1, mip.STI <- 0b0)
mem[X,0x0000000080001498] -> 0xD863
mem[X,0x000000008000149A] -> 0x0003
[2044] [M]: 0x0000000080001498 (0x0003D863) bge x7, x0, 0x10                        spcl_Mdispatch_hndling+8

mem[X,0x000000008000149C] -> 0x5413
mem[X,0x000000008000149E] -> 0x0014
[2045] [M]: 0x000000008000149C (0x00145413) srli x8, x8, 0x1                        spcl_Mdispatch_hndling+12
x8 <- 0x000000000000000C

clint mtime 0x00000000000003FF (mip.MTI <- 0b1, mip.STI <- 0b0)
mem[X,0x00000000800014A0] -> 0x0CE3
mem[X,0x00000000800014A2] -> 0xF885
[2046] [M]: 0x00000000800014A0 (0xF8850CE3) beq x10, x8, -0x68                      spcl_Mdispatch_hndling+16

mem[X,0x0000000080001438] -> 0x3303
mem[X,0x000000008000143A] -> 0x2601
[2047] [M]: 0x0000000080001438 (0x26013303) ld x6, 0x260(x2)                        resto_Mrtn+0
mem[R,0x0000000080004260] -> 0xFFFFFFFF7FFFF28C
x6 <- 0xFFFFFFFF7FFFF28C

clint mtime 0x0000000000000400 (mip.MTI <- 0b1, mip.STI <- 0b0)
mem[X,0x000000008000143C] -> 0x3383
mem[X,0x000000008000143E] -> 0x2681
[2048] [M]: 0x000000008000143C (0x26813383) ld x7, 0x268(x2)                        resto_Mrtn+4
mem[R,0x0000000080004268] -> 0x0000000080004000
x7 <- 0x0000000080004000

mem[X,0x0000000080001440] -> 0x3403
mem[X,0x0000000080001442] -> 0x2701
[2049] [M]: 0x0000000080001440 (0x27013403) ld x8, 0x270(x2)                        resto_Mrtn+8
mem[R,0x0000000080004270] -> 0x0000000000007F76
x8 <- 0x0000000000007F76

clint mtime 0x0000000000000401 (mip.MTI <- 0b1, mip.STI <- 0b0)
mem[X,0x0000000080001444] -> 0x3483
mem[X,0x0000000080001446] -> 0x2781
[2050] [M]: 0x0000000080001444 (0x27813483) ld x9, 0x278(x2)                        resto_Mrtn+12
mem[R,0x0000000080004278] -> 0x00060000000000E8
x9 <- 0x00060000000000E8

mem[X,0x0000000080001448] -> 0x3503
mem[X,0x000000008000144A] -> 0x2801
[2051] [M]: 0x0000000080001448 (0x28013503) ld x10, 0x280(x2)                       resto_Mrtn+16
mem[R,0x0000000080004280] -> 0x60000000000000CF
x10 <- 0x60000000000000CF

clint mtime 0x0000000000000402 (mip.MTI <- 0b1, mip.STI <- 0b0)
mem[X,0x000000008000144C] -> 0x3583
mem[X,0x000000008000144E] -> 0x2881
[2052] [M]: 0x000000008000144C (0x28813583) ld x11, 0x288(x2)                       resto_Mrtn+20
mem[R,0x0000000080004288] -> 0x60000000000000CF
x11 <- 0x60000000000000CF

mem[X,0x0000000080001450] -> 0x3103
mem[X,0x0000000080001452] -> 0x2901
[2053] [M]: 0x0000000080001450 (0x29013103) ld x2, 0x290(x2)                        resto_Mrtn+24
mem[R,0x0000000080004290] -> 0x0000000000000000
x2 <- 0x0000000000000000

clint mtime 0x0000000000000403 (mip.MTI <- 0b1, mip.STI <- 0b0)
mem[X,0x0000000080001454] -> 0x0073
mem[X,0x0000000080001456] -> 0x3020
[2054] [M]: 0x0000000080001454 (0x30200073) mret                                    resto_Mrtn+28
CSR mstatus (0x300) <- 0x0000000A00000080
ret-ing from M to S

mem[X,0x0000000080000EEC] -> 0x0013
mem[X,0x0000000080000EEE] -> 0x0000
[2055] [S]: 0x0006000080000EEC (0x00000013) addi x0, x0, 0x0                        va_rvtest_code_begin+1840

clint mtime 0x0000000000000404 (mip.MTI <- 0b1, mip.STI <- 0b0)
mem[X,0x0000000080000EF0] -> 0x0013
mem[X,0x0000000080000EF2] -> 0x0000
[2056] [S]: 0x0006000080000EF0 (0x00000013) addi x0, x0, 0x0                        va_rvtest_code_begin+1844

mem[X,0x0000000080000EF4] -> 0x0013
mem[X,0x0000000080000EF6] -> 0x0000
[2057] [S]: 0x0006000080000EF4 (0x00000013) addi x0, x0, 0x0                        va_rvtest_code_begin+1848

clint mtime 0x0000000000000405 (mip.MTI <- 0b1, mip.STI <- 0b0)
mem[X,0x0000000080000EF8] -> 0x0113
mem[X,0x0000000080000EFA] -> 0x0000
[2058] [S]: 0x0006000080000EF8 (0x00000113) addi x2, x0, 0x0                        va_rvtest_code_begin+1852
x2 <- 0x0000000000000000

mem[X,0x0000000080000EFC] -> 0x0073
mem[X,0x0000000080000EFE] -> 0x0000
[2059] [S]: 0x0006000080000EFC (0x00000073) ecall                                   va_rvtest_code_begin+1856
trapping from S to M to handle s-call
handling exc#s-call at priv M with tval 0x0000000000000000
CSR mstatus (0x300) <- 0x0000000A00000800
CSR mcause (0x342) <- 0x0000000000000009
CSR mtval (0x343) <- 0x0000000000000000
CSR mepc (0x341) <- 0x0006000080000EFC

clint mtime 0x0000000000000406 (mip.MTI <- 0b1, mip.STI <- 0b0)
mem[X,0x0000000080001000] -> 0x006F
mem[X,0x0000000080001002] -> 0x1000
[2060] [M]: 0x0000000080001000 (0x1000006F) jal x0, 0x100                           Mtrampoline+0

mem[X,0x0000000080001100] -> 0x1173
mem[X,0x0000000080001102] -> 0x3401
[2061] [M]: 0x0000000080001100 (0x34011173) csrrw x2, mscratch, x2                  trap_Mhandler+0
CSR mscratch (0x340) <- 0x0000000000000000
x2 <- 0x0000000080004000

clint mtime 0x0000000000000407 (mip.MTI <- 0b1, mip.STI <- 0b0)
mem[X,0x0000000080001104] -> 0x3423
mem[X,0x0000000080001106] -> 0x28B1
[2062] [M]: 0x0000000080001104 (0x28B13423) sd x11, 0x288(x2)                       trap_Mhandler+4
mem[W,0x0000000080004288] <- 0x60000000000000CF

mem[X,0x0000000080001108] -> 0x05EF
mem[X,0x000000008000110A] -> 0x0B80
[2063] [M]: 0x0000000080001108 (0x0B8005EF) jal x11, 0xb8                           trap_Mhandler+8
x11 <- 0x000000008000110C

clint mtime 0x0000000000000408 (mip.MTI <- 0b1, mip.STI <- 0b0)
mem[X,0x00000000800011C0] -> 0x3023
mem[X,0x00000000800011C2] -> 0x28A1
[2064] [M]: 0x00000000800011C0 (0x28A13023) sd x10, 0x280(x2)                       common_Mhandler+0
mem[W,0x0000000080004280] <- 0x60000000000000CF

mem[X,0x00000000800011C4] -> 0x1573
mem[X,0x00000000800011C6] -> 0x3401
[2065] [M]: 0x00000000800011C4 (0x34011573) csrrw x10, mscratch, x2                 common_Mhandler+4
CSR mscratch (0x340) <- 0x0000000080004000
x10 <- 0x0000000000000000

clint mtime 0x0000000000000409 (mip.MTI <- 0b1, mip.STI <- 0b0)
mem[X,0x00000000800011C8] -> 0x3823
mem[X,0x00000000800011CA] -> 0x28A1
[2066] [M]: 0x00000000800011C8 (0x28A13823) sd x10, 0x290(x2)                       common_Mhandler+8
mem[W,0x0000000080004290] <- 0x0000000000000000

mem[X,0x00000000800011CC] -> 0x3503
mem[X,0x00000000800011CE] -> 0x2301
[2067] [M]: 0x00000000800011CC (0x23013503) ld x10, 0x230(x2)                       common_Mhandler+12
mem[R,0x0000000080004230] -> 0x00000000800011D4
x10 <- 0x00000000800011D4

clint mtime 0x000000000000040A (mip.MTI <- 0b1, mip.STI <- 0b0)
mem[X,0x00000000800011D0] -> 0x0067
mem[X,0x00000000800011D2] -> 0x0005
[2068] [M]: 0x00000000800011D0 (0x00050067) jalr x0, 0x0(x10)                       common_Mhandler+16

mem[X,0x00000000800011D4] -> 0x3C23
mem[X,0x00000000800011D6] -> 0x2691
[2069] [M]: 0x00000000800011D4 (0x26913C23) sd x9, 0x278(x2)                        common_Mentry+0
mem[W,0x0000000080004278] <- 0x00060000000000E8

clint mtime 0x000000000000040B (mip.MTI <- 0b1, mip.STI <- 0b0)
mem[X,0x00000000800011D8] -> 0x3823
mem[X,0x00000000800011DA] -> 0x2681
[2070] [M]: 0x00000000800011D8 (0x26813823) sd x8, 0x270(x2)                        common_Mentry+4
mem[W,0x0000000080004270] <- 0x0000000000007F76

mem[X,0x00000000800011DC] -> 0x3423
mem[X,0x00000000800011DE] -> 0x2671
[2071] [M]: 0x00000000800011DC (0x26713423) sd x7, 0x268(x2)                        common_Mentry+8
mem[W,0x0000000080004268] <- 0x0000000080004000

clint mtime 0x000000000000040C (mip.MTI <- 0b1, mip.STI <- 0b0)
mem[X,0x00000000800011E0] -> 0x3023
mem[X,0x00000000800011E2] -> 0x2661
[2072] [M]: 0x00000000800011E0 (0x26613023) sd x6, 0x260(x2)                        common_Mentry+12
mem[W,0x0000000080004260] <- 0xFFFFFFFF7FFFF28C

mem[X,0x00000000800011E4] -> 0x2573
mem[X,0x00000000800011E6] -> 0x3420
[2073] [M]: 0x00000000800011E4 (0x34202573) csrrs x10, mcause, x0                   spcl_M2mmode_test+0
CSR mcause (0x342) -> 0x0000000000000009
x10 <- 0x0000000000000009

clint mtime 0x000000000000040D (mip.MTI <- 0b1, mip.STI <- 0b0)
mem[X,0x00000000800011E8] -> 0x04B7
mem[X,0x00000000800011EA] -> 0x8000
[2074] [M]: 0x00000000800011E8 (0x800004B7) lui x9, -0x80000                        spcl_M2mmode_test+4
x9 <- 0xFFFFFFFF80000000

mem[X,0x00000000800011EC] -> 0x8493
mem[X,0x00000000800011EE] -> 0x0004
[2075] [M]: 0x00000000800011EC (0x00048493) addi x9, x9, 0x0                        spcl_M2mmode_test+8
x9 <- 0xFFFFFFFF80000000

clint mtime 0x000000000000040E (mip.MTI <- 0b1, mip.STI <- 0b0)
mem[X,0x00000000800011F0] -> 0x9493
mem[X,0x00000000800011F2] -> 0x00B4
[2076] [M]: 0x00000000800011F0 (0x00B49493) slli x9, x9, 0xb                        spcl_M2mmode_test+12
x9 <- 0xFFFFFC0000000000

mem[X,0x00000000800011F4] -> 0x8493
mem[X,0x00000000800011F6] -> 0x0004
[2077] [M]: 0x00000000800011F4 (0x00048493) addi x9, x9, 0x0                        spcl_M2mmode_test+16
x9 <- 0xFFFFFC0000000000

clint mtime 0x000000000000040F (mip.MTI <- 0b1, mip.STI <- 0b0)
mem[X,0x00000000800011F8] -> 0x9493
mem[X,0x00000000800011FA] -> 0x00B4
[2078] [M]: 0x00000000800011F8 (0x00B49493) slli x9, x9, 0xb                        spcl_M2mmode_test+20
x9 <- 0xFFE0000000000000

mem[X,0x00000000800011FC] -> 0x8493
mem[X,0x00000000800011FE] -> 0x0034
[2079] [M]: 0x00000000800011FC (0x00348493) addi x9, x9, 0x3                        spcl_M2mmode_test+24
x9 <- 0xFFE0000000000003

clint mtime 0x0000000000000410 (mip.MTI <- 0b1, mip.STI <- 0b0)
mem[X,0x0000000080001200] -> 0x9493
mem[X,0x0000000080001202] -> 0x00A4
[2080] [M]: 0x0000000080001200 (0x00A49493) slli x9, x9, 0xa                        spcl_M2mmode_test+28
x9 <- 0x8000000000000C00

mem[X,0x0000000080001204] -> 0x8493
mem[X,0x0000000080001206] -> 0x3FC4
[2081] [M]: 0x0000000080001204 (0x3FC48493) addi x9, x9, 0x3fc                      spcl_M2mmode_test+32
x9 <- 0x8000000000000FFC

clint mtime 0x0000000000000411 (mip.MTI <- 0b1, mip.STI <- 0b0)
mem[X,0x0000000080001208] -> 0xF4B3
mem[X,0x000000008000120A] -> 0x00A4
[2082] [M]: 0x0000000080001208 (0x00A4F4B3) and x9, x9, x10                         spcl_M2mmode_test+36
x9 <- 0x0000000000000008

mem[X,0x000000008000120C] -> 0x8493
mem[X,0x000000008000120E] -> 0xFF84
[2083] [M]: 0x000000008000120C (0xFF848493) addi x9, x9, -0x8                       spcl_M2mmode_test+40
x9 <- 0x0000000000000000

clint mtime 0x0000000000000412 (mip.MTI <- 0b1, mip.STI <- 0b0)
mem[X,0x0000000080001210] -> 0x9663
mem[X,0x0000000080001212] -> 0x0004
[2084] [M]: 0x0000000080001210 (0x00049663) bne x9, x0, 0xc                         spcl_M2mmode_test+44

mem[X,0x0000000080001214] -> 0x3383
mem[X,0x0000000080001216] -> 0x2901
[2085] [M]: 0x0000000080001214 (0x29013383) ld x7, 0x290(x2)                        spcl_M2mmode_test+48
mem[R,0x0000000080004290] -> 0x0000000000000000
x7 <- 0x0000000000000000

clint mtime 0x0000000000000413 (mip.MTI <- 0b1, mip.STI <- 0b0)
mem[X,0x0000000080001218] -> 0x8663
mem[X,0x000000008000121A] -> 0x6E03
[2086] [M]: 0x0000000080001218 (0x6E038663) beq x7, x0, 0x6ec                       spcl_M2mmode_test+52

mem[X,0x0000000080001904] -> 0x0493
mem[X,0x0000000080001906] -> 0xFF55
[2087] [M]: 0x0000000080001904 (0xFF550493) addi x9, x10, -0xb                      rtn2mmode+0
x9 <- 0xFFFFFFFFFFFFFFFE

clint mtime 0x0000000000000414 (mip.MTI <- 0b1, mip.STI <- 0b0)
mem[X,0x0000000080001908] -> 0x8C63
mem[X,0x000000008000190A] -> 0x0004
[2088] [M]: 0x0000000080001908 (0x00048C63) beq x9, x0, 0x18                        rtn2mmode+4

mem[X,0x000000008000190C] -> 0x3583
mem[X,0x000000008000190E] -> 0x4701
[2089] [M]: 0x000000008000190C (0x47013583) ld x11, 0x470(x2)                       rtn2mmode+8
mem[R,0x0000000080004470] -> 0x00060000800007BC
x11 <- 0x00060000800007BC

clint mtime 0x0000000000000415 (mip.MTI <- 0b1, mip.STI <- 0b0)
mem[X,0x0000000080001910] -> 0xD463
mem[X,0x0000000080001912] -> 0x0003
[2090] [M]: 0x0000000080001910 (0x0003D463) bge x7, x0, 0x8                         rtn2mmode+12

mem[X,0x0000000080001918] -> 0x3483
mem[X,0x000000008000191A] -> 0x1D81
[2091] [M]: 0x0000000080001918 (0x1D813483) ld x9, 0x1d8(x2)                        from_u_s+0
mem[R,0x00000000800041D8] -> 0x00000000800007D4
x9 <- 0x00000000800007D4

clint mtime 0x0000000000000416 (mip.MTI <- 0b1, mip.STI <- 0b0)
mem[X,0x000000008000191C] -> 0x84B3
mem[X,0x000000008000191E] -> 0x40B4
[2092] [M]: 0x000000008000191C (0x40B484B3) sub x9, x9, x11                         from_u_s+4
x9 <- 0xFFFA000000000018

mem[X,0x0000000080001920] -> 0x23F3
mem[X,0x0000000080001922] -> 0x3410
[2093] [M]: 0x0000000080001920 (0x341023F3) csrrs x7, mepc, x0                      rtn_fm_mmode+0
CSR mepc (0x341) -> 0x0006000080000EFC
x7 <- 0x0006000080000EFC

clint mtime 0x0000000000000417 (mip.MTI <- 0b1, mip.STI <- 0b0)
mem[X,0x0000000080001924] -> 0x83B3
mem[X,0x0000000080001926] -> 0x0093
[2094] [M]: 0x0000000080001924 (0x009383B3) add x7, x7, x9                          rtn_fm_mmode+4
x7 <- 0x0000000080000F14

mem[X,0x0000000080001928] -> 0x3303
mem[X,0x000000008000192A] -> 0x2601
[2095] [M]: 0x0000000080001928 (0x26013303) ld x6, 0x260(x2)                        rtn_fm_mmode+8
mem[R,0x0000000080004260] -> 0xFFFFFFFF7FFFF28C
x6 <- 0xFFFFFFFF7FFFF28C

clint mtime 0x0000000000000418 (mip.MTI <- 0b1, mip.STI <- 0b0)
mem[X,0x000000008000192C] -> 0x3403
mem[X,0x000000008000192E] -> 0x2701
[2096] [M]: 0x000000008000192C (0x27013403) ld x8, 0x270(x2)                        rtn_fm_mmode+12
mem[R,0x0000000080004270] -> 0x0000000000007F76
x8 <- 0x0000000000007F76

mem[X,0x0000000080001930] -> 0x3483
mem[X,0x0000000080001932] -> 0x2781
[2097] [M]: 0x0000000080001930 (0x27813483) ld x9, 0x278(x2)                        rtn_fm_mmode+16
mem[R,0x0000000080004278] -> 0x00060000000000E8
x9 <- 0x00060000000000E8

clint mtime 0x0000000000000419 (mip.MTI <- 0b1, mip.STI <- 0b0)
mem[X,0x0000000080001934] -> 0x3503
mem[X,0x0000000080001936] -> 0x2801
[2098] [M]: 0x0000000080001934 (0x28013503) ld x10, 0x280(x2)                       rtn_fm_mmode+20
mem[R,0x0000000080004280] -> 0x60000000000000CF
x10 <- 0x60000000000000CF

mem[X,0x0000000080001938] -> 0x3583
mem[X,0x000000008000193A] -> 0x2881
[2099] [M]: 0x0000000080001938 (0x28813583) ld x11, 0x288(x2)                       rtn_fm_mmode+24
mem[R,0x0000000080004288] -> 0x60000000000000CF
x11 <- 0x60000000000000CF

clint mtime 0x000000000000041A (mip.MTI <- 0b1, mip.STI <- 0b0)
mem[X,0x000000008000193C] -> 0x3103
mem[X,0x000000008000193E] -> 0x2901
[2100] [M]: 0x000000008000193C (0x29013103) ld x2, 0x290(x2)                        rtn_fm_mmode+28
mem[R,0x0000000080004290] -> 0x0000000000000000
x2 <- 0x0000000000000000

mem[X,0x0000000080001940] -> 0x8067
mem[X,0x0000000080001942] -> 0x0043
[2101] [M]: 0x0000000080001940 (0x00438067) jalr x0, 0x4(x7)                        rtn_fm_mmode+32

clint mtime 0x000000000000041B (mip.MTI <- 0b1, mip.STI <- 0b0)
mem[X,0x0000000080000F18] -> 0x0113
mem[X,0x0000000080000F1A] -> 0x0000
[2102] [M]: 0x0000000080000F18 (0x00000113) addi x2, x0, 0x0                        rvtest_code_end+0
x2 <- 0x0000000000000000

mem[X,0x0000000080000F1C] -> 0x0073
mem[X,0x0000000080000F1E] -> 0x0000
[2103] [M]: 0x0000000080000F1C (0x00000073) ecall                                   rvtest_code_end+4
trapping from M to M to handle m-call
handling exc#m-call at priv M with tval 0x0000000000000000
CSR mstatus (0x300) <- 0x0000000A00001800
CSR mcause (0x342) <- 0x000000000000000B
CSR mtval (0x343) <- 0x0000000000000000
CSR mepc (0x341) <- 0x0000000080000F1C

clint mtime 0x000000000000041C (mip.MTI <- 0b1, mip.STI <- 0b0)
mem[X,0x0000000080001000] -> 0x006F
mem[X,0x0000000080001002] -> 0x1000
[2104] [M]: 0x0000000080001000 (0x1000006F) jal x0, 0x100                           Mtrampoline+0

mem[X,0x0000000080001100] -> 0x1173
mem[X,0x0000000080001102] -> 0x3401
[2105] [M]: 0x0000000080001100 (0x34011173) csrrw x2, mscratch, x2                  trap_Mhandler+0
CSR mscratch (0x340) <- 0x0000000000000000
x2 <- 0x0000000080004000

clint mtime 0x000000000000041D (mip.MTI <- 0b1, mip.STI <- 0b0)
mem[X,0x0000000080001104] -> 0x3423
mem[X,0x0000000080001106] -> 0x28B1
[2106] [M]: 0x0000000080001104 (0x28B13423) sd x11, 0x288(x2)                       trap_Mhandler+4
mem[W,0x0000000080004288] <- 0x60000000000000CF

mem[X,0x0000000080001108] -> 0x05EF
mem[X,0x000000008000110A] -> 0x0B80
[2107] [M]: 0x0000000080001108 (0x0B8005EF) jal x11, 0xb8                           trap_Mhandler+8
x11 <- 0x000000008000110C

clint mtime 0x000000000000041E (mip.MTI <- 0b1, mip.STI <- 0b0)
mem[X,0x00000000800011C0] -> 0x3023
mem[X,0x00000000800011C2] -> 0x28A1
[2108] [M]: 0x00000000800011C0 (0x28A13023) sd x10, 0x280(x2)                       common_Mhandler+0
mem[W,0x0000000080004280] <- 0x60000000000000CF

mem[X,0x00000000800011C4] -> 0x1573
mem[X,0x00000000800011C6] -> 0x3401
[2109] [M]: 0x00000000800011C4 (0x34011573) csrrw x10, mscratch, x2                 common_Mhandler+4
CSR mscratch (0x340) <- 0x0000000080004000
x10 <- 0x0000000000000000

clint mtime 0x000000000000041F (mip.MTI <- 0b1, mip.STI <- 0b0)
mem[X,0x00000000800011C8] -> 0x3823
mem[X,0x00000000800011CA] -> 0x28A1
[2110] [M]: 0x00000000800011C8 (0x28A13823) sd x10, 0x290(x2)                       common_Mhandler+8
mem[W,0x0000000080004290] <- 0x0000000000000000

mem[X,0x00000000800011CC] -> 0x3503
mem[X,0x00000000800011CE] -> 0x2301
[2111] [M]: 0x00000000800011CC (0x23013503) ld x10, 0x230(x2)                       common_Mhandler+12
mem[R,0x0000000080004230] -> 0x00000000800011D4
x10 <- 0x00000000800011D4

clint mtime 0x0000000000000420 (mip.MTI <- 0b1, mip.STI <- 0b0)
mem[X,0x00000000800011D0] -> 0x0067
mem[X,0x00000000800011D2] -> 0x0005
[2112] [M]: 0x00000000800011D0 (0x00050067) jalr x0, 0x0(x10)                       common_Mhandler+16

mem[X,0x00000000800011D4] -> 0x3C23
mem[X,0x00000000800011D6] -> 0x2691
[2113] [M]: 0x00000000800011D4 (0x26913C23) sd x9, 0x278(x2)                        common_Mentry+0
mem[W,0x0000000080004278] <- 0x00060000000000E8

clint mtime 0x0000000000000421 (mip.MTI <- 0b1, mip.STI <- 0b0)
mem[X,0x00000000800011D8] -> 0x3823
mem[X,0x00000000800011DA] -> 0x2681
[2114] [M]: 0x00000000800011D8 (0x26813823) sd x8, 0x270(x2)                        common_Mentry+4
mem[W,0x0000000080004270] <- 0x0000000000007F76

mem[X,0x00000000800011DC] -> 0x3423
mem[X,0x00000000800011DE] -> 0x2671
[2115] [M]: 0x00000000800011DC (0x26713423) sd x7, 0x268(x2)                        common_Mentry+8
mem[W,0x0000000080004268] <- 0x0000000080000F14

clint mtime 0x0000000000000422 (mip.MTI <- 0b1, mip.STI <- 0b0)
mem[X,0x00000000800011E0] -> 0x3023
mem[X,0x00000000800011E2] -> 0x2661
[2116] [M]: 0x00000000800011E0 (0x26613023) sd x6, 0x260(x2)                        common_Mentry+12
mem[W,0x0000000080004260] <- 0xFFFFFFFF7FFFF28C

mem[X,0x00000000800011E4] -> 0x2573
mem[X,0x00000000800011E6] -> 0x3420
[2117] [M]: 0x00000000800011E4 (0x34202573) csrrs x10, mcause, x0                   spcl_M2mmode_test+0
CSR mcause (0x342) -> 0x000000000000000B
x10 <- 0x000000000000000B

clint mtime 0x0000000000000423 (mip.MTI <- 0b1, mip.STI <- 0b0)
mem[X,0x00000000800011E8] -> 0x04B7
mem[X,0x00000000800011EA] -> 0x8000
[2118] [M]: 0x00000000800011E8 (0x800004B7) lui x9, -0x80000                        spcl_M2mmode_test+4
x9 <- 0xFFFFFFFF80000000

mem[X,0x00000000800011EC] -> 0x8493
mem[X,0x00000000800011EE] -> 0x0004
[2119] [M]: 0x00000000800011EC (0x00048493) addi x9, x9, 0x0                        spcl_M2mmode_test+8
x9 <- 0xFFFFFFFF80000000

clint mtime 0x0000000000000424 (mip.MTI <- 0b1, mip.STI <- 0b0)
mem[X,0x00000000800011F0] -> 0x9493
mem[X,0x00000000800011F2] -> 0x00B4
[2120] [M]: 0x00000000800011F0 (0x00B49493) slli x9, x9, 0xb                        spcl_M2mmode_test+12
x9 <- 0xFFFFFC0000000000

mem[X,0x00000000800011F4] -> 0x8493
mem[X,0x00000000800011F6] -> 0x0004
[2121] [M]: 0x00000000800011F4 (0x00048493) addi x9, x9, 0x0                        spcl_M2mmode_test+16
x9 <- 0xFFFFFC0000000000

clint mtime 0x0000000000000425 (mip.MTI <- 0b1, mip.STI <- 0b0)
mem[X,0x00000000800011F8] -> 0x9493
mem[X,0x00000000800011FA] -> 0x00B4
[2122] [M]: 0x00000000800011F8 (0x00B49493) slli x9, x9, 0xb                        spcl_M2mmode_test+20
x9 <- 0xFFE0000000000000

mem[X,0x00000000800011FC] -> 0x8493
mem[X,0x00000000800011FE] -> 0x0034
[2123] [M]: 0x00000000800011FC (0x00348493) addi x9, x9, 0x3                        spcl_M2mmode_test+24
x9 <- 0xFFE0000000000003

clint mtime 0x0000000000000426 (mip.MTI <- 0b1, mip.STI <- 0b0)
mem[X,0x0000000080001200] -> 0x9493
mem[X,0x0000000080001202] -> 0x00A4
[2124] [M]: 0x0000000080001200 (0x00A49493) slli x9, x9, 0xa                        spcl_M2mmode_test+28
x9 <- 0x8000000000000C00

mem[X,0x0000000080001204] -> 0x8493
mem[X,0x0000000080001206] -> 0x3FC4
[2125] [M]: 0x0000000080001204 (0x3FC48493) addi x9, x9, 0x3fc                      spcl_M2mmode_test+32
x9 <- 0x8000000000000FFC

clint mtime 0x0000000000000427 (mip.MTI <- 0b1, mip.STI <- 0b0)
mem[X,0x0000000080001208] -> 0xF4B3
mem[X,0x000000008000120A] -> 0x00A4
[2126] [M]: 0x0000000080001208 (0x00A4F4B3) and x9, x9, x10                         spcl_M2mmode_test+36
x9 <- 0x0000000000000008

mem[X,0x000000008000120C] -> 0x8493
mem[X,0x000000008000120E] -> 0xFF84
[2127] [M]: 0x000000008000120C (0xFF848493) addi x9, x9, -0x8                       spcl_M2mmode_test+40
x9 <- 0x0000000000000000

clint mtime 0x0000000000000428 (mip.MTI <- 0b1, mip.STI <- 0b0)
mem[X,0x0000000080001210] -> 0x9663
mem[X,0x0000000080001212] -> 0x0004
[2128] [M]: 0x0000000080001210 (0x00049663) bne x9, x0, 0xc                         spcl_M2mmode_test+44

mem[X,0x0000000080001214] -> 0x3383
mem[X,0x0000000080001216] -> 0x2901
[2129] [M]: 0x0000000080001214 (0x29013383) ld x7, 0x290(x2)                        spcl_M2mmode_test+48
mem[R,0x0000000080004290] -> 0x0000000000000000
x7 <- 0x0000000000000000

clint mtime 0x0000000000000429 (mip.MTI <- 0b1, mip.STI <- 0b0)
mem[X,0x0000000080001218] -> 0x8663
mem[X,0x000000008000121A] -> 0x6E03
[2130] [M]: 0x0000000080001218 (0x6E038663) beq x7, x0, 0x6ec                       spcl_M2mmode_test+52

mem[X,0x0000000080001904] -> 0x0493
mem[X,0x0000000080001906] -> 0xFF55
[2131] [M]: 0x0000000080001904 (0xFF550493) addi x9, x10, -0xb                      rtn2mmode+0
x9 <- 0x0000000000000000

clint mtime 0x000000000000042A (mip.MTI <- 0b1, mip.STI <- 0b0)
mem[X,0x0000000080001908] -> 0x8C63
mem[X,0x000000008000190A] -> 0x0004
[2132] [M]: 0x0000000080001908 (0x00048C63) beq x9, x0, 0x18                        rtn2mmode+4

mem[X,0x0000000080001920] -> 0x23F3
mem[X,0x0000000080001922] -> 0x3410
[2133] [M]: 0x0000000080001920 (0x341023F3) csrrs x7, mepc, x0                      rtn_fm_mmode+0
CSR mepc (0x341) -> 0x0000000080000F1C
x7 <- 0x0000000080000F1C

clint mtime 0x000000000000042B (mip.MTI <- 0b1, mip.STI <- 0b0)
mem[X,0x0000000080001924] -> 0x83B3
mem[X,0x0000000080001926] -> 0x0093
[2134] [M]: 0x0000000080001924 (0x009383B3) add x7, x7, x9                          rtn_fm_mmode+4
x7 <- 0x0000000080000F1C

mem[X,0x0000000080001928] -> 0x3303
mem[X,0x000000008000192A] -> 0x2601
[2135] [M]: 0x0000000080001928 (0x26013303) ld x6, 0x260(x2)                        rtn_fm_mmode+8
mem[R,0x0000000080004260] -> 0xFFFFFFFF7FFFF28C
x6 <- 0xFFFFFFFF7FFFF28C

clint mtime 0x000000000000042C (mip.MTI <- 0b1, mip.STI <- 0b0)
mem[X,0x000000008000192C] -> 0x3403
mem[X,0x000000008000192E] -> 0x2701
[2136] [M]: 0x000000008000192C (0x27013403) ld x8, 0x270(x2)                        rtn_fm_mmode+12
mem[R,0x0000000080004270] -> 0x0000000000007F76
x8 <- 0x0000000000007F76

mem[X,0x0000000080001930] -> 0x3483
mem[X,0x0000000080001932] -> 0x2781
[2137] [M]: 0x0000000080001930 (0x27813483) ld x9, 0x278(x2)                        rtn_fm_mmode+16
mem[R,0x0000000080004278] -> 0x00060000000000E8
x9 <- 0x00060000000000E8

clint mtime 0x000000000000042D (mip.MTI <- 0b1, mip.STI <- 0b0)
mem[X,0x0000000080001934] -> 0x3503
mem[X,0x0000000080001936] -> 0x2801
[2138] [M]: 0x0000000080001934 (0x28013503) ld x10, 0x280(x2)                       rtn_fm_mmode+20
mem[R,0x0000000080004280] -> 0x60000000000000CF
x10 <- 0x60000000000000CF

mem[X,0x0000000080001938] -> 0x3583
mem[X,0x000000008000193A] -> 0x2881
[2139] [M]: 0x0000000080001938 (0x28813583) ld x11, 0x288(x2)                       rtn_fm_mmode+24
mem[R,0x0000000080004288] -> 0x60000000000000CF
x11 <- 0x60000000000000CF

clint mtime 0x000000000000042E (mip.MTI <- 0b1, mip.STI <- 0b0)
mem[X,0x000000008000193C] -> 0x3103
mem[X,0x000000008000193E] -> 0x2901
[2140] [M]: 0x000000008000193C (0x29013103) ld x2, 0x290(x2)                        rtn_fm_mmode+28
mem[R,0x0000000080004290] -> 0x0000000000000000
x2 <- 0x0000000000000000

mem[X,0x0000000080001940] -> 0x8067
mem[X,0x0000000080001942] -> 0x0043
[2141] [M]: 0x0000000080001940 (0x00438067) jalr x0, 0x4(x7)                        rtn_fm_mmode+32

clint mtime 0x000000000000042F (mip.MTI <- 0b1, mip.STI <- 0b0)
mem[X,0x0000000080000F20] -> 0x2373
mem[X,0x0000000080000F22] -> 0x3400
[2142] [M]: 0x0000000080000F20 (0x34002373) csrrs x6, mscratch, x0                  exit_Scleanup+0
CSR mscratch (0x340) -> 0x0000000080004000
x6 <- 0x0000000080004000

mem[X,0x0000000080000F24] -> 0x0313
mem[X,0x0000000080000F26] -> 0x2983
[2143] [M]: 0x0000000080000F24 (0x29830313) addi x6, x6, 0x298                      exit_Scleanup+4
x6 <- 0x0000000080004298

clint mtime 0x0000000000000430 (mip.MTI <- 0b1, mip.STI <- 0b0)
mem[X,0x0000000080000F28] -> 0x3383
mem[X,0x0000000080000F2A] -> 0x2383
[2144] [M]: 0x0000000080000F28 (0x23833383) ld x7, 0x238(x6)                        resto_Sedeleg+0
mem[R,0x00000000800044D0] -> 0x0000000000000000
x7 <- 0x0000000000000000

mem[X,0x0000000080000F2C] -> 0x3383
mem[X,0x0000000080000F2E] -> 0x2203
[2145] [M]: 0x0000000080000F2C (0x22033383) ld x7, 0x220(x6)                        resto_Ssatp+0
mem[R,0x00000000800044B8] -> 0x0000000000000000
x7 <- 0x0000000000000000

clint mtime 0x0000000000000431 (mip.MTI <- 0b1, mip.STI <- 0b0)
mem[X,0x0000000080000F30] -> 0x9073
mem[X,0x0000000080000F32] -> 0x1803
[2146] [M]: 0x0000000080000F30 (0x18039073) csrrw x0, satp, x7                      resto_Ssatp+4
CSR satp (0x180) <- 0x0000000000000000

mem[X,0x0000000080000F34] -> 0x3503
mem[X,0x0000000080000F36] -> 0x2503
[2147] [M]: 0x0000000080000F34 (0x25033503) ld x10, 0x250(x6)                       resto_Sscratch+0
mem[R,0x00000000800044E8] -> 0x0000000000000000
x10 <- 0x0000000000000000

clint mtime 0x0000000000000432 (mip.MTI <- 0b1, mip.STI <- 0b0)
mem[X,0x0000000080000F38] -> 0x1073
mem[X,0x0000000080000F3A] -> 0x1405
[2148] [M]: 0x0000000080000F38 (0x14051073) csrrw x0, sscratch, x10                 resto_Sscratch+4
CSR sscratch (0x140) <- 0x0000000000000000

mem[X,0x0000000080000F3C] -> 0x3483
mem[X,0x0000000080000F3E] -> 0x2483
[2149] [M]: 0x0000000080000F3C (0x24833483) ld x9, 0x248(x6)                        resto_Sxtvec+0
mem[R,0x00000000800044E0] -> 0x0000000000000000
x9 <- 0x0000000000000000

clint mtime 0x0000000000000433 (mip.MTI <- 0b1, mip.STI <- 0b0)
mem[X,0x0000000080000F40] -> 0x93F3
mem[X,0x0000000080000F42] -> 0x1054
[2150] [M]: 0x0000000080000F40 (0x105493F3) csrrw x7, stvec, x9                     resto_Sxtvec+4
CSR stvec (0x105) <- 0x0000000000000000
x7 <- 0x0000000080001980

mem[X,0x0000000080000F44] -> 0xF493
mem[X,0x0000000080000F46] -> 0xFFC4
[2151] [M]: 0x0000000080000F44 (0xFFC4F493) andi x9, x9, -0x4                       resto_Sxtvec+8
x9 <- 0x0000000000000000

clint mtime 0x0000000000000434 (mip.MTI <- 0b1, mip.STI <- 0b0)
mem[X,0x0000000080000F48] -> 0xF393
mem[X,0x0000000080000F4A] -> 0xFFC3
[2152] [M]: 0x0000000080000F48 (0xFFC3F393) andi x7, x7, -0x4                       resto_Sxtvec+12
x7 <- 0x0000000080001980

mem[X,0x0000000080000F4C] -> 0x9063
mem[X,0x0000000080000F4E] -> 0x0274
[2153] [M]: 0x0000000080000F4C (0x02749063) bne x9, x7, 0x20                        resto_Sxtvec+16

clint mtime 0x0000000000000435 (mip.MTI <- 0b1, mip.STI <- 0b0)
mem[X,0x0000000080000F6C] -> 0x2373
mem[X,0x0000000080000F6E] -> 0x3400
[2154] [M]: 0x0000000080000F6C (0x34002373) csrrs x6, mscratch, x0                  rvtest_Send+0
CSR mscratch (0x340) -> 0x0000000080004000
x6 <- 0x0000000080004000

mem[X,0x0000000080000F70] -> 0x3383
mem[X,0x0000000080000F72] -> 0x2383
[2155] [M]: 0x0000000080000F70 (0x23833383) ld x7, 0x238(x6)                        resto_Medeleg+0
mem[R,0x0000000080004238] -> 0x0000000000000000
x7 <- 0x0000000000000000

clint mtime 0x0000000000000436 (mip.MTI <- 0b1, mip.STI <- 0b0)
mem[X,0x0000000080000F74] -> 0x9073
mem[X,0x0000000080000F76] -> 0x3023
[2156] [M]: 0x0000000080000F74 (0x30239073) csrrw x0, medeleg, x7                   resto_Medeleg+4
CSR medeleg (0x302) <- 0x0000000000000000

mem[X,0x0000000080000F78] -> 0x3503
mem[X,0x0000000080000F7A] -> 0x2503
[2157] [M]: 0x0000000080000F78 (0x25033503) ld x10, 0x250(x6)                       resto_Mscratch+0
mem[R,0x0000000080004250] -> 0x0000000000000000
x10 <- 0x0000000000000000

clint mtime 0x0000000000000437 (mip.MTI <- 0b1, mip.STI <- 0b0)
mem[X,0x0000000080000F7C] -> 0x1073
mem[X,0x0000000080000F7E] -> 0x3405
[2158] [M]: 0x0000000080000F7C (0x34051073) csrrw x0, mscratch, x10                 resto_Mscratch+4
CSR mscratch (0x340) <- 0x0000000000000000

mem[X,0x0000000080000F80] -> 0x3483
mem[X,0x0000000080000F82] -> 0x2483
[2159] [M]: 0x0000000080000F80 (0x24833483) ld x9, 0x248(x6)                        resto_Mxtvec+0
mem[R,0x0000000080004248] -> 0x0000000000000000
x9 <- 0x0000000000000000

clint mtime 0x0000000000000438 (mip.MTI <- 0b1, mip.STI <- 0b0)
mem[X,0x0000000080000F84] -> 0x93F3
mem[X,0x0000000080000F86] -> 0x3054
[2160] [M]: 0x0000000080000F84 (0x305493F3) csrrw x7, mtvec, x9                     resto_Mxtvec+4
CSR mtvec (0x305) <- 0x0000000000000000
x7 <- 0x0000000080001000

mem[X,0x0000000080000F88] -> 0xF493
mem[X,0x0000000080000F8A] -> 0xFFC4
[2161] [M]: 0x0000000080000F88 (0xFFC4F493) andi x9, x9, -0x4                       resto_Mxtvec+8
x9 <- 0x0000000000000000

clint mtime 0x0000000000000439 (mip.MTI <- 0b1, mip.STI <- 0b0)
mem[X,0x0000000080000F8C] -> 0xF393
mem[X,0x0000000080000F8E] -> 0xFFC3
[2162] [M]: 0x0000000080000F8C (0xFFC3F393) andi x7, x7, -0x4                       resto_Mxtvec+12
x7 <- 0x0000000080001000

mem[X,0x0000000080000F90] -> 0x9063
mem[X,0x0000000080000F92] -> 0x0274
[2163] [M]: 0x0000000080000F90 (0x02749063) bne x9, x7, 0x20                        resto_Mxtvec+16

clint mtime 0x000000000000043A (mip.MTI <- 0b1, mip.STI <- 0b0)
mem[X,0x0000000080000FB0] -> 0x106F
mem[X,0x0000000080000FB2] -> 0x27C0
[2164] [M]: 0x0000000080000FB0 (0x27C0106F) jal x0, 0x127c                          rvtest_Mend+0

mem[X,0x000000008000222C] -> 0x0093
mem[X,0x000000008000222E] -> 0x0010
[2165] [M]: 0x000000008000222C (0x00100093) addi x1, x0, 0x1                        exit_cleanup+0
x1 <- 0x0000000000000001

clint mtime 0x000000000000043B (mip.MTI <- 0b1, mip.STI <- 0b0)
mem[X,0x0000000080002230] -> 0x1397
mem[X,0x0000000080002232] -> 0x0000
[2166] [M]: 0x0000000080002230 (0x00001397) auipc x7, 0x1                           exit_cleanup+4
x7 <- 0x0000000080003230

mem[X,0x0000000080002234] -> 0xA823
mem[X,0x0000000080002236] -> 0xDC13
[2167] [M]: 0x0000000080002234 (0xDC13A823) sw x1, -0x230(x7)                       exit_cleanup+8
htif[0x0000000080003000] <- 0x00000001
mem[W,0x0000000080003000] <- 0x00000001

clint mtime 0x000000000000043C (mip.MTI <- 0b1, mip.STI <- 0b0)
mem[X,0x0000000080002238] -> 0xF06F
mem[X,0x000000008000223A] -> 0xFF9F
[2168] [M]: 0x0000000080002238 (0xFF9FF06F) jal x0, -0x8                            exit_cleanup+12

mem[X,0x0000000080002230] -> 0x1397
mem[X,0x0000000080002232] -> 0x0000
[2169] [M]: 0x0000000080002230 (0x00001397) auipc x7, 0x1                           exit_cleanup+4
x7 <- 0x0000000080003230

clint mtime 0x000000000000043D (mip.MTI <- 0b1, mip.STI <- 0b0)
mem[X,0x0000000080002234] -> 0xA823
mem[X,0x0000000080002236] -> 0xDC13
[2170] [M]: 0x0000000080002234 (0xDC13A823) sw x1, -0x230(x7)                       exit_cleanup+8
htif[0x0000000080003000] <- 0x00000001
mem[W,0x0000000080003000] <- 0x00000001

mem[X,0x0000000080002238] -> 0xF06F
mem[X,0x000000008000223A] -> 0xFF9F
[2171] [M]: 0x0000000080002238 (0xFF9FF06F) jal x0, -0x8                            exit_cleanup+12

clint mtime 0x000000000000043E (mip.MTI <- 0b1, mip.STI <- 0b0)
mem[X,0x0000000080002230] -> 0x1397
mem[X,0x0000000080002232] -> 0x0000
[2172] [M]: 0x0000000080002230 (0x00001397) auipc x7, 0x1                           exit_cleanup+4
x7 <- 0x0000000080003230

mem[X,0x0000000080002234] -> 0xA823
mem[X,0x0000000080002236] -> 0xDC13
[2173] [M]: 0x0000000080002234 (0xDC13A823) sw x1, -0x230(x7)                       exit_cleanup+8
htif[0x0000000080003000] <- 0x00000001
htif-syscall-proxy cmd: 0x000000000001
mem[W,0x0000000080003000] <- 0x00000001

SUCCESS
clint mtime 0x000000000000043F (mip.MTI <- 0b1, mip.STI <- 0b0)
