using /opt/riscv-arch-test/riscof-plugins/rv64/riscof_work/vm_sv48/src/sv48_reserved_rsw_pte_U_mode.S/ref/Reference-sail_c_simulator.signature for test-signature output.
setting signature-granularity to 8 bytes
HTIF located at 0x80004000
begin_signature: 0x8000a110
end_signature: 0x8000a720
Entry point: 0x80000000
CSR mstatus (0x300) <- 0x0000000A00000000
CSR misa (0x301) <- 0x800000000034112F
CSR mcause (0x342) <- 0x0000000000000000
x10 <- 0x0000000000000000
x11 <- 0x0000000000001000
mem[X,0x0000000080000000] -> 0x006F
mem[X,0x0000000080000002] -> 0x4200
[0] [M]: 0x0000000080000000 (0x4200006F) jal x0, 0x420                              rvtest_entry_point+0

mem[X,0x0000000080000420] -> 0x5317
mem[X,0x0000000080000422] -> 0x0000
[1] [M]: 0x0000000080000420 (0x00005317) auipc x6, 0x5                              starting_point+0
x6 <- 0x0000000080005420

clint mtime 0x0000000000000001 (mip.MTI <- 0b1, mip.STI <- 0b0)
mem[X,0x0000000080000424] -> 0x0313
mem[X,0x0000000080000426] -> 0xBE03
[2] [M]: 0x0000000080000424 (0xBE030313) addi x6, x6, -0x420                        starting_point+4
x6 <- 0x0000000080005000

mem[X,0x0000000080000428] -> 0x0013
mem[X,0x000000008000042A] -> 0x0000
[3] [M]: 0x0000000080000428 (0x00000013) addi x0, x0, 0x0                           starting_point+8

clint mtime 0x0000000000000002 (mip.MTI <- 0b1, mip.STI <- 0b0)
mem[X,0x000000008000042C] -> 0x0013
mem[X,0x000000008000042E] -> 0x0000
[4] [M]: 0x000000008000042C (0x00000013) addi x0, x0, 0x0                           starting_point+12

mem[X,0x0000000080000430] -> 0x0013
mem[X,0x0000000080000432] -> 0x0000
[5] [M]: 0x0000000080000430 (0x00000013) addi x0, x0, 0x0                           starting_point+16

clint mtime 0x0000000000000003 (mip.MTI <- 0b1, mip.STI <- 0b0)
mem[X,0x0000000080000434] -> 0x0013
mem[X,0x0000000080000436] -> 0x0000
[6] [M]: 0x0000000080000434 (0x00000013) addi x0, x0, 0x0                           starting_point+20

mem[X,0x0000000080000438] -> 0x0013
mem[X,0x000000008000043A] -> 0x0000
[7] [M]: 0x0000000080000438 (0x00000013) addi x0, x0, 0x0                           starting_point+24

clint mtime 0x0000000000000004 (mip.MTI <- 0b1, mip.STI <- 0b0)
mem[X,0x000000008000043C] -> 0x0013
mem[X,0x000000008000043E] -> 0x0000
[8] [M]: 0x000000008000043C (0x00000013) addi x0, x0, 0x0                           starting_point+28

mem[X,0x0000000080000440] -> 0x1473
mem[X,0x0000000080000442] -> 0x3403
[9] [M]: 0x0000000080000440 (0x34031473) csrrw x8, mscratch, x6                     init_Mscratch+0
CSR mscratch (0x340) <- 0x0000000080005000
x8 <- 0x0000000000000000

clint mtime 0x0000000000000005 (mip.MTI <- 0b1, mip.STI <- 0b0)
mem[X,0x0000000080000444] -> 0x3823
mem[X,0x0000000080000446] -> 0x2483
[10] [M]: 0x0000000080000444 (0x24833823) sd x8, 0x250(x6)                          init_Mscratch+4
mem[W,0x0000000080005250] <- 0x0000000000000000

mem[X,0x0000000080000448] -> 0x0393
mem[X,0x000000008000044A] -> 0x0000
[11] [M]: 0x0000000080000448 (0x00000393) addi x7, x0, 0x0                          init_Medeleg+0
x7 <- 0x0000000000000000

clint mtime 0x0000000000000006 (mip.MTI <- 0b1, mip.STI <- 0b0)
mem[X,0x000000008000044C] -> 0x93F3
mem[X,0x000000008000044E] -> 0x3023
[12] [M]: 0x000000008000044C (0x302393F3) csrrw x7, medeleg, x7                     init_Medeleg+4
CSR medeleg (0x302) <- 0x0000000000000000
x7 <- 0x0000000000000000

mem[X,0x0000000080000450] -> 0x3C23
mem[X,0x0000000080000452] -> 0x2273
[13] [M]: 0x0000000080000450 (0x22733C23) sd x7, 0x238(x6)                          init_Medeleg+8
mem[W,0x0000000080005238] <- 0x0000000000000000

clint mtime 0x0000000000000007 (mip.MTI <- 0b1, mip.STI <- 0b0)
mem[X,0x0000000080000454] -> 0x2473
mem[X,0x0000000080000456] -> 0x3050
[14] [M]: 0x0000000080000454 (0x30502473) csrrs x8, mtvec, x0                       init_Mtvec+0
CSR mtvec (0x305) -> 0x0000000000000000
x8 <- 0x0000000000000000

mem[X,0x0000000080000458] -> 0x3423
mem[X,0x000000008000045A] -> 0x2483
[15] [M]: 0x0000000080000458 (0x24833423) sd x8, 0x248(x6)                          init_Mtvec+4
mem[W,0x0000000080005248] <- 0x0000000000000000

clint mtime 0x0000000000000008 (mip.MTI <- 0b1, mip.STI <- 0b0)
mem[X,0x000000008000045C] -> 0x7393
mem[X,0x000000008000045E] -> 0x0034
[16] [M]: 0x000000008000045C (0x00347393) andi x7, x8, 0x3                          init_Mtvec+8
x7 <- 0x0000000000000000

mem[X,0x0000000080000460] -> 0x3483
mem[X,0x0000000080000462] -> 0x2303
[17] [M]: 0x0000000080000460 (0x23033483) ld x9, 0x230(x6)                          init_Mtvec+12
mem[R,0x0000000080005230] -> 0x0000000080002554
x9 <- 0x0000000080002554

clint mtime 0x0000000000000009 (mip.MTI <- 0b1, mip.STI <- 0b0)
mem[X,0x0000000080000464] -> 0x8493
mem[X,0x0000000080000466] -> 0xE2C4
[18] [M]: 0x0000000080000464 (0xE2C48493) addi x9, x9, -0x1d4                       init_Mtvec+16
x9 <- 0x0000000080002380

mem[X,0x0000000080000468] -> 0xE3B3
mem[X,0x000000008000046A] -> 0x0074
[19] [M]: 0x0000000080000468 (0x0074E3B3) or x7, x9, x7                             init_Mtvec+20
x7 <- 0x0000000080002380

clint mtime 0x000000000000000A (mip.MTI <- 0b1, mip.STI <- 0b0)
mem[X,0x000000008000046C] -> 0x3023
mem[X,0x000000008000046E] -> 0x2473
[20] [M]: 0x000000008000046C (0x24733023) sd x7, 0x240(x6)                          init_Mtvec+24
mem[W,0x0000000080005240] <- 0x0000000080002380

mem[X,0x0000000080000470] -> 0x9073
mem[X,0x0000000080000472] -> 0x3053
[21] [M]: 0x0000000080000470 (0x30539073) csrrw x0, mtvec, x7                       init_Mtvec+28
CSR mtvec (0x305) <- 0x0000000080002380

clint mtime 0x000000000000000B (mip.MTI <- 0b1, mip.STI <- 0b0)
mem[X,0x0000000080000474] -> 0x2573
mem[X,0x0000000080000476] -> 0x3050
[22] [M]: 0x0000000080000474 (0x30502573) csrrs x10, mtvec, x0                      init_Mtvec+32
CSR mtvec (0x305) -> 0x0000000080002380
x10 <- 0x0000000080002380

mem[X,0x0000000080000478] -> 0x0663
mem[X,0x000000008000047A] -> 0x0875
[23] [M]: 0x0000000080000478 (0x08750663) beq x10, x7, 0x8c                         init_Mtvec+36

clint mtime 0x000000000000000C (mip.MTI <- 0b1, mip.STI <- 0b0)
mem[X,0x0000000080000504] -> 0x0013
mem[X,0x0000000080000506] -> 0x0000
[24] [M]: 0x0000000080000504 (0x00000013) addi x0, x0, 0x0                          rvtest_Mprolog_done+0

mem[X,0x0000000080000508] -> 0x0013
mem[X,0x000000008000050A] -> 0x0000
[25] [M]: 0x0000000080000508 (0x00000013) addi x0, x0, 0x0                          rvtest_Mprolog_done+4

clint mtime 0x000000000000000D (mip.MTI <- 0b1, mip.STI <- 0b0)
mem[X,0x000000008000050C] -> 0x0013
mem[X,0x000000008000050E] -> 0x0000
[26] [M]: 0x000000008000050C (0x00000013) addi x0, x0, 0x0                          rvtest_Mprolog_done+8

mem[X,0x0000000080000510] -> 0x0013
mem[X,0x0000000080000512] -> 0x0000
[27] [M]: 0x0000000080000510 (0x00000013) addi x0, x0, 0x0                          rvtest_Mprolog_done+12

clint mtime 0x000000000000000E (mip.MTI <- 0b1, mip.STI <- 0b0)
mem[X,0x0000000080000514] -> 0x0013
mem[X,0x0000000080000516] -> 0x0000
[28] [M]: 0x0000000080000514 (0x00000013) addi x0, x0, 0x0                          rvtest_Mprolog_done+16

mem[X,0x0000000080000518] -> 0x0013
mem[X,0x000000008000051A] -> 0x0000
[29] [M]: 0x0000000080000518 (0x00000013) addi x0, x0, 0x0                          rvtest_Mprolog_done+20

clint mtime 0x000000000000000F (mip.MTI <- 0b1, mip.STI <- 0b0)
mem[X,0x000000008000051C] -> 0x0013
mem[X,0x000000008000051E] -> 0x0000
[30] [M]: 0x000000008000051C (0x00000013) addi x0, x0, 0x0                          rvtest_Mprolog_done+24

mem[X,0x0000000080000520] -> 0x5317
mem[X,0x0000000080000522] -> 0x0000
[31] [M]: 0x0000000080000520 (0x00005317) auipc x6, 0x5                             rvtest_Mprolog_done+28
x6 <- 0x0000000080005520

clint mtime 0x0000000000000010 (mip.MTI <- 0b1, mip.STI <- 0b0)
mem[X,0x0000000080000524] -> 0x0313
mem[X,0x0000000080000526] -> 0xD783
[32] [M]: 0x0000000080000524 (0xD7830313) addi x6, x6, -0x288                       rvtest_Mprolog_done+32
x6 <- 0x0000000080005298

mem[X,0x0000000080000528] -> 0x0001
[33] [M]: 0x0000000080000528 (0x0001) c.nop                                         rvtest_Mprolog_done+36

clint mtime 0x0000000000000011 (mip.MTI <- 0b1, mip.STI <- 0b0)
mem[X,0x000000008000052A] -> 0x0013
mem[X,0x000000008000052C] -> 0x0000
[34] [M]: 0x000000008000052A (0x00000013) addi x0, x0, 0x0                          rvtest_Mprolog_done+38

mem[X,0x000000008000052E] -> 0x0013
mem[X,0x0000000080000530] -> 0x0000
[35] [M]: 0x000000008000052E (0x00000013) addi x0, x0, 0x0                          rvtest_Mprolog_done+42

clint mtime 0x0000000000000012 (mip.MTI <- 0b1, mip.STI <- 0b0)
mem[X,0x0000000080000532] -> 0x0013
mem[X,0x0000000080000534] -> 0x0000
[36] [M]: 0x0000000080000532 (0x00000013) addi x0, x0, 0x0                          rvtest_Mprolog_done+46

mem[X,0x0000000080000536] -> 0x0013
mem[X,0x0000000080000538] -> 0x0000
[37] [M]: 0x0000000080000536 (0x00000013) addi x0, x0, 0x0                          rvtest_Mprolog_done+50

clint mtime 0x0000000000000013 (mip.MTI <- 0b1, mip.STI <- 0b0)
mem[X,0x000000008000053A] -> 0x0013
mem[X,0x000000008000053C] -> 0x0000
[38] [M]: 0x000000008000053A (0x00000013) addi x0, x0, 0x0                          rvtest_Mprolog_done+54

mem[X,0x000000008000053E] -> 0x0001
[39] [M]: 0x000000008000053E (0x0001) c.nop                                         rvtest_Mprolog_done+58

clint mtime 0x0000000000000014 (mip.MTI <- 0b1, mip.STI <- 0b0)
mem[X,0x0000000080000540] -> 0x1473
mem[X,0x0000000080000542] -> 0x1403
[40] [M]: 0x0000000080000540 (0x14031473) csrrw x8, sscratch, x6                    init_Sscratch+0
CSR sscratch (0x140) <- 0x0000000080005298
x8 <- 0x0000000000000000

mem[X,0x0000000080000544] -> 0x3823
mem[X,0x0000000080000546] -> 0x2483
[41] [M]: 0x0000000080000544 (0x24833823) sd x8, 0x250(x6)                          init_Sscratch+4
mem[W,0x00000000800054E8] <- 0x0000000000000000

clint mtime 0x0000000000000015 (mip.MTI <- 0b1, mip.STI <- 0b0)
mem[X,0x0000000080000548] -> 0x0393
mem[X,0x000000008000054A] -> 0x0000
[42] [M]: 0x0000000080000548 (0x00000393) addi x7, x0, 0x0                          init_Sedeleg+0
x7 <- 0x0000000000000000

mem[X,0x000000008000054C] -> 0x3C23
mem[X,0x000000008000054E] -> 0x2273
[43] [M]: 0x000000008000054C (0x22733C23) sd x7, 0x238(x6)                          init_Sedeleg+4
mem[W,0x00000000800054D0] <- 0x0000000000000000

clint mtime 0x0000000000000016 (mip.MTI <- 0b1, mip.STI <- 0b0)
mem[X,0x0000000080000550] -> 0x0013
mem[X,0x0000000080000552] -> 0x0000
[44] [M]: 0x0000000080000550 (0x00000013) addi x0, x0, 0x0                          init_Ssatp+0

mem[X,0x0000000080000554] -> 0x0013
mem[X,0x0000000080000556] -> 0x0000
[45] [M]: 0x0000000080000554 (0x00000013) addi x0, x0, 0x0                          init_Ssatp+4

clint mtime 0x0000000000000017 (mip.MTI <- 0b1, mip.STI <- 0b0)
mem[X,0x0000000080000558] -> 0x0013
mem[X,0x000000008000055A] -> 0x0000
[46] [M]: 0x0000000080000558 (0x00000013) addi x0, x0, 0x0                          init_Ssatp+8

mem[X,0x000000008000055C] -> 0x0013
mem[X,0x000000008000055E] -> 0x0000
[47] [M]: 0x000000008000055C (0x00000013) addi x0, x0, 0x0                          init_Ssatp+12

clint mtime 0x0000000000000018 (mip.MTI <- 0b1, mip.STI <- 0b0)
mem[X,0x0000000080000560] -> 0x9497
mem[X,0x0000000080000562] -> 0x0000
[48] [M]: 0x0000000080000560 (0x00009497) auipc x9, 0x9                             init_Ssatp+16
x9 <- 0x0000000080009560

mem[X,0x0000000080000564] -> 0x8493
mem[X,0x0000000080000566] -> 0xAA04
[49] [M]: 0x0000000080000564 (0xAA048493) addi x9, x9, -0x560                       init_Ssatp+20
x9 <- 0x0000000080009000

clint mtime 0x0000000000000019 (mip.MTI <- 0b1, mip.STI <- 0b0)
mem[X,0x0000000080000568] -> 0x0001
[50] [M]: 0x0000000080000568 (0x0001) c.nop                                         init_Ssatp+24

mem[X,0x000000008000056A] -> 0x0013
mem[X,0x000000008000056C] -> 0x0000
[51] [M]: 0x000000008000056A (0x00000013) addi x0, x0, 0x0                          init_Ssatp+26

clint mtime 0x000000000000001A (mip.MTI <- 0b1, mip.STI <- 0b0)
mem[X,0x000000008000056E] -> 0x0013
mem[X,0x0000000080000570] -> 0x0000
[52] [M]: 0x000000008000056E (0x00000013) addi x0, x0, 0x0                          init_Ssatp+30

mem[X,0x0000000080000572] -> 0x0013
mem[X,0x0000000080000574] -> 0x0000
[53] [M]: 0x0000000080000572 (0x00000013) addi x0, x0, 0x0                          init_Ssatp+34

clint mtime 0x000000000000001B (mip.MTI <- 0b1, mip.STI <- 0b0)
mem[X,0x0000000080000576] -> 0x0013
mem[X,0x0000000080000578] -> 0x0000
[54] [M]: 0x0000000080000576 (0x00000013) addi x0, x0, 0x0                          init_Ssatp+38

mem[X,0x000000008000057A] -> 0x0013
mem[X,0x000000008000057C] -> 0x0000
[55] [M]: 0x000000008000057A (0x00000013) addi x0, x0, 0x0                          init_Ssatp+42

clint mtime 0x000000000000001C (mip.MTI <- 0b1, mip.STI <- 0b0)
mem[X,0x000000008000057E] -> 0x0001
[56] [M]: 0x000000008000057E (0x0001) c.nop                                         init_Ssatp+46

mem[X,0x0000000080000580] -> 0xD493
mem[X,0x0000000080000582] -> 0x00C4
[57] [M]: 0x0000000080000580 (0x00C4D493) srli x9, x9, 0xc                          init_Ssatp+48
x9 <- 0x0000000000080009

clint mtime 0x000000000000001D (mip.MTI <- 0b1, mip.STI <- 0b0)
mem[X,0x0000000080000584] -> 0x0413
mem[X,0x0000000080000586] -> 0xFFF0
[58] [M]: 0x0000000080000584 (0xFFF00413) addi x8, x0, -0x1                         init_Ssatp+52
x8 <- 0xFFFFFFFFFFFFFFFF

mem[X,0x0000000080000588] -> 0x1413
mem[X,0x000000008000058A] -> 0x03F4
[59] [M]: 0x0000000080000588 (0x03F41413) slli x8, x8, 0x3f                         init_Ssatp+56
x8 <- 0x8000000000000000

clint mtime 0x000000000000001E (mip.MTI <- 0b1, mip.STI <- 0b0)
mem[X,0x000000008000058C] -> 0xE4B3
mem[X,0x000000008000058E] -> 0x0084
[60] [M]: 0x000000008000058C (0x0084E4B3) or x9, x9, x8                             init_Ssatp+60
x9 <- 0x8000000000080009

mem[X,0x0000000080000590] -> 0x94F3
mem[X,0x0000000080000592] -> 0x1804
[61] [M]: 0x0000000080000590 (0x180494F3) csrrw x9, satp, x9                        init_Ssatp+64
CSR satp (0x180) <- 0x8000000000080009
x9 <- 0x0000000000000000

clint mtime 0x000000000000001F (mip.MTI <- 0b1, mip.STI <- 0b0)
mem[X,0x0000000080000594] -> 0x3023
mem[X,0x0000000080000596] -> 0x2293
[62] [M]: 0x0000000080000594 (0x22933023) sd x9, 0x220(x6)                          init_Ssatp+68
mem[W,0x00000000800054B8] <- 0x0000000000000000

mem[X,0x0000000080000598] -> 0x2473
mem[X,0x000000008000059A] -> 0x1050
[63] [M]: 0x0000000080000598 (0x10502473) csrrs x8, stvec, x0                       init_Stvec+0
CSR stvec (0x105) -> 0x0000000000000000
x8 <- 0x0000000000000000

clint mtime 0x0000000000000020 (mip.MTI <- 0b1, mip.STI <- 0b0)
mem[X,0x000000008000059C] -> 0x3423
mem[X,0x000000008000059E] -> 0x2483
[64] [M]: 0x000000008000059C (0x24833423) sd x8, 0x248(x6)                          init_Stvec+4
mem[W,0x00000000800054E0] <- 0x0000000000000000

mem[X,0x00000000800005A0] -> 0x7393
mem[X,0x00000000800005A2] -> 0x0034
[65] [M]: 0x00000000800005A0 (0x00347393) andi x7, x8, 0x3                          init_Stvec+8
x7 <- 0x0000000000000000

clint mtime 0x0000000000000021 (mip.MTI <- 0b1, mip.STI <- 0b0)
mem[X,0x00000000800005A4] -> 0x3483
mem[X,0x00000000800005A6] -> 0x2303
[66] [M]: 0x00000000800005A4 (0x23033483) ld x9, 0x230(x6)                          init_Stvec+12
mem[R,0x00000000800054C8] -> 0x0000000080002ED4
x9 <- 0x0000000080002ED4

mem[X,0x00000000800005A8] -> 0x8493
mem[X,0x00000000800005AA] -> 0xE2C4
[67] [M]: 0x00000000800005A8 (0xE2C48493) addi x9, x9, -0x1d4                       init_Stvec+16
x9 <- 0x0000000080002D00

clint mtime 0x0000000000000022 (mip.MTI <- 0b1, mip.STI <- 0b0)
mem[X,0x00000000800005AC] -> 0xE3B3
mem[X,0x00000000800005AE] -> 0x0074
[68] [M]: 0x00000000800005AC (0x0074E3B3) or x7, x9, x7                             init_Stvec+20
x7 <- 0x0000000080002D00

mem[X,0x00000000800005B0] -> 0x3023
mem[X,0x00000000800005B2] -> 0x2473
[69] [M]: 0x00000000800005B0 (0x24733023) sd x7, 0x240(x6)                          init_Stvec+24
mem[W,0x00000000800054D8] <- 0x0000000080002D00

clint mtime 0x0000000000000023 (mip.MTI <- 0b1, mip.STI <- 0b0)
mem[X,0x00000000800005B4] -> 0x9073
mem[X,0x00000000800005B6] -> 0x1053
[70] [M]: 0x00000000800005B4 (0x10539073) csrrw x0, stvec, x7                       init_Stvec+28
CSR stvec (0x105) <- 0x0000000080002D00

mem[X,0x00000000800005B8] -> 0x2573
mem[X,0x00000000800005BA] -> 0x1050
[71] [M]: 0x00000000800005B8 (0x10502573) csrrs x10, stvec, x0                      init_Stvec+32
CSR stvec (0x105) -> 0x0000000080002D00
x10 <- 0x0000000080002D00

clint mtime 0x0000000000000024 (mip.MTI <- 0b1, mip.STI <- 0b0)
mem[X,0x00000000800005BC] -> 0x0463
mem[X,0x00000000800005BE] -> 0x0875
[72] [M]: 0x00000000800005BC (0x08750463) beq x10, x7, 0x88                         init_Stvec+36

mem[X,0x0000000080000644] -> 0x0093
mem[X,0x0000000080000646] -> 0x0000
[73] [M]: 0x0000000080000644 (0x00000093) addi x1, x0, 0x0                          rvtest_entrypoint+0
x1 <- 0x0000000000000000

clint mtime 0x0000000000000025 (mip.MTI <- 0b1, mip.STI <- 0b0)
mem[X,0x0000000080000648] -> 0x9073
mem[X,0x000000008000064A] -> 0x3000
[74] [M]: 0x0000000080000648 (0x30009073) csrrw x0, mstatus, x1                     rvtest_entrypoint+4
CSR mstatus (0x300) <- 0x0000000A00000000

mem[X,0x000000008000064C] -> 0x9073
mem[X,0x000000008000064E] -> 0x3410
[75] [M]: 0x000000008000064C (0x34109073) csrrw x0, mepc, x1                        rvtest_entrypoint+8
CSR mepc (0x341) <- 0x0000000000000000

clint mtime 0x0000000000000026 (mip.MTI <- 0b1, mip.STI <- 0b0)
mem[X,0x0000000080000650] -> 0x9073
mem[X,0x0000000080000652] -> 0x3440
[76] [M]: 0x0000000080000650 (0x34409073) csrrw x0, mip, x1                         rvtest_entrypoint+12
CSR mip (0x344) <- 0x0000000000000080

mem[X,0x0000000080000654] -> 0x9073
mem[X,0x0000000080000656] -> 0x3430
[77] [M]: 0x0000000080000654 (0x34309073) csrrw x0, mtval, x1                       rvtest_entrypoint+16
CSR mtval (0x343) <- 0x0000000000000000

clint mtime 0x0000000000000027 (mip.MTI <- 0b1, mip.STI <- 0b0)
mem[X,0x0000000080000658] -> 0x9073
mem[X,0x000000008000065A] -> 0x3420
[78] [M]: 0x0000000080000658 (0x34209073) csrrw x0, mcause, x1                      rvtest_entrypoint+20
CSR mcause (0x342) <- 0x0000000000000000

mem[X,0x000000008000065C] -> 0x0837
mem[X,0x000000008000065E] -> 0x7D5C
[79] [M]: 0x000000008000065C (0x7D5C0837) lui x16, 0x7d5c0                          rvtest_entrypoint+24
x16 <- 0x000000007D5C0000

clint mtime 0x0000000000000028 (mip.MTI <- 0b1, mip.STI <- 0b0)
mem[X,0x0000000080000660] -> 0x0813
mem[X,0x0000000080000662] -> 0xDDB8
[80] [M]: 0x0000000080000660 (0xDDB80813) addi x16, x16, -0x225                     rvtest_entrypoint+28
x16 <- 0x000000007D5BFDDB

mem[X,0x0000000080000664] -> 0x1813
mem[X,0x0000000080000666] -> 0x00B8
[81] [M]: 0x0000000080000664 (0x00B81813) slli x16, x16, 0xb                        rvtest_entrypoint+32
x16 <- 0x000003EADFEED800

clint mtime 0x0000000000000029 (mip.MTI <- 0b1, mip.STI <- 0b0)
mem[X,0x0000000080000668] -> 0x0813
mem[X,0x000000008000066A] -> 0x3EA8
[82] [M]: 0x0000000080000668 (0x3EA80813) addi x16, x16, 0x3ea                      rvtest_entrypoint+36
x16 <- 0x000003EADFEEDBEA

mem[X,0x000000008000066C] -> 0x1813
mem[X,0x000000008000066E] -> 0x00B8
[83] [M]: 0x000000008000066C (0x00B81813) slli x16, x16, 0xb                        rvtest_entrypoint+40
x16 <- 0x001F56FF76DF5000

clint mtime 0x000000000000002A (mip.MTI <- 0b1, mip.STI <- 0b0)
mem[X,0x0000000080000670] -> 0x0813
mem[X,0x0000000080000672] -> 0x6FF8
[84] [M]: 0x0000000080000670 (0x6FF80813) addi x16, x16, 0x6ff                      rvtest_entrypoint+44
x16 <- 0x001F56FF76DF56FF

mem[X,0x0000000080000674] -> 0x1813
mem[X,0x0000000080000676] -> 0x00A8
[85] [M]: 0x0000000080000674 (0x00A81813) slli x16, x16, 0xa                        rvtest_entrypoint+48
x16 <- 0x7D5BFDDB7D5BFC00

clint mtime 0x000000000000002B (mip.MTI <- 0b1, mip.STI <- 0b0)
mem[X,0x0000000080000678] -> 0x0813
mem[X,0x000000008000067A] -> 0x1DB8
[86] [M]: 0x0000000080000678 (0x1DB80813) addi x16, x16, 0x1db                      rvtest_entrypoint+52
x16 <- 0x7D5BFDDB7D5BFDDB

mem[X,0x000000008000067C] -> 0x5893
mem[X,0x000000008000067E] -> 0x0078
[87] [M]: 0x000000008000067C (0x00785893) srli x17, x16, 0x7                        rvtest_entrypoint+56
x17 <- 0x00FAB7FBB6FAB7FB

clint mtime 0x000000000000002C (mip.MTI <- 0b1, mip.STI <- 0b0)
mem[X,0x0000000080000680] -> 0x5793
mem[X,0x0000000080000682] -> 0x0398
[88] [M]: 0x0000000080000680 (0x03985793) srli x15, x16, 0x39                       rvtest_entrypoint+60
x15 <- 0x000000000000003E

mem[X,0x0000000080000684] -> 0xE8B3
mem[X,0x0000000080000686] -> 0x00F8
[89] [M]: 0x0000000080000684 (0x00F8E8B3) or x17, x17, x15                          rvtest_entrypoint+64
x17 <- 0x00FAB7FBB6FAB7FF

clint mtime 0x000000000000002D (mip.MTI <- 0b1, mip.STI <- 0b0)
mem[X,0x0000000080000688] -> 0xD913
mem[X,0x000000008000068A] -> 0x0078
[90] [M]: 0x0000000080000688 (0x0078D913) srli x18, x17, 0x7                        rvtest_entrypoint+68
x18 <- 0x0001F56FF76DF56F

mem[X,0x000000008000068C] -> 0xD793
mem[X,0x000000008000068E] -> 0x0398
[91] [M]: 0x000000008000068C (0x0398D793) srli x15, x17, 0x39                       rvtest_entrypoint+72
x15 <- 0x0000000000000000

clint mtime 0x000000000000002E (mip.MTI <- 0b1, mip.STI <- 0b0)
mem[X,0x0000000080000690] -> 0x6933
mem[X,0x0000000080000692] -> 0x00F9
[92] [M]: 0x0000000080000690 (0x00F96933) or x18, x18, x15                          rvtest_entrypoint+76
x18 <- 0x0001F56FF76DF56F

mem[X,0x0000000080000694] -> 0x5993
mem[X,0x0000000080000696] -> 0x0079
[93] [M]: 0x0000000080000694 (0x00795993) srli x19, x18, 0x7                        rvtest_entrypoint+80
x19 <- 0x000003EADFEEDBEA

clint mtime 0x000000000000002F (mip.MTI <- 0b1, mip.STI <- 0b0)
mem[X,0x0000000080000698] -> 0x5793
mem[X,0x000000008000069A] -> 0x0399
[94] [M]: 0x0000000080000698 (0x03995793) srli x15, x18, 0x39                       rvtest_entrypoint+84
x15 <- 0x0000000000000000

mem[X,0x000000008000069C] -> 0xE9B3
mem[X,0x000000008000069E] -> 0x00F9
[95] [M]: 0x000000008000069C (0x00F9E9B3) or x19, x19, x15                          rvtest_entrypoint+88
x19 <- 0x000003EADFEEDBEA

clint mtime 0x0000000000000030 (mip.MTI <- 0b1, mip.STI <- 0b0)
mem[X,0x00000000800006A0] -> 0xDA13
mem[X,0x00000000800006A2] -> 0x0079
[96] [M]: 0x00000000800006A0 (0x0079DA13) srli x20, x19, 0x7                        rvtest_entrypoint+92
x20 <- 0x00000007D5BFDDB7

mem[X,0x00000000800006A4] -> 0xD793
mem[X,0x00000000800006A6] -> 0x0399
[97] [M]: 0x00000000800006A4 (0x0399D793) srli x15, x19, 0x39                       rvtest_entrypoint+96
x15 <- 0x0000000000000000

clint mtime 0x0000000000000031 (mip.MTI <- 0b1, mip.STI <- 0b0)
mem[X,0x00000000800006A8] -> 0x6A33
mem[X,0x00000000800006AA] -> 0x00FA
[98] [M]: 0x00000000800006A8 (0x00FA6A33) or x20, x20, x15                          rvtest_entrypoint+100
x20 <- 0x00000007D5BFDDB7

mem[X,0x00000000800006AC] -> 0x5A93
mem[X,0x00000000800006AE] -> 0x007A
[99] [M]: 0x00000000800006AC (0x007A5A93) srli x21, x20, 0x7                        rvtest_entrypoint+104
x21 <- 0x000000000FAB7FBB

clint mtime 0x0000000000000032 (mip.MTI <- 0b1, mip.STI <- 0b0)
mem[X,0x00000000800006B0] -> 0x5793
mem[X,0x00000000800006B2] -> 0x039A
[100] [M]: 0x00000000800006B0 (0x039A5793) srli x15, x20, 0x39                      rvtest_entrypoint+108
x15 <- 0x0000000000000000

mem[X,0x00000000800006B4] -> 0xEAB3
mem[X,0x00000000800006B6] -> 0x00FA
[101] [M]: 0x00000000800006B4 (0x00FAEAB3) or x21, x21, x15                         rvtest_entrypoint+112
x21 <- 0x000000000FAB7FBB

clint mtime 0x0000000000000033 (mip.MTI <- 0b1, mip.STI <- 0b0)
mem[X,0x00000000800006B8] -> 0xDB13
mem[X,0x00000000800006BA] -> 0x007A
[102] [M]: 0x00000000800006B8 (0x007ADB13) srli x22, x21, 0x7                       rvtest_entrypoint+116
x22 <- 0x00000000001F56FF

mem[X,0x00000000800006BC] -> 0xD793
mem[X,0x00000000800006BE] -> 0x039A
[103] [M]: 0x00000000800006BC (0x039AD793) srli x15, x21, 0x39                      rvtest_entrypoint+120
x15 <- 0x0000000000000000

clint mtime 0x0000000000000034 (mip.MTI <- 0b1, mip.STI <- 0b0)
mem[X,0x00000000800006C0] -> 0x6B33
mem[X,0x00000000800006C2] -> 0x00FB
[104] [M]: 0x00000000800006C0 (0x00FB6B33) or x22, x22, x15                         rvtest_entrypoint+124
x22 <- 0x00000000001F56FF

mem[X,0x00000000800006C4] -> 0x5B93
mem[X,0x00000000800006C6] -> 0x007B
[105] [M]: 0x00000000800006C4 (0x007B5B93) srli x23, x22, 0x7                       rvtest_entrypoint+128
x23 <- 0x0000000000003EAD

clint mtime 0x0000000000000035 (mip.MTI <- 0b1, mip.STI <- 0b0)
mem[X,0x00000000800006C8] -> 0x5793
mem[X,0x00000000800006CA] -> 0x039B
[106] [M]: 0x00000000800006C8 (0x039B5793) srli x15, x22, 0x39                      rvtest_entrypoint+132
x15 <- 0x0000000000000000

mem[X,0x00000000800006CC] -> 0xEBB3
mem[X,0x00000000800006CE] -> 0x00FB
[107] [M]: 0x00000000800006CC (0x00FBEBB3) or x23, x23, x15                         rvtest_entrypoint+136
x23 <- 0x0000000000003EAD

clint mtime 0x0000000000000036 (mip.MTI <- 0b1, mip.STI <- 0b0)
mem[X,0x00000000800006D0] -> 0xDC13
mem[X,0x00000000800006D2] -> 0x007B
[108] [M]: 0x00000000800006D0 (0x007BDC13) srli x24, x23, 0x7                       rvtest_entrypoint+140
x24 <- 0x000000000000007D

mem[X,0x00000000800006D4] -> 0xD793
mem[X,0x00000000800006D6] -> 0x039B
[109] [M]: 0x00000000800006D4 (0x039BD793) srli x15, x23, 0x39                      rvtest_entrypoint+144
x15 <- 0x0000000000000000

clint mtime 0x0000000000000037 (mip.MTI <- 0b1, mip.STI <- 0b0)
mem[X,0x00000000800006D8] -> 0x6C33
mem[X,0x00000000800006DA] -> 0x00FC
[110] [M]: 0x00000000800006D8 (0x00FC6C33) or x24, x24, x15                         rvtest_entrypoint+148
x24 <- 0x000000000000007D

mem[X,0x00000000800006DC] -> 0x5C93
mem[X,0x00000000800006DE] -> 0x007C
[111] [M]: 0x00000000800006DC (0x007C5C93) srli x25, x24, 0x7                       rvtest_entrypoint+152
x25 <- 0x0000000000000000

clint mtime 0x0000000000000038 (mip.MTI <- 0b1, mip.STI <- 0b0)
mem[X,0x00000000800006E0] -> 0x5793
mem[X,0x00000000800006E2] -> 0x039C
[112] [M]: 0x00000000800006E0 (0x039C5793) srli x15, x24, 0x39                      rvtest_entrypoint+156
x15 <- 0x0000000000000000

mem[X,0x00000000800006E4] -> 0xECB3
mem[X,0x00000000800006E6] -> 0x00FC
[113] [M]: 0x00000000800006E4 (0x00FCECB3) or x25, x25, x15                         rvtest_entrypoint+160
x25 <- 0x0000000000000000

clint mtime 0x0000000000000039 (mip.MTI <- 0b1, mip.STI <- 0b0)
mem[X,0x00000000800006E8] -> 0xDD13
mem[X,0x00000000800006EA] -> 0x007C
[114] [M]: 0x00000000800006E8 (0x007CDD13) srli x26, x25, 0x7                       rvtest_entrypoint+164
x26 <- 0x0000000000000000

mem[X,0x00000000800006EC] -> 0xD793
mem[X,0x00000000800006EE] -> 0x039C
[115] [M]: 0x00000000800006EC (0x039CD793) srli x15, x25, 0x39                      rvtest_entrypoint+168
x15 <- 0x0000000000000000

clint mtime 0x000000000000003A (mip.MTI <- 0b1, mip.STI <- 0b0)
mem[X,0x00000000800006F0] -> 0x6D33
mem[X,0x00000000800006F2] -> 0x00FD
[116] [M]: 0x00000000800006F0 (0x00FD6D33) or x26, x26, x15                         rvtest_entrypoint+172
x26 <- 0x0000000000000000

mem[X,0x00000000800006F4] -> 0x5D93
mem[X,0x00000000800006F6] -> 0x007D
[117] [M]: 0x00000000800006F4 (0x007D5D93) srli x27, x26, 0x7                       rvtest_entrypoint+176
x27 <- 0x0000000000000000

clint mtime 0x000000000000003B (mip.MTI <- 0b1, mip.STI <- 0b0)
mem[X,0x00000000800006F8] -> 0x5793
mem[X,0x00000000800006FA] -> 0x039D
[118] [M]: 0x00000000800006F8 (0x039D5793) srli x15, x26, 0x39                      rvtest_entrypoint+180
x15 <- 0x0000000000000000

mem[X,0x00000000800006FC] -> 0xEDB3
mem[X,0x00000000800006FE] -> 0x00FD
[119] [M]: 0x00000000800006FC (0x00FDEDB3) or x27, x27, x15                         rvtest_entrypoint+184
x27 <- 0x0000000000000000

clint mtime 0x000000000000003C (mip.MTI <- 0b1, mip.STI <- 0b0)
mem[X,0x0000000080000700] -> 0xDE13
mem[X,0x0000000080000702] -> 0x007D
[120] [M]: 0x0000000080000700 (0x007DDE13) srli x28, x27, 0x7                       rvtest_entrypoint+188
x28 <- 0x0000000000000000

mem[X,0x0000000080000704] -> 0xD793
mem[X,0x0000000080000706] -> 0x039D
[121] [M]: 0x0000000080000704 (0x039DD793) srli x15, x27, 0x39                      rvtest_entrypoint+192
x15 <- 0x0000000000000000

clint mtime 0x000000000000003D (mip.MTI <- 0b1, mip.STI <- 0b0)
mem[X,0x0000000080000708] -> 0x6E33
mem[X,0x000000008000070A] -> 0x00FE
[122] [M]: 0x0000000080000708 (0x00FE6E33) or x28, x28, x15                         rvtest_entrypoint+196
x28 <- 0x0000000000000000

mem[X,0x000000008000070C] -> 0x5E93
mem[X,0x000000008000070E] -> 0x007E
[123] [M]: 0x000000008000070C (0x007E5E93) srli x29, x28, 0x7                       rvtest_entrypoint+200
x29 <- 0x0000000000000000

clint mtime 0x000000000000003E (mip.MTI <- 0b1, mip.STI <- 0b0)
mem[X,0x0000000080000710] -> 0x5793
mem[X,0x0000000080000712] -> 0x039E
[124] [M]: 0x0000000080000710 (0x039E5793) srli x15, x28, 0x39                      rvtest_entrypoint+204
x15 <- 0x0000000000000000

mem[X,0x0000000080000714] -> 0xEEB3
mem[X,0x0000000080000716] -> 0x00FE
[125] [M]: 0x0000000080000714 (0x00FEEEB3) or x29, x29, x15                         rvtest_entrypoint+208
x29 <- 0x0000000000000000

clint mtime 0x000000000000003F (mip.MTI <- 0b1, mip.STI <- 0b0)
mem[X,0x0000000080000718] -> 0xDF13
mem[X,0x000000008000071A] -> 0x007E
[126] [M]: 0x0000000080000718 (0x007EDF13) srli x30, x29, 0x7                       rvtest_entrypoint+212
x30 <- 0x0000000000000000

mem[X,0x000000008000071C] -> 0xD793
mem[X,0x000000008000071E] -> 0x039E
[127] [M]: 0x000000008000071C (0x039ED793) srli x15, x29, 0x39                      rvtest_entrypoint+216
x15 <- 0x0000000000000000

clint mtime 0x0000000000000040 (mip.MTI <- 0b1, mip.STI <- 0b0)
mem[X,0x0000000080000720] -> 0x6F33
mem[X,0x0000000080000722] -> 0x00FF
[128] [M]: 0x0000000080000720 (0x00FF6F33) or x30, x30, x15                         rvtest_entrypoint+220
x30 <- 0x0000000000000000

mem[X,0x0000000080000724] -> 0xC0B7
mem[X,0x0000000080000726] -> 0xFEED
[129] [M]: 0x0000000080000724 (0xFEEDC0B7) lui x1, -0x1124                          rvtest_entrypoint+224
x1 <- 0xFFFFFFFFFEEDC000

clint mtime 0x0000000000000041 (mip.MTI <- 0b1, mip.STI <- 0b0)
mem[X,0x0000000080000728] -> 0x8093
mem[X,0x000000008000072A] -> 0xEAD0
[130] [M]: 0x0000000080000728 (0xEAD08093) addi x1, x1, -0x153                      rvtest_entrypoint+228
x1 <- 0xFFFFFFFFFEEDBEAD

mem[X,0x000000008000072C] -> 0x9093
mem[X,0x000000008000072E] -> 0x00B0
[131] [M]: 0x000000008000072C (0x00B09093) slli x1, x1, 0xb                         rvtest_entrypoint+232
x1 <- 0xFFFFFFF76DF56800

clint mtime 0x0000000000000042 (mip.MTI <- 0b1, mip.STI <- 0b0)
mem[X,0x0000000080000730] -> 0x8093
mem[X,0x0000000080000732] -> 0x7F70
[132] [M]: 0x0000000080000730 (0x7F708093) addi x1, x1, 0x7f7                       rvtest_entrypoint+236
x1 <- 0xFFFFFFF76DF56FF7

mem[X,0x0000000080000734] -> 0x9093
mem[X,0x0000000080000736] -> 0x00B0
[133] [M]: 0x0000000080000734 (0x00B09093) slli x1, x1, 0xb                         rvtest_entrypoint+240
x1 <- 0xFFFFBB6FAB7FB800

clint mtime 0x0000000000000043 (mip.MTI <- 0b1, mip.STI <- 0b0)
mem[X,0x0000000080000738] -> 0x8093
mem[X,0x000000008000073A] -> 0x36F0
[134] [M]: 0x0000000080000738 (0x36F08093) addi x1, x1, 0x36f                       rvtest_entrypoint+244
x1 <- 0xFFFFBB6FAB7FBB6F

mem[X,0x000000008000073C] -> 0x9093
mem[X,0x000000008000073E] -> 0x00A0
[135] [M]: 0x000000008000073C (0x00A09093) slli x1, x1, 0xa                         rvtest_entrypoint+248
x1 <- 0xFEEDBEADFEEDBC00

clint mtime 0x0000000000000044 (mip.MTI <- 0b1, mip.STI <- 0b0)
mem[X,0x0000000080000740] -> 0x8093
mem[X,0x0000000080000742] -> 0x2AD0
[136] [M]: 0x0000000080000740 (0x2AD08093) addi x1, x1, 0x2ad                       rvtest_entrypoint+252
x1 <- 0xFEEDBEADFEEDBEAD

mem[X,0x0000000080000744] -> 0xD113
mem[X,0x0000000080000746] -> 0x0070
[137] [M]: 0x0000000080000744 (0x0070D113) srli x2, x1, 0x7                         rvtest_entrypoint+256
x2 <- 0x01FDDB7D5BFDDB7D

clint mtime 0x0000000000000045 (mip.MTI <- 0b1, mip.STI <- 0b0)
mem[X,0x0000000080000748] -> 0xD793
mem[X,0x000000008000074A] -> 0x0390
[138] [M]: 0x0000000080000748 (0x0390D793) srli x15, x1, 0x39                       rvtest_entrypoint+260
x15 <- 0x000000000000007F

mem[X,0x000000008000074C] -> 0x6133
mem[X,0x000000008000074E] -> 0x00F1
[139] [M]: 0x000000008000074C (0x00F16133) or x2, x2, x15                           rvtest_entrypoint+264
x2 <- 0x01FDDB7D5BFDDB7F

clint mtime 0x0000000000000046 (mip.MTI <- 0b1, mip.STI <- 0b0)
mem[X,0x0000000080000750] -> 0x5193
mem[X,0x0000000080000752] -> 0x0071
[140] [M]: 0x0000000080000750 (0x00715193) srli x3, x2, 0x7                         rvtest_entrypoint+268
x3 <- 0x0003FBB6FAB7FBB6

mem[X,0x0000000080000754] -> 0x5793
mem[X,0x0000000080000756] -> 0x0391
[141] [M]: 0x0000000080000754 (0x03915793) srli x15, x2, 0x39                       rvtest_entrypoint+272
x15 <- 0x0000000000000000

clint mtime 0x0000000000000047 (mip.MTI <- 0b1, mip.STI <- 0b0)
mem[X,0x0000000080000758] -> 0xE1B3
mem[X,0x000000008000075A] -> 0x00F1
[142] [M]: 0x0000000080000758 (0x00F1E1B3) or x3, x3, x15                           rvtest_entrypoint+276
x3 <- 0x0003FBB6FAB7FBB6

mem[X,0x000000008000075C] -> 0xD213
mem[X,0x000000008000075E] -> 0x0071
[143] [M]: 0x000000008000075C (0x0071D213) srli x4, x3, 0x7                         rvtest_entrypoint+280
x4 <- 0x000007F76DF56FF7

clint mtime 0x0000000000000048 (mip.MTI <- 0b1, mip.STI <- 0b0)
mem[X,0x0000000080000760] -> 0xD793
mem[X,0x0000000080000762] -> 0x0391
[144] [M]: 0x0000000080000760 (0x0391D793) srli x15, x3, 0x39                       rvtest_entrypoint+284
x15 <- 0x0000000000000000

mem[X,0x0000000080000764] -> 0x6233
mem[X,0x0000000080000766] -> 0x00F2
[145] [M]: 0x0000000080000764 (0x00F26233) or x4, x4, x15                           rvtest_entrypoint+288
x4 <- 0x000007F76DF56FF7

clint mtime 0x0000000000000049 (mip.MTI <- 0b1, mip.STI <- 0b0)
mem[X,0x0000000080000768] -> 0x5293
mem[X,0x000000008000076A] -> 0x0072
[146] [M]: 0x0000000080000768 (0x00725293) srli x5, x4, 0x7                         rvtest_entrypoint+292
x5 <- 0x0000000FEEDBEADF

mem[X,0x000000008000076C] -> 0x5793
mem[X,0x000000008000076E] -> 0x0392
[147] [M]: 0x000000008000076C (0x03925793) srli x15, x4, 0x39                       rvtest_entrypoint+296
x15 <- 0x0000000000000000

clint mtime 0x000000000000004A (mip.MTI <- 0b1, mip.STI <- 0b0)
mem[X,0x0000000080000770] -> 0xE2B3
mem[X,0x0000000080000772] -> 0x00F2
[148] [M]: 0x0000000080000770 (0x00F2E2B3) or x5, x5, x15                           rvtest_entrypoint+300
x5 <- 0x0000000FEEDBEADF

mem[X,0x0000000080000774] -> 0xD313
mem[X,0x0000000080000776] -> 0x0072
[149] [M]: 0x0000000080000774 (0x0072D313) srli x6, x5, 0x7                         rvtest_entrypoint+304
x6 <- 0x000000001FDDB7D5

clint mtime 0x000000000000004B (mip.MTI <- 0b1, mip.STI <- 0b0)
mem[X,0x0000000080000778] -> 0xD793
mem[X,0x000000008000077A] -> 0x0392
[150] [M]: 0x0000000080000778 (0x0392D793) srli x15, x5, 0x39                       rvtest_entrypoint+308
x15 <- 0x0000000000000000

mem[X,0x000000008000077C] -> 0x6333
mem[X,0x000000008000077E] -> 0x00F3
[151] [M]: 0x000000008000077C (0x00F36333) or x6, x6, x15                           rvtest_entrypoint+312
x6 <- 0x000000001FDDB7D5

clint mtime 0x000000000000004C (mip.MTI <- 0b1, mip.STI <- 0b0)
mem[X,0x0000000080000780] -> 0x5393
mem[X,0x0000000080000782] -> 0x0073
[152] [M]: 0x0000000080000780 (0x00735393) srli x7, x6, 0x7                         rvtest_entrypoint+316
x7 <- 0x00000000003FBB6F

mem[X,0x0000000080000784] -> 0x5793
mem[X,0x0000000080000786] -> 0x0393
[153] [M]: 0x0000000080000784 (0x03935793) srli x15, x6, 0x39                       rvtest_entrypoint+320
x15 <- 0x0000000000000000

clint mtime 0x000000000000004D (mip.MTI <- 0b1, mip.STI <- 0b0)
mem[X,0x0000000080000788] -> 0xE3B3
mem[X,0x000000008000078A] -> 0x00F3
[154] [M]: 0x0000000080000788 (0x00F3E3B3) or x7, x7, x15                           rvtest_entrypoint+324
x7 <- 0x00000000003FBB6F

mem[X,0x000000008000078C] -> 0xD413
mem[X,0x000000008000078E] -> 0x0073
[155] [M]: 0x000000008000078C (0x0073D413) srli x8, x7, 0x7                         rvtest_entrypoint+328
x8 <- 0x0000000000007F76

clint mtime 0x000000000000004E (mip.MTI <- 0b1, mip.STI <- 0b0)
mem[X,0x0000000080000790] -> 0xD793
mem[X,0x0000000080000792] -> 0x0393
[156] [M]: 0x0000000080000790 (0x0393D793) srli x15, x7, 0x39                       rvtest_entrypoint+332
x15 <- 0x0000000000000000

mem[X,0x0000000080000794] -> 0x6433
mem[X,0x0000000080000796] -> 0x00F4
[157] [M]: 0x0000000080000794 (0x00F46433) or x8, x8, x15                           rvtest_entrypoint+336
x8 <- 0x0000000000007F76

clint mtime 0x000000000000004F (mip.MTI <- 0b1, mip.STI <- 0b0)
mem[X,0x0000000080000798] -> 0x5493
mem[X,0x000000008000079A] -> 0x0074
[158] [M]: 0x0000000080000798 (0x00745493) srli x9, x8, 0x7                         rvtest_entrypoint+340
x9 <- 0x00000000000000FE

mem[X,0x000000008000079C] -> 0x5793
mem[X,0x000000008000079E] -> 0x0394
[159] [M]: 0x000000008000079C (0x03945793) srli x15, x8, 0x39                       rvtest_entrypoint+344
x15 <- 0x0000000000000000

clint mtime 0x0000000000000050 (mip.MTI <- 0b1, mip.STI <- 0b0)
mem[X,0x00000000800007A0] -> 0xE4B3
mem[X,0x00000000800007A2] -> 0x00F4
[160] [M]: 0x00000000800007A0 (0x00F4E4B3) or x9, x9, x15                           rvtest_entrypoint+348
x9 <- 0x00000000000000FE

mem[X,0x00000000800007A4] -> 0xD513
mem[X,0x00000000800007A6] -> 0x0074
[161] [M]: 0x00000000800007A4 (0x0074D513) srli x10, x9, 0x7                        rvtest_entrypoint+352
x10 <- 0x0000000000000001

clint mtime 0x0000000000000051 (mip.MTI <- 0b1, mip.STI <- 0b0)
mem[X,0x00000000800007A8] -> 0xD793
mem[X,0x00000000800007AA] -> 0x0394
[162] [M]: 0x00000000800007A8 (0x0394D793) srli x15, x9, 0x39                       rvtest_entrypoint+356
x15 <- 0x0000000000000000

mem[X,0x00000000800007AC] -> 0x6533
mem[X,0x00000000800007AE] -> 0x00F5
[163] [M]: 0x00000000800007AC (0x00F56533) or x10, x10, x15                         rvtest_entrypoint+360
x10 <- 0x0000000000000001

clint mtime 0x0000000000000052 (mip.MTI <- 0b1, mip.STI <- 0b0)
mem[X,0x00000000800007B0] -> 0x5593
mem[X,0x00000000800007B2] -> 0x0075
[164] [M]: 0x00000000800007B0 (0x00755593) srli x11, x10, 0x7                       rvtest_entrypoint+364
x11 <- 0x0000000000000000

mem[X,0x00000000800007B4] -> 0x5793
mem[X,0x00000000800007B6] -> 0x0395
[165] [M]: 0x00000000800007B4 (0x03955793) srli x15, x10, 0x39                      rvtest_entrypoint+368
x15 <- 0x0000000000000000

clint mtime 0x0000000000000053 (mip.MTI <- 0b1, mip.STI <- 0b0)
mem[X,0x00000000800007B8] -> 0xE5B3
mem[X,0x00000000800007BA] -> 0x00F5
[166] [M]: 0x00000000800007B8 (0x00F5E5B3) or x11, x11, x15                         rvtest_entrypoint+372
x11 <- 0x0000000000000000

mem[X,0x00000000800007BC] -> 0xD613
mem[X,0x00000000800007BE] -> 0x0075
[167] [M]: 0x00000000800007BC (0x0075D613) srli x12, x11, 0x7                       rvtest_entrypoint+376
x12 <- 0x0000000000000000

clint mtime 0x0000000000000054 (mip.MTI <- 0b1, mip.STI <- 0b0)
mem[X,0x00000000800007C0] -> 0xD793
mem[X,0x00000000800007C2] -> 0x0395
[168] [M]: 0x00000000800007C0 (0x0395D793) srli x15, x11, 0x39                      rvtest_entrypoint+380
x15 <- 0x0000000000000000

mem[X,0x00000000800007C4] -> 0x6633
mem[X,0x00000000800007C6] -> 0x00F6
[169] [M]: 0x00000000800007C4 (0x00F66633) or x12, x12, x15                         rvtest_entrypoint+384
x12 <- 0x0000000000000000

clint mtime 0x0000000000000055 (mip.MTI <- 0b1, mip.STI <- 0b0)
mem[X,0x00000000800007C8] -> 0x5693
mem[X,0x00000000800007CA] -> 0x0076
[170] [M]: 0x00000000800007C8 (0x00765693) srli x13, x12, 0x7                       rvtest_entrypoint+388
x13 <- 0x0000000000000000

mem[X,0x00000000800007CC] -> 0x5793
mem[X,0x00000000800007CE] -> 0x0396
[171] [M]: 0x00000000800007CC (0x03965793) srli x15, x12, 0x39                      rvtest_entrypoint+392
x15 <- 0x0000000000000000

clint mtime 0x0000000000000056 (mip.MTI <- 0b1, mip.STI <- 0b0)
mem[X,0x00000000800007D0] -> 0xE6B3
mem[X,0x00000000800007D2] -> 0x00F6
[172] [M]: 0x00000000800007D0 (0x00F6E6B3) or x13, x13, x15                         rvtest_entrypoint+396
x13 <- 0x0000000000000000

mem[X,0x00000000800007D4] -> 0x0013
mem[X,0x00000000800007D6] -> 0x0000
[173] [M]: 0x00000000800007D4 (0x00000013) addi x0, x0, 0x0                         rvtest_code_begin+0

clint mtime 0x0000000000000057 (mip.MTI <- 0b1, mip.STI <- 0b0)
mem[X,0x00000000800007D8] -> 0x0013
mem[X,0x00000000800007DA] -> 0x0000
[174] [M]: 0x00000000800007D8 (0x00000013) addi x0, x0, 0x0                         rvtest_code_begin+4

mem[X,0x00000000800007DC] -> 0x0013
mem[X,0x00000000800007DE] -> 0x0000
[175] [M]: 0x00000000800007DC (0x00000013) addi x0, x0, 0x0                         rvtest_code_begin+8

clint mtime 0x0000000000000058 (mip.MTI <- 0b1, mip.STI <- 0b0)
mem[X,0x00000000800007E0] -> 0xA697
mem[X,0x00000000800007E2] -> 0x0000
[176] [M]: 0x00000000800007E0 (0x0000A697) auipc x13, 0xa                           rvtest_code_begin+12
x13 <- 0x000000008000A7E0

mem[X,0x00000000800007E4] -> 0x8693
mem[X,0x00000000800007E6] -> 0x9386
[177] [M]: 0x00000000800007E4 (0x93868693) addi x13, x13, -0x6c8                    rvtest_code_begin+16
x13 <- 0x000000008000A118

clint mtime 0x0000000000000059 (mip.MTI <- 0b1, mip.STI <- 0b0)
mem[X,0x00000000800007E8] -> 0x0001
[178] [M]: 0x00000000800007E8 (0x0001) c.nop                                        rvtest_code_begin+20

mem[X,0x00000000800007EA] -> 0x0013
mem[X,0x00000000800007EC] -> 0x0000
[179] [M]: 0x00000000800007EA (0x00000013) addi x0, x0, 0x0                         rvtest_code_begin+22

clint mtime 0x000000000000005A (mip.MTI <- 0b1, mip.STI <- 0b0)
mem[X,0x00000000800007EE] -> 0x0013
mem[X,0x00000000800007F0] -> 0x0000
[180] [M]: 0x00000000800007EE (0x00000013) addi x0, x0, 0x0                         rvtest_code_begin+26

mem[X,0x00000000800007F2] -> 0x0013
mem[X,0x00000000800007F4] -> 0x0000
[181] [M]: 0x00000000800007F2 (0x00000013) addi x0, x0, 0x0                         rvtest_code_begin+30

clint mtime 0x000000000000005B (mip.MTI <- 0b1, mip.STI <- 0b0)
mem[X,0x00000000800007F6] -> 0x0013
mem[X,0x00000000800007F8] -> 0x0000
[182] [M]: 0x00000000800007F6 (0x00000013) addi x0, x0, 0x0                         rvtest_code_begin+34

mem[X,0x00000000800007FA] -> 0x0013
mem[X,0x00000000800007FC] -> 0x0000
[183] [M]: 0x00000000800007FA (0x00000013) addi x0, x0, 0x0                         rvtest_code_begin+38

clint mtime 0x000000000000005C (mip.MTI <- 0b1, mip.STI <- 0b0)
mem[X,0x00000000800007FE] -> 0x0001
[184] [M]: 0x00000000800007FE (0x0001) c.nop                                        rvtest_code_begin+42

mem[X,0x0000000080000800] -> 0xD737
mem[X,0x0000000080000802] -> 0x0000
[185] [M]: 0x0000000080000800 (0x0000D737) lui x14, 0xd                             main+0
x14 <- 0x000000000000D000

clint mtime 0x000000000000005D (mip.MTI <- 0b1, mip.STI <- 0b0)
mem[X,0x0000000080000804] -> 0x071B
mem[X,0x0000000080000806] -> 0xEED7
[186] [M]: 0x0000000080000804 (0xEED7071B) addiw x14, x14, -0x113                   main+4
x14 <- 0x000000000000CEED

mem[X,0x0000000080000808] -> 0xB023
mem[X,0x000000008000080A] -> 0x00E6
[187] [M]: 0x0000000080000808 (0x00E6B023) sd x14, 0x0(x13)                         main+8
mem[W,0x000000008000A118] <- 0x000000000000CEED

clint mtime 0x000000000000005E (mip.MTI <- 0b1, mip.STI <- 0b0)
mem[X,0x000000008000080C] -> 0xC737
mem[X,0x000000008000080E] -> 0x0000
[188] [M]: 0x000000008000080C (0x0000C737) lui x14, 0xc                             main+12
x14 <- 0x000000000000C000

mem[X,0x0000000080000810] -> 0x071B
mem[X,0x0000000080000812] -> 0xEED7
[189] [M]: 0x0000000080000810 (0xEED7071B) addiw x14, x14, -0x113                   main+16
x14 <- 0x000000000000BEED

clint mtime 0x000000000000005F (mip.MTI <- 0b1, mip.STI <- 0b0)
mem[X,0x0000000080000814] -> 0xB423
mem[X,0x0000000080000816] -> 0x00E6
[190] [M]: 0x0000000080000814 (0x00E6B423) sd x14, 0x8(x13)                         main+20
mem[W,0x000000008000A120] <- 0x000000000000BEED

mem[X,0x0000000080000818] -> 0x0393
mem[X,0x000000008000081A] -> 0xFFF0
[191] [M]: 0x0000000080000818 (0xFFF00393) addi x7, x0, -0x1                        main+24
x7 <- 0xFFFFFFFFFFFFFFFF

clint mtime 0x0000000000000060 (mip.MTI <- 0b1, mip.STI <- 0b0)
mem[X,0x000000008000081C] -> 0x9073
mem[X,0x000000008000081E] -> 0x3B03
[192] [M]: 0x000000008000081C (0x3B039073) csrrw x0, pmpaddr0, x7                   main+28
CSR pmpaddr0 (0x3B0) <- 0x003FFFFFFFFFFFFF

mem[X,0x0000000080000820] -> 0x0393
mem[X,0x0000000080000822] -> 0x00F0
[193] [M]: 0x0000000080000820 (0x00F00393) addi x7, x0, 0xf                         main+32
x7 <- 0x000000000000000F

clint mtime 0x0000000000000061 (mip.MTI <- 0b1, mip.STI <- 0b0)
mem[X,0x0000000080000824] -> 0x9073
mem[X,0x0000000080000826] -> 0x3A03
[194] [M]: 0x0000000080000824 (0x3A039073) csrrw x0, pmpcfg0, x7                    main+36
CSR pmpcfg0 (0x3A0) <- 0x000000000000000F

mem[X,0x0000000080000828] -> 0x0073
mem[X,0x000000008000082A] -> 0x1200
[195] [M]: 0x0000000080000828 (0x12000073) sfence.vma x0, x0                        main+40

clint mtime 0x0000000000000062 (mip.MTI <- 0b1, mip.STI <- 0b0)
mem[X,0x000000008000082C] -> 0x1073
mem[X,0x000000008000082E] -> 0x1800
[196] [M]: 0x000000008000082C (0x18001073) csrrw x0, satp, x0                       main+44
CSR satp (0x180) <- 0x0000000000000000

mem[X,0x0000000080000830] -> 0x0013
mem[X,0x0000000080000832] -> 0x0000
[197] [M]: 0x0000000080000830 (0x00000013) addi x0, x0, 0x0                         main+48

clint mtime 0x0000000000000063 (mip.MTI <- 0b1, mip.STI <- 0b0)
mem[X,0x0000000080000834] -> 0x0013
mem[X,0x0000000080000836] -> 0x0000
[198] [M]: 0x0000000080000834 (0x00000013) addi x0, x0, 0x0                         main+52

mem[X,0x0000000080000838] -> 0x0013
mem[X,0x000000008000083A] -> 0x0000
[199] [M]: 0x0000000080000838 (0x00000013) addi x0, x0, 0x0                         main+56

clint mtime 0x0000000000000064 (mip.MTI <- 0b1, mip.STI <- 0b0)
mem[X,0x000000008000083C] -> 0x0013
mem[X,0x000000008000083E] -> 0x0000
[200] [M]: 0x000000008000083C (0x00000013) addi x0, x0, 0x0                         main+60

mem[X,0x0000000080000840] -> 0x051B
mem[X,0x0000000080000842] -> 0x0000
[201] [M]: 0x0000000080000840 (0x0000051B) addiw x10, x0, 0x0                       main+64
x10 <- 0x0000000000000000

clint mtime 0x0000000000000065 (mip.MTI <- 0b1, mip.STI <- 0b0)
mem[X,0x0000000080000844] -> 0x0001
[202] [M]: 0x0000000080000844 (0x0001) c.nop                                        main+68

mem[X,0x0000000080000846] -> 0x0013
mem[X,0x0000000080000848] -> 0x0000
[203] [M]: 0x0000000080000846 (0x00000013) addi x0, x0, 0x0                         main+70

clint mtime 0x0000000000000066 (mip.MTI <- 0b1, mip.STI <- 0b0)
mem[X,0x000000008000084A] -> 0x0013
mem[X,0x000000008000084C] -> 0x0000
[204] [M]: 0x000000008000084A (0x00000013) addi x0, x0, 0x0                         main+74

mem[X,0x000000008000084E] -> 0x0013
mem[X,0x0000000080000850] -> 0x0000
[205] [M]: 0x000000008000084E (0x00000013) addi x0, x0, 0x0                         main+78

clint mtime 0x0000000000000067 (mip.MTI <- 0b1, mip.STI <- 0b0)
mem[X,0x0000000080000852] -> 0x0013
mem[X,0x0000000080000854] -> 0x0000
[206] [M]: 0x0000000080000852 (0x00000013) addi x0, x0, 0x0                         main+82

mem[X,0x0000000080000856] -> 0x0013
mem[X,0x0000000080000858] -> 0x0000
[207] [M]: 0x0000000080000856 (0x00000013) addi x0, x0, 0x0                         main+86

clint mtime 0x0000000000000068 (mip.MTI <- 0b1, mip.STI <- 0b0)
mem[X,0x000000008000085A] -> 0x0013
mem[X,0x000000008000085C] -> 0x0000
[208] [M]: 0x000000008000085A (0x00000013) addi x0, x0, 0x0                         main+90

mem[X,0x000000008000085E] -> 0x0001
[209] [M]: 0x000000008000085E (0x0001) c.nop                                        main+94

clint mtime 0x0000000000000069 (mip.MTI <- 0b1, mip.STI <- 0b0)
mem[X,0x0000000080000860] -> 0x0593
mem[X,0x0000000080000862] -> 0x0DB0
[210] [M]: 0x0000000080000860 (0x0DB00593) addi x11, x0, 0xdb                       main+96
x11 <- 0x00000000000000DB

mem[X,0x0000000080000864] -> 0x5513
mem[X,0x0000000080000866] -> 0x00C5
[211] [M]: 0x0000000080000864 (0x00C55513) srli x10, x10, 0xc                       main+100
x10 <- 0x0000000000000000

clint mtime 0x000000000000006A (mip.MTI <- 0b1, mip.STI <- 0b0)
mem[X,0x0000000080000868] -> 0x1513
mem[X,0x000000008000086A] -> 0x00A5
[212] [M]: 0x0000000080000868 (0x00A51513) slli x10, x10, 0xa                       main+104
x10 <- 0x0000000000000000

mem[X,0x000000008000086C] -> 0x6533
mem[X,0x000000008000086E] -> 0x00B5
[213] [M]: 0x000000008000086C (0x00B56533) or x10, x10, x11                         main+108
x10 <- 0x00000000000000DB

clint mtime 0x000000000000006B (mip.MTI <- 0b1, mip.STI <- 0b0)
mem[X,0x0000000080000870] -> 0x0013
mem[X,0x0000000080000872] -> 0x0000
[214] [M]: 0x0000000080000870 (0x00000013) addi x0, x0, 0x0                         main+112

mem[X,0x0000000080000874] -> 0x0013
mem[X,0x0000000080000876] -> 0x0000
[215] [M]: 0x0000000080000874 (0x00000013) addi x0, x0, 0x0                         main+116

clint mtime 0x000000000000006C (mip.MTI <- 0b1, mip.STI <- 0b0)
mem[X,0x0000000080000878] -> 0x0013
mem[X,0x000000008000087A] -> 0x0000
[216] [M]: 0x0000000080000878 (0x00000013) addi x0, x0, 0x0                         main+120

mem[X,0x000000008000087C] -> 0x0013
mem[X,0x000000008000087E] -> 0x0000
[217] [M]: 0x000000008000087C (0x00000013) addi x0, x0, 0x0                         main+124

clint mtime 0x000000000000006D (mip.MTI <- 0b1, mip.STI <- 0b0)
mem[X,0x0000000080000880] -> 0x8317
mem[X,0x0000000080000882] -> 0x0000
[218] [M]: 0x0000000080000880 (0x00008317) auipc x6, 0x8                            main+128
x6 <- 0x0000000080008880

mem[X,0x0000000080000884] -> 0x0313
mem[X,0x0000000080000886] -> 0x7803
[219] [M]: 0x0000000080000884 (0x78030313) addi x6, x6, 0x780                       main+132
x6 <- 0x0000000080009000

clint mtime 0x000000000000006E (mip.MTI <- 0b1, mip.STI <- 0b0)
mem[X,0x0000000080000888] -> 0x0001
[220] [M]: 0x0000000080000888 (0x0001) c.nop                                        main+136

mem[X,0x000000008000088A] -> 0x0013
mem[X,0x000000008000088C] -> 0x0000
[221] [M]: 0x000000008000088A (0x00000013) addi x0, x0, 0x0                         main+138

clint mtime 0x000000000000006F (mip.MTI <- 0b1, mip.STI <- 0b0)
mem[X,0x000000008000088E] -> 0x0013
mem[X,0x0000000080000890] -> 0x0000
[222] [M]: 0x000000008000088E (0x00000013) addi x0, x0, 0x0                         main+142

mem[X,0x0000000080000892] -> 0x0013
mem[X,0x0000000080000894] -> 0x0000
[223] [M]: 0x0000000080000892 (0x00000013) addi x0, x0, 0x0                         main+146

clint mtime 0x0000000000000070 (mip.MTI <- 0b1, mip.STI <- 0b0)
mem[X,0x0000000080000896] -> 0x0013
mem[X,0x0000000080000898] -> 0x0000
[224] [M]: 0x0000000080000896 (0x00000013) addi x0, x0, 0x0                         main+150

mem[X,0x000000008000089A] -> 0x0013
mem[X,0x000000008000089C] -> 0x0000
[225] [M]: 0x000000008000089A (0x00000013) addi x0, x0, 0x0                         main+154

clint mtime 0x0000000000000071 (mip.MTI <- 0b1, mip.STI <- 0b0)
mem[X,0x000000008000089E] -> 0x0001
[226] [M]: 0x000000008000089E (0x0001) c.nop                                        main+158

mem[X,0x00000000800008A0] -> 0x0293
mem[X,0x00000000800008A2] -> 0x0300
[227] [M]: 0x00000000800008A0 (0x03000293) addi x5, x0, 0x30                        main+160
x5 <- 0x0000000000000030

clint mtime 0x0000000000000072 (mip.MTI <- 0b1, mip.STI <- 0b0)
mem[X,0x00000000800008A4] -> 0x0333
mem[X,0x00000000800008A6] -> 0x0053
[228] [M]: 0x00000000800008A4 (0x00530333) add x6, x6, x5                           main+164
x6 <- 0x0000000080009030

mem[X,0x00000000800008A8] -> 0x3023
mem[X,0x00000000800008AA] -> 0x00A3
[229] [M]: 0x00000000800008A8 (0x00A33023) sd x10, 0x0(x6)                          main+168
mem[W,0x0000000080009030] <- 0x00000000000000DB

clint mtime 0x0000000000000073 (mip.MTI <- 0b1, mip.STI <- 0b0)
mem[X,0x00000000800008AC] -> 0x0073
mem[X,0x00000000800008AE] -> 0x1200
[230] [M]: 0x00000000800008AC (0x12000073) sfence.vma x0, x0                        main+172

mem[X,0x00000000800008B0] -> 0x0013
mem[X,0x00000000800008B2] -> 0x0000
[231] [M]: 0x00000000800008B0 (0x00000013) addi x0, x0, 0x0                         main+176

clint mtime 0x0000000000000074 (mip.MTI <- 0b1, mip.STI <- 0b0)
mem[X,0x00000000800008B4] -> 0x0013
mem[X,0x00000000800008B6] -> 0x0000
[232] [M]: 0x00000000800008B4 (0x00000013) addi x0, x0, 0x0                         main+180

mem[X,0x00000000800008B8] -> 0x0013
mem[X,0x00000000800008BA] -> 0x0000
[233] [M]: 0x00000000800008B8 (0x00000013) addi x0, x0, 0x0                         main+184

clint mtime 0x0000000000000075 (mip.MTI <- 0b1, mip.STI <- 0b0)
mem[X,0x00000000800008BC] -> 0x0013
mem[X,0x00000000800008BE] -> 0x0000
[234] [M]: 0x00000000800008BC (0x00000013) addi x0, x0, 0x0                         main+188

mem[X,0x00000000800008C0] -> 0x051B
mem[X,0x00000000800008C2] -> 0x0000
[235] [M]: 0x00000000800008C0 (0x0000051B) addiw x10, x0, 0x0                       main+192
x10 <- 0x0000000000000000

clint mtime 0x0000000000000076 (mip.MTI <- 0b1, mip.STI <- 0b0)
mem[X,0x00000000800008C4] -> 0x0001
[236] [M]: 0x00000000800008C4 (0x0001) c.nop                                        main+196

mem[X,0x00000000800008C6] -> 0x0013
mem[X,0x00000000800008C8] -> 0x0000
[237] [M]: 0x00000000800008C6 (0x00000013) addi x0, x0, 0x0                         main+198

clint mtime 0x0000000000000077 (mip.MTI <- 0b1, mip.STI <- 0b0)
mem[X,0x00000000800008CA] -> 0x0013
mem[X,0x00000000800008CC] -> 0x0000
[238] [M]: 0x00000000800008CA (0x00000013) addi x0, x0, 0x0                         main+202

mem[X,0x00000000800008CE] -> 0x0013
mem[X,0x00000000800008D0] -> 0x0000
[239] [M]: 0x00000000800008CE (0x00000013) addi x0, x0, 0x0                         main+206

clint mtime 0x0000000000000078 (mip.MTI <- 0b1, mip.STI <- 0b0)
mem[X,0x00000000800008D2] -> 0x0013
mem[X,0x00000000800008D4] -> 0x0000
[240] [M]: 0x00000000800008D2 (0x00000013) addi x0, x0, 0x0                         main+210

mem[X,0x00000000800008D6] -> 0x0013
mem[X,0x00000000800008D8] -> 0x0000
[241] [M]: 0x00000000800008D6 (0x00000013) addi x0, x0, 0x0                         main+214

clint mtime 0x0000000000000079 (mip.MTI <- 0b1, mip.STI <- 0b0)
mem[X,0x00000000800008DA] -> 0x0013
mem[X,0x00000000800008DC] -> 0x0000
[242] [M]: 0x00000000800008DA (0x00000013) addi x0, x0, 0x0                         main+218

mem[X,0x00000000800008DE] -> 0x0001
[243] [M]: 0x00000000800008DE (0x0001) c.nop                                        main+222

clint mtime 0x000000000000007A (mip.MTI <- 0b1, mip.STI <- 0b0)
mem[X,0x00000000800008E0] -> 0x0593
mem[X,0x00000000800008E2] -> 0x0DF0
[244] [M]: 0x00000000800008E0 (0x0DF00593) addi x11, x0, 0xdf                       main+224
x11 <- 0x00000000000000DF

mem[X,0x00000000800008E4] -> 0x5513
mem[X,0x00000000800008E6] -> 0x00C5
[245] [M]: 0x00000000800008E4 (0x00C55513) srli x10, x10, 0xc                       main+228
x10 <- 0x0000000000000000

clint mtime 0x000000000000007B (mip.MTI <- 0b1, mip.STI <- 0b0)
mem[X,0x00000000800008E8] -> 0x1513
mem[X,0x00000000800008EA] -> 0x00A5
[246] [M]: 0x00000000800008E8 (0x00A51513) slli x10, x10, 0xa                       main+232
x10 <- 0x0000000000000000

mem[X,0x00000000800008EC] -> 0x6533
mem[X,0x00000000800008EE] -> 0x00B5
[247] [M]: 0x00000000800008EC (0x00B56533) or x10, x10, x11                         main+236
x10 <- 0x00000000000000DF

clint mtime 0x000000000000007C (mip.MTI <- 0b1, mip.STI <- 0b0)
mem[X,0x00000000800008F0] -> 0x0013
mem[X,0x00000000800008F2] -> 0x0000
[248] [M]: 0x00000000800008F0 (0x00000013) addi x0, x0, 0x0                         main+240

mem[X,0x00000000800008F4] -> 0x0013
mem[X,0x00000000800008F6] -> 0x0000
[249] [M]: 0x00000000800008F4 (0x00000013) addi x0, x0, 0x0                         main+244

clint mtime 0x000000000000007D (mip.MTI <- 0b1, mip.STI <- 0b0)
mem[X,0x00000000800008F8] -> 0x0013
mem[X,0x00000000800008FA] -> 0x0000
[250] [M]: 0x00000000800008F8 (0x00000013) addi x0, x0, 0x0                         main+248

mem[X,0x00000000800008FC] -> 0x0013
mem[X,0x00000000800008FE] -> 0x0000
[251] [M]: 0x00000000800008FC (0x00000013) addi x0, x0, 0x0                         main+252

clint mtime 0x000000000000007E (mip.MTI <- 0b1, mip.STI <- 0b0)
mem[X,0x0000000080000900] -> 0x8317
mem[X,0x0000000080000902] -> 0x0000
[252] [M]: 0x0000000080000900 (0x00008317) auipc x6, 0x8                            main+256
x6 <- 0x0000000080008900

mem[X,0x0000000080000904] -> 0x0313
mem[X,0x0000000080000906] -> 0x7003
[253] [M]: 0x0000000080000904 (0x70030313) addi x6, x6, 0x700                       main+260
x6 <- 0x0000000080009000

clint mtime 0x000000000000007F (mip.MTI <- 0b1, mip.STI <- 0b0)
mem[X,0x0000000080000908] -> 0x0001
[254] [M]: 0x0000000080000908 (0x0001) c.nop                                        main+264

mem[X,0x000000008000090A] -> 0x0013
mem[X,0x000000008000090C] -> 0x0000
[255] [M]: 0x000000008000090A (0x00000013) addi x0, x0, 0x0                         main+266

clint mtime 0x0000000000000080 (mip.MTI <- 0b1, mip.STI <- 0b0)
mem[X,0x000000008000090E] -> 0x0013
mem[X,0x0000000080000910] -> 0x0000
[256] [M]: 0x000000008000090E (0x00000013) addi x0, x0, 0x0                         main+270

mem[X,0x0000000080000912] -> 0x0013
mem[X,0x0000000080000914] -> 0x0000
[257] [M]: 0x0000000080000912 (0x00000013) addi x0, x0, 0x0                         main+274

clint mtime 0x0000000000000081 (mip.MTI <- 0b1, mip.STI <- 0b0)
mem[X,0x0000000080000916] -> 0x0013
mem[X,0x0000000080000918] -> 0x0000
[258] [M]: 0x0000000080000916 (0x00000013) addi x0, x0, 0x0                         main+278

mem[X,0x000000008000091A] -> 0x0013
mem[X,0x000000008000091C] -> 0x0000
[259] [M]: 0x000000008000091A (0x00000013) addi x0, x0, 0x0                         main+282

clint mtime 0x0000000000000082 (mip.MTI <- 0b1, mip.STI <- 0b0)
mem[X,0x000000008000091E] -> 0x0001
[260] [M]: 0x000000008000091E (0x0001) c.nop                                        main+286

mem[X,0x0000000080000920] -> 0x0293
mem[X,0x0000000080000922] -> 0x0380
[261] [M]: 0x0000000080000920 (0x03800293) addi x5, x0, 0x38                        main+288
x5 <- 0x0000000000000038

clint mtime 0x0000000000000083 (mip.MTI <- 0b1, mip.STI <- 0b0)
mem[X,0x0000000080000924] -> 0x0333
mem[X,0x0000000080000926] -> 0x0053
[262] [M]: 0x0000000080000924 (0x00530333) add x6, x6, x5                           main+292
x6 <- 0x0000000080009038

mem[X,0x0000000080000928] -> 0x3023
mem[X,0x000000008000092A] -> 0x00A3
[263] [M]: 0x0000000080000928 (0x00A33023) sd x10, 0x0(x6)                          main+296
mem[W,0x0000000080009038] <- 0x00000000000000DF

clint mtime 0x0000000000000084 (mip.MTI <- 0b1, mip.STI <- 0b0)
mem[X,0x000000008000092C] -> 0x0073
mem[X,0x000000008000092E] -> 0x1200
[264] [M]: 0x000000008000092C (0x12000073) sfence.vma x0, x0                        main+300

mem[X,0x0000000080000930] -> 0x02B7
mem[X,0x0000000080000932] -> 0x0000
[265] [M]: 0x0000000080000930 (0x000002B7) lui x5, 0x0                              main+304
x5 <- 0x0000000000000000

clint mtime 0x0000000000000085 (mip.MTI <- 0b1, mip.STI <- 0b0)
mem[X,0x0000000080000934] -> 0x8293
mem[X,0x0000000080000936] -> 0x3802
[266] [M]: 0x0000000080000934 (0x38028293) addi x5, x5, 0x380                       main+308
x5 <- 0x0000000000000380

mem[X,0x0000000080000938] -> 0x9293
mem[X,0x000000008000093A] -> 0x00B2
[267] [M]: 0x0000000080000938 (0x00B29293) slli x5, x5, 0xb                         main+312
x5 <- 0x00000000001C0000

clint mtime 0x0000000000000086 (mip.MTI <- 0b1, mip.STI <- 0b0)
mem[X,0x000000008000093C] -> 0x8293
mem[X,0x000000008000093E] -> 0x4002
[268] [M]: 0x000000008000093C (0x40028293) addi x5, x5, 0x400                       main+316
x5 <- 0x00000000001C0400

mem[X,0x0000000080000940] -> 0x9293
mem[X,0x0000000080000942] -> 0x00B2
[269] [M]: 0x0000000080000940 (0x00B29293) slli x5, x5, 0xb                         main+320
x5 <- 0x00000000E0200000

clint mtime 0x0000000000000087 (mip.MTI <- 0b1, mip.STI <- 0b0)
mem[X,0x0000000080000944] -> 0x8293
mem[X,0x0000000080000946] -> 0x0152
[270] [M]: 0x0000000080000944 (0x01528293) addi x5, x5, 0x15                        main+324
x5 <- 0x00000000E0200015

mem[X,0x0000000080000948] -> 0x9293
mem[X,0x000000008000094A] -> 0x00A2
[271] [M]: 0x0000000080000948 (0x00A29293) slli x5, x5, 0xa                         main+328
x5 <- 0x0000038080005400

clint mtime 0x0000000000000088 (mip.MTI <- 0b1, mip.STI <- 0b0)
mem[X,0x000000008000094C] -> 0x8293
mem[X,0x000000008000094E] -> 0x1302
[272] [M]: 0x000000008000094C (0x13028293) addi x5, x5, 0x130                       main+332
x5 <- 0x0000038080005530

mem[X,0x0000000080000950] -> 0x0013
mem[X,0x0000000080000952] -> 0x0000
[273] [M]: 0x0000000080000950 (0x00000013) addi x0, x0, 0x0                         main+336

clint mtime 0x0000000000000089 (mip.MTI <- 0b1, mip.STI <- 0b0)
mem[X,0x0000000080000954] -> 0x0013
mem[X,0x0000000080000956] -> 0x0000
[274] [M]: 0x0000000080000954 (0x00000013) addi x0, x0, 0x0                         main+340

mem[X,0x0000000080000958] -> 0x0013
mem[X,0x000000008000095A] -> 0x0000
[275] [M]: 0x0000000080000958 (0x00000013) addi x0, x0, 0x0                         main+344

clint mtime 0x000000000000008A (mip.MTI <- 0b1, mip.STI <- 0b0)
mem[X,0x000000008000095C] -> 0x0013
mem[X,0x000000008000095E] -> 0x0000
[276] [M]: 0x000000008000095C (0x00000013) addi x0, x0, 0x0                         main+348

mem[X,0x0000000080000960] -> 0x5317
mem[X,0x0000000080000962] -> 0x0000
[277] [M]: 0x0000000080000960 (0x00005317) auipc x6, 0x5                            main+352
x6 <- 0x0000000080005960

clint mtime 0x000000000000008B (mip.MTI <- 0b1, mip.STI <- 0b0)
mem[X,0x0000000080000964] -> 0x0313
mem[X,0x0000000080000966] -> 0xBD03
[278] [M]: 0x0000000080000964 (0xBD030313) addi x6, x6, -0x430                      main+356
x6 <- 0x0000000080005530

mem[X,0x0000000080000968] -> 0x0001
[279] [M]: 0x0000000080000968 (0x0001) c.nop                                        main+360

clint mtime 0x000000000000008C (mip.MTI <- 0b1, mip.STI <- 0b0)
mem[X,0x000000008000096A] -> 0x0013
mem[X,0x000000008000096C] -> 0x0000
[280] [M]: 0x000000008000096A (0x00000013) addi x0, x0, 0x0                         main+362

mem[X,0x000000008000096E] -> 0x0013
mem[X,0x0000000080000970] -> 0x0000
[281] [M]: 0x000000008000096E (0x00000013) addi x0, x0, 0x0                         main+366

clint mtime 0x000000000000008D (mip.MTI <- 0b1, mip.STI <- 0b0)
mem[X,0x0000000080000972] -> 0x0013
mem[X,0x0000000080000974] -> 0x0000
[282] [M]: 0x0000000080000972 (0x00000013) addi x0, x0, 0x0                         main+370

mem[X,0x0000000080000976] -> 0x0013
mem[X,0x0000000080000978] -> 0x0000
[283] [M]: 0x0000000080000976 (0x00000013) addi x0, x0, 0x0                         main+374

clint mtime 0x000000000000008E (mip.MTI <- 0b1, mip.STI <- 0b0)
mem[X,0x000000008000097A] -> 0x0013
mem[X,0x000000008000097C] -> 0x0000
[284] [M]: 0x000000008000097A (0x00000013) addi x0, x0, 0x0                         main+378

mem[X,0x000000008000097E] -> 0x0001
[285] [M]: 0x000000008000097E (0x0001) c.nop                                        main+382

clint mtime 0x000000000000008F (mip.MTI <- 0b1, mip.STI <- 0b0)
mem[X,0x0000000080000980] -> 0x82B3
mem[X,0x0000000080000982] -> 0x4062
[286] [M]: 0x0000000080000980 (0x406282B3) sub x5, x5, x6                           main+384
x5 <- 0x0000038000000000

mem[X,0x0000000080000984] -> 0x8E13
mem[X,0x0000000080000986] -> 0x2982
[287] [M]: 0x0000000080000984 (0x29828E13) addi x28, x5, 0x298                      main+388
x28 <- 0x0000038000000298

clint mtime 0x0000000000000090 (mip.MTI <- 0b1, mip.STI <- 0b0)
mem[X,0x0000000080000988] -> 0x2173
mem[X,0x000000008000098A] -> 0x3400
[288] [M]: 0x0000000080000988 (0x34002173) csrrs x2, mscratch, x0                   main+392
CSR mscratch (0x340) -> 0x0000000080005000
x2 <- 0x0000000080005000

mem[X,0x000000008000098C] -> 0x0333
mem[X,0x000000008000098E] -> 0x01C1
[289] [M]: 0x000000008000098C (0x01C10333) add x6, x2, x28                          main+396
x6 <- 0x0000038080005298

clint mtime 0x0000000000000091 (mip.MTI <- 0b1, mip.STI <- 0b0)
mem[X,0x0000000080000990] -> 0x1073
mem[X,0x0000000080000992] -> 0x1403
[290] [M]: 0x0000000080000990 (0x14031073) csrrw x0, sscratch, x6                   main+400
CSR sscratch (0x140) <- 0x0000038080005298

mem[X,0x0000000080000994] -> 0x2173
mem[X,0x0000000080000996] -> 0x3400
[291] [M]: 0x0000000080000994 (0x34002173) csrrs x2, mscratch, x0                   main+404
CSR mscratch (0x340) -> 0x0000000080005000
x2 <- 0x0000000080005000

clint mtime 0x0000000000000092 (mip.MTI <- 0b1, mip.STI <- 0b0)
mem[X,0x0000000080000998] -> 0x02B7
mem[X,0x000000008000099A] -> 0x0000
[292] [M]: 0x0000000080000998 (0x000002B7) lui x5, 0x0                              main+408
x5 <- 0x0000000000000000

mem[X,0x000000008000099C] -> 0x8293
mem[X,0x000000008000099E] -> 0x3002
[293] [M]: 0x000000008000099C (0x30028293) addi x5, x5, 0x300                       main+412
x5 <- 0x0000000000000300

clint mtime 0x0000000000000093 (mip.MTI <- 0b1, mip.STI <- 0b0)
mem[X,0x00000000800009A0] -> 0x9293
mem[X,0x00000000800009A2] -> 0x00B2
[294] [M]: 0x00000000800009A0 (0x00B29293) slli x5, x5, 0xb                         main+416
x5 <- 0x0000000000180000

mem[X,0x00000000800009A4] -> 0x8293
mem[X,0x00000000800009A6] -> 0x4002
[295] [M]: 0x00000000800009A4 (0x40028293) addi x5, x5, 0x400                       main+420
x5 <- 0x0000000000180400

clint mtime 0x0000000000000094 (mip.MTI <- 0b1, mip.STI <- 0b0)
mem[X,0x00000000800009A8] -> 0x9293
mem[X,0x00000000800009AA] -> 0x00B2
[296] [M]: 0x00000000800009A8 (0x00B29293) slli x5, x5, 0xb                         main+424
x5 <- 0x00000000C0200000

mem[X,0x00000000800009AC] -> 0x8293
mem[X,0x00000000800009AE] -> 0x0012
[297] [M]: 0x00000000800009AC (0x00128293) addi x5, x5, 0x1                         main+428
x5 <- 0x00000000C0200001

clint mtime 0x0000000000000095 (mip.MTI <- 0b1, mip.STI <- 0b0)
mem[X,0x00000000800009B0] -> 0x9293
mem[X,0x00000000800009B2] -> 0x00A2
[298] [M]: 0x00000000800009B0 (0x00A29293) slli x5, x5, 0xa                         main+432
x5 <- 0x0000030080000400

mem[X,0x00000000800009B4] -> 0x8293
mem[X,0x00000000800009B6] -> 0x3BC2
[299] [M]: 0x00000000800009B4 (0x3BC28293) addi x5, x5, 0x3bc                       main+436
x5 <- 0x00000300800007BC

clint mtime 0x0000000000000096 (mip.MTI <- 0b1, mip.STI <- 0b0)
mem[X,0x00000000800009B8] -> 0x0013
mem[X,0x00000000800009BA] -> 0x0000
[300] [M]: 0x00000000800009B8 (0x00000013) addi x0, x0, 0x0                         main+440

mem[X,0x00000000800009BC] -> 0x0013
mem[X,0x00000000800009BE] -> 0x0000
[301] [M]: 0x00000000800009BC (0x00000013) addi x0, x0, 0x0                         main+444

clint mtime 0x0000000000000097 (mip.MTI <- 0b1, mip.STI <- 0b0)
mem[X,0x00000000800009C0] -> 0x0317
mem[X,0x00000000800009C2] -> 0x0000
[302] [M]: 0x00000000800009C0 (0x00000317) auipc x6, 0x0                            main+448
x6 <- 0x00000000800009C0

mem[X,0x00000000800009C4] -> 0x0313
mem[X,0x00000000800009C6] -> 0xE143
[303] [M]: 0x00000000800009C4 (0xE1430313) addi x6, x6, -0x1ec                      main+452
x6 <- 0x00000000800007D4

clint mtime 0x0000000000000098 (mip.MTI <- 0b1, mip.STI <- 0b0)
mem[X,0x00000000800009C8] -> 0x0001
[304] [M]: 0x00000000800009C8 (0x0001) c.nop                                        main+456

mem[X,0x00000000800009CA] -> 0x0013
mem[X,0x00000000800009CC] -> 0x0000
[305] [M]: 0x00000000800009CA (0x00000013) addi x0, x0, 0x0                         main+458

clint mtime 0x0000000000000099 (mip.MTI <- 0b1, mip.STI <- 0b0)
mem[X,0x00000000800009CE] -> 0x0013
mem[X,0x00000000800009D0] -> 0x0000
[306] [M]: 0x00000000800009CE (0x00000013) addi x0, x0, 0x0                         main+462

mem[X,0x00000000800009D2] -> 0x0013
mem[X,0x00000000800009D4] -> 0x0000
[307] [M]: 0x00000000800009D2 (0x00000013) addi x0, x0, 0x0                         main+466

clint mtime 0x000000000000009A (mip.MTI <- 0b1, mip.STI <- 0b0)
mem[X,0x00000000800009D6] -> 0x0013
mem[X,0x00000000800009D8] -> 0x0000
[308] [M]: 0x00000000800009D6 (0x00000013) addi x0, x0, 0x0                         main+470

mem[X,0x00000000800009DA] -> 0x0013
mem[X,0x00000000800009DC] -> 0x0000
[309] [M]: 0x00000000800009DA (0x00000013) addi x0, x0, 0x0                         main+474

clint mtime 0x000000000000009B (mip.MTI <- 0b1, mip.STI <- 0b0)
mem[X,0x00000000800009DE] -> 0x0001
[310] [M]: 0x00000000800009DE (0x0001) c.nop                                        main+478

mem[X,0x00000000800009E0] -> 0x82B3
mem[X,0x00000000800009E2] -> 0x4062
[311] [M]: 0x00000000800009E0 (0x406282B3) sub x5, x5, x6                           main+480
x5 <- 0x000002FFFFFFFFE8

clint mtime 0x000000000000009C (mip.MTI <- 0b1, mip.STI <- 0b0)
mem[X,0x00000000800009E4] -> 0x3303
mem[X,0x00000000800009E6] -> 0x1D81
[312] [M]: 0x00000000800009E4 (0x1D813303) ld x6, 0x1d8(x2)                         main+484
mem[R,0x00000000800051D8] -> 0x00000000800007D4
x6 <- 0x00000000800007D4

mem[X,0x00000000800009E8] -> 0x03B3
mem[X,0x00000000800009EA] -> 0x0053
[313] [M]: 0x00000000800009E8 (0x005303B3) add x7, x6, x5                           main+488
x7 <- 0x00000300800007BC

clint mtime 0x000000000000009D (mip.MTI <- 0b1, mip.STI <- 0b0)
mem[X,0x00000000800009EC] -> 0x3823
mem[X,0x00000000800009EE] -> 0x4671
[314] [M]: 0x00000000800009EC (0x46713823) sd x7, 0x470(x2)                         main+492
mem[W,0x0000000080005470] <- 0x00000300800007BC

mem[X,0x00000000800009F0] -> 0x02B7
mem[X,0x00000000800009F2] -> 0x0000
[315] [M]: 0x00000000800009F0 (0x000002B7) lui x5, 0x0                              main+496
x5 <- 0x0000000000000000

clint mtime 0x000000000000009E (mip.MTI <- 0b1, mip.STI <- 0b0)
mem[X,0x00000000800009F4] -> 0x8293
mem[X,0x00000000800009F6] -> 0x3802
[316] [M]: 0x00000000800009F4 (0x38028293) addi x5, x5, 0x380                       main+500
x5 <- 0x0000000000000380

mem[X,0x00000000800009F8] -> 0x9293
mem[X,0x00000000800009FA] -> 0x00B2
[317] [M]: 0x00000000800009F8 (0x00B29293) slli x5, x5, 0xb                         main+504
x5 <- 0x00000000001C0000

clint mtime 0x000000000000009F (mip.MTI <- 0b1, mip.STI <- 0b0)
mem[X,0x00000000800009FC] -> 0x8293
mem[X,0x00000000800009FE] -> 0x4002
[318] [M]: 0x00000000800009FC (0x40028293) addi x5, x5, 0x400                       main+508
x5 <- 0x00000000001C0400

mem[X,0x0000000080000A00] -> 0x9293
mem[X,0x0000000080000A02] -> 0x00B2
[319] [M]: 0x0000000080000A00 (0x00B29293) slli x5, x5, 0xb                         main+512
x5 <- 0x00000000E0200000

clint mtime 0x00000000000000A0 (mip.MTI <- 0b1, mip.STI <- 0b0)
mem[X,0x0000000080000A04] -> 0x8293
mem[X,0x0000000080000A06] -> 0x0152
[320] [M]: 0x0000000080000A04 (0x01528293) addi x5, x5, 0x15                        main+516
x5 <- 0x00000000E0200015

mem[X,0x0000000080000A08] -> 0x9293
mem[X,0x0000000080000A0A] -> 0x00A2
[321] [M]: 0x0000000080000A08 (0x00A29293) slli x5, x5, 0xa                         main+520
x5 <- 0x0000038080005400

clint mtime 0x00000000000000A1 (mip.MTI <- 0b1, mip.STI <- 0b0)
mem[X,0x0000000080000A0C] -> 0x8293
mem[X,0x0000000080000A0E] -> 0x1302
[322] [M]: 0x0000000080000A0C (0x13028293) addi x5, x5, 0x130                       main+524
x5 <- 0x0000038080005530

mem[X,0x0000000080000A10] -> 0x0013
mem[X,0x0000000080000A12] -> 0x0000
[323] [M]: 0x0000000080000A10 (0x00000013) addi x0, x0, 0x0                         main+528

clint mtime 0x00000000000000A2 (mip.MTI <- 0b1, mip.STI <- 0b0)
mem[X,0x0000000080000A14] -> 0x0013
mem[X,0x0000000080000A16] -> 0x0000
[324] [M]: 0x0000000080000A14 (0x00000013) addi x0, x0, 0x0                         main+532

mem[X,0x0000000080000A18] -> 0x0013
mem[X,0x0000000080000A1A] -> 0x0000
[325] [M]: 0x0000000080000A18 (0x00000013) addi x0, x0, 0x0                         main+536

clint mtime 0x00000000000000A3 (mip.MTI <- 0b1, mip.STI <- 0b0)
mem[X,0x0000000080000A1C] -> 0x0013
mem[X,0x0000000080000A1E] -> 0x0000
[326] [M]: 0x0000000080000A1C (0x00000013) addi x0, x0, 0x0                         main+540

mem[X,0x0000000080000A20] -> 0x5317
mem[X,0x0000000080000A22] -> 0x0000
[327] [M]: 0x0000000080000A20 (0x00005317) auipc x6, 0x5                            main+544
x6 <- 0x0000000080005A20

clint mtime 0x00000000000000A4 (mip.MTI <- 0b1, mip.STI <- 0b0)
mem[X,0x0000000080000A24] -> 0x0313
mem[X,0x0000000080000A26] -> 0xB103
[328] [M]: 0x0000000080000A24 (0xB1030313) addi x6, x6, -0x4f0                      main+548
x6 <- 0x0000000080005530

mem[X,0x0000000080000A28] -> 0x0001
[329] [M]: 0x0000000080000A28 (0x0001) c.nop                                        main+552

clint mtime 0x00000000000000A5 (mip.MTI <- 0b1, mip.STI <- 0b0)
mem[X,0x0000000080000A2A] -> 0x0013
mem[X,0x0000000080000A2C] -> 0x0000
[330] [M]: 0x0000000080000A2A (0x00000013) addi x0, x0, 0x0                         main+554

mem[X,0x0000000080000A2E] -> 0x0013
mem[X,0x0000000080000A30] -> 0x0000
[331] [M]: 0x0000000080000A2E (0x00000013) addi x0, x0, 0x0                         main+558

clint mtime 0x00000000000000A6 (mip.MTI <- 0b1, mip.STI <- 0b0)
mem[X,0x0000000080000A32] -> 0x0013
mem[X,0x0000000080000A34] -> 0x0000
[332] [M]: 0x0000000080000A32 (0x00000013) addi x0, x0, 0x0                         main+562

mem[X,0x0000000080000A36] -> 0x0013
mem[X,0x0000000080000A38] -> 0x0000
[333] [M]: 0x0000000080000A36 (0x00000013) addi x0, x0, 0x0                         main+566

clint mtime 0x00000000000000A7 (mip.MTI <- 0b1, mip.STI <- 0b0)
mem[X,0x0000000080000A3A] -> 0x0013
mem[X,0x0000000080000A3C] -> 0x0000
[334] [M]: 0x0000000080000A3A (0x00000013) addi x0, x0, 0x0                         main+570

mem[X,0x0000000080000A3E] -> 0x0001
[335] [M]: 0x0000000080000A3E (0x0001) c.nop                                        main+574

clint mtime 0x00000000000000A8 (mip.MTI <- 0b1, mip.STI <- 0b0)
mem[X,0x0000000080000A40] -> 0x82B3
mem[X,0x0000000080000A42] -> 0x4062
[336] [M]: 0x0000000080000A40 (0x406282B3) sub x5, x5, x6                           main+576
x5 <- 0x0000038000000000

mem[X,0x0000000080000A44] -> 0x3303
mem[X,0x0000000080000A46] -> 0x1E81
[337] [M]: 0x0000000080000A44 (0x1E813303) ld x6, 0x1e8(x2)                         main+580
mem[R,0x00000000800051E8] -> 0x0000000080005530
x6 <- 0x0000000080005530

clint mtime 0x00000000000000A9 (mip.MTI <- 0b1, mip.STI <- 0b0)
mem[X,0x0000000080000A48] -> 0x03B3
mem[X,0x0000000080000A4A] -> 0x0053
[338] [M]: 0x0000000080000A48 (0x005303B3) add x7, x6, x5                           main+584
x7 <- 0x0000038080005530

mem[X,0x0000000080000A4C] -> 0x3023
mem[X,0x0000000080000A4E] -> 0x4871
[339] [M]: 0x0000000080000A4C (0x48713023) sd x7, 0x480(x2)                         main+588
mem[W,0x0000000080005480] <- 0x0000038080005530

clint mtime 0x00000000000000AA (mip.MTI <- 0b1, mip.STI <- 0b0)
mem[X,0x0000000080000A50] -> 0x0013
mem[X,0x0000000080000A52] -> 0x0000
[340] [M]: 0x0000000080000A50 (0x00000013) addi x0, x0, 0x0                         main+592

mem[X,0x0000000080000A54] -> 0x0013
mem[X,0x0000000080000A56] -> 0x0000
[341] [M]: 0x0000000080000A54 (0x00000013) addi x0, x0, 0x0                         main+596

clint mtime 0x00000000000000AB (mip.MTI <- 0b1, mip.STI <- 0b0)
mem[X,0x0000000080000A58] -> 0x0013
mem[X,0x0000000080000A5A] -> 0x0000
[342] [M]: 0x0000000080000A58 (0x00000013) addi x0, x0, 0x0                         main+600

mem[X,0x0000000080000A5C] -> 0x0013
mem[X,0x0000000080000A5E] -> 0x0000
[343] [M]: 0x0000000080000A5C (0x00000013) addi x0, x0, 0x0                         main+604

clint mtime 0x00000000000000AC (mip.MTI <- 0b1, mip.STI <- 0b0)
mem[X,0x0000000080000A60] -> 0x8F97
mem[X,0x0000000080000A62] -> 0x0000
[344] [M]: 0x0000000080000A60 (0x00008F97) auipc x31, 0x8                           main+608
x31 <- 0x0000000080008A60

mem[X,0x0000000080000A64] -> 0x8F93
mem[X,0x0000000080000A66] -> 0x5A0F
[345] [M]: 0x0000000080000A64 (0x5A0F8F93) addi x31, x31, 0x5a0                     main+612
x31 <- 0x0000000080009000

clint mtime 0x00000000000000AD (mip.MTI <- 0b1, mip.STI <- 0b0)
mem[X,0x0000000080000A68] -> 0x0001
[346] [M]: 0x0000000080000A68 (0x0001) c.nop                                        main+616

mem[X,0x0000000080000A6A] -> 0x0013
mem[X,0x0000000080000A6C] -> 0x0000
[347] [M]: 0x0000000080000A6A (0x00000013) addi x0, x0, 0x0                         main+618

clint mtime 0x00000000000000AE (mip.MTI <- 0b1, mip.STI <- 0b0)
mem[X,0x0000000080000A6E] -> 0x0013
mem[X,0x0000000080000A70] -> 0x0000
[348] [M]: 0x0000000080000A6E (0x00000013) addi x0, x0, 0x0                         main+622

mem[X,0x0000000080000A72] -> 0x0013
mem[X,0x0000000080000A74] -> 0x0000
[349] [M]: 0x0000000080000A72 (0x00000013) addi x0, x0, 0x0                         main+626

clint mtime 0x00000000000000AF (mip.MTI <- 0b1, mip.STI <- 0b0)
mem[X,0x0000000080000A76] -> 0x0013
mem[X,0x0000000080000A78] -> 0x0000
[350] [M]: 0x0000000080000A76 (0x00000013) addi x0, x0, 0x0                         main+630

mem[X,0x0000000080000A7A] -> 0x0013
mem[X,0x0000000080000A7C] -> 0x0000
[351] [M]: 0x0000000080000A7A (0x00000013) addi x0, x0, 0x0                         main+634

clint mtime 0x00000000000000B0 (mip.MTI <- 0b1, mip.STI <- 0b0)
mem[X,0x0000000080000A7E] -> 0x0001
[352] [M]: 0x0000000080000A7E (0x0001) c.nop                                        main+638

mem[X,0x0000000080000A80] -> 0x0F13
mem[X,0x0000000080000A82] -> 0x0090
[353] [M]: 0x0000000080000A80 (0x00900F13) addi x30, x0, 0x9                        main+640
x30 <- 0x0000000000000009

clint mtime 0x00000000000000B1 (mip.MTI <- 0b1, mip.STI <- 0b0)
mem[X,0x0000000080000A84] -> 0x1F13
mem[X,0x0000000080000A86] -> 0x03CF
[354] [M]: 0x0000000080000A84 (0x03CF1F13) slli x30, x30, 0x3c                      main+644
x30 <- 0x9000000000000000

mem[X,0x0000000080000A88] -> 0xDF93
mem[X,0x0000000080000A8A] -> 0x00CF
[355] [M]: 0x0000000080000A88 (0x00CFDF93) srli x31, x31, 0xc                       main+648
x31 <- 0x0000000000080009

clint mtime 0x00000000000000B2 (mip.MTI <- 0b1, mip.STI <- 0b0)
mem[X,0x0000000080000A8C] -> 0xEFB3
mem[X,0x0000000080000A8E] -> 0x01EF
[356] [M]: 0x0000000080000A8C (0x01EFEFB3) or x31, x31, x30                         main+652
x31 <- 0x9000000000080009

mem[X,0x0000000080000A90] -> 0x9073
mem[X,0x0000000080000A92] -> 0x180F
[357] [M]: 0x0000000080000A90 (0x180F9073) csrrw x0, satp, x31                      main+656
CSR satp (0x180) <- 0x9000000000080009

clint mtime 0x00000000000000B3 (mip.MTI <- 0b1, mip.STI <- 0b0)
mem[X,0x0000000080000A94] -> 0x0073
mem[X,0x0000000080000A96] -> 0x1200
[358] [M]: 0x0000000080000A94 (0x12000073) sfence.vma x0, x0                        main+660

mem[X,0x0000000080000A98] -> 0x0013
mem[X,0x0000000080000A9A] -> 0x0000
[359] [M]: 0x0000000080000A98 (0x00000013) addi x0, x0, 0x0                         main+664

clint mtime 0x00000000000000B4 (mip.MTI <- 0b1, mip.STI <- 0b0)
mem[X,0x0000000080000A9C] -> 0x0013
mem[X,0x0000000080000A9E] -> 0x0000
[360] [M]: 0x0000000080000A9C (0x00000013) addi x0, x0, 0x0                         main+668

mem[X,0x0000000080000AA0] -> 0x051B
mem[X,0x0000000080000AA2] -> 0x0000
[361] [M]: 0x0000000080000AA0 (0x0000051B) addiw x10, x0, 0x0                       main+672
x10 <- 0x0000000000000000

clint mtime 0x00000000000000B5 (mip.MTI <- 0b1, mip.STI <- 0b0)
mem[X,0x0000000080000AA4] -> 0x0001
[362] [M]: 0x0000000080000AA4 (0x0001) c.nop                                        main+676

mem[X,0x0000000080000AA6] -> 0x0013
mem[X,0x0000000080000AA8] -> 0x0000
[363] [M]: 0x0000000080000AA6 (0x00000013) addi x0, x0, 0x0                         main+678

clint mtime 0x00000000000000B6 (mip.MTI <- 0b1, mip.STI <- 0b0)
mem[X,0x0000000080000AAA] -> 0x0013
mem[X,0x0000000080000AAC] -> 0x0000
[364] [M]: 0x0000000080000AAA (0x00000013) addi x0, x0, 0x0                         main+682

mem[X,0x0000000080000AAE] -> 0x0013
mem[X,0x0000000080000AB0] -> 0x0000
[365] [M]: 0x0000000080000AAE (0x00000013) addi x0, x0, 0x0                         main+686

clint mtime 0x00000000000000B7 (mip.MTI <- 0b1, mip.STI <- 0b0)
mem[X,0x0000000080000AB2] -> 0x0013
mem[X,0x0000000080000AB4] -> 0x0000
[366] [M]: 0x0000000080000AB2 (0x00000013) addi x0, x0, 0x0                         main+690

mem[X,0x0000000080000AB6] -> 0x0013
mem[X,0x0000000080000AB8] -> 0x0000
[367] [M]: 0x0000000080000AB6 (0x00000013) addi x0, x0, 0x0                         main+694

clint mtime 0x00000000000000B8 (mip.MTI <- 0b1, mip.STI <- 0b0)
mem[X,0x0000000080000ABA] -> 0x0013
mem[X,0x0000000080000ABC] -> 0x0000
[368] [M]: 0x0000000080000ABA (0x00000013) addi x0, x0, 0x0                         main+698

mem[X,0x0000000080000ABE] -> 0x0001
[369] [M]: 0x0000000080000ABE (0x0001) c.nop                                        main+702

clint mtime 0x00000000000000B9 (mip.MTI <- 0b1, mip.STI <- 0b0)
mem[X,0x0000000080000AC0] -> 0x0593
mem[X,0x0000000080000AC2] -> 0x1DF0
[370] [M]: 0x0000000080000AC0 (0x1DF00593) addi x11, x0, 0x1df                      main+704
x11 <- 0x00000000000001DF

mem[X,0x0000000080000AC4] -> 0x5513
mem[X,0x0000000080000AC6] -> 0x00C5
[371] [M]: 0x0000000080000AC4 (0x00C55513) srli x10, x10, 0xc                       main+708
x10 <- 0x0000000000000000

clint mtime 0x00000000000000BA (mip.MTI <- 0b1, mip.STI <- 0b0)
mem[X,0x0000000080000AC8] -> 0x1513
mem[X,0x0000000080000ACA] -> 0x00A5
[372] [M]: 0x0000000080000AC8 (0x00A51513) slli x10, x10, 0xa                       main+712
x10 <- 0x0000000000000000

mem[X,0x0000000080000ACC] -> 0x6533
mem[X,0x0000000080000ACE] -> 0x00B5
[373] [M]: 0x0000000080000ACC (0x00B56533) or x10, x10, x11                         main+716
x10 <- 0x00000000000001DF

clint mtime 0x00000000000000BB (mip.MTI <- 0b1, mip.STI <- 0b0)
mem[X,0x0000000080000AD0] -> 0x0013
mem[X,0x0000000080000AD2] -> 0x0000
[374] [M]: 0x0000000080000AD0 (0x00000013) addi x0, x0, 0x0                         main+720

mem[X,0x0000000080000AD4] -> 0x0013
mem[X,0x0000000080000AD6] -> 0x0000
[375] [M]: 0x0000000080000AD4 (0x00000013) addi x0, x0, 0x0                         main+724

clint mtime 0x00000000000000BC (mip.MTI <- 0b1, mip.STI <- 0b0)
mem[X,0x0000000080000AD8] -> 0x0013
mem[X,0x0000000080000ADA] -> 0x0000
[376] [M]: 0x0000000080000AD8 (0x00000013) addi x0, x0, 0x0                         main+728

mem[X,0x0000000080000ADC] -> 0x0013
mem[X,0x0000000080000ADE] -> 0x0000
[377] [M]: 0x0000000080000ADC (0x00000013) addi x0, x0, 0x0                         main+732

clint mtime 0x00000000000000BD (mip.MTI <- 0b1, mip.STI <- 0b0)
mem[X,0x0000000080000AE0] -> 0x8317
mem[X,0x0000000080000AE2] -> 0x0000
[378] [M]: 0x0000000080000AE0 (0x00008317) auipc x6, 0x8                            main+736
x6 <- 0x0000000080008AE0

mem[X,0x0000000080000AE4] -> 0x0313
mem[X,0x0000000080000AE6] -> 0x5203
[379] [M]: 0x0000000080000AE4 (0x52030313) addi x6, x6, 0x520                       main+740
x6 <- 0x0000000080009000

clint mtime 0x00000000000000BE (mip.MTI <- 0b1, mip.STI <- 0b0)
mem[X,0x0000000080000AE8] -> 0x0001
[380] [M]: 0x0000000080000AE8 (0x0001) c.nop                                        main+744

mem[X,0x0000000080000AEA] -> 0x0013
mem[X,0x0000000080000AEC] -> 0x0000
[381] [M]: 0x0000000080000AEA (0x00000013) addi x0, x0, 0x0                         main+746

clint mtime 0x00000000000000BF (mip.MTI <- 0b1, mip.STI <- 0b0)
mem[X,0x0000000080000AEE] -> 0x0013
mem[X,0x0000000080000AF0] -> 0x0000
[382] [M]: 0x0000000080000AEE (0x00000013) addi x0, x0, 0x0                         main+750

mem[X,0x0000000080000AF2] -> 0x0013
mem[X,0x0000000080000AF4] -> 0x0000
[383] [M]: 0x0000000080000AF2 (0x00000013) addi x0, x0, 0x0                         main+754

clint mtime 0x00000000000000C0 (mip.MTI <- 0b1, mip.STI <- 0b0)
mem[X,0x0000000080000AF6] -> 0x0013
mem[X,0x0000000080000AF8] -> 0x0000
[384] [M]: 0x0000000080000AF6 (0x00000013) addi x0, x0, 0x0                         main+758

mem[X,0x0000000080000AFA] -> 0x0013
mem[X,0x0000000080000AFC] -> 0x0000
[385] [M]: 0x0000000080000AFA (0x00000013) addi x0, x0, 0x0                         main+762

clint mtime 0x00000000000000C1 (mip.MTI <- 0b1, mip.STI <- 0b0)
mem[X,0x0000000080000AFE] -> 0x0001
[386] [M]: 0x0000000080000AFE (0x0001) c.nop                                        main+766

mem[X,0x0000000080000B00] -> 0x0293
mem[X,0x0000000080000B02] -> 0x0280
[387] [M]: 0x0000000080000B00 (0x02800293) addi x5, x0, 0x28                        main+768
x5 <- 0x0000000000000028

clint mtime 0x00000000000000C2 (mip.MTI <- 0b1, mip.STI <- 0b0)
mem[X,0x0000000080000B04] -> 0x0333
mem[X,0x0000000080000B06] -> 0x0053
[388] [M]: 0x0000000080000B04 (0x00530333) add x6, x6, x5                           main+772
x6 <- 0x0000000080009028

mem[X,0x0000000080000B08] -> 0x3023
mem[X,0x0000000080000B0A] -> 0x00A3
[389] [M]: 0x0000000080000B08 (0x00A33023) sd x10, 0x0(x6)                          main+776
mem[W,0x0000000080009028] <- 0x00000000000001DF

clint mtime 0x00000000000000C3 (mip.MTI <- 0b1, mip.STI <- 0b0)
mem[X,0x0000000080000B0C] -> 0x0073
mem[X,0x0000000080000B0E] -> 0x1200
[390] [M]: 0x0000000080000B0C (0x12000073) sfence.vma x0, x0                        main+780

mem[X,0x0000000080000B10] -> 0x0493
mem[X,0x0000000080000B12] -> 0x0010
[391] [M]: 0x0000000080000B10 (0x00100493) addi x9, x0, 0x1                         main+784
x9 <- 0x0000000000000001

clint mtime 0x00000000000000C4 (mip.MTI <- 0b1, mip.STI <- 0b0)
mem[X,0x0000000080000B14] -> 0x9493
mem[X,0x0000000080000B16] -> 0x00B4
[392] [M]: 0x0000000080000B14 (0x00B49493) slli x9, x9, 0xb                         main+788
x9 <- 0x0000000000000800

mem[X,0x0000000080000B18] -> 0xB073
mem[X,0x0000000080000B1A] -> 0x3004
[393] [M]: 0x0000000080000B18 (0x3004B073) csrrc x0, mstatus, x9                    main+792
CSR mstatus (0x300) <- 0x0000000A00000000

clint mtime 0x00000000000000C5 (mip.MTI <- 0b1, mip.STI <- 0b0)
mem[X,0x0000000080000B1C] -> 0x23F3
mem[X,0x0000000080000B1E] -> 0x3400
[394] [M]: 0x0000000080000B1C (0x340023F3) csrrs x7, mscratch, x0                   main+796
CSR mscratch (0x340) -> 0x0000000080005000
x7 <- 0x0000000080005000

mem[X,0x0000000080000B20] -> 0xB303
mem[X,0x0000000080000B22] -> 0x4703
[395] [M]: 0x0000000080000B20 (0x4703B303) ld x6, 0x470(x7)                         main+800
mem[R,0x0000000080005470] -> 0x00000300800007BC
x6 <- 0x00000300800007BC

clint mtime 0x00000000000000C6 (mip.MTI <- 0b1, mip.STI <- 0b0)
mem[X,0x0000000080000B24] -> 0xB483
mem[X,0x0000000080000B26] -> 0x1D83
[396] [M]: 0x0000000080000B24 (0x1D83B483) ld x9, 0x1d8(x7)                         main+804
mem[R,0x00000000800051D8] -> 0x00000000800007D4
x9 <- 0x00000000800007D4

mem[X,0x0000000080000B28] -> 0x0333
mem[X,0x0000000080000B2A] -> 0x4093
[397] [M]: 0x0000000080000B28 (0x40930333) sub x6, x6, x9                           main+808
x6 <- 0x000002FFFFFFFFE8

clint mtime 0x00000000000000C7 (mip.MTI <- 0b1, mip.STI <- 0b0)
mem[X,0x0000000080000B2C] -> 0x0313
mem[X,0x0000000080000B2E] -> 0x0103
[398] [M]: 0x0000000080000B2C (0x01030313) addi x6, x6, 0x10                        main+812
x6 <- 0x000002FFFFFFFFF8

mem[X,0x0000000080000B30] -> 0x0497
mem[X,0x0000000080000B32] -> 0x0000
[399] [M]: 0x0000000080000B30 (0x00000497) auipc x9, 0x0                            main+816
x9 <- 0x0000000080000B30

clint mtime 0x00000000000000C8 (mip.MTI <- 0b1, mip.STI <- 0b0)
mem[X,0x0000000080000B34] -> 0x84B3
mem[X,0x0000000080000B36] -> 0x0064
[400] [M]: 0x0000000080000B34 (0x006484B3) add x9, x9, x6                           main+820
x9 <- 0x0000030080000B28

mem[X,0x0000000080000B38] -> 0x94F3
mem[X,0x0000000080000B3A] -> 0x3414
[401] [M]: 0x0000000080000B38 (0x341494F3) csrrw x9, mepc, x9                       main+824
CSR mepc (0x341) <- 0x0000030080000B28
x9 <- 0x0000000000000000

clint mtime 0x00000000000000C9 (mip.MTI <- 0b1, mip.STI <- 0b0)
mem[X,0x0000000080000B3C] -> 0x0073
mem[X,0x0000000080000B3E] -> 0x3020
[402] [M]: 0x0000000080000B3C (0x30200073) mret                                     main+828
CSR mstatus (0x300) <- 0x0000000A00000080
ret-ing from M to U

PTW: Start, vpn=0x30080000, access_type=X, privilege=Umem[R,0x0000000080009030] -> 0x00000000000000DB
PTW: Step, level=3, pte=0xDB, pte_addr=0x80009030
PTW: Success, final_ppn=0x80000, level=3mem[X,0x0000000080000B28] -> 0x0333
mem[X,0x0000000080000B2A] -> 0x4093
[403] [U]: 0x0000030080000B28 (0x40930333) sub x6, x6, x9                           va_rvtest_code_begin+876
x6 <- 0x000002FFFFFFFFF8

clint mtime 0x00000000000000CA (mip.MTI <- 0b1, mip.STI <- 0b0)
mem[X,0x0000000080000B2C] -> 0x0313
mem[X,0x0000000080000B2E] -> 0x0103
[404] [U]: 0x0000030080000B2C (0x01030313) addi x6, x6, 0x10                        va_rvtest_code_begin+880
x6 <- 0x0000030000000008

mem[X,0x0000000080000B30] -> 0x0497
mem[X,0x0000000080000B32] -> 0x0000
[405] [U]: 0x0000030080000B30 (0x00000497) auipc x9, 0x0                            va_rvtest_code_begin+884
x9 <- 0x0000030080000B30

clint mtime 0x00000000000000CB (mip.MTI <- 0b1, mip.STI <- 0b0)
mem[X,0x0000000080000B34] -> 0x84B3
mem[X,0x0000000080000B36] -> 0x0064
[406] [U]: 0x0000030080000B34 (0x006484B3) add x9, x9, x6                           va_rvtest_code_begin+888
x9 <- 0x0000060080000B38

mem[X,0x0000000080000B38] -> 0x94F3
mem[X,0x0000000080000B3A] -> 0x3414
[407] [U]: 0x0000030080000B38 (0x341494F3) csrrw x9, mepc, x9                       va_rvtest_code_begin+892
trapping from U to M to handle illegal-instruction
handling exc#illegal-instruction at priv M with tval 0x00000000341494F3
CSR mstatus (0x300) <- 0x0000000A00000000
CSR mcause (0x342) <- 0x0000000000000002
CSR mtval (0x343) <- 0x00000000341494F3
CSR mepc (0x341) <- 0x0000030080000B38

clint mtime 0x00000000000000CC (mip.MTI <- 0b1, mip.STI <- 0b0)
mem[X,0x0000000080002380] -> 0x006F
mem[X,0x0000000080002382] -> 0x1000
[408] [M]: 0x0000000080002380 (0x1000006F) jal x0, 0x100                            Mtrampoline+0

mem[X,0x0000000080002480] -> 0x1173
mem[X,0x0000000080002482] -> 0x3401
[409] [M]: 0x0000000080002480 (0x34011173) csrrw x2, mscratch, x2                   trap_Mhandler+0
CSR mscratch (0x340) <- 0x0000000080005000
x2 <- 0x0000000080005000

clint mtime 0x00000000000000CD (mip.MTI <- 0b1, mip.STI <- 0b0)
mem[X,0x0000000080002484] -> 0x3423
mem[X,0x0000000080002486] -> 0x28B1
[410] [M]: 0x0000000080002484 (0x28B13423) sd x11, 0x288(x2)                        trap_Mhandler+4
mem[W,0x0000000080005288] <- 0x00000000000001DF

mem[X,0x0000000080002488] -> 0x05EF
mem[X,0x000000008000248A] -> 0x0B80
[411] [M]: 0x0000000080002488 (0x0B8005EF) jal x11, 0xb8                            trap_Mhandler+8
x11 <- 0x000000008000248C

clint mtime 0x00000000000000CE (mip.MTI <- 0b1, mip.STI <- 0b0)
mem[X,0x0000000080002540] -> 0x3023
mem[X,0x0000000080002542] -> 0x28A1
[412] [M]: 0x0000000080002540 (0x28A13023) sd x10, 0x280(x2)                        common_Mhandler+0
mem[W,0x0000000080005280] <- 0x00000000000001DF

mem[X,0x0000000080002544] -> 0x1573
mem[X,0x0000000080002546] -> 0x3401
[413] [M]: 0x0000000080002544 (0x34011573) csrrw x10, mscratch, x2                  common_Mhandler+4
CSR mscratch (0x340) <- 0x0000000080005000
x10 <- 0x0000000080005000

clint mtime 0x00000000000000CF (mip.MTI <- 0b1, mip.STI <- 0b0)
mem[X,0x0000000080002548] -> 0x3823
mem[X,0x000000008000254A] -> 0x28A1
[414] [M]: 0x0000000080002548 (0x28A13823) sd x10, 0x290(x2)                        common_Mhandler+8
mem[W,0x0000000080005290] <- 0x0000000080005000

mem[X,0x000000008000254C] -> 0x3503
mem[X,0x000000008000254E] -> 0x2301
[415] [M]: 0x000000008000254C (0x23013503) ld x10, 0x230(x2)                        common_Mhandler+12
mem[R,0x0000000080005230] -> 0x0000000080002554
x10 <- 0x0000000080002554

clint mtime 0x00000000000000D0 (mip.MTI <- 0b1, mip.STI <- 0b0)
mem[X,0x0000000080002550] -> 0x0067
mem[X,0x0000000080002552] -> 0x0005
[416] [M]: 0x0000000080002550 (0x00050067) jalr x0, 0x0(x10)                        common_Mhandler+16

mem[X,0x0000000080002554] -> 0x3C23
mem[X,0x0000000080002556] -> 0x2691
[417] [M]: 0x0000000080002554 (0x26913C23) sd x9, 0x278(x2)                         common_Mentry+0
mem[W,0x0000000080005278] <- 0x0000060080000B38

clint mtime 0x00000000000000D1 (mip.MTI <- 0b1, mip.STI <- 0b0)
mem[X,0x0000000080002558] -> 0x3823
mem[X,0x000000008000255A] -> 0x2681
[418] [M]: 0x0000000080002558 (0x26813823) sd x8, 0x270(x2)                         common_Mentry+4
mem[W,0x0000000080005270] <- 0x0000000000007F76

mem[X,0x000000008000255C] -> 0x3423
mem[X,0x000000008000255E] -> 0x2671
[419] [M]: 0x000000008000255C (0x26713423) sd x7, 0x268(x2)                         common_Mentry+8
mem[W,0x0000000080005268] <- 0x0000000080005000

clint mtime 0x00000000000000D2 (mip.MTI <- 0b1, mip.STI <- 0b0)
mem[X,0x0000000080002560] -> 0x3023
mem[X,0x0000000080002562] -> 0x2661
[420] [M]: 0x0000000080002560 (0x26613023) sd x6, 0x260(x2)                         common_Mentry+12
mem[W,0x0000000080005260] <- 0x0000030000000008

mem[X,0x0000000080002564] -> 0x2573
mem[X,0x0000000080002566] -> 0x3420
[421] [M]: 0x0000000080002564 (0x34202573) csrrs x10, mcause, x0                    spcl_M2mmode_test+0
CSR mcause (0x342) -> 0x0000000000000002
x10 <- 0x0000000000000002

clint mtime 0x00000000000000D3 (mip.MTI <- 0b1, mip.STI <- 0b0)
mem[X,0x0000000080002568] -> 0x04B7
mem[X,0x000000008000256A] -> 0x8000
[422] [M]: 0x0000000080002568 (0x800004B7) lui x9, -0x80000                         spcl_M2mmode_test+4
x9 <- 0xFFFFFFFF80000000

mem[X,0x000000008000256C] -> 0x8493
mem[X,0x000000008000256E] -> 0x0004
[423] [M]: 0x000000008000256C (0x00048493) addi x9, x9, 0x0                         spcl_M2mmode_test+8
x9 <- 0xFFFFFFFF80000000

clint mtime 0x00000000000000D4 (mip.MTI <- 0b1, mip.STI <- 0b0)
mem[X,0x0000000080002570] -> 0x9493
mem[X,0x0000000080002572] -> 0x00B4
[424] [M]: 0x0000000080002570 (0x00B49493) slli x9, x9, 0xb                         spcl_M2mmode_test+12
x9 <- 0xFFFFFC0000000000

mem[X,0x0000000080002574] -> 0x8493
mem[X,0x0000000080002576] -> 0x0004
[425] [M]: 0x0000000080002574 (0x00048493) addi x9, x9, 0x0                         spcl_M2mmode_test+16
x9 <- 0xFFFFFC0000000000

clint mtime 0x00000000000000D5 (mip.MTI <- 0b1, mip.STI <- 0b0)
mem[X,0x0000000080002578] -> 0x9493
mem[X,0x000000008000257A] -> 0x00B4
[426] [M]: 0x0000000080002578 (0x00B49493) slli x9, x9, 0xb                         spcl_M2mmode_test+20
x9 <- 0xFFE0000000000000

mem[X,0x000000008000257C] -> 0x8493
mem[X,0x000000008000257E] -> 0x0034
[427] [M]: 0x000000008000257C (0x00348493) addi x9, x9, 0x3                         spcl_M2mmode_test+24
x9 <- 0xFFE0000000000003

clint mtime 0x00000000000000D6 (mip.MTI <- 0b1, mip.STI <- 0b0)
mem[X,0x0000000080002580] -> 0x9493
mem[X,0x0000000080002582] -> 0x00A4
[428] [M]: 0x0000000080002580 (0x00A49493) slli x9, x9, 0xa                         spcl_M2mmode_test+28
x9 <- 0x8000000000000C00

mem[X,0x0000000080002584] -> 0x8493
mem[X,0x0000000080002586] -> 0x3FC4
[429] [M]: 0x0000000080002584 (0x3FC48493) addi x9, x9, 0x3fc                       spcl_M2mmode_test+32
x9 <- 0x8000000000000FFC

clint mtime 0x00000000000000D7 (mip.MTI <- 0b1, mip.STI <- 0b0)
mem[X,0x0000000080002588] -> 0xF4B3
mem[X,0x000000008000258A] -> 0x00A4
[430] [M]: 0x0000000080002588 (0x00A4F4B3) and x9, x9, x10                          spcl_M2mmode_test+36
x9 <- 0x0000000000000000

mem[X,0x000000008000258C] -> 0x8493
mem[X,0x000000008000258E] -> 0xFF84
[431] [M]: 0x000000008000258C (0xFF848493) addi x9, x9, -0x8                        spcl_M2mmode_test+40
x9 <- 0xFFFFFFFFFFFFFFF8

clint mtime 0x00000000000000D8 (mip.MTI <- 0b1, mip.STI <- 0b0)
mem[X,0x0000000080002590] -> 0x9663
mem[X,0x0000000080002592] -> 0x0004
[432] [M]: 0x0000000080002590 (0x00049663) bne x9, x0, 0xc                          spcl_M2mmode_test+44

mem[X,0x000000008000259C] -> 0x0393
mem[X,0x000000008000259E] -> 0x0200
[433] [M]: 0x000000008000259C (0x02000393) addi x7, x0, 0x20                        Mtrapsig_ptr_upd+0
x7 <- 0x0000000000000020

clint mtime 0x00000000000000D9 (mip.MTI <- 0b1, mip.STI <- 0b0)
mem[X,0x00000000800025A0] -> 0x5263
mem[X,0x00000000800025A2] -> 0x0405
[434] [M]: 0x00000000800025A0 (0x04055263) bge x10, x0, 0x44                        Mtrapsig_ptr_upd+4

mem[X,0x00000000800025E4] -> 0x2373
mem[X,0x00000000800025E6] -> 0x3010
[435] [M]: 0x00000000800025E4 (0x30102373) csrrs x6, misa, x0                       Mxcpt_sig_sv+0
CSR misa (0x301) -> 0x800000000034112F
x6 <- 0x800000000034112F

clint mtime 0x00000000000000DA (mip.MTI <- 0b1, mip.STI <- 0b0)
mem[X,0x00000000800025E8] -> 0x1313
mem[X,0x00000000800025EA] -> 0x0383
[436] [M]: 0x00000000800025E8 (0x03831313) slli x6, x6, 0x38                        Mxcpt_sig_sv+4
x6 <- 0x2F00000000000000

mem[X,0x00000000800025EC] -> 0x5463
mem[X,0x00000000800025EE] -> 0x0003
[437] [M]: 0x00000000800025EC (0x00035463) bge x6, x0, 0x8                          Mxcpt_sig_sv+8

clint mtime 0x00000000000000DB (mip.MTI <- 0b1, mip.STI <- 0b0)
mem[X,0x00000000800025F4] -> 0x3303
mem[X,0x00000000800025F6] -> 0x2181
[438] [M]: 0x00000000800025F4 (0x21813303) ld x6, 0x218(x2)                         Mtrap_sig_sv+0
mem[R,0x0000000080005218] -> 0x000000008000A518
x6 <- 0x000000008000A518

mem[X,0x00000000800025F8] -> 0x04B3
mem[X,0x00000000800025FA] -> 0x0073
[439] [M]: 0x00000000800025F8 (0x007304B3) add x9, x6, x7                           Mtrap_sig_sv+4
x9 <- 0x000000008000A538

clint mtime 0x00000000000000DC (mip.MTI <- 0b1, mip.STI <- 0b0)
mem[X,0x00000000800025FC] -> 0x3C23
mem[X,0x00000000800025FE] -> 0x2091
[440] [M]: 0x00000000800025FC (0x20913C23) sd x9, 0x218(x2)                         Mtrap_sig_sv+8
mem[W,0x0000000080005218] <- 0x000000008000A538

mem[X,0x0000000080002600] -> 0x3403
mem[X,0x0000000080002602] -> 0x1F81
[441] [M]: 0x0000000080002600 (0x1F813403) ld x8, 0x1f8(x2)                         Mtrap_sig_sv+12
mem[R,0x00000000800051F8] -> 0x000000008000A110
x8 <- 0x000000008000A110

clint mtime 0x00000000000000DD (mip.MTI <- 0b1, mip.STI <- 0b0)
mem[X,0x0000000080002604] -> 0x0333
mem[X,0x0000000080002606] -> 0x4083
[442] [M]: 0x0000000080002604 (0x40830333) sub x6, x6, x8                           Mtrap_sig_sv+16
x6 <- 0x0000000000000408

mem[X,0x0000000080002608] -> 0x3403
mem[X,0x000000008000260A] -> 0x1F81
[443] [M]: 0x0000000080002608 (0x1F813403) ld x8, 0x1f8(x2)                         Mtrap_sig_sv+20
mem[R,0x00000000800051F8] -> 0x000000008000A110
x8 <- 0x000000008000A110

clint mtime 0x00000000000000DE (mip.MTI <- 0b1, mip.STI <- 0b0)
mem[X,0x000000008000260C] -> 0x0333
mem[X,0x000000008000260E] -> 0x0083
[444] [M]: 0x000000008000260C (0x00830333) add x6, x6, x8                           Mtrap_sig_sv+24
x6 <- 0x000000008000A518

mem[X,0x0000000080002610] -> 0x3403
mem[X,0x0000000080002612] -> 0x2401
[445] [M]: 0x0000000080002610 (0x24013403) ld x8, 0x240(x2)                         Mtrap_sig_sv+28
mem[R,0x0000000080005240] -> 0x0000000080002380
x8 <- 0x0000000080002380

clint mtime 0x00000000000000DF (mip.MTI <- 0b1, mip.STI <- 0b0)
mem[X,0x0000000080002614] -> 0x85B3
mem[X,0x0000000080002616] -> 0x4085
[446] [M]: 0x0000000080002614 (0x408585B3) sub x11, x11, x8                         sv_Mvect+0
x11 <- 0x000000000000010C

mem[X,0x0000000080002618] -> 0x9593
mem[X,0x000000008000261A] -> 0x0045
[447] [M]: 0x0000000080002618 (0x00459593) slli x11, x11, 0x4                       sv_Mvect+4
x11 <- 0x00000000000010C0

clint mtime 0x00000000000000E0 (mip.MTI <- 0b1, mip.STI <- 0b0)
mem[X,0x000000008000261C] -> 0xE5B3
mem[X,0x000000008000261E] -> 0x0075
[448] [M]: 0x000000008000261C (0x0075E5B3) or x11, x11, x7                          sv_Mvect+8
x11 <- 0x00000000000010E0

mem[X,0x0000000080002620] -> 0x8593
mem[X,0x0000000080002622] -> 0x0035
[449] [M]: 0x0000000080002620 (0x00358593) addi x11, x11, 0x3                       sv_Mvect+12
x11 <- 0x00000000000010E3

clint mtime 0x00000000000000E1 (mip.MTI <- 0b1, mip.STI <- 0b0)
mem[X,0x0000000080002624] -> 0x3023
mem[X,0x0000000080002626] -> 0x00B3
[450] [M]: 0x0000000080002624 (0x00B33023) sd x11, 0x0(x6)                          sv_Mvect+16
mem[W,0x000000008000A518] <- 0x00000000000010E3

mem[X,0x0000000080002628] -> 0x3423
mem[X,0x000000008000262A] -> 0x00A3
[451] [M]: 0x0000000080002628 (0x00A33423) sd x10, 0x8(x6)                          sv_Mcause+0
mem[W,0x000000008000A520] <- 0x0000000000000002

clint mtime 0x00000000000000E2 (mip.MTI <- 0b1, mip.STI <- 0b0)
mem[X,0x000000008000262C] -> 0x4663
mem[X,0x000000008000262E] -> 0x1A05
[452] [M]: 0x000000008000262C (0x1A054663) blt x10, x0, 0x1ac                       sv_Mcause+4

mem[X,0x0000000080002630] -> 0x25F3
mem[X,0x0000000080002632] -> 0x3000
[453] [M]: 0x0000000080002630 (0x300025F3) csrrs x11, mstatus, x0                   common_Mexcpt_handler+0
CSR mstatus (0x300) -> 0x0000000A00000000
x11 <- 0x0000000A00000000

clint mtime 0x00000000000000E3 (mip.MTI <- 0b1, mip.STI <- 0b0)
mem[X,0x0000000080002634] -> 0x9413
mem[X,0x0000000080002636] -> 0x02E5
[454] [M]: 0x0000000080002634 (0x02E59413) slli x8, x11, 0x2e                       common_Mexcpt_handler+4
x8 <- 0x0000000000000000

mem[X,0x0000000080002638] -> 0x5463
mem[X,0x000000008000263A] -> 0x0004
[455] [M]: 0x0000000080002638 (0x00045463) bge x8, x0, 0x8                          common_Mexcpt_handler+8

clint mtime 0x00000000000000E4 (mip.MTI <- 0b1, mip.STI <- 0b0)
mem[X,0x0000000080002640] -> 0xD493
mem[X,0x0000000080002642] -> 0x00B5
[456] [M]: 0x0000000080002640 (0x00B5D493) srli x9, x11, 0xb                        common_Mexcpt_handler+16
x9 <- 0x0000000001400000

mem[X,0x0000000080002644] -> 0xF493
mem[X,0x0000000080002646] -> 0x0034
[457] [M]: 0x0000000080002644 (0x0034F493) andi x9, x9, 0x3                         common_Mexcpt_handler+20
x9 <- 0x0000000000000000

clint mtime 0x00000000000000E5 (mip.MTI <- 0b1, mip.STI <- 0b0)
mem[X,0x0000000080002648] -> 0x8493
mem[X,0x000000008000264A] -> 0x0014
[458] [M]: 0x0000000080002648 (0x00148493) addi x9, x9, 0x1                         common_Mexcpt_handler+24
x9 <- 0x0000000000000001

mem[X,0x000000008000264C] -> 0xF493
mem[X,0x000000008000264E] -> 0x0044
[459] [M]: 0x000000008000264C (0x0044F493) andi x9, x9, 0x4                         common_Mexcpt_handler+28
x9 <- 0x0000000000000000

clint mtime 0x00000000000000E6 (mip.MTI <- 0b1, mip.STI <- 0b0)
mem[X,0x0000000080002650] -> 0x0593
mem[X,0x0000000080002652] -> 0x05D0
[460] [M]: 0x0000000080002650 (0x05D00593) addi x11, x0, 0x5d                       common_Mexcpt_handler+32
x11 <- 0x000000000000005D

mem[X,0x0000000080002654] -> 0xD5B3
mem[X,0x0000000080002656] -> 0x0095
[461] [M]: 0x0000000080002654 (0x0095D5B3) srl x11, x11, x9                         common_Mexcpt_handler+36
x11 <- 0x000000000000005D

clint mtime 0x00000000000000E7 (mip.MTI <- 0b1, mip.STI <- 0b0)
mem[X,0x0000000080002658] -> 0xF593
mem[X,0x000000008000265A] -> 0x0015
[462] [M]: 0x0000000080002658 (0x0015F593) andi x11, x11, 0x1                       common_Mexcpt_handler+40
x11 <- 0x0000000000000001

mem[X,0x000000008000265C] -> 0x8EE3
mem[X,0x000000008000265E] -> 0xF405
[463] [M]: 0x000000008000265C (0xF4058EE3) beq x11, x0, -0xa4                       common_Mexcpt_handler+44

clint mtime 0x00000000000000E8 (mip.MTI <- 0b1, mip.STI <- 0b0)
mem[X,0x0000000080002660] -> 0x0593
mem[X,0x0000000080002662] -> 0x2980
[464] [M]: 0x0000000080002660 (0x29800593) addi x11, x0, 0x298                      common_Mexcpt_handler+48
x11 <- 0x0000000000000298

mem[X,0x0000000080002664] -> 0xF413
mem[X,0x0000000080002666] -> 0x0014
[465] [M]: 0x0000000080002664 (0x0014F413) andi x8, x9, 0x1                         common_Mexcpt_handler+52
x8 <- 0x0000000000000000

clint mtime 0x00000000000000E9 (mip.MTI <- 0b1, mip.STI <- 0b0)
mem[X,0x0000000080002668] -> 0x95B3
mem[X,0x000000008000266A] -> 0x0085
[466] [M]: 0x0000000080002668 (0x008595B3) sll x11, x11, x8                         common_Mexcpt_handler+56
x11 <- 0x0000000000000298

mem[X,0x000000008000266C] -> 0x9413
mem[X,0x000000008000266E] -> 0x03D4
[467] [M]: 0x000000008000266C (0x03D49413) slli x8, x9, 0x3d                        common_Mexcpt_handler+60
x8 <- 0x0000000000000000

clint mtime 0x00000000000000EA (mip.MTI <- 0b1, mip.STI <- 0b0)
mem[X,0x0000000080002670] -> 0x5413
mem[X,0x0000000080002672] -> 0x43F4
[468] [M]: 0x0000000080002670 (0x43F45413) srai x8, x8, 0x3f                        common_Mexcpt_handler+64
x8 <- 0x0000000000000000

mem[X,0x0000000080002674] -> 0x4413
mem[X,0x0000000080002676] -> 0xFFF4
[469] [M]: 0x0000000080002674 (0xFFF44413) xori x8, x8, -0x1                        common_Mexcpt_handler+68
x8 <- 0xFFFFFFFFFFFFFFFF

clint mtime 0x00000000000000EB (mip.MTI <- 0b1, mip.STI <- 0b0)
mem[X,0x0000000080002678] -> 0xF4B3
mem[X,0x000000008000267A] -> 0x0085
[470] [M]: 0x0000000080002678 (0x0085F4B3) and x9, x11, x8                          common_Mexcpt_handler+72
x9 <- 0x0000000000000298

mem[X,0x000000008000267C] -> 0x84B3
mem[X,0x000000008000267E] -> 0x0024
[471] [M]: 0x000000008000267C (0x002484B3) add x9, x9, x2                           vmem_adj_Mepc+0
x9 <- 0x0000000080005298

clint mtime 0x00000000000000EC (mip.MTI <- 0b1, mip.STI <- 0b0)
mem[X,0x0000000080002680] -> 0x23F3
mem[X,0x0000000080002682] -> 0x3410
[472] [M]: 0x0000000080002680 (0x341023F3) csrrs x7, mepc, x0                       vmem_adj_Mepc+4
CSR mepc (0x341) -> 0x0000030080000B38
x7 <- 0x0000030080000B38

mem[X,0x0000000080002684] -> 0x0413
mem[X,0x0000000080002686] -> 0x0004
[473] [M]: 0x0000000080002684 (0x00040413) addi x8, x8, 0x0                         vmem_adj_Mepc+8
x8 <- 0xFFFFFFFFFFFFFFFF

clint mtime 0x00000000000000ED (mip.MTI <- 0b1, mip.STI <- 0b0)
mem[X,0x0000000080002688] -> 0x006F
mem[X,0x000000008000268A] -> 0x0400
[474] [M]: 0x0000000080002688 (0x0400006F) jal x0, 0x40                             vmem_adj_Mepc+12

mem[X,0x00000000800026C8] -> 0x8433
mem[X,0x00000000800026CA] -> 0x4083
[475] [M]: 0x00000000800026C8 (0x40838433) sub x8, x7, x8                           adj_Mepc+0
x8 <- 0x0000030080000B39

clint mtime 0x00000000000000EE (mip.MTI <- 0b1, mip.STI <- 0b0)
mem[X,0x00000000800026CC] -> 0x3823
mem[X,0x00000000800026CE] -> 0x0083
[476] [M]: 0x00000000800026CC (0x00833823) sd x8, 0x10(x6)                          sv_Mepc+0
mem[W,0x000000008000A528] <- 0x0000030080000B39

mem[X,0x00000000800026D0] -> 0x55B7
mem[X,0x00000000800026D2] -> 0x0000
[477] [M]: 0x00000000800026D0 (0x000055B7) lui x11, 0x5                             sv_Mepc+4
x11 <- 0x0000000000005000

clint mtime 0x00000000000000EF (mip.MTI <- 0b1, mip.STI <- 0b0)
mem[X,0x00000000800026D4] -> 0x8593
mem[X,0x00000000800026D6] -> 0x6675
[478] [M]: 0x00000000800026D4 (0x66758593) addi x11, x11, 0x667                     sv_Mepc+8
x11 <- 0x0000000000005667

mem[X,0x00000000800026D8] -> 0x9593
mem[X,0x00000000800026DA] -> 0x0015
[479] [M]: 0x00000000800026D8 (0x00159593) slli x11, x11, 0x1                       sv_Mepc+12
x11 <- 0x000000000000ACCE

clint mtime 0x00000000000000F0 (mip.MTI <- 0b1, mip.STI <- 0b0)
mem[X,0x00000000800026DC] -> 0x9063
mem[X,0x00000000800026DE] -> 0x02B1
[480] [M]: 0x00000000800026DC (0x02B19063) bne x3, x11, 0x20                        sv_Mepc+16

mem[X,0x00000000800026FC] -> 0xF593
mem[X,0x00000000800026FE] -> 0xFFC3
[481] [M]: 0x00000000800026FC (0xFFC3F593) andi x11, x7, -0x4                       adj_Mepc_rtn+0
x11 <- 0x0000030080000B38

clint mtime 0x00000000000000F1 (mip.MTI <- 0b1, mip.STI <- 0b0)
mem[X,0x0000000080002700] -> 0x8593
mem[X,0x0000000080002702] -> 0x0085
[482] [M]: 0x0000000080002700 (0x00858593) addi x11, x11, 0x8                       adj_Mepc_rtn+4
x11 <- 0x0000030080000B40

mem[X,0x0000000080002704] -> 0x9073
mem[X,0x0000000080002706] -> 0x3415
[483] [M]: 0x0000000080002704 (0x34159073) csrrw x0, mepc, x11                      adj_Mepc_rtn+8
CSR mepc (0x341) <- 0x0000030080000B40

clint mtime 0x00000000000000F2 (mip.MTI <- 0b1, mip.STI <- 0b0)
mem[X,0x0000000080002708] -> 0x23F3
mem[X,0x000000008000270A] -> 0x3430
[484] [M]: 0x0000000080002708 (0x343023F3) csrrs x7, mtval, x0                      skp_adj_Mepc+0
CSR mtval (0x343) -> 0x00000000341494F3
x7 <- 0x00000000341494F3

mem[X,0x000000008000270C] -> 0x0413
mem[X,0x000000008000270E] -> 0x0004
[485] [M]: 0x000000008000270C (0x00040413) addi x8, x8, 0x0                         skp_adj_Mepc+4
x8 <- 0x0000030080000B39

clint mtime 0x00000000000000F3 (mip.MTI <- 0b1, mip.STI <- 0b0)
mem[X,0x0000000080002710] -> 0x006F
mem[X,0x0000000080002712] -> 0x0840
[486] [M]: 0x0000000080002710 (0x0840006F) jal x0, 0x84                             skp_adj_Mepc+8

mem[X,0x0000000080002794] -> 0x8433
mem[X,0x0000000080002796] -> 0x4083
[487] [M]: 0x0000000080002794 (0x40838433) sub x8, x7, x8                           adj_Mtval+0
x8 <- 0xFFFFFCFFB41489BA

clint mtime 0x00000000000000F4 (mip.MTI <- 0b1, mip.STI <- 0b0)
mem[X,0x0000000080002798] -> 0x3C23
mem[X,0x000000008000279A] -> 0x0083
[488] [M]: 0x0000000080002798 (0x00833C23) sd x8, 0x18(x6)                          sv_Mtval+0
mem[W,0x000000008000A530] <- 0xFFFFFCFFB41489BA

mem[X,0x000000008000279C] -> 0x3483
mem[X,0x000000008000279E] -> 0x2181
[489] [M]: 0x000000008000279C (0x21813483) ld x9, 0x218(x2)                         skp_Mtval+0
mem[R,0x0000000080005218] -> 0x000000008000A538
x9 <- 0x000000008000A538

clint mtime 0x00000000000000F5 (mip.MTI <- 0b1, mip.STI <- 0b0)
mem[X,0x00000000800027A0] -> 0x3383
mem[X,0x00000000800027A2] -> 0x1F81
[490] [M]: 0x00000000800027A0 (0x1F813383) ld x7, 0x1f8(x2)                         skp_Mtval+4
mem[R,0x00000000800051F8] -> 0x000000008000A110
x7 <- 0x000000008000A110

mem[X,0x00000000800027A4] -> 0x3303
mem[X,0x00000000800027A6] -> 0x2001
[491] [M]: 0x00000000800027A4 (0x20013303) ld x6, 0x200(x2)                         skp_Mtval+8
mem[R,0x0000000080005200] -> 0x0000000000000610
x6 <- 0x0000000000000610

clint mtime 0x00000000000000F6 (mip.MTI <- 0b1, mip.STI <- 0b0)
mem[X,0x00000000800027A8] -> 0x0333
mem[X,0x00000000800027AA] -> 0x0073
[492] [M]: 0x00000000800027A8 (0x00730333) add x6, x6, x7                           skp_Mtval+12
x6 <- 0x000000008000A720

mem[X,0x00000000800027AC] -> 0x6AE3
mem[X,0x00000000800027AE] -> 0xAE93
[493] [M]: 0x00000000800027AC (0xAE936AE3) bltu x6, x9, -0x50c                      skp_Mtval+16

clint mtime 0x00000000000000F7 (mip.MTI <- 0b1, mip.STI <- 0b0)
mem[X,0x00000000800027B0] -> 0x0393
mem[X,0x00000000800027B2] -> 0x2000
[494] [M]: 0x00000000800027B0 (0x20000393) addi x7, x0, 0x200                       skp_Mtval+20
x7 <- 0x0000000000000200

mem[X,0x00000000800027B4] -> 0x006F
mem[X,0x00000000800027B6] -> 0x0400
[495] [M]: 0x00000000800027B4 (0x0400006F) jal x0, 0x40                             skp_Mtval+24

clint mtime 0x00000000000000F8 (mip.MTI <- 0b1, mip.STI <- 0b0)
mem[X,0x00000000800027F4] -> 0x0417
mem[X,0x00000000800027F6] -> 0x0000
[496] [M]: 0x00000000800027F4 (0x00000417) auipc x8, 0x0                            spcl_Mhandler+0
x8 <- 0x00000000800027F4

mem[X,0x00000000800027F8] -> 0x0413
mem[X,0x00000000800027FA] -> 0x03C4
[497] [M]: 0x00000000800027F8 (0x03C40413) addi x8, x8, 0x3c                        spcl_Mhandler+4
x8 <- 0x0000000080002830

clint mtime 0x00000000000000F9 (mip.MTI <- 0b1, mip.STI <- 0b0)
mem[X,0x00000000800027FC] -> 0x0433
mem[X,0x00000000800027FE] -> 0x0074
[498] [M]: 0x00000000800027FC (0x00740433) add x8, x8, x7                           spcl_Mhandler+8
x8 <- 0x0000000080002A30

mem[X,0x0000000080002800] -> 0x1393
mem[X,0x0000000080002802] -> 0x0035
[499] [M]: 0x0000000080002800 (0x00351393) slli x7, x10, 0x3                        spcl_Mhandler+12
x7 <- 0x0000000000000010

clint mtime 0x00000000000000FA (mip.MTI <- 0b1, mip.STI <- 0b0)
mem[X,0x0000000080002804] -> 0x0433
mem[X,0x0000000080002806] -> 0x0074
[500] [M]: 0x0000000080002804 (0x00740433) add x8, x8, x7                           spcl_Mhandler+16
x8 <- 0x0000000080002A40

mem[X,0x0000000080002808] -> 0x7413
mem[X,0x000000008000280A] -> 0xFF84
[501] [M]: 0x0000000080002808 (0xFF847413) andi x8, x8, -0x8                        spcl_Mhandler+20
x8 <- 0x0000000080002A40

clint mtime 0x00000000000000FB (mip.MTI <- 0b1, mip.STI <- 0b0)
mem[X,0x000000008000280C] -> 0x3403
mem[X,0x000000008000280E] -> 0x0004
[502] [M]: 0x000000008000280C (0x00043403) ld x8, 0x0(x8)                           spcl_Mhandler+24
mem[R,0x0000000080002A40] -> 0x0000000000000005
x8 <- 0x0000000000000005

mem[X,0x0000000080002810] -> 0x02E3
mem[X,0x0000000080002812] -> 0xB204
[503] [M]: 0x0000000080002810 (0xB20402E3) beq x8, x0, -0x4dc                       spcl_Mdispatch_hndling+0

clint mtime 0x00000000000000FC (mip.MTI <- 0b1, mip.STI <- 0b0)
mem[X,0x0000000080002814] -> 0x1393
mem[X,0x0000000080002816] -> 0x03F4
[504] [M]: 0x0000000080002814 (0x03F41393) slli x7, x8, 0x3f                        spcl_Mdispatch_hndling+4
x7 <- 0x8000000000000000

mem[X,0x0000000080002818] -> 0xD863
mem[X,0x000000008000281A] -> 0x0003
[505] [M]: 0x0000000080002818 (0x0003D863) bge x7, x0, 0x10                         spcl_Mdispatch_hndling+8

clint mtime 0x00000000000000FD (mip.MTI <- 0b1, mip.STI <- 0b0)
mem[X,0x000000008000281C] -> 0x5413
mem[X,0x000000008000281E] -> 0x0014
[506] [M]: 0x000000008000281C (0x00145413) srli x8, x8, 0x1                         spcl_Mdispatch_hndling+12
x8 <- 0x0000000000000002

mem[X,0x0000000080002820] -> 0x0CE3
mem[X,0x0000000080002822] -> 0xF885
[507] [M]: 0x0000000080002820 (0xF8850CE3) beq x10, x8, -0x68                       spcl_Mdispatch_hndling+16

clint mtime 0x00000000000000FE (mip.MTI <- 0b1, mip.STI <- 0b0)
mem[X,0x00000000800027B8] -> 0x3303
mem[X,0x00000000800027BA] -> 0x2601
[508] [M]: 0x00000000800027B8 (0x26013303) ld x6, 0x260(x2)                         resto_Mrtn+0
mem[R,0x0000000080005260] -> 0x0000030000000008
x6 <- 0x0000030000000008

mem[X,0x00000000800027BC] -> 0x3383
mem[X,0x00000000800027BE] -> 0x2681
[509] [M]: 0x00000000800027BC (0x26813383) ld x7, 0x268(x2)                         resto_Mrtn+4
mem[R,0x0000000080005268] -> 0x0000000080005000
x7 <- 0x0000000080005000

clint mtime 0x00000000000000FF (mip.MTI <- 0b1, mip.STI <- 0b0)
mem[X,0x00000000800027C0] -> 0x3403
mem[X,0x00000000800027C2] -> 0x2701
[510] [M]: 0x00000000800027C0 (0x27013403) ld x8, 0x270(x2)                         resto_Mrtn+8
mem[R,0x0000000080005270] -> 0x0000000000007F76
x8 <- 0x0000000000007F76

mem[X,0x00000000800027C4] -> 0x3483
mem[X,0x00000000800027C6] -> 0x2781
[511] [M]: 0x00000000800027C4 (0x27813483) ld x9, 0x278(x2)                         resto_Mrtn+12
mem[R,0x0000000080005278] -> 0x0000060080000B38
x9 <- 0x0000060080000B38

clint mtime 0x0000000000000100 (mip.MTI <- 0b1, mip.STI <- 0b0)
mem[X,0x00000000800027C8] -> 0x3503
mem[X,0x00000000800027CA] -> 0x2801
[512] [M]: 0x00000000800027C8 (0x28013503) ld x10, 0x280(x2)                        resto_Mrtn+16
mem[R,0x0000000080005280] -> 0x00000000000001DF
x10 <- 0x00000000000001DF

mem[X,0x00000000800027CC] -> 0x3583
mem[X,0x00000000800027CE] -> 0x2881
[513] [M]: 0x00000000800027CC (0x28813583) ld x11, 0x288(x2)                        resto_Mrtn+20
mem[R,0x0000000080005288] -> 0x00000000000001DF
x11 <- 0x00000000000001DF

clint mtime 0x0000000000000101 (mip.MTI <- 0b1, mip.STI <- 0b0)
mem[X,0x00000000800027D0] -> 0x3103
mem[X,0x00000000800027D2] -> 0x2901
[514] [M]: 0x00000000800027D0 (0x29013103) ld x2, 0x290(x2)                         resto_Mrtn+24
mem[R,0x0000000080005290] -> 0x0000000080005000
x2 <- 0x0000000080005000

mem[X,0x00000000800027D4] -> 0x0073
mem[X,0x00000000800027D6] -> 0x3020
[515] [M]: 0x00000000800027D4 (0x30200073) mret                                     resto_Mrtn+28
CSR mstatus (0x300) <- 0x0000000A00000080
ret-ing from M to U

clint mtime 0x0000000000000102 (mip.MTI <- 0b1, mip.STI <- 0b0)
mem[X,0x0000000080000B40] -> 0x07B7
mem[X,0x0000000080000B42] -> 0x0000
[516] [U]: 0x0000030080000B40 (0x000007B7) lui x15, 0x0                             va_rvtest_code_begin+900
x15 <- 0x0000000000000000

mem[X,0x0000000080000B44] -> 0x8793
mem[X,0x0000000080000B46] -> 0x2807
[517] [U]: 0x0000030080000B44 (0x28078793) addi x15, x15, 0x280                     va_rvtest_code_begin+904
x15 <- 0x0000000000000280

clint mtime 0x0000000000000103 (mip.MTI <- 0b1, mip.STI <- 0b0)
mem[X,0x0000000080000B48] -> 0x9793
mem[X,0x0000000080000B4A] -> 0x00B7
[518] [U]: 0x0000030080000B48 (0x00B79793) slli x15, x15, 0xb                       va_rvtest_code_begin+908
x15 <- 0x0000000000140000

mem[X,0x0000000080000B4C] -> 0x8793
mem[X,0x0000000080000B4E] -> 0x4007
[519] [U]: 0x0000030080000B4C (0x40078793) addi x15, x15, 0x400                     va_rvtest_code_begin+912
x15 <- 0x0000000000140400

clint mtime 0x0000000000000104 (mip.MTI <- 0b1, mip.STI <- 0b0)
mem[X,0x0000000080000B50] -> 0x9793
mem[X,0x0000000080000B52] -> 0x00B7
[520] [U]: 0x0000030080000B50 (0x00B79793) slli x15, x15, 0xb                       va_rvtest_code_begin+916
x15 <- 0x00000000A0200000

mem[X,0x0000000080000B54] -> 0x8793
mem[X,0x0000000080000B56] -> 0x0017
[521] [U]: 0x0000030080000B54 (0x00178793) addi x15, x15, 0x1                       va_rvtest_code_begin+920
x15 <- 0x00000000A0200001

clint mtime 0x0000000000000105 (mip.MTI <- 0b1, mip.STI <- 0b0)
mem[X,0x0000000080000B58] -> 0x9793
mem[X,0x0000000080000B5A] -> 0x00A7
[522] [U]: 0x0000030080000B58 (0x00A79793) slli x15, x15, 0xa                       va_rvtest_code_begin+924
x15 <- 0x0000028080000400

mem[X,0x0000000080000B5C] -> 0x0613
mem[X,0x0000000080000B5E] -> 0x0106
[523] [U]: 0x0000030080000B5C (0x01060613) addi x12, x12, 0x10                      va_rvtest_code_begin+928
x12 <- 0x0000000000000010

clint mtime 0x0000000000000106 (mip.MTI <- 0b1, mip.STI <- 0b0)
mem[X,0x0000000080000B60] -> 0xAA23
mem[X,0x0000000080000B62] -> 0x00C7
[524] [U]: 0x0000030080000B60 (0x00C7AA23) sw x12, 0x14(x15)                        va_rvtest_code_begin+932
PTW: Start, vpn=0x28080000, access_type=W, privilege=Umem[R,0x0000000080009028] -> 0x00000000000001DF
PTW: Step, level=3, pte=0x1DF, pte_addr=0x80009028
PTW: Success, final_ppn=0x80000, level=3mem[W,0x0000000080000414] <- 0x00000010

PTW: Start, vpn=0x30080000, access_type=X, privilege=Umem[R,0x0000000080009030] -> 0x00000000000000DB
PTW: Step, level=3, pte=0xDB, pte_addr=0x80009030
PTW: Success, final_ppn=0x80000, level=3mem[X,0x0000000080000B64] -> 0x0013
mem[X,0x0000000080000B66] -> 0x0000
[525] [U]: 0x0000030080000B64 (0x00000013) addi x0, x0, 0x0                         va_rvtest_code_begin+936

clint mtime 0x0000000000000107 (mip.MTI <- 0b1, mip.STI <- 0b0)
mem[X,0x0000000080000B68] -> 0xA703
mem[X,0x0000000080000B6A] -> 0x0147
[526] [U]: 0x0000030080000B68 (0x0147A703) lw x14, 0x14(x15)                        va_rvtest_code_begin+940
PTW: Start, vpn=0x28080000, access_type=R, privilege=Umem[R,0x0000000080009028] -> 0x00000000000001DF
PTW: Step, level=3, pte=0x1DF, pte_addr=0x80009028
PTW: Success, final_ppn=0x80000, level=3mem[R,0x0000000080000414] -> 0x00000010
x14 <- 0x0000000000000010

PTW: Start, vpn=0x30080000, access_type=X, privilege=Umem[R,0x0000000080009030] -> 0x00000000000000DB
PTW: Step, level=3, pte=0xDB, pte_addr=0x80009030
PTW: Success, final_ppn=0x80000, level=3mem[X,0x0000000080000B6C] -> 0x0013
mem[X,0x0000000080000B6E] -> 0x0000
[527] [U]: 0x0000030080000B6C (0x00000013) addi x0, x0, 0x0                         va_rvtest_code_begin+944

clint mtime 0x0000000000000108 (mip.MTI <- 0b1, mip.STI <- 0b0)
mem[X,0x0000000080000B70] -> 0x51B7
mem[X,0x0000000080000B72] -> 0x0000
[528] [U]: 0x0000030080000B70 (0x000051B7) lui x3, 0x5                              va_rvtest_code_begin+948
x3 <- 0x0000000000005000

mem[X,0x0000000080000B74] -> 0x8193
mem[X,0x0000000080000B76] -> 0x6671
[529] [U]: 0x0000030080000B74 (0x66718193) addi x3, x3, 0x667                       va_rvtest_code_begin+952
x3 <- 0x0000000000005667

clint mtime 0x0000000000000109 (mip.MTI <- 0b1, mip.STI <- 0b0)
mem[X,0x0000000080000B78] -> 0x9193
mem[X,0x0000000080000B7A] -> 0x0011
[530] [U]: 0x0000030080000B78 (0x00119193) slli x3, x3, 0x1                         va_rvtest_code_begin+956
x3 <- 0x000000000000ACCE

mem[X,0x0000000080000B7C] -> 0x0013
mem[X,0x0000000080000B7E] -> 0x0000
[531] [U]: 0x0000030080000B7C (0x00000013) addi x0, x0, 0x0                         va_rvtest_code_begin+960

clint mtime 0x000000000000010A (mip.MTI <- 0b1, mip.STI <- 0b0)
mem[X,0x0000000080000B80] -> 0x0217
mem[X,0x0000000080000B82] -> 0x0000
[532] [U]: 0x0000030080000B80 (0x00000217) auipc x4, 0x0                            va_rvtest_code_begin+964
x4 <- 0x0000030080000B80

mem[X,0x0000000080000B84] -> 0x0213
mem[X,0x0000000080000B86] -> 0x02C2
[533] [U]: 0x0000030080000B84 (0x02C20213) addi x4, x4, 0x2c                        va_rvtest_code_begin+968
x4 <- 0x0000030080000BAC

clint mtime 0x000000000000010B (mip.MTI <- 0b1, mip.STI <- 0b0)
mem[X,0x0000000080000B88] -> 0x0001
[534] [U]: 0x0000030080000B88 (0x0001) c.nop                                        va_rvtest_code_begin+972

mem[X,0x0000000080000B8A] -> 0x0013
mem[X,0x0000000080000B8C] -> 0x0000
[535] [U]: 0x0000030080000B8A (0x00000013) addi x0, x0, 0x0                         va_rvtest_code_begin+974

clint mtime 0x000000000000010C (mip.MTI <- 0b1, mip.STI <- 0b0)
mem[X,0x0000000080000B8E] -> 0x0013
mem[X,0x0000000080000B90] -> 0x0000
[536] [U]: 0x0000030080000B8E (0x00000013) addi x0, x0, 0x0                         va_rvtest_code_begin+978

mem[X,0x0000000080000B92] -> 0x0013
mem[X,0x0000000080000B94] -> 0x0000
[537] [U]: 0x0000030080000B92 (0x00000013) addi x0, x0, 0x0                         va_rvtest_code_begin+982

clint mtime 0x000000000000010D (mip.MTI <- 0b1, mip.STI <- 0b0)
mem[X,0x0000000080000B96] -> 0x0013
mem[X,0x0000000080000B98] -> 0x0000
[538] [U]: 0x0000030080000B96 (0x00000013) addi x0, x0, 0x0                         va_rvtest_code_begin+986

mem[X,0x0000000080000B9A] -> 0x0013
mem[X,0x0000000080000B9C] -> 0x0000
[539] [U]: 0x0000030080000B9A (0x00000013) addi x0, x0, 0x0                         va_rvtest_code_begin+990

clint mtime 0x000000000000010E (mip.MTI <- 0b1, mip.STI <- 0b0)
mem[X,0x0000000080000B9E] -> 0x0001
[540] [U]: 0x0000030080000B9E (0x0001) c.nop                                        va_rvtest_code_begin+994

mem[X,0x0000000080000BA0] -> 0x80E7
mem[X,0x0000000080000BA2] -> 0x0007
[541] [U]: 0x0000030080000BA0 (0x000780E7) jalr x1, 0x0(x15)                        va_rvtest_code_begin+996
x1 <- 0x0000030080000BA4

clint mtime 0x000000000000010F (mip.MTI <- 0b1, mip.STI <- 0b0)
PTW: Start, vpn=0x28080000, access_type=X, privilege=Umem[R,0x0000000080009028] -> 0x00000000000001DF
PTW: Step, level=3, pte=0x1DF, pte_addr=0x80009028
PTW: Success, final_ppn=0x80000, level=3mem[X,0x0000000080000400] -> 0x0013
mem[X,0x0000000080000402] -> 0x0000
[542] [U]: 0x0000028080000400 (0x00000013) addi x0, x0, 0x0                         va_data_l3+0

mem[X,0x0000000080000404] -> 0x8093
mem[X,0x0000000080000406] -> 0x0080
[543] [U]: 0x0000028080000404 (0x00808093) addi x1, x1, 0x8                         va_data_l3+4
x1 <- 0x0000030080000BAC

clint mtime 0x0000000000000110 (mip.MTI <- 0b1, mip.STI <- 0b0)
mem[X,0x0000000080000408] -> 0x8067
mem[X,0x000000008000040A] -> 0x0000
[544] [U]: 0x0000028080000408 (0x00008067) jalr x0, 0x0(x1)                         va_data_l3+8

PTW: Start, vpn=0x30080000, access_type=X, privilege=Umem[R,0x0000000080009030] -> 0x00000000000000DB
PTW: Step, level=3, pte=0xDB, pte_addr=0x80009030
PTW: Success, final_ppn=0x80000, level=3mem[X,0x0000000080000BAC] -> 0x0013
mem[X,0x0000000080000BAE] -> 0x0000
[545] [U]: 0x0000030080000BAC (0x00000013) addi x0, x0, 0x0                         va_rvtest_code_begin+1008

clint mtime 0x0000000000000111 (mip.MTI <- 0b1, mip.STI <- 0b0)
mem[X,0x0000000080000BB0] -> 0x0013
mem[X,0x0000000080000BB2] -> 0x0000
[546] [U]: 0x0000030080000BB0 (0x00000013) addi x0, x0, 0x0                         va_rvtest_code_begin+1012

mem[X,0x0000000080000BB4] -> 0x0013
mem[X,0x0000000080000BB6] -> 0x0000
[547] [U]: 0x0000030080000BB4 (0x00000013) addi x0, x0, 0x0                         va_rvtest_code_begin+1016

clint mtime 0x0000000000000112 (mip.MTI <- 0b1, mip.STI <- 0b0)
mem[X,0x0000000080000BB8] -> 0x0113
mem[X,0x0000000080000BBA] -> 0x0000
[548] [U]: 0x0000030080000BB8 (0x00000113) addi x2, x0, 0x0                         va_rvtest_code_begin+1020
x2 <- 0x0000000000000000

mem[X,0x0000000080000BBC] -> 0x0073
mem[X,0x0000000080000BBE] -> 0x0000
[549] [U]: 0x0000030080000BBC (0x00000073) ecall                                    va_rvtest_code_begin+1024
trapping from U to M to handle u-call
handling exc#u-call at priv M with tval 0x0000000000000000
CSR mstatus (0x300) <- 0x0000000A00000000
CSR mcause (0x342) <- 0x0000000000000008
CSR mtval (0x343) <- 0x0000000000000000
CSR mepc (0x341) <- 0x0000030080000BBC

clint mtime 0x0000000000000113 (mip.MTI <- 0b1, mip.STI <- 0b0)
mem[X,0x0000000080002380] -> 0x006F
mem[X,0x0000000080002382] -> 0x1000
[550] [M]: 0x0000000080002380 (0x1000006F) jal x0, 0x100                            Mtrampoline+0

mem[X,0x0000000080002480] -> 0x1173
mem[X,0x0000000080002482] -> 0x3401
[551] [M]: 0x0000000080002480 (0x34011173) csrrw x2, mscratch, x2                   trap_Mhandler+0
CSR mscratch (0x340) <- 0x0000000000000000
x2 <- 0x0000000080005000

clint mtime 0x0000000000000114 (mip.MTI <- 0b1, mip.STI <- 0b0)
mem[X,0x0000000080002484] -> 0x3423
mem[X,0x0000000080002486] -> 0x28B1
[552] [M]: 0x0000000080002484 (0x28B13423) sd x11, 0x288(x2)                        trap_Mhandler+4
mem[W,0x0000000080005288] <- 0x00000000000001DF

mem[X,0x0000000080002488] -> 0x05EF
mem[X,0x000000008000248A] -> 0x0B80
[553] [M]: 0x0000000080002488 (0x0B8005EF) jal x11, 0xb8                            trap_Mhandler+8
x11 <- 0x000000008000248C

clint mtime 0x0000000000000115 (mip.MTI <- 0b1, mip.STI <- 0b0)
mem[X,0x0000000080002540] -> 0x3023
mem[X,0x0000000080002542] -> 0x28A1
[554] [M]: 0x0000000080002540 (0x28A13023) sd x10, 0x280(x2)                        common_Mhandler+0
mem[W,0x0000000080005280] <- 0x00000000000001DF

mem[X,0x0000000080002544] -> 0x1573
mem[X,0x0000000080002546] -> 0x3401
[555] [M]: 0x0000000080002544 (0x34011573) csrrw x10, mscratch, x2                  common_Mhandler+4
CSR mscratch (0x340) <- 0x0000000080005000
x10 <- 0x0000000000000000

clint mtime 0x0000000000000116 (mip.MTI <- 0b1, mip.STI <- 0b0)
mem[X,0x0000000080002548] -> 0x3823
mem[X,0x000000008000254A] -> 0x28A1
[556] [M]: 0x0000000080002548 (0x28A13823) sd x10, 0x290(x2)                        common_Mhandler+8
mem[W,0x0000000080005290] <- 0x0000000000000000

mem[X,0x000000008000254C] -> 0x3503
mem[X,0x000000008000254E] -> 0x2301
[557] [M]: 0x000000008000254C (0x23013503) ld x10, 0x230(x2)                        common_Mhandler+12
mem[R,0x0000000080005230] -> 0x0000000080002554
x10 <- 0x0000000080002554

clint mtime 0x0000000000000117 (mip.MTI <- 0b1, mip.STI <- 0b0)
mem[X,0x0000000080002550] -> 0x0067
mem[X,0x0000000080002552] -> 0x0005
[558] [M]: 0x0000000080002550 (0x00050067) jalr x0, 0x0(x10)                        common_Mhandler+16

mem[X,0x0000000080002554] -> 0x3C23
mem[X,0x0000000080002556] -> 0x2691
[559] [M]: 0x0000000080002554 (0x26913C23) sd x9, 0x278(x2)                         common_Mentry+0
mem[W,0x0000000080005278] <- 0x0000060080000B38

clint mtime 0x0000000000000118 (mip.MTI <- 0b1, mip.STI <- 0b0)
mem[X,0x0000000080002558] -> 0x3823
mem[X,0x000000008000255A] -> 0x2681
[560] [M]: 0x0000000080002558 (0x26813823) sd x8, 0x270(x2)                         common_Mentry+4
mem[W,0x0000000080005270] <- 0x0000000000007F76

mem[X,0x000000008000255C] -> 0x3423
mem[X,0x000000008000255E] -> 0x2671
[561] [M]: 0x000000008000255C (0x26713423) sd x7, 0x268(x2)                         common_Mentry+8
mem[W,0x0000000080005268] <- 0x0000000080005000

clint mtime 0x0000000000000119 (mip.MTI <- 0b1, mip.STI <- 0b0)
mem[X,0x0000000080002560] -> 0x3023
mem[X,0x0000000080002562] -> 0x2661
[562] [M]: 0x0000000080002560 (0x26613023) sd x6, 0x260(x2)                         common_Mentry+12
mem[W,0x0000000080005260] <- 0x0000030000000008

mem[X,0x0000000080002564] -> 0x2573
mem[X,0x0000000080002566] -> 0x3420
[563] [M]: 0x0000000080002564 (0x34202573) csrrs x10, mcause, x0                    spcl_M2mmode_test+0
CSR mcause (0x342) -> 0x0000000000000008
x10 <- 0x0000000000000008

clint mtime 0x000000000000011A (mip.MTI <- 0b1, mip.STI <- 0b0)
mem[X,0x0000000080002568] -> 0x04B7
mem[X,0x000000008000256A] -> 0x8000
[564] [M]: 0x0000000080002568 (0x800004B7) lui x9, -0x80000                         spcl_M2mmode_test+4
x9 <- 0xFFFFFFFF80000000

mem[X,0x000000008000256C] -> 0x8493
mem[X,0x000000008000256E] -> 0x0004
[565] [M]: 0x000000008000256C (0x00048493) addi x9, x9, 0x0                         spcl_M2mmode_test+8
x9 <- 0xFFFFFFFF80000000

clint mtime 0x000000000000011B (mip.MTI <- 0b1, mip.STI <- 0b0)
mem[X,0x0000000080002570] -> 0x9493
mem[X,0x0000000080002572] -> 0x00B4
[566] [M]: 0x0000000080002570 (0x00B49493) slli x9, x9, 0xb                         spcl_M2mmode_test+12
x9 <- 0xFFFFFC0000000000

mem[X,0x0000000080002574] -> 0x8493
mem[X,0x0000000080002576] -> 0x0004
[567] [M]: 0x0000000080002574 (0x00048493) addi x9, x9, 0x0                         spcl_M2mmode_test+16
x9 <- 0xFFFFFC0000000000

clint mtime 0x000000000000011C (mip.MTI <- 0b1, mip.STI <- 0b0)
mem[X,0x0000000080002578] -> 0x9493
mem[X,0x000000008000257A] -> 0x00B4
[568] [M]: 0x0000000080002578 (0x00B49493) slli x9, x9, 0xb                         spcl_M2mmode_test+20
x9 <- 0xFFE0000000000000

mem[X,0x000000008000257C] -> 0x8493
mem[X,0x000000008000257E] -> 0x0034
[569] [M]: 0x000000008000257C (0x00348493) addi x9, x9, 0x3                         spcl_M2mmode_test+24
x9 <- 0xFFE0000000000003

clint mtime 0x000000000000011D (mip.MTI <- 0b1, mip.STI <- 0b0)
mem[X,0x0000000080002580] -> 0x9493
mem[X,0x0000000080002582] -> 0x00A4
[570] [M]: 0x0000000080002580 (0x00A49493) slli x9, x9, 0xa                         spcl_M2mmode_test+28
x9 <- 0x8000000000000C00

mem[X,0x0000000080002584] -> 0x8493
mem[X,0x0000000080002586] -> 0x3FC4
[571] [M]: 0x0000000080002584 (0x3FC48493) addi x9, x9, 0x3fc                       spcl_M2mmode_test+32
x9 <- 0x8000000000000FFC

clint mtime 0x000000000000011E (mip.MTI <- 0b1, mip.STI <- 0b0)
mem[X,0x0000000080002588] -> 0xF4B3
mem[X,0x000000008000258A] -> 0x00A4
[572] [M]: 0x0000000080002588 (0x00A4F4B3) and x9, x9, x10                          spcl_M2mmode_test+36
x9 <- 0x0000000000000008

mem[X,0x000000008000258C] -> 0x8493
mem[X,0x000000008000258E] -> 0xFF84
[573] [M]: 0x000000008000258C (0xFF848493) addi x9, x9, -0x8                        spcl_M2mmode_test+40
x9 <- 0x0000000000000000

clint mtime 0x000000000000011F (mip.MTI <- 0b1, mip.STI <- 0b0)
mem[X,0x0000000080002590] -> 0x9663
mem[X,0x0000000080002592] -> 0x0004
[574] [M]: 0x0000000080002590 (0x00049663) bne x9, x0, 0xc                          spcl_M2mmode_test+44

mem[X,0x0000000080002594] -> 0x3383
mem[X,0x0000000080002596] -> 0x2901
[575] [M]: 0x0000000080002594 (0x29013383) ld x7, 0x290(x2)                         spcl_M2mmode_test+48
mem[R,0x0000000080005290] -> 0x0000000000000000
x7 <- 0x0000000000000000

clint mtime 0x0000000000000120 (mip.MTI <- 0b1, mip.STI <- 0b0)
mem[X,0x0000000080002598] -> 0x8663
mem[X,0x000000008000259A] -> 0x6E03
[576] [M]: 0x0000000080002598 (0x6E038663) beq x7, x0, 0x6ec                        spcl_M2mmode_test+52

mem[X,0x0000000080002C84] -> 0x0493
mem[X,0x0000000080002C86] -> 0xFF55
[577] [M]: 0x0000000080002C84 (0xFF550493) addi x9, x10, -0xb                       rtn2mmode+0
x9 <- 0xFFFFFFFFFFFFFFFD

clint mtime 0x0000000000000121 (mip.MTI <- 0b1, mip.STI <- 0b0)
mem[X,0x0000000080002C88] -> 0x8C63
mem[X,0x0000000080002C8A] -> 0x0004
[578] [M]: 0x0000000080002C88 (0x00048C63) beq x9, x0, 0x18                         rtn2mmode+4

mem[X,0x0000000080002C8C] -> 0x3583
mem[X,0x0000000080002C8E] -> 0x4701
[579] [M]: 0x0000000080002C8C (0x47013583) ld x11, 0x470(x2)                        rtn2mmode+8
mem[R,0x0000000080005470] -> 0x00000300800007BC
x11 <- 0x00000300800007BC

clint mtime 0x0000000000000122 (mip.MTI <- 0b1, mip.STI <- 0b0)
mem[X,0x0000000080002C90] -> 0xD463
mem[X,0x0000000080002C92] -> 0x0003
[580] [M]: 0x0000000080002C90 (0x0003D463) bge x7, x0, 0x8                          rtn2mmode+12

mem[X,0x0000000080002C98] -> 0x3483
mem[X,0x0000000080002C9A] -> 0x1D81
[581] [M]: 0x0000000080002C98 (0x1D813483) ld x9, 0x1d8(x2)                         from_u_s+0
mem[R,0x00000000800051D8] -> 0x00000000800007D4
x9 <- 0x00000000800007D4

clint mtime 0x0000000000000123 (mip.MTI <- 0b1, mip.STI <- 0b0)
mem[X,0x0000000080002C9C] -> 0x84B3
mem[X,0x0000000080002C9E] -> 0x40B4
[582] [M]: 0x0000000080002C9C (0x40B484B3) sub x9, x9, x11                          from_u_s+4
x9 <- 0xFFFFFD0000000018

mem[X,0x0000000080002CA0] -> 0x23F3
mem[X,0x0000000080002CA2] -> 0x3410
[583] [M]: 0x0000000080002CA0 (0x341023F3) csrrs x7, mepc, x0                       rtn_fm_mmode+0
CSR mepc (0x341) -> 0x0000030080000BBC
x7 <- 0x0000030080000BBC

clint mtime 0x0000000000000124 (mip.MTI <- 0b1, mip.STI <- 0b0)
mem[X,0x0000000080002CA4] -> 0x83B3
mem[X,0x0000000080002CA6] -> 0x0093
[584] [M]: 0x0000000080002CA4 (0x009383B3) add x7, x7, x9                           rtn_fm_mmode+4
x7 <- 0x0000000080000BD4

mem[X,0x0000000080002CA8] -> 0x3303
mem[X,0x0000000080002CAA] -> 0x2601
[585] [M]: 0x0000000080002CA8 (0x26013303) ld x6, 0x260(x2)                         rtn_fm_mmode+8
mem[R,0x0000000080005260] -> 0x0000030000000008
x6 <- 0x0000030000000008

clint mtime 0x0000000000000125 (mip.MTI <- 0b1, mip.STI <- 0b0)
mem[X,0x0000000080002CAC] -> 0x3403
mem[X,0x0000000080002CAE] -> 0x2701
[586] [M]: 0x0000000080002CAC (0x27013403) ld x8, 0x270(x2)                         rtn_fm_mmode+12
mem[R,0x0000000080005270] -> 0x0000000000007F76
x8 <- 0x0000000000007F76

mem[X,0x0000000080002CB0] -> 0x3483
mem[X,0x0000000080002CB2] -> 0x2781
[587] [M]: 0x0000000080002CB0 (0x27813483) ld x9, 0x278(x2)                         rtn_fm_mmode+16
mem[R,0x0000000080005278] -> 0x0000060080000B38
x9 <- 0x0000060080000B38

clint mtime 0x0000000000000126 (mip.MTI <- 0b1, mip.STI <- 0b0)
mem[X,0x0000000080002CB4] -> 0x3503
mem[X,0x0000000080002CB6] -> 0x2801
[588] [M]: 0x0000000080002CB4 (0x28013503) ld x10, 0x280(x2)                        rtn_fm_mmode+20
mem[R,0x0000000080005280] -> 0x00000000000001DF
x10 <- 0x00000000000001DF

mem[X,0x0000000080002CB8] -> 0x3583
mem[X,0x0000000080002CBA] -> 0x2881
[589] [M]: 0x0000000080002CB8 (0x28813583) ld x11, 0x288(x2)                        rtn_fm_mmode+24
mem[R,0x0000000080005288] -> 0x00000000000001DF
x11 <- 0x00000000000001DF

clint mtime 0x0000000000000127 (mip.MTI <- 0b1, mip.STI <- 0b0)
mem[X,0x0000000080002CBC] -> 0x3103
mem[X,0x0000000080002CBE] -> 0x2901
[590] [M]: 0x0000000080002CBC (0x29013103) ld x2, 0x290(x2)                         rtn_fm_mmode+28
mem[R,0x0000000080005290] -> 0x0000000000000000
x2 <- 0x0000000000000000

mem[X,0x0000000080002CC0] -> 0x8067
mem[X,0x0000000080002CC2] -> 0x0043
[591] [M]: 0x0000000080002CC0 (0x00438067) jalr x0, 0x4(x7)                         rtn_fm_mmode+32

clint mtime 0x0000000000000128 (mip.MTI <- 0b1, mip.STI <- 0b0)
mem[X,0x0000000080000BD8] -> 0x0013
mem[X,0x0000000080000BDA] -> 0x0000
[592] [M]: 0x0000000080000BD8 (0x00000013) addi x0, x0, 0x0                         main+984

mem[X,0x0000000080000BDC] -> 0x0013
mem[X,0x0000000080000BDE] -> 0x0000
[593] [M]: 0x0000000080000BDC (0x00000013) addi x0, x0, 0x0                         main+988

clint mtime 0x0000000000000129 (mip.MTI <- 0b1, mip.STI <- 0b0)
mem[X,0x0000000080000BE0] -> 0x051B
mem[X,0x0000000080000BE2] -> 0x0000
[594] [M]: 0x0000000080000BE0 (0x0000051B) addiw x10, x0, 0x0                       main+992
x10 <- 0x0000000000000000

mem[X,0x0000000080000BE4] -> 0x0001
[595] [M]: 0x0000000080000BE4 (0x0001) c.nop                                        main+996

clint mtime 0x000000000000012A (mip.MTI <- 0b1, mip.STI <- 0b0)
mem[X,0x0000000080000BE6] -> 0x0013
mem[X,0x0000000080000BE8] -> 0x0000
[596] [M]: 0x0000000080000BE6 (0x00000013) addi x0, x0, 0x0                         main+998

mem[X,0x0000000080000BEA] -> 0x0013
mem[X,0x0000000080000BEC] -> 0x0000
[597] [M]: 0x0000000080000BEA (0x00000013) addi x0, x0, 0x0                         main+1002

clint mtime 0x000000000000012B (mip.MTI <- 0b1, mip.STI <- 0b0)
mem[X,0x0000000080000BEE] -> 0x0013
mem[X,0x0000000080000BF0] -> 0x0000
[598] [M]: 0x0000000080000BEE (0x00000013) addi x0, x0, 0x0                         main+1006

mem[X,0x0000000080000BF2] -> 0x0013
mem[X,0x0000000080000BF4] -> 0x0000
[599] [M]: 0x0000000080000BF2 (0x00000013) addi x0, x0, 0x0                         main+1010

clint mtime 0x000000000000012C (mip.MTI <- 0b1, mip.STI <- 0b0)
mem[X,0x0000000080000BF6] -> 0x0013
mem[X,0x0000000080000BF8] -> 0x0000
[600] [M]: 0x0000000080000BF6 (0x00000013) addi x0, x0, 0x0                         main+1014

mem[X,0x0000000080000BFA] -> 0x0013
mem[X,0x0000000080000BFC] -> 0x0000
[601] [M]: 0x0000000080000BFA (0x00000013) addi x0, x0, 0x0                         main+1018

clint mtime 0x000000000000012D (mip.MTI <- 0b1, mip.STI <- 0b0)
mem[X,0x0000000080000BFE] -> 0x0001
[602] [M]: 0x0000000080000BFE (0x0001) c.nop                                        main+1022

mem[X,0x0000000080000C00] -> 0x0593
mem[X,0x0000000080000C02] -> 0x2DF0
[603] [M]: 0x0000000080000C00 (0x2DF00593) addi x11, x0, 0x2df                      main+1024
x11 <- 0x00000000000002DF

clint mtime 0x000000000000012E (mip.MTI <- 0b1, mip.STI <- 0b0)
mem[X,0x0000000080000C04] -> 0x5513
mem[X,0x0000000080000C06] -> 0x00C5
[604] [M]: 0x0000000080000C04 (0x00C55513) srli x10, x10, 0xc                       main+1028
x10 <- 0x0000000000000000

mem[X,0x0000000080000C08] -> 0x1513
mem[X,0x0000000080000C0A] -> 0x00A5
[605] [M]: 0x0000000080000C08 (0x00A51513) slli x10, x10, 0xa                       main+1032
x10 <- 0x0000000000000000

clint mtime 0x000000000000012F (mip.MTI <- 0b1, mip.STI <- 0b0)
mem[X,0x0000000080000C0C] -> 0x6533
mem[X,0x0000000080000C0E] -> 0x00B5
[606] [M]: 0x0000000080000C0C (0x00B56533) or x10, x10, x11                         main+1036
x10 <- 0x00000000000002DF

mem[X,0x0000000080000C10] -> 0x0013
mem[X,0x0000000080000C12] -> 0x0000
[607] [M]: 0x0000000080000C10 (0x00000013) addi x0, x0, 0x0                         main+1040

clint mtime 0x0000000000000130 (mip.MTI <- 0b1, mip.STI <- 0b0)
mem[X,0x0000000080000C14] -> 0x0013
mem[X,0x0000000080000C16] -> 0x0000
[608] [M]: 0x0000000080000C14 (0x00000013) addi x0, x0, 0x0                         main+1044

mem[X,0x0000000080000C18] -> 0x0013
mem[X,0x0000000080000C1A] -> 0x0000
[609] [M]: 0x0000000080000C18 (0x00000013) addi x0, x0, 0x0                         main+1048

clint mtime 0x0000000000000131 (mip.MTI <- 0b1, mip.STI <- 0b0)
mem[X,0x0000000080000C1C] -> 0x0013
mem[X,0x0000000080000C1E] -> 0x0000
[610] [M]: 0x0000000080000C1C (0x00000013) addi x0, x0, 0x0                         main+1052

mem[X,0x0000000080000C20] -> 0x8317
mem[X,0x0000000080000C22] -> 0x0000
[611] [M]: 0x0000000080000C20 (0x00008317) auipc x6, 0x8                            main+1056
x6 <- 0x0000000080008C20

clint mtime 0x0000000000000132 (mip.MTI <- 0b1, mip.STI <- 0b0)
mem[X,0x0000000080000C24] -> 0x0313
mem[X,0x0000000080000C26] -> 0x3E03
[612] [M]: 0x0000000080000C24 (0x3E030313) addi x6, x6, 0x3e0                       main+1060
x6 <- 0x0000000080009000

mem[X,0x0000000080000C28] -> 0x0001
[613] [M]: 0x0000000080000C28 (0x0001) c.nop                                        main+1064

clint mtime 0x0000000000000133 (mip.MTI <- 0b1, mip.STI <- 0b0)
mem[X,0x0000000080000C2A] -> 0x0013
mem[X,0x0000000080000C2C] -> 0x0000
[614] [M]: 0x0000000080000C2A (0x00000013) addi x0, x0, 0x0                         main+1066

mem[X,0x0000000080000C2E] -> 0x0013
mem[X,0x0000000080000C30] -> 0x0000
[615] [M]: 0x0000000080000C2E (0x00000013) addi x0, x0, 0x0                         main+1070

clint mtime 0x0000000000000134 (mip.MTI <- 0b1, mip.STI <- 0b0)
mem[X,0x0000000080000C32] -> 0x0013
mem[X,0x0000000080000C34] -> 0x0000
[616] [M]: 0x0000000080000C32 (0x00000013) addi x0, x0, 0x0                         main+1074

mem[X,0x0000000080000C36] -> 0x0013
mem[X,0x0000000080000C38] -> 0x0000
[617] [M]: 0x0000000080000C36 (0x00000013) addi x0, x0, 0x0                         main+1078

clint mtime 0x0000000000000135 (mip.MTI <- 0b1, mip.STI <- 0b0)
mem[X,0x0000000080000C3A] -> 0x0013
mem[X,0x0000000080000C3C] -> 0x0000
[618] [M]: 0x0000000080000C3A (0x00000013) addi x0, x0, 0x0                         main+1082

mem[X,0x0000000080000C3E] -> 0x0001
[619] [M]: 0x0000000080000C3E (0x0001) c.nop                                        main+1086

clint mtime 0x0000000000000136 (mip.MTI <- 0b1, mip.STI <- 0b0)
mem[X,0x0000000080000C40] -> 0x0293
mem[X,0x0000000080000C42] -> 0x0280
[620] [M]: 0x0000000080000C40 (0x02800293) addi x5, x0, 0x28                        main+1088
x5 <- 0x0000000000000028

mem[X,0x0000000080000C44] -> 0x0333
mem[X,0x0000000080000C46] -> 0x0053
[621] [M]: 0x0000000080000C44 (0x00530333) add x6, x6, x5                           main+1092
x6 <- 0x0000000080009028

clint mtime 0x0000000000000137 (mip.MTI <- 0b1, mip.STI <- 0b0)
mem[X,0x0000000080000C48] -> 0x3023
mem[X,0x0000000080000C4A] -> 0x00A3
[622] [M]: 0x0000000080000C48 (0x00A33023) sd x10, 0x0(x6)                          main+1096
mem[W,0x0000000080009028] <- 0x00000000000002DF

mem[X,0x0000000080000C4C] -> 0x0073
mem[X,0x0000000080000C4E] -> 0x1200
[623] [M]: 0x0000000080000C4C (0x12000073) sfence.vma x0, x0                        main+1100

clint mtime 0x0000000000000138 (mip.MTI <- 0b1, mip.STI <- 0b0)
mem[X,0x0000000080000C50] -> 0x0493
mem[X,0x0000000080000C52] -> 0x0010
[624] [M]: 0x0000000080000C50 (0x00100493) addi x9, x0, 0x1                         main+1104
x9 <- 0x0000000000000001

mem[X,0x0000000080000C54] -> 0x9493
mem[X,0x0000000080000C56] -> 0x00B4
[625] [M]: 0x0000000080000C54 (0x00B49493) slli x9, x9, 0xb                         main+1108
x9 <- 0x0000000000000800

clint mtime 0x0000000000000139 (mip.MTI <- 0b1, mip.STI <- 0b0)
mem[X,0x0000000080000C58] -> 0xB073
mem[X,0x0000000080000C5A] -> 0x3004
[626] [M]: 0x0000000080000C58 (0x3004B073) csrrc x0, mstatus, x9                    main+1112
CSR mstatus (0x300) <- 0x0000000A00000000

mem[X,0x0000000080000C5C] -> 0x23F3
mem[X,0x0000000080000C5E] -> 0x3400
[627] [M]: 0x0000000080000C5C (0x340023F3) csrrs x7, mscratch, x0                   main+1116
CSR mscratch (0x340) -> 0x0000000080005000
x7 <- 0x0000000080005000

clint mtime 0x000000000000013A (mip.MTI <- 0b1, mip.STI <- 0b0)
mem[X,0x0000000080000C60] -> 0xB303
mem[X,0x0000000080000C62] -> 0x4703
[628] [M]: 0x0000000080000C60 (0x4703B303) ld x6, 0x470(x7)                         main+1120
mem[R,0x0000000080005470] -> 0x00000300800007BC
x6 <- 0x00000300800007BC

mem[X,0x0000000080000C64] -> 0xB483
mem[X,0x0000000080000C66] -> 0x1D83
[629] [M]: 0x0000000080000C64 (0x1D83B483) ld x9, 0x1d8(x7)                         main+1124
mem[R,0x00000000800051D8] -> 0x00000000800007D4
x9 <- 0x00000000800007D4

clint mtime 0x000000000000013B (mip.MTI <- 0b1, mip.STI <- 0b0)
mem[X,0x0000000080000C68] -> 0x0333
mem[X,0x0000000080000C6A] -> 0x4093
[630] [M]: 0x0000000080000C68 (0x40930333) sub x6, x6, x9                           main+1128
x6 <- 0x000002FFFFFFFFE8

mem[X,0x0000000080000C6C] -> 0x0313
mem[X,0x0000000080000C6E] -> 0x0103
[631] [M]: 0x0000000080000C6C (0x01030313) addi x6, x6, 0x10                        main+1132
x6 <- 0x000002FFFFFFFFF8

clint mtime 0x000000000000013C (mip.MTI <- 0b1, mip.STI <- 0b0)
mem[X,0x0000000080000C70] -> 0x0497
mem[X,0x0000000080000C72] -> 0x0000
[632] [M]: 0x0000000080000C70 (0x00000497) auipc x9, 0x0                            main+1136
x9 <- 0x0000000080000C70

mem[X,0x0000000080000C74] -> 0x84B3
mem[X,0x0000000080000C76] -> 0x0064
[633] [M]: 0x0000000080000C74 (0x006484B3) add x9, x9, x6                           main+1140
x9 <- 0x0000030080000C68

clint mtime 0x000000000000013D (mip.MTI <- 0b1, mip.STI <- 0b0)
mem[X,0x0000000080000C78] -> 0x94F3
mem[X,0x0000000080000C7A] -> 0x3414
[634] [M]: 0x0000000080000C78 (0x341494F3) csrrw x9, mepc, x9                       main+1144
CSR mepc (0x341) <- 0x0000030080000C68
x9 <- 0x0000030080000BBC

mem[X,0x0000000080000C7C] -> 0x0073
mem[X,0x0000000080000C7E] -> 0x3020
[635] [M]: 0x0000000080000C7C (0x30200073) mret                                     main+1148
CSR mstatus (0x300) <- 0x0000000A00000080
ret-ing from M to U

clint mtime 0x000000000000013E (mip.MTI <- 0b1, mip.STI <- 0b0)
PTW: Start, vpn=0x30080000, access_type=X, privilege=Umem[R,0x0000000080009030] -> 0x00000000000000DB
PTW: Step, level=3, pte=0xDB, pte_addr=0x80009030
PTW: Success, final_ppn=0x80000, level=3mem[X,0x0000000080000C68] -> 0x0333
mem[X,0x0000000080000C6A] -> 0x4093
[636] [U]: 0x0000030080000C68 (0x40930333) sub x6, x6, x9                           va_rvtest_code_begin+1196
x6 <- 0xFFFFFFFF7FFFF43C

mem[X,0x0000000080000C6C] -> 0x0313
mem[X,0x0000000080000C6E] -> 0x0103
[637] [U]: 0x0000030080000C6C (0x01030313) addi x6, x6, 0x10                        va_rvtest_code_begin+1200
x6 <- 0xFFFFFFFF7FFFF44C

clint mtime 0x000000000000013F (mip.MTI <- 0b1, mip.STI <- 0b0)
mem[X,0x0000000080000C70] -> 0x0497
mem[X,0x0000000080000C72] -> 0x0000
[638] [U]: 0x0000030080000C70 (0x00000497) auipc x9, 0x0                            va_rvtest_code_begin+1204
x9 <- 0x0000030080000C70

mem[X,0x0000000080000C74] -> 0x84B3
mem[X,0x0000000080000C76] -> 0x0064
[639] [U]: 0x0000030080000C74 (0x006484B3) add x9, x9, x6                           va_rvtest_code_begin+1208
x9 <- 0x00000300000000BC

clint mtime 0x0000000000000140 (mip.MTI <- 0b1, mip.STI <- 0b0)
mem[X,0x0000000080000C78] -> 0x94F3
mem[X,0x0000000080000C7A] -> 0x3414
[640] [U]: 0x0000030080000C78 (0x341494F3) csrrw x9, mepc, x9                       va_rvtest_code_begin+1212
trapping from U to M to handle illegal-instruction
handling exc#illegal-instruction at priv M with tval 0x00000000341494F3
CSR mstatus (0x300) <- 0x0000000A00000000
CSR mcause (0x342) <- 0x0000000000000002
CSR mtval (0x343) <- 0x00000000341494F3
CSR mepc (0x341) <- 0x0000030080000C78

mem[X,0x0000000080002380] -> 0x006F
mem[X,0x0000000080002382] -> 0x1000
[641] [M]: 0x0000000080002380 (0x1000006F) jal x0, 0x100                            Mtrampoline+0

clint mtime 0x0000000000000141 (mip.MTI <- 0b1, mip.STI <- 0b0)
mem[X,0x0000000080002480] -> 0x1173
mem[X,0x0000000080002482] -> 0x3401
[642] [M]: 0x0000000080002480 (0x34011173) csrrw x2, mscratch, x2                   trap_Mhandler+0
CSR mscratch (0x340) <- 0x0000000000000000
x2 <- 0x0000000080005000

mem[X,0x0000000080002484] -> 0x3423
mem[X,0x0000000080002486] -> 0x28B1
[643] [M]: 0x0000000080002484 (0x28B13423) sd x11, 0x288(x2)                        trap_Mhandler+4
mem[W,0x0000000080005288] <- 0x00000000000002DF

clint mtime 0x0000000000000142 (mip.MTI <- 0b1, mip.STI <- 0b0)
mem[X,0x0000000080002488] -> 0x05EF
mem[X,0x000000008000248A] -> 0x0B80
[644] [M]: 0x0000000080002488 (0x0B8005EF) jal x11, 0xb8                            trap_Mhandler+8
x11 <- 0x000000008000248C

mem[X,0x0000000080002540] -> 0x3023
mem[X,0x0000000080002542] -> 0x28A1
[645] [M]: 0x0000000080002540 (0x28A13023) sd x10, 0x280(x2)                        common_Mhandler+0
mem[W,0x0000000080005280] <- 0x00000000000002DF

clint mtime 0x0000000000000143 (mip.MTI <- 0b1, mip.STI <- 0b0)
mem[X,0x0000000080002544] -> 0x1573
mem[X,0x0000000080002546] -> 0x3401
[646] [M]: 0x0000000080002544 (0x34011573) csrrw x10, mscratch, x2                  common_Mhandler+4
CSR mscratch (0x340) <- 0x0000000080005000
x10 <- 0x0000000000000000

mem[X,0x0000000080002548] -> 0x3823
mem[X,0x000000008000254A] -> 0x28A1
[647] [M]: 0x0000000080002548 (0x28A13823) sd x10, 0x290(x2)                        common_Mhandler+8
mem[W,0x0000000080005290] <- 0x0000000000000000

clint mtime 0x0000000000000144 (mip.MTI <- 0b1, mip.STI <- 0b0)
mem[X,0x000000008000254C] -> 0x3503
mem[X,0x000000008000254E] -> 0x2301
[648] [M]: 0x000000008000254C (0x23013503) ld x10, 0x230(x2)                        common_Mhandler+12
mem[R,0x0000000080005230] -> 0x0000000080002554
x10 <- 0x0000000080002554

mem[X,0x0000000080002550] -> 0x0067
mem[X,0x0000000080002552] -> 0x0005
[649] [M]: 0x0000000080002550 (0x00050067) jalr x0, 0x0(x10)                        common_Mhandler+16

clint mtime 0x0000000000000145 (mip.MTI <- 0b1, mip.STI <- 0b0)
mem[X,0x0000000080002554] -> 0x3C23
mem[X,0x0000000080002556] -> 0x2691
[650] [M]: 0x0000000080002554 (0x26913C23) sd x9, 0x278(x2)                         common_Mentry+0
mem[W,0x0000000080005278] <- 0x00000300000000BC

mem[X,0x0000000080002558] -> 0x3823
mem[X,0x000000008000255A] -> 0x2681
[651] [M]: 0x0000000080002558 (0x26813823) sd x8, 0x270(x2)                         common_Mentry+4
mem[W,0x0000000080005270] <- 0x0000000000007F76

clint mtime 0x0000000000000146 (mip.MTI <- 0b1, mip.STI <- 0b0)
mem[X,0x000000008000255C] -> 0x3423
mem[X,0x000000008000255E] -> 0x2671
[652] [M]: 0x000000008000255C (0x26713423) sd x7, 0x268(x2)                         common_Mentry+8
mem[W,0x0000000080005268] <- 0x0000000080005000

mem[X,0x0000000080002560] -> 0x3023
mem[X,0x0000000080002562] -> 0x2661
[653] [M]: 0x0000000080002560 (0x26613023) sd x6, 0x260(x2)                         common_Mentry+12
mem[W,0x0000000080005260] <- 0xFFFFFFFF7FFFF44C

clint mtime 0x0000000000000147 (mip.MTI <- 0b1, mip.STI <- 0b0)
mem[X,0x0000000080002564] -> 0x2573
mem[X,0x0000000080002566] -> 0x3420
[654] [M]: 0x0000000080002564 (0x34202573) csrrs x10, mcause, x0                    spcl_M2mmode_test+0
CSR mcause (0x342) -> 0x0000000000000002
x10 <- 0x0000000000000002

mem[X,0x0000000080002568] -> 0x04B7
mem[X,0x000000008000256A] -> 0x8000
[655] [M]: 0x0000000080002568 (0x800004B7) lui x9, -0x80000                         spcl_M2mmode_test+4
x9 <- 0xFFFFFFFF80000000

clint mtime 0x0000000000000148 (mip.MTI <- 0b1, mip.STI <- 0b0)
mem[X,0x000000008000256C] -> 0x8493
mem[X,0x000000008000256E] -> 0x0004
[656] [M]: 0x000000008000256C (0x00048493) addi x9, x9, 0x0                         spcl_M2mmode_test+8
x9 <- 0xFFFFFFFF80000000

mem[X,0x0000000080002570] -> 0x9493
mem[X,0x0000000080002572] -> 0x00B4
[657] [M]: 0x0000000080002570 (0x00B49493) slli x9, x9, 0xb                         spcl_M2mmode_test+12
x9 <- 0xFFFFFC0000000000

clint mtime 0x0000000000000149 (mip.MTI <- 0b1, mip.STI <- 0b0)
mem[X,0x0000000080002574] -> 0x8493
mem[X,0x0000000080002576] -> 0x0004
[658] [M]: 0x0000000080002574 (0x00048493) addi x9, x9, 0x0                         spcl_M2mmode_test+16
x9 <- 0xFFFFFC0000000000

mem[X,0x0000000080002578] -> 0x9493
mem[X,0x000000008000257A] -> 0x00B4
[659] [M]: 0x0000000080002578 (0x00B49493) slli x9, x9, 0xb                         spcl_M2mmode_test+20
x9 <- 0xFFE0000000000000

clint mtime 0x000000000000014A (mip.MTI <- 0b1, mip.STI <- 0b0)
mem[X,0x000000008000257C] -> 0x8493
mem[X,0x000000008000257E] -> 0x0034
[660] [M]: 0x000000008000257C (0x00348493) addi x9, x9, 0x3                         spcl_M2mmode_test+24
x9 <- 0xFFE0000000000003

mem[X,0x0000000080002580] -> 0x9493
mem[X,0x0000000080002582] -> 0x00A4
[661] [M]: 0x0000000080002580 (0x00A49493) slli x9, x9, 0xa                         spcl_M2mmode_test+28
x9 <- 0x8000000000000C00

clint mtime 0x000000000000014B (mip.MTI <- 0b1, mip.STI <- 0b0)
mem[X,0x0000000080002584] -> 0x8493
mem[X,0x0000000080002586] -> 0x3FC4
[662] [M]: 0x0000000080002584 (0x3FC48493) addi x9, x9, 0x3fc                       spcl_M2mmode_test+32
x9 <- 0x8000000000000FFC

mem[X,0x0000000080002588] -> 0xF4B3
mem[X,0x000000008000258A] -> 0x00A4
[663] [M]: 0x0000000080002588 (0x00A4F4B3) and x9, x9, x10                          spcl_M2mmode_test+36
x9 <- 0x0000000000000000

clint mtime 0x000000000000014C (mip.MTI <- 0b1, mip.STI <- 0b0)
mem[X,0x000000008000258C] -> 0x8493
mem[X,0x000000008000258E] -> 0xFF84
[664] [M]: 0x000000008000258C (0xFF848493) addi x9, x9, -0x8                        spcl_M2mmode_test+40
x9 <- 0xFFFFFFFFFFFFFFF8

mem[X,0x0000000080002590] -> 0x9663
mem[X,0x0000000080002592] -> 0x0004
[665] [M]: 0x0000000080002590 (0x00049663) bne x9, x0, 0xc                          spcl_M2mmode_test+44

clint mtime 0x000000000000014D (mip.MTI <- 0b1, mip.STI <- 0b0)
mem[X,0x000000008000259C] -> 0x0393
mem[X,0x000000008000259E] -> 0x0200
[666] [M]: 0x000000008000259C (0x02000393) addi x7, x0, 0x20                        Mtrapsig_ptr_upd+0
x7 <- 0x0000000000000020

mem[X,0x00000000800025A0] -> 0x5263
mem[X,0x00000000800025A2] -> 0x0405
[667] [M]: 0x00000000800025A0 (0x04055263) bge x10, x0, 0x44                        Mtrapsig_ptr_upd+4

clint mtime 0x000000000000014E (mip.MTI <- 0b1, mip.STI <- 0b0)
mem[X,0x00000000800025E4] -> 0x2373
mem[X,0x00000000800025E6] -> 0x3010
[668] [M]: 0x00000000800025E4 (0x30102373) csrrs x6, misa, x0                       Mxcpt_sig_sv+0
CSR misa (0x301) -> 0x800000000034112F
x6 <- 0x800000000034112F

mem[X,0x00000000800025E8] -> 0x1313
mem[X,0x00000000800025EA] -> 0x0383
[669] [M]: 0x00000000800025E8 (0x03831313) slli x6, x6, 0x38                        Mxcpt_sig_sv+4
x6 <- 0x2F00000000000000

clint mtime 0x000000000000014F (mip.MTI <- 0b1, mip.STI <- 0b0)
mem[X,0x00000000800025EC] -> 0x5463
mem[X,0x00000000800025EE] -> 0x0003
[670] [M]: 0x00000000800025EC (0x00035463) bge x6, x0, 0x8                          Mxcpt_sig_sv+8

mem[X,0x00000000800025F4] -> 0x3303
mem[X,0x00000000800025F6] -> 0x2181
[671] [M]: 0x00000000800025F4 (0x21813303) ld x6, 0x218(x2)                         Mtrap_sig_sv+0
mem[R,0x0000000080005218] -> 0x000000008000A538
x6 <- 0x000000008000A538

clint mtime 0x0000000000000150 (mip.MTI <- 0b1, mip.STI <- 0b0)
mem[X,0x00000000800025F8] -> 0x04B3
mem[X,0x00000000800025FA] -> 0x0073
[672] [M]: 0x00000000800025F8 (0x007304B3) add x9, x6, x7                           Mtrap_sig_sv+4
x9 <- 0x000000008000A558

mem[X,0x00000000800025FC] -> 0x3C23
mem[X,0x00000000800025FE] -> 0x2091
[673] [M]: 0x00000000800025FC (0x20913C23) sd x9, 0x218(x2)                         Mtrap_sig_sv+8
mem[W,0x0000000080005218] <- 0x000000008000A558

clint mtime 0x0000000000000151 (mip.MTI <- 0b1, mip.STI <- 0b0)
mem[X,0x0000000080002600] -> 0x3403
mem[X,0x0000000080002602] -> 0x1F81
[674] [M]: 0x0000000080002600 (0x1F813403) ld x8, 0x1f8(x2)                         Mtrap_sig_sv+12
mem[R,0x00000000800051F8] -> 0x000000008000A110
x8 <- 0x000000008000A110

mem[X,0x0000000080002604] -> 0x0333
mem[X,0x0000000080002606] -> 0x4083
[675] [M]: 0x0000000080002604 (0x40830333) sub x6, x6, x8                           Mtrap_sig_sv+16
x6 <- 0x0000000000000428

clint mtime 0x0000000000000152 (mip.MTI <- 0b1, mip.STI <- 0b0)
mem[X,0x0000000080002608] -> 0x3403
mem[X,0x000000008000260A] -> 0x1F81
[676] [M]: 0x0000000080002608 (0x1F813403) ld x8, 0x1f8(x2)                         Mtrap_sig_sv+20
mem[R,0x00000000800051F8] -> 0x000000008000A110
x8 <- 0x000000008000A110

mem[X,0x000000008000260C] -> 0x0333
mem[X,0x000000008000260E] -> 0x0083
[677] [M]: 0x000000008000260C (0x00830333) add x6, x6, x8                           Mtrap_sig_sv+24
x6 <- 0x000000008000A538

clint mtime 0x0000000000000153 (mip.MTI <- 0b1, mip.STI <- 0b0)
mem[X,0x0000000080002610] -> 0x3403
mem[X,0x0000000080002612] -> 0x2401
[678] [M]: 0x0000000080002610 (0x24013403) ld x8, 0x240(x2)                         Mtrap_sig_sv+28
mem[R,0x0000000080005240] -> 0x0000000080002380
x8 <- 0x0000000080002380

mem[X,0x0000000080002614] -> 0x85B3
mem[X,0x0000000080002616] -> 0x4085
[679] [M]: 0x0000000080002614 (0x408585B3) sub x11, x11, x8                         sv_Mvect+0
x11 <- 0x000000000000010C

clint mtime 0x0000000000000154 (mip.MTI <- 0b1, mip.STI <- 0b0)
mem[X,0x0000000080002618] -> 0x9593
mem[X,0x000000008000261A] -> 0x0045
[680] [M]: 0x0000000080002618 (0x00459593) slli x11, x11, 0x4                       sv_Mvect+4
x11 <- 0x00000000000010C0

mem[X,0x000000008000261C] -> 0xE5B3
mem[X,0x000000008000261E] -> 0x0075
[681] [M]: 0x000000008000261C (0x0075E5B3) or x11, x11, x7                          sv_Mvect+8
x11 <- 0x00000000000010E0

clint mtime 0x0000000000000155 (mip.MTI <- 0b1, mip.STI <- 0b0)
mem[X,0x0000000080002620] -> 0x8593
mem[X,0x0000000080002622] -> 0x0035
[682] [M]: 0x0000000080002620 (0x00358593) addi x11, x11, 0x3                       sv_Mvect+12
x11 <- 0x00000000000010E3

mem[X,0x0000000080002624] -> 0x3023
mem[X,0x0000000080002626] -> 0x00B3
[683] [M]: 0x0000000080002624 (0x00B33023) sd x11, 0x0(x6)                          sv_Mvect+16
mem[W,0x000000008000A538] <- 0x00000000000010E3

clint mtime 0x0000000000000156 (mip.MTI <- 0b1, mip.STI <- 0b0)
mem[X,0x0000000080002628] -> 0x3423
mem[X,0x000000008000262A] -> 0x00A3
[684] [M]: 0x0000000080002628 (0x00A33423) sd x10, 0x8(x6)                          sv_Mcause+0
mem[W,0x000000008000A540] <- 0x0000000000000002

mem[X,0x000000008000262C] -> 0x4663
mem[X,0x000000008000262E] -> 0x1A05
[685] [M]: 0x000000008000262C (0x1A054663) blt x10, x0, 0x1ac                       sv_Mcause+4

clint mtime 0x0000000000000157 (mip.MTI <- 0b1, mip.STI <- 0b0)
mem[X,0x0000000080002630] -> 0x25F3
mem[X,0x0000000080002632] -> 0x3000
[686] [M]: 0x0000000080002630 (0x300025F3) csrrs x11, mstatus, x0                   common_Mexcpt_handler+0
CSR mstatus (0x300) -> 0x0000000A00000000
x11 <- 0x0000000A00000000

mem[X,0x0000000080002634] -> 0x9413
mem[X,0x0000000080002636] -> 0x02E5
[687] [M]: 0x0000000080002634 (0x02E59413) slli x8, x11, 0x2e                       common_Mexcpt_handler+4
x8 <- 0x0000000000000000

clint mtime 0x0000000000000158 (mip.MTI <- 0b1, mip.STI <- 0b0)
mem[X,0x0000000080002638] -> 0x5463
mem[X,0x000000008000263A] -> 0x0004
[688] [M]: 0x0000000080002638 (0x00045463) bge x8, x0, 0x8                          common_Mexcpt_handler+8

mem[X,0x0000000080002640] -> 0xD493
mem[X,0x0000000080002642] -> 0x00B5
[689] [M]: 0x0000000080002640 (0x00B5D493) srli x9, x11, 0xb                        common_Mexcpt_handler+16
x9 <- 0x0000000001400000

clint mtime 0x0000000000000159 (mip.MTI <- 0b1, mip.STI <- 0b0)
mem[X,0x0000000080002644] -> 0xF493
mem[X,0x0000000080002646] -> 0x0034
[690] [M]: 0x0000000080002644 (0x0034F493) andi x9, x9, 0x3                         common_Mexcpt_handler+20
x9 <- 0x0000000000000000

mem[X,0x0000000080002648] -> 0x8493
mem[X,0x000000008000264A] -> 0x0014
[691] [M]: 0x0000000080002648 (0x00148493) addi x9, x9, 0x1                         common_Mexcpt_handler+24
x9 <- 0x0000000000000001

clint mtime 0x000000000000015A (mip.MTI <- 0b1, mip.STI <- 0b0)
mem[X,0x000000008000264C] -> 0xF493
mem[X,0x000000008000264E] -> 0x0044
[692] [M]: 0x000000008000264C (0x0044F493) andi x9, x9, 0x4                         common_Mexcpt_handler+28
x9 <- 0x0000000000000000

mem[X,0x0000000080002650] -> 0x0593
mem[X,0x0000000080002652] -> 0x05D0
[693] [M]: 0x0000000080002650 (0x05D00593) addi x11, x0, 0x5d                       common_Mexcpt_handler+32
x11 <- 0x000000000000005D

clint mtime 0x000000000000015B (mip.MTI <- 0b1, mip.STI <- 0b0)
mem[X,0x0000000080002654] -> 0xD5B3
mem[X,0x0000000080002656] -> 0x0095
[694] [M]: 0x0000000080002654 (0x0095D5B3) srl x11, x11, x9                         common_Mexcpt_handler+36
x11 <- 0x000000000000005D

mem[X,0x0000000080002658] -> 0xF593
mem[X,0x000000008000265A] -> 0x0015
[695] [M]: 0x0000000080002658 (0x0015F593) andi x11, x11, 0x1                       common_Mexcpt_handler+40
x11 <- 0x0000000000000001

clint mtime 0x000000000000015C (mip.MTI <- 0b1, mip.STI <- 0b0)
mem[X,0x000000008000265C] -> 0x8EE3
mem[X,0x000000008000265E] -> 0xF405
[696] [M]: 0x000000008000265C (0xF4058EE3) beq x11, x0, -0xa4                       common_Mexcpt_handler+44

mem[X,0x0000000080002660] -> 0x0593
mem[X,0x0000000080002662] -> 0x2980
[697] [M]: 0x0000000080002660 (0x29800593) addi x11, x0, 0x298                      common_Mexcpt_handler+48
x11 <- 0x0000000000000298

clint mtime 0x000000000000015D (mip.MTI <- 0b1, mip.STI <- 0b0)
mem[X,0x0000000080002664] -> 0xF413
mem[X,0x0000000080002666] -> 0x0014
[698] [M]: 0x0000000080002664 (0x0014F413) andi x8, x9, 0x1                         common_Mexcpt_handler+52
x8 <- 0x0000000000000000

mem[X,0x0000000080002668] -> 0x95B3
mem[X,0x000000008000266A] -> 0x0085
[699] [M]: 0x0000000080002668 (0x008595B3) sll x11, x11, x8                         common_Mexcpt_handler+56
x11 <- 0x0000000000000298

clint mtime 0x000000000000015E (mip.MTI <- 0b1, mip.STI <- 0b0)
mem[X,0x000000008000266C] -> 0x9413
mem[X,0x000000008000266E] -> 0x03D4
[700] [M]: 0x000000008000266C (0x03D49413) slli x8, x9, 0x3d                        common_Mexcpt_handler+60
x8 <- 0x0000000000000000

mem[X,0x0000000080002670] -> 0x5413
mem[X,0x0000000080002672] -> 0x43F4
[701] [M]: 0x0000000080002670 (0x43F45413) srai x8, x8, 0x3f                        common_Mexcpt_handler+64
x8 <- 0x0000000000000000

clint mtime 0x000000000000015F (mip.MTI <- 0b1, mip.STI <- 0b0)
mem[X,0x0000000080002674] -> 0x4413
mem[X,0x0000000080002676] -> 0xFFF4
[702] [M]: 0x0000000080002674 (0xFFF44413) xori x8, x8, -0x1                        common_Mexcpt_handler+68
x8 <- 0xFFFFFFFFFFFFFFFF

mem[X,0x0000000080002678] -> 0xF4B3
mem[X,0x000000008000267A] -> 0x0085
[703] [M]: 0x0000000080002678 (0x0085F4B3) and x9, x11, x8                          common_Mexcpt_handler+72
x9 <- 0x0000000000000298

clint mtime 0x0000000000000160 (mip.MTI <- 0b1, mip.STI <- 0b0)
mem[X,0x000000008000267C] -> 0x84B3
mem[X,0x000000008000267E] -> 0x0024
[704] [M]: 0x000000008000267C (0x002484B3) add x9, x9, x2                           vmem_adj_Mepc+0
x9 <- 0x0000000080005298

mem[X,0x0000000080002680] -> 0x23F3
mem[X,0x0000000080002682] -> 0x3410
[705] [M]: 0x0000000080002680 (0x341023F3) csrrs x7, mepc, x0                       vmem_adj_Mepc+4
CSR mepc (0x341) -> 0x0000030080000C78
x7 <- 0x0000030080000C78

clint mtime 0x0000000000000161 (mip.MTI <- 0b1, mip.STI <- 0b0)
mem[X,0x0000000080002684] -> 0x0413
mem[X,0x0000000080002686] -> 0x0004
[706] [M]: 0x0000000080002684 (0x00040413) addi x8, x8, 0x0                         vmem_adj_Mepc+8
x8 <- 0xFFFFFFFFFFFFFFFF

mem[X,0x0000000080002688] -> 0x006F
mem[X,0x000000008000268A] -> 0x0400
[707] [M]: 0x0000000080002688 (0x0400006F) jal x0, 0x40                             vmem_adj_Mepc+12

clint mtime 0x0000000000000162 (mip.MTI <- 0b1, mip.STI <- 0b0)
mem[X,0x00000000800026C8] -> 0x8433
mem[X,0x00000000800026CA] -> 0x4083
[708] [M]: 0x00000000800026C8 (0x40838433) sub x8, x7, x8                           adj_Mepc+0
x8 <- 0x0000030080000C79

mem[X,0x00000000800026CC] -> 0x3823
mem[X,0x00000000800026CE] -> 0x0083
[709] [M]: 0x00000000800026CC (0x00833823) sd x8, 0x10(x6)                          sv_Mepc+0
mem[W,0x000000008000A548] <- 0x0000030080000C79

clint mtime 0x0000000000000163 (mip.MTI <- 0b1, mip.STI <- 0b0)
mem[X,0x00000000800026D0] -> 0x55B7
mem[X,0x00000000800026D2] -> 0x0000
[710] [M]: 0x00000000800026D0 (0x000055B7) lui x11, 0x5                             sv_Mepc+4
x11 <- 0x0000000000005000

mem[X,0x00000000800026D4] -> 0x8593
mem[X,0x00000000800026D6] -> 0x6675
[711] [M]: 0x00000000800026D4 (0x66758593) addi x11, x11, 0x667                     sv_Mepc+8
x11 <- 0x0000000000005667

clint mtime 0x0000000000000164 (mip.MTI <- 0b1, mip.STI <- 0b0)
mem[X,0x00000000800026D8] -> 0x9593
mem[X,0x00000000800026DA] -> 0x0015
[712] [M]: 0x00000000800026D8 (0x00159593) slli x11, x11, 0x1                       sv_Mepc+12
x11 <- 0x000000000000ACCE

mem[X,0x00000000800026DC] -> 0x9063
mem[X,0x00000000800026DE] -> 0x02B1
[713] [M]: 0x00000000800026DC (0x02B19063) bne x3, x11, 0x20                        sv_Mepc+16

clint mtime 0x0000000000000165 (mip.MTI <- 0b1, mip.STI <- 0b0)
mem[X,0x00000000800026E0] -> 0x2473
mem[X,0x00000000800026E2] -> 0x3420
[714] [M]: 0x00000000800026E0 (0x34202473) csrrs x8, mcause, x0                     sv_Mepc+20
CSR mcause (0x342) -> 0x0000000000000002
x8 <- 0x0000000000000002

mem[X,0x00000000800026E4] -> 0x0593
mem[X,0x00000000800026E6] -> 0x00C0
[715] [M]: 0x00000000800026E4 (0x00C00593) addi x11, x0, 0xc                        sv_Mepc+24
x11 <- 0x000000000000000C

clint mtime 0x0000000000000166 (mip.MTI <- 0b1, mip.STI <- 0b0)
mem[X,0x00000000800026E8] -> 0x0663
mem[X,0x00000000800026EA] -> 0x00B4
[716] [M]: 0x00000000800026E8 (0x00B40663) beq x8, x11, 0xc                         sv_Mepc+28

mem[X,0x00000000800026EC] -> 0x0593
mem[X,0x00000000800026EE] -> 0x0010
[717] [M]: 0x00000000800026EC (0x00100593) addi x11, x0, 0x1                        sv_Mepc+32
x11 <- 0x0000000000000001

clint mtime 0x0000000000000167 (mip.MTI <- 0b1, mip.STI <- 0b0)
mem[X,0x00000000800026F0] -> 0x1663
mem[X,0x00000000800026F2] -> 0x00B4
[718] [M]: 0x00000000800026F0 (0x00B41663) bne x8, x11, 0xc                         sv_Mepc+36

mem[X,0x00000000800026FC] -> 0xF593
mem[X,0x00000000800026FE] -> 0xFFC3
[719] [M]: 0x00000000800026FC (0xFFC3F593) andi x11, x7, -0x4                       adj_Mepc_rtn+0
x11 <- 0x0000030080000C78

clint mtime 0x0000000000000168 (mip.MTI <- 0b1, mip.STI <- 0b0)
mem[X,0x0000000080002700] -> 0x8593
mem[X,0x0000000080002702] -> 0x0085
[720] [M]: 0x0000000080002700 (0x00858593) addi x11, x11, 0x8                       adj_Mepc_rtn+4
x11 <- 0x0000030080000C80

mem[X,0x0000000080002704] -> 0x9073
mem[X,0x0000000080002706] -> 0x3415
[721] [M]: 0x0000000080002704 (0x34159073) csrrw x0, mepc, x11                      adj_Mepc_rtn+8
CSR mepc (0x341) <- 0x0000030080000C80

clint mtime 0x0000000000000169 (mip.MTI <- 0b1, mip.STI <- 0b0)
mem[X,0x0000000080002708] -> 0x23F3
mem[X,0x000000008000270A] -> 0x3430
[722] [M]: 0x0000000080002708 (0x343023F3) csrrs x7, mtval, x0                      skp_adj_Mepc+0
CSR mtval (0x343) -> 0x00000000341494F3
x7 <- 0x00000000341494F3

mem[X,0x000000008000270C] -> 0x0413
mem[X,0x000000008000270E] -> 0x0004
[723] [M]: 0x000000008000270C (0x00040413) addi x8, x8, 0x0                         skp_adj_Mepc+4
x8 <- 0x0000000000000002

clint mtime 0x000000000000016A (mip.MTI <- 0b1, mip.STI <- 0b0)
mem[X,0x0000000080002710] -> 0x006F
mem[X,0x0000000080002712] -> 0x0840
[724] [M]: 0x0000000080002710 (0x0840006F) jal x0, 0x84                             skp_adj_Mepc+8

mem[X,0x0000000080002794] -> 0x8433
mem[X,0x0000000080002796] -> 0x4083
[725] [M]: 0x0000000080002794 (0x40838433) sub x8, x7, x8                           adj_Mtval+0
x8 <- 0x00000000341494F1

clint mtime 0x000000000000016B (mip.MTI <- 0b1, mip.STI <- 0b0)
mem[X,0x0000000080002798] -> 0x3C23
mem[X,0x000000008000279A] -> 0x0083
[726] [M]: 0x0000000080002798 (0x00833C23) sd x8, 0x18(x6)                          sv_Mtval+0
mem[W,0x000000008000A550] <- 0x00000000341494F1

mem[X,0x000000008000279C] -> 0x3483
mem[X,0x000000008000279E] -> 0x2181
[727] [M]: 0x000000008000279C (0x21813483) ld x9, 0x218(x2)                         skp_Mtval+0
mem[R,0x0000000080005218] -> 0x000000008000A558
x9 <- 0x000000008000A558

clint mtime 0x000000000000016C (mip.MTI <- 0b1, mip.STI <- 0b0)
mem[X,0x00000000800027A0] -> 0x3383
mem[X,0x00000000800027A2] -> 0x1F81
[728] [M]: 0x00000000800027A0 (0x1F813383) ld x7, 0x1f8(x2)                         skp_Mtval+4
mem[R,0x00000000800051F8] -> 0x000000008000A110
x7 <- 0x000000008000A110

mem[X,0x00000000800027A4] -> 0x3303
mem[X,0x00000000800027A6] -> 0x2001
[729] [M]: 0x00000000800027A4 (0x20013303) ld x6, 0x200(x2)                         skp_Mtval+8
mem[R,0x0000000080005200] -> 0x0000000000000610
x6 <- 0x0000000000000610

clint mtime 0x000000000000016D (mip.MTI <- 0b1, mip.STI <- 0b0)
mem[X,0x00000000800027A8] -> 0x0333
mem[X,0x00000000800027AA] -> 0x0073
[730] [M]: 0x00000000800027A8 (0x00730333) add x6, x6, x7                           skp_Mtval+12
x6 <- 0x000000008000A720

mem[X,0x00000000800027AC] -> 0x6AE3
mem[X,0x00000000800027AE] -> 0xAE93
[731] [M]: 0x00000000800027AC (0xAE936AE3) bltu x6, x9, -0x50c                      skp_Mtval+16

clint mtime 0x000000000000016E (mip.MTI <- 0b1, mip.STI <- 0b0)
mem[X,0x00000000800027B0] -> 0x0393
mem[X,0x00000000800027B2] -> 0x2000
[732] [M]: 0x00000000800027B0 (0x20000393) addi x7, x0, 0x200                       skp_Mtval+20
x7 <- 0x0000000000000200

mem[X,0x00000000800027B4] -> 0x006F
mem[X,0x00000000800027B6] -> 0x0400
[733] [M]: 0x00000000800027B4 (0x0400006F) jal x0, 0x40                             skp_Mtval+24

clint mtime 0x000000000000016F (mip.MTI <- 0b1, mip.STI <- 0b0)
mem[X,0x00000000800027F4] -> 0x0417
mem[X,0x00000000800027F6] -> 0x0000
[734] [M]: 0x00000000800027F4 (0x00000417) auipc x8, 0x0                            spcl_Mhandler+0
x8 <- 0x00000000800027F4

mem[X,0x00000000800027F8] -> 0x0413
mem[X,0x00000000800027FA] -> 0x03C4
[735] [M]: 0x00000000800027F8 (0x03C40413) addi x8, x8, 0x3c                        spcl_Mhandler+4
x8 <- 0x0000000080002830

clint mtime 0x0000000000000170 (mip.MTI <- 0b1, mip.STI <- 0b0)
mem[X,0x00000000800027FC] -> 0x0433
mem[X,0x00000000800027FE] -> 0x0074
[736] [M]: 0x00000000800027FC (0x00740433) add x8, x8, x7                           spcl_Mhandler+8
x8 <- 0x0000000080002A30

mem[X,0x0000000080002800] -> 0x1393
mem[X,0x0000000080002802] -> 0x0035
[737] [M]: 0x0000000080002800 (0x00351393) slli x7, x10, 0x3                        spcl_Mhandler+12
x7 <- 0x0000000000000010

clint mtime 0x0000000000000171 (mip.MTI <- 0b1, mip.STI <- 0b0)
mem[X,0x0000000080002804] -> 0x0433
mem[X,0x0000000080002806] -> 0x0074
[738] [M]: 0x0000000080002804 (0x00740433) add x8, x8, x7                           spcl_Mhandler+16
x8 <- 0x0000000080002A40

mem[X,0x0000000080002808] -> 0x7413
mem[X,0x000000008000280A] -> 0xFF84
[739] [M]: 0x0000000080002808 (0xFF847413) andi x8, x8, -0x8                        spcl_Mhandler+20
x8 <- 0x0000000080002A40

clint mtime 0x0000000000000172 (mip.MTI <- 0b1, mip.STI <- 0b0)
mem[X,0x000000008000280C] -> 0x3403
mem[X,0x000000008000280E] -> 0x0004
[740] [M]: 0x000000008000280C (0x00043403) ld x8, 0x0(x8)                           spcl_Mhandler+24
mem[R,0x0000000080002A40] -> 0x0000000000000005
x8 <- 0x0000000000000005

mem[X,0x0000000080002810] -> 0x02E3
mem[X,0x0000000080002812] -> 0xB204
[741] [M]: 0x0000000080002810 (0xB20402E3) beq x8, x0, -0x4dc                       spcl_Mdispatch_hndling+0

clint mtime 0x0000000000000173 (mip.MTI <- 0b1, mip.STI <- 0b0)
mem[X,0x0000000080002814] -> 0x1393
mem[X,0x0000000080002816] -> 0x03F4
[742] [M]: 0x0000000080002814 (0x03F41393) slli x7, x8, 0x3f                        spcl_Mdispatch_hndling+4
x7 <- 0x8000000000000000

mem[X,0x0000000080002818] -> 0xD863
mem[X,0x000000008000281A] -> 0x0003
[743] [M]: 0x0000000080002818 (0x0003D863) bge x7, x0, 0x10                         spcl_Mdispatch_hndling+8

clint mtime 0x0000000000000174 (mip.MTI <- 0b1, mip.STI <- 0b0)
mem[X,0x000000008000281C] -> 0x5413
mem[X,0x000000008000281E] -> 0x0014
[744] [M]: 0x000000008000281C (0x00145413) srli x8, x8, 0x1                         spcl_Mdispatch_hndling+12
x8 <- 0x0000000000000002

mem[X,0x0000000080002820] -> 0x0CE3
mem[X,0x0000000080002822] -> 0xF885
[745] [M]: 0x0000000080002820 (0xF8850CE3) beq x10, x8, -0x68                       spcl_Mdispatch_hndling+16

clint mtime 0x0000000000000175 (mip.MTI <- 0b1, mip.STI <- 0b0)
mem[X,0x00000000800027B8] -> 0x3303
mem[X,0x00000000800027BA] -> 0x2601
[746] [M]: 0x00000000800027B8 (0x26013303) ld x6, 0x260(x2)                         resto_Mrtn+0
mem[R,0x0000000080005260] -> 0xFFFFFFFF7FFFF44C
x6 <- 0xFFFFFFFF7FFFF44C

mem[X,0x00000000800027BC] -> 0x3383
mem[X,0x00000000800027BE] -> 0x2681
[747] [M]: 0x00000000800027BC (0x26813383) ld x7, 0x268(x2)                         resto_Mrtn+4
mem[R,0x0000000080005268] -> 0x0000000080005000
x7 <- 0x0000000080005000

clint mtime 0x0000000000000176 (mip.MTI <- 0b1, mip.STI <- 0b0)
mem[X,0x00000000800027C0] -> 0x3403
mem[X,0x00000000800027C2] -> 0x2701
[748] [M]: 0x00000000800027C0 (0x27013403) ld x8, 0x270(x2)                         resto_Mrtn+8
mem[R,0x0000000080005270] -> 0x0000000000007F76
x8 <- 0x0000000000007F76

mem[X,0x00000000800027C4] -> 0x3483
mem[X,0x00000000800027C6] -> 0x2781
[749] [M]: 0x00000000800027C4 (0x27813483) ld x9, 0x278(x2)                         resto_Mrtn+12
mem[R,0x0000000080005278] -> 0x00000300000000BC
x9 <- 0x00000300000000BC

clint mtime 0x0000000000000177 (mip.MTI <- 0b1, mip.STI <- 0b0)
mem[X,0x00000000800027C8] -> 0x3503
mem[X,0x00000000800027CA] -> 0x2801
[750] [M]: 0x00000000800027C8 (0x28013503) ld x10, 0x280(x2)                        resto_Mrtn+16
mem[R,0x0000000080005280] -> 0x00000000000002DF
x10 <- 0x00000000000002DF

mem[X,0x00000000800027CC] -> 0x3583
mem[X,0x00000000800027CE] -> 0x2881
[751] [M]: 0x00000000800027CC (0x28813583) ld x11, 0x288(x2)                        resto_Mrtn+20
mem[R,0x0000000080005288] -> 0x00000000000002DF
x11 <- 0x00000000000002DF

clint mtime 0x0000000000000178 (mip.MTI <- 0b1, mip.STI <- 0b0)
mem[X,0x00000000800027D0] -> 0x3103
mem[X,0x00000000800027D2] -> 0x2901
[752] [M]: 0x00000000800027D0 (0x29013103) ld x2, 0x290(x2)                         resto_Mrtn+24
mem[R,0x0000000080005290] -> 0x0000000000000000
x2 <- 0x0000000000000000

mem[X,0x00000000800027D4] -> 0x0073
mem[X,0x00000000800027D6] -> 0x3020
[753] [M]: 0x00000000800027D4 (0x30200073) mret                                     resto_Mrtn+28
CSR mstatus (0x300) <- 0x0000000A00000080
ret-ing from M to U

clint mtime 0x0000000000000179 (mip.MTI <- 0b1, mip.STI <- 0b0)
mem[X,0x0000000080000C80] -> 0x07B7
mem[X,0x0000000080000C82] -> 0x0000
[754] [U]: 0x0000030080000C80 (0x000007B7) lui x15, 0x0                             va_rvtest_code_begin+1220
x15 <- 0x0000000000000000

mem[X,0x0000000080000C84] -> 0x8793
mem[X,0x0000000080000C86] -> 0x2807
[755] [U]: 0x0000030080000C84 (0x28078793) addi x15, x15, 0x280                     va_rvtest_code_begin+1224
x15 <- 0x0000000000000280

clint mtime 0x000000000000017A (mip.MTI <- 0b1, mip.STI <- 0b0)
mem[X,0x0000000080000C88] -> 0x9793
mem[X,0x0000000080000C8A] -> 0x00B7
[756] [U]: 0x0000030080000C88 (0x00B79793) slli x15, x15, 0xb                       va_rvtest_code_begin+1228
x15 <- 0x0000000000140000

mem[X,0x0000000080000C8C] -> 0x8793
mem[X,0x0000000080000C8E] -> 0x4007
[757] [U]: 0x0000030080000C8C (0x40078793) addi x15, x15, 0x400                     va_rvtest_code_begin+1232
x15 <- 0x0000000000140400

clint mtime 0x000000000000017B (mip.MTI <- 0b1, mip.STI <- 0b0)
mem[X,0x0000000080000C90] -> 0x9793
mem[X,0x0000000080000C92] -> 0x00B7
[758] [U]: 0x0000030080000C90 (0x00B79793) slli x15, x15, 0xb                       va_rvtest_code_begin+1236
x15 <- 0x00000000A0200000

mem[X,0x0000000080000C94] -> 0x8793
mem[X,0x0000000080000C96] -> 0x0017
[759] [U]: 0x0000030080000C94 (0x00178793) addi x15, x15, 0x1                       va_rvtest_code_begin+1240
x15 <- 0x00000000A0200001

clint mtime 0x000000000000017C (mip.MTI <- 0b1, mip.STI <- 0b0)
mem[X,0x0000000080000C98] -> 0x9793
mem[X,0x0000000080000C9A] -> 0x00A7
[760] [U]: 0x0000030080000C98 (0x00A79793) slli x15, x15, 0xa                       va_rvtest_code_begin+1244
x15 <- 0x0000028080000400

mem[X,0x0000000080000C9C] -> 0x0613
mem[X,0x0000000080000C9E] -> 0x0106
[761] [U]: 0x0000030080000C9C (0x01060613) addi x12, x12, 0x10                      va_rvtest_code_begin+1248
x12 <- 0x0000000000000020

clint mtime 0x000000000000017D (mip.MTI <- 0b1, mip.STI <- 0b0)
mem[X,0x0000000080000CA0] -> 0xAA23
mem[X,0x0000000080000CA2] -> 0x00C7
[762] [U]: 0x0000030080000CA0 (0x00C7AA23) sw x12, 0x14(x15)                        va_rvtest_code_begin+1252
PTW: Start, vpn=0x28080000, access_type=W, privilege=Umem[R,0x0000000080009028] -> 0x00000000000002DF
PTW: Step, level=3, pte=0x2DF, pte_addr=0x80009028
PTW: Success, final_ppn=0x80000, level=3mem[W,0x0000000080000414] <- 0x00000020

PTW: Start, vpn=0x30080000, access_type=X, privilege=Umem[R,0x0000000080009030] -> 0x00000000000000DB
PTW: Step, level=3, pte=0xDB, pte_addr=0x80009030
PTW: Success, final_ppn=0x80000, level=3mem[X,0x0000000080000CA4] -> 0x0013
mem[X,0x0000000080000CA6] -> 0x0000
[763] [U]: 0x0000030080000CA4 (0x00000013) addi x0, x0, 0x0                         va_rvtest_code_begin+1256

clint mtime 0x000000000000017E (mip.MTI <- 0b1, mip.STI <- 0b0)
mem[X,0x0000000080000CA8] -> 0xA703
mem[X,0x0000000080000CAA] -> 0x0147
[764] [U]: 0x0000030080000CA8 (0x0147A703) lw x14, 0x14(x15)                        va_rvtest_code_begin+1260
PTW: Start, vpn=0x28080000, access_type=R, privilege=Umem[R,0x0000000080009028] -> 0x00000000000002DF
PTW: Step, level=3, pte=0x2DF, pte_addr=0x80009028
PTW: Success, final_ppn=0x80000, level=3mem[R,0x0000000080000414] -> 0x00000020
x14 <- 0x0000000000000020

PTW: Start, vpn=0x30080000, access_type=X, privilege=Umem[R,0x0000000080009030] -> 0x00000000000000DB
PTW: Step, level=3, pte=0xDB, pte_addr=0x80009030
PTW: Success, final_ppn=0x80000, level=3mem[X,0x0000000080000CAC] -> 0x0013
mem[X,0x0000000080000CAE] -> 0x0000
[765] [U]: 0x0000030080000CAC (0x00000013) addi x0, x0, 0x0                         va_rvtest_code_begin+1264

clint mtime 0x000000000000017F (mip.MTI <- 0b1, mip.STI <- 0b0)
mem[X,0x0000000080000CB0] -> 0x51B7
mem[X,0x0000000080000CB2] -> 0x0000
[766] [U]: 0x0000030080000CB0 (0x000051B7) lui x3, 0x5                              va_rvtest_code_begin+1268
x3 <- 0x0000000000005000

mem[X,0x0000000080000CB4] -> 0x8193
mem[X,0x0000000080000CB6] -> 0x6671
[767] [U]: 0x0000030080000CB4 (0x66718193) addi x3, x3, 0x667                       va_rvtest_code_begin+1272
x3 <- 0x0000000000005667

clint mtime 0x0000000000000180 (mip.MTI <- 0b1, mip.STI <- 0b0)
mem[X,0x0000000080000CB8] -> 0x9193
mem[X,0x0000000080000CBA] -> 0x0011
[768] [U]: 0x0000030080000CB8 (0x00119193) slli x3, x3, 0x1                         va_rvtest_code_begin+1276
x3 <- 0x000000000000ACCE

mem[X,0x0000000080000CBC] -> 0x0013
mem[X,0x0000000080000CBE] -> 0x0000
[769] [U]: 0x0000030080000CBC (0x00000013) addi x0, x0, 0x0                         va_rvtest_code_begin+1280

clint mtime 0x0000000000000181 (mip.MTI <- 0b1, mip.STI <- 0b0)
mem[X,0x0000000080000CC0] -> 0x0217
mem[X,0x0000000080000CC2] -> 0x0000
[770] [U]: 0x0000030080000CC0 (0x00000217) auipc x4, 0x0                            va_rvtest_code_begin+1284
x4 <- 0x0000030080000CC0

mem[X,0x0000000080000CC4] -> 0x0213
mem[X,0x0000000080000CC6] -> 0x02C2
[771] [U]: 0x0000030080000CC4 (0x02C20213) addi x4, x4, 0x2c                        va_rvtest_code_begin+1288
x4 <- 0x0000030080000CEC

clint mtime 0x0000000000000182 (mip.MTI <- 0b1, mip.STI <- 0b0)
mem[X,0x0000000080000CC8] -> 0x0001
[772] [U]: 0x0000030080000CC8 (0x0001) c.nop                                        va_rvtest_code_begin+1292

mem[X,0x0000000080000CCA] -> 0x0013
mem[X,0x0000000080000CCC] -> 0x0000
[773] [U]: 0x0000030080000CCA (0x00000013) addi x0, x0, 0x0                         va_rvtest_code_begin+1294

clint mtime 0x0000000000000183 (mip.MTI <- 0b1, mip.STI <- 0b0)
mem[X,0x0000000080000CCE] -> 0x0013
mem[X,0x0000000080000CD0] -> 0x0000
[774] [U]: 0x0000030080000CCE (0x00000013) addi x0, x0, 0x0                         va_rvtest_code_begin+1298

mem[X,0x0000000080000CD2] -> 0x0013
mem[X,0x0000000080000CD4] -> 0x0000
[775] [U]: 0x0000030080000CD2 (0x00000013) addi x0, x0, 0x0                         va_rvtest_code_begin+1302

clint mtime 0x0000000000000184 (mip.MTI <- 0b1, mip.STI <- 0b0)
mem[X,0x0000000080000CD6] -> 0x0013
mem[X,0x0000000080000CD8] -> 0x0000
[776] [U]: 0x0000030080000CD6 (0x00000013) addi x0, x0, 0x0                         va_rvtest_code_begin+1306

mem[X,0x0000000080000CDA] -> 0x0013
mem[X,0x0000000080000CDC] -> 0x0000
[777] [U]: 0x0000030080000CDA (0x00000013) addi x0, x0, 0x0                         va_rvtest_code_begin+1310

clint mtime 0x0000000000000185 (mip.MTI <- 0b1, mip.STI <- 0b0)
mem[X,0x0000000080000CDE] -> 0x0001
[778] [U]: 0x0000030080000CDE (0x0001) c.nop                                        va_rvtest_code_begin+1314

mem[X,0x0000000080000CE0] -> 0x80E7
mem[X,0x0000000080000CE2] -> 0x0007
[779] [U]: 0x0000030080000CE0 (0x000780E7) jalr x1, 0x0(x15)                        va_rvtest_code_begin+1316
x1 <- 0x0000030080000CE4

clint mtime 0x0000000000000186 (mip.MTI <- 0b1, mip.STI <- 0b0)
PTW: Start, vpn=0x28080000, access_type=X, privilege=Umem[R,0x0000000080009028] -> 0x00000000000002DF
PTW: Step, level=3, pte=0x2DF, pte_addr=0x80009028
PTW: Success, final_ppn=0x80000, level=3mem[X,0x0000000080000400] -> 0x0013
mem[X,0x0000000080000402] -> 0x0000
[780] [U]: 0x0000028080000400 (0x00000013) addi x0, x0, 0x0                         va_data_l3+0

mem[X,0x0000000080000404] -> 0x8093
mem[X,0x0000000080000406] -> 0x0080
[781] [U]: 0x0000028080000404 (0x00808093) addi x1, x1, 0x8                         va_data_l3+4
x1 <- 0x0000030080000CEC

clint mtime 0x0000000000000187 (mip.MTI <- 0b1, mip.STI <- 0b0)
mem[X,0x0000000080000408] -> 0x8067
mem[X,0x000000008000040A] -> 0x0000
[782] [U]: 0x0000028080000408 (0x00008067) jalr x0, 0x0(x1)                         va_data_l3+8

PTW: Start, vpn=0x30080000, access_type=X, privilege=Umem[R,0x0000000080009030] -> 0x00000000000000DB
PTW: Step, level=3, pte=0xDB, pte_addr=0x80009030
PTW: Success, final_ppn=0x80000, level=3mem[X,0x0000000080000CEC] -> 0x0013
mem[X,0x0000000080000CEE] -> 0x0000
[783] [U]: 0x0000030080000CEC (0x00000013) addi x0, x0, 0x0                         va_rvtest_code_begin+1328

clint mtime 0x0000000000000188 (mip.MTI <- 0b1, mip.STI <- 0b0)
mem[X,0x0000000080000CF0] -> 0x0013
mem[X,0x0000000080000CF2] -> 0x0000
[784] [U]: 0x0000030080000CF0 (0x00000013) addi x0, x0, 0x0                         va_rvtest_code_begin+1332

mem[X,0x0000000080000CF4] -> 0x0013
mem[X,0x0000000080000CF6] -> 0x0000
[785] [U]: 0x0000030080000CF4 (0x00000013) addi x0, x0, 0x0                         va_rvtest_code_begin+1336

clint mtime 0x0000000000000189 (mip.MTI <- 0b1, mip.STI <- 0b0)
mem[X,0x0000000080000CF8] -> 0x0113
mem[X,0x0000000080000CFA] -> 0x0000
[786] [U]: 0x0000030080000CF8 (0x00000113) addi x2, x0, 0x0                         va_rvtest_code_begin+1340
x2 <- 0x0000000000000000

mem[X,0x0000000080000CFC] -> 0x0073
mem[X,0x0000000080000CFE] -> 0x0000
[787] [U]: 0x0000030080000CFC (0x00000073) ecall                                    va_rvtest_code_begin+1344
trapping from U to M to handle u-call
handling exc#u-call at priv M with tval 0x0000000000000000
CSR mstatus (0x300) <- 0x0000000A00000000
CSR mcause (0x342) <- 0x0000000000000008
CSR mtval (0x343) <- 0x0000000000000000
CSR mepc (0x341) <- 0x0000030080000CFC

clint mtime 0x000000000000018A (mip.MTI <- 0b1, mip.STI <- 0b0)
mem[X,0x0000000080002380] -> 0x006F
mem[X,0x0000000080002382] -> 0x1000
[788] [M]: 0x0000000080002380 (0x1000006F) jal x0, 0x100                            Mtrampoline+0

mem[X,0x0000000080002480] -> 0x1173
mem[X,0x0000000080002482] -> 0x3401
[789] [M]: 0x0000000080002480 (0x34011173) csrrw x2, mscratch, x2                   trap_Mhandler+0
CSR mscratch (0x340) <- 0x0000000000000000
x2 <- 0x0000000080005000

clint mtime 0x000000000000018B (mip.MTI <- 0b1, mip.STI <- 0b0)
mem[X,0x0000000080002484] -> 0x3423
mem[X,0x0000000080002486] -> 0x28B1
[790] [M]: 0x0000000080002484 (0x28B13423) sd x11, 0x288(x2)                        trap_Mhandler+4
mem[W,0x0000000080005288] <- 0x00000000000002DF

mem[X,0x0000000080002488] -> 0x05EF
mem[X,0x000000008000248A] -> 0x0B80
[791] [M]: 0x0000000080002488 (0x0B8005EF) jal x11, 0xb8                            trap_Mhandler+8
x11 <- 0x000000008000248C

clint mtime 0x000000000000018C (mip.MTI <- 0b1, mip.STI <- 0b0)
mem[X,0x0000000080002540] -> 0x3023
mem[X,0x0000000080002542] -> 0x28A1
[792] [M]: 0x0000000080002540 (0x28A13023) sd x10, 0x280(x2)                        common_Mhandler+0
mem[W,0x0000000080005280] <- 0x00000000000002DF

mem[X,0x0000000080002544] -> 0x1573
mem[X,0x0000000080002546] -> 0x3401
[793] [M]: 0x0000000080002544 (0x34011573) csrrw x10, mscratch, x2                  common_Mhandler+4
CSR mscratch (0x340) <- 0x0000000080005000
x10 <- 0x0000000000000000

clint mtime 0x000000000000018D (mip.MTI <- 0b1, mip.STI <- 0b0)
mem[X,0x0000000080002548] -> 0x3823
mem[X,0x000000008000254A] -> 0x28A1
[794] [M]: 0x0000000080002548 (0x28A13823) sd x10, 0x290(x2)                        common_Mhandler+8
mem[W,0x0000000080005290] <- 0x0000000000000000

mem[X,0x000000008000254C] -> 0x3503
mem[X,0x000000008000254E] -> 0x2301
[795] [M]: 0x000000008000254C (0x23013503) ld x10, 0x230(x2)                        common_Mhandler+12
mem[R,0x0000000080005230] -> 0x0000000080002554
x10 <- 0x0000000080002554

clint mtime 0x000000000000018E (mip.MTI <- 0b1, mip.STI <- 0b0)
mem[X,0x0000000080002550] -> 0x0067
mem[X,0x0000000080002552] -> 0x0005
[796] [M]: 0x0000000080002550 (0x00050067) jalr x0, 0x0(x10)                        common_Mhandler+16

mem[X,0x0000000080002554] -> 0x3C23
mem[X,0x0000000080002556] -> 0x2691
[797] [M]: 0x0000000080002554 (0x26913C23) sd x9, 0x278(x2)                         common_Mentry+0
mem[W,0x0000000080005278] <- 0x00000300000000BC

clint mtime 0x000000000000018F (mip.MTI <- 0b1, mip.STI <- 0b0)
mem[X,0x0000000080002558] -> 0x3823
mem[X,0x000000008000255A] -> 0x2681
[798] [M]: 0x0000000080002558 (0x26813823) sd x8, 0x270(x2)                         common_Mentry+4
mem[W,0x0000000080005270] <- 0x0000000000007F76

mem[X,0x000000008000255C] -> 0x3423
mem[X,0x000000008000255E] -> 0x2671
[799] [M]: 0x000000008000255C (0x26713423) sd x7, 0x268(x2)                         common_Mentry+8
mem[W,0x0000000080005268] <- 0x0000000080005000

clint mtime 0x0000000000000190 (mip.MTI <- 0b1, mip.STI <- 0b0)
mem[X,0x0000000080002560] -> 0x3023
mem[X,0x0000000080002562] -> 0x2661
[800] [M]: 0x0000000080002560 (0x26613023) sd x6, 0x260(x2)                         common_Mentry+12
mem[W,0x0000000080005260] <- 0xFFFFFFFF7FFFF44C

mem[X,0x0000000080002564] -> 0x2573
mem[X,0x0000000080002566] -> 0x3420
[801] [M]: 0x0000000080002564 (0x34202573) csrrs x10, mcause, x0                    spcl_M2mmode_test+0
CSR mcause (0x342) -> 0x0000000000000008
x10 <- 0x0000000000000008

clint mtime 0x0000000000000191 (mip.MTI <- 0b1, mip.STI <- 0b0)
mem[X,0x0000000080002568] -> 0x04B7
mem[X,0x000000008000256A] -> 0x8000
[802] [M]: 0x0000000080002568 (0x800004B7) lui x9, -0x80000                         spcl_M2mmode_test+4
x9 <- 0xFFFFFFFF80000000

mem[X,0x000000008000256C] -> 0x8493
mem[X,0x000000008000256E] -> 0x0004
[803] [M]: 0x000000008000256C (0x00048493) addi x9, x9, 0x0                         spcl_M2mmode_test+8
x9 <- 0xFFFFFFFF80000000

clint mtime 0x0000000000000192 (mip.MTI <- 0b1, mip.STI <- 0b0)
mem[X,0x0000000080002570] -> 0x9493
mem[X,0x0000000080002572] -> 0x00B4
[804] [M]: 0x0000000080002570 (0x00B49493) slli x9, x9, 0xb                         spcl_M2mmode_test+12
x9 <- 0xFFFFFC0000000000

mem[X,0x0000000080002574] -> 0x8493
mem[X,0x0000000080002576] -> 0x0004
[805] [M]: 0x0000000080002574 (0x00048493) addi x9, x9, 0x0                         spcl_M2mmode_test+16
x9 <- 0xFFFFFC0000000000

clint mtime 0x0000000000000193 (mip.MTI <- 0b1, mip.STI <- 0b0)
mem[X,0x0000000080002578] -> 0x9493
mem[X,0x000000008000257A] -> 0x00B4
[806] [M]: 0x0000000080002578 (0x00B49493) slli x9, x9, 0xb                         spcl_M2mmode_test+20
x9 <- 0xFFE0000000000000

mem[X,0x000000008000257C] -> 0x8493
mem[X,0x000000008000257E] -> 0x0034
[807] [M]: 0x000000008000257C (0x00348493) addi x9, x9, 0x3                         spcl_M2mmode_test+24
x9 <- 0xFFE0000000000003

clint mtime 0x0000000000000194 (mip.MTI <- 0b1, mip.STI <- 0b0)
mem[X,0x0000000080002580] -> 0x9493
mem[X,0x0000000080002582] -> 0x00A4
[808] [M]: 0x0000000080002580 (0x00A49493) slli x9, x9, 0xa                         spcl_M2mmode_test+28
x9 <- 0x8000000000000C00

mem[X,0x0000000080002584] -> 0x8493
mem[X,0x0000000080002586] -> 0x3FC4
[809] [M]: 0x0000000080002584 (0x3FC48493) addi x9, x9, 0x3fc                       spcl_M2mmode_test+32
x9 <- 0x8000000000000FFC

clint mtime 0x0000000000000195 (mip.MTI <- 0b1, mip.STI <- 0b0)
mem[X,0x0000000080002588] -> 0xF4B3
mem[X,0x000000008000258A] -> 0x00A4
[810] [M]: 0x0000000080002588 (0x00A4F4B3) and x9, x9, x10                          spcl_M2mmode_test+36
x9 <- 0x0000000000000008

mem[X,0x000000008000258C] -> 0x8493
mem[X,0x000000008000258E] -> 0xFF84
[811] [M]: 0x000000008000258C (0xFF848493) addi x9, x9, -0x8                        spcl_M2mmode_test+40
x9 <- 0x0000000000000000

clint mtime 0x0000000000000196 (mip.MTI <- 0b1, mip.STI <- 0b0)
mem[X,0x0000000080002590] -> 0x9663
mem[X,0x0000000080002592] -> 0x0004
[812] [M]: 0x0000000080002590 (0x00049663) bne x9, x0, 0xc                          spcl_M2mmode_test+44

mem[X,0x0000000080002594] -> 0x3383
mem[X,0x0000000080002596] -> 0x2901
[813] [M]: 0x0000000080002594 (0x29013383) ld x7, 0x290(x2)                         spcl_M2mmode_test+48
mem[R,0x0000000080005290] -> 0x0000000000000000
x7 <- 0x0000000000000000

clint mtime 0x0000000000000197 (mip.MTI <- 0b1, mip.STI <- 0b0)
mem[X,0x0000000080002598] -> 0x8663
mem[X,0x000000008000259A] -> 0x6E03
[814] [M]: 0x0000000080002598 (0x6E038663) beq x7, x0, 0x6ec                        spcl_M2mmode_test+52

mem[X,0x0000000080002C84] -> 0x0493
mem[X,0x0000000080002C86] -> 0xFF55
[815] [M]: 0x0000000080002C84 (0xFF550493) addi x9, x10, -0xb                       rtn2mmode+0
x9 <- 0xFFFFFFFFFFFFFFFD

clint mtime 0x0000000000000198 (mip.MTI <- 0b1, mip.STI <- 0b0)
mem[X,0x0000000080002C88] -> 0x8C63
mem[X,0x0000000080002C8A] -> 0x0004
[816] [M]: 0x0000000080002C88 (0x00048C63) beq x9, x0, 0x18                         rtn2mmode+4

mem[X,0x0000000080002C8C] -> 0x3583
mem[X,0x0000000080002C8E] -> 0x4701
[817] [M]: 0x0000000080002C8C (0x47013583) ld x11, 0x470(x2)                        rtn2mmode+8
mem[R,0x0000000080005470] -> 0x00000300800007BC
x11 <- 0x00000300800007BC

clint mtime 0x0000000000000199 (mip.MTI <- 0b1, mip.STI <- 0b0)
mem[X,0x0000000080002C90] -> 0xD463
mem[X,0x0000000080002C92] -> 0x0003
[818] [M]: 0x0000000080002C90 (0x0003D463) bge x7, x0, 0x8                          rtn2mmode+12

mem[X,0x0000000080002C98] -> 0x3483
mem[X,0x0000000080002C9A] -> 0x1D81
[819] [M]: 0x0000000080002C98 (0x1D813483) ld x9, 0x1d8(x2)                         from_u_s+0
mem[R,0x00000000800051D8] -> 0x00000000800007D4
x9 <- 0x00000000800007D4

clint mtime 0x000000000000019A (mip.MTI <- 0b1, mip.STI <- 0b0)
mem[X,0x0000000080002C9C] -> 0x84B3
mem[X,0x0000000080002C9E] -> 0x40B4
[820] [M]: 0x0000000080002C9C (0x40B484B3) sub x9, x9, x11                          from_u_s+4
x9 <- 0xFFFFFD0000000018

mem[X,0x0000000080002CA0] -> 0x23F3
mem[X,0x0000000080002CA2] -> 0x3410
[821] [M]: 0x0000000080002CA0 (0x341023F3) csrrs x7, mepc, x0                       rtn_fm_mmode+0
CSR mepc (0x341) -> 0x0000030080000CFC
x7 <- 0x0000030080000CFC

clint mtime 0x000000000000019B (mip.MTI <- 0b1, mip.STI <- 0b0)
mem[X,0x0000000080002CA4] -> 0x83B3
mem[X,0x0000000080002CA6] -> 0x0093
[822] [M]: 0x0000000080002CA4 (0x009383B3) add x7, x7, x9                           rtn_fm_mmode+4
x7 <- 0x0000000080000D14

mem[X,0x0000000080002CA8] -> 0x3303
mem[X,0x0000000080002CAA] -> 0x2601
[823] [M]: 0x0000000080002CA8 (0x26013303) ld x6, 0x260(x2)                         rtn_fm_mmode+8
mem[R,0x0000000080005260] -> 0xFFFFFFFF7FFFF44C
x6 <- 0xFFFFFFFF7FFFF44C

clint mtime 0x000000000000019C (mip.MTI <- 0b1, mip.STI <- 0b0)
mem[X,0x0000000080002CAC] -> 0x3403
mem[X,0x0000000080002CAE] -> 0x2701
[824] [M]: 0x0000000080002CAC (0x27013403) ld x8, 0x270(x2)                         rtn_fm_mmode+12
mem[R,0x0000000080005270] -> 0x0000000000007F76
x8 <- 0x0000000000007F76

mem[X,0x0000000080002CB0] -> 0x3483
mem[X,0x0000000080002CB2] -> 0x2781
[825] [M]: 0x0000000080002CB0 (0x27813483) ld x9, 0x278(x2)                         rtn_fm_mmode+16
mem[R,0x0000000080005278] -> 0x00000300000000BC
x9 <- 0x00000300000000BC

clint mtime 0x000000000000019D (mip.MTI <- 0b1, mip.STI <- 0b0)
mem[X,0x0000000080002CB4] -> 0x3503
mem[X,0x0000000080002CB6] -> 0x2801
[826] [M]: 0x0000000080002CB4 (0x28013503) ld x10, 0x280(x2)                        rtn_fm_mmode+20
mem[R,0x0000000080005280] -> 0x00000000000002DF
x10 <- 0x00000000000002DF

mem[X,0x0000000080002CB8] -> 0x3583
mem[X,0x0000000080002CBA] -> 0x2881
[827] [M]: 0x0000000080002CB8 (0x28813583) ld x11, 0x288(x2)                        rtn_fm_mmode+24
mem[R,0x0000000080005288] -> 0x00000000000002DF
x11 <- 0x00000000000002DF

clint mtime 0x000000000000019E (mip.MTI <- 0b1, mip.STI <- 0b0)
mem[X,0x0000000080002CBC] -> 0x3103
mem[X,0x0000000080002CBE] -> 0x2901
[828] [M]: 0x0000000080002CBC (0x29013103) ld x2, 0x290(x2)                         rtn_fm_mmode+28
mem[R,0x0000000080005290] -> 0x0000000000000000
x2 <- 0x0000000000000000

mem[X,0x0000000080002CC0] -> 0x8067
mem[X,0x0000000080002CC2] -> 0x0043
[829] [M]: 0x0000000080002CC0 (0x00438067) jalr x0, 0x4(x7)                         rtn_fm_mmode+32

clint mtime 0x000000000000019F (mip.MTI <- 0b1, mip.STI <- 0b0)
mem[X,0x0000000080000D18] -> 0x0013
mem[X,0x0000000080000D1A] -> 0x0000
[830] [M]: 0x0000000080000D18 (0x00000013) addi x0, x0, 0x0                         main+1304

mem[X,0x0000000080000D1C] -> 0x0013
mem[X,0x0000000080000D1E] -> 0x0000
[831] [M]: 0x0000000080000D1C (0x00000013) addi x0, x0, 0x0                         main+1308

clint mtime 0x00000000000001A0 (mip.MTI <- 0b1, mip.STI <- 0b0)
mem[X,0x0000000080000D20] -> 0x051B
mem[X,0x0000000080000D22] -> 0x0000
[832] [M]: 0x0000000080000D20 (0x0000051B) addiw x10, x0, 0x0                       main+1312
x10 <- 0x0000000000000000

mem[X,0x0000000080000D24] -> 0x0001
[833] [M]: 0x0000000080000D24 (0x0001) c.nop                                        main+1316

clint mtime 0x00000000000001A1 (mip.MTI <- 0b1, mip.STI <- 0b0)
mem[X,0x0000000080000D26] -> 0x0013
mem[X,0x0000000080000D28] -> 0x0000
[834] [M]: 0x0000000080000D26 (0x00000013) addi x0, x0, 0x0                         main+1318

mem[X,0x0000000080000D2A] -> 0x0013
mem[X,0x0000000080000D2C] -> 0x0000
[835] [M]: 0x0000000080000D2A (0x00000013) addi x0, x0, 0x0                         main+1322

clint mtime 0x00000000000001A2 (mip.MTI <- 0b1, mip.STI <- 0b0)
mem[X,0x0000000080000D2E] -> 0x0013
mem[X,0x0000000080000D30] -> 0x0000
[836] [M]: 0x0000000080000D2E (0x00000013) addi x0, x0, 0x0                         main+1326

mem[X,0x0000000080000D32] -> 0x0013
mem[X,0x0000000080000D34] -> 0x0000
[837] [M]: 0x0000000080000D32 (0x00000013) addi x0, x0, 0x0                         main+1330

clint mtime 0x00000000000001A3 (mip.MTI <- 0b1, mip.STI <- 0b0)
mem[X,0x0000000080000D36] -> 0x0013
mem[X,0x0000000080000D38] -> 0x0000
[838] [M]: 0x0000000080000D36 (0x00000013) addi x0, x0, 0x0                         main+1334

mem[X,0x0000000080000D3A] -> 0x0013
mem[X,0x0000000080000D3C] -> 0x0000
[839] [M]: 0x0000000080000D3A (0x00000013) addi x0, x0, 0x0                         main+1338

clint mtime 0x00000000000001A4 (mip.MTI <- 0b1, mip.STI <- 0b0)
mem[X,0x0000000080000D3E] -> 0x0001
[840] [M]: 0x0000000080000D3E (0x0001) c.nop                                        main+1342

mem[X,0x0000000080000D40] -> 0x0593
mem[X,0x0000000080000D42] -> 0x3DF0
[841] [M]: 0x0000000080000D40 (0x3DF00593) addi x11, x0, 0x3df                      main+1344
x11 <- 0x00000000000003DF

clint mtime 0x00000000000001A5 (mip.MTI <- 0b1, mip.STI <- 0b0)
mem[X,0x0000000080000D44] -> 0x5513
mem[X,0x0000000080000D46] -> 0x00C5
[842] [M]: 0x0000000080000D44 (0x00C55513) srli x10, x10, 0xc                       main+1348
x10 <- 0x0000000000000000

mem[X,0x0000000080000D48] -> 0x1513
mem[X,0x0000000080000D4A] -> 0x00A5
[843] [M]: 0x0000000080000D48 (0x00A51513) slli x10, x10, 0xa                       main+1352
x10 <- 0x0000000000000000

clint mtime 0x00000000000001A6 (mip.MTI <- 0b1, mip.STI <- 0b0)
mem[X,0x0000000080000D4C] -> 0x6533
mem[X,0x0000000080000D4E] -> 0x00B5
[844] [M]: 0x0000000080000D4C (0x00B56533) or x10, x10, x11                         main+1356
x10 <- 0x00000000000003DF

mem[X,0x0000000080000D50] -> 0x0013
mem[X,0x0000000080000D52] -> 0x0000
[845] [M]: 0x0000000080000D50 (0x00000013) addi x0, x0, 0x0                         main+1360

clint mtime 0x00000000000001A7 (mip.MTI <- 0b1, mip.STI <- 0b0)
mem[X,0x0000000080000D54] -> 0x0013
mem[X,0x0000000080000D56] -> 0x0000
[846] [M]: 0x0000000080000D54 (0x00000013) addi x0, x0, 0x0                         main+1364

mem[X,0x0000000080000D58] -> 0x0013
mem[X,0x0000000080000D5A] -> 0x0000
[847] [M]: 0x0000000080000D58 (0x00000013) addi x0, x0, 0x0                         main+1368

clint mtime 0x00000000000001A8 (mip.MTI <- 0b1, mip.STI <- 0b0)
mem[X,0x0000000080000D5C] -> 0x0013
mem[X,0x0000000080000D5E] -> 0x0000
[848] [M]: 0x0000000080000D5C (0x00000013) addi x0, x0, 0x0                         main+1372

mem[X,0x0000000080000D60] -> 0x8317
mem[X,0x0000000080000D62] -> 0x0000
[849] [M]: 0x0000000080000D60 (0x00008317) auipc x6, 0x8                            main+1376
x6 <- 0x0000000080008D60

clint mtime 0x00000000000001A9 (mip.MTI <- 0b1, mip.STI <- 0b0)
mem[X,0x0000000080000D64] -> 0x0313
mem[X,0x0000000080000D66] -> 0x2A03
[850] [M]: 0x0000000080000D64 (0x2A030313) addi x6, x6, 0x2a0                       main+1380
x6 <- 0x0000000080009000

mem[X,0x0000000080000D68] -> 0x0001
[851] [M]: 0x0000000080000D68 (0x0001) c.nop                                        main+1384

clint mtime 0x00000000000001AA (mip.MTI <- 0b1, mip.STI <- 0b0)
mem[X,0x0000000080000D6A] -> 0x0013
mem[X,0x0000000080000D6C] -> 0x0000
[852] [M]: 0x0000000080000D6A (0x00000013) addi x0, x0, 0x0                         main+1386

mem[X,0x0000000080000D6E] -> 0x0013
mem[X,0x0000000080000D70] -> 0x0000
[853] [M]: 0x0000000080000D6E (0x00000013) addi x0, x0, 0x0                         main+1390

clint mtime 0x00000000000001AB (mip.MTI <- 0b1, mip.STI <- 0b0)
mem[X,0x0000000080000D72] -> 0x0013
mem[X,0x0000000080000D74] -> 0x0000
[854] [M]: 0x0000000080000D72 (0x00000013) addi x0, x0, 0x0                         main+1394

mem[X,0x0000000080000D76] -> 0x0013
mem[X,0x0000000080000D78] -> 0x0000
[855] [M]: 0x0000000080000D76 (0x00000013) addi x0, x0, 0x0                         main+1398

clint mtime 0x00000000000001AC (mip.MTI <- 0b1, mip.STI <- 0b0)
mem[X,0x0000000080000D7A] -> 0x0013
mem[X,0x0000000080000D7C] -> 0x0000
[856] [M]: 0x0000000080000D7A (0x00000013) addi x0, x0, 0x0                         main+1402

mem[X,0x0000000080000D7E] -> 0x0001
[857] [M]: 0x0000000080000D7E (0x0001) c.nop                                        main+1406

clint mtime 0x00000000000001AD (mip.MTI <- 0b1, mip.STI <- 0b0)
mem[X,0x0000000080000D80] -> 0x0293
mem[X,0x0000000080000D82] -> 0x0280
[858] [M]: 0x0000000080000D80 (0x02800293) addi x5, x0, 0x28                        main+1408
x5 <- 0x0000000000000028

mem[X,0x0000000080000D84] -> 0x0333
mem[X,0x0000000080000D86] -> 0x0053
[859] [M]: 0x0000000080000D84 (0x00530333) add x6, x6, x5                           main+1412
x6 <- 0x0000000080009028

clint mtime 0x00000000000001AE (mip.MTI <- 0b1, mip.STI <- 0b0)
mem[X,0x0000000080000D88] -> 0x3023
mem[X,0x0000000080000D8A] -> 0x00A3
[860] [M]: 0x0000000080000D88 (0x00A33023) sd x10, 0x0(x6)                          main+1416
mem[W,0x0000000080009028] <- 0x00000000000003DF

mem[X,0x0000000080000D8C] -> 0x0073
mem[X,0x0000000080000D8E] -> 0x1200
[861] [M]: 0x0000000080000D8C (0x12000073) sfence.vma x0, x0                        main+1420

clint mtime 0x00000000000001AF (mip.MTI <- 0b1, mip.STI <- 0b0)
mem[X,0x0000000080000D90] -> 0x0493
mem[X,0x0000000080000D92] -> 0x0010
[862] [M]: 0x0000000080000D90 (0x00100493) addi x9, x0, 0x1                         main+1424
x9 <- 0x0000000000000001

mem[X,0x0000000080000D94] -> 0x9493
mem[X,0x0000000080000D96] -> 0x00B4
[863] [M]: 0x0000000080000D94 (0x00B49493) slli x9, x9, 0xb                         main+1428
x9 <- 0x0000000000000800

clint mtime 0x00000000000001B0 (mip.MTI <- 0b1, mip.STI <- 0b0)
mem[X,0x0000000080000D98] -> 0xB073
mem[X,0x0000000080000D9A] -> 0x3004
[864] [M]: 0x0000000080000D98 (0x3004B073) csrrc x0, mstatus, x9                    main+1432
CSR mstatus (0x300) <- 0x0000000A00000000

mem[X,0x0000000080000D9C] -> 0x23F3
mem[X,0x0000000080000D9E] -> 0x3400
[865] [M]: 0x0000000080000D9C (0x340023F3) csrrs x7, mscratch, x0                   main+1436
CSR mscratch (0x340) -> 0x0000000080005000
x7 <- 0x0000000080005000

clint mtime 0x00000000000001B1 (mip.MTI <- 0b1, mip.STI <- 0b0)
mem[X,0x0000000080000DA0] -> 0xB303
mem[X,0x0000000080000DA2] -> 0x4703
[866] [M]: 0x0000000080000DA0 (0x4703B303) ld x6, 0x470(x7)                         main+1440
mem[R,0x0000000080005470] -> 0x00000300800007BC
x6 <- 0x00000300800007BC

mem[X,0x0000000080000DA4] -> 0xB483
mem[X,0x0000000080000DA6] -> 0x1D83
[867] [M]: 0x0000000080000DA4 (0x1D83B483) ld x9, 0x1d8(x7)                         main+1444
mem[R,0x00000000800051D8] -> 0x00000000800007D4
x9 <- 0x00000000800007D4

clint mtime 0x00000000000001B2 (mip.MTI <- 0b1, mip.STI <- 0b0)
mem[X,0x0000000080000DA8] -> 0x0333
mem[X,0x0000000080000DAA] -> 0x4093
[868] [M]: 0x0000000080000DA8 (0x40930333) sub x6, x6, x9                           main+1448
x6 <- 0x000002FFFFFFFFE8

mem[X,0x0000000080000DAC] -> 0x0313
mem[X,0x0000000080000DAE] -> 0x0103
[869] [M]: 0x0000000080000DAC (0x01030313) addi x6, x6, 0x10                        main+1452
x6 <- 0x000002FFFFFFFFF8

clint mtime 0x00000000000001B3 (mip.MTI <- 0b1, mip.STI <- 0b0)
mem[X,0x0000000080000DB0] -> 0x0497
mem[X,0x0000000080000DB2] -> 0x0000
[870] [M]: 0x0000000080000DB0 (0x00000497) auipc x9, 0x0                            main+1456
x9 <- 0x0000000080000DB0

mem[X,0x0000000080000DB4] -> 0x84B3
mem[X,0x0000000080000DB6] -> 0x0064
[871] [M]: 0x0000000080000DB4 (0x006484B3) add x9, x9, x6                           main+1460
x9 <- 0x0000030080000DA8

clint mtime 0x00000000000001B4 (mip.MTI <- 0b1, mip.STI <- 0b0)
mem[X,0x0000000080000DB8] -> 0x94F3
mem[X,0x0000000080000DBA] -> 0x3414
[872] [M]: 0x0000000080000DB8 (0x341494F3) csrrw x9, mepc, x9                       main+1464
CSR mepc (0x341) <- 0x0000030080000DA8
x9 <- 0x0000030080000CFC

mem[X,0x0000000080000DBC] -> 0x0073
mem[X,0x0000000080000DBE] -> 0x3020
[873] [M]: 0x0000000080000DBC (0x30200073) mret                                     main+1468
CSR mstatus (0x300) <- 0x0000000A00000080
ret-ing from M to U

clint mtime 0x00000000000001B5 (mip.MTI <- 0b1, mip.STI <- 0b0)
PTW: Start, vpn=0x30080000, access_type=X, privilege=Umem[R,0x0000000080009030] -> 0x00000000000000DB
PTW: Step, level=3, pte=0xDB, pte_addr=0x80009030
PTW: Success, final_ppn=0x80000, level=3mem[X,0x0000000080000DA8] -> 0x0333
mem[X,0x0000000080000DAA] -> 0x4093
[874] [U]: 0x0000030080000DA8 (0x40930333) sub x6, x6, x9                           va_rvtest_code_begin+1516
x6 <- 0xFFFFFFFF7FFFF2FC

mem[X,0x0000000080000DAC] -> 0x0313
mem[X,0x0000000080000DAE] -> 0x0103
[875] [U]: 0x0000030080000DAC (0x01030313) addi x6, x6, 0x10                        va_rvtest_code_begin+1520
x6 <- 0xFFFFFFFF7FFFF30C

clint mtime 0x00000000000001B6 (mip.MTI <- 0b1, mip.STI <- 0b0)
mem[X,0x0000000080000DB0] -> 0x0497
mem[X,0x0000000080000DB2] -> 0x0000
[876] [U]: 0x0000030080000DB0 (0x00000497) auipc x9, 0x0                            va_rvtest_code_begin+1524
x9 <- 0x0000030080000DB0

mem[X,0x0000000080000DB4] -> 0x84B3
mem[X,0x0000000080000DB6] -> 0x0064
[877] [U]: 0x0000030080000DB4 (0x006484B3) add x9, x9, x6                           va_rvtest_code_begin+1528
x9 <- 0x00000300000000BC

clint mtime 0x00000000000001B7 (mip.MTI <- 0b1, mip.STI <- 0b0)
mem[X,0x0000000080000DB8] -> 0x94F3
mem[X,0x0000000080000DBA] -> 0x3414
[878] [U]: 0x0000030080000DB8 (0x341494F3) csrrw x9, mepc, x9                       va_rvtest_code_begin+1532
trapping from U to M to handle illegal-instruction
handling exc#illegal-instruction at priv M with tval 0x00000000341494F3
CSR mstatus (0x300) <- 0x0000000A00000000
CSR mcause (0x342) <- 0x0000000000000002
CSR mtval (0x343) <- 0x00000000341494F3
CSR mepc (0x341) <- 0x0000030080000DB8

mem[X,0x0000000080002380] -> 0x006F
mem[X,0x0000000080002382] -> 0x1000
[879] [M]: 0x0000000080002380 (0x1000006F) jal x0, 0x100                            Mtrampoline+0

clint mtime 0x00000000000001B8 (mip.MTI <- 0b1, mip.STI <- 0b0)
mem[X,0x0000000080002480] -> 0x1173
mem[X,0x0000000080002482] -> 0x3401
[880] [M]: 0x0000000080002480 (0x34011173) csrrw x2, mscratch, x2                   trap_Mhandler+0
CSR mscratch (0x340) <- 0x0000000000000000
x2 <- 0x0000000080005000

mem[X,0x0000000080002484] -> 0x3423
mem[X,0x0000000080002486] -> 0x28B1
[881] [M]: 0x0000000080002484 (0x28B13423) sd x11, 0x288(x2)                        trap_Mhandler+4
mem[W,0x0000000080005288] <- 0x00000000000003DF

clint mtime 0x00000000000001B9 (mip.MTI <- 0b1, mip.STI <- 0b0)
mem[X,0x0000000080002488] -> 0x05EF
mem[X,0x000000008000248A] -> 0x0B80
[882] [M]: 0x0000000080002488 (0x0B8005EF) jal x11, 0xb8                            trap_Mhandler+8
x11 <- 0x000000008000248C

mem[X,0x0000000080002540] -> 0x3023
mem[X,0x0000000080002542] -> 0x28A1
[883] [M]: 0x0000000080002540 (0x28A13023) sd x10, 0x280(x2)                        common_Mhandler+0
mem[W,0x0000000080005280] <- 0x00000000000003DF

clint mtime 0x00000000000001BA (mip.MTI <- 0b1, mip.STI <- 0b0)
mem[X,0x0000000080002544] -> 0x1573
mem[X,0x0000000080002546] -> 0x3401
[884] [M]: 0x0000000080002544 (0x34011573) csrrw x10, mscratch, x2                  common_Mhandler+4
CSR mscratch (0x340) <- 0x0000000080005000
x10 <- 0x0000000000000000

mem[X,0x0000000080002548] -> 0x3823
mem[X,0x000000008000254A] -> 0x28A1
[885] [M]: 0x0000000080002548 (0x28A13823) sd x10, 0x290(x2)                        common_Mhandler+8
mem[W,0x0000000080005290] <- 0x0000000000000000

clint mtime 0x00000000000001BB (mip.MTI <- 0b1, mip.STI <- 0b0)
mem[X,0x000000008000254C] -> 0x3503
mem[X,0x000000008000254E] -> 0x2301
[886] [M]: 0x000000008000254C (0x23013503) ld x10, 0x230(x2)                        common_Mhandler+12
mem[R,0x0000000080005230] -> 0x0000000080002554
x10 <- 0x0000000080002554

mem[X,0x0000000080002550] -> 0x0067
mem[X,0x0000000080002552] -> 0x0005
[887] [M]: 0x0000000080002550 (0x00050067) jalr x0, 0x0(x10)                        common_Mhandler+16

clint mtime 0x00000000000001BC (mip.MTI <- 0b1, mip.STI <- 0b0)
mem[X,0x0000000080002554] -> 0x3C23
mem[X,0x0000000080002556] -> 0x2691
[888] [M]: 0x0000000080002554 (0x26913C23) sd x9, 0x278(x2)                         common_Mentry+0
mem[W,0x0000000080005278] <- 0x00000300000000BC

mem[X,0x0000000080002558] -> 0x3823
mem[X,0x000000008000255A] -> 0x2681
[889] [M]: 0x0000000080002558 (0x26813823) sd x8, 0x270(x2)                         common_Mentry+4
mem[W,0x0000000080005270] <- 0x0000000000007F76

clint mtime 0x00000000000001BD (mip.MTI <- 0b1, mip.STI <- 0b0)
mem[X,0x000000008000255C] -> 0x3423
mem[X,0x000000008000255E] -> 0x2671
[890] [M]: 0x000000008000255C (0x26713423) sd x7, 0x268(x2)                         common_Mentry+8
mem[W,0x0000000080005268] <- 0x0000000080005000

mem[X,0x0000000080002560] -> 0x3023
mem[X,0x0000000080002562] -> 0x2661
[891] [M]: 0x0000000080002560 (0x26613023) sd x6, 0x260(x2)                         common_Mentry+12
mem[W,0x0000000080005260] <- 0xFFFFFFFF7FFFF30C

clint mtime 0x00000000000001BE (mip.MTI <- 0b1, mip.STI <- 0b0)
mem[X,0x0000000080002564] -> 0x2573
mem[X,0x0000000080002566] -> 0x3420
[892] [M]: 0x0000000080002564 (0x34202573) csrrs x10, mcause, x0                    spcl_M2mmode_test+0
CSR mcause (0x342) -> 0x0000000000000002
x10 <- 0x0000000000000002

mem[X,0x0000000080002568] -> 0x04B7
mem[X,0x000000008000256A] -> 0x8000
[893] [M]: 0x0000000080002568 (0x800004B7) lui x9, -0x80000                         spcl_M2mmode_test+4
x9 <- 0xFFFFFFFF80000000

clint mtime 0x00000000000001BF (mip.MTI <- 0b1, mip.STI <- 0b0)
mem[X,0x000000008000256C] -> 0x8493
mem[X,0x000000008000256E] -> 0x0004
[894] [M]: 0x000000008000256C (0x00048493) addi x9, x9, 0x0                         spcl_M2mmode_test+8
x9 <- 0xFFFFFFFF80000000

mem[X,0x0000000080002570] -> 0x9493
mem[X,0x0000000080002572] -> 0x00B4
[895] [M]: 0x0000000080002570 (0x00B49493) slli x9, x9, 0xb                         spcl_M2mmode_test+12
x9 <- 0xFFFFFC0000000000

clint mtime 0x00000000000001C0 (mip.MTI <- 0b1, mip.STI <- 0b0)
mem[X,0x0000000080002574] -> 0x8493
mem[X,0x0000000080002576] -> 0x0004
[896] [M]: 0x0000000080002574 (0x00048493) addi x9, x9, 0x0                         spcl_M2mmode_test+16
x9 <- 0xFFFFFC0000000000

mem[X,0x0000000080002578] -> 0x9493
mem[X,0x000000008000257A] -> 0x00B4
[897] [M]: 0x0000000080002578 (0x00B49493) slli x9, x9, 0xb                         spcl_M2mmode_test+20
x9 <- 0xFFE0000000000000

clint mtime 0x00000000000001C1 (mip.MTI <- 0b1, mip.STI <- 0b0)
mem[X,0x000000008000257C] -> 0x8493
mem[X,0x000000008000257E] -> 0x0034
[898] [M]: 0x000000008000257C (0x00348493) addi x9, x9, 0x3                         spcl_M2mmode_test+24
x9 <- 0xFFE0000000000003

mem[X,0x0000000080002580] -> 0x9493
mem[X,0x0000000080002582] -> 0x00A4
[899] [M]: 0x0000000080002580 (0x00A49493) slli x9, x9, 0xa                         spcl_M2mmode_test+28
x9 <- 0x8000000000000C00

clint mtime 0x00000000000001C2 (mip.MTI <- 0b1, mip.STI <- 0b0)
mem[X,0x0000000080002584] -> 0x8493
mem[X,0x0000000080002586] -> 0x3FC4
[900] [M]: 0x0000000080002584 (0x3FC48493) addi x9, x9, 0x3fc                       spcl_M2mmode_test+32
x9 <- 0x8000000000000FFC

mem[X,0x0000000080002588] -> 0xF4B3
mem[X,0x000000008000258A] -> 0x00A4
[901] [M]: 0x0000000080002588 (0x00A4F4B3) and x9, x9, x10                          spcl_M2mmode_test+36
x9 <- 0x0000000000000000

clint mtime 0x00000000000001C3 (mip.MTI <- 0b1, mip.STI <- 0b0)
mem[X,0x000000008000258C] -> 0x8493
mem[X,0x000000008000258E] -> 0xFF84
[902] [M]: 0x000000008000258C (0xFF848493) addi x9, x9, -0x8                        spcl_M2mmode_test+40
x9 <- 0xFFFFFFFFFFFFFFF8

mem[X,0x0000000080002590] -> 0x9663
mem[X,0x0000000080002592] -> 0x0004
[903] [M]: 0x0000000080002590 (0x00049663) bne x9, x0, 0xc                          spcl_M2mmode_test+44

clint mtime 0x00000000000001C4 (mip.MTI <- 0b1, mip.STI <- 0b0)
mem[X,0x000000008000259C] -> 0x0393
mem[X,0x000000008000259E] -> 0x0200
[904] [M]: 0x000000008000259C (0x02000393) addi x7, x0, 0x20                        Mtrapsig_ptr_upd+0
x7 <- 0x0000000000000020

mem[X,0x00000000800025A0] -> 0x5263
mem[X,0x00000000800025A2] -> 0x0405
[905] [M]: 0x00000000800025A0 (0x04055263) bge x10, x0, 0x44                        Mtrapsig_ptr_upd+4

clint mtime 0x00000000000001C5 (mip.MTI <- 0b1, mip.STI <- 0b0)
mem[X,0x00000000800025E4] -> 0x2373
mem[X,0x00000000800025E6] -> 0x3010
[906] [M]: 0x00000000800025E4 (0x30102373) csrrs x6, misa, x0                       Mxcpt_sig_sv+0
CSR misa (0x301) -> 0x800000000034112F
x6 <- 0x800000000034112F

mem[X,0x00000000800025E8] -> 0x1313
mem[X,0x00000000800025EA] -> 0x0383
[907] [M]: 0x00000000800025E8 (0x03831313) slli x6, x6, 0x38                        Mxcpt_sig_sv+4
x6 <- 0x2F00000000000000

clint mtime 0x00000000000001C6 (mip.MTI <- 0b1, mip.STI <- 0b0)
mem[X,0x00000000800025EC] -> 0x5463
mem[X,0x00000000800025EE] -> 0x0003
[908] [M]: 0x00000000800025EC (0x00035463) bge x6, x0, 0x8                          Mxcpt_sig_sv+8

mem[X,0x00000000800025F4] -> 0x3303
mem[X,0x00000000800025F6] -> 0x2181
[909] [M]: 0x00000000800025F4 (0x21813303) ld x6, 0x218(x2)                         Mtrap_sig_sv+0
mem[R,0x0000000080005218] -> 0x000000008000A558
x6 <- 0x000000008000A558

clint mtime 0x00000000000001C7 (mip.MTI <- 0b1, mip.STI <- 0b0)
mem[X,0x00000000800025F8] -> 0x04B3
mem[X,0x00000000800025FA] -> 0x0073
[910] [M]: 0x00000000800025F8 (0x007304B3) add x9, x6, x7                           Mtrap_sig_sv+4
x9 <- 0x000000008000A578

mem[X,0x00000000800025FC] -> 0x3C23
mem[X,0x00000000800025FE] -> 0x2091
[911] [M]: 0x00000000800025FC (0x20913C23) sd x9, 0x218(x2)                         Mtrap_sig_sv+8
mem[W,0x0000000080005218] <- 0x000000008000A578

clint mtime 0x00000000000001C8 (mip.MTI <- 0b1, mip.STI <- 0b0)
mem[X,0x0000000080002600] -> 0x3403
mem[X,0x0000000080002602] -> 0x1F81
[912] [M]: 0x0000000080002600 (0x1F813403) ld x8, 0x1f8(x2)                         Mtrap_sig_sv+12
mem[R,0x00000000800051F8] -> 0x000000008000A110
x8 <- 0x000000008000A110

mem[X,0x0000000080002604] -> 0x0333
mem[X,0x0000000080002606] -> 0x4083
[913] [M]: 0x0000000080002604 (0x40830333) sub x6, x6, x8                           Mtrap_sig_sv+16
x6 <- 0x0000000000000448

clint mtime 0x00000000000001C9 (mip.MTI <- 0b1, mip.STI <- 0b0)
mem[X,0x0000000080002608] -> 0x3403
mem[X,0x000000008000260A] -> 0x1F81
[914] [M]: 0x0000000080002608 (0x1F813403) ld x8, 0x1f8(x2)                         Mtrap_sig_sv+20
mem[R,0x00000000800051F8] -> 0x000000008000A110
x8 <- 0x000000008000A110

mem[X,0x000000008000260C] -> 0x0333
mem[X,0x000000008000260E] -> 0x0083
[915] [M]: 0x000000008000260C (0x00830333) add x6, x6, x8                           Mtrap_sig_sv+24
x6 <- 0x000000008000A558

clint mtime 0x00000000000001CA (mip.MTI <- 0b1, mip.STI <- 0b0)
mem[X,0x0000000080002610] -> 0x3403
mem[X,0x0000000080002612] -> 0x2401
[916] [M]: 0x0000000080002610 (0x24013403) ld x8, 0x240(x2)                         Mtrap_sig_sv+28
mem[R,0x0000000080005240] -> 0x0000000080002380
x8 <- 0x0000000080002380

mem[X,0x0000000080002614] -> 0x85B3
mem[X,0x0000000080002616] -> 0x4085
[917] [M]: 0x0000000080002614 (0x408585B3) sub x11, x11, x8                         sv_Mvect+0
x11 <- 0x000000000000010C

clint mtime 0x00000000000001CB (mip.MTI <- 0b1, mip.STI <- 0b0)
mem[X,0x0000000080002618] -> 0x9593
mem[X,0x000000008000261A] -> 0x0045
[918] [M]: 0x0000000080002618 (0x00459593) slli x11, x11, 0x4                       sv_Mvect+4
x11 <- 0x00000000000010C0

mem[X,0x000000008000261C] -> 0xE5B3
mem[X,0x000000008000261E] -> 0x0075
[919] [M]: 0x000000008000261C (0x0075E5B3) or x11, x11, x7                          sv_Mvect+8
x11 <- 0x00000000000010E0

clint mtime 0x00000000000001CC (mip.MTI <- 0b1, mip.STI <- 0b0)
mem[X,0x0000000080002620] -> 0x8593
mem[X,0x0000000080002622] -> 0x0035
[920] [M]: 0x0000000080002620 (0x00358593) addi x11, x11, 0x3                       sv_Mvect+12
x11 <- 0x00000000000010E3

mem[X,0x0000000080002624] -> 0x3023
mem[X,0x0000000080002626] -> 0x00B3
[921] [M]: 0x0000000080002624 (0x00B33023) sd x11, 0x0(x6)                          sv_Mvect+16
mem[W,0x000000008000A558] <- 0x00000000000010E3

clint mtime 0x00000000000001CD (mip.MTI <- 0b1, mip.STI <- 0b0)
mem[X,0x0000000080002628] -> 0x3423
mem[X,0x000000008000262A] -> 0x00A3
[922] [M]: 0x0000000080002628 (0x00A33423) sd x10, 0x8(x6)                          sv_Mcause+0
mem[W,0x000000008000A560] <- 0x0000000000000002

mem[X,0x000000008000262C] -> 0x4663
mem[X,0x000000008000262E] -> 0x1A05
[923] [M]: 0x000000008000262C (0x1A054663) blt x10, x0, 0x1ac                       sv_Mcause+4

clint mtime 0x00000000000001CE (mip.MTI <- 0b1, mip.STI <- 0b0)
mem[X,0x0000000080002630] -> 0x25F3
mem[X,0x0000000080002632] -> 0x3000
[924] [M]: 0x0000000080002630 (0x300025F3) csrrs x11, mstatus, x0                   common_Mexcpt_handler+0
CSR mstatus (0x300) -> 0x0000000A00000000
x11 <- 0x0000000A00000000

mem[X,0x0000000080002634] -> 0x9413
mem[X,0x0000000080002636] -> 0x02E5
[925] [M]: 0x0000000080002634 (0x02E59413) slli x8, x11, 0x2e                       common_Mexcpt_handler+4
x8 <- 0x0000000000000000

clint mtime 0x00000000000001CF (mip.MTI <- 0b1, mip.STI <- 0b0)
mem[X,0x0000000080002638] -> 0x5463
mem[X,0x000000008000263A] -> 0x0004
[926] [M]: 0x0000000080002638 (0x00045463) bge x8, x0, 0x8                          common_Mexcpt_handler+8

mem[X,0x0000000080002640] -> 0xD493
mem[X,0x0000000080002642] -> 0x00B5
[927] [M]: 0x0000000080002640 (0x00B5D493) srli x9, x11, 0xb                        common_Mexcpt_handler+16
x9 <- 0x0000000001400000

clint mtime 0x00000000000001D0 (mip.MTI <- 0b1, mip.STI <- 0b0)
mem[X,0x0000000080002644] -> 0xF493
mem[X,0x0000000080002646] -> 0x0034
[928] [M]: 0x0000000080002644 (0x0034F493) andi x9, x9, 0x3                         common_Mexcpt_handler+20
x9 <- 0x0000000000000000

mem[X,0x0000000080002648] -> 0x8493
mem[X,0x000000008000264A] -> 0x0014
[929] [M]: 0x0000000080002648 (0x00148493) addi x9, x9, 0x1                         common_Mexcpt_handler+24
x9 <- 0x0000000000000001

clint mtime 0x00000000000001D1 (mip.MTI <- 0b1, mip.STI <- 0b0)
mem[X,0x000000008000264C] -> 0xF493
mem[X,0x000000008000264E] -> 0x0044
[930] [M]: 0x000000008000264C (0x0044F493) andi x9, x9, 0x4                         common_Mexcpt_handler+28
x9 <- 0x0000000000000000

mem[X,0x0000000080002650] -> 0x0593
mem[X,0x0000000080002652] -> 0x05D0
[931] [M]: 0x0000000080002650 (0x05D00593) addi x11, x0, 0x5d                       common_Mexcpt_handler+32
x11 <- 0x000000000000005D

clint mtime 0x00000000000001D2 (mip.MTI <- 0b1, mip.STI <- 0b0)
mem[X,0x0000000080002654] -> 0xD5B3
mem[X,0x0000000080002656] -> 0x0095
[932] [M]: 0x0000000080002654 (0x0095D5B3) srl x11, x11, x9                         common_Mexcpt_handler+36
x11 <- 0x000000000000005D

mem[X,0x0000000080002658] -> 0xF593
mem[X,0x000000008000265A] -> 0x0015
[933] [M]: 0x0000000080002658 (0x0015F593) andi x11, x11, 0x1                       common_Mexcpt_handler+40
x11 <- 0x0000000000000001

clint mtime 0x00000000000001D3 (mip.MTI <- 0b1, mip.STI <- 0b0)
mem[X,0x000000008000265C] -> 0x8EE3
mem[X,0x000000008000265E] -> 0xF405
[934] [M]: 0x000000008000265C (0xF4058EE3) beq x11, x0, -0xa4                       common_Mexcpt_handler+44

mem[X,0x0000000080002660] -> 0x0593
mem[X,0x0000000080002662] -> 0x2980
[935] [M]: 0x0000000080002660 (0x29800593) addi x11, x0, 0x298                      common_Mexcpt_handler+48
x11 <- 0x0000000000000298

clint mtime 0x00000000000001D4 (mip.MTI <- 0b1, mip.STI <- 0b0)
mem[X,0x0000000080002664] -> 0xF413
mem[X,0x0000000080002666] -> 0x0014
[936] [M]: 0x0000000080002664 (0x0014F413) andi x8, x9, 0x1                         common_Mexcpt_handler+52
x8 <- 0x0000000000000000

mem[X,0x0000000080002668] -> 0x95B3
mem[X,0x000000008000266A] -> 0x0085
[937] [M]: 0x0000000080002668 (0x008595B3) sll x11, x11, x8                         common_Mexcpt_handler+56
x11 <- 0x0000000000000298

clint mtime 0x00000000000001D5 (mip.MTI <- 0b1, mip.STI <- 0b0)
mem[X,0x000000008000266C] -> 0x9413
mem[X,0x000000008000266E] -> 0x03D4
[938] [M]: 0x000000008000266C (0x03D49413) slli x8, x9, 0x3d                        common_Mexcpt_handler+60
x8 <- 0x0000000000000000

mem[X,0x0000000080002670] -> 0x5413
mem[X,0x0000000080002672] -> 0x43F4
[939] [M]: 0x0000000080002670 (0x43F45413) srai x8, x8, 0x3f                        common_Mexcpt_handler+64
x8 <- 0x0000000000000000

clint mtime 0x00000000000001D6 (mip.MTI <- 0b1, mip.STI <- 0b0)
mem[X,0x0000000080002674] -> 0x4413
mem[X,0x0000000080002676] -> 0xFFF4
[940] [M]: 0x0000000080002674 (0xFFF44413) xori x8, x8, -0x1                        common_Mexcpt_handler+68
x8 <- 0xFFFFFFFFFFFFFFFF

mem[X,0x0000000080002678] -> 0xF4B3
mem[X,0x000000008000267A] -> 0x0085
[941] [M]: 0x0000000080002678 (0x0085F4B3) and x9, x11, x8                          common_Mexcpt_handler+72
x9 <- 0x0000000000000298

clint mtime 0x00000000000001D7 (mip.MTI <- 0b1, mip.STI <- 0b0)
mem[X,0x000000008000267C] -> 0x84B3
mem[X,0x000000008000267E] -> 0x0024
[942] [M]: 0x000000008000267C (0x002484B3) add x9, x9, x2                           vmem_adj_Mepc+0
x9 <- 0x0000000080005298

mem[X,0x0000000080002680] -> 0x23F3
mem[X,0x0000000080002682] -> 0x3410
[943] [M]: 0x0000000080002680 (0x341023F3) csrrs x7, mepc, x0                       vmem_adj_Mepc+4
CSR mepc (0x341) -> 0x0000030080000DB8
x7 <- 0x0000030080000DB8

clint mtime 0x00000000000001D8 (mip.MTI <- 0b1, mip.STI <- 0b0)
mem[X,0x0000000080002684] -> 0x0413
mem[X,0x0000000080002686] -> 0x0004
[944] [M]: 0x0000000080002684 (0x00040413) addi x8, x8, 0x0                         vmem_adj_Mepc+8
x8 <- 0xFFFFFFFFFFFFFFFF

mem[X,0x0000000080002688] -> 0x006F
mem[X,0x000000008000268A] -> 0x0400
[945] [M]: 0x0000000080002688 (0x0400006F) jal x0, 0x40                             vmem_adj_Mepc+12

clint mtime 0x00000000000001D9 (mip.MTI <- 0b1, mip.STI <- 0b0)
mem[X,0x00000000800026C8] -> 0x8433
mem[X,0x00000000800026CA] -> 0x4083
[946] [M]: 0x00000000800026C8 (0x40838433) sub x8, x7, x8                           adj_Mepc+0
x8 <- 0x0000030080000DB9

mem[X,0x00000000800026CC] -> 0x3823
mem[X,0x00000000800026CE] -> 0x0083
[947] [M]: 0x00000000800026CC (0x00833823) sd x8, 0x10(x6)                          sv_Mepc+0
mem[W,0x000000008000A568] <- 0x0000030080000DB9

clint mtime 0x00000000000001DA (mip.MTI <- 0b1, mip.STI <- 0b0)
mem[X,0x00000000800026D0] -> 0x55B7
mem[X,0x00000000800026D2] -> 0x0000
[948] [M]: 0x00000000800026D0 (0x000055B7) lui x11, 0x5                             sv_Mepc+4
x11 <- 0x0000000000005000

mem[X,0x00000000800026D4] -> 0x8593
mem[X,0x00000000800026D6] -> 0x6675
[949] [M]: 0x00000000800026D4 (0x66758593) addi x11, x11, 0x667                     sv_Mepc+8
x11 <- 0x0000000000005667

clint mtime 0x00000000000001DB (mip.MTI <- 0b1, mip.STI <- 0b0)
mem[X,0x00000000800026D8] -> 0x9593
mem[X,0x00000000800026DA] -> 0x0015
[950] [M]: 0x00000000800026D8 (0x00159593) slli x11, x11, 0x1                       sv_Mepc+12
x11 <- 0x000000000000ACCE

mem[X,0x00000000800026DC] -> 0x9063
mem[X,0x00000000800026DE] -> 0x02B1
[951] [M]: 0x00000000800026DC (0x02B19063) bne x3, x11, 0x20                        sv_Mepc+16

clint mtime 0x00000000000001DC (mip.MTI <- 0b1, mip.STI <- 0b0)
mem[X,0x00000000800026E0] -> 0x2473
mem[X,0x00000000800026E2] -> 0x3420
[952] [M]: 0x00000000800026E0 (0x34202473) csrrs x8, mcause, x0                     sv_Mepc+20
CSR mcause (0x342) -> 0x0000000000000002
x8 <- 0x0000000000000002

mem[X,0x00000000800026E4] -> 0x0593
mem[X,0x00000000800026E6] -> 0x00C0
[953] [M]: 0x00000000800026E4 (0x00C00593) addi x11, x0, 0xc                        sv_Mepc+24
x11 <- 0x000000000000000C

clint mtime 0x00000000000001DD (mip.MTI <- 0b1, mip.STI <- 0b0)
mem[X,0x00000000800026E8] -> 0x0663
mem[X,0x00000000800026EA] -> 0x00B4
[954] [M]: 0x00000000800026E8 (0x00B40663) beq x8, x11, 0xc                         sv_Mepc+28

mem[X,0x00000000800026EC] -> 0x0593
mem[X,0x00000000800026EE] -> 0x0010
[955] [M]: 0x00000000800026EC (0x00100593) addi x11, x0, 0x1                        sv_Mepc+32
x11 <- 0x0000000000000001

clint mtime 0x00000000000001DE (mip.MTI <- 0b1, mip.STI <- 0b0)
mem[X,0x00000000800026F0] -> 0x1663
mem[X,0x00000000800026F2] -> 0x00B4
[956] [M]: 0x00000000800026F0 (0x00B41663) bne x8, x11, 0xc                         sv_Mepc+36

mem[X,0x00000000800026FC] -> 0xF593
mem[X,0x00000000800026FE] -> 0xFFC3
[957] [M]: 0x00000000800026FC (0xFFC3F593) andi x11, x7, -0x4                       adj_Mepc_rtn+0
x11 <- 0x0000030080000DB8

clint mtime 0x00000000000001DF (mip.MTI <- 0b1, mip.STI <- 0b0)
mem[X,0x0000000080002700] -> 0x8593
mem[X,0x0000000080002702] -> 0x0085
[958] [M]: 0x0000000080002700 (0x00858593) addi x11, x11, 0x8                       adj_Mepc_rtn+4
x11 <- 0x0000030080000DC0

mem[X,0x0000000080002704] -> 0x9073
mem[X,0x0000000080002706] -> 0x3415
[959] [M]: 0x0000000080002704 (0x34159073) csrrw x0, mepc, x11                      adj_Mepc_rtn+8
CSR mepc (0x341) <- 0x0000030080000DC0

clint mtime 0x00000000000001E0 (mip.MTI <- 0b1, mip.STI <- 0b0)
mem[X,0x0000000080002708] -> 0x23F3
mem[X,0x000000008000270A] -> 0x3430
[960] [M]: 0x0000000080002708 (0x343023F3) csrrs x7, mtval, x0                      skp_adj_Mepc+0
CSR mtval (0x343) -> 0x00000000341494F3
x7 <- 0x00000000341494F3

mem[X,0x000000008000270C] -> 0x0413
mem[X,0x000000008000270E] -> 0x0004
[961] [M]: 0x000000008000270C (0x00040413) addi x8, x8, 0x0                         skp_adj_Mepc+4
x8 <- 0x0000000000000002

clint mtime 0x00000000000001E1 (mip.MTI <- 0b1, mip.STI <- 0b0)
mem[X,0x0000000080002710] -> 0x006F
mem[X,0x0000000080002712] -> 0x0840
[962] [M]: 0x0000000080002710 (0x0840006F) jal x0, 0x84                             skp_adj_Mepc+8

mem[X,0x0000000080002794] -> 0x8433
mem[X,0x0000000080002796] -> 0x4083
[963] [M]: 0x0000000080002794 (0x40838433) sub x8, x7, x8                           adj_Mtval+0
x8 <- 0x00000000341494F1

clint mtime 0x00000000000001E2 (mip.MTI <- 0b1, mip.STI <- 0b0)
mem[X,0x0000000080002798] -> 0x3C23
mem[X,0x000000008000279A] -> 0x0083
[964] [M]: 0x0000000080002798 (0x00833C23) sd x8, 0x18(x6)                          sv_Mtval+0
mem[W,0x000000008000A570] <- 0x00000000341494F1

mem[X,0x000000008000279C] -> 0x3483
mem[X,0x000000008000279E] -> 0x2181
[965] [M]: 0x000000008000279C (0x21813483) ld x9, 0x218(x2)                         skp_Mtval+0
mem[R,0x0000000080005218] -> 0x000000008000A578
x9 <- 0x000000008000A578

clint mtime 0x00000000000001E3 (mip.MTI <- 0b1, mip.STI <- 0b0)
mem[X,0x00000000800027A0] -> 0x3383
mem[X,0x00000000800027A2] -> 0x1F81
[966] [M]: 0x00000000800027A0 (0x1F813383) ld x7, 0x1f8(x2)                         skp_Mtval+4
mem[R,0x00000000800051F8] -> 0x000000008000A110
x7 <- 0x000000008000A110

mem[X,0x00000000800027A4] -> 0x3303
mem[X,0x00000000800027A6] -> 0x2001
[967] [M]: 0x00000000800027A4 (0x20013303) ld x6, 0x200(x2)                         skp_Mtval+8
mem[R,0x0000000080005200] -> 0x0000000000000610
x6 <- 0x0000000000000610

clint mtime 0x00000000000001E4 (mip.MTI <- 0b1, mip.STI <- 0b0)
mem[X,0x00000000800027A8] -> 0x0333
mem[X,0x00000000800027AA] -> 0x0073
[968] [M]: 0x00000000800027A8 (0x00730333) add x6, x6, x7                           skp_Mtval+12
x6 <- 0x000000008000A720

mem[X,0x00000000800027AC] -> 0x6AE3
mem[X,0x00000000800027AE] -> 0xAE93
[969] [M]: 0x00000000800027AC (0xAE936AE3) bltu x6, x9, -0x50c                      skp_Mtval+16

clint mtime 0x00000000000001E5 (mip.MTI <- 0b1, mip.STI <- 0b0)
mem[X,0x00000000800027B0] -> 0x0393
mem[X,0x00000000800027B2] -> 0x2000
[970] [M]: 0x00000000800027B0 (0x20000393) addi x7, x0, 0x200                       skp_Mtval+20
x7 <- 0x0000000000000200

mem[X,0x00000000800027B4] -> 0x006F
mem[X,0x00000000800027B6] -> 0x0400
[971] [M]: 0x00000000800027B4 (0x0400006F) jal x0, 0x40                             skp_Mtval+24

clint mtime 0x00000000000001E6 (mip.MTI <- 0b1, mip.STI <- 0b0)
mem[X,0x00000000800027F4] -> 0x0417
mem[X,0x00000000800027F6] -> 0x0000
[972] [M]: 0x00000000800027F4 (0x00000417) auipc x8, 0x0                            spcl_Mhandler+0
x8 <- 0x00000000800027F4

mem[X,0x00000000800027F8] -> 0x0413
mem[X,0x00000000800027FA] -> 0x03C4
[973] [M]: 0x00000000800027F8 (0x03C40413) addi x8, x8, 0x3c                        spcl_Mhandler+4
x8 <- 0x0000000080002830

clint mtime 0x00000000000001E7 (mip.MTI <- 0b1, mip.STI <- 0b0)
mem[X,0x00000000800027FC] -> 0x0433
mem[X,0x00000000800027FE] -> 0x0074
[974] [M]: 0x00000000800027FC (0x00740433) add x8, x8, x7                           spcl_Mhandler+8
x8 <- 0x0000000080002A30

mem[X,0x0000000080002800] -> 0x1393
mem[X,0x0000000080002802] -> 0x0035
[975] [M]: 0x0000000080002800 (0x00351393) slli x7, x10, 0x3                        spcl_Mhandler+12
x7 <- 0x0000000000000010

clint mtime 0x00000000000001E8 (mip.MTI <- 0b1, mip.STI <- 0b0)
mem[X,0x0000000080002804] -> 0x0433
mem[X,0x0000000080002806] -> 0x0074
[976] [M]: 0x0000000080002804 (0x00740433) add x8, x8, x7                           spcl_Mhandler+16
x8 <- 0x0000000080002A40

mem[X,0x0000000080002808] -> 0x7413
mem[X,0x000000008000280A] -> 0xFF84
[977] [M]: 0x0000000080002808 (0xFF847413) andi x8, x8, -0x8                        spcl_Mhandler+20
x8 <- 0x0000000080002A40

clint mtime 0x00000000000001E9 (mip.MTI <- 0b1, mip.STI <- 0b0)
mem[X,0x000000008000280C] -> 0x3403
mem[X,0x000000008000280E] -> 0x0004
[978] [M]: 0x000000008000280C (0x00043403) ld x8, 0x0(x8)                           spcl_Mhandler+24
mem[R,0x0000000080002A40] -> 0x0000000000000005
x8 <- 0x0000000000000005

mem[X,0x0000000080002810] -> 0x02E3
mem[X,0x0000000080002812] -> 0xB204
[979] [M]: 0x0000000080002810 (0xB20402E3) beq x8, x0, -0x4dc                       spcl_Mdispatch_hndling+0

clint mtime 0x00000000000001EA (mip.MTI <- 0b1, mip.STI <- 0b0)
mem[X,0x0000000080002814] -> 0x1393
mem[X,0x0000000080002816] -> 0x03F4
[980] [M]: 0x0000000080002814 (0x03F41393) slli x7, x8, 0x3f                        spcl_Mdispatch_hndling+4
x7 <- 0x8000000000000000

mem[X,0x0000000080002818] -> 0xD863
mem[X,0x000000008000281A] -> 0x0003
[981] [M]: 0x0000000080002818 (0x0003D863) bge x7, x0, 0x10                         spcl_Mdispatch_hndling+8

clint mtime 0x00000000000001EB (mip.MTI <- 0b1, mip.STI <- 0b0)
mem[X,0x000000008000281C] -> 0x5413
mem[X,0x000000008000281E] -> 0x0014
[982] [M]: 0x000000008000281C (0x00145413) srli x8, x8, 0x1                         spcl_Mdispatch_hndling+12
x8 <- 0x0000000000000002

mem[X,0x0000000080002820] -> 0x0CE3
mem[X,0x0000000080002822] -> 0xF885
[983] [M]: 0x0000000080002820 (0xF8850CE3) beq x10, x8, -0x68                       spcl_Mdispatch_hndling+16

clint mtime 0x00000000000001EC (mip.MTI <- 0b1, mip.STI <- 0b0)
mem[X,0x00000000800027B8] -> 0x3303
mem[X,0x00000000800027BA] -> 0x2601
[984] [M]: 0x00000000800027B8 (0x26013303) ld x6, 0x260(x2)                         resto_Mrtn+0
mem[R,0x0000000080005260] -> 0xFFFFFFFF7FFFF30C
x6 <- 0xFFFFFFFF7FFFF30C

mem[X,0x00000000800027BC] -> 0x3383
mem[X,0x00000000800027BE] -> 0x2681
[985] [M]: 0x00000000800027BC (0x26813383) ld x7, 0x268(x2)                         resto_Mrtn+4
mem[R,0x0000000080005268] -> 0x0000000080005000
x7 <- 0x0000000080005000

clint mtime 0x00000000000001ED (mip.MTI <- 0b1, mip.STI <- 0b0)
mem[X,0x00000000800027C0] -> 0x3403
mem[X,0x00000000800027C2] -> 0x2701
[986] [M]: 0x00000000800027C0 (0x27013403) ld x8, 0x270(x2)                         resto_Mrtn+8
mem[R,0x0000000080005270] -> 0x0000000000007F76
x8 <- 0x0000000000007F76

mem[X,0x00000000800027C4] -> 0x3483
mem[X,0x00000000800027C6] -> 0x2781
[987] [M]: 0x00000000800027C4 (0x27813483) ld x9, 0x278(x2)                         resto_Mrtn+12
mem[R,0x0000000080005278] -> 0x00000300000000BC
x9 <- 0x00000300000000BC

clint mtime 0x00000000000001EE (mip.MTI <- 0b1, mip.STI <- 0b0)
mem[X,0x00000000800027C8] -> 0x3503
mem[X,0x00000000800027CA] -> 0x2801
[988] [M]: 0x00000000800027C8 (0x28013503) ld x10, 0x280(x2)                        resto_Mrtn+16
mem[R,0x0000000080005280] -> 0x00000000000003DF
x10 <- 0x00000000000003DF

mem[X,0x00000000800027CC] -> 0x3583
mem[X,0x00000000800027CE] -> 0x2881
[989] [M]: 0x00000000800027CC (0x28813583) ld x11, 0x288(x2)                        resto_Mrtn+20
mem[R,0x0000000080005288] -> 0x00000000000003DF
x11 <- 0x00000000000003DF

clint mtime 0x00000000000001EF (mip.MTI <- 0b1, mip.STI <- 0b0)
mem[X,0x00000000800027D0] -> 0x3103
mem[X,0x00000000800027D2] -> 0x2901
[990] [M]: 0x00000000800027D0 (0x29013103) ld x2, 0x290(x2)                         resto_Mrtn+24
mem[R,0x0000000080005290] -> 0x0000000000000000
x2 <- 0x0000000000000000

mem[X,0x00000000800027D4] -> 0x0073
mem[X,0x00000000800027D6] -> 0x3020
[991] [M]: 0x00000000800027D4 (0x30200073) mret                                     resto_Mrtn+28
CSR mstatus (0x300) <- 0x0000000A00000080
ret-ing from M to U

clint mtime 0x00000000000001F0 (mip.MTI <- 0b1, mip.STI <- 0b0)
mem[X,0x0000000080000DC0] -> 0x07B7
mem[X,0x0000000080000DC2] -> 0x0000
[992] [U]: 0x0000030080000DC0 (0x000007B7) lui x15, 0x0                             va_rvtest_code_begin+1540
x15 <- 0x0000000000000000

mem[X,0x0000000080000DC4] -> 0x8793
mem[X,0x0000000080000DC6] -> 0x2807
[993] [U]: 0x0000030080000DC4 (0x28078793) addi x15, x15, 0x280                     va_rvtest_code_begin+1544
x15 <- 0x0000000000000280

clint mtime 0x00000000000001F1 (mip.MTI <- 0b1, mip.STI <- 0b0)
mem[X,0x0000000080000DC8] -> 0x9793
mem[X,0x0000000080000DCA] -> 0x00B7
[994] [U]: 0x0000030080000DC8 (0x00B79793) slli x15, x15, 0xb                       va_rvtest_code_begin+1548
x15 <- 0x0000000000140000

mem[X,0x0000000080000DCC] -> 0x8793
mem[X,0x0000000080000DCE] -> 0x4007
[995] [U]: 0x0000030080000DCC (0x40078793) addi x15, x15, 0x400                     va_rvtest_code_begin+1552
x15 <- 0x0000000000140400

clint mtime 0x00000000000001F2 (mip.MTI <- 0b1, mip.STI <- 0b0)
mem[X,0x0000000080000DD0] -> 0x9793
mem[X,0x0000000080000DD2] -> 0x00B7
[996] [U]: 0x0000030080000DD0 (0x00B79793) slli x15, x15, 0xb                       va_rvtest_code_begin+1556
x15 <- 0x00000000A0200000

mem[X,0x0000000080000DD4] -> 0x8793
mem[X,0x0000000080000DD6] -> 0x0017
[997] [U]: 0x0000030080000DD4 (0x00178793) addi x15, x15, 0x1                       va_rvtest_code_begin+1560
x15 <- 0x00000000A0200001

clint mtime 0x00000000000001F3 (mip.MTI <- 0b1, mip.STI <- 0b0)
mem[X,0x0000000080000DD8] -> 0x9793
mem[X,0x0000000080000DDA] -> 0x00A7
[998] [U]: 0x0000030080000DD8 (0x00A79793) slli x15, x15, 0xa                       va_rvtest_code_begin+1564
x15 <- 0x0000028080000400

mem[X,0x0000000080000DDC] -> 0x0613
mem[X,0x0000000080000DDE] -> 0x0106
[999] [U]: 0x0000030080000DDC (0x01060613) addi x12, x12, 0x10                      va_rvtest_code_begin+1568
x12 <- 0x0000000000000030

clint mtime 0x00000000000001F4 (mip.MTI <- 0b1, mip.STI <- 0b0)
mem[X,0x0000000080000DE0] -> 0xAA23
mem[X,0x0000000080000DE2] -> 0x00C7
[1000] [U]: 0x0000030080000DE0 (0x00C7AA23) sw x12, 0x14(x15)                       va_rvtest_code_begin+1572
PTW: Start, vpn=0x28080000, access_type=W, privilege=Umem[R,0x0000000080009028] -> 0x00000000000003DF
PTW: Step, level=3, pte=0x3DF, pte_addr=0x80009028
PTW: Success, final_ppn=0x80000, level=3mem[W,0x0000000080000414] <- 0x00000030

PTW: Start, vpn=0x30080000, access_type=X, privilege=Umem[R,0x0000000080009030] -> 0x00000000000000DB
PTW: Step, level=3, pte=0xDB, pte_addr=0x80009030
PTW: Success, final_ppn=0x80000, level=3mem[X,0x0000000080000DE4] -> 0x0013
mem[X,0x0000000080000DE6] -> 0x0000
[1001] [U]: 0x0000030080000DE4 (0x00000013) addi x0, x0, 0x0                        va_rvtest_code_begin+1576

clint mtime 0x00000000000001F5 (mip.MTI <- 0b1, mip.STI <- 0b0)
mem[X,0x0000000080000DE8] -> 0xA703
mem[X,0x0000000080000DEA] -> 0x0147
[1002] [U]: 0x0000030080000DE8 (0x0147A703) lw x14, 0x14(x15)                       va_rvtest_code_begin+1580
PTW: Start, vpn=0x28080000, access_type=R, privilege=Umem[R,0x0000000080009028] -> 0x00000000000003DF
PTW: Step, level=3, pte=0x3DF, pte_addr=0x80009028
PTW: Success, final_ppn=0x80000, level=3mem[R,0x0000000080000414] -> 0x00000030
x14 <- 0x0000000000000030

PTW: Start, vpn=0x30080000, access_type=X, privilege=Umem[R,0x0000000080009030] -> 0x00000000000000DB
PTW: Step, level=3, pte=0xDB, pte_addr=0x80009030
PTW: Success, final_ppn=0x80000, level=3mem[X,0x0000000080000DEC] -> 0x0013
mem[X,0x0000000080000DEE] -> 0x0000
[1003] [U]: 0x0000030080000DEC (0x00000013) addi x0, x0, 0x0                        va_rvtest_code_begin+1584

clint mtime 0x00000000000001F6 (mip.MTI <- 0b1, mip.STI <- 0b0)
mem[X,0x0000000080000DF0] -> 0x51B7
mem[X,0x0000000080000DF2] -> 0x0000
[1004] [U]: 0x0000030080000DF0 (0x000051B7) lui x3, 0x5                             va_rvtest_code_begin+1588
x3 <- 0x0000000000005000

mem[X,0x0000000080000DF4] -> 0x8193
mem[X,0x0000000080000DF6] -> 0x6671
[1005] [U]: 0x0000030080000DF4 (0x66718193) addi x3, x3, 0x667                      va_rvtest_code_begin+1592
x3 <- 0x0000000000005667

clint mtime 0x00000000000001F7 (mip.MTI <- 0b1, mip.STI <- 0b0)
mem[X,0x0000000080000DF8] -> 0x9193
mem[X,0x0000000080000DFA] -> 0x0011
[1006] [U]: 0x0000030080000DF8 (0x00119193) slli x3, x3, 0x1                        va_rvtest_code_begin+1596
x3 <- 0x000000000000ACCE

mem[X,0x0000000080000DFC] -> 0x0013
mem[X,0x0000000080000DFE] -> 0x0000
[1007] [U]: 0x0000030080000DFC (0x00000013) addi x0, x0, 0x0                        va_rvtest_code_begin+1600

clint mtime 0x00000000000001F8 (mip.MTI <- 0b1, mip.STI <- 0b0)
mem[X,0x0000000080000E00] -> 0x0217
mem[X,0x0000000080000E02] -> 0x0000
[1008] [U]: 0x0000030080000E00 (0x00000217) auipc x4, 0x0                           va_rvtest_code_begin+1604
x4 <- 0x0000030080000E00

mem[X,0x0000000080000E04] -> 0x0213
mem[X,0x0000000080000E06] -> 0x02C2
[1009] [U]: 0x0000030080000E04 (0x02C20213) addi x4, x4, 0x2c                       va_rvtest_code_begin+1608
x4 <- 0x0000030080000E2C

clint mtime 0x00000000000001F9 (mip.MTI <- 0b1, mip.STI <- 0b0)
mem[X,0x0000000080000E08] -> 0x0001
[1010] [U]: 0x0000030080000E08 (0x0001) c.nop                                       va_rvtest_code_begin+1612

mem[X,0x0000000080000E0A] -> 0x0013
mem[X,0x0000000080000E0C] -> 0x0000
[1011] [U]: 0x0000030080000E0A (0x00000013) addi x0, x0, 0x0                        va_rvtest_code_begin+1614

clint mtime 0x00000000000001FA (mip.MTI <- 0b1, mip.STI <- 0b0)
mem[X,0x0000000080000E0E] -> 0x0013
mem[X,0x0000000080000E10] -> 0x0000
[1012] [U]: 0x0000030080000E0E (0x00000013) addi x0, x0, 0x0                        va_rvtest_code_begin+1618

mem[X,0x0000000080000E12] -> 0x0013
mem[X,0x0000000080000E14] -> 0x0000
[1013] [U]: 0x0000030080000E12 (0x00000013) addi x0, x0, 0x0                        va_rvtest_code_begin+1622

clint mtime 0x00000000000001FB (mip.MTI <- 0b1, mip.STI <- 0b0)
mem[X,0x0000000080000E16] -> 0x0013
mem[X,0x0000000080000E18] -> 0x0000
[1014] [U]: 0x0000030080000E16 (0x00000013) addi x0, x0, 0x0                        va_rvtest_code_begin+1626

mem[X,0x0000000080000E1A] -> 0x0013
mem[X,0x0000000080000E1C] -> 0x0000
[1015] [U]: 0x0000030080000E1A (0x00000013) addi x0, x0, 0x0                        va_rvtest_code_begin+1630

clint mtime 0x00000000000001FC (mip.MTI <- 0b1, mip.STI <- 0b0)
mem[X,0x0000000080000E1E] -> 0x0001
[1016] [U]: 0x0000030080000E1E (0x0001) c.nop                                       va_rvtest_code_begin+1634

mem[X,0x0000000080000E20] -> 0x80E7
mem[X,0x0000000080000E22] -> 0x0007
[1017] [U]: 0x0000030080000E20 (0x000780E7) jalr x1, 0x0(x15)                       va_rvtest_code_begin+1636
x1 <- 0x0000030080000E24

clint mtime 0x00000000000001FD (mip.MTI <- 0b1, mip.STI <- 0b0)
PTW: Start, vpn=0x28080000, access_type=X, privilege=Umem[R,0x0000000080009028] -> 0x00000000000003DF
PTW: Step, level=3, pte=0x3DF, pte_addr=0x80009028
PTW: Success, final_ppn=0x80000, level=3mem[X,0x0000000080000400] -> 0x0013
mem[X,0x0000000080000402] -> 0x0000
[1018] [U]: 0x0000028080000400 (0x00000013) addi x0, x0, 0x0                        va_data_l3+0

mem[X,0x0000000080000404] -> 0x8093
mem[X,0x0000000080000406] -> 0x0080
[1019] [U]: 0x0000028080000404 (0x00808093) addi x1, x1, 0x8                        va_data_l3+4
x1 <- 0x0000030080000E2C

clint mtime 0x00000000000001FE (mip.MTI <- 0b1, mip.STI <- 0b0)
mem[X,0x0000000080000408] -> 0x8067
mem[X,0x000000008000040A] -> 0x0000
[1020] [U]: 0x0000028080000408 (0x00008067) jalr x0, 0x0(x1)                        va_data_l3+8

PTW: Start, vpn=0x30080000, access_type=X, privilege=Umem[R,0x0000000080009030] -> 0x00000000000000DB
PTW: Step, level=3, pte=0xDB, pte_addr=0x80009030
PTW: Success, final_ppn=0x80000, level=3mem[X,0x0000000080000E2C] -> 0x0013
mem[X,0x0000000080000E2E] -> 0x0000
[1021] [U]: 0x0000030080000E2C (0x00000013) addi x0, x0, 0x0                        va_rvtest_code_begin+1648

clint mtime 0x00000000000001FF (mip.MTI <- 0b1, mip.STI <- 0b0)
mem[X,0x0000000080000E30] -> 0x0013
mem[X,0x0000000080000E32] -> 0x0000
[1022] [U]: 0x0000030080000E30 (0x00000013) addi x0, x0, 0x0                        va_rvtest_code_begin+1652

mem[X,0x0000000080000E34] -> 0x0013
mem[X,0x0000000080000E36] -> 0x0000
[1023] [U]: 0x0000030080000E34 (0x00000013) addi x0, x0, 0x0                        va_rvtest_code_begin+1656

clint mtime 0x0000000000000200 (mip.MTI <- 0b1, mip.STI <- 0b0)
mem[X,0x0000000080000E38] -> 0x0113
mem[X,0x0000000080000E3A] -> 0x0000
[1024] [U]: 0x0000030080000E38 (0x00000113) addi x2, x0, 0x0                        va_rvtest_code_begin+1660
x2 <- 0x0000000000000000

mem[X,0x0000000080000E3C] -> 0x0073
mem[X,0x0000000080000E3E] -> 0x0000
[1025] [U]: 0x0000030080000E3C (0x00000073) ecall                                   va_rvtest_code_begin+1664
trapping from U to M to handle u-call
handling exc#u-call at priv M with tval 0x0000000000000000
CSR mstatus (0x300) <- 0x0000000A00000000
CSR mcause (0x342) <- 0x0000000000000008
CSR mtval (0x343) <- 0x0000000000000000
CSR mepc (0x341) <- 0x0000030080000E3C

clint mtime 0x0000000000000201 (mip.MTI <- 0b1, mip.STI <- 0b0)
mem[X,0x0000000080002380] -> 0x006F
mem[X,0x0000000080002382] -> 0x1000
[1026] [M]: 0x0000000080002380 (0x1000006F) jal x0, 0x100                           Mtrampoline+0

mem[X,0x0000000080002480] -> 0x1173
mem[X,0x0000000080002482] -> 0x3401
[1027] [M]: 0x0000000080002480 (0x34011173) csrrw x2, mscratch, x2                  trap_Mhandler+0
CSR mscratch (0x340) <- 0x0000000000000000
x2 <- 0x0000000080005000

clint mtime 0x0000000000000202 (mip.MTI <- 0b1, mip.STI <- 0b0)
mem[X,0x0000000080002484] -> 0x3423
mem[X,0x0000000080002486] -> 0x28B1
[1028] [M]: 0x0000000080002484 (0x28B13423) sd x11, 0x288(x2)                       trap_Mhandler+4
mem[W,0x0000000080005288] <- 0x00000000000003DF

mem[X,0x0000000080002488] -> 0x05EF
mem[X,0x000000008000248A] -> 0x0B80
[1029] [M]: 0x0000000080002488 (0x0B8005EF) jal x11, 0xb8                           trap_Mhandler+8
x11 <- 0x000000008000248C

clint mtime 0x0000000000000203 (mip.MTI <- 0b1, mip.STI <- 0b0)
mem[X,0x0000000080002540] -> 0x3023
mem[X,0x0000000080002542] -> 0x28A1
[1030] [M]: 0x0000000080002540 (0x28A13023) sd x10, 0x280(x2)                       common_Mhandler+0
mem[W,0x0000000080005280] <- 0x00000000000003DF

mem[X,0x0000000080002544] -> 0x1573
mem[X,0x0000000080002546] -> 0x3401
[1031] [M]: 0x0000000080002544 (0x34011573) csrrw x10, mscratch, x2                 common_Mhandler+4
CSR mscratch (0x340) <- 0x0000000080005000
x10 <- 0x0000000000000000

clint mtime 0x0000000000000204 (mip.MTI <- 0b1, mip.STI <- 0b0)
mem[X,0x0000000080002548] -> 0x3823
mem[X,0x000000008000254A] -> 0x28A1
[1032] [M]: 0x0000000080002548 (0x28A13823) sd x10, 0x290(x2)                       common_Mhandler+8
mem[W,0x0000000080005290] <- 0x0000000000000000

mem[X,0x000000008000254C] -> 0x3503
mem[X,0x000000008000254E] -> 0x2301
[1033] [M]: 0x000000008000254C (0x23013503) ld x10, 0x230(x2)                       common_Mhandler+12
mem[R,0x0000000080005230] -> 0x0000000080002554
x10 <- 0x0000000080002554

clint mtime 0x0000000000000205 (mip.MTI <- 0b1, mip.STI <- 0b0)
mem[X,0x0000000080002550] -> 0x0067
mem[X,0x0000000080002552] -> 0x0005
[1034] [M]: 0x0000000080002550 (0x00050067) jalr x0, 0x0(x10)                       common_Mhandler+16

mem[X,0x0000000080002554] -> 0x3C23
mem[X,0x0000000080002556] -> 0x2691
[1035] [M]: 0x0000000080002554 (0x26913C23) sd x9, 0x278(x2)                        common_Mentry+0
mem[W,0x0000000080005278] <- 0x00000300000000BC

clint mtime 0x0000000000000206 (mip.MTI <- 0b1, mip.STI <- 0b0)
mem[X,0x0000000080002558] -> 0x3823
mem[X,0x000000008000255A] -> 0x2681
[1036] [M]: 0x0000000080002558 (0x26813823) sd x8, 0x270(x2)                        common_Mentry+4
mem[W,0x0000000080005270] <- 0x0000000000007F76

mem[X,0x000000008000255C] -> 0x3423
mem[X,0x000000008000255E] -> 0x2671
[1037] [M]: 0x000000008000255C (0x26713423) sd x7, 0x268(x2)                        common_Mentry+8
mem[W,0x0000000080005268] <- 0x0000000080005000

clint mtime 0x0000000000000207 (mip.MTI <- 0b1, mip.STI <- 0b0)
mem[X,0x0000000080002560] -> 0x3023
mem[X,0x0000000080002562] -> 0x2661
[1038] [M]: 0x0000000080002560 (0x26613023) sd x6, 0x260(x2)                        common_Mentry+12
mem[W,0x0000000080005260] <- 0xFFFFFFFF7FFFF30C

mem[X,0x0000000080002564] -> 0x2573
mem[X,0x0000000080002566] -> 0x3420
[1039] [M]: 0x0000000080002564 (0x34202573) csrrs x10, mcause, x0                   spcl_M2mmode_test+0
CSR mcause (0x342) -> 0x0000000000000008
x10 <- 0x0000000000000008

clint mtime 0x0000000000000208 (mip.MTI <- 0b1, mip.STI <- 0b0)
mem[X,0x0000000080002568] -> 0x04B7
mem[X,0x000000008000256A] -> 0x8000
[1040] [M]: 0x0000000080002568 (0x800004B7) lui x9, -0x80000                        spcl_M2mmode_test+4
x9 <- 0xFFFFFFFF80000000

mem[X,0x000000008000256C] -> 0x8493
mem[X,0x000000008000256E] -> 0x0004
[1041] [M]: 0x000000008000256C (0x00048493) addi x9, x9, 0x0                        spcl_M2mmode_test+8
x9 <- 0xFFFFFFFF80000000

clint mtime 0x0000000000000209 (mip.MTI <- 0b1, mip.STI <- 0b0)
mem[X,0x0000000080002570] -> 0x9493
mem[X,0x0000000080002572] -> 0x00B4
[1042] [M]: 0x0000000080002570 (0x00B49493) slli x9, x9, 0xb                        spcl_M2mmode_test+12
x9 <- 0xFFFFFC0000000000

mem[X,0x0000000080002574] -> 0x8493
mem[X,0x0000000080002576] -> 0x0004
[1043] [M]: 0x0000000080002574 (0x00048493) addi x9, x9, 0x0                        spcl_M2mmode_test+16
x9 <- 0xFFFFFC0000000000

clint mtime 0x000000000000020A (mip.MTI <- 0b1, mip.STI <- 0b0)
mem[X,0x0000000080002578] -> 0x9493
mem[X,0x000000008000257A] -> 0x00B4
[1044] [M]: 0x0000000080002578 (0x00B49493) slli x9, x9, 0xb                        spcl_M2mmode_test+20
x9 <- 0xFFE0000000000000

mem[X,0x000000008000257C] -> 0x8493
mem[X,0x000000008000257E] -> 0x0034
[1045] [M]: 0x000000008000257C (0x00348493) addi x9, x9, 0x3                        spcl_M2mmode_test+24
x9 <- 0xFFE0000000000003

clint mtime 0x000000000000020B (mip.MTI <- 0b1, mip.STI <- 0b0)
mem[X,0x0000000080002580] -> 0x9493
mem[X,0x0000000080002582] -> 0x00A4
[1046] [M]: 0x0000000080002580 (0x00A49493) slli x9, x9, 0xa                        spcl_M2mmode_test+28
x9 <- 0x8000000000000C00

mem[X,0x0000000080002584] -> 0x8493
mem[X,0x0000000080002586] -> 0x3FC4
[1047] [M]: 0x0000000080002584 (0x3FC48493) addi x9, x9, 0x3fc                      spcl_M2mmode_test+32
x9 <- 0x8000000000000FFC

clint mtime 0x000000000000020C (mip.MTI <- 0b1, mip.STI <- 0b0)
mem[X,0x0000000080002588] -> 0xF4B3
mem[X,0x000000008000258A] -> 0x00A4
[1048] [M]: 0x0000000080002588 (0x00A4F4B3) and x9, x9, x10                         spcl_M2mmode_test+36
x9 <- 0x0000000000000008

mem[X,0x000000008000258C] -> 0x8493
mem[X,0x000000008000258E] -> 0xFF84
[1049] [M]: 0x000000008000258C (0xFF848493) addi x9, x9, -0x8                       spcl_M2mmode_test+40
x9 <- 0x0000000000000000

clint mtime 0x000000000000020D (mip.MTI <- 0b1, mip.STI <- 0b0)
mem[X,0x0000000080002590] -> 0x9663
mem[X,0x0000000080002592] -> 0x0004
[1050] [M]: 0x0000000080002590 (0x00049663) bne x9, x0, 0xc                         spcl_M2mmode_test+44

mem[X,0x0000000080002594] -> 0x3383
mem[X,0x0000000080002596] -> 0x2901
[1051] [M]: 0x0000000080002594 (0x29013383) ld x7, 0x290(x2)                        spcl_M2mmode_test+48
mem[R,0x0000000080005290] -> 0x0000000000000000
x7 <- 0x0000000000000000

clint mtime 0x000000000000020E (mip.MTI <- 0b1, mip.STI <- 0b0)
mem[X,0x0000000080002598] -> 0x8663
mem[X,0x000000008000259A] -> 0x6E03
[1052] [M]: 0x0000000080002598 (0x6E038663) beq x7, x0, 0x6ec                       spcl_M2mmode_test+52

mem[X,0x0000000080002C84] -> 0x0493
mem[X,0x0000000080002C86] -> 0xFF55
[1053] [M]: 0x0000000080002C84 (0xFF550493) addi x9, x10, -0xb                      rtn2mmode+0
x9 <- 0xFFFFFFFFFFFFFFFD

clint mtime 0x000000000000020F (mip.MTI <- 0b1, mip.STI <- 0b0)
mem[X,0x0000000080002C88] -> 0x8C63
mem[X,0x0000000080002C8A] -> 0x0004
[1054] [M]: 0x0000000080002C88 (0x00048C63) beq x9, x0, 0x18                        rtn2mmode+4

mem[X,0x0000000080002C8C] -> 0x3583
mem[X,0x0000000080002C8E] -> 0x4701
[1055] [M]: 0x0000000080002C8C (0x47013583) ld x11, 0x470(x2)                       rtn2mmode+8
mem[R,0x0000000080005470] -> 0x00000300800007BC
x11 <- 0x00000300800007BC

clint mtime 0x0000000000000210 (mip.MTI <- 0b1, mip.STI <- 0b0)
mem[X,0x0000000080002C90] -> 0xD463
mem[X,0x0000000080002C92] -> 0x0003
[1056] [M]: 0x0000000080002C90 (0x0003D463) bge x7, x0, 0x8                         rtn2mmode+12

mem[X,0x0000000080002C98] -> 0x3483
mem[X,0x0000000080002C9A] -> 0x1D81
[1057] [M]: 0x0000000080002C98 (0x1D813483) ld x9, 0x1d8(x2)                        from_u_s+0
mem[R,0x00000000800051D8] -> 0x00000000800007D4
x9 <- 0x00000000800007D4

clint mtime 0x0000000000000211 (mip.MTI <- 0b1, mip.STI <- 0b0)
mem[X,0x0000000080002C9C] -> 0x84B3
mem[X,0x0000000080002C9E] -> 0x40B4
[1058] [M]: 0x0000000080002C9C (0x40B484B3) sub x9, x9, x11                         from_u_s+4
x9 <- 0xFFFFFD0000000018

mem[X,0x0000000080002CA0] -> 0x23F3
mem[X,0x0000000080002CA2] -> 0x3410
[1059] [M]: 0x0000000080002CA0 (0x341023F3) csrrs x7, mepc, x0                      rtn_fm_mmode+0
CSR mepc (0x341) -> 0x0000030080000E3C
x7 <- 0x0000030080000E3C

clint mtime 0x0000000000000212 (mip.MTI <- 0b1, mip.STI <- 0b0)
mem[X,0x0000000080002CA4] -> 0x83B3
mem[X,0x0000000080002CA6] -> 0x0093
[1060] [M]: 0x0000000080002CA4 (0x009383B3) add x7, x7, x9                          rtn_fm_mmode+4
x7 <- 0x0000000080000E54

mem[X,0x0000000080002CA8] -> 0x3303
mem[X,0x0000000080002CAA] -> 0x2601
[1061] [M]: 0x0000000080002CA8 (0x26013303) ld x6, 0x260(x2)                        rtn_fm_mmode+8
mem[R,0x0000000080005260] -> 0xFFFFFFFF7FFFF30C
x6 <- 0xFFFFFFFF7FFFF30C

clint mtime 0x0000000000000213 (mip.MTI <- 0b1, mip.STI <- 0b0)
mem[X,0x0000000080002CAC] -> 0x3403
mem[X,0x0000000080002CAE] -> 0x2701
[1062] [M]: 0x0000000080002CAC (0x27013403) ld x8, 0x270(x2)                        rtn_fm_mmode+12
mem[R,0x0000000080005270] -> 0x0000000000007F76
x8 <- 0x0000000000007F76

mem[X,0x0000000080002CB0] -> 0x3483
mem[X,0x0000000080002CB2] -> 0x2781
[1063] [M]: 0x0000000080002CB0 (0x27813483) ld x9, 0x278(x2)                        rtn_fm_mmode+16
mem[R,0x0000000080005278] -> 0x00000300000000BC
x9 <- 0x00000300000000BC

clint mtime 0x0000000000000214 (mip.MTI <- 0b1, mip.STI <- 0b0)
mem[X,0x0000000080002CB4] -> 0x3503
mem[X,0x0000000080002CB6] -> 0x2801
[1064] [M]: 0x0000000080002CB4 (0x28013503) ld x10, 0x280(x2)                       rtn_fm_mmode+20
mem[R,0x0000000080005280] -> 0x00000000000003DF
x10 <- 0x00000000000003DF

mem[X,0x0000000080002CB8] -> 0x3583
mem[X,0x0000000080002CBA] -> 0x2881
[1065] [M]: 0x0000000080002CB8 (0x28813583) ld x11, 0x288(x2)                       rtn_fm_mmode+24
mem[R,0x0000000080005288] -> 0x00000000000003DF
x11 <- 0x00000000000003DF

clint mtime 0x0000000000000215 (mip.MTI <- 0b1, mip.STI <- 0b0)
mem[X,0x0000000080002CBC] -> 0x3103
mem[X,0x0000000080002CBE] -> 0x2901
[1066] [M]: 0x0000000080002CBC (0x29013103) ld x2, 0x290(x2)                        rtn_fm_mmode+28
mem[R,0x0000000080005290] -> 0x0000000000000000
x2 <- 0x0000000000000000

mem[X,0x0000000080002CC0] -> 0x8067
mem[X,0x0000000080002CC2] -> 0x0043
[1067] [M]: 0x0000000080002CC0 (0x00438067) jalr x0, 0x4(x7)                        rtn_fm_mmode+32

clint mtime 0x0000000000000216 (mip.MTI <- 0b1, mip.STI <- 0b0)
mem[X,0x0000000080000E58] -> 0x0013
mem[X,0x0000000080000E5A] -> 0x0000
[1068] [M]: 0x0000000080000E58 (0x00000013) addi x0, x0, 0x0                        main+1624

mem[X,0x0000000080000E5C] -> 0x0013
mem[X,0x0000000080000E5E] -> 0x0000
[1069] [M]: 0x0000000080000E5C (0x00000013) addi x0, x0, 0x0                        main+1628

clint mtime 0x0000000000000217 (mip.MTI <- 0b1, mip.STI <- 0b0)
mem[X,0x0000000080000E60] -> 0x7517
mem[X,0x0000000080000E62] -> 0x0000
[1070] [M]: 0x0000000080000E60 (0x00007517) auipc x10, 0x7                          main+1632
x10 <- 0x0000000080007E60

mem[X,0x0000000080000E64] -> 0x0513
mem[X,0x0000000080000E66] -> 0x1A05
[1071] [M]: 0x0000000080000E64 (0x1A050513) addi x10, x10, 0x1a0                    main+1636
x10 <- 0x0000000080008000

clint mtime 0x0000000000000218 (mip.MTI <- 0b1, mip.STI <- 0b0)
mem[X,0x0000000080000E68] -> 0x0001
[1072] [M]: 0x0000000080000E68 (0x0001) c.nop                                       main+1640

mem[X,0x0000000080000E6A] -> 0x0013
mem[X,0x0000000080000E6C] -> 0x0000
[1073] [M]: 0x0000000080000E6A (0x00000013) addi x0, x0, 0x0                        main+1642

clint mtime 0x0000000000000219 (mip.MTI <- 0b1, mip.STI <- 0b0)
mem[X,0x0000000080000E6E] -> 0x0013
mem[X,0x0000000080000E70] -> 0x0000
[1074] [M]: 0x0000000080000E6E (0x00000013) addi x0, x0, 0x0                        main+1646

mem[X,0x0000000080000E72] -> 0x0013
mem[X,0x0000000080000E74] -> 0x0000
[1075] [M]: 0x0000000080000E72 (0x00000013) addi x0, x0, 0x0                        main+1650

clint mtime 0x000000000000021A (mip.MTI <- 0b1, mip.STI <- 0b0)
mem[X,0x0000000080000E76] -> 0x0013
mem[X,0x0000000080000E78] -> 0x0000
[1076] [M]: 0x0000000080000E76 (0x00000013) addi x0, x0, 0x0                        main+1654

mem[X,0x0000000080000E7A] -> 0x0013
mem[X,0x0000000080000E7C] -> 0x0000
[1077] [M]: 0x0000000080000E7A (0x00000013) addi x0, x0, 0x0                        main+1658

clint mtime 0x000000000000021B (mip.MTI <- 0b1, mip.STI <- 0b0)
mem[X,0x0000000080000E7E] -> 0x0001
[1078] [M]: 0x0000000080000E7E (0x0001) c.nop                                       main+1662

mem[X,0x0000000080000E80] -> 0x0593
mem[X,0x0000000080000E82] -> 0x0010
[1079] [M]: 0x0000000080000E80 (0x00100593) addi x11, x0, 0x1                       main+1664
x11 <- 0x0000000000000001

clint mtime 0x000000000000021C (mip.MTI <- 0b1, mip.STI <- 0b0)
mem[X,0x0000000080000E84] -> 0x5513
mem[X,0x0000000080000E86] -> 0x00C5
[1080] [M]: 0x0000000080000E84 (0x00C55513) srli x10, x10, 0xc                      main+1668
x10 <- 0x0000000000080008

mem[X,0x0000000080000E88] -> 0x1513
mem[X,0x0000000080000E8A] -> 0x00A5
[1081] [M]: 0x0000000080000E88 (0x00A51513) slli x10, x10, 0xa                      main+1672
x10 <- 0x0000000020002000

clint mtime 0x000000000000021D (mip.MTI <- 0b1, mip.STI <- 0b0)
mem[X,0x0000000080000E8C] -> 0x6533
mem[X,0x0000000080000E8E] -> 0x00B5
[1082] [M]: 0x0000000080000E8C (0x00B56533) or x10, x10, x11                        main+1676
x10 <- 0x0000000020002001

mem[X,0x0000000080000E90] -> 0x0013
mem[X,0x0000000080000E92] -> 0x0000
[1083] [M]: 0x0000000080000E90 (0x00000013) addi x0, x0, 0x0                        main+1680

clint mtime 0x000000000000021E (mip.MTI <- 0b1, mip.STI <- 0b0)
mem[X,0x0000000080000E94] -> 0x0013
mem[X,0x0000000080000E96] -> 0x0000
[1084] [M]: 0x0000000080000E94 (0x00000013) addi x0, x0, 0x0                        main+1684

mem[X,0x0000000080000E98] -> 0x0013
mem[X,0x0000000080000E9A] -> 0x0000
[1085] [M]: 0x0000000080000E98 (0x00000013) addi x0, x0, 0x0                        main+1688

clint mtime 0x000000000000021F (mip.MTI <- 0b1, mip.STI <- 0b0)
mem[X,0x0000000080000E9C] -> 0x0013
mem[X,0x0000000080000E9E] -> 0x0000
[1086] [M]: 0x0000000080000E9C (0x00000013) addi x0, x0, 0x0                        main+1692

mem[X,0x0000000080000EA0] -> 0x8317
mem[X,0x0000000080000EA2] -> 0x0000
[1087] [M]: 0x0000000080000EA0 (0x00008317) auipc x6, 0x8                           main+1696
x6 <- 0x0000000080008EA0

clint mtime 0x0000000000000220 (mip.MTI <- 0b1, mip.STI <- 0b0)
mem[X,0x0000000080000EA4] -> 0x0313
mem[X,0x0000000080000EA6] -> 0x1603
[1088] [M]: 0x0000000080000EA4 (0x16030313) addi x6, x6, 0x160                      main+1700
x6 <- 0x0000000080009000

mem[X,0x0000000080000EA8] -> 0x0001
[1089] [M]: 0x0000000080000EA8 (0x0001) c.nop                                       main+1704

clint mtime 0x0000000000000221 (mip.MTI <- 0b1, mip.STI <- 0b0)
mem[X,0x0000000080000EAA] -> 0x0013
mem[X,0x0000000080000EAC] -> 0x0000
[1090] [M]: 0x0000000080000EAA (0x00000013) addi x0, x0, 0x0                        main+1706

mem[X,0x0000000080000EAE] -> 0x0013
mem[X,0x0000000080000EB0] -> 0x0000
[1091] [M]: 0x0000000080000EAE (0x00000013) addi x0, x0, 0x0                        main+1710

clint mtime 0x0000000000000222 (mip.MTI <- 0b1, mip.STI <- 0b0)
mem[X,0x0000000080000EB2] -> 0x0013
mem[X,0x0000000080000EB4] -> 0x0000
[1092] [M]: 0x0000000080000EB2 (0x00000013) addi x0, x0, 0x0                        main+1714

mem[X,0x0000000080000EB6] -> 0x0013
mem[X,0x0000000080000EB8] -> 0x0000
[1093] [M]: 0x0000000080000EB6 (0x00000013) addi x0, x0, 0x0                        main+1718

clint mtime 0x0000000000000223 (mip.MTI <- 0b1, mip.STI <- 0b0)
mem[X,0x0000000080000EBA] -> 0x0013
mem[X,0x0000000080000EBC] -> 0x0000
[1094] [M]: 0x0000000080000EBA (0x00000013) addi x0, x0, 0x0                        main+1722

mem[X,0x0000000080000EBE] -> 0x0001
[1095] [M]: 0x0000000080000EBE (0x0001) c.nop                                       main+1726

clint mtime 0x0000000000000224 (mip.MTI <- 0b1, mip.STI <- 0b0)
mem[X,0x0000000080000EC0] -> 0x0293
mem[X,0x0000000080000EC2] -> 0x0280
[1096] [M]: 0x0000000080000EC0 (0x02800293) addi x5, x0, 0x28                       main+1728
x5 <- 0x0000000000000028

mem[X,0x0000000080000EC4] -> 0x0333
mem[X,0x0000000080000EC6] -> 0x0053
[1097] [M]: 0x0000000080000EC4 (0x00530333) add x6, x6, x5                          main+1732
x6 <- 0x0000000080009028

clint mtime 0x0000000000000225 (mip.MTI <- 0b1, mip.STI <- 0b0)
mem[X,0x0000000080000EC8] -> 0x3023
mem[X,0x0000000080000ECA] -> 0x00A3
[1098] [M]: 0x0000000080000EC8 (0x00A33023) sd x10, 0x0(x6)                         main+1736
mem[W,0x0000000080009028] <- 0x0000000020002001

mem[X,0x0000000080000ECC] -> 0x0013
mem[X,0x0000000080000ECE] -> 0x0000
[1099] [M]: 0x0000000080000ECC (0x00000013) addi x0, x0, 0x0                        main+1740

clint mtime 0x0000000000000226 (mip.MTI <- 0b1, mip.STI <- 0b0)
mem[X,0x0000000080000ED0] -> 0x0013
mem[X,0x0000000080000ED2] -> 0x0000
[1100] [M]: 0x0000000080000ED0 (0x00000013) addi x0, x0, 0x0                        main+1744

mem[X,0x0000000080000ED4] -> 0x0013
mem[X,0x0000000080000ED6] -> 0x0000
[1101] [M]: 0x0000000080000ED4 (0x00000013) addi x0, x0, 0x0                        main+1748

clint mtime 0x0000000000000227 (mip.MTI <- 0b1, mip.STI <- 0b0)
mem[X,0x0000000080000ED8] -> 0x0013
mem[X,0x0000000080000EDA] -> 0x0000
[1102] [M]: 0x0000000080000ED8 (0x00000013) addi x0, x0, 0x0                        main+1752

mem[X,0x0000000080000EDC] -> 0x0013
mem[X,0x0000000080000EDE] -> 0x0000
[1103] [M]: 0x0000000080000EDC (0x00000013) addi x0, x0, 0x0                        main+1756

clint mtime 0x0000000000000228 (mip.MTI <- 0b1, mip.STI <- 0b0)
mem[X,0x0000000080000EE0] -> 0xF517
mem[X,0x0000000080000EE2] -> 0xFFFF
[1104] [M]: 0x0000000080000EE0 (0xFFFFF517) auipc x10, -0x1                         main+1760
x10 <- 0x000000007FFFFEE0

mem[X,0x0000000080000EE4] -> 0x0513
mem[X,0x0000000080000EE6] -> 0x5205
[1105] [M]: 0x0000000080000EE4 (0x52050513) addi x10, x10, 0x520                    main+1764
x10 <- 0x0000000080000400

clint mtime 0x0000000000000229 (mip.MTI <- 0b1, mip.STI <- 0b0)
mem[X,0x0000000080000EE8] -> 0x0001
[1106] [M]: 0x0000000080000EE8 (0x0001) c.nop                                       main+1768

mem[X,0x0000000080000EEA] -> 0x0013
mem[X,0x0000000080000EEC] -> 0x0000
[1107] [M]: 0x0000000080000EEA (0x00000013) addi x0, x0, 0x0                        main+1770

clint mtime 0x000000000000022A (mip.MTI <- 0b1, mip.STI <- 0b0)
mem[X,0x0000000080000EEE] -> 0x0013
mem[X,0x0000000080000EF0] -> 0x0000
[1108] [M]: 0x0000000080000EEE (0x00000013) addi x0, x0, 0x0                        main+1774

mem[X,0x0000000080000EF2] -> 0x0013
mem[X,0x0000000080000EF4] -> 0x0000
[1109] [M]: 0x0000000080000EF2 (0x00000013) addi x0, x0, 0x0                        main+1778

clint mtime 0x000000000000022B (mip.MTI <- 0b1, mip.STI <- 0b0)
mem[X,0x0000000080000EF6] -> 0x0013
mem[X,0x0000000080000EF8] -> 0x0000
[1110] [M]: 0x0000000080000EF6 (0x00000013) addi x0, x0, 0x0                        main+1782

mem[X,0x0000000080000EFA] -> 0x0013
mem[X,0x0000000080000EFC] -> 0x0000
[1111] [M]: 0x0000000080000EFA (0x00000013) addi x0, x0, 0x0                        main+1786

clint mtime 0x000000000000022C (mip.MTI <- 0b1, mip.STI <- 0b0)
mem[X,0x0000000080000EFE] -> 0x0001
[1112] [M]: 0x0000000080000EFE (0x0001) c.nop                                       main+1790

mem[X,0x0000000080000F00] -> 0x0593
mem[X,0x0000000080000F02] -> 0x1DF0
[1113] [M]: 0x0000000080000F00 (0x1DF00593) addi x11, x0, 0x1df                     main+1792
x11 <- 0x00000000000001DF

clint mtime 0x000000000000022D (mip.MTI <- 0b1, mip.STI <- 0b0)
mem[X,0x0000000080000F04] -> 0x5513
mem[X,0x0000000080000F06] -> 0x00C5
[1114] [M]: 0x0000000080000F04 (0x00C55513) srli x10, x10, 0xc                      main+1796
x10 <- 0x0000000000080000

mem[X,0x0000000080000F08] -> 0x1513
mem[X,0x0000000080000F0A] -> 0x00A5
[1115] [M]: 0x0000000080000F08 (0x00A51513) slli x10, x10, 0xa                      main+1800
x10 <- 0x0000000020000000

clint mtime 0x000000000000022E (mip.MTI <- 0b1, mip.STI <- 0b0)
mem[X,0x0000000080000F0C] -> 0x6533
mem[X,0x0000000080000F0E] -> 0x00B5
[1116] [M]: 0x0000000080000F0C (0x00B56533) or x10, x10, x11                        main+1804
x10 <- 0x00000000200001DF

mem[X,0x0000000080000F10] -> 0x0013
mem[X,0x0000000080000F12] -> 0x0000
[1117] [M]: 0x0000000080000F10 (0x00000013) addi x0, x0, 0x0                        main+1808

clint mtime 0x000000000000022F (mip.MTI <- 0b1, mip.STI <- 0b0)
mem[X,0x0000000080000F14] -> 0x0013
mem[X,0x0000000080000F16] -> 0x0000
[1118] [M]: 0x0000000080000F14 (0x00000013) addi x0, x0, 0x0                        main+1812

mem[X,0x0000000080000F18] -> 0x0013
mem[X,0x0000000080000F1A] -> 0x0000
[1119] [M]: 0x0000000080000F18 (0x00000013) addi x0, x0, 0x0                        main+1816

clint mtime 0x0000000000000230 (mip.MTI <- 0b1, mip.STI <- 0b0)
mem[X,0x0000000080000F1C] -> 0x0013
mem[X,0x0000000080000F1E] -> 0x0000
[1120] [M]: 0x0000000080000F1C (0x00000013) addi x0, x0, 0x0                        main+1820

mem[X,0x0000000080000F20] -> 0x7317
mem[X,0x0000000080000F22] -> 0x0000
[1121] [M]: 0x0000000080000F20 (0x00007317) auipc x6, 0x7                           main+1824
x6 <- 0x0000000080007F20

clint mtime 0x0000000000000231 (mip.MTI <- 0b1, mip.STI <- 0b0)
mem[X,0x0000000080000F24] -> 0x0313
mem[X,0x0000000080000F26] -> 0x0E03
[1122] [M]: 0x0000000080000F24 (0x0E030313) addi x6, x6, 0xe0                       main+1828
x6 <- 0x0000000080008000

mem[X,0x0000000080000F28] -> 0x0001
[1123] [M]: 0x0000000080000F28 (0x0001) c.nop                                       main+1832

clint mtime 0x0000000000000232 (mip.MTI <- 0b1, mip.STI <- 0b0)
mem[X,0x0000000080000F2A] -> 0x0013
mem[X,0x0000000080000F2C] -> 0x0000
[1124] [M]: 0x0000000080000F2A (0x00000013) addi x0, x0, 0x0                        main+1834

mem[X,0x0000000080000F2E] -> 0x0013
mem[X,0x0000000080000F30] -> 0x0000
[1125] [M]: 0x0000000080000F2E (0x00000013) addi x0, x0, 0x0                        main+1838

clint mtime 0x0000000000000233 (mip.MTI <- 0b1, mip.STI <- 0b0)
mem[X,0x0000000080000F32] -> 0x0013
mem[X,0x0000000080000F34] -> 0x0000
[1126] [M]: 0x0000000080000F32 (0x00000013) addi x0, x0, 0x0                        main+1842

mem[X,0x0000000080000F36] -> 0x0013
mem[X,0x0000000080000F38] -> 0x0000
[1127] [M]: 0x0000000080000F36 (0x00000013) addi x0, x0, 0x0                        main+1846

clint mtime 0x0000000000000234 (mip.MTI <- 0b1, mip.STI <- 0b0)
mem[X,0x0000000080000F3A] -> 0x0013
mem[X,0x0000000080000F3C] -> 0x0000
[1128] [M]: 0x0000000080000F3A (0x00000013) addi x0, x0, 0x0                        main+1850

mem[X,0x0000000080000F3E] -> 0x0001
[1129] [M]: 0x0000000080000F3E (0x0001) c.nop                                       main+1854

clint mtime 0x0000000000000235 (mip.MTI <- 0b1, mip.STI <- 0b0)
mem[X,0x0000000080000F40] -> 0x0293
mem[X,0x0000000080000F42] -> 0x0000
[1130] [M]: 0x0000000080000F40 (0x00000293) addi x5, x0, 0x0                        main+1856
x5 <- 0x0000000000000000

mem[X,0x0000000080000F44] -> 0x0333
mem[X,0x0000000080000F46] -> 0x0053
[1131] [M]: 0x0000000080000F44 (0x00530333) add x6, x6, x5                          main+1860
x6 <- 0x0000000080008000

clint mtime 0x0000000000000236 (mip.MTI <- 0b1, mip.STI <- 0b0)
mem[X,0x0000000080000F48] -> 0x3023
mem[X,0x0000000080000F4A] -> 0x00A3
[1132] [M]: 0x0000000080000F48 (0x00A33023) sd x10, 0x0(x6)                         main+1864
mem[W,0x0000000080008000] <- 0x00000000200001DF

mem[X,0x0000000080000F4C] -> 0x0073
mem[X,0x0000000080000F4E] -> 0x1200
[1133] [M]: 0x0000000080000F4C (0x12000073) sfence.vma x0, x0                       main+1868

clint mtime 0x0000000000000237 (mip.MTI <- 0b1, mip.STI <- 0b0)
mem[X,0x0000000080000F50] -> 0x0493
mem[X,0x0000000080000F52] -> 0x0010
[1134] [M]: 0x0000000080000F50 (0x00100493) addi x9, x0, 0x1                        main+1872
x9 <- 0x0000000000000001

mem[X,0x0000000080000F54] -> 0x9493
mem[X,0x0000000080000F56] -> 0x00B4
[1135] [M]: 0x0000000080000F54 (0x00B49493) slli x9, x9, 0xb                        main+1876
x9 <- 0x0000000000000800

clint mtime 0x0000000000000238 (mip.MTI <- 0b1, mip.STI <- 0b0)
mem[X,0x0000000080000F58] -> 0xB073
mem[X,0x0000000080000F5A] -> 0x3004
[1136] [M]: 0x0000000080000F58 (0x3004B073) csrrc x0, mstatus, x9                   main+1880
CSR mstatus (0x300) <- 0x0000000A00000000

mem[X,0x0000000080000F5C] -> 0x23F3
mem[X,0x0000000080000F5E] -> 0x3400
[1137] [M]: 0x0000000080000F5C (0x340023F3) csrrs x7, mscratch, x0                  main+1884
CSR mscratch (0x340) -> 0x0000000080005000
x7 <- 0x0000000080005000

clint mtime 0x0000000000000239 (mip.MTI <- 0b1, mip.STI <- 0b0)
mem[X,0x0000000080000F60] -> 0xB303
mem[X,0x0000000080000F62] -> 0x4703
[1138] [M]: 0x0000000080000F60 (0x4703B303) ld x6, 0x470(x7)                        main+1888
mem[R,0x0000000080005470] -> 0x00000300800007BC
x6 <- 0x00000300800007BC

mem[X,0x0000000080000F64] -> 0xB483
mem[X,0x0000000080000F66] -> 0x1D83
[1139] [M]: 0x0000000080000F64 (0x1D83B483) ld x9, 0x1d8(x7)                        main+1892
mem[R,0x00000000800051D8] -> 0x00000000800007D4
x9 <- 0x00000000800007D4

clint mtime 0x000000000000023A (mip.MTI <- 0b1, mip.STI <- 0b0)
mem[X,0x0000000080000F68] -> 0x0333
mem[X,0x0000000080000F6A] -> 0x4093
[1140] [M]: 0x0000000080000F68 (0x40930333) sub x6, x6, x9                          main+1896
x6 <- 0x000002FFFFFFFFE8

mem[X,0x0000000080000F6C] -> 0x0313
mem[X,0x0000000080000F6E] -> 0x0103
[1141] [M]: 0x0000000080000F6C (0x01030313) addi x6, x6, 0x10                       main+1900
x6 <- 0x000002FFFFFFFFF8

clint mtime 0x000000000000023B (mip.MTI <- 0b1, mip.STI <- 0b0)
mem[X,0x0000000080000F70] -> 0x0497
mem[X,0x0000000080000F72] -> 0x0000
[1142] [M]: 0x0000000080000F70 (0x00000497) auipc x9, 0x0                           main+1904
x9 <- 0x0000000080000F70

mem[X,0x0000000080000F74] -> 0x84B3
mem[X,0x0000000080000F76] -> 0x0064
[1143] [M]: 0x0000000080000F74 (0x006484B3) add x9, x9, x6                          main+1908
x9 <- 0x0000030080000F68

clint mtime 0x000000000000023C (mip.MTI <- 0b1, mip.STI <- 0b0)
mem[X,0x0000000080000F78] -> 0x94F3
mem[X,0x0000000080000F7A] -> 0x3414
[1144] [M]: 0x0000000080000F78 (0x341494F3) csrrw x9, mepc, x9                      main+1912
CSR mepc (0x341) <- 0x0000030080000F68
x9 <- 0x0000030080000E3C

mem[X,0x0000000080000F7C] -> 0x0073
mem[X,0x0000000080000F7E] -> 0x3020
[1145] [M]: 0x0000000080000F7C (0x30200073) mret                                    main+1916
CSR mstatus (0x300) <- 0x0000000A00000080
ret-ing from M to U

clint mtime 0x000000000000023D (mip.MTI <- 0b1, mip.STI <- 0b0)
PTW: Start, vpn=0x30080000, access_type=X, privilege=Umem[R,0x0000000080009030] -> 0x00000000000000DB
PTW: Step, level=3, pte=0xDB, pte_addr=0x80009030
PTW: Success, final_ppn=0x80000, level=3mem[X,0x0000000080000F68] -> 0x0333
mem[X,0x0000000080000F6A] -> 0x4093
[1146] [U]: 0x0000030080000F68 (0x40930333) sub x6, x6, x9                          va_rvtest_code_begin+1964
x6 <- 0xFFFFFFFF7FFFF1BC

mem[X,0x0000000080000F6C] -> 0x0313
mem[X,0x0000000080000F6E] -> 0x0103
[1147] [U]: 0x0000030080000F6C (0x01030313) addi x6, x6, 0x10                       va_rvtest_code_begin+1968
x6 <- 0xFFFFFFFF7FFFF1CC

clint mtime 0x000000000000023E (mip.MTI <- 0b1, mip.STI <- 0b0)
mem[X,0x0000000080000F70] -> 0x0497
mem[X,0x0000000080000F72] -> 0x0000
[1148] [U]: 0x0000030080000F70 (0x00000497) auipc x9, 0x0                           va_rvtest_code_begin+1972
x9 <- 0x0000030080000F70

mem[X,0x0000000080000F74] -> 0x84B3
mem[X,0x0000000080000F76] -> 0x0064
[1149] [U]: 0x0000030080000F74 (0x006484B3) add x9, x9, x6                          va_rvtest_code_begin+1976
x9 <- 0x000003000000013C

clint mtime 0x000000000000023F (mip.MTI <- 0b1, mip.STI <- 0b0)
mem[X,0x0000000080000F78] -> 0x94F3
mem[X,0x0000000080000F7A] -> 0x3414
[1150] [U]: 0x0000030080000F78 (0x341494F3) csrrw x9, mepc, x9                      va_rvtest_code_begin+1980
trapping from U to M to handle illegal-instruction
handling exc#illegal-instruction at priv M with tval 0x00000000341494F3
CSR mstatus (0x300) <- 0x0000000A00000000
CSR mcause (0x342) <- 0x0000000000000002
CSR mtval (0x343) <- 0x00000000341494F3
CSR mepc (0x341) <- 0x0000030080000F78

mem[X,0x0000000080002380] -> 0x006F
mem[X,0x0000000080002382] -> 0x1000
[1151] [M]: 0x0000000080002380 (0x1000006F) jal x0, 0x100                           Mtrampoline+0

clint mtime 0x0000000000000240 (mip.MTI <- 0b1, mip.STI <- 0b0)
mem[X,0x0000000080002480] -> 0x1173
mem[X,0x0000000080002482] -> 0x3401
[1152] [M]: 0x0000000080002480 (0x34011173) csrrw x2, mscratch, x2                  trap_Mhandler+0
CSR mscratch (0x340) <- 0x0000000000000000
x2 <- 0x0000000080005000

mem[X,0x0000000080002484] -> 0x3423
mem[X,0x0000000080002486] -> 0x28B1
[1153] [M]: 0x0000000080002484 (0x28B13423) sd x11, 0x288(x2)                       trap_Mhandler+4
mem[W,0x0000000080005288] <- 0x00000000000001DF

clint mtime 0x0000000000000241 (mip.MTI <- 0b1, mip.STI <- 0b0)
mem[X,0x0000000080002488] -> 0x05EF
mem[X,0x000000008000248A] -> 0x0B80
[1154] [M]: 0x0000000080002488 (0x0B8005EF) jal x11, 0xb8                           trap_Mhandler+8
x11 <- 0x000000008000248C

mem[X,0x0000000080002540] -> 0x3023
mem[X,0x0000000080002542] -> 0x28A1
[1155] [M]: 0x0000000080002540 (0x28A13023) sd x10, 0x280(x2)                       common_Mhandler+0
mem[W,0x0000000080005280] <- 0x00000000200001DF

clint mtime 0x0000000000000242 (mip.MTI <- 0b1, mip.STI <- 0b0)
mem[X,0x0000000080002544] -> 0x1573
mem[X,0x0000000080002546] -> 0x3401
[1156] [M]: 0x0000000080002544 (0x34011573) csrrw x10, mscratch, x2                 common_Mhandler+4
CSR mscratch (0x340) <- 0x0000000080005000
x10 <- 0x0000000000000000

mem[X,0x0000000080002548] -> 0x3823
mem[X,0x000000008000254A] -> 0x28A1
[1157] [M]: 0x0000000080002548 (0x28A13823) sd x10, 0x290(x2)                       common_Mhandler+8
mem[W,0x0000000080005290] <- 0x0000000000000000

clint mtime 0x0000000000000243 (mip.MTI <- 0b1, mip.STI <- 0b0)
mem[X,0x000000008000254C] -> 0x3503
mem[X,0x000000008000254E] -> 0x2301
[1158] [M]: 0x000000008000254C (0x23013503) ld x10, 0x230(x2)                       common_Mhandler+12
mem[R,0x0000000080005230] -> 0x0000000080002554
x10 <- 0x0000000080002554

mem[X,0x0000000080002550] -> 0x0067
mem[X,0x0000000080002552] -> 0x0005
[1159] [M]: 0x0000000080002550 (0x00050067) jalr x0, 0x0(x10)                       common_Mhandler+16

clint mtime 0x0000000000000244 (mip.MTI <- 0b1, mip.STI <- 0b0)
mem[X,0x0000000080002554] -> 0x3C23
mem[X,0x0000000080002556] -> 0x2691
[1160] [M]: 0x0000000080002554 (0x26913C23) sd x9, 0x278(x2)                        common_Mentry+0
mem[W,0x0000000080005278] <- 0x000003000000013C

mem[X,0x0000000080002558] -> 0x3823
mem[X,0x000000008000255A] -> 0x2681
[1161] [M]: 0x0000000080002558 (0x26813823) sd x8, 0x270(x2)                        common_Mentry+4
mem[W,0x0000000080005270] <- 0x0000000000007F76

clint mtime 0x0000000000000245 (mip.MTI <- 0b1, mip.STI <- 0b0)
mem[X,0x000000008000255C] -> 0x3423
mem[X,0x000000008000255E] -> 0x2671
[1162] [M]: 0x000000008000255C (0x26713423) sd x7, 0x268(x2)                        common_Mentry+8
mem[W,0x0000000080005268] <- 0x0000000080005000

mem[X,0x0000000080002560] -> 0x3023
mem[X,0x0000000080002562] -> 0x2661
[1163] [M]: 0x0000000080002560 (0x26613023) sd x6, 0x260(x2)                        common_Mentry+12
mem[W,0x0000000080005260] <- 0xFFFFFFFF7FFFF1CC

clint mtime 0x0000000000000246 (mip.MTI <- 0b1, mip.STI <- 0b0)
mem[X,0x0000000080002564] -> 0x2573
mem[X,0x0000000080002566] -> 0x3420
[1164] [M]: 0x0000000080002564 (0x34202573) csrrs x10, mcause, x0                   spcl_M2mmode_test+0
CSR mcause (0x342) -> 0x0000000000000002
x10 <- 0x0000000000000002

mem[X,0x0000000080002568] -> 0x04B7
mem[X,0x000000008000256A] -> 0x8000
[1165] [M]: 0x0000000080002568 (0x800004B7) lui x9, -0x80000                        spcl_M2mmode_test+4
x9 <- 0xFFFFFFFF80000000

clint mtime 0x0000000000000247 (mip.MTI <- 0b1, mip.STI <- 0b0)
mem[X,0x000000008000256C] -> 0x8493
mem[X,0x000000008000256E] -> 0x0004
[1166] [M]: 0x000000008000256C (0x00048493) addi x9, x9, 0x0                        spcl_M2mmode_test+8
x9 <- 0xFFFFFFFF80000000

mem[X,0x0000000080002570] -> 0x9493
mem[X,0x0000000080002572] -> 0x00B4
[1167] [M]: 0x0000000080002570 (0x00B49493) slli x9, x9, 0xb                        spcl_M2mmode_test+12
x9 <- 0xFFFFFC0000000000

clint mtime 0x0000000000000248 (mip.MTI <- 0b1, mip.STI <- 0b0)
mem[X,0x0000000080002574] -> 0x8493
mem[X,0x0000000080002576] -> 0x0004
[1168] [M]: 0x0000000080002574 (0x00048493) addi x9, x9, 0x0                        spcl_M2mmode_test+16
x9 <- 0xFFFFFC0000000000

mem[X,0x0000000080002578] -> 0x9493
mem[X,0x000000008000257A] -> 0x00B4
[1169] [M]: 0x0000000080002578 (0x00B49493) slli x9, x9, 0xb                        spcl_M2mmode_test+20
x9 <- 0xFFE0000000000000

clint mtime 0x0000000000000249 (mip.MTI <- 0b1, mip.STI <- 0b0)
mem[X,0x000000008000257C] -> 0x8493
mem[X,0x000000008000257E] -> 0x0034
[1170] [M]: 0x000000008000257C (0x00348493) addi x9, x9, 0x3                        spcl_M2mmode_test+24
x9 <- 0xFFE0000000000003

mem[X,0x0000000080002580] -> 0x9493
mem[X,0x0000000080002582] -> 0x00A4
[1171] [M]: 0x0000000080002580 (0x00A49493) slli x9, x9, 0xa                        spcl_M2mmode_test+28
x9 <- 0x8000000000000C00

clint mtime 0x000000000000024A (mip.MTI <- 0b1, mip.STI <- 0b0)
mem[X,0x0000000080002584] -> 0x8493
mem[X,0x0000000080002586] -> 0x3FC4
[1172] [M]: 0x0000000080002584 (0x3FC48493) addi x9, x9, 0x3fc                      spcl_M2mmode_test+32
x9 <- 0x8000000000000FFC

mem[X,0x0000000080002588] -> 0xF4B3
mem[X,0x000000008000258A] -> 0x00A4
[1173] [M]: 0x0000000080002588 (0x00A4F4B3) and x9, x9, x10                         spcl_M2mmode_test+36
x9 <- 0x0000000000000000

clint mtime 0x000000000000024B (mip.MTI <- 0b1, mip.STI <- 0b0)
mem[X,0x000000008000258C] -> 0x8493
mem[X,0x000000008000258E] -> 0xFF84
[1174] [M]: 0x000000008000258C (0xFF848493) addi x9, x9, -0x8                       spcl_M2mmode_test+40
x9 <- 0xFFFFFFFFFFFFFFF8

mem[X,0x0000000080002590] -> 0x9663
mem[X,0x0000000080002592] -> 0x0004
[1175] [M]: 0x0000000080002590 (0x00049663) bne x9, x0, 0xc                         spcl_M2mmode_test+44

clint mtime 0x000000000000024C (mip.MTI <- 0b1, mip.STI <- 0b0)
mem[X,0x000000008000259C] -> 0x0393
mem[X,0x000000008000259E] -> 0x0200
[1176] [M]: 0x000000008000259C (0x02000393) addi x7, x0, 0x20                       Mtrapsig_ptr_upd+0
x7 <- 0x0000000000000020

mem[X,0x00000000800025A0] -> 0x5263
mem[X,0x00000000800025A2] -> 0x0405
[1177] [M]: 0x00000000800025A0 (0x04055263) bge x10, x0, 0x44                       Mtrapsig_ptr_upd+4

clint mtime 0x000000000000024D (mip.MTI <- 0b1, mip.STI <- 0b0)
mem[X,0x00000000800025E4] -> 0x2373
mem[X,0x00000000800025E6] -> 0x3010
[1178] [M]: 0x00000000800025E4 (0x30102373) csrrs x6, misa, x0                      Mxcpt_sig_sv+0
CSR misa (0x301) -> 0x800000000034112F
x6 <- 0x800000000034112F

mem[X,0x00000000800025E8] -> 0x1313
mem[X,0x00000000800025EA] -> 0x0383
[1179] [M]: 0x00000000800025E8 (0x03831313) slli x6, x6, 0x38                       Mxcpt_sig_sv+4
x6 <- 0x2F00000000000000

clint mtime 0x000000000000024E (mip.MTI <- 0b1, mip.STI <- 0b0)
mem[X,0x00000000800025EC] -> 0x5463
mem[X,0x00000000800025EE] -> 0x0003
[1180] [M]: 0x00000000800025EC (0x00035463) bge x6, x0, 0x8                         Mxcpt_sig_sv+8

mem[X,0x00000000800025F4] -> 0x3303
mem[X,0x00000000800025F6] -> 0x2181
[1181] [M]: 0x00000000800025F4 (0x21813303) ld x6, 0x218(x2)                        Mtrap_sig_sv+0
mem[R,0x0000000080005218] -> 0x000000008000A578
x6 <- 0x000000008000A578

clint mtime 0x000000000000024F (mip.MTI <- 0b1, mip.STI <- 0b0)
mem[X,0x00000000800025F8] -> 0x04B3
mem[X,0x00000000800025FA] -> 0x0073
[1182] [M]: 0x00000000800025F8 (0x007304B3) add x9, x6, x7                          Mtrap_sig_sv+4
x9 <- 0x000000008000A598

mem[X,0x00000000800025FC] -> 0x3C23
mem[X,0x00000000800025FE] -> 0x2091
[1183] [M]: 0x00000000800025FC (0x20913C23) sd x9, 0x218(x2)                        Mtrap_sig_sv+8
mem[W,0x0000000080005218] <- 0x000000008000A598

clint mtime 0x0000000000000250 (mip.MTI <- 0b1, mip.STI <- 0b0)
mem[X,0x0000000080002600] -> 0x3403
mem[X,0x0000000080002602] -> 0x1F81
[1184] [M]: 0x0000000080002600 (0x1F813403) ld x8, 0x1f8(x2)                        Mtrap_sig_sv+12
mem[R,0x00000000800051F8] -> 0x000000008000A110
x8 <- 0x000000008000A110

mem[X,0x0000000080002604] -> 0x0333
mem[X,0x0000000080002606] -> 0x4083
[1185] [M]: 0x0000000080002604 (0x40830333) sub x6, x6, x8                          Mtrap_sig_sv+16
x6 <- 0x0000000000000468

clint mtime 0x0000000000000251 (mip.MTI <- 0b1, mip.STI <- 0b0)
mem[X,0x0000000080002608] -> 0x3403
mem[X,0x000000008000260A] -> 0x1F81
[1186] [M]: 0x0000000080002608 (0x1F813403) ld x8, 0x1f8(x2)                        Mtrap_sig_sv+20
mem[R,0x00000000800051F8] -> 0x000000008000A110
x8 <- 0x000000008000A110

mem[X,0x000000008000260C] -> 0x0333
mem[X,0x000000008000260E] -> 0x0083
[1187] [M]: 0x000000008000260C (0x00830333) add x6, x6, x8                          Mtrap_sig_sv+24
x6 <- 0x000000008000A578

clint mtime 0x0000000000000252 (mip.MTI <- 0b1, mip.STI <- 0b0)
mem[X,0x0000000080002610] -> 0x3403
mem[X,0x0000000080002612] -> 0x2401
[1188] [M]: 0x0000000080002610 (0x24013403) ld x8, 0x240(x2)                        Mtrap_sig_sv+28
mem[R,0x0000000080005240] -> 0x0000000080002380
x8 <- 0x0000000080002380

mem[X,0x0000000080002614] -> 0x85B3
mem[X,0x0000000080002616] -> 0x4085
[1189] [M]: 0x0000000080002614 (0x408585B3) sub x11, x11, x8                        sv_Mvect+0
x11 <- 0x000000000000010C

clint mtime 0x0000000000000253 (mip.MTI <- 0b1, mip.STI <- 0b0)
mem[X,0x0000000080002618] -> 0x9593
mem[X,0x000000008000261A] -> 0x0045
[1190] [M]: 0x0000000080002618 (0x00459593) slli x11, x11, 0x4                      sv_Mvect+4
x11 <- 0x00000000000010C0

mem[X,0x000000008000261C] -> 0xE5B3
mem[X,0x000000008000261E] -> 0x0075
[1191] [M]: 0x000000008000261C (0x0075E5B3) or x11, x11, x7                         sv_Mvect+8
x11 <- 0x00000000000010E0

clint mtime 0x0000000000000254 (mip.MTI <- 0b1, mip.STI <- 0b0)
mem[X,0x0000000080002620] -> 0x8593
mem[X,0x0000000080002622] -> 0x0035
[1192] [M]: 0x0000000080002620 (0x00358593) addi x11, x11, 0x3                      sv_Mvect+12
x11 <- 0x00000000000010E3

mem[X,0x0000000080002624] -> 0x3023
mem[X,0x0000000080002626] -> 0x00B3
[1193] [M]: 0x0000000080002624 (0x00B33023) sd x11, 0x0(x6)                         sv_Mvect+16
mem[W,0x000000008000A578] <- 0x00000000000010E3

clint mtime 0x0000000000000255 (mip.MTI <- 0b1, mip.STI <- 0b0)
mem[X,0x0000000080002628] -> 0x3423
mem[X,0x000000008000262A] -> 0x00A3
[1194] [M]: 0x0000000080002628 (0x00A33423) sd x10, 0x8(x6)                         sv_Mcause+0
mem[W,0x000000008000A580] <- 0x0000000000000002

mem[X,0x000000008000262C] -> 0x4663
mem[X,0x000000008000262E] -> 0x1A05
[1195] [M]: 0x000000008000262C (0x1A054663) blt x10, x0, 0x1ac                      sv_Mcause+4

clint mtime 0x0000000000000256 (mip.MTI <- 0b1, mip.STI <- 0b0)
mem[X,0x0000000080002630] -> 0x25F3
mem[X,0x0000000080002632] -> 0x3000
[1196] [M]: 0x0000000080002630 (0x300025F3) csrrs x11, mstatus, x0                  common_Mexcpt_handler+0
CSR mstatus (0x300) -> 0x0000000A00000000
x11 <- 0x0000000A00000000

mem[X,0x0000000080002634] -> 0x9413
mem[X,0x0000000080002636] -> 0x02E5
[1197] [M]: 0x0000000080002634 (0x02E59413) slli x8, x11, 0x2e                      common_Mexcpt_handler+4
x8 <- 0x0000000000000000

clint mtime 0x0000000000000257 (mip.MTI <- 0b1, mip.STI <- 0b0)
mem[X,0x0000000080002638] -> 0x5463
mem[X,0x000000008000263A] -> 0x0004
[1198] [M]: 0x0000000080002638 (0x00045463) bge x8, x0, 0x8                         common_Mexcpt_handler+8

mem[X,0x0000000080002640] -> 0xD493
mem[X,0x0000000080002642] -> 0x00B5
[1199] [M]: 0x0000000080002640 (0x00B5D493) srli x9, x11, 0xb                       common_Mexcpt_handler+16
x9 <- 0x0000000001400000

clint mtime 0x0000000000000258 (mip.MTI <- 0b1, mip.STI <- 0b0)
mem[X,0x0000000080002644] -> 0xF493
mem[X,0x0000000080002646] -> 0x0034
[1200] [M]: 0x0000000080002644 (0x0034F493) andi x9, x9, 0x3                        common_Mexcpt_handler+20
x9 <- 0x0000000000000000

mem[X,0x0000000080002648] -> 0x8493
mem[X,0x000000008000264A] -> 0x0014
[1201] [M]: 0x0000000080002648 (0x00148493) addi x9, x9, 0x1                        common_Mexcpt_handler+24
x9 <- 0x0000000000000001

clint mtime 0x0000000000000259 (mip.MTI <- 0b1, mip.STI <- 0b0)
mem[X,0x000000008000264C] -> 0xF493
mem[X,0x000000008000264E] -> 0x0044
[1202] [M]: 0x000000008000264C (0x0044F493) andi x9, x9, 0x4                        common_Mexcpt_handler+28
x9 <- 0x0000000000000000

mem[X,0x0000000080002650] -> 0x0593
mem[X,0x0000000080002652] -> 0x05D0
[1203] [M]: 0x0000000080002650 (0x05D00593) addi x11, x0, 0x5d                      common_Mexcpt_handler+32
x11 <- 0x000000000000005D

clint mtime 0x000000000000025A (mip.MTI <- 0b1, mip.STI <- 0b0)
mem[X,0x0000000080002654] -> 0xD5B3
mem[X,0x0000000080002656] -> 0x0095
[1204] [M]: 0x0000000080002654 (0x0095D5B3) srl x11, x11, x9                        common_Mexcpt_handler+36
x11 <- 0x000000000000005D

mem[X,0x0000000080002658] -> 0xF593
mem[X,0x000000008000265A] -> 0x0015
[1205] [M]: 0x0000000080002658 (0x0015F593) andi x11, x11, 0x1                      common_Mexcpt_handler+40
x11 <- 0x0000000000000001

clint mtime 0x000000000000025B (mip.MTI <- 0b1, mip.STI <- 0b0)
mem[X,0x000000008000265C] -> 0x8EE3
mem[X,0x000000008000265E] -> 0xF405
[1206] [M]: 0x000000008000265C (0xF4058EE3) beq x11, x0, -0xa4                      common_Mexcpt_handler+44

mem[X,0x0000000080002660] -> 0x0593
mem[X,0x0000000080002662] -> 0x2980
[1207] [M]: 0x0000000080002660 (0x29800593) addi x11, x0, 0x298                     common_Mexcpt_handler+48
x11 <- 0x0000000000000298

clint mtime 0x000000000000025C (mip.MTI <- 0b1, mip.STI <- 0b0)
mem[X,0x0000000080002664] -> 0xF413
mem[X,0x0000000080002666] -> 0x0014
[1208] [M]: 0x0000000080002664 (0x0014F413) andi x8, x9, 0x1                        common_Mexcpt_handler+52
x8 <- 0x0000000000000000

mem[X,0x0000000080002668] -> 0x95B3
mem[X,0x000000008000266A] -> 0x0085
[1209] [M]: 0x0000000080002668 (0x008595B3) sll x11, x11, x8                        common_Mexcpt_handler+56
x11 <- 0x0000000000000298

clint mtime 0x000000000000025D (mip.MTI <- 0b1, mip.STI <- 0b0)
mem[X,0x000000008000266C] -> 0x9413
mem[X,0x000000008000266E] -> 0x03D4
[1210] [M]: 0x000000008000266C (0x03D49413) slli x8, x9, 0x3d                       common_Mexcpt_handler+60
x8 <- 0x0000000000000000

mem[X,0x0000000080002670] -> 0x5413
mem[X,0x0000000080002672] -> 0x43F4
[1211] [M]: 0x0000000080002670 (0x43F45413) srai x8, x8, 0x3f                       common_Mexcpt_handler+64
x8 <- 0x0000000000000000

clint mtime 0x000000000000025E (mip.MTI <- 0b1, mip.STI <- 0b0)
mem[X,0x0000000080002674] -> 0x4413
mem[X,0x0000000080002676] -> 0xFFF4
[1212] [M]: 0x0000000080002674 (0xFFF44413) xori x8, x8, -0x1                       common_Mexcpt_handler+68
x8 <- 0xFFFFFFFFFFFFFFFF

mem[X,0x0000000080002678] -> 0xF4B3
mem[X,0x000000008000267A] -> 0x0085
[1213] [M]: 0x0000000080002678 (0x0085F4B3) and x9, x11, x8                         common_Mexcpt_handler+72
x9 <- 0x0000000000000298

clint mtime 0x000000000000025F (mip.MTI <- 0b1, mip.STI <- 0b0)
mem[X,0x000000008000267C] -> 0x84B3
mem[X,0x000000008000267E] -> 0x0024
[1214] [M]: 0x000000008000267C (0x002484B3) add x9, x9, x2                          vmem_adj_Mepc+0
x9 <- 0x0000000080005298

mem[X,0x0000000080002680] -> 0x23F3
mem[X,0x0000000080002682] -> 0x3410
[1215] [M]: 0x0000000080002680 (0x341023F3) csrrs x7, mepc, x0                      vmem_adj_Mepc+4
CSR mepc (0x341) -> 0x0000030080000F78
x7 <- 0x0000030080000F78

clint mtime 0x0000000000000260 (mip.MTI <- 0b1, mip.STI <- 0b0)
mem[X,0x0000000080002684] -> 0x0413
mem[X,0x0000000080002686] -> 0x0004
[1216] [M]: 0x0000000080002684 (0x00040413) addi x8, x8, 0x0                        vmem_adj_Mepc+8
x8 <- 0xFFFFFFFFFFFFFFFF

mem[X,0x0000000080002688] -> 0x006F
mem[X,0x000000008000268A] -> 0x0400
[1217] [M]: 0x0000000080002688 (0x0400006F) jal x0, 0x40                            vmem_adj_Mepc+12

clint mtime 0x0000000000000261 (mip.MTI <- 0b1, mip.STI <- 0b0)
mem[X,0x00000000800026C8] -> 0x8433
mem[X,0x00000000800026CA] -> 0x4083
[1218] [M]: 0x00000000800026C8 (0x40838433) sub x8, x7, x8                          adj_Mepc+0
x8 <- 0x0000030080000F79

mem[X,0x00000000800026CC] -> 0x3823
mem[X,0x00000000800026CE] -> 0x0083
[1219] [M]: 0x00000000800026CC (0x00833823) sd x8, 0x10(x6)                         sv_Mepc+0
mem[W,0x000000008000A588] <- 0x0000030080000F79

clint mtime 0x0000000000000262 (mip.MTI <- 0b1, mip.STI <- 0b0)
mem[X,0x00000000800026D0] -> 0x55B7
mem[X,0x00000000800026D2] -> 0x0000
[1220] [M]: 0x00000000800026D0 (0x000055B7) lui x11, 0x5                            sv_Mepc+4
x11 <- 0x0000000000005000

mem[X,0x00000000800026D4] -> 0x8593
mem[X,0x00000000800026D6] -> 0x6675
[1221] [M]: 0x00000000800026D4 (0x66758593) addi x11, x11, 0x667                    sv_Mepc+8
x11 <- 0x0000000000005667

clint mtime 0x0000000000000263 (mip.MTI <- 0b1, mip.STI <- 0b0)
mem[X,0x00000000800026D8] -> 0x9593
mem[X,0x00000000800026DA] -> 0x0015
[1222] [M]: 0x00000000800026D8 (0x00159593) slli x11, x11, 0x1                      sv_Mepc+12
x11 <- 0x000000000000ACCE

mem[X,0x00000000800026DC] -> 0x9063
mem[X,0x00000000800026DE] -> 0x02B1
[1223] [M]: 0x00000000800026DC (0x02B19063) bne x3, x11, 0x20                       sv_Mepc+16

clint mtime 0x0000000000000264 (mip.MTI <- 0b1, mip.STI <- 0b0)
mem[X,0x00000000800026E0] -> 0x2473
mem[X,0x00000000800026E2] -> 0x3420
[1224] [M]: 0x00000000800026E0 (0x34202473) csrrs x8, mcause, x0                    sv_Mepc+20
CSR mcause (0x342) -> 0x0000000000000002
x8 <- 0x0000000000000002

mem[X,0x00000000800026E4] -> 0x0593
mem[X,0x00000000800026E6] -> 0x00C0
[1225] [M]: 0x00000000800026E4 (0x00C00593) addi x11, x0, 0xc                       sv_Mepc+24
x11 <- 0x000000000000000C

clint mtime 0x0000000000000265 (mip.MTI <- 0b1, mip.STI <- 0b0)
mem[X,0x00000000800026E8] -> 0x0663
mem[X,0x00000000800026EA] -> 0x00B4
[1226] [M]: 0x00000000800026E8 (0x00B40663) beq x8, x11, 0xc                        sv_Mepc+28

mem[X,0x00000000800026EC] -> 0x0593
mem[X,0x00000000800026EE] -> 0x0010
[1227] [M]: 0x00000000800026EC (0x00100593) addi x11, x0, 0x1                       sv_Mepc+32
x11 <- 0x0000000000000001

clint mtime 0x0000000000000266 (mip.MTI <- 0b1, mip.STI <- 0b0)
mem[X,0x00000000800026F0] -> 0x1663
mem[X,0x00000000800026F2] -> 0x00B4
[1228] [M]: 0x00000000800026F0 (0x00B41663) bne x8, x11, 0xc                        sv_Mepc+36

mem[X,0x00000000800026FC] -> 0xF593
mem[X,0x00000000800026FE] -> 0xFFC3
[1229] [M]: 0x00000000800026FC (0xFFC3F593) andi x11, x7, -0x4                      adj_Mepc_rtn+0
x11 <- 0x0000030080000F78

clint mtime 0x0000000000000267 (mip.MTI <- 0b1, mip.STI <- 0b0)
mem[X,0x0000000080002700] -> 0x8593
mem[X,0x0000000080002702] -> 0x0085
[1230] [M]: 0x0000000080002700 (0x00858593) addi x11, x11, 0x8                      adj_Mepc_rtn+4
x11 <- 0x0000030080000F80

mem[X,0x0000000080002704] -> 0x9073
mem[X,0x0000000080002706] -> 0x3415
[1231] [M]: 0x0000000080002704 (0x34159073) csrrw x0, mepc, x11                     adj_Mepc_rtn+8
CSR mepc (0x341) <- 0x0000030080000F80

clint mtime 0x0000000000000268 (mip.MTI <- 0b1, mip.STI <- 0b0)
mem[X,0x0000000080002708] -> 0x23F3
mem[X,0x000000008000270A] -> 0x3430
[1232] [M]: 0x0000000080002708 (0x343023F3) csrrs x7, mtval, x0                     skp_adj_Mepc+0
CSR mtval (0x343) -> 0x00000000341494F3
x7 <- 0x00000000341494F3

mem[X,0x000000008000270C] -> 0x0413
mem[X,0x000000008000270E] -> 0x0004
[1233] [M]: 0x000000008000270C (0x00040413) addi x8, x8, 0x0                        skp_adj_Mepc+4
x8 <- 0x0000000000000002

clint mtime 0x0000000000000269 (mip.MTI <- 0b1, mip.STI <- 0b0)
mem[X,0x0000000080002710] -> 0x006F
mem[X,0x0000000080002712] -> 0x0840
[1234] [M]: 0x0000000080002710 (0x0840006F) jal x0, 0x84                            skp_adj_Mepc+8

mem[X,0x0000000080002794] -> 0x8433
mem[X,0x0000000080002796] -> 0x4083
[1235] [M]: 0x0000000080002794 (0x40838433) sub x8, x7, x8                          adj_Mtval+0
x8 <- 0x00000000341494F1

clint mtime 0x000000000000026A (mip.MTI <- 0b1, mip.STI <- 0b0)
mem[X,0x0000000080002798] -> 0x3C23
mem[X,0x000000008000279A] -> 0x0083
[1236] [M]: 0x0000000080002798 (0x00833C23) sd x8, 0x18(x6)                         sv_Mtval+0
mem[W,0x000000008000A590] <- 0x00000000341494F1

mem[X,0x000000008000279C] -> 0x3483
mem[X,0x000000008000279E] -> 0x2181
[1237] [M]: 0x000000008000279C (0x21813483) ld x9, 0x218(x2)                        skp_Mtval+0
mem[R,0x0000000080005218] -> 0x000000008000A598
x9 <- 0x000000008000A598

clint mtime 0x000000000000026B (mip.MTI <- 0b1, mip.STI <- 0b0)
mem[X,0x00000000800027A0] -> 0x3383
mem[X,0x00000000800027A2] -> 0x1F81
[1238] [M]: 0x00000000800027A0 (0x1F813383) ld x7, 0x1f8(x2)                        skp_Mtval+4
mem[R,0x00000000800051F8] -> 0x000000008000A110
x7 <- 0x000000008000A110

mem[X,0x00000000800027A4] -> 0x3303
mem[X,0x00000000800027A6] -> 0x2001
[1239] [M]: 0x00000000800027A4 (0x20013303) ld x6, 0x200(x2)                        skp_Mtval+8
mem[R,0x0000000080005200] -> 0x0000000000000610
x6 <- 0x0000000000000610

clint mtime 0x000000000000026C (mip.MTI <- 0b1, mip.STI <- 0b0)
mem[X,0x00000000800027A8] -> 0x0333
mem[X,0x00000000800027AA] -> 0x0073
[1240] [M]: 0x00000000800027A8 (0x00730333) add x6, x6, x7                          skp_Mtval+12
x6 <- 0x000000008000A720

mem[X,0x00000000800027AC] -> 0x6AE3
mem[X,0x00000000800027AE] -> 0xAE93
[1241] [M]: 0x00000000800027AC (0xAE936AE3) bltu x6, x9, -0x50c                     skp_Mtval+16

clint mtime 0x000000000000026D (mip.MTI <- 0b1, mip.STI <- 0b0)
mem[X,0x00000000800027B0] -> 0x0393
mem[X,0x00000000800027B2] -> 0x2000
[1242] [M]: 0x00000000800027B0 (0x20000393) addi x7, x0, 0x200                      skp_Mtval+20
x7 <- 0x0000000000000200

mem[X,0x00000000800027B4] -> 0x006F
mem[X,0x00000000800027B6] -> 0x0400
[1243] [M]: 0x00000000800027B4 (0x0400006F) jal x0, 0x40                            skp_Mtval+24

clint mtime 0x000000000000026E (mip.MTI <- 0b1, mip.STI <- 0b0)
mem[X,0x00000000800027F4] -> 0x0417
mem[X,0x00000000800027F6] -> 0x0000
[1244] [M]: 0x00000000800027F4 (0x00000417) auipc x8, 0x0                           spcl_Mhandler+0
x8 <- 0x00000000800027F4

mem[X,0x00000000800027F8] -> 0x0413
mem[X,0x00000000800027FA] -> 0x03C4
[1245] [M]: 0x00000000800027F8 (0x03C40413) addi x8, x8, 0x3c                       spcl_Mhandler+4
x8 <- 0x0000000080002830

clint mtime 0x000000000000026F (mip.MTI <- 0b1, mip.STI <- 0b0)
mem[X,0x00000000800027FC] -> 0x0433
mem[X,0x00000000800027FE] -> 0x0074
[1246] [M]: 0x00000000800027FC (0x00740433) add x8, x8, x7                          spcl_Mhandler+8
x8 <- 0x0000000080002A30

mem[X,0x0000000080002800] -> 0x1393
mem[X,0x0000000080002802] -> 0x0035
[1247] [M]: 0x0000000080002800 (0x00351393) slli x7, x10, 0x3                       spcl_Mhandler+12
x7 <- 0x0000000000000010

clint mtime 0x0000000000000270 (mip.MTI <- 0b1, mip.STI <- 0b0)
mem[X,0x0000000080002804] -> 0x0433
mem[X,0x0000000080002806] -> 0x0074
[1248] [M]: 0x0000000080002804 (0x00740433) add x8, x8, x7                          spcl_Mhandler+16
x8 <- 0x0000000080002A40

mem[X,0x0000000080002808] -> 0x7413
mem[X,0x000000008000280A] -> 0xFF84
[1249] [M]: 0x0000000080002808 (0xFF847413) andi x8, x8, -0x8                       spcl_Mhandler+20
x8 <- 0x0000000080002A40

clint mtime 0x0000000000000271 (mip.MTI <- 0b1, mip.STI <- 0b0)
mem[X,0x000000008000280C] -> 0x3403
mem[X,0x000000008000280E] -> 0x0004
[1250] [M]: 0x000000008000280C (0x00043403) ld x8, 0x0(x8)                          spcl_Mhandler+24
mem[R,0x0000000080002A40] -> 0x0000000000000005
x8 <- 0x0000000000000005

mem[X,0x0000000080002810] -> 0x02E3
mem[X,0x0000000080002812] -> 0xB204
[1251] [M]: 0x0000000080002810 (0xB20402E3) beq x8, x0, -0x4dc                      spcl_Mdispatch_hndling+0

clint mtime 0x0000000000000272 (mip.MTI <- 0b1, mip.STI <- 0b0)
mem[X,0x0000000080002814] -> 0x1393
mem[X,0x0000000080002816] -> 0x03F4
[1252] [M]: 0x0000000080002814 (0x03F41393) slli x7, x8, 0x3f                       spcl_Mdispatch_hndling+4
x7 <- 0x8000000000000000

mem[X,0x0000000080002818] -> 0xD863
mem[X,0x000000008000281A] -> 0x0003
[1253] [M]: 0x0000000080002818 (0x0003D863) bge x7, x0, 0x10                        spcl_Mdispatch_hndling+8

clint mtime 0x0000000000000273 (mip.MTI <- 0b1, mip.STI <- 0b0)
mem[X,0x000000008000281C] -> 0x5413
mem[X,0x000000008000281E] -> 0x0014
[1254] [M]: 0x000000008000281C (0x00145413) srli x8, x8, 0x1                        spcl_Mdispatch_hndling+12
x8 <- 0x0000000000000002

mem[X,0x0000000080002820] -> 0x0CE3
mem[X,0x0000000080002822] -> 0xF885
[1255] [M]: 0x0000000080002820 (0xF8850CE3) beq x10, x8, -0x68                      spcl_Mdispatch_hndling+16

clint mtime 0x0000000000000274 (mip.MTI <- 0b1, mip.STI <- 0b0)
mem[X,0x00000000800027B8] -> 0x3303
mem[X,0x00000000800027BA] -> 0x2601
[1256] [M]: 0x00000000800027B8 (0x26013303) ld x6, 0x260(x2)                        resto_Mrtn+0
mem[R,0x0000000080005260] -> 0xFFFFFFFF7FFFF1CC
x6 <- 0xFFFFFFFF7FFFF1CC

mem[X,0x00000000800027BC] -> 0x3383
mem[X,0x00000000800027BE] -> 0x2681
[1257] [M]: 0x00000000800027BC (0x26813383) ld x7, 0x268(x2)                        resto_Mrtn+4
mem[R,0x0000000080005268] -> 0x0000000080005000
x7 <- 0x0000000080005000

clint mtime 0x0000000000000275 (mip.MTI <- 0b1, mip.STI <- 0b0)
mem[X,0x00000000800027C0] -> 0x3403
mem[X,0x00000000800027C2] -> 0x2701
[1258] [M]: 0x00000000800027C0 (0x27013403) ld x8, 0x270(x2)                        resto_Mrtn+8
mem[R,0x0000000080005270] -> 0x0000000000007F76
x8 <- 0x0000000000007F76

mem[X,0x00000000800027C4] -> 0x3483
mem[X,0x00000000800027C6] -> 0x2781
[1259] [M]: 0x00000000800027C4 (0x27813483) ld x9, 0x278(x2)                        resto_Mrtn+12
mem[R,0x0000000080005278] -> 0x000003000000013C
x9 <- 0x000003000000013C

clint mtime 0x0000000000000276 (mip.MTI <- 0b1, mip.STI <- 0b0)
mem[X,0x00000000800027C8] -> 0x3503
mem[X,0x00000000800027CA] -> 0x2801
[1260] [M]: 0x00000000800027C8 (0x28013503) ld x10, 0x280(x2)                       resto_Mrtn+16
mem[R,0x0000000080005280] -> 0x00000000200001DF
x10 <- 0x00000000200001DF

mem[X,0x00000000800027CC] -> 0x3583
mem[X,0x00000000800027CE] -> 0x2881
[1261] [M]: 0x00000000800027CC (0x28813583) ld x11, 0x288(x2)                       resto_Mrtn+20
mem[R,0x0000000080005288] -> 0x00000000000001DF
x11 <- 0x00000000000001DF

clint mtime 0x0000000000000277 (mip.MTI <- 0b1, mip.STI <- 0b0)
mem[X,0x00000000800027D0] -> 0x3103
mem[X,0x00000000800027D2] -> 0x2901
[1262] [M]: 0x00000000800027D0 (0x29013103) ld x2, 0x290(x2)                        resto_Mrtn+24
mem[R,0x0000000080005290] -> 0x0000000000000000
x2 <- 0x0000000000000000

mem[X,0x00000000800027D4] -> 0x0073
mem[X,0x00000000800027D6] -> 0x3020
[1263] [M]: 0x00000000800027D4 (0x30200073) mret                                    resto_Mrtn+28
CSR mstatus (0x300) <- 0x0000000A00000080
ret-ing from M to U

clint mtime 0x0000000000000278 (mip.MTI <- 0b1, mip.STI <- 0b0)
mem[X,0x0000000080000F80] -> 0x07B7
mem[X,0x0000000080000F82] -> 0x0000
[1264] [U]: 0x0000030080000F80 (0x000007B7) lui x15, 0x0                            va_rvtest_code_begin+1988
x15 <- 0x0000000000000000

mem[X,0x0000000080000F84] -> 0x8793
mem[X,0x0000000080000F86] -> 0x2807
[1265] [U]: 0x0000030080000F84 (0x28078793) addi x15, x15, 0x280                    va_rvtest_code_begin+1992
x15 <- 0x0000000000000280

clint mtime 0x0000000000000279 (mip.MTI <- 0b1, mip.STI <- 0b0)
mem[X,0x0000000080000F88] -> 0x9793
mem[X,0x0000000080000F8A] -> 0x00B7
[1266] [U]: 0x0000030080000F88 (0x00B79793) slli x15, x15, 0xb                      va_rvtest_code_begin+1996
x15 <- 0x0000000000140000

mem[X,0x0000000080000F8C] -> 0x8793
mem[X,0x0000000080000F8E] -> 0x0007
[1267] [U]: 0x0000030080000F8C (0x00078793) addi x15, x15, 0x0                      va_rvtest_code_begin+2000
x15 <- 0x0000000000140000

clint mtime 0x000000000000027A (mip.MTI <- 0b1, mip.STI <- 0b0)
mem[X,0x0000000080000F90] -> 0x9793
mem[X,0x0000000080000F92] -> 0x00B7
[1268] [U]: 0x0000030080000F90 (0x00B79793) slli x15, x15, 0xb                      va_rvtest_code_begin+2004
x15 <- 0x00000000A0000000

mem[X,0x0000000080000F94] -> 0x8793
mem[X,0x0000000080000F96] -> 0x0017
[1269] [U]: 0x0000030080000F94 (0x00178793) addi x15, x15, 0x1                      va_rvtest_code_begin+2008
x15 <- 0x00000000A0000001

clint mtime 0x000000000000027B (mip.MTI <- 0b1, mip.STI <- 0b0)
mem[X,0x0000000080000F98] -> 0x9793
mem[X,0x0000000080000F9A] -> 0x00A7
[1270] [U]: 0x0000030080000F98 (0x00A79793) slli x15, x15, 0xa                      va_rvtest_code_begin+2012
x15 <- 0x0000028000000400

mem[X,0x0000000080000F9C] -> 0x0613
mem[X,0x0000000080000F9E] -> 0x0106
[1271] [U]: 0x0000030080000F9C (0x01060613) addi x12, x12, 0x10                     va_rvtest_code_begin+2016
x12 <- 0x0000000000000040

clint mtime 0x000000000000027C (mip.MTI <- 0b1, mip.STI <- 0b0)
mem[X,0x0000000080000FA0] -> 0xAA23
mem[X,0x0000000080000FA2] -> 0x00C7
[1272] [U]: 0x0000030080000FA0 (0x00C7AA23) sw x12, 0x14(x15)                       va_rvtest_code_begin+2020
PTW: Start, vpn=0x28000000, access_type=W, privilege=Umem[R,0x0000000080009028] -> 0x0000000020002001
PTW: Step, level=3, pte=0x20002001, pte_addr=0x80009028
PTW: Start, vpn=0x28000000, access_type=W, privilege=Umem[R,0x0000000080008000] -> 0x00000000200001DF
PTW: Step, level=2, pte=0x200001DF, pte_addr=0x80008000
PTW: Success, final_ppn=0x80000, level=2mem[W,0x0000000080000414] <- 0x00000040

PTW: Start, vpn=0x30080000, access_type=X, privilege=Umem[R,0x0000000080009030] -> 0x00000000000000DB
PTW: Step, level=3, pte=0xDB, pte_addr=0x80009030
PTW: Success, final_ppn=0x80000, level=3mem[X,0x0000000080000FA4] -> 0x0013
mem[X,0x0000000080000FA6] -> 0x0000
[1273] [U]: 0x0000030080000FA4 (0x00000013) addi x0, x0, 0x0                        va_rvtest_code_begin+2024

clint mtime 0x000000000000027D (mip.MTI <- 0b1, mip.STI <- 0b0)
mem[X,0x0000000080000FA8] -> 0xA703
mem[X,0x0000000080000FAA] -> 0x0147
[1274] [U]: 0x0000030080000FA8 (0x0147A703) lw x14, 0x14(x15)                       va_rvtest_code_begin+2028
PTW: Start, vpn=0x28000000, access_type=R, privilege=Umem[R,0x0000000080009028] -> 0x0000000020002001
PTW: Step, level=3, pte=0x20002001, pte_addr=0x80009028
PTW: Start, vpn=0x28000000, access_type=R, privilege=Umem[R,0x0000000080008000] -> 0x00000000200001DF
PTW: Step, level=2, pte=0x200001DF, pte_addr=0x80008000
PTW: Success, final_ppn=0x80000, level=2mem[R,0x0000000080000414] -> 0x00000040
x14 <- 0x0000000000000040

PTW: Start, vpn=0x30080000, access_type=X, privilege=Umem[R,0x0000000080009030] -> 0x00000000000000DB
PTW: Step, level=3, pte=0xDB, pte_addr=0x80009030
PTW: Success, final_ppn=0x80000, level=3mem[X,0x0000000080000FAC] -> 0x0013
mem[X,0x0000000080000FAE] -> 0x0000
[1275] [U]: 0x0000030080000FAC (0x00000013) addi x0, x0, 0x0                        va_rvtest_code_begin+2032

clint mtime 0x000000000000027E (mip.MTI <- 0b1, mip.STI <- 0b0)
mem[X,0x0000000080000FB0] -> 0x51B7
mem[X,0x0000000080000FB2] -> 0x0000
[1276] [U]: 0x0000030080000FB0 (0x000051B7) lui x3, 0x5                             va_rvtest_code_begin+2036
x3 <- 0x0000000000005000

mem[X,0x0000000080000FB4] -> 0x8193
mem[X,0x0000000080000FB6] -> 0x6671
[1277] [U]: 0x0000030080000FB4 (0x66718193) addi x3, x3, 0x667                      va_rvtest_code_begin+2040
x3 <- 0x0000000000005667

clint mtime 0x000000000000027F (mip.MTI <- 0b1, mip.STI <- 0b0)
mem[X,0x0000000080000FB8] -> 0x9193
mem[X,0x0000000080000FBA] -> 0x0011
[1278] [U]: 0x0000030080000FB8 (0x00119193) slli x3, x3, 0x1                        va_rvtest_code_begin+2044
x3 <- 0x000000000000ACCE

mem[X,0x0000000080000FBC] -> 0x0013
mem[X,0x0000000080000FBE] -> 0x0000
[1279] [U]: 0x0000030080000FBC (0x00000013) addi x0, x0, 0x0                        va_rvtest_code_begin+2048

clint mtime 0x0000000000000280 (mip.MTI <- 0b1, mip.STI <- 0b0)
mem[X,0x0000000080000FC0] -> 0x0217
mem[X,0x0000000080000FC2] -> 0x0000
[1280] [U]: 0x0000030080000FC0 (0x00000217) auipc x4, 0x0                           va_rvtest_code_begin+2052
x4 <- 0x0000030080000FC0

mem[X,0x0000000080000FC4] -> 0x0213
mem[X,0x0000000080000FC6] -> 0x02C2
[1281] [U]: 0x0000030080000FC4 (0x02C20213) addi x4, x4, 0x2c                       va_rvtest_code_begin+2056
x4 <- 0x0000030080000FEC

clint mtime 0x0000000000000281 (mip.MTI <- 0b1, mip.STI <- 0b0)
mem[X,0x0000000080000FC8] -> 0x0001
[1282] [U]: 0x0000030080000FC8 (0x0001) c.nop                                       va_rvtest_code_begin+2060

mem[X,0x0000000080000FCA] -> 0x0013
mem[X,0x0000000080000FCC] -> 0x0000
[1283] [U]: 0x0000030080000FCA (0x00000013) addi x0, x0, 0x0                        va_rvtest_code_begin+2062

clint mtime 0x0000000000000282 (mip.MTI <- 0b1, mip.STI <- 0b0)
mem[X,0x0000000080000FCE] -> 0x0013
mem[X,0x0000000080000FD0] -> 0x0000
[1284] [U]: 0x0000030080000FCE (0x00000013) addi x0, x0, 0x0                        va_rvtest_code_begin+2066

mem[X,0x0000000080000FD2] -> 0x0013
mem[X,0x0000000080000FD4] -> 0x0000
[1285] [U]: 0x0000030080000FD2 (0x00000013) addi x0, x0, 0x0                        va_rvtest_code_begin+2070

clint mtime 0x0000000000000283 (mip.MTI <- 0b1, mip.STI <- 0b0)
mem[X,0x0000000080000FD6] -> 0x0013
mem[X,0x0000000080000FD8] -> 0x0000
[1286] [U]: 0x0000030080000FD6 (0x00000013) addi x0, x0, 0x0                        va_rvtest_code_begin+2074

mem[X,0x0000000080000FDA] -> 0x0013
mem[X,0x0000000080000FDC] -> 0x0000
[1287] [U]: 0x0000030080000FDA (0x00000013) addi x0, x0, 0x0                        va_rvtest_code_begin+2078

clint mtime 0x0000000000000284 (mip.MTI <- 0b1, mip.STI <- 0b0)
mem[X,0x0000000080000FDE] -> 0x0001
[1288] [U]: 0x0000030080000FDE (0x0001) c.nop                                       va_rvtest_code_begin+2082

mem[X,0x0000000080000FE0] -> 0x80E7
mem[X,0x0000000080000FE2] -> 0x0007
[1289] [U]: 0x0000030080000FE0 (0x000780E7) jalr x1, 0x0(x15)                       va_rvtest_code_begin+2084
x1 <- 0x0000030080000FE4

clint mtime 0x0000000000000285 (mip.MTI <- 0b1, mip.STI <- 0b0)
PTW: Start, vpn=0x28000000, access_type=X, privilege=Umem[R,0x0000000080009028] -> 0x0000000020002001
PTW: Step, level=3, pte=0x20002001, pte_addr=0x80009028
PTW: Start, vpn=0x28000000, access_type=X, privilege=Umem[R,0x0000000080008000] -> 0x00000000200001DF
PTW: Step, level=2, pte=0x200001DF, pte_addr=0x80008000
PTW: Success, final_ppn=0x80000, level=2mem[X,0x0000000080000400] -> 0x0013
mem[X,0x0000000080000402] -> 0x0000
[1290] [U]: 0x0000028000000400 (0x00000013) addi x0, x0, 0x0                        va_data+0

mem[X,0x0000000080000404] -> 0x8093
mem[X,0x0000000080000406] -> 0x0080
[1291] [U]: 0x0000028000000404 (0x00808093) addi x1, x1, 0x8                        va_data+4
x1 <- 0x0000030080000FEC

clint mtime 0x0000000000000286 (mip.MTI <- 0b1, mip.STI <- 0b0)
mem[X,0x0000000080000408] -> 0x8067
mem[X,0x000000008000040A] -> 0x0000
[1292] [U]: 0x0000028000000408 (0x00008067) jalr x0, 0x0(x1)                        va_data+8

PTW: Start, vpn=0x30080000, access_type=X, privilege=Umem[R,0x0000000080009030] -> 0x00000000000000DB
PTW: Step, level=3, pte=0xDB, pte_addr=0x80009030
PTW: Success, final_ppn=0x80000, level=3mem[X,0x0000000080000FEC] -> 0x0013
mem[X,0x0000000080000FEE] -> 0x0000
[1293] [U]: 0x0000030080000FEC (0x00000013) addi x0, x0, 0x0                        va_rvtest_code_begin+2096

clint mtime 0x0000000000000287 (mip.MTI <- 0b1, mip.STI <- 0b0)
mem[X,0x0000000080000FF0] -> 0x0013
mem[X,0x0000000080000FF2] -> 0x0000
[1294] [U]: 0x0000030080000FF0 (0x00000013) addi x0, x0, 0x0                        va_rvtest_code_begin+2100

mem[X,0x0000000080000FF4] -> 0x0013
mem[X,0x0000000080000FF6] -> 0x0000
[1295] [U]: 0x0000030080000FF4 (0x00000013) addi x0, x0, 0x0                        va_rvtest_code_begin+2104

clint mtime 0x0000000000000288 (mip.MTI <- 0b1, mip.STI <- 0b0)
mem[X,0x0000000080000FF8] -> 0x0113
mem[X,0x0000000080000FFA] -> 0x0000
[1296] [U]: 0x0000030080000FF8 (0x00000113) addi x2, x0, 0x0                        va_rvtest_code_begin+2108
x2 <- 0x0000000000000000

mem[X,0x0000000080000FFC] -> 0x0073
mem[X,0x0000000080000FFE] -> 0x0000
[1297] [U]: 0x0000030080000FFC (0x00000073) ecall                                   va_rvtest_code_begin+2112
trapping from U to M to handle u-call
handling exc#u-call at priv M with tval 0x0000000000000000
CSR mstatus (0x300) <- 0x0000000A00000000
CSR mcause (0x342) <- 0x0000000000000008
CSR mtval (0x343) <- 0x0000000000000000
CSR mepc (0x341) <- 0x0000030080000FFC

clint mtime 0x0000000000000289 (mip.MTI <- 0b1, mip.STI <- 0b0)
mem[X,0x0000000080002380] -> 0x006F
mem[X,0x0000000080002382] -> 0x1000
[1298] [M]: 0x0000000080002380 (0x1000006F) jal x0, 0x100                           Mtrampoline+0

mem[X,0x0000000080002480] -> 0x1173
mem[X,0x0000000080002482] -> 0x3401
[1299] [M]: 0x0000000080002480 (0x34011173) csrrw x2, mscratch, x2                  trap_Mhandler+0
CSR mscratch (0x340) <- 0x0000000000000000
x2 <- 0x0000000080005000

clint mtime 0x000000000000028A (mip.MTI <- 0b1, mip.STI <- 0b0)
mem[X,0x0000000080002484] -> 0x3423
mem[X,0x0000000080002486] -> 0x28B1
[1300] [M]: 0x0000000080002484 (0x28B13423) sd x11, 0x288(x2)                       trap_Mhandler+4
mem[W,0x0000000080005288] <- 0x00000000000001DF

mem[X,0x0000000080002488] -> 0x05EF
mem[X,0x000000008000248A] -> 0x0B80
[1301] [M]: 0x0000000080002488 (0x0B8005EF) jal x11, 0xb8                           trap_Mhandler+8
x11 <- 0x000000008000248C

clint mtime 0x000000000000028B (mip.MTI <- 0b1, mip.STI <- 0b0)
mem[X,0x0000000080002540] -> 0x3023
mem[X,0x0000000080002542] -> 0x28A1
[1302] [M]: 0x0000000080002540 (0x28A13023) sd x10, 0x280(x2)                       common_Mhandler+0
mem[W,0x0000000080005280] <- 0x00000000200001DF

mem[X,0x0000000080002544] -> 0x1573
mem[X,0x0000000080002546] -> 0x3401
[1303] [M]: 0x0000000080002544 (0x34011573) csrrw x10, mscratch, x2                 common_Mhandler+4
CSR mscratch (0x340) <- 0x0000000080005000
x10 <- 0x0000000000000000

clint mtime 0x000000000000028C (mip.MTI <- 0b1, mip.STI <- 0b0)
mem[X,0x0000000080002548] -> 0x3823
mem[X,0x000000008000254A] -> 0x28A1
[1304] [M]: 0x0000000080002548 (0x28A13823) sd x10, 0x290(x2)                       common_Mhandler+8
mem[W,0x0000000080005290] <- 0x0000000000000000

mem[X,0x000000008000254C] -> 0x3503
mem[X,0x000000008000254E] -> 0x2301
[1305] [M]: 0x000000008000254C (0x23013503) ld x10, 0x230(x2)                       common_Mhandler+12
mem[R,0x0000000080005230] -> 0x0000000080002554
x10 <- 0x0000000080002554

clint mtime 0x000000000000028D (mip.MTI <- 0b1, mip.STI <- 0b0)
mem[X,0x0000000080002550] -> 0x0067
mem[X,0x0000000080002552] -> 0x0005
[1306] [M]: 0x0000000080002550 (0x00050067) jalr x0, 0x0(x10)                       common_Mhandler+16

mem[X,0x0000000080002554] -> 0x3C23
mem[X,0x0000000080002556] -> 0x2691
[1307] [M]: 0x0000000080002554 (0x26913C23) sd x9, 0x278(x2)                        common_Mentry+0
mem[W,0x0000000080005278] <- 0x000003000000013C

clint mtime 0x000000000000028E (mip.MTI <- 0b1, mip.STI <- 0b0)
mem[X,0x0000000080002558] -> 0x3823
mem[X,0x000000008000255A] -> 0x2681
[1308] [M]: 0x0000000080002558 (0x26813823) sd x8, 0x270(x2)                        common_Mentry+4
mem[W,0x0000000080005270] <- 0x0000000000007F76

mem[X,0x000000008000255C] -> 0x3423
mem[X,0x000000008000255E] -> 0x2671
[1309] [M]: 0x000000008000255C (0x26713423) sd x7, 0x268(x2)                        common_Mentry+8
mem[W,0x0000000080005268] <- 0x0000000080005000

clint mtime 0x000000000000028F (mip.MTI <- 0b1, mip.STI <- 0b0)
mem[X,0x0000000080002560] -> 0x3023
mem[X,0x0000000080002562] -> 0x2661
[1310] [M]: 0x0000000080002560 (0x26613023) sd x6, 0x260(x2)                        common_Mentry+12
mem[W,0x0000000080005260] <- 0xFFFFFFFF7FFFF1CC

mem[X,0x0000000080002564] -> 0x2573
mem[X,0x0000000080002566] -> 0x3420
[1311] [M]: 0x0000000080002564 (0x34202573) csrrs x10, mcause, x0                   spcl_M2mmode_test+0
CSR mcause (0x342) -> 0x0000000000000008
x10 <- 0x0000000000000008

clint mtime 0x0000000000000290 (mip.MTI <- 0b1, mip.STI <- 0b0)
mem[X,0x0000000080002568] -> 0x04B7
mem[X,0x000000008000256A] -> 0x8000
[1312] [M]: 0x0000000080002568 (0x800004B7) lui x9, -0x80000                        spcl_M2mmode_test+4
x9 <- 0xFFFFFFFF80000000

mem[X,0x000000008000256C] -> 0x8493
mem[X,0x000000008000256E] -> 0x0004
[1313] [M]: 0x000000008000256C (0x00048493) addi x9, x9, 0x0                        spcl_M2mmode_test+8
x9 <- 0xFFFFFFFF80000000

clint mtime 0x0000000000000291 (mip.MTI <- 0b1, mip.STI <- 0b0)
mem[X,0x0000000080002570] -> 0x9493
mem[X,0x0000000080002572] -> 0x00B4
[1314] [M]: 0x0000000080002570 (0x00B49493) slli x9, x9, 0xb                        spcl_M2mmode_test+12
x9 <- 0xFFFFFC0000000000

mem[X,0x0000000080002574] -> 0x8493
mem[X,0x0000000080002576] -> 0x0004
[1315] [M]: 0x0000000080002574 (0x00048493) addi x9, x9, 0x0                        spcl_M2mmode_test+16
x9 <- 0xFFFFFC0000000000

clint mtime 0x0000000000000292 (mip.MTI <- 0b1, mip.STI <- 0b0)
mem[X,0x0000000080002578] -> 0x9493
mem[X,0x000000008000257A] -> 0x00B4
[1316] [M]: 0x0000000080002578 (0x00B49493) slli x9, x9, 0xb                        spcl_M2mmode_test+20
x9 <- 0xFFE0000000000000

mem[X,0x000000008000257C] -> 0x8493
mem[X,0x000000008000257E] -> 0x0034
[1317] [M]: 0x000000008000257C (0x00348493) addi x9, x9, 0x3                        spcl_M2mmode_test+24
x9 <- 0xFFE0000000000003

clint mtime 0x0000000000000293 (mip.MTI <- 0b1, mip.STI <- 0b0)
mem[X,0x0000000080002580] -> 0x9493
mem[X,0x0000000080002582] -> 0x00A4
[1318] [M]: 0x0000000080002580 (0x00A49493) slli x9, x9, 0xa                        spcl_M2mmode_test+28
x9 <- 0x8000000000000C00

mem[X,0x0000000080002584] -> 0x8493
mem[X,0x0000000080002586] -> 0x3FC4
[1319] [M]: 0x0000000080002584 (0x3FC48493) addi x9, x9, 0x3fc                      spcl_M2mmode_test+32
x9 <- 0x8000000000000FFC

clint mtime 0x0000000000000294 (mip.MTI <- 0b1, mip.STI <- 0b0)
mem[X,0x0000000080002588] -> 0xF4B3
mem[X,0x000000008000258A] -> 0x00A4
[1320] [M]: 0x0000000080002588 (0x00A4F4B3) and x9, x9, x10                         spcl_M2mmode_test+36
x9 <- 0x0000000000000008

mem[X,0x000000008000258C] -> 0x8493
mem[X,0x000000008000258E] -> 0xFF84
[1321] [M]: 0x000000008000258C (0xFF848493) addi x9, x9, -0x8                       spcl_M2mmode_test+40
x9 <- 0x0000000000000000

clint mtime 0x0000000000000295 (mip.MTI <- 0b1, mip.STI <- 0b0)
mem[X,0x0000000080002590] -> 0x9663
mem[X,0x0000000080002592] -> 0x0004
[1322] [M]: 0x0000000080002590 (0x00049663) bne x9, x0, 0xc                         spcl_M2mmode_test+44

mem[X,0x0000000080002594] -> 0x3383
mem[X,0x0000000080002596] -> 0x2901
[1323] [M]: 0x0000000080002594 (0x29013383) ld x7, 0x290(x2)                        spcl_M2mmode_test+48
mem[R,0x0000000080005290] -> 0x0000000000000000
x7 <- 0x0000000000000000

clint mtime 0x0000000000000296 (mip.MTI <- 0b1, mip.STI <- 0b0)
mem[X,0x0000000080002598] -> 0x8663
mem[X,0x000000008000259A] -> 0x6E03
[1324] [M]: 0x0000000080002598 (0x6E038663) beq x7, x0, 0x6ec                       spcl_M2mmode_test+52

mem[X,0x0000000080002C84] -> 0x0493
mem[X,0x0000000080002C86] -> 0xFF55
[1325] [M]: 0x0000000080002C84 (0xFF550493) addi x9, x10, -0xb                      rtn2mmode+0
x9 <- 0xFFFFFFFFFFFFFFFD

clint mtime 0x0000000000000297 (mip.MTI <- 0b1, mip.STI <- 0b0)
mem[X,0x0000000080002C88] -> 0x8C63
mem[X,0x0000000080002C8A] -> 0x0004
[1326] [M]: 0x0000000080002C88 (0x00048C63) beq x9, x0, 0x18                        rtn2mmode+4

mem[X,0x0000000080002C8C] -> 0x3583
mem[X,0x0000000080002C8E] -> 0x4701
[1327] [M]: 0x0000000080002C8C (0x47013583) ld x11, 0x470(x2)                       rtn2mmode+8
mem[R,0x0000000080005470] -> 0x00000300800007BC
x11 <- 0x00000300800007BC

clint mtime 0x0000000000000298 (mip.MTI <- 0b1, mip.STI <- 0b0)
mem[X,0x0000000080002C90] -> 0xD463
mem[X,0x0000000080002C92] -> 0x0003
[1328] [M]: 0x0000000080002C90 (0x0003D463) bge x7, x0, 0x8                         rtn2mmode+12

mem[X,0x0000000080002C98] -> 0x3483
mem[X,0x0000000080002C9A] -> 0x1D81
[1329] [M]: 0x0000000080002C98 (0x1D813483) ld x9, 0x1d8(x2)                        from_u_s+0
mem[R,0x00000000800051D8] -> 0x00000000800007D4
x9 <- 0x00000000800007D4

clint mtime 0x0000000000000299 (mip.MTI <- 0b1, mip.STI <- 0b0)
mem[X,0x0000000080002C9C] -> 0x84B3
mem[X,0x0000000080002C9E] -> 0x40B4
[1330] [M]: 0x0000000080002C9C (0x40B484B3) sub x9, x9, x11                         from_u_s+4
x9 <- 0xFFFFFD0000000018

mem[X,0x0000000080002CA0] -> 0x23F3
mem[X,0x0000000080002CA2] -> 0x3410
[1331] [M]: 0x0000000080002CA0 (0x341023F3) csrrs x7, mepc, x0                      rtn_fm_mmode+0
CSR mepc (0x341) -> 0x0000030080000FFC
x7 <- 0x0000030080000FFC

clint mtime 0x000000000000029A (mip.MTI <- 0b1, mip.STI <- 0b0)
mem[X,0x0000000080002CA4] -> 0x83B3
mem[X,0x0000000080002CA6] -> 0x0093
[1332] [M]: 0x0000000080002CA4 (0x009383B3) add x7, x7, x9                          rtn_fm_mmode+4
x7 <- 0x0000000080001014

mem[X,0x0000000080002CA8] -> 0x3303
mem[X,0x0000000080002CAA] -> 0x2601
[1333] [M]: 0x0000000080002CA8 (0x26013303) ld x6, 0x260(x2)                        rtn_fm_mmode+8
mem[R,0x0000000080005260] -> 0xFFFFFFFF7FFFF1CC
x6 <- 0xFFFFFFFF7FFFF1CC

clint mtime 0x000000000000029B (mip.MTI <- 0b1, mip.STI <- 0b0)
mem[X,0x0000000080002CAC] -> 0x3403
mem[X,0x0000000080002CAE] -> 0x2701
[1334] [M]: 0x0000000080002CAC (0x27013403) ld x8, 0x270(x2)                        rtn_fm_mmode+12
mem[R,0x0000000080005270] -> 0x0000000000007F76
x8 <- 0x0000000000007F76

mem[X,0x0000000080002CB0] -> 0x3483
mem[X,0x0000000080002CB2] -> 0x2781
[1335] [M]: 0x0000000080002CB0 (0x27813483) ld x9, 0x278(x2)                        rtn_fm_mmode+16
mem[R,0x0000000080005278] -> 0x000003000000013C
x9 <- 0x000003000000013C

clint mtime 0x000000000000029C (mip.MTI <- 0b1, mip.STI <- 0b0)
mem[X,0x0000000080002CB4] -> 0x3503
mem[X,0x0000000080002CB6] -> 0x2801
[1336] [M]: 0x0000000080002CB4 (0x28013503) ld x10, 0x280(x2)                       rtn_fm_mmode+20
mem[R,0x0000000080005280] -> 0x00000000200001DF
x10 <- 0x00000000200001DF

mem[X,0x0000000080002CB8] -> 0x3583
mem[X,0x0000000080002CBA] -> 0x2881
[1337] [M]: 0x0000000080002CB8 (0x28813583) ld x11, 0x288(x2)                       rtn_fm_mmode+24
mem[R,0x0000000080005288] -> 0x00000000000001DF
x11 <- 0x00000000000001DF

clint mtime 0x000000000000029D (mip.MTI <- 0b1, mip.STI <- 0b0)
mem[X,0x0000000080002CBC] -> 0x3103
mem[X,0x0000000080002CBE] -> 0x2901
[1338] [M]: 0x0000000080002CBC (0x29013103) ld x2, 0x290(x2)                        rtn_fm_mmode+28
mem[R,0x0000000080005290] -> 0x0000000000000000
x2 <- 0x0000000000000000

mem[X,0x0000000080002CC0] -> 0x8067
mem[X,0x0000000080002CC2] -> 0x0043
[1339] [M]: 0x0000000080002CC0 (0x00438067) jalr x0, 0x4(x7)                        rtn_fm_mmode+32

clint mtime 0x000000000000029E (mip.MTI <- 0b1, mip.STI <- 0b0)
mem[X,0x0000000080001018] -> 0x0013
mem[X,0x000000008000101A] -> 0x0000
[1340] [M]: 0x0000000080001018 (0x00000013) addi x0, x0, 0x0                        main+2072

mem[X,0x000000008000101C] -> 0x0013
mem[X,0x000000008000101E] -> 0x0000
[1341] [M]: 0x000000008000101C (0x00000013) addi x0, x0, 0x0                        main+2076

clint mtime 0x000000000000029F (mip.MTI <- 0b1, mip.STI <- 0b0)
mem[X,0x0000000080001020] -> 0x7517
mem[X,0x0000000080001022] -> 0x0000
[1342] [M]: 0x0000000080001020 (0x00007517) auipc x10, 0x7                          main+2080
x10 <- 0x0000000080008020

mem[X,0x0000000080001024] -> 0x0513
mem[X,0x0000000080001026] -> 0xFE05
[1343] [M]: 0x0000000080001024 (0xFE050513) addi x10, x10, -0x20                    main+2084
x10 <- 0x0000000080008000

clint mtime 0x00000000000002A0 (mip.MTI <- 0b1, mip.STI <- 0b0)
mem[X,0x0000000080001028] -> 0x0001
[1344] [M]: 0x0000000080001028 (0x0001) c.nop                                       main+2088

mem[X,0x000000008000102A] -> 0x0013
mem[X,0x000000008000102C] -> 0x0000
[1345] [M]: 0x000000008000102A (0x00000013) addi x0, x0, 0x0                        main+2090

clint mtime 0x00000000000002A1 (mip.MTI <- 0b1, mip.STI <- 0b0)
mem[X,0x000000008000102E] -> 0x0013
mem[X,0x0000000080001030] -> 0x0000
[1346] [M]: 0x000000008000102E (0x00000013) addi x0, x0, 0x0                        main+2094

mem[X,0x0000000080001032] -> 0x0013
mem[X,0x0000000080001034] -> 0x0000
[1347] [M]: 0x0000000080001032 (0x00000013) addi x0, x0, 0x0                        main+2098

clint mtime 0x00000000000002A2 (mip.MTI <- 0b1, mip.STI <- 0b0)
mem[X,0x0000000080001036] -> 0x0013
mem[X,0x0000000080001038] -> 0x0000
[1348] [M]: 0x0000000080001036 (0x00000013) addi x0, x0, 0x0                        main+2102

mem[X,0x000000008000103A] -> 0x0013
mem[X,0x000000008000103C] -> 0x0000
[1349] [M]: 0x000000008000103A (0x00000013) addi x0, x0, 0x0                        main+2106

clint mtime 0x00000000000002A3 (mip.MTI <- 0b1, mip.STI <- 0b0)
mem[X,0x000000008000103E] -> 0x0001
[1350] [M]: 0x000000008000103E (0x0001) c.nop                                       main+2110

mem[X,0x0000000080001040] -> 0x0593
mem[X,0x0000000080001042] -> 0x0010
[1351] [M]: 0x0000000080001040 (0x00100593) addi x11, x0, 0x1                       main+2112
x11 <- 0x0000000000000001

clint mtime 0x00000000000002A4 (mip.MTI <- 0b1, mip.STI <- 0b0)
mem[X,0x0000000080001044] -> 0x5513
mem[X,0x0000000080001046] -> 0x00C5
[1352] [M]: 0x0000000080001044 (0x00C55513) srli x10, x10, 0xc                      main+2116
x10 <- 0x0000000000080008

mem[X,0x0000000080001048] -> 0x1513
mem[X,0x000000008000104A] -> 0x00A5
[1353] [M]: 0x0000000080001048 (0x00A51513) slli x10, x10, 0xa                      main+2120
x10 <- 0x0000000020002000

clint mtime 0x00000000000002A5 (mip.MTI <- 0b1, mip.STI <- 0b0)
mem[X,0x000000008000104C] -> 0x6533
mem[X,0x000000008000104E] -> 0x00B5
[1354] [M]: 0x000000008000104C (0x00B56533) or x10, x10, x11                        main+2124
x10 <- 0x0000000020002001

mem[X,0x0000000080001050] -> 0x0013
mem[X,0x0000000080001052] -> 0x0000
[1355] [M]: 0x0000000080001050 (0x00000013) addi x0, x0, 0x0                        main+2128

clint mtime 0x00000000000002A6 (mip.MTI <- 0b1, mip.STI <- 0b0)
mem[X,0x0000000080001054] -> 0x0013
mem[X,0x0000000080001056] -> 0x0000
[1356] [M]: 0x0000000080001054 (0x00000013) addi x0, x0, 0x0                        main+2132

mem[X,0x0000000080001058] -> 0x0013
mem[X,0x000000008000105A] -> 0x0000
[1357] [M]: 0x0000000080001058 (0x00000013) addi x0, x0, 0x0                        main+2136

clint mtime 0x00000000000002A7 (mip.MTI <- 0b1, mip.STI <- 0b0)
mem[X,0x000000008000105C] -> 0x0013
mem[X,0x000000008000105E] -> 0x0000
[1358] [M]: 0x000000008000105C (0x00000013) addi x0, x0, 0x0                        main+2140

mem[X,0x0000000080001060] -> 0x8317
mem[X,0x0000000080001062] -> 0x0000
[1359] [M]: 0x0000000080001060 (0x00008317) auipc x6, 0x8                           main+2144
x6 <- 0x0000000080009060

clint mtime 0x00000000000002A8 (mip.MTI <- 0b1, mip.STI <- 0b0)
mem[X,0x0000000080001064] -> 0x0313
mem[X,0x0000000080001066] -> 0xFA03
[1360] [M]: 0x0000000080001064 (0xFA030313) addi x6, x6, -0x60                      main+2148
x6 <- 0x0000000080009000

mem[X,0x0000000080001068] -> 0x0001
[1361] [M]: 0x0000000080001068 (0x0001) c.nop                                       main+2152

clint mtime 0x00000000000002A9 (mip.MTI <- 0b1, mip.STI <- 0b0)
mem[X,0x000000008000106A] -> 0x0013
mem[X,0x000000008000106C] -> 0x0000
[1362] [M]: 0x000000008000106A (0x00000013) addi x0, x0, 0x0                        main+2154

mem[X,0x000000008000106E] -> 0x0013
mem[X,0x0000000080001070] -> 0x0000
[1363] [M]: 0x000000008000106E (0x00000013) addi x0, x0, 0x0                        main+2158

clint mtime 0x00000000000002AA (mip.MTI <- 0b1, mip.STI <- 0b0)
mem[X,0x0000000080001072] -> 0x0013
mem[X,0x0000000080001074] -> 0x0000
[1364] [M]: 0x0000000080001072 (0x00000013) addi x0, x0, 0x0                        main+2162

mem[X,0x0000000080001076] -> 0x0013
mem[X,0x0000000080001078] -> 0x0000
[1365] [M]: 0x0000000080001076 (0x00000013) addi x0, x0, 0x0                        main+2166

clint mtime 0x00000000000002AB (mip.MTI <- 0b1, mip.STI <- 0b0)
mem[X,0x000000008000107A] -> 0x0013
mem[X,0x000000008000107C] -> 0x0000
[1366] [M]: 0x000000008000107A (0x00000013) addi x0, x0, 0x0                        main+2170

mem[X,0x000000008000107E] -> 0x0001
[1367] [M]: 0x000000008000107E (0x0001) c.nop                                       main+2174

clint mtime 0x00000000000002AC (mip.MTI <- 0b1, mip.STI <- 0b0)
mem[X,0x0000000080001080] -> 0x0293
mem[X,0x0000000080001082] -> 0x0280
[1368] [M]: 0x0000000080001080 (0x02800293) addi x5, x0, 0x28                       main+2176
x5 <- 0x0000000000000028

mem[X,0x0000000080001084] -> 0x0333
mem[X,0x0000000080001086] -> 0x0053
[1369] [M]: 0x0000000080001084 (0x00530333) add x6, x6, x5                          main+2180
x6 <- 0x0000000080009028

clint mtime 0x00000000000002AD (mip.MTI <- 0b1, mip.STI <- 0b0)
mem[X,0x0000000080001088] -> 0x3023
mem[X,0x000000008000108A] -> 0x00A3
[1370] [M]: 0x0000000080001088 (0x00A33023) sd x10, 0x0(x6)                         main+2184
mem[W,0x0000000080009028] <- 0x0000000020002001

mem[X,0x000000008000108C] -> 0x0013
mem[X,0x000000008000108E] -> 0x0000
[1371] [M]: 0x000000008000108C (0x00000013) addi x0, x0, 0x0                        main+2188

clint mtime 0x00000000000002AE (mip.MTI <- 0b1, mip.STI <- 0b0)
mem[X,0x0000000080001090] -> 0x0013
mem[X,0x0000000080001092] -> 0x0000
[1372] [M]: 0x0000000080001090 (0x00000013) addi x0, x0, 0x0                        main+2192

mem[X,0x0000000080001094] -> 0x0013
mem[X,0x0000000080001096] -> 0x0000
[1373] [M]: 0x0000000080001094 (0x00000013) addi x0, x0, 0x0                        main+2196

clint mtime 0x00000000000002AF (mip.MTI <- 0b1, mip.STI <- 0b0)
mem[X,0x0000000080001098] -> 0x0013
mem[X,0x000000008000109A] -> 0x0000
[1374] [M]: 0x0000000080001098 (0x00000013) addi x0, x0, 0x0                        main+2200

mem[X,0x000000008000109C] -> 0x0013
mem[X,0x000000008000109E] -> 0x0000
[1375] [M]: 0x000000008000109C (0x00000013) addi x0, x0, 0x0                        main+2204

clint mtime 0x00000000000002B0 (mip.MTI <- 0b1, mip.STI <- 0b0)
mem[X,0x00000000800010A0] -> 0xF517
mem[X,0x00000000800010A2] -> 0xFFFF
[1376] [M]: 0x00000000800010A0 (0xFFFFF517) auipc x10, -0x1                         main+2208
x10 <- 0x00000000800000A0

mem[X,0x00000000800010A4] -> 0x0513
mem[X,0x00000000800010A6] -> 0x3605
[1377] [M]: 0x00000000800010A4 (0x36050513) addi x10, x10, 0x360                    main+2212
x10 <- 0x0000000080000400

clint mtime 0x00000000000002B1 (mip.MTI <- 0b1, mip.STI <- 0b0)
mem[X,0x00000000800010A8] -> 0x0001
[1378] [M]: 0x00000000800010A8 (0x0001) c.nop                                       main+2216

mem[X,0x00000000800010AA] -> 0x0013
mem[X,0x00000000800010AC] -> 0x0000
[1379] [M]: 0x00000000800010AA (0x00000013) addi x0, x0, 0x0                        main+2218

clint mtime 0x00000000000002B2 (mip.MTI <- 0b1, mip.STI <- 0b0)
mem[X,0x00000000800010AE] -> 0x0013
mem[X,0x00000000800010B0] -> 0x0000
[1380] [M]: 0x00000000800010AE (0x00000013) addi x0, x0, 0x0                        main+2222

mem[X,0x00000000800010B2] -> 0x0013
mem[X,0x00000000800010B4] -> 0x0000
[1381] [M]: 0x00000000800010B2 (0x00000013) addi x0, x0, 0x0                        main+2226

clint mtime 0x00000000000002B3 (mip.MTI <- 0b1, mip.STI <- 0b0)
mem[X,0x00000000800010B6] -> 0x0013
mem[X,0x00000000800010B8] -> 0x0000
[1382] [M]: 0x00000000800010B6 (0x00000013) addi x0, x0, 0x0                        main+2230

mem[X,0x00000000800010BA] -> 0x0013
mem[X,0x00000000800010BC] -> 0x0000
[1383] [M]: 0x00000000800010BA (0x00000013) addi x0, x0, 0x0                        main+2234

clint mtime 0x00000000000002B4 (mip.MTI <- 0b1, mip.STI <- 0b0)
mem[X,0x00000000800010BE] -> 0x0001
[1384] [M]: 0x00000000800010BE (0x0001) c.nop                                       main+2238

mem[X,0x00000000800010C0] -> 0x0593
mem[X,0x00000000800010C2] -> 0x2DF0
[1385] [M]: 0x00000000800010C0 (0x2DF00593) addi x11, x0, 0x2df                     main+2240
x11 <- 0x00000000000002DF

clint mtime 0x00000000000002B5 (mip.MTI <- 0b1, mip.STI <- 0b0)
mem[X,0x00000000800010C4] -> 0x5513
mem[X,0x00000000800010C6] -> 0x00C5
[1386] [M]: 0x00000000800010C4 (0x00C55513) srli x10, x10, 0xc                      main+2244
x10 <- 0x0000000000080000

mem[X,0x00000000800010C8] -> 0x1513
mem[X,0x00000000800010CA] -> 0x00A5
[1387] [M]: 0x00000000800010C8 (0x00A51513) slli x10, x10, 0xa                      main+2248
x10 <- 0x0000000020000000

clint mtime 0x00000000000002B6 (mip.MTI <- 0b1, mip.STI <- 0b0)
mem[X,0x00000000800010CC] -> 0x6533
mem[X,0x00000000800010CE] -> 0x00B5
[1388] [M]: 0x00000000800010CC (0x00B56533) or x10, x10, x11                        main+2252
x10 <- 0x00000000200002DF

mem[X,0x00000000800010D0] -> 0x0013
mem[X,0x00000000800010D2] -> 0x0000
[1389] [M]: 0x00000000800010D0 (0x00000013) addi x0, x0, 0x0                        main+2256

clint mtime 0x00000000000002B7 (mip.MTI <- 0b1, mip.STI <- 0b0)
mem[X,0x00000000800010D4] -> 0x0013
mem[X,0x00000000800010D6] -> 0x0000
[1390] [M]: 0x00000000800010D4 (0x00000013) addi x0, x0, 0x0                        main+2260

mem[X,0x00000000800010D8] -> 0x0013
mem[X,0x00000000800010DA] -> 0x0000
[1391] [M]: 0x00000000800010D8 (0x00000013) addi x0, x0, 0x0                        main+2264

clint mtime 0x00000000000002B8 (mip.MTI <- 0b1, mip.STI <- 0b0)
mem[X,0x00000000800010DC] -> 0x0013
mem[X,0x00000000800010DE] -> 0x0000
[1392] [M]: 0x00000000800010DC (0x00000013) addi x0, x0, 0x0                        main+2268

mem[X,0x00000000800010E0] -> 0x7317
mem[X,0x00000000800010E2] -> 0x0000
[1393] [M]: 0x00000000800010E0 (0x00007317) auipc x6, 0x7                           main+2272
x6 <- 0x00000000800080E0

clint mtime 0x00000000000002B9 (mip.MTI <- 0b1, mip.STI <- 0b0)
mem[X,0x00000000800010E4] -> 0x0313
mem[X,0x00000000800010E6] -> 0xF203
[1394] [M]: 0x00000000800010E4 (0xF2030313) addi x6, x6, -0xe0                      main+2276
x6 <- 0x0000000080008000

mem[X,0x00000000800010E8] -> 0x0001
[1395] [M]: 0x00000000800010E8 (0x0001) c.nop                                       main+2280

clint mtime 0x00000000000002BA (mip.MTI <- 0b1, mip.STI <- 0b0)
mem[X,0x00000000800010EA] -> 0x0013
mem[X,0x00000000800010EC] -> 0x0000
[1396] [M]: 0x00000000800010EA (0x00000013) addi x0, x0, 0x0                        main+2282

mem[X,0x00000000800010EE] -> 0x0013
mem[X,0x00000000800010F0] -> 0x0000
[1397] [M]: 0x00000000800010EE (0x00000013) addi x0, x0, 0x0                        main+2286

clint mtime 0x00000000000002BB (mip.MTI <- 0b1, mip.STI <- 0b0)
mem[X,0x00000000800010F2] -> 0x0013
mem[X,0x00000000800010F4] -> 0x0000
[1398] [M]: 0x00000000800010F2 (0x00000013) addi x0, x0, 0x0                        main+2290

mem[X,0x00000000800010F6] -> 0x0013
mem[X,0x00000000800010F8] -> 0x0000
[1399] [M]: 0x00000000800010F6 (0x00000013) addi x0, x0, 0x0                        main+2294

clint mtime 0x00000000000002BC (mip.MTI <- 0b1, mip.STI <- 0b0)
mem[X,0x00000000800010FA] -> 0x0013
mem[X,0x00000000800010FC] -> 0x0000
[1400] [M]: 0x00000000800010FA (0x00000013) addi x0, x0, 0x0                        main+2298

mem[X,0x00000000800010FE] -> 0x0001
[1401] [M]: 0x00000000800010FE (0x0001) c.nop                                       main+2302

clint mtime 0x00000000000002BD (mip.MTI <- 0b1, mip.STI <- 0b0)
mem[X,0x0000000080001100] -> 0x0293
mem[X,0x0000000080001102] -> 0x0000
[1402] [M]: 0x0000000080001100 (0x00000293) addi x5, x0, 0x0                        main+2304
x5 <- 0x0000000000000000

mem[X,0x0000000080001104] -> 0x0333
mem[X,0x0000000080001106] -> 0x0053
[1403] [M]: 0x0000000080001104 (0x00530333) add x6, x6, x5                          main+2308
x6 <- 0x0000000080008000

clint mtime 0x00000000000002BE (mip.MTI <- 0b1, mip.STI <- 0b0)
mem[X,0x0000000080001108] -> 0x3023
mem[X,0x000000008000110A] -> 0x00A3
[1404] [M]: 0x0000000080001108 (0x00A33023) sd x10, 0x0(x6)                         main+2312
mem[W,0x0000000080008000] <- 0x00000000200002DF

mem[X,0x000000008000110C] -> 0x0073
mem[X,0x000000008000110E] -> 0x1200
[1405] [M]: 0x000000008000110C (0x12000073) sfence.vma x0, x0                       main+2316

clint mtime 0x00000000000002BF (mip.MTI <- 0b1, mip.STI <- 0b0)
mem[X,0x0000000080001110] -> 0x0493
mem[X,0x0000000080001112] -> 0x0010
[1406] [M]: 0x0000000080001110 (0x00100493) addi x9, x0, 0x1                        main+2320
x9 <- 0x0000000000000001

mem[X,0x0000000080001114] -> 0x9493
mem[X,0x0000000080001116] -> 0x00B4
[1407] [M]: 0x0000000080001114 (0x00B49493) slli x9, x9, 0xb                        main+2324
x9 <- 0x0000000000000800

clint mtime 0x00000000000002C0 (mip.MTI <- 0b1, mip.STI <- 0b0)
mem[X,0x0000000080001118] -> 0xB073
mem[X,0x000000008000111A] -> 0x3004
[1408] [M]: 0x0000000080001118 (0x3004B073) csrrc x0, mstatus, x9                   main+2328
CSR mstatus (0x300) <- 0x0000000A00000000

mem[X,0x000000008000111C] -> 0x23F3
mem[X,0x000000008000111E] -> 0x3400
[1409] [M]: 0x000000008000111C (0x340023F3) csrrs x7, mscratch, x0                  main+2332
CSR mscratch (0x340) -> 0x0000000080005000
x7 <- 0x0000000080005000

clint mtime 0x00000000000002C1 (mip.MTI <- 0b1, mip.STI <- 0b0)
mem[X,0x0000000080001120] -> 0xB303
mem[X,0x0000000080001122] -> 0x4703
[1410] [M]: 0x0000000080001120 (0x4703B303) ld x6, 0x470(x7)                        main+2336
mem[R,0x0000000080005470] -> 0x00000300800007BC
x6 <- 0x00000300800007BC

mem[X,0x0000000080001124] -> 0xB483
mem[X,0x0000000080001126] -> 0x1D83
[1411] [M]: 0x0000000080001124 (0x1D83B483) ld x9, 0x1d8(x7)                        main+2340
mem[R,0x00000000800051D8] -> 0x00000000800007D4
x9 <- 0x00000000800007D4

clint mtime 0x00000000000002C2 (mip.MTI <- 0b1, mip.STI <- 0b0)
mem[X,0x0000000080001128] -> 0x0333
mem[X,0x000000008000112A] -> 0x4093
[1412] [M]: 0x0000000080001128 (0x40930333) sub x6, x6, x9                          main+2344
x6 <- 0x000002FFFFFFFFE8

mem[X,0x000000008000112C] -> 0x0313
mem[X,0x000000008000112E] -> 0x0103
[1413] [M]: 0x000000008000112C (0x01030313) addi x6, x6, 0x10                       main+2348
x6 <- 0x000002FFFFFFFFF8

clint mtime 0x00000000000002C3 (mip.MTI <- 0b1, mip.STI <- 0b0)
mem[X,0x0000000080001130] -> 0x0497
mem[X,0x0000000080001132] -> 0x0000
[1414] [M]: 0x0000000080001130 (0x00000497) auipc x9, 0x0                           main+2352
x9 <- 0x0000000080001130

mem[X,0x0000000080001134] -> 0x84B3
mem[X,0x0000000080001136] -> 0x0064
[1415] [M]: 0x0000000080001134 (0x006484B3) add x9, x9, x6                          main+2356
x9 <- 0x0000030080001128

clint mtime 0x00000000000002C4 (mip.MTI <- 0b1, mip.STI <- 0b0)
mem[X,0x0000000080001138] -> 0x94F3
mem[X,0x000000008000113A] -> 0x3414
[1416] [M]: 0x0000000080001138 (0x341494F3) csrrw x9, mepc, x9                      main+2360
CSR mepc (0x341) <- 0x0000030080001128
x9 <- 0x0000030080000FFC

mem[X,0x000000008000113C] -> 0x0073
mem[X,0x000000008000113E] -> 0x3020
[1417] [M]: 0x000000008000113C (0x30200073) mret                                    main+2364
CSR mstatus (0x300) <- 0x0000000A00000080
ret-ing from M to U

clint mtime 0x00000000000002C5 (mip.MTI <- 0b1, mip.STI <- 0b0)
PTW: Start, vpn=0x30080001, access_type=X, privilege=Umem[R,0x0000000080009030] -> 0x00000000000000DB
PTW: Step, level=3, pte=0xDB, pte_addr=0x80009030
PTW: Success, final_ppn=0x80001, level=3mem[X,0x0000000080001128] -> 0x0333
PTW: Start, vpn=0x30080001, access_type=X, privilege=Umem[R,0x0000000080009030] -> 0x00000000000000DB
PTW: Step, level=3, pte=0xDB, pte_addr=0x80009030
PTW: Success, final_ppn=0x80001, level=3mem[X,0x000000008000112A] -> 0x4093
[1418] [U]: 0x0000030080001128 (0x40930333) sub x6, x6, x9                          va_rvtest_code_begin+2412
x6 <- 0xFFFFFFFF7FFFEFFC

PTW: Start, vpn=0x30080001, access_type=X, privilege=Umem[R,0x0000000080009030] -> 0x00000000000000DB
PTW: Step, level=3, pte=0xDB, pte_addr=0x80009030
PTW: Success, final_ppn=0x80001, level=3mem[X,0x000000008000112C] -> 0x0313
PTW: Start, vpn=0x30080001, access_type=X, privilege=Umem[R,0x0000000080009030] -> 0x00000000000000DB
PTW: Step, level=3, pte=0xDB, pte_addr=0x80009030
PTW: Success, final_ppn=0x80001, level=3mem[X,0x000000008000112E] -> 0x0103
[1419] [U]: 0x000003008000112C (0x01030313) addi x6, x6, 0x10                       va_rvtest_code_begin+2416
x6 <- 0xFFFFFFFF7FFFF00C

clint mtime 0x00000000000002C6 (mip.MTI <- 0b1, mip.STI <- 0b0)
PTW: Start, vpn=0x30080001, access_type=X, privilege=Umem[R,0x0000000080009030] -> 0x00000000000000DB
PTW: Step, level=3, pte=0xDB, pte_addr=0x80009030
PTW: Success, final_ppn=0x80001, level=3mem[X,0x0000000080001130] -> 0x0497
PTW: Start, vpn=0x30080001, access_type=X, privilege=Umem[R,0x0000000080009030] -> 0x00000000000000DB
PTW: Step, level=3, pte=0xDB, pte_addr=0x80009030
PTW: Success, final_ppn=0x80001, level=3mem[X,0x0000000080001132] -> 0x0000
[1420] [U]: 0x0000030080001130 (0x00000497) auipc x9, 0x0                           va_rvtest_code_begin+2420
x9 <- 0x0000030080001130

PTW: Start, vpn=0x30080001, access_type=X, privilege=Umem[R,0x0000000080009030] -> 0x00000000000000DB
PTW: Step, level=3, pte=0xDB, pte_addr=0x80009030
PTW: Success, final_ppn=0x80001, level=3mem[X,0x0000000080001134] -> 0x84B3
PTW: Start, vpn=0x30080001, access_type=X, privilege=Umem[R,0x0000000080009030] -> 0x00000000000000DB
PTW: Step, level=3, pte=0xDB, pte_addr=0x80009030
PTW: Success, final_ppn=0x80001, level=3mem[X,0x0000000080001136] -> 0x0064
[1421] [U]: 0x0000030080001134 (0x006484B3) add x9, x9, x6                          va_rvtest_code_begin+2424
x9 <- 0x000003000000013C

clint mtime 0x00000000000002C7 (mip.MTI <- 0b1, mip.STI <- 0b0)
PTW: Start, vpn=0x30080001, access_type=X, privilege=Umem[R,0x0000000080009030] -> 0x00000000000000DB
PTW: Step, level=3, pte=0xDB, pte_addr=0x80009030
PTW: Success, final_ppn=0x80001, level=3mem[X,0x0000000080001138] -> 0x94F3
PTW: Start, vpn=0x30080001, access_type=X, privilege=Umem[R,0x0000000080009030] -> 0x00000000000000DB
PTW: Step, level=3, pte=0xDB, pte_addr=0x80009030
PTW: Success, final_ppn=0x80001, level=3mem[X,0x000000008000113A] -> 0x3414
[1422] [U]: 0x0000030080001138 (0x341494F3) csrrw x9, mepc, x9                      va_rvtest_code_begin+2428
trapping from U to M to handle illegal-instruction
handling exc#illegal-instruction at priv M with tval 0x00000000341494F3
CSR mstatus (0x300) <- 0x0000000A00000000
CSR mcause (0x342) <- 0x0000000000000002
CSR mtval (0x343) <- 0x00000000341494F3
CSR mepc (0x341) <- 0x0000030080001138

mem[X,0x0000000080002380] -> 0x006F
mem[X,0x0000000080002382] -> 0x1000
[1423] [M]: 0x0000000080002380 (0x1000006F) jal x0, 0x100                           Mtrampoline+0

clint mtime 0x00000000000002C8 (mip.MTI <- 0b1, mip.STI <- 0b0)
mem[X,0x0000000080002480] -> 0x1173
mem[X,0x0000000080002482] -> 0x3401
[1424] [M]: 0x0000000080002480 (0x34011173) csrrw x2, mscratch, x2                  trap_Mhandler+0
CSR mscratch (0x340) <- 0x0000000000000000
x2 <- 0x0000000080005000

mem[X,0x0000000080002484] -> 0x3423
mem[X,0x0000000080002486] -> 0x28B1
[1425] [M]: 0x0000000080002484 (0x28B13423) sd x11, 0x288(x2)                       trap_Mhandler+4
mem[W,0x0000000080005288] <- 0x00000000000002DF

clint mtime 0x00000000000002C9 (mip.MTI <- 0b1, mip.STI <- 0b0)
mem[X,0x0000000080002488] -> 0x05EF
mem[X,0x000000008000248A] -> 0x0B80
[1426] [M]: 0x0000000080002488 (0x0B8005EF) jal x11, 0xb8                           trap_Mhandler+8
x11 <- 0x000000008000248C

mem[X,0x0000000080002540] -> 0x3023
mem[X,0x0000000080002542] -> 0x28A1
[1427] [M]: 0x0000000080002540 (0x28A13023) sd x10, 0x280(x2)                       common_Mhandler+0
mem[W,0x0000000080005280] <- 0x00000000200002DF

clint mtime 0x00000000000002CA (mip.MTI <- 0b1, mip.STI <- 0b0)
mem[X,0x0000000080002544] -> 0x1573
mem[X,0x0000000080002546] -> 0x3401
[1428] [M]: 0x0000000080002544 (0x34011573) csrrw x10, mscratch, x2                 common_Mhandler+4
CSR mscratch (0x340) <- 0x0000000080005000
x10 <- 0x0000000000000000

mem[X,0x0000000080002548] -> 0x3823
mem[X,0x000000008000254A] -> 0x28A1
[1429] [M]: 0x0000000080002548 (0x28A13823) sd x10, 0x290(x2)                       common_Mhandler+8
mem[W,0x0000000080005290] <- 0x0000000000000000

clint mtime 0x00000000000002CB (mip.MTI <- 0b1, mip.STI <- 0b0)
mem[X,0x000000008000254C] -> 0x3503
mem[X,0x000000008000254E] -> 0x2301
[1430] [M]: 0x000000008000254C (0x23013503) ld x10, 0x230(x2)                       common_Mhandler+12
mem[R,0x0000000080005230] -> 0x0000000080002554
x10 <- 0x0000000080002554

mem[X,0x0000000080002550] -> 0x0067
mem[X,0x0000000080002552] -> 0x0005
[1431] [M]: 0x0000000080002550 (0x00050067) jalr x0, 0x0(x10)                       common_Mhandler+16

clint mtime 0x00000000000002CC (mip.MTI <- 0b1, mip.STI <- 0b0)
mem[X,0x0000000080002554] -> 0x3C23
mem[X,0x0000000080002556] -> 0x2691
[1432] [M]: 0x0000000080002554 (0x26913C23) sd x9, 0x278(x2)                        common_Mentry+0
mem[W,0x0000000080005278] <- 0x000003000000013C

mem[X,0x0000000080002558] -> 0x3823
mem[X,0x000000008000255A] -> 0x2681
[1433] [M]: 0x0000000080002558 (0x26813823) sd x8, 0x270(x2)                        common_Mentry+4
mem[W,0x0000000080005270] <- 0x0000000000007F76

clint mtime 0x00000000000002CD (mip.MTI <- 0b1, mip.STI <- 0b0)
mem[X,0x000000008000255C] -> 0x3423
mem[X,0x000000008000255E] -> 0x2671
[1434] [M]: 0x000000008000255C (0x26713423) sd x7, 0x268(x2)                        common_Mentry+8
mem[W,0x0000000080005268] <- 0x0000000080005000

mem[X,0x0000000080002560] -> 0x3023
mem[X,0x0000000080002562] -> 0x2661
[1435] [M]: 0x0000000080002560 (0x26613023) sd x6, 0x260(x2)                        common_Mentry+12
mem[W,0x0000000080005260] <- 0xFFFFFFFF7FFFF00C

clint mtime 0x00000000000002CE (mip.MTI <- 0b1, mip.STI <- 0b0)
mem[X,0x0000000080002564] -> 0x2573
mem[X,0x0000000080002566] -> 0x3420
[1436] [M]: 0x0000000080002564 (0x34202573) csrrs x10, mcause, x0                   spcl_M2mmode_test+0
CSR mcause (0x342) -> 0x0000000000000002
x10 <- 0x0000000000000002

mem[X,0x0000000080002568] -> 0x04B7
mem[X,0x000000008000256A] -> 0x8000
[1437] [M]: 0x0000000080002568 (0x800004B7) lui x9, -0x80000                        spcl_M2mmode_test+4
x9 <- 0xFFFFFFFF80000000

clint mtime 0x00000000000002CF (mip.MTI <- 0b1, mip.STI <- 0b0)
mem[X,0x000000008000256C] -> 0x8493
mem[X,0x000000008000256E] -> 0x0004
[1438] [M]: 0x000000008000256C (0x00048493) addi x9, x9, 0x0                        spcl_M2mmode_test+8
x9 <- 0xFFFFFFFF80000000

mem[X,0x0000000080002570] -> 0x9493
mem[X,0x0000000080002572] -> 0x00B4
[1439] [M]: 0x0000000080002570 (0x00B49493) slli x9, x9, 0xb                        spcl_M2mmode_test+12
x9 <- 0xFFFFFC0000000000

clint mtime 0x00000000000002D0 (mip.MTI <- 0b1, mip.STI <- 0b0)
mem[X,0x0000000080002574] -> 0x8493
mem[X,0x0000000080002576] -> 0x0004
[1440] [M]: 0x0000000080002574 (0x00048493) addi x9, x9, 0x0                        spcl_M2mmode_test+16
x9 <- 0xFFFFFC0000000000

mem[X,0x0000000080002578] -> 0x9493
mem[X,0x000000008000257A] -> 0x00B4
[1441] [M]: 0x0000000080002578 (0x00B49493) slli x9, x9, 0xb                        spcl_M2mmode_test+20
x9 <- 0xFFE0000000000000

clint mtime 0x00000000000002D1 (mip.MTI <- 0b1, mip.STI <- 0b0)
mem[X,0x000000008000257C] -> 0x8493
mem[X,0x000000008000257E] -> 0x0034
[1442] [M]: 0x000000008000257C (0x00348493) addi x9, x9, 0x3                        spcl_M2mmode_test+24
x9 <- 0xFFE0000000000003

mem[X,0x0000000080002580] -> 0x9493
mem[X,0x0000000080002582] -> 0x00A4
[1443] [M]: 0x0000000080002580 (0x00A49493) slli x9, x9, 0xa                        spcl_M2mmode_test+28
x9 <- 0x8000000000000C00

clint mtime 0x00000000000002D2 (mip.MTI <- 0b1, mip.STI <- 0b0)
mem[X,0x0000000080002584] -> 0x8493
mem[X,0x0000000080002586] -> 0x3FC4
[1444] [M]: 0x0000000080002584 (0x3FC48493) addi x9, x9, 0x3fc                      spcl_M2mmode_test+32
x9 <- 0x8000000000000FFC

mem[X,0x0000000080002588] -> 0xF4B3
mem[X,0x000000008000258A] -> 0x00A4
[1445] [M]: 0x0000000080002588 (0x00A4F4B3) and x9, x9, x10                         spcl_M2mmode_test+36
x9 <- 0x0000000000000000

clint mtime 0x00000000000002D3 (mip.MTI <- 0b1, mip.STI <- 0b0)
mem[X,0x000000008000258C] -> 0x8493
mem[X,0x000000008000258E] -> 0xFF84
[1446] [M]: 0x000000008000258C (0xFF848493) addi x9, x9, -0x8                       spcl_M2mmode_test+40
x9 <- 0xFFFFFFFFFFFFFFF8

mem[X,0x0000000080002590] -> 0x9663
mem[X,0x0000000080002592] -> 0x0004
[1447] [M]: 0x0000000080002590 (0x00049663) bne x9, x0, 0xc                         spcl_M2mmode_test+44

clint mtime 0x00000000000002D4 (mip.MTI <- 0b1, mip.STI <- 0b0)
mem[X,0x000000008000259C] -> 0x0393
mem[X,0x000000008000259E] -> 0x0200
[1448] [M]: 0x000000008000259C (0x02000393) addi x7, x0, 0x20                       Mtrapsig_ptr_upd+0
x7 <- 0x0000000000000020

mem[X,0x00000000800025A0] -> 0x5263
mem[X,0x00000000800025A2] -> 0x0405
[1449] [M]: 0x00000000800025A0 (0x04055263) bge x10, x0, 0x44                       Mtrapsig_ptr_upd+4

clint mtime 0x00000000000002D5 (mip.MTI <- 0b1, mip.STI <- 0b0)
mem[X,0x00000000800025E4] -> 0x2373
mem[X,0x00000000800025E6] -> 0x3010
[1450] [M]: 0x00000000800025E4 (0x30102373) csrrs x6, misa, x0                      Mxcpt_sig_sv+0
CSR misa (0x301) -> 0x800000000034112F
x6 <- 0x800000000034112F

mem[X,0x00000000800025E8] -> 0x1313
mem[X,0x00000000800025EA] -> 0x0383
[1451] [M]: 0x00000000800025E8 (0x03831313) slli x6, x6, 0x38                       Mxcpt_sig_sv+4
x6 <- 0x2F00000000000000

clint mtime 0x00000000000002D6 (mip.MTI <- 0b1, mip.STI <- 0b0)
mem[X,0x00000000800025EC] -> 0x5463
mem[X,0x00000000800025EE] -> 0x0003
[1452] [M]: 0x00000000800025EC (0x00035463) bge x6, x0, 0x8                         Mxcpt_sig_sv+8

mem[X,0x00000000800025F4] -> 0x3303
mem[X,0x00000000800025F6] -> 0x2181
[1453] [M]: 0x00000000800025F4 (0x21813303) ld x6, 0x218(x2)                        Mtrap_sig_sv+0
mem[R,0x0000000080005218] -> 0x000000008000A598
x6 <- 0x000000008000A598

clint mtime 0x00000000000002D7 (mip.MTI <- 0b1, mip.STI <- 0b0)
mem[X,0x00000000800025F8] -> 0x04B3
mem[X,0x00000000800025FA] -> 0x0073
[1454] [M]: 0x00000000800025F8 (0x007304B3) add x9, x6, x7                          Mtrap_sig_sv+4
x9 <- 0x000000008000A5B8

mem[X,0x00000000800025FC] -> 0x3C23
mem[X,0x00000000800025FE] -> 0x2091
[1455] [M]: 0x00000000800025FC (0x20913C23) sd x9, 0x218(x2)                        Mtrap_sig_sv+8
mem[W,0x0000000080005218] <- 0x000000008000A5B8

clint mtime 0x00000000000002D8 (mip.MTI <- 0b1, mip.STI <- 0b0)
mem[X,0x0000000080002600] -> 0x3403
mem[X,0x0000000080002602] -> 0x1F81
[1456] [M]: 0x0000000080002600 (0x1F813403) ld x8, 0x1f8(x2)                        Mtrap_sig_sv+12
mem[R,0x00000000800051F8] -> 0x000000008000A110
x8 <- 0x000000008000A110

mem[X,0x0000000080002604] -> 0x0333
mem[X,0x0000000080002606] -> 0x4083
[1457] [M]: 0x0000000080002604 (0x40830333) sub x6, x6, x8                          Mtrap_sig_sv+16
x6 <- 0x0000000000000488

clint mtime 0x00000000000002D9 (mip.MTI <- 0b1, mip.STI <- 0b0)
mem[X,0x0000000080002608] -> 0x3403
mem[X,0x000000008000260A] -> 0x1F81
[1458] [M]: 0x0000000080002608 (0x1F813403) ld x8, 0x1f8(x2)                        Mtrap_sig_sv+20
mem[R,0x00000000800051F8] -> 0x000000008000A110
x8 <- 0x000000008000A110

mem[X,0x000000008000260C] -> 0x0333
mem[X,0x000000008000260E] -> 0x0083
[1459] [M]: 0x000000008000260C (0x00830333) add x6, x6, x8                          Mtrap_sig_sv+24
x6 <- 0x000000008000A598

clint mtime 0x00000000000002DA (mip.MTI <- 0b1, mip.STI <- 0b0)
mem[X,0x0000000080002610] -> 0x3403
mem[X,0x0000000080002612] -> 0x2401
[1460] [M]: 0x0000000080002610 (0x24013403) ld x8, 0x240(x2)                        Mtrap_sig_sv+28
mem[R,0x0000000080005240] -> 0x0000000080002380
x8 <- 0x0000000080002380

mem[X,0x0000000080002614] -> 0x85B3
mem[X,0x0000000080002616] -> 0x4085
[1461] [M]: 0x0000000080002614 (0x408585B3) sub x11, x11, x8                        sv_Mvect+0
x11 <- 0x000000000000010C

clint mtime 0x00000000000002DB (mip.MTI <- 0b1, mip.STI <- 0b0)
mem[X,0x0000000080002618] -> 0x9593
mem[X,0x000000008000261A] -> 0x0045
[1462] [M]: 0x0000000080002618 (0x00459593) slli x11, x11, 0x4                      sv_Mvect+4
x11 <- 0x00000000000010C0

mem[X,0x000000008000261C] -> 0xE5B3
mem[X,0x000000008000261E] -> 0x0075
[1463] [M]: 0x000000008000261C (0x0075E5B3) or x11, x11, x7                         sv_Mvect+8
x11 <- 0x00000000000010E0

clint mtime 0x00000000000002DC (mip.MTI <- 0b1, mip.STI <- 0b0)
mem[X,0x0000000080002620] -> 0x8593
mem[X,0x0000000080002622] -> 0x0035
[1464] [M]: 0x0000000080002620 (0x00358593) addi x11, x11, 0x3                      sv_Mvect+12
x11 <- 0x00000000000010E3

mem[X,0x0000000080002624] -> 0x3023
mem[X,0x0000000080002626] -> 0x00B3
[1465] [M]: 0x0000000080002624 (0x00B33023) sd x11, 0x0(x6)                         sv_Mvect+16
mem[W,0x000000008000A598] <- 0x00000000000010E3

clint mtime 0x00000000000002DD (mip.MTI <- 0b1, mip.STI <- 0b0)
mem[X,0x0000000080002628] -> 0x3423
mem[X,0x000000008000262A] -> 0x00A3
[1466] [M]: 0x0000000080002628 (0x00A33423) sd x10, 0x8(x6)                         sv_Mcause+0
mem[W,0x000000008000A5A0] <- 0x0000000000000002

mem[X,0x000000008000262C] -> 0x4663
mem[X,0x000000008000262E] -> 0x1A05
[1467] [M]: 0x000000008000262C (0x1A054663) blt x10, x0, 0x1ac                      sv_Mcause+4

clint mtime 0x00000000000002DE (mip.MTI <- 0b1, mip.STI <- 0b0)
mem[X,0x0000000080002630] -> 0x25F3
mem[X,0x0000000080002632] -> 0x3000
[1468] [M]: 0x0000000080002630 (0x300025F3) csrrs x11, mstatus, x0                  common_Mexcpt_handler+0
CSR mstatus (0x300) -> 0x0000000A00000000
x11 <- 0x0000000A00000000

mem[X,0x0000000080002634] -> 0x9413
mem[X,0x0000000080002636] -> 0x02E5
[1469] [M]: 0x0000000080002634 (0x02E59413) slli x8, x11, 0x2e                      common_Mexcpt_handler+4
x8 <- 0x0000000000000000

clint mtime 0x00000000000002DF (mip.MTI <- 0b1, mip.STI <- 0b0)
mem[X,0x0000000080002638] -> 0x5463
mem[X,0x000000008000263A] -> 0x0004
[1470] [M]: 0x0000000080002638 (0x00045463) bge x8, x0, 0x8                         common_Mexcpt_handler+8

mem[X,0x0000000080002640] -> 0xD493
mem[X,0x0000000080002642] -> 0x00B5
[1471] [M]: 0x0000000080002640 (0x00B5D493) srli x9, x11, 0xb                       common_Mexcpt_handler+16
x9 <- 0x0000000001400000

clint mtime 0x00000000000002E0 (mip.MTI <- 0b1, mip.STI <- 0b0)
mem[X,0x0000000080002644] -> 0xF493
mem[X,0x0000000080002646] -> 0x0034
[1472] [M]: 0x0000000080002644 (0x0034F493) andi x9, x9, 0x3                        common_Mexcpt_handler+20
x9 <- 0x0000000000000000

mem[X,0x0000000080002648] -> 0x8493
mem[X,0x000000008000264A] -> 0x0014
[1473] [M]: 0x0000000080002648 (0x00148493) addi x9, x9, 0x1                        common_Mexcpt_handler+24
x9 <- 0x0000000000000001

clint mtime 0x00000000000002E1 (mip.MTI <- 0b1, mip.STI <- 0b0)
mem[X,0x000000008000264C] -> 0xF493
mem[X,0x000000008000264E] -> 0x0044
[1474] [M]: 0x000000008000264C (0x0044F493) andi x9, x9, 0x4                        common_Mexcpt_handler+28
x9 <- 0x0000000000000000

mem[X,0x0000000080002650] -> 0x0593
mem[X,0x0000000080002652] -> 0x05D0
[1475] [M]: 0x0000000080002650 (0x05D00593) addi x11, x0, 0x5d                      common_Mexcpt_handler+32
x11 <- 0x000000000000005D

clint mtime 0x00000000000002E2 (mip.MTI <- 0b1, mip.STI <- 0b0)
mem[X,0x0000000080002654] -> 0xD5B3
mem[X,0x0000000080002656] -> 0x0095
[1476] [M]: 0x0000000080002654 (0x0095D5B3) srl x11, x11, x9                        common_Mexcpt_handler+36
x11 <- 0x000000000000005D

mem[X,0x0000000080002658] -> 0xF593
mem[X,0x000000008000265A] -> 0x0015
[1477] [M]: 0x0000000080002658 (0x0015F593) andi x11, x11, 0x1                      common_Mexcpt_handler+40
x11 <- 0x0000000000000001

clint mtime 0x00000000000002E3 (mip.MTI <- 0b1, mip.STI <- 0b0)
mem[X,0x000000008000265C] -> 0x8EE3
mem[X,0x000000008000265E] -> 0xF405
[1478] [M]: 0x000000008000265C (0xF4058EE3) beq x11, x0, -0xa4                      common_Mexcpt_handler+44

mem[X,0x0000000080002660] -> 0x0593
mem[X,0x0000000080002662] -> 0x2980
[1479] [M]: 0x0000000080002660 (0x29800593) addi x11, x0, 0x298                     common_Mexcpt_handler+48
x11 <- 0x0000000000000298

clint mtime 0x00000000000002E4 (mip.MTI <- 0b1, mip.STI <- 0b0)
mem[X,0x0000000080002664] -> 0xF413
mem[X,0x0000000080002666] -> 0x0014
[1480] [M]: 0x0000000080002664 (0x0014F413) andi x8, x9, 0x1                        common_Mexcpt_handler+52
x8 <- 0x0000000000000000

mem[X,0x0000000080002668] -> 0x95B3
mem[X,0x000000008000266A] -> 0x0085
[1481] [M]: 0x0000000080002668 (0x008595B3) sll x11, x11, x8                        common_Mexcpt_handler+56
x11 <- 0x0000000000000298

clint mtime 0x00000000000002E5 (mip.MTI <- 0b1, mip.STI <- 0b0)
mem[X,0x000000008000266C] -> 0x9413
mem[X,0x000000008000266E] -> 0x03D4
[1482] [M]: 0x000000008000266C (0x03D49413) slli x8, x9, 0x3d                       common_Mexcpt_handler+60
x8 <- 0x0000000000000000

mem[X,0x0000000080002670] -> 0x5413
mem[X,0x0000000080002672] -> 0x43F4
[1483] [M]: 0x0000000080002670 (0x43F45413) srai x8, x8, 0x3f                       common_Mexcpt_handler+64
x8 <- 0x0000000000000000

clint mtime 0x00000000000002E6 (mip.MTI <- 0b1, mip.STI <- 0b0)
mem[X,0x0000000080002674] -> 0x4413
mem[X,0x0000000080002676] -> 0xFFF4
[1484] [M]: 0x0000000080002674 (0xFFF44413) xori x8, x8, -0x1                       common_Mexcpt_handler+68
x8 <- 0xFFFFFFFFFFFFFFFF

mem[X,0x0000000080002678] -> 0xF4B3
mem[X,0x000000008000267A] -> 0x0085
[1485] [M]: 0x0000000080002678 (0x0085F4B3) and x9, x11, x8                         common_Mexcpt_handler+72
x9 <- 0x0000000000000298

clint mtime 0x00000000000002E7 (mip.MTI <- 0b1, mip.STI <- 0b0)
mem[X,0x000000008000267C] -> 0x84B3
mem[X,0x000000008000267E] -> 0x0024
[1486] [M]: 0x000000008000267C (0x002484B3) add x9, x9, x2                          vmem_adj_Mepc+0
x9 <- 0x0000000080005298

mem[X,0x0000000080002680] -> 0x23F3
mem[X,0x0000000080002682] -> 0x3410
[1487] [M]: 0x0000000080002680 (0x341023F3) csrrs x7, mepc, x0                      vmem_adj_Mepc+4
CSR mepc (0x341) -> 0x0000030080001138
x7 <- 0x0000030080001138

clint mtime 0x00000000000002E8 (mip.MTI <- 0b1, mip.STI <- 0b0)
mem[X,0x0000000080002684] -> 0x0413
mem[X,0x0000000080002686] -> 0x0004
[1488] [M]: 0x0000000080002684 (0x00040413) addi x8, x8, 0x0                        vmem_adj_Mepc+8
x8 <- 0xFFFFFFFFFFFFFFFF

mem[X,0x0000000080002688] -> 0x006F
mem[X,0x000000008000268A] -> 0x0400
[1489] [M]: 0x0000000080002688 (0x0400006F) jal x0, 0x40                            vmem_adj_Mepc+12

clint mtime 0x00000000000002E9 (mip.MTI <- 0b1, mip.STI <- 0b0)
mem[X,0x00000000800026C8] -> 0x8433
mem[X,0x00000000800026CA] -> 0x4083
[1490] [M]: 0x00000000800026C8 (0x40838433) sub x8, x7, x8                          adj_Mepc+0
x8 <- 0x0000030080001139

mem[X,0x00000000800026CC] -> 0x3823
mem[X,0x00000000800026CE] -> 0x0083
[1491] [M]: 0x00000000800026CC (0x00833823) sd x8, 0x10(x6)                         sv_Mepc+0
mem[W,0x000000008000A5A8] <- 0x0000030080001139

clint mtime 0x00000000000002EA (mip.MTI <- 0b1, mip.STI <- 0b0)
mem[X,0x00000000800026D0] -> 0x55B7
mem[X,0x00000000800026D2] -> 0x0000
[1492] [M]: 0x00000000800026D0 (0x000055B7) lui x11, 0x5                            sv_Mepc+4
x11 <- 0x0000000000005000

mem[X,0x00000000800026D4] -> 0x8593
mem[X,0x00000000800026D6] -> 0x6675
[1493] [M]: 0x00000000800026D4 (0x66758593) addi x11, x11, 0x667                    sv_Mepc+8
x11 <- 0x0000000000005667

clint mtime 0x00000000000002EB (mip.MTI <- 0b1, mip.STI <- 0b0)
mem[X,0x00000000800026D8] -> 0x9593
mem[X,0x00000000800026DA] -> 0x0015
[1494] [M]: 0x00000000800026D8 (0x00159593) slli x11, x11, 0x1                      sv_Mepc+12
x11 <- 0x000000000000ACCE

mem[X,0x00000000800026DC] -> 0x9063
mem[X,0x00000000800026DE] -> 0x02B1
[1495] [M]: 0x00000000800026DC (0x02B19063) bne x3, x11, 0x20                       sv_Mepc+16

clint mtime 0x00000000000002EC (mip.MTI <- 0b1, mip.STI <- 0b0)
mem[X,0x00000000800026E0] -> 0x2473
mem[X,0x00000000800026E2] -> 0x3420
[1496] [M]: 0x00000000800026E0 (0x34202473) csrrs x8, mcause, x0                    sv_Mepc+20
CSR mcause (0x342) -> 0x0000000000000002
x8 <- 0x0000000000000002

mem[X,0x00000000800026E4] -> 0x0593
mem[X,0x00000000800026E6] -> 0x00C0
[1497] [M]: 0x00000000800026E4 (0x00C00593) addi x11, x0, 0xc                       sv_Mepc+24
x11 <- 0x000000000000000C

clint mtime 0x00000000000002ED (mip.MTI <- 0b1, mip.STI <- 0b0)
mem[X,0x00000000800026E8] -> 0x0663
mem[X,0x00000000800026EA] -> 0x00B4
[1498] [M]: 0x00000000800026E8 (0x00B40663) beq x8, x11, 0xc                        sv_Mepc+28

mem[X,0x00000000800026EC] -> 0x0593
mem[X,0x00000000800026EE] -> 0x0010
[1499] [M]: 0x00000000800026EC (0x00100593) addi x11, x0, 0x1                       sv_Mepc+32
x11 <- 0x0000000000000001

clint mtime 0x00000000000002EE (mip.MTI <- 0b1, mip.STI <- 0b0)
mem[X,0x00000000800026F0] -> 0x1663
mem[X,0x00000000800026F2] -> 0x00B4
[1500] [M]: 0x00000000800026F0 (0x00B41663) bne x8, x11, 0xc                        sv_Mepc+36

mem[X,0x00000000800026FC] -> 0xF593
mem[X,0x00000000800026FE] -> 0xFFC3
[1501] [M]: 0x00000000800026FC (0xFFC3F593) andi x11, x7, -0x4                      adj_Mepc_rtn+0
x11 <- 0x0000030080001138

clint mtime 0x00000000000002EF (mip.MTI <- 0b1, mip.STI <- 0b0)
mem[X,0x0000000080002700] -> 0x8593
mem[X,0x0000000080002702] -> 0x0085
[1502] [M]: 0x0000000080002700 (0x00858593) addi x11, x11, 0x8                      adj_Mepc_rtn+4
x11 <- 0x0000030080001140

mem[X,0x0000000080002704] -> 0x9073
mem[X,0x0000000080002706] -> 0x3415
[1503] [M]: 0x0000000080002704 (0x34159073) csrrw x0, mepc, x11                     adj_Mepc_rtn+8
CSR mepc (0x341) <- 0x0000030080001140

clint mtime 0x00000000000002F0 (mip.MTI <- 0b1, mip.STI <- 0b0)
mem[X,0x0000000080002708] -> 0x23F3
mem[X,0x000000008000270A] -> 0x3430
[1504] [M]: 0x0000000080002708 (0x343023F3) csrrs x7, mtval, x0                     skp_adj_Mepc+0
CSR mtval (0x343) -> 0x00000000341494F3
x7 <- 0x00000000341494F3

mem[X,0x000000008000270C] -> 0x0413
mem[X,0x000000008000270E] -> 0x0004
[1505] [M]: 0x000000008000270C (0x00040413) addi x8, x8, 0x0                        skp_adj_Mepc+4
x8 <- 0x0000000000000002

clint mtime 0x00000000000002F1 (mip.MTI <- 0b1, mip.STI <- 0b0)
mem[X,0x0000000080002710] -> 0x006F
mem[X,0x0000000080002712] -> 0x0840
[1506] [M]: 0x0000000080002710 (0x0840006F) jal x0, 0x84                            skp_adj_Mepc+8

mem[X,0x0000000080002794] -> 0x8433
mem[X,0x0000000080002796] -> 0x4083
[1507] [M]: 0x0000000080002794 (0x40838433) sub x8, x7, x8                          adj_Mtval+0
x8 <- 0x00000000341494F1

clint mtime 0x00000000000002F2 (mip.MTI <- 0b1, mip.STI <- 0b0)
mem[X,0x0000000080002798] -> 0x3C23
mem[X,0x000000008000279A] -> 0x0083
[1508] [M]: 0x0000000080002798 (0x00833C23) sd x8, 0x18(x6)                         sv_Mtval+0
mem[W,0x000000008000A5B0] <- 0x00000000341494F1

mem[X,0x000000008000279C] -> 0x3483
mem[X,0x000000008000279E] -> 0x2181
[1509] [M]: 0x000000008000279C (0x21813483) ld x9, 0x218(x2)                        skp_Mtval+0
mem[R,0x0000000080005218] -> 0x000000008000A5B8
x9 <- 0x000000008000A5B8

clint mtime 0x00000000000002F3 (mip.MTI <- 0b1, mip.STI <- 0b0)
mem[X,0x00000000800027A0] -> 0x3383
mem[X,0x00000000800027A2] -> 0x1F81
[1510] [M]: 0x00000000800027A0 (0x1F813383) ld x7, 0x1f8(x2)                        skp_Mtval+4
mem[R,0x00000000800051F8] -> 0x000000008000A110
x7 <- 0x000000008000A110

mem[X,0x00000000800027A4] -> 0x3303
mem[X,0x00000000800027A6] -> 0x2001
[1511] [M]: 0x00000000800027A4 (0x20013303) ld x6, 0x200(x2)                        skp_Mtval+8
mem[R,0x0000000080005200] -> 0x0000000000000610
x6 <- 0x0000000000000610

clint mtime 0x00000000000002F4 (mip.MTI <- 0b1, mip.STI <- 0b0)
mem[X,0x00000000800027A8] -> 0x0333
mem[X,0x00000000800027AA] -> 0x0073
[1512] [M]: 0x00000000800027A8 (0x00730333) add x6, x6, x7                          skp_Mtval+12
x6 <- 0x000000008000A720

mem[X,0x00000000800027AC] -> 0x6AE3
mem[X,0x00000000800027AE] -> 0xAE93
[1513] [M]: 0x00000000800027AC (0xAE936AE3) bltu x6, x9, -0x50c                     skp_Mtval+16

clint mtime 0x00000000000002F5 (mip.MTI <- 0b1, mip.STI <- 0b0)
mem[X,0x00000000800027B0] -> 0x0393
mem[X,0x00000000800027B2] -> 0x2000
[1514] [M]: 0x00000000800027B0 (0x20000393) addi x7, x0, 0x200                      skp_Mtval+20
x7 <- 0x0000000000000200

mem[X,0x00000000800027B4] -> 0x006F
mem[X,0x00000000800027B6] -> 0x0400
[1515] [M]: 0x00000000800027B4 (0x0400006F) jal x0, 0x40                            skp_Mtval+24

clint mtime 0x00000000000002F6 (mip.MTI <- 0b1, mip.STI <- 0b0)
mem[X,0x00000000800027F4] -> 0x0417
mem[X,0x00000000800027F6] -> 0x0000
[1516] [M]: 0x00000000800027F4 (0x00000417) auipc x8, 0x0                           spcl_Mhandler+0
x8 <- 0x00000000800027F4

mem[X,0x00000000800027F8] -> 0x0413
mem[X,0x00000000800027FA] -> 0x03C4
[1517] [M]: 0x00000000800027F8 (0x03C40413) addi x8, x8, 0x3c                       spcl_Mhandler+4
x8 <- 0x0000000080002830

clint mtime 0x00000000000002F7 (mip.MTI <- 0b1, mip.STI <- 0b0)
mem[X,0x00000000800027FC] -> 0x0433
mem[X,0x00000000800027FE] -> 0x0074
[1518] [M]: 0x00000000800027FC (0x00740433) add x8, x8, x7                          spcl_Mhandler+8
x8 <- 0x0000000080002A30

mem[X,0x0000000080002800] -> 0x1393
mem[X,0x0000000080002802] -> 0x0035
[1519] [M]: 0x0000000080002800 (0x00351393) slli x7, x10, 0x3                       spcl_Mhandler+12
x7 <- 0x0000000000000010

clint mtime 0x00000000000002F8 (mip.MTI <- 0b1, mip.STI <- 0b0)
mem[X,0x0000000080002804] -> 0x0433
mem[X,0x0000000080002806] -> 0x0074
[1520] [M]: 0x0000000080002804 (0x00740433) add x8, x8, x7                          spcl_Mhandler+16
x8 <- 0x0000000080002A40

mem[X,0x0000000080002808] -> 0x7413
mem[X,0x000000008000280A] -> 0xFF84
[1521] [M]: 0x0000000080002808 (0xFF847413) andi x8, x8, -0x8                       spcl_Mhandler+20
x8 <- 0x0000000080002A40

clint mtime 0x00000000000002F9 (mip.MTI <- 0b1, mip.STI <- 0b0)
mem[X,0x000000008000280C] -> 0x3403
mem[X,0x000000008000280E] -> 0x0004
[1522] [M]: 0x000000008000280C (0x00043403) ld x8, 0x0(x8)                          spcl_Mhandler+24
mem[R,0x0000000080002A40] -> 0x0000000000000005
x8 <- 0x0000000000000005

mem[X,0x0000000080002810] -> 0x02E3
mem[X,0x0000000080002812] -> 0xB204
[1523] [M]: 0x0000000080002810 (0xB20402E3) beq x8, x0, -0x4dc                      spcl_Mdispatch_hndling+0

clint mtime 0x00000000000002FA (mip.MTI <- 0b1, mip.STI <- 0b0)
mem[X,0x0000000080002814] -> 0x1393
mem[X,0x0000000080002816] -> 0x03F4
[1524] [M]: 0x0000000080002814 (0x03F41393) slli x7, x8, 0x3f                       spcl_Mdispatch_hndling+4
x7 <- 0x8000000000000000

mem[X,0x0000000080002818] -> 0xD863
mem[X,0x000000008000281A] -> 0x0003
[1525] [M]: 0x0000000080002818 (0x0003D863) bge x7, x0, 0x10                        spcl_Mdispatch_hndling+8

clint mtime 0x00000000000002FB (mip.MTI <- 0b1, mip.STI <- 0b0)
mem[X,0x000000008000281C] -> 0x5413
mem[X,0x000000008000281E] -> 0x0014
[1526] [M]: 0x000000008000281C (0x00145413) srli x8, x8, 0x1                        spcl_Mdispatch_hndling+12
x8 <- 0x0000000000000002

mem[X,0x0000000080002820] -> 0x0CE3
mem[X,0x0000000080002822] -> 0xF885
[1527] [M]: 0x0000000080002820 (0xF8850CE3) beq x10, x8, -0x68                      spcl_Mdispatch_hndling+16

clint mtime 0x00000000000002FC (mip.MTI <- 0b1, mip.STI <- 0b0)
mem[X,0x00000000800027B8] -> 0x3303
mem[X,0x00000000800027BA] -> 0x2601
[1528] [M]: 0x00000000800027B8 (0x26013303) ld x6, 0x260(x2)                        resto_Mrtn+0
mem[R,0x0000000080005260] -> 0xFFFFFFFF7FFFF00C
x6 <- 0xFFFFFFFF7FFFF00C

mem[X,0x00000000800027BC] -> 0x3383
mem[X,0x00000000800027BE] -> 0x2681
[1529] [M]: 0x00000000800027BC (0x26813383) ld x7, 0x268(x2)                        resto_Mrtn+4
mem[R,0x0000000080005268] -> 0x0000000080005000
x7 <- 0x0000000080005000

clint mtime 0x00000000000002FD (mip.MTI <- 0b1, mip.STI <- 0b0)
mem[X,0x00000000800027C0] -> 0x3403
mem[X,0x00000000800027C2] -> 0x2701
[1530] [M]: 0x00000000800027C0 (0x27013403) ld x8, 0x270(x2)                        resto_Mrtn+8
mem[R,0x0000000080005270] -> 0x0000000000007F76
x8 <- 0x0000000000007F76

mem[X,0x00000000800027C4] -> 0x3483
mem[X,0x00000000800027C6] -> 0x2781
[1531] [M]: 0x00000000800027C4 (0x27813483) ld x9, 0x278(x2)                        resto_Mrtn+12
mem[R,0x0000000080005278] -> 0x000003000000013C
x9 <- 0x000003000000013C

clint mtime 0x00000000000002FE (mip.MTI <- 0b1, mip.STI <- 0b0)
mem[X,0x00000000800027C8] -> 0x3503
mem[X,0x00000000800027CA] -> 0x2801
[1532] [M]: 0x00000000800027C8 (0x28013503) ld x10, 0x280(x2)                       resto_Mrtn+16
mem[R,0x0000000080005280] -> 0x00000000200002DF
x10 <- 0x00000000200002DF

mem[X,0x00000000800027CC] -> 0x3583
mem[X,0x00000000800027CE] -> 0x2881
[1533] [M]: 0x00000000800027CC (0x28813583) ld x11, 0x288(x2)                       resto_Mrtn+20
mem[R,0x0000000080005288] -> 0x00000000000002DF
x11 <- 0x00000000000002DF

clint mtime 0x00000000000002FF (mip.MTI <- 0b1, mip.STI <- 0b0)
mem[X,0x00000000800027D0] -> 0x3103
mem[X,0x00000000800027D2] -> 0x2901
[1534] [M]: 0x00000000800027D0 (0x29013103) ld x2, 0x290(x2)                        resto_Mrtn+24
mem[R,0x0000000080005290] -> 0x0000000000000000
x2 <- 0x0000000000000000

mem[X,0x00000000800027D4] -> 0x0073
mem[X,0x00000000800027D6] -> 0x3020
[1535] [M]: 0x00000000800027D4 (0x30200073) mret                                    resto_Mrtn+28
CSR mstatus (0x300) <- 0x0000000A00000080
ret-ing from M to U

clint mtime 0x0000000000000300 (mip.MTI <- 0b1, mip.STI <- 0b0)
PTW: Start, vpn=0x30080001, access_type=X, privilege=Umem[R,0x0000000080009030] -> 0x00000000000000DB
PTW: Step, level=3, pte=0xDB, pte_addr=0x80009030
PTW: Success, final_ppn=0x80001, level=3mem[X,0x0000000080001140] -> 0x07B7
PTW: Start, vpn=0x30080001, access_type=X, privilege=Umem[R,0x0000000080009030] -> 0x00000000000000DB
PTW: Step, level=3, pte=0xDB, pte_addr=0x80009030
PTW: Success, final_ppn=0x80001, level=3mem[X,0x0000000080001142] -> 0x0000
[1536] [U]: 0x0000030080001140 (0x000007B7) lui x15, 0x0                            va_rvtest_code_begin+2436
x15 <- 0x0000000000000000

PTW: Start, vpn=0x30080001, access_type=X, privilege=Umem[R,0x0000000080009030] -> 0x00000000000000DB
PTW: Step, level=3, pte=0xDB, pte_addr=0x80009030
PTW: Success, final_ppn=0x80001, level=3mem[X,0x0000000080001144] -> 0x8793
PTW: Start, vpn=0x30080001, access_type=X, privilege=Umem[R,0x0000000080009030] -> 0x00000000000000DB
PTW: Step, level=3, pte=0xDB, pte_addr=0x80009030
PTW: Success, final_ppn=0x80001, level=3mem[X,0x0000000080001146] -> 0x2807
[1537] [U]: 0x0000030080001144 (0x28078793) addi x15, x15, 0x280                    va_rvtest_code_begin+2440
x15 <- 0x0000000000000280

clint mtime 0x0000000000000301 (mip.MTI <- 0b1, mip.STI <- 0b0)
PTW: Start, vpn=0x30080001, access_type=X, privilege=Umem[R,0x0000000080009030] -> 0x00000000000000DB
PTW: Step, level=3, pte=0xDB, pte_addr=0x80009030
PTW: Success, final_ppn=0x80001, level=3mem[X,0x0000000080001148] -> 0x9793
PTW: Start, vpn=0x30080001, access_type=X, privilege=Umem[R,0x0000000080009030] -> 0x00000000000000DB
PTW: Step, level=3, pte=0xDB, pte_addr=0x80009030
PTW: Success, final_ppn=0x80001, level=3mem[X,0x000000008000114A] -> 0x00B7
[1538] [U]: 0x0000030080001148 (0x00B79793) slli x15, x15, 0xb                      va_rvtest_code_begin+2444
x15 <- 0x0000000000140000

PTW: Start, vpn=0x30080001, access_type=X, privilege=Umem[R,0x0000000080009030] -> 0x00000000000000DB
PTW: Step, level=3, pte=0xDB, pte_addr=0x80009030
PTW: Success, final_ppn=0x80001, level=3mem[X,0x000000008000114C] -> 0x8793
PTW: Start, vpn=0x30080001, access_type=X, privilege=Umem[R,0x0000000080009030] -> 0x00000000000000DB
PTW: Step, level=3, pte=0xDB, pte_addr=0x80009030
PTW: Success, final_ppn=0x80001, level=3mem[X,0x000000008000114E] -> 0x0007
[1539] [U]: 0x000003008000114C (0x00078793) addi x15, x15, 0x0                      va_rvtest_code_begin+2448
x15 <- 0x0000000000140000

clint mtime 0x0000000000000302 (mip.MTI <- 0b1, mip.STI <- 0b0)
PTW: Start, vpn=0x30080001, access_type=X, privilege=Umem[R,0x0000000080009030] -> 0x00000000000000DB
PTW: Step, level=3, pte=0xDB, pte_addr=0x80009030
PTW: Success, final_ppn=0x80001, level=3mem[X,0x0000000080001150] -> 0x9793
PTW: Start, vpn=0x30080001, access_type=X, privilege=Umem[R,0x0000000080009030] -> 0x00000000000000DB
PTW: Step, level=3, pte=0xDB, pte_addr=0x80009030
PTW: Success, final_ppn=0x80001, level=3mem[X,0x0000000080001152] -> 0x00B7
[1540] [U]: 0x0000030080001150 (0x00B79793) slli x15, x15, 0xb                      va_rvtest_code_begin+2452
x15 <- 0x00000000A0000000

PTW: Start, vpn=0x30080001, access_type=X, privilege=Umem[R,0x0000000080009030] -> 0x00000000000000DB
PTW: Step, level=3, pte=0xDB, pte_addr=0x80009030
PTW: Success, final_ppn=0x80001, level=3mem[X,0x0000000080001154] -> 0x8793
PTW: Start, vpn=0x30080001, access_type=X, privilege=Umem[R,0x0000000080009030] -> 0x00000000000000DB
PTW: Step, level=3, pte=0xDB, pte_addr=0x80009030
PTW: Success, final_ppn=0x80001, level=3mem[X,0x0000000080001156] -> 0x0017
[1541] [U]: 0x0000030080001154 (0x00178793) addi x15, x15, 0x1                      va_rvtest_code_begin+2456
x15 <- 0x00000000A0000001

clint mtime 0x0000000000000303 (mip.MTI <- 0b1, mip.STI <- 0b0)
PTW: Start, vpn=0x30080001, access_type=X, privilege=Umem[R,0x0000000080009030] -> 0x00000000000000DB
PTW: Step, level=3, pte=0xDB, pte_addr=0x80009030
PTW: Success, final_ppn=0x80001, level=3mem[X,0x0000000080001158] -> 0x9793
PTW: Start, vpn=0x30080001, access_type=X, privilege=Umem[R,0x0000000080009030] -> 0x00000000000000DB
PTW: Step, level=3, pte=0xDB, pte_addr=0x80009030
PTW: Success, final_ppn=0x80001, level=3mem[X,0x000000008000115A] -> 0x00A7
[1542] [U]: 0x0000030080001158 (0x00A79793) slli x15, x15, 0xa                      va_rvtest_code_begin+2460
x15 <- 0x0000028000000400

PTW: Start, vpn=0x30080001, access_type=X, privilege=Umem[R,0x0000000080009030] -> 0x00000000000000DB
PTW: Step, level=3, pte=0xDB, pte_addr=0x80009030
PTW: Success, final_ppn=0x80001, level=3mem[X,0x000000008000115C] -> 0x0613
PTW: Start, vpn=0x30080001, access_type=X, privilege=Umem[R,0x0000000080009030] -> 0x00000000000000DB
PTW: Step, level=3, pte=0xDB, pte_addr=0x80009030
PTW: Success, final_ppn=0x80001, level=3mem[X,0x000000008000115E] -> 0x0106
[1543] [U]: 0x000003008000115C (0x01060613) addi x12, x12, 0x10                     va_rvtest_code_begin+2464
x12 <- 0x0000000000000050

clint mtime 0x0000000000000304 (mip.MTI <- 0b1, mip.STI <- 0b0)
PTW: Start, vpn=0x30080001, access_type=X, privilege=Umem[R,0x0000000080009030] -> 0x00000000000000DB
PTW: Step, level=3, pte=0xDB, pte_addr=0x80009030
PTW: Success, final_ppn=0x80001, level=3mem[X,0x0000000080001160] -> 0xAA23
PTW: Start, vpn=0x30080001, access_type=X, privilege=Umem[R,0x0000000080009030] -> 0x00000000000000DB
PTW: Step, level=3, pte=0xDB, pte_addr=0x80009030
PTW: Success, final_ppn=0x80001, level=3mem[X,0x0000000080001162] -> 0x00C7
[1544] [U]: 0x0000030080001160 (0x00C7AA23) sw x12, 0x14(x15)                       va_rvtest_code_begin+2468
PTW: Start, vpn=0x28000000, access_type=W, privilege=Umem[R,0x0000000080009028] -> 0x0000000020002001
PTW: Step, level=3, pte=0x20002001, pte_addr=0x80009028
PTW: Start, vpn=0x28000000, access_type=W, privilege=Umem[R,0x0000000080008000] -> 0x00000000200002DF
PTW: Step, level=2, pte=0x200002DF, pte_addr=0x80008000
PTW: Success, final_ppn=0x80000, level=2mem[W,0x0000000080000414] <- 0x00000050

PTW: Start, vpn=0x30080001, access_type=X, privilege=Umem[R,0x0000000080009030] -> 0x00000000000000DB
PTW: Step, level=3, pte=0xDB, pte_addr=0x80009030
PTW: Success, final_ppn=0x80001, level=3mem[X,0x0000000080001164] -> 0x0013
PTW: Start, vpn=0x30080001, access_type=X, privilege=Umem[R,0x0000000080009030] -> 0x00000000000000DB
PTW: Step, level=3, pte=0xDB, pte_addr=0x80009030
PTW: Success, final_ppn=0x80001, level=3mem[X,0x0000000080001166] -> 0x0000
[1545] [U]: 0x0000030080001164 (0x00000013) addi x0, x0, 0x0                        va_rvtest_code_begin+2472

clint mtime 0x0000000000000305 (mip.MTI <- 0b1, mip.STI <- 0b0)
PTW: Start, vpn=0x30080001, access_type=X, privilege=Umem[R,0x0000000080009030] -> 0x00000000000000DB
PTW: Step, level=3, pte=0xDB, pte_addr=0x80009030
PTW: Success, final_ppn=0x80001, level=3mem[X,0x0000000080001168] -> 0xA703
PTW: Start, vpn=0x30080001, access_type=X, privilege=Umem[R,0x0000000080009030] -> 0x00000000000000DB
PTW: Step, level=3, pte=0xDB, pte_addr=0x80009030
PTW: Success, final_ppn=0x80001, level=3mem[X,0x000000008000116A] -> 0x0147
[1546] [U]: 0x0000030080001168 (0x0147A703) lw x14, 0x14(x15)                       va_rvtest_code_begin+2476
PTW: Start, vpn=0x28000000, access_type=R, privilege=Umem[R,0x0000000080009028] -> 0x0000000020002001
PTW: Step, level=3, pte=0x20002001, pte_addr=0x80009028
PTW: Start, vpn=0x28000000, access_type=R, privilege=Umem[R,0x0000000080008000] -> 0x00000000200002DF
PTW: Step, level=2, pte=0x200002DF, pte_addr=0x80008000
PTW: Success, final_ppn=0x80000, level=2mem[R,0x0000000080000414] -> 0x00000050
x14 <- 0x0000000000000050

PTW: Start, vpn=0x30080001, access_type=X, privilege=Umem[R,0x0000000080009030] -> 0x00000000000000DB
PTW: Step, level=3, pte=0xDB, pte_addr=0x80009030
PTW: Success, final_ppn=0x80001, level=3mem[X,0x000000008000116C] -> 0x0013
PTW: Start, vpn=0x30080001, access_type=X, privilege=Umem[R,0x0000000080009030] -> 0x00000000000000DB
PTW: Step, level=3, pte=0xDB, pte_addr=0x80009030
PTW: Success, final_ppn=0x80001, level=3mem[X,0x000000008000116E] -> 0x0000
[1547] [U]: 0x000003008000116C (0x00000013) addi x0, x0, 0x0                        va_rvtest_code_begin+2480

clint mtime 0x0000000000000306 (mip.MTI <- 0b1, mip.STI <- 0b0)
PTW: Start, vpn=0x30080001, access_type=X, privilege=Umem[R,0x0000000080009030] -> 0x00000000000000DB
PTW: Step, level=3, pte=0xDB, pte_addr=0x80009030
PTW: Success, final_ppn=0x80001, level=3mem[X,0x0000000080001170] -> 0x51B7
PTW: Start, vpn=0x30080001, access_type=X, privilege=Umem[R,0x0000000080009030] -> 0x00000000000000DB
PTW: Step, level=3, pte=0xDB, pte_addr=0x80009030
PTW: Success, final_ppn=0x80001, level=3mem[X,0x0000000080001172] -> 0x0000
[1548] [U]: 0x0000030080001170 (0x000051B7) lui x3, 0x5                             va_rvtest_code_begin+2484
x3 <- 0x0000000000005000

PTW: Start, vpn=0x30080001, access_type=X, privilege=Umem[R,0x0000000080009030] -> 0x00000000000000DB
PTW: Step, level=3, pte=0xDB, pte_addr=0x80009030
PTW: Success, final_ppn=0x80001, level=3mem[X,0x0000000080001174] -> 0x8193
PTW: Start, vpn=0x30080001, access_type=X, privilege=Umem[R,0x0000000080009030] -> 0x00000000000000DB
PTW: Step, level=3, pte=0xDB, pte_addr=0x80009030
PTW: Success, final_ppn=0x80001, level=3mem[X,0x0000000080001176] -> 0x6671
[1549] [U]: 0x0000030080001174 (0x66718193) addi x3, x3, 0x667                      va_rvtest_code_begin+2488
x3 <- 0x0000000000005667

clint mtime 0x0000000000000307 (mip.MTI <- 0b1, mip.STI <- 0b0)
PTW: Start, vpn=0x30080001, access_type=X, privilege=Umem[R,0x0000000080009030] -> 0x00000000000000DB
PTW: Step, level=3, pte=0xDB, pte_addr=0x80009030
PTW: Success, final_ppn=0x80001, level=3mem[X,0x0000000080001178] -> 0x9193
PTW: Start, vpn=0x30080001, access_type=X, privilege=Umem[R,0x0000000080009030] -> 0x00000000000000DB
PTW: Step, level=3, pte=0xDB, pte_addr=0x80009030
PTW: Success, final_ppn=0x80001, level=3mem[X,0x000000008000117A] -> 0x0011
[1550] [U]: 0x0000030080001178 (0x00119193) slli x3, x3, 0x1                        va_rvtest_code_begin+2492
x3 <- 0x000000000000ACCE

PTW: Start, vpn=0x30080001, access_type=X, privilege=Umem[R,0x0000000080009030] -> 0x00000000000000DB
PTW: Step, level=3, pte=0xDB, pte_addr=0x80009030
PTW: Success, final_ppn=0x80001, level=3mem[X,0x000000008000117C] -> 0x0013
PTW: Start, vpn=0x30080001, access_type=X, privilege=Umem[R,0x0000000080009030] -> 0x00000000000000DB
PTW: Step, level=3, pte=0xDB, pte_addr=0x80009030
PTW: Success, final_ppn=0x80001, level=3mem[X,0x000000008000117E] -> 0x0000
[1551] [U]: 0x000003008000117C (0x00000013) addi x0, x0, 0x0                        va_rvtest_code_begin+2496

clint mtime 0x0000000000000308 (mip.MTI <- 0b1, mip.STI <- 0b0)
PTW: Start, vpn=0x30080001, access_type=X, privilege=Umem[R,0x0000000080009030] -> 0x00000000000000DB
PTW: Step, level=3, pte=0xDB, pte_addr=0x80009030
PTW: Success, final_ppn=0x80001, level=3mem[X,0x0000000080001180] -> 0x0217
PTW: Start, vpn=0x30080001, access_type=X, privilege=Umem[R,0x0000000080009030] -> 0x00000000000000DB
PTW: Step, level=3, pte=0xDB, pte_addr=0x80009030
PTW: Success, final_ppn=0x80001, level=3mem[X,0x0000000080001182] -> 0x0000
[1552] [U]: 0x0000030080001180 (0x00000217) auipc x4, 0x0                           va_rvtest_code_begin+2500
x4 <- 0x0000030080001180

PTW: Start, vpn=0x30080001, access_type=X, privilege=Umem[R,0x0000000080009030] -> 0x00000000000000DB
PTW: Step, level=3, pte=0xDB, pte_addr=0x80009030
PTW: Success, final_ppn=0x80001, level=3mem[X,0x0000000080001184] -> 0x0213
PTW: Start, vpn=0x30080001, access_type=X, privilege=Umem[R,0x0000000080009030] -> 0x00000000000000DB
PTW: Step, level=3, pte=0xDB, pte_addr=0x80009030
PTW: Success, final_ppn=0x80001, level=3mem[X,0x0000000080001186] -> 0x02C2
[1553] [U]: 0x0000030080001184 (0x02C20213) addi x4, x4, 0x2c                       va_rvtest_code_begin+2504
x4 <- 0x00000300800011AC

clint mtime 0x0000000000000309 (mip.MTI <- 0b1, mip.STI <- 0b0)
PTW: Start, vpn=0x30080001, access_type=X, privilege=Umem[R,0x0000000080009030] -> 0x00000000000000DB
PTW: Step, level=3, pte=0xDB, pte_addr=0x80009030
PTW: Success, final_ppn=0x80001, level=3mem[X,0x0000000080001188] -> 0x0001
[1554] [U]: 0x0000030080001188 (0x0001) c.nop                                       va_rvtest_code_begin+2508

PTW: Start, vpn=0x30080001, access_type=X, privilege=Umem[R,0x0000000080009030] -> 0x00000000000000DB
PTW: Step, level=3, pte=0xDB, pte_addr=0x80009030
PTW: Success, final_ppn=0x80001, level=3mem[X,0x000000008000118A] -> 0x0013
PTW: Start, vpn=0x30080001, access_type=X, privilege=Umem[R,0x0000000080009030] -> 0x00000000000000DB
PTW: Step, level=3, pte=0xDB, pte_addr=0x80009030
PTW: Success, final_ppn=0x80001, level=3mem[X,0x000000008000118C] -> 0x0000
[1555] [U]: 0x000003008000118A (0x00000013) addi x0, x0, 0x0                        va_rvtest_code_begin+2510

clint mtime 0x000000000000030A (mip.MTI <- 0b1, mip.STI <- 0b0)
PTW: Start, vpn=0x30080001, access_type=X, privilege=Umem[R,0x0000000080009030] -> 0x00000000000000DB
PTW: Step, level=3, pte=0xDB, pte_addr=0x80009030
PTW: Success, final_ppn=0x80001, level=3mem[X,0x000000008000118E] -> 0x0013
PTW: Start, vpn=0x30080001, access_type=X, privilege=Umem[R,0x0000000080009030] -> 0x00000000000000DB
PTW: Step, level=3, pte=0xDB, pte_addr=0x80009030
PTW: Success, final_ppn=0x80001, level=3mem[X,0x0000000080001190] -> 0x0000
[1556] [U]: 0x000003008000118E (0x00000013) addi x0, x0, 0x0                        va_rvtest_code_begin+2514

PTW: Start, vpn=0x30080001, access_type=X, privilege=Umem[R,0x0000000080009030] -> 0x00000000000000DB
PTW: Step, level=3, pte=0xDB, pte_addr=0x80009030
PTW: Success, final_ppn=0x80001, level=3mem[X,0x0000000080001192] -> 0x0013
PTW: Start, vpn=0x30080001, access_type=X, privilege=Umem[R,0x0000000080009030] -> 0x00000000000000DB
PTW: Step, level=3, pte=0xDB, pte_addr=0x80009030
PTW: Success, final_ppn=0x80001, level=3mem[X,0x0000000080001194] -> 0x0000
[1557] [U]: 0x0000030080001192 (0x00000013) addi x0, x0, 0x0                        va_rvtest_code_begin+2518

clint mtime 0x000000000000030B (mip.MTI <- 0b1, mip.STI <- 0b0)
PTW: Start, vpn=0x30080001, access_type=X, privilege=Umem[R,0x0000000080009030] -> 0x00000000000000DB
PTW: Step, level=3, pte=0xDB, pte_addr=0x80009030
PTW: Success, final_ppn=0x80001, level=3mem[X,0x0000000080001196] -> 0x0013
PTW: Start, vpn=0x30080001, access_type=X, privilege=Umem[R,0x0000000080009030] -> 0x00000000000000DB
PTW: Step, level=3, pte=0xDB, pte_addr=0x80009030
PTW: Success, final_ppn=0x80001, level=3mem[X,0x0000000080001198] -> 0x0000
[1558] [U]: 0x0000030080001196 (0x00000013) addi x0, x0, 0x0                        va_rvtest_code_begin+2522

PTW: Start, vpn=0x30080001, access_type=X, privilege=Umem[R,0x0000000080009030] -> 0x00000000000000DB
PTW: Step, level=3, pte=0xDB, pte_addr=0x80009030
PTW: Success, final_ppn=0x80001, level=3mem[X,0x000000008000119A] -> 0x0013
PTW: Start, vpn=0x30080001, access_type=X, privilege=Umem[R,0x0000000080009030] -> 0x00000000000000DB
PTW: Step, level=3, pte=0xDB, pte_addr=0x80009030
PTW: Success, final_ppn=0x80001, level=3mem[X,0x000000008000119C] -> 0x0000
[1559] [U]: 0x000003008000119A (0x00000013) addi x0, x0, 0x0                        va_rvtest_code_begin+2526

clint mtime 0x000000000000030C (mip.MTI <- 0b1, mip.STI <- 0b0)
PTW: Start, vpn=0x30080001, access_type=X, privilege=Umem[R,0x0000000080009030] -> 0x00000000000000DB
PTW: Step, level=3, pte=0xDB, pte_addr=0x80009030
PTW: Success, final_ppn=0x80001, level=3mem[X,0x000000008000119E] -> 0x0001
[1560] [U]: 0x000003008000119E (0x0001) c.nop                                       va_rvtest_code_begin+2530

PTW: Start, vpn=0x30080001, access_type=X, privilege=Umem[R,0x0000000080009030] -> 0x00000000000000DB
PTW: Step, level=3, pte=0xDB, pte_addr=0x80009030
PTW: Success, final_ppn=0x80001, level=3mem[X,0x00000000800011A0] -> 0x80E7
PTW: Start, vpn=0x30080001, access_type=X, privilege=Umem[R,0x0000000080009030] -> 0x00000000000000DB
PTW: Step, level=3, pte=0xDB, pte_addr=0x80009030
PTW: Success, final_ppn=0x80001, level=3mem[X,0x00000000800011A2] -> 0x0007
[1561] [U]: 0x00000300800011A0 (0x000780E7) jalr x1, 0x0(x15)                       va_rvtest_code_begin+2532
x1 <- 0x00000300800011A4

clint mtime 0x000000000000030D (mip.MTI <- 0b1, mip.STI <- 0b0)
PTW: Start, vpn=0x28000000, access_type=X, privilege=Umem[R,0x0000000080009028] -> 0x0000000020002001
PTW: Step, level=3, pte=0x20002001, pte_addr=0x80009028
PTW: Start, vpn=0x28000000, access_type=X, privilege=Umem[R,0x0000000080008000] -> 0x00000000200002DF
PTW: Step, level=2, pte=0x200002DF, pte_addr=0x80008000
PTW: Success, final_ppn=0x80000, level=2mem[X,0x0000000080000400] -> 0x0013
mem[X,0x0000000080000402] -> 0x0000
[1562] [U]: 0x0000028000000400 (0x00000013) addi x0, x0, 0x0                        va_data+0

mem[X,0x0000000080000404] -> 0x8093
mem[X,0x0000000080000406] -> 0x0080
[1563] [U]: 0x0000028000000404 (0x00808093) addi x1, x1, 0x8                        va_data+4
x1 <- 0x00000300800011AC

clint mtime 0x000000000000030E (mip.MTI <- 0b1, mip.STI <- 0b0)
mem[X,0x0000000080000408] -> 0x8067
mem[X,0x000000008000040A] -> 0x0000
[1564] [U]: 0x0000028000000408 (0x00008067) jalr x0, 0x0(x1)                        va_data+8

PTW: Start, vpn=0x30080001, access_type=X, privilege=Umem[R,0x0000000080009030] -> 0x00000000000000DB
PTW: Step, level=3, pte=0xDB, pte_addr=0x80009030
PTW: Success, final_ppn=0x80001, level=3mem[X,0x00000000800011AC] -> 0x0013
PTW: Start, vpn=0x30080001, access_type=X, privilege=Umem[R,0x0000000080009030] -> 0x00000000000000DB
PTW: Step, level=3, pte=0xDB, pte_addr=0x80009030
PTW: Success, final_ppn=0x80001, level=3mem[X,0x00000000800011AE] -> 0x0000
[1565] [U]: 0x00000300800011AC (0x00000013) addi x0, x0, 0x0                        va_rvtest_code_begin+2544

clint mtime 0x000000000000030F (mip.MTI <- 0b1, mip.STI <- 0b0)
PTW: Start, vpn=0x30080001, access_type=X, privilege=Umem[R,0x0000000080009030] -> 0x00000000000000DB
PTW: Step, level=3, pte=0xDB, pte_addr=0x80009030
PTW: Success, final_ppn=0x80001, level=3mem[X,0x00000000800011B0] -> 0x0013
PTW: Start, vpn=0x30080001, access_type=X, privilege=Umem[R,0x0000000080009030] -> 0x00000000000000DB
PTW: Step, level=3, pte=0xDB, pte_addr=0x80009030
PTW: Success, final_ppn=0x80001, level=3mem[X,0x00000000800011B2] -> 0x0000
[1566] [U]: 0x00000300800011B0 (0x00000013) addi x0, x0, 0x0                        va_rvtest_code_begin+2548

PTW: Start, vpn=0x30080001, access_type=X, privilege=Umem[R,0x0000000080009030] -> 0x00000000000000DB
PTW: Step, level=3, pte=0xDB, pte_addr=0x80009030
PTW: Success, final_ppn=0x80001, level=3mem[X,0x00000000800011B4] -> 0x0013
PTW: Start, vpn=0x30080001, access_type=X, privilege=Umem[R,0x0000000080009030] -> 0x00000000000000DB
PTW: Step, level=3, pte=0xDB, pte_addr=0x80009030
PTW: Success, final_ppn=0x80001, level=3mem[X,0x00000000800011B6] -> 0x0000
[1567] [U]: 0x00000300800011B4 (0x00000013) addi x0, x0, 0x0                        va_rvtest_code_begin+2552

clint mtime 0x0000000000000310 (mip.MTI <- 0b1, mip.STI <- 0b0)
PTW: Start, vpn=0x30080001, access_type=X, privilege=Umem[R,0x0000000080009030] -> 0x00000000000000DB
PTW: Step, level=3, pte=0xDB, pte_addr=0x80009030
PTW: Success, final_ppn=0x80001, level=3mem[X,0x00000000800011B8] -> 0x0113
PTW: Start, vpn=0x30080001, access_type=X, privilege=Umem[R,0x0000000080009030] -> 0x00000000000000DB
PTW: Step, level=3, pte=0xDB, pte_addr=0x80009030
PTW: Success, final_ppn=0x80001, level=3mem[X,0x00000000800011BA] -> 0x0000
[1568] [U]: 0x00000300800011B8 (0x00000113) addi x2, x0, 0x0                        va_rvtest_code_begin+2556
x2 <- 0x0000000000000000

PTW: Start, vpn=0x30080001, access_type=X, privilege=Umem[R,0x0000000080009030] -> 0x00000000000000DB
PTW: Step, level=3, pte=0xDB, pte_addr=0x80009030
PTW: Success, final_ppn=0x80001, level=3mem[X,0x00000000800011BC] -> 0x0073
PTW: Start, vpn=0x30080001, access_type=X, privilege=Umem[R,0x0000000080009030] -> 0x00000000000000DB
PTW: Step, level=3, pte=0xDB, pte_addr=0x80009030
PTW: Success, final_ppn=0x80001, level=3mem[X,0x00000000800011BE] -> 0x0000
[1569] [U]: 0x00000300800011BC (0x00000073) ecall                                   va_rvtest_code_begin+2560
trapping from U to M to handle u-call
handling exc#u-call at priv M with tval 0x0000000000000000
CSR mstatus (0x300) <- 0x0000000A00000000
CSR mcause (0x342) <- 0x0000000000000008
CSR mtval (0x343) <- 0x0000000000000000
CSR mepc (0x341) <- 0x00000300800011BC

clint mtime 0x0000000000000311 (mip.MTI <- 0b1, mip.STI <- 0b0)
mem[X,0x0000000080002380] -> 0x006F
mem[X,0x0000000080002382] -> 0x1000
[1570] [M]: 0x0000000080002380 (0x1000006F) jal x0, 0x100                           Mtrampoline+0

mem[X,0x0000000080002480] -> 0x1173
mem[X,0x0000000080002482] -> 0x3401
[1571] [M]: 0x0000000080002480 (0x34011173) csrrw x2, mscratch, x2                  trap_Mhandler+0
CSR mscratch (0x340) <- 0x0000000000000000
x2 <- 0x0000000080005000

clint mtime 0x0000000000000312 (mip.MTI <- 0b1, mip.STI <- 0b0)
mem[X,0x0000000080002484] -> 0x3423
mem[X,0x0000000080002486] -> 0x28B1
[1572] [M]: 0x0000000080002484 (0x28B13423) sd x11, 0x288(x2)                       trap_Mhandler+4
mem[W,0x0000000080005288] <- 0x00000000000002DF

mem[X,0x0000000080002488] -> 0x05EF
mem[X,0x000000008000248A] -> 0x0B80
[1573] [M]: 0x0000000080002488 (0x0B8005EF) jal x11, 0xb8                           trap_Mhandler+8
x11 <- 0x000000008000248C

clint mtime 0x0000000000000313 (mip.MTI <- 0b1, mip.STI <- 0b0)
mem[X,0x0000000080002540] -> 0x3023
mem[X,0x0000000080002542] -> 0x28A1
[1574] [M]: 0x0000000080002540 (0x28A13023) sd x10, 0x280(x2)                       common_Mhandler+0
mem[W,0x0000000080005280] <- 0x00000000200002DF

mem[X,0x0000000080002544] -> 0x1573
mem[X,0x0000000080002546] -> 0x3401
[1575] [M]: 0x0000000080002544 (0x34011573) csrrw x10, mscratch, x2                 common_Mhandler+4
CSR mscratch (0x340) <- 0x0000000080005000
x10 <- 0x0000000000000000

clint mtime 0x0000000000000314 (mip.MTI <- 0b1, mip.STI <- 0b0)
mem[X,0x0000000080002548] -> 0x3823
mem[X,0x000000008000254A] -> 0x28A1
[1576] [M]: 0x0000000080002548 (0x28A13823) sd x10, 0x290(x2)                       common_Mhandler+8
mem[W,0x0000000080005290] <- 0x0000000000000000

mem[X,0x000000008000254C] -> 0x3503
mem[X,0x000000008000254E] -> 0x2301
[1577] [M]: 0x000000008000254C (0x23013503) ld x10, 0x230(x2)                       common_Mhandler+12
mem[R,0x0000000080005230] -> 0x0000000080002554
x10 <- 0x0000000080002554

clint mtime 0x0000000000000315 (mip.MTI <- 0b1, mip.STI <- 0b0)
mem[X,0x0000000080002550] -> 0x0067
mem[X,0x0000000080002552] -> 0x0005
[1578] [M]: 0x0000000080002550 (0x00050067) jalr x0, 0x0(x10)                       common_Mhandler+16

mem[X,0x0000000080002554] -> 0x3C23
mem[X,0x0000000080002556] -> 0x2691
[1579] [M]: 0x0000000080002554 (0x26913C23) sd x9, 0x278(x2)                        common_Mentry+0
mem[W,0x0000000080005278] <- 0x000003000000013C

clint mtime 0x0000000000000316 (mip.MTI <- 0b1, mip.STI <- 0b0)
mem[X,0x0000000080002558] -> 0x3823
mem[X,0x000000008000255A] -> 0x2681
[1580] [M]: 0x0000000080002558 (0x26813823) sd x8, 0x270(x2)                        common_Mentry+4
mem[W,0x0000000080005270] <- 0x0000000000007F76

mem[X,0x000000008000255C] -> 0x3423
mem[X,0x000000008000255E] -> 0x2671
[1581] [M]: 0x000000008000255C (0x26713423) sd x7, 0x268(x2)                        common_Mentry+8
mem[W,0x0000000080005268] <- 0x0000000080005000

clint mtime 0x0000000000000317 (mip.MTI <- 0b1, mip.STI <- 0b0)
mem[X,0x0000000080002560] -> 0x3023
mem[X,0x0000000080002562] -> 0x2661
[1582] [M]: 0x0000000080002560 (0x26613023) sd x6, 0x260(x2)                        common_Mentry+12
mem[W,0x0000000080005260] <- 0xFFFFFFFF7FFFF00C

mem[X,0x0000000080002564] -> 0x2573
mem[X,0x0000000080002566] -> 0x3420
[1583] [M]: 0x0000000080002564 (0x34202573) csrrs x10, mcause, x0                   spcl_M2mmode_test+0
CSR mcause (0x342) -> 0x0000000000000008
x10 <- 0x0000000000000008

clint mtime 0x0000000000000318 (mip.MTI <- 0b1, mip.STI <- 0b0)
mem[X,0x0000000080002568] -> 0x04B7
mem[X,0x000000008000256A] -> 0x8000
[1584] [M]: 0x0000000080002568 (0x800004B7) lui x9, -0x80000                        spcl_M2mmode_test+4
x9 <- 0xFFFFFFFF80000000

mem[X,0x000000008000256C] -> 0x8493
mem[X,0x000000008000256E] -> 0x0004
[1585] [M]: 0x000000008000256C (0x00048493) addi x9, x9, 0x0                        spcl_M2mmode_test+8
x9 <- 0xFFFFFFFF80000000

clint mtime 0x0000000000000319 (mip.MTI <- 0b1, mip.STI <- 0b0)
mem[X,0x0000000080002570] -> 0x9493
mem[X,0x0000000080002572] -> 0x00B4
[1586] [M]: 0x0000000080002570 (0x00B49493) slli x9, x9, 0xb                        spcl_M2mmode_test+12
x9 <- 0xFFFFFC0000000000

mem[X,0x0000000080002574] -> 0x8493
mem[X,0x0000000080002576] -> 0x0004
[1587] [M]: 0x0000000080002574 (0x00048493) addi x9, x9, 0x0                        spcl_M2mmode_test+16
x9 <- 0xFFFFFC0000000000

clint mtime 0x000000000000031A (mip.MTI <- 0b1, mip.STI <- 0b0)
mem[X,0x0000000080002578] -> 0x9493
mem[X,0x000000008000257A] -> 0x00B4
[1588] [M]: 0x0000000080002578 (0x00B49493) slli x9, x9, 0xb                        spcl_M2mmode_test+20
x9 <- 0xFFE0000000000000

mem[X,0x000000008000257C] -> 0x8493
mem[X,0x000000008000257E] -> 0x0034
[1589] [M]: 0x000000008000257C (0x00348493) addi x9, x9, 0x3                        spcl_M2mmode_test+24
x9 <- 0xFFE0000000000003

clint mtime 0x000000000000031B (mip.MTI <- 0b1, mip.STI <- 0b0)
mem[X,0x0000000080002580] -> 0x9493
mem[X,0x0000000080002582] -> 0x00A4
[1590] [M]: 0x0000000080002580 (0x00A49493) slli x9, x9, 0xa                        spcl_M2mmode_test+28
x9 <- 0x8000000000000C00

mem[X,0x0000000080002584] -> 0x8493
mem[X,0x0000000080002586] -> 0x3FC4
[1591] [M]: 0x0000000080002584 (0x3FC48493) addi x9, x9, 0x3fc                      spcl_M2mmode_test+32
x9 <- 0x8000000000000FFC

clint mtime 0x000000000000031C (mip.MTI <- 0b1, mip.STI <- 0b0)
mem[X,0x0000000080002588] -> 0xF4B3
mem[X,0x000000008000258A] -> 0x00A4
[1592] [M]: 0x0000000080002588 (0x00A4F4B3) and x9, x9, x10                         spcl_M2mmode_test+36
x9 <- 0x0000000000000008

mem[X,0x000000008000258C] -> 0x8493
mem[X,0x000000008000258E] -> 0xFF84
[1593] [M]: 0x000000008000258C (0xFF848493) addi x9, x9, -0x8                       spcl_M2mmode_test+40
x9 <- 0x0000000000000000

clint mtime 0x000000000000031D (mip.MTI <- 0b1, mip.STI <- 0b0)
mem[X,0x0000000080002590] -> 0x9663
mem[X,0x0000000080002592] -> 0x0004
[1594] [M]: 0x0000000080002590 (0x00049663) bne x9, x0, 0xc                         spcl_M2mmode_test+44

mem[X,0x0000000080002594] -> 0x3383
mem[X,0x0000000080002596] -> 0x2901
[1595] [M]: 0x0000000080002594 (0x29013383) ld x7, 0x290(x2)                        spcl_M2mmode_test+48
mem[R,0x0000000080005290] -> 0x0000000000000000
x7 <- 0x0000000000000000

clint mtime 0x000000000000031E (mip.MTI <- 0b1, mip.STI <- 0b0)
mem[X,0x0000000080002598] -> 0x8663
mem[X,0x000000008000259A] -> 0x6E03
[1596] [M]: 0x0000000080002598 (0x6E038663) beq x7, x0, 0x6ec                       spcl_M2mmode_test+52

mem[X,0x0000000080002C84] -> 0x0493
mem[X,0x0000000080002C86] -> 0xFF55
[1597] [M]: 0x0000000080002C84 (0xFF550493) addi x9, x10, -0xb                      rtn2mmode+0
x9 <- 0xFFFFFFFFFFFFFFFD

clint mtime 0x000000000000031F (mip.MTI <- 0b1, mip.STI <- 0b0)
mem[X,0x0000000080002C88] -> 0x8C63
mem[X,0x0000000080002C8A] -> 0x0004
[1598] [M]: 0x0000000080002C88 (0x00048C63) beq x9, x0, 0x18                        rtn2mmode+4

mem[X,0x0000000080002C8C] -> 0x3583
mem[X,0x0000000080002C8E] -> 0x4701
[1599] [M]: 0x0000000080002C8C (0x47013583) ld x11, 0x470(x2)                       rtn2mmode+8
mem[R,0x0000000080005470] -> 0x00000300800007BC
x11 <- 0x00000300800007BC

clint mtime 0x0000000000000320 (mip.MTI <- 0b1, mip.STI <- 0b0)
mem[X,0x0000000080002C90] -> 0xD463
mem[X,0x0000000080002C92] -> 0x0003
[1600] [M]: 0x0000000080002C90 (0x0003D463) bge x7, x0, 0x8                         rtn2mmode+12

mem[X,0x0000000080002C98] -> 0x3483
mem[X,0x0000000080002C9A] -> 0x1D81
[1601] [M]: 0x0000000080002C98 (0x1D813483) ld x9, 0x1d8(x2)                        from_u_s+0
mem[R,0x00000000800051D8] -> 0x00000000800007D4
x9 <- 0x00000000800007D4

clint mtime 0x0000000000000321 (mip.MTI <- 0b1, mip.STI <- 0b0)
mem[X,0x0000000080002C9C] -> 0x84B3
mem[X,0x0000000080002C9E] -> 0x40B4
[1602] [M]: 0x0000000080002C9C (0x40B484B3) sub x9, x9, x11                         from_u_s+4
x9 <- 0xFFFFFD0000000018

mem[X,0x0000000080002CA0] -> 0x23F3
mem[X,0x0000000080002CA2] -> 0x3410
[1603] [M]: 0x0000000080002CA0 (0x341023F3) csrrs x7, mepc, x0                      rtn_fm_mmode+0
CSR mepc (0x341) -> 0x00000300800011BC
x7 <- 0x00000300800011BC

clint mtime 0x0000000000000322 (mip.MTI <- 0b1, mip.STI <- 0b0)
mem[X,0x0000000080002CA4] -> 0x83B3
mem[X,0x0000000080002CA6] -> 0x0093
[1604] [M]: 0x0000000080002CA4 (0x009383B3) add x7, x7, x9                          rtn_fm_mmode+4
x7 <- 0x00000000800011D4

mem[X,0x0000000080002CA8] -> 0x3303
mem[X,0x0000000080002CAA] -> 0x2601
[1605] [M]: 0x0000000080002CA8 (0x26013303) ld x6, 0x260(x2)                        rtn_fm_mmode+8
mem[R,0x0000000080005260] -> 0xFFFFFFFF7FFFF00C
x6 <- 0xFFFFFFFF7FFFF00C

clint mtime 0x0000000000000323 (mip.MTI <- 0b1, mip.STI <- 0b0)
mem[X,0x0000000080002CAC] -> 0x3403
mem[X,0x0000000080002CAE] -> 0x2701
[1606] [M]: 0x0000000080002CAC (0x27013403) ld x8, 0x270(x2)                        rtn_fm_mmode+12
mem[R,0x0000000080005270] -> 0x0000000000007F76
x8 <- 0x0000000000007F76

mem[X,0x0000000080002CB0] -> 0x3483
mem[X,0x0000000080002CB2] -> 0x2781
[1607] [M]: 0x0000000080002CB0 (0x27813483) ld x9, 0x278(x2)                        rtn_fm_mmode+16
mem[R,0x0000000080005278] -> 0x000003000000013C
x9 <- 0x000003000000013C

clint mtime 0x0000000000000324 (mip.MTI <- 0b1, mip.STI <- 0b0)
mem[X,0x0000000080002CB4] -> 0x3503
mem[X,0x0000000080002CB6] -> 0x2801
[1608] [M]: 0x0000000080002CB4 (0x28013503) ld x10, 0x280(x2)                       rtn_fm_mmode+20
mem[R,0x0000000080005280] -> 0x00000000200002DF
x10 <- 0x00000000200002DF

mem[X,0x0000000080002CB8] -> 0x3583
mem[X,0x0000000080002CBA] -> 0x2881
[1609] [M]: 0x0000000080002CB8 (0x28813583) ld x11, 0x288(x2)                       rtn_fm_mmode+24
mem[R,0x0000000080005288] -> 0x00000000000002DF
x11 <- 0x00000000000002DF

clint mtime 0x0000000000000325 (mip.MTI <- 0b1, mip.STI <- 0b0)
mem[X,0x0000000080002CBC] -> 0x3103
mem[X,0x0000000080002CBE] -> 0x2901
[1610] [M]: 0x0000000080002CBC (0x29013103) ld x2, 0x290(x2)                        rtn_fm_mmode+28
mem[R,0x0000000080005290] -> 0x0000000000000000
x2 <- 0x0000000000000000

mem[X,0x0000000080002CC0] -> 0x8067
mem[X,0x0000000080002CC2] -> 0x0043
[1611] [M]: 0x0000000080002CC0 (0x00438067) jalr x0, 0x4(x7)                        rtn_fm_mmode+32

clint mtime 0x0000000000000326 (mip.MTI <- 0b1, mip.STI <- 0b0)
mem[X,0x00000000800011D8] -> 0x0013
mem[X,0x00000000800011DA] -> 0x0000
[1612] [M]: 0x00000000800011D8 (0x00000013) addi x0, x0, 0x0                        main+2520

mem[X,0x00000000800011DC] -> 0x0013
mem[X,0x00000000800011DE] -> 0x0000
[1613] [M]: 0x00000000800011DC (0x00000013) addi x0, x0, 0x0                        main+2524

clint mtime 0x0000000000000327 (mip.MTI <- 0b1, mip.STI <- 0b0)
mem[X,0x00000000800011E0] -> 0x7517
mem[X,0x00000000800011E2] -> 0x0000
[1614] [M]: 0x00000000800011E0 (0x00007517) auipc x10, 0x7                          main+2528
x10 <- 0x00000000800081E0

mem[X,0x00000000800011E4] -> 0x0513
mem[X,0x00000000800011E6] -> 0xE205
[1615] [M]: 0x00000000800011E4 (0xE2050513) addi x10, x10, -0x1e0                   main+2532
x10 <- 0x0000000080008000

clint mtime 0x0000000000000328 (mip.MTI <- 0b1, mip.STI <- 0b0)
mem[X,0x00000000800011E8] -> 0x0001
[1616] [M]: 0x00000000800011E8 (0x0001) c.nop                                       main+2536

mem[X,0x00000000800011EA] -> 0x0013
mem[X,0x00000000800011EC] -> 0x0000
[1617] [M]: 0x00000000800011EA (0x00000013) addi x0, x0, 0x0                        main+2538

clint mtime 0x0000000000000329 (mip.MTI <- 0b1, mip.STI <- 0b0)
mem[X,0x00000000800011EE] -> 0x0013
mem[X,0x00000000800011F0] -> 0x0000
[1618] [M]: 0x00000000800011EE (0x00000013) addi x0, x0, 0x0                        main+2542

mem[X,0x00000000800011F2] -> 0x0013
mem[X,0x00000000800011F4] -> 0x0000
[1619] [M]: 0x00000000800011F2 (0x00000013) addi x0, x0, 0x0                        main+2546

clint mtime 0x000000000000032A (mip.MTI <- 0b1, mip.STI <- 0b0)
mem[X,0x00000000800011F6] -> 0x0013
mem[X,0x00000000800011F8] -> 0x0000
[1620] [M]: 0x00000000800011F6 (0x00000013) addi x0, x0, 0x0                        main+2550

mem[X,0x00000000800011FA] -> 0x0013
mem[X,0x00000000800011FC] -> 0x0000
[1621] [M]: 0x00000000800011FA (0x00000013) addi x0, x0, 0x0                        main+2554

clint mtime 0x000000000000032B (mip.MTI <- 0b1, mip.STI <- 0b0)
mem[X,0x00000000800011FE] -> 0x0001
[1622] [M]: 0x00000000800011FE (0x0001) c.nop                                       main+2558

mem[X,0x0000000080001200] -> 0x0593
mem[X,0x0000000080001202] -> 0x0010
[1623] [M]: 0x0000000080001200 (0x00100593) addi x11, x0, 0x1                       main+2560
x11 <- 0x0000000000000001

clint mtime 0x000000000000032C (mip.MTI <- 0b1, mip.STI <- 0b0)
mem[X,0x0000000080001204] -> 0x5513
mem[X,0x0000000080001206] -> 0x00C5
[1624] [M]: 0x0000000080001204 (0x00C55513) srli x10, x10, 0xc                      main+2564
x10 <- 0x0000000000080008

mem[X,0x0000000080001208] -> 0x1513
mem[X,0x000000008000120A] -> 0x00A5
[1625] [M]: 0x0000000080001208 (0x00A51513) slli x10, x10, 0xa                      main+2568
x10 <- 0x0000000020002000

clint mtime 0x000000000000032D (mip.MTI <- 0b1, mip.STI <- 0b0)
mem[X,0x000000008000120C] -> 0x6533
mem[X,0x000000008000120E] -> 0x00B5
[1626] [M]: 0x000000008000120C (0x00B56533) or x10, x10, x11                        main+2572
x10 <- 0x0000000020002001

mem[X,0x0000000080001210] -> 0x0013
mem[X,0x0000000080001212] -> 0x0000
[1627] [M]: 0x0000000080001210 (0x00000013) addi x0, x0, 0x0                        main+2576

clint mtime 0x000000000000032E (mip.MTI <- 0b1, mip.STI <- 0b0)
mem[X,0x0000000080001214] -> 0x0013
mem[X,0x0000000080001216] -> 0x0000
[1628] [M]: 0x0000000080001214 (0x00000013) addi x0, x0, 0x0                        main+2580

mem[X,0x0000000080001218] -> 0x0013
mem[X,0x000000008000121A] -> 0x0000
[1629] [M]: 0x0000000080001218 (0x00000013) addi x0, x0, 0x0                        main+2584

clint mtime 0x000000000000032F (mip.MTI <- 0b1, mip.STI <- 0b0)
mem[X,0x000000008000121C] -> 0x0013
mem[X,0x000000008000121E] -> 0x0000
[1630] [M]: 0x000000008000121C (0x00000013) addi x0, x0, 0x0                        main+2588

mem[X,0x0000000080001220] -> 0x8317
mem[X,0x0000000080001222] -> 0x0000
[1631] [M]: 0x0000000080001220 (0x00008317) auipc x6, 0x8                           main+2592
x6 <- 0x0000000080009220

clint mtime 0x0000000000000330 (mip.MTI <- 0b1, mip.STI <- 0b0)
mem[X,0x0000000080001224] -> 0x0313
mem[X,0x0000000080001226] -> 0xDE03
[1632] [M]: 0x0000000080001224 (0xDE030313) addi x6, x6, -0x220                     main+2596
x6 <- 0x0000000080009000

mem[X,0x0000000080001228] -> 0x0001
[1633] [M]: 0x0000000080001228 (0x0001) c.nop                                       main+2600

clint mtime 0x0000000000000331 (mip.MTI <- 0b1, mip.STI <- 0b0)
mem[X,0x000000008000122A] -> 0x0013
mem[X,0x000000008000122C] -> 0x0000
[1634] [M]: 0x000000008000122A (0x00000013) addi x0, x0, 0x0                        main+2602

mem[X,0x000000008000122E] -> 0x0013
mem[X,0x0000000080001230] -> 0x0000
[1635] [M]: 0x000000008000122E (0x00000013) addi x0, x0, 0x0                        main+2606

clint mtime 0x0000000000000332 (mip.MTI <- 0b1, mip.STI <- 0b0)
mem[X,0x0000000080001232] -> 0x0013
mem[X,0x0000000080001234] -> 0x0000
[1636] [M]: 0x0000000080001232 (0x00000013) addi x0, x0, 0x0                        main+2610

mem[X,0x0000000080001236] -> 0x0013
mem[X,0x0000000080001238] -> 0x0000
[1637] [M]: 0x0000000080001236 (0x00000013) addi x0, x0, 0x0                        main+2614

clint mtime 0x0000000000000333 (mip.MTI <- 0b1, mip.STI <- 0b0)
mem[X,0x000000008000123A] -> 0x0013
mem[X,0x000000008000123C] -> 0x0000
[1638] [M]: 0x000000008000123A (0x00000013) addi x0, x0, 0x0                        main+2618

mem[X,0x000000008000123E] -> 0x0001
[1639] [M]: 0x000000008000123E (0x0001) c.nop                                       main+2622

clint mtime 0x0000000000000334 (mip.MTI <- 0b1, mip.STI <- 0b0)
mem[X,0x0000000080001240] -> 0x0293
mem[X,0x0000000080001242] -> 0x0280
[1640] [M]: 0x0000000080001240 (0x02800293) addi x5, x0, 0x28                       main+2624
x5 <- 0x0000000000000028

mem[X,0x0000000080001244] -> 0x0333
mem[X,0x0000000080001246] -> 0x0053
[1641] [M]: 0x0000000080001244 (0x00530333) add x6, x6, x5                          main+2628
x6 <- 0x0000000080009028

clint mtime 0x0000000000000335 (mip.MTI <- 0b1, mip.STI <- 0b0)
mem[X,0x0000000080001248] -> 0x3023
mem[X,0x000000008000124A] -> 0x00A3
[1642] [M]: 0x0000000080001248 (0x00A33023) sd x10, 0x0(x6)                         main+2632
mem[W,0x0000000080009028] <- 0x0000000020002001

mem[X,0x000000008000124C] -> 0x0013
mem[X,0x000000008000124E] -> 0x0000
[1643] [M]: 0x000000008000124C (0x00000013) addi x0, x0, 0x0                        main+2636

clint mtime 0x0000000000000336 (mip.MTI <- 0b1, mip.STI <- 0b0)
mem[X,0x0000000080001250] -> 0x0013
mem[X,0x0000000080001252] -> 0x0000
[1644] [M]: 0x0000000080001250 (0x00000013) addi x0, x0, 0x0                        main+2640

mem[X,0x0000000080001254] -> 0x0013
mem[X,0x0000000080001256] -> 0x0000
[1645] [M]: 0x0000000080001254 (0x00000013) addi x0, x0, 0x0                        main+2644

clint mtime 0x0000000000000337 (mip.MTI <- 0b1, mip.STI <- 0b0)
mem[X,0x0000000080001258] -> 0x0013
mem[X,0x000000008000125A] -> 0x0000
[1646] [M]: 0x0000000080001258 (0x00000013) addi x0, x0, 0x0                        main+2648

mem[X,0x000000008000125C] -> 0x0013
mem[X,0x000000008000125E] -> 0x0000
[1647] [M]: 0x000000008000125C (0x00000013) addi x0, x0, 0x0                        main+2652

clint mtime 0x0000000000000338 (mip.MTI <- 0b1, mip.STI <- 0b0)
mem[X,0x0000000080001260] -> 0xF517
mem[X,0x0000000080001262] -> 0xFFFF
[1648] [M]: 0x0000000080001260 (0xFFFFF517) auipc x10, -0x1                         main+2656
x10 <- 0x0000000080000260

mem[X,0x0000000080001264] -> 0x0513
mem[X,0x0000000080001266] -> 0x1A05
[1649] [M]: 0x0000000080001264 (0x1A050513) addi x10, x10, 0x1a0                    main+2660
x10 <- 0x0000000080000400

clint mtime 0x0000000000000339 (mip.MTI <- 0b1, mip.STI <- 0b0)
mem[X,0x0000000080001268] -> 0x0001
[1650] [M]: 0x0000000080001268 (0x0001) c.nop                                       main+2664

mem[X,0x000000008000126A] -> 0x0013
mem[X,0x000000008000126C] -> 0x0000
[1651] [M]: 0x000000008000126A (0x00000013) addi x0, x0, 0x0                        main+2666

clint mtime 0x000000000000033A (mip.MTI <- 0b1, mip.STI <- 0b0)
mem[X,0x000000008000126E] -> 0x0013
mem[X,0x0000000080001270] -> 0x0000
[1652] [M]: 0x000000008000126E (0x00000013) addi x0, x0, 0x0                        main+2670

mem[X,0x0000000080001272] -> 0x0013
mem[X,0x0000000080001274] -> 0x0000
[1653] [M]: 0x0000000080001272 (0x00000013) addi x0, x0, 0x0                        main+2674

clint mtime 0x000000000000033B (mip.MTI <- 0b1, mip.STI <- 0b0)
mem[X,0x0000000080001276] -> 0x0013
mem[X,0x0000000080001278] -> 0x0000
[1654] [M]: 0x0000000080001276 (0x00000013) addi x0, x0, 0x0                        main+2678

mem[X,0x000000008000127A] -> 0x0013
mem[X,0x000000008000127C] -> 0x0000
[1655] [M]: 0x000000008000127A (0x00000013) addi x0, x0, 0x0                        main+2682

clint mtime 0x000000000000033C (mip.MTI <- 0b1, mip.STI <- 0b0)
mem[X,0x000000008000127E] -> 0x0001
[1656] [M]: 0x000000008000127E (0x0001) c.nop                                       main+2686

mem[X,0x0000000080001280] -> 0x0593
mem[X,0x0000000080001282] -> 0x3DF0
[1657] [M]: 0x0000000080001280 (0x3DF00593) addi x11, x0, 0x3df                     main+2688
x11 <- 0x00000000000003DF

clint mtime 0x000000000000033D (mip.MTI <- 0b1, mip.STI <- 0b0)
mem[X,0x0000000080001284] -> 0x5513
mem[X,0x0000000080001286] -> 0x00C5
[1658] [M]: 0x0000000080001284 (0x00C55513) srli x10, x10, 0xc                      main+2692
x10 <- 0x0000000000080000

mem[X,0x0000000080001288] -> 0x1513
mem[X,0x000000008000128A] -> 0x00A5
[1659] [M]: 0x0000000080001288 (0x00A51513) slli x10, x10, 0xa                      main+2696
x10 <- 0x0000000020000000

clint mtime 0x000000000000033E (mip.MTI <- 0b1, mip.STI <- 0b0)
mem[X,0x000000008000128C] -> 0x6533
mem[X,0x000000008000128E] -> 0x00B5
[1660] [M]: 0x000000008000128C (0x00B56533) or x10, x10, x11                        main+2700
x10 <- 0x00000000200003DF

mem[X,0x0000000080001290] -> 0x0013
mem[X,0x0000000080001292] -> 0x0000
[1661] [M]: 0x0000000080001290 (0x00000013) addi x0, x0, 0x0                        main+2704

clint mtime 0x000000000000033F (mip.MTI <- 0b1, mip.STI <- 0b0)
mem[X,0x0000000080001294] -> 0x0013
mem[X,0x0000000080001296] -> 0x0000
[1662] [M]: 0x0000000080001294 (0x00000013) addi x0, x0, 0x0                        main+2708

mem[X,0x0000000080001298] -> 0x0013
mem[X,0x000000008000129A] -> 0x0000
[1663] [M]: 0x0000000080001298 (0x00000013) addi x0, x0, 0x0                        main+2712

clint mtime 0x0000000000000340 (mip.MTI <- 0b1, mip.STI <- 0b0)
mem[X,0x000000008000129C] -> 0x0013
mem[X,0x000000008000129E] -> 0x0000
[1664] [M]: 0x000000008000129C (0x00000013) addi x0, x0, 0x0                        main+2716

mem[X,0x00000000800012A0] -> 0x7317
mem[X,0x00000000800012A2] -> 0x0000
[1665] [M]: 0x00000000800012A0 (0x00007317) auipc x6, 0x7                           main+2720
x6 <- 0x00000000800082A0

clint mtime 0x0000000000000341 (mip.MTI <- 0b1, mip.STI <- 0b0)
mem[X,0x00000000800012A4] -> 0x0313
mem[X,0x00000000800012A6] -> 0xD603
[1666] [M]: 0x00000000800012A4 (0xD6030313) addi x6, x6, -0x2a0                     main+2724
x6 <- 0x0000000080008000

mem[X,0x00000000800012A8] -> 0x0001
[1667] [M]: 0x00000000800012A8 (0x0001) c.nop                                       main+2728

clint mtime 0x0000000000000342 (mip.MTI <- 0b1, mip.STI <- 0b0)
mem[X,0x00000000800012AA] -> 0x0013
mem[X,0x00000000800012AC] -> 0x0000
[1668] [M]: 0x00000000800012AA (0x00000013) addi x0, x0, 0x0                        main+2730

mem[X,0x00000000800012AE] -> 0x0013
mem[X,0x00000000800012B0] -> 0x0000
[1669] [M]: 0x00000000800012AE (0x00000013) addi x0, x0, 0x0                        main+2734

clint mtime 0x0000000000000343 (mip.MTI <- 0b1, mip.STI <- 0b0)
mem[X,0x00000000800012B2] -> 0x0013
mem[X,0x00000000800012B4] -> 0x0000
[1670] [M]: 0x00000000800012B2 (0x00000013) addi x0, x0, 0x0                        main+2738

mem[X,0x00000000800012B6] -> 0x0013
mem[X,0x00000000800012B8] -> 0x0000
[1671] [M]: 0x00000000800012B6 (0x00000013) addi x0, x0, 0x0                        main+2742

clint mtime 0x0000000000000344 (mip.MTI <- 0b1, mip.STI <- 0b0)
mem[X,0x00000000800012BA] -> 0x0013
mem[X,0x00000000800012BC] -> 0x0000
[1672] [M]: 0x00000000800012BA (0x00000013) addi x0, x0, 0x0                        main+2746

mem[X,0x00000000800012BE] -> 0x0001
[1673] [M]: 0x00000000800012BE (0x0001) c.nop                                       main+2750

clint mtime 0x0000000000000345 (mip.MTI <- 0b1, mip.STI <- 0b0)
mem[X,0x00000000800012C0] -> 0x0293
mem[X,0x00000000800012C2] -> 0x0000
[1674] [M]: 0x00000000800012C0 (0x00000293) addi x5, x0, 0x0                        main+2752
x5 <- 0x0000000000000000

mem[X,0x00000000800012C4] -> 0x0333
mem[X,0x00000000800012C6] -> 0x0053
[1675] [M]: 0x00000000800012C4 (0x00530333) add x6, x6, x5                          main+2756
x6 <- 0x0000000080008000

clint mtime 0x0000000000000346 (mip.MTI <- 0b1, mip.STI <- 0b0)
mem[X,0x00000000800012C8] -> 0x3023
mem[X,0x00000000800012CA] -> 0x00A3
[1676] [M]: 0x00000000800012C8 (0x00A33023) sd x10, 0x0(x6)                         main+2760
mem[W,0x0000000080008000] <- 0x00000000200003DF

mem[X,0x00000000800012CC] -> 0x0073
mem[X,0x00000000800012CE] -> 0x1200
[1677] [M]: 0x00000000800012CC (0x12000073) sfence.vma x0, x0                       main+2764

clint mtime 0x0000000000000347 (mip.MTI <- 0b1, mip.STI <- 0b0)
mem[X,0x00000000800012D0] -> 0x0493
mem[X,0x00000000800012D2] -> 0x0010
[1678] [M]: 0x00000000800012D0 (0x00100493) addi x9, x0, 0x1                        main+2768
x9 <- 0x0000000000000001

mem[X,0x00000000800012D4] -> 0x9493
mem[X,0x00000000800012D6] -> 0x00B4
[1679] [M]: 0x00000000800012D4 (0x00B49493) slli x9, x9, 0xb                        main+2772
x9 <- 0x0000000000000800

clint mtime 0x0000000000000348 (mip.MTI <- 0b1, mip.STI <- 0b0)
mem[X,0x00000000800012D8] -> 0xB073
mem[X,0x00000000800012DA] -> 0x3004
[1680] [M]: 0x00000000800012D8 (0x3004B073) csrrc x0, mstatus, x9                   main+2776
CSR mstatus (0x300) <- 0x0000000A00000000

mem[X,0x00000000800012DC] -> 0x23F3
mem[X,0x00000000800012DE] -> 0x3400
[1681] [M]: 0x00000000800012DC (0x340023F3) csrrs x7, mscratch, x0                  main+2780
CSR mscratch (0x340) -> 0x0000000080005000
x7 <- 0x0000000080005000

clint mtime 0x0000000000000349 (mip.MTI <- 0b1, mip.STI <- 0b0)
mem[X,0x00000000800012E0] -> 0xB303
mem[X,0x00000000800012E2] -> 0x4703
[1682] [M]: 0x00000000800012E0 (0x4703B303) ld x6, 0x470(x7)                        main+2784
mem[R,0x0000000080005470] -> 0x00000300800007BC
x6 <- 0x00000300800007BC

mem[X,0x00000000800012E4] -> 0xB483
mem[X,0x00000000800012E6] -> 0x1D83
[1683] [M]: 0x00000000800012E4 (0x1D83B483) ld x9, 0x1d8(x7)                        main+2788
mem[R,0x00000000800051D8] -> 0x00000000800007D4
x9 <- 0x00000000800007D4

clint mtime 0x000000000000034A (mip.MTI <- 0b1, mip.STI <- 0b0)
mem[X,0x00000000800012E8] -> 0x0333
mem[X,0x00000000800012EA] -> 0x4093
[1684] [M]: 0x00000000800012E8 (0x40930333) sub x6, x6, x9                          main+2792
x6 <- 0x000002FFFFFFFFE8

mem[X,0x00000000800012EC] -> 0x0313
mem[X,0x00000000800012EE] -> 0x0103
[1685] [M]: 0x00000000800012EC (0x01030313) addi x6, x6, 0x10                       main+2796
x6 <- 0x000002FFFFFFFFF8

clint mtime 0x000000000000034B (mip.MTI <- 0b1, mip.STI <- 0b0)
mem[X,0x00000000800012F0] -> 0x0497
mem[X,0x00000000800012F2] -> 0x0000
[1686] [M]: 0x00000000800012F0 (0x00000497) auipc x9, 0x0                           main+2800
x9 <- 0x00000000800012F0

mem[X,0x00000000800012F4] -> 0x84B3
mem[X,0x00000000800012F6] -> 0x0064
[1687] [M]: 0x00000000800012F4 (0x006484B3) add x9, x9, x6                          main+2804
x9 <- 0x00000300800012E8

clint mtime 0x000000000000034C (mip.MTI <- 0b1, mip.STI <- 0b0)
mem[X,0x00000000800012F8] -> 0x94F3
mem[X,0x00000000800012FA] -> 0x3414
[1688] [M]: 0x00000000800012F8 (0x341494F3) csrrw x9, mepc, x9                      main+2808
CSR mepc (0x341) <- 0x00000300800012E8
x9 <- 0x00000300800011BC

mem[X,0x00000000800012FC] -> 0x0073
mem[X,0x00000000800012FE] -> 0x3020
[1689] [M]: 0x00000000800012FC (0x30200073) mret                                    main+2812
CSR mstatus (0x300) <- 0x0000000A00000080
ret-ing from M to U

clint mtime 0x000000000000034D (mip.MTI <- 0b1, mip.STI <- 0b0)
PTW: Start, vpn=0x30080001, access_type=X, privilege=Umem[R,0x0000000080009030] -> 0x00000000000000DB
PTW: Step, level=3, pte=0xDB, pte_addr=0x80009030
PTW: Success, final_ppn=0x80001, level=3mem[X,0x00000000800012E8] -> 0x0333
PTW: Start, vpn=0x30080001, access_type=X, privilege=Umem[R,0x0000000080009030] -> 0x00000000000000DB
PTW: Step, level=3, pte=0xDB, pte_addr=0x80009030
PTW: Success, final_ppn=0x80001, level=3mem[X,0x00000000800012EA] -> 0x4093
[1690] [U]: 0x00000300800012E8 (0x40930333) sub x6, x6, x9                          va_rvtest_code_begin+2860
x6 <- 0xFFFFFFFF7FFFEE3C

PTW: Start, vpn=0x30080001, access_type=X, privilege=Umem[R,0x0000000080009030] -> 0x00000000000000DB
PTW: Step, level=3, pte=0xDB, pte_addr=0x80009030
PTW: Success, final_ppn=0x80001, level=3mem[X,0x00000000800012EC] -> 0x0313
PTW: Start, vpn=0x30080001, access_type=X, privilege=Umem[R,0x0000000080009030] -> 0x00000000000000DB
PTW: Step, level=3, pte=0xDB, pte_addr=0x80009030
PTW: Success, final_ppn=0x80001, level=3mem[X,0x00000000800012EE] -> 0x0103
[1691] [U]: 0x00000300800012EC (0x01030313) addi x6, x6, 0x10                       va_rvtest_code_begin+2864
x6 <- 0xFFFFFFFF7FFFEE4C

clint mtime 0x000000000000034E (mip.MTI <- 0b1, mip.STI <- 0b0)
PTW: Start, vpn=0x30080001, access_type=X, privilege=Umem[R,0x0000000080009030] -> 0x00000000000000DB
PTW: Step, level=3, pte=0xDB, pte_addr=0x80009030
PTW: Success, final_ppn=0x80001, level=3mem[X,0x00000000800012F0] -> 0x0497
PTW: Start, vpn=0x30080001, access_type=X, privilege=Umem[R,0x0000000080009030] -> 0x00000000000000DB
PTW: Step, level=3, pte=0xDB, pte_addr=0x80009030
PTW: Success, final_ppn=0x80001, level=3mem[X,0x00000000800012F2] -> 0x0000
[1692] [U]: 0x00000300800012F0 (0x00000497) auipc x9, 0x0                           va_rvtest_code_begin+2868
x9 <- 0x00000300800012F0

PTW: Start, vpn=0x30080001, access_type=X, privilege=Umem[R,0x0000000080009030] -> 0x00000000000000DB
PTW: Step, level=3, pte=0xDB, pte_addr=0x80009030
PTW: Success, final_ppn=0x80001, level=3mem[X,0x00000000800012F4] -> 0x84B3
PTW: Start, vpn=0x30080001, access_type=X, privilege=Umem[R,0x0000000080009030] -> 0x00000000000000DB
PTW: Step, level=3, pte=0xDB, pte_addr=0x80009030
PTW: Success, final_ppn=0x80001, level=3mem[X,0x00000000800012F6] -> 0x0064
[1693] [U]: 0x00000300800012F4 (0x006484B3) add x9, x9, x6                          va_rvtest_code_begin+2872
x9 <- 0x000003000000013C

clint mtime 0x000000000000034F (mip.MTI <- 0b1, mip.STI <- 0b0)
PTW: Start, vpn=0x30080001, access_type=X, privilege=Umem[R,0x0000000080009030] -> 0x00000000000000DB
PTW: Step, level=3, pte=0xDB, pte_addr=0x80009030
PTW: Success, final_ppn=0x80001, level=3mem[X,0x00000000800012F8] -> 0x94F3
PTW: Start, vpn=0x30080001, access_type=X, privilege=Umem[R,0x0000000080009030] -> 0x00000000000000DB
PTW: Step, level=3, pte=0xDB, pte_addr=0x80009030
PTW: Success, final_ppn=0x80001, level=3mem[X,0x00000000800012FA] -> 0x3414
[1694] [U]: 0x00000300800012F8 (0x341494F3) csrrw x9, mepc, x9                      va_rvtest_code_begin+2876
trapping from U to M to handle illegal-instruction
handling exc#illegal-instruction at priv M with tval 0x00000000341494F3
CSR mstatus (0x300) <- 0x0000000A00000000
CSR mcause (0x342) <- 0x0000000000000002
CSR mtval (0x343) <- 0x00000000341494F3
CSR mepc (0x341) <- 0x00000300800012F8

mem[X,0x0000000080002380] -> 0x006F
mem[X,0x0000000080002382] -> 0x1000
[1695] [M]: 0x0000000080002380 (0x1000006F) jal x0, 0x100                           Mtrampoline+0

clint mtime 0x0000000000000350 (mip.MTI <- 0b1, mip.STI <- 0b0)
mem[X,0x0000000080002480] -> 0x1173
mem[X,0x0000000080002482] -> 0x3401
[1696] [M]: 0x0000000080002480 (0x34011173) csrrw x2, mscratch, x2                  trap_Mhandler+0
CSR mscratch (0x340) <- 0x0000000000000000
x2 <- 0x0000000080005000

mem[X,0x0000000080002484] -> 0x3423
mem[X,0x0000000080002486] -> 0x28B1
[1697] [M]: 0x0000000080002484 (0x28B13423) sd x11, 0x288(x2)                       trap_Mhandler+4
mem[W,0x0000000080005288] <- 0x00000000000003DF

clint mtime 0x0000000000000351 (mip.MTI <- 0b1, mip.STI <- 0b0)
mem[X,0x0000000080002488] -> 0x05EF
mem[X,0x000000008000248A] -> 0x0B80
[1698] [M]: 0x0000000080002488 (0x0B8005EF) jal x11, 0xb8                           trap_Mhandler+8
x11 <- 0x000000008000248C

mem[X,0x0000000080002540] -> 0x3023
mem[X,0x0000000080002542] -> 0x28A1
[1699] [M]: 0x0000000080002540 (0x28A13023) sd x10, 0x280(x2)                       common_Mhandler+0
mem[W,0x0000000080005280] <- 0x00000000200003DF

clint mtime 0x0000000000000352 (mip.MTI <- 0b1, mip.STI <- 0b0)
mem[X,0x0000000080002544] -> 0x1573
mem[X,0x0000000080002546] -> 0x3401
[1700] [M]: 0x0000000080002544 (0x34011573) csrrw x10, mscratch, x2                 common_Mhandler+4
CSR mscratch (0x340) <- 0x0000000080005000
x10 <- 0x0000000000000000

mem[X,0x0000000080002548] -> 0x3823
mem[X,0x000000008000254A] -> 0x28A1
[1701] [M]: 0x0000000080002548 (0x28A13823) sd x10, 0x290(x2)                       common_Mhandler+8
mem[W,0x0000000080005290] <- 0x0000000000000000

clint mtime 0x0000000000000353 (mip.MTI <- 0b1, mip.STI <- 0b0)
mem[X,0x000000008000254C] -> 0x3503
mem[X,0x000000008000254E] -> 0x2301
[1702] [M]: 0x000000008000254C (0x23013503) ld x10, 0x230(x2)                       common_Mhandler+12
mem[R,0x0000000080005230] -> 0x0000000080002554
x10 <- 0x0000000080002554

mem[X,0x0000000080002550] -> 0x0067
mem[X,0x0000000080002552] -> 0x0005
[1703] [M]: 0x0000000080002550 (0x00050067) jalr x0, 0x0(x10)                       common_Mhandler+16

clint mtime 0x0000000000000354 (mip.MTI <- 0b1, mip.STI <- 0b0)
mem[X,0x0000000080002554] -> 0x3C23
mem[X,0x0000000080002556] -> 0x2691
[1704] [M]: 0x0000000080002554 (0x26913C23) sd x9, 0x278(x2)                        common_Mentry+0
mem[W,0x0000000080005278] <- 0x000003000000013C

mem[X,0x0000000080002558] -> 0x3823
mem[X,0x000000008000255A] -> 0x2681
[1705] [M]: 0x0000000080002558 (0x26813823) sd x8, 0x270(x2)                        common_Mentry+4
mem[W,0x0000000080005270] <- 0x0000000000007F76

clint mtime 0x0000000000000355 (mip.MTI <- 0b1, mip.STI <- 0b0)
mem[X,0x000000008000255C] -> 0x3423
mem[X,0x000000008000255E] -> 0x2671
[1706] [M]: 0x000000008000255C (0x26713423) sd x7, 0x268(x2)                        common_Mentry+8
mem[W,0x0000000080005268] <- 0x0000000080005000

mem[X,0x0000000080002560] -> 0x3023
mem[X,0x0000000080002562] -> 0x2661
[1707] [M]: 0x0000000080002560 (0x26613023) sd x6, 0x260(x2)                        common_Mentry+12
mem[W,0x0000000080005260] <- 0xFFFFFFFF7FFFEE4C

clint mtime 0x0000000000000356 (mip.MTI <- 0b1, mip.STI <- 0b0)
mem[X,0x0000000080002564] -> 0x2573
mem[X,0x0000000080002566] -> 0x3420
[1708] [M]: 0x0000000080002564 (0x34202573) csrrs x10, mcause, x0                   spcl_M2mmode_test+0
CSR mcause (0x342) -> 0x0000000000000002
x10 <- 0x0000000000000002

mem[X,0x0000000080002568] -> 0x04B7
mem[X,0x000000008000256A] -> 0x8000
[1709] [M]: 0x0000000080002568 (0x800004B7) lui x9, -0x80000                        spcl_M2mmode_test+4
x9 <- 0xFFFFFFFF80000000

clint mtime 0x0000000000000357 (mip.MTI <- 0b1, mip.STI <- 0b0)
mem[X,0x000000008000256C] -> 0x8493
mem[X,0x000000008000256E] -> 0x0004
[1710] [M]: 0x000000008000256C (0x00048493) addi x9, x9, 0x0                        spcl_M2mmode_test+8
x9 <- 0xFFFFFFFF80000000

mem[X,0x0000000080002570] -> 0x9493
mem[X,0x0000000080002572] -> 0x00B4
[1711] [M]: 0x0000000080002570 (0x00B49493) slli x9, x9, 0xb                        spcl_M2mmode_test+12
x9 <- 0xFFFFFC0000000000

clint mtime 0x0000000000000358 (mip.MTI <- 0b1, mip.STI <- 0b0)
mem[X,0x0000000080002574] -> 0x8493
mem[X,0x0000000080002576] -> 0x0004
[1712] [M]: 0x0000000080002574 (0x00048493) addi x9, x9, 0x0                        spcl_M2mmode_test+16
x9 <- 0xFFFFFC0000000000

mem[X,0x0000000080002578] -> 0x9493
mem[X,0x000000008000257A] -> 0x00B4
[1713] [M]: 0x0000000080002578 (0x00B49493) slli x9, x9, 0xb                        spcl_M2mmode_test+20
x9 <- 0xFFE0000000000000

clint mtime 0x0000000000000359 (mip.MTI <- 0b1, mip.STI <- 0b0)
mem[X,0x000000008000257C] -> 0x8493
mem[X,0x000000008000257E] -> 0x0034
[1714] [M]: 0x000000008000257C (0x00348493) addi x9, x9, 0x3                        spcl_M2mmode_test+24
x9 <- 0xFFE0000000000003

mem[X,0x0000000080002580] -> 0x9493
mem[X,0x0000000080002582] -> 0x00A4
[1715] [M]: 0x0000000080002580 (0x00A49493) slli x9, x9, 0xa                        spcl_M2mmode_test+28
x9 <- 0x8000000000000C00

clint mtime 0x000000000000035A (mip.MTI <- 0b1, mip.STI <- 0b0)
mem[X,0x0000000080002584] -> 0x8493
mem[X,0x0000000080002586] -> 0x3FC4
[1716] [M]: 0x0000000080002584 (0x3FC48493) addi x9, x9, 0x3fc                      spcl_M2mmode_test+32
x9 <- 0x8000000000000FFC

mem[X,0x0000000080002588] -> 0xF4B3
mem[X,0x000000008000258A] -> 0x00A4
[1717] [M]: 0x0000000080002588 (0x00A4F4B3) and x9, x9, x10                         spcl_M2mmode_test+36
x9 <- 0x0000000000000000

clint mtime 0x000000000000035B (mip.MTI <- 0b1, mip.STI <- 0b0)
mem[X,0x000000008000258C] -> 0x8493
mem[X,0x000000008000258E] -> 0xFF84
[1718] [M]: 0x000000008000258C (0xFF848493) addi x9, x9, -0x8                       spcl_M2mmode_test+40
x9 <- 0xFFFFFFFFFFFFFFF8

mem[X,0x0000000080002590] -> 0x9663
mem[X,0x0000000080002592] -> 0x0004
[1719] [M]: 0x0000000080002590 (0x00049663) bne x9, x0, 0xc                         spcl_M2mmode_test+44

clint mtime 0x000000000000035C (mip.MTI <- 0b1, mip.STI <- 0b0)
mem[X,0x000000008000259C] -> 0x0393
mem[X,0x000000008000259E] -> 0x0200
[1720] [M]: 0x000000008000259C (0x02000393) addi x7, x0, 0x20                       Mtrapsig_ptr_upd+0
x7 <- 0x0000000000000020

mem[X,0x00000000800025A0] -> 0x5263
mem[X,0x00000000800025A2] -> 0x0405
[1721] [M]: 0x00000000800025A0 (0x04055263) bge x10, x0, 0x44                       Mtrapsig_ptr_upd+4

clint mtime 0x000000000000035D (mip.MTI <- 0b1, mip.STI <- 0b0)
mem[X,0x00000000800025E4] -> 0x2373
mem[X,0x00000000800025E6] -> 0x3010
[1722] [M]: 0x00000000800025E4 (0x30102373) csrrs x6, misa, x0                      Mxcpt_sig_sv+0
CSR misa (0x301) -> 0x800000000034112F
x6 <- 0x800000000034112F

mem[X,0x00000000800025E8] -> 0x1313
mem[X,0x00000000800025EA] -> 0x0383
[1723] [M]: 0x00000000800025E8 (0x03831313) slli x6, x6, 0x38                       Mxcpt_sig_sv+4
x6 <- 0x2F00000000000000

clint mtime 0x000000000000035E (mip.MTI <- 0b1, mip.STI <- 0b0)
mem[X,0x00000000800025EC] -> 0x5463
mem[X,0x00000000800025EE] -> 0x0003
[1724] [M]: 0x00000000800025EC (0x00035463) bge x6, x0, 0x8                         Mxcpt_sig_sv+8

mem[X,0x00000000800025F4] -> 0x3303
mem[X,0x00000000800025F6] -> 0x2181
[1725] [M]: 0x00000000800025F4 (0x21813303) ld x6, 0x218(x2)                        Mtrap_sig_sv+0
mem[R,0x0000000080005218] -> 0x000000008000A5B8
x6 <- 0x000000008000A5B8

clint mtime 0x000000000000035F (mip.MTI <- 0b1, mip.STI <- 0b0)
mem[X,0x00000000800025F8] -> 0x04B3
mem[X,0x00000000800025FA] -> 0x0073
[1726] [M]: 0x00000000800025F8 (0x007304B3) add x9, x6, x7                          Mtrap_sig_sv+4
x9 <- 0x000000008000A5D8

mem[X,0x00000000800025FC] -> 0x3C23
mem[X,0x00000000800025FE] -> 0x2091
[1727] [M]: 0x00000000800025FC (0x20913C23) sd x9, 0x218(x2)                        Mtrap_sig_sv+8
mem[W,0x0000000080005218] <- 0x000000008000A5D8

clint mtime 0x0000000000000360 (mip.MTI <- 0b1, mip.STI <- 0b0)
mem[X,0x0000000080002600] -> 0x3403
mem[X,0x0000000080002602] -> 0x1F81
[1728] [M]: 0x0000000080002600 (0x1F813403) ld x8, 0x1f8(x2)                        Mtrap_sig_sv+12
mem[R,0x00000000800051F8] -> 0x000000008000A110
x8 <- 0x000000008000A110

mem[X,0x0000000080002604] -> 0x0333
mem[X,0x0000000080002606] -> 0x4083
[1729] [M]: 0x0000000080002604 (0x40830333) sub x6, x6, x8                          Mtrap_sig_sv+16
x6 <- 0x00000000000004A8

clint mtime 0x0000000000000361 (mip.MTI <- 0b1, mip.STI <- 0b0)
mem[X,0x0000000080002608] -> 0x3403
mem[X,0x000000008000260A] -> 0x1F81
[1730] [M]: 0x0000000080002608 (0x1F813403) ld x8, 0x1f8(x2)                        Mtrap_sig_sv+20
mem[R,0x00000000800051F8] -> 0x000000008000A110
x8 <- 0x000000008000A110

mem[X,0x000000008000260C] -> 0x0333
mem[X,0x000000008000260E] -> 0x0083
[1731] [M]: 0x000000008000260C (0x00830333) add x6, x6, x8                          Mtrap_sig_sv+24
x6 <- 0x000000008000A5B8

clint mtime 0x0000000000000362 (mip.MTI <- 0b1, mip.STI <- 0b0)
mem[X,0x0000000080002610] -> 0x3403
mem[X,0x0000000080002612] -> 0x2401
[1732] [M]: 0x0000000080002610 (0x24013403) ld x8, 0x240(x2)                        Mtrap_sig_sv+28
mem[R,0x0000000080005240] -> 0x0000000080002380
x8 <- 0x0000000080002380

mem[X,0x0000000080002614] -> 0x85B3
mem[X,0x0000000080002616] -> 0x4085
[1733] [M]: 0x0000000080002614 (0x408585B3) sub x11, x11, x8                        sv_Mvect+0
x11 <- 0x000000000000010C

clint mtime 0x0000000000000363 (mip.MTI <- 0b1, mip.STI <- 0b0)
mem[X,0x0000000080002618] -> 0x9593
mem[X,0x000000008000261A] -> 0x0045
[1734] [M]: 0x0000000080002618 (0x00459593) slli x11, x11, 0x4                      sv_Mvect+4
x11 <- 0x00000000000010C0

mem[X,0x000000008000261C] -> 0xE5B3
mem[X,0x000000008000261E] -> 0x0075
[1735] [M]: 0x000000008000261C (0x0075E5B3) or x11, x11, x7                         sv_Mvect+8
x11 <- 0x00000000000010E0

clint mtime 0x0000000000000364 (mip.MTI <- 0b1, mip.STI <- 0b0)
mem[X,0x0000000080002620] -> 0x8593
mem[X,0x0000000080002622] -> 0x0035
[1736] [M]: 0x0000000080002620 (0x00358593) addi x11, x11, 0x3                      sv_Mvect+12
x11 <- 0x00000000000010E3

mem[X,0x0000000080002624] -> 0x3023
mem[X,0x0000000080002626] -> 0x00B3
[1737] [M]: 0x0000000080002624 (0x00B33023) sd x11, 0x0(x6)                         sv_Mvect+16
mem[W,0x000000008000A5B8] <- 0x00000000000010E3

clint mtime 0x0000000000000365 (mip.MTI <- 0b1, mip.STI <- 0b0)
mem[X,0x0000000080002628] -> 0x3423
mem[X,0x000000008000262A] -> 0x00A3
[1738] [M]: 0x0000000080002628 (0x00A33423) sd x10, 0x8(x6)                         sv_Mcause+0
mem[W,0x000000008000A5C0] <- 0x0000000000000002

mem[X,0x000000008000262C] -> 0x4663
mem[X,0x000000008000262E] -> 0x1A05
[1739] [M]: 0x000000008000262C (0x1A054663) blt x10, x0, 0x1ac                      sv_Mcause+4

clint mtime 0x0000000000000366 (mip.MTI <- 0b1, mip.STI <- 0b0)
mem[X,0x0000000080002630] -> 0x25F3
mem[X,0x0000000080002632] -> 0x3000
[1740] [M]: 0x0000000080002630 (0x300025F3) csrrs x11, mstatus, x0                  common_Mexcpt_handler+0
CSR mstatus (0x300) -> 0x0000000A00000000
x11 <- 0x0000000A00000000

mem[X,0x0000000080002634] -> 0x9413
mem[X,0x0000000080002636] -> 0x02E5
[1741] [M]: 0x0000000080002634 (0x02E59413) slli x8, x11, 0x2e                      common_Mexcpt_handler+4
x8 <- 0x0000000000000000

clint mtime 0x0000000000000367 (mip.MTI <- 0b1, mip.STI <- 0b0)
mem[X,0x0000000080002638] -> 0x5463
mem[X,0x000000008000263A] -> 0x0004
[1742] [M]: 0x0000000080002638 (0x00045463) bge x8, x0, 0x8                         common_Mexcpt_handler+8

mem[X,0x0000000080002640] -> 0xD493
mem[X,0x0000000080002642] -> 0x00B5
[1743] [M]: 0x0000000080002640 (0x00B5D493) srli x9, x11, 0xb                       common_Mexcpt_handler+16
x9 <- 0x0000000001400000

clint mtime 0x0000000000000368 (mip.MTI <- 0b1, mip.STI <- 0b0)
mem[X,0x0000000080002644] -> 0xF493
mem[X,0x0000000080002646] -> 0x0034
[1744] [M]: 0x0000000080002644 (0x0034F493) andi x9, x9, 0x3                        common_Mexcpt_handler+20
x9 <- 0x0000000000000000

mem[X,0x0000000080002648] -> 0x8493
mem[X,0x000000008000264A] -> 0x0014
[1745] [M]: 0x0000000080002648 (0x00148493) addi x9, x9, 0x1                        common_Mexcpt_handler+24
x9 <- 0x0000000000000001

clint mtime 0x0000000000000369 (mip.MTI <- 0b1, mip.STI <- 0b0)
mem[X,0x000000008000264C] -> 0xF493
mem[X,0x000000008000264E] -> 0x0044
[1746] [M]: 0x000000008000264C (0x0044F493) andi x9, x9, 0x4                        common_Mexcpt_handler+28
x9 <- 0x0000000000000000

mem[X,0x0000000080002650] -> 0x0593
mem[X,0x0000000080002652] -> 0x05D0
[1747] [M]: 0x0000000080002650 (0x05D00593) addi x11, x0, 0x5d                      common_Mexcpt_handler+32
x11 <- 0x000000000000005D

clint mtime 0x000000000000036A (mip.MTI <- 0b1, mip.STI <- 0b0)
mem[X,0x0000000080002654] -> 0xD5B3
mem[X,0x0000000080002656] -> 0x0095
[1748] [M]: 0x0000000080002654 (0x0095D5B3) srl x11, x11, x9                        common_Mexcpt_handler+36
x11 <- 0x000000000000005D

mem[X,0x0000000080002658] -> 0xF593
mem[X,0x000000008000265A] -> 0x0015
[1749] [M]: 0x0000000080002658 (0x0015F593) andi x11, x11, 0x1                      common_Mexcpt_handler+40
x11 <- 0x0000000000000001

clint mtime 0x000000000000036B (mip.MTI <- 0b1, mip.STI <- 0b0)
mem[X,0x000000008000265C] -> 0x8EE3
mem[X,0x000000008000265E] -> 0xF405
[1750] [M]: 0x000000008000265C (0xF4058EE3) beq x11, x0, -0xa4                      common_Mexcpt_handler+44

mem[X,0x0000000080002660] -> 0x0593
mem[X,0x0000000080002662] -> 0x2980
[1751] [M]: 0x0000000080002660 (0x29800593) addi x11, x0, 0x298                     common_Mexcpt_handler+48
x11 <- 0x0000000000000298

clint mtime 0x000000000000036C (mip.MTI <- 0b1, mip.STI <- 0b0)
mem[X,0x0000000080002664] -> 0xF413
mem[X,0x0000000080002666] -> 0x0014
[1752] [M]: 0x0000000080002664 (0x0014F413) andi x8, x9, 0x1                        common_Mexcpt_handler+52
x8 <- 0x0000000000000000

mem[X,0x0000000080002668] -> 0x95B3
mem[X,0x000000008000266A] -> 0x0085
[1753] [M]: 0x0000000080002668 (0x008595B3) sll x11, x11, x8                        common_Mexcpt_handler+56
x11 <- 0x0000000000000298

clint mtime 0x000000000000036D (mip.MTI <- 0b1, mip.STI <- 0b0)
mem[X,0x000000008000266C] -> 0x9413
mem[X,0x000000008000266E] -> 0x03D4
[1754] [M]: 0x000000008000266C (0x03D49413) slli x8, x9, 0x3d                       common_Mexcpt_handler+60
x8 <- 0x0000000000000000

mem[X,0x0000000080002670] -> 0x5413
mem[X,0x0000000080002672] -> 0x43F4
[1755] [M]: 0x0000000080002670 (0x43F45413) srai x8, x8, 0x3f                       common_Mexcpt_handler+64
x8 <- 0x0000000000000000

clint mtime 0x000000000000036E (mip.MTI <- 0b1, mip.STI <- 0b0)
mem[X,0x0000000080002674] -> 0x4413
mem[X,0x0000000080002676] -> 0xFFF4
[1756] [M]: 0x0000000080002674 (0xFFF44413) xori x8, x8, -0x1                       common_Mexcpt_handler+68
x8 <- 0xFFFFFFFFFFFFFFFF

mem[X,0x0000000080002678] -> 0xF4B3
mem[X,0x000000008000267A] -> 0x0085
[1757] [M]: 0x0000000080002678 (0x0085F4B3) and x9, x11, x8                         common_Mexcpt_handler+72
x9 <- 0x0000000000000298

clint mtime 0x000000000000036F (mip.MTI <- 0b1, mip.STI <- 0b0)
mem[X,0x000000008000267C] -> 0x84B3
mem[X,0x000000008000267E] -> 0x0024
[1758] [M]: 0x000000008000267C (0x002484B3) add x9, x9, x2                          vmem_adj_Mepc+0
x9 <- 0x0000000080005298

mem[X,0x0000000080002680] -> 0x23F3
mem[X,0x0000000080002682] -> 0x3410
[1759] [M]: 0x0000000080002680 (0x341023F3) csrrs x7, mepc, x0                      vmem_adj_Mepc+4
CSR mepc (0x341) -> 0x00000300800012F8
x7 <- 0x00000300800012F8

clint mtime 0x0000000000000370 (mip.MTI <- 0b1, mip.STI <- 0b0)
mem[X,0x0000000080002684] -> 0x0413
mem[X,0x0000000080002686] -> 0x0004
[1760] [M]: 0x0000000080002684 (0x00040413) addi x8, x8, 0x0                        vmem_adj_Mepc+8
x8 <- 0xFFFFFFFFFFFFFFFF

mem[X,0x0000000080002688] -> 0x006F
mem[X,0x000000008000268A] -> 0x0400
[1761] [M]: 0x0000000080002688 (0x0400006F) jal x0, 0x40                            vmem_adj_Mepc+12

clint mtime 0x0000000000000371 (mip.MTI <- 0b1, mip.STI <- 0b0)
mem[X,0x00000000800026C8] -> 0x8433
mem[X,0x00000000800026CA] -> 0x4083
[1762] [M]: 0x00000000800026C8 (0x40838433) sub x8, x7, x8                          adj_Mepc+0
x8 <- 0x00000300800012F9

mem[X,0x00000000800026CC] -> 0x3823
mem[X,0x00000000800026CE] -> 0x0083
[1763] [M]: 0x00000000800026CC (0x00833823) sd x8, 0x10(x6)                         sv_Mepc+0
mem[W,0x000000008000A5C8] <- 0x00000300800012F9

clint mtime 0x0000000000000372 (mip.MTI <- 0b1, mip.STI <- 0b0)
mem[X,0x00000000800026D0] -> 0x55B7
mem[X,0x00000000800026D2] -> 0x0000
[1764] [M]: 0x00000000800026D0 (0x000055B7) lui x11, 0x5                            sv_Mepc+4
x11 <- 0x0000000000005000

mem[X,0x00000000800026D4] -> 0x8593
mem[X,0x00000000800026D6] -> 0x6675
[1765] [M]: 0x00000000800026D4 (0x66758593) addi x11, x11, 0x667                    sv_Mepc+8
x11 <- 0x0000000000005667

clint mtime 0x0000000000000373 (mip.MTI <- 0b1, mip.STI <- 0b0)
mem[X,0x00000000800026D8] -> 0x9593
mem[X,0x00000000800026DA] -> 0x0015
[1766] [M]: 0x00000000800026D8 (0x00159593) slli x11, x11, 0x1                      sv_Mepc+12
x11 <- 0x000000000000ACCE

mem[X,0x00000000800026DC] -> 0x9063
mem[X,0x00000000800026DE] -> 0x02B1
[1767] [M]: 0x00000000800026DC (0x02B19063) bne x3, x11, 0x20                       sv_Mepc+16

clint mtime 0x0000000000000374 (mip.MTI <- 0b1, mip.STI <- 0b0)
mem[X,0x00000000800026E0] -> 0x2473
mem[X,0x00000000800026E2] -> 0x3420
[1768] [M]: 0x00000000800026E0 (0x34202473) csrrs x8, mcause, x0                    sv_Mepc+20
CSR mcause (0x342) -> 0x0000000000000002
x8 <- 0x0000000000000002

mem[X,0x00000000800026E4] -> 0x0593
mem[X,0x00000000800026E6] -> 0x00C0
[1769] [M]: 0x00000000800026E4 (0x00C00593) addi x11, x0, 0xc                       sv_Mepc+24
x11 <- 0x000000000000000C

clint mtime 0x0000000000000375 (mip.MTI <- 0b1, mip.STI <- 0b0)
mem[X,0x00000000800026E8] -> 0x0663
mem[X,0x00000000800026EA] -> 0x00B4
[1770] [M]: 0x00000000800026E8 (0x00B40663) beq x8, x11, 0xc                        sv_Mepc+28

mem[X,0x00000000800026EC] -> 0x0593
mem[X,0x00000000800026EE] -> 0x0010
[1771] [M]: 0x00000000800026EC (0x00100593) addi x11, x0, 0x1                       sv_Mepc+32
x11 <- 0x0000000000000001

clint mtime 0x0000000000000376 (mip.MTI <- 0b1, mip.STI <- 0b0)
mem[X,0x00000000800026F0] -> 0x1663
mem[X,0x00000000800026F2] -> 0x00B4
[1772] [M]: 0x00000000800026F0 (0x00B41663) bne x8, x11, 0xc                        sv_Mepc+36

mem[X,0x00000000800026FC] -> 0xF593
mem[X,0x00000000800026FE] -> 0xFFC3
[1773] [M]: 0x00000000800026FC (0xFFC3F593) andi x11, x7, -0x4                      adj_Mepc_rtn+0
x11 <- 0x00000300800012F8

clint mtime 0x0000000000000377 (mip.MTI <- 0b1, mip.STI <- 0b0)
mem[X,0x0000000080002700] -> 0x8593
mem[X,0x0000000080002702] -> 0x0085
[1774] [M]: 0x0000000080002700 (0x00858593) addi x11, x11, 0x8                      adj_Mepc_rtn+4
x11 <- 0x0000030080001300

mem[X,0x0000000080002704] -> 0x9073
mem[X,0x0000000080002706] -> 0x3415
[1775] [M]: 0x0000000080002704 (0x34159073) csrrw x0, mepc, x11                     adj_Mepc_rtn+8
CSR mepc (0x341) <- 0x0000030080001300

clint mtime 0x0000000000000378 (mip.MTI <- 0b1, mip.STI <- 0b0)
mem[X,0x0000000080002708] -> 0x23F3
mem[X,0x000000008000270A] -> 0x3430
[1776] [M]: 0x0000000080002708 (0x343023F3) csrrs x7, mtval, x0                     skp_adj_Mepc+0
CSR mtval (0x343) -> 0x00000000341494F3
x7 <- 0x00000000341494F3

mem[X,0x000000008000270C] -> 0x0413
mem[X,0x000000008000270E] -> 0x0004
[1777] [M]: 0x000000008000270C (0x00040413) addi x8, x8, 0x0                        skp_adj_Mepc+4
x8 <- 0x0000000000000002

clint mtime 0x0000000000000379 (mip.MTI <- 0b1, mip.STI <- 0b0)
mem[X,0x0000000080002710] -> 0x006F
mem[X,0x0000000080002712] -> 0x0840
[1778] [M]: 0x0000000080002710 (0x0840006F) jal x0, 0x84                            skp_adj_Mepc+8

mem[X,0x0000000080002794] -> 0x8433
mem[X,0x0000000080002796] -> 0x4083
[1779] [M]: 0x0000000080002794 (0x40838433) sub x8, x7, x8                          adj_Mtval+0
x8 <- 0x00000000341494F1

clint mtime 0x000000000000037A (mip.MTI <- 0b1, mip.STI <- 0b0)
mem[X,0x0000000080002798] -> 0x3C23
mem[X,0x000000008000279A] -> 0x0083
[1780] [M]: 0x0000000080002798 (0x00833C23) sd x8, 0x18(x6)                         sv_Mtval+0
mem[W,0x000000008000A5D0] <- 0x00000000341494F1

mem[X,0x000000008000279C] -> 0x3483
mem[X,0x000000008000279E] -> 0x2181
[1781] [M]: 0x000000008000279C (0x21813483) ld x9, 0x218(x2)                        skp_Mtval+0
mem[R,0x0000000080005218] -> 0x000000008000A5D8
x9 <- 0x000000008000A5D8

clint mtime 0x000000000000037B (mip.MTI <- 0b1, mip.STI <- 0b0)
mem[X,0x00000000800027A0] -> 0x3383
mem[X,0x00000000800027A2] -> 0x1F81
[1782] [M]: 0x00000000800027A0 (0x1F813383) ld x7, 0x1f8(x2)                        skp_Mtval+4
mem[R,0x00000000800051F8] -> 0x000000008000A110
x7 <- 0x000000008000A110

mem[X,0x00000000800027A4] -> 0x3303
mem[X,0x00000000800027A6] -> 0x2001
[1783] [M]: 0x00000000800027A4 (0x20013303) ld x6, 0x200(x2)                        skp_Mtval+8
mem[R,0x0000000080005200] -> 0x0000000000000610
x6 <- 0x0000000000000610

clint mtime 0x000000000000037C (mip.MTI <- 0b1, mip.STI <- 0b0)
mem[X,0x00000000800027A8] -> 0x0333
mem[X,0x00000000800027AA] -> 0x0073
[1784] [M]: 0x00000000800027A8 (0x00730333) add x6, x6, x7                          skp_Mtval+12
x6 <- 0x000000008000A720

mem[X,0x00000000800027AC] -> 0x6AE3
mem[X,0x00000000800027AE] -> 0xAE93
[1785] [M]: 0x00000000800027AC (0xAE936AE3) bltu x6, x9, -0x50c                     skp_Mtval+16

clint mtime 0x000000000000037D (mip.MTI <- 0b1, mip.STI <- 0b0)
mem[X,0x00000000800027B0] -> 0x0393
mem[X,0x00000000800027B2] -> 0x2000
[1786] [M]: 0x00000000800027B0 (0x20000393) addi x7, x0, 0x200                      skp_Mtval+20
x7 <- 0x0000000000000200

mem[X,0x00000000800027B4] -> 0x006F
mem[X,0x00000000800027B6] -> 0x0400
[1787] [M]: 0x00000000800027B4 (0x0400006F) jal x0, 0x40                            skp_Mtval+24

clint mtime 0x000000000000037E (mip.MTI <- 0b1, mip.STI <- 0b0)
mem[X,0x00000000800027F4] -> 0x0417
mem[X,0x00000000800027F6] -> 0x0000
[1788] [M]: 0x00000000800027F4 (0x00000417) auipc x8, 0x0                           spcl_Mhandler+0
x8 <- 0x00000000800027F4

mem[X,0x00000000800027F8] -> 0x0413
mem[X,0x00000000800027FA] -> 0x03C4
[1789] [M]: 0x00000000800027F8 (0x03C40413) addi x8, x8, 0x3c                       spcl_Mhandler+4
x8 <- 0x0000000080002830

clint mtime 0x000000000000037F (mip.MTI <- 0b1, mip.STI <- 0b0)
mem[X,0x00000000800027FC] -> 0x0433
mem[X,0x00000000800027FE] -> 0x0074
[1790] [M]: 0x00000000800027FC (0x00740433) add x8, x8, x7                          spcl_Mhandler+8
x8 <- 0x0000000080002A30

mem[X,0x0000000080002800] -> 0x1393
mem[X,0x0000000080002802] -> 0x0035
[1791] [M]: 0x0000000080002800 (0x00351393) slli x7, x10, 0x3                       spcl_Mhandler+12
x7 <- 0x0000000000000010

clint mtime 0x0000000000000380 (mip.MTI <- 0b1, mip.STI <- 0b0)
mem[X,0x0000000080002804] -> 0x0433
mem[X,0x0000000080002806] -> 0x0074
[1792] [M]: 0x0000000080002804 (0x00740433) add x8, x8, x7                          spcl_Mhandler+16
x8 <- 0x0000000080002A40

mem[X,0x0000000080002808] -> 0x7413
mem[X,0x000000008000280A] -> 0xFF84
[1793] [M]: 0x0000000080002808 (0xFF847413) andi x8, x8, -0x8                       spcl_Mhandler+20
x8 <- 0x0000000080002A40

clint mtime 0x0000000000000381 (mip.MTI <- 0b1, mip.STI <- 0b0)
mem[X,0x000000008000280C] -> 0x3403
mem[X,0x000000008000280E] -> 0x0004
[1794] [M]: 0x000000008000280C (0x00043403) ld x8, 0x0(x8)                          spcl_Mhandler+24
mem[R,0x0000000080002A40] -> 0x0000000000000005
x8 <- 0x0000000000000005

mem[X,0x0000000080002810] -> 0x02E3
mem[X,0x0000000080002812] -> 0xB204
[1795] [M]: 0x0000000080002810 (0xB20402E3) beq x8, x0, -0x4dc                      spcl_Mdispatch_hndling+0

clint mtime 0x0000000000000382 (mip.MTI <- 0b1, mip.STI <- 0b0)
mem[X,0x0000000080002814] -> 0x1393
mem[X,0x0000000080002816] -> 0x03F4
[1796] [M]: 0x0000000080002814 (0x03F41393) slli x7, x8, 0x3f                       spcl_Mdispatch_hndling+4
x7 <- 0x8000000000000000

mem[X,0x0000000080002818] -> 0xD863
mem[X,0x000000008000281A] -> 0x0003
[1797] [M]: 0x0000000080002818 (0x0003D863) bge x7, x0, 0x10                        spcl_Mdispatch_hndling+8

clint mtime 0x0000000000000383 (mip.MTI <- 0b1, mip.STI <- 0b0)
mem[X,0x000000008000281C] -> 0x5413
mem[X,0x000000008000281E] -> 0x0014
[1798] [M]: 0x000000008000281C (0x00145413) srli x8, x8, 0x1                        spcl_Mdispatch_hndling+12
x8 <- 0x0000000000000002

mem[X,0x0000000080002820] -> 0x0CE3
mem[X,0x0000000080002822] -> 0xF885
[1799] [M]: 0x0000000080002820 (0xF8850CE3) beq x10, x8, -0x68                      spcl_Mdispatch_hndling+16

clint mtime 0x0000000000000384 (mip.MTI <- 0b1, mip.STI <- 0b0)
mem[X,0x00000000800027B8] -> 0x3303
mem[X,0x00000000800027BA] -> 0x2601
[1800] [M]: 0x00000000800027B8 (0x26013303) ld x6, 0x260(x2)                        resto_Mrtn+0
mem[R,0x0000000080005260] -> 0xFFFFFFFF7FFFEE4C
x6 <- 0xFFFFFFFF7FFFEE4C

mem[X,0x00000000800027BC] -> 0x3383
mem[X,0x00000000800027BE] -> 0x2681
[1801] [M]: 0x00000000800027BC (0x26813383) ld x7, 0x268(x2)                        resto_Mrtn+4
mem[R,0x0000000080005268] -> 0x0000000080005000
x7 <- 0x0000000080005000

clint mtime 0x0000000000000385 (mip.MTI <- 0b1, mip.STI <- 0b0)
mem[X,0x00000000800027C0] -> 0x3403
mem[X,0x00000000800027C2] -> 0x2701
[1802] [M]: 0x00000000800027C0 (0x27013403) ld x8, 0x270(x2)                        resto_Mrtn+8
mem[R,0x0000000080005270] -> 0x0000000000007F76
x8 <- 0x0000000000007F76

mem[X,0x00000000800027C4] -> 0x3483
mem[X,0x00000000800027C6] -> 0x2781
[1803] [M]: 0x00000000800027C4 (0x27813483) ld x9, 0x278(x2)                        resto_Mrtn+12
mem[R,0x0000000080005278] -> 0x000003000000013C
x9 <- 0x000003000000013C

clint mtime 0x0000000000000386 (mip.MTI <- 0b1, mip.STI <- 0b0)
mem[X,0x00000000800027C8] -> 0x3503
mem[X,0x00000000800027CA] -> 0x2801
[1804] [M]: 0x00000000800027C8 (0x28013503) ld x10, 0x280(x2)                       resto_Mrtn+16
mem[R,0x0000000080005280] -> 0x00000000200003DF
x10 <- 0x00000000200003DF

mem[X,0x00000000800027CC] -> 0x3583
mem[X,0x00000000800027CE] -> 0x2881
[1805] [M]: 0x00000000800027CC (0x28813583) ld x11, 0x288(x2)                       resto_Mrtn+20
mem[R,0x0000000080005288] -> 0x00000000000003DF
x11 <- 0x00000000000003DF

clint mtime 0x0000000000000387 (mip.MTI <- 0b1, mip.STI <- 0b0)
mem[X,0x00000000800027D0] -> 0x3103
mem[X,0x00000000800027D2] -> 0x2901
[1806] [M]: 0x00000000800027D0 (0x29013103) ld x2, 0x290(x2)                        resto_Mrtn+24
mem[R,0x0000000080005290] -> 0x0000000000000000
x2 <- 0x0000000000000000

mem[X,0x00000000800027D4] -> 0x0073
mem[X,0x00000000800027D6] -> 0x3020
[1807] [M]: 0x00000000800027D4 (0x30200073) mret                                    resto_Mrtn+28
CSR mstatus (0x300) <- 0x0000000A00000080
ret-ing from M to U

clint mtime 0x0000000000000388 (mip.MTI <- 0b1, mip.STI <- 0b0)
PTW: Start, vpn=0x30080001, access_type=X, privilege=Umem[R,0x0000000080009030] -> 0x00000000000000DB
PTW: Step, level=3, pte=0xDB, pte_addr=0x80009030
PTW: Success, final_ppn=0x80001, level=3mem[X,0x0000000080001300] -> 0x07B7
PTW: Start, vpn=0x30080001, access_type=X, privilege=Umem[R,0x0000000080009030] -> 0x00000000000000DB
PTW: Step, level=3, pte=0xDB, pte_addr=0x80009030
PTW: Success, final_ppn=0x80001, level=3mem[X,0x0000000080001302] -> 0x0000
[1808] [U]: 0x0000030080001300 (0x000007B7) lui x15, 0x0                            va_rvtest_code_begin+2884
x15 <- 0x0000000000000000

PTW: Start, vpn=0x30080001, access_type=X, privilege=Umem[R,0x0000000080009030] -> 0x00000000000000DB
PTW: Step, level=3, pte=0xDB, pte_addr=0x80009030
PTW: Success, final_ppn=0x80001, level=3mem[X,0x0000000080001304] -> 0x8793
PTW: Start, vpn=0x30080001, access_type=X, privilege=Umem[R,0x0000000080009030] -> 0x00000000000000DB
PTW: Step, level=3, pte=0xDB, pte_addr=0x80009030
PTW: Success, final_ppn=0x80001, level=3mem[X,0x0000000080001306] -> 0x2807
[1809] [U]: 0x0000030080001304 (0x28078793) addi x15, x15, 0x280                    va_rvtest_code_begin+2888
x15 <- 0x0000000000000280

clint mtime 0x0000000000000389 (mip.MTI <- 0b1, mip.STI <- 0b0)
PTW: Start, vpn=0x30080001, access_type=X, privilege=Umem[R,0x0000000080009030] -> 0x00000000000000DB
PTW: Step, level=3, pte=0xDB, pte_addr=0x80009030
PTW: Success, final_ppn=0x80001, level=3mem[X,0x0000000080001308] -> 0x9793
PTW: Start, vpn=0x30080001, access_type=X, privilege=Umem[R,0x0000000080009030] -> 0x00000000000000DB
PTW: Step, level=3, pte=0xDB, pte_addr=0x80009030
PTW: Success, final_ppn=0x80001, level=3mem[X,0x000000008000130A] -> 0x00B7
[1810] [U]: 0x0000030080001308 (0x00B79793) slli x15, x15, 0xb                      va_rvtest_code_begin+2892
x15 <- 0x0000000000140000

PTW: Start, vpn=0x30080001, access_type=X, privilege=Umem[R,0x0000000080009030] -> 0x00000000000000DB
PTW: Step, level=3, pte=0xDB, pte_addr=0x80009030
PTW: Success, final_ppn=0x80001, level=3mem[X,0x000000008000130C] -> 0x8793
PTW: Start, vpn=0x30080001, access_type=X, privilege=Umem[R,0x0000000080009030] -> 0x00000000000000DB
PTW: Step, level=3, pte=0xDB, pte_addr=0x80009030
PTW: Success, final_ppn=0x80001, level=3mem[X,0x000000008000130E] -> 0x0007
[1811] [U]: 0x000003008000130C (0x00078793) addi x15, x15, 0x0                      va_rvtest_code_begin+2896
x15 <- 0x0000000000140000

clint mtime 0x000000000000038A (mip.MTI <- 0b1, mip.STI <- 0b0)
PTW: Start, vpn=0x30080001, access_type=X, privilege=Umem[R,0x0000000080009030] -> 0x00000000000000DB
PTW: Step, level=3, pte=0xDB, pte_addr=0x80009030
PTW: Success, final_ppn=0x80001, level=3mem[X,0x0000000080001310] -> 0x9793
PTW: Start, vpn=0x30080001, access_type=X, privilege=Umem[R,0x0000000080009030] -> 0x00000000000000DB
PTW: Step, level=3, pte=0xDB, pte_addr=0x80009030
PTW: Success, final_ppn=0x80001, level=3mem[X,0x0000000080001312] -> 0x00B7
[1812] [U]: 0x0000030080001310 (0x00B79793) slli x15, x15, 0xb                      va_rvtest_code_begin+2900
x15 <- 0x00000000A0000000

PTW: Start, vpn=0x30080001, access_type=X, privilege=Umem[R,0x0000000080009030] -> 0x00000000000000DB
PTW: Step, level=3, pte=0xDB, pte_addr=0x80009030
PTW: Success, final_ppn=0x80001, level=3mem[X,0x0000000080001314] -> 0x8793
PTW: Start, vpn=0x30080001, access_type=X, privilege=Umem[R,0x0000000080009030] -> 0x00000000000000DB
PTW: Step, level=3, pte=0xDB, pte_addr=0x80009030
PTW: Success, final_ppn=0x80001, level=3mem[X,0x0000000080001316] -> 0x0017
[1813] [U]: 0x0000030080001314 (0x00178793) addi x15, x15, 0x1                      va_rvtest_code_begin+2904
x15 <- 0x00000000A0000001

clint mtime 0x000000000000038B (mip.MTI <- 0b1, mip.STI <- 0b0)
PTW: Start, vpn=0x30080001, access_type=X, privilege=Umem[R,0x0000000080009030] -> 0x00000000000000DB
PTW: Step, level=3, pte=0xDB, pte_addr=0x80009030
PTW: Success, final_ppn=0x80001, level=3mem[X,0x0000000080001318] -> 0x9793
PTW: Start, vpn=0x30080001, access_type=X, privilege=Umem[R,0x0000000080009030] -> 0x00000000000000DB
PTW: Step, level=3, pte=0xDB, pte_addr=0x80009030
PTW: Success, final_ppn=0x80001, level=3mem[X,0x000000008000131A] -> 0x00A7
[1814] [U]: 0x0000030080001318 (0x00A79793) slli x15, x15, 0xa                      va_rvtest_code_begin+2908
x15 <- 0x0000028000000400

PTW: Start, vpn=0x30080001, access_type=X, privilege=Umem[R,0x0000000080009030] -> 0x00000000000000DB
PTW: Step, level=3, pte=0xDB, pte_addr=0x80009030
PTW: Success, final_ppn=0x80001, level=3mem[X,0x000000008000131C] -> 0x0613
PTW: Start, vpn=0x30080001, access_type=X, privilege=Umem[R,0x0000000080009030] -> 0x00000000000000DB
PTW: Step, level=3, pte=0xDB, pte_addr=0x80009030
PTW: Success, final_ppn=0x80001, level=3mem[X,0x000000008000131E] -> 0x0106
[1815] [U]: 0x000003008000131C (0x01060613) addi x12, x12, 0x10                     va_rvtest_code_begin+2912
x12 <- 0x0000000000000060

clint mtime 0x000000000000038C (mip.MTI <- 0b1, mip.STI <- 0b0)
PTW: Start, vpn=0x30080001, access_type=X, privilege=Umem[R,0x0000000080009030] -> 0x00000000000000DB
PTW: Step, level=3, pte=0xDB, pte_addr=0x80009030
PTW: Success, final_ppn=0x80001, level=3mem[X,0x0000000080001320] -> 0xAA23
PTW: Start, vpn=0x30080001, access_type=X, privilege=Umem[R,0x0000000080009030] -> 0x00000000000000DB
PTW: Step, level=3, pte=0xDB, pte_addr=0x80009030
PTW: Success, final_ppn=0x80001, level=3mem[X,0x0000000080001322] -> 0x00C7
[1816] [U]: 0x0000030080001320 (0x00C7AA23) sw x12, 0x14(x15)                       va_rvtest_code_begin+2916
PTW: Start, vpn=0x28000000, access_type=W, privilege=Umem[R,0x0000000080009028] -> 0x0000000020002001
PTW: Step, level=3, pte=0x20002001, pte_addr=0x80009028
PTW: Start, vpn=0x28000000, access_type=W, privilege=Umem[R,0x0000000080008000] -> 0x00000000200003DF
PTW: Step, level=2, pte=0x200003DF, pte_addr=0x80008000
PTW: Success, final_ppn=0x80000, level=2mem[W,0x0000000080000414] <- 0x00000060

PTW: Start, vpn=0x30080001, access_type=X, privilege=Umem[R,0x0000000080009030] -> 0x00000000000000DB
PTW: Step, level=3, pte=0xDB, pte_addr=0x80009030
PTW: Success, final_ppn=0x80001, level=3mem[X,0x0000000080001324] -> 0x0013
PTW: Start, vpn=0x30080001, access_type=X, privilege=Umem[R,0x0000000080009030] -> 0x00000000000000DB
PTW: Step, level=3, pte=0xDB, pte_addr=0x80009030
PTW: Success, final_ppn=0x80001, level=3mem[X,0x0000000080001326] -> 0x0000
[1817] [U]: 0x0000030080001324 (0x00000013) addi x0, x0, 0x0                        va_rvtest_code_begin+2920

clint mtime 0x000000000000038D (mip.MTI <- 0b1, mip.STI <- 0b0)
PTW: Start, vpn=0x30080001, access_type=X, privilege=Umem[R,0x0000000080009030] -> 0x00000000000000DB
PTW: Step, level=3, pte=0xDB, pte_addr=0x80009030
PTW: Success, final_ppn=0x80001, level=3mem[X,0x0000000080001328] -> 0xA703
PTW: Start, vpn=0x30080001, access_type=X, privilege=Umem[R,0x0000000080009030] -> 0x00000000000000DB
PTW: Step, level=3, pte=0xDB, pte_addr=0x80009030
PTW: Success, final_ppn=0x80001, level=3mem[X,0x000000008000132A] -> 0x0147
[1818] [U]: 0x0000030080001328 (0x0147A703) lw x14, 0x14(x15)                       va_rvtest_code_begin+2924
PTW: Start, vpn=0x28000000, access_type=R, privilege=Umem[R,0x0000000080009028] -> 0x0000000020002001
PTW: Step, level=3, pte=0x20002001, pte_addr=0x80009028
PTW: Start, vpn=0x28000000, access_type=R, privilege=Umem[R,0x0000000080008000] -> 0x00000000200003DF
PTW: Step, level=2, pte=0x200003DF, pte_addr=0x80008000
PTW: Success, final_ppn=0x80000, level=2mem[R,0x0000000080000414] -> 0x00000060
x14 <- 0x0000000000000060

PTW: Start, vpn=0x30080001, access_type=X, privilege=Umem[R,0x0000000080009030] -> 0x00000000000000DB
PTW: Step, level=3, pte=0xDB, pte_addr=0x80009030
PTW: Success, final_ppn=0x80001, level=3mem[X,0x000000008000132C] -> 0x0013
PTW: Start, vpn=0x30080001, access_type=X, privilege=Umem[R,0x0000000080009030] -> 0x00000000000000DB
PTW: Step, level=3, pte=0xDB, pte_addr=0x80009030
PTW: Success, final_ppn=0x80001, level=3mem[X,0x000000008000132E] -> 0x0000
[1819] [U]: 0x000003008000132C (0x00000013) addi x0, x0, 0x0                        va_rvtest_code_begin+2928

clint mtime 0x000000000000038E (mip.MTI <- 0b1, mip.STI <- 0b0)
PTW: Start, vpn=0x30080001, access_type=X, privilege=Umem[R,0x0000000080009030] -> 0x00000000000000DB
PTW: Step, level=3, pte=0xDB, pte_addr=0x80009030
PTW: Success, final_ppn=0x80001, level=3mem[X,0x0000000080001330] -> 0x51B7
PTW: Start, vpn=0x30080001, access_type=X, privilege=Umem[R,0x0000000080009030] -> 0x00000000000000DB
PTW: Step, level=3, pte=0xDB, pte_addr=0x80009030
PTW: Success, final_ppn=0x80001, level=3mem[X,0x0000000080001332] -> 0x0000
[1820] [U]: 0x0000030080001330 (0x000051B7) lui x3, 0x5                             va_rvtest_code_begin+2932
x3 <- 0x0000000000005000

PTW: Start, vpn=0x30080001, access_type=X, privilege=Umem[R,0x0000000080009030] -> 0x00000000000000DB
PTW: Step, level=3, pte=0xDB, pte_addr=0x80009030
PTW: Success, final_ppn=0x80001, level=3mem[X,0x0000000080001334] -> 0x8193
PTW: Start, vpn=0x30080001, access_type=X, privilege=Umem[R,0x0000000080009030] -> 0x00000000000000DB
PTW: Step, level=3, pte=0xDB, pte_addr=0x80009030
PTW: Success, final_ppn=0x80001, level=3mem[X,0x0000000080001336] -> 0x6671
[1821] [U]: 0x0000030080001334 (0x66718193) addi x3, x3, 0x667                      va_rvtest_code_begin+2936
x3 <- 0x0000000000005667

clint mtime 0x000000000000038F (mip.MTI <- 0b1, mip.STI <- 0b0)
PTW: Start, vpn=0x30080001, access_type=X, privilege=Umem[R,0x0000000080009030] -> 0x00000000000000DB
PTW: Step, level=3, pte=0xDB, pte_addr=0x80009030
PTW: Success, final_ppn=0x80001, level=3mem[X,0x0000000080001338] -> 0x9193
PTW: Start, vpn=0x30080001, access_type=X, privilege=Umem[R,0x0000000080009030] -> 0x00000000000000DB
PTW: Step, level=3, pte=0xDB, pte_addr=0x80009030
PTW: Success, final_ppn=0x80001, level=3mem[X,0x000000008000133A] -> 0x0011
[1822] [U]: 0x0000030080001338 (0x00119193) slli x3, x3, 0x1                        va_rvtest_code_begin+2940
x3 <- 0x000000000000ACCE

PTW: Start, vpn=0x30080001, access_type=X, privilege=Umem[R,0x0000000080009030] -> 0x00000000000000DB
PTW: Step, level=3, pte=0xDB, pte_addr=0x80009030
PTW: Success, final_ppn=0x80001, level=3mem[X,0x000000008000133C] -> 0x0013
PTW: Start, vpn=0x30080001, access_type=X, privilege=Umem[R,0x0000000080009030] -> 0x00000000000000DB
PTW: Step, level=3, pte=0xDB, pte_addr=0x80009030
PTW: Success, final_ppn=0x80001, level=3mem[X,0x000000008000133E] -> 0x0000
[1823] [U]: 0x000003008000133C (0x00000013) addi x0, x0, 0x0                        va_rvtest_code_begin+2944

clint mtime 0x0000000000000390 (mip.MTI <- 0b1, mip.STI <- 0b0)
PTW: Start, vpn=0x30080001, access_type=X, privilege=Umem[R,0x0000000080009030] -> 0x00000000000000DB
PTW: Step, level=3, pte=0xDB, pte_addr=0x80009030
PTW: Success, final_ppn=0x80001, level=3mem[X,0x0000000080001340] -> 0x0217
PTW: Start, vpn=0x30080001, access_type=X, privilege=Umem[R,0x0000000080009030] -> 0x00000000000000DB
PTW: Step, level=3, pte=0xDB, pte_addr=0x80009030
PTW: Success, final_ppn=0x80001, level=3mem[X,0x0000000080001342] -> 0x0000
[1824] [U]: 0x0000030080001340 (0x00000217) auipc x4, 0x0                           va_rvtest_code_begin+2948
x4 <- 0x0000030080001340

PTW: Start, vpn=0x30080001, access_type=X, privilege=Umem[R,0x0000000080009030] -> 0x00000000000000DB
PTW: Step, level=3, pte=0xDB, pte_addr=0x80009030
PTW: Success, final_ppn=0x80001, level=3mem[X,0x0000000080001344] -> 0x0213
PTW: Start, vpn=0x30080001, access_type=X, privilege=Umem[R,0x0000000080009030] -> 0x00000000000000DB
PTW: Step, level=3, pte=0xDB, pte_addr=0x80009030
PTW: Success, final_ppn=0x80001, level=3mem[X,0x0000000080001346] -> 0x02C2
[1825] [U]: 0x0000030080001344 (0x02C20213) addi x4, x4, 0x2c                       va_rvtest_code_begin+2952
x4 <- 0x000003008000136C

clint mtime 0x0000000000000391 (mip.MTI <- 0b1, mip.STI <- 0b0)
PTW: Start, vpn=0x30080001, access_type=X, privilege=Umem[R,0x0000000080009030] -> 0x00000000000000DB
PTW: Step, level=3, pte=0xDB, pte_addr=0x80009030
PTW: Success, final_ppn=0x80001, level=3mem[X,0x0000000080001348] -> 0x0001
[1826] [U]: 0x0000030080001348 (0x0001) c.nop                                       va_rvtest_code_begin+2956

PTW: Start, vpn=0x30080001, access_type=X, privilege=Umem[R,0x0000000080009030] -> 0x00000000000000DB
PTW: Step, level=3, pte=0xDB, pte_addr=0x80009030
PTW: Success, final_ppn=0x80001, level=3mem[X,0x000000008000134A] -> 0x0013
PTW: Start, vpn=0x30080001, access_type=X, privilege=Umem[R,0x0000000080009030] -> 0x00000000000000DB
PTW: Step, level=3, pte=0xDB, pte_addr=0x80009030
PTW: Success, final_ppn=0x80001, level=3mem[X,0x000000008000134C] -> 0x0000
[1827] [U]: 0x000003008000134A (0x00000013) addi x0, x0, 0x0                        va_rvtest_code_begin+2958

clint mtime 0x0000000000000392 (mip.MTI <- 0b1, mip.STI <- 0b0)
PTW: Start, vpn=0x30080001, access_type=X, privilege=Umem[R,0x0000000080009030] -> 0x00000000000000DB
PTW: Step, level=3, pte=0xDB, pte_addr=0x80009030
PTW: Success, final_ppn=0x80001, level=3mem[X,0x000000008000134E] -> 0x0013
PTW: Start, vpn=0x30080001, access_type=X, privilege=Umem[R,0x0000000080009030] -> 0x00000000000000DB
PTW: Step, level=3, pte=0xDB, pte_addr=0x80009030
PTW: Success, final_ppn=0x80001, level=3mem[X,0x0000000080001350] -> 0x0000
[1828] [U]: 0x000003008000134E (0x00000013) addi x0, x0, 0x0                        va_rvtest_code_begin+2962

PTW: Start, vpn=0x30080001, access_type=X, privilege=Umem[R,0x0000000080009030] -> 0x00000000000000DB
PTW: Step, level=3, pte=0xDB, pte_addr=0x80009030
PTW: Success, final_ppn=0x80001, level=3mem[X,0x0000000080001352] -> 0x0013
PTW: Start, vpn=0x30080001, access_type=X, privilege=Umem[R,0x0000000080009030] -> 0x00000000000000DB
PTW: Step, level=3, pte=0xDB, pte_addr=0x80009030
PTW: Success, final_ppn=0x80001, level=3mem[X,0x0000000080001354] -> 0x0000
[1829] [U]: 0x0000030080001352 (0x00000013) addi x0, x0, 0x0                        va_rvtest_code_begin+2966

clint mtime 0x0000000000000393 (mip.MTI <- 0b1, mip.STI <- 0b0)
PTW: Start, vpn=0x30080001, access_type=X, privilege=Umem[R,0x0000000080009030] -> 0x00000000000000DB
PTW: Step, level=3, pte=0xDB, pte_addr=0x80009030
PTW: Success, final_ppn=0x80001, level=3mem[X,0x0000000080001356] -> 0x0013
PTW: Start, vpn=0x30080001, access_type=X, privilege=Umem[R,0x0000000080009030] -> 0x00000000000000DB
PTW: Step, level=3, pte=0xDB, pte_addr=0x80009030
PTW: Success, final_ppn=0x80001, level=3mem[X,0x0000000080001358] -> 0x0000
[1830] [U]: 0x0000030080001356 (0x00000013) addi x0, x0, 0x0                        va_rvtest_code_begin+2970

PTW: Start, vpn=0x30080001, access_type=X, privilege=Umem[R,0x0000000080009030] -> 0x00000000000000DB
PTW: Step, level=3, pte=0xDB, pte_addr=0x80009030
PTW: Success, final_ppn=0x80001, level=3mem[X,0x000000008000135A] -> 0x0013
PTW: Start, vpn=0x30080001, access_type=X, privilege=Umem[R,0x0000000080009030] -> 0x00000000000000DB
PTW: Step, level=3, pte=0xDB, pte_addr=0x80009030
PTW: Success, final_ppn=0x80001, level=3mem[X,0x000000008000135C] -> 0x0000
[1831] [U]: 0x000003008000135A (0x00000013) addi x0, x0, 0x0                        va_rvtest_code_begin+2974

clint mtime 0x0000000000000394 (mip.MTI <- 0b1, mip.STI <- 0b0)
PTW: Start, vpn=0x30080001, access_type=X, privilege=Umem[R,0x0000000080009030] -> 0x00000000000000DB
PTW: Step, level=3, pte=0xDB, pte_addr=0x80009030
PTW: Success, final_ppn=0x80001, level=3mem[X,0x000000008000135E] -> 0x0001
[1832] [U]: 0x000003008000135E (0x0001) c.nop                                       va_rvtest_code_begin+2978

PTW: Start, vpn=0x30080001, access_type=X, privilege=Umem[R,0x0000000080009030] -> 0x00000000000000DB
PTW: Step, level=3, pte=0xDB, pte_addr=0x80009030
PTW: Success, final_ppn=0x80001, level=3mem[X,0x0000000080001360] -> 0x80E7
PTW: Start, vpn=0x30080001, access_type=X, privilege=Umem[R,0x0000000080009030] -> 0x00000000000000DB
PTW: Step, level=3, pte=0xDB, pte_addr=0x80009030
PTW: Success, final_ppn=0x80001, level=3mem[X,0x0000000080001362] -> 0x0007
[1833] [U]: 0x0000030080001360 (0x000780E7) jalr x1, 0x0(x15)                       va_rvtest_code_begin+2980
x1 <- 0x0000030080001364

clint mtime 0x0000000000000395 (mip.MTI <- 0b1, mip.STI <- 0b0)
PTW: Start, vpn=0x28000000, access_type=X, privilege=Umem[R,0x0000000080009028] -> 0x0000000020002001
PTW: Step, level=3, pte=0x20002001, pte_addr=0x80009028
PTW: Start, vpn=0x28000000, access_type=X, privilege=Umem[R,0x0000000080008000] -> 0x00000000200003DF
PTW: Step, level=2, pte=0x200003DF, pte_addr=0x80008000
PTW: Success, final_ppn=0x80000, level=2mem[X,0x0000000080000400] -> 0x0013
mem[X,0x0000000080000402] -> 0x0000
[1834] [U]: 0x0000028000000400 (0x00000013) addi x0, x0, 0x0                        va_data+0

mem[X,0x0000000080000404] -> 0x8093
mem[X,0x0000000080000406] -> 0x0080
[1835] [U]: 0x0000028000000404 (0x00808093) addi x1, x1, 0x8                        va_data+4
x1 <- 0x000003008000136C

clint mtime 0x0000000000000396 (mip.MTI <- 0b1, mip.STI <- 0b0)
mem[X,0x0000000080000408] -> 0x8067
mem[X,0x000000008000040A] -> 0x0000
[1836] [U]: 0x0000028000000408 (0x00008067) jalr x0, 0x0(x1)                        va_data+8

PTW: Start, vpn=0x30080001, access_type=X, privilege=Umem[R,0x0000000080009030] -> 0x00000000000000DB
PTW: Step, level=3, pte=0xDB, pte_addr=0x80009030
PTW: Success, final_ppn=0x80001, level=3mem[X,0x000000008000136C] -> 0x0013
PTW: Start, vpn=0x30080001, access_type=X, privilege=Umem[R,0x0000000080009030] -> 0x00000000000000DB
PTW: Step, level=3, pte=0xDB, pte_addr=0x80009030
PTW: Success, final_ppn=0x80001, level=3mem[X,0x000000008000136E] -> 0x0000
[1837] [U]: 0x000003008000136C (0x00000013) addi x0, x0, 0x0                        va_rvtest_code_begin+2992

clint mtime 0x0000000000000397 (mip.MTI <- 0b1, mip.STI <- 0b0)
PTW: Start, vpn=0x30080001, access_type=X, privilege=Umem[R,0x0000000080009030] -> 0x00000000000000DB
PTW: Step, level=3, pte=0xDB, pte_addr=0x80009030
PTW: Success, final_ppn=0x80001, level=3mem[X,0x0000000080001370] -> 0x0013
PTW: Start, vpn=0x30080001, access_type=X, privilege=Umem[R,0x0000000080009030] -> 0x00000000000000DB
PTW: Step, level=3, pte=0xDB, pte_addr=0x80009030
PTW: Success, final_ppn=0x80001, level=3mem[X,0x0000000080001372] -> 0x0000
[1838] [U]: 0x0000030080001370 (0x00000013) addi x0, x0, 0x0                        va_rvtest_code_begin+2996

PTW: Start, vpn=0x30080001, access_type=X, privilege=Umem[R,0x0000000080009030] -> 0x00000000000000DB
PTW: Step, level=3, pte=0xDB, pte_addr=0x80009030
PTW: Success, final_ppn=0x80001, level=3mem[X,0x0000000080001374] -> 0x0013
PTW: Start, vpn=0x30080001, access_type=X, privilege=Umem[R,0x0000000080009030] -> 0x00000000000000DB
PTW: Step, level=3, pte=0xDB, pte_addr=0x80009030
PTW: Success, final_ppn=0x80001, level=3mem[X,0x0000000080001376] -> 0x0000
[1839] [U]: 0x0000030080001374 (0x00000013) addi x0, x0, 0x0                        va_rvtest_code_begin+3000

clint mtime 0x0000000000000398 (mip.MTI <- 0b1, mip.STI <- 0b0)
PTW: Start, vpn=0x30080001, access_type=X, privilege=Umem[R,0x0000000080009030] -> 0x00000000000000DB
PTW: Step, level=3, pte=0xDB, pte_addr=0x80009030
PTW: Success, final_ppn=0x80001, level=3mem[X,0x0000000080001378] -> 0x0113
PTW: Start, vpn=0x30080001, access_type=X, privilege=Umem[R,0x0000000080009030] -> 0x00000000000000DB
PTW: Step, level=3, pte=0xDB, pte_addr=0x80009030
PTW: Success, final_ppn=0x80001, level=3mem[X,0x000000008000137A] -> 0x0000
[1840] [U]: 0x0000030080001378 (0x00000113) addi x2, x0, 0x0                        va_rvtest_code_begin+3004
x2 <- 0x0000000000000000

PTW: Start, vpn=0x30080001, access_type=X, privilege=Umem[R,0x0000000080009030] -> 0x00000000000000DB
PTW: Step, level=3, pte=0xDB, pte_addr=0x80009030
PTW: Success, final_ppn=0x80001, level=3mem[X,0x000000008000137C] -> 0x0073
PTW: Start, vpn=0x30080001, access_type=X, privilege=Umem[R,0x0000000080009030] -> 0x00000000000000DB
PTW: Step, level=3, pte=0xDB, pte_addr=0x80009030
PTW: Success, final_ppn=0x80001, level=3mem[X,0x000000008000137E] -> 0x0000
[1841] [U]: 0x000003008000137C (0x00000073) ecall                                   va_rvtest_code_begin+3008
trapping from U to M to handle u-call
handling exc#u-call at priv M with tval 0x0000000000000000
CSR mstatus (0x300) <- 0x0000000A00000000
CSR mcause (0x342) <- 0x0000000000000008
CSR mtval (0x343) <- 0x0000000000000000
CSR mepc (0x341) <- 0x000003008000137C

clint mtime 0x0000000000000399 (mip.MTI <- 0b1, mip.STI <- 0b0)
mem[X,0x0000000080002380] -> 0x006F
mem[X,0x0000000080002382] -> 0x1000
[1842] [M]: 0x0000000080002380 (0x1000006F) jal x0, 0x100                           Mtrampoline+0

mem[X,0x0000000080002480] -> 0x1173
mem[X,0x0000000080002482] -> 0x3401
[1843] [M]: 0x0000000080002480 (0x34011173) csrrw x2, mscratch, x2                  trap_Mhandler+0
CSR mscratch (0x340) <- 0x0000000000000000
x2 <- 0x0000000080005000

clint mtime 0x000000000000039A (mip.MTI <- 0b1, mip.STI <- 0b0)
mem[X,0x0000000080002484] -> 0x3423
mem[X,0x0000000080002486] -> 0x28B1
[1844] [M]: 0x0000000080002484 (0x28B13423) sd x11, 0x288(x2)                       trap_Mhandler+4
mem[W,0x0000000080005288] <- 0x00000000000003DF

mem[X,0x0000000080002488] -> 0x05EF
mem[X,0x000000008000248A] -> 0x0B80
[1845] [M]: 0x0000000080002488 (0x0B8005EF) jal x11, 0xb8                           trap_Mhandler+8
x11 <- 0x000000008000248C

clint mtime 0x000000000000039B (mip.MTI <- 0b1, mip.STI <- 0b0)
mem[X,0x0000000080002540] -> 0x3023
mem[X,0x0000000080002542] -> 0x28A1
[1846] [M]: 0x0000000080002540 (0x28A13023) sd x10, 0x280(x2)                       common_Mhandler+0
mem[W,0x0000000080005280] <- 0x00000000200003DF

mem[X,0x0000000080002544] -> 0x1573
mem[X,0x0000000080002546] -> 0x3401
[1847] [M]: 0x0000000080002544 (0x34011573) csrrw x10, mscratch, x2                 common_Mhandler+4
CSR mscratch (0x340) <- 0x0000000080005000
x10 <- 0x0000000000000000

clint mtime 0x000000000000039C (mip.MTI <- 0b1, mip.STI <- 0b0)
mem[X,0x0000000080002548] -> 0x3823
mem[X,0x000000008000254A] -> 0x28A1
[1848] [M]: 0x0000000080002548 (0x28A13823) sd x10, 0x290(x2)                       common_Mhandler+8
mem[W,0x0000000080005290] <- 0x0000000000000000

mem[X,0x000000008000254C] -> 0x3503
mem[X,0x000000008000254E] -> 0x2301
[1849] [M]: 0x000000008000254C (0x23013503) ld x10, 0x230(x2)                       common_Mhandler+12
mem[R,0x0000000080005230] -> 0x0000000080002554
x10 <- 0x0000000080002554

clint mtime 0x000000000000039D (mip.MTI <- 0b1, mip.STI <- 0b0)
mem[X,0x0000000080002550] -> 0x0067
mem[X,0x0000000080002552] -> 0x0005
[1850] [M]: 0x0000000080002550 (0x00050067) jalr x0, 0x0(x10)                       common_Mhandler+16

mem[X,0x0000000080002554] -> 0x3C23
mem[X,0x0000000080002556] -> 0x2691
[1851] [M]: 0x0000000080002554 (0x26913C23) sd x9, 0x278(x2)                        common_Mentry+0
mem[W,0x0000000080005278] <- 0x000003000000013C

clint mtime 0x000000000000039E (mip.MTI <- 0b1, mip.STI <- 0b0)
mem[X,0x0000000080002558] -> 0x3823
mem[X,0x000000008000255A] -> 0x2681
[1852] [M]: 0x0000000080002558 (0x26813823) sd x8, 0x270(x2)                        common_Mentry+4
mem[W,0x0000000080005270] <- 0x0000000000007F76

mem[X,0x000000008000255C] -> 0x3423
mem[X,0x000000008000255E] -> 0x2671
[1853] [M]: 0x000000008000255C (0x26713423) sd x7, 0x268(x2)                        common_Mentry+8
mem[W,0x0000000080005268] <- 0x0000000080005000

clint mtime 0x000000000000039F (mip.MTI <- 0b1, mip.STI <- 0b0)
mem[X,0x0000000080002560] -> 0x3023
mem[X,0x0000000080002562] -> 0x2661
[1854] [M]: 0x0000000080002560 (0x26613023) sd x6, 0x260(x2)                        common_Mentry+12
mem[W,0x0000000080005260] <- 0xFFFFFFFF7FFFEE4C

mem[X,0x0000000080002564] -> 0x2573
mem[X,0x0000000080002566] -> 0x3420
[1855] [M]: 0x0000000080002564 (0x34202573) csrrs x10, mcause, x0                   spcl_M2mmode_test+0
CSR mcause (0x342) -> 0x0000000000000008
x10 <- 0x0000000000000008

clint mtime 0x00000000000003A0 (mip.MTI <- 0b1, mip.STI <- 0b0)
mem[X,0x0000000080002568] -> 0x04B7
mem[X,0x000000008000256A] -> 0x8000
[1856] [M]: 0x0000000080002568 (0x800004B7) lui x9, -0x80000                        spcl_M2mmode_test+4
x9 <- 0xFFFFFFFF80000000

mem[X,0x000000008000256C] -> 0x8493
mem[X,0x000000008000256E] -> 0x0004
[1857] [M]: 0x000000008000256C (0x00048493) addi x9, x9, 0x0                        spcl_M2mmode_test+8
x9 <- 0xFFFFFFFF80000000

clint mtime 0x00000000000003A1 (mip.MTI <- 0b1, mip.STI <- 0b0)
mem[X,0x0000000080002570] -> 0x9493
mem[X,0x0000000080002572] -> 0x00B4
[1858] [M]: 0x0000000080002570 (0x00B49493) slli x9, x9, 0xb                        spcl_M2mmode_test+12
x9 <- 0xFFFFFC0000000000

mem[X,0x0000000080002574] -> 0x8493
mem[X,0x0000000080002576] -> 0x0004
[1859] [M]: 0x0000000080002574 (0x00048493) addi x9, x9, 0x0                        spcl_M2mmode_test+16
x9 <- 0xFFFFFC0000000000

clint mtime 0x00000000000003A2 (mip.MTI <- 0b1, mip.STI <- 0b0)
mem[X,0x0000000080002578] -> 0x9493
mem[X,0x000000008000257A] -> 0x00B4
[1860] [M]: 0x0000000080002578 (0x00B49493) slli x9, x9, 0xb                        spcl_M2mmode_test+20
x9 <- 0xFFE0000000000000

mem[X,0x000000008000257C] -> 0x8493
mem[X,0x000000008000257E] -> 0x0034
[1861] [M]: 0x000000008000257C (0x00348493) addi x9, x9, 0x3                        spcl_M2mmode_test+24
x9 <- 0xFFE0000000000003

clint mtime 0x00000000000003A3 (mip.MTI <- 0b1, mip.STI <- 0b0)
mem[X,0x0000000080002580] -> 0x9493
mem[X,0x0000000080002582] -> 0x00A4
[1862] [M]: 0x0000000080002580 (0x00A49493) slli x9, x9, 0xa                        spcl_M2mmode_test+28
x9 <- 0x8000000000000C00

mem[X,0x0000000080002584] -> 0x8493
mem[X,0x0000000080002586] -> 0x3FC4
[1863] [M]: 0x0000000080002584 (0x3FC48493) addi x9, x9, 0x3fc                      spcl_M2mmode_test+32
x9 <- 0x8000000000000FFC

clint mtime 0x00000000000003A4 (mip.MTI <- 0b1, mip.STI <- 0b0)
mem[X,0x0000000080002588] -> 0xF4B3
mem[X,0x000000008000258A] -> 0x00A4
[1864] [M]: 0x0000000080002588 (0x00A4F4B3) and x9, x9, x10                         spcl_M2mmode_test+36
x9 <- 0x0000000000000008

mem[X,0x000000008000258C] -> 0x8493
mem[X,0x000000008000258E] -> 0xFF84
[1865] [M]: 0x000000008000258C (0xFF848493) addi x9, x9, -0x8                       spcl_M2mmode_test+40
x9 <- 0x0000000000000000

clint mtime 0x00000000000003A5 (mip.MTI <- 0b1, mip.STI <- 0b0)
mem[X,0x0000000080002590] -> 0x9663
mem[X,0x0000000080002592] -> 0x0004
[1866] [M]: 0x0000000080002590 (0x00049663) bne x9, x0, 0xc                         spcl_M2mmode_test+44

mem[X,0x0000000080002594] -> 0x3383
mem[X,0x0000000080002596] -> 0x2901
[1867] [M]: 0x0000000080002594 (0x29013383) ld x7, 0x290(x2)                        spcl_M2mmode_test+48
mem[R,0x0000000080005290] -> 0x0000000000000000
x7 <- 0x0000000000000000

clint mtime 0x00000000000003A6 (mip.MTI <- 0b1, mip.STI <- 0b0)
mem[X,0x0000000080002598] -> 0x8663
mem[X,0x000000008000259A] -> 0x6E03
[1868] [M]: 0x0000000080002598 (0x6E038663) beq x7, x0, 0x6ec                       spcl_M2mmode_test+52

mem[X,0x0000000080002C84] -> 0x0493
mem[X,0x0000000080002C86] -> 0xFF55
[1869] [M]: 0x0000000080002C84 (0xFF550493) addi x9, x10, -0xb                      rtn2mmode+0
x9 <- 0xFFFFFFFFFFFFFFFD

clint mtime 0x00000000000003A7 (mip.MTI <- 0b1, mip.STI <- 0b0)
mem[X,0x0000000080002C88] -> 0x8C63
mem[X,0x0000000080002C8A] -> 0x0004
[1870] [M]: 0x0000000080002C88 (0x00048C63) beq x9, x0, 0x18                        rtn2mmode+4

mem[X,0x0000000080002C8C] -> 0x3583
mem[X,0x0000000080002C8E] -> 0x4701
[1871] [M]: 0x0000000080002C8C (0x47013583) ld x11, 0x470(x2)                       rtn2mmode+8
mem[R,0x0000000080005470] -> 0x00000300800007BC
x11 <- 0x00000300800007BC

clint mtime 0x00000000000003A8 (mip.MTI <- 0b1, mip.STI <- 0b0)
mem[X,0x0000000080002C90] -> 0xD463
mem[X,0x0000000080002C92] -> 0x0003
[1872] [M]: 0x0000000080002C90 (0x0003D463) bge x7, x0, 0x8                         rtn2mmode+12

mem[X,0x0000000080002C98] -> 0x3483
mem[X,0x0000000080002C9A] -> 0x1D81
[1873] [M]: 0x0000000080002C98 (0x1D813483) ld x9, 0x1d8(x2)                        from_u_s+0
mem[R,0x00000000800051D8] -> 0x00000000800007D4
x9 <- 0x00000000800007D4

clint mtime 0x00000000000003A9 (mip.MTI <- 0b1, mip.STI <- 0b0)
mem[X,0x0000000080002C9C] -> 0x84B3
mem[X,0x0000000080002C9E] -> 0x40B4
[1874] [M]: 0x0000000080002C9C (0x40B484B3) sub x9, x9, x11                         from_u_s+4
x9 <- 0xFFFFFD0000000018

mem[X,0x0000000080002CA0] -> 0x23F3
mem[X,0x0000000080002CA2] -> 0x3410
[1875] [M]: 0x0000000080002CA0 (0x341023F3) csrrs x7, mepc, x0                      rtn_fm_mmode+0
CSR mepc (0x341) -> 0x000003008000137C
x7 <- 0x000003008000137C

clint mtime 0x00000000000003AA (mip.MTI <- 0b1, mip.STI <- 0b0)
mem[X,0x0000000080002CA4] -> 0x83B3
mem[X,0x0000000080002CA6] -> 0x0093
[1876] [M]: 0x0000000080002CA4 (0x009383B3) add x7, x7, x9                          rtn_fm_mmode+4
x7 <- 0x0000000080001394

mem[X,0x0000000080002CA8] -> 0x3303
mem[X,0x0000000080002CAA] -> 0x2601
[1877] [M]: 0x0000000080002CA8 (0x26013303) ld x6, 0x260(x2)                        rtn_fm_mmode+8
mem[R,0x0000000080005260] -> 0xFFFFFFFF7FFFEE4C
x6 <- 0xFFFFFFFF7FFFEE4C

clint mtime 0x00000000000003AB (mip.MTI <- 0b1, mip.STI <- 0b0)
mem[X,0x0000000080002CAC] -> 0x3403
mem[X,0x0000000080002CAE] -> 0x2701
[1878] [M]: 0x0000000080002CAC (0x27013403) ld x8, 0x270(x2)                        rtn_fm_mmode+12
mem[R,0x0000000080005270] -> 0x0000000000007F76
x8 <- 0x0000000000007F76

mem[X,0x0000000080002CB0] -> 0x3483
mem[X,0x0000000080002CB2] -> 0x2781
[1879] [M]: 0x0000000080002CB0 (0x27813483) ld x9, 0x278(x2)                        rtn_fm_mmode+16
mem[R,0x0000000080005278] -> 0x000003000000013C
x9 <- 0x000003000000013C

clint mtime 0x00000000000003AC (mip.MTI <- 0b1, mip.STI <- 0b0)
mem[X,0x0000000080002CB4] -> 0x3503
mem[X,0x0000000080002CB6] -> 0x2801
[1880] [M]: 0x0000000080002CB4 (0x28013503) ld x10, 0x280(x2)                       rtn_fm_mmode+20
mem[R,0x0000000080005280] -> 0x00000000200003DF
x10 <- 0x00000000200003DF

mem[X,0x0000000080002CB8] -> 0x3583
mem[X,0x0000000080002CBA] -> 0x2881
[1881] [M]: 0x0000000080002CB8 (0x28813583) ld x11, 0x288(x2)                       rtn_fm_mmode+24
mem[R,0x0000000080005288] -> 0x00000000000003DF
x11 <- 0x00000000000003DF

clint mtime 0x00000000000003AD (mip.MTI <- 0b1, mip.STI <- 0b0)
mem[X,0x0000000080002CBC] -> 0x3103
mem[X,0x0000000080002CBE] -> 0x2901
[1882] [M]: 0x0000000080002CBC (0x29013103) ld x2, 0x290(x2)                        rtn_fm_mmode+28
mem[R,0x0000000080005290] -> 0x0000000000000000
x2 <- 0x0000000000000000

mem[X,0x0000000080002CC0] -> 0x8067
mem[X,0x0000000080002CC2] -> 0x0043
[1883] [M]: 0x0000000080002CC0 (0x00438067) jalr x0, 0x4(x7)                        rtn_fm_mmode+32

clint mtime 0x00000000000003AE (mip.MTI <- 0b1, mip.STI <- 0b0)
mem[X,0x0000000080001398] -> 0x0013
mem[X,0x000000008000139A] -> 0x0000
[1884] [M]: 0x0000000080001398 (0x00000013) addi x0, x0, 0x0                        main+2968

mem[X,0x000000008000139C] -> 0x0013
mem[X,0x000000008000139E] -> 0x0000
[1885] [M]: 0x000000008000139C (0x00000013) addi x0, x0, 0x0                        main+2972

clint mtime 0x00000000000003AF (mip.MTI <- 0b1, mip.STI <- 0b0)
mem[X,0x00000000800013A0] -> 0x7517
mem[X,0x00000000800013A2] -> 0x0000
[1886] [M]: 0x00000000800013A0 (0x00007517) auipc x10, 0x7                          main+2976
x10 <- 0x00000000800083A0

mem[X,0x00000000800013A4] -> 0x0513
mem[X,0x00000000800013A6] -> 0xC605
[1887] [M]: 0x00000000800013A4 (0xC6050513) addi x10, x10, -0x3a0                   main+2980
x10 <- 0x0000000080008000

clint mtime 0x00000000000003B0 (mip.MTI <- 0b1, mip.STI <- 0b0)
mem[X,0x00000000800013A8] -> 0x0001
[1888] [M]: 0x00000000800013A8 (0x0001) c.nop                                       main+2984

mem[X,0x00000000800013AA] -> 0x0013
mem[X,0x00000000800013AC] -> 0x0000
[1889] [M]: 0x00000000800013AA (0x00000013) addi x0, x0, 0x0                        main+2986

clint mtime 0x00000000000003B1 (mip.MTI <- 0b1, mip.STI <- 0b0)
mem[X,0x00000000800013AE] -> 0x0013
mem[X,0x00000000800013B0] -> 0x0000
[1890] [M]: 0x00000000800013AE (0x00000013) addi x0, x0, 0x0                        main+2990

mem[X,0x00000000800013B2] -> 0x0013
mem[X,0x00000000800013B4] -> 0x0000
[1891] [M]: 0x00000000800013B2 (0x00000013) addi x0, x0, 0x0                        main+2994

clint mtime 0x00000000000003B2 (mip.MTI <- 0b1, mip.STI <- 0b0)
mem[X,0x00000000800013B6] -> 0x0013
mem[X,0x00000000800013B8] -> 0x0000
[1892] [M]: 0x00000000800013B6 (0x00000013) addi x0, x0, 0x0                        main+2998

mem[X,0x00000000800013BA] -> 0x0013
mem[X,0x00000000800013BC] -> 0x0000
[1893] [M]: 0x00000000800013BA (0x00000013) addi x0, x0, 0x0                        main+3002

clint mtime 0x00000000000003B3 (mip.MTI <- 0b1, mip.STI <- 0b0)
mem[X,0x00000000800013BE] -> 0x0001
[1894] [M]: 0x00000000800013BE (0x0001) c.nop                                       main+3006

mem[X,0x00000000800013C0] -> 0x0593
mem[X,0x00000000800013C2] -> 0x0010
[1895] [M]: 0x00000000800013C0 (0x00100593) addi x11, x0, 0x1                       main+3008
x11 <- 0x0000000000000001

clint mtime 0x00000000000003B4 (mip.MTI <- 0b1, mip.STI <- 0b0)
mem[X,0x00000000800013C4] -> 0x5513
mem[X,0x00000000800013C6] -> 0x00C5
[1896] [M]: 0x00000000800013C4 (0x00C55513) srli x10, x10, 0xc                      main+3012
x10 <- 0x0000000000080008

mem[X,0x00000000800013C8] -> 0x1513
mem[X,0x00000000800013CA] -> 0x00A5
[1897] [M]: 0x00000000800013C8 (0x00A51513) slli x10, x10, 0xa                      main+3016
x10 <- 0x0000000020002000

clint mtime 0x00000000000003B5 (mip.MTI <- 0b1, mip.STI <- 0b0)
mem[X,0x00000000800013CC] -> 0x6533
mem[X,0x00000000800013CE] -> 0x00B5
[1898] [M]: 0x00000000800013CC (0x00B56533) or x10, x10, x11                        main+3020
x10 <- 0x0000000020002001

mem[X,0x00000000800013D0] -> 0x0013
mem[X,0x00000000800013D2] -> 0x0000
[1899] [M]: 0x00000000800013D0 (0x00000013) addi x0, x0, 0x0                        main+3024

clint mtime 0x00000000000003B6 (mip.MTI <- 0b1, mip.STI <- 0b0)
mem[X,0x00000000800013D4] -> 0x0013
mem[X,0x00000000800013D6] -> 0x0000
[1900] [M]: 0x00000000800013D4 (0x00000013) addi x0, x0, 0x0                        main+3028

mem[X,0x00000000800013D8] -> 0x0013
mem[X,0x00000000800013DA] -> 0x0000
[1901] [M]: 0x00000000800013D8 (0x00000013) addi x0, x0, 0x0                        main+3032

clint mtime 0x00000000000003B7 (mip.MTI <- 0b1, mip.STI <- 0b0)
mem[X,0x00000000800013DC] -> 0x0013
mem[X,0x00000000800013DE] -> 0x0000
[1902] [M]: 0x00000000800013DC (0x00000013) addi x0, x0, 0x0                        main+3036

mem[X,0x00000000800013E0] -> 0x8317
mem[X,0x00000000800013E2] -> 0x0000
[1903] [M]: 0x00000000800013E0 (0x00008317) auipc x6, 0x8                           main+3040
x6 <- 0x00000000800093E0

clint mtime 0x00000000000003B8 (mip.MTI <- 0b1, mip.STI <- 0b0)
mem[X,0x00000000800013E4] -> 0x0313
mem[X,0x00000000800013E6] -> 0xC203
[1904] [M]: 0x00000000800013E4 (0xC2030313) addi x6, x6, -0x3e0                     main+3044
x6 <- 0x0000000080009000

mem[X,0x00000000800013E8] -> 0x0001
[1905] [M]: 0x00000000800013E8 (0x0001) c.nop                                       main+3048

clint mtime 0x00000000000003B9 (mip.MTI <- 0b1, mip.STI <- 0b0)
mem[X,0x00000000800013EA] -> 0x0013
mem[X,0x00000000800013EC] -> 0x0000
[1906] [M]: 0x00000000800013EA (0x00000013) addi x0, x0, 0x0                        main+3050

mem[X,0x00000000800013EE] -> 0x0013
mem[X,0x00000000800013F0] -> 0x0000
[1907] [M]: 0x00000000800013EE (0x00000013) addi x0, x0, 0x0                        main+3054

clint mtime 0x00000000000003BA (mip.MTI <- 0b1, mip.STI <- 0b0)
mem[X,0x00000000800013F2] -> 0x0013
mem[X,0x00000000800013F4] -> 0x0000
[1908] [M]: 0x00000000800013F2 (0x00000013) addi x0, x0, 0x0                        main+3058

mem[X,0x00000000800013F6] -> 0x0013
mem[X,0x00000000800013F8] -> 0x0000
[1909] [M]: 0x00000000800013F6 (0x00000013) addi x0, x0, 0x0                        main+3062

clint mtime 0x00000000000003BB (mip.MTI <- 0b1, mip.STI <- 0b0)
mem[X,0x00000000800013FA] -> 0x0013
mem[X,0x00000000800013FC] -> 0x0000
[1910] [M]: 0x00000000800013FA (0x00000013) addi x0, x0, 0x0                        main+3066

mem[X,0x00000000800013FE] -> 0x0001
[1911] [M]: 0x00000000800013FE (0x0001) c.nop                                       main+3070

clint mtime 0x00000000000003BC (mip.MTI <- 0b1, mip.STI <- 0b0)
mem[X,0x0000000080001400] -> 0x0293
mem[X,0x0000000080001402] -> 0x0280
[1912] [M]: 0x0000000080001400 (0x02800293) addi x5, x0, 0x28                       main+3072
x5 <- 0x0000000000000028

mem[X,0x0000000080001404] -> 0x0333
mem[X,0x0000000080001406] -> 0x0053
[1913] [M]: 0x0000000080001404 (0x00530333) add x6, x6, x5                          main+3076
x6 <- 0x0000000080009028

clint mtime 0x00000000000003BD (mip.MTI <- 0b1, mip.STI <- 0b0)
mem[X,0x0000000080001408] -> 0x3023
mem[X,0x000000008000140A] -> 0x00A3
[1914] [M]: 0x0000000080001408 (0x00A33023) sd x10, 0x0(x6)                         main+3080
mem[W,0x0000000080009028] <- 0x0000000020002001

mem[X,0x000000008000140C] -> 0x0013
mem[X,0x000000008000140E] -> 0x0000
[1915] [M]: 0x000000008000140C (0x00000013) addi x0, x0, 0x0                        main+3084

clint mtime 0x00000000000003BE (mip.MTI <- 0b1, mip.STI <- 0b0)
mem[X,0x0000000080001410] -> 0x0013
mem[X,0x0000000080001412] -> 0x0000
[1916] [M]: 0x0000000080001410 (0x00000013) addi x0, x0, 0x0                        main+3088

mem[X,0x0000000080001414] -> 0x0013
mem[X,0x0000000080001416] -> 0x0000
[1917] [M]: 0x0000000080001414 (0x00000013) addi x0, x0, 0x0                        main+3092

clint mtime 0x00000000000003BF (mip.MTI <- 0b1, mip.STI <- 0b0)
mem[X,0x0000000080001418] -> 0x0013
mem[X,0x000000008000141A] -> 0x0000
[1918] [M]: 0x0000000080001418 (0x00000013) addi x0, x0, 0x0                        main+3096

mem[X,0x000000008000141C] -> 0x0013
mem[X,0x000000008000141E] -> 0x0000
[1919] [M]: 0x000000008000141C (0x00000013) addi x0, x0, 0x0                        main+3100

clint mtime 0x00000000000003C0 (mip.MTI <- 0b1, mip.STI <- 0b0)
mem[X,0x0000000080001420] -> 0x6517
mem[X,0x0000000080001422] -> 0x0000
[1920] [M]: 0x0000000080001420 (0x00006517) auipc x10, 0x6                          main+3104
x10 <- 0x0000000080007420

mem[X,0x0000000080001424] -> 0x0513
mem[X,0x0000000080001426] -> 0xBE05
[1921] [M]: 0x0000000080001424 (0xBE050513) addi x10, x10, -0x420                   main+3108
x10 <- 0x0000000080007000

clint mtime 0x00000000000003C1 (mip.MTI <- 0b1, mip.STI <- 0b0)
mem[X,0x0000000080001428] -> 0x0001
[1922] [M]: 0x0000000080001428 (0x0001) c.nop                                       main+3112

mem[X,0x000000008000142A] -> 0x0013
mem[X,0x000000008000142C] -> 0x0000
[1923] [M]: 0x000000008000142A (0x00000013) addi x0, x0, 0x0                        main+3114

clint mtime 0x00000000000003C2 (mip.MTI <- 0b1, mip.STI <- 0b0)
mem[X,0x000000008000142E] -> 0x0013
mem[X,0x0000000080001430] -> 0x0000
[1924] [M]: 0x000000008000142E (0x00000013) addi x0, x0, 0x0                        main+3118

mem[X,0x0000000080001432] -> 0x0013
mem[X,0x0000000080001434] -> 0x0000
[1925] [M]: 0x0000000080001432 (0x00000013) addi x0, x0, 0x0                        main+3122

clint mtime 0x00000000000003C3 (mip.MTI <- 0b1, mip.STI <- 0b0)
mem[X,0x0000000080001436] -> 0x0013
mem[X,0x0000000080001438] -> 0x0000
[1926] [M]: 0x0000000080001436 (0x00000013) addi x0, x0, 0x0                        main+3126

mem[X,0x000000008000143A] -> 0x0013
mem[X,0x000000008000143C] -> 0x0000
[1927] [M]: 0x000000008000143A (0x00000013) addi x0, x0, 0x0                        main+3130

clint mtime 0x00000000000003C4 (mip.MTI <- 0b1, mip.STI <- 0b0)
mem[X,0x000000008000143E] -> 0x0001
[1928] [M]: 0x000000008000143E (0x0001) c.nop                                       main+3134

mem[X,0x0000000080001440] -> 0x0593
mem[X,0x0000000080001442] -> 0x0010
[1929] [M]: 0x0000000080001440 (0x00100593) addi x11, x0, 0x1                       main+3136
x11 <- 0x0000000000000001

clint mtime 0x00000000000003C5 (mip.MTI <- 0b1, mip.STI <- 0b0)
mem[X,0x0000000080001444] -> 0x5513
mem[X,0x0000000080001446] -> 0x00C5
[1930] [M]: 0x0000000080001444 (0x00C55513) srli x10, x10, 0xc                      main+3140
x10 <- 0x0000000000080007

mem[X,0x0000000080001448] -> 0x1513
mem[X,0x000000008000144A] -> 0x00A5
[1931] [M]: 0x0000000080001448 (0x00A51513) slli x10, x10, 0xa                      main+3144
x10 <- 0x0000000020001C00

clint mtime 0x00000000000003C6 (mip.MTI <- 0b1, mip.STI <- 0b0)
mem[X,0x000000008000144C] -> 0x6533
mem[X,0x000000008000144E] -> 0x00B5
[1932] [M]: 0x000000008000144C (0x00B56533) or x10, x10, x11                        main+3148
x10 <- 0x0000000020001C01

mem[X,0x0000000080001450] -> 0x0013
mem[X,0x0000000080001452] -> 0x0000
[1933] [M]: 0x0000000080001450 (0x00000013) addi x0, x0, 0x0                        main+3152

clint mtime 0x00000000000003C7 (mip.MTI <- 0b1, mip.STI <- 0b0)
mem[X,0x0000000080001454] -> 0x0013
mem[X,0x0000000080001456] -> 0x0000
[1934] [M]: 0x0000000080001454 (0x00000013) addi x0, x0, 0x0                        main+3156

mem[X,0x0000000080001458] -> 0x0013
mem[X,0x000000008000145A] -> 0x0000
[1935] [M]: 0x0000000080001458 (0x00000013) addi x0, x0, 0x0                        main+3160

clint mtime 0x00000000000003C8 (mip.MTI <- 0b1, mip.STI <- 0b0)
mem[X,0x000000008000145C] -> 0x0013
mem[X,0x000000008000145E] -> 0x0000
[1936] [M]: 0x000000008000145C (0x00000013) addi x0, x0, 0x0                        main+3164

mem[X,0x0000000080001460] -> 0x7317
mem[X,0x0000000080001462] -> 0x0000
[1937] [M]: 0x0000000080001460 (0x00007317) auipc x6, 0x7                           main+3168
x6 <- 0x0000000080008460

clint mtime 0x00000000000003C9 (mip.MTI <- 0b1, mip.STI <- 0b0)
mem[X,0x0000000080001464] -> 0x0313
mem[X,0x0000000080001466] -> 0xBA03
[1938] [M]: 0x0000000080001464 (0xBA030313) addi x6, x6, -0x460                     main+3172
x6 <- 0x0000000080008000

mem[X,0x0000000080001468] -> 0x0001
[1939] [M]: 0x0000000080001468 (0x0001) c.nop                                       main+3176

clint mtime 0x00000000000003CA (mip.MTI <- 0b1, mip.STI <- 0b0)
mem[X,0x000000008000146A] -> 0x0013
mem[X,0x000000008000146C] -> 0x0000
[1940] [M]: 0x000000008000146A (0x00000013) addi x0, x0, 0x0                        main+3178

mem[X,0x000000008000146E] -> 0x0013
mem[X,0x0000000080001470] -> 0x0000
[1941] [M]: 0x000000008000146E (0x00000013) addi x0, x0, 0x0                        main+3182

clint mtime 0x00000000000003CB (mip.MTI <- 0b1, mip.STI <- 0b0)
mem[X,0x0000000080001472] -> 0x0013
mem[X,0x0000000080001474] -> 0x0000
[1942] [M]: 0x0000000080001472 (0x00000013) addi x0, x0, 0x0                        main+3186

mem[X,0x0000000080001476] -> 0x0013
mem[X,0x0000000080001478] -> 0x0000
[1943] [M]: 0x0000000080001476 (0x00000013) addi x0, x0, 0x0                        main+3190

clint mtime 0x00000000000003CC (mip.MTI <- 0b1, mip.STI <- 0b0)
mem[X,0x000000008000147A] -> 0x0013
mem[X,0x000000008000147C] -> 0x0000
[1944] [M]: 0x000000008000147A (0x00000013) addi x0, x0, 0x0                        main+3194

mem[X,0x000000008000147E] -> 0x0001
[1945] [M]: 0x000000008000147E (0x0001) c.nop                                       main+3198

clint mtime 0x00000000000003CD (mip.MTI <- 0b1, mip.STI <- 0b0)
mem[X,0x0000000080001480] -> 0x0293
mem[X,0x0000000080001482] -> 0x0000
[1946] [M]: 0x0000000080001480 (0x00000293) addi x5, x0, 0x0                        main+3200
x5 <- 0x0000000000000000

mem[X,0x0000000080001484] -> 0x0333
mem[X,0x0000000080001486] -> 0x0053
[1947] [M]: 0x0000000080001484 (0x00530333) add x6, x6, x5                          main+3204
x6 <- 0x0000000080008000

clint mtime 0x00000000000003CE (mip.MTI <- 0b1, mip.STI <- 0b0)
mem[X,0x0000000080001488] -> 0x3023
mem[X,0x000000008000148A] -> 0x00A3
[1948] [M]: 0x0000000080001488 (0x00A33023) sd x10, 0x0(x6)                         main+3208
mem[W,0x0000000080008000] <- 0x0000000020001C01

mem[X,0x000000008000148C] -> 0x0013
mem[X,0x000000008000148E] -> 0x0000
[1949] [M]: 0x000000008000148C (0x00000013) addi x0, x0, 0x0                        main+3212

clint mtime 0x00000000000003CF (mip.MTI <- 0b1, mip.STI <- 0b0)
mem[X,0x0000000080001490] -> 0x0013
mem[X,0x0000000080001492] -> 0x0000
[1950] [M]: 0x0000000080001490 (0x00000013) addi x0, x0, 0x0                        main+3216

mem[X,0x0000000080001494] -> 0x0013
mem[X,0x0000000080001496] -> 0x0000
[1951] [M]: 0x0000000080001494 (0x00000013) addi x0, x0, 0x0                        main+3220

clint mtime 0x00000000000003D0 (mip.MTI <- 0b1, mip.STI <- 0b0)
mem[X,0x0000000080001498] -> 0x0013
mem[X,0x000000008000149A] -> 0x0000
[1952] [M]: 0x0000000080001498 (0x00000013) addi x0, x0, 0x0                        main+3224

mem[X,0x000000008000149C] -> 0x0013
mem[X,0x000000008000149E] -> 0x0000
[1953] [M]: 0x000000008000149C (0x00000013) addi x0, x0, 0x0                        main+3228

clint mtime 0x00000000000003D1 (mip.MTI <- 0b1, mip.STI <- 0b0)
mem[X,0x00000000800014A0] -> 0xF517
mem[X,0x00000000800014A2] -> 0xFFFF
[1954] [M]: 0x00000000800014A0 (0xFFFFF517) auipc x10, -0x1                         main+3232
x10 <- 0x00000000800004A0

mem[X,0x00000000800014A4] -> 0x0513
mem[X,0x00000000800014A6] -> 0xF605
[1955] [M]: 0x00000000800014A4 (0xF6050513) addi x10, x10, -0xa0                    main+3236
x10 <- 0x0000000080000400

clint mtime 0x00000000000003D2 (mip.MTI <- 0b1, mip.STI <- 0b0)
mem[X,0x00000000800014A8] -> 0x0001
[1956] [M]: 0x00000000800014A8 (0x0001) c.nop                                       main+3240

mem[X,0x00000000800014AA] -> 0x0013
mem[X,0x00000000800014AC] -> 0x0000
[1957] [M]: 0x00000000800014AA (0x00000013) addi x0, x0, 0x0                        main+3242

clint mtime 0x00000000000003D3 (mip.MTI <- 0b1, mip.STI <- 0b0)
mem[X,0x00000000800014AE] -> 0x0013
mem[X,0x00000000800014B0] -> 0x0000
[1958] [M]: 0x00000000800014AE (0x00000013) addi x0, x0, 0x0                        main+3246

mem[X,0x00000000800014B2] -> 0x0013
mem[X,0x00000000800014B4] -> 0x0000
[1959] [M]: 0x00000000800014B2 (0x00000013) addi x0, x0, 0x0                        main+3250

clint mtime 0x00000000000003D4 (mip.MTI <- 0b1, mip.STI <- 0b0)
mem[X,0x00000000800014B6] -> 0x0013
mem[X,0x00000000800014B8] -> 0x0000
[1960] [M]: 0x00000000800014B6 (0x00000013) addi x0, x0, 0x0                        main+3254

mem[X,0x00000000800014BA] -> 0x0013
mem[X,0x00000000800014BC] -> 0x0000
[1961] [M]: 0x00000000800014BA (0x00000013) addi x0, x0, 0x0                        main+3258

clint mtime 0x00000000000003D5 (mip.MTI <- 0b1, mip.STI <- 0b0)
mem[X,0x00000000800014BE] -> 0x0001
[1962] [M]: 0x00000000800014BE (0x0001) c.nop                                       main+3262

mem[X,0x00000000800014C0] -> 0x0593
mem[X,0x00000000800014C2] -> 0x1DF0
[1963] [M]: 0x00000000800014C0 (0x1DF00593) addi x11, x0, 0x1df                     main+3264
x11 <- 0x00000000000001DF

clint mtime 0x00000000000003D6 (mip.MTI <- 0b1, mip.STI <- 0b0)
mem[X,0x00000000800014C4] -> 0x5513
mem[X,0x00000000800014C6] -> 0x00C5
[1964] [M]: 0x00000000800014C4 (0x00C55513) srli x10, x10, 0xc                      main+3268
x10 <- 0x0000000000080000

mem[X,0x00000000800014C8] -> 0x1513
mem[X,0x00000000800014CA] -> 0x00A5
[1965] [M]: 0x00000000800014C8 (0x00A51513) slli x10, x10, 0xa                      main+3272
x10 <- 0x0000000020000000

clint mtime 0x00000000000003D7 (mip.MTI <- 0b1, mip.STI <- 0b0)
mem[X,0x00000000800014CC] -> 0x6533
mem[X,0x00000000800014CE] -> 0x00B5
[1966] [M]: 0x00000000800014CC (0x00B56533) or x10, x10, x11                        main+3276
x10 <- 0x00000000200001DF

mem[X,0x00000000800014D0] -> 0x0013
mem[X,0x00000000800014D2] -> 0x0000
[1967] [M]: 0x00000000800014D0 (0x00000013) addi x0, x0, 0x0                        main+3280

clint mtime 0x00000000000003D8 (mip.MTI <- 0b1, mip.STI <- 0b0)
mem[X,0x00000000800014D4] -> 0x0013
mem[X,0x00000000800014D6] -> 0x0000
[1968] [M]: 0x00000000800014D4 (0x00000013) addi x0, x0, 0x0                        main+3284

mem[X,0x00000000800014D8] -> 0x0013
mem[X,0x00000000800014DA] -> 0x0000
[1969] [M]: 0x00000000800014D8 (0x00000013) addi x0, x0, 0x0                        main+3288

clint mtime 0x00000000000003D9 (mip.MTI <- 0b1, mip.STI <- 0b0)
mem[X,0x00000000800014DC] -> 0x0013
mem[X,0x00000000800014DE] -> 0x0000
[1970] [M]: 0x00000000800014DC (0x00000013) addi x0, x0, 0x0                        main+3292

mem[X,0x00000000800014E0] -> 0x6317
mem[X,0x00000000800014E2] -> 0x0000
[1971] [M]: 0x00000000800014E0 (0x00006317) auipc x6, 0x6                           main+3296
x6 <- 0x00000000800074E0

clint mtime 0x00000000000003DA (mip.MTI <- 0b1, mip.STI <- 0b0)
mem[X,0x00000000800014E4] -> 0x0313
mem[X,0x00000000800014E6] -> 0xB203
[1972] [M]: 0x00000000800014E4 (0xB2030313) addi x6, x6, -0x4e0                     main+3300
x6 <- 0x0000000080007000

mem[X,0x00000000800014E8] -> 0x0001
[1973] [M]: 0x00000000800014E8 (0x0001) c.nop                                       main+3304

clint mtime 0x00000000000003DB (mip.MTI <- 0b1, mip.STI <- 0b0)
mem[X,0x00000000800014EA] -> 0x0013
mem[X,0x00000000800014EC] -> 0x0000
[1974] [M]: 0x00000000800014EA (0x00000013) addi x0, x0, 0x0                        main+3306

mem[X,0x00000000800014EE] -> 0x0013
mem[X,0x00000000800014F0] -> 0x0000
[1975] [M]: 0x00000000800014EE (0x00000013) addi x0, x0, 0x0                        main+3310

clint mtime 0x00000000000003DC (mip.MTI <- 0b1, mip.STI <- 0b0)
mem[X,0x00000000800014F2] -> 0x0013
mem[X,0x00000000800014F4] -> 0x0000
[1976] [M]: 0x00000000800014F2 (0x00000013) addi x0, x0, 0x0                        main+3314

mem[X,0x00000000800014F6] -> 0x0013
mem[X,0x00000000800014F8] -> 0x0000
[1977] [M]: 0x00000000800014F6 (0x00000013) addi x0, x0, 0x0                        main+3318

clint mtime 0x00000000000003DD (mip.MTI <- 0b1, mip.STI <- 0b0)
mem[X,0x00000000800014FA] -> 0x0013
mem[X,0x00000000800014FC] -> 0x0000
[1978] [M]: 0x00000000800014FA (0x00000013) addi x0, x0, 0x0                        main+3322

mem[X,0x00000000800014FE] -> 0x0001
[1979] [M]: 0x00000000800014FE (0x0001) c.nop                                       main+3326

clint mtime 0x00000000000003DE (mip.MTI <- 0b1, mip.STI <- 0b0)
mem[X,0x0000000080001500] -> 0x0293
mem[X,0x0000000080001502] -> 0x0000
[1980] [M]: 0x0000000080001500 (0x00000293) addi x5, x0, 0x0                        main+3328
x5 <- 0x0000000000000000

mem[X,0x0000000080001504] -> 0x0333
mem[X,0x0000000080001506] -> 0x0053
[1981] [M]: 0x0000000080001504 (0x00530333) add x6, x6, x5                          main+3332
x6 <- 0x0000000080007000

clint mtime 0x00000000000003DF (mip.MTI <- 0b1, mip.STI <- 0b0)
mem[X,0x0000000080001508] -> 0x3023
mem[X,0x000000008000150A] -> 0x00A3
[1982] [M]: 0x0000000080001508 (0x00A33023) sd x10, 0x0(x6)                         main+3336
mem[W,0x0000000080007000] <- 0x00000000200001DF

mem[X,0x000000008000150C] -> 0x0073
mem[X,0x000000008000150E] -> 0x1200
[1983] [M]: 0x000000008000150C (0x12000073) sfence.vma x0, x0                       main+3340

clint mtime 0x00000000000003E0 (mip.MTI <- 0b1, mip.STI <- 0b0)
mem[X,0x0000000080001510] -> 0x0493
mem[X,0x0000000080001512] -> 0x0010
[1984] [M]: 0x0000000080001510 (0x00100493) addi x9, x0, 0x1                        main+3344
x9 <- 0x0000000000000001

mem[X,0x0000000080001514] -> 0x9493
mem[X,0x0000000080001516] -> 0x00B4
[1985] [M]: 0x0000000080001514 (0x00B49493) slli x9, x9, 0xb                        main+3348
x9 <- 0x0000000000000800

clint mtime 0x00000000000003E1 (mip.MTI <- 0b1, mip.STI <- 0b0)
mem[X,0x0000000080001518] -> 0xB073
mem[X,0x000000008000151A] -> 0x3004
[1986] [M]: 0x0000000080001518 (0x3004B073) csrrc x0, mstatus, x9                   main+3352
CSR mstatus (0x300) <- 0x0000000A00000000

mem[X,0x000000008000151C] -> 0x23F3
mem[X,0x000000008000151E] -> 0x3400
[1987] [M]: 0x000000008000151C (0x340023F3) csrrs x7, mscratch, x0                  main+3356
CSR mscratch (0x340) -> 0x0000000080005000
x7 <- 0x0000000080005000

clint mtime 0x00000000000003E2 (mip.MTI <- 0b1, mip.STI <- 0b0)
mem[X,0x0000000080001520] -> 0xB303
mem[X,0x0000000080001522] -> 0x4703
[1988] [M]: 0x0000000080001520 (0x4703B303) ld x6, 0x470(x7)                        main+3360
mem[R,0x0000000080005470] -> 0x00000300800007BC
x6 <- 0x00000300800007BC

mem[X,0x0000000080001524] -> 0xB483
mem[X,0x0000000080001526] -> 0x1D83
[1989] [M]: 0x0000000080001524 (0x1D83B483) ld x9, 0x1d8(x7)                        main+3364
mem[R,0x00000000800051D8] -> 0x00000000800007D4
x9 <- 0x00000000800007D4

clint mtime 0x00000000000003E3 (mip.MTI <- 0b1, mip.STI <- 0b0)
mem[X,0x0000000080001528] -> 0x0333
mem[X,0x000000008000152A] -> 0x4093
[1990] [M]: 0x0000000080001528 (0x40930333) sub x6, x6, x9                          main+3368
x6 <- 0x000002FFFFFFFFE8

mem[X,0x000000008000152C] -> 0x0313
mem[X,0x000000008000152E] -> 0x0103
[1991] [M]: 0x000000008000152C (0x01030313) addi x6, x6, 0x10                       main+3372
x6 <- 0x000002FFFFFFFFF8

clint mtime 0x00000000000003E4 (mip.MTI <- 0b1, mip.STI <- 0b0)
mem[X,0x0000000080001530] -> 0x0497
mem[X,0x0000000080001532] -> 0x0000
[1992] [M]: 0x0000000080001530 (0x00000497) auipc x9, 0x0                           main+3376
x9 <- 0x0000000080001530

mem[X,0x0000000080001534] -> 0x84B3
mem[X,0x0000000080001536] -> 0x0064
[1993] [M]: 0x0000000080001534 (0x006484B3) add x9, x9, x6                          main+3380
x9 <- 0x0000030080001528

clint mtime 0x00000000000003E5 (mip.MTI <- 0b1, mip.STI <- 0b0)
mem[X,0x0000000080001538] -> 0x94F3
mem[X,0x000000008000153A] -> 0x3414
[1994] [M]: 0x0000000080001538 (0x341494F3) csrrw x9, mepc, x9                      main+3384
CSR mepc (0x341) <- 0x0000030080001528
x9 <- 0x000003008000137C

mem[X,0x000000008000153C] -> 0x0073
mem[X,0x000000008000153E] -> 0x3020
[1995] [M]: 0x000000008000153C (0x30200073) mret                                    main+3388
CSR mstatus (0x300) <- 0x0000000A00000080
ret-ing from M to U

clint mtime 0x00000000000003E6 (mip.MTI <- 0b1, mip.STI <- 0b0)
PTW: Start, vpn=0x30080001, access_type=X, privilege=Umem[R,0x0000000080009030] -> 0x00000000000000DB
PTW: Step, level=3, pte=0xDB, pte_addr=0x80009030
PTW: Success, final_ppn=0x80001, level=3mem[X,0x0000000080001528] -> 0x0333
PTW: Start, vpn=0x30080001, access_type=X, privilege=Umem[R,0x0000000080009030] -> 0x00000000000000DB
PTW: Step, level=3, pte=0xDB, pte_addr=0x80009030
PTW: Success, final_ppn=0x80001, level=3mem[X,0x000000008000152A] -> 0x4093
[1996] [U]: 0x0000030080001528 (0x40930333) sub x6, x6, x9                          va_rvtest_code_begin+3436
x6 <- 0xFFFFFFFF7FFFEC7C

PTW: Start, vpn=0x30080001, access_type=X, privilege=Umem[R,0x0000000080009030] -> 0x00000000000000DB
PTW: Step, level=3, pte=0xDB, pte_addr=0x80009030
PTW: Success, final_ppn=0x80001, level=3mem[X,0x000000008000152C] -> 0x0313
PTW: Start, vpn=0x30080001, access_type=X, privilege=Umem[R,0x0000000080009030] -> 0x00000000000000DB
PTW: Step, level=3, pte=0xDB, pte_addr=0x80009030
PTW: Success, final_ppn=0x80001, level=3mem[X,0x000000008000152E] -> 0x0103
[1997] [U]: 0x000003008000152C (0x01030313) addi x6, x6, 0x10                       va_rvtest_code_begin+3440
x6 <- 0xFFFFFFFF7FFFEC8C

clint mtime 0x00000000000003E7 (mip.MTI <- 0b1, mip.STI <- 0b0)
PTW: Start, vpn=0x30080001, access_type=X, privilege=Umem[R,0x0000000080009030] -> 0x00000000000000DB
PTW: Step, level=3, pte=0xDB, pte_addr=0x80009030
PTW: Success, final_ppn=0x80001, level=3mem[X,0x0000000080001530] -> 0x0497
PTW: Start, vpn=0x30080001, access_type=X, privilege=Umem[R,0x0000000080009030] -> 0x00000000000000DB
PTW: Step, level=3, pte=0xDB, pte_addr=0x80009030
PTW: Success, final_ppn=0x80001, level=3mem[X,0x0000000080001532] -> 0x0000
[1998] [U]: 0x0000030080001530 (0x00000497) auipc x9, 0x0                           va_rvtest_code_begin+3444
x9 <- 0x0000030080001530

PTW: Start, vpn=0x30080001, access_type=X, privilege=Umem[R,0x0000000080009030] -> 0x00000000000000DB
PTW: Step, level=3, pte=0xDB, pte_addr=0x80009030
PTW: Success, final_ppn=0x80001, level=3mem[X,0x0000000080001534] -> 0x84B3
PTW: Start, vpn=0x30080001, access_type=X, privilege=Umem[R,0x0000000080009030] -> 0x00000000000000DB
PTW: Step, level=3, pte=0xDB, pte_addr=0x80009030
PTW: Success, final_ppn=0x80001, level=3mem[X,0x0000000080001536] -> 0x0064
[1999] [U]: 0x0000030080001534 (0x006484B3) add x9, x9, x6                          va_rvtest_code_begin+3448
x9 <- 0x00000300000001BC

clint mtime 0x00000000000003E8 (mip.MTI <- 0b1, mip.STI <- 0b0)
PTW: Start, vpn=0x30080001, access_type=X, privilege=Umem[R,0x0000000080009030] -> 0x00000000000000DB
PTW: Step, level=3, pte=0xDB, pte_addr=0x80009030
PTW: Success, final_ppn=0x80001, level=3mem[X,0x0000000080001538] -> 0x94F3
PTW: Start, vpn=0x30080001, access_type=X, privilege=Umem[R,0x0000000080009030] -> 0x00000000000000DB
PTW: Step, level=3, pte=0xDB, pte_addr=0x80009030
PTW: Success, final_ppn=0x80001, level=3mem[X,0x000000008000153A] -> 0x3414
[2000] [U]: 0x0000030080001538 (0x341494F3) csrrw x9, mepc, x9                      va_rvtest_code_begin+3452
trapping from U to M to handle illegal-instruction
handling exc#illegal-instruction at priv M with tval 0x00000000341494F3
CSR mstatus (0x300) <- 0x0000000A00000000
CSR mcause (0x342) <- 0x0000000000000002
CSR mtval (0x343) <- 0x00000000341494F3
CSR mepc (0x341) <- 0x0000030080001538

mem[X,0x0000000080002380] -> 0x006F
mem[X,0x0000000080002382] -> 0x1000
[2001] [M]: 0x0000000080002380 (0x1000006F) jal x0, 0x100                           Mtrampoline+0

clint mtime 0x00000000000003E9 (mip.MTI <- 0b1, mip.STI <- 0b0)
mem[X,0x0000000080002480] -> 0x1173
mem[X,0x0000000080002482] -> 0x3401
[2002] [M]: 0x0000000080002480 (0x34011173) csrrw x2, mscratch, x2                  trap_Mhandler+0
CSR mscratch (0x340) <- 0x0000000000000000
x2 <- 0x0000000080005000

mem[X,0x0000000080002484] -> 0x3423
mem[X,0x0000000080002486] -> 0x28B1
[2003] [M]: 0x0000000080002484 (0x28B13423) sd x11, 0x288(x2)                       trap_Mhandler+4
mem[W,0x0000000080005288] <- 0x00000000000001DF

clint mtime 0x00000000000003EA (mip.MTI <- 0b1, mip.STI <- 0b0)
mem[X,0x0000000080002488] -> 0x05EF
mem[X,0x000000008000248A] -> 0x0B80
[2004] [M]: 0x0000000080002488 (0x0B8005EF) jal x11, 0xb8                           trap_Mhandler+8
x11 <- 0x000000008000248C

mem[X,0x0000000080002540] -> 0x3023
mem[X,0x0000000080002542] -> 0x28A1
[2005] [M]: 0x0000000080002540 (0x28A13023) sd x10, 0x280(x2)                       common_Mhandler+0
mem[W,0x0000000080005280] <- 0x00000000200001DF

clint mtime 0x00000000000003EB (mip.MTI <- 0b1, mip.STI <- 0b0)
mem[X,0x0000000080002544] -> 0x1573
mem[X,0x0000000080002546] -> 0x3401
[2006] [M]: 0x0000000080002544 (0x34011573) csrrw x10, mscratch, x2                 common_Mhandler+4
CSR mscratch (0x340) <- 0x0000000080005000
x10 <- 0x0000000000000000

mem[X,0x0000000080002548] -> 0x3823
mem[X,0x000000008000254A] -> 0x28A1
[2007] [M]: 0x0000000080002548 (0x28A13823) sd x10, 0x290(x2)                       common_Mhandler+8
mem[W,0x0000000080005290] <- 0x0000000000000000

clint mtime 0x00000000000003EC (mip.MTI <- 0b1, mip.STI <- 0b0)
mem[X,0x000000008000254C] -> 0x3503
mem[X,0x000000008000254E] -> 0x2301
[2008] [M]: 0x000000008000254C (0x23013503) ld x10, 0x230(x2)                       common_Mhandler+12
mem[R,0x0000000080005230] -> 0x0000000080002554
x10 <- 0x0000000080002554

mem[X,0x0000000080002550] -> 0x0067
mem[X,0x0000000080002552] -> 0x0005
[2009] [M]: 0x0000000080002550 (0x00050067) jalr x0, 0x0(x10)                       common_Mhandler+16

clint mtime 0x00000000000003ED (mip.MTI <- 0b1, mip.STI <- 0b0)
mem[X,0x0000000080002554] -> 0x3C23
mem[X,0x0000000080002556] -> 0x2691
[2010] [M]: 0x0000000080002554 (0x26913C23) sd x9, 0x278(x2)                        common_Mentry+0
mem[W,0x0000000080005278] <- 0x00000300000001BC

mem[X,0x0000000080002558] -> 0x3823
mem[X,0x000000008000255A] -> 0x2681
[2011] [M]: 0x0000000080002558 (0x26813823) sd x8, 0x270(x2)                        common_Mentry+4
mem[W,0x0000000080005270] <- 0x0000000000007F76

clint mtime 0x00000000000003EE (mip.MTI <- 0b1, mip.STI <- 0b0)
mem[X,0x000000008000255C] -> 0x3423
mem[X,0x000000008000255E] -> 0x2671
[2012] [M]: 0x000000008000255C (0x26713423) sd x7, 0x268(x2)                        common_Mentry+8
mem[W,0x0000000080005268] <- 0x0000000080005000

mem[X,0x0000000080002560] -> 0x3023
mem[X,0x0000000080002562] -> 0x2661
[2013] [M]: 0x0000000080002560 (0x26613023) sd x6, 0x260(x2)                        common_Mentry+12
mem[W,0x0000000080005260] <- 0xFFFFFFFF7FFFEC8C

clint mtime 0x00000000000003EF (mip.MTI <- 0b1, mip.STI <- 0b0)
mem[X,0x0000000080002564] -> 0x2573
mem[X,0x0000000080002566] -> 0x3420
[2014] [M]: 0x0000000080002564 (0x34202573) csrrs x10, mcause, x0                   spcl_M2mmode_test+0
CSR mcause (0x342) -> 0x0000000000000002
x10 <- 0x0000000000000002

mem[X,0x0000000080002568] -> 0x04B7
mem[X,0x000000008000256A] -> 0x8000
[2015] [M]: 0x0000000080002568 (0x800004B7) lui x9, -0x80000                        spcl_M2mmode_test+4
x9 <- 0xFFFFFFFF80000000

clint mtime 0x00000000000003F0 (mip.MTI <- 0b1, mip.STI <- 0b0)
mem[X,0x000000008000256C] -> 0x8493
mem[X,0x000000008000256E] -> 0x0004
[2016] [M]: 0x000000008000256C (0x00048493) addi x9, x9, 0x0                        spcl_M2mmode_test+8
x9 <- 0xFFFFFFFF80000000

mem[X,0x0000000080002570] -> 0x9493
mem[X,0x0000000080002572] -> 0x00B4
[2017] [M]: 0x0000000080002570 (0x00B49493) slli x9, x9, 0xb                        spcl_M2mmode_test+12
x9 <- 0xFFFFFC0000000000

clint mtime 0x00000000000003F1 (mip.MTI <- 0b1, mip.STI <- 0b0)
mem[X,0x0000000080002574] -> 0x8493
mem[X,0x0000000080002576] -> 0x0004
[2018] [M]: 0x0000000080002574 (0x00048493) addi x9, x9, 0x0                        spcl_M2mmode_test+16
x9 <- 0xFFFFFC0000000000

mem[X,0x0000000080002578] -> 0x9493
mem[X,0x000000008000257A] -> 0x00B4
[2019] [M]: 0x0000000080002578 (0x00B49493) slli x9, x9, 0xb                        spcl_M2mmode_test+20
x9 <- 0xFFE0000000000000

clint mtime 0x00000000000003F2 (mip.MTI <- 0b1, mip.STI <- 0b0)
mem[X,0x000000008000257C] -> 0x8493
mem[X,0x000000008000257E] -> 0x0034
[2020] [M]: 0x000000008000257C (0x00348493) addi x9, x9, 0x3                        spcl_M2mmode_test+24
x9 <- 0xFFE0000000000003

mem[X,0x0000000080002580] -> 0x9493
mem[X,0x0000000080002582] -> 0x00A4
[2021] [M]: 0x0000000080002580 (0x00A49493) slli x9, x9, 0xa                        spcl_M2mmode_test+28
x9 <- 0x8000000000000C00

clint mtime 0x00000000000003F3 (mip.MTI <- 0b1, mip.STI <- 0b0)
mem[X,0x0000000080002584] -> 0x8493
mem[X,0x0000000080002586] -> 0x3FC4
[2022] [M]: 0x0000000080002584 (0x3FC48493) addi x9, x9, 0x3fc                      spcl_M2mmode_test+32
x9 <- 0x8000000000000FFC

mem[X,0x0000000080002588] -> 0xF4B3
mem[X,0x000000008000258A] -> 0x00A4
[2023] [M]: 0x0000000080002588 (0x00A4F4B3) and x9, x9, x10                         spcl_M2mmode_test+36
x9 <- 0x0000000000000000

clint mtime 0x00000000000003F4 (mip.MTI <- 0b1, mip.STI <- 0b0)
mem[X,0x000000008000258C] -> 0x8493
mem[X,0x000000008000258E] -> 0xFF84
[2024] [M]: 0x000000008000258C (0xFF848493) addi x9, x9, -0x8                       spcl_M2mmode_test+40
x9 <- 0xFFFFFFFFFFFFFFF8

mem[X,0x0000000080002590] -> 0x9663
mem[X,0x0000000080002592] -> 0x0004
[2025] [M]: 0x0000000080002590 (0x00049663) bne x9, x0, 0xc                         spcl_M2mmode_test+44

clint mtime 0x00000000000003F5 (mip.MTI <- 0b1, mip.STI <- 0b0)
mem[X,0x000000008000259C] -> 0x0393
mem[X,0x000000008000259E] -> 0x0200
[2026] [M]: 0x000000008000259C (0x02000393) addi x7, x0, 0x20                       Mtrapsig_ptr_upd+0
x7 <- 0x0000000000000020

mem[X,0x00000000800025A0] -> 0x5263
mem[X,0x00000000800025A2] -> 0x0405
[2027] [M]: 0x00000000800025A0 (0x04055263) bge x10, x0, 0x44                       Mtrapsig_ptr_upd+4

clint mtime 0x00000000000003F6 (mip.MTI <- 0b1, mip.STI <- 0b0)
mem[X,0x00000000800025E4] -> 0x2373
mem[X,0x00000000800025E6] -> 0x3010
[2028] [M]: 0x00000000800025E4 (0x30102373) csrrs x6, misa, x0                      Mxcpt_sig_sv+0
CSR misa (0x301) -> 0x800000000034112F
x6 <- 0x800000000034112F

mem[X,0x00000000800025E8] -> 0x1313
mem[X,0x00000000800025EA] -> 0x0383
[2029] [M]: 0x00000000800025E8 (0x03831313) slli x6, x6, 0x38                       Mxcpt_sig_sv+4
x6 <- 0x2F00000000000000

clint mtime 0x00000000000003F7 (mip.MTI <- 0b1, mip.STI <- 0b0)
mem[X,0x00000000800025EC] -> 0x5463
mem[X,0x00000000800025EE] -> 0x0003
[2030] [M]: 0x00000000800025EC (0x00035463) bge x6, x0, 0x8                         Mxcpt_sig_sv+8

mem[X,0x00000000800025F4] -> 0x3303
mem[X,0x00000000800025F6] -> 0x2181
[2031] [M]: 0x00000000800025F4 (0x21813303) ld x6, 0x218(x2)                        Mtrap_sig_sv+0
mem[R,0x0000000080005218] -> 0x000000008000A5D8
x6 <- 0x000000008000A5D8

clint mtime 0x00000000000003F8 (mip.MTI <- 0b1, mip.STI <- 0b0)
mem[X,0x00000000800025F8] -> 0x04B3
mem[X,0x00000000800025FA] -> 0x0073
[2032] [M]: 0x00000000800025F8 (0x007304B3) add x9, x6, x7                          Mtrap_sig_sv+4
x9 <- 0x000000008000A5F8

mem[X,0x00000000800025FC] -> 0x3C23
mem[X,0x00000000800025FE] -> 0x2091
[2033] [M]: 0x00000000800025FC (0x20913C23) sd x9, 0x218(x2)                        Mtrap_sig_sv+8
mem[W,0x0000000080005218] <- 0x000000008000A5F8

clint mtime 0x00000000000003F9 (mip.MTI <- 0b1, mip.STI <- 0b0)
mem[X,0x0000000080002600] -> 0x3403
mem[X,0x0000000080002602] -> 0x1F81
[2034] [M]: 0x0000000080002600 (0x1F813403) ld x8, 0x1f8(x2)                        Mtrap_sig_sv+12
mem[R,0x00000000800051F8] -> 0x000000008000A110
x8 <- 0x000000008000A110

mem[X,0x0000000080002604] -> 0x0333
mem[X,0x0000000080002606] -> 0x4083
[2035] [M]: 0x0000000080002604 (0x40830333) sub x6, x6, x8                          Mtrap_sig_sv+16
x6 <- 0x00000000000004C8

clint mtime 0x00000000000003FA (mip.MTI <- 0b1, mip.STI <- 0b0)
mem[X,0x0000000080002608] -> 0x3403
mem[X,0x000000008000260A] -> 0x1F81
[2036] [M]: 0x0000000080002608 (0x1F813403) ld x8, 0x1f8(x2)                        Mtrap_sig_sv+20
mem[R,0x00000000800051F8] -> 0x000000008000A110
x8 <- 0x000000008000A110

mem[X,0x000000008000260C] -> 0x0333
mem[X,0x000000008000260E] -> 0x0083
[2037] [M]: 0x000000008000260C (0x00830333) add x6, x6, x8                          Mtrap_sig_sv+24
x6 <- 0x000000008000A5D8

clint mtime 0x00000000000003FB (mip.MTI <- 0b1, mip.STI <- 0b0)
mem[X,0x0000000080002610] -> 0x3403
mem[X,0x0000000080002612] -> 0x2401
[2038] [M]: 0x0000000080002610 (0x24013403) ld x8, 0x240(x2)                        Mtrap_sig_sv+28
mem[R,0x0000000080005240] -> 0x0000000080002380
x8 <- 0x0000000080002380

mem[X,0x0000000080002614] -> 0x85B3
mem[X,0x0000000080002616] -> 0x4085
[2039] [M]: 0x0000000080002614 (0x408585B3) sub x11, x11, x8                        sv_Mvect+0
x11 <- 0x000000000000010C

clint mtime 0x00000000000003FC (mip.MTI <- 0b1, mip.STI <- 0b0)
mem[X,0x0000000080002618] -> 0x9593
mem[X,0x000000008000261A] -> 0x0045
[2040] [M]: 0x0000000080002618 (0x00459593) slli x11, x11, 0x4                      sv_Mvect+4
x11 <- 0x00000000000010C0

mem[X,0x000000008000261C] -> 0xE5B3
mem[X,0x000000008000261E] -> 0x0075
[2041] [M]: 0x000000008000261C (0x0075E5B3) or x11, x11, x7                         sv_Mvect+8
x11 <- 0x00000000000010E0

clint mtime 0x00000000000003FD (mip.MTI <- 0b1, mip.STI <- 0b0)
mem[X,0x0000000080002620] -> 0x8593
mem[X,0x0000000080002622] -> 0x0035
[2042] [M]: 0x0000000080002620 (0x00358593) addi x11, x11, 0x3                      sv_Mvect+12
x11 <- 0x00000000000010E3

mem[X,0x0000000080002624] -> 0x3023
mem[X,0x0000000080002626] -> 0x00B3
[2043] [M]: 0x0000000080002624 (0x00B33023) sd x11, 0x0(x6)                         sv_Mvect+16
mem[W,0x000000008000A5D8] <- 0x00000000000010E3

clint mtime 0x00000000000003FE (mip.MTI <- 0b1, mip.STI <- 0b0)
mem[X,0x0000000080002628] -> 0x3423
mem[X,0x000000008000262A] -> 0x00A3
[2044] [M]: 0x0000000080002628 (0x00A33423) sd x10, 0x8(x6)                         sv_Mcause+0
mem[W,0x000000008000A5E0] <- 0x0000000000000002

mem[X,0x000000008000262C] -> 0x4663
mem[X,0x000000008000262E] -> 0x1A05
[2045] [M]: 0x000000008000262C (0x1A054663) blt x10, x0, 0x1ac                      sv_Mcause+4

clint mtime 0x00000000000003FF (mip.MTI <- 0b1, mip.STI <- 0b0)
mem[X,0x0000000080002630] -> 0x25F3
mem[X,0x0000000080002632] -> 0x3000
[2046] [M]: 0x0000000080002630 (0x300025F3) csrrs x11, mstatus, x0                  common_Mexcpt_handler+0
CSR mstatus (0x300) -> 0x0000000A00000000
x11 <- 0x0000000A00000000

mem[X,0x0000000080002634] -> 0x9413
mem[X,0x0000000080002636] -> 0x02E5
[2047] [M]: 0x0000000080002634 (0x02E59413) slli x8, x11, 0x2e                      common_Mexcpt_handler+4
x8 <- 0x0000000000000000

clint mtime 0x0000000000000400 (mip.MTI <- 0b1, mip.STI <- 0b0)
mem[X,0x0000000080002638] -> 0x5463
mem[X,0x000000008000263A] -> 0x0004
[2048] [M]: 0x0000000080002638 (0x00045463) bge x8, x0, 0x8                         common_Mexcpt_handler+8

mem[X,0x0000000080002640] -> 0xD493
mem[X,0x0000000080002642] -> 0x00B5
[2049] [M]: 0x0000000080002640 (0x00B5D493) srli x9, x11, 0xb                       common_Mexcpt_handler+16
x9 <- 0x0000000001400000

clint mtime 0x0000000000000401 (mip.MTI <- 0b1, mip.STI <- 0b0)
mem[X,0x0000000080002644] -> 0xF493
mem[X,0x0000000080002646] -> 0x0034
[2050] [M]: 0x0000000080002644 (0x0034F493) andi x9, x9, 0x3                        common_Mexcpt_handler+20
x9 <- 0x0000000000000000

mem[X,0x0000000080002648] -> 0x8493
mem[X,0x000000008000264A] -> 0x0014
[2051] [M]: 0x0000000080002648 (0x00148493) addi x9, x9, 0x1                        common_Mexcpt_handler+24
x9 <- 0x0000000000000001

clint mtime 0x0000000000000402 (mip.MTI <- 0b1, mip.STI <- 0b0)
mem[X,0x000000008000264C] -> 0xF493
mem[X,0x000000008000264E] -> 0x0044
[2052] [M]: 0x000000008000264C (0x0044F493) andi x9, x9, 0x4                        common_Mexcpt_handler+28
x9 <- 0x0000000000000000

mem[X,0x0000000080002650] -> 0x0593
mem[X,0x0000000080002652] -> 0x05D0
[2053] [M]: 0x0000000080002650 (0x05D00593) addi x11, x0, 0x5d                      common_Mexcpt_handler+32
x11 <- 0x000000000000005D

clint mtime 0x0000000000000403 (mip.MTI <- 0b1, mip.STI <- 0b0)
mem[X,0x0000000080002654] -> 0xD5B3
mem[X,0x0000000080002656] -> 0x0095
[2054] [M]: 0x0000000080002654 (0x0095D5B3) srl x11, x11, x9                        common_Mexcpt_handler+36
x11 <- 0x000000000000005D

mem[X,0x0000000080002658] -> 0xF593
mem[X,0x000000008000265A] -> 0x0015
[2055] [M]: 0x0000000080002658 (0x0015F593) andi x11, x11, 0x1                      common_Mexcpt_handler+40
x11 <- 0x0000000000000001

clint mtime 0x0000000000000404 (mip.MTI <- 0b1, mip.STI <- 0b0)
mem[X,0x000000008000265C] -> 0x8EE3
mem[X,0x000000008000265E] -> 0xF405
[2056] [M]: 0x000000008000265C (0xF4058EE3) beq x11, x0, -0xa4                      common_Mexcpt_handler+44

mem[X,0x0000000080002660] -> 0x0593
mem[X,0x0000000080002662] -> 0x2980
[2057] [M]: 0x0000000080002660 (0x29800593) addi x11, x0, 0x298                     common_Mexcpt_handler+48
x11 <- 0x0000000000000298

clint mtime 0x0000000000000405 (mip.MTI <- 0b1, mip.STI <- 0b0)
mem[X,0x0000000080002664] -> 0xF413
mem[X,0x0000000080002666] -> 0x0014
[2058] [M]: 0x0000000080002664 (0x0014F413) andi x8, x9, 0x1                        common_Mexcpt_handler+52
x8 <- 0x0000000000000000

mem[X,0x0000000080002668] -> 0x95B3
mem[X,0x000000008000266A] -> 0x0085
[2059] [M]: 0x0000000080002668 (0x008595B3) sll x11, x11, x8                        common_Mexcpt_handler+56
x11 <- 0x0000000000000298

clint mtime 0x0000000000000406 (mip.MTI <- 0b1, mip.STI <- 0b0)
mem[X,0x000000008000266C] -> 0x9413
mem[X,0x000000008000266E] -> 0x03D4
[2060] [M]: 0x000000008000266C (0x03D49413) slli x8, x9, 0x3d                       common_Mexcpt_handler+60
x8 <- 0x0000000000000000

mem[X,0x0000000080002670] -> 0x5413
mem[X,0x0000000080002672] -> 0x43F4
[2061] [M]: 0x0000000080002670 (0x43F45413) srai x8, x8, 0x3f                       common_Mexcpt_handler+64
x8 <- 0x0000000000000000

clint mtime 0x0000000000000407 (mip.MTI <- 0b1, mip.STI <- 0b0)
mem[X,0x0000000080002674] -> 0x4413
mem[X,0x0000000080002676] -> 0xFFF4
[2062] [M]: 0x0000000080002674 (0xFFF44413) xori x8, x8, -0x1                       common_Mexcpt_handler+68
x8 <- 0xFFFFFFFFFFFFFFFF

mem[X,0x0000000080002678] -> 0xF4B3
mem[X,0x000000008000267A] -> 0x0085
[2063] [M]: 0x0000000080002678 (0x0085F4B3) and x9, x11, x8                         common_Mexcpt_handler+72
x9 <- 0x0000000000000298

clint mtime 0x0000000000000408 (mip.MTI <- 0b1, mip.STI <- 0b0)
mem[X,0x000000008000267C] -> 0x84B3
mem[X,0x000000008000267E] -> 0x0024
[2064] [M]: 0x000000008000267C (0x002484B3) add x9, x9, x2                          vmem_adj_Mepc+0
x9 <- 0x0000000080005298

mem[X,0x0000000080002680] -> 0x23F3
mem[X,0x0000000080002682] -> 0x3410
[2065] [M]: 0x0000000080002680 (0x341023F3) csrrs x7, mepc, x0                      vmem_adj_Mepc+4
CSR mepc (0x341) -> 0x0000030080001538
x7 <- 0x0000030080001538

clint mtime 0x0000000000000409 (mip.MTI <- 0b1, mip.STI <- 0b0)
mem[X,0x0000000080002684] -> 0x0413
mem[X,0x0000000080002686] -> 0x0004
[2066] [M]: 0x0000000080002684 (0x00040413) addi x8, x8, 0x0                        vmem_adj_Mepc+8
x8 <- 0xFFFFFFFFFFFFFFFF

mem[X,0x0000000080002688] -> 0x006F
mem[X,0x000000008000268A] -> 0x0400
[2067] [M]: 0x0000000080002688 (0x0400006F) jal x0, 0x40                            vmem_adj_Mepc+12

clint mtime 0x000000000000040A (mip.MTI <- 0b1, mip.STI <- 0b0)
mem[X,0x00000000800026C8] -> 0x8433
mem[X,0x00000000800026CA] -> 0x4083
[2068] [M]: 0x00000000800026C8 (0x40838433) sub x8, x7, x8                          adj_Mepc+0
x8 <- 0x0000030080001539

mem[X,0x00000000800026CC] -> 0x3823
mem[X,0x00000000800026CE] -> 0x0083
[2069] [M]: 0x00000000800026CC (0x00833823) sd x8, 0x10(x6)                         sv_Mepc+0
mem[W,0x000000008000A5E8] <- 0x0000030080001539

clint mtime 0x000000000000040B (mip.MTI <- 0b1, mip.STI <- 0b0)
mem[X,0x00000000800026D0] -> 0x55B7
mem[X,0x00000000800026D2] -> 0x0000
[2070] [M]: 0x00000000800026D0 (0x000055B7) lui x11, 0x5                            sv_Mepc+4
x11 <- 0x0000000000005000

mem[X,0x00000000800026D4] -> 0x8593
mem[X,0x00000000800026D6] -> 0x6675
[2071] [M]: 0x00000000800026D4 (0x66758593) addi x11, x11, 0x667                    sv_Mepc+8
x11 <- 0x0000000000005667

clint mtime 0x000000000000040C (mip.MTI <- 0b1, mip.STI <- 0b0)
mem[X,0x00000000800026D8] -> 0x9593
mem[X,0x00000000800026DA] -> 0x0015
[2072] [M]: 0x00000000800026D8 (0x00159593) slli x11, x11, 0x1                      sv_Mepc+12
x11 <- 0x000000000000ACCE

mem[X,0x00000000800026DC] -> 0x9063
mem[X,0x00000000800026DE] -> 0x02B1
[2073] [M]: 0x00000000800026DC (0x02B19063) bne x3, x11, 0x20                       sv_Mepc+16

clint mtime 0x000000000000040D (mip.MTI <- 0b1, mip.STI <- 0b0)
mem[X,0x00000000800026E0] -> 0x2473
mem[X,0x00000000800026E2] -> 0x3420
[2074] [M]: 0x00000000800026E0 (0x34202473) csrrs x8, mcause, x0                    sv_Mepc+20
CSR mcause (0x342) -> 0x0000000000000002
x8 <- 0x0000000000000002

mem[X,0x00000000800026E4] -> 0x0593
mem[X,0x00000000800026E6] -> 0x00C0
[2075] [M]: 0x00000000800026E4 (0x00C00593) addi x11, x0, 0xc                       sv_Mepc+24
x11 <- 0x000000000000000C

clint mtime 0x000000000000040E (mip.MTI <- 0b1, mip.STI <- 0b0)
mem[X,0x00000000800026E8] -> 0x0663
mem[X,0x00000000800026EA] -> 0x00B4
[2076] [M]: 0x00000000800026E8 (0x00B40663) beq x8, x11, 0xc                        sv_Mepc+28

mem[X,0x00000000800026EC] -> 0x0593
mem[X,0x00000000800026EE] -> 0x0010
[2077] [M]: 0x00000000800026EC (0x00100593) addi x11, x0, 0x1                       sv_Mepc+32
x11 <- 0x0000000000000001

clint mtime 0x000000000000040F (mip.MTI <- 0b1, mip.STI <- 0b0)
mem[X,0x00000000800026F0] -> 0x1663
mem[X,0x00000000800026F2] -> 0x00B4
[2078] [M]: 0x00000000800026F0 (0x00B41663) bne x8, x11, 0xc                        sv_Mepc+36

mem[X,0x00000000800026FC] -> 0xF593
mem[X,0x00000000800026FE] -> 0xFFC3
[2079] [M]: 0x00000000800026FC (0xFFC3F593) andi x11, x7, -0x4                      adj_Mepc_rtn+0
x11 <- 0x0000030080001538

clint mtime 0x0000000000000410 (mip.MTI <- 0b1, mip.STI <- 0b0)
mem[X,0x0000000080002700] -> 0x8593
mem[X,0x0000000080002702] -> 0x0085
[2080] [M]: 0x0000000080002700 (0x00858593) addi x11, x11, 0x8                      adj_Mepc_rtn+4
x11 <- 0x0000030080001540

mem[X,0x0000000080002704] -> 0x9073
mem[X,0x0000000080002706] -> 0x3415
[2081] [M]: 0x0000000080002704 (0x34159073) csrrw x0, mepc, x11                     adj_Mepc_rtn+8
CSR mepc (0x341) <- 0x0000030080001540

clint mtime 0x0000000000000411 (mip.MTI <- 0b1, mip.STI <- 0b0)
mem[X,0x0000000080002708] -> 0x23F3
mem[X,0x000000008000270A] -> 0x3430
[2082] [M]: 0x0000000080002708 (0x343023F3) csrrs x7, mtval, x0                     skp_adj_Mepc+0
CSR mtval (0x343) -> 0x00000000341494F3
x7 <- 0x00000000341494F3

mem[X,0x000000008000270C] -> 0x0413
mem[X,0x000000008000270E] -> 0x0004
[2083] [M]: 0x000000008000270C (0x00040413) addi x8, x8, 0x0                        skp_adj_Mepc+4
x8 <- 0x0000000000000002

clint mtime 0x0000000000000412 (mip.MTI <- 0b1, mip.STI <- 0b0)
mem[X,0x0000000080002710] -> 0x006F
mem[X,0x0000000080002712] -> 0x0840
[2084] [M]: 0x0000000080002710 (0x0840006F) jal x0, 0x84                            skp_adj_Mepc+8

mem[X,0x0000000080002794] -> 0x8433
mem[X,0x0000000080002796] -> 0x4083
[2085] [M]: 0x0000000080002794 (0x40838433) sub x8, x7, x8                          adj_Mtval+0
x8 <- 0x00000000341494F1

clint mtime 0x0000000000000413 (mip.MTI <- 0b1, mip.STI <- 0b0)
mem[X,0x0000000080002798] -> 0x3C23
mem[X,0x000000008000279A] -> 0x0083
[2086] [M]: 0x0000000080002798 (0x00833C23) sd x8, 0x18(x6)                         sv_Mtval+0
mem[W,0x000000008000A5F0] <- 0x00000000341494F1

mem[X,0x000000008000279C] -> 0x3483
mem[X,0x000000008000279E] -> 0x2181
[2087] [M]: 0x000000008000279C (0x21813483) ld x9, 0x218(x2)                        skp_Mtval+0
mem[R,0x0000000080005218] -> 0x000000008000A5F8
x9 <- 0x000000008000A5F8

clint mtime 0x0000000000000414 (mip.MTI <- 0b1, mip.STI <- 0b0)
mem[X,0x00000000800027A0] -> 0x3383
mem[X,0x00000000800027A2] -> 0x1F81
[2088] [M]: 0x00000000800027A0 (0x1F813383) ld x7, 0x1f8(x2)                        skp_Mtval+4
mem[R,0x00000000800051F8] -> 0x000000008000A110
x7 <- 0x000000008000A110

mem[X,0x00000000800027A4] -> 0x3303
mem[X,0x00000000800027A6] -> 0x2001
[2089] [M]: 0x00000000800027A4 (0x20013303) ld x6, 0x200(x2)                        skp_Mtval+8
mem[R,0x0000000080005200] -> 0x0000000000000610
x6 <- 0x0000000000000610

clint mtime 0x0000000000000415 (mip.MTI <- 0b1, mip.STI <- 0b0)
mem[X,0x00000000800027A8] -> 0x0333
mem[X,0x00000000800027AA] -> 0x0073
[2090] [M]: 0x00000000800027A8 (0x00730333) add x6, x6, x7                          skp_Mtval+12
x6 <- 0x000000008000A720

mem[X,0x00000000800027AC] -> 0x6AE3
mem[X,0x00000000800027AE] -> 0xAE93
[2091] [M]: 0x00000000800027AC (0xAE936AE3) bltu x6, x9, -0x50c                     skp_Mtval+16

clint mtime 0x0000000000000416 (mip.MTI <- 0b1, mip.STI <- 0b0)
mem[X,0x00000000800027B0] -> 0x0393
mem[X,0x00000000800027B2] -> 0x2000
[2092] [M]: 0x00000000800027B0 (0x20000393) addi x7, x0, 0x200                      skp_Mtval+20
x7 <- 0x0000000000000200

mem[X,0x00000000800027B4] -> 0x006F
mem[X,0x00000000800027B6] -> 0x0400
[2093] [M]: 0x00000000800027B4 (0x0400006F) jal x0, 0x40                            skp_Mtval+24

clint mtime 0x0000000000000417 (mip.MTI <- 0b1, mip.STI <- 0b0)
mem[X,0x00000000800027F4] -> 0x0417
mem[X,0x00000000800027F6] -> 0x0000
[2094] [M]: 0x00000000800027F4 (0x00000417) auipc x8, 0x0                           spcl_Mhandler+0
x8 <- 0x00000000800027F4

mem[X,0x00000000800027F8] -> 0x0413
mem[X,0x00000000800027FA] -> 0x03C4
[2095] [M]: 0x00000000800027F8 (0x03C40413) addi x8, x8, 0x3c                       spcl_Mhandler+4
x8 <- 0x0000000080002830

clint mtime 0x0000000000000418 (mip.MTI <- 0b1, mip.STI <- 0b0)
mem[X,0x00000000800027FC] -> 0x0433
mem[X,0x00000000800027FE] -> 0x0074
[2096] [M]: 0x00000000800027FC (0x00740433) add x8, x8, x7                          spcl_Mhandler+8
x8 <- 0x0000000080002A30

mem[X,0x0000000080002800] -> 0x1393
mem[X,0x0000000080002802] -> 0x0035
[2097] [M]: 0x0000000080002800 (0x00351393) slli x7, x10, 0x3                       spcl_Mhandler+12
x7 <- 0x0000000000000010

clint mtime 0x0000000000000419 (mip.MTI <- 0b1, mip.STI <- 0b0)
mem[X,0x0000000080002804] -> 0x0433
mem[X,0x0000000080002806] -> 0x0074
[2098] [M]: 0x0000000080002804 (0x00740433) add x8, x8, x7                          spcl_Mhandler+16
x8 <- 0x0000000080002A40

mem[X,0x0000000080002808] -> 0x7413
mem[X,0x000000008000280A] -> 0xFF84
[2099] [M]: 0x0000000080002808 (0xFF847413) andi x8, x8, -0x8                       spcl_Mhandler+20
x8 <- 0x0000000080002A40

clint mtime 0x000000000000041A (mip.MTI <- 0b1, mip.STI <- 0b0)
mem[X,0x000000008000280C] -> 0x3403
mem[X,0x000000008000280E] -> 0x0004
[2100] [M]: 0x000000008000280C (0x00043403) ld x8, 0x0(x8)                          spcl_Mhandler+24
mem[R,0x0000000080002A40] -> 0x0000000000000005
x8 <- 0x0000000000000005

mem[X,0x0000000080002810] -> 0x02E3
mem[X,0x0000000080002812] -> 0xB204
[2101] [M]: 0x0000000080002810 (0xB20402E3) beq x8, x0, -0x4dc                      spcl_Mdispatch_hndling+0

clint mtime 0x000000000000041B (mip.MTI <- 0b1, mip.STI <- 0b0)
mem[X,0x0000000080002814] -> 0x1393
mem[X,0x0000000080002816] -> 0x03F4
[2102] [M]: 0x0000000080002814 (0x03F41393) slli x7, x8, 0x3f                       spcl_Mdispatch_hndling+4
x7 <- 0x8000000000000000

mem[X,0x0000000080002818] -> 0xD863
mem[X,0x000000008000281A] -> 0x0003
[2103] [M]: 0x0000000080002818 (0x0003D863) bge x7, x0, 0x10                        spcl_Mdispatch_hndling+8

clint mtime 0x000000000000041C (mip.MTI <- 0b1, mip.STI <- 0b0)
mem[X,0x000000008000281C] -> 0x5413
mem[X,0x000000008000281E] -> 0x0014
[2104] [M]: 0x000000008000281C (0x00145413) srli x8, x8, 0x1                        spcl_Mdispatch_hndling+12
x8 <- 0x0000000000000002

mem[X,0x0000000080002820] -> 0x0CE3
mem[X,0x0000000080002822] -> 0xF885
[2105] [M]: 0x0000000080002820 (0xF8850CE3) beq x10, x8, -0x68                      spcl_Mdispatch_hndling+16

clint mtime 0x000000000000041D (mip.MTI <- 0b1, mip.STI <- 0b0)
mem[X,0x00000000800027B8] -> 0x3303
mem[X,0x00000000800027BA] -> 0x2601
[2106] [M]: 0x00000000800027B8 (0x26013303) ld x6, 0x260(x2)                        resto_Mrtn+0
mem[R,0x0000000080005260] -> 0xFFFFFFFF7FFFEC8C
x6 <- 0xFFFFFFFF7FFFEC8C

mem[X,0x00000000800027BC] -> 0x3383
mem[X,0x00000000800027BE] -> 0x2681
[2107] [M]: 0x00000000800027BC (0x26813383) ld x7, 0x268(x2)                        resto_Mrtn+4
mem[R,0x0000000080005268] -> 0x0000000080005000
x7 <- 0x0000000080005000

clint mtime 0x000000000000041E (mip.MTI <- 0b1, mip.STI <- 0b0)
mem[X,0x00000000800027C0] -> 0x3403
mem[X,0x00000000800027C2] -> 0x2701
[2108] [M]: 0x00000000800027C0 (0x27013403) ld x8, 0x270(x2)                        resto_Mrtn+8
mem[R,0x0000000080005270] -> 0x0000000000007F76
x8 <- 0x0000000000007F76

mem[X,0x00000000800027C4] -> 0x3483
mem[X,0x00000000800027C6] -> 0x2781
[2109] [M]: 0x00000000800027C4 (0x27813483) ld x9, 0x278(x2)                        resto_Mrtn+12
mem[R,0x0000000080005278] -> 0x00000300000001BC
x9 <- 0x00000300000001BC

clint mtime 0x000000000000041F (mip.MTI <- 0b1, mip.STI <- 0b0)
mem[X,0x00000000800027C8] -> 0x3503
mem[X,0x00000000800027CA] -> 0x2801
[2110] [M]: 0x00000000800027C8 (0x28013503) ld x10, 0x280(x2)                       resto_Mrtn+16
mem[R,0x0000000080005280] -> 0x00000000200001DF
x10 <- 0x00000000200001DF

mem[X,0x00000000800027CC] -> 0x3583
mem[X,0x00000000800027CE] -> 0x2881
[2111] [M]: 0x00000000800027CC (0x28813583) ld x11, 0x288(x2)                       resto_Mrtn+20
mem[R,0x0000000080005288] -> 0x00000000000001DF
x11 <- 0x00000000000001DF

clint mtime 0x0000000000000420 (mip.MTI <- 0b1, mip.STI <- 0b0)
mem[X,0x00000000800027D0] -> 0x3103
mem[X,0x00000000800027D2] -> 0x2901
[2112] [M]: 0x00000000800027D0 (0x29013103) ld x2, 0x290(x2)                        resto_Mrtn+24
mem[R,0x0000000080005290] -> 0x0000000000000000
x2 <- 0x0000000000000000

mem[X,0x00000000800027D4] -> 0x0073
mem[X,0x00000000800027D6] -> 0x3020
[2113] [M]: 0x00000000800027D4 (0x30200073) mret                                    resto_Mrtn+28
CSR mstatus (0x300) <- 0x0000000A00000080
ret-ing from M to U

clint mtime 0x0000000000000421 (mip.MTI <- 0b1, mip.STI <- 0b0)
PTW: Start, vpn=0x30080001, access_type=X, privilege=Umem[R,0x0000000080009030] -> 0x00000000000000DB
PTW: Step, level=3, pte=0xDB, pte_addr=0x80009030
PTW: Success, final_ppn=0x80001, level=3mem[X,0x0000000080001540] -> 0x07B7
PTW: Start, vpn=0x30080001, access_type=X, privilege=Umem[R,0x0000000080009030] -> 0x00000000000000DB
PTW: Step, level=3, pte=0xDB, pte_addr=0x80009030
PTW: Success, final_ppn=0x80001, level=3mem[X,0x0000000080001542] -> 0x0000
[2114] [U]: 0x0000030080001540 (0x000007B7) lui x15, 0x0                            va_rvtest_code_begin+3460
x15 <- 0x0000000000000000

PTW: Start, vpn=0x30080001, access_type=X, privilege=Umem[R,0x0000000080009030] -> 0x00000000000000DB
PTW: Step, level=3, pte=0xDB, pte_addr=0x80009030
PTW: Success, final_ppn=0x80001, level=3mem[X,0x0000000080001544] -> 0x8793
PTW: Start, vpn=0x30080001, access_type=X, privilege=Umem[R,0x0000000080009030] -> 0x00000000000000DB
PTW: Step, level=3, pte=0xDB, pte_addr=0x80009030
PTW: Success, final_ppn=0x80001, level=3mem[X,0x0000000080001546] -> 0x2807
[2115] [U]: 0x0000030080001544 (0x28078793) addi x15, x15, 0x280                    va_rvtest_code_begin+3464
x15 <- 0x0000000000000280

clint mtime 0x0000000000000422 (mip.MTI <- 0b1, mip.STI <- 0b0)
PTW: Start, vpn=0x30080001, access_type=X, privilege=Umem[R,0x0000000080009030] -> 0x00000000000000DB
PTW: Step, level=3, pte=0xDB, pte_addr=0x80009030
PTW: Success, final_ppn=0x80001, level=3mem[X,0x0000000080001548] -> 0x9793
PTW: Start, vpn=0x30080001, access_type=X, privilege=Umem[R,0x0000000080009030] -> 0x00000000000000DB
PTW: Step, level=3, pte=0xDB, pte_addr=0x80009030
PTW: Success, final_ppn=0x80001, level=3mem[X,0x000000008000154A] -> 0x00B7
[2116] [U]: 0x0000030080001548 (0x00B79793) slli x15, x15, 0xb                      va_rvtest_code_begin+3468
x15 <- 0x0000000000140000

PTW: Start, vpn=0x30080001, access_type=X, privilege=Umem[R,0x0000000080009030] -> 0x00000000000000DB
PTW: Step, level=3, pte=0xDB, pte_addr=0x80009030
PTW: Success, final_ppn=0x80001, level=3mem[X,0x000000008000154C] -> 0x8793
PTW: Start, vpn=0x30080001, access_type=X, privilege=Umem[R,0x0000000080009030] -> 0x00000000000000DB
PTW: Step, level=3, pte=0xDB, pte_addr=0x80009030
PTW: Success, final_ppn=0x80001, level=3mem[X,0x000000008000154E] -> 0x0007
[2117] [U]: 0x000003008000154C (0x00078793) addi x15, x15, 0x0                      va_rvtest_code_begin+3472
x15 <- 0x0000000000140000

clint mtime 0x0000000000000423 (mip.MTI <- 0b1, mip.STI <- 0b0)
PTW: Start, vpn=0x30080001, access_type=X, privilege=Umem[R,0x0000000080009030] -> 0x00000000000000DB
PTW: Step, level=3, pte=0xDB, pte_addr=0x80009030
PTW: Success, final_ppn=0x80001, level=3mem[X,0x0000000080001550] -> 0x9793
PTW: Start, vpn=0x30080001, access_type=X, privilege=Umem[R,0x0000000080009030] -> 0x00000000000000DB
PTW: Step, level=3, pte=0xDB, pte_addr=0x80009030
PTW: Success, final_ppn=0x80001, level=3mem[X,0x0000000080001552] -> 0x00B7
[2118] [U]: 0x0000030080001550 (0x00B79793) slli x15, x15, 0xb                      va_rvtest_code_begin+3476
x15 <- 0x00000000A0000000

PTW: Start, vpn=0x30080001, access_type=X, privilege=Umem[R,0x0000000080009030] -> 0x00000000000000DB
PTW: Step, level=3, pte=0xDB, pte_addr=0x80009030
PTW: Success, final_ppn=0x80001, level=3mem[X,0x0000000080001554] -> 0x8793
PTW: Start, vpn=0x30080001, access_type=X, privilege=Umem[R,0x0000000080009030] -> 0x00000000000000DB
PTW: Step, level=3, pte=0xDB, pte_addr=0x80009030
PTW: Success, final_ppn=0x80001, level=3mem[X,0x0000000080001556] -> 0x0017
[2119] [U]: 0x0000030080001554 (0x00178793) addi x15, x15, 0x1                      va_rvtest_code_begin+3480
x15 <- 0x00000000A0000001

clint mtime 0x0000000000000424 (mip.MTI <- 0b1, mip.STI <- 0b0)
PTW: Start, vpn=0x30080001, access_type=X, privilege=Umem[R,0x0000000080009030] -> 0x00000000000000DB
PTW: Step, level=3, pte=0xDB, pte_addr=0x80009030
PTW: Success, final_ppn=0x80001, level=3mem[X,0x0000000080001558] -> 0x9793
PTW: Start, vpn=0x30080001, access_type=X, privilege=Umem[R,0x0000000080009030] -> 0x00000000000000DB
PTW: Step, level=3, pte=0xDB, pte_addr=0x80009030
PTW: Success, final_ppn=0x80001, level=3mem[X,0x000000008000155A] -> 0x00A7
[2120] [U]: 0x0000030080001558 (0x00A79793) slli x15, x15, 0xa                      va_rvtest_code_begin+3484
x15 <- 0x0000028000000400

PTW: Start, vpn=0x30080001, access_type=X, privilege=Umem[R,0x0000000080009030] -> 0x00000000000000DB
PTW: Step, level=3, pte=0xDB, pte_addr=0x80009030
PTW: Success, final_ppn=0x80001, level=3mem[X,0x000000008000155C] -> 0x0613
PTW: Start, vpn=0x30080001, access_type=X, privilege=Umem[R,0x0000000080009030] -> 0x00000000000000DB
PTW: Step, level=3, pte=0xDB, pte_addr=0x80009030
PTW: Success, final_ppn=0x80001, level=3mem[X,0x000000008000155E] -> 0x0106
[2121] [U]: 0x000003008000155C (0x01060613) addi x12, x12, 0x10                     va_rvtest_code_begin+3488
x12 <- 0x0000000000000070

clint mtime 0x0000000000000425 (mip.MTI <- 0b1, mip.STI <- 0b0)
PTW: Start, vpn=0x30080001, access_type=X, privilege=Umem[R,0x0000000080009030] -> 0x00000000000000DB
PTW: Step, level=3, pte=0xDB, pte_addr=0x80009030
PTW: Success, final_ppn=0x80001, level=3mem[X,0x0000000080001560] -> 0xAA23
PTW: Start, vpn=0x30080001, access_type=X, privilege=Umem[R,0x0000000080009030] -> 0x00000000000000DB
PTW: Step, level=3, pte=0xDB, pte_addr=0x80009030
PTW: Success, final_ppn=0x80001, level=3mem[X,0x0000000080001562] -> 0x00C7
[2122] [U]: 0x0000030080001560 (0x00C7AA23) sw x12, 0x14(x15)                       va_rvtest_code_begin+3492
PTW: Start, vpn=0x28000000, access_type=W, privilege=Umem[R,0x0000000080009028] -> 0x0000000020002001
PTW: Step, level=3, pte=0x20002001, pte_addr=0x80009028
PTW: Start, vpn=0x28000000, access_type=W, privilege=Umem[R,0x0000000080008000] -> 0x0000000020001C01
PTW: Step, level=2, pte=0x20001C01, pte_addr=0x80008000
PTW: Start, vpn=0x28000000, access_type=W, privilege=Umem[R,0x0000000080007000] -> 0x00000000200001DF
PTW: Step, level=1, pte=0x200001DF, pte_addr=0x80007000
PTW: Success, final_ppn=0x80000, level=1mem[W,0x0000000080000414] <- 0x00000070

PTW: Start, vpn=0x30080001, access_type=X, privilege=Umem[R,0x0000000080009030] -> 0x00000000000000DB
PTW: Step, level=3, pte=0xDB, pte_addr=0x80009030
PTW: Success, final_ppn=0x80001, level=3mem[X,0x0000000080001564] -> 0x0013
PTW: Start, vpn=0x30080001, access_type=X, privilege=Umem[R,0x0000000080009030] -> 0x00000000000000DB
PTW: Step, level=3, pte=0xDB, pte_addr=0x80009030
PTW: Success, final_ppn=0x80001, level=3mem[X,0x0000000080001566] -> 0x0000
[2123] [U]: 0x0000030080001564 (0x00000013) addi x0, x0, 0x0                        va_rvtest_code_begin+3496

clint mtime 0x0000000000000426 (mip.MTI <- 0b1, mip.STI <- 0b0)
PTW: Start, vpn=0x30080001, access_type=X, privilege=Umem[R,0x0000000080009030] -> 0x00000000000000DB
PTW: Step, level=3, pte=0xDB, pte_addr=0x80009030
PTW: Success, final_ppn=0x80001, level=3mem[X,0x0000000080001568] -> 0xA703
PTW: Start, vpn=0x30080001, access_type=X, privilege=Umem[R,0x0000000080009030] -> 0x00000000000000DB
PTW: Step, level=3, pte=0xDB, pte_addr=0x80009030
PTW: Success, final_ppn=0x80001, level=3mem[X,0x000000008000156A] -> 0x0147
[2124] [U]: 0x0000030080001568 (0x0147A703) lw x14, 0x14(x15)                       va_rvtest_code_begin+3500
PTW: Start, vpn=0x28000000, access_type=R, privilege=Umem[R,0x0000000080009028] -> 0x0000000020002001
PTW: Step, level=3, pte=0x20002001, pte_addr=0x80009028
PTW: Start, vpn=0x28000000, access_type=R, privilege=Umem[R,0x0000000080008000] -> 0x0000000020001C01
PTW: Step, level=2, pte=0x20001C01, pte_addr=0x80008000
PTW: Start, vpn=0x28000000, access_type=R, privilege=Umem[R,0x0000000080007000] -> 0x00000000200001DF
PTW: Step, level=1, pte=0x200001DF, pte_addr=0x80007000
PTW: Success, final_ppn=0x80000, level=1mem[R,0x0000000080000414] -> 0x00000070
x14 <- 0x0000000000000070

PTW: Start, vpn=0x30080001, access_type=X, privilege=Umem[R,0x0000000080009030] -> 0x00000000000000DB
PTW: Step, level=3, pte=0xDB, pte_addr=0x80009030
PTW: Success, final_ppn=0x80001, level=3mem[X,0x000000008000156C] -> 0x0013
PTW: Start, vpn=0x30080001, access_type=X, privilege=Umem[R,0x0000000080009030] -> 0x00000000000000DB
PTW: Step, level=3, pte=0xDB, pte_addr=0x80009030
PTW: Success, final_ppn=0x80001, level=3mem[X,0x000000008000156E] -> 0x0000
[2125] [U]: 0x000003008000156C (0x00000013) addi x0, x0, 0x0                        va_rvtest_code_begin+3504

clint mtime 0x0000000000000427 (mip.MTI <- 0b1, mip.STI <- 0b0)
PTW: Start, vpn=0x30080001, access_type=X, privilege=Umem[R,0x0000000080009030] -> 0x00000000000000DB
PTW: Step, level=3, pte=0xDB, pte_addr=0x80009030
PTW: Success, final_ppn=0x80001, level=3mem[X,0x0000000080001570] -> 0x51B7
PTW: Start, vpn=0x30080001, access_type=X, privilege=Umem[R,0x0000000080009030] -> 0x00000000000000DB
PTW: Step, level=3, pte=0xDB, pte_addr=0x80009030
PTW: Success, final_ppn=0x80001, level=3mem[X,0x0000000080001572] -> 0x0000
[2126] [U]: 0x0000030080001570 (0x000051B7) lui x3, 0x5                             va_rvtest_code_begin+3508
x3 <- 0x0000000000005000

PTW: Start, vpn=0x30080001, access_type=X, privilege=Umem[R,0x0000000080009030] -> 0x00000000000000DB
PTW: Step, level=3, pte=0xDB, pte_addr=0x80009030
PTW: Success, final_ppn=0x80001, level=3mem[X,0x0000000080001574] -> 0x8193
PTW: Start, vpn=0x30080001, access_type=X, privilege=Umem[R,0x0000000080009030] -> 0x00000000000000DB
PTW: Step, level=3, pte=0xDB, pte_addr=0x80009030
PTW: Success, final_ppn=0x80001, level=3mem[X,0x0000000080001576] -> 0x6671
[2127] [U]: 0x0000030080001574 (0x66718193) addi x3, x3, 0x667                      va_rvtest_code_begin+3512
x3 <- 0x0000000000005667

clint mtime 0x0000000000000428 (mip.MTI <- 0b1, mip.STI <- 0b0)
PTW: Start, vpn=0x30080001, access_type=X, privilege=Umem[R,0x0000000080009030] -> 0x00000000000000DB
PTW: Step, level=3, pte=0xDB, pte_addr=0x80009030
PTW: Success, final_ppn=0x80001, level=3mem[X,0x0000000080001578] -> 0x9193
PTW: Start, vpn=0x30080001, access_type=X, privilege=Umem[R,0x0000000080009030] -> 0x00000000000000DB
PTW: Step, level=3, pte=0xDB, pte_addr=0x80009030
PTW: Success, final_ppn=0x80001, level=3mem[X,0x000000008000157A] -> 0x0011
[2128] [U]: 0x0000030080001578 (0x00119193) slli x3, x3, 0x1                        va_rvtest_code_begin+3516
x3 <- 0x000000000000ACCE

PTW: Start, vpn=0x30080001, access_type=X, privilege=Umem[R,0x0000000080009030] -> 0x00000000000000DB
PTW: Step, level=3, pte=0xDB, pte_addr=0x80009030
PTW: Success, final_ppn=0x80001, level=3mem[X,0x000000008000157C] -> 0x0013
PTW: Start, vpn=0x30080001, access_type=X, privilege=Umem[R,0x0000000080009030] -> 0x00000000000000DB
PTW: Step, level=3, pte=0xDB, pte_addr=0x80009030
PTW: Success, final_ppn=0x80001, level=3mem[X,0x000000008000157E] -> 0x0000
[2129] [U]: 0x000003008000157C (0x00000013) addi x0, x0, 0x0                        va_rvtest_code_begin+3520

clint mtime 0x0000000000000429 (mip.MTI <- 0b1, mip.STI <- 0b0)
PTW: Start, vpn=0x30080001, access_type=X, privilege=Umem[R,0x0000000080009030] -> 0x00000000000000DB
PTW: Step, level=3, pte=0xDB, pte_addr=0x80009030
PTW: Success, final_ppn=0x80001, level=3mem[X,0x0000000080001580] -> 0x0217
PTW: Start, vpn=0x30080001, access_type=X, privilege=Umem[R,0x0000000080009030] -> 0x00000000000000DB
PTW: Step, level=3, pte=0xDB, pte_addr=0x80009030
PTW: Success, final_ppn=0x80001, level=3mem[X,0x0000000080001582] -> 0x0000
[2130] [U]: 0x0000030080001580 (0x00000217) auipc x4, 0x0                           va_rvtest_code_begin+3524
x4 <- 0x0000030080001580

PTW: Start, vpn=0x30080001, access_type=X, privilege=Umem[R,0x0000000080009030] -> 0x00000000000000DB
PTW: Step, level=3, pte=0xDB, pte_addr=0x80009030
PTW: Success, final_ppn=0x80001, level=3mem[X,0x0000000080001584] -> 0x0213
PTW: Start, vpn=0x30080001, access_type=X, privilege=Umem[R,0x0000000080009030] -> 0x00000000000000DB
PTW: Step, level=3, pte=0xDB, pte_addr=0x80009030
PTW: Success, final_ppn=0x80001, level=3mem[X,0x0000000080001586] -> 0x02C2
[2131] [U]: 0x0000030080001584 (0x02C20213) addi x4, x4, 0x2c                       va_rvtest_code_begin+3528
x4 <- 0x00000300800015AC

clint mtime 0x000000000000042A (mip.MTI <- 0b1, mip.STI <- 0b0)
PTW: Start, vpn=0x30080001, access_type=X, privilege=Umem[R,0x0000000080009030] -> 0x00000000000000DB
PTW: Step, level=3, pte=0xDB, pte_addr=0x80009030
PTW: Success, final_ppn=0x80001, level=3mem[X,0x0000000080001588] -> 0x0001
[2132] [U]: 0x0000030080001588 (0x0001) c.nop                                       va_rvtest_code_begin+3532

PTW: Start, vpn=0x30080001, access_type=X, privilege=Umem[R,0x0000000080009030] -> 0x00000000000000DB
PTW: Step, level=3, pte=0xDB, pte_addr=0x80009030
PTW: Success, final_ppn=0x80001, level=3mem[X,0x000000008000158A] -> 0x0013
PTW: Start, vpn=0x30080001, access_type=X, privilege=Umem[R,0x0000000080009030] -> 0x00000000000000DB
PTW: Step, level=3, pte=0xDB, pte_addr=0x80009030
PTW: Success, final_ppn=0x80001, level=3mem[X,0x000000008000158C] -> 0x0000
[2133] [U]: 0x000003008000158A (0x00000013) addi x0, x0, 0x0                        va_rvtest_code_begin+3534

clint mtime 0x000000000000042B (mip.MTI <- 0b1, mip.STI <- 0b0)
PTW: Start, vpn=0x30080001, access_type=X, privilege=Umem[R,0x0000000080009030] -> 0x00000000000000DB
PTW: Step, level=3, pte=0xDB, pte_addr=0x80009030
PTW: Success, final_ppn=0x80001, level=3mem[X,0x000000008000158E] -> 0x0013
PTW: Start, vpn=0x30080001, access_type=X, privilege=Umem[R,0x0000000080009030] -> 0x00000000000000DB
PTW: Step, level=3, pte=0xDB, pte_addr=0x80009030
PTW: Success, final_ppn=0x80001, level=3mem[X,0x0000000080001590] -> 0x0000
[2134] [U]: 0x000003008000158E (0x00000013) addi x0, x0, 0x0                        va_rvtest_code_begin+3538

PTW: Start, vpn=0x30080001, access_type=X, privilege=Umem[R,0x0000000080009030] -> 0x00000000000000DB
PTW: Step, level=3, pte=0xDB, pte_addr=0x80009030
PTW: Success, final_ppn=0x80001, level=3mem[X,0x0000000080001592] -> 0x0013
PTW: Start, vpn=0x30080001, access_type=X, privilege=Umem[R,0x0000000080009030] -> 0x00000000000000DB
PTW: Step, level=3, pte=0xDB, pte_addr=0x80009030
PTW: Success, final_ppn=0x80001, level=3mem[X,0x0000000080001594] -> 0x0000
[2135] [U]: 0x0000030080001592 (0x00000013) addi x0, x0, 0x0                        va_rvtest_code_begin+3542

clint mtime 0x000000000000042C (mip.MTI <- 0b1, mip.STI <- 0b0)
PTW: Start, vpn=0x30080001, access_type=X, privilege=Umem[R,0x0000000080009030] -> 0x00000000000000DB
PTW: Step, level=3, pte=0xDB, pte_addr=0x80009030
PTW: Success, final_ppn=0x80001, level=3mem[X,0x0000000080001596] -> 0x0013
PTW: Start, vpn=0x30080001, access_type=X, privilege=Umem[R,0x0000000080009030] -> 0x00000000000000DB
PTW: Step, level=3, pte=0xDB, pte_addr=0x80009030
PTW: Success, final_ppn=0x80001, level=3mem[X,0x0000000080001598] -> 0x0000
[2136] [U]: 0x0000030080001596 (0x00000013) addi x0, x0, 0x0                        va_rvtest_code_begin+3546

PTW: Start, vpn=0x30080001, access_type=X, privilege=Umem[R,0x0000000080009030] -> 0x00000000000000DB
PTW: Step, level=3, pte=0xDB, pte_addr=0x80009030
PTW: Success, final_ppn=0x80001, level=3mem[X,0x000000008000159A] -> 0x0013
PTW: Start, vpn=0x30080001, access_type=X, privilege=Umem[R,0x0000000080009030] -> 0x00000000000000DB
PTW: Step, level=3, pte=0xDB, pte_addr=0x80009030
PTW: Success, final_ppn=0x80001, level=3mem[X,0x000000008000159C] -> 0x0000
[2137] [U]: 0x000003008000159A (0x00000013) addi x0, x0, 0x0                        va_rvtest_code_begin+3550

clint mtime 0x000000000000042D (mip.MTI <- 0b1, mip.STI <- 0b0)
PTW: Start, vpn=0x30080001, access_type=X, privilege=Umem[R,0x0000000080009030] -> 0x00000000000000DB
PTW: Step, level=3, pte=0xDB, pte_addr=0x80009030
PTW: Success, final_ppn=0x80001, level=3mem[X,0x000000008000159E] -> 0x0001
[2138] [U]: 0x000003008000159E (0x0001) c.nop                                       va_rvtest_code_begin+3554

PTW: Start, vpn=0x30080001, access_type=X, privilege=Umem[R,0x0000000080009030] -> 0x00000000000000DB
PTW: Step, level=3, pte=0xDB, pte_addr=0x80009030
PTW: Success, final_ppn=0x80001, level=3mem[X,0x00000000800015A0] -> 0x80E7
PTW: Start, vpn=0x30080001, access_type=X, privilege=Umem[R,0x0000000080009030] -> 0x00000000000000DB
PTW: Step, level=3, pte=0xDB, pte_addr=0x80009030
PTW: Success, final_ppn=0x80001, level=3mem[X,0x00000000800015A2] -> 0x0007
[2139] [U]: 0x00000300800015A0 (0x000780E7) jalr x1, 0x0(x15)                       va_rvtest_code_begin+3556
x1 <- 0x00000300800015A4

clint mtime 0x000000000000042E (mip.MTI <- 0b1, mip.STI <- 0b0)
PTW: Start, vpn=0x28000000, access_type=X, privilege=Umem[R,0x0000000080009028] -> 0x0000000020002001
PTW: Step, level=3, pte=0x20002001, pte_addr=0x80009028
PTW: Start, vpn=0x28000000, access_type=X, privilege=Umem[R,0x0000000080008000] -> 0x0000000020001C01
PTW: Step, level=2, pte=0x20001C01, pte_addr=0x80008000
PTW: Start, vpn=0x28000000, access_type=X, privilege=Umem[R,0x0000000080007000] -> 0x00000000200001DF
PTW: Step, level=1, pte=0x200001DF, pte_addr=0x80007000
PTW: Success, final_ppn=0x80000, level=1mem[X,0x0000000080000400] -> 0x0013
mem[X,0x0000000080000402] -> 0x0000
[2140] [U]: 0x0000028000000400 (0x00000013) addi x0, x0, 0x0                        va_data+0

mem[X,0x0000000080000404] -> 0x8093
mem[X,0x0000000080000406] -> 0x0080
[2141] [U]: 0x0000028000000404 (0x00808093) addi x1, x1, 0x8                        va_data+4
x1 <- 0x00000300800015AC

clint mtime 0x000000000000042F (mip.MTI <- 0b1, mip.STI <- 0b0)
mem[X,0x0000000080000408] -> 0x8067
mem[X,0x000000008000040A] -> 0x0000
[2142] [U]: 0x0000028000000408 (0x00008067) jalr x0, 0x0(x1)                        va_data+8

PTW: Start, vpn=0x30080001, access_type=X, privilege=Umem[R,0x0000000080009030] -> 0x00000000000000DB
PTW: Step, level=3, pte=0xDB, pte_addr=0x80009030
PTW: Success, final_ppn=0x80001, level=3mem[X,0x00000000800015AC] -> 0x0013
PTW: Start, vpn=0x30080001, access_type=X, privilege=Umem[R,0x0000000080009030] -> 0x00000000000000DB
PTW: Step, level=3, pte=0xDB, pte_addr=0x80009030
PTW: Success, final_ppn=0x80001, level=3mem[X,0x00000000800015AE] -> 0x0000
[2143] [U]: 0x00000300800015AC (0x00000013) addi x0, x0, 0x0                        va_rvtest_code_begin+3568

clint mtime 0x0000000000000430 (mip.MTI <- 0b1, mip.STI <- 0b0)
PTW: Start, vpn=0x30080001, access_type=X, privilege=Umem[R,0x0000000080009030] -> 0x00000000000000DB
PTW: Step, level=3, pte=0xDB, pte_addr=0x80009030
PTW: Success, final_ppn=0x80001, level=3mem[X,0x00000000800015B0] -> 0x0013
PTW: Start, vpn=0x30080001, access_type=X, privilege=Umem[R,0x0000000080009030] -> 0x00000000000000DB
PTW: Step, level=3, pte=0xDB, pte_addr=0x80009030
PTW: Success, final_ppn=0x80001, level=3mem[X,0x00000000800015B2] -> 0x0000
[2144] [U]: 0x00000300800015B0 (0x00000013) addi x0, x0, 0x0                        va_rvtest_code_begin+3572

PTW: Start, vpn=0x30080001, access_type=X, privilege=Umem[R,0x0000000080009030] -> 0x00000000000000DB
PTW: Step, level=3, pte=0xDB, pte_addr=0x80009030
PTW: Success, final_ppn=0x80001, level=3mem[X,0x00000000800015B4] -> 0x0013
PTW: Start, vpn=0x30080001, access_type=X, privilege=Umem[R,0x0000000080009030] -> 0x00000000000000DB
PTW: Step, level=3, pte=0xDB, pte_addr=0x80009030
PTW: Success, final_ppn=0x80001, level=3mem[X,0x00000000800015B6] -> 0x0000
[2145] [U]: 0x00000300800015B4 (0x00000013) addi x0, x0, 0x0                        va_rvtest_code_begin+3576

clint mtime 0x0000000000000431 (mip.MTI <- 0b1, mip.STI <- 0b0)
PTW: Start, vpn=0x30080001, access_type=X, privilege=Umem[R,0x0000000080009030] -> 0x00000000000000DB
PTW: Step, level=3, pte=0xDB, pte_addr=0x80009030
PTW: Success, final_ppn=0x80001, level=3mem[X,0x00000000800015B8] -> 0x0113
PTW: Start, vpn=0x30080001, access_type=X, privilege=Umem[R,0x0000000080009030] -> 0x00000000000000DB
PTW: Step, level=3, pte=0xDB, pte_addr=0x80009030
PTW: Success, final_ppn=0x80001, level=3mem[X,0x00000000800015BA] -> 0x0000
[2146] [U]: 0x00000300800015B8 (0x00000113) addi x2, x0, 0x0                        va_rvtest_code_begin+3580
x2 <- 0x0000000000000000

PTW: Start, vpn=0x30080001, access_type=X, privilege=Umem[R,0x0000000080009030] -> 0x00000000000000DB
PTW: Step, level=3, pte=0xDB, pte_addr=0x80009030
PTW: Success, final_ppn=0x80001, level=3mem[X,0x00000000800015BC] -> 0x0073
PTW: Start, vpn=0x30080001, access_type=X, privilege=Umem[R,0x0000000080009030] -> 0x00000000000000DB
PTW: Step, level=3, pte=0xDB, pte_addr=0x80009030
PTW: Success, final_ppn=0x80001, level=3mem[X,0x00000000800015BE] -> 0x0000
[2147] [U]: 0x00000300800015BC (0x00000073) ecall                                   va_rvtest_code_begin+3584
trapping from U to M to handle u-call
handling exc#u-call at priv M with tval 0x0000000000000000
CSR mstatus (0x300) <- 0x0000000A00000000
CSR mcause (0x342) <- 0x0000000000000008
CSR mtval (0x343) <- 0x0000000000000000
CSR mepc (0x341) <- 0x00000300800015BC

clint mtime 0x0000000000000432 (mip.MTI <- 0b1, mip.STI <- 0b0)
mem[X,0x0000000080002380] -> 0x006F
mem[X,0x0000000080002382] -> 0x1000
[2148] [M]: 0x0000000080002380 (0x1000006F) jal x0, 0x100                           Mtrampoline+0

mem[X,0x0000000080002480] -> 0x1173
mem[X,0x0000000080002482] -> 0x3401
[2149] [M]: 0x0000000080002480 (0x34011173) csrrw x2, mscratch, x2                  trap_Mhandler+0
CSR mscratch (0x340) <- 0x0000000000000000
x2 <- 0x0000000080005000

clint mtime 0x0000000000000433 (mip.MTI <- 0b1, mip.STI <- 0b0)
mem[X,0x0000000080002484] -> 0x3423
mem[X,0x0000000080002486] -> 0x28B1
[2150] [M]: 0x0000000080002484 (0x28B13423) sd x11, 0x288(x2)                       trap_Mhandler+4
mem[W,0x0000000080005288] <- 0x00000000000001DF

mem[X,0x0000000080002488] -> 0x05EF
mem[X,0x000000008000248A] -> 0x0B80
[2151] [M]: 0x0000000080002488 (0x0B8005EF) jal x11, 0xb8                           trap_Mhandler+8
x11 <- 0x000000008000248C

clint mtime 0x0000000000000434 (mip.MTI <- 0b1, mip.STI <- 0b0)
mem[X,0x0000000080002540] -> 0x3023
mem[X,0x0000000080002542] -> 0x28A1
[2152] [M]: 0x0000000080002540 (0x28A13023) sd x10, 0x280(x2)                       common_Mhandler+0
mem[W,0x0000000080005280] <- 0x00000000200001DF

mem[X,0x0000000080002544] -> 0x1573
mem[X,0x0000000080002546] -> 0x3401
[2153] [M]: 0x0000000080002544 (0x34011573) csrrw x10, mscratch, x2                 common_Mhandler+4
CSR mscratch (0x340) <- 0x0000000080005000
x10 <- 0x0000000000000000

clint mtime 0x0000000000000435 (mip.MTI <- 0b1, mip.STI <- 0b0)
mem[X,0x0000000080002548] -> 0x3823
mem[X,0x000000008000254A] -> 0x28A1
[2154] [M]: 0x0000000080002548 (0x28A13823) sd x10, 0x290(x2)                       common_Mhandler+8
mem[W,0x0000000080005290] <- 0x0000000000000000

mem[X,0x000000008000254C] -> 0x3503
mem[X,0x000000008000254E] -> 0x2301
[2155] [M]: 0x000000008000254C (0x23013503) ld x10, 0x230(x2)                       common_Mhandler+12
mem[R,0x0000000080005230] -> 0x0000000080002554
x10 <- 0x0000000080002554

clint mtime 0x0000000000000436 (mip.MTI <- 0b1, mip.STI <- 0b0)
mem[X,0x0000000080002550] -> 0x0067
mem[X,0x0000000080002552] -> 0x0005
[2156] [M]: 0x0000000080002550 (0x00050067) jalr x0, 0x0(x10)                       common_Mhandler+16

mem[X,0x0000000080002554] -> 0x3C23
mem[X,0x0000000080002556] -> 0x2691
[2157] [M]: 0x0000000080002554 (0x26913C23) sd x9, 0x278(x2)                        common_Mentry+0
mem[W,0x0000000080005278] <- 0x00000300000001BC

clint mtime 0x0000000000000437 (mip.MTI <- 0b1, mip.STI <- 0b0)
mem[X,0x0000000080002558] -> 0x3823
mem[X,0x000000008000255A] -> 0x2681
[2158] [M]: 0x0000000080002558 (0x26813823) sd x8, 0x270(x2)                        common_Mentry+4
mem[W,0x0000000080005270] <- 0x0000000000007F76

mem[X,0x000000008000255C] -> 0x3423
mem[X,0x000000008000255E] -> 0x2671
[2159] [M]: 0x000000008000255C (0x26713423) sd x7, 0x268(x2)                        common_Mentry+8
mem[W,0x0000000080005268] <- 0x0000000080005000

clint mtime 0x0000000000000438 (mip.MTI <- 0b1, mip.STI <- 0b0)
mem[X,0x0000000080002560] -> 0x3023
mem[X,0x0000000080002562] -> 0x2661
[2160] [M]: 0x0000000080002560 (0x26613023) sd x6, 0x260(x2)                        common_Mentry+12
mem[W,0x0000000080005260] <- 0xFFFFFFFF7FFFEC8C

mem[X,0x0000000080002564] -> 0x2573
mem[X,0x0000000080002566] -> 0x3420
[2161] [M]: 0x0000000080002564 (0x34202573) csrrs x10, mcause, x0                   spcl_M2mmode_test+0
CSR mcause (0x342) -> 0x0000000000000008
x10 <- 0x0000000000000008

clint mtime 0x0000000000000439 (mip.MTI <- 0b1, mip.STI <- 0b0)
mem[X,0x0000000080002568] -> 0x04B7
mem[X,0x000000008000256A] -> 0x8000
[2162] [M]: 0x0000000080002568 (0x800004B7) lui x9, -0x80000                        spcl_M2mmode_test+4
x9 <- 0xFFFFFFFF80000000

mem[X,0x000000008000256C] -> 0x8493
mem[X,0x000000008000256E] -> 0x0004
[2163] [M]: 0x000000008000256C (0x00048493) addi x9, x9, 0x0                        spcl_M2mmode_test+8
x9 <- 0xFFFFFFFF80000000

clint mtime 0x000000000000043A (mip.MTI <- 0b1, mip.STI <- 0b0)
mem[X,0x0000000080002570] -> 0x9493
mem[X,0x0000000080002572] -> 0x00B4
[2164] [M]: 0x0000000080002570 (0x00B49493) slli x9, x9, 0xb                        spcl_M2mmode_test+12
x9 <- 0xFFFFFC0000000000

mem[X,0x0000000080002574] -> 0x8493
mem[X,0x0000000080002576] -> 0x0004
[2165] [M]: 0x0000000080002574 (0x00048493) addi x9, x9, 0x0                        spcl_M2mmode_test+16
x9 <- 0xFFFFFC0000000000

clint mtime 0x000000000000043B (mip.MTI <- 0b1, mip.STI <- 0b0)
mem[X,0x0000000080002578] -> 0x9493
mem[X,0x000000008000257A] -> 0x00B4
[2166] [M]: 0x0000000080002578 (0x00B49493) slli x9, x9, 0xb                        spcl_M2mmode_test+20
x9 <- 0xFFE0000000000000

mem[X,0x000000008000257C] -> 0x8493
mem[X,0x000000008000257E] -> 0x0034
[2167] [M]: 0x000000008000257C (0x00348493) addi x9, x9, 0x3                        spcl_M2mmode_test+24
x9 <- 0xFFE0000000000003

clint mtime 0x000000000000043C (mip.MTI <- 0b1, mip.STI <- 0b0)
mem[X,0x0000000080002580] -> 0x9493
mem[X,0x0000000080002582] -> 0x00A4
[2168] [M]: 0x0000000080002580 (0x00A49493) slli x9, x9, 0xa                        spcl_M2mmode_test+28
x9 <- 0x8000000000000C00

mem[X,0x0000000080002584] -> 0x8493
mem[X,0x0000000080002586] -> 0x3FC4
[2169] [M]: 0x0000000080002584 (0x3FC48493) addi x9, x9, 0x3fc                      spcl_M2mmode_test+32
x9 <- 0x8000000000000FFC

clint mtime 0x000000000000043D (mip.MTI <- 0b1, mip.STI <- 0b0)
mem[X,0x0000000080002588] -> 0xF4B3
mem[X,0x000000008000258A] -> 0x00A4
[2170] [M]: 0x0000000080002588 (0x00A4F4B3) and x9, x9, x10                         spcl_M2mmode_test+36
x9 <- 0x0000000000000008

mem[X,0x000000008000258C] -> 0x8493
mem[X,0x000000008000258E] -> 0xFF84
[2171] [M]: 0x000000008000258C (0xFF848493) addi x9, x9, -0x8                       spcl_M2mmode_test+40
x9 <- 0x0000000000000000

clint mtime 0x000000000000043E (mip.MTI <- 0b1, mip.STI <- 0b0)
mem[X,0x0000000080002590] -> 0x9663
mem[X,0x0000000080002592] -> 0x0004
[2172] [M]: 0x0000000080002590 (0x00049663) bne x9, x0, 0xc                         spcl_M2mmode_test+44

mem[X,0x0000000080002594] -> 0x3383
mem[X,0x0000000080002596] -> 0x2901
[2173] [M]: 0x0000000080002594 (0x29013383) ld x7, 0x290(x2)                        spcl_M2mmode_test+48
mem[R,0x0000000080005290] -> 0x0000000000000000
x7 <- 0x0000000000000000

clint mtime 0x000000000000043F (mip.MTI <- 0b1, mip.STI <- 0b0)
mem[X,0x0000000080002598] -> 0x8663
mem[X,0x000000008000259A] -> 0x6E03
[2174] [M]: 0x0000000080002598 (0x6E038663) beq x7, x0, 0x6ec                       spcl_M2mmode_test+52

mem[X,0x0000000080002C84] -> 0x0493
mem[X,0x0000000080002C86] -> 0xFF55
[2175] [M]: 0x0000000080002C84 (0xFF550493) addi x9, x10, -0xb                      rtn2mmode+0
x9 <- 0xFFFFFFFFFFFFFFFD

clint mtime 0x0000000000000440 (mip.MTI <- 0b1, mip.STI <- 0b0)
mem[X,0x0000000080002C88] -> 0x8C63
mem[X,0x0000000080002C8A] -> 0x0004
[2176] [M]: 0x0000000080002C88 (0x00048C63) beq x9, x0, 0x18                        rtn2mmode+4

mem[X,0x0000000080002C8C] -> 0x3583
mem[X,0x0000000080002C8E] -> 0x4701
[2177] [M]: 0x0000000080002C8C (0x47013583) ld x11, 0x470(x2)                       rtn2mmode+8
mem[R,0x0000000080005470] -> 0x00000300800007BC
x11 <- 0x00000300800007BC

clint mtime 0x0000000000000441 (mip.MTI <- 0b1, mip.STI <- 0b0)
mem[X,0x0000000080002C90] -> 0xD463
mem[X,0x0000000080002C92] -> 0x0003
[2178] [M]: 0x0000000080002C90 (0x0003D463) bge x7, x0, 0x8                         rtn2mmode+12

mem[X,0x0000000080002C98] -> 0x3483
mem[X,0x0000000080002C9A] -> 0x1D81
[2179] [M]: 0x0000000080002C98 (0x1D813483) ld x9, 0x1d8(x2)                        from_u_s+0
mem[R,0x00000000800051D8] -> 0x00000000800007D4
x9 <- 0x00000000800007D4

clint mtime 0x0000000000000442 (mip.MTI <- 0b1, mip.STI <- 0b0)
mem[X,0x0000000080002C9C] -> 0x84B3
mem[X,0x0000000080002C9E] -> 0x40B4
[2180] [M]: 0x0000000080002C9C (0x40B484B3) sub x9, x9, x11                         from_u_s+4
x9 <- 0xFFFFFD0000000018

mem[X,0x0000000080002CA0] -> 0x23F3
mem[X,0x0000000080002CA2] -> 0x3410
[2181] [M]: 0x0000000080002CA0 (0x341023F3) csrrs x7, mepc, x0                      rtn_fm_mmode+0
CSR mepc (0x341) -> 0x00000300800015BC
x7 <- 0x00000300800015BC

clint mtime 0x0000000000000443 (mip.MTI <- 0b1, mip.STI <- 0b0)
mem[X,0x0000000080002CA4] -> 0x83B3
mem[X,0x0000000080002CA6] -> 0x0093
[2182] [M]: 0x0000000080002CA4 (0x009383B3) add x7, x7, x9                          rtn_fm_mmode+4
x7 <- 0x00000000800015D4

mem[X,0x0000000080002CA8] -> 0x3303
mem[X,0x0000000080002CAA] -> 0x2601
[2183] [M]: 0x0000000080002CA8 (0x26013303) ld x6, 0x260(x2)                        rtn_fm_mmode+8
mem[R,0x0000000080005260] -> 0xFFFFFFFF7FFFEC8C
x6 <- 0xFFFFFFFF7FFFEC8C

clint mtime 0x0000000000000444 (mip.MTI <- 0b1, mip.STI <- 0b0)
mem[X,0x0000000080002CAC] -> 0x3403
mem[X,0x0000000080002CAE] -> 0x2701
[2184] [M]: 0x0000000080002CAC (0x27013403) ld x8, 0x270(x2)                        rtn_fm_mmode+12
mem[R,0x0000000080005270] -> 0x0000000000007F76
x8 <- 0x0000000000007F76

mem[X,0x0000000080002CB0] -> 0x3483
mem[X,0x0000000080002CB2] -> 0x2781
[2185] [M]: 0x0000000080002CB0 (0x27813483) ld x9, 0x278(x2)                        rtn_fm_mmode+16
mem[R,0x0000000080005278] -> 0x00000300000001BC
x9 <- 0x00000300000001BC

clint mtime 0x0000000000000445 (mip.MTI <- 0b1, mip.STI <- 0b0)
mem[X,0x0000000080002CB4] -> 0x3503
mem[X,0x0000000080002CB6] -> 0x2801
[2186] [M]: 0x0000000080002CB4 (0x28013503) ld x10, 0x280(x2)                       rtn_fm_mmode+20
mem[R,0x0000000080005280] -> 0x00000000200001DF
x10 <- 0x00000000200001DF

mem[X,0x0000000080002CB8] -> 0x3583
mem[X,0x0000000080002CBA] -> 0x2881
[2187] [M]: 0x0000000080002CB8 (0x28813583) ld x11, 0x288(x2)                       rtn_fm_mmode+24
mem[R,0x0000000080005288] -> 0x00000000000001DF
x11 <- 0x00000000000001DF

clint mtime 0x0000000000000446 (mip.MTI <- 0b1, mip.STI <- 0b0)
mem[X,0x0000000080002CBC] -> 0x3103
mem[X,0x0000000080002CBE] -> 0x2901
[2188] [M]: 0x0000000080002CBC (0x29013103) ld x2, 0x290(x2)                        rtn_fm_mmode+28
mem[R,0x0000000080005290] -> 0x0000000000000000
x2 <- 0x0000000000000000

mem[X,0x0000000080002CC0] -> 0x8067
mem[X,0x0000000080002CC2] -> 0x0043
[2189] [M]: 0x0000000080002CC0 (0x00438067) jalr x0, 0x4(x7)                        rtn_fm_mmode+32

clint mtime 0x0000000000000447 (mip.MTI <- 0b1, mip.STI <- 0b0)
mem[X,0x00000000800015D8] -> 0x0013
mem[X,0x00000000800015DA] -> 0x0000
[2190] [M]: 0x00000000800015D8 (0x00000013) addi x0, x0, 0x0                        main+3544

mem[X,0x00000000800015DC] -> 0x0013
mem[X,0x00000000800015DE] -> 0x0000
[2191] [M]: 0x00000000800015DC (0x00000013) addi x0, x0, 0x0                        main+3548

clint mtime 0x0000000000000448 (mip.MTI <- 0b1, mip.STI <- 0b0)
mem[X,0x00000000800015E0] -> 0x7517
mem[X,0x00000000800015E2] -> 0x0000
[2192] [M]: 0x00000000800015E0 (0x00007517) auipc x10, 0x7                          main+3552
x10 <- 0x00000000800085E0

mem[X,0x00000000800015E4] -> 0x0513
mem[X,0x00000000800015E6] -> 0xA205
[2193] [M]: 0x00000000800015E4 (0xA2050513) addi x10, x10, -0x5e0                   main+3556
x10 <- 0x0000000080008000

clint mtime 0x0000000000000449 (mip.MTI <- 0b1, mip.STI <- 0b0)
mem[X,0x00000000800015E8] -> 0x0001
[2194] [M]: 0x00000000800015E8 (0x0001) c.nop                                       main+3560

mem[X,0x00000000800015EA] -> 0x0013
mem[X,0x00000000800015EC] -> 0x0000
[2195] [M]: 0x00000000800015EA (0x00000013) addi x0, x0, 0x0                        main+3562

clint mtime 0x000000000000044A (mip.MTI <- 0b1, mip.STI <- 0b0)
mem[X,0x00000000800015EE] -> 0x0013
mem[X,0x00000000800015F0] -> 0x0000
[2196] [M]: 0x00000000800015EE (0x00000013) addi x0, x0, 0x0                        main+3566

mem[X,0x00000000800015F2] -> 0x0013
mem[X,0x00000000800015F4] -> 0x0000
[2197] [M]: 0x00000000800015F2 (0x00000013) addi x0, x0, 0x0                        main+3570

clint mtime 0x000000000000044B (mip.MTI <- 0b1, mip.STI <- 0b0)
mem[X,0x00000000800015F6] -> 0x0013
mem[X,0x00000000800015F8] -> 0x0000
[2198] [M]: 0x00000000800015F6 (0x00000013) addi x0, x0, 0x0                        main+3574

mem[X,0x00000000800015FA] -> 0x0013
mem[X,0x00000000800015FC] -> 0x0000
[2199] [M]: 0x00000000800015FA (0x00000013) addi x0, x0, 0x0                        main+3578

clint mtime 0x000000000000044C (mip.MTI <- 0b1, mip.STI <- 0b0)
mem[X,0x00000000800015FE] -> 0x0001
[2200] [M]: 0x00000000800015FE (0x0001) c.nop                                       main+3582

mem[X,0x0000000080001600] -> 0x0593
mem[X,0x0000000080001602] -> 0x0010
[2201] [M]: 0x0000000080001600 (0x00100593) addi x11, x0, 0x1                       main+3584
x11 <- 0x0000000000000001

clint mtime 0x000000000000044D (mip.MTI <- 0b1, mip.STI <- 0b0)
mem[X,0x0000000080001604] -> 0x5513
mem[X,0x0000000080001606] -> 0x00C5
[2202] [M]: 0x0000000080001604 (0x00C55513) srli x10, x10, 0xc                      main+3588
x10 <- 0x0000000000080008

mem[X,0x0000000080001608] -> 0x1513
mem[X,0x000000008000160A] -> 0x00A5
[2203] [M]: 0x0000000080001608 (0x00A51513) slli x10, x10, 0xa                      main+3592
x10 <- 0x0000000020002000

clint mtime 0x000000000000044E (mip.MTI <- 0b1, mip.STI <- 0b0)
mem[X,0x000000008000160C] -> 0x6533
mem[X,0x000000008000160E] -> 0x00B5
[2204] [M]: 0x000000008000160C (0x00B56533) or x10, x10, x11                        main+3596
x10 <- 0x0000000020002001

mem[X,0x0000000080001610] -> 0x0013
mem[X,0x0000000080001612] -> 0x0000
[2205] [M]: 0x0000000080001610 (0x00000013) addi x0, x0, 0x0                        main+3600

clint mtime 0x000000000000044F (mip.MTI <- 0b1, mip.STI <- 0b0)
mem[X,0x0000000080001614] -> 0x0013
mem[X,0x0000000080001616] -> 0x0000
[2206] [M]: 0x0000000080001614 (0x00000013) addi x0, x0, 0x0                        main+3604

mem[X,0x0000000080001618] -> 0x0013
mem[X,0x000000008000161A] -> 0x0000
[2207] [M]: 0x0000000080001618 (0x00000013) addi x0, x0, 0x0                        main+3608

clint mtime 0x0000000000000450 (mip.MTI <- 0b1, mip.STI <- 0b0)
mem[X,0x000000008000161C] -> 0x0013
mem[X,0x000000008000161E] -> 0x0000
[2208] [M]: 0x000000008000161C (0x00000013) addi x0, x0, 0x0                        main+3612

mem[X,0x0000000080001620] -> 0x8317
mem[X,0x0000000080001622] -> 0x0000
[2209] [M]: 0x0000000080001620 (0x00008317) auipc x6, 0x8                           main+3616
x6 <- 0x0000000080009620

clint mtime 0x0000000000000451 (mip.MTI <- 0b1, mip.STI <- 0b0)
mem[X,0x0000000080001624] -> 0x0313
mem[X,0x0000000080001626] -> 0x9E03
[2210] [M]: 0x0000000080001624 (0x9E030313) addi x6, x6, -0x620                     main+3620
x6 <- 0x0000000080009000

mem[X,0x0000000080001628] -> 0x0001
[2211] [M]: 0x0000000080001628 (0x0001) c.nop                                       main+3624

clint mtime 0x0000000000000452 (mip.MTI <- 0b1, mip.STI <- 0b0)
mem[X,0x000000008000162A] -> 0x0013
mem[X,0x000000008000162C] -> 0x0000
[2212] [M]: 0x000000008000162A (0x00000013) addi x0, x0, 0x0                        main+3626

mem[X,0x000000008000162E] -> 0x0013
mem[X,0x0000000080001630] -> 0x0000
[2213] [M]: 0x000000008000162E (0x00000013) addi x0, x0, 0x0                        main+3630

clint mtime 0x0000000000000453 (mip.MTI <- 0b1, mip.STI <- 0b0)
mem[X,0x0000000080001632] -> 0x0013
mem[X,0x0000000080001634] -> 0x0000
[2214] [M]: 0x0000000080001632 (0x00000013) addi x0, x0, 0x0                        main+3634

mem[X,0x0000000080001636] -> 0x0013
mem[X,0x0000000080001638] -> 0x0000
[2215] [M]: 0x0000000080001636 (0x00000013) addi x0, x0, 0x0                        main+3638

clint mtime 0x0000000000000454 (mip.MTI <- 0b1, mip.STI <- 0b0)
mem[X,0x000000008000163A] -> 0x0013
mem[X,0x000000008000163C] -> 0x0000
[2216] [M]: 0x000000008000163A (0x00000013) addi x0, x0, 0x0                        main+3642

mem[X,0x000000008000163E] -> 0x0001
[2217] [M]: 0x000000008000163E (0x0001) c.nop                                       main+3646

clint mtime 0x0000000000000455 (mip.MTI <- 0b1, mip.STI <- 0b0)
mem[X,0x0000000080001640] -> 0x0293
mem[X,0x0000000080001642] -> 0x0280
[2218] [M]: 0x0000000080001640 (0x02800293) addi x5, x0, 0x28                       main+3648
x5 <- 0x0000000000000028

mem[X,0x0000000080001644] -> 0x0333
mem[X,0x0000000080001646] -> 0x0053
[2219] [M]: 0x0000000080001644 (0x00530333) add x6, x6, x5                          main+3652
x6 <- 0x0000000080009028

clint mtime 0x0000000000000456 (mip.MTI <- 0b1, mip.STI <- 0b0)
mem[X,0x0000000080001648] -> 0x3023
mem[X,0x000000008000164A] -> 0x00A3
[2220] [M]: 0x0000000080001648 (0x00A33023) sd x10, 0x0(x6)                         main+3656
mem[W,0x0000000080009028] <- 0x0000000020002001

mem[X,0x000000008000164C] -> 0x0013
mem[X,0x000000008000164E] -> 0x0000
[2221] [M]: 0x000000008000164C (0x00000013) addi x0, x0, 0x0                        main+3660

clint mtime 0x0000000000000457 (mip.MTI <- 0b1, mip.STI <- 0b0)
mem[X,0x0000000080001650] -> 0x0013
mem[X,0x0000000080001652] -> 0x0000
[2222] [M]: 0x0000000080001650 (0x00000013) addi x0, x0, 0x0                        main+3664

mem[X,0x0000000080001654] -> 0x0013
mem[X,0x0000000080001656] -> 0x0000
[2223] [M]: 0x0000000080001654 (0x00000013) addi x0, x0, 0x0                        main+3668

clint mtime 0x0000000000000458 (mip.MTI <- 0b1, mip.STI <- 0b0)
mem[X,0x0000000080001658] -> 0x0013
mem[X,0x000000008000165A] -> 0x0000
[2224] [M]: 0x0000000080001658 (0x00000013) addi x0, x0, 0x0                        main+3672

mem[X,0x000000008000165C] -> 0x0013
mem[X,0x000000008000165E] -> 0x0000
[2225] [M]: 0x000000008000165C (0x00000013) addi x0, x0, 0x0                        main+3676

clint mtime 0x0000000000000459 (mip.MTI <- 0b1, mip.STI <- 0b0)
mem[X,0x0000000080001660] -> 0x6517
mem[X,0x0000000080001662] -> 0x0000
[2226] [M]: 0x0000000080001660 (0x00006517) auipc x10, 0x6                          main+3680
x10 <- 0x0000000080007660

mem[X,0x0000000080001664] -> 0x0513
mem[X,0x0000000080001666] -> 0x9A05
[2227] [M]: 0x0000000080001664 (0x9A050513) addi x10, x10, -0x660                   main+3684
x10 <- 0x0000000080007000

clint mtime 0x000000000000045A (mip.MTI <- 0b1, mip.STI <- 0b0)
mem[X,0x0000000080001668] -> 0x0001
[2228] [M]: 0x0000000080001668 (0x0001) c.nop                                       main+3688

mem[X,0x000000008000166A] -> 0x0013
mem[X,0x000000008000166C] -> 0x0000
[2229] [M]: 0x000000008000166A (0x00000013) addi x0, x0, 0x0                        main+3690

clint mtime 0x000000000000045B (mip.MTI <- 0b1, mip.STI <- 0b0)
mem[X,0x000000008000166E] -> 0x0013
mem[X,0x0000000080001670] -> 0x0000
[2230] [M]: 0x000000008000166E (0x00000013) addi x0, x0, 0x0                        main+3694

mem[X,0x0000000080001672] -> 0x0013
mem[X,0x0000000080001674] -> 0x0000
[2231] [M]: 0x0000000080001672 (0x00000013) addi x0, x0, 0x0                        main+3698

clint mtime 0x000000000000045C (mip.MTI <- 0b1, mip.STI <- 0b0)
mem[X,0x0000000080001676] -> 0x0013
mem[X,0x0000000080001678] -> 0x0000
[2232] [M]: 0x0000000080001676 (0x00000013) addi x0, x0, 0x0                        main+3702

mem[X,0x000000008000167A] -> 0x0013
mem[X,0x000000008000167C] -> 0x0000
[2233] [M]: 0x000000008000167A (0x00000013) addi x0, x0, 0x0                        main+3706

clint mtime 0x000000000000045D (mip.MTI <- 0b1, mip.STI <- 0b0)
mem[X,0x000000008000167E] -> 0x0001
[2234] [M]: 0x000000008000167E (0x0001) c.nop                                       main+3710

mem[X,0x0000000080001680] -> 0x0593
mem[X,0x0000000080001682] -> 0x0010
[2235] [M]: 0x0000000080001680 (0x00100593) addi x11, x0, 0x1                       main+3712
x11 <- 0x0000000000000001

clint mtime 0x000000000000045E (mip.MTI <- 0b1, mip.STI <- 0b0)
mem[X,0x0000000080001684] -> 0x5513
mem[X,0x0000000080001686] -> 0x00C5
[2236] [M]: 0x0000000080001684 (0x00C55513) srli x10, x10, 0xc                      main+3716
x10 <- 0x0000000000080007

mem[X,0x0000000080001688] -> 0x1513
mem[X,0x000000008000168A] -> 0x00A5
[2237] [M]: 0x0000000080001688 (0x00A51513) slli x10, x10, 0xa                      main+3720
x10 <- 0x0000000020001C00

clint mtime 0x000000000000045F (mip.MTI <- 0b1, mip.STI <- 0b0)
mem[X,0x000000008000168C] -> 0x6533
mem[X,0x000000008000168E] -> 0x00B5
[2238] [M]: 0x000000008000168C (0x00B56533) or x10, x10, x11                        main+3724
x10 <- 0x0000000020001C01

mem[X,0x0000000080001690] -> 0x0013
mem[X,0x0000000080001692] -> 0x0000
[2239] [M]: 0x0000000080001690 (0x00000013) addi x0, x0, 0x0                        main+3728

clint mtime 0x0000000000000460 (mip.MTI <- 0b1, mip.STI <- 0b0)
mem[X,0x0000000080001694] -> 0x0013
mem[X,0x0000000080001696] -> 0x0000
[2240] [M]: 0x0000000080001694 (0x00000013) addi x0, x0, 0x0                        main+3732

mem[X,0x0000000080001698] -> 0x0013
mem[X,0x000000008000169A] -> 0x0000
[2241] [M]: 0x0000000080001698 (0x00000013) addi x0, x0, 0x0                        main+3736

clint mtime 0x0000000000000461 (mip.MTI <- 0b1, mip.STI <- 0b0)
mem[X,0x000000008000169C] -> 0x0013
mem[X,0x000000008000169E] -> 0x0000
[2242] [M]: 0x000000008000169C (0x00000013) addi x0, x0, 0x0                        main+3740

mem[X,0x00000000800016A0] -> 0x7317
mem[X,0x00000000800016A2] -> 0x0000
[2243] [M]: 0x00000000800016A0 (0x00007317) auipc x6, 0x7                           main+3744
x6 <- 0x00000000800086A0

clint mtime 0x0000000000000462 (mip.MTI <- 0b1, mip.STI <- 0b0)
mem[X,0x00000000800016A4] -> 0x0313
mem[X,0x00000000800016A6] -> 0x9603
[2244] [M]: 0x00000000800016A4 (0x96030313) addi x6, x6, -0x6a0                     main+3748
x6 <- 0x0000000080008000

mem[X,0x00000000800016A8] -> 0x0001
[2245] [M]: 0x00000000800016A8 (0x0001) c.nop                                       main+3752

clint mtime 0x0000000000000463 (mip.MTI <- 0b1, mip.STI <- 0b0)
mem[X,0x00000000800016AA] -> 0x0013
mem[X,0x00000000800016AC] -> 0x0000
[2246] [M]: 0x00000000800016AA (0x00000013) addi x0, x0, 0x0                        main+3754

mem[X,0x00000000800016AE] -> 0x0013
mem[X,0x00000000800016B0] -> 0x0000
[2247] [M]: 0x00000000800016AE (0x00000013) addi x0, x0, 0x0                        main+3758

clint mtime 0x0000000000000464 (mip.MTI <- 0b1, mip.STI <- 0b0)
mem[X,0x00000000800016B2] -> 0x0013
mem[X,0x00000000800016B4] -> 0x0000
[2248] [M]: 0x00000000800016B2 (0x00000013) addi x0, x0, 0x0                        main+3762

mem[X,0x00000000800016B6] -> 0x0013
mem[X,0x00000000800016B8] -> 0x0000
[2249] [M]: 0x00000000800016B6 (0x00000013) addi x0, x0, 0x0                        main+3766

clint mtime 0x0000000000000465 (mip.MTI <- 0b1, mip.STI <- 0b0)
mem[X,0x00000000800016BA] -> 0x0013
mem[X,0x00000000800016BC] -> 0x0000
[2250] [M]: 0x00000000800016BA (0x00000013) addi x0, x0, 0x0                        main+3770

mem[X,0x00000000800016BE] -> 0x0001
[2251] [M]: 0x00000000800016BE (0x0001) c.nop                                       main+3774

clint mtime 0x0000000000000466 (mip.MTI <- 0b1, mip.STI <- 0b0)
mem[X,0x00000000800016C0] -> 0x0293
mem[X,0x00000000800016C2] -> 0x0000
[2252] [M]: 0x00000000800016C0 (0x00000293) addi x5, x0, 0x0                        main+3776
x5 <- 0x0000000000000000

mem[X,0x00000000800016C4] -> 0x0333
mem[X,0x00000000800016C6] -> 0x0053
[2253] [M]: 0x00000000800016C4 (0x00530333) add x6, x6, x5                          main+3780
x6 <- 0x0000000080008000

clint mtime 0x0000000000000467 (mip.MTI <- 0b1, mip.STI <- 0b0)
mem[X,0x00000000800016C8] -> 0x3023
mem[X,0x00000000800016CA] -> 0x00A3
[2254] [M]: 0x00000000800016C8 (0x00A33023) sd x10, 0x0(x6)                         main+3784
mem[W,0x0000000080008000] <- 0x0000000020001C01

mem[X,0x00000000800016CC] -> 0x0013
mem[X,0x00000000800016CE] -> 0x0000
[2255] [M]: 0x00000000800016CC (0x00000013) addi x0, x0, 0x0                        main+3788

clint mtime 0x0000000000000468 (mip.MTI <- 0b1, mip.STI <- 0b0)
mem[X,0x00000000800016D0] -> 0x0013
mem[X,0x00000000800016D2] -> 0x0000
[2256] [M]: 0x00000000800016D0 (0x00000013) addi x0, x0, 0x0                        main+3792

mem[X,0x00000000800016D4] -> 0x0013
mem[X,0x00000000800016D6] -> 0x0000
[2257] [M]: 0x00000000800016D4 (0x00000013) addi x0, x0, 0x0                        main+3796

clint mtime 0x0000000000000469 (mip.MTI <- 0b1, mip.STI <- 0b0)
mem[X,0x00000000800016D8] -> 0x0013
mem[X,0x00000000800016DA] -> 0x0000
[2258] [M]: 0x00000000800016D8 (0x00000013) addi x0, x0, 0x0                        main+3800

mem[X,0x00000000800016DC] -> 0x0013
mem[X,0x00000000800016DE] -> 0x0000
[2259] [M]: 0x00000000800016DC (0x00000013) addi x0, x0, 0x0                        main+3804

clint mtime 0x000000000000046A (mip.MTI <- 0b1, mip.STI <- 0b0)
mem[X,0x00000000800016E0] -> 0xF517
mem[X,0x00000000800016E2] -> 0xFFFF
[2260] [M]: 0x00000000800016E0 (0xFFFFF517) auipc x10, -0x1                         main+3808
x10 <- 0x00000000800006E0

mem[X,0x00000000800016E4] -> 0x0513
mem[X,0x00000000800016E6] -> 0xD205
[2261] [M]: 0x00000000800016E4 (0xD2050513) addi x10, x10, -0x2e0                   main+3812
x10 <- 0x0000000080000400

clint mtime 0x000000000000046B (mip.MTI <- 0b1, mip.STI <- 0b0)
mem[X,0x00000000800016E8] -> 0x0001
[2262] [M]: 0x00000000800016E8 (0x0001) c.nop                                       main+3816

mem[X,0x00000000800016EA] -> 0x0013
mem[X,0x00000000800016EC] -> 0x0000
[2263] [M]: 0x00000000800016EA (0x00000013) addi x0, x0, 0x0                        main+3818

clint mtime 0x000000000000046C (mip.MTI <- 0b1, mip.STI <- 0b0)
mem[X,0x00000000800016EE] -> 0x0013
mem[X,0x00000000800016F0] -> 0x0000
[2264] [M]: 0x00000000800016EE (0x00000013) addi x0, x0, 0x0                        main+3822

mem[X,0x00000000800016F2] -> 0x0013
mem[X,0x00000000800016F4] -> 0x0000
[2265] [M]: 0x00000000800016F2 (0x00000013) addi x0, x0, 0x0                        main+3826

clint mtime 0x000000000000046D (mip.MTI <- 0b1, mip.STI <- 0b0)
mem[X,0x00000000800016F6] -> 0x0013
mem[X,0x00000000800016F8] -> 0x0000
[2266] [M]: 0x00000000800016F6 (0x00000013) addi x0, x0, 0x0                        main+3830

mem[X,0x00000000800016FA] -> 0x0013
mem[X,0x00000000800016FC] -> 0x0000
[2267] [M]: 0x00000000800016FA (0x00000013) addi x0, x0, 0x0                        main+3834

clint mtime 0x000000000000046E (mip.MTI <- 0b1, mip.STI <- 0b0)
mem[X,0x00000000800016FE] -> 0x0001
[2268] [M]: 0x00000000800016FE (0x0001) c.nop                                       main+3838

mem[X,0x0000000080001700] -> 0x0593
mem[X,0x0000000080001702] -> 0x2DF0
[2269] [M]: 0x0000000080001700 (0x2DF00593) addi x11, x0, 0x2df                     main+3840
x11 <- 0x00000000000002DF

clint mtime 0x000000000000046F (mip.MTI <- 0b1, mip.STI <- 0b0)
mem[X,0x0000000080001704] -> 0x5513
mem[X,0x0000000080001706] -> 0x00C5
[2270] [M]: 0x0000000080001704 (0x00C55513) srli x10, x10, 0xc                      main+3844
x10 <- 0x0000000000080000

mem[X,0x0000000080001708] -> 0x1513
mem[X,0x000000008000170A] -> 0x00A5
[2271] [M]: 0x0000000080001708 (0x00A51513) slli x10, x10, 0xa                      main+3848
x10 <- 0x0000000020000000

clint mtime 0x0000000000000470 (mip.MTI <- 0b1, mip.STI <- 0b0)
mem[X,0x000000008000170C] -> 0x6533
mem[X,0x000000008000170E] -> 0x00B5
[2272] [M]: 0x000000008000170C (0x00B56533) or x10, x10, x11                        main+3852
x10 <- 0x00000000200002DF

mem[X,0x0000000080001710] -> 0x0013
mem[X,0x0000000080001712] -> 0x0000
[2273] [M]: 0x0000000080001710 (0x00000013) addi x0, x0, 0x0                        main+3856

clint mtime 0x0000000000000471 (mip.MTI <- 0b1, mip.STI <- 0b0)
mem[X,0x0000000080001714] -> 0x0013
mem[X,0x0000000080001716] -> 0x0000
[2274] [M]: 0x0000000080001714 (0x00000013) addi x0, x0, 0x0                        main+3860

mem[X,0x0000000080001718] -> 0x0013
mem[X,0x000000008000171A] -> 0x0000
[2275] [M]: 0x0000000080001718 (0x00000013) addi x0, x0, 0x0                        main+3864

clint mtime 0x0000000000000472 (mip.MTI <- 0b1, mip.STI <- 0b0)
mem[X,0x000000008000171C] -> 0x0013
mem[X,0x000000008000171E] -> 0x0000
[2276] [M]: 0x000000008000171C (0x00000013) addi x0, x0, 0x0                        main+3868

mem[X,0x0000000080001720] -> 0x6317
mem[X,0x0000000080001722] -> 0x0000
[2277] [M]: 0x0000000080001720 (0x00006317) auipc x6, 0x6                           main+3872
x6 <- 0x0000000080007720

clint mtime 0x0000000000000473 (mip.MTI <- 0b1, mip.STI <- 0b0)
mem[X,0x0000000080001724] -> 0x0313
mem[X,0x0000000080001726] -> 0x8E03
[2278] [M]: 0x0000000080001724 (0x8E030313) addi x6, x6, -0x720                     main+3876
x6 <- 0x0000000080007000

mem[X,0x0000000080001728] -> 0x0001
[2279] [M]: 0x0000000080001728 (0x0001) c.nop                                       main+3880

clint mtime 0x0000000000000474 (mip.MTI <- 0b1, mip.STI <- 0b0)
mem[X,0x000000008000172A] -> 0x0013
mem[X,0x000000008000172C] -> 0x0000
[2280] [M]: 0x000000008000172A (0x00000013) addi x0, x0, 0x0                        main+3882

mem[X,0x000000008000172E] -> 0x0013
mem[X,0x0000000080001730] -> 0x0000
[2281] [M]: 0x000000008000172E (0x00000013) addi x0, x0, 0x0                        main+3886

clint mtime 0x0000000000000475 (mip.MTI <- 0b1, mip.STI <- 0b0)
mem[X,0x0000000080001732] -> 0x0013
mem[X,0x0000000080001734] -> 0x0000
[2282] [M]: 0x0000000080001732 (0x00000013) addi x0, x0, 0x0                        main+3890

mem[X,0x0000000080001736] -> 0x0013
mem[X,0x0000000080001738] -> 0x0000
[2283] [M]: 0x0000000080001736 (0x00000013) addi x0, x0, 0x0                        main+3894

clint mtime 0x0000000000000476 (mip.MTI <- 0b1, mip.STI <- 0b0)
mem[X,0x000000008000173A] -> 0x0013
mem[X,0x000000008000173C] -> 0x0000
[2284] [M]: 0x000000008000173A (0x00000013) addi x0, x0, 0x0                        main+3898

mem[X,0x000000008000173E] -> 0x0001
[2285] [M]: 0x000000008000173E (0x0001) c.nop                                       main+3902

clint mtime 0x0000000000000477 (mip.MTI <- 0b1, mip.STI <- 0b0)
mem[X,0x0000000080001740] -> 0x0293
mem[X,0x0000000080001742] -> 0x0000
[2286] [M]: 0x0000000080001740 (0x00000293) addi x5, x0, 0x0                        main+3904
x5 <- 0x0000000000000000

mem[X,0x0000000080001744] -> 0x0333
mem[X,0x0000000080001746] -> 0x0053
[2287] [M]: 0x0000000080001744 (0x00530333) add x6, x6, x5                          main+3908
x6 <- 0x0000000080007000

clint mtime 0x0000000000000478 (mip.MTI <- 0b1, mip.STI <- 0b0)
mem[X,0x0000000080001748] -> 0x3023
mem[X,0x000000008000174A] -> 0x00A3
[2288] [M]: 0x0000000080001748 (0x00A33023) sd x10, 0x0(x6)                         main+3912
mem[W,0x0000000080007000] <- 0x00000000200002DF

mem[X,0x000000008000174C] -> 0x0073
mem[X,0x000000008000174E] -> 0x1200
[2289] [M]: 0x000000008000174C (0x12000073) sfence.vma x0, x0                       main+3916

clint mtime 0x0000000000000479 (mip.MTI <- 0b1, mip.STI <- 0b0)
mem[X,0x0000000080001750] -> 0x0493
mem[X,0x0000000080001752] -> 0x0010
[2290] [M]: 0x0000000080001750 (0x00100493) addi x9, x0, 0x1                        main+3920
x9 <- 0x0000000000000001

mem[X,0x0000000080001754] -> 0x9493
mem[X,0x0000000080001756] -> 0x00B4
[2291] [M]: 0x0000000080001754 (0x00B49493) slli x9, x9, 0xb                        main+3924
x9 <- 0x0000000000000800

clint mtime 0x000000000000047A (mip.MTI <- 0b1, mip.STI <- 0b0)
mem[X,0x0000000080001758] -> 0xB073
mem[X,0x000000008000175A] -> 0x3004
[2292] [M]: 0x0000000080001758 (0x3004B073) csrrc x0, mstatus, x9                   main+3928
CSR mstatus (0x300) <- 0x0000000A00000000

mem[X,0x000000008000175C] -> 0x23F3
mem[X,0x000000008000175E] -> 0x3400
[2293] [M]: 0x000000008000175C (0x340023F3) csrrs x7, mscratch, x0                  main+3932
CSR mscratch (0x340) -> 0x0000000080005000
x7 <- 0x0000000080005000

clint mtime 0x000000000000047B (mip.MTI <- 0b1, mip.STI <- 0b0)
mem[X,0x0000000080001760] -> 0xB303
mem[X,0x0000000080001762] -> 0x4703
[2294] [M]: 0x0000000080001760 (0x4703B303) ld x6, 0x470(x7)                        main+3936
mem[R,0x0000000080005470] -> 0x00000300800007BC
x6 <- 0x00000300800007BC

mem[X,0x0000000080001764] -> 0xB483
mem[X,0x0000000080001766] -> 0x1D83
[2295] [M]: 0x0000000080001764 (0x1D83B483) ld x9, 0x1d8(x7)                        main+3940
mem[R,0x00000000800051D8] -> 0x00000000800007D4
x9 <- 0x00000000800007D4

clint mtime 0x000000000000047C (mip.MTI <- 0b1, mip.STI <- 0b0)
mem[X,0x0000000080001768] -> 0x0333
mem[X,0x000000008000176A] -> 0x4093
[2296] [M]: 0x0000000080001768 (0x40930333) sub x6, x6, x9                          main+3944
x6 <- 0x000002FFFFFFFFE8

mem[X,0x000000008000176C] -> 0x0313
mem[X,0x000000008000176E] -> 0x0103
[2297] [M]: 0x000000008000176C (0x01030313) addi x6, x6, 0x10                       main+3948
x6 <- 0x000002FFFFFFFFF8

clint mtime 0x000000000000047D (mip.MTI <- 0b1, mip.STI <- 0b0)
mem[X,0x0000000080001770] -> 0x0497
mem[X,0x0000000080001772] -> 0x0000
[2298] [M]: 0x0000000080001770 (0x00000497) auipc x9, 0x0                           main+3952
x9 <- 0x0000000080001770

mem[X,0x0000000080001774] -> 0x84B3
mem[X,0x0000000080001776] -> 0x0064
[2299] [M]: 0x0000000080001774 (0x006484B3) add x9, x9, x6                          main+3956
x9 <- 0x0000030080001768

clint mtime 0x000000000000047E (mip.MTI <- 0b1, mip.STI <- 0b0)
mem[X,0x0000000080001778] -> 0x94F3
mem[X,0x000000008000177A] -> 0x3414
[2300] [M]: 0x0000000080001778 (0x341494F3) csrrw x9, mepc, x9                      main+3960
CSR mepc (0x341) <- 0x0000030080001768
x9 <- 0x00000300800015BC

mem[X,0x000000008000177C] -> 0x0073
mem[X,0x000000008000177E] -> 0x3020
[2301] [M]: 0x000000008000177C (0x30200073) mret                                    main+3964
CSR mstatus (0x300) <- 0x0000000A00000080
ret-ing from M to U

clint mtime 0x000000000000047F (mip.MTI <- 0b1, mip.STI <- 0b0)
PTW: Start, vpn=0x30080001, access_type=X, privilege=Umem[R,0x0000000080009030] -> 0x00000000000000DB
PTW: Step, level=3, pte=0xDB, pte_addr=0x80009030
PTW: Success, final_ppn=0x80001, level=3mem[X,0x0000000080001768] -> 0x0333
PTW: Start, vpn=0x30080001, access_type=X, privilege=Umem[R,0x0000000080009030] -> 0x00000000000000DB
PTW: Step, level=3, pte=0xDB, pte_addr=0x80009030
PTW: Success, final_ppn=0x80001, level=3mem[X,0x000000008000176A] -> 0x4093
[2302] [U]: 0x0000030080001768 (0x40930333) sub x6, x6, x9                          va_rvtest_code_begin+4012
x6 <- 0xFFFFFFFF7FFFEA3C

PTW: Start, vpn=0x30080001, access_type=X, privilege=Umem[R,0x0000000080009030] -> 0x00000000000000DB
PTW: Step, level=3, pte=0xDB, pte_addr=0x80009030
PTW: Success, final_ppn=0x80001, level=3mem[X,0x000000008000176C] -> 0x0313
PTW: Start, vpn=0x30080001, access_type=X, privilege=Umem[R,0x0000000080009030] -> 0x00000000000000DB
PTW: Step, level=3, pte=0xDB, pte_addr=0x80009030
PTW: Success, final_ppn=0x80001, level=3mem[X,0x000000008000176E] -> 0x0103
[2303] [U]: 0x000003008000176C (0x01030313) addi x6, x6, 0x10                       va_rvtest_code_begin+4016
x6 <- 0xFFFFFFFF7FFFEA4C

clint mtime 0x0000000000000480 (mip.MTI <- 0b1, mip.STI <- 0b0)
PTW: Start, vpn=0x30080001, access_type=X, privilege=Umem[R,0x0000000080009030] -> 0x00000000000000DB
PTW: Step, level=3, pte=0xDB, pte_addr=0x80009030
PTW: Success, final_ppn=0x80001, level=3mem[X,0x0000000080001770] -> 0x0497
PTW: Start, vpn=0x30080001, access_type=X, privilege=Umem[R,0x0000000080009030] -> 0x00000000000000DB
PTW: Step, level=3, pte=0xDB, pte_addr=0x80009030
PTW: Success, final_ppn=0x80001, level=3mem[X,0x0000000080001772] -> 0x0000
[2304] [U]: 0x0000030080001770 (0x00000497) auipc x9, 0x0                           va_rvtest_code_begin+4020
x9 <- 0x0000030080001770

PTW: Start, vpn=0x30080001, access_type=X, privilege=Umem[R,0x0000000080009030] -> 0x00000000000000DB
PTW: Step, level=3, pte=0xDB, pte_addr=0x80009030
PTW: Success, final_ppn=0x80001, level=3mem[X,0x0000000080001774] -> 0x84B3
PTW: Start, vpn=0x30080001, access_type=X, privilege=Umem[R,0x0000000080009030] -> 0x00000000000000DB
PTW: Step, level=3, pte=0xDB, pte_addr=0x80009030
PTW: Success, final_ppn=0x80001, level=3mem[X,0x0000000080001776] -> 0x0064
[2305] [U]: 0x0000030080001774 (0x006484B3) add x9, x9, x6                          va_rvtest_code_begin+4024
x9 <- 0x00000300000001BC

clint mtime 0x0000000000000481 (mip.MTI <- 0b1, mip.STI <- 0b0)
PTW: Start, vpn=0x30080001, access_type=X, privilege=Umem[R,0x0000000080009030] -> 0x00000000000000DB
PTW: Step, level=3, pte=0xDB, pte_addr=0x80009030
PTW: Success, final_ppn=0x80001, level=3mem[X,0x0000000080001778] -> 0x94F3
PTW: Start, vpn=0x30080001, access_type=X, privilege=Umem[R,0x0000000080009030] -> 0x00000000000000DB
PTW: Step, level=3, pte=0xDB, pte_addr=0x80009030
PTW: Success, final_ppn=0x80001, level=3mem[X,0x000000008000177A] -> 0x3414
[2306] [U]: 0x0000030080001778 (0x341494F3) csrrw x9, mepc, x9                      va_rvtest_code_begin+4028
trapping from U to M to handle illegal-instruction
handling exc#illegal-instruction at priv M with tval 0x00000000341494F3
CSR mstatus (0x300) <- 0x0000000A00000000
CSR mcause (0x342) <- 0x0000000000000002
CSR mtval (0x343) <- 0x00000000341494F3
CSR mepc (0x341) <- 0x0000030080001778

mem[X,0x0000000080002380] -> 0x006F
mem[X,0x0000000080002382] -> 0x1000
[2307] [M]: 0x0000000080002380 (0x1000006F) jal x0, 0x100                           Mtrampoline+0

clint mtime 0x0000000000000482 (mip.MTI <- 0b1, mip.STI <- 0b0)
mem[X,0x0000000080002480] -> 0x1173
mem[X,0x0000000080002482] -> 0x3401
[2308] [M]: 0x0000000080002480 (0x34011173) csrrw x2, mscratch, x2                  trap_Mhandler+0
CSR mscratch (0x340) <- 0x0000000000000000
x2 <- 0x0000000080005000

mem[X,0x0000000080002484] -> 0x3423
mem[X,0x0000000080002486] -> 0x28B1
[2309] [M]: 0x0000000080002484 (0x28B13423) sd x11, 0x288(x2)                       trap_Mhandler+4
mem[W,0x0000000080005288] <- 0x00000000000002DF

clint mtime 0x0000000000000483 (mip.MTI <- 0b1, mip.STI <- 0b0)
mem[X,0x0000000080002488] -> 0x05EF
mem[X,0x000000008000248A] -> 0x0B80
[2310] [M]: 0x0000000080002488 (0x0B8005EF) jal x11, 0xb8                           trap_Mhandler+8
x11 <- 0x000000008000248C

mem[X,0x0000000080002540] -> 0x3023
mem[X,0x0000000080002542] -> 0x28A1
[2311] [M]: 0x0000000080002540 (0x28A13023) sd x10, 0x280(x2)                       common_Mhandler+0
mem[W,0x0000000080005280] <- 0x00000000200002DF

clint mtime 0x0000000000000484 (mip.MTI <- 0b1, mip.STI <- 0b0)
mem[X,0x0000000080002544] -> 0x1573
mem[X,0x0000000080002546] -> 0x3401
[2312] [M]: 0x0000000080002544 (0x34011573) csrrw x10, mscratch, x2                 common_Mhandler+4
CSR mscratch (0x340) <- 0x0000000080005000
x10 <- 0x0000000000000000

mem[X,0x0000000080002548] -> 0x3823
mem[X,0x000000008000254A] -> 0x28A1
[2313] [M]: 0x0000000080002548 (0x28A13823) sd x10, 0x290(x2)                       common_Mhandler+8
mem[W,0x0000000080005290] <- 0x0000000000000000

clint mtime 0x0000000000000485 (mip.MTI <- 0b1, mip.STI <- 0b0)
mem[X,0x000000008000254C] -> 0x3503
mem[X,0x000000008000254E] -> 0x2301
[2314] [M]: 0x000000008000254C (0x23013503) ld x10, 0x230(x2)                       common_Mhandler+12
mem[R,0x0000000080005230] -> 0x0000000080002554
x10 <- 0x0000000080002554

mem[X,0x0000000080002550] -> 0x0067
mem[X,0x0000000080002552] -> 0x0005
[2315] [M]: 0x0000000080002550 (0x00050067) jalr x0, 0x0(x10)                       common_Mhandler+16

clint mtime 0x0000000000000486 (mip.MTI <- 0b1, mip.STI <- 0b0)
mem[X,0x0000000080002554] -> 0x3C23
mem[X,0x0000000080002556] -> 0x2691
[2316] [M]: 0x0000000080002554 (0x26913C23) sd x9, 0x278(x2)                        common_Mentry+0
mem[W,0x0000000080005278] <- 0x00000300000001BC

mem[X,0x0000000080002558] -> 0x3823
mem[X,0x000000008000255A] -> 0x2681
[2317] [M]: 0x0000000080002558 (0x26813823) sd x8, 0x270(x2)                        common_Mentry+4
mem[W,0x0000000080005270] <- 0x0000000000007F76

clint mtime 0x0000000000000487 (mip.MTI <- 0b1, mip.STI <- 0b0)
mem[X,0x000000008000255C] -> 0x3423
mem[X,0x000000008000255E] -> 0x2671
[2318] [M]: 0x000000008000255C (0x26713423) sd x7, 0x268(x2)                        common_Mentry+8
mem[W,0x0000000080005268] <- 0x0000000080005000

mem[X,0x0000000080002560] -> 0x3023
mem[X,0x0000000080002562] -> 0x2661
[2319] [M]: 0x0000000080002560 (0x26613023) sd x6, 0x260(x2)                        common_Mentry+12
mem[W,0x0000000080005260] <- 0xFFFFFFFF7FFFEA4C

clint mtime 0x0000000000000488 (mip.MTI <- 0b1, mip.STI <- 0b0)
mem[X,0x0000000080002564] -> 0x2573
mem[X,0x0000000080002566] -> 0x3420
[2320] [M]: 0x0000000080002564 (0x34202573) csrrs x10, mcause, x0                   spcl_M2mmode_test+0
CSR mcause (0x342) -> 0x0000000000000002
x10 <- 0x0000000000000002

mem[X,0x0000000080002568] -> 0x04B7
mem[X,0x000000008000256A] -> 0x8000
[2321] [M]: 0x0000000080002568 (0x800004B7) lui x9, -0x80000                        spcl_M2mmode_test+4
x9 <- 0xFFFFFFFF80000000

clint mtime 0x0000000000000489 (mip.MTI <- 0b1, mip.STI <- 0b0)
mem[X,0x000000008000256C] -> 0x8493
mem[X,0x000000008000256E] -> 0x0004
[2322] [M]: 0x000000008000256C (0x00048493) addi x9, x9, 0x0                        spcl_M2mmode_test+8
x9 <- 0xFFFFFFFF80000000

mem[X,0x0000000080002570] -> 0x9493
mem[X,0x0000000080002572] -> 0x00B4
[2323] [M]: 0x0000000080002570 (0x00B49493) slli x9, x9, 0xb                        spcl_M2mmode_test+12
x9 <- 0xFFFFFC0000000000

clint mtime 0x000000000000048A (mip.MTI <- 0b1, mip.STI <- 0b0)
mem[X,0x0000000080002574] -> 0x8493
mem[X,0x0000000080002576] -> 0x0004
[2324] [M]: 0x0000000080002574 (0x00048493) addi x9, x9, 0x0                        spcl_M2mmode_test+16
x9 <- 0xFFFFFC0000000000

mem[X,0x0000000080002578] -> 0x9493
mem[X,0x000000008000257A] -> 0x00B4
[2325] [M]: 0x0000000080002578 (0x00B49493) slli x9, x9, 0xb                        spcl_M2mmode_test+20
x9 <- 0xFFE0000000000000

clint mtime 0x000000000000048B (mip.MTI <- 0b1, mip.STI <- 0b0)
mem[X,0x000000008000257C] -> 0x8493
mem[X,0x000000008000257E] -> 0x0034
[2326] [M]: 0x000000008000257C (0x00348493) addi x9, x9, 0x3                        spcl_M2mmode_test+24
x9 <- 0xFFE0000000000003

mem[X,0x0000000080002580] -> 0x9493
mem[X,0x0000000080002582] -> 0x00A4
[2327] [M]: 0x0000000080002580 (0x00A49493) slli x9, x9, 0xa                        spcl_M2mmode_test+28
x9 <- 0x8000000000000C00

clint mtime 0x000000000000048C (mip.MTI <- 0b1, mip.STI <- 0b0)
mem[X,0x0000000080002584] -> 0x8493
mem[X,0x0000000080002586] -> 0x3FC4
[2328] [M]: 0x0000000080002584 (0x3FC48493) addi x9, x9, 0x3fc                      spcl_M2mmode_test+32
x9 <- 0x8000000000000FFC

mem[X,0x0000000080002588] -> 0xF4B3
mem[X,0x000000008000258A] -> 0x00A4
[2329] [M]: 0x0000000080002588 (0x00A4F4B3) and x9, x9, x10                         spcl_M2mmode_test+36
x9 <- 0x0000000000000000

clint mtime 0x000000000000048D (mip.MTI <- 0b1, mip.STI <- 0b0)
mem[X,0x000000008000258C] -> 0x8493
mem[X,0x000000008000258E] -> 0xFF84
[2330] [M]: 0x000000008000258C (0xFF848493) addi x9, x9, -0x8                       spcl_M2mmode_test+40
x9 <- 0xFFFFFFFFFFFFFFF8

mem[X,0x0000000080002590] -> 0x9663
mem[X,0x0000000080002592] -> 0x0004
[2331] [M]: 0x0000000080002590 (0x00049663) bne x9, x0, 0xc                         spcl_M2mmode_test+44

clint mtime 0x000000000000048E (mip.MTI <- 0b1, mip.STI <- 0b0)
mem[X,0x000000008000259C] -> 0x0393
mem[X,0x000000008000259E] -> 0x0200
[2332] [M]: 0x000000008000259C (0x02000393) addi x7, x0, 0x20                       Mtrapsig_ptr_upd+0
x7 <- 0x0000000000000020

mem[X,0x00000000800025A0] -> 0x5263
mem[X,0x00000000800025A2] -> 0x0405
[2333] [M]: 0x00000000800025A0 (0x04055263) bge x10, x0, 0x44                       Mtrapsig_ptr_upd+4

clint mtime 0x000000000000048F (mip.MTI <- 0b1, mip.STI <- 0b0)
mem[X,0x00000000800025E4] -> 0x2373
mem[X,0x00000000800025E6] -> 0x3010
[2334] [M]: 0x00000000800025E4 (0x30102373) csrrs x6, misa, x0                      Mxcpt_sig_sv+0
CSR misa (0x301) -> 0x800000000034112F
x6 <- 0x800000000034112F

mem[X,0x00000000800025E8] -> 0x1313
mem[X,0x00000000800025EA] -> 0x0383
[2335] [M]: 0x00000000800025E8 (0x03831313) slli x6, x6, 0x38                       Mxcpt_sig_sv+4
x6 <- 0x2F00000000000000

clint mtime 0x0000000000000490 (mip.MTI <- 0b1, mip.STI <- 0b0)
mem[X,0x00000000800025EC] -> 0x5463
mem[X,0x00000000800025EE] -> 0x0003
[2336] [M]: 0x00000000800025EC (0x00035463) bge x6, x0, 0x8                         Mxcpt_sig_sv+8

mem[X,0x00000000800025F4] -> 0x3303
mem[X,0x00000000800025F6] -> 0x2181
[2337] [M]: 0x00000000800025F4 (0x21813303) ld x6, 0x218(x2)                        Mtrap_sig_sv+0
mem[R,0x0000000080005218] -> 0x000000008000A5F8
x6 <- 0x000000008000A5F8

clint mtime 0x0000000000000491 (mip.MTI <- 0b1, mip.STI <- 0b0)
mem[X,0x00000000800025F8] -> 0x04B3
mem[X,0x00000000800025FA] -> 0x0073
[2338] [M]: 0x00000000800025F8 (0x007304B3) add x9, x6, x7                          Mtrap_sig_sv+4
x9 <- 0x000000008000A618

mem[X,0x00000000800025FC] -> 0x3C23
mem[X,0x00000000800025FE] -> 0x2091
[2339] [M]: 0x00000000800025FC (0x20913C23) sd x9, 0x218(x2)                        Mtrap_sig_sv+8
mem[W,0x0000000080005218] <- 0x000000008000A618

clint mtime 0x0000000000000492 (mip.MTI <- 0b1, mip.STI <- 0b0)
mem[X,0x0000000080002600] -> 0x3403
mem[X,0x0000000080002602] -> 0x1F81
[2340] [M]: 0x0000000080002600 (0x1F813403) ld x8, 0x1f8(x2)                        Mtrap_sig_sv+12
mem[R,0x00000000800051F8] -> 0x000000008000A110
x8 <- 0x000000008000A110

mem[X,0x0000000080002604] -> 0x0333
mem[X,0x0000000080002606] -> 0x4083
[2341] [M]: 0x0000000080002604 (0x40830333) sub x6, x6, x8                          Mtrap_sig_sv+16
x6 <- 0x00000000000004E8

clint mtime 0x0000000000000493 (mip.MTI <- 0b1, mip.STI <- 0b0)
mem[X,0x0000000080002608] -> 0x3403
mem[X,0x000000008000260A] -> 0x1F81
[2342] [M]: 0x0000000080002608 (0x1F813403) ld x8, 0x1f8(x2)                        Mtrap_sig_sv+20
mem[R,0x00000000800051F8] -> 0x000000008000A110
x8 <- 0x000000008000A110

mem[X,0x000000008000260C] -> 0x0333
mem[X,0x000000008000260E] -> 0x0083
[2343] [M]: 0x000000008000260C (0x00830333) add x6, x6, x8                          Mtrap_sig_sv+24
x6 <- 0x000000008000A5F8

clint mtime 0x0000000000000494 (mip.MTI <- 0b1, mip.STI <- 0b0)
mem[X,0x0000000080002610] -> 0x3403
mem[X,0x0000000080002612] -> 0x2401
[2344] [M]: 0x0000000080002610 (0x24013403) ld x8, 0x240(x2)                        Mtrap_sig_sv+28
mem[R,0x0000000080005240] -> 0x0000000080002380
x8 <- 0x0000000080002380

mem[X,0x0000000080002614] -> 0x85B3
mem[X,0x0000000080002616] -> 0x4085
[2345] [M]: 0x0000000080002614 (0x408585B3) sub x11, x11, x8                        sv_Mvect+0
x11 <- 0x000000000000010C

clint mtime 0x0000000000000495 (mip.MTI <- 0b1, mip.STI <- 0b0)
mem[X,0x0000000080002618] -> 0x9593
mem[X,0x000000008000261A] -> 0x0045
[2346] [M]: 0x0000000080002618 (0x00459593) slli x11, x11, 0x4                      sv_Mvect+4
x11 <- 0x00000000000010C0

mem[X,0x000000008000261C] -> 0xE5B3
mem[X,0x000000008000261E] -> 0x0075
[2347] [M]: 0x000000008000261C (0x0075E5B3) or x11, x11, x7                         sv_Mvect+8
x11 <- 0x00000000000010E0

clint mtime 0x0000000000000496 (mip.MTI <- 0b1, mip.STI <- 0b0)
mem[X,0x0000000080002620] -> 0x8593
mem[X,0x0000000080002622] -> 0x0035
[2348] [M]: 0x0000000080002620 (0x00358593) addi x11, x11, 0x3                      sv_Mvect+12
x11 <- 0x00000000000010E3

mem[X,0x0000000080002624] -> 0x3023
mem[X,0x0000000080002626] -> 0x00B3
[2349] [M]: 0x0000000080002624 (0x00B33023) sd x11, 0x0(x6)                         sv_Mvect+16
mem[W,0x000000008000A5F8] <- 0x00000000000010E3

clint mtime 0x0000000000000497 (mip.MTI <- 0b1, mip.STI <- 0b0)
mem[X,0x0000000080002628] -> 0x3423
mem[X,0x000000008000262A] -> 0x00A3
[2350] [M]: 0x0000000080002628 (0x00A33423) sd x10, 0x8(x6)                         sv_Mcause+0
mem[W,0x000000008000A600] <- 0x0000000000000002

mem[X,0x000000008000262C] -> 0x4663
mem[X,0x000000008000262E] -> 0x1A05
[2351] [M]: 0x000000008000262C (0x1A054663) blt x10, x0, 0x1ac                      sv_Mcause+4

clint mtime 0x0000000000000498 (mip.MTI <- 0b1, mip.STI <- 0b0)
mem[X,0x0000000080002630] -> 0x25F3
mem[X,0x0000000080002632] -> 0x3000
[2352] [M]: 0x0000000080002630 (0x300025F3) csrrs x11, mstatus, x0                  common_Mexcpt_handler+0
CSR mstatus (0x300) -> 0x0000000A00000000
x11 <- 0x0000000A00000000

mem[X,0x0000000080002634] -> 0x9413
mem[X,0x0000000080002636] -> 0x02E5
[2353] [M]: 0x0000000080002634 (0x02E59413) slli x8, x11, 0x2e                      common_Mexcpt_handler+4
x8 <- 0x0000000000000000

clint mtime 0x0000000000000499 (mip.MTI <- 0b1, mip.STI <- 0b0)
mem[X,0x0000000080002638] -> 0x5463
mem[X,0x000000008000263A] -> 0x0004
[2354] [M]: 0x0000000080002638 (0x00045463) bge x8, x0, 0x8                         common_Mexcpt_handler+8

mem[X,0x0000000080002640] -> 0xD493
mem[X,0x0000000080002642] -> 0x00B5
[2355] [M]: 0x0000000080002640 (0x00B5D493) srli x9, x11, 0xb                       common_Mexcpt_handler+16
x9 <- 0x0000000001400000

clint mtime 0x000000000000049A (mip.MTI <- 0b1, mip.STI <- 0b0)
mem[X,0x0000000080002644] -> 0xF493
mem[X,0x0000000080002646] -> 0x0034
[2356] [M]: 0x0000000080002644 (0x0034F493) andi x9, x9, 0x3                        common_Mexcpt_handler+20
x9 <- 0x0000000000000000

mem[X,0x0000000080002648] -> 0x8493
mem[X,0x000000008000264A] -> 0x0014
[2357] [M]: 0x0000000080002648 (0x00148493) addi x9, x9, 0x1                        common_Mexcpt_handler+24
x9 <- 0x0000000000000001

clint mtime 0x000000000000049B (mip.MTI <- 0b1, mip.STI <- 0b0)
mem[X,0x000000008000264C] -> 0xF493
mem[X,0x000000008000264E] -> 0x0044
[2358] [M]: 0x000000008000264C (0x0044F493) andi x9, x9, 0x4                        common_Mexcpt_handler+28
x9 <- 0x0000000000000000

mem[X,0x0000000080002650] -> 0x0593
mem[X,0x0000000080002652] -> 0x05D0
[2359] [M]: 0x0000000080002650 (0x05D00593) addi x11, x0, 0x5d                      common_Mexcpt_handler+32
x11 <- 0x000000000000005D

clint mtime 0x000000000000049C (mip.MTI <- 0b1, mip.STI <- 0b0)
mem[X,0x0000000080002654] -> 0xD5B3
mem[X,0x0000000080002656] -> 0x0095
[2360] [M]: 0x0000000080002654 (0x0095D5B3) srl x11, x11, x9                        common_Mexcpt_handler+36
x11 <- 0x000000000000005D

mem[X,0x0000000080002658] -> 0xF593
mem[X,0x000000008000265A] -> 0x0015
[2361] [M]: 0x0000000080002658 (0x0015F593) andi x11, x11, 0x1                      common_Mexcpt_handler+40
x11 <- 0x0000000000000001

clint mtime 0x000000000000049D (mip.MTI <- 0b1, mip.STI <- 0b0)
mem[X,0x000000008000265C] -> 0x8EE3
mem[X,0x000000008000265E] -> 0xF405
[2362] [M]: 0x000000008000265C (0xF4058EE3) beq x11, x0, -0xa4                      common_Mexcpt_handler+44

mem[X,0x0000000080002660] -> 0x0593
mem[X,0x0000000080002662] -> 0x2980
[2363] [M]: 0x0000000080002660 (0x29800593) addi x11, x0, 0x298                     common_Mexcpt_handler+48
x11 <- 0x0000000000000298

clint mtime 0x000000000000049E (mip.MTI <- 0b1, mip.STI <- 0b0)
mem[X,0x0000000080002664] -> 0xF413
mem[X,0x0000000080002666] -> 0x0014
[2364] [M]: 0x0000000080002664 (0x0014F413) andi x8, x9, 0x1                        common_Mexcpt_handler+52
x8 <- 0x0000000000000000

mem[X,0x0000000080002668] -> 0x95B3
mem[X,0x000000008000266A] -> 0x0085
[2365] [M]: 0x0000000080002668 (0x008595B3) sll x11, x11, x8                        common_Mexcpt_handler+56
x11 <- 0x0000000000000298

clint mtime 0x000000000000049F (mip.MTI <- 0b1, mip.STI <- 0b0)
mem[X,0x000000008000266C] -> 0x9413
mem[X,0x000000008000266E] -> 0x03D4
[2366] [M]: 0x000000008000266C (0x03D49413) slli x8, x9, 0x3d                       common_Mexcpt_handler+60
x8 <- 0x0000000000000000

mem[X,0x0000000080002670] -> 0x5413
mem[X,0x0000000080002672] -> 0x43F4
[2367] [M]: 0x0000000080002670 (0x43F45413) srai x8, x8, 0x3f                       common_Mexcpt_handler+64
x8 <- 0x0000000000000000

clint mtime 0x00000000000004A0 (mip.MTI <- 0b1, mip.STI <- 0b0)
mem[X,0x0000000080002674] -> 0x4413
mem[X,0x0000000080002676] -> 0xFFF4
[2368] [M]: 0x0000000080002674 (0xFFF44413) xori x8, x8, -0x1                       common_Mexcpt_handler+68
x8 <- 0xFFFFFFFFFFFFFFFF

mem[X,0x0000000080002678] -> 0xF4B3
mem[X,0x000000008000267A] -> 0x0085
[2369] [M]: 0x0000000080002678 (0x0085F4B3) and x9, x11, x8                         common_Mexcpt_handler+72
x9 <- 0x0000000000000298

clint mtime 0x00000000000004A1 (mip.MTI <- 0b1, mip.STI <- 0b0)
mem[X,0x000000008000267C] -> 0x84B3
mem[X,0x000000008000267E] -> 0x0024
[2370] [M]: 0x000000008000267C (0x002484B3) add x9, x9, x2                          vmem_adj_Mepc+0
x9 <- 0x0000000080005298

mem[X,0x0000000080002680] -> 0x23F3
mem[X,0x0000000080002682] -> 0x3410
[2371] [M]: 0x0000000080002680 (0x341023F3) csrrs x7, mepc, x0                      vmem_adj_Mepc+4
CSR mepc (0x341) -> 0x0000030080001778
x7 <- 0x0000030080001778

clint mtime 0x00000000000004A2 (mip.MTI <- 0b1, mip.STI <- 0b0)
mem[X,0x0000000080002684] -> 0x0413
mem[X,0x0000000080002686] -> 0x0004
[2372] [M]: 0x0000000080002684 (0x00040413) addi x8, x8, 0x0                        vmem_adj_Mepc+8
x8 <- 0xFFFFFFFFFFFFFFFF

mem[X,0x0000000080002688] -> 0x006F
mem[X,0x000000008000268A] -> 0x0400
[2373] [M]: 0x0000000080002688 (0x0400006F) jal x0, 0x40                            vmem_adj_Mepc+12

clint mtime 0x00000000000004A3 (mip.MTI <- 0b1, mip.STI <- 0b0)
mem[X,0x00000000800026C8] -> 0x8433
mem[X,0x00000000800026CA] -> 0x4083
[2374] [M]: 0x00000000800026C8 (0x40838433) sub x8, x7, x8                          adj_Mepc+0
x8 <- 0x0000030080001779

mem[X,0x00000000800026CC] -> 0x3823
mem[X,0x00000000800026CE] -> 0x0083
[2375] [M]: 0x00000000800026CC (0x00833823) sd x8, 0x10(x6)                         sv_Mepc+0
mem[W,0x000000008000A608] <- 0x0000030080001779

clint mtime 0x00000000000004A4 (mip.MTI <- 0b1, mip.STI <- 0b0)
mem[X,0x00000000800026D0] -> 0x55B7
mem[X,0x00000000800026D2] -> 0x0000
[2376] [M]: 0x00000000800026D0 (0x000055B7) lui x11, 0x5                            sv_Mepc+4
x11 <- 0x0000000000005000

mem[X,0x00000000800026D4] -> 0x8593
mem[X,0x00000000800026D6] -> 0x6675
[2377] [M]: 0x00000000800026D4 (0x66758593) addi x11, x11, 0x667                    sv_Mepc+8
x11 <- 0x0000000000005667

clint mtime 0x00000000000004A5 (mip.MTI <- 0b1, mip.STI <- 0b0)
mem[X,0x00000000800026D8] -> 0x9593
mem[X,0x00000000800026DA] -> 0x0015
[2378] [M]: 0x00000000800026D8 (0x00159593) slli x11, x11, 0x1                      sv_Mepc+12
x11 <- 0x000000000000ACCE

mem[X,0x00000000800026DC] -> 0x9063
mem[X,0x00000000800026DE] -> 0x02B1
[2379] [M]: 0x00000000800026DC (0x02B19063) bne x3, x11, 0x20                       sv_Mepc+16

clint mtime 0x00000000000004A6 (mip.MTI <- 0b1, mip.STI <- 0b0)
mem[X,0x00000000800026E0] -> 0x2473
mem[X,0x00000000800026E2] -> 0x3420
[2380] [M]: 0x00000000800026E0 (0x34202473) csrrs x8, mcause, x0                    sv_Mepc+20
CSR mcause (0x342) -> 0x0000000000000002
x8 <- 0x0000000000000002

mem[X,0x00000000800026E4] -> 0x0593
mem[X,0x00000000800026E6] -> 0x00C0
[2381] [M]: 0x00000000800026E4 (0x00C00593) addi x11, x0, 0xc                       sv_Mepc+24
x11 <- 0x000000000000000C

clint mtime 0x00000000000004A7 (mip.MTI <- 0b1, mip.STI <- 0b0)
mem[X,0x00000000800026E8] -> 0x0663
mem[X,0x00000000800026EA] -> 0x00B4
[2382] [M]: 0x00000000800026E8 (0x00B40663) beq x8, x11, 0xc                        sv_Mepc+28

mem[X,0x00000000800026EC] -> 0x0593
mem[X,0x00000000800026EE] -> 0x0010
[2383] [M]: 0x00000000800026EC (0x00100593) addi x11, x0, 0x1                       sv_Mepc+32
x11 <- 0x0000000000000001

clint mtime 0x00000000000004A8 (mip.MTI <- 0b1, mip.STI <- 0b0)
mem[X,0x00000000800026F0] -> 0x1663
mem[X,0x00000000800026F2] -> 0x00B4
[2384] [M]: 0x00000000800026F0 (0x00B41663) bne x8, x11, 0xc                        sv_Mepc+36

mem[X,0x00000000800026FC] -> 0xF593
mem[X,0x00000000800026FE] -> 0xFFC3
[2385] [M]: 0x00000000800026FC (0xFFC3F593) andi x11, x7, -0x4                      adj_Mepc_rtn+0
x11 <- 0x0000030080001778

clint mtime 0x00000000000004A9 (mip.MTI <- 0b1, mip.STI <- 0b0)
mem[X,0x0000000080002700] -> 0x8593
mem[X,0x0000000080002702] -> 0x0085
[2386] [M]: 0x0000000080002700 (0x00858593) addi x11, x11, 0x8                      adj_Mepc_rtn+4
x11 <- 0x0000030080001780

mem[X,0x0000000080002704] -> 0x9073
mem[X,0x0000000080002706] -> 0x3415
[2387] [M]: 0x0000000080002704 (0x34159073) csrrw x0, mepc, x11                     adj_Mepc_rtn+8
CSR mepc (0x341) <- 0x0000030080001780

clint mtime 0x00000000000004AA (mip.MTI <- 0b1, mip.STI <- 0b0)
mem[X,0x0000000080002708] -> 0x23F3
mem[X,0x000000008000270A] -> 0x3430
[2388] [M]: 0x0000000080002708 (0x343023F3) csrrs x7, mtval, x0                     skp_adj_Mepc+0
CSR mtval (0x343) -> 0x00000000341494F3
x7 <- 0x00000000341494F3

mem[X,0x000000008000270C] -> 0x0413
mem[X,0x000000008000270E] -> 0x0004
[2389] [M]: 0x000000008000270C (0x00040413) addi x8, x8, 0x0                        skp_adj_Mepc+4
x8 <- 0x0000000000000002

clint mtime 0x00000000000004AB (mip.MTI <- 0b1, mip.STI <- 0b0)
mem[X,0x0000000080002710] -> 0x006F
mem[X,0x0000000080002712] -> 0x0840
[2390] [M]: 0x0000000080002710 (0x0840006F) jal x0, 0x84                            skp_adj_Mepc+8

mem[X,0x0000000080002794] -> 0x8433
mem[X,0x0000000080002796] -> 0x4083
[2391] [M]: 0x0000000080002794 (0x40838433) sub x8, x7, x8                          adj_Mtval+0
x8 <- 0x00000000341494F1

clint mtime 0x00000000000004AC (mip.MTI <- 0b1, mip.STI <- 0b0)
mem[X,0x0000000080002798] -> 0x3C23
mem[X,0x000000008000279A] -> 0x0083
[2392] [M]: 0x0000000080002798 (0x00833C23) sd x8, 0x18(x6)                         sv_Mtval+0
mem[W,0x000000008000A610] <- 0x00000000341494F1

mem[X,0x000000008000279C] -> 0x3483
mem[X,0x000000008000279E] -> 0x2181
[2393] [M]: 0x000000008000279C (0x21813483) ld x9, 0x218(x2)                        skp_Mtval+0
mem[R,0x0000000080005218] -> 0x000000008000A618
x9 <- 0x000000008000A618

clint mtime 0x00000000000004AD (mip.MTI <- 0b1, mip.STI <- 0b0)
mem[X,0x00000000800027A0] -> 0x3383
mem[X,0x00000000800027A2] -> 0x1F81
[2394] [M]: 0x00000000800027A0 (0x1F813383) ld x7, 0x1f8(x2)                        skp_Mtval+4
mem[R,0x00000000800051F8] -> 0x000000008000A110
x7 <- 0x000000008000A110

mem[X,0x00000000800027A4] -> 0x3303
mem[X,0x00000000800027A6] -> 0x2001
[2395] [M]: 0x00000000800027A4 (0x20013303) ld x6, 0x200(x2)                        skp_Mtval+8
mem[R,0x0000000080005200] -> 0x0000000000000610
x6 <- 0x0000000000000610

clint mtime 0x00000000000004AE (mip.MTI <- 0b1, mip.STI <- 0b0)
mem[X,0x00000000800027A8] -> 0x0333
mem[X,0x00000000800027AA] -> 0x0073
[2396] [M]: 0x00000000800027A8 (0x00730333) add x6, x6, x7                          skp_Mtval+12
x6 <- 0x000000008000A720

mem[X,0x00000000800027AC] -> 0x6AE3
mem[X,0x00000000800027AE] -> 0xAE93
[2397] [M]: 0x00000000800027AC (0xAE936AE3) bltu x6, x9, -0x50c                     skp_Mtval+16

clint mtime 0x00000000000004AF (mip.MTI <- 0b1, mip.STI <- 0b0)
mem[X,0x00000000800027B0] -> 0x0393
mem[X,0x00000000800027B2] -> 0x2000
[2398] [M]: 0x00000000800027B0 (0x20000393) addi x7, x0, 0x200                      skp_Mtval+20
x7 <- 0x0000000000000200

mem[X,0x00000000800027B4] -> 0x006F
mem[X,0x00000000800027B6] -> 0x0400
[2399] [M]: 0x00000000800027B4 (0x0400006F) jal x0, 0x40                            skp_Mtval+24

clint mtime 0x00000000000004B0 (mip.MTI <- 0b1, mip.STI <- 0b0)
mem[X,0x00000000800027F4] -> 0x0417
mem[X,0x00000000800027F6] -> 0x0000
[2400] [M]: 0x00000000800027F4 (0x00000417) auipc x8, 0x0                           spcl_Mhandler+0
x8 <- 0x00000000800027F4

mem[X,0x00000000800027F8] -> 0x0413
mem[X,0x00000000800027FA] -> 0x03C4
[2401] [M]: 0x00000000800027F8 (0x03C40413) addi x8, x8, 0x3c                       spcl_Mhandler+4
x8 <- 0x0000000080002830

clint mtime 0x00000000000004B1 (mip.MTI <- 0b1, mip.STI <- 0b0)
mem[X,0x00000000800027FC] -> 0x0433
mem[X,0x00000000800027FE] -> 0x0074
[2402] [M]: 0x00000000800027FC (0x00740433) add x8, x8, x7                          spcl_Mhandler+8
x8 <- 0x0000000080002A30

mem[X,0x0000000080002800] -> 0x1393
mem[X,0x0000000080002802] -> 0x0035
[2403] [M]: 0x0000000080002800 (0x00351393) slli x7, x10, 0x3                       spcl_Mhandler+12
x7 <- 0x0000000000000010

clint mtime 0x00000000000004B2 (mip.MTI <- 0b1, mip.STI <- 0b0)
mem[X,0x0000000080002804] -> 0x0433
mem[X,0x0000000080002806] -> 0x0074
[2404] [M]: 0x0000000080002804 (0x00740433) add x8, x8, x7                          spcl_Mhandler+16
x8 <- 0x0000000080002A40

mem[X,0x0000000080002808] -> 0x7413
mem[X,0x000000008000280A] -> 0xFF84
[2405] [M]: 0x0000000080002808 (0xFF847413) andi x8, x8, -0x8                       spcl_Mhandler+20
x8 <- 0x0000000080002A40

clint mtime 0x00000000000004B3 (mip.MTI <- 0b1, mip.STI <- 0b0)
mem[X,0x000000008000280C] -> 0x3403
mem[X,0x000000008000280E] -> 0x0004
[2406] [M]: 0x000000008000280C (0x00043403) ld x8, 0x0(x8)                          spcl_Mhandler+24
mem[R,0x0000000080002A40] -> 0x0000000000000005
x8 <- 0x0000000000000005

mem[X,0x0000000080002810] -> 0x02E3
mem[X,0x0000000080002812] -> 0xB204
[2407] [M]: 0x0000000080002810 (0xB20402E3) beq x8, x0, -0x4dc                      spcl_Mdispatch_hndling+0

clint mtime 0x00000000000004B4 (mip.MTI <- 0b1, mip.STI <- 0b0)
mem[X,0x0000000080002814] -> 0x1393
mem[X,0x0000000080002816] -> 0x03F4
[2408] [M]: 0x0000000080002814 (0x03F41393) slli x7, x8, 0x3f                       spcl_Mdispatch_hndling+4
x7 <- 0x8000000000000000

mem[X,0x0000000080002818] -> 0xD863
mem[X,0x000000008000281A] -> 0x0003
[2409] [M]: 0x0000000080002818 (0x0003D863) bge x7, x0, 0x10                        spcl_Mdispatch_hndling+8

clint mtime 0x00000000000004B5 (mip.MTI <- 0b1, mip.STI <- 0b0)
mem[X,0x000000008000281C] -> 0x5413
mem[X,0x000000008000281E] -> 0x0014
[2410] [M]: 0x000000008000281C (0x00145413) srli x8, x8, 0x1                        spcl_Mdispatch_hndling+12
x8 <- 0x0000000000000002

mem[X,0x0000000080002820] -> 0x0CE3
mem[X,0x0000000080002822] -> 0xF885
[2411] [M]: 0x0000000080002820 (0xF8850CE3) beq x10, x8, -0x68                      spcl_Mdispatch_hndling+16

clint mtime 0x00000000000004B6 (mip.MTI <- 0b1, mip.STI <- 0b0)
mem[X,0x00000000800027B8] -> 0x3303
mem[X,0x00000000800027BA] -> 0x2601
[2412] [M]: 0x00000000800027B8 (0x26013303) ld x6, 0x260(x2)                        resto_Mrtn+0
mem[R,0x0000000080005260] -> 0xFFFFFFFF7FFFEA4C
x6 <- 0xFFFFFFFF7FFFEA4C

mem[X,0x00000000800027BC] -> 0x3383
mem[X,0x00000000800027BE] -> 0x2681
[2413] [M]: 0x00000000800027BC (0x26813383) ld x7, 0x268(x2)                        resto_Mrtn+4
mem[R,0x0000000080005268] -> 0x0000000080005000
x7 <- 0x0000000080005000

clint mtime 0x00000000000004B7 (mip.MTI <- 0b1, mip.STI <- 0b0)
mem[X,0x00000000800027C0] -> 0x3403
mem[X,0x00000000800027C2] -> 0x2701
[2414] [M]: 0x00000000800027C0 (0x27013403) ld x8, 0x270(x2)                        resto_Mrtn+8
mem[R,0x0000000080005270] -> 0x0000000000007F76
x8 <- 0x0000000000007F76

mem[X,0x00000000800027C4] -> 0x3483
mem[X,0x00000000800027C6] -> 0x2781
[2415] [M]: 0x00000000800027C4 (0x27813483) ld x9, 0x278(x2)                        resto_Mrtn+12
mem[R,0x0000000080005278] -> 0x00000300000001BC
x9 <- 0x00000300000001BC

clint mtime 0x00000000000004B8 (mip.MTI <- 0b1, mip.STI <- 0b0)
mem[X,0x00000000800027C8] -> 0x3503
mem[X,0x00000000800027CA] -> 0x2801
[2416] [M]: 0x00000000800027C8 (0x28013503) ld x10, 0x280(x2)                       resto_Mrtn+16
mem[R,0x0000000080005280] -> 0x00000000200002DF
x10 <- 0x00000000200002DF

mem[X,0x00000000800027CC] -> 0x3583
mem[X,0x00000000800027CE] -> 0x2881
[2417] [M]: 0x00000000800027CC (0x28813583) ld x11, 0x288(x2)                       resto_Mrtn+20
mem[R,0x0000000080005288] -> 0x00000000000002DF
x11 <- 0x00000000000002DF

clint mtime 0x00000000000004B9 (mip.MTI <- 0b1, mip.STI <- 0b0)
mem[X,0x00000000800027D0] -> 0x3103
mem[X,0x00000000800027D2] -> 0x2901
[2418] [M]: 0x00000000800027D0 (0x29013103) ld x2, 0x290(x2)                        resto_Mrtn+24
mem[R,0x0000000080005290] -> 0x0000000000000000
x2 <- 0x0000000000000000

mem[X,0x00000000800027D4] -> 0x0073
mem[X,0x00000000800027D6] -> 0x3020
[2419] [M]: 0x00000000800027D4 (0x30200073) mret                                    resto_Mrtn+28
CSR mstatus (0x300) <- 0x0000000A00000080
ret-ing from M to U

clint mtime 0x00000000000004BA (mip.MTI <- 0b1, mip.STI <- 0b0)
PTW: Start, vpn=0x30080001, access_type=X, privilege=Umem[R,0x0000000080009030] -> 0x00000000000000DB
PTW: Step, level=3, pte=0xDB, pte_addr=0x80009030
PTW: Success, final_ppn=0x80001, level=3mem[X,0x0000000080001780] -> 0x07B7
PTW: Start, vpn=0x30080001, access_type=X, privilege=Umem[R,0x0000000080009030] -> 0x00000000000000DB
PTW: Step, level=3, pte=0xDB, pte_addr=0x80009030
PTW: Success, final_ppn=0x80001, level=3mem[X,0x0000000080001782] -> 0x0000
[2420] [U]: 0x0000030080001780 (0x000007B7) lui x15, 0x0                            va_rvtest_code_begin+4036
x15 <- 0x0000000000000000

PTW: Start, vpn=0x30080001, access_type=X, privilege=Umem[R,0x0000000080009030] -> 0x00000000000000DB
PTW: Step, level=3, pte=0xDB, pte_addr=0x80009030
PTW: Success, final_ppn=0x80001, level=3mem[X,0x0000000080001784] -> 0x8793
PTW: Start, vpn=0x30080001, access_type=X, privilege=Umem[R,0x0000000080009030] -> 0x00000000000000DB
PTW: Step, level=3, pte=0xDB, pte_addr=0x80009030
PTW: Success, final_ppn=0x80001, level=3mem[X,0x0000000080001786] -> 0x2807
[2421] [U]: 0x0000030080001784 (0x28078793) addi x15, x15, 0x280                    va_rvtest_code_begin+4040
x15 <- 0x0000000000000280

clint mtime 0x00000000000004BB (mip.MTI <- 0b1, mip.STI <- 0b0)
PTW: Start, vpn=0x30080001, access_type=X, privilege=Umem[R,0x0000000080009030] -> 0x00000000000000DB
PTW: Step, level=3, pte=0xDB, pte_addr=0x80009030
PTW: Success, final_ppn=0x80001, level=3mem[X,0x0000000080001788] -> 0x9793
PTW: Start, vpn=0x30080001, access_type=X, privilege=Umem[R,0x0000000080009030] -> 0x00000000000000DB
PTW: Step, level=3, pte=0xDB, pte_addr=0x80009030
PTW: Success, final_ppn=0x80001, level=3mem[X,0x000000008000178A] -> 0x00B7
[2422] [U]: 0x0000030080001788 (0x00B79793) slli x15, x15, 0xb                      va_rvtest_code_begin+4044
x15 <- 0x0000000000140000

PTW: Start, vpn=0x30080001, access_type=X, privilege=Umem[R,0x0000000080009030] -> 0x00000000000000DB
PTW: Step, level=3, pte=0xDB, pte_addr=0x80009030
PTW: Success, final_ppn=0x80001, level=3mem[X,0x000000008000178C] -> 0x8793
PTW: Start, vpn=0x30080001, access_type=X, privilege=Umem[R,0x0000000080009030] -> 0x00000000000000DB
PTW: Step, level=3, pte=0xDB, pte_addr=0x80009030
PTW: Success, final_ppn=0x80001, level=3mem[X,0x000000008000178E] -> 0x0007
[2423] [U]: 0x000003008000178C (0x00078793) addi x15, x15, 0x0                      va_rvtest_code_begin+4048
x15 <- 0x0000000000140000

clint mtime 0x00000000000004BC (mip.MTI <- 0b1, mip.STI <- 0b0)
PTW: Start, vpn=0x30080001, access_type=X, privilege=Umem[R,0x0000000080009030] -> 0x00000000000000DB
PTW: Step, level=3, pte=0xDB, pte_addr=0x80009030
PTW: Success, final_ppn=0x80001, level=3mem[X,0x0000000080001790] -> 0x9793
PTW: Start, vpn=0x30080001, access_type=X, privilege=Umem[R,0x0000000080009030] -> 0x00000000000000DB
PTW: Step, level=3, pte=0xDB, pte_addr=0x80009030
PTW: Success, final_ppn=0x80001, level=3mem[X,0x0000000080001792] -> 0x00B7
[2424] [U]: 0x0000030080001790 (0x00B79793) slli x15, x15, 0xb                      va_rvtest_code_begin+4052
x15 <- 0x00000000A0000000

PTW: Start, vpn=0x30080001, access_type=X, privilege=Umem[R,0x0000000080009030] -> 0x00000000000000DB
PTW: Step, level=3, pte=0xDB, pte_addr=0x80009030
PTW: Success, final_ppn=0x80001, level=3mem[X,0x0000000080001794] -> 0x8793
PTW: Start, vpn=0x30080001, access_type=X, privilege=Umem[R,0x0000000080009030] -> 0x00000000000000DB
PTW: Step, level=3, pte=0xDB, pte_addr=0x80009030
PTW: Success, final_ppn=0x80001, level=3mem[X,0x0000000080001796] -> 0x0017
[2425] [U]: 0x0000030080001794 (0x00178793) addi x15, x15, 0x1                      va_rvtest_code_begin+4056
x15 <- 0x00000000A0000001

clint mtime 0x00000000000004BD (mip.MTI <- 0b1, mip.STI <- 0b0)
PTW: Start, vpn=0x30080001, access_type=X, privilege=Umem[R,0x0000000080009030] -> 0x00000000000000DB
PTW: Step, level=3, pte=0xDB, pte_addr=0x80009030
PTW: Success, final_ppn=0x80001, level=3mem[X,0x0000000080001798] -> 0x9793
PTW: Start, vpn=0x30080001, access_type=X, privilege=Umem[R,0x0000000080009030] -> 0x00000000000000DB
PTW: Step, level=3, pte=0xDB, pte_addr=0x80009030
PTW: Success, final_ppn=0x80001, level=3mem[X,0x000000008000179A] -> 0x00A7
[2426] [U]: 0x0000030080001798 (0x00A79793) slli x15, x15, 0xa                      va_rvtest_code_begin+4060
x15 <- 0x0000028000000400

PTW: Start, vpn=0x30080001, access_type=X, privilege=Umem[R,0x0000000080009030] -> 0x00000000000000DB
PTW: Step, level=3, pte=0xDB, pte_addr=0x80009030
PTW: Success, final_ppn=0x80001, level=3mem[X,0x000000008000179C] -> 0x0613
PTW: Start, vpn=0x30080001, access_type=X, privilege=Umem[R,0x0000000080009030] -> 0x00000000000000DB
PTW: Step, level=3, pte=0xDB, pte_addr=0x80009030
PTW: Success, final_ppn=0x80001, level=3mem[X,0x000000008000179E] -> 0x0106
[2427] [U]: 0x000003008000179C (0x01060613) addi x12, x12, 0x10                     va_rvtest_code_begin+4064
x12 <- 0x0000000000000080

clint mtime 0x00000000000004BE (mip.MTI <- 0b1, mip.STI <- 0b0)
PTW: Start, vpn=0x30080001, access_type=X, privilege=Umem[R,0x0000000080009030] -> 0x00000000000000DB
PTW: Step, level=3, pte=0xDB, pte_addr=0x80009030
PTW: Success, final_ppn=0x80001, level=3mem[X,0x00000000800017A0] -> 0xAA23
PTW: Start, vpn=0x30080001, access_type=X, privilege=Umem[R,0x0000000080009030] -> 0x00000000000000DB
PTW: Step, level=3, pte=0xDB, pte_addr=0x80009030
PTW: Success, final_ppn=0x80001, level=3mem[X,0x00000000800017A2] -> 0x00C7
[2428] [U]: 0x00000300800017A0 (0x00C7AA23) sw x12, 0x14(x15)                       va_rvtest_code_begin+4068
PTW: Start, vpn=0x28000000, access_type=W, privilege=Umem[R,0x0000000080009028] -> 0x0000000020002001
PTW: Step, level=3, pte=0x20002001, pte_addr=0x80009028
PTW: Start, vpn=0x28000000, access_type=W, privilege=Umem[R,0x0000000080008000] -> 0x0000000020001C01
PTW: Step, level=2, pte=0x20001C01, pte_addr=0x80008000
PTW: Start, vpn=0x28000000, access_type=W, privilege=Umem[R,0x0000000080007000] -> 0x00000000200002DF
PTW: Step, level=1, pte=0x200002DF, pte_addr=0x80007000
PTW: Success, final_ppn=0x80000, level=1mem[W,0x0000000080000414] <- 0x00000080

PTW: Start, vpn=0x30080001, access_type=X, privilege=Umem[R,0x0000000080009030] -> 0x00000000000000DB
PTW: Step, level=3, pte=0xDB, pte_addr=0x80009030
PTW: Success, final_ppn=0x80001, level=3mem[X,0x00000000800017A4] -> 0x0013
PTW: Start, vpn=0x30080001, access_type=X, privilege=Umem[R,0x0000000080009030] -> 0x00000000000000DB
PTW: Step, level=3, pte=0xDB, pte_addr=0x80009030
PTW: Success, final_ppn=0x80001, level=3mem[X,0x00000000800017A6] -> 0x0000
[2429] [U]: 0x00000300800017A4 (0x00000013) addi x0, x0, 0x0                        va_rvtest_code_begin+4072

clint mtime 0x00000000000004BF (mip.MTI <- 0b1, mip.STI <- 0b0)
PTW: Start, vpn=0x30080001, access_type=X, privilege=Umem[R,0x0000000080009030] -> 0x00000000000000DB
PTW: Step, level=3, pte=0xDB, pte_addr=0x80009030
PTW: Success, final_ppn=0x80001, level=3mem[X,0x00000000800017A8] -> 0xA703
PTW: Start, vpn=0x30080001, access_type=X, privilege=Umem[R,0x0000000080009030] -> 0x00000000000000DB
PTW: Step, level=3, pte=0xDB, pte_addr=0x80009030
PTW: Success, final_ppn=0x80001, level=3mem[X,0x00000000800017AA] -> 0x0147
[2430] [U]: 0x00000300800017A8 (0x0147A703) lw x14, 0x14(x15)                       va_rvtest_code_begin+4076
PTW: Start, vpn=0x28000000, access_type=R, privilege=Umem[R,0x0000000080009028] -> 0x0000000020002001
PTW: Step, level=3, pte=0x20002001, pte_addr=0x80009028
PTW: Start, vpn=0x28000000, access_type=R, privilege=Umem[R,0x0000000080008000] -> 0x0000000020001C01
PTW: Step, level=2, pte=0x20001C01, pte_addr=0x80008000
PTW: Start, vpn=0x28000000, access_type=R, privilege=Umem[R,0x0000000080007000] -> 0x00000000200002DF
PTW: Step, level=1, pte=0x200002DF, pte_addr=0x80007000
PTW: Success, final_ppn=0x80000, level=1mem[R,0x0000000080000414] -> 0x00000080
x14 <- 0x0000000000000080

PTW: Start, vpn=0x30080001, access_type=X, privilege=Umem[R,0x0000000080009030] -> 0x00000000000000DB
PTW: Step, level=3, pte=0xDB, pte_addr=0x80009030
PTW: Success, final_ppn=0x80001, level=3mem[X,0x00000000800017AC] -> 0x0013
PTW: Start, vpn=0x30080001, access_type=X, privilege=Umem[R,0x0000000080009030] -> 0x00000000000000DB
PTW: Step, level=3, pte=0xDB, pte_addr=0x80009030
PTW: Success, final_ppn=0x80001, level=3mem[X,0x00000000800017AE] -> 0x0000
[2431] [U]: 0x00000300800017AC (0x00000013) addi x0, x0, 0x0                        va_rvtest_code_begin+4080

clint mtime 0x00000000000004C0 (mip.MTI <- 0b1, mip.STI <- 0b0)
PTW: Start, vpn=0x30080001, access_type=X, privilege=Umem[R,0x0000000080009030] -> 0x00000000000000DB
PTW: Step, level=3, pte=0xDB, pte_addr=0x80009030
PTW: Success, final_ppn=0x80001, level=3mem[X,0x00000000800017B0] -> 0x51B7
PTW: Start, vpn=0x30080001, access_type=X, privilege=Umem[R,0x0000000080009030] -> 0x00000000000000DB
PTW: Step, level=3, pte=0xDB, pte_addr=0x80009030
PTW: Success, final_ppn=0x80001, level=3mem[X,0x00000000800017B2] -> 0x0000
[2432] [U]: 0x00000300800017B0 (0x000051B7) lui x3, 0x5                             va_rvtest_code_begin+4084
x3 <- 0x0000000000005000

PTW: Start, vpn=0x30080001, access_type=X, privilege=Umem[R,0x0000000080009030] -> 0x00000000000000DB
PTW: Step, level=3, pte=0xDB, pte_addr=0x80009030
PTW: Success, final_ppn=0x80001, level=3mem[X,0x00000000800017B4] -> 0x8193
PTW: Start, vpn=0x30080001, access_type=X, privilege=Umem[R,0x0000000080009030] -> 0x00000000000000DB
PTW: Step, level=3, pte=0xDB, pte_addr=0x80009030
PTW: Success, final_ppn=0x80001, level=3mem[X,0x00000000800017B6] -> 0x6671
[2433] [U]: 0x00000300800017B4 (0x66718193) addi x3, x3, 0x667                      va_rvtest_code_begin+4088
x3 <- 0x0000000000005667

clint mtime 0x00000000000004C1 (mip.MTI <- 0b1, mip.STI <- 0b0)
PTW: Start, vpn=0x30080001, access_type=X, privilege=Umem[R,0x0000000080009030] -> 0x00000000000000DB
PTW: Step, level=3, pte=0xDB, pte_addr=0x80009030
PTW: Success, final_ppn=0x80001, level=3mem[X,0x00000000800017B8] -> 0x9193
PTW: Start, vpn=0x30080001, access_type=X, privilege=Umem[R,0x0000000080009030] -> 0x00000000000000DB
PTW: Step, level=3, pte=0xDB, pte_addr=0x80009030
PTW: Success, final_ppn=0x80001, level=3mem[X,0x00000000800017BA] -> 0x0011
[2434] [U]: 0x00000300800017B8 (0x00119193) slli x3, x3, 0x1                        va_rvtest_code_begin+4092
x3 <- 0x000000000000ACCE

PTW: Start, vpn=0x30080001, access_type=X, privilege=Umem[R,0x0000000080009030] -> 0x00000000000000DB
PTW: Step, level=3, pte=0xDB, pte_addr=0x80009030
PTW: Success, final_ppn=0x80001, level=3mem[X,0x00000000800017BC] -> 0x0013
PTW: Start, vpn=0x30080001, access_type=X, privilege=Umem[R,0x0000000080009030] -> 0x00000000000000DB
PTW: Step, level=3, pte=0xDB, pte_addr=0x80009030
PTW: Success, final_ppn=0x80001, level=3mem[X,0x00000000800017BE] -> 0x0000
[2435] [U]: 0x00000300800017BC (0x00000013) addi x0, x0, 0x0                        va_rvtest_code_begin+4096

clint mtime 0x00000000000004C2 (mip.MTI <- 0b1, mip.STI <- 0b0)
PTW: Start, vpn=0x30080001, access_type=X, privilege=Umem[R,0x0000000080009030] -> 0x00000000000000DB
PTW: Step, level=3, pte=0xDB, pte_addr=0x80009030
PTW: Success, final_ppn=0x80001, level=3mem[X,0x00000000800017C0] -> 0x0217
PTW: Start, vpn=0x30080001, access_type=X, privilege=Umem[R,0x0000000080009030] -> 0x00000000000000DB
PTW: Step, level=3, pte=0xDB, pte_addr=0x80009030
PTW: Success, final_ppn=0x80001, level=3mem[X,0x00000000800017C2] -> 0x0000
[2436] [U]: 0x00000300800017C0 (0x00000217) auipc x4, 0x0                           va_rvtest_code_begin+4100
x4 <- 0x00000300800017C0

PTW: Start, vpn=0x30080001, access_type=X, privilege=Umem[R,0x0000000080009030] -> 0x00000000000000DB
PTW: Step, level=3, pte=0xDB, pte_addr=0x80009030
PTW: Success, final_ppn=0x80001, level=3mem[X,0x00000000800017C4] -> 0x0213
PTW: Start, vpn=0x30080001, access_type=X, privilege=Umem[R,0x0000000080009030] -> 0x00000000000000DB
PTW: Step, level=3, pte=0xDB, pte_addr=0x80009030
PTW: Success, final_ppn=0x80001, level=3mem[X,0x00000000800017C6] -> 0x02C2
[2437] [U]: 0x00000300800017C4 (0x02C20213) addi x4, x4, 0x2c                       va_rvtest_code_begin+4104
x4 <- 0x00000300800017EC

clint mtime 0x00000000000004C3 (mip.MTI <- 0b1, mip.STI <- 0b0)
PTW: Start, vpn=0x30080001, access_type=X, privilege=Umem[R,0x0000000080009030] -> 0x00000000000000DB
PTW: Step, level=3, pte=0xDB, pte_addr=0x80009030
PTW: Success, final_ppn=0x80001, level=3mem[X,0x00000000800017C8] -> 0x0001
[2438] [U]: 0x00000300800017C8 (0x0001) c.nop                                       va_rvtest_code_begin+4108

PTW: Start, vpn=0x30080001, access_type=X, privilege=Umem[R,0x0000000080009030] -> 0x00000000000000DB
PTW: Step, level=3, pte=0xDB, pte_addr=0x80009030
PTW: Success, final_ppn=0x80001, level=3mem[X,0x00000000800017CA] -> 0x0013
PTW: Start, vpn=0x30080001, access_type=X, privilege=Umem[R,0x0000000080009030] -> 0x00000000000000DB
PTW: Step, level=3, pte=0xDB, pte_addr=0x80009030
PTW: Success, final_ppn=0x80001, level=3mem[X,0x00000000800017CC] -> 0x0000
[2439] [U]: 0x00000300800017CA (0x00000013) addi x0, x0, 0x0                        va_rvtest_code_begin+4110

clint mtime 0x00000000000004C4 (mip.MTI <- 0b1, mip.STI <- 0b0)
PTW: Start, vpn=0x30080001, access_type=X, privilege=Umem[R,0x0000000080009030] -> 0x00000000000000DB
PTW: Step, level=3, pte=0xDB, pte_addr=0x80009030
PTW: Success, final_ppn=0x80001, level=3mem[X,0x00000000800017CE] -> 0x0013
PTW: Start, vpn=0x30080001, access_type=X, privilege=Umem[R,0x0000000080009030] -> 0x00000000000000DB
PTW: Step, level=3, pte=0xDB, pte_addr=0x80009030
PTW: Success, final_ppn=0x80001, level=3mem[X,0x00000000800017D0] -> 0x0000
[2440] [U]: 0x00000300800017CE (0x00000013) addi x0, x0, 0x0                        va_rvtest_code_begin+4114

PTW: Start, vpn=0x30080001, access_type=X, privilege=Umem[R,0x0000000080009030] -> 0x00000000000000DB
PTW: Step, level=3, pte=0xDB, pte_addr=0x80009030
PTW: Success, final_ppn=0x80001, level=3mem[X,0x00000000800017D2] -> 0x0013
PTW: Start, vpn=0x30080001, access_type=X, privilege=Umem[R,0x0000000080009030] -> 0x00000000000000DB
PTW: Step, level=3, pte=0xDB, pte_addr=0x80009030
PTW: Success, final_ppn=0x80001, level=3mem[X,0x00000000800017D4] -> 0x0000
[2441] [U]: 0x00000300800017D2 (0x00000013) addi x0, x0, 0x0                        va_rvtest_code_begin+4118

clint mtime 0x00000000000004C5 (mip.MTI <- 0b1, mip.STI <- 0b0)
PTW: Start, vpn=0x30080001, access_type=X, privilege=Umem[R,0x0000000080009030] -> 0x00000000000000DB
PTW: Step, level=3, pte=0xDB, pte_addr=0x80009030
PTW: Success, final_ppn=0x80001, level=3mem[X,0x00000000800017D6] -> 0x0013
PTW: Start, vpn=0x30080001, access_type=X, privilege=Umem[R,0x0000000080009030] -> 0x00000000000000DB
PTW: Step, level=3, pte=0xDB, pte_addr=0x80009030
PTW: Success, final_ppn=0x80001, level=3mem[X,0x00000000800017D8] -> 0x0000
[2442] [U]: 0x00000300800017D6 (0x00000013) addi x0, x0, 0x0                        va_rvtest_code_begin+4122

PTW: Start, vpn=0x30080001, access_type=X, privilege=Umem[R,0x0000000080009030] -> 0x00000000000000DB
PTW: Step, level=3, pte=0xDB, pte_addr=0x80009030
PTW: Success, final_ppn=0x80001, level=3mem[X,0x00000000800017DA] -> 0x0013
PTW: Start, vpn=0x30080001, access_type=X, privilege=Umem[R,0x0000000080009030] -> 0x00000000000000DB
PTW: Step, level=3, pte=0xDB, pte_addr=0x80009030
PTW: Success, final_ppn=0x80001, level=3mem[X,0x00000000800017DC] -> 0x0000
[2443] [U]: 0x00000300800017DA (0x00000013) addi x0, x0, 0x0                        va_rvtest_code_begin+4126

clint mtime 0x00000000000004C6 (mip.MTI <- 0b1, mip.STI <- 0b0)
PTW: Start, vpn=0x30080001, access_type=X, privilege=Umem[R,0x0000000080009030] -> 0x00000000000000DB
PTW: Step, level=3, pte=0xDB, pte_addr=0x80009030
PTW: Success, final_ppn=0x80001, level=3mem[X,0x00000000800017DE] -> 0x0001
[2444] [U]: 0x00000300800017DE (0x0001) c.nop                                       va_rvtest_code_begin+4130

PTW: Start, vpn=0x30080001, access_type=X, privilege=Umem[R,0x0000000080009030] -> 0x00000000000000DB
PTW: Step, level=3, pte=0xDB, pte_addr=0x80009030
PTW: Success, final_ppn=0x80001, level=3mem[X,0x00000000800017E0] -> 0x80E7
PTW: Start, vpn=0x30080001, access_type=X, privilege=Umem[R,0x0000000080009030] -> 0x00000000000000DB
PTW: Step, level=3, pte=0xDB, pte_addr=0x80009030
PTW: Success, final_ppn=0x80001, level=3mem[X,0x00000000800017E2] -> 0x0007
[2445] [U]: 0x00000300800017E0 (0x000780E7) jalr x1, 0x0(x15)                       va_rvtest_code_begin+4132
x1 <- 0x00000300800017E4

clint mtime 0x00000000000004C7 (mip.MTI <- 0b1, mip.STI <- 0b0)
PTW: Start, vpn=0x28000000, access_type=X, privilege=Umem[R,0x0000000080009028] -> 0x0000000020002001
PTW: Step, level=3, pte=0x20002001, pte_addr=0x80009028
PTW: Start, vpn=0x28000000, access_type=X, privilege=Umem[R,0x0000000080008000] -> 0x0000000020001C01
PTW: Step, level=2, pte=0x20001C01, pte_addr=0x80008000
PTW: Start, vpn=0x28000000, access_type=X, privilege=Umem[R,0x0000000080007000] -> 0x00000000200002DF
PTW: Step, level=1, pte=0x200002DF, pte_addr=0x80007000
PTW: Success, final_ppn=0x80000, level=1mem[X,0x0000000080000400] -> 0x0013
mem[X,0x0000000080000402] -> 0x0000
[2446] [U]: 0x0000028000000400 (0x00000013) addi x0, x0, 0x0                        va_data+0

mem[X,0x0000000080000404] -> 0x8093
mem[X,0x0000000080000406] -> 0x0080
[2447] [U]: 0x0000028000000404 (0x00808093) addi x1, x1, 0x8                        va_data+4
x1 <- 0x00000300800017EC

clint mtime 0x00000000000004C8 (mip.MTI <- 0b1, mip.STI <- 0b0)
mem[X,0x0000000080000408] -> 0x8067
mem[X,0x000000008000040A] -> 0x0000
[2448] [U]: 0x0000028000000408 (0x00008067) jalr x0, 0x0(x1)                        va_data+8

PTW: Start, vpn=0x30080001, access_type=X, privilege=Umem[R,0x0000000080009030] -> 0x00000000000000DB
PTW: Step, level=3, pte=0xDB, pte_addr=0x80009030
PTW: Success, final_ppn=0x80001, level=3mem[X,0x00000000800017EC] -> 0x0013
PTW: Start, vpn=0x30080001, access_type=X, privilege=Umem[R,0x0000000080009030] -> 0x00000000000000DB
PTW: Step, level=3, pte=0xDB, pte_addr=0x80009030
PTW: Success, final_ppn=0x80001, level=3mem[X,0x00000000800017EE] -> 0x0000
[2449] [U]: 0x00000300800017EC (0x00000013) addi x0, x0, 0x0                        va_rvtest_code_begin+4144

clint mtime 0x00000000000004C9 (mip.MTI <- 0b1, mip.STI <- 0b0)
PTW: Start, vpn=0x30080001, access_type=X, privilege=Umem[R,0x0000000080009030] -> 0x00000000000000DB
PTW: Step, level=3, pte=0xDB, pte_addr=0x80009030
PTW: Success, final_ppn=0x80001, level=3mem[X,0x00000000800017F0] -> 0x0013
PTW: Start, vpn=0x30080001, access_type=X, privilege=Umem[R,0x0000000080009030] -> 0x00000000000000DB
PTW: Step, level=3, pte=0xDB, pte_addr=0x80009030
PTW: Success, final_ppn=0x80001, level=3mem[X,0x00000000800017F2] -> 0x0000
[2450] [U]: 0x00000300800017F0 (0x00000013) addi x0, x0, 0x0                        va_rvtest_code_begin+4148

PTW: Start, vpn=0x30080001, access_type=X, privilege=Umem[R,0x0000000080009030] -> 0x00000000000000DB
PTW: Step, level=3, pte=0xDB, pte_addr=0x80009030
PTW: Success, final_ppn=0x80001, level=3mem[X,0x00000000800017F4] -> 0x0013
PTW: Start, vpn=0x30080001, access_type=X, privilege=Umem[R,0x0000000080009030] -> 0x00000000000000DB
PTW: Step, level=3, pte=0xDB, pte_addr=0x80009030
PTW: Success, final_ppn=0x80001, level=3mem[X,0x00000000800017F6] -> 0x0000
[2451] [U]: 0x00000300800017F4 (0x00000013) addi x0, x0, 0x0                        va_rvtest_code_begin+4152

clint mtime 0x00000000000004CA (mip.MTI <- 0b1, mip.STI <- 0b0)
PTW: Start, vpn=0x30080001, access_type=X, privilege=Umem[R,0x0000000080009030] -> 0x00000000000000DB
PTW: Step, level=3, pte=0xDB, pte_addr=0x80009030
PTW: Success, final_ppn=0x80001, level=3mem[X,0x00000000800017F8] -> 0x0113
PTW: Start, vpn=0x30080001, access_type=X, privilege=Umem[R,0x0000000080009030] -> 0x00000000000000DB
PTW: Step, level=3, pte=0xDB, pte_addr=0x80009030
PTW: Success, final_ppn=0x80001, level=3mem[X,0x00000000800017FA] -> 0x0000
[2452] [U]: 0x00000300800017F8 (0x00000113) addi x2, x0, 0x0                        va_rvtest_code_begin+4156
x2 <- 0x0000000000000000

PTW: Start, vpn=0x30080001, access_type=X, privilege=Umem[R,0x0000000080009030] -> 0x00000000000000DB
PTW: Step, level=3, pte=0xDB, pte_addr=0x80009030
PTW: Success, final_ppn=0x80001, level=3mem[X,0x00000000800017FC] -> 0x0073
PTW: Start, vpn=0x30080001, access_type=X, privilege=Umem[R,0x0000000080009030] -> 0x00000000000000DB
PTW: Step, level=3, pte=0xDB, pte_addr=0x80009030
PTW: Success, final_ppn=0x80001, level=3mem[X,0x00000000800017FE] -> 0x0000
[2453] [U]: 0x00000300800017FC (0x00000073) ecall                                   va_rvtest_code_begin+4160
trapping from U to M to handle u-call
handling exc#u-call at priv M with tval 0x0000000000000000
CSR mstatus (0x300) <- 0x0000000A00000000
CSR mcause (0x342) <- 0x0000000000000008
CSR mtval (0x343) <- 0x0000000000000000
CSR mepc (0x341) <- 0x00000300800017FC

clint mtime 0x00000000000004CB (mip.MTI <- 0b1, mip.STI <- 0b0)
mem[X,0x0000000080002380] -> 0x006F
mem[X,0x0000000080002382] -> 0x1000
[2454] [M]: 0x0000000080002380 (0x1000006F) jal x0, 0x100                           Mtrampoline+0

mem[X,0x0000000080002480] -> 0x1173
mem[X,0x0000000080002482] -> 0x3401
[2455] [M]: 0x0000000080002480 (0x34011173) csrrw x2, mscratch, x2                  trap_Mhandler+0
CSR mscratch (0x340) <- 0x0000000000000000
x2 <- 0x0000000080005000

clint mtime 0x00000000000004CC (mip.MTI <- 0b1, mip.STI <- 0b0)
mem[X,0x0000000080002484] -> 0x3423
mem[X,0x0000000080002486] -> 0x28B1
[2456] [M]: 0x0000000080002484 (0x28B13423) sd x11, 0x288(x2)                       trap_Mhandler+4
mem[W,0x0000000080005288] <- 0x00000000000002DF

mem[X,0x0000000080002488] -> 0x05EF
mem[X,0x000000008000248A] -> 0x0B80
[2457] [M]: 0x0000000080002488 (0x0B8005EF) jal x11, 0xb8                           trap_Mhandler+8
x11 <- 0x000000008000248C

clint mtime 0x00000000000004CD (mip.MTI <- 0b1, mip.STI <- 0b0)
mem[X,0x0000000080002540] -> 0x3023
mem[X,0x0000000080002542] -> 0x28A1
[2458] [M]: 0x0000000080002540 (0x28A13023) sd x10, 0x280(x2)                       common_Mhandler+0
mem[W,0x0000000080005280] <- 0x00000000200002DF

mem[X,0x0000000080002544] -> 0x1573
mem[X,0x0000000080002546] -> 0x3401
[2459] [M]: 0x0000000080002544 (0x34011573) csrrw x10, mscratch, x2                 common_Mhandler+4
CSR mscratch (0x340) <- 0x0000000080005000
x10 <- 0x0000000000000000

clint mtime 0x00000000000004CE (mip.MTI <- 0b1, mip.STI <- 0b0)
mem[X,0x0000000080002548] -> 0x3823
mem[X,0x000000008000254A] -> 0x28A1
[2460] [M]: 0x0000000080002548 (0x28A13823) sd x10, 0x290(x2)                       common_Mhandler+8
mem[W,0x0000000080005290] <- 0x0000000000000000

mem[X,0x000000008000254C] -> 0x3503
mem[X,0x000000008000254E] -> 0x2301
[2461] [M]: 0x000000008000254C (0x23013503) ld x10, 0x230(x2)                       common_Mhandler+12
mem[R,0x0000000080005230] -> 0x0000000080002554
x10 <- 0x0000000080002554

clint mtime 0x00000000000004CF (mip.MTI <- 0b1, mip.STI <- 0b0)
mem[X,0x0000000080002550] -> 0x0067
mem[X,0x0000000080002552] -> 0x0005
[2462] [M]: 0x0000000080002550 (0x00050067) jalr x0, 0x0(x10)                       common_Mhandler+16

mem[X,0x0000000080002554] -> 0x3C23
mem[X,0x0000000080002556] -> 0x2691
[2463] [M]: 0x0000000080002554 (0x26913C23) sd x9, 0x278(x2)                        common_Mentry+0
mem[W,0x0000000080005278] <- 0x00000300000001BC

clint mtime 0x00000000000004D0 (mip.MTI <- 0b1, mip.STI <- 0b0)
mem[X,0x0000000080002558] -> 0x3823
mem[X,0x000000008000255A] -> 0x2681
[2464] [M]: 0x0000000080002558 (0x26813823) sd x8, 0x270(x2)                        common_Mentry+4
mem[W,0x0000000080005270] <- 0x0000000000007F76

mem[X,0x000000008000255C] -> 0x3423
mem[X,0x000000008000255E] -> 0x2671
[2465] [M]: 0x000000008000255C (0x26713423) sd x7, 0x268(x2)                        common_Mentry+8
mem[W,0x0000000080005268] <- 0x0000000080005000

clint mtime 0x00000000000004D1 (mip.MTI <- 0b1, mip.STI <- 0b0)
mem[X,0x0000000080002560] -> 0x3023
mem[X,0x0000000080002562] -> 0x2661
[2466] [M]: 0x0000000080002560 (0x26613023) sd x6, 0x260(x2)                        common_Mentry+12
mem[W,0x0000000080005260] <- 0xFFFFFFFF7FFFEA4C

mem[X,0x0000000080002564] -> 0x2573
mem[X,0x0000000080002566] -> 0x3420
[2467] [M]: 0x0000000080002564 (0x34202573) csrrs x10, mcause, x0                   spcl_M2mmode_test+0
CSR mcause (0x342) -> 0x0000000000000008
x10 <- 0x0000000000000008

clint mtime 0x00000000000004D2 (mip.MTI <- 0b1, mip.STI <- 0b0)
mem[X,0x0000000080002568] -> 0x04B7
mem[X,0x000000008000256A] -> 0x8000
[2468] [M]: 0x0000000080002568 (0x800004B7) lui x9, -0x80000                        spcl_M2mmode_test+4
x9 <- 0xFFFFFFFF80000000

mem[X,0x000000008000256C] -> 0x8493
mem[X,0x000000008000256E] -> 0x0004
[2469] [M]: 0x000000008000256C (0x00048493) addi x9, x9, 0x0                        spcl_M2mmode_test+8
x9 <- 0xFFFFFFFF80000000

clint mtime 0x00000000000004D3 (mip.MTI <- 0b1, mip.STI <- 0b0)
mem[X,0x0000000080002570] -> 0x9493
mem[X,0x0000000080002572] -> 0x00B4
[2470] [M]: 0x0000000080002570 (0x00B49493) slli x9, x9, 0xb                        spcl_M2mmode_test+12
x9 <- 0xFFFFFC0000000000

mem[X,0x0000000080002574] -> 0x8493
mem[X,0x0000000080002576] -> 0x0004
[2471] [M]: 0x0000000080002574 (0x00048493) addi x9, x9, 0x0                        spcl_M2mmode_test+16
x9 <- 0xFFFFFC0000000000

clint mtime 0x00000000000004D4 (mip.MTI <- 0b1, mip.STI <- 0b0)
mem[X,0x0000000080002578] -> 0x9493
mem[X,0x000000008000257A] -> 0x00B4
[2472] [M]: 0x0000000080002578 (0x00B49493) slli x9, x9, 0xb                        spcl_M2mmode_test+20
x9 <- 0xFFE0000000000000

mem[X,0x000000008000257C] -> 0x8493
mem[X,0x000000008000257E] -> 0x0034
[2473] [M]: 0x000000008000257C (0x00348493) addi x9, x9, 0x3                        spcl_M2mmode_test+24
x9 <- 0xFFE0000000000003

clint mtime 0x00000000000004D5 (mip.MTI <- 0b1, mip.STI <- 0b0)
mem[X,0x0000000080002580] -> 0x9493
mem[X,0x0000000080002582] -> 0x00A4
[2474] [M]: 0x0000000080002580 (0x00A49493) slli x9, x9, 0xa                        spcl_M2mmode_test+28
x9 <- 0x8000000000000C00

mem[X,0x0000000080002584] -> 0x8493
mem[X,0x0000000080002586] -> 0x3FC4
[2475] [M]: 0x0000000080002584 (0x3FC48493) addi x9, x9, 0x3fc                      spcl_M2mmode_test+32
x9 <- 0x8000000000000FFC

clint mtime 0x00000000000004D6 (mip.MTI <- 0b1, mip.STI <- 0b0)
mem[X,0x0000000080002588] -> 0xF4B3
mem[X,0x000000008000258A] -> 0x00A4
[2476] [M]: 0x0000000080002588 (0x00A4F4B3) and x9, x9, x10                         spcl_M2mmode_test+36
x9 <- 0x0000000000000008

mem[X,0x000000008000258C] -> 0x8493
mem[X,0x000000008000258E] -> 0xFF84
[2477] [M]: 0x000000008000258C (0xFF848493) addi x9, x9, -0x8                       spcl_M2mmode_test+40
x9 <- 0x0000000000000000

clint mtime 0x00000000000004D7 (mip.MTI <- 0b1, mip.STI <- 0b0)
mem[X,0x0000000080002590] -> 0x9663
mem[X,0x0000000080002592] -> 0x0004
[2478] [M]: 0x0000000080002590 (0x00049663) bne x9, x0, 0xc                         spcl_M2mmode_test+44

mem[X,0x0000000080002594] -> 0x3383
mem[X,0x0000000080002596] -> 0x2901
[2479] [M]: 0x0000000080002594 (0x29013383) ld x7, 0x290(x2)                        spcl_M2mmode_test+48
mem[R,0x0000000080005290] -> 0x0000000000000000
x7 <- 0x0000000000000000

clint mtime 0x00000000000004D8 (mip.MTI <- 0b1, mip.STI <- 0b0)
mem[X,0x0000000080002598] -> 0x8663
mem[X,0x000000008000259A] -> 0x6E03
[2480] [M]: 0x0000000080002598 (0x6E038663) beq x7, x0, 0x6ec                       spcl_M2mmode_test+52

mem[X,0x0000000080002C84] -> 0x0493
mem[X,0x0000000080002C86] -> 0xFF55
[2481] [M]: 0x0000000080002C84 (0xFF550493) addi x9, x10, -0xb                      rtn2mmode+0
x9 <- 0xFFFFFFFFFFFFFFFD

clint mtime 0x00000000000004D9 (mip.MTI <- 0b1, mip.STI <- 0b0)
mem[X,0x0000000080002C88] -> 0x8C63
mem[X,0x0000000080002C8A] -> 0x0004
[2482] [M]: 0x0000000080002C88 (0x00048C63) beq x9, x0, 0x18                        rtn2mmode+4

mem[X,0x0000000080002C8C] -> 0x3583
mem[X,0x0000000080002C8E] -> 0x4701
[2483] [M]: 0x0000000080002C8C (0x47013583) ld x11, 0x470(x2)                       rtn2mmode+8
mem[R,0x0000000080005470] -> 0x00000300800007BC
x11 <- 0x00000300800007BC

clint mtime 0x00000000000004DA (mip.MTI <- 0b1, mip.STI <- 0b0)
mem[X,0x0000000080002C90] -> 0xD463
mem[X,0x0000000080002C92] -> 0x0003
[2484] [M]: 0x0000000080002C90 (0x0003D463) bge x7, x0, 0x8                         rtn2mmode+12

mem[X,0x0000000080002C98] -> 0x3483
mem[X,0x0000000080002C9A] -> 0x1D81
[2485] [M]: 0x0000000080002C98 (0x1D813483) ld x9, 0x1d8(x2)                        from_u_s+0
mem[R,0x00000000800051D8] -> 0x00000000800007D4
x9 <- 0x00000000800007D4

clint mtime 0x00000000000004DB (mip.MTI <- 0b1, mip.STI <- 0b0)
mem[X,0x0000000080002C9C] -> 0x84B3
mem[X,0x0000000080002C9E] -> 0x40B4
[2486] [M]: 0x0000000080002C9C (0x40B484B3) sub x9, x9, x11                         from_u_s+4
x9 <- 0xFFFFFD0000000018

mem[X,0x0000000080002CA0] -> 0x23F3
mem[X,0x0000000080002CA2] -> 0x3410
[2487] [M]: 0x0000000080002CA0 (0x341023F3) csrrs x7, mepc, x0                      rtn_fm_mmode+0
CSR mepc (0x341) -> 0x00000300800017FC
x7 <- 0x00000300800017FC

clint mtime 0x00000000000004DC (mip.MTI <- 0b1, mip.STI <- 0b0)
mem[X,0x0000000080002CA4] -> 0x83B3
mem[X,0x0000000080002CA6] -> 0x0093
[2488] [M]: 0x0000000080002CA4 (0x009383B3) add x7, x7, x9                          rtn_fm_mmode+4
x7 <- 0x0000000080001814

mem[X,0x0000000080002CA8] -> 0x3303
mem[X,0x0000000080002CAA] -> 0x2601
[2489] [M]: 0x0000000080002CA8 (0x26013303) ld x6, 0x260(x2)                        rtn_fm_mmode+8
mem[R,0x0000000080005260] -> 0xFFFFFFFF7FFFEA4C
x6 <- 0xFFFFFFFF7FFFEA4C

clint mtime 0x00000000000004DD (mip.MTI <- 0b1, mip.STI <- 0b0)
mem[X,0x0000000080002CAC] -> 0x3403
mem[X,0x0000000080002CAE] -> 0x2701
[2490] [M]: 0x0000000080002CAC (0x27013403) ld x8, 0x270(x2)                        rtn_fm_mmode+12
mem[R,0x0000000080005270] -> 0x0000000000007F76
x8 <- 0x0000000000007F76

mem[X,0x0000000080002CB0] -> 0x3483
mem[X,0x0000000080002CB2] -> 0x2781
[2491] [M]: 0x0000000080002CB0 (0x27813483) ld x9, 0x278(x2)                        rtn_fm_mmode+16
mem[R,0x0000000080005278] -> 0x00000300000001BC
x9 <- 0x00000300000001BC

clint mtime 0x00000000000004DE (mip.MTI <- 0b1, mip.STI <- 0b0)
mem[X,0x0000000080002CB4] -> 0x3503
mem[X,0x0000000080002CB6] -> 0x2801
[2492] [M]: 0x0000000080002CB4 (0x28013503) ld x10, 0x280(x2)                       rtn_fm_mmode+20
mem[R,0x0000000080005280] -> 0x00000000200002DF
x10 <- 0x00000000200002DF

mem[X,0x0000000080002CB8] -> 0x3583
mem[X,0x0000000080002CBA] -> 0x2881
[2493] [M]: 0x0000000080002CB8 (0x28813583) ld x11, 0x288(x2)                       rtn_fm_mmode+24
mem[R,0x0000000080005288] -> 0x00000000000002DF
x11 <- 0x00000000000002DF

clint mtime 0x00000000000004DF (mip.MTI <- 0b1, mip.STI <- 0b0)
mem[X,0x0000000080002CBC] -> 0x3103
mem[X,0x0000000080002CBE] -> 0x2901
[2494] [M]: 0x0000000080002CBC (0x29013103) ld x2, 0x290(x2)                        rtn_fm_mmode+28
mem[R,0x0000000080005290] -> 0x0000000000000000
x2 <- 0x0000000000000000

mem[X,0x0000000080002CC0] -> 0x8067
mem[X,0x0000000080002CC2] -> 0x0043
[2495] [M]: 0x0000000080002CC0 (0x00438067) jalr x0, 0x4(x7)                        rtn_fm_mmode+32

clint mtime 0x00000000000004E0 (mip.MTI <- 0b1, mip.STI <- 0b0)
mem[X,0x0000000080001818] -> 0x0013
mem[X,0x000000008000181A] -> 0x0000
[2496] [M]: 0x0000000080001818 (0x00000013) addi x0, x0, 0x0                        main+4120

mem[X,0x000000008000181C] -> 0x0013
mem[X,0x000000008000181E] -> 0x0000
[2497] [M]: 0x000000008000181C (0x00000013) addi x0, x0, 0x0                        main+4124

clint mtime 0x00000000000004E1 (mip.MTI <- 0b1, mip.STI <- 0b0)
mem[X,0x0000000080001820] -> 0x6517
mem[X,0x0000000080001822] -> 0x0000
[2498] [M]: 0x0000000080001820 (0x00006517) auipc x10, 0x6                          main+4128
x10 <- 0x0000000080007820

mem[X,0x0000000080001824] -> 0x0513
mem[X,0x0000000080001826] -> 0x7E05
[2499] [M]: 0x0000000080001824 (0x7E050513) addi x10, x10, 0x7e0                    main+4132
x10 <- 0x0000000080008000

clint mtime 0x00000000000004E2 (mip.MTI <- 0b1, mip.STI <- 0b0)
mem[X,0x0000000080001828] -> 0x0001
[2500] [M]: 0x0000000080001828 (0x0001) c.nop                                       main+4136

mem[X,0x000000008000182A] -> 0x0013
mem[X,0x000000008000182C] -> 0x0000
[2501] [M]: 0x000000008000182A (0x00000013) addi x0, x0, 0x0                        main+4138

clint mtime 0x00000000000004E3 (mip.MTI <- 0b1, mip.STI <- 0b0)
mem[X,0x000000008000182E] -> 0x0013
mem[X,0x0000000080001830] -> 0x0000
[2502] [M]: 0x000000008000182E (0x00000013) addi x0, x0, 0x0                        main+4142

mem[X,0x0000000080001832] -> 0x0013
mem[X,0x0000000080001834] -> 0x0000
[2503] [M]: 0x0000000080001832 (0x00000013) addi x0, x0, 0x0                        main+4146

clint mtime 0x00000000000004E4 (mip.MTI <- 0b1, mip.STI <- 0b0)
mem[X,0x0000000080001836] -> 0x0013
mem[X,0x0000000080001838] -> 0x0000
[2504] [M]: 0x0000000080001836 (0x00000013) addi x0, x0, 0x0                        main+4150

mem[X,0x000000008000183A] -> 0x0013
mem[X,0x000000008000183C] -> 0x0000
[2505] [M]: 0x000000008000183A (0x00000013) addi x0, x0, 0x0                        main+4154

clint mtime 0x00000000000004E5 (mip.MTI <- 0b1, mip.STI <- 0b0)
mem[X,0x000000008000183E] -> 0x0001
[2506] [M]: 0x000000008000183E (0x0001) c.nop                                       main+4158

mem[X,0x0000000080001840] -> 0x0593
mem[X,0x0000000080001842] -> 0x0010
[2507] [M]: 0x0000000080001840 (0x00100593) addi x11, x0, 0x1                       main+4160
x11 <- 0x0000000000000001

clint mtime 0x00000000000004E6 (mip.MTI <- 0b1, mip.STI <- 0b0)
mem[X,0x0000000080001844] -> 0x5513
mem[X,0x0000000080001846] -> 0x00C5
[2508] [M]: 0x0000000080001844 (0x00C55513) srli x10, x10, 0xc                      main+4164
x10 <- 0x0000000000080008

mem[X,0x0000000080001848] -> 0x1513
mem[X,0x000000008000184A] -> 0x00A5
[2509] [M]: 0x0000000080001848 (0x00A51513) slli x10, x10, 0xa                      main+4168
x10 <- 0x0000000020002000

clint mtime 0x00000000000004E7 (mip.MTI <- 0b1, mip.STI <- 0b0)
mem[X,0x000000008000184C] -> 0x6533
mem[X,0x000000008000184E] -> 0x00B5
[2510] [M]: 0x000000008000184C (0x00B56533) or x10, x10, x11                        main+4172
x10 <- 0x0000000020002001

mem[X,0x0000000080001850] -> 0x0013
mem[X,0x0000000080001852] -> 0x0000
[2511] [M]: 0x0000000080001850 (0x00000013) addi x0, x0, 0x0                        main+4176

clint mtime 0x00000000000004E8 (mip.MTI <- 0b1, mip.STI <- 0b0)
mem[X,0x0000000080001854] -> 0x0013
mem[X,0x0000000080001856] -> 0x0000
[2512] [M]: 0x0000000080001854 (0x00000013) addi x0, x0, 0x0                        main+4180

mem[X,0x0000000080001858] -> 0x0013
mem[X,0x000000008000185A] -> 0x0000
[2513] [M]: 0x0000000080001858 (0x00000013) addi x0, x0, 0x0                        main+4184

clint mtime 0x00000000000004E9 (mip.MTI <- 0b1, mip.STI <- 0b0)
mem[X,0x000000008000185C] -> 0x0013
mem[X,0x000000008000185E] -> 0x0000
[2514] [M]: 0x000000008000185C (0x00000013) addi x0, x0, 0x0                        main+4188

mem[X,0x0000000080001860] -> 0x7317
mem[X,0x0000000080001862] -> 0x0000
[2515] [M]: 0x0000000080001860 (0x00007317) auipc x6, 0x7                           main+4192
x6 <- 0x0000000080008860

clint mtime 0x00000000000004EA (mip.MTI <- 0b1, mip.STI <- 0b0)
mem[X,0x0000000080001864] -> 0x0313
mem[X,0x0000000080001866] -> 0x7A03
[2516] [M]: 0x0000000080001864 (0x7A030313) addi x6, x6, 0x7a0                      main+4196
x6 <- 0x0000000080009000

mem[X,0x0000000080001868] -> 0x0001
[2517] [M]: 0x0000000080001868 (0x0001) c.nop                                       main+4200

clint mtime 0x00000000000004EB (mip.MTI <- 0b1, mip.STI <- 0b0)
mem[X,0x000000008000186A] -> 0x0013
mem[X,0x000000008000186C] -> 0x0000
[2518] [M]: 0x000000008000186A (0x00000013) addi x0, x0, 0x0                        main+4202

mem[X,0x000000008000186E] -> 0x0013
mem[X,0x0000000080001870] -> 0x0000
[2519] [M]: 0x000000008000186E (0x00000013) addi x0, x0, 0x0                        main+4206

clint mtime 0x00000000000004EC (mip.MTI <- 0b1, mip.STI <- 0b0)
mem[X,0x0000000080001872] -> 0x0013
mem[X,0x0000000080001874] -> 0x0000
[2520] [M]: 0x0000000080001872 (0x00000013) addi x0, x0, 0x0                        main+4210

mem[X,0x0000000080001876] -> 0x0013
mem[X,0x0000000080001878] -> 0x0000
[2521] [M]: 0x0000000080001876 (0x00000013) addi x0, x0, 0x0                        main+4214

clint mtime 0x00000000000004ED (mip.MTI <- 0b1, mip.STI <- 0b0)
mem[X,0x000000008000187A] -> 0x0013
mem[X,0x000000008000187C] -> 0x0000
[2522] [M]: 0x000000008000187A (0x00000013) addi x0, x0, 0x0                        main+4218

mem[X,0x000000008000187E] -> 0x0001
[2523] [M]: 0x000000008000187E (0x0001) c.nop                                       main+4222

clint mtime 0x00000000000004EE (mip.MTI <- 0b1, mip.STI <- 0b0)
mem[X,0x0000000080001880] -> 0x0293
mem[X,0x0000000080001882] -> 0x0280
[2524] [M]: 0x0000000080001880 (0x02800293) addi x5, x0, 0x28                       main+4224
x5 <- 0x0000000000000028

mem[X,0x0000000080001884] -> 0x0333
mem[X,0x0000000080001886] -> 0x0053
[2525] [M]: 0x0000000080001884 (0x00530333) add x6, x6, x5                          main+4228
x6 <- 0x0000000080009028

clint mtime 0x00000000000004EF (mip.MTI <- 0b1, mip.STI <- 0b0)
mem[X,0x0000000080001888] -> 0x3023
mem[X,0x000000008000188A] -> 0x00A3
[2526] [M]: 0x0000000080001888 (0x00A33023) sd x10, 0x0(x6)                         main+4232
mem[W,0x0000000080009028] <- 0x0000000020002001

mem[X,0x000000008000188C] -> 0x0013
mem[X,0x000000008000188E] -> 0x0000
[2527] [M]: 0x000000008000188C (0x00000013) addi x0, x0, 0x0                        main+4236

clint mtime 0x00000000000004F0 (mip.MTI <- 0b1, mip.STI <- 0b0)
mem[X,0x0000000080001890] -> 0x0013
mem[X,0x0000000080001892] -> 0x0000
[2528] [M]: 0x0000000080001890 (0x00000013) addi x0, x0, 0x0                        main+4240

mem[X,0x0000000080001894] -> 0x0013
mem[X,0x0000000080001896] -> 0x0000
[2529] [M]: 0x0000000080001894 (0x00000013) addi x0, x0, 0x0                        main+4244

clint mtime 0x00000000000004F1 (mip.MTI <- 0b1, mip.STI <- 0b0)
mem[X,0x0000000080001898] -> 0x0013
mem[X,0x000000008000189A] -> 0x0000
[2530] [M]: 0x0000000080001898 (0x00000013) addi x0, x0, 0x0                        main+4248

mem[X,0x000000008000189C] -> 0x0013
mem[X,0x000000008000189E] -> 0x0000
[2531] [M]: 0x000000008000189C (0x00000013) addi x0, x0, 0x0                        main+4252

clint mtime 0x00000000000004F2 (mip.MTI <- 0b1, mip.STI <- 0b0)
mem[X,0x00000000800018A0] -> 0x5517
mem[X,0x00000000800018A2] -> 0x0000
[2532] [M]: 0x00000000800018A0 (0x00005517) auipc x10, 0x5                          main+4256
x10 <- 0x00000000800068A0

mem[X,0x00000000800018A4] -> 0x0513
mem[X,0x00000000800018A6] -> 0x7605
[2533] [M]: 0x00000000800018A4 (0x76050513) addi x10, x10, 0x760                    main+4260
x10 <- 0x0000000080007000

clint mtime 0x00000000000004F3 (mip.MTI <- 0b1, mip.STI <- 0b0)
mem[X,0x00000000800018A8] -> 0x0001
[2534] [M]: 0x00000000800018A8 (0x0001) c.nop                                       main+4264

mem[X,0x00000000800018AA] -> 0x0013
mem[X,0x00000000800018AC] -> 0x0000
[2535] [M]: 0x00000000800018AA (0x00000013) addi x0, x0, 0x0                        main+4266

clint mtime 0x00000000000004F4 (mip.MTI <- 0b1, mip.STI <- 0b0)
mem[X,0x00000000800018AE] -> 0x0013
mem[X,0x00000000800018B0] -> 0x0000
[2536] [M]: 0x00000000800018AE (0x00000013) addi x0, x0, 0x0                        main+4270

mem[X,0x00000000800018B2] -> 0x0013
mem[X,0x00000000800018B4] -> 0x0000
[2537] [M]: 0x00000000800018B2 (0x00000013) addi x0, x0, 0x0                        main+4274

clint mtime 0x00000000000004F5 (mip.MTI <- 0b1, mip.STI <- 0b0)
mem[X,0x00000000800018B6] -> 0x0013
mem[X,0x00000000800018B8] -> 0x0000
[2538] [M]: 0x00000000800018B6 (0x00000013) addi x0, x0, 0x0                        main+4278

mem[X,0x00000000800018BA] -> 0x0013
mem[X,0x00000000800018BC] -> 0x0000
[2539] [M]: 0x00000000800018BA (0x00000013) addi x0, x0, 0x0                        main+4282

clint mtime 0x00000000000004F6 (mip.MTI <- 0b1, mip.STI <- 0b0)
mem[X,0x00000000800018BE] -> 0x0001
[2540] [M]: 0x00000000800018BE (0x0001) c.nop                                       main+4286

mem[X,0x00000000800018C0] -> 0x0593
mem[X,0x00000000800018C2] -> 0x0010
[2541] [M]: 0x00000000800018C0 (0x00100593) addi x11, x0, 0x1                       main+4288
x11 <- 0x0000000000000001

clint mtime 0x00000000000004F7 (mip.MTI <- 0b1, mip.STI <- 0b0)
mem[X,0x00000000800018C4] -> 0x5513
mem[X,0x00000000800018C6] -> 0x00C5
[2542] [M]: 0x00000000800018C4 (0x00C55513) srli x10, x10, 0xc                      main+4292
x10 <- 0x0000000000080007

mem[X,0x00000000800018C8] -> 0x1513
mem[X,0x00000000800018CA] -> 0x00A5
[2543] [M]: 0x00000000800018C8 (0x00A51513) slli x10, x10, 0xa                      main+4296
x10 <- 0x0000000020001C00

clint mtime 0x00000000000004F8 (mip.MTI <- 0b1, mip.STI <- 0b0)
mem[X,0x00000000800018CC] -> 0x6533
mem[X,0x00000000800018CE] -> 0x00B5
[2544] [M]: 0x00000000800018CC (0x00B56533) or x10, x10, x11                        main+4300
x10 <- 0x0000000020001C01

mem[X,0x00000000800018D0] -> 0x0013
mem[X,0x00000000800018D2] -> 0x0000
[2545] [M]: 0x00000000800018D0 (0x00000013) addi x0, x0, 0x0                        main+4304

clint mtime 0x00000000000004F9 (mip.MTI <- 0b1, mip.STI <- 0b0)
mem[X,0x00000000800018D4] -> 0x0013
mem[X,0x00000000800018D6] -> 0x0000
[2546] [M]: 0x00000000800018D4 (0x00000013) addi x0, x0, 0x0                        main+4308

mem[X,0x00000000800018D8] -> 0x0013
mem[X,0x00000000800018DA] -> 0x0000
[2547] [M]: 0x00000000800018D8 (0x00000013) addi x0, x0, 0x0                        main+4312

clint mtime 0x00000000000004FA (mip.MTI <- 0b1, mip.STI <- 0b0)
mem[X,0x00000000800018DC] -> 0x0013
mem[X,0x00000000800018DE] -> 0x0000
[2548] [M]: 0x00000000800018DC (0x00000013) addi x0, x0, 0x0                        main+4316

mem[X,0x00000000800018E0] -> 0x6317
mem[X,0x00000000800018E2] -> 0x0000
[2549] [M]: 0x00000000800018E0 (0x00006317) auipc x6, 0x6                           main+4320
x6 <- 0x00000000800078E0

clint mtime 0x00000000000004FB (mip.MTI <- 0b1, mip.STI <- 0b0)
mem[X,0x00000000800018E4] -> 0x0313
mem[X,0x00000000800018E6] -> 0x7203
[2550] [M]: 0x00000000800018E4 (0x72030313) addi x6, x6, 0x720                      main+4324
x6 <- 0x0000000080008000

mem[X,0x00000000800018E8] -> 0x0001
[2551] [M]: 0x00000000800018E8 (0x0001) c.nop                                       main+4328

clint mtime 0x00000000000004FC (mip.MTI <- 0b1, mip.STI <- 0b0)
mem[X,0x00000000800018EA] -> 0x0013
mem[X,0x00000000800018EC] -> 0x0000
[2552] [M]: 0x00000000800018EA (0x00000013) addi x0, x0, 0x0                        main+4330

mem[X,0x00000000800018EE] -> 0x0013
mem[X,0x00000000800018F0] -> 0x0000
[2553] [M]: 0x00000000800018EE (0x00000013) addi x0, x0, 0x0                        main+4334

clint mtime 0x00000000000004FD (mip.MTI <- 0b1, mip.STI <- 0b0)
mem[X,0x00000000800018F2] -> 0x0013
mem[X,0x00000000800018F4] -> 0x0000
[2554] [M]: 0x00000000800018F2 (0x00000013) addi x0, x0, 0x0                        main+4338

mem[X,0x00000000800018F6] -> 0x0013
mem[X,0x00000000800018F8] -> 0x0000
[2555] [M]: 0x00000000800018F6 (0x00000013) addi x0, x0, 0x0                        main+4342

clint mtime 0x00000000000004FE (mip.MTI <- 0b1, mip.STI <- 0b0)
mem[X,0x00000000800018FA] -> 0x0013
mem[X,0x00000000800018FC] -> 0x0000
[2556] [M]: 0x00000000800018FA (0x00000013) addi x0, x0, 0x0                        main+4346

mem[X,0x00000000800018FE] -> 0x0001
[2557] [M]: 0x00000000800018FE (0x0001) c.nop                                       main+4350

clint mtime 0x00000000000004FF (mip.MTI <- 0b1, mip.STI <- 0b0)
mem[X,0x0000000080001900] -> 0x0293
mem[X,0x0000000080001902] -> 0x0000
[2558] [M]: 0x0000000080001900 (0x00000293) addi x5, x0, 0x0                        main+4352
x5 <- 0x0000000000000000

mem[X,0x0000000080001904] -> 0x0333
mem[X,0x0000000080001906] -> 0x0053
[2559] [M]: 0x0000000080001904 (0x00530333) add x6, x6, x5                          main+4356
x6 <- 0x0000000080008000

clint mtime 0x0000000000000500 (mip.MTI <- 0b1, mip.STI <- 0b0)
mem[X,0x0000000080001908] -> 0x3023
mem[X,0x000000008000190A] -> 0x00A3
[2560] [M]: 0x0000000080001908 (0x00A33023) sd x10, 0x0(x6)                         main+4360
mem[W,0x0000000080008000] <- 0x0000000020001C01

mem[X,0x000000008000190C] -> 0x0013
mem[X,0x000000008000190E] -> 0x0000
[2561] [M]: 0x000000008000190C (0x00000013) addi x0, x0, 0x0                        main+4364

clint mtime 0x0000000000000501 (mip.MTI <- 0b1, mip.STI <- 0b0)
mem[X,0x0000000080001910] -> 0x0013
mem[X,0x0000000080001912] -> 0x0000
[2562] [M]: 0x0000000080001910 (0x00000013) addi x0, x0, 0x0                        main+4368

mem[X,0x0000000080001914] -> 0x0013
mem[X,0x0000000080001916] -> 0x0000
[2563] [M]: 0x0000000080001914 (0x00000013) addi x0, x0, 0x0                        main+4372

clint mtime 0x0000000000000502 (mip.MTI <- 0b1, mip.STI <- 0b0)
mem[X,0x0000000080001918] -> 0x0013
mem[X,0x000000008000191A] -> 0x0000
[2564] [M]: 0x0000000080001918 (0x00000013) addi x0, x0, 0x0                        main+4376

mem[X,0x000000008000191C] -> 0x0013
mem[X,0x000000008000191E] -> 0x0000
[2565] [M]: 0x000000008000191C (0x00000013) addi x0, x0, 0x0                        main+4380

clint mtime 0x0000000000000503 (mip.MTI <- 0b1, mip.STI <- 0b0)
mem[X,0x0000000080001920] -> 0xF517
mem[X,0x0000000080001922] -> 0xFFFF
[2566] [M]: 0x0000000080001920 (0xFFFFF517) auipc x10, -0x1                         main+4384
x10 <- 0x0000000080000920

mem[X,0x0000000080001924] -> 0x0513
mem[X,0x0000000080001926] -> 0xAE05
[2567] [M]: 0x0000000080001924 (0xAE050513) addi x10, x10, -0x520                   main+4388
x10 <- 0x0000000080000400

clint mtime 0x0000000000000504 (mip.MTI <- 0b1, mip.STI <- 0b0)
mem[X,0x0000000080001928] -> 0x0001
[2568] [M]: 0x0000000080001928 (0x0001) c.nop                                       main+4392

mem[X,0x000000008000192A] -> 0x0013
mem[X,0x000000008000192C] -> 0x0000
[2569] [M]: 0x000000008000192A (0x00000013) addi x0, x0, 0x0                        main+4394

clint mtime 0x0000000000000505 (mip.MTI <- 0b1, mip.STI <- 0b0)
mem[X,0x000000008000192E] -> 0x0013
mem[X,0x0000000080001930] -> 0x0000
[2570] [M]: 0x000000008000192E (0x00000013) addi x0, x0, 0x0                        main+4398

mem[X,0x0000000080001932] -> 0x0013
mem[X,0x0000000080001934] -> 0x0000
[2571] [M]: 0x0000000080001932 (0x00000013) addi x0, x0, 0x0                        main+4402

clint mtime 0x0000000000000506 (mip.MTI <- 0b1, mip.STI <- 0b0)
mem[X,0x0000000080001936] -> 0x0013
mem[X,0x0000000080001938] -> 0x0000
[2572] [M]: 0x0000000080001936 (0x00000013) addi x0, x0, 0x0                        main+4406

mem[X,0x000000008000193A] -> 0x0013
mem[X,0x000000008000193C] -> 0x0000
[2573] [M]: 0x000000008000193A (0x00000013) addi x0, x0, 0x0                        main+4410

clint mtime 0x0000000000000507 (mip.MTI <- 0b1, mip.STI <- 0b0)
mem[X,0x000000008000193E] -> 0x0001
[2574] [M]: 0x000000008000193E (0x0001) c.nop                                       main+4414

mem[X,0x0000000080001940] -> 0x0593
mem[X,0x0000000080001942] -> 0x3DF0
[2575] [M]: 0x0000000080001940 (0x3DF00593) addi x11, x0, 0x3df                     main+4416
x11 <- 0x00000000000003DF

clint mtime 0x0000000000000508 (mip.MTI <- 0b1, mip.STI <- 0b0)
mem[X,0x0000000080001944] -> 0x5513
mem[X,0x0000000080001946] -> 0x00C5
[2576] [M]: 0x0000000080001944 (0x00C55513) srli x10, x10, 0xc                      main+4420
x10 <- 0x0000000000080000

mem[X,0x0000000080001948] -> 0x1513
mem[X,0x000000008000194A] -> 0x00A5
[2577] [M]: 0x0000000080001948 (0x00A51513) slli x10, x10, 0xa                      main+4424
x10 <- 0x0000000020000000

clint mtime 0x0000000000000509 (mip.MTI <- 0b1, mip.STI <- 0b0)
mem[X,0x000000008000194C] -> 0x6533
mem[X,0x000000008000194E] -> 0x00B5
[2578] [M]: 0x000000008000194C (0x00B56533) or x10, x10, x11                        main+4428
x10 <- 0x00000000200003DF

mem[X,0x0000000080001950] -> 0x0013
mem[X,0x0000000080001952] -> 0x0000
[2579] [M]: 0x0000000080001950 (0x00000013) addi x0, x0, 0x0                        main+4432

clint mtime 0x000000000000050A (mip.MTI <- 0b1, mip.STI <- 0b0)
mem[X,0x0000000080001954] -> 0x0013
mem[X,0x0000000080001956] -> 0x0000
[2580] [M]: 0x0000000080001954 (0x00000013) addi x0, x0, 0x0                        main+4436

mem[X,0x0000000080001958] -> 0x0013
mem[X,0x000000008000195A] -> 0x0000
[2581] [M]: 0x0000000080001958 (0x00000013) addi x0, x0, 0x0                        main+4440

clint mtime 0x000000000000050B (mip.MTI <- 0b1, mip.STI <- 0b0)
mem[X,0x000000008000195C] -> 0x0013
mem[X,0x000000008000195E] -> 0x0000
[2582] [M]: 0x000000008000195C (0x00000013) addi x0, x0, 0x0                        main+4444

mem[X,0x0000000080001960] -> 0x5317
mem[X,0x0000000080001962] -> 0x0000
[2583] [M]: 0x0000000080001960 (0x00005317) auipc x6, 0x5                           main+4448
x6 <- 0x0000000080006960

clint mtime 0x000000000000050C (mip.MTI <- 0b1, mip.STI <- 0b0)
mem[X,0x0000000080001964] -> 0x0313
mem[X,0x0000000080001966] -> 0x6A03
[2584] [M]: 0x0000000080001964 (0x6A030313) addi x6, x6, 0x6a0                      main+4452
x6 <- 0x0000000080007000

mem[X,0x0000000080001968] -> 0x0001
[2585] [M]: 0x0000000080001968 (0x0001) c.nop                                       main+4456

clint mtime 0x000000000000050D (mip.MTI <- 0b1, mip.STI <- 0b0)
mem[X,0x000000008000196A] -> 0x0013
mem[X,0x000000008000196C] -> 0x0000
[2586] [M]: 0x000000008000196A (0x00000013) addi x0, x0, 0x0                        main+4458

mem[X,0x000000008000196E] -> 0x0013
mem[X,0x0000000080001970] -> 0x0000
[2587] [M]: 0x000000008000196E (0x00000013) addi x0, x0, 0x0                        main+4462

clint mtime 0x000000000000050E (mip.MTI <- 0b1, mip.STI <- 0b0)
mem[X,0x0000000080001972] -> 0x0013
mem[X,0x0000000080001974] -> 0x0000
[2588] [M]: 0x0000000080001972 (0x00000013) addi x0, x0, 0x0                        main+4466

mem[X,0x0000000080001976] -> 0x0013
mem[X,0x0000000080001978] -> 0x0000
[2589] [M]: 0x0000000080001976 (0x00000013) addi x0, x0, 0x0                        main+4470

clint mtime 0x000000000000050F (mip.MTI <- 0b1, mip.STI <- 0b0)
mem[X,0x000000008000197A] -> 0x0013
mem[X,0x000000008000197C] -> 0x0000
[2590] [M]: 0x000000008000197A (0x00000013) addi x0, x0, 0x0                        main+4474

mem[X,0x000000008000197E] -> 0x0001
[2591] [M]: 0x000000008000197E (0x0001) c.nop                                       main+4478

clint mtime 0x0000000000000510 (mip.MTI <- 0b1, mip.STI <- 0b0)
mem[X,0x0000000080001980] -> 0x0293
mem[X,0x0000000080001982] -> 0x0000
[2592] [M]: 0x0000000080001980 (0x00000293) addi x5, x0, 0x0                        main+4480
x5 <- 0x0000000000000000

mem[X,0x0000000080001984] -> 0x0333
mem[X,0x0000000080001986] -> 0x0053
[2593] [M]: 0x0000000080001984 (0x00530333) add x6, x6, x5                          main+4484
x6 <- 0x0000000080007000

clint mtime 0x0000000000000511 (mip.MTI <- 0b1, mip.STI <- 0b0)
mem[X,0x0000000080001988] -> 0x3023
mem[X,0x000000008000198A] -> 0x00A3
[2594] [M]: 0x0000000080001988 (0x00A33023) sd x10, 0x0(x6)                         main+4488
mem[W,0x0000000080007000] <- 0x00000000200003DF

mem[X,0x000000008000198C] -> 0x0073
mem[X,0x000000008000198E] -> 0x1200
[2595] [M]: 0x000000008000198C (0x12000073) sfence.vma x0, x0                       main+4492

clint mtime 0x0000000000000512 (mip.MTI <- 0b1, mip.STI <- 0b0)
mem[X,0x0000000080001990] -> 0x0493
mem[X,0x0000000080001992] -> 0x0010
[2596] [M]: 0x0000000080001990 (0x00100493) addi x9, x0, 0x1                        main+4496
x9 <- 0x0000000000000001

mem[X,0x0000000080001994] -> 0x9493
mem[X,0x0000000080001996] -> 0x00B4
[2597] [M]: 0x0000000080001994 (0x00B49493) slli x9, x9, 0xb                        main+4500
x9 <- 0x0000000000000800

clint mtime 0x0000000000000513 (mip.MTI <- 0b1, mip.STI <- 0b0)
mem[X,0x0000000080001998] -> 0xB073
mem[X,0x000000008000199A] -> 0x3004
[2598] [M]: 0x0000000080001998 (0x3004B073) csrrc x0, mstatus, x9                   main+4504
CSR mstatus (0x300) <- 0x0000000A00000000

mem[X,0x000000008000199C] -> 0x23F3
mem[X,0x000000008000199E] -> 0x3400
[2599] [M]: 0x000000008000199C (0x340023F3) csrrs x7, mscratch, x0                  main+4508
CSR mscratch (0x340) -> 0x0000000080005000
x7 <- 0x0000000080005000

clint mtime 0x0000000000000514 (mip.MTI <- 0b1, mip.STI <- 0b0)
mem[X,0x00000000800019A0] -> 0xB303
mem[X,0x00000000800019A2] -> 0x4703
[2600] [M]: 0x00000000800019A0 (0x4703B303) ld x6, 0x470(x7)                        main+4512
mem[R,0x0000000080005470] -> 0x00000300800007BC
x6 <- 0x00000300800007BC

mem[X,0x00000000800019A4] -> 0xB483
mem[X,0x00000000800019A6] -> 0x1D83
[2601] [M]: 0x00000000800019A4 (0x1D83B483) ld x9, 0x1d8(x7)                        main+4516
mem[R,0x00000000800051D8] -> 0x00000000800007D4
x9 <- 0x00000000800007D4

clint mtime 0x0000000000000515 (mip.MTI <- 0b1, mip.STI <- 0b0)
mem[X,0x00000000800019A8] -> 0x0333
mem[X,0x00000000800019AA] -> 0x4093
[2602] [M]: 0x00000000800019A8 (0x40930333) sub x6, x6, x9                          main+4520
x6 <- 0x000002FFFFFFFFE8

mem[X,0x00000000800019AC] -> 0x0313
mem[X,0x00000000800019AE] -> 0x0103
[2603] [M]: 0x00000000800019AC (0x01030313) addi x6, x6, 0x10                       main+4524
x6 <- 0x000002FFFFFFFFF8

clint mtime 0x0000000000000516 (mip.MTI <- 0b1, mip.STI <- 0b0)
mem[X,0x00000000800019B0] -> 0x0497
mem[X,0x00000000800019B2] -> 0x0000
[2604] [M]: 0x00000000800019B0 (0x00000497) auipc x9, 0x0                           main+4528
x9 <- 0x00000000800019B0

mem[X,0x00000000800019B4] -> 0x84B3
mem[X,0x00000000800019B6] -> 0x0064
[2605] [M]: 0x00000000800019B4 (0x006484B3) add x9, x9, x6                          main+4532
x9 <- 0x00000300800019A8

clint mtime 0x0000000000000517 (mip.MTI <- 0b1, mip.STI <- 0b0)
mem[X,0x00000000800019B8] -> 0x94F3
mem[X,0x00000000800019BA] -> 0x3414
[2606] [M]: 0x00000000800019B8 (0x341494F3) csrrw x9, mepc, x9                      main+4536
CSR mepc (0x341) <- 0x00000300800019A8
x9 <- 0x00000300800017FC

mem[X,0x00000000800019BC] -> 0x0073
mem[X,0x00000000800019BE] -> 0x3020
[2607] [M]: 0x00000000800019BC (0x30200073) mret                                    main+4540
CSR mstatus (0x300) <- 0x0000000A00000080
ret-ing from M to U

clint mtime 0x0000000000000518 (mip.MTI <- 0b1, mip.STI <- 0b0)
PTW: Start, vpn=0x30080001, access_type=X, privilege=Umem[R,0x0000000080009030] -> 0x00000000000000DB
PTW: Step, level=3, pte=0xDB, pte_addr=0x80009030
PTW: Success, final_ppn=0x80001, level=3mem[X,0x00000000800019A8] -> 0x0333
PTW: Start, vpn=0x30080001, access_type=X, privilege=Umem[R,0x0000000080009030] -> 0x00000000000000DB
PTW: Step, level=3, pte=0xDB, pte_addr=0x80009030
PTW: Success, final_ppn=0x80001, level=3mem[X,0x00000000800019AA] -> 0x4093
[2608] [U]: 0x00000300800019A8 (0x40930333) sub x6, x6, x9                          va_rvtest_code_begin+4588
x6 <- 0xFFFFFFFF7FFFE7FC

PTW: Start, vpn=0x30080001, access_type=X, privilege=Umem[R,0x0000000080009030] -> 0x00000000000000DB
PTW: Step, level=3, pte=0xDB, pte_addr=0x80009030
PTW: Success, final_ppn=0x80001, level=3mem[X,0x00000000800019AC] -> 0x0313
PTW: Start, vpn=0x30080001, access_type=X, privilege=Umem[R,0x0000000080009030] -> 0x00000000000000DB
PTW: Step, level=3, pte=0xDB, pte_addr=0x80009030
PTW: Success, final_ppn=0x80001, level=3mem[X,0x00000000800019AE] -> 0x0103
[2609] [U]: 0x00000300800019AC (0x01030313) addi x6, x6, 0x10                       va_rvtest_code_begin+4592
x6 <- 0xFFFFFFFF7FFFE80C

clint mtime 0x0000000000000519 (mip.MTI <- 0b1, mip.STI <- 0b0)
PTW: Start, vpn=0x30080001, access_type=X, privilege=Umem[R,0x0000000080009030] -> 0x00000000000000DB
PTW: Step, level=3, pte=0xDB, pte_addr=0x80009030
PTW: Success, final_ppn=0x80001, level=3mem[X,0x00000000800019B0] -> 0x0497
PTW: Start, vpn=0x30080001, access_type=X, privilege=Umem[R,0x0000000080009030] -> 0x00000000000000DB
PTW: Step, level=3, pte=0xDB, pte_addr=0x80009030
PTW: Success, final_ppn=0x80001, level=3mem[X,0x00000000800019B2] -> 0x0000
[2610] [U]: 0x00000300800019B0 (0x00000497) auipc x9, 0x0                           va_rvtest_code_begin+4596
x9 <- 0x00000300800019B0

PTW: Start, vpn=0x30080001, access_type=X, privilege=Umem[R,0x0000000080009030] -> 0x00000000000000DB
PTW: Step, level=3, pte=0xDB, pte_addr=0x80009030
PTW: Success, final_ppn=0x80001, level=3mem[X,0x00000000800019B4] -> 0x84B3
PTW: Start, vpn=0x30080001, access_type=X, privilege=Umem[R,0x0000000080009030] -> 0x00000000000000DB
PTW: Step, level=3, pte=0xDB, pte_addr=0x80009030
PTW: Success, final_ppn=0x80001, level=3mem[X,0x00000000800019B6] -> 0x0064
[2611] [U]: 0x00000300800019B4 (0x006484B3) add x9, x9, x6                          va_rvtest_code_begin+4600
x9 <- 0x00000300000001BC

clint mtime 0x000000000000051A (mip.MTI <- 0b1, mip.STI <- 0b0)
PTW: Start, vpn=0x30080001, access_type=X, privilege=Umem[R,0x0000000080009030] -> 0x00000000000000DB
PTW: Step, level=3, pte=0xDB, pte_addr=0x80009030
PTW: Success, final_ppn=0x80001, level=3mem[X,0x00000000800019B8] -> 0x94F3
PTW: Start, vpn=0x30080001, access_type=X, privilege=Umem[R,0x0000000080009030] -> 0x00000000000000DB
PTW: Step, level=3, pte=0xDB, pte_addr=0x80009030
PTW: Success, final_ppn=0x80001, level=3mem[X,0x00000000800019BA] -> 0x3414
[2612] [U]: 0x00000300800019B8 (0x341494F3) csrrw x9, mepc, x9                      va_rvtest_code_begin+4604
trapping from U to M to handle illegal-instruction
handling exc#illegal-instruction at priv M with tval 0x00000000341494F3
CSR mstatus (0x300) <- 0x0000000A00000000
CSR mcause (0x342) <- 0x0000000000000002
CSR mtval (0x343) <- 0x00000000341494F3
CSR mepc (0x341) <- 0x00000300800019B8

mem[X,0x0000000080002380] -> 0x006F
mem[X,0x0000000080002382] -> 0x1000
[2613] [M]: 0x0000000080002380 (0x1000006F) jal x0, 0x100                           Mtrampoline+0

clint mtime 0x000000000000051B (mip.MTI <- 0b1, mip.STI <- 0b0)
mem[X,0x0000000080002480] -> 0x1173
mem[X,0x0000000080002482] -> 0x3401
[2614] [M]: 0x0000000080002480 (0x34011173) csrrw x2, mscratch, x2                  trap_Mhandler+0
CSR mscratch (0x340) <- 0x0000000000000000
x2 <- 0x0000000080005000

mem[X,0x0000000080002484] -> 0x3423
mem[X,0x0000000080002486] -> 0x28B1
[2615] [M]: 0x0000000080002484 (0x28B13423) sd x11, 0x288(x2)                       trap_Mhandler+4
mem[W,0x0000000080005288] <- 0x00000000000003DF

clint mtime 0x000000000000051C (mip.MTI <- 0b1, mip.STI <- 0b0)
mem[X,0x0000000080002488] -> 0x05EF
mem[X,0x000000008000248A] -> 0x0B80
[2616] [M]: 0x0000000080002488 (0x0B8005EF) jal x11, 0xb8                           trap_Mhandler+8
x11 <- 0x000000008000248C

mem[X,0x0000000080002540] -> 0x3023
mem[X,0x0000000080002542] -> 0x28A1
[2617] [M]: 0x0000000080002540 (0x28A13023) sd x10, 0x280(x2)                       common_Mhandler+0
mem[W,0x0000000080005280] <- 0x00000000200003DF

clint mtime 0x000000000000051D (mip.MTI <- 0b1, mip.STI <- 0b0)
mem[X,0x0000000080002544] -> 0x1573
mem[X,0x0000000080002546] -> 0x3401
[2618] [M]: 0x0000000080002544 (0x34011573) csrrw x10, mscratch, x2                 common_Mhandler+4
CSR mscratch (0x340) <- 0x0000000080005000
x10 <- 0x0000000000000000

mem[X,0x0000000080002548] -> 0x3823
mem[X,0x000000008000254A] -> 0x28A1
[2619] [M]: 0x0000000080002548 (0x28A13823) sd x10, 0x290(x2)                       common_Mhandler+8
mem[W,0x0000000080005290] <- 0x0000000000000000

clint mtime 0x000000000000051E (mip.MTI <- 0b1, mip.STI <- 0b0)
mem[X,0x000000008000254C] -> 0x3503
mem[X,0x000000008000254E] -> 0x2301
[2620] [M]: 0x000000008000254C (0x23013503) ld x10, 0x230(x2)                       common_Mhandler+12
mem[R,0x0000000080005230] -> 0x0000000080002554
x10 <- 0x0000000080002554

mem[X,0x0000000080002550] -> 0x0067
mem[X,0x0000000080002552] -> 0x0005
[2621] [M]: 0x0000000080002550 (0x00050067) jalr x0, 0x0(x10)                       common_Mhandler+16

clint mtime 0x000000000000051F (mip.MTI <- 0b1, mip.STI <- 0b0)
mem[X,0x0000000080002554] -> 0x3C23
mem[X,0x0000000080002556] -> 0x2691
[2622] [M]: 0x0000000080002554 (0x26913C23) sd x9, 0x278(x2)                        common_Mentry+0
mem[W,0x0000000080005278] <- 0x00000300000001BC

mem[X,0x0000000080002558] -> 0x3823
mem[X,0x000000008000255A] -> 0x2681
[2623] [M]: 0x0000000080002558 (0x26813823) sd x8, 0x270(x2)                        common_Mentry+4
mem[W,0x0000000080005270] <- 0x0000000000007F76

clint mtime 0x0000000000000520 (mip.MTI <- 0b1, mip.STI <- 0b0)
mem[X,0x000000008000255C] -> 0x3423
mem[X,0x000000008000255E] -> 0x2671
[2624] [M]: 0x000000008000255C (0x26713423) sd x7, 0x268(x2)                        common_Mentry+8
mem[W,0x0000000080005268] <- 0x0000000080005000

mem[X,0x0000000080002560] -> 0x3023
mem[X,0x0000000080002562] -> 0x2661
[2625] [M]: 0x0000000080002560 (0x26613023) sd x6, 0x260(x2)                        common_Mentry+12
mem[W,0x0000000080005260] <- 0xFFFFFFFF7FFFE80C

clint mtime 0x0000000000000521 (mip.MTI <- 0b1, mip.STI <- 0b0)
mem[X,0x0000000080002564] -> 0x2573
mem[X,0x0000000080002566] -> 0x3420
[2626] [M]: 0x0000000080002564 (0x34202573) csrrs x10, mcause, x0                   spcl_M2mmode_test+0
CSR mcause (0x342) -> 0x0000000000000002
x10 <- 0x0000000000000002

mem[X,0x0000000080002568] -> 0x04B7
mem[X,0x000000008000256A] -> 0x8000
[2627] [M]: 0x0000000080002568 (0x800004B7) lui x9, -0x80000                        spcl_M2mmode_test+4
x9 <- 0xFFFFFFFF80000000

clint mtime 0x0000000000000522 (mip.MTI <- 0b1, mip.STI <- 0b0)
mem[X,0x000000008000256C] -> 0x8493
mem[X,0x000000008000256E] -> 0x0004
[2628] [M]: 0x000000008000256C (0x00048493) addi x9, x9, 0x0                        spcl_M2mmode_test+8
x9 <- 0xFFFFFFFF80000000

mem[X,0x0000000080002570] -> 0x9493
mem[X,0x0000000080002572] -> 0x00B4
[2629] [M]: 0x0000000080002570 (0x00B49493) slli x9, x9, 0xb                        spcl_M2mmode_test+12
x9 <- 0xFFFFFC0000000000

clint mtime 0x0000000000000523 (mip.MTI <- 0b1, mip.STI <- 0b0)
mem[X,0x0000000080002574] -> 0x8493
mem[X,0x0000000080002576] -> 0x0004
[2630] [M]: 0x0000000080002574 (0x00048493) addi x9, x9, 0x0                        spcl_M2mmode_test+16
x9 <- 0xFFFFFC0000000000

mem[X,0x0000000080002578] -> 0x9493
mem[X,0x000000008000257A] -> 0x00B4
[2631] [M]: 0x0000000080002578 (0x00B49493) slli x9, x9, 0xb                        spcl_M2mmode_test+20
x9 <- 0xFFE0000000000000

clint mtime 0x0000000000000524 (mip.MTI <- 0b1, mip.STI <- 0b0)
mem[X,0x000000008000257C] -> 0x8493
mem[X,0x000000008000257E] -> 0x0034
[2632] [M]: 0x000000008000257C (0x00348493) addi x9, x9, 0x3                        spcl_M2mmode_test+24
x9 <- 0xFFE0000000000003

mem[X,0x0000000080002580] -> 0x9493
mem[X,0x0000000080002582] -> 0x00A4
[2633] [M]: 0x0000000080002580 (0x00A49493) slli x9, x9, 0xa                        spcl_M2mmode_test+28
x9 <- 0x8000000000000C00

clint mtime 0x0000000000000525 (mip.MTI <- 0b1, mip.STI <- 0b0)
mem[X,0x0000000080002584] -> 0x8493
mem[X,0x0000000080002586] -> 0x3FC4
[2634] [M]: 0x0000000080002584 (0x3FC48493) addi x9, x9, 0x3fc                      spcl_M2mmode_test+32
x9 <- 0x8000000000000FFC

mem[X,0x0000000080002588] -> 0xF4B3
mem[X,0x000000008000258A] -> 0x00A4
[2635] [M]: 0x0000000080002588 (0x00A4F4B3) and x9, x9, x10                         spcl_M2mmode_test+36
x9 <- 0x0000000000000000

clint mtime 0x0000000000000526 (mip.MTI <- 0b1, mip.STI <- 0b0)
mem[X,0x000000008000258C] -> 0x8493
mem[X,0x000000008000258E] -> 0xFF84
[2636] [M]: 0x000000008000258C (0xFF848493) addi x9, x9, -0x8                       spcl_M2mmode_test+40
x9 <- 0xFFFFFFFFFFFFFFF8

mem[X,0x0000000080002590] -> 0x9663
mem[X,0x0000000080002592] -> 0x0004
[2637] [M]: 0x0000000080002590 (0x00049663) bne x9, x0, 0xc                         spcl_M2mmode_test+44

clint mtime 0x0000000000000527 (mip.MTI <- 0b1, mip.STI <- 0b0)
mem[X,0x000000008000259C] -> 0x0393
mem[X,0x000000008000259E] -> 0x0200
[2638] [M]: 0x000000008000259C (0x02000393) addi x7, x0, 0x20                       Mtrapsig_ptr_upd+0
x7 <- 0x0000000000000020

mem[X,0x00000000800025A0] -> 0x5263
mem[X,0x00000000800025A2] -> 0x0405
[2639] [M]: 0x00000000800025A0 (0x04055263) bge x10, x0, 0x44                       Mtrapsig_ptr_upd+4

clint mtime 0x0000000000000528 (mip.MTI <- 0b1, mip.STI <- 0b0)
mem[X,0x00000000800025E4] -> 0x2373
mem[X,0x00000000800025E6] -> 0x3010
[2640] [M]: 0x00000000800025E4 (0x30102373) csrrs x6, misa, x0                      Mxcpt_sig_sv+0
CSR misa (0x301) -> 0x800000000034112F
x6 <- 0x800000000034112F

mem[X,0x00000000800025E8] -> 0x1313
mem[X,0x00000000800025EA] -> 0x0383
[2641] [M]: 0x00000000800025E8 (0x03831313) slli x6, x6, 0x38                       Mxcpt_sig_sv+4
x6 <- 0x2F00000000000000

clint mtime 0x0000000000000529 (mip.MTI <- 0b1, mip.STI <- 0b0)
mem[X,0x00000000800025EC] -> 0x5463
mem[X,0x00000000800025EE] -> 0x0003
[2642] [M]: 0x00000000800025EC (0x00035463) bge x6, x0, 0x8                         Mxcpt_sig_sv+8

mem[X,0x00000000800025F4] -> 0x3303
mem[X,0x00000000800025F6] -> 0x2181
[2643] [M]: 0x00000000800025F4 (0x21813303) ld x6, 0x218(x2)                        Mtrap_sig_sv+0
mem[R,0x0000000080005218] -> 0x000000008000A618
x6 <- 0x000000008000A618

clint mtime 0x000000000000052A (mip.MTI <- 0b1, mip.STI <- 0b0)
mem[X,0x00000000800025F8] -> 0x04B3
mem[X,0x00000000800025FA] -> 0x0073
[2644] [M]: 0x00000000800025F8 (0x007304B3) add x9, x6, x7                          Mtrap_sig_sv+4
x9 <- 0x000000008000A638

mem[X,0x00000000800025FC] -> 0x3C23
mem[X,0x00000000800025FE] -> 0x2091
[2645] [M]: 0x00000000800025FC (0x20913C23) sd x9, 0x218(x2)                        Mtrap_sig_sv+8
mem[W,0x0000000080005218] <- 0x000000008000A638

clint mtime 0x000000000000052B (mip.MTI <- 0b1, mip.STI <- 0b0)
mem[X,0x0000000080002600] -> 0x3403
mem[X,0x0000000080002602] -> 0x1F81
[2646] [M]: 0x0000000080002600 (0x1F813403) ld x8, 0x1f8(x2)                        Mtrap_sig_sv+12
mem[R,0x00000000800051F8] -> 0x000000008000A110
x8 <- 0x000000008000A110

mem[X,0x0000000080002604] -> 0x0333
mem[X,0x0000000080002606] -> 0x4083
[2647] [M]: 0x0000000080002604 (0x40830333) sub x6, x6, x8                          Mtrap_sig_sv+16
x6 <- 0x0000000000000508

clint mtime 0x000000000000052C (mip.MTI <- 0b1, mip.STI <- 0b0)
mem[X,0x0000000080002608] -> 0x3403
mem[X,0x000000008000260A] -> 0x1F81
[2648] [M]: 0x0000000080002608 (0x1F813403) ld x8, 0x1f8(x2)                        Mtrap_sig_sv+20
mem[R,0x00000000800051F8] -> 0x000000008000A110
x8 <- 0x000000008000A110

mem[X,0x000000008000260C] -> 0x0333
mem[X,0x000000008000260E] -> 0x0083
[2649] [M]: 0x000000008000260C (0x00830333) add x6, x6, x8                          Mtrap_sig_sv+24
x6 <- 0x000000008000A618

clint mtime 0x000000000000052D (mip.MTI <- 0b1, mip.STI <- 0b0)
mem[X,0x0000000080002610] -> 0x3403
mem[X,0x0000000080002612] -> 0x2401
[2650] [M]: 0x0000000080002610 (0x24013403) ld x8, 0x240(x2)                        Mtrap_sig_sv+28
mem[R,0x0000000080005240] -> 0x0000000080002380
x8 <- 0x0000000080002380

mem[X,0x0000000080002614] -> 0x85B3
mem[X,0x0000000080002616] -> 0x4085
[2651] [M]: 0x0000000080002614 (0x408585B3) sub x11, x11, x8                        sv_Mvect+0
x11 <- 0x000000000000010C

clint mtime 0x000000000000052E (mip.MTI <- 0b1, mip.STI <- 0b0)
mem[X,0x0000000080002618] -> 0x9593
mem[X,0x000000008000261A] -> 0x0045
[2652] [M]: 0x0000000080002618 (0x00459593) slli x11, x11, 0x4                      sv_Mvect+4
x11 <- 0x00000000000010C0

mem[X,0x000000008000261C] -> 0xE5B3
mem[X,0x000000008000261E] -> 0x0075
[2653] [M]: 0x000000008000261C (0x0075E5B3) or x11, x11, x7                         sv_Mvect+8
x11 <- 0x00000000000010E0

clint mtime 0x000000000000052F (mip.MTI <- 0b1, mip.STI <- 0b0)
mem[X,0x0000000080002620] -> 0x8593
mem[X,0x0000000080002622] -> 0x0035
[2654] [M]: 0x0000000080002620 (0x00358593) addi x11, x11, 0x3                      sv_Mvect+12
x11 <- 0x00000000000010E3

mem[X,0x0000000080002624] -> 0x3023
mem[X,0x0000000080002626] -> 0x00B3
[2655] [M]: 0x0000000080002624 (0x00B33023) sd x11, 0x0(x6)                         sv_Mvect+16
mem[W,0x000000008000A618] <- 0x00000000000010E3

clint mtime 0x0000000000000530 (mip.MTI <- 0b1, mip.STI <- 0b0)
mem[X,0x0000000080002628] -> 0x3423
mem[X,0x000000008000262A] -> 0x00A3
[2656] [M]: 0x0000000080002628 (0x00A33423) sd x10, 0x8(x6)                         sv_Mcause+0
mem[W,0x000000008000A620] <- 0x0000000000000002

mem[X,0x000000008000262C] -> 0x4663
mem[X,0x000000008000262E] -> 0x1A05
[2657] [M]: 0x000000008000262C (0x1A054663) blt x10, x0, 0x1ac                      sv_Mcause+4

clint mtime 0x0000000000000531 (mip.MTI <- 0b1, mip.STI <- 0b0)
mem[X,0x0000000080002630] -> 0x25F3
mem[X,0x0000000080002632] -> 0x3000
[2658] [M]: 0x0000000080002630 (0x300025F3) csrrs x11, mstatus, x0                  common_Mexcpt_handler+0
CSR mstatus (0x300) -> 0x0000000A00000000
x11 <- 0x0000000A00000000

mem[X,0x0000000080002634] -> 0x9413
mem[X,0x0000000080002636] -> 0x02E5
[2659] [M]: 0x0000000080002634 (0x02E59413) slli x8, x11, 0x2e                      common_Mexcpt_handler+4
x8 <- 0x0000000000000000

clint mtime 0x0000000000000532 (mip.MTI <- 0b1, mip.STI <- 0b0)
mem[X,0x0000000080002638] -> 0x5463
mem[X,0x000000008000263A] -> 0x0004
[2660] [M]: 0x0000000080002638 (0x00045463) bge x8, x0, 0x8                         common_Mexcpt_handler+8

mem[X,0x0000000080002640] -> 0xD493
mem[X,0x0000000080002642] -> 0x00B5
[2661] [M]: 0x0000000080002640 (0x00B5D493) srli x9, x11, 0xb                       common_Mexcpt_handler+16
x9 <- 0x0000000001400000

clint mtime 0x0000000000000533 (mip.MTI <- 0b1, mip.STI <- 0b0)
mem[X,0x0000000080002644] -> 0xF493
mem[X,0x0000000080002646] -> 0x0034
[2662] [M]: 0x0000000080002644 (0x0034F493) andi x9, x9, 0x3                        common_Mexcpt_handler+20
x9 <- 0x0000000000000000

mem[X,0x0000000080002648] -> 0x8493
mem[X,0x000000008000264A] -> 0x0014
[2663] [M]: 0x0000000080002648 (0x00148493) addi x9, x9, 0x1                        common_Mexcpt_handler+24
x9 <- 0x0000000000000001

clint mtime 0x0000000000000534 (mip.MTI <- 0b1, mip.STI <- 0b0)
mem[X,0x000000008000264C] -> 0xF493
mem[X,0x000000008000264E] -> 0x0044
[2664] [M]: 0x000000008000264C (0x0044F493) andi x9, x9, 0x4                        common_Mexcpt_handler+28
x9 <- 0x0000000000000000

mem[X,0x0000000080002650] -> 0x0593
mem[X,0x0000000080002652] -> 0x05D0
[2665] [M]: 0x0000000080002650 (0x05D00593) addi x11, x0, 0x5d                      common_Mexcpt_handler+32
x11 <- 0x000000000000005D

clint mtime 0x0000000000000535 (mip.MTI <- 0b1, mip.STI <- 0b0)
mem[X,0x0000000080002654] -> 0xD5B3
mem[X,0x0000000080002656] -> 0x0095
[2666] [M]: 0x0000000080002654 (0x0095D5B3) srl x11, x11, x9                        common_Mexcpt_handler+36
x11 <- 0x000000000000005D

mem[X,0x0000000080002658] -> 0xF593
mem[X,0x000000008000265A] -> 0x0015
[2667] [M]: 0x0000000080002658 (0x0015F593) andi x11, x11, 0x1                      common_Mexcpt_handler+40
x11 <- 0x0000000000000001

clint mtime 0x0000000000000536 (mip.MTI <- 0b1, mip.STI <- 0b0)
mem[X,0x000000008000265C] -> 0x8EE3
mem[X,0x000000008000265E] -> 0xF405
[2668] [M]: 0x000000008000265C (0xF4058EE3) beq x11, x0, -0xa4                      common_Mexcpt_handler+44

mem[X,0x0000000080002660] -> 0x0593
mem[X,0x0000000080002662] -> 0x2980
[2669] [M]: 0x0000000080002660 (0x29800593) addi x11, x0, 0x298                     common_Mexcpt_handler+48
x11 <- 0x0000000000000298

clint mtime 0x0000000000000537 (mip.MTI <- 0b1, mip.STI <- 0b0)
mem[X,0x0000000080002664] -> 0xF413
mem[X,0x0000000080002666] -> 0x0014
[2670] [M]: 0x0000000080002664 (0x0014F413) andi x8, x9, 0x1                        common_Mexcpt_handler+52
x8 <- 0x0000000000000000

mem[X,0x0000000080002668] -> 0x95B3
mem[X,0x000000008000266A] -> 0x0085
[2671] [M]: 0x0000000080002668 (0x008595B3) sll x11, x11, x8                        common_Mexcpt_handler+56
x11 <- 0x0000000000000298

clint mtime 0x0000000000000538 (mip.MTI <- 0b1, mip.STI <- 0b0)
mem[X,0x000000008000266C] -> 0x9413
mem[X,0x000000008000266E] -> 0x03D4
[2672] [M]: 0x000000008000266C (0x03D49413) slli x8, x9, 0x3d                       common_Mexcpt_handler+60
x8 <- 0x0000000000000000

mem[X,0x0000000080002670] -> 0x5413
mem[X,0x0000000080002672] -> 0x43F4
[2673] [M]: 0x0000000080002670 (0x43F45413) srai x8, x8, 0x3f                       common_Mexcpt_handler+64
x8 <- 0x0000000000000000

clint mtime 0x0000000000000539 (mip.MTI <- 0b1, mip.STI <- 0b0)
mem[X,0x0000000080002674] -> 0x4413
mem[X,0x0000000080002676] -> 0xFFF4
[2674] [M]: 0x0000000080002674 (0xFFF44413) xori x8, x8, -0x1                       common_Mexcpt_handler+68
x8 <- 0xFFFFFFFFFFFFFFFF

mem[X,0x0000000080002678] -> 0xF4B3
mem[X,0x000000008000267A] -> 0x0085
[2675] [M]: 0x0000000080002678 (0x0085F4B3) and x9, x11, x8                         common_Mexcpt_handler+72
x9 <- 0x0000000000000298

clint mtime 0x000000000000053A (mip.MTI <- 0b1, mip.STI <- 0b0)
mem[X,0x000000008000267C] -> 0x84B3
mem[X,0x000000008000267E] -> 0x0024
[2676] [M]: 0x000000008000267C (0x002484B3) add x9, x9, x2                          vmem_adj_Mepc+0
x9 <- 0x0000000080005298

mem[X,0x0000000080002680] -> 0x23F3
mem[X,0x0000000080002682] -> 0x3410
[2677] [M]: 0x0000000080002680 (0x341023F3) csrrs x7, mepc, x0                      vmem_adj_Mepc+4
CSR mepc (0x341) -> 0x00000300800019B8
x7 <- 0x00000300800019B8

clint mtime 0x000000000000053B (mip.MTI <- 0b1, mip.STI <- 0b0)
mem[X,0x0000000080002684] -> 0x0413
mem[X,0x0000000080002686] -> 0x0004
[2678] [M]: 0x0000000080002684 (0x00040413) addi x8, x8, 0x0                        vmem_adj_Mepc+8
x8 <- 0xFFFFFFFFFFFFFFFF

mem[X,0x0000000080002688] -> 0x006F
mem[X,0x000000008000268A] -> 0x0400
[2679] [M]: 0x0000000080002688 (0x0400006F) jal x0, 0x40                            vmem_adj_Mepc+12

clint mtime 0x000000000000053C (mip.MTI <- 0b1, mip.STI <- 0b0)
mem[X,0x00000000800026C8] -> 0x8433
mem[X,0x00000000800026CA] -> 0x4083
[2680] [M]: 0x00000000800026C8 (0x40838433) sub x8, x7, x8                          adj_Mepc+0
x8 <- 0x00000300800019B9

mem[X,0x00000000800026CC] -> 0x3823
mem[X,0x00000000800026CE] -> 0x0083
[2681] [M]: 0x00000000800026CC (0x00833823) sd x8, 0x10(x6)                         sv_Mepc+0
mem[W,0x000000008000A628] <- 0x00000300800019B9

clint mtime 0x000000000000053D (mip.MTI <- 0b1, mip.STI <- 0b0)
mem[X,0x00000000800026D0] -> 0x55B7
mem[X,0x00000000800026D2] -> 0x0000
[2682] [M]: 0x00000000800026D0 (0x000055B7) lui x11, 0x5                            sv_Mepc+4
x11 <- 0x0000000000005000

mem[X,0x00000000800026D4] -> 0x8593
mem[X,0x00000000800026D6] -> 0x6675
[2683] [M]: 0x00000000800026D4 (0x66758593) addi x11, x11, 0x667                    sv_Mepc+8
x11 <- 0x0000000000005667

clint mtime 0x000000000000053E (mip.MTI <- 0b1, mip.STI <- 0b0)
mem[X,0x00000000800026D8] -> 0x9593
mem[X,0x00000000800026DA] -> 0x0015
[2684] [M]: 0x00000000800026D8 (0x00159593) slli x11, x11, 0x1                      sv_Mepc+12
x11 <- 0x000000000000ACCE

mem[X,0x00000000800026DC] -> 0x9063
mem[X,0x00000000800026DE] -> 0x02B1
[2685] [M]: 0x00000000800026DC (0x02B19063) bne x3, x11, 0x20                       sv_Mepc+16

clint mtime 0x000000000000053F (mip.MTI <- 0b1, mip.STI <- 0b0)
mem[X,0x00000000800026E0] -> 0x2473
mem[X,0x00000000800026E2] -> 0x3420
[2686] [M]: 0x00000000800026E0 (0x34202473) csrrs x8, mcause, x0                    sv_Mepc+20
CSR mcause (0x342) -> 0x0000000000000002
x8 <- 0x0000000000000002

mem[X,0x00000000800026E4] -> 0x0593
mem[X,0x00000000800026E6] -> 0x00C0
[2687] [M]: 0x00000000800026E4 (0x00C00593) addi x11, x0, 0xc                       sv_Mepc+24
x11 <- 0x000000000000000C

clint mtime 0x0000000000000540 (mip.MTI <- 0b1, mip.STI <- 0b0)
mem[X,0x00000000800026E8] -> 0x0663
mem[X,0x00000000800026EA] -> 0x00B4
[2688] [M]: 0x00000000800026E8 (0x00B40663) beq x8, x11, 0xc                        sv_Mepc+28

mem[X,0x00000000800026EC] -> 0x0593
mem[X,0x00000000800026EE] -> 0x0010
[2689] [M]: 0x00000000800026EC (0x00100593) addi x11, x0, 0x1                       sv_Mepc+32
x11 <- 0x0000000000000001

clint mtime 0x0000000000000541 (mip.MTI <- 0b1, mip.STI <- 0b0)
mem[X,0x00000000800026F0] -> 0x1663
mem[X,0x00000000800026F2] -> 0x00B4
[2690] [M]: 0x00000000800026F0 (0x00B41663) bne x8, x11, 0xc                        sv_Mepc+36

mem[X,0x00000000800026FC] -> 0xF593
mem[X,0x00000000800026FE] -> 0xFFC3
[2691] [M]: 0x00000000800026FC (0xFFC3F593) andi x11, x7, -0x4                      adj_Mepc_rtn+0
x11 <- 0x00000300800019B8

clint mtime 0x0000000000000542 (mip.MTI <- 0b1, mip.STI <- 0b0)
mem[X,0x0000000080002700] -> 0x8593
mem[X,0x0000000080002702] -> 0x0085
[2692] [M]: 0x0000000080002700 (0x00858593) addi x11, x11, 0x8                      adj_Mepc_rtn+4
x11 <- 0x00000300800019C0

mem[X,0x0000000080002704] -> 0x9073
mem[X,0x0000000080002706] -> 0x3415
[2693] [M]: 0x0000000080002704 (0x34159073) csrrw x0, mepc, x11                     adj_Mepc_rtn+8
CSR mepc (0x341) <- 0x00000300800019C0

clint mtime 0x0000000000000543 (mip.MTI <- 0b1, mip.STI <- 0b0)
mem[X,0x0000000080002708] -> 0x23F3
mem[X,0x000000008000270A] -> 0x3430
[2694] [M]: 0x0000000080002708 (0x343023F3) csrrs x7, mtval, x0                     skp_adj_Mepc+0
CSR mtval (0x343) -> 0x00000000341494F3
x7 <- 0x00000000341494F3

mem[X,0x000000008000270C] -> 0x0413
mem[X,0x000000008000270E] -> 0x0004
[2695] [M]: 0x000000008000270C (0x00040413) addi x8, x8, 0x0                        skp_adj_Mepc+4
x8 <- 0x0000000000000002

clint mtime 0x0000000000000544 (mip.MTI <- 0b1, mip.STI <- 0b0)
mem[X,0x0000000080002710] -> 0x006F
mem[X,0x0000000080002712] -> 0x0840
[2696] [M]: 0x0000000080002710 (0x0840006F) jal x0, 0x84                            skp_adj_Mepc+8

mem[X,0x0000000080002794] -> 0x8433
mem[X,0x0000000080002796] -> 0x4083
[2697] [M]: 0x0000000080002794 (0x40838433) sub x8, x7, x8                          adj_Mtval+0
x8 <- 0x00000000341494F1

clint mtime 0x0000000000000545 (mip.MTI <- 0b1, mip.STI <- 0b0)
mem[X,0x0000000080002798] -> 0x3C23
mem[X,0x000000008000279A] -> 0x0083
[2698] [M]: 0x0000000080002798 (0x00833C23) sd x8, 0x18(x6)                         sv_Mtval+0
mem[W,0x000000008000A630] <- 0x00000000341494F1

mem[X,0x000000008000279C] -> 0x3483
mem[X,0x000000008000279E] -> 0x2181
[2699] [M]: 0x000000008000279C (0x21813483) ld x9, 0x218(x2)                        skp_Mtval+0
mem[R,0x0000000080005218] -> 0x000000008000A638
x9 <- 0x000000008000A638

clint mtime 0x0000000000000546 (mip.MTI <- 0b1, mip.STI <- 0b0)
mem[X,0x00000000800027A0] -> 0x3383
mem[X,0x00000000800027A2] -> 0x1F81
[2700] [M]: 0x00000000800027A0 (0x1F813383) ld x7, 0x1f8(x2)                        skp_Mtval+4
mem[R,0x00000000800051F8] -> 0x000000008000A110
x7 <- 0x000000008000A110

mem[X,0x00000000800027A4] -> 0x3303
mem[X,0x00000000800027A6] -> 0x2001
[2701] [M]: 0x00000000800027A4 (0x20013303) ld x6, 0x200(x2)                        skp_Mtval+8
mem[R,0x0000000080005200] -> 0x0000000000000610
x6 <- 0x0000000000000610

clint mtime 0x0000000000000547 (mip.MTI <- 0b1, mip.STI <- 0b0)
mem[X,0x00000000800027A8] -> 0x0333
mem[X,0x00000000800027AA] -> 0x0073
[2702] [M]: 0x00000000800027A8 (0x00730333) add x6, x6, x7                          skp_Mtval+12
x6 <- 0x000000008000A720

mem[X,0x00000000800027AC] -> 0x6AE3
mem[X,0x00000000800027AE] -> 0xAE93
[2703] [M]: 0x00000000800027AC (0xAE936AE3) bltu x6, x9, -0x50c                     skp_Mtval+16

clint mtime 0x0000000000000548 (mip.MTI <- 0b1, mip.STI <- 0b0)
mem[X,0x00000000800027B0] -> 0x0393
mem[X,0x00000000800027B2] -> 0x2000
[2704] [M]: 0x00000000800027B0 (0x20000393) addi x7, x0, 0x200                      skp_Mtval+20
x7 <- 0x0000000000000200

mem[X,0x00000000800027B4] -> 0x006F
mem[X,0x00000000800027B6] -> 0x0400
[2705] [M]: 0x00000000800027B4 (0x0400006F) jal x0, 0x40                            skp_Mtval+24

clint mtime 0x0000000000000549 (mip.MTI <- 0b1, mip.STI <- 0b0)
mem[X,0x00000000800027F4] -> 0x0417
mem[X,0x00000000800027F6] -> 0x0000
[2706] [M]: 0x00000000800027F4 (0x00000417) auipc x8, 0x0                           spcl_Mhandler+0
x8 <- 0x00000000800027F4

mem[X,0x00000000800027F8] -> 0x0413
mem[X,0x00000000800027FA] -> 0x03C4
[2707] [M]: 0x00000000800027F8 (0x03C40413) addi x8, x8, 0x3c                       spcl_Mhandler+4
x8 <- 0x0000000080002830

clint mtime 0x000000000000054A (mip.MTI <- 0b1, mip.STI <- 0b0)
mem[X,0x00000000800027FC] -> 0x0433
mem[X,0x00000000800027FE] -> 0x0074
[2708] [M]: 0x00000000800027FC (0x00740433) add x8, x8, x7                          spcl_Mhandler+8
x8 <- 0x0000000080002A30

mem[X,0x0000000080002800] -> 0x1393
mem[X,0x0000000080002802] -> 0x0035
[2709] [M]: 0x0000000080002800 (0x00351393) slli x7, x10, 0x3                       spcl_Mhandler+12
x7 <- 0x0000000000000010

clint mtime 0x000000000000054B (mip.MTI <- 0b1, mip.STI <- 0b0)
mem[X,0x0000000080002804] -> 0x0433
mem[X,0x0000000080002806] -> 0x0074
[2710] [M]: 0x0000000080002804 (0x00740433) add x8, x8, x7                          spcl_Mhandler+16
x8 <- 0x0000000080002A40

mem[X,0x0000000080002808] -> 0x7413
mem[X,0x000000008000280A] -> 0xFF84
[2711] [M]: 0x0000000080002808 (0xFF847413) andi x8, x8, -0x8                       spcl_Mhandler+20
x8 <- 0x0000000080002A40

clint mtime 0x000000000000054C (mip.MTI <- 0b1, mip.STI <- 0b0)
mem[X,0x000000008000280C] -> 0x3403
mem[X,0x000000008000280E] -> 0x0004
[2712] [M]: 0x000000008000280C (0x00043403) ld x8, 0x0(x8)                          spcl_Mhandler+24
mem[R,0x0000000080002A40] -> 0x0000000000000005
x8 <- 0x0000000000000005

mem[X,0x0000000080002810] -> 0x02E3
mem[X,0x0000000080002812] -> 0xB204
[2713] [M]: 0x0000000080002810 (0xB20402E3) beq x8, x0, -0x4dc                      spcl_Mdispatch_hndling+0

clint mtime 0x000000000000054D (mip.MTI <- 0b1, mip.STI <- 0b0)
mem[X,0x0000000080002814] -> 0x1393
mem[X,0x0000000080002816] -> 0x03F4
[2714] [M]: 0x0000000080002814 (0x03F41393) slli x7, x8, 0x3f                       spcl_Mdispatch_hndling+4
x7 <- 0x8000000000000000

mem[X,0x0000000080002818] -> 0xD863
mem[X,0x000000008000281A] -> 0x0003
[2715] [M]: 0x0000000080002818 (0x0003D863) bge x7, x0, 0x10                        spcl_Mdispatch_hndling+8

clint mtime 0x000000000000054E (mip.MTI <- 0b1, mip.STI <- 0b0)
mem[X,0x000000008000281C] -> 0x5413
mem[X,0x000000008000281E] -> 0x0014
[2716] [M]: 0x000000008000281C (0x00145413) srli x8, x8, 0x1                        spcl_Mdispatch_hndling+12
x8 <- 0x0000000000000002

mem[X,0x0000000080002820] -> 0x0CE3
mem[X,0x0000000080002822] -> 0xF885
[2717] [M]: 0x0000000080002820 (0xF8850CE3) beq x10, x8, -0x68                      spcl_Mdispatch_hndling+16

clint mtime 0x000000000000054F (mip.MTI <- 0b1, mip.STI <- 0b0)
mem[X,0x00000000800027B8] -> 0x3303
mem[X,0x00000000800027BA] -> 0x2601
[2718] [M]: 0x00000000800027B8 (0x26013303) ld x6, 0x260(x2)                        resto_Mrtn+0
mem[R,0x0000000080005260] -> 0xFFFFFFFF7FFFE80C
x6 <- 0xFFFFFFFF7FFFE80C

mem[X,0x00000000800027BC] -> 0x3383
mem[X,0x00000000800027BE] -> 0x2681
[2719] [M]: 0x00000000800027BC (0x26813383) ld x7, 0x268(x2)                        resto_Mrtn+4
mem[R,0x0000000080005268] -> 0x0000000080005000
x7 <- 0x0000000080005000

clint mtime 0x0000000000000550 (mip.MTI <- 0b1, mip.STI <- 0b0)
mem[X,0x00000000800027C0] -> 0x3403
mem[X,0x00000000800027C2] -> 0x2701
[2720] [M]: 0x00000000800027C0 (0x27013403) ld x8, 0x270(x2)                        resto_Mrtn+8
mem[R,0x0000000080005270] -> 0x0000000000007F76
x8 <- 0x0000000000007F76

mem[X,0x00000000800027C4] -> 0x3483
mem[X,0x00000000800027C6] -> 0x2781
[2721] [M]: 0x00000000800027C4 (0x27813483) ld x9, 0x278(x2)                        resto_Mrtn+12
mem[R,0x0000000080005278] -> 0x00000300000001BC
x9 <- 0x00000300000001BC

clint mtime 0x0000000000000551 (mip.MTI <- 0b1, mip.STI <- 0b0)
mem[X,0x00000000800027C8] -> 0x3503
mem[X,0x00000000800027CA] -> 0x2801
[2722] [M]: 0x00000000800027C8 (0x28013503) ld x10, 0x280(x2)                       resto_Mrtn+16
mem[R,0x0000000080005280] -> 0x00000000200003DF
x10 <- 0x00000000200003DF

mem[X,0x00000000800027CC] -> 0x3583
mem[X,0x00000000800027CE] -> 0x2881
[2723] [M]: 0x00000000800027CC (0x28813583) ld x11, 0x288(x2)                       resto_Mrtn+20
mem[R,0x0000000080005288] -> 0x00000000000003DF
x11 <- 0x00000000000003DF

clint mtime 0x0000000000000552 (mip.MTI <- 0b1, mip.STI <- 0b0)
mem[X,0x00000000800027D0] -> 0x3103
mem[X,0x00000000800027D2] -> 0x2901
[2724] [M]: 0x00000000800027D0 (0x29013103) ld x2, 0x290(x2)                        resto_Mrtn+24
mem[R,0x0000000080005290] -> 0x0000000000000000
x2 <- 0x0000000000000000

mem[X,0x00000000800027D4] -> 0x0073
mem[X,0x00000000800027D6] -> 0x3020
[2725] [M]: 0x00000000800027D4 (0x30200073) mret                                    resto_Mrtn+28
CSR mstatus (0x300) <- 0x0000000A00000080
ret-ing from M to U

clint mtime 0x0000000000000553 (mip.MTI <- 0b1, mip.STI <- 0b0)
PTW: Start, vpn=0x30080001, access_type=X, privilege=Umem[R,0x0000000080009030] -> 0x00000000000000DB
PTW: Step, level=3, pte=0xDB, pte_addr=0x80009030
PTW: Success, final_ppn=0x80001, level=3mem[X,0x00000000800019C0] -> 0x07B7
PTW: Start, vpn=0x30080001, access_type=X, privilege=Umem[R,0x0000000080009030] -> 0x00000000000000DB
PTW: Step, level=3, pte=0xDB, pte_addr=0x80009030
PTW: Success, final_ppn=0x80001, level=3mem[X,0x00000000800019C2] -> 0x0000
[2726] [U]: 0x00000300800019C0 (0x000007B7) lui x15, 0x0                            va_rvtest_code_begin+4612
x15 <- 0x0000000000000000

PTW: Start, vpn=0x30080001, access_type=X, privilege=Umem[R,0x0000000080009030] -> 0x00000000000000DB
PTW: Step, level=3, pte=0xDB, pte_addr=0x80009030
PTW: Success, final_ppn=0x80001, level=3mem[X,0x00000000800019C4] -> 0x8793
PTW: Start, vpn=0x30080001, access_type=X, privilege=Umem[R,0x0000000080009030] -> 0x00000000000000DB
PTW: Step, level=3, pte=0xDB, pte_addr=0x80009030
PTW: Success, final_ppn=0x80001, level=3mem[X,0x00000000800019C6] -> 0x2807
[2727] [U]: 0x00000300800019C4 (0x28078793) addi x15, x15, 0x280                    va_rvtest_code_begin+4616
x15 <- 0x0000000000000280

clint mtime 0x0000000000000554 (mip.MTI <- 0b1, mip.STI <- 0b0)
PTW: Start, vpn=0x30080001, access_type=X, privilege=Umem[R,0x0000000080009030] -> 0x00000000000000DB
PTW: Step, level=3, pte=0xDB, pte_addr=0x80009030
PTW: Success, final_ppn=0x80001, level=3mem[X,0x00000000800019C8] -> 0x9793
PTW: Start, vpn=0x30080001, access_type=X, privilege=Umem[R,0x0000000080009030] -> 0x00000000000000DB
PTW: Step, level=3, pte=0xDB, pte_addr=0x80009030
PTW: Success, final_ppn=0x80001, level=3mem[X,0x00000000800019CA] -> 0x00B7
[2728] [U]: 0x00000300800019C8 (0x00B79793) slli x15, x15, 0xb                      va_rvtest_code_begin+4620
x15 <- 0x0000000000140000

PTW: Start, vpn=0x30080001, access_type=X, privilege=Umem[R,0x0000000080009030] -> 0x00000000000000DB
PTW: Step, level=3, pte=0xDB, pte_addr=0x80009030
PTW: Success, final_ppn=0x80001, level=3mem[X,0x00000000800019CC] -> 0x8793
PTW: Start, vpn=0x30080001, access_type=X, privilege=Umem[R,0x0000000080009030] -> 0x00000000000000DB
PTW: Step, level=3, pte=0xDB, pte_addr=0x80009030
PTW: Success, final_ppn=0x80001, level=3mem[X,0x00000000800019CE] -> 0x0007
[2729] [U]: 0x00000300800019CC (0x00078793) addi x15, x15, 0x0                      va_rvtest_code_begin+4624
x15 <- 0x0000000000140000

clint mtime 0x0000000000000555 (mip.MTI <- 0b1, mip.STI <- 0b0)
PTW: Start, vpn=0x30080001, access_type=X, privilege=Umem[R,0x0000000080009030] -> 0x00000000000000DB
PTW: Step, level=3, pte=0xDB, pte_addr=0x80009030
PTW: Success, final_ppn=0x80001, level=3mem[X,0x00000000800019D0] -> 0x9793
PTW: Start, vpn=0x30080001, access_type=X, privilege=Umem[R,0x0000000080009030] -> 0x00000000000000DB
PTW: Step, level=3, pte=0xDB, pte_addr=0x80009030
PTW: Success, final_ppn=0x80001, level=3mem[X,0x00000000800019D2] -> 0x00B7
[2730] [U]: 0x00000300800019D0 (0x00B79793) slli x15, x15, 0xb                      va_rvtest_code_begin+4628
x15 <- 0x00000000A0000000

PTW: Start, vpn=0x30080001, access_type=X, privilege=Umem[R,0x0000000080009030] -> 0x00000000000000DB
PTW: Step, level=3, pte=0xDB, pte_addr=0x80009030
PTW: Success, final_ppn=0x80001, level=3mem[X,0x00000000800019D4] -> 0x8793
PTW: Start, vpn=0x30080001, access_type=X, privilege=Umem[R,0x0000000080009030] -> 0x00000000000000DB
PTW: Step, level=3, pte=0xDB, pte_addr=0x80009030
PTW: Success, final_ppn=0x80001, level=3mem[X,0x00000000800019D6] -> 0x0017
[2731] [U]: 0x00000300800019D4 (0x00178793) addi x15, x15, 0x1                      va_rvtest_code_begin+4632
x15 <- 0x00000000A0000001

clint mtime 0x0000000000000556 (mip.MTI <- 0b1, mip.STI <- 0b0)
PTW: Start, vpn=0x30080001, access_type=X, privilege=Umem[R,0x0000000080009030] -> 0x00000000000000DB
PTW: Step, level=3, pte=0xDB, pte_addr=0x80009030
PTW: Success, final_ppn=0x80001, level=3mem[X,0x00000000800019D8] -> 0x9793
PTW: Start, vpn=0x30080001, access_type=X, privilege=Umem[R,0x0000000080009030] -> 0x00000000000000DB
PTW: Step, level=3, pte=0xDB, pte_addr=0x80009030
PTW: Success, final_ppn=0x80001, level=3mem[X,0x00000000800019DA] -> 0x00A7
[2732] [U]: 0x00000300800019D8 (0x00A79793) slli x15, x15, 0xa                      va_rvtest_code_begin+4636
x15 <- 0x0000028000000400

PTW: Start, vpn=0x30080001, access_type=X, privilege=Umem[R,0x0000000080009030] -> 0x00000000000000DB
PTW: Step, level=3, pte=0xDB, pte_addr=0x80009030
PTW: Success, final_ppn=0x80001, level=3mem[X,0x00000000800019DC] -> 0x0613
PTW: Start, vpn=0x30080001, access_type=X, privilege=Umem[R,0x0000000080009030] -> 0x00000000000000DB
PTW: Step, level=3, pte=0xDB, pte_addr=0x80009030
PTW: Success, final_ppn=0x80001, level=3mem[X,0x00000000800019DE] -> 0x0106
[2733] [U]: 0x00000300800019DC (0x01060613) addi x12, x12, 0x10                     va_rvtest_code_begin+4640
x12 <- 0x0000000000000090

clint mtime 0x0000000000000557 (mip.MTI <- 0b1, mip.STI <- 0b0)
PTW: Start, vpn=0x30080001, access_type=X, privilege=Umem[R,0x0000000080009030] -> 0x00000000000000DB
PTW: Step, level=3, pte=0xDB, pte_addr=0x80009030
PTW: Success, final_ppn=0x80001, level=3mem[X,0x00000000800019E0] -> 0xAA23
PTW: Start, vpn=0x30080001, access_type=X, privilege=Umem[R,0x0000000080009030] -> 0x00000000000000DB
PTW: Step, level=3, pte=0xDB, pte_addr=0x80009030
PTW: Success, final_ppn=0x80001, level=3mem[X,0x00000000800019E2] -> 0x00C7
[2734] [U]: 0x00000300800019E0 (0x00C7AA23) sw x12, 0x14(x15)                       va_rvtest_code_begin+4644
PTW: Start, vpn=0x28000000, access_type=W, privilege=Umem[R,0x0000000080009028] -> 0x0000000020002001
PTW: Step, level=3, pte=0x20002001, pte_addr=0x80009028
PTW: Start, vpn=0x28000000, access_type=W, privilege=Umem[R,0x0000000080008000] -> 0x0000000020001C01
PTW: Step, level=2, pte=0x20001C01, pte_addr=0x80008000
PTW: Start, vpn=0x28000000, access_type=W, privilege=Umem[R,0x0000000080007000] -> 0x00000000200003DF
PTW: Step, level=1, pte=0x200003DF, pte_addr=0x80007000
PTW: Success, final_ppn=0x80000, level=1mem[W,0x0000000080000414] <- 0x00000090

PTW: Start, vpn=0x30080001, access_type=X, privilege=Umem[R,0x0000000080009030] -> 0x00000000000000DB
PTW: Step, level=3, pte=0xDB, pte_addr=0x80009030
PTW: Success, final_ppn=0x80001, level=3mem[X,0x00000000800019E4] -> 0x0013
PTW: Start, vpn=0x30080001, access_type=X, privilege=Umem[R,0x0000000080009030] -> 0x00000000000000DB
PTW: Step, level=3, pte=0xDB, pte_addr=0x80009030
PTW: Success, final_ppn=0x80001, level=3mem[X,0x00000000800019E6] -> 0x0000
[2735] [U]: 0x00000300800019E4 (0x00000013) addi x0, x0, 0x0                        va_rvtest_code_begin+4648

clint mtime 0x0000000000000558 (mip.MTI <- 0b1, mip.STI <- 0b0)
PTW: Start, vpn=0x30080001, access_type=X, privilege=Umem[R,0x0000000080009030] -> 0x00000000000000DB
PTW: Step, level=3, pte=0xDB, pte_addr=0x80009030
PTW: Success, final_ppn=0x80001, level=3mem[X,0x00000000800019E8] -> 0xA703
PTW: Start, vpn=0x30080001, access_type=X, privilege=Umem[R,0x0000000080009030] -> 0x00000000000000DB
PTW: Step, level=3, pte=0xDB, pte_addr=0x80009030
PTW: Success, final_ppn=0x80001, level=3mem[X,0x00000000800019EA] -> 0x0147
[2736] [U]: 0x00000300800019E8 (0x0147A703) lw x14, 0x14(x15)                       va_rvtest_code_begin+4652
PTW: Start, vpn=0x28000000, access_type=R, privilege=Umem[R,0x0000000080009028] -> 0x0000000020002001
PTW: Step, level=3, pte=0x20002001, pte_addr=0x80009028
PTW: Start, vpn=0x28000000, access_type=R, privilege=Umem[R,0x0000000080008000] -> 0x0000000020001C01
PTW: Step, level=2, pte=0x20001C01, pte_addr=0x80008000
PTW: Start, vpn=0x28000000, access_type=R, privilege=Umem[R,0x0000000080007000] -> 0x00000000200003DF
PTW: Step, level=1, pte=0x200003DF, pte_addr=0x80007000
PTW: Success, final_ppn=0x80000, level=1mem[R,0x0000000080000414] -> 0x00000090
x14 <- 0x0000000000000090

PTW: Start, vpn=0x30080001, access_type=X, privilege=Umem[R,0x0000000080009030] -> 0x00000000000000DB
PTW: Step, level=3, pte=0xDB, pte_addr=0x80009030
PTW: Success, final_ppn=0x80001, level=3mem[X,0x00000000800019EC] -> 0x0013
PTW: Start, vpn=0x30080001, access_type=X, privilege=Umem[R,0x0000000080009030] -> 0x00000000000000DB
PTW: Step, level=3, pte=0xDB, pte_addr=0x80009030
PTW: Success, final_ppn=0x80001, level=3mem[X,0x00000000800019EE] -> 0x0000
[2737] [U]: 0x00000300800019EC (0x00000013) addi x0, x0, 0x0                        va_rvtest_code_begin+4656

clint mtime 0x0000000000000559 (mip.MTI <- 0b1, mip.STI <- 0b0)
PTW: Start, vpn=0x30080001, access_type=X, privilege=Umem[R,0x0000000080009030] -> 0x00000000000000DB
PTW: Step, level=3, pte=0xDB, pte_addr=0x80009030
PTW: Success, final_ppn=0x80001, level=3mem[X,0x00000000800019F0] -> 0x51B7
PTW: Start, vpn=0x30080001, access_type=X, privilege=Umem[R,0x0000000080009030] -> 0x00000000000000DB
PTW: Step, level=3, pte=0xDB, pte_addr=0x80009030
PTW: Success, final_ppn=0x80001, level=3mem[X,0x00000000800019F2] -> 0x0000
[2738] [U]: 0x00000300800019F0 (0x000051B7) lui x3, 0x5                             va_rvtest_code_begin+4660
x3 <- 0x0000000000005000

PTW: Start, vpn=0x30080001, access_type=X, privilege=Umem[R,0x0000000080009030] -> 0x00000000000000DB
PTW: Step, level=3, pte=0xDB, pte_addr=0x80009030
PTW: Success, final_ppn=0x80001, level=3mem[X,0x00000000800019F4] -> 0x8193
PTW: Start, vpn=0x30080001, access_type=X, privilege=Umem[R,0x0000000080009030] -> 0x00000000000000DB
PTW: Step, level=3, pte=0xDB, pte_addr=0x80009030
PTW: Success, final_ppn=0x80001, level=3mem[X,0x00000000800019F6] -> 0x6671
[2739] [U]: 0x00000300800019F4 (0x66718193) addi x3, x3, 0x667                      va_rvtest_code_begin+4664
x3 <- 0x0000000000005667

clint mtime 0x000000000000055A (mip.MTI <- 0b1, mip.STI <- 0b0)
PTW: Start, vpn=0x30080001, access_type=X, privilege=Umem[R,0x0000000080009030] -> 0x00000000000000DB
PTW: Step, level=3, pte=0xDB, pte_addr=0x80009030
PTW: Success, final_ppn=0x80001, level=3mem[X,0x00000000800019F8] -> 0x9193
PTW: Start, vpn=0x30080001, access_type=X, privilege=Umem[R,0x0000000080009030] -> 0x00000000000000DB
PTW: Step, level=3, pte=0xDB, pte_addr=0x80009030
PTW: Success, final_ppn=0x80001, level=3mem[X,0x00000000800019FA] -> 0x0011
[2740] [U]: 0x00000300800019F8 (0x00119193) slli x3, x3, 0x1                        va_rvtest_code_begin+4668
x3 <- 0x000000000000ACCE

PTW: Start, vpn=0x30080001, access_type=X, privilege=Umem[R,0x0000000080009030] -> 0x00000000000000DB
PTW: Step, level=3, pte=0xDB, pte_addr=0x80009030
PTW: Success, final_ppn=0x80001, level=3mem[X,0x00000000800019FC] -> 0x0013
PTW: Start, vpn=0x30080001, access_type=X, privilege=Umem[R,0x0000000080009030] -> 0x00000000000000DB
PTW: Step, level=3, pte=0xDB, pte_addr=0x80009030
PTW: Success, final_ppn=0x80001, level=3mem[X,0x00000000800019FE] -> 0x0000
[2741] [U]: 0x00000300800019FC (0x00000013) addi x0, x0, 0x0                        va_rvtest_code_begin+4672

clint mtime 0x000000000000055B (mip.MTI <- 0b1, mip.STI <- 0b0)
PTW: Start, vpn=0x30080001, access_type=X, privilege=Umem[R,0x0000000080009030] -> 0x00000000000000DB
PTW: Step, level=3, pte=0xDB, pte_addr=0x80009030
PTW: Success, final_ppn=0x80001, level=3mem[X,0x0000000080001A00] -> 0x0217
PTW: Start, vpn=0x30080001, access_type=X, privilege=Umem[R,0x0000000080009030] -> 0x00000000000000DB
PTW: Step, level=3, pte=0xDB, pte_addr=0x80009030
PTW: Success, final_ppn=0x80001, level=3mem[X,0x0000000080001A02] -> 0x0000
[2742] [U]: 0x0000030080001A00 (0x00000217) auipc x4, 0x0                           va_rvtest_code_begin+4676
x4 <- 0x0000030080001A00

PTW: Start, vpn=0x30080001, access_type=X, privilege=Umem[R,0x0000000080009030] -> 0x00000000000000DB
PTW: Step, level=3, pte=0xDB, pte_addr=0x80009030
PTW: Success, final_ppn=0x80001, level=3mem[X,0x0000000080001A04] -> 0x0213
PTW: Start, vpn=0x30080001, access_type=X, privilege=Umem[R,0x0000000080009030] -> 0x00000000000000DB
PTW: Step, level=3, pte=0xDB, pte_addr=0x80009030
PTW: Success, final_ppn=0x80001, level=3mem[X,0x0000000080001A06] -> 0x02C2
[2743] [U]: 0x0000030080001A04 (0x02C20213) addi x4, x4, 0x2c                       va_rvtest_code_begin+4680
x4 <- 0x0000030080001A2C

clint mtime 0x000000000000055C (mip.MTI <- 0b1, mip.STI <- 0b0)
PTW: Start, vpn=0x30080001, access_type=X, privilege=Umem[R,0x0000000080009030] -> 0x00000000000000DB
PTW: Step, level=3, pte=0xDB, pte_addr=0x80009030
PTW: Success, final_ppn=0x80001, level=3mem[X,0x0000000080001A08] -> 0x0001
[2744] [U]: 0x0000030080001A08 (0x0001) c.nop                                       va_rvtest_code_begin+4684

PTW: Start, vpn=0x30080001, access_type=X, privilege=Umem[R,0x0000000080009030] -> 0x00000000000000DB
PTW: Step, level=3, pte=0xDB, pte_addr=0x80009030
PTW: Success, final_ppn=0x80001, level=3mem[X,0x0000000080001A0A] -> 0x0013
PTW: Start, vpn=0x30080001, access_type=X, privilege=Umem[R,0x0000000080009030] -> 0x00000000000000DB
PTW: Step, level=3, pte=0xDB, pte_addr=0x80009030
PTW: Success, final_ppn=0x80001, level=3mem[X,0x0000000080001A0C] -> 0x0000
[2745] [U]: 0x0000030080001A0A (0x00000013) addi x0, x0, 0x0                        va_rvtest_code_begin+4686

clint mtime 0x000000000000055D (mip.MTI <- 0b1, mip.STI <- 0b0)
PTW: Start, vpn=0x30080001, access_type=X, privilege=Umem[R,0x0000000080009030] -> 0x00000000000000DB
PTW: Step, level=3, pte=0xDB, pte_addr=0x80009030
PTW: Success, final_ppn=0x80001, level=3mem[X,0x0000000080001A0E] -> 0x0013
PTW: Start, vpn=0x30080001, access_type=X, privilege=Umem[R,0x0000000080009030] -> 0x00000000000000DB
PTW: Step, level=3, pte=0xDB, pte_addr=0x80009030
PTW: Success, final_ppn=0x80001, level=3mem[X,0x0000000080001A10] -> 0x0000
[2746] [U]: 0x0000030080001A0E (0x00000013) addi x0, x0, 0x0                        va_rvtest_code_begin+4690

PTW: Start, vpn=0x30080001, access_type=X, privilege=Umem[R,0x0000000080009030] -> 0x00000000000000DB
PTW: Step, level=3, pte=0xDB, pte_addr=0x80009030
PTW: Success, final_ppn=0x80001, level=3mem[X,0x0000000080001A12] -> 0x0013
PTW: Start, vpn=0x30080001, access_type=X, privilege=Umem[R,0x0000000080009030] -> 0x00000000000000DB
PTW: Step, level=3, pte=0xDB, pte_addr=0x80009030
PTW: Success, final_ppn=0x80001, level=3mem[X,0x0000000080001A14] -> 0x0000
[2747] [U]: 0x0000030080001A12 (0x00000013) addi x0, x0, 0x0                        va_rvtest_code_begin+4694

clint mtime 0x000000000000055E (mip.MTI <- 0b1, mip.STI <- 0b0)
PTW: Start, vpn=0x30080001, access_type=X, privilege=Umem[R,0x0000000080009030] -> 0x00000000000000DB
PTW: Step, level=3, pte=0xDB, pte_addr=0x80009030
PTW: Success, final_ppn=0x80001, level=3mem[X,0x0000000080001A16] -> 0x0013
PTW: Start, vpn=0x30080001, access_type=X, privilege=Umem[R,0x0000000080009030] -> 0x00000000000000DB
PTW: Step, level=3, pte=0xDB, pte_addr=0x80009030
PTW: Success, final_ppn=0x80001, level=3mem[X,0x0000000080001A18] -> 0x0000
[2748] [U]: 0x0000030080001A16 (0x00000013) addi x0, x0, 0x0                        va_rvtest_code_begin+4698

PTW: Start, vpn=0x30080001, access_type=X, privilege=Umem[R,0x0000000080009030] -> 0x00000000000000DB
PTW: Step, level=3, pte=0xDB, pte_addr=0x80009030
PTW: Success, final_ppn=0x80001, level=3mem[X,0x0000000080001A1A] -> 0x0013
PTW: Start, vpn=0x30080001, access_type=X, privilege=Umem[R,0x0000000080009030] -> 0x00000000000000DB
PTW: Step, level=3, pte=0xDB, pte_addr=0x80009030
PTW: Success, final_ppn=0x80001, level=3mem[X,0x0000000080001A1C] -> 0x0000
[2749] [U]: 0x0000030080001A1A (0x00000013) addi x0, x0, 0x0                        va_rvtest_code_begin+4702

clint mtime 0x000000000000055F (mip.MTI <- 0b1, mip.STI <- 0b0)
PTW: Start, vpn=0x30080001, access_type=X, privilege=Umem[R,0x0000000080009030] -> 0x00000000000000DB
PTW: Step, level=3, pte=0xDB, pte_addr=0x80009030
PTW: Success, final_ppn=0x80001, level=3mem[X,0x0000000080001A1E] -> 0x0001
[2750] [U]: 0x0000030080001A1E (0x0001) c.nop                                       va_rvtest_code_begin+4706

PTW: Start, vpn=0x30080001, access_type=X, privilege=Umem[R,0x0000000080009030] -> 0x00000000000000DB
PTW: Step, level=3, pte=0xDB, pte_addr=0x80009030
PTW: Success, final_ppn=0x80001, level=3mem[X,0x0000000080001A20] -> 0x80E7
PTW: Start, vpn=0x30080001, access_type=X, privilege=Umem[R,0x0000000080009030] -> 0x00000000000000DB
PTW: Step, level=3, pte=0xDB, pte_addr=0x80009030
PTW: Success, final_ppn=0x80001, level=3mem[X,0x0000000080001A22] -> 0x0007
[2751] [U]: 0x0000030080001A20 (0x000780E7) jalr x1, 0x0(x15)                       va_rvtest_code_begin+4708
x1 <- 0x0000030080001A24

clint mtime 0x0000000000000560 (mip.MTI <- 0b1, mip.STI <- 0b0)
PTW: Start, vpn=0x28000000, access_type=X, privilege=Umem[R,0x0000000080009028] -> 0x0000000020002001
PTW: Step, level=3, pte=0x20002001, pte_addr=0x80009028
PTW: Start, vpn=0x28000000, access_type=X, privilege=Umem[R,0x0000000080008000] -> 0x0000000020001C01
PTW: Step, level=2, pte=0x20001C01, pte_addr=0x80008000
PTW: Start, vpn=0x28000000, access_type=X, privilege=Umem[R,0x0000000080007000] -> 0x00000000200003DF
PTW: Step, level=1, pte=0x200003DF, pte_addr=0x80007000
PTW: Success, final_ppn=0x80000, level=1mem[X,0x0000000080000400] -> 0x0013
mem[X,0x0000000080000402] -> 0x0000
[2752] [U]: 0x0000028000000400 (0x00000013) addi x0, x0, 0x0                        va_data+0

mem[X,0x0000000080000404] -> 0x8093
mem[X,0x0000000080000406] -> 0x0080
[2753] [U]: 0x0000028000000404 (0x00808093) addi x1, x1, 0x8                        va_data+4
x1 <- 0x0000030080001A2C

clint mtime 0x0000000000000561 (mip.MTI <- 0b1, mip.STI <- 0b0)
mem[X,0x0000000080000408] -> 0x8067
mem[X,0x000000008000040A] -> 0x0000
[2754] [U]: 0x0000028000000408 (0x00008067) jalr x0, 0x0(x1)                        va_data+8

PTW: Start, vpn=0x30080001, access_type=X, privilege=Umem[R,0x0000000080009030] -> 0x00000000000000DB
PTW: Step, level=3, pte=0xDB, pte_addr=0x80009030
PTW: Success, final_ppn=0x80001, level=3mem[X,0x0000000080001A2C] -> 0x0013
PTW: Start, vpn=0x30080001, access_type=X, privilege=Umem[R,0x0000000080009030] -> 0x00000000000000DB
PTW: Step, level=3, pte=0xDB, pte_addr=0x80009030
PTW: Success, final_ppn=0x80001, level=3mem[X,0x0000000080001A2E] -> 0x0000
[2755] [U]: 0x0000030080001A2C (0x00000013) addi x0, x0, 0x0                        va_rvtest_code_begin+4720

clint mtime 0x0000000000000562 (mip.MTI <- 0b1, mip.STI <- 0b0)
PTW: Start, vpn=0x30080001, access_type=X, privilege=Umem[R,0x0000000080009030] -> 0x00000000000000DB
PTW: Step, level=3, pte=0xDB, pte_addr=0x80009030
PTW: Success, final_ppn=0x80001, level=3mem[X,0x0000000080001A30] -> 0x0013
PTW: Start, vpn=0x30080001, access_type=X, privilege=Umem[R,0x0000000080009030] -> 0x00000000000000DB
PTW: Step, level=3, pte=0xDB, pte_addr=0x80009030
PTW: Success, final_ppn=0x80001, level=3mem[X,0x0000000080001A32] -> 0x0000
[2756] [U]: 0x0000030080001A30 (0x00000013) addi x0, x0, 0x0                        va_rvtest_code_begin+4724

PTW: Start, vpn=0x30080001, access_type=X, privilege=Umem[R,0x0000000080009030] -> 0x00000000000000DB
PTW: Step, level=3, pte=0xDB, pte_addr=0x80009030
PTW: Success, final_ppn=0x80001, level=3mem[X,0x0000000080001A34] -> 0x0013
PTW: Start, vpn=0x30080001, access_type=X, privilege=Umem[R,0x0000000080009030] -> 0x00000000000000DB
PTW: Step, level=3, pte=0xDB, pte_addr=0x80009030
PTW: Success, final_ppn=0x80001, level=3mem[X,0x0000000080001A36] -> 0x0000
[2757] [U]: 0x0000030080001A34 (0x00000013) addi x0, x0, 0x0                        va_rvtest_code_begin+4728

clint mtime 0x0000000000000563 (mip.MTI <- 0b1, mip.STI <- 0b0)
PTW: Start, vpn=0x30080001, access_type=X, privilege=Umem[R,0x0000000080009030] -> 0x00000000000000DB
PTW: Step, level=3, pte=0xDB, pte_addr=0x80009030
PTW: Success, final_ppn=0x80001, level=3mem[X,0x0000000080001A38] -> 0x0113
PTW: Start, vpn=0x30080001, access_type=X, privilege=Umem[R,0x0000000080009030] -> 0x00000000000000DB
PTW: Step, level=3, pte=0xDB, pte_addr=0x80009030
PTW: Success, final_ppn=0x80001, level=3mem[X,0x0000000080001A3A] -> 0x0000
[2758] [U]: 0x0000030080001A38 (0x00000113) addi x2, x0, 0x0                        va_rvtest_code_begin+4732
x2 <- 0x0000000000000000

PTW: Start, vpn=0x30080001, access_type=X, privilege=Umem[R,0x0000000080009030] -> 0x00000000000000DB
PTW: Step, level=3, pte=0xDB, pte_addr=0x80009030
PTW: Success, final_ppn=0x80001, level=3mem[X,0x0000000080001A3C] -> 0x0073
PTW: Start, vpn=0x30080001, access_type=X, privilege=Umem[R,0x0000000080009030] -> 0x00000000000000DB
PTW: Step, level=3, pte=0xDB, pte_addr=0x80009030
PTW: Success, final_ppn=0x80001, level=3mem[X,0x0000000080001A3E] -> 0x0000
[2759] [U]: 0x0000030080001A3C (0x00000073) ecall                                   va_rvtest_code_begin+4736
trapping from U to M to handle u-call
handling exc#u-call at priv M with tval 0x0000000000000000
CSR mstatus (0x300) <- 0x0000000A00000000
CSR mcause (0x342) <- 0x0000000000000008
CSR mtval (0x343) <- 0x0000000000000000
CSR mepc (0x341) <- 0x0000030080001A3C

clint mtime 0x0000000000000564 (mip.MTI <- 0b1, mip.STI <- 0b0)
mem[X,0x0000000080002380] -> 0x006F
mem[X,0x0000000080002382] -> 0x1000
[2760] [M]: 0x0000000080002380 (0x1000006F) jal x0, 0x100                           Mtrampoline+0

mem[X,0x0000000080002480] -> 0x1173
mem[X,0x0000000080002482] -> 0x3401
[2761] [M]: 0x0000000080002480 (0x34011173) csrrw x2, mscratch, x2                  trap_Mhandler+0
CSR mscratch (0x340) <- 0x0000000000000000
x2 <- 0x0000000080005000

clint mtime 0x0000000000000565 (mip.MTI <- 0b1, mip.STI <- 0b0)
mem[X,0x0000000080002484] -> 0x3423
mem[X,0x0000000080002486] -> 0x28B1
[2762] [M]: 0x0000000080002484 (0x28B13423) sd x11, 0x288(x2)                       trap_Mhandler+4
mem[W,0x0000000080005288] <- 0x00000000000003DF

mem[X,0x0000000080002488] -> 0x05EF
mem[X,0x000000008000248A] -> 0x0B80
[2763] [M]: 0x0000000080002488 (0x0B8005EF) jal x11, 0xb8                           trap_Mhandler+8
x11 <- 0x000000008000248C

clint mtime 0x0000000000000566 (mip.MTI <- 0b1, mip.STI <- 0b0)
mem[X,0x0000000080002540] -> 0x3023
mem[X,0x0000000080002542] -> 0x28A1
[2764] [M]: 0x0000000080002540 (0x28A13023) sd x10, 0x280(x2)                       common_Mhandler+0
mem[W,0x0000000080005280] <- 0x00000000200003DF

mem[X,0x0000000080002544] -> 0x1573
mem[X,0x0000000080002546] -> 0x3401
[2765] [M]: 0x0000000080002544 (0x34011573) csrrw x10, mscratch, x2                 common_Mhandler+4
CSR mscratch (0x340) <- 0x0000000080005000
x10 <- 0x0000000000000000

clint mtime 0x0000000000000567 (mip.MTI <- 0b1, mip.STI <- 0b0)
mem[X,0x0000000080002548] -> 0x3823
mem[X,0x000000008000254A] -> 0x28A1
[2766] [M]: 0x0000000080002548 (0x28A13823) sd x10, 0x290(x2)                       common_Mhandler+8
mem[W,0x0000000080005290] <- 0x0000000000000000

mem[X,0x000000008000254C] -> 0x3503
mem[X,0x000000008000254E] -> 0x2301
[2767] [M]: 0x000000008000254C (0x23013503) ld x10, 0x230(x2)                       common_Mhandler+12
mem[R,0x0000000080005230] -> 0x0000000080002554
x10 <- 0x0000000080002554

clint mtime 0x0000000000000568 (mip.MTI <- 0b1, mip.STI <- 0b0)
mem[X,0x0000000080002550] -> 0x0067
mem[X,0x0000000080002552] -> 0x0005
[2768] [M]: 0x0000000080002550 (0x00050067) jalr x0, 0x0(x10)                       common_Mhandler+16

mem[X,0x0000000080002554] -> 0x3C23
mem[X,0x0000000080002556] -> 0x2691
[2769] [M]: 0x0000000080002554 (0x26913C23) sd x9, 0x278(x2)                        common_Mentry+0
mem[W,0x0000000080005278] <- 0x00000300000001BC

clint mtime 0x0000000000000569 (mip.MTI <- 0b1, mip.STI <- 0b0)
mem[X,0x0000000080002558] -> 0x3823
mem[X,0x000000008000255A] -> 0x2681
[2770] [M]: 0x0000000080002558 (0x26813823) sd x8, 0x270(x2)                        common_Mentry+4
mem[W,0x0000000080005270] <- 0x0000000000007F76

mem[X,0x000000008000255C] -> 0x3423
mem[X,0x000000008000255E] -> 0x2671
[2771] [M]: 0x000000008000255C (0x26713423) sd x7, 0x268(x2)                        common_Mentry+8
mem[W,0x0000000080005268] <- 0x0000000080005000

clint mtime 0x000000000000056A (mip.MTI <- 0b1, mip.STI <- 0b0)
mem[X,0x0000000080002560] -> 0x3023
mem[X,0x0000000080002562] -> 0x2661
[2772] [M]: 0x0000000080002560 (0x26613023) sd x6, 0x260(x2)                        common_Mentry+12
mem[W,0x0000000080005260] <- 0xFFFFFFFF7FFFE80C

mem[X,0x0000000080002564] -> 0x2573
mem[X,0x0000000080002566] -> 0x3420
[2773] [M]: 0x0000000080002564 (0x34202573) csrrs x10, mcause, x0                   spcl_M2mmode_test+0
CSR mcause (0x342) -> 0x0000000000000008
x10 <- 0x0000000000000008

clint mtime 0x000000000000056B (mip.MTI <- 0b1, mip.STI <- 0b0)
mem[X,0x0000000080002568] -> 0x04B7
mem[X,0x000000008000256A] -> 0x8000
[2774] [M]: 0x0000000080002568 (0x800004B7) lui x9, -0x80000                        spcl_M2mmode_test+4
x9 <- 0xFFFFFFFF80000000

mem[X,0x000000008000256C] -> 0x8493
mem[X,0x000000008000256E] -> 0x0004
[2775] [M]: 0x000000008000256C (0x00048493) addi x9, x9, 0x0                        spcl_M2mmode_test+8
x9 <- 0xFFFFFFFF80000000

clint mtime 0x000000000000056C (mip.MTI <- 0b1, mip.STI <- 0b0)
mem[X,0x0000000080002570] -> 0x9493
mem[X,0x0000000080002572] -> 0x00B4
[2776] [M]: 0x0000000080002570 (0x00B49493) slli x9, x9, 0xb                        spcl_M2mmode_test+12
x9 <- 0xFFFFFC0000000000

mem[X,0x0000000080002574] -> 0x8493
mem[X,0x0000000080002576] -> 0x0004
[2777] [M]: 0x0000000080002574 (0x00048493) addi x9, x9, 0x0                        spcl_M2mmode_test+16
x9 <- 0xFFFFFC0000000000

clint mtime 0x000000000000056D (mip.MTI <- 0b1, mip.STI <- 0b0)
mem[X,0x0000000080002578] -> 0x9493
mem[X,0x000000008000257A] -> 0x00B4
[2778] [M]: 0x0000000080002578 (0x00B49493) slli x9, x9, 0xb                        spcl_M2mmode_test+20
x9 <- 0xFFE0000000000000

mem[X,0x000000008000257C] -> 0x8493
mem[X,0x000000008000257E] -> 0x0034
[2779] [M]: 0x000000008000257C (0x00348493) addi x9, x9, 0x3                        spcl_M2mmode_test+24
x9 <- 0xFFE0000000000003

clint mtime 0x000000000000056E (mip.MTI <- 0b1, mip.STI <- 0b0)
mem[X,0x0000000080002580] -> 0x9493
mem[X,0x0000000080002582] -> 0x00A4
[2780] [M]: 0x0000000080002580 (0x00A49493) slli x9, x9, 0xa                        spcl_M2mmode_test+28
x9 <- 0x8000000000000C00

mem[X,0x0000000080002584] -> 0x8493
mem[X,0x0000000080002586] -> 0x3FC4
[2781] [M]: 0x0000000080002584 (0x3FC48493) addi x9, x9, 0x3fc                      spcl_M2mmode_test+32
x9 <- 0x8000000000000FFC

clint mtime 0x000000000000056F (mip.MTI <- 0b1, mip.STI <- 0b0)
mem[X,0x0000000080002588] -> 0xF4B3
mem[X,0x000000008000258A] -> 0x00A4
[2782] [M]: 0x0000000080002588 (0x00A4F4B3) and x9, x9, x10                         spcl_M2mmode_test+36
x9 <- 0x0000000000000008

mem[X,0x000000008000258C] -> 0x8493
mem[X,0x000000008000258E] -> 0xFF84
[2783] [M]: 0x000000008000258C (0xFF848493) addi x9, x9, -0x8                       spcl_M2mmode_test+40
x9 <- 0x0000000000000000

clint mtime 0x0000000000000570 (mip.MTI <- 0b1, mip.STI <- 0b0)
mem[X,0x0000000080002590] -> 0x9663
mem[X,0x0000000080002592] -> 0x0004
[2784] [M]: 0x0000000080002590 (0x00049663) bne x9, x0, 0xc                         spcl_M2mmode_test+44

mem[X,0x0000000080002594] -> 0x3383
mem[X,0x0000000080002596] -> 0x2901
[2785] [M]: 0x0000000080002594 (0x29013383) ld x7, 0x290(x2)                        spcl_M2mmode_test+48
mem[R,0x0000000080005290] -> 0x0000000000000000
x7 <- 0x0000000000000000

clint mtime 0x0000000000000571 (mip.MTI <- 0b1, mip.STI <- 0b0)
mem[X,0x0000000080002598] -> 0x8663
mem[X,0x000000008000259A] -> 0x6E03
[2786] [M]: 0x0000000080002598 (0x6E038663) beq x7, x0, 0x6ec                       spcl_M2mmode_test+52

mem[X,0x0000000080002C84] -> 0x0493
mem[X,0x0000000080002C86] -> 0xFF55
[2787] [M]: 0x0000000080002C84 (0xFF550493) addi x9, x10, -0xb                      rtn2mmode+0
x9 <- 0xFFFFFFFFFFFFFFFD

clint mtime 0x0000000000000572 (mip.MTI <- 0b1, mip.STI <- 0b0)
mem[X,0x0000000080002C88] -> 0x8C63
mem[X,0x0000000080002C8A] -> 0x0004
[2788] [M]: 0x0000000080002C88 (0x00048C63) beq x9, x0, 0x18                        rtn2mmode+4

mem[X,0x0000000080002C8C] -> 0x3583
mem[X,0x0000000080002C8E] -> 0x4701
[2789] [M]: 0x0000000080002C8C (0x47013583) ld x11, 0x470(x2)                       rtn2mmode+8
mem[R,0x0000000080005470] -> 0x00000300800007BC
x11 <- 0x00000300800007BC

clint mtime 0x0000000000000573 (mip.MTI <- 0b1, mip.STI <- 0b0)
mem[X,0x0000000080002C90] -> 0xD463
mem[X,0x0000000080002C92] -> 0x0003
[2790] [M]: 0x0000000080002C90 (0x0003D463) bge x7, x0, 0x8                         rtn2mmode+12

mem[X,0x0000000080002C98] -> 0x3483
mem[X,0x0000000080002C9A] -> 0x1D81
[2791] [M]: 0x0000000080002C98 (0x1D813483) ld x9, 0x1d8(x2)                        from_u_s+0
mem[R,0x00000000800051D8] -> 0x00000000800007D4
x9 <- 0x00000000800007D4

clint mtime 0x0000000000000574 (mip.MTI <- 0b1, mip.STI <- 0b0)
mem[X,0x0000000080002C9C] -> 0x84B3
mem[X,0x0000000080002C9E] -> 0x40B4
[2792] [M]: 0x0000000080002C9C (0x40B484B3) sub x9, x9, x11                         from_u_s+4
x9 <- 0xFFFFFD0000000018

mem[X,0x0000000080002CA0] -> 0x23F3
mem[X,0x0000000080002CA2] -> 0x3410
[2793] [M]: 0x0000000080002CA0 (0x341023F3) csrrs x7, mepc, x0                      rtn_fm_mmode+0
CSR mepc (0x341) -> 0x0000030080001A3C
x7 <- 0x0000030080001A3C

clint mtime 0x0000000000000575 (mip.MTI <- 0b1, mip.STI <- 0b0)
mem[X,0x0000000080002CA4] -> 0x83B3
mem[X,0x0000000080002CA6] -> 0x0093
[2794] [M]: 0x0000000080002CA4 (0x009383B3) add x7, x7, x9                          rtn_fm_mmode+4
x7 <- 0x0000000080001A54

mem[X,0x0000000080002CA8] -> 0x3303
mem[X,0x0000000080002CAA] -> 0x2601
[2795] [M]: 0x0000000080002CA8 (0x26013303) ld x6, 0x260(x2)                        rtn_fm_mmode+8
mem[R,0x0000000080005260] -> 0xFFFFFFFF7FFFE80C
x6 <- 0xFFFFFFFF7FFFE80C

clint mtime 0x0000000000000576 (mip.MTI <- 0b1, mip.STI <- 0b0)
mem[X,0x0000000080002CAC] -> 0x3403
mem[X,0x0000000080002CAE] -> 0x2701
[2796] [M]: 0x0000000080002CAC (0x27013403) ld x8, 0x270(x2)                        rtn_fm_mmode+12
mem[R,0x0000000080005270] -> 0x0000000000007F76
x8 <- 0x0000000000007F76

mem[X,0x0000000080002CB0] -> 0x3483
mem[X,0x0000000080002CB2] -> 0x2781
[2797] [M]: 0x0000000080002CB0 (0x27813483) ld x9, 0x278(x2)                        rtn_fm_mmode+16
mem[R,0x0000000080005278] -> 0x00000300000001BC
x9 <- 0x00000300000001BC

clint mtime 0x0000000000000577 (mip.MTI <- 0b1, mip.STI <- 0b0)
mem[X,0x0000000080002CB4] -> 0x3503
mem[X,0x0000000080002CB6] -> 0x2801
[2798] [M]: 0x0000000080002CB4 (0x28013503) ld x10, 0x280(x2)                       rtn_fm_mmode+20
mem[R,0x0000000080005280] -> 0x00000000200003DF
x10 <- 0x00000000200003DF

mem[X,0x0000000080002CB8] -> 0x3583
mem[X,0x0000000080002CBA] -> 0x2881
[2799] [M]: 0x0000000080002CB8 (0x28813583) ld x11, 0x288(x2)                       rtn_fm_mmode+24
mem[R,0x0000000080005288] -> 0x00000000000003DF
x11 <- 0x00000000000003DF

clint mtime 0x0000000000000578 (mip.MTI <- 0b1, mip.STI <- 0b0)
mem[X,0x0000000080002CBC] -> 0x3103
mem[X,0x0000000080002CBE] -> 0x2901
[2800] [M]: 0x0000000080002CBC (0x29013103) ld x2, 0x290(x2)                        rtn_fm_mmode+28
mem[R,0x0000000080005290] -> 0x0000000000000000
x2 <- 0x0000000000000000

mem[X,0x0000000080002CC0] -> 0x8067
mem[X,0x0000000080002CC2] -> 0x0043
[2801] [M]: 0x0000000080002CC0 (0x00438067) jalr x0, 0x4(x7)                        rtn_fm_mmode+32

clint mtime 0x0000000000000579 (mip.MTI <- 0b1, mip.STI <- 0b0)
mem[X,0x0000000080001A58] -> 0x0013
mem[X,0x0000000080001A5A] -> 0x0000
[2802] [M]: 0x0000000080001A58 (0x00000013) addi x0, x0, 0x0                        main+4696

mem[X,0x0000000080001A5C] -> 0x0013
mem[X,0x0000000080001A5E] -> 0x0000
[2803] [M]: 0x0000000080001A5C (0x00000013) addi x0, x0, 0x0                        main+4700

clint mtime 0x000000000000057A (mip.MTI <- 0b1, mip.STI <- 0b0)
mem[X,0x0000000080001A60] -> 0x6517
mem[X,0x0000000080001A62] -> 0x0000
[2804] [M]: 0x0000000080001A60 (0x00006517) auipc x10, 0x6                          main+4704
x10 <- 0x0000000080007A60

mem[X,0x0000000080001A64] -> 0x0513
mem[X,0x0000000080001A66] -> 0x5A05
[2805] [M]: 0x0000000080001A64 (0x5A050513) addi x10, x10, 0x5a0                    main+4708
x10 <- 0x0000000080008000

clint mtime 0x000000000000057B (mip.MTI <- 0b1, mip.STI <- 0b0)
mem[X,0x0000000080001A68] -> 0x0001
[2806] [M]: 0x0000000080001A68 (0x0001) c.nop                                       main+4712

mem[X,0x0000000080001A6A] -> 0x0013
mem[X,0x0000000080001A6C] -> 0x0000
[2807] [M]: 0x0000000080001A6A (0x00000013) addi x0, x0, 0x0                        main+4714

clint mtime 0x000000000000057C (mip.MTI <- 0b1, mip.STI <- 0b0)
mem[X,0x0000000080001A6E] -> 0x0013
mem[X,0x0000000080001A70] -> 0x0000
[2808] [M]: 0x0000000080001A6E (0x00000013) addi x0, x0, 0x0                        main+4718

mem[X,0x0000000080001A72] -> 0x0013
mem[X,0x0000000080001A74] -> 0x0000
[2809] [M]: 0x0000000080001A72 (0x00000013) addi x0, x0, 0x0                        main+4722

clint mtime 0x000000000000057D (mip.MTI <- 0b1, mip.STI <- 0b0)
mem[X,0x0000000080001A76] -> 0x0013
mem[X,0x0000000080001A78] -> 0x0000
[2810] [M]: 0x0000000080001A76 (0x00000013) addi x0, x0, 0x0                        main+4726

mem[X,0x0000000080001A7A] -> 0x0013
mem[X,0x0000000080001A7C] -> 0x0000
[2811] [M]: 0x0000000080001A7A (0x00000013) addi x0, x0, 0x0                        main+4730

clint mtime 0x000000000000057E (mip.MTI <- 0b1, mip.STI <- 0b0)
mem[X,0x0000000080001A7E] -> 0x0001
[2812] [M]: 0x0000000080001A7E (0x0001) c.nop                                       main+4734

mem[X,0x0000000080001A80] -> 0x0593
mem[X,0x0000000080001A82] -> 0x0010
[2813] [M]: 0x0000000080001A80 (0x00100593) addi x11, x0, 0x1                       main+4736
x11 <- 0x0000000000000001

clint mtime 0x000000000000057F (mip.MTI <- 0b1, mip.STI <- 0b0)
mem[X,0x0000000080001A84] -> 0x5513
mem[X,0x0000000080001A86] -> 0x00C5
[2814] [M]: 0x0000000080001A84 (0x00C55513) srli x10, x10, 0xc                      main+4740
x10 <- 0x0000000000080008

mem[X,0x0000000080001A88] -> 0x1513
mem[X,0x0000000080001A8A] -> 0x00A5
[2815] [M]: 0x0000000080001A88 (0x00A51513) slli x10, x10, 0xa                      main+4744
x10 <- 0x0000000020002000

clint mtime 0x0000000000000580 (mip.MTI <- 0b1, mip.STI <- 0b0)
mem[X,0x0000000080001A8C] -> 0x6533
mem[X,0x0000000080001A8E] -> 0x00B5
[2816] [M]: 0x0000000080001A8C (0x00B56533) or x10, x10, x11                        main+4748
x10 <- 0x0000000020002001

mem[X,0x0000000080001A90] -> 0x0013
mem[X,0x0000000080001A92] -> 0x0000
[2817] [M]: 0x0000000080001A90 (0x00000013) addi x0, x0, 0x0                        main+4752

clint mtime 0x0000000000000581 (mip.MTI <- 0b1, mip.STI <- 0b0)
mem[X,0x0000000080001A94] -> 0x0013
mem[X,0x0000000080001A96] -> 0x0000
[2818] [M]: 0x0000000080001A94 (0x00000013) addi x0, x0, 0x0                        main+4756

mem[X,0x0000000080001A98] -> 0x0013
mem[X,0x0000000080001A9A] -> 0x0000
[2819] [M]: 0x0000000080001A98 (0x00000013) addi x0, x0, 0x0                        main+4760

clint mtime 0x0000000000000582 (mip.MTI <- 0b1, mip.STI <- 0b0)
mem[X,0x0000000080001A9C] -> 0x0013
mem[X,0x0000000080001A9E] -> 0x0000
[2820] [M]: 0x0000000080001A9C (0x00000013) addi x0, x0, 0x0                        main+4764

mem[X,0x0000000080001AA0] -> 0x7317
mem[X,0x0000000080001AA2] -> 0x0000
[2821] [M]: 0x0000000080001AA0 (0x00007317) auipc x6, 0x7                           main+4768
x6 <- 0x0000000080008AA0

clint mtime 0x0000000000000583 (mip.MTI <- 0b1, mip.STI <- 0b0)
mem[X,0x0000000080001AA4] -> 0x0313
mem[X,0x0000000080001AA6] -> 0x5603
[2822] [M]: 0x0000000080001AA4 (0x56030313) addi x6, x6, 0x560                      main+4772
x6 <- 0x0000000080009000

mem[X,0x0000000080001AA8] -> 0x0001
[2823] [M]: 0x0000000080001AA8 (0x0001) c.nop                                       main+4776

clint mtime 0x0000000000000584 (mip.MTI <- 0b1, mip.STI <- 0b0)
mem[X,0x0000000080001AAA] -> 0x0013
mem[X,0x0000000080001AAC] -> 0x0000
[2824] [M]: 0x0000000080001AAA (0x00000013) addi x0, x0, 0x0                        main+4778

mem[X,0x0000000080001AAE] -> 0x0013
mem[X,0x0000000080001AB0] -> 0x0000
[2825] [M]: 0x0000000080001AAE (0x00000013) addi x0, x0, 0x0                        main+4782

clint mtime 0x0000000000000585 (mip.MTI <- 0b1, mip.STI <- 0b0)
mem[X,0x0000000080001AB2] -> 0x0013
mem[X,0x0000000080001AB4] -> 0x0000
[2826] [M]: 0x0000000080001AB2 (0x00000013) addi x0, x0, 0x0                        main+4786

mem[X,0x0000000080001AB6] -> 0x0013
mem[X,0x0000000080001AB8] -> 0x0000
[2827] [M]: 0x0000000080001AB6 (0x00000013) addi x0, x0, 0x0                        main+4790

clint mtime 0x0000000000000586 (mip.MTI <- 0b1, mip.STI <- 0b0)
mem[X,0x0000000080001ABA] -> 0x0013
mem[X,0x0000000080001ABC] -> 0x0000
[2828] [M]: 0x0000000080001ABA (0x00000013) addi x0, x0, 0x0                        main+4794

mem[X,0x0000000080001ABE] -> 0x0001
[2829] [M]: 0x0000000080001ABE (0x0001) c.nop                                       main+4798

clint mtime 0x0000000000000587 (mip.MTI <- 0b1, mip.STI <- 0b0)
mem[X,0x0000000080001AC0] -> 0x0293
mem[X,0x0000000080001AC2] -> 0x0280
[2830] [M]: 0x0000000080001AC0 (0x02800293) addi x5, x0, 0x28                       main+4800
x5 <- 0x0000000000000028

mem[X,0x0000000080001AC4] -> 0x0333
mem[X,0x0000000080001AC6] -> 0x0053
[2831] [M]: 0x0000000080001AC4 (0x00530333) add x6, x6, x5                          main+4804
x6 <- 0x0000000080009028

clint mtime 0x0000000000000588 (mip.MTI <- 0b1, mip.STI <- 0b0)
mem[X,0x0000000080001AC8] -> 0x3023
mem[X,0x0000000080001ACA] -> 0x00A3
[2832] [M]: 0x0000000080001AC8 (0x00A33023) sd x10, 0x0(x6)                         main+4808
mem[W,0x0000000080009028] <- 0x0000000020002001

mem[X,0x0000000080001ACC] -> 0x0013
mem[X,0x0000000080001ACE] -> 0x0000
[2833] [M]: 0x0000000080001ACC (0x00000013) addi x0, x0, 0x0                        main+4812

clint mtime 0x0000000000000589 (mip.MTI <- 0b1, mip.STI <- 0b0)
mem[X,0x0000000080001AD0] -> 0x0013
mem[X,0x0000000080001AD2] -> 0x0000
[2834] [M]: 0x0000000080001AD0 (0x00000013) addi x0, x0, 0x0                        main+4816

mem[X,0x0000000080001AD4] -> 0x0013
mem[X,0x0000000080001AD6] -> 0x0000
[2835] [M]: 0x0000000080001AD4 (0x00000013) addi x0, x0, 0x0                        main+4820

clint mtime 0x000000000000058A (mip.MTI <- 0b1, mip.STI <- 0b0)
mem[X,0x0000000080001AD8] -> 0x0013
mem[X,0x0000000080001ADA] -> 0x0000
[2836] [M]: 0x0000000080001AD8 (0x00000013) addi x0, x0, 0x0                        main+4824

mem[X,0x0000000080001ADC] -> 0x0013
mem[X,0x0000000080001ADE] -> 0x0000
[2837] [M]: 0x0000000080001ADC (0x00000013) addi x0, x0, 0x0                        main+4828

clint mtime 0x000000000000058B (mip.MTI <- 0b1, mip.STI <- 0b0)
mem[X,0x0000000080001AE0] -> 0x5517
mem[X,0x0000000080001AE2] -> 0x0000
[2838] [M]: 0x0000000080001AE0 (0x00005517) auipc x10, 0x5                          main+4832
x10 <- 0x0000000080006AE0

mem[X,0x0000000080001AE4] -> 0x0513
mem[X,0x0000000080001AE6] -> 0x5205
[2839] [M]: 0x0000000080001AE4 (0x52050513) addi x10, x10, 0x520                    main+4836
x10 <- 0x0000000080007000

clint mtime 0x000000000000058C (mip.MTI <- 0b1, mip.STI <- 0b0)
mem[X,0x0000000080001AE8] -> 0x0001
[2840] [M]: 0x0000000080001AE8 (0x0001) c.nop                                       main+4840

mem[X,0x0000000080001AEA] -> 0x0013
mem[X,0x0000000080001AEC] -> 0x0000
[2841] [M]: 0x0000000080001AEA (0x00000013) addi x0, x0, 0x0                        main+4842

clint mtime 0x000000000000058D (mip.MTI <- 0b1, mip.STI <- 0b0)
mem[X,0x0000000080001AEE] -> 0x0013
mem[X,0x0000000080001AF0] -> 0x0000
[2842] [M]: 0x0000000080001AEE (0x00000013) addi x0, x0, 0x0                        main+4846

mem[X,0x0000000080001AF2] -> 0x0013
mem[X,0x0000000080001AF4] -> 0x0000
[2843] [M]: 0x0000000080001AF2 (0x00000013) addi x0, x0, 0x0                        main+4850

clint mtime 0x000000000000058E (mip.MTI <- 0b1, mip.STI <- 0b0)
mem[X,0x0000000080001AF6] -> 0x0013
mem[X,0x0000000080001AF8] -> 0x0000
[2844] [M]: 0x0000000080001AF6 (0x00000013) addi x0, x0, 0x0                        main+4854

mem[X,0x0000000080001AFA] -> 0x0013
mem[X,0x0000000080001AFC] -> 0x0000
[2845] [M]: 0x0000000080001AFA (0x00000013) addi x0, x0, 0x0                        main+4858

clint mtime 0x000000000000058F (mip.MTI <- 0b1, mip.STI <- 0b0)
mem[X,0x0000000080001AFE] -> 0x0001
[2846] [M]: 0x0000000080001AFE (0x0001) c.nop                                       main+4862

mem[X,0x0000000080001B00] -> 0x0593
mem[X,0x0000000080001B02] -> 0x0010
[2847] [M]: 0x0000000080001B00 (0x00100593) addi x11, x0, 0x1                       main+4864
x11 <- 0x0000000000000001

clint mtime 0x0000000000000590 (mip.MTI <- 0b1, mip.STI <- 0b0)
mem[X,0x0000000080001B04] -> 0x5513
mem[X,0x0000000080001B06] -> 0x00C5
[2848] [M]: 0x0000000080001B04 (0x00C55513) srli x10, x10, 0xc                      main+4868
x10 <- 0x0000000000080007

mem[X,0x0000000080001B08] -> 0x1513
mem[X,0x0000000080001B0A] -> 0x00A5
[2849] [M]: 0x0000000080001B08 (0x00A51513) slli x10, x10, 0xa                      main+4872
x10 <- 0x0000000020001C00

clint mtime 0x0000000000000591 (mip.MTI <- 0b1, mip.STI <- 0b0)
mem[X,0x0000000080001B0C] -> 0x6533
mem[X,0x0000000080001B0E] -> 0x00B5
[2850] [M]: 0x0000000080001B0C (0x00B56533) or x10, x10, x11                        main+4876
x10 <- 0x0000000020001C01

mem[X,0x0000000080001B10] -> 0x0013
mem[X,0x0000000080001B12] -> 0x0000
[2851] [M]: 0x0000000080001B10 (0x00000013) addi x0, x0, 0x0                        main+4880

clint mtime 0x0000000000000592 (mip.MTI <- 0b1, mip.STI <- 0b0)
mem[X,0x0000000080001B14] -> 0x0013
mem[X,0x0000000080001B16] -> 0x0000
[2852] [M]: 0x0000000080001B14 (0x00000013) addi x0, x0, 0x0                        main+4884

mem[X,0x0000000080001B18] -> 0x0013
mem[X,0x0000000080001B1A] -> 0x0000
[2853] [M]: 0x0000000080001B18 (0x00000013) addi x0, x0, 0x0                        main+4888

clint mtime 0x0000000000000593 (mip.MTI <- 0b1, mip.STI <- 0b0)
mem[X,0x0000000080001B1C] -> 0x0013
mem[X,0x0000000080001B1E] -> 0x0000
[2854] [M]: 0x0000000080001B1C (0x00000013) addi x0, x0, 0x0                        main+4892

mem[X,0x0000000080001B20] -> 0x6317
mem[X,0x0000000080001B22] -> 0x0000
[2855] [M]: 0x0000000080001B20 (0x00006317) auipc x6, 0x6                           main+4896
x6 <- 0x0000000080007B20

clint mtime 0x0000000000000594 (mip.MTI <- 0b1, mip.STI <- 0b0)
mem[X,0x0000000080001B24] -> 0x0313
mem[X,0x0000000080001B26] -> 0x4E03
[2856] [M]: 0x0000000080001B24 (0x4E030313) addi x6, x6, 0x4e0                      main+4900
x6 <- 0x0000000080008000

mem[X,0x0000000080001B28] -> 0x0001
[2857] [M]: 0x0000000080001B28 (0x0001) c.nop                                       main+4904

clint mtime 0x0000000000000595 (mip.MTI <- 0b1, mip.STI <- 0b0)
mem[X,0x0000000080001B2A] -> 0x0013
mem[X,0x0000000080001B2C] -> 0x0000
[2858] [M]: 0x0000000080001B2A (0x00000013) addi x0, x0, 0x0                        main+4906

mem[X,0x0000000080001B2E] -> 0x0013
mem[X,0x0000000080001B30] -> 0x0000
[2859] [M]: 0x0000000080001B2E (0x00000013) addi x0, x0, 0x0                        main+4910

clint mtime 0x0000000000000596 (mip.MTI <- 0b1, mip.STI <- 0b0)
mem[X,0x0000000080001B32] -> 0x0013
mem[X,0x0000000080001B34] -> 0x0000
[2860] [M]: 0x0000000080001B32 (0x00000013) addi x0, x0, 0x0                        main+4914

mem[X,0x0000000080001B36] -> 0x0013
mem[X,0x0000000080001B38] -> 0x0000
[2861] [M]: 0x0000000080001B36 (0x00000013) addi x0, x0, 0x0                        main+4918

clint mtime 0x0000000000000597 (mip.MTI <- 0b1, mip.STI <- 0b0)
mem[X,0x0000000080001B3A] -> 0x0013
mem[X,0x0000000080001B3C] -> 0x0000
[2862] [M]: 0x0000000080001B3A (0x00000013) addi x0, x0, 0x0                        main+4922

mem[X,0x0000000080001B3E] -> 0x0001
[2863] [M]: 0x0000000080001B3E (0x0001) c.nop                                       main+4926

clint mtime 0x0000000000000598 (mip.MTI <- 0b1, mip.STI <- 0b0)
mem[X,0x0000000080001B40] -> 0x0293
mem[X,0x0000000080001B42] -> 0x0000
[2864] [M]: 0x0000000080001B40 (0x00000293) addi x5, x0, 0x0                        main+4928
x5 <- 0x0000000000000000

mem[X,0x0000000080001B44] -> 0x0333
mem[X,0x0000000080001B46] -> 0x0053
[2865] [M]: 0x0000000080001B44 (0x00530333) add x6, x6, x5                          main+4932
x6 <- 0x0000000080008000

clint mtime 0x0000000000000599 (mip.MTI <- 0b1, mip.STI <- 0b0)
mem[X,0x0000000080001B48] -> 0x3023
mem[X,0x0000000080001B4A] -> 0x00A3
[2866] [M]: 0x0000000080001B48 (0x00A33023) sd x10, 0x0(x6)                         main+4936
mem[W,0x0000000080008000] <- 0x0000000020001C01

mem[X,0x0000000080001B4C] -> 0x0013
mem[X,0x0000000080001B4E] -> 0x0000
[2867] [M]: 0x0000000080001B4C (0x00000013) addi x0, x0, 0x0                        main+4940

clint mtime 0x000000000000059A (mip.MTI <- 0b1, mip.STI <- 0b0)
mem[X,0x0000000080001B50] -> 0x0013
mem[X,0x0000000080001B52] -> 0x0000
[2868] [M]: 0x0000000080001B50 (0x00000013) addi x0, x0, 0x0                        main+4944

mem[X,0x0000000080001B54] -> 0x0013
mem[X,0x0000000080001B56] -> 0x0000
[2869] [M]: 0x0000000080001B54 (0x00000013) addi x0, x0, 0x0                        main+4948

clint mtime 0x000000000000059B (mip.MTI <- 0b1, mip.STI <- 0b0)
mem[X,0x0000000080001B58] -> 0x0013
mem[X,0x0000000080001B5A] -> 0x0000
[2870] [M]: 0x0000000080001B58 (0x00000013) addi x0, x0, 0x0                        main+4952

mem[X,0x0000000080001B5C] -> 0x0013
mem[X,0x0000000080001B5E] -> 0x0000
[2871] [M]: 0x0000000080001B5C (0x00000013) addi x0, x0, 0x0                        main+4956

clint mtime 0x000000000000059C (mip.MTI <- 0b1, mip.STI <- 0b0)
mem[X,0x0000000080001B60] -> 0x4517
mem[X,0x0000000080001B62] -> 0x0000
[2872] [M]: 0x0000000080001B60 (0x00004517) auipc x10, 0x4                          main+4960
x10 <- 0x0000000080005B60

mem[X,0x0000000080001B64] -> 0x0513
mem[X,0x0000000080001B66] -> 0x4A05
[2873] [M]: 0x0000000080001B64 (0x4A050513) addi x10, x10, 0x4a0                    main+4964
x10 <- 0x0000000080006000

clint mtime 0x000000000000059D (mip.MTI <- 0b1, mip.STI <- 0b0)
mem[X,0x0000000080001B68] -> 0x0001
[2874] [M]: 0x0000000080001B68 (0x0001) c.nop                                       main+4968

mem[X,0x0000000080001B6A] -> 0x0013
mem[X,0x0000000080001B6C] -> 0x0000
[2875] [M]: 0x0000000080001B6A (0x00000013) addi x0, x0, 0x0                        main+4970

clint mtime 0x000000000000059E (mip.MTI <- 0b1, mip.STI <- 0b0)
mem[X,0x0000000080001B6E] -> 0x0013
mem[X,0x0000000080001B70] -> 0x0000
[2876] [M]: 0x0000000080001B6E (0x00000013) addi x0, x0, 0x0                        main+4974

mem[X,0x0000000080001B72] -> 0x0013
mem[X,0x0000000080001B74] -> 0x0000
[2877] [M]: 0x0000000080001B72 (0x00000013) addi x0, x0, 0x0                        main+4978

clint mtime 0x000000000000059F (mip.MTI <- 0b1, mip.STI <- 0b0)
mem[X,0x0000000080001B76] -> 0x0013
mem[X,0x0000000080001B78] -> 0x0000
[2878] [M]: 0x0000000080001B76 (0x00000013) addi x0, x0, 0x0                        main+4982

mem[X,0x0000000080001B7A] -> 0x0013
mem[X,0x0000000080001B7C] -> 0x0000
[2879] [M]: 0x0000000080001B7A (0x00000013) addi x0, x0, 0x0                        main+4986

clint mtime 0x00000000000005A0 (mip.MTI <- 0b1, mip.STI <- 0b0)
mem[X,0x0000000080001B7E] -> 0x0001
[2880] [M]: 0x0000000080001B7E (0x0001) c.nop                                       main+4990

mem[X,0x0000000080001B80] -> 0x0593
mem[X,0x0000000080001B82] -> 0x0010
[2881] [M]: 0x0000000080001B80 (0x00100593) addi x11, x0, 0x1                       main+4992
x11 <- 0x0000000000000001

clint mtime 0x00000000000005A1 (mip.MTI <- 0b1, mip.STI <- 0b0)
mem[X,0x0000000080001B84] -> 0x5513
mem[X,0x0000000080001B86] -> 0x00C5
[2882] [M]: 0x0000000080001B84 (0x00C55513) srli x10, x10, 0xc                      main+4996
x10 <- 0x0000000000080006

mem[X,0x0000000080001B88] -> 0x1513
mem[X,0x0000000080001B8A] -> 0x00A5
[2883] [M]: 0x0000000080001B88 (0x00A51513) slli x10, x10, 0xa                      main+5000
x10 <- 0x0000000020001800

clint mtime 0x00000000000005A2 (mip.MTI <- 0b1, mip.STI <- 0b0)
mem[X,0x0000000080001B8C] -> 0x6533
mem[X,0x0000000080001B8E] -> 0x00B5
[2884] [M]: 0x0000000080001B8C (0x00B56533) or x10, x10, x11                        main+5004
x10 <- 0x0000000020001801

mem[X,0x0000000080001B90] -> 0x0013
mem[X,0x0000000080001B92] -> 0x0000
[2885] [M]: 0x0000000080001B90 (0x00000013) addi x0, x0, 0x0                        main+5008

clint mtime 0x00000000000005A3 (mip.MTI <- 0b1, mip.STI <- 0b0)
mem[X,0x0000000080001B94] -> 0x0013
mem[X,0x0000000080001B96] -> 0x0000
[2886] [M]: 0x0000000080001B94 (0x00000013) addi x0, x0, 0x0                        main+5012

mem[X,0x0000000080001B98] -> 0x0013
mem[X,0x0000000080001B9A] -> 0x0000
[2887] [M]: 0x0000000080001B98 (0x00000013) addi x0, x0, 0x0                        main+5016

clint mtime 0x00000000000005A4 (mip.MTI <- 0b1, mip.STI <- 0b0)
mem[X,0x0000000080001B9C] -> 0x0013
mem[X,0x0000000080001B9E] -> 0x0000
[2888] [M]: 0x0000000080001B9C (0x00000013) addi x0, x0, 0x0                        main+5020

mem[X,0x0000000080001BA0] -> 0x5317
mem[X,0x0000000080001BA2] -> 0x0000
[2889] [M]: 0x0000000080001BA0 (0x00005317) auipc x6, 0x5                           main+5024
x6 <- 0x0000000080006BA0

clint mtime 0x00000000000005A5 (mip.MTI <- 0b1, mip.STI <- 0b0)
mem[X,0x0000000080001BA4] -> 0x0313
mem[X,0x0000000080001BA6] -> 0x4603
[2890] [M]: 0x0000000080001BA4 (0x46030313) addi x6, x6, 0x460                      main+5028
x6 <- 0x0000000080007000

mem[X,0x0000000080001BA8] -> 0x0001
[2891] [M]: 0x0000000080001BA8 (0x0001) c.nop                                       main+5032

clint mtime 0x00000000000005A6 (mip.MTI <- 0b1, mip.STI <- 0b0)
mem[X,0x0000000080001BAA] -> 0x0013
mem[X,0x0000000080001BAC] -> 0x0000
[2892] [M]: 0x0000000080001BAA (0x00000013) addi x0, x0, 0x0                        main+5034

mem[X,0x0000000080001BAE] -> 0x0013
mem[X,0x0000000080001BB0] -> 0x0000
[2893] [M]: 0x0000000080001BAE (0x00000013) addi x0, x0, 0x0                        main+5038

clint mtime 0x00000000000005A7 (mip.MTI <- 0b1, mip.STI <- 0b0)
mem[X,0x0000000080001BB2] -> 0x0013
mem[X,0x0000000080001BB4] -> 0x0000
[2894] [M]: 0x0000000080001BB2 (0x00000013) addi x0, x0, 0x0                        main+5042

mem[X,0x0000000080001BB6] -> 0x0013
mem[X,0x0000000080001BB8] -> 0x0000
[2895] [M]: 0x0000000080001BB6 (0x00000013) addi x0, x0, 0x0                        main+5046

clint mtime 0x00000000000005A8 (mip.MTI <- 0b1, mip.STI <- 0b0)
mem[X,0x0000000080001BBA] -> 0x0013
mem[X,0x0000000080001BBC] -> 0x0000
[2896] [M]: 0x0000000080001BBA (0x00000013) addi x0, x0, 0x0                        main+5050

mem[X,0x0000000080001BBE] -> 0x0001
[2897] [M]: 0x0000000080001BBE (0x0001) c.nop                                       main+5054

clint mtime 0x00000000000005A9 (mip.MTI <- 0b1, mip.STI <- 0b0)
mem[X,0x0000000080001BC0] -> 0x0293
mem[X,0x0000000080001BC2] -> 0x0000
[2898] [M]: 0x0000000080001BC0 (0x00000293) addi x5, x0, 0x0                        main+5056
x5 <- 0x0000000000000000

mem[X,0x0000000080001BC4] -> 0x0333
mem[X,0x0000000080001BC6] -> 0x0053
[2899] [M]: 0x0000000080001BC4 (0x00530333) add x6, x6, x5                          main+5060
x6 <- 0x0000000080007000

clint mtime 0x00000000000005AA (mip.MTI <- 0b1, mip.STI <- 0b0)
mem[X,0x0000000080001BC8] -> 0x3023
mem[X,0x0000000080001BCA] -> 0x00A3
[2900] [M]: 0x0000000080001BC8 (0x00A33023) sd x10, 0x0(x6)                         main+5064
mem[W,0x0000000080007000] <- 0x0000000020001801

mem[X,0x0000000080001BCC] -> 0x0013
mem[X,0x0000000080001BCE] -> 0x0000
[2901] [M]: 0x0000000080001BCC (0x00000013) addi x0, x0, 0x0                        main+5068

clint mtime 0x00000000000005AB (mip.MTI <- 0b1, mip.STI <- 0b0)
mem[X,0x0000000080001BD0] -> 0x0013
mem[X,0x0000000080001BD2] -> 0x0000
[2902] [M]: 0x0000000080001BD0 (0x00000013) addi x0, x0, 0x0                        main+5072

mem[X,0x0000000080001BD4] -> 0x0013
mem[X,0x0000000080001BD6] -> 0x0000
[2903] [M]: 0x0000000080001BD4 (0x00000013) addi x0, x0, 0x0                        main+5076

clint mtime 0x00000000000005AC (mip.MTI <- 0b1, mip.STI <- 0b0)
mem[X,0x0000000080001BD8] -> 0x0013
mem[X,0x0000000080001BDA] -> 0x0000
[2904] [M]: 0x0000000080001BD8 (0x00000013) addi x0, x0, 0x0                        main+5080

mem[X,0x0000000080001BDC] -> 0x0013
mem[X,0x0000000080001BDE] -> 0x0000
[2905] [M]: 0x0000000080001BDC (0x00000013) addi x0, x0, 0x0                        main+5084

clint mtime 0x00000000000005AD (mip.MTI <- 0b1, mip.STI <- 0b0)
mem[X,0x0000000080001BE0] -> 0xF517
mem[X,0x0000000080001BE2] -> 0xFFFF
[2906] [M]: 0x0000000080001BE0 (0xFFFFF517) auipc x10, -0x1                         main+5088
x10 <- 0x0000000080000BE0

mem[X,0x0000000080001BE4] -> 0x0513
mem[X,0x0000000080001BE6] -> 0x8205
[2907] [M]: 0x0000000080001BE4 (0x82050513) addi x10, x10, -0x7e0                   main+5092
x10 <- 0x0000000080000400

clint mtime 0x00000000000005AE (mip.MTI <- 0b1, mip.STI <- 0b0)
mem[X,0x0000000080001BE8] -> 0x0001
[2908] [M]: 0x0000000080001BE8 (0x0001) c.nop                                       main+5096

mem[X,0x0000000080001BEA] -> 0x0013
mem[X,0x0000000080001BEC] -> 0x0000
[2909] [M]: 0x0000000080001BEA (0x00000013) addi x0, x0, 0x0                        main+5098

clint mtime 0x00000000000005AF (mip.MTI <- 0b1, mip.STI <- 0b0)
mem[X,0x0000000080001BEE] -> 0x0013
mem[X,0x0000000080001BF0] -> 0x0000
[2910] [M]: 0x0000000080001BEE (0x00000013) addi x0, x0, 0x0                        main+5102

mem[X,0x0000000080001BF2] -> 0x0013
mem[X,0x0000000080001BF4] -> 0x0000
[2911] [M]: 0x0000000080001BF2 (0x00000013) addi x0, x0, 0x0                        main+5106

clint mtime 0x00000000000005B0 (mip.MTI <- 0b1, mip.STI <- 0b0)
mem[X,0x0000000080001BF6] -> 0x0013
mem[X,0x0000000080001BF8] -> 0x0000
[2912] [M]: 0x0000000080001BF6 (0x00000013) addi x0, x0, 0x0                        main+5110

mem[X,0x0000000080001BFA] -> 0x0013
mem[X,0x0000000080001BFC] -> 0x0000
[2913] [M]: 0x0000000080001BFA (0x00000013) addi x0, x0, 0x0                        main+5114

clint mtime 0x00000000000005B1 (mip.MTI <- 0b1, mip.STI <- 0b0)
mem[X,0x0000000080001BFE] -> 0x0001
[2914] [M]: 0x0000000080001BFE (0x0001) c.nop                                       main+5118

mem[X,0x0000000080001C00] -> 0x0593
mem[X,0x0000000080001C02] -> 0x1DF0
[2915] [M]: 0x0000000080001C00 (0x1DF00593) addi x11, x0, 0x1df                     main+5120
x11 <- 0x00000000000001DF

clint mtime 0x00000000000005B2 (mip.MTI <- 0b1, mip.STI <- 0b0)
mem[X,0x0000000080001C04] -> 0x5513
mem[X,0x0000000080001C06] -> 0x00C5
[2916] [M]: 0x0000000080001C04 (0x00C55513) srli x10, x10, 0xc                      main+5124
x10 <- 0x0000000000080000

mem[X,0x0000000080001C08] -> 0x1513
mem[X,0x0000000080001C0A] -> 0x00A5
[2917] [M]: 0x0000000080001C08 (0x00A51513) slli x10, x10, 0xa                      main+5128
x10 <- 0x0000000020000000

clint mtime 0x00000000000005B3 (mip.MTI <- 0b1, mip.STI <- 0b0)
mem[X,0x0000000080001C0C] -> 0x6533
mem[X,0x0000000080001C0E] -> 0x00B5
[2918] [M]: 0x0000000080001C0C (0x00B56533) or x10, x10, x11                        main+5132
x10 <- 0x00000000200001DF

mem[X,0x0000000080001C10] -> 0x0013
mem[X,0x0000000080001C12] -> 0x0000
[2919] [M]: 0x0000000080001C10 (0x00000013) addi x0, x0, 0x0                        main+5136

clint mtime 0x00000000000005B4 (mip.MTI <- 0b1, mip.STI <- 0b0)
mem[X,0x0000000080001C14] -> 0x0013
mem[X,0x0000000080001C16] -> 0x0000
[2920] [M]: 0x0000000080001C14 (0x00000013) addi x0, x0, 0x0                        main+5140

mem[X,0x0000000080001C18] -> 0x0013
mem[X,0x0000000080001C1A] -> 0x0000
[2921] [M]: 0x0000000080001C18 (0x00000013) addi x0, x0, 0x0                        main+5144

clint mtime 0x00000000000005B5 (mip.MTI <- 0b1, mip.STI <- 0b0)
mem[X,0x0000000080001C1C] -> 0x0013
mem[X,0x0000000080001C1E] -> 0x0000
[2922] [M]: 0x0000000080001C1C (0x00000013) addi x0, x0, 0x0                        main+5148

mem[X,0x0000000080001C20] -> 0x4317
mem[X,0x0000000080001C22] -> 0x0000
[2923] [M]: 0x0000000080001C20 (0x00004317) auipc x6, 0x4                           main+5152
x6 <- 0x0000000080005C20

clint mtime 0x00000000000005B6 (mip.MTI <- 0b1, mip.STI <- 0b0)
mem[X,0x0000000080001C24] -> 0x0313
mem[X,0x0000000080001C26] -> 0x3E03
[2924] [M]: 0x0000000080001C24 (0x3E030313) addi x6, x6, 0x3e0                      main+5156
x6 <- 0x0000000080006000

mem[X,0x0000000080001C28] -> 0x0001
[2925] [M]: 0x0000000080001C28 (0x0001) c.nop                                       main+5160

clint mtime 0x00000000000005B7 (mip.MTI <- 0b1, mip.STI <- 0b0)
mem[X,0x0000000080001C2A] -> 0x0013
mem[X,0x0000000080001C2C] -> 0x0000
[2926] [M]: 0x0000000080001C2A (0x00000013) addi x0, x0, 0x0                        main+5162

mem[X,0x0000000080001C2E] -> 0x0013
mem[X,0x0000000080001C30] -> 0x0000
[2927] [M]: 0x0000000080001C2E (0x00000013) addi x0, x0, 0x0                        main+5166

clint mtime 0x00000000000005B8 (mip.MTI <- 0b1, mip.STI <- 0b0)
mem[X,0x0000000080001C32] -> 0x0013
mem[X,0x0000000080001C34] -> 0x0000
[2928] [M]: 0x0000000080001C32 (0x00000013) addi x0, x0, 0x0                        main+5170

mem[X,0x0000000080001C36] -> 0x0013
mem[X,0x0000000080001C38] -> 0x0000
[2929] [M]: 0x0000000080001C36 (0x00000013) addi x0, x0, 0x0                        main+5174

clint mtime 0x00000000000005B9 (mip.MTI <- 0b1, mip.STI <- 0b0)
mem[X,0x0000000080001C3A] -> 0x0013
mem[X,0x0000000080001C3C] -> 0x0000
[2930] [M]: 0x0000000080001C3A (0x00000013) addi x0, x0, 0x0                        main+5178

mem[X,0x0000000080001C3E] -> 0x0001
[2931] [M]: 0x0000000080001C3E (0x0001) c.nop                                       main+5182

clint mtime 0x00000000000005BA (mip.MTI <- 0b1, mip.STI <- 0b0)
mem[X,0x0000000080001C40] -> 0x0293
mem[X,0x0000000080001C42] -> 0x0000
[2932] [M]: 0x0000000080001C40 (0x00000293) addi x5, x0, 0x0                        main+5184
x5 <- 0x0000000000000000

mem[X,0x0000000080001C44] -> 0x0333
mem[X,0x0000000080001C46] -> 0x0053
[2933] [M]: 0x0000000080001C44 (0x00530333) add x6, x6, x5                          main+5188
x6 <- 0x0000000080006000

clint mtime 0x00000000000005BB (mip.MTI <- 0b1, mip.STI <- 0b0)
mem[X,0x0000000080001C48] -> 0x3023
mem[X,0x0000000080001C4A] -> 0x00A3
[2934] [M]: 0x0000000080001C48 (0x00A33023) sd x10, 0x0(x6)                         main+5192
mem[W,0x0000000080006000] <- 0x00000000200001DF

mem[X,0x0000000080001C4C] -> 0x0073
mem[X,0x0000000080001C4E] -> 0x1200
[2935] [M]: 0x0000000080001C4C (0x12000073) sfence.vma x0, x0                       main+5196

clint mtime 0x00000000000005BC (mip.MTI <- 0b1, mip.STI <- 0b0)
mem[X,0x0000000080001C50] -> 0x0493
mem[X,0x0000000080001C52] -> 0x0010
[2936] [M]: 0x0000000080001C50 (0x00100493) addi x9, x0, 0x1                        main+5200
x9 <- 0x0000000000000001

mem[X,0x0000000080001C54] -> 0x9493
mem[X,0x0000000080001C56] -> 0x00B4
[2937] [M]: 0x0000000080001C54 (0x00B49493) slli x9, x9, 0xb                        main+5204
x9 <- 0x0000000000000800

clint mtime 0x00000000000005BD (mip.MTI <- 0b1, mip.STI <- 0b0)
mem[X,0x0000000080001C58] -> 0xB073
mem[X,0x0000000080001C5A] -> 0x3004
[2938] [M]: 0x0000000080001C58 (0x3004B073) csrrc x0, mstatus, x9                   main+5208
CSR mstatus (0x300) <- 0x0000000A00000000

mem[X,0x0000000080001C5C] -> 0x23F3
mem[X,0x0000000080001C5E] -> 0x3400
[2939] [M]: 0x0000000080001C5C (0x340023F3) csrrs x7, mscratch, x0                  main+5212
CSR mscratch (0x340) -> 0x0000000080005000
x7 <- 0x0000000080005000

clint mtime 0x00000000000005BE (mip.MTI <- 0b1, mip.STI <- 0b0)
mem[X,0x0000000080001C60] -> 0xB303
mem[X,0x0000000080001C62] -> 0x4703
[2940] [M]: 0x0000000080001C60 (0x4703B303) ld x6, 0x470(x7)                        main+5216
mem[R,0x0000000080005470] -> 0x00000300800007BC
x6 <- 0x00000300800007BC

mem[X,0x0000000080001C64] -> 0xB483
mem[X,0x0000000080001C66] -> 0x1D83
[2941] [M]: 0x0000000080001C64 (0x1D83B483) ld x9, 0x1d8(x7)                        main+5220
mem[R,0x00000000800051D8] -> 0x00000000800007D4
x9 <- 0x00000000800007D4

clint mtime 0x00000000000005BF (mip.MTI <- 0b1, mip.STI <- 0b0)
mem[X,0x0000000080001C68] -> 0x0333
mem[X,0x0000000080001C6A] -> 0x4093
[2942] [M]: 0x0000000080001C68 (0x40930333) sub x6, x6, x9                          main+5224
x6 <- 0x000002FFFFFFFFE8

mem[X,0x0000000080001C6C] -> 0x0313
mem[X,0x0000000080001C6E] -> 0x0103
[2943] [M]: 0x0000000080001C6C (0x01030313) addi x6, x6, 0x10                       main+5228
x6 <- 0x000002FFFFFFFFF8

clint mtime 0x00000000000005C0 (mip.MTI <- 0b1, mip.STI <- 0b0)
mem[X,0x0000000080001C70] -> 0x0497
mem[X,0x0000000080001C72] -> 0x0000
[2944] [M]: 0x0000000080001C70 (0x00000497) auipc x9, 0x0                           main+5232
x9 <- 0x0000000080001C70

mem[X,0x0000000080001C74] -> 0x84B3
mem[X,0x0000000080001C76] -> 0x0064
[2945] [M]: 0x0000000080001C74 (0x006484B3) add x9, x9, x6                          main+5236
x9 <- 0x0000030080001C68

clint mtime 0x00000000000005C1 (mip.MTI <- 0b1, mip.STI <- 0b0)
mem[X,0x0000000080001C78] -> 0x94F3
mem[X,0x0000000080001C7A] -> 0x3414
[2946] [M]: 0x0000000080001C78 (0x341494F3) csrrw x9, mepc, x9                      main+5240
CSR mepc (0x341) <- 0x0000030080001C68
x9 <- 0x0000030080001A3C

mem[X,0x0000000080001C7C] -> 0x0073
mem[X,0x0000000080001C7E] -> 0x3020
[2947] [M]: 0x0000000080001C7C (0x30200073) mret                                    main+5244
CSR mstatus (0x300) <- 0x0000000A00000080
ret-ing from M to U

clint mtime 0x00000000000005C2 (mip.MTI <- 0b1, mip.STI <- 0b0)
PTW: Start, vpn=0x30080001, access_type=X, privilege=Umem[R,0x0000000080009030] -> 0x00000000000000DB
PTW: Step, level=3, pte=0xDB, pte_addr=0x80009030
PTW: Success, final_ppn=0x80001, level=3mem[X,0x0000000080001C68] -> 0x0333
PTW: Start, vpn=0x30080001, access_type=X, privilege=Umem[R,0x0000000080009030] -> 0x00000000000000DB
PTW: Step, level=3, pte=0xDB, pte_addr=0x80009030
PTW: Success, final_ppn=0x80001, level=3mem[X,0x0000000080001C6A] -> 0x4093
[2948] [U]: 0x0000030080001C68 (0x40930333) sub x6, x6, x9                          va_rvtest_code_begin+5292
x6 <- 0xFFFFFFFF7FFFE5BC

PTW: Start, vpn=0x30080001, access_type=X, privilege=Umem[R,0x0000000080009030] -> 0x00000000000000DB
PTW: Step, level=3, pte=0xDB, pte_addr=0x80009030
PTW: Success, final_ppn=0x80001, level=3mem[X,0x0000000080001C6C] -> 0x0313
PTW: Start, vpn=0x30080001, access_type=X, privilege=Umem[R,0x0000000080009030] -> 0x00000000000000DB
PTW: Step, level=3, pte=0xDB, pte_addr=0x80009030
PTW: Success, final_ppn=0x80001, level=3mem[X,0x0000000080001C6E] -> 0x0103
[2949] [U]: 0x0000030080001C6C (0x01030313) addi x6, x6, 0x10                       va_rvtest_code_begin+5296
x6 <- 0xFFFFFFFF7FFFE5CC

clint mtime 0x00000000000005C3 (mip.MTI <- 0b1, mip.STI <- 0b0)
PTW: Start, vpn=0x30080001, access_type=X, privilege=Umem[R,0x0000000080009030] -> 0x00000000000000DB
PTW: Step, level=3, pte=0xDB, pte_addr=0x80009030
PTW: Success, final_ppn=0x80001, level=3mem[X,0x0000000080001C70] -> 0x0497
PTW: Start, vpn=0x30080001, access_type=X, privilege=Umem[R,0x0000000080009030] -> 0x00000000000000DB
PTW: Step, level=3, pte=0xDB, pte_addr=0x80009030
PTW: Success, final_ppn=0x80001, level=3mem[X,0x0000000080001C72] -> 0x0000
[2950] [U]: 0x0000030080001C70 (0x00000497) auipc x9, 0x0                           va_rvtest_code_begin+5300
x9 <- 0x0000030080001C70

PTW: Start, vpn=0x30080001, access_type=X, privilege=Umem[R,0x0000000080009030] -> 0x00000000000000DB
PTW: Step, level=3, pte=0xDB, pte_addr=0x80009030
PTW: Success, final_ppn=0x80001, level=3mem[X,0x0000000080001C74] -> 0x84B3
PTW: Start, vpn=0x30080001, access_type=X, privilege=Umem[R,0x0000000080009030] -> 0x00000000000000DB
PTW: Step, level=3, pte=0xDB, pte_addr=0x80009030
PTW: Success, final_ppn=0x80001, level=3mem[X,0x0000000080001C76] -> 0x0064
[2951] [U]: 0x0000030080001C74 (0x006484B3) add x9, x9, x6                          va_rvtest_code_begin+5304
x9 <- 0x000003000000023C

clint mtime 0x00000000000005C4 (mip.MTI <- 0b1, mip.STI <- 0b0)
PTW: Start, vpn=0x30080001, access_type=X, privilege=Umem[R,0x0000000080009030] -> 0x00000000000000DB
PTW: Step, level=3, pte=0xDB, pte_addr=0x80009030
PTW: Success, final_ppn=0x80001, level=3mem[X,0x0000000080001C78] -> 0x94F3
PTW: Start, vpn=0x30080001, access_type=X, privilege=Umem[R,0x0000000080009030] -> 0x00000000000000DB
PTW: Step, level=3, pte=0xDB, pte_addr=0x80009030
PTW: Success, final_ppn=0x80001, level=3mem[X,0x0000000080001C7A] -> 0x3414
[2952] [U]: 0x0000030080001C78 (0x341494F3) csrrw x9, mepc, x9                      va_rvtest_code_begin+5308
trapping from U to M to handle illegal-instruction
handling exc#illegal-instruction at priv M with tval 0x00000000341494F3
CSR mstatus (0x300) <- 0x0000000A00000000
CSR mcause (0x342) <- 0x0000000000000002
CSR mtval (0x343) <- 0x00000000341494F3
CSR mepc (0x341) <- 0x0000030080001C78

mem[X,0x0000000080002380] -> 0x006F
mem[X,0x0000000080002382] -> 0x1000
[2953] [M]: 0x0000000080002380 (0x1000006F) jal x0, 0x100                           Mtrampoline+0

clint mtime 0x00000000000005C5 (mip.MTI <- 0b1, mip.STI <- 0b0)
mem[X,0x0000000080002480] -> 0x1173
mem[X,0x0000000080002482] -> 0x3401
[2954] [M]: 0x0000000080002480 (0x34011173) csrrw x2, mscratch, x2                  trap_Mhandler+0
CSR mscratch (0x340) <- 0x0000000000000000
x2 <- 0x0000000080005000

mem[X,0x0000000080002484] -> 0x3423
mem[X,0x0000000080002486] -> 0x28B1
[2955] [M]: 0x0000000080002484 (0x28B13423) sd x11, 0x288(x2)                       trap_Mhandler+4
mem[W,0x0000000080005288] <- 0x00000000000001DF

clint mtime 0x00000000000005C6 (mip.MTI <- 0b1, mip.STI <- 0b0)
mem[X,0x0000000080002488] -> 0x05EF
mem[X,0x000000008000248A] -> 0x0B80
[2956] [M]: 0x0000000080002488 (0x0B8005EF) jal x11, 0xb8                           trap_Mhandler+8
x11 <- 0x000000008000248C

mem[X,0x0000000080002540] -> 0x3023
mem[X,0x0000000080002542] -> 0x28A1
[2957] [M]: 0x0000000080002540 (0x28A13023) sd x10, 0x280(x2)                       common_Mhandler+0
mem[W,0x0000000080005280] <- 0x00000000200001DF

clint mtime 0x00000000000005C7 (mip.MTI <- 0b1, mip.STI <- 0b0)
mem[X,0x0000000080002544] -> 0x1573
mem[X,0x0000000080002546] -> 0x3401
[2958] [M]: 0x0000000080002544 (0x34011573) csrrw x10, mscratch, x2                 common_Mhandler+4
CSR mscratch (0x340) <- 0x0000000080005000
x10 <- 0x0000000000000000

mem[X,0x0000000080002548] -> 0x3823
mem[X,0x000000008000254A] -> 0x28A1
[2959] [M]: 0x0000000080002548 (0x28A13823) sd x10, 0x290(x2)                       common_Mhandler+8
mem[W,0x0000000080005290] <- 0x0000000000000000

clint mtime 0x00000000000005C8 (mip.MTI <- 0b1, mip.STI <- 0b0)
mem[X,0x000000008000254C] -> 0x3503
mem[X,0x000000008000254E] -> 0x2301
[2960] [M]: 0x000000008000254C (0x23013503) ld x10, 0x230(x2)                       common_Mhandler+12
mem[R,0x0000000080005230] -> 0x0000000080002554
x10 <- 0x0000000080002554

mem[X,0x0000000080002550] -> 0x0067
mem[X,0x0000000080002552] -> 0x0005
[2961] [M]: 0x0000000080002550 (0x00050067) jalr x0, 0x0(x10)                       common_Mhandler+16

clint mtime 0x00000000000005C9 (mip.MTI <- 0b1, mip.STI <- 0b0)
mem[X,0x0000000080002554] -> 0x3C23
mem[X,0x0000000080002556] -> 0x2691
[2962] [M]: 0x0000000080002554 (0x26913C23) sd x9, 0x278(x2)                        common_Mentry+0
mem[W,0x0000000080005278] <- 0x000003000000023C

mem[X,0x0000000080002558] -> 0x3823
mem[X,0x000000008000255A] -> 0x2681
[2963] [M]: 0x0000000080002558 (0x26813823) sd x8, 0x270(x2)                        common_Mentry+4
mem[W,0x0000000080005270] <- 0x0000000000007F76

clint mtime 0x00000000000005CA (mip.MTI <- 0b1, mip.STI <- 0b0)
mem[X,0x000000008000255C] -> 0x3423
mem[X,0x000000008000255E] -> 0x2671
[2964] [M]: 0x000000008000255C (0x26713423) sd x7, 0x268(x2)                        common_Mentry+8
mem[W,0x0000000080005268] <- 0x0000000080005000

mem[X,0x0000000080002560] -> 0x3023
mem[X,0x0000000080002562] -> 0x2661
[2965] [M]: 0x0000000080002560 (0x26613023) sd x6, 0x260(x2)                        common_Mentry+12
mem[W,0x0000000080005260] <- 0xFFFFFFFF7FFFE5CC

clint mtime 0x00000000000005CB (mip.MTI <- 0b1, mip.STI <- 0b0)
mem[X,0x0000000080002564] -> 0x2573
mem[X,0x0000000080002566] -> 0x3420
[2966] [M]: 0x0000000080002564 (0x34202573) csrrs x10, mcause, x0                   spcl_M2mmode_test+0
CSR mcause (0x342) -> 0x0000000000000002
x10 <- 0x0000000000000002

mem[X,0x0000000080002568] -> 0x04B7
mem[X,0x000000008000256A] -> 0x8000
[2967] [M]: 0x0000000080002568 (0x800004B7) lui x9, -0x80000                        spcl_M2mmode_test+4
x9 <- 0xFFFFFFFF80000000

clint mtime 0x00000000000005CC (mip.MTI <- 0b1, mip.STI <- 0b0)
mem[X,0x000000008000256C] -> 0x8493
mem[X,0x000000008000256E] -> 0x0004
[2968] [M]: 0x000000008000256C (0x00048493) addi x9, x9, 0x0                        spcl_M2mmode_test+8
x9 <- 0xFFFFFFFF80000000

mem[X,0x0000000080002570] -> 0x9493
mem[X,0x0000000080002572] -> 0x00B4
[2969] [M]: 0x0000000080002570 (0x00B49493) slli x9, x9, 0xb                        spcl_M2mmode_test+12
x9 <- 0xFFFFFC0000000000

clint mtime 0x00000000000005CD (mip.MTI <- 0b1, mip.STI <- 0b0)
mem[X,0x0000000080002574] -> 0x8493
mem[X,0x0000000080002576] -> 0x0004
[2970] [M]: 0x0000000080002574 (0x00048493) addi x9, x9, 0x0                        spcl_M2mmode_test+16
x9 <- 0xFFFFFC0000000000

mem[X,0x0000000080002578] -> 0x9493
mem[X,0x000000008000257A] -> 0x00B4
[2971] [M]: 0x0000000080002578 (0x00B49493) slli x9, x9, 0xb                        spcl_M2mmode_test+20
x9 <- 0xFFE0000000000000

clint mtime 0x00000000000005CE (mip.MTI <- 0b1, mip.STI <- 0b0)
mem[X,0x000000008000257C] -> 0x8493
mem[X,0x000000008000257E] -> 0x0034
[2972] [M]: 0x000000008000257C (0x00348493) addi x9, x9, 0x3                        spcl_M2mmode_test+24
x9 <- 0xFFE0000000000003

mem[X,0x0000000080002580] -> 0x9493
mem[X,0x0000000080002582] -> 0x00A4
[2973] [M]: 0x0000000080002580 (0x00A49493) slli x9, x9, 0xa                        spcl_M2mmode_test+28
x9 <- 0x8000000000000C00

clint mtime 0x00000000000005CF (mip.MTI <- 0b1, mip.STI <- 0b0)
mem[X,0x0000000080002584] -> 0x8493
mem[X,0x0000000080002586] -> 0x3FC4
[2974] [M]: 0x0000000080002584 (0x3FC48493) addi x9, x9, 0x3fc                      spcl_M2mmode_test+32
x9 <- 0x8000000000000FFC

mem[X,0x0000000080002588] -> 0xF4B3
mem[X,0x000000008000258A] -> 0x00A4
[2975] [M]: 0x0000000080002588 (0x00A4F4B3) and x9, x9, x10                         spcl_M2mmode_test+36
x9 <- 0x0000000000000000

clint mtime 0x00000000000005D0 (mip.MTI <- 0b1, mip.STI <- 0b0)
mem[X,0x000000008000258C] -> 0x8493
mem[X,0x000000008000258E] -> 0xFF84
[2976] [M]: 0x000000008000258C (0xFF848493) addi x9, x9, -0x8                       spcl_M2mmode_test+40
x9 <- 0xFFFFFFFFFFFFFFF8

mem[X,0x0000000080002590] -> 0x9663
mem[X,0x0000000080002592] -> 0x0004
[2977] [M]: 0x0000000080002590 (0x00049663) bne x9, x0, 0xc                         spcl_M2mmode_test+44

clint mtime 0x00000000000005D1 (mip.MTI <- 0b1, mip.STI <- 0b0)
mem[X,0x000000008000259C] -> 0x0393
mem[X,0x000000008000259E] -> 0x0200
[2978] [M]: 0x000000008000259C (0x02000393) addi x7, x0, 0x20                       Mtrapsig_ptr_upd+0
x7 <- 0x0000000000000020

mem[X,0x00000000800025A0] -> 0x5263
mem[X,0x00000000800025A2] -> 0x0405
[2979] [M]: 0x00000000800025A0 (0x04055263) bge x10, x0, 0x44                       Mtrapsig_ptr_upd+4

clint mtime 0x00000000000005D2 (mip.MTI <- 0b1, mip.STI <- 0b0)
mem[X,0x00000000800025E4] -> 0x2373
mem[X,0x00000000800025E6] -> 0x3010
[2980] [M]: 0x00000000800025E4 (0x30102373) csrrs x6, misa, x0                      Mxcpt_sig_sv+0
CSR misa (0x301) -> 0x800000000034112F
x6 <- 0x800000000034112F

mem[X,0x00000000800025E8] -> 0x1313
mem[X,0x00000000800025EA] -> 0x0383
[2981] [M]: 0x00000000800025E8 (0x03831313) slli x6, x6, 0x38                       Mxcpt_sig_sv+4
x6 <- 0x2F00000000000000

clint mtime 0x00000000000005D3 (mip.MTI <- 0b1, mip.STI <- 0b0)
mem[X,0x00000000800025EC] -> 0x5463
mem[X,0x00000000800025EE] -> 0x0003
[2982] [M]: 0x00000000800025EC (0x00035463) bge x6, x0, 0x8                         Mxcpt_sig_sv+8

mem[X,0x00000000800025F4] -> 0x3303
mem[X,0x00000000800025F6] -> 0x2181
[2983] [M]: 0x00000000800025F4 (0x21813303) ld x6, 0x218(x2)                        Mtrap_sig_sv+0
mem[R,0x0000000080005218] -> 0x000000008000A638
x6 <- 0x000000008000A638

clint mtime 0x00000000000005D4 (mip.MTI <- 0b1, mip.STI <- 0b0)
mem[X,0x00000000800025F8] -> 0x04B3
mem[X,0x00000000800025FA] -> 0x0073
[2984] [M]: 0x00000000800025F8 (0x007304B3) add x9, x6, x7                          Mtrap_sig_sv+4
x9 <- 0x000000008000A658

mem[X,0x00000000800025FC] -> 0x3C23
mem[X,0x00000000800025FE] -> 0x2091
[2985] [M]: 0x00000000800025FC (0x20913C23) sd x9, 0x218(x2)                        Mtrap_sig_sv+8
mem[W,0x0000000080005218] <- 0x000000008000A658

clint mtime 0x00000000000005D5 (mip.MTI <- 0b1, mip.STI <- 0b0)
mem[X,0x0000000080002600] -> 0x3403
mem[X,0x0000000080002602] -> 0x1F81
[2986] [M]: 0x0000000080002600 (0x1F813403) ld x8, 0x1f8(x2)                        Mtrap_sig_sv+12
mem[R,0x00000000800051F8] -> 0x000000008000A110
x8 <- 0x000000008000A110

mem[X,0x0000000080002604] -> 0x0333
mem[X,0x0000000080002606] -> 0x4083
[2987] [M]: 0x0000000080002604 (0x40830333) sub x6, x6, x8                          Mtrap_sig_sv+16
x6 <- 0x0000000000000528

clint mtime 0x00000000000005D6 (mip.MTI <- 0b1, mip.STI <- 0b0)
mem[X,0x0000000080002608] -> 0x3403
mem[X,0x000000008000260A] -> 0x1F81
[2988] [M]: 0x0000000080002608 (0x1F813403) ld x8, 0x1f8(x2)                        Mtrap_sig_sv+20
mem[R,0x00000000800051F8] -> 0x000000008000A110
x8 <- 0x000000008000A110

mem[X,0x000000008000260C] -> 0x0333
mem[X,0x000000008000260E] -> 0x0083
[2989] [M]: 0x000000008000260C (0x00830333) add x6, x6, x8                          Mtrap_sig_sv+24
x6 <- 0x000000008000A638

clint mtime 0x00000000000005D7 (mip.MTI <- 0b1, mip.STI <- 0b0)
mem[X,0x0000000080002610] -> 0x3403
mem[X,0x0000000080002612] -> 0x2401
[2990] [M]: 0x0000000080002610 (0x24013403) ld x8, 0x240(x2)                        Mtrap_sig_sv+28
mem[R,0x0000000080005240] -> 0x0000000080002380
x8 <- 0x0000000080002380

mem[X,0x0000000080002614] -> 0x85B3
mem[X,0x0000000080002616] -> 0x4085
[2991] [M]: 0x0000000080002614 (0x408585B3) sub x11, x11, x8                        sv_Mvect+0
x11 <- 0x000000000000010C

clint mtime 0x00000000000005D8 (mip.MTI <- 0b1, mip.STI <- 0b0)
mem[X,0x0000000080002618] -> 0x9593
mem[X,0x000000008000261A] -> 0x0045
[2992] [M]: 0x0000000080002618 (0x00459593) slli x11, x11, 0x4                      sv_Mvect+4
x11 <- 0x00000000000010C0

mem[X,0x000000008000261C] -> 0xE5B3
mem[X,0x000000008000261E] -> 0x0075
[2993] [M]: 0x000000008000261C (0x0075E5B3) or x11, x11, x7                         sv_Mvect+8
x11 <- 0x00000000000010E0

clint mtime 0x00000000000005D9 (mip.MTI <- 0b1, mip.STI <- 0b0)
mem[X,0x0000000080002620] -> 0x8593
mem[X,0x0000000080002622] -> 0x0035
[2994] [M]: 0x0000000080002620 (0x00358593) addi x11, x11, 0x3                      sv_Mvect+12
x11 <- 0x00000000000010E3

mem[X,0x0000000080002624] -> 0x3023
mem[X,0x0000000080002626] -> 0x00B3
[2995] [M]: 0x0000000080002624 (0x00B33023) sd x11, 0x0(x6)                         sv_Mvect+16
mem[W,0x000000008000A638] <- 0x00000000000010E3

clint mtime 0x00000000000005DA (mip.MTI <- 0b1, mip.STI <- 0b0)
mem[X,0x0000000080002628] -> 0x3423
mem[X,0x000000008000262A] -> 0x00A3
[2996] [M]: 0x0000000080002628 (0x00A33423) sd x10, 0x8(x6)                         sv_Mcause+0
mem[W,0x000000008000A640] <- 0x0000000000000002

mem[X,0x000000008000262C] -> 0x4663
mem[X,0x000000008000262E] -> 0x1A05
[2997] [M]: 0x000000008000262C (0x1A054663) blt x10, x0, 0x1ac                      sv_Mcause+4

clint mtime 0x00000000000005DB (mip.MTI <- 0b1, mip.STI <- 0b0)
mem[X,0x0000000080002630] -> 0x25F3
mem[X,0x0000000080002632] -> 0x3000
[2998] [M]: 0x0000000080002630 (0x300025F3) csrrs x11, mstatus, x0                  common_Mexcpt_handler+0
CSR mstatus (0x300) -> 0x0000000A00000000
x11 <- 0x0000000A00000000

mem[X,0x0000000080002634] -> 0x9413
mem[X,0x0000000080002636] -> 0x02E5
[2999] [M]: 0x0000000080002634 (0x02E59413) slli x8, x11, 0x2e                      common_Mexcpt_handler+4
x8 <- 0x0000000000000000

clint mtime 0x00000000000005DC (mip.MTI <- 0b1, mip.STI <- 0b0)
mem[X,0x0000000080002638] -> 0x5463
mem[X,0x000000008000263A] -> 0x0004
[3000] [M]: 0x0000000080002638 (0x00045463) bge x8, x0, 0x8                         common_Mexcpt_handler+8

mem[X,0x0000000080002640] -> 0xD493
mem[X,0x0000000080002642] -> 0x00B5
[3001] [M]: 0x0000000080002640 (0x00B5D493) srli x9, x11, 0xb                       common_Mexcpt_handler+16
x9 <- 0x0000000001400000

clint mtime 0x00000000000005DD (mip.MTI <- 0b1, mip.STI <- 0b0)
mem[X,0x0000000080002644] -> 0xF493
mem[X,0x0000000080002646] -> 0x0034
[3002] [M]: 0x0000000080002644 (0x0034F493) andi x9, x9, 0x3                        common_Mexcpt_handler+20
x9 <- 0x0000000000000000

mem[X,0x0000000080002648] -> 0x8493
mem[X,0x000000008000264A] -> 0x0014
[3003] [M]: 0x0000000080002648 (0x00148493) addi x9, x9, 0x1                        common_Mexcpt_handler+24
x9 <- 0x0000000000000001

clint mtime 0x00000000000005DE (mip.MTI <- 0b1, mip.STI <- 0b0)
mem[X,0x000000008000264C] -> 0xF493
mem[X,0x000000008000264E] -> 0x0044
[3004] [M]: 0x000000008000264C (0x0044F493) andi x9, x9, 0x4                        common_Mexcpt_handler+28
x9 <- 0x0000000000000000

mem[X,0x0000000080002650] -> 0x0593
mem[X,0x0000000080002652] -> 0x05D0
[3005] [M]: 0x0000000080002650 (0x05D00593) addi x11, x0, 0x5d                      common_Mexcpt_handler+32
x11 <- 0x000000000000005D

clint mtime 0x00000000000005DF (mip.MTI <- 0b1, mip.STI <- 0b0)
mem[X,0x0000000080002654] -> 0xD5B3
mem[X,0x0000000080002656] -> 0x0095
[3006] [M]: 0x0000000080002654 (0x0095D5B3) srl x11, x11, x9                        common_Mexcpt_handler+36
x11 <- 0x000000000000005D

mem[X,0x0000000080002658] -> 0xF593
mem[X,0x000000008000265A] -> 0x0015
[3007] [M]: 0x0000000080002658 (0x0015F593) andi x11, x11, 0x1                      common_Mexcpt_handler+40
x11 <- 0x0000000000000001

clint mtime 0x00000000000005E0 (mip.MTI <- 0b1, mip.STI <- 0b0)
mem[X,0x000000008000265C] -> 0x8EE3
mem[X,0x000000008000265E] -> 0xF405
[3008] [M]: 0x000000008000265C (0xF4058EE3) beq x11, x0, -0xa4                      common_Mexcpt_handler+44

mem[X,0x0000000080002660] -> 0x0593
mem[X,0x0000000080002662] -> 0x2980
[3009] [M]: 0x0000000080002660 (0x29800593) addi x11, x0, 0x298                     common_Mexcpt_handler+48
x11 <- 0x0000000000000298

clint mtime 0x00000000000005E1 (mip.MTI <- 0b1, mip.STI <- 0b0)
mem[X,0x0000000080002664] -> 0xF413
mem[X,0x0000000080002666] -> 0x0014
[3010] [M]: 0x0000000080002664 (0x0014F413) andi x8, x9, 0x1                        common_Mexcpt_handler+52
x8 <- 0x0000000000000000

mem[X,0x0000000080002668] -> 0x95B3
mem[X,0x000000008000266A] -> 0x0085
[3011] [M]: 0x0000000080002668 (0x008595B3) sll x11, x11, x8                        common_Mexcpt_handler+56
x11 <- 0x0000000000000298

clint mtime 0x00000000000005E2 (mip.MTI <- 0b1, mip.STI <- 0b0)
mem[X,0x000000008000266C] -> 0x9413
mem[X,0x000000008000266E] -> 0x03D4
[3012] [M]: 0x000000008000266C (0x03D49413) slli x8, x9, 0x3d                       common_Mexcpt_handler+60
x8 <- 0x0000000000000000

mem[X,0x0000000080002670] -> 0x5413
mem[X,0x0000000080002672] -> 0x43F4
[3013] [M]: 0x0000000080002670 (0x43F45413) srai x8, x8, 0x3f                       common_Mexcpt_handler+64
x8 <- 0x0000000000000000

clint mtime 0x00000000000005E3 (mip.MTI <- 0b1, mip.STI <- 0b0)
mem[X,0x0000000080002674] -> 0x4413
mem[X,0x0000000080002676] -> 0xFFF4
[3014] [M]: 0x0000000080002674 (0xFFF44413) xori x8, x8, -0x1                       common_Mexcpt_handler+68
x8 <- 0xFFFFFFFFFFFFFFFF

mem[X,0x0000000080002678] -> 0xF4B3
mem[X,0x000000008000267A] -> 0x0085
[3015] [M]: 0x0000000080002678 (0x0085F4B3) and x9, x11, x8                         common_Mexcpt_handler+72
x9 <- 0x0000000000000298

clint mtime 0x00000000000005E4 (mip.MTI <- 0b1, mip.STI <- 0b0)
mem[X,0x000000008000267C] -> 0x84B3
mem[X,0x000000008000267E] -> 0x0024
[3016] [M]: 0x000000008000267C (0x002484B3) add x9, x9, x2                          vmem_adj_Mepc+0
x9 <- 0x0000000080005298

mem[X,0x0000000080002680] -> 0x23F3
mem[X,0x0000000080002682] -> 0x3410
[3017] [M]: 0x0000000080002680 (0x341023F3) csrrs x7, mepc, x0                      vmem_adj_Mepc+4
CSR mepc (0x341) -> 0x0000030080001C78
x7 <- 0x0000030080001C78

clint mtime 0x00000000000005E5 (mip.MTI <- 0b1, mip.STI <- 0b0)
mem[X,0x0000000080002684] -> 0x0413
mem[X,0x0000000080002686] -> 0x0004
[3018] [M]: 0x0000000080002684 (0x00040413) addi x8, x8, 0x0                        vmem_adj_Mepc+8
x8 <- 0xFFFFFFFFFFFFFFFF

mem[X,0x0000000080002688] -> 0x006F
mem[X,0x000000008000268A] -> 0x0400
[3019] [M]: 0x0000000080002688 (0x0400006F) jal x0, 0x40                            vmem_adj_Mepc+12

clint mtime 0x00000000000005E6 (mip.MTI <- 0b1, mip.STI <- 0b0)
mem[X,0x00000000800026C8] -> 0x8433
mem[X,0x00000000800026CA] -> 0x4083
[3020] [M]: 0x00000000800026C8 (0x40838433) sub x8, x7, x8                          adj_Mepc+0
x8 <- 0x0000030080001C79

mem[X,0x00000000800026CC] -> 0x3823
mem[X,0x00000000800026CE] -> 0x0083
[3021] [M]: 0x00000000800026CC (0x00833823) sd x8, 0x10(x6)                         sv_Mepc+0
mem[W,0x000000008000A648] <- 0x0000030080001C79

clint mtime 0x00000000000005E7 (mip.MTI <- 0b1, mip.STI <- 0b0)
mem[X,0x00000000800026D0] -> 0x55B7
mem[X,0x00000000800026D2] -> 0x0000
[3022] [M]: 0x00000000800026D0 (0x000055B7) lui x11, 0x5                            sv_Mepc+4
x11 <- 0x0000000000005000

mem[X,0x00000000800026D4] -> 0x8593
mem[X,0x00000000800026D6] -> 0x6675
[3023] [M]: 0x00000000800026D4 (0x66758593) addi x11, x11, 0x667                    sv_Mepc+8
x11 <- 0x0000000000005667

clint mtime 0x00000000000005E8 (mip.MTI <- 0b1, mip.STI <- 0b0)
mem[X,0x00000000800026D8] -> 0x9593
mem[X,0x00000000800026DA] -> 0x0015
[3024] [M]: 0x00000000800026D8 (0x00159593) slli x11, x11, 0x1                      sv_Mepc+12
x11 <- 0x000000000000ACCE

mem[X,0x00000000800026DC] -> 0x9063
mem[X,0x00000000800026DE] -> 0x02B1
[3025] [M]: 0x00000000800026DC (0x02B19063) bne x3, x11, 0x20                       sv_Mepc+16

clint mtime 0x00000000000005E9 (mip.MTI <- 0b1, mip.STI <- 0b0)
mem[X,0x00000000800026E0] -> 0x2473
mem[X,0x00000000800026E2] -> 0x3420
[3026] [M]: 0x00000000800026E0 (0x34202473) csrrs x8, mcause, x0                    sv_Mepc+20
CSR mcause (0x342) -> 0x0000000000000002
x8 <- 0x0000000000000002

mem[X,0x00000000800026E4] -> 0x0593
mem[X,0x00000000800026E6] -> 0x00C0
[3027] [M]: 0x00000000800026E4 (0x00C00593) addi x11, x0, 0xc                       sv_Mepc+24
x11 <- 0x000000000000000C

clint mtime 0x00000000000005EA (mip.MTI <- 0b1, mip.STI <- 0b0)
mem[X,0x00000000800026E8] -> 0x0663
mem[X,0x00000000800026EA] -> 0x00B4
[3028] [M]: 0x00000000800026E8 (0x00B40663) beq x8, x11, 0xc                        sv_Mepc+28

mem[X,0x00000000800026EC] -> 0x0593
mem[X,0x00000000800026EE] -> 0x0010
[3029] [M]: 0x00000000800026EC (0x00100593) addi x11, x0, 0x1                       sv_Mepc+32
x11 <- 0x0000000000000001

clint mtime 0x00000000000005EB (mip.MTI <- 0b1, mip.STI <- 0b0)
mem[X,0x00000000800026F0] -> 0x1663
mem[X,0x00000000800026F2] -> 0x00B4
[3030] [M]: 0x00000000800026F0 (0x00B41663) bne x8, x11, 0xc                        sv_Mepc+36

mem[X,0x00000000800026FC] -> 0xF593
mem[X,0x00000000800026FE] -> 0xFFC3
[3031] [M]: 0x00000000800026FC (0xFFC3F593) andi x11, x7, -0x4                      adj_Mepc_rtn+0
x11 <- 0x0000030080001C78

clint mtime 0x00000000000005EC (mip.MTI <- 0b1, mip.STI <- 0b0)
mem[X,0x0000000080002700] -> 0x8593
mem[X,0x0000000080002702] -> 0x0085
[3032] [M]: 0x0000000080002700 (0x00858593) addi x11, x11, 0x8                      adj_Mepc_rtn+4
x11 <- 0x0000030080001C80

mem[X,0x0000000080002704] -> 0x9073
mem[X,0x0000000080002706] -> 0x3415
[3033] [M]: 0x0000000080002704 (0x34159073) csrrw x0, mepc, x11                     adj_Mepc_rtn+8
CSR mepc (0x341) <- 0x0000030080001C80

clint mtime 0x00000000000005ED (mip.MTI <- 0b1, mip.STI <- 0b0)
mem[X,0x0000000080002708] -> 0x23F3
mem[X,0x000000008000270A] -> 0x3430
[3034] [M]: 0x0000000080002708 (0x343023F3) csrrs x7, mtval, x0                     skp_adj_Mepc+0
CSR mtval (0x343) -> 0x00000000341494F3
x7 <- 0x00000000341494F3

mem[X,0x000000008000270C] -> 0x0413
mem[X,0x000000008000270E] -> 0x0004
[3035] [M]: 0x000000008000270C (0x00040413) addi x8, x8, 0x0                        skp_adj_Mepc+4
x8 <- 0x0000000000000002

clint mtime 0x00000000000005EE (mip.MTI <- 0b1, mip.STI <- 0b0)
mem[X,0x0000000080002710] -> 0x006F
mem[X,0x0000000080002712] -> 0x0840
[3036] [M]: 0x0000000080002710 (0x0840006F) jal x0, 0x84                            skp_adj_Mepc+8

mem[X,0x0000000080002794] -> 0x8433
mem[X,0x0000000080002796] -> 0x4083
[3037] [M]: 0x0000000080002794 (0x40838433) sub x8, x7, x8                          adj_Mtval+0
x8 <- 0x00000000341494F1

clint mtime 0x00000000000005EF (mip.MTI <- 0b1, mip.STI <- 0b0)
mem[X,0x0000000080002798] -> 0x3C23
mem[X,0x000000008000279A] -> 0x0083
[3038] [M]: 0x0000000080002798 (0x00833C23) sd x8, 0x18(x6)                         sv_Mtval+0
mem[W,0x000000008000A650] <- 0x00000000341494F1

mem[X,0x000000008000279C] -> 0x3483
mem[X,0x000000008000279E] -> 0x2181
[3039] [M]: 0x000000008000279C (0x21813483) ld x9, 0x218(x2)                        skp_Mtval+0
mem[R,0x0000000080005218] -> 0x000000008000A658
x9 <- 0x000000008000A658

clint mtime 0x00000000000005F0 (mip.MTI <- 0b1, mip.STI <- 0b0)
mem[X,0x00000000800027A0] -> 0x3383
mem[X,0x00000000800027A2] -> 0x1F81
[3040] [M]: 0x00000000800027A0 (0x1F813383) ld x7, 0x1f8(x2)                        skp_Mtval+4
mem[R,0x00000000800051F8] -> 0x000000008000A110
x7 <- 0x000000008000A110

mem[X,0x00000000800027A4] -> 0x3303
mem[X,0x00000000800027A6] -> 0x2001
[3041] [M]: 0x00000000800027A4 (0x20013303) ld x6, 0x200(x2)                        skp_Mtval+8
mem[R,0x0000000080005200] -> 0x0000000000000610
x6 <- 0x0000000000000610

clint mtime 0x00000000000005F1 (mip.MTI <- 0b1, mip.STI <- 0b0)
mem[X,0x00000000800027A8] -> 0x0333
mem[X,0x00000000800027AA] -> 0x0073
[3042] [M]: 0x00000000800027A8 (0x00730333) add x6, x6, x7                          skp_Mtval+12
x6 <- 0x000000008000A720

mem[X,0x00000000800027AC] -> 0x6AE3
mem[X,0x00000000800027AE] -> 0xAE93
[3043] [M]: 0x00000000800027AC (0xAE936AE3) bltu x6, x9, -0x50c                     skp_Mtval+16

clint mtime 0x00000000000005F2 (mip.MTI <- 0b1, mip.STI <- 0b0)
mem[X,0x00000000800027B0] -> 0x0393
mem[X,0x00000000800027B2] -> 0x2000
[3044] [M]: 0x00000000800027B0 (0x20000393) addi x7, x0, 0x200                      skp_Mtval+20
x7 <- 0x0000000000000200

mem[X,0x00000000800027B4] -> 0x006F
mem[X,0x00000000800027B6] -> 0x0400
[3045] [M]: 0x00000000800027B4 (0x0400006F) jal x0, 0x40                            skp_Mtval+24

clint mtime 0x00000000000005F3 (mip.MTI <- 0b1, mip.STI <- 0b0)
mem[X,0x00000000800027F4] -> 0x0417
mem[X,0x00000000800027F6] -> 0x0000
[3046] [M]: 0x00000000800027F4 (0x00000417) auipc x8, 0x0                           spcl_Mhandler+0
x8 <- 0x00000000800027F4

mem[X,0x00000000800027F8] -> 0x0413
mem[X,0x00000000800027FA] -> 0x03C4
[3047] [M]: 0x00000000800027F8 (0x03C40413) addi x8, x8, 0x3c                       spcl_Mhandler+4
x8 <- 0x0000000080002830

clint mtime 0x00000000000005F4 (mip.MTI <- 0b1, mip.STI <- 0b0)
mem[X,0x00000000800027FC] -> 0x0433
mem[X,0x00000000800027FE] -> 0x0074
[3048] [M]: 0x00000000800027FC (0x00740433) add x8, x8, x7                          spcl_Mhandler+8
x8 <- 0x0000000080002A30

mem[X,0x0000000080002800] -> 0x1393
mem[X,0x0000000080002802] -> 0x0035
[3049] [M]: 0x0000000080002800 (0x00351393) slli x7, x10, 0x3                       spcl_Mhandler+12
x7 <- 0x0000000000000010

clint mtime 0x00000000000005F5 (mip.MTI <- 0b1, mip.STI <- 0b0)
mem[X,0x0000000080002804] -> 0x0433
mem[X,0x0000000080002806] -> 0x0074
[3050] [M]: 0x0000000080002804 (0x00740433) add x8, x8, x7                          spcl_Mhandler+16
x8 <- 0x0000000080002A40

mem[X,0x0000000080002808] -> 0x7413
mem[X,0x000000008000280A] -> 0xFF84
[3051] [M]: 0x0000000080002808 (0xFF847413) andi x8, x8, -0x8                       spcl_Mhandler+20
x8 <- 0x0000000080002A40

clint mtime 0x00000000000005F6 (mip.MTI <- 0b1, mip.STI <- 0b0)
mem[X,0x000000008000280C] -> 0x3403
mem[X,0x000000008000280E] -> 0x0004
[3052] [M]: 0x000000008000280C (0x00043403) ld x8, 0x0(x8)                          spcl_Mhandler+24
mem[R,0x0000000080002A40] -> 0x0000000000000005
x8 <- 0x0000000000000005

mem[X,0x0000000080002810] -> 0x02E3
mem[X,0x0000000080002812] -> 0xB204
[3053] [M]: 0x0000000080002810 (0xB20402E3) beq x8, x0, -0x4dc                      spcl_Mdispatch_hndling+0

clint mtime 0x00000000000005F7 (mip.MTI <- 0b1, mip.STI <- 0b0)
mem[X,0x0000000080002814] -> 0x1393
mem[X,0x0000000080002816] -> 0x03F4
[3054] [M]: 0x0000000080002814 (0x03F41393) slli x7, x8, 0x3f                       spcl_Mdispatch_hndling+4
x7 <- 0x8000000000000000

mem[X,0x0000000080002818] -> 0xD863
mem[X,0x000000008000281A] -> 0x0003
[3055] [M]: 0x0000000080002818 (0x0003D863) bge x7, x0, 0x10                        spcl_Mdispatch_hndling+8

clint mtime 0x00000000000005F8 (mip.MTI <- 0b1, mip.STI <- 0b0)
mem[X,0x000000008000281C] -> 0x5413
mem[X,0x000000008000281E] -> 0x0014
[3056] [M]: 0x000000008000281C (0x00145413) srli x8, x8, 0x1                        spcl_Mdispatch_hndling+12
x8 <- 0x0000000000000002

mem[X,0x0000000080002820] -> 0x0CE3
mem[X,0x0000000080002822] -> 0xF885
[3057] [M]: 0x0000000080002820 (0xF8850CE3) beq x10, x8, -0x68                      spcl_Mdispatch_hndling+16

clint mtime 0x00000000000005F9 (mip.MTI <- 0b1, mip.STI <- 0b0)
mem[X,0x00000000800027B8] -> 0x3303
mem[X,0x00000000800027BA] -> 0x2601
[3058] [M]: 0x00000000800027B8 (0x26013303) ld x6, 0x260(x2)                        resto_Mrtn+0
mem[R,0x0000000080005260] -> 0xFFFFFFFF7FFFE5CC
x6 <- 0xFFFFFFFF7FFFE5CC

mem[X,0x00000000800027BC] -> 0x3383
mem[X,0x00000000800027BE] -> 0x2681
[3059] [M]: 0x00000000800027BC (0x26813383) ld x7, 0x268(x2)                        resto_Mrtn+4
mem[R,0x0000000080005268] -> 0x0000000080005000
x7 <- 0x0000000080005000

clint mtime 0x00000000000005FA (mip.MTI <- 0b1, mip.STI <- 0b0)
mem[X,0x00000000800027C0] -> 0x3403
mem[X,0x00000000800027C2] -> 0x2701
[3060] [M]: 0x00000000800027C0 (0x27013403) ld x8, 0x270(x2)                        resto_Mrtn+8
mem[R,0x0000000080005270] -> 0x0000000000007F76
x8 <- 0x0000000000007F76

mem[X,0x00000000800027C4] -> 0x3483
mem[X,0x00000000800027C6] -> 0x2781
[3061] [M]: 0x00000000800027C4 (0x27813483) ld x9, 0x278(x2)                        resto_Mrtn+12
mem[R,0x0000000080005278] -> 0x000003000000023C
x9 <- 0x000003000000023C

clint mtime 0x00000000000005FB (mip.MTI <- 0b1, mip.STI <- 0b0)
mem[X,0x00000000800027C8] -> 0x3503
mem[X,0x00000000800027CA] -> 0x2801
[3062] [M]: 0x00000000800027C8 (0x28013503) ld x10, 0x280(x2)                       resto_Mrtn+16
mem[R,0x0000000080005280] -> 0x00000000200001DF
x10 <- 0x00000000200001DF

mem[X,0x00000000800027CC] -> 0x3583
mem[X,0x00000000800027CE] -> 0x2881
[3063] [M]: 0x00000000800027CC (0x28813583) ld x11, 0x288(x2)                       resto_Mrtn+20
mem[R,0x0000000080005288] -> 0x00000000000001DF
x11 <- 0x00000000000001DF

clint mtime 0x00000000000005FC (mip.MTI <- 0b1, mip.STI <- 0b0)
mem[X,0x00000000800027D0] -> 0x3103
mem[X,0x00000000800027D2] -> 0x2901
[3064] [M]: 0x00000000800027D0 (0x29013103) ld x2, 0x290(x2)                        resto_Mrtn+24
mem[R,0x0000000080005290] -> 0x0000000000000000
x2 <- 0x0000000000000000

mem[X,0x00000000800027D4] -> 0x0073
mem[X,0x00000000800027D6] -> 0x3020
[3065] [M]: 0x00000000800027D4 (0x30200073) mret                                    resto_Mrtn+28
CSR mstatus (0x300) <- 0x0000000A00000080
ret-ing from M to U

clint mtime 0x00000000000005FD (mip.MTI <- 0b1, mip.STI <- 0b0)
PTW: Start, vpn=0x30080001, access_type=X, privilege=Umem[R,0x0000000080009030] -> 0x00000000000000DB
PTW: Step, level=3, pte=0xDB, pte_addr=0x80009030
PTW: Success, final_ppn=0x80001, level=3mem[X,0x0000000080001C80] -> 0x07B7
PTW: Start, vpn=0x30080001, access_type=X, privilege=Umem[R,0x0000000080009030] -> 0x00000000000000DB
PTW: Step, level=3, pte=0xDB, pte_addr=0x80009030
PTW: Success, final_ppn=0x80001, level=3mem[X,0x0000000080001C82] -> 0x0000
[3066] [U]: 0x0000030080001C80 (0x000007B7) lui x15, 0x0                            va_rvtest_code_begin+5316
x15 <- 0x0000000000000000

PTW: Start, vpn=0x30080001, access_type=X, privilege=Umem[R,0x0000000080009030] -> 0x00000000000000DB
PTW: Step, level=3, pte=0xDB, pte_addr=0x80009030
PTW: Success, final_ppn=0x80001, level=3mem[X,0x0000000080001C84] -> 0x8793
PTW: Start, vpn=0x30080001, access_type=X, privilege=Umem[R,0x0000000080009030] -> 0x00000000000000DB
PTW: Step, level=3, pte=0xDB, pte_addr=0x80009030
PTW: Success, final_ppn=0x80001, level=3mem[X,0x0000000080001C86] -> 0x2807
[3067] [U]: 0x0000030080001C84 (0x28078793) addi x15, x15, 0x280                    va_rvtest_code_begin+5320
x15 <- 0x0000000000000280

clint mtime 0x00000000000005FE (mip.MTI <- 0b1, mip.STI <- 0b0)
PTW: Start, vpn=0x30080001, access_type=X, privilege=Umem[R,0x0000000080009030] -> 0x00000000000000DB
PTW: Step, level=3, pte=0xDB, pte_addr=0x80009030
PTW: Success, final_ppn=0x80001, level=3mem[X,0x0000000080001C88] -> 0x9793
PTW: Start, vpn=0x30080001, access_type=X, privilege=Umem[R,0x0000000080009030] -> 0x00000000000000DB
PTW: Step, level=3, pte=0xDB, pte_addr=0x80009030
PTW: Success, final_ppn=0x80001, level=3mem[X,0x0000000080001C8A] -> 0x00B7
[3068] [U]: 0x0000030080001C88 (0x00B79793) slli x15, x15, 0xb                      va_rvtest_code_begin+5324
x15 <- 0x0000000000140000

PTW: Start, vpn=0x30080001, access_type=X, privilege=Umem[R,0x0000000080009030] -> 0x00000000000000DB
PTW: Step, level=3, pte=0xDB, pte_addr=0x80009030
PTW: Success, final_ppn=0x80001, level=3mem[X,0x0000000080001C8C] -> 0x8793
PTW: Start, vpn=0x30080001, access_type=X, privilege=Umem[R,0x0000000080009030] -> 0x00000000000000DB
PTW: Step, level=3, pte=0xDB, pte_addr=0x80009030
PTW: Success, final_ppn=0x80001, level=3mem[X,0x0000000080001C8E] -> 0x0007
[3069] [U]: 0x0000030080001C8C (0x00078793) addi x15, x15, 0x0                      va_rvtest_code_begin+5328
x15 <- 0x0000000000140000

clint mtime 0x00000000000005FF (mip.MTI <- 0b1, mip.STI <- 0b0)
PTW: Start, vpn=0x30080001, access_type=X, privilege=Umem[R,0x0000000080009030] -> 0x00000000000000DB
PTW: Step, level=3, pte=0xDB, pte_addr=0x80009030
PTW: Success, final_ppn=0x80001, level=3mem[X,0x0000000080001C90] -> 0x9793
PTW: Start, vpn=0x30080001, access_type=X, privilege=Umem[R,0x0000000080009030] -> 0x00000000000000DB
PTW: Step, level=3, pte=0xDB, pte_addr=0x80009030
PTW: Success, final_ppn=0x80001, level=3mem[X,0x0000000080001C92] -> 0x00B7
[3070] [U]: 0x0000030080001C90 (0x00B79793) slli x15, x15, 0xb                      va_rvtest_code_begin+5332
x15 <- 0x00000000A0000000

PTW: Start, vpn=0x30080001, access_type=X, privilege=Umem[R,0x0000000080009030] -> 0x00000000000000DB
PTW: Step, level=3, pte=0xDB, pte_addr=0x80009030
PTW: Success, final_ppn=0x80001, level=3mem[X,0x0000000080001C94] -> 0x8793
PTW: Start, vpn=0x30080001, access_type=X, privilege=Umem[R,0x0000000080009030] -> 0x00000000000000DB
PTW: Step, level=3, pte=0xDB, pte_addr=0x80009030
PTW: Success, final_ppn=0x80001, level=3mem[X,0x0000000080001C96] -> 0x0017
[3071] [U]: 0x0000030080001C94 (0x00178793) addi x15, x15, 0x1                      va_rvtest_code_begin+5336
x15 <- 0x00000000A0000001

clint mtime 0x0000000000000600 (mip.MTI <- 0b1, mip.STI <- 0b0)
PTW: Start, vpn=0x30080001, access_type=X, privilege=Umem[R,0x0000000080009030] -> 0x00000000000000DB
PTW: Step, level=3, pte=0xDB, pte_addr=0x80009030
PTW: Success, final_ppn=0x80001, level=3mem[X,0x0000000080001C98] -> 0x9793
PTW: Start, vpn=0x30080001, access_type=X, privilege=Umem[R,0x0000000080009030] -> 0x00000000000000DB
PTW: Step, level=3, pte=0xDB, pte_addr=0x80009030
PTW: Success, final_ppn=0x80001, level=3mem[X,0x0000000080001C9A] -> 0x00A7
[3072] [U]: 0x0000030080001C98 (0x00A79793) slli x15, x15, 0xa                      va_rvtest_code_begin+5340
x15 <- 0x0000028000000400

PTW: Start, vpn=0x30080001, access_type=X, privilege=Umem[R,0x0000000080009030] -> 0x00000000000000DB
PTW: Step, level=3, pte=0xDB, pte_addr=0x80009030
PTW: Success, final_ppn=0x80001, level=3mem[X,0x0000000080001C9C] -> 0x0613
PTW: Start, vpn=0x30080001, access_type=X, privilege=Umem[R,0x0000000080009030] -> 0x00000000000000DB
PTW: Step, level=3, pte=0xDB, pte_addr=0x80009030
PTW: Success, final_ppn=0x80001, level=3mem[X,0x0000000080001C9E] -> 0x0106
[3073] [U]: 0x0000030080001C9C (0x01060613) addi x12, x12, 0x10                     va_rvtest_code_begin+5344
x12 <- 0x00000000000000A0

clint mtime 0x0000000000000601 (mip.MTI <- 0b1, mip.STI <- 0b0)
PTW: Start, vpn=0x30080001, access_type=X, privilege=Umem[R,0x0000000080009030] -> 0x00000000000000DB
PTW: Step, level=3, pte=0xDB, pte_addr=0x80009030
PTW: Success, final_ppn=0x80001, level=3mem[X,0x0000000080001CA0] -> 0xAA23
PTW: Start, vpn=0x30080001, access_type=X, privilege=Umem[R,0x0000000080009030] -> 0x00000000000000DB
PTW: Step, level=3, pte=0xDB, pte_addr=0x80009030
PTW: Success, final_ppn=0x80001, level=3mem[X,0x0000000080001CA2] -> 0x00C7
[3074] [U]: 0x0000030080001CA0 (0x00C7AA23) sw x12, 0x14(x15)                       va_rvtest_code_begin+5348
PTW: Start, vpn=0x28000000, access_type=W, privilege=Umem[R,0x0000000080009028] -> 0x0000000020002001
PTW: Step, level=3, pte=0x20002001, pte_addr=0x80009028
PTW: Start, vpn=0x28000000, access_type=W, privilege=Umem[R,0x0000000080008000] -> 0x0000000020001C01
PTW: Step, level=2, pte=0x20001C01, pte_addr=0x80008000
PTW: Start, vpn=0x28000000, access_type=W, privilege=Umem[R,0x0000000080007000] -> 0x0000000020001801
PTW: Step, level=1, pte=0x20001801, pte_addr=0x80007000
PTW: Start, vpn=0x28000000, access_type=W, privilege=Umem[R,0x0000000080006000] -> 0x00000000200001DF
PTW: Step, level=0, pte=0x200001DF, pte_addr=0x80006000
PTW: Success, final_ppn=0x80000, level=0mem[W,0x0000000080000414] <- 0x000000A0

PTW: Start, vpn=0x30080001, access_type=X, privilege=Umem[R,0x0000000080009030] -> 0x00000000000000DB
PTW: Step, level=3, pte=0xDB, pte_addr=0x80009030
PTW: Success, final_ppn=0x80001, level=3mem[X,0x0000000080001CA4] -> 0x0013
PTW: Start, vpn=0x30080001, access_type=X, privilege=Umem[R,0x0000000080009030] -> 0x00000000000000DB
PTW: Step, level=3, pte=0xDB, pte_addr=0x80009030
PTW: Success, final_ppn=0x80001, level=3mem[X,0x0000000080001CA6] -> 0x0000
[3075] [U]: 0x0000030080001CA4 (0x00000013) addi x0, x0, 0x0                        va_rvtest_code_begin+5352

clint mtime 0x0000000000000602 (mip.MTI <- 0b1, mip.STI <- 0b0)
PTW: Start, vpn=0x30080001, access_type=X, privilege=Umem[R,0x0000000080009030] -> 0x00000000000000DB
PTW: Step, level=3, pte=0xDB, pte_addr=0x80009030
PTW: Success, final_ppn=0x80001, level=3mem[X,0x0000000080001CA8] -> 0xA703
PTW: Start, vpn=0x30080001, access_type=X, privilege=Umem[R,0x0000000080009030] -> 0x00000000000000DB
PTW: Step, level=3, pte=0xDB, pte_addr=0x80009030
PTW: Success, final_ppn=0x80001, level=3mem[X,0x0000000080001CAA] -> 0x0147
[3076] [U]: 0x0000030080001CA8 (0x0147A703) lw x14, 0x14(x15)                       va_rvtest_code_begin+5356
PTW: Start, vpn=0x28000000, access_type=R, privilege=Umem[R,0x0000000080009028] -> 0x0000000020002001
PTW: Step, level=3, pte=0x20002001, pte_addr=0x80009028
PTW: Start, vpn=0x28000000, access_type=R, privilege=Umem[R,0x0000000080008000] -> 0x0000000020001C01
PTW: Step, level=2, pte=0x20001C01, pte_addr=0x80008000
PTW: Start, vpn=0x28000000, access_type=R, privilege=Umem[R,0x0000000080007000] -> 0x0000000020001801
PTW: Step, level=1, pte=0x20001801, pte_addr=0x80007000
PTW: Start, vpn=0x28000000, access_type=R, privilege=Umem[R,0x0000000080006000] -> 0x00000000200001DF
PTW: Step, level=0, pte=0x200001DF, pte_addr=0x80006000
PTW: Success, final_ppn=0x80000, level=0mem[R,0x0000000080000414] -> 0x000000A0
x14 <- 0x00000000000000A0

PTW: Start, vpn=0x30080001, access_type=X, privilege=Umem[R,0x0000000080009030] -> 0x00000000000000DB
PTW: Step, level=3, pte=0xDB, pte_addr=0x80009030
PTW: Success, final_ppn=0x80001, level=3mem[X,0x0000000080001CAC] -> 0x0013
PTW: Start, vpn=0x30080001, access_type=X, privilege=Umem[R,0x0000000080009030] -> 0x00000000000000DB
PTW: Step, level=3, pte=0xDB, pte_addr=0x80009030
PTW: Success, final_ppn=0x80001, level=3mem[X,0x0000000080001CAE] -> 0x0000
[3077] [U]: 0x0000030080001CAC (0x00000013) addi x0, x0, 0x0                        va_rvtest_code_begin+5360

clint mtime 0x0000000000000603 (mip.MTI <- 0b1, mip.STI <- 0b0)
PTW: Start, vpn=0x30080001, access_type=X, privilege=Umem[R,0x0000000080009030] -> 0x00000000000000DB
PTW: Step, level=3, pte=0xDB, pte_addr=0x80009030
PTW: Success, final_ppn=0x80001, level=3mem[X,0x0000000080001CB0] -> 0x51B7
PTW: Start, vpn=0x30080001, access_type=X, privilege=Umem[R,0x0000000080009030] -> 0x00000000000000DB
PTW: Step, level=3, pte=0xDB, pte_addr=0x80009030
PTW: Success, final_ppn=0x80001, level=3mem[X,0x0000000080001CB2] -> 0x0000
[3078] [U]: 0x0000030080001CB0 (0x000051B7) lui x3, 0x5                             va_rvtest_code_begin+5364
x3 <- 0x0000000000005000

PTW: Start, vpn=0x30080001, access_type=X, privilege=Umem[R,0x0000000080009030] -> 0x00000000000000DB
PTW: Step, level=3, pte=0xDB, pte_addr=0x80009030
PTW: Success, final_ppn=0x80001, level=3mem[X,0x0000000080001CB4] -> 0x8193
PTW: Start, vpn=0x30080001, access_type=X, privilege=Umem[R,0x0000000080009030] -> 0x00000000000000DB
PTW: Step, level=3, pte=0xDB, pte_addr=0x80009030
PTW: Success, final_ppn=0x80001, level=3mem[X,0x0000000080001CB6] -> 0x6671
[3079] [U]: 0x0000030080001CB4 (0x66718193) addi x3, x3, 0x667                      va_rvtest_code_begin+5368
x3 <- 0x0000000000005667

clint mtime 0x0000000000000604 (mip.MTI <- 0b1, mip.STI <- 0b0)
PTW: Start, vpn=0x30080001, access_type=X, privilege=Umem[R,0x0000000080009030] -> 0x00000000000000DB
PTW: Step, level=3, pte=0xDB, pte_addr=0x80009030
PTW: Success, final_ppn=0x80001, level=3mem[X,0x0000000080001CB8] -> 0x9193
PTW: Start, vpn=0x30080001, access_type=X, privilege=Umem[R,0x0000000080009030] -> 0x00000000000000DB
PTW: Step, level=3, pte=0xDB, pte_addr=0x80009030
PTW: Success, final_ppn=0x80001, level=3mem[X,0x0000000080001CBA] -> 0x0011
[3080] [U]: 0x0000030080001CB8 (0x00119193) slli x3, x3, 0x1                        va_rvtest_code_begin+5372
x3 <- 0x000000000000ACCE

PTW: Start, vpn=0x30080001, access_type=X, privilege=Umem[R,0x0000000080009030] -> 0x00000000000000DB
PTW: Step, level=3, pte=0xDB, pte_addr=0x80009030
PTW: Success, final_ppn=0x80001, level=3mem[X,0x0000000080001CBC] -> 0x0013
PTW: Start, vpn=0x30080001, access_type=X, privilege=Umem[R,0x0000000080009030] -> 0x00000000000000DB
PTW: Step, level=3, pte=0xDB, pte_addr=0x80009030
PTW: Success, final_ppn=0x80001, level=3mem[X,0x0000000080001CBE] -> 0x0000
[3081] [U]: 0x0000030080001CBC (0x00000013) addi x0, x0, 0x0                        va_rvtest_code_begin+5376

clint mtime 0x0000000000000605 (mip.MTI <- 0b1, mip.STI <- 0b0)
PTW: Start, vpn=0x30080001, access_type=X, privilege=Umem[R,0x0000000080009030] -> 0x00000000000000DB
PTW: Step, level=3, pte=0xDB, pte_addr=0x80009030
PTW: Success, final_ppn=0x80001, level=3mem[X,0x0000000080001CC0] -> 0x0217
PTW: Start, vpn=0x30080001, access_type=X, privilege=Umem[R,0x0000000080009030] -> 0x00000000000000DB
PTW: Step, level=3, pte=0xDB, pte_addr=0x80009030
PTW: Success, final_ppn=0x80001, level=3mem[X,0x0000000080001CC2] -> 0x0000
[3082] [U]: 0x0000030080001CC0 (0x00000217) auipc x4, 0x0                           va_rvtest_code_begin+5380
x4 <- 0x0000030080001CC0

PTW: Start, vpn=0x30080001, access_type=X, privilege=Umem[R,0x0000000080009030] -> 0x00000000000000DB
PTW: Step, level=3, pte=0xDB, pte_addr=0x80009030
PTW: Success, final_ppn=0x80001, level=3mem[X,0x0000000080001CC4] -> 0x0213
PTW: Start, vpn=0x30080001, access_type=X, privilege=Umem[R,0x0000000080009030] -> 0x00000000000000DB
PTW: Step, level=3, pte=0xDB, pte_addr=0x80009030
PTW: Success, final_ppn=0x80001, level=3mem[X,0x0000000080001CC6] -> 0x02C2
[3083] [U]: 0x0000030080001CC4 (0x02C20213) addi x4, x4, 0x2c                       va_rvtest_code_begin+5384
x4 <- 0x0000030080001CEC

clint mtime 0x0000000000000606 (mip.MTI <- 0b1, mip.STI <- 0b0)
PTW: Start, vpn=0x30080001, access_type=X, privilege=Umem[R,0x0000000080009030] -> 0x00000000000000DB
PTW: Step, level=3, pte=0xDB, pte_addr=0x80009030
PTW: Success, final_ppn=0x80001, level=3mem[X,0x0000000080001CC8] -> 0x0001
[3084] [U]: 0x0000030080001CC8 (0x0001) c.nop                                       va_rvtest_code_begin+5388

PTW: Start, vpn=0x30080001, access_type=X, privilege=Umem[R,0x0000000080009030] -> 0x00000000000000DB
PTW: Step, level=3, pte=0xDB, pte_addr=0x80009030
PTW: Success, final_ppn=0x80001, level=3mem[X,0x0000000080001CCA] -> 0x0013
PTW: Start, vpn=0x30080001, access_type=X, privilege=Umem[R,0x0000000080009030] -> 0x00000000000000DB
PTW: Step, level=3, pte=0xDB, pte_addr=0x80009030
PTW: Success, final_ppn=0x80001, level=3mem[X,0x0000000080001CCC] -> 0x0000
[3085] [U]: 0x0000030080001CCA (0x00000013) addi x0, x0, 0x0                        va_rvtest_code_begin+5390

clint mtime 0x0000000000000607 (mip.MTI <- 0b1, mip.STI <- 0b0)
PTW: Start, vpn=0x30080001, access_type=X, privilege=Umem[R,0x0000000080009030] -> 0x00000000000000DB
PTW: Step, level=3, pte=0xDB, pte_addr=0x80009030
PTW: Success, final_ppn=0x80001, level=3mem[X,0x0000000080001CCE] -> 0x0013
PTW: Start, vpn=0x30080001, access_type=X, privilege=Umem[R,0x0000000080009030] -> 0x00000000000000DB
PTW: Step, level=3, pte=0xDB, pte_addr=0x80009030
PTW: Success, final_ppn=0x80001, level=3mem[X,0x0000000080001CD0] -> 0x0000
[3086] [U]: 0x0000030080001CCE (0x00000013) addi x0, x0, 0x0                        va_rvtest_code_begin+5394

PTW: Start, vpn=0x30080001, access_type=X, privilege=Umem[R,0x0000000080009030] -> 0x00000000000000DB
PTW: Step, level=3, pte=0xDB, pte_addr=0x80009030
PTW: Success, final_ppn=0x80001, level=3mem[X,0x0000000080001CD2] -> 0x0013
PTW: Start, vpn=0x30080001, access_type=X, privilege=Umem[R,0x0000000080009030] -> 0x00000000000000DB
PTW: Step, level=3, pte=0xDB, pte_addr=0x80009030
PTW: Success, final_ppn=0x80001, level=3mem[X,0x0000000080001CD4] -> 0x0000
[3087] [U]: 0x0000030080001CD2 (0x00000013) addi x0, x0, 0x0                        va_rvtest_code_begin+5398

clint mtime 0x0000000000000608 (mip.MTI <- 0b1, mip.STI <- 0b0)
PTW: Start, vpn=0x30080001, access_type=X, privilege=Umem[R,0x0000000080009030] -> 0x00000000000000DB
PTW: Step, level=3, pte=0xDB, pte_addr=0x80009030
PTW: Success, final_ppn=0x80001, level=3mem[X,0x0000000080001CD6] -> 0x0013
PTW: Start, vpn=0x30080001, access_type=X, privilege=Umem[R,0x0000000080009030] -> 0x00000000000000DB
PTW: Step, level=3, pte=0xDB, pte_addr=0x80009030
PTW: Success, final_ppn=0x80001, level=3mem[X,0x0000000080001CD8] -> 0x0000
[3088] [U]: 0x0000030080001CD6 (0x00000013) addi x0, x0, 0x0                        va_rvtest_code_begin+5402

PTW: Start, vpn=0x30080001, access_type=X, privilege=Umem[R,0x0000000080009030] -> 0x00000000000000DB
PTW: Step, level=3, pte=0xDB, pte_addr=0x80009030
PTW: Success, final_ppn=0x80001, level=3mem[X,0x0000000080001CDA] -> 0x0013
PTW: Start, vpn=0x30080001, access_type=X, privilege=Umem[R,0x0000000080009030] -> 0x00000000000000DB
PTW: Step, level=3, pte=0xDB, pte_addr=0x80009030
PTW: Success, final_ppn=0x80001, level=3mem[X,0x0000000080001CDC] -> 0x0000
[3089] [U]: 0x0000030080001CDA (0x00000013) addi x0, x0, 0x0                        va_rvtest_code_begin+5406

clint mtime 0x0000000000000609 (mip.MTI <- 0b1, mip.STI <- 0b0)
PTW: Start, vpn=0x30080001, access_type=X, privilege=Umem[R,0x0000000080009030] -> 0x00000000000000DB
PTW: Step, level=3, pte=0xDB, pte_addr=0x80009030
PTW: Success, final_ppn=0x80001, level=3mem[X,0x0000000080001CDE] -> 0x0001
[3090] [U]: 0x0000030080001CDE (0x0001) c.nop                                       va_rvtest_code_begin+5410

PTW: Start, vpn=0x30080001, access_type=X, privilege=Umem[R,0x0000000080009030] -> 0x00000000000000DB
PTW: Step, level=3, pte=0xDB, pte_addr=0x80009030
PTW: Success, final_ppn=0x80001, level=3mem[X,0x0000000080001CE0] -> 0x80E7
PTW: Start, vpn=0x30080001, access_type=X, privilege=Umem[R,0x0000000080009030] -> 0x00000000000000DB
PTW: Step, level=3, pte=0xDB, pte_addr=0x80009030
PTW: Success, final_ppn=0x80001, level=3mem[X,0x0000000080001CE2] -> 0x0007
[3091] [U]: 0x0000030080001CE0 (0x000780E7) jalr x1, 0x0(x15)                       va_rvtest_code_begin+5412
x1 <- 0x0000030080001CE4

clint mtime 0x000000000000060A (mip.MTI <- 0b1, mip.STI <- 0b0)
PTW: Start, vpn=0x28000000, access_type=X, privilege=Umem[R,0x0000000080009028] -> 0x0000000020002001
PTW: Step, level=3, pte=0x20002001, pte_addr=0x80009028
PTW: Start, vpn=0x28000000, access_type=X, privilege=Umem[R,0x0000000080008000] -> 0x0000000020001C01
PTW: Step, level=2, pte=0x20001C01, pte_addr=0x80008000
PTW: Start, vpn=0x28000000, access_type=X, privilege=Umem[R,0x0000000080007000] -> 0x0000000020001801
PTW: Step, level=1, pte=0x20001801, pte_addr=0x80007000
PTW: Start, vpn=0x28000000, access_type=X, privilege=Umem[R,0x0000000080006000] -> 0x00000000200001DF
PTW: Step, level=0, pte=0x200001DF, pte_addr=0x80006000
PTW: Success, final_ppn=0x80000, level=0mem[X,0x0000000080000400] -> 0x0013
mem[X,0x0000000080000402] -> 0x0000
[3092] [U]: 0x0000028000000400 (0x00000013) addi x0, x0, 0x0                        va_data+0

mem[X,0x0000000080000404] -> 0x8093
mem[X,0x0000000080000406] -> 0x0080
[3093] [U]: 0x0000028000000404 (0x00808093) addi x1, x1, 0x8                        va_data+4
x1 <- 0x0000030080001CEC

clint mtime 0x000000000000060B (mip.MTI <- 0b1, mip.STI <- 0b0)
mem[X,0x0000000080000408] -> 0x8067
mem[X,0x000000008000040A] -> 0x0000
[3094] [U]: 0x0000028000000408 (0x00008067) jalr x0, 0x0(x1)                        va_data+8

PTW: Start, vpn=0x30080001, access_type=X, privilege=Umem[R,0x0000000080009030] -> 0x00000000000000DB
PTW: Step, level=3, pte=0xDB, pte_addr=0x80009030
PTW: Success, final_ppn=0x80001, level=3mem[X,0x0000000080001CEC] -> 0x0013
PTW: Start, vpn=0x30080001, access_type=X, privilege=Umem[R,0x0000000080009030] -> 0x00000000000000DB
PTW: Step, level=3, pte=0xDB, pte_addr=0x80009030
PTW: Success, final_ppn=0x80001, level=3mem[X,0x0000000080001CEE] -> 0x0000
[3095] [U]: 0x0000030080001CEC (0x00000013) addi x0, x0, 0x0                        va_rvtest_code_begin+5424

clint mtime 0x000000000000060C (mip.MTI <- 0b1, mip.STI <- 0b0)
PTW: Start, vpn=0x30080001, access_type=X, privilege=Umem[R,0x0000000080009030] -> 0x00000000000000DB
PTW: Step, level=3, pte=0xDB, pte_addr=0x80009030
PTW: Success, final_ppn=0x80001, level=3mem[X,0x0000000080001CF0] -> 0x0013
PTW: Start, vpn=0x30080001, access_type=X, privilege=Umem[R,0x0000000080009030] -> 0x00000000000000DB
PTW: Step, level=3, pte=0xDB, pte_addr=0x80009030
PTW: Success, final_ppn=0x80001, level=3mem[X,0x0000000080001CF2] -> 0x0000
[3096] [U]: 0x0000030080001CF0 (0x00000013) addi x0, x0, 0x0                        va_rvtest_code_begin+5428

PTW: Start, vpn=0x30080001, access_type=X, privilege=Umem[R,0x0000000080009030] -> 0x00000000000000DB
PTW: Step, level=3, pte=0xDB, pte_addr=0x80009030
PTW: Success, final_ppn=0x80001, level=3mem[X,0x0000000080001CF4] -> 0x0013
PTW: Start, vpn=0x30080001, access_type=X, privilege=Umem[R,0x0000000080009030] -> 0x00000000000000DB
PTW: Step, level=3, pte=0xDB, pte_addr=0x80009030
PTW: Success, final_ppn=0x80001, level=3mem[X,0x0000000080001CF6] -> 0x0000
[3097] [U]: 0x0000030080001CF4 (0x00000013) addi x0, x0, 0x0                        va_rvtest_code_begin+5432

clint mtime 0x000000000000060D (mip.MTI <- 0b1, mip.STI <- 0b0)
PTW: Start, vpn=0x30080001, access_type=X, privilege=Umem[R,0x0000000080009030] -> 0x00000000000000DB
PTW: Step, level=3, pte=0xDB, pte_addr=0x80009030
PTW: Success, final_ppn=0x80001, level=3mem[X,0x0000000080001CF8] -> 0x0113
PTW: Start, vpn=0x30080001, access_type=X, privilege=Umem[R,0x0000000080009030] -> 0x00000000000000DB
PTW: Step, level=3, pte=0xDB, pte_addr=0x80009030
PTW: Success, final_ppn=0x80001, level=3mem[X,0x0000000080001CFA] -> 0x0000
[3098] [U]: 0x0000030080001CF8 (0x00000113) addi x2, x0, 0x0                        va_rvtest_code_begin+5436
x2 <- 0x0000000000000000

PTW: Start, vpn=0x30080001, access_type=X, privilege=Umem[R,0x0000000080009030] -> 0x00000000000000DB
PTW: Step, level=3, pte=0xDB, pte_addr=0x80009030
PTW: Success, final_ppn=0x80001, level=3mem[X,0x0000000080001CFC] -> 0x0073
PTW: Start, vpn=0x30080001, access_type=X, privilege=Umem[R,0x0000000080009030] -> 0x00000000000000DB
PTW: Step, level=3, pte=0xDB, pte_addr=0x80009030
PTW: Success, final_ppn=0x80001, level=3mem[X,0x0000000080001CFE] -> 0x0000
[3099] [U]: 0x0000030080001CFC (0x00000073) ecall                                   va_rvtest_code_begin+5440
trapping from U to M to handle u-call
handling exc#u-call at priv M with tval 0x0000000000000000
CSR mstatus (0x300) <- 0x0000000A00000000
CSR mcause (0x342) <- 0x0000000000000008
CSR mtval (0x343) <- 0x0000000000000000
CSR mepc (0x341) <- 0x0000030080001CFC

clint mtime 0x000000000000060E (mip.MTI <- 0b1, mip.STI <- 0b0)
mem[X,0x0000000080002380] -> 0x006F
mem[X,0x0000000080002382] -> 0x1000
[3100] [M]: 0x0000000080002380 (0x1000006F) jal x0, 0x100                           Mtrampoline+0

mem[X,0x0000000080002480] -> 0x1173
mem[X,0x0000000080002482] -> 0x3401
[3101] [M]: 0x0000000080002480 (0x34011173) csrrw x2, mscratch, x2                  trap_Mhandler+0
CSR mscratch (0x340) <- 0x0000000000000000
x2 <- 0x0000000080005000

clint mtime 0x000000000000060F (mip.MTI <- 0b1, mip.STI <- 0b0)
mem[X,0x0000000080002484] -> 0x3423
mem[X,0x0000000080002486] -> 0x28B1
[3102] [M]: 0x0000000080002484 (0x28B13423) sd x11, 0x288(x2)                       trap_Mhandler+4
mem[W,0x0000000080005288] <- 0x00000000000001DF

mem[X,0x0000000080002488] -> 0x05EF
mem[X,0x000000008000248A] -> 0x0B80
[3103] [M]: 0x0000000080002488 (0x0B8005EF) jal x11, 0xb8                           trap_Mhandler+8
x11 <- 0x000000008000248C

clint mtime 0x0000000000000610 (mip.MTI <- 0b1, mip.STI <- 0b0)
mem[X,0x0000000080002540] -> 0x3023
mem[X,0x0000000080002542] -> 0x28A1
[3104] [M]: 0x0000000080002540 (0x28A13023) sd x10, 0x280(x2)                       common_Mhandler+0
mem[W,0x0000000080005280] <- 0x00000000200001DF

mem[X,0x0000000080002544] -> 0x1573
mem[X,0x0000000080002546] -> 0x3401
[3105] [M]: 0x0000000080002544 (0x34011573) csrrw x10, mscratch, x2                 common_Mhandler+4
CSR mscratch (0x340) <- 0x0000000080005000
x10 <- 0x0000000000000000

clint mtime 0x0000000000000611 (mip.MTI <- 0b1, mip.STI <- 0b0)
mem[X,0x0000000080002548] -> 0x3823
mem[X,0x000000008000254A] -> 0x28A1
[3106] [M]: 0x0000000080002548 (0x28A13823) sd x10, 0x290(x2)                       common_Mhandler+8
mem[W,0x0000000080005290] <- 0x0000000000000000

mem[X,0x000000008000254C] -> 0x3503
mem[X,0x000000008000254E] -> 0x2301
[3107] [M]: 0x000000008000254C (0x23013503) ld x10, 0x230(x2)                       common_Mhandler+12
mem[R,0x0000000080005230] -> 0x0000000080002554
x10 <- 0x0000000080002554

clint mtime 0x0000000000000612 (mip.MTI <- 0b1, mip.STI <- 0b0)
mem[X,0x0000000080002550] -> 0x0067
mem[X,0x0000000080002552] -> 0x0005
[3108] [M]: 0x0000000080002550 (0x00050067) jalr x0, 0x0(x10)                       common_Mhandler+16

mem[X,0x0000000080002554] -> 0x3C23
mem[X,0x0000000080002556] -> 0x2691
[3109] [M]: 0x0000000080002554 (0x26913C23) sd x9, 0x278(x2)                        common_Mentry+0
mem[W,0x0000000080005278] <- 0x000003000000023C

clint mtime 0x0000000000000613 (mip.MTI <- 0b1, mip.STI <- 0b0)
mem[X,0x0000000080002558] -> 0x3823
mem[X,0x000000008000255A] -> 0x2681
[3110] [M]: 0x0000000080002558 (0x26813823) sd x8, 0x270(x2)                        common_Mentry+4
mem[W,0x0000000080005270] <- 0x0000000000007F76

mem[X,0x000000008000255C] -> 0x3423
mem[X,0x000000008000255E] -> 0x2671
[3111] [M]: 0x000000008000255C (0x26713423) sd x7, 0x268(x2)                        common_Mentry+8
mem[W,0x0000000080005268] <- 0x0000000080005000

clint mtime 0x0000000000000614 (mip.MTI <- 0b1, mip.STI <- 0b0)
mem[X,0x0000000080002560] -> 0x3023
mem[X,0x0000000080002562] -> 0x2661
[3112] [M]: 0x0000000080002560 (0x26613023) sd x6, 0x260(x2)                        common_Mentry+12
mem[W,0x0000000080005260] <- 0xFFFFFFFF7FFFE5CC

mem[X,0x0000000080002564] -> 0x2573
mem[X,0x0000000080002566] -> 0x3420
[3113] [M]: 0x0000000080002564 (0x34202573) csrrs x10, mcause, x0                   spcl_M2mmode_test+0
CSR mcause (0x342) -> 0x0000000000000008
x10 <- 0x0000000000000008

clint mtime 0x0000000000000615 (mip.MTI <- 0b1, mip.STI <- 0b0)
mem[X,0x0000000080002568] -> 0x04B7
mem[X,0x000000008000256A] -> 0x8000
[3114] [M]: 0x0000000080002568 (0x800004B7) lui x9, -0x80000                        spcl_M2mmode_test+4
x9 <- 0xFFFFFFFF80000000

mem[X,0x000000008000256C] -> 0x8493
mem[X,0x000000008000256E] -> 0x0004
[3115] [M]: 0x000000008000256C (0x00048493) addi x9, x9, 0x0                        spcl_M2mmode_test+8
x9 <- 0xFFFFFFFF80000000

clint mtime 0x0000000000000616 (mip.MTI <- 0b1, mip.STI <- 0b0)
mem[X,0x0000000080002570] -> 0x9493
mem[X,0x0000000080002572] -> 0x00B4
[3116] [M]: 0x0000000080002570 (0x00B49493) slli x9, x9, 0xb                        spcl_M2mmode_test+12
x9 <- 0xFFFFFC0000000000

mem[X,0x0000000080002574] -> 0x8493
mem[X,0x0000000080002576] -> 0x0004
[3117] [M]: 0x0000000080002574 (0x00048493) addi x9, x9, 0x0                        spcl_M2mmode_test+16
x9 <- 0xFFFFFC0000000000

clint mtime 0x0000000000000617 (mip.MTI <- 0b1, mip.STI <- 0b0)
mem[X,0x0000000080002578] -> 0x9493
mem[X,0x000000008000257A] -> 0x00B4
[3118] [M]: 0x0000000080002578 (0x00B49493) slli x9, x9, 0xb                        spcl_M2mmode_test+20
x9 <- 0xFFE0000000000000

mem[X,0x000000008000257C] -> 0x8493
mem[X,0x000000008000257E] -> 0x0034
[3119] [M]: 0x000000008000257C (0x00348493) addi x9, x9, 0x3                        spcl_M2mmode_test+24
x9 <- 0xFFE0000000000003

clint mtime 0x0000000000000618 (mip.MTI <- 0b1, mip.STI <- 0b0)
mem[X,0x0000000080002580] -> 0x9493
mem[X,0x0000000080002582] -> 0x00A4
[3120] [M]: 0x0000000080002580 (0x00A49493) slli x9, x9, 0xa                        spcl_M2mmode_test+28
x9 <- 0x8000000000000C00

mem[X,0x0000000080002584] -> 0x8493
mem[X,0x0000000080002586] -> 0x3FC4
[3121] [M]: 0x0000000080002584 (0x3FC48493) addi x9, x9, 0x3fc                      spcl_M2mmode_test+32
x9 <- 0x8000000000000FFC

clint mtime 0x0000000000000619 (mip.MTI <- 0b1, mip.STI <- 0b0)
mem[X,0x0000000080002588] -> 0xF4B3
mem[X,0x000000008000258A] -> 0x00A4
[3122] [M]: 0x0000000080002588 (0x00A4F4B3) and x9, x9, x10                         spcl_M2mmode_test+36
x9 <- 0x0000000000000008

mem[X,0x000000008000258C] -> 0x8493
mem[X,0x000000008000258E] -> 0xFF84
[3123] [M]: 0x000000008000258C (0xFF848493) addi x9, x9, -0x8                       spcl_M2mmode_test+40
x9 <- 0x0000000000000000

clint mtime 0x000000000000061A (mip.MTI <- 0b1, mip.STI <- 0b0)
mem[X,0x0000000080002590] -> 0x9663
mem[X,0x0000000080002592] -> 0x0004
[3124] [M]: 0x0000000080002590 (0x00049663) bne x9, x0, 0xc                         spcl_M2mmode_test+44

mem[X,0x0000000080002594] -> 0x3383
mem[X,0x0000000080002596] -> 0x2901
[3125] [M]: 0x0000000080002594 (0x29013383) ld x7, 0x290(x2)                        spcl_M2mmode_test+48
mem[R,0x0000000080005290] -> 0x0000000000000000
x7 <- 0x0000000000000000

clint mtime 0x000000000000061B (mip.MTI <- 0b1, mip.STI <- 0b0)
mem[X,0x0000000080002598] -> 0x8663
mem[X,0x000000008000259A] -> 0x6E03
[3126] [M]: 0x0000000080002598 (0x6E038663) beq x7, x0, 0x6ec                       spcl_M2mmode_test+52

mem[X,0x0000000080002C84] -> 0x0493
mem[X,0x0000000080002C86] -> 0xFF55
[3127] [M]: 0x0000000080002C84 (0xFF550493) addi x9, x10, -0xb                      rtn2mmode+0
x9 <- 0xFFFFFFFFFFFFFFFD

clint mtime 0x000000000000061C (mip.MTI <- 0b1, mip.STI <- 0b0)
mem[X,0x0000000080002C88] -> 0x8C63
mem[X,0x0000000080002C8A] -> 0x0004
[3128] [M]: 0x0000000080002C88 (0x00048C63) beq x9, x0, 0x18                        rtn2mmode+4

mem[X,0x0000000080002C8C] -> 0x3583
mem[X,0x0000000080002C8E] -> 0x4701
[3129] [M]: 0x0000000080002C8C (0x47013583) ld x11, 0x470(x2)                       rtn2mmode+8
mem[R,0x0000000080005470] -> 0x00000300800007BC
x11 <- 0x00000300800007BC

clint mtime 0x000000000000061D (mip.MTI <- 0b1, mip.STI <- 0b0)
mem[X,0x0000000080002C90] -> 0xD463
mem[X,0x0000000080002C92] -> 0x0003
[3130] [M]: 0x0000000080002C90 (0x0003D463) bge x7, x0, 0x8                         rtn2mmode+12

mem[X,0x0000000080002C98] -> 0x3483
mem[X,0x0000000080002C9A] -> 0x1D81
[3131] [M]: 0x0000000080002C98 (0x1D813483) ld x9, 0x1d8(x2)                        from_u_s+0
mem[R,0x00000000800051D8] -> 0x00000000800007D4
x9 <- 0x00000000800007D4

clint mtime 0x000000000000061E (mip.MTI <- 0b1, mip.STI <- 0b0)
mem[X,0x0000000080002C9C] -> 0x84B3
mem[X,0x0000000080002C9E] -> 0x40B4
[3132] [M]: 0x0000000080002C9C (0x40B484B3) sub x9, x9, x11                         from_u_s+4
x9 <- 0xFFFFFD0000000018

mem[X,0x0000000080002CA0] -> 0x23F3
mem[X,0x0000000080002CA2] -> 0x3410
[3133] [M]: 0x0000000080002CA0 (0x341023F3) csrrs x7, mepc, x0                      rtn_fm_mmode+0
CSR mepc (0x341) -> 0x0000030080001CFC
x7 <- 0x0000030080001CFC

clint mtime 0x000000000000061F (mip.MTI <- 0b1, mip.STI <- 0b0)
mem[X,0x0000000080002CA4] -> 0x83B3
mem[X,0x0000000080002CA6] -> 0x0093
[3134] [M]: 0x0000000080002CA4 (0x009383B3) add x7, x7, x9                          rtn_fm_mmode+4
x7 <- 0x0000000080001D14

mem[X,0x0000000080002CA8] -> 0x3303
mem[X,0x0000000080002CAA] -> 0x2601
[3135] [M]: 0x0000000080002CA8 (0x26013303) ld x6, 0x260(x2)                        rtn_fm_mmode+8
mem[R,0x0000000080005260] -> 0xFFFFFFFF7FFFE5CC
x6 <- 0xFFFFFFFF7FFFE5CC

clint mtime 0x0000000000000620 (mip.MTI <- 0b1, mip.STI <- 0b0)
mem[X,0x0000000080002CAC] -> 0x3403
mem[X,0x0000000080002CAE] -> 0x2701
[3136] [M]: 0x0000000080002CAC (0x27013403) ld x8, 0x270(x2)                        rtn_fm_mmode+12
mem[R,0x0000000080005270] -> 0x0000000000007F76
x8 <- 0x0000000000007F76

mem[X,0x0000000080002CB0] -> 0x3483
mem[X,0x0000000080002CB2] -> 0x2781
[3137] [M]: 0x0000000080002CB0 (0x27813483) ld x9, 0x278(x2)                        rtn_fm_mmode+16
mem[R,0x0000000080005278] -> 0x000003000000023C
x9 <- 0x000003000000023C

clint mtime 0x0000000000000621 (mip.MTI <- 0b1, mip.STI <- 0b0)
mem[X,0x0000000080002CB4] -> 0x3503
mem[X,0x0000000080002CB6] -> 0x2801
[3138] [M]: 0x0000000080002CB4 (0x28013503) ld x10, 0x280(x2)                       rtn_fm_mmode+20
mem[R,0x0000000080005280] -> 0x00000000200001DF
x10 <- 0x00000000200001DF

mem[X,0x0000000080002CB8] -> 0x3583
mem[X,0x0000000080002CBA] -> 0x2881
[3139] [M]: 0x0000000080002CB8 (0x28813583) ld x11, 0x288(x2)                       rtn_fm_mmode+24
mem[R,0x0000000080005288] -> 0x00000000000001DF
x11 <- 0x00000000000001DF

clint mtime 0x0000000000000622 (mip.MTI <- 0b1, mip.STI <- 0b0)
mem[X,0x0000000080002CBC] -> 0x3103
mem[X,0x0000000080002CBE] -> 0x2901
[3140] [M]: 0x0000000080002CBC (0x29013103) ld x2, 0x290(x2)                        rtn_fm_mmode+28
mem[R,0x0000000080005290] -> 0x0000000000000000
x2 <- 0x0000000000000000

mem[X,0x0000000080002CC0] -> 0x8067
mem[X,0x0000000080002CC2] -> 0x0043
[3141] [M]: 0x0000000080002CC0 (0x00438067) jalr x0, 0x4(x7)                        rtn_fm_mmode+32

clint mtime 0x0000000000000623 (mip.MTI <- 0b1, mip.STI <- 0b0)
mem[X,0x0000000080001D18] -> 0x0013
mem[X,0x0000000080001D1A] -> 0x0000
[3142] [M]: 0x0000000080001D18 (0x00000013) addi x0, x0, 0x0                        main+5400

mem[X,0x0000000080001D1C] -> 0x0013
mem[X,0x0000000080001D1E] -> 0x0000
[3143] [M]: 0x0000000080001D1C (0x00000013) addi x0, x0, 0x0                        main+5404

clint mtime 0x0000000000000624 (mip.MTI <- 0b1, mip.STI <- 0b0)
mem[X,0x0000000080001D20] -> 0x6517
mem[X,0x0000000080001D22] -> 0x0000
[3144] [M]: 0x0000000080001D20 (0x00006517) auipc x10, 0x6                          main+5408
x10 <- 0x0000000080007D20

mem[X,0x0000000080001D24] -> 0x0513
mem[X,0x0000000080001D26] -> 0x2E05
[3145] [M]: 0x0000000080001D24 (0x2E050513) addi x10, x10, 0x2e0                    main+5412
x10 <- 0x0000000080008000

clint mtime 0x0000000000000625 (mip.MTI <- 0b1, mip.STI <- 0b0)
mem[X,0x0000000080001D28] -> 0x0001
[3146] [M]: 0x0000000080001D28 (0x0001) c.nop                                       main+5416

mem[X,0x0000000080001D2A] -> 0x0013
mem[X,0x0000000080001D2C] -> 0x0000
[3147] [M]: 0x0000000080001D2A (0x00000013) addi x0, x0, 0x0                        main+5418

clint mtime 0x0000000000000626 (mip.MTI <- 0b1, mip.STI <- 0b0)
mem[X,0x0000000080001D2E] -> 0x0013
mem[X,0x0000000080001D30] -> 0x0000
[3148] [M]: 0x0000000080001D2E (0x00000013) addi x0, x0, 0x0                        main+5422

mem[X,0x0000000080001D32] -> 0x0013
mem[X,0x0000000080001D34] -> 0x0000
[3149] [M]: 0x0000000080001D32 (0x00000013) addi x0, x0, 0x0                        main+5426

clint mtime 0x0000000000000627 (mip.MTI <- 0b1, mip.STI <- 0b0)
mem[X,0x0000000080001D36] -> 0x0013
mem[X,0x0000000080001D38] -> 0x0000
[3150] [M]: 0x0000000080001D36 (0x00000013) addi x0, x0, 0x0                        main+5430

mem[X,0x0000000080001D3A] -> 0x0013
mem[X,0x0000000080001D3C] -> 0x0000
[3151] [M]: 0x0000000080001D3A (0x00000013) addi x0, x0, 0x0                        main+5434

clint mtime 0x0000000000000628 (mip.MTI <- 0b1, mip.STI <- 0b0)
mem[X,0x0000000080001D3E] -> 0x0001
[3152] [M]: 0x0000000080001D3E (0x0001) c.nop                                       main+5438

mem[X,0x0000000080001D40] -> 0x0593
mem[X,0x0000000080001D42] -> 0x0010
[3153] [M]: 0x0000000080001D40 (0x00100593) addi x11, x0, 0x1                       main+5440
x11 <- 0x0000000000000001

clint mtime 0x0000000000000629 (mip.MTI <- 0b1, mip.STI <- 0b0)
mem[X,0x0000000080001D44] -> 0x5513
mem[X,0x0000000080001D46] -> 0x00C5
[3154] [M]: 0x0000000080001D44 (0x00C55513) srli x10, x10, 0xc                      main+5444
x10 <- 0x0000000000080008

mem[X,0x0000000080001D48] -> 0x1513
mem[X,0x0000000080001D4A] -> 0x00A5
[3155] [M]: 0x0000000080001D48 (0x00A51513) slli x10, x10, 0xa                      main+5448
x10 <- 0x0000000020002000

clint mtime 0x000000000000062A (mip.MTI <- 0b1, mip.STI <- 0b0)
mem[X,0x0000000080001D4C] -> 0x6533
mem[X,0x0000000080001D4E] -> 0x00B5
[3156] [M]: 0x0000000080001D4C (0x00B56533) or x10, x10, x11                        main+5452
x10 <- 0x0000000020002001

mem[X,0x0000000080001D50] -> 0x0013
mem[X,0x0000000080001D52] -> 0x0000
[3157] [M]: 0x0000000080001D50 (0x00000013) addi x0, x0, 0x0                        main+5456

clint mtime 0x000000000000062B (mip.MTI <- 0b1, mip.STI <- 0b0)
mem[X,0x0000000080001D54] -> 0x0013
mem[X,0x0000000080001D56] -> 0x0000
[3158] [M]: 0x0000000080001D54 (0x00000013) addi x0, x0, 0x0                        main+5460

mem[X,0x0000000080001D58] -> 0x0013
mem[X,0x0000000080001D5A] -> 0x0000
[3159] [M]: 0x0000000080001D58 (0x00000013) addi x0, x0, 0x0                        main+5464

clint mtime 0x000000000000062C (mip.MTI <- 0b1, mip.STI <- 0b0)
mem[X,0x0000000080001D5C] -> 0x0013
mem[X,0x0000000080001D5E] -> 0x0000
[3160] [M]: 0x0000000080001D5C (0x00000013) addi x0, x0, 0x0                        main+5468

mem[X,0x0000000080001D60] -> 0x7317
mem[X,0x0000000080001D62] -> 0x0000
[3161] [M]: 0x0000000080001D60 (0x00007317) auipc x6, 0x7                           main+5472
x6 <- 0x0000000080008D60

clint mtime 0x000000000000062D (mip.MTI <- 0b1, mip.STI <- 0b0)
mem[X,0x0000000080001D64] -> 0x0313
mem[X,0x0000000080001D66] -> 0x2A03
[3162] [M]: 0x0000000080001D64 (0x2A030313) addi x6, x6, 0x2a0                      main+5476
x6 <- 0x0000000080009000

mem[X,0x0000000080001D68] -> 0x0001
[3163] [M]: 0x0000000080001D68 (0x0001) c.nop                                       main+5480

clint mtime 0x000000000000062E (mip.MTI <- 0b1, mip.STI <- 0b0)
mem[X,0x0000000080001D6A] -> 0x0013
mem[X,0x0000000080001D6C] -> 0x0000
[3164] [M]: 0x0000000080001D6A (0x00000013) addi x0, x0, 0x0                        main+5482

mem[X,0x0000000080001D6E] -> 0x0013
mem[X,0x0000000080001D70] -> 0x0000
[3165] [M]: 0x0000000080001D6E (0x00000013) addi x0, x0, 0x0                        main+5486

clint mtime 0x000000000000062F (mip.MTI <- 0b1, mip.STI <- 0b0)
mem[X,0x0000000080001D72] -> 0x0013
mem[X,0x0000000080001D74] -> 0x0000
[3166] [M]: 0x0000000080001D72 (0x00000013) addi x0, x0, 0x0                        main+5490

mem[X,0x0000000080001D76] -> 0x0013
mem[X,0x0000000080001D78] -> 0x0000
[3167] [M]: 0x0000000080001D76 (0x00000013) addi x0, x0, 0x0                        main+5494

clint mtime 0x0000000000000630 (mip.MTI <- 0b1, mip.STI <- 0b0)
mem[X,0x0000000080001D7A] -> 0x0013
mem[X,0x0000000080001D7C] -> 0x0000
[3168] [M]: 0x0000000080001D7A (0x00000013) addi x0, x0, 0x0                        main+5498

mem[X,0x0000000080001D7E] -> 0x0001
[3169] [M]: 0x0000000080001D7E (0x0001) c.nop                                       main+5502

clint mtime 0x0000000000000631 (mip.MTI <- 0b1, mip.STI <- 0b0)
mem[X,0x0000000080001D80] -> 0x0293
mem[X,0x0000000080001D82] -> 0x0280
[3170] [M]: 0x0000000080001D80 (0x02800293) addi x5, x0, 0x28                       main+5504
x5 <- 0x0000000000000028

mem[X,0x0000000080001D84] -> 0x0333
mem[X,0x0000000080001D86] -> 0x0053
[3171] [M]: 0x0000000080001D84 (0x00530333) add x6, x6, x5                          main+5508
x6 <- 0x0000000080009028

clint mtime 0x0000000000000632 (mip.MTI <- 0b1, mip.STI <- 0b0)
mem[X,0x0000000080001D88] -> 0x3023
mem[X,0x0000000080001D8A] -> 0x00A3
[3172] [M]: 0x0000000080001D88 (0x00A33023) sd x10, 0x0(x6)                         main+5512
mem[W,0x0000000080009028] <- 0x0000000020002001

mem[X,0x0000000080001D8C] -> 0x0013
mem[X,0x0000000080001D8E] -> 0x0000
[3173] [M]: 0x0000000080001D8C (0x00000013) addi x0, x0, 0x0                        main+5516

clint mtime 0x0000000000000633 (mip.MTI <- 0b1, mip.STI <- 0b0)
mem[X,0x0000000080001D90] -> 0x0013
mem[X,0x0000000080001D92] -> 0x0000
[3174] [M]: 0x0000000080001D90 (0x00000013) addi x0, x0, 0x0                        main+5520

mem[X,0x0000000080001D94] -> 0x0013
mem[X,0x0000000080001D96] -> 0x0000
[3175] [M]: 0x0000000080001D94 (0x00000013) addi x0, x0, 0x0                        main+5524

clint mtime 0x0000000000000634 (mip.MTI <- 0b1, mip.STI <- 0b0)
mem[X,0x0000000080001D98] -> 0x0013
mem[X,0x0000000080001D9A] -> 0x0000
[3176] [M]: 0x0000000080001D98 (0x00000013) addi x0, x0, 0x0                        main+5528

mem[X,0x0000000080001D9C] -> 0x0013
mem[X,0x0000000080001D9E] -> 0x0000
[3177] [M]: 0x0000000080001D9C (0x00000013) addi x0, x0, 0x0                        main+5532

clint mtime 0x0000000000000635 (mip.MTI <- 0b1, mip.STI <- 0b0)
mem[X,0x0000000080001DA0] -> 0x5517
mem[X,0x0000000080001DA2] -> 0x0000
[3178] [M]: 0x0000000080001DA0 (0x00005517) auipc x10, 0x5                          main+5536
x10 <- 0x0000000080006DA0

mem[X,0x0000000080001DA4] -> 0x0513
mem[X,0x0000000080001DA6] -> 0x2605
[3179] [M]: 0x0000000080001DA4 (0x26050513) addi x10, x10, 0x260                    main+5540
x10 <- 0x0000000080007000

clint mtime 0x0000000000000636 (mip.MTI <- 0b1, mip.STI <- 0b0)
mem[X,0x0000000080001DA8] -> 0x0001
[3180] [M]: 0x0000000080001DA8 (0x0001) c.nop                                       main+5544

mem[X,0x0000000080001DAA] -> 0x0013
mem[X,0x0000000080001DAC] -> 0x0000
[3181] [M]: 0x0000000080001DAA (0x00000013) addi x0, x0, 0x0                        main+5546

clint mtime 0x0000000000000637 (mip.MTI <- 0b1, mip.STI <- 0b0)
mem[X,0x0000000080001DAE] -> 0x0013
mem[X,0x0000000080001DB0] -> 0x0000
[3182] [M]: 0x0000000080001DAE (0x00000013) addi x0, x0, 0x0                        main+5550

mem[X,0x0000000080001DB2] -> 0x0013
mem[X,0x0000000080001DB4] -> 0x0000
[3183] [M]: 0x0000000080001DB2 (0x00000013) addi x0, x0, 0x0                        main+5554

clint mtime 0x0000000000000638 (mip.MTI <- 0b1, mip.STI <- 0b0)
mem[X,0x0000000080001DB6] -> 0x0013
mem[X,0x0000000080001DB8] -> 0x0000
[3184] [M]: 0x0000000080001DB6 (0x00000013) addi x0, x0, 0x0                        main+5558

mem[X,0x0000000080001DBA] -> 0x0013
mem[X,0x0000000080001DBC] -> 0x0000
[3185] [M]: 0x0000000080001DBA (0x00000013) addi x0, x0, 0x0                        main+5562

clint mtime 0x0000000000000639 (mip.MTI <- 0b1, mip.STI <- 0b0)
mem[X,0x0000000080001DBE] -> 0x0001
[3186] [M]: 0x0000000080001DBE (0x0001) c.nop                                       main+5566

mem[X,0x0000000080001DC0] -> 0x0593
mem[X,0x0000000080001DC2] -> 0x0010
[3187] [M]: 0x0000000080001DC0 (0x00100593) addi x11, x0, 0x1                       main+5568
x11 <- 0x0000000000000001

clint mtime 0x000000000000063A (mip.MTI <- 0b1, mip.STI <- 0b0)
mem[X,0x0000000080001DC4] -> 0x5513
mem[X,0x0000000080001DC6] -> 0x00C5
[3188] [M]: 0x0000000080001DC4 (0x00C55513) srli x10, x10, 0xc                      main+5572
x10 <- 0x0000000000080007

mem[X,0x0000000080001DC8] -> 0x1513
mem[X,0x0000000080001DCA] -> 0x00A5
[3189] [M]: 0x0000000080001DC8 (0x00A51513) slli x10, x10, 0xa                      main+5576
x10 <- 0x0000000020001C00

clint mtime 0x000000000000063B (mip.MTI <- 0b1, mip.STI <- 0b0)
mem[X,0x0000000080001DCC] -> 0x6533
mem[X,0x0000000080001DCE] -> 0x00B5
[3190] [M]: 0x0000000080001DCC (0x00B56533) or x10, x10, x11                        main+5580
x10 <- 0x0000000020001C01

mem[X,0x0000000080001DD0] -> 0x0013
mem[X,0x0000000080001DD2] -> 0x0000
[3191] [M]: 0x0000000080001DD0 (0x00000013) addi x0, x0, 0x0                        main+5584

clint mtime 0x000000000000063C (mip.MTI <- 0b1, mip.STI <- 0b0)
mem[X,0x0000000080001DD4] -> 0x0013
mem[X,0x0000000080001DD6] -> 0x0000
[3192] [M]: 0x0000000080001DD4 (0x00000013) addi x0, x0, 0x0                        main+5588

mem[X,0x0000000080001DD8] -> 0x0013
mem[X,0x0000000080001DDA] -> 0x0000
[3193] [M]: 0x0000000080001DD8 (0x00000013) addi x0, x0, 0x0                        main+5592

clint mtime 0x000000000000063D (mip.MTI <- 0b1, mip.STI <- 0b0)
mem[X,0x0000000080001DDC] -> 0x0013
mem[X,0x0000000080001DDE] -> 0x0000
[3194] [M]: 0x0000000080001DDC (0x00000013) addi x0, x0, 0x0                        main+5596

mem[X,0x0000000080001DE0] -> 0x6317
mem[X,0x0000000080001DE2] -> 0x0000
[3195] [M]: 0x0000000080001DE0 (0x00006317) auipc x6, 0x6                           main+5600
x6 <- 0x0000000080007DE0

clint mtime 0x000000000000063E (mip.MTI <- 0b1, mip.STI <- 0b0)
mem[X,0x0000000080001DE4] -> 0x0313
mem[X,0x0000000080001DE6] -> 0x2203
[3196] [M]: 0x0000000080001DE4 (0x22030313) addi x6, x6, 0x220                      main+5604
x6 <- 0x0000000080008000

mem[X,0x0000000080001DE8] -> 0x0001
[3197] [M]: 0x0000000080001DE8 (0x0001) c.nop                                       main+5608

clint mtime 0x000000000000063F (mip.MTI <- 0b1, mip.STI <- 0b0)
mem[X,0x0000000080001DEA] -> 0x0013
mem[X,0x0000000080001DEC] -> 0x0000
[3198] [M]: 0x0000000080001DEA (0x00000013) addi x0, x0, 0x0                        main+5610

mem[X,0x0000000080001DEE] -> 0x0013
mem[X,0x0000000080001DF0] -> 0x0000
[3199] [M]: 0x0000000080001DEE (0x00000013) addi x0, x0, 0x0                        main+5614

clint mtime 0x0000000000000640 (mip.MTI <- 0b1, mip.STI <- 0b0)
mem[X,0x0000000080001DF2] -> 0x0013
mem[X,0x0000000080001DF4] -> 0x0000
[3200] [M]: 0x0000000080001DF2 (0x00000013) addi x0, x0, 0x0                        main+5618

mem[X,0x0000000080001DF6] -> 0x0013
mem[X,0x0000000080001DF8] -> 0x0000
[3201] [M]: 0x0000000080001DF6 (0x00000013) addi x0, x0, 0x0                        main+5622

clint mtime 0x0000000000000641 (mip.MTI <- 0b1, mip.STI <- 0b0)
mem[X,0x0000000080001DFA] -> 0x0013
mem[X,0x0000000080001DFC] -> 0x0000
[3202] [M]: 0x0000000080001DFA (0x00000013) addi x0, x0, 0x0                        main+5626

mem[X,0x0000000080001DFE] -> 0x0001
[3203] [M]: 0x0000000080001DFE (0x0001) c.nop                                       main+5630

clint mtime 0x0000000000000642 (mip.MTI <- 0b1, mip.STI <- 0b0)
mem[X,0x0000000080001E00] -> 0x0293
mem[X,0x0000000080001E02] -> 0x0000
[3204] [M]: 0x0000000080001E00 (0x00000293) addi x5, x0, 0x0                        main+5632
x5 <- 0x0000000000000000

mem[X,0x0000000080001E04] -> 0x0333
mem[X,0x0000000080001E06] -> 0x0053
[3205] [M]: 0x0000000080001E04 (0x00530333) add x6, x6, x5                          main+5636
x6 <- 0x0000000080008000

clint mtime 0x0000000000000643 (mip.MTI <- 0b1, mip.STI <- 0b0)
mem[X,0x0000000080001E08] -> 0x3023
mem[X,0x0000000080001E0A] -> 0x00A3
[3206] [M]: 0x0000000080001E08 (0x00A33023) sd x10, 0x0(x6)                         main+5640
mem[W,0x0000000080008000] <- 0x0000000020001C01

mem[X,0x0000000080001E0C] -> 0x0013
mem[X,0x0000000080001E0E] -> 0x0000
[3207] [M]: 0x0000000080001E0C (0x00000013) addi x0, x0, 0x0                        main+5644

clint mtime 0x0000000000000644 (mip.MTI <- 0b1, mip.STI <- 0b0)
mem[X,0x0000000080001E10] -> 0x0013
mem[X,0x0000000080001E12] -> 0x0000
[3208] [M]: 0x0000000080001E10 (0x00000013) addi x0, x0, 0x0                        main+5648

mem[X,0x0000000080001E14] -> 0x0013
mem[X,0x0000000080001E16] -> 0x0000
[3209] [M]: 0x0000000080001E14 (0x00000013) addi x0, x0, 0x0                        main+5652

clint mtime 0x0000000000000645 (mip.MTI <- 0b1, mip.STI <- 0b0)
mem[X,0x0000000080001E18] -> 0x0013
mem[X,0x0000000080001E1A] -> 0x0000
[3210] [M]: 0x0000000080001E18 (0x00000013) addi x0, x0, 0x0                        main+5656

mem[X,0x0000000080001E1C] -> 0x0013
mem[X,0x0000000080001E1E] -> 0x0000
[3211] [M]: 0x0000000080001E1C (0x00000013) addi x0, x0, 0x0                        main+5660

clint mtime 0x0000000000000646 (mip.MTI <- 0b1, mip.STI <- 0b0)
mem[X,0x0000000080001E20] -> 0x4517
mem[X,0x0000000080001E22] -> 0x0000
[3212] [M]: 0x0000000080001E20 (0x00004517) auipc x10, 0x4                          main+5664
x10 <- 0x0000000080005E20

mem[X,0x0000000080001E24] -> 0x0513
mem[X,0x0000000080001E26] -> 0x1E05
[3213] [M]: 0x0000000080001E24 (0x1E050513) addi x10, x10, 0x1e0                    main+5668
x10 <- 0x0000000080006000

clint mtime 0x0000000000000647 (mip.MTI <- 0b1, mip.STI <- 0b0)
mem[X,0x0000000080001E28] -> 0x0001
[3214] [M]: 0x0000000080001E28 (0x0001) c.nop                                       main+5672

mem[X,0x0000000080001E2A] -> 0x0013
mem[X,0x0000000080001E2C] -> 0x0000
[3215] [M]: 0x0000000080001E2A (0x00000013) addi x0, x0, 0x0                        main+5674

clint mtime 0x0000000000000648 (mip.MTI <- 0b1, mip.STI <- 0b0)
mem[X,0x0000000080001E2E] -> 0x0013
mem[X,0x0000000080001E30] -> 0x0000
[3216] [M]: 0x0000000080001E2E (0x00000013) addi x0, x0, 0x0                        main+5678

mem[X,0x0000000080001E32] -> 0x0013
mem[X,0x0000000080001E34] -> 0x0000
[3217] [M]: 0x0000000080001E32 (0x00000013) addi x0, x0, 0x0                        main+5682

clint mtime 0x0000000000000649 (mip.MTI <- 0b1, mip.STI <- 0b0)
mem[X,0x0000000080001E36] -> 0x0013
mem[X,0x0000000080001E38] -> 0x0000
[3218] [M]: 0x0000000080001E36 (0x00000013) addi x0, x0, 0x0                        main+5686

mem[X,0x0000000080001E3A] -> 0x0013
mem[X,0x0000000080001E3C] -> 0x0000
[3219] [M]: 0x0000000080001E3A (0x00000013) addi x0, x0, 0x0                        main+5690

clint mtime 0x000000000000064A (mip.MTI <- 0b1, mip.STI <- 0b0)
mem[X,0x0000000080001E3E] -> 0x0001
[3220] [M]: 0x0000000080001E3E (0x0001) c.nop                                       main+5694

mem[X,0x0000000080001E40] -> 0x0593
mem[X,0x0000000080001E42] -> 0x0010
[3221] [M]: 0x0000000080001E40 (0x00100593) addi x11, x0, 0x1                       main+5696
x11 <- 0x0000000000000001

clint mtime 0x000000000000064B (mip.MTI <- 0b1, mip.STI <- 0b0)
mem[X,0x0000000080001E44] -> 0x5513
mem[X,0x0000000080001E46] -> 0x00C5
[3222] [M]: 0x0000000080001E44 (0x00C55513) srli x10, x10, 0xc                      main+5700
x10 <- 0x0000000000080006

mem[X,0x0000000080001E48] -> 0x1513
mem[X,0x0000000080001E4A] -> 0x00A5
[3223] [M]: 0x0000000080001E48 (0x00A51513) slli x10, x10, 0xa                      main+5704
x10 <- 0x0000000020001800

clint mtime 0x000000000000064C (mip.MTI <- 0b1, mip.STI <- 0b0)
mem[X,0x0000000080001E4C] -> 0x6533
mem[X,0x0000000080001E4E] -> 0x00B5
[3224] [M]: 0x0000000080001E4C (0x00B56533) or x10, x10, x11                        main+5708
x10 <- 0x0000000020001801

mem[X,0x0000000080001E50] -> 0x0013
mem[X,0x0000000080001E52] -> 0x0000
[3225] [M]: 0x0000000080001E50 (0x00000013) addi x0, x0, 0x0                        main+5712

clint mtime 0x000000000000064D (mip.MTI <- 0b1, mip.STI <- 0b0)
mem[X,0x0000000080001E54] -> 0x0013
mem[X,0x0000000080001E56] -> 0x0000
[3226] [M]: 0x0000000080001E54 (0x00000013) addi x0, x0, 0x0                        main+5716

mem[X,0x0000000080001E58] -> 0x0013
mem[X,0x0000000080001E5A] -> 0x0000
[3227] [M]: 0x0000000080001E58 (0x00000013) addi x0, x0, 0x0                        main+5720

clint mtime 0x000000000000064E (mip.MTI <- 0b1, mip.STI <- 0b0)
mem[X,0x0000000080001E5C] -> 0x0013
mem[X,0x0000000080001E5E] -> 0x0000
[3228] [M]: 0x0000000080001E5C (0x00000013) addi x0, x0, 0x0                        main+5724

mem[X,0x0000000080001E60] -> 0x5317
mem[X,0x0000000080001E62] -> 0x0000
[3229] [M]: 0x0000000080001E60 (0x00005317) auipc x6, 0x5                           main+5728
x6 <- 0x0000000080006E60

clint mtime 0x000000000000064F (mip.MTI <- 0b1, mip.STI <- 0b0)
mem[X,0x0000000080001E64] -> 0x0313
mem[X,0x0000000080001E66] -> 0x1A03
[3230] [M]: 0x0000000080001E64 (0x1A030313) addi x6, x6, 0x1a0                      main+5732
x6 <- 0x0000000080007000

mem[X,0x0000000080001E68] -> 0x0001
[3231] [M]: 0x0000000080001E68 (0x0001) c.nop                                       main+5736

clint mtime 0x0000000000000650 (mip.MTI <- 0b1, mip.STI <- 0b0)
mem[X,0x0000000080001E6A] -> 0x0013
mem[X,0x0000000080001E6C] -> 0x0000
[3232] [M]: 0x0000000080001E6A (0x00000013) addi x0, x0, 0x0                        main+5738

mem[X,0x0000000080001E6E] -> 0x0013
mem[X,0x0000000080001E70] -> 0x0000
[3233] [M]: 0x0000000080001E6E (0x00000013) addi x0, x0, 0x0                        main+5742

clint mtime 0x0000000000000651 (mip.MTI <- 0b1, mip.STI <- 0b0)
mem[X,0x0000000080001E72] -> 0x0013
mem[X,0x0000000080001E74] -> 0x0000
[3234] [M]: 0x0000000080001E72 (0x00000013) addi x0, x0, 0x0                        main+5746

mem[X,0x0000000080001E76] -> 0x0013
mem[X,0x0000000080001E78] -> 0x0000
[3235] [M]: 0x0000000080001E76 (0x00000013) addi x0, x0, 0x0                        main+5750

clint mtime 0x0000000000000652 (mip.MTI <- 0b1, mip.STI <- 0b0)
mem[X,0x0000000080001E7A] -> 0x0013
mem[X,0x0000000080001E7C] -> 0x0000
[3236] [M]: 0x0000000080001E7A (0x00000013) addi x0, x0, 0x0                        main+5754

mem[X,0x0000000080001E7E] -> 0x0001
[3237] [M]: 0x0000000080001E7E (0x0001) c.nop                                       main+5758

clint mtime 0x0000000000000653 (mip.MTI <- 0b1, mip.STI <- 0b0)
mem[X,0x0000000080001E80] -> 0x0293
mem[X,0x0000000080001E82] -> 0x0000
[3238] [M]: 0x0000000080001E80 (0x00000293) addi x5, x0, 0x0                        main+5760
x5 <- 0x0000000000000000

mem[X,0x0000000080001E84] -> 0x0333
mem[X,0x0000000080001E86] -> 0x0053
[3239] [M]: 0x0000000080001E84 (0x00530333) add x6, x6, x5                          main+5764
x6 <- 0x0000000080007000

clint mtime 0x0000000000000654 (mip.MTI <- 0b1, mip.STI <- 0b0)
mem[X,0x0000000080001E88] -> 0x3023
mem[X,0x0000000080001E8A] -> 0x00A3
[3240] [M]: 0x0000000080001E88 (0x00A33023) sd x10, 0x0(x6)                         main+5768
mem[W,0x0000000080007000] <- 0x0000000020001801

mem[X,0x0000000080001E8C] -> 0x0013
mem[X,0x0000000080001E8E] -> 0x0000
[3241] [M]: 0x0000000080001E8C (0x00000013) addi x0, x0, 0x0                        main+5772

clint mtime 0x0000000000000655 (mip.MTI <- 0b1, mip.STI <- 0b0)
mem[X,0x0000000080001E90] -> 0x0013
mem[X,0x0000000080001E92] -> 0x0000
[3242] [M]: 0x0000000080001E90 (0x00000013) addi x0, x0, 0x0                        main+5776

mem[X,0x0000000080001E94] -> 0x0013
mem[X,0x0000000080001E96] -> 0x0000
[3243] [M]: 0x0000000080001E94 (0x00000013) addi x0, x0, 0x0                        main+5780

clint mtime 0x0000000000000656 (mip.MTI <- 0b1, mip.STI <- 0b0)
mem[X,0x0000000080001E98] -> 0x0013
mem[X,0x0000000080001E9A] -> 0x0000
[3244] [M]: 0x0000000080001E98 (0x00000013) addi x0, x0, 0x0                        main+5784

mem[X,0x0000000080001E9C] -> 0x0013
mem[X,0x0000000080001E9E] -> 0x0000
[3245] [M]: 0x0000000080001E9C (0x00000013) addi x0, x0, 0x0                        main+5788

clint mtime 0x0000000000000657 (mip.MTI <- 0b1, mip.STI <- 0b0)
mem[X,0x0000000080001EA0] -> 0xE517
mem[X,0x0000000080001EA2] -> 0xFFFF
[3246] [M]: 0x0000000080001EA0 (0xFFFFE517) auipc x10, -0x2                         main+5792
x10 <- 0x000000007FFFFEA0

mem[X,0x0000000080001EA4] -> 0x0513
mem[X,0x0000000080001EA6] -> 0x5605
[3247] [M]: 0x0000000080001EA4 (0x56050513) addi x10, x10, 0x560                    main+5796
x10 <- 0x0000000080000400

clint mtime 0x0000000000000658 (mip.MTI <- 0b1, mip.STI <- 0b0)
mem[X,0x0000000080001EA8] -> 0x0001
[3248] [M]: 0x0000000080001EA8 (0x0001) c.nop                                       main+5800

mem[X,0x0000000080001EAA] -> 0x0013
mem[X,0x0000000080001EAC] -> 0x0000
[3249] [M]: 0x0000000080001EAA (0x00000013) addi x0, x0, 0x0                        main+5802

clint mtime 0x0000000000000659 (mip.MTI <- 0b1, mip.STI <- 0b0)
mem[X,0x0000000080001EAE] -> 0x0013
mem[X,0x0000000080001EB0] -> 0x0000
[3250] [M]: 0x0000000080001EAE (0x00000013) addi x0, x0, 0x0                        main+5806

mem[X,0x0000000080001EB2] -> 0x0013
mem[X,0x0000000080001EB4] -> 0x0000
[3251] [M]: 0x0000000080001EB2 (0x00000013) addi x0, x0, 0x0                        main+5810

clint mtime 0x000000000000065A (mip.MTI <- 0b1, mip.STI <- 0b0)
mem[X,0x0000000080001EB6] -> 0x0013
mem[X,0x0000000080001EB8] -> 0x0000
[3252] [M]: 0x0000000080001EB6 (0x00000013) addi x0, x0, 0x0                        main+5814

mem[X,0x0000000080001EBA] -> 0x0013
mem[X,0x0000000080001EBC] -> 0x0000
[3253] [M]: 0x0000000080001EBA (0x00000013) addi x0, x0, 0x0                        main+5818

clint mtime 0x000000000000065B (mip.MTI <- 0b1, mip.STI <- 0b0)
mem[X,0x0000000080001EBE] -> 0x0001
[3254] [M]: 0x0000000080001EBE (0x0001) c.nop                                       main+5822

mem[X,0x0000000080001EC0] -> 0x0593
mem[X,0x0000000080001EC2] -> 0x2DF0
[3255] [M]: 0x0000000080001EC0 (0x2DF00593) addi x11, x0, 0x2df                     main+5824
x11 <- 0x00000000000002DF

clint mtime 0x000000000000065C (mip.MTI <- 0b1, mip.STI <- 0b0)
mem[X,0x0000000080001EC4] -> 0x5513
mem[X,0x0000000080001EC6] -> 0x00C5
[3256] [M]: 0x0000000080001EC4 (0x00C55513) srli x10, x10, 0xc                      main+5828
x10 <- 0x0000000000080000

mem[X,0x0000000080001EC8] -> 0x1513
mem[X,0x0000000080001ECA] -> 0x00A5
[3257] [M]: 0x0000000080001EC8 (0x00A51513) slli x10, x10, 0xa                      main+5832
x10 <- 0x0000000020000000

clint mtime 0x000000000000065D (mip.MTI <- 0b1, mip.STI <- 0b0)
mem[X,0x0000000080001ECC] -> 0x6533
mem[X,0x0000000080001ECE] -> 0x00B5
[3258] [M]: 0x0000000080001ECC (0x00B56533) or x10, x10, x11                        main+5836
x10 <- 0x00000000200002DF

mem[X,0x0000000080001ED0] -> 0x0013
mem[X,0x0000000080001ED2] -> 0x0000
[3259] [M]: 0x0000000080001ED0 (0x00000013) addi x0, x0, 0x0                        main+5840

clint mtime 0x000000000000065E (mip.MTI <- 0b1, mip.STI <- 0b0)
mem[X,0x0000000080001ED4] -> 0x0013
mem[X,0x0000000080001ED6] -> 0x0000
[3260] [M]: 0x0000000080001ED4 (0x00000013) addi x0, x0, 0x0                        main+5844

mem[X,0x0000000080001ED8] -> 0x0013
mem[X,0x0000000080001EDA] -> 0x0000
[3261] [M]: 0x0000000080001ED8 (0x00000013) addi x0, x0, 0x0                        main+5848

clint mtime 0x000000000000065F (mip.MTI <- 0b1, mip.STI <- 0b0)
mem[X,0x0000000080001EDC] -> 0x0013
mem[X,0x0000000080001EDE] -> 0x0000
[3262] [M]: 0x0000000080001EDC (0x00000013) addi x0, x0, 0x0                        main+5852

mem[X,0x0000000080001EE0] -> 0x4317
mem[X,0x0000000080001EE2] -> 0x0000
[3263] [M]: 0x0000000080001EE0 (0x00004317) auipc x6, 0x4                           main+5856
x6 <- 0x0000000080005EE0

clint mtime 0x0000000000000660 (mip.MTI <- 0b1, mip.STI <- 0b0)
mem[X,0x0000000080001EE4] -> 0x0313
mem[X,0x0000000080001EE6] -> 0x1203
[3264] [M]: 0x0000000080001EE4 (0x12030313) addi x6, x6, 0x120                      main+5860
x6 <- 0x0000000080006000

mem[X,0x0000000080001EE8] -> 0x0001
[3265] [M]: 0x0000000080001EE8 (0x0001) c.nop                                       main+5864

clint mtime 0x0000000000000661 (mip.MTI <- 0b1, mip.STI <- 0b0)
mem[X,0x0000000080001EEA] -> 0x0013
mem[X,0x0000000080001EEC] -> 0x0000
[3266] [M]: 0x0000000080001EEA (0x00000013) addi x0, x0, 0x0                        main+5866

mem[X,0x0000000080001EEE] -> 0x0013
mem[X,0x0000000080001EF0] -> 0x0000
[3267] [M]: 0x0000000080001EEE (0x00000013) addi x0, x0, 0x0                        main+5870

clint mtime 0x0000000000000662 (mip.MTI <- 0b1, mip.STI <- 0b0)
mem[X,0x0000000080001EF2] -> 0x0013
mem[X,0x0000000080001EF4] -> 0x0000
[3268] [M]: 0x0000000080001EF2 (0x00000013) addi x0, x0, 0x0                        main+5874

mem[X,0x0000000080001EF6] -> 0x0013
mem[X,0x0000000080001EF8] -> 0x0000
[3269] [M]: 0x0000000080001EF6 (0x00000013) addi x0, x0, 0x0                        main+5878

clint mtime 0x0000000000000663 (mip.MTI <- 0b1, mip.STI <- 0b0)
mem[X,0x0000000080001EFA] -> 0x0013
mem[X,0x0000000080001EFC] -> 0x0000
[3270] [M]: 0x0000000080001EFA (0x00000013) addi x0, x0, 0x0                        main+5882

mem[X,0x0000000080001EFE] -> 0x0001
[3271] [M]: 0x0000000080001EFE (0x0001) c.nop                                       main+5886

clint mtime 0x0000000000000664 (mip.MTI <- 0b1, mip.STI <- 0b0)
mem[X,0x0000000080001F00] -> 0x0293
mem[X,0x0000000080001F02] -> 0x0000
[3272] [M]: 0x0000000080001F00 (0x00000293) addi x5, x0, 0x0                        main+5888
x5 <- 0x0000000000000000

mem[X,0x0000000080001F04] -> 0x0333
mem[X,0x0000000080001F06] -> 0x0053
[3273] [M]: 0x0000000080001F04 (0x00530333) add x6, x6, x5                          main+5892
x6 <- 0x0000000080006000

clint mtime 0x0000000000000665 (mip.MTI <- 0b1, mip.STI <- 0b0)
mem[X,0x0000000080001F08] -> 0x3023
mem[X,0x0000000080001F0A] -> 0x00A3
[3274] [M]: 0x0000000080001F08 (0x00A33023) sd x10, 0x0(x6)                         main+5896
mem[W,0x0000000080006000] <- 0x00000000200002DF

mem[X,0x0000000080001F0C] -> 0x0073
mem[X,0x0000000080001F0E] -> 0x1200
[3275] [M]: 0x0000000080001F0C (0x12000073) sfence.vma x0, x0                       main+5900

clint mtime 0x0000000000000666 (mip.MTI <- 0b1, mip.STI <- 0b0)
mem[X,0x0000000080001F10] -> 0x0493
mem[X,0x0000000080001F12] -> 0x0010
[3276] [M]: 0x0000000080001F10 (0x00100493) addi x9, x0, 0x1                        main+5904
x9 <- 0x0000000000000001

mem[X,0x0000000080001F14] -> 0x9493
mem[X,0x0000000080001F16] -> 0x00B4
[3277] [M]: 0x0000000080001F14 (0x00B49493) slli x9, x9, 0xb                        main+5908
x9 <- 0x0000000000000800

clint mtime 0x0000000000000667 (mip.MTI <- 0b1, mip.STI <- 0b0)
mem[X,0x0000000080001F18] -> 0xB073
mem[X,0x0000000080001F1A] -> 0x3004
[3278] [M]: 0x0000000080001F18 (0x3004B073) csrrc x0, mstatus, x9                   main+5912
CSR mstatus (0x300) <- 0x0000000A00000000

mem[X,0x0000000080001F1C] -> 0x23F3
mem[X,0x0000000080001F1E] -> 0x3400
[3279] [M]: 0x0000000080001F1C (0x340023F3) csrrs x7, mscratch, x0                  main+5916
CSR mscratch (0x340) -> 0x0000000080005000
x7 <- 0x0000000080005000

clint mtime 0x0000000000000668 (mip.MTI <- 0b1, mip.STI <- 0b0)
mem[X,0x0000000080001F20] -> 0xB303
mem[X,0x0000000080001F22] -> 0x4703
[3280] [M]: 0x0000000080001F20 (0x4703B303) ld x6, 0x470(x7)                        main+5920
mem[R,0x0000000080005470] -> 0x00000300800007BC
x6 <- 0x00000300800007BC

mem[X,0x0000000080001F24] -> 0xB483
mem[X,0x0000000080001F26] -> 0x1D83
[3281] [M]: 0x0000000080001F24 (0x1D83B483) ld x9, 0x1d8(x7)                        main+5924
mem[R,0x00000000800051D8] -> 0x00000000800007D4
x9 <- 0x00000000800007D4

clint mtime 0x0000000000000669 (mip.MTI <- 0b1, mip.STI <- 0b0)
mem[X,0x0000000080001F28] -> 0x0333
mem[X,0x0000000080001F2A] -> 0x4093
[3282] [M]: 0x0000000080001F28 (0x40930333) sub x6, x6, x9                          main+5928
x6 <- 0x000002FFFFFFFFE8

mem[X,0x0000000080001F2C] -> 0x0313
mem[X,0x0000000080001F2E] -> 0x0103
[3283] [M]: 0x0000000080001F2C (0x01030313) addi x6, x6, 0x10                       main+5932
x6 <- 0x000002FFFFFFFFF8

clint mtime 0x000000000000066A (mip.MTI <- 0b1, mip.STI <- 0b0)
mem[X,0x0000000080001F30] -> 0x0497
mem[X,0x0000000080001F32] -> 0x0000
[3284] [M]: 0x0000000080001F30 (0x00000497) auipc x9, 0x0                           main+5936
x9 <- 0x0000000080001F30

mem[X,0x0000000080001F34] -> 0x84B3
mem[X,0x0000000080001F36] -> 0x0064
[3285] [M]: 0x0000000080001F34 (0x006484B3) add x9, x9, x6                          main+5940
x9 <- 0x0000030080001F28

clint mtime 0x000000000000066B (mip.MTI <- 0b1, mip.STI <- 0b0)
mem[X,0x0000000080001F38] -> 0x94F3
mem[X,0x0000000080001F3A] -> 0x3414
[3286] [M]: 0x0000000080001F38 (0x341494F3) csrrw x9, mepc, x9                      main+5944
CSR mepc (0x341) <- 0x0000030080001F28
x9 <- 0x0000030080001CFC

mem[X,0x0000000080001F3C] -> 0x0073
mem[X,0x0000000080001F3E] -> 0x3020
[3287] [M]: 0x0000000080001F3C (0x30200073) mret                                    main+5948
CSR mstatus (0x300) <- 0x0000000A00000080
ret-ing from M to U

clint mtime 0x000000000000066C (mip.MTI <- 0b1, mip.STI <- 0b0)
PTW: Start, vpn=0x30080001, access_type=X, privilege=Umem[R,0x0000000080009030] -> 0x00000000000000DB
PTW: Step, level=3, pte=0xDB, pte_addr=0x80009030
PTW: Success, final_ppn=0x80001, level=3mem[X,0x0000000080001F28] -> 0x0333
PTW: Start, vpn=0x30080001, access_type=X, privilege=Umem[R,0x0000000080009030] -> 0x00000000000000DB
PTW: Step, level=3, pte=0xDB, pte_addr=0x80009030
PTW: Success, final_ppn=0x80001, level=3mem[X,0x0000000080001F2A] -> 0x4093
[3288] [U]: 0x0000030080001F28 (0x40930333) sub x6, x6, x9                          va_rvtest_code_begin+5996
x6 <- 0xFFFFFFFF7FFFE2FC

PTW: Start, vpn=0x30080001, access_type=X, privilege=Umem[R,0x0000000080009030] -> 0x00000000000000DB
PTW: Step, level=3, pte=0xDB, pte_addr=0x80009030
PTW: Success, final_ppn=0x80001, level=3mem[X,0x0000000080001F2C] -> 0x0313
PTW: Start, vpn=0x30080001, access_type=X, privilege=Umem[R,0x0000000080009030] -> 0x00000000000000DB
PTW: Step, level=3, pte=0xDB, pte_addr=0x80009030
PTW: Success, final_ppn=0x80001, level=3mem[X,0x0000000080001F2E] -> 0x0103
[3289] [U]: 0x0000030080001F2C (0x01030313) addi x6, x6, 0x10                       va_rvtest_code_begin+6000
x6 <- 0xFFFFFFFF7FFFE30C

clint mtime 0x000000000000066D (mip.MTI <- 0b1, mip.STI <- 0b0)
PTW: Start, vpn=0x30080001, access_type=X, privilege=Umem[R,0x0000000080009030] -> 0x00000000000000DB
PTW: Step, level=3, pte=0xDB, pte_addr=0x80009030
PTW: Success, final_ppn=0x80001, level=3mem[X,0x0000000080001F30] -> 0x0497
PTW: Start, vpn=0x30080001, access_type=X, privilege=Umem[R,0x0000000080009030] -> 0x00000000000000DB
PTW: Step, level=3, pte=0xDB, pte_addr=0x80009030
PTW: Success, final_ppn=0x80001, level=3mem[X,0x0000000080001F32] -> 0x0000
[3290] [U]: 0x0000030080001F30 (0x00000497) auipc x9, 0x0                           va_rvtest_code_begin+6004
x9 <- 0x0000030080001F30

PTW: Start, vpn=0x30080001, access_type=X, privilege=Umem[R,0x0000000080009030] -> 0x00000000000000DB
PTW: Step, level=3, pte=0xDB, pte_addr=0x80009030
PTW: Success, final_ppn=0x80001, level=3mem[X,0x0000000080001F34] -> 0x84B3
PTW: Start, vpn=0x30080001, access_type=X, privilege=Umem[R,0x0000000080009030] -> 0x00000000000000DB
PTW: Step, level=3, pte=0xDB, pte_addr=0x80009030
PTW: Success, final_ppn=0x80001, level=3mem[X,0x0000000080001F36] -> 0x0064
[3291] [U]: 0x0000030080001F34 (0x006484B3) add x9, x9, x6                          va_rvtest_code_begin+6008
x9 <- 0x000003000000023C

clint mtime 0x000000000000066E (mip.MTI <- 0b1, mip.STI <- 0b0)
PTW: Start, vpn=0x30080001, access_type=X, privilege=Umem[R,0x0000000080009030] -> 0x00000000000000DB
PTW: Step, level=3, pte=0xDB, pte_addr=0x80009030
PTW: Success, final_ppn=0x80001, level=3mem[X,0x0000000080001F38] -> 0x94F3
PTW: Start, vpn=0x30080001, access_type=X, privilege=Umem[R,0x0000000080009030] -> 0x00000000000000DB
PTW: Step, level=3, pte=0xDB, pte_addr=0x80009030
PTW: Success, final_ppn=0x80001, level=3mem[X,0x0000000080001F3A] -> 0x3414
[3292] [U]: 0x0000030080001F38 (0x341494F3) csrrw x9, mepc, x9                      va_rvtest_code_begin+6012
trapping from U to M to handle illegal-instruction
handling exc#illegal-instruction at priv M with tval 0x00000000341494F3
CSR mstatus (0x300) <- 0x0000000A00000000
CSR mcause (0x342) <- 0x0000000000000002
CSR mtval (0x343) <- 0x00000000341494F3
CSR mepc (0x341) <- 0x0000030080001F38

mem[X,0x0000000080002380] -> 0x006F
mem[X,0x0000000080002382] -> 0x1000
[3293] [M]: 0x0000000080002380 (0x1000006F) jal x0, 0x100                           Mtrampoline+0

clint mtime 0x000000000000066F (mip.MTI <- 0b1, mip.STI <- 0b0)
mem[X,0x0000000080002480] -> 0x1173
mem[X,0x0000000080002482] -> 0x3401
[3294] [M]: 0x0000000080002480 (0x34011173) csrrw x2, mscratch, x2                  trap_Mhandler+0
CSR mscratch (0x340) <- 0x0000000000000000
x2 <- 0x0000000080005000

mem[X,0x0000000080002484] -> 0x3423
mem[X,0x0000000080002486] -> 0x28B1
[3295] [M]: 0x0000000080002484 (0x28B13423) sd x11, 0x288(x2)                       trap_Mhandler+4
mem[W,0x0000000080005288] <- 0x00000000000002DF

clint mtime 0x0000000000000670 (mip.MTI <- 0b1, mip.STI <- 0b0)
mem[X,0x0000000080002488] -> 0x05EF
mem[X,0x000000008000248A] -> 0x0B80
[3296] [M]: 0x0000000080002488 (0x0B8005EF) jal x11, 0xb8                           trap_Mhandler+8
x11 <- 0x000000008000248C

mem[X,0x0000000080002540] -> 0x3023
mem[X,0x0000000080002542] -> 0x28A1
[3297] [M]: 0x0000000080002540 (0x28A13023) sd x10, 0x280(x2)                       common_Mhandler+0
mem[W,0x0000000080005280] <- 0x00000000200002DF

clint mtime 0x0000000000000671 (mip.MTI <- 0b1, mip.STI <- 0b0)
mem[X,0x0000000080002544] -> 0x1573
mem[X,0x0000000080002546] -> 0x3401
[3298] [M]: 0x0000000080002544 (0x34011573) csrrw x10, mscratch, x2                 common_Mhandler+4
CSR mscratch (0x340) <- 0x0000000080005000
x10 <- 0x0000000000000000

mem[X,0x0000000080002548] -> 0x3823
mem[X,0x000000008000254A] -> 0x28A1
[3299] [M]: 0x0000000080002548 (0x28A13823) sd x10, 0x290(x2)                       common_Mhandler+8
mem[W,0x0000000080005290] <- 0x0000000000000000

clint mtime 0x0000000000000672 (mip.MTI <- 0b1, mip.STI <- 0b0)
mem[X,0x000000008000254C] -> 0x3503
mem[X,0x000000008000254E] -> 0x2301
[3300] [M]: 0x000000008000254C (0x23013503) ld x10, 0x230(x2)                       common_Mhandler+12
mem[R,0x0000000080005230] -> 0x0000000080002554
x10 <- 0x0000000080002554

mem[X,0x0000000080002550] -> 0x0067
mem[X,0x0000000080002552] -> 0x0005
[3301] [M]: 0x0000000080002550 (0x00050067) jalr x0, 0x0(x10)                       common_Mhandler+16

clint mtime 0x0000000000000673 (mip.MTI <- 0b1, mip.STI <- 0b0)
mem[X,0x0000000080002554] -> 0x3C23
mem[X,0x0000000080002556] -> 0x2691
[3302] [M]: 0x0000000080002554 (0x26913C23) sd x9, 0x278(x2)                        common_Mentry+0
mem[W,0x0000000080005278] <- 0x000003000000023C

mem[X,0x0000000080002558] -> 0x3823
mem[X,0x000000008000255A] -> 0x2681
[3303] [M]: 0x0000000080002558 (0x26813823) sd x8, 0x270(x2)                        common_Mentry+4
mem[W,0x0000000080005270] <- 0x0000000000007F76

clint mtime 0x0000000000000674 (mip.MTI <- 0b1, mip.STI <- 0b0)
mem[X,0x000000008000255C] -> 0x3423
mem[X,0x000000008000255E] -> 0x2671
[3304] [M]: 0x000000008000255C (0x26713423) sd x7, 0x268(x2)                        common_Mentry+8
mem[W,0x0000000080005268] <- 0x0000000080005000

mem[X,0x0000000080002560] -> 0x3023
mem[X,0x0000000080002562] -> 0x2661
[3305] [M]: 0x0000000080002560 (0x26613023) sd x6, 0x260(x2)                        common_Mentry+12
mem[W,0x0000000080005260] <- 0xFFFFFFFF7FFFE30C

clint mtime 0x0000000000000675 (mip.MTI <- 0b1, mip.STI <- 0b0)
mem[X,0x0000000080002564] -> 0x2573
mem[X,0x0000000080002566] -> 0x3420
[3306] [M]: 0x0000000080002564 (0x34202573) csrrs x10, mcause, x0                   spcl_M2mmode_test+0
CSR mcause (0x342) -> 0x0000000000000002
x10 <- 0x0000000000000002

mem[X,0x0000000080002568] -> 0x04B7
mem[X,0x000000008000256A] -> 0x8000
[3307] [M]: 0x0000000080002568 (0x800004B7) lui x9, -0x80000                        spcl_M2mmode_test+4
x9 <- 0xFFFFFFFF80000000

clint mtime 0x0000000000000676 (mip.MTI <- 0b1, mip.STI <- 0b0)
mem[X,0x000000008000256C] -> 0x8493
mem[X,0x000000008000256E] -> 0x0004
[3308] [M]: 0x000000008000256C (0x00048493) addi x9, x9, 0x0                        spcl_M2mmode_test+8
x9 <- 0xFFFFFFFF80000000

mem[X,0x0000000080002570] -> 0x9493
mem[X,0x0000000080002572] -> 0x00B4
[3309] [M]: 0x0000000080002570 (0x00B49493) slli x9, x9, 0xb                        spcl_M2mmode_test+12
x9 <- 0xFFFFFC0000000000

clint mtime 0x0000000000000677 (mip.MTI <- 0b1, mip.STI <- 0b0)
mem[X,0x0000000080002574] -> 0x8493
mem[X,0x0000000080002576] -> 0x0004
[3310] [M]: 0x0000000080002574 (0x00048493) addi x9, x9, 0x0                        spcl_M2mmode_test+16
x9 <- 0xFFFFFC0000000000

mem[X,0x0000000080002578] -> 0x9493
mem[X,0x000000008000257A] -> 0x00B4
[3311] [M]: 0x0000000080002578 (0x00B49493) slli x9, x9, 0xb                        spcl_M2mmode_test+20
x9 <- 0xFFE0000000000000

clint mtime 0x0000000000000678 (mip.MTI <- 0b1, mip.STI <- 0b0)
mem[X,0x000000008000257C] -> 0x8493
mem[X,0x000000008000257E] -> 0x0034
[3312] [M]: 0x000000008000257C (0x00348493) addi x9, x9, 0x3                        spcl_M2mmode_test+24
x9 <- 0xFFE0000000000003

mem[X,0x0000000080002580] -> 0x9493
mem[X,0x0000000080002582] -> 0x00A4
[3313] [M]: 0x0000000080002580 (0x00A49493) slli x9, x9, 0xa                        spcl_M2mmode_test+28
x9 <- 0x8000000000000C00

clint mtime 0x0000000000000679 (mip.MTI <- 0b1, mip.STI <- 0b0)
mem[X,0x0000000080002584] -> 0x8493
mem[X,0x0000000080002586] -> 0x3FC4
[3314] [M]: 0x0000000080002584 (0x3FC48493) addi x9, x9, 0x3fc                      spcl_M2mmode_test+32
x9 <- 0x8000000000000FFC

mem[X,0x0000000080002588] -> 0xF4B3
mem[X,0x000000008000258A] -> 0x00A4
[3315] [M]: 0x0000000080002588 (0x00A4F4B3) and x9, x9, x10                         spcl_M2mmode_test+36
x9 <- 0x0000000000000000

clint mtime 0x000000000000067A (mip.MTI <- 0b1, mip.STI <- 0b0)
mem[X,0x000000008000258C] -> 0x8493
mem[X,0x000000008000258E] -> 0xFF84
[3316] [M]: 0x000000008000258C (0xFF848493) addi x9, x9, -0x8                       spcl_M2mmode_test+40
x9 <- 0xFFFFFFFFFFFFFFF8

mem[X,0x0000000080002590] -> 0x9663
mem[X,0x0000000080002592] -> 0x0004
[3317] [M]: 0x0000000080002590 (0x00049663) bne x9, x0, 0xc                         spcl_M2mmode_test+44

clint mtime 0x000000000000067B (mip.MTI <- 0b1, mip.STI <- 0b0)
mem[X,0x000000008000259C] -> 0x0393
mem[X,0x000000008000259E] -> 0x0200
[3318] [M]: 0x000000008000259C (0x02000393) addi x7, x0, 0x20                       Mtrapsig_ptr_upd+0
x7 <- 0x0000000000000020

mem[X,0x00000000800025A0] -> 0x5263
mem[X,0x00000000800025A2] -> 0x0405
[3319] [M]: 0x00000000800025A0 (0x04055263) bge x10, x0, 0x44                       Mtrapsig_ptr_upd+4

clint mtime 0x000000000000067C (mip.MTI <- 0b1, mip.STI <- 0b0)
mem[X,0x00000000800025E4] -> 0x2373
mem[X,0x00000000800025E6] -> 0x3010
[3320] [M]: 0x00000000800025E4 (0x30102373) csrrs x6, misa, x0                      Mxcpt_sig_sv+0
CSR misa (0x301) -> 0x800000000034112F
x6 <- 0x800000000034112F

mem[X,0x00000000800025E8] -> 0x1313
mem[X,0x00000000800025EA] -> 0x0383
[3321] [M]: 0x00000000800025E8 (0x03831313) slli x6, x6, 0x38                       Mxcpt_sig_sv+4
x6 <- 0x2F00000000000000

clint mtime 0x000000000000067D (mip.MTI <- 0b1, mip.STI <- 0b0)
mem[X,0x00000000800025EC] -> 0x5463
mem[X,0x00000000800025EE] -> 0x0003
[3322] [M]: 0x00000000800025EC (0x00035463) bge x6, x0, 0x8                         Mxcpt_sig_sv+8

mem[X,0x00000000800025F4] -> 0x3303
mem[X,0x00000000800025F6] -> 0x2181
[3323] [M]: 0x00000000800025F4 (0x21813303) ld x6, 0x218(x2)                        Mtrap_sig_sv+0
mem[R,0x0000000080005218] -> 0x000000008000A658
x6 <- 0x000000008000A658

clint mtime 0x000000000000067E (mip.MTI <- 0b1, mip.STI <- 0b0)
mem[X,0x00000000800025F8] -> 0x04B3
mem[X,0x00000000800025FA] -> 0x0073
[3324] [M]: 0x00000000800025F8 (0x007304B3) add x9, x6, x7                          Mtrap_sig_sv+4
x9 <- 0x000000008000A678

mem[X,0x00000000800025FC] -> 0x3C23
mem[X,0x00000000800025FE] -> 0x2091
[3325] [M]: 0x00000000800025FC (0x20913C23) sd x9, 0x218(x2)                        Mtrap_sig_sv+8
mem[W,0x0000000080005218] <- 0x000000008000A678

clint mtime 0x000000000000067F (mip.MTI <- 0b1, mip.STI <- 0b0)
mem[X,0x0000000080002600] -> 0x3403
mem[X,0x0000000080002602] -> 0x1F81
[3326] [M]: 0x0000000080002600 (0x1F813403) ld x8, 0x1f8(x2)                        Mtrap_sig_sv+12
mem[R,0x00000000800051F8] -> 0x000000008000A110
x8 <- 0x000000008000A110

mem[X,0x0000000080002604] -> 0x0333
mem[X,0x0000000080002606] -> 0x4083
[3327] [M]: 0x0000000080002604 (0x40830333) sub x6, x6, x8                          Mtrap_sig_sv+16
x6 <- 0x0000000000000548

clint mtime 0x0000000000000680 (mip.MTI <- 0b1, mip.STI <- 0b0)
mem[X,0x0000000080002608] -> 0x3403
mem[X,0x000000008000260A] -> 0x1F81
[3328] [M]: 0x0000000080002608 (0x1F813403) ld x8, 0x1f8(x2)                        Mtrap_sig_sv+20
mem[R,0x00000000800051F8] -> 0x000000008000A110
x8 <- 0x000000008000A110

mem[X,0x000000008000260C] -> 0x0333
mem[X,0x000000008000260E] -> 0x0083
[3329] [M]: 0x000000008000260C (0x00830333) add x6, x6, x8                          Mtrap_sig_sv+24
x6 <- 0x000000008000A658

clint mtime 0x0000000000000681 (mip.MTI <- 0b1, mip.STI <- 0b0)
mem[X,0x0000000080002610] -> 0x3403
mem[X,0x0000000080002612] -> 0x2401
[3330] [M]: 0x0000000080002610 (0x24013403) ld x8, 0x240(x2)                        Mtrap_sig_sv+28
mem[R,0x0000000080005240] -> 0x0000000080002380
x8 <- 0x0000000080002380

mem[X,0x0000000080002614] -> 0x85B3
mem[X,0x0000000080002616] -> 0x4085
[3331] [M]: 0x0000000080002614 (0x408585B3) sub x11, x11, x8                        sv_Mvect+0
x11 <- 0x000000000000010C

clint mtime 0x0000000000000682 (mip.MTI <- 0b1, mip.STI <- 0b0)
mem[X,0x0000000080002618] -> 0x9593
mem[X,0x000000008000261A] -> 0x0045
[3332] [M]: 0x0000000080002618 (0x00459593) slli x11, x11, 0x4                      sv_Mvect+4
x11 <- 0x00000000000010C0

mem[X,0x000000008000261C] -> 0xE5B3
mem[X,0x000000008000261E] -> 0x0075
[3333] [M]: 0x000000008000261C (0x0075E5B3) or x11, x11, x7                         sv_Mvect+8
x11 <- 0x00000000000010E0

clint mtime 0x0000000000000683 (mip.MTI <- 0b1, mip.STI <- 0b0)
mem[X,0x0000000080002620] -> 0x8593
mem[X,0x0000000080002622] -> 0x0035
[3334] [M]: 0x0000000080002620 (0x00358593) addi x11, x11, 0x3                      sv_Mvect+12
x11 <- 0x00000000000010E3

mem[X,0x0000000080002624] -> 0x3023
mem[X,0x0000000080002626] -> 0x00B3
[3335] [M]: 0x0000000080002624 (0x00B33023) sd x11, 0x0(x6)                         sv_Mvect+16
mem[W,0x000000008000A658] <- 0x00000000000010E3

clint mtime 0x0000000000000684 (mip.MTI <- 0b1, mip.STI <- 0b0)
mem[X,0x0000000080002628] -> 0x3423
mem[X,0x000000008000262A] -> 0x00A3
[3336] [M]: 0x0000000080002628 (0x00A33423) sd x10, 0x8(x6)                         sv_Mcause+0
mem[W,0x000000008000A660] <- 0x0000000000000002

mem[X,0x000000008000262C] -> 0x4663
mem[X,0x000000008000262E] -> 0x1A05
[3337] [M]: 0x000000008000262C (0x1A054663) blt x10, x0, 0x1ac                      sv_Mcause+4

clint mtime 0x0000000000000685 (mip.MTI <- 0b1, mip.STI <- 0b0)
mem[X,0x0000000080002630] -> 0x25F3
mem[X,0x0000000080002632] -> 0x3000
[3338] [M]: 0x0000000080002630 (0x300025F3) csrrs x11, mstatus, x0                  common_Mexcpt_handler+0
CSR mstatus (0x300) -> 0x0000000A00000000
x11 <- 0x0000000A00000000

mem[X,0x0000000080002634] -> 0x9413
mem[X,0x0000000080002636] -> 0x02E5
[3339] [M]: 0x0000000080002634 (0x02E59413) slli x8, x11, 0x2e                      common_Mexcpt_handler+4
x8 <- 0x0000000000000000

clint mtime 0x0000000000000686 (mip.MTI <- 0b1, mip.STI <- 0b0)
mem[X,0x0000000080002638] -> 0x5463
mem[X,0x000000008000263A] -> 0x0004
[3340] [M]: 0x0000000080002638 (0x00045463) bge x8, x0, 0x8                         common_Mexcpt_handler+8

mem[X,0x0000000080002640] -> 0xD493
mem[X,0x0000000080002642] -> 0x00B5
[3341] [M]: 0x0000000080002640 (0x00B5D493) srli x9, x11, 0xb                       common_Mexcpt_handler+16
x9 <- 0x0000000001400000

clint mtime 0x0000000000000687 (mip.MTI <- 0b1, mip.STI <- 0b0)
mem[X,0x0000000080002644] -> 0xF493
mem[X,0x0000000080002646] -> 0x0034
[3342] [M]: 0x0000000080002644 (0x0034F493) andi x9, x9, 0x3                        common_Mexcpt_handler+20
x9 <- 0x0000000000000000

mem[X,0x0000000080002648] -> 0x8493
mem[X,0x000000008000264A] -> 0x0014
[3343] [M]: 0x0000000080002648 (0x00148493) addi x9, x9, 0x1                        common_Mexcpt_handler+24
x9 <- 0x0000000000000001

clint mtime 0x0000000000000688 (mip.MTI <- 0b1, mip.STI <- 0b0)
mem[X,0x000000008000264C] -> 0xF493
mem[X,0x000000008000264E] -> 0x0044
[3344] [M]: 0x000000008000264C (0x0044F493) andi x9, x9, 0x4                        common_Mexcpt_handler+28
x9 <- 0x0000000000000000

mem[X,0x0000000080002650] -> 0x0593
mem[X,0x0000000080002652] -> 0x05D0
[3345] [M]: 0x0000000080002650 (0x05D00593) addi x11, x0, 0x5d                      common_Mexcpt_handler+32
x11 <- 0x000000000000005D

clint mtime 0x0000000000000689 (mip.MTI <- 0b1, mip.STI <- 0b0)
mem[X,0x0000000080002654] -> 0xD5B3
mem[X,0x0000000080002656] -> 0x0095
[3346] [M]: 0x0000000080002654 (0x0095D5B3) srl x11, x11, x9                        common_Mexcpt_handler+36
x11 <- 0x000000000000005D

mem[X,0x0000000080002658] -> 0xF593
mem[X,0x000000008000265A] -> 0x0015
[3347] [M]: 0x0000000080002658 (0x0015F593) andi x11, x11, 0x1                      common_Mexcpt_handler+40
x11 <- 0x0000000000000001

clint mtime 0x000000000000068A (mip.MTI <- 0b1, mip.STI <- 0b0)
mem[X,0x000000008000265C] -> 0x8EE3
mem[X,0x000000008000265E] -> 0xF405
[3348] [M]: 0x000000008000265C (0xF4058EE3) beq x11, x0, -0xa4                      common_Mexcpt_handler+44

mem[X,0x0000000080002660] -> 0x0593
mem[X,0x0000000080002662] -> 0x2980
[3349] [M]: 0x0000000080002660 (0x29800593) addi x11, x0, 0x298                     common_Mexcpt_handler+48
x11 <- 0x0000000000000298

clint mtime 0x000000000000068B (mip.MTI <- 0b1, mip.STI <- 0b0)
mem[X,0x0000000080002664] -> 0xF413
mem[X,0x0000000080002666] -> 0x0014
[3350] [M]: 0x0000000080002664 (0x0014F413) andi x8, x9, 0x1                        common_Mexcpt_handler+52
x8 <- 0x0000000000000000

mem[X,0x0000000080002668] -> 0x95B3
mem[X,0x000000008000266A] -> 0x0085
[3351] [M]: 0x0000000080002668 (0x008595B3) sll x11, x11, x8                        common_Mexcpt_handler+56
x11 <- 0x0000000000000298

clint mtime 0x000000000000068C (mip.MTI <- 0b1, mip.STI <- 0b0)
mem[X,0x000000008000266C] -> 0x9413
mem[X,0x000000008000266E] -> 0x03D4
[3352] [M]: 0x000000008000266C (0x03D49413) slli x8, x9, 0x3d                       common_Mexcpt_handler+60
x8 <- 0x0000000000000000

mem[X,0x0000000080002670] -> 0x5413
mem[X,0x0000000080002672] -> 0x43F4
[3353] [M]: 0x0000000080002670 (0x43F45413) srai x8, x8, 0x3f                       common_Mexcpt_handler+64
x8 <- 0x0000000000000000

clint mtime 0x000000000000068D (mip.MTI <- 0b1, mip.STI <- 0b0)
mem[X,0x0000000080002674] -> 0x4413
mem[X,0x0000000080002676] -> 0xFFF4
[3354] [M]: 0x0000000080002674 (0xFFF44413) xori x8, x8, -0x1                       common_Mexcpt_handler+68
x8 <- 0xFFFFFFFFFFFFFFFF

mem[X,0x0000000080002678] -> 0xF4B3
mem[X,0x000000008000267A] -> 0x0085
[3355] [M]: 0x0000000080002678 (0x0085F4B3) and x9, x11, x8                         common_Mexcpt_handler+72
x9 <- 0x0000000000000298

clint mtime 0x000000000000068E (mip.MTI <- 0b1, mip.STI <- 0b0)
mem[X,0x000000008000267C] -> 0x84B3
mem[X,0x000000008000267E] -> 0x0024
[3356] [M]: 0x000000008000267C (0x002484B3) add x9, x9, x2                          vmem_adj_Mepc+0
x9 <- 0x0000000080005298

mem[X,0x0000000080002680] -> 0x23F3
mem[X,0x0000000080002682] -> 0x3410
[3357] [M]: 0x0000000080002680 (0x341023F3) csrrs x7, mepc, x0                      vmem_adj_Mepc+4
CSR mepc (0x341) -> 0x0000030080001F38
x7 <- 0x0000030080001F38

clint mtime 0x000000000000068F (mip.MTI <- 0b1, mip.STI <- 0b0)
mem[X,0x0000000080002684] -> 0x0413
mem[X,0x0000000080002686] -> 0x0004
[3358] [M]: 0x0000000080002684 (0x00040413) addi x8, x8, 0x0                        vmem_adj_Mepc+8
x8 <- 0xFFFFFFFFFFFFFFFF

mem[X,0x0000000080002688] -> 0x006F
mem[X,0x000000008000268A] -> 0x0400
[3359] [M]: 0x0000000080002688 (0x0400006F) jal x0, 0x40                            vmem_adj_Mepc+12

clint mtime 0x0000000000000690 (mip.MTI <- 0b1, mip.STI <- 0b0)
mem[X,0x00000000800026C8] -> 0x8433
mem[X,0x00000000800026CA] -> 0x4083
[3360] [M]: 0x00000000800026C8 (0x40838433) sub x8, x7, x8                          adj_Mepc+0
x8 <- 0x0000030080001F39

mem[X,0x00000000800026CC] -> 0x3823
mem[X,0x00000000800026CE] -> 0x0083
[3361] [M]: 0x00000000800026CC (0x00833823) sd x8, 0x10(x6)                         sv_Mepc+0
mem[W,0x000000008000A668] <- 0x0000030080001F39

clint mtime 0x0000000000000691 (mip.MTI <- 0b1, mip.STI <- 0b0)
mem[X,0x00000000800026D0] -> 0x55B7
mem[X,0x00000000800026D2] -> 0x0000
[3362] [M]: 0x00000000800026D0 (0x000055B7) lui x11, 0x5                            sv_Mepc+4
x11 <- 0x0000000000005000

mem[X,0x00000000800026D4] -> 0x8593
mem[X,0x00000000800026D6] -> 0x6675
[3363] [M]: 0x00000000800026D4 (0x66758593) addi x11, x11, 0x667                    sv_Mepc+8
x11 <- 0x0000000000005667

clint mtime 0x0000000000000692 (mip.MTI <- 0b1, mip.STI <- 0b0)
mem[X,0x00000000800026D8] -> 0x9593
mem[X,0x00000000800026DA] -> 0x0015
[3364] [M]: 0x00000000800026D8 (0x00159593) slli x11, x11, 0x1                      sv_Mepc+12
x11 <- 0x000000000000ACCE

mem[X,0x00000000800026DC] -> 0x9063
mem[X,0x00000000800026DE] -> 0x02B1
[3365] [M]: 0x00000000800026DC (0x02B19063) bne x3, x11, 0x20                       sv_Mepc+16

clint mtime 0x0000000000000693 (mip.MTI <- 0b1, mip.STI <- 0b0)
mem[X,0x00000000800026E0] -> 0x2473
mem[X,0x00000000800026E2] -> 0x3420
[3366] [M]: 0x00000000800026E0 (0x34202473) csrrs x8, mcause, x0                    sv_Mepc+20
CSR mcause (0x342) -> 0x0000000000000002
x8 <- 0x0000000000000002

mem[X,0x00000000800026E4] -> 0x0593
mem[X,0x00000000800026E6] -> 0x00C0
[3367] [M]: 0x00000000800026E4 (0x00C00593) addi x11, x0, 0xc                       sv_Mepc+24
x11 <- 0x000000000000000C

clint mtime 0x0000000000000694 (mip.MTI <- 0b1, mip.STI <- 0b0)
mem[X,0x00000000800026E8] -> 0x0663
mem[X,0x00000000800026EA] -> 0x00B4
[3368] [M]: 0x00000000800026E8 (0x00B40663) beq x8, x11, 0xc                        sv_Mepc+28

mem[X,0x00000000800026EC] -> 0x0593
mem[X,0x00000000800026EE] -> 0x0010
[3369] [M]: 0x00000000800026EC (0x00100593) addi x11, x0, 0x1                       sv_Mepc+32
x11 <- 0x0000000000000001

clint mtime 0x0000000000000695 (mip.MTI <- 0b1, mip.STI <- 0b0)
mem[X,0x00000000800026F0] -> 0x1663
mem[X,0x00000000800026F2] -> 0x00B4
[3370] [M]: 0x00000000800026F0 (0x00B41663) bne x8, x11, 0xc                        sv_Mepc+36

mem[X,0x00000000800026FC] -> 0xF593
mem[X,0x00000000800026FE] -> 0xFFC3
[3371] [M]: 0x00000000800026FC (0xFFC3F593) andi x11, x7, -0x4                      adj_Mepc_rtn+0
x11 <- 0x0000030080001F38

clint mtime 0x0000000000000696 (mip.MTI <- 0b1, mip.STI <- 0b0)
mem[X,0x0000000080002700] -> 0x8593
mem[X,0x0000000080002702] -> 0x0085
[3372] [M]: 0x0000000080002700 (0x00858593) addi x11, x11, 0x8                      adj_Mepc_rtn+4
x11 <- 0x0000030080001F40

mem[X,0x0000000080002704] -> 0x9073
mem[X,0x0000000080002706] -> 0x3415
[3373] [M]: 0x0000000080002704 (0x34159073) csrrw x0, mepc, x11                     adj_Mepc_rtn+8
CSR mepc (0x341) <- 0x0000030080001F40

clint mtime 0x0000000000000697 (mip.MTI <- 0b1, mip.STI <- 0b0)
mem[X,0x0000000080002708] -> 0x23F3
mem[X,0x000000008000270A] -> 0x3430
[3374] [M]: 0x0000000080002708 (0x343023F3) csrrs x7, mtval, x0                     skp_adj_Mepc+0
CSR mtval (0x343) -> 0x00000000341494F3
x7 <- 0x00000000341494F3

mem[X,0x000000008000270C] -> 0x0413
mem[X,0x000000008000270E] -> 0x0004
[3375] [M]: 0x000000008000270C (0x00040413) addi x8, x8, 0x0                        skp_adj_Mepc+4
x8 <- 0x0000000000000002

clint mtime 0x0000000000000698 (mip.MTI <- 0b1, mip.STI <- 0b0)
mem[X,0x0000000080002710] -> 0x006F
mem[X,0x0000000080002712] -> 0x0840
[3376] [M]: 0x0000000080002710 (0x0840006F) jal x0, 0x84                            skp_adj_Mepc+8

mem[X,0x0000000080002794] -> 0x8433
mem[X,0x0000000080002796] -> 0x4083
[3377] [M]: 0x0000000080002794 (0x40838433) sub x8, x7, x8                          adj_Mtval+0
x8 <- 0x00000000341494F1

clint mtime 0x0000000000000699 (mip.MTI <- 0b1, mip.STI <- 0b0)
mem[X,0x0000000080002798] -> 0x3C23
mem[X,0x000000008000279A] -> 0x0083
[3378] [M]: 0x0000000080002798 (0x00833C23) sd x8, 0x18(x6)                         sv_Mtval+0
mem[W,0x000000008000A670] <- 0x00000000341494F1

mem[X,0x000000008000279C] -> 0x3483
mem[X,0x000000008000279E] -> 0x2181
[3379] [M]: 0x000000008000279C (0x21813483) ld x9, 0x218(x2)                        skp_Mtval+0
mem[R,0x0000000080005218] -> 0x000000008000A678
x9 <- 0x000000008000A678

clint mtime 0x000000000000069A (mip.MTI <- 0b1, mip.STI <- 0b0)
mem[X,0x00000000800027A0] -> 0x3383
mem[X,0x00000000800027A2] -> 0x1F81
[3380] [M]: 0x00000000800027A0 (0x1F813383) ld x7, 0x1f8(x2)                        skp_Mtval+4
mem[R,0x00000000800051F8] -> 0x000000008000A110
x7 <- 0x000000008000A110

mem[X,0x00000000800027A4] -> 0x3303
mem[X,0x00000000800027A6] -> 0x2001
[3381] [M]: 0x00000000800027A4 (0x20013303) ld x6, 0x200(x2)                        skp_Mtval+8
mem[R,0x0000000080005200] -> 0x0000000000000610
x6 <- 0x0000000000000610

clint mtime 0x000000000000069B (mip.MTI <- 0b1, mip.STI <- 0b0)
mem[X,0x00000000800027A8] -> 0x0333
mem[X,0x00000000800027AA] -> 0x0073
[3382] [M]: 0x00000000800027A8 (0x00730333) add x6, x6, x7                          skp_Mtval+12
x6 <- 0x000000008000A720

mem[X,0x00000000800027AC] -> 0x6AE3
mem[X,0x00000000800027AE] -> 0xAE93
[3383] [M]: 0x00000000800027AC (0xAE936AE3) bltu x6, x9, -0x50c                     skp_Mtval+16

clint mtime 0x000000000000069C (mip.MTI <- 0b1, mip.STI <- 0b0)
mem[X,0x00000000800027B0] -> 0x0393
mem[X,0x00000000800027B2] -> 0x2000
[3384] [M]: 0x00000000800027B0 (0x20000393) addi x7, x0, 0x200                      skp_Mtval+20
x7 <- 0x0000000000000200

mem[X,0x00000000800027B4] -> 0x006F
mem[X,0x00000000800027B6] -> 0x0400
[3385] [M]: 0x00000000800027B4 (0x0400006F) jal x0, 0x40                            skp_Mtval+24

clint mtime 0x000000000000069D (mip.MTI <- 0b1, mip.STI <- 0b0)
mem[X,0x00000000800027F4] -> 0x0417
mem[X,0x00000000800027F6] -> 0x0000
[3386] [M]: 0x00000000800027F4 (0x00000417) auipc x8, 0x0                           spcl_Mhandler+0
x8 <- 0x00000000800027F4

mem[X,0x00000000800027F8] -> 0x0413
mem[X,0x00000000800027FA] -> 0x03C4
[3387] [M]: 0x00000000800027F8 (0x03C40413) addi x8, x8, 0x3c                       spcl_Mhandler+4
x8 <- 0x0000000080002830

clint mtime 0x000000000000069E (mip.MTI <- 0b1, mip.STI <- 0b0)
mem[X,0x00000000800027FC] -> 0x0433
mem[X,0x00000000800027FE] -> 0x0074
[3388] [M]: 0x00000000800027FC (0x00740433) add x8, x8, x7                          spcl_Mhandler+8
x8 <- 0x0000000080002A30

mem[X,0x0000000080002800] -> 0x1393
mem[X,0x0000000080002802] -> 0x0035
[3389] [M]: 0x0000000080002800 (0x00351393) slli x7, x10, 0x3                       spcl_Mhandler+12
x7 <- 0x0000000000000010

clint mtime 0x000000000000069F (mip.MTI <- 0b1, mip.STI <- 0b0)
mem[X,0x0000000080002804] -> 0x0433
mem[X,0x0000000080002806] -> 0x0074
[3390] [M]: 0x0000000080002804 (0x00740433) add x8, x8, x7                          spcl_Mhandler+16
x8 <- 0x0000000080002A40

mem[X,0x0000000080002808] -> 0x7413
mem[X,0x000000008000280A] -> 0xFF84
[3391] [M]: 0x0000000080002808 (0xFF847413) andi x8, x8, -0x8                       spcl_Mhandler+20
x8 <- 0x0000000080002A40

clint mtime 0x00000000000006A0 (mip.MTI <- 0b1, mip.STI <- 0b0)
mem[X,0x000000008000280C] -> 0x3403
mem[X,0x000000008000280E] -> 0x0004
[3392] [M]: 0x000000008000280C (0x00043403) ld x8, 0x0(x8)                          spcl_Mhandler+24
mem[R,0x0000000080002A40] -> 0x0000000000000005
x8 <- 0x0000000000000005

mem[X,0x0000000080002810] -> 0x02E3
mem[X,0x0000000080002812] -> 0xB204
[3393] [M]: 0x0000000080002810 (0xB20402E3) beq x8, x0, -0x4dc                      spcl_Mdispatch_hndling+0

clint mtime 0x00000000000006A1 (mip.MTI <- 0b1, mip.STI <- 0b0)
mem[X,0x0000000080002814] -> 0x1393
mem[X,0x0000000080002816] -> 0x03F4
[3394] [M]: 0x0000000080002814 (0x03F41393) slli x7, x8, 0x3f                       spcl_Mdispatch_hndling+4
x7 <- 0x8000000000000000

mem[X,0x0000000080002818] -> 0xD863
mem[X,0x000000008000281A] -> 0x0003
[3395] [M]: 0x0000000080002818 (0x0003D863) bge x7, x0, 0x10                        spcl_Mdispatch_hndling+8

clint mtime 0x00000000000006A2 (mip.MTI <- 0b1, mip.STI <- 0b0)
mem[X,0x000000008000281C] -> 0x5413
mem[X,0x000000008000281E] -> 0x0014
[3396] [M]: 0x000000008000281C (0x00145413) srli x8, x8, 0x1                        spcl_Mdispatch_hndling+12
x8 <- 0x0000000000000002

mem[X,0x0000000080002820] -> 0x0CE3
mem[X,0x0000000080002822] -> 0xF885
[3397] [M]: 0x0000000080002820 (0xF8850CE3) beq x10, x8, -0x68                      spcl_Mdispatch_hndling+16

clint mtime 0x00000000000006A3 (mip.MTI <- 0b1, mip.STI <- 0b0)
mem[X,0x00000000800027B8] -> 0x3303
mem[X,0x00000000800027BA] -> 0x2601
[3398] [M]: 0x00000000800027B8 (0x26013303) ld x6, 0x260(x2)                        resto_Mrtn+0
mem[R,0x0000000080005260] -> 0xFFFFFFFF7FFFE30C
x6 <- 0xFFFFFFFF7FFFE30C

mem[X,0x00000000800027BC] -> 0x3383
mem[X,0x00000000800027BE] -> 0x2681
[3399] [M]: 0x00000000800027BC (0x26813383) ld x7, 0x268(x2)                        resto_Mrtn+4
mem[R,0x0000000080005268] -> 0x0000000080005000
x7 <- 0x0000000080005000

clint mtime 0x00000000000006A4 (mip.MTI <- 0b1, mip.STI <- 0b0)
mem[X,0x00000000800027C0] -> 0x3403
mem[X,0x00000000800027C2] -> 0x2701
[3400] [M]: 0x00000000800027C0 (0x27013403) ld x8, 0x270(x2)                        resto_Mrtn+8
mem[R,0x0000000080005270] -> 0x0000000000007F76
x8 <- 0x0000000000007F76

mem[X,0x00000000800027C4] -> 0x3483
mem[X,0x00000000800027C6] -> 0x2781
[3401] [M]: 0x00000000800027C4 (0x27813483) ld x9, 0x278(x2)                        resto_Mrtn+12
mem[R,0x0000000080005278] -> 0x000003000000023C
x9 <- 0x000003000000023C

clint mtime 0x00000000000006A5 (mip.MTI <- 0b1, mip.STI <- 0b0)
mem[X,0x00000000800027C8] -> 0x3503
mem[X,0x00000000800027CA] -> 0x2801
[3402] [M]: 0x00000000800027C8 (0x28013503) ld x10, 0x280(x2)                       resto_Mrtn+16
mem[R,0x0000000080005280] -> 0x00000000200002DF
x10 <- 0x00000000200002DF

mem[X,0x00000000800027CC] -> 0x3583
mem[X,0x00000000800027CE] -> 0x2881
[3403] [M]: 0x00000000800027CC (0x28813583) ld x11, 0x288(x2)                       resto_Mrtn+20
mem[R,0x0000000080005288] -> 0x00000000000002DF
x11 <- 0x00000000000002DF

clint mtime 0x00000000000006A6 (mip.MTI <- 0b1, mip.STI <- 0b0)
mem[X,0x00000000800027D0] -> 0x3103
mem[X,0x00000000800027D2] -> 0x2901
[3404] [M]: 0x00000000800027D0 (0x29013103) ld x2, 0x290(x2)                        resto_Mrtn+24
mem[R,0x0000000080005290] -> 0x0000000000000000
x2 <- 0x0000000000000000

mem[X,0x00000000800027D4] -> 0x0073
mem[X,0x00000000800027D6] -> 0x3020
[3405] [M]: 0x00000000800027D4 (0x30200073) mret                                    resto_Mrtn+28
CSR mstatus (0x300) <- 0x0000000A00000080
ret-ing from M to U

clint mtime 0x00000000000006A7 (mip.MTI <- 0b1, mip.STI <- 0b0)
PTW: Start, vpn=0x30080001, access_type=X, privilege=Umem[R,0x0000000080009030] -> 0x00000000000000DB
PTW: Step, level=3, pte=0xDB, pte_addr=0x80009030
PTW: Success, final_ppn=0x80001, level=3mem[X,0x0000000080001F40] -> 0x07B7
PTW: Start, vpn=0x30080001, access_type=X, privilege=Umem[R,0x0000000080009030] -> 0x00000000000000DB
PTW: Step, level=3, pte=0xDB, pte_addr=0x80009030
PTW: Success, final_ppn=0x80001, level=3mem[X,0x0000000080001F42] -> 0x0000
[3406] [U]: 0x0000030080001F40 (0x000007B7) lui x15, 0x0                            va_rvtest_code_begin+6020
x15 <- 0x0000000000000000

PTW: Start, vpn=0x30080001, access_type=X, privilege=Umem[R,0x0000000080009030] -> 0x00000000000000DB
PTW: Step, level=3, pte=0xDB, pte_addr=0x80009030
PTW: Success, final_ppn=0x80001, level=3mem[X,0x0000000080001F44] -> 0x8793
PTW: Start, vpn=0x30080001, access_type=X, privilege=Umem[R,0x0000000080009030] -> 0x00000000000000DB
PTW: Step, level=3, pte=0xDB, pte_addr=0x80009030
PTW: Success, final_ppn=0x80001, level=3mem[X,0x0000000080001F46] -> 0x2807
[3407] [U]: 0x0000030080001F44 (0x28078793) addi x15, x15, 0x280                    va_rvtest_code_begin+6024
x15 <- 0x0000000000000280

clint mtime 0x00000000000006A8 (mip.MTI <- 0b1, mip.STI <- 0b0)
PTW: Start, vpn=0x30080001, access_type=X, privilege=Umem[R,0x0000000080009030] -> 0x00000000000000DB
PTW: Step, level=3, pte=0xDB, pte_addr=0x80009030
PTW: Success, final_ppn=0x80001, level=3mem[X,0x0000000080001F48] -> 0x9793
PTW: Start, vpn=0x30080001, access_type=X, privilege=Umem[R,0x0000000080009030] -> 0x00000000000000DB
PTW: Step, level=3, pte=0xDB, pte_addr=0x80009030
PTW: Success, final_ppn=0x80001, level=3mem[X,0x0000000080001F4A] -> 0x00B7
[3408] [U]: 0x0000030080001F48 (0x00B79793) slli x15, x15, 0xb                      va_rvtest_code_begin+6028
x15 <- 0x0000000000140000

PTW: Start, vpn=0x30080001, access_type=X, privilege=Umem[R,0x0000000080009030] -> 0x00000000000000DB
PTW: Step, level=3, pte=0xDB, pte_addr=0x80009030
PTW: Success, final_ppn=0x80001, level=3mem[X,0x0000000080001F4C] -> 0x8793
PTW: Start, vpn=0x30080001, access_type=X, privilege=Umem[R,0x0000000080009030] -> 0x00000000000000DB
PTW: Step, level=3, pte=0xDB, pte_addr=0x80009030
PTW: Success, final_ppn=0x80001, level=3mem[X,0x0000000080001F4E] -> 0x0007
[3409] [U]: 0x0000030080001F4C (0x00078793) addi x15, x15, 0x0                      va_rvtest_code_begin+6032
x15 <- 0x0000000000140000

clint mtime 0x00000000000006A9 (mip.MTI <- 0b1, mip.STI <- 0b0)
PTW: Start, vpn=0x30080001, access_type=X, privilege=Umem[R,0x0000000080009030] -> 0x00000000000000DB
PTW: Step, level=3, pte=0xDB, pte_addr=0x80009030
PTW: Success, final_ppn=0x80001, level=3mem[X,0x0000000080001F50] -> 0x9793
PTW: Start, vpn=0x30080001, access_type=X, privilege=Umem[R,0x0000000080009030] -> 0x00000000000000DB
PTW: Step, level=3, pte=0xDB, pte_addr=0x80009030
PTW: Success, final_ppn=0x80001, level=3mem[X,0x0000000080001F52] -> 0x00B7
[3410] [U]: 0x0000030080001F50 (0x00B79793) slli x15, x15, 0xb                      va_rvtest_code_begin+6036
x15 <- 0x00000000A0000000

PTW: Start, vpn=0x30080001, access_type=X, privilege=Umem[R,0x0000000080009030] -> 0x00000000000000DB
PTW: Step, level=3, pte=0xDB, pte_addr=0x80009030
PTW: Success, final_ppn=0x80001, level=3mem[X,0x0000000080001F54] -> 0x8793
PTW: Start, vpn=0x30080001, access_type=X, privilege=Umem[R,0x0000000080009030] -> 0x00000000000000DB
PTW: Step, level=3, pte=0xDB, pte_addr=0x80009030
PTW: Success, final_ppn=0x80001, level=3mem[X,0x0000000080001F56] -> 0x0017
[3411] [U]: 0x0000030080001F54 (0x00178793) addi x15, x15, 0x1                      va_rvtest_code_begin+6040
x15 <- 0x00000000A0000001

clint mtime 0x00000000000006AA (mip.MTI <- 0b1, mip.STI <- 0b0)
PTW: Start, vpn=0x30080001, access_type=X, privilege=Umem[R,0x0000000080009030] -> 0x00000000000000DB
PTW: Step, level=3, pte=0xDB, pte_addr=0x80009030
PTW: Success, final_ppn=0x80001, level=3mem[X,0x0000000080001F58] -> 0x9793
PTW: Start, vpn=0x30080001, access_type=X, privilege=Umem[R,0x0000000080009030] -> 0x00000000000000DB
PTW: Step, level=3, pte=0xDB, pte_addr=0x80009030
PTW: Success, final_ppn=0x80001, level=3mem[X,0x0000000080001F5A] -> 0x00A7
[3412] [U]: 0x0000030080001F58 (0x00A79793) slli x15, x15, 0xa                      va_rvtest_code_begin+6044
x15 <- 0x0000028000000400

PTW: Start, vpn=0x30080001, access_type=X, privilege=Umem[R,0x0000000080009030] -> 0x00000000000000DB
PTW: Step, level=3, pte=0xDB, pte_addr=0x80009030
PTW: Success, final_ppn=0x80001, level=3mem[X,0x0000000080001F5C] -> 0x0613
PTW: Start, vpn=0x30080001, access_type=X, privilege=Umem[R,0x0000000080009030] -> 0x00000000000000DB
PTW: Step, level=3, pte=0xDB, pte_addr=0x80009030
PTW: Success, final_ppn=0x80001, level=3mem[X,0x0000000080001F5E] -> 0x0106
[3413] [U]: 0x0000030080001F5C (0x01060613) addi x12, x12, 0x10                     va_rvtest_code_begin+6048
x12 <- 0x00000000000000B0

clint mtime 0x00000000000006AB (mip.MTI <- 0b1, mip.STI <- 0b0)
PTW: Start, vpn=0x30080001, access_type=X, privilege=Umem[R,0x0000000080009030] -> 0x00000000000000DB
PTW: Step, level=3, pte=0xDB, pte_addr=0x80009030
PTW: Success, final_ppn=0x80001, level=3mem[X,0x0000000080001F60] -> 0xAA23
PTW: Start, vpn=0x30080001, access_type=X, privilege=Umem[R,0x0000000080009030] -> 0x00000000000000DB
PTW: Step, level=3, pte=0xDB, pte_addr=0x80009030
PTW: Success, final_ppn=0x80001, level=3mem[X,0x0000000080001F62] -> 0x00C7
[3414] [U]: 0x0000030080001F60 (0x00C7AA23) sw x12, 0x14(x15)                       va_rvtest_code_begin+6052
PTW: Start, vpn=0x28000000, access_type=W, privilege=Umem[R,0x0000000080009028] -> 0x0000000020002001
PTW: Step, level=3, pte=0x20002001, pte_addr=0x80009028
PTW: Start, vpn=0x28000000, access_type=W, privilege=Umem[R,0x0000000080008000] -> 0x0000000020001C01
PTW: Step, level=2, pte=0x20001C01, pte_addr=0x80008000
PTW: Start, vpn=0x28000000, access_type=W, privilege=Umem[R,0x0000000080007000] -> 0x0000000020001801
PTW: Step, level=1, pte=0x20001801, pte_addr=0x80007000
PTW: Start, vpn=0x28000000, access_type=W, privilege=Umem[R,0x0000000080006000] -> 0x00000000200002DF
PTW: Step, level=0, pte=0x200002DF, pte_addr=0x80006000
PTW: Success, final_ppn=0x80000, level=0mem[W,0x0000000080000414] <- 0x000000B0

PTW: Start, vpn=0x30080001, access_type=X, privilege=Umem[R,0x0000000080009030] -> 0x00000000000000DB
PTW: Step, level=3, pte=0xDB, pte_addr=0x80009030
PTW: Success, final_ppn=0x80001, level=3mem[X,0x0000000080001F64] -> 0x0013
PTW: Start, vpn=0x30080001, access_type=X, privilege=Umem[R,0x0000000080009030] -> 0x00000000000000DB
PTW: Step, level=3, pte=0xDB, pte_addr=0x80009030
PTW: Success, final_ppn=0x80001, level=3mem[X,0x0000000080001F66] -> 0x0000
[3415] [U]: 0x0000030080001F64 (0x00000013) addi x0, x0, 0x0                        va_rvtest_code_begin+6056

clint mtime 0x00000000000006AC (mip.MTI <- 0b1, mip.STI <- 0b0)
PTW: Start, vpn=0x30080001, access_type=X, privilege=Umem[R,0x0000000080009030] -> 0x00000000000000DB
PTW: Step, level=3, pte=0xDB, pte_addr=0x80009030
PTW: Success, final_ppn=0x80001, level=3mem[X,0x0000000080001F68] -> 0xA703
PTW: Start, vpn=0x30080001, access_type=X, privilege=Umem[R,0x0000000080009030] -> 0x00000000000000DB
PTW: Step, level=3, pte=0xDB, pte_addr=0x80009030
PTW: Success, final_ppn=0x80001, level=3mem[X,0x0000000080001F6A] -> 0x0147
[3416] [U]: 0x0000030080001F68 (0x0147A703) lw x14, 0x14(x15)                       va_rvtest_code_begin+6060
PTW: Start, vpn=0x28000000, access_type=R, privilege=Umem[R,0x0000000080009028] -> 0x0000000020002001
PTW: Step, level=3, pte=0x20002001, pte_addr=0x80009028
PTW: Start, vpn=0x28000000, access_type=R, privilege=Umem[R,0x0000000080008000] -> 0x0000000020001C01
PTW: Step, level=2, pte=0x20001C01, pte_addr=0x80008000
PTW: Start, vpn=0x28000000, access_type=R, privilege=Umem[R,0x0000000080007000] -> 0x0000000020001801
PTW: Step, level=1, pte=0x20001801, pte_addr=0x80007000
PTW: Start, vpn=0x28000000, access_type=R, privilege=Umem[R,0x0000000080006000] -> 0x00000000200002DF
PTW: Step, level=0, pte=0x200002DF, pte_addr=0x80006000
PTW: Success, final_ppn=0x80000, level=0mem[R,0x0000000080000414] -> 0x000000B0
x14 <- 0x00000000000000B0

PTW: Start, vpn=0x30080001, access_type=X, privilege=Umem[R,0x0000000080009030] -> 0x00000000000000DB
PTW: Step, level=3, pte=0xDB, pte_addr=0x80009030
PTW: Success, final_ppn=0x80001, level=3mem[X,0x0000000080001F6C] -> 0x0013
PTW: Start, vpn=0x30080001, access_type=X, privilege=Umem[R,0x0000000080009030] -> 0x00000000000000DB
PTW: Step, level=3, pte=0xDB, pte_addr=0x80009030
PTW: Success, final_ppn=0x80001, level=3mem[X,0x0000000080001F6E] -> 0x0000
[3417] [U]: 0x0000030080001F6C (0x00000013) addi x0, x0, 0x0                        va_rvtest_code_begin+6064

clint mtime 0x00000000000006AD (mip.MTI <- 0b1, mip.STI <- 0b0)
PTW: Start, vpn=0x30080001, access_type=X, privilege=Umem[R,0x0000000080009030] -> 0x00000000000000DB
PTW: Step, level=3, pte=0xDB, pte_addr=0x80009030
PTW: Success, final_ppn=0x80001, level=3mem[X,0x0000000080001F70] -> 0x51B7
PTW: Start, vpn=0x30080001, access_type=X, privilege=Umem[R,0x0000000080009030] -> 0x00000000000000DB
PTW: Step, level=3, pte=0xDB, pte_addr=0x80009030
PTW: Success, final_ppn=0x80001, level=3mem[X,0x0000000080001F72] -> 0x0000
[3418] [U]: 0x0000030080001F70 (0x000051B7) lui x3, 0x5                             va_rvtest_code_begin+6068
x3 <- 0x0000000000005000

PTW: Start, vpn=0x30080001, access_type=X, privilege=Umem[R,0x0000000080009030] -> 0x00000000000000DB
PTW: Step, level=3, pte=0xDB, pte_addr=0x80009030
PTW: Success, final_ppn=0x80001, level=3mem[X,0x0000000080001F74] -> 0x8193
PTW: Start, vpn=0x30080001, access_type=X, privilege=Umem[R,0x0000000080009030] -> 0x00000000000000DB
PTW: Step, level=3, pte=0xDB, pte_addr=0x80009030
PTW: Success, final_ppn=0x80001, level=3mem[X,0x0000000080001F76] -> 0x6671
[3419] [U]: 0x0000030080001F74 (0x66718193) addi x3, x3, 0x667                      va_rvtest_code_begin+6072
x3 <- 0x0000000000005667

clint mtime 0x00000000000006AE (mip.MTI <- 0b1, mip.STI <- 0b0)
PTW: Start, vpn=0x30080001, access_type=X, privilege=Umem[R,0x0000000080009030] -> 0x00000000000000DB
PTW: Step, level=3, pte=0xDB, pte_addr=0x80009030
PTW: Success, final_ppn=0x80001, level=3mem[X,0x0000000080001F78] -> 0x9193
PTW: Start, vpn=0x30080001, access_type=X, privilege=Umem[R,0x0000000080009030] -> 0x00000000000000DB
PTW: Step, level=3, pte=0xDB, pte_addr=0x80009030
PTW: Success, final_ppn=0x80001, level=3mem[X,0x0000000080001F7A] -> 0x0011
[3420] [U]: 0x0000030080001F78 (0x00119193) slli x3, x3, 0x1                        va_rvtest_code_begin+6076
x3 <- 0x000000000000ACCE

PTW: Start, vpn=0x30080001, access_type=X, privilege=Umem[R,0x0000000080009030] -> 0x00000000000000DB
PTW: Step, level=3, pte=0xDB, pte_addr=0x80009030
PTW: Success, final_ppn=0x80001, level=3mem[X,0x0000000080001F7C] -> 0x0013
PTW: Start, vpn=0x30080001, access_type=X, privilege=Umem[R,0x0000000080009030] -> 0x00000000000000DB
PTW: Step, level=3, pte=0xDB, pte_addr=0x80009030
PTW: Success, final_ppn=0x80001, level=3mem[X,0x0000000080001F7E] -> 0x0000
[3421] [U]: 0x0000030080001F7C (0x00000013) addi x0, x0, 0x0                        va_rvtest_code_begin+6080

clint mtime 0x00000000000006AF (mip.MTI <- 0b1, mip.STI <- 0b0)
PTW: Start, vpn=0x30080001, access_type=X, privilege=Umem[R,0x0000000080009030] -> 0x00000000000000DB
PTW: Step, level=3, pte=0xDB, pte_addr=0x80009030
PTW: Success, final_ppn=0x80001, level=3mem[X,0x0000000080001F80] -> 0x0217
PTW: Start, vpn=0x30080001, access_type=X, privilege=Umem[R,0x0000000080009030] -> 0x00000000000000DB
PTW: Step, level=3, pte=0xDB, pte_addr=0x80009030
PTW: Success, final_ppn=0x80001, level=3mem[X,0x0000000080001F82] -> 0x0000
[3422] [U]: 0x0000030080001F80 (0x00000217) auipc x4, 0x0                           va_rvtest_code_begin+6084
x4 <- 0x0000030080001F80

PTW: Start, vpn=0x30080001, access_type=X, privilege=Umem[R,0x0000000080009030] -> 0x00000000000000DB
PTW: Step, level=3, pte=0xDB, pte_addr=0x80009030
PTW: Success, final_ppn=0x80001, level=3mem[X,0x0000000080001F84] -> 0x0213
PTW: Start, vpn=0x30080001, access_type=X, privilege=Umem[R,0x0000000080009030] -> 0x00000000000000DB
PTW: Step, level=3, pte=0xDB, pte_addr=0x80009030
PTW: Success, final_ppn=0x80001, level=3mem[X,0x0000000080001F86] -> 0x02C2
[3423] [U]: 0x0000030080001F84 (0x02C20213) addi x4, x4, 0x2c                       va_rvtest_code_begin+6088
x4 <- 0x0000030080001FAC

clint mtime 0x00000000000006B0 (mip.MTI <- 0b1, mip.STI <- 0b0)
PTW: Start, vpn=0x30080001, access_type=X, privilege=Umem[R,0x0000000080009030] -> 0x00000000000000DB
PTW: Step, level=3, pte=0xDB, pte_addr=0x80009030
PTW: Success, final_ppn=0x80001, level=3mem[X,0x0000000080001F88] -> 0x0001
[3424] [U]: 0x0000030080001F88 (0x0001) c.nop                                       va_rvtest_code_begin+6092

PTW: Start, vpn=0x30080001, access_type=X, privilege=Umem[R,0x0000000080009030] -> 0x00000000000000DB
PTW: Step, level=3, pte=0xDB, pte_addr=0x80009030
PTW: Success, final_ppn=0x80001, level=3mem[X,0x0000000080001F8A] -> 0x0013
PTW: Start, vpn=0x30080001, access_type=X, privilege=Umem[R,0x0000000080009030] -> 0x00000000000000DB
PTW: Step, level=3, pte=0xDB, pte_addr=0x80009030
PTW: Success, final_ppn=0x80001, level=3mem[X,0x0000000080001F8C] -> 0x0000
[3425] [U]: 0x0000030080001F8A (0x00000013) addi x0, x0, 0x0                        va_rvtest_code_begin+6094

clint mtime 0x00000000000006B1 (mip.MTI <- 0b1, mip.STI <- 0b0)
PTW: Start, vpn=0x30080001, access_type=X, privilege=Umem[R,0x0000000080009030] -> 0x00000000000000DB
PTW: Step, level=3, pte=0xDB, pte_addr=0x80009030
PTW: Success, final_ppn=0x80001, level=3mem[X,0x0000000080001F8E] -> 0x0013
PTW: Start, vpn=0x30080001, access_type=X, privilege=Umem[R,0x0000000080009030] -> 0x00000000000000DB
PTW: Step, level=3, pte=0xDB, pte_addr=0x80009030
PTW: Success, final_ppn=0x80001, level=3mem[X,0x0000000080001F90] -> 0x0000
[3426] [U]: 0x0000030080001F8E (0x00000013) addi x0, x0, 0x0                        va_rvtest_code_begin+6098

PTW: Start, vpn=0x30080001, access_type=X, privilege=Umem[R,0x0000000080009030] -> 0x00000000000000DB
PTW: Step, level=3, pte=0xDB, pte_addr=0x80009030
PTW: Success, final_ppn=0x80001, level=3mem[X,0x0000000080001F92] -> 0x0013
PTW: Start, vpn=0x30080001, access_type=X, privilege=Umem[R,0x0000000080009030] -> 0x00000000000000DB
PTW: Step, level=3, pte=0xDB, pte_addr=0x80009030
PTW: Success, final_ppn=0x80001, level=3mem[X,0x0000000080001F94] -> 0x0000
[3427] [U]: 0x0000030080001F92 (0x00000013) addi x0, x0, 0x0                        va_rvtest_code_begin+6102

clint mtime 0x00000000000006B2 (mip.MTI <- 0b1, mip.STI <- 0b0)
PTW: Start, vpn=0x30080001, access_type=X, privilege=Umem[R,0x0000000080009030] -> 0x00000000000000DB
PTW: Step, level=3, pte=0xDB, pte_addr=0x80009030
PTW: Success, final_ppn=0x80001, level=3mem[X,0x0000000080001F96] -> 0x0013
PTW: Start, vpn=0x30080001, access_type=X, privilege=Umem[R,0x0000000080009030] -> 0x00000000000000DB
PTW: Step, level=3, pte=0xDB, pte_addr=0x80009030
PTW: Success, final_ppn=0x80001, level=3mem[X,0x0000000080001F98] -> 0x0000
[3428] [U]: 0x0000030080001F96 (0x00000013) addi x0, x0, 0x0                        va_rvtest_code_begin+6106

PTW: Start, vpn=0x30080001, access_type=X, privilege=Umem[R,0x0000000080009030] -> 0x00000000000000DB
PTW: Step, level=3, pte=0xDB, pte_addr=0x80009030
PTW: Success, final_ppn=0x80001, level=3mem[X,0x0000000080001F9A] -> 0x0013
PTW: Start, vpn=0x30080001, access_type=X, privilege=Umem[R,0x0000000080009030] -> 0x00000000000000DB
PTW: Step, level=3, pte=0xDB, pte_addr=0x80009030
PTW: Success, final_ppn=0x80001, level=3mem[X,0x0000000080001F9C] -> 0x0000
[3429] [U]: 0x0000030080001F9A (0x00000013) addi x0, x0, 0x0                        va_rvtest_code_begin+6110

clint mtime 0x00000000000006B3 (mip.MTI <- 0b1, mip.STI <- 0b0)
PTW: Start, vpn=0x30080001, access_type=X, privilege=Umem[R,0x0000000080009030] -> 0x00000000000000DB
PTW: Step, level=3, pte=0xDB, pte_addr=0x80009030
PTW: Success, final_ppn=0x80001, level=3mem[X,0x0000000080001F9E] -> 0x0001
[3430] [U]: 0x0000030080001F9E (0x0001) c.nop                                       va_rvtest_code_begin+6114

PTW: Start, vpn=0x30080001, access_type=X, privilege=Umem[R,0x0000000080009030] -> 0x00000000000000DB
PTW: Step, level=3, pte=0xDB, pte_addr=0x80009030
PTW: Success, final_ppn=0x80001, level=3mem[X,0x0000000080001FA0] -> 0x80E7
PTW: Start, vpn=0x30080001, access_type=X, privilege=Umem[R,0x0000000080009030] -> 0x00000000000000DB
PTW: Step, level=3, pte=0xDB, pte_addr=0x80009030
PTW: Success, final_ppn=0x80001, level=3mem[X,0x0000000080001FA2] -> 0x0007
[3431] [U]: 0x0000030080001FA0 (0x000780E7) jalr x1, 0x0(x15)                       va_rvtest_code_begin+6116
x1 <- 0x0000030080001FA4

clint mtime 0x00000000000006B4 (mip.MTI <- 0b1, mip.STI <- 0b0)
PTW: Start, vpn=0x28000000, access_type=X, privilege=Umem[R,0x0000000080009028] -> 0x0000000020002001
PTW: Step, level=3, pte=0x20002001, pte_addr=0x80009028
PTW: Start, vpn=0x28000000, access_type=X, privilege=Umem[R,0x0000000080008000] -> 0x0000000020001C01
PTW: Step, level=2, pte=0x20001C01, pte_addr=0x80008000
PTW: Start, vpn=0x28000000, access_type=X, privilege=Umem[R,0x0000000080007000] -> 0x0000000020001801
PTW: Step, level=1, pte=0x20001801, pte_addr=0x80007000
PTW: Start, vpn=0x28000000, access_type=X, privilege=Umem[R,0x0000000080006000] -> 0x00000000200002DF
PTW: Step, level=0, pte=0x200002DF, pte_addr=0x80006000
PTW: Success, final_ppn=0x80000, level=0mem[X,0x0000000080000400] -> 0x0013
mem[X,0x0000000080000402] -> 0x0000
[3432] [U]: 0x0000028000000400 (0x00000013) addi x0, x0, 0x0                        va_data+0

mem[X,0x0000000080000404] -> 0x8093
mem[X,0x0000000080000406] -> 0x0080
[3433] [U]: 0x0000028000000404 (0x00808093) addi x1, x1, 0x8                        va_data+4
x1 <- 0x0000030080001FAC

clint mtime 0x00000000000006B5 (mip.MTI <- 0b1, mip.STI <- 0b0)
mem[X,0x0000000080000408] -> 0x8067
mem[X,0x000000008000040A] -> 0x0000
[3434] [U]: 0x0000028000000408 (0x00008067) jalr x0, 0x0(x1)                        va_data+8

PTW: Start, vpn=0x30080001, access_type=X, privilege=Umem[R,0x0000000080009030] -> 0x00000000000000DB
PTW: Step, level=3, pte=0xDB, pte_addr=0x80009030
PTW: Success, final_ppn=0x80001, level=3mem[X,0x0000000080001FAC] -> 0x0013
PTW: Start, vpn=0x30080001, access_type=X, privilege=Umem[R,0x0000000080009030] -> 0x00000000000000DB
PTW: Step, level=3, pte=0xDB, pte_addr=0x80009030
PTW: Success, final_ppn=0x80001, level=3mem[X,0x0000000080001FAE] -> 0x0000
[3435] [U]: 0x0000030080001FAC (0x00000013) addi x0, x0, 0x0                        va_rvtest_code_begin+6128

clint mtime 0x00000000000006B6 (mip.MTI <- 0b1, mip.STI <- 0b0)
PTW: Start, vpn=0x30080001, access_type=X, privilege=Umem[R,0x0000000080009030] -> 0x00000000000000DB
PTW: Step, level=3, pte=0xDB, pte_addr=0x80009030
PTW: Success, final_ppn=0x80001, level=3mem[X,0x0000000080001FB0] -> 0x0013
PTW: Start, vpn=0x30080001, access_type=X, privilege=Umem[R,0x0000000080009030] -> 0x00000000000000DB
PTW: Step, level=3, pte=0xDB, pte_addr=0x80009030
PTW: Success, final_ppn=0x80001, level=3mem[X,0x0000000080001FB2] -> 0x0000
[3436] [U]: 0x0000030080001FB0 (0x00000013) addi x0, x0, 0x0                        va_rvtest_code_begin+6132

PTW: Start, vpn=0x30080001, access_type=X, privilege=Umem[R,0x0000000080009030] -> 0x00000000000000DB
PTW: Step, level=3, pte=0xDB, pte_addr=0x80009030
PTW: Success, final_ppn=0x80001, level=3mem[X,0x0000000080001FB4] -> 0x0013
PTW: Start, vpn=0x30080001, access_type=X, privilege=Umem[R,0x0000000080009030] -> 0x00000000000000DB
PTW: Step, level=3, pte=0xDB, pte_addr=0x80009030
PTW: Success, final_ppn=0x80001, level=3mem[X,0x0000000080001FB6] -> 0x0000
[3437] [U]: 0x0000030080001FB4 (0x00000013) addi x0, x0, 0x0                        va_rvtest_code_begin+6136

clint mtime 0x00000000000006B7 (mip.MTI <- 0b1, mip.STI <- 0b0)
PTW: Start, vpn=0x30080001, access_type=X, privilege=Umem[R,0x0000000080009030] -> 0x00000000000000DB
PTW: Step, level=3, pte=0xDB, pte_addr=0x80009030
PTW: Success, final_ppn=0x80001, level=3mem[X,0x0000000080001FB8] -> 0x0113
PTW: Start, vpn=0x30080001, access_type=X, privilege=Umem[R,0x0000000080009030] -> 0x00000000000000DB
PTW: Step, level=3, pte=0xDB, pte_addr=0x80009030
PTW: Success, final_ppn=0x80001, level=3mem[X,0x0000000080001FBA] -> 0x0000
[3438] [U]: 0x0000030080001FB8 (0x00000113) addi x2, x0, 0x0                        va_rvtest_code_begin+6140
x2 <- 0x0000000000000000

PTW: Start, vpn=0x30080001, access_type=X, privilege=Umem[R,0x0000000080009030] -> 0x00000000000000DB
PTW: Step, level=3, pte=0xDB, pte_addr=0x80009030
PTW: Success, final_ppn=0x80001, level=3mem[X,0x0000000080001FBC] -> 0x0073
PTW: Start, vpn=0x30080001, access_type=X, privilege=Umem[R,0x0000000080009030] -> 0x00000000000000DB
PTW: Step, level=3, pte=0xDB, pte_addr=0x80009030
PTW: Success, final_ppn=0x80001, level=3mem[X,0x0000000080001FBE] -> 0x0000
[3439] [U]: 0x0000030080001FBC (0x00000073) ecall                                   va_rvtest_code_begin+6144
trapping from U to M to handle u-call
handling exc#u-call at priv M with tval 0x0000000000000000
CSR mstatus (0x300) <- 0x0000000A00000000
CSR mcause (0x342) <- 0x0000000000000008
CSR mtval (0x343) <- 0x0000000000000000
CSR mepc (0x341) <- 0x0000030080001FBC

clint mtime 0x00000000000006B8 (mip.MTI <- 0b1, mip.STI <- 0b0)
mem[X,0x0000000080002380] -> 0x006F
mem[X,0x0000000080002382] -> 0x1000
[3440] [M]: 0x0000000080002380 (0x1000006F) jal x0, 0x100                           Mtrampoline+0

mem[X,0x0000000080002480] -> 0x1173
mem[X,0x0000000080002482] -> 0x3401
[3441] [M]: 0x0000000080002480 (0x34011173) csrrw x2, mscratch, x2                  trap_Mhandler+0
CSR mscratch (0x340) <- 0x0000000000000000
x2 <- 0x0000000080005000

clint mtime 0x00000000000006B9 (mip.MTI <- 0b1, mip.STI <- 0b0)
mem[X,0x0000000080002484] -> 0x3423
mem[X,0x0000000080002486] -> 0x28B1
[3442] [M]: 0x0000000080002484 (0x28B13423) sd x11, 0x288(x2)                       trap_Mhandler+4
mem[W,0x0000000080005288] <- 0x00000000000002DF

mem[X,0x0000000080002488] -> 0x05EF
mem[X,0x000000008000248A] -> 0x0B80
[3443] [M]: 0x0000000080002488 (0x0B8005EF) jal x11, 0xb8                           trap_Mhandler+8
x11 <- 0x000000008000248C

clint mtime 0x00000000000006BA (mip.MTI <- 0b1, mip.STI <- 0b0)
mem[X,0x0000000080002540] -> 0x3023
mem[X,0x0000000080002542] -> 0x28A1
[3444] [M]: 0x0000000080002540 (0x28A13023) sd x10, 0x280(x2)                       common_Mhandler+0
mem[W,0x0000000080005280] <- 0x00000000200002DF

mem[X,0x0000000080002544] -> 0x1573
mem[X,0x0000000080002546] -> 0x3401
[3445] [M]: 0x0000000080002544 (0x34011573) csrrw x10, mscratch, x2                 common_Mhandler+4
CSR mscratch (0x340) <- 0x0000000080005000
x10 <- 0x0000000000000000

clint mtime 0x00000000000006BB (mip.MTI <- 0b1, mip.STI <- 0b0)
mem[X,0x0000000080002548] -> 0x3823
mem[X,0x000000008000254A] -> 0x28A1
[3446] [M]: 0x0000000080002548 (0x28A13823) sd x10, 0x290(x2)                       common_Mhandler+8
mem[W,0x0000000080005290] <- 0x0000000000000000

mem[X,0x000000008000254C] -> 0x3503
mem[X,0x000000008000254E] -> 0x2301
[3447] [M]: 0x000000008000254C (0x23013503) ld x10, 0x230(x2)                       common_Mhandler+12
mem[R,0x0000000080005230] -> 0x0000000080002554
x10 <- 0x0000000080002554

clint mtime 0x00000000000006BC (mip.MTI <- 0b1, mip.STI <- 0b0)
mem[X,0x0000000080002550] -> 0x0067
mem[X,0x0000000080002552] -> 0x0005
[3448] [M]: 0x0000000080002550 (0x00050067) jalr x0, 0x0(x10)                       common_Mhandler+16

mem[X,0x0000000080002554] -> 0x3C23
mem[X,0x0000000080002556] -> 0x2691
[3449] [M]: 0x0000000080002554 (0x26913C23) sd x9, 0x278(x2)                        common_Mentry+0
mem[W,0x0000000080005278] <- 0x000003000000023C

clint mtime 0x00000000000006BD (mip.MTI <- 0b1, mip.STI <- 0b0)
mem[X,0x0000000080002558] -> 0x3823
mem[X,0x000000008000255A] -> 0x2681
[3450] [M]: 0x0000000080002558 (0x26813823) sd x8, 0x270(x2)                        common_Mentry+4
mem[W,0x0000000080005270] <- 0x0000000000007F76

mem[X,0x000000008000255C] -> 0x3423
mem[X,0x000000008000255E] -> 0x2671
[3451] [M]: 0x000000008000255C (0x26713423) sd x7, 0x268(x2)                        common_Mentry+8
mem[W,0x0000000080005268] <- 0x0000000080005000

clint mtime 0x00000000000006BE (mip.MTI <- 0b1, mip.STI <- 0b0)
mem[X,0x0000000080002560] -> 0x3023
mem[X,0x0000000080002562] -> 0x2661
[3452] [M]: 0x0000000080002560 (0x26613023) sd x6, 0x260(x2)                        common_Mentry+12
mem[W,0x0000000080005260] <- 0xFFFFFFFF7FFFE30C

mem[X,0x0000000080002564] -> 0x2573
mem[X,0x0000000080002566] -> 0x3420
[3453] [M]: 0x0000000080002564 (0x34202573) csrrs x10, mcause, x0                   spcl_M2mmode_test+0
CSR mcause (0x342) -> 0x0000000000000008
x10 <- 0x0000000000000008

clint mtime 0x00000000000006BF (mip.MTI <- 0b1, mip.STI <- 0b0)
mem[X,0x0000000080002568] -> 0x04B7
mem[X,0x000000008000256A] -> 0x8000
[3454] [M]: 0x0000000080002568 (0x800004B7) lui x9, -0x80000                        spcl_M2mmode_test+4
x9 <- 0xFFFFFFFF80000000

mem[X,0x000000008000256C] -> 0x8493
mem[X,0x000000008000256E] -> 0x0004
[3455] [M]: 0x000000008000256C (0x00048493) addi x9, x9, 0x0                        spcl_M2mmode_test+8
x9 <- 0xFFFFFFFF80000000

clint mtime 0x00000000000006C0 (mip.MTI <- 0b1, mip.STI <- 0b0)
mem[X,0x0000000080002570] -> 0x9493
mem[X,0x0000000080002572] -> 0x00B4
[3456] [M]: 0x0000000080002570 (0x00B49493) slli x9, x9, 0xb                        spcl_M2mmode_test+12
x9 <- 0xFFFFFC0000000000

mem[X,0x0000000080002574] -> 0x8493
mem[X,0x0000000080002576] -> 0x0004
[3457] [M]: 0x0000000080002574 (0x00048493) addi x9, x9, 0x0                        spcl_M2mmode_test+16
x9 <- 0xFFFFFC0000000000

clint mtime 0x00000000000006C1 (mip.MTI <- 0b1, mip.STI <- 0b0)
mem[X,0x0000000080002578] -> 0x9493
mem[X,0x000000008000257A] -> 0x00B4
[3458] [M]: 0x0000000080002578 (0x00B49493) slli x9, x9, 0xb                        spcl_M2mmode_test+20
x9 <- 0xFFE0000000000000

mem[X,0x000000008000257C] -> 0x8493
mem[X,0x000000008000257E] -> 0x0034
[3459] [M]: 0x000000008000257C (0x00348493) addi x9, x9, 0x3                        spcl_M2mmode_test+24
x9 <- 0xFFE0000000000003

clint mtime 0x00000000000006C2 (mip.MTI <- 0b1, mip.STI <- 0b0)
mem[X,0x0000000080002580] -> 0x9493
mem[X,0x0000000080002582] -> 0x00A4
[3460] [M]: 0x0000000080002580 (0x00A49493) slli x9, x9, 0xa                        spcl_M2mmode_test+28
x9 <- 0x8000000000000C00

mem[X,0x0000000080002584] -> 0x8493
mem[X,0x0000000080002586] -> 0x3FC4
[3461] [M]: 0x0000000080002584 (0x3FC48493) addi x9, x9, 0x3fc                      spcl_M2mmode_test+32
x9 <- 0x8000000000000FFC

clint mtime 0x00000000000006C3 (mip.MTI <- 0b1, mip.STI <- 0b0)
mem[X,0x0000000080002588] -> 0xF4B3
mem[X,0x000000008000258A] -> 0x00A4
[3462] [M]: 0x0000000080002588 (0x00A4F4B3) and x9, x9, x10                         spcl_M2mmode_test+36
x9 <- 0x0000000000000008

mem[X,0x000000008000258C] -> 0x8493
mem[X,0x000000008000258E] -> 0xFF84
[3463] [M]: 0x000000008000258C (0xFF848493) addi x9, x9, -0x8                       spcl_M2mmode_test+40
x9 <- 0x0000000000000000

clint mtime 0x00000000000006C4 (mip.MTI <- 0b1, mip.STI <- 0b0)
mem[X,0x0000000080002590] -> 0x9663
mem[X,0x0000000080002592] -> 0x0004
[3464] [M]: 0x0000000080002590 (0x00049663) bne x9, x0, 0xc                         spcl_M2mmode_test+44

mem[X,0x0000000080002594] -> 0x3383
mem[X,0x0000000080002596] -> 0x2901
[3465] [M]: 0x0000000080002594 (0x29013383) ld x7, 0x290(x2)                        spcl_M2mmode_test+48
mem[R,0x0000000080005290] -> 0x0000000000000000
x7 <- 0x0000000000000000

clint mtime 0x00000000000006C5 (mip.MTI <- 0b1, mip.STI <- 0b0)
mem[X,0x0000000080002598] -> 0x8663
mem[X,0x000000008000259A] -> 0x6E03
[3466] [M]: 0x0000000080002598 (0x6E038663) beq x7, x0, 0x6ec                       spcl_M2mmode_test+52

mem[X,0x0000000080002C84] -> 0x0493
mem[X,0x0000000080002C86] -> 0xFF55
[3467] [M]: 0x0000000080002C84 (0xFF550493) addi x9, x10, -0xb                      rtn2mmode+0
x9 <- 0xFFFFFFFFFFFFFFFD

clint mtime 0x00000000000006C6 (mip.MTI <- 0b1, mip.STI <- 0b0)
mem[X,0x0000000080002C88] -> 0x8C63
mem[X,0x0000000080002C8A] -> 0x0004
[3468] [M]: 0x0000000080002C88 (0x00048C63) beq x9, x0, 0x18                        rtn2mmode+4

mem[X,0x0000000080002C8C] -> 0x3583
mem[X,0x0000000080002C8E] -> 0x4701
[3469] [M]: 0x0000000080002C8C (0x47013583) ld x11, 0x470(x2)                       rtn2mmode+8
mem[R,0x0000000080005470] -> 0x00000300800007BC
x11 <- 0x00000300800007BC

clint mtime 0x00000000000006C7 (mip.MTI <- 0b1, mip.STI <- 0b0)
mem[X,0x0000000080002C90] -> 0xD463
mem[X,0x0000000080002C92] -> 0x0003
[3470] [M]: 0x0000000080002C90 (0x0003D463) bge x7, x0, 0x8                         rtn2mmode+12

mem[X,0x0000000080002C98] -> 0x3483
mem[X,0x0000000080002C9A] -> 0x1D81
[3471] [M]: 0x0000000080002C98 (0x1D813483) ld x9, 0x1d8(x2)                        from_u_s+0
mem[R,0x00000000800051D8] -> 0x00000000800007D4
x9 <- 0x00000000800007D4

clint mtime 0x00000000000006C8 (mip.MTI <- 0b1, mip.STI <- 0b0)
mem[X,0x0000000080002C9C] -> 0x84B3
mem[X,0x0000000080002C9E] -> 0x40B4
[3472] [M]: 0x0000000080002C9C (0x40B484B3) sub x9, x9, x11                         from_u_s+4
x9 <- 0xFFFFFD0000000018

mem[X,0x0000000080002CA0] -> 0x23F3
mem[X,0x0000000080002CA2] -> 0x3410
[3473] [M]: 0x0000000080002CA0 (0x341023F3) csrrs x7, mepc, x0                      rtn_fm_mmode+0
CSR mepc (0x341) -> 0x0000030080001FBC
x7 <- 0x0000030080001FBC

clint mtime 0x00000000000006C9 (mip.MTI <- 0b1, mip.STI <- 0b0)
mem[X,0x0000000080002CA4] -> 0x83B3
mem[X,0x0000000080002CA6] -> 0x0093
[3474] [M]: 0x0000000080002CA4 (0x009383B3) add x7, x7, x9                          rtn_fm_mmode+4
x7 <- 0x0000000080001FD4

mem[X,0x0000000080002CA8] -> 0x3303
mem[X,0x0000000080002CAA] -> 0x2601
[3475] [M]: 0x0000000080002CA8 (0x26013303) ld x6, 0x260(x2)                        rtn_fm_mmode+8
mem[R,0x0000000080005260] -> 0xFFFFFFFF7FFFE30C
x6 <- 0xFFFFFFFF7FFFE30C

clint mtime 0x00000000000006CA (mip.MTI <- 0b1, mip.STI <- 0b0)
mem[X,0x0000000080002CAC] -> 0x3403
mem[X,0x0000000080002CAE] -> 0x2701
[3476] [M]: 0x0000000080002CAC (0x27013403) ld x8, 0x270(x2)                        rtn_fm_mmode+12
mem[R,0x0000000080005270] -> 0x0000000000007F76
x8 <- 0x0000000000007F76

mem[X,0x0000000080002CB0] -> 0x3483
mem[X,0x0000000080002CB2] -> 0x2781
[3477] [M]: 0x0000000080002CB0 (0x27813483) ld x9, 0x278(x2)                        rtn_fm_mmode+16
mem[R,0x0000000080005278] -> 0x000003000000023C
x9 <- 0x000003000000023C

clint mtime 0x00000000000006CB (mip.MTI <- 0b1, mip.STI <- 0b0)
mem[X,0x0000000080002CB4] -> 0x3503
mem[X,0x0000000080002CB6] -> 0x2801
[3478] [M]: 0x0000000080002CB4 (0x28013503) ld x10, 0x280(x2)                       rtn_fm_mmode+20
mem[R,0x0000000080005280] -> 0x00000000200002DF
x10 <- 0x00000000200002DF

mem[X,0x0000000080002CB8] -> 0x3583
mem[X,0x0000000080002CBA] -> 0x2881
[3479] [M]: 0x0000000080002CB8 (0x28813583) ld x11, 0x288(x2)                       rtn_fm_mmode+24
mem[R,0x0000000080005288] -> 0x00000000000002DF
x11 <- 0x00000000000002DF

clint mtime 0x00000000000006CC (mip.MTI <- 0b1, mip.STI <- 0b0)
mem[X,0x0000000080002CBC] -> 0x3103
mem[X,0x0000000080002CBE] -> 0x2901
[3480] [M]: 0x0000000080002CBC (0x29013103) ld x2, 0x290(x2)                        rtn_fm_mmode+28
mem[R,0x0000000080005290] -> 0x0000000000000000
x2 <- 0x0000000000000000

mem[X,0x0000000080002CC0] -> 0x8067
mem[X,0x0000000080002CC2] -> 0x0043
[3481] [M]: 0x0000000080002CC0 (0x00438067) jalr x0, 0x4(x7)                        rtn_fm_mmode+32

clint mtime 0x00000000000006CD (mip.MTI <- 0b1, mip.STI <- 0b0)
mem[X,0x0000000080001FD8] -> 0x0013
mem[X,0x0000000080001FDA] -> 0x0000
[3482] [M]: 0x0000000080001FD8 (0x00000013) addi x0, x0, 0x0                        main+6104

mem[X,0x0000000080001FDC] -> 0x0013
mem[X,0x0000000080001FDE] -> 0x0000
[3483] [M]: 0x0000000080001FDC (0x00000013) addi x0, x0, 0x0                        main+6108

clint mtime 0x00000000000006CE (mip.MTI <- 0b1, mip.STI <- 0b0)
mem[X,0x0000000080001FE0] -> 0x6517
mem[X,0x0000000080001FE2] -> 0x0000
[3484] [M]: 0x0000000080001FE0 (0x00006517) auipc x10, 0x6                          main+6112
x10 <- 0x0000000080007FE0

mem[X,0x0000000080001FE4] -> 0x0513
mem[X,0x0000000080001FE6] -> 0x0205
[3485] [M]: 0x0000000080001FE4 (0x02050513) addi x10, x10, 0x20                     main+6116
x10 <- 0x0000000080008000

clint mtime 0x00000000000006CF (mip.MTI <- 0b1, mip.STI <- 0b0)
mem[X,0x0000000080001FE8] -> 0x0001
[3486] [M]: 0x0000000080001FE8 (0x0001) c.nop                                       main+6120

mem[X,0x0000000080001FEA] -> 0x0013
mem[X,0x0000000080001FEC] -> 0x0000
[3487] [M]: 0x0000000080001FEA (0x00000013) addi x0, x0, 0x0                        main+6122

clint mtime 0x00000000000006D0 (mip.MTI <- 0b1, mip.STI <- 0b0)
mem[X,0x0000000080001FEE] -> 0x0013
mem[X,0x0000000080001FF0] -> 0x0000
[3488] [M]: 0x0000000080001FEE (0x00000013) addi x0, x0, 0x0                        main+6126

mem[X,0x0000000080001FF2] -> 0x0013
mem[X,0x0000000080001FF4] -> 0x0000
[3489] [M]: 0x0000000080001FF2 (0x00000013) addi x0, x0, 0x0                        main+6130

clint mtime 0x00000000000006D1 (mip.MTI <- 0b1, mip.STI <- 0b0)
mem[X,0x0000000080001FF6] -> 0x0013
mem[X,0x0000000080001FF8] -> 0x0000
[3490] [M]: 0x0000000080001FF6 (0x00000013) addi x0, x0, 0x0                        main+6134

mem[X,0x0000000080001FFA] -> 0x0013
mem[X,0x0000000080001FFC] -> 0x0000
[3491] [M]: 0x0000000080001FFA (0x00000013) addi x0, x0, 0x0                        main+6138

clint mtime 0x00000000000006D2 (mip.MTI <- 0b1, mip.STI <- 0b0)
mem[X,0x0000000080001FFE] -> 0x0001
[3492] [M]: 0x0000000080001FFE (0x0001) c.nop                                       main+6142

mem[X,0x0000000080002000] -> 0x0593
mem[X,0x0000000080002002] -> 0x0010
[3493] [M]: 0x0000000080002000 (0x00100593) addi x11, x0, 0x1                       main+6144
x11 <- 0x0000000000000001

clint mtime 0x00000000000006D3 (mip.MTI <- 0b1, mip.STI <- 0b0)
mem[X,0x0000000080002004] -> 0x5513
mem[X,0x0000000080002006] -> 0x00C5
[3494] [M]: 0x0000000080002004 (0x00C55513) srli x10, x10, 0xc                      main+6148
x10 <- 0x0000000000080008

mem[X,0x0000000080002008] -> 0x1513
mem[X,0x000000008000200A] -> 0x00A5
[3495] [M]: 0x0000000080002008 (0x00A51513) slli x10, x10, 0xa                      main+6152
x10 <- 0x0000000020002000

clint mtime 0x00000000000006D4 (mip.MTI <- 0b1, mip.STI <- 0b0)
mem[X,0x000000008000200C] -> 0x6533
mem[X,0x000000008000200E] -> 0x00B5
[3496] [M]: 0x000000008000200C (0x00B56533) or x10, x10, x11                        main+6156
x10 <- 0x0000000020002001

mem[X,0x0000000080002010] -> 0x0013
mem[X,0x0000000080002012] -> 0x0000
[3497] [M]: 0x0000000080002010 (0x00000013) addi x0, x0, 0x0                        main+6160

clint mtime 0x00000000000006D5 (mip.MTI <- 0b1, mip.STI <- 0b0)
mem[X,0x0000000080002014] -> 0x0013
mem[X,0x0000000080002016] -> 0x0000
[3498] [M]: 0x0000000080002014 (0x00000013) addi x0, x0, 0x0                        main+6164

mem[X,0x0000000080002018] -> 0x0013
mem[X,0x000000008000201A] -> 0x0000
[3499] [M]: 0x0000000080002018 (0x00000013) addi x0, x0, 0x0                        main+6168

clint mtime 0x00000000000006D6 (mip.MTI <- 0b1, mip.STI <- 0b0)
mem[X,0x000000008000201C] -> 0x0013
mem[X,0x000000008000201E] -> 0x0000
[3500] [M]: 0x000000008000201C (0x00000013) addi x0, x0, 0x0                        main+6172

mem[X,0x0000000080002020] -> 0x7317
mem[X,0x0000000080002022] -> 0x0000
[3501] [M]: 0x0000000080002020 (0x00007317) auipc x6, 0x7                           main+6176
x6 <- 0x0000000080009020

clint mtime 0x00000000000006D7 (mip.MTI <- 0b1, mip.STI <- 0b0)
mem[X,0x0000000080002024] -> 0x0313
mem[X,0x0000000080002026] -> 0xFE03
[3502] [M]: 0x0000000080002024 (0xFE030313) addi x6, x6, -0x20                      main+6180
x6 <- 0x0000000080009000

mem[X,0x0000000080002028] -> 0x0001
[3503] [M]: 0x0000000080002028 (0x0001) c.nop                                       main+6184

clint mtime 0x00000000000006D8 (mip.MTI <- 0b1, mip.STI <- 0b0)
mem[X,0x000000008000202A] -> 0x0013
mem[X,0x000000008000202C] -> 0x0000
[3504] [M]: 0x000000008000202A (0x00000013) addi x0, x0, 0x0                        main+6186

mem[X,0x000000008000202E] -> 0x0013
mem[X,0x0000000080002030] -> 0x0000
[3505] [M]: 0x000000008000202E (0x00000013) addi x0, x0, 0x0                        main+6190

clint mtime 0x00000000000006D9 (mip.MTI <- 0b1, mip.STI <- 0b0)
mem[X,0x0000000080002032] -> 0x0013
mem[X,0x0000000080002034] -> 0x0000
[3506] [M]: 0x0000000080002032 (0x00000013) addi x0, x0, 0x0                        main+6194

mem[X,0x0000000080002036] -> 0x0013
mem[X,0x0000000080002038] -> 0x0000
[3507] [M]: 0x0000000080002036 (0x00000013) addi x0, x0, 0x0                        main+6198

clint mtime 0x00000000000006DA (mip.MTI <- 0b1, mip.STI <- 0b0)
mem[X,0x000000008000203A] -> 0x0013
mem[X,0x000000008000203C] -> 0x0000
[3508] [M]: 0x000000008000203A (0x00000013) addi x0, x0, 0x0                        main+6202

mem[X,0x000000008000203E] -> 0x0001
[3509] [M]: 0x000000008000203E (0x0001) c.nop                                       main+6206

clint mtime 0x00000000000006DB (mip.MTI <- 0b1, mip.STI <- 0b0)
mem[X,0x0000000080002040] -> 0x0293
mem[X,0x0000000080002042] -> 0x0280
[3510] [M]: 0x0000000080002040 (0x02800293) addi x5, x0, 0x28                       main+6208
x5 <- 0x0000000000000028

mem[X,0x0000000080002044] -> 0x0333
mem[X,0x0000000080002046] -> 0x0053
[3511] [M]: 0x0000000080002044 (0x00530333) add x6, x6, x5                          main+6212
x6 <- 0x0000000080009028

clint mtime 0x00000000000006DC (mip.MTI <- 0b1, mip.STI <- 0b0)
mem[X,0x0000000080002048] -> 0x3023
mem[X,0x000000008000204A] -> 0x00A3
[3512] [M]: 0x0000000080002048 (0x00A33023) sd x10, 0x0(x6)                         main+6216
mem[W,0x0000000080009028] <- 0x0000000020002001

mem[X,0x000000008000204C] -> 0x0013
mem[X,0x000000008000204E] -> 0x0000
[3513] [M]: 0x000000008000204C (0x00000013) addi x0, x0, 0x0                        main+6220

clint mtime 0x00000000000006DD (mip.MTI <- 0b1, mip.STI <- 0b0)
mem[X,0x0000000080002050] -> 0x0013
mem[X,0x0000000080002052] -> 0x0000
[3514] [M]: 0x0000000080002050 (0x00000013) addi x0, x0, 0x0                        main+6224

mem[X,0x0000000080002054] -> 0x0013
mem[X,0x0000000080002056] -> 0x0000
[3515] [M]: 0x0000000080002054 (0x00000013) addi x0, x0, 0x0                        main+6228

clint mtime 0x00000000000006DE (mip.MTI <- 0b1, mip.STI <- 0b0)
mem[X,0x0000000080002058] -> 0x0013
mem[X,0x000000008000205A] -> 0x0000
[3516] [M]: 0x0000000080002058 (0x00000013) addi x0, x0, 0x0                        main+6232

mem[X,0x000000008000205C] -> 0x0013
mem[X,0x000000008000205E] -> 0x0000
[3517] [M]: 0x000000008000205C (0x00000013) addi x0, x0, 0x0                        main+6236

clint mtime 0x00000000000006DF (mip.MTI <- 0b1, mip.STI <- 0b0)
mem[X,0x0000000080002060] -> 0x5517
mem[X,0x0000000080002062] -> 0x0000
[3518] [M]: 0x0000000080002060 (0x00005517) auipc x10, 0x5                          main+6240
x10 <- 0x0000000080007060

mem[X,0x0000000080002064] -> 0x0513
mem[X,0x0000000080002066] -> 0xFA05
[3519] [M]: 0x0000000080002064 (0xFA050513) addi x10, x10, -0x60                    main+6244
x10 <- 0x0000000080007000

clint mtime 0x00000000000006E0 (mip.MTI <- 0b1, mip.STI <- 0b0)
mem[X,0x0000000080002068] -> 0x0001
[3520] [M]: 0x0000000080002068 (0x0001) c.nop                                       main+6248

mem[X,0x000000008000206A] -> 0x0013
mem[X,0x000000008000206C] -> 0x0000
[3521] [M]: 0x000000008000206A (0x00000013) addi x0, x0, 0x0                        main+6250

clint mtime 0x00000000000006E1 (mip.MTI <- 0b1, mip.STI <- 0b0)
mem[X,0x000000008000206E] -> 0x0013
mem[X,0x0000000080002070] -> 0x0000
[3522] [M]: 0x000000008000206E (0x00000013) addi x0, x0, 0x0                        main+6254

mem[X,0x0000000080002072] -> 0x0013
mem[X,0x0000000080002074] -> 0x0000
[3523] [M]: 0x0000000080002072 (0x00000013) addi x0, x0, 0x0                        main+6258

clint mtime 0x00000000000006E2 (mip.MTI <- 0b1, mip.STI <- 0b0)
mem[X,0x0000000080002076] -> 0x0013
mem[X,0x0000000080002078] -> 0x0000
[3524] [M]: 0x0000000080002076 (0x00000013) addi x0, x0, 0x0                        main+6262

mem[X,0x000000008000207A] -> 0x0013
mem[X,0x000000008000207C] -> 0x0000
[3525] [M]: 0x000000008000207A (0x00000013) addi x0, x0, 0x0                        main+6266

clint mtime 0x00000000000006E3 (mip.MTI <- 0b1, mip.STI <- 0b0)
mem[X,0x000000008000207E] -> 0x0001
[3526] [M]: 0x000000008000207E (0x0001) c.nop                                       main+6270

mem[X,0x0000000080002080] -> 0x0593
mem[X,0x0000000080002082] -> 0x0010
[3527] [M]: 0x0000000080002080 (0x00100593) addi x11, x0, 0x1                       main+6272
x11 <- 0x0000000000000001

clint mtime 0x00000000000006E4 (mip.MTI <- 0b1, mip.STI <- 0b0)
mem[X,0x0000000080002084] -> 0x5513
mem[X,0x0000000080002086] -> 0x00C5
[3528] [M]: 0x0000000080002084 (0x00C55513) srli x10, x10, 0xc                      main+6276
x10 <- 0x0000000000080007

mem[X,0x0000000080002088] -> 0x1513
mem[X,0x000000008000208A] -> 0x00A5
[3529] [M]: 0x0000000080002088 (0x00A51513) slli x10, x10, 0xa                      main+6280
x10 <- 0x0000000020001C00

clint mtime 0x00000000000006E5 (mip.MTI <- 0b1, mip.STI <- 0b0)
mem[X,0x000000008000208C] -> 0x6533
mem[X,0x000000008000208E] -> 0x00B5
[3530] [M]: 0x000000008000208C (0x00B56533) or x10, x10, x11                        main+6284
x10 <- 0x0000000020001C01

mem[X,0x0000000080002090] -> 0x0013
mem[X,0x0000000080002092] -> 0x0000
[3531] [M]: 0x0000000080002090 (0x00000013) addi x0, x0, 0x0                        main+6288

clint mtime 0x00000000000006E6 (mip.MTI <- 0b1, mip.STI <- 0b0)
mem[X,0x0000000080002094] -> 0x0013
mem[X,0x0000000080002096] -> 0x0000
[3532] [M]: 0x0000000080002094 (0x00000013) addi x0, x0, 0x0                        main+6292

mem[X,0x0000000080002098] -> 0x0013
mem[X,0x000000008000209A] -> 0x0000
[3533] [M]: 0x0000000080002098 (0x00000013) addi x0, x0, 0x0                        main+6296

clint mtime 0x00000000000006E7 (mip.MTI <- 0b1, mip.STI <- 0b0)
mem[X,0x000000008000209C] -> 0x0013
mem[X,0x000000008000209E] -> 0x0000
[3534] [M]: 0x000000008000209C (0x00000013) addi x0, x0, 0x0                        main+6300

mem[X,0x00000000800020A0] -> 0x6317
mem[X,0x00000000800020A2] -> 0x0000
[3535] [M]: 0x00000000800020A0 (0x00006317) auipc x6, 0x6                           main+6304
x6 <- 0x00000000800080A0

clint mtime 0x00000000000006E8 (mip.MTI <- 0b1, mip.STI <- 0b0)
mem[X,0x00000000800020A4] -> 0x0313
mem[X,0x00000000800020A6] -> 0xF603
[3536] [M]: 0x00000000800020A4 (0xF6030313) addi x6, x6, -0xa0                      main+6308
x6 <- 0x0000000080008000

mem[X,0x00000000800020A8] -> 0x0001
[3537] [M]: 0x00000000800020A8 (0x0001) c.nop                                       main+6312

clint mtime 0x00000000000006E9 (mip.MTI <- 0b1, mip.STI <- 0b0)
mem[X,0x00000000800020AA] -> 0x0013
mem[X,0x00000000800020AC] -> 0x0000
[3538] [M]: 0x00000000800020AA (0x00000013) addi x0, x0, 0x0                        main+6314

mem[X,0x00000000800020AE] -> 0x0013
mem[X,0x00000000800020B0] -> 0x0000
[3539] [M]: 0x00000000800020AE (0x00000013) addi x0, x0, 0x0                        main+6318

clint mtime 0x00000000000006EA (mip.MTI <- 0b1, mip.STI <- 0b0)
mem[X,0x00000000800020B2] -> 0x0013
mem[X,0x00000000800020B4] -> 0x0000
[3540] [M]: 0x00000000800020B2 (0x00000013) addi x0, x0, 0x0                        main+6322

mem[X,0x00000000800020B6] -> 0x0013
mem[X,0x00000000800020B8] -> 0x0000
[3541] [M]: 0x00000000800020B6 (0x00000013) addi x0, x0, 0x0                        main+6326

clint mtime 0x00000000000006EB (mip.MTI <- 0b1, mip.STI <- 0b0)
mem[X,0x00000000800020BA] -> 0x0013
mem[X,0x00000000800020BC] -> 0x0000
[3542] [M]: 0x00000000800020BA (0x00000013) addi x0, x0, 0x0                        main+6330

mem[X,0x00000000800020BE] -> 0x0001
[3543] [M]: 0x00000000800020BE (0x0001) c.nop                                       main+6334

clint mtime 0x00000000000006EC (mip.MTI <- 0b1, mip.STI <- 0b0)
mem[X,0x00000000800020C0] -> 0x0293
mem[X,0x00000000800020C2] -> 0x0000
[3544] [M]: 0x00000000800020C0 (0x00000293) addi x5, x0, 0x0                        main+6336
x5 <- 0x0000000000000000

mem[X,0x00000000800020C4] -> 0x0333
mem[X,0x00000000800020C6] -> 0x0053
[3545] [M]: 0x00000000800020C4 (0x00530333) add x6, x6, x5                          main+6340
x6 <- 0x0000000080008000

clint mtime 0x00000000000006ED (mip.MTI <- 0b1, mip.STI <- 0b0)
mem[X,0x00000000800020C8] -> 0x3023
mem[X,0x00000000800020CA] -> 0x00A3
[3546] [M]: 0x00000000800020C8 (0x00A33023) sd x10, 0x0(x6)                         main+6344
mem[W,0x0000000080008000] <- 0x0000000020001C01

mem[X,0x00000000800020CC] -> 0x0013
mem[X,0x00000000800020CE] -> 0x0000
[3547] [M]: 0x00000000800020CC (0x00000013) addi x0, x0, 0x0                        main+6348

clint mtime 0x00000000000006EE (mip.MTI <- 0b1, mip.STI <- 0b0)
mem[X,0x00000000800020D0] -> 0x0013
mem[X,0x00000000800020D2] -> 0x0000
[3548] [M]: 0x00000000800020D0 (0x00000013) addi x0, x0, 0x0                        main+6352

mem[X,0x00000000800020D4] -> 0x0013
mem[X,0x00000000800020D6] -> 0x0000
[3549] [M]: 0x00000000800020D4 (0x00000013) addi x0, x0, 0x0                        main+6356

clint mtime 0x00000000000006EF (mip.MTI <- 0b1, mip.STI <- 0b0)
mem[X,0x00000000800020D8] -> 0x0013
mem[X,0x00000000800020DA] -> 0x0000
[3550] [M]: 0x00000000800020D8 (0x00000013) addi x0, x0, 0x0                        main+6360

mem[X,0x00000000800020DC] -> 0x0013
mem[X,0x00000000800020DE] -> 0x0000
[3551] [M]: 0x00000000800020DC (0x00000013) addi x0, x0, 0x0                        main+6364

clint mtime 0x00000000000006F0 (mip.MTI <- 0b1, mip.STI <- 0b0)
mem[X,0x00000000800020E0] -> 0x4517
mem[X,0x00000000800020E2] -> 0x0000
[3552] [M]: 0x00000000800020E0 (0x00004517) auipc x10, 0x4                          main+6368
x10 <- 0x00000000800060E0

mem[X,0x00000000800020E4] -> 0x0513
mem[X,0x00000000800020E6] -> 0xF205
[3553] [M]: 0x00000000800020E4 (0xF2050513) addi x10, x10, -0xe0                    main+6372
x10 <- 0x0000000080006000

clint mtime 0x00000000000006F1 (mip.MTI <- 0b1, mip.STI <- 0b0)
mem[X,0x00000000800020E8] -> 0x0001
[3554] [M]: 0x00000000800020E8 (0x0001) c.nop                                       main+6376

mem[X,0x00000000800020EA] -> 0x0013
mem[X,0x00000000800020EC] -> 0x0000
[3555] [M]: 0x00000000800020EA (0x00000013) addi x0, x0, 0x0                        main+6378

clint mtime 0x00000000000006F2 (mip.MTI <- 0b1, mip.STI <- 0b0)
mem[X,0x00000000800020EE] -> 0x0013
mem[X,0x00000000800020F0] -> 0x0000
[3556] [M]: 0x00000000800020EE (0x00000013) addi x0, x0, 0x0                        main+6382

mem[X,0x00000000800020F2] -> 0x0013
mem[X,0x00000000800020F4] -> 0x0000
[3557] [M]: 0x00000000800020F2 (0x00000013) addi x0, x0, 0x0                        main+6386

clint mtime 0x00000000000006F3 (mip.MTI <- 0b1, mip.STI <- 0b0)
mem[X,0x00000000800020F6] -> 0x0013
mem[X,0x00000000800020F8] -> 0x0000
[3558] [M]: 0x00000000800020F6 (0x00000013) addi x0, x0, 0x0                        main+6390

mem[X,0x00000000800020FA] -> 0x0013
mem[X,0x00000000800020FC] -> 0x0000
[3559] [M]: 0x00000000800020FA (0x00000013) addi x0, x0, 0x0                        main+6394

clint mtime 0x00000000000006F4 (mip.MTI <- 0b1, mip.STI <- 0b0)
mem[X,0x00000000800020FE] -> 0x0001
[3560] [M]: 0x00000000800020FE (0x0001) c.nop                                       main+6398

mem[X,0x0000000080002100] -> 0x0593
mem[X,0x0000000080002102] -> 0x0010
[3561] [M]: 0x0000000080002100 (0x00100593) addi x11, x0, 0x1                       main+6400
x11 <- 0x0000000000000001

clint mtime 0x00000000000006F5 (mip.MTI <- 0b1, mip.STI <- 0b0)
mem[X,0x0000000080002104] -> 0x5513
mem[X,0x0000000080002106] -> 0x00C5
[3562] [M]: 0x0000000080002104 (0x00C55513) srli x10, x10, 0xc                      main+6404
x10 <- 0x0000000000080006

mem[X,0x0000000080002108] -> 0x1513
mem[X,0x000000008000210A] -> 0x00A5
[3563] [M]: 0x0000000080002108 (0x00A51513) slli x10, x10, 0xa                      main+6408
x10 <- 0x0000000020001800

clint mtime 0x00000000000006F6 (mip.MTI <- 0b1, mip.STI <- 0b0)
mem[X,0x000000008000210C] -> 0x6533
mem[X,0x000000008000210E] -> 0x00B5
[3564] [M]: 0x000000008000210C (0x00B56533) or x10, x10, x11                        main+6412
x10 <- 0x0000000020001801

mem[X,0x0000000080002110] -> 0x0013
mem[X,0x0000000080002112] -> 0x0000
[3565] [M]: 0x0000000080002110 (0x00000013) addi x0, x0, 0x0                        main+6416

clint mtime 0x00000000000006F7 (mip.MTI <- 0b1, mip.STI <- 0b0)
mem[X,0x0000000080002114] -> 0x0013
mem[X,0x0000000080002116] -> 0x0000
[3566] [M]: 0x0000000080002114 (0x00000013) addi x0, x0, 0x0                        main+6420

mem[X,0x0000000080002118] -> 0x0013
mem[X,0x000000008000211A] -> 0x0000
[3567] [M]: 0x0000000080002118 (0x00000013) addi x0, x0, 0x0                        main+6424

clint mtime 0x00000000000006F8 (mip.MTI <- 0b1, mip.STI <- 0b0)
mem[X,0x000000008000211C] -> 0x0013
mem[X,0x000000008000211E] -> 0x0000
[3568] [M]: 0x000000008000211C (0x00000013) addi x0, x0, 0x0                        main+6428

mem[X,0x0000000080002120] -> 0x5317
mem[X,0x0000000080002122] -> 0x0000
[3569] [M]: 0x0000000080002120 (0x00005317) auipc x6, 0x5                           main+6432
x6 <- 0x0000000080007120

clint mtime 0x00000000000006F9 (mip.MTI <- 0b1, mip.STI <- 0b0)
mem[X,0x0000000080002124] -> 0x0313
mem[X,0x0000000080002126] -> 0xEE03
[3570] [M]: 0x0000000080002124 (0xEE030313) addi x6, x6, -0x120                     main+6436
x6 <- 0x0000000080007000

mem[X,0x0000000080002128] -> 0x0001
[3571] [M]: 0x0000000080002128 (0x0001) c.nop                                       main+6440

clint mtime 0x00000000000006FA (mip.MTI <- 0b1, mip.STI <- 0b0)
mem[X,0x000000008000212A] -> 0x0013
mem[X,0x000000008000212C] -> 0x0000
[3572] [M]: 0x000000008000212A (0x00000013) addi x0, x0, 0x0                        main+6442

mem[X,0x000000008000212E] -> 0x0013
mem[X,0x0000000080002130] -> 0x0000
[3573] [M]: 0x000000008000212E (0x00000013) addi x0, x0, 0x0                        main+6446

clint mtime 0x00000000000006FB (mip.MTI <- 0b1, mip.STI <- 0b0)
mem[X,0x0000000080002132] -> 0x0013
mem[X,0x0000000080002134] -> 0x0000
[3574] [M]: 0x0000000080002132 (0x00000013) addi x0, x0, 0x0                        main+6450

mem[X,0x0000000080002136] -> 0x0013
mem[X,0x0000000080002138] -> 0x0000
[3575] [M]: 0x0000000080002136 (0x00000013) addi x0, x0, 0x0                        main+6454

clint mtime 0x00000000000006FC (mip.MTI <- 0b1, mip.STI <- 0b0)
mem[X,0x000000008000213A] -> 0x0013
mem[X,0x000000008000213C] -> 0x0000
[3576] [M]: 0x000000008000213A (0x00000013) addi x0, x0, 0x0                        main+6458

mem[X,0x000000008000213E] -> 0x0001
[3577] [M]: 0x000000008000213E (0x0001) c.nop                                       main+6462

clint mtime 0x00000000000006FD (mip.MTI <- 0b1, mip.STI <- 0b0)
mem[X,0x0000000080002140] -> 0x0293
mem[X,0x0000000080002142] -> 0x0000
[3578] [M]: 0x0000000080002140 (0x00000293) addi x5, x0, 0x0                        main+6464
x5 <- 0x0000000000000000

mem[X,0x0000000080002144] -> 0x0333
mem[X,0x0000000080002146] -> 0x0053
[3579] [M]: 0x0000000080002144 (0x00530333) add x6, x6, x5                          main+6468
x6 <- 0x0000000080007000

clint mtime 0x00000000000006FE (mip.MTI <- 0b1, mip.STI <- 0b0)
mem[X,0x0000000080002148] -> 0x3023
mem[X,0x000000008000214A] -> 0x00A3
[3580] [M]: 0x0000000080002148 (0x00A33023) sd x10, 0x0(x6)                         main+6472
mem[W,0x0000000080007000] <- 0x0000000020001801

mem[X,0x000000008000214C] -> 0x0013
mem[X,0x000000008000214E] -> 0x0000
[3581] [M]: 0x000000008000214C (0x00000013) addi x0, x0, 0x0                        main+6476

clint mtime 0x00000000000006FF (mip.MTI <- 0b1, mip.STI <- 0b0)
mem[X,0x0000000080002150] -> 0x0013
mem[X,0x0000000080002152] -> 0x0000
[3582] [M]: 0x0000000080002150 (0x00000013) addi x0, x0, 0x0                        main+6480

mem[X,0x0000000080002154] -> 0x0013
mem[X,0x0000000080002156] -> 0x0000
[3583] [M]: 0x0000000080002154 (0x00000013) addi x0, x0, 0x0                        main+6484

clint mtime 0x0000000000000700 (mip.MTI <- 0b1, mip.STI <- 0b0)
mem[X,0x0000000080002158] -> 0x0013
mem[X,0x000000008000215A] -> 0x0000
[3584] [M]: 0x0000000080002158 (0x00000013) addi x0, x0, 0x0                        main+6488

mem[X,0x000000008000215C] -> 0x0013
mem[X,0x000000008000215E] -> 0x0000
[3585] [M]: 0x000000008000215C (0x00000013) addi x0, x0, 0x0                        main+6492

clint mtime 0x0000000000000701 (mip.MTI <- 0b1, mip.STI <- 0b0)
mem[X,0x0000000080002160] -> 0xE517
mem[X,0x0000000080002162] -> 0xFFFF
[3586] [M]: 0x0000000080002160 (0xFFFFE517) auipc x10, -0x2                         main+6496
x10 <- 0x0000000080000160

mem[X,0x0000000080002164] -> 0x0513
mem[X,0x0000000080002166] -> 0x2A05
[3587] [M]: 0x0000000080002164 (0x2A050513) addi x10, x10, 0x2a0                    main+6500
x10 <- 0x0000000080000400

clint mtime 0x0000000000000702 (mip.MTI <- 0b1, mip.STI <- 0b0)
mem[X,0x0000000080002168] -> 0x0001
[3588] [M]: 0x0000000080002168 (0x0001) c.nop                                       main+6504

mem[X,0x000000008000216A] -> 0x0013
mem[X,0x000000008000216C] -> 0x0000
[3589] [M]: 0x000000008000216A (0x00000013) addi x0, x0, 0x0                        main+6506

clint mtime 0x0000000000000703 (mip.MTI <- 0b1, mip.STI <- 0b0)
mem[X,0x000000008000216E] -> 0x0013
mem[X,0x0000000080002170] -> 0x0000
[3590] [M]: 0x000000008000216E (0x00000013) addi x0, x0, 0x0                        main+6510

mem[X,0x0000000080002172] -> 0x0013
mem[X,0x0000000080002174] -> 0x0000
[3591] [M]: 0x0000000080002172 (0x00000013) addi x0, x0, 0x0                        main+6514

clint mtime 0x0000000000000704 (mip.MTI <- 0b1, mip.STI <- 0b0)
mem[X,0x0000000080002176] -> 0x0013
mem[X,0x0000000080002178] -> 0x0000
[3592] [M]: 0x0000000080002176 (0x00000013) addi x0, x0, 0x0                        main+6518

mem[X,0x000000008000217A] -> 0x0013
mem[X,0x000000008000217C] -> 0x0000
[3593] [M]: 0x000000008000217A (0x00000013) addi x0, x0, 0x0                        main+6522

clint mtime 0x0000000000000705 (mip.MTI <- 0b1, mip.STI <- 0b0)
mem[X,0x000000008000217E] -> 0x0001
[3594] [M]: 0x000000008000217E (0x0001) c.nop                                       main+6526

mem[X,0x0000000080002180] -> 0x0593
mem[X,0x0000000080002182] -> 0x3DF0
[3595] [M]: 0x0000000080002180 (0x3DF00593) addi x11, x0, 0x3df                     main+6528
x11 <- 0x00000000000003DF

clint mtime 0x0000000000000706 (mip.MTI <- 0b1, mip.STI <- 0b0)
mem[X,0x0000000080002184] -> 0x5513
mem[X,0x0000000080002186] -> 0x00C5
[3596] [M]: 0x0000000080002184 (0x00C55513) srli x10, x10, 0xc                      main+6532
x10 <- 0x0000000000080000

mem[X,0x0000000080002188] -> 0x1513
mem[X,0x000000008000218A] -> 0x00A5
[3597] [M]: 0x0000000080002188 (0x00A51513) slli x10, x10, 0xa                      main+6536
x10 <- 0x0000000020000000

clint mtime 0x0000000000000707 (mip.MTI <- 0b1, mip.STI <- 0b0)
mem[X,0x000000008000218C] -> 0x6533
mem[X,0x000000008000218E] -> 0x00B5
[3598] [M]: 0x000000008000218C (0x00B56533) or x10, x10, x11                        main+6540
x10 <- 0x00000000200003DF

mem[X,0x0000000080002190] -> 0x0013
mem[X,0x0000000080002192] -> 0x0000
[3599] [M]: 0x0000000080002190 (0x00000013) addi x0, x0, 0x0                        main+6544

clint mtime 0x0000000000000708 (mip.MTI <- 0b1, mip.STI <- 0b0)
mem[X,0x0000000080002194] -> 0x0013
mem[X,0x0000000080002196] -> 0x0000
[3600] [M]: 0x0000000080002194 (0x00000013) addi x0, x0, 0x0                        main+6548

mem[X,0x0000000080002198] -> 0x0013
mem[X,0x000000008000219A] -> 0x0000
[3601] [M]: 0x0000000080002198 (0x00000013) addi x0, x0, 0x0                        main+6552

clint mtime 0x0000000000000709 (mip.MTI <- 0b1, mip.STI <- 0b0)
mem[X,0x000000008000219C] -> 0x0013
mem[X,0x000000008000219E] -> 0x0000
[3602] [M]: 0x000000008000219C (0x00000013) addi x0, x0, 0x0                        main+6556

mem[X,0x00000000800021A0] -> 0x4317
mem[X,0x00000000800021A2] -> 0x0000
[3603] [M]: 0x00000000800021A0 (0x00004317) auipc x6, 0x4                           main+6560
x6 <- 0x00000000800061A0

clint mtime 0x000000000000070A (mip.MTI <- 0b1, mip.STI <- 0b0)
mem[X,0x00000000800021A4] -> 0x0313
mem[X,0x00000000800021A6] -> 0xE603
[3604] [M]: 0x00000000800021A4 (0xE6030313) addi x6, x6, -0x1a0                     main+6564
x6 <- 0x0000000080006000

mem[X,0x00000000800021A8] -> 0x0001
[3605] [M]: 0x00000000800021A8 (0x0001) c.nop                                       main+6568

clint mtime 0x000000000000070B (mip.MTI <- 0b1, mip.STI <- 0b0)
mem[X,0x00000000800021AA] -> 0x0013
mem[X,0x00000000800021AC] -> 0x0000
[3606] [M]: 0x00000000800021AA (0x00000013) addi x0, x0, 0x0                        main+6570

mem[X,0x00000000800021AE] -> 0x0013
mem[X,0x00000000800021B0] -> 0x0000
[3607] [M]: 0x00000000800021AE (0x00000013) addi x0, x0, 0x0                        main+6574

clint mtime 0x000000000000070C (mip.MTI <- 0b1, mip.STI <- 0b0)
mem[X,0x00000000800021B2] -> 0x0013
mem[X,0x00000000800021B4] -> 0x0000
[3608] [M]: 0x00000000800021B2 (0x00000013) addi x0, x0, 0x0                        main+6578

mem[X,0x00000000800021B6] -> 0x0013
mem[X,0x00000000800021B8] -> 0x0000
[3609] [M]: 0x00000000800021B6 (0x00000013) addi x0, x0, 0x0                        main+6582

clint mtime 0x000000000000070D (mip.MTI <- 0b1, mip.STI <- 0b0)
mem[X,0x00000000800021BA] -> 0x0013
mem[X,0x00000000800021BC] -> 0x0000
[3610] [M]: 0x00000000800021BA (0x00000013) addi x0, x0, 0x0                        main+6586

mem[X,0x00000000800021BE] -> 0x0001
[3611] [M]: 0x00000000800021BE (0x0001) c.nop                                       main+6590

clint mtime 0x000000000000070E (mip.MTI <- 0b1, mip.STI <- 0b0)
mem[X,0x00000000800021C0] -> 0x0293
mem[X,0x00000000800021C2] -> 0x0000
[3612] [M]: 0x00000000800021C0 (0x00000293) addi x5, x0, 0x0                        main+6592
x5 <- 0x0000000000000000

mem[X,0x00000000800021C4] -> 0x0333
mem[X,0x00000000800021C6] -> 0x0053
[3613] [M]: 0x00000000800021C4 (0x00530333) add x6, x6, x5                          main+6596
x6 <- 0x0000000080006000

clint mtime 0x000000000000070F (mip.MTI <- 0b1, mip.STI <- 0b0)
mem[X,0x00000000800021C8] -> 0x3023
mem[X,0x00000000800021CA] -> 0x00A3
[3614] [M]: 0x00000000800021C8 (0x00A33023) sd x10, 0x0(x6)                         main+6600
mem[W,0x0000000080006000] <- 0x00000000200003DF

mem[X,0x00000000800021CC] -> 0x0073
mem[X,0x00000000800021CE] -> 0x1200
[3615] [M]: 0x00000000800021CC (0x12000073) sfence.vma x0, x0                       main+6604

clint mtime 0x0000000000000710 (mip.MTI <- 0b1, mip.STI <- 0b0)
mem[X,0x00000000800021D0] -> 0x0493
mem[X,0x00000000800021D2] -> 0x0010
[3616] [M]: 0x00000000800021D0 (0x00100493) addi x9, x0, 0x1                        main+6608
x9 <- 0x0000000000000001

mem[X,0x00000000800021D4] -> 0x9493
mem[X,0x00000000800021D6] -> 0x00B4
[3617] [M]: 0x00000000800021D4 (0x00B49493) slli x9, x9, 0xb                        main+6612
x9 <- 0x0000000000000800

clint mtime 0x0000000000000711 (mip.MTI <- 0b1, mip.STI <- 0b0)
mem[X,0x00000000800021D8] -> 0xB073
mem[X,0x00000000800021DA] -> 0x3004
[3618] [M]: 0x00000000800021D8 (0x3004B073) csrrc x0, mstatus, x9                   main+6616
CSR mstatus (0x300) <- 0x0000000A00000000

mem[X,0x00000000800021DC] -> 0x23F3
mem[X,0x00000000800021DE] -> 0x3400
[3619] [M]: 0x00000000800021DC (0x340023F3) csrrs x7, mscratch, x0                  main+6620
CSR mscratch (0x340) -> 0x0000000080005000
x7 <- 0x0000000080005000

clint mtime 0x0000000000000712 (mip.MTI <- 0b1, mip.STI <- 0b0)
mem[X,0x00000000800021E0] -> 0xB303
mem[X,0x00000000800021E2] -> 0x4703
[3620] [M]: 0x00000000800021E0 (0x4703B303) ld x6, 0x470(x7)                        main+6624
mem[R,0x0000000080005470] -> 0x00000300800007BC
x6 <- 0x00000300800007BC

mem[X,0x00000000800021E4] -> 0xB483
mem[X,0x00000000800021E6] -> 0x1D83
[3621] [M]: 0x00000000800021E4 (0x1D83B483) ld x9, 0x1d8(x7)                        main+6628
mem[R,0x00000000800051D8] -> 0x00000000800007D4
x9 <- 0x00000000800007D4

clint mtime 0x0000000000000713 (mip.MTI <- 0b1, mip.STI <- 0b0)
mem[X,0x00000000800021E8] -> 0x0333
mem[X,0x00000000800021EA] -> 0x4093
[3622] [M]: 0x00000000800021E8 (0x40930333) sub x6, x6, x9                          main+6632
x6 <- 0x000002FFFFFFFFE8

mem[X,0x00000000800021EC] -> 0x0313
mem[X,0x00000000800021EE] -> 0x0103
[3623] [M]: 0x00000000800021EC (0x01030313) addi x6, x6, 0x10                       main+6636
x6 <- 0x000002FFFFFFFFF8

clint mtime 0x0000000000000714 (mip.MTI <- 0b1, mip.STI <- 0b0)
mem[X,0x00000000800021F0] -> 0x0497
mem[X,0x00000000800021F2] -> 0x0000
[3624] [M]: 0x00000000800021F0 (0x00000497) auipc x9, 0x0                           main+6640
x9 <- 0x00000000800021F0

mem[X,0x00000000800021F4] -> 0x84B3
mem[X,0x00000000800021F6] -> 0x0064
[3625] [M]: 0x00000000800021F4 (0x006484B3) add x9, x9, x6                          main+6644
x9 <- 0x00000300800021E8

clint mtime 0x0000000000000715 (mip.MTI <- 0b1, mip.STI <- 0b0)
mem[X,0x00000000800021F8] -> 0x94F3
mem[X,0x00000000800021FA] -> 0x3414
[3626] [M]: 0x00000000800021F8 (0x341494F3) csrrw x9, mepc, x9                      main+6648
CSR mepc (0x341) <- 0x00000300800021E8
x9 <- 0x0000030080001FBC

mem[X,0x00000000800021FC] -> 0x0073
mem[X,0x00000000800021FE] -> 0x3020
[3627] [M]: 0x00000000800021FC (0x30200073) mret                                    main+6652
CSR mstatus (0x300) <- 0x0000000A00000080
ret-ing from M to U

clint mtime 0x0000000000000716 (mip.MTI <- 0b1, mip.STI <- 0b0)
PTW: Start, vpn=0x30080002, access_type=X, privilege=Umem[R,0x0000000080009030] -> 0x00000000000000DB
PTW: Step, level=3, pte=0xDB, pte_addr=0x80009030
PTW: Success, final_ppn=0x80002, level=3mem[X,0x00000000800021E8] -> 0x0333
PTW: Start, vpn=0x30080002, access_type=X, privilege=Umem[R,0x0000000080009030] -> 0x00000000000000DB
PTW: Step, level=3, pte=0xDB, pte_addr=0x80009030
PTW: Success, final_ppn=0x80002, level=3mem[X,0x00000000800021EA] -> 0x4093
[3628] [U]: 0x00000300800021E8 (0x40930333) sub x6, x6, x9                          va_rvtest_code_begin+6700
x6 <- 0xFFFFFFFF7FFFE03C

PTW: Start, vpn=0x30080002, access_type=X, privilege=Umem[R,0x0000000080009030] -> 0x00000000000000DB
PTW: Step, level=3, pte=0xDB, pte_addr=0x80009030
PTW: Success, final_ppn=0x80002, level=3mem[X,0x00000000800021EC] -> 0x0313
PTW: Start, vpn=0x30080002, access_type=X, privilege=Umem[R,0x0000000080009030] -> 0x00000000000000DB
PTW: Step, level=3, pte=0xDB, pte_addr=0x80009030
PTW: Success, final_ppn=0x80002, level=3mem[X,0x00000000800021EE] -> 0x0103
[3629] [U]: 0x00000300800021EC (0x01030313) addi x6, x6, 0x10                       va_rvtest_code_begin+6704
x6 <- 0xFFFFFFFF7FFFE04C

clint mtime 0x0000000000000717 (mip.MTI <- 0b1, mip.STI <- 0b0)
PTW: Start, vpn=0x30080002, access_type=X, privilege=Umem[R,0x0000000080009030] -> 0x00000000000000DB
PTW: Step, level=3, pte=0xDB, pte_addr=0x80009030
PTW: Success, final_ppn=0x80002, level=3mem[X,0x00000000800021F0] -> 0x0497
PTW: Start, vpn=0x30080002, access_type=X, privilege=Umem[R,0x0000000080009030] -> 0x00000000000000DB
PTW: Step, level=3, pte=0xDB, pte_addr=0x80009030
PTW: Success, final_ppn=0x80002, level=3mem[X,0x00000000800021F2] -> 0x0000
[3630] [U]: 0x00000300800021F0 (0x00000497) auipc x9, 0x0                           va_rvtest_code_begin+6708
x9 <- 0x00000300800021F0

PTW: Start, vpn=0x30080002, access_type=X, privilege=Umem[R,0x0000000080009030] -> 0x00000000000000DB
PTW: Step, level=3, pte=0xDB, pte_addr=0x80009030
PTW: Success, final_ppn=0x80002, level=3mem[X,0x00000000800021F4] -> 0x84B3
PTW: Start, vpn=0x30080002, access_type=X, privilege=Umem[R,0x0000000080009030] -> 0x00000000000000DB
PTW: Step, level=3, pte=0xDB, pte_addr=0x80009030
PTW: Success, final_ppn=0x80002, level=3mem[X,0x00000000800021F6] -> 0x0064
[3631] [U]: 0x00000300800021F4 (0x006484B3) add x9, x9, x6                          va_rvtest_code_begin+6712
x9 <- 0x000003000000023C

clint mtime 0x0000000000000718 (mip.MTI <- 0b1, mip.STI <- 0b0)
PTW: Start, vpn=0x30080002, access_type=X, privilege=Umem[R,0x0000000080009030] -> 0x00000000000000DB
PTW: Step, level=3, pte=0xDB, pte_addr=0x80009030
PTW: Success, final_ppn=0x80002, level=3mem[X,0x00000000800021F8] -> 0x94F3
PTW: Start, vpn=0x30080002, access_type=X, privilege=Umem[R,0x0000000080009030] -> 0x00000000000000DB
PTW: Step, level=3, pte=0xDB, pte_addr=0x80009030
PTW: Success, final_ppn=0x80002, level=3mem[X,0x00000000800021FA] -> 0x3414
[3632] [U]: 0x00000300800021F8 (0x341494F3) csrrw x9, mepc, x9                      va_rvtest_code_begin+6716
trapping from U to M to handle illegal-instruction
handling exc#illegal-instruction at priv M with tval 0x00000000341494F3
CSR mstatus (0x300) <- 0x0000000A00000000
CSR mcause (0x342) <- 0x0000000000000002
CSR mtval (0x343) <- 0x00000000341494F3
CSR mepc (0x341) <- 0x00000300800021F8

mem[X,0x0000000080002380] -> 0x006F
mem[X,0x0000000080002382] -> 0x1000
[3633] [M]: 0x0000000080002380 (0x1000006F) jal x0, 0x100                           Mtrampoline+0

clint mtime 0x0000000000000719 (mip.MTI <- 0b1, mip.STI <- 0b0)
mem[X,0x0000000080002480] -> 0x1173
mem[X,0x0000000080002482] -> 0x3401
[3634] [M]: 0x0000000080002480 (0x34011173) csrrw x2, mscratch, x2                  trap_Mhandler+0
CSR mscratch (0x340) <- 0x0000000000000000
x2 <- 0x0000000080005000

mem[X,0x0000000080002484] -> 0x3423
mem[X,0x0000000080002486] -> 0x28B1
[3635] [M]: 0x0000000080002484 (0x28B13423) sd x11, 0x288(x2)                       trap_Mhandler+4
mem[W,0x0000000080005288] <- 0x00000000000003DF

clint mtime 0x000000000000071A (mip.MTI <- 0b1, mip.STI <- 0b0)
mem[X,0x0000000080002488] -> 0x05EF
mem[X,0x000000008000248A] -> 0x0B80
[3636] [M]: 0x0000000080002488 (0x0B8005EF) jal x11, 0xb8                           trap_Mhandler+8
x11 <- 0x000000008000248C

mem[X,0x0000000080002540] -> 0x3023
mem[X,0x0000000080002542] -> 0x28A1
[3637] [M]: 0x0000000080002540 (0x28A13023) sd x10, 0x280(x2)                       common_Mhandler+0
mem[W,0x0000000080005280] <- 0x00000000200003DF

clint mtime 0x000000000000071B (mip.MTI <- 0b1, mip.STI <- 0b0)
mem[X,0x0000000080002544] -> 0x1573
mem[X,0x0000000080002546] -> 0x3401
[3638] [M]: 0x0000000080002544 (0x34011573) csrrw x10, mscratch, x2                 common_Mhandler+4
CSR mscratch (0x340) <- 0x0000000080005000
x10 <- 0x0000000000000000

mem[X,0x0000000080002548] -> 0x3823
mem[X,0x000000008000254A] -> 0x28A1
[3639] [M]: 0x0000000080002548 (0x28A13823) sd x10, 0x290(x2)                       common_Mhandler+8
mem[W,0x0000000080005290] <- 0x0000000000000000

clint mtime 0x000000000000071C (mip.MTI <- 0b1, mip.STI <- 0b0)
mem[X,0x000000008000254C] -> 0x3503
mem[X,0x000000008000254E] -> 0x2301
[3640] [M]: 0x000000008000254C (0x23013503) ld x10, 0x230(x2)                       common_Mhandler+12
mem[R,0x0000000080005230] -> 0x0000000080002554
x10 <- 0x0000000080002554

mem[X,0x0000000080002550] -> 0x0067
mem[X,0x0000000080002552] -> 0x0005
[3641] [M]: 0x0000000080002550 (0x00050067) jalr x0, 0x0(x10)                       common_Mhandler+16

clint mtime 0x000000000000071D (mip.MTI <- 0b1, mip.STI <- 0b0)
mem[X,0x0000000080002554] -> 0x3C23
mem[X,0x0000000080002556] -> 0x2691
[3642] [M]: 0x0000000080002554 (0x26913C23) sd x9, 0x278(x2)                        common_Mentry+0
mem[W,0x0000000080005278] <- 0x000003000000023C

mem[X,0x0000000080002558] -> 0x3823
mem[X,0x000000008000255A] -> 0x2681
[3643] [M]: 0x0000000080002558 (0x26813823) sd x8, 0x270(x2)                        common_Mentry+4
mem[W,0x0000000080005270] <- 0x0000000000007F76

clint mtime 0x000000000000071E (mip.MTI <- 0b1, mip.STI <- 0b0)
mem[X,0x000000008000255C] -> 0x3423
mem[X,0x000000008000255E] -> 0x2671
[3644] [M]: 0x000000008000255C (0x26713423) sd x7, 0x268(x2)                        common_Mentry+8
mem[W,0x0000000080005268] <- 0x0000000080005000

mem[X,0x0000000080002560] -> 0x3023
mem[X,0x0000000080002562] -> 0x2661
[3645] [M]: 0x0000000080002560 (0x26613023) sd x6, 0x260(x2)                        common_Mentry+12
mem[W,0x0000000080005260] <- 0xFFFFFFFF7FFFE04C

clint mtime 0x000000000000071F (mip.MTI <- 0b1, mip.STI <- 0b0)
mem[X,0x0000000080002564] -> 0x2573
mem[X,0x0000000080002566] -> 0x3420
[3646] [M]: 0x0000000080002564 (0x34202573) csrrs x10, mcause, x0                   spcl_M2mmode_test+0
CSR mcause (0x342) -> 0x0000000000000002
x10 <- 0x0000000000000002

mem[X,0x0000000080002568] -> 0x04B7
mem[X,0x000000008000256A] -> 0x8000
[3647] [M]: 0x0000000080002568 (0x800004B7) lui x9, -0x80000                        spcl_M2mmode_test+4
x9 <- 0xFFFFFFFF80000000

clint mtime 0x0000000000000720 (mip.MTI <- 0b1, mip.STI <- 0b0)
mem[X,0x000000008000256C] -> 0x8493
mem[X,0x000000008000256E] -> 0x0004
[3648] [M]: 0x000000008000256C (0x00048493) addi x9, x9, 0x0                        spcl_M2mmode_test+8
x9 <- 0xFFFFFFFF80000000

mem[X,0x0000000080002570] -> 0x9493
mem[X,0x0000000080002572] -> 0x00B4
[3649] [M]: 0x0000000080002570 (0x00B49493) slli x9, x9, 0xb                        spcl_M2mmode_test+12
x9 <- 0xFFFFFC0000000000

clint mtime 0x0000000000000721 (mip.MTI <- 0b1, mip.STI <- 0b0)
mem[X,0x0000000080002574] -> 0x8493
mem[X,0x0000000080002576] -> 0x0004
[3650] [M]: 0x0000000080002574 (0x00048493) addi x9, x9, 0x0                        spcl_M2mmode_test+16
x9 <- 0xFFFFFC0000000000

mem[X,0x0000000080002578] -> 0x9493
mem[X,0x000000008000257A] -> 0x00B4
[3651] [M]: 0x0000000080002578 (0x00B49493) slli x9, x9, 0xb                        spcl_M2mmode_test+20
x9 <- 0xFFE0000000000000

clint mtime 0x0000000000000722 (mip.MTI <- 0b1, mip.STI <- 0b0)
mem[X,0x000000008000257C] -> 0x8493
mem[X,0x000000008000257E] -> 0x0034
[3652] [M]: 0x000000008000257C (0x00348493) addi x9, x9, 0x3                        spcl_M2mmode_test+24
x9 <- 0xFFE0000000000003

mem[X,0x0000000080002580] -> 0x9493
mem[X,0x0000000080002582] -> 0x00A4
[3653] [M]: 0x0000000080002580 (0x00A49493) slli x9, x9, 0xa                        spcl_M2mmode_test+28
x9 <- 0x8000000000000C00

clint mtime 0x0000000000000723 (mip.MTI <- 0b1, mip.STI <- 0b0)
mem[X,0x0000000080002584] -> 0x8493
mem[X,0x0000000080002586] -> 0x3FC4
[3654] [M]: 0x0000000080002584 (0x3FC48493) addi x9, x9, 0x3fc                      spcl_M2mmode_test+32
x9 <- 0x8000000000000FFC

mem[X,0x0000000080002588] -> 0xF4B3
mem[X,0x000000008000258A] -> 0x00A4
[3655] [M]: 0x0000000080002588 (0x00A4F4B3) and x9, x9, x10                         spcl_M2mmode_test+36
x9 <- 0x0000000000000000

clint mtime 0x0000000000000724 (mip.MTI <- 0b1, mip.STI <- 0b0)
mem[X,0x000000008000258C] -> 0x8493
mem[X,0x000000008000258E] -> 0xFF84
[3656] [M]: 0x000000008000258C (0xFF848493) addi x9, x9, -0x8                       spcl_M2mmode_test+40
x9 <- 0xFFFFFFFFFFFFFFF8

mem[X,0x0000000080002590] -> 0x9663
mem[X,0x0000000080002592] -> 0x0004
[3657] [M]: 0x0000000080002590 (0x00049663) bne x9, x0, 0xc                         spcl_M2mmode_test+44

clint mtime 0x0000000000000725 (mip.MTI <- 0b1, mip.STI <- 0b0)
mem[X,0x000000008000259C] -> 0x0393
mem[X,0x000000008000259E] -> 0x0200
[3658] [M]: 0x000000008000259C (0x02000393) addi x7, x0, 0x20                       Mtrapsig_ptr_upd+0
x7 <- 0x0000000000000020

mem[X,0x00000000800025A0] -> 0x5263
mem[X,0x00000000800025A2] -> 0x0405
[3659] [M]: 0x00000000800025A0 (0x04055263) bge x10, x0, 0x44                       Mtrapsig_ptr_upd+4

clint mtime 0x0000000000000726 (mip.MTI <- 0b1, mip.STI <- 0b0)
mem[X,0x00000000800025E4] -> 0x2373
mem[X,0x00000000800025E6] -> 0x3010
[3660] [M]: 0x00000000800025E4 (0x30102373) csrrs x6, misa, x0                      Mxcpt_sig_sv+0
CSR misa (0x301) -> 0x800000000034112F
x6 <- 0x800000000034112F

mem[X,0x00000000800025E8] -> 0x1313
mem[X,0x00000000800025EA] -> 0x0383
[3661] [M]: 0x00000000800025E8 (0x03831313) slli x6, x6, 0x38                       Mxcpt_sig_sv+4
x6 <- 0x2F00000000000000

clint mtime 0x0000000000000727 (mip.MTI <- 0b1, mip.STI <- 0b0)
mem[X,0x00000000800025EC] -> 0x5463
mem[X,0x00000000800025EE] -> 0x0003
[3662] [M]: 0x00000000800025EC (0x00035463) bge x6, x0, 0x8                         Mxcpt_sig_sv+8

mem[X,0x00000000800025F4] -> 0x3303
mem[X,0x00000000800025F6] -> 0x2181
[3663] [M]: 0x00000000800025F4 (0x21813303) ld x6, 0x218(x2)                        Mtrap_sig_sv+0
mem[R,0x0000000080005218] -> 0x000000008000A678
x6 <- 0x000000008000A678

clint mtime 0x0000000000000728 (mip.MTI <- 0b1, mip.STI <- 0b0)
mem[X,0x00000000800025F8] -> 0x04B3
mem[X,0x00000000800025FA] -> 0x0073
[3664] [M]: 0x00000000800025F8 (0x007304B3) add x9, x6, x7                          Mtrap_sig_sv+4
x9 <- 0x000000008000A698

mem[X,0x00000000800025FC] -> 0x3C23
mem[X,0x00000000800025FE] -> 0x2091
[3665] [M]: 0x00000000800025FC (0x20913C23) sd x9, 0x218(x2)                        Mtrap_sig_sv+8
mem[W,0x0000000080005218] <- 0x000000008000A698

clint mtime 0x0000000000000729 (mip.MTI <- 0b1, mip.STI <- 0b0)
mem[X,0x0000000080002600] -> 0x3403
mem[X,0x0000000080002602] -> 0x1F81
[3666] [M]: 0x0000000080002600 (0x1F813403) ld x8, 0x1f8(x2)                        Mtrap_sig_sv+12
mem[R,0x00000000800051F8] -> 0x000000008000A110
x8 <- 0x000000008000A110

mem[X,0x0000000080002604] -> 0x0333
mem[X,0x0000000080002606] -> 0x4083
[3667] [M]: 0x0000000080002604 (0x40830333) sub x6, x6, x8                          Mtrap_sig_sv+16
x6 <- 0x0000000000000568

clint mtime 0x000000000000072A (mip.MTI <- 0b1, mip.STI <- 0b0)
mem[X,0x0000000080002608] -> 0x3403
mem[X,0x000000008000260A] -> 0x1F81
[3668] [M]: 0x0000000080002608 (0x1F813403) ld x8, 0x1f8(x2)                        Mtrap_sig_sv+20
mem[R,0x00000000800051F8] -> 0x000000008000A110
x8 <- 0x000000008000A110

mem[X,0x000000008000260C] -> 0x0333
mem[X,0x000000008000260E] -> 0x0083
[3669] [M]: 0x000000008000260C (0x00830333) add x6, x6, x8                          Mtrap_sig_sv+24
x6 <- 0x000000008000A678

clint mtime 0x000000000000072B (mip.MTI <- 0b1, mip.STI <- 0b0)
mem[X,0x0000000080002610] -> 0x3403
mem[X,0x0000000080002612] -> 0x2401
[3670] [M]: 0x0000000080002610 (0x24013403) ld x8, 0x240(x2)                        Mtrap_sig_sv+28
mem[R,0x0000000080005240] -> 0x0000000080002380
x8 <- 0x0000000080002380

mem[X,0x0000000080002614] -> 0x85B3
mem[X,0x0000000080002616] -> 0x4085
[3671] [M]: 0x0000000080002614 (0x408585B3) sub x11, x11, x8                        sv_Mvect+0
x11 <- 0x000000000000010C

clint mtime 0x000000000000072C (mip.MTI <- 0b1, mip.STI <- 0b0)
mem[X,0x0000000080002618] -> 0x9593
mem[X,0x000000008000261A] -> 0x0045
[3672] [M]: 0x0000000080002618 (0x00459593) slli x11, x11, 0x4                      sv_Mvect+4
x11 <- 0x00000000000010C0

mem[X,0x000000008000261C] -> 0xE5B3
mem[X,0x000000008000261E] -> 0x0075
[3673] [M]: 0x000000008000261C (0x0075E5B3) or x11, x11, x7                         sv_Mvect+8
x11 <- 0x00000000000010E0

clint mtime 0x000000000000072D (mip.MTI <- 0b1, mip.STI <- 0b0)
mem[X,0x0000000080002620] -> 0x8593
mem[X,0x0000000080002622] -> 0x0035
[3674] [M]: 0x0000000080002620 (0x00358593) addi x11, x11, 0x3                      sv_Mvect+12
x11 <- 0x00000000000010E3

mem[X,0x0000000080002624] -> 0x3023
mem[X,0x0000000080002626] -> 0x00B3
[3675] [M]: 0x0000000080002624 (0x00B33023) sd x11, 0x0(x6)                         sv_Mvect+16
mem[W,0x000000008000A678] <- 0x00000000000010E3

clint mtime 0x000000000000072E (mip.MTI <- 0b1, mip.STI <- 0b0)
mem[X,0x0000000080002628] -> 0x3423
mem[X,0x000000008000262A] -> 0x00A3
[3676] [M]: 0x0000000080002628 (0x00A33423) sd x10, 0x8(x6)                         sv_Mcause+0
mem[W,0x000000008000A680] <- 0x0000000000000002

mem[X,0x000000008000262C] -> 0x4663
mem[X,0x000000008000262E] -> 0x1A05
[3677] [M]: 0x000000008000262C (0x1A054663) blt x10, x0, 0x1ac                      sv_Mcause+4

clint mtime 0x000000000000072F (mip.MTI <- 0b1, mip.STI <- 0b0)
mem[X,0x0000000080002630] -> 0x25F3
mem[X,0x0000000080002632] -> 0x3000
[3678] [M]: 0x0000000080002630 (0x300025F3) csrrs x11, mstatus, x0                  common_Mexcpt_handler+0
CSR mstatus (0x300) -> 0x0000000A00000000
x11 <- 0x0000000A00000000

mem[X,0x0000000080002634] -> 0x9413
mem[X,0x0000000080002636] -> 0x02E5
[3679] [M]: 0x0000000080002634 (0x02E59413) slli x8, x11, 0x2e                      common_Mexcpt_handler+4
x8 <- 0x0000000000000000

clint mtime 0x0000000000000730 (mip.MTI <- 0b1, mip.STI <- 0b0)
mem[X,0x0000000080002638] -> 0x5463
mem[X,0x000000008000263A] -> 0x0004
[3680] [M]: 0x0000000080002638 (0x00045463) bge x8, x0, 0x8                         common_Mexcpt_handler+8

mem[X,0x0000000080002640] -> 0xD493
mem[X,0x0000000080002642] -> 0x00B5
[3681] [M]: 0x0000000080002640 (0x00B5D493) srli x9, x11, 0xb                       common_Mexcpt_handler+16
x9 <- 0x0000000001400000

clint mtime 0x0000000000000731 (mip.MTI <- 0b1, mip.STI <- 0b0)
mem[X,0x0000000080002644] -> 0xF493
mem[X,0x0000000080002646] -> 0x0034
[3682] [M]: 0x0000000080002644 (0x0034F493) andi x9, x9, 0x3                        common_Mexcpt_handler+20
x9 <- 0x0000000000000000

mem[X,0x0000000080002648] -> 0x8493
mem[X,0x000000008000264A] -> 0x0014
[3683] [M]: 0x0000000080002648 (0x00148493) addi x9, x9, 0x1                        common_Mexcpt_handler+24
x9 <- 0x0000000000000001

clint mtime 0x0000000000000732 (mip.MTI <- 0b1, mip.STI <- 0b0)
mem[X,0x000000008000264C] -> 0xF493
mem[X,0x000000008000264E] -> 0x0044
[3684] [M]: 0x000000008000264C (0x0044F493) andi x9, x9, 0x4                        common_Mexcpt_handler+28
x9 <- 0x0000000000000000

mem[X,0x0000000080002650] -> 0x0593
mem[X,0x0000000080002652] -> 0x05D0
[3685] [M]: 0x0000000080002650 (0x05D00593) addi x11, x0, 0x5d                      common_Mexcpt_handler+32
x11 <- 0x000000000000005D

clint mtime 0x0000000000000733 (mip.MTI <- 0b1, mip.STI <- 0b0)
mem[X,0x0000000080002654] -> 0xD5B3
mem[X,0x0000000080002656] -> 0x0095
[3686] [M]: 0x0000000080002654 (0x0095D5B3) srl x11, x11, x9                        common_Mexcpt_handler+36
x11 <- 0x000000000000005D

mem[X,0x0000000080002658] -> 0xF593
mem[X,0x000000008000265A] -> 0x0015
[3687] [M]: 0x0000000080002658 (0x0015F593) andi x11, x11, 0x1                      common_Mexcpt_handler+40
x11 <- 0x0000000000000001

clint mtime 0x0000000000000734 (mip.MTI <- 0b1, mip.STI <- 0b0)
mem[X,0x000000008000265C] -> 0x8EE3
mem[X,0x000000008000265E] -> 0xF405
[3688] [M]: 0x000000008000265C (0xF4058EE3) beq x11, x0, -0xa4                      common_Mexcpt_handler+44

mem[X,0x0000000080002660] -> 0x0593
mem[X,0x0000000080002662] -> 0x2980
[3689] [M]: 0x0000000080002660 (0x29800593) addi x11, x0, 0x298                     common_Mexcpt_handler+48
x11 <- 0x0000000000000298

clint mtime 0x0000000000000735 (mip.MTI <- 0b1, mip.STI <- 0b0)
mem[X,0x0000000080002664] -> 0xF413
mem[X,0x0000000080002666] -> 0x0014
[3690] [M]: 0x0000000080002664 (0x0014F413) andi x8, x9, 0x1                        common_Mexcpt_handler+52
x8 <- 0x0000000000000000

mem[X,0x0000000080002668] -> 0x95B3
mem[X,0x000000008000266A] -> 0x0085
[3691] [M]: 0x0000000080002668 (0x008595B3) sll x11, x11, x8                        common_Mexcpt_handler+56
x11 <- 0x0000000000000298

clint mtime 0x0000000000000736 (mip.MTI <- 0b1, mip.STI <- 0b0)
mem[X,0x000000008000266C] -> 0x9413
mem[X,0x000000008000266E] -> 0x03D4
[3692] [M]: 0x000000008000266C (0x03D49413) slli x8, x9, 0x3d                       common_Mexcpt_handler+60
x8 <- 0x0000000000000000

mem[X,0x0000000080002670] -> 0x5413
mem[X,0x0000000080002672] -> 0x43F4
[3693] [M]: 0x0000000080002670 (0x43F45413) srai x8, x8, 0x3f                       common_Mexcpt_handler+64
x8 <- 0x0000000000000000

clint mtime 0x0000000000000737 (mip.MTI <- 0b1, mip.STI <- 0b0)
mem[X,0x0000000080002674] -> 0x4413
mem[X,0x0000000080002676] -> 0xFFF4
[3694] [M]: 0x0000000080002674 (0xFFF44413) xori x8, x8, -0x1                       common_Mexcpt_handler+68
x8 <- 0xFFFFFFFFFFFFFFFF

mem[X,0x0000000080002678] -> 0xF4B3
mem[X,0x000000008000267A] -> 0x0085
[3695] [M]: 0x0000000080002678 (0x0085F4B3) and x9, x11, x8                         common_Mexcpt_handler+72
x9 <- 0x0000000000000298

clint mtime 0x0000000000000738 (mip.MTI <- 0b1, mip.STI <- 0b0)
mem[X,0x000000008000267C] -> 0x84B3
mem[X,0x000000008000267E] -> 0x0024
[3696] [M]: 0x000000008000267C (0x002484B3) add x9, x9, x2                          vmem_adj_Mepc+0
x9 <- 0x0000000080005298

mem[X,0x0000000080002680] -> 0x23F3
mem[X,0x0000000080002682] -> 0x3410
[3697] [M]: 0x0000000080002680 (0x341023F3) csrrs x7, mepc, x0                      vmem_adj_Mepc+4
CSR mepc (0x341) -> 0x00000300800021F8
x7 <- 0x00000300800021F8

clint mtime 0x0000000000000739 (mip.MTI <- 0b1, mip.STI <- 0b0)
mem[X,0x0000000080002684] -> 0x0413
mem[X,0x0000000080002686] -> 0x0004
[3698] [M]: 0x0000000080002684 (0x00040413) addi x8, x8, 0x0                        vmem_adj_Mepc+8
x8 <- 0xFFFFFFFFFFFFFFFF

mem[X,0x0000000080002688] -> 0x006F
mem[X,0x000000008000268A] -> 0x0400
[3699] [M]: 0x0000000080002688 (0x0400006F) jal x0, 0x40                            vmem_adj_Mepc+12

clint mtime 0x000000000000073A (mip.MTI <- 0b1, mip.STI <- 0b0)
mem[X,0x00000000800026C8] -> 0x8433
mem[X,0x00000000800026CA] -> 0x4083
[3700] [M]: 0x00000000800026C8 (0x40838433) sub x8, x7, x8                          adj_Mepc+0
x8 <- 0x00000300800021F9

mem[X,0x00000000800026CC] -> 0x3823
mem[X,0x00000000800026CE] -> 0x0083
[3701] [M]: 0x00000000800026CC (0x00833823) sd x8, 0x10(x6)                         sv_Mepc+0
mem[W,0x000000008000A688] <- 0x00000300800021F9

clint mtime 0x000000000000073B (mip.MTI <- 0b1, mip.STI <- 0b0)
mem[X,0x00000000800026D0] -> 0x55B7
mem[X,0x00000000800026D2] -> 0x0000
[3702] [M]: 0x00000000800026D0 (0x000055B7) lui x11, 0x5                            sv_Mepc+4
x11 <- 0x0000000000005000

mem[X,0x00000000800026D4] -> 0x8593
mem[X,0x00000000800026D6] -> 0x6675
[3703] [M]: 0x00000000800026D4 (0x66758593) addi x11, x11, 0x667                    sv_Mepc+8
x11 <- 0x0000000000005667

clint mtime 0x000000000000073C (mip.MTI <- 0b1, mip.STI <- 0b0)
mem[X,0x00000000800026D8] -> 0x9593
mem[X,0x00000000800026DA] -> 0x0015
[3704] [M]: 0x00000000800026D8 (0x00159593) slli x11, x11, 0x1                      sv_Mepc+12
x11 <- 0x000000000000ACCE

mem[X,0x00000000800026DC] -> 0x9063
mem[X,0x00000000800026DE] -> 0x02B1
[3705] [M]: 0x00000000800026DC (0x02B19063) bne x3, x11, 0x20                       sv_Mepc+16

clint mtime 0x000000000000073D (mip.MTI <- 0b1, mip.STI <- 0b0)
mem[X,0x00000000800026E0] -> 0x2473
mem[X,0x00000000800026E2] -> 0x3420
[3706] [M]: 0x00000000800026E0 (0x34202473) csrrs x8, mcause, x0                    sv_Mepc+20
CSR mcause (0x342) -> 0x0000000000000002
x8 <- 0x0000000000000002

mem[X,0x00000000800026E4] -> 0x0593
mem[X,0x00000000800026E6] -> 0x00C0
[3707] [M]: 0x00000000800026E4 (0x00C00593) addi x11, x0, 0xc                       sv_Mepc+24
x11 <- 0x000000000000000C

clint mtime 0x000000000000073E (mip.MTI <- 0b1, mip.STI <- 0b0)
mem[X,0x00000000800026E8] -> 0x0663
mem[X,0x00000000800026EA] -> 0x00B4
[3708] [M]: 0x00000000800026E8 (0x00B40663) beq x8, x11, 0xc                        sv_Mepc+28

mem[X,0x00000000800026EC] -> 0x0593
mem[X,0x00000000800026EE] -> 0x0010
[3709] [M]: 0x00000000800026EC (0x00100593) addi x11, x0, 0x1                       sv_Mepc+32
x11 <- 0x0000000000000001

clint mtime 0x000000000000073F (mip.MTI <- 0b1, mip.STI <- 0b0)
mem[X,0x00000000800026F0] -> 0x1663
mem[X,0x00000000800026F2] -> 0x00B4
[3710] [M]: 0x00000000800026F0 (0x00B41663) bne x8, x11, 0xc                        sv_Mepc+36

mem[X,0x00000000800026FC] -> 0xF593
mem[X,0x00000000800026FE] -> 0xFFC3
[3711] [M]: 0x00000000800026FC (0xFFC3F593) andi x11, x7, -0x4                      adj_Mepc_rtn+0
x11 <- 0x00000300800021F8

clint mtime 0x0000000000000740 (mip.MTI <- 0b1, mip.STI <- 0b0)
mem[X,0x0000000080002700] -> 0x8593
mem[X,0x0000000080002702] -> 0x0085
[3712] [M]: 0x0000000080002700 (0x00858593) addi x11, x11, 0x8                      adj_Mepc_rtn+4
x11 <- 0x0000030080002200

mem[X,0x0000000080002704] -> 0x9073
mem[X,0x0000000080002706] -> 0x3415
[3713] [M]: 0x0000000080002704 (0x34159073) csrrw x0, mepc, x11                     adj_Mepc_rtn+8
CSR mepc (0x341) <- 0x0000030080002200

clint mtime 0x0000000000000741 (mip.MTI <- 0b1, mip.STI <- 0b0)
mem[X,0x0000000080002708] -> 0x23F3
mem[X,0x000000008000270A] -> 0x3430
[3714] [M]: 0x0000000080002708 (0x343023F3) csrrs x7, mtval, x0                     skp_adj_Mepc+0
CSR mtval (0x343) -> 0x00000000341494F3
x7 <- 0x00000000341494F3

mem[X,0x000000008000270C] -> 0x0413
mem[X,0x000000008000270E] -> 0x0004
[3715] [M]: 0x000000008000270C (0x00040413) addi x8, x8, 0x0                        skp_adj_Mepc+4
x8 <- 0x0000000000000002

clint mtime 0x0000000000000742 (mip.MTI <- 0b1, mip.STI <- 0b0)
mem[X,0x0000000080002710] -> 0x006F
mem[X,0x0000000080002712] -> 0x0840
[3716] [M]: 0x0000000080002710 (0x0840006F) jal x0, 0x84                            skp_adj_Mepc+8

mem[X,0x0000000080002794] -> 0x8433
mem[X,0x0000000080002796] -> 0x4083
[3717] [M]: 0x0000000080002794 (0x40838433) sub x8, x7, x8                          adj_Mtval+0
x8 <- 0x00000000341494F1

clint mtime 0x0000000000000743 (mip.MTI <- 0b1, mip.STI <- 0b0)
mem[X,0x0000000080002798] -> 0x3C23
mem[X,0x000000008000279A] -> 0x0083
[3718] [M]: 0x0000000080002798 (0x00833C23) sd x8, 0x18(x6)                         sv_Mtval+0
mem[W,0x000000008000A690] <- 0x00000000341494F1

mem[X,0x000000008000279C] -> 0x3483
mem[X,0x000000008000279E] -> 0x2181
[3719] [M]: 0x000000008000279C (0x21813483) ld x9, 0x218(x2)                        skp_Mtval+0
mem[R,0x0000000080005218] -> 0x000000008000A698
x9 <- 0x000000008000A698

clint mtime 0x0000000000000744 (mip.MTI <- 0b1, mip.STI <- 0b0)
mem[X,0x00000000800027A0] -> 0x3383
mem[X,0x00000000800027A2] -> 0x1F81
[3720] [M]: 0x00000000800027A0 (0x1F813383) ld x7, 0x1f8(x2)                        skp_Mtval+4
mem[R,0x00000000800051F8] -> 0x000000008000A110
x7 <- 0x000000008000A110

mem[X,0x00000000800027A4] -> 0x3303
mem[X,0x00000000800027A6] -> 0x2001
[3721] [M]: 0x00000000800027A4 (0x20013303) ld x6, 0x200(x2)                        skp_Mtval+8
mem[R,0x0000000080005200] -> 0x0000000000000610
x6 <- 0x0000000000000610

clint mtime 0x0000000000000745 (mip.MTI <- 0b1, mip.STI <- 0b0)
mem[X,0x00000000800027A8] -> 0x0333
mem[X,0x00000000800027AA] -> 0x0073
[3722] [M]: 0x00000000800027A8 (0x00730333) add x6, x6, x7                          skp_Mtval+12
x6 <- 0x000000008000A720

mem[X,0x00000000800027AC] -> 0x6AE3
mem[X,0x00000000800027AE] -> 0xAE93
[3723] [M]: 0x00000000800027AC (0xAE936AE3) bltu x6, x9, -0x50c                     skp_Mtval+16

clint mtime 0x0000000000000746 (mip.MTI <- 0b1, mip.STI <- 0b0)
mem[X,0x00000000800027B0] -> 0x0393
mem[X,0x00000000800027B2] -> 0x2000
[3724] [M]: 0x00000000800027B0 (0x20000393) addi x7, x0, 0x200                      skp_Mtval+20
x7 <- 0x0000000000000200

mem[X,0x00000000800027B4] -> 0x006F
mem[X,0x00000000800027B6] -> 0x0400
[3725] [M]: 0x00000000800027B4 (0x0400006F) jal x0, 0x40                            skp_Mtval+24

clint mtime 0x0000000000000747 (mip.MTI <- 0b1, mip.STI <- 0b0)
mem[X,0x00000000800027F4] -> 0x0417
mem[X,0x00000000800027F6] -> 0x0000
[3726] [M]: 0x00000000800027F4 (0x00000417) auipc x8, 0x0                           spcl_Mhandler+0
x8 <- 0x00000000800027F4

mem[X,0x00000000800027F8] -> 0x0413
mem[X,0x00000000800027FA] -> 0x03C4
[3727] [M]: 0x00000000800027F8 (0x03C40413) addi x8, x8, 0x3c                       spcl_Mhandler+4
x8 <- 0x0000000080002830

clint mtime 0x0000000000000748 (mip.MTI <- 0b1, mip.STI <- 0b0)
mem[X,0x00000000800027FC] -> 0x0433
mem[X,0x00000000800027FE] -> 0x0074
[3728] [M]: 0x00000000800027FC (0x00740433) add x8, x8, x7                          spcl_Mhandler+8
x8 <- 0x0000000080002A30

mem[X,0x0000000080002800] -> 0x1393
mem[X,0x0000000080002802] -> 0x0035
[3729] [M]: 0x0000000080002800 (0x00351393) slli x7, x10, 0x3                       spcl_Mhandler+12
x7 <- 0x0000000000000010

clint mtime 0x0000000000000749 (mip.MTI <- 0b1, mip.STI <- 0b0)
mem[X,0x0000000080002804] -> 0x0433
mem[X,0x0000000080002806] -> 0x0074
[3730] [M]: 0x0000000080002804 (0x00740433) add x8, x8, x7                          spcl_Mhandler+16
x8 <- 0x0000000080002A40

mem[X,0x0000000080002808] -> 0x7413
mem[X,0x000000008000280A] -> 0xFF84
[3731] [M]: 0x0000000080002808 (0xFF847413) andi x8, x8, -0x8                       spcl_Mhandler+20
x8 <- 0x0000000080002A40

clint mtime 0x000000000000074A (mip.MTI <- 0b1, mip.STI <- 0b0)
mem[X,0x000000008000280C] -> 0x3403
mem[X,0x000000008000280E] -> 0x0004
[3732] [M]: 0x000000008000280C (0x00043403) ld x8, 0x0(x8)                          spcl_Mhandler+24
mem[R,0x0000000080002A40] -> 0x0000000000000005
x8 <- 0x0000000000000005

mem[X,0x0000000080002810] -> 0x02E3
mem[X,0x0000000080002812] -> 0xB204
[3733] [M]: 0x0000000080002810 (0xB20402E3) beq x8, x0, -0x4dc                      spcl_Mdispatch_hndling+0

clint mtime 0x000000000000074B (mip.MTI <- 0b1, mip.STI <- 0b0)
mem[X,0x0000000080002814] -> 0x1393
mem[X,0x0000000080002816] -> 0x03F4
[3734] [M]: 0x0000000080002814 (0x03F41393) slli x7, x8, 0x3f                       spcl_Mdispatch_hndling+4
x7 <- 0x8000000000000000

mem[X,0x0000000080002818] -> 0xD863
mem[X,0x000000008000281A] -> 0x0003
[3735] [M]: 0x0000000080002818 (0x0003D863) bge x7, x0, 0x10                        spcl_Mdispatch_hndling+8

clint mtime 0x000000000000074C (mip.MTI <- 0b1, mip.STI <- 0b0)
mem[X,0x000000008000281C] -> 0x5413
mem[X,0x000000008000281E] -> 0x0014
[3736] [M]: 0x000000008000281C (0x00145413) srli x8, x8, 0x1                        spcl_Mdispatch_hndling+12
x8 <- 0x0000000000000002

mem[X,0x0000000080002820] -> 0x0CE3
mem[X,0x0000000080002822] -> 0xF885
[3737] [M]: 0x0000000080002820 (0xF8850CE3) beq x10, x8, -0x68                      spcl_Mdispatch_hndling+16

clint mtime 0x000000000000074D (mip.MTI <- 0b1, mip.STI <- 0b0)
mem[X,0x00000000800027B8] -> 0x3303
mem[X,0x00000000800027BA] -> 0x2601
[3738] [M]: 0x00000000800027B8 (0x26013303) ld x6, 0x260(x2)                        resto_Mrtn+0
mem[R,0x0000000080005260] -> 0xFFFFFFFF7FFFE04C
x6 <- 0xFFFFFFFF7FFFE04C

mem[X,0x00000000800027BC] -> 0x3383
mem[X,0x00000000800027BE] -> 0x2681
[3739] [M]: 0x00000000800027BC (0x26813383) ld x7, 0x268(x2)                        resto_Mrtn+4
mem[R,0x0000000080005268] -> 0x0000000080005000
x7 <- 0x0000000080005000

clint mtime 0x000000000000074E (mip.MTI <- 0b1, mip.STI <- 0b0)
mem[X,0x00000000800027C0] -> 0x3403
mem[X,0x00000000800027C2] -> 0x2701
[3740] [M]: 0x00000000800027C0 (0x27013403) ld x8, 0x270(x2)                        resto_Mrtn+8
mem[R,0x0000000080005270] -> 0x0000000000007F76
x8 <- 0x0000000000007F76

mem[X,0x00000000800027C4] -> 0x3483
mem[X,0x00000000800027C6] -> 0x2781
[3741] [M]: 0x00000000800027C4 (0x27813483) ld x9, 0x278(x2)                        resto_Mrtn+12
mem[R,0x0000000080005278] -> 0x000003000000023C
x9 <- 0x000003000000023C

clint mtime 0x000000000000074F (mip.MTI <- 0b1, mip.STI <- 0b0)
mem[X,0x00000000800027C8] -> 0x3503
mem[X,0x00000000800027CA] -> 0x2801
[3742] [M]: 0x00000000800027C8 (0x28013503) ld x10, 0x280(x2)                       resto_Mrtn+16
mem[R,0x0000000080005280] -> 0x00000000200003DF
x10 <- 0x00000000200003DF

mem[X,0x00000000800027CC] -> 0x3583
mem[X,0x00000000800027CE] -> 0x2881
[3743] [M]: 0x00000000800027CC (0x28813583) ld x11, 0x288(x2)                       resto_Mrtn+20
mem[R,0x0000000080005288] -> 0x00000000000003DF
x11 <- 0x00000000000003DF

clint mtime 0x0000000000000750 (mip.MTI <- 0b1, mip.STI <- 0b0)
mem[X,0x00000000800027D0] -> 0x3103
mem[X,0x00000000800027D2] -> 0x2901
[3744] [M]: 0x00000000800027D0 (0x29013103) ld x2, 0x290(x2)                        resto_Mrtn+24
mem[R,0x0000000080005290] -> 0x0000000000000000
x2 <- 0x0000000000000000

mem[X,0x00000000800027D4] -> 0x0073
mem[X,0x00000000800027D6] -> 0x3020
[3745] [M]: 0x00000000800027D4 (0x30200073) mret                                    resto_Mrtn+28
CSR mstatus (0x300) <- 0x0000000A00000080
ret-ing from M to U

clint mtime 0x0000000000000751 (mip.MTI <- 0b1, mip.STI <- 0b0)
PTW: Start, vpn=0x30080002, access_type=X, privilege=Umem[R,0x0000000080009030] -> 0x00000000000000DB
PTW: Step, level=3, pte=0xDB, pte_addr=0x80009030
PTW: Success, final_ppn=0x80002, level=3mem[X,0x0000000080002200] -> 0x07B7
PTW: Start, vpn=0x30080002, access_type=X, privilege=Umem[R,0x0000000080009030] -> 0x00000000000000DB
PTW: Step, level=3, pte=0xDB, pte_addr=0x80009030
PTW: Success, final_ppn=0x80002, level=3mem[X,0x0000000080002202] -> 0x0000
[3746] [U]: 0x0000030080002200 (0x000007B7) lui x15, 0x0                            va_rvtest_code_begin+6724
x15 <- 0x0000000000000000

PTW: Start, vpn=0x30080002, access_type=X, privilege=Umem[R,0x0000000080009030] -> 0x00000000000000DB
PTW: Step, level=3, pte=0xDB, pte_addr=0x80009030
PTW: Success, final_ppn=0x80002, level=3mem[X,0x0000000080002204] -> 0x8793
PTW: Start, vpn=0x30080002, access_type=X, privilege=Umem[R,0x0000000080009030] -> 0x00000000000000DB
PTW: Step, level=3, pte=0xDB, pte_addr=0x80009030
PTW: Success, final_ppn=0x80002, level=3mem[X,0x0000000080002206] -> 0x2807
[3747] [U]: 0x0000030080002204 (0x28078793) addi x15, x15, 0x280                    va_rvtest_code_begin+6728
x15 <- 0x0000000000000280

clint mtime 0x0000000000000752 (mip.MTI <- 0b1, mip.STI <- 0b0)
PTW: Start, vpn=0x30080002, access_type=X, privilege=Umem[R,0x0000000080009030] -> 0x00000000000000DB
PTW: Step, level=3, pte=0xDB, pte_addr=0x80009030
PTW: Success, final_ppn=0x80002, level=3mem[X,0x0000000080002208] -> 0x9793
PTW: Start, vpn=0x30080002, access_type=X, privilege=Umem[R,0x0000000080009030] -> 0x00000000000000DB
PTW: Step, level=3, pte=0xDB, pte_addr=0x80009030
PTW: Success, final_ppn=0x80002, level=3mem[X,0x000000008000220A] -> 0x00B7
[3748] [U]: 0x0000030080002208 (0x00B79793) slli x15, x15, 0xb                      va_rvtest_code_begin+6732
x15 <- 0x0000000000140000

PTW: Start, vpn=0x30080002, access_type=X, privilege=Umem[R,0x0000000080009030] -> 0x00000000000000DB
PTW: Step, level=3, pte=0xDB, pte_addr=0x80009030
PTW: Success, final_ppn=0x80002, level=3mem[X,0x000000008000220C] -> 0x8793
PTW: Start, vpn=0x30080002, access_type=X, privilege=Umem[R,0x0000000080009030] -> 0x00000000000000DB
PTW: Step, level=3, pte=0xDB, pte_addr=0x80009030
PTW: Success, final_ppn=0x80002, level=3mem[X,0x000000008000220E] -> 0x0007
[3749] [U]: 0x000003008000220C (0x00078793) addi x15, x15, 0x0                      va_rvtest_code_begin+6736
x15 <- 0x0000000000140000

clint mtime 0x0000000000000753 (mip.MTI <- 0b1, mip.STI <- 0b0)
PTW: Start, vpn=0x30080002, access_type=X, privilege=Umem[R,0x0000000080009030] -> 0x00000000000000DB
PTW: Step, level=3, pte=0xDB, pte_addr=0x80009030
PTW: Success, final_ppn=0x80002, level=3mem[X,0x0000000080002210] -> 0x9793
PTW: Start, vpn=0x30080002, access_type=X, privilege=Umem[R,0x0000000080009030] -> 0x00000000000000DB
PTW: Step, level=3, pte=0xDB, pte_addr=0x80009030
PTW: Success, final_ppn=0x80002, level=3mem[X,0x0000000080002212] -> 0x00B7
[3750] [U]: 0x0000030080002210 (0x00B79793) slli x15, x15, 0xb                      va_rvtest_code_begin+6740
x15 <- 0x00000000A0000000

PTW: Start, vpn=0x30080002, access_type=X, privilege=Umem[R,0x0000000080009030] -> 0x00000000000000DB
PTW: Step, level=3, pte=0xDB, pte_addr=0x80009030
PTW: Success, final_ppn=0x80002, level=3mem[X,0x0000000080002214] -> 0x8793
PTW: Start, vpn=0x30080002, access_type=X, privilege=Umem[R,0x0000000080009030] -> 0x00000000000000DB
PTW: Step, level=3, pte=0xDB, pte_addr=0x80009030
PTW: Success, final_ppn=0x80002, level=3mem[X,0x0000000080002216] -> 0x0017
[3751] [U]: 0x0000030080002214 (0x00178793) addi x15, x15, 0x1                      va_rvtest_code_begin+6744
x15 <- 0x00000000A0000001

clint mtime 0x0000000000000754 (mip.MTI <- 0b1, mip.STI <- 0b0)
PTW: Start, vpn=0x30080002, access_type=X, privilege=Umem[R,0x0000000080009030] -> 0x00000000000000DB
PTW: Step, level=3, pte=0xDB, pte_addr=0x80009030
PTW: Success, final_ppn=0x80002, level=3mem[X,0x0000000080002218] -> 0x9793
PTW: Start, vpn=0x30080002, access_type=X, privilege=Umem[R,0x0000000080009030] -> 0x00000000000000DB
PTW: Step, level=3, pte=0xDB, pte_addr=0x80009030
PTW: Success, final_ppn=0x80002, level=3mem[X,0x000000008000221A] -> 0x00A7
[3752] [U]: 0x0000030080002218 (0x00A79793) slli x15, x15, 0xa                      va_rvtest_code_begin+6748
x15 <- 0x0000028000000400

PTW: Start, vpn=0x30080002, access_type=X, privilege=Umem[R,0x0000000080009030] -> 0x00000000000000DB
PTW: Step, level=3, pte=0xDB, pte_addr=0x80009030
PTW: Success, final_ppn=0x80002, level=3mem[X,0x000000008000221C] -> 0x0613
PTW: Start, vpn=0x30080002, access_type=X, privilege=Umem[R,0x0000000080009030] -> 0x00000000000000DB
PTW: Step, level=3, pte=0xDB, pte_addr=0x80009030
PTW: Success, final_ppn=0x80002, level=3mem[X,0x000000008000221E] -> 0x0106
[3753] [U]: 0x000003008000221C (0x01060613) addi x12, x12, 0x10                     va_rvtest_code_begin+6752
x12 <- 0x00000000000000C0

clint mtime 0x0000000000000755 (mip.MTI <- 0b1, mip.STI <- 0b0)
PTW: Start, vpn=0x30080002, access_type=X, privilege=Umem[R,0x0000000080009030] -> 0x00000000000000DB
PTW: Step, level=3, pte=0xDB, pte_addr=0x80009030
PTW: Success, final_ppn=0x80002, level=3mem[X,0x0000000080002220] -> 0xAA23
PTW: Start, vpn=0x30080002, access_type=X, privilege=Umem[R,0x0000000080009030] -> 0x00000000000000DB
PTW: Step, level=3, pte=0xDB, pte_addr=0x80009030
PTW: Success, final_ppn=0x80002, level=3mem[X,0x0000000080002222] -> 0x00C7
[3754] [U]: 0x0000030080002220 (0x00C7AA23) sw x12, 0x14(x15)                       va_rvtest_code_begin+6756
PTW: Start, vpn=0x28000000, access_type=W, privilege=Umem[R,0x0000000080009028] -> 0x0000000020002001
PTW: Step, level=3, pte=0x20002001, pte_addr=0x80009028
PTW: Start, vpn=0x28000000, access_type=W, privilege=Umem[R,0x0000000080008000] -> 0x0000000020001C01
PTW: Step, level=2, pte=0x20001C01, pte_addr=0x80008000
PTW: Start, vpn=0x28000000, access_type=W, privilege=Umem[R,0x0000000080007000] -> 0x0000000020001801
PTW: Step, level=1, pte=0x20001801, pte_addr=0x80007000
PTW: Start, vpn=0x28000000, access_type=W, privilege=Umem[R,0x0000000080006000] -> 0x00000000200003DF
PTW: Step, level=0, pte=0x200003DF, pte_addr=0x80006000
PTW: Success, final_ppn=0x80000, level=0mem[W,0x0000000080000414] <- 0x000000C0

PTW: Start, vpn=0x30080002, access_type=X, privilege=Umem[R,0x0000000080009030] -> 0x00000000000000DB
PTW: Step, level=3, pte=0xDB, pte_addr=0x80009030
PTW: Success, final_ppn=0x80002, level=3mem[X,0x0000000080002224] -> 0x0013
PTW: Start, vpn=0x30080002, access_type=X, privilege=Umem[R,0x0000000080009030] -> 0x00000000000000DB
PTW: Step, level=3, pte=0xDB, pte_addr=0x80009030
PTW: Success, final_ppn=0x80002, level=3mem[X,0x0000000080002226] -> 0x0000
[3755] [U]: 0x0000030080002224 (0x00000013) addi x0, x0, 0x0                        va_rvtest_code_begin+6760

clint mtime 0x0000000000000756 (mip.MTI <- 0b1, mip.STI <- 0b0)
PTW: Start, vpn=0x30080002, access_type=X, privilege=Umem[R,0x0000000080009030] -> 0x00000000000000DB
PTW: Step, level=3, pte=0xDB, pte_addr=0x80009030
PTW: Success, final_ppn=0x80002, level=3mem[X,0x0000000080002228] -> 0xA703
PTW: Start, vpn=0x30080002, access_type=X, privilege=Umem[R,0x0000000080009030] -> 0x00000000000000DB
PTW: Step, level=3, pte=0xDB, pte_addr=0x80009030
PTW: Success, final_ppn=0x80002, level=3mem[X,0x000000008000222A] -> 0x0147
[3756] [U]: 0x0000030080002228 (0x0147A703) lw x14, 0x14(x15)                       va_rvtest_code_begin+6764
PTW: Start, vpn=0x28000000, access_type=R, privilege=Umem[R,0x0000000080009028] -> 0x0000000020002001
PTW: Step, level=3, pte=0x20002001, pte_addr=0x80009028
PTW: Start, vpn=0x28000000, access_type=R, privilege=Umem[R,0x0000000080008000] -> 0x0000000020001C01
PTW: Step, level=2, pte=0x20001C01, pte_addr=0x80008000
PTW: Start, vpn=0x28000000, access_type=R, privilege=Umem[R,0x0000000080007000] -> 0x0000000020001801
PTW: Step, level=1, pte=0x20001801, pte_addr=0x80007000
PTW: Start, vpn=0x28000000, access_type=R, privilege=Umem[R,0x0000000080006000] -> 0x00000000200003DF
PTW: Step, level=0, pte=0x200003DF, pte_addr=0x80006000
PTW: Success, final_ppn=0x80000, level=0mem[R,0x0000000080000414] -> 0x000000C0
x14 <- 0x00000000000000C0

PTW: Start, vpn=0x30080002, access_type=X, privilege=Umem[R,0x0000000080009030] -> 0x00000000000000DB
PTW: Step, level=3, pte=0xDB, pte_addr=0x80009030
PTW: Success, final_ppn=0x80002, level=3mem[X,0x000000008000222C] -> 0x0013
PTW: Start, vpn=0x30080002, access_type=X, privilege=Umem[R,0x0000000080009030] -> 0x00000000000000DB
PTW: Step, level=3, pte=0xDB, pte_addr=0x80009030
PTW: Success, final_ppn=0x80002, level=3mem[X,0x000000008000222E] -> 0x0000
[3757] [U]: 0x000003008000222C (0x00000013) addi x0, x0, 0x0                        va_rvtest_code_begin+6768

clint mtime 0x0000000000000757 (mip.MTI <- 0b1, mip.STI <- 0b0)
PTW: Start, vpn=0x30080002, access_type=X, privilege=Umem[R,0x0000000080009030] -> 0x00000000000000DB
PTW: Step, level=3, pte=0xDB, pte_addr=0x80009030
PTW: Success, final_ppn=0x80002, level=3mem[X,0x0000000080002230] -> 0x51B7
PTW: Start, vpn=0x30080002, access_type=X, privilege=Umem[R,0x0000000080009030] -> 0x00000000000000DB
PTW: Step, level=3, pte=0xDB, pte_addr=0x80009030
PTW: Success, final_ppn=0x80002, level=3mem[X,0x0000000080002232] -> 0x0000
[3758] [U]: 0x0000030080002230 (0x000051B7) lui x3, 0x5                             va_rvtest_code_begin+6772
x3 <- 0x0000000000005000

PTW: Start, vpn=0x30080002, access_type=X, privilege=Umem[R,0x0000000080009030] -> 0x00000000000000DB
PTW: Step, level=3, pte=0xDB, pte_addr=0x80009030
PTW: Success, final_ppn=0x80002, level=3mem[X,0x0000000080002234] -> 0x8193
PTW: Start, vpn=0x30080002, access_type=X, privilege=Umem[R,0x0000000080009030] -> 0x00000000000000DB
PTW: Step, level=3, pte=0xDB, pte_addr=0x80009030
PTW: Success, final_ppn=0x80002, level=3mem[X,0x0000000080002236] -> 0x6671
[3759] [U]: 0x0000030080002234 (0x66718193) addi x3, x3, 0x667                      va_rvtest_code_begin+6776
x3 <- 0x0000000000005667

clint mtime 0x0000000000000758 (mip.MTI <- 0b1, mip.STI <- 0b0)
PTW: Start, vpn=0x30080002, access_type=X, privilege=Umem[R,0x0000000080009030] -> 0x00000000000000DB
PTW: Step, level=3, pte=0xDB, pte_addr=0x80009030
PTW: Success, final_ppn=0x80002, level=3mem[X,0x0000000080002238] -> 0x9193
PTW: Start, vpn=0x30080002, access_type=X, privilege=Umem[R,0x0000000080009030] -> 0x00000000000000DB
PTW: Step, level=3, pte=0xDB, pte_addr=0x80009030
PTW: Success, final_ppn=0x80002, level=3mem[X,0x000000008000223A] -> 0x0011
[3760] [U]: 0x0000030080002238 (0x00119193) slli x3, x3, 0x1                        va_rvtest_code_begin+6780
x3 <- 0x000000000000ACCE

PTW: Start, vpn=0x30080002, access_type=X, privilege=Umem[R,0x0000000080009030] -> 0x00000000000000DB
PTW: Step, level=3, pte=0xDB, pte_addr=0x80009030
PTW: Success, final_ppn=0x80002, level=3mem[X,0x000000008000223C] -> 0x0013
PTW: Start, vpn=0x30080002, access_type=X, privilege=Umem[R,0x0000000080009030] -> 0x00000000000000DB
PTW: Step, level=3, pte=0xDB, pte_addr=0x80009030
PTW: Success, final_ppn=0x80002, level=3mem[X,0x000000008000223E] -> 0x0000
[3761] [U]: 0x000003008000223C (0x00000013) addi x0, x0, 0x0                        va_rvtest_code_begin+6784

clint mtime 0x0000000000000759 (mip.MTI <- 0b1, mip.STI <- 0b0)
PTW: Start, vpn=0x30080002, access_type=X, privilege=Umem[R,0x0000000080009030] -> 0x00000000000000DB
PTW: Step, level=3, pte=0xDB, pte_addr=0x80009030
PTW: Success, final_ppn=0x80002, level=3mem[X,0x0000000080002240] -> 0x0217
PTW: Start, vpn=0x30080002, access_type=X, privilege=Umem[R,0x0000000080009030] -> 0x00000000000000DB
PTW: Step, level=3, pte=0xDB, pte_addr=0x80009030
PTW: Success, final_ppn=0x80002, level=3mem[X,0x0000000080002242] -> 0x0000
[3762] [U]: 0x0000030080002240 (0x00000217) auipc x4, 0x0                           va_rvtest_code_begin+6788
x4 <- 0x0000030080002240

PTW: Start, vpn=0x30080002, access_type=X, privilege=Umem[R,0x0000000080009030] -> 0x00000000000000DB
PTW: Step, level=3, pte=0xDB, pte_addr=0x80009030
PTW: Success, final_ppn=0x80002, level=3mem[X,0x0000000080002244] -> 0x0213
PTW: Start, vpn=0x30080002, access_type=X, privilege=Umem[R,0x0000000080009030] -> 0x00000000000000DB
PTW: Step, level=3, pte=0xDB, pte_addr=0x80009030
PTW: Success, final_ppn=0x80002, level=3mem[X,0x0000000080002246] -> 0x02C2
[3763] [U]: 0x0000030080002244 (0x02C20213) addi x4, x4, 0x2c                       va_rvtest_code_begin+6792
x4 <- 0x000003008000226C

clint mtime 0x000000000000075A (mip.MTI <- 0b1, mip.STI <- 0b0)
PTW: Start, vpn=0x30080002, access_type=X, privilege=Umem[R,0x0000000080009030] -> 0x00000000000000DB
PTW: Step, level=3, pte=0xDB, pte_addr=0x80009030
PTW: Success, final_ppn=0x80002, level=3mem[X,0x0000000080002248] -> 0x0001
[3764] [U]: 0x0000030080002248 (0x0001) c.nop                                       va_rvtest_code_begin+6796

PTW: Start, vpn=0x30080002, access_type=X, privilege=Umem[R,0x0000000080009030] -> 0x00000000000000DB
PTW: Step, level=3, pte=0xDB, pte_addr=0x80009030
PTW: Success, final_ppn=0x80002, level=3mem[X,0x000000008000224A] -> 0x0013
PTW: Start, vpn=0x30080002, access_type=X, privilege=Umem[R,0x0000000080009030] -> 0x00000000000000DB
PTW: Step, level=3, pte=0xDB, pte_addr=0x80009030
PTW: Success, final_ppn=0x80002, level=3mem[X,0x000000008000224C] -> 0x0000
[3765] [U]: 0x000003008000224A (0x00000013) addi x0, x0, 0x0                        va_rvtest_code_begin+6798

clint mtime 0x000000000000075B (mip.MTI <- 0b1, mip.STI <- 0b0)
PTW: Start, vpn=0x30080002, access_type=X, privilege=Umem[R,0x0000000080009030] -> 0x00000000000000DB
PTW: Step, level=3, pte=0xDB, pte_addr=0x80009030
PTW: Success, final_ppn=0x80002, level=3mem[X,0x000000008000224E] -> 0x0013
PTW: Start, vpn=0x30080002, access_type=X, privilege=Umem[R,0x0000000080009030] -> 0x00000000000000DB
PTW: Step, level=3, pte=0xDB, pte_addr=0x80009030
PTW: Success, final_ppn=0x80002, level=3mem[X,0x0000000080002250] -> 0x0000
[3766] [U]: 0x000003008000224E (0x00000013) addi x0, x0, 0x0                        va_rvtest_code_begin+6802

PTW: Start, vpn=0x30080002, access_type=X, privilege=Umem[R,0x0000000080009030] -> 0x00000000000000DB
PTW: Step, level=3, pte=0xDB, pte_addr=0x80009030
PTW: Success, final_ppn=0x80002, level=3mem[X,0x0000000080002252] -> 0x0013
PTW: Start, vpn=0x30080002, access_type=X, privilege=Umem[R,0x0000000080009030] -> 0x00000000000000DB
PTW: Step, level=3, pte=0xDB, pte_addr=0x80009030
PTW: Success, final_ppn=0x80002, level=3mem[X,0x0000000080002254] -> 0x0000
[3767] [U]: 0x0000030080002252 (0x00000013) addi x0, x0, 0x0                        va_rvtest_code_begin+6806

clint mtime 0x000000000000075C (mip.MTI <- 0b1, mip.STI <- 0b0)
PTW: Start, vpn=0x30080002, access_type=X, privilege=Umem[R,0x0000000080009030] -> 0x00000000000000DB
PTW: Step, level=3, pte=0xDB, pte_addr=0x80009030
PTW: Success, final_ppn=0x80002, level=3mem[X,0x0000000080002256] -> 0x0013
PTW: Start, vpn=0x30080002, access_type=X, privilege=Umem[R,0x0000000080009030] -> 0x00000000000000DB
PTW: Step, level=3, pte=0xDB, pte_addr=0x80009030
PTW: Success, final_ppn=0x80002, level=3mem[X,0x0000000080002258] -> 0x0000
[3768] [U]: 0x0000030080002256 (0x00000013) addi x0, x0, 0x0                        va_rvtest_code_begin+6810

PTW: Start, vpn=0x30080002, access_type=X, privilege=Umem[R,0x0000000080009030] -> 0x00000000000000DB
PTW: Step, level=3, pte=0xDB, pte_addr=0x80009030
PTW: Success, final_ppn=0x80002, level=3mem[X,0x000000008000225A] -> 0x0013
PTW: Start, vpn=0x30080002, access_type=X, privilege=Umem[R,0x0000000080009030] -> 0x00000000000000DB
PTW: Step, level=3, pte=0xDB, pte_addr=0x80009030
PTW: Success, final_ppn=0x80002, level=3mem[X,0x000000008000225C] -> 0x0000
[3769] [U]: 0x000003008000225A (0x00000013) addi x0, x0, 0x0                        va_rvtest_code_begin+6814

clint mtime 0x000000000000075D (mip.MTI <- 0b1, mip.STI <- 0b0)
PTW: Start, vpn=0x30080002, access_type=X, privilege=Umem[R,0x0000000080009030] -> 0x00000000000000DB
PTW: Step, level=3, pte=0xDB, pte_addr=0x80009030
PTW: Success, final_ppn=0x80002, level=3mem[X,0x000000008000225E] -> 0x0001
[3770] [U]: 0x000003008000225E (0x0001) c.nop                                       va_rvtest_code_begin+6818

PTW: Start, vpn=0x30080002, access_type=X, privilege=Umem[R,0x0000000080009030] -> 0x00000000000000DB
PTW: Step, level=3, pte=0xDB, pte_addr=0x80009030
PTW: Success, final_ppn=0x80002, level=3mem[X,0x0000000080002260] -> 0x80E7
PTW: Start, vpn=0x30080002, access_type=X, privilege=Umem[R,0x0000000080009030] -> 0x00000000000000DB
PTW: Step, level=3, pte=0xDB, pte_addr=0x80009030
PTW: Success, final_ppn=0x80002, level=3mem[X,0x0000000080002262] -> 0x0007
[3771] [U]: 0x0000030080002260 (0x000780E7) jalr x1, 0x0(x15)                       va_rvtest_code_begin+6820
x1 <- 0x0000030080002264

clint mtime 0x000000000000075E (mip.MTI <- 0b1, mip.STI <- 0b0)
PTW: Start, vpn=0x28000000, access_type=X, privilege=Umem[R,0x0000000080009028] -> 0x0000000020002001
PTW: Step, level=3, pte=0x20002001, pte_addr=0x80009028
PTW: Start, vpn=0x28000000, access_type=X, privilege=Umem[R,0x0000000080008000] -> 0x0000000020001C01
PTW: Step, level=2, pte=0x20001C01, pte_addr=0x80008000
PTW: Start, vpn=0x28000000, access_type=X, privilege=Umem[R,0x0000000080007000] -> 0x0000000020001801
PTW: Step, level=1, pte=0x20001801, pte_addr=0x80007000
PTW: Start, vpn=0x28000000, access_type=X, privilege=Umem[R,0x0000000080006000] -> 0x00000000200003DF
PTW: Step, level=0, pte=0x200003DF, pte_addr=0x80006000
PTW: Success, final_ppn=0x80000, level=0mem[X,0x0000000080000400] -> 0x0013
mem[X,0x0000000080000402] -> 0x0000
[3772] [U]: 0x0000028000000400 (0x00000013) addi x0, x0, 0x0                        va_data+0

mem[X,0x0000000080000404] -> 0x8093
mem[X,0x0000000080000406] -> 0x0080
[3773] [U]: 0x0000028000000404 (0x00808093) addi x1, x1, 0x8                        va_data+4
x1 <- 0x000003008000226C

clint mtime 0x000000000000075F (mip.MTI <- 0b1, mip.STI <- 0b0)
mem[X,0x0000000080000408] -> 0x8067
mem[X,0x000000008000040A] -> 0x0000
[3774] [U]: 0x0000028000000408 (0x00008067) jalr x0, 0x0(x1)                        va_data+8

PTW: Start, vpn=0x30080002, access_type=X, privilege=Umem[R,0x0000000080009030] -> 0x00000000000000DB
PTW: Step, level=3, pte=0xDB, pte_addr=0x80009030
PTW: Success, final_ppn=0x80002, level=3mem[X,0x000000008000226C] -> 0x0013
PTW: Start, vpn=0x30080002, access_type=X, privilege=Umem[R,0x0000000080009030] -> 0x00000000000000DB
PTW: Step, level=3, pte=0xDB, pte_addr=0x80009030
PTW: Success, final_ppn=0x80002, level=3mem[X,0x000000008000226E] -> 0x0000
[3775] [U]: 0x000003008000226C (0x00000013) addi x0, x0, 0x0                        va_rvtest_code_begin+6832

clint mtime 0x0000000000000760 (mip.MTI <- 0b1, mip.STI <- 0b0)
PTW: Start, vpn=0x30080002, access_type=X, privilege=Umem[R,0x0000000080009030] -> 0x00000000000000DB
PTW: Step, level=3, pte=0xDB, pte_addr=0x80009030
PTW: Success, final_ppn=0x80002, level=3mem[X,0x0000000080002270] -> 0x0013
PTW: Start, vpn=0x30080002, access_type=X, privilege=Umem[R,0x0000000080009030] -> 0x00000000000000DB
PTW: Step, level=3, pte=0xDB, pte_addr=0x80009030
PTW: Success, final_ppn=0x80002, level=3mem[X,0x0000000080002272] -> 0x0000
[3776] [U]: 0x0000030080002270 (0x00000013) addi x0, x0, 0x0                        va_rvtest_code_begin+6836

PTW: Start, vpn=0x30080002, access_type=X, privilege=Umem[R,0x0000000080009030] -> 0x00000000000000DB
PTW: Step, level=3, pte=0xDB, pte_addr=0x80009030
PTW: Success, final_ppn=0x80002, level=3mem[X,0x0000000080002274] -> 0x0013
PTW: Start, vpn=0x30080002, access_type=X, privilege=Umem[R,0x0000000080009030] -> 0x00000000000000DB
PTW: Step, level=3, pte=0xDB, pte_addr=0x80009030
PTW: Success, final_ppn=0x80002, level=3mem[X,0x0000000080002276] -> 0x0000
[3777] [U]: 0x0000030080002274 (0x00000013) addi x0, x0, 0x0                        va_rvtest_code_begin+6840

clint mtime 0x0000000000000761 (mip.MTI <- 0b1, mip.STI <- 0b0)
PTW: Start, vpn=0x30080002, access_type=X, privilege=Umem[R,0x0000000080009030] -> 0x00000000000000DB
PTW: Step, level=3, pte=0xDB, pte_addr=0x80009030
PTW: Success, final_ppn=0x80002, level=3mem[X,0x0000000080002278] -> 0x0113
PTW: Start, vpn=0x30080002, access_type=X, privilege=Umem[R,0x0000000080009030] -> 0x00000000000000DB
PTW: Step, level=3, pte=0xDB, pte_addr=0x80009030
PTW: Success, final_ppn=0x80002, level=3mem[X,0x000000008000227A] -> 0x0000
[3778] [U]: 0x0000030080002278 (0x00000113) addi x2, x0, 0x0                        va_rvtest_code_begin+6844
x2 <- 0x0000000000000000

PTW: Start, vpn=0x30080002, access_type=X, privilege=Umem[R,0x0000000080009030] -> 0x00000000000000DB
PTW: Step, level=3, pte=0xDB, pte_addr=0x80009030
PTW: Success, final_ppn=0x80002, level=3mem[X,0x000000008000227C] -> 0x0073
PTW: Start, vpn=0x30080002, access_type=X, privilege=Umem[R,0x0000000080009030] -> 0x00000000000000DB
PTW: Step, level=3, pte=0xDB, pte_addr=0x80009030
PTW: Success, final_ppn=0x80002, level=3mem[X,0x000000008000227E] -> 0x0000
[3779] [U]: 0x000003008000227C (0x00000073) ecall                                   va_rvtest_code_begin+6848
trapping from U to M to handle u-call
handling exc#u-call at priv M with tval 0x0000000000000000
CSR mstatus (0x300) <- 0x0000000A00000000
CSR mcause (0x342) <- 0x0000000000000008
CSR mtval (0x343) <- 0x0000000000000000
CSR mepc (0x341) <- 0x000003008000227C

clint mtime 0x0000000000000762 (mip.MTI <- 0b1, mip.STI <- 0b0)
mem[X,0x0000000080002380] -> 0x006F
mem[X,0x0000000080002382] -> 0x1000
[3780] [M]: 0x0000000080002380 (0x1000006F) jal x0, 0x100                           Mtrampoline+0

mem[X,0x0000000080002480] -> 0x1173
mem[X,0x0000000080002482] -> 0x3401
[3781] [M]: 0x0000000080002480 (0x34011173) csrrw x2, mscratch, x2                  trap_Mhandler+0
CSR mscratch (0x340) <- 0x0000000000000000
x2 <- 0x0000000080005000

clint mtime 0x0000000000000763 (mip.MTI <- 0b1, mip.STI <- 0b0)
mem[X,0x0000000080002484] -> 0x3423
mem[X,0x0000000080002486] -> 0x28B1
[3782] [M]: 0x0000000080002484 (0x28B13423) sd x11, 0x288(x2)                       trap_Mhandler+4
mem[W,0x0000000080005288] <- 0x00000000000003DF

mem[X,0x0000000080002488] -> 0x05EF
mem[X,0x000000008000248A] -> 0x0B80
[3783] [M]: 0x0000000080002488 (0x0B8005EF) jal x11, 0xb8                           trap_Mhandler+8
x11 <- 0x000000008000248C

clint mtime 0x0000000000000764 (mip.MTI <- 0b1, mip.STI <- 0b0)
mem[X,0x0000000080002540] -> 0x3023
mem[X,0x0000000080002542] -> 0x28A1
[3784] [M]: 0x0000000080002540 (0x28A13023) sd x10, 0x280(x2)                       common_Mhandler+0
mem[W,0x0000000080005280] <- 0x00000000200003DF

mem[X,0x0000000080002544] -> 0x1573
mem[X,0x0000000080002546] -> 0x3401
[3785] [M]: 0x0000000080002544 (0x34011573) csrrw x10, mscratch, x2                 common_Mhandler+4
CSR mscratch (0x340) <- 0x0000000080005000
x10 <- 0x0000000000000000

clint mtime 0x0000000000000765 (mip.MTI <- 0b1, mip.STI <- 0b0)
mem[X,0x0000000080002548] -> 0x3823
mem[X,0x000000008000254A] -> 0x28A1
[3786] [M]: 0x0000000080002548 (0x28A13823) sd x10, 0x290(x2)                       common_Mhandler+8
mem[W,0x0000000080005290] <- 0x0000000000000000

mem[X,0x000000008000254C] -> 0x3503
mem[X,0x000000008000254E] -> 0x2301
[3787] [M]: 0x000000008000254C (0x23013503) ld x10, 0x230(x2)                       common_Mhandler+12
mem[R,0x0000000080005230] -> 0x0000000080002554
x10 <- 0x0000000080002554

clint mtime 0x0000000000000766 (mip.MTI <- 0b1, mip.STI <- 0b0)
mem[X,0x0000000080002550] -> 0x0067
mem[X,0x0000000080002552] -> 0x0005
[3788] [M]: 0x0000000080002550 (0x00050067) jalr x0, 0x0(x10)                       common_Mhandler+16

mem[X,0x0000000080002554] -> 0x3C23
mem[X,0x0000000080002556] -> 0x2691
[3789] [M]: 0x0000000080002554 (0x26913C23) sd x9, 0x278(x2)                        common_Mentry+0
mem[W,0x0000000080005278] <- 0x000003000000023C

clint mtime 0x0000000000000767 (mip.MTI <- 0b1, mip.STI <- 0b0)
mem[X,0x0000000080002558] -> 0x3823
mem[X,0x000000008000255A] -> 0x2681
[3790] [M]: 0x0000000080002558 (0x26813823) sd x8, 0x270(x2)                        common_Mentry+4
mem[W,0x0000000080005270] <- 0x0000000000007F76

mem[X,0x000000008000255C] -> 0x3423
mem[X,0x000000008000255E] -> 0x2671
[3791] [M]: 0x000000008000255C (0x26713423) sd x7, 0x268(x2)                        common_Mentry+8
mem[W,0x0000000080005268] <- 0x0000000080005000

clint mtime 0x0000000000000768 (mip.MTI <- 0b1, mip.STI <- 0b0)
mem[X,0x0000000080002560] -> 0x3023
mem[X,0x0000000080002562] -> 0x2661
[3792] [M]: 0x0000000080002560 (0x26613023) sd x6, 0x260(x2)                        common_Mentry+12
mem[W,0x0000000080005260] <- 0xFFFFFFFF7FFFE04C

mem[X,0x0000000080002564] -> 0x2573
mem[X,0x0000000080002566] -> 0x3420
[3793] [M]: 0x0000000080002564 (0x34202573) csrrs x10, mcause, x0                   spcl_M2mmode_test+0
CSR mcause (0x342) -> 0x0000000000000008
x10 <- 0x0000000000000008

clint mtime 0x0000000000000769 (mip.MTI <- 0b1, mip.STI <- 0b0)
mem[X,0x0000000080002568] -> 0x04B7
mem[X,0x000000008000256A] -> 0x8000
[3794] [M]: 0x0000000080002568 (0x800004B7) lui x9, -0x80000                        spcl_M2mmode_test+4
x9 <- 0xFFFFFFFF80000000

mem[X,0x000000008000256C] -> 0x8493
mem[X,0x000000008000256E] -> 0x0004
[3795] [M]: 0x000000008000256C (0x00048493) addi x9, x9, 0x0                        spcl_M2mmode_test+8
x9 <- 0xFFFFFFFF80000000

clint mtime 0x000000000000076A (mip.MTI <- 0b1, mip.STI <- 0b0)
mem[X,0x0000000080002570] -> 0x9493
mem[X,0x0000000080002572] -> 0x00B4
[3796] [M]: 0x0000000080002570 (0x00B49493) slli x9, x9, 0xb                        spcl_M2mmode_test+12
x9 <- 0xFFFFFC0000000000

mem[X,0x0000000080002574] -> 0x8493
mem[X,0x0000000080002576] -> 0x0004
[3797] [M]: 0x0000000080002574 (0x00048493) addi x9, x9, 0x0                        spcl_M2mmode_test+16
x9 <- 0xFFFFFC0000000000

clint mtime 0x000000000000076B (mip.MTI <- 0b1, mip.STI <- 0b0)
mem[X,0x0000000080002578] -> 0x9493
mem[X,0x000000008000257A] -> 0x00B4
[3798] [M]: 0x0000000080002578 (0x00B49493) slli x9, x9, 0xb                        spcl_M2mmode_test+20
x9 <- 0xFFE0000000000000

mem[X,0x000000008000257C] -> 0x8493
mem[X,0x000000008000257E] -> 0x0034
[3799] [M]: 0x000000008000257C (0x00348493) addi x9, x9, 0x3                        spcl_M2mmode_test+24
x9 <- 0xFFE0000000000003

clint mtime 0x000000000000076C (mip.MTI <- 0b1, mip.STI <- 0b0)
mem[X,0x0000000080002580] -> 0x9493
mem[X,0x0000000080002582] -> 0x00A4
[3800] [M]: 0x0000000080002580 (0x00A49493) slli x9, x9, 0xa                        spcl_M2mmode_test+28
x9 <- 0x8000000000000C00

mem[X,0x0000000080002584] -> 0x8493
mem[X,0x0000000080002586] -> 0x3FC4
[3801] [M]: 0x0000000080002584 (0x3FC48493) addi x9, x9, 0x3fc                      spcl_M2mmode_test+32
x9 <- 0x8000000000000FFC

clint mtime 0x000000000000076D (mip.MTI <- 0b1, mip.STI <- 0b0)
mem[X,0x0000000080002588] -> 0xF4B3
mem[X,0x000000008000258A] -> 0x00A4
[3802] [M]: 0x0000000080002588 (0x00A4F4B3) and x9, x9, x10                         spcl_M2mmode_test+36
x9 <- 0x0000000000000008

mem[X,0x000000008000258C] -> 0x8493
mem[X,0x000000008000258E] -> 0xFF84
[3803] [M]: 0x000000008000258C (0xFF848493) addi x9, x9, -0x8                       spcl_M2mmode_test+40
x9 <- 0x0000000000000000

clint mtime 0x000000000000076E (mip.MTI <- 0b1, mip.STI <- 0b0)
mem[X,0x0000000080002590] -> 0x9663
mem[X,0x0000000080002592] -> 0x0004
[3804] [M]: 0x0000000080002590 (0x00049663) bne x9, x0, 0xc                         spcl_M2mmode_test+44

mem[X,0x0000000080002594] -> 0x3383
mem[X,0x0000000080002596] -> 0x2901
[3805] [M]: 0x0000000080002594 (0x29013383) ld x7, 0x290(x2)                        spcl_M2mmode_test+48
mem[R,0x0000000080005290] -> 0x0000000000000000
x7 <- 0x0000000000000000

clint mtime 0x000000000000076F (mip.MTI <- 0b1, mip.STI <- 0b0)
mem[X,0x0000000080002598] -> 0x8663
mem[X,0x000000008000259A] -> 0x6E03
[3806] [M]: 0x0000000080002598 (0x6E038663) beq x7, x0, 0x6ec                       spcl_M2mmode_test+52

mem[X,0x0000000080002C84] -> 0x0493
mem[X,0x0000000080002C86] -> 0xFF55
[3807] [M]: 0x0000000080002C84 (0xFF550493) addi x9, x10, -0xb                      rtn2mmode+0
x9 <- 0xFFFFFFFFFFFFFFFD

clint mtime 0x0000000000000770 (mip.MTI <- 0b1, mip.STI <- 0b0)
mem[X,0x0000000080002C88] -> 0x8C63
mem[X,0x0000000080002C8A] -> 0x0004
[3808] [M]: 0x0000000080002C88 (0x00048C63) beq x9, x0, 0x18                        rtn2mmode+4

mem[X,0x0000000080002C8C] -> 0x3583
mem[X,0x0000000080002C8E] -> 0x4701
[3809] [M]: 0x0000000080002C8C (0x47013583) ld x11, 0x470(x2)                       rtn2mmode+8
mem[R,0x0000000080005470] -> 0x00000300800007BC
x11 <- 0x00000300800007BC

clint mtime 0x0000000000000771 (mip.MTI <- 0b1, mip.STI <- 0b0)
mem[X,0x0000000080002C90] -> 0xD463
mem[X,0x0000000080002C92] -> 0x0003
[3810] [M]: 0x0000000080002C90 (0x0003D463) bge x7, x0, 0x8                         rtn2mmode+12

mem[X,0x0000000080002C98] -> 0x3483
mem[X,0x0000000080002C9A] -> 0x1D81
[3811] [M]: 0x0000000080002C98 (0x1D813483) ld x9, 0x1d8(x2)                        from_u_s+0
mem[R,0x00000000800051D8] -> 0x00000000800007D4
x9 <- 0x00000000800007D4

clint mtime 0x0000000000000772 (mip.MTI <- 0b1, mip.STI <- 0b0)
mem[X,0x0000000080002C9C] -> 0x84B3
mem[X,0x0000000080002C9E] -> 0x40B4
[3812] [M]: 0x0000000080002C9C (0x40B484B3) sub x9, x9, x11                         from_u_s+4
x9 <- 0xFFFFFD0000000018

mem[X,0x0000000080002CA0] -> 0x23F3
mem[X,0x0000000080002CA2] -> 0x3410
[3813] [M]: 0x0000000080002CA0 (0x341023F3) csrrs x7, mepc, x0                      rtn_fm_mmode+0
CSR mepc (0x341) -> 0x000003008000227C
x7 <- 0x000003008000227C

clint mtime 0x0000000000000773 (mip.MTI <- 0b1, mip.STI <- 0b0)
mem[X,0x0000000080002CA4] -> 0x83B3
mem[X,0x0000000080002CA6] -> 0x0093
[3814] [M]: 0x0000000080002CA4 (0x009383B3) add x7, x7, x9                          rtn_fm_mmode+4
x7 <- 0x0000000080002294

mem[X,0x0000000080002CA8] -> 0x3303
mem[X,0x0000000080002CAA] -> 0x2601
[3815] [M]: 0x0000000080002CA8 (0x26013303) ld x6, 0x260(x2)                        rtn_fm_mmode+8
mem[R,0x0000000080005260] -> 0xFFFFFFFF7FFFE04C
x6 <- 0xFFFFFFFF7FFFE04C

clint mtime 0x0000000000000774 (mip.MTI <- 0b1, mip.STI <- 0b0)
mem[X,0x0000000080002CAC] -> 0x3403
mem[X,0x0000000080002CAE] -> 0x2701
[3816] [M]: 0x0000000080002CAC (0x27013403) ld x8, 0x270(x2)                        rtn_fm_mmode+12
mem[R,0x0000000080005270] -> 0x0000000000007F76
x8 <- 0x0000000000007F76

mem[X,0x0000000080002CB0] -> 0x3483
mem[X,0x0000000080002CB2] -> 0x2781
[3817] [M]: 0x0000000080002CB0 (0x27813483) ld x9, 0x278(x2)                        rtn_fm_mmode+16
mem[R,0x0000000080005278] -> 0x000003000000023C
x9 <- 0x000003000000023C

clint mtime 0x0000000000000775 (mip.MTI <- 0b1, mip.STI <- 0b0)
mem[X,0x0000000080002CB4] -> 0x3503
mem[X,0x0000000080002CB6] -> 0x2801
[3818] [M]: 0x0000000080002CB4 (0x28013503) ld x10, 0x280(x2)                       rtn_fm_mmode+20
mem[R,0x0000000080005280] -> 0x00000000200003DF
x10 <- 0x00000000200003DF

mem[X,0x0000000080002CB8] -> 0x3583
mem[X,0x0000000080002CBA] -> 0x2881
[3819] [M]: 0x0000000080002CB8 (0x28813583) ld x11, 0x288(x2)                       rtn_fm_mmode+24
mem[R,0x0000000080005288] -> 0x00000000000003DF
x11 <- 0x00000000000003DF

clint mtime 0x0000000000000776 (mip.MTI <- 0b1, mip.STI <- 0b0)
mem[X,0x0000000080002CBC] -> 0x3103
mem[X,0x0000000080002CBE] -> 0x2901
[3820] [M]: 0x0000000080002CBC (0x29013103) ld x2, 0x290(x2)                        rtn_fm_mmode+28
mem[R,0x0000000080005290] -> 0x0000000000000000
x2 <- 0x0000000000000000

mem[X,0x0000000080002CC0] -> 0x8067
mem[X,0x0000000080002CC2] -> 0x0043
[3821] [M]: 0x0000000080002CC0 (0x00438067) jalr x0, 0x4(x7)                        rtn_fm_mmode+32

clint mtime 0x0000000000000777 (mip.MTI <- 0b1, mip.STI <- 0b0)
mem[X,0x0000000080002298] -> 0x0113
mem[X,0x000000008000229A] -> 0x0000
[3822] [M]: 0x0000000080002298 (0x00000113) addi x2, x0, 0x0                        rvtest_code_end+0
x2 <- 0x0000000000000000

mem[X,0x000000008000229C] -> 0x0073
mem[X,0x000000008000229E] -> 0x0000
[3823] [M]: 0x000000008000229C (0x00000073) ecall                                   rvtest_code_end+4
trapping from M to M to handle m-call
handling exc#m-call at priv M with tval 0x0000000000000000
CSR mstatus (0x300) <- 0x0000000A00001800
CSR mcause (0x342) <- 0x000000000000000B
CSR mtval (0x343) <- 0x0000000000000000
CSR mepc (0x341) <- 0x000000008000229C

clint mtime 0x0000000000000778 (mip.MTI <- 0b1, mip.STI <- 0b0)
mem[X,0x0000000080002380] -> 0x006F
mem[X,0x0000000080002382] -> 0x1000
[3824] [M]: 0x0000000080002380 (0x1000006F) jal x0, 0x100                           Mtrampoline+0

mem[X,0x0000000080002480] -> 0x1173
mem[X,0x0000000080002482] -> 0x3401
[3825] [M]: 0x0000000080002480 (0x34011173) csrrw x2, mscratch, x2                  trap_Mhandler+0
CSR mscratch (0x340) <- 0x0000000000000000
x2 <- 0x0000000080005000

clint mtime 0x0000000000000779 (mip.MTI <- 0b1, mip.STI <- 0b0)
mem[X,0x0000000080002484] -> 0x3423
mem[X,0x0000000080002486] -> 0x28B1
[3826] [M]: 0x0000000080002484 (0x28B13423) sd x11, 0x288(x2)                       trap_Mhandler+4
mem[W,0x0000000080005288] <- 0x00000000000003DF

mem[X,0x0000000080002488] -> 0x05EF
mem[X,0x000000008000248A] -> 0x0B80
[3827] [M]: 0x0000000080002488 (0x0B8005EF) jal x11, 0xb8                           trap_Mhandler+8
x11 <- 0x000000008000248C

clint mtime 0x000000000000077A (mip.MTI <- 0b1, mip.STI <- 0b0)
mem[X,0x0000000080002540] -> 0x3023
mem[X,0x0000000080002542] -> 0x28A1
[3828] [M]: 0x0000000080002540 (0x28A13023) sd x10, 0x280(x2)                       common_Mhandler+0
mem[W,0x0000000080005280] <- 0x00000000200003DF

mem[X,0x0000000080002544] -> 0x1573
mem[X,0x0000000080002546] -> 0x3401
[3829] [M]: 0x0000000080002544 (0x34011573) csrrw x10, mscratch, x2                 common_Mhandler+4
CSR mscratch (0x340) <- 0x0000000080005000
x10 <- 0x0000000000000000

clint mtime 0x000000000000077B (mip.MTI <- 0b1, mip.STI <- 0b0)
mem[X,0x0000000080002548] -> 0x3823
mem[X,0x000000008000254A] -> 0x28A1
[3830] [M]: 0x0000000080002548 (0x28A13823) sd x10, 0x290(x2)                       common_Mhandler+8
mem[W,0x0000000080005290] <- 0x0000000000000000

mem[X,0x000000008000254C] -> 0x3503
mem[X,0x000000008000254E] -> 0x2301
[3831] [M]: 0x000000008000254C (0x23013503) ld x10, 0x230(x2)                       common_Mhandler+12
mem[R,0x0000000080005230] -> 0x0000000080002554
x10 <- 0x0000000080002554

clint mtime 0x000000000000077C (mip.MTI <- 0b1, mip.STI <- 0b0)
mem[X,0x0000000080002550] -> 0x0067
mem[X,0x0000000080002552] -> 0x0005
[3832] [M]: 0x0000000080002550 (0x00050067) jalr x0, 0x0(x10)                       common_Mhandler+16

mem[X,0x0000000080002554] -> 0x3C23
mem[X,0x0000000080002556] -> 0x2691
[3833] [M]: 0x0000000080002554 (0x26913C23) sd x9, 0x278(x2)                        common_Mentry+0
mem[W,0x0000000080005278] <- 0x000003000000023C

clint mtime 0x000000000000077D (mip.MTI <- 0b1, mip.STI <- 0b0)
mem[X,0x0000000080002558] -> 0x3823
mem[X,0x000000008000255A] -> 0x2681
[3834] [M]: 0x0000000080002558 (0x26813823) sd x8, 0x270(x2)                        common_Mentry+4
mem[W,0x0000000080005270] <- 0x0000000000007F76

mem[X,0x000000008000255C] -> 0x3423
mem[X,0x000000008000255E] -> 0x2671
[3835] [M]: 0x000000008000255C (0x26713423) sd x7, 0x268(x2)                        common_Mentry+8
mem[W,0x0000000080005268] <- 0x0000000080002294

clint mtime 0x000000000000077E (mip.MTI <- 0b1, mip.STI <- 0b0)
mem[X,0x0000000080002560] -> 0x3023
mem[X,0x0000000080002562] -> 0x2661
[3836] [M]: 0x0000000080002560 (0x26613023) sd x6, 0x260(x2)                        common_Mentry+12
mem[W,0x0000000080005260] <- 0xFFFFFFFF7FFFE04C

mem[X,0x0000000080002564] -> 0x2573
mem[X,0x0000000080002566] -> 0x3420
[3837] [M]: 0x0000000080002564 (0x34202573) csrrs x10, mcause, x0                   spcl_M2mmode_test+0
CSR mcause (0x342) -> 0x000000000000000B
x10 <- 0x000000000000000B

clint mtime 0x000000000000077F (mip.MTI <- 0b1, mip.STI <- 0b0)
mem[X,0x0000000080002568] -> 0x04B7
mem[X,0x000000008000256A] -> 0x8000
[3838] [M]: 0x0000000080002568 (0x800004B7) lui x9, -0x80000                        spcl_M2mmode_test+4
x9 <- 0xFFFFFFFF80000000

mem[X,0x000000008000256C] -> 0x8493
mem[X,0x000000008000256E] -> 0x0004
[3839] [M]: 0x000000008000256C (0x00048493) addi x9, x9, 0x0                        spcl_M2mmode_test+8
x9 <- 0xFFFFFFFF80000000

clint mtime 0x0000000000000780 (mip.MTI <- 0b1, mip.STI <- 0b0)
mem[X,0x0000000080002570] -> 0x9493
mem[X,0x0000000080002572] -> 0x00B4
[3840] [M]: 0x0000000080002570 (0x00B49493) slli x9, x9, 0xb                        spcl_M2mmode_test+12
x9 <- 0xFFFFFC0000000000

mem[X,0x0000000080002574] -> 0x8493
mem[X,0x0000000080002576] -> 0x0004
[3841] [M]: 0x0000000080002574 (0x00048493) addi x9, x9, 0x0                        spcl_M2mmode_test+16
x9 <- 0xFFFFFC0000000000

clint mtime 0x0000000000000781 (mip.MTI <- 0b1, mip.STI <- 0b0)
mem[X,0x0000000080002578] -> 0x9493
mem[X,0x000000008000257A] -> 0x00B4
[3842] [M]: 0x0000000080002578 (0x00B49493) slli x9, x9, 0xb                        spcl_M2mmode_test+20
x9 <- 0xFFE0000000000000

mem[X,0x000000008000257C] -> 0x8493
mem[X,0x000000008000257E] -> 0x0034
[3843] [M]: 0x000000008000257C (0x00348493) addi x9, x9, 0x3                        spcl_M2mmode_test+24
x9 <- 0xFFE0000000000003

clint mtime 0x0000000000000782 (mip.MTI <- 0b1, mip.STI <- 0b0)
mem[X,0x0000000080002580] -> 0x9493
mem[X,0x0000000080002582] -> 0x00A4
[3844] [M]: 0x0000000080002580 (0x00A49493) slli x9, x9, 0xa                        spcl_M2mmode_test+28
x9 <- 0x8000000000000C00

mem[X,0x0000000080002584] -> 0x8493
mem[X,0x0000000080002586] -> 0x3FC4
[3845] [M]: 0x0000000080002584 (0x3FC48493) addi x9, x9, 0x3fc                      spcl_M2mmode_test+32
x9 <- 0x8000000000000FFC

clint mtime 0x0000000000000783 (mip.MTI <- 0b1, mip.STI <- 0b0)
mem[X,0x0000000080002588] -> 0xF4B3
mem[X,0x000000008000258A] -> 0x00A4
[3846] [M]: 0x0000000080002588 (0x00A4F4B3) and x9, x9, x10                         spcl_M2mmode_test+36
x9 <- 0x0000000000000008

mem[X,0x000000008000258C] -> 0x8493
mem[X,0x000000008000258E] -> 0xFF84
[3847] [M]: 0x000000008000258C (0xFF848493) addi x9, x9, -0x8                       spcl_M2mmode_test+40
x9 <- 0x0000000000000000

clint mtime 0x0000000000000784 (mip.MTI <- 0b1, mip.STI <- 0b0)
mem[X,0x0000000080002590] -> 0x9663
mem[X,0x0000000080002592] -> 0x0004
[3848] [M]: 0x0000000080002590 (0x00049663) bne x9, x0, 0xc                         spcl_M2mmode_test+44

mem[X,0x0000000080002594] -> 0x3383
mem[X,0x0000000080002596] -> 0x2901
[3849] [M]: 0x0000000080002594 (0x29013383) ld x7, 0x290(x2)                        spcl_M2mmode_test+48
mem[R,0x0000000080005290] -> 0x0000000000000000
x7 <- 0x0000000000000000

clint mtime 0x0000000000000785 (mip.MTI <- 0b1, mip.STI <- 0b0)
mem[X,0x0000000080002598] -> 0x8663
mem[X,0x000000008000259A] -> 0x6E03
[3850] [M]: 0x0000000080002598 (0x6E038663) beq x7, x0, 0x6ec                       spcl_M2mmode_test+52

mem[X,0x0000000080002C84] -> 0x0493
mem[X,0x0000000080002C86] -> 0xFF55
[3851] [M]: 0x0000000080002C84 (0xFF550493) addi x9, x10, -0xb                      rtn2mmode+0
x9 <- 0x0000000000000000

clint mtime 0x0000000000000786 (mip.MTI <- 0b1, mip.STI <- 0b0)
mem[X,0x0000000080002C88] -> 0x8C63
mem[X,0x0000000080002C8A] -> 0x0004
[3852] [M]: 0x0000000080002C88 (0x00048C63) beq x9, x0, 0x18                        rtn2mmode+4

mem[X,0x0000000080002CA0] -> 0x23F3
mem[X,0x0000000080002CA2] -> 0x3410
[3853] [M]: 0x0000000080002CA0 (0x341023F3) csrrs x7, mepc, x0                      rtn_fm_mmode+0
CSR mepc (0x341) -> 0x000000008000229C
x7 <- 0x000000008000229C

clint mtime 0x0000000000000787 (mip.MTI <- 0b1, mip.STI <- 0b0)
mem[X,0x0000000080002CA4] -> 0x83B3
mem[X,0x0000000080002CA6] -> 0x0093
[3854] [M]: 0x0000000080002CA4 (0x009383B3) add x7, x7, x9                          rtn_fm_mmode+4
x7 <- 0x000000008000229C

mem[X,0x0000000080002CA8] -> 0x3303
mem[X,0x0000000080002CAA] -> 0x2601
[3855] [M]: 0x0000000080002CA8 (0x26013303) ld x6, 0x260(x2)                        rtn_fm_mmode+8
mem[R,0x0000000080005260] -> 0xFFFFFFFF7FFFE04C
x6 <- 0xFFFFFFFF7FFFE04C

clint mtime 0x0000000000000788 (mip.MTI <- 0b1, mip.STI <- 0b0)
mem[X,0x0000000080002CAC] -> 0x3403
mem[X,0x0000000080002CAE] -> 0x2701
[3856] [M]: 0x0000000080002CAC (0x27013403) ld x8, 0x270(x2)                        rtn_fm_mmode+12
mem[R,0x0000000080005270] -> 0x0000000000007F76
x8 <- 0x0000000000007F76

mem[X,0x0000000080002CB0] -> 0x3483
mem[X,0x0000000080002CB2] -> 0x2781
[3857] [M]: 0x0000000080002CB0 (0x27813483) ld x9, 0x278(x2)                        rtn_fm_mmode+16
mem[R,0x0000000080005278] -> 0x000003000000023C
x9 <- 0x000003000000023C

clint mtime 0x0000000000000789 (mip.MTI <- 0b1, mip.STI <- 0b0)
mem[X,0x0000000080002CB4] -> 0x3503
mem[X,0x0000000080002CB6] -> 0x2801
[3858] [M]: 0x0000000080002CB4 (0x28013503) ld x10, 0x280(x2)                       rtn_fm_mmode+20
mem[R,0x0000000080005280] -> 0x00000000200003DF
x10 <- 0x00000000200003DF

mem[X,0x0000000080002CB8] -> 0x3583
mem[X,0x0000000080002CBA] -> 0x2881
[3859] [M]: 0x0000000080002CB8 (0x28813583) ld x11, 0x288(x2)                       rtn_fm_mmode+24
mem[R,0x0000000080005288] -> 0x00000000000003DF
x11 <- 0x00000000000003DF

clint mtime 0x000000000000078A (mip.MTI <- 0b1, mip.STI <- 0b0)
mem[X,0x0000000080002CBC] -> 0x3103
mem[X,0x0000000080002CBE] -> 0x2901
[3860] [M]: 0x0000000080002CBC (0x29013103) ld x2, 0x290(x2)                        rtn_fm_mmode+28
mem[R,0x0000000080005290] -> 0x0000000000000000
x2 <- 0x0000000000000000

mem[X,0x0000000080002CC0] -> 0x8067
mem[X,0x0000000080002CC2] -> 0x0043
[3861] [M]: 0x0000000080002CC0 (0x00438067) jalr x0, 0x4(x7)                        rtn_fm_mmode+32

clint mtime 0x000000000000078B (mip.MTI <- 0b1, mip.STI <- 0b0)
mem[X,0x00000000800022A0] -> 0x2373
mem[X,0x00000000800022A2] -> 0x3400
[3862] [M]: 0x00000000800022A0 (0x34002373) csrrs x6, mscratch, x0                  exit_Scleanup+0
CSR mscratch (0x340) -> 0x0000000080005000
x6 <- 0x0000000080005000

mem[X,0x00000000800022A4] -> 0x0313
mem[X,0x00000000800022A6] -> 0x2983
[3863] [M]: 0x00000000800022A4 (0x29830313) addi x6, x6, 0x298                      exit_Scleanup+4
x6 <- 0x0000000080005298

clint mtime 0x000000000000078C (mip.MTI <- 0b1, mip.STI <- 0b0)
mem[X,0x00000000800022A8] -> 0x3383
mem[X,0x00000000800022AA] -> 0x2383
[3864] [M]: 0x00000000800022A8 (0x23833383) ld x7, 0x238(x6)                        resto_Sedeleg+0
mem[R,0x00000000800054D0] -> 0x0000000000000000
x7 <- 0x0000000000000000

mem[X,0x00000000800022AC] -> 0x3383
mem[X,0x00000000800022AE] -> 0x2203
[3865] [M]: 0x00000000800022AC (0x22033383) ld x7, 0x220(x6)                        resto_Ssatp+0
mem[R,0x00000000800054B8] -> 0x0000000000000000
x7 <- 0x0000000000000000

clint mtime 0x000000000000078D (mip.MTI <- 0b1, mip.STI <- 0b0)
mem[X,0x00000000800022B0] -> 0x9073
mem[X,0x00000000800022B2] -> 0x1803
[3866] [M]: 0x00000000800022B0 (0x18039073) csrrw x0, satp, x7                      resto_Ssatp+4
CSR satp (0x180) <- 0x0000000000000000

mem[X,0x00000000800022B4] -> 0x3503
mem[X,0x00000000800022B6] -> 0x2503
[3867] [M]: 0x00000000800022B4 (0x25033503) ld x10, 0x250(x6)                       resto_Sscratch+0
mem[R,0x00000000800054E8] -> 0x0000000000000000
x10 <- 0x0000000000000000

clint mtime 0x000000000000078E (mip.MTI <- 0b1, mip.STI <- 0b0)
mem[X,0x00000000800022B8] -> 0x1073
mem[X,0x00000000800022BA] -> 0x1405
[3868] [M]: 0x00000000800022B8 (0x14051073) csrrw x0, sscratch, x10                 resto_Sscratch+4
CSR sscratch (0x140) <- 0x0000000000000000

mem[X,0x00000000800022BC] -> 0x3483
mem[X,0x00000000800022BE] -> 0x2483
[3869] [M]: 0x00000000800022BC (0x24833483) ld x9, 0x248(x6)                        resto_Sxtvec+0
mem[R,0x00000000800054E0] -> 0x0000000000000000
x9 <- 0x0000000000000000

clint mtime 0x000000000000078F (mip.MTI <- 0b1, mip.STI <- 0b0)
mem[X,0x00000000800022C0] -> 0x93F3
mem[X,0x00000000800022C2] -> 0x1054
[3870] [M]: 0x00000000800022C0 (0x105493F3) csrrw x7, stvec, x9                     resto_Sxtvec+4
CSR stvec (0x105) <- 0x0000000000000000
x7 <- 0x0000000080002D00

mem[X,0x00000000800022C4] -> 0xF493
mem[X,0x00000000800022C6] -> 0xFFC4
[3871] [M]: 0x00000000800022C4 (0xFFC4F493) andi x9, x9, -0x4                       resto_Sxtvec+8
x9 <- 0x0000000000000000

clint mtime 0x0000000000000790 (mip.MTI <- 0b1, mip.STI <- 0b0)
mem[X,0x00000000800022C8] -> 0xF393
mem[X,0x00000000800022CA] -> 0xFFC3
[3872] [M]: 0x00000000800022C8 (0xFFC3F393) andi x7, x7, -0x4                       resto_Sxtvec+12
x7 <- 0x0000000080002D00

mem[X,0x00000000800022CC] -> 0x9063
mem[X,0x00000000800022CE] -> 0x0274
[3873] [M]: 0x00000000800022CC (0x02749063) bne x9, x7, 0x20                        resto_Sxtvec+16

clint mtime 0x0000000000000791 (mip.MTI <- 0b1, mip.STI <- 0b0)
mem[X,0x00000000800022EC] -> 0x2373
mem[X,0x00000000800022EE] -> 0x3400
[3874] [M]: 0x00000000800022EC (0x34002373) csrrs x6, mscratch, x0                  rvtest_Send+0
CSR mscratch (0x340) -> 0x0000000080005000
x6 <- 0x0000000080005000

mem[X,0x00000000800022F0] -> 0x3383
mem[X,0x00000000800022F2] -> 0x2383
[3875] [M]: 0x00000000800022F0 (0x23833383) ld x7, 0x238(x6)                        resto_Medeleg+0
mem[R,0x0000000080005238] -> 0x0000000000000000
x7 <- 0x0000000000000000

clint mtime 0x0000000000000792 (mip.MTI <- 0b1, mip.STI <- 0b0)
mem[X,0x00000000800022F4] -> 0x9073
mem[X,0x00000000800022F6] -> 0x3023
[3876] [M]: 0x00000000800022F4 (0x30239073) csrrw x0, medeleg, x7                   resto_Medeleg+4
CSR medeleg (0x302) <- 0x0000000000000000

mem[X,0x00000000800022F8] -> 0x3503
mem[X,0x00000000800022FA] -> 0x2503
[3877] [M]: 0x00000000800022F8 (0x25033503) ld x10, 0x250(x6)                       resto_Mscratch+0
mem[R,0x0000000080005250] -> 0x0000000000000000
x10 <- 0x0000000000000000

clint mtime 0x0000000000000793 (mip.MTI <- 0b1, mip.STI <- 0b0)
mem[X,0x00000000800022FC] -> 0x1073
mem[X,0x00000000800022FE] -> 0x3405
[3878] [M]: 0x00000000800022FC (0x34051073) csrrw x0, mscratch, x10                 resto_Mscratch+4
CSR mscratch (0x340) <- 0x0000000000000000

mem[X,0x0000000080002300] -> 0x3483
mem[X,0x0000000080002302] -> 0x2483
[3879] [M]: 0x0000000080002300 (0x24833483) ld x9, 0x248(x6)                        resto_Mxtvec+0
mem[R,0x0000000080005248] -> 0x0000000000000000
x9 <- 0x0000000000000000

clint mtime 0x0000000000000794 (mip.MTI <- 0b1, mip.STI <- 0b0)
mem[X,0x0000000080002304] -> 0x93F3
mem[X,0x0000000080002306] -> 0x3054
[3880] [M]: 0x0000000080002304 (0x305493F3) csrrw x7, mtvec, x9                     resto_Mxtvec+4
CSR mtvec (0x305) <- 0x0000000000000000
x7 <- 0x0000000080002380

mem[X,0x0000000080002308] -> 0xF493
mem[X,0x000000008000230A] -> 0xFFC4
[3881] [M]: 0x0000000080002308 (0xFFC4F493) andi x9, x9, -0x4                       resto_Mxtvec+8
x9 <- 0x0000000000000000

clint mtime 0x0000000000000795 (mip.MTI <- 0b1, mip.STI <- 0b0)
mem[X,0x000000008000230C] -> 0xF393
mem[X,0x000000008000230E] -> 0xFFC3
[3882] [M]: 0x000000008000230C (0xFFC3F393) andi x7, x7, -0x4                       resto_Mxtvec+12
x7 <- 0x0000000080002380

mem[X,0x0000000080002310] -> 0x9063
mem[X,0x0000000080002312] -> 0x0274
[3883] [M]: 0x0000000080002310 (0x02749063) bne x9, x7, 0x20                        resto_Mxtvec+16

clint mtime 0x0000000000000796 (mip.MTI <- 0b1, mip.STI <- 0b0)
mem[X,0x0000000080002330] -> 0x106F
mem[X,0x0000000080002332] -> 0x27C0
[3884] [M]: 0x0000000080002330 (0x27C0106F) jal x0, 0x127c                          rvtest_Mend+0

mem[X,0x00000000800035AC] -> 0x0093
mem[X,0x00000000800035AE] -> 0x0010
[3885] [M]: 0x00000000800035AC (0x00100093) addi x1, x0, 0x1                        exit_cleanup+0
x1 <- 0x0000000000000001

clint mtime 0x0000000000000797 (mip.MTI <- 0b1, mip.STI <- 0b0)
mem[X,0x00000000800035B0] -> 0x1397
mem[X,0x00000000800035B2] -> 0x0000
[3886] [M]: 0x00000000800035B0 (0x00001397) auipc x7, 0x1                           exit_cleanup+4
x7 <- 0x00000000800045B0

mem[X,0x00000000800035B4] -> 0xA823
mem[X,0x00000000800035B6] -> 0xA413
[3887] [M]: 0x00000000800035B4 (0xA413A823) sw x1, -0x5b0(x7)                       exit_cleanup+8
htif[0x0000000080004000] <- 0x00000001
mem[W,0x0000000080004000] <- 0x00000001

clint mtime 0x0000000000000798 (mip.MTI <- 0b1, mip.STI <- 0b0)
mem[X,0x00000000800035B8] -> 0xF06F
mem[X,0x00000000800035BA] -> 0xFF9F
[3888] [M]: 0x00000000800035B8 (0xFF9FF06F) jal x0, -0x8                            exit_cleanup+12

mem[X,0x00000000800035B0] -> 0x1397
mem[X,0x00000000800035B2] -> 0x0000
[3889] [M]: 0x00000000800035B0 (0x00001397) auipc x7, 0x1                           exit_cleanup+4
x7 <- 0x00000000800045B0

clint mtime 0x0000000000000799 (mip.MTI <- 0b1, mip.STI <- 0b0)
mem[X,0x00000000800035B4] -> 0xA823
mem[X,0x00000000800035B6] -> 0xA413
[3890] [M]: 0x00000000800035B4 (0xA413A823) sw x1, -0x5b0(x7)                       exit_cleanup+8
htif[0x0000000080004000] <- 0x00000001
mem[W,0x0000000080004000] <- 0x00000001

mem[X,0x00000000800035B8] -> 0xF06F
mem[X,0x00000000800035BA] -> 0xFF9F
[3891] [M]: 0x00000000800035B8 (0xFF9FF06F) jal x0, -0x8                            exit_cleanup+12

clint mtime 0x000000000000079A (mip.MTI <- 0b1, mip.STI <- 0b0)
mem[X,0x00000000800035B0] -> 0x1397
mem[X,0x00000000800035B2] -> 0x0000
[3892] [M]: 0x00000000800035B0 (0x00001397) auipc x7, 0x1                           exit_cleanup+4
x7 <- 0x00000000800045B0

mem[X,0x00000000800035B4] -> 0xA823
mem[X,0x00000000800035B6] -> 0xA413
[3893] [M]: 0x00000000800035B4 (0xA413A823) sw x1, -0x5b0(x7)                       exit_cleanup+8
htif[0x0000000080004000] <- 0x00000001
htif-syscall-proxy cmd: 0x000000000001
mem[W,0x0000000080004000] <- 0x00000001

SUCCESS
clint mtime 0x000000000000079B (mip.MTI <- 0b1, mip.STI <- 0b0)
