using /opt/riscv-arch-test/riscof-plugins/rv64/riscof_work/vm_sv57/src/sv57_nleaf_pte_level0_S_mode.S/ref/Reference-sail_c_simulator.signature for test-signature output.
setting signature-granularity to 8 bytes
HTIF located at 0x80003000
begin_signature: 0x8000a110
end_signature: 0x8000a320
Entry point: 0x80000000
CSR mstatus (0x300) <- 0x0000000A00000000
CSR misa (0x301) <- 0x800000000034112F
CSR mcause (0x342) <- 0x0000000000000000
x10 <- 0x0000000000000000
x11 <- 0x0000000000001000
mem[X,0x0000000080000000] -> 0x006F
mem[X,0x0000000080000002] -> 0x4200
[0] [M]: 0x0000000080000000 (0x4200006F) jal x0, 0x420                              rvtest_entry_point+0

mem[X,0x0000000080000420] -> 0x4317
mem[X,0x0000000080000422] -> 0x0000
[1] [M]: 0x0000000080000420 (0x00004317) auipc x6, 0x4                              starting_point+0
x6 <- 0x0000000080004420

clint mtime 0x0000000000000001 (mip.MTI <- 0b1, mip.STI <- 0b0)
mem[X,0x0000000080000424] -> 0x0313
mem[X,0x0000000080000426] -> 0xBE03
[2] [M]: 0x0000000080000424 (0xBE030313) addi x6, x6, -0x420                        starting_point+4
x6 <- 0x0000000080004000

mem[X,0x0000000080000428] -> 0x0013
mem[X,0x000000008000042A] -> 0x0000
[3] [M]: 0x0000000080000428 (0x00000013) addi x0, x0, 0x0                           starting_point+8

clint mtime 0x0000000000000002 (mip.MTI <- 0b1, mip.STI <- 0b0)
mem[X,0x000000008000042C] -> 0x0013
mem[X,0x000000008000042E] -> 0x0000
[4] [M]: 0x000000008000042C (0x00000013) addi x0, x0, 0x0                           starting_point+12

mem[X,0x0000000080000430] -> 0x0013
mem[X,0x0000000080000432] -> 0x0000
[5] [M]: 0x0000000080000430 (0x00000013) addi x0, x0, 0x0                           starting_point+16

clint mtime 0x0000000000000003 (mip.MTI <- 0b1, mip.STI <- 0b0)
mem[X,0x0000000080000434] -> 0x0013
mem[X,0x0000000080000436] -> 0x0000
[6] [M]: 0x0000000080000434 (0x00000013) addi x0, x0, 0x0                           starting_point+20

mem[X,0x0000000080000438] -> 0x0013
mem[X,0x000000008000043A] -> 0x0000
[7] [M]: 0x0000000080000438 (0x00000013) addi x0, x0, 0x0                           starting_point+24

clint mtime 0x0000000000000004 (mip.MTI <- 0b1, mip.STI <- 0b0)
mem[X,0x000000008000043C] -> 0x0013
mem[X,0x000000008000043E] -> 0x0000
[8] [M]: 0x000000008000043C (0x00000013) addi x0, x0, 0x0                           starting_point+28

mem[X,0x0000000080000440] -> 0x1473
mem[X,0x0000000080000442] -> 0x3403
[9] [M]: 0x0000000080000440 (0x34031473) csrrw x8, mscratch, x6                     init_Mscratch+0
CSR mscratch (0x340) <- 0x0000000080004000
x8 <- 0x0000000000000000

clint mtime 0x0000000000000005 (mip.MTI <- 0b1, mip.STI <- 0b0)
mem[X,0x0000000080000444] -> 0x3823
mem[X,0x0000000080000446] -> 0x2483
[10] [M]: 0x0000000080000444 (0x24833823) sd x8, 0x250(x6)                          init_Mscratch+4
mem[W,0x0000000080004250] <- 0x0000000000000000

mem[X,0x0000000080000448] -> 0x0393
mem[X,0x000000008000044A] -> 0x0000
[11] [M]: 0x0000000080000448 (0x00000393) addi x7, x0, 0x0                          init_Medeleg+0
x7 <- 0x0000000000000000

clint mtime 0x0000000000000006 (mip.MTI <- 0b1, mip.STI <- 0b0)
mem[X,0x000000008000044C] -> 0x93F3
mem[X,0x000000008000044E] -> 0x3023
[12] [M]: 0x000000008000044C (0x302393F3) csrrw x7, medeleg, x7                     init_Medeleg+4
CSR medeleg (0x302) <- 0x0000000000000000
x7 <- 0x0000000000000000

mem[X,0x0000000080000450] -> 0x3C23
mem[X,0x0000000080000452] -> 0x2273
[13] [M]: 0x0000000080000450 (0x22733C23) sd x7, 0x238(x6)                          init_Medeleg+8
mem[W,0x0000000080004238] <- 0x0000000000000000

clint mtime 0x0000000000000007 (mip.MTI <- 0b1, mip.STI <- 0b0)
mem[X,0x0000000080000454] -> 0x2473
mem[X,0x0000000080000456] -> 0x3050
[14] [M]: 0x0000000080000454 (0x30502473) csrrs x8, mtvec, x0                       init_Mtvec+0
CSR mtvec (0x305) -> 0x0000000000000000
x8 <- 0x0000000000000000

mem[X,0x0000000080000458] -> 0x3423
mem[X,0x000000008000045A] -> 0x2483
[15] [M]: 0x0000000080000458 (0x24833423) sd x8, 0x248(x6)                          init_Mtvec+4
mem[W,0x0000000080004248] <- 0x0000000000000000

clint mtime 0x0000000000000008 (mip.MTI <- 0b1, mip.STI <- 0b0)
mem[X,0x000000008000045C] -> 0x7393
mem[X,0x000000008000045E] -> 0x0034
[16] [M]: 0x000000008000045C (0x00347393) andi x7, x8, 0x3                          init_Mtvec+8
x7 <- 0x0000000000000000

mem[X,0x0000000080000460] -> 0x3483
mem[X,0x0000000080000462] -> 0x2303
[17] [M]: 0x0000000080000460 (0x23033483) ld x9, 0x230(x6)                          init_Mtvec+12
mem[R,0x0000000080004230] -> 0x00000000800010D4
x9 <- 0x00000000800010D4

clint mtime 0x0000000000000009 (mip.MTI <- 0b1, mip.STI <- 0b0)
mem[X,0x0000000080000464] -> 0x8493
mem[X,0x0000000080000466] -> 0xE2C4
[18] [M]: 0x0000000080000464 (0xE2C48493) addi x9, x9, -0x1d4                       init_Mtvec+16
x9 <- 0x0000000080000F00

mem[X,0x0000000080000468] -> 0xE3B3
mem[X,0x000000008000046A] -> 0x0074
[19] [M]: 0x0000000080000468 (0x0074E3B3) or x7, x9, x7                             init_Mtvec+20
x7 <- 0x0000000080000F00

clint mtime 0x000000000000000A (mip.MTI <- 0b1, mip.STI <- 0b0)
mem[X,0x000000008000046C] -> 0x3023
mem[X,0x000000008000046E] -> 0x2473
[20] [M]: 0x000000008000046C (0x24733023) sd x7, 0x240(x6)                          init_Mtvec+24
mem[W,0x0000000080004240] <- 0x0000000080000F00

mem[X,0x0000000080000470] -> 0x9073
mem[X,0x0000000080000472] -> 0x3053
[21] [M]: 0x0000000080000470 (0x30539073) csrrw x0, mtvec, x7                       init_Mtvec+28
CSR mtvec (0x305) <- 0x0000000080000F00

clint mtime 0x000000000000000B (mip.MTI <- 0b1, mip.STI <- 0b0)
mem[X,0x0000000080000474] -> 0x2573
mem[X,0x0000000080000476] -> 0x3050
[22] [M]: 0x0000000080000474 (0x30502573) csrrs x10, mtvec, x0                      init_Mtvec+32
CSR mtvec (0x305) -> 0x0000000080000F00
x10 <- 0x0000000080000F00

mem[X,0x0000000080000478] -> 0x0663
mem[X,0x000000008000047A] -> 0x0875
[23] [M]: 0x0000000080000478 (0x08750663) beq x10, x7, 0x8c                         init_Mtvec+36

clint mtime 0x000000000000000C (mip.MTI <- 0b1, mip.STI <- 0b0)
mem[X,0x0000000080000504] -> 0x0013
mem[X,0x0000000080000506] -> 0x0000
[24] [M]: 0x0000000080000504 (0x00000013) addi x0, x0, 0x0                          rvtest_Mprolog_done+0

mem[X,0x0000000080000508] -> 0x0013
mem[X,0x000000008000050A] -> 0x0000
[25] [M]: 0x0000000080000508 (0x00000013) addi x0, x0, 0x0                          rvtest_Mprolog_done+4

clint mtime 0x000000000000000D (mip.MTI <- 0b1, mip.STI <- 0b0)
mem[X,0x000000008000050C] -> 0x0013
mem[X,0x000000008000050E] -> 0x0000
[26] [M]: 0x000000008000050C (0x00000013) addi x0, x0, 0x0                          rvtest_Mprolog_done+8

mem[X,0x0000000080000510] -> 0x0013
mem[X,0x0000000080000512] -> 0x0000
[27] [M]: 0x0000000080000510 (0x00000013) addi x0, x0, 0x0                          rvtest_Mprolog_done+12

clint mtime 0x000000000000000E (mip.MTI <- 0b1, mip.STI <- 0b0)
mem[X,0x0000000080000514] -> 0x0013
mem[X,0x0000000080000516] -> 0x0000
[28] [M]: 0x0000000080000514 (0x00000013) addi x0, x0, 0x0                          rvtest_Mprolog_done+16

mem[X,0x0000000080000518] -> 0x0013
mem[X,0x000000008000051A] -> 0x0000
[29] [M]: 0x0000000080000518 (0x00000013) addi x0, x0, 0x0                          rvtest_Mprolog_done+20

clint mtime 0x000000000000000F (mip.MTI <- 0b1, mip.STI <- 0b0)
mem[X,0x000000008000051C] -> 0x0013
mem[X,0x000000008000051E] -> 0x0000
[30] [M]: 0x000000008000051C (0x00000013) addi x0, x0, 0x0                          rvtest_Mprolog_done+24

mem[X,0x0000000080000520] -> 0x4317
mem[X,0x0000000080000522] -> 0x0000
[31] [M]: 0x0000000080000520 (0x00004317) auipc x6, 0x4                             rvtest_Mprolog_done+28
x6 <- 0x0000000080004520

clint mtime 0x0000000000000010 (mip.MTI <- 0b1, mip.STI <- 0b0)
mem[X,0x0000000080000524] -> 0x0313
mem[X,0x0000000080000526] -> 0xD783
[32] [M]: 0x0000000080000524 (0xD7830313) addi x6, x6, -0x288                       rvtest_Mprolog_done+32
x6 <- 0x0000000080004298

mem[X,0x0000000080000528] -> 0x0001
[33] [M]: 0x0000000080000528 (0x0001) c.nop                                         rvtest_Mprolog_done+36

clint mtime 0x0000000000000011 (mip.MTI <- 0b1, mip.STI <- 0b0)
mem[X,0x000000008000052A] -> 0x0013
mem[X,0x000000008000052C] -> 0x0000
[34] [M]: 0x000000008000052A (0x00000013) addi x0, x0, 0x0                          rvtest_Mprolog_done+38

mem[X,0x000000008000052E] -> 0x0013
mem[X,0x0000000080000530] -> 0x0000
[35] [M]: 0x000000008000052E (0x00000013) addi x0, x0, 0x0                          rvtest_Mprolog_done+42

clint mtime 0x0000000000000012 (mip.MTI <- 0b1, mip.STI <- 0b0)
mem[X,0x0000000080000532] -> 0x0013
mem[X,0x0000000080000534] -> 0x0000
[36] [M]: 0x0000000080000532 (0x00000013) addi x0, x0, 0x0                          rvtest_Mprolog_done+46

mem[X,0x0000000080000536] -> 0x0013
mem[X,0x0000000080000538] -> 0x0000
[37] [M]: 0x0000000080000536 (0x00000013) addi x0, x0, 0x0                          rvtest_Mprolog_done+50

clint mtime 0x0000000000000013 (mip.MTI <- 0b1, mip.STI <- 0b0)
mem[X,0x000000008000053A] -> 0x0013
mem[X,0x000000008000053C] -> 0x0000
[38] [M]: 0x000000008000053A (0x00000013) addi x0, x0, 0x0                          rvtest_Mprolog_done+54

mem[X,0x000000008000053E] -> 0x0001
[39] [M]: 0x000000008000053E (0x0001) c.nop                                         rvtest_Mprolog_done+58

clint mtime 0x0000000000000014 (mip.MTI <- 0b1, mip.STI <- 0b0)
mem[X,0x0000000080000540] -> 0x1473
mem[X,0x0000000080000542] -> 0x1403
[40] [M]: 0x0000000080000540 (0x14031473) csrrw x8, sscratch, x6                    init_Sscratch+0
CSR sscratch (0x140) <- 0x0000000080004298
x8 <- 0x0000000000000000

mem[X,0x0000000080000544] -> 0x3823
mem[X,0x0000000080000546] -> 0x2483
[41] [M]: 0x0000000080000544 (0x24833823) sd x8, 0x250(x6)                          init_Sscratch+4
mem[W,0x00000000800044E8] <- 0x0000000000000000

clint mtime 0x0000000000000015 (mip.MTI <- 0b1, mip.STI <- 0b0)
mem[X,0x0000000080000548] -> 0x0393
mem[X,0x000000008000054A] -> 0x0000
[42] [M]: 0x0000000080000548 (0x00000393) addi x7, x0, 0x0                          init_Sedeleg+0
x7 <- 0x0000000000000000

mem[X,0x000000008000054C] -> 0x3C23
mem[X,0x000000008000054E] -> 0x2273
[43] [M]: 0x000000008000054C (0x22733C23) sd x7, 0x238(x6)                          init_Sedeleg+4
mem[W,0x00000000800044D0] <- 0x0000000000000000

clint mtime 0x0000000000000016 (mip.MTI <- 0b1, mip.STI <- 0b0)
mem[X,0x0000000080000550] -> 0x0013
mem[X,0x0000000080000552] -> 0x0000
[44] [M]: 0x0000000080000550 (0x00000013) addi x0, x0, 0x0                          init_Ssatp+0

mem[X,0x0000000080000554] -> 0x0013
mem[X,0x0000000080000556] -> 0x0000
[45] [M]: 0x0000000080000554 (0x00000013) addi x0, x0, 0x0                          init_Ssatp+4

clint mtime 0x0000000000000017 (mip.MTI <- 0b1, mip.STI <- 0b0)
mem[X,0x0000000080000558] -> 0x0013
mem[X,0x000000008000055A] -> 0x0000
[46] [M]: 0x0000000080000558 (0x00000013) addi x0, x0, 0x0                          init_Ssatp+8

mem[X,0x000000008000055C] -> 0x0013
mem[X,0x000000008000055E] -> 0x0000
[47] [M]: 0x000000008000055C (0x00000013) addi x0, x0, 0x0                          init_Ssatp+12

clint mtime 0x0000000000000018 (mip.MTI <- 0b1, mip.STI <- 0b0)
mem[X,0x0000000080000560] -> 0x9497
mem[X,0x0000000080000562] -> 0x0000
[48] [M]: 0x0000000080000560 (0x00009497) auipc x9, 0x9                             init_Ssatp+16
x9 <- 0x0000000080009560

mem[X,0x0000000080000564] -> 0x8493
mem[X,0x0000000080000566] -> 0xAA04
[49] [M]: 0x0000000080000564 (0xAA048493) addi x9, x9, -0x560                       init_Ssatp+20
x9 <- 0x0000000080009000

clint mtime 0x0000000000000019 (mip.MTI <- 0b1, mip.STI <- 0b0)
mem[X,0x0000000080000568] -> 0x0001
[50] [M]: 0x0000000080000568 (0x0001) c.nop                                         init_Ssatp+24

mem[X,0x000000008000056A] -> 0x0013
mem[X,0x000000008000056C] -> 0x0000
[51] [M]: 0x000000008000056A (0x00000013) addi x0, x0, 0x0                          init_Ssatp+26

clint mtime 0x000000000000001A (mip.MTI <- 0b1, mip.STI <- 0b0)
mem[X,0x000000008000056E] -> 0x0013
mem[X,0x0000000080000570] -> 0x0000
[52] [M]: 0x000000008000056E (0x00000013) addi x0, x0, 0x0                          init_Ssatp+30

mem[X,0x0000000080000572] -> 0x0013
mem[X,0x0000000080000574] -> 0x0000
[53] [M]: 0x0000000080000572 (0x00000013) addi x0, x0, 0x0                          init_Ssatp+34

clint mtime 0x000000000000001B (mip.MTI <- 0b1, mip.STI <- 0b0)
mem[X,0x0000000080000576] -> 0x0013
mem[X,0x0000000080000578] -> 0x0000
[54] [M]: 0x0000000080000576 (0x00000013) addi x0, x0, 0x0                          init_Ssatp+38

mem[X,0x000000008000057A] -> 0x0013
mem[X,0x000000008000057C] -> 0x0000
[55] [M]: 0x000000008000057A (0x00000013) addi x0, x0, 0x0                          init_Ssatp+42

clint mtime 0x000000000000001C (mip.MTI <- 0b1, mip.STI <- 0b0)
mem[X,0x000000008000057E] -> 0x0001
[56] [M]: 0x000000008000057E (0x0001) c.nop                                         init_Ssatp+46

mem[X,0x0000000080000580] -> 0xD493
mem[X,0x0000000080000582] -> 0x00C4
[57] [M]: 0x0000000080000580 (0x00C4D493) srli x9, x9, 0xc                          init_Ssatp+48
x9 <- 0x0000000000080009

clint mtime 0x000000000000001D (mip.MTI <- 0b1, mip.STI <- 0b0)
mem[X,0x0000000080000584] -> 0x0413
mem[X,0x0000000080000586] -> 0xFFF0
[58] [M]: 0x0000000080000584 (0xFFF00413) addi x8, x0, -0x1                         init_Ssatp+52
x8 <- 0xFFFFFFFFFFFFFFFF

mem[X,0x0000000080000588] -> 0x1413
mem[X,0x000000008000058A] -> 0x03F4
[59] [M]: 0x0000000080000588 (0x03F41413) slli x8, x8, 0x3f                         init_Ssatp+56
x8 <- 0x8000000000000000

clint mtime 0x000000000000001E (mip.MTI <- 0b1, mip.STI <- 0b0)
mem[X,0x000000008000058C] -> 0xE4B3
mem[X,0x000000008000058E] -> 0x0084
[60] [M]: 0x000000008000058C (0x0084E4B3) or x9, x9, x8                             init_Ssatp+60
x9 <- 0x8000000000080009

mem[X,0x0000000080000590] -> 0x94F3
mem[X,0x0000000080000592] -> 0x1804
[61] [M]: 0x0000000080000590 (0x180494F3) csrrw x9, satp, x9                        init_Ssatp+64
CSR satp (0x180) <- 0x8000000000080009
x9 <- 0x0000000000000000

clint mtime 0x000000000000001F (mip.MTI <- 0b1, mip.STI <- 0b0)
mem[X,0x0000000080000594] -> 0x3023
mem[X,0x0000000080000596] -> 0x2293
[62] [M]: 0x0000000080000594 (0x22933023) sd x9, 0x220(x6)                          init_Ssatp+68
mem[W,0x00000000800044B8] <- 0x0000000000000000

mem[X,0x0000000080000598] -> 0x2473
mem[X,0x000000008000059A] -> 0x1050
[63] [M]: 0x0000000080000598 (0x10502473) csrrs x8, stvec, x0                       init_Stvec+0
CSR stvec (0x105) -> 0x0000000000000000
x8 <- 0x0000000000000000

clint mtime 0x0000000000000020 (mip.MTI <- 0b1, mip.STI <- 0b0)
mem[X,0x000000008000059C] -> 0x3423
mem[X,0x000000008000059E] -> 0x2483
[64] [M]: 0x000000008000059C (0x24833423) sd x8, 0x248(x6)                          init_Stvec+4
mem[W,0x00000000800044E0] <- 0x0000000000000000

mem[X,0x00000000800005A0] -> 0x7393
mem[X,0x00000000800005A2] -> 0x0034
[65] [M]: 0x00000000800005A0 (0x00347393) andi x7, x8, 0x3                          init_Stvec+8
x7 <- 0x0000000000000000

clint mtime 0x0000000000000021 (mip.MTI <- 0b1, mip.STI <- 0b0)
mem[X,0x00000000800005A4] -> 0x3483
mem[X,0x00000000800005A6] -> 0x2303
[66] [M]: 0x00000000800005A4 (0x23033483) ld x9, 0x230(x6)                          init_Stvec+12
mem[R,0x00000000800044C8] -> 0x0000000080001A54
x9 <- 0x0000000080001A54

mem[X,0x00000000800005A8] -> 0x8493
mem[X,0x00000000800005AA] -> 0xE2C4
[67] [M]: 0x00000000800005A8 (0xE2C48493) addi x9, x9, -0x1d4                       init_Stvec+16
x9 <- 0x0000000080001880

clint mtime 0x0000000000000022 (mip.MTI <- 0b1, mip.STI <- 0b0)
mem[X,0x00000000800005AC] -> 0xE3B3
mem[X,0x00000000800005AE] -> 0x0074
[68] [M]: 0x00000000800005AC (0x0074E3B3) or x7, x9, x7                             init_Stvec+20
x7 <- 0x0000000080001880

mem[X,0x00000000800005B0] -> 0x3023
mem[X,0x00000000800005B2] -> 0x2473
[69] [M]: 0x00000000800005B0 (0x24733023) sd x7, 0x240(x6)                          init_Stvec+24
mem[W,0x00000000800044D8] <- 0x0000000080001880

clint mtime 0x0000000000000023 (mip.MTI <- 0b1, mip.STI <- 0b0)
mem[X,0x00000000800005B4] -> 0x9073
mem[X,0x00000000800005B6] -> 0x1053
[70] [M]: 0x00000000800005B4 (0x10539073) csrrw x0, stvec, x7                       init_Stvec+28
CSR stvec (0x105) <- 0x0000000080001880

mem[X,0x00000000800005B8] -> 0x2573
mem[X,0x00000000800005BA] -> 0x1050
[71] [M]: 0x00000000800005B8 (0x10502573) csrrs x10, stvec, x0                      init_Stvec+32
CSR stvec (0x105) -> 0x0000000080001880
x10 <- 0x0000000080001880

clint mtime 0x0000000000000024 (mip.MTI <- 0b1, mip.STI <- 0b0)
mem[X,0x00000000800005BC] -> 0x0463
mem[X,0x00000000800005BE] -> 0x0875
[72] [M]: 0x00000000800005BC (0x08750463) beq x10, x7, 0x88                         init_Stvec+36

mem[X,0x0000000080000644] -> 0x0093
mem[X,0x0000000080000646] -> 0x0000
[73] [M]: 0x0000000080000644 (0x00000093) addi x1, x0, 0x0                          rvtest_entrypoint+0
x1 <- 0x0000000000000000

clint mtime 0x0000000000000025 (mip.MTI <- 0b1, mip.STI <- 0b0)
mem[X,0x0000000080000648] -> 0x9073
mem[X,0x000000008000064A] -> 0x3000
[74] [M]: 0x0000000080000648 (0x30009073) csrrw x0, mstatus, x1                     rvtest_entrypoint+4
CSR mstatus (0x300) <- 0x0000000A00000000

mem[X,0x000000008000064C] -> 0x9073
mem[X,0x000000008000064E] -> 0x3410
[75] [M]: 0x000000008000064C (0x34109073) csrrw x0, mepc, x1                        rvtest_entrypoint+8
CSR mepc (0x341) <- 0x0000000000000000

clint mtime 0x0000000000000026 (mip.MTI <- 0b1, mip.STI <- 0b0)
mem[X,0x0000000080000650] -> 0x9073
mem[X,0x0000000080000652] -> 0x3440
[76] [M]: 0x0000000080000650 (0x34409073) csrrw x0, mip, x1                         rvtest_entrypoint+12
CSR mip (0x344) <- 0x0000000000000080

mem[X,0x0000000080000654] -> 0x9073
mem[X,0x0000000080000656] -> 0x3430
[77] [M]: 0x0000000080000654 (0x34309073) csrrw x0, mtval, x1                       rvtest_entrypoint+16
CSR mtval (0x343) <- 0x0000000000000000

clint mtime 0x0000000000000027 (mip.MTI <- 0b1, mip.STI <- 0b0)
mem[X,0x0000000080000658] -> 0x9073
mem[X,0x000000008000065A] -> 0x3420
[78] [M]: 0x0000000080000658 (0x34209073) csrrw x0, mcause, x1                      rvtest_entrypoint+20
CSR mcause (0x342) <- 0x0000000000000000

mem[X,0x000000008000065C] -> 0x0837
mem[X,0x000000008000065E] -> 0x7D5C
[79] [M]: 0x000000008000065C (0x7D5C0837) lui x16, 0x7d5c0                          rvtest_entrypoint+24
x16 <- 0x000000007D5C0000

clint mtime 0x0000000000000028 (mip.MTI <- 0b1, mip.STI <- 0b0)
mem[X,0x0000000080000660] -> 0x0813
mem[X,0x0000000080000662] -> 0xDDB8
[80] [M]: 0x0000000080000660 (0xDDB80813) addi x16, x16, -0x225                     rvtest_entrypoint+28
x16 <- 0x000000007D5BFDDB

mem[X,0x0000000080000664] -> 0x1813
mem[X,0x0000000080000666] -> 0x00B8
[81] [M]: 0x0000000080000664 (0x00B81813) slli x16, x16, 0xb                        rvtest_entrypoint+32
x16 <- 0x000003EADFEED800

clint mtime 0x0000000000000029 (mip.MTI <- 0b1, mip.STI <- 0b0)
mem[X,0x0000000080000668] -> 0x0813
mem[X,0x000000008000066A] -> 0x3EA8
[82] [M]: 0x0000000080000668 (0x3EA80813) addi x16, x16, 0x3ea                      rvtest_entrypoint+36
x16 <- 0x000003EADFEEDBEA

mem[X,0x000000008000066C] -> 0x1813
mem[X,0x000000008000066E] -> 0x00B8
[83] [M]: 0x000000008000066C (0x00B81813) slli x16, x16, 0xb                        rvtest_entrypoint+40
x16 <- 0x001F56FF76DF5000

clint mtime 0x000000000000002A (mip.MTI <- 0b1, mip.STI <- 0b0)
mem[X,0x0000000080000670] -> 0x0813
mem[X,0x0000000080000672] -> 0x6FF8
[84] [M]: 0x0000000080000670 (0x6FF80813) addi x16, x16, 0x6ff                      rvtest_entrypoint+44
x16 <- 0x001F56FF76DF56FF

mem[X,0x0000000080000674] -> 0x1813
mem[X,0x0000000080000676] -> 0x00A8
[85] [M]: 0x0000000080000674 (0x00A81813) slli x16, x16, 0xa                        rvtest_entrypoint+48
x16 <- 0x7D5BFDDB7D5BFC00

clint mtime 0x000000000000002B (mip.MTI <- 0b1, mip.STI <- 0b0)
mem[X,0x0000000080000678] -> 0x0813
mem[X,0x000000008000067A] -> 0x1DB8
[86] [M]: 0x0000000080000678 (0x1DB80813) addi x16, x16, 0x1db                      rvtest_entrypoint+52
x16 <- 0x7D5BFDDB7D5BFDDB

mem[X,0x000000008000067C] -> 0x5893
mem[X,0x000000008000067E] -> 0x0078
[87] [M]: 0x000000008000067C (0x00785893) srli x17, x16, 0x7                        rvtest_entrypoint+56
x17 <- 0x00FAB7FBB6FAB7FB

clint mtime 0x000000000000002C (mip.MTI <- 0b1, mip.STI <- 0b0)
mem[X,0x0000000080000680] -> 0x5793
mem[X,0x0000000080000682] -> 0x0398
[88] [M]: 0x0000000080000680 (0x03985793) srli x15, x16, 0x39                       rvtest_entrypoint+60
x15 <- 0x000000000000003E

mem[X,0x0000000080000684] -> 0xE8B3
mem[X,0x0000000080000686] -> 0x00F8
[89] [M]: 0x0000000080000684 (0x00F8E8B3) or x17, x17, x15                          rvtest_entrypoint+64
x17 <- 0x00FAB7FBB6FAB7FF

clint mtime 0x000000000000002D (mip.MTI <- 0b1, mip.STI <- 0b0)
mem[X,0x0000000080000688] -> 0xD913
mem[X,0x000000008000068A] -> 0x0078
[90] [M]: 0x0000000080000688 (0x0078D913) srli x18, x17, 0x7                        rvtest_entrypoint+68
x18 <- 0x0001F56FF76DF56F

mem[X,0x000000008000068C] -> 0xD793
mem[X,0x000000008000068E] -> 0x0398
[91] [M]: 0x000000008000068C (0x0398D793) srli x15, x17, 0x39                       rvtest_entrypoint+72
x15 <- 0x0000000000000000

clint mtime 0x000000000000002E (mip.MTI <- 0b1, mip.STI <- 0b0)
mem[X,0x0000000080000690] -> 0x6933
mem[X,0x0000000080000692] -> 0x00F9
[92] [M]: 0x0000000080000690 (0x00F96933) or x18, x18, x15                          rvtest_entrypoint+76
x18 <- 0x0001F56FF76DF56F

mem[X,0x0000000080000694] -> 0x5993
mem[X,0x0000000080000696] -> 0x0079
[93] [M]: 0x0000000080000694 (0x00795993) srli x19, x18, 0x7                        rvtest_entrypoint+80
x19 <- 0x000003EADFEEDBEA

clint mtime 0x000000000000002F (mip.MTI <- 0b1, mip.STI <- 0b0)
mem[X,0x0000000080000698] -> 0x5793
mem[X,0x000000008000069A] -> 0x0399
[94] [M]: 0x0000000080000698 (0x03995793) srli x15, x18, 0x39                       rvtest_entrypoint+84
x15 <- 0x0000000000000000

mem[X,0x000000008000069C] -> 0xE9B3
mem[X,0x000000008000069E] -> 0x00F9
[95] [M]: 0x000000008000069C (0x00F9E9B3) or x19, x19, x15                          rvtest_entrypoint+88
x19 <- 0x000003EADFEEDBEA

clint mtime 0x0000000000000030 (mip.MTI <- 0b1, mip.STI <- 0b0)
mem[X,0x00000000800006A0] -> 0xDA13
mem[X,0x00000000800006A2] -> 0x0079
[96] [M]: 0x00000000800006A0 (0x0079DA13) srli x20, x19, 0x7                        rvtest_entrypoint+92
x20 <- 0x00000007D5BFDDB7

mem[X,0x00000000800006A4] -> 0xD793
mem[X,0x00000000800006A6] -> 0x0399
[97] [M]: 0x00000000800006A4 (0x0399D793) srli x15, x19, 0x39                       rvtest_entrypoint+96
x15 <- 0x0000000000000000

clint mtime 0x0000000000000031 (mip.MTI <- 0b1, mip.STI <- 0b0)
mem[X,0x00000000800006A8] -> 0x6A33
mem[X,0x00000000800006AA] -> 0x00FA
[98] [M]: 0x00000000800006A8 (0x00FA6A33) or x20, x20, x15                          rvtest_entrypoint+100
x20 <- 0x00000007D5BFDDB7

mem[X,0x00000000800006AC] -> 0x5A93
mem[X,0x00000000800006AE] -> 0x007A
[99] [M]: 0x00000000800006AC (0x007A5A93) srli x21, x20, 0x7                        rvtest_entrypoint+104
x21 <- 0x000000000FAB7FBB

clint mtime 0x0000000000000032 (mip.MTI <- 0b1, mip.STI <- 0b0)
mem[X,0x00000000800006B0] -> 0x5793
mem[X,0x00000000800006B2] -> 0x039A
[100] [M]: 0x00000000800006B0 (0x039A5793) srli x15, x20, 0x39                      rvtest_entrypoint+108
x15 <- 0x0000000000000000

mem[X,0x00000000800006B4] -> 0xEAB3
mem[X,0x00000000800006B6] -> 0x00FA
[101] [M]: 0x00000000800006B4 (0x00FAEAB3) or x21, x21, x15                         rvtest_entrypoint+112
x21 <- 0x000000000FAB7FBB

clint mtime 0x0000000000000033 (mip.MTI <- 0b1, mip.STI <- 0b0)
mem[X,0x00000000800006B8] -> 0xDB13
mem[X,0x00000000800006BA] -> 0x007A
[102] [M]: 0x00000000800006B8 (0x007ADB13) srli x22, x21, 0x7                       rvtest_entrypoint+116
x22 <- 0x00000000001F56FF

mem[X,0x00000000800006BC] -> 0xD793
mem[X,0x00000000800006BE] -> 0x039A
[103] [M]: 0x00000000800006BC (0x039AD793) srli x15, x21, 0x39                      rvtest_entrypoint+120
x15 <- 0x0000000000000000

clint mtime 0x0000000000000034 (mip.MTI <- 0b1, mip.STI <- 0b0)
mem[X,0x00000000800006C0] -> 0x6B33
mem[X,0x00000000800006C2] -> 0x00FB
[104] [M]: 0x00000000800006C0 (0x00FB6B33) or x22, x22, x15                         rvtest_entrypoint+124
x22 <- 0x00000000001F56FF

mem[X,0x00000000800006C4] -> 0x5B93
mem[X,0x00000000800006C6] -> 0x007B
[105] [M]: 0x00000000800006C4 (0x007B5B93) srli x23, x22, 0x7                       rvtest_entrypoint+128
x23 <- 0x0000000000003EAD

clint mtime 0x0000000000000035 (mip.MTI <- 0b1, mip.STI <- 0b0)
mem[X,0x00000000800006C8] -> 0x5793
mem[X,0x00000000800006CA] -> 0x039B
[106] [M]: 0x00000000800006C8 (0x039B5793) srli x15, x22, 0x39                      rvtest_entrypoint+132
x15 <- 0x0000000000000000

mem[X,0x00000000800006CC] -> 0xEBB3
mem[X,0x00000000800006CE] -> 0x00FB
[107] [M]: 0x00000000800006CC (0x00FBEBB3) or x23, x23, x15                         rvtest_entrypoint+136
x23 <- 0x0000000000003EAD

clint mtime 0x0000000000000036 (mip.MTI <- 0b1, mip.STI <- 0b0)
mem[X,0x00000000800006D0] -> 0xDC13
mem[X,0x00000000800006D2] -> 0x007B
[108] [M]: 0x00000000800006D0 (0x007BDC13) srli x24, x23, 0x7                       rvtest_entrypoint+140
x24 <- 0x000000000000007D

mem[X,0x00000000800006D4] -> 0xD793
mem[X,0x00000000800006D6] -> 0x039B
[109] [M]: 0x00000000800006D4 (0x039BD793) srli x15, x23, 0x39                      rvtest_entrypoint+144
x15 <- 0x0000000000000000

clint mtime 0x0000000000000037 (mip.MTI <- 0b1, mip.STI <- 0b0)
mem[X,0x00000000800006D8] -> 0x6C33
mem[X,0x00000000800006DA] -> 0x00FC
[110] [M]: 0x00000000800006D8 (0x00FC6C33) or x24, x24, x15                         rvtest_entrypoint+148
x24 <- 0x000000000000007D

mem[X,0x00000000800006DC] -> 0x5C93
mem[X,0x00000000800006DE] -> 0x007C
[111] [M]: 0x00000000800006DC (0x007C5C93) srli x25, x24, 0x7                       rvtest_entrypoint+152
x25 <- 0x0000000000000000

clint mtime 0x0000000000000038 (mip.MTI <- 0b1, mip.STI <- 0b0)
mem[X,0x00000000800006E0] -> 0x5793
mem[X,0x00000000800006E2] -> 0x039C
[112] [M]: 0x00000000800006E0 (0x039C5793) srli x15, x24, 0x39                      rvtest_entrypoint+156
x15 <- 0x0000000000000000

mem[X,0x00000000800006E4] -> 0xECB3
mem[X,0x00000000800006E6] -> 0x00FC
[113] [M]: 0x00000000800006E4 (0x00FCECB3) or x25, x25, x15                         rvtest_entrypoint+160
x25 <- 0x0000000000000000

clint mtime 0x0000000000000039 (mip.MTI <- 0b1, mip.STI <- 0b0)
mem[X,0x00000000800006E8] -> 0xDD13
mem[X,0x00000000800006EA] -> 0x007C
[114] [M]: 0x00000000800006E8 (0x007CDD13) srli x26, x25, 0x7                       rvtest_entrypoint+164
x26 <- 0x0000000000000000

mem[X,0x00000000800006EC] -> 0xD793
mem[X,0x00000000800006EE] -> 0x039C
[115] [M]: 0x00000000800006EC (0x039CD793) srli x15, x25, 0x39                      rvtest_entrypoint+168
x15 <- 0x0000000000000000

clint mtime 0x000000000000003A (mip.MTI <- 0b1, mip.STI <- 0b0)
mem[X,0x00000000800006F0] -> 0x6D33
mem[X,0x00000000800006F2] -> 0x00FD
[116] [M]: 0x00000000800006F0 (0x00FD6D33) or x26, x26, x15                         rvtest_entrypoint+172
x26 <- 0x0000000000000000

mem[X,0x00000000800006F4] -> 0x5D93
mem[X,0x00000000800006F6] -> 0x007D
[117] [M]: 0x00000000800006F4 (0x007D5D93) srli x27, x26, 0x7                       rvtest_entrypoint+176
x27 <- 0x0000000000000000

clint mtime 0x000000000000003B (mip.MTI <- 0b1, mip.STI <- 0b0)
mem[X,0x00000000800006F8] -> 0x5793
mem[X,0x00000000800006FA] -> 0x039D
[118] [M]: 0x00000000800006F8 (0x039D5793) srli x15, x26, 0x39                      rvtest_entrypoint+180
x15 <- 0x0000000000000000

mem[X,0x00000000800006FC] -> 0xEDB3
mem[X,0x00000000800006FE] -> 0x00FD
[119] [M]: 0x00000000800006FC (0x00FDEDB3) or x27, x27, x15                         rvtest_entrypoint+184
x27 <- 0x0000000000000000

clint mtime 0x000000000000003C (mip.MTI <- 0b1, mip.STI <- 0b0)
mem[X,0x0000000080000700] -> 0xDE13
mem[X,0x0000000080000702] -> 0x007D
[120] [M]: 0x0000000080000700 (0x007DDE13) srli x28, x27, 0x7                       rvtest_entrypoint+188
x28 <- 0x0000000000000000

mem[X,0x0000000080000704] -> 0xD793
mem[X,0x0000000080000706] -> 0x039D
[121] [M]: 0x0000000080000704 (0x039DD793) srli x15, x27, 0x39                      rvtest_entrypoint+192
x15 <- 0x0000000000000000

clint mtime 0x000000000000003D (mip.MTI <- 0b1, mip.STI <- 0b0)
mem[X,0x0000000080000708] -> 0x6E33
mem[X,0x000000008000070A] -> 0x00FE
[122] [M]: 0x0000000080000708 (0x00FE6E33) or x28, x28, x15                         rvtest_entrypoint+196
x28 <- 0x0000000000000000

mem[X,0x000000008000070C] -> 0x5E93
mem[X,0x000000008000070E] -> 0x007E
[123] [M]: 0x000000008000070C (0x007E5E93) srli x29, x28, 0x7                       rvtest_entrypoint+200
x29 <- 0x0000000000000000

clint mtime 0x000000000000003E (mip.MTI <- 0b1, mip.STI <- 0b0)
mem[X,0x0000000080000710] -> 0x5793
mem[X,0x0000000080000712] -> 0x039E
[124] [M]: 0x0000000080000710 (0x039E5793) srli x15, x28, 0x39                      rvtest_entrypoint+204
x15 <- 0x0000000000000000

mem[X,0x0000000080000714] -> 0xEEB3
mem[X,0x0000000080000716] -> 0x00FE
[125] [M]: 0x0000000080000714 (0x00FEEEB3) or x29, x29, x15                         rvtest_entrypoint+208
x29 <- 0x0000000000000000

clint mtime 0x000000000000003F (mip.MTI <- 0b1, mip.STI <- 0b0)
mem[X,0x0000000080000718] -> 0xDF13
mem[X,0x000000008000071A] -> 0x007E
[126] [M]: 0x0000000080000718 (0x007EDF13) srli x30, x29, 0x7                       rvtest_entrypoint+212
x30 <- 0x0000000000000000

mem[X,0x000000008000071C] -> 0xD793
mem[X,0x000000008000071E] -> 0x039E
[127] [M]: 0x000000008000071C (0x039ED793) srli x15, x29, 0x39                      rvtest_entrypoint+216
x15 <- 0x0000000000000000

clint mtime 0x0000000000000040 (mip.MTI <- 0b1, mip.STI <- 0b0)
mem[X,0x0000000080000720] -> 0x6F33
mem[X,0x0000000080000722] -> 0x00FF
[128] [M]: 0x0000000080000720 (0x00FF6F33) or x30, x30, x15                         rvtest_entrypoint+220
x30 <- 0x0000000000000000

mem[X,0x0000000080000724] -> 0xC0B7
mem[X,0x0000000080000726] -> 0xFEED
[129] [M]: 0x0000000080000724 (0xFEEDC0B7) lui x1, -0x1124                          rvtest_entrypoint+224
x1 <- 0xFFFFFFFFFEEDC000

clint mtime 0x0000000000000041 (mip.MTI <- 0b1, mip.STI <- 0b0)
mem[X,0x0000000080000728] -> 0x8093
mem[X,0x000000008000072A] -> 0xEAD0
[130] [M]: 0x0000000080000728 (0xEAD08093) addi x1, x1, -0x153                      rvtest_entrypoint+228
x1 <- 0xFFFFFFFFFEEDBEAD

mem[X,0x000000008000072C] -> 0x9093
mem[X,0x000000008000072E] -> 0x00B0
[131] [M]: 0x000000008000072C (0x00B09093) slli x1, x1, 0xb                         rvtest_entrypoint+232
x1 <- 0xFFFFFFF76DF56800

clint mtime 0x0000000000000042 (mip.MTI <- 0b1, mip.STI <- 0b0)
mem[X,0x0000000080000730] -> 0x8093
mem[X,0x0000000080000732] -> 0x7F70
[132] [M]: 0x0000000080000730 (0x7F708093) addi x1, x1, 0x7f7                       rvtest_entrypoint+236
x1 <- 0xFFFFFFF76DF56FF7

mem[X,0x0000000080000734] -> 0x9093
mem[X,0x0000000080000736] -> 0x00B0
[133] [M]: 0x0000000080000734 (0x00B09093) slli x1, x1, 0xb                         rvtest_entrypoint+240
x1 <- 0xFFFFBB6FAB7FB800

clint mtime 0x0000000000000043 (mip.MTI <- 0b1, mip.STI <- 0b0)
mem[X,0x0000000080000738] -> 0x8093
mem[X,0x000000008000073A] -> 0x36F0
[134] [M]: 0x0000000080000738 (0x36F08093) addi x1, x1, 0x36f                       rvtest_entrypoint+244
x1 <- 0xFFFFBB6FAB7FBB6F

mem[X,0x000000008000073C] -> 0x9093
mem[X,0x000000008000073E] -> 0x00A0
[135] [M]: 0x000000008000073C (0x00A09093) slli x1, x1, 0xa                         rvtest_entrypoint+248
x1 <- 0xFEEDBEADFEEDBC00

clint mtime 0x0000000000000044 (mip.MTI <- 0b1, mip.STI <- 0b0)
mem[X,0x0000000080000740] -> 0x8093
mem[X,0x0000000080000742] -> 0x2AD0
[136] [M]: 0x0000000080000740 (0x2AD08093) addi x1, x1, 0x2ad                       rvtest_entrypoint+252
x1 <- 0xFEEDBEADFEEDBEAD

mem[X,0x0000000080000744] -> 0xD113
mem[X,0x0000000080000746] -> 0x0070
[137] [M]: 0x0000000080000744 (0x0070D113) srli x2, x1, 0x7                         rvtest_entrypoint+256
x2 <- 0x01FDDB7D5BFDDB7D

clint mtime 0x0000000000000045 (mip.MTI <- 0b1, mip.STI <- 0b0)
mem[X,0x0000000080000748] -> 0xD793
mem[X,0x000000008000074A] -> 0x0390
[138] [M]: 0x0000000080000748 (0x0390D793) srli x15, x1, 0x39                       rvtest_entrypoint+260
x15 <- 0x000000000000007F

mem[X,0x000000008000074C] -> 0x6133
mem[X,0x000000008000074E] -> 0x00F1
[139] [M]: 0x000000008000074C (0x00F16133) or x2, x2, x15                           rvtest_entrypoint+264
x2 <- 0x01FDDB7D5BFDDB7F

clint mtime 0x0000000000000046 (mip.MTI <- 0b1, mip.STI <- 0b0)
mem[X,0x0000000080000750] -> 0x5193
mem[X,0x0000000080000752] -> 0x0071
[140] [M]: 0x0000000080000750 (0x00715193) srli x3, x2, 0x7                         rvtest_entrypoint+268
x3 <- 0x0003FBB6FAB7FBB6

mem[X,0x0000000080000754] -> 0x5793
mem[X,0x0000000080000756] -> 0x0391
[141] [M]: 0x0000000080000754 (0x03915793) srli x15, x2, 0x39                       rvtest_entrypoint+272
x15 <- 0x0000000000000000

clint mtime 0x0000000000000047 (mip.MTI <- 0b1, mip.STI <- 0b0)
mem[X,0x0000000080000758] -> 0xE1B3
mem[X,0x000000008000075A] -> 0x00F1
[142] [M]: 0x0000000080000758 (0x00F1E1B3) or x3, x3, x15                           rvtest_entrypoint+276
x3 <- 0x0003FBB6FAB7FBB6

mem[X,0x000000008000075C] -> 0xD213
mem[X,0x000000008000075E] -> 0x0071
[143] [M]: 0x000000008000075C (0x0071D213) srli x4, x3, 0x7                         rvtest_entrypoint+280
x4 <- 0x000007F76DF56FF7

clint mtime 0x0000000000000048 (mip.MTI <- 0b1, mip.STI <- 0b0)
mem[X,0x0000000080000760] -> 0xD793
mem[X,0x0000000080000762] -> 0x0391
[144] [M]: 0x0000000080000760 (0x0391D793) srli x15, x3, 0x39                       rvtest_entrypoint+284
x15 <- 0x0000000000000000

mem[X,0x0000000080000764] -> 0x6233
mem[X,0x0000000080000766] -> 0x00F2
[145] [M]: 0x0000000080000764 (0x00F26233) or x4, x4, x15                           rvtest_entrypoint+288
x4 <- 0x000007F76DF56FF7

clint mtime 0x0000000000000049 (mip.MTI <- 0b1, mip.STI <- 0b0)
mem[X,0x0000000080000768] -> 0x5293
mem[X,0x000000008000076A] -> 0x0072
[146] [M]: 0x0000000080000768 (0x00725293) srli x5, x4, 0x7                         rvtest_entrypoint+292
x5 <- 0x0000000FEEDBEADF

mem[X,0x000000008000076C] -> 0x5793
mem[X,0x000000008000076E] -> 0x0392
[147] [M]: 0x000000008000076C (0x03925793) srli x15, x4, 0x39                       rvtest_entrypoint+296
x15 <- 0x0000000000000000

clint mtime 0x000000000000004A (mip.MTI <- 0b1, mip.STI <- 0b0)
mem[X,0x0000000080000770] -> 0xE2B3
mem[X,0x0000000080000772] -> 0x00F2
[148] [M]: 0x0000000080000770 (0x00F2E2B3) or x5, x5, x15                           rvtest_entrypoint+300
x5 <- 0x0000000FEEDBEADF

mem[X,0x0000000080000774] -> 0xD313
mem[X,0x0000000080000776] -> 0x0072
[149] [M]: 0x0000000080000774 (0x0072D313) srli x6, x5, 0x7                         rvtest_entrypoint+304
x6 <- 0x000000001FDDB7D5

clint mtime 0x000000000000004B (mip.MTI <- 0b1, mip.STI <- 0b0)
mem[X,0x0000000080000778] -> 0xD793
mem[X,0x000000008000077A] -> 0x0392
[150] [M]: 0x0000000080000778 (0x0392D793) srli x15, x5, 0x39                       rvtest_entrypoint+308
x15 <- 0x0000000000000000

mem[X,0x000000008000077C] -> 0x6333
mem[X,0x000000008000077E] -> 0x00F3
[151] [M]: 0x000000008000077C (0x00F36333) or x6, x6, x15                           rvtest_entrypoint+312
x6 <- 0x000000001FDDB7D5

clint mtime 0x000000000000004C (mip.MTI <- 0b1, mip.STI <- 0b0)
mem[X,0x0000000080000780] -> 0x5393
mem[X,0x0000000080000782] -> 0x0073
[152] [M]: 0x0000000080000780 (0x00735393) srli x7, x6, 0x7                         rvtest_entrypoint+316
x7 <- 0x00000000003FBB6F

mem[X,0x0000000080000784] -> 0x5793
mem[X,0x0000000080000786] -> 0x0393
[153] [M]: 0x0000000080000784 (0x03935793) srli x15, x6, 0x39                       rvtest_entrypoint+320
x15 <- 0x0000000000000000

clint mtime 0x000000000000004D (mip.MTI <- 0b1, mip.STI <- 0b0)
mem[X,0x0000000080000788] -> 0xE3B3
mem[X,0x000000008000078A] -> 0x00F3
[154] [M]: 0x0000000080000788 (0x00F3E3B3) or x7, x7, x15                           rvtest_entrypoint+324
x7 <- 0x00000000003FBB6F

mem[X,0x000000008000078C] -> 0xD413
mem[X,0x000000008000078E] -> 0x0073
[155] [M]: 0x000000008000078C (0x0073D413) srli x8, x7, 0x7                         rvtest_entrypoint+328
x8 <- 0x0000000000007F76

clint mtime 0x000000000000004E (mip.MTI <- 0b1, mip.STI <- 0b0)
mem[X,0x0000000080000790] -> 0xD793
mem[X,0x0000000080000792] -> 0x0393
[156] [M]: 0x0000000080000790 (0x0393D793) srli x15, x7, 0x39                       rvtest_entrypoint+332
x15 <- 0x0000000000000000

mem[X,0x0000000080000794] -> 0x6433
mem[X,0x0000000080000796] -> 0x00F4
[157] [M]: 0x0000000080000794 (0x00F46433) or x8, x8, x15                           rvtest_entrypoint+336
x8 <- 0x0000000000007F76

clint mtime 0x000000000000004F (mip.MTI <- 0b1, mip.STI <- 0b0)
mem[X,0x0000000080000798] -> 0x5493
mem[X,0x000000008000079A] -> 0x0074
[158] [M]: 0x0000000080000798 (0x00745493) srli x9, x8, 0x7                         rvtest_entrypoint+340
x9 <- 0x00000000000000FE

mem[X,0x000000008000079C] -> 0x5793
mem[X,0x000000008000079E] -> 0x0394
[159] [M]: 0x000000008000079C (0x03945793) srli x15, x8, 0x39                       rvtest_entrypoint+344
x15 <- 0x0000000000000000

clint mtime 0x0000000000000050 (mip.MTI <- 0b1, mip.STI <- 0b0)
mem[X,0x00000000800007A0] -> 0xE4B3
mem[X,0x00000000800007A2] -> 0x00F4
[160] [M]: 0x00000000800007A0 (0x00F4E4B3) or x9, x9, x15                           rvtest_entrypoint+348
x9 <- 0x00000000000000FE

mem[X,0x00000000800007A4] -> 0xD513
mem[X,0x00000000800007A6] -> 0x0074
[161] [M]: 0x00000000800007A4 (0x0074D513) srli x10, x9, 0x7                        rvtest_entrypoint+352
x10 <- 0x0000000000000001

clint mtime 0x0000000000000051 (mip.MTI <- 0b1, mip.STI <- 0b0)
mem[X,0x00000000800007A8] -> 0xD793
mem[X,0x00000000800007AA] -> 0x0394
[162] [M]: 0x00000000800007A8 (0x0394D793) srli x15, x9, 0x39                       rvtest_entrypoint+356
x15 <- 0x0000000000000000

mem[X,0x00000000800007AC] -> 0x6533
mem[X,0x00000000800007AE] -> 0x00F5
[163] [M]: 0x00000000800007AC (0x00F56533) or x10, x10, x15                         rvtest_entrypoint+360
x10 <- 0x0000000000000001

clint mtime 0x0000000000000052 (mip.MTI <- 0b1, mip.STI <- 0b0)
mem[X,0x00000000800007B0] -> 0x5593
mem[X,0x00000000800007B2] -> 0x0075
[164] [M]: 0x00000000800007B0 (0x00755593) srli x11, x10, 0x7                       rvtest_entrypoint+364
x11 <- 0x0000000000000000

mem[X,0x00000000800007B4] -> 0x5793
mem[X,0x00000000800007B6] -> 0x0395
[165] [M]: 0x00000000800007B4 (0x03955793) srli x15, x10, 0x39                      rvtest_entrypoint+368
x15 <- 0x0000000000000000

clint mtime 0x0000000000000053 (mip.MTI <- 0b1, mip.STI <- 0b0)
mem[X,0x00000000800007B8] -> 0xE5B3
mem[X,0x00000000800007BA] -> 0x00F5
[166] [M]: 0x00000000800007B8 (0x00F5E5B3) or x11, x11, x15                         rvtest_entrypoint+372
x11 <- 0x0000000000000000

mem[X,0x00000000800007BC] -> 0xD613
mem[X,0x00000000800007BE] -> 0x0075
[167] [M]: 0x00000000800007BC (0x0075D613) srli x12, x11, 0x7                       rvtest_entrypoint+376
x12 <- 0x0000000000000000

clint mtime 0x0000000000000054 (mip.MTI <- 0b1, mip.STI <- 0b0)
mem[X,0x00000000800007C0] -> 0xD793
mem[X,0x00000000800007C2] -> 0x0395
[168] [M]: 0x00000000800007C0 (0x0395D793) srli x15, x11, 0x39                      rvtest_entrypoint+380
x15 <- 0x0000000000000000

mem[X,0x00000000800007C4] -> 0x6633
mem[X,0x00000000800007C6] -> 0x00F6
[169] [M]: 0x00000000800007C4 (0x00F66633) or x12, x12, x15                         rvtest_entrypoint+384
x12 <- 0x0000000000000000

clint mtime 0x0000000000000055 (mip.MTI <- 0b1, mip.STI <- 0b0)
mem[X,0x00000000800007C8] -> 0x5693
mem[X,0x00000000800007CA] -> 0x0076
[170] [M]: 0x00000000800007C8 (0x00765693) srli x13, x12, 0x7                       rvtest_entrypoint+388
x13 <- 0x0000000000000000

mem[X,0x00000000800007CC] -> 0x5793
mem[X,0x00000000800007CE] -> 0x0396
[171] [M]: 0x00000000800007CC (0x03965793) srli x15, x12, 0x39                      rvtest_entrypoint+392
x15 <- 0x0000000000000000

clint mtime 0x0000000000000056 (mip.MTI <- 0b1, mip.STI <- 0b0)
mem[X,0x00000000800007D0] -> 0xE6B3
mem[X,0x00000000800007D2] -> 0x00F6
[172] [M]: 0x00000000800007D0 (0x00F6E6B3) or x13, x13, x15                         rvtest_entrypoint+396
x13 <- 0x0000000000000000

mem[X,0x00000000800007D4] -> 0x0013
mem[X,0x00000000800007D6] -> 0x0000
[173] [M]: 0x00000000800007D4 (0x00000013) addi x0, x0, 0x0                         rvtest_code_begin+0

clint mtime 0x0000000000000057 (mip.MTI <- 0b1, mip.STI <- 0b0)
mem[X,0x00000000800007D8] -> 0x0013
mem[X,0x00000000800007DA] -> 0x0000
[174] [M]: 0x00000000800007D8 (0x00000013) addi x0, x0, 0x0                         rvtest_code_begin+4

mem[X,0x00000000800007DC] -> 0x0013
mem[X,0x00000000800007DE] -> 0x0000
[175] [M]: 0x00000000800007DC (0x00000013) addi x0, x0, 0x0                         rvtest_code_begin+8

clint mtime 0x0000000000000058 (mip.MTI <- 0b1, mip.STI <- 0b0)
mem[X,0x00000000800007E0] -> 0xA697
mem[X,0x00000000800007E2] -> 0x0000
[176] [M]: 0x00000000800007E0 (0x0000A697) auipc x13, 0xa                           rvtest_code_begin+12
x13 <- 0x000000008000A7E0

mem[X,0x00000000800007E4] -> 0x8693
mem[X,0x00000000800007E6] -> 0x9386
[177] [M]: 0x00000000800007E4 (0x93868693) addi x13, x13, -0x6c8                    rvtest_code_begin+16
x13 <- 0x000000008000A118

clint mtime 0x0000000000000059 (mip.MTI <- 0b1, mip.STI <- 0b0)
mem[X,0x00000000800007E8] -> 0x0001
[178] [M]: 0x00000000800007E8 (0x0001) c.nop                                        rvtest_code_begin+20

mem[X,0x00000000800007EA] -> 0x0013
mem[X,0x00000000800007EC] -> 0x0000
[179] [M]: 0x00000000800007EA (0x00000013) addi x0, x0, 0x0                         rvtest_code_begin+22

clint mtime 0x000000000000005A (mip.MTI <- 0b1, mip.STI <- 0b0)
mem[X,0x00000000800007EE] -> 0x0013
mem[X,0x00000000800007F0] -> 0x0000
[180] [M]: 0x00000000800007EE (0x00000013) addi x0, x0, 0x0                         rvtest_code_begin+26

mem[X,0x00000000800007F2] -> 0x0013
mem[X,0x00000000800007F4] -> 0x0000
[181] [M]: 0x00000000800007F2 (0x00000013) addi x0, x0, 0x0                         rvtest_code_begin+30

clint mtime 0x000000000000005B (mip.MTI <- 0b1, mip.STI <- 0b0)
mem[X,0x00000000800007F6] -> 0x0013
mem[X,0x00000000800007F8] -> 0x0000
[182] [M]: 0x00000000800007F6 (0x00000013) addi x0, x0, 0x0                         rvtest_code_begin+34

mem[X,0x00000000800007FA] -> 0x0013
mem[X,0x00000000800007FC] -> 0x0000
[183] [M]: 0x00000000800007FA (0x00000013) addi x0, x0, 0x0                         rvtest_code_begin+38

clint mtime 0x000000000000005C (mip.MTI <- 0b1, mip.STI <- 0b0)
mem[X,0x00000000800007FE] -> 0x0001
[184] [M]: 0x00000000800007FE (0x0001) c.nop                                        rvtest_code_begin+42

mem[X,0x0000000080000800] -> 0xD737
mem[X,0x0000000080000802] -> 0x0000
[185] [M]: 0x0000000080000800 (0x0000D737) lui x14, 0xd                             main+0
x14 <- 0x000000000000D000

clint mtime 0x000000000000005D (mip.MTI <- 0b1, mip.STI <- 0b0)
mem[X,0x0000000080000804] -> 0x071B
mem[X,0x0000000080000806] -> 0xEED7
[186] [M]: 0x0000000080000804 (0xEED7071B) addiw x14, x14, -0x113                   main+4
x14 <- 0x000000000000CEED

mem[X,0x0000000080000808] -> 0xB023
mem[X,0x000000008000080A] -> 0x00E6
[187] [M]: 0x0000000080000808 (0x00E6B023) sd x14, 0x0(x13)                         main+8
mem[W,0x000000008000A118] <- 0x000000000000CEED

clint mtime 0x000000000000005E (mip.MTI <- 0b1, mip.STI <- 0b0)
mem[X,0x000000008000080C] -> 0xC737
mem[X,0x000000008000080E] -> 0x0000
[188] [M]: 0x000000008000080C (0x0000C737) lui x14, 0xc                             main+12
x14 <- 0x000000000000C000

mem[X,0x0000000080000810] -> 0x071B
mem[X,0x0000000080000812] -> 0xEED7
[189] [M]: 0x0000000080000810 (0xEED7071B) addiw x14, x14, -0x113                   main+16
x14 <- 0x000000000000BEED

clint mtime 0x000000000000005F (mip.MTI <- 0b1, mip.STI <- 0b0)
mem[X,0x0000000080000814] -> 0xB423
mem[X,0x0000000080000816] -> 0x00E6
[190] [M]: 0x0000000080000814 (0x00E6B423) sd x14, 0x8(x13)                         main+20
mem[W,0x000000008000A120] <- 0x000000000000BEED

mem[X,0x0000000080000818] -> 0x0393
mem[X,0x000000008000081A] -> 0xFFF0
[191] [M]: 0x0000000080000818 (0xFFF00393) addi x7, x0, -0x1                        main+24
x7 <- 0xFFFFFFFFFFFFFFFF

clint mtime 0x0000000000000060 (mip.MTI <- 0b1, mip.STI <- 0b0)
mem[X,0x000000008000081C] -> 0x9073
mem[X,0x000000008000081E] -> 0x3B03
[192] [M]: 0x000000008000081C (0x3B039073) csrrw x0, pmpaddr0, x7                   main+28
CSR pmpaddr0 (0x3B0) <- 0x003FFFFFFFFFFFFF

mem[X,0x0000000080000820] -> 0x0393
mem[X,0x0000000080000822] -> 0x00F0
[193] [M]: 0x0000000080000820 (0x00F00393) addi x7, x0, 0xf                         main+32
x7 <- 0x000000000000000F

clint mtime 0x0000000000000061 (mip.MTI <- 0b1, mip.STI <- 0b0)
mem[X,0x0000000080000824] -> 0x9073
mem[X,0x0000000080000826] -> 0x3A03
[194] [M]: 0x0000000080000824 (0x3A039073) csrrw x0, pmpcfg0, x7                    main+36
CSR pmpcfg0 (0x3A0) <- 0x000000000000000F

mem[X,0x0000000080000828] -> 0x0073
mem[X,0x000000008000082A] -> 0x1200
[195] [M]: 0x0000000080000828 (0x12000073) sfence.vma x0, x0                        main+40

clint mtime 0x0000000000000062 (mip.MTI <- 0b1, mip.STI <- 0b0)
mem[X,0x000000008000082C] -> 0x1073
mem[X,0x000000008000082E] -> 0x1800
[196] [M]: 0x000000008000082C (0x18001073) csrrw x0, satp, x0                       main+44
CSR satp (0x180) <- 0x0000000000000000

mem[X,0x0000000080000830] -> 0x0013
mem[X,0x0000000080000832] -> 0x0000
[197] [M]: 0x0000000080000830 (0x00000013) addi x0, x0, 0x0                         main+48

clint mtime 0x0000000000000063 (mip.MTI <- 0b1, mip.STI <- 0b0)
mem[X,0x0000000080000834] -> 0x0013
mem[X,0x0000000080000836] -> 0x0000
[198] [M]: 0x0000000080000834 (0x00000013) addi x0, x0, 0x0                         main+52

mem[X,0x0000000080000838] -> 0x0013
mem[X,0x000000008000083A] -> 0x0000
[199] [M]: 0x0000000080000838 (0x00000013) addi x0, x0, 0x0                         main+56

clint mtime 0x0000000000000064 (mip.MTI <- 0b1, mip.STI <- 0b0)
mem[X,0x000000008000083C] -> 0x0013
mem[X,0x000000008000083E] -> 0x0000
[200] [M]: 0x000000008000083C (0x00000013) addi x0, x0, 0x0                         main+60

mem[X,0x0000000080000840] -> 0x051B
mem[X,0x0000000080000842] -> 0x0000
[201] [M]: 0x0000000080000840 (0x0000051B) addiw x10, x0, 0x0                       main+64
x10 <- 0x0000000000000000

clint mtime 0x0000000000000065 (mip.MTI <- 0b1, mip.STI <- 0b0)
mem[X,0x0000000080000844] -> 0x0001
[202] [M]: 0x0000000080000844 (0x0001) c.nop                                        main+68

mem[X,0x0000000080000846] -> 0x0013
mem[X,0x0000000080000848] -> 0x0000
[203] [M]: 0x0000000080000846 (0x00000013) addi x0, x0, 0x0                         main+70

clint mtime 0x0000000000000066 (mip.MTI <- 0b1, mip.STI <- 0b0)
mem[X,0x000000008000084A] -> 0x0013
mem[X,0x000000008000084C] -> 0x0000
[204] [M]: 0x000000008000084A (0x00000013) addi x0, x0, 0x0                         main+74

mem[X,0x000000008000084E] -> 0x0013
mem[X,0x0000000080000850] -> 0x0000
[205] [M]: 0x000000008000084E (0x00000013) addi x0, x0, 0x0                         main+78

clint mtime 0x0000000000000067 (mip.MTI <- 0b1, mip.STI <- 0b0)
mem[X,0x0000000080000852] -> 0x0013
mem[X,0x0000000080000854] -> 0x0000
[206] [M]: 0x0000000080000852 (0x00000013) addi x0, x0, 0x0                         main+82

mem[X,0x0000000080000856] -> 0x0013
mem[X,0x0000000080000858] -> 0x0000
[207] [M]: 0x0000000080000856 (0x00000013) addi x0, x0, 0x0                         main+86

clint mtime 0x0000000000000068 (mip.MTI <- 0b1, mip.STI <- 0b0)
mem[X,0x000000008000085A] -> 0x0013
mem[X,0x000000008000085C] -> 0x0000
[208] [M]: 0x000000008000085A (0x00000013) addi x0, x0, 0x0                         main+90

mem[X,0x000000008000085E] -> 0x0001
[209] [M]: 0x000000008000085E (0x0001) c.nop                                        main+94

clint mtime 0x0000000000000069 (mip.MTI <- 0b1, mip.STI <- 0b0)
mem[X,0x0000000080000860] -> 0x0593
mem[X,0x0000000080000862] -> 0x0CB0
[210] [M]: 0x0000000080000860 (0x0CB00593) addi x11, x0, 0xcb                       main+96
x11 <- 0x00000000000000CB

mem[X,0x0000000080000864] -> 0x5513
mem[X,0x0000000080000866] -> 0x00C5
[211] [M]: 0x0000000080000864 (0x00C55513) srli x10, x10, 0xc                       main+100
x10 <- 0x0000000000000000

clint mtime 0x000000000000006A (mip.MTI <- 0b1, mip.STI <- 0b0)
mem[X,0x0000000080000868] -> 0x1513
mem[X,0x000000008000086A] -> 0x00A5
[212] [M]: 0x0000000080000868 (0x00A51513) slli x10, x10, 0xa                       main+104
x10 <- 0x0000000000000000

mem[X,0x000000008000086C] -> 0x6533
mem[X,0x000000008000086E] -> 0x00B5
[213] [M]: 0x000000008000086C (0x00B56533) or x10, x10, x11                         main+108
x10 <- 0x00000000000000CB

clint mtime 0x000000000000006B (mip.MTI <- 0b1, mip.STI <- 0b0)
mem[X,0x0000000080000870] -> 0x0013
mem[X,0x0000000080000872] -> 0x0000
[214] [M]: 0x0000000080000870 (0x00000013) addi x0, x0, 0x0                         main+112

mem[X,0x0000000080000874] -> 0x0013
mem[X,0x0000000080000876] -> 0x0000
[215] [M]: 0x0000000080000874 (0x00000013) addi x0, x0, 0x0                         main+116

clint mtime 0x000000000000006C (mip.MTI <- 0b1, mip.STI <- 0b0)
mem[X,0x0000000080000878] -> 0x0013
mem[X,0x000000008000087A] -> 0x0000
[216] [M]: 0x0000000080000878 (0x00000013) addi x0, x0, 0x0                         main+120

mem[X,0x000000008000087C] -> 0x0013
mem[X,0x000000008000087E] -> 0x0000
[217] [M]: 0x000000008000087C (0x00000013) addi x0, x0, 0x0                         main+124

clint mtime 0x000000000000006D (mip.MTI <- 0b1, mip.STI <- 0b0)
mem[X,0x0000000080000880] -> 0x8317
mem[X,0x0000000080000882] -> 0x0000
[218] [M]: 0x0000000080000880 (0x00008317) auipc x6, 0x8                            main+128
x6 <- 0x0000000080008880

mem[X,0x0000000080000884] -> 0x0313
mem[X,0x0000000080000886] -> 0x7803
[219] [M]: 0x0000000080000884 (0x78030313) addi x6, x6, 0x780                       main+132
x6 <- 0x0000000080009000

clint mtime 0x000000000000006E (mip.MTI <- 0b1, mip.STI <- 0b0)
mem[X,0x0000000080000888] -> 0x0001
[220] [M]: 0x0000000080000888 (0x0001) c.nop                                        main+136

mem[X,0x000000008000088A] -> 0x0013
mem[X,0x000000008000088C] -> 0x0000
[221] [M]: 0x000000008000088A (0x00000013) addi x0, x0, 0x0                         main+138

clint mtime 0x000000000000006F (mip.MTI <- 0b1, mip.STI <- 0b0)
mem[X,0x000000008000088E] -> 0x0013
mem[X,0x0000000080000890] -> 0x0000
[222] [M]: 0x000000008000088E (0x00000013) addi x0, x0, 0x0                         main+142

mem[X,0x0000000080000892] -> 0x0013
mem[X,0x0000000080000894] -> 0x0000
[223] [M]: 0x0000000080000892 (0x00000013) addi x0, x0, 0x0                         main+146

clint mtime 0x0000000000000070 (mip.MTI <- 0b1, mip.STI <- 0b0)
mem[X,0x0000000080000896] -> 0x0013
mem[X,0x0000000080000898] -> 0x0000
[224] [M]: 0x0000000080000896 (0x00000013) addi x0, x0, 0x0                         main+150

mem[X,0x000000008000089A] -> 0x0013
mem[X,0x000000008000089C] -> 0x0000
[225] [M]: 0x000000008000089A (0x00000013) addi x0, x0, 0x0                         main+154

clint mtime 0x0000000000000071 (mip.MTI <- 0b1, mip.STI <- 0b0)
mem[X,0x000000008000089E] -> 0x0001
[226] [M]: 0x000000008000089E (0x0001) c.nop                                        main+158

mem[X,0x00000000800008A0] -> 0x0293
mem[X,0x00000000800008A2] -> 0x0300
[227] [M]: 0x00000000800008A0 (0x03000293) addi x5, x0, 0x30                        main+160
x5 <- 0x0000000000000030

clint mtime 0x0000000000000072 (mip.MTI <- 0b1, mip.STI <- 0b0)
mem[X,0x00000000800008A4] -> 0x0333
mem[X,0x00000000800008A6] -> 0x0053
[228] [M]: 0x00000000800008A4 (0x00530333) add x6, x6, x5                           main+164
x6 <- 0x0000000080009030

mem[X,0x00000000800008A8] -> 0x3023
mem[X,0x00000000800008AA] -> 0x00A3
[229] [M]: 0x00000000800008A8 (0x00A33023) sd x10, 0x0(x6)                          main+168
mem[W,0x0000000080009030] <- 0x00000000000000CB

clint mtime 0x0000000000000073 (mip.MTI <- 0b1, mip.STI <- 0b0)
mem[X,0x00000000800008AC] -> 0x0073
mem[X,0x00000000800008AE] -> 0x1200
[230] [M]: 0x00000000800008AC (0x12000073) sfence.vma x0, x0                        main+172

mem[X,0x00000000800008B0] -> 0x0013
mem[X,0x00000000800008B2] -> 0x0000
[231] [M]: 0x00000000800008B0 (0x00000013) addi x0, x0, 0x0                         main+176

clint mtime 0x0000000000000074 (mip.MTI <- 0b1, mip.STI <- 0b0)
mem[X,0x00000000800008B4] -> 0x0013
mem[X,0x00000000800008B6] -> 0x0000
[232] [M]: 0x00000000800008B4 (0x00000013) addi x0, x0, 0x0                         main+180

mem[X,0x00000000800008B8] -> 0x0013
mem[X,0x00000000800008BA] -> 0x0000
[233] [M]: 0x00000000800008B8 (0x00000013) addi x0, x0, 0x0                         main+184

clint mtime 0x0000000000000075 (mip.MTI <- 0b1, mip.STI <- 0b0)
mem[X,0x00000000800008BC] -> 0x0013
mem[X,0x00000000800008BE] -> 0x0000
[234] [M]: 0x00000000800008BC (0x00000013) addi x0, x0, 0x0                         main+188

mem[X,0x00000000800008C0] -> 0x051B
mem[X,0x00000000800008C2] -> 0x0000
[235] [M]: 0x00000000800008C0 (0x0000051B) addiw x10, x0, 0x0                       main+192
x10 <- 0x0000000000000000

clint mtime 0x0000000000000076 (mip.MTI <- 0b1, mip.STI <- 0b0)
mem[X,0x00000000800008C4] -> 0x0001
[236] [M]: 0x00000000800008C4 (0x0001) c.nop                                        main+196

mem[X,0x00000000800008C6] -> 0x0013
mem[X,0x00000000800008C8] -> 0x0000
[237] [M]: 0x00000000800008C6 (0x00000013) addi x0, x0, 0x0                         main+198

clint mtime 0x0000000000000077 (mip.MTI <- 0b1, mip.STI <- 0b0)
mem[X,0x00000000800008CA] -> 0x0013
mem[X,0x00000000800008CC] -> 0x0000
[238] [M]: 0x00000000800008CA (0x00000013) addi x0, x0, 0x0                         main+202

mem[X,0x00000000800008CE] -> 0x0013
mem[X,0x00000000800008D0] -> 0x0000
[239] [M]: 0x00000000800008CE (0x00000013) addi x0, x0, 0x0                         main+206

clint mtime 0x0000000000000078 (mip.MTI <- 0b1, mip.STI <- 0b0)
mem[X,0x00000000800008D2] -> 0x0013
mem[X,0x00000000800008D4] -> 0x0000
[240] [M]: 0x00000000800008D2 (0x00000013) addi x0, x0, 0x0                         main+210

mem[X,0x00000000800008D6] -> 0x0013
mem[X,0x00000000800008D8] -> 0x0000
[241] [M]: 0x00000000800008D6 (0x00000013) addi x0, x0, 0x0                         main+214

clint mtime 0x0000000000000079 (mip.MTI <- 0b1, mip.STI <- 0b0)
mem[X,0x00000000800008DA] -> 0x0013
mem[X,0x00000000800008DC] -> 0x0000
[242] [M]: 0x00000000800008DA (0x00000013) addi x0, x0, 0x0                         main+218

mem[X,0x00000000800008DE] -> 0x0001
[243] [M]: 0x00000000800008DE (0x0001) c.nop                                        main+222

clint mtime 0x000000000000007A (mip.MTI <- 0b1, mip.STI <- 0b0)
mem[X,0x00000000800008E0] -> 0x0593
mem[X,0x00000000800008E2] -> 0x0CF0
[244] [M]: 0x00000000800008E0 (0x0CF00593) addi x11, x0, 0xcf                       main+224
x11 <- 0x00000000000000CF

mem[X,0x00000000800008E4] -> 0x5513
mem[X,0x00000000800008E6] -> 0x00C5
[245] [M]: 0x00000000800008E4 (0x00C55513) srli x10, x10, 0xc                       main+228
x10 <- 0x0000000000000000

clint mtime 0x000000000000007B (mip.MTI <- 0b1, mip.STI <- 0b0)
mem[X,0x00000000800008E8] -> 0x1513
mem[X,0x00000000800008EA] -> 0x00A5
[246] [M]: 0x00000000800008E8 (0x00A51513) slli x10, x10, 0xa                       main+232
x10 <- 0x0000000000000000

mem[X,0x00000000800008EC] -> 0x6533
mem[X,0x00000000800008EE] -> 0x00B5
[247] [M]: 0x00000000800008EC (0x00B56533) or x10, x10, x11                         main+236
x10 <- 0x00000000000000CF

clint mtime 0x000000000000007C (mip.MTI <- 0b1, mip.STI <- 0b0)
mem[X,0x00000000800008F0] -> 0x0013
mem[X,0x00000000800008F2] -> 0x0000
[248] [M]: 0x00000000800008F0 (0x00000013) addi x0, x0, 0x0                         main+240

mem[X,0x00000000800008F4] -> 0x0013
mem[X,0x00000000800008F6] -> 0x0000
[249] [M]: 0x00000000800008F4 (0x00000013) addi x0, x0, 0x0                         main+244

clint mtime 0x000000000000007D (mip.MTI <- 0b1, mip.STI <- 0b0)
mem[X,0x00000000800008F8] -> 0x0013
mem[X,0x00000000800008FA] -> 0x0000
[250] [M]: 0x00000000800008F8 (0x00000013) addi x0, x0, 0x0                         main+248

mem[X,0x00000000800008FC] -> 0x0013
mem[X,0x00000000800008FE] -> 0x0000
[251] [M]: 0x00000000800008FC (0x00000013) addi x0, x0, 0x0                         main+252

clint mtime 0x000000000000007E (mip.MTI <- 0b1, mip.STI <- 0b0)
mem[X,0x0000000080000900] -> 0x8317
mem[X,0x0000000080000902] -> 0x0000
[252] [M]: 0x0000000080000900 (0x00008317) auipc x6, 0x8                            main+256
x6 <- 0x0000000080008900

mem[X,0x0000000080000904] -> 0x0313
mem[X,0x0000000080000906] -> 0x7003
[253] [M]: 0x0000000080000904 (0x70030313) addi x6, x6, 0x700                       main+260
x6 <- 0x0000000080009000

clint mtime 0x000000000000007F (mip.MTI <- 0b1, mip.STI <- 0b0)
mem[X,0x0000000080000908] -> 0x0001
[254] [M]: 0x0000000080000908 (0x0001) c.nop                                        main+264

mem[X,0x000000008000090A] -> 0x0013
mem[X,0x000000008000090C] -> 0x0000
[255] [M]: 0x000000008000090A (0x00000013) addi x0, x0, 0x0                         main+266

clint mtime 0x0000000000000080 (mip.MTI <- 0b1, mip.STI <- 0b0)
mem[X,0x000000008000090E] -> 0x0013
mem[X,0x0000000080000910] -> 0x0000
[256] [M]: 0x000000008000090E (0x00000013) addi x0, x0, 0x0                         main+270

mem[X,0x0000000080000912] -> 0x0013
mem[X,0x0000000080000914] -> 0x0000
[257] [M]: 0x0000000080000912 (0x00000013) addi x0, x0, 0x0                         main+274

clint mtime 0x0000000000000081 (mip.MTI <- 0b1, mip.STI <- 0b0)
mem[X,0x0000000080000916] -> 0x0013
mem[X,0x0000000080000918] -> 0x0000
[258] [M]: 0x0000000080000916 (0x00000013) addi x0, x0, 0x0                         main+278

mem[X,0x000000008000091A] -> 0x0013
mem[X,0x000000008000091C] -> 0x0000
[259] [M]: 0x000000008000091A (0x00000013) addi x0, x0, 0x0                         main+282

clint mtime 0x0000000000000082 (mip.MTI <- 0b1, mip.STI <- 0b0)
mem[X,0x000000008000091E] -> 0x0001
[260] [M]: 0x000000008000091E (0x0001) c.nop                                        main+286

mem[X,0x0000000080000920] -> 0x0293
mem[X,0x0000000080000922] -> 0x0380
[261] [M]: 0x0000000080000920 (0x03800293) addi x5, x0, 0x38                        main+288
x5 <- 0x0000000000000038

clint mtime 0x0000000000000083 (mip.MTI <- 0b1, mip.STI <- 0b0)
mem[X,0x0000000080000924] -> 0x0333
mem[X,0x0000000080000926] -> 0x0053
[262] [M]: 0x0000000080000924 (0x00530333) add x6, x6, x5                           main+292
x6 <- 0x0000000080009038

mem[X,0x0000000080000928] -> 0x3023
mem[X,0x000000008000092A] -> 0x00A3
[263] [M]: 0x0000000080000928 (0x00A33023) sd x10, 0x0(x6)                          main+296
mem[W,0x0000000080009038] <- 0x00000000000000CF

clint mtime 0x0000000000000084 (mip.MTI <- 0b1, mip.STI <- 0b0)
mem[X,0x000000008000092C] -> 0x0073
mem[X,0x000000008000092E] -> 0x1200
[264] [M]: 0x000000008000092C (0x12000073) sfence.vma x0, x0                        main+300

mem[X,0x0000000080000930] -> 0x02B7
mem[X,0x0000000080000932] -> 0x0007
[265] [M]: 0x0000000080000930 (0x000702B7) lui x5, 0x70                             main+304
x5 <- 0x0000000000070000

clint mtime 0x0000000000000085 (mip.MTI <- 0b1, mip.STI <- 0b0)
mem[X,0x0000000080000934] -> 0x8293
mem[X,0x0000000080000936] -> 0x0002
[266] [M]: 0x0000000080000934 (0x00028293) addi x5, x5, 0x0                         main+308
x5 <- 0x0000000000070000

mem[X,0x0000000080000938] -> 0x9293
mem[X,0x000000008000093A] -> 0x00B2
[267] [M]: 0x0000000080000938 (0x00B29293) slli x5, x5, 0xb                         main+312
x5 <- 0x0000000038000000

clint mtime 0x0000000000000086 (mip.MTI <- 0b1, mip.STI <- 0b0)
mem[X,0x000000008000093C] -> 0x8293
mem[X,0x000000008000093E] -> 0x4002
[268] [M]: 0x000000008000093C (0x40028293) addi x5, x5, 0x400                       main+316
x5 <- 0x0000000038000400

mem[X,0x0000000080000940] -> 0x9293
mem[X,0x0000000080000942] -> 0x00B2
[269] [M]: 0x0000000080000940 (0x00B29293) slli x5, x5, 0xb                         main+320
x5 <- 0x000001C000200000

clint mtime 0x0000000000000087 (mip.MTI <- 0b1, mip.STI <- 0b0)
mem[X,0x0000000080000944] -> 0x8293
mem[X,0x0000000080000946] -> 0x0112
[270] [M]: 0x0000000080000944 (0x01128293) addi x5, x5, 0x11                        main+324
x5 <- 0x000001C000200011

mem[X,0x0000000080000948] -> 0x9293
mem[X,0x000000008000094A] -> 0x00A2
[271] [M]: 0x0000000080000948 (0x00A29293) slli x5, x5, 0xa                         main+328
x5 <- 0x0007000080004400

clint mtime 0x0000000000000088 (mip.MTI <- 0b1, mip.STI <- 0b0)
mem[X,0x000000008000094C] -> 0x8293
mem[X,0x000000008000094E] -> 0x1302
[272] [M]: 0x000000008000094C (0x13028293) addi x5, x5, 0x130                       main+332
x5 <- 0x0007000080004530

mem[X,0x0000000080000950] -> 0x0013
mem[X,0x0000000080000952] -> 0x0000
[273] [M]: 0x0000000080000950 (0x00000013) addi x0, x0, 0x0                         main+336

clint mtime 0x0000000000000089 (mip.MTI <- 0b1, mip.STI <- 0b0)
mem[X,0x0000000080000954] -> 0x0013
mem[X,0x0000000080000956] -> 0x0000
[274] [M]: 0x0000000080000954 (0x00000013) addi x0, x0, 0x0                         main+340

mem[X,0x0000000080000958] -> 0x0013
mem[X,0x000000008000095A] -> 0x0000
[275] [M]: 0x0000000080000958 (0x00000013) addi x0, x0, 0x0                         main+344

clint mtime 0x000000000000008A (mip.MTI <- 0b1, mip.STI <- 0b0)
mem[X,0x000000008000095C] -> 0x0013
mem[X,0x000000008000095E] -> 0x0000
[276] [M]: 0x000000008000095C (0x00000013) addi x0, x0, 0x0                         main+348

mem[X,0x0000000080000960] -> 0x4317
mem[X,0x0000000080000962] -> 0x0000
[277] [M]: 0x0000000080000960 (0x00004317) auipc x6, 0x4                            main+352
x6 <- 0x0000000080004960

clint mtime 0x000000000000008B (mip.MTI <- 0b1, mip.STI <- 0b0)
mem[X,0x0000000080000964] -> 0x0313
mem[X,0x0000000080000966] -> 0xBD03
[278] [M]: 0x0000000080000964 (0xBD030313) addi x6, x6, -0x430                      main+356
x6 <- 0x0000000080004530

mem[X,0x0000000080000968] -> 0x0001
[279] [M]: 0x0000000080000968 (0x0001) c.nop                                        main+360

clint mtime 0x000000000000008C (mip.MTI <- 0b1, mip.STI <- 0b0)
mem[X,0x000000008000096A] -> 0x0013
mem[X,0x000000008000096C] -> 0x0000
[280] [M]: 0x000000008000096A (0x00000013) addi x0, x0, 0x0                         main+362

mem[X,0x000000008000096E] -> 0x0013
mem[X,0x0000000080000970] -> 0x0000
[281] [M]: 0x000000008000096E (0x00000013) addi x0, x0, 0x0                         main+366

clint mtime 0x000000000000008D (mip.MTI <- 0b1, mip.STI <- 0b0)
mem[X,0x0000000080000972] -> 0x0013
mem[X,0x0000000080000974] -> 0x0000
[282] [M]: 0x0000000080000972 (0x00000013) addi x0, x0, 0x0                         main+370

mem[X,0x0000000080000976] -> 0x0013
mem[X,0x0000000080000978] -> 0x0000
[283] [M]: 0x0000000080000976 (0x00000013) addi x0, x0, 0x0                         main+374

clint mtime 0x000000000000008E (mip.MTI <- 0b1, mip.STI <- 0b0)
mem[X,0x000000008000097A] -> 0x0013
mem[X,0x000000008000097C] -> 0x0000
[284] [M]: 0x000000008000097A (0x00000013) addi x0, x0, 0x0                         main+378

mem[X,0x000000008000097E] -> 0x0001
[285] [M]: 0x000000008000097E (0x0001) c.nop                                        main+382

clint mtime 0x000000000000008F (mip.MTI <- 0b1, mip.STI <- 0b0)
mem[X,0x0000000080000980] -> 0x82B3
mem[X,0x0000000080000982] -> 0x4062
[286] [M]: 0x0000000080000980 (0x406282B3) sub x5, x5, x6                           main+384
x5 <- 0x0007000000000000

mem[X,0x0000000080000984] -> 0x8E13
mem[X,0x0000000080000986] -> 0x2982
[287] [M]: 0x0000000080000984 (0x29828E13) addi x28, x5, 0x298                      main+388
x28 <- 0x0007000000000298

clint mtime 0x0000000000000090 (mip.MTI <- 0b1, mip.STI <- 0b0)
mem[X,0x0000000080000988] -> 0x2173
mem[X,0x000000008000098A] -> 0x3400
[288] [M]: 0x0000000080000988 (0x34002173) csrrs x2, mscratch, x0                   main+392
CSR mscratch (0x340) -> 0x0000000080004000
x2 <- 0x0000000080004000

mem[X,0x000000008000098C] -> 0x0333
mem[X,0x000000008000098E] -> 0x01C1
[289] [M]: 0x000000008000098C (0x01C10333) add x6, x2, x28                          main+396
x6 <- 0x0007000080004298

clint mtime 0x0000000000000091 (mip.MTI <- 0b1, mip.STI <- 0b0)
mem[X,0x0000000080000990] -> 0x1073
mem[X,0x0000000080000992] -> 0x1403
[290] [M]: 0x0000000080000990 (0x14031073) csrrw x0, sscratch, x6                   main+400
CSR sscratch (0x140) <- 0x0007000080004298

mem[X,0x0000000080000994] -> 0x2173
mem[X,0x0000000080000996] -> 0x3400
[291] [M]: 0x0000000080000994 (0x34002173) csrrs x2, mscratch, x0                   main+404
CSR mscratch (0x340) -> 0x0000000080004000
x2 <- 0x0000000080004000

clint mtime 0x0000000000000092 (mip.MTI <- 0b1, mip.STI <- 0b0)
mem[X,0x0000000080000998] -> 0x02B7
mem[X,0x000000008000099A] -> 0x0006
[292] [M]: 0x0000000080000998 (0x000602B7) lui x5, 0x60                             main+408
x5 <- 0x0000000000060000

mem[X,0x000000008000099C] -> 0x8293
mem[X,0x000000008000099E] -> 0x0002
[293] [M]: 0x000000008000099C (0x00028293) addi x5, x5, 0x0                         main+412
x5 <- 0x0000000000060000

clint mtime 0x0000000000000093 (mip.MTI <- 0b1, mip.STI <- 0b0)
mem[X,0x00000000800009A0] -> 0x9293
mem[X,0x00000000800009A2] -> 0x00B2
[294] [M]: 0x00000000800009A0 (0x00B29293) slli x5, x5, 0xb                         main+416
x5 <- 0x0000000030000000

mem[X,0x00000000800009A4] -> 0x8293
mem[X,0x00000000800009A6] -> 0x4002
[295] [M]: 0x00000000800009A4 (0x40028293) addi x5, x5, 0x400                       main+420
x5 <- 0x0000000030000400

clint mtime 0x0000000000000094 (mip.MTI <- 0b1, mip.STI <- 0b0)
mem[X,0x00000000800009A8] -> 0x9293
mem[X,0x00000000800009AA] -> 0x00B2
[296] [M]: 0x00000000800009A8 (0x00B29293) slli x5, x5, 0xb                         main+424
x5 <- 0x0000018000200000

mem[X,0x00000000800009AC] -> 0x8293
mem[X,0x00000000800009AE] -> 0x0012
[297] [M]: 0x00000000800009AC (0x00128293) addi x5, x5, 0x1                         main+428
x5 <- 0x0000018000200001

clint mtime 0x0000000000000095 (mip.MTI <- 0b1, mip.STI <- 0b0)
mem[X,0x00000000800009B0] -> 0x9293
mem[X,0x00000000800009B2] -> 0x00A2
[298] [M]: 0x00000000800009B0 (0x00A29293) slli x5, x5, 0xa                         main+432
x5 <- 0x0006000080000400

mem[X,0x00000000800009B4] -> 0x8293
mem[X,0x00000000800009B6] -> 0x3BC2
[299] [M]: 0x00000000800009B4 (0x3BC28293) addi x5, x5, 0x3bc                       main+436
x5 <- 0x00060000800007BC

clint mtime 0x0000000000000096 (mip.MTI <- 0b1, mip.STI <- 0b0)
mem[X,0x00000000800009B8] -> 0x0013
mem[X,0x00000000800009BA] -> 0x0000
[300] [M]: 0x00000000800009B8 (0x00000013) addi x0, x0, 0x0                         main+440

mem[X,0x00000000800009BC] -> 0x0013
mem[X,0x00000000800009BE] -> 0x0000
[301] [M]: 0x00000000800009BC (0x00000013) addi x0, x0, 0x0                         main+444

clint mtime 0x0000000000000097 (mip.MTI <- 0b1, mip.STI <- 0b0)
mem[X,0x00000000800009C0] -> 0x0317
mem[X,0x00000000800009C2] -> 0x0000
[302] [M]: 0x00000000800009C0 (0x00000317) auipc x6, 0x0                            main+448
x6 <- 0x00000000800009C0

mem[X,0x00000000800009C4] -> 0x0313
mem[X,0x00000000800009C6] -> 0xE143
[303] [M]: 0x00000000800009C4 (0xE1430313) addi x6, x6, -0x1ec                      main+452
x6 <- 0x00000000800007D4

clint mtime 0x0000000000000098 (mip.MTI <- 0b1, mip.STI <- 0b0)
mem[X,0x00000000800009C8] -> 0x0001
[304] [M]: 0x00000000800009C8 (0x0001) c.nop                                        main+456

mem[X,0x00000000800009CA] -> 0x0013
mem[X,0x00000000800009CC] -> 0x0000
[305] [M]: 0x00000000800009CA (0x00000013) addi x0, x0, 0x0                         main+458

clint mtime 0x0000000000000099 (mip.MTI <- 0b1, mip.STI <- 0b0)
mem[X,0x00000000800009CE] -> 0x0013
mem[X,0x00000000800009D0] -> 0x0000
[306] [M]: 0x00000000800009CE (0x00000013) addi x0, x0, 0x0                         main+462

mem[X,0x00000000800009D2] -> 0x0013
mem[X,0x00000000800009D4] -> 0x0000
[307] [M]: 0x00000000800009D2 (0x00000013) addi x0, x0, 0x0                         main+466

clint mtime 0x000000000000009A (mip.MTI <- 0b1, mip.STI <- 0b0)
mem[X,0x00000000800009D6] -> 0x0013
mem[X,0x00000000800009D8] -> 0x0000
[308] [M]: 0x00000000800009D6 (0x00000013) addi x0, x0, 0x0                         main+470

mem[X,0x00000000800009DA] -> 0x0013
mem[X,0x00000000800009DC] -> 0x0000
[309] [M]: 0x00000000800009DA (0x00000013) addi x0, x0, 0x0                         main+474

clint mtime 0x000000000000009B (mip.MTI <- 0b1, mip.STI <- 0b0)
mem[X,0x00000000800009DE] -> 0x0001
[310] [M]: 0x00000000800009DE (0x0001) c.nop                                        main+478

mem[X,0x00000000800009E0] -> 0x82B3
mem[X,0x00000000800009E2] -> 0x4062
[311] [M]: 0x00000000800009E0 (0x406282B3) sub x5, x5, x6                           main+480
x5 <- 0x0005FFFFFFFFFFE8

clint mtime 0x000000000000009C (mip.MTI <- 0b1, mip.STI <- 0b0)
mem[X,0x00000000800009E4] -> 0x3303
mem[X,0x00000000800009E6] -> 0x1D81
[312] [M]: 0x00000000800009E4 (0x1D813303) ld x6, 0x1d8(x2)                         main+484
mem[R,0x00000000800041D8] -> 0x00000000800007D4
x6 <- 0x00000000800007D4

mem[X,0x00000000800009E8] -> 0x03B3
mem[X,0x00000000800009EA] -> 0x0053
[313] [M]: 0x00000000800009E8 (0x005303B3) add x7, x6, x5                           main+488
x7 <- 0x00060000800007BC

clint mtime 0x000000000000009D (mip.MTI <- 0b1, mip.STI <- 0b0)
mem[X,0x00000000800009EC] -> 0x3823
mem[X,0x00000000800009EE] -> 0x4671
[314] [M]: 0x00000000800009EC (0x46713823) sd x7, 0x470(x2)                         main+492
mem[W,0x0000000080004470] <- 0x00060000800007BC

mem[X,0x00000000800009F0] -> 0x02B7
mem[X,0x00000000800009F2] -> 0x0007
[315] [M]: 0x00000000800009F0 (0x000702B7) lui x5, 0x70                             main+496
x5 <- 0x0000000000070000

clint mtime 0x000000000000009E (mip.MTI <- 0b1, mip.STI <- 0b0)
mem[X,0x00000000800009F4] -> 0x8293
mem[X,0x00000000800009F6] -> 0x0002
[316] [M]: 0x00000000800009F4 (0x00028293) addi x5, x5, 0x0                         main+500
x5 <- 0x0000000000070000

mem[X,0x00000000800009F8] -> 0x9293
mem[X,0x00000000800009FA] -> 0x00B2
[317] [M]: 0x00000000800009F8 (0x00B29293) slli x5, x5, 0xb                         main+504
x5 <- 0x0000000038000000

clint mtime 0x000000000000009F (mip.MTI <- 0b1, mip.STI <- 0b0)
mem[X,0x00000000800009FC] -> 0x8293
mem[X,0x00000000800009FE] -> 0x4002
[318] [M]: 0x00000000800009FC (0x40028293) addi x5, x5, 0x400                       main+508
x5 <- 0x0000000038000400

mem[X,0x0000000080000A00] -> 0x9293
mem[X,0x0000000080000A02] -> 0x00B2
[319] [M]: 0x0000000080000A00 (0x00B29293) slli x5, x5, 0xb                         main+512
x5 <- 0x000001C000200000

clint mtime 0x00000000000000A0 (mip.MTI <- 0b1, mip.STI <- 0b0)
mem[X,0x0000000080000A04] -> 0x8293
mem[X,0x0000000080000A06] -> 0x0112
[320] [M]: 0x0000000080000A04 (0x01128293) addi x5, x5, 0x11                        main+516
x5 <- 0x000001C000200011

mem[X,0x0000000080000A08] -> 0x9293
mem[X,0x0000000080000A0A] -> 0x00A2
[321] [M]: 0x0000000080000A08 (0x00A29293) slli x5, x5, 0xa                         main+520
x5 <- 0x0007000080004400

clint mtime 0x00000000000000A1 (mip.MTI <- 0b1, mip.STI <- 0b0)
mem[X,0x0000000080000A0C] -> 0x8293
mem[X,0x0000000080000A0E] -> 0x1302
[322] [M]: 0x0000000080000A0C (0x13028293) addi x5, x5, 0x130                       main+524
x5 <- 0x0007000080004530

mem[X,0x0000000080000A10] -> 0x0013
mem[X,0x0000000080000A12] -> 0x0000
[323] [M]: 0x0000000080000A10 (0x00000013) addi x0, x0, 0x0                         main+528

clint mtime 0x00000000000000A2 (mip.MTI <- 0b1, mip.STI <- 0b0)
mem[X,0x0000000080000A14] -> 0x0013
mem[X,0x0000000080000A16] -> 0x0000
[324] [M]: 0x0000000080000A14 (0x00000013) addi x0, x0, 0x0                         main+532

mem[X,0x0000000080000A18] -> 0x0013
mem[X,0x0000000080000A1A] -> 0x0000
[325] [M]: 0x0000000080000A18 (0x00000013) addi x0, x0, 0x0                         main+536

clint mtime 0x00000000000000A3 (mip.MTI <- 0b1, mip.STI <- 0b0)
mem[X,0x0000000080000A1C] -> 0x0013
mem[X,0x0000000080000A1E] -> 0x0000
[326] [M]: 0x0000000080000A1C (0x00000013) addi x0, x0, 0x0                         main+540

mem[X,0x0000000080000A20] -> 0x4317
mem[X,0x0000000080000A22] -> 0x0000
[327] [M]: 0x0000000080000A20 (0x00004317) auipc x6, 0x4                            main+544
x6 <- 0x0000000080004A20

clint mtime 0x00000000000000A4 (mip.MTI <- 0b1, mip.STI <- 0b0)
mem[X,0x0000000080000A24] -> 0x0313
mem[X,0x0000000080000A26] -> 0xB103
[328] [M]: 0x0000000080000A24 (0xB1030313) addi x6, x6, -0x4f0                      main+548
x6 <- 0x0000000080004530

mem[X,0x0000000080000A28] -> 0x0001
[329] [M]: 0x0000000080000A28 (0x0001) c.nop                                        main+552

clint mtime 0x00000000000000A5 (mip.MTI <- 0b1, mip.STI <- 0b0)
mem[X,0x0000000080000A2A] -> 0x0013
mem[X,0x0000000080000A2C] -> 0x0000
[330] [M]: 0x0000000080000A2A (0x00000013) addi x0, x0, 0x0                         main+554

mem[X,0x0000000080000A2E] -> 0x0013
mem[X,0x0000000080000A30] -> 0x0000
[331] [M]: 0x0000000080000A2E (0x00000013) addi x0, x0, 0x0                         main+558

clint mtime 0x00000000000000A6 (mip.MTI <- 0b1, mip.STI <- 0b0)
mem[X,0x0000000080000A32] -> 0x0013
mem[X,0x0000000080000A34] -> 0x0000
[332] [M]: 0x0000000080000A32 (0x00000013) addi x0, x0, 0x0                         main+562

mem[X,0x0000000080000A36] -> 0x0013
mem[X,0x0000000080000A38] -> 0x0000
[333] [M]: 0x0000000080000A36 (0x00000013) addi x0, x0, 0x0                         main+566

clint mtime 0x00000000000000A7 (mip.MTI <- 0b1, mip.STI <- 0b0)
mem[X,0x0000000080000A3A] -> 0x0013
mem[X,0x0000000080000A3C] -> 0x0000
[334] [M]: 0x0000000080000A3A (0x00000013) addi x0, x0, 0x0                         main+570

mem[X,0x0000000080000A3E] -> 0x0001
[335] [M]: 0x0000000080000A3E (0x0001) c.nop                                        main+574

clint mtime 0x00000000000000A8 (mip.MTI <- 0b1, mip.STI <- 0b0)
mem[X,0x0000000080000A40] -> 0x82B3
mem[X,0x0000000080000A42] -> 0x4062
[336] [M]: 0x0000000080000A40 (0x406282B3) sub x5, x5, x6                           main+576
x5 <- 0x0007000000000000

mem[X,0x0000000080000A44] -> 0x3303
mem[X,0x0000000080000A46] -> 0x1E81
[337] [M]: 0x0000000080000A44 (0x1E813303) ld x6, 0x1e8(x2)                         main+580
mem[R,0x00000000800041E8] -> 0x0000000080004530
x6 <- 0x0000000080004530

clint mtime 0x00000000000000A9 (mip.MTI <- 0b1, mip.STI <- 0b0)
mem[X,0x0000000080000A48] -> 0x03B3
mem[X,0x0000000080000A4A] -> 0x0053
[338] [M]: 0x0000000080000A48 (0x005303B3) add x7, x6, x5                           main+584
x7 <- 0x0007000080004530

mem[X,0x0000000080000A4C] -> 0x3023
mem[X,0x0000000080000A4E] -> 0x4871
[339] [M]: 0x0000000080000A4C (0x48713023) sd x7, 0x480(x2)                         main+588
mem[W,0x0000000080004480] <- 0x0007000080004530

clint mtime 0x00000000000000AA (mip.MTI <- 0b1, mip.STI <- 0b0)
mem[X,0x0000000080000A50] -> 0x0013
mem[X,0x0000000080000A52] -> 0x0000
[340] [M]: 0x0000000080000A50 (0x00000013) addi x0, x0, 0x0                         main+592

mem[X,0x0000000080000A54] -> 0x0013
mem[X,0x0000000080000A56] -> 0x0000
[341] [M]: 0x0000000080000A54 (0x00000013) addi x0, x0, 0x0                         main+596

clint mtime 0x00000000000000AB (mip.MTI <- 0b1, mip.STI <- 0b0)
mem[X,0x0000000080000A58] -> 0x0013
mem[X,0x0000000080000A5A] -> 0x0000
[342] [M]: 0x0000000080000A58 (0x00000013) addi x0, x0, 0x0                         main+600

mem[X,0x0000000080000A5C] -> 0x0013
mem[X,0x0000000080000A5E] -> 0x0000
[343] [M]: 0x0000000080000A5C (0x00000013) addi x0, x0, 0x0                         main+604

clint mtime 0x00000000000000AC (mip.MTI <- 0b1, mip.STI <- 0b0)
mem[X,0x0000000080000A60] -> 0x8F97
mem[X,0x0000000080000A62] -> 0x0000
[344] [M]: 0x0000000080000A60 (0x00008F97) auipc x31, 0x8                           main+608
x31 <- 0x0000000080008A60

mem[X,0x0000000080000A64] -> 0x8F93
mem[X,0x0000000080000A66] -> 0x5A0F
[345] [M]: 0x0000000080000A64 (0x5A0F8F93) addi x31, x31, 0x5a0                     main+612
x31 <- 0x0000000080009000

clint mtime 0x00000000000000AD (mip.MTI <- 0b1, mip.STI <- 0b0)
mem[X,0x0000000080000A68] -> 0x0001
[346] [M]: 0x0000000080000A68 (0x0001) c.nop                                        main+616

mem[X,0x0000000080000A6A] -> 0x0013
mem[X,0x0000000080000A6C] -> 0x0000
[347] [M]: 0x0000000080000A6A (0x00000013) addi x0, x0, 0x0                         main+618

clint mtime 0x00000000000000AE (mip.MTI <- 0b1, mip.STI <- 0b0)
mem[X,0x0000000080000A6E] -> 0x0013
mem[X,0x0000000080000A70] -> 0x0000
[348] [M]: 0x0000000080000A6E (0x00000013) addi x0, x0, 0x0                         main+622

mem[X,0x0000000080000A72] -> 0x0013
mem[X,0x0000000080000A74] -> 0x0000
[349] [M]: 0x0000000080000A72 (0x00000013) addi x0, x0, 0x0                         main+626

clint mtime 0x00000000000000AF (mip.MTI <- 0b1, mip.STI <- 0b0)
mem[X,0x0000000080000A76] -> 0x0013
mem[X,0x0000000080000A78] -> 0x0000
[350] [M]: 0x0000000080000A76 (0x00000013) addi x0, x0, 0x0                         main+630

mem[X,0x0000000080000A7A] -> 0x0013
mem[X,0x0000000080000A7C] -> 0x0000
[351] [M]: 0x0000000080000A7A (0x00000013) addi x0, x0, 0x0                         main+634

clint mtime 0x00000000000000B0 (mip.MTI <- 0b1, mip.STI <- 0b0)
mem[X,0x0000000080000A7E] -> 0x0001
[352] [M]: 0x0000000080000A7E (0x0001) c.nop                                        main+638

mem[X,0x0000000080000A80] -> 0x0F13
mem[X,0x0000000080000A82] -> 0x0050
[353] [M]: 0x0000000080000A80 (0x00500F13) addi x30, x0, 0x5                        main+640
x30 <- 0x0000000000000005

clint mtime 0x00000000000000B1 (mip.MTI <- 0b1, mip.STI <- 0b0)
mem[X,0x0000000080000A84] -> 0x1F13
mem[X,0x0000000080000A86] -> 0x03DF
[354] [M]: 0x0000000080000A84 (0x03DF1F13) slli x30, x30, 0x3d                      main+644
x30 <- 0xA000000000000000

mem[X,0x0000000080000A88] -> 0xDF93
mem[X,0x0000000080000A8A] -> 0x00CF
[355] [M]: 0x0000000080000A88 (0x00CFDF93) srli x31, x31, 0xc                       main+648
x31 <- 0x0000000000080009

clint mtime 0x00000000000000B2 (mip.MTI <- 0b1, mip.STI <- 0b0)
mem[X,0x0000000080000A8C] -> 0xEFB3
mem[X,0x0000000080000A8E] -> 0x01EF
[356] [M]: 0x0000000080000A8C (0x01EFEFB3) or x31, x31, x30                         main+652
x31 <- 0xA000000000080009

mem[X,0x0000000080000A90] -> 0x9073
mem[X,0x0000000080000A92] -> 0x180F
[357] [M]: 0x0000000080000A90 (0x180F9073) csrrw x0, satp, x31                      main+656
CSR satp (0x180) <- 0xA000000000080009

clint mtime 0x00000000000000B3 (mip.MTI <- 0b1, mip.STI <- 0b0)
mem[X,0x0000000080000A94] -> 0x0073
mem[X,0x0000000080000A96] -> 0x1200
[358] [M]: 0x0000000080000A94 (0x12000073) sfence.vma x0, x0                        main+660

mem[X,0x0000000080000A98] -> 0x0013
mem[X,0x0000000080000A9A] -> 0x0000
[359] [M]: 0x0000000080000A98 (0x00000013) addi x0, x0, 0x0                         main+664

clint mtime 0x00000000000000B4 (mip.MTI <- 0b1, mip.STI <- 0b0)
mem[X,0x0000000080000A9C] -> 0x0013
mem[X,0x0000000080000A9E] -> 0x0000
[360] [M]: 0x0000000080000A9C (0x00000013) addi x0, x0, 0x0                         main+668

mem[X,0x0000000080000AA0] -> 0x7517
mem[X,0x0000000080000AA2] -> 0x0000
[361] [M]: 0x0000000080000AA0 (0x00007517) auipc x10, 0x7                           main+672
x10 <- 0x0000000080007AA0

clint mtime 0x00000000000000B5 (mip.MTI <- 0b1, mip.STI <- 0b0)
mem[X,0x0000000080000AA4] -> 0x0513
mem[X,0x0000000080000AA6] -> 0x5605
[362] [M]: 0x0000000080000AA4 (0x56050513) addi x10, x10, 0x560                     main+676
x10 <- 0x0000000080008000

mem[X,0x0000000080000AA8] -> 0x0001
[363] [M]: 0x0000000080000AA8 (0x0001) c.nop                                        main+680

clint mtime 0x00000000000000B6 (mip.MTI <- 0b1, mip.STI <- 0b0)
mem[X,0x0000000080000AAA] -> 0x0013
mem[X,0x0000000080000AAC] -> 0x0000
[364] [M]: 0x0000000080000AAA (0x00000013) addi x0, x0, 0x0                         main+682

mem[X,0x0000000080000AAE] -> 0x0013
mem[X,0x0000000080000AB0] -> 0x0000
[365] [M]: 0x0000000080000AAE (0x00000013) addi x0, x0, 0x0                         main+686

clint mtime 0x00000000000000B7 (mip.MTI <- 0b1, mip.STI <- 0b0)
mem[X,0x0000000080000AB2] -> 0x0013
mem[X,0x0000000080000AB4] -> 0x0000
[366] [M]: 0x0000000080000AB2 (0x00000013) addi x0, x0, 0x0                         main+690

mem[X,0x0000000080000AB6] -> 0x0013
mem[X,0x0000000080000AB8] -> 0x0000
[367] [M]: 0x0000000080000AB6 (0x00000013) addi x0, x0, 0x0                         main+694

clint mtime 0x00000000000000B8 (mip.MTI <- 0b1, mip.STI <- 0b0)
mem[X,0x0000000080000ABA] -> 0x0013
mem[X,0x0000000080000ABC] -> 0x0000
[368] [M]: 0x0000000080000ABA (0x00000013) addi x0, x0, 0x0                         main+698

mem[X,0x0000000080000ABE] -> 0x0001
[369] [M]: 0x0000000080000ABE (0x0001) c.nop                                        main+702

clint mtime 0x00000000000000B9 (mip.MTI <- 0b1, mip.STI <- 0b0)
mem[X,0x0000000080000AC0] -> 0x0593
mem[X,0x0000000080000AC2] -> 0x0010
[370] [M]: 0x0000000080000AC0 (0x00100593) addi x11, x0, 0x1                        main+704
x11 <- 0x0000000000000001

mem[X,0x0000000080000AC4] -> 0x5513
mem[X,0x0000000080000AC6] -> 0x00C5
[371] [M]: 0x0000000080000AC4 (0x00C55513) srli x10, x10, 0xc                       main+708
x10 <- 0x0000000000080008

clint mtime 0x00000000000000BA (mip.MTI <- 0b1, mip.STI <- 0b0)
mem[X,0x0000000080000AC8] -> 0x1513
mem[X,0x0000000080000ACA] -> 0x00A5
[372] [M]: 0x0000000080000AC8 (0x00A51513) slli x10, x10, 0xa                       main+712
x10 <- 0x0000000020002000

mem[X,0x0000000080000ACC] -> 0x6533
mem[X,0x0000000080000ACE] -> 0x00B5
[373] [M]: 0x0000000080000ACC (0x00B56533) or x10, x10, x11                         main+716
x10 <- 0x0000000020002001

clint mtime 0x00000000000000BB (mip.MTI <- 0b1, mip.STI <- 0b0)
mem[X,0x0000000080000AD0] -> 0x0013
mem[X,0x0000000080000AD2] -> 0x0000
[374] [M]: 0x0000000080000AD0 (0x00000013) addi x0, x0, 0x0                         main+720

mem[X,0x0000000080000AD4] -> 0x0013
mem[X,0x0000000080000AD6] -> 0x0000
[375] [M]: 0x0000000080000AD4 (0x00000013) addi x0, x0, 0x0                         main+724

clint mtime 0x00000000000000BC (mip.MTI <- 0b1, mip.STI <- 0b0)
mem[X,0x0000000080000AD8] -> 0x0013
mem[X,0x0000000080000ADA] -> 0x0000
[376] [M]: 0x0000000080000AD8 (0x00000013) addi x0, x0, 0x0                         main+728

mem[X,0x0000000080000ADC] -> 0x0013
mem[X,0x0000000080000ADE] -> 0x0000
[377] [M]: 0x0000000080000ADC (0x00000013) addi x0, x0, 0x0                         main+732

clint mtime 0x00000000000000BD (mip.MTI <- 0b1, mip.STI <- 0b0)
mem[X,0x0000000080000AE0] -> 0x8317
mem[X,0x0000000080000AE2] -> 0x0000
[378] [M]: 0x0000000080000AE0 (0x00008317) auipc x6, 0x8                            main+736
x6 <- 0x0000000080008AE0

mem[X,0x0000000080000AE4] -> 0x0313
mem[X,0x0000000080000AE6] -> 0x5203
[379] [M]: 0x0000000080000AE4 (0x52030313) addi x6, x6, 0x520                       main+740
x6 <- 0x0000000080009000

clint mtime 0x00000000000000BE (mip.MTI <- 0b1, mip.STI <- 0b0)
mem[X,0x0000000080000AE8] -> 0x0001
[380] [M]: 0x0000000080000AE8 (0x0001) c.nop                                        main+744

mem[X,0x0000000080000AEA] -> 0x0013
mem[X,0x0000000080000AEC] -> 0x0000
[381] [M]: 0x0000000080000AEA (0x00000013) addi x0, x0, 0x0                         main+746

clint mtime 0x00000000000000BF (mip.MTI <- 0b1, mip.STI <- 0b0)
mem[X,0x0000000080000AEE] -> 0x0013
mem[X,0x0000000080000AF0] -> 0x0000
[382] [M]: 0x0000000080000AEE (0x00000013) addi x0, x0, 0x0                         main+750

mem[X,0x0000000080000AF2] -> 0x0013
mem[X,0x0000000080000AF4] -> 0x0000
[383] [M]: 0x0000000080000AF2 (0x00000013) addi x0, x0, 0x0                         main+754

clint mtime 0x00000000000000C0 (mip.MTI <- 0b1, mip.STI <- 0b0)
mem[X,0x0000000080000AF6] -> 0x0013
mem[X,0x0000000080000AF8] -> 0x0000
[384] [M]: 0x0000000080000AF6 (0x00000013) addi x0, x0, 0x0                         main+758

mem[X,0x0000000080000AFA] -> 0x0013
mem[X,0x0000000080000AFC] -> 0x0000
[385] [M]: 0x0000000080000AFA (0x00000013) addi x0, x0, 0x0                         main+762

clint mtime 0x00000000000000C1 (mip.MTI <- 0b1, mip.STI <- 0b0)
mem[X,0x0000000080000AFE] -> 0x0001
[386] [M]: 0x0000000080000AFE (0x0001) c.nop                                        main+766

mem[X,0x0000000080000B00] -> 0x0293
mem[X,0x0000000080000B02] -> 0x0280
[387] [M]: 0x0000000080000B00 (0x02800293) addi x5, x0, 0x28                        main+768
x5 <- 0x0000000000000028

clint mtime 0x00000000000000C2 (mip.MTI <- 0b1, mip.STI <- 0b0)
mem[X,0x0000000080000B04] -> 0x0333
mem[X,0x0000000080000B06] -> 0x0053
[388] [M]: 0x0000000080000B04 (0x00530333) add x6, x6, x5                           main+772
x6 <- 0x0000000080009028

mem[X,0x0000000080000B08] -> 0x3023
mem[X,0x0000000080000B0A] -> 0x00A3
[389] [M]: 0x0000000080000B08 (0x00A33023) sd x10, 0x0(x6)                          main+776
mem[W,0x0000000080009028] <- 0x0000000020002001

clint mtime 0x00000000000000C3 (mip.MTI <- 0b1, mip.STI <- 0b0)
mem[X,0x0000000080000B0C] -> 0x0013
mem[X,0x0000000080000B0E] -> 0x0000
[390] [M]: 0x0000000080000B0C (0x00000013) addi x0, x0, 0x0                         main+780

mem[X,0x0000000080000B10] -> 0x0013
mem[X,0x0000000080000B12] -> 0x0000
[391] [M]: 0x0000000080000B10 (0x00000013) addi x0, x0, 0x0                         main+784

clint mtime 0x00000000000000C4 (mip.MTI <- 0b1, mip.STI <- 0b0)
mem[X,0x0000000080000B14] -> 0x0013
mem[X,0x0000000080000B16] -> 0x0000
[392] [M]: 0x0000000080000B14 (0x00000013) addi x0, x0, 0x0                         main+788

mem[X,0x0000000080000B18] -> 0x0013
mem[X,0x0000000080000B1A] -> 0x0000
[393] [M]: 0x0000000080000B18 (0x00000013) addi x0, x0, 0x0                         main+792

clint mtime 0x00000000000000C5 (mip.MTI <- 0b1, mip.STI <- 0b0)
mem[X,0x0000000080000B1C] -> 0x0013
mem[X,0x0000000080000B1E] -> 0x0000
[394] [M]: 0x0000000080000B1C (0x00000013) addi x0, x0, 0x0                         main+796

mem[X,0x0000000080000B20] -> 0x6517
mem[X,0x0000000080000B22] -> 0x0000
[395] [M]: 0x0000000080000B20 (0x00006517) auipc x10, 0x6                           main+800
x10 <- 0x0000000080006B20

clint mtime 0x00000000000000C6 (mip.MTI <- 0b1, mip.STI <- 0b0)
mem[X,0x0000000080000B24] -> 0x0513
mem[X,0x0000000080000B26] -> 0x4E05
[396] [M]: 0x0000000080000B24 (0x4E050513) addi x10, x10, 0x4e0                     main+804
x10 <- 0x0000000080007000

mem[X,0x0000000080000B28] -> 0x0001
[397] [M]: 0x0000000080000B28 (0x0001) c.nop                                        main+808

clint mtime 0x00000000000000C7 (mip.MTI <- 0b1, mip.STI <- 0b0)
mem[X,0x0000000080000B2A] -> 0x0013
mem[X,0x0000000080000B2C] -> 0x0000
[398] [M]: 0x0000000080000B2A (0x00000013) addi x0, x0, 0x0                         main+810

mem[X,0x0000000080000B2E] -> 0x0013
mem[X,0x0000000080000B30] -> 0x0000
[399] [M]: 0x0000000080000B2E (0x00000013) addi x0, x0, 0x0                         main+814

clint mtime 0x00000000000000C8 (mip.MTI <- 0b1, mip.STI <- 0b0)
mem[X,0x0000000080000B32] -> 0x0013
mem[X,0x0000000080000B34] -> 0x0000
[400] [M]: 0x0000000080000B32 (0x00000013) addi x0, x0, 0x0                         main+818

mem[X,0x0000000080000B36] -> 0x0013
mem[X,0x0000000080000B38] -> 0x0000
[401] [M]: 0x0000000080000B36 (0x00000013) addi x0, x0, 0x0                         main+822

clint mtime 0x00000000000000C9 (mip.MTI <- 0b1, mip.STI <- 0b0)
mem[X,0x0000000080000B3A] -> 0x0013
mem[X,0x0000000080000B3C] -> 0x0000
[402] [M]: 0x0000000080000B3A (0x00000013) addi x0, x0, 0x0                         main+826

mem[X,0x0000000080000B3E] -> 0x0001
[403] [M]: 0x0000000080000B3E (0x0001) c.nop                                        main+830

clint mtime 0x00000000000000CA (mip.MTI <- 0b1, mip.STI <- 0b0)
mem[X,0x0000000080000B40] -> 0x0593
mem[X,0x0000000080000B42] -> 0x0010
[404] [M]: 0x0000000080000B40 (0x00100593) addi x11, x0, 0x1                        main+832
x11 <- 0x0000000000000001

mem[X,0x0000000080000B44] -> 0x5513
mem[X,0x0000000080000B46] -> 0x00C5
[405] [M]: 0x0000000080000B44 (0x00C55513) srli x10, x10, 0xc                       main+836
x10 <- 0x0000000000080007

clint mtime 0x00000000000000CB (mip.MTI <- 0b1, mip.STI <- 0b0)
mem[X,0x0000000080000B48] -> 0x1513
mem[X,0x0000000080000B4A] -> 0x00A5
[406] [M]: 0x0000000080000B48 (0x00A51513) slli x10, x10, 0xa                       main+840
x10 <- 0x0000000020001C00

mem[X,0x0000000080000B4C] -> 0x6533
mem[X,0x0000000080000B4E] -> 0x00B5
[407] [M]: 0x0000000080000B4C (0x00B56533) or x10, x10, x11                         main+844
x10 <- 0x0000000020001C01

clint mtime 0x00000000000000CC (mip.MTI <- 0b1, mip.STI <- 0b0)
mem[X,0x0000000080000B50] -> 0x0013
mem[X,0x0000000080000B52] -> 0x0000
[408] [M]: 0x0000000080000B50 (0x00000013) addi x0, x0, 0x0                         main+848

mem[X,0x0000000080000B54] -> 0x0013
mem[X,0x0000000080000B56] -> 0x0000
[409] [M]: 0x0000000080000B54 (0x00000013) addi x0, x0, 0x0                         main+852

clint mtime 0x00000000000000CD (mip.MTI <- 0b1, mip.STI <- 0b0)
mem[X,0x0000000080000B58] -> 0x0013
mem[X,0x0000000080000B5A] -> 0x0000
[410] [M]: 0x0000000080000B58 (0x00000013) addi x0, x0, 0x0                         main+856

mem[X,0x0000000080000B5C] -> 0x0013
mem[X,0x0000000080000B5E] -> 0x0000
[411] [M]: 0x0000000080000B5C (0x00000013) addi x0, x0, 0x0                         main+860

clint mtime 0x00000000000000CE (mip.MTI <- 0b1, mip.STI <- 0b0)
mem[X,0x0000000080000B60] -> 0x7317
mem[X,0x0000000080000B62] -> 0x0000
[412] [M]: 0x0000000080000B60 (0x00007317) auipc x6, 0x7                            main+864
x6 <- 0x0000000080007B60

mem[X,0x0000000080000B64] -> 0x0313
mem[X,0x0000000080000B66] -> 0x4A03
[413] [M]: 0x0000000080000B64 (0x4A030313) addi x6, x6, 0x4a0                       main+868
x6 <- 0x0000000080008000

clint mtime 0x00000000000000CF (mip.MTI <- 0b1, mip.STI <- 0b0)
mem[X,0x0000000080000B68] -> 0x0001
[414] [M]: 0x0000000080000B68 (0x0001) c.nop                                        main+872

mem[X,0x0000000080000B6A] -> 0x0013
mem[X,0x0000000080000B6C] -> 0x0000
[415] [M]: 0x0000000080000B6A (0x00000013) addi x0, x0, 0x0                         main+874

clint mtime 0x00000000000000D0 (mip.MTI <- 0b1, mip.STI <- 0b0)
mem[X,0x0000000080000B6E] -> 0x0013
mem[X,0x0000000080000B70] -> 0x0000
[416] [M]: 0x0000000080000B6E (0x00000013) addi x0, x0, 0x0                         main+878

mem[X,0x0000000080000B72] -> 0x0013
mem[X,0x0000000080000B74] -> 0x0000
[417] [M]: 0x0000000080000B72 (0x00000013) addi x0, x0, 0x0                         main+882

clint mtime 0x00000000000000D1 (mip.MTI <- 0b1, mip.STI <- 0b0)
mem[X,0x0000000080000B76] -> 0x0013
mem[X,0x0000000080000B78] -> 0x0000
[418] [M]: 0x0000000080000B76 (0x00000013) addi x0, x0, 0x0                         main+886

mem[X,0x0000000080000B7A] -> 0x0013
mem[X,0x0000000080000B7C] -> 0x0000
[419] [M]: 0x0000000080000B7A (0x00000013) addi x0, x0, 0x0                         main+890

clint mtime 0x00000000000000D2 (mip.MTI <- 0b1, mip.STI <- 0b0)
mem[X,0x0000000080000B7E] -> 0x0001
[420] [M]: 0x0000000080000B7E (0x0001) c.nop                                        main+894

mem[X,0x0000000080000B80] -> 0x0293
mem[X,0x0000000080000B82] -> 0x0000
[421] [M]: 0x0000000080000B80 (0x00000293) addi x5, x0, 0x0                         main+896
x5 <- 0x0000000000000000

clint mtime 0x00000000000000D3 (mip.MTI <- 0b1, mip.STI <- 0b0)
mem[X,0x0000000080000B84] -> 0x0333
mem[X,0x0000000080000B86] -> 0x0053
[422] [M]: 0x0000000080000B84 (0x00530333) add x6, x6, x5                           main+900
x6 <- 0x0000000080008000

mem[X,0x0000000080000B88] -> 0x3023
mem[X,0x0000000080000B8A] -> 0x00A3
[423] [M]: 0x0000000080000B88 (0x00A33023) sd x10, 0x0(x6)                          main+904
mem[W,0x0000000080008000] <- 0x0000000020001C01

clint mtime 0x00000000000000D4 (mip.MTI <- 0b1, mip.STI <- 0b0)
mem[X,0x0000000080000B8C] -> 0x0013
mem[X,0x0000000080000B8E] -> 0x0000
[424] [M]: 0x0000000080000B8C (0x00000013) addi x0, x0, 0x0                         main+908

mem[X,0x0000000080000B90] -> 0x0013
mem[X,0x0000000080000B92] -> 0x0000
[425] [M]: 0x0000000080000B90 (0x00000013) addi x0, x0, 0x0                         main+912

clint mtime 0x00000000000000D5 (mip.MTI <- 0b1, mip.STI <- 0b0)
mem[X,0x0000000080000B94] -> 0x0013
mem[X,0x0000000080000B96] -> 0x0000
[426] [M]: 0x0000000080000B94 (0x00000013) addi x0, x0, 0x0                         main+916

mem[X,0x0000000080000B98] -> 0x0013
mem[X,0x0000000080000B9A] -> 0x0000
[427] [M]: 0x0000000080000B98 (0x00000013) addi x0, x0, 0x0                         main+920

clint mtime 0x00000000000000D6 (mip.MTI <- 0b1, mip.STI <- 0b0)
mem[X,0x0000000080000B9C] -> 0x0013
mem[X,0x0000000080000B9E] -> 0x0000
[428] [M]: 0x0000000080000B9C (0x00000013) addi x0, x0, 0x0                         main+924

mem[X,0x0000000080000BA0] -> 0x5517
mem[X,0x0000000080000BA2] -> 0x0000
[429] [M]: 0x0000000080000BA0 (0x00005517) auipc x10, 0x5                           main+928
x10 <- 0x0000000080005BA0

clint mtime 0x00000000000000D7 (mip.MTI <- 0b1, mip.STI <- 0b0)
mem[X,0x0000000080000BA4] -> 0x0513
mem[X,0x0000000080000BA6] -> 0x4605
[430] [M]: 0x0000000080000BA4 (0x46050513) addi x10, x10, 0x460                     main+932
x10 <- 0x0000000080006000

mem[X,0x0000000080000BA8] -> 0x0001
[431] [M]: 0x0000000080000BA8 (0x0001) c.nop                                        main+936

clint mtime 0x00000000000000D8 (mip.MTI <- 0b1, mip.STI <- 0b0)
mem[X,0x0000000080000BAA] -> 0x0013
mem[X,0x0000000080000BAC] -> 0x0000
[432] [M]: 0x0000000080000BAA (0x00000013) addi x0, x0, 0x0                         main+938

mem[X,0x0000000080000BAE] -> 0x0013
mem[X,0x0000000080000BB0] -> 0x0000
[433] [M]: 0x0000000080000BAE (0x00000013) addi x0, x0, 0x0                         main+942

clint mtime 0x00000000000000D9 (mip.MTI <- 0b1, mip.STI <- 0b0)
mem[X,0x0000000080000BB2] -> 0x0013
mem[X,0x0000000080000BB4] -> 0x0000
[434] [M]: 0x0000000080000BB2 (0x00000013) addi x0, x0, 0x0                         main+946

mem[X,0x0000000080000BB6] -> 0x0013
mem[X,0x0000000080000BB8] -> 0x0000
[435] [M]: 0x0000000080000BB6 (0x00000013) addi x0, x0, 0x0                         main+950

clint mtime 0x00000000000000DA (mip.MTI <- 0b1, mip.STI <- 0b0)
mem[X,0x0000000080000BBA] -> 0x0013
mem[X,0x0000000080000BBC] -> 0x0000
[436] [M]: 0x0000000080000BBA (0x00000013) addi x0, x0, 0x0                         main+954

mem[X,0x0000000080000BBE] -> 0x0001
[437] [M]: 0x0000000080000BBE (0x0001) c.nop                                        main+958

clint mtime 0x00000000000000DB (mip.MTI <- 0b1, mip.STI <- 0b0)
mem[X,0x0000000080000BC0] -> 0x0593
mem[X,0x0000000080000BC2] -> 0x0010
[438] [M]: 0x0000000080000BC0 (0x00100593) addi x11, x0, 0x1                        main+960
x11 <- 0x0000000000000001

mem[X,0x0000000080000BC4] -> 0x5513
mem[X,0x0000000080000BC6] -> 0x00C5
[439] [M]: 0x0000000080000BC4 (0x00C55513) srli x10, x10, 0xc                       main+964
x10 <- 0x0000000000080006

clint mtime 0x00000000000000DC (mip.MTI <- 0b1, mip.STI <- 0b0)
mem[X,0x0000000080000BC8] -> 0x1513
mem[X,0x0000000080000BCA] -> 0x00A5
[440] [M]: 0x0000000080000BC8 (0x00A51513) slli x10, x10, 0xa                       main+968
x10 <- 0x0000000020001800

mem[X,0x0000000080000BCC] -> 0x6533
mem[X,0x0000000080000BCE] -> 0x00B5
[441] [M]: 0x0000000080000BCC (0x00B56533) or x10, x10, x11                         main+972
x10 <- 0x0000000020001801

clint mtime 0x00000000000000DD (mip.MTI <- 0b1, mip.STI <- 0b0)
mem[X,0x0000000080000BD0] -> 0x0013
mem[X,0x0000000080000BD2] -> 0x0000
[442] [M]: 0x0000000080000BD0 (0x00000013) addi x0, x0, 0x0                         main+976

mem[X,0x0000000080000BD4] -> 0x0013
mem[X,0x0000000080000BD6] -> 0x0000
[443] [M]: 0x0000000080000BD4 (0x00000013) addi x0, x0, 0x0                         main+980

clint mtime 0x00000000000000DE (mip.MTI <- 0b1, mip.STI <- 0b0)
mem[X,0x0000000080000BD8] -> 0x0013
mem[X,0x0000000080000BDA] -> 0x0000
[444] [M]: 0x0000000080000BD8 (0x00000013) addi x0, x0, 0x0                         main+984

mem[X,0x0000000080000BDC] -> 0x0013
mem[X,0x0000000080000BDE] -> 0x0000
[445] [M]: 0x0000000080000BDC (0x00000013) addi x0, x0, 0x0                         main+988

clint mtime 0x00000000000000DF (mip.MTI <- 0b1, mip.STI <- 0b0)
mem[X,0x0000000080000BE0] -> 0x6317
mem[X,0x0000000080000BE2] -> 0x0000
[446] [M]: 0x0000000080000BE0 (0x00006317) auipc x6, 0x6                            main+992
x6 <- 0x0000000080006BE0

mem[X,0x0000000080000BE4] -> 0x0313
mem[X,0x0000000080000BE6] -> 0x4203
[447] [M]: 0x0000000080000BE4 (0x42030313) addi x6, x6, 0x420                       main+996
x6 <- 0x0000000080007000

clint mtime 0x00000000000000E0 (mip.MTI <- 0b1, mip.STI <- 0b0)
mem[X,0x0000000080000BE8] -> 0x0001
[448] [M]: 0x0000000080000BE8 (0x0001) c.nop                                        main+1000

mem[X,0x0000000080000BEA] -> 0x0013
mem[X,0x0000000080000BEC] -> 0x0000
[449] [M]: 0x0000000080000BEA (0x00000013) addi x0, x0, 0x0                         main+1002

clint mtime 0x00000000000000E1 (mip.MTI <- 0b1, mip.STI <- 0b0)
mem[X,0x0000000080000BEE] -> 0x0013
mem[X,0x0000000080000BF0] -> 0x0000
[450] [M]: 0x0000000080000BEE (0x00000013) addi x0, x0, 0x0                         main+1006

mem[X,0x0000000080000BF2] -> 0x0013
mem[X,0x0000000080000BF4] -> 0x0000
[451] [M]: 0x0000000080000BF2 (0x00000013) addi x0, x0, 0x0                         main+1010

clint mtime 0x00000000000000E2 (mip.MTI <- 0b1, mip.STI <- 0b0)
mem[X,0x0000000080000BF6] -> 0x0013
mem[X,0x0000000080000BF8] -> 0x0000
[452] [M]: 0x0000000080000BF6 (0x00000013) addi x0, x0, 0x0                         main+1014

mem[X,0x0000000080000BFA] -> 0x0013
mem[X,0x0000000080000BFC] -> 0x0000
[453] [M]: 0x0000000080000BFA (0x00000013) addi x0, x0, 0x0                         main+1018

clint mtime 0x00000000000000E3 (mip.MTI <- 0b1, mip.STI <- 0b0)
mem[X,0x0000000080000BFE] -> 0x0001
[454] [M]: 0x0000000080000BFE (0x0001) c.nop                                        main+1022

mem[X,0x0000000080000C00] -> 0x0293
mem[X,0x0000000080000C02] -> 0x0000
[455] [M]: 0x0000000080000C00 (0x00000293) addi x5, x0, 0x0                         main+1024
x5 <- 0x0000000000000000

clint mtime 0x00000000000000E4 (mip.MTI <- 0b1, mip.STI <- 0b0)
mem[X,0x0000000080000C04] -> 0x0333
mem[X,0x0000000080000C06] -> 0x0053
[456] [M]: 0x0000000080000C04 (0x00530333) add x6, x6, x5                           main+1028
x6 <- 0x0000000080007000

mem[X,0x0000000080000C08] -> 0x3023
mem[X,0x0000000080000C0A] -> 0x00A3
[457] [M]: 0x0000000080000C08 (0x00A33023) sd x10, 0x0(x6)                          main+1032
mem[W,0x0000000080007000] <- 0x0000000020001801

clint mtime 0x00000000000000E5 (mip.MTI <- 0b1, mip.STI <- 0b0)
mem[X,0x0000000080000C0C] -> 0x0013
mem[X,0x0000000080000C0E] -> 0x0000
[458] [M]: 0x0000000080000C0C (0x00000013) addi x0, x0, 0x0                         main+1036

mem[X,0x0000000080000C10] -> 0x0013
mem[X,0x0000000080000C12] -> 0x0000
[459] [M]: 0x0000000080000C10 (0x00000013) addi x0, x0, 0x0                         main+1040

clint mtime 0x00000000000000E6 (mip.MTI <- 0b1, mip.STI <- 0b0)
mem[X,0x0000000080000C14] -> 0x0013
mem[X,0x0000000080000C16] -> 0x0000
[460] [M]: 0x0000000080000C14 (0x00000013) addi x0, x0, 0x0                         main+1044

mem[X,0x0000000080000C18] -> 0x0013
mem[X,0x0000000080000C1A] -> 0x0000
[461] [M]: 0x0000000080000C18 (0x00000013) addi x0, x0, 0x0                         main+1048

clint mtime 0x00000000000000E7 (mip.MTI <- 0b1, mip.STI <- 0b0)
mem[X,0x0000000080000C1C] -> 0x0013
mem[X,0x0000000080000C1E] -> 0x0000
[462] [M]: 0x0000000080000C1C (0x00000013) addi x0, x0, 0x0                         main+1052

mem[X,0x0000000080000C20] -> 0x4517
mem[X,0x0000000080000C22] -> 0x0000
[463] [M]: 0x0000000080000C20 (0x00004517) auipc x10, 0x4                           main+1056
x10 <- 0x0000000080004C20

clint mtime 0x00000000000000E8 (mip.MTI <- 0b1, mip.STI <- 0b0)
mem[X,0x0000000080000C24] -> 0x0513
mem[X,0x0000000080000C26] -> 0x3E05
[464] [M]: 0x0000000080000C24 (0x3E050513) addi x10, x10, 0x3e0                     main+1060
x10 <- 0x0000000080005000

mem[X,0x0000000080000C28] -> 0x0001
[465] [M]: 0x0000000080000C28 (0x0001) c.nop                                        main+1064

clint mtime 0x00000000000000E9 (mip.MTI <- 0b1, mip.STI <- 0b0)
mem[X,0x0000000080000C2A] -> 0x0013
mem[X,0x0000000080000C2C] -> 0x0000
[466] [M]: 0x0000000080000C2A (0x00000013) addi x0, x0, 0x0                         main+1066

mem[X,0x0000000080000C2E] -> 0x0013
mem[X,0x0000000080000C30] -> 0x0000
[467] [M]: 0x0000000080000C2E (0x00000013) addi x0, x0, 0x0                         main+1070

clint mtime 0x00000000000000EA (mip.MTI <- 0b1, mip.STI <- 0b0)
mem[X,0x0000000080000C32] -> 0x0013
mem[X,0x0000000080000C34] -> 0x0000
[468] [M]: 0x0000000080000C32 (0x00000013) addi x0, x0, 0x0                         main+1074

mem[X,0x0000000080000C36] -> 0x0013
mem[X,0x0000000080000C38] -> 0x0000
[469] [M]: 0x0000000080000C36 (0x00000013) addi x0, x0, 0x0                         main+1078

clint mtime 0x00000000000000EB (mip.MTI <- 0b1, mip.STI <- 0b0)
mem[X,0x0000000080000C3A] -> 0x0013
mem[X,0x0000000080000C3C] -> 0x0000
[470] [M]: 0x0000000080000C3A (0x00000013) addi x0, x0, 0x0                         main+1082

mem[X,0x0000000080000C3E] -> 0x0001
[471] [M]: 0x0000000080000C3E (0x0001) c.nop                                        main+1086

clint mtime 0x00000000000000EC (mip.MTI <- 0b1, mip.STI <- 0b0)
mem[X,0x0000000080000C40] -> 0x0593
mem[X,0x0000000080000C42] -> 0x0010
[472] [M]: 0x0000000080000C40 (0x00100593) addi x11, x0, 0x1                        main+1088
x11 <- 0x0000000000000001

mem[X,0x0000000080000C44] -> 0x5513
mem[X,0x0000000080000C46] -> 0x00C5
[473] [M]: 0x0000000080000C44 (0x00C55513) srli x10, x10, 0xc                       main+1092
x10 <- 0x0000000000080005

clint mtime 0x00000000000000ED (mip.MTI <- 0b1, mip.STI <- 0b0)
mem[X,0x0000000080000C48] -> 0x1513
mem[X,0x0000000080000C4A] -> 0x00A5
[474] [M]: 0x0000000080000C48 (0x00A51513) slli x10, x10, 0xa                       main+1096
x10 <- 0x0000000020001400

mem[X,0x0000000080000C4C] -> 0x6533
mem[X,0x0000000080000C4E] -> 0x00B5
[475] [M]: 0x0000000080000C4C (0x00B56533) or x10, x10, x11                         main+1100
x10 <- 0x0000000020001401

clint mtime 0x00000000000000EE (mip.MTI <- 0b1, mip.STI <- 0b0)
mem[X,0x0000000080000C50] -> 0x0013
mem[X,0x0000000080000C52] -> 0x0000
[476] [M]: 0x0000000080000C50 (0x00000013) addi x0, x0, 0x0                         main+1104

mem[X,0x0000000080000C54] -> 0x0013
mem[X,0x0000000080000C56] -> 0x0000
[477] [M]: 0x0000000080000C54 (0x00000013) addi x0, x0, 0x0                         main+1108

clint mtime 0x00000000000000EF (mip.MTI <- 0b1, mip.STI <- 0b0)
mem[X,0x0000000080000C58] -> 0x0013
mem[X,0x0000000080000C5A] -> 0x0000
[478] [M]: 0x0000000080000C58 (0x00000013) addi x0, x0, 0x0                         main+1112

mem[X,0x0000000080000C5C] -> 0x0013
mem[X,0x0000000080000C5E] -> 0x0000
[479] [M]: 0x0000000080000C5C (0x00000013) addi x0, x0, 0x0                         main+1116

clint mtime 0x00000000000000F0 (mip.MTI <- 0b1, mip.STI <- 0b0)
mem[X,0x0000000080000C60] -> 0x5317
mem[X,0x0000000080000C62] -> 0x0000
[480] [M]: 0x0000000080000C60 (0x00005317) auipc x6, 0x5                            main+1120
x6 <- 0x0000000080005C60

mem[X,0x0000000080000C64] -> 0x0313
mem[X,0x0000000080000C66] -> 0x3A03
[481] [M]: 0x0000000080000C64 (0x3A030313) addi x6, x6, 0x3a0                       main+1124
x6 <- 0x0000000080006000

clint mtime 0x00000000000000F1 (mip.MTI <- 0b1, mip.STI <- 0b0)
mem[X,0x0000000080000C68] -> 0x0001
[482] [M]: 0x0000000080000C68 (0x0001) c.nop                                        main+1128

mem[X,0x0000000080000C6A] -> 0x0013
mem[X,0x0000000080000C6C] -> 0x0000
[483] [M]: 0x0000000080000C6A (0x00000013) addi x0, x0, 0x0                         main+1130

clint mtime 0x00000000000000F2 (mip.MTI <- 0b1, mip.STI <- 0b0)
mem[X,0x0000000080000C6E] -> 0x0013
mem[X,0x0000000080000C70] -> 0x0000
[484] [M]: 0x0000000080000C6E (0x00000013) addi x0, x0, 0x0                         main+1134

mem[X,0x0000000080000C72] -> 0x0013
mem[X,0x0000000080000C74] -> 0x0000
[485] [M]: 0x0000000080000C72 (0x00000013) addi x0, x0, 0x0                         main+1138

clint mtime 0x00000000000000F3 (mip.MTI <- 0b1, mip.STI <- 0b0)
mem[X,0x0000000080000C76] -> 0x0013
mem[X,0x0000000080000C78] -> 0x0000
[486] [M]: 0x0000000080000C76 (0x00000013) addi x0, x0, 0x0                         main+1142

mem[X,0x0000000080000C7A] -> 0x0013
mem[X,0x0000000080000C7C] -> 0x0000
[487] [M]: 0x0000000080000C7A (0x00000013) addi x0, x0, 0x0                         main+1146

clint mtime 0x00000000000000F4 (mip.MTI <- 0b1, mip.STI <- 0b0)
mem[X,0x0000000080000C7E] -> 0x0001
[488] [M]: 0x0000000080000C7E (0x0001) c.nop                                        main+1150

mem[X,0x0000000080000C80] -> 0x0293
mem[X,0x0000000080000C82] -> 0x0000
[489] [M]: 0x0000000080000C80 (0x00000293) addi x5, x0, 0x0                         main+1152
x5 <- 0x0000000000000000

clint mtime 0x00000000000000F5 (mip.MTI <- 0b1, mip.STI <- 0b0)
mem[X,0x0000000080000C84] -> 0x0333
mem[X,0x0000000080000C86] -> 0x0053
[490] [M]: 0x0000000080000C84 (0x00530333) add x6, x6, x5                           main+1156
x6 <- 0x0000000080006000

mem[X,0x0000000080000C88] -> 0x3023
mem[X,0x0000000080000C8A] -> 0x00A3
[491] [M]: 0x0000000080000C88 (0x00A33023) sd x10, 0x0(x6)                          main+1160
mem[W,0x0000000080006000] <- 0x0000000020001401

clint mtime 0x00000000000000F6 (mip.MTI <- 0b1, mip.STI <- 0b0)
mem[X,0x0000000080000C8C] -> 0x0013
mem[X,0x0000000080000C8E] -> 0x0000
[492] [M]: 0x0000000080000C8C (0x00000013) addi x0, x0, 0x0                         main+1164

mem[X,0x0000000080000C90] -> 0x0013
mem[X,0x0000000080000C92] -> 0x0000
[493] [M]: 0x0000000080000C90 (0x00000013) addi x0, x0, 0x0                         main+1168

clint mtime 0x00000000000000F7 (mip.MTI <- 0b1, mip.STI <- 0b0)
mem[X,0x0000000080000C94] -> 0x0013
mem[X,0x0000000080000C96] -> 0x0000
[494] [M]: 0x0000000080000C94 (0x00000013) addi x0, x0, 0x0                         main+1172

mem[X,0x0000000080000C98] -> 0x0013
mem[X,0x0000000080000C9A] -> 0x0000
[495] [M]: 0x0000000080000C98 (0x00000013) addi x0, x0, 0x0                         main+1176

clint mtime 0x00000000000000F8 (mip.MTI <- 0b1, mip.STI <- 0b0)
mem[X,0x0000000080000C9C] -> 0x0013
mem[X,0x0000000080000C9E] -> 0x0000
[496] [M]: 0x0000000080000C9C (0x00000013) addi x0, x0, 0x0                         main+1180

mem[X,0x0000000080000CA0] -> 0xF517
mem[X,0x0000000080000CA2] -> 0xFFFF
[497] [M]: 0x0000000080000CA0 (0xFFFFF517) auipc x10, -0x1                          main+1184
x10 <- 0x000000007FFFFCA0

clint mtime 0x00000000000000F9 (mip.MTI <- 0b1, mip.STI <- 0b0)
mem[X,0x0000000080000CA4] -> 0x0513
mem[X,0x0000000080000CA6] -> 0x7605
[498] [M]: 0x0000000080000CA4 (0x76050513) addi x10, x10, 0x760                     main+1188
x10 <- 0x0000000080000400

mem[X,0x0000000080000CA8] -> 0x0001
[499] [M]: 0x0000000080000CA8 (0x0001) c.nop                                        main+1192

clint mtime 0x00000000000000FA (mip.MTI <- 0b1, mip.STI <- 0b0)
mem[X,0x0000000080000CAA] -> 0x0013
mem[X,0x0000000080000CAC] -> 0x0000
[500] [M]: 0x0000000080000CAA (0x00000013) addi x0, x0, 0x0                         main+1194

mem[X,0x0000000080000CAE] -> 0x0013
mem[X,0x0000000080000CB0] -> 0x0000
[501] [M]: 0x0000000080000CAE (0x00000013) addi x0, x0, 0x0                         main+1198

clint mtime 0x00000000000000FB (mip.MTI <- 0b1, mip.STI <- 0b0)
mem[X,0x0000000080000CB2] -> 0x0013
mem[X,0x0000000080000CB4] -> 0x0000
[502] [M]: 0x0000000080000CB2 (0x00000013) addi x0, x0, 0x0                         main+1202

mem[X,0x0000000080000CB6] -> 0x0013
mem[X,0x0000000080000CB8] -> 0x0000
[503] [M]: 0x0000000080000CB6 (0x00000013) addi x0, x0, 0x0                         main+1206

clint mtime 0x00000000000000FC (mip.MTI <- 0b1, mip.STI <- 0b0)
mem[X,0x0000000080000CBA] -> 0x0013
mem[X,0x0000000080000CBC] -> 0x0000
[504] [M]: 0x0000000080000CBA (0x00000013) addi x0, x0, 0x0                         main+1210

mem[X,0x0000000080000CBE] -> 0x0001
[505] [M]: 0x0000000080000CBE (0x0001) c.nop                                        main+1214

clint mtime 0x00000000000000FD (mip.MTI <- 0b1, mip.STI <- 0b0)
mem[X,0x0000000080000CC0] -> 0x0593
mem[X,0x0000000080000CC2] -> 0x0010
[506] [M]: 0x0000000080000CC0 (0x00100593) addi x11, x0, 0x1                        main+1216
x11 <- 0x0000000000000001

mem[X,0x0000000080000CC4] -> 0x5513
mem[X,0x0000000080000CC6] -> 0x00C5
[507] [M]: 0x0000000080000CC4 (0x00C55513) srli x10, x10, 0xc                       main+1220
x10 <- 0x0000000000080000

clint mtime 0x00000000000000FE (mip.MTI <- 0b1, mip.STI <- 0b0)
mem[X,0x0000000080000CC8] -> 0x1513
mem[X,0x0000000080000CCA] -> 0x00A5
[508] [M]: 0x0000000080000CC8 (0x00A51513) slli x10, x10, 0xa                       main+1224
x10 <- 0x0000000020000000

mem[X,0x0000000080000CCC] -> 0x6533
mem[X,0x0000000080000CCE] -> 0x00B5
[509] [M]: 0x0000000080000CCC (0x00B56533) or x10, x10, x11                         main+1228
x10 <- 0x0000000020000001

clint mtime 0x00000000000000FF (mip.MTI <- 0b1, mip.STI <- 0b0)
mem[X,0x0000000080000CD0] -> 0x0013
mem[X,0x0000000080000CD2] -> 0x0000
[510] [M]: 0x0000000080000CD0 (0x00000013) addi x0, x0, 0x0                         main+1232

mem[X,0x0000000080000CD4] -> 0x0013
mem[X,0x0000000080000CD6] -> 0x0000
[511] [M]: 0x0000000080000CD4 (0x00000013) addi x0, x0, 0x0                         main+1236

clint mtime 0x0000000000000100 (mip.MTI <- 0b1, mip.STI <- 0b0)
mem[X,0x0000000080000CD8] -> 0x0013
mem[X,0x0000000080000CDA] -> 0x0000
[512] [M]: 0x0000000080000CD8 (0x00000013) addi x0, x0, 0x0                         main+1240

mem[X,0x0000000080000CDC] -> 0x0013
mem[X,0x0000000080000CDE] -> 0x0000
[513] [M]: 0x0000000080000CDC (0x00000013) addi x0, x0, 0x0                         main+1244

clint mtime 0x0000000000000101 (mip.MTI <- 0b1, mip.STI <- 0b0)
mem[X,0x0000000080000CE0] -> 0x4317
mem[X,0x0000000080000CE2] -> 0x0000
[514] [M]: 0x0000000080000CE0 (0x00004317) auipc x6, 0x4                            main+1248
x6 <- 0x0000000080004CE0

mem[X,0x0000000080000CE4] -> 0x0313
mem[X,0x0000000080000CE6] -> 0x3203
[515] [M]: 0x0000000080000CE4 (0x32030313) addi x6, x6, 0x320                       main+1252
x6 <- 0x0000000080005000

clint mtime 0x0000000000000102 (mip.MTI <- 0b1, mip.STI <- 0b0)
mem[X,0x0000000080000CE8] -> 0x0001
[516] [M]: 0x0000000080000CE8 (0x0001) c.nop                                        main+1256

mem[X,0x0000000080000CEA] -> 0x0013
mem[X,0x0000000080000CEC] -> 0x0000
[517] [M]: 0x0000000080000CEA (0x00000013) addi x0, x0, 0x0                         main+1258

clint mtime 0x0000000000000103 (mip.MTI <- 0b1, mip.STI <- 0b0)
mem[X,0x0000000080000CEE] -> 0x0013
mem[X,0x0000000080000CF0] -> 0x0000
[518] [M]: 0x0000000080000CEE (0x00000013) addi x0, x0, 0x0                         main+1262

mem[X,0x0000000080000CF2] -> 0x0013
mem[X,0x0000000080000CF4] -> 0x0000
[519] [M]: 0x0000000080000CF2 (0x00000013) addi x0, x0, 0x0                         main+1266

clint mtime 0x0000000000000104 (mip.MTI <- 0b1, mip.STI <- 0b0)
mem[X,0x0000000080000CF6] -> 0x0013
mem[X,0x0000000080000CF8] -> 0x0000
[520] [M]: 0x0000000080000CF6 (0x00000013) addi x0, x0, 0x0                         main+1270

mem[X,0x0000000080000CFA] -> 0x0013
mem[X,0x0000000080000CFC] -> 0x0000
[521] [M]: 0x0000000080000CFA (0x00000013) addi x0, x0, 0x0                         main+1274

clint mtime 0x0000000000000105 (mip.MTI <- 0b1, mip.STI <- 0b0)
mem[X,0x0000000080000CFE] -> 0x0001
[522] [M]: 0x0000000080000CFE (0x0001) c.nop                                        main+1278

mem[X,0x0000000080000D00] -> 0x0293
mem[X,0x0000000080000D02] -> 0x0000
[523] [M]: 0x0000000080000D00 (0x00000293) addi x5, x0, 0x0                         main+1280
x5 <- 0x0000000000000000

clint mtime 0x0000000000000106 (mip.MTI <- 0b1, mip.STI <- 0b0)
mem[X,0x0000000080000D04] -> 0x0333
mem[X,0x0000000080000D06] -> 0x0053
[524] [M]: 0x0000000080000D04 (0x00530333) add x6, x6, x5                           main+1284
x6 <- 0x0000000080005000

mem[X,0x0000000080000D08] -> 0x3023
mem[X,0x0000000080000D0A] -> 0x00A3
[525] [M]: 0x0000000080000D08 (0x00A33023) sd x10, 0x0(x6)                          main+1288
mem[W,0x0000000080005000] <- 0x0000000020000001

clint mtime 0x0000000000000107 (mip.MTI <- 0b1, mip.STI <- 0b0)
mem[X,0x0000000080000D0C] -> 0x0073
mem[X,0x0000000080000D0E] -> 0x1200
[526] [M]: 0x0000000080000D0C (0x12000073) sfence.vma x0, x0                        main+1292

mem[X,0x0000000080000D10] -> 0x0493
mem[X,0x0000000080000D12] -> 0x0010
[527] [M]: 0x0000000080000D10 (0x00100493) addi x9, x0, 0x1                         main+1296
x9 <- 0x0000000000000001

clint mtime 0x0000000000000108 (mip.MTI <- 0b1, mip.STI <- 0b0)
mem[X,0x0000000080000D14] -> 0x9493
mem[X,0x0000000080000D16] -> 0x00B4
[528] [M]: 0x0000000080000D14 (0x00B49493) slli x9, x9, 0xb                         main+1300
x9 <- 0x0000000000000800

mem[X,0x0000000080000D18] -> 0xB073
mem[X,0x0000000080000D1A] -> 0x3004
[529] [M]: 0x0000000080000D18 (0x3004B073) csrrc x0, mstatus, x9                    main+1304
CSR mstatus (0x300) <- 0x0000000A00000000

clint mtime 0x0000000000000109 (mip.MTI <- 0b1, mip.STI <- 0b0)
mem[X,0x0000000080000D1C] -> 0x0493
mem[X,0x0000000080000D1E] -> 0x0010
[530] [M]: 0x0000000080000D1C (0x00100493) addi x9, x0, 0x1                         main+1308
x9 <- 0x0000000000000001

mem[X,0x0000000080000D20] -> 0x9493
mem[X,0x0000000080000D22] -> 0x00B4
[531] [M]: 0x0000000080000D20 (0x00B49493) slli x9, x9, 0xb                         main+1312
x9 <- 0x0000000000000800

clint mtime 0x000000000000010A (mip.MTI <- 0b1, mip.STI <- 0b0)
mem[X,0x0000000080000D24] -> 0xA073
mem[X,0x0000000080000D26] -> 0x3004
[532] [M]: 0x0000000080000D24 (0x3004A073) csrrs x0, mstatus, x9                    main+1316
CSR mstatus (0x300) <- 0x0000000A00000800

mem[X,0x0000000080000D28] -> 0x23F3
mem[X,0x0000000080000D2A] -> 0x3400
[533] [M]: 0x0000000080000D28 (0x340023F3) csrrs x7, mscratch, x0                   main+1320
CSR mscratch (0x340) -> 0x0000000080004000
x7 <- 0x0000000080004000

clint mtime 0x000000000000010B (mip.MTI <- 0b1, mip.STI <- 0b0)
mem[X,0x0000000080000D2C] -> 0xB303
mem[X,0x0000000080000D2E] -> 0x4703
[534] [M]: 0x0000000080000D2C (0x4703B303) ld x6, 0x470(x7)                         main+1324
mem[R,0x0000000080004470] -> 0x00060000800007BC
x6 <- 0x00060000800007BC

mem[X,0x0000000080000D30] -> 0xB483
mem[X,0x0000000080000D32] -> 0x1D83
[535] [M]: 0x0000000080000D30 (0x1D83B483) ld x9, 0x1d8(x7)                         main+1328
mem[R,0x00000000800041D8] -> 0x00000000800007D4
x9 <- 0x00000000800007D4

clint mtime 0x000000000000010C (mip.MTI <- 0b1, mip.STI <- 0b0)
mem[X,0x0000000080000D34] -> 0x0333
mem[X,0x0000000080000D36] -> 0x4093
[536] [M]: 0x0000000080000D34 (0x40930333) sub x6, x6, x9                           main+1332
x6 <- 0x0005FFFFFFFFFFE8

mem[X,0x0000000080000D38] -> 0x0313
mem[X,0x0000000080000D3A] -> 0x0103
[537] [M]: 0x0000000080000D38 (0x01030313) addi x6, x6, 0x10                        main+1336
x6 <- 0x0005FFFFFFFFFFF8

clint mtime 0x000000000000010D (mip.MTI <- 0b1, mip.STI <- 0b0)
mem[X,0x0000000080000D3C] -> 0x0497
mem[X,0x0000000080000D3E] -> 0x0000
[538] [M]: 0x0000000080000D3C (0x00000497) auipc x9, 0x0                            main+1340
x9 <- 0x0000000080000D3C

mem[X,0x0000000080000D40] -> 0x84B3
mem[X,0x0000000080000D42] -> 0x0064
[539] [M]: 0x0000000080000D40 (0x006484B3) add x9, x9, x6                           main+1344
x9 <- 0x0006000080000D34

clint mtime 0x000000000000010E (mip.MTI <- 0b1, mip.STI <- 0b0)
mem[X,0x0000000080000D44] -> 0x94F3
mem[X,0x0000000080000D46] -> 0x3414
[540] [M]: 0x0000000080000D44 (0x341494F3) csrrw x9, mepc, x9                       main+1348
CSR mepc (0x341) <- 0x0006000080000D34
x9 <- 0x0000000000000000

mem[X,0x0000000080000D48] -> 0x0073
mem[X,0x0000000080000D4A] -> 0x3020
[541] [M]: 0x0000000080000D48 (0x30200073) mret                                     main+1352
CSR mstatus (0x300) <- 0x0000000A00000080
ret-ing from M to S

clint mtime 0x000000000000010F (mip.MTI <- 0b1, mip.STI <- 0b0)
PTW: Start, vpn=0x6000080000, access_type=X, privilege=Smem[R,0x0000000080009030] -> 0x00000000000000CB
PTW: Step, level=4, pte=0xCB, pte_addr=0x80009030
PTW: Success, final_ppn=0x80000, level=4mem[X,0x0000000080000D34] -> 0x0333
mem[X,0x0000000080000D36] -> 0x4093
[542] [S]: 0x0006000080000D34 (0x40930333) sub x6, x6, x9                           va_rvtest_code_begin+1400
x6 <- 0x0005FFFFFFFFFFF8

mem[X,0x0000000080000D38] -> 0x0313
mem[X,0x0000000080000D3A] -> 0x0103
[543] [S]: 0x0006000080000D38 (0x01030313) addi x6, x6, 0x10                        va_rvtest_code_begin+1404
x6 <- 0x0006000000000008

clint mtime 0x0000000000000110 (mip.MTI <- 0b1, mip.STI <- 0b0)
mem[X,0x0000000080000D3C] -> 0x0497
mem[X,0x0000000080000D3E] -> 0x0000
[544] [S]: 0x0006000080000D3C (0x00000497) auipc x9, 0x0                            va_rvtest_code_begin+1408
x9 <- 0x0006000080000D3C

mem[X,0x0000000080000D40] -> 0x84B3
mem[X,0x0000000080000D42] -> 0x0064
[545] [S]: 0x0006000080000D40 (0x006484B3) add x9, x9, x6                           va_rvtest_code_begin+1412
x9 <- 0x000C000080000D44

clint mtime 0x0000000000000111 (mip.MTI <- 0b1, mip.STI <- 0b0)
mem[X,0x0000000080000D44] -> 0x94F3
mem[X,0x0000000080000D46] -> 0x3414
[546] [S]: 0x0006000080000D44 (0x341494F3) csrrw x9, mepc, x9                       va_rvtest_code_begin+1416
trapping from S to M to handle illegal-instruction
handling exc#illegal-instruction at priv M with tval 0x00000000341494F3
CSR mstatus (0x300) <- 0x0000000A00000800
CSR mcause (0x342) <- 0x0000000000000002
CSR mtval (0x343) <- 0x00000000341494F3
CSR mepc (0x341) <- 0x0006000080000D44

mem[X,0x0000000080000F00] -> 0x006F
mem[X,0x0000000080000F02] -> 0x1000
[547] [M]: 0x0000000080000F00 (0x1000006F) jal x0, 0x100                            Mtrampoline+0

clint mtime 0x0000000000000112 (mip.MTI <- 0b1, mip.STI <- 0b0)
mem[X,0x0000000080001000] -> 0x1173
mem[X,0x0000000080001002] -> 0x3401
[548] [M]: 0x0000000080001000 (0x34011173) csrrw x2, mscratch, x2                   trap_Mhandler+0
CSR mscratch (0x340) <- 0x0000000080004000
x2 <- 0x0000000080004000

mem[X,0x0000000080001004] -> 0x3423
mem[X,0x0000000080001006] -> 0x28B1
[549] [M]: 0x0000000080001004 (0x28B13423) sd x11, 0x288(x2)                        trap_Mhandler+4
mem[W,0x0000000080004288] <- 0x0000000000000001

clint mtime 0x0000000000000113 (mip.MTI <- 0b1, mip.STI <- 0b0)
mem[X,0x0000000080001008] -> 0x05EF
mem[X,0x000000008000100A] -> 0x0B80
[550] [M]: 0x0000000080001008 (0x0B8005EF) jal x11, 0xb8                            trap_Mhandler+8
x11 <- 0x000000008000100C

mem[X,0x00000000800010C0] -> 0x3023
mem[X,0x00000000800010C2] -> 0x28A1
[551] [M]: 0x00000000800010C0 (0x28A13023) sd x10, 0x280(x2)                        common_Mhandler+0
mem[W,0x0000000080004280] <- 0x0000000020000001

clint mtime 0x0000000000000114 (mip.MTI <- 0b1, mip.STI <- 0b0)
mem[X,0x00000000800010C4] -> 0x1573
mem[X,0x00000000800010C6] -> 0x3401
[552] [M]: 0x00000000800010C4 (0x34011573) csrrw x10, mscratch, x2                  common_Mhandler+4
CSR mscratch (0x340) <- 0x0000000080004000
x10 <- 0x0000000080004000

mem[X,0x00000000800010C8] -> 0x3823
mem[X,0x00000000800010CA] -> 0x28A1
[553] [M]: 0x00000000800010C8 (0x28A13823) sd x10, 0x290(x2)                        common_Mhandler+8
mem[W,0x0000000080004290] <- 0x0000000080004000

clint mtime 0x0000000000000115 (mip.MTI <- 0b1, mip.STI <- 0b0)
mem[X,0x00000000800010CC] -> 0x3503
mem[X,0x00000000800010CE] -> 0x2301
[554] [M]: 0x00000000800010CC (0x23013503) ld x10, 0x230(x2)                        common_Mhandler+12
mem[R,0x0000000080004230] -> 0x00000000800010D4
x10 <- 0x00000000800010D4

mem[X,0x00000000800010D0] -> 0x0067
mem[X,0x00000000800010D2] -> 0x0005
[555] [M]: 0x00000000800010D0 (0x00050067) jalr x0, 0x0(x10)                        common_Mhandler+16

clint mtime 0x0000000000000116 (mip.MTI <- 0b1, mip.STI <- 0b0)
mem[X,0x00000000800010D4] -> 0x3C23
mem[X,0x00000000800010D6] -> 0x2691
[556] [M]: 0x00000000800010D4 (0x26913C23) sd x9, 0x278(x2)                         common_Mentry+0
mem[W,0x0000000080004278] <- 0x000C000080000D44

mem[X,0x00000000800010D8] -> 0x3823
mem[X,0x00000000800010DA] -> 0x2681
[557] [M]: 0x00000000800010D8 (0x26813823) sd x8, 0x270(x2)                         common_Mentry+4
mem[W,0x0000000080004270] <- 0x0000000000007F76

clint mtime 0x0000000000000117 (mip.MTI <- 0b1, mip.STI <- 0b0)
mem[X,0x00000000800010DC] -> 0x3423
mem[X,0x00000000800010DE] -> 0x2671
[558] [M]: 0x00000000800010DC (0x26713423) sd x7, 0x268(x2)                         common_Mentry+8
mem[W,0x0000000080004268] <- 0x0000000080004000

mem[X,0x00000000800010E0] -> 0x3023
mem[X,0x00000000800010E2] -> 0x2661
[559] [M]: 0x00000000800010E0 (0x26613023) sd x6, 0x260(x2)                         common_Mentry+12
mem[W,0x0000000080004260] <- 0x0006000000000008

clint mtime 0x0000000000000118 (mip.MTI <- 0b1, mip.STI <- 0b0)
mem[X,0x00000000800010E4] -> 0x2573
mem[X,0x00000000800010E6] -> 0x3420
[560] [M]: 0x00000000800010E4 (0x34202573) csrrs x10, mcause, x0                    spcl_M2mmode_test+0
CSR mcause (0x342) -> 0x0000000000000002
x10 <- 0x0000000000000002

mem[X,0x00000000800010E8] -> 0x04B7
mem[X,0x00000000800010EA] -> 0x8000
[561] [M]: 0x00000000800010E8 (0x800004B7) lui x9, -0x80000                         spcl_M2mmode_test+4
x9 <- 0xFFFFFFFF80000000

clint mtime 0x0000000000000119 (mip.MTI <- 0b1, mip.STI <- 0b0)
mem[X,0x00000000800010EC] -> 0x8493
mem[X,0x00000000800010EE] -> 0x0004
[562] [M]: 0x00000000800010EC (0x00048493) addi x9, x9, 0x0                         spcl_M2mmode_test+8
x9 <- 0xFFFFFFFF80000000

mem[X,0x00000000800010F0] -> 0x9493
mem[X,0x00000000800010F2] -> 0x00B4
[563] [M]: 0x00000000800010F0 (0x00B49493) slli x9, x9, 0xb                         spcl_M2mmode_test+12
x9 <- 0xFFFFFC0000000000

clint mtime 0x000000000000011A (mip.MTI <- 0b1, mip.STI <- 0b0)
mem[X,0x00000000800010F4] -> 0x8493
mem[X,0x00000000800010F6] -> 0x0004
[564] [M]: 0x00000000800010F4 (0x00048493) addi x9, x9, 0x0                         spcl_M2mmode_test+16
x9 <- 0xFFFFFC0000000000

mem[X,0x00000000800010F8] -> 0x9493
mem[X,0x00000000800010FA] -> 0x00B4
[565] [M]: 0x00000000800010F8 (0x00B49493) slli x9, x9, 0xb                         spcl_M2mmode_test+20
x9 <- 0xFFE0000000000000

clint mtime 0x000000000000011B (mip.MTI <- 0b1, mip.STI <- 0b0)
mem[X,0x00000000800010FC] -> 0x8493
mem[X,0x00000000800010FE] -> 0x0034
[566] [M]: 0x00000000800010FC (0x00348493) addi x9, x9, 0x3                         spcl_M2mmode_test+24
x9 <- 0xFFE0000000000003

mem[X,0x0000000080001100] -> 0x9493
mem[X,0x0000000080001102] -> 0x00A4
[567] [M]: 0x0000000080001100 (0x00A49493) slli x9, x9, 0xa                         spcl_M2mmode_test+28
x9 <- 0x8000000000000C00

clint mtime 0x000000000000011C (mip.MTI <- 0b1, mip.STI <- 0b0)
mem[X,0x0000000080001104] -> 0x8493
mem[X,0x0000000080001106] -> 0x3FC4
[568] [M]: 0x0000000080001104 (0x3FC48493) addi x9, x9, 0x3fc                       spcl_M2mmode_test+32
x9 <- 0x8000000000000FFC

mem[X,0x0000000080001108] -> 0xF4B3
mem[X,0x000000008000110A] -> 0x00A4
[569] [M]: 0x0000000080001108 (0x00A4F4B3) and x9, x9, x10                          spcl_M2mmode_test+36
x9 <- 0x0000000000000000

clint mtime 0x000000000000011D (mip.MTI <- 0b1, mip.STI <- 0b0)
mem[X,0x000000008000110C] -> 0x8493
mem[X,0x000000008000110E] -> 0xFF84
[570] [M]: 0x000000008000110C (0xFF848493) addi x9, x9, -0x8                        spcl_M2mmode_test+40
x9 <- 0xFFFFFFFFFFFFFFF8

mem[X,0x0000000080001110] -> 0x9663
mem[X,0x0000000080001112] -> 0x0004
[571] [M]: 0x0000000080001110 (0x00049663) bne x9, x0, 0xc                          spcl_M2mmode_test+44

clint mtime 0x000000000000011E (mip.MTI <- 0b1, mip.STI <- 0b0)
mem[X,0x000000008000111C] -> 0x0393
mem[X,0x000000008000111E] -> 0x0200
[572] [M]: 0x000000008000111C (0x02000393) addi x7, x0, 0x20                        Mtrapsig_ptr_upd+0
x7 <- 0x0000000000000020

mem[X,0x0000000080001120] -> 0x5263
mem[X,0x0000000080001122] -> 0x0405
[573] [M]: 0x0000000080001120 (0x04055263) bge x10, x0, 0x44                        Mtrapsig_ptr_upd+4

clint mtime 0x000000000000011F (mip.MTI <- 0b1, mip.STI <- 0b0)
mem[X,0x0000000080001164] -> 0x2373
mem[X,0x0000000080001166] -> 0x3010
[574] [M]: 0x0000000080001164 (0x30102373) csrrs x6, misa, x0                       Mxcpt_sig_sv+0
CSR misa (0x301) -> 0x800000000034112F
x6 <- 0x800000000034112F

mem[X,0x0000000080001168] -> 0x1313
mem[X,0x000000008000116A] -> 0x0383
[575] [M]: 0x0000000080001168 (0x03831313) slli x6, x6, 0x38                        Mxcpt_sig_sv+4
x6 <- 0x2F00000000000000

clint mtime 0x0000000000000120 (mip.MTI <- 0b1, mip.STI <- 0b0)
mem[X,0x000000008000116C] -> 0x5463
mem[X,0x000000008000116E] -> 0x0003
[576] [M]: 0x000000008000116C (0x00035463) bge x6, x0, 0x8                          Mxcpt_sig_sv+8

mem[X,0x0000000080001174] -> 0x3303
mem[X,0x0000000080001176] -> 0x2181
[577] [M]: 0x0000000080001174 (0x21813303) ld x6, 0x218(x2)                         Mtrap_sig_sv+0
mem[R,0x0000000080004218] -> 0x000000008000A218
x6 <- 0x000000008000A218

clint mtime 0x0000000000000121 (mip.MTI <- 0b1, mip.STI <- 0b0)
mem[X,0x0000000080001178] -> 0x04B3
mem[X,0x000000008000117A] -> 0x0073
[578] [M]: 0x0000000080001178 (0x007304B3) add x9, x6, x7                           Mtrap_sig_sv+4
x9 <- 0x000000008000A238

mem[X,0x000000008000117C] -> 0x3C23
mem[X,0x000000008000117E] -> 0x2091
[579] [M]: 0x000000008000117C (0x20913C23) sd x9, 0x218(x2)                         Mtrap_sig_sv+8
mem[W,0x0000000080004218] <- 0x000000008000A238

clint mtime 0x0000000000000122 (mip.MTI <- 0b1, mip.STI <- 0b0)
mem[X,0x0000000080001180] -> 0x3403
mem[X,0x0000000080001182] -> 0x1F81
[580] [M]: 0x0000000080001180 (0x1F813403) ld x8, 0x1f8(x2)                         Mtrap_sig_sv+12
mem[R,0x00000000800041F8] -> 0x000000008000A110
x8 <- 0x000000008000A110

mem[X,0x0000000080001184] -> 0x0333
mem[X,0x0000000080001186] -> 0x4083
[581] [M]: 0x0000000080001184 (0x40830333) sub x6, x6, x8                           Mtrap_sig_sv+16
x6 <- 0x0000000000000108

clint mtime 0x0000000000000123 (mip.MTI <- 0b1, mip.STI <- 0b0)
mem[X,0x0000000080001188] -> 0x3403
mem[X,0x000000008000118A] -> 0x1F81
[582] [M]: 0x0000000080001188 (0x1F813403) ld x8, 0x1f8(x2)                         Mtrap_sig_sv+20
mem[R,0x00000000800041F8] -> 0x000000008000A110
x8 <- 0x000000008000A110

mem[X,0x000000008000118C] -> 0x0333
mem[X,0x000000008000118E] -> 0x0083
[583] [M]: 0x000000008000118C (0x00830333) add x6, x6, x8                           Mtrap_sig_sv+24
x6 <- 0x000000008000A218

clint mtime 0x0000000000000124 (mip.MTI <- 0b1, mip.STI <- 0b0)
mem[X,0x0000000080001190] -> 0x3403
mem[X,0x0000000080001192] -> 0x2401
[584] [M]: 0x0000000080001190 (0x24013403) ld x8, 0x240(x2)                         Mtrap_sig_sv+28
mem[R,0x0000000080004240] -> 0x0000000080000F00
x8 <- 0x0000000080000F00

mem[X,0x0000000080001194] -> 0x85B3
mem[X,0x0000000080001196] -> 0x4085
[585] [M]: 0x0000000080001194 (0x408585B3) sub x11, x11, x8                         sv_Mvect+0
x11 <- 0x000000000000010C

clint mtime 0x0000000000000125 (mip.MTI <- 0b1, mip.STI <- 0b0)
mem[X,0x0000000080001198] -> 0x9593
mem[X,0x000000008000119A] -> 0x0045
[586] [M]: 0x0000000080001198 (0x00459593) slli x11, x11, 0x4                       sv_Mvect+4
x11 <- 0x00000000000010C0

mem[X,0x000000008000119C] -> 0xE5B3
mem[X,0x000000008000119E] -> 0x0075
[587] [M]: 0x000000008000119C (0x0075E5B3) or x11, x11, x7                          sv_Mvect+8
x11 <- 0x00000000000010E0

clint mtime 0x0000000000000126 (mip.MTI <- 0b1, mip.STI <- 0b0)
mem[X,0x00000000800011A0] -> 0x8593
mem[X,0x00000000800011A2] -> 0x0035
[588] [M]: 0x00000000800011A0 (0x00358593) addi x11, x11, 0x3                       sv_Mvect+12
x11 <- 0x00000000000010E3

mem[X,0x00000000800011A4] -> 0x3023
mem[X,0x00000000800011A6] -> 0x00B3
[589] [M]: 0x00000000800011A4 (0x00B33023) sd x11, 0x0(x6)                          sv_Mvect+16
mem[W,0x000000008000A218] <- 0x00000000000010E3

clint mtime 0x0000000000000127 (mip.MTI <- 0b1, mip.STI <- 0b0)
mem[X,0x00000000800011A8] -> 0x3423
mem[X,0x00000000800011AA] -> 0x00A3
[590] [M]: 0x00000000800011A8 (0x00A33423) sd x10, 0x8(x6)                          sv_Mcause+0
mem[W,0x000000008000A220] <- 0x0000000000000002

mem[X,0x00000000800011AC] -> 0x4663
mem[X,0x00000000800011AE] -> 0x1A05
[591] [M]: 0x00000000800011AC (0x1A054663) blt x10, x0, 0x1ac                       sv_Mcause+4

clint mtime 0x0000000000000128 (mip.MTI <- 0b1, mip.STI <- 0b0)
mem[X,0x00000000800011B0] -> 0x25F3
mem[X,0x00000000800011B2] -> 0x3000
[592] [M]: 0x00000000800011B0 (0x300025F3) csrrs x11, mstatus, x0                   common_Mexcpt_handler+0
CSR mstatus (0x300) -> 0x0000000A00000800
x11 <- 0x0000000A00000800

mem[X,0x00000000800011B4] -> 0x9413
mem[X,0x00000000800011B6] -> 0x02E5
[593] [M]: 0x00000000800011B4 (0x02E59413) slli x8, x11, 0x2e                       common_Mexcpt_handler+4
x8 <- 0x0200000000000000

clint mtime 0x0000000000000129 (mip.MTI <- 0b1, mip.STI <- 0b0)
mem[X,0x00000000800011B8] -> 0x5463
mem[X,0x00000000800011BA] -> 0x0004
[594] [M]: 0x00000000800011B8 (0x00045463) bge x8, x0, 0x8                          common_Mexcpt_handler+8

mem[X,0x00000000800011C0] -> 0xD493
mem[X,0x00000000800011C2] -> 0x00B5
[595] [M]: 0x00000000800011C0 (0x00B5D493) srli x9, x11, 0xb                        common_Mexcpt_handler+16
x9 <- 0x0000000001400001

clint mtime 0x000000000000012A (mip.MTI <- 0b1, mip.STI <- 0b0)
mem[X,0x00000000800011C4] -> 0xF493
mem[X,0x00000000800011C6] -> 0x0034
[596] [M]: 0x00000000800011C4 (0x0034F493) andi x9, x9, 0x3                         common_Mexcpt_handler+20
x9 <- 0x0000000000000001

mem[X,0x00000000800011C8] -> 0x8493
mem[X,0x00000000800011CA] -> 0x0014
[597] [M]: 0x00000000800011C8 (0x00148493) addi x9, x9, 0x1                         common_Mexcpt_handler+24
x9 <- 0x0000000000000002

clint mtime 0x000000000000012B (mip.MTI <- 0b1, mip.STI <- 0b0)
mem[X,0x00000000800011CC] -> 0xF493
mem[X,0x00000000800011CE] -> 0x0044
[598] [M]: 0x00000000800011CC (0x0044F493) andi x9, x9, 0x4                         common_Mexcpt_handler+28
x9 <- 0x0000000000000000

mem[X,0x00000000800011D0] -> 0x0593
mem[X,0x00000000800011D2] -> 0x05D0
[599] [M]: 0x00000000800011D0 (0x05D00593) addi x11, x0, 0x5d                       common_Mexcpt_handler+32
x11 <- 0x000000000000005D

clint mtime 0x000000000000012C (mip.MTI <- 0b1, mip.STI <- 0b0)
mem[X,0x00000000800011D4] -> 0xD5B3
mem[X,0x00000000800011D6] -> 0x0095
[600] [M]: 0x00000000800011D4 (0x0095D5B3) srl x11, x11, x9                         common_Mexcpt_handler+36
x11 <- 0x000000000000005D

mem[X,0x00000000800011D8] -> 0xF593
mem[X,0x00000000800011DA] -> 0x0015
[601] [M]: 0x00000000800011D8 (0x0015F593) andi x11, x11, 0x1                       common_Mexcpt_handler+40
x11 <- 0x0000000000000001

clint mtime 0x000000000000012D (mip.MTI <- 0b1, mip.STI <- 0b0)
mem[X,0x00000000800011DC] -> 0x8EE3
mem[X,0x00000000800011DE] -> 0xF405
[602] [M]: 0x00000000800011DC (0xF4058EE3) beq x11, x0, -0xa4                       common_Mexcpt_handler+44

mem[X,0x00000000800011E0] -> 0x0593
mem[X,0x00000000800011E2] -> 0x2980
[603] [M]: 0x00000000800011E0 (0x29800593) addi x11, x0, 0x298                      common_Mexcpt_handler+48
x11 <- 0x0000000000000298

clint mtime 0x000000000000012E (mip.MTI <- 0b1, mip.STI <- 0b0)
mem[X,0x00000000800011E4] -> 0xF413
mem[X,0x00000000800011E6] -> 0x0014
[604] [M]: 0x00000000800011E4 (0x0014F413) andi x8, x9, 0x1                         common_Mexcpt_handler+52
x8 <- 0x0000000000000000

mem[X,0x00000000800011E8] -> 0x95B3
mem[X,0x00000000800011EA] -> 0x0085
[605] [M]: 0x00000000800011E8 (0x008595B3) sll x11, x11, x8                         common_Mexcpt_handler+56
x11 <- 0x0000000000000298

clint mtime 0x000000000000012F (mip.MTI <- 0b1, mip.STI <- 0b0)
mem[X,0x00000000800011EC] -> 0x9413
mem[X,0x00000000800011EE] -> 0x03D4
[606] [M]: 0x00000000800011EC (0x03D49413) slli x8, x9, 0x3d                        common_Mexcpt_handler+60
x8 <- 0x0000000000000000

mem[X,0x00000000800011F0] -> 0x5413
mem[X,0x00000000800011F2] -> 0x43F4
[607] [M]: 0x00000000800011F0 (0x43F45413) srai x8, x8, 0x3f                        common_Mexcpt_handler+64
x8 <- 0x0000000000000000

clint mtime 0x0000000000000130 (mip.MTI <- 0b1, mip.STI <- 0b0)
mem[X,0x00000000800011F4] -> 0x4413
mem[X,0x00000000800011F6] -> 0xFFF4
[608] [M]: 0x00000000800011F4 (0xFFF44413) xori x8, x8, -0x1                        common_Mexcpt_handler+68
x8 <- 0xFFFFFFFFFFFFFFFF

mem[X,0x00000000800011F8] -> 0xF4B3
mem[X,0x00000000800011FA] -> 0x0085
[609] [M]: 0x00000000800011F8 (0x0085F4B3) and x9, x11, x8                          common_Mexcpt_handler+72
x9 <- 0x0000000000000298

clint mtime 0x0000000000000131 (mip.MTI <- 0b1, mip.STI <- 0b0)
mem[X,0x00000000800011FC] -> 0x84B3
mem[X,0x00000000800011FE] -> 0x0024
[610] [M]: 0x00000000800011FC (0x002484B3) add x9, x9, x2                           vmem_adj_Mepc+0
x9 <- 0x0000000080004298

mem[X,0x0000000080001200] -> 0x23F3
mem[X,0x0000000080001202] -> 0x3410
[611] [M]: 0x0000000080001200 (0x341023F3) csrrs x7, mepc, x0                       vmem_adj_Mepc+4
CSR mepc (0x341) -> 0x0006000080000D44
x7 <- 0x0006000080000D44

clint mtime 0x0000000000000132 (mip.MTI <- 0b1, mip.STI <- 0b0)
mem[X,0x0000000080001204] -> 0x0413
mem[X,0x0000000080001206] -> 0x0004
[612] [M]: 0x0000000080001204 (0x00040413) addi x8, x8, 0x0                         vmem_adj_Mepc+8
x8 <- 0xFFFFFFFFFFFFFFFF

mem[X,0x0000000080001208] -> 0x006F
mem[X,0x000000008000120A] -> 0x0400
[613] [M]: 0x0000000080001208 (0x0400006F) jal x0, 0x40                             vmem_adj_Mepc+12

clint mtime 0x0000000000000133 (mip.MTI <- 0b1, mip.STI <- 0b0)
mem[X,0x0000000080001248] -> 0x8433
mem[X,0x000000008000124A] -> 0x4083
[614] [M]: 0x0000000080001248 (0x40838433) sub x8, x7, x8                           adj_Mepc+0
x8 <- 0x0006000080000D45

mem[X,0x000000008000124C] -> 0x3823
mem[X,0x000000008000124E] -> 0x0083
[615] [M]: 0x000000008000124C (0x00833823) sd x8, 0x10(x6)                          sv_Mepc+0
mem[W,0x000000008000A228] <- 0x0006000080000D45

clint mtime 0x0000000000000134 (mip.MTI <- 0b1, mip.STI <- 0b0)
mem[X,0x0000000080001250] -> 0x55B7
mem[X,0x0000000080001252] -> 0x0000
[616] [M]: 0x0000000080001250 (0x000055B7) lui x11, 0x5                             sv_Mepc+4
x11 <- 0x0000000000005000

mem[X,0x0000000080001254] -> 0x8593
mem[X,0x0000000080001256] -> 0x6675
[617] [M]: 0x0000000080001254 (0x66758593) addi x11, x11, 0x667                     sv_Mepc+8
x11 <- 0x0000000000005667

clint mtime 0x0000000000000135 (mip.MTI <- 0b1, mip.STI <- 0b0)
mem[X,0x0000000080001258] -> 0x9593
mem[X,0x000000008000125A] -> 0x0015
[618] [M]: 0x0000000080001258 (0x00159593) slli x11, x11, 0x1                       sv_Mepc+12
x11 <- 0x000000000000ACCE

mem[X,0x000000008000125C] -> 0x9063
mem[X,0x000000008000125E] -> 0x02B1
[619] [M]: 0x000000008000125C (0x02B19063) bne x3, x11, 0x20                        sv_Mepc+16

clint mtime 0x0000000000000136 (mip.MTI <- 0b1, mip.STI <- 0b0)
mem[X,0x000000008000127C] -> 0xF593
mem[X,0x000000008000127E] -> 0xFFC3
[620] [M]: 0x000000008000127C (0xFFC3F593) andi x11, x7, -0x4                       adj_Mepc_rtn+0
x11 <- 0x0006000080000D44

mem[X,0x0000000080001280] -> 0x8593
mem[X,0x0000000080001282] -> 0x0085
[621] [M]: 0x0000000080001280 (0x00858593) addi x11, x11, 0x8                       adj_Mepc_rtn+4
x11 <- 0x0006000080000D4C

clint mtime 0x0000000000000137 (mip.MTI <- 0b1, mip.STI <- 0b0)
mem[X,0x0000000080001284] -> 0x9073
mem[X,0x0000000080001286] -> 0x3415
[622] [M]: 0x0000000080001284 (0x34159073) csrrw x0, mepc, x11                      adj_Mepc_rtn+8
CSR mepc (0x341) <- 0x0006000080000D4C

mem[X,0x0000000080001288] -> 0x23F3
mem[X,0x000000008000128A] -> 0x3430
[623] [M]: 0x0000000080001288 (0x343023F3) csrrs x7, mtval, x0                      skp_adj_Mepc+0
CSR mtval (0x343) -> 0x00000000341494F3
x7 <- 0x00000000341494F3

clint mtime 0x0000000000000138 (mip.MTI <- 0b1, mip.STI <- 0b0)
mem[X,0x000000008000128C] -> 0x0413
mem[X,0x000000008000128E] -> 0x0004
[624] [M]: 0x000000008000128C (0x00040413) addi x8, x8, 0x0                         skp_adj_Mepc+4
x8 <- 0x0006000080000D45

mem[X,0x0000000080001290] -> 0x006F
mem[X,0x0000000080001292] -> 0x0840
[625] [M]: 0x0000000080001290 (0x0840006F) jal x0, 0x84                             skp_adj_Mepc+8

clint mtime 0x0000000000000139 (mip.MTI <- 0b1, mip.STI <- 0b0)
mem[X,0x0000000080001314] -> 0x8433
mem[X,0x0000000080001316] -> 0x4083
[626] [M]: 0x0000000080001314 (0x40838433) sub x8, x7, x8                           adj_Mtval+0
x8 <- 0xFFF9FFFFB41487AE

mem[X,0x0000000080001318] -> 0x3C23
mem[X,0x000000008000131A] -> 0x0083
[627] [M]: 0x0000000080001318 (0x00833C23) sd x8, 0x18(x6)                          sv_Mtval+0
mem[W,0x000000008000A230] <- 0xFFF9FFFFB41487AE

clint mtime 0x000000000000013A (mip.MTI <- 0b1, mip.STI <- 0b0)
mem[X,0x000000008000131C] -> 0x3483
mem[X,0x000000008000131E] -> 0x2181
[628] [M]: 0x000000008000131C (0x21813483) ld x9, 0x218(x2)                         skp_Mtval+0
mem[R,0x0000000080004218] -> 0x000000008000A238
x9 <- 0x000000008000A238

mem[X,0x0000000080001320] -> 0x3383
mem[X,0x0000000080001322] -> 0x1F81
[629] [M]: 0x0000000080001320 (0x1F813383) ld x7, 0x1f8(x2)                         skp_Mtval+4
mem[R,0x00000000800041F8] -> 0x000000008000A110
x7 <- 0x000000008000A110

clint mtime 0x000000000000013B (mip.MTI <- 0b1, mip.STI <- 0b0)
mem[X,0x0000000080001324] -> 0x3303
mem[X,0x0000000080001326] -> 0x2001
[630] [M]: 0x0000000080001324 (0x20013303) ld x6, 0x200(x2)                         skp_Mtval+8
mem[R,0x0000000080004200] -> 0x0000000000000210
x6 <- 0x0000000000000210

mem[X,0x0000000080001328] -> 0x0333
mem[X,0x000000008000132A] -> 0x0073
[631] [M]: 0x0000000080001328 (0x00730333) add x6, x6, x7                           skp_Mtval+12
x6 <- 0x000000008000A320

clint mtime 0x000000000000013C (mip.MTI <- 0b1, mip.STI <- 0b0)
mem[X,0x000000008000132C] -> 0x6AE3
mem[X,0x000000008000132E] -> 0xAC93
[632] [M]: 0x000000008000132C (0xAC936AE3) bltu x6, x9, -0x52c                      skp_Mtval+16

mem[X,0x0000000080001330] -> 0x0393
mem[X,0x0000000080001332] -> 0x2000
[633] [M]: 0x0000000080001330 (0x20000393) addi x7, x0, 0x200                       skp_Mtval+20
x7 <- 0x0000000000000200

clint mtime 0x000000000000013D (mip.MTI <- 0b1, mip.STI <- 0b0)
mem[X,0x0000000080001334] -> 0x006F
mem[X,0x0000000080001336] -> 0x0400
[634] [M]: 0x0000000080001334 (0x0400006F) jal x0, 0x40                             skp_Mtval+24

mem[X,0x0000000080001374] -> 0x0417
mem[X,0x0000000080001376] -> 0x0000
[635] [M]: 0x0000000080001374 (0x00000417) auipc x8, 0x0                            spcl_Mhandler+0
x8 <- 0x0000000080001374

clint mtime 0x000000000000013E (mip.MTI <- 0b1, mip.STI <- 0b0)
mem[X,0x0000000080001378] -> 0x0413
mem[X,0x000000008000137A] -> 0x03C4
[636] [M]: 0x0000000080001378 (0x03C40413) addi x8, x8, 0x3c                        spcl_Mhandler+4
x8 <- 0x00000000800013B0

mem[X,0x000000008000137C] -> 0x0433
mem[X,0x000000008000137E] -> 0x0074
[637] [M]: 0x000000008000137C (0x00740433) add x8, x8, x7                           spcl_Mhandler+8
x8 <- 0x00000000800015B0

clint mtime 0x000000000000013F (mip.MTI <- 0b1, mip.STI <- 0b0)
mem[X,0x0000000080001380] -> 0x1393
mem[X,0x0000000080001382] -> 0x0035
[638] [M]: 0x0000000080001380 (0x00351393) slli x7, x10, 0x3                        spcl_Mhandler+12
x7 <- 0x0000000000000010

mem[X,0x0000000080001384] -> 0x0433
mem[X,0x0000000080001386] -> 0x0074
[639] [M]: 0x0000000080001384 (0x00740433) add x8, x8, x7                           spcl_Mhandler+16
x8 <- 0x00000000800015C0

clint mtime 0x0000000000000140 (mip.MTI <- 0b1, mip.STI <- 0b0)
mem[X,0x0000000080001388] -> 0x7413
mem[X,0x000000008000138A] -> 0xFF84
[640] [M]: 0x0000000080001388 (0xFF847413) andi x8, x8, -0x8                        spcl_Mhandler+20
x8 <- 0x00000000800015C0

mem[X,0x000000008000138C] -> 0x3403
mem[X,0x000000008000138E] -> 0x0004
[641] [M]: 0x000000008000138C (0x00043403) ld x8, 0x0(x8)                           spcl_Mhandler+24
mem[R,0x00000000800015C0] -> 0x0000000000000005
x8 <- 0x0000000000000005

clint mtime 0x0000000000000141 (mip.MTI <- 0b1, mip.STI <- 0b0)
mem[X,0x0000000080001390] -> 0x02E3
mem[X,0x0000000080001392] -> 0xB004
[642] [M]: 0x0000000080001390 (0xB00402E3) beq x8, x0, -0x4fc                       spcl_Mdispatch_hndling+0

mem[X,0x0000000080001394] -> 0x1393
mem[X,0x0000000080001396] -> 0x03F4
[643] [M]: 0x0000000080001394 (0x03F41393) slli x7, x8, 0x3f                        spcl_Mdispatch_hndling+4
x7 <- 0x8000000000000000

clint mtime 0x0000000000000142 (mip.MTI <- 0b1, mip.STI <- 0b0)
mem[X,0x0000000080001398] -> 0xD863
mem[X,0x000000008000139A] -> 0x0003
[644] [M]: 0x0000000080001398 (0x0003D863) bge x7, x0, 0x10                         spcl_Mdispatch_hndling+8

mem[X,0x000000008000139C] -> 0x5413
mem[X,0x000000008000139E] -> 0x0014
[645] [M]: 0x000000008000139C (0x00145413) srli x8, x8, 0x1                         spcl_Mdispatch_hndling+12
x8 <- 0x0000000000000002

clint mtime 0x0000000000000143 (mip.MTI <- 0b1, mip.STI <- 0b0)
mem[X,0x00000000800013A0] -> 0x0CE3
mem[X,0x00000000800013A2] -> 0xF885
[646] [M]: 0x00000000800013A0 (0xF8850CE3) beq x10, x8, -0x68                       spcl_Mdispatch_hndling+16

mem[X,0x0000000080001338] -> 0x3303
mem[X,0x000000008000133A] -> 0x2601
[647] [M]: 0x0000000080001338 (0x26013303) ld x6, 0x260(x2)                         resto_Mrtn+0
mem[R,0x0000000080004260] -> 0x0006000000000008
x6 <- 0x0006000000000008

clint mtime 0x0000000000000144 (mip.MTI <- 0b1, mip.STI <- 0b0)
mem[X,0x000000008000133C] -> 0x3383
mem[X,0x000000008000133E] -> 0x2681
[648] [M]: 0x000000008000133C (0x26813383) ld x7, 0x268(x2)                         resto_Mrtn+4
mem[R,0x0000000080004268] -> 0x0000000080004000
x7 <- 0x0000000080004000

mem[X,0x0000000080001340] -> 0x3403
mem[X,0x0000000080001342] -> 0x2701
[649] [M]: 0x0000000080001340 (0x27013403) ld x8, 0x270(x2)                         resto_Mrtn+8
mem[R,0x0000000080004270] -> 0x0000000000007F76
x8 <- 0x0000000000007F76

clint mtime 0x0000000000000145 (mip.MTI <- 0b1, mip.STI <- 0b0)
mem[X,0x0000000080001344] -> 0x3483
mem[X,0x0000000080001346] -> 0x2781
[650] [M]: 0x0000000080001344 (0x27813483) ld x9, 0x278(x2)                         resto_Mrtn+12
mem[R,0x0000000080004278] -> 0x000C000080000D44
x9 <- 0x000C000080000D44

mem[X,0x0000000080001348] -> 0x3503
mem[X,0x000000008000134A] -> 0x2801
[651] [M]: 0x0000000080001348 (0x28013503) ld x10, 0x280(x2)                        resto_Mrtn+16
mem[R,0x0000000080004280] -> 0x0000000020000001
x10 <- 0x0000000020000001

clint mtime 0x0000000000000146 (mip.MTI <- 0b1, mip.STI <- 0b0)
mem[X,0x000000008000134C] -> 0x3583
mem[X,0x000000008000134E] -> 0x2881
[652] [M]: 0x000000008000134C (0x28813583) ld x11, 0x288(x2)                        resto_Mrtn+20
mem[R,0x0000000080004288] -> 0x0000000000000001
x11 <- 0x0000000000000001

mem[X,0x0000000080001350] -> 0x3103
mem[X,0x0000000080001352] -> 0x2901
[653] [M]: 0x0000000080001350 (0x29013103) ld x2, 0x290(x2)                         resto_Mrtn+24
mem[R,0x0000000080004290] -> 0x0000000080004000
x2 <- 0x0000000080004000

clint mtime 0x0000000000000147 (mip.MTI <- 0b1, mip.STI <- 0b0)
mem[X,0x0000000080001354] -> 0x0073
mem[X,0x0000000080001356] -> 0x3020
[654] [M]: 0x0000000080001354 (0x30200073) mret                                     resto_Mrtn+28
CSR mstatus (0x300) <- 0x0000000A00000080
ret-ing from M to S

mem[X,0x0000000080000D4C] -> 0x07B7
mem[X,0x0000000080000D4E] -> 0x0005
[655] [S]: 0x0006000080000D4C (0x000507B7) lui x15, 0x50                            va_rvtest_code_begin+1424
x15 <- 0x0000000000050000

clint mtime 0x0000000000000148 (mip.MTI <- 0b1, mip.STI <- 0b0)
mem[X,0x0000000080000D50] -> 0x8793
mem[X,0x0000000080000D52] -> 0x0007
[656] [S]: 0x0006000080000D50 (0x00078793) addi x15, x15, 0x0                       va_rvtest_code_begin+1428
x15 <- 0x0000000000050000

mem[X,0x0000000080000D54] -> 0x9793
mem[X,0x0000000080000D56] -> 0x00B7
[657] [S]: 0x0006000080000D54 (0x00B79793) slli x15, x15, 0xb                       va_rvtest_code_begin+1432
x15 <- 0x0000000028000000

clint mtime 0x0000000000000149 (mip.MTI <- 0b1, mip.STI <- 0b0)
mem[X,0x0000000080000D58] -> 0x8793
mem[X,0x0000000080000D5A] -> 0x0007
[658] [S]: 0x0006000080000D58 (0x00078793) addi x15, x15, 0x0                       va_rvtest_code_begin+1436
x15 <- 0x0000000028000000

mem[X,0x0000000080000D5C] -> 0x9793
mem[X,0x0000000080000D5E] -> 0x00B7
[659] [S]: 0x0006000080000D5C (0x00B79793) slli x15, x15, 0xb                       va_rvtest_code_begin+1440
x15 <- 0x0000014000000000

clint mtime 0x000000000000014A (mip.MTI <- 0b1, mip.STI <- 0b0)
mem[X,0x0000000080000D60] -> 0x8793
mem[X,0x0000000080000D62] -> 0x0017
[660] [S]: 0x0006000080000D60 (0x00178793) addi x15, x15, 0x1                       va_rvtest_code_begin+1444
x15 <- 0x0000014000000001

mem[X,0x0000000080000D64] -> 0x9793
mem[X,0x0000000080000D66] -> 0x00A7
[661] [S]: 0x0006000080000D64 (0x00A79793) slli x15, x15, 0xa                       va_rvtest_code_begin+1448
x15 <- 0x0005000000000400

clint mtime 0x000000000000014B (mip.MTI <- 0b1, mip.STI <- 0b0)
mem[X,0x0000000080000D68] -> 0x0613
mem[X,0x0000000080000D6A] -> 0x0106
[662] [S]: 0x0006000080000D68 (0x01060613) addi x12, x12, 0x10                      va_rvtest_code_begin+1452
x12 <- 0x0000000000000010

mem[X,0x0000000080000D6C] -> 0xAA23
mem[X,0x0000000080000D6E] -> 0x00C7
[663] [S]: 0x0006000080000D6C (0x00C7AA23) sw x12, 0x14(x15)                        va_rvtest_code_begin+1456
PTW: Start, vpn=0x5000000000, access_type=W, privilege=Smem[R,0x0000000080009028] -> 0x0000000020002001
PTW: Step, level=4, pte=0x20002001, pte_addr=0x80009028
PTW: Start, vpn=0x5000000000, access_type=W, privilege=Smem[R,0x0000000080008000] -> 0x0000000020001C01
PTW: Step, level=3, pte=0x20001C01, pte_addr=0x80008000
PTW: Start, vpn=0x5000000000, access_type=W, privilege=Smem[R,0x0000000080007000] -> 0x0000000020001801
PTW: Step, level=2, pte=0x20001801, pte_addr=0x80007000
PTW: Start, vpn=0x5000000000, access_type=W, privilege=Smem[R,0x0000000080006000] -> 0x0000000020001401
PTW: Step, level=1, pte=0x20001401, pte_addr=0x80006000
PTW: Start, vpn=0x5000000000, access_type=W, privilege=Smem[R,0x0000000080005000] -> 0x0000000020000001
PTW: Step, level=0, pte=0x20000001, pte_addr=0x80005000
PTW: failed, error=invalid-pte, level=0, pte_addr=0x80005000
trapping from S to M to handle store/amo-page-fault
handling exc#store/amo-page-fault at priv M with tval 0x0005000000000414
CSR mstatus (0x300) <- 0x0000000A00000800
CSR mcause (0x342) <- 0x000000000000000F
CSR mtval (0x343) <- 0x0005000000000414
CSR mepc (0x341) <- 0x0006000080000D6C

clint mtime 0x000000000000014C (mip.MTI <- 0b1, mip.STI <- 0b0)
mem[X,0x0000000080000F00] -> 0x006F
mem[X,0x0000000080000F02] -> 0x1000
[664] [M]: 0x0000000080000F00 (0x1000006F) jal x0, 0x100                            Mtrampoline+0

mem[X,0x0000000080001000] -> 0x1173
mem[X,0x0000000080001002] -> 0x3401
[665] [M]: 0x0000000080001000 (0x34011173) csrrw x2, mscratch, x2                   trap_Mhandler+0
CSR mscratch (0x340) <- 0x0000000080004000
x2 <- 0x0000000080004000

clint mtime 0x000000000000014D (mip.MTI <- 0b1, mip.STI <- 0b0)
mem[X,0x0000000080001004] -> 0x3423
mem[X,0x0000000080001006] -> 0x28B1
[666] [M]: 0x0000000080001004 (0x28B13423) sd x11, 0x288(x2)                        trap_Mhandler+4
mem[W,0x0000000080004288] <- 0x0000000000000001

mem[X,0x0000000080001008] -> 0x05EF
mem[X,0x000000008000100A] -> 0x0B80
[667] [M]: 0x0000000080001008 (0x0B8005EF) jal x11, 0xb8                            trap_Mhandler+8
x11 <- 0x000000008000100C

clint mtime 0x000000000000014E (mip.MTI <- 0b1, mip.STI <- 0b0)
mem[X,0x00000000800010C0] -> 0x3023
mem[X,0x00000000800010C2] -> 0x28A1
[668] [M]: 0x00000000800010C0 (0x28A13023) sd x10, 0x280(x2)                        common_Mhandler+0
mem[W,0x0000000080004280] <- 0x0000000020000001

mem[X,0x00000000800010C4] -> 0x1573
mem[X,0x00000000800010C6] -> 0x3401
[669] [M]: 0x00000000800010C4 (0x34011573) csrrw x10, mscratch, x2                  common_Mhandler+4
CSR mscratch (0x340) <- 0x0000000080004000
x10 <- 0x0000000080004000

clint mtime 0x000000000000014F (mip.MTI <- 0b1, mip.STI <- 0b0)
mem[X,0x00000000800010C8] -> 0x3823
mem[X,0x00000000800010CA] -> 0x28A1
[670] [M]: 0x00000000800010C8 (0x28A13823) sd x10, 0x290(x2)                        common_Mhandler+8
mem[W,0x0000000080004290] <- 0x0000000080004000

mem[X,0x00000000800010CC] -> 0x3503
mem[X,0x00000000800010CE] -> 0x2301
[671] [M]: 0x00000000800010CC (0x23013503) ld x10, 0x230(x2)                        common_Mhandler+12
mem[R,0x0000000080004230] -> 0x00000000800010D4
x10 <- 0x00000000800010D4

clint mtime 0x0000000000000150 (mip.MTI <- 0b1, mip.STI <- 0b0)
mem[X,0x00000000800010D0] -> 0x0067
mem[X,0x00000000800010D2] -> 0x0005
[672] [M]: 0x00000000800010D0 (0x00050067) jalr x0, 0x0(x10)                        common_Mhandler+16

mem[X,0x00000000800010D4] -> 0x3C23
mem[X,0x00000000800010D6] -> 0x2691
[673] [M]: 0x00000000800010D4 (0x26913C23) sd x9, 0x278(x2)                         common_Mentry+0
mem[W,0x0000000080004278] <- 0x000C000080000D44

clint mtime 0x0000000000000151 (mip.MTI <- 0b1, mip.STI <- 0b0)
mem[X,0x00000000800010D8] -> 0x3823
mem[X,0x00000000800010DA] -> 0x2681
[674] [M]: 0x00000000800010D8 (0x26813823) sd x8, 0x270(x2)                         common_Mentry+4
mem[W,0x0000000080004270] <- 0x0000000000007F76

mem[X,0x00000000800010DC] -> 0x3423
mem[X,0x00000000800010DE] -> 0x2671
[675] [M]: 0x00000000800010DC (0x26713423) sd x7, 0x268(x2)                         common_Mentry+8
mem[W,0x0000000080004268] <- 0x0000000080004000

clint mtime 0x0000000000000152 (mip.MTI <- 0b1, mip.STI <- 0b0)
mem[X,0x00000000800010E0] -> 0x3023
mem[X,0x00000000800010E2] -> 0x2661
[676] [M]: 0x00000000800010E0 (0x26613023) sd x6, 0x260(x2)                         common_Mentry+12
mem[W,0x0000000080004260] <- 0x0006000000000008

mem[X,0x00000000800010E4] -> 0x2573
mem[X,0x00000000800010E6] -> 0x3420
[677] [M]: 0x00000000800010E4 (0x34202573) csrrs x10, mcause, x0                    spcl_M2mmode_test+0
CSR mcause (0x342) -> 0x000000000000000F
x10 <- 0x000000000000000F

clint mtime 0x0000000000000153 (mip.MTI <- 0b1, mip.STI <- 0b0)
mem[X,0x00000000800010E8] -> 0x04B7
mem[X,0x00000000800010EA] -> 0x8000
[678] [M]: 0x00000000800010E8 (0x800004B7) lui x9, -0x80000                         spcl_M2mmode_test+4
x9 <- 0xFFFFFFFF80000000

mem[X,0x00000000800010EC] -> 0x8493
mem[X,0x00000000800010EE] -> 0x0004
[679] [M]: 0x00000000800010EC (0x00048493) addi x9, x9, 0x0                         spcl_M2mmode_test+8
x9 <- 0xFFFFFFFF80000000

clint mtime 0x0000000000000154 (mip.MTI <- 0b1, mip.STI <- 0b0)
mem[X,0x00000000800010F0] -> 0x9493
mem[X,0x00000000800010F2] -> 0x00B4
[680] [M]: 0x00000000800010F0 (0x00B49493) slli x9, x9, 0xb                         spcl_M2mmode_test+12
x9 <- 0xFFFFFC0000000000

mem[X,0x00000000800010F4] -> 0x8493
mem[X,0x00000000800010F6] -> 0x0004
[681] [M]: 0x00000000800010F4 (0x00048493) addi x9, x9, 0x0                         spcl_M2mmode_test+16
x9 <- 0xFFFFFC0000000000

clint mtime 0x0000000000000155 (mip.MTI <- 0b1, mip.STI <- 0b0)
mem[X,0x00000000800010F8] -> 0x9493
mem[X,0x00000000800010FA] -> 0x00B4
[682] [M]: 0x00000000800010F8 (0x00B49493) slli x9, x9, 0xb                         spcl_M2mmode_test+20
x9 <- 0xFFE0000000000000

mem[X,0x00000000800010FC] -> 0x8493
mem[X,0x00000000800010FE] -> 0x0034
[683] [M]: 0x00000000800010FC (0x00348493) addi x9, x9, 0x3                         spcl_M2mmode_test+24
x9 <- 0xFFE0000000000003

clint mtime 0x0000000000000156 (mip.MTI <- 0b1, mip.STI <- 0b0)
mem[X,0x0000000080001100] -> 0x9493
mem[X,0x0000000080001102] -> 0x00A4
[684] [M]: 0x0000000080001100 (0x00A49493) slli x9, x9, 0xa                         spcl_M2mmode_test+28
x9 <- 0x8000000000000C00

mem[X,0x0000000080001104] -> 0x8493
mem[X,0x0000000080001106] -> 0x3FC4
[685] [M]: 0x0000000080001104 (0x3FC48493) addi x9, x9, 0x3fc                       spcl_M2mmode_test+32
x9 <- 0x8000000000000FFC

clint mtime 0x0000000000000157 (mip.MTI <- 0b1, mip.STI <- 0b0)
mem[X,0x0000000080001108] -> 0xF4B3
mem[X,0x000000008000110A] -> 0x00A4
[686] [M]: 0x0000000080001108 (0x00A4F4B3) and x9, x9, x10                          spcl_M2mmode_test+36
x9 <- 0x000000000000000C

mem[X,0x000000008000110C] -> 0x8493
mem[X,0x000000008000110E] -> 0xFF84
[687] [M]: 0x000000008000110C (0xFF848493) addi x9, x9, -0x8                        spcl_M2mmode_test+40
x9 <- 0x0000000000000004

clint mtime 0x0000000000000158 (mip.MTI <- 0b1, mip.STI <- 0b0)
mem[X,0x0000000080001110] -> 0x9663
mem[X,0x0000000080001112] -> 0x0004
[688] [M]: 0x0000000080001110 (0x00049663) bne x9, x0, 0xc                          spcl_M2mmode_test+44

mem[X,0x000000008000111C] -> 0x0393
mem[X,0x000000008000111E] -> 0x0200
[689] [M]: 0x000000008000111C (0x02000393) addi x7, x0, 0x20                        Mtrapsig_ptr_upd+0
x7 <- 0x0000000000000020

clint mtime 0x0000000000000159 (mip.MTI <- 0b1, mip.STI <- 0b0)
mem[X,0x0000000080001120] -> 0x5263
mem[X,0x0000000080001122] -> 0x0405
[690] [M]: 0x0000000080001120 (0x04055263) bge x10, x0, 0x44                        Mtrapsig_ptr_upd+4

mem[X,0x0000000080001164] -> 0x2373
mem[X,0x0000000080001166] -> 0x3010
[691] [M]: 0x0000000080001164 (0x30102373) csrrs x6, misa, x0                       Mxcpt_sig_sv+0
CSR misa (0x301) -> 0x800000000034112F
x6 <- 0x800000000034112F

clint mtime 0x000000000000015A (mip.MTI <- 0b1, mip.STI <- 0b0)
mem[X,0x0000000080001168] -> 0x1313
mem[X,0x000000008000116A] -> 0x0383
[692] [M]: 0x0000000080001168 (0x03831313) slli x6, x6, 0x38                        Mxcpt_sig_sv+4
x6 <- 0x2F00000000000000

mem[X,0x000000008000116C] -> 0x5463
mem[X,0x000000008000116E] -> 0x0003
[693] [M]: 0x000000008000116C (0x00035463) bge x6, x0, 0x8                          Mxcpt_sig_sv+8

clint mtime 0x000000000000015B (mip.MTI <- 0b1, mip.STI <- 0b0)
mem[X,0x0000000080001174] -> 0x3303
mem[X,0x0000000080001176] -> 0x2181
[694] [M]: 0x0000000080001174 (0x21813303) ld x6, 0x218(x2)                         Mtrap_sig_sv+0
mem[R,0x0000000080004218] -> 0x000000008000A238
x6 <- 0x000000008000A238

mem[X,0x0000000080001178] -> 0x04B3
mem[X,0x000000008000117A] -> 0x0073
[695] [M]: 0x0000000080001178 (0x007304B3) add x9, x6, x7                           Mtrap_sig_sv+4
x9 <- 0x000000008000A258

clint mtime 0x000000000000015C (mip.MTI <- 0b1, mip.STI <- 0b0)
mem[X,0x000000008000117C] -> 0x3C23
mem[X,0x000000008000117E] -> 0x2091
[696] [M]: 0x000000008000117C (0x20913C23) sd x9, 0x218(x2)                         Mtrap_sig_sv+8
mem[W,0x0000000080004218] <- 0x000000008000A258

mem[X,0x0000000080001180] -> 0x3403
mem[X,0x0000000080001182] -> 0x1F81
[697] [M]: 0x0000000080001180 (0x1F813403) ld x8, 0x1f8(x2)                         Mtrap_sig_sv+12
mem[R,0x00000000800041F8] -> 0x000000008000A110
x8 <- 0x000000008000A110

clint mtime 0x000000000000015D (mip.MTI <- 0b1, mip.STI <- 0b0)
mem[X,0x0000000080001184] -> 0x0333
mem[X,0x0000000080001186] -> 0x4083
[698] [M]: 0x0000000080001184 (0x40830333) sub x6, x6, x8                           Mtrap_sig_sv+16
x6 <- 0x0000000000000128

mem[X,0x0000000080001188] -> 0x3403
mem[X,0x000000008000118A] -> 0x1F81
[699] [M]: 0x0000000080001188 (0x1F813403) ld x8, 0x1f8(x2)                         Mtrap_sig_sv+20
mem[R,0x00000000800041F8] -> 0x000000008000A110
x8 <- 0x000000008000A110

clint mtime 0x000000000000015E (mip.MTI <- 0b1, mip.STI <- 0b0)
mem[X,0x000000008000118C] -> 0x0333
mem[X,0x000000008000118E] -> 0x0083
[700] [M]: 0x000000008000118C (0x00830333) add x6, x6, x8                           Mtrap_sig_sv+24
x6 <- 0x000000008000A238

mem[X,0x0000000080001190] -> 0x3403
mem[X,0x0000000080001192] -> 0x2401
[701] [M]: 0x0000000080001190 (0x24013403) ld x8, 0x240(x2)                         Mtrap_sig_sv+28
mem[R,0x0000000080004240] -> 0x0000000080000F00
x8 <- 0x0000000080000F00

clint mtime 0x000000000000015F (mip.MTI <- 0b1, mip.STI <- 0b0)
mem[X,0x0000000080001194] -> 0x85B3
mem[X,0x0000000080001196] -> 0x4085
[702] [M]: 0x0000000080001194 (0x408585B3) sub x11, x11, x8                         sv_Mvect+0
x11 <- 0x000000000000010C

mem[X,0x0000000080001198] -> 0x9593
mem[X,0x000000008000119A] -> 0x0045
[703] [M]: 0x0000000080001198 (0x00459593) slli x11, x11, 0x4                       sv_Mvect+4
x11 <- 0x00000000000010C0

clint mtime 0x0000000000000160 (mip.MTI <- 0b1, mip.STI <- 0b0)
mem[X,0x000000008000119C] -> 0xE5B3
mem[X,0x000000008000119E] -> 0x0075
[704] [M]: 0x000000008000119C (0x0075E5B3) or x11, x11, x7                          sv_Mvect+8
x11 <- 0x00000000000010E0

mem[X,0x00000000800011A0] -> 0x8593
mem[X,0x00000000800011A2] -> 0x0035
[705] [M]: 0x00000000800011A0 (0x00358593) addi x11, x11, 0x3                       sv_Mvect+12
x11 <- 0x00000000000010E3

clint mtime 0x0000000000000161 (mip.MTI <- 0b1, mip.STI <- 0b0)
mem[X,0x00000000800011A4] -> 0x3023
mem[X,0x00000000800011A6] -> 0x00B3
[706] [M]: 0x00000000800011A4 (0x00B33023) sd x11, 0x0(x6)                          sv_Mvect+16
mem[W,0x000000008000A238] <- 0x00000000000010E3

mem[X,0x00000000800011A8] -> 0x3423
mem[X,0x00000000800011AA] -> 0x00A3
[707] [M]: 0x00000000800011A8 (0x00A33423) sd x10, 0x8(x6)                          sv_Mcause+0
mem[W,0x000000008000A240] <- 0x000000000000000F

clint mtime 0x0000000000000162 (mip.MTI <- 0b1, mip.STI <- 0b0)
mem[X,0x00000000800011AC] -> 0x4663
mem[X,0x00000000800011AE] -> 0x1A05
[708] [M]: 0x00000000800011AC (0x1A054663) blt x10, x0, 0x1ac                       sv_Mcause+4

mem[X,0x00000000800011B0] -> 0x25F3
mem[X,0x00000000800011B2] -> 0x3000
[709] [M]: 0x00000000800011B0 (0x300025F3) csrrs x11, mstatus, x0                   common_Mexcpt_handler+0
CSR mstatus (0x300) -> 0x0000000A00000800
x11 <- 0x0000000A00000800

clint mtime 0x0000000000000163 (mip.MTI <- 0b1, mip.STI <- 0b0)
mem[X,0x00000000800011B4] -> 0x9413
mem[X,0x00000000800011B6] -> 0x02E5
[710] [M]: 0x00000000800011B4 (0x02E59413) slli x8, x11, 0x2e                       common_Mexcpt_handler+4
x8 <- 0x0200000000000000

mem[X,0x00000000800011B8] -> 0x5463
mem[X,0x00000000800011BA] -> 0x0004
[711] [M]: 0x00000000800011B8 (0x00045463) bge x8, x0, 0x8                          common_Mexcpt_handler+8

clint mtime 0x0000000000000164 (mip.MTI <- 0b1, mip.STI <- 0b0)
mem[X,0x00000000800011C0] -> 0xD493
mem[X,0x00000000800011C2] -> 0x00B5
[712] [M]: 0x00000000800011C0 (0x00B5D493) srli x9, x11, 0xb                        common_Mexcpt_handler+16
x9 <- 0x0000000001400001

mem[X,0x00000000800011C4] -> 0xF493
mem[X,0x00000000800011C6] -> 0x0034
[713] [M]: 0x00000000800011C4 (0x0034F493) andi x9, x9, 0x3                         common_Mexcpt_handler+20
x9 <- 0x0000000000000001

clint mtime 0x0000000000000165 (mip.MTI <- 0b1, mip.STI <- 0b0)
mem[X,0x00000000800011C8] -> 0x8493
mem[X,0x00000000800011CA] -> 0x0014
[714] [M]: 0x00000000800011C8 (0x00148493) addi x9, x9, 0x1                         common_Mexcpt_handler+24
x9 <- 0x0000000000000002

mem[X,0x00000000800011CC] -> 0xF493
mem[X,0x00000000800011CE] -> 0x0044
[715] [M]: 0x00000000800011CC (0x0044F493) andi x9, x9, 0x4                         common_Mexcpt_handler+28
x9 <- 0x0000000000000000

clint mtime 0x0000000000000166 (mip.MTI <- 0b1, mip.STI <- 0b0)
mem[X,0x00000000800011D0] -> 0x0593
mem[X,0x00000000800011D2] -> 0x05D0
[716] [M]: 0x00000000800011D0 (0x05D00593) addi x11, x0, 0x5d                       common_Mexcpt_handler+32
x11 <- 0x000000000000005D

mem[X,0x00000000800011D4] -> 0xD5B3
mem[X,0x00000000800011D6] -> 0x0095
[717] [M]: 0x00000000800011D4 (0x0095D5B3) srl x11, x11, x9                         common_Mexcpt_handler+36
x11 <- 0x000000000000005D

clint mtime 0x0000000000000167 (mip.MTI <- 0b1, mip.STI <- 0b0)
mem[X,0x00000000800011D8] -> 0xF593
mem[X,0x00000000800011DA] -> 0x0015
[718] [M]: 0x00000000800011D8 (0x0015F593) andi x11, x11, 0x1                       common_Mexcpt_handler+40
x11 <- 0x0000000000000001

mem[X,0x00000000800011DC] -> 0x8EE3
mem[X,0x00000000800011DE] -> 0xF405
[719] [M]: 0x00000000800011DC (0xF4058EE3) beq x11, x0, -0xa4                       common_Mexcpt_handler+44

clint mtime 0x0000000000000168 (mip.MTI <- 0b1, mip.STI <- 0b0)
mem[X,0x00000000800011E0] -> 0x0593
mem[X,0x00000000800011E2] -> 0x2980
[720] [M]: 0x00000000800011E0 (0x29800593) addi x11, x0, 0x298                      common_Mexcpt_handler+48
x11 <- 0x0000000000000298

mem[X,0x00000000800011E4] -> 0xF413
mem[X,0x00000000800011E6] -> 0x0014
[721] [M]: 0x00000000800011E4 (0x0014F413) andi x8, x9, 0x1                         common_Mexcpt_handler+52
x8 <- 0x0000000000000000

clint mtime 0x0000000000000169 (mip.MTI <- 0b1, mip.STI <- 0b0)
mem[X,0x00000000800011E8] -> 0x95B3
mem[X,0x00000000800011EA] -> 0x0085
[722] [M]: 0x00000000800011E8 (0x008595B3) sll x11, x11, x8                         common_Mexcpt_handler+56
x11 <- 0x0000000000000298

mem[X,0x00000000800011EC] -> 0x9413
mem[X,0x00000000800011EE] -> 0x03D4
[723] [M]: 0x00000000800011EC (0x03D49413) slli x8, x9, 0x3d                        common_Mexcpt_handler+60
x8 <- 0x0000000000000000

clint mtime 0x000000000000016A (mip.MTI <- 0b1, mip.STI <- 0b0)
mem[X,0x00000000800011F0] -> 0x5413
mem[X,0x00000000800011F2] -> 0x43F4
[724] [M]: 0x00000000800011F0 (0x43F45413) srai x8, x8, 0x3f                        common_Mexcpt_handler+64
x8 <- 0x0000000000000000

mem[X,0x00000000800011F4] -> 0x4413
mem[X,0x00000000800011F6] -> 0xFFF4
[725] [M]: 0x00000000800011F4 (0xFFF44413) xori x8, x8, -0x1                        common_Mexcpt_handler+68
x8 <- 0xFFFFFFFFFFFFFFFF

clint mtime 0x000000000000016B (mip.MTI <- 0b1, mip.STI <- 0b0)
mem[X,0x00000000800011F8] -> 0xF4B3
mem[X,0x00000000800011FA] -> 0x0085
[726] [M]: 0x00000000800011F8 (0x0085F4B3) and x9, x11, x8                          common_Mexcpt_handler+72
x9 <- 0x0000000000000298

mem[X,0x00000000800011FC] -> 0x84B3
mem[X,0x00000000800011FE] -> 0x0024
[727] [M]: 0x00000000800011FC (0x002484B3) add x9, x9, x2                           vmem_adj_Mepc+0
x9 <- 0x0000000080004298

clint mtime 0x000000000000016C (mip.MTI <- 0b1, mip.STI <- 0b0)
mem[X,0x0000000080001200] -> 0x23F3
mem[X,0x0000000080001202] -> 0x3410
[728] [M]: 0x0000000080001200 (0x341023F3) csrrs x7, mepc, x0                       vmem_adj_Mepc+4
CSR mepc (0x341) -> 0x0006000080000D6C
x7 <- 0x0006000080000D6C

mem[X,0x0000000080001204] -> 0x0413
mem[X,0x0000000080001206] -> 0x0004
[729] [M]: 0x0000000080001204 (0x00040413) addi x8, x8, 0x0                         vmem_adj_Mepc+8
x8 <- 0xFFFFFFFFFFFFFFFF

clint mtime 0x000000000000016D (mip.MTI <- 0b1, mip.STI <- 0b0)
mem[X,0x0000000080001208] -> 0x006F
mem[X,0x000000008000120A] -> 0x0400
[730] [M]: 0x0000000080001208 (0x0400006F) jal x0, 0x40                             vmem_adj_Mepc+12

mem[X,0x0000000080001248] -> 0x8433
mem[X,0x000000008000124A] -> 0x4083
[731] [M]: 0x0000000080001248 (0x40838433) sub x8, x7, x8                           adj_Mepc+0
x8 <- 0x0006000080000D6D

clint mtime 0x000000000000016E (mip.MTI <- 0b1, mip.STI <- 0b0)
mem[X,0x000000008000124C] -> 0x3823
mem[X,0x000000008000124E] -> 0x0083
[732] [M]: 0x000000008000124C (0x00833823) sd x8, 0x10(x6)                          sv_Mepc+0
mem[W,0x000000008000A248] <- 0x0006000080000D6D

mem[X,0x0000000080001250] -> 0x55B7
mem[X,0x0000000080001252] -> 0x0000
[733] [M]: 0x0000000080001250 (0x000055B7) lui x11, 0x5                             sv_Mepc+4
x11 <- 0x0000000000005000

clint mtime 0x000000000000016F (mip.MTI <- 0b1, mip.STI <- 0b0)
mem[X,0x0000000080001254] -> 0x8593
mem[X,0x0000000080001256] -> 0x6675
[734] [M]: 0x0000000080001254 (0x66758593) addi x11, x11, 0x667                     sv_Mepc+8
x11 <- 0x0000000000005667

mem[X,0x0000000080001258] -> 0x9593
mem[X,0x000000008000125A] -> 0x0015
[735] [M]: 0x0000000080001258 (0x00159593) slli x11, x11, 0x1                       sv_Mepc+12
x11 <- 0x000000000000ACCE

clint mtime 0x0000000000000170 (mip.MTI <- 0b1, mip.STI <- 0b0)
mem[X,0x000000008000125C] -> 0x9063
mem[X,0x000000008000125E] -> 0x02B1
[736] [M]: 0x000000008000125C (0x02B19063) bne x3, x11, 0x20                        sv_Mepc+16

mem[X,0x000000008000127C] -> 0xF593
mem[X,0x000000008000127E] -> 0xFFC3
[737] [M]: 0x000000008000127C (0xFFC3F593) andi x11, x7, -0x4                       adj_Mepc_rtn+0
x11 <- 0x0006000080000D6C

clint mtime 0x0000000000000171 (mip.MTI <- 0b1, mip.STI <- 0b0)
mem[X,0x0000000080001280] -> 0x8593
mem[X,0x0000000080001282] -> 0x0085
[738] [M]: 0x0000000080001280 (0x00858593) addi x11, x11, 0x8                       adj_Mepc_rtn+4
x11 <- 0x0006000080000D74

mem[X,0x0000000080001284] -> 0x9073
mem[X,0x0000000080001286] -> 0x3415
[739] [M]: 0x0000000080001284 (0x34159073) csrrw x0, mepc, x11                      adj_Mepc_rtn+8
CSR mepc (0x341) <- 0x0006000080000D74

clint mtime 0x0000000000000172 (mip.MTI <- 0b1, mip.STI <- 0b0)
mem[X,0x0000000080001288] -> 0x23F3
mem[X,0x000000008000128A] -> 0x3430
[740] [M]: 0x0000000080001288 (0x343023F3) csrrs x7, mtval, x0                      skp_adj_Mepc+0
CSR mtval (0x343) -> 0x0005000000000414
x7 <- 0x0005000000000414

mem[X,0x000000008000128C] -> 0x0413
mem[X,0x000000008000128E] -> 0x0004
[741] [M]: 0x000000008000128C (0x00040413) addi x8, x8, 0x0                         skp_adj_Mepc+4
x8 <- 0x0006000080000D6D

clint mtime 0x0000000000000173 (mip.MTI <- 0b1, mip.STI <- 0b0)
mem[X,0x0000000080001290] -> 0x006F
mem[X,0x0000000080001292] -> 0x0840
[742] [M]: 0x0000000080001290 (0x0840006F) jal x0, 0x84                             skp_adj_Mepc+8

mem[X,0x0000000080001314] -> 0x8433
mem[X,0x0000000080001316] -> 0x4083
[743] [M]: 0x0000000080001314 (0x40838433) sub x8, x7, x8                           adj_Mtval+0
x8 <- 0xFFFEFFFF7FFFF6A7

clint mtime 0x0000000000000174 (mip.MTI <- 0b1, mip.STI <- 0b0)
mem[X,0x0000000080001318] -> 0x3C23
mem[X,0x000000008000131A] -> 0x0083
[744] [M]: 0x0000000080001318 (0x00833C23) sd x8, 0x18(x6)                          sv_Mtval+0
mem[W,0x000000008000A250] <- 0xFFFEFFFF7FFFF6A7

mem[X,0x000000008000131C] -> 0x3483
mem[X,0x000000008000131E] -> 0x2181
[745] [M]: 0x000000008000131C (0x21813483) ld x9, 0x218(x2)                         skp_Mtval+0
mem[R,0x0000000080004218] -> 0x000000008000A258
x9 <- 0x000000008000A258

clint mtime 0x0000000000000175 (mip.MTI <- 0b1, mip.STI <- 0b0)
mem[X,0x0000000080001320] -> 0x3383
mem[X,0x0000000080001322] -> 0x1F81
[746] [M]: 0x0000000080001320 (0x1F813383) ld x7, 0x1f8(x2)                         skp_Mtval+4
mem[R,0x00000000800041F8] -> 0x000000008000A110
x7 <- 0x000000008000A110

mem[X,0x0000000080001324] -> 0x3303
mem[X,0x0000000080001326] -> 0x2001
[747] [M]: 0x0000000080001324 (0x20013303) ld x6, 0x200(x2)                         skp_Mtval+8
mem[R,0x0000000080004200] -> 0x0000000000000210
x6 <- 0x0000000000000210

clint mtime 0x0000000000000176 (mip.MTI <- 0b1, mip.STI <- 0b0)
mem[X,0x0000000080001328] -> 0x0333
mem[X,0x000000008000132A] -> 0x0073
[748] [M]: 0x0000000080001328 (0x00730333) add x6, x6, x7                           skp_Mtval+12
x6 <- 0x000000008000A320

mem[X,0x000000008000132C] -> 0x6AE3
mem[X,0x000000008000132E] -> 0xAC93
[749] [M]: 0x000000008000132C (0xAC936AE3) bltu x6, x9, -0x52c                      skp_Mtval+16

clint mtime 0x0000000000000177 (mip.MTI <- 0b1, mip.STI <- 0b0)
mem[X,0x0000000080001330] -> 0x0393
mem[X,0x0000000080001332] -> 0x2000
[750] [M]: 0x0000000080001330 (0x20000393) addi x7, x0, 0x200                       skp_Mtval+20
x7 <- 0x0000000000000200

mem[X,0x0000000080001334] -> 0x006F
mem[X,0x0000000080001336] -> 0x0400
[751] [M]: 0x0000000080001334 (0x0400006F) jal x0, 0x40                             skp_Mtval+24

clint mtime 0x0000000000000178 (mip.MTI <- 0b1, mip.STI <- 0b0)
mem[X,0x0000000080001374] -> 0x0417
mem[X,0x0000000080001376] -> 0x0000
[752] [M]: 0x0000000080001374 (0x00000417) auipc x8, 0x0                            spcl_Mhandler+0
x8 <- 0x0000000080001374

mem[X,0x0000000080001378] -> 0x0413
mem[X,0x000000008000137A] -> 0x03C4
[753] [M]: 0x0000000080001378 (0x03C40413) addi x8, x8, 0x3c                        spcl_Mhandler+4
x8 <- 0x00000000800013B0

clint mtime 0x0000000000000179 (mip.MTI <- 0b1, mip.STI <- 0b0)
mem[X,0x000000008000137C] -> 0x0433
mem[X,0x000000008000137E] -> 0x0074
[754] [M]: 0x000000008000137C (0x00740433) add x8, x8, x7                           spcl_Mhandler+8
x8 <- 0x00000000800015B0

mem[X,0x0000000080001380] -> 0x1393
mem[X,0x0000000080001382] -> 0x0035
[755] [M]: 0x0000000080001380 (0x00351393) slli x7, x10, 0x3                        spcl_Mhandler+12
x7 <- 0x0000000000000078

clint mtime 0x000000000000017A (mip.MTI <- 0b1, mip.STI <- 0b0)
mem[X,0x0000000080001384] -> 0x0433
mem[X,0x0000000080001386] -> 0x0074
[756] [M]: 0x0000000080001384 (0x00740433) add x8, x8, x7                           spcl_Mhandler+16
x8 <- 0x0000000080001628

mem[X,0x0000000080001388] -> 0x7413
mem[X,0x000000008000138A] -> 0xFF84
[757] [M]: 0x0000000080001388 (0xFF847413) andi x8, x8, -0x8                        spcl_Mhandler+20
x8 <- 0x0000000080001628

clint mtime 0x000000000000017B (mip.MTI <- 0b1, mip.STI <- 0b0)
mem[X,0x000000008000138C] -> 0x3403
mem[X,0x000000008000138E] -> 0x0004
[758] [M]: 0x000000008000138C (0x00043403) ld x8, 0x0(x8)                           spcl_Mhandler+24
mem[R,0x0000000080001628] -> 0x000000000000001F
x8 <- 0x000000000000001F

mem[X,0x0000000080001390] -> 0x02E3
mem[X,0x0000000080001392] -> 0xB004
[759] [M]: 0x0000000080001390 (0xB00402E3) beq x8, x0, -0x4fc                       spcl_Mdispatch_hndling+0

clint mtime 0x000000000000017C (mip.MTI <- 0b1, mip.STI <- 0b0)
mem[X,0x0000000080001394] -> 0x1393
mem[X,0x0000000080001396] -> 0x03F4
[760] [M]: 0x0000000080001394 (0x03F41393) slli x7, x8, 0x3f                        spcl_Mdispatch_hndling+4
x7 <- 0x8000000000000000

mem[X,0x0000000080001398] -> 0xD863
mem[X,0x000000008000139A] -> 0x0003
[761] [M]: 0x0000000080001398 (0x0003D863) bge x7, x0, 0x10                         spcl_Mdispatch_hndling+8

clint mtime 0x000000000000017D (mip.MTI <- 0b1, mip.STI <- 0b0)
mem[X,0x000000008000139C] -> 0x5413
mem[X,0x000000008000139E] -> 0x0014
[762] [M]: 0x000000008000139C (0x00145413) srli x8, x8, 0x1                         spcl_Mdispatch_hndling+12
x8 <- 0x000000000000000F

mem[X,0x00000000800013A0] -> 0x0CE3
mem[X,0x00000000800013A2] -> 0xF885
[763] [M]: 0x00000000800013A0 (0xF8850CE3) beq x10, x8, -0x68                       spcl_Mdispatch_hndling+16

clint mtime 0x000000000000017E (mip.MTI <- 0b1, mip.STI <- 0b0)
mem[X,0x0000000080001338] -> 0x3303
mem[X,0x000000008000133A] -> 0x2601
[764] [M]: 0x0000000080001338 (0x26013303) ld x6, 0x260(x2)                         resto_Mrtn+0
mem[R,0x0000000080004260] -> 0x0006000000000008
x6 <- 0x0006000000000008

mem[X,0x000000008000133C] -> 0x3383
mem[X,0x000000008000133E] -> 0x2681
[765] [M]: 0x000000008000133C (0x26813383) ld x7, 0x268(x2)                         resto_Mrtn+4
mem[R,0x0000000080004268] -> 0x0000000080004000
x7 <- 0x0000000080004000

clint mtime 0x000000000000017F (mip.MTI <- 0b1, mip.STI <- 0b0)
mem[X,0x0000000080001340] -> 0x3403
mem[X,0x0000000080001342] -> 0x2701
[766] [M]: 0x0000000080001340 (0x27013403) ld x8, 0x270(x2)                         resto_Mrtn+8
mem[R,0x0000000080004270] -> 0x0000000000007F76
x8 <- 0x0000000000007F76

mem[X,0x0000000080001344] -> 0x3483
mem[X,0x0000000080001346] -> 0x2781
[767] [M]: 0x0000000080001344 (0x27813483) ld x9, 0x278(x2)                         resto_Mrtn+12
mem[R,0x0000000080004278] -> 0x000C000080000D44
x9 <- 0x000C000080000D44

clint mtime 0x0000000000000180 (mip.MTI <- 0b1, mip.STI <- 0b0)
mem[X,0x0000000080001348] -> 0x3503
mem[X,0x000000008000134A] -> 0x2801
[768] [M]: 0x0000000080001348 (0x28013503) ld x10, 0x280(x2)                        resto_Mrtn+16
mem[R,0x0000000080004280] -> 0x0000000020000001
x10 <- 0x0000000020000001

mem[X,0x000000008000134C] -> 0x3583
mem[X,0x000000008000134E] -> 0x2881
[769] [M]: 0x000000008000134C (0x28813583) ld x11, 0x288(x2)                        resto_Mrtn+20
mem[R,0x0000000080004288] -> 0x0000000000000001
x11 <- 0x0000000000000001

clint mtime 0x0000000000000181 (mip.MTI <- 0b1, mip.STI <- 0b0)
mem[X,0x0000000080001350] -> 0x3103
mem[X,0x0000000080001352] -> 0x2901
[770] [M]: 0x0000000080001350 (0x29013103) ld x2, 0x290(x2)                         resto_Mrtn+24
mem[R,0x0000000080004290] -> 0x0000000080004000
x2 <- 0x0000000080004000

mem[X,0x0000000080001354] -> 0x0073
mem[X,0x0000000080001356] -> 0x3020
[771] [M]: 0x0000000080001354 (0x30200073) mret                                     resto_Mrtn+28
CSR mstatus (0x300) <- 0x0000000A00000080
ret-ing from M to S

clint mtime 0x0000000000000182 (mip.MTI <- 0b1, mip.STI <- 0b0)
mem[X,0x0000000080000D74] -> 0xA703
mem[X,0x0000000080000D76] -> 0x0147
[772] [S]: 0x0006000080000D74 (0x0147A703) lw x14, 0x14(x15)                        va_rvtest_code_begin+1464
PTW: Start, vpn=0x5000000000, access_type=R, privilege=Smem[R,0x0000000080009028] -> 0x0000000020002001
PTW: Step, level=4, pte=0x20002001, pte_addr=0x80009028
PTW: Start, vpn=0x5000000000, access_type=R, privilege=Smem[R,0x0000000080008000] -> 0x0000000020001C01
PTW: Step, level=3, pte=0x20001C01, pte_addr=0x80008000
PTW: Start, vpn=0x5000000000, access_type=R, privilege=Smem[R,0x0000000080007000] -> 0x0000000020001801
PTW: Step, level=2, pte=0x20001801, pte_addr=0x80007000
PTW: Start, vpn=0x5000000000, access_type=R, privilege=Smem[R,0x0000000080006000] -> 0x0000000020001401
PTW: Step, level=1, pte=0x20001401, pte_addr=0x80006000
PTW: Start, vpn=0x5000000000, access_type=R, privilege=Smem[R,0x0000000080005000] -> 0x0000000020000001
PTW: Step, level=0, pte=0x20000001, pte_addr=0x80005000
PTW: failed, error=invalid-pte, level=0, pte_addr=0x80005000
trapping from S to M to handle load-page-fault
handling exc#load-page-fault at priv M with tval 0x0005000000000414
CSR mstatus (0x300) <- 0x0000000A00000800
CSR mcause (0x342) <- 0x000000000000000D
CSR mtval (0x343) <- 0x0005000000000414
CSR mepc (0x341) <- 0x0006000080000D74

mem[X,0x0000000080000F00] -> 0x006F
mem[X,0x0000000080000F02] -> 0x1000
[773] [M]: 0x0000000080000F00 (0x1000006F) jal x0, 0x100                            Mtrampoline+0

clint mtime 0x0000000000000183 (mip.MTI <- 0b1, mip.STI <- 0b0)
mem[X,0x0000000080001000] -> 0x1173
mem[X,0x0000000080001002] -> 0x3401
[774] [M]: 0x0000000080001000 (0x34011173) csrrw x2, mscratch, x2                   trap_Mhandler+0
CSR mscratch (0x340) <- 0x0000000080004000
x2 <- 0x0000000080004000

mem[X,0x0000000080001004] -> 0x3423
mem[X,0x0000000080001006] -> 0x28B1
[775] [M]: 0x0000000080001004 (0x28B13423) sd x11, 0x288(x2)                        trap_Mhandler+4
mem[W,0x0000000080004288] <- 0x0000000000000001

clint mtime 0x0000000000000184 (mip.MTI <- 0b1, mip.STI <- 0b0)
mem[X,0x0000000080001008] -> 0x05EF
mem[X,0x000000008000100A] -> 0x0B80
[776] [M]: 0x0000000080001008 (0x0B8005EF) jal x11, 0xb8                            trap_Mhandler+8
x11 <- 0x000000008000100C

mem[X,0x00000000800010C0] -> 0x3023
mem[X,0x00000000800010C2] -> 0x28A1
[777] [M]: 0x00000000800010C0 (0x28A13023) sd x10, 0x280(x2)                        common_Mhandler+0
mem[W,0x0000000080004280] <- 0x0000000020000001

clint mtime 0x0000000000000185 (mip.MTI <- 0b1, mip.STI <- 0b0)
mem[X,0x00000000800010C4] -> 0x1573
mem[X,0x00000000800010C6] -> 0x3401
[778] [M]: 0x00000000800010C4 (0x34011573) csrrw x10, mscratch, x2                  common_Mhandler+4
CSR mscratch (0x340) <- 0x0000000080004000
x10 <- 0x0000000080004000

mem[X,0x00000000800010C8] -> 0x3823
mem[X,0x00000000800010CA] -> 0x28A1
[779] [M]: 0x00000000800010C8 (0x28A13823) sd x10, 0x290(x2)                        common_Mhandler+8
mem[W,0x0000000080004290] <- 0x0000000080004000

clint mtime 0x0000000000000186 (mip.MTI <- 0b1, mip.STI <- 0b0)
mem[X,0x00000000800010CC] -> 0x3503
mem[X,0x00000000800010CE] -> 0x2301
[780] [M]: 0x00000000800010CC (0x23013503) ld x10, 0x230(x2)                        common_Mhandler+12
mem[R,0x0000000080004230] -> 0x00000000800010D4
x10 <- 0x00000000800010D4

mem[X,0x00000000800010D0] -> 0x0067
mem[X,0x00000000800010D2] -> 0x0005
[781] [M]: 0x00000000800010D0 (0x00050067) jalr x0, 0x0(x10)                        common_Mhandler+16

clint mtime 0x0000000000000187 (mip.MTI <- 0b1, mip.STI <- 0b0)
mem[X,0x00000000800010D4] -> 0x3C23
mem[X,0x00000000800010D6] -> 0x2691
[782] [M]: 0x00000000800010D4 (0x26913C23) sd x9, 0x278(x2)                         common_Mentry+0
mem[W,0x0000000080004278] <- 0x000C000080000D44

mem[X,0x00000000800010D8] -> 0x3823
mem[X,0x00000000800010DA] -> 0x2681
[783] [M]: 0x00000000800010D8 (0x26813823) sd x8, 0x270(x2)                         common_Mentry+4
mem[W,0x0000000080004270] <- 0x0000000000007F76

clint mtime 0x0000000000000188 (mip.MTI <- 0b1, mip.STI <- 0b0)
mem[X,0x00000000800010DC] -> 0x3423
mem[X,0x00000000800010DE] -> 0x2671
[784] [M]: 0x00000000800010DC (0x26713423) sd x7, 0x268(x2)                         common_Mentry+8
mem[W,0x0000000080004268] <- 0x0000000080004000

mem[X,0x00000000800010E0] -> 0x3023
mem[X,0x00000000800010E2] -> 0x2661
[785] [M]: 0x00000000800010E0 (0x26613023) sd x6, 0x260(x2)                         common_Mentry+12
mem[W,0x0000000080004260] <- 0x0006000000000008

clint mtime 0x0000000000000189 (mip.MTI <- 0b1, mip.STI <- 0b0)
mem[X,0x00000000800010E4] -> 0x2573
mem[X,0x00000000800010E6] -> 0x3420
[786] [M]: 0x00000000800010E4 (0x34202573) csrrs x10, mcause, x0                    spcl_M2mmode_test+0
CSR mcause (0x342) -> 0x000000000000000D
x10 <- 0x000000000000000D

mem[X,0x00000000800010E8] -> 0x04B7
mem[X,0x00000000800010EA] -> 0x8000
[787] [M]: 0x00000000800010E8 (0x800004B7) lui x9, -0x80000                         spcl_M2mmode_test+4
x9 <- 0xFFFFFFFF80000000

clint mtime 0x000000000000018A (mip.MTI <- 0b1, mip.STI <- 0b0)
mem[X,0x00000000800010EC] -> 0x8493
mem[X,0x00000000800010EE] -> 0x0004
[788] [M]: 0x00000000800010EC (0x00048493) addi x9, x9, 0x0                         spcl_M2mmode_test+8
x9 <- 0xFFFFFFFF80000000

mem[X,0x00000000800010F0] -> 0x9493
mem[X,0x00000000800010F2] -> 0x00B4
[789] [M]: 0x00000000800010F0 (0x00B49493) slli x9, x9, 0xb                         spcl_M2mmode_test+12
x9 <- 0xFFFFFC0000000000

clint mtime 0x000000000000018B (mip.MTI <- 0b1, mip.STI <- 0b0)
mem[X,0x00000000800010F4] -> 0x8493
mem[X,0x00000000800010F6] -> 0x0004
[790] [M]: 0x00000000800010F4 (0x00048493) addi x9, x9, 0x0                         spcl_M2mmode_test+16
x9 <- 0xFFFFFC0000000000

mem[X,0x00000000800010F8] -> 0x9493
mem[X,0x00000000800010FA] -> 0x00B4
[791] [M]: 0x00000000800010F8 (0x00B49493) slli x9, x9, 0xb                         spcl_M2mmode_test+20
x9 <- 0xFFE0000000000000

clint mtime 0x000000000000018C (mip.MTI <- 0b1, mip.STI <- 0b0)
mem[X,0x00000000800010FC] -> 0x8493
mem[X,0x00000000800010FE] -> 0x0034
[792] [M]: 0x00000000800010FC (0x00348493) addi x9, x9, 0x3                         spcl_M2mmode_test+24
x9 <- 0xFFE0000000000003

mem[X,0x0000000080001100] -> 0x9493
mem[X,0x0000000080001102] -> 0x00A4
[793] [M]: 0x0000000080001100 (0x00A49493) slli x9, x9, 0xa                         spcl_M2mmode_test+28
x9 <- 0x8000000000000C00

clint mtime 0x000000000000018D (mip.MTI <- 0b1, mip.STI <- 0b0)
mem[X,0x0000000080001104] -> 0x8493
mem[X,0x0000000080001106] -> 0x3FC4
[794] [M]: 0x0000000080001104 (0x3FC48493) addi x9, x9, 0x3fc                       spcl_M2mmode_test+32
x9 <- 0x8000000000000FFC

mem[X,0x0000000080001108] -> 0xF4B3
mem[X,0x000000008000110A] -> 0x00A4
[795] [M]: 0x0000000080001108 (0x00A4F4B3) and x9, x9, x10                          spcl_M2mmode_test+36
x9 <- 0x000000000000000C

clint mtime 0x000000000000018E (mip.MTI <- 0b1, mip.STI <- 0b0)
mem[X,0x000000008000110C] -> 0x8493
mem[X,0x000000008000110E] -> 0xFF84
[796] [M]: 0x000000008000110C (0xFF848493) addi x9, x9, -0x8                        spcl_M2mmode_test+40
x9 <- 0x0000000000000004

mem[X,0x0000000080001110] -> 0x9663
mem[X,0x0000000080001112] -> 0x0004
[797] [M]: 0x0000000080001110 (0x00049663) bne x9, x0, 0xc                          spcl_M2mmode_test+44

clint mtime 0x000000000000018F (mip.MTI <- 0b1, mip.STI <- 0b0)
mem[X,0x000000008000111C] -> 0x0393
mem[X,0x000000008000111E] -> 0x0200
[798] [M]: 0x000000008000111C (0x02000393) addi x7, x0, 0x20                        Mtrapsig_ptr_upd+0
x7 <- 0x0000000000000020

mem[X,0x0000000080001120] -> 0x5263
mem[X,0x0000000080001122] -> 0x0405
[799] [M]: 0x0000000080001120 (0x04055263) bge x10, x0, 0x44                        Mtrapsig_ptr_upd+4

clint mtime 0x0000000000000190 (mip.MTI <- 0b1, mip.STI <- 0b0)
mem[X,0x0000000080001164] -> 0x2373
mem[X,0x0000000080001166] -> 0x3010
[800] [M]: 0x0000000080001164 (0x30102373) csrrs x6, misa, x0                       Mxcpt_sig_sv+0
CSR misa (0x301) -> 0x800000000034112F
x6 <- 0x800000000034112F

mem[X,0x0000000080001168] -> 0x1313
mem[X,0x000000008000116A] -> 0x0383
[801] [M]: 0x0000000080001168 (0x03831313) slli x6, x6, 0x38                        Mxcpt_sig_sv+4
x6 <- 0x2F00000000000000

clint mtime 0x0000000000000191 (mip.MTI <- 0b1, mip.STI <- 0b0)
mem[X,0x000000008000116C] -> 0x5463
mem[X,0x000000008000116E] -> 0x0003
[802] [M]: 0x000000008000116C (0x00035463) bge x6, x0, 0x8                          Mxcpt_sig_sv+8

mem[X,0x0000000080001174] -> 0x3303
mem[X,0x0000000080001176] -> 0x2181
[803] [M]: 0x0000000080001174 (0x21813303) ld x6, 0x218(x2)                         Mtrap_sig_sv+0
mem[R,0x0000000080004218] -> 0x000000008000A258
x6 <- 0x000000008000A258

clint mtime 0x0000000000000192 (mip.MTI <- 0b1, mip.STI <- 0b0)
mem[X,0x0000000080001178] -> 0x04B3
mem[X,0x000000008000117A] -> 0x0073
[804] [M]: 0x0000000080001178 (0x007304B3) add x9, x6, x7                           Mtrap_sig_sv+4
x9 <- 0x000000008000A278

mem[X,0x000000008000117C] -> 0x3C23
mem[X,0x000000008000117E] -> 0x2091
[805] [M]: 0x000000008000117C (0x20913C23) sd x9, 0x218(x2)                         Mtrap_sig_sv+8
mem[W,0x0000000080004218] <- 0x000000008000A278

clint mtime 0x0000000000000193 (mip.MTI <- 0b1, mip.STI <- 0b0)
mem[X,0x0000000080001180] -> 0x3403
mem[X,0x0000000080001182] -> 0x1F81
[806] [M]: 0x0000000080001180 (0x1F813403) ld x8, 0x1f8(x2)                         Mtrap_sig_sv+12
mem[R,0x00000000800041F8] -> 0x000000008000A110
x8 <- 0x000000008000A110

mem[X,0x0000000080001184] -> 0x0333
mem[X,0x0000000080001186] -> 0x4083
[807] [M]: 0x0000000080001184 (0x40830333) sub x6, x6, x8                           Mtrap_sig_sv+16
x6 <- 0x0000000000000148

clint mtime 0x0000000000000194 (mip.MTI <- 0b1, mip.STI <- 0b0)
mem[X,0x0000000080001188] -> 0x3403
mem[X,0x000000008000118A] -> 0x1F81
[808] [M]: 0x0000000080001188 (0x1F813403) ld x8, 0x1f8(x2)                         Mtrap_sig_sv+20
mem[R,0x00000000800041F8] -> 0x000000008000A110
x8 <- 0x000000008000A110

mem[X,0x000000008000118C] -> 0x0333
mem[X,0x000000008000118E] -> 0x0083
[809] [M]: 0x000000008000118C (0x00830333) add x6, x6, x8                           Mtrap_sig_sv+24
x6 <- 0x000000008000A258

clint mtime 0x0000000000000195 (mip.MTI <- 0b1, mip.STI <- 0b0)
mem[X,0x0000000080001190] -> 0x3403
mem[X,0x0000000080001192] -> 0x2401
[810] [M]: 0x0000000080001190 (0x24013403) ld x8, 0x240(x2)                         Mtrap_sig_sv+28
mem[R,0x0000000080004240] -> 0x0000000080000F00
x8 <- 0x0000000080000F00

mem[X,0x0000000080001194] -> 0x85B3
mem[X,0x0000000080001196] -> 0x4085
[811] [M]: 0x0000000080001194 (0x408585B3) sub x11, x11, x8                         sv_Mvect+0
x11 <- 0x000000000000010C

clint mtime 0x0000000000000196 (mip.MTI <- 0b1, mip.STI <- 0b0)
mem[X,0x0000000080001198] -> 0x9593
mem[X,0x000000008000119A] -> 0x0045
[812] [M]: 0x0000000080001198 (0x00459593) slli x11, x11, 0x4                       sv_Mvect+4
x11 <- 0x00000000000010C0

mem[X,0x000000008000119C] -> 0xE5B3
mem[X,0x000000008000119E] -> 0x0075
[813] [M]: 0x000000008000119C (0x0075E5B3) or x11, x11, x7                          sv_Mvect+8
x11 <- 0x00000000000010E0

clint mtime 0x0000000000000197 (mip.MTI <- 0b1, mip.STI <- 0b0)
mem[X,0x00000000800011A0] -> 0x8593
mem[X,0x00000000800011A2] -> 0x0035
[814] [M]: 0x00000000800011A0 (0x00358593) addi x11, x11, 0x3                       sv_Mvect+12
x11 <- 0x00000000000010E3

mem[X,0x00000000800011A4] -> 0x3023
mem[X,0x00000000800011A6] -> 0x00B3
[815] [M]: 0x00000000800011A4 (0x00B33023) sd x11, 0x0(x6)                          sv_Mvect+16
mem[W,0x000000008000A258] <- 0x00000000000010E3

clint mtime 0x0000000000000198 (mip.MTI <- 0b1, mip.STI <- 0b0)
mem[X,0x00000000800011A8] -> 0x3423
mem[X,0x00000000800011AA] -> 0x00A3
[816] [M]: 0x00000000800011A8 (0x00A33423) sd x10, 0x8(x6)                          sv_Mcause+0
mem[W,0x000000008000A260] <- 0x000000000000000D

mem[X,0x00000000800011AC] -> 0x4663
mem[X,0x00000000800011AE] -> 0x1A05
[817] [M]: 0x00000000800011AC (0x1A054663) blt x10, x0, 0x1ac                       sv_Mcause+4

clint mtime 0x0000000000000199 (mip.MTI <- 0b1, mip.STI <- 0b0)
mem[X,0x00000000800011B0] -> 0x25F3
mem[X,0x00000000800011B2] -> 0x3000
[818] [M]: 0x00000000800011B0 (0x300025F3) csrrs x11, mstatus, x0                   common_Mexcpt_handler+0
CSR mstatus (0x300) -> 0x0000000A00000800
x11 <- 0x0000000A00000800

mem[X,0x00000000800011B4] -> 0x9413
mem[X,0x00000000800011B6] -> 0x02E5
[819] [M]: 0x00000000800011B4 (0x02E59413) slli x8, x11, 0x2e                       common_Mexcpt_handler+4
x8 <- 0x0200000000000000

clint mtime 0x000000000000019A (mip.MTI <- 0b1, mip.STI <- 0b0)
mem[X,0x00000000800011B8] -> 0x5463
mem[X,0x00000000800011BA] -> 0x0004
[820] [M]: 0x00000000800011B8 (0x00045463) bge x8, x0, 0x8                          common_Mexcpt_handler+8

mem[X,0x00000000800011C0] -> 0xD493
mem[X,0x00000000800011C2] -> 0x00B5
[821] [M]: 0x00000000800011C0 (0x00B5D493) srli x9, x11, 0xb                        common_Mexcpt_handler+16
x9 <- 0x0000000001400001

clint mtime 0x000000000000019B (mip.MTI <- 0b1, mip.STI <- 0b0)
mem[X,0x00000000800011C4] -> 0xF493
mem[X,0x00000000800011C6] -> 0x0034
[822] [M]: 0x00000000800011C4 (0x0034F493) andi x9, x9, 0x3                         common_Mexcpt_handler+20
x9 <- 0x0000000000000001

mem[X,0x00000000800011C8] -> 0x8493
mem[X,0x00000000800011CA] -> 0x0014
[823] [M]: 0x00000000800011C8 (0x00148493) addi x9, x9, 0x1                         common_Mexcpt_handler+24
x9 <- 0x0000000000000002

clint mtime 0x000000000000019C (mip.MTI <- 0b1, mip.STI <- 0b0)
mem[X,0x00000000800011CC] -> 0xF493
mem[X,0x00000000800011CE] -> 0x0044
[824] [M]: 0x00000000800011CC (0x0044F493) andi x9, x9, 0x4                         common_Mexcpt_handler+28
x9 <- 0x0000000000000000

mem[X,0x00000000800011D0] -> 0x0593
mem[X,0x00000000800011D2] -> 0x05D0
[825] [M]: 0x00000000800011D0 (0x05D00593) addi x11, x0, 0x5d                       common_Mexcpt_handler+32
x11 <- 0x000000000000005D

clint mtime 0x000000000000019D (mip.MTI <- 0b1, mip.STI <- 0b0)
mem[X,0x00000000800011D4] -> 0xD5B3
mem[X,0x00000000800011D6] -> 0x0095
[826] [M]: 0x00000000800011D4 (0x0095D5B3) srl x11, x11, x9                         common_Mexcpt_handler+36
x11 <- 0x000000000000005D

mem[X,0x00000000800011D8] -> 0xF593
mem[X,0x00000000800011DA] -> 0x0015
[827] [M]: 0x00000000800011D8 (0x0015F593) andi x11, x11, 0x1                       common_Mexcpt_handler+40
x11 <- 0x0000000000000001

clint mtime 0x000000000000019E (mip.MTI <- 0b1, mip.STI <- 0b0)
mem[X,0x00000000800011DC] -> 0x8EE3
mem[X,0x00000000800011DE] -> 0xF405
[828] [M]: 0x00000000800011DC (0xF4058EE3) beq x11, x0, -0xa4                       common_Mexcpt_handler+44

mem[X,0x00000000800011E0] -> 0x0593
mem[X,0x00000000800011E2] -> 0x2980
[829] [M]: 0x00000000800011E0 (0x29800593) addi x11, x0, 0x298                      common_Mexcpt_handler+48
x11 <- 0x0000000000000298

clint mtime 0x000000000000019F (mip.MTI <- 0b1, mip.STI <- 0b0)
mem[X,0x00000000800011E4] -> 0xF413
mem[X,0x00000000800011E6] -> 0x0014
[830] [M]: 0x00000000800011E4 (0x0014F413) andi x8, x9, 0x1                         common_Mexcpt_handler+52
x8 <- 0x0000000000000000

mem[X,0x00000000800011E8] -> 0x95B3
mem[X,0x00000000800011EA] -> 0x0085
[831] [M]: 0x00000000800011E8 (0x008595B3) sll x11, x11, x8                         common_Mexcpt_handler+56
x11 <- 0x0000000000000298

clint mtime 0x00000000000001A0 (mip.MTI <- 0b1, mip.STI <- 0b0)
mem[X,0x00000000800011EC] -> 0x9413
mem[X,0x00000000800011EE] -> 0x03D4
[832] [M]: 0x00000000800011EC (0x03D49413) slli x8, x9, 0x3d                        common_Mexcpt_handler+60
x8 <- 0x0000000000000000

mem[X,0x00000000800011F0] -> 0x5413
mem[X,0x00000000800011F2] -> 0x43F4
[833] [M]: 0x00000000800011F0 (0x43F45413) srai x8, x8, 0x3f                        common_Mexcpt_handler+64
x8 <- 0x0000000000000000

clint mtime 0x00000000000001A1 (mip.MTI <- 0b1, mip.STI <- 0b0)
mem[X,0x00000000800011F4] -> 0x4413
mem[X,0x00000000800011F6] -> 0xFFF4
[834] [M]: 0x00000000800011F4 (0xFFF44413) xori x8, x8, -0x1                        common_Mexcpt_handler+68
x8 <- 0xFFFFFFFFFFFFFFFF

mem[X,0x00000000800011F8] -> 0xF4B3
mem[X,0x00000000800011FA] -> 0x0085
[835] [M]: 0x00000000800011F8 (0x0085F4B3) and x9, x11, x8                          common_Mexcpt_handler+72
x9 <- 0x0000000000000298

clint mtime 0x00000000000001A2 (mip.MTI <- 0b1, mip.STI <- 0b0)
mem[X,0x00000000800011FC] -> 0x84B3
mem[X,0x00000000800011FE] -> 0x0024
[836] [M]: 0x00000000800011FC (0x002484B3) add x9, x9, x2                           vmem_adj_Mepc+0
x9 <- 0x0000000080004298

mem[X,0x0000000080001200] -> 0x23F3
mem[X,0x0000000080001202] -> 0x3410
[837] [M]: 0x0000000080001200 (0x341023F3) csrrs x7, mepc, x0                       vmem_adj_Mepc+4
CSR mepc (0x341) -> 0x0006000080000D74
x7 <- 0x0006000080000D74

clint mtime 0x00000000000001A3 (mip.MTI <- 0b1, mip.STI <- 0b0)
mem[X,0x0000000080001204] -> 0x0413
mem[X,0x0000000080001206] -> 0x0004
[838] [M]: 0x0000000080001204 (0x00040413) addi x8, x8, 0x0                         vmem_adj_Mepc+8
x8 <- 0xFFFFFFFFFFFFFFFF

mem[X,0x0000000080001208] -> 0x006F
mem[X,0x000000008000120A] -> 0x0400
[839] [M]: 0x0000000080001208 (0x0400006F) jal x0, 0x40                             vmem_adj_Mepc+12

clint mtime 0x00000000000001A4 (mip.MTI <- 0b1, mip.STI <- 0b0)
mem[X,0x0000000080001248] -> 0x8433
mem[X,0x000000008000124A] -> 0x4083
[840] [M]: 0x0000000080001248 (0x40838433) sub x8, x7, x8                           adj_Mepc+0
x8 <- 0x0006000080000D75

mem[X,0x000000008000124C] -> 0x3823
mem[X,0x000000008000124E] -> 0x0083
[841] [M]: 0x000000008000124C (0x00833823) sd x8, 0x10(x6)                          sv_Mepc+0
mem[W,0x000000008000A268] <- 0x0006000080000D75

clint mtime 0x00000000000001A5 (mip.MTI <- 0b1, mip.STI <- 0b0)
mem[X,0x0000000080001250] -> 0x55B7
mem[X,0x0000000080001252] -> 0x0000
[842] [M]: 0x0000000080001250 (0x000055B7) lui x11, 0x5                             sv_Mepc+4
x11 <- 0x0000000000005000

mem[X,0x0000000080001254] -> 0x8593
mem[X,0x0000000080001256] -> 0x6675
[843] [M]: 0x0000000080001254 (0x66758593) addi x11, x11, 0x667                     sv_Mepc+8
x11 <- 0x0000000000005667

clint mtime 0x00000000000001A6 (mip.MTI <- 0b1, mip.STI <- 0b0)
mem[X,0x0000000080001258] -> 0x9593
mem[X,0x000000008000125A] -> 0x0015
[844] [M]: 0x0000000080001258 (0x00159593) slli x11, x11, 0x1                       sv_Mepc+12
x11 <- 0x000000000000ACCE

mem[X,0x000000008000125C] -> 0x9063
mem[X,0x000000008000125E] -> 0x02B1
[845] [M]: 0x000000008000125C (0x02B19063) bne x3, x11, 0x20                        sv_Mepc+16

clint mtime 0x00000000000001A7 (mip.MTI <- 0b1, mip.STI <- 0b0)
mem[X,0x000000008000127C] -> 0xF593
mem[X,0x000000008000127E] -> 0xFFC3
[846] [M]: 0x000000008000127C (0xFFC3F593) andi x11, x7, -0x4                       adj_Mepc_rtn+0
x11 <- 0x0006000080000D74

mem[X,0x0000000080001280] -> 0x8593
mem[X,0x0000000080001282] -> 0x0085
[847] [M]: 0x0000000080001280 (0x00858593) addi x11, x11, 0x8                       adj_Mepc_rtn+4
x11 <- 0x0006000080000D7C

clint mtime 0x00000000000001A8 (mip.MTI <- 0b1, mip.STI <- 0b0)
mem[X,0x0000000080001284] -> 0x9073
mem[X,0x0000000080001286] -> 0x3415
[848] [M]: 0x0000000080001284 (0x34159073) csrrw x0, mepc, x11                      adj_Mepc_rtn+8
CSR mepc (0x341) <- 0x0006000080000D7C

mem[X,0x0000000080001288] -> 0x23F3
mem[X,0x000000008000128A] -> 0x3430
[849] [M]: 0x0000000080001288 (0x343023F3) csrrs x7, mtval, x0                      skp_adj_Mepc+0
CSR mtval (0x343) -> 0x0005000000000414
x7 <- 0x0005000000000414

clint mtime 0x00000000000001A9 (mip.MTI <- 0b1, mip.STI <- 0b0)
mem[X,0x000000008000128C] -> 0x0413
mem[X,0x000000008000128E] -> 0x0004
[850] [M]: 0x000000008000128C (0x00040413) addi x8, x8, 0x0                         skp_adj_Mepc+4
x8 <- 0x0006000080000D75

mem[X,0x0000000080001290] -> 0x006F
mem[X,0x0000000080001292] -> 0x0840
[851] [M]: 0x0000000080001290 (0x0840006F) jal x0, 0x84                             skp_adj_Mepc+8

clint mtime 0x00000000000001AA (mip.MTI <- 0b1, mip.STI <- 0b0)
mem[X,0x0000000080001314] -> 0x8433
mem[X,0x0000000080001316] -> 0x4083
[852] [M]: 0x0000000080001314 (0x40838433) sub x8, x7, x8                           adj_Mtval+0
x8 <- 0xFFFEFFFF7FFFF69F

mem[X,0x0000000080001318] -> 0x3C23
mem[X,0x000000008000131A] -> 0x0083
[853] [M]: 0x0000000080001318 (0x00833C23) sd x8, 0x18(x6)                          sv_Mtval+0
mem[W,0x000000008000A270] <- 0xFFFEFFFF7FFFF69F

clint mtime 0x00000000000001AB (mip.MTI <- 0b1, mip.STI <- 0b0)
mem[X,0x000000008000131C] -> 0x3483
mem[X,0x000000008000131E] -> 0x2181
[854] [M]: 0x000000008000131C (0x21813483) ld x9, 0x218(x2)                         skp_Mtval+0
mem[R,0x0000000080004218] -> 0x000000008000A278
x9 <- 0x000000008000A278

mem[X,0x0000000080001320] -> 0x3383
mem[X,0x0000000080001322] -> 0x1F81
[855] [M]: 0x0000000080001320 (0x1F813383) ld x7, 0x1f8(x2)                         skp_Mtval+4
mem[R,0x00000000800041F8] -> 0x000000008000A110
x7 <- 0x000000008000A110

clint mtime 0x00000000000001AC (mip.MTI <- 0b1, mip.STI <- 0b0)
mem[X,0x0000000080001324] -> 0x3303
mem[X,0x0000000080001326] -> 0x2001
[856] [M]: 0x0000000080001324 (0x20013303) ld x6, 0x200(x2)                         skp_Mtval+8
mem[R,0x0000000080004200] -> 0x0000000000000210
x6 <- 0x0000000000000210

mem[X,0x0000000080001328] -> 0x0333
mem[X,0x000000008000132A] -> 0x0073
[857] [M]: 0x0000000080001328 (0x00730333) add x6, x6, x7                           skp_Mtval+12
x6 <- 0x000000008000A320

clint mtime 0x00000000000001AD (mip.MTI <- 0b1, mip.STI <- 0b0)
mem[X,0x000000008000132C] -> 0x6AE3
mem[X,0x000000008000132E] -> 0xAC93
[858] [M]: 0x000000008000132C (0xAC936AE3) bltu x6, x9, -0x52c                      skp_Mtval+16

mem[X,0x0000000080001330] -> 0x0393
mem[X,0x0000000080001332] -> 0x2000
[859] [M]: 0x0000000080001330 (0x20000393) addi x7, x0, 0x200                       skp_Mtval+20
x7 <- 0x0000000000000200

clint mtime 0x00000000000001AE (mip.MTI <- 0b1, mip.STI <- 0b0)
mem[X,0x0000000080001334] -> 0x006F
mem[X,0x0000000080001336] -> 0x0400
[860] [M]: 0x0000000080001334 (0x0400006F) jal x0, 0x40                             skp_Mtval+24

mem[X,0x0000000080001374] -> 0x0417
mem[X,0x0000000080001376] -> 0x0000
[861] [M]: 0x0000000080001374 (0x00000417) auipc x8, 0x0                            spcl_Mhandler+0
x8 <- 0x0000000080001374

clint mtime 0x00000000000001AF (mip.MTI <- 0b1, mip.STI <- 0b0)
mem[X,0x0000000080001378] -> 0x0413
mem[X,0x000000008000137A] -> 0x03C4
[862] [M]: 0x0000000080001378 (0x03C40413) addi x8, x8, 0x3c                        spcl_Mhandler+4
x8 <- 0x00000000800013B0

mem[X,0x000000008000137C] -> 0x0433
mem[X,0x000000008000137E] -> 0x0074
[863] [M]: 0x000000008000137C (0x00740433) add x8, x8, x7                           spcl_Mhandler+8
x8 <- 0x00000000800015B0

clint mtime 0x00000000000001B0 (mip.MTI <- 0b1, mip.STI <- 0b0)
mem[X,0x0000000080001380] -> 0x1393
mem[X,0x0000000080001382] -> 0x0035
[864] [M]: 0x0000000080001380 (0x00351393) slli x7, x10, 0x3                        spcl_Mhandler+12
x7 <- 0x0000000000000068

mem[X,0x0000000080001384] -> 0x0433
mem[X,0x0000000080001386] -> 0x0074
[865] [M]: 0x0000000080001384 (0x00740433) add x8, x8, x7                           spcl_Mhandler+16
x8 <- 0x0000000080001618

clint mtime 0x00000000000001B1 (mip.MTI <- 0b1, mip.STI <- 0b0)
mem[X,0x0000000080001388] -> 0x7413
mem[X,0x000000008000138A] -> 0xFF84
[866] [M]: 0x0000000080001388 (0xFF847413) andi x8, x8, -0x8                        spcl_Mhandler+20
x8 <- 0x0000000080001618

mem[X,0x000000008000138C] -> 0x3403
mem[X,0x000000008000138E] -> 0x0004
[867] [M]: 0x000000008000138C (0x00043403) ld x8, 0x0(x8)                           spcl_Mhandler+24
mem[R,0x0000000080001618] -> 0x000000000000001B
x8 <- 0x000000000000001B

clint mtime 0x00000000000001B2 (mip.MTI <- 0b1, mip.STI <- 0b0)
mem[X,0x0000000080001390] -> 0x02E3
mem[X,0x0000000080001392] -> 0xB004
[868] [M]: 0x0000000080001390 (0xB00402E3) beq x8, x0, -0x4fc                       spcl_Mdispatch_hndling+0

mem[X,0x0000000080001394] -> 0x1393
mem[X,0x0000000080001396] -> 0x03F4
[869] [M]: 0x0000000080001394 (0x03F41393) slli x7, x8, 0x3f                        spcl_Mdispatch_hndling+4
x7 <- 0x8000000000000000

clint mtime 0x00000000000001B3 (mip.MTI <- 0b1, mip.STI <- 0b0)
mem[X,0x0000000080001398] -> 0xD863
mem[X,0x000000008000139A] -> 0x0003
[870] [M]: 0x0000000080001398 (0x0003D863) bge x7, x0, 0x10                         spcl_Mdispatch_hndling+8

mem[X,0x000000008000139C] -> 0x5413
mem[X,0x000000008000139E] -> 0x0014
[871] [M]: 0x000000008000139C (0x00145413) srli x8, x8, 0x1                         spcl_Mdispatch_hndling+12
x8 <- 0x000000000000000D

clint mtime 0x00000000000001B4 (mip.MTI <- 0b1, mip.STI <- 0b0)
mem[X,0x00000000800013A0] -> 0x0CE3
mem[X,0x00000000800013A2] -> 0xF885
[872] [M]: 0x00000000800013A0 (0xF8850CE3) beq x10, x8, -0x68                       spcl_Mdispatch_hndling+16

mem[X,0x0000000080001338] -> 0x3303
mem[X,0x000000008000133A] -> 0x2601
[873] [M]: 0x0000000080001338 (0x26013303) ld x6, 0x260(x2)                         resto_Mrtn+0
mem[R,0x0000000080004260] -> 0x0006000000000008
x6 <- 0x0006000000000008

clint mtime 0x00000000000001B5 (mip.MTI <- 0b1, mip.STI <- 0b0)
mem[X,0x000000008000133C] -> 0x3383
mem[X,0x000000008000133E] -> 0x2681
[874] [M]: 0x000000008000133C (0x26813383) ld x7, 0x268(x2)                         resto_Mrtn+4
mem[R,0x0000000080004268] -> 0x0000000080004000
x7 <- 0x0000000080004000

mem[X,0x0000000080001340] -> 0x3403
mem[X,0x0000000080001342] -> 0x2701
[875] [M]: 0x0000000080001340 (0x27013403) ld x8, 0x270(x2)                         resto_Mrtn+8
mem[R,0x0000000080004270] -> 0x0000000000007F76
x8 <- 0x0000000000007F76

clint mtime 0x00000000000001B6 (mip.MTI <- 0b1, mip.STI <- 0b0)
mem[X,0x0000000080001344] -> 0x3483
mem[X,0x0000000080001346] -> 0x2781
[876] [M]: 0x0000000080001344 (0x27813483) ld x9, 0x278(x2)                         resto_Mrtn+12
mem[R,0x0000000080004278] -> 0x000C000080000D44
x9 <- 0x000C000080000D44

mem[X,0x0000000080001348] -> 0x3503
mem[X,0x000000008000134A] -> 0x2801
[877] [M]: 0x0000000080001348 (0x28013503) ld x10, 0x280(x2)                        resto_Mrtn+16
mem[R,0x0000000080004280] -> 0x0000000020000001
x10 <- 0x0000000020000001

clint mtime 0x00000000000001B7 (mip.MTI <- 0b1, mip.STI <- 0b0)
mem[X,0x000000008000134C] -> 0x3583
mem[X,0x000000008000134E] -> 0x2881
[878] [M]: 0x000000008000134C (0x28813583) ld x11, 0x288(x2)                        resto_Mrtn+20
mem[R,0x0000000080004288] -> 0x0000000000000001
x11 <- 0x0000000000000001

mem[X,0x0000000080001350] -> 0x3103
mem[X,0x0000000080001352] -> 0x2901
[879] [M]: 0x0000000080001350 (0x29013103) ld x2, 0x290(x2)                         resto_Mrtn+24
mem[R,0x0000000080004290] -> 0x0000000080004000
x2 <- 0x0000000080004000

clint mtime 0x00000000000001B8 (mip.MTI <- 0b1, mip.STI <- 0b0)
mem[X,0x0000000080001354] -> 0x0073
mem[X,0x0000000080001356] -> 0x3020
[880] [M]: 0x0000000080001354 (0x30200073) mret                                     resto_Mrtn+28
CSR mstatus (0x300) <- 0x0000000A00000080
ret-ing from M to S

mem[X,0x0000000080000D7C] -> 0x51B7
mem[X,0x0000000080000D7E] -> 0x0000
[881] [S]: 0x0006000080000D7C (0x000051B7) lui x3, 0x5                              va_rvtest_code_begin+1472
x3 <- 0x0000000000005000

clint mtime 0x00000000000001B9 (mip.MTI <- 0b1, mip.STI <- 0b0)
mem[X,0x0000000080000D80] -> 0x8193
mem[X,0x0000000080000D82] -> 0x6671
[882] [S]: 0x0006000080000D80 (0x66718193) addi x3, x3, 0x667                       va_rvtest_code_begin+1476
x3 <- 0x0000000000005667

mem[X,0x0000000080000D84] -> 0x9193
mem[X,0x0000000080000D86] -> 0x0011
[883] [S]: 0x0006000080000D84 (0x00119193) slli x3, x3, 0x1                         va_rvtest_code_begin+1480
x3 <- 0x000000000000ACCE

clint mtime 0x00000000000001BA (mip.MTI <- 0b1, mip.STI <- 0b0)
mem[X,0x0000000080000D88] -> 0x0013
mem[X,0x0000000080000D8A] -> 0x0000
[884] [S]: 0x0006000080000D88 (0x00000013) addi x0, x0, 0x0                         va_rvtest_code_begin+1484

mem[X,0x0000000080000D8C] -> 0x0013
mem[X,0x0000000080000D8E] -> 0x0000
[885] [S]: 0x0006000080000D8C (0x00000013) addi x0, x0, 0x0                         va_rvtest_code_begin+1488

clint mtime 0x00000000000001BB (mip.MTI <- 0b1, mip.STI <- 0b0)
mem[X,0x0000000080000D90] -> 0x0013
mem[X,0x0000000080000D92] -> 0x0000
[886] [S]: 0x0006000080000D90 (0x00000013) addi x0, x0, 0x0                         va_rvtest_code_begin+1492

mem[X,0x0000000080000D94] -> 0x0013
mem[X,0x0000000080000D96] -> 0x0000
[887] [S]: 0x0006000080000D94 (0x00000013) addi x0, x0, 0x0                         va_rvtest_code_begin+1496

clint mtime 0x00000000000001BC (mip.MTI <- 0b1, mip.STI <- 0b0)
mem[X,0x0000000080000D98] -> 0x0013
mem[X,0x0000000080000D9A] -> 0x0000
[888] [S]: 0x0006000080000D98 (0x00000013) addi x0, x0, 0x0                         va_rvtest_code_begin+1500

mem[X,0x0000000080000D9C] -> 0x0013
mem[X,0x0000000080000D9E] -> 0x0000
[889] [S]: 0x0006000080000D9C (0x00000013) addi x0, x0, 0x0                         va_rvtest_code_begin+1504

clint mtime 0x00000000000001BD (mip.MTI <- 0b1, mip.STI <- 0b0)
mem[X,0x0000000080000DA0] -> 0x0217
mem[X,0x0000000080000DA2] -> 0x0000
[890] [S]: 0x0006000080000DA0 (0x00000217) auipc x4, 0x0                            va_rvtest_code_begin+1508
x4 <- 0x0006000080000DA0

mem[X,0x0000000080000DA4] -> 0x0213
mem[X,0x0000000080000DA6] -> 0x02C2
[891] [S]: 0x0006000080000DA4 (0x02C20213) addi x4, x4, 0x2c                        va_rvtest_code_begin+1512
x4 <- 0x0006000080000DCC

clint mtime 0x00000000000001BE (mip.MTI <- 0b1, mip.STI <- 0b0)
mem[X,0x0000000080000DA8] -> 0x0001
[892] [S]: 0x0006000080000DA8 (0x0001) c.nop                                        va_rvtest_code_begin+1516

mem[X,0x0000000080000DAA] -> 0x0013
mem[X,0x0000000080000DAC] -> 0x0000
[893] [S]: 0x0006000080000DAA (0x00000013) addi x0, x0, 0x0                         va_rvtest_code_begin+1518

clint mtime 0x00000000000001BF (mip.MTI <- 0b1, mip.STI <- 0b0)
mem[X,0x0000000080000DAE] -> 0x0013
mem[X,0x0000000080000DB0] -> 0x0000
[894] [S]: 0x0006000080000DAE (0x00000013) addi x0, x0, 0x0                         va_rvtest_code_begin+1522

mem[X,0x0000000080000DB2] -> 0x0013
mem[X,0x0000000080000DB4] -> 0x0000
[895] [S]: 0x0006000080000DB2 (0x00000013) addi x0, x0, 0x0                         va_rvtest_code_begin+1526

clint mtime 0x00000000000001C0 (mip.MTI <- 0b1, mip.STI <- 0b0)
mem[X,0x0000000080000DB6] -> 0x0013
mem[X,0x0000000080000DB8] -> 0x0000
[896] [S]: 0x0006000080000DB6 (0x00000013) addi x0, x0, 0x0                         va_rvtest_code_begin+1530

mem[X,0x0000000080000DBA] -> 0x0013
mem[X,0x0000000080000DBC] -> 0x0000
[897] [S]: 0x0006000080000DBA (0x00000013) addi x0, x0, 0x0                         va_rvtest_code_begin+1534

clint mtime 0x00000000000001C1 (mip.MTI <- 0b1, mip.STI <- 0b0)
mem[X,0x0000000080000DBE] -> 0x0001
[898] [S]: 0x0006000080000DBE (0x0001) c.nop                                        va_rvtest_code_begin+1538

mem[X,0x0000000080000DC0] -> 0x80E7
mem[X,0x0000000080000DC2] -> 0x0007
[899] [S]: 0x0006000080000DC0 (0x000780E7) jalr x1, 0x0(x15)                        va_rvtest_code_begin+1540
x1 <- 0x0006000080000DC4

clint mtime 0x00000000000001C2 (mip.MTI <- 0b1, mip.STI <- 0b0)
PTW: Start, vpn=0x5000000000, access_type=X, privilege=Smem[R,0x0000000080009028] -> 0x0000000020002001
PTW: Step, level=4, pte=0x20002001, pte_addr=0x80009028
PTW: Start, vpn=0x5000000000, access_type=X, privilege=Smem[R,0x0000000080008000] -> 0x0000000020001C01
PTW: Step, level=3, pte=0x20001C01, pte_addr=0x80008000
PTW: Start, vpn=0x5000000000, access_type=X, privilege=Smem[R,0x0000000080007000] -> 0x0000000020001801
PTW: Step, level=2, pte=0x20001801, pte_addr=0x80007000
PTW: Start, vpn=0x5000000000, access_type=X, privilege=Smem[R,0x0000000080006000] -> 0x0000000020001401
PTW: Step, level=1, pte=0x20001401, pte_addr=0x80006000
PTW: Start, vpn=0x5000000000, access_type=X, privilege=Smem[R,0x0000000080005000] -> 0x0000000020000001
PTW: Step, level=0, pte=0x20000001, pte_addr=0x80005000
PTW: failed, error=invalid-pte, level=0, pte_addr=0x80005000
trapping from S to M to handle fetch-page-fault
handling exc#fetch-page-fault at priv M with tval 0x0005000000000400
CSR mstatus (0x300) <- 0x0000000A00000800
CSR mcause (0x342) <- 0x000000000000000C
CSR mtval (0x343) <- 0x0005000000000400
CSR mepc (0x341) <- 0x0005000000000400

mem[X,0x0000000080000F00] -> 0x006F
mem[X,0x0000000080000F02] -> 0x1000
[901] [M]: 0x0000000080000F00 (0x1000006F) jal x0, 0x100                            Mtrampoline+0

clint mtime 0x00000000000001C3 (mip.MTI <- 0b1, mip.STI <- 0b0)
mem[X,0x0000000080001000] -> 0x1173
mem[X,0x0000000080001002] -> 0x3401
[902] [M]: 0x0000000080001000 (0x34011173) csrrw x2, mscratch, x2                   trap_Mhandler+0
CSR mscratch (0x340) <- 0x0000000080004000
x2 <- 0x0000000080004000

mem[X,0x0000000080001004] -> 0x3423
mem[X,0x0000000080001006] -> 0x28B1
[903] [M]: 0x0000000080001004 (0x28B13423) sd x11, 0x288(x2)                        trap_Mhandler+4
mem[W,0x0000000080004288] <- 0x0000000000000001

clint mtime 0x00000000000001C4 (mip.MTI <- 0b1, mip.STI <- 0b0)
mem[X,0x0000000080001008] -> 0x05EF
mem[X,0x000000008000100A] -> 0x0B80
[904] [M]: 0x0000000080001008 (0x0B8005EF) jal x11, 0xb8                            trap_Mhandler+8
x11 <- 0x000000008000100C

mem[X,0x00000000800010C0] -> 0x3023
mem[X,0x00000000800010C2] -> 0x28A1
[905] [M]: 0x00000000800010C0 (0x28A13023) sd x10, 0x280(x2)                        common_Mhandler+0
mem[W,0x0000000080004280] <- 0x0000000020000001

clint mtime 0x00000000000001C5 (mip.MTI <- 0b1, mip.STI <- 0b0)
mem[X,0x00000000800010C4] -> 0x1573
mem[X,0x00000000800010C6] -> 0x3401
[906] [M]: 0x00000000800010C4 (0x34011573) csrrw x10, mscratch, x2                  common_Mhandler+4
CSR mscratch (0x340) <- 0x0000000080004000
x10 <- 0x0000000080004000

mem[X,0x00000000800010C8] -> 0x3823
mem[X,0x00000000800010CA] -> 0x28A1
[907] [M]: 0x00000000800010C8 (0x28A13823) sd x10, 0x290(x2)                        common_Mhandler+8
mem[W,0x0000000080004290] <- 0x0000000080004000

clint mtime 0x00000000000001C6 (mip.MTI <- 0b1, mip.STI <- 0b0)
mem[X,0x00000000800010CC] -> 0x3503
mem[X,0x00000000800010CE] -> 0x2301
[908] [M]: 0x00000000800010CC (0x23013503) ld x10, 0x230(x2)                        common_Mhandler+12
mem[R,0x0000000080004230] -> 0x00000000800010D4
x10 <- 0x00000000800010D4

mem[X,0x00000000800010D0] -> 0x0067
mem[X,0x00000000800010D2] -> 0x0005
[909] [M]: 0x00000000800010D0 (0x00050067) jalr x0, 0x0(x10)                        common_Mhandler+16

clint mtime 0x00000000000001C7 (mip.MTI <- 0b1, mip.STI <- 0b0)
mem[X,0x00000000800010D4] -> 0x3C23
mem[X,0x00000000800010D6] -> 0x2691
[910] [M]: 0x00000000800010D4 (0x26913C23) sd x9, 0x278(x2)                         common_Mentry+0
mem[W,0x0000000080004278] <- 0x000C000080000D44

mem[X,0x00000000800010D8] -> 0x3823
mem[X,0x00000000800010DA] -> 0x2681
[911] [M]: 0x00000000800010D8 (0x26813823) sd x8, 0x270(x2)                         common_Mentry+4
mem[W,0x0000000080004270] <- 0x0000000000007F76

clint mtime 0x00000000000001C8 (mip.MTI <- 0b1, mip.STI <- 0b0)
mem[X,0x00000000800010DC] -> 0x3423
mem[X,0x00000000800010DE] -> 0x2671
[912] [M]: 0x00000000800010DC (0x26713423) sd x7, 0x268(x2)                         common_Mentry+8
mem[W,0x0000000080004268] <- 0x0000000080004000

mem[X,0x00000000800010E0] -> 0x3023
mem[X,0x00000000800010E2] -> 0x2661
[913] [M]: 0x00000000800010E0 (0x26613023) sd x6, 0x260(x2)                         common_Mentry+12
mem[W,0x0000000080004260] <- 0x0006000000000008

clint mtime 0x00000000000001C9 (mip.MTI <- 0b1, mip.STI <- 0b0)
mem[X,0x00000000800010E4] -> 0x2573
mem[X,0x00000000800010E6] -> 0x3420
[914] [M]: 0x00000000800010E4 (0x34202573) csrrs x10, mcause, x0                    spcl_M2mmode_test+0
CSR mcause (0x342) -> 0x000000000000000C
x10 <- 0x000000000000000C

mem[X,0x00000000800010E8] -> 0x04B7
mem[X,0x00000000800010EA] -> 0x8000
[915] [M]: 0x00000000800010E8 (0x800004B7) lui x9, -0x80000                         spcl_M2mmode_test+4
x9 <- 0xFFFFFFFF80000000

clint mtime 0x00000000000001CA (mip.MTI <- 0b1, mip.STI <- 0b0)
mem[X,0x00000000800010EC] -> 0x8493
mem[X,0x00000000800010EE] -> 0x0004
[916] [M]: 0x00000000800010EC (0x00048493) addi x9, x9, 0x0                         spcl_M2mmode_test+8
x9 <- 0xFFFFFFFF80000000

mem[X,0x00000000800010F0] -> 0x9493
mem[X,0x00000000800010F2] -> 0x00B4
[917] [M]: 0x00000000800010F0 (0x00B49493) slli x9, x9, 0xb                         spcl_M2mmode_test+12
x9 <- 0xFFFFFC0000000000

clint mtime 0x00000000000001CB (mip.MTI <- 0b1, mip.STI <- 0b0)
mem[X,0x00000000800010F4] -> 0x8493
mem[X,0x00000000800010F6] -> 0x0004
[918] [M]: 0x00000000800010F4 (0x00048493) addi x9, x9, 0x0                         spcl_M2mmode_test+16
x9 <- 0xFFFFFC0000000000

mem[X,0x00000000800010F8] -> 0x9493
mem[X,0x00000000800010FA] -> 0x00B4
[919] [M]: 0x00000000800010F8 (0x00B49493) slli x9, x9, 0xb                         spcl_M2mmode_test+20
x9 <- 0xFFE0000000000000

clint mtime 0x00000000000001CC (mip.MTI <- 0b1, mip.STI <- 0b0)
mem[X,0x00000000800010FC] -> 0x8493
mem[X,0x00000000800010FE] -> 0x0034
[920] [M]: 0x00000000800010FC (0x00348493) addi x9, x9, 0x3                         spcl_M2mmode_test+24
x9 <- 0xFFE0000000000003

mem[X,0x0000000080001100] -> 0x9493
mem[X,0x0000000080001102] -> 0x00A4
[921] [M]: 0x0000000080001100 (0x00A49493) slli x9, x9, 0xa                         spcl_M2mmode_test+28
x9 <- 0x8000000000000C00

clint mtime 0x00000000000001CD (mip.MTI <- 0b1, mip.STI <- 0b0)
mem[X,0x0000000080001104] -> 0x8493
mem[X,0x0000000080001106] -> 0x3FC4
[922] [M]: 0x0000000080001104 (0x3FC48493) addi x9, x9, 0x3fc                       spcl_M2mmode_test+32
x9 <- 0x8000000000000FFC

mem[X,0x0000000080001108] -> 0xF4B3
mem[X,0x000000008000110A] -> 0x00A4
[923] [M]: 0x0000000080001108 (0x00A4F4B3) and x9, x9, x10                          spcl_M2mmode_test+36
x9 <- 0x000000000000000C

clint mtime 0x00000000000001CE (mip.MTI <- 0b1, mip.STI <- 0b0)
mem[X,0x000000008000110C] -> 0x8493
mem[X,0x000000008000110E] -> 0xFF84
[924] [M]: 0x000000008000110C (0xFF848493) addi x9, x9, -0x8                        spcl_M2mmode_test+40
x9 <- 0x0000000000000004

mem[X,0x0000000080001110] -> 0x9663
mem[X,0x0000000080001112] -> 0x0004
[925] [M]: 0x0000000080001110 (0x00049663) bne x9, x0, 0xc                          spcl_M2mmode_test+44

clint mtime 0x00000000000001CF (mip.MTI <- 0b1, mip.STI <- 0b0)
mem[X,0x000000008000111C] -> 0x0393
mem[X,0x000000008000111E] -> 0x0200
[926] [M]: 0x000000008000111C (0x02000393) addi x7, x0, 0x20                        Mtrapsig_ptr_upd+0
x7 <- 0x0000000000000020

mem[X,0x0000000080001120] -> 0x5263
mem[X,0x0000000080001122] -> 0x0405
[927] [M]: 0x0000000080001120 (0x04055263) bge x10, x0, 0x44                        Mtrapsig_ptr_upd+4

clint mtime 0x00000000000001D0 (mip.MTI <- 0b1, mip.STI <- 0b0)
mem[X,0x0000000080001164] -> 0x2373
mem[X,0x0000000080001166] -> 0x3010
[928] [M]: 0x0000000080001164 (0x30102373) csrrs x6, misa, x0                       Mxcpt_sig_sv+0
CSR misa (0x301) -> 0x800000000034112F
x6 <- 0x800000000034112F

mem[X,0x0000000080001168] -> 0x1313
mem[X,0x000000008000116A] -> 0x0383
[929] [M]: 0x0000000080001168 (0x03831313) slli x6, x6, 0x38                        Mxcpt_sig_sv+4
x6 <- 0x2F00000000000000

clint mtime 0x00000000000001D1 (mip.MTI <- 0b1, mip.STI <- 0b0)
mem[X,0x000000008000116C] -> 0x5463
mem[X,0x000000008000116E] -> 0x0003
[930] [M]: 0x000000008000116C (0x00035463) bge x6, x0, 0x8                          Mxcpt_sig_sv+8

mem[X,0x0000000080001174] -> 0x3303
mem[X,0x0000000080001176] -> 0x2181
[931] [M]: 0x0000000080001174 (0x21813303) ld x6, 0x218(x2)                         Mtrap_sig_sv+0
mem[R,0x0000000080004218] -> 0x000000008000A278
x6 <- 0x000000008000A278

clint mtime 0x00000000000001D2 (mip.MTI <- 0b1, mip.STI <- 0b0)
mem[X,0x0000000080001178] -> 0x04B3
mem[X,0x000000008000117A] -> 0x0073
[932] [M]: 0x0000000080001178 (0x007304B3) add x9, x6, x7                           Mtrap_sig_sv+4
x9 <- 0x000000008000A298

mem[X,0x000000008000117C] -> 0x3C23
mem[X,0x000000008000117E] -> 0x2091
[933] [M]: 0x000000008000117C (0x20913C23) sd x9, 0x218(x2)                         Mtrap_sig_sv+8
mem[W,0x0000000080004218] <- 0x000000008000A298

clint mtime 0x00000000000001D3 (mip.MTI <- 0b1, mip.STI <- 0b0)
mem[X,0x0000000080001180] -> 0x3403
mem[X,0x0000000080001182] -> 0x1F81
[934] [M]: 0x0000000080001180 (0x1F813403) ld x8, 0x1f8(x2)                         Mtrap_sig_sv+12
mem[R,0x00000000800041F8] -> 0x000000008000A110
x8 <- 0x000000008000A110

mem[X,0x0000000080001184] -> 0x0333
mem[X,0x0000000080001186] -> 0x4083
[935] [M]: 0x0000000080001184 (0x40830333) sub x6, x6, x8                           Mtrap_sig_sv+16
x6 <- 0x0000000000000168

clint mtime 0x00000000000001D4 (mip.MTI <- 0b1, mip.STI <- 0b0)
mem[X,0x0000000080001188] -> 0x3403
mem[X,0x000000008000118A] -> 0x1F81
[936] [M]: 0x0000000080001188 (0x1F813403) ld x8, 0x1f8(x2)                         Mtrap_sig_sv+20
mem[R,0x00000000800041F8] -> 0x000000008000A110
x8 <- 0x000000008000A110

mem[X,0x000000008000118C] -> 0x0333
mem[X,0x000000008000118E] -> 0x0083
[937] [M]: 0x000000008000118C (0x00830333) add x6, x6, x8                           Mtrap_sig_sv+24
x6 <- 0x000000008000A278

clint mtime 0x00000000000001D5 (mip.MTI <- 0b1, mip.STI <- 0b0)
mem[X,0x0000000080001190] -> 0x3403
mem[X,0x0000000080001192] -> 0x2401
[938] [M]: 0x0000000080001190 (0x24013403) ld x8, 0x240(x2)                         Mtrap_sig_sv+28
mem[R,0x0000000080004240] -> 0x0000000080000F00
x8 <- 0x0000000080000F00

mem[X,0x0000000080001194] -> 0x85B3
mem[X,0x0000000080001196] -> 0x4085
[939] [M]: 0x0000000080001194 (0x408585B3) sub x11, x11, x8                         sv_Mvect+0
x11 <- 0x000000000000010C

clint mtime 0x00000000000001D6 (mip.MTI <- 0b1, mip.STI <- 0b0)
mem[X,0x0000000080001198] -> 0x9593
mem[X,0x000000008000119A] -> 0x0045
[940] [M]: 0x0000000080001198 (0x00459593) slli x11, x11, 0x4                       sv_Mvect+4
x11 <- 0x00000000000010C0

mem[X,0x000000008000119C] -> 0xE5B3
mem[X,0x000000008000119E] -> 0x0075
[941] [M]: 0x000000008000119C (0x0075E5B3) or x11, x11, x7                          sv_Mvect+8
x11 <- 0x00000000000010E0

clint mtime 0x00000000000001D7 (mip.MTI <- 0b1, mip.STI <- 0b0)
mem[X,0x00000000800011A0] -> 0x8593
mem[X,0x00000000800011A2] -> 0x0035
[942] [M]: 0x00000000800011A0 (0x00358593) addi x11, x11, 0x3                       sv_Mvect+12
x11 <- 0x00000000000010E3

mem[X,0x00000000800011A4] -> 0x3023
mem[X,0x00000000800011A6] -> 0x00B3
[943] [M]: 0x00000000800011A4 (0x00B33023) sd x11, 0x0(x6)                          sv_Mvect+16
mem[W,0x000000008000A278] <- 0x00000000000010E3

clint mtime 0x00000000000001D8 (mip.MTI <- 0b1, mip.STI <- 0b0)
mem[X,0x00000000800011A8] -> 0x3423
mem[X,0x00000000800011AA] -> 0x00A3
[944] [M]: 0x00000000800011A8 (0x00A33423) sd x10, 0x8(x6)                          sv_Mcause+0
mem[W,0x000000008000A280] <- 0x000000000000000C

mem[X,0x00000000800011AC] -> 0x4663
mem[X,0x00000000800011AE] -> 0x1A05
[945] [M]: 0x00000000800011AC (0x1A054663) blt x10, x0, 0x1ac                       sv_Mcause+4

clint mtime 0x00000000000001D9 (mip.MTI <- 0b1, mip.STI <- 0b0)
mem[X,0x00000000800011B0] -> 0x25F3
mem[X,0x00000000800011B2] -> 0x3000
[946] [M]: 0x00000000800011B0 (0x300025F3) csrrs x11, mstatus, x0                   common_Mexcpt_handler+0
CSR mstatus (0x300) -> 0x0000000A00000800
x11 <- 0x0000000A00000800

mem[X,0x00000000800011B4] -> 0x9413
mem[X,0x00000000800011B6] -> 0x02E5
[947] [M]: 0x00000000800011B4 (0x02E59413) slli x8, x11, 0x2e                       common_Mexcpt_handler+4
x8 <- 0x0200000000000000

clint mtime 0x00000000000001DA (mip.MTI <- 0b1, mip.STI <- 0b0)
mem[X,0x00000000800011B8] -> 0x5463
mem[X,0x00000000800011BA] -> 0x0004
[948] [M]: 0x00000000800011B8 (0x00045463) bge x8, x0, 0x8                          common_Mexcpt_handler+8

mem[X,0x00000000800011C0] -> 0xD493
mem[X,0x00000000800011C2] -> 0x00B5
[949] [M]: 0x00000000800011C0 (0x00B5D493) srli x9, x11, 0xb                        common_Mexcpt_handler+16
x9 <- 0x0000000001400001

clint mtime 0x00000000000001DB (mip.MTI <- 0b1, mip.STI <- 0b0)
mem[X,0x00000000800011C4] -> 0xF493
mem[X,0x00000000800011C6] -> 0x0034
[950] [M]: 0x00000000800011C4 (0x0034F493) andi x9, x9, 0x3                         common_Mexcpt_handler+20
x9 <- 0x0000000000000001

mem[X,0x00000000800011C8] -> 0x8493
mem[X,0x00000000800011CA] -> 0x0014
[951] [M]: 0x00000000800011C8 (0x00148493) addi x9, x9, 0x1                         common_Mexcpt_handler+24
x9 <- 0x0000000000000002

clint mtime 0x00000000000001DC (mip.MTI <- 0b1, mip.STI <- 0b0)
mem[X,0x00000000800011CC] -> 0xF493
mem[X,0x00000000800011CE] -> 0x0044
[952] [M]: 0x00000000800011CC (0x0044F493) andi x9, x9, 0x4                         common_Mexcpt_handler+28
x9 <- 0x0000000000000000

mem[X,0x00000000800011D0] -> 0x0593
mem[X,0x00000000800011D2] -> 0x05D0
[953] [M]: 0x00000000800011D0 (0x05D00593) addi x11, x0, 0x5d                       common_Mexcpt_handler+32
x11 <- 0x000000000000005D

clint mtime 0x00000000000001DD (mip.MTI <- 0b1, mip.STI <- 0b0)
mem[X,0x00000000800011D4] -> 0xD5B3
mem[X,0x00000000800011D6] -> 0x0095
[954] [M]: 0x00000000800011D4 (0x0095D5B3) srl x11, x11, x9                         common_Mexcpt_handler+36
x11 <- 0x000000000000005D

mem[X,0x00000000800011D8] -> 0xF593
mem[X,0x00000000800011DA] -> 0x0015
[955] [M]: 0x00000000800011D8 (0x0015F593) andi x11, x11, 0x1                       common_Mexcpt_handler+40
x11 <- 0x0000000000000001

clint mtime 0x00000000000001DE (mip.MTI <- 0b1, mip.STI <- 0b0)
mem[X,0x00000000800011DC] -> 0x8EE3
mem[X,0x00000000800011DE] -> 0xF405
[956] [M]: 0x00000000800011DC (0xF4058EE3) beq x11, x0, -0xa4                       common_Mexcpt_handler+44

mem[X,0x00000000800011E0] -> 0x0593
mem[X,0x00000000800011E2] -> 0x2980
[957] [M]: 0x00000000800011E0 (0x29800593) addi x11, x0, 0x298                      common_Mexcpt_handler+48
x11 <- 0x0000000000000298

clint mtime 0x00000000000001DF (mip.MTI <- 0b1, mip.STI <- 0b0)
mem[X,0x00000000800011E4] -> 0xF413
mem[X,0x00000000800011E6] -> 0x0014
[958] [M]: 0x00000000800011E4 (0x0014F413) andi x8, x9, 0x1                         common_Mexcpt_handler+52
x8 <- 0x0000000000000000

mem[X,0x00000000800011E8] -> 0x95B3
mem[X,0x00000000800011EA] -> 0x0085
[959] [M]: 0x00000000800011E8 (0x008595B3) sll x11, x11, x8                         common_Mexcpt_handler+56
x11 <- 0x0000000000000298

clint mtime 0x00000000000001E0 (mip.MTI <- 0b1, mip.STI <- 0b0)
mem[X,0x00000000800011EC] -> 0x9413
mem[X,0x00000000800011EE] -> 0x03D4
[960] [M]: 0x00000000800011EC (0x03D49413) slli x8, x9, 0x3d                        common_Mexcpt_handler+60
x8 <- 0x0000000000000000

mem[X,0x00000000800011F0] -> 0x5413
mem[X,0x00000000800011F2] -> 0x43F4
[961] [M]: 0x00000000800011F0 (0x43F45413) srai x8, x8, 0x3f                        common_Mexcpt_handler+64
x8 <- 0x0000000000000000

clint mtime 0x00000000000001E1 (mip.MTI <- 0b1, mip.STI <- 0b0)
mem[X,0x00000000800011F4] -> 0x4413
mem[X,0x00000000800011F6] -> 0xFFF4
[962] [M]: 0x00000000800011F4 (0xFFF44413) xori x8, x8, -0x1                        common_Mexcpt_handler+68
x8 <- 0xFFFFFFFFFFFFFFFF

mem[X,0x00000000800011F8] -> 0xF4B3
mem[X,0x00000000800011FA] -> 0x0085
[963] [M]: 0x00000000800011F8 (0x0085F4B3) and x9, x11, x8                          common_Mexcpt_handler+72
x9 <- 0x0000000000000298

clint mtime 0x00000000000001E2 (mip.MTI <- 0b1, mip.STI <- 0b0)
mem[X,0x00000000800011FC] -> 0x84B3
mem[X,0x00000000800011FE] -> 0x0024
[964] [M]: 0x00000000800011FC (0x002484B3) add x9, x9, x2                           vmem_adj_Mepc+0
x9 <- 0x0000000080004298

mem[X,0x0000000080001200] -> 0x23F3
mem[X,0x0000000080001202] -> 0x3410
[965] [M]: 0x0000000080001200 (0x341023F3) csrrs x7, mepc, x0                       vmem_adj_Mepc+4
CSR mepc (0x341) -> 0x0005000000000400
x7 <- 0x0005000000000400

clint mtime 0x00000000000001E3 (mip.MTI <- 0b1, mip.STI <- 0b0)
mem[X,0x0000000080001204] -> 0x0413
mem[X,0x0000000080001206] -> 0x0004
[966] [M]: 0x0000000080001204 (0x00040413) addi x8, x8, 0x0                         vmem_adj_Mepc+8
x8 <- 0xFFFFFFFFFFFFFFFF

mem[X,0x0000000080001208] -> 0x006F
mem[X,0x000000008000120A] -> 0x0400
[967] [M]: 0x0000000080001208 (0x0400006F) jal x0, 0x40                             vmem_adj_Mepc+12

clint mtime 0x00000000000001E4 (mip.MTI <- 0b1, mip.STI <- 0b0)
mem[X,0x0000000080001248] -> 0x8433
mem[X,0x000000008000124A] -> 0x4083
[968] [M]: 0x0000000080001248 (0x40838433) sub x8, x7, x8                           adj_Mepc+0
x8 <- 0x0005000000000401

mem[X,0x000000008000124C] -> 0x3823
mem[X,0x000000008000124E] -> 0x0083
[969] [M]: 0x000000008000124C (0x00833823) sd x8, 0x10(x6)                          sv_Mepc+0
mem[W,0x000000008000A288] <- 0x0005000000000401

clint mtime 0x00000000000001E5 (mip.MTI <- 0b1, mip.STI <- 0b0)
mem[X,0x0000000080001250] -> 0x55B7
mem[X,0x0000000080001252] -> 0x0000
[970] [M]: 0x0000000080001250 (0x000055B7) lui x11, 0x5                             sv_Mepc+4
x11 <- 0x0000000000005000

mem[X,0x0000000080001254] -> 0x8593
mem[X,0x0000000080001256] -> 0x6675
[971] [M]: 0x0000000080001254 (0x66758593) addi x11, x11, 0x667                     sv_Mepc+8
x11 <- 0x0000000000005667

clint mtime 0x00000000000001E6 (mip.MTI <- 0b1, mip.STI <- 0b0)
mem[X,0x0000000080001258] -> 0x9593
mem[X,0x000000008000125A] -> 0x0015
[972] [M]: 0x0000000080001258 (0x00159593) slli x11, x11, 0x1                       sv_Mepc+12
x11 <- 0x000000000000ACCE

mem[X,0x000000008000125C] -> 0x9063
mem[X,0x000000008000125E] -> 0x02B1
[973] [M]: 0x000000008000125C (0x02B19063) bne x3, x11, 0x20                        sv_Mepc+16

clint mtime 0x00000000000001E7 (mip.MTI <- 0b1, mip.STI <- 0b0)
mem[X,0x0000000080001260] -> 0x2473
mem[X,0x0000000080001262] -> 0x3420
[974] [M]: 0x0000000080001260 (0x34202473) csrrs x8, mcause, x0                     sv_Mepc+20
CSR mcause (0x342) -> 0x000000000000000C
x8 <- 0x000000000000000C

mem[X,0x0000000080001264] -> 0x0593
mem[X,0x0000000080001266] -> 0x00C0
[975] [M]: 0x0000000080001264 (0x00C00593) addi x11, x0, 0xc                        sv_Mepc+24
x11 <- 0x000000000000000C

clint mtime 0x00000000000001E8 (mip.MTI <- 0b1, mip.STI <- 0b0)
mem[X,0x0000000080001268] -> 0x0663
mem[X,0x000000008000126A] -> 0x00B4
[976] [M]: 0x0000000080001268 (0x00B40663) beq x8, x11, 0xc                         sv_Mepc+28

mem[X,0x0000000080001274] -> 0x1073
mem[X,0x0000000080001276] -> 0x3412
[977] [M]: 0x0000000080001274 (0x34121073) csrrw x0, mepc, x4                       sv_Mepc+40
CSR mepc (0x341) <- 0x0006000080000DCC

clint mtime 0x00000000000001E9 (mip.MTI <- 0b1, mip.STI <- 0b0)
mem[X,0x0000000080001278] -> 0x006F
mem[X,0x000000008000127A] -> 0x0100
[978] [M]: 0x0000000080001278 (0x0100006F) jal x0, 0x10                             sv_Mepc+44

mem[X,0x0000000080001288] -> 0x23F3
mem[X,0x000000008000128A] -> 0x3430
[979] [M]: 0x0000000080001288 (0x343023F3) csrrs x7, mtval, x0                      skp_adj_Mepc+0
CSR mtval (0x343) -> 0x0005000000000400
x7 <- 0x0005000000000400

clint mtime 0x00000000000001EA (mip.MTI <- 0b1, mip.STI <- 0b0)
mem[X,0x000000008000128C] -> 0x0413
mem[X,0x000000008000128E] -> 0x0004
[980] [M]: 0x000000008000128C (0x00040413) addi x8, x8, 0x0                         skp_adj_Mepc+4
x8 <- 0x000000000000000C

mem[X,0x0000000080001290] -> 0x006F
mem[X,0x0000000080001292] -> 0x0840
[981] [M]: 0x0000000080001290 (0x0840006F) jal x0, 0x84                             skp_adj_Mepc+8

clint mtime 0x00000000000001EB (mip.MTI <- 0b1, mip.STI <- 0b0)
mem[X,0x0000000080001314] -> 0x8433
mem[X,0x0000000080001316] -> 0x4083
[982] [M]: 0x0000000080001314 (0x40838433) sub x8, x7, x8                           adj_Mtval+0
x8 <- 0x00050000000003F4

mem[X,0x0000000080001318] -> 0x3C23
mem[X,0x000000008000131A] -> 0x0083
[983] [M]: 0x0000000080001318 (0x00833C23) sd x8, 0x18(x6)                          sv_Mtval+0
mem[W,0x000000008000A290] <- 0x00050000000003F4

clint mtime 0x00000000000001EC (mip.MTI <- 0b1, mip.STI <- 0b0)
mem[X,0x000000008000131C] -> 0x3483
mem[X,0x000000008000131E] -> 0x2181
[984] [M]: 0x000000008000131C (0x21813483) ld x9, 0x218(x2)                         skp_Mtval+0
mem[R,0x0000000080004218] -> 0x000000008000A298
x9 <- 0x000000008000A298

mem[X,0x0000000080001320] -> 0x3383
mem[X,0x0000000080001322] -> 0x1F81
[985] [M]: 0x0000000080001320 (0x1F813383) ld x7, 0x1f8(x2)                         skp_Mtval+4
mem[R,0x00000000800041F8] -> 0x000000008000A110
x7 <- 0x000000008000A110

clint mtime 0x00000000000001ED (mip.MTI <- 0b1, mip.STI <- 0b0)
mem[X,0x0000000080001324] -> 0x3303
mem[X,0x0000000080001326] -> 0x2001
[986] [M]: 0x0000000080001324 (0x20013303) ld x6, 0x200(x2)                         skp_Mtval+8
mem[R,0x0000000080004200] -> 0x0000000000000210
x6 <- 0x0000000000000210

mem[X,0x0000000080001328] -> 0x0333
mem[X,0x000000008000132A] -> 0x0073
[987] [M]: 0x0000000080001328 (0x00730333) add x6, x6, x7                           skp_Mtval+12
x6 <- 0x000000008000A320

clint mtime 0x00000000000001EE (mip.MTI <- 0b1, mip.STI <- 0b0)
mem[X,0x000000008000132C] -> 0x6AE3
mem[X,0x000000008000132E] -> 0xAC93
[988] [M]: 0x000000008000132C (0xAC936AE3) bltu x6, x9, -0x52c                      skp_Mtval+16

mem[X,0x0000000080001330] -> 0x0393
mem[X,0x0000000080001332] -> 0x2000
[989] [M]: 0x0000000080001330 (0x20000393) addi x7, x0, 0x200                       skp_Mtval+20
x7 <- 0x0000000000000200

clint mtime 0x00000000000001EF (mip.MTI <- 0b1, mip.STI <- 0b0)
mem[X,0x0000000080001334] -> 0x006F
mem[X,0x0000000080001336] -> 0x0400
[990] [M]: 0x0000000080001334 (0x0400006F) jal x0, 0x40                             skp_Mtval+24

mem[X,0x0000000080001374] -> 0x0417
mem[X,0x0000000080001376] -> 0x0000
[991] [M]: 0x0000000080001374 (0x00000417) auipc x8, 0x0                            spcl_Mhandler+0
x8 <- 0x0000000080001374

clint mtime 0x00000000000001F0 (mip.MTI <- 0b1, mip.STI <- 0b0)
mem[X,0x0000000080001378] -> 0x0413
mem[X,0x000000008000137A] -> 0x03C4
[992] [M]: 0x0000000080001378 (0x03C40413) addi x8, x8, 0x3c                        spcl_Mhandler+4
x8 <- 0x00000000800013B0

mem[X,0x000000008000137C] -> 0x0433
mem[X,0x000000008000137E] -> 0x0074
[993] [M]: 0x000000008000137C (0x00740433) add x8, x8, x7                           spcl_Mhandler+8
x8 <- 0x00000000800015B0

clint mtime 0x00000000000001F1 (mip.MTI <- 0b1, mip.STI <- 0b0)
mem[X,0x0000000080001380] -> 0x1393
mem[X,0x0000000080001382] -> 0x0035
[994] [M]: 0x0000000080001380 (0x00351393) slli x7, x10, 0x3                        spcl_Mhandler+12
x7 <- 0x0000000000000060

mem[X,0x0000000080001384] -> 0x0433
mem[X,0x0000000080001386] -> 0x0074
[995] [M]: 0x0000000080001384 (0x00740433) add x8, x8, x7                           spcl_Mhandler+16
x8 <- 0x0000000080001610

clint mtime 0x00000000000001F2 (mip.MTI <- 0b1, mip.STI <- 0b0)
mem[X,0x0000000080001388] -> 0x7413
mem[X,0x000000008000138A] -> 0xFF84
[996] [M]: 0x0000000080001388 (0xFF847413) andi x8, x8, -0x8                        spcl_Mhandler+20
x8 <- 0x0000000080001610

mem[X,0x000000008000138C] -> 0x3403
mem[X,0x000000008000138E] -> 0x0004
[997] [M]: 0x000000008000138C (0x00043403) ld x8, 0x0(x8)                           spcl_Mhandler+24
mem[R,0x0000000080001610] -> 0x0000000000000019
x8 <- 0x0000000000000019

clint mtime 0x00000000000001F3 (mip.MTI <- 0b1, mip.STI <- 0b0)
mem[X,0x0000000080001390] -> 0x02E3
mem[X,0x0000000080001392] -> 0xB004
[998] [M]: 0x0000000080001390 (0xB00402E3) beq x8, x0, -0x4fc                       spcl_Mdispatch_hndling+0

mem[X,0x0000000080001394] -> 0x1393
mem[X,0x0000000080001396] -> 0x03F4
[999] [M]: 0x0000000080001394 (0x03F41393) slli x7, x8, 0x3f                        spcl_Mdispatch_hndling+4
x7 <- 0x8000000000000000

clint mtime 0x00000000000001F4 (mip.MTI <- 0b1, mip.STI <- 0b0)
mem[X,0x0000000080001398] -> 0xD863
mem[X,0x000000008000139A] -> 0x0003
[1000] [M]: 0x0000000080001398 (0x0003D863) bge x7, x0, 0x10                        spcl_Mdispatch_hndling+8

mem[X,0x000000008000139C] -> 0x5413
mem[X,0x000000008000139E] -> 0x0014
[1001] [M]: 0x000000008000139C (0x00145413) srli x8, x8, 0x1                        spcl_Mdispatch_hndling+12
x8 <- 0x000000000000000C

clint mtime 0x00000000000001F5 (mip.MTI <- 0b1, mip.STI <- 0b0)
mem[X,0x00000000800013A0] -> 0x0CE3
mem[X,0x00000000800013A2] -> 0xF885
[1002] [M]: 0x00000000800013A0 (0xF8850CE3) beq x10, x8, -0x68                      spcl_Mdispatch_hndling+16

mem[X,0x0000000080001338] -> 0x3303
mem[X,0x000000008000133A] -> 0x2601
[1003] [M]: 0x0000000080001338 (0x26013303) ld x6, 0x260(x2)                        resto_Mrtn+0
mem[R,0x0000000080004260] -> 0x0006000000000008
x6 <- 0x0006000000000008

clint mtime 0x00000000000001F6 (mip.MTI <- 0b1, mip.STI <- 0b0)
mem[X,0x000000008000133C] -> 0x3383
mem[X,0x000000008000133E] -> 0x2681
[1004] [M]: 0x000000008000133C (0x26813383) ld x7, 0x268(x2)                        resto_Mrtn+4
mem[R,0x0000000080004268] -> 0x0000000080004000
x7 <- 0x0000000080004000

mem[X,0x0000000080001340] -> 0x3403
mem[X,0x0000000080001342] -> 0x2701
[1005] [M]: 0x0000000080001340 (0x27013403) ld x8, 0x270(x2)                        resto_Mrtn+8
mem[R,0x0000000080004270] -> 0x0000000000007F76
x8 <- 0x0000000000007F76

clint mtime 0x00000000000001F7 (mip.MTI <- 0b1, mip.STI <- 0b0)
mem[X,0x0000000080001344] -> 0x3483
mem[X,0x0000000080001346] -> 0x2781
[1006] [M]: 0x0000000080001344 (0x27813483) ld x9, 0x278(x2)                        resto_Mrtn+12
mem[R,0x0000000080004278] -> 0x000C000080000D44
x9 <- 0x000C000080000D44

mem[X,0x0000000080001348] -> 0x3503
mem[X,0x000000008000134A] -> 0x2801
[1007] [M]: 0x0000000080001348 (0x28013503) ld x10, 0x280(x2)                       resto_Mrtn+16
mem[R,0x0000000080004280] -> 0x0000000020000001
x10 <- 0x0000000020000001

clint mtime 0x00000000000001F8 (mip.MTI <- 0b1, mip.STI <- 0b0)
mem[X,0x000000008000134C] -> 0x3583
mem[X,0x000000008000134E] -> 0x2881
[1008] [M]: 0x000000008000134C (0x28813583) ld x11, 0x288(x2)                       resto_Mrtn+20
mem[R,0x0000000080004288] -> 0x0000000000000001
x11 <- 0x0000000000000001

mem[X,0x0000000080001350] -> 0x3103
mem[X,0x0000000080001352] -> 0x2901
[1009] [M]: 0x0000000080001350 (0x29013103) ld x2, 0x290(x2)                        resto_Mrtn+24
mem[R,0x0000000080004290] -> 0x0000000080004000
x2 <- 0x0000000080004000

clint mtime 0x00000000000001F9 (mip.MTI <- 0b1, mip.STI <- 0b0)
mem[X,0x0000000080001354] -> 0x0073
mem[X,0x0000000080001356] -> 0x3020
[1010] [M]: 0x0000000080001354 (0x30200073) mret                                    resto_Mrtn+28
CSR mstatus (0x300) <- 0x0000000A00000080
ret-ing from M to S

mem[X,0x0000000080000DCC] -> 0x0013
mem[X,0x0000000080000DCE] -> 0x0000
[1011] [S]: 0x0006000080000DCC (0x00000013) addi x0, x0, 0x0                        va_rvtest_code_begin+1552

clint mtime 0x00000000000001FA (mip.MTI <- 0b1, mip.STI <- 0b0)
mem[X,0x0000000080000DD0] -> 0x0013
mem[X,0x0000000080000DD2] -> 0x0000
[1012] [S]: 0x0006000080000DD0 (0x00000013) addi x0, x0, 0x0                        va_rvtest_code_begin+1556

mem[X,0x0000000080000DD4] -> 0x0013
mem[X,0x0000000080000DD6] -> 0x0000
[1013] [S]: 0x0006000080000DD4 (0x00000013) addi x0, x0, 0x0                        va_rvtest_code_begin+1560

clint mtime 0x00000000000001FB (mip.MTI <- 0b1, mip.STI <- 0b0)
mem[X,0x0000000080000DD8] -> 0x0113
mem[X,0x0000000080000DDA] -> 0x0000
[1014] [S]: 0x0006000080000DD8 (0x00000113) addi x2, x0, 0x0                        va_rvtest_code_begin+1564
x2 <- 0x0000000000000000

mem[X,0x0000000080000DDC] -> 0x0073
mem[X,0x0000000080000DDE] -> 0x0000
[1015] [S]: 0x0006000080000DDC (0x00000073) ecall                                   va_rvtest_code_begin+1568
trapping from S to M to handle s-call
handling exc#s-call at priv M with tval 0x0000000000000000
CSR mstatus (0x300) <- 0x0000000A00000800
CSR mcause (0x342) <- 0x0000000000000009
CSR mtval (0x343) <- 0x0000000000000000
CSR mepc (0x341) <- 0x0006000080000DDC

clint mtime 0x00000000000001FC (mip.MTI <- 0b1, mip.STI <- 0b0)
mem[X,0x0000000080000F00] -> 0x006F
mem[X,0x0000000080000F02] -> 0x1000
[1016] [M]: 0x0000000080000F00 (0x1000006F) jal x0, 0x100                           Mtrampoline+0

mem[X,0x0000000080001000] -> 0x1173
mem[X,0x0000000080001002] -> 0x3401
[1017] [M]: 0x0000000080001000 (0x34011173) csrrw x2, mscratch, x2                  trap_Mhandler+0
CSR mscratch (0x340) <- 0x0000000000000000
x2 <- 0x0000000080004000

clint mtime 0x00000000000001FD (mip.MTI <- 0b1, mip.STI <- 0b0)
mem[X,0x0000000080001004] -> 0x3423
mem[X,0x0000000080001006] -> 0x28B1
[1018] [M]: 0x0000000080001004 (0x28B13423) sd x11, 0x288(x2)                       trap_Mhandler+4
mem[W,0x0000000080004288] <- 0x0000000000000001

mem[X,0x0000000080001008] -> 0x05EF
mem[X,0x000000008000100A] -> 0x0B80
[1019] [M]: 0x0000000080001008 (0x0B8005EF) jal x11, 0xb8                           trap_Mhandler+8
x11 <- 0x000000008000100C

clint mtime 0x00000000000001FE (mip.MTI <- 0b1, mip.STI <- 0b0)
mem[X,0x00000000800010C0] -> 0x3023
mem[X,0x00000000800010C2] -> 0x28A1
[1020] [M]: 0x00000000800010C0 (0x28A13023) sd x10, 0x280(x2)                       common_Mhandler+0
mem[W,0x0000000080004280] <- 0x0000000020000001

mem[X,0x00000000800010C4] -> 0x1573
mem[X,0x00000000800010C6] -> 0x3401
[1021] [M]: 0x00000000800010C4 (0x34011573) csrrw x10, mscratch, x2                 common_Mhandler+4
CSR mscratch (0x340) <- 0x0000000080004000
x10 <- 0x0000000000000000

clint mtime 0x00000000000001FF (mip.MTI <- 0b1, mip.STI <- 0b0)
mem[X,0x00000000800010C8] -> 0x3823
mem[X,0x00000000800010CA] -> 0x28A1
[1022] [M]: 0x00000000800010C8 (0x28A13823) sd x10, 0x290(x2)                       common_Mhandler+8
mem[W,0x0000000080004290] <- 0x0000000000000000

mem[X,0x00000000800010CC] -> 0x3503
mem[X,0x00000000800010CE] -> 0x2301
[1023] [M]: 0x00000000800010CC (0x23013503) ld x10, 0x230(x2)                       common_Mhandler+12
mem[R,0x0000000080004230] -> 0x00000000800010D4
x10 <- 0x00000000800010D4

clint mtime 0x0000000000000200 (mip.MTI <- 0b1, mip.STI <- 0b0)
mem[X,0x00000000800010D0] -> 0x0067
mem[X,0x00000000800010D2] -> 0x0005
[1024] [M]: 0x00000000800010D0 (0x00050067) jalr x0, 0x0(x10)                       common_Mhandler+16

mem[X,0x00000000800010D4] -> 0x3C23
mem[X,0x00000000800010D6] -> 0x2691
[1025] [M]: 0x00000000800010D4 (0x26913C23) sd x9, 0x278(x2)                        common_Mentry+0
mem[W,0x0000000080004278] <- 0x000C000080000D44

clint mtime 0x0000000000000201 (mip.MTI <- 0b1, mip.STI <- 0b0)
mem[X,0x00000000800010D8] -> 0x3823
mem[X,0x00000000800010DA] -> 0x2681
[1026] [M]: 0x00000000800010D8 (0x26813823) sd x8, 0x270(x2)                        common_Mentry+4
mem[W,0x0000000080004270] <- 0x0000000000007F76

mem[X,0x00000000800010DC] -> 0x3423
mem[X,0x00000000800010DE] -> 0x2671
[1027] [M]: 0x00000000800010DC (0x26713423) sd x7, 0x268(x2)                        common_Mentry+8
mem[W,0x0000000080004268] <- 0x0000000080004000

clint mtime 0x0000000000000202 (mip.MTI <- 0b1, mip.STI <- 0b0)
mem[X,0x00000000800010E0] -> 0x3023
mem[X,0x00000000800010E2] -> 0x2661
[1028] [M]: 0x00000000800010E0 (0x26613023) sd x6, 0x260(x2)                        common_Mentry+12
mem[W,0x0000000080004260] <- 0x0006000000000008

mem[X,0x00000000800010E4] -> 0x2573
mem[X,0x00000000800010E6] -> 0x3420
[1029] [M]: 0x00000000800010E4 (0x34202573) csrrs x10, mcause, x0                   spcl_M2mmode_test+0
CSR mcause (0x342) -> 0x0000000000000009
x10 <- 0x0000000000000009

clint mtime 0x0000000000000203 (mip.MTI <- 0b1, mip.STI <- 0b0)
mem[X,0x00000000800010E8] -> 0x04B7
mem[X,0x00000000800010EA] -> 0x8000
[1030] [M]: 0x00000000800010E8 (0x800004B7) lui x9, -0x80000                        spcl_M2mmode_test+4
x9 <- 0xFFFFFFFF80000000

mem[X,0x00000000800010EC] -> 0x8493
mem[X,0x00000000800010EE] -> 0x0004
[1031] [M]: 0x00000000800010EC (0x00048493) addi x9, x9, 0x0                        spcl_M2mmode_test+8
x9 <- 0xFFFFFFFF80000000

clint mtime 0x0000000000000204 (mip.MTI <- 0b1, mip.STI <- 0b0)
mem[X,0x00000000800010F0] -> 0x9493
mem[X,0x00000000800010F2] -> 0x00B4
[1032] [M]: 0x00000000800010F0 (0x00B49493) slli x9, x9, 0xb                        spcl_M2mmode_test+12
x9 <- 0xFFFFFC0000000000

mem[X,0x00000000800010F4] -> 0x8493
mem[X,0x00000000800010F6] -> 0x0004
[1033] [M]: 0x00000000800010F4 (0x00048493) addi x9, x9, 0x0                        spcl_M2mmode_test+16
x9 <- 0xFFFFFC0000000000

clint mtime 0x0000000000000205 (mip.MTI <- 0b1, mip.STI <- 0b0)
mem[X,0x00000000800010F8] -> 0x9493
mem[X,0x00000000800010FA] -> 0x00B4
[1034] [M]: 0x00000000800010F8 (0x00B49493) slli x9, x9, 0xb                        spcl_M2mmode_test+20
x9 <- 0xFFE0000000000000

mem[X,0x00000000800010FC] -> 0x8493
mem[X,0x00000000800010FE] -> 0x0034
[1035] [M]: 0x00000000800010FC (0x00348493) addi x9, x9, 0x3                        spcl_M2mmode_test+24
x9 <- 0xFFE0000000000003

clint mtime 0x0000000000000206 (mip.MTI <- 0b1, mip.STI <- 0b0)
mem[X,0x0000000080001100] -> 0x9493
mem[X,0x0000000080001102] -> 0x00A4
[1036] [M]: 0x0000000080001100 (0x00A49493) slli x9, x9, 0xa                        spcl_M2mmode_test+28
x9 <- 0x8000000000000C00

mem[X,0x0000000080001104] -> 0x8493
mem[X,0x0000000080001106] -> 0x3FC4
[1037] [M]: 0x0000000080001104 (0x3FC48493) addi x9, x9, 0x3fc                      spcl_M2mmode_test+32
x9 <- 0x8000000000000FFC

clint mtime 0x0000000000000207 (mip.MTI <- 0b1, mip.STI <- 0b0)
mem[X,0x0000000080001108] -> 0xF4B3
mem[X,0x000000008000110A] -> 0x00A4
[1038] [M]: 0x0000000080001108 (0x00A4F4B3) and x9, x9, x10                         spcl_M2mmode_test+36
x9 <- 0x0000000000000008

mem[X,0x000000008000110C] -> 0x8493
mem[X,0x000000008000110E] -> 0xFF84
[1039] [M]: 0x000000008000110C (0xFF848493) addi x9, x9, -0x8                       spcl_M2mmode_test+40
x9 <- 0x0000000000000000

clint mtime 0x0000000000000208 (mip.MTI <- 0b1, mip.STI <- 0b0)
mem[X,0x0000000080001110] -> 0x9663
mem[X,0x0000000080001112] -> 0x0004
[1040] [M]: 0x0000000080001110 (0x00049663) bne x9, x0, 0xc                         spcl_M2mmode_test+44

mem[X,0x0000000080001114] -> 0x3383
mem[X,0x0000000080001116] -> 0x2901
[1041] [M]: 0x0000000080001114 (0x29013383) ld x7, 0x290(x2)                        spcl_M2mmode_test+48
mem[R,0x0000000080004290] -> 0x0000000000000000
x7 <- 0x0000000000000000

clint mtime 0x0000000000000209 (mip.MTI <- 0b1, mip.STI <- 0b0)
mem[X,0x0000000080001118] -> 0x8663
mem[X,0x000000008000111A] -> 0x6E03
[1042] [M]: 0x0000000080001118 (0x6E038663) beq x7, x0, 0x6ec                       spcl_M2mmode_test+52

mem[X,0x0000000080001804] -> 0x0493
mem[X,0x0000000080001806] -> 0xFF55
[1043] [M]: 0x0000000080001804 (0xFF550493) addi x9, x10, -0xb                      rtn2mmode+0
x9 <- 0xFFFFFFFFFFFFFFFE

clint mtime 0x000000000000020A (mip.MTI <- 0b1, mip.STI <- 0b0)
mem[X,0x0000000080001808] -> 0x8C63
mem[X,0x000000008000180A] -> 0x0004
[1044] [M]: 0x0000000080001808 (0x00048C63) beq x9, x0, 0x18                        rtn2mmode+4

mem[X,0x000000008000180C] -> 0x3583
mem[X,0x000000008000180E] -> 0x4701
[1045] [M]: 0x000000008000180C (0x47013583) ld x11, 0x470(x2)                       rtn2mmode+8
mem[R,0x0000000080004470] -> 0x00060000800007BC
x11 <- 0x00060000800007BC

clint mtime 0x000000000000020B (mip.MTI <- 0b1, mip.STI <- 0b0)
mem[X,0x0000000080001810] -> 0xD463
mem[X,0x0000000080001812] -> 0x0003
[1046] [M]: 0x0000000080001810 (0x0003D463) bge x7, x0, 0x8                         rtn2mmode+12

mem[X,0x0000000080001818] -> 0x3483
mem[X,0x000000008000181A] -> 0x1D81
[1047] [M]: 0x0000000080001818 (0x1D813483) ld x9, 0x1d8(x2)                        from_u_s+0
mem[R,0x00000000800041D8] -> 0x00000000800007D4
x9 <- 0x00000000800007D4

clint mtime 0x000000000000020C (mip.MTI <- 0b1, mip.STI <- 0b0)
mem[X,0x000000008000181C] -> 0x84B3
mem[X,0x000000008000181E] -> 0x40B4
[1048] [M]: 0x000000008000181C (0x40B484B3) sub x9, x9, x11                         from_u_s+4
x9 <- 0xFFFA000000000018

mem[X,0x0000000080001820] -> 0x23F3
mem[X,0x0000000080001822] -> 0x3410
[1049] [M]: 0x0000000080001820 (0x341023F3) csrrs x7, mepc, x0                      rtn_fm_mmode+0
CSR mepc (0x341) -> 0x0006000080000DDC
x7 <- 0x0006000080000DDC

clint mtime 0x000000000000020D (mip.MTI <- 0b1, mip.STI <- 0b0)
mem[X,0x0000000080001824] -> 0x83B3
mem[X,0x0000000080001826] -> 0x0093
[1050] [M]: 0x0000000080001824 (0x009383B3) add x7, x7, x9                          rtn_fm_mmode+4
x7 <- 0x0000000080000DF4

mem[X,0x0000000080001828] -> 0x3303
mem[X,0x000000008000182A] -> 0x2601
[1051] [M]: 0x0000000080001828 (0x26013303) ld x6, 0x260(x2)                        rtn_fm_mmode+8
mem[R,0x0000000080004260] -> 0x0006000000000008
x6 <- 0x0006000000000008

clint mtime 0x000000000000020E (mip.MTI <- 0b1, mip.STI <- 0b0)
mem[X,0x000000008000182C] -> 0x3403
mem[X,0x000000008000182E] -> 0x2701
[1052] [M]: 0x000000008000182C (0x27013403) ld x8, 0x270(x2)                        rtn_fm_mmode+12
mem[R,0x0000000080004270] -> 0x0000000000007F76
x8 <- 0x0000000000007F76

mem[X,0x0000000080001830] -> 0x3483
mem[X,0x0000000080001832] -> 0x2781
[1053] [M]: 0x0000000080001830 (0x27813483) ld x9, 0x278(x2)                        rtn_fm_mmode+16
mem[R,0x0000000080004278] -> 0x000C000080000D44
x9 <- 0x000C000080000D44

clint mtime 0x000000000000020F (mip.MTI <- 0b1, mip.STI <- 0b0)
mem[X,0x0000000080001834] -> 0x3503
mem[X,0x0000000080001836] -> 0x2801
[1054] [M]: 0x0000000080001834 (0x28013503) ld x10, 0x280(x2)                       rtn_fm_mmode+20
mem[R,0x0000000080004280] -> 0x0000000020000001
x10 <- 0x0000000020000001

mem[X,0x0000000080001838] -> 0x3583
mem[X,0x000000008000183A] -> 0x2881
[1055] [M]: 0x0000000080001838 (0x28813583) ld x11, 0x288(x2)                       rtn_fm_mmode+24
mem[R,0x0000000080004288] -> 0x0000000000000001
x11 <- 0x0000000000000001

clint mtime 0x0000000000000210 (mip.MTI <- 0b1, mip.STI <- 0b0)
mem[X,0x000000008000183C] -> 0x3103
mem[X,0x000000008000183E] -> 0x2901
[1056] [M]: 0x000000008000183C (0x29013103) ld x2, 0x290(x2)                        rtn_fm_mmode+28
mem[R,0x0000000080004290] -> 0x0000000000000000
x2 <- 0x0000000000000000

mem[X,0x0000000080001840] -> 0x8067
mem[X,0x0000000080001842] -> 0x0043
[1057] [M]: 0x0000000080001840 (0x00438067) jalr x0, 0x4(x7)                        rtn_fm_mmode+32

clint mtime 0x0000000000000211 (mip.MTI <- 0b1, mip.STI <- 0b0)
mem[X,0x0000000080000DF8] -> 0x0113
mem[X,0x0000000080000DFA] -> 0x0000
[1058] [M]: 0x0000000080000DF8 (0x00000113) addi x2, x0, 0x0                        rvtest_code_end+0
x2 <- 0x0000000000000000

mem[X,0x0000000080000DFC] -> 0x0073
mem[X,0x0000000080000DFE] -> 0x0000
[1059] [M]: 0x0000000080000DFC (0x00000073) ecall                                   rvtest_code_end+4
trapping from M to M to handle m-call
handling exc#m-call at priv M with tval 0x0000000000000000
CSR mstatus (0x300) <- 0x0000000A00001800
CSR mcause (0x342) <- 0x000000000000000B
CSR mtval (0x343) <- 0x0000000000000000
CSR mepc (0x341) <- 0x0000000080000DFC

clint mtime 0x0000000000000212 (mip.MTI <- 0b1, mip.STI <- 0b0)
mem[X,0x0000000080000F00] -> 0x006F
mem[X,0x0000000080000F02] -> 0x1000
[1060] [M]: 0x0000000080000F00 (0x1000006F) jal x0, 0x100                           Mtrampoline+0

mem[X,0x0000000080001000] -> 0x1173
mem[X,0x0000000080001002] -> 0x3401
[1061] [M]: 0x0000000080001000 (0x34011173) csrrw x2, mscratch, x2                  trap_Mhandler+0
CSR mscratch (0x340) <- 0x0000000000000000
x2 <- 0x0000000080004000

clint mtime 0x0000000000000213 (mip.MTI <- 0b1, mip.STI <- 0b0)
mem[X,0x0000000080001004] -> 0x3423
mem[X,0x0000000080001006] -> 0x28B1
[1062] [M]: 0x0000000080001004 (0x28B13423) sd x11, 0x288(x2)                       trap_Mhandler+4
mem[W,0x0000000080004288] <- 0x0000000000000001

mem[X,0x0000000080001008] -> 0x05EF
mem[X,0x000000008000100A] -> 0x0B80
[1063] [M]: 0x0000000080001008 (0x0B8005EF) jal x11, 0xb8                           trap_Mhandler+8
x11 <- 0x000000008000100C

clint mtime 0x0000000000000214 (mip.MTI <- 0b1, mip.STI <- 0b0)
mem[X,0x00000000800010C0] -> 0x3023
mem[X,0x00000000800010C2] -> 0x28A1
[1064] [M]: 0x00000000800010C0 (0x28A13023) sd x10, 0x280(x2)                       common_Mhandler+0
mem[W,0x0000000080004280] <- 0x0000000020000001

mem[X,0x00000000800010C4] -> 0x1573
mem[X,0x00000000800010C6] -> 0x3401
[1065] [M]: 0x00000000800010C4 (0x34011573) csrrw x10, mscratch, x2                 common_Mhandler+4
CSR mscratch (0x340) <- 0x0000000080004000
x10 <- 0x0000000000000000

clint mtime 0x0000000000000215 (mip.MTI <- 0b1, mip.STI <- 0b0)
mem[X,0x00000000800010C8] -> 0x3823
mem[X,0x00000000800010CA] -> 0x28A1
[1066] [M]: 0x00000000800010C8 (0x28A13823) sd x10, 0x290(x2)                       common_Mhandler+8
mem[W,0x0000000080004290] <- 0x0000000000000000

mem[X,0x00000000800010CC] -> 0x3503
mem[X,0x00000000800010CE] -> 0x2301
[1067] [M]: 0x00000000800010CC (0x23013503) ld x10, 0x230(x2)                       common_Mhandler+12
mem[R,0x0000000080004230] -> 0x00000000800010D4
x10 <- 0x00000000800010D4

clint mtime 0x0000000000000216 (mip.MTI <- 0b1, mip.STI <- 0b0)
mem[X,0x00000000800010D0] -> 0x0067
mem[X,0x00000000800010D2] -> 0x0005
[1068] [M]: 0x00000000800010D0 (0x00050067) jalr x0, 0x0(x10)                       common_Mhandler+16

mem[X,0x00000000800010D4] -> 0x3C23
mem[X,0x00000000800010D6] -> 0x2691
[1069] [M]: 0x00000000800010D4 (0x26913C23) sd x9, 0x278(x2)                        common_Mentry+0
mem[W,0x0000000080004278] <- 0x000C000080000D44

clint mtime 0x0000000000000217 (mip.MTI <- 0b1, mip.STI <- 0b0)
mem[X,0x00000000800010D8] -> 0x3823
mem[X,0x00000000800010DA] -> 0x2681
[1070] [M]: 0x00000000800010D8 (0x26813823) sd x8, 0x270(x2)                        common_Mentry+4
mem[W,0x0000000080004270] <- 0x0000000000007F76

mem[X,0x00000000800010DC] -> 0x3423
mem[X,0x00000000800010DE] -> 0x2671
[1071] [M]: 0x00000000800010DC (0x26713423) sd x7, 0x268(x2)                        common_Mentry+8
mem[W,0x0000000080004268] <- 0x0000000080000DF4

clint mtime 0x0000000000000218 (mip.MTI <- 0b1, mip.STI <- 0b0)
mem[X,0x00000000800010E0] -> 0x3023
mem[X,0x00000000800010E2] -> 0x2661
[1072] [M]: 0x00000000800010E0 (0x26613023) sd x6, 0x260(x2)                        common_Mentry+12
mem[W,0x0000000080004260] <- 0x0006000000000008

mem[X,0x00000000800010E4] -> 0x2573
mem[X,0x00000000800010E6] -> 0x3420
[1073] [M]: 0x00000000800010E4 (0x34202573) csrrs x10, mcause, x0                   spcl_M2mmode_test+0
CSR mcause (0x342) -> 0x000000000000000B
x10 <- 0x000000000000000B

clint mtime 0x0000000000000219 (mip.MTI <- 0b1, mip.STI <- 0b0)
mem[X,0x00000000800010E8] -> 0x04B7
mem[X,0x00000000800010EA] -> 0x8000
[1074] [M]: 0x00000000800010E8 (0x800004B7) lui x9, -0x80000                        spcl_M2mmode_test+4
x9 <- 0xFFFFFFFF80000000

mem[X,0x00000000800010EC] -> 0x8493
mem[X,0x00000000800010EE] -> 0x0004
[1075] [M]: 0x00000000800010EC (0x00048493) addi x9, x9, 0x0                        spcl_M2mmode_test+8
x9 <- 0xFFFFFFFF80000000

clint mtime 0x000000000000021A (mip.MTI <- 0b1, mip.STI <- 0b0)
mem[X,0x00000000800010F0] -> 0x9493
mem[X,0x00000000800010F2] -> 0x00B4
[1076] [M]: 0x00000000800010F0 (0x00B49493) slli x9, x9, 0xb                        spcl_M2mmode_test+12
x9 <- 0xFFFFFC0000000000

mem[X,0x00000000800010F4] -> 0x8493
mem[X,0x00000000800010F6] -> 0x0004
[1077] [M]: 0x00000000800010F4 (0x00048493) addi x9, x9, 0x0                        spcl_M2mmode_test+16
x9 <- 0xFFFFFC0000000000

clint mtime 0x000000000000021B (mip.MTI <- 0b1, mip.STI <- 0b0)
mem[X,0x00000000800010F8] -> 0x9493
mem[X,0x00000000800010FA] -> 0x00B4
[1078] [M]: 0x00000000800010F8 (0x00B49493) slli x9, x9, 0xb                        spcl_M2mmode_test+20
x9 <- 0xFFE0000000000000

mem[X,0x00000000800010FC] -> 0x8493
mem[X,0x00000000800010FE] -> 0x0034
[1079] [M]: 0x00000000800010FC (0x00348493) addi x9, x9, 0x3                        spcl_M2mmode_test+24
x9 <- 0xFFE0000000000003

clint mtime 0x000000000000021C (mip.MTI <- 0b1, mip.STI <- 0b0)
mem[X,0x0000000080001100] -> 0x9493
mem[X,0x0000000080001102] -> 0x00A4
[1080] [M]: 0x0000000080001100 (0x00A49493) slli x9, x9, 0xa                        spcl_M2mmode_test+28
x9 <- 0x8000000000000C00

mem[X,0x0000000080001104] -> 0x8493
mem[X,0x0000000080001106] -> 0x3FC4
[1081] [M]: 0x0000000080001104 (0x3FC48493) addi x9, x9, 0x3fc                      spcl_M2mmode_test+32
x9 <- 0x8000000000000FFC

clint mtime 0x000000000000021D (mip.MTI <- 0b1, mip.STI <- 0b0)
mem[X,0x0000000080001108] -> 0xF4B3
mem[X,0x000000008000110A] -> 0x00A4
[1082] [M]: 0x0000000080001108 (0x00A4F4B3) and x9, x9, x10                         spcl_M2mmode_test+36
x9 <- 0x0000000000000008

mem[X,0x000000008000110C] -> 0x8493
mem[X,0x000000008000110E] -> 0xFF84
[1083] [M]: 0x000000008000110C (0xFF848493) addi x9, x9, -0x8                       spcl_M2mmode_test+40
x9 <- 0x0000000000000000

clint mtime 0x000000000000021E (mip.MTI <- 0b1, mip.STI <- 0b0)
mem[X,0x0000000080001110] -> 0x9663
mem[X,0x0000000080001112] -> 0x0004
[1084] [M]: 0x0000000080001110 (0x00049663) bne x9, x0, 0xc                         spcl_M2mmode_test+44

mem[X,0x0000000080001114] -> 0x3383
mem[X,0x0000000080001116] -> 0x2901
[1085] [M]: 0x0000000080001114 (0x29013383) ld x7, 0x290(x2)                        spcl_M2mmode_test+48
mem[R,0x0000000080004290] -> 0x0000000000000000
x7 <- 0x0000000000000000

clint mtime 0x000000000000021F (mip.MTI <- 0b1, mip.STI <- 0b0)
mem[X,0x0000000080001118] -> 0x8663
mem[X,0x000000008000111A] -> 0x6E03
[1086] [M]: 0x0000000080001118 (0x6E038663) beq x7, x0, 0x6ec                       spcl_M2mmode_test+52

mem[X,0x0000000080001804] -> 0x0493
mem[X,0x0000000080001806] -> 0xFF55
[1087] [M]: 0x0000000080001804 (0xFF550493) addi x9, x10, -0xb                      rtn2mmode+0
x9 <- 0x0000000000000000

clint mtime 0x0000000000000220 (mip.MTI <- 0b1, mip.STI <- 0b0)
mem[X,0x0000000080001808] -> 0x8C63
mem[X,0x000000008000180A] -> 0x0004
[1088] [M]: 0x0000000080001808 (0x00048C63) beq x9, x0, 0x18                        rtn2mmode+4

mem[X,0x0000000080001820] -> 0x23F3
mem[X,0x0000000080001822] -> 0x3410
[1089] [M]: 0x0000000080001820 (0x341023F3) csrrs x7, mepc, x0                      rtn_fm_mmode+0
CSR mepc (0x341) -> 0x0000000080000DFC
x7 <- 0x0000000080000DFC

clint mtime 0x0000000000000221 (mip.MTI <- 0b1, mip.STI <- 0b0)
mem[X,0x0000000080001824] -> 0x83B3
mem[X,0x0000000080001826] -> 0x0093
[1090] [M]: 0x0000000080001824 (0x009383B3) add x7, x7, x9                          rtn_fm_mmode+4
x7 <- 0x0000000080000DFC

mem[X,0x0000000080001828] -> 0x3303
mem[X,0x000000008000182A] -> 0x2601
[1091] [M]: 0x0000000080001828 (0x26013303) ld x6, 0x260(x2)                        rtn_fm_mmode+8
mem[R,0x0000000080004260] -> 0x0006000000000008
x6 <- 0x0006000000000008

clint mtime 0x0000000000000222 (mip.MTI <- 0b1, mip.STI <- 0b0)
mem[X,0x000000008000182C] -> 0x3403
mem[X,0x000000008000182E] -> 0x2701
[1092] [M]: 0x000000008000182C (0x27013403) ld x8, 0x270(x2)                        rtn_fm_mmode+12
mem[R,0x0000000080004270] -> 0x0000000000007F76
x8 <- 0x0000000000007F76

mem[X,0x0000000080001830] -> 0x3483
mem[X,0x0000000080001832] -> 0x2781
[1093] [M]: 0x0000000080001830 (0x27813483) ld x9, 0x278(x2)                        rtn_fm_mmode+16
mem[R,0x0000000080004278] -> 0x000C000080000D44
x9 <- 0x000C000080000D44

clint mtime 0x0000000000000223 (mip.MTI <- 0b1, mip.STI <- 0b0)
mem[X,0x0000000080001834] -> 0x3503
mem[X,0x0000000080001836] -> 0x2801
[1094] [M]: 0x0000000080001834 (0x28013503) ld x10, 0x280(x2)                       rtn_fm_mmode+20
mem[R,0x0000000080004280] -> 0x0000000020000001
x10 <- 0x0000000020000001

mem[X,0x0000000080001838] -> 0x3583
mem[X,0x000000008000183A] -> 0x2881
[1095] [M]: 0x0000000080001838 (0x28813583) ld x11, 0x288(x2)                       rtn_fm_mmode+24
mem[R,0x0000000080004288] -> 0x0000000000000001
x11 <- 0x0000000000000001

clint mtime 0x0000000000000224 (mip.MTI <- 0b1, mip.STI <- 0b0)
mem[X,0x000000008000183C] -> 0x3103
mem[X,0x000000008000183E] -> 0x2901
[1096] [M]: 0x000000008000183C (0x29013103) ld x2, 0x290(x2)                        rtn_fm_mmode+28
mem[R,0x0000000080004290] -> 0x0000000000000000
x2 <- 0x0000000000000000

mem[X,0x0000000080001840] -> 0x8067
mem[X,0x0000000080001842] -> 0x0043
[1097] [M]: 0x0000000080001840 (0x00438067) jalr x0, 0x4(x7)                        rtn_fm_mmode+32

clint mtime 0x0000000000000225 (mip.MTI <- 0b1, mip.STI <- 0b0)
mem[X,0x0000000080000E00] -> 0x2373
mem[X,0x0000000080000E02] -> 0x3400
[1098] [M]: 0x0000000080000E00 (0x34002373) csrrs x6, mscratch, x0                  exit_Scleanup+0
CSR mscratch (0x340) -> 0x0000000080004000
x6 <- 0x0000000080004000

mem[X,0x0000000080000E04] -> 0x0313
mem[X,0x0000000080000E06] -> 0x2983
[1099] [M]: 0x0000000080000E04 (0x29830313) addi x6, x6, 0x298                      exit_Scleanup+4
x6 <- 0x0000000080004298

clint mtime 0x0000000000000226 (mip.MTI <- 0b1, mip.STI <- 0b0)
mem[X,0x0000000080000E08] -> 0x3383
mem[X,0x0000000080000E0A] -> 0x2383
[1100] [M]: 0x0000000080000E08 (0x23833383) ld x7, 0x238(x6)                        resto_Sedeleg+0
mem[R,0x00000000800044D0] -> 0x0000000000000000
x7 <- 0x0000000000000000

mem[X,0x0000000080000E0C] -> 0x3383
mem[X,0x0000000080000E0E] -> 0x2203
[1101] [M]: 0x0000000080000E0C (0x22033383) ld x7, 0x220(x6)                        resto_Ssatp+0
mem[R,0x00000000800044B8] -> 0x0000000000000000
x7 <- 0x0000000000000000

clint mtime 0x0000000000000227 (mip.MTI <- 0b1, mip.STI <- 0b0)
mem[X,0x0000000080000E10] -> 0x9073
mem[X,0x0000000080000E12] -> 0x1803
[1102] [M]: 0x0000000080000E10 (0x18039073) csrrw x0, satp, x7                      resto_Ssatp+4
CSR satp (0x180) <- 0x0000000000000000

mem[X,0x0000000080000E14] -> 0x3503
mem[X,0x0000000080000E16] -> 0x2503
[1103] [M]: 0x0000000080000E14 (0x25033503) ld x10, 0x250(x6)                       resto_Sscratch+0
mem[R,0x00000000800044E8] -> 0x0000000000000000
x10 <- 0x0000000000000000

clint mtime 0x0000000000000228 (mip.MTI <- 0b1, mip.STI <- 0b0)
mem[X,0x0000000080000E18] -> 0x1073
mem[X,0x0000000080000E1A] -> 0x1405
[1104] [M]: 0x0000000080000E18 (0x14051073) csrrw x0, sscratch, x10                 resto_Sscratch+4
CSR sscratch (0x140) <- 0x0000000000000000

mem[X,0x0000000080000E1C] -> 0x3483
mem[X,0x0000000080000E1E] -> 0x2483
[1105] [M]: 0x0000000080000E1C (0x24833483) ld x9, 0x248(x6)                        resto_Sxtvec+0
mem[R,0x00000000800044E0] -> 0x0000000000000000
x9 <- 0x0000000000000000

clint mtime 0x0000000000000229 (mip.MTI <- 0b1, mip.STI <- 0b0)
mem[X,0x0000000080000E20] -> 0x93F3
mem[X,0x0000000080000E22] -> 0x1054
[1106] [M]: 0x0000000080000E20 (0x105493F3) csrrw x7, stvec, x9                     resto_Sxtvec+4
CSR stvec (0x105) <- 0x0000000000000000
x7 <- 0x0000000080001880

mem[X,0x0000000080000E24] -> 0xF493
mem[X,0x0000000080000E26] -> 0xFFC4
[1107] [M]: 0x0000000080000E24 (0xFFC4F493) andi x9, x9, -0x4                       resto_Sxtvec+8
x9 <- 0x0000000000000000

clint mtime 0x000000000000022A (mip.MTI <- 0b1, mip.STI <- 0b0)
mem[X,0x0000000080000E28] -> 0xF393
mem[X,0x0000000080000E2A] -> 0xFFC3
[1108] [M]: 0x0000000080000E28 (0xFFC3F393) andi x7, x7, -0x4                       resto_Sxtvec+12
x7 <- 0x0000000080001880

mem[X,0x0000000080000E2C] -> 0x9063
mem[X,0x0000000080000E2E] -> 0x0274
[1109] [M]: 0x0000000080000E2C (0x02749063) bne x9, x7, 0x20                        resto_Sxtvec+16

clint mtime 0x000000000000022B (mip.MTI <- 0b1, mip.STI <- 0b0)
mem[X,0x0000000080000E4C] -> 0x2373
mem[X,0x0000000080000E4E] -> 0x3400
[1110] [M]: 0x0000000080000E4C (0x34002373) csrrs x6, mscratch, x0                  rvtest_Send+0
CSR mscratch (0x340) -> 0x0000000080004000
x6 <- 0x0000000080004000

mem[X,0x0000000080000E50] -> 0x3383
mem[X,0x0000000080000E52] -> 0x2383
[1111] [M]: 0x0000000080000E50 (0x23833383) ld x7, 0x238(x6)                        resto_Medeleg+0
mem[R,0x0000000080004238] -> 0x0000000000000000
x7 <- 0x0000000000000000

clint mtime 0x000000000000022C (mip.MTI <- 0b1, mip.STI <- 0b0)
mem[X,0x0000000080000E54] -> 0x9073
mem[X,0x0000000080000E56] -> 0x3023
[1112] [M]: 0x0000000080000E54 (0x30239073) csrrw x0, medeleg, x7                   resto_Medeleg+4
CSR medeleg (0x302) <- 0x0000000000000000

mem[X,0x0000000080000E58] -> 0x3503
mem[X,0x0000000080000E5A] -> 0x2503
[1113] [M]: 0x0000000080000E58 (0x25033503) ld x10, 0x250(x6)                       resto_Mscratch+0
mem[R,0x0000000080004250] -> 0x0000000000000000
x10 <- 0x0000000000000000

clint mtime 0x000000000000022D (mip.MTI <- 0b1, mip.STI <- 0b0)
mem[X,0x0000000080000E5C] -> 0x1073
mem[X,0x0000000080000E5E] -> 0x3405
[1114] [M]: 0x0000000080000E5C (0x34051073) csrrw x0, mscratch, x10                 resto_Mscratch+4
CSR mscratch (0x340) <- 0x0000000000000000

mem[X,0x0000000080000E60] -> 0x3483
mem[X,0x0000000080000E62] -> 0x2483
[1115] [M]: 0x0000000080000E60 (0x24833483) ld x9, 0x248(x6)                        resto_Mxtvec+0
mem[R,0x0000000080004248] -> 0x0000000000000000
x9 <- 0x0000000000000000

clint mtime 0x000000000000022E (mip.MTI <- 0b1, mip.STI <- 0b0)
mem[X,0x0000000080000E64] -> 0x93F3
mem[X,0x0000000080000E66] -> 0x3054
[1116] [M]: 0x0000000080000E64 (0x305493F3) csrrw x7, mtvec, x9                     resto_Mxtvec+4
CSR mtvec (0x305) <- 0x0000000000000000
x7 <- 0x0000000080000F00

mem[X,0x0000000080000E68] -> 0xF493
mem[X,0x0000000080000E6A] -> 0xFFC4
[1117] [M]: 0x0000000080000E68 (0xFFC4F493) andi x9, x9, -0x4                       resto_Mxtvec+8
x9 <- 0x0000000000000000

clint mtime 0x000000000000022F (mip.MTI <- 0b1, mip.STI <- 0b0)
mem[X,0x0000000080000E6C] -> 0xF393
mem[X,0x0000000080000E6E] -> 0xFFC3
[1118] [M]: 0x0000000080000E6C (0xFFC3F393) andi x7, x7, -0x4                       resto_Mxtvec+12
x7 <- 0x0000000080000F00

mem[X,0x0000000080000E70] -> 0x9063
mem[X,0x0000000080000E72] -> 0x0274
[1119] [M]: 0x0000000080000E70 (0x02749063) bne x9, x7, 0x20                        resto_Mxtvec+16

clint mtime 0x0000000000000230 (mip.MTI <- 0b1, mip.STI <- 0b0)
mem[X,0x0000000080000E90] -> 0x106F
mem[X,0x0000000080000E92] -> 0x29C0
[1120] [M]: 0x0000000080000E90 (0x29C0106F) jal x0, 0x129c                          rvtest_Mend+0

mem[X,0x000000008000212C] -> 0x0093
mem[X,0x000000008000212E] -> 0x0010
[1121] [M]: 0x000000008000212C (0x00100093) addi x1, x0, 0x1                        exit_cleanup+0
x1 <- 0x0000000000000001

clint mtime 0x0000000000000231 (mip.MTI <- 0b1, mip.STI <- 0b0)
mem[X,0x0000000080002130] -> 0x1397
mem[X,0x0000000080002132] -> 0x0000
[1122] [M]: 0x0000000080002130 (0x00001397) auipc x7, 0x1                           exit_cleanup+4
x7 <- 0x0000000080003130

mem[X,0x0000000080002134] -> 0xA823
mem[X,0x0000000080002136] -> 0xEC13
[1123] [M]: 0x0000000080002134 (0xEC13A823) sw x1, -0x130(x7)                       exit_cleanup+8
htif[0x0000000080003000] <- 0x00000001
mem[W,0x0000000080003000] <- 0x00000001

clint mtime 0x0000000000000232 (mip.MTI <- 0b1, mip.STI <- 0b0)
mem[X,0x0000000080002138] -> 0xF06F
mem[X,0x000000008000213A] -> 0xFF9F
[1124] [M]: 0x0000000080002138 (0xFF9FF06F) jal x0, -0x8                            exit_cleanup+12

mem[X,0x0000000080002130] -> 0x1397
mem[X,0x0000000080002132] -> 0x0000
[1125] [M]: 0x0000000080002130 (0x00001397) auipc x7, 0x1                           exit_cleanup+4
x7 <- 0x0000000080003130

clint mtime 0x0000000000000233 (mip.MTI <- 0b1, mip.STI <- 0b0)
mem[X,0x0000000080002134] -> 0xA823
mem[X,0x0000000080002136] -> 0xEC13
[1126] [M]: 0x0000000080002134 (0xEC13A823) sw x1, -0x130(x7)                       exit_cleanup+8
htif[0x0000000080003000] <- 0x00000001
mem[W,0x0000000080003000] <- 0x00000001

mem[X,0x0000000080002138] -> 0xF06F
mem[X,0x000000008000213A] -> 0xFF9F
[1127] [M]: 0x0000000080002138 (0xFF9FF06F) jal x0, -0x8                            exit_cleanup+12

clint mtime 0x0000000000000234 (mip.MTI <- 0b1, mip.STI <- 0b0)
mem[X,0x0000000080002130] -> 0x1397
mem[X,0x0000000080002132] -> 0x0000
[1128] [M]: 0x0000000080002130 (0x00001397) auipc x7, 0x1                           exit_cleanup+4
x7 <- 0x0000000080003130

mem[X,0x0000000080002134] -> 0xA823
mem[X,0x0000000080002136] -> 0xEC13
[1129] [M]: 0x0000000080002134 (0xEC13A823) sw x1, -0x130(x7)                       exit_cleanup+8
htif[0x0000000080003000] <- 0x00000001
htif-syscall-proxy cmd: 0x000000000001
mem[W,0x0000000080003000] <- 0x00000001

SUCCESS
clint mtime 0x0000000000000235 (mip.MTI <- 0b1, mip.STI <- 0b0)
