using /opt/riscv-arch-test/riscof-plugins/rv64/riscof_work/pmp/src/pmpzca_misaligned_napot.S/ref/Reference-sail_c_simulator.signature for test-signature output.
setting signature-granularity to 8 bytes
HTIF located at 0x80004000
begin_signature: 0x80006110
end_signature: 0x80006a30
Entry point: 0x80000000
CSR mstatus (0x300) <- 0x0000000A00000000
CSR misa (0x301) <- 0x800000000034112F
CSR mcause (0x342) <- 0x0000000000000000
x10 <- 0x0000000000000000
x11 <- 0x0000000000001000
mem[X,0x0000000080000000] -> 0x5317
mem[X,0x0000000080000002] -> 0x0000
[0] [M]: 0x0000000080000000 (0x00005317) auipc x6, 0x5                              rvtest_init+0
x6 <- 0x0000000080005000

mem[X,0x0000000080000004] -> 0x0313
mem[X,0x0000000080000006] -> 0x0003
[1] [M]: 0x0000000080000004 (0x00030313) addi x6, x6, 0x0                           rvtest_init+4
x6 <- 0x0000000080005000

clint mtime 0x0000000000000001 (mip.MTI <- 0b1, mip.STI <- 0b0)
mem[X,0x0000000080000008] -> 0x0013
mem[X,0x000000008000000A] -> 0x0000
[2] [M]: 0x0000000080000008 (0x00000013) addi x0, x0, 0x0                           rvtest_init+8

mem[X,0x000000008000000C] -> 0x0013
mem[X,0x000000008000000E] -> 0x0000
[3] [M]: 0x000000008000000C (0x00000013) addi x0, x0, 0x0                           rvtest_init+12

clint mtime 0x0000000000000002 (mip.MTI <- 0b1, mip.STI <- 0b0)
mem[X,0x0000000080000010] -> 0x0013
mem[X,0x0000000080000012] -> 0x0000
[4] [M]: 0x0000000080000010 (0x00000013) addi x0, x0, 0x0                           rvtest_init+16

mem[X,0x0000000080000014] -> 0x0013
mem[X,0x0000000080000016] -> 0x0000
[5] [M]: 0x0000000080000014 (0x00000013) addi x0, x0, 0x0                           rvtest_init+20

clint mtime 0x0000000000000003 (mip.MTI <- 0b1, mip.STI <- 0b0)
mem[X,0x0000000080000018] -> 0x0013
mem[X,0x000000008000001A] -> 0x0000
[6] [M]: 0x0000000080000018 (0x00000013) addi x0, x0, 0x0                           rvtest_init+24

mem[X,0x000000008000001C] -> 0x0013
mem[X,0x000000008000001E] -> 0x0000
[7] [M]: 0x000000008000001C (0x00000013) addi x0, x0, 0x0                           rvtest_init+28

clint mtime 0x0000000000000004 (mip.MTI <- 0b1, mip.STI <- 0b0)
mem[X,0x0000000080000020] -> 0x1473
mem[X,0x0000000080000022] -> 0x3403
[8] [M]: 0x0000000080000020 (0x34031473) csrrw x8, mscratch, x6                     init_Mscratch+0
CSR mscratch (0x340) <- 0x0000000080005000
x8 <- 0x0000000000000000

mem[X,0x0000000080000024] -> 0x3823
mem[X,0x0000000080000026] -> 0x2483
[9] [M]: 0x0000000080000024 (0x24833823) sd x8, 0x250(x6)                           init_Mscratch+4
mem[W,0x0000000080005250] <- 0x0000000000000000

clint mtime 0x0000000000000005 (mip.MTI <- 0b1, mip.STI <- 0b0)
mem[X,0x0000000080000028] -> 0x0393
mem[X,0x000000008000002A] -> 0x0000
[10] [M]: 0x0000000080000028 (0x00000393) addi x7, x0, 0x0                          init_Medeleg+0
x7 <- 0x0000000000000000

mem[X,0x000000008000002C] -> 0x3C23
mem[X,0x000000008000002E] -> 0x2273
[11] [M]: 0x000000008000002C (0x22733C23) sd x7, 0x238(x6)                          init_Medeleg+4
mem[W,0x0000000080005238] <- 0x0000000000000000

clint mtime 0x0000000000000006 (mip.MTI <- 0b1, mip.STI <- 0b0)
mem[X,0x0000000080000030] -> 0x2473
mem[X,0x0000000080000032] -> 0x3050
[12] [M]: 0x0000000080000030 (0x30502473) csrrs x8, mtvec, x0                       init_Mtvec+0
CSR mtvec (0x305) -> 0x0000000000000000
x8 <- 0x0000000000000000

mem[X,0x0000000080000034] -> 0x3423
mem[X,0x0000000080000036] -> 0x2483
[13] [M]: 0x0000000080000034 (0x24833423) sd x8, 0x248(x6)                          init_Mtvec+4
mem[W,0x0000000080005248] <- 0x0000000000000000

clint mtime 0x0000000000000007 (mip.MTI <- 0b1, mip.STI <- 0b0)
mem[X,0x0000000080000038] -> 0x7393
mem[X,0x000000008000003A] -> 0x0034
[14] [M]: 0x0000000080000038 (0x00347393) andi x7, x8, 0x3                          init_Mtvec+8
x7 <- 0x0000000000000000

mem[X,0x000000008000003C] -> 0x3483
mem[X,0x000000008000003E] -> 0x2303
[15] [M]: 0x000000008000003C (0x23033483) ld x9, 0x230(x6)                          init_Mtvec+12
mem[R,0x0000000080005230] -> 0x0000000080002294
x9 <- 0x0000000080002294

clint mtime 0x0000000000000008 (mip.MTI <- 0b1, mip.STI <- 0b0)
mem[X,0x0000000080000040] -> 0x8493
mem[X,0x0000000080000042] -> 0xE2C4
[16] [M]: 0x0000000080000040 (0xE2C48493) addi x9, x9, -0x1d4                       init_Mtvec+16
x9 <- 0x00000000800020C0

mem[X,0x0000000080000044] -> 0xE3B3
mem[X,0x0000000080000046] -> 0x0074
[17] [M]: 0x0000000080000044 (0x0074E3B3) or x7, x9, x7                             init_Mtvec+20
x7 <- 0x00000000800020C0

clint mtime 0x0000000000000009 (mip.MTI <- 0b1, mip.STI <- 0b0)
mem[X,0x0000000080000048] -> 0x3023
mem[X,0x000000008000004A] -> 0x2473
[18] [M]: 0x0000000080000048 (0x24733023) sd x7, 0x240(x6)                          init_Mtvec+24
mem[W,0x0000000080005240] <- 0x00000000800020C0

mem[X,0x000000008000004C] -> 0x9073
mem[X,0x000000008000004E] -> 0x3053
[19] [M]: 0x000000008000004C (0x30539073) csrrw x0, mtvec, x7                       init_Mtvec+28
CSR mtvec (0x305) <- 0x00000000800020C0

clint mtime 0x000000000000000A (mip.MTI <- 0b1, mip.STI <- 0b0)
mem[X,0x0000000080000050] -> 0x2573
mem[X,0x0000000080000052] -> 0x3050
[20] [M]: 0x0000000080000050 (0x30502573) csrrs x10, mtvec, x0                      init_Mtvec+32
CSR mtvec (0x305) -> 0x00000000800020C0
x10 <- 0x00000000800020C0

mem[X,0x0000000080000054] -> 0x0863
mem[X,0x0000000080000056] -> 0x0875
[21] [M]: 0x0000000080000054 (0x08750863) beq x10, x7, 0x90                         init_Mtvec+36

clint mtime 0x000000000000000B (mip.MTI <- 0b1, mip.STI <- 0b0)
mem[X,0x00000000800000E4] -> 0x0093
mem[X,0x00000000800000E6] -> 0x0000
[22] [M]: 0x00000000800000E4 (0x00000093) addi x1, x0, 0x0                          rvtest_entrypoint+0
x1 <- 0x0000000000000000

mem[X,0x00000000800000E8] -> 0x9073
mem[X,0x00000000800000EA] -> 0x3000
[23] [M]: 0x00000000800000E8 (0x30009073) csrrw x0, mstatus, x1                     rvtest_entrypoint+4
CSR mstatus (0x300) <- 0x0000000A00000000

clint mtime 0x000000000000000C (mip.MTI <- 0b1, mip.STI <- 0b0)
mem[X,0x00000000800000EC] -> 0x9073
mem[X,0x00000000800000EE] -> 0x3410
[24] [M]: 0x00000000800000EC (0x34109073) csrrw x0, mepc, x1                        rvtest_entrypoint+8
CSR mepc (0x341) <- 0x0000000000000000

mem[X,0x00000000800000F0] -> 0x9073
mem[X,0x00000000800000F2] -> 0x3440
[25] [M]: 0x00000000800000F0 (0x34409073) csrrw x0, mip, x1                         rvtest_entrypoint+12
CSR mip (0x344) <- 0x0000000000000080

clint mtime 0x000000000000000D (mip.MTI <- 0b1, mip.STI <- 0b0)
mem[X,0x00000000800000F4] -> 0x9073
mem[X,0x00000000800000F6] -> 0x3430
[26] [M]: 0x00000000800000F4 (0x34309073) csrrw x0, mtval, x1                       rvtest_entrypoint+16
CSR mtval (0x343) <- 0x0000000000000000

mem[X,0x00000000800000F8] -> 0x9073
mem[X,0x00000000800000FA] -> 0x3420
[27] [M]: 0x00000000800000F8 (0x34209073) csrrw x0, mcause, x1                      rvtest_entrypoint+20
CSR mcause (0x342) <- 0x0000000000000000

clint mtime 0x000000000000000E (mip.MTI <- 0b1, mip.STI <- 0b0)
mem[X,0x00000000800000FC] -> 0x0837
mem[X,0x00000000800000FE] -> 0x7D5C
[28] [M]: 0x00000000800000FC (0x7D5C0837) lui x16, 0x7d5c0                          rvtest_entrypoint+24
x16 <- 0x000000007D5C0000

mem[X,0x0000000080000100] -> 0x0813
mem[X,0x0000000080000102] -> 0xDDB8
[29] [M]: 0x0000000080000100 (0xDDB80813) addi x16, x16, -0x225                     rvtest_entrypoint+28
x16 <- 0x000000007D5BFDDB

clint mtime 0x000000000000000F (mip.MTI <- 0b1, mip.STI <- 0b0)
mem[X,0x0000000080000104] -> 0x1813
mem[X,0x0000000080000106] -> 0x00B8
[30] [M]: 0x0000000080000104 (0x00B81813) slli x16, x16, 0xb                        rvtest_entrypoint+32
x16 <- 0x000003EADFEED800

mem[X,0x0000000080000108] -> 0x0813
mem[X,0x000000008000010A] -> 0x3EA8
[31] [M]: 0x0000000080000108 (0x3EA80813) addi x16, x16, 0x3ea                      rvtest_entrypoint+36
x16 <- 0x000003EADFEEDBEA

clint mtime 0x0000000000000010 (mip.MTI <- 0b1, mip.STI <- 0b0)
mem[X,0x000000008000010C] -> 0x1813
mem[X,0x000000008000010E] -> 0x00B8
[32] [M]: 0x000000008000010C (0x00B81813) slli x16, x16, 0xb                        rvtest_entrypoint+40
x16 <- 0x001F56FF76DF5000

mem[X,0x0000000080000110] -> 0x0813
mem[X,0x0000000080000112] -> 0x6FF8
[33] [M]: 0x0000000080000110 (0x6FF80813) addi x16, x16, 0x6ff                      rvtest_entrypoint+44
x16 <- 0x001F56FF76DF56FF

clint mtime 0x0000000000000011 (mip.MTI <- 0b1, mip.STI <- 0b0)
mem[X,0x0000000080000114] -> 0x1813
mem[X,0x0000000080000116] -> 0x00A8
[34] [M]: 0x0000000080000114 (0x00A81813) slli x16, x16, 0xa                        rvtest_entrypoint+48
x16 <- 0x7D5BFDDB7D5BFC00

mem[X,0x0000000080000118] -> 0x0813
mem[X,0x000000008000011A] -> 0x1DB8
[35] [M]: 0x0000000080000118 (0x1DB80813) addi x16, x16, 0x1db                      rvtest_entrypoint+52
x16 <- 0x7D5BFDDB7D5BFDDB

clint mtime 0x0000000000000012 (mip.MTI <- 0b1, mip.STI <- 0b0)
mem[X,0x000000008000011C] -> 0x5893
mem[X,0x000000008000011E] -> 0x0078
[36] [M]: 0x000000008000011C (0x00785893) srli x17, x16, 0x7                        rvtest_entrypoint+56
x17 <- 0x00FAB7FBB6FAB7FB

mem[X,0x0000000080000120] -> 0x5793
mem[X,0x0000000080000122] -> 0x0398
[37] [M]: 0x0000000080000120 (0x03985793) srli x15, x16, 0x39                       rvtest_entrypoint+60
x15 <- 0x000000000000003E

clint mtime 0x0000000000000013 (mip.MTI <- 0b1, mip.STI <- 0b0)
mem[X,0x0000000080000124] -> 0xE8B3
mem[X,0x0000000080000126] -> 0x00F8
[38] [M]: 0x0000000080000124 (0x00F8E8B3) or x17, x17, x15                          rvtest_entrypoint+64
x17 <- 0x00FAB7FBB6FAB7FF

mem[X,0x0000000080000128] -> 0xD913
mem[X,0x000000008000012A] -> 0x0078
[39] [M]: 0x0000000080000128 (0x0078D913) srli x18, x17, 0x7                        rvtest_entrypoint+68
x18 <- 0x0001F56FF76DF56F

clint mtime 0x0000000000000014 (mip.MTI <- 0b1, mip.STI <- 0b0)
mem[X,0x000000008000012C] -> 0xD793
mem[X,0x000000008000012E] -> 0x0398
[40] [M]: 0x000000008000012C (0x0398D793) srli x15, x17, 0x39                       rvtest_entrypoint+72
x15 <- 0x0000000000000000

mem[X,0x0000000080000130] -> 0x6933
mem[X,0x0000000080000132] -> 0x00F9
[41] [M]: 0x0000000080000130 (0x00F96933) or x18, x18, x15                          rvtest_entrypoint+76
x18 <- 0x0001F56FF76DF56F

clint mtime 0x0000000000000015 (mip.MTI <- 0b1, mip.STI <- 0b0)
mem[X,0x0000000080000134] -> 0x5993
mem[X,0x0000000080000136] -> 0x0079
[42] [M]: 0x0000000080000134 (0x00795993) srli x19, x18, 0x7                        rvtest_entrypoint+80
x19 <- 0x000003EADFEEDBEA

mem[X,0x0000000080000138] -> 0x5793
mem[X,0x000000008000013A] -> 0x0399
[43] [M]: 0x0000000080000138 (0x03995793) srli x15, x18, 0x39                       rvtest_entrypoint+84
x15 <- 0x0000000000000000

clint mtime 0x0000000000000016 (mip.MTI <- 0b1, mip.STI <- 0b0)
mem[X,0x000000008000013C] -> 0xE9B3
mem[X,0x000000008000013E] -> 0x00F9
[44] [M]: 0x000000008000013C (0x00F9E9B3) or x19, x19, x15                          rvtest_entrypoint+88
x19 <- 0x000003EADFEEDBEA

mem[X,0x0000000080000140] -> 0xDA13
mem[X,0x0000000080000142] -> 0x0079
[45] [M]: 0x0000000080000140 (0x0079DA13) srli x20, x19, 0x7                        rvtest_entrypoint+92
x20 <- 0x00000007D5BFDDB7

clint mtime 0x0000000000000017 (mip.MTI <- 0b1, mip.STI <- 0b0)
mem[X,0x0000000080000144] -> 0xD793
mem[X,0x0000000080000146] -> 0x0399
[46] [M]: 0x0000000080000144 (0x0399D793) srli x15, x19, 0x39                       rvtest_entrypoint+96
x15 <- 0x0000000000000000

mem[X,0x0000000080000148] -> 0x6A33
mem[X,0x000000008000014A] -> 0x00FA
[47] [M]: 0x0000000080000148 (0x00FA6A33) or x20, x20, x15                          rvtest_entrypoint+100
x20 <- 0x00000007D5BFDDB7

clint mtime 0x0000000000000018 (mip.MTI <- 0b1, mip.STI <- 0b0)
mem[X,0x000000008000014C] -> 0x5A93
mem[X,0x000000008000014E] -> 0x007A
[48] [M]: 0x000000008000014C (0x007A5A93) srli x21, x20, 0x7                        rvtest_entrypoint+104
x21 <- 0x000000000FAB7FBB

mem[X,0x0000000080000150] -> 0x5793
mem[X,0x0000000080000152] -> 0x039A
[49] [M]: 0x0000000080000150 (0x039A5793) srli x15, x20, 0x39                       rvtest_entrypoint+108
x15 <- 0x0000000000000000

clint mtime 0x0000000000000019 (mip.MTI <- 0b1, mip.STI <- 0b0)
mem[X,0x0000000080000154] -> 0xEAB3
mem[X,0x0000000080000156] -> 0x00FA
[50] [M]: 0x0000000080000154 (0x00FAEAB3) or x21, x21, x15                          rvtest_entrypoint+112
x21 <- 0x000000000FAB7FBB

mem[X,0x0000000080000158] -> 0xDB13
mem[X,0x000000008000015A] -> 0x007A
[51] [M]: 0x0000000080000158 (0x007ADB13) srli x22, x21, 0x7                        rvtest_entrypoint+116
x22 <- 0x00000000001F56FF

clint mtime 0x000000000000001A (mip.MTI <- 0b1, mip.STI <- 0b0)
mem[X,0x000000008000015C] -> 0xD793
mem[X,0x000000008000015E] -> 0x039A
[52] [M]: 0x000000008000015C (0x039AD793) srli x15, x21, 0x39                       rvtest_entrypoint+120
x15 <- 0x0000000000000000

mem[X,0x0000000080000160] -> 0x6B33
mem[X,0x0000000080000162] -> 0x00FB
[53] [M]: 0x0000000080000160 (0x00FB6B33) or x22, x22, x15                          rvtest_entrypoint+124
x22 <- 0x00000000001F56FF

clint mtime 0x000000000000001B (mip.MTI <- 0b1, mip.STI <- 0b0)
mem[X,0x0000000080000164] -> 0x5B93
mem[X,0x0000000080000166] -> 0x007B
[54] [M]: 0x0000000080000164 (0x007B5B93) srli x23, x22, 0x7                        rvtest_entrypoint+128
x23 <- 0x0000000000003EAD

mem[X,0x0000000080000168] -> 0x5793
mem[X,0x000000008000016A] -> 0x039B
[55] [M]: 0x0000000080000168 (0x039B5793) srli x15, x22, 0x39                       rvtest_entrypoint+132
x15 <- 0x0000000000000000

clint mtime 0x000000000000001C (mip.MTI <- 0b1, mip.STI <- 0b0)
mem[X,0x000000008000016C] -> 0xEBB3
mem[X,0x000000008000016E] -> 0x00FB
[56] [M]: 0x000000008000016C (0x00FBEBB3) or x23, x23, x15                          rvtest_entrypoint+136
x23 <- 0x0000000000003EAD

mem[X,0x0000000080000170] -> 0xDC13
mem[X,0x0000000080000172] -> 0x007B
[57] [M]: 0x0000000080000170 (0x007BDC13) srli x24, x23, 0x7                        rvtest_entrypoint+140
x24 <- 0x000000000000007D

clint mtime 0x000000000000001D (mip.MTI <- 0b1, mip.STI <- 0b0)
mem[X,0x0000000080000174] -> 0xD793
mem[X,0x0000000080000176] -> 0x039B
[58] [M]: 0x0000000080000174 (0x039BD793) srli x15, x23, 0x39                       rvtest_entrypoint+144
x15 <- 0x0000000000000000

mem[X,0x0000000080000178] -> 0x6C33
mem[X,0x000000008000017A] -> 0x00FC
[59] [M]: 0x0000000080000178 (0x00FC6C33) or x24, x24, x15                          rvtest_entrypoint+148
x24 <- 0x000000000000007D

clint mtime 0x000000000000001E (mip.MTI <- 0b1, mip.STI <- 0b0)
mem[X,0x000000008000017C] -> 0x5C93
mem[X,0x000000008000017E] -> 0x007C
[60] [M]: 0x000000008000017C (0x007C5C93) srli x25, x24, 0x7                        rvtest_entrypoint+152
x25 <- 0x0000000000000000

mem[X,0x0000000080000180] -> 0x5793
mem[X,0x0000000080000182] -> 0x039C
[61] [M]: 0x0000000080000180 (0x039C5793) srli x15, x24, 0x39                       rvtest_entrypoint+156
x15 <- 0x0000000000000000

clint mtime 0x000000000000001F (mip.MTI <- 0b1, mip.STI <- 0b0)
mem[X,0x0000000080000184] -> 0xECB3
mem[X,0x0000000080000186] -> 0x00FC
[62] [M]: 0x0000000080000184 (0x00FCECB3) or x25, x25, x15                          rvtest_entrypoint+160
x25 <- 0x0000000000000000

mem[X,0x0000000080000188] -> 0xDD13
mem[X,0x000000008000018A] -> 0x007C
[63] [M]: 0x0000000080000188 (0x007CDD13) srli x26, x25, 0x7                        rvtest_entrypoint+164
x26 <- 0x0000000000000000

clint mtime 0x0000000000000020 (mip.MTI <- 0b1, mip.STI <- 0b0)
mem[X,0x000000008000018C] -> 0xD793
mem[X,0x000000008000018E] -> 0x039C
[64] [M]: 0x000000008000018C (0x039CD793) srli x15, x25, 0x39                       rvtest_entrypoint+168
x15 <- 0x0000000000000000

mem[X,0x0000000080000190] -> 0x6D33
mem[X,0x0000000080000192] -> 0x00FD
[65] [M]: 0x0000000080000190 (0x00FD6D33) or x26, x26, x15                          rvtest_entrypoint+172
x26 <- 0x0000000000000000

clint mtime 0x0000000000000021 (mip.MTI <- 0b1, mip.STI <- 0b0)
mem[X,0x0000000080000194] -> 0x5D93
mem[X,0x0000000080000196] -> 0x007D
[66] [M]: 0x0000000080000194 (0x007D5D93) srli x27, x26, 0x7                        rvtest_entrypoint+176
x27 <- 0x0000000000000000

mem[X,0x0000000080000198] -> 0x5793
mem[X,0x000000008000019A] -> 0x039D
[67] [M]: 0x0000000080000198 (0x039D5793) srli x15, x26, 0x39                       rvtest_entrypoint+180
x15 <- 0x0000000000000000

clint mtime 0x0000000000000022 (mip.MTI <- 0b1, mip.STI <- 0b0)
mem[X,0x000000008000019C] -> 0xEDB3
mem[X,0x000000008000019E] -> 0x00FD
[68] [M]: 0x000000008000019C (0x00FDEDB3) or x27, x27, x15                          rvtest_entrypoint+184
x27 <- 0x0000000000000000

mem[X,0x00000000800001A0] -> 0xDE13
mem[X,0x00000000800001A2] -> 0x007D
[69] [M]: 0x00000000800001A0 (0x007DDE13) srli x28, x27, 0x7                        rvtest_entrypoint+188
x28 <- 0x0000000000000000

clint mtime 0x0000000000000023 (mip.MTI <- 0b1, mip.STI <- 0b0)
mem[X,0x00000000800001A4] -> 0xD793
mem[X,0x00000000800001A6] -> 0x039D
[70] [M]: 0x00000000800001A4 (0x039DD793) srli x15, x27, 0x39                       rvtest_entrypoint+192
x15 <- 0x0000000000000000

mem[X,0x00000000800001A8] -> 0x6E33
mem[X,0x00000000800001AA] -> 0x00FE
[71] [M]: 0x00000000800001A8 (0x00FE6E33) or x28, x28, x15                          rvtest_entrypoint+196
x28 <- 0x0000000000000000

clint mtime 0x0000000000000024 (mip.MTI <- 0b1, mip.STI <- 0b0)
mem[X,0x00000000800001AC] -> 0x5E93
mem[X,0x00000000800001AE] -> 0x007E
[72] [M]: 0x00000000800001AC (0x007E5E93) srli x29, x28, 0x7                        rvtest_entrypoint+200
x29 <- 0x0000000000000000

mem[X,0x00000000800001B0] -> 0x5793
mem[X,0x00000000800001B2] -> 0x039E
[73] [M]: 0x00000000800001B0 (0x039E5793) srli x15, x28, 0x39                       rvtest_entrypoint+204
x15 <- 0x0000000000000000

clint mtime 0x0000000000000025 (mip.MTI <- 0b1, mip.STI <- 0b0)
mem[X,0x00000000800001B4] -> 0xEEB3
mem[X,0x00000000800001B6] -> 0x00FE
[74] [M]: 0x00000000800001B4 (0x00FEEEB3) or x29, x29, x15                          rvtest_entrypoint+208
x29 <- 0x0000000000000000

mem[X,0x00000000800001B8] -> 0xDF13
mem[X,0x00000000800001BA] -> 0x007E
[75] [M]: 0x00000000800001B8 (0x007EDF13) srli x30, x29, 0x7                        rvtest_entrypoint+212
x30 <- 0x0000000000000000

clint mtime 0x0000000000000026 (mip.MTI <- 0b1, mip.STI <- 0b0)
mem[X,0x00000000800001BC] -> 0xD793
mem[X,0x00000000800001BE] -> 0x039E
[76] [M]: 0x00000000800001BC (0x039ED793) srli x15, x29, 0x39                       rvtest_entrypoint+216
x15 <- 0x0000000000000000

mem[X,0x00000000800001C0] -> 0x6F33
mem[X,0x00000000800001C2] -> 0x00FF
[77] [M]: 0x00000000800001C0 (0x00FF6F33) or x30, x30, x15                          rvtest_entrypoint+220
x30 <- 0x0000000000000000

clint mtime 0x0000000000000027 (mip.MTI <- 0b1, mip.STI <- 0b0)
mem[X,0x00000000800001C4] -> 0xC0B7
mem[X,0x00000000800001C6] -> 0xFEED
[78] [M]: 0x00000000800001C4 (0xFEEDC0B7) lui x1, -0x1124                           rvtest_entrypoint+224
x1 <- 0xFFFFFFFFFEEDC000

mem[X,0x00000000800001C8] -> 0x8093
mem[X,0x00000000800001CA] -> 0xEAD0
[79] [M]: 0x00000000800001C8 (0xEAD08093) addi x1, x1, -0x153                       rvtest_entrypoint+228
x1 <- 0xFFFFFFFFFEEDBEAD

clint mtime 0x0000000000000028 (mip.MTI <- 0b1, mip.STI <- 0b0)
mem[X,0x00000000800001CC] -> 0x9093
mem[X,0x00000000800001CE] -> 0x00B0
[80] [M]: 0x00000000800001CC (0x00B09093) slli x1, x1, 0xb                          rvtest_entrypoint+232
x1 <- 0xFFFFFFF76DF56800

mem[X,0x00000000800001D0] -> 0x8093
mem[X,0x00000000800001D2] -> 0x7F70
[81] [M]: 0x00000000800001D0 (0x7F708093) addi x1, x1, 0x7f7                        rvtest_entrypoint+236
x1 <- 0xFFFFFFF76DF56FF7

clint mtime 0x0000000000000029 (mip.MTI <- 0b1, mip.STI <- 0b0)
mem[X,0x00000000800001D4] -> 0x9093
mem[X,0x00000000800001D6] -> 0x00B0
[82] [M]: 0x00000000800001D4 (0x00B09093) slli x1, x1, 0xb                          rvtest_entrypoint+240
x1 <- 0xFFFFBB6FAB7FB800

mem[X,0x00000000800001D8] -> 0x8093
mem[X,0x00000000800001DA] -> 0x36F0
[83] [M]: 0x00000000800001D8 (0x36F08093) addi x1, x1, 0x36f                        rvtest_entrypoint+244
x1 <- 0xFFFFBB6FAB7FBB6F

clint mtime 0x000000000000002A (mip.MTI <- 0b1, mip.STI <- 0b0)
mem[X,0x00000000800001DC] -> 0x9093
mem[X,0x00000000800001DE] -> 0x00A0
[84] [M]: 0x00000000800001DC (0x00A09093) slli x1, x1, 0xa                          rvtest_entrypoint+248
x1 <- 0xFEEDBEADFEEDBC00

mem[X,0x00000000800001E0] -> 0x8093
mem[X,0x00000000800001E2] -> 0x2AD0
[85] [M]: 0x00000000800001E0 (0x2AD08093) addi x1, x1, 0x2ad                        rvtest_entrypoint+252
x1 <- 0xFEEDBEADFEEDBEAD

clint mtime 0x000000000000002B (mip.MTI <- 0b1, mip.STI <- 0b0)
mem[X,0x00000000800001E4] -> 0xD113
mem[X,0x00000000800001E6] -> 0x0070
[86] [M]: 0x00000000800001E4 (0x0070D113) srli x2, x1, 0x7                          rvtest_entrypoint+256
x2 <- 0x01FDDB7D5BFDDB7D

mem[X,0x00000000800001E8] -> 0xD793
mem[X,0x00000000800001EA] -> 0x0390
[87] [M]: 0x00000000800001E8 (0x0390D793) srli x15, x1, 0x39                        rvtest_entrypoint+260
x15 <- 0x000000000000007F

clint mtime 0x000000000000002C (mip.MTI <- 0b1, mip.STI <- 0b0)
mem[X,0x00000000800001EC] -> 0x6133
mem[X,0x00000000800001EE] -> 0x00F1
[88] [M]: 0x00000000800001EC (0x00F16133) or x2, x2, x15                            rvtest_entrypoint+264
x2 <- 0x01FDDB7D5BFDDB7F

mem[X,0x00000000800001F0] -> 0x5193
mem[X,0x00000000800001F2] -> 0x0071
[89] [M]: 0x00000000800001F0 (0x00715193) srli x3, x2, 0x7                          rvtest_entrypoint+268
x3 <- 0x0003FBB6FAB7FBB6

clint mtime 0x000000000000002D (mip.MTI <- 0b1, mip.STI <- 0b0)
mem[X,0x00000000800001F4] -> 0x5793
mem[X,0x00000000800001F6] -> 0x0391
[90] [M]: 0x00000000800001F4 (0x03915793) srli x15, x2, 0x39                        rvtest_entrypoint+272
x15 <- 0x0000000000000000

mem[X,0x00000000800001F8] -> 0xE1B3
mem[X,0x00000000800001FA] -> 0x00F1
[91] [M]: 0x00000000800001F8 (0x00F1E1B3) or x3, x3, x15                            rvtest_entrypoint+276
x3 <- 0x0003FBB6FAB7FBB6

clint mtime 0x000000000000002E (mip.MTI <- 0b1, mip.STI <- 0b0)
mem[X,0x00000000800001FC] -> 0xD213
mem[X,0x00000000800001FE] -> 0x0071
[92] [M]: 0x00000000800001FC (0x0071D213) srli x4, x3, 0x7                          rvtest_entrypoint+280
x4 <- 0x000007F76DF56FF7

mem[X,0x0000000080000200] -> 0xD793
mem[X,0x0000000080000202] -> 0x0391
[93] [M]: 0x0000000080000200 (0x0391D793) srli x15, x3, 0x39                        rvtest_entrypoint+284
x15 <- 0x0000000000000000

clint mtime 0x000000000000002F (mip.MTI <- 0b1, mip.STI <- 0b0)
mem[X,0x0000000080000204] -> 0x6233
mem[X,0x0000000080000206] -> 0x00F2
[94] [M]: 0x0000000080000204 (0x00F26233) or x4, x4, x15                            rvtest_entrypoint+288
x4 <- 0x000007F76DF56FF7

mem[X,0x0000000080000208] -> 0x5293
mem[X,0x000000008000020A] -> 0x0072
[95] [M]: 0x0000000080000208 (0x00725293) srli x5, x4, 0x7                          rvtest_entrypoint+292
x5 <- 0x0000000FEEDBEADF

clint mtime 0x0000000000000030 (mip.MTI <- 0b1, mip.STI <- 0b0)
mem[X,0x000000008000020C] -> 0x5793
mem[X,0x000000008000020E] -> 0x0392
[96] [M]: 0x000000008000020C (0x03925793) srli x15, x4, 0x39                        rvtest_entrypoint+296
x15 <- 0x0000000000000000

mem[X,0x0000000080000210] -> 0xE2B3
mem[X,0x0000000080000212] -> 0x00F2
[97] [M]: 0x0000000080000210 (0x00F2E2B3) or x5, x5, x15                            rvtest_entrypoint+300
x5 <- 0x0000000FEEDBEADF

clint mtime 0x0000000000000031 (mip.MTI <- 0b1, mip.STI <- 0b0)
mem[X,0x0000000080000214] -> 0xD313
mem[X,0x0000000080000216] -> 0x0072
[98] [M]: 0x0000000080000214 (0x0072D313) srli x6, x5, 0x7                          rvtest_entrypoint+304
x6 <- 0x000000001FDDB7D5

mem[X,0x0000000080000218] -> 0xD793
mem[X,0x000000008000021A] -> 0x0392
[99] [M]: 0x0000000080000218 (0x0392D793) srli x15, x5, 0x39                        rvtest_entrypoint+308
x15 <- 0x0000000000000000

clint mtime 0x0000000000000032 (mip.MTI <- 0b1, mip.STI <- 0b0)
mem[X,0x000000008000021C] -> 0x6333
mem[X,0x000000008000021E] -> 0x00F3
[100] [M]: 0x000000008000021C (0x00F36333) or x6, x6, x15                           rvtest_entrypoint+312
x6 <- 0x000000001FDDB7D5

mem[X,0x0000000080000220] -> 0x5393
mem[X,0x0000000080000222] -> 0x0073
[101] [M]: 0x0000000080000220 (0x00735393) srli x7, x6, 0x7                         rvtest_entrypoint+316
x7 <- 0x00000000003FBB6F

clint mtime 0x0000000000000033 (mip.MTI <- 0b1, mip.STI <- 0b0)
mem[X,0x0000000080000224] -> 0x5793
mem[X,0x0000000080000226] -> 0x0393
[102] [M]: 0x0000000080000224 (0x03935793) srli x15, x6, 0x39                       rvtest_entrypoint+320
x15 <- 0x0000000000000000

mem[X,0x0000000080000228] -> 0xE3B3
mem[X,0x000000008000022A] -> 0x00F3
[103] [M]: 0x0000000080000228 (0x00F3E3B3) or x7, x7, x15                           rvtest_entrypoint+324
x7 <- 0x00000000003FBB6F

clint mtime 0x0000000000000034 (mip.MTI <- 0b1, mip.STI <- 0b0)
mem[X,0x000000008000022C] -> 0xD413
mem[X,0x000000008000022E] -> 0x0073
[104] [M]: 0x000000008000022C (0x0073D413) srli x8, x7, 0x7                         rvtest_entrypoint+328
x8 <- 0x0000000000007F76

mem[X,0x0000000080000230] -> 0xD793
mem[X,0x0000000080000232] -> 0x0393
[105] [M]: 0x0000000080000230 (0x0393D793) srli x15, x7, 0x39                       rvtest_entrypoint+332
x15 <- 0x0000000000000000

clint mtime 0x0000000000000035 (mip.MTI <- 0b1, mip.STI <- 0b0)
mem[X,0x0000000080000234] -> 0x6433
mem[X,0x0000000080000236] -> 0x00F4
[106] [M]: 0x0000000080000234 (0x00F46433) or x8, x8, x15                           rvtest_entrypoint+336
x8 <- 0x0000000000007F76

mem[X,0x0000000080000238] -> 0x5493
mem[X,0x000000008000023A] -> 0x0074
[107] [M]: 0x0000000080000238 (0x00745493) srli x9, x8, 0x7                         rvtest_entrypoint+340
x9 <- 0x00000000000000FE

clint mtime 0x0000000000000036 (mip.MTI <- 0b1, mip.STI <- 0b0)
mem[X,0x000000008000023C] -> 0x5793
mem[X,0x000000008000023E] -> 0x0394
[108] [M]: 0x000000008000023C (0x03945793) srli x15, x8, 0x39                       rvtest_entrypoint+344
x15 <- 0x0000000000000000

mem[X,0x0000000080000240] -> 0xE4B3
mem[X,0x0000000080000242] -> 0x00F4
[109] [M]: 0x0000000080000240 (0x00F4E4B3) or x9, x9, x15                           rvtest_entrypoint+348
x9 <- 0x00000000000000FE

clint mtime 0x0000000000000037 (mip.MTI <- 0b1, mip.STI <- 0b0)
mem[X,0x0000000080000244] -> 0xD513
mem[X,0x0000000080000246] -> 0x0074
[110] [M]: 0x0000000080000244 (0x0074D513) srli x10, x9, 0x7                        rvtest_entrypoint+352
x10 <- 0x0000000000000001

mem[X,0x0000000080000248] -> 0xD793
mem[X,0x000000008000024A] -> 0x0394
[111] [M]: 0x0000000080000248 (0x0394D793) srli x15, x9, 0x39                       rvtest_entrypoint+356
x15 <- 0x0000000000000000

clint mtime 0x0000000000000038 (mip.MTI <- 0b1, mip.STI <- 0b0)
mem[X,0x000000008000024C] -> 0x6533
mem[X,0x000000008000024E] -> 0x00F5
[112] [M]: 0x000000008000024C (0x00F56533) or x10, x10, x15                         rvtest_entrypoint+360
x10 <- 0x0000000000000001

mem[X,0x0000000080000250] -> 0x5593
mem[X,0x0000000080000252] -> 0x0075
[113] [M]: 0x0000000080000250 (0x00755593) srli x11, x10, 0x7                       rvtest_entrypoint+364
x11 <- 0x0000000000000000

clint mtime 0x0000000000000039 (mip.MTI <- 0b1, mip.STI <- 0b0)
mem[X,0x0000000080000254] -> 0x5793
mem[X,0x0000000080000256] -> 0x0395
[114] [M]: 0x0000000080000254 (0x03955793) srli x15, x10, 0x39                      rvtest_entrypoint+368
x15 <- 0x0000000000000000

mem[X,0x0000000080000258] -> 0xE5B3
mem[X,0x000000008000025A] -> 0x00F5
[115] [M]: 0x0000000080000258 (0x00F5E5B3) or x11, x11, x15                         rvtest_entrypoint+372
x11 <- 0x0000000000000000

clint mtime 0x000000000000003A (mip.MTI <- 0b1, mip.STI <- 0b0)
mem[X,0x000000008000025C] -> 0xD613
mem[X,0x000000008000025E] -> 0x0075
[116] [M]: 0x000000008000025C (0x0075D613) srli x12, x11, 0x7                       rvtest_entrypoint+376
x12 <- 0x0000000000000000

mem[X,0x0000000080000260] -> 0xD793
mem[X,0x0000000080000262] -> 0x0395
[117] [M]: 0x0000000080000260 (0x0395D793) srli x15, x11, 0x39                      rvtest_entrypoint+380
x15 <- 0x0000000000000000

clint mtime 0x000000000000003B (mip.MTI <- 0b1, mip.STI <- 0b0)
mem[X,0x0000000080000264] -> 0x6633
mem[X,0x0000000080000266] -> 0x00F6
[118] [M]: 0x0000000080000264 (0x00F66633) or x12, x12, x15                         rvtest_entrypoint+384
x12 <- 0x0000000000000000

mem[X,0x0000000080000268] -> 0x5693
mem[X,0x000000008000026A] -> 0x0076
[119] [M]: 0x0000000080000268 (0x00765693) srli x13, x12, 0x7                       rvtest_entrypoint+388
x13 <- 0x0000000000000000

clint mtime 0x000000000000003C (mip.MTI <- 0b1, mip.STI <- 0b0)
mem[X,0x000000008000026C] -> 0x5793
mem[X,0x000000008000026E] -> 0x0396
[120] [M]: 0x000000008000026C (0x03965793) srli x15, x12, 0x39                      rvtest_entrypoint+392
x15 <- 0x0000000000000000

mem[X,0x0000000080000270] -> 0xE6B3
mem[X,0x0000000080000272] -> 0x00F6
[121] [M]: 0x0000000080000270 (0x00F6E6B3) or x13, x13, x15                         rvtest_entrypoint+396
x13 <- 0x0000000000000000

clint mtime 0x000000000000003D (mip.MTI <- 0b1, mip.STI <- 0b0)
mem[X,0x0000000080000274] -> 0x0013
mem[X,0x0000000080000276] -> 0x0000
[122] [M]: 0x0000000080000274 (0x00000013) addi x0, x0, 0x0                         rvtest_code_begin+0

mem[X,0x0000000080000278] -> 0x0013
mem[X,0x000000008000027A] -> 0x0000
[123] [M]: 0x0000000080000278 (0x00000013) addi x0, x0, 0x0                         rvtest_code_begin+4

clint mtime 0x000000000000003E (mip.MTI <- 0b1, mip.STI <- 0b0)
mem[X,0x000000008000027C] -> 0x0013
mem[X,0x000000008000027E] -> 0x0000
[124] [M]: 0x000000008000027C (0x00000013) addi x0, x0, 0x0                         rvtest_code_begin+8

mem[X,0x0000000080000280] -> 0x6697
mem[X,0x0000000080000282] -> 0x0000
[125] [M]: 0x0000000080000280 (0x00006697) auipc x13, 0x6                           rvtest_code_begin+12
x13 <- 0x0000000080006280

clint mtime 0x000000000000003F (mip.MTI <- 0b1, mip.STI <- 0b0)
mem[X,0x0000000080000284] -> 0x8693
mem[X,0x0000000080000286] -> 0xE986
[126] [M]: 0x0000000080000284 (0xE9868693) addi x13, x13, -0x168                    rvtest_code_begin+16
x13 <- 0x0000000080006118

mem[X,0x0000000080000288] -> 0x0001
[127] [M]: 0x0000000080000288 (0x0001) c.nop                                        rvtest_code_begin+20

clint mtime 0x0000000000000040 (mip.MTI <- 0b1, mip.STI <- 0b0)
mem[X,0x000000008000028A] -> 0x0013
mem[X,0x000000008000028C] -> 0x0000
[128] [M]: 0x000000008000028A (0x00000013) addi x0, x0, 0x0                         rvtest_code_begin+22

mem[X,0x000000008000028E] -> 0x0013
mem[X,0x0000000080000290] -> 0x0000
[129] [M]: 0x000000008000028E (0x00000013) addi x0, x0, 0x0                         rvtest_code_begin+26

clint mtime 0x0000000000000041 (mip.MTI <- 0b1, mip.STI <- 0b0)
mem[X,0x0000000080000292] -> 0x0013
mem[X,0x0000000080000294] -> 0x0000
[130] [M]: 0x0000000080000292 (0x00000013) addi x0, x0, 0x0                         rvtest_code_begin+30

mem[X,0x0000000080000296] -> 0x0013
mem[X,0x0000000080000298] -> 0x0000
[131] [M]: 0x0000000080000296 (0x00000013) addi x0, x0, 0x0                         rvtest_code_begin+34

clint mtime 0x0000000000000042 (mip.MTI <- 0b1, mip.STI <- 0b0)
mem[X,0x000000008000029A] -> 0x0013
mem[X,0x000000008000029C] -> 0x0000
[132] [M]: 0x000000008000029A (0x00000013) addi x0, x0, 0x0                         rvtest_code_begin+38

mem[X,0x000000008000029E] -> 0x0001
[133] [M]: 0x000000008000029E (0x0001) c.nop                                        rvtest_code_begin+42

clint mtime 0x0000000000000043 (mip.MTI <- 0b1, mip.STI <- 0b0)
mem[X,0x00000000800002A0] -> 0x1073
mem[X,0x00000000800002A2] -> 0x3A00
[134] [M]: 0x00000000800002A0 (0x3A001073) csrrw x0, pmpcfg0, x0                    main+0
CSR pmpcfg0 (0x3A0) <- 0x0000000000000000

mem[X,0x00000000800002A4] -> 0x1073
mem[X,0x00000000800002A6] -> 0x3A20
[135] [M]: 0x00000000800002A4 (0x3A201073) csrrw x0, pmpcfg2, x0                    main+4
CSR pmpcfg2 (0x3A2) <- 0x0000000000000000

clint mtime 0x0000000000000044 (mip.MTI <- 0b1, mip.STI <- 0b0)
mem[X,0x00000000800002A8] -> 0x1073
mem[X,0x00000000800002AA] -> 0x3B00
[136] [M]: 0x00000000800002A8 (0x3B001073) csrrw x0, pmpaddr0, x0                   main+8
CSR pmpaddr0 (0x3B0) <- 0x0000000000000000

mem[X,0x00000000800002AC] -> 0x1073
mem[X,0x00000000800002AE] -> 0x3B10
[137] [M]: 0x00000000800002AC (0x3B101073) csrrw x0, pmpaddr1, x0                   main+12
CSR pmpaddr1 (0x3B1) <- 0x0000000000000000

clint mtime 0x0000000000000045 (mip.MTI <- 0b1, mip.STI <- 0b0)
mem[X,0x00000000800002B0] -> 0x1073
mem[X,0x00000000800002B2] -> 0x3B20
[138] [M]: 0x00000000800002B0 (0x3B201073) csrrw x0, pmpaddr2, x0                   main+16
CSR pmpaddr2 (0x3B2) <- 0x0000000000000000

mem[X,0x00000000800002B4] -> 0x1073
mem[X,0x00000000800002B6] -> 0x3B30
[139] [M]: 0x00000000800002B4 (0x3B301073) csrrw x0, pmpaddr3, x0                   main+20
CSR pmpaddr3 (0x3B3) <- 0x0000000000000000

clint mtime 0x0000000000000046 (mip.MTI <- 0b1, mip.STI <- 0b0)
mem[X,0x00000000800002B8] -> 0x1073
mem[X,0x00000000800002BA] -> 0x3B40
[140] [M]: 0x00000000800002B8 (0x3B401073) csrrw x0, pmpaddr4, x0                   main+24
CSR pmpaddr4 (0x3B4) <- 0x0000000000000000

mem[X,0x00000000800002BC] -> 0x1073
mem[X,0x00000000800002BE] -> 0x3B50
[141] [M]: 0x00000000800002BC (0x3B501073) csrrw x0, pmpaddr5, x0                   main+28
CSR pmpaddr5 (0x3B5) <- 0x0000000000000000

clint mtime 0x0000000000000047 (mip.MTI <- 0b1, mip.STI <- 0b0)
mem[X,0x00000000800002C0] -> 0x1073
mem[X,0x00000000800002C2] -> 0x3B60
[142] [M]: 0x00000000800002C0 (0x3B601073) csrrw x0, pmpaddr6, x0                   main+32
CSR pmpaddr6 (0x3B6) <- 0x0000000000000000

mem[X,0x00000000800002C4] -> 0x1073
mem[X,0x00000000800002C6] -> 0x3B70
[143] [M]: 0x00000000800002C4 (0x3B701073) csrrw x0, pmpaddr7, x0                   main+36
CSR pmpaddr7 (0x3B7) <- 0x0000000000000000

clint mtime 0x0000000000000048 (mip.MTI <- 0b1, mip.STI <- 0b0)
mem[X,0x00000000800002C8] -> 0x1073
mem[X,0x00000000800002CA] -> 0x3B80
[144] [M]: 0x00000000800002C8 (0x3B801073) csrrw x0, pmpaddr8, x0                   main+40
CSR pmpaddr8 (0x3B8) <- 0x0000000000000000

mem[X,0x00000000800002CC] -> 0x1073
mem[X,0x00000000800002CE] -> 0x3B90
[145] [M]: 0x00000000800002CC (0x3B901073) csrrw x0, pmpaddr9, x0                   main+44
CSR pmpaddr9 (0x3B9) <- 0x0000000000000000

clint mtime 0x0000000000000049 (mip.MTI <- 0b1, mip.STI <- 0b0)
mem[X,0x00000000800002D0] -> 0x1073
mem[X,0x00000000800002D2] -> 0x3BA0
[146] [M]: 0x00000000800002D0 (0x3BA01073) csrrw x0, pmpaddr10, x0                  main+48
CSR pmpaddr10 (0x3BA) <- 0x0000000000000000

mem[X,0x00000000800002D4] -> 0x1073
mem[X,0x00000000800002D6] -> 0x3BB0
[147] [M]: 0x00000000800002D4 (0x3BB01073) csrrw x0, pmpaddr11, x0                  main+52
CSR pmpaddr11 (0x3BB) <- 0x0000000000000000

clint mtime 0x000000000000004A (mip.MTI <- 0b1, mip.STI <- 0b0)
mem[X,0x00000000800002D8] -> 0x1073
mem[X,0x00000000800002DA] -> 0x3BC0
[148] [M]: 0x00000000800002D8 (0x3BC01073) csrrw x0, pmpaddr12, x0                  main+56
CSR pmpaddr12 (0x3BC) <- 0x0000000000000000

mem[X,0x00000000800002DC] -> 0x1073
mem[X,0x00000000800002DE] -> 0x3BD0
[149] [M]: 0x00000000800002DC (0x3BD01073) csrrw x0, pmpaddr13, x0                  main+60
CSR pmpaddr13 (0x3BD) <- 0x0000000000000000

clint mtime 0x000000000000004B (mip.MTI <- 0b1, mip.STI <- 0b0)
mem[X,0x00000000800002E0] -> 0x1073
mem[X,0x00000000800002E2] -> 0x3BE0
[150] [M]: 0x00000000800002E0 (0x3BE01073) csrrw x0, pmpaddr14, x0                  main+64
CSR pmpaddr14 (0x3BE) <- 0x0000000000000000

mem[X,0x00000000800002E4] -> 0x1073
mem[X,0x00000000800002E6] -> 0x3BF0
[151] [M]: 0x00000000800002E4 (0x3BF01073) csrrw x0, pmpaddr15, x0                  main+68
CSR pmpaddr15 (0x3BF) <- 0x0000000000000000

clint mtime 0x000000000000004C (mip.MTI <- 0b1, mip.STI <- 0b0)
mem[X,0x00000000800002E8] -> 0x0013
mem[X,0x00000000800002EA] -> 0x0000
[152] [M]: 0x00000000800002E8 (0x00000013) addi x0, x0, 0x0                         main+72

mem[X,0x00000000800002EC] -> 0x0013
mem[X,0x00000000800002EE] -> 0x0000
[153] [M]: 0x00000000800002EC (0x00000013) addi x0, x0, 0x0                         main+76

clint mtime 0x000000000000004D (mip.MTI <- 0b1, mip.STI <- 0b0)
mem[X,0x00000000800002F0] -> 0x0013
mem[X,0x00000000800002F2] -> 0x0000
[154] [M]: 0x00000000800002F0 (0x00000013) addi x0, x0, 0x0                         main+80

mem[X,0x00000000800002F4] -> 0x0013
mem[X,0x00000000800002F6] -> 0x0000
[155] [M]: 0x00000000800002F4 (0x00000013) addi x0, x0, 0x0                         main+84

clint mtime 0x000000000000004E (mip.MTI <- 0b1, mip.STI <- 0b0)
mem[X,0x00000000800002F8] -> 0x0013
mem[X,0x00000000800002FA] -> 0x0000
[156] [M]: 0x00000000800002F8 (0x00000013) addi x0, x0, 0x0                         main+88

mem[X,0x00000000800002FC] -> 0x0013
mem[X,0x00000000800002FE] -> 0x0000
[157] [M]: 0x00000000800002FC (0x00000013) addi x0, x0, 0x0                         main+92

clint mtime 0x000000000000004F (mip.MTI <- 0b1, mip.STI <- 0b0)
mem[X,0x0000000080000300] -> 0x021B
mem[X,0x0000000080000302] -> 0xFFF0
[158] [M]: 0x0000000080000300 (0xFFF0021B) addiw x4, x0, -0x1                       main+96
x4 <- 0xFFFFFFFFFFFFFFFF

mem[X,0x0000000080000304] -> 0x0013
mem[X,0x0000000080000306] -> 0x0000
[159] [M]: 0x0000000080000304 (0x00000013) addi x0, x0, 0x0                         main+100

clint mtime 0x0000000000000050 (mip.MTI <- 0b1, mip.STI <- 0b0)
mem[X,0x0000000080000308] -> 0x0013
mem[X,0x000000008000030A] -> 0x0000
[160] [M]: 0x0000000080000308 (0x00000013) addi x0, x0, 0x0                         main+104

mem[X,0x000000008000030C] -> 0x0013
mem[X,0x000000008000030E] -> 0x0000
[161] [M]: 0x000000008000030C (0x00000013) addi x0, x0, 0x0                         main+108

clint mtime 0x0000000000000051 (mip.MTI <- 0b1, mip.STI <- 0b0)
mem[X,0x0000000080000310] -> 0x0013
mem[X,0x0000000080000312] -> 0x0000
[162] [M]: 0x0000000080000310 (0x00000013) addi x0, x0, 0x0                         main+112

mem[X,0x0000000080000314] -> 0x0013
mem[X,0x0000000080000316] -> 0x0000
[163] [M]: 0x0000000080000314 (0x00000013) addi x0, x0, 0x0                         main+116

clint mtime 0x0000000000000052 (mip.MTI <- 0b1, mip.STI <- 0b0)
mem[X,0x0000000080000318] -> 0x0013
mem[X,0x000000008000031A] -> 0x0000
[164] [M]: 0x0000000080000318 (0x00000013) addi x0, x0, 0x0                         main+120

mem[X,0x000000008000031C] -> 0x0013
mem[X,0x000000008000031E] -> 0x0000
[165] [M]: 0x000000008000031C (0x00000013) addi x0, x0, 0x0                         main+124

clint mtime 0x0000000000000053 (mip.MTI <- 0b1, mip.STI <- 0b0)
mem[X,0x0000000080000320] -> 0x1073
mem[X,0x0000000080000322] -> 0x3BF2
[166] [M]: 0x0000000080000320 (0x3BF21073) csrrw x0, pmpaddr15, x4                  main+128
CSR pmpaddr15 (0x3BF) <- 0x003FFFFFFFFFFFFF

mem[X,0x0000000080000324] -> 0x0213
mem[X,0x0000000080000326] -> 0x09F0
[167] [M]: 0x0000000080000324 (0x09F00213) addi x4, x0, 0x9f                        main+132
x4 <- 0x000000000000009F

clint mtime 0x0000000000000054 (mip.MTI <- 0b1, mip.STI <- 0b0)
mem[X,0x0000000080000328] -> 0x1213
mem[X,0x000000008000032A] -> 0x0382
[168] [M]: 0x0000000080000328 (0x03821213) slli x4, x4, 0x38                        main+136
x4 <- 0x9F00000000000000

mem[X,0x000000008000032C] -> 0x1073
mem[X,0x000000008000032E] -> 0x3A32
[169] [M]: 0x000000008000032C (0x3A321073) csrrw x0, pmpcfg3, x4                    main+140
trapping from M to M to handle illegal-instruction
handling exc#illegal-instruction at priv M with tval 0x000000003A321073
CSR mstatus (0x300) <- 0x0000000A00001800
CSR mcause (0x342) <- 0x0000000000000002
CSR mtval (0x343) <- 0x000000003A321073
CSR mepc (0x341) <- 0x000000008000032C

clint mtime 0x0000000000000055 (mip.MTI <- 0b1, mip.STI <- 0b0)
mem[X,0x00000000800020C0] -> 0x006F
mem[X,0x00000000800020C2] -> 0x1000
[170] [M]: 0x00000000800020C0 (0x1000006F) jal x0, 0x100                            Mtrampoline+0

mem[X,0x00000000800021C0] -> 0x1173
mem[X,0x00000000800021C2] -> 0x3401
[171] [M]: 0x00000000800021C0 (0x34011173) csrrw x2, mscratch, x2                   trap_Mhandler+0
CSR mscratch (0x340) <- 0x01FDDB7D5BFDDB7F
x2 <- 0x0000000080005000

clint mtime 0x0000000000000056 (mip.MTI <- 0b1, mip.STI <- 0b0)
mem[X,0x00000000800021C4] -> 0x3423
mem[X,0x00000000800021C6] -> 0x28B1
[172] [M]: 0x00000000800021C4 (0x28B13423) sd x11, 0x288(x2)                        trap_Mhandler+4
mem[W,0x0000000080005288] <- 0x0000000000000000

mem[X,0x00000000800021C8] -> 0x05EF
mem[X,0x00000000800021CA] -> 0x0B80
[173] [M]: 0x00000000800021C8 (0x0B8005EF) jal x11, 0xb8                            trap_Mhandler+8
x11 <- 0x00000000800021CC

clint mtime 0x0000000000000057 (mip.MTI <- 0b1, mip.STI <- 0b0)
mem[X,0x0000000080002280] -> 0x3023
mem[X,0x0000000080002282] -> 0x28A1
[174] [M]: 0x0000000080002280 (0x28A13023) sd x10, 0x280(x2)                        common_Mhandler+0
mem[W,0x0000000080005280] <- 0x0000000000000001

mem[X,0x0000000080002284] -> 0x1573
mem[X,0x0000000080002286] -> 0x3401
[175] [M]: 0x0000000080002284 (0x34011573) csrrw x10, mscratch, x2                  common_Mhandler+4
CSR mscratch (0x340) <- 0x0000000080005000
x10 <- 0x01FDDB7D5BFDDB7F

clint mtime 0x0000000000000058 (mip.MTI <- 0b1, mip.STI <- 0b0)
mem[X,0x0000000080002288] -> 0x3823
mem[X,0x000000008000228A] -> 0x28A1
[176] [M]: 0x0000000080002288 (0x28A13823) sd x10, 0x290(x2)                        common_Mhandler+8
mem[W,0x0000000080005290] <- 0x01FDDB7D5BFDDB7F

mem[X,0x000000008000228C] -> 0x3503
mem[X,0x000000008000228E] -> 0x2301
[177] [M]: 0x000000008000228C (0x23013503) ld x10, 0x230(x2)                        common_Mhandler+12
mem[R,0x0000000080005230] -> 0x0000000080002294
x10 <- 0x0000000080002294

clint mtime 0x0000000000000059 (mip.MTI <- 0b1, mip.STI <- 0b0)
mem[X,0x0000000080002290] -> 0x0067
mem[X,0x0000000080002292] -> 0x0005
[178] [M]: 0x0000000080002290 (0x00050067) jalr x0, 0x0(x10)                        common_Mhandler+16

mem[X,0x0000000080002294] -> 0x3C23
mem[X,0x0000000080002296] -> 0x2691
[179] [M]: 0x0000000080002294 (0x26913C23) sd x9, 0x278(x2)                         common_Mentry+0
mem[W,0x0000000080005278] <- 0x00000000000000FE

clint mtime 0x000000000000005A (mip.MTI <- 0b1, mip.STI <- 0b0)
mem[X,0x0000000080002298] -> 0x3823
mem[X,0x000000008000229A] -> 0x2681
[180] [M]: 0x0000000080002298 (0x26813823) sd x8, 0x270(x2)                         common_Mentry+4
mem[W,0x0000000080005270] <- 0x0000000000007F76

mem[X,0x000000008000229C] -> 0x3423
mem[X,0x000000008000229E] -> 0x2671
[181] [M]: 0x000000008000229C (0x26713423) sd x7, 0x268(x2)                         common_Mentry+8
mem[W,0x0000000080005268] <- 0x00000000003FBB6F

clint mtime 0x000000000000005B (mip.MTI <- 0b1, mip.STI <- 0b0)
mem[X,0x00000000800022A0] -> 0x3023
mem[X,0x00000000800022A2] -> 0x2661
[182] [M]: 0x00000000800022A0 (0x26613023) sd x6, 0x260(x2)                         common_Mentry+12
mem[W,0x0000000080005260] <- 0x000000001FDDB7D5

mem[X,0x00000000800022A4] -> 0x2573
mem[X,0x00000000800022A6] -> 0x3420
[183] [M]: 0x00000000800022A4 (0x34202573) csrrs x10, mcause, x0                    spcl_M2mmode_test+0
CSR mcause (0x342) -> 0x0000000000000002
x10 <- 0x0000000000000002

clint mtime 0x000000000000005C (mip.MTI <- 0b1, mip.STI <- 0b0)
mem[X,0x00000000800022A8] -> 0x04B7
mem[X,0x00000000800022AA] -> 0x8000
[184] [M]: 0x00000000800022A8 (0x800004B7) lui x9, -0x80000                         spcl_M2mmode_test+4
x9 <- 0xFFFFFFFF80000000

mem[X,0x00000000800022AC] -> 0x8493
mem[X,0x00000000800022AE] -> 0x0004
[185] [M]: 0x00000000800022AC (0x00048493) addi x9, x9, 0x0                         spcl_M2mmode_test+8
x9 <- 0xFFFFFFFF80000000

clint mtime 0x000000000000005D (mip.MTI <- 0b1, mip.STI <- 0b0)
mem[X,0x00000000800022B0] -> 0x9493
mem[X,0x00000000800022B2] -> 0x00B4
[186] [M]: 0x00000000800022B0 (0x00B49493) slli x9, x9, 0xb                         spcl_M2mmode_test+12
x9 <- 0xFFFFFC0000000000

mem[X,0x00000000800022B4] -> 0x8493
mem[X,0x00000000800022B6] -> 0x0004
[187] [M]: 0x00000000800022B4 (0x00048493) addi x9, x9, 0x0                         spcl_M2mmode_test+16
x9 <- 0xFFFFFC0000000000

clint mtime 0x000000000000005E (mip.MTI <- 0b1, mip.STI <- 0b0)
mem[X,0x00000000800022B8] -> 0x9493
mem[X,0x00000000800022BA] -> 0x00B4
[188] [M]: 0x00000000800022B8 (0x00B49493) slli x9, x9, 0xb                         spcl_M2mmode_test+20
x9 <- 0xFFE0000000000000

mem[X,0x00000000800022BC] -> 0x8493
mem[X,0x00000000800022BE] -> 0x0034
[189] [M]: 0x00000000800022BC (0x00348493) addi x9, x9, 0x3                         spcl_M2mmode_test+24
x9 <- 0xFFE0000000000003

clint mtime 0x000000000000005F (mip.MTI <- 0b1, mip.STI <- 0b0)
mem[X,0x00000000800022C0] -> 0x9493
mem[X,0x00000000800022C2] -> 0x00A4
[190] [M]: 0x00000000800022C0 (0x00A49493) slli x9, x9, 0xa                         spcl_M2mmode_test+28
x9 <- 0x8000000000000C00

mem[X,0x00000000800022C4] -> 0x8493
mem[X,0x00000000800022C6] -> 0x3FC4
[191] [M]: 0x00000000800022C4 (0x3FC48493) addi x9, x9, 0x3fc                       spcl_M2mmode_test+32
x9 <- 0x8000000000000FFC

clint mtime 0x0000000000000060 (mip.MTI <- 0b1, mip.STI <- 0b0)
mem[X,0x00000000800022C8] -> 0xF4B3
mem[X,0x00000000800022CA] -> 0x00A4
[192] [M]: 0x00000000800022C8 (0x00A4F4B3) and x9, x9, x10                          spcl_M2mmode_test+36
x9 <- 0x0000000000000000

mem[X,0x00000000800022CC] -> 0x8493
mem[X,0x00000000800022CE] -> 0xFF84
[193] [M]: 0x00000000800022CC (0xFF848493) addi x9, x9, -0x8                        spcl_M2mmode_test+40
x9 <- 0xFFFFFFFFFFFFFFF8

clint mtime 0x0000000000000061 (mip.MTI <- 0b1, mip.STI <- 0b0)
mem[X,0x00000000800022D0] -> 0x9663
mem[X,0x00000000800022D2] -> 0x0004
[194] [M]: 0x00000000800022D0 (0x00049663) bne x9, x0, 0xc                          spcl_M2mmode_test+44

mem[X,0x00000000800022DC] -> 0x0393
mem[X,0x00000000800022DE] -> 0x0200
[195] [M]: 0x00000000800022DC (0x02000393) addi x7, x0, 0x20                        Mtrapsig_ptr_upd+0
x7 <- 0x0000000000000020

clint mtime 0x0000000000000062 (mip.MTI <- 0b1, mip.STI <- 0b0)
mem[X,0x00000000800022E0] -> 0x5263
mem[X,0x00000000800022E2] -> 0x0405
[196] [M]: 0x00000000800022E0 (0x04055263) bge x10, x0, 0x44                        Mtrapsig_ptr_upd+4

mem[X,0x0000000080002324] -> 0x2373
mem[X,0x0000000080002326] -> 0x3010
[197] [M]: 0x0000000080002324 (0x30102373) csrrs x6, misa, x0                       Mxcpt_sig_sv+0
CSR misa (0x301) -> 0x800000000034112F
x6 <- 0x800000000034112F

clint mtime 0x0000000000000063 (mip.MTI <- 0b1, mip.STI <- 0b0)
mem[X,0x0000000080002328] -> 0x1313
mem[X,0x000000008000232A] -> 0x0383
[198] [M]: 0x0000000080002328 (0x03831313) slli x6, x6, 0x38                        Mxcpt_sig_sv+4
x6 <- 0x2F00000000000000

mem[X,0x000000008000232C] -> 0x5463
mem[X,0x000000008000232E] -> 0x0003
[199] [M]: 0x000000008000232C (0x00035463) bge x6, x0, 0x8                          Mxcpt_sig_sv+8

clint mtime 0x0000000000000064 (mip.MTI <- 0b1, mip.STI <- 0b0)
mem[X,0x0000000080002334] -> 0x3303
mem[X,0x0000000080002336] -> 0x2181
[200] [M]: 0x0000000080002334 (0x21813303) ld x6, 0x218(x2)                         Mtrap_sig_sv+0
mem[R,0x0000000080005218] -> 0x0000000080006220
x6 <- 0x0000000080006220

mem[X,0x0000000080002338] -> 0x04B3
mem[X,0x000000008000233A] -> 0x0073
[201] [M]: 0x0000000080002338 (0x007304B3) add x9, x6, x7                           Mtrap_sig_sv+4
x9 <- 0x0000000080006240

clint mtime 0x0000000000000065 (mip.MTI <- 0b1, mip.STI <- 0b0)
mem[X,0x000000008000233C] -> 0x3C23
mem[X,0x000000008000233E] -> 0x2091
[202] [M]: 0x000000008000233C (0x20913C23) sd x9, 0x218(x2)                         Mtrap_sig_sv+8
mem[W,0x0000000080005218] <- 0x0000000080006240

mem[X,0x0000000080002340] -> 0x3403
mem[X,0x0000000080002342] -> 0x1F81
[203] [M]: 0x0000000080002340 (0x1F813403) ld x8, 0x1f8(x2)                         Mtrap_sig_sv+12
mem[R,0x00000000800051F8] -> 0x0000000080006110
x8 <- 0x0000000080006110

clint mtime 0x0000000000000066 (mip.MTI <- 0b1, mip.STI <- 0b0)
mem[X,0x0000000080002344] -> 0x0333
mem[X,0x0000000080002346] -> 0x4083
[204] [M]: 0x0000000080002344 (0x40830333) sub x6, x6, x8                           Mtrap_sig_sv+16
x6 <- 0x0000000000000110

mem[X,0x0000000080002348] -> 0x3403
mem[X,0x000000008000234A] -> 0x1F81
[205] [M]: 0x0000000080002348 (0x1F813403) ld x8, 0x1f8(x2)                         Mtrap_sig_sv+20
mem[R,0x00000000800051F8] -> 0x0000000080006110
x8 <- 0x0000000080006110

clint mtime 0x0000000000000067 (mip.MTI <- 0b1, mip.STI <- 0b0)
mem[X,0x000000008000234C] -> 0x0333
mem[X,0x000000008000234E] -> 0x0083
[206] [M]: 0x000000008000234C (0x00830333) add x6, x6, x8                           Mtrap_sig_sv+24
x6 <- 0x0000000080006220

mem[X,0x0000000080002350] -> 0x3403
mem[X,0x0000000080002352] -> 0x2401
[207] [M]: 0x0000000080002350 (0x24013403) ld x8, 0x240(x2)                         Mtrap_sig_sv+28
mem[R,0x0000000080005240] -> 0x00000000800020C0
x8 <- 0x00000000800020C0

clint mtime 0x0000000000000068 (mip.MTI <- 0b1, mip.STI <- 0b0)
mem[X,0x0000000080002354] -> 0x85B3
mem[X,0x0000000080002356] -> 0x4085
[208] [M]: 0x0000000080002354 (0x408585B3) sub x11, x11, x8                         sv_Mvect+0
x11 <- 0x000000000000010C

mem[X,0x0000000080002358] -> 0x9593
mem[X,0x000000008000235A] -> 0x0045
[209] [M]: 0x0000000080002358 (0x00459593) slli x11, x11, 0x4                       sv_Mvect+4
x11 <- 0x00000000000010C0

clint mtime 0x0000000000000069 (mip.MTI <- 0b1, mip.STI <- 0b0)
mem[X,0x000000008000235C] -> 0xE5B3
mem[X,0x000000008000235E] -> 0x0075
[210] [M]: 0x000000008000235C (0x0075E5B3) or x11, x11, x7                          sv_Mvect+8
x11 <- 0x00000000000010E0

mem[X,0x0000000080002360] -> 0x8593
mem[X,0x0000000080002362] -> 0x0035
[211] [M]: 0x0000000080002360 (0x00358593) addi x11, x11, 0x3                       sv_Mvect+12
x11 <- 0x00000000000010E3

clint mtime 0x000000000000006A (mip.MTI <- 0b1, mip.STI <- 0b0)
mem[X,0x0000000080002364] -> 0x3023
mem[X,0x0000000080002366] -> 0x00B3
[212] [M]: 0x0000000080002364 (0x00B33023) sd x11, 0x0(x6)                          sv_Mvect+16
mem[W,0x0000000080006220] <- 0x00000000000010E3

mem[X,0x0000000080002368] -> 0x3423
mem[X,0x000000008000236A] -> 0x00A3
[213] [M]: 0x0000000080002368 (0x00A33423) sd x10, 0x8(x6)                          sv_Mcause+0
mem[W,0x0000000080006228] <- 0x0000000000000002

clint mtime 0x000000000000006B (mip.MTI <- 0b1, mip.STI <- 0b0)
mem[X,0x000000008000236C] -> 0x4463
mem[X,0x000000008000236E] -> 0x1A05
[214] [M]: 0x000000008000236C (0x1A054463) blt x10, x0, 0x1a8                       sv_Mcause+4

mem[X,0x0000000080002370] -> 0x25F3
mem[X,0x0000000080002372] -> 0x3000
[215] [M]: 0x0000000080002370 (0x300025F3) csrrs x11, mstatus, x0                   common_Mexcpt_handler+0
CSR mstatus (0x300) -> 0x0000000A00001800
x11 <- 0x0000000A00001800

clint mtime 0x000000000000006C (mip.MTI <- 0b1, mip.STI <- 0b0)
mem[X,0x0000000080002374] -> 0x9413
mem[X,0x0000000080002376] -> 0x02E5
[216] [M]: 0x0000000080002374 (0x02E59413) slli x8, x11, 0x2e                       common_Mexcpt_handler+4
x8 <- 0x0600000000000000

mem[X,0x0000000080002378] -> 0x5463
mem[X,0x000000008000237A] -> 0x0004
[217] [M]: 0x0000000080002378 (0x00045463) bge x8, x0, 0x8                          common_Mexcpt_handler+8

clint mtime 0x000000000000006D (mip.MTI <- 0b1, mip.STI <- 0b0)
mem[X,0x0000000080002380] -> 0xD493
mem[X,0x0000000080002382] -> 0x00B5
[218] [M]: 0x0000000080002380 (0x00B5D493) srli x9, x11, 0xb                        common_Mexcpt_handler+16
x9 <- 0x0000000001400003

mem[X,0x0000000080002384] -> 0xF493
mem[X,0x0000000080002386] -> 0x0034
[219] [M]: 0x0000000080002384 (0x0034F493) andi x9, x9, 0x3                         common_Mexcpt_handler+20
x9 <- 0x0000000000000003

clint mtime 0x000000000000006E (mip.MTI <- 0b1, mip.STI <- 0b0)
mem[X,0x0000000080002388] -> 0x8493
mem[X,0x000000008000238A] -> 0x0014
[220] [M]: 0x0000000080002388 (0x00148493) addi x9, x9, 0x1                         common_Mexcpt_handler+24
x9 <- 0x0000000000000004

mem[X,0x000000008000238C] -> 0xF493
mem[X,0x000000008000238E] -> 0x0044
[221] [M]: 0x000000008000238C (0x0044F493) andi x9, x9, 0x4                         common_Mexcpt_handler+28
x9 <- 0x0000000000000004

clint mtime 0x000000000000006F (mip.MTI <- 0b1, mip.STI <- 0b0)
mem[X,0x0000000080002390] -> 0x0593
mem[X,0x0000000080002392] -> 0x05D0
[222] [M]: 0x0000000080002390 (0x05D00593) addi x11, x0, 0x5d                       common_Mexcpt_handler+32
x11 <- 0x000000000000005D

mem[X,0x0000000080002394] -> 0xD5B3
mem[X,0x0000000080002396] -> 0x0095
[223] [M]: 0x0000000080002394 (0x0095D5B3) srl x11, x11, x9                         common_Mexcpt_handler+36
x11 <- 0x0000000000000005

clint mtime 0x0000000000000070 (mip.MTI <- 0b1, mip.STI <- 0b0)
mem[X,0x0000000080002398] -> 0xF593
mem[X,0x000000008000239A] -> 0x0015
[224] [M]: 0x0000000080002398 (0x0015F593) andi x11, x11, 0x1                       common_Mexcpt_handler+40
x11 <- 0x0000000000000001

mem[X,0x000000008000239C] -> 0x8EE3
mem[X,0x000000008000239E] -> 0xF405
[225] [M]: 0x000000008000239C (0xF4058EE3) beq x11, x0, -0xa4                       common_Mexcpt_handler+44

clint mtime 0x0000000000000071 (mip.MTI <- 0b1, mip.STI <- 0b0)
mem[X,0x00000000800023A0] -> 0x0593
mem[X,0x00000000800023A2] -> 0x2980
[226] [M]: 0x00000000800023A0 (0x29800593) addi x11, x0, 0x298                      common_Mexcpt_handler+48
x11 <- 0x0000000000000298

mem[X,0x00000000800023A4] -> 0xF413
mem[X,0x00000000800023A6] -> 0x0014
[227] [M]: 0x00000000800023A4 (0x0014F413) andi x8, x9, 0x1                         common_Mexcpt_handler+52
x8 <- 0x0000000000000000

clint mtime 0x0000000000000072 (mip.MTI <- 0b1, mip.STI <- 0b0)
mem[X,0x00000000800023A8] -> 0x95B3
mem[X,0x00000000800023AA] -> 0x0085
[228] [M]: 0x00000000800023A8 (0x008595B3) sll x11, x11, x8                         common_Mexcpt_handler+56
x11 <- 0x0000000000000298

mem[X,0x00000000800023AC] -> 0x9413
mem[X,0x00000000800023AE] -> 0x03D4
[229] [M]: 0x00000000800023AC (0x03D49413) slli x8, x9, 0x3d                        common_Mexcpt_handler+60
x8 <- 0x8000000000000000

clint mtime 0x0000000000000073 (mip.MTI <- 0b1, mip.STI <- 0b0)
mem[X,0x00000000800023B0] -> 0x5413
mem[X,0x00000000800023B2] -> 0x43F4
[230] [M]: 0x00000000800023B0 (0x43F45413) srai x8, x8, 0x3f                        common_Mexcpt_handler+64
x8 <- 0xFFFFFFFFFFFFFFFF

mem[X,0x00000000800023B4] -> 0x4413
mem[X,0x00000000800023B6] -> 0xFFF4
[231] [M]: 0x00000000800023B4 (0xFFF44413) xori x8, x8, -0x1                        common_Mexcpt_handler+68
x8 <- 0x0000000000000000

clint mtime 0x0000000000000074 (mip.MTI <- 0b1, mip.STI <- 0b0)
mem[X,0x00000000800023B8] -> 0xF4B3
mem[X,0x00000000800023BA] -> 0x0085
[232] [M]: 0x00000000800023B8 (0x0085F4B3) and x9, x11, x8                          common_Mexcpt_handler+72
x9 <- 0x0000000000000000

mem[X,0x00000000800023BC] -> 0x0493
mem[X,0x00000000800023BE] -> 0x0000
[233] [M]: 0x00000000800023BC (0x00000493) addi x9, x0, 0x0                         vmem_adj_Mepc+0
x9 <- 0x0000000000000000

clint mtime 0x0000000000000075 (mip.MTI <- 0b1, mip.STI <- 0b0)
mem[X,0x00000000800023C0] -> 0x84B3
mem[X,0x00000000800023C2] -> 0x0024
[234] [M]: 0x00000000800023C0 (0x002484B3) add x9, x9, x2                           vmem_adj_Mepc+4
x9 <- 0x0000000080005000

mem[X,0x00000000800023C4] -> 0x23F3
mem[X,0x00000000800023C6] -> 0x3410
[235] [M]: 0x00000000800023C4 (0x341023F3) csrrs x7, mepc, x0                       vmem_adj_Mepc+8
CSR mepc (0x341) -> 0x000000008000032C
x7 <- 0x000000008000032C

clint mtime 0x0000000000000076 (mip.MTI <- 0b1, mip.STI <- 0b0)
mem[X,0x00000000800023C8] -> 0x0413
mem[X,0x00000000800023CA] -> 0x0004
[236] [M]: 0x00000000800023C8 (0x00040413) addi x8, x8, 0x0                         vmem_adj_Mepc+12
x8 <- 0x0000000000000000

mem[X,0x00000000800023CC] -> 0x006F
mem[X,0x00000000800023CE] -> 0x0400
[237] [M]: 0x00000000800023CC (0x0400006F) jal x0, 0x40                             vmem_adj_Mepc+16

clint mtime 0x0000000000000077 (mip.MTI <- 0b1, mip.STI <- 0b0)
mem[X,0x000000008000240C] -> 0x8433
mem[X,0x000000008000240E] -> 0x4083
[238] [M]: 0x000000008000240C (0x40838433) sub x8, x7, x8                           adj_Mepc+0
x8 <- 0x000000008000032C

mem[X,0x0000000080002410] -> 0x3823
mem[X,0x0000000080002412] -> 0x0083
[239] [M]: 0x0000000080002410 (0x00833823) sd x8, 0x10(x6)                          sv_Mepc+0
mem[W,0x0000000080006230] <- 0x000000008000032C

clint mtime 0x0000000000000078 (mip.MTI <- 0b1, mip.STI <- 0b0)
mem[X,0x0000000080002414] -> 0x55B7
mem[X,0x0000000080002416] -> 0x0000
[240] [M]: 0x0000000080002414 (0x000055B7) lui x11, 0x5                             sv_Mepc+4
x11 <- 0x0000000000005000

mem[X,0x0000000080002418] -> 0x8593
mem[X,0x000000008000241A] -> 0x6675
[241] [M]: 0x0000000080002418 (0x66758593) addi x11, x11, 0x667                     sv_Mepc+8
x11 <- 0x0000000000005667

clint mtime 0x0000000000000079 (mip.MTI <- 0b1, mip.STI <- 0b0)
mem[X,0x000000008000241C] -> 0x9593
mem[X,0x000000008000241E] -> 0x0015
[242] [M]: 0x000000008000241C (0x00159593) slli x11, x11, 0x1                       sv_Mepc+12
x11 <- 0x000000000000ACCE

mem[X,0x0000000080002420] -> 0x9063
mem[X,0x0000000080002422] -> 0x02B1
[243] [M]: 0x0000000080002420 (0x02B19063) bne x3, x11, 0x20                        sv_Mepc+16

clint mtime 0x000000000000007A (mip.MTI <- 0b1, mip.STI <- 0b0)
mem[X,0x0000000080002440] -> 0xF593
mem[X,0x0000000080002442] -> 0xFFC3
[244] [M]: 0x0000000080002440 (0xFFC3F593) andi x11, x7, -0x4                       adj_Mepc_rtn+0
x11 <- 0x000000008000032C

mem[X,0x0000000080002444] -> 0x8593
mem[X,0x0000000080002446] -> 0x0085
[245] [M]: 0x0000000080002444 (0x00858593) addi x11, x11, 0x8                       adj_Mepc_rtn+4
x11 <- 0x0000000080000334

clint mtime 0x000000000000007B (mip.MTI <- 0b1, mip.STI <- 0b0)
mem[X,0x0000000080002448] -> 0x9073
mem[X,0x000000008000244A] -> 0x3415
[246] [M]: 0x0000000080002448 (0x34159073) csrrw x0, mepc, x11                      adj_Mepc_rtn+8
CSR mepc (0x341) <- 0x0000000080000334

mem[X,0x000000008000244C] -> 0x23F3
mem[X,0x000000008000244E] -> 0x3430
[247] [M]: 0x000000008000244C (0x343023F3) csrrs x7, mtval, x0                      skp_adj_Mepc+0
CSR mtval (0x343) -> 0x000000003A321073
x7 <- 0x000000003A321073

clint mtime 0x000000000000007C (mip.MTI <- 0b1, mip.STI <- 0b0)
mem[X,0x0000000080002450] -> 0x7513
mem[X,0x0000000080002452] -> 0x00F5
[248] [M]: 0x0000000080002450 (0x00F57513) andi x10, x10, 0xf                       chk_Mtval+0
x10 <- 0x0000000000000002

mem[X,0x0000000080002454] -> 0x0437
mem[X,0x0000000080002456] -> 0x0000
[249] [M]: 0x0000000080002454 (0x00000437) lui x8, 0x0                              chk_Mtval+4
x8 <- 0x0000000000000000

clint mtime 0x000000000000007D (mip.MTI <- 0b1, mip.STI <- 0b0)
mem[X,0x0000000080002458] -> 0x0413
mem[X,0x000000008000245A] -> 0x0004
[250] [M]: 0x0000000080002458 (0x00040413) addi x8, x8, 0x0                         chk_Mtval+8
x8 <- 0x0000000000000000

mem[X,0x000000008000245C] -> 0x1413
mem[X,0x000000008000245E] -> 0x00B4
[251] [M]: 0x000000008000245C (0x00B41413) slli x8, x8, 0xb                         chk_Mtval+12
x8 <- 0x0000000000000000

clint mtime 0x000000000000007E (mip.MTI <- 0b1, mip.STI <- 0b0)
mem[X,0x0000000080002460] -> 0x0413
mem[X,0x0000000080002462] -> 0x0004
[252] [M]: 0x0000000080002460 (0x00040413) addi x8, x8, 0x0                         chk_Mtval+16
x8 <- 0x0000000000000000

mem[X,0x0000000080002464] -> 0x1413
mem[X,0x0000000080002466] -> 0x00B4
[253] [M]: 0x0000000080002464 (0x00B41413) slli x8, x8, 0xb                         chk_Mtval+20
x8 <- 0x0000000000000000

clint mtime 0x000000000000007F (mip.MTI <- 0b1, mip.STI <- 0b0)
mem[X,0x0000000080002468] -> 0x0413
mem[X,0x000000008000246A] -> 0x02C4
[254] [M]: 0x0000000080002468 (0x02C40413) addi x8, x8, 0x2c                        chk_Mtval+24
x8 <- 0x000000000000002C

mem[X,0x000000008000246C] -> 0x1413
mem[X,0x000000008000246E] -> 0x00A4
[255] [M]: 0x000000008000246C (0x00A41413) slli x8, x8, 0xa                         chk_Mtval+28
x8 <- 0x000000000000B000

clint mtime 0x0000000000000080 (mip.MTI <- 0b1, mip.STI <- 0b0)
mem[X,0x0000000080002470] -> 0x0413
mem[X,0x0000000080002472] -> 0x0FB4
[256] [M]: 0x0000000080002470 (0x0FB40413) addi x8, x8, 0xfb                        chk_Mtval+32
x8 <- 0x000000000000B0FB

mem[X,0x0000000080002474] -> 0x5433
mem[X,0x0000000080002476] -> 0x00A4
[257] [M]: 0x0000000080002474 (0x00A45433) srl x8, x8, x10                          chk_Mtval+36
x8 <- 0x0000000000002C3E

clint mtime 0x0000000000000081 (mip.MTI <- 0b1, mip.STI <- 0b0)
mem[X,0x0000000080002478] -> 0x1413
mem[X,0x000000008000247A] -> 0x03F4
[258] [M]: 0x0000000080002478 (0x03F41413) slli x8, x8, 0x3f                        chk_Mtval+40
x8 <- 0x0000000000000000

mem[X,0x000000008000247C] -> 0x5C63
mem[X,0x000000008000247E] -> 0x0404
[259] [M]: 0x000000008000247C (0x04045C63) bge x8, x0, 0x58                         chk_Mtval+44

clint mtime 0x0000000000000082 (mip.MTI <- 0b1, mip.STI <- 0b0)
mem[X,0x00000000800024D4] -> 0x3C23
mem[X,0x00000000800024D6] -> 0x0083
[260] [M]: 0x00000000800024D4 (0x00833C23) sd x8, 0x18(x6)                          sv_Mtval+0
mem[W,0x0000000080006238] <- 0x0000000000000000

mem[X,0x00000000800024D8] -> 0x3483
mem[X,0x00000000800024DA] -> 0x2181
[261] [M]: 0x00000000800024D8 (0x21813483) ld x9, 0x218(x2)                         skp_Mtval+0
mem[R,0x0000000080005218] -> 0x0000000080006240
x9 <- 0x0000000080006240

clint mtime 0x0000000000000083 (mip.MTI <- 0b1, mip.STI <- 0b0)
mem[X,0x00000000800024DC] -> 0x3383
mem[X,0x00000000800024DE] -> 0x1F81
[262] [M]: 0x00000000800024DC (0x1F813383) ld x7, 0x1f8(x2)                         skp_Mtval+4
mem[R,0x00000000800051F8] -> 0x0000000080006110
x7 <- 0x0000000080006110

mem[X,0x00000000800024E0] -> 0x3303
mem[X,0x00000000800024E2] -> 0x2001
[263] [M]: 0x00000000800024E0 (0x20013303) ld x6, 0x200(x2)                         skp_Mtval+8
mem[R,0x0000000080005200] -> 0x0000000000000920
x6 <- 0x0000000000000920

clint mtime 0x0000000000000084 (mip.MTI <- 0b1, mip.STI <- 0b0)
mem[X,0x00000000800024E4] -> 0x0333
mem[X,0x00000000800024E6] -> 0x0073
[264] [M]: 0x00000000800024E4 (0x00730333) add x6, x6, x7                           skp_Mtval+12
x6 <- 0x0000000080006A30

mem[X,0x00000000800024E8] -> 0x6DE3
mem[X,0x00000000800024EA] -> 0xB293
[265] [M]: 0x00000000800024E8 (0xB2936DE3) bltu x6, x9, -0x4c6                      skp_Mtval+16

clint mtime 0x0000000000000085 (mip.MTI <- 0b1, mip.STI <- 0b0)
mem[X,0x00000000800024EC] -> 0x0393
mem[X,0x00000000800024EE] -> 0x2000
[266] [M]: 0x00000000800024EC (0x20000393) addi x7, x0, 0x200                       skp_Mtval+20
x7 <- 0x0000000000000200

mem[X,0x00000000800024F0] -> 0x006F
mem[X,0x00000000800024F2] -> 0x0400
[267] [M]: 0x00000000800024F0 (0x0400006F) jal x0, 0x40                             skp_Mtval+24

clint mtime 0x0000000000000086 (mip.MTI <- 0b1, mip.STI <- 0b0)
mem[X,0x0000000080002530] -> 0x0417
mem[X,0x0000000080002532] -> 0x0000
[268] [M]: 0x0000000080002530 (0x00000417) auipc x8, 0x0                            spcl_Mhandler+0
x8 <- 0x0000000080002530

mem[X,0x0000000080002534] -> 0x0413
mem[X,0x0000000080002536] -> 0x03C4
[269] [M]: 0x0000000080002534 (0x03C40413) addi x8, x8, 0x3c                        spcl_Mhandler+4
x8 <- 0x000000008000256C

clint mtime 0x0000000000000087 (mip.MTI <- 0b1, mip.STI <- 0b0)
mem[X,0x0000000080002538] -> 0x0433
mem[X,0x000000008000253A] -> 0x0074
[270] [M]: 0x0000000080002538 (0x00740433) add x8, x8, x7                           spcl_Mhandler+8
x8 <- 0x000000008000276C

mem[X,0x000000008000253C] -> 0x1393
mem[X,0x000000008000253E] -> 0x0035
[271] [M]: 0x000000008000253C (0x00351393) slli x7, x10, 0x3                        spcl_Mhandler+12
x7 <- 0x0000000000000010

clint mtime 0x0000000000000088 (mip.MTI <- 0b1, mip.STI <- 0b0)
mem[X,0x0000000080002540] -> 0x0433
mem[X,0x0000000080002542] -> 0x0074
[272] [M]: 0x0000000080002540 (0x00740433) add x8, x8, x7                           spcl_Mhandler+16
x8 <- 0x000000008000277C

mem[X,0x0000000080002544] -> 0x7413
mem[X,0x0000000080002546] -> 0xFF84
[273] [M]: 0x0000000080002544 (0xFF847413) andi x8, x8, -0x8                        spcl_Mhandler+20
x8 <- 0x0000000080002778

clint mtime 0x0000000000000089 (mip.MTI <- 0b1, mip.STI <- 0b0)
mem[X,0x0000000080002548] -> 0x3403
mem[X,0x000000008000254A] -> 0x0004
[274] [M]: 0x0000000080002548 (0x00043403) ld x8, 0x0(x8)                           spcl_Mhandler+24
mem[R,0x0000000080002778] -> 0x0000000000000005
x8 <- 0x0000000000000005

mem[X,0x000000008000254C] -> 0x0DE3
mem[X,0x000000008000254E] -> 0xB004
[275] [M]: 0x000000008000254C (0xB0040DE3) beq x8, x0, -0x4e6                       spcl_Mdispatch_hndling+0

clint mtime 0x000000000000008A (mip.MTI <- 0b1, mip.STI <- 0b0)
mem[X,0x0000000080002550] -> 0x1393
mem[X,0x0000000080002552] -> 0x03F4
[276] [M]: 0x0000000080002550 (0x03F41393) slli x7, x8, 0x3f                        spcl_Mdispatch_hndling+4
x7 <- 0x8000000000000000

mem[X,0x0000000080002554] -> 0xD863
mem[X,0x0000000080002556] -> 0x0003
[277] [M]: 0x0000000080002554 (0x0003D863) bge x7, x0, 0x10                         spcl_Mdispatch_hndling+8

clint mtime 0x000000000000008B (mip.MTI <- 0b1, mip.STI <- 0b0)
mem[X,0x0000000080002558] -> 0x5413
mem[X,0x000000008000255A] -> 0x0014
[278] [M]: 0x0000000080002558 (0x00145413) srli x8, x8, 0x1                         spcl_Mdispatch_hndling+12
x8 <- 0x0000000000000002

mem[X,0x000000008000255C] -> 0x0CE3
mem[X,0x000000008000255E] -> 0xF885
[279] [M]: 0x000000008000255C (0xF8850CE3) beq x10, x8, -0x68                       spcl_Mdispatch_hndling+16

clint mtime 0x000000000000008C (mip.MTI <- 0b1, mip.STI <- 0b0)
mem[X,0x00000000800024F4] -> 0x3303
mem[X,0x00000000800024F6] -> 0x2601
[280] [M]: 0x00000000800024F4 (0x26013303) ld x6, 0x260(x2)                         resto_Mrtn+0
mem[R,0x0000000080005260] -> 0x000000001FDDB7D5
x6 <- 0x000000001FDDB7D5

mem[X,0x00000000800024F8] -> 0x3383
mem[X,0x00000000800024FA] -> 0x2681
[281] [M]: 0x00000000800024F8 (0x26813383) ld x7, 0x268(x2)                         resto_Mrtn+4
mem[R,0x0000000080005268] -> 0x00000000003FBB6F
x7 <- 0x00000000003FBB6F

clint mtime 0x000000000000008D (mip.MTI <- 0b1, mip.STI <- 0b0)
mem[X,0x00000000800024FC] -> 0x3403
mem[X,0x00000000800024FE] -> 0x2701
[282] [M]: 0x00000000800024FC (0x27013403) ld x8, 0x270(x2)                         resto_Mrtn+8
mem[R,0x0000000080005270] -> 0x0000000000007F76
x8 <- 0x0000000000007F76

mem[X,0x0000000080002500] -> 0x3483
mem[X,0x0000000080002502] -> 0x2781
[283] [M]: 0x0000000080002500 (0x27813483) ld x9, 0x278(x2)                         resto_Mrtn+12
mem[R,0x0000000080005278] -> 0x00000000000000FE
x9 <- 0x00000000000000FE

clint mtime 0x000000000000008E (mip.MTI <- 0b1, mip.STI <- 0b0)
mem[X,0x0000000080002504] -> 0x3503
mem[X,0x0000000080002506] -> 0x2801
[284] [M]: 0x0000000080002504 (0x28013503) ld x10, 0x280(x2)                        resto_Mrtn+16
mem[R,0x0000000080005280] -> 0x0000000000000001
x10 <- 0x0000000000000001

mem[X,0x0000000080002508] -> 0x3583
mem[X,0x000000008000250A] -> 0x2881
[285] [M]: 0x0000000080002508 (0x28813583) ld x11, 0x288(x2)                        resto_Mrtn+20
mem[R,0x0000000080005288] -> 0x0000000000000000
x11 <- 0x0000000000000000

clint mtime 0x000000000000008F (mip.MTI <- 0b1, mip.STI <- 0b0)
mem[X,0x000000008000250C] -> 0x3103
mem[X,0x000000008000250E] -> 0x2901
[286] [M]: 0x000000008000250C (0x29013103) ld x2, 0x290(x2)                         resto_Mrtn+24
mem[R,0x0000000080005290] -> 0x01FDDB7D5BFDDB7F
x2 <- 0x01FDDB7D5BFDDB7F

mem[X,0x0000000080002510] -> 0x0073
mem[X,0x0000000080002512] -> 0x3020
[287] [M]: 0x0000000080002510 (0x30200073) mret                                     resto_Mrtn+28
CSR mstatus (0x300) <- 0x0000000A00000080
ret-ing from M to M

clint mtime 0x0000000000000090 (mip.MTI <- 0b1, mip.STI <- 0b0)
mem[X,0x0000000080000334] -> 0x0013
mem[X,0x0000000080000336] -> 0x0000
[288] [M]: 0x0000000080000334 (0x00000013) addi x0, x0, 0x0                         main+148

mem[X,0x0000000080000338] -> 0x0013
mem[X,0x000000008000033A] -> 0x0000
[289] [M]: 0x0000000080000338 (0x00000013) addi x0, x0, 0x0                         main+152

clint mtime 0x0000000000000091 (mip.MTI <- 0b1, mip.STI <- 0b0)
mem[X,0x000000008000033C] -> 0x0013
mem[X,0x000000008000033E] -> 0x0000
[290] [M]: 0x000000008000033C (0x00000013) addi x0, x0, 0x0                         main+156

mem[X,0x0000000080000340] -> 0x12B7
mem[X,0x0000000080000342] -> 0x2000
[291] [M]: 0x0000000080000340 (0x200012B7) lui x5, 0x20001                          main+160
x5 <- 0x0000000020001000

clint mtime 0x0000000000000092 (mip.MTI <- 0b1, mip.STI <- 0b0)
mem[X,0x0000000080000344] -> 0x829B
mem[X,0x0000000080000346] -> 0x8002
[292] [M]: 0x0000000080000344 (0x8002829B) addiw x5, x5, -0x800                     main+164
x5 <- 0x0000000020000800

mem[X,0x0000000080000348] -> 0x0013
mem[X,0x000000008000034A] -> 0x0000
[293] [M]: 0x0000000080000348 (0x00000013) addi x0, x0, 0x0                         main+168

clint mtime 0x0000000000000093 (mip.MTI <- 0b1, mip.STI <- 0b0)
mem[X,0x000000008000034C] -> 0x0013
mem[X,0x000000008000034E] -> 0x0000
[294] [M]: 0x000000008000034C (0x00000013) addi x0, x0, 0x0                         main+172

mem[X,0x0000000080000350] -> 0x0013
mem[X,0x0000000080000352] -> 0x0000
[295] [M]: 0x0000000080000350 (0x00000013) addi x0, x0, 0x0                         main+176

clint mtime 0x0000000000000094 (mip.MTI <- 0b1, mip.STI <- 0b0)
mem[X,0x0000000080000354] -> 0x0013
mem[X,0x0000000080000356] -> 0x0000
[296] [M]: 0x0000000080000354 (0x00000013) addi x0, x0, 0x0                         main+180

mem[X,0x0000000080000358] -> 0x0013
mem[X,0x000000008000035A] -> 0x0000
[297] [M]: 0x0000000080000358 (0x00000013) addi x0, x0, 0x0                         main+184

clint mtime 0x0000000000000095 (mip.MTI <- 0b1, mip.STI <- 0b0)
mem[X,0x000000008000035C] -> 0x0013
mem[X,0x000000008000035E] -> 0x0000
[298] [M]: 0x000000008000035C (0x00000013) addi x0, x0, 0x0                         main+188

mem[X,0x0000000080000360] -> 0x9073
mem[X,0x0000000080000362] -> 0x3B02
[299] [M]: 0x0000000080000360 (0x3B029073) csrrw x0, pmpaddr0, x5                   main+192
CSR pmpaddr0 (0x3B0) <- 0x0000000020000800

clint mtime 0x0000000000000096 (mip.MTI <- 0b1, mip.STI <- 0b0)
mem[X,0x0000000080000364] -> 0x0013
mem[X,0x0000000080000366] -> 0x0000
[300] [M]: 0x0000000080000364 (0x00000013) addi x0, x0, 0x0                         main+196

mem[X,0x0000000080000368] -> 0x0013
mem[X,0x000000008000036A] -> 0x0000
[301] [M]: 0x0000000080000368 (0x00000013) addi x0, x0, 0x0                         main+200

clint mtime 0x0000000000000097 (mip.MTI <- 0b1, mip.STI <- 0b0)
mem[X,0x000000008000036C] -> 0x0013
mem[X,0x000000008000036E] -> 0x0000
[302] [M]: 0x000000008000036C (0x00000013) addi x0, x0, 0x0                         main+204

mem[X,0x0000000080000370] -> 0x0013
mem[X,0x0000000080000372] -> 0x0000
[303] [M]: 0x0000000080000370 (0x00000013) addi x0, x0, 0x0                         main+208

clint mtime 0x0000000000000098 (mip.MTI <- 0b1, mip.STI <- 0b0)
mem[X,0x0000000080000374] -> 0x0013
mem[X,0x0000000080000376] -> 0x0000
[304] [M]: 0x0000000080000374 (0x00000013) addi x0, x0, 0x0                         main+212

mem[X,0x0000000080000378] -> 0x0013
mem[X,0x000000008000037A] -> 0x0000
[305] [M]: 0x0000000080000378 (0x00000013) addi x0, x0, 0x0                         main+216

clint mtime 0x0000000000000099 (mip.MTI <- 0b1, mip.STI <- 0b0)
mem[X,0x000000008000037C] -> 0x0013
mem[X,0x000000008000037E] -> 0x0000
[306] [M]: 0x000000008000037C (0x00000013) addi x0, x0, 0x0                         main+220

mem[X,0x0000000080000380] -> 0x021B
mem[X,0x0000000080000382] -> 0x09F0
[307] [M]: 0x0000000080000380 (0x09F0021B) addiw x4, x0, 0x9f                       main+224
x4 <- 0x000000000000009F

clint mtime 0x000000000000009A (mip.MTI <- 0b1, mip.STI <- 0b0)
mem[X,0x0000000080000384] -> 0x0013
mem[X,0x0000000080000386] -> 0x0000
[308] [M]: 0x0000000080000384 (0x00000013) addi x0, x0, 0x0                         main+228

mem[X,0x0000000080000388] -> 0x0013
mem[X,0x000000008000038A] -> 0x0000
[309] [M]: 0x0000000080000388 (0x00000013) addi x0, x0, 0x0                         main+232

clint mtime 0x000000000000009B (mip.MTI <- 0b1, mip.STI <- 0b0)
mem[X,0x000000008000038C] -> 0x0013
mem[X,0x000000008000038E] -> 0x0000
[310] [M]: 0x000000008000038C (0x00000013) addi x0, x0, 0x0                         main+236

mem[X,0x0000000080000390] -> 0x0013
mem[X,0x0000000080000392] -> 0x0000
[311] [M]: 0x0000000080000390 (0x00000013) addi x0, x0, 0x0                         main+240

clint mtime 0x000000000000009C (mip.MTI <- 0b1, mip.STI <- 0b0)
mem[X,0x0000000080000394] -> 0x0013
mem[X,0x0000000080000396] -> 0x0000
[312] [M]: 0x0000000080000394 (0x00000013) addi x0, x0, 0x0                         main+244

mem[X,0x0000000080000398] -> 0x0013
mem[X,0x000000008000039A] -> 0x0000
[313] [M]: 0x0000000080000398 (0x00000013) addi x0, x0, 0x0                         main+248

clint mtime 0x000000000000009D (mip.MTI <- 0b1, mip.STI <- 0b0)
mem[X,0x000000008000039C] -> 0x0013
mem[X,0x000000008000039E] -> 0x0000
[314] [M]: 0x000000008000039C (0x00000013) addi x0, x0, 0x0                         main+252

mem[X,0x00000000800003A0] -> 0x1073
mem[X,0x00000000800003A2] -> 0x3A02
[315] [M]: 0x00000000800003A0 (0x3A021073) csrrw x0, pmpcfg0, x4                    main+256
CSR pmpcfg0 (0x3A0) <- 0x000000000000009F

clint mtime 0x000000000000009E (mip.MTI <- 0b1, mip.STI <- 0b0)
mem[X,0x00000000800003A4] -> 0x0013
mem[X,0x00000000800003A6] -> 0x0000
[316] [M]: 0x00000000800003A4 (0x00000013) addi x0, x0, 0x0                         main+260

mem[X,0x00000000800003A8] -> 0x0013
mem[X,0x00000000800003AA] -> 0x0000
[317] [M]: 0x00000000800003A8 (0x00000013) addi x0, x0, 0x0                         main+264

clint mtime 0x000000000000009F (mip.MTI <- 0b1, mip.STI <- 0b0)
mem[X,0x00000000800003AC] -> 0x0013
mem[X,0x00000000800003AE] -> 0x0000
[318] [M]: 0x00000000800003AC (0x00000013) addi x0, x0, 0x0                         main+268

mem[X,0x00000000800003B0] -> 0x0013
mem[X,0x00000000800003B2] -> 0x0000
[319] [M]: 0x00000000800003B0 (0x00000013) addi x0, x0, 0x0                         main+272

clint mtime 0x00000000000000A0 (mip.MTI <- 0b1, mip.STI <- 0b0)
mem[X,0x00000000800003B4] -> 0x0013
mem[X,0x00000000800003B6] -> 0x0000
[320] [M]: 0x00000000800003B4 (0x00000013) addi x0, x0, 0x0                         main+276

mem[X,0x00000000800003B8] -> 0x0013
mem[X,0x00000000800003BA] -> 0x0000
[321] [M]: 0x00000000800003B8 (0x00000013) addi x0, x0, 0x0                         main+280

clint mtime 0x00000000000000A1 (mip.MTI <- 0b1, mip.STI <- 0b0)
mem[X,0x00000000800003BC] -> 0x0013
mem[X,0x00000000800003BE] -> 0x0000
[322] [M]: 0x00000000800003BC (0x00000013) addi x0, x0, 0x0                         main+284

mem[X,0x00000000800003C0] -> 0x12B7
mem[X,0x00000000800003C2] -> 0x2000
[323] [M]: 0x00000000800003C0 (0x200012B7) lui x5, 0x20001                          main+288
x5 <- 0x0000000020001000

clint mtime 0x00000000000000A2 (mip.MTI <- 0b1, mip.STI <- 0b0)
mem[X,0x00000000800003C4] -> 0x829B
mem[X,0x00000000800003C6] -> 0x8022
[324] [M]: 0x00000000800003C4 (0x8022829B) addiw x5, x5, -0x7fe                     main+292
x5 <- 0x0000000020000802

mem[X,0x00000000800003C8] -> 0x0013
mem[X,0x00000000800003CA] -> 0x0000
[325] [M]: 0x00000000800003C8 (0x00000013) addi x0, x0, 0x0                         main+296

clint mtime 0x00000000000000A3 (mip.MTI <- 0b1, mip.STI <- 0b0)
mem[X,0x00000000800003CC] -> 0x0013
mem[X,0x00000000800003CE] -> 0x0000
[326] [M]: 0x00000000800003CC (0x00000013) addi x0, x0, 0x0                         main+300

mem[X,0x00000000800003D0] -> 0x0013
mem[X,0x00000000800003D2] -> 0x0000
[327] [M]: 0x00000000800003D0 (0x00000013) addi x0, x0, 0x0                         main+304

clint mtime 0x00000000000000A4 (mip.MTI <- 0b1, mip.STI <- 0b0)
mem[X,0x00000000800003D4] -> 0x0013
mem[X,0x00000000800003D6] -> 0x0000
[328] [M]: 0x00000000800003D4 (0x00000013) addi x0, x0, 0x0                         main+308

mem[X,0x00000000800003D8] -> 0x0013
mem[X,0x00000000800003DA] -> 0x0000
[329] [M]: 0x00000000800003D8 (0x00000013) addi x0, x0, 0x0                         main+312

clint mtime 0x00000000000000A5 (mip.MTI <- 0b1, mip.STI <- 0b0)
mem[X,0x00000000800003DC] -> 0x0013
mem[X,0x00000000800003DE] -> 0x0000
[330] [M]: 0x00000000800003DC (0x00000013) addi x0, x0, 0x0                         main+316

mem[X,0x00000000800003E0] -> 0x9073
mem[X,0x00000000800003E2] -> 0x3B12
[331] [M]: 0x00000000800003E0 (0x3B129073) csrrw x0, pmpaddr1, x5                   main+320
CSR pmpaddr1 (0x3B1) <- 0x0000000020000802

clint mtime 0x00000000000000A6 (mip.MTI <- 0b1, mip.STI <- 0b0)
mem[X,0x00000000800003E4] -> 0x0013
mem[X,0x00000000800003E6] -> 0x0000
[332] [M]: 0x00000000800003E4 (0x00000013) addi x0, x0, 0x0                         main+324

mem[X,0x00000000800003E8] -> 0x0013
mem[X,0x00000000800003EA] -> 0x0000
[333] [M]: 0x00000000800003E8 (0x00000013) addi x0, x0, 0x0                         main+328

clint mtime 0x00000000000000A7 (mip.MTI <- 0b1, mip.STI <- 0b0)
mem[X,0x00000000800003EC] -> 0x0013
mem[X,0x00000000800003EE] -> 0x0000
[334] [M]: 0x00000000800003EC (0x00000013) addi x0, x0, 0x0                         main+332

mem[X,0x00000000800003F0] -> 0x0013
mem[X,0x00000000800003F2] -> 0x0000
[335] [M]: 0x00000000800003F0 (0x00000013) addi x0, x0, 0x0                         main+336

clint mtime 0x00000000000000A8 (mip.MTI <- 0b1, mip.STI <- 0b0)
mem[X,0x00000000800003F4] -> 0x0013
mem[X,0x00000000800003F6] -> 0x0000
[336] [M]: 0x00000000800003F4 (0x00000013) addi x0, x0, 0x0                         main+340

mem[X,0x00000000800003F8] -> 0x0013
mem[X,0x00000000800003FA] -> 0x0000
[337] [M]: 0x00000000800003F8 (0x00000013) addi x0, x0, 0x0                         main+344

clint mtime 0x00000000000000A9 (mip.MTI <- 0b1, mip.STI <- 0b0)
mem[X,0x00000000800003FC] -> 0x0013
mem[X,0x00000000800003FE] -> 0x0000
[338] [M]: 0x00000000800003FC (0x00000013) addi x0, x0, 0x0                         main+348

mem[X,0x0000000080000400] -> 0xA237
mem[X,0x0000000080000402] -> 0x0000
[339] [M]: 0x0000000080000400 (0x0000A237) lui x4, 0xa                              main+352
x4 <- 0x000000000000A000

clint mtime 0x00000000000000AA (mip.MTI <- 0b1, mip.STI <- 0b0)
mem[X,0x0000000080000404] -> 0x021B
mem[X,0x0000000080000406] -> 0xF002
[340] [M]: 0x0000000080000404 (0xF002021B) addiw x4, x4, -0x100                     main+356
x4 <- 0x0000000000009F00

mem[X,0x0000000080000408] -> 0x0013
mem[X,0x000000008000040A] -> 0x0000
[341] [M]: 0x0000000080000408 (0x00000013) addi x0, x0, 0x0                         main+360

clint mtime 0x00000000000000AB (mip.MTI <- 0b1, mip.STI <- 0b0)
mem[X,0x000000008000040C] -> 0x0013
mem[X,0x000000008000040E] -> 0x0000
[342] [M]: 0x000000008000040C (0x00000013) addi x0, x0, 0x0                         main+364

mem[X,0x0000000080000410] -> 0x0013
mem[X,0x0000000080000412] -> 0x0000
[343] [M]: 0x0000000080000410 (0x00000013) addi x0, x0, 0x0                         main+368

clint mtime 0x00000000000000AC (mip.MTI <- 0b1, mip.STI <- 0b0)
mem[X,0x0000000080000414] -> 0x0013
mem[X,0x0000000080000416] -> 0x0000
[344] [M]: 0x0000000080000414 (0x00000013) addi x0, x0, 0x0                         main+372

mem[X,0x0000000080000418] -> 0x0013
mem[X,0x000000008000041A] -> 0x0000
[345] [M]: 0x0000000080000418 (0x00000013) addi x0, x0, 0x0                         main+376

clint mtime 0x00000000000000AD (mip.MTI <- 0b1, mip.STI <- 0b0)
mem[X,0x000000008000041C] -> 0x0013
mem[X,0x000000008000041E] -> 0x0000
[346] [M]: 0x000000008000041C (0x00000013) addi x0, x0, 0x0                         main+380

mem[X,0x0000000080000420] -> 0x1073
mem[X,0x0000000080000422] -> 0x3A02
[347] [M]: 0x0000000080000420 (0x3A021073) csrrw x0, pmpcfg0, x4                    main+384
CSR pmpcfg0 (0x3A0) <- 0x0000000000009F9F

clint mtime 0x00000000000000AE (mip.MTI <- 0b1, mip.STI <- 0b0)
mem[X,0x0000000080000424] -> 0x0013
mem[X,0x0000000080000426] -> 0x0000
[348] [M]: 0x0000000080000424 (0x00000013) addi x0, x0, 0x0                         main+388

mem[X,0x0000000080000428] -> 0x0013
mem[X,0x000000008000042A] -> 0x0000
[349] [M]: 0x0000000080000428 (0x00000013) addi x0, x0, 0x0                         main+392

clint mtime 0x00000000000000AF (mip.MTI <- 0b1, mip.STI <- 0b0)
mem[X,0x000000008000042C] -> 0x0013
mem[X,0x000000008000042E] -> 0x0000
[350] [M]: 0x000000008000042C (0x00000013) addi x0, x0, 0x0                         main+396

mem[X,0x0000000080000430] -> 0x0013
mem[X,0x0000000080000432] -> 0x0000
[351] [M]: 0x0000000080000430 (0x00000013) addi x0, x0, 0x0                         main+400

clint mtime 0x00000000000000B0 (mip.MTI <- 0b1, mip.STI <- 0b0)
mem[X,0x0000000080000434] -> 0x0013
mem[X,0x0000000080000436] -> 0x0000
[352] [M]: 0x0000000080000434 (0x00000013) addi x0, x0, 0x0                         main+404

mem[X,0x0000000080000438] -> 0x0013
mem[X,0x000000008000043A] -> 0x0000
[353] [M]: 0x0000000080000438 (0x00000013) addi x0, x0, 0x0                         main+408

clint mtime 0x00000000000000B1 (mip.MTI <- 0b1, mip.STI <- 0b0)
mem[X,0x000000008000043C] -> 0x0013
mem[X,0x000000008000043E] -> 0x0000
[354] [M]: 0x000000008000043C (0x00000013) addi x0, x0, 0x0                         main+412

mem[X,0x0000000080000440] -> 0x12B7
mem[X,0x0000000080000442] -> 0x2000
[355] [M]: 0x0000000080000440 (0x200012B7) lui x5, 0x20001                          main+416
x5 <- 0x0000000020001000

clint mtime 0x00000000000000B2 (mip.MTI <- 0b1, mip.STI <- 0b0)
mem[X,0x0000000080000444] -> 0x829B
mem[X,0x0000000080000446] -> 0x8042
[356] [M]: 0x0000000080000444 (0x8042829B) addiw x5, x5, -0x7fc                     main+420
x5 <- 0x0000000020000804

mem[X,0x0000000080000448] -> 0x0013
mem[X,0x000000008000044A] -> 0x0000
[357] [M]: 0x0000000080000448 (0x00000013) addi x0, x0, 0x0                         main+424

clint mtime 0x00000000000000B3 (mip.MTI <- 0b1, mip.STI <- 0b0)
mem[X,0x000000008000044C] -> 0x0013
mem[X,0x000000008000044E] -> 0x0000
[358] [M]: 0x000000008000044C (0x00000013) addi x0, x0, 0x0                         main+428

mem[X,0x0000000080000450] -> 0x0013
mem[X,0x0000000080000452] -> 0x0000
[359] [M]: 0x0000000080000450 (0x00000013) addi x0, x0, 0x0                         main+432

clint mtime 0x00000000000000B4 (mip.MTI <- 0b1, mip.STI <- 0b0)
mem[X,0x0000000080000454] -> 0x0013
mem[X,0x0000000080000456] -> 0x0000
[360] [M]: 0x0000000080000454 (0x00000013) addi x0, x0, 0x0                         main+436

mem[X,0x0000000080000458] -> 0x0013
mem[X,0x000000008000045A] -> 0x0000
[361] [M]: 0x0000000080000458 (0x00000013) addi x0, x0, 0x0                         main+440

clint mtime 0x00000000000000B5 (mip.MTI <- 0b1, mip.STI <- 0b0)
mem[X,0x000000008000045C] -> 0x0013
mem[X,0x000000008000045E] -> 0x0000
[362] [M]: 0x000000008000045C (0x00000013) addi x0, x0, 0x0                         main+444

mem[X,0x0000000080000460] -> 0x9073
mem[X,0x0000000080000462] -> 0x3B22
[363] [M]: 0x0000000080000460 (0x3B229073) csrrw x0, pmpaddr2, x5                   main+448
CSR pmpaddr2 (0x3B2) <- 0x0000000020000804

clint mtime 0x00000000000000B6 (mip.MTI <- 0b1, mip.STI <- 0b0)
mem[X,0x0000000080000464] -> 0x0013
mem[X,0x0000000080000466] -> 0x0000
[364] [M]: 0x0000000080000464 (0x00000013) addi x0, x0, 0x0                         main+452

mem[X,0x0000000080000468] -> 0x0013
mem[X,0x000000008000046A] -> 0x0000
[365] [M]: 0x0000000080000468 (0x00000013) addi x0, x0, 0x0                         main+456

clint mtime 0x00000000000000B7 (mip.MTI <- 0b1, mip.STI <- 0b0)
mem[X,0x000000008000046C] -> 0x0013
mem[X,0x000000008000046E] -> 0x0000
[366] [M]: 0x000000008000046C (0x00000013) addi x0, x0, 0x0                         main+460

mem[X,0x0000000080000470] -> 0x0013
mem[X,0x0000000080000472] -> 0x0000
[367] [M]: 0x0000000080000470 (0x00000013) addi x0, x0, 0x0                         main+464

clint mtime 0x00000000000000B8 (mip.MTI <- 0b1, mip.STI <- 0b0)
mem[X,0x0000000080000474] -> 0x0013
mem[X,0x0000000080000476] -> 0x0000
[368] [M]: 0x0000000080000474 (0x00000013) addi x0, x0, 0x0                         main+468

mem[X,0x0000000080000478] -> 0x0013
mem[X,0x000000008000047A] -> 0x0000
[369] [M]: 0x0000000080000478 (0x00000013) addi x0, x0, 0x0                         main+472

clint mtime 0x00000000000000B9 (mip.MTI <- 0b1, mip.STI <- 0b0)
mem[X,0x000000008000047C] -> 0x0013
mem[X,0x000000008000047E] -> 0x0000
[370] [M]: 0x000000008000047C (0x00000013) addi x0, x0, 0x0                         main+476

mem[X,0x0000000080000480] -> 0x0237
mem[X,0x0000000080000482] -> 0x0098
[371] [M]: 0x0000000080000480 (0x00980237) lui x4, 0x980                            main+480
x4 <- 0x0000000000980000

clint mtime 0x00000000000000BA (mip.MTI <- 0b1, mip.STI <- 0b0)
mem[X,0x0000000080000484] -> 0x0013
mem[X,0x0000000080000486] -> 0x0000
[372] [M]: 0x0000000080000484 (0x00000013) addi x0, x0, 0x0                         main+484

mem[X,0x0000000080000488] -> 0x0013
mem[X,0x000000008000048A] -> 0x0000
[373] [M]: 0x0000000080000488 (0x00000013) addi x0, x0, 0x0                         main+488

clint mtime 0x00000000000000BB (mip.MTI <- 0b1, mip.STI <- 0b0)
mem[X,0x000000008000048C] -> 0x0013
mem[X,0x000000008000048E] -> 0x0000
[374] [M]: 0x000000008000048C (0x00000013) addi x0, x0, 0x0                         main+492

mem[X,0x0000000080000490] -> 0x0013
mem[X,0x0000000080000492] -> 0x0000
[375] [M]: 0x0000000080000490 (0x00000013) addi x0, x0, 0x0                         main+496

clint mtime 0x00000000000000BC (mip.MTI <- 0b1, mip.STI <- 0b0)
mem[X,0x0000000080000494] -> 0x0013
mem[X,0x0000000080000496] -> 0x0000
[376] [M]: 0x0000000080000494 (0x00000013) addi x0, x0, 0x0                         main+500

mem[X,0x0000000080000498] -> 0x0013
mem[X,0x000000008000049A] -> 0x0000
[377] [M]: 0x0000000080000498 (0x00000013) addi x0, x0, 0x0                         main+504

clint mtime 0x00000000000000BD (mip.MTI <- 0b1, mip.STI <- 0b0)
mem[X,0x000000008000049C] -> 0x0013
mem[X,0x000000008000049E] -> 0x0000
[378] [M]: 0x000000008000049C (0x00000013) addi x0, x0, 0x0                         main+508

mem[X,0x00000000800004A0] -> 0x1073
mem[X,0x00000000800004A2] -> 0x3A02
[379] [M]: 0x00000000800004A0 (0x3A021073) csrrw x0, pmpcfg0, x4                    main+512
CSR pmpcfg0 (0x3A0) <- 0x0000000000989F9F

clint mtime 0x00000000000000BE (mip.MTI <- 0b1, mip.STI <- 0b0)
mem[X,0x00000000800004A4] -> 0x0013
mem[X,0x00000000800004A6] -> 0x0000
[380] [M]: 0x00000000800004A4 (0x00000013) addi x0, x0, 0x0                         main+516

mem[X,0x00000000800004A8] -> 0x0013
mem[X,0x00000000800004AA] -> 0x0000
[381] [M]: 0x00000000800004A8 (0x00000013) addi x0, x0, 0x0                         main+520

clint mtime 0x00000000000000BF (mip.MTI <- 0b1, mip.STI <- 0b0)
mem[X,0x00000000800004AC] -> 0x0013
mem[X,0x00000000800004AE] -> 0x0000
[382] [M]: 0x00000000800004AC (0x00000013) addi x0, x0, 0x0                         main+524

mem[X,0x00000000800004B0] -> 0x0013
mem[X,0x00000000800004B2] -> 0x0000
[383] [M]: 0x00000000800004B0 (0x00000013) addi x0, x0, 0x0                         main+528

clint mtime 0x00000000000000C0 (mip.MTI <- 0b1, mip.STI <- 0b0)
mem[X,0x00000000800004B4] -> 0x0013
mem[X,0x00000000800004B6] -> 0x0000
[384] [M]: 0x00000000800004B4 (0x00000013) addi x0, x0, 0x0                         main+532

mem[X,0x00000000800004B8] -> 0x0013
mem[X,0x00000000800004BA] -> 0x0000
[385] [M]: 0x00000000800004B8 (0x00000013) addi x0, x0, 0x0                         main+536

clint mtime 0x00000000000000C1 (mip.MTI <- 0b1, mip.STI <- 0b0)
mem[X,0x00000000800004BC] -> 0x0013
mem[X,0x00000000800004BE] -> 0x0000
[386] [M]: 0x00000000800004BC (0x00000013) addi x0, x0, 0x0                         main+540

mem[X,0x00000000800004C0] -> 0x2797
mem[X,0x00000000800004C2] -> 0x0000
[387] [M]: 0x00000000800004C0 (0x00002797) auipc x15, 0x2                           main+544
x15 <- 0x00000000800024C0

clint mtime 0x00000000000000C2 (mip.MTI <- 0b1, mip.STI <- 0b0)
mem[X,0x00000000800004C4] -> 0x8793
mem[X,0x00000000800004C6] -> 0xB447
[388] [M]: 0x00000000800004C4 (0xB4478793) addi x15, x15, -0x4bc                    main+548
x15 <- 0x0000000080002004

mem[X,0x00000000800004C8] -> 0x0013
mem[X,0x00000000800004CA] -> 0x0000
[389] [M]: 0x00000000800004C8 (0x00000013) addi x0, x0, 0x0                         main+552

clint mtime 0x00000000000000C3 (mip.MTI <- 0b1, mip.STI <- 0b0)
mem[X,0x00000000800004CC] -> 0x0013
mem[X,0x00000000800004CE] -> 0x0000
[390] [M]: 0x00000000800004CC (0x00000013) addi x0, x0, 0x0                         main+556

mem[X,0x00000000800004D0] -> 0x0013
mem[X,0x00000000800004D2] -> 0x0000
[391] [M]: 0x00000000800004D0 (0x00000013) addi x0, x0, 0x0                         main+560

clint mtime 0x00000000000000C4 (mip.MTI <- 0b1, mip.STI <- 0b0)
mem[X,0x00000000800004D4] -> 0x0013
mem[X,0x00000000800004D6] -> 0x0000
[392] [M]: 0x00000000800004D4 (0x00000013) addi x0, x0, 0x0                         main+564

mem[X,0x00000000800004D8] -> 0x0013
mem[X,0x00000000800004DA] -> 0x0000
[393] [M]: 0x00000000800004D8 (0x00000013) addi x0, x0, 0x0                         main+568

clint mtime 0x00000000000000C5 (mip.MTI <- 0b1, mip.STI <- 0b0)
mem[X,0x00000000800004DC] -> 0x0013
mem[X,0x00000000800004DE] -> 0x0000
[394] [M]: 0x00000000800004DC (0x00000013) addi x0, x0, 0x0                         main+572

mem[X,0x00000000800004E0] -> 0x9782
[395] [M]: 0x00000000800004E0 (0x9782) c.jalr x15                                   main+576
x1 <- 0x00000000800004E2

clint mtime 0x00000000000000C6 (mip.MTI <- 0b1, mip.STI <- 0b0)
mem[X,0x0000000080002004] -> 0x8067
mem[X,0x0000000080002006] -> 0x0000
[396] [M]: 0x0000000080002004 (0x00008067) jalr x0, 0x0(x1)                         TEST_FOR_EXECUTION_2+0

mem[X,0x00000000800004E2] -> 0x0001
[397] [M]: 0x00000000800004E2 (0x0001) c.nop                                        main+578

clint mtime 0x00000000000000C7 (mip.MTI <- 0b1, mip.STI <- 0b0)
mem[X,0x00000000800004E4] -> 0x0013
mem[X,0x00000000800004E6] -> 0x0000
[398] [M]: 0x00000000800004E4 (0x00000013) addi x0, x0, 0x0                         main+580

mem[X,0x00000000800004E8] -> 0x0013
mem[X,0x00000000800004EA] -> 0x0000
[399] [M]: 0x00000000800004E8 (0x00000013) addi x0, x0, 0x0                         main+584

clint mtime 0x00000000000000C8 (mip.MTI <- 0b1, mip.STI <- 0b0)
mem[X,0x00000000800004EC] -> 0x0013
mem[X,0x00000000800004EE] -> 0x0000
[400] [M]: 0x00000000800004EC (0x00000013) addi x0, x0, 0x0                         main+588

mem[X,0x00000000800004F0] -> 0x0013
mem[X,0x00000000800004F2] -> 0x0000
[401] [M]: 0x00000000800004F0 (0x00000013) addi x0, x0, 0x0                         main+592

clint mtime 0x00000000000000C9 (mip.MTI <- 0b1, mip.STI <- 0b0)
mem[X,0x00000000800004F4] -> 0x0013
mem[X,0x00000000800004F6] -> 0x0000
[402] [M]: 0x00000000800004F4 (0x00000013) addi x0, x0, 0x0                         main+596

mem[X,0x00000000800004F8] -> 0x0013
mem[X,0x00000000800004FA] -> 0x0000
[403] [M]: 0x00000000800004F8 (0x00000013) addi x0, x0, 0x0                         main+600

clint mtime 0x00000000000000CA (mip.MTI <- 0b1, mip.STI <- 0b0)
mem[X,0x00000000800004FC] -> 0x0013
mem[X,0x00000000800004FE] -> 0x0000
[404] [M]: 0x00000000800004FC (0x00000013) addi x0, x0, 0x0                         main+604

mem[X,0x0000000080000500] -> 0x2797
mem[X,0x0000000080000502] -> 0x0000
[405] [M]: 0x0000000080000500 (0x00002797) auipc x15, 0x2                           main+608
x15 <- 0x0000000080002500

clint mtime 0x00000000000000CB (mip.MTI <- 0b1, mip.STI <- 0b0)
mem[X,0x0000000080000504] -> 0x8793
mem[X,0x0000000080000506] -> 0xB0A7
[406] [M]: 0x0000000080000504 (0xB0A78793) addi x15, x15, -0x4f6                    main+612
x15 <- 0x000000008000200A

mem[X,0x0000000080000508] -> 0x0013
mem[X,0x000000008000050A] -> 0x0000
[407] [M]: 0x0000000080000508 (0x00000013) addi x0, x0, 0x0                         main+616

clint mtime 0x00000000000000CC (mip.MTI <- 0b1, mip.STI <- 0b0)
mem[X,0x000000008000050C] -> 0x0013
mem[X,0x000000008000050E] -> 0x0000
[408] [M]: 0x000000008000050C (0x00000013) addi x0, x0, 0x0                         main+620

mem[X,0x0000000080000510] -> 0x0013
mem[X,0x0000000080000512] -> 0x0000
[409] [M]: 0x0000000080000510 (0x00000013) addi x0, x0, 0x0                         main+624

clint mtime 0x00000000000000CD (mip.MTI <- 0b1, mip.STI <- 0b0)
mem[X,0x0000000080000514] -> 0x0013
mem[X,0x0000000080000516] -> 0x0000
[410] [M]: 0x0000000080000514 (0x00000013) addi x0, x0, 0x0                         main+628

mem[X,0x0000000080000518] -> 0x0013
mem[X,0x000000008000051A] -> 0x0000
[411] [M]: 0x0000000080000518 (0x00000013) addi x0, x0, 0x0                         main+632

clint mtime 0x00000000000000CE (mip.MTI <- 0b1, mip.STI <- 0b0)
mem[X,0x000000008000051C] -> 0x0013
mem[X,0x000000008000051E] -> 0x0000
[412] [M]: 0x000000008000051C (0x00000013) addi x0, x0, 0x0                         main+636

mem[X,0x0000000080000520] -> 0x9782
[413] [M]: 0x0000000080000520 (0x9782) c.jalr x15                                   main+640
x1 <- 0x0000000080000522

clint mtime 0x00000000000000CF (mip.MTI <- 0b1, mip.STI <- 0b0)
mem[X,0x000000008000200A] -> 0x8067
mem[X,0x000000008000200C] -> 0x0000
[414] [M]: 0x000000008000200A (0x00008067) jalr x0, 0x0(x1)                         TEST_FOR_EXECUTION_4+0

mem[X,0x0000000080000522] -> 0x0001
[415] [M]: 0x0000000080000522 (0x0001) c.nop                                        main+642

clint mtime 0x00000000000000D0 (mip.MTI <- 0b1, mip.STI <- 0b0)
mem[X,0x0000000080000524] -> 0xF737
mem[X,0x0000000080000526] -> 0x000B
[416] [M]: 0x0000000080000524 (0x000BF737) lui x14, 0xbf                            main+644
x14 <- 0x00000000000BF000

mem[X,0x0000000080000528] -> 0x071B
mem[X,0x000000008000052A] -> 0xEFD7
[417] [M]: 0x0000000080000528 (0xEFD7071B) addiw x14, x14, -0x103                   main+648
x14 <- 0x00000000000BEEFD

clint mtime 0x00000000000000D1 (mip.MTI <- 0b1, mip.STI <- 0b0)
mem[X,0x000000008000052C] -> 0x0732
[418] [M]: 0x000000008000052C (0x0732) c.slli x14, 0xc                              main+652
x14 <- 0x00000000BEEFD000

mem[X,0x000000008000052E] -> 0x0713
mem[X,0x0000000080000530] -> 0xAFE7
[419] [M]: 0x000000008000052E (0xAFE70713) addi x14, x14, -0x502                    main+654
x14 <- 0x00000000BEEFCAFE

clint mtime 0x00000000000000D2 (mip.MTI <- 0b1, mip.STI <- 0b0)
mem[X,0x0000000080000532] -> 0xE298
[420] [M]: 0x0000000080000532 (0xE298) c.sd x14, 0x0(x13)                           main+658
mem[W,0x0000000080006118] <- 0x00000000BEEFCAFE

mem[X,0x0000000080000534] -> 0x106F
mem[X,0x0000000080000536] -> 0x2E70
[421] [M]: 0x0000000080000534 (0x2E70106F) jal x0, 0x1ae6                           main+660

clint mtime 0x00000000000000D3 (mip.MTI <- 0b1, mip.STI <- 0b0)
mem[X,0x000000008000201A] -> 0x0113
mem[X,0x000000008000201C] -> 0x0000
[422] [M]: 0x000000008000201A (0x00000113) addi x2, x0, 0x0                         rvtest_code_end+0
x2 <- 0x0000000000000000

mem[X,0x000000008000201E] -> 0x0073
mem[X,0x0000000080002020] -> 0x0000
[423] [M]: 0x000000008000201E (0x00000073) ecall                                    rvtest_code_end+4
trapping from M to M to handle m-call
handling exc#m-call at priv M with tval 0x0000000000000000
CSR mstatus (0x300) <- 0x0000000A00001800
CSR mcause (0x342) <- 0x000000000000000B
CSR mtval (0x343) <- 0x0000000000000000
CSR mepc (0x341) <- 0x000000008000201E

clint mtime 0x00000000000000D4 (mip.MTI <- 0b1, mip.STI <- 0b0)
mem[X,0x00000000800020C0] -> 0x006F
mem[X,0x00000000800020C2] -> 0x1000
[424] [M]: 0x00000000800020C0 (0x1000006F) jal x0, 0x100                            Mtrampoline+0

mem[X,0x00000000800021C0] -> 0x1173
mem[X,0x00000000800021C2] -> 0x3401
[425] [M]: 0x00000000800021C0 (0x34011173) csrrw x2, mscratch, x2                   trap_Mhandler+0
CSR mscratch (0x340) <- 0x0000000000000000
x2 <- 0x0000000080005000

clint mtime 0x00000000000000D5 (mip.MTI <- 0b1, mip.STI <- 0b0)
mem[X,0x00000000800021C4] -> 0x3423
mem[X,0x00000000800021C6] -> 0x28B1
[426] [M]: 0x00000000800021C4 (0x28B13423) sd x11, 0x288(x2)                        trap_Mhandler+4
mem[W,0x0000000080005288] <- 0x0000000000000000

mem[X,0x00000000800021C8] -> 0x05EF
mem[X,0x00000000800021CA] -> 0x0B80
[427] [M]: 0x00000000800021C8 (0x0B8005EF) jal x11, 0xb8                            trap_Mhandler+8
x11 <- 0x00000000800021CC

clint mtime 0x00000000000000D6 (mip.MTI <- 0b1, mip.STI <- 0b0)
mem[X,0x0000000080002280] -> 0x3023
mem[X,0x0000000080002282] -> 0x28A1
[428] [M]: 0x0000000080002280 (0x28A13023) sd x10, 0x280(x2)                        common_Mhandler+0
mem[W,0x0000000080005280] <- 0x0000000000000001

mem[X,0x0000000080002284] -> 0x1573
mem[X,0x0000000080002286] -> 0x3401
[429] [M]: 0x0000000080002284 (0x34011573) csrrw x10, mscratch, x2                  common_Mhandler+4
CSR mscratch (0x340) <- 0x0000000080005000
x10 <- 0x0000000000000000

clint mtime 0x00000000000000D7 (mip.MTI <- 0b1, mip.STI <- 0b0)
mem[X,0x0000000080002288] -> 0x3823
mem[X,0x000000008000228A] -> 0x28A1
[430] [M]: 0x0000000080002288 (0x28A13823) sd x10, 0x290(x2)                        common_Mhandler+8
mem[W,0x0000000080005290] <- 0x0000000000000000

mem[X,0x000000008000228C] -> 0x3503
mem[X,0x000000008000228E] -> 0x2301
[431] [M]: 0x000000008000228C (0x23013503) ld x10, 0x230(x2)                        common_Mhandler+12
mem[R,0x0000000080005230] -> 0x0000000080002294
x10 <- 0x0000000080002294

clint mtime 0x00000000000000D8 (mip.MTI <- 0b1, mip.STI <- 0b0)
mem[X,0x0000000080002290] -> 0x0067
mem[X,0x0000000080002292] -> 0x0005
[432] [M]: 0x0000000080002290 (0x00050067) jalr x0, 0x0(x10)                        common_Mhandler+16

mem[X,0x0000000080002294] -> 0x3C23
mem[X,0x0000000080002296] -> 0x2691
[433] [M]: 0x0000000080002294 (0x26913C23) sd x9, 0x278(x2)                         common_Mentry+0
mem[W,0x0000000080005278] <- 0x00000000000000FE

clint mtime 0x00000000000000D9 (mip.MTI <- 0b1, mip.STI <- 0b0)
mem[X,0x0000000080002298] -> 0x3823
mem[X,0x000000008000229A] -> 0x2681
[434] [M]: 0x0000000080002298 (0x26813823) sd x8, 0x270(x2)                         common_Mentry+4
mem[W,0x0000000080005270] <- 0x0000000000007F76

mem[X,0x000000008000229C] -> 0x3423
mem[X,0x000000008000229E] -> 0x2671
[435] [M]: 0x000000008000229C (0x26713423) sd x7, 0x268(x2)                         common_Mentry+8
mem[W,0x0000000080005268] <- 0x00000000003FBB6F

clint mtime 0x00000000000000DA (mip.MTI <- 0b1, mip.STI <- 0b0)
mem[X,0x00000000800022A0] -> 0x3023
mem[X,0x00000000800022A2] -> 0x2661
[436] [M]: 0x00000000800022A0 (0x26613023) sd x6, 0x260(x2)                         common_Mentry+12
mem[W,0x0000000080005260] <- 0x000000001FDDB7D5

mem[X,0x00000000800022A4] -> 0x2573
mem[X,0x00000000800022A6] -> 0x3420
[437] [M]: 0x00000000800022A4 (0x34202573) csrrs x10, mcause, x0                    spcl_M2mmode_test+0
CSR mcause (0x342) -> 0x000000000000000B
x10 <- 0x000000000000000B

clint mtime 0x00000000000000DB (mip.MTI <- 0b1, mip.STI <- 0b0)
mem[X,0x00000000800022A8] -> 0x04B7
mem[X,0x00000000800022AA] -> 0x8000
[438] [M]: 0x00000000800022A8 (0x800004B7) lui x9, -0x80000                         spcl_M2mmode_test+4
x9 <- 0xFFFFFFFF80000000

mem[X,0x00000000800022AC] -> 0x8493
mem[X,0x00000000800022AE] -> 0x0004
[439] [M]: 0x00000000800022AC (0x00048493) addi x9, x9, 0x0                         spcl_M2mmode_test+8
x9 <- 0xFFFFFFFF80000000

clint mtime 0x00000000000000DC (mip.MTI <- 0b1, mip.STI <- 0b0)
mem[X,0x00000000800022B0] -> 0x9493
mem[X,0x00000000800022B2] -> 0x00B4
[440] [M]: 0x00000000800022B0 (0x00B49493) slli x9, x9, 0xb                         spcl_M2mmode_test+12
x9 <- 0xFFFFFC0000000000

mem[X,0x00000000800022B4] -> 0x8493
mem[X,0x00000000800022B6] -> 0x0004
[441] [M]: 0x00000000800022B4 (0x00048493) addi x9, x9, 0x0                         spcl_M2mmode_test+16
x9 <- 0xFFFFFC0000000000

clint mtime 0x00000000000000DD (mip.MTI <- 0b1, mip.STI <- 0b0)
mem[X,0x00000000800022B8] -> 0x9493
mem[X,0x00000000800022BA] -> 0x00B4
[442] [M]: 0x00000000800022B8 (0x00B49493) slli x9, x9, 0xb                         spcl_M2mmode_test+20
x9 <- 0xFFE0000000000000

mem[X,0x00000000800022BC] -> 0x8493
mem[X,0x00000000800022BE] -> 0x0034
[443] [M]: 0x00000000800022BC (0x00348493) addi x9, x9, 0x3                         spcl_M2mmode_test+24
x9 <- 0xFFE0000000000003

clint mtime 0x00000000000000DE (mip.MTI <- 0b1, mip.STI <- 0b0)
mem[X,0x00000000800022C0] -> 0x9493
mem[X,0x00000000800022C2] -> 0x00A4
[444] [M]: 0x00000000800022C0 (0x00A49493) slli x9, x9, 0xa                         spcl_M2mmode_test+28
x9 <- 0x8000000000000C00

mem[X,0x00000000800022C4] -> 0x8493
mem[X,0x00000000800022C6] -> 0x3FC4
[445] [M]: 0x00000000800022C4 (0x3FC48493) addi x9, x9, 0x3fc                       spcl_M2mmode_test+32
x9 <- 0x8000000000000FFC

clint mtime 0x00000000000000DF (mip.MTI <- 0b1, mip.STI <- 0b0)
mem[X,0x00000000800022C8] -> 0xF4B3
mem[X,0x00000000800022CA] -> 0x00A4
[446] [M]: 0x00000000800022C8 (0x00A4F4B3) and x9, x9, x10                          spcl_M2mmode_test+36
x9 <- 0x0000000000000008

mem[X,0x00000000800022CC] -> 0x8493
mem[X,0x00000000800022CE] -> 0xFF84
[447] [M]: 0x00000000800022CC (0xFF848493) addi x9, x9, -0x8                        spcl_M2mmode_test+40
x9 <- 0x0000000000000000

clint mtime 0x00000000000000E0 (mip.MTI <- 0b1, mip.STI <- 0b0)
mem[X,0x00000000800022D0] -> 0x9663
mem[X,0x00000000800022D2] -> 0x0004
[448] [M]: 0x00000000800022D0 (0x00049663) bne x9, x0, 0xc                          spcl_M2mmode_test+44

mem[X,0x00000000800022D4] -> 0x3383
mem[X,0x00000000800022D6] -> 0x2901
[449] [M]: 0x00000000800022D4 (0x29013383) ld x7, 0x290(x2)                         spcl_M2mmode_test+48
mem[R,0x0000000080005290] -> 0x0000000000000000
x7 <- 0x0000000000000000

clint mtime 0x00000000000000E1 (mip.MTI <- 0b1, mip.STI <- 0b0)
mem[X,0x00000000800022D8] -> 0x8263
mem[X,0x00000000800022DA] -> 0x6E03
[450] [M]: 0x00000000800022D8 (0x6E038263) beq x7, x0, 0x6e4                        spcl_M2mmode_test+52

mem[X,0x00000000800029BC] -> 0x0493
mem[X,0x00000000800029BE] -> 0xFF55
[451] [M]: 0x00000000800029BC (0xFF550493) addi x9, x10, -0xb                       rtn2mmode+0
x9 <- 0x0000000000000000

clint mtime 0x00000000000000E2 (mip.MTI <- 0b1, mip.STI <- 0b0)
mem[X,0x00000000800029C0] -> 0x8C63
mem[X,0x00000000800029C2] -> 0x0004
[452] [M]: 0x00000000800029C0 (0x00048C63) beq x9, x0, 0x18                         rtn2mmode+4

mem[X,0x00000000800029D8] -> 0x23F3
mem[X,0x00000000800029DA] -> 0x3410
[453] [M]: 0x00000000800029D8 (0x341023F3) csrrs x7, mepc, x0                       rtn_fm_mmode+0
CSR mepc (0x341) -> 0x000000008000201E
x7 <- 0x000000008000201E

clint mtime 0x00000000000000E3 (mip.MTI <- 0b1, mip.STI <- 0b0)
mem[X,0x00000000800029DC] -> 0x83B3
mem[X,0x00000000800029DE] -> 0x0093
[454] [M]: 0x00000000800029DC (0x009383B3) add x7, x7, x9                           rtn_fm_mmode+4
x7 <- 0x000000008000201E

mem[X,0x00000000800029E0] -> 0x3303
mem[X,0x00000000800029E2] -> 0x2601
[455] [M]: 0x00000000800029E0 (0x26013303) ld x6, 0x260(x2)                         rtn_fm_mmode+8
mem[R,0x0000000080005260] -> 0x000000001FDDB7D5
x6 <- 0x000000001FDDB7D5

clint mtime 0x00000000000000E4 (mip.MTI <- 0b1, mip.STI <- 0b0)
mem[X,0x00000000800029E4] -> 0x3403
mem[X,0x00000000800029E6] -> 0x2701
[456] [M]: 0x00000000800029E4 (0x27013403) ld x8, 0x270(x2)                         rtn_fm_mmode+12
mem[R,0x0000000080005270] -> 0x0000000000007F76
x8 <- 0x0000000000007F76

mem[X,0x00000000800029E8] -> 0x3483
mem[X,0x00000000800029EA] -> 0x2781
[457] [M]: 0x00000000800029E8 (0x27813483) ld x9, 0x278(x2)                         rtn_fm_mmode+16
mem[R,0x0000000080005278] -> 0x00000000000000FE
x9 <- 0x00000000000000FE

clint mtime 0x00000000000000E5 (mip.MTI <- 0b1, mip.STI <- 0b0)
mem[X,0x00000000800029EC] -> 0x3503
mem[X,0x00000000800029EE] -> 0x2801
[458] [M]: 0x00000000800029EC (0x28013503) ld x10, 0x280(x2)                        rtn_fm_mmode+20
mem[R,0x0000000080005280] -> 0x0000000000000001
x10 <- 0x0000000000000001

mem[X,0x00000000800029F0] -> 0x3583
mem[X,0x00000000800029F2] -> 0x2881
[459] [M]: 0x00000000800029F0 (0x28813583) ld x11, 0x288(x2)                        rtn_fm_mmode+24
mem[R,0x0000000080005288] -> 0x0000000000000000
x11 <- 0x0000000000000000

clint mtime 0x00000000000000E6 (mip.MTI <- 0b1, mip.STI <- 0b0)
mem[X,0x00000000800029F4] -> 0x3103
mem[X,0x00000000800029F6] -> 0x2901
[460] [M]: 0x00000000800029F4 (0x29013103) ld x2, 0x290(x2)                         rtn_fm_mmode+28
mem[R,0x0000000080005290] -> 0x0000000000000000
x2 <- 0x0000000000000000

mem[X,0x00000000800029F8] -> 0x8067
mem[X,0x00000000800029FA] -> 0x0043
[461] [M]: 0x00000000800029F8 (0x00438067) jalr x0, 0x4(x7)                         rtn_fm_mmode+32

clint mtime 0x00000000000000E7 (mip.MTI <- 0b1, mip.STI <- 0b0)
mem[X,0x0000000080002022] -> 0x2373
mem[X,0x0000000080002024] -> 0x3400
[462] [M]: 0x0000000080002022 (0x34002373) csrrs x6, mscratch, x0                   exit_Mcleanup+0
CSR mscratch (0x340) -> 0x0000000080005000
x6 <- 0x0000000080005000

mem[X,0x0000000080002026] -> 0x3383
mem[X,0x0000000080002028] -> 0x2383
[463] [M]: 0x0000000080002026 (0x23833383) ld x7, 0x238(x6)                         resto_Medeleg+0
mem[R,0x0000000080005238] -> 0x0000000000000000
x7 <- 0x0000000000000000

clint mtime 0x00000000000000E8 (mip.MTI <- 0b1, mip.STI <- 0b0)
mem[X,0x000000008000202A] -> 0x3503
mem[X,0x000000008000202C] -> 0x2503
[464] [M]: 0x000000008000202A (0x25033503) ld x10, 0x250(x6)                        resto_Mscratch+0
mem[R,0x0000000080005250] -> 0x0000000000000000
x10 <- 0x0000000000000000

mem[X,0x000000008000202E] -> 0x1073
mem[X,0x0000000080002030] -> 0x3405
[465] [M]: 0x000000008000202E (0x34051073) csrrw x0, mscratch, x10                  resto_Mscratch+4
CSR mscratch (0x340) <- 0x0000000000000000

clint mtime 0x00000000000000E9 (mip.MTI <- 0b1, mip.STI <- 0b0)
mem[X,0x0000000080002032] -> 0x3483
mem[X,0x0000000080002034] -> 0x2483
[466] [M]: 0x0000000080002032 (0x24833483) ld x9, 0x248(x6)                         resto_Mxtvec+0
mem[R,0x0000000080005248] -> 0x0000000000000000
x9 <- 0x0000000000000000

mem[X,0x0000000080002036] -> 0x93F3
mem[X,0x0000000080002038] -> 0x3054
[467] [M]: 0x0000000080002036 (0x305493F3) csrrw x7, mtvec, x9                      resto_Mxtvec+4
CSR mtvec (0x305) <- 0x0000000000000000
x7 <- 0x00000000800020C0

clint mtime 0x00000000000000EA (mip.MTI <- 0b1, mip.STI <- 0b0)
mem[X,0x000000008000203A] -> 0xF493
mem[X,0x000000008000203C] -> 0xFFC4
[468] [M]: 0x000000008000203A (0xFFC4F493) andi x9, x9, -0x4                        resto_Mxtvec+8
x9 <- 0x0000000000000000

mem[X,0x000000008000203E] -> 0xF393
mem[X,0x0000000080002040] -> 0xFFC3
[469] [M]: 0x000000008000203E (0xFFC3F393) andi x7, x7, -0x4                        resto_Mxtvec+12
x7 <- 0x00000000800020C0

clint mtime 0x00000000000000EB (mip.MTI <- 0b1, mip.STI <- 0b0)
mem[X,0x0000000080002042] -> 0x9063
mem[X,0x0000000080002044] -> 0x0274
[470] [M]: 0x0000000080002042 (0x02749063) bne x9, x7, 0x20                         resto_Mxtvec+16

mem[X,0x0000000080002062] -> 0x006F
mem[X,0x0000000080002064] -> 0x19B0
[471] [M]: 0x0000000080002062 (0x19B0006F) jal x0, 0x99a                            rvtest_Mend+0

clint mtime 0x00000000000000EC (mip.MTI <- 0b1, mip.STI <- 0b0)
mem[X,0x00000000800029FC] -> 0x4085
[472] [M]: 0x00000000800029FC (0x4085) c.li x1, 0x1                                 exit_cleanup+0
x1 <- 0x0000000000000001

mem[X,0x00000000800029FE] -> 0x1397
mem[X,0x0000000080002A00] -> 0x0000
[473] [M]: 0x00000000800029FE (0x00001397) auipc x7, 0x1                            exit_cleanup+2
x7 <- 0x00000000800039FE

clint mtime 0x00000000000000ED (mip.MTI <- 0b1, mip.STI <- 0b0)
mem[X,0x0000000080002A02] -> 0xA123
mem[X,0x0000000080002A04] -> 0x6013
[474] [M]: 0x0000000080002A02 (0x6013A123) sw x1, 0x602(x7)                         exit_cleanup+6
htif[0x0000000080004000] <- 0x00000001
mem[W,0x0000000080004000] <- 0x00000001

mem[X,0x0000000080002A06] -> 0xBFE5
[475] [M]: 0x0000000080002A06 (0xBFE5) c.j -0x8                                     exit_cleanup+10

clint mtime 0x00000000000000EE (mip.MTI <- 0b1, mip.STI <- 0b0)
mem[X,0x00000000800029FE] -> 0x1397
mem[X,0x0000000080002A00] -> 0x0000
[476] [M]: 0x00000000800029FE (0x00001397) auipc x7, 0x1                            exit_cleanup+2
x7 <- 0x00000000800039FE

mem[X,0x0000000080002A02] -> 0xA123
mem[X,0x0000000080002A04] -> 0x6013
[477] [M]: 0x0000000080002A02 (0x6013A123) sw x1, 0x602(x7)                         exit_cleanup+6
htif[0x0000000080004000] <- 0x00000001
mem[W,0x0000000080004000] <- 0x00000001

clint mtime 0x00000000000000EF (mip.MTI <- 0b1, mip.STI <- 0b0)
mem[X,0x0000000080002A06] -> 0xBFE5
[478] [M]: 0x0000000080002A06 (0xBFE5) c.j -0x8                                     exit_cleanup+10

mem[X,0x00000000800029FE] -> 0x1397
mem[X,0x0000000080002A00] -> 0x0000
[479] [M]: 0x00000000800029FE (0x00001397) auipc x7, 0x1                            exit_cleanup+2
x7 <- 0x00000000800039FE

clint mtime 0x00000000000000F0 (mip.MTI <- 0b1, mip.STI <- 0b0)
mem[X,0x0000000080002A02] -> 0xA123
mem[X,0x0000000080002A04] -> 0x6013
[480] [M]: 0x0000000080002A02 (0x6013A123) sw x1, 0x602(x7)                         exit_cleanup+6
htif[0x0000000080004000] <- 0x00000001
htif-syscall-proxy cmd: 0x000000000001
mem[W,0x0000000080004000] <- 0x00000001

SUCCESS
