using /opt/riscv-arch-test/riscof-plugins/rv64/riscof_work/K/src/aes64dsm-01.S/ref/Reference-sail_c_simulator.signature for test-signature output.
setting signature-granularity to 8 bytes
HTIF located at 0x80002000
begin_signature: 0x80004110
end_signature: 0x800042f0
Entry point: 0x80000000
CSR mstatus (0x300) <- 0x0000000A00000000
CSR misa (0x301) <- 0x800000000034112F
CSR mcause (0x342) <- 0x0000000000000000
x10 <- 0x0000000000000000
x11 <- 0x0000000000001000
mem[X,0x0000000080000000] -> 0x0837
mem[X,0x0000000080000002] -> 0x7D5C
[0] [M]: 0x0000000080000000 (0x7D5C0837) lui x16, 0x7d5c0                           rvtest_init+0
x16 <- 0x000000007D5C0000

mem[X,0x0000000080000004] -> 0x0813
mem[X,0x0000000080000006] -> 0xDDB8
[1] [M]: 0x0000000080000004 (0xDDB80813) addi x16, x16, -0x225                      rvtest_init+4
x16 <- 0x000000007D5BFDDB

clint mtime 0x0000000000000001 (mip.MTI <- 0b1, mip.STI <- 0b0)
mem[X,0x0000000080000008] -> 0x1813
mem[X,0x000000008000000A] -> 0x00B8
[2] [M]: 0x0000000080000008 (0x00B81813) slli x16, x16, 0xb                         rvtest_init+8
x16 <- 0x000003EADFEED800

mem[X,0x000000008000000C] -> 0x0813
mem[X,0x000000008000000E] -> 0x3EA8
[3] [M]: 0x000000008000000C (0x3EA80813) addi x16, x16, 0x3ea                       rvtest_init+12
x16 <- 0x000003EADFEEDBEA

clint mtime 0x0000000000000002 (mip.MTI <- 0b1, mip.STI <- 0b0)
mem[X,0x0000000080000010] -> 0x1813
mem[X,0x0000000080000012] -> 0x00B8
[4] [M]: 0x0000000080000010 (0x00B81813) slli x16, x16, 0xb                         rvtest_init+16
x16 <- 0x001F56FF76DF5000

mem[X,0x0000000080000014] -> 0x0813
mem[X,0x0000000080000016] -> 0x6FF8
[5] [M]: 0x0000000080000014 (0x6FF80813) addi x16, x16, 0x6ff                       rvtest_init+20
x16 <- 0x001F56FF76DF56FF

clint mtime 0x0000000000000003 (mip.MTI <- 0b1, mip.STI <- 0b0)
mem[X,0x0000000080000018] -> 0x1813
mem[X,0x000000008000001A] -> 0x00A8
[6] [M]: 0x0000000080000018 (0x00A81813) slli x16, x16, 0xa                         rvtest_init+24
x16 <- 0x7D5BFDDB7D5BFC00

mem[X,0x000000008000001C] -> 0x0813
mem[X,0x000000008000001E] -> 0x1DB8
[7] [M]: 0x000000008000001C (0x1DB80813) addi x16, x16, 0x1db                       rvtest_init+28
x16 <- 0x7D5BFDDB7D5BFDDB

clint mtime 0x0000000000000004 (mip.MTI <- 0b1, mip.STI <- 0b0)
mem[X,0x0000000080000020] -> 0x5893
mem[X,0x0000000080000022] -> 0x0078
[8] [M]: 0x0000000080000020 (0x00785893) srli x17, x16, 0x7                         rvtest_init+32
x17 <- 0x00FAB7FBB6FAB7FB

mem[X,0x0000000080000024] -> 0x5793
mem[X,0x0000000080000026] -> 0x0398
[9] [M]: 0x0000000080000024 (0x03985793) srli x15, x16, 0x39                        rvtest_init+36
x15 <- 0x000000000000003E

clint mtime 0x0000000000000005 (mip.MTI <- 0b1, mip.STI <- 0b0)
mem[X,0x0000000080000028] -> 0xE8B3
mem[X,0x000000008000002A] -> 0x00F8
[10] [M]: 0x0000000080000028 (0x00F8E8B3) or x17, x17, x15                          rvtest_init+40
x17 <- 0x00FAB7FBB6FAB7FF

mem[X,0x000000008000002C] -> 0xD913
mem[X,0x000000008000002E] -> 0x0078
[11] [M]: 0x000000008000002C (0x0078D913) srli x18, x17, 0x7                        rvtest_init+44
x18 <- 0x0001F56FF76DF56F

clint mtime 0x0000000000000006 (mip.MTI <- 0b1, mip.STI <- 0b0)
mem[X,0x0000000080000030] -> 0xD793
mem[X,0x0000000080000032] -> 0x0398
[12] [M]: 0x0000000080000030 (0x0398D793) srli x15, x17, 0x39                       rvtest_init+48
x15 <- 0x0000000000000000

mem[X,0x0000000080000034] -> 0x6933
mem[X,0x0000000080000036] -> 0x00F9
[13] [M]: 0x0000000080000034 (0x00F96933) or x18, x18, x15                          rvtest_init+52
x18 <- 0x0001F56FF76DF56F

clint mtime 0x0000000000000007 (mip.MTI <- 0b1, mip.STI <- 0b0)
mem[X,0x0000000080000038] -> 0x5993
mem[X,0x000000008000003A] -> 0x0079
[14] [M]: 0x0000000080000038 (0x00795993) srli x19, x18, 0x7                        rvtest_init+56
x19 <- 0x000003EADFEEDBEA

mem[X,0x000000008000003C] -> 0x5793
mem[X,0x000000008000003E] -> 0x0399
[15] [M]: 0x000000008000003C (0x03995793) srli x15, x18, 0x39                       rvtest_init+60
x15 <- 0x0000000000000000

clint mtime 0x0000000000000008 (mip.MTI <- 0b1, mip.STI <- 0b0)
mem[X,0x0000000080000040] -> 0xE9B3
mem[X,0x0000000080000042] -> 0x00F9
[16] [M]: 0x0000000080000040 (0x00F9E9B3) or x19, x19, x15                          rvtest_init+64
x19 <- 0x000003EADFEEDBEA

mem[X,0x0000000080000044] -> 0xDA13
mem[X,0x0000000080000046] -> 0x0079
[17] [M]: 0x0000000080000044 (0x0079DA13) srli x20, x19, 0x7                        rvtest_init+68
x20 <- 0x00000007D5BFDDB7

clint mtime 0x0000000000000009 (mip.MTI <- 0b1, mip.STI <- 0b0)
mem[X,0x0000000080000048] -> 0xD793
mem[X,0x000000008000004A] -> 0x0399
[18] [M]: 0x0000000080000048 (0x0399D793) srli x15, x19, 0x39                       rvtest_init+72
x15 <- 0x0000000000000000

mem[X,0x000000008000004C] -> 0x6A33
mem[X,0x000000008000004E] -> 0x00FA
[19] [M]: 0x000000008000004C (0x00FA6A33) or x20, x20, x15                          rvtest_init+76
x20 <- 0x00000007D5BFDDB7

clint mtime 0x000000000000000A (mip.MTI <- 0b1, mip.STI <- 0b0)
mem[X,0x0000000080000050] -> 0x5A93
mem[X,0x0000000080000052] -> 0x007A
[20] [M]: 0x0000000080000050 (0x007A5A93) srli x21, x20, 0x7                        rvtest_init+80
x21 <- 0x000000000FAB7FBB

mem[X,0x0000000080000054] -> 0x5793
mem[X,0x0000000080000056] -> 0x039A
[21] [M]: 0x0000000080000054 (0x039A5793) srli x15, x20, 0x39                       rvtest_init+84
x15 <- 0x0000000000000000

clint mtime 0x000000000000000B (mip.MTI <- 0b1, mip.STI <- 0b0)
mem[X,0x0000000080000058] -> 0xEAB3
mem[X,0x000000008000005A] -> 0x00FA
[22] [M]: 0x0000000080000058 (0x00FAEAB3) or x21, x21, x15                          rvtest_init+88
x21 <- 0x000000000FAB7FBB

mem[X,0x000000008000005C] -> 0xDB13
mem[X,0x000000008000005E] -> 0x007A
[23] [M]: 0x000000008000005C (0x007ADB13) srli x22, x21, 0x7                        rvtest_init+92
x22 <- 0x00000000001F56FF

clint mtime 0x000000000000000C (mip.MTI <- 0b1, mip.STI <- 0b0)
mem[X,0x0000000080000060] -> 0xD793
mem[X,0x0000000080000062] -> 0x039A
[24] [M]: 0x0000000080000060 (0x039AD793) srli x15, x21, 0x39                       rvtest_init+96
x15 <- 0x0000000000000000

mem[X,0x0000000080000064] -> 0x6B33
mem[X,0x0000000080000066] -> 0x00FB
[25] [M]: 0x0000000080000064 (0x00FB6B33) or x22, x22, x15                          rvtest_init+100
x22 <- 0x00000000001F56FF

clint mtime 0x000000000000000D (mip.MTI <- 0b1, mip.STI <- 0b0)
mem[X,0x0000000080000068] -> 0x5B93
mem[X,0x000000008000006A] -> 0x007B
[26] [M]: 0x0000000080000068 (0x007B5B93) srli x23, x22, 0x7                        rvtest_init+104
x23 <- 0x0000000000003EAD

mem[X,0x000000008000006C] -> 0x5793
mem[X,0x000000008000006E] -> 0x039B
[27] [M]: 0x000000008000006C (0x039B5793) srli x15, x22, 0x39                       rvtest_init+108
x15 <- 0x0000000000000000

clint mtime 0x000000000000000E (mip.MTI <- 0b1, mip.STI <- 0b0)
mem[X,0x0000000080000070] -> 0xEBB3
mem[X,0x0000000080000072] -> 0x00FB
[28] [M]: 0x0000000080000070 (0x00FBEBB3) or x23, x23, x15                          rvtest_init+112
x23 <- 0x0000000000003EAD

mem[X,0x0000000080000074] -> 0xDC13
mem[X,0x0000000080000076] -> 0x007B
[29] [M]: 0x0000000080000074 (0x007BDC13) srli x24, x23, 0x7                        rvtest_init+116
x24 <- 0x000000000000007D

clint mtime 0x000000000000000F (mip.MTI <- 0b1, mip.STI <- 0b0)
mem[X,0x0000000080000078] -> 0xD793
mem[X,0x000000008000007A] -> 0x039B
[30] [M]: 0x0000000080000078 (0x039BD793) srli x15, x23, 0x39                       rvtest_init+120
x15 <- 0x0000000000000000

mem[X,0x000000008000007C] -> 0x6C33
mem[X,0x000000008000007E] -> 0x00FC
[31] [M]: 0x000000008000007C (0x00FC6C33) or x24, x24, x15                          rvtest_init+124
x24 <- 0x000000000000007D

clint mtime 0x0000000000000010 (mip.MTI <- 0b1, mip.STI <- 0b0)
mem[X,0x0000000080000080] -> 0x5C93
mem[X,0x0000000080000082] -> 0x007C
[32] [M]: 0x0000000080000080 (0x007C5C93) srli x25, x24, 0x7                        rvtest_init+128
x25 <- 0x0000000000000000

mem[X,0x0000000080000084] -> 0x5793
mem[X,0x0000000080000086] -> 0x039C
[33] [M]: 0x0000000080000084 (0x039C5793) srli x15, x24, 0x39                       rvtest_init+132
x15 <- 0x0000000000000000

clint mtime 0x0000000000000011 (mip.MTI <- 0b1, mip.STI <- 0b0)
mem[X,0x0000000080000088] -> 0xECB3
mem[X,0x000000008000008A] -> 0x00FC
[34] [M]: 0x0000000080000088 (0x00FCECB3) or x25, x25, x15                          rvtest_init+136
x25 <- 0x0000000000000000

mem[X,0x000000008000008C] -> 0xDD13
mem[X,0x000000008000008E] -> 0x007C
[35] [M]: 0x000000008000008C (0x007CDD13) srli x26, x25, 0x7                        rvtest_init+140
x26 <- 0x0000000000000000

clint mtime 0x0000000000000012 (mip.MTI <- 0b1, mip.STI <- 0b0)
mem[X,0x0000000080000090] -> 0xD793
mem[X,0x0000000080000092] -> 0x039C
[36] [M]: 0x0000000080000090 (0x039CD793) srli x15, x25, 0x39                       rvtest_init+144
x15 <- 0x0000000000000000

mem[X,0x0000000080000094] -> 0x6D33
mem[X,0x0000000080000096] -> 0x00FD
[37] [M]: 0x0000000080000094 (0x00FD6D33) or x26, x26, x15                          rvtest_init+148
x26 <- 0x0000000000000000

clint mtime 0x0000000000000013 (mip.MTI <- 0b1, mip.STI <- 0b0)
mem[X,0x0000000080000098] -> 0x5D93
mem[X,0x000000008000009A] -> 0x007D
[38] [M]: 0x0000000080000098 (0x007D5D93) srli x27, x26, 0x7                        rvtest_init+152
x27 <- 0x0000000000000000

mem[X,0x000000008000009C] -> 0x5793
mem[X,0x000000008000009E] -> 0x039D
[39] [M]: 0x000000008000009C (0x039D5793) srli x15, x26, 0x39                       rvtest_init+156
x15 <- 0x0000000000000000

clint mtime 0x0000000000000014 (mip.MTI <- 0b1, mip.STI <- 0b0)
mem[X,0x00000000800000A0] -> 0xEDB3
mem[X,0x00000000800000A2] -> 0x00FD
[40] [M]: 0x00000000800000A0 (0x00FDEDB3) or x27, x27, x15                          rvtest_init+160
x27 <- 0x0000000000000000

mem[X,0x00000000800000A4] -> 0xDE13
mem[X,0x00000000800000A6] -> 0x007D
[41] [M]: 0x00000000800000A4 (0x007DDE13) srli x28, x27, 0x7                        rvtest_init+164
x28 <- 0x0000000000000000

clint mtime 0x0000000000000015 (mip.MTI <- 0b1, mip.STI <- 0b0)
mem[X,0x00000000800000A8] -> 0xD793
mem[X,0x00000000800000AA] -> 0x039D
[42] [M]: 0x00000000800000A8 (0x039DD793) srli x15, x27, 0x39                       rvtest_init+168
x15 <- 0x0000000000000000

mem[X,0x00000000800000AC] -> 0x6E33
mem[X,0x00000000800000AE] -> 0x00FE
[43] [M]: 0x00000000800000AC (0x00FE6E33) or x28, x28, x15                          rvtest_init+172
x28 <- 0x0000000000000000

clint mtime 0x0000000000000016 (mip.MTI <- 0b1, mip.STI <- 0b0)
mem[X,0x00000000800000B0] -> 0x5E93
mem[X,0x00000000800000B2] -> 0x007E
[44] [M]: 0x00000000800000B0 (0x007E5E93) srli x29, x28, 0x7                        rvtest_init+176
x29 <- 0x0000000000000000

mem[X,0x00000000800000B4] -> 0x5793
mem[X,0x00000000800000B6] -> 0x039E
[45] [M]: 0x00000000800000B4 (0x039E5793) srli x15, x28, 0x39                       rvtest_init+180
x15 <- 0x0000000000000000

clint mtime 0x0000000000000017 (mip.MTI <- 0b1, mip.STI <- 0b0)
mem[X,0x00000000800000B8] -> 0xEEB3
mem[X,0x00000000800000BA] -> 0x00FE
[46] [M]: 0x00000000800000B8 (0x00FEEEB3) or x29, x29, x15                          rvtest_init+184
x29 <- 0x0000000000000000

mem[X,0x00000000800000BC] -> 0xDF13
mem[X,0x00000000800000BE] -> 0x007E
[47] [M]: 0x00000000800000BC (0x007EDF13) srli x30, x29, 0x7                        rvtest_init+188
x30 <- 0x0000000000000000

clint mtime 0x0000000000000018 (mip.MTI <- 0b1, mip.STI <- 0b0)
mem[X,0x00000000800000C0] -> 0xD793
mem[X,0x00000000800000C2] -> 0x039E
[48] [M]: 0x00000000800000C0 (0x039ED793) srli x15, x29, 0x39                       rvtest_init+192
x15 <- 0x0000000000000000

mem[X,0x00000000800000C4] -> 0x6F33
mem[X,0x00000000800000C6] -> 0x00FF
[49] [M]: 0x00000000800000C4 (0x00FF6F33) or x30, x30, x15                          rvtest_init+196
x30 <- 0x0000000000000000

clint mtime 0x0000000000000019 (mip.MTI <- 0b1, mip.STI <- 0b0)
mem[X,0x00000000800000C8] -> 0xC0B7
mem[X,0x00000000800000CA] -> 0xFEED
[50] [M]: 0x00000000800000C8 (0xFEEDC0B7) lui x1, -0x1124                           rvtest_init+200
x1 <- 0xFFFFFFFFFEEDC000

mem[X,0x00000000800000CC] -> 0x8093
mem[X,0x00000000800000CE] -> 0xEAD0
[51] [M]: 0x00000000800000CC (0xEAD08093) addi x1, x1, -0x153                       rvtest_init+204
x1 <- 0xFFFFFFFFFEEDBEAD

clint mtime 0x000000000000001A (mip.MTI <- 0b1, mip.STI <- 0b0)
mem[X,0x00000000800000D0] -> 0x9093
mem[X,0x00000000800000D2] -> 0x00B0
[52] [M]: 0x00000000800000D0 (0x00B09093) slli x1, x1, 0xb                          rvtest_init+208
x1 <- 0xFFFFFFF76DF56800

mem[X,0x00000000800000D4] -> 0x8093
mem[X,0x00000000800000D6] -> 0x7F70
[53] [M]: 0x00000000800000D4 (0x7F708093) addi x1, x1, 0x7f7                        rvtest_init+212
x1 <- 0xFFFFFFF76DF56FF7

clint mtime 0x000000000000001B (mip.MTI <- 0b1, mip.STI <- 0b0)
mem[X,0x00000000800000D8] -> 0x9093
mem[X,0x00000000800000DA] -> 0x00B0
[54] [M]: 0x00000000800000D8 (0x00B09093) slli x1, x1, 0xb                          rvtest_init+216
x1 <- 0xFFFFBB6FAB7FB800

mem[X,0x00000000800000DC] -> 0x8093
mem[X,0x00000000800000DE] -> 0x36F0
[55] [M]: 0x00000000800000DC (0x36F08093) addi x1, x1, 0x36f                        rvtest_init+220
x1 <- 0xFFFFBB6FAB7FBB6F

clint mtime 0x000000000000001C (mip.MTI <- 0b1, mip.STI <- 0b0)
mem[X,0x00000000800000E0] -> 0x9093
mem[X,0x00000000800000E2] -> 0x00A0
[56] [M]: 0x00000000800000E0 (0x00A09093) slli x1, x1, 0xa                          rvtest_init+224
x1 <- 0xFEEDBEADFEEDBC00

mem[X,0x00000000800000E4] -> 0x8093
mem[X,0x00000000800000E6] -> 0x2AD0
[57] [M]: 0x00000000800000E4 (0x2AD08093) addi x1, x1, 0x2ad                        rvtest_init+228
x1 <- 0xFEEDBEADFEEDBEAD

clint mtime 0x000000000000001D (mip.MTI <- 0b1, mip.STI <- 0b0)
mem[X,0x00000000800000E8] -> 0xD113
mem[X,0x00000000800000EA] -> 0x0070
[58] [M]: 0x00000000800000E8 (0x0070D113) srli x2, x1, 0x7                          rvtest_init+232
x2 <- 0x01FDDB7D5BFDDB7D

mem[X,0x00000000800000EC] -> 0xD793
mem[X,0x00000000800000EE] -> 0x0390
[59] [M]: 0x00000000800000EC (0x0390D793) srli x15, x1, 0x39                        rvtest_init+236
x15 <- 0x000000000000007F

clint mtime 0x000000000000001E (mip.MTI <- 0b1, mip.STI <- 0b0)
mem[X,0x00000000800000F0] -> 0x6133
mem[X,0x00000000800000F2] -> 0x00F1
[60] [M]: 0x00000000800000F0 (0x00F16133) or x2, x2, x15                            rvtest_init+240
x2 <- 0x01FDDB7D5BFDDB7F

mem[X,0x00000000800000F4] -> 0x5193
mem[X,0x00000000800000F6] -> 0x0071
[61] [M]: 0x00000000800000F4 (0x00715193) srli x3, x2, 0x7                          rvtest_init+244
x3 <- 0x0003FBB6FAB7FBB6

clint mtime 0x000000000000001F (mip.MTI <- 0b1, mip.STI <- 0b0)
mem[X,0x00000000800000F8] -> 0x5793
mem[X,0x00000000800000FA] -> 0x0391
[62] [M]: 0x00000000800000F8 (0x03915793) srli x15, x2, 0x39                        rvtest_init+248
x15 <- 0x0000000000000000

mem[X,0x00000000800000FC] -> 0xE1B3
mem[X,0x00000000800000FE] -> 0x00F1
[63] [M]: 0x00000000800000FC (0x00F1E1B3) or x3, x3, x15                            rvtest_init+252
x3 <- 0x0003FBB6FAB7FBB6

clint mtime 0x0000000000000020 (mip.MTI <- 0b1, mip.STI <- 0b0)
mem[X,0x0000000080000100] -> 0xD213
mem[X,0x0000000080000102] -> 0x0071
[64] [M]: 0x0000000080000100 (0x0071D213) srli x4, x3, 0x7                          rvtest_init+256
x4 <- 0x000007F76DF56FF7

mem[X,0x0000000080000104] -> 0xD793
mem[X,0x0000000080000106] -> 0x0391
[65] [M]: 0x0000000080000104 (0x0391D793) srli x15, x3, 0x39                        rvtest_init+260
x15 <- 0x0000000000000000

clint mtime 0x0000000000000021 (mip.MTI <- 0b1, mip.STI <- 0b0)
mem[X,0x0000000080000108] -> 0x6233
mem[X,0x000000008000010A] -> 0x00F2
[66] [M]: 0x0000000080000108 (0x00F26233) or x4, x4, x15                            rvtest_init+264
x4 <- 0x000007F76DF56FF7

mem[X,0x000000008000010C] -> 0x5293
mem[X,0x000000008000010E] -> 0x0072
[67] [M]: 0x000000008000010C (0x00725293) srli x5, x4, 0x7                          rvtest_init+268
x5 <- 0x0000000FEEDBEADF

clint mtime 0x0000000000000022 (mip.MTI <- 0b1, mip.STI <- 0b0)
mem[X,0x0000000080000110] -> 0x5793
mem[X,0x0000000080000112] -> 0x0392
[68] [M]: 0x0000000080000110 (0x03925793) srli x15, x4, 0x39                        rvtest_init+272
x15 <- 0x0000000000000000

mem[X,0x0000000080000114] -> 0xE2B3
mem[X,0x0000000080000116] -> 0x00F2
[69] [M]: 0x0000000080000114 (0x00F2E2B3) or x5, x5, x15                            rvtest_init+276
x5 <- 0x0000000FEEDBEADF

clint mtime 0x0000000000000023 (mip.MTI <- 0b1, mip.STI <- 0b0)
mem[X,0x0000000080000118] -> 0xD313
mem[X,0x000000008000011A] -> 0x0072
[70] [M]: 0x0000000080000118 (0x0072D313) srli x6, x5, 0x7                          rvtest_init+280
x6 <- 0x000000001FDDB7D5

mem[X,0x000000008000011C] -> 0xD793
mem[X,0x000000008000011E] -> 0x0392
[71] [M]: 0x000000008000011C (0x0392D793) srli x15, x5, 0x39                        rvtest_init+284
x15 <- 0x0000000000000000

clint mtime 0x0000000000000024 (mip.MTI <- 0b1, mip.STI <- 0b0)
mem[X,0x0000000080000120] -> 0x6333
mem[X,0x0000000080000122] -> 0x00F3
[72] [M]: 0x0000000080000120 (0x00F36333) or x6, x6, x15                            rvtest_init+288
x6 <- 0x000000001FDDB7D5

mem[X,0x0000000080000124] -> 0x5393
mem[X,0x0000000080000126] -> 0x0073
[73] [M]: 0x0000000080000124 (0x00735393) srli x7, x6, 0x7                          rvtest_init+292
x7 <- 0x00000000003FBB6F

clint mtime 0x0000000000000025 (mip.MTI <- 0b1, mip.STI <- 0b0)
mem[X,0x0000000080000128] -> 0x5793
mem[X,0x000000008000012A] -> 0x0393
[74] [M]: 0x0000000080000128 (0x03935793) srli x15, x6, 0x39                        rvtest_init+296
x15 <- 0x0000000000000000

mem[X,0x000000008000012C] -> 0xE3B3
mem[X,0x000000008000012E] -> 0x00F3
[75] [M]: 0x000000008000012C (0x00F3E3B3) or x7, x7, x15                            rvtest_init+300
x7 <- 0x00000000003FBB6F

clint mtime 0x0000000000000026 (mip.MTI <- 0b1, mip.STI <- 0b0)
mem[X,0x0000000080000130] -> 0xD413
mem[X,0x0000000080000132] -> 0x0073
[76] [M]: 0x0000000080000130 (0x0073D413) srli x8, x7, 0x7                          rvtest_init+304
x8 <- 0x0000000000007F76

mem[X,0x0000000080000134] -> 0xD793
mem[X,0x0000000080000136] -> 0x0393
[77] [M]: 0x0000000080000134 (0x0393D793) srli x15, x7, 0x39                        rvtest_init+308
x15 <- 0x0000000000000000

clint mtime 0x0000000000000027 (mip.MTI <- 0b1, mip.STI <- 0b0)
mem[X,0x0000000080000138] -> 0x6433
mem[X,0x000000008000013A] -> 0x00F4
[78] [M]: 0x0000000080000138 (0x00F46433) or x8, x8, x15                            rvtest_init+312
x8 <- 0x0000000000007F76

mem[X,0x000000008000013C] -> 0x5493
mem[X,0x000000008000013E] -> 0x0074
[79] [M]: 0x000000008000013C (0x00745493) srli x9, x8, 0x7                          rvtest_init+316
x9 <- 0x00000000000000FE

clint mtime 0x0000000000000028 (mip.MTI <- 0b1, mip.STI <- 0b0)
mem[X,0x0000000080000140] -> 0x5793
mem[X,0x0000000080000142] -> 0x0394
[80] [M]: 0x0000000080000140 (0x03945793) srli x15, x8, 0x39                        rvtest_init+320
x15 <- 0x0000000000000000

mem[X,0x0000000080000144] -> 0xE4B3
mem[X,0x0000000080000146] -> 0x00F4
[81] [M]: 0x0000000080000144 (0x00F4E4B3) or x9, x9, x15                            rvtest_init+324
x9 <- 0x00000000000000FE

clint mtime 0x0000000000000029 (mip.MTI <- 0b1, mip.STI <- 0b0)
mem[X,0x0000000080000148] -> 0xD513
mem[X,0x000000008000014A] -> 0x0074
[82] [M]: 0x0000000080000148 (0x0074D513) srli x10, x9, 0x7                         rvtest_init+328
x10 <- 0x0000000000000001

mem[X,0x000000008000014C] -> 0xD793
mem[X,0x000000008000014E] -> 0x0394
[83] [M]: 0x000000008000014C (0x0394D793) srli x15, x9, 0x39                        rvtest_init+332
x15 <- 0x0000000000000000

clint mtime 0x000000000000002A (mip.MTI <- 0b1, mip.STI <- 0b0)
mem[X,0x0000000080000150] -> 0x6533
mem[X,0x0000000080000152] -> 0x00F5
[84] [M]: 0x0000000080000150 (0x00F56533) or x10, x10, x15                          rvtest_init+336
x10 <- 0x0000000000000001

mem[X,0x0000000080000154] -> 0x5593
mem[X,0x0000000080000156] -> 0x0075
[85] [M]: 0x0000000080000154 (0x00755593) srli x11, x10, 0x7                        rvtest_init+340
x11 <- 0x0000000000000000

clint mtime 0x000000000000002B (mip.MTI <- 0b1, mip.STI <- 0b0)
mem[X,0x0000000080000158] -> 0x5793
mem[X,0x000000008000015A] -> 0x0395
[86] [M]: 0x0000000080000158 (0x03955793) srli x15, x10, 0x39                       rvtest_init+344
x15 <- 0x0000000000000000

mem[X,0x000000008000015C] -> 0xE5B3
mem[X,0x000000008000015E] -> 0x00F5
[87] [M]: 0x000000008000015C (0x00F5E5B3) or x11, x11, x15                          rvtest_init+348
x11 <- 0x0000000000000000

clint mtime 0x000000000000002C (mip.MTI <- 0b1, mip.STI <- 0b0)
mem[X,0x0000000080000160] -> 0xD613
mem[X,0x0000000080000162] -> 0x0075
[88] [M]: 0x0000000080000160 (0x0075D613) srli x12, x11, 0x7                        rvtest_init+352
x12 <- 0x0000000000000000

mem[X,0x0000000080000164] -> 0xD793
mem[X,0x0000000080000166] -> 0x0395
[89] [M]: 0x0000000080000164 (0x0395D793) srli x15, x11, 0x39                       rvtest_init+356
x15 <- 0x0000000000000000

clint mtime 0x000000000000002D (mip.MTI <- 0b1, mip.STI <- 0b0)
mem[X,0x0000000080000168] -> 0x6633
mem[X,0x000000008000016A] -> 0x00F6
[90] [M]: 0x0000000080000168 (0x00F66633) or x12, x12, x15                          rvtest_init+360
x12 <- 0x0000000000000000

mem[X,0x000000008000016C] -> 0x5693
mem[X,0x000000008000016E] -> 0x0076
[91] [M]: 0x000000008000016C (0x00765693) srli x13, x12, 0x7                        rvtest_init+364
x13 <- 0x0000000000000000

clint mtime 0x000000000000002E (mip.MTI <- 0b1, mip.STI <- 0b0)
mem[X,0x0000000080000170] -> 0x5793
mem[X,0x0000000080000172] -> 0x0396
[92] [M]: 0x0000000080000170 (0x03965793) srli x15, x12, 0x39                       rvtest_init+368
x15 <- 0x0000000000000000

mem[X,0x0000000080000174] -> 0xE6B3
mem[X,0x0000000080000176] -> 0x00F6
[93] [M]: 0x0000000080000174 (0x00F6E6B3) or x13, x13, x15                          rvtest_init+372
x13 <- 0x0000000000000000

clint mtime 0x000000000000002F (mip.MTI <- 0b1, mip.STI <- 0b0)
mem[X,0x0000000080000178] -> 0x0013
mem[X,0x000000008000017A] -> 0x0000
[94] [M]: 0x0000000080000178 (0x00000013) addi x0, x0, 0x0                          rvtest_code_begin+0

mem[X,0x000000008000017C] -> 0x0013
mem[X,0x000000008000017E] -> 0x0000
[95] [M]: 0x000000008000017C (0x00000013) addi x0, x0, 0x0                          rvtest_code_begin+4

clint mtime 0x0000000000000030 (mip.MTI <- 0b1, mip.STI <- 0b0)
mem[X,0x0000000080000180] -> 0x4097
mem[X,0x0000000080000182] -> 0x0000
[96] [M]: 0x0000000080000180 (0x00004097) auipc x1, 0x4                             rvtest_code_begin+8
x1 <- 0x0000000080004180

mem[X,0x0000000080000184] -> 0x8093
mem[X,0x0000000080000186] -> 0xF980
[97] [M]: 0x0000000080000184 (0xF9808093) addi x1, x1, -0x68                        rvtest_code_begin+12
x1 <- 0x0000000080004118

clint mtime 0x0000000000000031 (mip.MTI <- 0b1, mip.STI <- 0b0)
mem[X,0x0000000080000188] -> 0x0013
mem[X,0x000000008000018A] -> 0x0000
[98] [M]: 0x0000000080000188 (0x00000013) addi x0, x0, 0x0                          rvtest_code_begin+16

mem[X,0x000000008000018C] -> 0x0013
mem[X,0x000000008000018E] -> 0x0000
[99] [M]: 0x000000008000018C (0x00000013) addi x0, x0, 0x0                          rvtest_code_begin+20

clint mtime 0x0000000000000032 (mip.MTI <- 0b1, mip.STI <- 0b0)
mem[X,0x0000000080000190] -> 0x0013
mem[X,0x0000000080000192] -> 0x0000
[100] [M]: 0x0000000080000190 (0x00000013) addi x0, x0, 0x0                         rvtest_code_begin+24

mem[X,0x0000000080000194] -> 0x0013
mem[X,0x0000000080000196] -> 0x0000
[101] [M]: 0x0000000080000194 (0x00000013) addi x0, x0, 0x0                         rvtest_code_begin+28

clint mtime 0x0000000000000033 (mip.MTI <- 0b1, mip.STI <- 0b0)
mem[X,0x0000000080000198] -> 0x0013
mem[X,0x000000008000019A] -> 0x0000
[102] [M]: 0x0000000080000198 (0x00000013) addi x0, x0, 0x0                         rvtest_code_begin+32

mem[X,0x000000008000019C] -> 0x0013
mem[X,0x000000008000019E] -> 0x0000
[103] [M]: 0x000000008000019C (0x00000013) addi x0, x0, 0x0                         rvtest_code_begin+36

clint mtime 0x0000000000000034 (mip.MTI <- 0b1, mip.STI <- 0b0)
mem[X,0x00000000800001A0] -> 0x0F37
mem[X,0x00000000800001A2] -> 0x0706
[104] [M]: 0x00000000800001A0 (0x07060F37) lui x30, 0x7060                          inst_0+0
x30 <- 0x0000000007060000

mem[X,0x00000000800001A4] -> 0x0F13
mem[X,0x00000000800001A6] -> 0x504F
[105] [M]: 0x00000000800001A4 (0x504F0F13) addi x30, x30, 0x504                     inst_0+4
x30 <- 0x0000000007060504

clint mtime 0x0000000000000035 (mip.MTI <- 0b1, mip.STI <- 0b0)
mem[X,0x00000000800001A8] -> 0x1F13
mem[X,0x00000000800001AA] -> 0x00BF
[106] [M]: 0x00000000800001A8 (0x00BF1F13) slli x30, x30, 0xb                       inst_0+8
x30 <- 0x0000003830282000

mem[X,0x00000000800001AC] -> 0x0F13
mem[X,0x00000000800001AE] -> 0x018F
[107] [M]: 0x00000000800001AC (0x018F0F13) addi x30, x30, 0x18                      inst_0+12
x30 <- 0x0000003830282018

clint mtime 0x0000000000000036 (mip.MTI <- 0b1, mip.STI <- 0b0)
mem[X,0x00000000800001B0] -> 0x1F13
mem[X,0x00000000800001B2] -> 0x00BF
[108] [M]: 0x00000000800001B0 (0x00BF1F13) slli x30, x30, 0xb                       inst_0+16
x30 <- 0x0001C1814100C000

mem[X,0x00000000800001B4] -> 0x0F13
mem[X,0x00000000800001B6] -> 0x080F
[109] [M]: 0x00000000800001B4 (0x080F0F13) addi x30, x30, 0x80                      inst_0+20
x30 <- 0x0001C1814100C080

clint mtime 0x0000000000000037 (mip.MTI <- 0b1, mip.STI <- 0b0)
mem[X,0x00000000800001B8] -> 0x1F13
mem[X,0x00000000800001BA] -> 0x00AF
[110] [M]: 0x00000000800001B8 (0x00AF1F13) slli x30, x30, 0xa                       inst_0+24
x30 <- 0x0706050403020000

mem[X,0x00000000800001BC] -> 0x0F13
mem[X,0x00000000800001BE] -> 0x100F
[111] [M]: 0x00000000800001BC (0x100F0F13) addi x30, x30, 0x100                     inst_0+28
x30 <- 0x0706050403020100

clint mtime 0x0000000000000038 (mip.MTI <- 0b1, mip.STI <- 0b0)
mem[X,0x00000000800001C0] -> 0x1FB7
mem[X,0x00000000800001C2] -> 0x0F0E
[112] [M]: 0x00000000800001C0 (0x0F0E1FB7) lui x31, 0xf0e1                          inst_0+32
x31 <- 0x000000000F0E1000

mem[X,0x00000000800001C4] -> 0x8F93
mem[X,0x00000000800001C6] -> 0xD0CF
[113] [M]: 0x00000000800001C4 (0xD0CF8F93) addi x31, x31, -0x2f4                    inst_0+36
x31 <- 0x000000000F0E0D0C

clint mtime 0x0000000000000039 (mip.MTI <- 0b1, mip.STI <- 0b0)
mem[X,0x00000000800001C8] -> 0x9F93
mem[X,0x00000000800001CA] -> 0x00BF
[114] [M]: 0x00000000800001C8 (0x00BF9F93) slli x31, x31, 0xb                       inst_0+40
x31 <- 0x0000007870686000

mem[X,0x00000000800001CC] -> 0x8F93
mem[X,0x00000000800001CE] -> 0x058F
[115] [M]: 0x00000000800001CC (0x058F8F93) addi x31, x31, 0x58                      inst_0+44
x31 <- 0x0000007870686058

clint mtime 0x000000000000003A (mip.MTI <- 0b1, mip.STI <- 0b0)
mem[X,0x00000000800001D0] -> 0x9F93
mem[X,0x00000000800001D2] -> 0x00BF
[116] [M]: 0x00000000800001D0 (0x00BF9F93) slli x31, x31, 0xb                       inst_0+48
x31 <- 0x0003C3834302C000

mem[X,0x00000000800001D4] -> 0x8F93
mem[X,0x00000000800001D6] -> 0x282F
[117] [M]: 0x00000000800001D4 (0x282F8F93) addi x31, x31, 0x282                     inst_0+52
x31 <- 0x0003C3834302C282

clint mtime 0x000000000000003B (mip.MTI <- 0b1, mip.STI <- 0b0)
mem[X,0x00000000800001D8] -> 0x9F93
mem[X,0x00000000800001DA] -> 0x00AF
[118] [M]: 0x00000000800001D8 (0x00AF9F93) slli x31, x31, 0xa                       inst_0+56
x31 <- 0x0F0E0D0C0B0A0800

mem[X,0x00000000800001DC] -> 0x8F93
mem[X,0x00000000800001DE] -> 0x108F
[119] [M]: 0x00000000800001DC (0x108F8F93) addi x31, x31, 0x108                     inst_0+60
x31 <- 0x0F0E0D0C0B0A0908

clint mtime 0x000000000000003C (mip.MTI <- 0b1, mip.STI <- 0b0)
mem[X,0x00000000800001E0] -> 0x0FB3
mem[X,0x00000000800001E2] -> 0x3FFF
[120] [M]: 0x00000000800001E0 (0x3FFF0FB3) aes64dsm x31, x30, x31                   inst_0+64
x31 <- 0x6E29192E1C96A313

mem[X,0x00000000800001E4] -> 0xB023
mem[X,0x00000000800001E6] -> 0x01F0
[121] [M]: 0x00000000800001E4 (0x01F0B023) sd x31, 0x0(x1)                          inst_0+68
mem[W,0x0000000080004118] <- 0x6E29192E1C96A313

clint mtime 0x000000000000003D (mip.MTI <- 0b1, mip.STI <- 0b0)
mem[X,0x00000000800001E8] -> 0x9FB7
mem[X,0x00000000800001EA] -> 0x6AF2
[122] [M]: 0x00000000800001E8 (0x6AF29FB7) lui x31, 0x6af29                         inst_1+0
x31 <- 0x000000006AF29000

mem[X,0x00000000800001EC] -> 0x8F93
mem[X,0x00000000800001EE] -> 0x145F
[123] [M]: 0x00000000800001EC (0x145F8F93) addi x31, x31, 0x145                     inst_1+4
x31 <- 0x000000006AF29145

clint mtime 0x000000000000003E (mip.MTI <- 0b1, mip.STI <- 0b0)
mem[X,0x00000000800001F0] -> 0x9F93
mem[X,0x00000000800001F2] -> 0x00BF
[124] [M]: 0x00000000800001F0 (0x00BF9F93) slli x31, x31, 0xb                       inst_1+8
x31 <- 0x00000357948A2800

mem[X,0x00000000800001F4] -> 0x8F93
mem[X,0x00000000800001F6] -> 0x202F
[125] [M]: 0x00000000800001F4 (0x202F8F93) addi x31, x31, 0x202                     inst_1+12
x31 <- 0x00000357948A2A02

clint mtime 0x000000000000003F (mip.MTI <- 0b1, mip.STI <- 0b0)
mem[X,0x00000000800001F8] -> 0x9F93
mem[X,0x00000000800001FA] -> 0x00BF
[126] [M]: 0x00000000800001F8 (0x00BF9F93) slli x31, x31, 0xb                       inst_1+16
x31 <- 0x001ABCA451501000

mem[X,0x00000000800001FC] -> 0x8F93
mem[X,0x00000000800001FE] -> 0x3F6F
[127] [M]: 0x00000000800001FC (0x3F6F8F93) addi x31, x31, 0x3f6                     inst_1+20
x31 <- 0x001ABCA4515013F6

clint mtime 0x0000000000000040 (mip.MTI <- 0b1, mip.STI <- 0b0)
mem[X,0x0000000080000200] -> 0x9F93
mem[X,0x0000000080000202] -> 0x00AF
[128] [M]: 0x0000000080000200 (0x00AF9F93) slli x31, x31, 0xa                       inst_1+24
x31 <- 0x6AF29145404FD800

mem[X,0x0000000080000204] -> 0x8F93
mem[X,0x0000000080000206] -> 0x0EDF
[129] [M]: 0x0000000080000204 (0x0EDF8F93) addi x31, x31, 0xed                      inst_1+28
x31 <- 0x6AF29145404FD8ED

clint mtime 0x0000000000000041 (mip.MTI <- 0b1, mip.STI <- 0b0)
mem[X,0x0000000080000208] -> 0x7EB7
mem[X,0x000000008000020A] -> 0x990E
[130] [M]: 0x0000000080000208 (0x990E7EB7) lui x29, -0x66f19                        inst_1+32
x29 <- 0xFFFFFFFF990E7000

mem[X,0x000000008000020C] -> 0x8E93
mem[X,0x000000008000020E] -> 0x5EAE
[131] [M]: 0x000000008000020C (0x5EAE8E93) addi x29, x29, 0x5ea                     inst_1+36
x29 <- 0xFFFFFFFF990E75EA

clint mtime 0x0000000000000042 (mip.MTI <- 0b1, mip.STI <- 0b0)
mem[X,0x0000000080000210] -> 0x9E93
mem[X,0x0000000080000212] -> 0x00BE
[132] [M]: 0x0000000080000210 (0x00BE9E93) slli x29, x29, 0xb                       inst_1+40
x29 <- 0xFFFFFCC873AF5000

mem[X,0x0000000080000214] -> 0x8E93
mem[X,0x0000000080000216] -> 0x7FFE
[133] [M]: 0x0000000080000214 (0x7FFE8E93) addi x29, x29, 0x7ff                     inst_1+44
x29 <- 0xFFFFFCC873AF57FF

clint mtime 0x0000000000000043 (mip.MTI <- 0b1, mip.STI <- 0b0)
mem[X,0x0000000080000218] -> 0x9E93
mem[X,0x000000008000021A] -> 0x00BE
[134] [M]: 0x0000000080000218 (0x00BE9E93) slli x29, x29, 0xb                       inst_1+48
x29 <- 0xFFE6439D7ABFF800

mem[X,0x000000008000021C] -> 0x8E93
mem[X,0x000000008000021E] -> 0x55AE
[135] [M]: 0x000000008000021C (0x55AE8E93) addi x29, x29, 0x55a                     inst_1+52
x29 <- 0xFFE6439D7ABFFD5A

clint mtime 0x0000000000000044 (mip.MTI <- 0b1, mip.STI <- 0b0)
mem[X,0x0000000080000220] -> 0x9E93
mem[X,0x0000000080000222] -> 0x00AE
[136] [M]: 0x0000000080000220 (0x00AE9E93) slli x29, x29, 0xa                       inst_1+56
x29 <- 0x990E75EAFFF56800

mem[X,0x0000000080000224] -> 0x8E93
mem[X,0x0000000080000226] -> 0x1C2E
[137] [M]: 0x0000000080000224 (0x1C2E8E93) addi x29, x29, 0x1c2                     inst_1+60
x29 <- 0x990E75EAFFF569C2

clint mtime 0x0000000000000045 (mip.MTI <- 0b1, mip.STI <- 0b0)
mem[X,0x0000000080000228] -> 0x8F33
mem[X,0x000000008000022A] -> 0x3FDF
[138] [M]: 0x0000000080000228 (0x3FDF8F33) aes64dsm x30, x31, x29                   inst_1+64
x30 <- 0xDA844FFEA4D44576

mem[X,0x000000008000022C] -> 0xB423
mem[X,0x000000008000022E] -> 0x01E0
[139] [M]: 0x000000008000022C (0x01E0B423) sd x30, 0x8(x1)                          inst_1+68
mem[W,0x0000000080004120] <- 0xDA844FFEA4D44576

clint mtime 0x0000000000000046 (mip.MTI <- 0b1, mip.STI <- 0b0)
mem[X,0x0000000080000230] -> 0xCE37
mem[X,0x0000000080000232] -> 0x6D23
[140] [M]: 0x0000000080000230 (0x6D23CE37) lui x28, 0x6d23c                         inst_2+0
x28 <- 0x000000006D23C000

mem[X,0x0000000080000234] -> 0x0E13
mem[X,0x0000000080000236] -> 0x048E
[141] [M]: 0x0000000080000234 (0x048E0E13) addi x28, x28, 0x48                      inst_2+4
x28 <- 0x000000006D23C048

clint mtime 0x0000000000000047 (mip.MTI <- 0b1, mip.STI <- 0b0)
mem[X,0x0000000080000238] -> 0x1E13
mem[X,0x000000008000023A] -> 0x00BE
[142] [M]: 0x0000000080000238 (0x00BE1E13) slli x28, x28, 0xb                       inst_2+8
x28 <- 0x000003691E024000

mem[X,0x000000008000023C] -> 0x0E13
mem[X,0x000000008000023E] -> 0x453E
[143] [M]: 0x000000008000023C (0x453E0E13) addi x28, x28, 0x453                     inst_2+12
x28 <- 0x000003691E024453

clint mtime 0x0000000000000048 (mip.MTI <- 0b1, mip.STI <- 0b0)
mem[X,0x0000000080000240] -> 0x1E13
mem[X,0x0000000080000242] -> 0x00BE
[144] [M]: 0x0000000080000240 (0x00BE1E13) slli x28, x28, 0xb                       inst_2+16
x28 <- 0x001B48F012229800

mem[X,0x0000000080000244] -> 0x0E13
mem[X,0x0000000080000246] -> 0x006E
[145] [M]: 0x0000000080000244 (0x006E0E13) addi x28, x28, 0x6                       inst_2+20
x28 <- 0x001B48F012229806

clint mtime 0x0000000000000049 (mip.MTI <- 0b1, mip.STI <- 0b0)
mem[X,0x0000000080000248] -> 0x1E13
mem[X,0x000000008000024A] -> 0x00AE
[146] [M]: 0x0000000080000248 (0x00AE1E13) slli x28, x28, 0xa                       inst_2+24
x28 <- 0x6D23C0488A601800

mem[X,0x000000008000024C] -> 0x0E13
mem[X,0x000000008000024E] -> 0x1C1E
[147] [M]: 0x000000008000024C (0x1C1E0E13) addi x28, x28, 0x1c1                     inst_2+28
x28 <- 0x6D23C0488A6019C1

clint mtime 0x000000000000004A (mip.MTI <- 0b1, mip.STI <- 0b0)
mem[X,0x0000000080000250] -> 0xCE37
mem[X,0x0000000080000252] -> 0x6D23
[148] [M]: 0x0000000080000250 (0x6D23CE37) lui x28, 0x6d23c                         inst_2+32
x28 <- 0x000000006D23C000

mem[X,0x0000000080000254] -> 0x0E13
mem[X,0x0000000080000256] -> 0x048E
[149] [M]: 0x0000000080000254 (0x048E0E13) addi x28, x28, 0x48                      inst_2+36
x28 <- 0x000000006D23C048

clint mtime 0x000000000000004B (mip.MTI <- 0b1, mip.STI <- 0b0)
mem[X,0x0000000080000258] -> 0x1E13
mem[X,0x000000008000025A] -> 0x00BE
[150] [M]: 0x0000000080000258 (0x00BE1E13) slli x28, x28, 0xb                       inst_2+40
x28 <- 0x000003691E024000

mem[X,0x000000008000025C] -> 0x0E13
mem[X,0x000000008000025E] -> 0x453E
[151] [M]: 0x000000008000025C (0x453E0E13) addi x28, x28, 0x453                     inst_2+44
x28 <- 0x000003691E024453

clint mtime 0x000000000000004C (mip.MTI <- 0b1, mip.STI <- 0b0)
mem[X,0x0000000080000260] -> 0x1E13
mem[X,0x0000000080000262] -> 0x00BE
[152] [M]: 0x0000000080000260 (0x00BE1E13) slli x28, x28, 0xb                       inst_2+48
x28 <- 0x001B48F012229800

mem[X,0x0000000080000264] -> 0x0E13
mem[X,0x0000000080000266] -> 0x006E
[153] [M]: 0x0000000080000264 (0x006E0E13) addi x28, x28, 0x6                       inst_2+52
x28 <- 0x001B48F012229806

clint mtime 0x000000000000004D (mip.MTI <- 0b1, mip.STI <- 0b0)
mem[X,0x0000000080000268] -> 0x1E13
mem[X,0x000000008000026A] -> 0x00AE
[154] [M]: 0x0000000080000268 (0x00AE1E13) slli x28, x28, 0xa                       inst_2+56
x28 <- 0x6D23C0488A601800

mem[X,0x000000008000026C] -> 0x0E13
mem[X,0x000000008000026E] -> 0x1C1E
[155] [M]: 0x000000008000026C (0x1C1E0E13) addi x28, x28, 0x1c1                     inst_2+60
x28 <- 0x6D23C0488A6019C1

clint mtime 0x000000000000004E (mip.MTI <- 0b1, mip.STI <- 0b0)
mem[X,0x0000000080000270] -> 0x0EB3
mem[X,0x0000000080000272] -> 0x3FCE
[156] [M]: 0x0000000080000270 (0x3FCE0EB3) aes64dsm x29, x28, x28                   inst_2+64
x29 <- 0x0E8E1A3D415134C5

mem[X,0x0000000080000274] -> 0xB823
mem[X,0x0000000080000276] -> 0x01D0
[157] [M]: 0x0000000080000274 (0x01D0B823) sd x29, 0x10(x1)                         inst_2+68
mem[W,0x0000000080004128] <- 0x0E8E1A3D415134C5

clint mtime 0x000000000000004F (mip.MTI <- 0b1, mip.STI <- 0b0)
mem[X,0x0000000080000278] -> 0x9DB7
mem[X,0x000000008000027A] -> 0x1F7D
[158] [M]: 0x0000000080000278 (0x1F7D9DB7) lui x27, 0x1f7d9                         inst_3+0
x27 <- 0x000000001F7D9000

mem[X,0x000000008000027C] -> 0x8D93
mem[X,0x000000008000027E] -> 0x46FD
[159] [M]: 0x000000008000027C (0x46FD8D93) addi x27, x27, 0x46f                     inst_3+4
x27 <- 0x000000001F7D946F

clint mtime 0x0000000000000050 (mip.MTI <- 0b1, mip.STI <- 0b0)
mem[X,0x0000000080000280] -> 0x9D93
mem[X,0x0000000080000282] -> 0x00BD
[160] [M]: 0x0000000080000280 (0x00BD9D93) slli x27, x27, 0xb                       inst_3+8
x27 <- 0x000000FBECA37800

mem[X,0x0000000080000284] -> 0x8D93
mem[X,0x0000000080000286] -> 0x0B8D
[161] [M]: 0x0000000080000284 (0x0B8D8D93) addi x27, x27, 0xb8                      inst_3+12
x27 <- 0x000000FBECA378B8

clint mtime 0x0000000000000051 (mip.MTI <- 0b1, mip.STI <- 0b0)
mem[X,0x0000000080000288] -> 0x9D93
mem[X,0x000000008000028A] -> 0x00BD
[162] [M]: 0x0000000080000288 (0x00BD9D93) slli x27, x27, 0xb                       inst_3+16
x27 <- 0x0007DF651BC5C000

mem[X,0x000000008000028C] -> 0x8D93
mem[X,0x000000008000028E] -> 0x5A2D
[163] [M]: 0x000000008000028C (0x5A2D8D93) addi x27, x27, 0x5a2                     inst_3+20
x27 <- 0x0007DF651BC5C5A2

clint mtime 0x0000000000000052 (mip.MTI <- 0b1, mip.STI <- 0b0)
mem[X,0x0000000080000290] -> 0x9D93
mem[X,0x0000000080000292] -> 0x00AD
[164] [M]: 0x0000000080000290 (0x00AD9D93) slli x27, x27, 0xa                       inst_3+24
x27 <- 0x1F7D946F17168800

mem[X,0x0000000080000294] -> 0x8D93
mem[X,0x0000000080000296] -> 0x2B3D
[165] [M]: 0x0000000080000294 (0x2B3D8D93) addi x27, x27, 0x2b3                     inst_3+28
x27 <- 0x1F7D946F17168AB3

clint mtime 0x0000000000000053 (mip.MTI <- 0b1, mip.STI <- 0b0)
mem[X,0x0000000080000298] -> 0x9DB7
mem[X,0x000000008000029A] -> 0x1F7D
[166] [M]: 0x0000000080000298 (0x1F7D9DB7) lui x27, 0x1f7d9                         inst_3+32
x27 <- 0x000000001F7D9000

mem[X,0x000000008000029C] -> 0x8D93
mem[X,0x000000008000029E] -> 0x46FD
[167] [M]: 0x000000008000029C (0x46FD8D93) addi x27, x27, 0x46f                     inst_3+36
x27 <- 0x000000001F7D946F

clint mtime 0x0000000000000054 (mip.MTI <- 0b1, mip.STI <- 0b0)
mem[X,0x00000000800002A0] -> 0x9D93
mem[X,0x00000000800002A2] -> 0x00BD
[168] [M]: 0x00000000800002A0 (0x00BD9D93) slli x27, x27, 0xb                       inst_3+40
x27 <- 0x000000FBECA37800

mem[X,0x00000000800002A4] -> 0x8D93
mem[X,0x00000000800002A6] -> 0x0B8D
[169] [M]: 0x00000000800002A4 (0x0B8D8D93) addi x27, x27, 0xb8                      inst_3+44
x27 <- 0x000000FBECA378B8

clint mtime 0x0000000000000055 (mip.MTI <- 0b1, mip.STI <- 0b0)
mem[X,0x00000000800002A8] -> 0x9D93
mem[X,0x00000000800002AA] -> 0x00BD
[170] [M]: 0x00000000800002A8 (0x00BD9D93) slli x27, x27, 0xb                       inst_3+48
x27 <- 0x0007DF651BC5C000

mem[X,0x00000000800002AC] -> 0x8D93
mem[X,0x00000000800002AE] -> 0x5A2D
[171] [M]: 0x00000000800002AC (0x5A2D8D93) addi x27, x27, 0x5a2                     inst_3+52
x27 <- 0x0007DF651BC5C5A2

clint mtime 0x0000000000000056 (mip.MTI <- 0b1, mip.STI <- 0b0)
mem[X,0x00000000800002B0] -> 0x9D93
mem[X,0x00000000800002B2] -> 0x00AD
[172] [M]: 0x00000000800002B0 (0x00AD9D93) slli x27, x27, 0xa                       inst_3+56
x27 <- 0x1F7D946F17168800

mem[X,0x00000000800002B4] -> 0x8D93
mem[X,0x00000000800002B6] -> 0x2B3D
[173] [M]: 0x00000000800002B4 (0x2B3D8D93) addi x27, x27, 0x2b3                     inst_3+60
x27 <- 0x1F7D946F17168AB3

clint mtime 0x0000000000000057 (mip.MTI <- 0b1, mip.STI <- 0b0)
mem[X,0x00000000800002B8] -> 0x8DB3
mem[X,0x00000000800002BA] -> 0x3FBD
[174] [M]: 0x00000000800002B8 (0x3FBD8DB3) aes64dsm x27, x27, x27                   inst_3+64
x27 <- 0x26F7D458544553DA

mem[X,0x00000000800002BC] -> 0xBC23
mem[X,0x00000000800002BE] -> 0x01B0
[175] [M]: 0x00000000800002BC (0x01B0BC23) sd x27, 0x18(x1)                         inst_3+68
mem[W,0x0000000080004130] <- 0x26F7D458544553DA

clint mtime 0x0000000000000058 (mip.MTI <- 0b1, mip.STI <- 0b0)
mem[X,0x00000000800002C0] -> 0x5D37
mem[X,0x00000000800002C2] -> 0xEF1D
[176] [M]: 0x00000000800002C0 (0xEF1D5D37) lui x26, -0x10e2b                        inst_4+0
x26 <- 0xFFFFFFFFEF1D5000

mem[X,0x00000000800002C4] -> 0x0D13
mem[X,0x00000000800002C6] -> 0x4DBD
[177] [M]: 0x00000000800002C4 (0x4DBD0D13) addi x26, x26, 0x4db                     inst_4+4
x26 <- 0xFFFFFFFFEF1D54DB

clint mtime 0x0000000000000059 (mip.MTI <- 0b1, mip.STI <- 0b0)
mem[X,0x00000000800002C8] -> 0x1D13
mem[X,0x00000000800002CA] -> 0x00BD
[178] [M]: 0x00000000800002C8 (0x00BD1D13) slli x26, x26, 0xb                       inst_4+8
x26 <- 0xFFFFFF78EAA6D800

mem[X,0x00000000800002CC] -> 0x0D13
mem[X,0x00000000800002CE] -> 0x195D
[179] [M]: 0x00000000800002CC (0x195D0D13) addi x26, x26, 0x195                     inst_4+12
x26 <- 0xFFFFFF78EAA6D995

clint mtime 0x000000000000005A (mip.MTI <- 0b1, mip.STI <- 0b0)
mem[X,0x00000000800002D0] -> 0x1D13
mem[X,0x00000000800002D2] -> 0x00BD
[180] [M]: 0x00000000800002D0 (0x00BD1D13) slli x26, x26, 0xb                       inst_4+16
x26 <- 0xFFFBC75536CCA800

mem[X,0x00000000800002D4] -> 0x0D13
mem[X,0x00000000800002D6] -> 0x607D
[181] [M]: 0x00000000800002D4 (0x607D0D13) addi x26, x26, 0x607                     inst_4+20
x26 <- 0xFFFBC75536CCAE07

clint mtime 0x000000000000005B (mip.MTI <- 0b1, mip.STI <- 0b0)
mem[X,0x00000000800002D8] -> 0x1D13
mem[X,0x00000000800002DA] -> 0x00AD
[182] [M]: 0x00000000800002D8 (0x00AD1D13) slli x26, x26, 0xa                       inst_4+24
x26 <- 0xEF1D54DB32B81C00

mem[X,0x00000000800002DC] -> 0x0D13
mem[X,0x00000000800002DE] -> 0x327D
[183] [M]: 0x00000000800002DC (0x327D0D13) addi x26, x26, 0x327                     inst_4+28
x26 <- 0xEF1D54DB32B81F27

clint mtime 0x000000000000005C (mip.MTI <- 0b1, mip.STI <- 0b0)
mem[X,0x00000000800002E0] -> 0xBF37
mem[X,0x00000000800002E2] -> 0x1826
[184] [M]: 0x00000000800002E0 (0x1826BF37) lui x30, 0x1826b                         inst_4+32
x30 <- 0x000000001826B000

mem[X,0x00000000800002E4] -> 0x0F13
mem[X,0x00000000800002E6] -> 0x804F
[185] [M]: 0x00000000800002E4 (0x804F0F13) addi x30, x30, -0x7fc                    inst_4+36
x30 <- 0x000000001826A804

clint mtime 0x000000000000005D (mip.MTI <- 0b1, mip.STI <- 0b0)
mem[X,0x00000000800002E8] -> 0x1F13
mem[X,0x00000000800002EA] -> 0x00BF
[186] [M]: 0x00000000800002E8 (0x00BF1F13) slli x30, x30, 0xb                       inst_4+40
x30 <- 0x000000C135402000

mem[X,0x00000000800002EC] -> 0x0F13
mem[X,0x00000000800002EE] -> 0x142F
[187] [M]: 0x00000000800002EC (0x142F0F13) addi x30, x30, 0x142                     inst_4+44
x30 <- 0x000000C135402142

clint mtime 0x000000000000005E (mip.MTI <- 0b1, mip.STI <- 0b0)
mem[X,0x00000000800002F0] -> 0x1F13
mem[X,0x00000000800002F2] -> 0x00BF
[188] [M]: 0x00000000800002F0 (0x00BF1F13) slli x30, x30, 0xb                       inst_4+48
x30 <- 0x000609AA010A1000

mem[X,0x00000000800002F4] -> 0x0F13
mem[X,0x00000000800002F6] -> 0x3F8F
[189] [M]: 0x00000000800002F4 (0x3F8F0F13) addi x30, x30, 0x3f8                     inst_4+52
x30 <- 0x000609AA010A13F8

clint mtime 0x000000000000005F (mip.MTI <- 0b1, mip.STI <- 0b0)
mem[X,0x00000000800002F8] -> 0x1F13
mem[X,0x00000000800002FA] -> 0x00AF
[190] [M]: 0x00000000800002F8 (0x00AF1F13) slli x30, x30, 0xa                       inst_4+56
x30 <- 0x1826A804284FE000

mem[X,0x00000000800002FC] -> 0x0F13
mem[X,0x00000000800002FE] -> 0x16CF
[191] [M]: 0x00000000800002FC (0x16CF0F13) addi x30, x30, 0x16c                     inst_4+60
x30 <- 0x1826A804284FE16C

clint mtime 0x0000000000000060 (mip.MTI <- 0b1, mip.STI <- 0b0)
mem[X,0x0000000080000300] -> 0x0D33
mem[X,0x0000000080000302] -> 0x3FED
[192] [M]: 0x0000000080000300 (0x3FED0D33) aes64dsm x26, x26, x30                   inst_4+64
x26 <- 0xA559A9CC3F3B68CD

mem[X,0x0000000080000304] -> 0xB023
mem[X,0x0000000080000306] -> 0x03A0
[193] [M]: 0x0000000080000304 (0x03A0B023) sd x26, 0x20(x1)                         inst_4+68
mem[W,0x0000000080004138] <- 0xA559A9CC3F3B68CD

clint mtime 0x0000000000000061 (mip.MTI <- 0b1, mip.STI <- 0b0)
mem[X,0x0000000080000308] -> 0xEEB7
mem[X,0x000000008000030A] -> 0xB694
[194] [M]: 0x0000000080000308 (0xB694EEB7) lui x29, -0x496b2                        inst_5+0
x29 <- 0xFFFFFFFFB694E000

mem[X,0x000000008000030C] -> 0x8E93
mem[X,0x000000008000030E] -> 0xE26E
[195] [M]: 0x000000008000030C (0xE26E8E93) addi x29, x29, -0x1da                    inst_5+4
x29 <- 0xFFFFFFFFB694DE26

clint mtime 0x0000000000000062 (mip.MTI <- 0b1, mip.STI <- 0b0)
mem[X,0x0000000080000310] -> 0x9E93
mem[X,0x0000000080000312] -> 0x00BE
[196] [M]: 0x0000000080000310 (0x00BE9E93) slli x29, x29, 0xb                       inst_5+8
x29 <- 0xFFFFFDB4A6F13000

mem[X,0x0000000080000314] -> 0x8E93
mem[X,0x0000000080000316] -> 0x56CE
[197] [M]: 0x0000000080000314 (0x56CE8E93) addi x29, x29, 0x56c                     inst_5+12
x29 <- 0xFFFFFDB4A6F1356C

clint mtime 0x0000000000000063 (mip.MTI <- 0b1, mip.STI <- 0b0)
mem[X,0x0000000080000318] -> 0x9E93
mem[X,0x000000008000031A] -> 0x00BE
[198] [M]: 0x0000000080000318 (0x00BE9E93) slli x29, x29, 0xb                       inst_5+16
x29 <- 0xFFEDA53789AB6000

mem[X,0x000000008000031C] -> 0x8E93
mem[X,0x000000008000031E] -> 0x795E
[199] [M]: 0x000000008000031C (0x795E8E93) addi x29, x29, 0x795                     inst_5+20
x29 <- 0xFFEDA53789AB6795

clint mtime 0x0000000000000064 (mip.MTI <- 0b1, mip.STI <- 0b0)
mem[X,0x0000000080000320] -> 0x9E93
mem[X,0x0000000080000322] -> 0x00AE
[200] [M]: 0x0000000080000320 (0x00AE9E93) slli x29, x29, 0xa                       inst_5+24
x29 <- 0xB694DE26AD9E5400

mem[X,0x0000000080000324] -> 0x8E93
mem[X,0x0000000080000326] -> 0x031E
[201] [M]: 0x0000000080000324 (0x031E8E93) addi x29, x29, 0x31                      inst_5+28
x29 <- 0xB694DE26AD9E5431

clint mtime 0x0000000000000065 (mip.MTI <- 0b1, mip.STI <- 0b0)
mem[X,0x0000000080000328] -> 0xAD37
mem[X,0x000000008000032A] -> 0x293F
[202] [M]: 0x0000000080000328 (0x293FAD37) lui x26, 0x293fa                         inst_5+32
x26 <- 0x00000000293FA000

mem[X,0x000000008000032C] -> 0x0D13
mem[X,0x000000008000032E] -> 0xF60D
[203] [M]: 0x000000008000032C (0xF60D0D13) addi x26, x26, -0xa0                     inst_5+36
x26 <- 0x00000000293F9F60

clint mtime 0x0000000000000066 (mip.MTI <- 0b1, mip.STI <- 0b0)
mem[X,0x0000000080000330] -> 0x1D13
mem[X,0x0000000080000332] -> 0x00BD
[204] [M]: 0x0000000080000330 (0x00BD1D13) slli x26, x26, 0xb                       inst_5+40
x26 <- 0x00000149FCFB0000

mem[X,0x0000000080000334] -> 0x0D13
mem[X,0x0000000080000336] -> 0x38FD
[205] [M]: 0x0000000080000334 (0x38FD0D13) addi x26, x26, 0x38f                     inst_5+44
x26 <- 0x00000149FCFB038F

clint mtime 0x0000000000000067 (mip.MTI <- 0b1, mip.STI <- 0b0)
mem[X,0x0000000080000338] -> 0x1D13
mem[X,0x000000008000033A] -> 0x00BD
[206] [M]: 0x0000000080000338 (0x00BD1D13) slli x26, x26, 0xb                       inst_5+48
x26 <- 0x000A4FE7D81C7800

mem[X,0x000000008000033C] -> 0x0D13
mem[X,0x000000008000033E] -> 0x6B6D
[207] [M]: 0x000000008000033C (0x6B6D0D13) addi x26, x26, 0x6b6                     inst_5+52
x26 <- 0x000A4FE7D81C7EB6

clint mtime 0x0000000000000068 (mip.MTI <- 0b1, mip.STI <- 0b0)
mem[X,0x0000000080000340] -> 0x1D13
mem[X,0x0000000080000342] -> 0x00AD
[208] [M]: 0x0000000080000340 (0x00AD1D13) slli x26, x26, 0xa                       inst_5+56
x26 <- 0x293F9F6071FAD800

mem[X,0x0000000080000344] -> 0x0D13
mem[X,0x0000000080000346] -> 0x078D
[209] [M]: 0x0000000080000344 (0x078D0D13) addi x26, x26, 0x78                      inst_5+60
x26 <- 0x293F9F6071FAD878

clint mtime 0x0000000000000069 (mip.MTI <- 0b1, mip.STI <- 0b0)
mem[X,0x0000000080000348] -> 0x8E33
mem[X,0x000000008000034A] -> 0x3FAE
[210] [M]: 0x0000000080000348 (0x3FAE8E33) aes64dsm x28, x29, x26                   inst_5+64
x28 <- 0x6E1A0AA9D5789818

mem[X,0x000000008000034C] -> 0xB423
mem[X,0x000000008000034E] -> 0x03C0
[211] [M]: 0x000000008000034C (0x03C0B423) sd x28, 0x28(x1)                         inst_5+68
mem[W,0x0000000080004140] <- 0x6E1A0AA9D5789818

clint mtime 0x000000000000006A (mip.MTI <- 0b1, mip.STI <- 0b0)
mem[X,0x0000000080000350] -> 0xBC37
mem[X,0x0000000080000352] -> 0x987D
[212] [M]: 0x0000000080000350 (0x987DBC37) lui x24, -0x67825                        inst_6+0
x24 <- 0xFFFFFFFF987DB000

mem[X,0x0000000080000354] -> 0x0C13
mem[X,0x0000000080000356] -> 0xA20C
[213] [M]: 0x0000000080000354 (0xA20C0C13) addi x24, x24, -0x5e0                    inst_6+4
x24 <- 0xFFFFFFFF987DAA20

clint mtime 0x000000000000006B (mip.MTI <- 0b1, mip.STI <- 0b0)
mem[X,0x0000000080000358] -> 0x1C13
mem[X,0x000000008000035A] -> 0x00BC
[214] [M]: 0x0000000080000358 (0x00BC1C13) slli x24, x24, 0xb                       inst_6+8
x24 <- 0xFFFFFCC3ED510000

mem[X,0x000000008000035C] -> 0x0C13
mem[X,0x000000008000035E] -> 0x5C2C
[215] [M]: 0x000000008000035C (0x5C2C0C13) addi x24, x24, 0x5c2                     inst_6+12
x24 <- 0xFFFFFCC3ED5105C2

clint mtime 0x000000000000006C (mip.MTI <- 0b1, mip.STI <- 0b0)
mem[X,0x0000000080000360] -> 0x1C13
mem[X,0x0000000080000362] -> 0x00BC
[216] [M]: 0x0000000080000360 (0x00BC1C13) slli x24, x24, 0xb                       inst_6+16
x24 <- 0xFFE61F6A882E1000

mem[X,0x0000000080000364] -> 0x0C13
mem[X,0x0000000080000366] -> 0x638C
[217] [M]: 0x0000000080000364 (0x638C0C13) addi x24, x24, 0x638                     inst_6+20
x24 <- 0xFFE61F6A882E1638

clint mtime 0x000000000000006D (mip.MTI <- 0b1, mip.STI <- 0b0)
mem[X,0x0000000080000368] -> 0x1C13
mem[X,0x000000008000036A] -> 0x00AC
[218] [M]: 0x0000000080000368 (0x00AC1C13) slli x24, x24, 0xa                       inst_6+24
x24 <- 0x987DAA20B858E000

mem[X,0x000000008000036C] -> 0x0C13
mem[X,0x000000008000036E] -> 0x304C
[219] [M]: 0x000000008000036C (0x304C0C13) addi x24, x24, 0x304                     inst_6+28
x24 <- 0x987DAA20B858E304

clint mtime 0x000000000000006E (mip.MTI <- 0b1, mip.STI <- 0b0)
mem[X,0x0000000080000370] -> 0xCBB7
mem[X,0x0000000080000372] -> 0x1AA1
[220] [M]: 0x0000000080000370 (0x1AA1CBB7) lui x23, 0x1aa1c                         inst_6+32
x23 <- 0x000000001AA1C000

mem[X,0x0000000080000374] -> 0x8B93
mem[X,0x0000000080000376] -> 0xEEBB
[221] [M]: 0x0000000080000374 (0xEEBB8B93) addi x23, x23, -0x115                    inst_6+36
x23 <- 0x000000001AA1BEEB

clint mtime 0x000000000000006F (mip.MTI <- 0b1, mip.STI <- 0b0)
mem[X,0x0000000080000378] -> 0x9B93
mem[X,0x000000008000037A] -> 0x00BB
[222] [M]: 0x0000000080000378 (0x00BB9B93) slli x23, x23, 0xb                       inst_6+40
x23 <- 0x000000D50DF75800

mem[X,0x000000008000037C] -> 0x8B93
mem[X,0x000000008000037E] -> 0x77DB
[223] [M]: 0x000000008000037C (0x77DB8B93) addi x23, x23, 0x77d                     inst_6+44
x23 <- 0x000000D50DF75F7D

clint mtime 0x0000000000000070 (mip.MTI <- 0b1, mip.STI <- 0b0)
mem[X,0x0000000080000380] -> 0x9B93
mem[X,0x0000000080000382] -> 0x00BB
[224] [M]: 0x0000000080000380 (0x00BB9B93) slli x23, x23, 0xb                       inst_6+48
x23 <- 0x0006A86FBAFBE800

mem[X,0x0000000080000384] -> 0x8B93
mem[X,0x0000000080000386] -> 0x640B
[225] [M]: 0x0000000080000384 (0x640B8B93) addi x23, x23, 0x640                     inst_6+52
x23 <- 0x0006A86FBAFBEE40

clint mtime 0x0000000000000071 (mip.MTI <- 0b1, mip.STI <- 0b0)
mem[X,0x0000000080000388] -> 0x9B93
mem[X,0x000000008000038A] -> 0x00AB
[226] [M]: 0x0000000080000388 (0x00AB9B93) slli x23, x23, 0xa                       inst_6+56
x23 <- 0x1AA1BEEBEFB90000

mem[X,0x000000008000038C] -> 0x8B93
mem[X,0x000000008000038E] -> 0x2CBB
[227] [M]: 0x000000008000038C (0x2CBB8B93) addi x23, x23, 0x2cb                     inst_6+60
x23 <- 0x1AA1BEEBEFB902CB

clint mtime 0x0000000000000072 (mip.MTI <- 0b1, mip.STI <- 0b0)
mem[X,0x0000000080000390] -> 0x0CB3
mem[X,0x0000000080000392] -> 0x3F7C
[228] [M]: 0x0000000080000390 (0x3F7C0CB3) aes64dsm x25, x24, x23                   inst_6+64
x25 <- 0x16C5336976D56898

mem[X,0x0000000080000394] -> 0xB823
mem[X,0x0000000080000396] -> 0x0390
[229] [M]: 0x0000000080000394 (0x0390B823) sd x25, 0x30(x1)                         inst_6+68
mem[W,0x0000000080004148] <- 0x16C5336976D56898

clint mtime 0x0000000000000073 (mip.MTI <- 0b1, mip.STI <- 0b0)
mem[X,0x0000000080000398] -> 0x8BB7
mem[X,0x000000008000039A] -> 0x79BB
[230] [M]: 0x0000000080000398 (0x79BB8BB7) lui x23, 0x79bb8                         inst_7+0
x23 <- 0x0000000079BB8000

mem[X,0x000000008000039C] -> 0x8B93
mem[X,0x000000008000039E] -> 0xC34B
[231] [M]: 0x000000008000039C (0xC34B8B93) addi x23, x23, -0x3cc                    inst_7+4
x23 <- 0x0000000079BB7C34

clint mtime 0x0000000000000074 (mip.MTI <- 0b1, mip.STI <- 0b0)
mem[X,0x00000000800003A0] -> 0x9B93
mem[X,0x00000000800003A2] -> 0x00BB
[232] [M]: 0x00000000800003A0 (0x00BB9B93) slli x23, x23, 0xb                       inst_7+8
x23 <- 0x000003CDDBE1A000

mem[X,0x00000000800003A4] -> 0x8B93
mem[X,0x00000000800003A6] -> 0x0E9B
[233] [M]: 0x00000000800003A4 (0x0E9B8B93) addi x23, x23, 0xe9                      inst_7+12
x23 <- 0x000003CDDBE1A0E9

clint mtime 0x0000000000000075 (mip.MTI <- 0b1, mip.STI <- 0b0)
mem[X,0x00000000800003A8] -> 0x9B93
mem[X,0x00000000800003AA] -> 0x00BB
[234] [M]: 0x00000000800003A8 (0x00BB9B93) slli x23, x23, 0xb                       inst_7+16
x23 <- 0x001E6EDF0D074800

mem[X,0x00000000800003AC] -> 0x8B93
mem[X,0x00000000800003AE] -> 0x444B
[235] [M]: 0x00000000800003AC (0x444B8B93) addi x23, x23, 0x444                     inst_7+20
x23 <- 0x001E6EDF0D074C44

clint mtime 0x0000000000000076 (mip.MTI <- 0b1, mip.STI <- 0b0)
mem[X,0x00000000800003B0] -> 0x9B93
mem[X,0x00000000800003B2] -> 0x00AB
[236] [M]: 0x00000000800003B0 (0x00AB9B93) slli x23, x23, 0xa                       inst_7+24
x23 <- 0x79BB7C341D311000

mem[X,0x00000000800003B4] -> 0x8B93
mem[X,0x00000000800003B6] -> 0x0BCB
[237] [M]: 0x00000000800003B4 (0x0BCB8B93) addi x23, x23, 0xbc                      inst_7+28
x23 <- 0x79BB7C341D3110BC

clint mtime 0x0000000000000077 (mip.MTI <- 0b1, mip.STI <- 0b0)
mem[X,0x00000000800003B8] -> 0xFCB7
mem[X,0x00000000800003BA] -> 0x8678
[238] [M]: 0x00000000800003B8 (0x8678FCB7) lui x25, -0x79871                        inst_7+32
x25 <- 0xFFFFFFFF8678F000

mem[X,0x00000000800003BC] -> 0x8C93
mem[X,0x00000000800003BE] -> 0x5E3C
[239] [M]: 0x00000000800003BC (0x5E3C8C93) addi x25, x25, 0x5e3                     inst_7+36
x25 <- 0xFFFFFFFF8678F5E3

clint mtime 0x0000000000000078 (mip.MTI <- 0b1, mip.STI <- 0b0)
mem[X,0x00000000800003C0] -> 0x9C93
mem[X,0x00000000800003C2] -> 0x00BC
[240] [M]: 0x00000000800003C0 (0x00BC9C93) slli x25, x25, 0xb                       inst_7+40
x25 <- 0xFFFFFC33C7AF1800

mem[X,0x00000000800003C4] -> 0x8C93
mem[X,0x00000000800003C6] -> 0x693C
[241] [M]: 0x00000000800003C4 (0x693C8C93) addi x25, x25, 0x693                     inst_7+44
x25 <- 0xFFFFFC33C7AF1E93

clint mtime 0x0000000000000079 (mip.MTI <- 0b1, mip.STI <- 0b0)
mem[X,0x00000000800003C8] -> 0x9C93
mem[X,0x00000000800003CA] -> 0x00BC
[242] [M]: 0x00000000800003C8 (0x00BC9C93) slli x25, x25, 0xb                       inst_7+48
x25 <- 0xFFE19E3D78F49800

mem[X,0x00000000800003CC] -> 0x8C93
mem[X,0x00000000800003CE] -> 0x4B8C
[243] [M]: 0x00000000800003CC (0x4B8C8C93) addi x25, x25, 0x4b8                     inst_7+52
x25 <- 0xFFE19E3D78F49CB8

clint mtime 0x000000000000007A (mip.MTI <- 0b1, mip.STI <- 0b0)
mem[X,0x00000000800003D0] -> 0x9C93
mem[X,0x00000000800003D2] -> 0x00AC
[244] [M]: 0x00000000800003D0 (0x00AC9C93) slli x25, x25, 0xa                       inst_7+56
x25 <- 0x8678F5E3D272E000

mem[X,0x00000000800003D4] -> 0x8C93
mem[X,0x00000000800003D6] -> 0x229C
[245] [M]: 0x00000000800003D4 (0x229C8C93) addi x25, x25, 0x229                     inst_7+60
x25 <- 0x8678F5E3D272E229

clint mtime 0x000000000000007B (mip.MTI <- 0b1, mip.STI <- 0b0)
mem[X,0x00000000800003D8] -> 0x8C33
mem[X,0x00000000800003DA] -> 0x3F9B
[246] [M]: 0x00000000800003D8 (0x3F9B8C33) aes64dsm x24, x23, x25                   inst_7+64
x24 <- 0x26D4EAF26EDDD1DC

mem[X,0x00000000800003DC] -> 0xBC23
mem[X,0x00000000800003DE] -> 0x0380
[247] [M]: 0x00000000800003DC (0x0380BC23) sd x24, 0x38(x1)                         inst_7+68
mem[W,0x0000000080004150] <- 0x26D4EAF26EDDD1DC

clint mtime 0x000000000000007C (mip.MTI <- 0b1, mip.STI <- 0b0)
mem[X,0x00000000800003E0] -> 0xFCB7
mem[X,0x00000000800003E2] -> 0xE2EA
[248] [M]: 0x00000000800003E0 (0xE2EAFCB7) lui x25, -0x1d151                        inst_8+0
x25 <- 0xFFFFFFFFE2EAF000

mem[X,0x00000000800003E4] -> 0x8C93
mem[X,0x00000000800003E6] -> 0x4A0C
[249] [M]: 0x00000000800003E4 (0x4A0C8C93) addi x25, x25, 0x4a0                     inst_8+4
x25 <- 0xFFFFFFFFE2EAF4A0

clint mtime 0x000000000000007D (mip.MTI <- 0b1, mip.STI <- 0b0)
mem[X,0x00000000800003E8] -> 0x9C93
mem[X,0x00000000800003EA] -> 0x00BC
[250] [M]: 0x00000000800003E8 (0x00BC9C93) slli x25, x25, 0xb                       inst_8+8
x25 <- 0xFFFFFF1757A50000

mem[X,0x00000000800003EC] -> 0x8C93
mem[X,0x00000000800003EE] -> 0x4C3C
[251] [M]: 0x00000000800003EC (0x4C3C8C93) addi x25, x25, 0x4c3                     inst_8+12
x25 <- 0xFFFFFF1757A504C3

clint mtime 0x000000000000007E (mip.MTI <- 0b1, mip.STI <- 0b0)
mem[X,0x00000000800003F0] -> 0x9C93
mem[X,0x00000000800003F2] -> 0x00BC
[252] [M]: 0x00000000800003F0 (0x00BC9C93) slli x25, x25, 0xb                       inst_8+16
x25 <- 0xFFF8BABD28261800

mem[X,0x00000000800003F4] -> 0x8C93
mem[X,0x00000000800003F6] -> 0x26FC
[253] [M]: 0x00000000800003F4 (0x26FC8C93) addi x25, x25, 0x26f                     inst_8+20
x25 <- 0xFFF8BABD28261A6F

clint mtime 0x000000000000007F (mip.MTI <- 0b1, mip.STI <- 0b0)
mem[X,0x00000000800003F8] -> 0x9C93
mem[X,0x00000000800003FA] -> 0x00AC
[254] [M]: 0x00000000800003F8 (0x00AC9C93) slli x25, x25, 0xa                       inst_8+24
x25 <- 0xE2EAF4A09869BC00

mem[X,0x00000000800003FC] -> 0x8C93
mem[X,0x00000000800003FE] -> 0x28CC
[255] [M]: 0x00000000800003FC (0x28CC8C93) addi x25, x25, 0x28c                     inst_8+28
x25 <- 0xE2EAF4A09869BE8C

clint mtime 0x0000000000000080 (mip.MTI <- 0b1, mip.STI <- 0b0)
mem[X,0x0000000080000400] -> 0x1C37
mem[X,0x0000000080000402] -> 0x5B73
[256] [M]: 0x0000000080000400 (0x5B731C37) lui x24, 0x5b731                         inst_8+32
x24 <- 0x000000005B731000

mem[X,0x0000000080000404] -> 0x0C13
mem[X,0x0000000080000406] -> 0xCADC
[257] [M]: 0x0000000080000404 (0xCADC0C13) addi x24, x24, -0x353                    inst_8+36
x24 <- 0x000000005B730CAD

clint mtime 0x0000000000000081 (mip.MTI <- 0b1, mip.STI <- 0b0)
mem[X,0x0000000080000408] -> 0x1C13
mem[X,0x000000008000040A] -> 0x00BC
[258] [M]: 0x0000000080000408 (0x00BC1C13) slli x24, x24, 0xb                       inst_8+40
x24 <- 0x000002DB98656800

mem[X,0x000000008000040C] -> 0x0C13
mem[X,0x000000008000040E] -> 0x48BC
[259] [M]: 0x000000008000040C (0x48BC0C13) addi x24, x24, 0x48b                     inst_8+44
x24 <- 0x000002DB98656C8B

clint mtime 0x0000000000000082 (mip.MTI <- 0b1, mip.STI <- 0b0)
mem[X,0x0000000080000410] -> 0x1C13
mem[X,0x0000000080000412] -> 0x00BC
[260] [M]: 0x0000000080000410 (0x00BC1C13) slli x24, x24, 0xb                       inst_8+48
x24 <- 0x0016DCC32B645800

mem[X,0x0000000080000414] -> 0x0C13
mem[X,0x0000000080000416] -> 0x59BC
[261] [M]: 0x0000000080000414 (0x59BC0C13) addi x24, x24, 0x59b                     inst_8+52
x24 <- 0x0016DCC32B645D9B

clint mtime 0x0000000000000083 (mip.MTI <- 0b1, mip.STI <- 0b0)
mem[X,0x0000000080000418] -> 0x1C13
mem[X,0x000000008000041A] -> 0x00AC
[262] [M]: 0x0000000080000418 (0x00AC1C13) slli x24, x24, 0xa                       inst_8+56
x24 <- 0x5B730CAD91766C00

mem[X,0x000000008000041C] -> 0x0C13
mem[X,0x000000008000041E] -> 0x362C
[263] [M]: 0x000000008000041C (0x362C0C13) addi x24, x24, 0x362                     inst_8+60
x24 <- 0x5B730CAD91766F62

clint mtime 0x0000000000000084 (mip.MTI <- 0b1, mip.STI <- 0b0)
mem[X,0x0000000080000420] -> 0x8BB3
mem[X,0x0000000080000422] -> 0x3F8C
[264] [M]: 0x0000000080000420 (0x3F8C8BB3) aes64dsm x23, x25, x24                   inst_8+64
x23 <- 0x4111CBA533ED0398

mem[X,0x0000000080000424] -> 0xB023
mem[X,0x0000000080000426] -> 0x0570
[265] [M]: 0x0000000080000424 (0x0570B023) sd x23, 0x40(x1)                         inst_8+68
mem[W,0x0000000080004158] <- 0x4111CBA533ED0398

clint mtime 0x0000000000000085 (mip.MTI <- 0b1, mip.STI <- 0b0)
mem[X,0x0000000080000428] -> 0x1AB7
mem[X,0x000000008000042A] -> 0xC0FE
[266] [M]: 0x0000000080000428 (0xC0FE1AB7) lui x21, -0x3f01f                        inst_9+0
x21 <- 0xFFFFFFFFC0FE1000

mem[X,0x000000008000042C] -> 0x8A93
mem[X,0x000000008000042E] -> 0x5DDA
[267] [M]: 0x000000008000042C (0x5DDA8A93) addi x21, x21, 0x5dd                     inst_9+4
x21 <- 0xFFFFFFFFC0FE15DD

clint mtime 0x0000000000000086 (mip.MTI <- 0b1, mip.STI <- 0b0)
mem[X,0x0000000080000430] -> 0x9A93
mem[X,0x0000000080000432] -> 0x00BA
[268] [M]: 0x0000000080000430 (0x00BA9A93) slli x21, x21, 0xb                       inst_9+8
x21 <- 0xFFFFFE07F0AEE800

mem[X,0x0000000080000434] -> 0x8A93
mem[X,0x0000000080000436] -> 0x06FA
[269] [M]: 0x0000000080000434 (0x06FA8A93) addi x21, x21, 0x6f                      inst_9+12
x21 <- 0xFFFFFE07F0AEE86F

clint mtime 0x0000000000000087 (mip.MTI <- 0b1, mip.STI <- 0b0)
mem[X,0x0000000080000438] -> 0x9A93
mem[X,0x000000008000043A] -> 0x00BA
[270] [M]: 0x0000000080000438 (0x00BA9A93) slli x21, x21, 0xb                       inst_9+16
x21 <- 0xFFF03F8577437800

mem[X,0x000000008000043C] -> 0x8A93
mem[X,0x000000008000043E] -> 0x655A
[271] [M]: 0x000000008000043C (0x655A8A93) addi x21, x21, 0x655                     inst_9+20
x21 <- 0xFFF03F8577437E55

clint mtime 0x0000000000000088 (mip.MTI <- 0b1, mip.STI <- 0b0)
mem[X,0x0000000080000440] -> 0x9A93
mem[X,0x0000000080000442] -> 0x00AA
[272] [M]: 0x0000000080000440 (0x00AA9A93) slli x21, x21, 0xa                       inst_9+24
x21 <- 0xC0FE15DD0DF95400

mem[X,0x0000000080000444] -> 0x8A93
mem[X,0x0000000080000446] -> 0x24BA
[273] [M]: 0x0000000080000444 (0x24BA8A93) addi x21, x21, 0x24b                     inst_9+28
x21 <- 0xC0FE15DD0DF9564B

clint mtime 0x0000000000000089 (mip.MTI <- 0b1, mip.STI <- 0b0)
mem[X,0x0000000080000448] -> 0xCA37
mem[X,0x000000008000044A] -> 0xB22B
[274] [M]: 0x0000000080000448 (0xB22BCA37) lui x20, -0x4dd44                        inst_9+32
x20 <- 0xFFFFFFFFB22BC000

mem[X,0x000000008000044C] -> 0x0A13
mem[X,0x000000008000044E] -> 0xF7EA
[275] [M]: 0x000000008000044C (0xF7EA0A13) addi x20, x20, -0x82                     inst_9+36
x20 <- 0xFFFFFFFFB22BBF7E

clint mtime 0x000000000000008A (mip.MTI <- 0b1, mip.STI <- 0b0)
mem[X,0x0000000080000450] -> 0x1A13
mem[X,0x0000000080000452] -> 0x00BA
[276] [M]: 0x0000000080000450 (0x00BA1A13) slli x20, x20, 0xb                       inst_9+40
x20 <- 0xFFFFFD915DFBF000

mem[X,0x0000000080000454] -> 0x0A13
mem[X,0x0000000080000456] -> 0x5A6A
[277] [M]: 0x0000000080000454 (0x5A6A0A13) addi x20, x20, 0x5a6                     inst_9+44
x20 <- 0xFFFFFD915DFBF5A6

clint mtime 0x000000000000008B (mip.MTI <- 0b1, mip.STI <- 0b0)
mem[X,0x0000000080000458] -> 0x1A13
mem[X,0x000000008000045A] -> 0x00BA
[278] [M]: 0x0000000080000458 (0x00BA1A13) slli x20, x20, 0xb                       inst_9+48
x20 <- 0xFFEC8AEFDFAD3000

mem[X,0x000000008000045C] -> 0x0A13
mem[X,0x000000008000045E] -> 0x216A
[279] [M]: 0x000000008000045C (0x216A0A13) addi x20, x20, 0x216                     inst_9+52
x20 <- 0xFFEC8AEFDFAD3216

clint mtime 0x000000000000008C (mip.MTI <- 0b1, mip.STI <- 0b0)
mem[X,0x0000000080000460] -> 0x1A13
mem[X,0x0000000080000462] -> 0x00AA
[280] [M]: 0x0000000080000460 (0x00AA1A13) slli x20, x20, 0xa                       inst_9+56
x20 <- 0xB22BBF7EB4C85800

mem[X,0x0000000080000464] -> 0x0A13
mem[X,0x0000000080000466] -> 0x0FBA
[281] [M]: 0x0000000080000464 (0x0FBA0A13) addi x20, x20, 0xfb                      inst_9+60
x20 <- 0xB22BBF7EB4C858FB

clint mtime 0x000000000000008D (mip.MTI <- 0b1, mip.STI <- 0b0)
mem[X,0x0000000080000468] -> 0x8B33
mem[X,0x000000008000046A] -> 0x3F4A
[282] [M]: 0x0000000080000468 (0x3F4A8B33) aes64dsm x22, x21, x20                   inst_9+64
x22 <- 0x1D8D032E6953B519

mem[X,0x000000008000046C] -> 0xB423
mem[X,0x000000008000046E] -> 0x0560
[283] [M]: 0x000000008000046C (0x0560B423) sd x22, 0x48(x1)                         inst_9+68
mem[W,0x0000000080004160] <- 0x1D8D032E6953B519

clint mtime 0x000000000000008E (mip.MTI <- 0b1, mip.STI <- 0b0)
mem[X,0x0000000080000470] -> 0xFA37
mem[X,0x0000000080000472] -> 0x4113
[284] [M]: 0x0000000080000470 (0x4113FA37) lui x20, 0x4113f                         inst_10+0
x20 <- 0x000000004113F000

mem[X,0x0000000080000474] -> 0x0A13
mem[X,0x0000000080000476] -> 0xE60A
[285] [M]: 0x0000000080000474 (0xE60A0A13) addi x20, x20, -0x1a0                    inst_10+4
x20 <- 0x000000004113EE60

clint mtime 0x000000000000008F (mip.MTI <- 0b1, mip.STI <- 0b0)
mem[X,0x0000000080000478] -> 0x1A13
mem[X,0x000000008000047A] -> 0x00BA
[286] [M]: 0x0000000080000478 (0x00BA1A13) slli x20, x20, 0xb                       inst_10+8
x20 <- 0x000002089F730000

mem[X,0x000000008000047C] -> 0x0A13
mem[X,0x000000008000047E] -> 0x4A9A
[287] [M]: 0x000000008000047C (0x4A9A0A13) addi x20, x20, 0x4a9                     inst_10+12
x20 <- 0x000002089F7304A9

clint mtime 0x0000000000000090 (mip.MTI <- 0b1, mip.STI <- 0b0)
mem[X,0x0000000080000480] -> 0x1A13
mem[X,0x0000000080000482] -> 0x00BA
[288] [M]: 0x0000000080000480 (0x00BA1A13) slli x20, x20, 0xb                       inst_10+16
x20 <- 0x001044FB98254800

mem[X,0x0000000080000484] -> 0x0A13
mem[X,0x0000000080000486] -> 0x2B3A
[289] [M]: 0x0000000080000484 (0x2B3A0A13) addi x20, x20, 0x2b3                     inst_10+20
x20 <- 0x001044FB98254AB3

clint mtime 0x0000000000000091 (mip.MTI <- 0b1, mip.STI <- 0b0)
mem[X,0x0000000080000488] -> 0x1A13
mem[X,0x000000008000048A] -> 0x00AA
[290] [M]: 0x0000000080000488 (0x00AA1A13) slli x20, x20, 0xa                       inst_10+24
x20 <- 0x4113EE60952ACC00

mem[X,0x000000008000048C] -> 0x0A13
mem[X,0x000000008000048E] -> 0x3FEA
[291] [M]: 0x000000008000048C (0x3FEA0A13) addi x20, x20, 0x3fe                     inst_10+28
x20 <- 0x4113EE60952ACFFE

clint mtime 0x0000000000000092 (mip.MTI <- 0b1, mip.STI <- 0b0)
mem[X,0x0000000080000490] -> 0x7B37
mem[X,0x0000000080000492] -> 0x53A6
[292] [M]: 0x0000000080000490 (0x53A67B37) lui x22, 0x53a67                         inst_10+32
x22 <- 0x0000000053A67000

mem[X,0x0000000080000494] -> 0x0B13
mem[X,0x0000000080000496] -> 0xED1B
[293] [M]: 0x0000000080000494 (0xED1B0B13) addi x22, x22, -0x12f                    inst_10+36
x22 <- 0x0000000053A66ED1

clint mtime 0x0000000000000093 (mip.MTI <- 0b1, mip.STI <- 0b0)
mem[X,0x0000000080000498] -> 0x1B13
mem[X,0x000000008000049A] -> 0x00BB
[294] [M]: 0x0000000080000498 (0x00BB1B13) slli x22, x22, 0xb                       inst_10+40
x22 <- 0x0000029D33768800

mem[X,0x000000008000049C] -> 0x0B13
mem[X,0x000000008000049E] -> 0x6E4B
[295] [M]: 0x000000008000049C (0x6E4B0B13) addi x22, x22, 0x6e4                     inst_10+44
x22 <- 0x0000029D33768EE4

clint mtime 0x0000000000000094 (mip.MTI <- 0b1, mip.STI <- 0b0)
mem[X,0x00000000800004A0] -> 0x1B13
mem[X,0x00000000800004A2] -> 0x00BB
[296] [M]: 0x00000000800004A0 (0x00BB1B13) slli x22, x22, 0xb                       inst_10+48
x22 <- 0x0014E99BB4772000

mem[X,0x00000000800004A4] -> 0x0B13
mem[X,0x00000000800004A6] -> 0x036B
[297] [M]: 0x00000000800004A4 (0x036B0B13) addi x22, x22, 0x36                      inst_10+52
x22 <- 0x0014E99BB4772036

clint mtime 0x0000000000000095 (mip.MTI <- 0b1, mip.STI <- 0b0)
mem[X,0x00000000800004A8] -> 0x1B13
mem[X,0x00000000800004AA] -> 0x00AB
[298] [M]: 0x00000000800004A8 (0x00AB1B13) slli x22, x22, 0xa                       inst_10+56
x22 <- 0x53A66ED1DC80D800

mem[X,0x00000000800004AC] -> 0x0B13
mem[X,0x00000000800004AE] -> 0x116B
[299] [M]: 0x00000000800004AC (0x116B0B13) addi x22, x22, 0x116                     inst_10+60
x22 <- 0x53A66ED1DC80D916

clint mtime 0x0000000000000096 (mip.MTI <- 0b1, mip.STI <- 0b0)
mem[X,0x00000000800004B0] -> 0x0AB3
mem[X,0x00000000800004B2] -> 0x3F6A
[300] [M]: 0x00000000800004B0 (0x3F6A0AB3) aes64dsm x21, x20, x22                   inst_10+64
x21 <- 0xB51B506776C2C6F9

mem[X,0x00000000800004B4] -> 0xB823
mem[X,0x00000000800004B6] -> 0x0550
[301] [M]: 0x00000000800004B4 (0x0550B823) sd x21, 0x50(x1)                         inst_10+68
mem[W,0x0000000080004168] <- 0xB51B506776C2C6F9

clint mtime 0x0000000000000097 (mip.MTI <- 0b1, mip.STI <- 0b0)
mem[X,0x00000000800004B8] -> 0x0B37
mem[X,0x00000000800004BA] -> 0x40A6
[302] [M]: 0x00000000800004B8 (0x40A60B37) lui x22, 0x40a60                         inst_11+0
x22 <- 0x0000000040A60000

mem[X,0x00000000800004BC] -> 0x0B13
mem[X,0x00000000800004BE] -> 0xF52B
[303] [M]: 0x00000000800004BC (0xF52B0B13) addi x22, x22, -0xae                     inst_11+4
x22 <- 0x0000000040A5FF52

clint mtime 0x0000000000000098 (mip.MTI <- 0b1, mip.STI <- 0b0)
mem[X,0x00000000800004C0] -> 0x1B13
mem[X,0x00000000800004C2] -> 0x00BB
[304] [M]: 0x00000000800004C0 (0x00BB1B13) slli x22, x22, 0xb                       inst_11+8
x22 <- 0x000002052FFA9000

mem[X,0x00000000800004C4] -> 0x0B13
mem[X,0x00000000800004C6] -> 0x379B
[305] [M]: 0x00000000800004C4 (0x379B0B13) addi x22, x22, 0x379                     inst_11+12
x22 <- 0x000002052FFA9379

clint mtime 0x0000000000000099 (mip.MTI <- 0b1, mip.STI <- 0b0)
mem[X,0x00000000800004C8] -> 0x1B13
mem[X,0x00000000800004CA] -> 0x00BB
[306] [M]: 0x00000000800004C8 (0x00BB1B13) slli x22, x22, 0xb                       inst_11+16
x22 <- 0x0010297FD49BC800

mem[X,0x00000000800004CC] -> 0x0B13
mem[X,0x00000000800004CE] -> 0x62AB
[307] [M]: 0x00000000800004CC (0x62AB0B13) addi x22, x22, 0x62a                     inst_11+20
x22 <- 0x0010297FD49BCE2A

clint mtime 0x000000000000009A (mip.MTI <- 0b1, mip.STI <- 0b0)
mem[X,0x00000000800004D0] -> 0x1B13
mem[X,0x00000000800004D2] -> 0x00AB
[308] [M]: 0x00000000800004D0 (0x00AB1B13) slli x22, x22, 0xa                       inst_11+24
x22 <- 0x40A5FF526F38A800

mem[X,0x00000000800004D4] -> 0x0B13
mem[X,0x00000000800004D6] -> 0x1C7B
[309] [M]: 0x00000000800004D4 (0x1C7B0B13) addi x22, x22, 0x1c7                     inst_11+28
x22 <- 0x40A5FF526F38A9C7

clint mtime 0x000000000000009B (mip.MTI <- 0b1, mip.STI <- 0b0)
mem[X,0x00000000800004D8] -> 0x7AB7
mem[X,0x00000000800004DA] -> 0xB6F9
[310] [M]: 0x00000000800004D8 (0xB6F97AB7) lui x21, -0x49069                        inst_11+32
x21 <- 0xFFFFFFFFB6F97000

mem[X,0x00000000800004DC] -> 0x8A93
mem[X,0x00000000800004DE] -> 0x06FA
[311] [M]: 0x00000000800004DC (0x06FA8A93) addi x21, x21, 0x6f                      inst_11+36
x21 <- 0xFFFFFFFFB6F9706F

clint mtime 0x000000000000009C (mip.MTI <- 0b1, mip.STI <- 0b0)
mem[X,0x00000000800004E0] -> 0x9A93
mem[X,0x00000000800004E2] -> 0x00BA
[312] [M]: 0x00000000800004E0 (0x00BA9A93) slli x21, x21, 0xb                       inst_11+40
x21 <- 0xFFFFFDB7CB837800

mem[X,0x00000000800004E4] -> 0x8A93
mem[X,0x00000000800004E6] -> 0x5A7A
[313] [M]: 0x00000000800004E4 (0x5A7A8A93) addi x21, x21, 0x5a7                     inst_11+44
x21 <- 0xFFFFFDB7CB837DA7

clint mtime 0x000000000000009D (mip.MTI <- 0b1, mip.STI <- 0b0)
mem[X,0x00000000800004E8] -> 0x9A93
mem[X,0x00000000800004EA] -> 0x00BA
[314] [M]: 0x00000000800004E8 (0x00BA9A93) slli x21, x21, 0xb                       inst_11+48
x21 <- 0xFFEDBE5C1BED3800

mem[X,0x00000000800004EC] -> 0x8A93
mem[X,0x00000000800004EE] -> 0x5D0A
[315] [M]: 0x00000000800004EC (0x5D0A8A93) addi x21, x21, 0x5d0                     inst_11+52
x21 <- 0xFFEDBE5C1BED3DD0

clint mtime 0x000000000000009E (mip.MTI <- 0b1, mip.STI <- 0b0)
mem[X,0x00000000800004F0] -> 0x9A93
mem[X,0x00000000800004F2] -> 0x00AA
[316] [M]: 0x00000000800004F0 (0x00AA9A93) slli x21, x21, 0xa                       inst_11+56
x21 <- 0xB6F9706FB4F74000

mem[X,0x00000000800004F4] -> 0x8A93
mem[X,0x00000000800004F6] -> 0x1AAA
[317] [M]: 0x00000000800004F4 (0x1AAA8A93) addi x21, x21, 0x1aa                     inst_11+60
x21 <- 0xB6F9706FB4F741AA

clint mtime 0x000000000000009F (mip.MTI <- 0b1, mip.STI <- 0b0)
mem[X,0x00000000800004F8] -> 0x0A33
mem[X,0x00000000800004FA] -> 0x3F5B
[318] [M]: 0x00000000800004F8 (0x3F5B0A33) aes64dsm x20, x22, x21                   inst_11+64
x20 <- 0xF84E29CF20B8F3DE

mem[X,0x00000000800004FC] -> 0xBC23
mem[X,0x00000000800004FE] -> 0x0540
[319] [M]: 0x00000000800004FC (0x0540BC23) sd x20, 0x58(x1)                         inst_11+68
mem[W,0x0000000080004170] <- 0xF84E29CF20B8F3DE

clint mtime 0x00000000000000A0 (mip.MTI <- 0b1, mip.STI <- 0b0)
mem[X,0x0000000080000500] -> 0x0937
mem[X,0x0000000080000502] -> 0x9BEE
[320] [M]: 0x0000000080000500 (0x9BEE0937) lui x18, -0x64120                        inst_12+0
x18 <- 0xFFFFFFFF9BEE0000

mem[X,0x0000000080000504] -> 0x0913
mem[X,0x0000000080000506] -> 0xE399
[321] [M]: 0x0000000080000504 (0xE3990913) addi x18, x18, -0x1c7                    inst_12+4
x18 <- 0xFFFFFFFF9BEDFE39

clint mtime 0x00000000000000A1 (mip.MTI <- 0b1, mip.STI <- 0b0)
mem[X,0x0000000080000508] -> 0x1913
mem[X,0x000000008000050A] -> 0x00B9
[322] [M]: 0x0000000080000508 (0x00B91913) slli x18, x18, 0xb                       inst_12+8
x18 <- 0xFFFFFCDF6FF1C800

mem[X,0x000000008000050C] -> 0x0913
mem[X,0x000000008000050E] -> 0x06B9
[323] [M]: 0x000000008000050C (0x06B90913) addi x18, x18, 0x6b                      inst_12+12
x18 <- 0xFFFFFCDF6FF1C86B

clint mtime 0x00000000000000A2 (mip.MTI <- 0b1, mip.STI <- 0b0)
mem[X,0x0000000080000510] -> 0x1913
mem[X,0x0000000080000512] -> 0x00B9
[324] [M]: 0x0000000080000510 (0x00B91913) slli x18, x18, 0xb                       inst_12+16
x18 <- 0xFFE6FB7F8E435800

mem[X,0x0000000080000514] -> 0x0913
mem[X,0x0000000080000516] -> 0x3779
[325] [M]: 0x0000000080000514 (0x37790913) addi x18, x18, 0x377                     inst_12+20
x18 <- 0xFFE6FB7F8E435B77

clint mtime 0x00000000000000A3 (mip.MTI <- 0b1, mip.STI <- 0b0)
mem[X,0x0000000080000518] -> 0x1913
mem[X,0x000000008000051A] -> 0x00A9
[326] [M]: 0x0000000080000518 (0x00A91913) slli x18, x18, 0xa                       inst_12+24
x18 <- 0x9BEDFE390D6DDC00

mem[X,0x000000008000051C] -> 0x0913
mem[X,0x000000008000051E] -> 0x19D9
[327] [M]: 0x000000008000051C (0x19D90913) addi x18, x18, 0x19d                     inst_12+28
x18 <- 0x9BEDFE390D6DDD9D

clint mtime 0x00000000000000A4 (mip.MTI <- 0b1, mip.STI <- 0b0)
mem[X,0x0000000080000520] -> 0x78B7
mem[X,0x0000000080000522] -> 0xD056
[328] [M]: 0x0000000080000520 (0xD05678B7) lui x17, -0x2fa99                        inst_12+32
x17 <- 0xFFFFFFFFD0567000

mem[X,0x0000000080000524] -> 0x8893
mem[X,0x0000000080000526] -> 0x8AE8
[329] [M]: 0x0000000080000524 (0x8AE88893) addi x17, x17, -0x752                    inst_12+36
x17 <- 0xFFFFFFFFD05668AE

clint mtime 0x00000000000000A5 (mip.MTI <- 0b1, mip.STI <- 0b0)
mem[X,0x0000000080000528] -> 0x9893
mem[X,0x000000008000052A] -> 0x00B8
[330] [M]: 0x0000000080000528 (0x00B89893) slli x17, x17, 0xb                       inst_12+40
x17 <- 0xFFFFFE82B3457000

mem[X,0x000000008000052C] -> 0x8893
mem[X,0x000000008000052E] -> 0x07E8
[331] [M]: 0x000000008000052C (0x07E88893) addi x17, x17, 0x7e                      inst_12+44
x17 <- 0xFFFFFE82B345707E

clint mtime 0x00000000000000A6 (mip.MTI <- 0b1, mip.STI <- 0b0)
mem[X,0x0000000080000530] -> 0x9893
mem[X,0x0000000080000532] -> 0x00B8
[332] [M]: 0x0000000080000530 (0x00B89893) slli x17, x17, 0xb                       inst_12+48
x17 <- 0xFFF4159A2B83F000

mem[X,0x0000000080000534] -> 0x8893
mem[X,0x0000000080000536] -> 0x6E08
[333] [M]: 0x0000000080000534 (0x6E088893) addi x17, x17, 0x6e0                     inst_12+52
x17 <- 0xFFF4159A2B83F6E0

clint mtime 0x00000000000000A7 (mip.MTI <- 0b1, mip.STI <- 0b0)
mem[X,0x0000000080000538] -> 0x9893
mem[X,0x000000008000053A] -> 0x00A8
[334] [M]: 0x0000000080000538 (0x00A89893) slli x17, x17, 0xa                       inst_12+56
x17 <- 0xD05668AE0FDB8000

mem[X,0x000000008000053C] -> 0x8893
mem[X,0x000000008000053E] -> 0x2BC8
[335] [M]: 0x000000008000053C (0x2BC88893) addi x17, x17, 0x2bc                     inst_12+60
x17 <- 0xD05668AE0FDB82BC

clint mtime 0x00000000000000A8 (mip.MTI <- 0b1, mip.STI <- 0b0)
mem[X,0x0000000080000540] -> 0x09B3
mem[X,0x0000000080000542] -> 0x3F19
[336] [M]: 0x0000000080000540 (0x3F1909B3) aes64dsm x19, x18, x17                   inst_12+64
x19 <- 0x6292EBCBA9E847F3

mem[X,0x0000000080000544] -> 0xB023
mem[X,0x0000000080000546] -> 0x0730
[337] [M]: 0x0000000080000544 (0x0730B023) sd x19, 0x60(x1)                         inst_12+68
mem[W,0x0000000080004178] <- 0x6292EBCBA9E847F3

clint mtime 0x00000000000000A9 (mip.MTI <- 0b1, mip.STI <- 0b0)
mem[X,0x0000000080000548] -> 0x48B7
mem[X,0x000000008000054A] -> 0xD757
[338] [M]: 0x0000000080000548 (0xD75748B7) lui x17, -0x28a8c                        inst_13+0
x17 <- 0xFFFFFFFFD7574000

mem[X,0x000000008000054C] -> 0x8893
mem[X,0x000000008000054E] -> 0x9F88
[339] [M]: 0x000000008000054C (0x9F888893) addi x17, x17, -0x608                    inst_13+4
x17 <- 0xFFFFFFFFD75739F8

clint mtime 0x00000000000000AA (mip.MTI <- 0b1, mip.STI <- 0b0)
mem[X,0x0000000080000550] -> 0x9893
mem[X,0x0000000080000552] -> 0x00B8
[340] [M]: 0x0000000080000550 (0x00B89893) slli x17, x17, 0xb                       inst_13+8
x17 <- 0xFFFFFEBAB9CFC000

mem[X,0x0000000080000554] -> 0x8893
mem[X,0x0000000080000556] -> 0x1568
[341] [M]: 0x0000000080000554 (0x15688893) addi x17, x17, 0x156                     inst_13+12
x17 <- 0xFFFFFEBAB9CFC156

clint mtime 0x00000000000000AB (mip.MTI <- 0b1, mip.STI <- 0b0)
mem[X,0x0000000080000558] -> 0x9893
mem[X,0x000000008000055A] -> 0x00B8
[342] [M]: 0x0000000080000558 (0x00B89893) slli x17, x17, 0xb                       inst_13+16
x17 <- 0xFFF5D5CE7E0AB000

mem[X,0x000000008000055C] -> 0x8893
mem[X,0x000000008000055E] -> 0x05D8
[343] [M]: 0x000000008000055C (0x05D88893) addi x17, x17, 0x5d                      inst_13+20
x17 <- 0xFFF5D5CE7E0AB05D

clint mtime 0x00000000000000AC (mip.MTI <- 0b1, mip.STI <- 0b0)
mem[X,0x0000000080000560] -> 0x9893
mem[X,0x0000000080000562] -> 0x00A8
[344] [M]: 0x0000000080000560 (0x00A89893) slli x17, x17, 0xa                       inst_13+24
x17 <- 0xD75739F82AC17400

mem[X,0x0000000080000564] -> 0x8893
mem[X,0x0000000080000566] -> 0x3C68
[345] [M]: 0x0000000080000564 (0x3C688893) addi x17, x17, 0x3c6                     inst_13+28
x17 <- 0xD75739F82AC177C6

clint mtime 0x00000000000000AD (mip.MTI <- 0b1, mip.STI <- 0b0)
mem[X,0x0000000080000568] -> 0xB9B7
mem[X,0x000000008000056A] -> 0xAA6B
[346] [M]: 0x0000000080000568 (0xAA6BB9B7) lui x19, -0x55945                        inst_13+32
x19 <- 0xFFFFFFFFAA6BB000

mem[X,0x000000008000056C] -> 0x8993
mem[X,0x000000008000056E] -> 0x2BD9
[347] [M]: 0x000000008000056C (0x2BD98993) addi x19, x19, 0x2bd                     inst_13+36
x19 <- 0xFFFFFFFFAA6BB2BD

clint mtime 0x00000000000000AE (mip.MTI <- 0b1, mip.STI <- 0b0)
mem[X,0x0000000080000570] -> 0x9993
mem[X,0x0000000080000572] -> 0x00B9
[348] [M]: 0x0000000080000570 (0x00B99993) slli x19, x19, 0xb                       inst_13+40
x19 <- 0xFFFFFD535D95E800

mem[X,0x0000000080000574] -> 0x8993
mem[X,0x0000000080000576] -> 0x74F9
[349] [M]: 0x0000000080000574 (0x74F98993) addi x19, x19, 0x74f                     inst_13+44
x19 <- 0xFFFFFD535D95EF4F

clint mtime 0x00000000000000AF (mip.MTI <- 0b1, mip.STI <- 0b0)
mem[X,0x0000000080000578] -> 0x9993
mem[X,0x000000008000057A] -> 0x00B9
[350] [M]: 0x0000000080000578 (0x00B99993) slli x19, x19, 0xb                       inst_13+48
x19 <- 0xFFEA9AECAF7A7800

mem[X,0x000000008000057C] -> 0x8993
mem[X,0x000000008000057E] -> 0x3519
[351] [M]: 0x000000008000057C (0x35198993) addi x19, x19, 0x351                     inst_13+52
x19 <- 0xFFEA9AECAF7A7B51

clint mtime 0x00000000000000B0 (mip.MTI <- 0b1, mip.STI <- 0b0)
mem[X,0x0000000080000580] -> 0x9993
mem[X,0x0000000080000582] -> 0x00A9
[352] [M]: 0x0000000080000580 (0x00A99993) slli x19, x19, 0xa                       inst_13+56
x19 <- 0xAA6BB2BDE9ED4400

mem[X,0x0000000080000584] -> 0x8993
mem[X,0x0000000080000586] -> 0x37D9
[353] [M]: 0x0000000080000584 (0x37D98993) addi x19, x19, 0x37d                     inst_13+60
x19 <- 0xAA6BB2BDE9ED477D

clint mtime 0x00000000000000B1 (mip.MTI <- 0b1, mip.STI <- 0b0)
mem[X,0x0000000080000588] -> 0x8933
mem[X,0x000000008000058A] -> 0x3F38
[354] [M]: 0x0000000080000588 (0x3F388933) aes64dsm x18, x17, x19                   inst_13+64
x18 <- 0x131AE0E4A661C0A0

mem[X,0x000000008000058C] -> 0xB423
mem[X,0x000000008000058E] -> 0x0720
[355] [M]: 0x000000008000058C (0x0720B423) sd x18, 0x68(x1)                         inst_13+68
mem[W,0x0000000080004180] <- 0x131AE0E4A661C0A0

clint mtime 0x00000000000000B2 (mip.MTI <- 0b1, mip.STI <- 0b0)
mem[X,0x0000000080000590] -> 0xA9B7
mem[X,0x0000000080000592] -> 0x9A4E
[356] [M]: 0x0000000080000590 (0x9A4EA9B7) lui x19, -0x65b16                        inst_14+0
x19 <- 0xFFFFFFFF9A4EA000

mem[X,0x0000000080000594] -> 0x8993
mem[X,0x0000000080000596] -> 0xEF19
[357] [M]: 0x0000000080000594 (0xEF198993) addi x19, x19, -0x10f                    inst_14+4
x19 <- 0xFFFFFFFF9A4E9EF1

clint mtime 0x00000000000000B3 (mip.MTI <- 0b1, mip.STI <- 0b0)
mem[X,0x0000000080000598] -> 0x9993
mem[X,0x000000008000059A] -> 0x00B9
[358] [M]: 0x0000000080000598 (0x00B99993) slli x19, x19, 0xb                       inst_14+8
x19 <- 0xFFFFFCD274F78800

mem[X,0x000000008000059C] -> 0x8993
mem[X,0x000000008000059E] -> 0x00B9
[359] [M]: 0x000000008000059C (0x00B98993) addi x19, x19, 0xb                       inst_14+12
x19 <- 0xFFFFFCD274F7880B

clint mtime 0x00000000000000B4 (mip.MTI <- 0b1, mip.STI <- 0b0)
mem[X,0x00000000800005A0] -> 0x9993
mem[X,0x00000000800005A2] -> 0x00B9
[360] [M]: 0x00000000800005A0 (0x00B99993) slli x19, x19, 0xb                       inst_14+16
x19 <- 0xFFE693A7BC405800

mem[X,0x00000000800005A4] -> 0x8993
mem[X,0x00000000800005A6] -> 0x47D9
[361] [M]: 0x00000000800005A4 (0x47D98993) addi x19, x19, 0x47d                     inst_14+20
x19 <- 0xFFE693A7BC405C7D

clint mtime 0x00000000000000B5 (mip.MTI <- 0b1, mip.STI <- 0b0)
mem[X,0x00000000800005A8] -> 0x9993
mem[X,0x00000000800005AA] -> 0x00A9
[362] [M]: 0x00000000800005A8 (0x00A99993) slli x19, x19, 0xa                       inst_14+24
x19 <- 0x9A4E9EF10171F400

mem[X,0x00000000800005AC] -> 0x8993
mem[X,0x00000000800005AE] -> 0x0DF9
[363] [M]: 0x00000000800005AC (0x0DF98993) addi x19, x19, 0xdf                      inst_14+28
x19 <- 0x9A4E9EF10171F4DF

clint mtime 0x00000000000000B6 (mip.MTI <- 0b1, mip.STI <- 0b0)
mem[X,0x00000000800005B0] -> 0x4937
mem[X,0x00000000800005B2] -> 0x299C
[364] [M]: 0x00000000800005B0 (0x299C4937) lui x18, 0x299c4                         inst_14+32
x18 <- 0x00000000299C4000

mem[X,0x00000000800005B4] -> 0x0913
mem[X,0x00000000800005B6] -> 0xBCF9
[365] [M]: 0x00000000800005B4 (0xBCF90913) addi x18, x18, -0x431                    inst_14+36
x18 <- 0x00000000299C3BCF

clint mtime 0x00000000000000B7 (mip.MTI <- 0b1, mip.STI <- 0b0)
mem[X,0x00000000800005B8] -> 0x1913
mem[X,0x00000000800005BA] -> 0x00B9
[366] [M]: 0x00000000800005B8 (0x00B91913) slli x18, x18, 0xb                       inst_14+40
x18 <- 0x0000014CE1DE7800

mem[X,0x00000000800005BC] -> 0x0913
mem[X,0x00000000800005BE] -> 0x4879
[367] [M]: 0x00000000800005BC (0x48790913) addi x18, x18, 0x487                     inst_14+44
x18 <- 0x0000014CE1DE7C87

clint mtime 0x00000000000000B8 (mip.MTI <- 0b1, mip.STI <- 0b0)
mem[X,0x00000000800005C0] -> 0x1913
mem[X,0x00000000800005C2] -> 0x00B9
[368] [M]: 0x00000000800005C0 (0x00B91913) slli x18, x18, 0xb                       inst_14+48
x18 <- 0x000A670EF3E43800

mem[X,0x00000000800005C4] -> 0x0913
mem[X,0x00000000800005C6] -> 0x3ED9
[369] [M]: 0x00000000800005C4 (0x3ED90913) addi x18, x18, 0x3ed                     inst_14+52
x18 <- 0x000A670EF3E43BED

clint mtime 0x00000000000000B9 (mip.MTI <- 0b1, mip.STI <- 0b0)
mem[X,0x00000000800005C8] -> 0x1913
mem[X,0x00000000800005CA] -> 0x00A9
[370] [M]: 0x00000000800005C8 (0x00A91913) slli x18, x18, 0xa                       inst_14+56
x18 <- 0x299C3BCF90EFB400

mem[X,0x00000000800005CC] -> 0x0913
mem[X,0x00000000800005CE] -> 0x2259
[371] [M]: 0x00000000800005CC (0x22590913) addi x18, x18, 0x225                     inst_14+60
x18 <- 0x299C3BCF90EFB625

clint mtime 0x00000000000000BA (mip.MTI <- 0b1, mip.STI <- 0b0)
mem[X,0x00000000800005D0] -> 0x88B3
mem[X,0x00000000800005D2] -> 0x3F29
[372] [M]: 0x00000000800005D0 (0x3F2988B3) aes64dsm x17, x19, x18                   inst_14+64
x17 <- 0x840C9E0D4EF2CB87

mem[X,0x00000000800005D4] -> 0xB823
mem[X,0x00000000800005D6] -> 0x0710
[373] [M]: 0x00000000800005D4 (0x0710B823) sd x17, 0x70(x1)                         inst_14+68
mem[W,0x0000000080004188] <- 0x840C9E0D4EF2CB87

clint mtime 0x00000000000000BB (mip.MTI <- 0b1, mip.STI <- 0b0)
mem[X,0x00000000800005D8] -> 0xA7B7
mem[X,0x00000000800005DA] -> 0xD169
[374] [M]: 0x00000000800005D8 (0xD169A7B7) lui x15, -0x2e966                        inst_15+0
x15 <- 0xFFFFFFFFD169A000

mem[X,0x00000000800005DC] -> 0x8793
mem[X,0x00000000800005DE] -> 0x3F87
[375] [M]: 0x00000000800005DC (0x3F878793) addi x15, x15, 0x3f8                     inst_15+4
x15 <- 0xFFFFFFFFD169A3F8

clint mtime 0x00000000000000BC (mip.MTI <- 0b1, mip.STI <- 0b0)
mem[X,0x00000000800005E0] -> 0x9793
mem[X,0x00000000800005E2] -> 0x00B7
[376] [M]: 0x00000000800005E0 (0x00B79793) slli x15, x15, 0xb                       inst_15+8
x15 <- 0xFFFFFE8B4D1FC000

mem[X,0x00000000800005E4] -> 0x8793
mem[X,0x00000000800005E6] -> 0x6567
[377] [M]: 0x00000000800005E4 (0x65678793) addi x15, x15, 0x656                     inst_15+12
x15 <- 0xFFFFFE8B4D1FC656

clint mtime 0x00000000000000BD (mip.MTI <- 0b1, mip.STI <- 0b0)
mem[X,0x00000000800005E8] -> 0x9793
mem[X,0x00000000800005EA] -> 0x00B7
[378] [M]: 0x00000000800005E8 (0x00B79793) slli x15, x15, 0xb                       inst_15+16
x15 <- 0xFFF45A68FE32B000

mem[X,0x00000000800005EC] -> 0x8793
mem[X,0x00000000800005EE] -> 0x5787
[379] [M]: 0x00000000800005EC (0x57878793) addi x15, x15, 0x578                     inst_15+20
x15 <- 0xFFF45A68FE32B578

clint mtime 0x00000000000000BE (mip.MTI <- 0b1, mip.STI <- 0b0)
mem[X,0x00000000800005F0] -> 0x9793
mem[X,0x00000000800005F2] -> 0x00A7
[380] [M]: 0x00000000800005F0 (0x00A79793) slli x15, x15, 0xa                       inst_15+24
x15 <- 0xD169A3F8CAD5E000

mem[X,0x00000000800005F4] -> 0x8793
mem[X,0x00000000800005F6] -> 0x2977
[381] [M]: 0x00000000800005F4 (0x29778793) addi x15, x15, 0x297                     inst_15+28
x15 <- 0xD169A3F8CAD5E297

clint mtime 0x00000000000000BF (mip.MTI <- 0b1, mip.STI <- 0b0)
mem[X,0x00000000800005F8] -> 0x9737
mem[X,0x00000000800005FA] -> 0x1FC4
[382] [M]: 0x00000000800005F8 (0x1FC49737) lui x14, 0x1fc49                         inst_15+32
x14 <- 0x000000001FC49000

mem[X,0x00000000800005FC] -> 0x0713
mem[X,0x00000000800005FE] -> 0x3CA7
[383] [M]: 0x00000000800005FC (0x3CA70713) addi x14, x14, 0x3ca                     inst_15+36
x14 <- 0x000000001FC493CA

clint mtime 0x00000000000000C0 (mip.MTI <- 0b1, mip.STI <- 0b0)
mem[X,0x0000000080000600] -> 0x1713
mem[X,0x0000000080000602] -> 0x00B7
[384] [M]: 0x0000000080000600 (0x00B71713) slli x14, x14, 0xb                       inst_15+40
x14 <- 0x000000FE249E5000

mem[X,0x0000000080000604] -> 0x0713
mem[X,0x0000000080000606] -> 0x51B7
[385] [M]: 0x0000000080000604 (0x51B70713) addi x14, x14, 0x51b                     inst_15+44
x14 <- 0x000000FE249E551B

clint mtime 0x00000000000000C1 (mip.MTI <- 0b1, mip.STI <- 0b0)
mem[X,0x0000000080000608] -> 0x1713
mem[X,0x000000008000060A] -> 0x00B7
[386] [M]: 0x0000000080000608 (0x00B71713) slli x14, x14, 0xb                       inst_15+48
x14 <- 0x0007F124F2A8D800

mem[X,0x000000008000060C] -> 0x0713
mem[X,0x000000008000060E] -> 0x4767
[387] [M]: 0x000000008000060C (0x47670713) addi x14, x14, 0x476                     inst_15+52
x14 <- 0x0007F124F2A8DC76

clint mtime 0x00000000000000C2 (mip.MTI <- 0b1, mip.STI <- 0b0)
mem[X,0x0000000080000610] -> 0x1713
mem[X,0x0000000080000612] -> 0x00A7
[388] [M]: 0x0000000080000610 (0x00A71713) slli x14, x14, 0xa                       inst_15+56
x14 <- 0x1FC493CAA371D800

mem[X,0x0000000080000614] -> 0x0713
mem[X,0x0000000080000616] -> 0x3427
[389] [M]: 0x0000000080000614 (0x34270713) addi x14, x14, 0x342                     inst_15+60
x14 <- 0x1FC493CAA371DB42

clint mtime 0x00000000000000C3 (mip.MTI <- 0b1, mip.STI <- 0b0)
mem[X,0x0000000080000618] -> 0x8833
mem[X,0x000000008000061A] -> 0x3EE7
[390] [M]: 0x0000000080000618 (0x3EE78833) aes64dsm x16, x15, x14                   inst_15+64
x16 <- 0x59FE55D16514B912

mem[X,0x000000008000061C] -> 0xBC23
mem[X,0x000000008000061E] -> 0x0700
[391] [M]: 0x000000008000061C (0x0700BC23) sd x16, 0x78(x1)                         inst_15+68
mem[W,0x0000000080004190] <- 0x59FE55D16514B912

clint mtime 0x00000000000000C4 (mip.MTI <- 0b1, mip.STI <- 0b0)
mem[X,0x0000000080000620] -> 0x0737
mem[X,0x0000000080000622] -> 0xD5BA
[392] [M]: 0x0000000080000620 (0xD5BA0737) lui x14, -0x2a460                        inst_16+0
x14 <- 0xFFFFFFFFD5BA0000

mem[X,0x0000000080000624] -> 0x0713
mem[X,0x0000000080000626] -> 0xE5C7
[393] [M]: 0x0000000080000624 (0xE5C70713) addi x14, x14, -0x1a4                    inst_16+4
x14 <- 0xFFFFFFFFD5B9FE5C

clint mtime 0x00000000000000C5 (mip.MTI <- 0b1, mip.STI <- 0b0)
mem[X,0x0000000080000628] -> 0x1713
mem[X,0x000000008000062A] -> 0x00B7
[394] [M]: 0x0000000080000628 (0x00B71713) slli x14, x14, 0xb                       inst_16+8
x14 <- 0xFFFFFEADCFF2E000

mem[X,0x000000008000062C] -> 0x0713
mem[X,0x000000008000062E] -> 0x7B47
[395] [M]: 0x000000008000062C (0x7B470713) addi x14, x14, 0x7b4                     inst_16+12
x14 <- 0xFFFFFEADCFF2E7B4

clint mtime 0x00000000000000C6 (mip.MTI <- 0b1, mip.STI <- 0b0)
mem[X,0x0000000080000630] -> 0x1713
mem[X,0x0000000080000632] -> 0x00B7
[396] [M]: 0x0000000080000630 (0x00B71713) slli x14, x14, 0xb                       inst_16+16
x14 <- 0xFFF56E7F973DA000

mem[X,0x0000000080000634] -> 0x0713
mem[X,0x0000000080000636] -> 0x6F77
[397] [M]: 0x0000000080000634 (0x6F770713) addi x14, x14, 0x6f7                     inst_16+20
x14 <- 0xFFF56E7F973DA6F7

clint mtime 0x00000000000000C7 (mip.MTI <- 0b1, mip.STI <- 0b0)
mem[X,0x0000000080000638] -> 0x1713
mem[X,0x000000008000063A] -> 0x00A7
[398] [M]: 0x0000000080000638 (0x00A71713) slli x14, x14, 0xa                       inst_16+24
x14 <- 0xD5B9FE5CF69BDC00

mem[X,0x000000008000063C] -> 0x0713
mem[X,0x000000008000063E] -> 0x0F37
[399] [M]: 0x000000008000063C (0x0F370713) addi x14, x14, 0xf3                      inst_16+28
x14 <- 0xD5B9FE5CF69BDCF3

clint mtime 0x00000000000000C8 (mip.MTI <- 0b1, mip.STI <- 0b0)
mem[X,0x0000000080000640] -> 0x0837
mem[X,0x0000000080000642] -> 0xF4C3
[400] [M]: 0x0000000080000640 (0xF4C30837) lui x16, -0xb3d0                         inst_16+32
x16 <- 0xFFFFFFFFF4C30000

mem[X,0x0000000080000644] -> 0x0813
mem[X,0x0000000080000646] -> 0x3078
[401] [M]: 0x0000000080000644 (0x30780813) addi x16, x16, 0x307                     inst_16+36
x16 <- 0xFFFFFFFFF4C30307

clint mtime 0x00000000000000C9 (mip.MTI <- 0b1, mip.STI <- 0b0)
mem[X,0x0000000080000648] -> 0x1813
mem[X,0x000000008000064A] -> 0x00B8
[402] [M]: 0x0000000080000648 (0x00B81813) slli x16, x16, 0xb                       inst_16+40
x16 <- 0xFFFFFFA618183800

mem[X,0x000000008000064C] -> 0x0813
mem[X,0x000000008000064E] -> 0x3398
[403] [M]: 0x000000008000064C (0x33980813) addi x16, x16, 0x339                     inst_16+44
x16 <- 0xFFFFFFA618183B39

clint mtime 0x00000000000000CA (mip.MTI <- 0b1, mip.STI <- 0b0)
mem[X,0x0000000080000650] -> 0x1813
mem[X,0x0000000080000652] -> 0x00B8
[404] [M]: 0x0000000080000650 (0x00B81813) slli x16, x16, 0xb                       inst_16+48
x16 <- 0xFFFD30C0C1D9C800

mem[X,0x0000000080000654] -> 0x0813
mem[X,0x0000000080000656] -> 0x3D98
[405] [M]: 0x0000000080000654 (0x3D980813) addi x16, x16, 0x3d9                     inst_16+52
x16 <- 0xFFFD30C0C1D9CBD9

clint mtime 0x00000000000000CB (mip.MTI <- 0b1, mip.STI <- 0b0)
mem[X,0x0000000080000658] -> 0x1813
mem[X,0x000000008000065A] -> 0x00A8
[406] [M]: 0x0000000080000658 (0x00A81813) slli x16, x16, 0xa                       inst_16+56
x16 <- 0xF4C30307672F6400

mem[X,0x000000008000065C] -> 0x0813
mem[X,0x000000008000065E] -> 0x26D8
[407] [M]: 0x000000008000065C (0x26D80813) addi x16, x16, 0x26d                     inst_16+60
x16 <- 0xF4C30307672F666D

clint mtime 0x00000000000000CC (mip.MTI <- 0b1, mip.STI <- 0b0)
mem[X,0x0000000080000660] -> 0x07B3
mem[X,0x0000000080000662] -> 0x3F07
[408] [M]: 0x0000000080000660 (0x3F0707B3) aes64dsm x15, x14, x16                   inst_16+64
x15 <- 0x7C42FFCC45858515

mem[X,0x0000000080000664] -> 0xB023
mem[X,0x0000000080000666] -> 0x08F0
[409] [M]: 0x0000000080000664 (0x08F0B023) sd x15, 0x80(x1)                         inst_16+68
mem[W,0x0000000080004198] <- 0x7C42FFCC45858515

clint mtime 0x00000000000000CD (mip.MTI <- 0b1, mip.STI <- 0b0)
mem[X,0x0000000080000668] -> 0x2837
mem[X,0x000000008000066A] -> 0xE492
[410] [M]: 0x0000000080000668 (0xE4922837) lui x16, -0x1b6de                        inst_17+0
x16 <- 0xFFFFFFFFE4922000

mem[X,0x000000008000066C] -> 0x0813
mem[X,0x000000008000066E] -> 0xBF78
[411] [M]: 0x000000008000066C (0xBF780813) addi x16, x16, -0x409                    inst_17+4
x16 <- 0xFFFFFFFFE4921BF7

clint mtime 0x00000000000000CE (mip.MTI <- 0b1, mip.STI <- 0b0)
mem[X,0x0000000080000670] -> 0x1813
mem[X,0x0000000080000672] -> 0x00B8
[412] [M]: 0x0000000080000670 (0x00B81813) slli x16, x16, 0xb                       inst_17+8
x16 <- 0xFFFFFF2490DFB800

mem[X,0x0000000080000674] -> 0x0813
mem[X,0x0000000080000676] -> 0x1828
[413] [M]: 0x0000000080000674 (0x18280813) addi x16, x16, 0x182                     inst_17+12
x16 <- 0xFFFFFF2490DFB982

clint mtime 0x00000000000000CF (mip.MTI <- 0b1, mip.STI <- 0b0)
mem[X,0x0000000080000678] -> 0x1813
mem[X,0x000000008000067A] -> 0x00B8
[414] [M]: 0x0000000080000678 (0x00B81813) slli x16, x16, 0xb                       inst_17+16
x16 <- 0xFFF92486FDCC1000

mem[X,0x000000008000067C] -> 0x0813
mem[X,0x000000008000067E] -> 0x1F08
[415] [M]: 0x000000008000067C (0x1F080813) addi x16, x16, 0x1f0                     inst_17+20
x16 <- 0xFFF92486FDCC11F0

clint mtime 0x00000000000000D0 (mip.MTI <- 0b1, mip.STI <- 0b0)
mem[X,0x0000000080000680] -> 0x1813
mem[X,0x0000000080000682] -> 0x00A8
[416] [M]: 0x0000000080000680 (0x00A81813) slli x16, x16, 0xa                       inst_17+24
x16 <- 0xE4921BF73047C000

mem[X,0x0000000080000684] -> 0x0813
mem[X,0x0000000080000686] -> 0x1988
[417] [M]: 0x0000000080000684 (0x19880813) addi x16, x16, 0x198                     inst_17+28
x16 <- 0xE4921BF73047C198

clint mtime 0x00000000000000D1 (mip.MTI <- 0b1, mip.STI <- 0b0)
mem[X,0x0000000080000688] -> 0xA7B7
mem[X,0x000000008000068A] -> 0xA056
[418] [M]: 0x0000000080000688 (0xA056A7B7) lui x15, -0x5fa96                        inst_17+32
x15 <- 0xFFFFFFFFA056A000

mem[X,0x000000008000068C] -> 0x8793
mem[X,0x000000008000068E] -> 0xD767
[419] [M]: 0x000000008000068C (0xD7678793) addi x15, x15, -0x28a                    inst_17+36
x15 <- 0xFFFFFFFFA0569D76

clint mtime 0x00000000000000D2 (mip.MTI <- 0b1, mip.STI <- 0b0)
mem[X,0x0000000080000690] -> 0x9793
mem[X,0x0000000080000692] -> 0x00B7
[420] [M]: 0x0000000080000690 (0x00B79793) slli x15, x15, 0xb                       inst_17+40
x15 <- 0xFFFFFD02B4EBB000

mem[X,0x0000000080000694] -> 0x8793
mem[X,0x0000000080000696] -> 0x2F57
[421] [M]: 0x0000000080000694 (0x2F578793) addi x15, x15, 0x2f5                     inst_17+44
x15 <- 0xFFFFFD02B4EBB2F5

clint mtime 0x00000000000000D3 (mip.MTI <- 0b1, mip.STI <- 0b0)
mem[X,0x0000000080000698] -> 0x9793
mem[X,0x000000008000069A] -> 0x00B7
[422] [M]: 0x0000000080000698 (0x00B79793) slli x15, x15, 0xb                       inst_17+48
x15 <- 0xFFE815A75D97A800

mem[X,0x000000008000069C] -> 0x8793
mem[X,0x000000008000069E] -> 0x7197
[423] [M]: 0x000000008000069C (0x71978793) addi x15, x15, 0x719                     inst_17+52
x15 <- 0xFFE815A75D97AF19

clint mtime 0x00000000000000D4 (mip.MTI <- 0b1, mip.STI <- 0b0)
mem[X,0x00000000800006A0] -> 0x9793
mem[X,0x00000000800006A2] -> 0x00A7
[424] [M]: 0x00000000800006A0 (0x00A79793) slli x15, x15, 0xa                       inst_17+56
x15 <- 0xA0569D765EBC6400

mem[X,0x00000000800006A4] -> 0x8793
mem[X,0x00000000800006A6] -> 0x0CB7
[425] [M]: 0x00000000800006A4 (0x0CB78793) addi x15, x15, 0xcb                      inst_17+60
x15 <- 0xA0569D765EBC64CB

clint mtime 0x00000000000000D5 (mip.MTI <- 0b1, mip.STI <- 0b0)
mem[X,0x00000000800006A8] -> 0x0733
mem[X,0x00000000800006AA] -> 0x3EF8
[426] [M]: 0x00000000800006A8 (0x3EF80733) aes64dsm x14, x16, x15                   inst_17+64
x14 <- 0x96C673FC08EE51F6

mem[X,0x00000000800006AC] -> 0xB423
mem[X,0x00000000800006AE] -> 0x08E0
[427] [M]: 0x00000000800006AC (0x08E0B423) sd x14, 0x88(x1)                         inst_17+68
mem[W,0x00000000800041A0] <- 0x96C673FC08EE51F6

clint mtime 0x00000000000000D6 (mip.MTI <- 0b1, mip.STI <- 0b0)
mem[X,0x00000000800006B0] -> 0xB637
mem[X,0x00000000800006B2] -> 0xFCC1
[428] [M]: 0x00000000800006B0 (0xFCC1B637) lui x12, -0x33e5                         inst_18+0
x12 <- 0xFFFFFFFFFCC1B000

mem[X,0x00000000800006B4] -> 0x0613
mem[X,0x00000000800006B6] -> 0x5436
[429] [M]: 0x00000000800006B4 (0x54360613) addi x12, x12, 0x543                     inst_18+4
x12 <- 0xFFFFFFFFFCC1B543

clint mtime 0x00000000000000D7 (mip.MTI <- 0b1, mip.STI <- 0b0)
mem[X,0x00000000800006B8] -> 0x1613
mem[X,0x00000000800006BA] -> 0x00B6
[430] [M]: 0x00000000800006B8 (0x00B61613) slli x12, x12, 0xb                       inst_18+8
x12 <- 0xFFFFFFE60DAA1800

mem[X,0x00000000800006BC] -> 0x0613
mem[X,0x00000000800006BE] -> 0x6246
[431] [M]: 0x00000000800006BC (0x62460613) addi x12, x12, 0x624                     inst_18+12
x12 <- 0xFFFFFFE60DAA1E24

clint mtime 0x00000000000000D8 (mip.MTI <- 0b1, mip.STI <- 0b0)
mem[X,0x00000000800006C0] -> 0x1613
mem[X,0x00000000800006C2] -> 0x00B6
[432] [M]: 0x00000000800006C0 (0x00B61613) slli x12, x12, 0xb                       inst_18+16
x12 <- 0xFFFF306D50F12000

mem[X,0x00000000800006C4] -> 0x0613
mem[X,0x00000000800006C6] -> 0x7356
[433] [M]: 0x00000000800006C4 (0x73560613) addi x12, x12, 0x735                     inst_18+20
x12 <- 0xFFFF306D50F12735

clint mtime 0x00000000000000D9 (mip.MTI <- 0b1, mip.STI <- 0b0)
mem[X,0x00000000800006C8] -> 0x1613
mem[X,0x00000000800006CA] -> 0x00A6
[434] [M]: 0x00000000800006C8 (0x00A61613) slli x12, x12, 0xa                       inst_18+24
x12 <- 0xFCC1B543C49CD400

mem[X,0x00000000800006CC] -> 0x0613
mem[X,0x00000000800006CE] -> 0x25B6
[435] [M]: 0x00000000800006CC (0x25B60613) addi x12, x12, 0x25b                     inst_18+28
x12 <- 0xFCC1B543C49CD65B

clint mtime 0x00000000000000DA (mip.MTI <- 0b1, mip.STI <- 0b0)
mem[X,0x00000000800006D0] -> 0xA5B7
mem[X,0x00000000800006D2] -> 0x2DAF
[436] [M]: 0x00000000800006D0 (0x2DAFA5B7) lui x11, 0x2dafa                         inst_18+32
x11 <- 0x000000002DAFA000

mem[X,0x00000000800006D4] -> 0x8593
mem[X,0x00000000800006D6] -> 0xAC75
[437] [M]: 0x00000000800006D4 (0xAC758593) addi x11, x11, -0x539                    inst_18+36
x11 <- 0x000000002DAF9AC7

clint mtime 0x00000000000000DB (mip.MTI <- 0b1, mip.STI <- 0b0)
mem[X,0x00000000800006D8] -> 0x9593
mem[X,0x00000000800006DA] -> 0x00B5
[438] [M]: 0x00000000800006D8 (0x00B59593) slli x11, x11, 0xb                       inst_18+40
x11 <- 0x0000016D7CD63800

mem[X,0x00000000800006DC] -> 0x8593
mem[X,0x00000000800006DE] -> 0x7AF5
[439] [M]: 0x00000000800006DC (0x7AF58593) addi x11, x11, 0x7af                     inst_18+44
x11 <- 0x0000016D7CD63FAF

clint mtime 0x00000000000000DC (mip.MTI <- 0b1, mip.STI <- 0b0)
mem[X,0x00000000800006E0] -> 0x9593
mem[X,0x00000000800006E2] -> 0x00B5
[440] [M]: 0x00000000800006E0 (0x00B59593) slli x11, x11, 0xb                       inst_18+48
x11 <- 0x000B6BE6B1FD7800

mem[X,0x00000000800006E4] -> 0x8593
mem[X,0x00000000800006E6] -> 0x6BC5
[441] [M]: 0x00000000800006E4 (0x6BC58593) addi x11, x11, 0x6bc                     inst_18+52
x11 <- 0x000B6BE6B1FD7EBC

clint mtime 0x00000000000000DD (mip.MTI <- 0b1, mip.STI <- 0b0)
mem[X,0x00000000800006E8] -> 0x9593
mem[X,0x00000000800006EA] -> 0x00A5
[442] [M]: 0x00000000800006E8 (0x00A59593) slli x11, x11, 0xa                       inst_18+56
x11 <- 0x2DAF9AC7F5FAF000

mem[X,0x00000000800006EC] -> 0x8593
mem[X,0x00000000800006EE] -> 0x2075
[443] [M]: 0x00000000800006EC (0x20758593) addi x11, x11, 0x207                     inst_18+60
x11 <- 0x2DAF9AC7F5FAF207

clint mtime 0x00000000000000DE (mip.MTI <- 0b1, mip.STI <- 0b0)
mem[X,0x00000000800006F0] -> 0x06B3
mem[X,0x00000000800006F2] -> 0x3EB6
[444] [M]: 0x00000000800006F0 (0x3EB606B3) aes64dsm x13, x12, x11                   inst_18+64
x13 <- 0xC14078BBF0B3D0B2

mem[X,0x00000000800006F4] -> 0xB823
mem[X,0x00000000800006F6] -> 0x08D0
[445] [M]: 0x00000000800006F4 (0x08D0B823) sd x13, 0x90(x1)                         inst_18+68
mem[W,0x00000000800041A8] <- 0xC14078BBF0B3D0B2

clint mtime 0x00000000000000DF (mip.MTI <- 0b1, mip.STI <- 0b0)
mem[X,0x00000000800006F8] -> 0x45B7
mem[X,0x00000000800006FA] -> 0x436F
[446] [M]: 0x00000000800006F8 (0x436F45B7) lui x11, 0x436f4                         inst_19+0
x11 <- 0x00000000436F4000

mem[X,0x00000000800006FC] -> 0x8593
mem[X,0x00000000800006FE] -> 0x0F25
[447] [M]: 0x00000000800006FC (0x0F258593) addi x11, x11, 0xf2                      inst_19+4
x11 <- 0x00000000436F40F2

clint mtime 0x00000000000000E0 (mip.MTI <- 0b1, mip.STI <- 0b0)
mem[X,0x0000000080000700] -> 0x9593
mem[X,0x0000000080000702] -> 0x00B5
[448] [M]: 0x0000000080000700 (0x00B59593) slli x11, x11, 0xb                       inst_19+8
x11 <- 0x0000021B7A079000

mem[X,0x0000000080000704] -> 0x8593
mem[X,0x0000000080000706] -> 0x3A55
[449] [M]: 0x0000000080000704 (0x3A558593) addi x11, x11, 0x3a5                     inst_19+12
x11 <- 0x0000021B7A0793A5

clint mtime 0x00000000000000E1 (mip.MTI <- 0b1, mip.STI <- 0b0)
mem[X,0x0000000080000708] -> 0x9593
mem[X,0x000000008000070A] -> 0x00B5
[450] [M]: 0x0000000080000708 (0x00B59593) slli x11, x11, 0xb                       inst_19+16
x11 <- 0x0010DBD03C9D2800

mem[X,0x000000008000070C] -> 0x8593
mem[X,0x000000008000070E] -> 0x6375
[451] [M]: 0x000000008000070C (0x63758593) addi x11, x11, 0x637                     inst_19+20
x11 <- 0x0010DBD03C9D2E37

clint mtime 0x00000000000000E2 (mip.MTI <- 0b1, mip.STI <- 0b0)
mem[X,0x0000000080000710] -> 0x9593
mem[X,0x0000000080000712] -> 0x00A5
[452] [M]: 0x0000000080000710 (0x00A59593) slli x11, x11, 0xa                       inst_19+24
x11 <- 0x436F40F274B8DC00

mem[X,0x0000000080000714] -> 0x8593
mem[X,0x0000000080000716] -> 0x2875
[453] [M]: 0x0000000080000714 (0x28758593) addi x11, x11, 0x287                     inst_19+28
x11 <- 0x436F40F274B8DE87

clint mtime 0x00000000000000E3 (mip.MTI <- 0b1, mip.STI <- 0b0)
mem[X,0x0000000080000718] -> 0x36B7
mem[X,0x000000008000071A] -> 0x3459
[454] [M]: 0x0000000080000718 (0x345936B7) lui x13, 0x34593                         inst_19+32
x13 <- 0x0000000034593000

mem[X,0x000000008000071C] -> 0x8693
mem[X,0x000000008000071E] -> 0x94E6
[455] [M]: 0x000000008000071C (0x94E68693) addi x13, x13, -0x6b2                    inst_19+36
x13 <- 0x000000003459294E

clint mtime 0x00000000000000E4 (mip.MTI <- 0b1, mip.STI <- 0b0)
mem[X,0x0000000080000720] -> 0x9693
mem[X,0x0000000080000722] -> 0x00B6
[456] [M]: 0x0000000080000720 (0x00B69693) slli x13, x13, 0xb                       inst_19+40
x13 <- 0x000001A2C94A7000

mem[X,0x0000000080000724] -> 0x8693
mem[X,0x0000000080000726] -> 0x7936
[457] [M]: 0x0000000080000724 (0x79368693) addi x13, x13, 0x793                     inst_19+44
x13 <- 0x000001A2C94A7793

clint mtime 0x00000000000000E5 (mip.MTI <- 0b1, mip.STI <- 0b0)
mem[X,0x0000000080000728] -> 0x9693
mem[X,0x000000008000072A] -> 0x00B6
[458] [M]: 0x0000000080000728 (0x00B69693) slli x13, x13, 0xb                       inst_19+48
x13 <- 0x000D164A53BC9800

mem[X,0x000000008000072C] -> 0x8693
mem[X,0x000000008000072E] -> 0x4ED6
[459] [M]: 0x000000008000072C (0x4ED68693) addi x13, x13, 0x4ed                     inst_19+52
x13 <- 0x000D164A53BC9CED

clint mtime 0x00000000000000E6 (mip.MTI <- 0b1, mip.STI <- 0b0)
mem[X,0x0000000080000730] -> 0x9693
mem[X,0x0000000080000732] -> 0x00A6
[460] [M]: 0x0000000080000730 (0x00A69693) slli x13, x13, 0xa                       inst_19+56
x13 <- 0x3459294EF273B400

mem[X,0x0000000080000734] -> 0x8693
mem[X,0x0000000080000736] -> 0x04C6
[461] [M]: 0x0000000080000734 (0x04C68693) addi x13, x13, 0x4c                      inst_19+60
x13 <- 0x3459294EF273B44C

clint mtime 0x00000000000000E7 (mip.MTI <- 0b1, mip.STI <- 0b0)
mem[X,0x0000000080000738] -> 0x8633
mem[X,0x000000008000073A] -> 0x3ED5
[462] [M]: 0x0000000080000738 (0x3ED58633) aes64dsm x12, x11, x13                   inst_19+64
x12 <- 0xFFDE6EC6D0DE6221

mem[X,0x000000008000073C] -> 0xBC23
mem[X,0x000000008000073E] -> 0x08C0
[463] [M]: 0x000000008000073C (0x08C0BC23) sd x12, 0x98(x1)                         inst_19+68
mem[W,0x00000000800041B0] <- 0xFFDE6EC6D0DE6221

clint mtime 0x00000000000000E8 (mip.MTI <- 0b1, mip.STI <- 0b0)
mem[X,0x0000000080000740] -> 0xB6B7
mem[X,0x0000000080000742] -> 0x75A3
[464] [M]: 0x0000000080000740 (0x75A3B6B7) lui x13, 0x75a3b                         inst_20+0
x13 <- 0x0000000075A3B000

mem[X,0x0000000080000744] -> 0x8693
mem[X,0x0000000080000746] -> 0xDB36
[465] [M]: 0x0000000080000744 (0xDB368693) addi x13, x13, -0x24d                    inst_20+4
x13 <- 0x0000000075A3ADB3

clint mtime 0x00000000000000E9 (mip.MTI <- 0b1, mip.STI <- 0b0)
mem[X,0x0000000080000748] -> 0x9693
mem[X,0x000000008000074A] -> 0x00B6
[466] [M]: 0x0000000080000748 (0x00B69693) slli x13, x13, 0xb                       inst_20+8
x13 <- 0x000003AD1D6D9800

mem[X,0x000000008000074C] -> 0x8693
mem[X,0x000000008000074E] -> 0x12A6
[467] [M]: 0x000000008000074C (0x12A68693) addi x13, x13, 0x12a                     inst_20+12
x13 <- 0x000003AD1D6D992A

clint mtime 0x00000000000000EA (mip.MTI <- 0b1, mip.STI <- 0b0)
mem[X,0x0000000080000750] -> 0x9693
mem[X,0x0000000080000752] -> 0x00B6
[468] [M]: 0x0000000080000750 (0x00B69693) slli x13, x13, 0xb                       inst_20+16
x13 <- 0x001D68EB6CC95000

mem[X,0x0000000080000754] -> 0x8693
mem[X,0x0000000080000756] -> 0x2A56
[469] [M]: 0x0000000080000754 (0x2A568693) addi x13, x13, 0x2a5                     inst_20+20
x13 <- 0x001D68EB6CC952A5

clint mtime 0x00000000000000EB (mip.MTI <- 0b1, mip.STI <- 0b0)
mem[X,0x0000000080000758] -> 0x9693
mem[X,0x000000008000075A] -> 0x00A6
[470] [M]: 0x0000000080000758 (0x00A69693) slli x13, x13, 0xa                       inst_20+24
x13 <- 0x75A3ADB3254A9400

mem[X,0x000000008000075C] -> 0x8693
mem[X,0x000000008000075E] -> 0x0936
[471] [M]: 0x000000008000075C (0x09368693) addi x13, x13, 0x93                      inst_20+28
x13 <- 0x75A3ADB3254A9493

clint mtime 0x00000000000000EC (mip.MTI <- 0b1, mip.STI <- 0b0)
mem[X,0x0000000080000760] -> 0x1637
mem[X,0x0000000080000762] -> 0xC552
[472] [M]: 0x0000000080000760 (0xC5521637) lui x12, -0x3aadf                        inst_20+32
x12 <- 0xFFFFFFFFC5521000

mem[X,0x0000000080000764] -> 0x0613
mem[X,0x0000000080000766] -> 0x6606
[473] [M]: 0x0000000080000764 (0x66060613) addi x12, x12, 0x660                     inst_20+36
x12 <- 0xFFFFFFFFC5521660

clint mtime 0x00000000000000ED (mip.MTI <- 0b1, mip.STI <- 0b0)
mem[X,0x0000000080000768] -> 0x1613
mem[X,0x000000008000076A] -> 0x00B6
[474] [M]: 0x0000000080000768 (0x00B61613) slli x12, x12, 0xb                       inst_20+40
x12 <- 0xFFFFFE2A90B30000

mem[X,0x000000008000076C] -> 0x0613
mem[X,0x000000008000076E] -> 0x79D6
[475] [M]: 0x000000008000076C (0x79D60613) addi x12, x12, 0x79d                     inst_20+44
x12 <- 0xFFFFFE2A90B3079D

clint mtime 0x00000000000000EE (mip.MTI <- 0b1, mip.STI <- 0b0)
mem[X,0x0000000080000770] -> 0x1613
mem[X,0x0000000080000772] -> 0x00B6
[476] [M]: 0x0000000080000770 (0x00B61613) slli x12, x12, 0xb                       inst_20+48
x12 <- 0xFFF15485983CE800

mem[X,0x0000000080000774] -> 0x0613
mem[X,0x0000000080000776] -> 0x0F16
[477] [M]: 0x0000000080000774 (0x0F160613) addi x12, x12, 0xf1                      inst_20+52
x12 <- 0xFFF15485983CE8F1

clint mtime 0x00000000000000EF (mip.MTI <- 0b1, mip.STI <- 0b0)
mem[X,0x0000000080000778] -> 0x1613
mem[X,0x000000008000077A] -> 0x00A6
[478] [M]: 0x0000000080000778 (0x00A61613) slli x12, x12, 0xa                       inst_20+56
x12 <- 0xC5521660F3A3C400

mem[X,0x000000008000077C] -> 0x0613
mem[X,0x000000008000077E] -> 0x1716
[479] [M]: 0x000000008000077C (0x17160613) addi x12, x12, 0x171                     inst_20+60
x12 <- 0xC5521660F3A3C571

clint mtime 0x00000000000000F0 (mip.MTI <- 0b1, mip.STI <- 0b0)
mem[X,0x0000000080000780] -> 0x85B3
mem[X,0x0000000080000782] -> 0x3EC6
[480] [M]: 0x0000000080000780 (0x3EC685B3) aes64dsm x11, x13, x12                   inst_20+64
x11 <- 0x600ED6224FDDB2B3

mem[X,0x0000000080000784] -> 0xB023
mem[X,0x0000000080000786] -> 0x0AB0
[481] [M]: 0x0000000080000784 (0x0AB0B023) sd x11, 0xa0(x1)                         inst_20+68
mem[W,0x00000000800041B8] <- 0x600ED6224FDDB2B3

clint mtime 0x00000000000000F1 (mip.MTI <- 0b1, mip.STI <- 0b0)
mem[X,0x0000000080000788] -> 0x04B7
mem[X,0x000000008000078A] -> 0xFFFF
[482] [M]: 0x0000000080000788 (0xFFFF04B7) lui x9, -0x10                            inst_21+0
x9 <- 0xFFFFFFFFFFFF0000

mem[X,0x000000008000078C] -> 0x8493
mem[X,0x000000008000078E] -> 0xDFC4
[483] [M]: 0x000000008000078C (0xDFC48493) addi x9, x9, -0x204                      inst_21+4
x9 <- 0xFFFFFFFFFFFEFDFC

clint mtime 0x00000000000000F2 (mip.MTI <- 0b1, mip.STI <- 0b0)
mem[X,0x0000000080000790] -> 0x9493
mem[X,0x0000000080000792] -> 0x00B4
[484] [M]: 0x0000000080000790 (0x00B49493) slli x9, x9, 0xb                         inst_21+8
x9 <- 0xFFFFFFFFF7EFE000

mem[X,0x0000000080000794] -> 0x8493
mem[X,0x0000000080000796] -> 0x7DF4
[485] [M]: 0x0000000080000794 (0x7DF48493) addi x9, x9, 0x7df                       inst_21+12
x9 <- 0xFFFFFFFFF7EFE7DF

clint mtime 0x00000000000000F3 (mip.MTI <- 0b1, mip.STI <- 0b0)
mem[X,0x0000000080000798] -> 0x9493
mem[X,0x000000008000079A] -> 0x00B4
[486] [M]: 0x0000000080000798 (0x00B49493) slli x9, x9, 0xb                         inst_21+16
x9 <- 0xFFFFFFBF7F3EF800

mem[X,0x000000008000079C] -> 0x8493
mem[X,0x000000008000079E] -> 0x6BE4
[487] [M]: 0x000000008000079C (0x6BE48493) addi x9, x9, 0x6be                       inst_21+20
x9 <- 0xFFFFFFBF7F3EFEBE

clint mtime 0x00000000000000F4 (mip.MTI <- 0b1, mip.STI <- 0b0)
mem[X,0x00000000800007A0] -> 0x9493
mem[X,0x00000000800007A2] -> 0x00A4
[488] [M]: 0x00000000800007A0 (0x00A49493) slli x9, x9, 0xa                         inst_21+24
x9 <- 0xFFFEFDFCFBFAF800

mem[X,0x00000000800007A4] -> 0x8493
mem[X,0x00000000800007A6] -> 0x1F84
[489] [M]: 0x00000000800007A4 (0x1F848493) addi x9, x9, 0x1f8                       inst_21+28
x9 <- 0xFFFEFDFCFBFAF9F8

clint mtime 0x00000000000000F5 (mip.MTI <- 0b1, mip.STI <- 0b0)
mem[X,0x00000000800007A8] -> 0xF437
mem[X,0x00000000800007AA] -> 0xF7F6
[490] [M]: 0x00000000800007A8 (0xF7F6F437) lui x8, -0x8091                          inst_21+32
x8 <- 0xFFFFFFFFF7F6F000

mem[X,0x00000000800007AC] -> 0x0413
mem[X,0x00000000800007AE] -> 0x5F44
[491] [M]: 0x00000000800007AC (0x5F440413) addi x8, x8, 0x5f4                       inst_21+36
x8 <- 0xFFFFFFFFF7F6F5F4

clint mtime 0x00000000000000F6 (mip.MTI <- 0b1, mip.STI <- 0b0)
mem[X,0x00000000800007B0] -> 0x1413
mem[X,0x00000000800007B2] -> 0x00B4
[492] [M]: 0x00000000800007B0 (0x00B41413) slli x8, x8, 0xb                         inst_21+40
x8 <- 0xFFFFFFBFB7AFA000

mem[X,0x00000000800007B4] -> 0x0413
mem[X,0x00000000800007B6] -> 0x79F4
[493] [M]: 0x00000000800007B4 (0x79F40413) addi x8, x8, 0x79f                       inst_21+44
x8 <- 0xFFFFFFBFB7AFA79F

clint mtime 0x00000000000000F7 (mip.MTI <- 0b1, mip.STI <- 0b0)
mem[X,0x00000000800007B8] -> 0x1413
mem[X,0x00000000800007BA] -> 0x00B4
[494] [M]: 0x00000000800007B8 (0x00B41413) slli x8, x8, 0xb                         inst_21+48
x8 <- 0xFFFDFDBD7D3CF800

mem[X,0x00000000800007BC] -> 0x0413
mem[X,0x00000000800007BE] -> 0x4BC4
[495] [M]: 0x00000000800007BC (0x4BC40413) addi x8, x8, 0x4bc                       inst_21+52
x8 <- 0xFFFDFDBD7D3CFCBC

clint mtime 0x00000000000000F8 (mip.MTI <- 0b1, mip.STI <- 0b0)
mem[X,0x00000000800007C0] -> 0x1413
mem[X,0x00000000800007C2] -> 0x00A4
[496] [M]: 0x00000000800007C0 (0x00A41413) slli x8, x8, 0xa                         inst_21+56
x8 <- 0xF7F6F5F4F3F2F000

mem[X,0x00000000800007C4] -> 0x0413
mem[X,0x00000000800007C6] -> 0x1F04
[497] [M]: 0x00000000800007C4 (0x1F040413) addi x8, x8, 0x1f0                       inst_21+60
x8 <- 0xF7F6F5F4F3F2F1F0

clint mtime 0x00000000000000F9 (mip.MTI <- 0b1, mip.STI <- 0b0)
mem[X,0x00000000800007C8] -> 0x8533
mem[X,0x00000000800007CA] -> 0x3E84
[498] [M]: 0x00000000800007C8 (0x3E848533) aes64dsm x10, x9, x8                     inst_21+64
x10 <- 0x2CFF084FA0996FB9

mem[X,0x00000000800007CC] -> 0xB423
mem[X,0x00000000800007CE] -> 0x0AA0
[499] [M]: 0x00000000800007CC (0x0AA0B423) sd x10, 0xa8(x1)                         inst_21+68
mem[W,0x00000000800041C0] <- 0x2CFF084FA0996FB9

clint mtime 0x00000000000000FA (mip.MTI <- 0b1, mip.STI <- 0b0)
mem[X,0x00000000800007D0] -> 0xF437
mem[X,0x00000000800007D2] -> 0xF7F6
[500] [M]: 0x00000000800007D0 (0xF7F6F437) lui x8, -0x8091                          inst_22+0
x8 <- 0xFFFFFFFFF7F6F000

mem[X,0x00000000800007D4] -> 0x0413
mem[X,0x00000000800007D6] -> 0x5F44
[501] [M]: 0x00000000800007D4 (0x5F440413) addi x8, x8, 0x5f4                       inst_22+4
x8 <- 0xFFFFFFFFF7F6F5F4

clint mtime 0x00000000000000FB (mip.MTI <- 0b1, mip.STI <- 0b0)
mem[X,0x00000000800007D8] -> 0x1413
mem[X,0x00000000800007DA] -> 0x00B4
[502] [M]: 0x00000000800007D8 (0x00B41413) slli x8, x8, 0xb                         inst_22+8
x8 <- 0xFFFFFFBFB7AFA000

mem[X,0x00000000800007DC] -> 0x0413
mem[X,0x00000000800007DE] -> 0x79F4
[503] [M]: 0x00000000800007DC (0x79F40413) addi x8, x8, 0x79f                       inst_22+12
x8 <- 0xFFFFFFBFB7AFA79F

clint mtime 0x00000000000000FC (mip.MTI <- 0b1, mip.STI <- 0b0)
mem[X,0x00000000800007E0] -> 0x1413
mem[X,0x00000000800007E2] -> 0x00B4
[504] [M]: 0x00000000800007E0 (0x00B41413) slli x8, x8, 0xb                         inst_22+16
x8 <- 0xFFFDFDBD7D3CF800

mem[X,0x00000000800007E4] -> 0x0413
mem[X,0x00000000800007E6] -> 0x4BC4
[505] [M]: 0x00000000800007E4 (0x4BC40413) addi x8, x8, 0x4bc                       inst_22+20
x8 <- 0xFFFDFDBD7D3CFCBC

clint mtime 0x00000000000000FD (mip.MTI <- 0b1, mip.STI <- 0b0)
mem[X,0x00000000800007E8] -> 0x1413
mem[X,0x00000000800007EA] -> 0x00A4
[506] [M]: 0x00000000800007E8 (0x00A41413) slli x8, x8, 0xa                         inst_22+24
x8 <- 0xF7F6F5F4F3F2F000

mem[X,0x00000000800007EC] -> 0x0413
mem[X,0x00000000800007EE] -> 0x1F04
[507] [M]: 0x00000000800007EC (0x1F040413) addi x8, x8, 0x1f0                       inst_22+28
x8 <- 0xF7F6F5F4F3F2F1F0

clint mtime 0x00000000000000FE (mip.MTI <- 0b1, mip.STI <- 0b0)
mem[X,0x00000000800007F0] -> 0x0537
mem[X,0x00000000800007F2] -> 0xFFFF
[508] [M]: 0x00000000800007F0 (0xFFFF0537) lui x10, -0x10                           inst_22+32
x10 <- 0xFFFFFFFFFFFF0000

mem[X,0x00000000800007F4] -> 0x0513
mem[X,0x00000000800007F6] -> 0xDFC5
[509] [M]: 0x00000000800007F4 (0xDFC50513) addi x10, x10, -0x204                    inst_22+36
x10 <- 0xFFFFFFFFFFFEFDFC

clint mtime 0x00000000000000FF (mip.MTI <- 0b1, mip.STI <- 0b0)
mem[X,0x00000000800007F8] -> 0x1513
mem[X,0x00000000800007FA] -> 0x00B5
[510] [M]: 0x00000000800007F8 (0x00B51513) slli x10, x10, 0xb                       inst_22+40
x10 <- 0xFFFFFFFFF7EFE000

mem[X,0x00000000800007FC] -> 0x0513
mem[X,0x00000000800007FE] -> 0x7DF5
[511] [M]: 0x00000000800007FC (0x7DF50513) addi x10, x10, 0x7df                     inst_22+44
x10 <- 0xFFFFFFFFF7EFE7DF

clint mtime 0x0000000000000100 (mip.MTI <- 0b1, mip.STI <- 0b0)
mem[X,0x0000000080000800] -> 0x1513
mem[X,0x0000000080000802] -> 0x00B5
[512] [M]: 0x0000000080000800 (0x00B51513) slli x10, x10, 0xb                       inst_22+48
x10 <- 0xFFFFFFBF7F3EF800

mem[X,0x0000000080000804] -> 0x0513
mem[X,0x0000000080000806] -> 0x6BE5
[513] [M]: 0x0000000080000804 (0x6BE50513) addi x10, x10, 0x6be                     inst_22+52
x10 <- 0xFFFFFFBF7F3EFEBE

clint mtime 0x0000000000000101 (mip.MTI <- 0b1, mip.STI <- 0b0)
mem[X,0x0000000080000808] -> 0x1513
mem[X,0x000000008000080A] -> 0x00A5
[514] [M]: 0x0000000080000808 (0x00A51513) slli x10, x10, 0xa                       inst_22+56
x10 <- 0xFFFEFDFCFBFAF800

mem[X,0x000000008000080C] -> 0x0513
mem[X,0x000000008000080E] -> 0x1F85
[515] [M]: 0x000000008000080C (0x1F850513) addi x10, x10, 0x1f8                     inst_22+60
x10 <- 0xFFFEFDFCFBFAF9F8

clint mtime 0x0000000000000102 (mip.MTI <- 0b1, mip.STI <- 0b0)
mem[X,0x0000000080000810] -> 0x04B3
mem[X,0x0000000080000812] -> 0x3EA4
[516] [M]: 0x0000000080000810 (0x3EA404B3) aes64dsm x9, x8, x10                     inst_22+64
x9 <- 0xBE7311227C587353

mem[X,0x0000000080000814] -> 0xB823
mem[X,0x0000000080000816] -> 0x0A90
[517] [M]: 0x0000000080000814 (0x0A90B823) sd x9, 0xb0(x1)                          inst_22+68
mem[W,0x00000000800041C8] <- 0xBE7311227C587353

clint mtime 0x0000000000000103 (mip.MTI <- 0b1, mip.STI <- 0b0)
mem[X,0x0000000080000818] -> 0xF537
mem[X,0x000000008000081A] -> 0xEFEE
[518] [M]: 0x0000000080000818 (0xEFEEF537) lui x10, -0x10111                        inst_23+0
x10 <- 0xFFFFFFFFEFEEF000

mem[X,0x000000008000081C] -> 0x0513
mem[X,0x000000008000081E] -> 0xDEC5
[519] [M]: 0x000000008000081C (0xDEC50513) addi x10, x10, -0x214                    inst_23+4
x10 <- 0xFFFFFFFFEFEEEDEC

clint mtime 0x0000000000000104 (mip.MTI <- 0b1, mip.STI <- 0b0)
mem[X,0x0000000080000820] -> 0x1513
mem[X,0x0000000080000822] -> 0x00B5
[520] [M]: 0x0000000080000820 (0x00B51513) slli x10, x10, 0xb                       inst_23+8
x10 <- 0xFFFFFF7F776F6000

mem[X,0x0000000080000824] -> 0x0513
mem[X,0x0000000080000826] -> 0x75F5
[521] [M]: 0x0000000080000824 (0x75F50513) addi x10, x10, 0x75f                     inst_23+12
x10 <- 0xFFFFFF7F776F675F

clint mtime 0x0000000000000105 (mip.MTI <- 0b1, mip.STI <- 0b0)
mem[X,0x0000000080000828] -> 0x1513
mem[X,0x000000008000082A] -> 0x00B5
[522] [M]: 0x0000000080000828 (0x00B51513) slli x10, x10, 0xb                       inst_23+16
x10 <- 0xFFFBFBBB7B3AF800

mem[X,0x000000008000082C] -> 0x0513
mem[X,0x000000008000082E] -> 0x2BA5
[523] [M]: 0x000000008000082C (0x2BA50513) addi x10, x10, 0x2ba                     inst_23+20
x10 <- 0xFFFBFBBB7B3AFABA

clint mtime 0x0000000000000106 (mip.MTI <- 0b1, mip.STI <- 0b0)
mem[X,0x0000000080000830] -> 0x1513
mem[X,0x0000000080000832] -> 0x00A5
[524] [M]: 0x0000000080000830 (0x00A51513) slli x10, x10, 0xa                       inst_23+24
x10 <- 0xEFEEEDECEBEAE800

mem[X,0x0000000080000834] -> 0x0513
mem[X,0x0000000080000836] -> 0x1E85
[525] [M]: 0x0000000080000834 (0x1E850513) addi x10, x10, 0x1e8                     inst_23+28
x10 <- 0xEFEEEDECEBEAE9E8

clint mtime 0x0000000000000107 (mip.MTI <- 0b1, mip.STI <- 0b0)
mem[X,0x0000000080000838] -> 0xE4B7
mem[X,0x000000008000083A] -> 0xE7E6
[526] [M]: 0x0000000080000838 (0xE7E6E4B7) lui x9, -0x18192                         inst_23+32
x9 <- 0xFFFFFFFFE7E6E000

mem[X,0x000000008000083C] -> 0x8493
mem[X,0x000000008000083E] -> 0x5E44
[527] [M]: 0x000000008000083C (0x5E448493) addi x9, x9, 0x5e4                       inst_23+36
x9 <- 0xFFFFFFFFE7E6E5E4

clint mtime 0x0000000000000108 (mip.MTI <- 0b1, mip.STI <- 0b0)
mem[X,0x0000000080000840] -> 0x9493
mem[X,0x0000000080000842] -> 0x00B4
[528] [M]: 0x0000000080000840 (0x00B49493) slli x9, x9, 0xb                         inst_23+40
x9 <- 0xFFFFFF3F372F2000

mem[X,0x0000000080000844] -> 0x8493
mem[X,0x0000000080000846] -> 0x71F4
[529] [M]: 0x0000000080000844 (0x71F48493) addi x9, x9, 0x71f                       inst_23+44
x9 <- 0xFFFFFF3F372F271F

clint mtime 0x0000000000000109 (mip.MTI <- 0b1, mip.STI <- 0b0)
mem[X,0x0000000080000848] -> 0x9493
mem[X,0x000000008000084A] -> 0x00B4
[530] [M]: 0x0000000080000848 (0x00B49493) slli x9, x9, 0xb                         inst_23+48
x9 <- 0xFFF9F9B97938F800

mem[X,0x000000008000084C] -> 0x8493
mem[X,0x000000008000084E] -> 0x0B84
[531] [M]: 0x000000008000084C (0x0B848493) addi x9, x9, 0xb8                        inst_23+52
x9 <- 0xFFF9F9B97938F8B8

clint mtime 0x000000000000010A (mip.MTI <- 0b1, mip.STI <- 0b0)
mem[X,0x0000000080000850] -> 0x9493
mem[X,0x0000000080000852] -> 0x00A4
[532] [M]: 0x0000000080000850 (0x00A49493) slli x9, x9, 0xa                         inst_23+56
x9 <- 0xE7E6E5E4E3E2E000

mem[X,0x0000000080000854] -> 0x8493
mem[X,0x0000000080000856] -> 0x1E04
[533] [M]: 0x0000000080000854 (0x1E048493) addi x9, x9, 0x1e0                       inst_23+60
x9 <- 0xE7E6E5E4E3E2E1E0

clint mtime 0x000000000000010B (mip.MTI <- 0b1, mip.STI <- 0b0)
mem[X,0x0000000080000858] -> 0x0433
mem[X,0x000000008000085A] -> 0x3E95
[534] [M]: 0x0000000080000858 (0x3E950433) aes64dsm x8, x10, x9                     inst_23+64
x8 <- 0x6E57739A106130F9

mem[X,0x000000008000085C] -> 0xBC23
mem[X,0x000000008000085E] -> 0x0A80
[535] [M]: 0x000000008000085C (0x0A80BC23) sd x8, 0xb8(x1)                          inst_23+68
mem[W,0x00000000800041D0] <- 0x6E57739A106130F9

clint mtime 0x000000000000010C (mip.MTI <- 0b1, mip.STI <- 0b0)
mem[X,0x0000000080000860] -> 0xE337
mem[X,0x0000000080000862] -> 0xE7E6
[536] [M]: 0x0000000080000860 (0xE7E6E337) lui x6, -0x18192                         inst_24+0
x6 <- 0xFFFFFFFFE7E6E000

mem[X,0x0000000080000864] -> 0x0313
mem[X,0x0000000080000866] -> 0x5E43
[537] [M]: 0x0000000080000864 (0x5E430313) addi x6, x6, 0x5e4                       inst_24+4
x6 <- 0xFFFFFFFFE7E6E5E4

clint mtime 0x000000000000010D (mip.MTI <- 0b1, mip.STI <- 0b0)
mem[X,0x0000000080000868] -> 0x1313
mem[X,0x000000008000086A] -> 0x00B3
[538] [M]: 0x0000000080000868 (0x00B31313) slli x6, x6, 0xb                         inst_24+8
x6 <- 0xFFFFFF3F372F2000

mem[X,0x000000008000086C] -> 0x0313
mem[X,0x000000008000086E] -> 0x71F3
[539] [M]: 0x000000008000086C (0x71F30313) addi x6, x6, 0x71f                       inst_24+12
x6 <- 0xFFFFFF3F372F271F

clint mtime 0x000000000000010E (mip.MTI <- 0b1, mip.STI <- 0b0)
mem[X,0x0000000080000870] -> 0x1313
mem[X,0x0000000080000872] -> 0x00B3
[540] [M]: 0x0000000080000870 (0x00B31313) slli x6, x6, 0xb                         inst_24+16
x6 <- 0xFFF9F9B97938F800

mem[X,0x0000000080000874] -> 0x0313
mem[X,0x0000000080000876] -> 0x0B83
[541] [M]: 0x0000000080000874 (0x0B830313) addi x6, x6, 0xb8                        inst_24+20
x6 <- 0xFFF9F9B97938F8B8

clint mtime 0x000000000000010F (mip.MTI <- 0b1, mip.STI <- 0b0)
mem[X,0x0000000080000878] -> 0x1313
mem[X,0x000000008000087A] -> 0x00A3
[542] [M]: 0x0000000080000878 (0x00A31313) slli x6, x6, 0xa                         inst_24+24
x6 <- 0xE7E6E5E4E3E2E000

mem[X,0x000000008000087C] -> 0x0313
mem[X,0x000000008000087E] -> 0x1E03
[543] [M]: 0x000000008000087C (0x1E030313) addi x6, x6, 0x1e0                       inst_24+28
x6 <- 0xE7E6E5E4E3E2E1E0

clint mtime 0x0000000000000110 (mip.MTI <- 0b1, mip.STI <- 0b0)
mem[X,0x0000000080000880] -> 0xF2B7
mem[X,0x0000000080000882] -> 0xEFEE
[544] [M]: 0x0000000080000880 (0xEFEEF2B7) lui x5, -0x10111                         inst_24+32
x5 <- 0xFFFFFFFFEFEEF000

mem[X,0x0000000080000884] -> 0x8293
mem[X,0x0000000080000886] -> 0xDEC2
[545] [M]: 0x0000000080000884 (0xDEC28293) addi x5, x5, -0x214                      inst_24+36
x5 <- 0xFFFFFFFFEFEEEDEC

clint mtime 0x0000000000000111 (mip.MTI <- 0b1, mip.STI <- 0b0)
mem[X,0x0000000080000888] -> 0x9293
mem[X,0x000000008000088A] -> 0x00B2
[546] [M]: 0x0000000080000888 (0x00B29293) slli x5, x5, 0xb                         inst_24+40
x5 <- 0xFFFFFF7F776F6000

mem[X,0x000000008000088C] -> 0x8293
mem[X,0x000000008000088E] -> 0x75F2
[547] [M]: 0x000000008000088C (0x75F28293) addi x5, x5, 0x75f                       inst_24+44
x5 <- 0xFFFFFF7F776F675F

clint mtime 0x0000000000000112 (mip.MTI <- 0b1, mip.STI <- 0b0)
mem[X,0x0000000080000890] -> 0x9293
mem[X,0x0000000080000892] -> 0x00B2
[548] [M]: 0x0000000080000890 (0x00B29293) slli x5, x5, 0xb                         inst_24+48
x5 <- 0xFFFBFBBB7B3AF800

mem[X,0x0000000080000894] -> 0x8293
mem[X,0x0000000080000896] -> 0x2BA2
[549] [M]: 0x0000000080000894 (0x2BA28293) addi x5, x5, 0x2ba                       inst_24+52
x5 <- 0xFFFBFBBB7B3AFABA

clint mtime 0x0000000000000113 (mip.MTI <- 0b1, mip.STI <- 0b0)
mem[X,0x0000000080000898] -> 0x9293
mem[X,0x000000008000089A] -> 0x00A2
[550] [M]: 0x0000000080000898 (0x00A29293) slli x5, x5, 0xa                         inst_24+56
x5 <- 0xEFEEEDECEBEAE800

mem[X,0x000000008000089C] -> 0x8293
mem[X,0x000000008000089E] -> 0x1E82
[551] [M]: 0x000000008000089C (0x1E828293) addi x5, x5, 0x1e8                       inst_24+60
x5 <- 0xEFEEEDECEBEAE9E8

clint mtime 0x0000000000000114 (mip.MTI <- 0b1, mip.STI <- 0b0)
mem[X,0x00000000800008A0] -> 0x03B3
mem[X,0x00000000800008A2] -> 0x3E53
[552] [M]: 0x00000000800008A0 (0x3E5303B3) aes64dsm x7, x6, x5                      inst_24+64
x7 <- 0xACE6BD1C48B84048

mem[X,0x00000000800008A4] -> 0xB023
mem[X,0x00000000800008A6] -> 0x0C70
[553] [M]: 0x00000000800008A4 (0x0C70B023) sd x7, 0xc0(x1)                          inst_24+68
mem[W,0x00000000800041D8] <- 0xACE6BD1C48B84048

clint mtime 0x0000000000000115 (mip.MTI <- 0b1, mip.STI <- 0b0)
mem[X,0x00000000800008A8] -> 0x0013
mem[X,0x00000000800008AA] -> 0x0000
[554] [M]: 0x00000000800008A8 (0x00000013) addi x0, x0, 0x0                         inst_24+72

mem[X,0x00000000800008AC] -> 0x0013
mem[X,0x00000000800008AE] -> 0x0000
[555] [M]: 0x00000000800008AC (0x00000013) addi x0, x0, 0x0                         inst_24+76

clint mtime 0x0000000000000116 (mip.MTI <- 0b1, mip.STI <- 0b0)
mem[X,0x00000000800008B0] -> 0x0013
mem[X,0x00000000800008B2] -> 0x0000
[556] [M]: 0x00000000800008B0 (0x00000013) addi x0, x0, 0x0                         inst_24+80

mem[X,0x00000000800008B4] -> 0x0013
mem[X,0x00000000800008B6] -> 0x0000
[557] [M]: 0x00000000800008B4 (0x00000013) addi x0, x0, 0x0                         inst_24+84

clint mtime 0x0000000000000117 (mip.MTI <- 0b1, mip.STI <- 0b0)
mem[X,0x00000000800008B8] -> 0x0013
mem[X,0x00000000800008BA] -> 0x0000
[558] [M]: 0x00000000800008B8 (0x00000013) addi x0, x0, 0x0                         inst_24+88

mem[X,0x00000000800008BC] -> 0x0013
mem[X,0x00000000800008BE] -> 0x0000
[559] [M]: 0x00000000800008BC (0x00000013) addi x0, x0, 0x0                         inst_24+92

clint mtime 0x0000000000000118 (mip.MTI <- 0b1, mip.STI <- 0b0)
mem[X,0x00000000800008C0] -> 0x4417
mem[X,0x00000000800008C2] -> 0x0000
[560] [M]: 0x00000000800008C0 (0x00004417) auipc x8, 0x4                            inst_24+96
x8 <- 0x00000000800048C0

mem[X,0x00000000800008C4] -> 0x0413
mem[X,0x00000000800008C6] -> 0x9204
[561] [M]: 0x00000000800008C4 (0x92040413) addi x8, x8, -0x6e0                      inst_24+100
x8 <- 0x00000000800041E0

clint mtime 0x0000000000000119 (mip.MTI <- 0b1, mip.STI <- 0b0)
mem[X,0x00000000800008C8] -> 0x0001
[562] [M]: 0x00000000800008C8 (0x0001) c.nop                                        inst_24+104

mem[X,0x00000000800008CA] -> 0x0013
mem[X,0x00000000800008CC] -> 0x0000
[563] [M]: 0x00000000800008CA (0x00000013) addi x0, x0, 0x0                         inst_24+106

clint mtime 0x000000000000011A (mip.MTI <- 0b1, mip.STI <- 0b0)
mem[X,0x00000000800008CE] -> 0x0013
mem[X,0x00000000800008D0] -> 0x0000
[564] [M]: 0x00000000800008CE (0x00000013) addi x0, x0, 0x0                         inst_24+110

mem[X,0x00000000800008D2] -> 0x0013
mem[X,0x00000000800008D4] -> 0x0000
[565] [M]: 0x00000000800008D2 (0x00000013) addi x0, x0, 0x0                         inst_24+114

clint mtime 0x000000000000011B (mip.MTI <- 0b1, mip.STI <- 0b0)
mem[X,0x00000000800008D6] -> 0x0013
mem[X,0x00000000800008D8] -> 0x0000
[566] [M]: 0x00000000800008D6 (0x00000013) addi x0, x0, 0x0                         inst_24+118

mem[X,0x00000000800008DA] -> 0x0013
mem[X,0x00000000800008DC] -> 0x0000
[567] [M]: 0x00000000800008DA (0x00000013) addi x0, x0, 0x0                         inst_24+122

clint mtime 0x000000000000011C (mip.MTI <- 0b1, mip.STI <- 0b0)
mem[X,0x00000000800008DE] -> 0x0001
[568] [M]: 0x00000000800008DE (0x0001) c.nop                                        inst_24+126

mem[X,0x00000000800008E0] -> 0xE2B7
mem[X,0x00000000800008E2] -> 0xDFDE
[569] [M]: 0x00000000800008E0 (0xDFDEE2B7) lui x5, -0x20212                         inst_25+0
x5 <- 0xFFFFFFFFDFDEE000

clint mtime 0x000000000000011D (mip.MTI <- 0b1, mip.STI <- 0b0)
mem[X,0x00000000800008E4] -> 0x8293
mem[X,0x00000000800008E6] -> 0xDDC2
[570] [M]: 0x00000000800008E4 (0xDDC28293) addi x5, x5, -0x224                      inst_25+4
x5 <- 0xFFFFFFFFDFDEDDDC

mem[X,0x00000000800008E8] -> 0x9293
mem[X,0x00000000800008EA] -> 0x00B2
[571] [M]: 0x00000000800008E8 (0x00B29293) slli x5, x5, 0xb                         inst_25+8
x5 <- 0xFFFFFEFEF6EEE000

clint mtime 0x000000000000011E (mip.MTI <- 0b1, mip.STI <- 0b0)
mem[X,0x00000000800008EC] -> 0x8293
mem[X,0x00000000800008EE] -> 0x6DE2
[572] [M]: 0x00000000800008EC (0x6DE28293) addi x5, x5, 0x6de                       inst_25+12
x5 <- 0xFFFFFEFEF6EEE6DE

mem[X,0x00000000800008F0] -> 0x9293
mem[X,0x00000000800008F2] -> 0x00B2
[573] [M]: 0x00000000800008F0 (0x00B29293) slli x5, x5, 0xb                         inst_25+16
x5 <- 0xFFF7F7B77736F000

clint mtime 0x000000000000011F (mip.MTI <- 0b1, mip.STI <- 0b0)
mem[X,0x00000000800008F4] -> 0x8293
mem[X,0x00000000800008F6] -> 0x6B62
[574] [M]: 0x00000000800008F4 (0x6B628293) addi x5, x5, 0x6b6                       inst_25+20
x5 <- 0xFFF7F7B77736F6B6

mem[X,0x00000000800008F8] -> 0x9293
mem[X,0x00000000800008FA] -> 0x00A2
[575] [M]: 0x00000000800008F8 (0x00A29293) slli x5, x5, 0xa                         inst_25+24
x5 <- 0xDFDEDDDCDBDAD800

clint mtime 0x0000000000000120 (mip.MTI <- 0b1, mip.STI <- 0b0)
mem[X,0x00000000800008FC] -> 0x8293
mem[X,0x00000000800008FE] -> 0x1D82
[576] [M]: 0x00000000800008FC (0x1D828293) addi x5, x5, 0x1d8                       inst_25+28
x5 <- 0xDFDEDDDCDBDAD9D8

mem[X,0x0000000080000900] -> 0xD3B7
mem[X,0x0000000080000902] -> 0xD7D6
[577] [M]: 0x0000000080000900 (0xD7D6D3B7) lui x7, -0x28293                         inst_25+32
x7 <- 0xFFFFFFFFD7D6D000

clint mtime 0x0000000000000121 (mip.MTI <- 0b1, mip.STI <- 0b0)
mem[X,0x0000000080000904] -> 0x8393
mem[X,0x0000000080000906] -> 0x5D43
[578] [M]: 0x0000000080000904 (0x5D438393) addi x7, x7, 0x5d4                       inst_25+36
x7 <- 0xFFFFFFFFD7D6D5D4

mem[X,0x0000000080000908] -> 0x9393
mem[X,0x000000008000090A] -> 0x00B3
[579] [M]: 0x0000000080000908 (0x00B39393) slli x7, x7, 0xb                         inst_25+40
x7 <- 0xFFFFFEBEB6AEA000

clint mtime 0x0000000000000122 (mip.MTI <- 0b1, mip.STI <- 0b0)
mem[X,0x000000008000090C] -> 0x8393
mem[X,0x000000008000090E] -> 0x69E3
[580] [M]: 0x000000008000090C (0x69E38393) addi x7, x7, 0x69e                       inst_25+44
x7 <- 0xFFFFFEBEB6AEA69E

mem[X,0x0000000080000910] -> 0x9393
mem[X,0x0000000080000912] -> 0x00B3
[581] [M]: 0x0000000080000910 (0x00B39393) slli x7, x7, 0xb                         inst_25+48
x7 <- 0xFFF5F5B57534F000

clint mtime 0x0000000000000123 (mip.MTI <- 0b1, mip.STI <- 0b0)
mem[X,0x0000000080000914] -> 0x8393
mem[X,0x0000000080000916] -> 0x4B43
[582] [M]: 0x0000000080000914 (0x4B438393) addi x7, x7, 0x4b4                       inst_25+52
x7 <- 0xFFF5F5B57534F4B4

mem[X,0x0000000080000918] -> 0x9393
mem[X,0x000000008000091A] -> 0x00A3
[583] [M]: 0x0000000080000918 (0x00A39393) slli x7, x7, 0xa                         inst_25+56
x7 <- 0xD7D6D5D4D3D2D000

clint mtime 0x0000000000000124 (mip.MTI <- 0b1, mip.STI <- 0b0)
mem[X,0x000000008000091C] -> 0x8393
mem[X,0x000000008000091E] -> 0x1D03
[584] [M]: 0x000000008000091C (0x1D038393) addi x7, x7, 0x1d0                       inst_25+60
x7 <- 0xD7D6D5D4D3D2D1D0

mem[X,0x0000000080000920] -> 0x8333
mem[X,0x0000000080000922] -> 0x3E72
[585] [M]: 0x0000000080000920 (0x3E728333) aes64dsm x6, x5, x7                      inst_25+64
x6 <- 0xA78FDA674B5F011D

clint mtime 0x0000000000000125 (mip.MTI <- 0b1, mip.STI <- 0b0)
mem[X,0x0000000080000924] -> 0x3023
mem[X,0x0000000080000926] -> 0x0064
[586] [M]: 0x0000000080000924 (0x00643023) sd x6, 0x0(x8)                           inst_25+68
mem[W,0x00000000800041E0] <- 0xA78FDA674B5F011D

mem[X,0x0000000080000928] -> 0xD3B7
mem[X,0x000000008000092A] -> 0xD7D6
[587] [M]: 0x0000000080000928 (0xD7D6D3B7) lui x7, -0x28293                         inst_26+0
x7 <- 0xFFFFFFFFD7D6D000

clint mtime 0x0000000000000126 (mip.MTI <- 0b1, mip.STI <- 0b0)
mem[X,0x000000008000092C] -> 0x8393
mem[X,0x000000008000092E] -> 0x5D43
[588] [M]: 0x000000008000092C (0x5D438393) addi x7, x7, 0x5d4                       inst_26+4
x7 <- 0xFFFFFFFFD7D6D5D4

mem[X,0x0000000080000930] -> 0x9393
mem[X,0x0000000080000932] -> 0x00B3
[589] [M]: 0x0000000080000930 (0x00B39393) slli x7, x7, 0xb                         inst_26+8
x7 <- 0xFFFFFEBEB6AEA000

clint mtime 0x0000000000000127 (mip.MTI <- 0b1, mip.STI <- 0b0)
mem[X,0x0000000080000934] -> 0x8393
mem[X,0x0000000080000936] -> 0x69E3
[590] [M]: 0x0000000080000934 (0x69E38393) addi x7, x7, 0x69e                       inst_26+12
x7 <- 0xFFFFFEBEB6AEA69E

mem[X,0x0000000080000938] -> 0x9393
mem[X,0x000000008000093A] -> 0x00B3
[591] [M]: 0x0000000080000938 (0x00B39393) slli x7, x7, 0xb                         inst_26+16
x7 <- 0xFFF5F5B57534F000

clint mtime 0x0000000000000128 (mip.MTI <- 0b1, mip.STI <- 0b0)
mem[X,0x000000008000093C] -> 0x8393
mem[X,0x000000008000093E] -> 0x4B43
[592] [M]: 0x000000008000093C (0x4B438393) addi x7, x7, 0x4b4                       inst_26+20
x7 <- 0xFFF5F5B57534F4B4

mem[X,0x0000000080000940] -> 0x9393
mem[X,0x0000000080000942] -> 0x00A3
[593] [M]: 0x0000000080000940 (0x00A39393) slli x7, x7, 0xa                         inst_26+24
x7 <- 0xD7D6D5D4D3D2D000

clint mtime 0x0000000000000129 (mip.MTI <- 0b1, mip.STI <- 0b0)
mem[X,0x0000000080000944] -> 0x8393
mem[X,0x0000000080000946] -> 0x1D03
[594] [M]: 0x0000000080000944 (0x1D038393) addi x7, x7, 0x1d0                       inst_26+28
x7 <- 0xD7D6D5D4D3D2D1D0

mem[X,0x0000000080000948] -> 0xE337
mem[X,0x000000008000094A] -> 0xDFDE
[595] [M]: 0x0000000080000948 (0xDFDEE337) lui x6, -0x20212                         inst_26+32
x6 <- 0xFFFFFFFFDFDEE000

clint mtime 0x000000000000012A (mip.MTI <- 0b1, mip.STI <- 0b0)
mem[X,0x000000008000094C] -> 0x0313
mem[X,0x000000008000094E] -> 0xDDC3
[596] [M]: 0x000000008000094C (0xDDC30313) addi x6, x6, -0x224                      inst_26+36
x6 <- 0xFFFFFFFFDFDEDDDC

mem[X,0x0000000080000950] -> 0x1313
mem[X,0x0000000080000952] -> 0x00B3
[597] [M]: 0x0000000080000950 (0x00B31313) slli x6, x6, 0xb                         inst_26+40
x6 <- 0xFFFFFEFEF6EEE000

clint mtime 0x000000000000012B (mip.MTI <- 0b1, mip.STI <- 0b0)
mem[X,0x0000000080000954] -> 0x0313
mem[X,0x0000000080000956] -> 0x6DE3
[598] [M]: 0x0000000080000954 (0x6DE30313) addi x6, x6, 0x6de                       inst_26+44
x6 <- 0xFFFFFEFEF6EEE6DE

mem[X,0x0000000080000958] -> 0x1313
mem[X,0x000000008000095A] -> 0x00B3
[599] [M]: 0x0000000080000958 (0x00B31313) slli x6, x6, 0xb                         inst_26+48
x6 <- 0xFFF7F7B77736F000

clint mtime 0x000000000000012C (mip.MTI <- 0b1, mip.STI <- 0b0)
mem[X,0x000000008000095C] -> 0x0313
mem[X,0x000000008000095E] -> 0x6B63
[600] [M]: 0x000000008000095C (0x6B630313) addi x6, x6, 0x6b6                       inst_26+52
x6 <- 0xFFF7F7B77736F6B6

mem[X,0x0000000080000960] -> 0x1313
mem[X,0x0000000080000962] -> 0x00A3
[601] [M]: 0x0000000080000960 (0x00A31313) slli x6, x6, 0xa                         inst_26+56
x6 <- 0xDFDEDDDCDBDAD800

clint mtime 0x000000000000012D (mip.MTI <- 0b1, mip.STI <- 0b0)
mem[X,0x0000000080000964] -> 0x0313
mem[X,0x0000000080000966] -> 0x1D83
[602] [M]: 0x0000000080000964 (0x1D830313) addi x6, x6, 0x1d8                       inst_26+60
x6 <- 0xDFDEDDDCDBDAD9D8

mem[X,0x0000000080000968] -> 0x82B3
mem[X,0x000000008000096A] -> 0x3E63
[603] [M]: 0x0000000080000968 (0x3E6382B3) aes64dsm x5, x7, x6                      inst_26+64
x5 <- 0xB89DE08E9E88FD35

clint mtime 0x000000000000012E (mip.MTI <- 0b1, mip.STI <- 0b0)
mem[X,0x000000008000096C] -> 0x3423
mem[X,0x000000008000096E] -> 0x0054
[604] [M]: 0x000000008000096C (0x00543423) sd x5, 0x8(x8)                           inst_26+68
mem[W,0x00000000800041E8] <- 0xB89DE08E9E88FD35

mem[X,0x0000000080000970] -> 0xD1B7
mem[X,0x0000000080000972] -> 0xCFCE
[605] [M]: 0x0000000080000970 (0xCFCED1B7) lui x3, -0x30313                         inst_27+0
x3 <- 0xFFFFFFFFCFCED000

clint mtime 0x000000000000012F (mip.MTI <- 0b1, mip.STI <- 0b0)
mem[X,0x0000000080000974] -> 0x8193
mem[X,0x0000000080000976] -> 0xDCC1
[606] [M]: 0x0000000080000974 (0xDCC18193) addi x3, x3, -0x234                      inst_27+4
x3 <- 0xFFFFFFFFCFCECDCC

mem[X,0x0000000080000978] -> 0x9193
mem[X,0x000000008000097A] -> 0x00B1
[607] [M]: 0x0000000080000978 (0x00B19193) slli x3, x3, 0xb                         inst_27+8
x3 <- 0xFFFFFE7E766E6000

clint mtime 0x0000000000000130 (mip.MTI <- 0b1, mip.STI <- 0b0)
mem[X,0x000000008000097C] -> 0x8193
mem[X,0x000000008000097E] -> 0x65E1
[608] [M]: 0x000000008000097C (0x65E18193) addi x3, x3, 0x65e                       inst_27+12
x3 <- 0xFFFFFE7E766E665E

mem[X,0x0000000080000980] -> 0x9193
mem[X,0x0000000080000982] -> 0x00B1
[609] [M]: 0x0000000080000980 (0x00B19193) slli x3, x3, 0xb                         inst_27+16
x3 <- 0xFFF3F3B37332F000

clint mtime 0x0000000000000131 (mip.MTI <- 0b1, mip.STI <- 0b0)
mem[X,0x0000000080000984] -> 0x8193
mem[X,0x0000000080000986] -> 0x2B21
[610] [M]: 0x0000000080000984 (0x2B218193) addi x3, x3, 0x2b2                       inst_27+20
x3 <- 0xFFF3F3B37332F2B2

mem[X,0x0000000080000988] -> 0x9193
mem[X,0x000000008000098A] -> 0x00A1
[611] [M]: 0x0000000080000988 (0x00A19193) slli x3, x3, 0xa                         inst_27+24
x3 <- 0xCFCECDCCCBCAC800

clint mtime 0x0000000000000132 (mip.MTI <- 0b1, mip.STI <- 0b0)
mem[X,0x000000008000098C] -> 0x8193
mem[X,0x000000008000098E] -> 0x1C81
[612] [M]: 0x000000008000098C (0x1C818193) addi x3, x3, 0x1c8                       inst_27+28
x3 <- 0xCFCECDCCCBCAC9C8

mem[X,0x0000000080000990] -> 0xC137
mem[X,0x0000000080000992] -> 0xC7C6
[613] [M]: 0x0000000080000990 (0xC7C6C137) lui x2, -0x38394                         inst_27+32
x2 <- 0xFFFFFFFFC7C6C000

clint mtime 0x0000000000000133 (mip.MTI <- 0b1, mip.STI <- 0b0)
mem[X,0x0000000080000994] -> 0x0113
mem[X,0x0000000080000996] -> 0x5C41
[614] [M]: 0x0000000080000994 (0x5C410113) addi x2, x2, 0x5c4                       inst_27+36
x2 <- 0xFFFFFFFFC7C6C5C4

mem[X,0x0000000080000998] -> 0x1113
mem[X,0x000000008000099A] -> 0x00B1
[615] [M]: 0x0000000080000998 (0x00B11113) slli x2, x2, 0xb                         inst_27+40
x2 <- 0xFFFFFE3E362E2000

clint mtime 0x0000000000000134 (mip.MTI <- 0b1, mip.STI <- 0b0)
mem[X,0x000000008000099C] -> 0x0113
mem[X,0x000000008000099E] -> 0x61E1
[616] [M]: 0x000000008000099C (0x61E10113) addi x2, x2, 0x61e                       inst_27+44
x2 <- 0xFFFFFE3E362E261E

mem[X,0x00000000800009A0] -> 0x1113
mem[X,0x00000000800009A2] -> 0x00B1
[617] [M]: 0x00000000800009A0 (0x00B11113) slli x2, x2, 0xb                         inst_27+48
x2 <- 0xFFF1F1B17130F000

clint mtime 0x0000000000000135 (mip.MTI <- 0b1, mip.STI <- 0b0)
mem[X,0x00000000800009A4] -> 0x0113
mem[X,0x00000000800009A6] -> 0x0B01
[618] [M]: 0x00000000800009A4 (0x0B010113) addi x2, x2, 0xb0                        inst_27+52
x2 <- 0xFFF1F1B17130F0B0

mem[X,0x00000000800009A8] -> 0x1113
mem[X,0x00000000800009AA] -> 0x00A1
[619] [M]: 0x00000000800009A8 (0x00A11113) slli x2, x2, 0xa                         inst_27+56
x2 <- 0xC7C6C5C4C3C2C000

clint mtime 0x0000000000000136 (mip.MTI <- 0b1, mip.STI <- 0b0)
mem[X,0x00000000800009AC] -> 0x0113
mem[X,0x00000000800009AE] -> 0x1C01
[620] [M]: 0x00000000800009AC (0x1C010113) addi x2, x2, 0x1c0                       inst_27+60
x2 <- 0xC7C6C5C4C3C2C1C0

mem[X,0x00000000800009B0] -> 0x8233
mem[X,0x00000000800009B2] -> 0x3E21
[621] [M]: 0x00000000800009B0 (0x3E218233) aes64dsm x4, x3, x2                      inst_27+64
x4 <- 0x0C0AB4739C4646DD

clint mtime 0x0000000000000137 (mip.MTI <- 0b1, mip.STI <- 0b0)
mem[X,0x00000000800009B4] -> 0x3823
mem[X,0x00000000800009B6] -> 0x0044
[622] [M]: 0x00000000800009B4 (0x00443823) sd x4, 0x10(x8)                          inst_27+68
mem[W,0x00000000800041F0] <- 0x0C0AB4739C4646DD

mem[X,0x00000000800009B8] -> 0xC137
mem[X,0x00000000800009BA] -> 0xC7C6
[623] [M]: 0x00000000800009B8 (0xC7C6C137) lui x2, -0x38394                         inst_28+0
x2 <- 0xFFFFFFFFC7C6C000

clint mtime 0x0000000000000138 (mip.MTI <- 0b1, mip.STI <- 0b0)
mem[X,0x00000000800009BC] -> 0x0113
mem[X,0x00000000800009BE] -> 0x5C41
[624] [M]: 0x00000000800009BC (0x5C410113) addi x2, x2, 0x5c4                       inst_28+4
x2 <- 0xFFFFFFFFC7C6C5C4

mem[X,0x00000000800009C0] -> 0x1113
mem[X,0x00000000800009C2] -> 0x00B1
[625] [M]: 0x00000000800009C0 (0x00B11113) slli x2, x2, 0xb                         inst_28+8
x2 <- 0xFFFFFE3E362E2000

clint mtime 0x0000000000000139 (mip.MTI <- 0b1, mip.STI <- 0b0)
mem[X,0x00000000800009C4] -> 0x0113
mem[X,0x00000000800009C6] -> 0x61E1
[626] [M]: 0x00000000800009C4 (0x61E10113) addi x2, x2, 0x61e                       inst_28+12
x2 <- 0xFFFFFE3E362E261E

mem[X,0x00000000800009C8] -> 0x1113
mem[X,0x00000000800009CA] -> 0x00B1
[627] [M]: 0x00000000800009C8 (0x00B11113) slli x2, x2, 0xb                         inst_28+16
x2 <- 0xFFF1F1B17130F000

clint mtime 0x000000000000013A (mip.MTI <- 0b1, mip.STI <- 0b0)
mem[X,0x00000000800009CC] -> 0x0113
mem[X,0x00000000800009CE] -> 0x0B01
[628] [M]: 0x00000000800009CC (0x0B010113) addi x2, x2, 0xb0                        inst_28+20
x2 <- 0xFFF1F1B17130F0B0

mem[X,0x00000000800009D0] -> 0x1113
mem[X,0x00000000800009D2] -> 0x00A1
[629] [M]: 0x00000000800009D0 (0x00A11113) slli x2, x2, 0xa                         inst_28+24
x2 <- 0xC7C6C5C4C3C2C000

clint mtime 0x000000000000013B (mip.MTI <- 0b1, mip.STI <- 0b0)
mem[X,0x00000000800009D4] -> 0x0113
mem[X,0x00000000800009D6] -> 0x1C01
[630] [M]: 0x00000000800009D4 (0x1C010113) addi x2, x2, 0x1c0                       inst_28+28
x2 <- 0xC7C6C5C4C3C2C1C0

mem[X,0x00000000800009D8] -> 0xD237
mem[X,0x00000000800009DA] -> 0xCFCE
[631] [M]: 0x00000000800009D8 (0xCFCED237) lui x4, -0x30313                         inst_28+32
x4 <- 0xFFFFFFFFCFCED000

clint mtime 0x000000000000013C (mip.MTI <- 0b1, mip.STI <- 0b0)
mem[X,0x00000000800009DC] -> 0x0213
mem[X,0x00000000800009DE] -> 0xDCC2
[632] [M]: 0x00000000800009DC (0xDCC20213) addi x4, x4, -0x234                      inst_28+36
x4 <- 0xFFFFFFFFCFCECDCC

mem[X,0x00000000800009E0] -> 0x1213
mem[X,0x00000000800009E2] -> 0x00B2
[633] [M]: 0x00000000800009E0 (0x00B21213) slli x4, x4, 0xb                         inst_28+40
x4 <- 0xFFFFFE7E766E6000

clint mtime 0x000000000000013D (mip.MTI <- 0b1, mip.STI <- 0b0)
mem[X,0x00000000800009E4] -> 0x0213
mem[X,0x00000000800009E6] -> 0x65E2
[634] [M]: 0x00000000800009E4 (0x65E20213) addi x4, x4, 0x65e                       inst_28+44
x4 <- 0xFFFFFE7E766E665E

mem[X,0x00000000800009E8] -> 0x1213
mem[X,0x00000000800009EA] -> 0x00B2
[635] [M]: 0x00000000800009E8 (0x00B21213) slli x4, x4, 0xb                         inst_28+48
x4 <- 0xFFF3F3B37332F000

clint mtime 0x000000000000013E (mip.MTI <- 0b1, mip.STI <- 0b0)
mem[X,0x00000000800009EC] -> 0x0213
mem[X,0x00000000800009EE] -> 0x2B22
[636] [M]: 0x00000000800009EC (0x2B220213) addi x4, x4, 0x2b2                       inst_28+52
x4 <- 0xFFF3F3B37332F2B2

mem[X,0x00000000800009F0] -> 0x1213
mem[X,0x00000000800009F2] -> 0x00A2
[637] [M]: 0x00000000800009F0 (0x00A21213) slli x4, x4, 0xa                         inst_28+56
x4 <- 0xCFCECDCCCBCAC800

clint mtime 0x000000000000013F (mip.MTI <- 0b1, mip.STI <- 0b0)
mem[X,0x00000000800009F4] -> 0x0213
mem[X,0x00000000800009F6] -> 0x1C82
[638] [M]: 0x00000000800009F4 (0x1C820213) addi x4, x4, 0x1c8                       inst_28+60
x4 <- 0xCFCECDCCCBCAC9C8

mem[X,0x00000000800009F8] -> 0x01B3
mem[X,0x00000000800009FA] -> 0x3E41
[639] [M]: 0x00000000800009F8 (0x3E4101B3) aes64dsm x3, x2, x4                      inst_28+64
x3 <- 0x67B73808A657703F

clint mtime 0x0000000000000140 (mip.MTI <- 0b1, mip.STI <- 0b0)
mem[X,0x00000000800009FC] -> 0x3C23
mem[X,0x00000000800009FE] -> 0x0034
[640] [M]: 0x00000000800009FC (0x00343C23) sd x3, 0x18(x8)                          inst_28+68
mem[W,0x00000000800041F8] <- 0x67B73808A657703F

mem[X,0x0000000080000A00] -> 0xC237
mem[X,0x0000000080000A02] -> 0xBFBE
[641] [M]: 0x0000000080000A00 (0xBFBEC237) lui x4, -0x40414                         inst_29+0
x4 <- 0xFFFFFFFFBFBEC000

clint mtime 0x0000000000000141 (mip.MTI <- 0b1, mip.STI <- 0b0)
mem[X,0x0000000080000A04] -> 0x0213
mem[X,0x0000000080000A06] -> 0xDBC2
[642] [M]: 0x0000000080000A04 (0xDBC20213) addi x4, x4, -0x244                      inst_29+4
x4 <- 0xFFFFFFFFBFBEBDBC

mem[X,0x0000000080000A08] -> 0x1213
mem[X,0x0000000080000A0A] -> 0x00B2
[643] [M]: 0x0000000080000A08 (0x00B21213) slli x4, x4, 0xb                         inst_29+8
x4 <- 0xFFFFFDFDF5EDE000

clint mtime 0x0000000000000142 (mip.MTI <- 0b1, mip.STI <- 0b0)
mem[X,0x0000000080000A0C] -> 0x0213
mem[X,0x0000000080000A0E] -> 0x5DD2
[644] [M]: 0x0000000080000A0C (0x5DD20213) addi x4, x4, 0x5dd                       inst_29+12
x4 <- 0xFFFFFDFDF5EDE5DD

mem[X,0x0000000080000A10] -> 0x1213
mem[X,0x0000000080000A12] -> 0x00B2
[645] [M]: 0x0000000080000A10 (0x00B21213) slli x4, x4, 0xb                         inst_29+16
x4 <- 0xFFEFEFAF6F2EE800

clint mtime 0x0000000000000143 (mip.MTI <- 0b1, mip.STI <- 0b0)
mem[X,0x0000000080000A14] -> 0x0213
mem[X,0x0000000080000A16] -> 0x6AE2
[646] [M]: 0x0000000080000A14 (0x6AE20213) addi x4, x4, 0x6ae                       inst_29+20
x4 <- 0xFFEFEFAF6F2EEEAE

mem[X,0x0000000080000A18] -> 0x1213
mem[X,0x0000000080000A1A] -> 0x00A2
[647] [M]: 0x0000000080000A18 (0x00A21213) slli x4, x4, 0xa                         inst_29+24
x4 <- 0xBFBEBDBCBBBAB800

clint mtime 0x0000000000000144 (mip.MTI <- 0b1, mip.STI <- 0b0)
mem[X,0x0000000080000A1C] -> 0x0213
mem[X,0x0000000080000A1E] -> 0x1B82
[648] [M]: 0x0000000080000A1C (0x1B820213) addi x4, x4, 0x1b8                       inst_29+28
x4 <- 0xBFBEBDBCBBBAB9B8

mem[X,0x0000000080000A20] -> 0xB1B7
mem[X,0x0000000080000A22] -> 0xB7B6
[649] [M]: 0x0000000080000A20 (0xB7B6B1B7) lui x3, -0x48495                         inst_29+32
x3 <- 0xFFFFFFFFB7B6B000

clint mtime 0x0000000000000145 (mip.MTI <- 0b1, mip.STI <- 0b0)
mem[X,0x0000000080000A24] -> 0x8193
mem[X,0x0000000080000A26] -> 0x5B41
[650] [M]: 0x0000000080000A24 (0x5B418193) addi x3, x3, 0x5b4                       inst_29+36
x3 <- 0xFFFFFFFFB7B6B5B4

mem[X,0x0000000080000A28] -> 0x9193
mem[X,0x0000000080000A2A] -> 0x00B1
[651] [M]: 0x0000000080000A28 (0x00B19193) slli x3, x3, 0xb                         inst_29+40
x3 <- 0xFFFFFDBDB5ADA000

clint mtime 0x0000000000000146 (mip.MTI <- 0b1, mip.STI <- 0b0)
mem[X,0x0000000080000A2C] -> 0x8193
mem[X,0x0000000080000A2E] -> 0x59D1
[652] [M]: 0x0000000080000A2C (0x59D18193) addi x3, x3, 0x59d                       inst_29+44
x3 <- 0xFFFFFDBDB5ADA59D

mem[X,0x0000000080000A30] -> 0x9193
mem[X,0x0000000080000A32] -> 0x00B1
[653] [M]: 0x0000000080000A30 (0x00B19193) slli x3, x3, 0xb                         inst_29+48
x3 <- 0xFFEDEDAD6D2CE800

clint mtime 0x0000000000000147 (mip.MTI <- 0b1, mip.STI <- 0b0)
mem[X,0x0000000080000A34] -> 0x8193
mem[X,0x0000000080000A36] -> 0x4AC1
[654] [M]: 0x0000000080000A34 (0x4AC18193) addi x3, x3, 0x4ac                       inst_29+52
x3 <- 0xFFEDEDAD6D2CECAC

mem[X,0x0000000080000A38] -> 0x9193
mem[X,0x0000000080000A3A] -> 0x00A1
[655] [M]: 0x0000000080000A38 (0x00A19193) slli x3, x3, 0xa                         inst_29+56
x3 <- 0xB7B6B5B4B3B2B000

clint mtime 0x0000000000000148 (mip.MTI <- 0b1, mip.STI <- 0b0)
mem[X,0x0000000080000A3C] -> 0x8193
mem[X,0x0000000080000A3E] -> 0x1B01
[656] [M]: 0x0000000080000A3C (0x1B018193) addi x3, x3, 0x1b0                       inst_29+60
x3 <- 0xB7B6B5B4B3B2B1B0

mem[X,0x0000000080000A40] -> 0x0133
mem[X,0x0000000080000A42] -> 0x3E32
[657] [M]: 0x0000000080000A40 (0x3E320133) aes64dsm x2, x4, x3                      inst_29+64
x2 <- 0x2E6C87544EE97752

clint mtime 0x0000000000000149 (mip.MTI <- 0b1, mip.STI <- 0b0)
mem[X,0x0000000080000A44] -> 0x3023
mem[X,0x0000000080000A46] -> 0x0224
[658] [M]: 0x0000000080000A44 (0x02243023) sd x2, 0x20(x8)                          inst_29+68
mem[W,0x0000000080004200] <- 0x2E6C87544EE97752

mem[X,0x0000000080000A48] -> 0xB0B7
mem[X,0x0000000080000A4A] -> 0xB7B6
[659] [M]: 0x0000000080000A48 (0xB7B6B0B7) lui x1, -0x48495                         inst_30+0
x1 <- 0xFFFFFFFFB7B6B000

clint mtime 0x000000000000014A (mip.MTI <- 0b1, mip.STI <- 0b0)
mem[X,0x0000000080000A4C] -> 0x8093
mem[X,0x0000000080000A4E] -> 0x5B40
[660] [M]: 0x0000000080000A4C (0x5B408093) addi x1, x1, 0x5b4                       inst_30+4
x1 <- 0xFFFFFFFFB7B6B5B4

mem[X,0x0000000080000A50] -> 0x9093
mem[X,0x0000000080000A52] -> 0x00B0
[661] [M]: 0x0000000080000A50 (0x00B09093) slli x1, x1, 0xb                         inst_30+8
x1 <- 0xFFFFFDBDB5ADA000

clint mtime 0x000000000000014B (mip.MTI <- 0b1, mip.STI <- 0b0)
mem[X,0x0000000080000A54] -> 0x8093
mem[X,0x0000000080000A56] -> 0x59D0
[662] [M]: 0x0000000080000A54 (0x59D08093) addi x1, x1, 0x59d                       inst_30+12
x1 <- 0xFFFFFDBDB5ADA59D

mem[X,0x0000000080000A58] -> 0x9093
mem[X,0x0000000080000A5A] -> 0x00B0
[663] [M]: 0x0000000080000A58 (0x00B09093) slli x1, x1, 0xb                         inst_30+16
x1 <- 0xFFEDEDAD6D2CE800

clint mtime 0x000000000000014C (mip.MTI <- 0b1, mip.STI <- 0b0)
mem[X,0x0000000080000A5C] -> 0x8093
mem[X,0x0000000080000A5E] -> 0x4AC0
[664] [M]: 0x0000000080000A5C (0x4AC08093) addi x1, x1, 0x4ac                       inst_30+20
x1 <- 0xFFEDEDAD6D2CECAC

mem[X,0x0000000080000A60] -> 0x9093
mem[X,0x0000000080000A62] -> 0x00A0
[665] [M]: 0x0000000080000A60 (0x00A09093) slli x1, x1, 0xa                         inst_30+24
x1 <- 0xB7B6B5B4B3B2B000

clint mtime 0x000000000000014D (mip.MTI <- 0b1, mip.STI <- 0b0)
mem[X,0x0000000080000A64] -> 0x8093
mem[X,0x0000000080000A66] -> 0x1B00
[666] [M]: 0x0000000080000A64 (0x1B008093) addi x1, x1, 0x1b0                       inst_30+28
x1 <- 0xB7B6B5B4B3B2B1B0

mem[X,0x0000000080000A68] -> 0xCF37
mem[X,0x0000000080000A6A] -> 0xBFBE
[667] [M]: 0x0000000080000A68 (0xBFBECF37) lui x30, -0x40414                        inst_30+32
x30 <- 0xFFFFFFFFBFBEC000

clint mtime 0x000000000000014E (mip.MTI <- 0b1, mip.STI <- 0b0)
mem[X,0x0000000080000A6C] -> 0x0F13
mem[X,0x0000000080000A6E] -> 0xDBCF
[668] [M]: 0x0000000080000A6C (0xDBCF0F13) addi x30, x30, -0x244                    inst_30+36
x30 <- 0xFFFFFFFFBFBEBDBC

mem[X,0x0000000080000A70] -> 0x1F13
mem[X,0x0000000080000A72] -> 0x00BF
[669] [M]: 0x0000000080000A70 (0x00BF1F13) slli x30, x30, 0xb                       inst_30+40
x30 <- 0xFFFFFDFDF5EDE000

clint mtime 0x000000000000014F (mip.MTI <- 0b1, mip.STI <- 0b0)
mem[X,0x0000000080000A74] -> 0x0F13
mem[X,0x0000000080000A76] -> 0x5DDF
[670] [M]: 0x0000000080000A74 (0x5DDF0F13) addi x30, x30, 0x5dd                     inst_30+44
x30 <- 0xFFFFFDFDF5EDE5DD

mem[X,0x0000000080000A78] -> 0x1F13
mem[X,0x0000000080000A7A] -> 0x00BF
[671] [M]: 0x0000000080000A78 (0x00BF1F13) slli x30, x30, 0xb                       inst_30+48
x30 <- 0xFFEFEFAF6F2EE800

clint mtime 0x0000000000000150 (mip.MTI <- 0b1, mip.STI <- 0b0)
mem[X,0x0000000080000A7C] -> 0x0F13
mem[X,0x0000000080000A7E] -> 0x6AEF
[672] [M]: 0x0000000080000A7C (0x6AEF0F13) addi x30, x30, 0x6ae                     inst_30+52
x30 <- 0xFFEFEFAF6F2EEEAE

mem[X,0x0000000080000A80] -> 0x1F13
mem[X,0x0000000080000A82] -> 0x00AF
[673] [M]: 0x0000000080000A80 (0x00AF1F13) slli x30, x30, 0xa                       inst_30+56
x30 <- 0xBFBEBDBCBBBAB800

clint mtime 0x0000000000000151 (mip.MTI <- 0b1, mip.STI <- 0b0)
mem[X,0x0000000080000A84] -> 0x0F13
mem[X,0x0000000080000A86] -> 0x1B8F
[674] [M]: 0x0000000080000A84 (0x1B8F0F13) addi x30, x30, 0x1b8                     inst_30+60
x30 <- 0xBFBEBDBCBBBAB9B8

mem[X,0x0000000080000A88] -> 0x8FB3
mem[X,0x0000000080000A8A] -> 0x3FE0
[675] [M]: 0x0000000080000A88 (0x3FE08FB3) aes64dsm x31, x1, x30                    inst_30+64
x31 <- 0x97C0573419E84D6D

clint mtime 0x0000000000000152 (mip.MTI <- 0b1, mip.STI <- 0b0)
mem[X,0x0000000080000A8C] -> 0x3423
mem[X,0x0000000080000A8E] -> 0x03F4
[676] [M]: 0x0000000080000A8C (0x03F43423) sd x31, 0x28(x8)                         inst_30+68
mem[W,0x0000000080004208] <- 0x97C0573419E84D6D

mem[X,0x0000000080000A90] -> 0x0013
mem[X,0x0000000080000A92] -> 0x0000
[677] [M]: 0x0000000080000A90 (0x00000013) addi x0, x0, 0x0                         inst_31+0

clint mtime 0x0000000000000153 (mip.MTI <- 0b1, mip.STI <- 0b0)
mem[X,0x0000000080000A94] -> 0xAF37
mem[X,0x0000000080000A96] -> 0xA7A6
[678] [M]: 0x0000000080000A94 (0xA7A6AF37) lui x30, -0x58596                        inst_31+4
x30 <- 0xFFFFFFFFA7A6A000

mem[X,0x0000000080000A98] -> 0x0F13
mem[X,0x0000000080000A9A] -> 0x5A4F
[679] [M]: 0x0000000080000A98 (0x5A4F0F13) addi x30, x30, 0x5a4                     inst_31+8
x30 <- 0xFFFFFFFFA7A6A5A4

clint mtime 0x0000000000000154 (mip.MTI <- 0b1, mip.STI <- 0b0)
mem[X,0x0000000080000A9C] -> 0x1F13
mem[X,0x0000000080000A9E] -> 0x00BF
[680] [M]: 0x0000000080000A9C (0x00BF1F13) slli x30, x30, 0xb                       inst_31+12
x30 <- 0xFFFFFD3D352D2000

mem[X,0x0000000080000AA0] -> 0x0F13
mem[X,0x0000000080000AA2] -> 0x51DF
[681] [M]: 0x0000000080000AA0 (0x51DF0F13) addi x30, x30, 0x51d                     inst_31+16
x30 <- 0xFFFFFD3D352D251D

clint mtime 0x0000000000000155 (mip.MTI <- 0b1, mip.STI <- 0b0)
mem[X,0x0000000080000AA4] -> 0x1F13
mem[X,0x0000000080000AA6] -> 0x00BF
[682] [M]: 0x0000000080000AA4 (0x00BF1F13) slli x30, x30, 0xb                       inst_31+20
x30 <- 0xFFE9E9A96928E800

mem[X,0x0000000080000AA8] -> 0x0F13
mem[X,0x0000000080000AAA] -> 0x0A8F
[683] [M]: 0x0000000080000AA8 (0x0A8F0F13) addi x30, x30, 0xa8                      inst_31+24
x30 <- 0xFFE9E9A96928E8A8

clint mtime 0x0000000000000156 (mip.MTI <- 0b1, mip.STI <- 0b0)
mem[X,0x0000000080000AAC] -> 0x1F13
mem[X,0x0000000080000AAE] -> 0x00AF
[684] [M]: 0x0000000080000AAC (0x00AF1F13) slli x30, x30, 0xa                       inst_31+28
x30 <- 0xA7A6A5A4A3A2A000

mem[X,0x0000000080000AB0] -> 0x0F13
mem[X,0x0000000080000AB2] -> 0x1A0F
[685] [M]: 0x0000000080000AB0 (0x1A0F0F13) addi x30, x30, 0x1a0                     inst_31+32
x30 <- 0xA7A6A5A4A3A2A1A0

clint mtime 0x0000000000000157 (mip.MTI <- 0b1, mip.STI <- 0b0)
mem[X,0x0000000080000AB4] -> 0x0FB3
mem[X,0x0000000080000AB6] -> 0x3FE0
[686] [M]: 0x0000000080000AB4 (0x3FE00FB3) aes64dsm x31, x0, x30                    inst_31+36
x31 <- 0xD8BF885B1501082F

mem[X,0x0000000080000AB8] -> 0x3823
mem[X,0x0000000080000ABA] -> 0x03F4
[687] [M]: 0x0000000080000AB8 (0x03F43823) sd x31, 0x30(x8)                         inst_31+40
mem[W,0x0000000080004210] <- 0xD8BF885B1501082F

clint mtime 0x0000000000000158 (mip.MTI <- 0b1, mip.STI <- 0b0)
mem[X,0x0000000080000ABC] -> 0xAF37
mem[X,0x0000000080000ABE] -> 0xA7A6
[688] [M]: 0x0000000080000ABC (0xA7A6AF37) lui x30, -0x58596                        inst_32+0
x30 <- 0xFFFFFFFFA7A6A000

mem[X,0x0000000080000AC0] -> 0x0F13
mem[X,0x0000000080000AC2] -> 0x5A4F
[689] [M]: 0x0000000080000AC0 (0x5A4F0F13) addi x30, x30, 0x5a4                     inst_32+4
x30 <- 0xFFFFFFFFA7A6A5A4

clint mtime 0x0000000000000159 (mip.MTI <- 0b1, mip.STI <- 0b0)
mem[X,0x0000000080000AC4] -> 0x1F13
mem[X,0x0000000080000AC6] -> 0x00BF
[690] [M]: 0x0000000080000AC4 (0x00BF1F13) slli x30, x30, 0xb                       inst_32+8
x30 <- 0xFFFFFD3D352D2000

mem[X,0x0000000080000AC8] -> 0x0F13
mem[X,0x0000000080000ACA] -> 0x51DF
[691] [M]: 0x0000000080000AC8 (0x51DF0F13) addi x30, x30, 0x51d                     inst_32+12
x30 <- 0xFFFFFD3D352D251D

clint mtime 0x000000000000015A (mip.MTI <- 0b1, mip.STI <- 0b0)
mem[X,0x0000000080000ACC] -> 0x1F13
mem[X,0x0000000080000ACE] -> 0x00BF
[692] [M]: 0x0000000080000ACC (0x00BF1F13) slli x30, x30, 0xb                       inst_32+16
x30 <- 0xFFE9E9A96928E800

mem[X,0x0000000080000AD0] -> 0x0F13
mem[X,0x0000000080000AD2] -> 0x0A8F
[693] [M]: 0x0000000080000AD0 (0x0A8F0F13) addi x30, x30, 0xa8                      inst_32+20
x30 <- 0xFFE9E9A96928E8A8

clint mtime 0x000000000000015B (mip.MTI <- 0b1, mip.STI <- 0b0)
mem[X,0x0000000080000AD4] -> 0x1F13
mem[X,0x0000000080000AD6] -> 0x00AF
[694] [M]: 0x0000000080000AD4 (0x00AF1F13) slli x30, x30, 0xa                       inst_32+24
x30 <- 0xA7A6A5A4A3A2A000

mem[X,0x0000000080000AD8] -> 0x0F13
mem[X,0x0000000080000ADA] -> 0x1A0F
[695] [M]: 0x0000000080000AD8 (0x1A0F0F13) addi x30, x30, 0x1a0                     inst_32+28
x30 <- 0xA7A6A5A4A3A2A1A0

clint mtime 0x000000000000015C (mip.MTI <- 0b1, mip.STI <- 0b0)
mem[X,0x0000000080000ADC] -> 0xB0B7
mem[X,0x0000000080000ADE] -> 0xAFAE
[696] [M]: 0x0000000080000ADC (0xAFAEB0B7) lui x1, -0x50515                         inst_32+32
x1 <- 0xFFFFFFFFAFAEB000

mem[X,0x0000000080000AE0] -> 0x8093
mem[X,0x0000000080000AE2] -> 0xDAC0
[697] [M]: 0x0000000080000AE0 (0xDAC08093) addi x1, x1, -0x254                      inst_32+36
x1 <- 0xFFFFFFFFAFAEADAC

clint mtime 0x000000000000015D (mip.MTI <- 0b1, mip.STI <- 0b0)
mem[X,0x0000000080000AE4] -> 0x9093
mem[X,0x0000000080000AE6] -> 0x00B0
[698] [M]: 0x0000000080000AE4 (0x00B09093) slli x1, x1, 0xb                         inst_32+40
x1 <- 0xFFFFFD7D756D6000

mem[X,0x0000000080000AE8] -> 0x8093
mem[X,0x0000000080000AEA] -> 0x55D0
[699] [M]: 0x0000000080000AE8 (0x55D08093) addi x1, x1, 0x55d                       inst_32+44
x1 <- 0xFFFFFD7D756D655D

clint mtime 0x000000000000015E (mip.MTI <- 0b1, mip.STI <- 0b0)
mem[X,0x0000000080000AEC] -> 0x9093
mem[X,0x0000000080000AEE] -> 0x00B0
[700] [M]: 0x0000000080000AEC (0x00B09093) slli x1, x1, 0xb                         inst_32+48
x1 <- 0xFFEBEBAB6B2AE800

mem[X,0x0000000080000AF0] -> 0x8093
mem[X,0x0000000080000AF2] -> 0x2AA0
[701] [M]: 0x0000000080000AF0 (0x2AA08093) addi x1, x1, 0x2aa                       inst_32+52
x1 <- 0xFFEBEBAB6B2AEAAA

clint mtime 0x000000000000015F (mip.MTI <- 0b1, mip.STI <- 0b0)
mem[X,0x0000000080000AF4] -> 0x9093
mem[X,0x0000000080000AF6] -> 0x00A0
[702] [M]: 0x0000000080000AF4 (0x00A09093) slli x1, x1, 0xa                         inst_32+56
x1 <- 0xAFAEADACABAAA800

mem[X,0x0000000080000AF8] -> 0x8093
mem[X,0x0000000080000AFA] -> 0x1A80
[703] [M]: 0x0000000080000AF8 (0x1A808093) addi x1, x1, 0x1a8                       inst_32+60
x1 <- 0xAFAEADACABAAA9A8

clint mtime 0x0000000000000160 (mip.MTI <- 0b1, mip.STI <- 0b0)
mem[X,0x0000000080000AFC] -> 0x0FB3
mem[X,0x0000000080000AFE] -> 0x3E1F
[704] [M]: 0x0000000080000AFC (0x3E1F0FB3) aes64dsm x31, x30, x1                    inst_32+64
x31 <- 0x73F534EE1F58FD0E

mem[X,0x0000000080000B00] -> 0x3C23
mem[X,0x0000000080000B02] -> 0x03F4
[705] [M]: 0x0000000080000B00 (0x03F43C23) sd x31, 0x38(x8)                         inst_32+68
mem[W,0x0000000080004218] <- 0x73F534EE1F58FD0E

clint mtime 0x0000000000000161 (mip.MTI <- 0b1, mip.STI <- 0b0)
mem[X,0x0000000080000B04] -> 0xAF37
mem[X,0x0000000080000B06] -> 0x9F9E
[706] [M]: 0x0000000080000B04 (0x9F9EAF37) lui x30, -0x60616                        inst_33+0
x30 <- 0xFFFFFFFF9F9EA000

mem[X,0x0000000080000B08] -> 0x0F13
mem[X,0x0000000080000B0A] -> 0xD9CF
[707] [M]: 0x0000000080000B08 (0xD9CF0F13) addi x30, x30, -0x264                    inst_33+4
x30 <- 0xFFFFFFFF9F9E9D9C

clint mtime 0x0000000000000162 (mip.MTI <- 0b1, mip.STI <- 0b0)
mem[X,0x0000000080000B0C] -> 0x1F13
mem[X,0x0000000080000B0E] -> 0x00BF
[708] [M]: 0x0000000080000B0C (0x00BF1F13) slli x30, x30, 0xb                       inst_33+8
x30 <- 0xFFFFFCFCF4ECE000

mem[X,0x0000000080000B10] -> 0x0F13
mem[X,0x0000000080000B12] -> 0x4DCF
[709] [M]: 0x0000000080000B10 (0x4DCF0F13) addi x30, x30, 0x4dc                     inst_33+12
x30 <- 0xFFFFFCFCF4ECE4DC

clint mtime 0x0000000000000163 (mip.MTI <- 0b1, mip.STI <- 0b0)
mem[X,0x0000000080000B14] -> 0x1F13
mem[X,0x0000000080000B16] -> 0x00BF
[710] [M]: 0x0000000080000B14 (0x00BF1F13) slli x30, x30, 0xb                       inst_33+16
x30 <- 0xFFE7E7A76726E000

mem[X,0x0000000080000B18] -> 0x0F13
mem[X,0x0000000080000B1A] -> 0x6A6F
[711] [M]: 0x0000000080000B18 (0x6A6F0F13) addi x30, x30, 0x6a6                     inst_33+20
x30 <- 0xFFE7E7A76726E6A6

clint mtime 0x0000000000000164 (mip.MTI <- 0b1, mip.STI <- 0b0)
mem[X,0x0000000080000B1C] -> 0x1F13
mem[X,0x0000000080000B1E] -> 0x00AF
[712] [M]: 0x0000000080000B1C (0x00AF1F13) slli x30, x30, 0xa                       inst_33+24
x30 <- 0x9F9E9D9C9B9A9800

mem[X,0x0000000080000B20] -> 0x0F13
mem[X,0x0000000080000B22] -> 0x198F
[713] [M]: 0x0000000080000B20 (0x198F0F13) addi x30, x30, 0x198                     inst_33+28
x30 <- 0x9F9E9D9C9B9A9998

clint mtime 0x0000000000000165 (mip.MTI <- 0b1, mip.STI <- 0b0)
mem[X,0x0000000080000B24] -> 0x0013
mem[X,0x0000000080000B26] -> 0x0000
[714] [M]: 0x0000000080000B24 (0x00000013) addi x0, x0, 0x0                         inst_33+32

mem[X,0x0000000080000B28] -> 0x0FB3
mem[X,0x0000000080000B2A] -> 0x3E0F
[715] [M]: 0x0000000080000B28 (0x3E0F0FB3) aes64dsm x31, x30, x0                    inst_33+36
x31 <- 0xD8FDA2621D5C22EF

clint mtime 0x0000000000000166 (mip.MTI <- 0b1, mip.STI <- 0b0)
mem[X,0x0000000080000B2C] -> 0x3023
mem[X,0x0000000080000B2E] -> 0x05F4
[716] [M]: 0x0000000080000B2C (0x05F43023) sd x31, 0x40(x8)                         inst_33+40
mem[W,0x0000000080004220] <- 0xD8FDA2621D5C22EF

mem[X,0x0000000080000B30] -> 0x9FB7
mem[X,0x0000000080000B32] -> 0x9796
[717] [M]: 0x0000000080000B30 (0x97969FB7) lui x31, -0x68697                        inst_34+0
x31 <- 0xFFFFFFFF97969000

clint mtime 0x0000000000000167 (mip.MTI <- 0b1, mip.STI <- 0b0)
mem[X,0x0000000080000B34] -> 0x8F93
mem[X,0x0000000080000B36] -> 0x594F
[718] [M]: 0x0000000080000B34 (0x594F8F93) addi x31, x31, 0x594                     inst_34+4
x31 <- 0xFFFFFFFF97969594

mem[X,0x0000000080000B38] -> 0x9F93
mem[X,0x0000000080000B3A] -> 0x00BF
[719] [M]: 0x0000000080000B38 (0x00BF9F93) slli x31, x31, 0xb                       inst_34+8
x31 <- 0xFFFFFCBCB4ACA000

clint mtime 0x0000000000000168 (mip.MTI <- 0b1, mip.STI <- 0b0)
mem[X,0x0000000080000B3C] -> 0x8F93
mem[X,0x0000000080000B3E] -> 0x49CF
[720] [M]: 0x0000000080000B3C (0x49CF8F93) addi x31, x31, 0x49c                     inst_34+12
x31 <- 0xFFFFFCBCB4ACA49C

mem[X,0x0000000080000B40] -> 0x9F93
mem[X,0x0000000080000B42] -> 0x00BF
[721] [M]: 0x0000000080000B40 (0x00BF9F93) slli x31, x31, 0xb                       inst_34+16
x31 <- 0xFFE5E5A56524E000

clint mtime 0x0000000000000169 (mip.MTI <- 0b1, mip.STI <- 0b0)
mem[X,0x0000000080000B44] -> 0x8F93
mem[X,0x0000000080000B46] -> 0x4A4F
[722] [M]: 0x0000000080000B44 (0x4A4F8F93) addi x31, x31, 0x4a4                     inst_34+20
x31 <- 0xFFE5E5A56524E4A4

mem[X,0x0000000080000B48] -> 0x9F93
mem[X,0x0000000080000B4A] -> 0x00AF
[723] [M]: 0x0000000080000B48 (0x00AF9F93) slli x31, x31, 0xa                       inst_34+24
x31 <- 0x9796959493929000

clint mtime 0x000000000000016A (mip.MTI <- 0b1, mip.STI <- 0b0)
mem[X,0x0000000080000B4C] -> 0x8F93
mem[X,0x0000000080000B4E] -> 0x190F
[724] [M]: 0x0000000080000B4C (0x190F8F93) addi x31, x31, 0x190                     inst_34+28
x31 <- 0x9796959493929190

mem[X,0x0000000080000B50] -> 0xAF37
mem[X,0x0000000080000B52] -> 0x9F9E
[725] [M]: 0x0000000080000B50 (0x9F9EAF37) lui x30, -0x60616                        inst_34+32
x30 <- 0xFFFFFFFF9F9EA000

clint mtime 0x000000000000016B (mip.MTI <- 0b1, mip.STI <- 0b0)
mem[X,0x0000000080000B54] -> 0x0F13
mem[X,0x0000000080000B56] -> 0xD9CF
[726] [M]: 0x0000000080000B54 (0xD9CF0F13) addi x30, x30, -0x264                    inst_34+36
x30 <- 0xFFFFFFFF9F9E9D9C

mem[X,0x0000000080000B58] -> 0x1F13
mem[X,0x0000000080000B5A] -> 0x00BF
[727] [M]: 0x0000000080000B58 (0x00BF1F13) slli x30, x30, 0xb                       inst_34+40
x30 <- 0xFFFFFCFCF4ECE000

clint mtime 0x000000000000016C (mip.MTI <- 0b1, mip.STI <- 0b0)
mem[X,0x0000000080000B5C] -> 0x0F13
mem[X,0x0000000080000B5E] -> 0x4DCF
[728] [M]: 0x0000000080000B5C (0x4DCF0F13) addi x30, x30, 0x4dc                     inst_34+44
x30 <- 0xFFFFFCFCF4ECE4DC

mem[X,0x0000000080000B60] -> 0x1F13
mem[X,0x0000000080000B62] -> 0x00BF
[729] [M]: 0x0000000080000B60 (0x00BF1F13) slli x30, x30, 0xb                       inst_34+48
x30 <- 0xFFE7E7A76726E000

clint mtime 0x000000000000016D (mip.MTI <- 0b1, mip.STI <- 0b0)
mem[X,0x0000000080000B64] -> 0x0F13
mem[X,0x0000000080000B66] -> 0x6A6F
[730] [M]: 0x0000000080000B64 (0x6A6F0F13) addi x30, x30, 0x6a6                     inst_34+52
x30 <- 0xFFE7E7A76726E6A6

mem[X,0x0000000080000B68] -> 0x1F13
mem[X,0x0000000080000B6A] -> 0x00AF
[731] [M]: 0x0000000080000B68 (0x00AF1F13) slli x30, x30, 0xa                       inst_34+56
x30 <- 0x9F9E9D9C9B9A9800

clint mtime 0x000000000000016E (mip.MTI <- 0b1, mip.STI <- 0b0)
mem[X,0x0000000080000B6C] -> 0x0F13
mem[X,0x0000000080000B6E] -> 0x198F
[732] [M]: 0x0000000080000B6C (0x198F0F13) addi x30, x30, 0x198                     inst_34+60
x30 <- 0x9F9E9D9C9B9A9998

mem[X,0x0000000080000B70] -> 0x80B3
mem[X,0x0000000080000B72] -> 0x3FEF
[733] [M]: 0x0000000080000B70 (0x3FEF80B3) aes64dsm x1, x31, x30                    inst_34+64
x1 <- 0x4CE0F020A115F316

clint mtime 0x000000000000016F (mip.MTI <- 0b1, mip.STI <- 0b0)
mem[X,0x0000000080000B74] -> 0x3423
mem[X,0x0000000080000B76] -> 0x0414
[734] [M]: 0x0000000080000B74 (0x04143423) sd x1, 0x48(x8)                          inst_34+68
mem[W,0x0000000080004228] <- 0x4CE0F020A115F316

mem[X,0x0000000080000B78] -> 0x9FB7
mem[X,0x0000000080000B7A] -> 0x8F8E
[735] [M]: 0x0000000080000B78 (0x8F8E9FB7) lui x31, -0x70717                        inst_35+0
x31 <- 0xFFFFFFFF8F8E9000

clint mtime 0x0000000000000170 (mip.MTI <- 0b1, mip.STI <- 0b0)
mem[X,0x0000000080000B7C] -> 0x8F93
mem[X,0x0000000080000B7E] -> 0xD8CF
[736] [M]: 0x0000000080000B7C (0xD8CF8F93) addi x31, x31, -0x274                    inst_35+4
x31 <- 0xFFFFFFFF8F8E8D8C

mem[X,0x0000000080000B80] -> 0x9F93
mem[X,0x0000000080000B82] -> 0x00BF
[737] [M]: 0x0000000080000B80 (0x00BF9F93) slli x31, x31, 0xb                       inst_35+8
x31 <- 0xFFFFFC7C746C6000

clint mtime 0x0000000000000171 (mip.MTI <- 0b1, mip.STI <- 0b0)
mem[X,0x0000000080000B84] -> 0x8F93
mem[X,0x0000000080000B86] -> 0x45CF
[738] [M]: 0x0000000080000B84 (0x45CF8F93) addi x31, x31, 0x45c                     inst_35+12
x31 <- 0xFFFFFC7C746C645C

mem[X,0x0000000080000B88] -> 0x9F93
mem[X,0x0000000080000B8A] -> 0x00BF
[739] [M]: 0x0000000080000B88 (0x00BF9F93) slli x31, x31, 0xb                       inst_35+16
x31 <- 0xFFE3E3A36322E000

clint mtime 0x0000000000000172 (mip.MTI <- 0b1, mip.STI <- 0b0)
mem[X,0x0000000080000B8C] -> 0x8F93
mem[X,0x0000000080000B8E] -> 0x2A2F
[740] [M]: 0x0000000080000B8C (0x2A2F8F93) addi x31, x31, 0x2a2                     inst_35+20
x31 <- 0xFFE3E3A36322E2A2

mem[X,0x0000000080000B90] -> 0x9F93
mem[X,0x0000000080000B92] -> 0x00AF
[741] [M]: 0x0000000080000B90 (0x00AF9F93) slli x31, x31, 0xa                       inst_35+24
x31 <- 0x8F8E8D8C8B8A8800

clint mtime 0x0000000000000173 (mip.MTI <- 0b1, mip.STI <- 0b0)
mem[X,0x0000000080000B94] -> 0x8F93
mem[X,0x0000000080000B96] -> 0x188F
[742] [M]: 0x0000000080000B94 (0x188F8F93) addi x31, x31, 0x188                     inst_35+28
x31 <- 0x8F8E8D8C8B8A8988

mem[X,0x0000000080000B98] -> 0x8F37
mem[X,0x0000000080000B9A] -> 0x8786
[743] [M]: 0x0000000080000B98 (0x87868F37) lui x30, -0x78798                        inst_35+32
x30 <- 0xFFFFFFFF87868000

clint mtime 0x0000000000000174 (mip.MTI <- 0b1, mip.STI <- 0b0)
mem[X,0x0000000080000B9C] -> 0x0F13
mem[X,0x0000000080000B9E] -> 0x584F
[744] [M]: 0x0000000080000B9C (0x584F0F13) addi x30, x30, 0x584                     inst_35+36
x30 <- 0xFFFFFFFF87868584

mem[X,0x0000000080000BA0] -> 0x1F13
mem[X,0x0000000080000BA2] -> 0x00BF
[745] [M]: 0x0000000080000BA0 (0x00BF1F13) slli x30, x30, 0xb                       inst_35+40
x30 <- 0xFFFFFC3C342C2000

clint mtime 0x0000000000000175 (mip.MTI <- 0b1, mip.STI <- 0b0)
mem[X,0x0000000080000BA4] -> 0x0F13
mem[X,0x0000000080000BA6] -> 0x41CF
[746] [M]: 0x0000000080000BA4 (0x41CF0F13) addi x30, x30, 0x41c                     inst_35+44
x30 <- 0xFFFFFC3C342C241C

mem[X,0x0000000080000BA8] -> 0x1F13
mem[X,0x0000000080000BAA] -> 0x00BF
[747] [M]: 0x0000000080000BA8 (0x00BF1F13) slli x30, x30, 0xb                       inst_35+48
x30 <- 0xFFE1E1A16120E000

clint mtime 0x0000000000000176 (mip.MTI <- 0b1, mip.STI <- 0b0)
mem[X,0x0000000080000BAC] -> 0x0F13
mem[X,0x0000000080000BAE] -> 0x0A0F
[748] [M]: 0x0000000080000BAC (0x0A0F0F13) addi x30, x30, 0xa0                      inst_35+52
x30 <- 0xFFE1E1A16120E0A0

mem[X,0x0000000080000BB0] -> 0x1F13
mem[X,0x0000000080000BB2] -> 0x00AF
[749] [M]: 0x0000000080000BB0 (0x00AF1F13) slli x30, x30, 0xa                       inst_35+56
x30 <- 0x8786858483828000

clint mtime 0x0000000000000177 (mip.MTI <- 0b1, mip.STI <- 0b0)
mem[X,0x0000000080000BB4] -> 0x0F13
mem[X,0x0000000080000BB6] -> 0x180F
[750] [M]: 0x0000000080000BB4 (0x180F0F13) addi x30, x30, 0x180                     inst_35+60
x30 <- 0x8786858483828180

mem[X,0x0000000080000BB8] -> 0x8033
mem[X,0x0000000080000BBA] -> 0x3FEF
[751] [M]: 0x0000000080000BB8 (0x3FEF8033) aes64dsm x0, x31, x30                    inst_35+64

clint mtime 0x0000000000000178 (mip.MTI <- 0b1, mip.STI <- 0b0)
mem[X,0x0000000080000BBC] -> 0x3823
mem[X,0x0000000080000BBE] -> 0x0404
[752] [M]: 0x0000000080000BBC (0x04043823) sd x0, 0x50(x8)                          inst_35+68
mem[W,0x0000000080004230] <- 0x0000000000000000

mem[X,0x0000000080000BC0] -> 0x8F37
mem[X,0x0000000080000BC2] -> 0x8786
[753] [M]: 0x0000000080000BC0 (0x87868F37) lui x30, -0x78798                        inst_36+0
x30 <- 0xFFFFFFFF87868000

clint mtime 0x0000000000000179 (mip.MTI <- 0b1, mip.STI <- 0b0)
mem[X,0x0000000080000BC4] -> 0x0F13
mem[X,0x0000000080000BC6] -> 0x584F
[754] [M]: 0x0000000080000BC4 (0x584F0F13) addi x30, x30, 0x584                     inst_36+4
x30 <- 0xFFFFFFFF87868584

mem[X,0x0000000080000BC8] -> 0x1F13
mem[X,0x0000000080000BCA] -> 0x00BF
[755] [M]: 0x0000000080000BC8 (0x00BF1F13) slli x30, x30, 0xb                       inst_36+8
x30 <- 0xFFFFFC3C342C2000

clint mtime 0x000000000000017A (mip.MTI <- 0b1, mip.STI <- 0b0)
mem[X,0x0000000080000BCC] -> 0x0F13
mem[X,0x0000000080000BCE] -> 0x41CF
[756] [M]: 0x0000000080000BCC (0x41CF0F13) addi x30, x30, 0x41c                     inst_36+12
x30 <- 0xFFFFFC3C342C241C

mem[X,0x0000000080000BD0] -> 0x1F13
mem[X,0x0000000080000BD2] -> 0x00BF
[757] [M]: 0x0000000080000BD0 (0x00BF1F13) slli x30, x30, 0xb                       inst_36+16
x30 <- 0xFFE1E1A16120E000

clint mtime 0x000000000000017B (mip.MTI <- 0b1, mip.STI <- 0b0)
mem[X,0x0000000080000BD4] -> 0x0F13
mem[X,0x0000000080000BD6] -> 0x0A0F
[758] [M]: 0x0000000080000BD4 (0x0A0F0F13) addi x30, x30, 0xa0                      inst_36+20
x30 <- 0xFFE1E1A16120E0A0

mem[X,0x0000000080000BD8] -> 0x1F13
mem[X,0x0000000080000BDA] -> 0x00AF
[759] [M]: 0x0000000080000BD8 (0x00AF1F13) slli x30, x30, 0xa                       inst_36+24
x30 <- 0x8786858483828000

clint mtime 0x000000000000017C (mip.MTI <- 0b1, mip.STI <- 0b0)
mem[X,0x0000000080000BDC] -> 0x0F13
mem[X,0x0000000080000BDE] -> 0x180F
[760] [M]: 0x0000000080000BDC (0x180F0F13) addi x30, x30, 0x180                     inst_36+28
x30 <- 0x8786858483828180

mem[X,0x0000000080000BE0] -> 0x9EB7
mem[X,0x0000000080000BE2] -> 0x8F8E
[761] [M]: 0x0000000080000BE0 (0x8F8E9EB7) lui x29, -0x70717                        inst_36+32
x29 <- 0xFFFFFFFF8F8E9000

clint mtime 0x000000000000017D (mip.MTI <- 0b1, mip.STI <- 0b0)
mem[X,0x0000000080000BE4] -> 0x8E93
mem[X,0x0000000080000BE6] -> 0xD8CE
[762] [M]: 0x0000000080000BE4 (0xD8CE8E93) addi x29, x29, -0x274                    inst_36+36
x29 <- 0xFFFFFFFF8F8E8D8C

mem[X,0x0000000080000BE8] -> 0x9E93
mem[X,0x0000000080000BEA] -> 0x00BE
[763] [M]: 0x0000000080000BE8 (0x00BE9E93) slli x29, x29, 0xb                       inst_36+40
x29 <- 0xFFFFFC7C746C6000

clint mtime 0x000000000000017E (mip.MTI <- 0b1, mip.STI <- 0b0)
mem[X,0x0000000080000BEC] -> 0x8E93
mem[X,0x0000000080000BEE] -> 0x45CE
[764] [M]: 0x0000000080000BEC (0x45CE8E93) addi x29, x29, 0x45c                     inst_36+44
x29 <- 0xFFFFFC7C746C645C

mem[X,0x0000000080000BF0] -> 0x9E93
mem[X,0x0000000080000BF2] -> 0x00BE
[765] [M]: 0x0000000080000BF0 (0x00BE9E93) slli x29, x29, 0xb                       inst_36+48
x29 <- 0xFFE3E3A36322E000

clint mtime 0x000000000000017F (mip.MTI <- 0b1, mip.STI <- 0b0)
mem[X,0x0000000080000BF4] -> 0x8E93
mem[X,0x0000000080000BF6] -> 0x2A2E
[766] [M]: 0x0000000080000BF4 (0x2A2E8E93) addi x29, x29, 0x2a2                     inst_36+52
x29 <- 0xFFE3E3A36322E2A2

mem[X,0x0000000080000BF8] -> 0x9E93
mem[X,0x0000000080000BFA] -> 0x00AE
[767] [M]: 0x0000000080000BF8 (0x00AE9E93) slli x29, x29, 0xa                       inst_36+56
x29 <- 0x8F8E8D8C8B8A8800

clint mtime 0x0000000000000180 (mip.MTI <- 0b1, mip.STI <- 0b0)
mem[X,0x0000000080000BFC] -> 0x8E93
mem[X,0x0000000080000BFE] -> 0x188E
[768] [M]: 0x0000000080000BFC (0x188E8E93) addi x29, x29, 0x188                     inst_36+60
x29 <- 0x8F8E8D8C8B8A8988

mem[X,0x0000000080000C00] -> 0x0FB3
mem[X,0x0000000080000C02] -> 0x3FDF
[769] [M]: 0x0000000080000C00 (0x3FDF0FB3) aes64dsm x31, x30, x29                   inst_36+64
x31 <- 0xB7231F7DB6F8A540

clint mtime 0x0000000000000181 (mip.MTI <- 0b1, mip.STI <- 0b0)
mem[X,0x0000000080000C04] -> 0x3C23
mem[X,0x0000000080000C06] -> 0x05F4
[770] [M]: 0x0000000080000C04 (0x05F43C23) sd x31, 0x58(x8)                         inst_36+68
mem[W,0x0000000080004238] <- 0xB7231F7DB6F8A540

mem[X,0x0000000080000C08] -> 0x8F37
mem[X,0x0000000080000C0A] -> 0x7F7E
[771] [M]: 0x0000000080000C08 (0x7F7E8F37) lui x30, 0x7f7e8                         inst_37+0
x30 <- 0x000000007F7E8000

clint mtime 0x0000000000000182 (mip.MTI <- 0b1, mip.STI <- 0b0)
mem[X,0x0000000080000C0C] -> 0x0F13
mem[X,0x0000000080000C0E] -> 0xD7CF
[772] [M]: 0x0000000080000C0C (0xD7CF0F13) addi x30, x30, -0x284                    inst_37+4
x30 <- 0x000000007F7E7D7C

mem[X,0x0000000080000C10] -> 0x1F13
mem[X,0x0000000080000C12] -> 0x00BF
[773] [M]: 0x0000000080000C10 (0x00BF1F13) slli x30, x30, 0xb                       inst_37+8
x30 <- 0x000003FBF3EBE000

clint mtime 0x0000000000000183 (mip.MTI <- 0b1, mip.STI <- 0b0)
mem[X,0x0000000080000C14] -> 0x0F13
mem[X,0x0000000080000C16] -> 0x3DBF
[774] [M]: 0x0000000080000C14 (0x3DBF0F13) addi x30, x30, 0x3db                     inst_37+12
x30 <- 0x000003FBF3EBE3DB

mem[X,0x0000000080000C18] -> 0x1F13
mem[X,0x0000000080000C1A] -> 0x00BF
[775] [M]: 0x0000000080000C18 (0x00BF1F13) slli x30, x30, 0xb                       inst_37+16
x30 <- 0x001FDF9F5F1ED800

clint mtime 0x0000000000000184 (mip.MTI <- 0b1, mip.STI <- 0b0)
mem[X,0x0000000080000C1C] -> 0x0F13
mem[X,0x0000000080000C1E] -> 0x69EF
[776] [M]: 0x0000000080000C1C (0x69EF0F13) addi x30, x30, 0x69e                     inst_37+20
x30 <- 0x001FDF9F5F1EDE9E

mem[X,0x0000000080000C20] -> 0x1F13
mem[X,0x0000000080000C22] -> 0x00AF
[777] [M]: 0x0000000080000C20 (0x00AF1F13) slli x30, x30, 0xa                       inst_37+24
x30 <- 0x7F7E7D7C7B7A7800

clint mtime 0x0000000000000185 (mip.MTI <- 0b1, mip.STI <- 0b0)
mem[X,0x0000000080000C24] -> 0x0F13
mem[X,0x0000000080000C26] -> 0x178F
[778] [M]: 0x0000000080000C24 (0x178F0F13) addi x30, x30, 0x178                     inst_37+28
x30 <- 0x7F7E7D7C7B7A7978

mem[X,0x0000000080000C28] -> 0x7EB7
mem[X,0x0000000080000C2A] -> 0x7776
[779] [M]: 0x0000000080000C28 (0x77767EB7) lui x29, 0x77767                         inst_37+32
x29 <- 0x0000000077767000

clint mtime 0x0000000000000186 (mip.MTI <- 0b1, mip.STI <- 0b0)
mem[X,0x0000000080000C2C] -> 0x8E93
mem[X,0x0000000080000C2E] -> 0x574E
[780] [M]: 0x0000000080000C2C (0x574E8E93) addi x29, x29, 0x574                     inst_37+36
x29 <- 0x0000000077767574

mem[X,0x0000000080000C30] -> 0x9E93
mem[X,0x0000000080000C32] -> 0x00BE
[781] [M]: 0x0000000080000C30 (0x00BE9E93) slli x29, x29, 0xb                       inst_37+40
x29 <- 0x000003BBB3ABA000

clint mtime 0x0000000000000187 (mip.MTI <- 0b1, mip.STI <- 0b0)
mem[X,0x0000000080000C34] -> 0x8E93
mem[X,0x0000000080000C36] -> 0x39BE
[782] [M]: 0x0000000080000C34 (0x39BE8E93) addi x29, x29, 0x39b                     inst_37+44
x29 <- 0x000003BBB3ABA39B

mem[X,0x0000000080000C38] -> 0x9E93
mem[X,0x0000000080000C3A] -> 0x00BE
[783] [M]: 0x0000000080000C38 (0x00BE9E93) slli x29, x29, 0xb                       inst_37+48
x29 <- 0x001DDD9D5D1CD800

clint mtime 0x0000000000000188 (mip.MTI <- 0b1, mip.STI <- 0b0)
mem[X,0x0000000080000C3C] -> 0x8E93
mem[X,0x0000000080000C3E] -> 0x49CE
[784] [M]: 0x0000000080000C3C (0x49CE8E93) addi x29, x29, 0x49c                     inst_37+52
x29 <- 0x001DDD9D5D1CDC9C

mem[X,0x0000000080000C40] -> 0x9E93
mem[X,0x0000000080000C42] -> 0x00AE
[785] [M]: 0x0000000080000C40 (0x00AE9E93) slli x29, x29, 0xa                       inst_37+56
x29 <- 0x7776757473727000

clint mtime 0x0000000000000189 (mip.MTI <- 0b1, mip.STI <- 0b0)
mem[X,0x0000000080000C44] -> 0x8E93
mem[X,0x0000000080000C46] -> 0x170E
[786] [M]: 0x0000000080000C44 (0x170E8E93) addi x29, x29, 0x170                     inst_37+60
x29 <- 0x7776757473727170

mem[X,0x0000000080000C48] -> 0x0FB3
mem[X,0x0000000080000C4A] -> 0x3FDF
[787] [M]: 0x0000000080000C48 (0x3FDF0FB3) aes64dsm x31, x30, x29                   inst_37+64
x31 <- 0x4D69313BD01A89C8

clint mtime 0x000000000000018A (mip.MTI <- 0b1, mip.STI <- 0b0)
mem[X,0x0000000080000C4C] -> 0x3023
mem[X,0x0000000080000C4E] -> 0x07F4
[788] [M]: 0x0000000080000C4C (0x07F43023) sd x31, 0x60(x8)                         inst_37+68
mem[W,0x0000000080004240] <- 0x4D69313BD01A89C8

mem[X,0x0000000080000C50] -> 0x7F37
mem[X,0x0000000080000C52] -> 0x7776
[789] [M]: 0x0000000080000C50 (0x77767F37) lui x30, 0x77767                         inst_38+0
x30 <- 0x0000000077767000

clint mtime 0x000000000000018B (mip.MTI <- 0b1, mip.STI <- 0b0)
mem[X,0x0000000080000C54] -> 0x0F13
mem[X,0x0000000080000C56] -> 0x574F
[790] [M]: 0x0000000080000C54 (0x574F0F13) addi x30, x30, 0x574                     inst_38+4
x30 <- 0x0000000077767574

mem[X,0x0000000080000C58] -> 0x1F13
mem[X,0x0000000080000C5A] -> 0x00BF
[791] [M]: 0x0000000080000C58 (0x00BF1F13) slli x30, x30, 0xb                       inst_38+8
x30 <- 0x000003BBB3ABA000

clint mtime 0x000000000000018C (mip.MTI <- 0b1, mip.STI <- 0b0)
mem[X,0x0000000080000C5C] -> 0x0F13
mem[X,0x0000000080000C5E] -> 0x39BF
[792] [M]: 0x0000000080000C5C (0x39BF0F13) addi x30, x30, 0x39b                     inst_38+12
x30 <- 0x000003BBB3ABA39B

mem[X,0x0000000080000C60] -> 0x1F13
mem[X,0x0000000080000C62] -> 0x00BF
[793] [M]: 0x0000000080000C60 (0x00BF1F13) slli x30, x30, 0xb                       inst_38+16
x30 <- 0x001DDD9D5D1CD800

clint mtime 0x000000000000018D (mip.MTI <- 0b1, mip.STI <- 0b0)
mem[X,0x0000000080000C64] -> 0x0F13
mem[X,0x0000000080000C66] -> 0x49CF
[794] [M]: 0x0000000080000C64 (0x49CF0F13) addi x30, x30, 0x49c                     inst_38+20
x30 <- 0x001DDD9D5D1CDC9C

mem[X,0x0000000080000C68] -> 0x1F13
mem[X,0x0000000080000C6A] -> 0x00AF
[795] [M]: 0x0000000080000C68 (0x00AF1F13) slli x30, x30, 0xa                       inst_38+24
x30 <- 0x7776757473727000

clint mtime 0x000000000000018E (mip.MTI <- 0b1, mip.STI <- 0b0)
mem[X,0x0000000080000C6C] -> 0x0F13
mem[X,0x0000000080000C6E] -> 0x170F
[796] [M]: 0x0000000080000C6C (0x170F0F13) addi x30, x30, 0x170                     inst_38+28
x30 <- 0x7776757473727170

mem[X,0x0000000080000C70] -> 0x8EB7
mem[X,0x0000000080000C72] -> 0x7F7E
[797] [M]: 0x0000000080000C70 (0x7F7E8EB7) lui x29, 0x7f7e8                         inst_38+32
x29 <- 0x000000007F7E8000

clint mtime 0x000000000000018F (mip.MTI <- 0b1, mip.STI <- 0b0)
mem[X,0x0000000080000C74] -> 0x8E93
mem[X,0x0000000080000C76] -> 0xD7CE
[798] [M]: 0x0000000080000C74 (0xD7CE8E93) addi x29, x29, -0x284                    inst_38+36
x29 <- 0x000000007F7E7D7C

mem[X,0x0000000080000C78] -> 0x9E93
mem[X,0x0000000080000C7A] -> 0x00BE
[799] [M]: 0x0000000080000C78 (0x00BE9E93) slli x29, x29, 0xb                       inst_38+40
x29 <- 0x000003FBF3EBE000

clint mtime 0x0000000000000190 (mip.MTI <- 0b1, mip.STI <- 0b0)
mem[X,0x0000000080000C7C] -> 0x8E93
mem[X,0x0000000080000C7E] -> 0x3DBE
[800] [M]: 0x0000000080000C7C (0x3DBE8E93) addi x29, x29, 0x3db                     inst_38+44
x29 <- 0x000003FBF3EBE3DB

mem[X,0x0000000080000C80] -> 0x9E93
mem[X,0x0000000080000C82] -> 0x00BE
[801] [M]: 0x0000000080000C80 (0x00BE9E93) slli x29, x29, 0xb                       inst_38+48
x29 <- 0x001FDF9F5F1ED800

clint mtime 0x0000000000000191 (mip.MTI <- 0b1, mip.STI <- 0b0)
mem[X,0x0000000080000C84] -> 0x8E93
mem[X,0x0000000080000C86] -> 0x69EE
[802] [M]: 0x0000000080000C84 (0x69EE8E93) addi x29, x29, 0x69e                     inst_38+52
x29 <- 0x001FDF9F5F1EDE9E

mem[X,0x0000000080000C88] -> 0x9E93
mem[X,0x0000000080000C8A] -> 0x00AE
[803] [M]: 0x0000000080000C88 (0x00AE9E93) slli x29, x29, 0xa                       inst_38+56
x29 <- 0x7F7E7D7C7B7A7800

clint mtime 0x0000000000000192 (mip.MTI <- 0b1, mip.STI <- 0b0)
mem[X,0x0000000080000C8C] -> 0x8E93
mem[X,0x0000000080000C8E] -> 0x178E
[804] [M]: 0x0000000080000C8C (0x178E8E93) addi x29, x29, 0x178                     inst_38+60
x29 <- 0x7F7E7D7C7B7A7978

mem[X,0x0000000080000C90] -> 0x0FB3
mem[X,0x0000000080000C92] -> 0x3FDF
[805] [M]: 0x0000000080000C90 (0x3FDF0FB3) aes64dsm x31, x30, x29                   inst_38+64
x31 <- 0x0CA2FD3C48C6A153

clint mtime 0x0000000000000193 (mip.MTI <- 0b1, mip.STI <- 0b0)
mem[X,0x0000000080000C94] -> 0x3423
mem[X,0x0000000080000C96] -> 0x07F4
[806] [M]: 0x0000000080000C94 (0x07F43423) sd x31, 0x68(x8)                         inst_38+68
mem[W,0x0000000080004248] <- 0x0CA2FD3C48C6A153

mem[X,0x0000000080000C98] -> 0x7F37
mem[X,0x0000000080000C9A] -> 0x6F6E
[807] [M]: 0x0000000080000C98 (0x6F6E7F37) lui x30, 0x6f6e7                         inst_39+0
x30 <- 0x000000006F6E7000

clint mtime 0x0000000000000194 (mip.MTI <- 0b1, mip.STI <- 0b0)
mem[X,0x0000000080000C9C] -> 0x0F13
mem[X,0x0000000080000C9E] -> 0xD6CF
[808] [M]: 0x0000000080000C9C (0xD6CF0F13) addi x30, x30, -0x294                    inst_39+4
x30 <- 0x000000006F6E6D6C

mem[X,0x0000000080000CA0] -> 0x1F13
mem[X,0x0000000080000CA2] -> 0x00BF
[809] [M]: 0x0000000080000CA0 (0x00BF1F13) slli x30, x30, 0xb                       inst_39+8
x30 <- 0x0000037B736B6000

clint mtime 0x0000000000000195 (mip.MTI <- 0b1, mip.STI <- 0b0)
mem[X,0x0000000080000CA4] -> 0x0F13
mem[X,0x0000000080000CA6] -> 0x35BF
[810] [M]: 0x0000000080000CA4 (0x35BF0F13) addi x30, x30, 0x35b                     inst_39+12
x30 <- 0x0000037B736B635B

mem[X,0x0000000080000CA8] -> 0x1F13
mem[X,0x0000000080000CAA] -> 0x00BF
[811] [M]: 0x0000000080000CA8 (0x00BF1F13) slli x30, x30, 0xb                       inst_39+16
x30 <- 0x001BDB9B5B1AD800

clint mtime 0x0000000000000196 (mip.MTI <- 0b1, mip.STI <- 0b0)
mem[X,0x0000000080000CAC] -> 0x0F13
mem[X,0x0000000080000CAE] -> 0x29AF
[812] [M]: 0x0000000080000CAC (0x29AF0F13) addi x30, x30, 0x29a                     inst_39+20
x30 <- 0x001BDB9B5B1ADA9A

mem[X,0x0000000080000CB0] -> 0x1F13
mem[X,0x0000000080000CB2] -> 0x00AF
[813] [M]: 0x0000000080000CB0 (0x00AF1F13) slli x30, x30, 0xa                       inst_39+24
x30 <- 0x6F6E6D6C6B6A6800

clint mtime 0x0000000000000197 (mip.MTI <- 0b1, mip.STI <- 0b0)
mem[X,0x0000000080000CB4] -> 0x0F13
mem[X,0x0000000080000CB6] -> 0x168F
[814] [M]: 0x0000000080000CB4 (0x168F0F13) addi x30, x30, 0x168                     inst_39+28
x30 <- 0x6F6E6D6C6B6A6968

mem[X,0x0000000080000CB8] -> 0x6EB7
mem[X,0x0000000080000CBA] -> 0x6766
[815] [M]: 0x0000000080000CB8 (0x67666EB7) lui x29, 0x67666                         inst_39+32
x29 <- 0x0000000067666000

clint mtime 0x0000000000000198 (mip.MTI <- 0b1, mip.STI <- 0b0)
mem[X,0x0000000080000CBC] -> 0x8E93
mem[X,0x0000000080000CBE] -> 0x564E
[816] [M]: 0x0000000080000CBC (0x564E8E93) addi x29, x29, 0x564                     inst_39+36
x29 <- 0x0000000067666564

mem[X,0x0000000080000CC0] -> 0x9E93
mem[X,0x0000000080000CC2] -> 0x00BE
[817] [M]: 0x0000000080000CC0 (0x00BE9E93) slli x29, x29, 0xb                       inst_39+40
x29 <- 0x0000033B332B2000

clint mtime 0x0000000000000199 (mip.MTI <- 0b1, mip.STI <- 0b0)
mem[X,0x0000000080000CC4] -> 0x8E93
mem[X,0x0000000080000CC6] -> 0x31BE
[818] [M]: 0x0000000080000CC4 (0x31BE8E93) addi x29, x29, 0x31b                     inst_39+44
x29 <- 0x0000033B332B231B

mem[X,0x0000000080000CC8] -> 0x9E93
mem[X,0x0000000080000CCA] -> 0x00BE
[819] [M]: 0x0000000080000CC8 (0x00BE9E93) slli x29, x29, 0xb                       inst_39+48
x29 <- 0x0019D9995918D800

clint mtime 0x000000000000019A (mip.MTI <- 0b1, mip.STI <- 0b0)
mem[X,0x0000000080000CCC] -> 0x8E93
mem[X,0x0000000080000CCE] -> 0x098E
[820] [M]: 0x0000000080000CCC (0x098E8E93) addi x29, x29, 0x98                      inst_39+52
x29 <- 0x0019D9995918D898

mem[X,0x0000000080000CD0] -> 0x9E93
mem[X,0x0000000080000CD2] -> 0x00AE
[821] [M]: 0x0000000080000CD0 (0x00AE9E93) slli x29, x29, 0xa                       inst_39+56
x29 <- 0x6766656463626000

clint mtime 0x000000000000019B (mip.MTI <- 0b1, mip.STI <- 0b0)
mem[X,0x0000000080000CD4] -> 0x8E93
mem[X,0x0000000080000CD6] -> 0x160E
[822] [M]: 0x0000000080000CD4 (0x160E8E93) addi x29, x29, 0x160                     inst_39+60
x29 <- 0x6766656463626160

mem[X,0x0000000080000CD8] -> 0x0FB3
mem[X,0x0000000080000CDA] -> 0x3FDF
[823] [M]: 0x0000000080000CD8 (0x3FDF0FB3) aes64dsm x31, x30, x29                   inst_39+64
x31 <- 0x4D42AC2CB616DB9D

clint mtime 0x000000000000019C (mip.MTI <- 0b1, mip.STI <- 0b0)
mem[X,0x0000000080000CDC] -> 0x3823
mem[X,0x0000000080000CDE] -> 0x07F4
[824] [M]: 0x0000000080000CDC (0x07F43823) sd x31, 0x70(x8)                         inst_39+68
mem[W,0x0000000080004250] <- 0x4D42AC2CB616DB9D

mem[X,0x0000000080000CE0] -> 0x6F37
mem[X,0x0000000080000CE2] -> 0x6766
[825] [M]: 0x0000000080000CE0 (0x67666F37) lui x30, 0x67666                         inst_40+0
x30 <- 0x0000000067666000

clint mtime 0x000000000000019D (mip.MTI <- 0b1, mip.STI <- 0b0)
mem[X,0x0000000080000CE4] -> 0x0F13
mem[X,0x0000000080000CE6] -> 0x564F
[826] [M]: 0x0000000080000CE4 (0x564F0F13) addi x30, x30, 0x564                     inst_40+4
x30 <- 0x0000000067666564

mem[X,0x0000000080000CE8] -> 0x1F13
mem[X,0x0000000080000CEA] -> 0x00BF
[827] [M]: 0x0000000080000CE8 (0x00BF1F13) slli x30, x30, 0xb                       inst_40+8
x30 <- 0x0000033B332B2000

clint mtime 0x000000000000019E (mip.MTI <- 0b1, mip.STI <- 0b0)
mem[X,0x0000000080000CEC] -> 0x0F13
mem[X,0x0000000080000CEE] -> 0x31BF
[828] [M]: 0x0000000080000CEC (0x31BF0F13) addi x30, x30, 0x31b                     inst_40+12
x30 <- 0x0000033B332B231B

mem[X,0x0000000080000CF0] -> 0x1F13
mem[X,0x0000000080000CF2] -> 0x00BF
[829] [M]: 0x0000000080000CF0 (0x00BF1F13) slli x30, x30, 0xb                       inst_40+16
x30 <- 0x0019D9995918D800

clint mtime 0x000000000000019F (mip.MTI <- 0b1, mip.STI <- 0b0)
mem[X,0x0000000080000CF4] -> 0x0F13
mem[X,0x0000000080000CF6] -> 0x098F
[830] [M]: 0x0000000080000CF4 (0x098F0F13) addi x30, x30, 0x98                      inst_40+20
x30 <- 0x0019D9995918D898

mem[X,0x0000000080000CF8] -> 0x1F13
mem[X,0x0000000080000CFA] -> 0x00AF
[831] [M]: 0x0000000080000CF8 (0x00AF1F13) slli x30, x30, 0xa                       inst_40+24
x30 <- 0x6766656463626000

clint mtime 0x00000000000001A0 (mip.MTI <- 0b1, mip.STI <- 0b0)
mem[X,0x0000000080000CFC] -> 0x0F13
mem[X,0x0000000080000CFE] -> 0x160F
[832] [M]: 0x0000000080000CFC (0x160F0F13) addi x30, x30, 0x160                     inst_40+28
x30 <- 0x6766656463626160

mem[X,0x0000000080000D00] -> 0x7EB7
mem[X,0x0000000080000D02] -> 0x6F6E
[833] [M]: 0x0000000080000D00 (0x6F6E7EB7) lui x29, 0x6f6e7                         inst_40+32
x29 <- 0x000000006F6E7000

clint mtime 0x00000000000001A1 (mip.MTI <- 0b1, mip.STI <- 0b0)
mem[X,0x0000000080000D04] -> 0x8E93
mem[X,0x0000000080000D06] -> 0xD6CE
[834] [M]: 0x0000000080000D04 (0xD6CE8E93) addi x29, x29, -0x294                    inst_40+36
x29 <- 0x000000006F6E6D6C

mem[X,0x0000000080000D08] -> 0x9E93
mem[X,0x0000000080000D0A] -> 0x00BE
[835] [M]: 0x0000000080000D08 (0x00BE9E93) slli x29, x29, 0xb                       inst_40+40
x29 <- 0x0000037B736B6000

clint mtime 0x00000000000001A2 (mip.MTI <- 0b1, mip.STI <- 0b0)
mem[X,0x0000000080000D0C] -> 0x8E93
mem[X,0x0000000080000D0E] -> 0x35BE
[836] [M]: 0x0000000080000D0C (0x35BE8E93) addi x29, x29, 0x35b                     inst_40+44
x29 <- 0x0000037B736B635B

mem[X,0x0000000080000D10] -> 0x9E93
mem[X,0x0000000080000D12] -> 0x00BE
[837] [M]: 0x0000000080000D10 (0x00BE9E93) slli x29, x29, 0xb                       inst_40+48
x29 <- 0x001BDB9B5B1AD800

clint mtime 0x00000000000001A3 (mip.MTI <- 0b1, mip.STI <- 0b0)
mem[X,0x0000000080000D14] -> 0x8E93
mem[X,0x0000000080000D16] -> 0x29AE
[838] [M]: 0x0000000080000D14 (0x29AE8E93) addi x29, x29, 0x29a                     inst_40+52
x29 <- 0x001BDB9B5B1ADA9A

mem[X,0x0000000080000D18] -> 0x9E93
mem[X,0x0000000080000D1A] -> 0x00AE
[839] [M]: 0x0000000080000D18 (0x00AE9E93) slli x29, x29, 0xa                       inst_40+56
x29 <- 0x6F6E6D6C6B6A6800

clint mtime 0x00000000000001A4 (mip.MTI <- 0b1, mip.STI <- 0b0)
mem[X,0x0000000080000D1C] -> 0x8E93
mem[X,0x0000000080000D1E] -> 0x168E
[840] [M]: 0x0000000080000D1C (0x168E8E93) addi x29, x29, 0x168                     inst_40+60
x29 <- 0x6F6E6D6C6B6A6968

mem[X,0x0000000080000D20] -> 0x0FB3
mem[X,0x0000000080000D22] -> 0x3FDF
[841] [M]: 0x0000000080000D20 (0x3FDF0FB3) aes64dsm x31, x30, x29                   inst_40+64
x31 <- 0xE17814992325780F

clint mtime 0x00000000000001A5 (mip.MTI <- 0b1, mip.STI <- 0b0)
mem[X,0x0000000080000D24] -> 0x3C23
mem[X,0x0000000080000D26] -> 0x07F4
[842] [M]: 0x0000000080000D24 (0x07F43C23) sd x31, 0x78(x8)                         inst_40+68
mem[W,0x0000000080004258] <- 0xE17814992325780F

mem[X,0x0000000080000D28] -> 0x6F37
mem[X,0x0000000080000D2A] -> 0x5F5E
[843] [M]: 0x0000000080000D28 (0x5F5E6F37) lui x30, 0x5f5e6                         inst_41+0
x30 <- 0x000000005F5E6000

clint mtime 0x00000000000001A6 (mip.MTI <- 0b1, mip.STI <- 0b0)
mem[X,0x0000000080000D2C] -> 0x0F13
mem[X,0x0000000080000D2E] -> 0xD5CF
[844] [M]: 0x0000000080000D2C (0xD5CF0F13) addi x30, x30, -0x2a4                    inst_41+4
x30 <- 0x000000005F5E5D5C

mem[X,0x0000000080000D30] -> 0x1F13
mem[X,0x0000000080000D32] -> 0x00BF
[845] [M]: 0x0000000080000D30 (0x00BF1F13) slli x30, x30, 0xb                       inst_41+8
x30 <- 0x000002FAF2EAE000

clint mtime 0x00000000000001A7 (mip.MTI <- 0b1, mip.STI <- 0b0)
mem[X,0x0000000080000D34] -> 0x0F13
mem[X,0x0000000080000D36] -> 0x2DAF
[846] [M]: 0x0000000080000D34 (0x2DAF0F13) addi x30, x30, 0x2da                     inst_41+12
x30 <- 0x000002FAF2EAE2DA

mem[X,0x0000000080000D38] -> 0x1F13
mem[X,0x0000000080000D3A] -> 0x00BF
[847] [M]: 0x0000000080000D38 (0x00BF1F13) slli x30, x30, 0xb                       inst_41+16
x30 <- 0x0017D7975716D000

clint mtime 0x00000000000001A8 (mip.MTI <- 0b1, mip.STI <- 0b0)
mem[X,0x0000000080000D3C] -> 0x0F13
mem[X,0x0000000080000D3E] -> 0x696F
[848] [M]: 0x0000000080000D3C (0x696F0F13) addi x30, x30, 0x696                     inst_41+20
x30 <- 0x0017D7975716D696

mem[X,0x0000000080000D40] -> 0x1F13
mem[X,0x0000000080000D42] -> 0x00AF
[849] [M]: 0x0000000080000D40 (0x00AF1F13) slli x30, x30, 0xa                       inst_41+24
x30 <- 0x5F5E5D5C5B5A5800

clint mtime 0x00000000000001A9 (mip.MTI <- 0b1, mip.STI <- 0b0)
mem[X,0x0000000080000D44] -> 0x0F13
mem[X,0x0000000080000D46] -> 0x158F
[850] [M]: 0x0000000080000D44 (0x158F0F13) addi x30, x30, 0x158                     inst_41+28
x30 <- 0x5F5E5D5C5B5A5958

mem[X,0x0000000080000D48] -> 0x5EB7
mem[X,0x0000000080000D4A] -> 0x5756
[851] [M]: 0x0000000080000D48 (0x57565EB7) lui x29, 0x57565                         inst_41+32
x29 <- 0x0000000057565000

clint mtime 0x00000000000001AA (mip.MTI <- 0b1, mip.STI <- 0b0)
mem[X,0x0000000080000D4C] -> 0x8E93
mem[X,0x0000000080000D4E] -> 0x554E
[852] [M]: 0x0000000080000D4C (0x554E8E93) addi x29, x29, 0x554                     inst_41+36
x29 <- 0x0000000057565554

mem[X,0x0000000080000D50] -> 0x9E93
mem[X,0x0000000080000D52] -> 0x00BE
[853] [M]: 0x0000000080000D50 (0x00BE9E93) slli x29, x29, 0xb                       inst_41+40
x29 <- 0x000002BAB2AAA000

clint mtime 0x00000000000001AB (mip.MTI <- 0b1, mip.STI <- 0b0)
mem[X,0x0000000080000D54] -> 0x8E93
mem[X,0x0000000080000D56] -> 0x29AE
[854] [M]: 0x0000000080000D54 (0x29AE8E93) addi x29, x29, 0x29a                     inst_41+44
x29 <- 0x000002BAB2AAA29A

mem[X,0x0000000080000D58] -> 0x9E93
mem[X,0x0000000080000D5A] -> 0x00BE
[855] [M]: 0x0000000080000D58 (0x00BE9E93) slli x29, x29, 0xb                       inst_41+48
x29 <- 0x0015D5955514D000

clint mtime 0x00000000000001AC (mip.MTI <- 0b1, mip.STI <- 0b0)
mem[X,0x0000000080000D5C] -> 0x8E93
mem[X,0x0000000080000D5E] -> 0x494E
[856] [M]: 0x0000000080000D5C (0x494E8E93) addi x29, x29, 0x494                     inst_41+52
x29 <- 0x0015D5955514D494

mem[X,0x0000000080000D60] -> 0x9E93
mem[X,0x0000000080000D62] -> 0x00AE
[857] [M]: 0x0000000080000D60 (0x00AE9E93) slli x29, x29, 0xa                       inst_41+56
x29 <- 0x5756555453525000

clint mtime 0x00000000000001AD (mip.MTI <- 0b1, mip.STI <- 0b0)
mem[X,0x0000000080000D64] -> 0x8E93
mem[X,0x0000000080000D66] -> 0x150E
[858] [M]: 0x0000000080000D64 (0x150E8E93) addi x29, x29, 0x150                     inst_41+60
x29 <- 0x5756555453525150

mem[X,0x0000000080000D68] -> 0x0FB3
mem[X,0x0000000080000D6A] -> 0x3FDF
[859] [M]: 0x0000000080000D68 (0x3FDF0FB3) aes64dsm x31, x30, x29                   inst_41+64
x31 <- 0x1FBDEC153E39A9D1

clint mtime 0x00000000000001AE (mip.MTI <- 0b1, mip.STI <- 0b0)
mem[X,0x0000000080000D6C] -> 0x3023
mem[X,0x0000000080000D6E] -> 0x09F4
[860] [M]: 0x0000000080000D6C (0x09F43023) sd x31, 0x80(x8)                         inst_41+68
mem[W,0x0000000080004260] <- 0x1FBDEC153E39A9D1

mem[X,0x0000000080000D70] -> 0x5F37
mem[X,0x0000000080000D72] -> 0x5756
[861] [M]: 0x0000000080000D70 (0x57565F37) lui x30, 0x57565                         inst_42+0
x30 <- 0x0000000057565000

clint mtime 0x00000000000001AF (mip.MTI <- 0b1, mip.STI <- 0b0)
mem[X,0x0000000080000D74] -> 0x0F13
mem[X,0x0000000080000D76] -> 0x554F
[862] [M]: 0x0000000080000D74 (0x554F0F13) addi x30, x30, 0x554                     inst_42+4
x30 <- 0x0000000057565554

mem[X,0x0000000080000D78] -> 0x1F13
mem[X,0x0000000080000D7A] -> 0x00BF
[863] [M]: 0x0000000080000D78 (0x00BF1F13) slli x30, x30, 0xb                       inst_42+8
x30 <- 0x000002BAB2AAA000

clint mtime 0x00000000000001B0 (mip.MTI <- 0b1, mip.STI <- 0b0)
mem[X,0x0000000080000D7C] -> 0x0F13
mem[X,0x0000000080000D7E] -> 0x29AF
[864] [M]: 0x0000000080000D7C (0x29AF0F13) addi x30, x30, 0x29a                     inst_42+12
x30 <- 0x000002BAB2AAA29A

mem[X,0x0000000080000D80] -> 0x1F13
mem[X,0x0000000080000D82] -> 0x00BF
[865] [M]: 0x0000000080000D80 (0x00BF1F13) slli x30, x30, 0xb                       inst_42+16
x30 <- 0x0015D5955514D000

clint mtime 0x00000000000001B1 (mip.MTI <- 0b1, mip.STI <- 0b0)
mem[X,0x0000000080000D84] -> 0x0F13
mem[X,0x0000000080000D86] -> 0x494F
[866] [M]: 0x0000000080000D84 (0x494F0F13) addi x30, x30, 0x494                     inst_42+20
x30 <- 0x0015D5955514D494

mem[X,0x0000000080000D88] -> 0x1F13
mem[X,0x0000000080000D8A] -> 0x00AF
[867] [M]: 0x0000000080000D88 (0x00AF1F13) slli x30, x30, 0xa                       inst_42+24
x30 <- 0x5756555453525000

clint mtime 0x00000000000001B2 (mip.MTI <- 0b1, mip.STI <- 0b0)
mem[X,0x0000000080000D8C] -> 0x0F13
mem[X,0x0000000080000D8E] -> 0x150F
[868] [M]: 0x0000000080000D8C (0x150F0F13) addi x30, x30, 0x150                     inst_42+28
x30 <- 0x5756555453525150

mem[X,0x0000000080000D90] -> 0x6EB7
mem[X,0x0000000080000D92] -> 0x5F5E
[869] [M]: 0x0000000080000D90 (0x5F5E6EB7) lui x29, 0x5f5e6                         inst_42+32
x29 <- 0x000000005F5E6000

clint mtime 0x00000000000001B3 (mip.MTI <- 0b1, mip.STI <- 0b0)
mem[X,0x0000000080000D94] -> 0x8E93
mem[X,0x0000000080000D96] -> 0xD5CE
[870] [M]: 0x0000000080000D94 (0xD5CE8E93) addi x29, x29, -0x2a4                    inst_42+36
x29 <- 0x000000005F5E5D5C

mem[X,0x0000000080000D98] -> 0x9E93
mem[X,0x0000000080000D9A] -> 0x00BE
[871] [M]: 0x0000000080000D98 (0x00BE9E93) slli x29, x29, 0xb                       inst_42+40
x29 <- 0x000002FAF2EAE000

clint mtime 0x00000000000001B4 (mip.MTI <- 0b1, mip.STI <- 0b0)
mem[X,0x0000000080000D9C] -> 0x8E93
mem[X,0x0000000080000D9E] -> 0x2DAE
[872] [M]: 0x0000000080000D9C (0x2DAE8E93) addi x29, x29, 0x2da                     inst_42+44
x29 <- 0x000002FAF2EAE2DA

mem[X,0x0000000080000DA0] -> 0x9E93
mem[X,0x0000000080000DA2] -> 0x00BE
[873] [M]: 0x0000000080000DA0 (0x00BE9E93) slli x29, x29, 0xb                       inst_42+48
x29 <- 0x0017D7975716D000

clint mtime 0x00000000000001B5 (mip.MTI <- 0b1, mip.STI <- 0b0)
mem[X,0x0000000080000DA4] -> 0x8E93
mem[X,0x0000000080000DA6] -> 0x696E
[874] [M]: 0x0000000080000DA4 (0x696E8E93) addi x29, x29, 0x696                     inst_42+52
x29 <- 0x0017D7975716D696

mem[X,0x0000000080000DA8] -> 0x9E93
mem[X,0x0000000080000DAA] -> 0x00AE
[875] [M]: 0x0000000080000DA8 (0x00AE9E93) slli x29, x29, 0xa                       inst_42+56
x29 <- 0x5F5E5D5C5B5A5800

clint mtime 0x00000000000001B6 (mip.MTI <- 0b1, mip.STI <- 0b0)
mem[X,0x0000000080000DAC] -> 0x8E93
mem[X,0x0000000080000DAE] -> 0x158E
[876] [M]: 0x0000000080000DAC (0x158E8E93) addi x29, x29, 0x158                     inst_42+60
x29 <- 0x5F5E5D5C5B5A5958

mem[X,0x0000000080000DB0] -> 0x0FB3
mem[X,0x0000000080000DB2] -> 0x3FDF
[877] [M]: 0x0000000080000DB0 (0x3FDF0FB3) aes64dsm x31, x30, x29                   inst_42+64
x31 <- 0xCDC0642E5275FFA5

clint mtime 0x00000000000001B7 (mip.MTI <- 0b1, mip.STI <- 0b0)
mem[X,0x0000000080000DB4] -> 0x3423
mem[X,0x0000000080000DB6] -> 0x09F4
[878] [M]: 0x0000000080000DB4 (0x09F43423) sd x31, 0x88(x8)                         inst_42+68
mem[W,0x0000000080004268] <- 0xCDC0642E5275FFA5

mem[X,0x0000000080000DB8] -> 0x5F37
mem[X,0x0000000080000DBA] -> 0x4F4E
[879] [M]: 0x0000000080000DB8 (0x4F4E5F37) lui x30, 0x4f4e5                         inst_43+0
x30 <- 0x000000004F4E5000

clint mtime 0x00000000000001B8 (mip.MTI <- 0b1, mip.STI <- 0b0)
mem[X,0x0000000080000DBC] -> 0x0F13
mem[X,0x0000000080000DBE] -> 0xD4CF
[880] [M]: 0x0000000080000DBC (0xD4CF0F13) addi x30, x30, -0x2b4                    inst_43+4
x30 <- 0x000000004F4E4D4C

mem[X,0x0000000080000DC0] -> 0x1F13
mem[X,0x0000000080000DC2] -> 0x00BF
[881] [M]: 0x0000000080000DC0 (0x00BF1F13) slli x30, x30, 0xb                       inst_43+8
x30 <- 0x0000027A726A6000

clint mtime 0x00000000000001B9 (mip.MTI <- 0b1, mip.STI <- 0b0)
mem[X,0x0000000080000DC4] -> 0x0F13
mem[X,0x0000000080000DC6] -> 0x25AF
[882] [M]: 0x0000000080000DC4 (0x25AF0F13) addi x30, x30, 0x25a                     inst_43+12
x30 <- 0x0000027A726A625A

mem[X,0x0000000080000DC8] -> 0x1F13
mem[X,0x0000000080000DCA] -> 0x00BF
[883] [M]: 0x0000000080000DC8 (0x00BF1F13) slli x30, x30, 0xb                       inst_43+16
x30 <- 0x0013D3935312D000

clint mtime 0x00000000000001BA (mip.MTI <- 0b1, mip.STI <- 0b0)
mem[X,0x0000000080000DCC] -> 0x0F13
mem[X,0x0000000080000DCE] -> 0x292F
[884] [M]: 0x0000000080000DCC (0x292F0F13) addi x30, x30, 0x292                     inst_43+20
x30 <- 0x0013D3935312D292

mem[X,0x0000000080000DD0] -> 0x1F13
mem[X,0x0000000080000DD2] -> 0x00AF
[885] [M]: 0x0000000080000DD0 (0x00AF1F13) slli x30, x30, 0xa                       inst_43+24
x30 <- 0x4F4E4D4C4B4A4800

clint mtime 0x00000000000001BB (mip.MTI <- 0b1, mip.STI <- 0b0)
mem[X,0x0000000080000DD4] -> 0x0F13
mem[X,0x0000000080000DD6] -> 0x148F
[886] [M]: 0x0000000080000DD4 (0x148F0F13) addi x30, x30, 0x148                     inst_43+28
x30 <- 0x4F4E4D4C4B4A4948

mem[X,0x0000000080000DD8] -> 0x4EB7
mem[X,0x0000000080000DDA] -> 0x4746
[887] [M]: 0x0000000080000DD8 (0x47464EB7) lui x29, 0x47464                         inst_43+32
x29 <- 0x0000000047464000

clint mtime 0x00000000000001BC (mip.MTI <- 0b1, mip.STI <- 0b0)
mem[X,0x0000000080000DDC] -> 0x8E93
mem[X,0x0000000080000DDE] -> 0x544E
[888] [M]: 0x0000000080000DDC (0x544E8E93) addi x29, x29, 0x544                     inst_43+36
x29 <- 0x0000000047464544

mem[X,0x0000000080000DE0] -> 0x9E93
mem[X,0x0000000080000DE2] -> 0x00BE
[889] [M]: 0x0000000080000DE0 (0x00BE9E93) slli x29, x29, 0xb                       inst_43+40
x29 <- 0x0000023A322A2000

clint mtime 0x00000000000001BD (mip.MTI <- 0b1, mip.STI <- 0b0)
mem[X,0x0000000080000DE4] -> 0x8E93
mem[X,0x0000000080000DE6] -> 0x21AE
[890] [M]: 0x0000000080000DE4 (0x21AE8E93) addi x29, x29, 0x21a                     inst_43+44
x29 <- 0x0000023A322A221A

mem[X,0x0000000080000DE8] -> 0x9E93
mem[X,0x0000000080000DEA] -> 0x00BE
[891] [M]: 0x0000000080000DE8 (0x00BE9E93) slli x29, x29, 0xb                       inst_43+48
x29 <- 0x0011D1915110D000

clint mtime 0x00000000000001BE (mip.MTI <- 0b1, mip.STI <- 0b0)
mem[X,0x0000000080000DEC] -> 0x8E93
mem[X,0x0000000080000DEE] -> 0x090E
[892] [M]: 0x0000000080000DEC (0x090E8E93) addi x29, x29, 0x90                      inst_43+52
x29 <- 0x0011D1915110D090

mem[X,0x0000000080000DF0] -> 0x9E93
mem[X,0x0000000080000DF2] -> 0x00AE
[893] [M]: 0x0000000080000DF0 (0x00AE9E93) slli x29, x29, 0xa                       inst_43+56
x29 <- 0x4746454443424000

clint mtime 0x00000000000001BF (mip.MTI <- 0b1, mip.STI <- 0b0)
mem[X,0x0000000080000DF4] -> 0x8E93
mem[X,0x0000000080000DF6] -> 0x140E
[894] [M]: 0x0000000080000DF4 (0x140E8E93) addi x29, x29, 0x140                     inst_43+60
x29 <- 0x4746454443424140

mem[X,0x0000000080000DF8] -> 0x0FB3
mem[X,0x0000000080000DFA] -> 0x3FDF
[895] [M]: 0x0000000080000DF8 (0x3FDF0FB3) aes64dsm x31, x30, x29                   inst_43+64
x31 <- 0x166FDCA099F4C87D

clint mtime 0x00000000000001C0 (mip.MTI <- 0b1, mip.STI <- 0b0)
mem[X,0x0000000080000DFC] -> 0x3823
mem[X,0x0000000080000DFE] -> 0x09F4
[896] [M]: 0x0000000080000DFC (0x09F43823) sd x31, 0x90(x8)                         inst_43+68
mem[W,0x0000000080004270] <- 0x166FDCA099F4C87D

mem[X,0x0000000080000E00] -> 0x4F37
mem[X,0x0000000080000E02] -> 0x4746
[897] [M]: 0x0000000080000E00 (0x47464F37) lui x30, 0x47464                         inst_44+0
x30 <- 0x0000000047464000

clint mtime 0x00000000000001C1 (mip.MTI <- 0b1, mip.STI <- 0b0)
mem[X,0x0000000080000E04] -> 0x0F13
mem[X,0x0000000080000E06] -> 0x544F
[898] [M]: 0x0000000080000E04 (0x544F0F13) addi x30, x30, 0x544                     inst_44+4
x30 <- 0x0000000047464544

mem[X,0x0000000080000E08] -> 0x1F13
mem[X,0x0000000080000E0A] -> 0x00BF
[899] [M]: 0x0000000080000E08 (0x00BF1F13) slli x30, x30, 0xb                       inst_44+8
x30 <- 0x0000023A322A2000

clint mtime 0x00000000000001C2 (mip.MTI <- 0b1, mip.STI <- 0b0)
mem[X,0x0000000080000E0C] -> 0x0F13
mem[X,0x0000000080000E0E] -> 0x21AF
[900] [M]: 0x0000000080000E0C (0x21AF0F13) addi x30, x30, 0x21a                     inst_44+12
x30 <- 0x0000023A322A221A

mem[X,0x0000000080000E10] -> 0x1F13
mem[X,0x0000000080000E12] -> 0x00BF
[901] [M]: 0x0000000080000E10 (0x00BF1F13) slli x30, x30, 0xb                       inst_44+16
x30 <- 0x0011D1915110D000

clint mtime 0x00000000000001C3 (mip.MTI <- 0b1, mip.STI <- 0b0)
mem[X,0x0000000080000E14] -> 0x0F13
mem[X,0x0000000080000E16] -> 0x090F
[902] [M]: 0x0000000080000E14 (0x090F0F13) addi x30, x30, 0x90                      inst_44+20
x30 <- 0x0011D1915110D090

mem[X,0x0000000080000E18] -> 0x1F13
mem[X,0x0000000080000E1A] -> 0x00AF
[903] [M]: 0x0000000080000E18 (0x00AF1F13) slli x30, x30, 0xa                       inst_44+24
x30 <- 0x4746454443424000

clint mtime 0x00000000000001C4 (mip.MTI <- 0b1, mip.STI <- 0b0)
mem[X,0x0000000080000E1C] -> 0x0F13
mem[X,0x0000000080000E1E] -> 0x140F
[904] [M]: 0x0000000080000E1C (0x140F0F13) addi x30, x30, 0x140                     inst_44+28
x30 <- 0x4746454443424140

mem[X,0x0000000080000E20] -> 0x5EB7
mem[X,0x0000000080000E22] -> 0x4F4E
[905] [M]: 0x0000000080000E20 (0x4F4E5EB7) lui x29, 0x4f4e5                         inst_44+32
x29 <- 0x000000004F4E5000

clint mtime 0x00000000000001C5 (mip.MTI <- 0b1, mip.STI <- 0b0)
mem[X,0x0000000080000E24] -> 0x8E93
mem[X,0x0000000080000E26] -> 0xD4CE
[906] [M]: 0x0000000080000E24 (0xD4CE8E93) addi x29, x29, -0x2b4                    inst_44+36
x29 <- 0x000000004F4E4D4C

mem[X,0x0000000080000E28] -> 0x9E93
mem[X,0x0000000080000E2A] -> 0x00BE
[907] [M]: 0x0000000080000E28 (0x00BE9E93) slli x29, x29, 0xb                       inst_44+40
x29 <- 0x0000027A726A6000

clint mtime 0x00000000000001C6 (mip.MTI <- 0b1, mip.STI <- 0b0)
mem[X,0x0000000080000E2C] -> 0x8E93
mem[X,0x0000000080000E2E] -> 0x25AE
[908] [M]: 0x0000000080000E2C (0x25AE8E93) addi x29, x29, 0x25a                     inst_44+44
x29 <- 0x0000027A726A625A

mem[X,0x0000000080000E30] -> 0x9E93
mem[X,0x0000000080000E32] -> 0x00BE
[909] [M]: 0x0000000080000E30 (0x00BE9E93) slli x29, x29, 0xb                       inst_44+48
x29 <- 0x0013D3935312D000

clint mtime 0x00000000000001C7 (mip.MTI <- 0b1, mip.STI <- 0b0)
mem[X,0x0000000080000E34] -> 0x8E93
mem[X,0x0000000080000E36] -> 0x292E
[910] [M]: 0x0000000080000E34 (0x292E8E93) addi x29, x29, 0x292                     inst_44+52
x29 <- 0x0013D3935312D292

mem[X,0x0000000080000E38] -> 0x9E93
mem[X,0x0000000080000E3A] -> 0x00AE
[911] [M]: 0x0000000080000E38 (0x00AE9E93) slli x29, x29, 0xa                       inst_44+56
x29 <- 0x4F4E4D4C4B4A4800

clint mtime 0x00000000000001C8 (mip.MTI <- 0b1, mip.STI <- 0b0)
mem[X,0x0000000080000E3C] -> 0x8E93
mem[X,0x0000000080000E3E] -> 0x148E
[912] [M]: 0x0000000080000E3C (0x148E8E93) addi x29, x29, 0x148                     inst_44+60
x29 <- 0x4F4E4D4C4B4A4948

mem[X,0x0000000080000E40] -> 0x0FB3
mem[X,0x0000000080000E42] -> 0x3FDF
[913] [M]: 0x0000000080000E40 (0x3FDF0FB3) aes64dsm x31, x30, x29                   inst_44+64
x31 <- 0xACA6909E8AF34367

clint mtime 0x00000000000001C9 (mip.MTI <- 0b1, mip.STI <- 0b0)
mem[X,0x0000000080000E44] -> 0x3C23
mem[X,0x0000000080000E46] -> 0x09F4
[914] [M]: 0x0000000080000E44 (0x09F43C23) sd x31, 0x98(x8)                         inst_44+68
mem[W,0x0000000080004278] <- 0xACA6909E8AF34367

mem[X,0x0000000080000E48] -> 0x4F37
mem[X,0x0000000080000E4A] -> 0x3F3E
[915] [M]: 0x0000000080000E48 (0x3F3E4F37) lui x30, 0x3f3e4                         inst_45+0
x30 <- 0x000000003F3E4000

clint mtime 0x00000000000001CA (mip.MTI <- 0b1, mip.STI <- 0b0)
mem[X,0x0000000080000E4C] -> 0x0F13
mem[X,0x0000000080000E4E] -> 0xD3CF
[916] [M]: 0x0000000080000E4C (0xD3CF0F13) addi x30, x30, -0x2c4                    inst_45+4
x30 <- 0x000000003F3E3D3C

mem[X,0x0000000080000E50] -> 0x1F13
mem[X,0x0000000080000E52] -> 0x00BF
[917] [M]: 0x0000000080000E50 (0x00BF1F13) slli x30, x30, 0xb                       inst_45+8
x30 <- 0x000001F9F1E9E000

clint mtime 0x00000000000001CB (mip.MTI <- 0b1, mip.STI <- 0b0)
mem[X,0x0000000080000E54] -> 0x0F13
mem[X,0x0000000080000E56] -> 0x1D9F
[918] [M]: 0x0000000080000E54 (0x1D9F0F13) addi x30, x30, 0x1d9                     inst_45+12
x30 <- 0x000001F9F1E9E1D9

mem[X,0x0000000080000E58] -> 0x1F13
mem[X,0x0000000080000E5A] -> 0x00BF
[919] [M]: 0x0000000080000E58 (0x00BF1F13) slli x30, x30, 0xb                       inst_45+16
x30 <- 0x000FCF8F4F0EC800

clint mtime 0x00000000000001CC (mip.MTI <- 0b1, mip.STI <- 0b0)
mem[X,0x0000000080000E5C] -> 0x0F13
mem[X,0x0000000080000E5E] -> 0x68EF
[920] [M]: 0x0000000080000E5C (0x68EF0F13) addi x30, x30, 0x68e                     inst_45+20
x30 <- 0x000FCF8F4F0ECE8E

mem[X,0x0000000080000E60] -> 0x1F13
mem[X,0x0000000080000E62] -> 0x00AF
[921] [M]: 0x0000000080000E60 (0x00AF1F13) slli x30, x30, 0xa                       inst_45+24
x30 <- 0x3F3E3D3C3B3A3800

clint mtime 0x00000000000001CD (mip.MTI <- 0b1, mip.STI <- 0b0)
mem[X,0x0000000080000E64] -> 0x0F13
mem[X,0x0000000080000E66] -> 0x138F
[922] [M]: 0x0000000080000E64 (0x138F0F13) addi x30, x30, 0x138                     inst_45+28
x30 <- 0x3F3E3D3C3B3A3938

mem[X,0x0000000080000E68] -> 0x3EB7
mem[X,0x0000000080000E6A] -> 0x3736
[923] [M]: 0x0000000080000E68 (0x37363EB7) lui x29, 0x37363                         inst_45+32
x29 <- 0x0000000037363000

clint mtime 0x00000000000001CE (mip.MTI <- 0b1, mip.STI <- 0b0)
mem[X,0x0000000080000E6C] -> 0x8E93
mem[X,0x0000000080000E6E] -> 0x534E
[924] [M]: 0x0000000080000E6C (0x534E8E93) addi x29, x29, 0x534                     inst_45+36
x29 <- 0x0000000037363534

mem[X,0x0000000080000E70] -> 0x9E93
mem[X,0x0000000080000E72] -> 0x00BE
[925] [M]: 0x0000000080000E70 (0x00BE9E93) slli x29, x29, 0xb                       inst_45+40
x29 <- 0x000001B9B1A9A000

clint mtime 0x00000000000001CF (mip.MTI <- 0b1, mip.STI <- 0b0)
mem[X,0x0000000080000E74] -> 0x8E93
mem[X,0x0000000080000E76] -> 0x199E
[926] [M]: 0x0000000080000E74 (0x199E8E93) addi x29, x29, 0x199                     inst_45+44
x29 <- 0x000001B9B1A9A199

mem[X,0x0000000080000E78] -> 0x9E93
mem[X,0x0000000080000E7A] -> 0x00BE
[927] [M]: 0x0000000080000E78 (0x00BE9E93) slli x29, x29, 0xb                       inst_45+48
x29 <- 0x000DCD8D4D0CC800

clint mtime 0x00000000000001D0 (mip.MTI <- 0b1, mip.STI <- 0b0)
mem[X,0x0000000080000E7C] -> 0x8E93
mem[X,0x0000000080000E7E] -> 0x48CE
[928] [M]: 0x0000000080000E7C (0x48CE8E93) addi x29, x29, 0x48c                     inst_45+52
x29 <- 0x000DCD8D4D0CCC8C

mem[X,0x0000000080000E80] -> 0x9E93
mem[X,0x0000000080000E82] -> 0x00AE
[929] [M]: 0x0000000080000E80 (0x00AE9E93) slli x29, x29, 0xa                       inst_45+56
x29 <- 0x3736353433323000

clint mtime 0x00000000000001D1 (mip.MTI <- 0b1, mip.STI <- 0b0)
mem[X,0x0000000080000E84] -> 0x8E93
mem[X,0x0000000080000E86] -> 0x130E
[930] [M]: 0x0000000080000E84 (0x130E8E93) addi x29, x29, 0x130                     inst_45+60
x29 <- 0x3736353433323130

mem[X,0x0000000080000E88] -> 0x0FB3
mem[X,0x0000000080000E8A] -> 0x3FDF
[931] [M]: 0x0000000080000E88 (0x3FDF0FB3) aes64dsm x31, x30, x29                   inst_45+64
x31 <- 0x7D66A8C736AB9C2A

clint mtime 0x00000000000001D2 (mip.MTI <- 0b1, mip.STI <- 0b0)
mem[X,0x0000000080000E8C] -> 0x3023
mem[X,0x0000000080000E8E] -> 0x0BF4
[932] [M]: 0x0000000080000E8C (0x0BF43023) sd x31, 0xa0(x8)                         inst_45+68
mem[W,0x0000000080004280] <- 0x7D66A8C736AB9C2A

mem[X,0x0000000080000E90] -> 0x3F37
mem[X,0x0000000080000E92] -> 0x3736
[933] [M]: 0x0000000080000E90 (0x37363F37) lui x30, 0x37363                         inst_46+0
x30 <- 0x0000000037363000

clint mtime 0x00000000000001D3 (mip.MTI <- 0b1, mip.STI <- 0b0)
mem[X,0x0000000080000E94] -> 0x0F13
mem[X,0x0000000080000E96] -> 0x534F
[934] [M]: 0x0000000080000E94 (0x534F0F13) addi x30, x30, 0x534                     inst_46+4
x30 <- 0x0000000037363534

mem[X,0x0000000080000E98] -> 0x1F13
mem[X,0x0000000080000E9A] -> 0x00BF
[935] [M]: 0x0000000080000E98 (0x00BF1F13) slli x30, x30, 0xb                       inst_46+8
x30 <- 0x000001B9B1A9A000

clint mtime 0x00000000000001D4 (mip.MTI <- 0b1, mip.STI <- 0b0)
mem[X,0x0000000080000E9C] -> 0x0F13
mem[X,0x0000000080000E9E] -> 0x199F
[936] [M]: 0x0000000080000E9C (0x199F0F13) addi x30, x30, 0x199                     inst_46+12
x30 <- 0x000001B9B1A9A199

mem[X,0x0000000080000EA0] -> 0x1F13
mem[X,0x0000000080000EA2] -> 0x00BF
[937] [M]: 0x0000000080000EA0 (0x00BF1F13) slli x30, x30, 0xb                       inst_46+16
x30 <- 0x000DCD8D4D0CC800

clint mtime 0x00000000000001D5 (mip.MTI <- 0b1, mip.STI <- 0b0)
mem[X,0x0000000080000EA4] -> 0x0F13
mem[X,0x0000000080000EA6] -> 0x48CF
[938] [M]: 0x0000000080000EA4 (0x48CF0F13) addi x30, x30, 0x48c                     inst_46+20
x30 <- 0x000DCD8D4D0CCC8C

mem[X,0x0000000080000EA8] -> 0x1F13
mem[X,0x0000000080000EAA] -> 0x00AF
[939] [M]: 0x0000000080000EA8 (0x00AF1F13) slli x30, x30, 0xa                       inst_46+24
x30 <- 0x3736353433323000

clint mtime 0x00000000000001D6 (mip.MTI <- 0b1, mip.STI <- 0b0)
mem[X,0x0000000080000EAC] -> 0x0F13
mem[X,0x0000000080000EAE] -> 0x130F
[940] [M]: 0x0000000080000EAC (0x130F0F13) addi x30, x30, 0x130                     inst_46+28
x30 <- 0x3736353433323130

mem[X,0x0000000080000EB0] -> 0x4EB7
mem[X,0x0000000080000EB2] -> 0x3F3E
[941] [M]: 0x0000000080000EB0 (0x3F3E4EB7) lui x29, 0x3f3e4                         inst_46+32
x29 <- 0x000000003F3E4000

clint mtime 0x00000000000001D7 (mip.MTI <- 0b1, mip.STI <- 0b0)
mem[X,0x0000000080000EB4] -> 0x8E93
mem[X,0x0000000080000EB6] -> 0xD3CE
[942] [M]: 0x0000000080000EB4 (0xD3CE8E93) addi x29, x29, -0x2c4                    inst_46+36
x29 <- 0x000000003F3E3D3C

mem[X,0x0000000080000EB8] -> 0x9E93
mem[X,0x0000000080000EBA] -> 0x00BE
[943] [M]: 0x0000000080000EB8 (0x00BE9E93) slli x29, x29, 0xb                       inst_46+40
x29 <- 0x000001F9F1E9E000

clint mtime 0x00000000000001D8 (mip.MTI <- 0b1, mip.STI <- 0b0)
mem[X,0x0000000080000EBC] -> 0x8E93
mem[X,0x0000000080000EBE] -> 0x1D9E
[944] [M]: 0x0000000080000EBC (0x1D9E8E93) addi x29, x29, 0x1d9                     inst_46+44
x29 <- 0x000001F9F1E9E1D9

mem[X,0x0000000080000EC0] -> 0x9E93
mem[X,0x0000000080000EC2] -> 0x00BE
[945] [M]: 0x0000000080000EC0 (0x00BE9E93) slli x29, x29, 0xb                       inst_46+48
x29 <- 0x000FCF8F4F0EC800

clint mtime 0x00000000000001D9 (mip.MTI <- 0b1, mip.STI <- 0b0)
mem[X,0x0000000080000EC4] -> 0x8E93
mem[X,0x0000000080000EC6] -> 0x68EE
[946] [M]: 0x0000000080000EC4 (0x68EE8E93) addi x29, x29, 0x68e                     inst_46+52
x29 <- 0x000FCF8F4F0ECE8E

mem[X,0x0000000080000EC8] -> 0x9E93
mem[X,0x0000000080000ECA] -> 0x00AE
[947] [M]: 0x0000000080000EC8 (0x00AE9E93) slli x29, x29, 0xa                       inst_46+56
x29 <- 0x3F3E3D3C3B3A3800

clint mtime 0x00000000000001DA (mip.MTI <- 0b1, mip.STI <- 0b0)
mem[X,0x0000000080000ECC] -> 0x8E93
mem[X,0x0000000080000ECE] -> 0x138E
[948] [M]: 0x0000000080000ECC (0x138E8E93) addi x29, x29, 0x138                     inst_46+60
x29 <- 0x3F3E3D3C3B3A3938

mem[X,0x0000000080000ED0] -> 0x0FB3
mem[X,0x0000000080000ED2] -> 0x3FDF
[949] [M]: 0x0000000080000ED0 (0x3FDF0FB3) aes64dsm x31, x30, x29                   inst_46+64
x31 <- 0x0E314EEF5E7B5AEC

clint mtime 0x00000000000001DB (mip.MTI <- 0b1, mip.STI <- 0b0)
mem[X,0x0000000080000ED4] -> 0x3423
mem[X,0x0000000080000ED6] -> 0x0BF4
[950] [M]: 0x0000000080000ED4 (0x0BF43423) sd x31, 0xa8(x8)                         inst_46+68
mem[W,0x0000000080004288] <- 0x0E314EEF5E7B5AEC

mem[X,0x0000000080000ED8] -> 0x3F37
mem[X,0x0000000080000EDA] -> 0x2F2E
[951] [M]: 0x0000000080000ED8 (0x2F2E3F37) lui x30, 0x2f2e3                         inst_47+0
x30 <- 0x000000002F2E3000

clint mtime 0x00000000000001DC (mip.MTI <- 0b1, mip.STI <- 0b0)
mem[X,0x0000000080000EDC] -> 0x0F13
mem[X,0x0000000080000EDE] -> 0xD2CF
[952] [M]: 0x0000000080000EDC (0xD2CF0F13) addi x30, x30, -0x2d4                    inst_47+4
x30 <- 0x000000002F2E2D2C

mem[X,0x0000000080000EE0] -> 0x1F13
mem[X,0x0000000080000EE2] -> 0x00BF
[953] [M]: 0x0000000080000EE0 (0x00BF1F13) slli x30, x30, 0xb                       inst_47+8
x30 <- 0x0000017971696000

clint mtime 0x00000000000001DD (mip.MTI <- 0b1, mip.STI <- 0b0)
mem[X,0x0000000080000EE4] -> 0x0F13
mem[X,0x0000000080000EE6] -> 0x159F
[954] [M]: 0x0000000080000EE4 (0x159F0F13) addi x30, x30, 0x159                     inst_47+12
x30 <- 0x0000017971696159

mem[X,0x0000000080000EE8] -> 0x1F13
mem[X,0x0000000080000EEA] -> 0x00BF
[955] [M]: 0x0000000080000EE8 (0x00BF1F13) slli x30, x30, 0xb                       inst_47+16
x30 <- 0x000BCB8B4B0AC800

clint mtime 0x00000000000001DE (mip.MTI <- 0b1, mip.STI <- 0b0)
mem[X,0x0000000080000EEC] -> 0x0F13
mem[X,0x0000000080000EEE] -> 0x28AF
[956] [M]: 0x0000000080000EEC (0x28AF0F13) addi x30, x30, 0x28a                     inst_47+20
x30 <- 0x000BCB8B4B0ACA8A

mem[X,0x0000000080000EF0] -> 0x1F13
mem[X,0x0000000080000EF2] -> 0x00AF
[957] [M]: 0x0000000080000EF0 (0x00AF1F13) slli x30, x30, 0xa                       inst_47+24
x30 <- 0x2F2E2D2C2B2A2800

clint mtime 0x00000000000001DF (mip.MTI <- 0b1, mip.STI <- 0b0)
mem[X,0x0000000080000EF4] -> 0x0F13
mem[X,0x0000000080000EF6] -> 0x128F
[958] [M]: 0x0000000080000EF4 (0x128F0F13) addi x30, x30, 0x128                     inst_47+28
x30 <- 0x2F2E2D2C2B2A2928

mem[X,0x0000000080000EF8] -> 0x2EB7
mem[X,0x0000000080000EFA] -> 0x2726
[959] [M]: 0x0000000080000EF8 (0x27262EB7) lui x29, 0x27262                         inst_47+32
x29 <- 0x0000000027262000

clint mtime 0x00000000000001E0 (mip.MTI <- 0b1, mip.STI <- 0b0)
mem[X,0x0000000080000EFC] -> 0x8E93
mem[X,0x0000000080000EFE] -> 0x524E
[960] [M]: 0x0000000080000EFC (0x524E8E93) addi x29, x29, 0x524                     inst_47+36
x29 <- 0x0000000027262524

mem[X,0x0000000080000F00] -> 0x9E93
mem[X,0x0000000080000F02] -> 0x00BE
[961] [M]: 0x0000000080000F00 (0x00BE9E93) slli x29, x29, 0xb                       inst_47+40
x29 <- 0x0000013931292000

clint mtime 0x00000000000001E1 (mip.MTI <- 0b1, mip.STI <- 0b0)
mem[X,0x0000000080000F04] -> 0x8E93
mem[X,0x0000000080000F06] -> 0x119E
[962] [M]: 0x0000000080000F04 (0x119E8E93) addi x29, x29, 0x119                     inst_47+44
x29 <- 0x0000013931292119

mem[X,0x0000000080000F08] -> 0x9E93
mem[X,0x0000000080000F0A] -> 0x00BE
[963] [M]: 0x0000000080000F08 (0x00BE9E93) slli x29, x29, 0xb                       inst_47+48
x29 <- 0x0009C9894908C800

clint mtime 0x00000000000001E2 (mip.MTI <- 0b1, mip.STI <- 0b0)
mem[X,0x0000000080000F0C] -> 0x8E93
mem[X,0x0000000080000F0E] -> 0x088E
[964] [M]: 0x0000000080000F0C (0x088E8E93) addi x29, x29, 0x88                      inst_47+52
x29 <- 0x0009C9894908C888

mem[X,0x0000000080000F10] -> 0x9E93
mem[X,0x0000000080000F12] -> 0x00AE
[965] [M]: 0x0000000080000F10 (0x00AE9E93) slli x29, x29, 0xa                       inst_47+56
x29 <- 0x2726252423222000

clint mtime 0x00000000000001E3 (mip.MTI <- 0b1, mip.STI <- 0b0)
mem[X,0x0000000080000F14] -> 0x8E93
mem[X,0x0000000080000F16] -> 0x120E
[966] [M]: 0x0000000080000F14 (0x120E8E93) addi x29, x29, 0x120                     inst_47+60
x29 <- 0x2726252423222120

mem[X,0x0000000080000F18] -> 0x0FB3
mem[X,0x0000000080000F1A] -> 0x3FDF
[967] [M]: 0x0000000080000F18 (0x3FDF0FB3) aes64dsm x31, x30, x29                   inst_47+64
x31 <- 0xD679962614CF6F42

clint mtime 0x00000000000001E4 (mip.MTI <- 0b1, mip.STI <- 0b0)
mem[X,0x0000000080000F1C] -> 0x3823
mem[X,0x0000000080000F1E] -> 0x0BF4
[968] [M]: 0x0000000080000F1C (0x0BF43823) sd x31, 0xb0(x8)                         inst_47+68
mem[W,0x0000000080004290] <- 0xD679962614CF6F42

mem[X,0x0000000080000F20] -> 0x2F37
mem[X,0x0000000080000F22] -> 0x2726
[969] [M]: 0x0000000080000F20 (0x27262F37) lui x30, 0x27262                         inst_48+0
x30 <- 0x0000000027262000

clint mtime 0x00000000000001E5 (mip.MTI <- 0b1, mip.STI <- 0b0)
mem[X,0x0000000080000F24] -> 0x0F13
mem[X,0x0000000080000F26] -> 0x524F
[970] [M]: 0x0000000080000F24 (0x524F0F13) addi x30, x30, 0x524                     inst_48+4
x30 <- 0x0000000027262524

mem[X,0x0000000080000F28] -> 0x1F13
mem[X,0x0000000080000F2A] -> 0x00BF
[971] [M]: 0x0000000080000F28 (0x00BF1F13) slli x30, x30, 0xb                       inst_48+8
x30 <- 0x0000013931292000

clint mtime 0x00000000000001E6 (mip.MTI <- 0b1, mip.STI <- 0b0)
mem[X,0x0000000080000F2C] -> 0x0F13
mem[X,0x0000000080000F2E] -> 0x119F
[972] [M]: 0x0000000080000F2C (0x119F0F13) addi x30, x30, 0x119                     inst_48+12
x30 <- 0x0000013931292119

mem[X,0x0000000080000F30] -> 0x1F13
mem[X,0x0000000080000F32] -> 0x00BF
[973] [M]: 0x0000000080000F30 (0x00BF1F13) slli x30, x30, 0xb                       inst_48+16
x30 <- 0x0009C9894908C800

clint mtime 0x00000000000001E7 (mip.MTI <- 0b1, mip.STI <- 0b0)
mem[X,0x0000000080000F34] -> 0x0F13
mem[X,0x0000000080000F36] -> 0x088F
[974] [M]: 0x0000000080000F34 (0x088F0F13) addi x30, x30, 0x88                      inst_48+20
x30 <- 0x0009C9894908C888

mem[X,0x0000000080000F38] -> 0x1F13
mem[X,0x0000000080000F3A] -> 0x00AF
[975] [M]: 0x0000000080000F38 (0x00AF1F13) slli x30, x30, 0xa                       inst_48+24
x30 <- 0x2726252423222000

clint mtime 0x00000000000001E8 (mip.MTI <- 0b1, mip.STI <- 0b0)
mem[X,0x0000000080000F3C] -> 0x0F13
mem[X,0x0000000080000F3E] -> 0x120F
[976] [M]: 0x0000000080000F3C (0x120F0F13) addi x30, x30, 0x120                     inst_48+28
x30 <- 0x2726252423222120

mem[X,0x0000000080000F40] -> 0x3EB7
mem[X,0x0000000080000F42] -> 0x2F2E
[977] [M]: 0x0000000080000F40 (0x2F2E3EB7) lui x29, 0x2f2e3                         inst_48+32
x29 <- 0x000000002F2E3000

clint mtime 0x00000000000001E9 (mip.MTI <- 0b1, mip.STI <- 0b0)
mem[X,0x0000000080000F44] -> 0x8E93
mem[X,0x0000000080000F46] -> 0xD2CE
[978] [M]: 0x0000000080000F44 (0xD2CE8E93) addi x29, x29, -0x2d4                    inst_48+36
x29 <- 0x000000002F2E2D2C

mem[X,0x0000000080000F48] -> 0x9E93
mem[X,0x0000000080000F4A] -> 0x00BE
[979] [M]: 0x0000000080000F48 (0x00BE9E93) slli x29, x29, 0xb                       inst_48+40
x29 <- 0x0000017971696000

clint mtime 0x00000000000001EA (mip.MTI <- 0b1, mip.STI <- 0b0)
mem[X,0x0000000080000F4C] -> 0x8E93
mem[X,0x0000000080000F4E] -> 0x159E
[980] [M]: 0x0000000080000F4C (0x159E8E93) addi x29, x29, 0x159                     inst_48+44
x29 <- 0x0000017971696159

mem[X,0x0000000080000F50] -> 0x9E93
mem[X,0x0000000080000F52] -> 0x00BE
[981] [M]: 0x0000000080000F50 (0x00BE9E93) slli x29, x29, 0xb                       inst_48+48
x29 <- 0x000BCB8B4B0AC800

clint mtime 0x00000000000001EB (mip.MTI <- 0b1, mip.STI <- 0b0)
mem[X,0x0000000080000F54] -> 0x8E93
mem[X,0x0000000080000F56] -> 0x28AE
[982] [M]: 0x0000000080000F54 (0x28AE8E93) addi x29, x29, 0x28a                     inst_48+52
x29 <- 0x000BCB8B4B0ACA8A

mem[X,0x0000000080000F58] -> 0x9E93
mem[X,0x0000000080000F5A] -> 0x00AE
[983] [M]: 0x0000000080000F58 (0x00AE9E93) slli x29, x29, 0xa                       inst_48+56
x29 <- 0x2F2E2D2C2B2A2800

clint mtime 0x00000000000001EC (mip.MTI <- 0b1, mip.STI <- 0b0)
mem[X,0x0000000080000F5C] -> 0x8E93
mem[X,0x0000000080000F5E] -> 0x128E
[984] [M]: 0x0000000080000F5C (0x128E8E93) addi x29, x29, 0x128                     inst_48+60
x29 <- 0x2F2E2D2C2B2A2928

mem[X,0x0000000080000F60] -> 0x0FB3
mem[X,0x0000000080000F62] -> 0x3FDF
[985] [M]: 0x0000000080000F60 (0x3FDF0FB3) aes64dsm x31, x30, x29                   inst_48+64
x31 <- 0x2C7A7635E8C1230C

clint mtime 0x00000000000001ED (mip.MTI <- 0b1, mip.STI <- 0b0)
mem[X,0x0000000080000F64] -> 0x3C23
mem[X,0x0000000080000F66] -> 0x0BF4
[986] [M]: 0x0000000080000F64 (0x0BF43C23) sd x31, 0xb8(x8)                         inst_48+68
mem[W,0x0000000080004298] <- 0x2C7A7635E8C1230C

mem[X,0x0000000080000F68] -> 0x2F37
mem[X,0x0000000080000F6A] -> 0x1F1E
[987] [M]: 0x0000000080000F68 (0x1F1E2F37) lui x30, 0x1f1e2                         inst_49+0
x30 <- 0x000000001F1E2000

clint mtime 0x00000000000001EE (mip.MTI <- 0b1, mip.STI <- 0b0)
mem[X,0x0000000080000F6C] -> 0x0F13
mem[X,0x0000000080000F6E] -> 0xD1CF
[988] [M]: 0x0000000080000F6C (0xD1CF0F13) addi x30, x30, -0x2e4                    inst_49+4
x30 <- 0x000000001F1E1D1C

mem[X,0x0000000080000F70] -> 0x1F13
mem[X,0x0000000080000F72] -> 0x00BF
[989] [M]: 0x0000000080000F70 (0x00BF1F13) slli x30, x30, 0xb                       inst_49+8
x30 <- 0x000000F8F0E8E000

clint mtime 0x00000000000001EF (mip.MTI <- 0b1, mip.STI <- 0b0)
mem[X,0x0000000080000F74] -> 0x0F13
mem[X,0x0000000080000F76] -> 0x0D8F
[990] [M]: 0x0000000080000F74 (0x0D8F0F13) addi x30, x30, 0xd8                      inst_49+12
x30 <- 0x000000F8F0E8E0D8

mem[X,0x0000000080000F78] -> 0x1F13
mem[X,0x0000000080000F7A] -> 0x00BF
[991] [M]: 0x0000000080000F78 (0x00BF1F13) slli x30, x30, 0xb                       inst_49+16
x30 <- 0x0007C7874706C000

clint mtime 0x00000000000001F0 (mip.MTI <- 0b1, mip.STI <- 0b0)
mem[X,0x0000000080000F7C] -> 0x0F13
mem[X,0x0000000080000F7E] -> 0x686F
[992] [M]: 0x0000000080000F7C (0x686F0F13) addi x30, x30, 0x686                     inst_49+20
x30 <- 0x0007C7874706C686

mem[X,0x0000000080000F80] -> 0x1F13
mem[X,0x0000000080000F82] -> 0x00AF
[993] [M]: 0x0000000080000F80 (0x00AF1F13) slli x30, x30, 0xa                       inst_49+24
x30 <- 0x1F1E1D1C1B1A1800

clint mtime 0x00000000000001F1 (mip.MTI <- 0b1, mip.STI <- 0b0)
mem[X,0x0000000080000F84] -> 0x0F13
mem[X,0x0000000080000F86] -> 0x118F
[994] [M]: 0x0000000080000F84 (0x118F0F13) addi x30, x30, 0x118                     inst_49+28
x30 <- 0x1F1E1D1C1B1A1918

mem[X,0x0000000080000F88] -> 0x1EB7
mem[X,0x0000000080000F8A] -> 0x1716
[995] [M]: 0x0000000080000F88 (0x17161EB7) lui x29, 0x17161                         inst_49+32
x29 <- 0x0000000017161000

clint mtime 0x00000000000001F2 (mip.MTI <- 0b1, mip.STI <- 0b0)
mem[X,0x0000000080000F8C] -> 0x8E93
mem[X,0x0000000080000F8E] -> 0x514E
[996] [M]: 0x0000000080000F8C (0x514E8E93) addi x29, x29, 0x514                     inst_49+36
x29 <- 0x0000000017161514

mem[X,0x0000000080000F90] -> 0x9E93
mem[X,0x0000000080000F92] -> 0x00BE
[997] [M]: 0x0000000080000F90 (0x00BE9E93) slli x29, x29, 0xb                       inst_49+40
x29 <- 0x000000B8B0A8A000

clint mtime 0x00000000000001F3 (mip.MTI <- 0b1, mip.STI <- 0b0)
mem[X,0x0000000080000F94] -> 0x8E93
mem[X,0x0000000080000F96] -> 0x098E
[998] [M]: 0x0000000080000F94 (0x098E8E93) addi x29, x29, 0x98                      inst_49+44
x29 <- 0x000000B8B0A8A098

mem[X,0x0000000080000F98] -> 0x9E93
mem[X,0x0000000080000F9A] -> 0x00BE
[999] [M]: 0x0000000080000F98 (0x00BE9E93) slli x29, x29, 0xb                       inst_49+48
x29 <- 0x0005C5854504C000

clint mtime 0x00000000000001F4 (mip.MTI <- 0b1, mip.STI <- 0b0)
mem[X,0x0000000080000F9C] -> 0x8E93
mem[X,0x0000000080000F9E] -> 0x484E
[1000] [M]: 0x0000000080000F9C (0x484E8E93) addi x29, x29, 0x484                    inst_49+52
x29 <- 0x0005C5854504C484

mem[X,0x0000000080000FA0] -> 0x9E93
mem[X,0x0000000080000FA2] -> 0x00AE
[1001] [M]: 0x0000000080000FA0 (0x00AE9E93) slli x29, x29, 0xa                      inst_49+56
x29 <- 0x1716151413121000

clint mtime 0x00000000000001F5 (mip.MTI <- 0b1, mip.STI <- 0b0)
mem[X,0x0000000080000FA4] -> 0x8E93
mem[X,0x0000000080000FA6] -> 0x110E
[1002] [M]: 0x0000000080000FA4 (0x110E8E93) addi x29, x29, 0x110                    inst_49+60
x29 <- 0x1716151413121110

mem[X,0x0000000080000FA8] -> 0x0FB3
mem[X,0x0000000080000FAA] -> 0x3FDF
[1003] [M]: 0x0000000080000FA8 (0x3FDF0FB3) aes64dsm x31, x30, x29                  inst_49+64
x31 <- 0xAA7DC82873125ED6

clint mtime 0x00000000000001F6 (mip.MTI <- 0b1, mip.STI <- 0b0)
mem[X,0x0000000080000FAC] -> 0x3023
mem[X,0x0000000080000FAE] -> 0x0DF4
[1004] [M]: 0x0000000080000FAC (0x0DF43023) sd x31, 0xc0(x8)                        inst_49+68
mem[W,0x00000000800042A0] <- 0xAA7DC82873125ED6

mem[X,0x0000000080000FB0] -> 0x1F37
mem[X,0x0000000080000FB2] -> 0x1716
[1005] [M]: 0x0000000080000FB0 (0x17161F37) lui x30, 0x17161                        inst_50+0
x30 <- 0x0000000017161000

clint mtime 0x00000000000001F7 (mip.MTI <- 0b1, mip.STI <- 0b0)
mem[X,0x0000000080000FB4] -> 0x0F13
mem[X,0x0000000080000FB6] -> 0x514F
[1006] [M]: 0x0000000080000FB4 (0x514F0F13) addi x30, x30, 0x514                    inst_50+4
x30 <- 0x0000000017161514

mem[X,0x0000000080000FB8] -> 0x1F13
mem[X,0x0000000080000FBA] -> 0x00BF
[1007] [M]: 0x0000000080000FB8 (0x00BF1F13) slli x30, x30, 0xb                      inst_50+8
x30 <- 0x000000B8B0A8A000

clint mtime 0x00000000000001F8 (mip.MTI <- 0b1, mip.STI <- 0b0)
mem[X,0x0000000080000FBC] -> 0x0F13
mem[X,0x0000000080000FBE] -> 0x098F
[1008] [M]: 0x0000000080000FBC (0x098F0F13) addi x30, x30, 0x98                     inst_50+12
x30 <- 0x000000B8B0A8A098

mem[X,0x0000000080000FC0] -> 0x1F13
mem[X,0x0000000080000FC2] -> 0x00BF
[1009] [M]: 0x0000000080000FC0 (0x00BF1F13) slli x30, x30, 0xb                      inst_50+16
x30 <- 0x0005C5854504C000

clint mtime 0x00000000000001F9 (mip.MTI <- 0b1, mip.STI <- 0b0)
mem[X,0x0000000080000FC4] -> 0x0F13
mem[X,0x0000000080000FC6] -> 0x484F
[1010] [M]: 0x0000000080000FC4 (0x484F0F13) addi x30, x30, 0x484                    inst_50+20
x30 <- 0x0005C5854504C484

mem[X,0x0000000080000FC8] -> 0x1F13
mem[X,0x0000000080000FCA] -> 0x00AF
[1011] [M]: 0x0000000080000FC8 (0x00AF1F13) slli x30, x30, 0xa                      inst_50+24
x30 <- 0x1716151413121000

clint mtime 0x00000000000001FA (mip.MTI <- 0b1, mip.STI <- 0b0)
mem[X,0x0000000080000FCC] -> 0x0F13
mem[X,0x0000000080000FCE] -> 0x110F
[1012] [M]: 0x0000000080000FCC (0x110F0F13) addi x30, x30, 0x110                    inst_50+28
x30 <- 0x1716151413121110

mem[X,0x0000000080000FD0] -> 0x2EB7
mem[X,0x0000000080000FD2] -> 0x1F1E
[1013] [M]: 0x0000000080000FD0 (0x1F1E2EB7) lui x29, 0x1f1e2                        inst_50+32
x29 <- 0x000000001F1E2000

clint mtime 0x00000000000001FB (mip.MTI <- 0b1, mip.STI <- 0b0)
mem[X,0x0000000080000FD4] -> 0x8E93
mem[X,0x0000000080000FD6] -> 0xD1CE
[1014] [M]: 0x0000000080000FD4 (0xD1CE8E93) addi x29, x29, -0x2e4                   inst_50+36
x29 <- 0x000000001F1E1D1C

mem[X,0x0000000080000FD8] -> 0x9E93
mem[X,0x0000000080000FDA] -> 0x00BE
[1015] [M]: 0x0000000080000FD8 (0x00BE9E93) slli x29, x29, 0xb                      inst_50+40
x29 <- 0x000000F8F0E8E000

clint mtime 0x00000000000001FC (mip.MTI <- 0b1, mip.STI <- 0b0)
mem[X,0x0000000080000FDC] -> 0x8E93
mem[X,0x0000000080000FDE] -> 0x0D8E
[1016] [M]: 0x0000000080000FDC (0x0D8E8E93) addi x29, x29, 0xd8                     inst_50+44
x29 <- 0x000000F8F0E8E0D8

mem[X,0x0000000080000FE0] -> 0x9E93
mem[X,0x0000000080000FE2] -> 0x00BE
[1017] [M]: 0x0000000080000FE0 (0x00BE9E93) slli x29, x29, 0xb                      inst_50+48
x29 <- 0x0007C7874706C000

clint mtime 0x00000000000001FD (mip.MTI <- 0b1, mip.STI <- 0b0)
mem[X,0x0000000080000FE4] -> 0x8E93
mem[X,0x0000000080000FE6] -> 0x686E
[1018] [M]: 0x0000000080000FE4 (0x686E8E93) addi x29, x29, 0x686                    inst_50+52
x29 <- 0x0007C7874706C686

mem[X,0x0000000080000FE8] -> 0x9E93
mem[X,0x0000000080000FEA] -> 0x00AE
[1019] [M]: 0x0000000080000FE8 (0x00AE9E93) slli x29, x29, 0xa                      inst_50+56
x29 <- 0x1F1E1D1C1B1A1800

clint mtime 0x00000000000001FE (mip.MTI <- 0b1, mip.STI <- 0b0)
mem[X,0x0000000080000FEC] -> 0x8E93
mem[X,0x0000000080000FEE] -> 0x118E
[1020] [M]: 0x0000000080000FEC (0x118E8E93) addi x29, x29, 0x118                    inst_50+60
x29 <- 0x1F1E1D1C1B1A1918

mem[X,0x0000000080000FF0] -> 0x0FB3
mem[X,0x0000000080000FF2] -> 0x3FDF
[1021] [M]: 0x0000000080000FF0 (0x3FDF0FB3) aes64dsm x31, x30, x29                  inst_50+64
x31 <- 0x6C5C7A9F6E57FBA4

clint mtime 0x00000000000001FF (mip.MTI <- 0b1, mip.STI <- 0b0)
mem[X,0x0000000080000FF4] -> 0x3423
mem[X,0x0000000080000FF6] -> 0x0DF4
[1022] [M]: 0x0000000080000FF4 (0x0DF43423) sd x31, 0xc8(x8)                        inst_50+68
mem[W,0x00000000800042A8] <- 0x6C5C7A9F6E57FBA4

mem[X,0x0000000080000FF8] -> 0x1F37
mem[X,0x0000000080000FFA] -> 0x0F0E
[1023] [M]: 0x0000000080000FF8 (0x0F0E1F37) lui x30, 0xf0e1                         inst_51+0
x30 <- 0x000000000F0E1000

clint mtime 0x0000000000000200 (mip.MTI <- 0b1, mip.STI <- 0b0)
mem[X,0x0000000080000FFC] -> 0x0F13
mem[X,0x0000000080000FFE] -> 0xD0CF
[1024] [M]: 0x0000000080000FFC (0xD0CF0F13) addi x30, x30, -0x2f4                   inst_51+4
x30 <- 0x000000000F0E0D0C

mem[X,0x0000000080001000] -> 0x1F13
mem[X,0x0000000080001002] -> 0x00BF
[1025] [M]: 0x0000000080001000 (0x00BF1F13) slli x30, x30, 0xb                      inst_51+8
x30 <- 0x0000007870686000

clint mtime 0x0000000000000201 (mip.MTI <- 0b1, mip.STI <- 0b0)
mem[X,0x0000000080001004] -> 0x0F13
mem[X,0x0000000080001006] -> 0x058F
[1026] [M]: 0x0000000080001004 (0x058F0F13) addi x30, x30, 0x58                     inst_51+12
x30 <- 0x0000007870686058

mem[X,0x0000000080001008] -> 0x1F13
mem[X,0x000000008000100A] -> 0x00BF
[1027] [M]: 0x0000000080001008 (0x00BF1F13) slli x30, x30, 0xb                      inst_51+16
x30 <- 0x0003C3834302C000

clint mtime 0x0000000000000202 (mip.MTI <- 0b1, mip.STI <- 0b0)
mem[X,0x000000008000100C] -> 0x0F13
mem[X,0x000000008000100E] -> 0x282F
[1028] [M]: 0x000000008000100C (0x282F0F13) addi x30, x30, 0x282                    inst_51+20
x30 <- 0x0003C3834302C282

mem[X,0x0000000080001010] -> 0x1F13
mem[X,0x0000000080001012] -> 0x00AF
[1029] [M]: 0x0000000080001010 (0x00AF1F13) slli x30, x30, 0xa                      inst_51+24
x30 <- 0x0F0E0D0C0B0A0800

clint mtime 0x0000000000000203 (mip.MTI <- 0b1, mip.STI <- 0b0)
mem[X,0x0000000080001014] -> 0x0F13
mem[X,0x0000000080001016] -> 0x108F
[1030] [M]: 0x0000000080001014 (0x108F0F13) addi x30, x30, 0x108                    inst_51+28
x30 <- 0x0F0E0D0C0B0A0908

mem[X,0x0000000080001018] -> 0x0EB7
mem[X,0x000000008000101A] -> 0x0706
[1031] [M]: 0x0000000080001018 (0x07060EB7) lui x29, 0x7060                         inst_51+32
x29 <- 0x0000000007060000

clint mtime 0x0000000000000204 (mip.MTI <- 0b1, mip.STI <- 0b0)
mem[X,0x000000008000101C] -> 0x8E93
mem[X,0x000000008000101E] -> 0x504E
[1032] [M]: 0x000000008000101C (0x504E8E93) addi x29, x29, 0x504                    inst_51+36
x29 <- 0x0000000007060504

mem[X,0x0000000080001020] -> 0x9E93
mem[X,0x0000000080001022] -> 0x00BE
[1033] [M]: 0x0000000080001020 (0x00BE9E93) slli x29, x29, 0xb                      inst_51+40
x29 <- 0x0000003830282000

clint mtime 0x0000000000000205 (mip.MTI <- 0b1, mip.STI <- 0b0)
mem[X,0x0000000080001024] -> 0x8E93
mem[X,0x0000000080001026] -> 0x018E
[1034] [M]: 0x0000000080001024 (0x018E8E93) addi x29, x29, 0x18                     inst_51+44
x29 <- 0x0000003830282018

mem[X,0x0000000080001028] -> 0x9E93
mem[X,0x000000008000102A] -> 0x00BE
[1035] [M]: 0x0000000080001028 (0x00BE9E93) slli x29, x29, 0xb                      inst_51+48
x29 <- 0x0001C1814100C000

clint mtime 0x0000000000000206 (mip.MTI <- 0b1, mip.STI <- 0b0)
mem[X,0x000000008000102C] -> 0x8E93
mem[X,0x000000008000102E] -> 0x080E
[1036] [M]: 0x000000008000102C (0x080E8E93) addi x29, x29, 0x80                     inst_51+52
x29 <- 0x0001C1814100C080

mem[X,0x0000000080001030] -> 0x9E93
mem[X,0x0000000080001032] -> 0x00AE
[1037] [M]: 0x0000000080001030 (0x00AE9E93) slli x29, x29, 0xa                      inst_51+56
x29 <- 0x0706050403020000

clint mtime 0x0000000000000207 (mip.MTI <- 0b1, mip.STI <- 0b0)
mem[X,0x0000000080001034] -> 0x8E93
mem[X,0x0000000080001036] -> 0x100E
[1038] [M]: 0x0000000080001034 (0x100E8E93) addi x29, x29, 0x100                    inst_51+60
x29 <- 0x0706050403020100

mem[X,0x0000000080001038] -> 0x0FB3
mem[X,0x000000008000103A] -> 0x3FDF
[1039] [M]: 0x0000000080001038 (0x3FDF0FB3) aes64dsm x31, x30, x29                  inst_51+64
x31 <- 0x519BBDC6B2F24F17

clint mtime 0x0000000000000208 (mip.MTI <- 0b1, mip.STI <- 0b0)
mem[X,0x000000008000103C] -> 0x3823
mem[X,0x000000008000103E] -> 0x0DF4
[1040] [M]: 0x000000008000103C (0x0DF43823) sd x31, 0xd0(x8)                        inst_51+68
mem[W,0x00000000800042B0] <- 0x519BBDC6B2F24F17

mem[X,0x0000000080001040] -> 0xCF37
mem[X,0x0000000080001042] -> 0x6D23
[1041] [M]: 0x0000000080001040 (0x6D23CF37) lui x30, 0x6d23c                        inst_52+0
x30 <- 0x000000006D23C000

clint mtime 0x0000000000000209 (mip.MTI <- 0b1, mip.STI <- 0b0)
mem[X,0x0000000080001044] -> 0x0F13
mem[X,0x0000000080001046] -> 0x048F
[1042] [M]: 0x0000000080001044 (0x048F0F13) addi x30, x30, 0x48                     inst_52+4
x30 <- 0x000000006D23C048

mem[X,0x0000000080001048] -> 0x1F13
mem[X,0x000000008000104A] -> 0x00BF
[1043] [M]: 0x0000000080001048 (0x00BF1F13) slli x30, x30, 0xb                      inst_52+8
x30 <- 0x000003691E024000

clint mtime 0x000000000000020A (mip.MTI <- 0b1, mip.STI <- 0b0)
mem[X,0x000000008000104C] -> 0x0F13
mem[X,0x000000008000104E] -> 0x453F
[1044] [M]: 0x000000008000104C (0x453F0F13) addi x30, x30, 0x453                    inst_52+12
x30 <- 0x000003691E024453

mem[X,0x0000000080001050] -> 0x1F13
mem[X,0x0000000080001052] -> 0x00BF
[1045] [M]: 0x0000000080001050 (0x00BF1F13) slli x30, x30, 0xb                      inst_52+16
x30 <- 0x001B48F012229800

clint mtime 0x000000000000020B (mip.MTI <- 0b1, mip.STI <- 0b0)
mem[X,0x0000000080001054] -> 0x0F13
mem[X,0x0000000080001056] -> 0x006F
[1046] [M]: 0x0000000080001054 (0x006F0F13) addi x30, x30, 0x6                      inst_52+20
x30 <- 0x001B48F012229806

mem[X,0x0000000080001058] -> 0x1F13
mem[X,0x000000008000105A] -> 0x00AF
[1047] [M]: 0x0000000080001058 (0x00AF1F13) slli x30, x30, 0xa                      inst_52+24
x30 <- 0x6D23C0488A601800

clint mtime 0x000000000000020C (mip.MTI <- 0b1, mip.STI <- 0b0)
mem[X,0x000000008000105C] -> 0x0F13
mem[X,0x000000008000105E] -> 0x1C1F
[1048] [M]: 0x000000008000105C (0x1C1F0F13) addi x30, x30, 0x1c1                    inst_52+28
x30 <- 0x6D23C0488A6019C1

mem[X,0x0000000080001060] -> 0xEEB7
mem[X,0x0000000080001062] -> 0x860B
[1049] [M]: 0x0000000080001060 (0x860BEEB7) lui x29, -0x79f42                       inst_52+32
x29 <- 0xFFFFFFFF860BE000

clint mtime 0x000000000000020D (mip.MTI <- 0b1, mip.STI <- 0b0)
mem[X,0x0000000080001064] -> 0x8E93
mem[X,0x0000000080001066] -> 0xAADE
[1050] [M]: 0x0000000080001064 (0xAADE8E93) addi x29, x29, -0x553                   inst_52+36
x29 <- 0xFFFFFFFF860BDAAD

mem[X,0x0000000080001068] -> 0x9E93
mem[X,0x000000008000106A] -> 0x00BE
[1051] [M]: 0x0000000080001068 (0x00BE9E93) slli x29, x29, 0xb                      inst_52+40
x29 <- 0xFFFFFC305ED56800

clint mtime 0x000000000000020E (mip.MTI <- 0b1, mip.STI <- 0b0)
mem[X,0x000000008000106C] -> 0x8E93
mem[X,0x000000008000106E] -> 0x3A2E
[1052] [M]: 0x000000008000106C (0x3A2E8E93) addi x29, x29, 0x3a2                    inst_52+44
x29 <- 0xFFFFFC305ED56BA2

mem[X,0x0000000080001070] -> 0x9E93
mem[X,0x0000000080001072] -> 0x00BE
[1053] [M]: 0x0000000080001070 (0x00BE9E93) slli x29, x29, 0xb                      inst_52+48
x29 <- 0xFFE182F6AB5D1000

clint mtime 0x000000000000020F (mip.MTI <- 0b1, mip.STI <- 0b0)
mem[X,0x0000000080001074] -> 0x8E93
mem[X,0x0000000080001076] -> 0x1E8E
[1054] [M]: 0x0000000080001074 (0x1E8E8E93) addi x29, x29, 0x1e8                    inst_52+52
x29 <- 0xFFE182F6AB5D11E8

mem[X,0x0000000080001078] -> 0x9E93
mem[X,0x000000008000107A] -> 0x00AE
[1055] [M]: 0x0000000080001078 (0x00AE9E93) slli x29, x29, 0xa                      inst_52+56
x29 <- 0x860BDAAD7447A000

clint mtime 0x0000000000000210 (mip.MTI <- 0b1, mip.STI <- 0b0)
mem[X,0x000000008000107C] -> 0x8E93
mem[X,0x000000008000107E] -> 0x088E
[1056] [M]: 0x000000008000107C (0x088E8E93) addi x29, x29, 0x88                     inst_52+60
x29 <- 0x860BDAAD7447A088

mem[X,0x0000000080001080] -> 0x0FB3
mem[X,0x0000000080001082] -> 0x3FDF
[1057] [M]: 0x0000000080001080 (0x3FDF0FB3) aes64dsm x31, x30, x29                  inst_52+64
x31 <- 0x837BDB2D7454B99B

clint mtime 0x0000000000000211 (mip.MTI <- 0b1, mip.STI <- 0b0)
mem[X,0x0000000080001084] -> 0x3C23
mem[X,0x0000000080001086] -> 0x0DF4
[1058] [M]: 0x0000000080001084 (0x0DF43C23) sd x31, 0xd8(x8)                        inst_52+68
mem[W,0x00000000800042B8] <- 0x837BDB2D7454B99B

mem[X,0x0000000080001088] -> 0x9F37
mem[X,0x000000008000108A] -> 0x1F7D
[1059] [M]: 0x0000000080001088 (0x1F7D9F37) lui x30, 0x1f7d9                        inst_53+0
x30 <- 0x000000001F7D9000

clint mtime 0x0000000000000212 (mip.MTI <- 0b1, mip.STI <- 0b0)
mem[X,0x000000008000108C] -> 0x0F13
mem[X,0x000000008000108E] -> 0x46FF
[1060] [M]: 0x000000008000108C (0x46FF0F13) addi x30, x30, 0x46f                    inst_53+4
x30 <- 0x000000001F7D946F

mem[X,0x0000000080001090] -> 0x1F13
mem[X,0x0000000080001092] -> 0x00BF
[1061] [M]: 0x0000000080001090 (0x00BF1F13) slli x30, x30, 0xb                      inst_53+8
x30 <- 0x000000FBECA37800

clint mtime 0x0000000000000213 (mip.MTI <- 0b1, mip.STI <- 0b0)
mem[X,0x0000000080001094] -> 0x0F13
mem[X,0x0000000080001096] -> 0x0B8F
[1062] [M]: 0x0000000080001094 (0x0B8F0F13) addi x30, x30, 0xb8                     inst_53+12
x30 <- 0x000000FBECA378B8

mem[X,0x0000000080001098] -> 0x1F13
mem[X,0x000000008000109A] -> 0x00BF
[1063] [M]: 0x0000000080001098 (0x00BF1F13) slli x30, x30, 0xb                      inst_53+16
x30 <- 0x0007DF651BC5C000

clint mtime 0x0000000000000214 (mip.MTI <- 0b1, mip.STI <- 0b0)
mem[X,0x000000008000109C] -> 0x0F13
mem[X,0x000000008000109E] -> 0x5A2F
[1064] [M]: 0x000000008000109C (0x5A2F0F13) addi x30, x30, 0x5a2                    inst_53+20
x30 <- 0x0007DF651BC5C5A2

mem[X,0x00000000800010A0] -> 0x1F13
mem[X,0x00000000800010A2] -> 0x00AF
[1065] [M]: 0x00000000800010A0 (0x00AF1F13) slli x30, x30, 0xa                      inst_53+24
x30 <- 0x1F7D946F17168800

clint mtime 0x0000000000000215 (mip.MTI <- 0b1, mip.STI <- 0b0)
mem[X,0x00000000800010A4] -> 0x0F13
mem[X,0x00000000800010A6] -> 0x2B3F
[1066] [M]: 0x00000000800010A4 (0x2B3F0F13) addi x30, x30, 0x2b3                    inst_53+28
x30 <- 0x1F7D946F17168AB3

mem[X,0x00000000800010A8] -> 0xEEB7
mem[X,0x00000000800010AA] -> 0x66EA
[1067] [M]: 0x00000000800010A8 (0x66EAEEB7) lui x29, 0x66eae                        inst_53+32
x29 <- 0x0000000066EAE000

clint mtime 0x0000000000000216 (mip.MTI <- 0b1, mip.STI <- 0b0)
mem[X,0x00000000800010AC] -> 0x8E93
mem[X,0x00000000800010AE] -> 0x3D9E
[1068] [M]: 0x00000000800010AC (0x3D9E8E93) addi x29, x29, 0x3d9                    inst_53+36
x29 <- 0x0000000066EAE3D9

mem[X,0x00000000800010B0] -> 0x9E93
mem[X,0x00000000800010B2] -> 0x00BE
[1069] [M]: 0x00000000800010B0 (0x00BE9E93) slli x29, x29, 0xb                      inst_53+40
x29 <- 0x00000337571EC800

clint mtime 0x0000000000000217 (mip.MTI <- 0b1, mip.STI <- 0b0)
mem[X,0x00000000800010B4] -> 0x8E93
mem[X,0x00000000800010B6] -> 0x5DDE
[1070] [M]: 0x00000000800010B4 (0x5DDE8E93) addi x29, x29, 0x5dd                    inst_53+44
x29 <- 0x00000337571ECDDD

mem[X,0x00000000800010B8] -> 0x9E93
mem[X,0x00000000800010BA] -> 0x00BE
[1071] [M]: 0x00000000800010B8 (0x00BE9E93) slli x29, x29, 0xb                      inst_53+48
x29 <- 0x0019BAB8F66EE800

clint mtime 0x0000000000000218 (mip.MTI <- 0b1, mip.STI <- 0b0)
mem[X,0x00000000800010BC] -> 0x8E93
mem[X,0x00000000800010BE] -> 0x53DE
[1072] [M]: 0x00000000800010BC (0x53DE8E93) addi x29, x29, 0x53d                    inst_53+52
x29 <- 0x0019BAB8F66EED3D

mem[X,0x00000000800010C0] -> 0x9E93
mem[X,0x00000000800010C2] -> 0x00AE
[1073] [M]: 0x00000000800010C0 (0x00AE9E93) slli x29, x29, 0xa                      inst_53+56
x29 <- 0x66EAE3D9BBB4F400

clint mtime 0x0000000000000219 (mip.MTI <- 0b1, mip.STI <- 0b0)
mem[X,0x00000000800010C4] -> 0x8E93
mem[X,0x00000000800010C6] -> 0x160E
[1074] [M]: 0x00000000800010C4 (0x160E8E93) addi x29, x29, 0x160                    inst_53+60
x29 <- 0x66EAE3D9BBB4F560

mem[X,0x00000000800010C8] -> 0x0FB3
mem[X,0x00000000800010CA] -> 0x3FDF
[1075] [M]: 0x00000000800010C8 (0x3FDF0FB3) aes64dsm x31, x30, x29                  inst_53+64
x31 <- 0x517363CDAD8D3D16

clint mtime 0x000000000000021A (mip.MTI <- 0b1, mip.STI <- 0b0)
mem[X,0x00000000800010CC] -> 0x3023
mem[X,0x00000000800010CE] -> 0x0FF4
[1076] [M]: 0x00000000800010CC (0x0FF43023) sd x31, 0xe0(x8)                        inst_53+68
mem[W,0x00000000800042C0] <- 0x517363CDAD8D3D16

mem[X,0x00000000800010D0] -> 0xBF37
mem[X,0x00000000800010D2] -> 0xAFAE
[1077] [M]: 0x00000000800010D0 (0xAFAEBF37) lui x30, -0x50515                       inst_54+0
x30 <- 0xFFFFFFFFAFAEB000

clint mtime 0x000000000000021B (mip.MTI <- 0b1, mip.STI <- 0b0)
mem[X,0x00000000800010D4] -> 0x0F13
mem[X,0x00000000800010D6] -> 0xDACF
[1078] [M]: 0x00000000800010D4 (0xDACF0F13) addi x30, x30, -0x254                   inst_54+4
x30 <- 0xFFFFFFFFAFAEADAC

mem[X,0x00000000800010D8] -> 0x1F13
mem[X,0x00000000800010DA] -> 0x00BF
[1079] [M]: 0x00000000800010D8 (0x00BF1F13) slli x30, x30, 0xb                      inst_54+8
x30 <- 0xFFFFFD7D756D6000

clint mtime 0x000000000000021C (mip.MTI <- 0b1, mip.STI <- 0b0)
mem[X,0x00000000800010DC] -> 0x0F13
mem[X,0x00000000800010DE] -> 0x55DF
[1080] [M]: 0x00000000800010DC (0x55DF0F13) addi x30, x30, 0x55d                    inst_54+12
x30 <- 0xFFFFFD7D756D655D

mem[X,0x00000000800010E0] -> 0x1F13
mem[X,0x00000000800010E2] -> 0x00BF
[1081] [M]: 0x00000000800010E0 (0x00BF1F13) slli x30, x30, 0xb                      inst_54+16
x30 <- 0xFFEBEBAB6B2AE800

clint mtime 0x000000000000021D (mip.MTI <- 0b1, mip.STI <- 0b0)
mem[X,0x00000000800010E4] -> 0x0F13
mem[X,0x00000000800010E6] -> 0x2AAF
[1082] [M]: 0x00000000800010E4 (0x2AAF0F13) addi x30, x30, 0x2aa                    inst_54+20
x30 <- 0xFFEBEBAB6B2AEAAA

mem[X,0x00000000800010E8] -> 0x1F13
mem[X,0x00000000800010EA] -> 0x00AF
[1083] [M]: 0x00000000800010E8 (0x00AF1F13) slli x30, x30, 0xa                      inst_54+24
x30 <- 0xAFAEADACABAAA800

clint mtime 0x000000000000021E (mip.MTI <- 0b1, mip.STI <- 0b0)
mem[X,0x00000000800010EC] -> 0x0F13
mem[X,0x00000000800010EE] -> 0x1A8F
[1084] [M]: 0x00000000800010EC (0x1A8F0F13) addi x30, x30, 0x1a8                    inst_54+28
x30 <- 0xAFAEADACABAAA9A8

mem[X,0x00000000800010F0] -> 0xAEB7
mem[X,0x00000000800010F2] -> 0xA7A6
[1085] [M]: 0x00000000800010F0 (0xA7A6AEB7) lui x29, -0x58596                       inst_54+32
x29 <- 0xFFFFFFFFA7A6A000

clint mtime 0x000000000000021F (mip.MTI <- 0b1, mip.STI <- 0b0)
mem[X,0x00000000800010F4] -> 0x8E93
mem[X,0x00000000800010F6] -> 0x5A4E
[1086] [M]: 0x00000000800010F4 (0x5A4E8E93) addi x29, x29, 0x5a4                    inst_54+36
x29 <- 0xFFFFFFFFA7A6A5A4

mem[X,0x00000000800010F8] -> 0x9E93
mem[X,0x00000000800010FA] -> 0x00BE
[1087] [M]: 0x00000000800010F8 (0x00BE9E93) slli x29, x29, 0xb                      inst_54+40
x29 <- 0xFFFFFD3D352D2000

clint mtime 0x0000000000000220 (mip.MTI <- 0b1, mip.STI <- 0b0)
mem[X,0x00000000800010FC] -> 0x8E93
mem[X,0x00000000800010FE] -> 0x51DE
[1088] [M]: 0x00000000800010FC (0x51DE8E93) addi x29, x29, 0x51d                    inst_54+44
x29 <- 0xFFFFFD3D352D251D

mem[X,0x0000000080001100] -> 0x9E93
mem[X,0x0000000080001102] -> 0x00BE
[1089] [M]: 0x0000000080001100 (0x00BE9E93) slli x29, x29, 0xb                      inst_54+48
x29 <- 0xFFE9E9A96928E800

clint mtime 0x0000000000000221 (mip.MTI <- 0b1, mip.STI <- 0b0)
mem[X,0x0000000080001104] -> 0x8E93
mem[X,0x0000000080001106] -> 0x0A8E
[1090] [M]: 0x0000000080001104 (0x0A8E8E93) addi x29, x29, 0xa8                     inst_54+52
x29 <- 0xFFE9E9A96928E8A8

mem[X,0x0000000080001108] -> 0x9E93
mem[X,0x000000008000110A] -> 0x00AE
[1091] [M]: 0x0000000080001108 (0x00AE9E93) slli x29, x29, 0xa                      inst_54+56
x29 <- 0xA7A6A5A4A3A2A000

clint mtime 0x0000000000000222 (mip.MTI <- 0b1, mip.STI <- 0b0)
mem[X,0x000000008000110C] -> 0x8E93
mem[X,0x000000008000110E] -> 0x1A0E
[1092] [M]: 0x000000008000110C (0x1A0E8E93) addi x29, x29, 0x1a0                    inst_54+60
x29 <- 0xA7A6A5A4A3A2A1A0

mem[X,0x0000000080001110] -> 0x0FB3
mem[X,0x0000000080001112] -> 0x3FDF
[1093] [M]: 0x0000000080001110 (0x3FDF0FB3) aes64dsm x31, x30, x29                  inst_54+64
x31 <- 0x7F87F0A1729ECE65

clint mtime 0x0000000000000223 (mip.MTI <- 0b1, mip.STI <- 0b0)
mem[X,0x0000000080001114] -> 0x3423
mem[X,0x0000000080001116] -> 0x0FF4
[1094] [M]: 0x0000000080001114 (0x0FF43423) sd x31, 0xe8(x8)                        inst_54+68
mem[W,0x00000000800042C8] <- 0x7F87F0A1729ECE65

mem[X,0x0000000080001118] -> 0xAF37
mem[X,0x000000008000111A] -> 0x9F9E
[1095] [M]: 0x0000000080001118 (0x9F9EAF37) lui x30, -0x60616                       inst_55+0
x30 <- 0xFFFFFFFF9F9EA000

clint mtime 0x0000000000000224 (mip.MTI <- 0b1, mip.STI <- 0b0)
mem[X,0x000000008000111C] -> 0x0F13
mem[X,0x000000008000111E] -> 0xD9CF
[1096] [M]: 0x000000008000111C (0xD9CF0F13) addi x30, x30, -0x264                   inst_55+4
x30 <- 0xFFFFFFFF9F9E9D9C

mem[X,0x0000000080001120] -> 0x1F13
mem[X,0x0000000080001122] -> 0x00BF
[1097] [M]: 0x0000000080001120 (0x00BF1F13) slli x30, x30, 0xb                      inst_55+8
x30 <- 0xFFFFFCFCF4ECE000

clint mtime 0x0000000000000225 (mip.MTI <- 0b1, mip.STI <- 0b0)
mem[X,0x0000000080001124] -> 0x0F13
mem[X,0x0000000080001126] -> 0x4DCF
[1098] [M]: 0x0000000080001124 (0x4DCF0F13) addi x30, x30, 0x4dc                    inst_55+12
x30 <- 0xFFFFFCFCF4ECE4DC

mem[X,0x0000000080001128] -> 0x1F13
mem[X,0x000000008000112A] -> 0x00BF
[1099] [M]: 0x0000000080001128 (0x00BF1F13) slli x30, x30, 0xb                      inst_55+16
x30 <- 0xFFE7E7A76726E000

clint mtime 0x0000000000000226 (mip.MTI <- 0b1, mip.STI <- 0b0)
mem[X,0x000000008000112C] -> 0x0F13
mem[X,0x000000008000112E] -> 0x6A6F
[1100] [M]: 0x000000008000112C (0x6A6F0F13) addi x30, x30, 0x6a6                    inst_55+20
x30 <- 0xFFE7E7A76726E6A6

mem[X,0x0000000080001130] -> 0x1F13
mem[X,0x0000000080001132] -> 0x00AF
[1101] [M]: 0x0000000080001130 (0x00AF1F13) slli x30, x30, 0xa                      inst_55+24
x30 <- 0x9F9E9D9C9B9A9800

clint mtime 0x0000000000000227 (mip.MTI <- 0b1, mip.STI <- 0b0)
mem[X,0x0000000080001134] -> 0x0F13
mem[X,0x0000000080001136] -> 0x198F
[1102] [M]: 0x0000000080001134 (0x198F0F13) addi x30, x30, 0x198                    inst_55+28
x30 <- 0x9F9E9D9C9B9A9998

mem[X,0x0000000080001138] -> 0x9EB7
mem[X,0x000000008000113A] -> 0x9796
[1103] [M]: 0x0000000080001138 (0x97969EB7) lui x29, -0x68697                       inst_55+32
x29 <- 0xFFFFFFFF97969000

clint mtime 0x0000000000000228 (mip.MTI <- 0b1, mip.STI <- 0b0)
mem[X,0x000000008000113C] -> 0x8E93
mem[X,0x000000008000113E] -> 0x594E
[1104] [M]: 0x000000008000113C (0x594E8E93) addi x29, x29, 0x594                    inst_55+36
x29 <- 0xFFFFFFFF97969594

mem[X,0x0000000080001140] -> 0x9E93
mem[X,0x0000000080001142] -> 0x00BE
[1105] [M]: 0x0000000080001140 (0x00BE9E93) slli x29, x29, 0xb                      inst_55+40
x29 <- 0xFFFFFCBCB4ACA000

clint mtime 0x0000000000000229 (mip.MTI <- 0b1, mip.STI <- 0b0)
mem[X,0x0000000080001144] -> 0x8E93
mem[X,0x0000000080001146] -> 0x49CE
[1106] [M]: 0x0000000080001144 (0x49CE8E93) addi x29, x29, 0x49c                    inst_55+44
x29 <- 0xFFFFFCBCB4ACA49C

mem[X,0x0000000080001148] -> 0x9E93
mem[X,0x000000008000114A] -> 0x00BE
[1107] [M]: 0x0000000080001148 (0x00BE9E93) slli x29, x29, 0xb                      inst_55+48
x29 <- 0xFFE5E5A56524E000

clint mtime 0x000000000000022A (mip.MTI <- 0b1, mip.STI <- 0b0)
mem[X,0x000000008000114C] -> 0x8E93
mem[X,0x000000008000114E] -> 0x4A4E
[1108] [M]: 0x000000008000114C (0x4A4E8E93) addi x29, x29, 0x4a4                    inst_55+52
x29 <- 0xFFE5E5A56524E4A4

mem[X,0x0000000080001150] -> 0x9E93
mem[X,0x0000000080001152] -> 0x00AE
[1109] [M]: 0x0000000080001150 (0x00AE9E93) slli x29, x29, 0xa                      inst_55+56
x29 <- 0x9796959493929000

clint mtime 0x000000000000022B (mip.MTI <- 0b1, mip.STI <- 0b0)
mem[X,0x0000000080001154] -> 0x8E93
mem[X,0x0000000080001156] -> 0x190E
[1110] [M]: 0x0000000080001154 (0x190E8E93) addi x29, x29, 0x190                    inst_55+60
x29 <- 0x9796959493929190

mem[X,0x0000000080001158] -> 0x0FB3
mem[X,0x000000008000115A] -> 0x3FDF
[1111] [M]: 0x0000000080001158 (0x3FDF0FB3) aes64dsm x31, x30, x29                  inst_55+64
x31 <- 0x3C9C184A87E5EED9

clint mtime 0x000000000000022C (mip.MTI <- 0b1, mip.STI <- 0b0)
mem[X,0x000000008000115C] -> 0x3823
mem[X,0x000000008000115E] -> 0x0FF4
[1112] [M]: 0x000000008000115C (0x0FF43823) sd x31, 0xf0(x8)                        inst_55+68
mem[W,0x00000000800042D0] <- 0x3C9C184A87E5EED9

mem[X,0x0000000080001160] -> 0x9F37
mem[X,0x0000000080001162] -> 0x8F8E
[1113] [M]: 0x0000000080001160 (0x8F8E9F37) lui x30, -0x70717                       inst_56+0
x30 <- 0xFFFFFFFF8F8E9000

clint mtime 0x000000000000022D (mip.MTI <- 0b1, mip.STI <- 0b0)
mem[X,0x0000000080001164] -> 0x0F13
mem[X,0x0000000080001166] -> 0xD8CF
[1114] [M]: 0x0000000080001164 (0xD8CF0F13) addi x30, x30, -0x274                   inst_56+4
x30 <- 0xFFFFFFFF8F8E8D8C

mem[X,0x0000000080001168] -> 0x1F13
mem[X,0x000000008000116A] -> 0x00BF
[1115] [M]: 0x0000000080001168 (0x00BF1F13) slli x30, x30, 0xb                      inst_56+8
x30 <- 0xFFFFFC7C746C6000

clint mtime 0x000000000000022E (mip.MTI <- 0b1, mip.STI <- 0b0)
mem[X,0x000000008000116C] -> 0x0F13
mem[X,0x000000008000116E] -> 0x45CF
[1116] [M]: 0x000000008000116C (0x45CF0F13) addi x30, x30, 0x45c                    inst_56+12
x30 <- 0xFFFFFC7C746C645C

mem[X,0x0000000080001170] -> 0x1F13
mem[X,0x0000000080001172] -> 0x00BF
[1117] [M]: 0x0000000080001170 (0x00BF1F13) slli x30, x30, 0xb                      inst_56+16
x30 <- 0xFFE3E3A36322E000

clint mtime 0x000000000000022F (mip.MTI <- 0b1, mip.STI <- 0b0)
mem[X,0x0000000080001174] -> 0x0F13
mem[X,0x0000000080001176] -> 0x2A2F
[1118] [M]: 0x0000000080001174 (0x2A2F0F13) addi x30, x30, 0x2a2                    inst_56+20
x30 <- 0xFFE3E3A36322E2A2

mem[X,0x0000000080001178] -> 0x1F13
mem[X,0x000000008000117A] -> 0x00AF
[1119] [M]: 0x0000000080001178 (0x00AF1F13) slli x30, x30, 0xa                      inst_56+24
x30 <- 0x8F8E8D8C8B8A8800

clint mtime 0x0000000000000230 (mip.MTI <- 0b1, mip.STI <- 0b0)
mem[X,0x000000008000117C] -> 0x0F13
mem[X,0x000000008000117E] -> 0x188F
[1120] [M]: 0x000000008000117C (0x188F0F13) addi x30, x30, 0x188                    inst_56+28
x30 <- 0x8F8E8D8C8B8A8988

mem[X,0x0000000080001180] -> 0x8EB7
mem[X,0x0000000080001182] -> 0x8786
[1121] [M]: 0x0000000080001180 (0x87868EB7) lui x29, -0x78798                       inst_56+32
x29 <- 0xFFFFFFFF87868000

clint mtime 0x0000000000000231 (mip.MTI <- 0b1, mip.STI <- 0b0)
mem[X,0x0000000080001184] -> 0x8E93
mem[X,0x0000000080001186] -> 0x584E
[1122] [M]: 0x0000000080001184 (0x584E8E93) addi x29, x29, 0x584                    inst_56+36
x29 <- 0xFFFFFFFF87868584

mem[X,0x0000000080001188] -> 0x9E93
mem[X,0x000000008000118A] -> 0x00BE
[1123] [M]: 0x0000000080001188 (0x00BE9E93) slli x29, x29, 0xb                      inst_56+40
x29 <- 0xFFFFFC3C342C2000

clint mtime 0x0000000000000232 (mip.MTI <- 0b1, mip.STI <- 0b0)
mem[X,0x000000008000118C] -> 0x8E93
mem[X,0x000000008000118E] -> 0x41CE
[1124] [M]: 0x000000008000118C (0x41CE8E93) addi x29, x29, 0x41c                    inst_56+44
x29 <- 0xFFFFFC3C342C241C

mem[X,0x0000000080001190] -> 0x9E93
mem[X,0x0000000080001192] -> 0x00BE
[1125] [M]: 0x0000000080001190 (0x00BE9E93) slli x29, x29, 0xb                      inst_56+48
x29 <- 0xFFE1E1A16120E000

clint mtime 0x0000000000000233 (mip.MTI <- 0b1, mip.STI <- 0b0)
mem[X,0x0000000080001194] -> 0x8E93
mem[X,0x0000000080001196] -> 0x0A0E
[1126] [M]: 0x0000000080001194 (0x0A0E8E93) addi x29, x29, 0xa0                     inst_56+52
x29 <- 0xFFE1E1A16120E0A0

mem[X,0x0000000080001198] -> 0x9E93
mem[X,0x000000008000119A] -> 0x00AE
[1127] [M]: 0x0000000080001198 (0x00AE9E93) slli x29, x29, 0xa                      inst_56+56
x29 <- 0x8786858483828000

clint mtime 0x0000000000000234 (mip.MTI <- 0b1, mip.STI <- 0b0)
mem[X,0x000000008000119C] -> 0x8E93
mem[X,0x000000008000119E] -> 0x180E
[1128] [M]: 0x000000008000119C (0x180E8E93) addi x29, x29, 0x180                    inst_56+60
x29 <- 0x8786858483828180

mem[X,0x00000000800011A0] -> 0x0FB3
mem[X,0x00000000800011A2] -> 0x3FDF
[1129] [M]: 0x00000000800011A0 (0x3FDF0FB3) aes64dsm x31, x30, x29                  inst_56+64
x31 <- 0xC9465F4F9E95B52C

clint mtime 0x0000000000000235 (mip.MTI <- 0b1, mip.STI <- 0b0)
mem[X,0x00000000800011A4] -> 0x3C23
mem[X,0x00000000800011A6] -> 0x0FF4
[1130] [M]: 0x00000000800011A4 (0x0FF43C23) sd x31, 0xf8(x8)                        inst_56+68
mem[W,0x00000000800042D8] <- 0xC9465F4F9E95B52C

mem[X,0x00000000800011A8] -> 0x006F
mem[X,0x00000000800011AA] -> 0x0380
[1131] [M]: 0x00000000800011A8 (0x0380006F) jal x0, 0x38                            rvtest_code_end+0

clint mtime 0x0000000000000236 (mip.MTI <- 0b1, mip.STI <- 0b0)
mem[X,0x00000000800011E0] -> 0x0093
mem[X,0x00000000800011E2] -> 0x0010
[1132] [M]: 0x00000000800011E0 (0x00100093) addi x1, x0, 0x1                        exit_cleanup+0
x1 <- 0x0000000000000001

mem[X,0x00000000800011E4] -> 0x1397
mem[X,0x00000000800011E6] -> 0x0000
[1133] [M]: 0x00000000800011E4 (0x00001397) auipc x7, 0x1                           exit_cleanup+4
x7 <- 0x00000000800021E4

clint mtime 0x0000000000000237 (mip.MTI <- 0b1, mip.STI <- 0b0)
mem[X,0x00000000800011E8] -> 0xAE23
mem[X,0x00000000800011EA] -> 0xE013
[1134] [M]: 0x00000000800011E8 (0xE013AE23) sw x1, -0x1e4(x7)                       exit_cleanup+8
htif[0x0000000080002000] <- 0x00000001
mem[W,0x0000000080002000] <- 0x00000001

mem[X,0x00000000800011EC] -> 0xF06F
mem[X,0x00000000800011EE] -> 0xFF9F
[1135] [M]: 0x00000000800011EC (0xFF9FF06F) jal x0, -0x8                            exit_cleanup+12

clint mtime 0x0000000000000238 (mip.MTI <- 0b1, mip.STI <- 0b0)
mem[X,0x00000000800011E4] -> 0x1397
mem[X,0x00000000800011E6] -> 0x0000
[1136] [M]: 0x00000000800011E4 (0x00001397) auipc x7, 0x1                           exit_cleanup+4
x7 <- 0x00000000800021E4

mem[X,0x00000000800011E8] -> 0xAE23
mem[X,0x00000000800011EA] -> 0xE013
[1137] [M]: 0x00000000800011E8 (0xE013AE23) sw x1, -0x1e4(x7)                       exit_cleanup+8
htif[0x0000000080002000] <- 0x00000001
mem[W,0x0000000080002000] <- 0x00000001

clint mtime 0x0000000000000239 (mip.MTI <- 0b1, mip.STI <- 0b0)
mem[X,0x00000000800011EC] -> 0xF06F
mem[X,0x00000000800011EE] -> 0xFF9F
[1138] [M]: 0x00000000800011EC (0xFF9FF06F) jal x0, -0x8                            exit_cleanup+12

mem[X,0x00000000800011E4] -> 0x1397
mem[X,0x00000000800011E6] -> 0x0000
[1139] [M]: 0x00000000800011E4 (0x00001397) auipc x7, 0x1                           exit_cleanup+4
x7 <- 0x00000000800021E4

clint mtime 0x000000000000023A (mip.MTI <- 0b1, mip.STI <- 0b0)
mem[X,0x00000000800011E8] -> 0xAE23
mem[X,0x00000000800011EA] -> 0xE013
[1140] [M]: 0x00000000800011E8 (0xE013AE23) sw x1, -0x1e4(x7)                       exit_cleanup+8
htif[0x0000000080002000] <- 0x00000001
htif-syscall-proxy cmd: 0x000000000001
mem[W,0x0000000080002000] <- 0x00000001

SUCCESS
