using /opt/riscv-arch-test/riscof-plugins/rv64/riscof_work/C/src/caddi16sp-01.S/ref/Reference-sail_c_simulator.signature for test-signature output.
setting signature-granularity to 8 bytes
HTIF located at 0x80001000
begin_signature: 0x80003110
end_signature: 0x80003540
Entry point: 0x80000000
CSR mstatus (0x300) <- 0x0000000A00000000
CSR misa (0x301) <- 0x800000000034112F
CSR mcause (0x342) <- 0x0000000000000000
x10 <- 0x0000000000000000
x11 <- 0x0000000000001000
mem[X,0x0000000080000000] -> 0x0837
mem[X,0x0000000080000002] -> 0x7D5C
[0] [M]: 0x0000000080000000 (0x7D5C0837) lui x16, 0x7d5c0                           rvtest_init+0
x16 <- 0x000000007D5C0000

mem[X,0x0000000080000004] -> 0x0813
mem[X,0x0000000080000006] -> 0xDDB8
[1] [M]: 0x0000000080000004 (0xDDB80813) addi x16, x16, -0x225                      rvtest_init+4
x16 <- 0x000000007D5BFDDB

clint mtime 0x0000000000000001 (mip.MTI <- 0b1, mip.STI <- 0b0)
mem[X,0x0000000080000008] -> 0x1813
mem[X,0x000000008000000A] -> 0x00B8
[2] [M]: 0x0000000080000008 (0x00B81813) slli x16, x16, 0xb                         rvtest_init+8
x16 <- 0x000003EADFEED800

mem[X,0x000000008000000C] -> 0x0813
mem[X,0x000000008000000E] -> 0x3EA8
[3] [M]: 0x000000008000000C (0x3EA80813) addi x16, x16, 0x3ea                       rvtest_init+12
x16 <- 0x000003EADFEEDBEA

clint mtime 0x0000000000000002 (mip.MTI <- 0b1, mip.STI <- 0b0)
mem[X,0x0000000080000010] -> 0x1813
mem[X,0x0000000080000012] -> 0x00B8
[4] [M]: 0x0000000080000010 (0x00B81813) slli x16, x16, 0xb                         rvtest_init+16
x16 <- 0x001F56FF76DF5000

mem[X,0x0000000080000014] -> 0x0813
mem[X,0x0000000080000016] -> 0x6FF8
[5] [M]: 0x0000000080000014 (0x6FF80813) addi x16, x16, 0x6ff                       rvtest_init+20
x16 <- 0x001F56FF76DF56FF

clint mtime 0x0000000000000003 (mip.MTI <- 0b1, mip.STI <- 0b0)
mem[X,0x0000000080000018] -> 0x1813
mem[X,0x000000008000001A] -> 0x00A8
[6] [M]: 0x0000000080000018 (0x00A81813) slli x16, x16, 0xa                         rvtest_init+24
x16 <- 0x7D5BFDDB7D5BFC00

mem[X,0x000000008000001C] -> 0x0813
mem[X,0x000000008000001E] -> 0x1DB8
[7] [M]: 0x000000008000001C (0x1DB80813) addi x16, x16, 0x1db                       rvtest_init+28
x16 <- 0x7D5BFDDB7D5BFDDB

clint mtime 0x0000000000000004 (mip.MTI <- 0b1, mip.STI <- 0b0)
mem[X,0x0000000080000020] -> 0x5893
mem[X,0x0000000080000022] -> 0x0078
[8] [M]: 0x0000000080000020 (0x00785893) srli x17, x16, 0x7                         rvtest_init+32
x17 <- 0x00FAB7FBB6FAB7FB

mem[X,0x0000000080000024] -> 0x5793
mem[X,0x0000000080000026] -> 0x0398
[9] [M]: 0x0000000080000024 (0x03985793) srli x15, x16, 0x39                        rvtest_init+36
x15 <- 0x000000000000003E

clint mtime 0x0000000000000005 (mip.MTI <- 0b1, mip.STI <- 0b0)
mem[X,0x0000000080000028] -> 0xE8B3
mem[X,0x000000008000002A] -> 0x00F8
[10] [M]: 0x0000000080000028 (0x00F8E8B3) or x17, x17, x15                          rvtest_init+40
x17 <- 0x00FAB7FBB6FAB7FF

mem[X,0x000000008000002C] -> 0xD913
mem[X,0x000000008000002E] -> 0x0078
[11] [M]: 0x000000008000002C (0x0078D913) srli x18, x17, 0x7                        rvtest_init+44
x18 <- 0x0001F56FF76DF56F

clint mtime 0x0000000000000006 (mip.MTI <- 0b1, mip.STI <- 0b0)
mem[X,0x0000000080000030] -> 0xD793
mem[X,0x0000000080000032] -> 0x0398
[12] [M]: 0x0000000080000030 (0x0398D793) srli x15, x17, 0x39                       rvtest_init+48
x15 <- 0x0000000000000000

mem[X,0x0000000080000034] -> 0x6933
mem[X,0x0000000080000036] -> 0x00F9
[13] [M]: 0x0000000080000034 (0x00F96933) or x18, x18, x15                          rvtest_init+52
x18 <- 0x0001F56FF76DF56F

clint mtime 0x0000000000000007 (mip.MTI <- 0b1, mip.STI <- 0b0)
mem[X,0x0000000080000038] -> 0x5993
mem[X,0x000000008000003A] -> 0x0079
[14] [M]: 0x0000000080000038 (0x00795993) srli x19, x18, 0x7                        rvtest_init+56
x19 <- 0x000003EADFEEDBEA

mem[X,0x000000008000003C] -> 0x5793
mem[X,0x000000008000003E] -> 0x0399
[15] [M]: 0x000000008000003C (0x03995793) srli x15, x18, 0x39                       rvtest_init+60
x15 <- 0x0000000000000000

clint mtime 0x0000000000000008 (mip.MTI <- 0b1, mip.STI <- 0b0)
mem[X,0x0000000080000040] -> 0xE9B3
mem[X,0x0000000080000042] -> 0x00F9
[16] [M]: 0x0000000080000040 (0x00F9E9B3) or x19, x19, x15                          rvtest_init+64
x19 <- 0x000003EADFEEDBEA

mem[X,0x0000000080000044] -> 0xDA13
mem[X,0x0000000080000046] -> 0x0079
[17] [M]: 0x0000000080000044 (0x0079DA13) srli x20, x19, 0x7                        rvtest_init+68
x20 <- 0x00000007D5BFDDB7

clint mtime 0x0000000000000009 (mip.MTI <- 0b1, mip.STI <- 0b0)
mem[X,0x0000000080000048] -> 0xD793
mem[X,0x000000008000004A] -> 0x0399
[18] [M]: 0x0000000080000048 (0x0399D793) srli x15, x19, 0x39                       rvtest_init+72
x15 <- 0x0000000000000000

mem[X,0x000000008000004C] -> 0x6A33
mem[X,0x000000008000004E] -> 0x00FA
[19] [M]: 0x000000008000004C (0x00FA6A33) or x20, x20, x15                          rvtest_init+76
x20 <- 0x00000007D5BFDDB7

clint mtime 0x000000000000000A (mip.MTI <- 0b1, mip.STI <- 0b0)
mem[X,0x0000000080000050] -> 0x5A93
mem[X,0x0000000080000052] -> 0x007A
[20] [M]: 0x0000000080000050 (0x007A5A93) srli x21, x20, 0x7                        rvtest_init+80
x21 <- 0x000000000FAB7FBB

mem[X,0x0000000080000054] -> 0x5793
mem[X,0x0000000080000056] -> 0x039A
[21] [M]: 0x0000000080000054 (0x039A5793) srli x15, x20, 0x39                       rvtest_init+84
x15 <- 0x0000000000000000

clint mtime 0x000000000000000B (mip.MTI <- 0b1, mip.STI <- 0b0)
mem[X,0x0000000080000058] -> 0xEAB3
mem[X,0x000000008000005A] -> 0x00FA
[22] [M]: 0x0000000080000058 (0x00FAEAB3) or x21, x21, x15                          rvtest_init+88
x21 <- 0x000000000FAB7FBB

mem[X,0x000000008000005C] -> 0xDB13
mem[X,0x000000008000005E] -> 0x007A
[23] [M]: 0x000000008000005C (0x007ADB13) srli x22, x21, 0x7                        rvtest_init+92
x22 <- 0x00000000001F56FF

clint mtime 0x000000000000000C (mip.MTI <- 0b1, mip.STI <- 0b0)
mem[X,0x0000000080000060] -> 0xD793
mem[X,0x0000000080000062] -> 0x039A
[24] [M]: 0x0000000080000060 (0x039AD793) srli x15, x21, 0x39                       rvtest_init+96
x15 <- 0x0000000000000000

mem[X,0x0000000080000064] -> 0x6B33
mem[X,0x0000000080000066] -> 0x00FB
[25] [M]: 0x0000000080000064 (0x00FB6B33) or x22, x22, x15                          rvtest_init+100
x22 <- 0x00000000001F56FF

clint mtime 0x000000000000000D (mip.MTI <- 0b1, mip.STI <- 0b0)
mem[X,0x0000000080000068] -> 0x5B93
mem[X,0x000000008000006A] -> 0x007B
[26] [M]: 0x0000000080000068 (0x007B5B93) srli x23, x22, 0x7                        rvtest_init+104
x23 <- 0x0000000000003EAD

mem[X,0x000000008000006C] -> 0x5793
mem[X,0x000000008000006E] -> 0x039B
[27] [M]: 0x000000008000006C (0x039B5793) srli x15, x22, 0x39                       rvtest_init+108
x15 <- 0x0000000000000000

clint mtime 0x000000000000000E (mip.MTI <- 0b1, mip.STI <- 0b0)
mem[X,0x0000000080000070] -> 0xEBB3
mem[X,0x0000000080000072] -> 0x00FB
[28] [M]: 0x0000000080000070 (0x00FBEBB3) or x23, x23, x15                          rvtest_init+112
x23 <- 0x0000000000003EAD

mem[X,0x0000000080000074] -> 0xDC13
mem[X,0x0000000080000076] -> 0x007B
[29] [M]: 0x0000000080000074 (0x007BDC13) srli x24, x23, 0x7                        rvtest_init+116
x24 <- 0x000000000000007D

clint mtime 0x000000000000000F (mip.MTI <- 0b1, mip.STI <- 0b0)
mem[X,0x0000000080000078] -> 0xD793
mem[X,0x000000008000007A] -> 0x039B
[30] [M]: 0x0000000080000078 (0x039BD793) srli x15, x23, 0x39                       rvtest_init+120
x15 <- 0x0000000000000000

mem[X,0x000000008000007C] -> 0x6C33
mem[X,0x000000008000007E] -> 0x00FC
[31] [M]: 0x000000008000007C (0x00FC6C33) or x24, x24, x15                          rvtest_init+124
x24 <- 0x000000000000007D

clint mtime 0x0000000000000010 (mip.MTI <- 0b1, mip.STI <- 0b0)
mem[X,0x0000000080000080] -> 0x5C93
mem[X,0x0000000080000082] -> 0x007C
[32] [M]: 0x0000000080000080 (0x007C5C93) srli x25, x24, 0x7                        rvtest_init+128
x25 <- 0x0000000000000000

mem[X,0x0000000080000084] -> 0x5793
mem[X,0x0000000080000086] -> 0x039C
[33] [M]: 0x0000000080000084 (0x039C5793) srli x15, x24, 0x39                       rvtest_init+132
x15 <- 0x0000000000000000

clint mtime 0x0000000000000011 (mip.MTI <- 0b1, mip.STI <- 0b0)
mem[X,0x0000000080000088] -> 0xECB3
mem[X,0x000000008000008A] -> 0x00FC
[34] [M]: 0x0000000080000088 (0x00FCECB3) or x25, x25, x15                          rvtest_init+136
x25 <- 0x0000000000000000

mem[X,0x000000008000008C] -> 0xDD13
mem[X,0x000000008000008E] -> 0x007C
[35] [M]: 0x000000008000008C (0x007CDD13) srli x26, x25, 0x7                        rvtest_init+140
x26 <- 0x0000000000000000

clint mtime 0x0000000000000012 (mip.MTI <- 0b1, mip.STI <- 0b0)
mem[X,0x0000000080000090] -> 0xD793
mem[X,0x0000000080000092] -> 0x039C
[36] [M]: 0x0000000080000090 (0x039CD793) srli x15, x25, 0x39                       rvtest_init+144
x15 <- 0x0000000000000000

mem[X,0x0000000080000094] -> 0x6D33
mem[X,0x0000000080000096] -> 0x00FD
[37] [M]: 0x0000000080000094 (0x00FD6D33) or x26, x26, x15                          rvtest_init+148
x26 <- 0x0000000000000000

clint mtime 0x0000000000000013 (mip.MTI <- 0b1, mip.STI <- 0b0)
mem[X,0x0000000080000098] -> 0x5D93
mem[X,0x000000008000009A] -> 0x007D
[38] [M]: 0x0000000080000098 (0x007D5D93) srli x27, x26, 0x7                        rvtest_init+152
x27 <- 0x0000000000000000

mem[X,0x000000008000009C] -> 0x5793
mem[X,0x000000008000009E] -> 0x039D
[39] [M]: 0x000000008000009C (0x039D5793) srli x15, x26, 0x39                       rvtest_init+156
x15 <- 0x0000000000000000

clint mtime 0x0000000000000014 (mip.MTI <- 0b1, mip.STI <- 0b0)
mem[X,0x00000000800000A0] -> 0xEDB3
mem[X,0x00000000800000A2] -> 0x00FD
[40] [M]: 0x00000000800000A0 (0x00FDEDB3) or x27, x27, x15                          rvtest_init+160
x27 <- 0x0000000000000000

mem[X,0x00000000800000A4] -> 0xDE13
mem[X,0x00000000800000A6] -> 0x007D
[41] [M]: 0x00000000800000A4 (0x007DDE13) srli x28, x27, 0x7                        rvtest_init+164
x28 <- 0x0000000000000000

clint mtime 0x0000000000000015 (mip.MTI <- 0b1, mip.STI <- 0b0)
mem[X,0x00000000800000A8] -> 0xD793
mem[X,0x00000000800000AA] -> 0x039D
[42] [M]: 0x00000000800000A8 (0x039DD793) srli x15, x27, 0x39                       rvtest_init+168
x15 <- 0x0000000000000000

mem[X,0x00000000800000AC] -> 0x6E33
mem[X,0x00000000800000AE] -> 0x00FE
[43] [M]: 0x00000000800000AC (0x00FE6E33) or x28, x28, x15                          rvtest_init+172
x28 <- 0x0000000000000000

clint mtime 0x0000000000000016 (mip.MTI <- 0b1, mip.STI <- 0b0)
mem[X,0x00000000800000B0] -> 0x5E93
mem[X,0x00000000800000B2] -> 0x007E
[44] [M]: 0x00000000800000B0 (0x007E5E93) srli x29, x28, 0x7                        rvtest_init+176
x29 <- 0x0000000000000000

mem[X,0x00000000800000B4] -> 0x5793
mem[X,0x00000000800000B6] -> 0x039E
[45] [M]: 0x00000000800000B4 (0x039E5793) srli x15, x28, 0x39                       rvtest_init+180
x15 <- 0x0000000000000000

clint mtime 0x0000000000000017 (mip.MTI <- 0b1, mip.STI <- 0b0)
mem[X,0x00000000800000B8] -> 0xEEB3
mem[X,0x00000000800000BA] -> 0x00FE
[46] [M]: 0x00000000800000B8 (0x00FEEEB3) or x29, x29, x15                          rvtest_init+184
x29 <- 0x0000000000000000

mem[X,0x00000000800000BC] -> 0xDF13
mem[X,0x00000000800000BE] -> 0x007E
[47] [M]: 0x00000000800000BC (0x007EDF13) srli x30, x29, 0x7                        rvtest_init+188
x30 <- 0x0000000000000000

clint mtime 0x0000000000000018 (mip.MTI <- 0b1, mip.STI <- 0b0)
mem[X,0x00000000800000C0] -> 0xD793
mem[X,0x00000000800000C2] -> 0x039E
[48] [M]: 0x00000000800000C0 (0x039ED793) srli x15, x29, 0x39                       rvtest_init+192
x15 <- 0x0000000000000000

mem[X,0x00000000800000C4] -> 0x6F33
mem[X,0x00000000800000C6] -> 0x00FF
[49] [M]: 0x00000000800000C4 (0x00FF6F33) or x30, x30, x15                          rvtest_init+196
x30 <- 0x0000000000000000

clint mtime 0x0000000000000019 (mip.MTI <- 0b1, mip.STI <- 0b0)
mem[X,0x00000000800000C8] -> 0xC0B7
mem[X,0x00000000800000CA] -> 0xFEED
[50] [M]: 0x00000000800000C8 (0xFEEDC0B7) lui x1, -0x1124                           rvtest_init+200
x1 <- 0xFFFFFFFFFEEDC000

mem[X,0x00000000800000CC] -> 0x8093
mem[X,0x00000000800000CE] -> 0xEAD0
[51] [M]: 0x00000000800000CC (0xEAD08093) addi x1, x1, -0x153                       rvtest_init+204
x1 <- 0xFFFFFFFFFEEDBEAD

clint mtime 0x000000000000001A (mip.MTI <- 0b1, mip.STI <- 0b0)
mem[X,0x00000000800000D0] -> 0x9093
mem[X,0x00000000800000D2] -> 0x00B0
[52] [M]: 0x00000000800000D0 (0x00B09093) slli x1, x1, 0xb                          rvtest_init+208
x1 <- 0xFFFFFFF76DF56800

mem[X,0x00000000800000D4] -> 0x8093
mem[X,0x00000000800000D6] -> 0x7F70
[53] [M]: 0x00000000800000D4 (0x7F708093) addi x1, x1, 0x7f7                        rvtest_init+212
x1 <- 0xFFFFFFF76DF56FF7

clint mtime 0x000000000000001B (mip.MTI <- 0b1, mip.STI <- 0b0)
mem[X,0x00000000800000D8] -> 0x9093
mem[X,0x00000000800000DA] -> 0x00B0
[54] [M]: 0x00000000800000D8 (0x00B09093) slli x1, x1, 0xb                          rvtest_init+216
x1 <- 0xFFFFBB6FAB7FB800

mem[X,0x00000000800000DC] -> 0x8093
mem[X,0x00000000800000DE] -> 0x36F0
[55] [M]: 0x00000000800000DC (0x36F08093) addi x1, x1, 0x36f                        rvtest_init+220
x1 <- 0xFFFFBB6FAB7FBB6F

clint mtime 0x000000000000001C (mip.MTI <- 0b1, mip.STI <- 0b0)
mem[X,0x00000000800000E0] -> 0x9093
mem[X,0x00000000800000E2] -> 0x00A0
[56] [M]: 0x00000000800000E0 (0x00A09093) slli x1, x1, 0xa                          rvtest_init+224
x1 <- 0xFEEDBEADFEEDBC00

mem[X,0x00000000800000E4] -> 0x8093
mem[X,0x00000000800000E6] -> 0x2AD0
[57] [M]: 0x00000000800000E4 (0x2AD08093) addi x1, x1, 0x2ad                        rvtest_init+228
x1 <- 0xFEEDBEADFEEDBEAD

clint mtime 0x000000000000001D (mip.MTI <- 0b1, mip.STI <- 0b0)
mem[X,0x00000000800000E8] -> 0xD113
mem[X,0x00000000800000EA] -> 0x0070
[58] [M]: 0x00000000800000E8 (0x0070D113) srli x2, x1, 0x7                          rvtest_init+232
x2 <- 0x01FDDB7D5BFDDB7D

mem[X,0x00000000800000EC] -> 0xD793
mem[X,0x00000000800000EE] -> 0x0390
[59] [M]: 0x00000000800000EC (0x0390D793) srli x15, x1, 0x39                        rvtest_init+236
x15 <- 0x000000000000007F

clint mtime 0x000000000000001E (mip.MTI <- 0b1, mip.STI <- 0b0)
mem[X,0x00000000800000F0] -> 0x6133
mem[X,0x00000000800000F2] -> 0x00F1
[60] [M]: 0x00000000800000F0 (0x00F16133) or x2, x2, x15                            rvtest_init+240
x2 <- 0x01FDDB7D5BFDDB7F

mem[X,0x00000000800000F4] -> 0x5193
mem[X,0x00000000800000F6] -> 0x0071
[61] [M]: 0x00000000800000F4 (0x00715193) srli x3, x2, 0x7                          rvtest_init+244
x3 <- 0x0003FBB6FAB7FBB6

clint mtime 0x000000000000001F (mip.MTI <- 0b1, mip.STI <- 0b0)
mem[X,0x00000000800000F8] -> 0x5793
mem[X,0x00000000800000FA] -> 0x0391
[62] [M]: 0x00000000800000F8 (0x03915793) srli x15, x2, 0x39                        rvtest_init+248
x15 <- 0x0000000000000000

mem[X,0x00000000800000FC] -> 0xE1B3
mem[X,0x00000000800000FE] -> 0x00F1
[63] [M]: 0x00000000800000FC (0x00F1E1B3) or x3, x3, x15                            rvtest_init+252
x3 <- 0x0003FBB6FAB7FBB6

clint mtime 0x0000000000000020 (mip.MTI <- 0b1, mip.STI <- 0b0)
mem[X,0x0000000080000100] -> 0xD213
mem[X,0x0000000080000102] -> 0x0071
[64] [M]: 0x0000000080000100 (0x0071D213) srli x4, x3, 0x7                          rvtest_init+256
x4 <- 0x000007F76DF56FF7

mem[X,0x0000000080000104] -> 0xD793
mem[X,0x0000000080000106] -> 0x0391
[65] [M]: 0x0000000080000104 (0x0391D793) srli x15, x3, 0x39                        rvtest_init+260
x15 <- 0x0000000000000000

clint mtime 0x0000000000000021 (mip.MTI <- 0b1, mip.STI <- 0b0)
mem[X,0x0000000080000108] -> 0x6233
mem[X,0x000000008000010A] -> 0x00F2
[66] [M]: 0x0000000080000108 (0x00F26233) or x4, x4, x15                            rvtest_init+264
x4 <- 0x000007F76DF56FF7

mem[X,0x000000008000010C] -> 0x5293
mem[X,0x000000008000010E] -> 0x0072
[67] [M]: 0x000000008000010C (0x00725293) srli x5, x4, 0x7                          rvtest_init+268
x5 <- 0x0000000FEEDBEADF

clint mtime 0x0000000000000022 (mip.MTI <- 0b1, mip.STI <- 0b0)
mem[X,0x0000000080000110] -> 0x5793
mem[X,0x0000000080000112] -> 0x0392
[68] [M]: 0x0000000080000110 (0x03925793) srli x15, x4, 0x39                        rvtest_init+272
x15 <- 0x0000000000000000

mem[X,0x0000000080000114] -> 0xE2B3
mem[X,0x0000000080000116] -> 0x00F2
[69] [M]: 0x0000000080000114 (0x00F2E2B3) or x5, x5, x15                            rvtest_init+276
x5 <- 0x0000000FEEDBEADF

clint mtime 0x0000000000000023 (mip.MTI <- 0b1, mip.STI <- 0b0)
mem[X,0x0000000080000118] -> 0xD313
mem[X,0x000000008000011A] -> 0x0072
[70] [M]: 0x0000000080000118 (0x0072D313) srli x6, x5, 0x7                          rvtest_init+280
x6 <- 0x000000001FDDB7D5

mem[X,0x000000008000011C] -> 0xD793
mem[X,0x000000008000011E] -> 0x0392
[71] [M]: 0x000000008000011C (0x0392D793) srli x15, x5, 0x39                        rvtest_init+284
x15 <- 0x0000000000000000

clint mtime 0x0000000000000024 (mip.MTI <- 0b1, mip.STI <- 0b0)
mem[X,0x0000000080000120] -> 0x6333
mem[X,0x0000000080000122] -> 0x00F3
[72] [M]: 0x0000000080000120 (0x00F36333) or x6, x6, x15                            rvtest_init+288
x6 <- 0x000000001FDDB7D5

mem[X,0x0000000080000124] -> 0x5393
mem[X,0x0000000080000126] -> 0x0073
[73] [M]: 0x0000000080000124 (0x00735393) srli x7, x6, 0x7                          rvtest_init+292
x7 <- 0x00000000003FBB6F

clint mtime 0x0000000000000025 (mip.MTI <- 0b1, mip.STI <- 0b0)
mem[X,0x0000000080000128] -> 0x5793
mem[X,0x000000008000012A] -> 0x0393
[74] [M]: 0x0000000080000128 (0x03935793) srli x15, x6, 0x39                        rvtest_init+296
x15 <- 0x0000000000000000

mem[X,0x000000008000012C] -> 0xE3B3
mem[X,0x000000008000012E] -> 0x00F3
[75] [M]: 0x000000008000012C (0x00F3E3B3) or x7, x7, x15                            rvtest_init+300
x7 <- 0x00000000003FBB6F

clint mtime 0x0000000000000026 (mip.MTI <- 0b1, mip.STI <- 0b0)
mem[X,0x0000000080000130] -> 0xD413
mem[X,0x0000000080000132] -> 0x0073
[76] [M]: 0x0000000080000130 (0x0073D413) srli x8, x7, 0x7                          rvtest_init+304
x8 <- 0x0000000000007F76

mem[X,0x0000000080000134] -> 0xD793
mem[X,0x0000000080000136] -> 0x0393
[77] [M]: 0x0000000080000134 (0x0393D793) srli x15, x7, 0x39                        rvtest_init+308
x15 <- 0x0000000000000000

clint mtime 0x0000000000000027 (mip.MTI <- 0b1, mip.STI <- 0b0)
mem[X,0x0000000080000138] -> 0x6433
mem[X,0x000000008000013A] -> 0x00F4
[78] [M]: 0x0000000080000138 (0x00F46433) or x8, x8, x15                            rvtest_init+312
x8 <- 0x0000000000007F76

mem[X,0x000000008000013C] -> 0x5493
mem[X,0x000000008000013E] -> 0x0074
[79] [M]: 0x000000008000013C (0x00745493) srli x9, x8, 0x7                          rvtest_init+316
x9 <- 0x00000000000000FE

clint mtime 0x0000000000000028 (mip.MTI <- 0b1, mip.STI <- 0b0)
mem[X,0x0000000080000140] -> 0x5793
mem[X,0x0000000080000142] -> 0x0394
[80] [M]: 0x0000000080000140 (0x03945793) srli x15, x8, 0x39                        rvtest_init+320
x15 <- 0x0000000000000000

mem[X,0x0000000080000144] -> 0xE4B3
mem[X,0x0000000080000146] -> 0x00F4
[81] [M]: 0x0000000080000144 (0x00F4E4B3) or x9, x9, x15                            rvtest_init+324
x9 <- 0x00000000000000FE

clint mtime 0x0000000000000029 (mip.MTI <- 0b1, mip.STI <- 0b0)
mem[X,0x0000000080000148] -> 0xD513
mem[X,0x000000008000014A] -> 0x0074
[82] [M]: 0x0000000080000148 (0x0074D513) srli x10, x9, 0x7                         rvtest_init+328
x10 <- 0x0000000000000001

mem[X,0x000000008000014C] -> 0xD793
mem[X,0x000000008000014E] -> 0x0394
[83] [M]: 0x000000008000014C (0x0394D793) srli x15, x9, 0x39                        rvtest_init+332
x15 <- 0x0000000000000000

clint mtime 0x000000000000002A (mip.MTI <- 0b1, mip.STI <- 0b0)
mem[X,0x0000000080000150] -> 0x6533
mem[X,0x0000000080000152] -> 0x00F5
[84] [M]: 0x0000000080000150 (0x00F56533) or x10, x10, x15                          rvtest_init+336
x10 <- 0x0000000000000001

mem[X,0x0000000080000154] -> 0x5593
mem[X,0x0000000080000156] -> 0x0075
[85] [M]: 0x0000000080000154 (0x00755593) srli x11, x10, 0x7                        rvtest_init+340
x11 <- 0x0000000000000000

clint mtime 0x000000000000002B (mip.MTI <- 0b1, mip.STI <- 0b0)
mem[X,0x0000000080000158] -> 0x5793
mem[X,0x000000008000015A] -> 0x0395
[86] [M]: 0x0000000080000158 (0x03955793) srli x15, x10, 0x39                       rvtest_init+344
x15 <- 0x0000000000000000

mem[X,0x000000008000015C] -> 0xE5B3
mem[X,0x000000008000015E] -> 0x00F5
[87] [M]: 0x000000008000015C (0x00F5E5B3) or x11, x11, x15                          rvtest_init+348
x11 <- 0x0000000000000000

clint mtime 0x000000000000002C (mip.MTI <- 0b1, mip.STI <- 0b0)
mem[X,0x0000000080000160] -> 0xD613
mem[X,0x0000000080000162] -> 0x0075
[88] [M]: 0x0000000080000160 (0x0075D613) srli x12, x11, 0x7                        rvtest_init+352
x12 <- 0x0000000000000000

mem[X,0x0000000080000164] -> 0xD793
mem[X,0x0000000080000166] -> 0x0395
[89] [M]: 0x0000000080000164 (0x0395D793) srli x15, x11, 0x39                       rvtest_init+356
x15 <- 0x0000000000000000

clint mtime 0x000000000000002D (mip.MTI <- 0b1, mip.STI <- 0b0)
mem[X,0x0000000080000168] -> 0x6633
mem[X,0x000000008000016A] -> 0x00F6
[90] [M]: 0x0000000080000168 (0x00F66633) or x12, x12, x15                          rvtest_init+360
x12 <- 0x0000000000000000

mem[X,0x000000008000016C] -> 0x5693
mem[X,0x000000008000016E] -> 0x0076
[91] [M]: 0x000000008000016C (0x00765693) srli x13, x12, 0x7                        rvtest_init+364
x13 <- 0x0000000000000000

clint mtime 0x000000000000002E (mip.MTI <- 0b1, mip.STI <- 0b0)
mem[X,0x0000000080000170] -> 0x5793
mem[X,0x0000000080000172] -> 0x0396
[92] [M]: 0x0000000080000170 (0x03965793) srli x15, x12, 0x39                       rvtest_init+368
x15 <- 0x0000000000000000

mem[X,0x0000000080000174] -> 0xE6B3
mem[X,0x0000000080000176] -> 0x00F6
[93] [M]: 0x0000000080000174 (0x00F6E6B3) or x13, x13, x15                          rvtest_init+372
x13 <- 0x0000000000000000

clint mtime 0x000000000000002F (mip.MTI <- 0b1, mip.STI <- 0b0)
mem[X,0x0000000080000178] -> 0x0013
mem[X,0x000000008000017A] -> 0x0000
[94] [M]: 0x0000000080000178 (0x00000013) addi x0, x0, 0x0                          rvtest_code_begin+0

mem[X,0x000000008000017C] -> 0x0013
mem[X,0x000000008000017E] -> 0x0000
[95] [M]: 0x000000008000017C (0x00000013) addi x0, x0, 0x0                          rvtest_code_begin+4

clint mtime 0x0000000000000030 (mip.MTI <- 0b1, mip.STI <- 0b0)
mem[X,0x0000000080000180] -> 0x3097
mem[X,0x0000000080000182] -> 0x0000
[96] [M]: 0x0000000080000180 (0x00003097) auipc x1, 0x3                             rvtest_code_begin+8
x1 <- 0x0000000080003180

mem[X,0x0000000080000184] -> 0x8093
mem[X,0x0000000080000186] -> 0xF980
[97] [M]: 0x0000000080000184 (0xF9808093) addi x1, x1, -0x68                        rvtest_code_begin+12
x1 <- 0x0000000080003118

clint mtime 0x0000000000000031 (mip.MTI <- 0b1, mip.STI <- 0b0)
mem[X,0x0000000080000188] -> 0x0013
mem[X,0x000000008000018A] -> 0x0000
[98] [M]: 0x0000000080000188 (0x00000013) addi x0, x0, 0x0                          rvtest_code_begin+16

mem[X,0x000000008000018C] -> 0x0013
mem[X,0x000000008000018E] -> 0x0000
[99] [M]: 0x000000008000018C (0x00000013) addi x0, x0, 0x0                          rvtest_code_begin+20

clint mtime 0x0000000000000032 (mip.MTI <- 0b1, mip.STI <- 0b0)
mem[X,0x0000000080000190] -> 0x0013
mem[X,0x0000000080000192] -> 0x0000
[100] [M]: 0x0000000080000190 (0x00000013) addi x0, x0, 0x0                         rvtest_code_begin+24

mem[X,0x0000000080000194] -> 0x0013
mem[X,0x0000000080000196] -> 0x0000
[101] [M]: 0x0000000080000194 (0x00000013) addi x0, x0, 0x0                         rvtest_code_begin+28

clint mtime 0x0000000000000033 (mip.MTI <- 0b1, mip.STI <- 0b0)
mem[X,0x0000000080000198] -> 0x0013
mem[X,0x000000008000019A] -> 0x0000
[102] [M]: 0x0000000080000198 (0x00000013) addi x0, x0, 0x0                         rvtest_code_begin+32

mem[X,0x000000008000019C] -> 0x0013
mem[X,0x000000008000019E] -> 0x0000
[103] [M]: 0x000000008000019C (0x00000013) addi x0, x0, 0x0                         rvtest_code_begin+36

clint mtime 0x0000000000000034 (mip.MTI <- 0b1, mip.STI <- 0b0)
mem[X,0x00000000800001A0] -> 0x0113
mem[X,0x00000000800001A2] -> 0x1000
[104] [M]: 0x00000000800001A0 (0x10000113) addi x2, x0, 0x100                       inst_0+0
x2 <- 0x0000000000000100

mem[X,0x00000000800001A4] -> 0x6111
[105] [M]: 0x00000000800001A4 (0x6111) c.addi16sp x2, 0x100                         inst_0+4
x2 <- 0x0000000000000200

clint mtime 0x0000000000000035 (mip.MTI <- 0b1, mip.STI <- 0b0)
mem[X,0x00000000800001A6] -> 0xB023
mem[X,0x00000000800001A8] -> 0x0020
[106] [M]: 0x00000000800001A6 (0x0020B023) sd x2, 0x0(x1)                           inst_0+6
mem[W,0x0000000080003118] <- 0x0000000000000200

mem[X,0x00000000800001AA] -> 0x0113
mem[X,0x00000000800001AC] -> 0x0010
[107] [M]: 0x00000000800001AA (0x00100113) addi x2, x0, 0x1                         inst_1+0
x2 <- 0x0000000000000001

clint mtime 0x0000000000000036 (mip.MTI <- 0b1, mip.STI <- 0b0)
mem[X,0x00000000800001AE] -> 0x1113
mem[X,0x00000000800001B0] -> 0x0151
[108] [M]: 0x00000000800001AE (0x01511113) slli x2, x2, 0x15                        inst_1+4
x2 <- 0x0000000000200000

mem[X,0x00000000800001B2] -> 0x7175
[109] [M]: 0x00000000800001B2 (0x7175) c.addi16sp x2, -0x90                         inst_1+8
x2 <- 0x00000000001FFF70

clint mtime 0x0000000000000037 (mip.MTI <- 0b1, mip.STI <- 0b0)
mem[X,0x00000000800001B4] -> 0xB423
mem[X,0x00000000800001B6] -> 0x0020
[110] [M]: 0x00000000800001B4 (0x0020B423) sd x2, 0x8(x1)                           inst_1+10
mem[W,0x0000000080003120] <- 0x00000000001FFF70

mem[X,0x00000000800001B8] -> 0x0113
mem[X,0x00000000800001BA] -> 0x0010
[111] [M]: 0x00000000800001B8 (0x00100113) addi x2, x0, 0x1                         inst_2+0
x2 <- 0x0000000000000001

clint mtime 0x0000000000000038 (mip.MTI <- 0b1, mip.STI <- 0b0)
mem[X,0x00000000800001BC] -> 0x1113
mem[X,0x00000000800001BE] -> 0x0261
[112] [M]: 0x00000000800001BC (0x02611113) slli x2, x2, 0x26                        inst_2+4
x2 <- 0x0000004000000000

mem[X,0x00000000800001C0] -> 0x4113
mem[X,0x00000000800001C2] -> 0xFFF1
[113] [M]: 0x00000000800001C0 (0xFFF14113) xori x2, x2, -0x1                        inst_2+8
x2 <- 0xFFFFFFBFFFFFFFFF

clint mtime 0x0000000000000039 (mip.MTI <- 0b1, mip.STI <- 0b0)
mem[X,0x00000000800001C4] -> 0x6149
[114] [M]: 0x00000000800001C4 (0x6149) c.addi16sp x2, 0x90                          inst_2+12
x2 <- 0xFFFFFFC00000008F

mem[X,0x00000000800001C6] -> 0xB823
mem[X,0x00000000800001C8] -> 0x0020
[115] [M]: 0x00000000800001C6 (0x0020B823) sd x2, 0x10(x1)                          inst_2+14
mem[W,0x0000000080003128] <- 0xFFFFFFC00000008F

clint mtime 0x000000000000003A (mip.MTI <- 0b1, mip.STI <- 0b0)
mem[X,0x00000000800001CA] -> 0x0113
mem[X,0x00000000800001CC] -> 0xFFE0
[116] [M]: 0x00000000800001CA (0xFFE00113) addi x2, x0, -0x2                        inst_3+0
x2 <- 0xFFFFFFFFFFFFFFFE

mem[X,0x00000000800001CE] -> 0x7101
[117] [M]: 0x00000000800001CE (0x7101) c.addi16sp x2, -0x200                        inst_3+4
x2 <- 0xFFFFFFFFFFFFFDFE

clint mtime 0x000000000000003B (mip.MTI <- 0b1, mip.STI <- 0b0)
mem[X,0x00000000800001D0] -> 0xBC23
mem[X,0x00000000800001D2] -> 0x0020
[118] [M]: 0x00000000800001D0 (0x0020BC23) sd x2, 0x18(x1)                          inst_3+6
mem[W,0x0000000080003130] <- 0xFFFFFFFFFFFFFDFE

mem[X,0x00000000800001D4] -> 0x0113
mem[X,0x00000000800001D6] -> 0xFFF0
[119] [M]: 0x00000000800001D4 (0xFFF00113) addi x2, x0, -0x1                        inst_4+0
x2 <- 0xFFFFFFFFFFFFFFFF

clint mtime 0x000000000000003C (mip.MTI <- 0b1, mip.STI <- 0b0)
mem[X,0x00000000800001D8] -> 0x1113
mem[X,0x00000000800001DA] -> 0x03F1
[120] [M]: 0x00000000800001D8 (0x03F11113) slli x2, x2, 0x3f                        inst_4+4
x2 <- 0x8000000000000000

mem[X,0x00000000800001DC] -> 0x6141
[121] [M]: 0x00000000800001DC (0x6141) c.addi16sp x2, 0x10                          inst_4+8
x2 <- 0x8000000000000010

clint mtime 0x000000000000003D (mip.MTI <- 0b1, mip.STI <- 0b0)
mem[X,0x00000000800001DE] -> 0xB023
mem[X,0x00000000800001E0] -> 0x0220
[122] [M]: 0x00000000800001DE (0x0220B023) sd x2, 0x20(x1)                          inst_4+10
mem[W,0x0000000080003138] <- 0x8000000000000010

mem[X,0x00000000800001E2] -> 0x0113
mem[X,0x00000000800001E4] -> 0x0000
[123] [M]: 0x00000000800001E2 (0x00000113) addi x2, x0, 0x0                         inst_5+0
x2 <- 0x0000000000000000

clint mtime 0x000000000000003E (mip.MTI <- 0b1, mip.STI <- 0b0)
mem[X,0x00000000800001E6] -> 0x6145
[124] [M]: 0x00000000800001E6 (0x6145) c.addi16sp x2, 0x30                          inst_5+4
x2 <- 0x0000000000000030

mem[X,0x00000000800001E8] -> 0xB423
mem[X,0x00000000800001EA] -> 0x0220
[125] [M]: 0x00000000800001E8 (0x0220B423) sd x2, 0x28(x1)                          inst_5+6
mem[W,0x0000000080003140] <- 0x0000000000000030

clint mtime 0x000000000000003F (mip.MTI <- 0b1, mip.STI <- 0b0)
mem[X,0x00000000800001EC] -> 0x0113
mem[X,0x00000000800001EE] -> 0xFFF0
[126] [M]: 0x00000000800001EC (0xFFF00113) addi x2, x0, -0x1                        inst_6+0
x2 <- 0xFFFFFFFFFFFFFFFF

mem[X,0x00000000800001F0] -> 0x5113
mem[X,0x00000000800001F2] -> 0x0011
[127] [M]: 0x00000000800001F0 (0x00115113) srli x2, x2, 0x1                         inst_6+4
x2 <- 0x7FFFFFFFFFFFFFFF

clint mtime 0x0000000000000040 (mip.MTI <- 0b1, mip.STI <- 0b0)
mem[X,0x00000000800001F4] -> 0x6149
[128] [M]: 0x00000000800001F4 (0x6149) c.addi16sp x2, 0x90                          inst_6+8
x2 <- 0x800000000000008F

mem[X,0x00000000800001F6] -> 0xB823
mem[X,0x00000000800001F8] -> 0x0220
[129] [M]: 0x00000000800001F6 (0x0220B823) sd x2, 0x30(x1)                          inst_6+10
mem[W,0x0000000080003148] <- 0x800000000000008F

clint mtime 0x0000000000000041 (mip.MTI <- 0b1, mip.STI <- 0b0)
mem[X,0x00000000800001FA] -> 0x0113
mem[X,0x00000000800001FC] -> 0x0010
[130] [M]: 0x00000000800001FA (0x00100113) addi x2, x0, 0x1                         inst_7+0
x2 <- 0x0000000000000001

mem[X,0x00000000800001FE] -> 0x616D
[131] [M]: 0x00000000800001FE (0x616D) c.addi16sp x2, 0xf0                          inst_7+4
x2 <- 0x00000000000000F1

clint mtime 0x0000000000000042 (mip.MTI <- 0b1, mip.STI <- 0b0)
mem[X,0x0000000080000200] -> 0xBC23
mem[X,0x0000000080000202] -> 0x0220
[132] [M]: 0x0000000080000200 (0x0220BC23) sd x2, 0x38(x1)                          inst_7+6
mem[W,0x0000000080003150] <- 0x00000000000000F1

mem[X,0x0000000080000204] -> 0x0113
mem[X,0x0000000080000206] -> 0x0010
[133] [M]: 0x0000000080000204 (0x00100113) addi x2, x0, 0x1                         inst_8+0
x2 <- 0x0000000000000001

clint mtime 0x0000000000000043 (mip.MTI <- 0b1, mip.STI <- 0b0)
mem[X,0x0000000080000208] -> 0x1113
mem[X,0x000000008000020A] -> 0x0101
[134] [M]: 0x0000000080000208 (0x01011113) slli x2, x2, 0x10                        inst_8+4
x2 <- 0x0000000000010000

mem[X,0x000000008000020C] -> 0x4113
mem[X,0x000000008000020E] -> 0xFFF1
[135] [M]: 0x000000008000020C (0xFFF14113) xori x2, x2, -0x1                        inst_8+8
x2 <- 0xFFFFFFFFFFFEFFFF

clint mtime 0x0000000000000044 (mip.MTI <- 0b1, mip.STI <- 0b0)
mem[X,0x0000000080000210] -> 0x617D
[136] [M]: 0x0000000080000210 (0x617D) c.addi16sp x2, 0x1f0                         inst_8+12
x2 <- 0xFFFFFFFFFFFF01EF

mem[X,0x0000000080000212] -> 0xB023
mem[X,0x0000000080000214] -> 0x0420
[137] [M]: 0x0000000080000212 (0x0420B023) sd x2, 0x40(x1)                          inst_8+14
mem[W,0x0000000080003158] <- 0xFFFFFFFFFFFF01EF

clint mtime 0x0000000000000045 (mip.MTI <- 0b1, mip.STI <- 0b0)
mem[X,0x0000000080000216] -> 0x0113
mem[X,0x0000000080000218] -> 0x0020
[138] [M]: 0x0000000080000216 (0x00200113) addi x2, x0, 0x2                         inst_9+0
x2 <- 0x0000000000000002

mem[X,0x000000008000021A] -> 0x6171
[139] [M]: 0x000000008000021A (0x6171) c.addi16sp x2, 0x150                         inst_9+4
x2 <- 0x0000000000000152

clint mtime 0x0000000000000046 (mip.MTI <- 0b1, mip.STI <- 0b0)
mem[X,0x000000008000021C] -> 0xB423
mem[X,0x000000008000021E] -> 0x0420
[140] [M]: 0x000000008000021C (0x0420B423) sd x2, 0x48(x1)                          inst_9+6
mem[W,0x0000000080003160] <- 0x0000000000000152

mem[X,0x0000000080000220] -> 0x0113
mem[X,0x0000000080000222] -> 0x0040
[141] [M]: 0x0000000080000220 (0x00400113) addi x2, x0, 0x4                         inst_10+0
x2 <- 0x0000000000000004

clint mtime 0x0000000000000047 (mip.MTI <- 0b1, mip.STI <- 0b0)
mem[X,0x0000000080000224] -> 0x7179
[142] [M]: 0x0000000080000224 (0x7179) c.addi16sp x2, -0x30                         inst_10+4
x2 <- 0xFFFFFFFFFFFFFFD4

mem[X,0x0000000080000226] -> 0xB823
mem[X,0x0000000080000228] -> 0x0420
[143] [M]: 0x0000000080000226 (0x0420B823) sd x2, 0x50(x1)                          inst_10+6
mem[W,0x0000000080003168] <- 0xFFFFFFFFFFFFFFD4

clint mtime 0x0000000000000048 (mip.MTI <- 0b1, mip.STI <- 0b0)
mem[X,0x000000008000022A] -> 0x0113
mem[X,0x000000008000022C] -> 0x0080
[144] [M]: 0x000000008000022A (0x00800113) addi x2, x0, 0x8                         inst_11+0
x2 <- 0x0000000000000008

mem[X,0x000000008000022E] -> 0x6109
[145] [M]: 0x000000008000022E (0x6109) c.addi16sp x2, 0x80                          inst_11+4
x2 <- 0x0000000000000088

clint mtime 0x0000000000000049 (mip.MTI <- 0b1, mip.STI <- 0b0)
mem[X,0x0000000080000230] -> 0xBC23
mem[X,0x0000000080000232] -> 0x0420
[146] [M]: 0x0000000080000230 (0x0420BC23) sd x2, 0x58(x1)                          inst_11+6
mem[W,0x0000000080003170] <- 0x0000000000000088

mem[X,0x0000000080000234] -> 0x0113
mem[X,0x0000000080000236] -> 0x0100
[147] [M]: 0x0000000080000234 (0x01000113) addi x2, x0, 0x10                        inst_12+0
x2 <- 0x0000000000000010

clint mtime 0x000000000000004A (mip.MTI <- 0b1, mip.STI <- 0b0)
mem[X,0x0000000080000238] -> 0x6171
[148] [M]: 0x0000000080000238 (0x6171) c.addi16sp x2, 0x150                         inst_12+4
x2 <- 0x0000000000000160

mem[X,0x000000008000023A] -> 0xB023
mem[X,0x000000008000023C] -> 0x0620
[149] [M]: 0x000000008000023A (0x0620B023) sd x2, 0x60(x1)                          inst_12+6
mem[W,0x0000000080003178] <- 0x0000000000000160

clint mtime 0x000000000000004B (mip.MTI <- 0b1, mip.STI <- 0b0)
mem[X,0x000000008000023E] -> 0x0113
mem[X,0x0000000080000240] -> 0x0200
[150] [M]: 0x000000008000023E (0x02000113) addi x2, x0, 0x20                        inst_13+0
x2 <- 0x0000000000000020

mem[X,0x0000000080000242] -> 0x715D
[151] [M]: 0x0000000080000242 (0x715D) c.addi16sp x2, -0x50                         inst_13+4
x2 <- 0xFFFFFFFFFFFFFFD0

clint mtime 0x000000000000004C (mip.MTI <- 0b1, mip.STI <- 0b0)
mem[X,0x0000000080000244] -> 0xB423
mem[X,0x0000000080000246] -> 0x0620
[152] [M]: 0x0000000080000244 (0x0620B423) sd x2, 0x68(x1)                          inst_13+6
mem[W,0x0000000080003180] <- 0xFFFFFFFFFFFFFFD0

mem[X,0x0000000080000248] -> 0x0113
mem[X,0x000000008000024A] -> 0x0400
[153] [M]: 0x0000000080000248 (0x04000113) addi x2, x0, 0x40                        inst_14+0
x2 <- 0x0000000000000040

clint mtime 0x000000000000004D (mip.MTI <- 0b1, mip.STI <- 0b0)
mem[X,0x000000008000024C] -> 0x617D
[154] [M]: 0x000000008000024C (0x617D) c.addi16sp x2, 0x1f0                         inst_14+4
x2 <- 0x0000000000000230

mem[X,0x000000008000024E] -> 0xB823
mem[X,0x0000000080000250] -> 0x0620
[155] [M]: 0x000000008000024E (0x0620B823) sd x2, 0x70(x1)                          inst_14+6
mem[W,0x0000000080003188] <- 0x0000000000000230

clint mtime 0x000000000000004E (mip.MTI <- 0b1, mip.STI <- 0b0)
mem[X,0x0000000080000252] -> 0x0113
mem[X,0x0000000080000254] -> 0x0800
[156] [M]: 0x0000000080000252 (0x08000113) addi x2, x0, 0x80                        inst_15+0
x2 <- 0x0000000000000080

mem[X,0x0000000080000256] -> 0x617D
[157] [M]: 0x0000000080000256 (0x617D) c.addi16sp x2, 0x1f0                         inst_15+4
x2 <- 0x0000000000000270

clint mtime 0x000000000000004F (mip.MTI <- 0b1, mip.STI <- 0b0)
mem[X,0x0000000080000258] -> 0xBC23
mem[X,0x000000008000025A] -> 0x0620
[158] [M]: 0x0000000080000258 (0x0620BC23) sd x2, 0x78(x1)                          inst_15+6
mem[W,0x0000000080003190] <- 0x0000000000000270

mem[X,0x000000008000025C] -> 0x0113
mem[X,0x000000008000025E] -> 0x2000
[159] [M]: 0x000000008000025C (0x20000113) addi x2, x0, 0x200                       inst_16+0
x2 <- 0x0000000000000200

clint mtime 0x0000000000000050 (mip.MTI <- 0b1, mip.STI <- 0b0)
mem[X,0x0000000080000260] -> 0x6161
[160] [M]: 0x0000000080000260 (0x6161) c.addi16sp x2, 0x50                          inst_16+4
x2 <- 0x0000000000000250

mem[X,0x0000000080000262] -> 0xB023
mem[X,0x0000000080000264] -> 0x0820
[161] [M]: 0x0000000080000262 (0x0820B023) sd x2, 0x80(x1)                          inst_16+6
mem[W,0x0000000080003198] <- 0x0000000000000250

clint mtime 0x0000000000000051 (mip.MTI <- 0b1, mip.STI <- 0b0)
mem[X,0x0000000080000266] -> 0x0113
mem[X,0x0000000080000268] -> 0x4000
[162] [M]: 0x0000000080000266 (0x40000113) addi x2, x0, 0x400                       inst_17+0
x2 <- 0x0000000000000400

mem[X,0x000000008000026A] -> 0x6121
[163] [M]: 0x000000008000026A (0x6121) c.addi16sp x2, 0x40                          inst_17+4
x2 <- 0x0000000000000440

clint mtime 0x0000000000000052 (mip.MTI <- 0b1, mip.STI <- 0b0)
mem[X,0x000000008000026C] -> 0xB423
mem[X,0x000000008000026E] -> 0x0820
[164] [M]: 0x000000008000026C (0x0820B423) sd x2, 0x88(x1)                          inst_17+6
mem[W,0x00000000800031A0] <- 0x0000000000000440

mem[X,0x0000000080000270] -> 0x0113
mem[X,0x0000000080000272] -> 0x0010
[165] [M]: 0x0000000080000270 (0x00100113) addi x2, x0, 0x1                         inst_18+0
x2 <- 0x0000000000000001

clint mtime 0x0000000000000053 (mip.MTI <- 0b1, mip.STI <- 0b0)
mem[X,0x0000000080000274] -> 0x1113
mem[X,0x0000000080000276] -> 0x00B1
[166] [M]: 0x0000000080000274 (0x00B11113) slli x2, x2, 0xb                         inst_18+4
x2 <- 0x0000000000000800

mem[X,0x0000000080000278] -> 0x715D
[167] [M]: 0x0000000080000278 (0x715D) c.addi16sp x2, -0x50                         inst_18+8
x2 <- 0x00000000000007B0

clint mtime 0x0000000000000054 (mip.MTI <- 0b1, mip.STI <- 0b0)
mem[X,0x000000008000027A] -> 0xB823
mem[X,0x000000008000027C] -> 0x0820
[168] [M]: 0x000000008000027A (0x0820B823) sd x2, 0x90(x1)                          inst_18+10
mem[W,0x00000000800031A8] <- 0x00000000000007B0

mem[X,0x000000008000027E] -> 0x0113
mem[X,0x0000000080000280] -> 0x0010
[169] [M]: 0x000000008000027E (0x00100113) addi x2, x0, 0x1                         inst_19+0
x2 <- 0x0000000000000001

clint mtime 0x0000000000000055 (mip.MTI <- 0b1, mip.STI <- 0b0)
mem[X,0x0000000080000282] -> 0x1113
mem[X,0x0000000080000284] -> 0x00C1
[170] [M]: 0x0000000080000282 (0x00C11113) slli x2, x2, 0xc                         inst_19+4
x2 <- 0x0000000000001000

mem[X,0x0000000080000286] -> 0x715D
[171] [M]: 0x0000000080000286 (0x715D) c.addi16sp x2, -0x50                         inst_19+8
x2 <- 0x0000000000000FB0

clint mtime 0x0000000000000056 (mip.MTI <- 0b1, mip.STI <- 0b0)
mem[X,0x0000000080000288] -> 0xBC23
mem[X,0x000000008000028A] -> 0x0820
[172] [M]: 0x0000000080000288 (0x0820BC23) sd x2, 0x98(x1)                          inst_19+10
mem[W,0x00000000800031B0] <- 0x0000000000000FB0

mem[X,0x000000008000028C] -> 0x0113
mem[X,0x000000008000028E] -> 0x0010
[173] [M]: 0x000000008000028C (0x00100113) addi x2, x0, 0x1                         inst_20+0
x2 <- 0x0000000000000001

clint mtime 0x0000000000000057 (mip.MTI <- 0b1, mip.STI <- 0b0)
mem[X,0x0000000080000290] -> 0x1113
mem[X,0x0000000080000292] -> 0x00D1
[174] [M]: 0x0000000080000290 (0x00D11113) slli x2, x2, 0xd                         inst_20+4
x2 <- 0x0000000000002000

mem[X,0x0000000080000294] -> 0x6109
[175] [M]: 0x0000000080000294 (0x6109) c.addi16sp x2, 0x80                          inst_20+8
x2 <- 0x0000000000002080

clint mtime 0x0000000000000058 (mip.MTI <- 0b1, mip.STI <- 0b0)
mem[X,0x0000000080000296] -> 0xB023
mem[X,0x0000000080000298] -> 0x0A20
[176] [M]: 0x0000000080000296 (0x0A20B023) sd x2, 0xa0(x1)                          inst_20+10
mem[W,0x00000000800031B8] <- 0x0000000000002080

mem[X,0x000000008000029A] -> 0x0113
mem[X,0x000000008000029C] -> 0x0010
[177] [M]: 0x000000008000029A (0x00100113) addi x2, x0, 0x1                         inst_21+0
x2 <- 0x0000000000000001

clint mtime 0x0000000000000059 (mip.MTI <- 0b1, mip.STI <- 0b0)
mem[X,0x000000008000029E] -> 0x1113
mem[X,0x00000000800002A0] -> 0x00E1
[178] [M]: 0x000000008000029E (0x00E11113) slli x2, x2, 0xe                         inst_21+4
x2 <- 0x0000000000004000

mem[X,0x00000000800002A2] -> 0x616D
[179] [M]: 0x00000000800002A2 (0x616D) c.addi16sp x2, 0xf0                          inst_21+8
x2 <- 0x00000000000040F0

clint mtime 0x000000000000005A (mip.MTI <- 0b1, mip.STI <- 0b0)
mem[X,0x00000000800002A4] -> 0xB423
mem[X,0x00000000800002A6] -> 0x0A20
[180] [M]: 0x00000000800002A4 (0x0A20B423) sd x2, 0xa8(x1)                          inst_21+10
mem[W,0x00000000800031C0] <- 0x00000000000040F0

mem[X,0x00000000800002A8] -> 0x0113
mem[X,0x00000000800002AA] -> 0x0010
[181] [M]: 0x00000000800002A8 (0x00100113) addi x2, x0, 0x1                         inst_22+0
x2 <- 0x0000000000000001

clint mtime 0x000000000000005B (mip.MTI <- 0b1, mip.STI <- 0b0)
mem[X,0x00000000800002AC] -> 0x1113
mem[X,0x00000000800002AE] -> 0x00F1
[182] [M]: 0x00000000800002AC (0x00F11113) slli x2, x2, 0xf                         inst_22+4
x2 <- 0x0000000000008000

mem[X,0x00000000800002B0] -> 0x6141
[183] [M]: 0x00000000800002B0 (0x6141) c.addi16sp x2, 0x10                          inst_22+8
x2 <- 0x0000000000008010

clint mtime 0x000000000000005C (mip.MTI <- 0b1, mip.STI <- 0b0)
mem[X,0x00000000800002B2] -> 0xB823
mem[X,0x00000000800002B4] -> 0x0A20
[184] [M]: 0x00000000800002B2 (0x0A20B823) sd x2, 0xb0(x1)                          inst_22+10
mem[W,0x00000000800031C8] <- 0x0000000000008010

mem[X,0x00000000800002B6] -> 0x0113
mem[X,0x00000000800002B8] -> 0x0010
[185] [M]: 0x00000000800002B6 (0x00100113) addi x2, x0, 0x1                         inst_23+0
x2 <- 0x0000000000000001

clint mtime 0x000000000000005D (mip.MTI <- 0b1, mip.STI <- 0b0)
mem[X,0x00000000800002BA] -> 0x1113
mem[X,0x00000000800002BC] -> 0x0101
[186] [M]: 0x00000000800002BA (0x01011113) slli x2, x2, 0x10                        inst_23+4
x2 <- 0x0000000000010000

mem[X,0x00000000800002BE] -> 0x6105
[187] [M]: 0x00000000800002BE (0x6105) c.addi16sp x2, 0x20                          inst_23+8
x2 <- 0x0000000000010020

clint mtime 0x000000000000005E (mip.MTI <- 0b1, mip.STI <- 0b0)
mem[X,0x00000000800002C0] -> 0xBC23
mem[X,0x00000000800002C2] -> 0x0A20
[188] [M]: 0x00000000800002C0 (0x0A20BC23) sd x2, 0xb8(x1)                          inst_23+10
mem[W,0x00000000800031D0] <- 0x0000000000010020

mem[X,0x00000000800002C4] -> 0x0113
mem[X,0x00000000800002C6] -> 0x0010
[189] [M]: 0x00000000800002C4 (0x00100113) addi x2, x0, 0x1                         inst_24+0
x2 <- 0x0000000000000001

clint mtime 0x000000000000005F (mip.MTI <- 0b1, mip.STI <- 0b0)
mem[X,0x00000000800002C8] -> 0x1113
mem[X,0x00000000800002CA] -> 0x0111
[190] [M]: 0x00000000800002C8 (0x01111113) slli x2, x2, 0x11                        inst_24+4
x2 <- 0x0000000000020000

mem[X,0x00000000800002CC] -> 0x6111
[191] [M]: 0x00000000800002CC (0x6111) c.addi16sp x2, 0x100                         inst_24+8
x2 <- 0x0000000000020100

clint mtime 0x0000000000000060 (mip.MTI <- 0b1, mip.STI <- 0b0)
mem[X,0x00000000800002CE] -> 0xB023
mem[X,0x00000000800002D0] -> 0x0C20
[192] [M]: 0x00000000800002CE (0x0C20B023) sd x2, 0xc0(x1)                          inst_24+10
mem[W,0x00000000800031D8] <- 0x0000000000020100

mem[X,0x00000000800002D2] -> 0x0113
mem[X,0x00000000800002D4] -> 0x0010
[193] [M]: 0x00000000800002D2 (0x00100113) addi x2, x0, 0x1                         inst_25+0
x2 <- 0x0000000000000001

clint mtime 0x0000000000000061 (mip.MTI <- 0b1, mip.STI <- 0b0)
mem[X,0x00000000800002D6] -> 0x1113
mem[X,0x00000000800002D8] -> 0x0121
[194] [M]: 0x00000000800002D6 (0x01211113) slli x2, x2, 0x12                        inst_25+4
x2 <- 0x0000000000040000

mem[X,0x00000000800002DA] -> 0x6125
[195] [M]: 0x00000000800002DA (0x6125) c.addi16sp x2, 0x60                          inst_25+8
x2 <- 0x0000000000040060

clint mtime 0x0000000000000062 (mip.MTI <- 0b1, mip.STI <- 0b0)
mem[X,0x00000000800002DC] -> 0xB423
mem[X,0x00000000800002DE] -> 0x0C20
[196] [M]: 0x00000000800002DC (0x0C20B423) sd x2, 0xc8(x1)                          inst_25+10
mem[W,0x00000000800031E0] <- 0x0000000000040060

mem[X,0x00000000800002E0] -> 0x0113
mem[X,0x00000000800002E2] -> 0x0010
[197] [M]: 0x00000000800002E0 (0x00100113) addi x2, x0, 0x1                         inst_26+0
x2 <- 0x0000000000000001

clint mtime 0x0000000000000063 (mip.MTI <- 0b1, mip.STI <- 0b0)
mem[X,0x00000000800002E4] -> 0x1113
mem[X,0x00000000800002E6] -> 0x0131
[198] [M]: 0x00000000800002E4 (0x01311113) slli x2, x2, 0x13                        inst_26+4
x2 <- 0x0000000000080000

mem[X,0x00000000800002E8] -> 0x6161
[199] [M]: 0x00000000800002E8 (0x6161) c.addi16sp x2, 0x50                          inst_26+8
x2 <- 0x0000000000080050

clint mtime 0x0000000000000064 (mip.MTI <- 0b1, mip.STI <- 0b0)
mem[X,0x00000000800002EA] -> 0xB823
mem[X,0x00000000800002EC] -> 0x0C20
[200] [M]: 0x00000000800002EA (0x0C20B823) sd x2, 0xd0(x1)                          inst_26+10
mem[W,0x00000000800031E8] <- 0x0000000000080050

mem[X,0x00000000800002EE] -> 0x0113
mem[X,0x00000000800002F0] -> 0x0010
[201] [M]: 0x00000000800002EE (0x00100113) addi x2, x0, 0x1                         inst_27+0
x2 <- 0x0000000000000001

clint mtime 0x0000000000000065 (mip.MTI <- 0b1, mip.STI <- 0b0)
mem[X,0x00000000800002F2] -> 0x1113
mem[X,0x00000000800002F4] -> 0x0141
[202] [M]: 0x00000000800002F2 (0x01411113) slli x2, x2, 0x14                        inst_27+4
x2 <- 0x0000000000100000

mem[X,0x00000000800002F6] -> 0x6121
[203] [M]: 0x00000000800002F6 (0x6121) c.addi16sp x2, 0x40                          inst_27+8
x2 <- 0x0000000000100040

clint mtime 0x0000000000000066 (mip.MTI <- 0b1, mip.STI <- 0b0)
mem[X,0x00000000800002F8] -> 0xBC23
mem[X,0x00000000800002FA] -> 0x0C20
[204] [M]: 0x00000000800002F8 (0x0C20BC23) sd x2, 0xd8(x1)                          inst_27+10
mem[W,0x00000000800031F0] <- 0x0000000000100040

mem[X,0x00000000800002FC] -> 0x0113
mem[X,0x00000000800002FE] -> 0x0010
[205] [M]: 0x00000000800002FC (0x00100113) addi x2, x0, 0x1                         inst_28+0
x2 <- 0x0000000000000001

clint mtime 0x0000000000000067 (mip.MTI <- 0b1, mip.STI <- 0b0)
mem[X,0x0000000080000300] -> 0x1113
mem[X,0x0000000080000302] -> 0x0161
[206] [M]: 0x0000000080000300 (0x01611113) slli x2, x2, 0x16                        inst_28+4
x2 <- 0x0000000000400000

mem[X,0x0000000080000304] -> 0x6125
[207] [M]: 0x0000000080000304 (0x6125) c.addi16sp x2, 0x60                          inst_28+8
x2 <- 0x0000000000400060

clint mtime 0x0000000000000068 (mip.MTI <- 0b1, mip.STI <- 0b0)
mem[X,0x0000000080000306] -> 0xB023
mem[X,0x0000000080000308] -> 0x0E20
[208] [M]: 0x0000000080000306 (0x0E20B023) sd x2, 0xe0(x1)                          inst_28+10
mem[W,0x00000000800031F8] <- 0x0000000000400060

mem[X,0x000000008000030A] -> 0x0113
mem[X,0x000000008000030C] -> 0x0010
[209] [M]: 0x000000008000030A (0x00100113) addi x2, x0, 0x1                         inst_29+0
x2 <- 0x0000000000000001

clint mtime 0x0000000000000069 (mip.MTI <- 0b1, mip.STI <- 0b0)
mem[X,0x000000008000030E] -> 0x1113
mem[X,0x0000000080000310] -> 0x0171
[210] [M]: 0x000000008000030E (0x01711113) slli x2, x2, 0x17                        inst_29+4
x2 <- 0x0000000000800000

mem[X,0x0000000080000312] -> 0x7175
[211] [M]: 0x0000000080000312 (0x7175) c.addi16sp x2, -0x90                         inst_29+8
x2 <- 0x00000000007FFF70

clint mtime 0x000000000000006A (mip.MTI <- 0b1, mip.STI <- 0b0)
mem[X,0x0000000080000314] -> 0xB423
mem[X,0x0000000080000316] -> 0x0E20
[212] [M]: 0x0000000080000314 (0x0E20B423) sd x2, 0xe8(x1)                          inst_29+10
mem[W,0x0000000080003200] <- 0x00000000007FFF70

mem[X,0x0000000080000318] -> 0x0113
mem[X,0x000000008000031A] -> 0x0010
[213] [M]: 0x0000000080000318 (0x00100113) addi x2, x0, 0x1                         inst_30+0
x2 <- 0x0000000000000001

clint mtime 0x000000000000006B (mip.MTI <- 0b1, mip.STI <- 0b0)
mem[X,0x000000008000031C] -> 0x1113
mem[X,0x000000008000031E] -> 0x0181
[214] [M]: 0x000000008000031C (0x01811113) slli x2, x2, 0x18                        inst_30+4
x2 <- 0x0000000001000000

mem[X,0x0000000080000320] -> 0x711D
[215] [M]: 0x0000000080000320 (0x711D) c.addi16sp x2, -0x60                         inst_30+8
x2 <- 0x0000000000FFFFA0

clint mtime 0x000000000000006C (mip.MTI <- 0b1, mip.STI <- 0b0)
mem[X,0x0000000080000322] -> 0xB823
mem[X,0x0000000080000324] -> 0x0E20
[216] [M]: 0x0000000080000322 (0x0E20B823) sd x2, 0xf0(x1)                          inst_30+10
mem[W,0x0000000080003208] <- 0x0000000000FFFFA0

mem[X,0x0000000080000326] -> 0x0113
mem[X,0x0000000080000328] -> 0x0010
[217] [M]: 0x0000000080000326 (0x00100113) addi x2, x0, 0x1                         inst_31+0
x2 <- 0x0000000000000001

clint mtime 0x000000000000006D (mip.MTI <- 0b1, mip.STI <- 0b0)
mem[X,0x000000008000032A] -> 0x1113
mem[X,0x000000008000032C] -> 0x0191
[218] [M]: 0x000000008000032A (0x01911113) slli x2, x2, 0x19                        inst_31+4
x2 <- 0x0000000002000000

mem[X,0x000000008000032E] -> 0x7179
[219] [M]: 0x000000008000032E (0x7179) c.addi16sp x2, -0x30                         inst_31+8
x2 <- 0x0000000001FFFFD0

clint mtime 0x000000000000006E (mip.MTI <- 0b1, mip.STI <- 0b0)
mem[X,0x0000000080000330] -> 0xBC23
mem[X,0x0000000080000332] -> 0x0E20
[220] [M]: 0x0000000080000330 (0x0E20BC23) sd x2, 0xf8(x1)                          inst_31+10
mem[W,0x0000000080003210] <- 0x0000000001FFFFD0

mem[X,0x0000000080000334] -> 0x0113
mem[X,0x0000000080000336] -> 0x0010
[221] [M]: 0x0000000080000334 (0x00100113) addi x2, x0, 0x1                         inst_32+0
x2 <- 0x0000000000000001

clint mtime 0x000000000000006F (mip.MTI <- 0b1, mip.STI <- 0b0)
mem[X,0x0000000080000338] -> 0x1113
mem[X,0x000000008000033A] -> 0x01A1
[222] [M]: 0x0000000080000338 (0x01A11113) slli x2, x2, 0x1a                        inst_32+4
x2 <- 0x0000000004000000

mem[X,0x000000008000033C] -> 0x6165
[223] [M]: 0x000000008000033C (0x6165) c.addi16sp x2, 0x70                          inst_32+8
x2 <- 0x0000000004000070

clint mtime 0x0000000000000070 (mip.MTI <- 0b1, mip.STI <- 0b0)
mem[X,0x000000008000033E] -> 0xB023
mem[X,0x0000000080000340] -> 0x1020
[224] [M]: 0x000000008000033E (0x1020B023) sd x2, 0x100(x1)                         inst_32+10
mem[W,0x0000000080003218] <- 0x0000000004000070

mem[X,0x0000000080000342] -> 0x0113
mem[X,0x0000000080000344] -> 0x0010
[225] [M]: 0x0000000080000342 (0x00100113) addi x2, x0, 0x1                         inst_33+0
x2 <- 0x0000000000000001

clint mtime 0x0000000000000071 (mip.MTI <- 0b1, mip.STI <- 0b0)
mem[X,0x0000000080000346] -> 0x1113
mem[X,0x0000000080000348] -> 0x01B1
[226] [M]: 0x0000000080000346 (0x01B11113) slli x2, x2, 0x1b                        inst_33+4
x2 <- 0x0000000008000000

mem[X,0x000000008000034A] -> 0x6145
[227] [M]: 0x000000008000034A (0x6145) c.addi16sp x2, 0x30                          inst_33+8
x2 <- 0x0000000008000030

clint mtime 0x0000000000000072 (mip.MTI <- 0b1, mip.STI <- 0b0)
mem[X,0x000000008000034C] -> 0xB423
mem[X,0x000000008000034E] -> 0x1020
[228] [M]: 0x000000008000034C (0x1020B423) sd x2, 0x108(x1)                         inst_33+10
mem[W,0x0000000080003220] <- 0x0000000008000030

mem[X,0x0000000080000350] -> 0x0113
mem[X,0x0000000080000352] -> 0x0010
[229] [M]: 0x0000000080000350 (0x00100113) addi x2, x0, 0x1                         inst_34+0
x2 <- 0x0000000000000001

clint mtime 0x0000000000000073 (mip.MTI <- 0b1, mip.STI <- 0b0)
mem[X,0x0000000080000354] -> 0x1113
mem[X,0x0000000080000356] -> 0x01C1
[230] [M]: 0x0000000080000354 (0x01C11113) slli x2, x2, 0x1c                        inst_34+4
x2 <- 0x0000000010000000

mem[X,0x0000000080000358] -> 0x7135
[231] [M]: 0x0000000080000358 (0x7135) c.addi16sp x2, -0xa0                         inst_34+8
x2 <- 0x000000000FFFFF60

clint mtime 0x0000000000000074 (mip.MTI <- 0b1, mip.STI <- 0b0)
mem[X,0x000000008000035A] -> 0xB823
mem[X,0x000000008000035C] -> 0x1020
[232] [M]: 0x000000008000035A (0x1020B823) sd x2, 0x110(x1)                         inst_34+10
mem[W,0x0000000080003228] <- 0x000000000FFFFF60

mem[X,0x000000008000035E] -> 0x0113
mem[X,0x0000000080000360] -> 0x0010
[233] [M]: 0x000000008000035E (0x00100113) addi x2, x0, 0x1                         inst_35+0
x2 <- 0x0000000000000001

clint mtime 0x0000000000000075 (mip.MTI <- 0b1, mip.STI <- 0b0)
mem[X,0x0000000080000362] -> 0x1113
mem[X,0x0000000080000364] -> 0x01D1
[234] [M]: 0x0000000080000362 (0x01D11113) slli x2, x2, 0x1d                        inst_35+4
x2 <- 0x0000000020000000

mem[X,0x0000000080000366] -> 0x715D
[235] [M]: 0x0000000080000366 (0x715D) c.addi16sp x2, -0x50                         inst_35+8
x2 <- 0x000000001FFFFFB0

clint mtime 0x0000000000000076 (mip.MTI <- 0b1, mip.STI <- 0b0)
mem[X,0x0000000080000368] -> 0xBC23
mem[X,0x000000008000036A] -> 0x1020
[236] [M]: 0x0000000080000368 (0x1020BC23) sd x2, 0x118(x1)                         inst_35+10
mem[W,0x0000000080003230] <- 0x000000001FFFFFB0

mem[X,0x000000008000036C] -> 0x0113
mem[X,0x000000008000036E] -> 0x0010
[237] [M]: 0x000000008000036C (0x00100113) addi x2, x0, 0x1                         inst_36+0
x2 <- 0x0000000000000001

clint mtime 0x0000000000000077 (mip.MTI <- 0b1, mip.STI <- 0b0)
mem[X,0x0000000080000370] -> 0x1113
mem[X,0x0000000080000372] -> 0x01E1
[238] [M]: 0x0000000080000370 (0x01E11113) slli x2, x2, 0x1e                        inst_36+4
x2 <- 0x0000000040000000

mem[X,0x0000000080000374] -> 0x7101
[239] [M]: 0x0000000080000374 (0x7101) c.addi16sp x2, -0x200                        inst_36+8
x2 <- 0x000000003FFFFE00

clint mtime 0x0000000000000078 (mip.MTI <- 0b1, mip.STI <- 0b0)
mem[X,0x0000000080000376] -> 0xB023
mem[X,0x0000000080000378] -> 0x1220
[240] [M]: 0x0000000080000376 (0x1220B023) sd x2, 0x120(x1)                         inst_36+10
mem[W,0x0000000080003238] <- 0x000000003FFFFE00

mem[X,0x000000008000037A] -> 0x0113
mem[X,0x000000008000037C] -> 0x0010
[241] [M]: 0x000000008000037A (0x00100113) addi x2, x0, 0x1                         inst_37+0
x2 <- 0x0000000000000001

clint mtime 0x0000000000000079 (mip.MTI <- 0b1, mip.STI <- 0b0)
mem[X,0x000000008000037E] -> 0x1113
mem[X,0x0000000080000380] -> 0x01F1
[242] [M]: 0x000000008000037E (0x01F11113) slli x2, x2, 0x1f                        inst_37+4
x2 <- 0x0000000080000000

mem[X,0x0000000080000382] -> 0x7139
[243] [M]: 0x0000000080000382 (0x7139) c.addi16sp x2, -0x40                         inst_37+8
x2 <- 0x000000007FFFFFC0

clint mtime 0x000000000000007A (mip.MTI <- 0b1, mip.STI <- 0b0)
mem[X,0x0000000080000384] -> 0xB423
mem[X,0x0000000080000386] -> 0x1220
[244] [M]: 0x0000000080000384 (0x1220B423) sd x2, 0x128(x1)                         inst_37+10
mem[W,0x0000000080003240] <- 0x000000007FFFFFC0

mem[X,0x0000000080000388] -> 0x0113
mem[X,0x000000008000038A] -> 0x0010
[245] [M]: 0x0000000080000388 (0x00100113) addi x2, x0, 0x1                         inst_38+0
x2 <- 0x0000000000000001

clint mtime 0x000000000000007B (mip.MTI <- 0b1, mip.STI <- 0b0)
mem[X,0x000000008000038C] -> 0x1113
mem[X,0x000000008000038E] -> 0x0201
[246] [M]: 0x000000008000038C (0x02011113) slli x2, x2, 0x20                        inst_38+4
x2 <- 0x0000000100000000

mem[X,0x0000000080000390] -> 0x6105
[247] [M]: 0x0000000080000390 (0x6105) c.addi16sp x2, 0x20                          inst_38+8
x2 <- 0x0000000100000020

clint mtime 0x000000000000007C (mip.MTI <- 0b1, mip.STI <- 0b0)
mem[X,0x0000000080000392] -> 0xB823
mem[X,0x0000000080000394] -> 0x1220
[248] [M]: 0x0000000080000392 (0x1220B823) sd x2, 0x130(x1)                         inst_38+10
mem[W,0x0000000080003248] <- 0x0000000100000020

mem[X,0x0000000080000396] -> 0x0113
mem[X,0x0000000080000398] -> 0x0010
[249] [M]: 0x0000000080000396 (0x00100113) addi x2, x0, 0x1                         inst_39+0
x2 <- 0x0000000000000001

clint mtime 0x000000000000007D (mip.MTI <- 0b1, mip.STI <- 0b0)
mem[X,0x000000008000039A] -> 0x1113
mem[X,0x000000008000039C] -> 0x0211
[250] [M]: 0x000000008000039A (0x02111113) slli x2, x2, 0x21                        inst_39+4
x2 <- 0x0000000200000000

mem[X,0x000000008000039E] -> 0x6125
[251] [M]: 0x000000008000039E (0x6125) c.addi16sp x2, 0x60                          inst_39+8
x2 <- 0x0000000200000060

clint mtime 0x000000000000007E (mip.MTI <- 0b1, mip.STI <- 0b0)
mem[X,0x00000000800003A0] -> 0xBC23
mem[X,0x00000000800003A2] -> 0x1220
[252] [M]: 0x00000000800003A0 (0x1220BC23) sd x2, 0x138(x1)                         inst_39+10
mem[W,0x0000000080003250] <- 0x0000000200000060

mem[X,0x00000000800003A4] -> 0x0113
mem[X,0x00000000800003A6] -> 0x0010
[253] [M]: 0x00000000800003A4 (0x00100113) addi x2, x0, 0x1                         inst_40+0
x2 <- 0x0000000000000001

clint mtime 0x000000000000007F (mip.MTI <- 0b1, mip.STI <- 0b0)
mem[X,0x00000000800003A8] -> 0x1113
mem[X,0x00000000800003AA] -> 0x0221
[254] [M]: 0x00000000800003A8 (0x02211113) slli x2, x2, 0x22                        inst_40+4
x2 <- 0x0000000400000000

mem[X,0x00000000800003AC] -> 0x7139
[255] [M]: 0x00000000800003AC (0x7139) c.addi16sp x2, -0x40                         inst_40+8
x2 <- 0x00000003FFFFFFC0

clint mtime 0x0000000000000080 (mip.MTI <- 0b1, mip.STI <- 0b0)
mem[X,0x00000000800003AE] -> 0xB023
mem[X,0x00000000800003B0] -> 0x1420
[256] [M]: 0x00000000800003AE (0x1420B023) sd x2, 0x140(x1)                         inst_40+10
mem[W,0x0000000080003258] <- 0x00000003FFFFFFC0

mem[X,0x00000000800003B2] -> 0x0113
mem[X,0x00000000800003B4] -> 0x0010
[257] [M]: 0x00000000800003B2 (0x00100113) addi x2, x0, 0x1                         inst_41+0
x2 <- 0x0000000000000001

clint mtime 0x0000000000000081 (mip.MTI <- 0b1, mip.STI <- 0b0)
mem[X,0x00000000800003B6] -> 0x1113
mem[X,0x00000000800003B8] -> 0x0231
[258] [M]: 0x00000000800003B6 (0x02311113) slli x2, x2, 0x23                        inst_41+4
x2 <- 0x0000000800000000

mem[X,0x00000000800003BA] -> 0x6161
[259] [M]: 0x00000000800003BA (0x6161) c.addi16sp x2, 0x50                          inst_41+8
x2 <- 0x0000000800000050

clint mtime 0x0000000000000082 (mip.MTI <- 0b1, mip.STI <- 0b0)
mem[X,0x00000000800003BC] -> 0xB423
mem[X,0x00000000800003BE] -> 0x1420
[260] [M]: 0x00000000800003BC (0x1420B423) sd x2, 0x148(x1)                         inst_41+10
mem[W,0x0000000080003260] <- 0x0000000800000050

mem[X,0x00000000800003C0] -> 0x0113
mem[X,0x00000000800003C2] -> 0x0010
[261] [M]: 0x00000000800003C0 (0x00100113) addi x2, x0, 0x1                         inst_42+0
x2 <- 0x0000000000000001

clint mtime 0x0000000000000083 (mip.MTI <- 0b1, mip.STI <- 0b0)
mem[X,0x00000000800003C4] -> 0x1113
mem[X,0x00000000800003C6] -> 0x0241
[262] [M]: 0x00000000800003C4 (0x02411113) slli x2, x2, 0x24                        inst_42+4
x2 <- 0x0000001000000000

mem[X,0x00000000800003C8] -> 0x6109
[263] [M]: 0x00000000800003C8 (0x6109) c.addi16sp x2, 0x80                          inst_42+8
x2 <- 0x0000001000000080

clint mtime 0x0000000000000084 (mip.MTI <- 0b1, mip.STI <- 0b0)
mem[X,0x00000000800003CA] -> 0xB823
mem[X,0x00000000800003CC] -> 0x1420
[264] [M]: 0x00000000800003CA (0x1420B823) sd x2, 0x150(x1)                         inst_42+10
mem[W,0x0000000080003268] <- 0x0000001000000080

mem[X,0x00000000800003CE] -> 0x0113
mem[X,0x00000000800003D0] -> 0x0010
[265] [M]: 0x00000000800003CE (0x00100113) addi x2, x0, 0x1                         inst_43+0
x2 <- 0x0000000000000001

clint mtime 0x0000000000000085 (mip.MTI <- 0b1, mip.STI <- 0b0)
mem[X,0x00000000800003D2] -> 0x1113
mem[X,0x00000000800003D4] -> 0x0251
[266] [M]: 0x00000000800003D2 (0x02511113) slli x2, x2, 0x25                        inst_43+4
x2 <- 0x0000002000000000

mem[X,0x00000000800003D6] -> 0x715D
[267] [M]: 0x00000000800003D6 (0x715D) c.addi16sp x2, -0x50                         inst_43+8
x2 <- 0x0000001FFFFFFFB0

clint mtime 0x0000000000000086 (mip.MTI <- 0b1, mip.STI <- 0b0)
mem[X,0x00000000800003D8] -> 0xBC23
mem[X,0x00000000800003DA] -> 0x1420
[268] [M]: 0x00000000800003D8 (0x1420BC23) sd x2, 0x158(x1)                         inst_43+10
mem[W,0x0000000080003270] <- 0x0000001FFFFFFFB0

mem[X,0x00000000800003DC] -> 0x0113
mem[X,0x00000000800003DE] -> 0x0010
[269] [M]: 0x00000000800003DC (0x00100113) addi x2, x0, 0x1                         inst_44+0
x2 <- 0x0000000000000001

clint mtime 0x0000000000000087 (mip.MTI <- 0b1, mip.STI <- 0b0)
mem[X,0x00000000800003E0] -> 0x1113
mem[X,0x00000000800003E2] -> 0x0261
[270] [M]: 0x00000000800003E0 (0x02611113) slli x2, x2, 0x26                        inst_44+4
x2 <- 0x0000004000000000

mem[X,0x00000000800003E4] -> 0x7135
[271] [M]: 0x00000000800003E4 (0x7135) c.addi16sp x2, -0xa0                         inst_44+8
x2 <- 0x0000003FFFFFFF60

clint mtime 0x0000000000000088 (mip.MTI <- 0b1, mip.STI <- 0b0)
mem[X,0x00000000800003E6] -> 0xB023
mem[X,0x00000000800003E8] -> 0x1620
[272] [M]: 0x00000000800003E6 (0x1620B023) sd x2, 0x160(x1)                         inst_44+10
mem[W,0x0000000080003278] <- 0x0000003FFFFFFF60

mem[X,0x00000000800003EA] -> 0x0113
mem[X,0x00000000800003EC] -> 0x0010
[273] [M]: 0x00000000800003EA (0x00100113) addi x2, x0, 0x1                         inst_45+0
x2 <- 0x0000000000000001

clint mtime 0x0000000000000089 (mip.MTI <- 0b1, mip.STI <- 0b0)
mem[X,0x00000000800003EE] -> 0x1113
mem[X,0x00000000800003F0] -> 0x0271
[274] [M]: 0x00000000800003EE (0x02711113) slli x2, x2, 0x27                        inst_45+4
x2 <- 0x0000008000000000

mem[X,0x00000000800003F2] -> 0x7159
[275] [M]: 0x00000000800003F2 (0x7159) c.addi16sp x2, -0x70                         inst_45+8
x2 <- 0x0000007FFFFFFF90

clint mtime 0x000000000000008A (mip.MTI <- 0b1, mip.STI <- 0b0)
mem[X,0x00000000800003F4] -> 0xB423
mem[X,0x00000000800003F6] -> 0x1620
[276] [M]: 0x00000000800003F4 (0x1620B423) sd x2, 0x168(x1)                         inst_45+10
mem[W,0x0000000080003280] <- 0x0000007FFFFFFF90

mem[X,0x00000000800003F8] -> 0x0113
mem[X,0x00000000800003FA] -> 0x0010
[277] [M]: 0x00000000800003F8 (0x00100113) addi x2, x0, 0x1                         inst_46+0
x2 <- 0x0000000000000001

clint mtime 0x000000000000008B (mip.MTI <- 0b1, mip.STI <- 0b0)
mem[X,0x00000000800003FC] -> 0x1113
mem[X,0x00000000800003FE] -> 0x0281
[278] [M]: 0x00000000800003FC (0x02811113) slli x2, x2, 0x28                        inst_46+4
x2 <- 0x0000010000000000

mem[X,0x0000000080000400] -> 0x7139
[279] [M]: 0x0000000080000400 (0x7139) c.addi16sp x2, -0x40                         inst_46+8
x2 <- 0x000000FFFFFFFFC0

clint mtime 0x000000000000008C (mip.MTI <- 0b1, mip.STI <- 0b0)
mem[X,0x0000000080000402] -> 0xB823
mem[X,0x0000000080000404] -> 0x1620
[280] [M]: 0x0000000080000402 (0x1620B823) sd x2, 0x170(x1)                         inst_46+10
mem[W,0x0000000080003288] <- 0x000000FFFFFFFFC0

mem[X,0x0000000080000406] -> 0x0113
mem[X,0x0000000080000408] -> 0x0010
[281] [M]: 0x0000000080000406 (0x00100113) addi x2, x0, 0x1                         inst_47+0
x2 <- 0x0000000000000001

clint mtime 0x000000000000008D (mip.MTI <- 0b1, mip.STI <- 0b0)
mem[X,0x000000008000040A] -> 0x1113
mem[X,0x000000008000040C] -> 0x0291
[282] [M]: 0x000000008000040A (0x02911113) slli x2, x2, 0x29                        inst_47+4
x2 <- 0x0000020000000000

mem[X,0x000000008000040E] -> 0x6165
[283] [M]: 0x000000008000040E (0x6165) c.addi16sp x2, 0x70                          inst_47+8
x2 <- 0x0000020000000070

clint mtime 0x000000000000008E (mip.MTI <- 0b1, mip.STI <- 0b0)
mem[X,0x0000000080000410] -> 0xBC23
mem[X,0x0000000080000412] -> 0x1620
[284] [M]: 0x0000000080000410 (0x1620BC23) sd x2, 0x178(x1)                         inst_47+10
mem[W,0x0000000080003290] <- 0x0000020000000070

mem[X,0x0000000080000414] -> 0x0113
mem[X,0x0000000080000416] -> 0x0010
[285] [M]: 0x0000000080000414 (0x00100113) addi x2, x0, 0x1                         inst_48+0
x2 <- 0x0000000000000001

clint mtime 0x000000000000008F (mip.MTI <- 0b1, mip.STI <- 0b0)
mem[X,0x0000000080000418] -> 0x1113
mem[X,0x000000008000041A] -> 0x02A1
[286] [M]: 0x0000000080000418 (0x02A11113) slli x2, x2, 0x2a                        inst_48+4
x2 <- 0x0000040000000000

mem[X,0x000000008000041C] -> 0x6141
[287] [M]: 0x000000008000041C (0x6141) c.addi16sp x2, 0x10                          inst_48+8
x2 <- 0x0000040000000010

clint mtime 0x0000000000000090 (mip.MTI <- 0b1, mip.STI <- 0b0)
mem[X,0x000000008000041E] -> 0xB023
mem[X,0x0000000080000420] -> 0x1820
[288] [M]: 0x000000008000041E (0x1820B023) sd x2, 0x180(x1)                         inst_48+10
mem[W,0x0000000080003298] <- 0x0000040000000010

mem[X,0x0000000080000422] -> 0x0113
mem[X,0x0000000080000424] -> 0x0010
[289] [M]: 0x0000000080000422 (0x00100113) addi x2, x0, 0x1                         inst_49+0
x2 <- 0x0000000000000001

clint mtime 0x0000000000000091 (mip.MTI <- 0b1, mip.STI <- 0b0)
mem[X,0x0000000080000426] -> 0x1113
mem[X,0x0000000080000428] -> 0x02B1
[290] [M]: 0x0000000080000426 (0x02B11113) slli x2, x2, 0x2b                        inst_49+4
x2 <- 0x0000080000000000

mem[X,0x000000008000042A] -> 0x7179
[291] [M]: 0x000000008000042A (0x7179) c.addi16sp x2, -0x30                         inst_49+8
x2 <- 0x000007FFFFFFFFD0

clint mtime 0x0000000000000092 (mip.MTI <- 0b1, mip.STI <- 0b0)
mem[X,0x000000008000042C] -> 0xB423
mem[X,0x000000008000042E] -> 0x1820
[292] [M]: 0x000000008000042C (0x1820B423) sd x2, 0x188(x1)                         inst_49+10
mem[W,0x00000000800032A0] <- 0x000007FFFFFFFFD0

mem[X,0x0000000080000430] -> 0x0113
mem[X,0x0000000080000432] -> 0x0010
[293] [M]: 0x0000000080000430 (0x00100113) addi x2, x0, 0x1                         inst_50+0
x2 <- 0x0000000000000001

clint mtime 0x0000000000000093 (mip.MTI <- 0b1, mip.STI <- 0b0)
mem[X,0x0000000080000434] -> 0x1113
mem[X,0x0000000080000436] -> 0x02C1
[294] [M]: 0x0000000080000434 (0x02C11113) slli x2, x2, 0x2c                        inst_50+4
x2 <- 0x0000100000000000

mem[X,0x0000000080000438] -> 0x617D
[295] [M]: 0x0000000080000438 (0x617D) c.addi16sp x2, 0x1f0                         inst_50+8
x2 <- 0x00001000000001F0

clint mtime 0x0000000000000094 (mip.MTI <- 0b1, mip.STI <- 0b0)
mem[X,0x000000008000043A] -> 0xB823
mem[X,0x000000008000043C] -> 0x1820
[296] [M]: 0x000000008000043A (0x1820B823) sd x2, 0x190(x1)                         inst_50+10
mem[W,0x00000000800032A8] <- 0x00001000000001F0

mem[X,0x000000008000043E] -> 0x0113
mem[X,0x0000000080000440] -> 0x0010
[297] [M]: 0x000000008000043E (0x00100113) addi x2, x0, 0x1                         inst_51+0
x2 <- 0x0000000000000001

clint mtime 0x0000000000000095 (mip.MTI <- 0b1, mip.STI <- 0b0)
mem[X,0x0000000080000442] -> 0x1113
mem[X,0x0000000080000444] -> 0x02D1
[298] [M]: 0x0000000080000442 (0x02D11113) slli x2, x2, 0x2d                        inst_51+4
x2 <- 0x0000200000000000

mem[X,0x0000000080000446] -> 0x616D
[299] [M]: 0x0000000080000446 (0x616D) c.addi16sp x2, 0xf0                          inst_51+8
x2 <- 0x00002000000000F0

clint mtime 0x0000000000000096 (mip.MTI <- 0b1, mip.STI <- 0b0)
mem[X,0x0000000080000448] -> 0xBC23
mem[X,0x000000008000044A] -> 0x1820
[300] [M]: 0x0000000080000448 (0x1820BC23) sd x2, 0x198(x1)                         inst_51+10
mem[W,0x00000000800032B0] <- 0x00002000000000F0

mem[X,0x000000008000044C] -> 0x0113
mem[X,0x000000008000044E] -> 0x0010
[301] [M]: 0x000000008000044C (0x00100113) addi x2, x0, 0x1                         inst_52+0
x2 <- 0x0000000000000001

clint mtime 0x0000000000000097 (mip.MTI <- 0b1, mip.STI <- 0b0)
mem[X,0x0000000080000450] -> 0x1113
mem[X,0x0000000080000452] -> 0x02E1
[302] [M]: 0x0000000080000450 (0x02E11113) slli x2, x2, 0x2e                        inst_52+4
x2 <- 0x0000400000000000

mem[X,0x0000000080000454] -> 0x6145
[303] [M]: 0x0000000080000454 (0x6145) c.addi16sp x2, 0x30                          inst_52+8
x2 <- 0x0000400000000030

clint mtime 0x0000000000000098 (mip.MTI <- 0b1, mip.STI <- 0b0)
mem[X,0x0000000080000456] -> 0xB023
mem[X,0x0000000080000458] -> 0x1A20
[304] [M]: 0x0000000080000456 (0x1A20B023) sd x2, 0x1a0(x1)                         inst_52+10
mem[W,0x00000000800032B8] <- 0x0000400000000030

mem[X,0x000000008000045A] -> 0x0113
mem[X,0x000000008000045C] -> 0x0010
[305] [M]: 0x000000008000045A (0x00100113) addi x2, x0, 0x1                         inst_53+0
x2 <- 0x0000000000000001

clint mtime 0x0000000000000099 (mip.MTI <- 0b1, mip.STI <- 0b0)
mem[X,0x000000008000045E] -> 0x1113
mem[X,0x0000000080000460] -> 0x02F1
[306] [M]: 0x000000008000045E (0x02F11113) slli x2, x2, 0x2f                        inst_53+4
x2 <- 0x0000800000000000

mem[X,0x0000000080000462] -> 0x6165
[307] [M]: 0x0000000080000462 (0x6165) c.addi16sp x2, 0x70                          inst_53+8
x2 <- 0x0000800000000070

clint mtime 0x000000000000009A (mip.MTI <- 0b1, mip.STI <- 0b0)
mem[X,0x0000000080000464] -> 0xB423
mem[X,0x0000000080000466] -> 0x1A20
[308] [M]: 0x0000000080000464 (0x1A20B423) sd x2, 0x1a8(x1)                         inst_53+10
mem[W,0x00000000800032C0] <- 0x0000800000000070

mem[X,0x0000000080000468] -> 0x0113
mem[X,0x000000008000046A] -> 0x0010
[309] [M]: 0x0000000080000468 (0x00100113) addi x2, x0, 0x1                         inst_54+0
x2 <- 0x0000000000000001

clint mtime 0x000000000000009B (mip.MTI <- 0b1, mip.STI <- 0b0)
mem[X,0x000000008000046C] -> 0x1113
mem[X,0x000000008000046E] -> 0x0301
[310] [M]: 0x000000008000046C (0x03011113) slli x2, x2, 0x30                        inst_54+4
x2 <- 0x0001000000000000

mem[X,0x0000000080000470] -> 0x6145
[311] [M]: 0x0000000080000470 (0x6145) c.addi16sp x2, 0x30                          inst_54+8
x2 <- 0x0001000000000030

clint mtime 0x000000000000009C (mip.MTI <- 0b1, mip.STI <- 0b0)
mem[X,0x0000000080000472] -> 0xB823
mem[X,0x0000000080000474] -> 0x1A20
[312] [M]: 0x0000000080000472 (0x1A20B823) sd x2, 0x1b0(x1)                         inst_54+10
mem[W,0x00000000800032C8] <- 0x0001000000000030

mem[X,0x0000000080000476] -> 0x0113
mem[X,0x0000000080000478] -> 0x0010
[313] [M]: 0x0000000080000476 (0x00100113) addi x2, x0, 0x1                         inst_55+0
x2 <- 0x0000000000000001

clint mtime 0x000000000000009D (mip.MTI <- 0b1, mip.STI <- 0b0)
mem[X,0x000000008000047A] -> 0x1113
mem[X,0x000000008000047C] -> 0x0311
[314] [M]: 0x000000008000047A (0x03111113) slli x2, x2, 0x31                        inst_55+4
x2 <- 0x0002000000000000

mem[X,0x000000008000047E] -> 0x6145
[315] [M]: 0x000000008000047E (0x6145) c.addi16sp x2, 0x30                          inst_55+8
x2 <- 0x0002000000000030

clint mtime 0x000000000000009E (mip.MTI <- 0b1, mip.STI <- 0b0)
mem[X,0x0000000080000480] -> 0xBC23
mem[X,0x0000000080000482] -> 0x1A20
[316] [M]: 0x0000000080000480 (0x1A20BC23) sd x2, 0x1b8(x1)                         inst_55+10
mem[W,0x00000000800032D0] <- 0x0002000000000030

mem[X,0x0000000080000484] -> 0x0113
mem[X,0x0000000080000486] -> 0x0010
[317] [M]: 0x0000000080000484 (0x00100113) addi x2, x0, 0x1                         inst_56+0
x2 <- 0x0000000000000001

clint mtime 0x000000000000009F (mip.MTI <- 0b1, mip.STI <- 0b0)
mem[X,0x0000000080000488] -> 0x1113
mem[X,0x000000008000048A] -> 0x0321
[318] [M]: 0x0000000080000488 (0x03211113) slli x2, x2, 0x32                        inst_56+4
x2 <- 0x0004000000000000

mem[X,0x000000008000048C] -> 0x710D
[319] [M]: 0x000000008000048C (0x710D) c.addi16sp x2, -0x160                        inst_56+8
x2 <- 0x0003FFFFFFFFFEA0

clint mtime 0x00000000000000A0 (mip.MTI <- 0b1, mip.STI <- 0b0)
mem[X,0x000000008000048E] -> 0xB023
mem[X,0x0000000080000490] -> 0x1C20
[320] [M]: 0x000000008000048E (0x1C20B023) sd x2, 0x1c0(x1)                         inst_56+10
mem[W,0x00000000800032D8] <- 0x0003FFFFFFFFFEA0

mem[X,0x0000000080000492] -> 0x0113
mem[X,0x0000000080000494] -> 0x0010
[321] [M]: 0x0000000080000492 (0x00100113) addi x2, x0, 0x1                         inst_57+0
x2 <- 0x0000000000000001

clint mtime 0x00000000000000A1 (mip.MTI <- 0b1, mip.STI <- 0b0)
mem[X,0x0000000080000496] -> 0x1113
mem[X,0x0000000080000498] -> 0x0331
[322] [M]: 0x0000000080000496 (0x03311113) slli x2, x2, 0x33                        inst_57+4
x2 <- 0x0008000000000000

mem[X,0x000000008000049A] -> 0x7179
[323] [M]: 0x000000008000049A (0x7179) c.addi16sp x2, -0x30                         inst_57+8
x2 <- 0x0007FFFFFFFFFFD0

clint mtime 0x00000000000000A2 (mip.MTI <- 0b1, mip.STI <- 0b0)
mem[X,0x000000008000049C] -> 0xB423
mem[X,0x000000008000049E] -> 0x1C20
[324] [M]: 0x000000008000049C (0x1C20B423) sd x2, 0x1c8(x1)                         inst_57+10
mem[W,0x00000000800032E0] <- 0x0007FFFFFFFFFFD0

mem[X,0x00000000800004A0] -> 0x0113
mem[X,0x00000000800004A2] -> 0x0010
[325] [M]: 0x00000000800004A0 (0x00100113) addi x2, x0, 0x1                         inst_58+0
x2 <- 0x0000000000000001

clint mtime 0x00000000000000A3 (mip.MTI <- 0b1, mip.STI <- 0b0)
mem[X,0x00000000800004A4] -> 0x1113
mem[X,0x00000000800004A6] -> 0x0341
[326] [M]: 0x00000000800004A4 (0x03411113) slli x2, x2, 0x34                        inst_58+4
x2 <- 0x0010000000000000

mem[X,0x00000000800004A8] -> 0x6109
[327] [M]: 0x00000000800004A8 (0x6109) c.addi16sp x2, 0x80                          inst_58+8
x2 <- 0x0010000000000080

clint mtime 0x00000000000000A4 (mip.MTI <- 0b1, mip.STI <- 0b0)
mem[X,0x00000000800004AA] -> 0xB823
mem[X,0x00000000800004AC] -> 0x1C20
[328] [M]: 0x00000000800004AA (0x1C20B823) sd x2, 0x1d0(x1)                         inst_58+10
mem[W,0x00000000800032E8] <- 0x0010000000000080

mem[X,0x00000000800004AE] -> 0x0113
mem[X,0x00000000800004B0] -> 0x0010
[329] [M]: 0x00000000800004AE (0x00100113) addi x2, x0, 0x1                         inst_59+0
x2 <- 0x0000000000000001

clint mtime 0x00000000000000A5 (mip.MTI <- 0b1, mip.STI <- 0b0)
mem[X,0x00000000800004B2] -> 0x1113
mem[X,0x00000000800004B4] -> 0x0351
[330] [M]: 0x00000000800004B2 (0x03511113) slli x2, x2, 0x35                        inst_59+4
x2 <- 0x0020000000000000

mem[X,0x00000000800004B6] -> 0x617D
[331] [M]: 0x00000000800004B6 (0x617D) c.addi16sp x2, 0x1f0                         inst_59+8
x2 <- 0x00200000000001F0

clint mtime 0x00000000000000A6 (mip.MTI <- 0b1, mip.STI <- 0b0)
mem[X,0x00000000800004B8] -> 0xBC23
mem[X,0x00000000800004BA] -> 0x1C20
[332] [M]: 0x00000000800004B8 (0x1C20BC23) sd x2, 0x1d8(x1)                         inst_59+10
mem[W,0x00000000800032F0] <- 0x00200000000001F0

mem[X,0x00000000800004BC] -> 0x0113
mem[X,0x00000000800004BE] -> 0x0010
[333] [M]: 0x00000000800004BC (0x00100113) addi x2, x0, 0x1                         inst_60+0
x2 <- 0x0000000000000001

clint mtime 0x00000000000000A7 (mip.MTI <- 0b1, mip.STI <- 0b0)
mem[X,0x00000000800004C0] -> 0x1113
mem[X,0x00000000800004C2] -> 0x0361
[334] [M]: 0x00000000800004C0 (0x03611113) slli x2, x2, 0x36                        inst_60+4
x2 <- 0x0040000000000000

mem[X,0x00000000800004C4] -> 0x616D
[335] [M]: 0x00000000800004C4 (0x616D) c.addi16sp x2, 0xf0                          inst_60+8
x2 <- 0x00400000000000F0

clint mtime 0x00000000000000A8 (mip.MTI <- 0b1, mip.STI <- 0b0)
mem[X,0x00000000800004C6] -> 0xB023
mem[X,0x00000000800004C8] -> 0x1E20
[336] [M]: 0x00000000800004C6 (0x1E20B023) sd x2, 0x1e0(x1)                         inst_60+10
mem[W,0x00000000800032F8] <- 0x00400000000000F0

mem[X,0x00000000800004CA] -> 0x0113
mem[X,0x00000000800004CC] -> 0x0010
[337] [M]: 0x00000000800004CA (0x00100113) addi x2, x0, 0x1                         inst_61+0
x2 <- 0x0000000000000001

clint mtime 0x00000000000000A9 (mip.MTI <- 0b1, mip.STI <- 0b0)
mem[X,0x00000000800004CE] -> 0x1113
mem[X,0x00000000800004D0] -> 0x0371
[338] [M]: 0x00000000800004CE (0x03711113) slli x2, x2, 0x37                        inst_61+4
x2 <- 0x0080000000000000

mem[X,0x00000000800004D2] -> 0x7179
[339] [M]: 0x00000000800004D2 (0x7179) c.addi16sp x2, -0x30                         inst_61+8
x2 <- 0x007FFFFFFFFFFFD0

clint mtime 0x00000000000000AA (mip.MTI <- 0b1, mip.STI <- 0b0)
mem[X,0x00000000800004D4] -> 0xB423
mem[X,0x00000000800004D6] -> 0x1E20
[340] [M]: 0x00000000800004D4 (0x1E20B423) sd x2, 0x1e8(x1)                         inst_61+10
mem[W,0x0000000080003300] <- 0x007FFFFFFFFFFFD0

mem[X,0x00000000800004D8] -> 0x0113
mem[X,0x00000000800004DA] -> 0x0010
[341] [M]: 0x00000000800004D8 (0x00100113) addi x2, x0, 0x1                         inst_62+0
x2 <- 0x0000000000000001

clint mtime 0x00000000000000AB (mip.MTI <- 0b1, mip.STI <- 0b0)
mem[X,0x00000000800004DC] -> 0x1113
mem[X,0x00000000800004DE] -> 0x0381
[342] [M]: 0x00000000800004DC (0x03811113) slli x2, x2, 0x38                        inst_62+4
x2 <- 0x0100000000000000

mem[X,0x00000000800004E0] -> 0x713D
[343] [M]: 0x00000000800004E0 (0x713D) c.addi16sp x2, -0x20                         inst_62+8
x2 <- 0x00FFFFFFFFFFFFE0

clint mtime 0x00000000000000AC (mip.MTI <- 0b1, mip.STI <- 0b0)
mem[X,0x00000000800004E2] -> 0xB823
mem[X,0x00000000800004E4] -> 0x1E20
[344] [M]: 0x00000000800004E2 (0x1E20B823) sd x2, 0x1f0(x1)                         inst_62+10
mem[W,0x0000000080003308] <- 0x00FFFFFFFFFFFFE0

mem[X,0x00000000800004E6] -> 0x0113
mem[X,0x00000000800004E8] -> 0x0010
[345] [M]: 0x00000000800004E6 (0x00100113) addi x2, x0, 0x1                         inst_63+0
x2 <- 0x0000000000000001

clint mtime 0x00000000000000AD (mip.MTI <- 0b1, mip.STI <- 0b0)
mem[X,0x00000000800004EA] -> 0x1113
mem[X,0x00000000800004EC] -> 0x0391
[346] [M]: 0x00000000800004EA (0x03911113) slli x2, x2, 0x39                        inst_63+4
x2 <- 0x0200000000000000

mem[X,0x00000000800004EE] -> 0x6105
[347] [M]: 0x00000000800004EE (0x6105) c.addi16sp x2, 0x20                          inst_63+8
x2 <- 0x0200000000000020

clint mtime 0x00000000000000AE (mip.MTI <- 0b1, mip.STI <- 0b0)
mem[X,0x00000000800004F0] -> 0xBC23
mem[X,0x00000000800004F2] -> 0x1E20
[348] [M]: 0x00000000800004F0 (0x1E20BC23) sd x2, 0x1f8(x1)                         inst_63+10
mem[W,0x0000000080003310] <- 0x0200000000000020

mem[X,0x00000000800004F4] -> 0x0113
mem[X,0x00000000800004F6] -> 0x0010
[349] [M]: 0x00000000800004F4 (0x00100113) addi x2, x0, 0x1                         inst_64+0
x2 <- 0x0000000000000001

clint mtime 0x00000000000000AF (mip.MTI <- 0b1, mip.STI <- 0b0)
mem[X,0x00000000800004F8] -> 0x1113
mem[X,0x00000000800004FA] -> 0x03A1
[350] [M]: 0x00000000800004F8 (0x03A11113) slli x2, x2, 0x3a                        inst_64+4
x2 <- 0x0400000000000000

mem[X,0x00000000800004FC] -> 0x7139
[351] [M]: 0x00000000800004FC (0x7139) c.addi16sp x2, -0x40                         inst_64+8
x2 <- 0x03FFFFFFFFFFFFC0

clint mtime 0x00000000000000B0 (mip.MTI <- 0b1, mip.STI <- 0b0)
mem[X,0x00000000800004FE] -> 0xB023
mem[X,0x0000000080000500] -> 0x2020
[352] [M]: 0x00000000800004FE (0x2020B023) sd x2, 0x200(x1)                         inst_64+10
mem[W,0x0000000080003318] <- 0x03FFFFFFFFFFFFC0

mem[X,0x0000000080000502] -> 0x0113
mem[X,0x0000000080000504] -> 0x0010
[353] [M]: 0x0000000080000502 (0x00100113) addi x2, x0, 0x1                         inst_65+0
x2 <- 0x0000000000000001

clint mtime 0x00000000000000B1 (mip.MTI <- 0b1, mip.STI <- 0b0)
mem[X,0x0000000080000506] -> 0x1113
mem[X,0x0000000080000508] -> 0x03B1
[354] [M]: 0x0000000080000506 (0x03B11113) slli x2, x2, 0x3b                        inst_65+4
x2 <- 0x0800000000000000

mem[X,0x000000008000050A] -> 0x6121
[355] [M]: 0x000000008000050A (0x6121) c.addi16sp x2, 0x40                          inst_65+8
x2 <- 0x0800000000000040

clint mtime 0x00000000000000B2 (mip.MTI <- 0b1, mip.STI <- 0b0)
mem[X,0x000000008000050C] -> 0xB423
mem[X,0x000000008000050E] -> 0x2020
[356] [M]: 0x000000008000050C (0x2020B423) sd x2, 0x208(x1)                         inst_65+10
mem[W,0x0000000080003320] <- 0x0800000000000040

mem[X,0x0000000080000510] -> 0x0113
mem[X,0x0000000080000512] -> 0x0010
[357] [M]: 0x0000000080000510 (0x00100113) addi x2, x0, 0x1                         inst_66+0
x2 <- 0x0000000000000001

clint mtime 0x00000000000000B3 (mip.MTI <- 0b1, mip.STI <- 0b0)
mem[X,0x0000000080000514] -> 0x1113
mem[X,0x0000000080000516] -> 0x03C1
[358] [M]: 0x0000000080000514 (0x03C11113) slli x2, x2, 0x3c                        inst_66+4
x2 <- 0x1000000000000000

mem[X,0x0000000080000518] -> 0x6105
[359] [M]: 0x0000000080000518 (0x6105) c.addi16sp x2, 0x20                          inst_66+8
x2 <- 0x1000000000000020

clint mtime 0x00000000000000B4 (mip.MTI <- 0b1, mip.STI <- 0b0)
mem[X,0x000000008000051A] -> 0xB823
mem[X,0x000000008000051C] -> 0x2020
[360] [M]: 0x000000008000051A (0x2020B823) sd x2, 0x210(x1)                         inst_66+10
mem[W,0x0000000080003328] <- 0x1000000000000020

mem[X,0x000000008000051E] -> 0x0113
mem[X,0x0000000080000520] -> 0x0010
[361] [M]: 0x000000008000051E (0x00100113) addi x2, x0, 0x1                         inst_67+0
x2 <- 0x0000000000000001

clint mtime 0x00000000000000B5 (mip.MTI <- 0b1, mip.STI <- 0b0)
mem[X,0x0000000080000522] -> 0x1113
mem[X,0x0000000080000524] -> 0x03D1
[362] [M]: 0x0000000080000522 (0x03D11113) slli x2, x2, 0x3d                        inst_67+4
x2 <- 0x2000000000000000

mem[X,0x0000000080000526] -> 0x6145
[363] [M]: 0x0000000080000526 (0x6145) c.addi16sp x2, 0x30                          inst_67+8
x2 <- 0x2000000000000030

clint mtime 0x00000000000000B6 (mip.MTI <- 0b1, mip.STI <- 0b0)
mem[X,0x0000000080000528] -> 0xBC23
mem[X,0x000000008000052A] -> 0x2020
[364] [M]: 0x0000000080000528 (0x2020BC23) sd x2, 0x218(x1)                         inst_67+10
mem[W,0x0000000080003330] <- 0x2000000000000030

mem[X,0x000000008000052C] -> 0x0113
mem[X,0x000000008000052E] -> 0x0010
[365] [M]: 0x000000008000052C (0x00100113) addi x2, x0, 0x1                         inst_68+0
x2 <- 0x0000000000000001

clint mtime 0x00000000000000B7 (mip.MTI <- 0b1, mip.STI <- 0b0)
mem[X,0x0000000080000530] -> 0x1113
mem[X,0x0000000080000532] -> 0x03E1
[366] [M]: 0x0000000080000530 (0x03E11113) slli x2, x2, 0x3e                        inst_68+4
x2 <- 0x4000000000000000

mem[X,0x0000000080000534] -> 0x6161
[367] [M]: 0x0000000080000534 (0x6161) c.addi16sp x2, 0x50                          inst_68+8
x2 <- 0x4000000000000050

clint mtime 0x00000000000000B8 (mip.MTI <- 0b1, mip.STI <- 0b0)
mem[X,0x0000000080000536] -> 0xB023
mem[X,0x0000000080000538] -> 0x2220
[368] [M]: 0x0000000080000536 (0x2220B023) sd x2, 0x220(x1)                         inst_68+10
mem[W,0x0000000080003338] <- 0x4000000000000050

mem[X,0x000000008000053A] -> 0x0113
mem[X,0x000000008000053C] -> 0x0010
[369] [M]: 0x000000008000053A (0x00100113) addi x2, x0, 0x1                         inst_69+0
x2 <- 0x0000000000000001

clint mtime 0x00000000000000B9 (mip.MTI <- 0b1, mip.STI <- 0b0)
mem[X,0x000000008000053E] -> 0x1113
mem[X,0x0000000080000540] -> 0x0351
[370] [M]: 0x000000008000053E (0x03511113) slli x2, x2, 0x35                        inst_69+4
x2 <- 0x0020000000000000

mem[X,0x0000000080000542] -> 0x4113
mem[X,0x0000000080000544] -> 0xFFF1
[371] [M]: 0x0000000080000542 (0xFFF14113) xori x2, x2, -0x1                        inst_69+8
x2 <- 0xFFDFFFFFFFFFFFFF

clint mtime 0x00000000000000BA (mip.MTI <- 0b1, mip.STI <- 0b0)
mem[X,0x0000000080000546] -> 0x717D
[372] [M]: 0x0000000080000546 (0x717D) c.addi16sp x2, -0x10                         inst_69+12
x2 <- 0xFFDFFFFFFFFFFFEF

mem[X,0x0000000080000548] -> 0xB423
mem[X,0x000000008000054A] -> 0x2220
[373] [M]: 0x0000000080000548 (0x2220B423) sd x2, 0x228(x1)                         inst_69+14
mem[W,0x0000000080003340] <- 0xFFDFFFFFFFFFFFEF

clint mtime 0x00000000000000BB (mip.MTI <- 0b1, mip.STI <- 0b0)
mem[X,0x000000008000054C] -> 0x0113
mem[X,0x000000008000054E] -> 0x0010
[374] [M]: 0x000000008000054C (0x00100113) addi x2, x0, 0x1                         inst_70+0
x2 <- 0x0000000000000001

mem[X,0x0000000080000550] -> 0x1113
mem[X,0x0000000080000552] -> 0x0361
[375] [M]: 0x0000000080000550 (0x03611113) slli x2, x2, 0x36                        inst_70+4
x2 <- 0x0040000000000000

clint mtime 0x00000000000000BC (mip.MTI <- 0b1, mip.STI <- 0b0)
mem[X,0x0000000080000554] -> 0x4113
mem[X,0x0000000080000556] -> 0xFFF1
[376] [M]: 0x0000000080000554 (0xFFF14113) xori x2, x2, -0x1                        inst_70+8
x2 <- 0xFFBFFFFFFFFFFFFF

mem[X,0x0000000080000558] -> 0x617D
[377] [M]: 0x0000000080000558 (0x617D) c.addi16sp x2, 0x1f0                         inst_70+12
x2 <- 0xFFC00000000001EF

clint mtime 0x00000000000000BD (mip.MTI <- 0b1, mip.STI <- 0b0)
mem[X,0x000000008000055A] -> 0xB823
mem[X,0x000000008000055C] -> 0x2220
[378] [M]: 0x000000008000055A (0x2220B823) sd x2, 0x230(x1)                         inst_70+14
mem[W,0x0000000080003348] <- 0xFFC00000000001EF

mem[X,0x000000008000055E] -> 0x0113
mem[X,0x0000000080000560] -> 0x0010
[379] [M]: 0x000000008000055E (0x00100113) addi x2, x0, 0x1                         inst_71+0
x2 <- 0x0000000000000001

clint mtime 0x00000000000000BE (mip.MTI <- 0b1, mip.STI <- 0b0)
mem[X,0x0000000080000562] -> 0x1113
mem[X,0x0000000080000564] -> 0x0371
[380] [M]: 0x0000000080000562 (0x03711113) slli x2, x2, 0x37                        inst_71+4
x2 <- 0x0080000000000000

mem[X,0x0000000080000566] -> 0x4113
mem[X,0x0000000080000568] -> 0xFFF1
[381] [M]: 0x0000000080000566 (0xFFF14113) xori x2, x2, -0x1                        inst_71+8
x2 <- 0xFF7FFFFFFFFFFFFF

clint mtime 0x00000000000000BF (mip.MTI <- 0b1, mip.STI <- 0b0)
mem[X,0x000000008000056A] -> 0x6145
[382] [M]: 0x000000008000056A (0x6145) c.addi16sp x2, 0x30                          inst_71+12
x2 <- 0xFF8000000000002F

mem[X,0x000000008000056C] -> 0xBC23
mem[X,0x000000008000056E] -> 0x2220
[383] [M]: 0x000000008000056C (0x2220BC23) sd x2, 0x238(x1)                         inst_71+14
mem[W,0x0000000080003350] <- 0xFF8000000000002F

clint mtime 0x00000000000000C0 (mip.MTI <- 0b1, mip.STI <- 0b0)
mem[X,0x0000000080000570] -> 0x0113
mem[X,0x0000000080000572] -> 0x0010
[384] [M]: 0x0000000080000570 (0x00100113) addi x2, x0, 0x1                         inst_72+0
x2 <- 0x0000000000000001

mem[X,0x0000000080000574] -> 0x1113
mem[X,0x0000000080000576] -> 0x0381
[385] [M]: 0x0000000080000574 (0x03811113) slli x2, x2, 0x38                        inst_72+4
x2 <- 0x0100000000000000

clint mtime 0x00000000000000C1 (mip.MTI <- 0b1, mip.STI <- 0b0)
mem[X,0x0000000080000578] -> 0x4113
mem[X,0x000000008000057A] -> 0xFFF1
[386] [M]: 0x0000000080000578 (0xFFF14113) xori x2, x2, -0x1                        inst_72+8
x2 <- 0xFEFFFFFFFFFFFFFF

mem[X,0x000000008000057C] -> 0x6109
[387] [M]: 0x000000008000057C (0x6109) c.addi16sp x2, 0x80                          inst_72+12
x2 <- 0xFF0000000000007F

clint mtime 0x00000000000000C2 (mip.MTI <- 0b1, mip.STI <- 0b0)
mem[X,0x000000008000057E] -> 0xB023
mem[X,0x0000000080000580] -> 0x2420
[388] [M]: 0x000000008000057E (0x2420B023) sd x2, 0x240(x1)                         inst_72+14
mem[W,0x0000000080003358] <- 0xFF0000000000007F

mem[X,0x0000000080000582] -> 0x0113
mem[X,0x0000000080000584] -> 0x0010
[389] [M]: 0x0000000080000582 (0x00100113) addi x2, x0, 0x1                         inst_73+0
x2 <- 0x0000000000000001

clint mtime 0x00000000000000C3 (mip.MTI <- 0b1, mip.STI <- 0b0)
mem[X,0x0000000080000586] -> 0x1113
mem[X,0x0000000080000588] -> 0x0391
[390] [M]: 0x0000000080000586 (0x03911113) slli x2, x2, 0x39                        inst_73+4
x2 <- 0x0200000000000000

mem[X,0x000000008000058A] -> 0x4113
mem[X,0x000000008000058C] -> 0xFFF1
[391] [M]: 0x000000008000058A (0xFFF14113) xori x2, x2, -0x1                        inst_73+8
x2 <- 0xFDFFFFFFFFFFFFFF

clint mtime 0x00000000000000C4 (mip.MTI <- 0b1, mip.STI <- 0b0)
mem[X,0x000000008000058E] -> 0x7119
[392] [M]: 0x000000008000058E (0x7119) c.addi16sp x2, -0x80                         inst_73+12
x2 <- 0xFDFFFFFFFFFFFF7F

mem[X,0x0000000080000590] -> 0xB423
mem[X,0x0000000080000592] -> 0x2420
[393] [M]: 0x0000000080000590 (0x2420B423) sd x2, 0x248(x1)                         inst_73+14
mem[W,0x0000000080003360] <- 0xFDFFFFFFFFFFFF7F

clint mtime 0x00000000000000C5 (mip.MTI <- 0b1, mip.STI <- 0b0)
mem[X,0x0000000080000594] -> 0x0113
mem[X,0x0000000080000596] -> 0x0010
[394] [M]: 0x0000000080000594 (0x00100113) addi x2, x0, 0x1                         inst_74+0
x2 <- 0x0000000000000001

mem[X,0x0000000080000598] -> 0x1113
mem[X,0x000000008000059A] -> 0x03A1
[395] [M]: 0x0000000080000598 (0x03A11113) slli x2, x2, 0x3a                        inst_74+4
x2 <- 0x0400000000000000

clint mtime 0x00000000000000C6 (mip.MTI <- 0b1, mip.STI <- 0b0)
mem[X,0x000000008000059C] -> 0x4113
mem[X,0x000000008000059E] -> 0xFFF1
[396] [M]: 0x000000008000059C (0xFFF14113) xori x2, x2, -0x1                        inst_74+8
x2 <- 0xFBFFFFFFFFFFFFFF

mem[X,0x00000000800005A0] -> 0x6171
[397] [M]: 0x00000000800005A0 (0x6171) c.addi16sp x2, 0x150                         inst_74+12
x2 <- 0xFC0000000000014F

clint mtime 0x00000000000000C7 (mip.MTI <- 0b1, mip.STI <- 0b0)
mem[X,0x00000000800005A2] -> 0xB823
mem[X,0x00000000800005A4] -> 0x2420
[398] [M]: 0x00000000800005A2 (0x2420B823) sd x2, 0x250(x1)                         inst_74+14
mem[W,0x0000000080003368] <- 0xFC0000000000014F

mem[X,0x00000000800005A6] -> 0x0113
mem[X,0x00000000800005A8] -> 0x0010
[399] [M]: 0x00000000800005A6 (0x00100113) addi x2, x0, 0x1                         inst_75+0
x2 <- 0x0000000000000001

clint mtime 0x00000000000000C8 (mip.MTI <- 0b1, mip.STI <- 0b0)
mem[X,0x00000000800005AA] -> 0x1113
mem[X,0x00000000800005AC] -> 0x03B1
[400] [M]: 0x00000000800005AA (0x03B11113) slli x2, x2, 0x3b                        inst_75+4
x2 <- 0x0800000000000000

mem[X,0x00000000800005AE] -> 0x4113
mem[X,0x00000000800005B0] -> 0xFFF1
[401] [M]: 0x00000000800005AE (0xFFF14113) xori x2, x2, -0x1                        inst_75+8
x2 <- 0xF7FFFFFFFFFFFFFF

clint mtime 0x00000000000000C9 (mip.MTI <- 0b1, mip.STI <- 0b0)
mem[X,0x00000000800005B2] -> 0x7139
[402] [M]: 0x00000000800005B2 (0x7139) c.addi16sp x2, -0x40                         inst_75+12
x2 <- 0xF7FFFFFFFFFFFFBF

mem[X,0x00000000800005B4] -> 0xBC23
mem[X,0x00000000800005B6] -> 0x2420
[403] [M]: 0x00000000800005B4 (0x2420BC23) sd x2, 0x258(x1)                         inst_75+14
mem[W,0x0000000080003370] <- 0xF7FFFFFFFFFFFFBF

clint mtime 0x00000000000000CA (mip.MTI <- 0b1, mip.STI <- 0b0)
mem[X,0x00000000800005B8] -> 0x0113
mem[X,0x00000000800005BA] -> 0x0010
[404] [M]: 0x00000000800005B8 (0x00100113) addi x2, x0, 0x1                         inst_76+0
x2 <- 0x0000000000000001

mem[X,0x00000000800005BC] -> 0x1113
mem[X,0x00000000800005BE] -> 0x03C1
[405] [M]: 0x00000000800005BC (0x03C11113) slli x2, x2, 0x3c                        inst_76+4
x2 <- 0x1000000000000000

clint mtime 0x00000000000000CB (mip.MTI <- 0b1, mip.STI <- 0b0)
mem[X,0x00000000800005C0] -> 0x4113
mem[X,0x00000000800005C2] -> 0xFFF1
[406] [M]: 0x00000000800005C0 (0xFFF14113) xori x2, x2, -0x1                        inst_76+8
x2 <- 0xEFFFFFFFFFFFFFFF

mem[X,0x00000000800005C4] -> 0x7159
[407] [M]: 0x00000000800005C4 (0x7159) c.addi16sp x2, -0x70                         inst_76+12
x2 <- 0xEFFFFFFFFFFFFF8F

clint mtime 0x00000000000000CC (mip.MTI <- 0b1, mip.STI <- 0b0)
mem[X,0x00000000800005C6] -> 0xB023
mem[X,0x00000000800005C8] -> 0x2620
[408] [M]: 0x00000000800005C6 (0x2620B023) sd x2, 0x260(x1)                         inst_76+14
mem[W,0x0000000080003378] <- 0xEFFFFFFFFFFFFF8F

mem[X,0x00000000800005CA] -> 0x0113
mem[X,0x00000000800005CC] -> 0x0010
[409] [M]: 0x00000000800005CA (0x00100113) addi x2, x0, 0x1                         inst_77+0
x2 <- 0x0000000000000001

clint mtime 0x00000000000000CD (mip.MTI <- 0b1, mip.STI <- 0b0)
mem[X,0x00000000800005CE] -> 0x1113
mem[X,0x00000000800005D0] -> 0x03D1
[410] [M]: 0x00000000800005CE (0x03D11113) slli x2, x2, 0x3d                        inst_77+4
x2 <- 0x2000000000000000

mem[X,0x00000000800005D2] -> 0x4113
mem[X,0x00000000800005D4] -> 0xFFF1
[411] [M]: 0x00000000800005D2 (0xFFF14113) xori x2, x2, -0x1                        inst_77+8
x2 <- 0xDFFFFFFFFFFFFFFF

clint mtime 0x00000000000000CE (mip.MTI <- 0b1, mip.STI <- 0b0)
mem[X,0x00000000800005D6] -> 0x7111
[412] [M]: 0x00000000800005D6 (0x7111) c.addi16sp x2, -0x100                        inst_77+12
x2 <- 0xDFFFFFFFFFFFFEFF

mem[X,0x00000000800005D8] -> 0xB423
mem[X,0x00000000800005DA] -> 0x2620
[413] [M]: 0x00000000800005D8 (0x2620B423) sd x2, 0x268(x1)                         inst_77+14
mem[W,0x0000000080003380] <- 0xDFFFFFFFFFFFFEFF

clint mtime 0x00000000000000CF (mip.MTI <- 0b1, mip.STI <- 0b0)
mem[X,0x00000000800005DC] -> 0x0113
mem[X,0x00000000800005DE] -> 0x0010
[414] [M]: 0x00000000800005DC (0x00100113) addi x2, x0, 0x1                         inst_78+0
x2 <- 0x0000000000000001

mem[X,0x00000000800005E0] -> 0x1113
mem[X,0x00000000800005E2] -> 0x03E1
[415] [M]: 0x00000000800005E0 (0x03E11113) slli x2, x2, 0x3e                        inst_78+4
x2 <- 0x4000000000000000

clint mtime 0x00000000000000D0 (mip.MTI <- 0b1, mip.STI <- 0b0)
mem[X,0x00000000800005E4] -> 0x4113
mem[X,0x00000000800005E6] -> 0xFFF1
[416] [M]: 0x00000000800005E4 (0xFFF14113) xori x2, x2, -0x1                        inst_78+8
x2 <- 0xBFFFFFFFFFFFFFFF

mem[X,0x00000000800005E8] -> 0x711D
[417] [M]: 0x00000000800005E8 (0x711D) c.addi16sp x2, -0x60                         inst_78+12
x2 <- 0xBFFFFFFFFFFFFF9F

clint mtime 0x00000000000000D1 (mip.MTI <- 0b1, mip.STI <- 0b0)
mem[X,0x00000000800005EA] -> 0xB823
mem[X,0x00000000800005EC] -> 0x2620
[418] [M]: 0x00000000800005EA (0x2620B823) sd x2, 0x270(x1)                         inst_78+14
mem[W,0x0000000080003388] <- 0xBFFFFFFFFFFFFF9F

mem[X,0x00000000800005EE] -> 0x5137
mem[X,0x00000000800005F0] -> 0x5555
[419] [M]: 0x00000000800005EE (0x55555137) lui x2, 0x55555                          inst_79+0
x2 <- 0x0000000055555000

clint mtime 0x00000000000000D2 (mip.MTI <- 0b1, mip.STI <- 0b0)
mem[X,0x00000000800005F2] -> 0x0113
mem[X,0x00000000800005F4] -> 0x5551
[420] [M]: 0x00000000800005F2 (0x55510113) addi x2, x2, 0x555                       inst_79+4
x2 <- 0x0000000055555555

mem[X,0x00000000800005F6] -> 0x1113
mem[X,0x00000000800005F8] -> 0x00B1
[421] [M]: 0x00000000800005F6 (0x00B11113) slli x2, x2, 0xb                         inst_79+8
x2 <- 0x000002AAAAAAA800

clint mtime 0x00000000000000D3 (mip.MTI <- 0b1, mip.STI <- 0b0)
mem[X,0x00000000800005FA] -> 0x0113
mem[X,0x00000000800005FC] -> 0x2AA1
[422] [M]: 0x00000000800005FA (0x2AA10113) addi x2, x2, 0x2aa                       inst_79+12
x2 <- 0x000002AAAAAAAAAA

mem[X,0x00000000800005FE] -> 0x1113
mem[X,0x0000000080000600] -> 0x00B1
[423] [M]: 0x00000000800005FE (0x00B11113) slli x2, x2, 0xb                         inst_79+16
x2 <- 0x0015555555555000

clint mtime 0x00000000000000D4 (mip.MTI <- 0b1, mip.STI <- 0b0)
mem[X,0x0000000080000602] -> 0x0113
mem[X,0x0000000080000604] -> 0x5551
[424] [M]: 0x0000000080000602 (0x55510113) addi x2, x2, 0x555                       inst_79+20
x2 <- 0x0015555555555555

mem[X,0x0000000080000606] -> 0x1113
mem[X,0x0000000080000608] -> 0x00A1
[425] [M]: 0x0000000080000606 (0x00A11113) slli x2, x2, 0xa                         inst_79+24
x2 <- 0x5555555555555400

clint mtime 0x00000000000000D5 (mip.MTI <- 0b1, mip.STI <- 0b0)
mem[X,0x000000008000060A] -> 0x0113
mem[X,0x000000008000060C] -> 0x1551
[426] [M]: 0x000000008000060A (0x15510113) addi x2, x2, 0x155                       inst_79+28
x2 <- 0x5555555555555555

mem[X,0x000000008000060E] -> 0x6111
[427] [M]: 0x000000008000060E (0x6111) c.addi16sp x2, 0x100                         inst_79+32
x2 <- 0x5555555555555655

clint mtime 0x00000000000000D6 (mip.MTI <- 0b1, mip.STI <- 0b0)
mem[X,0x0000000080000610] -> 0xBC23
mem[X,0x0000000080000612] -> 0x2620
[428] [M]: 0x0000000080000610 (0x2620BC23) sd x2, 0x278(x1)                         inst_79+34
mem[W,0x0000000080003390] <- 0x5555555555555655

mem[X,0x0000000080000614] -> 0xB137
mem[X,0x0000000080000616] -> 0xAAAA
[429] [M]: 0x0000000080000614 (0xAAAAB137) lui x2, -0x55555                         inst_80+0
x2 <- 0xFFFFFFFFAAAAB000

clint mtime 0x00000000000000D7 (mip.MTI <- 0b1, mip.STI <- 0b0)
mem[X,0x0000000080000618] -> 0x0113
mem[X,0x000000008000061A] -> 0xAAA1
[430] [M]: 0x0000000080000618 (0xAAA10113) addi x2, x2, -0x556                      inst_80+4
x2 <- 0xFFFFFFFFAAAAAAAA

mem[X,0x000000008000061C] -> 0x1113
mem[X,0x000000008000061E] -> 0x00B1
[431] [M]: 0x000000008000061C (0x00B11113) slli x2, x2, 0xb                         inst_80+8
x2 <- 0xFFFFFD5555555000

clint mtime 0x00000000000000D8 (mip.MTI <- 0b1, mip.STI <- 0b0)
mem[X,0x0000000080000620] -> 0x0113
mem[X,0x0000000080000622] -> 0x5551
[432] [M]: 0x0000000080000620 (0x55510113) addi x2, x2, 0x555                       inst_80+12
x2 <- 0xFFFFFD5555555555

mem[X,0x0000000080000624] -> 0x1113
mem[X,0x0000000080000626] -> 0x00B1
[433] [M]: 0x0000000080000624 (0x00B11113) slli x2, x2, 0xb                         inst_80+16
x2 <- 0xFFEAAAAAAAAAA800

clint mtime 0x00000000000000D9 (mip.MTI <- 0b1, mip.STI <- 0b0)
mem[X,0x0000000080000628] -> 0x0113
mem[X,0x000000008000062A] -> 0x2AA1
[434] [M]: 0x0000000080000628 (0x2AA10113) addi x2, x2, 0x2aa                       inst_80+20
x2 <- 0xFFEAAAAAAAAAAAAA

mem[X,0x000000008000062C] -> 0x1113
mem[X,0x000000008000062E] -> 0x00A1
[435] [M]: 0x000000008000062C (0x00A11113) slli x2, x2, 0xa                         inst_80+24
x2 <- 0xAAAAAAAAAAAAA800

clint mtime 0x00000000000000DA (mip.MTI <- 0b1, mip.STI <- 0b0)
mem[X,0x0000000080000630] -> 0x0113
mem[X,0x0000000080000632] -> 0x2AA1
[436] [M]: 0x0000000080000630 (0x2AA10113) addi x2, x2, 0x2aa                       inst_80+28
x2 <- 0xAAAAAAAAAAAAAAAA

mem[X,0x0000000080000634] -> 0x7139
[437] [M]: 0x0000000080000634 (0x7139) c.addi16sp x2, -0x40                         inst_80+32
x2 <- 0xAAAAAAAAAAAAAA6A

clint mtime 0x00000000000000DB (mip.MTI <- 0b1, mip.STI <- 0b0)
mem[X,0x0000000080000636] -> 0xB023
mem[X,0x0000000080000638] -> 0x2820
[438] [M]: 0x0000000080000636 (0x2820B023) sd x2, 0x280(x1)                         inst_80+34
mem[W,0x0000000080003398] <- 0xAAAAAAAAAAAAAA6A

mem[X,0x000000008000063A] -> 0x0113
mem[X,0x000000008000063C] -> 0x1000
[439] [M]: 0x000000008000063A (0x10000113) addi x2, x0, 0x100                       inst_81+0
x2 <- 0x0000000000000100

clint mtime 0x00000000000000DC (mip.MTI <- 0b1, mip.STI <- 0b0)
mem[X,0x000000008000063E] -> 0x716D
[440] [M]: 0x000000008000063E (0x716D) c.addi16sp x2, -0x110                        inst_81+4
x2 <- 0xFFFFFFFFFFFFFFF0

mem[X,0x0000000080000640] -> 0xB423
mem[X,0x0000000080000642] -> 0x2820
[441] [M]: 0x0000000080000640 (0x2820B423) sd x2, 0x288(x1)                         inst_81+6
mem[W,0x00000000800033A0] <- 0xFFFFFFFFFFFFFFF0

clint mtime 0x00000000000000DD (mip.MTI <- 0b1, mip.STI <- 0b0)
mem[X,0x0000000080000644] -> 0x0113
mem[X,0x0000000080000646] -> 0xFFD0
[442] [M]: 0x0000000080000644 (0xFFD00113) addi x2, x0, -0x3                        inst_82+0
x2 <- 0xFFFFFFFFFFFFFFFD

mem[X,0x0000000080000648] -> 0x6161
[443] [M]: 0x0000000080000648 (0x6161) c.addi16sp x2, 0x50                          inst_82+4
x2 <- 0x000000000000004D

clint mtime 0x00000000000000DE (mip.MTI <- 0b1, mip.STI <- 0b0)
mem[X,0x000000008000064A] -> 0xB823
mem[X,0x000000008000064C] -> 0x2820
[444] [M]: 0x000000008000064A (0x2820B823) sd x2, 0x290(x1)                         inst_82+6
mem[W,0x00000000800033A8] <- 0x000000000000004D

mem[X,0x000000008000064E] -> 0x0113
mem[X,0x0000000080000650] -> 0xFFB0
[445] [M]: 0x000000008000064E (0xFFB00113) addi x2, x0, -0x5                        inst_83+0
x2 <- 0xFFFFFFFFFFFFFFFB

clint mtime 0x00000000000000DF (mip.MTI <- 0b1, mip.STI <- 0b0)
mem[X,0x0000000080000652] -> 0x6105
[446] [M]: 0x0000000080000652 (0x6105) c.addi16sp x2, 0x20                          inst_83+4
x2 <- 0x000000000000001B

mem[X,0x0000000080000654] -> 0xBC23
mem[X,0x0000000080000656] -> 0x2820
[447] [M]: 0x0000000080000654 (0x2820BC23) sd x2, 0x298(x1)                         inst_83+6
mem[W,0x00000000800033B0] <- 0x000000000000001B

clint mtime 0x00000000000000E0 (mip.MTI <- 0b1, mip.STI <- 0b0)
mem[X,0x0000000080000658] -> 0x0113
mem[X,0x000000008000065A] -> 0xFF70
[448] [M]: 0x0000000080000658 (0xFF700113) addi x2, x0, -0x9                        inst_84+0
x2 <- 0xFFFFFFFFFFFFFFF7

mem[X,0x000000008000065C] -> 0x7139
[449] [M]: 0x000000008000065C (0x7139) c.addi16sp x2, -0x40                         inst_84+4
x2 <- 0xFFFFFFFFFFFFFFB7

clint mtime 0x00000000000000E1 (mip.MTI <- 0b1, mip.STI <- 0b0)
mem[X,0x000000008000065E] -> 0xB023
mem[X,0x0000000080000660] -> 0x2A20
[450] [M]: 0x000000008000065E (0x2A20B023) sd x2, 0x2a0(x1)                         inst_84+6
mem[W,0x00000000800033B8] <- 0xFFFFFFFFFFFFFFB7

mem[X,0x0000000080000662] -> 0x0113
mem[X,0x0000000080000664] -> 0xFEF0
[451] [M]: 0x0000000080000662 (0xFEF00113) addi x2, x0, -0x11                       inst_85+0
x2 <- 0xFFFFFFFFFFFFFFEF

clint mtime 0x00000000000000E2 (mip.MTI <- 0b1, mip.STI <- 0b0)
mem[X,0x0000000080000666] -> 0x6171
[452] [M]: 0x0000000080000666 (0x6171) c.addi16sp x2, 0x150                         inst_85+4
x2 <- 0x000000000000013F

mem[X,0x0000000080000668] -> 0xB423
mem[X,0x000000008000066A] -> 0x2A20
[453] [M]: 0x0000000080000668 (0x2A20B423) sd x2, 0x2a8(x1)                         inst_85+6
mem[W,0x00000000800033C0] <- 0x000000000000013F

clint mtime 0x00000000000000E3 (mip.MTI <- 0b1, mip.STI <- 0b0)
mem[X,0x000000008000066C] -> 0x0113
mem[X,0x000000008000066E] -> 0xFDF0
[454] [M]: 0x000000008000066C (0xFDF00113) addi x2, x0, -0x21                       inst_86+0
x2 <- 0xFFFFFFFFFFFFFFDF

mem[X,0x0000000080000670] -> 0x716D
[455] [M]: 0x0000000080000670 (0x716D) c.addi16sp x2, -0x110                        inst_86+4
x2 <- 0xFFFFFFFFFFFFFECF

clint mtime 0x00000000000000E4 (mip.MTI <- 0b1, mip.STI <- 0b0)
mem[X,0x0000000080000672] -> 0xB823
mem[X,0x0000000080000674] -> 0x2A20
[456] [M]: 0x0000000080000672 (0x2A20B823) sd x2, 0x2b0(x1)                         inst_86+6
mem[W,0x00000000800033C8] <- 0xFFFFFFFFFFFFFECF

mem[X,0x0000000080000676] -> 0x0113
mem[X,0x0000000080000678] -> 0xFBF0
[457] [M]: 0x0000000080000676 (0xFBF00113) addi x2, x0, -0x41                       inst_87+0
x2 <- 0xFFFFFFFFFFFFFFBF

clint mtime 0x00000000000000E5 (mip.MTI <- 0b1, mip.STI <- 0b0)
mem[X,0x000000008000067A] -> 0x7135
[458] [M]: 0x000000008000067A (0x7135) c.addi16sp x2, -0xa0                         inst_87+4
x2 <- 0xFFFFFFFFFFFFFF1F

mem[X,0x000000008000067C] -> 0xBC23
mem[X,0x000000008000067E] -> 0x2A20
[459] [M]: 0x000000008000067C (0x2A20BC23) sd x2, 0x2b8(x1)                         inst_87+6
mem[W,0x00000000800033D0] <- 0xFFFFFFFFFFFFFF1F

clint mtime 0x00000000000000E6 (mip.MTI <- 0b1, mip.STI <- 0b0)
mem[X,0x0000000080000680] -> 0x0113
mem[X,0x0000000080000682] -> 0xF7F0
[460] [M]: 0x0000000080000680 (0xF7F00113) addi x2, x0, -0x81                       inst_88+0
x2 <- 0xFFFFFFFFFFFFFF7F

mem[X,0x0000000080000684] -> 0x7101
[461] [M]: 0x0000000080000684 (0x7101) c.addi16sp x2, -0x200                        inst_88+4
x2 <- 0xFFFFFFFFFFFFFD7F

clint mtime 0x00000000000000E7 (mip.MTI <- 0b1, mip.STI <- 0b0)
mem[X,0x0000000080000686] -> 0xB023
mem[X,0x0000000080000688] -> 0x2C20
[462] [M]: 0x0000000080000686 (0x2C20B023) sd x2, 0x2c0(x1)                         inst_88+6
mem[W,0x00000000800033D8] <- 0xFFFFFFFFFFFFFD7F

mem[X,0x000000008000068A] -> 0x0113
mem[X,0x000000008000068C] -> 0xEFF0
[463] [M]: 0x000000008000068A (0xEFF00113) addi x2, x0, -0x101                      inst_89+0
x2 <- 0xFFFFFFFFFFFFFEFF

clint mtime 0x00000000000000E8 (mip.MTI <- 0b1, mip.STI <- 0b0)
mem[X,0x000000008000068E] -> 0x7139
[464] [M]: 0x000000008000068E (0x7139) c.addi16sp x2, -0x40                         inst_89+4
x2 <- 0xFFFFFFFFFFFFFEBF

mem[X,0x0000000080000690] -> 0xB423
mem[X,0x0000000080000692] -> 0x2C20
[465] [M]: 0x0000000080000690 (0x2C20B423) sd x2, 0x2c8(x1)                         inst_89+6
mem[W,0x00000000800033E0] <- 0xFFFFFFFFFFFFFEBF

clint mtime 0x00000000000000E9 (mip.MTI <- 0b1, mip.STI <- 0b0)
mem[X,0x0000000080000694] -> 0x0113
mem[X,0x0000000080000696] -> 0xDFF0
[466] [M]: 0x0000000080000694 (0xDFF00113) addi x2, x0, -0x201                      inst_90+0
x2 <- 0xFFFFFFFFFFFFFDFF

mem[X,0x0000000080000698] -> 0x6125
[467] [M]: 0x0000000080000698 (0x6125) c.addi16sp x2, 0x60                          inst_90+4
x2 <- 0xFFFFFFFFFFFFFE5F

clint mtime 0x00000000000000EA (mip.MTI <- 0b1, mip.STI <- 0b0)
mem[X,0x000000008000069A] -> 0xB823
mem[X,0x000000008000069C] -> 0x2C20
[468] [M]: 0x000000008000069A (0x2C20B823) sd x2, 0x2d0(x1)                         inst_90+6
mem[W,0x00000000800033E8] <- 0xFFFFFFFFFFFFFE5F

mem[X,0x000000008000069E] -> 0x0113
mem[X,0x00000000800006A0] -> 0xBFF0
[469] [M]: 0x000000008000069E (0xBFF00113) addi x2, x0, -0x401                      inst_91+0
x2 <- 0xFFFFFFFFFFFFFBFF

clint mtime 0x00000000000000EB (mip.MTI <- 0b1, mip.STI <- 0b0)
mem[X,0x00000000800006A2] -> 0x617D
[470] [M]: 0x00000000800006A2 (0x617D) c.addi16sp x2, 0x1f0                         inst_91+4
x2 <- 0xFFFFFFFFFFFFFDEF

mem[X,0x00000000800006A4] -> 0xBC23
mem[X,0x00000000800006A6] -> 0x2C20
[471] [M]: 0x00000000800006A4 (0x2C20BC23) sd x2, 0x2d8(x1)                         inst_91+6
mem[W,0x00000000800033F0] <- 0xFFFFFFFFFFFFFDEF

clint mtime 0x00000000000000EC (mip.MTI <- 0b1, mip.STI <- 0b0)
mem[X,0x00000000800006A8] -> 0x0113
mem[X,0x00000000800006AA] -> 0x0010
[472] [M]: 0x00000000800006A8 (0x00100113) addi x2, x0, 0x1                         inst_92+0
x2 <- 0x0000000000000001

mem[X,0x00000000800006AC] -> 0x1113
mem[X,0x00000000800006AE] -> 0x00B1
[473] [M]: 0x00000000800006AC (0x00B11113) slli x2, x2, 0xb                         inst_92+4
x2 <- 0x0000000000000800

clint mtime 0x00000000000000ED (mip.MTI <- 0b1, mip.STI <- 0b0)
mem[X,0x00000000800006B0] -> 0x4113
mem[X,0x00000000800006B2] -> 0xFFF1
[474] [M]: 0x00000000800006B0 (0xFFF14113) xori x2, x2, -0x1                        inst_92+8
x2 <- 0xFFFFFFFFFFFFF7FF

mem[X,0x00000000800006B4] -> 0x6121
[475] [M]: 0x00000000800006B4 (0x6121) c.addi16sp x2, 0x40                          inst_92+12
x2 <- 0xFFFFFFFFFFFFF83F

clint mtime 0x00000000000000EE (mip.MTI <- 0b1, mip.STI <- 0b0)
mem[X,0x00000000800006B6] -> 0xB023
mem[X,0x00000000800006B8] -> 0x2E20
[476] [M]: 0x00000000800006B6 (0x2E20B023) sd x2, 0x2e0(x1)                         inst_92+14
mem[W,0x00000000800033F8] <- 0xFFFFFFFFFFFFF83F

mem[X,0x00000000800006BA] -> 0x0113
mem[X,0x00000000800006BC] -> 0x0010
[477] [M]: 0x00000000800006BA (0x00100113) addi x2, x0, 0x1                         inst_93+0
x2 <- 0x0000000000000001

clint mtime 0x00000000000000EF (mip.MTI <- 0b1, mip.STI <- 0b0)
mem[X,0x00000000800006BE] -> 0x1113
mem[X,0x00000000800006C0] -> 0x00C1
[478] [M]: 0x00000000800006BE (0x00C11113) slli x2, x2, 0xc                         inst_93+4
x2 <- 0x0000000000001000

mem[X,0x00000000800006C2] -> 0x4113
mem[X,0x00000000800006C4] -> 0xFFF1
[479] [M]: 0x00000000800006C2 (0xFFF14113) xori x2, x2, -0x1                        inst_93+8
x2 <- 0xFFFFFFFFFFFFEFFF

clint mtime 0x00000000000000F0 (mip.MTI <- 0b1, mip.STI <- 0b0)
mem[X,0x00000000800006C6] -> 0x6161
[480] [M]: 0x00000000800006C6 (0x6161) c.addi16sp x2, 0x50                          inst_93+12
x2 <- 0xFFFFFFFFFFFFF04F

mem[X,0x00000000800006C8] -> 0xB423
mem[X,0x00000000800006CA] -> 0x2E20
[481] [M]: 0x00000000800006C8 (0x2E20B423) sd x2, 0x2e8(x1)                         inst_93+14
mem[W,0x0000000080003400] <- 0xFFFFFFFFFFFFF04F

clint mtime 0x00000000000000F1 (mip.MTI <- 0b1, mip.STI <- 0b0)
mem[X,0x00000000800006CC] -> 0x0113
mem[X,0x00000000800006CE] -> 0x0010
[482] [M]: 0x00000000800006CC (0x00100113) addi x2, x0, 0x1                         inst_94+0
x2 <- 0x0000000000000001

mem[X,0x00000000800006D0] -> 0x1113
mem[X,0x00000000800006D2] -> 0x00D1
[483] [M]: 0x00000000800006D0 (0x00D11113) slli x2, x2, 0xd                         inst_94+4
x2 <- 0x0000000000002000

clint mtime 0x00000000000000F2 (mip.MTI <- 0b1, mip.STI <- 0b0)
mem[X,0x00000000800006D4] -> 0x4113
mem[X,0x00000000800006D6] -> 0xFFF1
[484] [M]: 0x00000000800006D4 (0xFFF14113) xori x2, x2, -0x1                        inst_94+8
x2 <- 0xFFFFFFFFFFFFDFFF

mem[X,0x00000000800006D8] -> 0x717D
[485] [M]: 0x00000000800006D8 (0x717D) c.addi16sp x2, -0x10                         inst_94+12
x2 <- 0xFFFFFFFFFFFFDFEF

clint mtime 0x00000000000000F3 (mip.MTI <- 0b1, mip.STI <- 0b0)
mem[X,0x00000000800006DA] -> 0xB823
mem[X,0x00000000800006DC] -> 0x2E20
[486] [M]: 0x00000000800006DA (0x2E20B823) sd x2, 0x2f0(x1)                         inst_94+14
mem[W,0x0000000080003408] <- 0xFFFFFFFFFFFFDFEF

mem[X,0x00000000800006DE] -> 0x0113
mem[X,0x00000000800006E0] -> 0x0010
[487] [M]: 0x00000000800006DE (0x00100113) addi x2, x0, 0x1                         inst_95+0
x2 <- 0x0000000000000001

clint mtime 0x00000000000000F4 (mip.MTI <- 0b1, mip.STI <- 0b0)
mem[X,0x00000000800006E2] -> 0x1113
mem[X,0x00000000800006E4] -> 0x00E1
[488] [M]: 0x00000000800006E2 (0x00E11113) slli x2, x2, 0xe                         inst_95+4
x2 <- 0x0000000000004000

mem[X,0x00000000800006E6] -> 0x4113
mem[X,0x00000000800006E8] -> 0xFFF1
[489] [M]: 0x00000000800006E6 (0xFFF14113) xori x2, x2, -0x1                        inst_95+8
x2 <- 0xFFFFFFFFFFFFBFFF

clint mtime 0x00000000000000F5 (mip.MTI <- 0b1, mip.STI <- 0b0)
mem[X,0x00000000800006EA] -> 0x7111
[490] [M]: 0x00000000800006EA (0x7111) c.addi16sp x2, -0x100                        inst_95+12
x2 <- 0xFFFFFFFFFFFFBEFF

mem[X,0x00000000800006EC] -> 0xBC23
mem[X,0x00000000800006EE] -> 0x2E20
[491] [M]: 0x00000000800006EC (0x2E20BC23) sd x2, 0x2f8(x1)                         inst_95+14
mem[W,0x0000000080003410] <- 0xFFFFFFFFFFFFBEFF

clint mtime 0x00000000000000F6 (mip.MTI <- 0b1, mip.STI <- 0b0)
mem[X,0x00000000800006F0] -> 0x0113
mem[X,0x00000000800006F2] -> 0x0010
[492] [M]: 0x00000000800006F0 (0x00100113) addi x2, x0, 0x1                         inst_96+0
x2 <- 0x0000000000000001

mem[X,0x00000000800006F4] -> 0x1113
mem[X,0x00000000800006F6] -> 0x00F1
[493] [M]: 0x00000000800006F4 (0x00F11113) slli x2, x2, 0xf                         inst_96+4
x2 <- 0x0000000000008000

clint mtime 0x00000000000000F7 (mip.MTI <- 0b1, mip.STI <- 0b0)
mem[X,0x00000000800006F8] -> 0x4113
mem[X,0x00000000800006FA] -> 0xFFF1
[494] [M]: 0x00000000800006F8 (0xFFF14113) xori x2, x2, -0x1                        inst_96+8
x2 <- 0xFFFFFFFFFFFF7FFF

mem[X,0x00000000800006FC] -> 0x6165
[495] [M]: 0x00000000800006FC (0x6165) c.addi16sp x2, 0x70                          inst_96+12
x2 <- 0xFFFFFFFFFFFF806F

clint mtime 0x00000000000000F8 (mip.MTI <- 0b1, mip.STI <- 0b0)
mem[X,0x00000000800006FE] -> 0xB023
mem[X,0x0000000080000700] -> 0x3020
[496] [M]: 0x00000000800006FE (0x3020B023) sd x2, 0x300(x1)                         inst_96+14
mem[W,0x0000000080003418] <- 0xFFFFFFFFFFFF806F

mem[X,0x0000000080000702] -> 0x0113
mem[X,0x0000000080000704] -> 0x0010
[497] [M]: 0x0000000080000702 (0x00100113) addi x2, x0, 0x1                         inst_97+0
x2 <- 0x0000000000000001

clint mtime 0x00000000000000F9 (mip.MTI <- 0b1, mip.STI <- 0b0)
mem[X,0x0000000080000706] -> 0x1113
mem[X,0x0000000080000708] -> 0x0111
[498] [M]: 0x0000000080000706 (0x01111113) slli x2, x2, 0x11                        inst_97+4
x2 <- 0x0000000000020000

mem[X,0x000000008000070A] -> 0x4113
mem[X,0x000000008000070C] -> 0xFFF1
[499] [M]: 0x000000008000070A (0xFFF14113) xori x2, x2, -0x1                        inst_97+8
x2 <- 0xFFFFFFFFFFFDFFFF

clint mtime 0x00000000000000FA (mip.MTI <- 0b1, mip.STI <- 0b0)
mem[X,0x000000008000070E] -> 0x6149
[500] [M]: 0x000000008000070E (0x6149) c.addi16sp x2, 0x90                          inst_97+12
x2 <- 0xFFFFFFFFFFFE008F

mem[X,0x0000000080000710] -> 0xB423
mem[X,0x0000000080000712] -> 0x3020
[501] [M]: 0x0000000080000710 (0x3020B423) sd x2, 0x308(x1)                         inst_97+14
mem[W,0x0000000080003420] <- 0xFFFFFFFFFFFE008F

clint mtime 0x00000000000000FB (mip.MTI <- 0b1, mip.STI <- 0b0)
mem[X,0x0000000080000714] -> 0x0113
mem[X,0x0000000080000716] -> 0x0010
[502] [M]: 0x0000000080000714 (0x00100113) addi x2, x0, 0x1                         inst_98+0
x2 <- 0x0000000000000001

mem[X,0x0000000080000718] -> 0x1113
mem[X,0x000000008000071A] -> 0x0121
[503] [M]: 0x0000000080000718 (0x01211113) slli x2, x2, 0x12                        inst_98+4
x2 <- 0x0000000000040000

clint mtime 0x00000000000000FC (mip.MTI <- 0b1, mip.STI <- 0b0)
mem[X,0x000000008000071C] -> 0x4113
mem[X,0x000000008000071E] -> 0xFFF1
[504] [M]: 0x000000008000071C (0xFFF14113) xori x2, x2, -0x1                        inst_98+8
x2 <- 0xFFFFFFFFFFFBFFFF

mem[X,0x0000000080000720] -> 0x6109
[505] [M]: 0x0000000080000720 (0x6109) c.addi16sp x2, 0x80                          inst_98+12
x2 <- 0xFFFFFFFFFFFC007F

clint mtime 0x00000000000000FD (mip.MTI <- 0b1, mip.STI <- 0b0)
mem[X,0x0000000080000722] -> 0xB823
mem[X,0x0000000080000724] -> 0x3020
[506] [M]: 0x0000000080000722 (0x3020B823) sd x2, 0x310(x1)                         inst_98+14
mem[W,0x0000000080003428] <- 0xFFFFFFFFFFFC007F

mem[X,0x0000000080000726] -> 0x0113
mem[X,0x0000000080000728] -> 0x0010
[507] [M]: 0x0000000080000726 (0x00100113) addi x2, x0, 0x1                         inst_99+0
x2 <- 0x0000000000000001

clint mtime 0x00000000000000FE (mip.MTI <- 0b1, mip.STI <- 0b0)
mem[X,0x000000008000072A] -> 0x1113
mem[X,0x000000008000072C] -> 0x0131
[508] [M]: 0x000000008000072A (0x01311113) slli x2, x2, 0x13                        inst_99+4
x2 <- 0x0000000000080000

mem[X,0x000000008000072E] -> 0x4113
mem[X,0x0000000080000730] -> 0xFFF1
[509] [M]: 0x000000008000072E (0xFFF14113) xori x2, x2, -0x1                        inst_99+8
x2 <- 0xFFFFFFFFFFF7FFFF

clint mtime 0x00000000000000FF (mip.MTI <- 0b1, mip.STI <- 0b0)
mem[X,0x0000000080000732] -> 0x6149
[510] [M]: 0x0000000080000732 (0x6149) c.addi16sp x2, 0x90                          inst_99+12
x2 <- 0xFFFFFFFFFFF8008F

mem[X,0x0000000080000734] -> 0xBC23
mem[X,0x0000000080000736] -> 0x3020
[511] [M]: 0x0000000080000734 (0x3020BC23) sd x2, 0x318(x1)                         inst_99+14
mem[W,0x0000000080003430] <- 0xFFFFFFFFFFF8008F

clint mtime 0x0000000000000100 (mip.MTI <- 0b1, mip.STI <- 0b0)
mem[X,0x0000000080000738] -> 0x0113
mem[X,0x000000008000073A] -> 0x0010
[512] [M]: 0x0000000080000738 (0x00100113) addi x2, x0, 0x1                         inst_100+0
x2 <- 0x0000000000000001

mem[X,0x000000008000073C] -> 0x1113
mem[X,0x000000008000073E] -> 0x0141
[513] [M]: 0x000000008000073C (0x01411113) slli x2, x2, 0x14                        inst_100+4
x2 <- 0x0000000000100000

clint mtime 0x0000000000000101 (mip.MTI <- 0b1, mip.STI <- 0b0)
mem[X,0x0000000080000740] -> 0x4113
mem[X,0x0000000080000742] -> 0xFFF1
[514] [M]: 0x0000000080000740 (0xFFF14113) xori x2, x2, -0x1                        inst_100+8
x2 <- 0xFFFFFFFFFFEFFFFF

mem[X,0x0000000080000744] -> 0x717D
[515] [M]: 0x0000000080000744 (0x717D) c.addi16sp x2, -0x10                         inst_100+12
x2 <- 0xFFFFFFFFFFEFFFEF

clint mtime 0x0000000000000102 (mip.MTI <- 0b1, mip.STI <- 0b0)
mem[X,0x0000000080000746] -> 0xB023
mem[X,0x0000000080000748] -> 0x3220
[516] [M]: 0x0000000080000746 (0x3220B023) sd x2, 0x320(x1)                         inst_100+14
mem[W,0x0000000080003438] <- 0xFFFFFFFFFFEFFFEF

mem[X,0x000000008000074A] -> 0x0113
mem[X,0x000000008000074C] -> 0x0010
[517] [M]: 0x000000008000074A (0x00100113) addi x2, x0, 0x1                         inst_101+0
x2 <- 0x0000000000000001

clint mtime 0x0000000000000103 (mip.MTI <- 0b1, mip.STI <- 0b0)
mem[X,0x000000008000074E] -> 0x1113
mem[X,0x0000000080000750] -> 0x0151
[518] [M]: 0x000000008000074E (0x01511113) slli x2, x2, 0x15                        inst_101+4
x2 <- 0x0000000000200000

mem[X,0x0000000080000752] -> 0x4113
mem[X,0x0000000080000754] -> 0xFFF1
[519] [M]: 0x0000000080000752 (0xFFF14113) xori x2, x2, -0x1                        inst_101+8
x2 <- 0xFFFFFFFFFFDFFFFF

clint mtime 0x0000000000000104 (mip.MTI <- 0b1, mip.STI <- 0b0)
mem[X,0x0000000080000756] -> 0x6145
[520] [M]: 0x0000000080000756 (0x6145) c.addi16sp x2, 0x30                          inst_101+12
x2 <- 0xFFFFFFFFFFE0002F

mem[X,0x0000000080000758] -> 0xB423
mem[X,0x000000008000075A] -> 0x3220
[521] [M]: 0x0000000080000758 (0x3220B423) sd x2, 0x328(x1)                         inst_101+14
mem[W,0x0000000080003440] <- 0xFFFFFFFFFFE0002F

clint mtime 0x0000000000000105 (mip.MTI <- 0b1, mip.STI <- 0b0)
mem[X,0x000000008000075C] -> 0x0113
mem[X,0x000000008000075E] -> 0x0010
[522] [M]: 0x000000008000075C (0x00100113) addi x2, x0, 0x1                         inst_102+0
x2 <- 0x0000000000000001

mem[X,0x0000000080000760] -> 0x1113
mem[X,0x0000000080000762] -> 0x0161
[523] [M]: 0x0000000080000760 (0x01611113) slli x2, x2, 0x16                        inst_102+4
x2 <- 0x0000000000400000

clint mtime 0x0000000000000106 (mip.MTI <- 0b1, mip.STI <- 0b0)
mem[X,0x0000000080000764] -> 0x4113
mem[X,0x0000000080000766] -> 0xFFF1
[524] [M]: 0x0000000080000764 (0xFFF14113) xori x2, x2, -0x1                        inst_102+8
x2 <- 0xFFFFFFFFFFBFFFFF

mem[X,0x0000000080000768] -> 0x6109
[525] [M]: 0x0000000080000768 (0x6109) c.addi16sp x2, 0x80                          inst_102+12
x2 <- 0xFFFFFFFFFFC0007F

clint mtime 0x0000000000000107 (mip.MTI <- 0b1, mip.STI <- 0b0)
mem[X,0x000000008000076A] -> 0xB823
mem[X,0x000000008000076C] -> 0x3220
[526] [M]: 0x000000008000076A (0x3220B823) sd x2, 0x330(x1)                         inst_102+14
mem[W,0x0000000080003448] <- 0xFFFFFFFFFFC0007F

mem[X,0x000000008000076E] -> 0x0113
mem[X,0x0000000080000770] -> 0x0010
[527] [M]: 0x000000008000076E (0x00100113) addi x2, x0, 0x1                         inst_103+0
x2 <- 0x0000000000000001

clint mtime 0x0000000000000108 (mip.MTI <- 0b1, mip.STI <- 0b0)
mem[X,0x0000000080000772] -> 0x1113
mem[X,0x0000000080000774] -> 0x0171
[528] [M]: 0x0000000080000772 (0x01711113) slli x2, x2, 0x17                        inst_103+4
x2 <- 0x0000000000800000

mem[X,0x0000000080000776] -> 0x4113
mem[X,0x0000000080000778] -> 0xFFF1
[529] [M]: 0x0000000080000776 (0xFFF14113) xori x2, x2, -0x1                        inst_103+8
x2 <- 0xFFFFFFFFFF7FFFFF

clint mtime 0x0000000000000109 (mip.MTI <- 0b1, mip.STI <- 0b0)
mem[X,0x000000008000077A] -> 0x6105
[530] [M]: 0x000000008000077A (0x6105) c.addi16sp x2, 0x20                          inst_103+12
x2 <- 0xFFFFFFFFFF80001F

mem[X,0x000000008000077C] -> 0xBC23
mem[X,0x000000008000077E] -> 0x3220
[531] [M]: 0x000000008000077C (0x3220BC23) sd x2, 0x338(x1)                         inst_103+14
mem[W,0x0000000080003450] <- 0xFFFFFFFFFF80001F

clint mtime 0x000000000000010A (mip.MTI <- 0b1, mip.STI <- 0b0)
mem[X,0x0000000080000780] -> 0x0113
mem[X,0x0000000080000782] -> 0x0010
[532] [M]: 0x0000000080000780 (0x00100113) addi x2, x0, 0x1                         inst_104+0
x2 <- 0x0000000000000001

mem[X,0x0000000080000784] -> 0x1113
mem[X,0x0000000080000786] -> 0x0181
[533] [M]: 0x0000000080000784 (0x01811113) slli x2, x2, 0x18                        inst_104+4
x2 <- 0x0000000001000000

clint mtime 0x000000000000010B (mip.MTI <- 0b1, mip.STI <- 0b0)
mem[X,0x0000000080000788] -> 0x4113
mem[X,0x000000008000078A] -> 0xFFF1
[534] [M]: 0x0000000080000788 (0xFFF14113) xori x2, x2, -0x1                        inst_104+8
x2 <- 0xFFFFFFFFFEFFFFFF

mem[X,0x000000008000078C] -> 0x6109
[535] [M]: 0x000000008000078C (0x6109) c.addi16sp x2, 0x80                          inst_104+12
x2 <- 0xFFFFFFFFFF00007F

clint mtime 0x000000000000010C (mip.MTI <- 0b1, mip.STI <- 0b0)
mem[X,0x000000008000078E] -> 0xB023
mem[X,0x0000000080000790] -> 0x3420
[536] [M]: 0x000000008000078E (0x3420B023) sd x2, 0x340(x1)                         inst_104+14
mem[W,0x0000000080003458] <- 0xFFFFFFFFFF00007F

mem[X,0x0000000080000792] -> 0x0113
mem[X,0x0000000080000794] -> 0x0010
[537] [M]: 0x0000000080000792 (0x00100113) addi x2, x0, 0x1                         inst_105+0
x2 <- 0x0000000000000001

clint mtime 0x000000000000010D (mip.MTI <- 0b1, mip.STI <- 0b0)
mem[X,0x0000000080000796] -> 0x1113
mem[X,0x0000000080000798] -> 0x0191
[538] [M]: 0x0000000080000796 (0x01911113) slli x2, x2, 0x19                        inst_105+4
x2 <- 0x0000000002000000

mem[X,0x000000008000079A] -> 0x4113
mem[X,0x000000008000079C] -> 0xFFF1
[539] [M]: 0x000000008000079A (0xFFF14113) xori x2, x2, -0x1                        inst_105+8
x2 <- 0xFFFFFFFFFDFFFFFF

clint mtime 0x000000000000010E (mip.MTI <- 0b1, mip.STI <- 0b0)
mem[X,0x000000008000079E] -> 0x6145
[540] [M]: 0x000000008000079E (0x6145) c.addi16sp x2, 0x30                          inst_105+12
x2 <- 0xFFFFFFFFFE00002F

mem[X,0x00000000800007A0] -> 0xB423
mem[X,0x00000000800007A2] -> 0x3420
[541] [M]: 0x00000000800007A0 (0x3420B423) sd x2, 0x348(x1)                         inst_105+14
mem[W,0x0000000080003460] <- 0xFFFFFFFFFE00002F

clint mtime 0x000000000000010F (mip.MTI <- 0b1, mip.STI <- 0b0)
mem[X,0x00000000800007A4] -> 0x0113
mem[X,0x00000000800007A6] -> 0x0010
[542] [M]: 0x00000000800007A4 (0x00100113) addi x2, x0, 0x1                         inst_106+0
x2 <- 0x0000000000000001

mem[X,0x00000000800007A8] -> 0x1113
mem[X,0x00000000800007AA] -> 0x01A1
[543] [M]: 0x00000000800007A8 (0x01A11113) slli x2, x2, 0x1a                        inst_106+4
x2 <- 0x0000000004000000

clint mtime 0x0000000000000110 (mip.MTI <- 0b1, mip.STI <- 0b0)
mem[X,0x00000000800007AC] -> 0x4113
mem[X,0x00000000800007AE] -> 0xFFF1
[544] [M]: 0x00000000800007AC (0xFFF14113) xori x2, x2, -0x1                        inst_106+8
x2 <- 0xFFFFFFFFFBFFFFFF

mem[X,0x00000000800007B0] -> 0x715D
[545] [M]: 0x00000000800007B0 (0x715D) c.addi16sp x2, -0x50                         inst_106+12
x2 <- 0xFFFFFFFFFBFFFFAF

clint mtime 0x0000000000000111 (mip.MTI <- 0b1, mip.STI <- 0b0)
mem[X,0x00000000800007B2] -> 0xB823
mem[X,0x00000000800007B4] -> 0x3420
[546] [M]: 0x00000000800007B2 (0x3420B823) sd x2, 0x350(x1)                         inst_106+14
mem[W,0x0000000080003468] <- 0xFFFFFFFFFBFFFFAF

mem[X,0x00000000800007B6] -> 0x0113
mem[X,0x00000000800007B8] -> 0x0010
[547] [M]: 0x00000000800007B6 (0x00100113) addi x2, x0, 0x1                         inst_107+0
x2 <- 0x0000000000000001

clint mtime 0x0000000000000112 (mip.MTI <- 0b1, mip.STI <- 0b0)
mem[X,0x00000000800007BA] -> 0x1113
mem[X,0x00000000800007BC] -> 0x01B1
[548] [M]: 0x00000000800007BA (0x01B11113) slli x2, x2, 0x1b                        inst_107+4
x2 <- 0x0000000008000000

mem[X,0x00000000800007BE] -> 0x4113
mem[X,0x00000000800007C0] -> 0xFFF1
[549] [M]: 0x00000000800007BE (0xFFF14113) xori x2, x2, -0x1                        inst_107+8
x2 <- 0xFFFFFFFFF7FFFFFF

clint mtime 0x0000000000000113 (mip.MTI <- 0b1, mip.STI <- 0b0)
mem[X,0x00000000800007C2] -> 0x6145
[550] [M]: 0x00000000800007C2 (0x6145) c.addi16sp x2, 0x30                          inst_107+12
x2 <- 0xFFFFFFFFF800002F

mem[X,0x00000000800007C4] -> 0xBC23
mem[X,0x00000000800007C6] -> 0x3420
[551] [M]: 0x00000000800007C4 (0x3420BC23) sd x2, 0x358(x1)                         inst_107+14
mem[W,0x0000000080003470] <- 0xFFFFFFFFF800002F

clint mtime 0x0000000000000114 (mip.MTI <- 0b1, mip.STI <- 0b0)
mem[X,0x00000000800007C8] -> 0x0113
mem[X,0x00000000800007CA] -> 0x0010
[552] [M]: 0x00000000800007C8 (0x00100113) addi x2, x0, 0x1                         inst_108+0
x2 <- 0x0000000000000001

mem[X,0x00000000800007CC] -> 0x1113
mem[X,0x00000000800007CE] -> 0x01C1
[553] [M]: 0x00000000800007CC (0x01C11113) slli x2, x2, 0x1c                        inst_108+4
x2 <- 0x0000000010000000

clint mtime 0x0000000000000115 (mip.MTI <- 0b1, mip.STI <- 0b0)
mem[X,0x00000000800007D0] -> 0x4113
mem[X,0x00000000800007D2] -> 0xFFF1
[554] [M]: 0x00000000800007D0 (0xFFF14113) xori x2, x2, -0x1                        inst_108+8
x2 <- 0xFFFFFFFFEFFFFFFF

mem[X,0x00000000800007D4] -> 0x7179
[555] [M]: 0x00000000800007D4 (0x7179) c.addi16sp x2, -0x30                         inst_108+12
x2 <- 0xFFFFFFFFEFFFFFCF

clint mtime 0x0000000000000116 (mip.MTI <- 0b1, mip.STI <- 0b0)
mem[X,0x00000000800007D6] -> 0xB023
mem[X,0x00000000800007D8] -> 0x3620
[556] [M]: 0x00000000800007D6 (0x3620B023) sd x2, 0x360(x1)                         inst_108+14
mem[W,0x0000000080003478] <- 0xFFFFFFFFEFFFFFCF

mem[X,0x00000000800007DA] -> 0x0113
mem[X,0x00000000800007DC] -> 0x0010
[557] [M]: 0x00000000800007DA (0x00100113) addi x2, x0, 0x1                         inst_109+0
x2 <- 0x0000000000000001

clint mtime 0x0000000000000117 (mip.MTI <- 0b1, mip.STI <- 0b0)
mem[X,0x00000000800007DE] -> 0x1113
mem[X,0x00000000800007E0] -> 0x01D1
[558] [M]: 0x00000000800007DE (0x01D11113) slli x2, x2, 0x1d                        inst_109+4
x2 <- 0x0000000020000000

mem[X,0x00000000800007E2] -> 0x4113
mem[X,0x00000000800007E4] -> 0xFFF1
[559] [M]: 0x00000000800007E2 (0xFFF14113) xori x2, x2, -0x1                        inst_109+8
x2 <- 0xFFFFFFFFDFFFFFFF

clint mtime 0x0000000000000118 (mip.MTI <- 0b1, mip.STI <- 0b0)
mem[X,0x00000000800007E6] -> 0x7139
[560] [M]: 0x00000000800007E6 (0x7139) c.addi16sp x2, -0x40                         inst_109+12
x2 <- 0xFFFFFFFFDFFFFFBF

mem[X,0x00000000800007E8] -> 0xB423
mem[X,0x00000000800007EA] -> 0x3620
[561] [M]: 0x00000000800007E8 (0x3620B423) sd x2, 0x368(x1)                         inst_109+14
mem[W,0x0000000080003480] <- 0xFFFFFFFFDFFFFFBF

clint mtime 0x0000000000000119 (mip.MTI <- 0b1, mip.STI <- 0b0)
mem[X,0x00000000800007EC] -> 0x0113
mem[X,0x00000000800007EE] -> 0x0010
[562] [M]: 0x00000000800007EC (0x00100113) addi x2, x0, 0x1                         inst_110+0
x2 <- 0x0000000000000001

mem[X,0x00000000800007F0] -> 0x1113
mem[X,0x00000000800007F2] -> 0x01E1
[563] [M]: 0x00000000800007F0 (0x01E11113) slli x2, x2, 0x1e                        inst_110+4
x2 <- 0x0000000040000000

clint mtime 0x000000000000011A (mip.MTI <- 0b1, mip.STI <- 0b0)
mem[X,0x00000000800007F4] -> 0x4113
mem[X,0x00000000800007F6] -> 0xFFF1
[564] [M]: 0x00000000800007F4 (0xFFF14113) xori x2, x2, -0x1                        inst_110+8
x2 <- 0xFFFFFFFFBFFFFFFF

mem[X,0x00000000800007F8] -> 0x716D
[565] [M]: 0x00000000800007F8 (0x716D) c.addi16sp x2, -0x110                        inst_110+12
x2 <- 0xFFFFFFFFBFFFFEEF

clint mtime 0x000000000000011B (mip.MTI <- 0b1, mip.STI <- 0b0)
mem[X,0x00000000800007FA] -> 0xB823
mem[X,0x00000000800007FC] -> 0x3620
[566] [M]: 0x00000000800007FA (0x3620B823) sd x2, 0x370(x1)                         inst_110+14
mem[W,0x0000000080003488] <- 0xFFFFFFFFBFFFFEEF

mem[X,0x00000000800007FE] -> 0x0113
mem[X,0x0000000080000800] -> 0x0010
[567] [M]: 0x00000000800007FE (0x00100113) addi x2, x0, 0x1                         inst_111+0
x2 <- 0x0000000000000001

clint mtime 0x000000000000011C (mip.MTI <- 0b1, mip.STI <- 0b0)
mem[X,0x0000000080000802] -> 0x1113
mem[X,0x0000000080000804] -> 0x01F1
[568] [M]: 0x0000000080000802 (0x01F11113) slli x2, x2, 0x1f                        inst_111+4
x2 <- 0x0000000080000000

mem[X,0x0000000080000806] -> 0x4113
mem[X,0x0000000080000808] -> 0xFFF1
[569] [M]: 0x0000000080000806 (0xFFF14113) xori x2, x2, -0x1                        inst_111+8
x2 <- 0xFFFFFFFF7FFFFFFF

clint mtime 0x000000000000011D (mip.MTI <- 0b1, mip.STI <- 0b0)
mem[X,0x000000008000080A] -> 0x711D
[570] [M]: 0x000000008000080A (0x711D) c.addi16sp x2, -0x60                         inst_111+12
x2 <- 0xFFFFFFFF7FFFFF9F

mem[X,0x000000008000080C] -> 0xBC23
mem[X,0x000000008000080E] -> 0x3620
[571] [M]: 0x000000008000080C (0x3620BC23) sd x2, 0x378(x1)                         inst_111+14
mem[W,0x0000000080003490] <- 0xFFFFFFFF7FFFFF9F

clint mtime 0x000000000000011E (mip.MTI <- 0b1, mip.STI <- 0b0)
mem[X,0x0000000080000810] -> 0x0113
mem[X,0x0000000080000812] -> 0x0010
[572] [M]: 0x0000000080000810 (0x00100113) addi x2, x0, 0x1                         inst_112+0
x2 <- 0x0000000000000001

mem[X,0x0000000080000814] -> 0x1113
mem[X,0x0000000080000816] -> 0x0201
[573] [M]: 0x0000000080000814 (0x02011113) slli x2, x2, 0x20                        inst_112+4
x2 <- 0x0000000100000000

clint mtime 0x000000000000011F (mip.MTI <- 0b1, mip.STI <- 0b0)
mem[X,0x0000000080000818] -> 0x4113
mem[X,0x000000008000081A] -> 0xFFF1
[574] [M]: 0x0000000080000818 (0xFFF14113) xori x2, x2, -0x1                        inst_112+8
x2 <- 0xFFFFFFFEFFFFFFFF

mem[X,0x000000008000081C] -> 0x6165
[575] [M]: 0x000000008000081C (0x6165) c.addi16sp x2, 0x70                          inst_112+12
x2 <- 0xFFFFFFFF0000006F

clint mtime 0x0000000000000120 (mip.MTI <- 0b1, mip.STI <- 0b0)
mem[X,0x000000008000081E] -> 0xB023
mem[X,0x0000000080000820] -> 0x3820
[576] [M]: 0x000000008000081E (0x3820B023) sd x2, 0x380(x1)                         inst_112+14
mem[W,0x0000000080003498] <- 0xFFFFFFFF0000006F

mem[X,0x0000000080000822] -> 0x0113
mem[X,0x0000000080000824] -> 0x0010
[577] [M]: 0x0000000080000822 (0x00100113) addi x2, x0, 0x1                         inst_113+0
x2 <- 0x0000000000000001

clint mtime 0x0000000000000121 (mip.MTI <- 0b1, mip.STI <- 0b0)
mem[X,0x0000000080000826] -> 0x1113
mem[X,0x0000000080000828] -> 0x0211
[578] [M]: 0x0000000080000826 (0x02111113) slli x2, x2, 0x21                        inst_113+4
x2 <- 0x0000000200000000

mem[X,0x000000008000082A] -> 0x4113
mem[X,0x000000008000082C] -> 0xFFF1
[579] [M]: 0x000000008000082A (0xFFF14113) xori x2, x2, -0x1                        inst_113+8
x2 <- 0xFFFFFFFDFFFFFFFF

clint mtime 0x0000000000000122 (mip.MTI <- 0b1, mip.STI <- 0b0)
mem[X,0x000000008000082E] -> 0x7175
[580] [M]: 0x000000008000082E (0x7175) c.addi16sp x2, -0x90                         inst_113+12
x2 <- 0xFFFFFFFDFFFFFF6F

mem[X,0x0000000080000830] -> 0xB423
mem[X,0x0000000080000832] -> 0x3820
[581] [M]: 0x0000000080000830 (0x3820B423) sd x2, 0x388(x1)                         inst_113+14
mem[W,0x00000000800034A0] <- 0xFFFFFFFDFFFFFF6F

clint mtime 0x0000000000000123 (mip.MTI <- 0b1, mip.STI <- 0b0)
mem[X,0x0000000080000834] -> 0x0113
mem[X,0x0000000080000836] -> 0x0010
[582] [M]: 0x0000000080000834 (0x00100113) addi x2, x0, 0x1                         inst_114+0
x2 <- 0x0000000000000001

mem[X,0x0000000080000838] -> 0x1113
mem[X,0x000000008000083A] -> 0x0221
[583] [M]: 0x0000000080000838 (0x02211113) slli x2, x2, 0x22                        inst_114+4
x2 <- 0x0000000400000000

clint mtime 0x0000000000000124 (mip.MTI <- 0b1, mip.STI <- 0b0)
mem[X,0x000000008000083C] -> 0x4113
mem[X,0x000000008000083E] -> 0xFFF1
[584] [M]: 0x000000008000083C (0xFFF14113) xori x2, x2, -0x1                        inst_114+8
x2 <- 0xFFFFFFFBFFFFFFFF

mem[X,0x0000000080000840] -> 0x7135
[585] [M]: 0x0000000080000840 (0x7135) c.addi16sp x2, -0xa0                         inst_114+12
x2 <- 0xFFFFFFFBFFFFFF5F

clint mtime 0x0000000000000125 (mip.MTI <- 0b1, mip.STI <- 0b0)
mem[X,0x0000000080000842] -> 0xB823
mem[X,0x0000000080000844] -> 0x3820
[586] [M]: 0x0000000080000842 (0x3820B823) sd x2, 0x390(x1)                         inst_114+14
mem[W,0x00000000800034A8] <- 0xFFFFFFFBFFFFFF5F

mem[X,0x0000000080000846] -> 0x0113
mem[X,0x0000000080000848] -> 0x0010
[587] [M]: 0x0000000080000846 (0x00100113) addi x2, x0, 0x1                         inst_115+0
x2 <- 0x0000000000000001

clint mtime 0x0000000000000126 (mip.MTI <- 0b1, mip.STI <- 0b0)
mem[X,0x000000008000084A] -> 0x1113
mem[X,0x000000008000084C] -> 0x0231
[588] [M]: 0x000000008000084A (0x02311113) slli x2, x2, 0x23                        inst_115+4
x2 <- 0x0000000800000000

mem[X,0x000000008000084E] -> 0x4113
mem[X,0x0000000080000850] -> 0xFFF1
[589] [M]: 0x000000008000084E (0xFFF14113) xori x2, x2, -0x1                        inst_115+8
x2 <- 0xFFFFFFF7FFFFFFFF

clint mtime 0x0000000000000127 (mip.MTI <- 0b1, mip.STI <- 0b0)
mem[X,0x0000000080000852] -> 0x6149
[590] [M]: 0x0000000080000852 (0x6149) c.addi16sp x2, 0x90                          inst_115+12
x2 <- 0xFFFFFFF80000008F

mem[X,0x0000000080000854] -> 0xBC23
mem[X,0x0000000080000856] -> 0x3820
[591] [M]: 0x0000000080000854 (0x3820BC23) sd x2, 0x398(x1)                         inst_115+14
mem[W,0x00000000800034B0] <- 0xFFFFFFF80000008F

clint mtime 0x0000000000000128 (mip.MTI <- 0b1, mip.STI <- 0b0)
mem[X,0x0000000080000858] -> 0x0113
mem[X,0x000000008000085A] -> 0x0010
[592] [M]: 0x0000000080000858 (0x00100113) addi x2, x0, 0x1                         inst_116+0
x2 <- 0x0000000000000001

mem[X,0x000000008000085C] -> 0x1113
mem[X,0x000000008000085E] -> 0x0241
[593] [M]: 0x000000008000085C (0x02411113) slli x2, x2, 0x24                        inst_116+4
x2 <- 0x0000001000000000

clint mtime 0x0000000000000129 (mip.MTI <- 0b1, mip.STI <- 0b0)
mem[X,0x0000000080000860] -> 0x4113
mem[X,0x0000000080000862] -> 0xFFF1
[594] [M]: 0x0000000080000860 (0xFFF14113) xori x2, x2, -0x1                        inst_116+8
x2 <- 0xFFFFFFEFFFFFFFFF

mem[X,0x0000000080000864] -> 0x7135
[595] [M]: 0x0000000080000864 (0x7135) c.addi16sp x2, -0xa0                         inst_116+12
x2 <- 0xFFFFFFEFFFFFFF5F

clint mtime 0x000000000000012A (mip.MTI <- 0b1, mip.STI <- 0b0)
mem[X,0x0000000080000866] -> 0xB023
mem[X,0x0000000080000868] -> 0x3A20
[596] [M]: 0x0000000080000866 (0x3A20B023) sd x2, 0x3a0(x1)                         inst_116+14
mem[W,0x00000000800034B8] <- 0xFFFFFFEFFFFFFF5F

mem[X,0x000000008000086A] -> 0x0113
mem[X,0x000000008000086C] -> 0x0010
[597] [M]: 0x000000008000086A (0x00100113) addi x2, x0, 0x1                         inst_117+0
x2 <- 0x0000000000000001

clint mtime 0x000000000000012B (mip.MTI <- 0b1, mip.STI <- 0b0)
mem[X,0x000000008000086E] -> 0x1113
mem[X,0x0000000080000870] -> 0x0251
[598] [M]: 0x000000008000086E (0x02511113) slli x2, x2, 0x25                        inst_117+4
x2 <- 0x0000002000000000

mem[X,0x0000000080000872] -> 0x4113
mem[X,0x0000000080000874] -> 0xFFF1
[599] [M]: 0x0000000080000872 (0xFFF14113) xori x2, x2, -0x1                        inst_117+8
x2 <- 0xFFFFFFDFFFFFFFFF

clint mtime 0x000000000000012C (mip.MTI <- 0b1, mip.STI <- 0b0)
mem[X,0x0000000080000876] -> 0x6111
[600] [M]: 0x0000000080000876 (0x6111) c.addi16sp x2, 0x100                         inst_117+12
x2 <- 0xFFFFFFE0000000FF

mem[X,0x0000000080000878] -> 0xB423
mem[X,0x000000008000087A] -> 0x3A20
[601] [M]: 0x0000000080000878 (0x3A20B423) sd x2, 0x3a8(x1)                         inst_117+14
mem[W,0x00000000800034C0] <- 0xFFFFFFE0000000FF

clint mtime 0x000000000000012D (mip.MTI <- 0b1, mip.STI <- 0b0)
mem[X,0x000000008000087C] -> 0x0113
mem[X,0x000000008000087E] -> 0x0010
[602] [M]: 0x000000008000087C (0x00100113) addi x2, x0, 0x1                         inst_118+0
x2 <- 0x0000000000000001

mem[X,0x0000000080000880] -> 0x1113
mem[X,0x0000000080000882] -> 0x0271
[603] [M]: 0x0000000080000880 (0x02711113) slli x2, x2, 0x27                        inst_118+4
x2 <- 0x0000008000000000

clint mtime 0x000000000000012E (mip.MTI <- 0b1, mip.STI <- 0b0)
mem[X,0x0000000080000884] -> 0x4113
mem[X,0x0000000080000886] -> 0xFFF1
[604] [M]: 0x0000000080000884 (0xFFF14113) xori x2, x2, -0x1                        inst_118+8
x2 <- 0xFFFFFF7FFFFFFFFF

mem[X,0x0000000080000888] -> 0x7135
[605] [M]: 0x0000000080000888 (0x7135) c.addi16sp x2, -0xa0                         inst_118+12
x2 <- 0xFFFFFF7FFFFFFF5F

clint mtime 0x000000000000012F (mip.MTI <- 0b1, mip.STI <- 0b0)
mem[X,0x000000008000088A] -> 0xB823
mem[X,0x000000008000088C] -> 0x3A20
[606] [M]: 0x000000008000088A (0x3A20B823) sd x2, 0x3b0(x1)                         inst_118+14
mem[W,0x00000000800034C8] <- 0xFFFFFF7FFFFFFF5F

mem[X,0x000000008000088E] -> 0x0113
mem[X,0x0000000080000890] -> 0x0010
[607] [M]: 0x000000008000088E (0x00100113) addi x2, x0, 0x1                         inst_119+0
x2 <- 0x0000000000000001

clint mtime 0x0000000000000130 (mip.MTI <- 0b1, mip.STI <- 0b0)
mem[X,0x0000000080000892] -> 0x1113
mem[X,0x0000000080000894] -> 0x0281
[608] [M]: 0x0000000080000892 (0x02811113) slli x2, x2, 0x28                        inst_119+4
x2 <- 0x0000010000000000

mem[X,0x0000000080000896] -> 0x4113
mem[X,0x0000000080000898] -> 0xFFF1
[609] [M]: 0x0000000080000896 (0xFFF14113) xori x2, x2, -0x1                        inst_119+8
x2 <- 0xFFFFFEFFFFFFFFFF

clint mtime 0x0000000000000131 (mip.MTI <- 0b1, mip.STI <- 0b0)
mem[X,0x000000008000089A] -> 0x7179
[610] [M]: 0x000000008000089A (0x7179) c.addi16sp x2, -0x30                         inst_119+12
x2 <- 0xFFFFFEFFFFFFFFCF

mem[X,0x000000008000089C] -> 0xBC23
mem[X,0x000000008000089E] -> 0x3A20
[611] [M]: 0x000000008000089C (0x3A20BC23) sd x2, 0x3b8(x1)                         inst_119+14
mem[W,0x00000000800034D0] <- 0xFFFFFEFFFFFFFFCF

clint mtime 0x0000000000000132 (mip.MTI <- 0b1, mip.STI <- 0b0)
mem[X,0x00000000800008A0] -> 0x0113
mem[X,0x00000000800008A2] -> 0x0010
[612] [M]: 0x00000000800008A0 (0x00100113) addi x2, x0, 0x1                         inst_120+0
x2 <- 0x0000000000000001

mem[X,0x00000000800008A4] -> 0x1113
mem[X,0x00000000800008A6] -> 0x0291
[613] [M]: 0x00000000800008A4 (0x02911113) slli x2, x2, 0x29                        inst_120+4
x2 <- 0x0000020000000000

clint mtime 0x0000000000000133 (mip.MTI <- 0b1, mip.STI <- 0b0)
mem[X,0x00000000800008A8] -> 0x4113
mem[X,0x00000000800008AA] -> 0xFFF1
[614] [M]: 0x00000000800008A8 (0xFFF14113) xori x2, x2, -0x1                        inst_120+8
x2 <- 0xFFFFFDFFFFFFFFFF

mem[X,0x00000000800008AC] -> 0x7135
[615] [M]: 0x00000000800008AC (0x7135) c.addi16sp x2, -0xa0                         inst_120+12
x2 <- 0xFFFFFDFFFFFFFF5F

clint mtime 0x0000000000000134 (mip.MTI <- 0b1, mip.STI <- 0b0)
mem[X,0x00000000800008AE] -> 0xB023
mem[X,0x00000000800008B0] -> 0x3C20
[616] [M]: 0x00000000800008AE (0x3C20B023) sd x2, 0x3c0(x1)                         inst_120+14
mem[W,0x00000000800034D8] <- 0xFFFFFDFFFFFFFF5F

mem[X,0x00000000800008B2] -> 0x0113
mem[X,0x00000000800008B4] -> 0x0010
[617] [M]: 0x00000000800008B2 (0x00100113) addi x2, x0, 0x1                         inst_121+0
x2 <- 0x0000000000000001

clint mtime 0x0000000000000135 (mip.MTI <- 0b1, mip.STI <- 0b0)
mem[X,0x00000000800008B6] -> 0x1113
mem[X,0x00000000800008B8] -> 0x02A1
[618] [M]: 0x00000000800008B6 (0x02A11113) slli x2, x2, 0x2a                        inst_121+4
x2 <- 0x0000040000000000

mem[X,0x00000000800008BA] -> 0x4113
mem[X,0x00000000800008BC] -> 0xFFF1
[619] [M]: 0x00000000800008BA (0xFFF14113) xori x2, x2, -0x1                        inst_121+8
x2 <- 0xFFFFFBFFFFFFFFFF

clint mtime 0x0000000000000136 (mip.MTI <- 0b1, mip.STI <- 0b0)
mem[X,0x00000000800008BE] -> 0x716D
[620] [M]: 0x00000000800008BE (0x716D) c.addi16sp x2, -0x110                        inst_121+12
x2 <- 0xFFFFFBFFFFFFFEEF

mem[X,0x00000000800008C0] -> 0xB423
mem[X,0x00000000800008C2] -> 0x3C20
[621] [M]: 0x00000000800008C0 (0x3C20B423) sd x2, 0x3c8(x1)                         inst_121+14
mem[W,0x00000000800034E0] <- 0xFFFFFBFFFFFFFEEF

clint mtime 0x0000000000000137 (mip.MTI <- 0b1, mip.STI <- 0b0)
mem[X,0x00000000800008C4] -> 0x0113
mem[X,0x00000000800008C6] -> 0x0010
[622] [M]: 0x00000000800008C4 (0x00100113) addi x2, x0, 0x1                         inst_122+0
x2 <- 0x0000000000000001

mem[X,0x00000000800008C8] -> 0x1113
mem[X,0x00000000800008CA] -> 0x02B1
[623] [M]: 0x00000000800008C8 (0x02B11113) slli x2, x2, 0x2b                        inst_122+4
x2 <- 0x0000080000000000

clint mtime 0x0000000000000138 (mip.MTI <- 0b1, mip.STI <- 0b0)
mem[X,0x00000000800008CC] -> 0x4113
mem[X,0x00000000800008CE] -> 0xFFF1
[624] [M]: 0x00000000800008CC (0xFFF14113) xori x2, x2, -0x1                        inst_122+8
x2 <- 0xFFFFF7FFFFFFFFFF

mem[X,0x00000000800008D0] -> 0x6141
[625] [M]: 0x00000000800008D0 (0x6141) c.addi16sp x2, 0x10                          inst_122+12
x2 <- 0xFFFFF8000000000F

clint mtime 0x0000000000000139 (mip.MTI <- 0b1, mip.STI <- 0b0)
mem[X,0x00000000800008D2] -> 0xB823
mem[X,0x00000000800008D4] -> 0x3C20
[626] [M]: 0x00000000800008D2 (0x3C20B823) sd x2, 0x3d0(x1)                         inst_122+14
mem[W,0x00000000800034E8] <- 0xFFFFF8000000000F

mem[X,0x00000000800008D6] -> 0x0113
mem[X,0x00000000800008D8] -> 0x0010
[627] [M]: 0x00000000800008D6 (0x00100113) addi x2, x0, 0x1                         inst_123+0
x2 <- 0x0000000000000001

clint mtime 0x000000000000013A (mip.MTI <- 0b1, mip.STI <- 0b0)
mem[X,0x00000000800008DA] -> 0x1113
mem[X,0x00000000800008DC] -> 0x02C1
[628] [M]: 0x00000000800008DA (0x02C11113) slli x2, x2, 0x2c                        inst_123+4
x2 <- 0x0000100000000000

mem[X,0x00000000800008DE] -> 0x4113
mem[X,0x00000000800008E0] -> 0xFFF1
[629] [M]: 0x00000000800008DE (0xFFF14113) xori x2, x2, -0x1                        inst_123+8
x2 <- 0xFFFFEFFFFFFFFFFF

clint mtime 0x000000000000013B (mip.MTI <- 0b1, mip.STI <- 0b0)
mem[X,0x00000000800008E2] -> 0x6165
[630] [M]: 0x00000000800008E2 (0x6165) c.addi16sp x2, 0x70                          inst_123+12
x2 <- 0xFFFFF0000000006F

mem[X,0x00000000800008E4] -> 0xBC23
mem[X,0x00000000800008E6] -> 0x3C20
[631] [M]: 0x00000000800008E4 (0x3C20BC23) sd x2, 0x3d8(x1)                         inst_123+14
mem[W,0x00000000800034F0] <- 0xFFFFF0000000006F

clint mtime 0x000000000000013C (mip.MTI <- 0b1, mip.STI <- 0b0)
mem[X,0x00000000800008E8] -> 0x0113
mem[X,0x00000000800008EA] -> 0x0010
[632] [M]: 0x00000000800008E8 (0x00100113) addi x2, x0, 0x1                         inst_124+0
x2 <- 0x0000000000000001

mem[X,0x00000000800008EC] -> 0x1113
mem[X,0x00000000800008EE] -> 0x02D1
[633] [M]: 0x00000000800008EC (0x02D11113) slli x2, x2, 0x2d                        inst_124+4
x2 <- 0x0000200000000000

clint mtime 0x000000000000013D (mip.MTI <- 0b1, mip.STI <- 0b0)
mem[X,0x00000000800008F0] -> 0x4113
mem[X,0x00000000800008F2] -> 0xFFF1
[634] [M]: 0x00000000800008F0 (0xFFF14113) xori x2, x2, -0x1                        inst_124+8
x2 <- 0xFFFFDFFFFFFFFFFF

mem[X,0x00000000800008F4] -> 0x6121
[635] [M]: 0x00000000800008F4 (0x6121) c.addi16sp x2, 0x40                          inst_124+12
x2 <- 0xFFFFE0000000003F

clint mtime 0x000000000000013E (mip.MTI <- 0b1, mip.STI <- 0b0)
mem[X,0x00000000800008F6] -> 0xB023
mem[X,0x00000000800008F8] -> 0x3E20
[636] [M]: 0x00000000800008F6 (0x3E20B023) sd x2, 0x3e0(x1)                         inst_124+14
mem[W,0x00000000800034F8] <- 0xFFFFE0000000003F

mem[X,0x00000000800008FA] -> 0x0113
mem[X,0x00000000800008FC] -> 0x0010
[637] [M]: 0x00000000800008FA (0x00100113) addi x2, x0, 0x1                         inst_125+0
x2 <- 0x0000000000000001

clint mtime 0x000000000000013F (mip.MTI <- 0b1, mip.STI <- 0b0)
mem[X,0x00000000800008FE] -> 0x1113
mem[X,0x0000000080000900] -> 0x02E1
[638] [M]: 0x00000000800008FE (0x02E11113) slli x2, x2, 0x2e                        inst_125+4
x2 <- 0x0000400000000000

mem[X,0x0000000080000902] -> 0x4113
mem[X,0x0000000080000904] -> 0xFFF1
[639] [M]: 0x0000000080000902 (0xFFF14113) xori x2, x2, -0x1                        inst_125+8
x2 <- 0xFFFFBFFFFFFFFFFF

clint mtime 0x0000000000000140 (mip.MTI <- 0b1, mip.STI <- 0b0)
mem[X,0x0000000080000906] -> 0x6111
[640] [M]: 0x0000000080000906 (0x6111) c.addi16sp x2, 0x100                         inst_125+12
x2 <- 0xFFFFC000000000FF

mem[X,0x0000000080000908] -> 0xB423
mem[X,0x000000008000090A] -> 0x3E20
[641] [M]: 0x0000000080000908 (0x3E20B423) sd x2, 0x3e8(x1)                         inst_125+14
mem[W,0x0000000080003500] <- 0xFFFFC000000000FF

clint mtime 0x0000000000000141 (mip.MTI <- 0b1, mip.STI <- 0b0)
mem[X,0x000000008000090C] -> 0x0113
mem[X,0x000000008000090E] -> 0x0010
[642] [M]: 0x000000008000090C (0x00100113) addi x2, x0, 0x1                         inst_126+0
x2 <- 0x0000000000000001

mem[X,0x0000000080000910] -> 0x1113
mem[X,0x0000000080000912] -> 0x02F1
[643] [M]: 0x0000000080000910 (0x02F11113) slli x2, x2, 0x2f                        inst_126+4
x2 <- 0x0000800000000000

clint mtime 0x0000000000000142 (mip.MTI <- 0b1, mip.STI <- 0b0)
mem[X,0x0000000080000914] -> 0x4113
mem[X,0x0000000080000916] -> 0xFFF1
[644] [M]: 0x0000000080000914 (0xFFF14113) xori x2, x2, -0x1                        inst_126+8
x2 <- 0xFFFF7FFFFFFFFFFF

mem[X,0x0000000080000918] -> 0x6121
[645] [M]: 0x0000000080000918 (0x6121) c.addi16sp x2, 0x40                          inst_126+12
x2 <- 0xFFFF80000000003F

clint mtime 0x0000000000000143 (mip.MTI <- 0b1, mip.STI <- 0b0)
mem[X,0x000000008000091A] -> 0xB823
mem[X,0x000000008000091C] -> 0x3E20
[646] [M]: 0x000000008000091A (0x3E20B823) sd x2, 0x3f0(x1)                         inst_126+14
mem[W,0x0000000080003508] <- 0xFFFF80000000003F

mem[X,0x000000008000091E] -> 0x0113
mem[X,0x0000000080000920] -> 0x0010
[647] [M]: 0x000000008000091E (0x00100113) addi x2, x0, 0x1                         inst_127+0
x2 <- 0x0000000000000001

clint mtime 0x0000000000000144 (mip.MTI <- 0b1, mip.STI <- 0b0)
mem[X,0x0000000080000922] -> 0x1113
mem[X,0x0000000080000924] -> 0x0301
[648] [M]: 0x0000000080000922 (0x03011113) slli x2, x2, 0x30                        inst_127+4
x2 <- 0x0001000000000000

mem[X,0x0000000080000926] -> 0x4113
mem[X,0x0000000080000928] -> 0xFFF1
[649] [M]: 0x0000000080000926 (0xFFF14113) xori x2, x2, -0x1                        inst_127+8
x2 <- 0xFFFEFFFFFFFFFFFF

clint mtime 0x0000000000000145 (mip.MTI <- 0b1, mip.STI <- 0b0)
mem[X,0x000000008000092A] -> 0x617D
[650] [M]: 0x000000008000092A (0x617D) c.addi16sp x2, 0x1f0                         inst_127+12
x2 <- 0xFFFF0000000001EF

mem[X,0x000000008000092C] -> 0xBC23
mem[X,0x000000008000092E] -> 0x3E20
[651] [M]: 0x000000008000092C (0x3E20BC23) sd x2, 0x3f8(x1)                         inst_127+14
mem[W,0x0000000080003510] <- 0xFFFF0000000001EF

clint mtime 0x0000000000000146 (mip.MTI <- 0b1, mip.STI <- 0b0)
mem[X,0x0000000080000930] -> 0x0113
mem[X,0x0000000080000932] -> 0x0010
[652] [M]: 0x0000000080000930 (0x00100113) addi x2, x0, 0x1                         inst_128+0
x2 <- 0x0000000000000001

mem[X,0x0000000080000934] -> 0x1113
mem[X,0x0000000080000936] -> 0x0311
[653] [M]: 0x0000000080000934 (0x03111113) slli x2, x2, 0x31                        inst_128+4
x2 <- 0x0002000000000000

clint mtime 0x0000000000000147 (mip.MTI <- 0b1, mip.STI <- 0b0)
mem[X,0x0000000080000938] -> 0x4113
mem[X,0x000000008000093A] -> 0xFFF1
[654] [M]: 0x0000000080000938 (0xFFF14113) xori x2, x2, -0x1                        inst_128+8
x2 <- 0xFFFDFFFFFFFFFFFF

mem[X,0x000000008000093C] -> 0x7135
[655] [M]: 0x000000008000093C (0x7135) c.addi16sp x2, -0xa0                         inst_128+12
x2 <- 0xFFFDFFFFFFFFFF5F

clint mtime 0x0000000000000148 (mip.MTI <- 0b1, mip.STI <- 0b0)
mem[X,0x000000008000093E] -> 0xB023
mem[X,0x0000000080000940] -> 0x4020
[656] [M]: 0x000000008000093E (0x4020B023) sd x2, 0x400(x1)                         inst_128+14
mem[W,0x0000000080003518] <- 0xFFFDFFFFFFFFFF5F

mem[X,0x0000000080000942] -> 0x0113
mem[X,0x0000000080000944] -> 0x0010
[657] [M]: 0x0000000080000942 (0x00100113) addi x2, x0, 0x1                         inst_129+0
x2 <- 0x0000000000000001

clint mtime 0x0000000000000149 (mip.MTI <- 0b1, mip.STI <- 0b0)
mem[X,0x0000000080000946] -> 0x1113
mem[X,0x0000000080000948] -> 0x0321
[658] [M]: 0x0000000080000946 (0x03211113) slli x2, x2, 0x32                        inst_129+4
x2 <- 0x0004000000000000

mem[X,0x000000008000094A] -> 0x4113
mem[X,0x000000008000094C] -> 0xFFF1
[659] [M]: 0x000000008000094A (0xFFF14113) xori x2, x2, -0x1                        inst_129+8
x2 <- 0xFFFBFFFFFFFFFFFF

clint mtime 0x000000000000014A (mip.MTI <- 0b1, mip.STI <- 0b0)
mem[X,0x000000008000094E] -> 0x717D
[660] [M]: 0x000000008000094E (0x717D) c.addi16sp x2, -0x10                         inst_129+12
x2 <- 0xFFFBFFFFFFFFFFEF

mem[X,0x0000000080000950] -> 0xB423
mem[X,0x0000000080000952] -> 0x4020
[661] [M]: 0x0000000080000950 (0x4020B423) sd x2, 0x408(x1)                         inst_129+14
mem[W,0x0000000080003520] <- 0xFFFBFFFFFFFFFFEF

clint mtime 0x000000000000014B (mip.MTI <- 0b1, mip.STI <- 0b0)
mem[X,0x0000000080000954] -> 0x0113
mem[X,0x0000000080000956] -> 0x0010
[662] [M]: 0x0000000080000954 (0x00100113) addi x2, x0, 0x1                         inst_130+0
x2 <- 0x0000000000000001

mem[X,0x0000000080000958] -> 0x1113
mem[X,0x000000008000095A] -> 0x0331
[663] [M]: 0x0000000080000958 (0x03311113) slli x2, x2, 0x33                        inst_130+4
x2 <- 0x0008000000000000

clint mtime 0x000000000000014C (mip.MTI <- 0b1, mip.STI <- 0b0)
mem[X,0x000000008000095C] -> 0x4113
mem[X,0x000000008000095E] -> 0xFFF1
[664] [M]: 0x000000008000095C (0xFFF14113) xori x2, x2, -0x1                        inst_130+8
x2 <- 0xFFF7FFFFFFFFFFFF

mem[X,0x0000000080000960] -> 0x7159
[665] [M]: 0x0000000080000960 (0x7159) c.addi16sp x2, -0x70                         inst_130+12
x2 <- 0xFFF7FFFFFFFFFF8F

clint mtime 0x000000000000014D (mip.MTI <- 0b1, mip.STI <- 0b0)
mem[X,0x0000000080000962] -> 0xB823
mem[X,0x0000000080000964] -> 0x4020
[666] [M]: 0x0000000080000962 (0x4020B823) sd x2, 0x410(x1)                         inst_130+14
mem[W,0x0000000080003528] <- 0xFFF7FFFFFFFFFF8F

mem[X,0x0000000080000966] -> 0x0113
mem[X,0x0000000080000968] -> 0x0010
[667] [M]: 0x0000000080000966 (0x00100113) addi x2, x0, 0x1                         inst_131+0
x2 <- 0x0000000000000001

clint mtime 0x000000000000014E (mip.MTI <- 0b1, mip.STI <- 0b0)
mem[X,0x000000008000096A] -> 0x1113
mem[X,0x000000008000096C] -> 0x0341
[668] [M]: 0x000000008000096A (0x03411113) slli x2, x2, 0x34                        inst_131+4
x2 <- 0x0010000000000000

mem[X,0x000000008000096E] -> 0x4113
mem[X,0x0000000080000970] -> 0xFFF1
[669] [M]: 0x000000008000096E (0xFFF14113) xori x2, x2, -0x1                        inst_131+8
x2 <- 0xFFEFFFFFFFFFFFFF

clint mtime 0x000000000000014F (mip.MTI <- 0b1, mip.STI <- 0b0)
mem[X,0x0000000080000972] -> 0x713D
[670] [M]: 0x0000000080000972 (0x713D) c.addi16sp x2, -0x20                         inst_131+12
x2 <- 0xFFEFFFFFFFFFFFDF

mem[X,0x0000000080000974] -> 0xBC23
mem[X,0x0000000080000976] -> 0x4020
[671] [M]: 0x0000000080000974 (0x4020BC23) sd x2, 0x418(x1)                         inst_131+14
mem[W,0x0000000080003530] <- 0xFFEFFFFFFFFFFFDF

clint mtime 0x0000000000000150 (mip.MTI <- 0b1, mip.STI <- 0b0)
mem[X,0x0000000080000978] -> 0x006F
mem[X,0x000000008000097A] -> 0x0380
[672] [M]: 0x0000000080000978 (0x0380006F) jal x0, 0x38                             rvtest_code_end+0

mem[X,0x00000000800009B0] -> 0x4085
[673] [M]: 0x00000000800009B0 (0x4085) c.li x1, 0x1                                 exit_cleanup+0
x1 <- 0x0000000000000001

clint mtime 0x0000000000000151 (mip.MTI <- 0b1, mip.STI <- 0b0)
mem[X,0x00000000800009B2] -> 0x0397
mem[X,0x00000000800009B4] -> 0x0000
[674] [M]: 0x00000000800009B2 (0x00000397) auipc x7, 0x0                            exit_cleanup+2
x7 <- 0x00000000800009B2

mem[X,0x00000000800009B6] -> 0xA723
mem[X,0x00000000800009B8] -> 0x6413
[675] [M]: 0x00000000800009B6 (0x6413A723) sw x1, 0x64e(x7)                         exit_cleanup+6
htif[0x0000000080001000] <- 0x00000001
mem[W,0x0000000080001000] <- 0x00000001

clint mtime 0x0000000000000152 (mip.MTI <- 0b1, mip.STI <- 0b0)
mem[X,0x00000000800009BA] -> 0xBFE5
[676] [M]: 0x00000000800009BA (0xBFE5) c.j -0x8                                     exit_cleanup+10

mem[X,0x00000000800009B2] -> 0x0397
mem[X,0x00000000800009B4] -> 0x0000
[677] [M]: 0x00000000800009B2 (0x00000397) auipc x7, 0x0                            exit_cleanup+2
x7 <- 0x00000000800009B2

clint mtime 0x0000000000000153 (mip.MTI <- 0b1, mip.STI <- 0b0)
mem[X,0x00000000800009B6] -> 0xA723
mem[X,0x00000000800009B8] -> 0x6413
[678] [M]: 0x00000000800009B6 (0x6413A723) sw x1, 0x64e(x7)                         exit_cleanup+6
htif[0x0000000080001000] <- 0x00000001
mem[W,0x0000000080001000] <- 0x00000001

mem[X,0x00000000800009BA] -> 0xBFE5
[679] [M]: 0x00000000800009BA (0xBFE5) c.j -0x8                                     exit_cleanup+10

clint mtime 0x0000000000000154 (mip.MTI <- 0b1, mip.STI <- 0b0)
mem[X,0x00000000800009B2] -> 0x0397
mem[X,0x00000000800009B4] -> 0x0000
[680] [M]: 0x00000000800009B2 (0x00000397) auipc x7, 0x0                            exit_cleanup+2
x7 <- 0x00000000800009B2

mem[X,0x00000000800009B6] -> 0xA723
mem[X,0x00000000800009B8] -> 0x6413
[681] [M]: 0x00000000800009B6 (0x6413A723) sw x1, 0x64e(x7)                         exit_cleanup+6
htif[0x0000000080001000] <- 0x00000001
htif-syscall-proxy cmd: 0x000000000001
mem[W,0x0000000080001000] <- 0x00000001

SUCCESS
clint mtime 0x0000000000000155 (mip.MTI <- 0b1, mip.STI <- 0b0)
