using /opt/riscv-arch-test/riscof-plugins/rv64/riscof_work/D/src/fcvt.lu.d_b23-01.S/ref/Reference-sail_c_simulator.signature for test-signature output.
setting signature-granularity to 8 bytes
HTIF located at 0x80001000
begin_signature: 0x80003110
end_signature: 0x80003400
Entry point: 0x80000000
CSR mstatus (0x300) <- 0x0000000A00000000
CSR misa (0x301) <- 0x800000000034112F
CSR mcause (0x342) <- 0x0000000000000000
x10 <- 0x0000000000000000
x11 <- 0x0000000000001000
mem[X,0x0000000080000000] -> 0x0837
mem[X,0x0000000080000002] -> 0x7D5C
[0] [M]: 0x0000000080000000 (0x7D5C0837) lui x16, 0x7d5c0                           rvtest_init+0
x16 <- 0x000000007D5C0000

mem[X,0x0000000080000004] -> 0x0813
mem[X,0x0000000080000006] -> 0xDDB8
[1] [M]: 0x0000000080000004 (0xDDB80813) addi x16, x16, -0x225                      rvtest_init+4
x16 <- 0x000000007D5BFDDB

clint mtime 0x0000000000000001 (mip.MTI <- 0b1, mip.STI <- 0b0)
mem[X,0x0000000080000008] -> 0x1813
mem[X,0x000000008000000A] -> 0x00B8
[2] [M]: 0x0000000080000008 (0x00B81813) slli x16, x16, 0xb                         rvtest_init+8
x16 <- 0x000003EADFEED800

mem[X,0x000000008000000C] -> 0x0813
mem[X,0x000000008000000E] -> 0x3EA8
[3] [M]: 0x000000008000000C (0x3EA80813) addi x16, x16, 0x3ea                       rvtest_init+12
x16 <- 0x000003EADFEEDBEA

clint mtime 0x0000000000000002 (mip.MTI <- 0b1, mip.STI <- 0b0)
mem[X,0x0000000080000010] -> 0x1813
mem[X,0x0000000080000012] -> 0x00B8
[4] [M]: 0x0000000080000010 (0x00B81813) slli x16, x16, 0xb                         rvtest_init+16
x16 <- 0x001F56FF76DF5000

mem[X,0x0000000080000014] -> 0x0813
mem[X,0x0000000080000016] -> 0x6FF8
[5] [M]: 0x0000000080000014 (0x6FF80813) addi x16, x16, 0x6ff                       rvtest_init+20
x16 <- 0x001F56FF76DF56FF

clint mtime 0x0000000000000003 (mip.MTI <- 0b1, mip.STI <- 0b0)
mem[X,0x0000000080000018] -> 0x1813
mem[X,0x000000008000001A] -> 0x00A8
[6] [M]: 0x0000000080000018 (0x00A81813) slli x16, x16, 0xa                         rvtest_init+24
x16 <- 0x7D5BFDDB7D5BFC00

mem[X,0x000000008000001C] -> 0x0813
mem[X,0x000000008000001E] -> 0x1DB8
[7] [M]: 0x000000008000001C (0x1DB80813) addi x16, x16, 0x1db                       rvtest_init+28
x16 <- 0x7D5BFDDB7D5BFDDB

clint mtime 0x0000000000000004 (mip.MTI <- 0b1, mip.STI <- 0b0)
mem[X,0x0000000080000020] -> 0x5893
mem[X,0x0000000080000022] -> 0x0078
[8] [M]: 0x0000000080000020 (0x00785893) srli x17, x16, 0x7                         rvtest_init+32
x17 <- 0x00FAB7FBB6FAB7FB

mem[X,0x0000000080000024] -> 0x5793
mem[X,0x0000000080000026] -> 0x0398
[9] [M]: 0x0000000080000024 (0x03985793) srli x15, x16, 0x39                        rvtest_init+36
x15 <- 0x000000000000003E

clint mtime 0x0000000000000005 (mip.MTI <- 0b1, mip.STI <- 0b0)
mem[X,0x0000000080000028] -> 0xE8B3
mem[X,0x000000008000002A] -> 0x00F8
[10] [M]: 0x0000000080000028 (0x00F8E8B3) or x17, x17, x15                          rvtest_init+40
x17 <- 0x00FAB7FBB6FAB7FF

mem[X,0x000000008000002C] -> 0xD913
mem[X,0x000000008000002E] -> 0x0078
[11] [M]: 0x000000008000002C (0x0078D913) srli x18, x17, 0x7                        rvtest_init+44
x18 <- 0x0001F56FF76DF56F

clint mtime 0x0000000000000006 (mip.MTI <- 0b1, mip.STI <- 0b0)
mem[X,0x0000000080000030] -> 0xD793
mem[X,0x0000000080000032] -> 0x0398
[12] [M]: 0x0000000080000030 (0x0398D793) srli x15, x17, 0x39                       rvtest_init+48
x15 <- 0x0000000000000000

mem[X,0x0000000080000034] -> 0x6933
mem[X,0x0000000080000036] -> 0x00F9
[13] [M]: 0x0000000080000034 (0x00F96933) or x18, x18, x15                          rvtest_init+52
x18 <- 0x0001F56FF76DF56F

clint mtime 0x0000000000000007 (mip.MTI <- 0b1, mip.STI <- 0b0)
mem[X,0x0000000080000038] -> 0x5993
mem[X,0x000000008000003A] -> 0x0079
[14] [M]: 0x0000000080000038 (0x00795993) srli x19, x18, 0x7                        rvtest_init+56
x19 <- 0x000003EADFEEDBEA

mem[X,0x000000008000003C] -> 0x5793
mem[X,0x000000008000003E] -> 0x0399
[15] [M]: 0x000000008000003C (0x03995793) srli x15, x18, 0x39                       rvtest_init+60
x15 <- 0x0000000000000000

clint mtime 0x0000000000000008 (mip.MTI <- 0b1, mip.STI <- 0b0)
mem[X,0x0000000080000040] -> 0xE9B3
mem[X,0x0000000080000042] -> 0x00F9
[16] [M]: 0x0000000080000040 (0x00F9E9B3) or x19, x19, x15                          rvtest_init+64
x19 <- 0x000003EADFEEDBEA

mem[X,0x0000000080000044] -> 0xDA13
mem[X,0x0000000080000046] -> 0x0079
[17] [M]: 0x0000000080000044 (0x0079DA13) srli x20, x19, 0x7                        rvtest_init+68
x20 <- 0x00000007D5BFDDB7

clint mtime 0x0000000000000009 (mip.MTI <- 0b1, mip.STI <- 0b0)
mem[X,0x0000000080000048] -> 0xD793
mem[X,0x000000008000004A] -> 0x0399
[18] [M]: 0x0000000080000048 (0x0399D793) srli x15, x19, 0x39                       rvtest_init+72
x15 <- 0x0000000000000000

mem[X,0x000000008000004C] -> 0x6A33
mem[X,0x000000008000004E] -> 0x00FA
[19] [M]: 0x000000008000004C (0x00FA6A33) or x20, x20, x15                          rvtest_init+76
x20 <- 0x00000007D5BFDDB7

clint mtime 0x000000000000000A (mip.MTI <- 0b1, mip.STI <- 0b0)
mem[X,0x0000000080000050] -> 0x5A93
mem[X,0x0000000080000052] -> 0x007A
[20] [M]: 0x0000000080000050 (0x007A5A93) srli x21, x20, 0x7                        rvtest_init+80
x21 <- 0x000000000FAB7FBB

mem[X,0x0000000080000054] -> 0x5793
mem[X,0x0000000080000056] -> 0x039A
[21] [M]: 0x0000000080000054 (0x039A5793) srli x15, x20, 0x39                       rvtest_init+84
x15 <- 0x0000000000000000

clint mtime 0x000000000000000B (mip.MTI <- 0b1, mip.STI <- 0b0)
mem[X,0x0000000080000058] -> 0xEAB3
mem[X,0x000000008000005A] -> 0x00FA
[22] [M]: 0x0000000080000058 (0x00FAEAB3) or x21, x21, x15                          rvtest_init+88
x21 <- 0x000000000FAB7FBB

mem[X,0x000000008000005C] -> 0xDB13
mem[X,0x000000008000005E] -> 0x007A
[23] [M]: 0x000000008000005C (0x007ADB13) srli x22, x21, 0x7                        rvtest_init+92
x22 <- 0x00000000001F56FF

clint mtime 0x000000000000000C (mip.MTI <- 0b1, mip.STI <- 0b0)
mem[X,0x0000000080000060] -> 0xD793
mem[X,0x0000000080000062] -> 0x039A
[24] [M]: 0x0000000080000060 (0x039AD793) srli x15, x21, 0x39                       rvtest_init+96
x15 <- 0x0000000000000000

mem[X,0x0000000080000064] -> 0x6B33
mem[X,0x0000000080000066] -> 0x00FB
[25] [M]: 0x0000000080000064 (0x00FB6B33) or x22, x22, x15                          rvtest_init+100
x22 <- 0x00000000001F56FF

clint mtime 0x000000000000000D (mip.MTI <- 0b1, mip.STI <- 0b0)
mem[X,0x0000000080000068] -> 0x5B93
mem[X,0x000000008000006A] -> 0x007B
[26] [M]: 0x0000000080000068 (0x007B5B93) srli x23, x22, 0x7                        rvtest_init+104
x23 <- 0x0000000000003EAD

mem[X,0x000000008000006C] -> 0x5793
mem[X,0x000000008000006E] -> 0x039B
[27] [M]: 0x000000008000006C (0x039B5793) srli x15, x22, 0x39                       rvtest_init+108
x15 <- 0x0000000000000000

clint mtime 0x000000000000000E (mip.MTI <- 0b1, mip.STI <- 0b0)
mem[X,0x0000000080000070] -> 0xEBB3
mem[X,0x0000000080000072] -> 0x00FB
[28] [M]: 0x0000000080000070 (0x00FBEBB3) or x23, x23, x15                          rvtest_init+112
x23 <- 0x0000000000003EAD

mem[X,0x0000000080000074] -> 0xDC13
mem[X,0x0000000080000076] -> 0x007B
[29] [M]: 0x0000000080000074 (0x007BDC13) srli x24, x23, 0x7                        rvtest_init+116
x24 <- 0x000000000000007D

clint mtime 0x000000000000000F (mip.MTI <- 0b1, mip.STI <- 0b0)
mem[X,0x0000000080000078] -> 0xD793
mem[X,0x000000008000007A] -> 0x039B
[30] [M]: 0x0000000080000078 (0x039BD793) srli x15, x23, 0x39                       rvtest_init+120
x15 <- 0x0000000000000000

mem[X,0x000000008000007C] -> 0x6C33
mem[X,0x000000008000007E] -> 0x00FC
[31] [M]: 0x000000008000007C (0x00FC6C33) or x24, x24, x15                          rvtest_init+124
x24 <- 0x000000000000007D

clint mtime 0x0000000000000010 (mip.MTI <- 0b1, mip.STI <- 0b0)
mem[X,0x0000000080000080] -> 0x5C93
mem[X,0x0000000080000082] -> 0x007C
[32] [M]: 0x0000000080000080 (0x007C5C93) srli x25, x24, 0x7                        rvtest_init+128
x25 <- 0x0000000000000000

mem[X,0x0000000080000084] -> 0x5793
mem[X,0x0000000080000086] -> 0x039C
[33] [M]: 0x0000000080000084 (0x039C5793) srli x15, x24, 0x39                       rvtest_init+132
x15 <- 0x0000000000000000

clint mtime 0x0000000000000011 (mip.MTI <- 0b1, mip.STI <- 0b0)
mem[X,0x0000000080000088] -> 0xECB3
mem[X,0x000000008000008A] -> 0x00FC
[34] [M]: 0x0000000080000088 (0x00FCECB3) or x25, x25, x15                          rvtest_init+136
x25 <- 0x0000000000000000

mem[X,0x000000008000008C] -> 0xDD13
mem[X,0x000000008000008E] -> 0x007C
[35] [M]: 0x000000008000008C (0x007CDD13) srli x26, x25, 0x7                        rvtest_init+140
x26 <- 0x0000000000000000

clint mtime 0x0000000000000012 (mip.MTI <- 0b1, mip.STI <- 0b0)
mem[X,0x0000000080000090] -> 0xD793
mem[X,0x0000000080000092] -> 0x039C
[36] [M]: 0x0000000080000090 (0x039CD793) srli x15, x25, 0x39                       rvtest_init+144
x15 <- 0x0000000000000000

mem[X,0x0000000080000094] -> 0x6D33
mem[X,0x0000000080000096] -> 0x00FD
[37] [M]: 0x0000000080000094 (0x00FD6D33) or x26, x26, x15                          rvtest_init+148
x26 <- 0x0000000000000000

clint mtime 0x0000000000000013 (mip.MTI <- 0b1, mip.STI <- 0b0)
mem[X,0x0000000080000098] -> 0x5D93
mem[X,0x000000008000009A] -> 0x007D
[38] [M]: 0x0000000080000098 (0x007D5D93) srli x27, x26, 0x7                        rvtest_init+152
x27 <- 0x0000000000000000

mem[X,0x000000008000009C] -> 0x5793
mem[X,0x000000008000009E] -> 0x039D
[39] [M]: 0x000000008000009C (0x039D5793) srli x15, x26, 0x39                       rvtest_init+156
x15 <- 0x0000000000000000

clint mtime 0x0000000000000014 (mip.MTI <- 0b1, mip.STI <- 0b0)
mem[X,0x00000000800000A0] -> 0xEDB3
mem[X,0x00000000800000A2] -> 0x00FD
[40] [M]: 0x00000000800000A0 (0x00FDEDB3) or x27, x27, x15                          rvtest_init+160
x27 <- 0x0000000000000000

mem[X,0x00000000800000A4] -> 0xDE13
mem[X,0x00000000800000A6] -> 0x007D
[41] [M]: 0x00000000800000A4 (0x007DDE13) srli x28, x27, 0x7                        rvtest_init+164
x28 <- 0x0000000000000000

clint mtime 0x0000000000000015 (mip.MTI <- 0b1, mip.STI <- 0b0)
mem[X,0x00000000800000A8] -> 0xD793
mem[X,0x00000000800000AA] -> 0x039D
[42] [M]: 0x00000000800000A8 (0x039DD793) srli x15, x27, 0x39                       rvtest_init+168
x15 <- 0x0000000000000000

mem[X,0x00000000800000AC] -> 0x6E33
mem[X,0x00000000800000AE] -> 0x00FE
[43] [M]: 0x00000000800000AC (0x00FE6E33) or x28, x28, x15                          rvtest_init+172
x28 <- 0x0000000000000000

clint mtime 0x0000000000000016 (mip.MTI <- 0b1, mip.STI <- 0b0)
mem[X,0x00000000800000B0] -> 0x5E93
mem[X,0x00000000800000B2] -> 0x007E
[44] [M]: 0x00000000800000B0 (0x007E5E93) srli x29, x28, 0x7                        rvtest_init+176
x29 <- 0x0000000000000000

mem[X,0x00000000800000B4] -> 0x5793
mem[X,0x00000000800000B6] -> 0x039E
[45] [M]: 0x00000000800000B4 (0x039E5793) srli x15, x28, 0x39                       rvtest_init+180
x15 <- 0x0000000000000000

clint mtime 0x0000000000000017 (mip.MTI <- 0b1, mip.STI <- 0b0)
mem[X,0x00000000800000B8] -> 0xEEB3
mem[X,0x00000000800000BA] -> 0x00FE
[46] [M]: 0x00000000800000B8 (0x00FEEEB3) or x29, x29, x15                          rvtest_init+184
x29 <- 0x0000000000000000

mem[X,0x00000000800000BC] -> 0xDF13
mem[X,0x00000000800000BE] -> 0x007E
[47] [M]: 0x00000000800000BC (0x007EDF13) srli x30, x29, 0x7                        rvtest_init+188
x30 <- 0x0000000000000000

clint mtime 0x0000000000000018 (mip.MTI <- 0b1, mip.STI <- 0b0)
mem[X,0x00000000800000C0] -> 0xD793
mem[X,0x00000000800000C2] -> 0x039E
[48] [M]: 0x00000000800000C0 (0x039ED793) srli x15, x29, 0x39                       rvtest_init+192
x15 <- 0x0000000000000000

mem[X,0x00000000800000C4] -> 0x6F33
mem[X,0x00000000800000C6] -> 0x00FF
[49] [M]: 0x00000000800000C4 (0x00FF6F33) or x30, x30, x15                          rvtest_init+196
x30 <- 0x0000000000000000

clint mtime 0x0000000000000019 (mip.MTI <- 0b1, mip.STI <- 0b0)
mem[X,0x00000000800000C8] -> 0xC0B7
mem[X,0x00000000800000CA] -> 0xFEED
[50] [M]: 0x00000000800000C8 (0xFEEDC0B7) lui x1, -0x1124                           rvtest_init+200
x1 <- 0xFFFFFFFFFEEDC000

mem[X,0x00000000800000CC] -> 0x8093
mem[X,0x00000000800000CE] -> 0xEAD0
[51] [M]: 0x00000000800000CC (0xEAD08093) addi x1, x1, -0x153                       rvtest_init+204
x1 <- 0xFFFFFFFFFEEDBEAD

clint mtime 0x000000000000001A (mip.MTI <- 0b1, mip.STI <- 0b0)
mem[X,0x00000000800000D0] -> 0x9093
mem[X,0x00000000800000D2] -> 0x00B0
[52] [M]: 0x00000000800000D0 (0x00B09093) slli x1, x1, 0xb                          rvtest_init+208
x1 <- 0xFFFFFFF76DF56800

mem[X,0x00000000800000D4] -> 0x8093
mem[X,0x00000000800000D6] -> 0x7F70
[53] [M]: 0x00000000800000D4 (0x7F708093) addi x1, x1, 0x7f7                        rvtest_init+212
x1 <- 0xFFFFFFF76DF56FF7

clint mtime 0x000000000000001B (mip.MTI <- 0b1, mip.STI <- 0b0)
mem[X,0x00000000800000D8] -> 0x9093
mem[X,0x00000000800000DA] -> 0x00B0
[54] [M]: 0x00000000800000D8 (0x00B09093) slli x1, x1, 0xb                          rvtest_init+216
x1 <- 0xFFFFBB6FAB7FB800

mem[X,0x00000000800000DC] -> 0x8093
mem[X,0x00000000800000DE] -> 0x36F0
[55] [M]: 0x00000000800000DC (0x36F08093) addi x1, x1, 0x36f                        rvtest_init+220
x1 <- 0xFFFFBB6FAB7FBB6F

clint mtime 0x000000000000001C (mip.MTI <- 0b1, mip.STI <- 0b0)
mem[X,0x00000000800000E0] -> 0x9093
mem[X,0x00000000800000E2] -> 0x00A0
[56] [M]: 0x00000000800000E0 (0x00A09093) slli x1, x1, 0xa                          rvtest_init+224
x1 <- 0xFEEDBEADFEEDBC00

mem[X,0x00000000800000E4] -> 0x8093
mem[X,0x00000000800000E6] -> 0x2AD0
[57] [M]: 0x00000000800000E4 (0x2AD08093) addi x1, x1, 0x2ad                        rvtest_init+228
x1 <- 0xFEEDBEADFEEDBEAD

clint mtime 0x000000000000001D (mip.MTI <- 0b1, mip.STI <- 0b0)
mem[X,0x00000000800000E8] -> 0xD113
mem[X,0x00000000800000EA] -> 0x0070
[58] [M]: 0x00000000800000E8 (0x0070D113) srli x2, x1, 0x7                          rvtest_init+232
x2 <- 0x01FDDB7D5BFDDB7D

mem[X,0x00000000800000EC] -> 0xD793
mem[X,0x00000000800000EE] -> 0x0390
[59] [M]: 0x00000000800000EC (0x0390D793) srli x15, x1, 0x39                        rvtest_init+236
x15 <- 0x000000000000007F

clint mtime 0x000000000000001E (mip.MTI <- 0b1, mip.STI <- 0b0)
mem[X,0x00000000800000F0] -> 0x6133
mem[X,0x00000000800000F2] -> 0x00F1
[60] [M]: 0x00000000800000F0 (0x00F16133) or x2, x2, x15                            rvtest_init+240
x2 <- 0x01FDDB7D5BFDDB7F

mem[X,0x00000000800000F4] -> 0x5193
mem[X,0x00000000800000F6] -> 0x0071
[61] [M]: 0x00000000800000F4 (0x00715193) srli x3, x2, 0x7                          rvtest_init+244
x3 <- 0x0003FBB6FAB7FBB6

clint mtime 0x000000000000001F (mip.MTI <- 0b1, mip.STI <- 0b0)
mem[X,0x00000000800000F8] -> 0x5793
mem[X,0x00000000800000FA] -> 0x0391
[62] [M]: 0x00000000800000F8 (0x03915793) srli x15, x2, 0x39                        rvtest_init+248
x15 <- 0x0000000000000000

mem[X,0x00000000800000FC] -> 0xE1B3
mem[X,0x00000000800000FE] -> 0x00F1
[63] [M]: 0x00000000800000FC (0x00F1E1B3) or x3, x3, x15                            rvtest_init+252
x3 <- 0x0003FBB6FAB7FBB6

clint mtime 0x0000000000000020 (mip.MTI <- 0b1, mip.STI <- 0b0)
mem[X,0x0000000080000100] -> 0xD213
mem[X,0x0000000080000102] -> 0x0071
[64] [M]: 0x0000000080000100 (0x0071D213) srli x4, x3, 0x7                          rvtest_init+256
x4 <- 0x000007F76DF56FF7

mem[X,0x0000000080000104] -> 0xD793
mem[X,0x0000000080000106] -> 0x0391
[65] [M]: 0x0000000080000104 (0x0391D793) srli x15, x3, 0x39                        rvtest_init+260
x15 <- 0x0000000000000000

clint mtime 0x0000000000000021 (mip.MTI <- 0b1, mip.STI <- 0b0)
mem[X,0x0000000080000108] -> 0x6233
mem[X,0x000000008000010A] -> 0x00F2
[66] [M]: 0x0000000080000108 (0x00F26233) or x4, x4, x15                            rvtest_init+264
x4 <- 0x000007F76DF56FF7

mem[X,0x000000008000010C] -> 0x5293
mem[X,0x000000008000010E] -> 0x0072
[67] [M]: 0x000000008000010C (0x00725293) srli x5, x4, 0x7                          rvtest_init+268
x5 <- 0x0000000FEEDBEADF

clint mtime 0x0000000000000022 (mip.MTI <- 0b1, mip.STI <- 0b0)
mem[X,0x0000000080000110] -> 0x5793
mem[X,0x0000000080000112] -> 0x0392
[68] [M]: 0x0000000080000110 (0x03925793) srli x15, x4, 0x39                        rvtest_init+272
x15 <- 0x0000000000000000

mem[X,0x0000000080000114] -> 0xE2B3
mem[X,0x0000000080000116] -> 0x00F2
[69] [M]: 0x0000000080000114 (0x00F2E2B3) or x5, x5, x15                            rvtest_init+276
x5 <- 0x0000000FEEDBEADF

clint mtime 0x0000000000000023 (mip.MTI <- 0b1, mip.STI <- 0b0)
mem[X,0x0000000080000118] -> 0xD313
mem[X,0x000000008000011A] -> 0x0072
[70] [M]: 0x0000000080000118 (0x0072D313) srli x6, x5, 0x7                          rvtest_init+280
x6 <- 0x000000001FDDB7D5

mem[X,0x000000008000011C] -> 0xD793
mem[X,0x000000008000011E] -> 0x0392
[71] [M]: 0x000000008000011C (0x0392D793) srli x15, x5, 0x39                        rvtest_init+284
x15 <- 0x0000000000000000

clint mtime 0x0000000000000024 (mip.MTI <- 0b1, mip.STI <- 0b0)
mem[X,0x0000000080000120] -> 0x6333
mem[X,0x0000000080000122] -> 0x00F3
[72] [M]: 0x0000000080000120 (0x00F36333) or x6, x6, x15                            rvtest_init+288
x6 <- 0x000000001FDDB7D5

mem[X,0x0000000080000124] -> 0x5393
mem[X,0x0000000080000126] -> 0x0073
[73] [M]: 0x0000000080000124 (0x00735393) srli x7, x6, 0x7                          rvtest_init+292
x7 <- 0x00000000003FBB6F

clint mtime 0x0000000000000025 (mip.MTI <- 0b1, mip.STI <- 0b0)
mem[X,0x0000000080000128] -> 0x5793
mem[X,0x000000008000012A] -> 0x0393
[74] [M]: 0x0000000080000128 (0x03935793) srli x15, x6, 0x39                        rvtest_init+296
x15 <- 0x0000000000000000

mem[X,0x000000008000012C] -> 0xE3B3
mem[X,0x000000008000012E] -> 0x00F3
[75] [M]: 0x000000008000012C (0x00F3E3B3) or x7, x7, x15                            rvtest_init+300
x7 <- 0x00000000003FBB6F

clint mtime 0x0000000000000026 (mip.MTI <- 0b1, mip.STI <- 0b0)
mem[X,0x0000000080000130] -> 0xD413
mem[X,0x0000000080000132] -> 0x0073
[76] [M]: 0x0000000080000130 (0x0073D413) srli x8, x7, 0x7                          rvtest_init+304
x8 <- 0x0000000000007F76

mem[X,0x0000000080000134] -> 0xD793
mem[X,0x0000000080000136] -> 0x0393
[77] [M]: 0x0000000080000134 (0x0393D793) srli x15, x7, 0x39                        rvtest_init+308
x15 <- 0x0000000000000000

clint mtime 0x0000000000000027 (mip.MTI <- 0b1, mip.STI <- 0b0)
mem[X,0x0000000080000138] -> 0x6433
mem[X,0x000000008000013A] -> 0x00F4
[78] [M]: 0x0000000080000138 (0x00F46433) or x8, x8, x15                            rvtest_init+312
x8 <- 0x0000000000007F76

mem[X,0x000000008000013C] -> 0x5493
mem[X,0x000000008000013E] -> 0x0074
[79] [M]: 0x000000008000013C (0x00745493) srli x9, x8, 0x7                          rvtest_init+316
x9 <- 0x00000000000000FE

clint mtime 0x0000000000000028 (mip.MTI <- 0b1, mip.STI <- 0b0)
mem[X,0x0000000080000140] -> 0x5793
mem[X,0x0000000080000142] -> 0x0394
[80] [M]: 0x0000000080000140 (0x03945793) srli x15, x8, 0x39                        rvtest_init+320
x15 <- 0x0000000000000000

mem[X,0x0000000080000144] -> 0xE4B3
mem[X,0x0000000080000146] -> 0x00F4
[81] [M]: 0x0000000080000144 (0x00F4E4B3) or x9, x9, x15                            rvtest_init+324
x9 <- 0x00000000000000FE

clint mtime 0x0000000000000029 (mip.MTI <- 0b1, mip.STI <- 0b0)
mem[X,0x0000000080000148] -> 0xD513
mem[X,0x000000008000014A] -> 0x0074
[82] [M]: 0x0000000080000148 (0x0074D513) srli x10, x9, 0x7                         rvtest_init+328
x10 <- 0x0000000000000001

mem[X,0x000000008000014C] -> 0xD793
mem[X,0x000000008000014E] -> 0x0394
[83] [M]: 0x000000008000014C (0x0394D793) srli x15, x9, 0x39                        rvtest_init+332
x15 <- 0x0000000000000000

clint mtime 0x000000000000002A (mip.MTI <- 0b1, mip.STI <- 0b0)
mem[X,0x0000000080000150] -> 0x6533
mem[X,0x0000000080000152] -> 0x00F5
[84] [M]: 0x0000000080000150 (0x00F56533) or x10, x10, x15                          rvtest_init+336
x10 <- 0x0000000000000001

mem[X,0x0000000080000154] -> 0x5593
mem[X,0x0000000080000156] -> 0x0075
[85] [M]: 0x0000000080000154 (0x00755593) srli x11, x10, 0x7                        rvtest_init+340
x11 <- 0x0000000000000000

clint mtime 0x000000000000002B (mip.MTI <- 0b1, mip.STI <- 0b0)
mem[X,0x0000000080000158] -> 0x5793
mem[X,0x000000008000015A] -> 0x0395
[86] [M]: 0x0000000080000158 (0x03955793) srli x15, x10, 0x39                       rvtest_init+344
x15 <- 0x0000000000000000

mem[X,0x000000008000015C] -> 0xE5B3
mem[X,0x000000008000015E] -> 0x00F5
[87] [M]: 0x000000008000015C (0x00F5E5B3) or x11, x11, x15                          rvtest_init+348
x11 <- 0x0000000000000000

clint mtime 0x000000000000002C (mip.MTI <- 0b1, mip.STI <- 0b0)
mem[X,0x0000000080000160] -> 0xD613
mem[X,0x0000000080000162] -> 0x0075
[88] [M]: 0x0000000080000160 (0x0075D613) srli x12, x11, 0x7                        rvtest_init+352
x12 <- 0x0000000000000000

mem[X,0x0000000080000164] -> 0xD793
mem[X,0x0000000080000166] -> 0x0395
[89] [M]: 0x0000000080000164 (0x0395D793) srli x15, x11, 0x39                       rvtest_init+356
x15 <- 0x0000000000000000

clint mtime 0x000000000000002D (mip.MTI <- 0b1, mip.STI <- 0b0)
mem[X,0x0000000080000168] -> 0x6633
mem[X,0x000000008000016A] -> 0x00F6
[90] [M]: 0x0000000080000168 (0x00F66633) or x12, x12, x15                          rvtest_init+360
x12 <- 0x0000000000000000

mem[X,0x000000008000016C] -> 0x5693
mem[X,0x000000008000016E] -> 0x0076
[91] [M]: 0x000000008000016C (0x00765693) srli x13, x12, 0x7                        rvtest_init+364
x13 <- 0x0000000000000000

clint mtime 0x000000000000002E (mip.MTI <- 0b1, mip.STI <- 0b0)
mem[X,0x0000000080000170] -> 0x5793
mem[X,0x0000000080000172] -> 0x0396
[92] [M]: 0x0000000080000170 (0x03965793) srli x15, x12, 0x39                       rvtest_init+368
x15 <- 0x0000000000000000

mem[X,0x0000000080000174] -> 0xE6B3
mem[X,0x0000000080000176] -> 0x00F6
[93] [M]: 0x0000000080000174 (0x00F6E6B3) or x13, x13, x15                          rvtest_init+372
x13 <- 0x0000000000000000

clint mtime 0x000000000000002F (mip.MTI <- 0b1, mip.STI <- 0b0)
mem[X,0x0000000080000178] -> 0x0513
mem[X,0x000000008000017A] -> 0x0010
[94] [M]: 0x0000000080000178 (0x00100513) addi x10, x0, 0x1                         rvtest_code_begin+0
x10 <- 0x0000000000000001

mem[X,0x000000008000017C] -> 0x1513
mem[X,0x000000008000017E] -> 0x00D5
[95] [M]: 0x000000008000017C (0x00D51513) slli x10, x10, 0xd                        rvtest_code_begin+4
x10 <- 0x0000000000002000

clint mtime 0x0000000000000030 (mip.MTI <- 0b1, mip.STI <- 0b0)
mem[X,0x0000000080000180] -> 0x2073
mem[X,0x0000000080000182] -> 0x3005
[96] [M]: 0x0000000080000180 (0x30052073) csrrs x0, mstatus, x10                    rvtest_code_begin+8
CSR mstatus (0x300) <- 0x0000000A00002000

mem[X,0x0000000080000184] -> 0x5073
mem[X,0x0000000080000186] -> 0x0030
[97] [M]: 0x0000000080000184 (0x00305073) csrrwi x0, fcsr, 0x0                      rvtest_code_begin+12
CSR mstatus (0x300) <- 0x8000000A00006000
CSR fcsr (0x003) <- 0x0000000000000000

clint mtime 0x0000000000000031 (mip.MTI <- 0b1, mip.STI <- 0b0)
mem[X,0x0000000080000188] -> 0x0013
mem[X,0x000000008000018A] -> 0x0000
[98] [M]: 0x0000000080000188 (0x00000013) addi x0, x0, 0x0                          rvtest_code_begin+16

mem[X,0x000000008000018C] -> 0x0013
mem[X,0x000000008000018E] -> 0x0000
[99] [M]: 0x000000008000018C (0x00000013) addi x0, x0, 0x0                          rvtest_code_begin+20

clint mtime 0x0000000000000032 (mip.MTI <- 0b1, mip.STI <- 0b0)
mem[X,0x0000000080000190] -> 0x0013
mem[X,0x0000000080000192] -> 0x0000
[100] [M]: 0x0000000080000190 (0x00000013) addi x0, x0, 0x0                         rvtest_code_begin+24

mem[X,0x0000000080000194] -> 0x0013
mem[X,0x0000000080000196] -> 0x0000
[101] [M]: 0x0000000080000194 (0x00000013) addi x0, x0, 0x0                         rvtest_code_begin+28

clint mtime 0x0000000000000033 (mip.MTI <- 0b1, mip.STI <- 0b0)
mem[X,0x0000000080000198] -> 0x0013
mem[X,0x000000008000019A] -> 0x0000
[102] [M]: 0x0000000080000198 (0x00000013) addi x0, x0, 0x0                         rvtest_code_begin+32

mem[X,0x000000008000019C] -> 0x0013
mem[X,0x000000008000019E] -> 0x0000
[103] [M]: 0x000000008000019C (0x00000013) addi x0, x0, 0x0                         rvtest_code_begin+36

clint mtime 0x0000000000000034 (mip.MTI <- 0b1, mip.STI <- 0b0)
mem[X,0x00000000800001A0] -> 0x2317
mem[X,0x00000000800001A2] -> 0x0000
[104] [M]: 0x00000000800001A0 (0x00002317) auipc x6, 0x2                            rvtest_code_begin+40
x6 <- 0x00000000800021A0

mem[X,0x00000000800001A4] -> 0x0313
mem[X,0x00000000800001A6] -> 0xE703
[105] [M]: 0x00000000800001A4 (0xE7030313) addi x6, x6, -0x190                      rvtest_code_begin+44
x6 <- 0x0000000080002010

clint mtime 0x0000000000000035 (mip.MTI <- 0b1, mip.STI <- 0b0)
mem[X,0x00000000800001A8] -> 0x0013
mem[X,0x00000000800001AA] -> 0x0000
[106] [M]: 0x00000000800001A8 (0x00000013) addi x0, x0, 0x0                         rvtest_code_begin+48

mem[X,0x00000000800001AC] -> 0x0013
mem[X,0x00000000800001AE] -> 0x0000
[107] [M]: 0x00000000800001AC (0x00000013) addi x0, x0, 0x0                         rvtest_code_begin+52

clint mtime 0x0000000000000036 (mip.MTI <- 0b1, mip.STI <- 0b0)
mem[X,0x00000000800001B0] -> 0x0013
mem[X,0x00000000800001B2] -> 0x0000
[108] [M]: 0x00000000800001B0 (0x00000013) addi x0, x0, 0x0                         rvtest_code_begin+56

mem[X,0x00000000800001B4] -> 0x0013
mem[X,0x00000000800001B6] -> 0x0000
[109] [M]: 0x00000000800001B4 (0x00000013) addi x0, x0, 0x0                         rvtest_code_begin+60

clint mtime 0x0000000000000037 (mip.MTI <- 0b1, mip.STI <- 0b0)
mem[X,0x00000000800001B8] -> 0x0013
mem[X,0x00000000800001BA] -> 0x0000
[110] [M]: 0x00000000800001B8 (0x00000013) addi x0, x0, 0x0                         rvtest_code_begin+64

mem[X,0x00000000800001BC] -> 0x0013
mem[X,0x00000000800001BE] -> 0x0000
[111] [M]: 0x00000000800001BC (0x00000013) addi x0, x0, 0x0                         rvtest_code_begin+68

clint mtime 0x0000000000000038 (mip.MTI <- 0b1, mip.STI <- 0b0)
mem[X,0x00000000800001C0] -> 0x3117
mem[X,0x00000000800001C2] -> 0x0000
[112] [M]: 0x00000000800001C0 (0x00003117) auipc x2, 0x3                            rvtest_code_begin+72
x2 <- 0x00000000800031C0

mem[X,0x00000000800001C4] -> 0x0113
mem[X,0x00000000800001C6] -> 0xF581
[113] [M]: 0x00000000800001C4 (0xF5810113) addi x2, x2, -0xa8                       rvtest_code_begin+76
x2 <- 0x0000000080003118

clint mtime 0x0000000000000039 (mip.MTI <- 0b1, mip.STI <- 0b0)
mem[X,0x00000000800001C8] -> 0x0001
[114] [M]: 0x00000000800001C8 (0x0001) c.nop                                        rvtest_code_begin+80

mem[X,0x00000000800001CA] -> 0x0013
mem[X,0x00000000800001CC] -> 0x0000
[115] [M]: 0x00000000800001CA (0x00000013) addi x0, x0, 0x0                         rvtest_code_begin+82

clint mtime 0x000000000000003A (mip.MTI <- 0b1, mip.STI <- 0b0)
mem[X,0x00000000800001CE] -> 0x0013
mem[X,0x00000000800001D0] -> 0x0000
[116] [M]: 0x00000000800001CE (0x00000013) addi x0, x0, 0x0                         rvtest_code_begin+86

mem[X,0x00000000800001D2] -> 0x0013
mem[X,0x00000000800001D4] -> 0x0000
[117] [M]: 0x00000000800001D2 (0x00000013) addi x0, x0, 0x0                         rvtest_code_begin+90

clint mtime 0x000000000000003B (mip.MTI <- 0b1, mip.STI <- 0b0)
mem[X,0x00000000800001D6] -> 0x0013
mem[X,0x00000000800001D8] -> 0x0000
[118] [M]: 0x00000000800001D6 (0x00000013) addi x0, x0, 0x0                         rvtest_code_begin+94

mem[X,0x00000000800001DA] -> 0x0013
mem[X,0x00000000800001DC] -> 0x0000
[119] [M]: 0x00000000800001DA (0x00000013) addi x0, x0, 0x0                         rvtest_code_begin+98

clint mtime 0x000000000000003C (mip.MTI <- 0b1, mip.STI <- 0b0)
mem[X,0x00000000800001DE] -> 0x0001
[120] [M]: 0x00000000800001DE (0x0001) c.nop                                        rvtest_code_begin+102

mem[X,0x00000000800001E0] -> 0x3F07
mem[X,0x00000000800001E2] -> 0x0003
[121] [M]: 0x00000000800001E0 (0x00033F07) fld f30, 0x0(x6)                         inst_0+0
mem[R,0x0000000080002010] -> 0x43DFFFFFFFFFFFFC
f30 <- 0x43DFFFFFFFFFFFFC
CSR mstatus (0x300) <- 0x8000000A00006000

clint mtime 0x000000000000003D (mip.MTI <- 0b1, mip.STI <- 0b0)
mem[X,0x00000000800001E4] -> 0x0293
mem[X,0x00000000800001E6] -> 0x0000
[122] [M]: 0x00000000800001E4 (0x00000293) addi x5, x0, 0x0                         inst_0+4
x5 <- 0x0000000000000000

mem[X,0x00000000800001E8] -> 0x9073
mem[X,0x00000000800001EA] -> 0x0032
[123] [M]: 0x00000000800001E8 (0x00329073) csrrw x0, fcsr, x5                       inst_0+8
CSR mstatus (0x300) <- 0x8000000A00006000
CSR fcsr (0x003) <- 0x0000000000000000

clint mtime 0x000000000000003E (mip.MTI <- 0b1, mip.STI <- 0b0)
mem[X,0x00000000800001EC] -> 0x7FD3
mem[X,0x00000000800001EE] -> 0xC23F
[124] [M]: 0x00000000800001EC (0xC23F7FD3) fcvt.lu.d x31, f30, dyn                  inst_0+12
CSR fflags (0x001) <- 0x0000000000000000
CSR fcsr (0x003) <- 0x0000000000000000
x31 <- 0x7FFFFFFFFFFFF000

mem[X,0x00000000800001F0] -> 0x2673
mem[X,0x00000000800001F2] -> 0x0030
[125] [M]: 0x00000000800001F0 (0x00302673) csrrs x12, fcsr, x0                      inst_0+16
CSR fcsr (0x003) -> 0x0000000000000000
x12 <- 0x0000000000000000

clint mtime 0x000000000000003F (mip.MTI <- 0b1, mip.STI <- 0b0)
mem[X,0x00000000800001F4] -> 0x3023
mem[X,0x00000000800001F6] -> 0x01F1
[126] [M]: 0x00000000800001F4 (0x01F13023) sd x31, 0x0(x2)                          inst_0+20
mem[W,0x0000000080003118] <- 0x7FFFFFFFFFFFF000

mem[X,0x00000000800001F8] -> 0x3423
mem[X,0x00000000800001FA] -> 0x00C1
[127] [M]: 0x00000000800001F8 (0x00C13423) sd x12, 0x8(x2)                          inst_0+24
mem[W,0x0000000080003120] <- 0x0000000000000000

clint mtime 0x0000000000000040 (mip.MTI <- 0b1, mip.STI <- 0b0)
mem[X,0x00000000800001FC] -> 0x3E07
mem[X,0x00000000800001FE] -> 0x0083
[128] [M]: 0x00000000800001FC (0x00833E07) fld f28, 0x8(x6)                         inst_1+0
mem[R,0x0000000080002018] -> 0x43DFFFFFFFFFFFFC
f28 <- 0x43DFFFFFFFFFFFFC
CSR mstatus (0x300) <- 0x8000000A00006000

mem[X,0x0000000080000200] -> 0x0293
mem[X,0x0000000080000202] -> 0x0200
[129] [M]: 0x0000000080000200 (0x02000293) addi x5, x0, 0x20                        inst_1+4
x5 <- 0x0000000000000020

clint mtime 0x0000000000000041 (mip.MTI <- 0b1, mip.STI <- 0b0)
mem[X,0x0000000080000204] -> 0x9073
mem[X,0x0000000080000206] -> 0x0032
[130] [M]: 0x0000000080000204 (0x00329073) csrrw x0, fcsr, x5                       inst_1+8
CSR mstatus (0x300) <- 0x8000000A00006000
CSR fcsr (0x003) <- 0x0000000000000020

mem[X,0x0000000080000208] -> 0x76D3
mem[X,0x000000008000020A] -> 0xC23E
[131] [M]: 0x0000000080000208 (0xC23E76D3) fcvt.lu.d x13, f28, dyn                  inst_1+12
CSR fflags (0x001) <- 0x0000000000000000
CSR fcsr (0x003) <- 0x0000000000000020
x13 <- 0x7FFFFFFFFFFFF000

clint mtime 0x0000000000000042 (mip.MTI <- 0b1, mip.STI <- 0b0)
mem[X,0x000000008000020C] -> 0x2673
mem[X,0x000000008000020E] -> 0x0030
[132] [M]: 0x000000008000020C (0x00302673) csrrs x12, fcsr, x0                      inst_1+16
CSR fcsr (0x003) -> 0x0000000000000020
x12 <- 0x0000000000000020

mem[X,0x0000000080000210] -> 0x3823
mem[X,0x0000000080000212] -> 0x00D1
[133] [M]: 0x0000000080000210 (0x00D13823) sd x13, 0x10(x2)                         inst_1+20
mem[W,0x0000000080003128] <- 0x7FFFFFFFFFFFF000

clint mtime 0x0000000000000043 (mip.MTI <- 0b1, mip.STI <- 0b0)
mem[X,0x0000000080000214] -> 0x3C23
mem[X,0x0000000080000216] -> 0x00C1
[134] [M]: 0x0000000080000214 (0x00C13C23) sd x12, 0x18(x2)                         inst_1+24
mem[W,0x0000000080003130] <- 0x0000000000000020

mem[X,0x0000000080000218] -> 0x3587
mem[X,0x000000008000021A] -> 0x0103
[135] [M]: 0x0000000080000218 (0x01033587) fld f11, 0x10(x6)                        inst_2+0
mem[R,0x0000000080002020] -> 0x43DFFFFFFFFFFFFC
f11 <- 0x43DFFFFFFFFFFFFC
CSR mstatus (0x300) <- 0x8000000A00006000

clint mtime 0x0000000000000044 (mip.MTI <- 0b1, mip.STI <- 0b0)
mem[X,0x000000008000021C] -> 0x0293
mem[X,0x000000008000021E] -> 0x0400
[136] [M]: 0x000000008000021C (0x04000293) addi x5, x0, 0x40                        inst_2+4
x5 <- 0x0000000000000040

mem[X,0x0000000080000220] -> 0x9073
mem[X,0x0000000080000222] -> 0x0032
[137] [M]: 0x0000000080000220 (0x00329073) csrrw x0, fcsr, x5                       inst_2+8
CSR mstatus (0x300) <- 0x8000000A00006000
CSR fcsr (0x003) <- 0x0000000000000040

clint mtime 0x0000000000000045 (mip.MTI <- 0b1, mip.STI <- 0b0)
mem[X,0x0000000080000224] -> 0xF253
mem[X,0x0000000080000226] -> 0xC235
[138] [M]: 0x0000000080000224 (0xC235F253) fcvt.lu.d x4, f11, dyn                   inst_2+12
CSR fflags (0x001) <- 0x0000000000000000
CSR fcsr (0x003) <- 0x0000000000000040
x4 <- 0x7FFFFFFFFFFFF000

mem[X,0x0000000080000228] -> 0x2673
mem[X,0x000000008000022A] -> 0x0030
[139] [M]: 0x0000000080000228 (0x00302673) csrrs x12, fcsr, x0                      inst_2+16
CSR fcsr (0x003) -> 0x0000000000000040
x12 <- 0x0000000000000040

clint mtime 0x0000000000000046 (mip.MTI <- 0b1, mip.STI <- 0b0)
mem[X,0x000000008000022C] -> 0x3023
mem[X,0x000000008000022E] -> 0x0241
[140] [M]: 0x000000008000022C (0x02413023) sd x4, 0x20(x2)                          inst_2+20
mem[W,0x0000000080003138] <- 0x7FFFFFFFFFFFF000

mem[X,0x0000000080000230] -> 0x3423
mem[X,0x0000000080000232] -> 0x02C1
[141] [M]: 0x0000000080000230 (0x02C13423) sd x12, 0x28(x2)                         inst_2+24
mem[W,0x0000000080003140] <- 0x0000000000000040

clint mtime 0x0000000000000047 (mip.MTI <- 0b1, mip.STI <- 0b0)
mem[X,0x0000000080000234] -> 0x3087
mem[X,0x0000000080000236] -> 0x0183
[142] [M]: 0x0000000080000234 (0x01833087) fld f1, 0x18(x6)                         inst_3+0
mem[R,0x0000000080002028] -> 0x43DFFFFFFFFFFFFC
f1 <- 0x43DFFFFFFFFFFFFC
CSR mstatus (0x300) <- 0x8000000A00006000

mem[X,0x0000000080000238] -> 0x0293
mem[X,0x000000008000023A] -> 0x0600
[143] [M]: 0x0000000080000238 (0x06000293) addi x5, x0, 0x60                        inst_3+4
x5 <- 0x0000000000000060

clint mtime 0x0000000000000048 (mip.MTI <- 0b1, mip.STI <- 0b0)
mem[X,0x000000008000023C] -> 0x9073
mem[X,0x000000008000023E] -> 0x0032
[144] [M]: 0x000000008000023C (0x00329073) csrrw x0, fcsr, x5                       inst_3+8
CSR mstatus (0x300) <- 0x8000000A00006000
CSR fcsr (0x003) <- 0x0000000000000060

mem[X,0x0000000080000240] -> 0xF9D3
mem[X,0x0000000080000242] -> 0xC230
[145] [M]: 0x0000000080000240 (0xC230F9D3) fcvt.lu.d x19, f1, dyn                   inst_3+12
CSR fflags (0x001) <- 0x0000000000000000
CSR fcsr (0x003) <- 0x0000000000000060
x19 <- 0x7FFFFFFFFFFFF000

clint mtime 0x0000000000000049 (mip.MTI <- 0b1, mip.STI <- 0b0)
mem[X,0x0000000080000244] -> 0x2673
mem[X,0x0000000080000246] -> 0x0030
[146] [M]: 0x0000000080000244 (0x00302673) csrrs x12, fcsr, x0                      inst_3+16
CSR fcsr (0x003) -> 0x0000000000000060
x12 <- 0x0000000000000060

mem[X,0x0000000080000248] -> 0x3823
mem[X,0x000000008000024A] -> 0x0331
[147] [M]: 0x0000000080000248 (0x03313823) sd x19, 0x30(x2)                         inst_3+20
mem[W,0x0000000080003148] <- 0x7FFFFFFFFFFFF000

clint mtime 0x000000000000004A (mip.MTI <- 0b1, mip.STI <- 0b0)
mem[X,0x000000008000024C] -> 0x3C23
mem[X,0x000000008000024E] -> 0x02C1
[148] [M]: 0x000000008000024C (0x02C13C23) sd x12, 0x38(x2)                         inst_3+24
mem[W,0x0000000080003150] <- 0x0000000000000060

mem[X,0x0000000080000250] -> 0x3887
mem[X,0x0000000080000252] -> 0x0203
[149] [M]: 0x0000000080000250 (0x02033887) fld f17, 0x20(x6)                        inst_4+0
mem[R,0x0000000080002030] -> 0x43DFFFFFFFFFFFFC
f17 <- 0x43DFFFFFFFFFFFFC
CSR mstatus (0x300) <- 0x8000000A00006000

clint mtime 0x000000000000004B (mip.MTI <- 0b1, mip.STI <- 0b0)
mem[X,0x0000000080000254] -> 0x0293
mem[X,0x0000000080000256] -> 0x0800
[150] [M]: 0x0000000080000254 (0x08000293) addi x5, x0, 0x80                        inst_4+4
x5 <- 0x0000000000000080

mem[X,0x0000000080000258] -> 0x9073
mem[X,0x000000008000025A] -> 0x0032
[151] [M]: 0x0000000080000258 (0x00329073) csrrw x0, fcsr, x5                       inst_4+8
CSR mstatus (0x300) <- 0x8000000A00006000
CSR fcsr (0x003) <- 0x0000000000000080

clint mtime 0x000000000000004C (mip.MTI <- 0b1, mip.STI <- 0b0)
mem[X,0x000000008000025C] -> 0xF0D3
mem[X,0x000000008000025E] -> 0xC238
[152] [M]: 0x000000008000025C (0xC238F0D3) fcvt.lu.d x1, f17, dyn                   inst_4+12
CSR fflags (0x001) <- 0x0000000000000000
CSR fcsr (0x003) <- 0x0000000000000080
x1 <- 0x7FFFFFFFFFFFF000

mem[X,0x0000000080000260] -> 0x2673
mem[X,0x0000000080000262] -> 0x0030
[153] [M]: 0x0000000080000260 (0x00302673) csrrs x12, fcsr, x0                      inst_4+16
CSR fcsr (0x003) -> 0x0000000000000080
x12 <- 0x0000000000000080

clint mtime 0x000000000000004D (mip.MTI <- 0b1, mip.STI <- 0b0)
mem[X,0x0000000080000264] -> 0x3023
mem[X,0x0000000080000266] -> 0x0411
[154] [M]: 0x0000000080000264 (0x04113023) sd x1, 0x40(x2)                          inst_4+20
mem[W,0x0000000080003158] <- 0x7FFFFFFFFFFFF000

mem[X,0x0000000080000268] -> 0x3423
mem[X,0x000000008000026A] -> 0x04C1
[155] [M]: 0x0000000080000268 (0x04C13423) sd x12, 0x48(x2)                         inst_4+24
mem[W,0x0000000080003160] <- 0x0000000000000080

clint mtime 0x000000000000004E (mip.MTI <- 0b1, mip.STI <- 0b0)
mem[X,0x000000008000026C] -> 0x3707
mem[X,0x000000008000026E] -> 0x0283
[156] [M]: 0x000000008000026C (0x02833707) fld f14, 0x28(x6)                        inst_5+0
mem[R,0x0000000080002038] -> 0x43DFFFFFFFFFFFFD
f14 <- 0x43DFFFFFFFFFFFFD
CSR mstatus (0x300) <- 0x8000000A00006000

mem[X,0x0000000080000270] -> 0x0293
mem[X,0x0000000080000272] -> 0x0000
[157] [M]: 0x0000000080000270 (0x00000293) addi x5, x0, 0x0                         inst_5+4
x5 <- 0x0000000000000000

clint mtime 0x000000000000004F (mip.MTI <- 0b1, mip.STI <- 0b0)
mem[X,0x0000000080000274] -> 0x9073
mem[X,0x0000000080000276] -> 0x0032
[158] [M]: 0x0000000080000274 (0x00329073) csrrw x0, fcsr, x5                       inst_5+8
CSR mstatus (0x300) <- 0x8000000A00006000
CSR fcsr (0x003) <- 0x0000000000000000

mem[X,0x0000000080000278] -> 0x74D3
mem[X,0x000000008000027A] -> 0xC237
[159] [M]: 0x0000000080000278 (0xC23774D3) fcvt.lu.d x9, f14, dyn                   inst_5+12
CSR fflags (0x001) <- 0x0000000000000000
CSR fcsr (0x003) <- 0x0000000000000000
x9 <- 0x7FFFFFFFFFFFF400

clint mtime 0x0000000000000050 (mip.MTI <- 0b1, mip.STI <- 0b0)
mem[X,0x000000008000027C] -> 0x2673
mem[X,0x000000008000027E] -> 0x0030
[160] [M]: 0x000000008000027C (0x00302673) csrrs x12, fcsr, x0                      inst_5+16
CSR fcsr (0x003) -> 0x0000000000000000
x12 <- 0x0000000000000000

mem[X,0x0000000080000280] -> 0x3823
mem[X,0x0000000080000282] -> 0x0491
[161] [M]: 0x0000000080000280 (0x04913823) sd x9, 0x50(x2)                          inst_5+20
mem[W,0x0000000080003168] <- 0x7FFFFFFFFFFFF400

clint mtime 0x0000000000000051 (mip.MTI <- 0b1, mip.STI <- 0b0)
mem[X,0x0000000080000284] -> 0x3C23
mem[X,0x0000000080000286] -> 0x04C1
[162] [M]: 0x0000000080000284 (0x04C13C23) sd x12, 0x58(x2)                         inst_5+24
mem[W,0x0000000080003170] <- 0x0000000000000000

mem[X,0x0000000080000288] -> 0x3C07
mem[X,0x000000008000028A] -> 0x0303
[163] [M]: 0x0000000080000288 (0x03033C07) fld f24, 0x30(x6)                        inst_6+0
mem[R,0x0000000080002040] -> 0x43DFFFFFFFFFFFFD
f24 <- 0x43DFFFFFFFFFFFFD
CSR mstatus (0x300) <- 0x8000000A00006000

clint mtime 0x0000000000000052 (mip.MTI <- 0b1, mip.STI <- 0b0)
mem[X,0x000000008000028C] -> 0x0293
mem[X,0x000000008000028E] -> 0x0200
[164] [M]: 0x000000008000028C (0x02000293) addi x5, x0, 0x20                        inst_6+4
x5 <- 0x0000000000000020

mem[X,0x0000000080000290] -> 0x9073
mem[X,0x0000000080000292] -> 0x0032
[165] [M]: 0x0000000080000290 (0x00329073) csrrw x0, fcsr, x5                       inst_6+8
CSR mstatus (0x300) <- 0x8000000A00006000
CSR fcsr (0x003) <- 0x0000000000000020

clint mtime 0x0000000000000053 (mip.MTI <- 0b1, mip.STI <- 0b0)
mem[X,0x0000000080000294] -> 0x7953
mem[X,0x0000000080000296] -> 0xC23C
[166] [M]: 0x0000000080000294 (0xC23C7953) fcvt.lu.d x18, f24, dyn                  inst_6+12
CSR fflags (0x001) <- 0x0000000000000000
CSR fcsr (0x003) <- 0x0000000000000020
x18 <- 0x7FFFFFFFFFFFF400

mem[X,0x0000000080000298] -> 0x2673
mem[X,0x000000008000029A] -> 0x0030
[167] [M]: 0x0000000080000298 (0x00302673) csrrs x12, fcsr, x0                      inst_6+16
CSR fcsr (0x003) -> 0x0000000000000020
x12 <- 0x0000000000000020

clint mtime 0x0000000000000054 (mip.MTI <- 0b1, mip.STI <- 0b0)
mem[X,0x000000008000029C] -> 0x3023
mem[X,0x000000008000029E] -> 0x0721
[168] [M]: 0x000000008000029C (0x07213023) sd x18, 0x60(x2)                         inst_6+20
mem[W,0x0000000080003178] <- 0x7FFFFFFFFFFFF400

mem[X,0x00000000800002A0] -> 0x3423
mem[X,0x00000000800002A2] -> 0x06C1
[169] [M]: 0x00000000800002A0 (0x06C13423) sd x12, 0x68(x2)                         inst_6+24
mem[W,0x0000000080003180] <- 0x0000000000000020

clint mtime 0x0000000000000055 (mip.MTI <- 0b1, mip.STI <- 0b0)
mem[X,0x00000000800002A4] -> 0x3787
mem[X,0x00000000800002A6] -> 0x0383
[170] [M]: 0x00000000800002A4 (0x03833787) fld f15, 0x38(x6)                        inst_7+0
mem[R,0x0000000080002048] -> 0x43DFFFFFFFFFFFFD
f15 <- 0x43DFFFFFFFFFFFFD
CSR mstatus (0x300) <- 0x8000000A00006000

mem[X,0x00000000800002A8] -> 0x0293
mem[X,0x00000000800002AA] -> 0x0400
[171] [M]: 0x00000000800002A8 (0x04000293) addi x5, x0, 0x40                        inst_7+4
x5 <- 0x0000000000000040

clint mtime 0x0000000000000056 (mip.MTI <- 0b1, mip.STI <- 0b0)
mem[X,0x00000000800002AC] -> 0x9073
mem[X,0x00000000800002AE] -> 0x0032
[172] [M]: 0x00000000800002AC (0x00329073) csrrw x0, fcsr, x5                       inst_7+8
CSR mstatus (0x300) <- 0x8000000A00006000
CSR fcsr (0x003) <- 0x0000000000000040

mem[X,0x00000000800002B0] -> 0xFA53
mem[X,0x00000000800002B2] -> 0xC237
[173] [M]: 0x00000000800002B0 (0xC237FA53) fcvt.lu.d x20, f15, dyn                  inst_7+12
CSR fflags (0x001) <- 0x0000000000000000
CSR fcsr (0x003) <- 0x0000000000000040
x20 <- 0x7FFFFFFFFFFFF400

clint mtime 0x0000000000000057 (mip.MTI <- 0b1, mip.STI <- 0b0)
mem[X,0x00000000800002B4] -> 0x2673
mem[X,0x00000000800002B6] -> 0x0030
[174] [M]: 0x00000000800002B4 (0x00302673) csrrs x12, fcsr, x0                      inst_7+16
CSR fcsr (0x003) -> 0x0000000000000040
x12 <- 0x0000000000000040

mem[X,0x00000000800002B8] -> 0x3823
mem[X,0x00000000800002BA] -> 0x0741
[175] [M]: 0x00000000800002B8 (0x07413823) sd x20, 0x70(x2)                         inst_7+20
mem[W,0x0000000080003188] <- 0x7FFFFFFFFFFFF400

clint mtime 0x0000000000000058 (mip.MTI <- 0b1, mip.STI <- 0b0)
mem[X,0x00000000800002BC] -> 0x3C23
mem[X,0x00000000800002BE] -> 0x06C1
[176] [M]: 0x00000000800002BC (0x06C13C23) sd x12, 0x78(x2)                         inst_7+24
mem[W,0x0000000080003190] <- 0x0000000000000040

mem[X,0x00000000800002C0] -> 0x3987
mem[X,0x00000000800002C2] -> 0x0403
[177] [M]: 0x00000000800002C0 (0x04033987) fld f19, 0x40(x6)                        inst_8+0
mem[R,0x0000000080002050] -> 0x43DFFFFFFFFFFFFD
f19 <- 0x43DFFFFFFFFFFFFD
CSR mstatus (0x300) <- 0x8000000A00006000

clint mtime 0x0000000000000059 (mip.MTI <- 0b1, mip.STI <- 0b0)
mem[X,0x00000000800002C4] -> 0x0293
mem[X,0x00000000800002C6] -> 0x0600
[178] [M]: 0x00000000800002C4 (0x06000293) addi x5, x0, 0x60                        inst_8+4
x5 <- 0x0000000000000060

mem[X,0x00000000800002C8] -> 0x9073
mem[X,0x00000000800002CA] -> 0x0032
[179] [M]: 0x00000000800002C8 (0x00329073) csrrw x0, fcsr, x5                       inst_8+8
CSR mstatus (0x300) <- 0x8000000A00006000
CSR fcsr (0x003) <- 0x0000000000000060

clint mtime 0x000000000000005A (mip.MTI <- 0b1, mip.STI <- 0b0)
mem[X,0x00000000800002CC] -> 0xF053
mem[X,0x00000000800002CE] -> 0xC239
[180] [M]: 0x00000000800002CC (0xC239F053) fcvt.lu.d x0, f19, dyn                   inst_8+12
CSR fflags (0x001) <- 0x0000000000000000
CSR fcsr (0x003) <- 0x0000000000000060

mem[X,0x00000000800002D0] -> 0x2673
mem[X,0x00000000800002D2] -> 0x0030
[181] [M]: 0x00000000800002D0 (0x00302673) csrrs x12, fcsr, x0                      inst_8+16
CSR fcsr (0x003) -> 0x0000000000000060
x12 <- 0x0000000000000060

clint mtime 0x000000000000005B (mip.MTI <- 0b1, mip.STI <- 0b0)
mem[X,0x00000000800002D4] -> 0x3023
mem[X,0x00000000800002D6] -> 0x0801
[182] [M]: 0x00000000800002D4 (0x08013023) sd x0, 0x80(x2)                          inst_8+20
mem[W,0x0000000080003198] <- 0x0000000000000000

mem[X,0x00000000800002D8] -> 0x3423
mem[X,0x00000000800002DA] -> 0x08C1
[183] [M]: 0x00000000800002D8 (0x08C13423) sd x12, 0x88(x2)                         inst_8+24
mem[W,0x00000000800031A0] <- 0x0000000000000060

clint mtime 0x000000000000005C (mip.MTI <- 0b1, mip.STI <- 0b0)
mem[X,0x00000000800002DC] -> 0x3D07
mem[X,0x00000000800002DE] -> 0x0483
[184] [M]: 0x00000000800002DC (0x04833D07) fld f26, 0x48(x6)                        inst_9+0
mem[R,0x0000000080002058] -> 0x43DFFFFFFFFFFFFD
f26 <- 0x43DFFFFFFFFFFFFD
CSR mstatus (0x300) <- 0x8000000A00006000

mem[X,0x00000000800002E0] -> 0x0293
mem[X,0x00000000800002E2] -> 0x0800
[185] [M]: 0x00000000800002E0 (0x08000293) addi x5, x0, 0x80                        inst_9+4
x5 <- 0x0000000000000080

clint mtime 0x000000000000005D (mip.MTI <- 0b1, mip.STI <- 0b0)
mem[X,0x00000000800002E4] -> 0x9073
mem[X,0x00000000800002E6] -> 0x0032
[186] [M]: 0x00000000800002E4 (0x00329073) csrrw x0, fcsr, x5                       inst_9+8
CSR mstatus (0x300) <- 0x8000000A00006000
CSR fcsr (0x003) <- 0x0000000000000080

mem[X,0x00000000800002E8] -> 0x7AD3
mem[X,0x00000000800002EA] -> 0xC23D
[187] [M]: 0x00000000800002E8 (0xC23D7AD3) fcvt.lu.d x21, f26, dyn                  inst_9+12
CSR fflags (0x001) <- 0x0000000000000000
CSR fcsr (0x003) <- 0x0000000000000080
x21 <- 0x7FFFFFFFFFFFF400

clint mtime 0x000000000000005E (mip.MTI <- 0b1, mip.STI <- 0b0)
mem[X,0x00000000800002EC] -> 0x2673
mem[X,0x00000000800002EE] -> 0x0030
[188] [M]: 0x00000000800002EC (0x00302673) csrrs x12, fcsr, x0                      inst_9+16
CSR fcsr (0x003) -> 0x0000000000000080
x12 <- 0x0000000000000080

mem[X,0x00000000800002F0] -> 0x3823
mem[X,0x00000000800002F2] -> 0x0951
[189] [M]: 0x00000000800002F0 (0x09513823) sd x21, 0x90(x2)                         inst_9+20
mem[W,0x00000000800031A8] <- 0x7FFFFFFFFFFFF400

clint mtime 0x000000000000005F (mip.MTI <- 0b1, mip.STI <- 0b0)
mem[X,0x00000000800002F4] -> 0x3C23
mem[X,0x00000000800002F6] -> 0x08C1
[190] [M]: 0x00000000800002F4 (0x08C13C23) sd x12, 0x98(x2)                         inst_9+24
mem[W,0x00000000800031B0] <- 0x0000000000000080

mem[X,0x00000000800002F8] -> 0x3007
mem[X,0x00000000800002FA] -> 0x0503
[191] [M]: 0x00000000800002F8 (0x05033007) fld f0, 0x50(x6)                         inst_10+0
mem[R,0x0000000080002060] -> 0x43DFFFFFFFFFFFFE
f0 <- 0x43DFFFFFFFFFFFFE
CSR mstatus (0x300) <- 0x8000000A00006000

clint mtime 0x0000000000000060 (mip.MTI <- 0b1, mip.STI <- 0b0)
mem[X,0x00000000800002FC] -> 0x0293
mem[X,0x00000000800002FE] -> 0x0000
[192] [M]: 0x00000000800002FC (0x00000293) addi x5, x0, 0x0                         inst_10+4
x5 <- 0x0000000000000000

mem[X,0x0000000080000300] -> 0x9073
mem[X,0x0000000080000302] -> 0x0032
[193] [M]: 0x0000000080000300 (0x00329073) csrrw x0, fcsr, x5                       inst_10+8
CSR mstatus (0x300) <- 0x8000000A00006000
CSR fcsr (0x003) <- 0x0000000000000000

clint mtime 0x0000000000000061 (mip.MTI <- 0b1, mip.STI <- 0b0)
mem[X,0x0000000080000304] -> 0x7853
mem[X,0x0000000080000306] -> 0xC230
[194] [M]: 0x0000000080000304 (0xC2307853) fcvt.lu.d x16, f0, dyn                   inst_10+12
CSR fflags (0x001) <- 0x0000000000000000
CSR fcsr (0x003) <- 0x0000000000000000
x16 <- 0x7FFFFFFFFFFFF800

mem[X,0x0000000080000308] -> 0x2673
mem[X,0x000000008000030A] -> 0x0030
[195] [M]: 0x0000000080000308 (0x00302673) csrrs x12, fcsr, x0                      inst_10+16
CSR fcsr (0x003) -> 0x0000000000000000
x12 <- 0x0000000000000000

clint mtime 0x0000000000000062 (mip.MTI <- 0b1, mip.STI <- 0b0)
mem[X,0x000000008000030C] -> 0x3023
mem[X,0x000000008000030E] -> 0x0B01
[196] [M]: 0x000000008000030C (0x0B013023) sd x16, 0xa0(x2)                         inst_10+20
mem[W,0x00000000800031B8] <- 0x7FFFFFFFFFFFF800

mem[X,0x0000000080000310] -> 0x3423
mem[X,0x0000000080000312] -> 0x0AC1
[197] [M]: 0x0000000080000310 (0x0AC13423) sd x12, 0xa8(x2)                         inst_10+24
mem[W,0x00000000800031C0] <- 0x0000000000000000

clint mtime 0x0000000000000063 (mip.MTI <- 0b1, mip.STI <- 0b0)
mem[X,0x0000000080000314] -> 0x3487
mem[X,0x0000000080000316] -> 0x0583
[198] [M]: 0x0000000080000314 (0x05833487) fld f9, 0x58(x6)                         inst_11+0
mem[R,0x0000000080002068] -> 0x43DFFFFFFFFFFFFE
f9 <- 0x43DFFFFFFFFFFFFE
CSR mstatus (0x300) <- 0x8000000A00006000

mem[X,0x0000000080000318] -> 0x0293
mem[X,0x000000008000031A] -> 0x0200
[199] [M]: 0x0000000080000318 (0x02000293) addi x5, x0, 0x20                        inst_11+4
x5 <- 0x0000000000000020

clint mtime 0x0000000000000064 (mip.MTI <- 0b1, mip.STI <- 0b0)
mem[X,0x000000008000031C] -> 0x9073
mem[X,0x000000008000031E] -> 0x0032
[200] [M]: 0x000000008000031C (0x00329073) csrrw x0, fcsr, x5                       inst_11+8
CSR mstatus (0x300) <- 0x8000000A00006000
CSR fcsr (0x003) <- 0x0000000000000020

mem[X,0x0000000080000320] -> 0xF453
mem[X,0x0000000080000322] -> 0xC234
[201] [M]: 0x0000000080000320 (0xC234F453) fcvt.lu.d x8, f9, dyn                    inst_11+12
CSR fflags (0x001) <- 0x0000000000000000
CSR fcsr (0x003) <- 0x0000000000000020
x8 <- 0x7FFFFFFFFFFFF800

clint mtime 0x0000000000000065 (mip.MTI <- 0b1, mip.STI <- 0b0)
mem[X,0x0000000080000324] -> 0x2673
mem[X,0x0000000080000326] -> 0x0030
[202] [M]: 0x0000000080000324 (0x00302673) csrrs x12, fcsr, x0                      inst_11+16
CSR fcsr (0x003) -> 0x0000000000000020
x12 <- 0x0000000000000020

mem[X,0x0000000080000328] -> 0x3823
mem[X,0x000000008000032A] -> 0x0A81
[203] [M]: 0x0000000080000328 (0x0A813823) sd x8, 0xb0(x2)                          inst_11+20
mem[W,0x00000000800031C8] <- 0x7FFFFFFFFFFFF800

clint mtime 0x0000000000000066 (mip.MTI <- 0b1, mip.STI <- 0b0)
mem[X,0x000000008000032C] -> 0x3C23
mem[X,0x000000008000032E] -> 0x0AC1
[204] [M]: 0x000000008000032C (0x0AC13C23) sd x12, 0xb8(x2)                         inst_11+24
mem[W,0x00000000800031D0] <- 0x0000000000000020

mem[X,0x0000000080000330] -> 0x3687
mem[X,0x0000000080000332] -> 0x0603
[205] [M]: 0x0000000080000330 (0x06033687) fld f13, 0x60(x6)                        inst_12+0
mem[R,0x0000000080002070] -> 0x43DFFFFFFFFFFFFE
f13 <- 0x43DFFFFFFFFFFFFE
CSR mstatus (0x300) <- 0x8000000A00006000

clint mtime 0x0000000000000067 (mip.MTI <- 0b1, mip.STI <- 0b0)
mem[X,0x0000000080000334] -> 0x0293
mem[X,0x0000000080000336] -> 0x0400
[206] [M]: 0x0000000080000334 (0x04000293) addi x5, x0, 0x40                        inst_12+4
x5 <- 0x0000000000000040

mem[X,0x0000000080000338] -> 0x9073
mem[X,0x000000008000033A] -> 0x0032
[207] [M]: 0x0000000080000338 (0x00329073) csrrw x0, fcsr, x5                       inst_12+8
CSR mstatus (0x300) <- 0x8000000A00006000
CSR fcsr (0x003) <- 0x0000000000000040

clint mtime 0x0000000000000068 (mip.MTI <- 0b1, mip.STI <- 0b0)
mem[X,0x000000008000033C] -> 0xF1D3
mem[X,0x000000008000033E] -> 0xC236
[208] [M]: 0x000000008000033C (0xC236F1D3) fcvt.lu.d x3, f13, dyn                   inst_12+12
CSR fflags (0x001) <- 0x0000000000000000
CSR fcsr (0x003) <- 0x0000000000000040
x3 <- 0x7FFFFFFFFFFFF800

mem[X,0x0000000080000340] -> 0x2673
mem[X,0x0000000080000342] -> 0x0030
[209] [M]: 0x0000000080000340 (0x00302673) csrrs x12, fcsr, x0                      inst_12+16
CSR fcsr (0x003) -> 0x0000000000000040
x12 <- 0x0000000000000040

clint mtime 0x0000000000000069 (mip.MTI <- 0b1, mip.STI <- 0b0)
mem[X,0x0000000080000344] -> 0x3023
mem[X,0x0000000080000346] -> 0x0C31
[210] [M]: 0x0000000080000344 (0x0C313023) sd x3, 0xc0(x2)                          inst_12+20
mem[W,0x00000000800031D8] <- 0x7FFFFFFFFFFFF800

mem[X,0x0000000080000348] -> 0x3423
mem[X,0x000000008000034A] -> 0x0CC1
[211] [M]: 0x0000000080000348 (0x0CC13423) sd x12, 0xc8(x2)                         inst_12+24
mem[W,0x00000000800031E0] <- 0x0000000000000040

clint mtime 0x000000000000006A (mip.MTI <- 0b1, mip.STI <- 0b0)
mem[X,0x000000008000034C] -> 0x3607
mem[X,0x000000008000034E] -> 0x0683
[212] [M]: 0x000000008000034C (0x06833607) fld f12, 0x68(x6)                        inst_13+0
mem[R,0x0000000080002078] -> 0x43DFFFFFFFFFFFFE
f12 <- 0x43DFFFFFFFFFFFFE
CSR mstatus (0x300) <- 0x8000000A00006000

mem[X,0x0000000080000350] -> 0x0293
mem[X,0x0000000080000352] -> 0x0600
[213] [M]: 0x0000000080000350 (0x06000293) addi x5, x0, 0x60                        inst_13+4
x5 <- 0x0000000000000060

clint mtime 0x000000000000006B (mip.MTI <- 0b1, mip.STI <- 0b0)
mem[X,0x0000000080000354] -> 0x9073
mem[X,0x0000000080000356] -> 0x0032
[214] [M]: 0x0000000080000354 (0x00329073) csrrw x0, fcsr, x5                       inst_13+8
CSR mstatus (0x300) <- 0x8000000A00006000
CSR fcsr (0x003) <- 0x0000000000000060

mem[X,0x0000000080000358] -> 0x75D3
mem[X,0x000000008000035A] -> 0xC236
[215] [M]: 0x0000000080000358 (0xC23675D3) fcvt.lu.d x11, f12, dyn                  inst_13+12
CSR fflags (0x001) <- 0x0000000000000000
CSR fcsr (0x003) <- 0x0000000000000060
x11 <- 0x7FFFFFFFFFFFF800

clint mtime 0x000000000000006C (mip.MTI <- 0b1, mip.STI <- 0b0)
mem[X,0x000000008000035C] -> 0x2673
mem[X,0x000000008000035E] -> 0x0030
[216] [M]: 0x000000008000035C (0x00302673) csrrs x12, fcsr, x0                      inst_13+16
CSR fcsr (0x003) -> 0x0000000000000060
x12 <- 0x0000000000000060

mem[X,0x0000000080000360] -> 0x3823
mem[X,0x0000000080000362] -> 0x0CB1
[217] [M]: 0x0000000080000360 (0x0CB13823) sd x11, 0xd0(x2)                         inst_13+20
mem[W,0x00000000800031E8] <- 0x7FFFFFFFFFFFF800

clint mtime 0x000000000000006D (mip.MTI <- 0b1, mip.STI <- 0b0)
mem[X,0x0000000080000364] -> 0x3C23
mem[X,0x0000000080000366] -> 0x0CC1
[218] [M]: 0x0000000080000364 (0x0CC13C23) sd x12, 0xd8(x2)                         inst_13+24
mem[W,0x00000000800031F0] <- 0x0000000000000060

mem[X,0x0000000080000368] -> 0x3907
mem[X,0x000000008000036A] -> 0x0703
[219] [M]: 0x0000000080000368 (0x07033907) fld f18, 0x70(x6)                        inst_14+0
mem[R,0x0000000080002080] -> 0x43DFFFFFFFFFFFFE
f18 <- 0x43DFFFFFFFFFFFFE
CSR mstatus (0x300) <- 0x8000000A00006000

clint mtime 0x000000000000006E (mip.MTI <- 0b1, mip.STI <- 0b0)
mem[X,0x000000008000036C] -> 0x0293
mem[X,0x000000008000036E] -> 0x0800
[220] [M]: 0x000000008000036C (0x08000293) addi x5, x0, 0x80                        inst_14+4
x5 <- 0x0000000000000080

mem[X,0x0000000080000370] -> 0x9073
mem[X,0x0000000080000372] -> 0x0032
[221] [M]: 0x0000000080000370 (0x00329073) csrrw x0, fcsr, x5                       inst_14+8
CSR mstatus (0x300) <- 0x8000000A00006000
CSR fcsr (0x003) <- 0x0000000000000080

clint mtime 0x000000000000006F (mip.MTI <- 0b1, mip.STI <- 0b0)
mem[X,0x0000000080000374] -> 0x7F53
mem[X,0x0000000080000376] -> 0xC239
[222] [M]: 0x0000000080000374 (0xC2397F53) fcvt.lu.d x30, f18, dyn                  inst_14+12
CSR fflags (0x001) <- 0x0000000000000000
CSR fcsr (0x003) <- 0x0000000000000080
x30 <- 0x7FFFFFFFFFFFF800

mem[X,0x0000000080000378] -> 0x2673
mem[X,0x000000008000037A] -> 0x0030
[223] [M]: 0x0000000080000378 (0x00302673) csrrs x12, fcsr, x0                      inst_14+16
CSR fcsr (0x003) -> 0x0000000000000080
x12 <- 0x0000000000000080

clint mtime 0x0000000000000070 (mip.MTI <- 0b1, mip.STI <- 0b0)
mem[X,0x000000008000037C] -> 0x3023
mem[X,0x000000008000037E] -> 0x0FE1
[224] [M]: 0x000000008000037C (0x0FE13023) sd x30, 0xe0(x2)                         inst_14+20
mem[W,0x00000000800031F8] <- 0x7FFFFFFFFFFFF800

mem[X,0x0000000080000380] -> 0x3423
mem[X,0x0000000080000382] -> 0x0EC1
[225] [M]: 0x0000000080000380 (0x0EC13423) sd x12, 0xe8(x2)                         inst_14+24
mem[W,0x0000000080003200] <- 0x0000000000000080

clint mtime 0x0000000000000071 (mip.MTI <- 0b1, mip.STI <- 0b0)
mem[X,0x0000000080000384] -> 0x3187
mem[X,0x0000000080000386] -> 0x0783
[226] [M]: 0x0000000080000384 (0x07833187) fld f3, 0x78(x6)                         inst_15+0
mem[R,0x0000000080002088] -> 0x43DFFFFFFFFFFFFF
f3 <- 0x43DFFFFFFFFFFFFF
CSR mstatus (0x300) <- 0x8000000A00006000

mem[X,0x0000000080000388] -> 0x0293
mem[X,0x000000008000038A] -> 0x0000
[227] [M]: 0x0000000080000388 (0x00000293) addi x5, x0, 0x0                         inst_15+4
x5 <- 0x0000000000000000

clint mtime 0x0000000000000072 (mip.MTI <- 0b1, mip.STI <- 0b0)
mem[X,0x000000008000038C] -> 0x9073
mem[X,0x000000008000038E] -> 0x0032
[228] [M]: 0x000000008000038C (0x00329073) csrrw x0, fcsr, x5                       inst_15+8
CSR mstatus (0x300) <- 0x8000000A00006000
CSR fcsr (0x003) <- 0x0000000000000000

mem[X,0x0000000080000390] -> 0xFD53
mem[X,0x0000000080000392] -> 0xC231
[229] [M]: 0x0000000080000390 (0xC231FD53) fcvt.lu.d x26, f3, dyn                   inst_15+12
CSR fflags (0x001) <- 0x0000000000000000
CSR fcsr (0x003) <- 0x0000000000000000
x26 <- 0x7FFFFFFFFFFFFC00

clint mtime 0x0000000000000073 (mip.MTI <- 0b1, mip.STI <- 0b0)
mem[X,0x0000000080000394] -> 0x2673
mem[X,0x0000000080000396] -> 0x0030
[230] [M]: 0x0000000080000394 (0x00302673) csrrs x12, fcsr, x0                      inst_15+16
CSR fcsr (0x003) -> 0x0000000000000000
x12 <- 0x0000000000000000

mem[X,0x0000000080000398] -> 0x3823
mem[X,0x000000008000039A] -> 0x0FA1
[231] [M]: 0x0000000080000398 (0x0FA13823) sd x26, 0xf0(x2)                         inst_15+20
mem[W,0x0000000080003208] <- 0x7FFFFFFFFFFFFC00

clint mtime 0x0000000000000074 (mip.MTI <- 0b1, mip.STI <- 0b0)
mem[X,0x000000008000039C] -> 0x3C23
mem[X,0x000000008000039E] -> 0x0EC1
[232] [M]: 0x000000008000039C (0x0EC13C23) sd x12, 0xf8(x2)                         inst_15+24
mem[W,0x0000000080003210] <- 0x0000000000000000

mem[X,0x00000000800003A0] -> 0x3307
mem[X,0x00000000800003A2] -> 0x0803
[233] [M]: 0x00000000800003A0 (0x08033307) fld f6, 0x80(x6)                         inst_16+0
mem[R,0x0000000080002090] -> 0x43DFFFFFFFFFFFFF
f6 <- 0x43DFFFFFFFFFFFFF
CSR mstatus (0x300) <- 0x8000000A00006000

clint mtime 0x0000000000000075 (mip.MTI <- 0b1, mip.STI <- 0b0)
mem[X,0x00000000800003A4] -> 0x0293
mem[X,0x00000000800003A6] -> 0x0200
[234] [M]: 0x00000000800003A4 (0x02000293) addi x5, x0, 0x20                        inst_16+4
x5 <- 0x0000000000000020

mem[X,0x00000000800003A8] -> 0x9073
mem[X,0x00000000800003AA] -> 0x0032
[235] [M]: 0x00000000800003A8 (0x00329073) csrrw x0, fcsr, x5                       inst_16+8
CSR mstatus (0x300) <- 0x8000000A00006000
CSR fcsr (0x003) <- 0x0000000000000020

clint mtime 0x0000000000000076 (mip.MTI <- 0b1, mip.STI <- 0b0)
mem[X,0x00000000800003AC] -> 0x73D3
mem[X,0x00000000800003AE] -> 0xC233
[236] [M]: 0x00000000800003AC (0xC23373D3) fcvt.lu.d x7, f6, dyn                    inst_16+12
CSR fflags (0x001) <- 0x0000000000000000
CSR fcsr (0x003) <- 0x0000000000000020
x7 <- 0x7FFFFFFFFFFFFC00

mem[X,0x00000000800003B0] -> 0x2673
mem[X,0x00000000800003B2] -> 0x0030
[237] [M]: 0x00000000800003B0 (0x00302673) csrrs x12, fcsr, x0                      inst_16+16
CSR fcsr (0x003) -> 0x0000000000000020
x12 <- 0x0000000000000020

clint mtime 0x0000000000000077 (mip.MTI <- 0b1, mip.STI <- 0b0)
mem[X,0x00000000800003B4] -> 0x3023
mem[X,0x00000000800003B6] -> 0x1071
[238] [M]: 0x00000000800003B4 (0x10713023) sd x7, 0x100(x2)                         inst_16+20
mem[W,0x0000000080003218] <- 0x7FFFFFFFFFFFFC00

mem[X,0x00000000800003B8] -> 0x3423
mem[X,0x00000000800003BA] -> 0x10C1
[239] [M]: 0x00000000800003B8 (0x10C13423) sd x12, 0x108(x2)                        inst_16+24
mem[W,0x0000000080003220] <- 0x0000000000000020

clint mtime 0x0000000000000078 (mip.MTI <- 0b1, mip.STI <- 0b0)
mem[X,0x00000000800003BC] -> 0x3807
mem[X,0x00000000800003BE] -> 0x0883
[240] [M]: 0x00000000800003BC (0x08833807) fld f16, 0x88(x6)                        inst_17+0
mem[R,0x0000000080002098] -> 0x43DFFFFFFFFFFFFF
f16 <- 0x43DFFFFFFFFFFFFF
CSR mstatus (0x300) <- 0x8000000A00006000

mem[X,0x00000000800003C0] -> 0x0293
mem[X,0x00000000800003C2] -> 0x0400
[241] [M]: 0x00000000800003C0 (0x04000293) addi x5, x0, 0x40                        inst_17+4
x5 <- 0x0000000000000040

clint mtime 0x0000000000000079 (mip.MTI <- 0b1, mip.STI <- 0b0)
mem[X,0x00000000800003C4] -> 0x9073
mem[X,0x00000000800003C6] -> 0x0032
[242] [M]: 0x00000000800003C4 (0x00329073) csrrw x0, fcsr, x5                       inst_17+8
CSR mstatus (0x300) <- 0x8000000A00006000
CSR fcsr (0x003) <- 0x0000000000000040

mem[X,0x00000000800003C8] -> 0x7753
mem[X,0x00000000800003CA] -> 0xC238
[243] [M]: 0x00000000800003C8 (0xC2387753) fcvt.lu.d x14, f16, dyn                  inst_17+12
CSR fflags (0x001) <- 0x0000000000000000
CSR fcsr (0x003) <- 0x0000000000000040
x14 <- 0x7FFFFFFFFFFFFC00

clint mtime 0x000000000000007A (mip.MTI <- 0b1, mip.STI <- 0b0)
mem[X,0x00000000800003CC] -> 0x2673
mem[X,0x00000000800003CE] -> 0x0030
[244] [M]: 0x00000000800003CC (0x00302673) csrrs x12, fcsr, x0                      inst_17+16
CSR fcsr (0x003) -> 0x0000000000000040
x12 <- 0x0000000000000040

mem[X,0x00000000800003D0] -> 0x3823
mem[X,0x00000000800003D2] -> 0x10E1
[245] [M]: 0x00000000800003D0 (0x10E13823) sd x14, 0x110(x2)                        inst_17+20
mem[W,0x0000000080003228] <- 0x7FFFFFFFFFFFFC00

clint mtime 0x000000000000007B (mip.MTI <- 0b1, mip.STI <- 0b0)
mem[X,0x00000000800003D4] -> 0x3C23
mem[X,0x00000000800003D6] -> 0x10C1
[246] [M]: 0x00000000800003D4 (0x10C13C23) sd x12, 0x118(x2)                        inst_17+24
mem[W,0x0000000080003230] <- 0x0000000000000040

mem[X,0x00000000800003D8] -> 0x3507
mem[X,0x00000000800003DA] -> 0x0903
[247] [M]: 0x00000000800003D8 (0x09033507) fld f10, 0x90(x6)                        inst_18+0
mem[R,0x00000000800020A0] -> 0x43DFFFFFFFFFFFFF
f10 <- 0x43DFFFFFFFFFFFFF
CSR mstatus (0x300) <- 0x8000000A00006000

clint mtime 0x000000000000007C (mip.MTI <- 0b1, mip.STI <- 0b0)
mem[X,0x00000000800003DC] -> 0x0293
mem[X,0x00000000800003DE] -> 0x0600
[248] [M]: 0x00000000800003DC (0x06000293) addi x5, x0, 0x60                        inst_18+4
x5 <- 0x0000000000000060

mem[X,0x00000000800003E0] -> 0x9073
mem[X,0x00000000800003E2] -> 0x0032
[249] [M]: 0x00000000800003E0 (0x00329073) csrrw x0, fcsr, x5                       inst_18+8
CSR mstatus (0x300) <- 0x8000000A00006000
CSR fcsr (0x003) <- 0x0000000000000060

clint mtime 0x000000000000007D (mip.MTI <- 0b1, mip.STI <- 0b0)
mem[X,0x00000000800003E4] -> 0x7BD3
mem[X,0x00000000800003E6] -> 0xC235
[250] [M]: 0x00000000800003E4 (0xC2357BD3) fcvt.lu.d x23, f10, dyn                  inst_18+12
CSR fflags (0x001) <- 0x0000000000000000
CSR fcsr (0x003) <- 0x0000000000000060
x23 <- 0x7FFFFFFFFFFFFC00

mem[X,0x00000000800003E8] -> 0x2673
mem[X,0x00000000800003EA] -> 0x0030
[251] [M]: 0x00000000800003E8 (0x00302673) csrrs x12, fcsr, x0                      inst_18+16
CSR fcsr (0x003) -> 0x0000000000000060
x12 <- 0x0000000000000060

clint mtime 0x000000000000007E (mip.MTI <- 0b1, mip.STI <- 0b0)
mem[X,0x00000000800003EC] -> 0x3023
mem[X,0x00000000800003EE] -> 0x1371
[252] [M]: 0x00000000800003EC (0x13713023) sd x23, 0x120(x2)                        inst_18+20
mem[W,0x0000000080003238] <- 0x7FFFFFFFFFFFFC00

mem[X,0x00000000800003F0] -> 0x3423
mem[X,0x00000000800003F2] -> 0x12C1
[253] [M]: 0x00000000800003F0 (0x12C13423) sd x12, 0x128(x2)                        inst_18+24
mem[W,0x0000000080003240] <- 0x0000000000000060

clint mtime 0x000000000000007F (mip.MTI <- 0b1, mip.STI <- 0b0)
mem[X,0x00000000800003F4] -> 0x3F87
mem[X,0x00000000800003F6] -> 0x0983
[254] [M]: 0x00000000800003F4 (0x09833F87) fld f31, 0x98(x6)                        inst_19+0
mem[R,0x00000000800020A8] -> 0x43DFFFFFFFFFFFFF
f31 <- 0x43DFFFFFFFFFFFFF
CSR mstatus (0x300) <- 0x8000000A00006000

mem[X,0x00000000800003F8] -> 0x0293
mem[X,0x00000000800003FA] -> 0x0800
[255] [M]: 0x00000000800003F8 (0x08000293) addi x5, x0, 0x80                        inst_19+4
x5 <- 0x0000000000000080

clint mtime 0x0000000000000080 (mip.MTI <- 0b1, mip.STI <- 0b0)
mem[X,0x00000000800003FC] -> 0x9073
mem[X,0x00000000800003FE] -> 0x0032
[256] [M]: 0x00000000800003FC (0x00329073) csrrw x0, fcsr, x5                       inst_19+8
CSR mstatus (0x300) <- 0x8000000A00006000
CSR fcsr (0x003) <- 0x0000000000000080

mem[X,0x0000000080000400] -> 0xFED3
mem[X,0x0000000080000402] -> 0xC23F
[257] [M]: 0x0000000080000400 (0xC23FFED3) fcvt.lu.d x29, f31, dyn                  inst_19+12
CSR fflags (0x001) <- 0x0000000000000000
CSR fcsr (0x003) <- 0x0000000000000080
x29 <- 0x7FFFFFFFFFFFFC00

clint mtime 0x0000000000000081 (mip.MTI <- 0b1, mip.STI <- 0b0)
mem[X,0x0000000080000404] -> 0x2673
mem[X,0x0000000080000406] -> 0x0030
[258] [M]: 0x0000000080000404 (0x00302673) csrrs x12, fcsr, x0                      inst_19+16
CSR fcsr (0x003) -> 0x0000000000000080
x12 <- 0x0000000000000080

mem[X,0x0000000080000408] -> 0x3823
mem[X,0x000000008000040A] -> 0x13D1
[259] [M]: 0x0000000080000408 (0x13D13823) sd x29, 0x130(x2)                        inst_19+20
mem[W,0x0000000080003248] <- 0x7FFFFFFFFFFFFC00

clint mtime 0x0000000000000082 (mip.MTI <- 0b1, mip.STI <- 0b0)
mem[X,0x000000008000040C] -> 0x3C23
mem[X,0x000000008000040E] -> 0x12C1
[260] [M]: 0x000000008000040C (0x12C13C23) sd x12, 0x138(x2)                        inst_19+24
mem[W,0x0000000080003250] <- 0x0000000000000080

mem[X,0x0000000080000410] -> 0x3B87
mem[X,0x0000000080000412] -> 0x0A03
[261] [M]: 0x0000000080000410 (0x0A033B87) fld f23, 0xa0(x6)                        inst_20+0
mem[R,0x00000000800020B0] -> 0x43E0000000000000
f23 <- 0x43E0000000000000
CSR mstatus (0x300) <- 0x8000000A00006000

clint mtime 0x0000000000000083 (mip.MTI <- 0b1, mip.STI <- 0b0)
mem[X,0x0000000080000414] -> 0x0293
mem[X,0x0000000080000416] -> 0x0000
[262] [M]: 0x0000000080000414 (0x00000293) addi x5, x0, 0x0                         inst_20+4
x5 <- 0x0000000000000000

mem[X,0x0000000080000418] -> 0x9073
mem[X,0x000000008000041A] -> 0x0032
[263] [M]: 0x0000000080000418 (0x00329073) csrrw x0, fcsr, x5                       inst_20+8
CSR mstatus (0x300) <- 0x8000000A00006000
CSR fcsr (0x003) <- 0x0000000000000000

clint mtime 0x0000000000000084 (mip.MTI <- 0b1, mip.STI <- 0b0)
mem[X,0x000000008000041C] -> 0xFC53
mem[X,0x000000008000041E] -> 0xC23B
[264] [M]: 0x000000008000041C (0xC23BFC53) fcvt.lu.d x24, f23, dyn                  inst_20+12
CSR fflags (0x001) <- 0x0000000000000000
CSR fcsr (0x003) <- 0x0000000000000000
x24 <- 0x8000000000000000

mem[X,0x0000000080000420] -> 0x2673
mem[X,0x0000000080000422] -> 0x0030
[265] [M]: 0x0000000080000420 (0x00302673) csrrs x12, fcsr, x0                      inst_20+16
CSR fcsr (0x003) -> 0x0000000000000000
x12 <- 0x0000000000000000

clint mtime 0x0000000000000085 (mip.MTI <- 0b1, mip.STI <- 0b0)
mem[X,0x0000000080000424] -> 0x3023
mem[X,0x0000000080000426] -> 0x1581
[266] [M]: 0x0000000080000424 (0x15813023) sd x24, 0x140(x2)                        inst_20+20
mem[W,0x0000000080003258] <- 0x8000000000000000

mem[X,0x0000000080000428] -> 0x3423
mem[X,0x000000008000042A] -> 0x14C1
[267] [M]: 0x0000000080000428 (0x14C13423) sd x12, 0x148(x2)                        inst_20+24
mem[W,0x0000000080003260] <- 0x0000000000000000

clint mtime 0x0000000000000086 (mip.MTI <- 0b1, mip.STI <- 0b0)
mem[X,0x000000008000042C] -> 0x3C87
mem[X,0x000000008000042E] -> 0x0A83
[268] [M]: 0x000000008000042C (0x0A833C87) fld f25, 0xa8(x6)                        inst_21+0
mem[R,0x00000000800020B8] -> 0x43E0000000000000
f25 <- 0x43E0000000000000
CSR mstatus (0x300) <- 0x8000000A00006000

mem[X,0x0000000080000430] -> 0x0293
mem[X,0x0000000080000432] -> 0x0200
[269] [M]: 0x0000000080000430 (0x02000293) addi x5, x0, 0x20                        inst_21+4
x5 <- 0x0000000000000020

clint mtime 0x0000000000000087 (mip.MTI <- 0b1, mip.STI <- 0b0)
mem[X,0x0000000080000434] -> 0x9073
mem[X,0x0000000080000436] -> 0x0032
[270] [M]: 0x0000000080000434 (0x00329073) csrrw x0, fcsr, x5                       inst_21+8
CSR mstatus (0x300) <- 0x8000000A00006000
CSR fcsr (0x003) <- 0x0000000000000020

mem[X,0x0000000080000438] -> 0xFB53
mem[X,0x000000008000043A] -> 0xC23C
[271] [M]: 0x0000000080000438 (0xC23CFB53) fcvt.lu.d x22, f25, dyn                  inst_21+12
CSR fflags (0x001) <- 0x0000000000000000
CSR fcsr (0x003) <- 0x0000000000000020
x22 <- 0x8000000000000000

clint mtime 0x0000000000000088 (mip.MTI <- 0b1, mip.STI <- 0b0)
mem[X,0x000000008000043C] -> 0x2673
mem[X,0x000000008000043E] -> 0x0030
[272] [M]: 0x000000008000043C (0x00302673) csrrs x12, fcsr, x0                      inst_21+16
CSR fcsr (0x003) -> 0x0000000000000020
x12 <- 0x0000000000000020

mem[X,0x0000000080000440] -> 0x3823
mem[X,0x0000000080000442] -> 0x1561
[273] [M]: 0x0000000080000440 (0x15613823) sd x22, 0x150(x2)                        inst_21+20
mem[W,0x0000000080003268] <- 0x8000000000000000

clint mtime 0x0000000000000089 (mip.MTI <- 0b1, mip.STI <- 0b0)
mem[X,0x0000000080000444] -> 0x3C23
mem[X,0x0000000080000446] -> 0x14C1
[274] [M]: 0x0000000080000444 (0x14C13C23) sd x12, 0x158(x2)                        inst_21+24
mem[W,0x0000000080003270] <- 0x0000000000000020

mem[X,0x0000000080000448] -> 0x3407
mem[X,0x000000008000044A] -> 0x0B03
[275] [M]: 0x0000000080000448 (0x0B033407) fld f8, 0xb0(x6)                         inst_22+0
mem[R,0x00000000800020C0] -> 0x43E0000000000000
f8 <- 0x43E0000000000000
CSR mstatus (0x300) <- 0x8000000A00006000

clint mtime 0x000000000000008A (mip.MTI <- 0b1, mip.STI <- 0b0)
mem[X,0x000000008000044C] -> 0x0293
mem[X,0x000000008000044E] -> 0x0400
[276] [M]: 0x000000008000044C (0x04000293) addi x5, x0, 0x40                        inst_22+4
x5 <- 0x0000000000000040

mem[X,0x0000000080000450] -> 0x9073
mem[X,0x0000000080000452] -> 0x0032
[277] [M]: 0x0000000080000450 (0x00329073) csrrw x0, fcsr, x5                       inst_22+8
CSR mstatus (0x300) <- 0x8000000A00006000
CSR fcsr (0x003) <- 0x0000000000000040

clint mtime 0x000000000000008B (mip.MTI <- 0b1, mip.STI <- 0b0)
mem[X,0x0000000080000454] -> 0x7DD3
mem[X,0x0000000080000456] -> 0xC234
[278] [M]: 0x0000000080000454 (0xC2347DD3) fcvt.lu.d x27, f8, dyn                   inst_22+12
CSR fflags (0x001) <- 0x0000000000000000
CSR fcsr (0x003) <- 0x0000000000000040
x27 <- 0x8000000000000000

mem[X,0x0000000080000458] -> 0x2673
mem[X,0x000000008000045A] -> 0x0030
[279] [M]: 0x0000000080000458 (0x00302673) csrrs x12, fcsr, x0                      inst_22+16
CSR fcsr (0x003) -> 0x0000000000000040
x12 <- 0x0000000000000040

clint mtime 0x000000000000008C (mip.MTI <- 0b1, mip.STI <- 0b0)
mem[X,0x000000008000045C] -> 0x3023
mem[X,0x000000008000045E] -> 0x17B1
[280] [M]: 0x000000008000045C (0x17B13023) sd x27, 0x160(x2)                        inst_22+20
mem[W,0x0000000080003278] <- 0x8000000000000000

mem[X,0x0000000080000460] -> 0x3423
mem[X,0x0000000080000462] -> 0x16C1
[281] [M]: 0x0000000080000460 (0x16C13423) sd x12, 0x168(x2)                        inst_22+24
mem[W,0x0000000080003280] <- 0x0000000000000040

clint mtime 0x000000000000008D (mip.MTI <- 0b1, mip.STI <- 0b0)
mem[X,0x0000000080000464] -> 0x3387
mem[X,0x0000000080000466] -> 0x0B83
[282] [M]: 0x0000000080000464 (0x0B833387) fld f7, 0xb8(x6)                         inst_23+0
mem[R,0x00000000800020C8] -> 0x43E0000000000000
f7 <- 0x43E0000000000000
CSR mstatus (0x300) <- 0x8000000A00006000

mem[X,0x0000000080000468] -> 0x0293
mem[X,0x000000008000046A] -> 0x0600
[283] [M]: 0x0000000080000468 (0x06000293) addi x5, x0, 0x60                        inst_23+4
x5 <- 0x0000000000000060

clint mtime 0x000000000000008E (mip.MTI <- 0b1, mip.STI <- 0b0)
mem[X,0x000000008000046C] -> 0x9073
mem[X,0x000000008000046E] -> 0x0032
[284] [M]: 0x000000008000046C (0x00329073) csrrw x0, fcsr, x5                       inst_23+8
CSR mstatus (0x300) <- 0x8000000A00006000
CSR fcsr (0x003) <- 0x0000000000000060

mem[X,0x0000000080000470] -> 0xF8D3
mem[X,0x0000000080000472] -> 0xC233
[285] [M]: 0x0000000080000470 (0xC233F8D3) fcvt.lu.d x17, f7, dyn                   inst_23+12
CSR fflags (0x001) <- 0x0000000000000000
CSR fcsr (0x003) <- 0x0000000000000060
x17 <- 0x8000000000000000

clint mtime 0x000000000000008F (mip.MTI <- 0b1, mip.STI <- 0b0)
mem[X,0x0000000080000474] -> 0x2673
mem[X,0x0000000080000476] -> 0x0030
[286] [M]: 0x0000000080000474 (0x00302673) csrrs x12, fcsr, x0                      inst_23+16
CSR fcsr (0x003) -> 0x0000000000000060
x12 <- 0x0000000000000060

mem[X,0x0000000080000478] -> 0x3823
mem[X,0x000000008000047A] -> 0x1711
[287] [M]: 0x0000000080000478 (0x17113823) sd x17, 0x170(x2)                        inst_23+20
mem[W,0x0000000080003288] <- 0x8000000000000000

clint mtime 0x0000000000000090 (mip.MTI <- 0b1, mip.STI <- 0b0)
mem[X,0x000000008000047C] -> 0x3C23
mem[X,0x000000008000047E] -> 0x16C1
[288] [M]: 0x000000008000047C (0x16C13C23) sd x12, 0x178(x2)                        inst_23+24
mem[W,0x0000000080003290] <- 0x0000000000000060

mem[X,0x0000000080000480] -> 0x3287
mem[X,0x0000000080000482] -> 0x0C03
[289] [M]: 0x0000000080000480 (0x0C033287) fld f5, 0xc0(x6)                         inst_24+0
mem[R,0x00000000800020D0] -> 0x43E0000000000000
f5 <- 0x43E0000000000000
CSR mstatus (0x300) <- 0x8000000A00006000

clint mtime 0x0000000000000091 (mip.MTI <- 0b1, mip.STI <- 0b0)
mem[X,0x0000000080000484] -> 0x0293
mem[X,0x0000000080000486] -> 0x0800
[290] [M]: 0x0000000080000484 (0x08000293) addi x5, x0, 0x80                        inst_24+4
x5 <- 0x0000000000000080

mem[X,0x0000000080000488] -> 0x9073
mem[X,0x000000008000048A] -> 0x0032
[291] [M]: 0x0000000080000488 (0x00329073) csrrw x0, fcsr, x5                       inst_24+8
CSR mstatus (0x300) <- 0x8000000A00006000
CSR fcsr (0x003) <- 0x0000000000000080

clint mtime 0x0000000000000092 (mip.MTI <- 0b1, mip.STI <- 0b0)
mem[X,0x000000008000048C] -> 0xF553
mem[X,0x000000008000048E] -> 0xC232
[292] [M]: 0x000000008000048C (0xC232F553) fcvt.lu.d x10, f5, dyn                   inst_24+12
CSR fflags (0x001) <- 0x0000000000000000
CSR fcsr (0x003) <- 0x0000000000000080
x10 <- 0x8000000000000000

mem[X,0x0000000080000490] -> 0x2673
mem[X,0x0000000080000492] -> 0x0030
[293] [M]: 0x0000000080000490 (0x00302673) csrrs x12, fcsr, x0                      inst_24+16
CSR fcsr (0x003) -> 0x0000000000000080
x12 <- 0x0000000000000080

clint mtime 0x0000000000000093 (mip.MTI <- 0b1, mip.STI <- 0b0)
mem[X,0x0000000080000494] -> 0x3023
mem[X,0x0000000080000496] -> 0x18A1
[294] [M]: 0x0000000080000494 (0x18A13023) sd x10, 0x180(x2)                        inst_24+20
mem[W,0x0000000080003298] <- 0x8000000000000000

mem[X,0x0000000080000498] -> 0x3423
mem[X,0x000000008000049A] -> 0x18C1
[295] [M]: 0x0000000080000498 (0x18C13423) sd x12, 0x188(x2)                        inst_24+24
mem[W,0x00000000800032A0] <- 0x0000000000000080

clint mtime 0x0000000000000094 (mip.MTI <- 0b1, mip.STI <- 0b0)
mem[X,0x000000008000049C] -> 0x0013
mem[X,0x000000008000049E] -> 0x0000
[296] [M]: 0x000000008000049C (0x00000013) addi x0, x0, 0x0                         inst_24+28

mem[X,0x00000000800004A0] -> 0x2217
mem[X,0x00000000800004A2] -> 0x0000
[297] [M]: 0x00000000800004A0 (0x00002217) auipc x4, 0x2                            inst_24+32
x4 <- 0x00000000800024A0

clint mtime 0x0000000000000095 (mip.MTI <- 0b1, mip.STI <- 0b0)
mem[X,0x00000000800004A4] -> 0x0213
mem[X,0x00000000800004A6] -> 0xC382
[298] [M]: 0x00000000800004A4 (0xC3820213) addi x4, x4, -0x3c8                      inst_24+36
x4 <- 0x00000000800020D8

mem[X,0x00000000800004A8] -> 0x0001
[299] [M]: 0x00000000800004A8 (0x0001) c.nop                                        inst_24+40

clint mtime 0x0000000000000096 (mip.MTI <- 0b1, mip.STI <- 0b0)
mem[X,0x00000000800004AA] -> 0x0013
mem[X,0x00000000800004AC] -> 0x0000
[300] [M]: 0x00000000800004AA (0x00000013) addi x0, x0, 0x0                         inst_24+42

mem[X,0x00000000800004AE] -> 0x0013
mem[X,0x00000000800004B0] -> 0x0000
[301] [M]: 0x00000000800004AE (0x00000013) addi x0, x0, 0x0                         inst_24+46

clint mtime 0x0000000000000097 (mip.MTI <- 0b1, mip.STI <- 0b0)
mem[X,0x00000000800004B2] -> 0x0013
mem[X,0x00000000800004B4] -> 0x0000
[302] [M]: 0x00000000800004B2 (0x00000013) addi x0, x0, 0x0                         inst_24+50

mem[X,0x00000000800004B6] -> 0x0013
mem[X,0x00000000800004B8] -> 0x0000
[303] [M]: 0x00000000800004B6 (0x00000013) addi x0, x0, 0x0                         inst_24+54

clint mtime 0x0000000000000098 (mip.MTI <- 0b1, mip.STI <- 0b0)
mem[X,0x00000000800004BA] -> 0x0013
mem[X,0x00000000800004BC] -> 0x0000
[304] [M]: 0x00000000800004BA (0x00000013) addi x0, x0, 0x0                         inst_24+58

mem[X,0x00000000800004BE] -> 0x0001
[305] [M]: 0x00000000800004BE (0x0001) c.nop                                        inst_24+62

clint mtime 0x0000000000000099 (mip.MTI <- 0b1, mip.STI <- 0b0)
mem[X,0x00000000800004C0] -> 0x3A87
mem[X,0x00000000800004C2] -> 0x0002
[306] [M]: 0x00000000800004C0 (0x00023A87) fld f21, 0x0(x4)                         inst_25+0
mem[R,0x00000000800020D8] -> 0x43E0000000000001
f21 <- 0x43E0000000000001
CSR mstatus (0x300) <- 0x8000000A00006000

mem[X,0x00000000800004C4] -> 0x0293
mem[X,0x00000000800004C6] -> 0x0000
[307] [M]: 0x00000000800004C4 (0x00000293) addi x5, x0, 0x0                         inst_25+4
x5 <- 0x0000000000000000

clint mtime 0x000000000000009A (mip.MTI <- 0b1, mip.STI <- 0b0)
mem[X,0x00000000800004C8] -> 0x9073
mem[X,0x00000000800004CA] -> 0x0032
[308] [M]: 0x00000000800004C8 (0x00329073) csrrw x0, fcsr, x5                       inst_25+8
CSR mstatus (0x300) <- 0x8000000A00006000
CSR fcsr (0x003) <- 0x0000000000000000

mem[X,0x00000000800004CC] -> 0xF653
mem[X,0x00000000800004CE] -> 0xC23A
[309] [M]: 0x00000000800004CC (0xC23AF653) fcvt.lu.d x12, f21, dyn                  inst_25+12
CSR fflags (0x001) <- 0x0000000000000000
CSR fcsr (0x003) <- 0x0000000000000000
x12 <- 0x8000000000000800

clint mtime 0x000000000000009B (mip.MTI <- 0b1, mip.STI <- 0b0)
mem[X,0x00000000800004D0] -> 0x23F3
mem[X,0x00000000800004D2] -> 0x0030
[310] [M]: 0x00000000800004D0 (0x003023F3) csrrs x7, fcsr, x0                       inst_25+16
CSR fcsr (0x003) -> 0x0000000000000000
x7 <- 0x0000000000000000

mem[X,0x00000000800004D4] -> 0x3823
mem[X,0x00000000800004D6] -> 0x18C1
[311] [M]: 0x00000000800004D4 (0x18C13823) sd x12, 0x190(x2)                        inst_25+20
mem[W,0x00000000800032A8] <- 0x8000000000000800

clint mtime 0x000000000000009C (mip.MTI <- 0b1, mip.STI <- 0b0)
mem[X,0x00000000800004D8] -> 0x3C23
mem[X,0x00000000800004DA] -> 0x1871
[312] [M]: 0x00000000800004D8 (0x18713C23) sd x7, 0x198(x2)                         inst_25+24
mem[W,0x00000000800032B0] <- 0x0000000000000000

mem[X,0x00000000800004DC] -> 0x3107
mem[X,0x00000000800004DE] -> 0x0082
[313] [M]: 0x00000000800004DC (0x00823107) fld f2, 0x8(x4)                          inst_26+0
mem[R,0x00000000800020E0] -> 0x43E0000000000001
f2 <- 0x43E0000000000001
CSR mstatus (0x300) <- 0x8000000A00006000

clint mtime 0x000000000000009D (mip.MTI <- 0b1, mip.STI <- 0b0)
mem[X,0x00000000800004E0] -> 0x0293
mem[X,0x00000000800004E2] -> 0x0200
[314] [M]: 0x00000000800004E0 (0x02000293) addi x5, x0, 0x20                        inst_26+4
x5 <- 0x0000000000000020

mem[X,0x00000000800004E4] -> 0x9073
mem[X,0x00000000800004E6] -> 0x0032
[315] [M]: 0x00000000800004E4 (0x00329073) csrrw x0, fcsr, x5                       inst_26+8
CSR mstatus (0x300) <- 0x8000000A00006000
CSR fcsr (0x003) <- 0x0000000000000020

clint mtime 0x000000000000009E (mip.MTI <- 0b1, mip.STI <- 0b0)
mem[X,0x00000000800004E8] -> 0x7CD3
mem[X,0x00000000800004EA] -> 0xC231
[316] [M]: 0x00000000800004E8 (0xC2317CD3) fcvt.lu.d x25, f2, dyn                   inst_26+12
CSR fflags (0x001) <- 0x0000000000000000
CSR fcsr (0x003) <- 0x0000000000000020
x25 <- 0x8000000000000800

mem[X,0x00000000800004EC] -> 0x23F3
mem[X,0x00000000800004EE] -> 0x0030
[317] [M]: 0x00000000800004EC (0x003023F3) csrrs x7, fcsr, x0                       inst_26+16
CSR fcsr (0x003) -> 0x0000000000000020
x7 <- 0x0000000000000020

clint mtime 0x000000000000009F (mip.MTI <- 0b1, mip.STI <- 0b0)
mem[X,0x00000000800004F0] -> 0x3023
mem[X,0x00000000800004F2] -> 0x1B91
[318] [M]: 0x00000000800004F0 (0x1B913023) sd x25, 0x1a0(x2)                        inst_26+20
mem[W,0x00000000800032B8] <- 0x8000000000000800

mem[X,0x00000000800004F4] -> 0x3423
mem[X,0x00000000800004F6] -> 0x1A71
[319] [M]: 0x00000000800004F4 (0x1A713423) sd x7, 0x1a8(x2)                         inst_26+24
mem[W,0x00000000800032C0] <- 0x0000000000000020

clint mtime 0x00000000000000A0 (mip.MTI <- 0b1, mip.STI <- 0b0)
mem[X,0x00000000800004F8] -> 0x3E87
mem[X,0x00000000800004FA] -> 0x0102
[320] [M]: 0x00000000800004F8 (0x01023E87) fld f29, 0x10(x4)                        inst_27+0
mem[R,0x00000000800020E8] -> 0x43E0000000000001
f29 <- 0x43E0000000000001
CSR mstatus (0x300) <- 0x8000000A00006000

mem[X,0x00000000800004FC] -> 0x0193
mem[X,0x00000000800004FE] -> 0x0400
[321] [M]: 0x00000000800004FC (0x04000193) addi x3, x0, 0x40                        inst_27+4
x3 <- 0x0000000000000040

clint mtime 0x00000000000000A1 (mip.MTI <- 0b1, mip.STI <- 0b0)
mem[X,0x0000000080000500] -> 0x9073
mem[X,0x0000000080000502] -> 0x0031
[322] [M]: 0x0000000080000500 (0x00319073) csrrw x0, fcsr, x3                       inst_27+8
CSR mstatus (0x300) <- 0x8000000A00006000
CSR fcsr (0x003) <- 0x0000000000000040

mem[X,0x0000000080000504] -> 0xF2D3
mem[X,0x0000000080000506] -> 0xC23E
[323] [M]: 0x0000000080000504 (0xC23EF2D3) fcvt.lu.d x5, f29, dyn                   inst_27+12
CSR fflags (0x001) <- 0x0000000000000000
CSR fcsr (0x003) <- 0x0000000000000040
x5 <- 0x8000000000000800

clint mtime 0x00000000000000A2 (mip.MTI <- 0b1, mip.STI <- 0b0)
mem[X,0x0000000080000508] -> 0x23F3
mem[X,0x000000008000050A] -> 0x0030
[324] [M]: 0x0000000080000508 (0x003023F3) csrrs x7, fcsr, x0                       inst_27+16
CSR fcsr (0x003) -> 0x0000000000000040
x7 <- 0x0000000000000040

mem[X,0x000000008000050C] -> 0x3823
mem[X,0x000000008000050E] -> 0x1A51
[325] [M]: 0x000000008000050C (0x1A513823) sd x5, 0x1b0(x2)                         inst_27+20
mem[W,0x00000000800032C8] <- 0x8000000000000800

clint mtime 0x00000000000000A3 (mip.MTI <- 0b1, mip.STI <- 0b0)
mem[X,0x0000000080000510] -> 0x3C23
mem[X,0x0000000080000512] -> 0x1A71
[326] [M]: 0x0000000080000510 (0x1A713C23) sd x7, 0x1b8(x2)                         inst_27+24
mem[W,0x00000000800032D0] <- 0x0000000000000040

mem[X,0x0000000080000514] -> 0x0013
mem[X,0x0000000080000516] -> 0x0000
[327] [M]: 0x0000000080000514 (0x00000013) addi x0, x0, 0x0                         inst_27+28

clint mtime 0x00000000000000A4 (mip.MTI <- 0b1, mip.STI <- 0b0)
mem[X,0x0000000080000518] -> 0x0013
mem[X,0x000000008000051A] -> 0x0000
[328] [M]: 0x0000000080000518 (0x00000013) addi x0, x0, 0x0                         inst_27+32

mem[X,0x000000008000051C] -> 0x0013
mem[X,0x000000008000051E] -> 0x0000
[329] [M]: 0x000000008000051C (0x00000013) addi x0, x0, 0x0                         inst_27+36

clint mtime 0x00000000000000A5 (mip.MTI <- 0b1, mip.STI <- 0b0)
mem[X,0x0000000080000520] -> 0x3097
mem[X,0x0000000080000522] -> 0x0000
[330] [M]: 0x0000000080000520 (0x00003097) auipc x1, 0x3                            inst_27+40
x1 <- 0x0000000080003520

mem[X,0x0000000080000524] -> 0x8093
mem[X,0x0000000080000526] -> 0xDB80
[331] [M]: 0x0000000080000524 (0xDB808093) addi x1, x1, -0x248                      inst_27+44
x1 <- 0x00000000800032D8

clint mtime 0x00000000000000A6 (mip.MTI <- 0b1, mip.STI <- 0b0)
mem[X,0x0000000080000528] -> 0x0001
[332] [M]: 0x0000000080000528 (0x0001) c.nop                                        inst_27+48

mem[X,0x000000008000052A] -> 0x0013
mem[X,0x000000008000052C] -> 0x0000
[333] [M]: 0x000000008000052A (0x00000013) addi x0, x0, 0x0                         inst_27+50

clint mtime 0x00000000000000A7 (mip.MTI <- 0b1, mip.STI <- 0b0)
mem[X,0x000000008000052E] -> 0x0013
mem[X,0x0000000080000530] -> 0x0000
[334] [M]: 0x000000008000052E (0x00000013) addi x0, x0, 0x0                         inst_27+54

mem[X,0x0000000080000532] -> 0x0013
mem[X,0x0000000080000534] -> 0x0000
[335] [M]: 0x0000000080000532 (0x00000013) addi x0, x0, 0x0                         inst_27+58

clint mtime 0x00000000000000A8 (mip.MTI <- 0b1, mip.STI <- 0b0)
mem[X,0x0000000080000536] -> 0x0013
mem[X,0x0000000080000538] -> 0x0000
[336] [M]: 0x0000000080000536 (0x00000013) addi x0, x0, 0x0                         inst_27+62

mem[X,0x000000008000053A] -> 0x0013
mem[X,0x000000008000053C] -> 0x0000
[337] [M]: 0x000000008000053A (0x00000013) addi x0, x0, 0x0                         inst_27+66

clint mtime 0x00000000000000A9 (mip.MTI <- 0b1, mip.STI <- 0b0)
mem[X,0x000000008000053E] -> 0x0001
[338] [M]: 0x000000008000053E (0x0001) c.nop                                        inst_27+70

mem[X,0x0000000080000540] -> 0x3D87
mem[X,0x0000000080000542] -> 0x0182
[339] [M]: 0x0000000080000540 (0x01823D87) fld f27, 0x18(x4)                        inst_28+0
mem[R,0x00000000800020F0] -> 0x43E0000000000001
f27 <- 0x43E0000000000001
CSR mstatus (0x300) <- 0x8000000A00006000

clint mtime 0x00000000000000AA (mip.MTI <- 0b1, mip.STI <- 0b0)
mem[X,0x0000000080000544] -> 0x0193
mem[X,0x0000000080000546] -> 0x0600
[340] [M]: 0x0000000080000544 (0x06000193) addi x3, x0, 0x60                        inst_28+4
x3 <- 0x0000000000000060

mem[X,0x0000000080000548] -> 0x9073
mem[X,0x000000008000054A] -> 0x0031
[341] [M]: 0x0000000080000548 (0x00319073) csrrw x0, fcsr, x3                       inst_28+8
CSR mstatus (0x300) <- 0x8000000A00006000
CSR fcsr (0x003) <- 0x0000000000000060

clint mtime 0x00000000000000AB (mip.MTI <- 0b1, mip.STI <- 0b0)
mem[X,0x000000008000054C] -> 0xF153
mem[X,0x000000008000054E] -> 0xC23D
[342] [M]: 0x000000008000054C (0xC23DF153) fcvt.lu.d x2, f27, dyn                   inst_28+12
CSR fflags (0x001) <- 0x0000000000000000
CSR fcsr (0x003) <- 0x0000000000000060
x2 <- 0x8000000000000800

mem[X,0x0000000080000550] -> 0x23F3
mem[X,0x0000000080000552] -> 0x0030
[343] [M]: 0x0000000080000550 (0x003023F3) csrrs x7, fcsr, x0                       inst_28+16
CSR fcsr (0x003) -> 0x0000000000000060
x7 <- 0x0000000000000060

clint mtime 0x00000000000000AC (mip.MTI <- 0b1, mip.STI <- 0b0)
mem[X,0x0000000080000554] -> 0xB023
mem[X,0x0000000080000556] -> 0x0020
[344] [M]: 0x0000000080000554 (0x0020B023) sd x2, 0x0(x1)                           inst_28+20
mem[W,0x00000000800032D8] <- 0x8000000000000800

mem[X,0x0000000080000558] -> 0xB423
mem[X,0x000000008000055A] -> 0x0070
[345] [M]: 0x0000000080000558 (0x0070B423) sd x7, 0x8(x1)                           inst_28+24
mem[W,0x00000000800032E0] <- 0x0000000000000060

clint mtime 0x00000000000000AD (mip.MTI <- 0b1, mip.STI <- 0b0)
mem[X,0x000000008000055C] -> 0x3B07
mem[X,0x000000008000055E] -> 0x0202
[346] [M]: 0x000000008000055C (0x02023B07) fld f22, 0x20(x4)                        inst_29+0
mem[R,0x00000000800020F8] -> 0x43E0000000000001
f22 <- 0x43E0000000000001
CSR mstatus (0x300) <- 0x8000000A00006000

mem[X,0x0000000080000560] -> 0x0193
mem[X,0x0000000080000562] -> 0x0800
[347] [M]: 0x0000000080000560 (0x08000193) addi x3, x0, 0x80                        inst_29+4
x3 <- 0x0000000000000080

clint mtime 0x00000000000000AE (mip.MTI <- 0b1, mip.STI <- 0b0)
mem[X,0x0000000080000564] -> 0x9073
mem[X,0x0000000080000566] -> 0x0031
[348] [M]: 0x0000000080000564 (0x00319073) csrrw x0, fcsr, x3                       inst_29+8
CSR mstatus (0x300) <- 0x8000000A00006000
CSR fcsr (0x003) <- 0x0000000000000080

mem[X,0x0000000080000568] -> 0x77D3
mem[X,0x000000008000056A] -> 0xC23B
[349] [M]: 0x0000000080000568 (0xC23B77D3) fcvt.lu.d x15, f22, dyn                  inst_29+12
CSR fflags (0x001) <- 0x0000000000000000
CSR fcsr (0x003) <- 0x0000000000000080
x15 <- 0x8000000000000800

clint mtime 0x00000000000000AF (mip.MTI <- 0b1, mip.STI <- 0b0)
mem[X,0x000000008000056C] -> 0x23F3
mem[X,0x000000008000056E] -> 0x0030
[350] [M]: 0x000000008000056C (0x003023F3) csrrs x7, fcsr, x0                       inst_29+16
CSR fcsr (0x003) -> 0x0000000000000080
x7 <- 0x0000000000000080

mem[X,0x0000000080000570] -> 0xB823
mem[X,0x0000000080000572] -> 0x00F0
[351] [M]: 0x0000000080000570 (0x00F0B823) sd x15, 0x10(x1)                         inst_29+20
mem[W,0x00000000800032E8] <- 0x8000000000000800

clint mtime 0x00000000000000B0 (mip.MTI <- 0b1, mip.STI <- 0b0)
mem[X,0x0000000080000574] -> 0xBC23
mem[X,0x0000000080000576] -> 0x0070
[352] [M]: 0x0000000080000574 (0x0070BC23) sd x7, 0x18(x1)                          inst_29+24
mem[W,0x00000000800032F0] <- 0x0000000000000080

mem[X,0x0000000080000578] -> 0x3A07
mem[X,0x000000008000057A] -> 0x0282
[353] [M]: 0x0000000080000578 (0x02823A07) fld f20, 0x28(x4)                        inst_30+0
mem[R,0x0000000080002100] -> 0x43E0000000000002
f20 <- 0x43E0000000000002
CSR mstatus (0x300) <- 0x8000000A00006000

clint mtime 0x00000000000000B1 (mip.MTI <- 0b1, mip.STI <- 0b0)
mem[X,0x000000008000057C] -> 0x0193
mem[X,0x000000008000057E] -> 0x0000
[354] [M]: 0x000000008000057C (0x00000193) addi x3, x0, 0x0                         inst_30+4
x3 <- 0x0000000000000000

mem[X,0x0000000080000580] -> 0x9073
mem[X,0x0000000080000582] -> 0x0031
[355] [M]: 0x0000000080000580 (0x00319073) csrrw x0, fcsr, x3                       inst_30+8
CSR mstatus (0x300) <- 0x8000000A00006000
CSR fcsr (0x003) <- 0x0000000000000000

clint mtime 0x00000000000000B2 (mip.MTI <- 0b1, mip.STI <- 0b0)
mem[X,0x0000000080000584] -> 0x7E53
mem[X,0x0000000080000586] -> 0xC23A
[356] [M]: 0x0000000080000584 (0xC23A7E53) fcvt.lu.d x28, f20, dyn                  inst_30+12
CSR fflags (0x001) <- 0x0000000000000000
CSR fcsr (0x003) <- 0x0000000000000000
x28 <- 0x8000000000001000

mem[X,0x0000000080000588] -> 0x23F3
mem[X,0x000000008000058A] -> 0x0030
[357] [M]: 0x0000000080000588 (0x003023F3) csrrs x7, fcsr, x0                       inst_30+16
CSR fcsr (0x003) -> 0x0000000000000000
x7 <- 0x0000000000000000

clint mtime 0x00000000000000B3 (mip.MTI <- 0b1, mip.STI <- 0b0)
mem[X,0x000000008000058C] -> 0xB023
mem[X,0x000000008000058E] -> 0x03C0
[358] [M]: 0x000000008000058C (0x03C0B023) sd x28, 0x20(x1)                         inst_30+20
mem[W,0x00000000800032F8] <- 0x8000000000001000

mem[X,0x0000000080000590] -> 0xB423
mem[X,0x0000000080000592] -> 0x0270
[359] [M]: 0x0000000080000590 (0x0270B423) sd x7, 0x28(x1)                          inst_30+24
mem[W,0x0000000080003300] <- 0x0000000000000000

clint mtime 0x00000000000000B4 (mip.MTI <- 0b1, mip.STI <- 0b0)
mem[X,0x0000000080000594] -> 0x3207
mem[X,0x0000000080000596] -> 0x0302
[360] [M]: 0x0000000080000594 (0x03023207) fld f4, 0x30(x4)                         inst_31+0
mem[R,0x0000000080002108] -> 0x43E0000000000002
f4 <- 0x43E0000000000002
CSR mstatus (0x300) <- 0x8000000A00006000

mem[X,0x0000000080000598] -> 0x0193
mem[X,0x000000008000059A] -> 0x0200
[361] [M]: 0x0000000080000598 (0x02000193) addi x3, x0, 0x20                        inst_31+4
x3 <- 0x0000000000000020

clint mtime 0x00000000000000B5 (mip.MTI <- 0b1, mip.STI <- 0b0)
mem[X,0x000000008000059C] -> 0x9073
mem[X,0x000000008000059E] -> 0x0031
[362] [M]: 0x000000008000059C (0x00319073) csrrw x0, fcsr, x3                       inst_31+8
CSR mstatus (0x300) <- 0x8000000A00006000
CSR fcsr (0x003) <- 0x0000000000000020

mem[X,0x00000000800005A0] -> 0x7353
mem[X,0x00000000800005A2] -> 0xC232
[363] [M]: 0x00000000800005A0 (0xC2327353) fcvt.lu.d x6, f4, dyn                    inst_31+12
CSR fflags (0x001) <- 0x0000000000000000
CSR fcsr (0x003) <- 0x0000000000000020
x6 <- 0x8000000000001000

clint mtime 0x00000000000000B6 (mip.MTI <- 0b1, mip.STI <- 0b0)
mem[X,0x00000000800005A4] -> 0x23F3
mem[X,0x00000000800005A6] -> 0x0030
[364] [M]: 0x00000000800005A4 (0x003023F3) csrrs x7, fcsr, x0                       inst_31+16
CSR fcsr (0x003) -> 0x0000000000000020
x7 <- 0x0000000000000020

mem[X,0x00000000800005A8] -> 0xB823
mem[X,0x00000000800005AA] -> 0x0260
[365] [M]: 0x00000000800005A8 (0x0260B823) sd x6, 0x30(x1)                          inst_31+20
mem[W,0x0000000080003308] <- 0x8000000000001000

clint mtime 0x00000000000000B7 (mip.MTI <- 0b1, mip.STI <- 0b0)
mem[X,0x00000000800005AC] -> 0xBC23
mem[X,0x00000000800005AE] -> 0x0270
[366] [M]: 0x00000000800005AC (0x0270BC23) sd x7, 0x38(x1)                          inst_31+24
mem[W,0x0000000080003310] <- 0x0000000000000020

mem[X,0x00000000800005B0] -> 0x3F87
mem[X,0x00000000800005B2] -> 0x0382
[367] [M]: 0x00000000800005B0 (0x03823F87) fld f31, 0x38(x4)                        inst_32+0
mem[R,0x0000000080002110] -> 0x43E0000000000002
f31 <- 0x43E0000000000002
CSR mstatus (0x300) <- 0x8000000A00006000

clint mtime 0x00000000000000B8 (mip.MTI <- 0b1, mip.STI <- 0b0)
mem[X,0x00000000800005B4] -> 0x0193
mem[X,0x00000000800005B6] -> 0x0400
[368] [M]: 0x00000000800005B4 (0x04000193) addi x3, x0, 0x40                        inst_32+4
x3 <- 0x0000000000000040

mem[X,0x00000000800005B8] -> 0x9073
mem[X,0x00000000800005BA] -> 0x0031
[369] [M]: 0x00000000800005B8 (0x00319073) csrrw x0, fcsr, x3                       inst_32+8
CSR mstatus (0x300) <- 0x8000000A00006000
CSR fcsr (0x003) <- 0x0000000000000040

clint mtime 0x00000000000000B9 (mip.MTI <- 0b1, mip.STI <- 0b0)
mem[X,0x00000000800005BC] -> 0xFFD3
mem[X,0x00000000800005BE] -> 0xC23F
[370] [M]: 0x00000000800005BC (0xC23FFFD3) fcvt.lu.d x31, f31, dyn                  inst_32+12
CSR fflags (0x001) <- 0x0000000000000000
CSR fcsr (0x003) <- 0x0000000000000040
x31 <- 0x8000000000001000

mem[X,0x00000000800005C0] -> 0x23F3
mem[X,0x00000000800005C2] -> 0x0030
[371] [M]: 0x00000000800005C0 (0x003023F3) csrrs x7, fcsr, x0                       inst_32+16
CSR fcsr (0x003) -> 0x0000000000000040
x7 <- 0x0000000000000040

clint mtime 0x00000000000000BA (mip.MTI <- 0b1, mip.STI <- 0b0)
mem[X,0x00000000800005C4] -> 0xB023
mem[X,0x00000000800005C6] -> 0x05F0
[372] [M]: 0x00000000800005C4 (0x05F0B023) sd x31, 0x40(x1)                         inst_32+20
mem[W,0x0000000080003318] <- 0x8000000000001000

mem[X,0x00000000800005C8] -> 0xB423
mem[X,0x00000000800005CA] -> 0x0470
[373] [M]: 0x00000000800005C8 (0x0470B423) sd x7, 0x48(x1)                          inst_32+24
mem[W,0x0000000080003320] <- 0x0000000000000040

clint mtime 0x00000000000000BB (mip.MTI <- 0b1, mip.STI <- 0b0)
mem[X,0x00000000800005CC] -> 0x3F87
mem[X,0x00000000800005CE] -> 0x0402
[374] [M]: 0x00000000800005CC (0x04023F87) fld f31, 0x40(x4)                        inst_33+0
mem[R,0x0000000080002118] -> 0x43E0000000000002
f31 <- 0x43E0000000000002
CSR mstatus (0x300) <- 0x8000000A00006000

mem[X,0x00000000800005D0] -> 0x0193
mem[X,0x00000000800005D2] -> 0x0600
[375] [M]: 0x00000000800005D0 (0x06000193) addi x3, x0, 0x60                        inst_33+4
x3 <- 0x0000000000000060

clint mtime 0x00000000000000BC (mip.MTI <- 0b1, mip.STI <- 0b0)
mem[X,0x00000000800005D4] -> 0x9073
mem[X,0x00000000800005D6] -> 0x0031
[376] [M]: 0x00000000800005D4 (0x00319073) csrrw x0, fcsr, x3                       inst_33+8
CSR mstatus (0x300) <- 0x8000000A00006000
CSR fcsr (0x003) <- 0x0000000000000060

mem[X,0x00000000800005D8] -> 0xFFD3
mem[X,0x00000000800005DA] -> 0xC23F
[377] [M]: 0x00000000800005D8 (0xC23FFFD3) fcvt.lu.d x31, f31, dyn                  inst_33+12
CSR fflags (0x001) <- 0x0000000000000000
CSR fcsr (0x003) <- 0x0000000000000060
x31 <- 0x8000000000001000

clint mtime 0x00000000000000BD (mip.MTI <- 0b1, mip.STI <- 0b0)
mem[X,0x00000000800005DC] -> 0x23F3
mem[X,0x00000000800005DE] -> 0x0030
[378] [M]: 0x00000000800005DC (0x003023F3) csrrs x7, fcsr, x0                       inst_33+16
CSR fcsr (0x003) -> 0x0000000000000060
x7 <- 0x0000000000000060

mem[X,0x00000000800005E0] -> 0xB823
mem[X,0x00000000800005E2] -> 0x05F0
[379] [M]: 0x00000000800005E0 (0x05F0B823) sd x31, 0x50(x1)                         inst_33+20
mem[W,0x0000000080003328] <- 0x8000000000001000

clint mtime 0x00000000000000BE (mip.MTI <- 0b1, mip.STI <- 0b0)
mem[X,0x00000000800005E4] -> 0xBC23
mem[X,0x00000000800005E6] -> 0x0470
[380] [M]: 0x00000000800005E4 (0x0470BC23) sd x7, 0x58(x1)                          inst_33+24
mem[W,0x0000000080003330] <- 0x0000000000000060

mem[X,0x00000000800005E8] -> 0x3F87
mem[X,0x00000000800005EA] -> 0x0482
[381] [M]: 0x00000000800005E8 (0x04823F87) fld f31, 0x48(x4)                        inst_34+0
mem[R,0x0000000080002120] -> 0x43E0000000000002
f31 <- 0x43E0000000000002
CSR mstatus (0x300) <- 0x8000000A00006000

clint mtime 0x00000000000000BF (mip.MTI <- 0b1, mip.STI <- 0b0)
mem[X,0x00000000800005EC] -> 0x0193
mem[X,0x00000000800005EE] -> 0x0800
[382] [M]: 0x00000000800005EC (0x08000193) addi x3, x0, 0x80                        inst_34+4
x3 <- 0x0000000000000080

mem[X,0x00000000800005F0] -> 0x9073
mem[X,0x00000000800005F2] -> 0x0031
[383] [M]: 0x00000000800005F0 (0x00319073) csrrw x0, fcsr, x3                       inst_34+8
CSR mstatus (0x300) <- 0x8000000A00006000
CSR fcsr (0x003) <- 0x0000000000000080

clint mtime 0x00000000000000C0 (mip.MTI <- 0b1, mip.STI <- 0b0)
mem[X,0x00000000800005F4] -> 0xFFD3
mem[X,0x00000000800005F6] -> 0xC23F
[384] [M]: 0x00000000800005F4 (0xC23FFFD3) fcvt.lu.d x31, f31, dyn                  inst_34+12
CSR fflags (0x001) <- 0x0000000000000000
CSR fcsr (0x003) <- 0x0000000000000080
x31 <- 0x8000000000001000

mem[X,0x00000000800005F8] -> 0x23F3
mem[X,0x00000000800005FA] -> 0x0030
[385] [M]: 0x00000000800005F8 (0x003023F3) csrrs x7, fcsr, x0                       inst_34+16
CSR fcsr (0x003) -> 0x0000000000000080
x7 <- 0x0000000000000080

clint mtime 0x00000000000000C1 (mip.MTI <- 0b1, mip.STI <- 0b0)
mem[X,0x00000000800005FC] -> 0xB023
mem[X,0x00000000800005FE] -> 0x07F0
[386] [M]: 0x00000000800005FC (0x07F0B023) sd x31, 0x60(x1)                         inst_34+20
mem[W,0x0000000080003338] <- 0x8000000000001000

mem[X,0x0000000080000600] -> 0xB423
mem[X,0x0000000080000602] -> 0x0670
[387] [M]: 0x0000000080000600 (0x0670B423) sd x7, 0x68(x1)                          inst_34+24
mem[W,0x0000000080003340] <- 0x0000000000000080

clint mtime 0x00000000000000C2 (mip.MTI <- 0b1, mip.STI <- 0b0)
mem[X,0x0000000080000604] -> 0x3F87
mem[X,0x0000000080000606] -> 0x0502
[388] [M]: 0x0000000080000604 (0x05023F87) fld f31, 0x50(x4)                        inst_35+0
mem[R,0x0000000080002128] -> 0x43E0000000000003
f31 <- 0x43E0000000000003
CSR mstatus (0x300) <- 0x8000000A00006000

mem[X,0x0000000080000608] -> 0x0193
mem[X,0x000000008000060A] -> 0x0000
[389] [M]: 0x0000000080000608 (0x00000193) addi x3, x0, 0x0                         inst_35+4
x3 <- 0x0000000000000000

clint mtime 0x00000000000000C3 (mip.MTI <- 0b1, mip.STI <- 0b0)
mem[X,0x000000008000060C] -> 0x9073
mem[X,0x000000008000060E] -> 0x0031
[390] [M]: 0x000000008000060C (0x00319073) csrrw x0, fcsr, x3                       inst_35+8
CSR mstatus (0x300) <- 0x8000000A00006000
CSR fcsr (0x003) <- 0x0000000000000000

mem[X,0x0000000080000610] -> 0xFFD3
mem[X,0x0000000080000612] -> 0xC23F
[391] [M]: 0x0000000080000610 (0xC23FFFD3) fcvt.lu.d x31, f31, dyn                  inst_35+12
CSR fflags (0x001) <- 0x0000000000000000
CSR fcsr (0x003) <- 0x0000000000000000
x31 <- 0x8000000000001800

clint mtime 0x00000000000000C4 (mip.MTI <- 0b1, mip.STI <- 0b0)
mem[X,0x0000000080000614] -> 0x23F3
mem[X,0x0000000080000616] -> 0x0030
[392] [M]: 0x0000000080000614 (0x003023F3) csrrs x7, fcsr, x0                       inst_35+16
CSR fcsr (0x003) -> 0x0000000000000000
x7 <- 0x0000000000000000

mem[X,0x0000000080000618] -> 0xB823
mem[X,0x000000008000061A] -> 0x07F0
[393] [M]: 0x0000000080000618 (0x07F0B823) sd x31, 0x70(x1)                         inst_35+20
mem[W,0x0000000080003348] <- 0x8000000000001800

clint mtime 0x00000000000000C5 (mip.MTI <- 0b1, mip.STI <- 0b0)
mem[X,0x000000008000061C] -> 0xBC23
mem[X,0x000000008000061E] -> 0x0670
[394] [M]: 0x000000008000061C (0x0670BC23) sd x7, 0x78(x1)                          inst_35+24
mem[W,0x0000000080003350] <- 0x0000000000000000

mem[X,0x0000000080000620] -> 0x3F87
mem[X,0x0000000080000622] -> 0x0582
[395] [M]: 0x0000000080000620 (0x05823F87) fld f31, 0x58(x4)                        inst_36+0
mem[R,0x0000000080002130] -> 0x43E0000000000003
f31 <- 0x43E0000000000003
CSR mstatus (0x300) <- 0x8000000A00006000

clint mtime 0x00000000000000C6 (mip.MTI <- 0b1, mip.STI <- 0b0)
mem[X,0x0000000080000624] -> 0x0193
mem[X,0x0000000080000626] -> 0x0200
[396] [M]: 0x0000000080000624 (0x02000193) addi x3, x0, 0x20                        inst_36+4
x3 <- 0x0000000000000020

mem[X,0x0000000080000628] -> 0x9073
mem[X,0x000000008000062A] -> 0x0031
[397] [M]: 0x0000000080000628 (0x00319073) csrrw x0, fcsr, x3                       inst_36+8
CSR mstatus (0x300) <- 0x8000000A00006000
CSR fcsr (0x003) <- 0x0000000000000020

clint mtime 0x00000000000000C7 (mip.MTI <- 0b1, mip.STI <- 0b0)
mem[X,0x000000008000062C] -> 0xFFD3
mem[X,0x000000008000062E] -> 0xC23F
[398] [M]: 0x000000008000062C (0xC23FFFD3) fcvt.lu.d x31, f31, dyn                  inst_36+12
CSR fflags (0x001) <- 0x0000000000000000
CSR fcsr (0x003) <- 0x0000000000000020
x31 <- 0x8000000000001800

mem[X,0x0000000080000630] -> 0x23F3
mem[X,0x0000000080000632] -> 0x0030
[399] [M]: 0x0000000080000630 (0x003023F3) csrrs x7, fcsr, x0                       inst_36+16
CSR fcsr (0x003) -> 0x0000000000000020
x7 <- 0x0000000000000020

clint mtime 0x00000000000000C8 (mip.MTI <- 0b1, mip.STI <- 0b0)
mem[X,0x0000000080000634] -> 0xB023
mem[X,0x0000000080000636] -> 0x09F0
[400] [M]: 0x0000000080000634 (0x09F0B023) sd x31, 0x80(x1)                         inst_36+20
mem[W,0x0000000080003358] <- 0x8000000000001800

mem[X,0x0000000080000638] -> 0xB423
mem[X,0x000000008000063A] -> 0x0870
[401] [M]: 0x0000000080000638 (0x0870B423) sd x7, 0x88(x1)                          inst_36+24
mem[W,0x0000000080003360] <- 0x0000000000000020

clint mtime 0x00000000000000C9 (mip.MTI <- 0b1, mip.STI <- 0b0)
mem[X,0x000000008000063C] -> 0x3F87
mem[X,0x000000008000063E] -> 0x0602
[402] [M]: 0x000000008000063C (0x06023F87) fld f31, 0x60(x4)                        inst_37+0
mem[R,0x0000000080002138] -> 0x43E0000000000003
f31 <- 0x43E0000000000003
CSR mstatus (0x300) <- 0x8000000A00006000

mem[X,0x0000000080000640] -> 0x0193
mem[X,0x0000000080000642] -> 0x0400
[403] [M]: 0x0000000080000640 (0x04000193) addi x3, x0, 0x40                        inst_37+4
x3 <- 0x0000000000000040

clint mtime 0x00000000000000CA (mip.MTI <- 0b1, mip.STI <- 0b0)
mem[X,0x0000000080000644] -> 0x9073
mem[X,0x0000000080000646] -> 0x0031
[404] [M]: 0x0000000080000644 (0x00319073) csrrw x0, fcsr, x3                       inst_37+8
CSR mstatus (0x300) <- 0x8000000A00006000
CSR fcsr (0x003) <- 0x0000000000000040

mem[X,0x0000000080000648] -> 0xFFD3
mem[X,0x000000008000064A] -> 0xC23F
[405] [M]: 0x0000000080000648 (0xC23FFFD3) fcvt.lu.d x31, f31, dyn                  inst_37+12
CSR fflags (0x001) <- 0x0000000000000000
CSR fcsr (0x003) <- 0x0000000000000040
x31 <- 0x8000000000001800

clint mtime 0x00000000000000CB (mip.MTI <- 0b1, mip.STI <- 0b0)
mem[X,0x000000008000064C] -> 0x23F3
mem[X,0x000000008000064E] -> 0x0030
[406] [M]: 0x000000008000064C (0x003023F3) csrrs x7, fcsr, x0                       inst_37+16
CSR fcsr (0x003) -> 0x0000000000000040
x7 <- 0x0000000000000040

mem[X,0x0000000080000650] -> 0xB823
mem[X,0x0000000080000652] -> 0x09F0
[407] [M]: 0x0000000080000650 (0x09F0B823) sd x31, 0x90(x1)                         inst_37+20
mem[W,0x0000000080003368] <- 0x8000000000001800

clint mtime 0x00000000000000CC (mip.MTI <- 0b1, mip.STI <- 0b0)
mem[X,0x0000000080000654] -> 0xBC23
mem[X,0x0000000080000656] -> 0x0870
[408] [M]: 0x0000000080000654 (0x0870BC23) sd x7, 0x98(x1)                          inst_37+24
mem[W,0x0000000080003370] <- 0x0000000000000040

mem[X,0x0000000080000658] -> 0x3F87
mem[X,0x000000008000065A] -> 0x0682
[409] [M]: 0x0000000080000658 (0x06823F87) fld f31, 0x68(x4)                        inst_38+0
mem[R,0x0000000080002140] -> 0x43E0000000000003
f31 <- 0x43E0000000000003
CSR mstatus (0x300) <- 0x8000000A00006000

clint mtime 0x00000000000000CD (mip.MTI <- 0b1, mip.STI <- 0b0)
mem[X,0x000000008000065C] -> 0x0193
mem[X,0x000000008000065E] -> 0x0600
[410] [M]: 0x000000008000065C (0x06000193) addi x3, x0, 0x60                        inst_38+4
x3 <- 0x0000000000000060

mem[X,0x0000000080000660] -> 0x9073
mem[X,0x0000000080000662] -> 0x0031
[411] [M]: 0x0000000080000660 (0x00319073) csrrw x0, fcsr, x3                       inst_38+8
CSR mstatus (0x300) <- 0x8000000A00006000
CSR fcsr (0x003) <- 0x0000000000000060

clint mtime 0x00000000000000CE (mip.MTI <- 0b1, mip.STI <- 0b0)
mem[X,0x0000000080000664] -> 0xFFD3
mem[X,0x0000000080000666] -> 0xC23F
[412] [M]: 0x0000000080000664 (0xC23FFFD3) fcvt.lu.d x31, f31, dyn                  inst_38+12
CSR fflags (0x001) <- 0x0000000000000000
CSR fcsr (0x003) <- 0x0000000000000060
x31 <- 0x8000000000001800

mem[X,0x0000000080000668] -> 0x23F3
mem[X,0x000000008000066A] -> 0x0030
[413] [M]: 0x0000000080000668 (0x003023F3) csrrs x7, fcsr, x0                       inst_38+16
CSR fcsr (0x003) -> 0x0000000000000060
x7 <- 0x0000000000000060

clint mtime 0x00000000000000CF (mip.MTI <- 0b1, mip.STI <- 0b0)
mem[X,0x000000008000066C] -> 0xB023
mem[X,0x000000008000066E] -> 0x0BF0
[414] [M]: 0x000000008000066C (0x0BF0B023) sd x31, 0xa0(x1)                         inst_38+20
mem[W,0x0000000080003378] <- 0x8000000000001800

mem[X,0x0000000080000670] -> 0xB423
mem[X,0x0000000080000672] -> 0x0A70
[415] [M]: 0x0000000080000670 (0x0A70B423) sd x7, 0xa8(x1)                          inst_38+24
mem[W,0x0000000080003380] <- 0x0000000000000060

clint mtime 0x00000000000000D0 (mip.MTI <- 0b1, mip.STI <- 0b0)
mem[X,0x0000000080000674] -> 0x3F87
mem[X,0x0000000080000676] -> 0x0702
[416] [M]: 0x0000000080000674 (0x07023F87) fld f31, 0x70(x4)                        inst_39+0
mem[R,0x0000000080002148] -> 0x43E0000000000003
f31 <- 0x43E0000000000003
CSR mstatus (0x300) <- 0x8000000A00006000

mem[X,0x0000000080000678] -> 0x0193
mem[X,0x000000008000067A] -> 0x0800
[417] [M]: 0x0000000080000678 (0x08000193) addi x3, x0, 0x80                        inst_39+4
x3 <- 0x0000000000000080

clint mtime 0x00000000000000D1 (mip.MTI <- 0b1, mip.STI <- 0b0)
mem[X,0x000000008000067C] -> 0x9073
mem[X,0x000000008000067E] -> 0x0031
[418] [M]: 0x000000008000067C (0x00319073) csrrw x0, fcsr, x3                       inst_39+8
CSR mstatus (0x300) <- 0x8000000A00006000
CSR fcsr (0x003) <- 0x0000000000000080

mem[X,0x0000000080000680] -> 0xFFD3
mem[X,0x0000000080000682] -> 0xC23F
[419] [M]: 0x0000000080000680 (0xC23FFFD3) fcvt.lu.d x31, f31, dyn                  inst_39+12
CSR fflags (0x001) <- 0x0000000000000000
CSR fcsr (0x003) <- 0x0000000000000080
x31 <- 0x8000000000001800

clint mtime 0x00000000000000D2 (mip.MTI <- 0b1, mip.STI <- 0b0)
mem[X,0x0000000080000684] -> 0x23F3
mem[X,0x0000000080000686] -> 0x0030
[420] [M]: 0x0000000080000684 (0x003023F3) csrrs x7, fcsr, x0                       inst_39+16
CSR fcsr (0x003) -> 0x0000000000000080
x7 <- 0x0000000000000080

mem[X,0x0000000080000688] -> 0xB823
mem[X,0x000000008000068A] -> 0x0BF0
[421] [M]: 0x0000000080000688 (0x0BF0B823) sd x31, 0xb0(x1)                         inst_39+20
mem[W,0x0000000080003388] <- 0x8000000000001800

clint mtime 0x00000000000000D3 (mip.MTI <- 0b1, mip.STI <- 0b0)
mem[X,0x000000008000068C] -> 0xBC23
mem[X,0x000000008000068E] -> 0x0A70
[422] [M]: 0x000000008000068C (0x0A70BC23) sd x7, 0xb8(x1)                          inst_39+24
mem[W,0x0000000080003390] <- 0x0000000000000080

mem[X,0x0000000080000690] -> 0x3F87
mem[X,0x0000000080000692] -> 0x0782
[423] [M]: 0x0000000080000690 (0x07823F87) fld f31, 0x78(x4)                        inst_40+0
mem[R,0x0000000080002150] -> 0x43E0000000000004
f31 <- 0x43E0000000000004
CSR mstatus (0x300) <- 0x8000000A00006000

clint mtime 0x00000000000000D4 (mip.MTI <- 0b1, mip.STI <- 0b0)
mem[X,0x0000000080000694] -> 0x0193
mem[X,0x0000000080000696] -> 0x0000
[424] [M]: 0x0000000080000694 (0x00000193) addi x3, x0, 0x0                         inst_40+4
x3 <- 0x0000000000000000

mem[X,0x0000000080000698] -> 0x9073
mem[X,0x000000008000069A] -> 0x0031
[425] [M]: 0x0000000080000698 (0x00319073) csrrw x0, fcsr, x3                       inst_40+8
CSR mstatus (0x300) <- 0x8000000A00006000
CSR fcsr (0x003) <- 0x0000000000000000

clint mtime 0x00000000000000D5 (mip.MTI <- 0b1, mip.STI <- 0b0)
mem[X,0x000000008000069C] -> 0xFFD3
mem[X,0x000000008000069E] -> 0xC23F
[426] [M]: 0x000000008000069C (0xC23FFFD3) fcvt.lu.d x31, f31, dyn                  inst_40+12
CSR fflags (0x001) <- 0x0000000000000000
CSR fcsr (0x003) <- 0x0000000000000000
x31 <- 0x8000000000002000

mem[X,0x00000000800006A0] -> 0x23F3
mem[X,0x00000000800006A2] -> 0x0030
[427] [M]: 0x00000000800006A0 (0x003023F3) csrrs x7, fcsr, x0                       inst_40+16
CSR fcsr (0x003) -> 0x0000000000000000
x7 <- 0x0000000000000000

clint mtime 0x00000000000000D6 (mip.MTI <- 0b1, mip.STI <- 0b0)
mem[X,0x00000000800006A4] -> 0xB023
mem[X,0x00000000800006A6] -> 0x0DF0
[428] [M]: 0x00000000800006A4 (0x0DF0B023) sd x31, 0xc0(x1)                         inst_40+20
mem[W,0x0000000080003398] <- 0x8000000000002000

mem[X,0x00000000800006A8] -> 0xB423
mem[X,0x00000000800006AA] -> 0x0C70
[429] [M]: 0x00000000800006A8 (0x0C70B423) sd x7, 0xc8(x1)                          inst_40+24
mem[W,0x00000000800033A0] <- 0x0000000000000000

clint mtime 0x00000000000000D7 (mip.MTI <- 0b1, mip.STI <- 0b0)
mem[X,0x00000000800006AC] -> 0x3F87
mem[X,0x00000000800006AE] -> 0x0802
[430] [M]: 0x00000000800006AC (0x08023F87) fld f31, 0x80(x4)                        inst_41+0
mem[R,0x0000000080002158] -> 0x43E0000000000004
f31 <- 0x43E0000000000004
CSR mstatus (0x300) <- 0x8000000A00006000

mem[X,0x00000000800006B0] -> 0x0193
mem[X,0x00000000800006B2] -> 0x0200
[431] [M]: 0x00000000800006B0 (0x02000193) addi x3, x0, 0x20                        inst_41+4
x3 <- 0x0000000000000020

clint mtime 0x00000000000000D8 (mip.MTI <- 0b1, mip.STI <- 0b0)
mem[X,0x00000000800006B4] -> 0x9073
mem[X,0x00000000800006B6] -> 0x0031
[432] [M]: 0x00000000800006B4 (0x00319073) csrrw x0, fcsr, x3                       inst_41+8
CSR mstatus (0x300) <- 0x8000000A00006000
CSR fcsr (0x003) <- 0x0000000000000020

mem[X,0x00000000800006B8] -> 0xFFD3
mem[X,0x00000000800006BA] -> 0xC23F
[433] [M]: 0x00000000800006B8 (0xC23FFFD3) fcvt.lu.d x31, f31, dyn                  inst_41+12
CSR fflags (0x001) <- 0x0000000000000000
CSR fcsr (0x003) <- 0x0000000000000020
x31 <- 0x8000000000002000

clint mtime 0x00000000000000D9 (mip.MTI <- 0b1, mip.STI <- 0b0)
mem[X,0x00000000800006BC] -> 0x23F3
mem[X,0x00000000800006BE] -> 0x0030
[434] [M]: 0x00000000800006BC (0x003023F3) csrrs x7, fcsr, x0                       inst_41+16
CSR fcsr (0x003) -> 0x0000000000000020
x7 <- 0x0000000000000020

mem[X,0x00000000800006C0] -> 0xB823
mem[X,0x00000000800006C2] -> 0x0DF0
[435] [M]: 0x00000000800006C0 (0x0DF0B823) sd x31, 0xd0(x1)                         inst_41+20
mem[W,0x00000000800033A8] <- 0x8000000000002000

clint mtime 0x00000000000000DA (mip.MTI <- 0b1, mip.STI <- 0b0)
mem[X,0x00000000800006C4] -> 0xBC23
mem[X,0x00000000800006C6] -> 0x0C70
[436] [M]: 0x00000000800006C4 (0x0C70BC23) sd x7, 0xd8(x1)                          inst_41+24
mem[W,0x00000000800033B0] <- 0x0000000000000020

mem[X,0x00000000800006C8] -> 0x3F87
mem[X,0x00000000800006CA] -> 0x0882
[437] [M]: 0x00000000800006C8 (0x08823F87) fld f31, 0x88(x4)                        inst_42+0
mem[R,0x0000000080002160] -> 0x43E0000000000004
f31 <- 0x43E0000000000004
CSR mstatus (0x300) <- 0x8000000A00006000

clint mtime 0x00000000000000DB (mip.MTI <- 0b1, mip.STI <- 0b0)
mem[X,0x00000000800006CC] -> 0x0193
mem[X,0x00000000800006CE] -> 0x0400
[438] [M]: 0x00000000800006CC (0x04000193) addi x3, x0, 0x40                        inst_42+4
x3 <- 0x0000000000000040

mem[X,0x00000000800006D0] -> 0x9073
mem[X,0x00000000800006D2] -> 0x0031
[439] [M]: 0x00000000800006D0 (0x00319073) csrrw x0, fcsr, x3                       inst_42+8
CSR mstatus (0x300) <- 0x8000000A00006000
CSR fcsr (0x003) <- 0x0000000000000040

clint mtime 0x00000000000000DC (mip.MTI <- 0b1, mip.STI <- 0b0)
mem[X,0x00000000800006D4] -> 0xFFD3
mem[X,0x00000000800006D6] -> 0xC23F
[440] [M]: 0x00000000800006D4 (0xC23FFFD3) fcvt.lu.d x31, f31, dyn                  inst_42+12
CSR fflags (0x001) <- 0x0000000000000000
CSR fcsr (0x003) <- 0x0000000000000040
x31 <- 0x8000000000002000

mem[X,0x00000000800006D8] -> 0x23F3
mem[X,0x00000000800006DA] -> 0x0030
[441] [M]: 0x00000000800006D8 (0x003023F3) csrrs x7, fcsr, x0                       inst_42+16
CSR fcsr (0x003) -> 0x0000000000000040
x7 <- 0x0000000000000040

clint mtime 0x00000000000000DD (mip.MTI <- 0b1, mip.STI <- 0b0)
mem[X,0x00000000800006DC] -> 0xB023
mem[X,0x00000000800006DE] -> 0x0FF0
[442] [M]: 0x00000000800006DC (0x0FF0B023) sd x31, 0xe0(x1)                         inst_42+20
mem[W,0x00000000800033B8] <- 0x8000000000002000

mem[X,0x00000000800006E0] -> 0xB423
mem[X,0x00000000800006E2] -> 0x0E70
[443] [M]: 0x00000000800006E0 (0x0E70B423) sd x7, 0xe8(x1)                          inst_42+24
mem[W,0x00000000800033C0] <- 0x0000000000000040

clint mtime 0x00000000000000DE (mip.MTI <- 0b1, mip.STI <- 0b0)
mem[X,0x00000000800006E4] -> 0x3F87
mem[X,0x00000000800006E6] -> 0x0902
[444] [M]: 0x00000000800006E4 (0x09023F87) fld f31, 0x90(x4)                        inst_43+0
mem[R,0x0000000080002168] -> 0x43E0000000000004
f31 <- 0x43E0000000000004
CSR mstatus (0x300) <- 0x8000000A00006000

mem[X,0x00000000800006E8] -> 0x0193
mem[X,0x00000000800006EA] -> 0x0600
[445] [M]: 0x00000000800006E8 (0x06000193) addi x3, x0, 0x60                        inst_43+4
x3 <- 0x0000000000000060

clint mtime 0x00000000000000DF (mip.MTI <- 0b1, mip.STI <- 0b0)
mem[X,0x00000000800006EC] -> 0x9073
mem[X,0x00000000800006EE] -> 0x0031
[446] [M]: 0x00000000800006EC (0x00319073) csrrw x0, fcsr, x3                       inst_43+8
CSR mstatus (0x300) <- 0x8000000A00006000
CSR fcsr (0x003) <- 0x0000000000000060

mem[X,0x00000000800006F0] -> 0xFFD3
mem[X,0x00000000800006F2] -> 0xC23F
[447] [M]: 0x00000000800006F0 (0xC23FFFD3) fcvt.lu.d x31, f31, dyn                  inst_43+12
CSR fflags (0x001) <- 0x0000000000000000
CSR fcsr (0x003) <- 0x0000000000000060
x31 <- 0x8000000000002000

clint mtime 0x00000000000000E0 (mip.MTI <- 0b1, mip.STI <- 0b0)
mem[X,0x00000000800006F4] -> 0x23F3
mem[X,0x00000000800006F6] -> 0x0030
[448] [M]: 0x00000000800006F4 (0x003023F3) csrrs x7, fcsr, x0                       inst_43+16
CSR fcsr (0x003) -> 0x0000000000000060
x7 <- 0x0000000000000060

mem[X,0x00000000800006F8] -> 0xB823
mem[X,0x00000000800006FA] -> 0x0FF0
[449] [M]: 0x00000000800006F8 (0x0FF0B823) sd x31, 0xf0(x1)                         inst_43+20
mem[W,0x00000000800033C8] <- 0x8000000000002000

clint mtime 0x00000000000000E1 (mip.MTI <- 0b1, mip.STI <- 0b0)
mem[X,0x00000000800006FC] -> 0xBC23
mem[X,0x00000000800006FE] -> 0x0E70
[450] [M]: 0x00000000800006FC (0x0E70BC23) sd x7, 0xf8(x1)                          inst_43+24
mem[W,0x00000000800033D0] <- 0x0000000000000060

mem[X,0x0000000080000700] -> 0x3F87
mem[X,0x0000000080000702] -> 0x0982
[451] [M]: 0x0000000080000700 (0x09823F87) fld f31, 0x98(x4)                        inst_44+0
mem[R,0x0000000080002170] -> 0x43E0000000000004
f31 <- 0x43E0000000000004
CSR mstatus (0x300) <- 0x8000000A00006000

clint mtime 0x00000000000000E2 (mip.MTI <- 0b1, mip.STI <- 0b0)
mem[X,0x0000000080000704] -> 0x0193
mem[X,0x0000000080000706] -> 0x0800
[452] [M]: 0x0000000080000704 (0x08000193) addi x3, x0, 0x80                        inst_44+4
x3 <- 0x0000000000000080

mem[X,0x0000000080000708] -> 0x9073
mem[X,0x000000008000070A] -> 0x0031
[453] [M]: 0x0000000080000708 (0x00319073) csrrw x0, fcsr, x3                       inst_44+8
CSR mstatus (0x300) <- 0x8000000A00006000
CSR fcsr (0x003) <- 0x0000000000000080

clint mtime 0x00000000000000E3 (mip.MTI <- 0b1, mip.STI <- 0b0)
mem[X,0x000000008000070C] -> 0xFFD3
mem[X,0x000000008000070E] -> 0xC23F
[454] [M]: 0x000000008000070C (0xC23FFFD3) fcvt.lu.d x31, f31, dyn                  inst_44+12
CSR fflags (0x001) <- 0x0000000000000000
CSR fcsr (0x003) <- 0x0000000000000080
x31 <- 0x8000000000002000

mem[X,0x0000000080000710] -> 0x23F3
mem[X,0x0000000080000712] -> 0x0030
[455] [M]: 0x0000000080000710 (0x003023F3) csrrs x7, fcsr, x0                       inst_44+16
CSR fcsr (0x003) -> 0x0000000000000080
x7 <- 0x0000000000000080

clint mtime 0x00000000000000E4 (mip.MTI <- 0b1, mip.STI <- 0b0)
mem[X,0x0000000080000714] -> 0xB023
mem[X,0x0000000080000716] -> 0x11F0
[456] [M]: 0x0000000080000714 (0x11F0B023) sd x31, 0x100(x1)                        inst_44+20
mem[W,0x00000000800033D8] <- 0x8000000000002000

mem[X,0x0000000080000718] -> 0xB423
mem[X,0x000000008000071A] -> 0x1070
[457] [M]: 0x0000000080000718 (0x1070B423) sd x7, 0x108(x1)                         inst_44+24
mem[W,0x00000000800033E0] <- 0x0000000000000080

clint mtime 0x00000000000000E5 (mip.MTI <- 0b1, mip.STI <- 0b0)
mem[X,0x000000008000071C] -> 0x3F87
mem[X,0x000000008000071E] -> 0x0A02
[458] [M]: 0x000000008000071C (0x0A023F87) fld f31, 0xa0(x4)                        inst_45+0
mem[R,0x0000000080002178] -> 0x43DFFFFFFFFFFFFD
f31 <- 0x43DFFFFFFFFFFFFD
CSR mstatus (0x300) <- 0x8000000A00006000

mem[X,0x0000000080000720] -> 0x0193
mem[X,0x0000000080000722] -> 0x0600
[459] [M]: 0x0000000080000720 (0x06000193) addi x3, x0, 0x60                        inst_45+4
x3 <- 0x0000000000000060

clint mtime 0x00000000000000E6 (mip.MTI <- 0b1, mip.STI <- 0b0)
mem[X,0x0000000080000724] -> 0x9073
mem[X,0x0000000080000726] -> 0x0031
[460] [M]: 0x0000000080000724 (0x00319073) csrrw x0, fcsr, x3                       inst_45+8
CSR mstatus (0x300) <- 0x8000000A00006000
CSR fcsr (0x003) <- 0x0000000000000060

mem[X,0x0000000080000728] -> 0xFFD3
mem[X,0x000000008000072A] -> 0xC23F
[461] [M]: 0x0000000080000728 (0xC23FFFD3) fcvt.lu.d x31, f31, dyn                  inst_45+12
CSR fflags (0x001) <- 0x0000000000000000
CSR fcsr (0x003) <- 0x0000000000000060
x31 <- 0x7FFFFFFFFFFFF400

clint mtime 0x00000000000000E7 (mip.MTI <- 0b1, mip.STI <- 0b0)
mem[X,0x000000008000072C] -> 0x23F3
mem[X,0x000000008000072E] -> 0x0030
[462] [M]: 0x000000008000072C (0x003023F3) csrrs x7, fcsr, x0                       inst_45+16
CSR fcsr (0x003) -> 0x0000000000000060
x7 <- 0x0000000000000060

mem[X,0x0000000080000730] -> 0xB823
mem[X,0x0000000080000732] -> 0x11F0
[463] [M]: 0x0000000080000730 (0x11F0B823) sd x31, 0x110(x1)                        inst_45+20
mem[W,0x00000000800033E8] <- 0x7FFFFFFFFFFFF400

clint mtime 0x00000000000000E8 (mip.MTI <- 0b1, mip.STI <- 0b0)
mem[X,0x0000000080000734] -> 0xBC23
mem[X,0x0000000080000736] -> 0x1070
[464] [M]: 0x0000000080000734 (0x1070BC23) sd x7, 0x118(x1)                         inst_45+24
mem[W,0x00000000800033F0] <- 0x0000000000000060

mem[X,0x0000000080000738] -> 0x006F
mem[X,0x000000008000073A] -> 0x0380
[465] [M]: 0x0000000080000738 (0x0380006F) jal x0, 0x38                             rvtest_code_end+0

clint mtime 0x00000000000000E9 (mip.MTI <- 0b1, mip.STI <- 0b0)
mem[X,0x0000000080000770] -> 0x0093
mem[X,0x0000000080000772] -> 0x0010
[466] [M]: 0x0000000080000770 (0x00100093) addi x1, x0, 0x1                         exit_cleanup+0
x1 <- 0x0000000000000001

mem[X,0x0000000080000774] -> 0x1397
mem[X,0x0000000080000776] -> 0x0000
[467] [M]: 0x0000000080000774 (0x00001397) auipc x7, 0x1                            exit_cleanup+4
x7 <- 0x0000000080001774

clint mtime 0x00000000000000EA (mip.MTI <- 0b1, mip.STI <- 0b0)
mem[X,0x0000000080000778] -> 0xA623
mem[X,0x000000008000077A] -> 0x8813
[468] [M]: 0x0000000080000778 (0x8813A623) sw x1, -0x774(x7)                        exit_cleanup+8
htif[0x0000000080001000] <- 0x00000001
mem[W,0x0000000080001000] <- 0x00000001

mem[X,0x000000008000077C] -> 0xF06F
mem[X,0x000000008000077E] -> 0xFF9F
[469] [M]: 0x000000008000077C (0xFF9FF06F) jal x0, -0x8                             exit_cleanup+12

clint mtime 0x00000000000000EB (mip.MTI <- 0b1, mip.STI <- 0b0)
mem[X,0x0000000080000774] -> 0x1397
mem[X,0x0000000080000776] -> 0x0000
[470] [M]: 0x0000000080000774 (0x00001397) auipc x7, 0x1                            exit_cleanup+4
x7 <- 0x0000000080001774

mem[X,0x0000000080000778] -> 0xA623
mem[X,0x000000008000077A] -> 0x8813
[471] [M]: 0x0000000080000778 (0x8813A623) sw x1, -0x774(x7)                        exit_cleanup+8
htif[0x0000000080001000] <- 0x00000001
mem[W,0x0000000080001000] <- 0x00000001

clint mtime 0x00000000000000EC (mip.MTI <- 0b1, mip.STI <- 0b0)
mem[X,0x000000008000077C] -> 0xF06F
mem[X,0x000000008000077E] -> 0xFF9F
[472] [M]: 0x000000008000077C (0xFF9FF06F) jal x0, -0x8                             exit_cleanup+12

mem[X,0x0000000080000774] -> 0x1397
mem[X,0x0000000080000776] -> 0x0000
[473] [M]: 0x0000000080000774 (0x00001397) auipc x7, 0x1                            exit_cleanup+4
x7 <- 0x0000000080001774

clint mtime 0x00000000000000ED (mip.MTI <- 0b1, mip.STI <- 0b0)
mem[X,0x0000000080000778] -> 0xA623
mem[X,0x000000008000077A] -> 0x8813
[474] [M]: 0x0000000080000778 (0x8813A623) sw x1, -0x774(x7)                        exit_cleanup+8
htif[0x0000000080001000] <- 0x00000001
htif-syscall-proxy cmd: 0x000000000001
mem[W,0x0000000080001000] <- 0x00000001

SUCCESS
