using /opt/riscv-arch-test/riscof-plugins/rv64/riscof_work/C/src/cbnez-01.S/ref/Reference-sail_c_simulator.signature for test-signature output.
setting signature-granularity to 8 bytes
HTIF located at 0x80004000
begin_signature: 0x80006110
end_signature: 0x800065d0
Entry point: 0x80000000
CSR mstatus (0x300) <- 0x0000000A00000000
CSR misa (0x301) <- 0x800000000034112F
CSR mcause (0x342) <- 0x0000000000000000
x10 <- 0x0000000000000000
x11 <- 0x0000000000001000
mem[X,0x0000000080000000] -> 0x0837
mem[X,0x0000000080000002] -> 0x7D5C
[0] [M]: 0x0000000080000000 (0x7D5C0837) lui x16, 0x7d5c0                           rvtest_init+0
x16 <- 0x000000007D5C0000

mem[X,0x0000000080000004] -> 0x0813
mem[X,0x0000000080000006] -> 0xDDB8
[1] [M]: 0x0000000080000004 (0xDDB80813) addi x16, x16, -0x225                      rvtest_init+4
x16 <- 0x000000007D5BFDDB

clint mtime 0x0000000000000001 (mip.MTI <- 0b1, mip.STI <- 0b0)
mem[X,0x0000000080000008] -> 0x1813
mem[X,0x000000008000000A] -> 0x00B8
[2] [M]: 0x0000000080000008 (0x00B81813) slli x16, x16, 0xb                         rvtest_init+8
x16 <- 0x000003EADFEED800

mem[X,0x000000008000000C] -> 0x0813
mem[X,0x000000008000000E] -> 0x3EA8
[3] [M]: 0x000000008000000C (0x3EA80813) addi x16, x16, 0x3ea                       rvtest_init+12
x16 <- 0x000003EADFEEDBEA

clint mtime 0x0000000000000002 (mip.MTI <- 0b1, mip.STI <- 0b0)
mem[X,0x0000000080000010] -> 0x1813
mem[X,0x0000000080000012] -> 0x00B8
[4] [M]: 0x0000000080000010 (0x00B81813) slli x16, x16, 0xb                         rvtest_init+16
x16 <- 0x001F56FF76DF5000

mem[X,0x0000000080000014] -> 0x0813
mem[X,0x0000000080000016] -> 0x6FF8
[5] [M]: 0x0000000080000014 (0x6FF80813) addi x16, x16, 0x6ff                       rvtest_init+20
x16 <- 0x001F56FF76DF56FF

clint mtime 0x0000000000000003 (mip.MTI <- 0b1, mip.STI <- 0b0)
mem[X,0x0000000080000018] -> 0x1813
mem[X,0x000000008000001A] -> 0x00A8
[6] [M]: 0x0000000080000018 (0x00A81813) slli x16, x16, 0xa                         rvtest_init+24
x16 <- 0x7D5BFDDB7D5BFC00

mem[X,0x000000008000001C] -> 0x0813
mem[X,0x000000008000001E] -> 0x1DB8
[7] [M]: 0x000000008000001C (0x1DB80813) addi x16, x16, 0x1db                       rvtest_init+28
x16 <- 0x7D5BFDDB7D5BFDDB

clint mtime 0x0000000000000004 (mip.MTI <- 0b1, mip.STI <- 0b0)
mem[X,0x0000000080000020] -> 0x5893
mem[X,0x0000000080000022] -> 0x0078
[8] [M]: 0x0000000080000020 (0x00785893) srli x17, x16, 0x7                         rvtest_init+32
x17 <- 0x00FAB7FBB6FAB7FB

mem[X,0x0000000080000024] -> 0x5793
mem[X,0x0000000080000026] -> 0x0398
[9] [M]: 0x0000000080000024 (0x03985793) srli x15, x16, 0x39                        rvtest_init+36
x15 <- 0x000000000000003E

clint mtime 0x0000000000000005 (mip.MTI <- 0b1, mip.STI <- 0b0)
mem[X,0x0000000080000028] -> 0xE8B3
mem[X,0x000000008000002A] -> 0x00F8
[10] [M]: 0x0000000080000028 (0x00F8E8B3) or x17, x17, x15                          rvtest_init+40
x17 <- 0x00FAB7FBB6FAB7FF

mem[X,0x000000008000002C] -> 0xD913
mem[X,0x000000008000002E] -> 0x0078
[11] [M]: 0x000000008000002C (0x0078D913) srli x18, x17, 0x7                        rvtest_init+44
x18 <- 0x0001F56FF76DF56F

clint mtime 0x0000000000000006 (mip.MTI <- 0b1, mip.STI <- 0b0)
mem[X,0x0000000080000030] -> 0xD793
mem[X,0x0000000080000032] -> 0x0398
[12] [M]: 0x0000000080000030 (0x0398D793) srli x15, x17, 0x39                       rvtest_init+48
x15 <- 0x0000000000000000

mem[X,0x0000000080000034] -> 0x6933
mem[X,0x0000000080000036] -> 0x00F9
[13] [M]: 0x0000000080000034 (0x00F96933) or x18, x18, x15                          rvtest_init+52
x18 <- 0x0001F56FF76DF56F

clint mtime 0x0000000000000007 (mip.MTI <- 0b1, mip.STI <- 0b0)
mem[X,0x0000000080000038] -> 0x5993
mem[X,0x000000008000003A] -> 0x0079
[14] [M]: 0x0000000080000038 (0x00795993) srli x19, x18, 0x7                        rvtest_init+56
x19 <- 0x000003EADFEEDBEA

mem[X,0x000000008000003C] -> 0x5793
mem[X,0x000000008000003E] -> 0x0399
[15] [M]: 0x000000008000003C (0x03995793) srli x15, x18, 0x39                       rvtest_init+60
x15 <- 0x0000000000000000

clint mtime 0x0000000000000008 (mip.MTI <- 0b1, mip.STI <- 0b0)
mem[X,0x0000000080000040] -> 0xE9B3
mem[X,0x0000000080000042] -> 0x00F9
[16] [M]: 0x0000000080000040 (0x00F9E9B3) or x19, x19, x15                          rvtest_init+64
x19 <- 0x000003EADFEEDBEA

mem[X,0x0000000080000044] -> 0xDA13
mem[X,0x0000000080000046] -> 0x0079
[17] [M]: 0x0000000080000044 (0x0079DA13) srli x20, x19, 0x7                        rvtest_init+68
x20 <- 0x00000007D5BFDDB7

clint mtime 0x0000000000000009 (mip.MTI <- 0b1, mip.STI <- 0b0)
mem[X,0x0000000080000048] -> 0xD793
mem[X,0x000000008000004A] -> 0x0399
[18] [M]: 0x0000000080000048 (0x0399D793) srli x15, x19, 0x39                       rvtest_init+72
x15 <- 0x0000000000000000

mem[X,0x000000008000004C] -> 0x6A33
mem[X,0x000000008000004E] -> 0x00FA
[19] [M]: 0x000000008000004C (0x00FA6A33) or x20, x20, x15                          rvtest_init+76
x20 <- 0x00000007D5BFDDB7

clint mtime 0x000000000000000A (mip.MTI <- 0b1, mip.STI <- 0b0)
mem[X,0x0000000080000050] -> 0x5A93
mem[X,0x0000000080000052] -> 0x007A
[20] [M]: 0x0000000080000050 (0x007A5A93) srli x21, x20, 0x7                        rvtest_init+80
x21 <- 0x000000000FAB7FBB

mem[X,0x0000000080000054] -> 0x5793
mem[X,0x0000000080000056] -> 0x039A
[21] [M]: 0x0000000080000054 (0x039A5793) srli x15, x20, 0x39                       rvtest_init+84
x15 <- 0x0000000000000000

clint mtime 0x000000000000000B (mip.MTI <- 0b1, mip.STI <- 0b0)
mem[X,0x0000000080000058] -> 0xEAB3
mem[X,0x000000008000005A] -> 0x00FA
[22] [M]: 0x0000000080000058 (0x00FAEAB3) or x21, x21, x15                          rvtest_init+88
x21 <- 0x000000000FAB7FBB

mem[X,0x000000008000005C] -> 0xDB13
mem[X,0x000000008000005E] -> 0x007A
[23] [M]: 0x000000008000005C (0x007ADB13) srli x22, x21, 0x7                        rvtest_init+92
x22 <- 0x00000000001F56FF

clint mtime 0x000000000000000C (mip.MTI <- 0b1, mip.STI <- 0b0)
mem[X,0x0000000080000060] -> 0xD793
mem[X,0x0000000080000062] -> 0x039A
[24] [M]: 0x0000000080000060 (0x039AD793) srli x15, x21, 0x39                       rvtest_init+96
x15 <- 0x0000000000000000

mem[X,0x0000000080000064] -> 0x6B33
mem[X,0x0000000080000066] -> 0x00FB
[25] [M]: 0x0000000080000064 (0x00FB6B33) or x22, x22, x15                          rvtest_init+100
x22 <- 0x00000000001F56FF

clint mtime 0x000000000000000D (mip.MTI <- 0b1, mip.STI <- 0b0)
mem[X,0x0000000080000068] -> 0x5B93
mem[X,0x000000008000006A] -> 0x007B
[26] [M]: 0x0000000080000068 (0x007B5B93) srli x23, x22, 0x7                        rvtest_init+104
x23 <- 0x0000000000003EAD

mem[X,0x000000008000006C] -> 0x5793
mem[X,0x000000008000006E] -> 0x039B
[27] [M]: 0x000000008000006C (0x039B5793) srli x15, x22, 0x39                       rvtest_init+108
x15 <- 0x0000000000000000

clint mtime 0x000000000000000E (mip.MTI <- 0b1, mip.STI <- 0b0)
mem[X,0x0000000080000070] -> 0xEBB3
mem[X,0x0000000080000072] -> 0x00FB
[28] [M]: 0x0000000080000070 (0x00FBEBB3) or x23, x23, x15                          rvtest_init+112
x23 <- 0x0000000000003EAD

mem[X,0x0000000080000074] -> 0xDC13
mem[X,0x0000000080000076] -> 0x007B
[29] [M]: 0x0000000080000074 (0x007BDC13) srli x24, x23, 0x7                        rvtest_init+116
x24 <- 0x000000000000007D

clint mtime 0x000000000000000F (mip.MTI <- 0b1, mip.STI <- 0b0)
mem[X,0x0000000080000078] -> 0xD793
mem[X,0x000000008000007A] -> 0x039B
[30] [M]: 0x0000000080000078 (0x039BD793) srli x15, x23, 0x39                       rvtest_init+120
x15 <- 0x0000000000000000

mem[X,0x000000008000007C] -> 0x6C33
mem[X,0x000000008000007E] -> 0x00FC
[31] [M]: 0x000000008000007C (0x00FC6C33) or x24, x24, x15                          rvtest_init+124
x24 <- 0x000000000000007D

clint mtime 0x0000000000000010 (mip.MTI <- 0b1, mip.STI <- 0b0)
mem[X,0x0000000080000080] -> 0x5C93
mem[X,0x0000000080000082] -> 0x007C
[32] [M]: 0x0000000080000080 (0x007C5C93) srli x25, x24, 0x7                        rvtest_init+128
x25 <- 0x0000000000000000

mem[X,0x0000000080000084] -> 0x5793
mem[X,0x0000000080000086] -> 0x039C
[33] [M]: 0x0000000080000084 (0x039C5793) srli x15, x24, 0x39                       rvtest_init+132
x15 <- 0x0000000000000000

clint mtime 0x0000000000000011 (mip.MTI <- 0b1, mip.STI <- 0b0)
mem[X,0x0000000080000088] -> 0xECB3
mem[X,0x000000008000008A] -> 0x00FC
[34] [M]: 0x0000000080000088 (0x00FCECB3) or x25, x25, x15                          rvtest_init+136
x25 <- 0x0000000000000000

mem[X,0x000000008000008C] -> 0xDD13
mem[X,0x000000008000008E] -> 0x007C
[35] [M]: 0x000000008000008C (0x007CDD13) srli x26, x25, 0x7                        rvtest_init+140
x26 <- 0x0000000000000000

clint mtime 0x0000000000000012 (mip.MTI <- 0b1, mip.STI <- 0b0)
mem[X,0x0000000080000090] -> 0xD793
mem[X,0x0000000080000092] -> 0x039C
[36] [M]: 0x0000000080000090 (0x039CD793) srli x15, x25, 0x39                       rvtest_init+144
x15 <- 0x0000000000000000

mem[X,0x0000000080000094] -> 0x6D33
mem[X,0x0000000080000096] -> 0x00FD
[37] [M]: 0x0000000080000094 (0x00FD6D33) or x26, x26, x15                          rvtest_init+148
x26 <- 0x0000000000000000

clint mtime 0x0000000000000013 (mip.MTI <- 0b1, mip.STI <- 0b0)
mem[X,0x0000000080000098] -> 0x5D93
mem[X,0x000000008000009A] -> 0x007D
[38] [M]: 0x0000000080000098 (0x007D5D93) srli x27, x26, 0x7                        rvtest_init+152
x27 <- 0x0000000000000000

mem[X,0x000000008000009C] -> 0x5793
mem[X,0x000000008000009E] -> 0x039D
[39] [M]: 0x000000008000009C (0x039D5793) srli x15, x26, 0x39                       rvtest_init+156
x15 <- 0x0000000000000000

clint mtime 0x0000000000000014 (mip.MTI <- 0b1, mip.STI <- 0b0)
mem[X,0x00000000800000A0] -> 0xEDB3
mem[X,0x00000000800000A2] -> 0x00FD
[40] [M]: 0x00000000800000A0 (0x00FDEDB3) or x27, x27, x15                          rvtest_init+160
x27 <- 0x0000000000000000

mem[X,0x00000000800000A4] -> 0xDE13
mem[X,0x00000000800000A6] -> 0x007D
[41] [M]: 0x00000000800000A4 (0x007DDE13) srli x28, x27, 0x7                        rvtest_init+164
x28 <- 0x0000000000000000

clint mtime 0x0000000000000015 (mip.MTI <- 0b1, mip.STI <- 0b0)
mem[X,0x00000000800000A8] -> 0xD793
mem[X,0x00000000800000AA] -> 0x039D
[42] [M]: 0x00000000800000A8 (0x039DD793) srli x15, x27, 0x39                       rvtest_init+168
x15 <- 0x0000000000000000

mem[X,0x00000000800000AC] -> 0x6E33
mem[X,0x00000000800000AE] -> 0x00FE
[43] [M]: 0x00000000800000AC (0x00FE6E33) or x28, x28, x15                          rvtest_init+172
x28 <- 0x0000000000000000

clint mtime 0x0000000000000016 (mip.MTI <- 0b1, mip.STI <- 0b0)
mem[X,0x00000000800000B0] -> 0x5E93
mem[X,0x00000000800000B2] -> 0x007E
[44] [M]: 0x00000000800000B0 (0x007E5E93) srli x29, x28, 0x7                        rvtest_init+176
x29 <- 0x0000000000000000

mem[X,0x00000000800000B4] -> 0x5793
mem[X,0x00000000800000B6] -> 0x039E
[45] [M]: 0x00000000800000B4 (0x039E5793) srli x15, x28, 0x39                       rvtest_init+180
x15 <- 0x0000000000000000

clint mtime 0x0000000000000017 (mip.MTI <- 0b1, mip.STI <- 0b0)
mem[X,0x00000000800000B8] -> 0xEEB3
mem[X,0x00000000800000BA] -> 0x00FE
[46] [M]: 0x00000000800000B8 (0x00FEEEB3) or x29, x29, x15                          rvtest_init+184
x29 <- 0x0000000000000000

mem[X,0x00000000800000BC] -> 0xDF13
mem[X,0x00000000800000BE] -> 0x007E
[47] [M]: 0x00000000800000BC (0x007EDF13) srli x30, x29, 0x7                        rvtest_init+188
x30 <- 0x0000000000000000

clint mtime 0x0000000000000018 (mip.MTI <- 0b1, mip.STI <- 0b0)
mem[X,0x00000000800000C0] -> 0xD793
mem[X,0x00000000800000C2] -> 0x039E
[48] [M]: 0x00000000800000C0 (0x039ED793) srli x15, x29, 0x39                       rvtest_init+192
x15 <- 0x0000000000000000

mem[X,0x00000000800000C4] -> 0x6F33
mem[X,0x00000000800000C6] -> 0x00FF
[49] [M]: 0x00000000800000C4 (0x00FF6F33) or x30, x30, x15                          rvtest_init+196
x30 <- 0x0000000000000000

clint mtime 0x0000000000000019 (mip.MTI <- 0b1, mip.STI <- 0b0)
mem[X,0x00000000800000C8] -> 0xC0B7
mem[X,0x00000000800000CA] -> 0xFEED
[50] [M]: 0x00000000800000C8 (0xFEEDC0B7) lui x1, -0x1124                           rvtest_init+200
x1 <- 0xFFFFFFFFFEEDC000

mem[X,0x00000000800000CC] -> 0x8093
mem[X,0x00000000800000CE] -> 0xEAD0
[51] [M]: 0x00000000800000CC (0xEAD08093) addi x1, x1, -0x153                       rvtest_init+204
x1 <- 0xFFFFFFFFFEEDBEAD

clint mtime 0x000000000000001A (mip.MTI <- 0b1, mip.STI <- 0b0)
mem[X,0x00000000800000D0] -> 0x9093
mem[X,0x00000000800000D2] -> 0x00B0
[52] [M]: 0x00000000800000D0 (0x00B09093) slli x1, x1, 0xb                          rvtest_init+208
x1 <- 0xFFFFFFF76DF56800

mem[X,0x00000000800000D4] -> 0x8093
mem[X,0x00000000800000D6] -> 0x7F70
[53] [M]: 0x00000000800000D4 (0x7F708093) addi x1, x1, 0x7f7                        rvtest_init+212
x1 <- 0xFFFFFFF76DF56FF7

clint mtime 0x000000000000001B (mip.MTI <- 0b1, mip.STI <- 0b0)
mem[X,0x00000000800000D8] -> 0x9093
mem[X,0x00000000800000DA] -> 0x00B0
[54] [M]: 0x00000000800000D8 (0x00B09093) slli x1, x1, 0xb                          rvtest_init+216
x1 <- 0xFFFFBB6FAB7FB800

mem[X,0x00000000800000DC] -> 0x8093
mem[X,0x00000000800000DE] -> 0x36F0
[55] [M]: 0x00000000800000DC (0x36F08093) addi x1, x1, 0x36f                        rvtest_init+220
x1 <- 0xFFFFBB6FAB7FBB6F

clint mtime 0x000000000000001C (mip.MTI <- 0b1, mip.STI <- 0b0)
mem[X,0x00000000800000E0] -> 0x9093
mem[X,0x00000000800000E2] -> 0x00A0
[56] [M]: 0x00000000800000E0 (0x00A09093) slli x1, x1, 0xa                          rvtest_init+224
x1 <- 0xFEEDBEADFEEDBC00

mem[X,0x00000000800000E4] -> 0x8093
mem[X,0x00000000800000E6] -> 0x2AD0
[57] [M]: 0x00000000800000E4 (0x2AD08093) addi x1, x1, 0x2ad                        rvtest_init+228
x1 <- 0xFEEDBEADFEEDBEAD

clint mtime 0x000000000000001D (mip.MTI <- 0b1, mip.STI <- 0b0)
mem[X,0x00000000800000E8] -> 0xD113
mem[X,0x00000000800000EA] -> 0x0070
[58] [M]: 0x00000000800000E8 (0x0070D113) srli x2, x1, 0x7                          rvtest_init+232
x2 <- 0x01FDDB7D5BFDDB7D

mem[X,0x00000000800000EC] -> 0xD793
mem[X,0x00000000800000EE] -> 0x0390
[59] [M]: 0x00000000800000EC (0x0390D793) srli x15, x1, 0x39                        rvtest_init+236
x15 <- 0x000000000000007F

clint mtime 0x000000000000001E (mip.MTI <- 0b1, mip.STI <- 0b0)
mem[X,0x00000000800000F0] -> 0x6133
mem[X,0x00000000800000F2] -> 0x00F1
[60] [M]: 0x00000000800000F0 (0x00F16133) or x2, x2, x15                            rvtest_init+240
x2 <- 0x01FDDB7D5BFDDB7F

mem[X,0x00000000800000F4] -> 0x5193
mem[X,0x00000000800000F6] -> 0x0071
[61] [M]: 0x00000000800000F4 (0x00715193) srli x3, x2, 0x7                          rvtest_init+244
x3 <- 0x0003FBB6FAB7FBB6

clint mtime 0x000000000000001F (mip.MTI <- 0b1, mip.STI <- 0b0)
mem[X,0x00000000800000F8] -> 0x5793
mem[X,0x00000000800000FA] -> 0x0391
[62] [M]: 0x00000000800000F8 (0x03915793) srli x15, x2, 0x39                        rvtest_init+248
x15 <- 0x0000000000000000

mem[X,0x00000000800000FC] -> 0xE1B3
mem[X,0x00000000800000FE] -> 0x00F1
[63] [M]: 0x00000000800000FC (0x00F1E1B3) or x3, x3, x15                            rvtest_init+252
x3 <- 0x0003FBB6FAB7FBB6

clint mtime 0x0000000000000020 (mip.MTI <- 0b1, mip.STI <- 0b0)
mem[X,0x0000000080000100] -> 0xD213
mem[X,0x0000000080000102] -> 0x0071
[64] [M]: 0x0000000080000100 (0x0071D213) srli x4, x3, 0x7                          rvtest_init+256
x4 <- 0x000007F76DF56FF7

mem[X,0x0000000080000104] -> 0xD793
mem[X,0x0000000080000106] -> 0x0391
[65] [M]: 0x0000000080000104 (0x0391D793) srli x15, x3, 0x39                        rvtest_init+260
x15 <- 0x0000000000000000

clint mtime 0x0000000000000021 (mip.MTI <- 0b1, mip.STI <- 0b0)
mem[X,0x0000000080000108] -> 0x6233
mem[X,0x000000008000010A] -> 0x00F2
[66] [M]: 0x0000000080000108 (0x00F26233) or x4, x4, x15                            rvtest_init+264
x4 <- 0x000007F76DF56FF7

mem[X,0x000000008000010C] -> 0x5293
mem[X,0x000000008000010E] -> 0x0072
[67] [M]: 0x000000008000010C (0x00725293) srli x5, x4, 0x7                          rvtest_init+268
x5 <- 0x0000000FEEDBEADF

clint mtime 0x0000000000000022 (mip.MTI <- 0b1, mip.STI <- 0b0)
mem[X,0x0000000080000110] -> 0x5793
mem[X,0x0000000080000112] -> 0x0392
[68] [M]: 0x0000000080000110 (0x03925793) srli x15, x4, 0x39                        rvtest_init+272
x15 <- 0x0000000000000000

mem[X,0x0000000080000114] -> 0xE2B3
mem[X,0x0000000080000116] -> 0x00F2
[69] [M]: 0x0000000080000114 (0x00F2E2B3) or x5, x5, x15                            rvtest_init+276
x5 <- 0x0000000FEEDBEADF

clint mtime 0x0000000000000023 (mip.MTI <- 0b1, mip.STI <- 0b0)
mem[X,0x0000000080000118] -> 0xD313
mem[X,0x000000008000011A] -> 0x0072
[70] [M]: 0x0000000080000118 (0x0072D313) srli x6, x5, 0x7                          rvtest_init+280
x6 <- 0x000000001FDDB7D5

mem[X,0x000000008000011C] -> 0xD793
mem[X,0x000000008000011E] -> 0x0392
[71] [M]: 0x000000008000011C (0x0392D793) srli x15, x5, 0x39                        rvtest_init+284
x15 <- 0x0000000000000000

clint mtime 0x0000000000000024 (mip.MTI <- 0b1, mip.STI <- 0b0)
mem[X,0x0000000080000120] -> 0x6333
mem[X,0x0000000080000122] -> 0x00F3
[72] [M]: 0x0000000080000120 (0x00F36333) or x6, x6, x15                            rvtest_init+288
x6 <- 0x000000001FDDB7D5

mem[X,0x0000000080000124] -> 0x5393
mem[X,0x0000000080000126] -> 0x0073
[73] [M]: 0x0000000080000124 (0x00735393) srli x7, x6, 0x7                          rvtest_init+292
x7 <- 0x00000000003FBB6F

clint mtime 0x0000000000000025 (mip.MTI <- 0b1, mip.STI <- 0b0)
mem[X,0x0000000080000128] -> 0x5793
mem[X,0x000000008000012A] -> 0x0393
[74] [M]: 0x0000000080000128 (0x03935793) srli x15, x6, 0x39                        rvtest_init+296
x15 <- 0x0000000000000000

mem[X,0x000000008000012C] -> 0xE3B3
mem[X,0x000000008000012E] -> 0x00F3
[75] [M]: 0x000000008000012C (0x00F3E3B3) or x7, x7, x15                            rvtest_init+300
x7 <- 0x00000000003FBB6F

clint mtime 0x0000000000000026 (mip.MTI <- 0b1, mip.STI <- 0b0)
mem[X,0x0000000080000130] -> 0xD413
mem[X,0x0000000080000132] -> 0x0073
[76] [M]: 0x0000000080000130 (0x0073D413) srli x8, x7, 0x7                          rvtest_init+304
x8 <- 0x0000000000007F76

mem[X,0x0000000080000134] -> 0xD793
mem[X,0x0000000080000136] -> 0x0393
[77] [M]: 0x0000000080000134 (0x0393D793) srli x15, x7, 0x39                        rvtest_init+308
x15 <- 0x0000000000000000

clint mtime 0x0000000000000027 (mip.MTI <- 0b1, mip.STI <- 0b0)
mem[X,0x0000000080000138] -> 0x6433
mem[X,0x000000008000013A] -> 0x00F4
[78] [M]: 0x0000000080000138 (0x00F46433) or x8, x8, x15                            rvtest_init+312
x8 <- 0x0000000000007F76

mem[X,0x000000008000013C] -> 0x5493
mem[X,0x000000008000013E] -> 0x0074
[79] [M]: 0x000000008000013C (0x00745493) srli x9, x8, 0x7                          rvtest_init+316
x9 <- 0x00000000000000FE

clint mtime 0x0000000000000028 (mip.MTI <- 0b1, mip.STI <- 0b0)
mem[X,0x0000000080000140] -> 0x5793
mem[X,0x0000000080000142] -> 0x0394
[80] [M]: 0x0000000080000140 (0x03945793) srli x15, x8, 0x39                        rvtest_init+320
x15 <- 0x0000000000000000

mem[X,0x0000000080000144] -> 0xE4B3
mem[X,0x0000000080000146] -> 0x00F4
[81] [M]: 0x0000000080000144 (0x00F4E4B3) or x9, x9, x15                            rvtest_init+324
x9 <- 0x00000000000000FE

clint mtime 0x0000000000000029 (mip.MTI <- 0b1, mip.STI <- 0b0)
mem[X,0x0000000080000148] -> 0xD513
mem[X,0x000000008000014A] -> 0x0074
[82] [M]: 0x0000000080000148 (0x0074D513) srli x10, x9, 0x7                         rvtest_init+328
x10 <- 0x0000000000000001

mem[X,0x000000008000014C] -> 0xD793
mem[X,0x000000008000014E] -> 0x0394
[83] [M]: 0x000000008000014C (0x0394D793) srli x15, x9, 0x39                        rvtest_init+332
x15 <- 0x0000000000000000

clint mtime 0x000000000000002A (mip.MTI <- 0b1, mip.STI <- 0b0)
mem[X,0x0000000080000150] -> 0x6533
mem[X,0x0000000080000152] -> 0x00F5
[84] [M]: 0x0000000080000150 (0x00F56533) or x10, x10, x15                          rvtest_init+336
x10 <- 0x0000000000000001

mem[X,0x0000000080000154] -> 0x5593
mem[X,0x0000000080000156] -> 0x0075
[85] [M]: 0x0000000080000154 (0x00755593) srli x11, x10, 0x7                        rvtest_init+340
x11 <- 0x0000000000000000

clint mtime 0x000000000000002B (mip.MTI <- 0b1, mip.STI <- 0b0)
mem[X,0x0000000080000158] -> 0x5793
mem[X,0x000000008000015A] -> 0x0395
[86] [M]: 0x0000000080000158 (0x03955793) srli x15, x10, 0x39                       rvtest_init+344
x15 <- 0x0000000000000000

mem[X,0x000000008000015C] -> 0xE5B3
mem[X,0x000000008000015E] -> 0x00F5
[87] [M]: 0x000000008000015C (0x00F5E5B3) or x11, x11, x15                          rvtest_init+348
x11 <- 0x0000000000000000

clint mtime 0x000000000000002C (mip.MTI <- 0b1, mip.STI <- 0b0)
mem[X,0x0000000080000160] -> 0xD613
mem[X,0x0000000080000162] -> 0x0075
[88] [M]: 0x0000000080000160 (0x0075D613) srli x12, x11, 0x7                        rvtest_init+352
x12 <- 0x0000000000000000

mem[X,0x0000000080000164] -> 0xD793
mem[X,0x0000000080000166] -> 0x0395
[89] [M]: 0x0000000080000164 (0x0395D793) srli x15, x11, 0x39                       rvtest_init+356
x15 <- 0x0000000000000000

clint mtime 0x000000000000002D (mip.MTI <- 0b1, mip.STI <- 0b0)
mem[X,0x0000000080000168] -> 0x6633
mem[X,0x000000008000016A] -> 0x00F6
[90] [M]: 0x0000000080000168 (0x00F66633) or x12, x12, x15                          rvtest_init+360
x12 <- 0x0000000000000000

mem[X,0x000000008000016C] -> 0x5693
mem[X,0x000000008000016E] -> 0x0076
[91] [M]: 0x000000008000016C (0x00765693) srli x13, x12, 0x7                        rvtest_init+364
x13 <- 0x0000000000000000

clint mtime 0x000000000000002E (mip.MTI <- 0b1, mip.STI <- 0b0)
mem[X,0x0000000080000170] -> 0x5793
mem[X,0x0000000080000172] -> 0x0396
[92] [M]: 0x0000000080000170 (0x03965793) srli x15, x12, 0x39                       rvtest_init+368
x15 <- 0x0000000000000000

mem[X,0x0000000080000174] -> 0xE6B3
mem[X,0x0000000080000176] -> 0x00F6
[93] [M]: 0x0000000080000174 (0x00F6E6B3) or x13, x13, x15                          rvtest_init+372
x13 <- 0x0000000000000000

clint mtime 0x000000000000002F (mip.MTI <- 0b1, mip.STI <- 0b0)
mem[X,0x0000000080000178] -> 0x0013
mem[X,0x000000008000017A] -> 0x0000
[94] [M]: 0x0000000080000178 (0x00000013) addi x0, x0, 0x0                          rvtest_code_begin+0

mem[X,0x000000008000017C] -> 0x0013
mem[X,0x000000008000017E] -> 0x0000
[95] [M]: 0x000000008000017C (0x00000013) addi x0, x0, 0x0                          rvtest_code_begin+4

clint mtime 0x0000000000000030 (mip.MTI <- 0b1, mip.STI <- 0b0)
mem[X,0x0000000080000180] -> 0x6097
mem[X,0x0000000080000182] -> 0x0000
[96] [M]: 0x0000000080000180 (0x00006097) auipc x1, 0x6                             rvtest_code_begin+8
x1 <- 0x0000000080006180

mem[X,0x0000000080000184] -> 0x8093
mem[X,0x0000000080000186] -> 0xF980
[97] [M]: 0x0000000080000184 (0xF9808093) addi x1, x1, -0x68                        rvtest_code_begin+12
x1 <- 0x0000000080006118

clint mtime 0x0000000000000031 (mip.MTI <- 0b1, mip.STI <- 0b0)
mem[X,0x0000000080000188] -> 0x0013
mem[X,0x000000008000018A] -> 0x0000
[98] [M]: 0x0000000080000188 (0x00000013) addi x0, x0, 0x0                          rvtest_code_begin+16

mem[X,0x000000008000018C] -> 0x0013
mem[X,0x000000008000018E] -> 0x0000
[99] [M]: 0x000000008000018C (0x00000013) addi x0, x0, 0x0                          rvtest_code_begin+20

clint mtime 0x0000000000000032 (mip.MTI <- 0b1, mip.STI <- 0b0)
mem[X,0x0000000080000190] -> 0x0013
mem[X,0x0000000080000192] -> 0x0000
[100] [M]: 0x0000000080000190 (0x00000013) addi x0, x0, 0x0                         rvtest_code_begin+24

mem[X,0x0000000080000194] -> 0x0013
mem[X,0x0000000080000196] -> 0x0000
[101] [M]: 0x0000000080000194 (0x00000013) addi x0, x0, 0x0                         rvtest_code_begin+28

clint mtime 0x0000000000000033 (mip.MTI <- 0b1, mip.STI <- 0b0)
mem[X,0x0000000080000198] -> 0x0013
mem[X,0x000000008000019A] -> 0x0000
[102] [M]: 0x0000000080000198 (0x00000013) addi x0, x0, 0x0                         rvtest_code_begin+32

mem[X,0x000000008000019C] -> 0x0013
mem[X,0x000000008000019E] -> 0x0000
[103] [M]: 0x000000008000019C (0x00000013) addi x0, x0, 0x0                         rvtest_code_begin+36

clint mtime 0x0000000000000034 (mip.MTI <- 0b1, mip.STI <- 0b0)
mem[X,0x00000000800001A0] -> 0x0613
mem[X,0x00000000800001A2] -> 0xFFF0
[104] [M]: 0x00000000800001A0 (0xFFF00613) addi x12, x0, -0x1                       inst_0+0
x12 <- 0xFFFFFFFFFFFFFFFF

mem[X,0x00000000800001A4] -> 0x1613
mem[X,0x00000000800001A6] -> 0x03F6
[105] [M]: 0x00000000800001A4 (0x03F61613) slli x12, x12, 0x3f                      inst_0+4
x12 <- 0x8000000000000000

clint mtime 0x0000000000000035 (mip.MTI <- 0b1, mip.STI <- 0b0)
mem[X,0x00000000800001A8] -> 0xA051
[106] [M]: 0x00000000800001A8 (0xA051) c.j 0x84                                     inst_0+8

mem[X,0x000000008000022C] -> 0xF241
[107] [M]: 0x000000008000022C (0xF241) c.bnez x12, -0x80                            inst_0+140

clint mtime 0x0000000000000036 (mip.MTI <- 0b1, mip.STI <- 0b0)
mem[X,0x00000000800001AC] -> 0x0113
mem[X,0x00000000800001AE] -> 0x0011
[108] [M]: 0x00000000800001AC (0x00110113) addi x2, x2, 0x1                         inst_0+12
x2 <- 0x01FDDB7D5BFDDB80

mem[X,0x00000000800001B0] -> 0x006F
mem[X,0x00000000800001B2] -> 0x0880
[109] [M]: 0x00000000800001B0 (0x0880006F) jal x0, 0x88                             inst_0+16

clint mtime 0x0000000000000037 (mip.MTI <- 0b1, mip.STI <- 0b0)
mem[X,0x0000000080000238] -> 0xB023
mem[X,0x000000008000023A] -> 0x0020
[110] [M]: 0x0000000080000238 (0x0020B023) sd x2, 0x0(x1)                           inst_0+152
mem[W,0x0000000080006118] <- 0x01FDDB7D5BFDDB80

mem[X,0x000000008000023C] -> 0x0713
mem[X,0x000000008000023E] -> 0x0000
[111] [M]: 0x000000008000023C (0x00000713) addi x14, x0, 0x0                        inst_1+0
x14 <- 0x0000000000000000

clint mtime 0x0000000000000038 (mip.MTI <- 0b1, mip.STI <- 0b0)
mem[X,0x0000000080000240] -> 0xA031
[112] [M]: 0x0000000080000240 (0xA031) c.j 0xc                                      inst_1+4

mem[X,0x000000008000024C] -> 0xEB09
[113] [M]: 0x000000008000024C (0xEB09) c.bnez x14, 0x12                             inst_1+16

clint mtime 0x0000000000000039 (mip.MTI <- 0b1, mip.STI <- 0b0)
mem[X,0x000000008000024E] -> 0x0113
mem[X,0x0000000080000250] -> 0x0021
[114] [M]: 0x000000008000024E (0x00210113) addi x2, x2, 0x2                         inst_1+18
x2 <- 0x01FDDB7D5BFDDB82

mem[X,0x0000000080000252] -> 0x006F
mem[X,0x0000000080000254] -> 0x00E0
[115] [M]: 0x0000000080000252 (0x00E0006F) jal x0, 0xe                              inst_1+22

clint mtime 0x000000000000003A (mip.MTI <- 0b1, mip.STI <- 0b0)
mem[X,0x0000000080000260] -> 0xB423
mem[X,0x0000000080000262] -> 0x0020
[116] [M]: 0x0000000080000260 (0x0020B423) sd x2, 0x8(x1)                           inst_1+36
mem[W,0x0000000080006120] <- 0x01FDDB7D5BFDDB82

mem[X,0x0000000080000264] -> 0x0693
mem[X,0x0000000080000266] -> 0xFFF0
[117] [M]: 0x0000000080000264 (0xFFF00693) addi x13, x0, -0x1                       inst_2+0
x13 <- 0xFFFFFFFFFFFFFFFF

clint mtime 0x000000000000003B (mip.MTI <- 0b1, mip.STI <- 0b0)
mem[X,0x0000000080000268] -> 0xD693
mem[X,0x000000008000026A] -> 0x0016
[118] [M]: 0x0000000080000268 (0x0016D693) srli x13, x13, 0x1                       inst_2+4
x13 <- 0x7FFFFFFFFFFFFFFF

mem[X,0x000000008000026C] -> 0xA031
[119] [M]: 0x000000008000026C (0xA031) c.j 0xc                                      inst_2+8

clint mtime 0x000000000000003C (mip.MTI <- 0b1, mip.STI <- 0b0)
mem[X,0x0000000080000278] -> 0xFEE5
[120] [M]: 0x0000000080000278 (0xFEE5) c.bnez x13, -0x8                             inst_2+20

mem[X,0x0000000080000270] -> 0x0113
mem[X,0x0000000080000272] -> 0x0011
[121] [M]: 0x0000000080000270 (0x00110113) addi x2, x2, 0x1                         inst_2+12
x2 <- 0x01FDDB7D5BFDDB83

clint mtime 0x000000000000003D (mip.MTI <- 0b1, mip.STI <- 0b0)
mem[X,0x0000000080000274] -> 0x006F
mem[X,0x0000000080000276] -> 0x0100
[122] [M]: 0x0000000080000274 (0x0100006F) jal x0, 0x10                             inst_2+16

mem[X,0x0000000080000284] -> 0xB823
mem[X,0x0000000080000286] -> 0x0020
[123] [M]: 0x0000000080000284 (0x0020B823) sd x2, 0x10(x1)                          inst_2+32
mem[W,0x0000000080006128] <- 0x01FDDB7D5BFDDB83

clint mtime 0x000000000000003E (mip.MTI <- 0b1, mip.STI <- 0b0)
mem[X,0x0000000080000288] -> 0x0793
mem[X,0x000000008000028A] -> 0x0010
[124] [M]: 0x0000000080000288 (0x00100793) addi x15, x0, 0x1                        inst_3+0
x15 <- 0x0000000000000001

mem[X,0x000000008000028C] -> 0xA039
[125] [M]: 0x000000008000028C (0xA039) c.j 0xe                                      inst_3+4

clint mtime 0x000000000000003F (mip.MTI <- 0b1, mip.STI <- 0b0)
mem[X,0x000000008000029A] -> 0xFBFD
[126] [M]: 0x000000008000029A (0xFBFD) c.bnez x15, -0xa                             inst_3+18

mem[X,0x0000000080000290] -> 0x0113
mem[X,0x0000000080000292] -> 0x0011
[127] [M]: 0x0000000080000290 (0x00110113) addi x2, x2, 0x1                         inst_3+8
x2 <- 0x01FDDB7D5BFDDB84

clint mtime 0x0000000000000040 (mip.MTI <- 0b1, mip.STI <- 0b0)
mem[X,0x0000000080000294] -> 0x006F
mem[X,0x0000000080000296] -> 0x0120
[128] [M]: 0x0000000080000294 (0x0120006F) jal x0, 0x12                             inst_3+12

mem[X,0x00000000800002A6] -> 0xBC23
mem[X,0x00000000800002A8] -> 0x0020
[129] [M]: 0x00000000800002A6 (0x0020BC23) sd x2, 0x18(x1)                          inst_3+30
mem[W,0x0000000080006130] <- 0x01FDDB7D5BFDDB84

clint mtime 0x0000000000000041 (mip.MTI <- 0b1, mip.STI <- 0b0)
mem[X,0x00000000800002AA] -> 0x0513
mem[X,0x00000000800002AC] -> 0x0010
[130] [M]: 0x00000000800002AA (0x00100513) addi x10, x0, 0x1                        inst_4+0
x10 <- 0x0000000000000001

mem[X,0x00000000800002AE] -> 0x1513
mem[X,0x00000000800002B0] -> 0x03D5
[131] [M]: 0x00000000800002AE (0x03D51513) slli x10, x10, 0x3d                      inst_4+4
x10 <- 0x2000000000000000

clint mtime 0x0000000000000042 (mip.MTI <- 0b1, mip.STI <- 0b0)
mem[X,0x00000000800002B2] -> 0xA031
[132] [M]: 0x00000000800002B2 (0xA031) c.j 0xc                                      inst_4+8

mem[X,0x00000000800002BE] -> 0xE141
[133] [M]: 0x00000000800002BE (0xE141) c.bnez x10, 0x80                             inst_4+20

clint mtime 0x0000000000000043 (mip.MTI <- 0b1, mip.STI <- 0b0)
mem[X,0x000000008000033E] -> 0x010D
[134] [M]: 0x000000008000033E (0x010D) c.addi x2, 0x3                               inst_4+148
x2 <- 0x01FDDB7D5BFDDB87

mem[X,0x0000000080000340] -> 0xB023
mem[X,0x0000000080000342] -> 0x0220
[135] [M]: 0x0000000080000340 (0x0220B023) sd x2, 0x20(x1)                          inst_4+150
mem[W,0x0000000080006138] <- 0x01FDDB7D5BFDDB87

clint mtime 0x0000000000000044 (mip.MTI <- 0b1, mip.STI <- 0b0)
mem[X,0x0000000080000344] -> 0x0413
mem[X,0x0000000080000346] -> 0x0010
[136] [M]: 0x0000000080000344 (0x00100413) addi x8, x0, 0x1                         inst_5+0
x8 <- 0x0000000000000001

mem[X,0x0000000080000348] -> 0x1413
mem[X,0x000000008000034A] -> 0x00D4
[137] [M]: 0x0000000080000348 (0x00D41413) slli x8, x8, 0xd                         inst_5+4
x8 <- 0x0000000000002000

clint mtime 0x0000000000000045 (mip.MTI <- 0b1, mip.STI <- 0b0)
mem[X,0x000000008000034C] -> 0x4413
mem[X,0x000000008000034E] -> 0xFFF4
[138] [M]: 0x000000008000034C (0xFFF44413) xori x8, x8, -0x1                        inst_5+8
x8 <- 0xFFFFFFFFFFFFDFFF

mem[X,0x0000000080000350] -> 0xA031
[139] [M]: 0x0000000080000350 (0xA031) c.j 0xc                                      inst_5+12

clint mtime 0x0000000000000046 (mip.MTI <- 0b1, mip.STI <- 0b0)
mem[X,0x000000008000035C] -> 0xE005
[140] [M]: 0x000000008000035C (0xE005) c.bnez x8, 0x20                              inst_5+24

mem[X,0x000000008000037C] -> 0x010D
[141] [M]: 0x000000008000037C (0x010D) c.addi x2, 0x3                               inst_5+56
x2 <- 0x01FDDB7D5BFDDB8A

clint mtime 0x0000000000000047 (mip.MTI <- 0b1, mip.STI <- 0b0)
mem[X,0x000000008000037E] -> 0xB423
mem[X,0x0000000080000380] -> 0x0220
[142] [M]: 0x000000008000037E (0x0220B423) sd x2, 0x28(x1)                          inst_5+58
mem[W,0x0000000080006140] <- 0x01FDDB7D5BFDDB8A

mem[X,0x0000000080000382] -> 0x0593
mem[X,0x0000000080000384] -> 0x0000
[143] [M]: 0x0000000080000382 (0x00000593) addi x11, x0, 0x0                        inst_6+0
x11 <- 0x0000000000000000

clint mtime 0x0000000000000048 (mip.MTI <- 0b1, mip.STI <- 0b0)
mem[X,0x0000000080000386] -> 0xA01D
[144] [M]: 0x0000000080000386 (0xA01D) c.j 0x26                                     inst_6+4

mem[X,0x00000000800003AC] -> 0xFDF9
[145] [M]: 0x00000000800003AC (0xFDF9) c.bnez x11, -0x22                            inst_6+42

clint mtime 0x0000000000000049 (mip.MTI <- 0b1, mip.STI <- 0b0)
mem[X,0x00000000800003AE] -> 0x0113
mem[X,0x00000000800003B0] -> 0x0021
[146] [M]: 0x00000000800003AE (0x00210113) addi x2, x2, 0x2                         inst_6+44
x2 <- 0x01FDDB7D5BFDDB8C

mem[X,0x00000000800003B2] -> 0x006F
mem[X,0x00000000800003B4] -> 0x0060
[147] [M]: 0x00000000800003B2 (0x0060006F) jal x0, 0x6                              inst_6+48

clint mtime 0x000000000000004A (mip.MTI <- 0b1, mip.STI <- 0b0)
mem[X,0x00000000800003B8] -> 0xB823
mem[X,0x00000000800003BA] -> 0x0220
[148] [M]: 0x00000000800003B8 (0x0220B823) sd x2, 0x30(x1)                          inst_6+54
mem[W,0x0000000080006148] <- 0x01FDDB7D5BFDDB8C

mem[X,0x00000000800003BC] -> 0x0493
mem[X,0x00000000800003BE] -> 0x0020
[149] [M]: 0x00000000800003BC (0x00200493) addi x9, x0, 0x2                         inst_7+0
x9 <- 0x0000000000000002

clint mtime 0x000000000000004B (mip.MTI <- 0b1, mip.STI <- 0b0)
mem[X,0x00000000800003C0] -> 0xA031
[150] [M]: 0x00000000800003C0 (0xA031) c.j 0xc                                      inst_7+4

mem[X,0x00000000800003CC] -> 0xE085
[151] [M]: 0x00000000800003CC (0xE085) c.bnez x9, 0x20                              inst_7+16

clint mtime 0x000000000000004C (mip.MTI <- 0b1, mip.STI <- 0b0)
mem[X,0x00000000800003EC] -> 0x010D
[152] [M]: 0x00000000800003EC (0x010D) c.addi x2, 0x3                               inst_7+48
x2 <- 0x01FDDB7D5BFDDB8F

mem[X,0x00000000800003EE] -> 0xBC23
mem[X,0x00000000800003F0] -> 0x0220
[153] [M]: 0x00000000800003EE (0x0220BC23) sd x2, 0x38(x1)                          inst_7+50
mem[W,0x0000000080006150] <- 0x01FDDB7D5BFDDB8F

clint mtime 0x000000000000004D (mip.MTI <- 0b1, mip.STI <- 0b0)
mem[X,0x00000000800003F2] -> 0x0513
mem[X,0x00000000800003F4] -> 0x0040
[154] [M]: 0x00000000800003F2 (0x00400513) addi x10, x0, 0x4                        inst_8+0
x10 <- 0x0000000000000004

mem[X,0x00000000800003F6] -> 0xA059
[155] [M]: 0x00000000800003F6 (0xA059) c.j 0x86                                     inst_8+4

clint mtime 0x000000000000004E (mip.MTI <- 0b1, mip.STI <- 0b0)
mem[X,0x000000008000047C] -> 0xFD3D
[156] [M]: 0x000000008000047C (0xFD3D) c.bnez x10, -0x82                            inst_8+138

mem[X,0x00000000800003FA] -> 0x0113
mem[X,0x00000000800003FC] -> 0x0011
[157] [M]: 0x00000000800003FA (0x00110113) addi x2, x2, 0x1                         inst_8+8
x2 <- 0x01FDDB7D5BFDDB90

clint mtime 0x000000000000004F (mip.MTI <- 0b1, mip.STI <- 0b0)
mem[X,0x00000000800003FE] -> 0x006F
mem[X,0x0000000080000400] -> 0x08A0
[158] [M]: 0x00000000800003FE (0x08A0006F) jal x0, 0x8a                             inst_8+12

mem[X,0x0000000080000488] -> 0xB023
mem[X,0x000000008000048A] -> 0x0420
[159] [M]: 0x0000000080000488 (0x0420B023) sd x2, 0x40(x1)                          inst_8+150
mem[W,0x0000000080006158] <- 0x01FDDB7D5BFDDB90

clint mtime 0x0000000000000050 (mip.MTI <- 0b1, mip.STI <- 0b0)
mem[X,0x000000008000048C] -> 0x0513
mem[X,0x000000008000048E] -> 0x0080
[160] [M]: 0x000000008000048C (0x00800513) addi x10, x0, 0x8                        inst_9+0
x10 <- 0x0000000000000008

mem[X,0x0000000080000490] -> 0xA821
[161] [M]: 0x0000000080000490 (0xA821) c.j 0x18                                     inst_9+4

clint mtime 0x0000000000000051 (mip.MTI <- 0b1, mip.STI <- 0b0)
mem[X,0x00000000800004A8] -> 0xF575
[162] [M]: 0x00000000800004A8 (0xF575) c.bnez x10, -0x14                            inst_9+28

mem[X,0x0000000080000494] -> 0x0113
mem[X,0x0000000080000496] -> 0x0011
[163] [M]: 0x0000000080000494 (0x00110113) addi x2, x2, 0x1                         inst_9+8
x2 <- 0x01FDDB7D5BFDDB91

clint mtime 0x0000000000000052 (mip.MTI <- 0b1, mip.STI <- 0b0)
mem[X,0x0000000080000498] -> 0x006F
mem[X,0x000000008000049A] -> 0x01C0
[164] [M]: 0x0000000080000498 (0x01C0006F) jal x0, 0x1c                             inst_9+12

mem[X,0x00000000800004B4] -> 0xB423
mem[X,0x00000000800004B6] -> 0x0420
[165] [M]: 0x00000000800004B4 (0x0420B423) sd x2, 0x48(x1)                          inst_9+40
mem[W,0x0000000080006160] <- 0x01FDDB7D5BFDDB91

clint mtime 0x0000000000000053 (mip.MTI <- 0b1, mip.STI <- 0b0)
mem[X,0x00000000800004B8] -> 0x0513
mem[X,0x00000000800004BA] -> 0x0100
[166] [M]: 0x00000000800004B8 (0x01000513) addi x10, x0, 0x10                       inst_10+0
x10 <- 0x0000000000000010

mem[X,0x00000000800004BC] -> 0xA809
[167] [M]: 0x00000000800004BC (0xA809) c.j 0x12                                     inst_10+4

clint mtime 0x0000000000000054 (mip.MTI <- 0b1, mip.STI <- 0b0)
mem[X,0x00000000800004CE] -> 0xF96D
[168] [M]: 0x00000000800004CE (0xF96D) c.bnez x10, -0xe                             inst_10+22

mem[X,0x00000000800004C0] -> 0x0113
mem[X,0x00000000800004C2] -> 0x0011
[169] [M]: 0x00000000800004C0 (0x00110113) addi x2, x2, 0x1                         inst_10+8
x2 <- 0x01FDDB7D5BFDDB92

clint mtime 0x0000000000000055 (mip.MTI <- 0b1, mip.STI <- 0b0)
mem[X,0x00000000800004C4] -> 0x006F
mem[X,0x00000000800004C6] -> 0x0160
[170] [M]: 0x00000000800004C4 (0x0160006F) jal x0, 0x16                             inst_10+12

mem[X,0x00000000800004DA] -> 0xB823
mem[X,0x00000000800004DC] -> 0x0420
[171] [M]: 0x00000000800004DA (0x0420B823) sd x2, 0x50(x1)                          inst_10+34
mem[W,0x0000000080006168] <- 0x01FDDB7D5BFDDB92

clint mtime 0x0000000000000056 (mip.MTI <- 0b1, mip.STI <- 0b0)
mem[X,0x00000000800004DE] -> 0x0513
mem[X,0x00000000800004E0] -> 0x0200
[172] [M]: 0x00000000800004DE (0x02000513) addi x10, x0, 0x20                       inst_11+0
x10 <- 0x0000000000000020

mem[X,0x00000000800004E2] -> 0xA051
[173] [M]: 0x00000000800004E2 (0xA051) c.j 0x84                                     inst_11+4

clint mtime 0x0000000000000057 (mip.MTI <- 0b1, mip.STI <- 0b0)
mem[X,0x0000000080000566] -> 0xF141
[174] [M]: 0x0000000080000566 (0xF141) c.bnez x10, -0x80                            inst_11+136

mem[X,0x00000000800004E6] -> 0x0113
mem[X,0x00000000800004E8] -> 0x0011
[175] [M]: 0x00000000800004E6 (0x00110113) addi x2, x2, 0x1                         inst_11+8
x2 <- 0x01FDDB7D5BFDDB93

clint mtime 0x0000000000000058 (mip.MTI <- 0b1, mip.STI <- 0b0)
mem[X,0x00000000800004EA] -> 0x006F
mem[X,0x00000000800004EC] -> 0x0880
[176] [M]: 0x00000000800004EA (0x0880006F) jal x0, 0x88                             inst_11+12

mem[X,0x0000000080000572] -> 0xBC23
mem[X,0x0000000080000574] -> 0x0420
[177] [M]: 0x0000000080000572 (0x0420BC23) sd x2, 0x58(x1)                          inst_11+148
mem[W,0x0000000080006170] <- 0x01FDDB7D5BFDDB93

clint mtime 0x0000000000000059 (mip.MTI <- 0b1, mip.STI <- 0b0)
mem[X,0x0000000080000576] -> 0x0513
mem[X,0x0000000080000578] -> 0x0400
[178] [M]: 0x0000000080000576 (0x04000513) addi x10, x0, 0x40                       inst_12+0
x10 <- 0x0000000000000040

mem[X,0x000000008000057A] -> 0xA031
[179] [M]: 0x000000008000057A (0xA031) c.j 0xc                                      inst_12+4

clint mtime 0x000000000000005A (mip.MTI <- 0b1, mip.STI <- 0b0)
mem[X,0x0000000080000586] -> 0xE509
[180] [M]: 0x0000000080000586 (0xE509) c.bnez x10, 0xa                              inst_12+16

mem[X,0x0000000080000590] -> 0x010D
[181] [M]: 0x0000000080000590 (0x010D) c.addi x2, 0x3                               inst_12+26
x2 <- 0x01FDDB7D5BFDDB96

clint mtime 0x000000000000005B (mip.MTI <- 0b1, mip.STI <- 0b0)
mem[X,0x0000000080000592] -> 0xB023
mem[X,0x0000000080000594] -> 0x0620
[182] [M]: 0x0000000080000592 (0x0620B023) sd x2, 0x60(x1)                          inst_12+28
mem[W,0x0000000080006178] <- 0x01FDDB7D5BFDDB96

mem[X,0x0000000080000596] -> 0x0513
mem[X,0x0000000080000598] -> 0x0800
[183] [M]: 0x0000000080000596 (0x08000513) addi x10, x0, 0x80                       inst_13+0
x10 <- 0x0000000000000080

clint mtime 0x000000000000005C (mip.MTI <- 0b1, mip.STI <- 0b0)
mem[X,0x000000008000059A] -> 0xA031
[184] [M]: 0x000000008000059A (0xA031) c.j 0xc                                      inst_13+4

mem[X,0x00000000800005A6] -> 0xE141
[185] [M]: 0x00000000800005A6 (0xE141) c.bnez x10, 0x80                             inst_13+16

clint mtime 0x000000000000005D (mip.MTI <- 0b1, mip.STI <- 0b0)
mem[X,0x0000000080000626] -> 0x010D
[186] [M]: 0x0000000080000626 (0x010D) c.addi x2, 0x3                               inst_13+144
x2 <- 0x01FDDB7D5BFDDB99

mem[X,0x0000000080000628] -> 0xB423
mem[X,0x000000008000062A] -> 0x0620
[187] [M]: 0x0000000080000628 (0x0620B423) sd x2, 0x68(x1)                          inst_13+146
mem[W,0x0000000080006180] <- 0x01FDDB7D5BFDDB99

clint mtime 0x000000000000005E (mip.MTI <- 0b1, mip.STI <- 0b0)
mem[X,0x000000008000062C] -> 0x0513
mem[X,0x000000008000062E] -> 0x1000
[188] [M]: 0x000000008000062C (0x10000513) addi x10, x0, 0x100                      inst_14+0
x10 <- 0x0000000000000100

mem[X,0x0000000080000630] -> 0xA031
[189] [M]: 0x0000000080000630 (0xA031) c.j 0xc                                      inst_14+4

clint mtime 0x000000000000005F (mip.MTI <- 0b1, mip.STI <- 0b0)
mem[X,0x000000008000063C] -> 0xE509
[190] [M]: 0x000000008000063C (0xE509) c.bnez x10, 0xa                              inst_14+16

mem[X,0x0000000080000646] -> 0x010D
[191] [M]: 0x0000000080000646 (0x010D) c.addi x2, 0x3                               inst_14+26
x2 <- 0x01FDDB7D5BFDDB9C

clint mtime 0x0000000000000060 (mip.MTI <- 0b1, mip.STI <- 0b0)
mem[X,0x0000000080000648] -> 0xB823
mem[X,0x000000008000064A] -> 0x0620
[192] [M]: 0x0000000080000648 (0x0620B823) sd x2, 0x70(x1)                          inst_14+28
mem[W,0x0000000080006188] <- 0x01FDDB7D5BFDDB9C

mem[X,0x000000008000064C] -> 0x0513
mem[X,0x000000008000064E] -> 0x2000
[193] [M]: 0x000000008000064C (0x20000513) addi x10, x0, 0x200                      inst_15+0
x10 <- 0x0000000000000200

clint mtime 0x0000000000000061 (mip.MTI <- 0b1, mip.STI <- 0b0)
mem[X,0x0000000080000650] -> 0xA031
[194] [M]: 0x0000000080000650 (0xA031) c.j 0xc                                      inst_15+4

mem[X,0x000000008000065C] -> 0xE105
[195] [M]: 0x000000008000065C (0xE105) c.bnez x10, 0x20                             inst_15+16

clint mtime 0x0000000000000062 (mip.MTI <- 0b1, mip.STI <- 0b0)
mem[X,0x000000008000067C] -> 0x010D
[196] [M]: 0x000000008000067C (0x010D) c.addi x2, 0x3                               inst_15+48
x2 <- 0x01FDDB7D5BFDDB9F

mem[X,0x000000008000067E] -> 0xBC23
mem[X,0x0000000080000680] -> 0x0620
[197] [M]: 0x000000008000067E (0x0620BC23) sd x2, 0x78(x1)                          inst_15+50
mem[W,0x0000000080006190] <- 0x01FDDB7D5BFDDB9F

clint mtime 0x0000000000000063 (mip.MTI <- 0b1, mip.STI <- 0b0)
mem[X,0x0000000080000682] -> 0x0513
mem[X,0x0000000080000684] -> 0x4000
[198] [M]: 0x0000000080000682 (0x40000513) addi x10, x0, 0x400                      inst_16+0
x10 <- 0x0000000000000400

mem[X,0x0000000080000686] -> 0xA099
[199] [M]: 0x0000000080000686 (0xA099) c.j 0x46                                     inst_16+4

clint mtime 0x0000000000000064 (mip.MTI <- 0b1, mip.STI <- 0b0)
mem[X,0x00000000800006CC] -> 0xFD5D
[200] [M]: 0x00000000800006CC (0xFD5D) c.bnez x10, -0x42                            inst_16+74

mem[X,0x000000008000068A] -> 0x0113
mem[X,0x000000008000068C] -> 0x0011
[201] [M]: 0x000000008000068A (0x00110113) addi x2, x2, 0x1                         inst_16+8
x2 <- 0x01FDDB7D5BFDDBA0

clint mtime 0x0000000000000065 (mip.MTI <- 0b1, mip.STI <- 0b0)
mem[X,0x000000008000068E] -> 0x006F
mem[X,0x0000000080000690] -> 0x04A0
[202] [M]: 0x000000008000068E (0x04A0006F) jal x0, 0x4a                             inst_16+12

mem[X,0x00000000800006D8] -> 0xB023
mem[X,0x00000000800006DA] -> 0x0820
[203] [M]: 0x00000000800006D8 (0x0820B023) sd x2, 0x80(x1)                          inst_16+86
mem[W,0x0000000080006198] <- 0x01FDDB7D5BFDDBA0

clint mtime 0x0000000000000066 (mip.MTI <- 0b1, mip.STI <- 0b0)
mem[X,0x00000000800006DC] -> 0x0513
mem[X,0x00000000800006DE] -> 0x0010
[204] [M]: 0x00000000800006DC (0x00100513) addi x10, x0, 0x1                        inst_17+0
x10 <- 0x0000000000000001

mem[X,0x00000000800006E0] -> 0x1513
mem[X,0x00000000800006E2] -> 0x00B5
[205] [M]: 0x00000000800006E0 (0x00B51513) slli x10, x10, 0xb                       inst_17+4
x10 <- 0x0000000000000800

clint mtime 0x0000000000000067 (mip.MTI <- 0b1, mip.STI <- 0b0)
mem[X,0x00000000800006E4] -> 0xA845
[206] [M]: 0x00000000800006E4 (0xA845) c.j 0xb0                                     inst_17+8

mem[X,0x0000000080000794] -> 0xF931
[207] [M]: 0x0000000080000794 (0xF931) c.bnez x10, -0xac                            inst_17+184

clint mtime 0x0000000000000068 (mip.MTI <- 0b1, mip.STI <- 0b0)
mem[X,0x00000000800006E8] -> 0x0113
mem[X,0x00000000800006EA] -> 0x0011
[208] [M]: 0x00000000800006E8 (0x00110113) addi x2, x2, 0x1                         inst_17+12
x2 <- 0x01FDDB7D5BFDDBA1

mem[X,0x00000000800006EC] -> 0x006F
mem[X,0x00000000800006EE] -> 0x0B40
[209] [M]: 0x00000000800006EC (0x0B40006F) jal x0, 0xb4                             inst_17+16

clint mtime 0x0000000000000069 (mip.MTI <- 0b1, mip.STI <- 0b0)
mem[X,0x00000000800007A0] -> 0xB423
mem[X,0x00000000800007A2] -> 0x0820
[210] [M]: 0x00000000800007A0 (0x0820B423) sd x2, 0x88(x1)                          inst_17+196
mem[W,0x00000000800061A0] <- 0x01FDDB7D5BFDDBA1

mem[X,0x00000000800007A4] -> 0x0513
mem[X,0x00000000800007A6] -> 0x0010
[211] [M]: 0x00000000800007A4 (0x00100513) addi x10, x0, 0x1                        inst_18+0
x10 <- 0x0000000000000001

clint mtime 0x000000000000006A (mip.MTI <- 0b1, mip.STI <- 0b0)
mem[X,0x00000000800007A8] -> 0x1513
mem[X,0x00000000800007AA] -> 0x00C5
[212] [M]: 0x00000000800007A8 (0x00C51513) slli x10, x10, 0xc                       inst_18+4
x10 <- 0x0000000000001000

mem[X,0x00000000800007AC] -> 0xA059
[213] [M]: 0x00000000800007AC (0xA059) c.j 0x86                                     inst_18+8

clint mtime 0x000000000000006B (mip.MTI <- 0b1, mip.STI <- 0b0)
mem[X,0x0000000080000832] -> 0xFD3D
[214] [M]: 0x0000000080000832 (0xFD3D) c.bnez x10, -0x82                            inst_18+142

mem[X,0x00000000800007B0] -> 0x0113
mem[X,0x00000000800007B2] -> 0x0011
[215] [M]: 0x00000000800007B0 (0x00110113) addi x2, x2, 0x1                         inst_18+12
x2 <- 0x01FDDB7D5BFDDBA2

clint mtime 0x000000000000006C (mip.MTI <- 0b1, mip.STI <- 0b0)
mem[X,0x00000000800007B4] -> 0x006F
mem[X,0x00000000800007B6] -> 0x08A0
[216] [M]: 0x00000000800007B4 (0x08A0006F) jal x0, 0x8a                             inst_18+16

mem[X,0x000000008000083E] -> 0xB823
mem[X,0x0000000080000840] -> 0x0820
[217] [M]: 0x000000008000083E (0x0820B823) sd x2, 0x90(x1)                          inst_18+154
mem[W,0x00000000800061A8] <- 0x01FDDB7D5BFDDBA2

clint mtime 0x000000000000006D (mip.MTI <- 0b1, mip.STI <- 0b0)
mem[X,0x0000000080000842] -> 0x0513
mem[X,0x0000000080000844] -> 0x0010
[218] [M]: 0x0000000080000842 (0x00100513) addi x10, x0, 0x1                        inst_19+0
x10 <- 0x0000000000000001

mem[X,0x0000000080000846] -> 0x1513
mem[X,0x0000000080000848] -> 0x00D5
[219] [M]: 0x0000000080000846 (0x00D51513) slli x10, x10, 0xd                       inst_19+4
x10 <- 0x0000000000002000

clint mtime 0x000000000000006E (mip.MTI <- 0b1, mip.STI <- 0b0)
mem[X,0x000000008000084A] -> 0xA031
[220] [M]: 0x000000008000084A (0xA031) c.j 0xc                                      inst_19+8

mem[X,0x0000000080000856] -> 0xE901
[221] [M]: 0x0000000080000856 (0xE901) c.bnez x10, 0x10                             inst_19+20

clint mtime 0x000000000000006F (mip.MTI <- 0b1, mip.STI <- 0b0)
mem[X,0x0000000080000866] -> 0x010D
[222] [M]: 0x0000000080000866 (0x010D) c.addi x2, 0x3                               inst_19+36
x2 <- 0x01FDDB7D5BFDDBA5

mem[X,0x0000000080000868] -> 0xBC23
mem[X,0x000000008000086A] -> 0x0820
[223] [M]: 0x0000000080000868 (0x0820BC23) sd x2, 0x98(x1)                          inst_19+38
mem[W,0x00000000800061B0] <- 0x01FDDB7D5BFDDBA5

clint mtime 0x0000000000000070 (mip.MTI <- 0b1, mip.STI <- 0b0)
mem[X,0x000000008000086C] -> 0x0513
mem[X,0x000000008000086E] -> 0x0010
[224] [M]: 0x000000008000086C (0x00100513) addi x10, x0, 0x1                        inst_20+0
x10 <- 0x0000000000000001

mem[X,0x0000000080000870] -> 0x1513
mem[X,0x0000000080000872] -> 0x00E5
[225] [M]: 0x0000000080000870 (0x00E51513) slli x10, x10, 0xe                       inst_20+4
x10 <- 0x0000000000004000

clint mtime 0x0000000000000071 (mip.MTI <- 0b1, mip.STI <- 0b0)
mem[X,0x0000000080000874] -> 0xA031
[226] [M]: 0x0000000080000874 (0xA031) c.j 0xc                                      inst_20+8

mem[X,0x0000000080000880] -> 0xE54D
[227] [M]: 0x0000000080000880 (0xE54D) c.bnez x10, 0xaa                             inst_20+20

clint mtime 0x0000000000000072 (mip.MTI <- 0b1, mip.STI <- 0b0)
mem[X,0x000000008000092A] -> 0x010D
[228] [M]: 0x000000008000092A (0x010D) c.addi x2, 0x3                               inst_20+190
x2 <- 0x01FDDB7D5BFDDBA8

mem[X,0x000000008000092C] -> 0xB023
mem[X,0x000000008000092E] -> 0x0A20
[229] [M]: 0x000000008000092C (0x0A20B023) sd x2, 0xa0(x1)                          inst_20+192
mem[W,0x00000000800061B8] <- 0x01FDDB7D5BFDDBA8

clint mtime 0x0000000000000073 (mip.MTI <- 0b1, mip.STI <- 0b0)
mem[X,0x0000000080000930] -> 0x0513
mem[X,0x0000000080000932] -> 0x0010
[230] [M]: 0x0000000080000930 (0x00100513) addi x10, x0, 0x1                        inst_21+0
x10 <- 0x0000000000000001

mem[X,0x0000000080000934] -> 0x1513
mem[X,0x0000000080000936] -> 0x00F5
[231] [M]: 0x0000000080000934 (0x00F51513) slli x10, x10, 0xf                       inst_21+4
x10 <- 0x0000000000008000

clint mtime 0x0000000000000074 (mip.MTI <- 0b1, mip.STI <- 0b0)
mem[X,0x0000000080000938] -> 0xA031
[232] [M]: 0x0000000080000938 (0xA031) c.j 0xc                                      inst_21+8

mem[X,0x0000000080000944] -> 0xE509
[233] [M]: 0x0000000080000944 (0xE509) c.bnez x10, 0xa                              inst_21+20

clint mtime 0x0000000000000075 (mip.MTI <- 0b1, mip.STI <- 0b0)
mem[X,0x000000008000094E] -> 0x010D
[234] [M]: 0x000000008000094E (0x010D) c.addi x2, 0x3                               inst_21+30
x2 <- 0x01FDDB7D5BFDDBAB

mem[X,0x0000000080000950] -> 0xB423
mem[X,0x0000000080000952] -> 0x0A20
[235] [M]: 0x0000000080000950 (0x0A20B423) sd x2, 0xa8(x1)                          inst_21+32
mem[W,0x00000000800061C0] <- 0x01FDDB7D5BFDDBAB

clint mtime 0x0000000000000076 (mip.MTI <- 0b1, mip.STI <- 0b0)
mem[X,0x0000000080000954] -> 0x0513
mem[X,0x0000000080000956] -> 0x0010
[236] [M]: 0x0000000080000954 (0x00100513) addi x10, x0, 0x1                        inst_22+0
x10 <- 0x0000000000000001

mem[X,0x0000000080000958] -> 0x1513
mem[X,0x000000008000095A] -> 0x0105
[237] [M]: 0x0000000080000958 (0x01051513) slli x10, x10, 0x10                      inst_22+4
x10 <- 0x0000000000010000

clint mtime 0x0000000000000077 (mip.MTI <- 0b1, mip.STI <- 0b0)
mem[X,0x000000008000095C] -> 0xA051
[238] [M]: 0x000000008000095C (0xA051) c.j 0x84                                     inst_22+8

mem[X,0x00000000800009E0] -> 0xF141
[239] [M]: 0x00000000800009E0 (0xF141) c.bnez x10, -0x80                            inst_22+140

clint mtime 0x0000000000000078 (mip.MTI <- 0b1, mip.STI <- 0b0)
mem[X,0x0000000080000960] -> 0x0113
mem[X,0x0000000080000962] -> 0x0011
[240] [M]: 0x0000000080000960 (0x00110113) addi x2, x2, 0x1                         inst_22+12
x2 <- 0x01FDDB7D5BFDDBAC

mem[X,0x0000000080000964] -> 0x006F
mem[X,0x0000000080000966] -> 0x0880
[241] [M]: 0x0000000080000964 (0x0880006F) jal x0, 0x88                             inst_22+16

clint mtime 0x0000000000000079 (mip.MTI <- 0b1, mip.STI <- 0b0)
mem[X,0x00000000800009EC] -> 0xB823
mem[X,0x00000000800009EE] -> 0x0A20
[242] [M]: 0x00000000800009EC (0x0A20B823) sd x2, 0xb0(x1)                          inst_22+152
mem[W,0x00000000800061C8] <- 0x01FDDB7D5BFDDBAC

mem[X,0x00000000800009F0] -> 0x0513
mem[X,0x00000000800009F2] -> 0x0010
[243] [M]: 0x00000000800009F0 (0x00100513) addi x10, x0, 0x1                        inst_23+0
x10 <- 0x0000000000000001

clint mtime 0x000000000000007A (mip.MTI <- 0b1, mip.STI <- 0b0)
mem[X,0x00000000800009F4] -> 0x1513
mem[X,0x00000000800009F6] -> 0x0115
[244] [M]: 0x00000000800009F4 (0x01151513) slli x10, x10, 0x11                      inst_23+4
x10 <- 0x0000000000020000

mem[X,0x00000000800009F8] -> 0xA031
[245] [M]: 0x00000000800009F8 (0xA031) c.j 0xc                                      inst_23+8

clint mtime 0x000000000000007B (mip.MTI <- 0b1, mip.STI <- 0b0)
mem[X,0x0000000080000A04] -> 0xE901
[246] [M]: 0x0000000080000A04 (0xE901) c.bnez x10, 0x10                             inst_23+20

mem[X,0x0000000080000A14] -> 0x010D
[247] [M]: 0x0000000080000A14 (0x010D) c.addi x2, 0x3                               inst_23+36
x2 <- 0x01FDDB7D5BFDDBAF

clint mtime 0x000000000000007C (mip.MTI <- 0b1, mip.STI <- 0b0)
mem[X,0x0000000080000A16] -> 0xBC23
mem[X,0x0000000080000A18] -> 0x0A20
[248] [M]: 0x0000000080000A16 (0x0A20BC23) sd x2, 0xb8(x1)                          inst_23+38
mem[W,0x00000000800061D0] <- 0x01FDDB7D5BFDDBAF

mem[X,0x0000000080000A1A] -> 0x0513
mem[X,0x0000000080000A1C] -> 0x0010
[249] [M]: 0x0000000080000A1A (0x00100513) addi x10, x0, 0x1                        inst_24+0
x10 <- 0x0000000000000001

clint mtime 0x000000000000007D (mip.MTI <- 0b1, mip.STI <- 0b0)
mem[X,0x0000000080000A1E] -> 0x1513
mem[X,0x0000000080000A20] -> 0x0125
[250] [M]: 0x0000000080000A1E (0x01251513) slli x10, x10, 0x12                      inst_24+4
x10 <- 0x0000000000040000

mem[X,0x0000000080000A22] -> 0xA01D
[251] [M]: 0x0000000080000A22 (0xA01D) c.j 0x26                                     inst_24+8

clint mtime 0x000000000000007E (mip.MTI <- 0b1, mip.STI <- 0b0)
mem[X,0x0000000080000A48] -> 0xFD79
[252] [M]: 0x0000000080000A48 (0xFD79) c.bnez x10, -0x22                            inst_24+46

mem[X,0x0000000080000A26] -> 0x0113
mem[X,0x0000000080000A28] -> 0x0011
[253] [M]: 0x0000000080000A26 (0x00110113) addi x2, x2, 0x1                         inst_24+12
x2 <- 0x01FDDB7D5BFDDBB0

clint mtime 0x000000000000007F (mip.MTI <- 0b1, mip.STI <- 0b0)
mem[X,0x0000000080000A2A] -> 0x006F
mem[X,0x0000000080000A2C] -> 0x02A0
[254] [M]: 0x0000000080000A2A (0x02A0006F) jal x0, 0x2a                             inst_24+16

mem[X,0x0000000080000A54] -> 0xB023
mem[X,0x0000000080000A56] -> 0x0C20
[255] [M]: 0x0000000080000A54 (0x0C20B023) sd x2, 0xc0(x1)                          inst_24+58
mem[W,0x00000000800061D8] <- 0x01FDDB7D5BFDDBB0

clint mtime 0x0000000000000080 (mip.MTI <- 0b1, mip.STI <- 0b0)
mem[X,0x0000000080000A58] -> 0x0513
mem[X,0x0000000080000A5A] -> 0x0010
[256] [M]: 0x0000000080000A58 (0x00100513) addi x10, x0, 0x1                        inst_25+0
x10 <- 0x0000000000000001

mem[X,0x0000000080000A5C] -> 0x1513
mem[X,0x0000000080000A5E] -> 0x0135
[257] [M]: 0x0000000080000A5C (0x01351513) slli x10, x10, 0x13                      inst_25+4
x10 <- 0x0000000000080000

clint mtime 0x0000000000000081 (mip.MTI <- 0b1, mip.STI <- 0b0)
mem[X,0x0000000080000A60] -> 0xA811
[258] [M]: 0x0000000080000A60 (0xA811) c.j 0x14                                     inst_25+8

mem[X,0x0000000080000A74] -> 0xF965
[259] [M]: 0x0000000080000A74 (0xF965) c.bnez x10, -0x10                            inst_25+28

clint mtime 0x0000000000000082 (mip.MTI <- 0b1, mip.STI <- 0b0)
mem[X,0x0000000080000A64] -> 0x0113
mem[X,0x0000000080000A66] -> 0x0011
[260] [M]: 0x0000000080000A64 (0x00110113) addi x2, x2, 0x1                         inst_25+12
x2 <- 0x01FDDB7D5BFDDBB1

mem[X,0x0000000080000A68] -> 0x006F
mem[X,0x0000000080000A6A] -> 0x0180
[261] [M]: 0x0000000080000A68 (0x0180006F) jal x0, 0x18                             inst_25+16

clint mtime 0x0000000000000083 (mip.MTI <- 0b1, mip.STI <- 0b0)
mem[X,0x0000000080000A80] -> 0xB423
mem[X,0x0000000080000A82] -> 0x0C20
[262] [M]: 0x0000000080000A80 (0x0C20B423) sd x2, 0xc8(x1)                          inst_25+40
mem[W,0x00000000800061E0] <- 0x01FDDB7D5BFDDBB1

mem[X,0x0000000080000A84] -> 0x0513
mem[X,0x0000000080000A86] -> 0x0010
[263] [M]: 0x0000000080000A84 (0x00100513) addi x10, x0, 0x1                        inst_26+0
x10 <- 0x0000000000000001

clint mtime 0x0000000000000084 (mip.MTI <- 0b1, mip.STI <- 0b0)
mem[X,0x0000000080000A88] -> 0x1513
mem[X,0x0000000080000A8A] -> 0x0145
[264] [M]: 0x0000000080000A88 (0x01451513) slli x10, x10, 0x14                      inst_26+4
x10 <- 0x0000000000100000

mem[X,0x0000000080000A8C] -> 0xA031
[265] [M]: 0x0000000080000A8C (0xA031) c.j 0xc                                      inst_26+8

clint mtime 0x0000000000000085 (mip.MTI <- 0b1, mip.STI <- 0b0)
mem[X,0x0000000080000A98] -> 0xED3D
[266] [M]: 0x0000000080000A98 (0xED3D) c.bnez x10, 0x7e                             inst_26+20

mem[X,0x0000000080000B16] -> 0x010D
[267] [M]: 0x0000000080000B16 (0x010D) c.addi x2, 0x3                               inst_26+146
x2 <- 0x01FDDB7D5BFDDBB4

clint mtime 0x0000000000000086 (mip.MTI <- 0b1, mip.STI <- 0b0)
mem[X,0x0000000080000B18] -> 0xB823
mem[X,0x0000000080000B1A] -> 0x0C20
[268] [M]: 0x0000000080000B18 (0x0C20B823) sd x2, 0xd0(x1)                          inst_26+148
mem[W,0x00000000800061E8] <- 0x01FDDB7D5BFDDBB4

mem[X,0x0000000080000B1C] -> 0x0513
mem[X,0x0000000080000B1E] -> 0x0010
[269] [M]: 0x0000000080000B1C (0x00100513) addi x10, x0, 0x1                        inst_27+0
x10 <- 0x0000000000000001

clint mtime 0x0000000000000087 (mip.MTI <- 0b1, mip.STI <- 0b0)
mem[X,0x0000000080000B20] -> 0x1513
mem[X,0x0000000080000B22] -> 0x0155
[270] [M]: 0x0000000080000B20 (0x01551513) slli x10, x10, 0x15                      inst_27+4
x10 <- 0x0000000000200000

mem[X,0x0000000080000B24] -> 0xA031
[271] [M]: 0x0000000080000B24 (0xA031) c.j 0xc                                      inst_27+8

clint mtime 0x0000000000000088 (mip.MTI <- 0b1, mip.STI <- 0b0)
mem[X,0x0000000080000B30] -> 0xFD65
[272] [M]: 0x0000000080000B30 (0xFD65) c.bnez x10, -0x8                             inst_27+20

mem[X,0x0000000080000B28] -> 0x0113
mem[X,0x0000000080000B2A] -> 0x0011
[273] [M]: 0x0000000080000B28 (0x00110113) addi x2, x2, 0x1                         inst_27+12
x2 <- 0x01FDDB7D5BFDDBB5

clint mtime 0x0000000000000089 (mip.MTI <- 0b1, mip.STI <- 0b0)
mem[X,0x0000000080000B2C] -> 0x006F
mem[X,0x0000000080000B2E] -> 0x0100
[274] [M]: 0x0000000080000B2C (0x0100006F) jal x0, 0x10                             inst_27+16

mem[X,0x0000000080000B3C] -> 0xBC23
mem[X,0x0000000080000B3E] -> 0x0C20
[275] [M]: 0x0000000080000B3C (0x0C20BC23) sd x2, 0xd8(x1)                          inst_27+32
mem[W,0x00000000800061F0] <- 0x01FDDB7D5BFDDBB5

clint mtime 0x000000000000008A (mip.MTI <- 0b1, mip.STI <- 0b0)
mem[X,0x0000000080000B40] -> 0x0513
mem[X,0x0000000080000B42] -> 0x0010
[276] [M]: 0x0000000080000B40 (0x00100513) addi x10, x0, 0x1                        inst_28+0
x10 <- 0x0000000000000001

mem[X,0x0000000080000B44] -> 0x1513
mem[X,0x0000000080000B46] -> 0x0165
[277] [M]: 0x0000000080000B44 (0x01651513) slli x10, x10, 0x16                      inst_28+4
x10 <- 0x0000000000400000

clint mtime 0x000000000000008B (mip.MTI <- 0b1, mip.STI <- 0b0)
mem[X,0x0000000080000B48] -> 0xA031
[278] [M]: 0x0000000080000B48 (0xA031) c.j 0xc                                      inst_28+8

mem[X,0x0000000080000B54] -> 0xE901
[279] [M]: 0x0000000080000B54 (0xE901) c.bnez x10, 0x10                             inst_28+20

clint mtime 0x000000000000008C (mip.MTI <- 0b1, mip.STI <- 0b0)
mem[X,0x0000000080000B64] -> 0x010D
[280] [M]: 0x0000000080000B64 (0x010D) c.addi x2, 0x3                               inst_28+36
x2 <- 0x01FDDB7D5BFDDBB8

mem[X,0x0000000080000B66] -> 0xB023
mem[X,0x0000000080000B68] -> 0x0E20
[281] [M]: 0x0000000080000B66 (0x0E20B023) sd x2, 0xe0(x1)                          inst_28+38
mem[W,0x00000000800061F8] <- 0x01FDDB7D5BFDDBB8

clint mtime 0x000000000000008D (mip.MTI <- 0b1, mip.STI <- 0b0)
mem[X,0x0000000080000B6A] -> 0x0513
mem[X,0x0000000080000B6C] -> 0x0010
[282] [M]: 0x0000000080000B6A (0x00100513) addi x10, x0, 0x1                        inst_29+0
x10 <- 0x0000000000000001

mem[X,0x0000000080000B6E] -> 0x1513
mem[X,0x0000000080000B70] -> 0x0175
[283] [M]: 0x0000000080000B6E (0x01751513) slli x10, x10, 0x17                      inst_29+4
x10 <- 0x0000000000800000

clint mtime 0x000000000000008E (mip.MTI <- 0b1, mip.STI <- 0b0)
mem[X,0x0000000080000B72] -> 0xA031
[284] [M]: 0x0000000080000B72 (0xA031) c.j 0xc                                      inst_29+8

mem[X,0x0000000080000B7E] -> 0xE509
[285] [M]: 0x0000000080000B7E (0xE509) c.bnez x10, 0xa                              inst_29+20

clint mtime 0x000000000000008F (mip.MTI <- 0b1, mip.STI <- 0b0)
mem[X,0x0000000080000B88] -> 0x010D
[286] [M]: 0x0000000080000B88 (0x010D) c.addi x2, 0x3                               inst_29+30
x2 <- 0x01FDDB7D5BFDDBBB

mem[X,0x0000000080000B8A] -> 0xB423
mem[X,0x0000000080000B8C] -> 0x0E20
[287] [M]: 0x0000000080000B8A (0x0E20B423) sd x2, 0xe8(x1)                          inst_29+32
mem[W,0x0000000080006200] <- 0x01FDDB7D5BFDDBBB

clint mtime 0x0000000000000090 (mip.MTI <- 0b1, mip.STI <- 0b0)
mem[X,0x0000000080000B8E] -> 0x0513
mem[X,0x0000000080000B90] -> 0x0010
[288] [M]: 0x0000000080000B8E (0x00100513) addi x10, x0, 0x1                        inst_30+0
x10 <- 0x0000000000000001

mem[X,0x0000000080000B92] -> 0x1513
mem[X,0x0000000080000B94] -> 0x0185
[289] [M]: 0x0000000080000B92 (0x01851513) slli x10, x10, 0x18                      inst_30+4
x10 <- 0x0000000001000000

clint mtime 0x0000000000000091 (mip.MTI <- 0b1, mip.STI <- 0b0)
mem[X,0x0000000080000B96] -> 0xA031
[290] [M]: 0x0000000080000B96 (0xA031) c.j 0xc                                      inst_30+8

mem[X,0x0000000080000BA2] -> 0xED3D
[291] [M]: 0x0000000080000BA2 (0xED3D) c.bnez x10, 0x7e                             inst_30+20

clint mtime 0x0000000000000092 (mip.MTI <- 0b1, mip.STI <- 0b0)
mem[X,0x0000000080000C20] -> 0x010D
[292] [M]: 0x0000000080000C20 (0x010D) c.addi x2, 0x3                               inst_30+146
x2 <- 0x01FDDB7D5BFDDBBE

mem[X,0x0000000080000C22] -> 0xB823
mem[X,0x0000000080000C24] -> 0x0E20
[293] [M]: 0x0000000080000C22 (0x0E20B823) sd x2, 0xf0(x1)                          inst_30+148
mem[W,0x0000000080006208] <- 0x01FDDB7D5BFDDBBE

clint mtime 0x0000000000000093 (mip.MTI <- 0b1, mip.STI <- 0b0)
mem[X,0x0000000080000C26] -> 0x0513
mem[X,0x0000000080000C28] -> 0x0010
[294] [M]: 0x0000000080000C26 (0x00100513) addi x10, x0, 0x1                        inst_31+0
x10 <- 0x0000000000000001

mem[X,0x0000000080000C2A] -> 0x1513
mem[X,0x0000000080000C2C] -> 0x0195
[295] [M]: 0x0000000080000C2A (0x01951513) slli x10, x10, 0x19                      inst_31+4
x10 <- 0x0000000002000000

clint mtime 0x0000000000000094 (mip.MTI <- 0b1, mip.STI <- 0b0)
mem[X,0x0000000080000C2E] -> 0xA059
[296] [M]: 0x0000000080000C2E (0xA059) c.j 0x86                                     inst_31+8

mem[X,0x0000000080000CB4] -> 0xFD3D
[297] [M]: 0x0000000080000CB4 (0xFD3D) c.bnez x10, -0x82                            inst_31+142

clint mtime 0x0000000000000095 (mip.MTI <- 0b1, mip.STI <- 0b0)
mem[X,0x0000000080000C32] -> 0x0113
mem[X,0x0000000080000C34] -> 0x0011
[298] [M]: 0x0000000080000C32 (0x00110113) addi x2, x2, 0x1                         inst_31+12
x2 <- 0x01FDDB7D5BFDDBBF

mem[X,0x0000000080000C36] -> 0x006F
mem[X,0x0000000080000C38] -> 0x08A0
[299] [M]: 0x0000000080000C36 (0x08A0006F) jal x0, 0x8a                             inst_31+16

clint mtime 0x0000000000000096 (mip.MTI <- 0b1, mip.STI <- 0b0)
mem[X,0x0000000080000CC0] -> 0xBC23
mem[X,0x0000000080000CC2] -> 0x0E20
[300] [M]: 0x0000000080000CC0 (0x0E20BC23) sd x2, 0xf8(x1)                          inst_31+154
mem[W,0x0000000080006210] <- 0x01FDDB7D5BFDDBBF

mem[X,0x0000000080000CC4] -> 0x0513
mem[X,0x0000000080000CC6] -> 0x0010
[301] [M]: 0x0000000080000CC4 (0x00100513) addi x10, x0, 0x1                        inst_32+0
x10 <- 0x0000000000000001

clint mtime 0x0000000000000097 (mip.MTI <- 0b1, mip.STI <- 0b0)
mem[X,0x0000000080000CC8] -> 0x1513
mem[X,0x0000000080000CCA] -> 0x01A5
[302] [M]: 0x0000000080000CC8 (0x01A51513) slli x10, x10, 0x1a                      inst_32+4
x10 <- 0x0000000004000000

mem[X,0x0000000080000CCC] -> 0xA031
[303] [M]: 0x0000000080000CCC (0xA031) c.j 0xc                                      inst_32+8

clint mtime 0x0000000000000098 (mip.MTI <- 0b1, mip.STI <- 0b0)
mem[X,0x0000000080000CD8] -> 0xE509
[304] [M]: 0x0000000080000CD8 (0xE509) c.bnez x10, 0xa                              inst_32+20

mem[X,0x0000000080000CE2] -> 0x010D
[305] [M]: 0x0000000080000CE2 (0x010D) c.addi x2, 0x3                               inst_32+30
x2 <- 0x01FDDB7D5BFDDBC2

clint mtime 0x0000000000000099 (mip.MTI <- 0b1, mip.STI <- 0b0)
mem[X,0x0000000080000CE4] -> 0xB023
mem[X,0x0000000080000CE6] -> 0x1020
[306] [M]: 0x0000000080000CE4 (0x1020B023) sd x2, 0x100(x1)                         inst_32+32
mem[W,0x0000000080006218] <- 0x01FDDB7D5BFDDBC2

mem[X,0x0000000080000CE8] -> 0x0513
mem[X,0x0000000080000CEA] -> 0x0010
[307] [M]: 0x0000000080000CE8 (0x00100513) addi x10, x0, 0x1                        inst_33+0
x10 <- 0x0000000000000001

clint mtime 0x000000000000009A (mip.MTI <- 0b1, mip.STI <- 0b0)
mem[X,0x0000000080000CEC] -> 0x1513
mem[X,0x0000000080000CEE] -> 0x01B5
[308] [M]: 0x0000000080000CEC (0x01B51513) slli x10, x10, 0x1b                      inst_33+4
x10 <- 0x0000000008000000

mem[X,0x0000000080000CF0] -> 0xA819
[309] [M]: 0x0000000080000CF0 (0xA819) c.j 0x16                                     inst_33+8

clint mtime 0x000000000000009B (mip.MTI <- 0b1, mip.STI <- 0b0)
mem[X,0x0000000080000D06] -> 0xF57D
[310] [M]: 0x0000000080000D06 (0xF57D) c.bnez x10, -0x12                            inst_33+30

mem[X,0x0000000080000CF4] -> 0x0113
mem[X,0x0000000080000CF6] -> 0x0011
[311] [M]: 0x0000000080000CF4 (0x00110113) addi x2, x2, 0x1                         inst_33+12
x2 <- 0x01FDDB7D5BFDDBC3

clint mtime 0x000000000000009C (mip.MTI <- 0b1, mip.STI <- 0b0)
mem[X,0x0000000080000CF8] -> 0x006F
mem[X,0x0000000080000CFA] -> 0x01A0
[312] [M]: 0x0000000080000CF8 (0x01A0006F) jal x0, 0x1a                             inst_33+16

mem[X,0x0000000080000D12] -> 0xB423
mem[X,0x0000000080000D14] -> 0x1020
[313] [M]: 0x0000000080000D12 (0x1020B423) sd x2, 0x108(x1)                         inst_33+42
mem[W,0x0000000080006220] <- 0x01FDDB7D5BFDDBC3

clint mtime 0x000000000000009D (mip.MTI <- 0b1, mip.STI <- 0b0)
mem[X,0x0000000080000D16] -> 0x0513
mem[X,0x0000000080000D18] -> 0x0010
[314] [M]: 0x0000000080000D16 (0x00100513) addi x10, x0, 0x1                        inst_34+0
x10 <- 0x0000000000000001

mem[X,0x0000000080000D1A] -> 0x1513
mem[X,0x0000000080000D1C] -> 0x01C5
[315] [M]: 0x0000000080000D1A (0x01C51513) slli x10, x10, 0x1c                      inst_34+4
x10 <- 0x0000000010000000

clint mtime 0x000000000000009E (mip.MTI <- 0b1, mip.STI <- 0b0)
mem[X,0x0000000080000D1E] -> 0xA031
[316] [M]: 0x0000000080000D1E (0xA031) c.j 0xc                                      inst_34+8

mem[X,0x0000000080000D2A] -> 0xFD65
[317] [M]: 0x0000000080000D2A (0xFD65) c.bnez x10, -0x8                             inst_34+20

clint mtime 0x000000000000009F (mip.MTI <- 0b1, mip.STI <- 0b0)
mem[X,0x0000000080000D22] -> 0x0113
mem[X,0x0000000080000D24] -> 0x0011
[318] [M]: 0x0000000080000D22 (0x00110113) addi x2, x2, 0x1                         inst_34+12
x2 <- 0x01FDDB7D5BFDDBC4

mem[X,0x0000000080000D26] -> 0x006F
mem[X,0x0000000080000D28] -> 0x0100
[319] [M]: 0x0000000080000D26 (0x0100006F) jal x0, 0x10                             inst_34+16

clint mtime 0x00000000000000A0 (mip.MTI <- 0b1, mip.STI <- 0b0)
mem[X,0x0000000080000D36] -> 0xB823
mem[X,0x0000000080000D38] -> 0x1020
[320] [M]: 0x0000000080000D36 (0x1020B823) sd x2, 0x110(x1)                         inst_34+32
mem[W,0x0000000080006228] <- 0x01FDDB7D5BFDDBC4

mem[X,0x0000000080000D3A] -> 0x0513
mem[X,0x0000000080000D3C] -> 0x0010
[321] [M]: 0x0000000080000D3A (0x00100513) addi x10, x0, 0x1                        inst_35+0
x10 <- 0x0000000000000001

clint mtime 0x00000000000000A1 (mip.MTI <- 0b1, mip.STI <- 0b0)
mem[X,0x0000000080000D3E] -> 0x1513
mem[X,0x0000000080000D40] -> 0x01D5
[322] [M]: 0x0000000080000D3E (0x01D51513) slli x10, x10, 0x1d                      inst_35+4
x10 <- 0x0000000020000000

mem[X,0x0000000080000D42] -> 0xA809
[323] [M]: 0x0000000080000D42 (0xA809) c.j 0x12                                     inst_35+8

clint mtime 0x00000000000000A2 (mip.MTI <- 0b1, mip.STI <- 0b0)
mem[X,0x0000000080000D54] -> 0xF96D
[324] [M]: 0x0000000080000D54 (0xF96D) c.bnez x10, -0xe                             inst_35+26

mem[X,0x0000000080000D46] -> 0x0113
mem[X,0x0000000080000D48] -> 0x0011
[325] [M]: 0x0000000080000D46 (0x00110113) addi x2, x2, 0x1                         inst_35+12
x2 <- 0x01FDDB7D5BFDDBC5

clint mtime 0x00000000000000A3 (mip.MTI <- 0b1, mip.STI <- 0b0)
mem[X,0x0000000080000D4A] -> 0x006F
mem[X,0x0000000080000D4C] -> 0x0160
[326] [M]: 0x0000000080000D4A (0x0160006F) jal x0, 0x16                             inst_35+16

mem[X,0x0000000080000D60] -> 0xBC23
mem[X,0x0000000080000D62] -> 0x1020
[327] [M]: 0x0000000080000D60 (0x1020BC23) sd x2, 0x118(x1)                         inst_35+38
mem[W,0x0000000080006230] <- 0x01FDDB7D5BFDDBC5

clint mtime 0x00000000000000A4 (mip.MTI <- 0b1, mip.STI <- 0b0)
mem[X,0x0000000080000D64] -> 0x0513
mem[X,0x0000000080000D66] -> 0x0010
[328] [M]: 0x0000000080000D64 (0x00100513) addi x10, x0, 0x1                        inst_36+0
x10 <- 0x0000000000000001

mem[X,0x0000000080000D68] -> 0x1513
mem[X,0x0000000080000D6A] -> 0x01E5
[329] [M]: 0x0000000080000D68 (0x01E51513) slli x10, x10, 0x1e                      inst_36+4
x10 <- 0x0000000040000000

clint mtime 0x00000000000000A5 (mip.MTI <- 0b1, mip.STI <- 0b0)
mem[X,0x0000000080000D6C] -> 0xA031
[330] [M]: 0x0000000080000D6C (0xA031) c.j 0xc                                      inst_36+8

mem[X,0x0000000080000D78] -> 0xFD65
[331] [M]: 0x0000000080000D78 (0xFD65) c.bnez x10, -0x8                             inst_36+20

clint mtime 0x00000000000000A6 (mip.MTI <- 0b1, mip.STI <- 0b0)
mem[X,0x0000000080000D70] -> 0x0113
mem[X,0x0000000080000D72] -> 0x0011
[332] [M]: 0x0000000080000D70 (0x00110113) addi x2, x2, 0x1                         inst_36+12
x2 <- 0x01FDDB7D5BFDDBC6

mem[X,0x0000000080000D74] -> 0x006F
mem[X,0x0000000080000D76] -> 0x0100
[333] [M]: 0x0000000080000D74 (0x0100006F) jal x0, 0x10                             inst_36+16

clint mtime 0x00000000000000A7 (mip.MTI <- 0b1, mip.STI <- 0b0)
mem[X,0x0000000080000D84] -> 0xB023
mem[X,0x0000000080000D86] -> 0x1220
[334] [M]: 0x0000000080000D84 (0x1220B023) sd x2, 0x120(x1)                         inst_36+32
mem[W,0x0000000080006238] <- 0x01FDDB7D5BFDDBC6

mem[X,0x0000000080000D88] -> 0x0513
mem[X,0x0000000080000D8A] -> 0x0010
[335] [M]: 0x0000000080000D88 (0x00100513) addi x10, x0, 0x1                        inst_37+0
x10 <- 0x0000000000000001

clint mtime 0x00000000000000A8 (mip.MTI <- 0b1, mip.STI <- 0b0)
mem[X,0x0000000080000D8C] -> 0x1513
mem[X,0x0000000080000D8E] -> 0x01F5
[336] [M]: 0x0000000080000D8C (0x01F51513) slli x10, x10, 0x1f                      inst_37+4
x10 <- 0x0000000080000000

mem[X,0x0000000080000D90] -> 0xA031
[337] [M]: 0x0000000080000D90 (0xA031) c.j 0xc                                      inst_37+8

clint mtime 0x00000000000000A9 (mip.MTI <- 0b1, mip.STI <- 0b0)
mem[X,0x0000000080000D9C] -> 0xFD65
[338] [M]: 0x0000000080000D9C (0xFD65) c.bnez x10, -0x8                             inst_37+20

mem[X,0x0000000080000D94] -> 0x0113
mem[X,0x0000000080000D96] -> 0x0011
[339] [M]: 0x0000000080000D94 (0x00110113) addi x2, x2, 0x1                         inst_37+12
x2 <- 0x01FDDB7D5BFDDBC7

clint mtime 0x00000000000000AA (mip.MTI <- 0b1, mip.STI <- 0b0)
mem[X,0x0000000080000D98] -> 0x006F
mem[X,0x0000000080000D9A] -> 0x0100
[340] [M]: 0x0000000080000D98 (0x0100006F) jal x0, 0x10                             inst_37+16

mem[X,0x0000000080000DA8] -> 0xB423
mem[X,0x0000000080000DAA] -> 0x1220
[341] [M]: 0x0000000080000DA8 (0x1220B423) sd x2, 0x128(x1)                         inst_37+32
mem[W,0x0000000080006240] <- 0x01FDDB7D5BFDDBC7

clint mtime 0x00000000000000AB (mip.MTI <- 0b1, mip.STI <- 0b0)
mem[X,0x0000000080000DAC] -> 0x0513
mem[X,0x0000000080000DAE] -> 0x0010
[342] [M]: 0x0000000080000DAC (0x00100513) addi x10, x0, 0x1                        inst_38+0
x10 <- 0x0000000000000001

mem[X,0x0000000080000DB0] -> 0x1513
mem[X,0x0000000080000DB2] -> 0x0205
[343] [M]: 0x0000000080000DB0 (0x02051513) slli x10, x10, 0x20                      inst_38+4
x10 <- 0x0000000100000000

clint mtime 0x00000000000000AC (mip.MTI <- 0b1, mip.STI <- 0b0)
mem[X,0x0000000080000DB4] -> 0xA039
[344] [M]: 0x0000000080000DB4 (0xA039) c.j 0xe                                      inst_38+8

mem[X,0x0000000080000DC2] -> 0xF97D
[345] [M]: 0x0000000080000DC2 (0xF97D) c.bnez x10, -0xa                             inst_38+22

clint mtime 0x00000000000000AD (mip.MTI <- 0b1, mip.STI <- 0b0)
mem[X,0x0000000080000DB8] -> 0x0113
mem[X,0x0000000080000DBA] -> 0x0011
[346] [M]: 0x0000000080000DB8 (0x00110113) addi x2, x2, 0x1                         inst_38+12
x2 <- 0x01FDDB7D5BFDDBC8

mem[X,0x0000000080000DBC] -> 0x006F
mem[X,0x0000000080000DBE] -> 0x0120
[347] [M]: 0x0000000080000DBC (0x0120006F) jal x0, 0x12                             inst_38+16

clint mtime 0x00000000000000AE (mip.MTI <- 0b1, mip.STI <- 0b0)
mem[X,0x0000000080000DCE] -> 0xB823
mem[X,0x0000000080000DD0] -> 0x1220
[348] [M]: 0x0000000080000DCE (0x1220B823) sd x2, 0x130(x1)                         inst_38+34
mem[W,0x0000000080006248] <- 0x01FDDB7D5BFDDBC8

mem[X,0x0000000080000DD2] -> 0x0513
mem[X,0x0000000080000DD4] -> 0x0010
[349] [M]: 0x0000000080000DD2 (0x00100513) addi x10, x0, 0x1                        inst_39+0
x10 <- 0x0000000000000001

clint mtime 0x00000000000000AF (mip.MTI <- 0b1, mip.STI <- 0b0)
mem[X,0x0000000080000DD6] -> 0x1513
mem[X,0x0000000080000DD8] -> 0x0215
[350] [M]: 0x0000000080000DD6 (0x02151513) slli x10, x10, 0x21                      inst_39+4
x10 <- 0x0000000200000000

mem[X,0x0000000080000DDA] -> 0xA801
[351] [M]: 0x0000000080000DDA (0xA801) c.j 0x10                                     inst_39+8

clint mtime 0x00000000000000B0 (mip.MTI <- 0b1, mip.STI <- 0b0)
mem[X,0x0000000080000DEA] -> 0xF975
[352] [M]: 0x0000000080000DEA (0xF975) c.bnez x10, -0xc                             inst_39+24

mem[X,0x0000000080000DDE] -> 0x0113
mem[X,0x0000000080000DE0] -> 0x0011
[353] [M]: 0x0000000080000DDE (0x00110113) addi x2, x2, 0x1                         inst_39+12
x2 <- 0x01FDDB7D5BFDDBC9

clint mtime 0x00000000000000B1 (mip.MTI <- 0b1, mip.STI <- 0b0)
mem[X,0x0000000080000DE2] -> 0x006F
mem[X,0x0000000080000DE4] -> 0x0140
[354] [M]: 0x0000000080000DE2 (0x0140006F) jal x0, 0x14                             inst_39+16

mem[X,0x0000000080000DF6] -> 0xBC23
mem[X,0x0000000080000DF8] -> 0x1220
[355] [M]: 0x0000000080000DF6 (0x1220BC23) sd x2, 0x138(x1)                         inst_39+36
mem[W,0x0000000080006250] <- 0x01FDDB7D5BFDDBC9

clint mtime 0x00000000000000B2 (mip.MTI <- 0b1, mip.STI <- 0b0)
mem[X,0x0000000080000DFA] -> 0x0513
mem[X,0x0000000080000DFC] -> 0x0010
[356] [M]: 0x0000000080000DFA (0x00100513) addi x10, x0, 0x1                        inst_40+0
x10 <- 0x0000000000000001

mem[X,0x0000000080000DFE] -> 0x1513
mem[X,0x0000000080000E00] -> 0x0225
[357] [M]: 0x0000000080000DFE (0x02251513) slli x10, x10, 0x22                      inst_40+4
x10 <- 0x0000000400000000

clint mtime 0x00000000000000B3 (mip.MTI <- 0b1, mip.STI <- 0b0)
mem[X,0x0000000080000E02] -> 0xA811
[358] [M]: 0x0000000080000E02 (0xA811) c.j 0x14                                     inst_40+8

mem[X,0x0000000080000E16] -> 0xF965
[359] [M]: 0x0000000080000E16 (0xF965) c.bnez x10, -0x10                            inst_40+28

clint mtime 0x00000000000000B4 (mip.MTI <- 0b1, mip.STI <- 0b0)
mem[X,0x0000000080000E06] -> 0x0113
mem[X,0x0000000080000E08] -> 0x0011
[360] [M]: 0x0000000080000E06 (0x00110113) addi x2, x2, 0x1                         inst_40+12
x2 <- 0x01FDDB7D5BFDDBCA

mem[X,0x0000000080000E0A] -> 0x006F
mem[X,0x0000000080000E0C] -> 0x0180
[361] [M]: 0x0000000080000E0A (0x0180006F) jal x0, 0x18                             inst_40+16

clint mtime 0x00000000000000B5 (mip.MTI <- 0b1, mip.STI <- 0b0)
mem[X,0x0000000080000E22] -> 0xB023
mem[X,0x0000000080000E24] -> 0x1420
[362] [M]: 0x0000000080000E22 (0x1420B023) sd x2, 0x140(x1)                         inst_40+40
mem[W,0x0000000080006258] <- 0x01FDDB7D5BFDDBCA

mem[X,0x0000000080000E26] -> 0x0513
mem[X,0x0000000080000E28] -> 0x0010
[363] [M]: 0x0000000080000E26 (0x00100513) addi x10, x0, 0x1                        inst_41+0
x10 <- 0x0000000000000001

clint mtime 0x00000000000000B6 (mip.MTI <- 0b1, mip.STI <- 0b0)
mem[X,0x0000000080000E2A] -> 0x1513
mem[X,0x0000000080000E2C] -> 0x0235
[364] [M]: 0x0000000080000E2A (0x02351513) slli x10, x10, 0x23                      inst_41+4
x10 <- 0x0000000800000000

mem[X,0x0000000080000E2E] -> 0xA031
[365] [M]: 0x0000000080000E2E (0xA031) c.j 0xc                                      inst_41+8

clint mtime 0x00000000000000B7 (mip.MTI <- 0b1, mip.STI <- 0b0)
mem[X,0x0000000080000E3A] -> 0xE519
[366] [M]: 0x0000000080000E3A (0xE519) c.bnez x10, 0xe                              inst_41+20

mem[X,0x0000000080000E48] -> 0x010D
[367] [M]: 0x0000000080000E48 (0x010D) c.addi x2, 0x3                               inst_41+34
x2 <- 0x01FDDB7D5BFDDBCD

clint mtime 0x00000000000000B8 (mip.MTI <- 0b1, mip.STI <- 0b0)
mem[X,0x0000000080000E4A] -> 0xB423
mem[X,0x0000000080000E4C] -> 0x1420
[368] [M]: 0x0000000080000E4A (0x1420B423) sd x2, 0x148(x1)                         inst_41+36
mem[W,0x0000000080006260] <- 0x01FDDB7D5BFDDBCD

mem[X,0x0000000080000E4E] -> 0x0513
mem[X,0x0000000080000E50] -> 0x0010
[369] [M]: 0x0000000080000E4E (0x00100513) addi x10, x0, 0x1                        inst_42+0
x10 <- 0x0000000000000001

clint mtime 0x00000000000000B9 (mip.MTI <- 0b1, mip.STI <- 0b0)
mem[X,0x0000000080000E52] -> 0x1513
mem[X,0x0000000080000E54] -> 0x0245
[370] [M]: 0x0000000080000E52 (0x02451513) slli x10, x10, 0x24                      inst_42+4
x10 <- 0x0000001000000000

mem[X,0x0000000080000E56] -> 0xA099
[371] [M]: 0x0000000080000E56 (0xA099) c.j 0x46                                     inst_42+8

clint mtime 0x00000000000000BA (mip.MTI <- 0b1, mip.STI <- 0b0)
mem[X,0x0000000080000E9C] -> 0xFD5D
[372] [M]: 0x0000000080000E9C (0xFD5D) c.bnez x10, -0x42                            inst_42+78

mem[X,0x0000000080000E5A] -> 0x0113
mem[X,0x0000000080000E5C] -> 0x0011
[373] [M]: 0x0000000080000E5A (0x00110113) addi x2, x2, 0x1                         inst_42+12
x2 <- 0x01FDDB7D5BFDDBCE

clint mtime 0x00000000000000BB (mip.MTI <- 0b1, mip.STI <- 0b0)
mem[X,0x0000000080000E5E] -> 0x006F
mem[X,0x0000000080000E60] -> 0x04A0
[374] [M]: 0x0000000080000E5E (0x04A0006F) jal x0, 0x4a                             inst_42+16

mem[X,0x0000000080000EA8] -> 0xB823
mem[X,0x0000000080000EAA] -> 0x1420
[375] [M]: 0x0000000080000EA8 (0x1420B823) sd x2, 0x150(x1)                         inst_42+90
mem[W,0x0000000080006268] <- 0x01FDDB7D5BFDDBCE

clint mtime 0x00000000000000BC (mip.MTI <- 0b1, mip.STI <- 0b0)
mem[X,0x0000000080000EAC] -> 0x0513
mem[X,0x0000000080000EAE] -> 0x0010
[376] [M]: 0x0000000080000EAC (0x00100513) addi x10, x0, 0x1                        inst_43+0
x10 <- 0x0000000000000001

mem[X,0x0000000080000EB0] -> 0x1513
mem[X,0x0000000080000EB2] -> 0x0255
[377] [M]: 0x0000000080000EB0 (0x02551513) slli x10, x10, 0x25                      inst_43+4
x10 <- 0x0000002000000000

clint mtime 0x00000000000000BD (mip.MTI <- 0b1, mip.STI <- 0b0)
mem[X,0x0000000080000EB4] -> 0xA809
[378] [M]: 0x0000000080000EB4 (0xA809) c.j 0x12                                     inst_43+8

mem[X,0x0000000080000EC6] -> 0xF96D
[379] [M]: 0x0000000080000EC6 (0xF96D) c.bnez x10, -0xe                             inst_43+26

clint mtime 0x00000000000000BE (mip.MTI <- 0b1, mip.STI <- 0b0)
mem[X,0x0000000080000EB8] -> 0x0113
mem[X,0x0000000080000EBA] -> 0x0011
[380] [M]: 0x0000000080000EB8 (0x00110113) addi x2, x2, 0x1                         inst_43+12
x2 <- 0x01FDDB7D5BFDDBCF

mem[X,0x0000000080000EBC] -> 0x006F
mem[X,0x0000000080000EBE] -> 0x0160
[381] [M]: 0x0000000080000EBC (0x0160006F) jal x0, 0x16                             inst_43+16

clint mtime 0x00000000000000BF (mip.MTI <- 0b1, mip.STI <- 0b0)
mem[X,0x0000000080000ED2] -> 0xBC23
mem[X,0x0000000080000ED4] -> 0x1420
[382] [M]: 0x0000000080000ED2 (0x1420BC23) sd x2, 0x158(x1)                         inst_43+38
mem[W,0x0000000080006270] <- 0x01FDDB7D5BFDDBCF

mem[X,0x0000000080000ED6] -> 0x0513
mem[X,0x0000000080000ED8] -> 0x0010
[383] [M]: 0x0000000080000ED6 (0x00100513) addi x10, x0, 0x1                        inst_44+0
x10 <- 0x0000000000000001

clint mtime 0x00000000000000C0 (mip.MTI <- 0b1, mip.STI <- 0b0)
mem[X,0x0000000080000EDA] -> 0x1513
mem[X,0x0000000080000EDC] -> 0x0265
[384] [M]: 0x0000000080000EDA (0x02651513) slli x10, x10, 0x26                      inst_44+4
x10 <- 0x0000004000000000

mem[X,0x0000000080000EDE] -> 0xA031
[385] [M]: 0x0000000080000EDE (0xA031) c.j 0xc                                      inst_44+8

clint mtime 0x00000000000000C1 (mip.MTI <- 0b1, mip.STI <- 0b0)
mem[X,0x0000000080000EEA] -> 0xE509
[386] [M]: 0x0000000080000EEA (0xE509) c.bnez x10, 0xa                              inst_44+20

mem[X,0x0000000080000EF4] -> 0x010D
[387] [M]: 0x0000000080000EF4 (0x010D) c.addi x2, 0x3                               inst_44+30
x2 <- 0x01FDDB7D5BFDDBD2

clint mtime 0x00000000000000C2 (mip.MTI <- 0b1, mip.STI <- 0b0)
mem[X,0x0000000080000EF6] -> 0xB023
mem[X,0x0000000080000EF8] -> 0x1620
[388] [M]: 0x0000000080000EF6 (0x1620B023) sd x2, 0x160(x1)                         inst_44+32
mem[W,0x0000000080006278] <- 0x01FDDB7D5BFDDBD2

mem[X,0x0000000080000EFA] -> 0x0513
mem[X,0x0000000080000EFC] -> 0x0010
[389] [M]: 0x0000000080000EFA (0x00100513) addi x10, x0, 0x1                        inst_45+0
x10 <- 0x0000000000000001

clint mtime 0x00000000000000C3 (mip.MTI <- 0b1, mip.STI <- 0b0)
mem[X,0x0000000080000EFE] -> 0x1513
mem[X,0x0000000080000F00] -> 0x0275
[390] [M]: 0x0000000080000EFE (0x02751513) slli x10, x10, 0x27                      inst_45+4
x10 <- 0x0000008000000000

mem[X,0x0000000080000F02] -> 0xA809
[391] [M]: 0x0000000080000F02 (0xA809) c.j 0x12                                     inst_45+8

clint mtime 0x00000000000000C4 (mip.MTI <- 0b1, mip.STI <- 0b0)
mem[X,0x0000000080000F14] -> 0xF96D
[392] [M]: 0x0000000080000F14 (0xF96D) c.bnez x10, -0xe                             inst_45+26

mem[X,0x0000000080000F06] -> 0x0113
mem[X,0x0000000080000F08] -> 0x0011
[393] [M]: 0x0000000080000F06 (0x00110113) addi x2, x2, 0x1                         inst_45+12
x2 <- 0x01FDDB7D5BFDDBD3

clint mtime 0x00000000000000C5 (mip.MTI <- 0b1, mip.STI <- 0b0)
mem[X,0x0000000080000F0A] -> 0x006F
mem[X,0x0000000080000F0C] -> 0x0160
[394] [M]: 0x0000000080000F0A (0x0160006F) jal x0, 0x16                             inst_45+16

mem[X,0x0000000080000F20] -> 0xB423
mem[X,0x0000000080000F22] -> 0x1620
[395] [M]: 0x0000000080000F20 (0x1620B423) sd x2, 0x168(x1)                         inst_45+38
mem[W,0x0000000080006280] <- 0x01FDDB7D5BFDDBD3

clint mtime 0x00000000000000C6 (mip.MTI <- 0b1, mip.STI <- 0b0)
mem[X,0x0000000080000F24] -> 0x0513
mem[X,0x0000000080000F26] -> 0x0010
[396] [M]: 0x0000000080000F24 (0x00100513) addi x10, x0, 0x1                        inst_46+0
x10 <- 0x0000000000000001

mem[X,0x0000000080000F28] -> 0x1513
mem[X,0x0000000080000F2A] -> 0x0285
[397] [M]: 0x0000000080000F28 (0x02851513) slli x10, x10, 0x28                      inst_46+4
x10 <- 0x0000010000000000

clint mtime 0x00000000000000C7 (mip.MTI <- 0b1, mip.STI <- 0b0)
mem[X,0x0000000080000F2C] -> 0xA809
[398] [M]: 0x0000000080000F2C (0xA809) c.j 0x12                                     inst_46+8

mem[X,0x0000000080000F3E] -> 0xF96D
[399] [M]: 0x0000000080000F3E (0xF96D) c.bnez x10, -0xe                             inst_46+26

clint mtime 0x00000000000000C8 (mip.MTI <- 0b1, mip.STI <- 0b0)
mem[X,0x0000000080000F30] -> 0x0113
mem[X,0x0000000080000F32] -> 0x0011
[400] [M]: 0x0000000080000F30 (0x00110113) addi x2, x2, 0x1                         inst_46+12
x2 <- 0x01FDDB7D5BFDDBD4

mem[X,0x0000000080000F34] -> 0x006F
mem[X,0x0000000080000F36] -> 0x0160
[401] [M]: 0x0000000080000F34 (0x0160006F) jal x0, 0x16                             inst_46+16

clint mtime 0x00000000000000C9 (mip.MTI <- 0b1, mip.STI <- 0b0)
mem[X,0x0000000080000F4A] -> 0xB823
mem[X,0x0000000080000F4C] -> 0x1620
[402] [M]: 0x0000000080000F4A (0x1620B823) sd x2, 0x170(x1)                         inst_46+38
mem[W,0x0000000080006288] <- 0x01FDDB7D5BFDDBD4

mem[X,0x0000000080000F4E] -> 0x0513
mem[X,0x0000000080000F50] -> 0x0010
[403] [M]: 0x0000000080000F4E (0x00100513) addi x10, x0, 0x1                        inst_47+0
x10 <- 0x0000000000000001

clint mtime 0x00000000000000CA (mip.MTI <- 0b1, mip.STI <- 0b0)
mem[X,0x0000000080000F52] -> 0x1513
mem[X,0x0000000080000F54] -> 0x0295
[404] [M]: 0x0000000080000F52 (0x02951513) slli x10, x10, 0x29                      inst_47+4
x10 <- 0x0000020000000000

mem[X,0x0000000080000F56] -> 0xA051
[405] [M]: 0x0000000080000F56 (0xA051) c.j 0x84                                     inst_47+8

clint mtime 0x00000000000000CB (mip.MTI <- 0b1, mip.STI <- 0b0)
mem[X,0x0000000080000FDA] -> 0xF141
[406] [M]: 0x0000000080000FDA (0xF141) c.bnez x10, -0x80                            inst_47+140

mem[X,0x0000000080000F5A] -> 0x0113
mem[X,0x0000000080000F5C] -> 0x0011
[407] [M]: 0x0000000080000F5A (0x00110113) addi x2, x2, 0x1                         inst_47+12
x2 <- 0x01FDDB7D5BFDDBD5

clint mtime 0x00000000000000CC (mip.MTI <- 0b1, mip.STI <- 0b0)
mem[X,0x0000000080000F5E] -> 0x006F
mem[X,0x0000000080000F60] -> 0x0880
[408] [M]: 0x0000000080000F5E (0x0880006F) jal x0, 0x88                             inst_47+16

mem[X,0x0000000080000FE6] -> 0xBC23
mem[X,0x0000000080000FE8] -> 0x1620
[409] [M]: 0x0000000080000FE6 (0x1620BC23) sd x2, 0x178(x1)                         inst_47+152
mem[W,0x0000000080006290] <- 0x01FDDB7D5BFDDBD5

clint mtime 0x00000000000000CD (mip.MTI <- 0b1, mip.STI <- 0b0)
mem[X,0x0000000080000FEA] -> 0x0513
mem[X,0x0000000080000FEC] -> 0x0010
[410] [M]: 0x0000000080000FEA (0x00100513) addi x10, x0, 0x1                        inst_48+0
x10 <- 0x0000000000000001

mem[X,0x0000000080000FEE] -> 0x1513
mem[X,0x0000000080000FF0] -> 0x02A5
[411] [M]: 0x0000000080000FEE (0x02A51513) slli x10, x10, 0x2a                      inst_48+4
x10 <- 0x0000040000000000

clint mtime 0x00000000000000CE (mip.MTI <- 0b1, mip.STI <- 0b0)
mem[X,0x0000000080000FF2] -> 0xA031
[412] [M]: 0x0000000080000FF2 (0xA031) c.j 0xc                                      inst_48+8

mem[X,0x0000000080000FFE] -> 0xE509
[413] [M]: 0x0000000080000FFE (0xE509) c.bnez x10, 0xa                              inst_48+20

clint mtime 0x00000000000000CF (mip.MTI <- 0b1, mip.STI <- 0b0)
mem[X,0x0000000080001008] -> 0x010D
[414] [M]: 0x0000000080001008 (0x010D) c.addi x2, 0x3                               inst_48+30
x2 <- 0x01FDDB7D5BFDDBD8

mem[X,0x000000008000100A] -> 0xB023
mem[X,0x000000008000100C] -> 0x1820
[415] [M]: 0x000000008000100A (0x1820B023) sd x2, 0x180(x1)                         inst_48+32
mem[W,0x0000000080006298] <- 0x01FDDB7D5BFDDBD8

clint mtime 0x00000000000000D0 (mip.MTI <- 0b1, mip.STI <- 0b0)
mem[X,0x000000008000100E] -> 0x0513
mem[X,0x0000000080001010] -> 0x0010
[416] [M]: 0x000000008000100E (0x00100513) addi x10, x0, 0x1                        inst_49+0
x10 <- 0x0000000000000001

mem[X,0x0000000080001012] -> 0x1513
mem[X,0x0000000080001014] -> 0x02B5
[417] [M]: 0x0000000080001012 (0x02B51513) slli x10, x10, 0x2b                      inst_49+4
x10 <- 0x0000080000000000

clint mtime 0x00000000000000D1 (mip.MTI <- 0b1, mip.STI <- 0b0)
mem[X,0x0000000080001016] -> 0xA031
[418] [M]: 0x0000000080001016 (0xA031) c.j 0xc                                      inst_49+8

mem[X,0x0000000080001022] -> 0xE909
[419] [M]: 0x0000000080001022 (0xE909) c.bnez x10, 0x12                             inst_49+20

clint mtime 0x00000000000000D2 (mip.MTI <- 0b1, mip.STI <- 0b0)
mem[X,0x0000000080001034] -> 0x010D
[420] [M]: 0x0000000080001034 (0x010D) c.addi x2, 0x3                               inst_49+38
x2 <- 0x01FDDB7D5BFDDBDB

mem[X,0x0000000080001036] -> 0xB423
mem[X,0x0000000080001038] -> 0x1820
[421] [M]: 0x0000000080001036 (0x1820B423) sd x2, 0x188(x1)                         inst_49+40
mem[W,0x00000000800062A0] <- 0x01FDDB7D5BFDDBDB

clint mtime 0x00000000000000D3 (mip.MTI <- 0b1, mip.STI <- 0b0)
mem[X,0x000000008000103A] -> 0x0513
mem[X,0x000000008000103C] -> 0x0010
[422] [M]: 0x000000008000103A (0x00100513) addi x10, x0, 0x1                        inst_50+0
x10 <- 0x0000000000000001

mem[X,0x000000008000103E] -> 0x1513
mem[X,0x0000000080001040] -> 0x02C5
[423] [M]: 0x000000008000103E (0x02C51513) slli x10, x10, 0x2c                      inst_50+4
x10 <- 0x0000100000000000

clint mtime 0x00000000000000D4 (mip.MTI <- 0b1, mip.STI <- 0b0)
mem[X,0x0000000080001042] -> 0xA031
[424] [M]: 0x0000000080001042 (0xA031) c.j 0xc                                      inst_50+8

mem[X,0x000000008000104E] -> 0xE141
[425] [M]: 0x000000008000104E (0xE141) c.bnez x10, 0x80                             inst_50+20

clint mtime 0x00000000000000D5 (mip.MTI <- 0b1, mip.STI <- 0b0)
mem[X,0x00000000800010CE] -> 0x010D
[426] [M]: 0x00000000800010CE (0x010D) c.addi x2, 0x3                               inst_50+148
x2 <- 0x01FDDB7D5BFDDBDE

mem[X,0x00000000800010D0] -> 0xB823
mem[X,0x00000000800010D2] -> 0x1820
[427] [M]: 0x00000000800010D0 (0x1820B823) sd x2, 0x190(x1)                         inst_50+150
mem[W,0x00000000800062A8] <- 0x01FDDB7D5BFDDBDE

clint mtime 0x00000000000000D6 (mip.MTI <- 0b1, mip.STI <- 0b0)
mem[X,0x00000000800010D4] -> 0x0513
mem[X,0x00000000800010D6] -> 0x0010
[428] [M]: 0x00000000800010D4 (0x00100513) addi x10, x0, 0x1                        inst_51+0
x10 <- 0x0000000000000001

mem[X,0x00000000800010D8] -> 0x1513
mem[X,0x00000000800010DA] -> 0x02D5
[429] [M]: 0x00000000800010D8 (0x02D51513) slli x10, x10, 0x2d                      inst_51+4
x10 <- 0x0000200000000000

clint mtime 0x00000000000000D7 (mip.MTI <- 0b1, mip.STI <- 0b0)
mem[X,0x00000000800010DC] -> 0xA801
[430] [M]: 0x00000000800010DC (0xA801) c.j 0x10                                     inst_51+8

mem[X,0x00000000800010EC] -> 0xF975
[431] [M]: 0x00000000800010EC (0xF975) c.bnez x10, -0xc                             inst_51+24

clint mtime 0x00000000000000D8 (mip.MTI <- 0b1, mip.STI <- 0b0)
mem[X,0x00000000800010E0] -> 0x0113
mem[X,0x00000000800010E2] -> 0x0011
[432] [M]: 0x00000000800010E0 (0x00110113) addi x2, x2, 0x1                         inst_51+12
x2 <- 0x01FDDB7D5BFDDBDF

mem[X,0x00000000800010E4] -> 0x006F
mem[X,0x00000000800010E6] -> 0x0140
[433] [M]: 0x00000000800010E4 (0x0140006F) jal x0, 0x14                             inst_51+16

clint mtime 0x00000000000000D9 (mip.MTI <- 0b1, mip.STI <- 0b0)
mem[X,0x00000000800010F8] -> 0xBC23
mem[X,0x00000000800010FA] -> 0x1820
[434] [M]: 0x00000000800010F8 (0x1820BC23) sd x2, 0x198(x1)                         inst_51+36
mem[W,0x00000000800062B0] <- 0x01FDDB7D5BFDDBDF

mem[X,0x00000000800010FC] -> 0x0513
mem[X,0x00000000800010FE] -> 0x0010
[435] [M]: 0x00000000800010FC (0x00100513) addi x10, x0, 0x1                        inst_52+0
x10 <- 0x0000000000000001

clint mtime 0x00000000000000DA (mip.MTI <- 0b1, mip.STI <- 0b0)
mem[X,0x0000000080001100] -> 0x1513
mem[X,0x0000000080001102] -> 0x02E5
[436] [M]: 0x0000000080001100 (0x02E51513) slli x10, x10, 0x2e                      inst_52+4
x10 <- 0x0000400000000000

mem[X,0x0000000080001104] -> 0xA801
[437] [M]: 0x0000000080001104 (0xA801) c.j 0x10                                     inst_52+8

clint mtime 0x00000000000000DB (mip.MTI <- 0b1, mip.STI <- 0b0)
mem[X,0x0000000080001114] -> 0xF975
[438] [M]: 0x0000000080001114 (0xF975) c.bnez x10, -0xc                             inst_52+24

mem[X,0x0000000080001108] -> 0x0113
mem[X,0x000000008000110A] -> 0x0011
[439] [M]: 0x0000000080001108 (0x00110113) addi x2, x2, 0x1                         inst_52+12
x2 <- 0x01FDDB7D5BFDDBE0

clint mtime 0x00000000000000DC (mip.MTI <- 0b1, mip.STI <- 0b0)
mem[X,0x000000008000110C] -> 0x006F
mem[X,0x000000008000110E] -> 0x0140
[440] [M]: 0x000000008000110C (0x0140006F) jal x0, 0x14                             inst_52+16

mem[X,0x0000000080001120] -> 0xB023
mem[X,0x0000000080001122] -> 0x1A20
[441] [M]: 0x0000000080001120 (0x1A20B023) sd x2, 0x1a0(x1)                         inst_52+36
mem[W,0x00000000800062B8] <- 0x01FDDB7D5BFDDBE0

clint mtime 0x00000000000000DD (mip.MTI <- 0b1, mip.STI <- 0b0)
mem[X,0x0000000080001124] -> 0x0513
mem[X,0x0000000080001126] -> 0x0010
[442] [M]: 0x0000000080001124 (0x00100513) addi x10, x0, 0x1                        inst_53+0
x10 <- 0x0000000000000001

mem[X,0x0000000080001128] -> 0x1513
mem[X,0x000000008000112A] -> 0x02F5
[443] [M]: 0x0000000080001128 (0x02F51513) slli x10, x10, 0x2f                      inst_53+4
x10 <- 0x0000800000000000

clint mtime 0x00000000000000DE (mip.MTI <- 0b1, mip.STI <- 0b0)
mem[X,0x000000008000112C] -> 0xA819
[444] [M]: 0x000000008000112C (0xA819) c.j 0x16                                     inst_53+8

mem[X,0x0000000080001142] -> 0xF57D
[445] [M]: 0x0000000080001142 (0xF57D) c.bnez x10, -0x12                            inst_53+30

clint mtime 0x00000000000000DF (mip.MTI <- 0b1, mip.STI <- 0b0)
mem[X,0x0000000080001130] -> 0x0113
mem[X,0x0000000080001132] -> 0x0011
[446] [M]: 0x0000000080001130 (0x00110113) addi x2, x2, 0x1                         inst_53+12
x2 <- 0x01FDDB7D5BFDDBE1

mem[X,0x0000000080001134] -> 0x006F
mem[X,0x0000000080001136] -> 0x01A0
[447] [M]: 0x0000000080001134 (0x01A0006F) jal x0, 0x1a                             inst_53+16

clint mtime 0x00000000000000E0 (mip.MTI <- 0b1, mip.STI <- 0b0)
mem[X,0x000000008000114E] -> 0xB423
mem[X,0x0000000080001150] -> 0x1A20
[448] [M]: 0x000000008000114E (0x1A20B423) sd x2, 0x1a8(x1)                         inst_53+42
mem[W,0x00000000800062C0] <- 0x01FDDB7D5BFDDBE1

mem[X,0x0000000080001152] -> 0x0513
mem[X,0x0000000080001154] -> 0x0010
[449] [M]: 0x0000000080001152 (0x00100513) addi x10, x0, 0x1                        inst_54+0
x10 <- 0x0000000000000001

clint mtime 0x00000000000000E1 (mip.MTI <- 0b1, mip.STI <- 0b0)
mem[X,0x0000000080001156] -> 0x1513
mem[X,0x0000000080001158] -> 0x0305
[450] [M]: 0x0000000080001156 (0x03051513) slli x10, x10, 0x30                      inst_54+4
x10 <- 0x0001000000000000

mem[X,0x000000008000115A] -> 0xA031
[451] [M]: 0x000000008000115A (0xA031) c.j 0xc                                      inst_54+8

clint mtime 0x00000000000000E2 (mip.MTI <- 0b1, mip.STI <- 0b0)
mem[X,0x0000000080001166] -> 0xE141
[452] [M]: 0x0000000080001166 (0xE141) c.bnez x10, 0x80                             inst_54+20

mem[X,0x00000000800011E6] -> 0x010D
[453] [M]: 0x00000000800011E6 (0x010D) c.addi x2, 0x3                               inst_54+148
x2 <- 0x01FDDB7D5BFDDBE4

clint mtime 0x00000000000000E3 (mip.MTI <- 0b1, mip.STI <- 0b0)
mem[X,0x00000000800011E8] -> 0xB823
mem[X,0x00000000800011EA] -> 0x1A20
[454] [M]: 0x00000000800011E8 (0x1A20B823) sd x2, 0x1b0(x1)                         inst_54+150
mem[W,0x00000000800062C8] <- 0x01FDDB7D5BFDDBE4

mem[X,0x00000000800011EC] -> 0x0513
mem[X,0x00000000800011EE] -> 0x0010
[455] [M]: 0x00000000800011EC (0x00100513) addi x10, x0, 0x1                        inst_55+0
x10 <- 0x0000000000000001

clint mtime 0x00000000000000E4 (mip.MTI <- 0b1, mip.STI <- 0b0)
mem[X,0x00000000800011F0] -> 0x1513
mem[X,0x00000000800011F2] -> 0x0315
[456] [M]: 0x00000000800011F0 (0x03151513) slli x10, x10, 0x31                      inst_55+4
x10 <- 0x0002000000000000

mem[X,0x00000000800011F4] -> 0xA051
[457] [M]: 0x00000000800011F4 (0xA051) c.j 0x84                                     inst_55+8

clint mtime 0x00000000000000E5 (mip.MTI <- 0b1, mip.STI <- 0b0)
mem[X,0x0000000080001278] -> 0xF141
[458] [M]: 0x0000000080001278 (0xF141) c.bnez x10, -0x80                            inst_55+140

mem[X,0x00000000800011F8] -> 0x0113
mem[X,0x00000000800011FA] -> 0x0011
[459] [M]: 0x00000000800011F8 (0x00110113) addi x2, x2, 0x1                         inst_55+12
x2 <- 0x01FDDB7D5BFDDBE5

clint mtime 0x00000000000000E6 (mip.MTI <- 0b1, mip.STI <- 0b0)
mem[X,0x00000000800011FC] -> 0x006F
mem[X,0x00000000800011FE] -> 0x0880
[460] [M]: 0x00000000800011FC (0x0880006F) jal x0, 0x88                             inst_55+16

mem[X,0x0000000080001284] -> 0xBC23
mem[X,0x0000000080001286] -> 0x1A20
[461] [M]: 0x0000000080001284 (0x1A20BC23) sd x2, 0x1b8(x1)                         inst_55+152
mem[W,0x00000000800062D0] <- 0x01FDDB7D5BFDDBE5

clint mtime 0x00000000000000E7 (mip.MTI <- 0b1, mip.STI <- 0b0)
mem[X,0x0000000080001288] -> 0x0513
mem[X,0x000000008000128A] -> 0x0010
[462] [M]: 0x0000000080001288 (0x00100513) addi x10, x0, 0x1                        inst_56+0
x10 <- 0x0000000000000001

mem[X,0x000000008000128C] -> 0x1513
mem[X,0x000000008000128E] -> 0x0325
[463] [M]: 0x000000008000128C (0x03251513) slli x10, x10, 0x32                      inst_56+4
x10 <- 0x0004000000000000

clint mtime 0x00000000000000E8 (mip.MTI <- 0b1, mip.STI <- 0b0)
mem[X,0x0000000080001290] -> 0xA821
[464] [M]: 0x0000000080001290 (0xA821) c.j 0x18                                     inst_56+8

mem[X,0x00000000800012A8] -> 0xF575
[465] [M]: 0x00000000800012A8 (0xF575) c.bnez x10, -0x14                            inst_56+32

clint mtime 0x00000000000000E9 (mip.MTI <- 0b1, mip.STI <- 0b0)
mem[X,0x0000000080001294] -> 0x0113
mem[X,0x0000000080001296] -> 0x0011
[466] [M]: 0x0000000080001294 (0x00110113) addi x2, x2, 0x1                         inst_56+12
x2 <- 0x01FDDB7D5BFDDBE6

mem[X,0x0000000080001298] -> 0x006F
mem[X,0x000000008000129A] -> 0x01C0
[467] [M]: 0x0000000080001298 (0x01C0006F) jal x0, 0x1c                             inst_56+16

clint mtime 0x00000000000000EA (mip.MTI <- 0b1, mip.STI <- 0b0)
mem[X,0x00000000800012B4] -> 0xB023
mem[X,0x00000000800012B6] -> 0x1C20
[468] [M]: 0x00000000800012B4 (0x1C20B023) sd x2, 0x1c0(x1)                         inst_56+44
mem[W,0x00000000800062D8] <- 0x01FDDB7D5BFDDBE6

mem[X,0x00000000800012B8] -> 0x0513
mem[X,0x00000000800012BA] -> 0x0010
[469] [M]: 0x00000000800012B8 (0x00100513) addi x10, x0, 0x1                        inst_57+0
x10 <- 0x0000000000000001

clint mtime 0x00000000000000EB (mip.MTI <- 0b1, mip.STI <- 0b0)
mem[X,0x00000000800012BC] -> 0x1513
mem[X,0x00000000800012BE] -> 0x0335
[470] [M]: 0x00000000800012BC (0x03351513) slli x10, x10, 0x33                      inst_57+4
x10 <- 0x0008000000000000

mem[X,0x00000000800012C0] -> 0xA031
[471] [M]: 0x00000000800012C0 (0xA031) c.j 0xc                                      inst_57+8

clint mtime 0x00000000000000EC (mip.MTI <- 0b1, mip.STI <- 0b0)
mem[X,0x00000000800012CC] -> 0xE509
[472] [M]: 0x00000000800012CC (0xE509) c.bnez x10, 0xa                              inst_57+20

mem[X,0x00000000800012D6] -> 0x010D
[473] [M]: 0x00000000800012D6 (0x010D) c.addi x2, 0x3                               inst_57+30
x2 <- 0x01FDDB7D5BFDDBE9

clint mtime 0x00000000000000ED (mip.MTI <- 0b1, mip.STI <- 0b0)
mem[X,0x00000000800012D8] -> 0xB423
mem[X,0x00000000800012DA] -> 0x1C20
[474] [M]: 0x00000000800012D8 (0x1C20B423) sd x2, 0x1c8(x1)                         inst_57+32
mem[W,0x00000000800062E0] <- 0x01FDDB7D5BFDDBE9

mem[X,0x00000000800012DC] -> 0x0513
mem[X,0x00000000800012DE] -> 0x0010
[475] [M]: 0x00000000800012DC (0x00100513) addi x10, x0, 0x1                        inst_58+0
x10 <- 0x0000000000000001

clint mtime 0x00000000000000EE (mip.MTI <- 0b1, mip.STI <- 0b0)
mem[X,0x00000000800012E0] -> 0x1513
mem[X,0x00000000800012E2] -> 0x0345
[476] [M]: 0x00000000800012E0 (0x03451513) slli x10, x10, 0x34                      inst_58+4
x10 <- 0x0010000000000000

mem[X,0x00000000800012E4] -> 0xA099
[477] [M]: 0x00000000800012E4 (0xA099) c.j 0x46                                     inst_58+8

clint mtime 0x00000000000000EF (mip.MTI <- 0b1, mip.STI <- 0b0)
mem[X,0x000000008000132A] -> 0xFD5D
[478] [M]: 0x000000008000132A (0xFD5D) c.bnez x10, -0x42                            inst_58+78

mem[X,0x00000000800012E8] -> 0x0113
mem[X,0x00000000800012EA] -> 0x0011
[479] [M]: 0x00000000800012E8 (0x00110113) addi x2, x2, 0x1                         inst_58+12
x2 <- 0x01FDDB7D5BFDDBEA

clint mtime 0x00000000000000F0 (mip.MTI <- 0b1, mip.STI <- 0b0)
mem[X,0x00000000800012EC] -> 0x006F
mem[X,0x00000000800012EE] -> 0x04A0
[480] [M]: 0x00000000800012EC (0x04A0006F) jal x0, 0x4a                             inst_58+16

mem[X,0x0000000080001336] -> 0xB823
mem[X,0x0000000080001338] -> 0x1C20
[481] [M]: 0x0000000080001336 (0x1C20B823) sd x2, 0x1d0(x1)                         inst_58+90
mem[W,0x00000000800062E8] <- 0x01FDDB7D5BFDDBEA

clint mtime 0x00000000000000F1 (mip.MTI <- 0b1, mip.STI <- 0b0)
mem[X,0x000000008000133A] -> 0x0513
mem[X,0x000000008000133C] -> 0x0010
[482] [M]: 0x000000008000133A (0x00100513) addi x10, x0, 0x1                        inst_59+0
x10 <- 0x0000000000000001

mem[X,0x000000008000133E] -> 0x1513
mem[X,0x0000000080001340] -> 0x0355
[483] [M]: 0x000000008000133E (0x03551513) slli x10, x10, 0x35                      inst_59+4
x10 <- 0x0020000000000000

clint mtime 0x00000000000000F2 (mip.MTI <- 0b1, mip.STI <- 0b0)
mem[X,0x0000000080001342] -> 0xA031
[484] [M]: 0x0000000080001342 (0xA031) c.j 0xc                                      inst_59+8

mem[X,0x000000008000134E] -> 0xED3D
[485] [M]: 0x000000008000134E (0xED3D) c.bnez x10, 0x7e                             inst_59+20

clint mtime 0x00000000000000F3 (mip.MTI <- 0b1, mip.STI <- 0b0)
mem[X,0x00000000800013CC] -> 0x010D
[486] [M]: 0x00000000800013CC (0x010D) c.addi x2, 0x3                               inst_59+146
x2 <- 0x01FDDB7D5BFDDBED

mem[X,0x00000000800013CE] -> 0xBC23
mem[X,0x00000000800013D0] -> 0x1C20
[487] [M]: 0x00000000800013CE (0x1C20BC23) sd x2, 0x1d8(x1)                         inst_59+148
mem[W,0x00000000800062F0] <- 0x01FDDB7D5BFDDBED

clint mtime 0x00000000000000F4 (mip.MTI <- 0b1, mip.STI <- 0b0)
mem[X,0x00000000800013D2] -> 0x0513
mem[X,0x00000000800013D4] -> 0x0010
[488] [M]: 0x00000000800013D2 (0x00100513) addi x10, x0, 0x1                        inst_60+0
x10 <- 0x0000000000000001

mem[X,0x00000000800013D6] -> 0x1513
mem[X,0x00000000800013D8] -> 0x0365
[489] [M]: 0x00000000800013D6 (0x03651513) slli x10, x10, 0x36                      inst_60+4
x10 <- 0x0040000000000000

clint mtime 0x00000000000000F5 (mip.MTI <- 0b1, mip.STI <- 0b0)
mem[X,0x00000000800013DA] -> 0xA031
[490] [M]: 0x00000000800013DA (0xA031) c.j 0xc                                      inst_60+8

mem[X,0x00000000800013E6] -> 0xE519
[491] [M]: 0x00000000800013E6 (0xE519) c.bnez x10, 0xe                              inst_60+20

clint mtime 0x00000000000000F6 (mip.MTI <- 0b1, mip.STI <- 0b0)
mem[X,0x00000000800013F4] -> 0x010D
[492] [M]: 0x00000000800013F4 (0x010D) c.addi x2, 0x3                               inst_60+34
x2 <- 0x01FDDB7D5BFDDBF0

mem[X,0x00000000800013F6] -> 0xB023
mem[X,0x00000000800013F8] -> 0x1E20
[493] [M]: 0x00000000800013F6 (0x1E20B023) sd x2, 0x1e0(x1)                         inst_60+36
mem[W,0x00000000800062F8] <- 0x01FDDB7D5BFDDBF0

clint mtime 0x00000000000000F7 (mip.MTI <- 0b1, mip.STI <- 0b0)
mem[X,0x00000000800013FA] -> 0x0513
mem[X,0x00000000800013FC] -> 0x0010
[494] [M]: 0x00000000800013FA (0x00100513) addi x10, x0, 0x1                        inst_61+0
x10 <- 0x0000000000000001

mem[X,0x00000000800013FE] -> 0x1513
mem[X,0x0000000080001400] -> 0x0375
[495] [M]: 0x00000000800013FE (0x03751513) slli x10, x10, 0x37                      inst_61+4
x10 <- 0x0080000000000000

clint mtime 0x00000000000000F8 (mip.MTI <- 0b1, mip.STI <- 0b0)
mem[X,0x0000000080001402] -> 0xA031
[496] [M]: 0x0000000080001402 (0xA031) c.j 0xc                                      inst_61+8

mem[X,0x000000008000140E] -> 0xE54D
[497] [M]: 0x000000008000140E (0xE54D) c.bnez x10, 0xaa                             inst_61+20

clint mtime 0x00000000000000F9 (mip.MTI <- 0b1, mip.STI <- 0b0)
mem[X,0x00000000800014B8] -> 0x010D
[498] [M]: 0x00000000800014B8 (0x010D) c.addi x2, 0x3                               inst_61+190
x2 <- 0x01FDDB7D5BFDDBF3

mem[X,0x00000000800014BA] -> 0xB423
mem[X,0x00000000800014BC] -> 0x1E20
[499] [M]: 0x00000000800014BA (0x1E20B423) sd x2, 0x1e8(x1)                         inst_61+192
mem[W,0x0000000080006300] <- 0x01FDDB7D5BFDDBF3

clint mtime 0x00000000000000FA (mip.MTI <- 0b1, mip.STI <- 0b0)
mem[X,0x00000000800014BE] -> 0x0513
mem[X,0x00000000800014C0] -> 0x0010
[500] [M]: 0x00000000800014BE (0x00100513) addi x10, x0, 0x1                        inst_62+0
x10 <- 0x0000000000000001

mem[X,0x00000000800014C2] -> 0x1513
mem[X,0x00000000800014C4] -> 0x0385
[501] [M]: 0x00000000800014C2 (0x03851513) slli x10, x10, 0x38                      inst_62+4
x10 <- 0x0100000000000000

clint mtime 0x00000000000000FB (mip.MTI <- 0b1, mip.STI <- 0b0)
mem[X,0x00000000800014C6] -> 0xA01D
[502] [M]: 0x00000000800014C6 (0xA01D) c.j 0x26                                     inst_62+8

mem[X,0x00000000800014EC] -> 0xFD79
[503] [M]: 0x00000000800014EC (0xFD79) c.bnez x10, -0x22                            inst_62+46

clint mtime 0x00000000000000FC (mip.MTI <- 0b1, mip.STI <- 0b0)
mem[X,0x00000000800014CA] -> 0x0113
mem[X,0x00000000800014CC] -> 0x0011
[504] [M]: 0x00000000800014CA (0x00110113) addi x2, x2, 0x1                         inst_62+12
x2 <- 0x01FDDB7D5BFDDBF4

mem[X,0x00000000800014CE] -> 0x006F
mem[X,0x00000000800014D0] -> 0x02A0
[505] [M]: 0x00000000800014CE (0x02A0006F) jal x0, 0x2a                             inst_62+16

clint mtime 0x00000000000000FD (mip.MTI <- 0b1, mip.STI <- 0b0)
mem[X,0x00000000800014F8] -> 0xB823
mem[X,0x00000000800014FA] -> 0x1E20
[506] [M]: 0x00000000800014F8 (0x1E20B823) sd x2, 0x1f0(x1)                         inst_62+58
mem[W,0x0000000080006308] <- 0x01FDDB7D5BFDDBF4

mem[X,0x00000000800014FC] -> 0x0513
mem[X,0x00000000800014FE] -> 0x0010
[507] [M]: 0x00000000800014FC (0x00100513) addi x10, x0, 0x1                        inst_63+0
x10 <- 0x0000000000000001

clint mtime 0x00000000000000FE (mip.MTI <- 0b1, mip.STI <- 0b0)
mem[X,0x0000000080001500] -> 0x1513
mem[X,0x0000000080001502] -> 0x0395
[508] [M]: 0x0000000080001500 (0x03951513) slli x10, x10, 0x39                      inst_63+4
x10 <- 0x0200000000000000

mem[X,0x0000000080001504] -> 0xA031
[509] [M]: 0x0000000080001504 (0xA031) c.j 0xc                                      inst_63+8

clint mtime 0x00000000000000FF (mip.MTI <- 0b1, mip.STI <- 0b0)
mem[X,0x0000000080001510] -> 0xE509
[510] [M]: 0x0000000080001510 (0xE509) c.bnez x10, 0xa                              inst_63+20

mem[X,0x000000008000151A] -> 0x010D
[511] [M]: 0x000000008000151A (0x010D) c.addi x2, 0x3                               inst_63+30
x2 <- 0x01FDDB7D5BFDDBF7

clint mtime 0x0000000000000100 (mip.MTI <- 0b1, mip.STI <- 0b0)
mem[X,0x000000008000151C] -> 0xBC23
mem[X,0x000000008000151E] -> 0x1E20
[512] [M]: 0x000000008000151C (0x1E20BC23) sd x2, 0x1f8(x1)                         inst_63+32
mem[W,0x0000000080006310] <- 0x01FDDB7D5BFDDBF7

mem[X,0x0000000080001520] -> 0x0513
mem[X,0x0000000080001522] -> 0x0010
[513] [M]: 0x0000000080001520 (0x00100513) addi x10, x0, 0x1                        inst_64+0
x10 <- 0x0000000000000001

clint mtime 0x0000000000000101 (mip.MTI <- 0b1, mip.STI <- 0b0)
mem[X,0x0000000080001524] -> 0x1513
mem[X,0x0000000080001526] -> 0x03A5
[514] [M]: 0x0000000080001524 (0x03A51513) slli x10, x10, 0x3a                      inst_64+4
x10 <- 0x0400000000000000

mem[X,0x0000000080001528] -> 0xA031
[515] [M]: 0x0000000080001528 (0xA031) c.j 0xc                                      inst_64+8

clint mtime 0x0000000000000102 (mip.MTI <- 0b1, mip.STI <- 0b0)
mem[X,0x0000000080001534] -> 0xED3D
[516] [M]: 0x0000000080001534 (0xED3D) c.bnez x10, 0x7e                             inst_64+20

mem[X,0x00000000800015B2] -> 0x010D
[517] [M]: 0x00000000800015B2 (0x010D) c.addi x2, 0x3                               inst_64+146
x2 <- 0x01FDDB7D5BFDDBFA

clint mtime 0x0000000000000103 (mip.MTI <- 0b1, mip.STI <- 0b0)
mem[X,0x00000000800015B4] -> 0xB023
mem[X,0x00000000800015B6] -> 0x2020
[518] [M]: 0x00000000800015B4 (0x2020B023) sd x2, 0x200(x1)                         inst_64+148
mem[W,0x0000000080006318] <- 0x01FDDB7D5BFDDBFA

mem[X,0x00000000800015B8] -> 0x0513
mem[X,0x00000000800015BA] -> 0x0010
[519] [M]: 0x00000000800015B8 (0x00100513) addi x10, x0, 0x1                        inst_65+0
x10 <- 0x0000000000000001

clint mtime 0x0000000000000104 (mip.MTI <- 0b1, mip.STI <- 0b0)
mem[X,0x00000000800015BC] -> 0x1513
mem[X,0x00000000800015BE] -> 0x03B5
[520] [M]: 0x00000000800015BC (0x03B51513) slli x10, x10, 0x3b                      inst_65+4
x10 <- 0x0800000000000000

mem[X,0x00000000800015C0] -> 0xA031
[521] [M]: 0x00000000800015C0 (0xA031) c.j 0xc                                      inst_65+8

clint mtime 0x0000000000000105 (mip.MTI <- 0b1, mip.STI <- 0b0)
mem[X,0x00000000800015CC] -> 0xE105
[522] [M]: 0x00000000800015CC (0xE105) c.bnez x10, 0x20                             inst_65+20

mem[X,0x00000000800015EC] -> 0x010D
[523] [M]: 0x00000000800015EC (0x010D) c.addi x2, 0x3                               inst_65+52
x2 <- 0x01FDDB7D5BFDDBFD

clint mtime 0x0000000000000106 (mip.MTI <- 0b1, mip.STI <- 0b0)
mem[X,0x00000000800015EE] -> 0xB423
mem[X,0x00000000800015F0] -> 0x2020
[524] [M]: 0x00000000800015EE (0x2020B423) sd x2, 0x208(x1)                         inst_65+54
mem[W,0x0000000080006320] <- 0x01FDDB7D5BFDDBFD

mem[X,0x00000000800015F2] -> 0x0513
mem[X,0x00000000800015F4] -> 0x0010
[525] [M]: 0x00000000800015F2 (0x00100513) addi x10, x0, 0x1                        inst_66+0
x10 <- 0x0000000000000001

clint mtime 0x0000000000000107 (mip.MTI <- 0b1, mip.STI <- 0b0)
mem[X,0x00000000800015F6] -> 0x1513
mem[X,0x00000000800015F8] -> 0x03C5
[526] [M]: 0x00000000800015F6 (0x03C51513) slli x10, x10, 0x3c                      inst_66+4
x10 <- 0x1000000000000000

mem[X,0x00000000800015FA] -> 0xA031
[527] [M]: 0x00000000800015FA (0xA031) c.j 0xc                                      inst_66+8

clint mtime 0x0000000000000108 (mip.MTI <- 0b1, mip.STI <- 0b0)
mem[X,0x0000000080001606] -> 0xFD65
[528] [M]: 0x0000000080001606 (0xFD65) c.bnez x10, -0x8                             inst_66+20

mem[X,0x00000000800015FE] -> 0x0113
mem[X,0x0000000080001600] -> 0x0011
[529] [M]: 0x00000000800015FE (0x00110113) addi x2, x2, 0x1                         inst_66+12
x2 <- 0x01FDDB7D5BFDDBFE

clint mtime 0x0000000000000109 (mip.MTI <- 0b1, mip.STI <- 0b0)
mem[X,0x0000000080001602] -> 0x006F
mem[X,0x0000000080001604] -> 0x0100
[530] [M]: 0x0000000080001602 (0x0100006F) jal x0, 0x10                             inst_66+16

mem[X,0x0000000080001612] -> 0xB823
mem[X,0x0000000080001614] -> 0x2020
[531] [M]: 0x0000000080001612 (0x2020B823) sd x2, 0x210(x1)                         inst_66+32
mem[W,0x0000000080006328] <- 0x01FDDB7D5BFDDBFE

clint mtime 0x000000000000010A (mip.MTI <- 0b1, mip.STI <- 0b0)
mem[X,0x0000000080001616] -> 0x0513
mem[X,0x0000000080001618] -> 0x0010
[532] [M]: 0x0000000080001616 (0x00100513) addi x10, x0, 0x1                        inst_67+0
x10 <- 0x0000000000000001

mem[X,0x000000008000161A] -> 0x1513
mem[X,0x000000008000161C] -> 0x03E5
[533] [M]: 0x000000008000161A (0x03E51513) slli x10, x10, 0x3e                      inst_67+4
x10 <- 0x4000000000000000

clint mtime 0x000000000000010B (mip.MTI <- 0b1, mip.STI <- 0b0)
mem[X,0x000000008000161E] -> 0xA031
[534] [M]: 0x000000008000161E (0xA031) c.j 0xc                                      inst_67+8

mem[X,0x000000008000162A] -> 0xE105
[535] [M]: 0x000000008000162A (0xE105) c.bnez x10, 0x20                             inst_67+20

clint mtime 0x000000000000010C (mip.MTI <- 0b1, mip.STI <- 0b0)
mem[X,0x000000008000164A] -> 0x010D
[536] [M]: 0x000000008000164A (0x010D) c.addi x2, 0x3                               inst_67+52
x2 <- 0x01FDDB7D5BFDDC01

mem[X,0x000000008000164C] -> 0xBC23
mem[X,0x000000008000164E] -> 0x2020
[537] [M]: 0x000000008000164C (0x2020BC23) sd x2, 0x218(x1)                         inst_67+54
mem[W,0x0000000080006330] <- 0x01FDDB7D5BFDDC01

clint mtime 0x000000000000010D (mip.MTI <- 0b1, mip.STI <- 0b0)
mem[X,0x0000000080001650] -> 0x0513
mem[X,0x0000000080001652] -> 0xFFE0
[538] [M]: 0x0000000080001650 (0xFFE00513) addi x10, x0, -0x2                       inst_68+0
x10 <- 0xFFFFFFFFFFFFFFFE

mem[X,0x0000000080001654] -> 0xA01D
[539] [M]: 0x0000000080001654 (0xA01D) c.j 0x26                                     inst_68+4

clint mtime 0x000000000000010E (mip.MTI <- 0b1, mip.STI <- 0b0)
mem[X,0x000000008000167A] -> 0xFD79
[540] [M]: 0x000000008000167A (0xFD79) c.bnez x10, -0x22                            inst_68+42

mem[X,0x0000000080001658] -> 0x0113
mem[X,0x000000008000165A] -> 0x0011
[541] [M]: 0x0000000080001658 (0x00110113) addi x2, x2, 0x1                         inst_68+8
x2 <- 0x01FDDB7D5BFDDC02

clint mtime 0x000000000000010F (mip.MTI <- 0b1, mip.STI <- 0b0)
mem[X,0x000000008000165C] -> 0x006F
mem[X,0x000000008000165E] -> 0x02A0
[542] [M]: 0x000000008000165C (0x02A0006F) jal x0, 0x2a                             inst_68+12

mem[X,0x0000000080001686] -> 0xB023
mem[X,0x0000000080001688] -> 0x2220
[543] [M]: 0x0000000080001686 (0x2220B023) sd x2, 0x220(x1)                         inst_68+54
mem[W,0x0000000080006338] <- 0x01FDDB7D5BFDDC02

clint mtime 0x0000000000000110 (mip.MTI <- 0b1, mip.STI <- 0b0)
mem[X,0x000000008000168A] -> 0x0513
mem[X,0x000000008000168C] -> 0xFFD0
[544] [M]: 0x000000008000168A (0xFFD00513) addi x10, x0, -0x3                       inst_69+0
x10 <- 0xFFFFFFFFFFFFFFFD

mem[X,0x000000008000168E] -> 0xA031
[545] [M]: 0x000000008000168E (0xA031) c.j 0xc                                      inst_69+4

clint mtime 0x0000000000000111 (mip.MTI <- 0b1, mip.STI <- 0b0)
mem[X,0x000000008000169A] -> 0xE901
[546] [M]: 0x000000008000169A (0xE901) c.bnez x10, 0x10                             inst_69+16

mem[X,0x00000000800016AA] -> 0x010D
[547] [M]: 0x00000000800016AA (0x010D) c.addi x2, 0x3                               inst_69+32
x2 <- 0x01FDDB7D5BFDDC05

clint mtime 0x0000000000000112 (mip.MTI <- 0b1, mip.STI <- 0b0)
mem[X,0x00000000800016AC] -> 0xB423
mem[X,0x00000000800016AE] -> 0x2220
[548] [M]: 0x00000000800016AC (0x2220B423) sd x2, 0x228(x1)                         inst_69+34
mem[W,0x0000000080006340] <- 0x01FDDB7D5BFDDC05

mem[X,0x00000000800016B0] -> 0x0513
mem[X,0x00000000800016B2] -> 0xFFB0
[549] [M]: 0x00000000800016B0 (0xFFB00513) addi x10, x0, -0x5                       inst_70+0
x10 <- 0xFFFFFFFFFFFFFFFB

clint mtime 0x0000000000000113 (mip.MTI <- 0b1, mip.STI <- 0b0)
mem[X,0x00000000800016B4] -> 0xA051
[550] [M]: 0x00000000800016B4 (0xA051) c.j 0x84                                     inst_70+4

mem[X,0x0000000080001738] -> 0xF141
[551] [M]: 0x0000000080001738 (0xF141) c.bnez x10, -0x80                            inst_70+136

clint mtime 0x0000000000000114 (mip.MTI <- 0b1, mip.STI <- 0b0)
mem[X,0x00000000800016B8] -> 0x0113
mem[X,0x00000000800016BA] -> 0x0011
[552] [M]: 0x00000000800016B8 (0x00110113) addi x2, x2, 0x1                         inst_70+8
x2 <- 0x01FDDB7D5BFDDC06

mem[X,0x00000000800016BC] -> 0x006F
mem[X,0x00000000800016BE] -> 0x0880
[553] [M]: 0x00000000800016BC (0x0880006F) jal x0, 0x88                             inst_70+12

clint mtime 0x0000000000000115 (mip.MTI <- 0b1, mip.STI <- 0b0)
mem[X,0x0000000080001744] -> 0xB823
mem[X,0x0000000080001746] -> 0x2220
[554] [M]: 0x0000000080001744 (0x2220B823) sd x2, 0x230(x1)                         inst_70+148
mem[W,0x0000000080006348] <- 0x01FDDB7D5BFDDC06

mem[X,0x0000000080001748] -> 0x0513
mem[X,0x000000008000174A] -> 0xFF70
[555] [M]: 0x0000000080001748 (0xFF700513) addi x10, x0, -0x9                       inst_71+0
x10 <- 0xFFFFFFFFFFFFFFF7

clint mtime 0x0000000000000116 (mip.MTI <- 0b1, mip.STI <- 0b0)
mem[X,0x000000008000174C] -> 0xA811
[556] [M]: 0x000000008000174C (0xA811) c.j 0x14                                     inst_71+4

mem[X,0x0000000080001760] -> 0xF965
[557] [M]: 0x0000000080001760 (0xF965) c.bnez x10, -0x10                            inst_71+24

clint mtime 0x0000000000000117 (mip.MTI <- 0b1, mip.STI <- 0b0)
mem[X,0x0000000080001750] -> 0x0113
mem[X,0x0000000080001752] -> 0x0011
[558] [M]: 0x0000000080001750 (0x00110113) addi x2, x2, 0x1                         inst_71+8
x2 <- 0x01FDDB7D5BFDDC07

mem[X,0x0000000080001754] -> 0x006F
mem[X,0x0000000080001756] -> 0x0180
[559] [M]: 0x0000000080001754 (0x0180006F) jal x0, 0x18                             inst_71+12

clint mtime 0x0000000000000118 (mip.MTI <- 0b1, mip.STI <- 0b0)
mem[X,0x000000008000176C] -> 0xBC23
mem[X,0x000000008000176E] -> 0x2220
[560] [M]: 0x000000008000176C (0x2220BC23) sd x2, 0x238(x1)                         inst_71+36
mem[W,0x0000000080006350] <- 0x01FDDB7D5BFDDC07

mem[X,0x0000000080001770] -> 0x0513
mem[X,0x0000000080001772] -> 0xFEF0
[561] [M]: 0x0000000080001770 (0xFEF00513) addi x10, x0, -0x11                      inst_72+0
x10 <- 0xFFFFFFFFFFFFFFEF

clint mtime 0x0000000000000119 (mip.MTI <- 0b1, mip.STI <- 0b0)
mem[X,0x0000000080001774] -> 0xA811
[562] [M]: 0x0000000080001774 (0xA811) c.j 0x14                                     inst_72+4

mem[X,0x0000000080001788] -> 0xF965
[563] [M]: 0x0000000080001788 (0xF965) c.bnez x10, -0x10                            inst_72+24

clint mtime 0x000000000000011A (mip.MTI <- 0b1, mip.STI <- 0b0)
mem[X,0x0000000080001778] -> 0x0113
mem[X,0x000000008000177A] -> 0x0011
[564] [M]: 0x0000000080001778 (0x00110113) addi x2, x2, 0x1                         inst_72+8
x2 <- 0x01FDDB7D5BFDDC08

mem[X,0x000000008000177C] -> 0x006F
mem[X,0x000000008000177E] -> 0x0180
[565] [M]: 0x000000008000177C (0x0180006F) jal x0, 0x18                             inst_72+12

clint mtime 0x000000000000011B (mip.MTI <- 0b1, mip.STI <- 0b0)
mem[X,0x0000000080001794] -> 0xB023
mem[X,0x0000000080001796] -> 0x2420
[566] [M]: 0x0000000080001794 (0x2420B023) sd x2, 0x240(x1)                         inst_72+36
mem[W,0x0000000080006358] <- 0x01FDDB7D5BFDDC08

mem[X,0x0000000080001798] -> 0x0513
mem[X,0x000000008000179A] -> 0xFDF0
[567] [M]: 0x0000000080001798 (0xFDF00513) addi x10, x0, -0x21                      inst_73+0
x10 <- 0xFFFFFFFFFFFFFFDF

clint mtime 0x000000000000011C (mip.MTI <- 0b1, mip.STI <- 0b0)
mem[X,0x000000008000179C] -> 0xA099
[568] [M]: 0x000000008000179C (0xA099) c.j 0x46                                     inst_73+4

mem[X,0x00000000800017E2] -> 0xFD5D
[569] [M]: 0x00000000800017E2 (0xFD5D) c.bnez x10, -0x42                            inst_73+74

clint mtime 0x000000000000011D (mip.MTI <- 0b1, mip.STI <- 0b0)
mem[X,0x00000000800017A0] -> 0x0113
mem[X,0x00000000800017A2] -> 0x0011
[570] [M]: 0x00000000800017A0 (0x00110113) addi x2, x2, 0x1                         inst_73+8
x2 <- 0x01FDDB7D5BFDDC09

mem[X,0x00000000800017A4] -> 0x006F
mem[X,0x00000000800017A6] -> 0x04A0
[571] [M]: 0x00000000800017A4 (0x04A0006F) jal x0, 0x4a                             inst_73+12

clint mtime 0x000000000000011E (mip.MTI <- 0b1, mip.STI <- 0b0)
mem[X,0x00000000800017EE] -> 0xB423
mem[X,0x00000000800017F0] -> 0x2420
[572] [M]: 0x00000000800017EE (0x2420B423) sd x2, 0x248(x1)                         inst_73+86
mem[W,0x0000000080006360] <- 0x01FDDB7D5BFDDC09

mem[X,0x00000000800017F2] -> 0x0513
mem[X,0x00000000800017F4] -> 0xFBF0
[573] [M]: 0x00000000800017F2 (0xFBF00513) addi x10, x0, -0x41                      inst_74+0
x10 <- 0xFFFFFFFFFFFFFFBF

clint mtime 0x000000000000011F (mip.MTI <- 0b1, mip.STI <- 0b0)
mem[X,0x00000000800017F6] -> 0xA031
[574] [M]: 0x00000000800017F6 (0xA031) c.j 0xc                                      inst_74+4

mem[X,0x0000000080001802] -> 0xE54D
[575] [M]: 0x0000000080001802 (0xE54D) c.bnez x10, 0xaa                             inst_74+16

clint mtime 0x0000000000000120 (mip.MTI <- 0b1, mip.STI <- 0b0)
mem[X,0x00000000800018AC] -> 0x010D
[576] [M]: 0x00000000800018AC (0x010D) c.addi x2, 0x3                               inst_74+186
x2 <- 0x01FDDB7D5BFDDC0C

mem[X,0x00000000800018AE] -> 0xB823
mem[X,0x00000000800018B0] -> 0x2420
[577] [M]: 0x00000000800018AE (0x2420B823) sd x2, 0x250(x1)                         inst_74+188
mem[W,0x0000000080006368] <- 0x01FDDB7D5BFDDC0C

clint mtime 0x0000000000000121 (mip.MTI <- 0b1, mip.STI <- 0b0)
mem[X,0x00000000800018B2] -> 0x0513
mem[X,0x00000000800018B4] -> 0xF7F0
[578] [M]: 0x00000000800018B2 (0xF7F00513) addi x10, x0, -0x81                      inst_75+0
x10 <- 0xFFFFFFFFFFFFFF7F

mem[X,0x00000000800018B6] -> 0xA031
[579] [M]: 0x00000000800018B6 (0xA031) c.j 0xc                                      inst_75+4

clint mtime 0x0000000000000122 (mip.MTI <- 0b1, mip.STI <- 0b0)
mem[X,0x00000000800018C2] -> 0xE509
[580] [M]: 0x00000000800018C2 (0xE509) c.bnez x10, 0xa                              inst_75+16

mem[X,0x00000000800018CC] -> 0x010D
[581] [M]: 0x00000000800018CC (0x010D) c.addi x2, 0x3                               inst_75+26
x2 <- 0x01FDDB7D5BFDDC0F

clint mtime 0x0000000000000123 (mip.MTI <- 0b1, mip.STI <- 0b0)
mem[X,0x00000000800018CE] -> 0xBC23
mem[X,0x00000000800018D0] -> 0x2420
[582] [M]: 0x00000000800018CE (0x2420BC23) sd x2, 0x258(x1)                         inst_75+28
mem[W,0x0000000080006370] <- 0x01FDDB7D5BFDDC0F

mem[X,0x00000000800018D2] -> 0x0513
mem[X,0x00000000800018D4] -> 0xEFF0
[583] [M]: 0x00000000800018D2 (0xEFF00513) addi x10, x0, -0x101                     inst_76+0
x10 <- 0xFFFFFFFFFFFFFEFF

clint mtime 0x0000000000000124 (mip.MTI <- 0b1, mip.STI <- 0b0)
mem[X,0x00000000800018D6] -> 0xA051
[584] [M]: 0x00000000800018D6 (0xA051) c.j 0x84                                     inst_76+4

mem[X,0x000000008000195A] -> 0xF141
[585] [M]: 0x000000008000195A (0xF141) c.bnez x10, -0x80                            inst_76+136

clint mtime 0x0000000000000125 (mip.MTI <- 0b1, mip.STI <- 0b0)
mem[X,0x00000000800018DA] -> 0x0113
mem[X,0x00000000800018DC] -> 0x0011
[586] [M]: 0x00000000800018DA (0x00110113) addi x2, x2, 0x1                         inst_76+8
x2 <- 0x01FDDB7D5BFDDC10

mem[X,0x00000000800018DE] -> 0x006F
mem[X,0x00000000800018E0] -> 0x0880
[587] [M]: 0x00000000800018DE (0x0880006F) jal x0, 0x88                             inst_76+12

clint mtime 0x0000000000000126 (mip.MTI <- 0b1, mip.STI <- 0b0)
mem[X,0x0000000080001966] -> 0xB023
mem[X,0x0000000080001968] -> 0x2620
[588] [M]: 0x0000000080001966 (0x2620B023) sd x2, 0x260(x1)                         inst_76+148
mem[W,0x0000000080006378] <- 0x01FDDB7D5BFDDC10

mem[X,0x000000008000196A] -> 0x0513
mem[X,0x000000008000196C] -> 0xDFF0
[589] [M]: 0x000000008000196A (0xDFF00513) addi x10, x0, -0x201                     inst_77+0
x10 <- 0xFFFFFFFFFFFFFDFF

clint mtime 0x0000000000000127 (mip.MTI <- 0b1, mip.STI <- 0b0)
mem[X,0x000000008000196E] -> 0xA031
[590] [M]: 0x000000008000196E (0xA031) c.j 0xc                                      inst_77+4

mem[X,0x000000008000197A] -> 0xED3D
[591] [M]: 0x000000008000197A (0xED3D) c.bnez x10, 0x7e                             inst_77+16

clint mtime 0x0000000000000128 (mip.MTI <- 0b1, mip.STI <- 0b0)
mem[X,0x00000000800019F8] -> 0x010D
[592] [M]: 0x00000000800019F8 (0x010D) c.addi x2, 0x3                               inst_77+142
x2 <- 0x01FDDB7D5BFDDC13

mem[X,0x00000000800019FA] -> 0xB423
mem[X,0x00000000800019FC] -> 0x2620
[593] [M]: 0x00000000800019FA (0x2620B423) sd x2, 0x268(x1)                         inst_77+144
mem[W,0x0000000080006380] <- 0x01FDDB7D5BFDDC13

clint mtime 0x0000000000000129 (mip.MTI <- 0b1, mip.STI <- 0b0)
mem[X,0x00000000800019FE] -> 0x0513
mem[X,0x0000000080001A00] -> 0xBFF0
[594] [M]: 0x00000000800019FE (0xBFF00513) addi x10, x0, -0x401                     inst_78+0
x10 <- 0xFFFFFFFFFFFFFBFF

mem[X,0x0000000080001A02] -> 0xA031
[595] [M]: 0x0000000080001A02 (0xA031) c.j 0xc                                      inst_78+4

clint mtime 0x000000000000012A (mip.MTI <- 0b1, mip.STI <- 0b0)
mem[X,0x0000000080001A0E] -> 0xE509
[596] [M]: 0x0000000080001A0E (0xE509) c.bnez x10, 0xa                              inst_78+16

mem[X,0x0000000080001A18] -> 0x010D
[597] [M]: 0x0000000080001A18 (0x010D) c.addi x2, 0x3                               inst_78+26
x2 <- 0x01FDDB7D5BFDDC16

clint mtime 0x000000000000012B (mip.MTI <- 0b1, mip.STI <- 0b0)
mem[X,0x0000000080001A1A] -> 0xB823
mem[X,0x0000000080001A1C] -> 0x2620
[598] [M]: 0x0000000080001A1A (0x2620B823) sd x2, 0x270(x1)                         inst_78+28
mem[W,0x0000000080006388] <- 0x01FDDB7D5BFDDC16

mem[X,0x0000000080001A1E] -> 0x0513
mem[X,0x0000000080001A20] -> 0x0010
[599] [M]: 0x0000000080001A1E (0x00100513) addi x10, x0, 0x1                        inst_79+0
x10 <- 0x0000000000000001

clint mtime 0x000000000000012C (mip.MTI <- 0b1, mip.STI <- 0b0)
mem[X,0x0000000080001A22] -> 0x1513
mem[X,0x0000000080001A24] -> 0x00B5
[600] [M]: 0x0000000080001A22 (0x00B51513) slli x10, x10, 0xb                       inst_79+4
x10 <- 0x0000000000000800

mem[X,0x0000000080001A26] -> 0x4513
mem[X,0x0000000080001A28] -> 0xFFF5
[601] [M]: 0x0000000080001A26 (0xFFF54513) xori x10, x10, -0x1                      inst_79+8
x10 <- 0xFFFFFFFFFFFFF7FF

clint mtime 0x000000000000012D (mip.MTI <- 0b1, mip.STI <- 0b0)
mem[X,0x0000000080001A2A] -> 0xA031
[602] [M]: 0x0000000080001A2A (0xA031) c.j 0xc                                      inst_79+12

mem[X,0x0000000080001A36] -> 0xE54D
[603] [M]: 0x0000000080001A36 (0xE54D) c.bnez x10, 0xaa                             inst_79+24

clint mtime 0x000000000000012E (mip.MTI <- 0b1, mip.STI <- 0b0)
mem[X,0x0000000080001AE0] -> 0x010D
[604] [M]: 0x0000000080001AE0 (0x010D) c.addi x2, 0x3                               inst_79+194
x2 <- 0x01FDDB7D5BFDDC19

mem[X,0x0000000080001AE2] -> 0xBC23
mem[X,0x0000000080001AE4] -> 0x2620
[605] [M]: 0x0000000080001AE2 (0x2620BC23) sd x2, 0x278(x1)                         inst_79+196
mem[W,0x0000000080006390] <- 0x01FDDB7D5BFDDC19

clint mtime 0x000000000000012F (mip.MTI <- 0b1, mip.STI <- 0b0)
mem[X,0x0000000080001AE6] -> 0x0513
mem[X,0x0000000080001AE8] -> 0x0010
[606] [M]: 0x0000000080001AE6 (0x00100513) addi x10, x0, 0x1                        inst_80+0
x10 <- 0x0000000000000001

mem[X,0x0000000080001AEA] -> 0x1513
mem[X,0x0000000080001AEC] -> 0x00C5
[607] [M]: 0x0000000080001AEA (0x00C51513) slli x10, x10, 0xc                       inst_80+4
x10 <- 0x0000000000001000

clint mtime 0x0000000000000130 (mip.MTI <- 0b1, mip.STI <- 0b0)
mem[X,0x0000000080001AEE] -> 0x4513
mem[X,0x0000000080001AF0] -> 0xFFF5
[608] [M]: 0x0000000080001AEE (0xFFF54513) xori x10, x10, -0x1                      inst_80+8
x10 <- 0xFFFFFFFFFFFFEFFF

mem[X,0x0000000080001AF2] -> 0xA031
[609] [M]: 0x0000000080001AF2 (0xA031) c.j 0xc                                      inst_80+12

clint mtime 0x0000000000000131 (mip.MTI <- 0b1, mip.STI <- 0b0)
mem[X,0x0000000080001AFE] -> 0xE509
[610] [M]: 0x0000000080001AFE (0xE509) c.bnez x10, 0xa                              inst_80+24

mem[X,0x0000000080001B08] -> 0x010D
[611] [M]: 0x0000000080001B08 (0x010D) c.addi x2, 0x3                               inst_80+34
x2 <- 0x01FDDB7D5BFDDC1C

clint mtime 0x0000000000000132 (mip.MTI <- 0b1, mip.STI <- 0b0)
mem[X,0x0000000080001B0A] -> 0xB023
mem[X,0x0000000080001B0C] -> 0x2820
[612] [M]: 0x0000000080001B0A (0x2820B023) sd x2, 0x280(x1)                         inst_80+36
mem[W,0x0000000080006398] <- 0x01FDDB7D5BFDDC1C

mem[X,0x0000000080001B0E] -> 0x0513
mem[X,0x0000000080001B10] -> 0x0010
[613] [M]: 0x0000000080001B0E (0x00100513) addi x10, x0, 0x1                        inst_81+0
x10 <- 0x0000000000000001

clint mtime 0x0000000000000133 (mip.MTI <- 0b1, mip.STI <- 0b0)
mem[X,0x0000000080001B12] -> 0x1513
mem[X,0x0000000080001B14] -> 0x00E5
[614] [M]: 0x0000000080001B12 (0x00E51513) slli x10, x10, 0xe                       inst_81+4
x10 <- 0x0000000000004000

mem[X,0x0000000080001B16] -> 0x4513
mem[X,0x0000000080001B18] -> 0xFFF5
[615] [M]: 0x0000000080001B16 (0xFFF54513) xori x10, x10, -0x1                      inst_81+8
x10 <- 0xFFFFFFFFFFFFBFFF

clint mtime 0x0000000000000134 (mip.MTI <- 0b1, mip.STI <- 0b0)
mem[X,0x0000000080001B1A] -> 0xA01D
[616] [M]: 0x0000000080001B1A (0xA01D) c.j 0x26                                     inst_81+12

mem[X,0x0000000080001B40] -> 0xFD79
[617] [M]: 0x0000000080001B40 (0xFD79) c.bnez x10, -0x22                            inst_81+50

clint mtime 0x0000000000000135 (mip.MTI <- 0b1, mip.STI <- 0b0)
mem[X,0x0000000080001B1E] -> 0x0113
mem[X,0x0000000080001B20] -> 0x0011
[618] [M]: 0x0000000080001B1E (0x00110113) addi x2, x2, 0x1                         inst_81+16
x2 <- 0x01FDDB7D5BFDDC1D

mem[X,0x0000000080001B22] -> 0x006F
mem[X,0x0000000080001B24] -> 0x02A0
[619] [M]: 0x0000000080001B22 (0x02A0006F) jal x0, 0x2a                             inst_81+20

clint mtime 0x0000000000000136 (mip.MTI <- 0b1, mip.STI <- 0b0)
mem[X,0x0000000080001B4C] -> 0xB423
mem[X,0x0000000080001B4E] -> 0x2820
[620] [M]: 0x0000000080001B4C (0x2820B423) sd x2, 0x288(x1)                         inst_81+62
mem[W,0x00000000800063A0] <- 0x01FDDB7D5BFDDC1D

mem[X,0x0000000080001B50] -> 0x0513
mem[X,0x0000000080001B52] -> 0x0010
[621] [M]: 0x0000000080001B50 (0x00100513) addi x10, x0, 0x1                        inst_82+0
x10 <- 0x0000000000000001

clint mtime 0x0000000000000137 (mip.MTI <- 0b1, mip.STI <- 0b0)
mem[X,0x0000000080001B54] -> 0x1513
mem[X,0x0000000080001B56] -> 0x00F5
[622] [M]: 0x0000000080001B54 (0x00F51513) slli x10, x10, 0xf                       inst_82+4
x10 <- 0x0000000000008000

mem[X,0x0000000080001B58] -> 0x4513
mem[X,0x0000000080001B5A] -> 0xFFF5
[623] [M]: 0x0000000080001B58 (0xFFF54513) xori x10, x10, -0x1                      inst_82+8
x10 <- 0xFFFFFFFFFFFF7FFF

clint mtime 0x0000000000000138 (mip.MTI <- 0b1, mip.STI <- 0b0)
mem[X,0x0000000080001B5C] -> 0xA031
[624] [M]: 0x0000000080001B5C (0xA031) c.j 0xc                                      inst_82+12

mem[X,0x0000000080001B68] -> 0xE511
[625] [M]: 0x0000000080001B68 (0xE511) c.bnez x10, 0xc                              inst_82+24

clint mtime 0x0000000000000139 (mip.MTI <- 0b1, mip.STI <- 0b0)
mem[X,0x0000000080001B74] -> 0x010D
[626] [M]: 0x0000000080001B74 (0x010D) c.addi x2, 0x3                               inst_82+36
x2 <- 0x01FDDB7D5BFDDC20

mem[X,0x0000000080001B76] -> 0xB823
mem[X,0x0000000080001B78] -> 0x2820
[627] [M]: 0x0000000080001B76 (0x2820B823) sd x2, 0x290(x1)                         inst_82+38
mem[W,0x00000000800063A8] <- 0x01FDDB7D5BFDDC20

clint mtime 0x000000000000013A (mip.MTI <- 0b1, mip.STI <- 0b0)
mem[X,0x0000000080001B7A] -> 0x0513
mem[X,0x0000000080001B7C] -> 0x0010
[628] [M]: 0x0000000080001B7A (0x00100513) addi x10, x0, 0x1                        inst_83+0
x10 <- 0x0000000000000001

mem[X,0x0000000080001B7E] -> 0x1513
mem[X,0x0000000080001B80] -> 0x0105
[629] [M]: 0x0000000080001B7E (0x01051513) slli x10, x10, 0x10                      inst_83+4
x10 <- 0x0000000000010000

clint mtime 0x000000000000013B (mip.MTI <- 0b1, mip.STI <- 0b0)
mem[X,0x0000000080001B82] -> 0x4513
mem[X,0x0000000080001B84] -> 0xFFF5
[630] [M]: 0x0000000080001B82 (0xFFF54513) xori x10, x10, -0x1                      inst_83+8
x10 <- 0xFFFFFFFFFFFEFFFF

mem[X,0x0000000080001B86] -> 0xA039
[631] [M]: 0x0000000080001B86 (0xA039) c.j 0xe                                      inst_83+12

clint mtime 0x000000000000013C (mip.MTI <- 0b1, mip.STI <- 0b0)
mem[X,0x0000000080001B94] -> 0xF97D
[632] [M]: 0x0000000080001B94 (0xF97D) c.bnez x10, -0xa                             inst_83+26

mem[X,0x0000000080001B8A] -> 0x0113
mem[X,0x0000000080001B8C] -> 0x0011
[633] [M]: 0x0000000080001B8A (0x00110113) addi x2, x2, 0x1                         inst_83+16
x2 <- 0x01FDDB7D5BFDDC21

clint mtime 0x000000000000013D (mip.MTI <- 0b1, mip.STI <- 0b0)
mem[X,0x0000000080001B8E] -> 0x006F
mem[X,0x0000000080001B90] -> 0x0120
[634] [M]: 0x0000000080001B8E (0x0120006F) jal x0, 0x12                             inst_83+20

mem[X,0x0000000080001BA0] -> 0xBC23
mem[X,0x0000000080001BA2] -> 0x2820
[635] [M]: 0x0000000080001BA0 (0x2820BC23) sd x2, 0x298(x1)                         inst_83+38
mem[W,0x00000000800063B0] <- 0x01FDDB7D5BFDDC21

clint mtime 0x000000000000013E (mip.MTI <- 0b1, mip.STI <- 0b0)
mem[X,0x0000000080001BA4] -> 0x0513
mem[X,0x0000000080001BA6] -> 0x0010
[636] [M]: 0x0000000080001BA4 (0x00100513) addi x10, x0, 0x1                        inst_84+0
x10 <- 0x0000000000000001

mem[X,0x0000000080001BA8] -> 0x1513
mem[X,0x0000000080001BAA] -> 0x0115
[637] [M]: 0x0000000080001BA8 (0x01151513) slli x10, x10, 0x11                      inst_84+4
x10 <- 0x0000000000020000

clint mtime 0x000000000000013F (mip.MTI <- 0b1, mip.STI <- 0b0)
mem[X,0x0000000080001BAC] -> 0x4513
mem[X,0x0000000080001BAE] -> 0xFFF5
[638] [M]: 0x0000000080001BAC (0xFFF54513) xori x10, x10, -0x1                      inst_84+8
x10 <- 0xFFFFFFFFFFFDFFFF

mem[X,0x0000000080001BB0] -> 0xA031
[639] [M]: 0x0000000080001BB0 (0xA031) c.j 0xc                                      inst_84+12

clint mtime 0x0000000000000140 (mip.MTI <- 0b1, mip.STI <- 0b0)
mem[X,0x0000000080001BBC] -> 0xE54D
[640] [M]: 0x0000000080001BBC (0xE54D) c.bnez x10, 0xaa                             inst_84+24

mem[X,0x0000000080001C66] -> 0x010D
[641] [M]: 0x0000000080001C66 (0x010D) c.addi x2, 0x3                               inst_84+194
x2 <- 0x01FDDB7D5BFDDC24

clint mtime 0x0000000000000141 (mip.MTI <- 0b1, mip.STI <- 0b0)
mem[X,0x0000000080001C68] -> 0xB023
mem[X,0x0000000080001C6A] -> 0x2A20
[642] [M]: 0x0000000080001C68 (0x2A20B023) sd x2, 0x2a0(x1)                         inst_84+196
mem[W,0x00000000800063B8] <- 0x01FDDB7D5BFDDC24

mem[X,0x0000000080001C6C] -> 0x0513
mem[X,0x0000000080001C6E] -> 0x0010
[643] [M]: 0x0000000080001C6C (0x00100513) addi x10, x0, 0x1                        inst_85+0
x10 <- 0x0000000000000001

clint mtime 0x0000000000000142 (mip.MTI <- 0b1, mip.STI <- 0b0)
mem[X,0x0000000080001C70] -> 0x1513
mem[X,0x0000000080001C72] -> 0x0125
[644] [M]: 0x0000000080001C70 (0x01251513) slli x10, x10, 0x12                      inst_85+4
x10 <- 0x0000000000040000

mem[X,0x0000000080001C74] -> 0x4513
mem[X,0x0000000080001C76] -> 0xFFF5
[645] [M]: 0x0000000080001C74 (0xFFF54513) xori x10, x10, -0x1                      inst_85+8
x10 <- 0xFFFFFFFFFFFBFFFF

clint mtime 0x0000000000000143 (mip.MTI <- 0b1, mip.STI <- 0b0)
mem[X,0x0000000080001C78] -> 0xA819
[646] [M]: 0x0000000080001C78 (0xA819) c.j 0x16                                     inst_85+12

mem[X,0x0000000080001C8E] -> 0xF57D
[647] [M]: 0x0000000080001C8E (0xF57D) c.bnez x10, -0x12                            inst_85+34

clint mtime 0x0000000000000144 (mip.MTI <- 0b1, mip.STI <- 0b0)
mem[X,0x0000000080001C7C] -> 0x0113
mem[X,0x0000000080001C7E] -> 0x0011
[648] [M]: 0x0000000080001C7C (0x00110113) addi x2, x2, 0x1                         inst_85+16
x2 <- 0x01FDDB7D5BFDDC25

mem[X,0x0000000080001C80] -> 0x006F
mem[X,0x0000000080001C82] -> 0x01A0
[649] [M]: 0x0000000080001C80 (0x01A0006F) jal x0, 0x1a                             inst_85+20

clint mtime 0x0000000000000145 (mip.MTI <- 0b1, mip.STI <- 0b0)
mem[X,0x0000000080001C9A] -> 0xB423
mem[X,0x0000000080001C9C] -> 0x2A20
[650] [M]: 0x0000000080001C9A (0x2A20B423) sd x2, 0x2a8(x1)                         inst_85+46
mem[W,0x00000000800063C0] <- 0x01FDDB7D5BFDDC25

mem[X,0x0000000080001C9E] -> 0x0513
mem[X,0x0000000080001CA0] -> 0x0010
[651] [M]: 0x0000000080001C9E (0x00100513) addi x10, x0, 0x1                        inst_86+0
x10 <- 0x0000000000000001

clint mtime 0x0000000000000146 (mip.MTI <- 0b1, mip.STI <- 0b0)
mem[X,0x0000000080001CA2] -> 0x1513
mem[X,0x0000000080001CA4] -> 0x0135
[652] [M]: 0x0000000080001CA2 (0x01351513) slli x10, x10, 0x13                      inst_86+4
x10 <- 0x0000000000080000

mem[X,0x0000000080001CA6] -> 0x4513
mem[X,0x0000000080001CA8] -> 0xFFF5
[653] [M]: 0x0000000080001CA6 (0xFFF54513) xori x10, x10, -0x1                      inst_86+8
x10 <- 0xFFFFFFFFFFF7FFFF

clint mtime 0x0000000000000147 (mip.MTI <- 0b1, mip.STI <- 0b0)
mem[X,0x0000000080001CAA] -> 0xA031
[654] [M]: 0x0000000080001CAA (0xA031) c.j 0xc                                      inst_86+12

mem[X,0x0000000080001CB6] -> 0xE509
[655] [M]: 0x0000000080001CB6 (0xE509) c.bnez x10, 0xa                              inst_86+24

clint mtime 0x0000000000000148 (mip.MTI <- 0b1, mip.STI <- 0b0)
mem[X,0x0000000080001CC0] -> 0x010D
[656] [M]: 0x0000000080001CC0 (0x010D) c.addi x2, 0x3                               inst_86+34
x2 <- 0x01FDDB7D5BFDDC28

mem[X,0x0000000080001CC2] -> 0xB823
mem[X,0x0000000080001CC4] -> 0x2A20
[657] [M]: 0x0000000080001CC2 (0x2A20B823) sd x2, 0x2b0(x1)                         inst_86+36
mem[W,0x00000000800063C8] <- 0x01FDDB7D5BFDDC28

clint mtime 0x0000000000000149 (mip.MTI <- 0b1, mip.STI <- 0b0)
mem[X,0x0000000080001CC6] -> 0x0513
mem[X,0x0000000080001CC8] -> 0x0010
[658] [M]: 0x0000000080001CC6 (0x00100513) addi x10, x0, 0x1                        inst_87+0
x10 <- 0x0000000000000001

mem[X,0x0000000080001CCA] -> 0x1513
mem[X,0x0000000080001CCC] -> 0x0145
[659] [M]: 0x0000000080001CCA (0x01451513) slli x10, x10, 0x14                      inst_87+4
x10 <- 0x0000000000100000

clint mtime 0x000000000000014A (mip.MTI <- 0b1, mip.STI <- 0b0)
mem[X,0x0000000080001CCE] -> 0x4513
mem[X,0x0000000080001CD0] -> 0xFFF5
[660] [M]: 0x0000000080001CCE (0xFFF54513) xori x10, x10, -0x1                      inst_87+8
x10 <- 0xFFFFFFFFFFEFFFFF

mem[X,0x0000000080001CD2] -> 0xA801
[661] [M]: 0x0000000080001CD2 (0xA801) c.j 0x10                                     inst_87+12

clint mtime 0x000000000000014B (mip.MTI <- 0b1, mip.STI <- 0b0)
mem[X,0x0000000080001CE2] -> 0xF975
[662] [M]: 0x0000000080001CE2 (0xF975) c.bnez x10, -0xc                             inst_87+28

mem[X,0x0000000080001CD6] -> 0x0113
mem[X,0x0000000080001CD8] -> 0x0011
[663] [M]: 0x0000000080001CD6 (0x00110113) addi x2, x2, 0x1                         inst_87+16
x2 <- 0x01FDDB7D5BFDDC29

clint mtime 0x000000000000014C (mip.MTI <- 0b1, mip.STI <- 0b0)
mem[X,0x0000000080001CDA] -> 0x006F
mem[X,0x0000000080001CDC] -> 0x0140
[664] [M]: 0x0000000080001CDA (0x0140006F) jal x0, 0x14                             inst_87+20

mem[X,0x0000000080001CEE] -> 0xBC23
mem[X,0x0000000080001CF0] -> 0x2A20
[665] [M]: 0x0000000080001CEE (0x2A20BC23) sd x2, 0x2b8(x1)                         inst_87+40
mem[W,0x00000000800063D0] <- 0x01FDDB7D5BFDDC29

clint mtime 0x000000000000014D (mip.MTI <- 0b1, mip.STI <- 0b0)
mem[X,0x0000000080001CF2] -> 0x0513
mem[X,0x0000000080001CF4] -> 0x0010
[666] [M]: 0x0000000080001CF2 (0x00100513) addi x10, x0, 0x1                        inst_88+0
x10 <- 0x0000000000000001

mem[X,0x0000000080001CF6] -> 0x1513
mem[X,0x0000000080001CF8] -> 0x0375
[667] [M]: 0x0000000080001CF6 (0x03751513) slli x10, x10, 0x37                      inst_88+4
x10 <- 0x0080000000000000

clint mtime 0x000000000000014E (mip.MTI <- 0b1, mip.STI <- 0b0)
mem[X,0x0000000080001CFA] -> 0x4513
mem[X,0x0000000080001CFC] -> 0xFFF5
[668] [M]: 0x0000000080001CFA (0xFFF54513) xori x10, x10, -0x1                      inst_88+8
x10 <- 0xFF7FFFFFFFFFFFFF

mem[X,0x0000000080001CFE] -> 0xA051
[669] [M]: 0x0000000080001CFE (0xA051) c.j 0x84                                     inst_88+12

clint mtime 0x000000000000014F (mip.MTI <- 0b1, mip.STI <- 0b0)
mem[X,0x0000000080001D82] -> 0xF141
[670] [M]: 0x0000000080001D82 (0xF141) c.bnez x10, -0x80                            inst_88+144

mem[X,0x0000000080001D02] -> 0x0113
mem[X,0x0000000080001D04] -> 0x0011
[671] [M]: 0x0000000080001D02 (0x00110113) addi x2, x2, 0x1                         inst_88+16
x2 <- 0x01FDDB7D5BFDDC2A

clint mtime 0x0000000000000150 (mip.MTI <- 0b1, mip.STI <- 0b0)
mem[X,0x0000000080001D06] -> 0x006F
mem[X,0x0000000080001D08] -> 0x0880
[672] [M]: 0x0000000080001D06 (0x0880006F) jal x0, 0x88                             inst_88+20

mem[X,0x0000000080001D8E] -> 0xB023
mem[X,0x0000000080001D90] -> 0x2C20
[673] [M]: 0x0000000080001D8E (0x2C20B023) sd x2, 0x2c0(x1)                         inst_88+156
mem[W,0x00000000800063D8] <- 0x01FDDB7D5BFDDC2A

clint mtime 0x0000000000000151 (mip.MTI <- 0b1, mip.STI <- 0b0)
mem[X,0x0000000080001D92] -> 0x0513
mem[X,0x0000000080001D94] -> 0x0010
[674] [M]: 0x0000000080001D92 (0x00100513) addi x10, x0, 0x1                        inst_89+0
x10 <- 0x0000000000000001

mem[X,0x0000000080001D96] -> 0x1513
mem[X,0x0000000080001D98] -> 0x0385
[675] [M]: 0x0000000080001D96 (0x03851513) slli x10, x10, 0x38                      inst_89+4
x10 <- 0x0100000000000000

clint mtime 0x0000000000000152 (mip.MTI <- 0b1, mip.STI <- 0b0)
mem[X,0x0000000080001D9A] -> 0x4513
mem[X,0x0000000080001D9C] -> 0xFFF5
[676] [M]: 0x0000000080001D9A (0xFFF54513) xori x10, x10, -0x1                      inst_89+8
x10 <- 0xFEFFFFFFFFFFFFFF

mem[X,0x0000000080001D9E] -> 0xA031
[677] [M]: 0x0000000080001D9E (0xA031) c.j 0xc                                      inst_89+12

clint mtime 0x0000000000000153 (mip.MTI <- 0b1, mip.STI <- 0b0)
mem[X,0x0000000080001DAA] -> 0xFD65
[678] [M]: 0x0000000080001DAA (0xFD65) c.bnez x10, -0x8                             inst_89+24

mem[X,0x0000000080001DA2] -> 0x0113
mem[X,0x0000000080001DA4] -> 0x0011
[679] [M]: 0x0000000080001DA2 (0x00110113) addi x2, x2, 0x1                         inst_89+16
x2 <- 0x01FDDB7D5BFDDC2B

clint mtime 0x0000000000000154 (mip.MTI <- 0b1, mip.STI <- 0b0)
mem[X,0x0000000080001DA6] -> 0x006F
mem[X,0x0000000080001DA8] -> 0x0100
[680] [M]: 0x0000000080001DA6 (0x0100006F) jal x0, 0x10                             inst_89+20

mem[X,0x0000000080001DB6] -> 0xB423
mem[X,0x0000000080001DB8] -> 0x2C20
[681] [M]: 0x0000000080001DB6 (0x2C20B423) sd x2, 0x2c8(x1)                         inst_89+36
mem[W,0x00000000800063E0] <- 0x01FDDB7D5BFDDC2B

clint mtime 0x0000000000000155 (mip.MTI <- 0b1, mip.STI <- 0b0)
mem[X,0x0000000080001DBA] -> 0x0513
mem[X,0x0000000080001DBC] -> 0x0010
[682] [M]: 0x0000000080001DBA (0x00100513) addi x10, x0, 0x1                        inst_90+0
x10 <- 0x0000000000000001

mem[X,0x0000000080001DBE] -> 0x1513
mem[X,0x0000000080001DC0] -> 0x0395
[683] [M]: 0x0000000080001DBE (0x03951513) slli x10, x10, 0x39                      inst_90+4
x10 <- 0x0200000000000000

clint mtime 0x0000000000000156 (mip.MTI <- 0b1, mip.STI <- 0b0)
mem[X,0x0000000080001DC2] -> 0x4513
mem[X,0x0000000080001DC4] -> 0xFFF5
[684] [M]: 0x0000000080001DC2 (0xFFF54513) xori x10, x10, -0x1                      inst_90+8
x10 <- 0xFDFFFFFFFFFFFFFF

mem[X,0x0000000080001DC6] -> 0xA059
[685] [M]: 0x0000000080001DC6 (0xA059) c.j 0x86                                     inst_90+12

clint mtime 0x0000000000000157 (mip.MTI <- 0b1, mip.STI <- 0b0)
mem[X,0x0000000080001E4C] -> 0xFD3D
[686] [M]: 0x0000000080001E4C (0xFD3D) c.bnez x10, -0x82                            inst_90+146

mem[X,0x0000000080001DCA] -> 0x0113
mem[X,0x0000000080001DCC] -> 0x0011
[687] [M]: 0x0000000080001DCA (0x00110113) addi x2, x2, 0x1                         inst_90+16
x2 <- 0x01FDDB7D5BFDDC2C

clint mtime 0x0000000000000158 (mip.MTI <- 0b1, mip.STI <- 0b0)
mem[X,0x0000000080001DCE] -> 0x006F
mem[X,0x0000000080001DD0] -> 0x08A0
[688] [M]: 0x0000000080001DCE (0x08A0006F) jal x0, 0x8a                             inst_90+20

mem[X,0x0000000080001E58] -> 0xB823
mem[X,0x0000000080001E5A] -> 0x2C20
[689] [M]: 0x0000000080001E58 (0x2C20B823) sd x2, 0x2d0(x1)                         inst_90+158
mem[W,0x00000000800063E8] <- 0x01FDDB7D5BFDDC2C

clint mtime 0x0000000000000159 (mip.MTI <- 0b1, mip.STI <- 0b0)
mem[X,0x0000000080001E5C] -> 0x0513
mem[X,0x0000000080001E5E] -> 0x0010
[690] [M]: 0x0000000080001E5C (0x00100513) addi x10, x0, 0x1                        inst_91+0
x10 <- 0x0000000000000001

mem[X,0x0000000080001E60] -> 0x1513
mem[X,0x0000000080001E62] -> 0x03A5
[691] [M]: 0x0000000080001E60 (0x03A51513) slli x10, x10, 0x3a                      inst_91+4
x10 <- 0x0400000000000000

clint mtime 0x000000000000015A (mip.MTI <- 0b1, mip.STI <- 0b0)
mem[X,0x0000000080001E64] -> 0x4513
mem[X,0x0000000080001E66] -> 0xFFF5
[692] [M]: 0x0000000080001E64 (0xFFF54513) xori x10, x10, -0x1                      inst_91+8
x10 <- 0xFBFFFFFFFFFFFFFF

mem[X,0x0000000080001E68] -> 0xA845
[693] [M]: 0x0000000080001E68 (0xA845) c.j 0xb0                                     inst_91+12

clint mtime 0x000000000000015B (mip.MTI <- 0b1, mip.STI <- 0b0)
mem[X,0x0000000080001F18] -> 0xF931
[694] [M]: 0x0000000080001F18 (0xF931) c.bnez x10, -0xac                            inst_91+188

mem[X,0x0000000080001E6C] -> 0x0113
mem[X,0x0000000080001E6E] -> 0x0011
[695] [M]: 0x0000000080001E6C (0x00110113) addi x2, x2, 0x1                         inst_91+16
x2 <- 0x01FDDB7D5BFDDC2D

clint mtime 0x000000000000015C (mip.MTI <- 0b1, mip.STI <- 0b0)
mem[X,0x0000000080001E70] -> 0x006F
mem[X,0x0000000080001E72] -> 0x0B40
[696] [M]: 0x0000000080001E70 (0x0B40006F) jal x0, 0xb4                             inst_91+20

mem[X,0x0000000080001F24] -> 0xBC23
mem[X,0x0000000080001F26] -> 0x2C20
[697] [M]: 0x0000000080001F24 (0x2C20BC23) sd x2, 0x2d8(x1)                         inst_91+200
mem[W,0x00000000800063F0] <- 0x01FDDB7D5BFDDC2D

clint mtime 0x000000000000015D (mip.MTI <- 0b1, mip.STI <- 0b0)
mem[X,0x0000000080001F28] -> 0x0513
mem[X,0x0000000080001F2A] -> 0x0010
[698] [M]: 0x0000000080001F28 (0x00100513) addi x10, x0, 0x1                        inst_92+0
x10 <- 0x0000000000000001

mem[X,0x0000000080001F2C] -> 0x1513
mem[X,0x0000000080001F2E] -> 0x03B5
[699] [M]: 0x0000000080001F2C (0x03B51513) slli x10, x10, 0x3b                      inst_92+4
x10 <- 0x0800000000000000

clint mtime 0x000000000000015E (mip.MTI <- 0b1, mip.STI <- 0b0)
mem[X,0x0000000080001F30] -> 0x4513
mem[X,0x0000000080001F32] -> 0xFFF5
[700] [M]: 0x0000000080001F30 (0xFFF54513) xori x10, x10, -0x1                      inst_92+8
x10 <- 0xF7FFFFFFFFFFFFFF

mem[X,0x0000000080001F34] -> 0xA821
[701] [M]: 0x0000000080001F34 (0xA821) c.j 0x18                                     inst_92+12

clint mtime 0x000000000000015F (mip.MTI <- 0b1, mip.STI <- 0b0)
mem[X,0x0000000080001F4C] -> 0xF575
[702] [M]: 0x0000000080001F4C (0xF575) c.bnez x10, -0x14                            inst_92+36

mem[X,0x0000000080001F38] -> 0x0113
mem[X,0x0000000080001F3A] -> 0x0011
[703] [M]: 0x0000000080001F38 (0x00110113) addi x2, x2, 0x1                         inst_92+16
x2 <- 0x01FDDB7D5BFDDC2E

clint mtime 0x0000000000000160 (mip.MTI <- 0b1, mip.STI <- 0b0)
mem[X,0x0000000080001F3C] -> 0x006F
mem[X,0x0000000080001F3E] -> 0x01C0
[704] [M]: 0x0000000080001F3C (0x01C0006F) jal x0, 0x1c                             inst_92+20

mem[X,0x0000000080001F58] -> 0xB023
mem[X,0x0000000080001F5A] -> 0x2E20
[705] [M]: 0x0000000080001F58 (0x2E20B023) sd x2, 0x2e0(x1)                         inst_92+48
mem[W,0x00000000800063F8] <- 0x01FDDB7D5BFDDC2E

clint mtime 0x0000000000000161 (mip.MTI <- 0b1, mip.STI <- 0b0)
mem[X,0x0000000080001F5C] -> 0x0513
mem[X,0x0000000080001F5E] -> 0x0010
[706] [M]: 0x0000000080001F5C (0x00100513) addi x10, x0, 0x1                        inst_93+0
x10 <- 0x0000000000000001

mem[X,0x0000000080001F60] -> 0x1513
mem[X,0x0000000080001F62] -> 0x03C5
[707] [M]: 0x0000000080001F60 (0x03C51513) slli x10, x10, 0x3c                      inst_93+4
x10 <- 0x1000000000000000

clint mtime 0x0000000000000162 (mip.MTI <- 0b1, mip.STI <- 0b0)
mem[X,0x0000000080001F64] -> 0x4513
mem[X,0x0000000080001F66] -> 0xFFF5
[708] [M]: 0x0000000080001F64 (0xFFF54513) xori x10, x10, -0x1                      inst_93+8
x10 <- 0xEFFFFFFFFFFFFFFF

mem[X,0x0000000080001F68] -> 0xA01D
[709] [M]: 0x0000000080001F68 (0xA01D) c.j 0x26                                     inst_93+12

clint mtime 0x0000000000000163 (mip.MTI <- 0b1, mip.STI <- 0b0)
mem[X,0x0000000080001F8E] -> 0xFD79
[710] [M]: 0x0000000080001F8E (0xFD79) c.bnez x10, -0x22                            inst_93+50

mem[X,0x0000000080001F6C] -> 0x0113
mem[X,0x0000000080001F6E] -> 0x0011
[711] [M]: 0x0000000080001F6C (0x00110113) addi x2, x2, 0x1                         inst_93+16
x2 <- 0x01FDDB7D5BFDDC2F

clint mtime 0x0000000000000164 (mip.MTI <- 0b1, mip.STI <- 0b0)
mem[X,0x0000000080001F70] -> 0x006F
mem[X,0x0000000080001F72] -> 0x02A0
[712] [M]: 0x0000000080001F70 (0x02A0006F) jal x0, 0x2a                             inst_93+20

mem[X,0x0000000080001F9A] -> 0xB423
mem[X,0x0000000080001F9C] -> 0x2E20
[713] [M]: 0x0000000080001F9A (0x2E20B423) sd x2, 0x2e8(x1)                         inst_93+62
mem[W,0x0000000080006400] <- 0x01FDDB7D5BFDDC2F

clint mtime 0x0000000000000165 (mip.MTI <- 0b1, mip.STI <- 0b0)
mem[X,0x0000000080001F9E] -> 0x0513
mem[X,0x0000000080001FA0] -> 0x0010
[714] [M]: 0x0000000080001F9E (0x00100513) addi x10, x0, 0x1                        inst_94+0
x10 <- 0x0000000000000001

mem[X,0x0000000080001FA2] -> 0x1513
mem[X,0x0000000080001FA4] -> 0x03D5
[715] [M]: 0x0000000080001FA2 (0x03D51513) slli x10, x10, 0x3d                      inst_94+4
x10 <- 0x2000000000000000

clint mtime 0x0000000000000166 (mip.MTI <- 0b1, mip.STI <- 0b0)
mem[X,0x0000000080001FA6] -> 0x4513
mem[X,0x0000000080001FA8] -> 0xFFF5
[716] [M]: 0x0000000080001FA6 (0xFFF54513) xori x10, x10, -0x1                      inst_94+8
x10 <- 0xDFFFFFFFFFFFFFFF

mem[X,0x0000000080001FAA] -> 0xA031
[717] [M]: 0x0000000080001FAA (0xA031) c.j 0xc                                      inst_94+12

clint mtime 0x0000000000000167 (mip.MTI <- 0b1, mip.STI <- 0b0)
mem[X,0x0000000080001FB6] -> 0xE509
[718] [M]: 0x0000000080001FB6 (0xE509) c.bnez x10, 0xa                              inst_94+24

mem[X,0x0000000080001FC0] -> 0x010D
[719] [M]: 0x0000000080001FC0 (0x010D) c.addi x2, 0x3                               inst_94+34
x2 <- 0x01FDDB7D5BFDDC32

clint mtime 0x0000000000000168 (mip.MTI <- 0b1, mip.STI <- 0b0)
mem[X,0x0000000080001FC2] -> 0xB823
mem[X,0x0000000080001FC4] -> 0x2E20
[720] [M]: 0x0000000080001FC2 (0x2E20B823) sd x2, 0x2f0(x1)                         inst_94+36
mem[W,0x0000000080006408] <- 0x01FDDB7D5BFDDC32

mem[X,0x0000000080001FC6] -> 0x0513
mem[X,0x0000000080001FC8] -> 0x0010
[721] [M]: 0x0000000080001FC6 (0x00100513) addi x10, x0, 0x1                        inst_95+0
x10 <- 0x0000000000000001

clint mtime 0x0000000000000169 (mip.MTI <- 0b1, mip.STI <- 0b0)
mem[X,0x0000000080001FCA] -> 0x1513
mem[X,0x0000000080001FCC] -> 0x03E5
[722] [M]: 0x0000000080001FCA (0x03E51513) slli x10, x10, 0x3e                      inst_95+4
x10 <- 0x4000000000000000

mem[X,0x0000000080001FCE] -> 0x4513
mem[X,0x0000000080001FD0] -> 0xFFF5
[723] [M]: 0x0000000080001FCE (0xFFF54513) xori x10, x10, -0x1                      inst_95+8
x10 <- 0xBFFFFFFFFFFFFFFF

clint mtime 0x000000000000016A (mip.MTI <- 0b1, mip.STI <- 0b0)
mem[X,0x0000000080001FD2] -> 0xA039
[724] [M]: 0x0000000080001FD2 (0xA039) c.j 0xe                                      inst_95+12

mem[X,0x0000000080001FE0] -> 0xF97D
[725] [M]: 0x0000000080001FE0 (0xF97D) c.bnez x10, -0xa                             inst_95+26

clint mtime 0x000000000000016B (mip.MTI <- 0b1, mip.STI <- 0b0)
mem[X,0x0000000080001FD6] -> 0x0113
mem[X,0x0000000080001FD8] -> 0x0011
[726] [M]: 0x0000000080001FD6 (0x00110113) addi x2, x2, 0x1                         inst_95+16
x2 <- 0x01FDDB7D5BFDDC33

mem[X,0x0000000080001FDA] -> 0x006F
mem[X,0x0000000080001FDC] -> 0x0120
[727] [M]: 0x0000000080001FDA (0x0120006F) jal x0, 0x12                             inst_95+20

clint mtime 0x000000000000016C (mip.MTI <- 0b1, mip.STI <- 0b0)
mem[X,0x0000000080001FEC] -> 0xBC23
mem[X,0x0000000080001FEE] -> 0x2E20
[728] [M]: 0x0000000080001FEC (0x2E20BC23) sd x2, 0x2f8(x1)                         inst_95+38
mem[W,0x0000000080006410] <- 0x01FDDB7D5BFDDC33

mem[X,0x0000000080001FF0] -> 0x5537
mem[X,0x0000000080001FF2] -> 0x5555
[729] [M]: 0x0000000080001FF0 (0x55555537) lui x10, 0x55555                         inst_96+0
x10 <- 0x0000000055555000

clint mtime 0x000000000000016D (mip.MTI <- 0b1, mip.STI <- 0b0)
mem[X,0x0000000080001FF4] -> 0x0513
mem[X,0x0000000080001FF6] -> 0x5555
[730] [M]: 0x0000000080001FF4 (0x55550513) addi x10, x10, 0x555                     inst_96+4
x10 <- 0x0000000055555555

mem[X,0x0000000080001FF8] -> 0x1513
mem[X,0x0000000080001FFA] -> 0x00B5
[731] [M]: 0x0000000080001FF8 (0x00B51513) slli x10, x10, 0xb                       inst_96+8
x10 <- 0x000002AAAAAAA800

clint mtime 0x000000000000016E (mip.MTI <- 0b1, mip.STI <- 0b0)
mem[X,0x0000000080001FFC] -> 0x0513
mem[X,0x0000000080001FFE] -> 0x2AA5
[732] [M]: 0x0000000080001FFC (0x2AA50513) addi x10, x10, 0x2aa                     inst_96+12
x10 <- 0x000002AAAAAAAAAA

mem[X,0x0000000080002000] -> 0x1513
mem[X,0x0000000080002002] -> 0x00B5
[733] [M]: 0x0000000080002000 (0x00B51513) slli x10, x10, 0xb                       inst_96+16
x10 <- 0x0015555555555000

clint mtime 0x000000000000016F (mip.MTI <- 0b1, mip.STI <- 0b0)
mem[X,0x0000000080002004] -> 0x0513
mem[X,0x0000000080002006] -> 0x5555
[734] [M]: 0x0000000080002004 (0x55550513) addi x10, x10, 0x555                     inst_96+20
x10 <- 0x0015555555555555

mem[X,0x0000000080002008] -> 0x1513
mem[X,0x000000008000200A] -> 0x00A5
[735] [M]: 0x0000000080002008 (0x00A51513) slli x10, x10, 0xa                       inst_96+24
x10 <- 0x5555555555555400

clint mtime 0x0000000000000170 (mip.MTI <- 0b1, mip.STI <- 0b0)
mem[X,0x000000008000200C] -> 0x0513
mem[X,0x000000008000200E] -> 0x1555
[736] [M]: 0x000000008000200C (0x15550513) addi x10, x10, 0x155                     inst_96+28
x10 <- 0x5555555555555555

mem[X,0x0000000080002010] -> 0xA031
[737] [M]: 0x0000000080002010 (0xA031) c.j 0xc                                      inst_96+32

clint mtime 0x0000000000000171 (mip.MTI <- 0b1, mip.STI <- 0b0)
mem[X,0x000000008000201C] -> 0xFD65
[738] [M]: 0x000000008000201C (0xFD65) c.bnez x10, -0x8                             inst_96+44

mem[X,0x0000000080002014] -> 0x0113
mem[X,0x0000000080002016] -> 0x0011
[739] [M]: 0x0000000080002014 (0x00110113) addi x2, x2, 0x1                         inst_96+36
x2 <- 0x01FDDB7D5BFDDC34

clint mtime 0x0000000000000172 (mip.MTI <- 0b1, mip.STI <- 0b0)
mem[X,0x0000000080002018] -> 0x006F
mem[X,0x000000008000201A] -> 0x0100
[740] [M]: 0x0000000080002018 (0x0100006F) jal x0, 0x10                             inst_96+40

mem[X,0x0000000080002028] -> 0xB023
mem[X,0x000000008000202A] -> 0x3020
[741] [M]: 0x0000000080002028 (0x3020B023) sd x2, 0x300(x1)                         inst_96+56
mem[W,0x0000000080006418] <- 0x01FDDB7D5BFDDC34

clint mtime 0x0000000000000173 (mip.MTI <- 0b1, mip.STI <- 0b0)
mem[X,0x000000008000202C] -> 0xB537
mem[X,0x000000008000202E] -> 0xAAAA
[742] [M]: 0x000000008000202C (0xAAAAB537) lui x10, -0x55555                        inst_97+0
x10 <- 0xFFFFFFFFAAAAB000

mem[X,0x0000000080002030] -> 0x0513
mem[X,0x0000000080002032] -> 0xAAA5
[743] [M]: 0x0000000080002030 (0xAAA50513) addi x10, x10, -0x556                    inst_97+4
x10 <- 0xFFFFFFFFAAAAAAAA

clint mtime 0x0000000000000174 (mip.MTI <- 0b1, mip.STI <- 0b0)
mem[X,0x0000000080002034] -> 0x1513
mem[X,0x0000000080002036] -> 0x00B5
[744] [M]: 0x0000000080002034 (0x00B51513) slli x10, x10, 0xb                       inst_97+8
x10 <- 0xFFFFFD5555555000

mem[X,0x0000000080002038] -> 0x0513
mem[X,0x000000008000203A] -> 0x5555
[745] [M]: 0x0000000080002038 (0x55550513) addi x10, x10, 0x555                     inst_97+12
x10 <- 0xFFFFFD5555555555

clint mtime 0x0000000000000175 (mip.MTI <- 0b1, mip.STI <- 0b0)
mem[X,0x000000008000203C] -> 0x1513
mem[X,0x000000008000203E] -> 0x00B5
[746] [M]: 0x000000008000203C (0x00B51513) slli x10, x10, 0xb                       inst_97+16
x10 <- 0xFFEAAAAAAAAAA800

mem[X,0x0000000080002040] -> 0x0513
mem[X,0x0000000080002042] -> 0x2AA5
[747] [M]: 0x0000000080002040 (0x2AA50513) addi x10, x10, 0x2aa                     inst_97+20
x10 <- 0xFFEAAAAAAAAAAAAA

clint mtime 0x0000000000000176 (mip.MTI <- 0b1, mip.STI <- 0b0)
mem[X,0x0000000080002044] -> 0x1513
mem[X,0x0000000080002046] -> 0x00A5
[748] [M]: 0x0000000080002044 (0x00A51513) slli x10, x10, 0xa                       inst_97+24
x10 <- 0xAAAAAAAAAAAAA800

mem[X,0x0000000080002048] -> 0x0513
mem[X,0x000000008000204A] -> 0x2AA5
[749] [M]: 0x0000000080002048 (0x2AA50513) addi x10, x10, 0x2aa                     inst_97+28
x10 <- 0xAAAAAAAAAAAAAAAA

clint mtime 0x0000000000000177 (mip.MTI <- 0b1, mip.STI <- 0b0)
mem[X,0x000000008000204C] -> 0xA031
[750] [M]: 0x000000008000204C (0xA031) c.j 0xc                                      inst_97+32

mem[X,0x0000000080002058] -> 0xFD65
[751] [M]: 0x0000000080002058 (0xFD65) c.bnez x10, -0x8                             inst_97+44

clint mtime 0x0000000000000178 (mip.MTI <- 0b1, mip.STI <- 0b0)
mem[X,0x0000000080002050] -> 0x0113
mem[X,0x0000000080002052] -> 0x0011
[752] [M]: 0x0000000080002050 (0x00110113) addi x2, x2, 0x1                         inst_97+36
x2 <- 0x01FDDB7D5BFDDC35

mem[X,0x0000000080002054] -> 0x006F
mem[X,0x0000000080002056] -> 0x0100
[753] [M]: 0x0000000080002054 (0x0100006F) jal x0, 0x10                             inst_97+40

clint mtime 0x0000000000000179 (mip.MTI <- 0b1, mip.STI <- 0b0)
mem[X,0x0000000080002064] -> 0xB423
mem[X,0x0000000080002066] -> 0x3020
[754] [M]: 0x0000000080002064 (0x3020B423) sd x2, 0x308(x1)                         inst_97+56
mem[W,0x0000000080006420] <- 0x01FDDB7D5BFDDC35

mem[X,0x0000000080002068] -> 0x0513
mem[X,0x000000008000206A] -> 0x0030
[755] [M]: 0x0000000080002068 (0x00300513) addi x10, x0, 0x3                        inst_98+0
x10 <- 0x0000000000000003

clint mtime 0x000000000000017A (mip.MTI <- 0b1, mip.STI <- 0b0)
mem[X,0x000000008000206C] -> 0xA039
[756] [M]: 0x000000008000206C (0xA039) c.j 0xe                                      inst_98+4

mem[X,0x000000008000207A] -> 0xF97D
[757] [M]: 0x000000008000207A (0xF97D) c.bnez x10, -0xa                             inst_98+18

clint mtime 0x000000000000017B (mip.MTI <- 0b1, mip.STI <- 0b0)
mem[X,0x0000000080002070] -> 0x0113
mem[X,0x0000000080002072] -> 0x0011
[758] [M]: 0x0000000080002070 (0x00110113) addi x2, x2, 0x1                         inst_98+8
x2 <- 0x01FDDB7D5BFDDC36

mem[X,0x0000000080002074] -> 0x006F
mem[X,0x0000000080002076] -> 0x0120
[759] [M]: 0x0000000080002074 (0x0120006F) jal x0, 0x12                             inst_98+12

clint mtime 0x000000000000017C (mip.MTI <- 0b1, mip.STI <- 0b0)
mem[X,0x0000000080002086] -> 0xB823
mem[X,0x0000000080002088] -> 0x3020
[760] [M]: 0x0000000080002086 (0x3020B823) sd x2, 0x310(x1)                         inst_98+30
mem[W,0x0000000080006428] <- 0x01FDDB7D5BFDDC36

mem[X,0x000000008000208A] -> 0x0513
mem[X,0x000000008000208C] -> 0x0050
[761] [M]: 0x000000008000208A (0x00500513) addi x10, x0, 0x5                        inst_99+0
x10 <- 0x0000000000000005

clint mtime 0x000000000000017D (mip.MTI <- 0b1, mip.STI <- 0b0)
mem[X,0x000000008000208E] -> 0xA039
[762] [M]: 0x000000008000208E (0xA039) c.j 0xe                                      inst_99+4

mem[X,0x000000008000209C] -> 0xF97D
[763] [M]: 0x000000008000209C (0xF97D) c.bnez x10, -0xa                             inst_99+18

clint mtime 0x000000000000017E (mip.MTI <- 0b1, mip.STI <- 0b0)
mem[X,0x0000000080002092] -> 0x0113
mem[X,0x0000000080002094] -> 0x0011
[764] [M]: 0x0000000080002092 (0x00110113) addi x2, x2, 0x1                         inst_99+8
x2 <- 0x01FDDB7D5BFDDC37

mem[X,0x0000000080002096] -> 0x006F
mem[X,0x0000000080002098] -> 0x0120
[765] [M]: 0x0000000080002096 (0x0120006F) jal x0, 0x12                             inst_99+12

clint mtime 0x000000000000017F (mip.MTI <- 0b1, mip.STI <- 0b0)
mem[X,0x00000000800020A8] -> 0xBC23
mem[X,0x00000000800020AA] -> 0x3020
[766] [M]: 0x00000000800020A8 (0x3020BC23) sd x2, 0x318(x1)                         inst_99+30
mem[W,0x0000000080006430] <- 0x01FDDB7D5BFDDC37

mem[X,0x00000000800020AC] -> 0x3537
mem[X,0x00000000800020AE] -> 0x3333
[767] [M]: 0x00000000800020AC (0x33333537) lui x10, 0x33333                         inst_100+0
x10 <- 0x0000000033333000

clint mtime 0x0000000000000180 (mip.MTI <- 0b1, mip.STI <- 0b0)
mem[X,0x00000000800020B0] -> 0x0513
mem[X,0x00000000800020B2] -> 0x3335
[768] [M]: 0x00000000800020B0 (0x33350513) addi x10, x10, 0x333                     inst_100+4
x10 <- 0x0000000033333333

mem[X,0x00000000800020B4] -> 0x1513
mem[X,0x00000000800020B6] -> 0x00B5
[769] [M]: 0x00000000800020B4 (0x00B51513) slli x10, x10, 0xb                       inst_100+8
x10 <- 0x0000019999999800

clint mtime 0x0000000000000181 (mip.MTI <- 0b1, mip.STI <- 0b0)
mem[X,0x00000000800020B8] -> 0x0513
mem[X,0x00000000800020BA] -> 0x1995
[770] [M]: 0x00000000800020B8 (0x19950513) addi x10, x10, 0x199                     inst_100+12
x10 <- 0x0000019999999999

mem[X,0x00000000800020BC] -> 0x1513
mem[X,0x00000000800020BE] -> 0x00B5
[771] [M]: 0x00000000800020BC (0x00B51513) slli x10, x10, 0xb                       inst_100+16
x10 <- 0x000CCCCCCCCCC800

clint mtime 0x0000000000000182 (mip.MTI <- 0b1, mip.STI <- 0b0)
mem[X,0x00000000800020C0] -> 0x0513
mem[X,0x00000000800020C2] -> 0x4CC5
[772] [M]: 0x00000000800020C0 (0x4CC50513) addi x10, x10, 0x4cc                     inst_100+20
x10 <- 0x000CCCCCCCCCCCCC

mem[X,0x00000000800020C4] -> 0x1513
mem[X,0x00000000800020C6] -> 0x00A5
[773] [M]: 0x00000000800020C4 (0x00A51513) slli x10, x10, 0xa                       inst_100+24
x10 <- 0x3333333333333000

clint mtime 0x0000000000000183 (mip.MTI <- 0b1, mip.STI <- 0b0)
mem[X,0x00000000800020C8] -> 0x0513
mem[X,0x00000000800020CA] -> 0x3335
[774] [M]: 0x00000000800020C8 (0x33350513) addi x10, x10, 0x333                     inst_100+28
x10 <- 0x3333333333333333

mem[X,0x00000000800020CC] -> 0xA811
[775] [M]: 0x00000000800020CC (0xA811) c.j 0x14                                     inst_100+32

clint mtime 0x0000000000000184 (mip.MTI <- 0b1, mip.STI <- 0b0)
mem[X,0x00000000800020E0] -> 0xF965
[776] [M]: 0x00000000800020E0 (0xF965) c.bnez x10, -0x10                            inst_100+52

mem[X,0x00000000800020D0] -> 0x0113
mem[X,0x00000000800020D2] -> 0x0011
[777] [M]: 0x00000000800020D0 (0x00110113) addi x2, x2, 0x1                         inst_100+36
x2 <- 0x01FDDB7D5BFDDC38

clint mtime 0x0000000000000185 (mip.MTI <- 0b1, mip.STI <- 0b0)
mem[X,0x00000000800020D4] -> 0x006F
mem[X,0x00000000800020D6] -> 0x0180
[778] [M]: 0x00000000800020D4 (0x0180006F) jal x0, 0x18                             inst_100+40

mem[X,0x00000000800020EC] -> 0xB023
mem[X,0x00000000800020EE] -> 0x3220
[779] [M]: 0x00000000800020EC (0x3220B023) sd x2, 0x320(x1)                         inst_100+64
mem[W,0x0000000080006438] <- 0x01FDDB7D5BFDDC38

clint mtime 0x0000000000000186 (mip.MTI <- 0b1, mip.STI <- 0b0)
mem[X,0x00000000800020F0] -> 0x6537
mem[X,0x00000000800020F2] -> 0x6666
[780] [M]: 0x00000000800020F0 (0x66666537) lui x10, 0x66666                         inst_101+0
x10 <- 0x0000000066666000

mem[X,0x00000000800020F4] -> 0x0513
mem[X,0x00000000800020F6] -> 0x6665
[781] [M]: 0x00000000800020F4 (0x66650513) addi x10, x10, 0x666                     inst_101+4
x10 <- 0x0000000066666666

clint mtime 0x0000000000000187 (mip.MTI <- 0b1, mip.STI <- 0b0)
mem[X,0x00000000800020F8] -> 0x1513
mem[X,0x00000000800020FA] -> 0x00B5
[782] [M]: 0x00000000800020F8 (0x00B51513) slli x10, x10, 0xb                       inst_101+8
x10 <- 0x0000033333333000

mem[X,0x00000000800020FC] -> 0x0513
mem[X,0x00000000800020FE] -> 0x3335
[783] [M]: 0x00000000800020FC (0x33350513) addi x10, x10, 0x333                     inst_101+12
x10 <- 0x0000033333333333

clint mtime 0x0000000000000188 (mip.MTI <- 0b1, mip.STI <- 0b0)
mem[X,0x0000000080002100] -> 0x1513
mem[X,0x0000000080002102] -> 0x00B5
[784] [M]: 0x0000000080002100 (0x00B51513) slli x10, x10, 0xb                       inst_101+16
x10 <- 0x0019999999999800

mem[X,0x0000000080002104] -> 0x0513
mem[X,0x0000000080002106] -> 0x1995
[785] [M]: 0x0000000080002104 (0x19950513) addi x10, x10, 0x199                     inst_101+20
x10 <- 0x0019999999999999

clint mtime 0x0000000000000189 (mip.MTI <- 0b1, mip.STI <- 0b0)
mem[X,0x0000000080002108] -> 0x1513
mem[X,0x000000008000210A] -> 0x00A5
[786] [M]: 0x0000000080002108 (0x00A51513) slli x10, x10, 0xa                       inst_101+24
x10 <- 0x6666666666666400

mem[X,0x000000008000210C] -> 0x0513
mem[X,0x000000008000210E] -> 0x2665
[787] [M]: 0x000000008000210C (0x26650513) addi x10, x10, 0x266                     inst_101+28
x10 <- 0x6666666666666666

clint mtime 0x000000000000018A (mip.MTI <- 0b1, mip.STI <- 0b0)
mem[X,0x0000000080002110] -> 0xA051
[788] [M]: 0x0000000080002110 (0xA051) c.j 0x84                                     inst_101+32

mem[X,0x0000000080002194] -> 0xF141
[789] [M]: 0x0000000080002194 (0xF141) c.bnez x10, -0x80                            inst_101+164

clint mtime 0x000000000000018B (mip.MTI <- 0b1, mip.STI <- 0b0)
mem[X,0x0000000080002114] -> 0x0113
mem[X,0x0000000080002116] -> 0x0011
[790] [M]: 0x0000000080002114 (0x00110113) addi x2, x2, 0x1                         inst_101+36
x2 <- 0x01FDDB7D5BFDDC39

mem[X,0x0000000080002118] -> 0x006F
mem[X,0x000000008000211A] -> 0x0880
[791] [M]: 0x0000000080002118 (0x0880006F) jal x0, 0x88                             inst_101+40

clint mtime 0x000000000000018C (mip.MTI <- 0b1, mip.STI <- 0b0)
mem[X,0x00000000800021A0] -> 0xB423
mem[X,0x00000000800021A2] -> 0x3220
[792] [M]: 0x00000000800021A0 (0x3220B423) sd x2, 0x328(x1)                         inst_101+176
mem[W,0x0000000080006440] <- 0x01FDDB7D5BFDDC39

mem[X,0x00000000800021A4] -> 0x0537
mem[X,0x00000000800021A6] -> 0x0000
[793] [M]: 0x00000000800021A4 (0x00000537) lui x10, 0x0                             inst_102+0
x10 <- 0x0000000000000000

clint mtime 0x000000000000018D (mip.MTI <- 0b1, mip.STI <- 0b0)
mem[X,0x00000000800021A8] -> 0x0513
mem[X,0x00000000800021AA] -> 0xFFF5
[794] [M]: 0x00000000800021A8 (0xFFF50513) addi x10, x10, -0x1                      inst_102+4
x10 <- 0xFFFFFFFFFFFFFFFF

mem[X,0x00000000800021AC] -> 0x1513
mem[X,0x00000000800021AE] -> 0x00B5
[795] [M]: 0x00000000800021AC (0x00B51513) slli x10, x10, 0xb                       inst_102+8
x10 <- 0xFFFFFFFFFFFFF800

clint mtime 0x000000000000018E (mip.MTI <- 0b1, mip.STI <- 0b0)
mem[X,0x00000000800021B0] -> 0x0513
mem[X,0x00000000800021B2] -> 0x2575
[796] [M]: 0x00000000800021B0 (0x25750513) addi x10, x10, 0x257                     inst_102+12
x10 <- 0xFFFFFFFFFFFFFA57

mem[X,0x00000000800021B4] -> 0x1513
mem[X,0x00000000800021B6] -> 0x00B5
[797] [M]: 0x00000000800021B4 (0x00B51513) slli x10, x10, 0xb                       inst_102+16
x10 <- 0xFFFFFFFFFFD2B800

clint mtime 0x000000000000018F (mip.MTI <- 0b1, mip.STI <- 0b0)
mem[X,0x00000000800021B8] -> 0x0513
mem[X,0x00000000800021BA] -> 0x6C35
[798] [M]: 0x00000000800021B8 (0x6C350513) addi x10, x10, 0x6c3                     inst_102+20
x10 <- 0xFFFFFFFFFFD2BEC3

mem[X,0x00000000800021BC] -> 0x1513
mem[X,0x00000000800021BE] -> 0x00A5
[799] [M]: 0x00000000800021BC (0x00A51513) slli x10, x10, 0xa                       inst_102+24
x10 <- 0xFFFFFFFF4AFB0C00

clint mtime 0x0000000000000190 (mip.MTI <- 0b1, mip.STI <- 0b0)
mem[X,0x00000000800021C0] -> 0x0513
mem[X,0x00000000800021C2] -> 0x0CD5
[800] [M]: 0x00000000800021C0 (0x0CD50513) addi x10, x10, 0xcd                      inst_102+28
x10 <- 0xFFFFFFFF4AFB0CCD

mem[X,0x00000000800021C4] -> 0xA031
[801] [M]: 0x00000000800021C4 (0xA031) c.j 0xc                                      inst_102+32

clint mtime 0x0000000000000191 (mip.MTI <- 0b1, mip.STI <- 0b0)
mem[X,0x00000000800021D0] -> 0xE141
[802] [M]: 0x00000000800021D0 (0xE141) c.bnez x10, 0x80                             inst_102+44

mem[X,0x0000000080002250] -> 0x010D
[803] [M]: 0x0000000080002250 (0x010D) c.addi x2, 0x3                               inst_102+172
x2 <- 0x01FDDB7D5BFDDC3C

clint mtime 0x0000000000000192 (mip.MTI <- 0b1, mip.STI <- 0b0)
mem[X,0x0000000080002252] -> 0xB823
mem[X,0x0000000080002254] -> 0x3220
[804] [M]: 0x0000000080002252 (0x3220B823) sd x2, 0x330(x1)                         inst_102+174
mem[W,0x0000000080006448] <- 0x01FDDB7D5BFDDC3C

mem[X,0x0000000080002256] -> 0x0537
mem[X,0x0000000080002258] -> 0x0000
[805] [M]: 0x0000000080002256 (0x00000537) lui x10, 0x0                             inst_103+0
x10 <- 0x0000000000000000

clint mtime 0x0000000000000193 (mip.MTI <- 0b1, mip.STI <- 0b0)
mem[X,0x000000008000225A] -> 0x0513
mem[X,0x000000008000225C] -> 0x0005
[806] [M]: 0x000000008000225A (0x00050513) addi x10, x10, 0x0                       inst_103+4
x10 <- 0x0000000000000000

mem[X,0x000000008000225E] -> 0x1513
mem[X,0x0000000080002260] -> 0x00B5
[807] [M]: 0x000000008000225E (0x00B51513) slli x10, x10, 0xb                       inst_103+8
x10 <- 0x0000000000000000

clint mtime 0x0000000000000194 (mip.MTI <- 0b1, mip.STI <- 0b0)
mem[X,0x0000000080002262] -> 0x0513
mem[X,0x0000000080002264] -> 0x5A85
[808] [M]: 0x0000000080002262 (0x5A850513) addi x10, x10, 0x5a8                     inst_103+12
x10 <- 0x00000000000005A8

mem[X,0x0000000080002266] -> 0x1513
mem[X,0x0000000080002268] -> 0x00B5
[809] [M]: 0x0000000080002266 (0x00B51513) slli x10, x10, 0xb                       inst_103+16
x10 <- 0x00000000002D4000

clint mtime 0x0000000000000195 (mip.MTI <- 0b1, mip.STI <- 0b0)
mem[X,0x000000008000226A] -> 0x0513
mem[X,0x000000008000226C] -> 0x13C5
[810] [M]: 0x000000008000226A (0x13C50513) addi x10, x10, 0x13c                     inst_103+20
x10 <- 0x00000000002D413C

mem[X,0x000000008000226E] -> 0x1513
mem[X,0x0000000080002270] -> 0x00A5
[811] [M]: 0x000000008000226E (0x00A51513) slli x10, x10, 0xa                       inst_103+24
x10 <- 0x00000000B504F000

clint mtime 0x0000000000000196 (mip.MTI <- 0b1, mip.STI <- 0b0)
mem[X,0x0000000080002272] -> 0x0513
mem[X,0x0000000080002274] -> 0x3335
[812] [M]: 0x0000000080002272 (0x33350513) addi x10, x10, 0x333                     inst_103+28
x10 <- 0x00000000B504F333

mem[X,0x0000000080002276] -> 0xA821
[813] [M]: 0x0000000080002276 (0xA821) c.j 0x18                                     inst_103+32

clint mtime 0x0000000000000197 (mip.MTI <- 0b1, mip.STI <- 0b0)
mem[X,0x000000008000228E] -> 0xF575
[814] [M]: 0x000000008000228E (0xF575) c.bnez x10, -0x14                            inst_103+56

mem[X,0x000000008000227A] -> 0x0113
mem[X,0x000000008000227C] -> 0x0011
[815] [M]: 0x000000008000227A (0x00110113) addi x2, x2, 0x1                         inst_103+36
x2 <- 0x01FDDB7D5BFDDC3D

clint mtime 0x0000000000000198 (mip.MTI <- 0b1, mip.STI <- 0b0)
mem[X,0x000000008000227E] -> 0x006F
mem[X,0x0000000080002280] -> 0x01C0
[816] [M]: 0x000000008000227E (0x01C0006F) jal x0, 0x1c                             inst_103+40

mem[X,0x000000008000229A] -> 0xBC23
mem[X,0x000000008000229C] -> 0x3220
[817] [M]: 0x000000008000229A (0x3220BC23) sd x2, 0x338(x1)                         inst_103+68
mem[W,0x0000000080006450] <- 0x01FDDB7D5BFDDC3D

clint mtime 0x0000000000000199 (mip.MTI <- 0b1, mip.STI <- 0b0)
mem[X,0x000000008000229E] -> 0x5537
mem[X,0x00000000800022A0] -> 0x5555
[818] [M]: 0x000000008000229E (0x55555537) lui x10, 0x55555                         inst_104+0
x10 <- 0x0000000055555000

mem[X,0x00000000800022A2] -> 0x0513
mem[X,0x00000000800022A4] -> 0x5555
[819] [M]: 0x00000000800022A2 (0x55550513) addi x10, x10, 0x555                     inst_104+4
x10 <- 0x0000000055555555

clint mtime 0x000000000000019A (mip.MTI <- 0b1, mip.STI <- 0b0)
mem[X,0x00000000800022A6] -> 0x1513
mem[X,0x00000000800022A8] -> 0x00B5
[820] [M]: 0x00000000800022A6 (0x00B51513) slli x10, x10, 0xb                       inst_104+8
x10 <- 0x000002AAAAAAA800

mem[X,0x00000000800022AA] -> 0x0513
mem[X,0x00000000800022AC] -> 0x2AA5
[821] [M]: 0x00000000800022AA (0x2AA50513) addi x10, x10, 0x2aa                     inst_104+12
x10 <- 0x000002AAAAAAAAAA

clint mtime 0x000000000000019B (mip.MTI <- 0b1, mip.STI <- 0b0)
mem[X,0x00000000800022AE] -> 0x1513
mem[X,0x00000000800022B0] -> 0x00B5
[822] [M]: 0x00000000800022AE (0x00B51513) slli x10, x10, 0xb                       inst_104+16
x10 <- 0x0015555555555000

mem[X,0x00000000800022B2] -> 0x0513
mem[X,0x00000000800022B4] -> 0x5555
[823] [M]: 0x00000000800022B2 (0x55550513) addi x10, x10, 0x555                     inst_104+20
x10 <- 0x0015555555555555

clint mtime 0x000000000000019C (mip.MTI <- 0b1, mip.STI <- 0b0)
mem[X,0x00000000800022B6] -> 0x1513
mem[X,0x00000000800022B8] -> 0x00A5
[824] [M]: 0x00000000800022B6 (0x00A51513) slli x10, x10, 0xa                       inst_104+24
x10 <- 0x5555555555555400

mem[X,0x00000000800022BA] -> 0x0513
mem[X,0x00000000800022BC] -> 0x1545
[825] [M]: 0x00000000800022BA (0x15450513) addi x10, x10, 0x154                     inst_104+28
x10 <- 0x5555555555555554

clint mtime 0x000000000000019D (mip.MTI <- 0b1, mip.STI <- 0b0)
mem[X,0x00000000800022BE] -> 0xA031
[826] [M]: 0x00000000800022BE (0xA031) c.j 0xc                                      inst_104+32

mem[X,0x00000000800022CA] -> 0xE509
[827] [M]: 0x00000000800022CA (0xE509) c.bnez x10, 0xa                              inst_104+44

clint mtime 0x000000000000019E (mip.MTI <- 0b1, mip.STI <- 0b0)
mem[X,0x00000000800022D4] -> 0x010D
[828] [M]: 0x00000000800022D4 (0x010D) c.addi x2, 0x3                               inst_104+54
x2 <- 0x01FDDB7D5BFDDC40

mem[X,0x00000000800022D6] -> 0xB023
mem[X,0x00000000800022D8] -> 0x3420
[829] [M]: 0x00000000800022D6 (0x3420B023) sd x2, 0x340(x1)                         inst_104+56
mem[W,0x0000000080006458] <- 0x01FDDB7D5BFDDC40

clint mtime 0x000000000000019F (mip.MTI <- 0b1, mip.STI <- 0b0)
mem[X,0x00000000800022DA] -> 0x3537
mem[X,0x00000000800022DC] -> 0x3333
[830] [M]: 0x00000000800022DA (0x33333537) lui x10, 0x33333                         inst_105+0
x10 <- 0x0000000033333000

mem[X,0x00000000800022DE] -> 0x0513
mem[X,0x00000000800022E0] -> 0x3335
[831] [M]: 0x00000000800022DE (0x33350513) addi x10, x10, 0x333                     inst_105+4
x10 <- 0x0000000033333333

clint mtime 0x00000000000001A0 (mip.MTI <- 0b1, mip.STI <- 0b0)
mem[X,0x00000000800022E2] -> 0x1513
mem[X,0x00000000800022E4] -> 0x00B5
[832] [M]: 0x00000000800022E2 (0x00B51513) slli x10, x10, 0xb                       inst_105+8
x10 <- 0x0000019999999800

mem[X,0x00000000800022E6] -> 0x0513
mem[X,0x00000000800022E8] -> 0x1995
[833] [M]: 0x00000000800022E6 (0x19950513) addi x10, x10, 0x199                     inst_105+12
x10 <- 0x0000019999999999

clint mtime 0x00000000000001A1 (mip.MTI <- 0b1, mip.STI <- 0b0)
mem[X,0x00000000800022EA] -> 0x1513
mem[X,0x00000000800022EC] -> 0x00B5
[834] [M]: 0x00000000800022EA (0x00B51513) slli x10, x10, 0xb                       inst_105+16
x10 <- 0x000CCCCCCCCCC800

mem[X,0x00000000800022EE] -> 0x0513
mem[X,0x00000000800022F0] -> 0x4CC5
[835] [M]: 0x00000000800022EE (0x4CC50513) addi x10, x10, 0x4cc                     inst_105+20
x10 <- 0x000CCCCCCCCCCCCC

clint mtime 0x00000000000001A2 (mip.MTI <- 0b1, mip.STI <- 0b0)
mem[X,0x00000000800022F2] -> 0x1513
mem[X,0x00000000800022F4] -> 0x00A5
[836] [M]: 0x00000000800022F2 (0x00A51513) slli x10, x10, 0xa                       inst_105+24
x10 <- 0x3333333333333000

mem[X,0x00000000800022F6] -> 0x0513
mem[X,0x00000000800022F8] -> 0x3325
[837] [M]: 0x00000000800022F6 (0x33250513) addi x10, x10, 0x332                     inst_105+28
x10 <- 0x3333333333333332

clint mtime 0x00000000000001A3 (mip.MTI <- 0b1, mip.STI <- 0b0)
mem[X,0x00000000800022FA] -> 0xA051
[838] [M]: 0x00000000800022FA (0xA051) c.j 0x84                                     inst_105+32

mem[X,0x000000008000237E] -> 0xF141
[839] [M]: 0x000000008000237E (0xF141) c.bnez x10, -0x80                            inst_105+164

clint mtime 0x00000000000001A4 (mip.MTI <- 0b1, mip.STI <- 0b0)
mem[X,0x00000000800022FE] -> 0x0113
mem[X,0x0000000080002300] -> 0x0011
[840] [M]: 0x00000000800022FE (0x00110113) addi x2, x2, 0x1                         inst_105+36
x2 <- 0x01FDDB7D5BFDDC41

mem[X,0x0000000080002302] -> 0x006F
mem[X,0x0000000080002304] -> 0x0880
[841] [M]: 0x0000000080002302 (0x0880006F) jal x0, 0x88                             inst_105+40

clint mtime 0x00000000000001A5 (mip.MTI <- 0b1, mip.STI <- 0b0)
mem[X,0x000000008000238A] -> 0xB423
mem[X,0x000000008000238C] -> 0x3420
[842] [M]: 0x000000008000238A (0x3420B423) sd x2, 0x348(x1)                         inst_105+176
mem[W,0x0000000080006460] <- 0x01FDDB7D5BFDDC41

mem[X,0x000000008000238E] -> 0x6537
mem[X,0x0000000080002390] -> 0x6666
[843] [M]: 0x000000008000238E (0x66666537) lui x10, 0x66666                         inst_106+0
x10 <- 0x0000000066666000

clint mtime 0x00000000000001A6 (mip.MTI <- 0b1, mip.STI <- 0b0)
mem[X,0x0000000080002392] -> 0x0513
mem[X,0x0000000080002394] -> 0x6665
[844] [M]: 0x0000000080002392 (0x66650513) addi x10, x10, 0x666                     inst_106+4
x10 <- 0x0000000066666666

mem[X,0x0000000080002396] -> 0x1513
mem[X,0x0000000080002398] -> 0x00B5
[845] [M]: 0x0000000080002396 (0x00B51513) slli x10, x10, 0xb                       inst_106+8
x10 <- 0x0000033333333000

clint mtime 0x00000000000001A7 (mip.MTI <- 0b1, mip.STI <- 0b0)
mem[X,0x000000008000239A] -> 0x0513
mem[X,0x000000008000239C] -> 0x3335
[846] [M]: 0x000000008000239A (0x33350513) addi x10, x10, 0x333                     inst_106+12
x10 <- 0x0000033333333333

mem[X,0x000000008000239E] -> 0x1513
mem[X,0x00000000800023A0] -> 0x00B5
[847] [M]: 0x000000008000239E (0x00B51513) slli x10, x10, 0xb                       inst_106+16
x10 <- 0x0019999999999800

clint mtime 0x00000000000001A8 (mip.MTI <- 0b1, mip.STI <- 0b0)
mem[X,0x00000000800023A2] -> 0x0513
mem[X,0x00000000800023A4] -> 0x1995
[848] [M]: 0x00000000800023A2 (0x19950513) addi x10, x10, 0x199                     inst_106+20
x10 <- 0x0019999999999999

mem[X,0x00000000800023A6] -> 0x1513
mem[X,0x00000000800023A8] -> 0x00A5
[849] [M]: 0x00000000800023A6 (0x00A51513) slli x10, x10, 0xa                       inst_106+24
x10 <- 0x6666666666666400

clint mtime 0x00000000000001A9 (mip.MTI <- 0b1, mip.STI <- 0b0)
mem[X,0x00000000800023AA] -> 0x0513
mem[X,0x00000000800023AC] -> 0x2655
[850] [M]: 0x00000000800023AA (0x26550513) addi x10, x10, 0x265                     inst_106+28
x10 <- 0x6666666666666665

mem[X,0x00000000800023AE] -> 0xA031
[851] [M]: 0x00000000800023AE (0xA031) c.j 0xc                                      inst_106+32

clint mtime 0x00000000000001AA (mip.MTI <- 0b1, mip.STI <- 0b0)
mem[X,0x00000000800023BA] -> 0xE509
[852] [M]: 0x00000000800023BA (0xE509) c.bnez x10, 0xa                              inst_106+44

mem[X,0x00000000800023C4] -> 0x010D
[853] [M]: 0x00000000800023C4 (0x010D) c.addi x2, 0x3                               inst_106+54
x2 <- 0x01FDDB7D5BFDDC44

clint mtime 0x00000000000001AB (mip.MTI <- 0b1, mip.STI <- 0b0)
mem[X,0x00000000800023C6] -> 0xB823
mem[X,0x00000000800023C8] -> 0x3420
[854] [M]: 0x00000000800023C6 (0x3420B823) sd x2, 0x350(x1)                         inst_106+56
mem[W,0x0000000080006468] <- 0x01FDDB7D5BFDDC44

mem[X,0x00000000800023CA] -> 0x0537
mem[X,0x00000000800023CC] -> 0x0000
[855] [M]: 0x00000000800023CA (0x00000537) lui x10, 0x0                             inst_107+0
x10 <- 0x0000000000000000

clint mtime 0x00000000000001AC (mip.MTI <- 0b1, mip.STI <- 0b0)
mem[X,0x00000000800023CE] -> 0x0513
mem[X,0x00000000800023D0] -> 0x0005
[856] [M]: 0x00000000800023CE (0x00050513) addi x10, x10, 0x0                       inst_107+4
x10 <- 0x0000000000000000

mem[X,0x00000000800023D2] -> 0x1513
mem[X,0x00000000800023D4] -> 0x00B5
[857] [M]: 0x00000000800023D2 (0x00B51513) slli x10, x10, 0xb                       inst_107+8
x10 <- 0x0000000000000000

clint mtime 0x00000000000001AD (mip.MTI <- 0b1, mip.STI <- 0b0)
mem[X,0x00000000800023D6] -> 0x0513
mem[X,0x00000000800023D8] -> 0x5A85
[858] [M]: 0x00000000800023D6 (0x5A850513) addi x10, x10, 0x5a8                     inst_107+12
x10 <- 0x00000000000005A8

mem[X,0x00000000800023DA] -> 0x1513
mem[X,0x00000000800023DC] -> 0x00B5
[859] [M]: 0x00000000800023DA (0x00B51513) slli x10, x10, 0xb                       inst_107+16
x10 <- 0x00000000002D4000

clint mtime 0x00000000000001AE (mip.MTI <- 0b1, mip.STI <- 0b0)
mem[X,0x00000000800023DE] -> 0x0513
mem[X,0x00000000800023E0] -> 0x13C5
[860] [M]: 0x00000000800023DE (0x13C50513) addi x10, x10, 0x13c                     inst_107+20
x10 <- 0x00000000002D413C

mem[X,0x00000000800023E2] -> 0x1513
mem[X,0x00000000800023E4] -> 0x00A5
[861] [M]: 0x00000000800023E2 (0x00A51513) slli x10, x10, 0xa                       inst_107+24
x10 <- 0x00000000B504F000

clint mtime 0x00000000000001AF (mip.MTI <- 0b1, mip.STI <- 0b0)
mem[X,0x00000000800023E6] -> 0x0513
mem[X,0x00000000800023E8] -> 0x3325
[862] [M]: 0x00000000800023E6 (0x33250513) addi x10, x10, 0x332                     inst_107+28
x10 <- 0x00000000B504F332

mem[X,0x00000000800023EA] -> 0xA031
[863] [M]: 0x00000000800023EA (0xA031) c.j 0xc                                      inst_107+32

clint mtime 0x00000000000001B0 (mip.MTI <- 0b1, mip.STI <- 0b0)
mem[X,0x00000000800023F6] -> 0xFD65
[864] [M]: 0x00000000800023F6 (0xFD65) c.bnez x10, -0x8                             inst_107+44

mem[X,0x00000000800023EE] -> 0x0113
mem[X,0x00000000800023F0] -> 0x0011
[865] [M]: 0x00000000800023EE (0x00110113) addi x2, x2, 0x1                         inst_107+36
x2 <- 0x01FDDB7D5BFDDC45

clint mtime 0x00000000000001B1 (mip.MTI <- 0b1, mip.STI <- 0b0)
mem[X,0x00000000800023F2] -> 0x006F
mem[X,0x00000000800023F4] -> 0x0100
[866] [M]: 0x00000000800023F2 (0x0100006F) jal x0, 0x10                             inst_107+40

mem[X,0x0000000080002402] -> 0xBC23
mem[X,0x0000000080002404] -> 0x3420
[867] [M]: 0x0000000080002402 (0x3420BC23) sd x2, 0x358(x1)                         inst_107+56
mem[W,0x0000000080006470] <- 0x01FDDB7D5BFDDC45

clint mtime 0x00000000000001B2 (mip.MTI <- 0b1, mip.STI <- 0b0)
mem[X,0x0000000080002406] -> 0x5537
mem[X,0x0000000080002408] -> 0x5555
[868] [M]: 0x0000000080002406 (0x55555537) lui x10, 0x55555                         inst_108+0
x10 <- 0x0000000055555000

mem[X,0x000000008000240A] -> 0x0513
mem[X,0x000000008000240C] -> 0x5555
[869] [M]: 0x000000008000240A (0x55550513) addi x10, x10, 0x555                     inst_108+4
x10 <- 0x0000000055555555

clint mtime 0x00000000000001B3 (mip.MTI <- 0b1, mip.STI <- 0b0)
mem[X,0x000000008000240E] -> 0x1513
mem[X,0x0000000080002410] -> 0x00B5
[870] [M]: 0x000000008000240E (0x00B51513) slli x10, x10, 0xb                       inst_108+8
x10 <- 0x000002AAAAAAA800

mem[X,0x0000000080002412] -> 0x0513
mem[X,0x0000000080002414] -> 0x2AA5
[871] [M]: 0x0000000080002412 (0x2AA50513) addi x10, x10, 0x2aa                     inst_108+12
x10 <- 0x000002AAAAAAAAAA

clint mtime 0x00000000000001B4 (mip.MTI <- 0b1, mip.STI <- 0b0)
mem[X,0x0000000080002416] -> 0x1513
mem[X,0x0000000080002418] -> 0x00B5
[872] [M]: 0x0000000080002416 (0x00B51513) slli x10, x10, 0xb                       inst_108+16
x10 <- 0x0015555555555000

mem[X,0x000000008000241A] -> 0x0513
mem[X,0x000000008000241C] -> 0x5555
[873] [M]: 0x000000008000241A (0x55550513) addi x10, x10, 0x555                     inst_108+20
x10 <- 0x0015555555555555

clint mtime 0x00000000000001B5 (mip.MTI <- 0b1, mip.STI <- 0b0)
mem[X,0x000000008000241E] -> 0x1513
mem[X,0x0000000080002420] -> 0x00A5
[874] [M]: 0x000000008000241E (0x00A51513) slli x10, x10, 0xa                       inst_108+24
x10 <- 0x5555555555555400

mem[X,0x0000000080002422] -> 0x0513
mem[X,0x0000000080002424] -> 0x1565
[875] [M]: 0x0000000080002422 (0x15650513) addi x10, x10, 0x156                     inst_108+28
x10 <- 0x5555555555555556

clint mtime 0x00000000000001B6 (mip.MTI <- 0b1, mip.STI <- 0b0)
mem[X,0x0000000080002426] -> 0xA031
[876] [M]: 0x0000000080002426 (0xA031) c.j 0xc                                      inst_108+32

mem[X,0x0000000080002432] -> 0xE519
[877] [M]: 0x0000000080002432 (0xE519) c.bnez x10, 0xe                              inst_108+44

clint mtime 0x00000000000001B7 (mip.MTI <- 0b1, mip.STI <- 0b0)
mem[X,0x0000000080002440] -> 0x010D
[878] [M]: 0x0000000080002440 (0x010D) c.addi x2, 0x3                               inst_108+58
x2 <- 0x01FDDB7D5BFDDC48

mem[X,0x0000000080002442] -> 0xB023
mem[X,0x0000000080002444] -> 0x3620
[879] [M]: 0x0000000080002442 (0x3620B023) sd x2, 0x360(x1)                         inst_108+60
mem[W,0x0000000080006478] <- 0x01FDDB7D5BFDDC48

clint mtime 0x00000000000001B8 (mip.MTI <- 0b1, mip.STI <- 0b0)
mem[X,0x0000000080002446] -> 0xB537
mem[X,0x0000000080002448] -> 0xAAAA
[880] [M]: 0x0000000080002446 (0xAAAAB537) lui x10, -0x55555                        inst_109+0
x10 <- 0xFFFFFFFFAAAAB000

mem[X,0x000000008000244A] -> 0x0513
mem[X,0x000000008000244C] -> 0xAAA5
[881] [M]: 0x000000008000244A (0xAAA50513) addi x10, x10, -0x556                    inst_109+4
x10 <- 0xFFFFFFFFAAAAAAAA

clint mtime 0x00000000000001B9 (mip.MTI <- 0b1, mip.STI <- 0b0)
mem[X,0x000000008000244E] -> 0x1513
mem[X,0x0000000080002450] -> 0x00B5
[882] [M]: 0x000000008000244E (0x00B51513) slli x10, x10, 0xb                       inst_109+8
x10 <- 0xFFFFFD5555555000

mem[X,0x0000000080002452] -> 0x0513
mem[X,0x0000000080002454] -> 0x5555
[883] [M]: 0x0000000080002452 (0x55550513) addi x10, x10, 0x555                     inst_109+12
x10 <- 0xFFFFFD5555555555

clint mtime 0x00000000000001BA (mip.MTI <- 0b1, mip.STI <- 0b0)
mem[X,0x0000000080002456] -> 0x1513
mem[X,0x0000000080002458] -> 0x00B5
[884] [M]: 0x0000000080002456 (0x00B51513) slli x10, x10, 0xb                       inst_109+16
x10 <- 0xFFEAAAAAAAAAA800

mem[X,0x000000008000245A] -> 0x0513
mem[X,0x000000008000245C] -> 0x2AA5
[885] [M]: 0x000000008000245A (0x2AA50513) addi x10, x10, 0x2aa                     inst_109+20
x10 <- 0xFFEAAAAAAAAAAAAA

clint mtime 0x00000000000001BB (mip.MTI <- 0b1, mip.STI <- 0b0)
mem[X,0x000000008000245E] -> 0x1513
mem[X,0x0000000080002460] -> 0x00A5
[886] [M]: 0x000000008000245E (0x00A51513) slli x10, x10, 0xa                       inst_109+24
x10 <- 0xAAAAAAAAAAAAA800

mem[X,0x0000000080002462] -> 0x0513
mem[X,0x0000000080002464] -> 0x2AB5
[887] [M]: 0x0000000080002462 (0x2AB50513) addi x10, x10, 0x2ab                     inst_109+28
x10 <- 0xAAAAAAAAAAAAAAAB

clint mtime 0x00000000000001BC (mip.MTI <- 0b1, mip.STI <- 0b0)
mem[X,0x0000000080002466] -> 0xA039
[888] [M]: 0x0000000080002466 (0xA039) c.j 0xe                                      inst_109+32

mem[X,0x0000000080002474] -> 0xF97D
[889] [M]: 0x0000000080002474 (0xF97D) c.bnez x10, -0xa                             inst_109+46

clint mtime 0x00000000000001BD (mip.MTI <- 0b1, mip.STI <- 0b0)
mem[X,0x000000008000246A] -> 0x0113
mem[X,0x000000008000246C] -> 0x0011
[890] [M]: 0x000000008000246A (0x00110113) addi x2, x2, 0x1                         inst_109+36
x2 <- 0x01FDDB7D5BFDDC49

mem[X,0x000000008000246E] -> 0x006F
mem[X,0x0000000080002470] -> 0x0120
[891] [M]: 0x000000008000246E (0x0120006F) jal x0, 0x12                             inst_109+40

clint mtime 0x00000000000001BE (mip.MTI <- 0b1, mip.STI <- 0b0)
mem[X,0x0000000080002480] -> 0xB423
mem[X,0x0000000080002482] -> 0x3620
[892] [M]: 0x0000000080002480 (0x3620B423) sd x2, 0x368(x1)                         inst_109+58
mem[W,0x0000000080006480] <- 0x01FDDB7D5BFDDC49

mem[X,0x0000000080002484] -> 0x0513
mem[X,0x0000000080002486] -> 0x0060
[893] [M]: 0x0000000080002484 (0x00600513) addi x10, x0, 0x6                        inst_110+0
x10 <- 0x0000000000000006

clint mtime 0x00000000000001BF (mip.MTI <- 0b1, mip.STI <- 0b0)
mem[X,0x0000000080002488] -> 0xA031
[894] [M]: 0x0000000080002488 (0xA031) c.j 0xc                                      inst_110+4

mem[X,0x0000000080002494] -> 0xFD65
[895] [M]: 0x0000000080002494 (0xFD65) c.bnez x10, -0x8                             inst_110+16

clint mtime 0x00000000000001C0 (mip.MTI <- 0b1, mip.STI <- 0b0)
mem[X,0x000000008000248C] -> 0x0113
mem[X,0x000000008000248E] -> 0x0011
[896] [M]: 0x000000008000248C (0x00110113) addi x2, x2, 0x1                         inst_110+8
x2 <- 0x01FDDB7D5BFDDC4A

mem[X,0x0000000080002490] -> 0x006F
mem[X,0x0000000080002492] -> 0x0100
[897] [M]: 0x0000000080002490 (0x0100006F) jal x0, 0x10                             inst_110+12

clint mtime 0x00000000000001C1 (mip.MTI <- 0b1, mip.STI <- 0b0)
mem[X,0x00000000800024A0] -> 0xB823
mem[X,0x00000000800024A2] -> 0x3620
[898] [M]: 0x00000000800024A0 (0x3620B823) sd x2, 0x370(x1)                         inst_110+28
mem[W,0x0000000080006488] <- 0x01FDDB7D5BFDDC4A

mem[X,0x00000000800024A4] -> 0x3537
mem[X,0x00000000800024A6] -> 0x3333
[899] [M]: 0x00000000800024A4 (0x33333537) lui x10, 0x33333                         inst_111+0
x10 <- 0x0000000033333000

clint mtime 0x00000000000001C2 (mip.MTI <- 0b1, mip.STI <- 0b0)
mem[X,0x00000000800024A8] -> 0x0513
mem[X,0x00000000800024AA] -> 0x3335
[900] [M]: 0x00000000800024A8 (0x33350513) addi x10, x10, 0x333                     inst_111+4
x10 <- 0x0000000033333333

mem[X,0x00000000800024AC] -> 0x1513
mem[X,0x00000000800024AE] -> 0x00B5
[901] [M]: 0x00000000800024AC (0x00B51513) slli x10, x10, 0xb                       inst_111+8
x10 <- 0x0000019999999800

clint mtime 0x00000000000001C3 (mip.MTI <- 0b1, mip.STI <- 0b0)
mem[X,0x00000000800024B0] -> 0x0513
mem[X,0x00000000800024B2] -> 0x1995
[902] [M]: 0x00000000800024B0 (0x19950513) addi x10, x10, 0x199                     inst_111+12
x10 <- 0x0000019999999999

mem[X,0x00000000800024B4] -> 0x1513
mem[X,0x00000000800024B6] -> 0x00B5
[903] [M]: 0x00000000800024B4 (0x00B51513) slli x10, x10, 0xb                       inst_111+16
x10 <- 0x000CCCCCCCCCC800

clint mtime 0x00000000000001C4 (mip.MTI <- 0b1, mip.STI <- 0b0)
mem[X,0x00000000800024B8] -> 0x0513
mem[X,0x00000000800024BA] -> 0x4CC5
[904] [M]: 0x00000000800024B8 (0x4CC50513) addi x10, x10, 0x4cc                     inst_111+20
x10 <- 0x000CCCCCCCCCCCCC

mem[X,0x00000000800024BC] -> 0x1513
mem[X,0x00000000800024BE] -> 0x00A5
[905] [M]: 0x00000000800024BC (0x00A51513) slli x10, x10, 0xa                       inst_111+24
x10 <- 0x3333333333333000

clint mtime 0x00000000000001C5 (mip.MTI <- 0b1, mip.STI <- 0b0)
mem[X,0x00000000800024C0] -> 0x0513
mem[X,0x00000000800024C2] -> 0x3345
[906] [M]: 0x00000000800024C0 (0x33450513) addi x10, x10, 0x334                     inst_111+28
x10 <- 0x3333333333333334

mem[X,0x00000000800024C4] -> 0xA821
[907] [M]: 0x00000000800024C4 (0xA821) c.j 0x18                                     inst_111+32

clint mtime 0x00000000000001C6 (mip.MTI <- 0b1, mip.STI <- 0b0)
mem[X,0x00000000800024DC] -> 0xF575
[908] [M]: 0x00000000800024DC (0xF575) c.bnez x10, -0x14                            inst_111+56

mem[X,0x00000000800024C8] -> 0x0113
mem[X,0x00000000800024CA] -> 0x0011
[909] [M]: 0x00000000800024C8 (0x00110113) addi x2, x2, 0x1                         inst_111+36
x2 <- 0x01FDDB7D5BFDDC4B

clint mtime 0x00000000000001C7 (mip.MTI <- 0b1, mip.STI <- 0b0)
mem[X,0x00000000800024CC] -> 0x006F
mem[X,0x00000000800024CE] -> 0x01C0
[910] [M]: 0x00000000800024CC (0x01C0006F) jal x0, 0x1c                             inst_111+40

mem[X,0x00000000800024E8] -> 0xBC23
mem[X,0x00000000800024EA] -> 0x3620
[911] [M]: 0x00000000800024E8 (0x3620BC23) sd x2, 0x378(x1)                         inst_111+68
mem[W,0x0000000080006490] <- 0x01FDDB7D5BFDDC4B

clint mtime 0x00000000000001C8 (mip.MTI <- 0b1, mip.STI <- 0b0)
mem[X,0x00000000800024EC] -> 0x6537
mem[X,0x00000000800024EE] -> 0x6666
[912] [M]: 0x00000000800024EC (0x66666537) lui x10, 0x66666                         inst_112+0
x10 <- 0x0000000066666000

mem[X,0x00000000800024F0] -> 0x0513
mem[X,0x00000000800024F2] -> 0x6665
[913] [M]: 0x00000000800024F0 (0x66650513) addi x10, x10, 0x666                     inst_112+4
x10 <- 0x0000000066666666

clint mtime 0x00000000000001C9 (mip.MTI <- 0b1, mip.STI <- 0b0)
mem[X,0x00000000800024F4] -> 0x1513
mem[X,0x00000000800024F6] -> 0x00B5
[914] [M]: 0x00000000800024F4 (0x00B51513) slli x10, x10, 0xb                       inst_112+8
x10 <- 0x0000033333333000

mem[X,0x00000000800024F8] -> 0x0513
mem[X,0x00000000800024FA] -> 0x3335
[915] [M]: 0x00000000800024F8 (0x33350513) addi x10, x10, 0x333                     inst_112+12
x10 <- 0x0000033333333333

clint mtime 0x00000000000001CA (mip.MTI <- 0b1, mip.STI <- 0b0)
mem[X,0x00000000800024FC] -> 0x1513
mem[X,0x00000000800024FE] -> 0x00B5
[916] [M]: 0x00000000800024FC (0x00B51513) slli x10, x10, 0xb                       inst_112+16
x10 <- 0x0019999999999800

mem[X,0x0000000080002500] -> 0x0513
mem[X,0x0000000080002502] -> 0x1995
[917] [M]: 0x0000000080002500 (0x19950513) addi x10, x10, 0x199                     inst_112+20
x10 <- 0x0019999999999999

clint mtime 0x00000000000001CB (mip.MTI <- 0b1, mip.STI <- 0b0)
mem[X,0x0000000080002504] -> 0x1513
mem[X,0x0000000080002506] -> 0x00A5
[918] [M]: 0x0000000080002504 (0x00A51513) slli x10, x10, 0xa                       inst_112+24
x10 <- 0x6666666666666400

mem[X,0x0000000080002508] -> 0x0513
mem[X,0x000000008000250A] -> 0x2675
[919] [M]: 0x0000000080002508 (0x26750513) addi x10, x10, 0x267                     inst_112+28
x10 <- 0x6666666666666667

clint mtime 0x00000000000001CC (mip.MTI <- 0b1, mip.STI <- 0b0)
mem[X,0x000000008000250C] -> 0xA801
[920] [M]: 0x000000008000250C (0xA801) c.j 0x10                                     inst_112+32

mem[X,0x000000008000251C] -> 0xF975
[921] [M]: 0x000000008000251C (0xF975) c.bnez x10, -0xc                             inst_112+48

clint mtime 0x00000000000001CD (mip.MTI <- 0b1, mip.STI <- 0b0)
mem[X,0x0000000080002510] -> 0x0113
mem[X,0x0000000080002512] -> 0x0011
[922] [M]: 0x0000000080002510 (0x00110113) addi x2, x2, 0x1                         inst_112+36
x2 <- 0x01FDDB7D5BFDDC4C

mem[X,0x0000000080002514] -> 0x006F
mem[X,0x0000000080002516] -> 0x0140
[923] [M]: 0x0000000080002514 (0x0140006F) jal x0, 0x14                             inst_112+40

clint mtime 0x00000000000001CE (mip.MTI <- 0b1, mip.STI <- 0b0)
mem[X,0x0000000080002528] -> 0xB023
mem[X,0x000000008000252A] -> 0x3820
[924] [M]: 0x0000000080002528 (0x3820B023) sd x2, 0x380(x1)                         inst_112+60
mem[W,0x0000000080006498] <- 0x01FDDB7D5BFDDC4C

mem[X,0x000000008000252C] -> 0x0537
mem[X,0x000000008000252E] -> 0x0000
[925] [M]: 0x000000008000252C (0x00000537) lui x10, 0x0                             inst_113+0
x10 <- 0x0000000000000000

clint mtime 0x00000000000001CF (mip.MTI <- 0b1, mip.STI <- 0b0)
mem[X,0x0000000080002530] -> 0x0513
mem[X,0x0000000080002532] -> 0xFFF5
[926] [M]: 0x0000000080002530 (0xFFF50513) addi x10, x10, -0x1                      inst_113+4
x10 <- 0xFFFFFFFFFFFFFFFF

mem[X,0x0000000080002534] -> 0x1513
mem[X,0x0000000080002536] -> 0x00B5
[927] [M]: 0x0000000080002534 (0x00B51513) slli x10, x10, 0xb                       inst_113+8
x10 <- 0xFFFFFFFFFFFFF800

clint mtime 0x00000000000001D0 (mip.MTI <- 0b1, mip.STI <- 0b0)
mem[X,0x0000000080002538] -> 0x0513
mem[X,0x000000008000253A] -> 0x2575
[928] [M]: 0x0000000080002538 (0x25750513) addi x10, x10, 0x257                     inst_113+12
x10 <- 0xFFFFFFFFFFFFFA57

mem[X,0x000000008000253C] -> 0x1513
mem[X,0x000000008000253E] -> 0x00B5
[929] [M]: 0x000000008000253C (0x00B51513) slli x10, x10, 0xb                       inst_113+16
x10 <- 0xFFFFFFFFFFD2B800

clint mtime 0x00000000000001D1 (mip.MTI <- 0b1, mip.STI <- 0b0)
mem[X,0x0000000080002540] -> 0x0513
mem[X,0x0000000080002542] -> 0x6C35
[930] [M]: 0x0000000080002540 (0x6C350513) addi x10, x10, 0x6c3                     inst_113+20
x10 <- 0xFFFFFFFFFFD2BEC3

mem[X,0x0000000080002544] -> 0x1513
mem[X,0x0000000080002546] -> 0x00A5
[931] [M]: 0x0000000080002544 (0x00A51513) slli x10, x10, 0xa                       inst_113+24
x10 <- 0xFFFFFFFF4AFB0C00

clint mtime 0x00000000000001D2 (mip.MTI <- 0b1, mip.STI <- 0b0)
mem[X,0x0000000080002548] -> 0x0513
mem[X,0x000000008000254A] -> 0x0CE5
[932] [M]: 0x0000000080002548 (0x0CE50513) addi x10, x10, 0xce                      inst_113+28
x10 <- 0xFFFFFFFF4AFB0CCE

mem[X,0x000000008000254C] -> 0xA031
[933] [M]: 0x000000008000254C (0xA031) c.j 0xc                                      inst_113+32

clint mtime 0x00000000000001D3 (mip.MTI <- 0b1, mip.STI <- 0b0)
mem[X,0x0000000080002558] -> 0xE509
[934] [M]: 0x0000000080002558 (0xE509) c.bnez x10, 0xa                              inst_113+44

mem[X,0x0000000080002562] -> 0x010D
[935] [M]: 0x0000000080002562 (0x010D) c.addi x2, 0x3                               inst_113+54
x2 <- 0x01FDDB7D5BFDDC4F

clint mtime 0x00000000000001D4 (mip.MTI <- 0b1, mip.STI <- 0b0)
mem[X,0x0000000080002564] -> 0xB423
mem[X,0x0000000080002566] -> 0x3820
[936] [M]: 0x0000000080002564 (0x3820B423) sd x2, 0x388(x1)                         inst_113+56
mem[W,0x00000000800064A0] <- 0x01FDDB7D5BFDDC4F

mem[X,0x0000000080002568] -> 0x0537
mem[X,0x000000008000256A] -> 0x0000
[937] [M]: 0x0000000080002568 (0x00000537) lui x10, 0x0                             inst_114+0
x10 <- 0x0000000000000000

clint mtime 0x00000000000001D5 (mip.MTI <- 0b1, mip.STI <- 0b0)
mem[X,0x000000008000256C] -> 0x0513
mem[X,0x000000008000256E] -> 0x0005
[938] [M]: 0x000000008000256C (0x00050513) addi x10, x10, 0x0                       inst_114+4
x10 <- 0x0000000000000000

mem[X,0x0000000080002570] -> 0x1513
mem[X,0x0000000080002572] -> 0x00B5
[939] [M]: 0x0000000080002570 (0x00B51513) slli x10, x10, 0xb                       inst_114+8
x10 <- 0x0000000000000000

clint mtime 0x00000000000001D6 (mip.MTI <- 0b1, mip.STI <- 0b0)
mem[X,0x0000000080002574] -> 0x0513
mem[X,0x0000000080002576] -> 0x5A85
[940] [M]: 0x0000000080002574 (0x5A850513) addi x10, x10, 0x5a8                     inst_114+12
x10 <- 0x00000000000005A8

mem[X,0x0000000080002578] -> 0x1513
mem[X,0x000000008000257A] -> 0x00B5
[941] [M]: 0x0000000080002578 (0x00B51513) slli x10, x10, 0xb                       inst_114+16
x10 <- 0x00000000002D4000

clint mtime 0x00000000000001D7 (mip.MTI <- 0b1, mip.STI <- 0b0)
mem[X,0x000000008000257C] -> 0x0513
mem[X,0x000000008000257E] -> 0x13C5
[942] [M]: 0x000000008000257C (0x13C50513) addi x10, x10, 0x13c                     inst_114+20
x10 <- 0x00000000002D413C

mem[X,0x0000000080002580] -> 0x1513
mem[X,0x0000000080002582] -> 0x00A5
[943] [M]: 0x0000000080002580 (0x00A51513) slli x10, x10, 0xa                       inst_114+24
x10 <- 0x00000000B504F000

clint mtime 0x00000000000001D8 (mip.MTI <- 0b1, mip.STI <- 0b0)
mem[X,0x0000000080002584] -> 0x0513
mem[X,0x0000000080002586] -> 0x3345
[944] [M]: 0x0000000080002584 (0x33450513) addi x10, x10, 0x334                     inst_114+28
x10 <- 0x00000000B504F334

mem[X,0x0000000080002588] -> 0xA031
[945] [M]: 0x0000000080002588 (0xA031) c.j 0xc                                      inst_114+32

clint mtime 0x00000000000001D9 (mip.MTI <- 0b1, mip.STI <- 0b0)
mem[X,0x0000000080002594] -> 0xED3D
[946] [M]: 0x0000000080002594 (0xED3D) c.bnez x10, 0x7e                             inst_114+44

mem[X,0x0000000080002612] -> 0x010D
[947] [M]: 0x0000000080002612 (0x010D) c.addi x2, 0x3                               inst_114+170
x2 <- 0x01FDDB7D5BFDDC52

clint mtime 0x00000000000001DA (mip.MTI <- 0b1, mip.STI <- 0b0)
mem[X,0x0000000080002614] -> 0xB823
mem[X,0x0000000080002616] -> 0x3820
[948] [M]: 0x0000000080002614 (0x3820B823) sd x2, 0x390(x1)                         inst_114+172
mem[W,0x00000000800064A8] <- 0x01FDDB7D5BFDDC52

mem[X,0x0000000080002618] -> 0x0513
mem[X,0x000000008000261A] -> 0x0010
[949] [M]: 0x0000000080002618 (0x00100513) addi x10, x0, 0x1                        inst_115+0
x10 <- 0x0000000000000001

clint mtime 0x00000000000001DB (mip.MTI <- 0b1, mip.STI <- 0b0)
mem[X,0x000000008000261C] -> 0x1513
mem[X,0x000000008000261E] -> 0x0155
[950] [M]: 0x000000008000261C (0x01551513) slli x10, x10, 0x15                      inst_115+4
x10 <- 0x0000000000200000

mem[X,0x0000000080002620] -> 0x4513
mem[X,0x0000000080002622] -> 0xFFF5
[951] [M]: 0x0000000080002620 (0xFFF54513) xori x10, x10, -0x1                      inst_115+8
x10 <- 0xFFFFFFFFFFDFFFFF

clint mtime 0x00000000000001DC (mip.MTI <- 0b1, mip.STI <- 0b0)
mem[X,0x0000000080002624] -> 0xA809
[952] [M]: 0x0000000080002624 (0xA809) c.j 0x12                                     inst_115+12

mem[X,0x0000000080002636] -> 0xF96D
[953] [M]: 0x0000000080002636 (0xF96D) c.bnez x10, -0xe                             inst_115+30

clint mtime 0x00000000000001DD (mip.MTI <- 0b1, mip.STI <- 0b0)
mem[X,0x0000000080002628] -> 0x0113
mem[X,0x000000008000262A] -> 0x0011
[954] [M]: 0x0000000080002628 (0x00110113) addi x2, x2, 0x1                         inst_115+16
x2 <- 0x01FDDB7D5BFDDC53

mem[X,0x000000008000262C] -> 0x006F
mem[X,0x000000008000262E] -> 0x0160
[955] [M]: 0x000000008000262C (0x0160006F) jal x0, 0x16                             inst_115+20

clint mtime 0x00000000000001DE (mip.MTI <- 0b1, mip.STI <- 0b0)
mem[X,0x0000000080002642] -> 0xBC23
mem[X,0x0000000080002644] -> 0x3820
[956] [M]: 0x0000000080002642 (0x3820BC23) sd x2, 0x398(x1)                         inst_115+42
mem[W,0x00000000800064B0] <- 0x01FDDB7D5BFDDC53

mem[X,0x0000000080002646] -> 0x0513
mem[X,0x0000000080002648] -> 0x0010
[957] [M]: 0x0000000080002646 (0x00100513) addi x10, x0, 0x1                        inst_116+0
x10 <- 0x0000000000000001

clint mtime 0x00000000000001DF (mip.MTI <- 0b1, mip.STI <- 0b0)
mem[X,0x000000008000264A] -> 0x1513
mem[X,0x000000008000264C] -> 0x0165
[958] [M]: 0x000000008000264A (0x01651513) slli x10, x10, 0x16                      inst_116+4
x10 <- 0x0000000000400000

mem[X,0x000000008000264E] -> 0x4513
mem[X,0x0000000080002650] -> 0xFFF5
[959] [M]: 0x000000008000264E (0xFFF54513) xori x10, x10, -0x1                      inst_116+8
x10 <- 0xFFFFFFFFFFBFFFFF

clint mtime 0x00000000000001E0 (mip.MTI <- 0b1, mip.STI <- 0b0)
mem[X,0x0000000080002652] -> 0xA031
[960] [M]: 0x0000000080002652 (0xA031) c.j 0xc                                      inst_116+12

mem[X,0x000000008000265E] -> 0xE54D
[961] [M]: 0x000000008000265E (0xE54D) c.bnez x10, 0xaa                             inst_116+24

clint mtime 0x00000000000001E1 (mip.MTI <- 0b1, mip.STI <- 0b0)
mem[X,0x0000000080002708] -> 0x010D
[962] [M]: 0x0000000080002708 (0x010D) c.addi x2, 0x3                               inst_116+194
x2 <- 0x01FDDB7D5BFDDC56

mem[X,0x000000008000270A] -> 0xB023
mem[X,0x000000008000270C] -> 0x3A20
[963] [M]: 0x000000008000270A (0x3A20B023) sd x2, 0x3a0(x1)                         inst_116+196
mem[W,0x00000000800064B8] <- 0x01FDDB7D5BFDDC56

clint mtime 0x00000000000001E2 (mip.MTI <- 0b1, mip.STI <- 0b0)
mem[X,0x000000008000270E] -> 0x0513
mem[X,0x0000000080002710] -> 0x0010
[964] [M]: 0x000000008000270E (0x00100513) addi x10, x0, 0x1                        inst_117+0
x10 <- 0x0000000000000001

mem[X,0x0000000080002712] -> 0x1513
mem[X,0x0000000080002714] -> 0x0175
[965] [M]: 0x0000000080002712 (0x01751513) slli x10, x10, 0x17                      inst_117+4
x10 <- 0x0000000000800000

clint mtime 0x00000000000001E3 (mip.MTI <- 0b1, mip.STI <- 0b0)
mem[X,0x0000000080002716] -> 0x4513
mem[X,0x0000000080002718] -> 0xFFF5
[966] [M]: 0x0000000080002716 (0xFFF54513) xori x10, x10, -0x1                      inst_117+8
x10 <- 0xFFFFFFFFFF7FFFFF

mem[X,0x000000008000271A] -> 0xA811
[967] [M]: 0x000000008000271A (0xA811) c.j 0x14                                     inst_117+12

clint mtime 0x00000000000001E4 (mip.MTI <- 0b1, mip.STI <- 0b0)
mem[X,0x000000008000272E] -> 0xF965
[968] [M]: 0x000000008000272E (0xF965) c.bnez x10, -0x10                            inst_117+32

mem[X,0x000000008000271E] -> 0x0113
mem[X,0x0000000080002720] -> 0x0011
[969] [M]: 0x000000008000271E (0x00110113) addi x2, x2, 0x1                         inst_117+16
x2 <- 0x01FDDB7D5BFDDC57

clint mtime 0x00000000000001E5 (mip.MTI <- 0b1, mip.STI <- 0b0)
mem[X,0x0000000080002722] -> 0x006F
mem[X,0x0000000080002724] -> 0x0180
[970] [M]: 0x0000000080002722 (0x0180006F) jal x0, 0x18                             inst_117+20

mem[X,0x000000008000273A] -> 0xB423
mem[X,0x000000008000273C] -> 0x3A20
[971] [M]: 0x000000008000273A (0x3A20B423) sd x2, 0x3a8(x1)                         inst_117+44
mem[W,0x00000000800064C0] <- 0x01FDDB7D5BFDDC57

clint mtime 0x00000000000001E6 (mip.MTI <- 0b1, mip.STI <- 0b0)
mem[X,0x000000008000273E] -> 0x0513
mem[X,0x0000000080002740] -> 0x0010
[972] [M]: 0x000000008000273E (0x00100513) addi x10, x0, 0x1                        inst_118+0
x10 <- 0x0000000000000001

mem[X,0x0000000080002742] -> 0x1513
mem[X,0x0000000080002744] -> 0x0185
[973] [M]: 0x0000000080002742 (0x01851513) slli x10, x10, 0x18                      inst_118+4
x10 <- 0x0000000001000000

clint mtime 0x00000000000001E7 (mip.MTI <- 0b1, mip.STI <- 0b0)
mem[X,0x0000000080002746] -> 0x4513
mem[X,0x0000000080002748] -> 0xFFF5
[974] [M]: 0x0000000080002746 (0xFFF54513) xori x10, x10, -0x1                      inst_118+8
x10 <- 0xFFFFFFFFFEFFFFFF

mem[X,0x000000008000274A] -> 0xA801
[975] [M]: 0x000000008000274A (0xA801) c.j 0x10                                     inst_118+12

clint mtime 0x00000000000001E8 (mip.MTI <- 0b1, mip.STI <- 0b0)
mem[X,0x000000008000275A] -> 0xF975
[976] [M]: 0x000000008000275A (0xF975) c.bnez x10, -0xc                             inst_118+28

mem[X,0x000000008000274E] -> 0x0113
mem[X,0x0000000080002750] -> 0x0011
[977] [M]: 0x000000008000274E (0x00110113) addi x2, x2, 0x1                         inst_118+16
x2 <- 0x01FDDB7D5BFDDC58

clint mtime 0x00000000000001E9 (mip.MTI <- 0b1, mip.STI <- 0b0)
mem[X,0x0000000080002752] -> 0x006F
mem[X,0x0000000080002754] -> 0x0140
[978] [M]: 0x0000000080002752 (0x0140006F) jal x0, 0x14                             inst_118+20

mem[X,0x0000000080002766] -> 0xB823
mem[X,0x0000000080002768] -> 0x3A20
[979] [M]: 0x0000000080002766 (0x3A20B823) sd x2, 0x3b0(x1)                         inst_118+40
mem[W,0x00000000800064C8] <- 0x01FDDB7D5BFDDC58

clint mtime 0x00000000000001EA (mip.MTI <- 0b1, mip.STI <- 0b0)
mem[X,0x000000008000276A] -> 0x0513
mem[X,0x000000008000276C] -> 0x0010
[980] [M]: 0x000000008000276A (0x00100513) addi x10, x0, 0x1                        inst_119+0
x10 <- 0x0000000000000001

mem[X,0x000000008000276E] -> 0x1513
mem[X,0x0000000080002770] -> 0x0195
[981] [M]: 0x000000008000276E (0x01951513) slli x10, x10, 0x19                      inst_119+4
x10 <- 0x0000000002000000

clint mtime 0x00000000000001EB (mip.MTI <- 0b1, mip.STI <- 0b0)
mem[X,0x0000000080002772] -> 0x4513
mem[X,0x0000000080002774] -> 0xFFF5
[982] [M]: 0x0000000080002772 (0xFFF54513) xori x10, x10, -0x1                      inst_119+8
x10 <- 0xFFFFFFFFFDFFFFFF

mem[X,0x0000000080002776] -> 0xA031
[983] [M]: 0x0000000080002776 (0xA031) c.j 0xc                                      inst_119+12

clint mtime 0x00000000000001EC (mip.MTI <- 0b1, mip.STI <- 0b0)
mem[X,0x0000000080002782] -> 0xE509
[984] [M]: 0x0000000080002782 (0xE509) c.bnez x10, 0xa                              inst_119+24

mem[X,0x000000008000278C] -> 0x010D
[985] [M]: 0x000000008000278C (0x010D) c.addi x2, 0x3                               inst_119+34
x2 <- 0x01FDDB7D5BFDDC5B

clint mtime 0x00000000000001ED (mip.MTI <- 0b1, mip.STI <- 0b0)
mem[X,0x000000008000278E] -> 0xBC23
mem[X,0x0000000080002790] -> 0x3A20
[986] [M]: 0x000000008000278E (0x3A20BC23) sd x2, 0x3b8(x1)                         inst_119+36
mem[W,0x00000000800064D0] <- 0x01FDDB7D5BFDDC5B

mem[X,0x0000000080002792] -> 0x0513
mem[X,0x0000000080002794] -> 0x0010
[987] [M]: 0x0000000080002792 (0x00100513) addi x10, x0, 0x1                        inst_120+0
x10 <- 0x0000000000000001

clint mtime 0x00000000000001EE (mip.MTI <- 0b1, mip.STI <- 0b0)
mem[X,0x0000000080002796] -> 0x1513
mem[X,0x0000000080002798] -> 0x01A5
[988] [M]: 0x0000000080002796 (0x01A51513) slli x10, x10, 0x1a                      inst_120+4
x10 <- 0x0000000004000000

mem[X,0x000000008000279A] -> 0x4513
mem[X,0x000000008000279C] -> 0xFFF5
[989] [M]: 0x000000008000279A (0xFFF54513) xori x10, x10, -0x1                      inst_120+8
x10 <- 0xFFFFFFFFFBFFFFFF

clint mtime 0x00000000000001EF (mip.MTI <- 0b1, mip.STI <- 0b0)
mem[X,0x000000008000279E] -> 0xA031
[990] [M]: 0x000000008000279E (0xA031) c.j 0xc                                      inst_120+12

mem[X,0x00000000800027AA] -> 0xE509
[991] [M]: 0x00000000800027AA (0xE509) c.bnez x10, 0xa                              inst_120+24

clint mtime 0x00000000000001F0 (mip.MTI <- 0b1, mip.STI <- 0b0)
mem[X,0x00000000800027B4] -> 0x010D
[992] [M]: 0x00000000800027B4 (0x010D) c.addi x2, 0x3                               inst_120+34
x2 <- 0x01FDDB7D5BFDDC5E

mem[X,0x00000000800027B6] -> 0xB023
mem[X,0x00000000800027B8] -> 0x3C20
[993] [M]: 0x00000000800027B6 (0x3C20B023) sd x2, 0x3c0(x1)                         inst_120+36
mem[W,0x00000000800064D8] <- 0x01FDDB7D5BFDDC5E

clint mtime 0x00000000000001F1 (mip.MTI <- 0b1, mip.STI <- 0b0)
mem[X,0x00000000800027BA] -> 0x0513
mem[X,0x00000000800027BC] -> 0x0010
[994] [M]: 0x00000000800027BA (0x00100513) addi x10, x0, 0x1                        inst_121+0
x10 <- 0x0000000000000001

mem[X,0x00000000800027BE] -> 0x1513
mem[X,0x00000000800027C0] -> 0x01B5
[995] [M]: 0x00000000800027BE (0x01B51513) slli x10, x10, 0x1b                      inst_121+4
x10 <- 0x0000000008000000

clint mtime 0x00000000000001F2 (mip.MTI <- 0b1, mip.STI <- 0b0)
mem[X,0x00000000800027C2] -> 0x4513
mem[X,0x00000000800027C4] -> 0xFFF5
[996] [M]: 0x00000000800027C2 (0xFFF54513) xori x10, x10, -0x1                      inst_121+8
x10 <- 0xFFFFFFFFF7FFFFFF

mem[X,0x00000000800027C6] -> 0xA01D
[997] [M]: 0x00000000800027C6 (0xA01D) c.j 0x26                                     inst_121+12

clint mtime 0x00000000000001F3 (mip.MTI <- 0b1, mip.STI <- 0b0)
mem[X,0x00000000800027EC] -> 0xFD79
[998] [M]: 0x00000000800027EC (0xFD79) c.bnez x10, -0x22                            inst_121+50

mem[X,0x00000000800027CA] -> 0x0113
mem[X,0x00000000800027CC] -> 0x0011
[999] [M]: 0x00000000800027CA (0x00110113) addi x2, x2, 0x1                         inst_121+16
x2 <- 0x01FDDB7D5BFDDC5F

clint mtime 0x00000000000001F4 (mip.MTI <- 0b1, mip.STI <- 0b0)
mem[X,0x00000000800027CE] -> 0x006F
mem[X,0x00000000800027D0] -> 0x02A0
[1000] [M]: 0x00000000800027CE (0x02A0006F) jal x0, 0x2a                            inst_121+20

mem[X,0x00000000800027F8] -> 0xB423
mem[X,0x00000000800027FA] -> 0x3C20
[1001] [M]: 0x00000000800027F8 (0x3C20B423) sd x2, 0x3c8(x1)                        inst_121+62
mem[W,0x00000000800064E0] <- 0x01FDDB7D5BFDDC5F

clint mtime 0x00000000000001F5 (mip.MTI <- 0b1, mip.STI <- 0b0)
mem[X,0x00000000800027FC] -> 0x0513
mem[X,0x00000000800027FE] -> 0x0010
[1002] [M]: 0x00000000800027FC (0x00100513) addi x10, x0, 0x1                       inst_122+0
x10 <- 0x0000000000000001

mem[X,0x0000000080002800] -> 0x1513
mem[X,0x0000000080002802] -> 0x01C5
[1003] [M]: 0x0000000080002800 (0x01C51513) slli x10, x10, 0x1c                     inst_122+4
x10 <- 0x0000000010000000

clint mtime 0x00000000000001F6 (mip.MTI <- 0b1, mip.STI <- 0b0)
mem[X,0x0000000080002804] -> 0x4513
mem[X,0x0000000080002806] -> 0xFFF5
[1004] [M]: 0x0000000080002804 (0xFFF54513) xori x10, x10, -0x1                     inst_122+8
x10 <- 0xFFFFFFFFEFFFFFFF

mem[X,0x0000000080002808] -> 0xA031
[1005] [M]: 0x0000000080002808 (0xA031) c.j 0xc                                     inst_122+12

clint mtime 0x00000000000001F7 (mip.MTI <- 0b1, mip.STI <- 0b0)
mem[X,0x0000000080002814] -> 0xFD65
[1006] [M]: 0x0000000080002814 (0xFD65) c.bnez x10, -0x8                            inst_122+24

mem[X,0x000000008000280C] -> 0x0113
mem[X,0x000000008000280E] -> 0x0011
[1007] [M]: 0x000000008000280C (0x00110113) addi x2, x2, 0x1                        inst_122+16
x2 <- 0x01FDDB7D5BFDDC60

clint mtime 0x00000000000001F8 (mip.MTI <- 0b1, mip.STI <- 0b0)
mem[X,0x0000000080002810] -> 0x006F
mem[X,0x0000000080002812] -> 0x0100
[1008] [M]: 0x0000000080002810 (0x0100006F) jal x0, 0x10                            inst_122+20

mem[X,0x0000000080002820] -> 0xB823
mem[X,0x0000000080002822] -> 0x3C20
[1009] [M]: 0x0000000080002820 (0x3C20B823) sd x2, 0x3d0(x1)                        inst_122+36
mem[W,0x00000000800064E8] <- 0x01FDDB7D5BFDDC60

clint mtime 0x00000000000001F9 (mip.MTI <- 0b1, mip.STI <- 0b0)
mem[X,0x0000000080002824] -> 0x0513
mem[X,0x0000000080002826] -> 0x0010
[1010] [M]: 0x0000000080002824 (0x00100513) addi x10, x0, 0x1                       inst_123+0
x10 <- 0x0000000000000001

mem[X,0x0000000080002828] -> 0x1513
mem[X,0x000000008000282A] -> 0x01D5
[1011] [M]: 0x0000000080002828 (0x01D51513) slli x10, x10, 0x1d                     inst_123+4
x10 <- 0x0000000020000000

clint mtime 0x00000000000001FA (mip.MTI <- 0b1, mip.STI <- 0b0)
mem[X,0x000000008000282C] -> 0x4513
mem[X,0x000000008000282E] -> 0xFFF5
[1012] [M]: 0x000000008000282C (0xFFF54513) xori x10, x10, -0x1                     inst_123+8
x10 <- 0xFFFFFFFFDFFFFFFF

mem[X,0x0000000080002830] -> 0xA811
[1013] [M]: 0x0000000080002830 (0xA811) c.j 0x14                                    inst_123+12

clint mtime 0x00000000000001FB (mip.MTI <- 0b1, mip.STI <- 0b0)
mem[X,0x0000000080002844] -> 0xF965
[1014] [M]: 0x0000000080002844 (0xF965) c.bnez x10, -0x10                           inst_123+32

mem[X,0x0000000080002834] -> 0x0113
mem[X,0x0000000080002836] -> 0x0011
[1015] [M]: 0x0000000080002834 (0x00110113) addi x2, x2, 0x1                        inst_123+16
x2 <- 0x01FDDB7D5BFDDC61

clint mtime 0x00000000000001FC (mip.MTI <- 0b1, mip.STI <- 0b0)
mem[X,0x0000000080002838] -> 0x006F
mem[X,0x000000008000283A] -> 0x0180
[1016] [M]: 0x0000000080002838 (0x0180006F) jal x0, 0x18                            inst_123+20

mem[X,0x0000000080002850] -> 0xBC23
mem[X,0x0000000080002852] -> 0x3C20
[1017] [M]: 0x0000000080002850 (0x3C20BC23) sd x2, 0x3d8(x1)                        inst_123+44
mem[W,0x00000000800064F0] <- 0x01FDDB7D5BFDDC61

clint mtime 0x00000000000001FD (mip.MTI <- 0b1, mip.STI <- 0b0)
mem[X,0x0000000080002854] -> 0x0513
mem[X,0x0000000080002856] -> 0x0010
[1018] [M]: 0x0000000080002854 (0x00100513) addi x10, x0, 0x1                       inst_124+0
x10 <- 0x0000000000000001

mem[X,0x0000000080002858] -> 0x1513
mem[X,0x000000008000285A] -> 0x01E5
[1019] [M]: 0x0000000080002858 (0x01E51513) slli x10, x10, 0x1e                     inst_124+4
x10 <- 0x0000000040000000

clint mtime 0x00000000000001FE (mip.MTI <- 0b1, mip.STI <- 0b0)
mem[X,0x000000008000285C] -> 0x4513
mem[X,0x000000008000285E] -> 0xFFF5
[1020] [M]: 0x000000008000285C (0xFFF54513) xori x10, x10, -0x1                     inst_124+8
x10 <- 0xFFFFFFFFBFFFFFFF

mem[X,0x0000000080002860] -> 0xA031
[1021] [M]: 0x0000000080002860 (0xA031) c.j 0xc                                     inst_124+12

clint mtime 0x00000000000001FF (mip.MTI <- 0b1, mip.STI <- 0b0)
mem[X,0x000000008000286C] -> 0xE121
[1022] [M]: 0x000000008000286C (0xE121) c.bnez x10, 0x40                            inst_124+24

mem[X,0x00000000800028AC] -> 0x010D
[1023] [M]: 0x00000000800028AC (0x010D) c.addi x2, 0x3                              inst_124+88
x2 <- 0x01FDDB7D5BFDDC64

clint mtime 0x0000000000000200 (mip.MTI <- 0b1, mip.STI <- 0b0)
mem[X,0x00000000800028AE] -> 0xB023
mem[X,0x00000000800028B0] -> 0x3E20
[1024] [M]: 0x00000000800028AE (0x3E20B023) sd x2, 0x3e0(x1)                        inst_124+90
mem[W,0x00000000800064F8] <- 0x01FDDB7D5BFDDC64

mem[X,0x00000000800028B2] -> 0x0513
mem[X,0x00000000800028B4] -> 0x0010
[1025] [M]: 0x00000000800028B2 (0x00100513) addi x10, x0, 0x1                       inst_125+0
x10 <- 0x0000000000000001

clint mtime 0x0000000000000201 (mip.MTI <- 0b1, mip.STI <- 0b0)
mem[X,0x00000000800028B6] -> 0x1513
mem[X,0x00000000800028B8] -> 0x01F5
[1026] [M]: 0x00000000800028B6 (0x01F51513) slli x10, x10, 0x1f                     inst_125+4
x10 <- 0x0000000080000000

mem[X,0x00000000800028BA] -> 0x4513
mem[X,0x00000000800028BC] -> 0xFFF5
[1027] [M]: 0x00000000800028BA (0xFFF54513) xori x10, x10, -0x1                     inst_125+8
x10 <- 0xFFFFFFFF7FFFFFFF

clint mtime 0x0000000000000202 (mip.MTI <- 0b1, mip.STI <- 0b0)
mem[X,0x00000000800028BE] -> 0xA099
[1028] [M]: 0x00000000800028BE (0xA099) c.j 0x46                                    inst_125+12

mem[X,0x0000000080002904] -> 0xFD5D
[1029] [M]: 0x0000000080002904 (0xFD5D) c.bnez x10, -0x42                           inst_125+82

clint mtime 0x0000000000000203 (mip.MTI <- 0b1, mip.STI <- 0b0)
mem[X,0x00000000800028C2] -> 0x0113
mem[X,0x00000000800028C4] -> 0x0011
[1030] [M]: 0x00000000800028C2 (0x00110113) addi x2, x2, 0x1                        inst_125+16
x2 <- 0x01FDDB7D5BFDDC65

mem[X,0x00000000800028C6] -> 0x006F
mem[X,0x00000000800028C8] -> 0x04A0
[1031] [M]: 0x00000000800028C6 (0x04A0006F) jal x0, 0x4a                            inst_125+20

clint mtime 0x0000000000000204 (mip.MTI <- 0b1, mip.STI <- 0b0)
mem[X,0x0000000080002910] -> 0xB423
mem[X,0x0000000080002912] -> 0x3E20
[1032] [M]: 0x0000000080002910 (0x3E20B423) sd x2, 0x3e8(x1)                        inst_125+94
mem[W,0x0000000080006500] <- 0x01FDDB7D5BFDDC65

mem[X,0x0000000080002914] -> 0x0513
mem[X,0x0000000080002916] -> 0x0010
[1033] [M]: 0x0000000080002914 (0x00100513) addi x10, x0, 0x1                       inst_126+0
x10 <- 0x0000000000000001

clint mtime 0x0000000000000205 (mip.MTI <- 0b1, mip.STI <- 0b0)
mem[X,0x0000000080002918] -> 0x1513
mem[X,0x000000008000291A] -> 0x0205
[1034] [M]: 0x0000000080002918 (0x02051513) slli x10, x10, 0x20                     inst_126+4
x10 <- 0x0000000100000000

mem[X,0x000000008000291C] -> 0x4513
mem[X,0x000000008000291E] -> 0xFFF5
[1035] [M]: 0x000000008000291C (0xFFF54513) xori x10, x10, -0x1                     inst_126+8
x10 <- 0xFFFFFFFEFFFFFFFF

clint mtime 0x0000000000000206 (mip.MTI <- 0b1, mip.STI <- 0b0)
mem[X,0x0000000080002920] -> 0xA031
[1036] [M]: 0x0000000080002920 (0xA031) c.j 0xc                                     inst_126+12

mem[X,0x000000008000292C] -> 0xE509
[1037] [M]: 0x000000008000292C (0xE509) c.bnez x10, 0xa                             inst_126+24

clint mtime 0x0000000000000207 (mip.MTI <- 0b1, mip.STI <- 0b0)
mem[X,0x0000000080002936] -> 0x010D
[1038] [M]: 0x0000000080002936 (0x010D) c.addi x2, 0x3                              inst_126+34
x2 <- 0x01FDDB7D5BFDDC68

mem[X,0x0000000080002938] -> 0xB823
mem[X,0x000000008000293A] -> 0x3E20
[1039] [M]: 0x0000000080002938 (0x3E20B823) sd x2, 0x3f0(x1)                        inst_126+36
mem[W,0x0000000080006508] <- 0x01FDDB7D5BFDDC68

clint mtime 0x0000000000000208 (mip.MTI <- 0b1, mip.STI <- 0b0)
mem[X,0x000000008000293C] -> 0x0513
mem[X,0x000000008000293E] -> 0x0010
[1040] [M]: 0x000000008000293C (0x00100513) addi x10, x0, 0x1                       inst_127+0
x10 <- 0x0000000000000001

mem[X,0x0000000080002940] -> 0x1513
mem[X,0x0000000080002942] -> 0x0215
[1041] [M]: 0x0000000080002940 (0x02151513) slli x10, x10, 0x21                     inst_127+4
x10 <- 0x0000000200000000

clint mtime 0x0000000000000209 (mip.MTI <- 0b1, mip.STI <- 0b0)
mem[X,0x0000000080002944] -> 0x4513
mem[X,0x0000000080002946] -> 0xFFF5
[1042] [M]: 0x0000000080002944 (0xFFF54513) xori x10, x10, -0x1                     inst_127+8
x10 <- 0xFFFFFFFDFFFFFFFF

mem[X,0x0000000080002948] -> 0xA031
[1043] [M]: 0x0000000080002948 (0xA031) c.j 0xc                                     inst_127+12

clint mtime 0x000000000000020A (mip.MTI <- 0b1, mip.STI <- 0b0)
mem[X,0x0000000080002954] -> 0xE909
[1044] [M]: 0x0000000080002954 (0xE909) c.bnez x10, 0x12                            inst_127+24

mem[X,0x0000000080002966] -> 0x010D
[1045] [M]: 0x0000000080002966 (0x010D) c.addi x2, 0x3                              inst_127+42
x2 <- 0x01FDDB7D5BFDDC6B

clint mtime 0x000000000000020B (mip.MTI <- 0b1, mip.STI <- 0b0)
mem[X,0x0000000080002968] -> 0xBC23
mem[X,0x000000008000296A] -> 0x3E20
[1046] [M]: 0x0000000080002968 (0x3E20BC23) sd x2, 0x3f8(x1)                        inst_127+44
mem[W,0x0000000080006510] <- 0x01FDDB7D5BFDDC6B

mem[X,0x000000008000296C] -> 0x0513
mem[X,0x000000008000296E] -> 0x0010
[1047] [M]: 0x000000008000296C (0x00100513) addi x10, x0, 0x1                       inst_128+0
x10 <- 0x0000000000000001

clint mtime 0x000000000000020C (mip.MTI <- 0b1, mip.STI <- 0b0)
mem[X,0x0000000080002970] -> 0x1513
mem[X,0x0000000080002972] -> 0x0225
[1048] [M]: 0x0000000080002970 (0x02251513) slli x10, x10, 0x22                     inst_128+4
x10 <- 0x0000000400000000

mem[X,0x0000000080002974] -> 0x4513
mem[X,0x0000000080002976] -> 0xFFF5
[1049] [M]: 0x0000000080002974 (0xFFF54513) xori x10, x10, -0x1                     inst_128+8
x10 <- 0xFFFFFFFBFFFFFFFF

clint mtime 0x000000000000020D (mip.MTI <- 0b1, mip.STI <- 0b0)
mem[X,0x0000000080002978] -> 0xA031
[1050] [M]: 0x0000000080002978 (0xA031) c.j 0xc                                     inst_128+12

mem[X,0x0000000080002984] -> 0xE509
[1051] [M]: 0x0000000080002984 (0xE509) c.bnez x10, 0xa                             inst_128+24

clint mtime 0x000000000000020E (mip.MTI <- 0b1, mip.STI <- 0b0)
mem[X,0x000000008000298E] -> 0x010D
[1052] [M]: 0x000000008000298E (0x010D) c.addi x2, 0x3                              inst_128+34
x2 <- 0x01FDDB7D5BFDDC6E

mem[X,0x0000000080002990] -> 0xB023
mem[X,0x0000000080002992] -> 0x4020
[1053] [M]: 0x0000000080002990 (0x4020B023) sd x2, 0x400(x1)                        inst_128+36
mem[W,0x0000000080006518] <- 0x01FDDB7D5BFDDC6E

clint mtime 0x000000000000020F (mip.MTI <- 0b1, mip.STI <- 0b0)
mem[X,0x0000000080002994] -> 0x0513
mem[X,0x0000000080002996] -> 0x0010
[1054] [M]: 0x0000000080002994 (0x00100513) addi x10, x0, 0x1                       inst_129+0
x10 <- 0x0000000000000001

mem[X,0x0000000080002998] -> 0x1513
mem[X,0x000000008000299A] -> 0x0235
[1055] [M]: 0x0000000080002998 (0x02351513) slli x10, x10, 0x23                     inst_129+4
x10 <- 0x0000000800000000

clint mtime 0x0000000000000210 (mip.MTI <- 0b1, mip.STI <- 0b0)
mem[X,0x000000008000299C] -> 0x4513
mem[X,0x000000008000299E] -> 0xFFF5
[1056] [M]: 0x000000008000299C (0xFFF54513) xori x10, x10, -0x1                     inst_129+8
x10 <- 0xFFFFFFF7FFFFFFFF

mem[X,0x00000000800029A0] -> 0xA821
[1057] [M]: 0x00000000800029A0 (0xA821) c.j 0x18                                    inst_129+12

clint mtime 0x0000000000000211 (mip.MTI <- 0b1, mip.STI <- 0b0)
mem[X,0x00000000800029B8] -> 0xF575
[1058] [M]: 0x00000000800029B8 (0xF575) c.bnez x10, -0x14                           inst_129+36

mem[X,0x00000000800029A4] -> 0x0113
mem[X,0x00000000800029A6] -> 0x0011
[1059] [M]: 0x00000000800029A4 (0x00110113) addi x2, x2, 0x1                        inst_129+16
x2 <- 0x01FDDB7D5BFDDC6F

clint mtime 0x0000000000000212 (mip.MTI <- 0b1, mip.STI <- 0b0)
mem[X,0x00000000800029A8] -> 0x006F
mem[X,0x00000000800029AA] -> 0x01C0
[1060] [M]: 0x00000000800029A8 (0x01C0006F) jal x0, 0x1c                            inst_129+20

mem[X,0x00000000800029C4] -> 0xB423
mem[X,0x00000000800029C6] -> 0x4020
[1061] [M]: 0x00000000800029C4 (0x4020B423) sd x2, 0x408(x1)                        inst_129+48
mem[W,0x0000000080006520] <- 0x01FDDB7D5BFDDC6F

clint mtime 0x0000000000000213 (mip.MTI <- 0b1, mip.STI <- 0b0)
mem[X,0x00000000800029C8] -> 0x0513
mem[X,0x00000000800029CA] -> 0x0010
[1062] [M]: 0x00000000800029C8 (0x00100513) addi x10, x0, 0x1                       inst_130+0
x10 <- 0x0000000000000001

mem[X,0x00000000800029CC] -> 0x1513
mem[X,0x00000000800029CE] -> 0x0245
[1063] [M]: 0x00000000800029CC (0x02451513) slli x10, x10, 0x24                     inst_130+4
x10 <- 0x0000001000000000

clint mtime 0x0000000000000214 (mip.MTI <- 0b1, mip.STI <- 0b0)
mem[X,0x00000000800029D0] -> 0x4513
mem[X,0x00000000800029D2] -> 0xFFF5
[1064] [M]: 0x00000000800029D0 (0xFFF54513) xori x10, x10, -0x1                     inst_130+8
x10 <- 0xFFFFFFEFFFFFFFFF

mem[X,0x00000000800029D4] -> 0xA099
[1065] [M]: 0x00000000800029D4 (0xA099) c.j 0x46                                    inst_130+12

clint mtime 0x0000000000000215 (mip.MTI <- 0b1, mip.STI <- 0b0)
mem[X,0x0000000080002A1A] -> 0xFD5D
[1066] [M]: 0x0000000080002A1A (0xFD5D) c.bnez x10, -0x42                           inst_130+82

mem[X,0x00000000800029D8] -> 0x0113
mem[X,0x00000000800029DA] -> 0x0011
[1067] [M]: 0x00000000800029D8 (0x00110113) addi x2, x2, 0x1                        inst_130+16
x2 <- 0x01FDDB7D5BFDDC70

clint mtime 0x0000000000000216 (mip.MTI <- 0b1, mip.STI <- 0b0)
mem[X,0x00000000800029DC] -> 0x006F
mem[X,0x00000000800029DE] -> 0x04A0
[1068] [M]: 0x00000000800029DC (0x04A0006F) jal x0, 0x4a                            inst_130+20

mem[X,0x0000000080002A26] -> 0xB823
mem[X,0x0000000080002A28] -> 0x4020
[1069] [M]: 0x0000000080002A26 (0x4020B823) sd x2, 0x410(x1)                        inst_130+94
mem[W,0x0000000080006528] <- 0x01FDDB7D5BFDDC70

clint mtime 0x0000000000000217 (mip.MTI <- 0b1, mip.STI <- 0b0)
mem[X,0x0000000080002A2A] -> 0x0513
mem[X,0x0000000080002A2C] -> 0x0010
[1070] [M]: 0x0000000080002A2A (0x00100513) addi x10, x0, 0x1                       inst_131+0
x10 <- 0x0000000000000001

mem[X,0x0000000080002A2E] -> 0x1513
mem[X,0x0000000080002A30] -> 0x0255
[1071] [M]: 0x0000000080002A2E (0x02551513) slli x10, x10, 0x25                     inst_131+4
x10 <- 0x0000002000000000

clint mtime 0x0000000000000218 (mip.MTI <- 0b1, mip.STI <- 0b0)
mem[X,0x0000000080002A32] -> 0x4513
mem[X,0x0000000080002A34] -> 0xFFF5
[1072] [M]: 0x0000000080002A32 (0xFFF54513) xori x10, x10, -0x1                     inst_131+8
x10 <- 0xFFFFFFDFFFFFFFFF

mem[X,0x0000000080002A36] -> 0xA031
[1073] [M]: 0x0000000080002A36 (0xA031) c.j 0xc                                     inst_131+12

clint mtime 0x0000000000000219 (mip.MTI <- 0b1, mip.STI <- 0b0)
mem[X,0x0000000080002A42] -> 0xED3D
[1074] [M]: 0x0000000080002A42 (0xED3D) c.bnez x10, 0x7e                            inst_131+24

mem[X,0x0000000080002AC0] -> 0x010D
[1075] [M]: 0x0000000080002AC0 (0x010D) c.addi x2, 0x3                              inst_131+150
x2 <- 0x01FDDB7D5BFDDC73

clint mtime 0x000000000000021A (mip.MTI <- 0b1, mip.STI <- 0b0)
mem[X,0x0000000080002AC2] -> 0xBC23
mem[X,0x0000000080002AC4] -> 0x4020
[1076] [M]: 0x0000000080002AC2 (0x4020BC23) sd x2, 0x418(x1)                        inst_131+152
mem[W,0x0000000080006530] <- 0x01FDDB7D5BFDDC73

mem[X,0x0000000080002AC6] -> 0x0513
mem[X,0x0000000080002AC8] -> 0x0010
[1077] [M]: 0x0000000080002AC6 (0x00100513) addi x10, x0, 0x1                       inst_132+0
x10 <- 0x0000000000000001

clint mtime 0x000000000000021B (mip.MTI <- 0b1, mip.STI <- 0b0)
mem[X,0x0000000080002ACA] -> 0x1513
mem[X,0x0000000080002ACC] -> 0x0265
[1078] [M]: 0x0000000080002ACA (0x02651513) slli x10, x10, 0x26                     inst_132+4
x10 <- 0x0000004000000000

mem[X,0x0000000080002ACE] -> 0x4513
mem[X,0x0000000080002AD0] -> 0xFFF5
[1079] [M]: 0x0000000080002ACE (0xFFF54513) xori x10, x10, -0x1                     inst_132+8
x10 <- 0xFFFFFFBFFFFFFFFF

clint mtime 0x000000000000021C (mip.MTI <- 0b1, mip.STI <- 0b0)
mem[X,0x0000000080002AD2] -> 0xA031
[1080] [M]: 0x0000000080002AD2 (0xA031) c.j 0xc                                     inst_132+12

mem[X,0x0000000080002ADE] -> 0xE509
[1081] [M]: 0x0000000080002ADE (0xE509) c.bnez x10, 0xa                             inst_132+24

clint mtime 0x000000000000021D (mip.MTI <- 0b1, mip.STI <- 0b0)
mem[X,0x0000000080002AE8] -> 0x010D
[1082] [M]: 0x0000000080002AE8 (0x010D) c.addi x2, 0x3                              inst_132+34
x2 <- 0x01FDDB7D5BFDDC76

mem[X,0x0000000080002AEA] -> 0xB023
mem[X,0x0000000080002AEC] -> 0x4220
[1083] [M]: 0x0000000080002AEA (0x4220B023) sd x2, 0x420(x1)                        inst_132+36
mem[W,0x0000000080006538] <- 0x01FDDB7D5BFDDC76

clint mtime 0x000000000000021E (mip.MTI <- 0b1, mip.STI <- 0b0)
mem[X,0x0000000080002AEE] -> 0x0513
mem[X,0x0000000080002AF0] -> 0x0010
[1084] [M]: 0x0000000080002AEE (0x00100513) addi x10, x0, 0x1                       inst_133+0
x10 <- 0x0000000000000001

mem[X,0x0000000080002AF2] -> 0x1513
mem[X,0x0000000080002AF4] -> 0x0275
[1085] [M]: 0x0000000080002AF2 (0x02751513) slli x10, x10, 0x27                     inst_133+4
x10 <- 0x0000008000000000

clint mtime 0x000000000000021F (mip.MTI <- 0b1, mip.STI <- 0b0)
mem[X,0x0000000080002AF6] -> 0x4513
mem[X,0x0000000080002AF8] -> 0xFFF5
[1086] [M]: 0x0000000080002AF6 (0xFFF54513) xori x10, x10, -0x1                     inst_133+8
x10 <- 0xFFFFFF7FFFFFFFFF

mem[X,0x0000000080002AFA] -> 0xA819
[1087] [M]: 0x0000000080002AFA (0xA819) c.j 0x16                                    inst_133+12

clint mtime 0x0000000000000220 (mip.MTI <- 0b1, mip.STI <- 0b0)
mem[X,0x0000000080002B10] -> 0xF57D
[1088] [M]: 0x0000000080002B10 (0xF57D) c.bnez x10, -0x12                           inst_133+34

mem[X,0x0000000080002AFE] -> 0x0113
mem[X,0x0000000080002B00] -> 0x0011
[1089] [M]: 0x0000000080002AFE (0x00110113) addi x2, x2, 0x1                        inst_133+16
x2 <- 0x01FDDB7D5BFDDC77

clint mtime 0x0000000000000221 (mip.MTI <- 0b1, mip.STI <- 0b0)
mem[X,0x0000000080002B02] -> 0x006F
mem[X,0x0000000080002B04] -> 0x01A0
[1090] [M]: 0x0000000080002B02 (0x01A0006F) jal x0, 0x1a                            inst_133+20

mem[X,0x0000000080002B1C] -> 0xB423
mem[X,0x0000000080002B1E] -> 0x4220
[1091] [M]: 0x0000000080002B1C (0x4220B423) sd x2, 0x428(x1)                        inst_133+46
mem[W,0x0000000080006540] <- 0x01FDDB7D5BFDDC77

clint mtime 0x0000000000000222 (mip.MTI <- 0b1, mip.STI <- 0b0)
mem[X,0x0000000080002B20] -> 0x0513
mem[X,0x0000000080002B22] -> 0x0010
[1092] [M]: 0x0000000080002B20 (0x00100513) addi x10, x0, 0x1                       inst_134+0
x10 <- 0x0000000000000001

mem[X,0x0000000080002B24] -> 0x1513
mem[X,0x0000000080002B26] -> 0x0285
[1093] [M]: 0x0000000080002B24 (0x02851513) slli x10, x10, 0x28                     inst_134+4
x10 <- 0x0000010000000000

clint mtime 0x0000000000000223 (mip.MTI <- 0b1, mip.STI <- 0b0)
mem[X,0x0000000080002B28] -> 0x4513
mem[X,0x0000000080002B2A] -> 0xFFF5
[1094] [M]: 0x0000000080002B28 (0xFFF54513) xori x10, x10, -0x1                     inst_134+8
x10 <- 0xFFFFFEFFFFFFFFFF

mem[X,0x0000000080002B2C] -> 0xA031
[1095] [M]: 0x0000000080002B2C (0xA031) c.j 0xc                                     inst_134+12

clint mtime 0x0000000000000224 (mip.MTI <- 0b1, mip.STI <- 0b0)
mem[X,0x0000000080002B38] -> 0xED3D
[1096] [M]: 0x0000000080002B38 (0xED3D) c.bnez x10, 0x7e                            inst_134+24

mem[X,0x0000000080002BB6] -> 0x010D
[1097] [M]: 0x0000000080002BB6 (0x010D) c.addi x2, 0x3                              inst_134+150
x2 <- 0x01FDDB7D5BFDDC7A

clint mtime 0x0000000000000225 (mip.MTI <- 0b1, mip.STI <- 0b0)
mem[X,0x0000000080002BB8] -> 0xB823
mem[X,0x0000000080002BBA] -> 0x4220
[1098] [M]: 0x0000000080002BB8 (0x4220B823) sd x2, 0x430(x1)                        inst_134+152
mem[W,0x0000000080006548] <- 0x01FDDB7D5BFDDC7A

mem[X,0x0000000080002BBC] -> 0x0513
mem[X,0x0000000080002BBE] -> 0x0010
[1099] [M]: 0x0000000080002BBC (0x00100513) addi x10, x0, 0x1                       inst_135+0
x10 <- 0x0000000000000001

clint mtime 0x0000000000000226 (mip.MTI <- 0b1, mip.STI <- 0b0)
mem[X,0x0000000080002BC0] -> 0x1513
mem[X,0x0000000080002BC2] -> 0x0295
[1100] [M]: 0x0000000080002BC0 (0x02951513) slli x10, x10, 0x29                     inst_135+4
x10 <- 0x0000020000000000

mem[X,0x0000000080002BC4] -> 0x4513
mem[X,0x0000000080002BC6] -> 0xFFF5
[1101] [M]: 0x0000000080002BC4 (0xFFF54513) xori x10, x10, -0x1                     inst_135+8
x10 <- 0xFFFFFDFFFFFFFFFF

clint mtime 0x0000000000000227 (mip.MTI <- 0b1, mip.STI <- 0b0)
mem[X,0x0000000080002BC8] -> 0xA031
[1102] [M]: 0x0000000080002BC8 (0xA031) c.j 0xc                                     inst_135+12

mem[X,0x0000000080002BD4] -> 0xE509
[1103] [M]: 0x0000000080002BD4 (0xE509) c.bnez x10, 0xa                             inst_135+24

clint mtime 0x0000000000000228 (mip.MTI <- 0b1, mip.STI <- 0b0)
mem[X,0x0000000080002BDE] -> 0x010D
[1104] [M]: 0x0000000080002BDE (0x010D) c.addi x2, 0x3                              inst_135+34
x2 <- 0x01FDDB7D5BFDDC7D

mem[X,0x0000000080002BE0] -> 0xBC23
mem[X,0x0000000080002BE2] -> 0x4220
[1105] [M]: 0x0000000080002BE0 (0x4220BC23) sd x2, 0x438(x1)                        inst_135+36
mem[W,0x0000000080006550] <- 0x01FDDB7D5BFDDC7D

clint mtime 0x0000000000000229 (mip.MTI <- 0b1, mip.STI <- 0b0)
mem[X,0x0000000080002BE4] -> 0x0513
mem[X,0x0000000080002BE6] -> 0x0010
[1106] [M]: 0x0000000080002BE4 (0x00100513) addi x10, x0, 0x1                       inst_136+0
x10 <- 0x0000000000000001

mem[X,0x0000000080002BE8] -> 0x1513
mem[X,0x0000000080002BEA] -> 0x02A5
[1107] [M]: 0x0000000080002BE8 (0x02A51513) slli x10, x10, 0x2a                     inst_136+4
x10 <- 0x0000040000000000

clint mtime 0x000000000000022A (mip.MTI <- 0b1, mip.STI <- 0b0)
mem[X,0x0000000080002BEC] -> 0x4513
mem[X,0x0000000080002BEE] -> 0xFFF5
[1108] [M]: 0x0000000080002BEC (0xFFF54513) xori x10, x10, -0x1                     inst_136+8
x10 <- 0xFFFFFBFFFFFFFFFF

mem[X,0x0000000080002BF0] -> 0xA031
[1109] [M]: 0x0000000080002BF0 (0xA031) c.j 0xc                                     inst_136+12

clint mtime 0x000000000000022B (mip.MTI <- 0b1, mip.STI <- 0b0)
mem[X,0x0000000080002BFC] -> 0xE901
[1110] [M]: 0x0000000080002BFC (0xE901) c.bnez x10, 0x10                            inst_136+24

mem[X,0x0000000080002C0C] -> 0x010D
[1111] [M]: 0x0000000080002C0C (0x010D) c.addi x2, 0x3                              inst_136+40
x2 <- 0x01FDDB7D5BFDDC80

clint mtime 0x000000000000022C (mip.MTI <- 0b1, mip.STI <- 0b0)
mem[X,0x0000000080002C0E] -> 0xB023
mem[X,0x0000000080002C10] -> 0x4420
[1112] [M]: 0x0000000080002C0E (0x4420B023) sd x2, 0x440(x1)                        inst_136+42
mem[W,0x0000000080006558] <- 0x01FDDB7D5BFDDC80

mem[X,0x0000000080002C12] -> 0x0513
mem[X,0x0000000080002C14] -> 0x0010
[1113] [M]: 0x0000000080002C12 (0x00100513) addi x10, x0, 0x1                       inst_137+0
x10 <- 0x0000000000000001

clint mtime 0x000000000000022D (mip.MTI <- 0b1, mip.STI <- 0b0)
mem[X,0x0000000080002C16] -> 0x1513
mem[X,0x0000000080002C18] -> 0x02B5
[1114] [M]: 0x0000000080002C16 (0x02B51513) slli x10, x10, 0x2b                     inst_137+4
x10 <- 0x0000080000000000

mem[X,0x0000000080002C1A] -> 0x4513
mem[X,0x0000000080002C1C] -> 0xFFF5
[1115] [M]: 0x0000000080002C1A (0xFFF54513) xori x10, x10, -0x1                     inst_137+8
x10 <- 0xFFFFF7FFFFFFFFFF

clint mtime 0x000000000000022E (mip.MTI <- 0b1, mip.STI <- 0b0)
mem[X,0x0000000080002C1E] -> 0xA031
[1116] [M]: 0x0000000080002C1E (0xA031) c.j 0xc                                     inst_137+12

mem[X,0x0000000080002C2A] -> 0xE121
[1117] [M]: 0x0000000080002C2A (0xE121) c.bnez x10, 0x40                            inst_137+24

clint mtime 0x000000000000022F (mip.MTI <- 0b1, mip.STI <- 0b0)
mem[X,0x0000000080002C6A] -> 0x010D
[1118] [M]: 0x0000000080002C6A (0x010D) c.addi x2, 0x3                              inst_137+88
x2 <- 0x01FDDB7D5BFDDC83

mem[X,0x0000000080002C6C] -> 0xB423
mem[X,0x0000000080002C6E] -> 0x4420
[1119] [M]: 0x0000000080002C6C (0x4420B423) sd x2, 0x448(x1)                        inst_137+90
mem[W,0x0000000080006560] <- 0x01FDDB7D5BFDDC83

clint mtime 0x0000000000000230 (mip.MTI <- 0b1, mip.STI <- 0b0)
mem[X,0x0000000080002C70] -> 0x0513
mem[X,0x0000000080002C72] -> 0x0010
[1120] [M]: 0x0000000080002C70 (0x00100513) addi x10, x0, 0x1                       inst_138+0
x10 <- 0x0000000000000001

mem[X,0x0000000080002C74] -> 0x1513
mem[X,0x0000000080002C76] -> 0x02C5
[1121] [M]: 0x0000000080002C74 (0x02C51513) slli x10, x10, 0x2c                     inst_138+4
x10 <- 0x0000100000000000

clint mtime 0x0000000000000231 (mip.MTI <- 0b1, mip.STI <- 0b0)
mem[X,0x0000000080002C78] -> 0x4513
mem[X,0x0000000080002C7A] -> 0xFFF5
[1122] [M]: 0x0000000080002C78 (0xFFF54513) xori x10, x10, -0x1                     inst_138+8
x10 <- 0xFFFFEFFFFFFFFFFF

mem[X,0x0000000080002C7C] -> 0xA811
[1123] [M]: 0x0000000080002C7C (0xA811) c.j 0x14                                    inst_138+12

clint mtime 0x0000000000000232 (mip.MTI <- 0b1, mip.STI <- 0b0)
mem[X,0x0000000080002C90] -> 0xF965
[1124] [M]: 0x0000000080002C90 (0xF965) c.bnez x10, -0x10                           inst_138+32

mem[X,0x0000000080002C80] -> 0x0113
mem[X,0x0000000080002C82] -> 0x0011
[1125] [M]: 0x0000000080002C80 (0x00110113) addi x2, x2, 0x1                        inst_138+16
x2 <- 0x01FDDB7D5BFDDC84

clint mtime 0x0000000000000233 (mip.MTI <- 0b1, mip.STI <- 0b0)
mem[X,0x0000000080002C84] -> 0x006F
mem[X,0x0000000080002C86] -> 0x0180
[1126] [M]: 0x0000000080002C84 (0x0180006F) jal x0, 0x18                            inst_138+20

mem[X,0x0000000080002C9C] -> 0xB823
mem[X,0x0000000080002C9E] -> 0x4420
[1127] [M]: 0x0000000080002C9C (0x4420B823) sd x2, 0x450(x1)                        inst_138+44
mem[W,0x0000000080006568] <- 0x01FDDB7D5BFDDC84

clint mtime 0x0000000000000234 (mip.MTI <- 0b1, mip.STI <- 0b0)
mem[X,0x0000000080002CA0] -> 0x0513
mem[X,0x0000000080002CA2] -> 0x0010
[1128] [M]: 0x0000000080002CA0 (0x00100513) addi x10, x0, 0x1                       inst_139+0
x10 <- 0x0000000000000001

mem[X,0x0000000080002CA4] -> 0x1513
mem[X,0x0000000080002CA6] -> 0x02D5
[1129] [M]: 0x0000000080002CA4 (0x02D51513) slli x10, x10, 0x2d                     inst_139+4
x10 <- 0x0000200000000000

clint mtime 0x0000000000000235 (mip.MTI <- 0b1, mip.STI <- 0b0)
mem[X,0x0000000080002CA8] -> 0x4513
mem[X,0x0000000080002CAA] -> 0xFFF5
[1130] [M]: 0x0000000080002CA8 (0xFFF54513) xori x10, x10, -0x1                     inst_139+8
x10 <- 0xFFFFDFFFFFFFFFFF

mem[X,0x0000000080002CAC] -> 0xA031
[1131] [M]: 0x0000000080002CAC (0xA031) c.j 0xc                                     inst_139+12

clint mtime 0x0000000000000236 (mip.MTI <- 0b1, mip.STI <- 0b0)
mem[X,0x0000000080002CB8] -> 0xE509
[1132] [M]: 0x0000000080002CB8 (0xE509) c.bnez x10, 0xa                             inst_139+24

mem[X,0x0000000080002CC2] -> 0x010D
[1133] [M]: 0x0000000080002CC2 (0x010D) c.addi x2, 0x3                              inst_139+34
x2 <- 0x01FDDB7D5BFDDC87

clint mtime 0x0000000000000237 (mip.MTI <- 0b1, mip.STI <- 0b0)
mem[X,0x0000000080002CC4] -> 0xBC23
mem[X,0x0000000080002CC6] -> 0x4420
[1134] [M]: 0x0000000080002CC4 (0x4420BC23) sd x2, 0x458(x1)                        inst_139+36
mem[W,0x0000000080006570] <- 0x01FDDB7D5BFDDC87

mem[X,0x0000000080002CC8] -> 0x0513
mem[X,0x0000000080002CCA] -> 0x0010
[1135] [M]: 0x0000000080002CC8 (0x00100513) addi x10, x0, 0x1                       inst_140+0
x10 <- 0x0000000000000001

clint mtime 0x0000000000000238 (mip.MTI <- 0b1, mip.STI <- 0b0)
mem[X,0x0000000080002CCC] -> 0x1513
mem[X,0x0000000080002CCE] -> 0x02E5
[1136] [M]: 0x0000000080002CCC (0x02E51513) slli x10, x10, 0x2e                     inst_140+4
x10 <- 0x0000400000000000

mem[X,0x0000000080002CD0] -> 0x4513
mem[X,0x0000000080002CD2] -> 0xFFF5
[1137] [M]: 0x0000000080002CD0 (0xFFF54513) xori x10, x10, -0x1                     inst_140+8
x10 <- 0xFFFFBFFFFFFFFFFF

clint mtime 0x0000000000000239 (mip.MTI <- 0b1, mip.STI <- 0b0)
mem[X,0x0000000080002CD4] -> 0xA099
[1138] [M]: 0x0000000080002CD4 (0xA099) c.j 0x46                                    inst_140+12

mem[X,0x0000000080002D1A] -> 0xFD5D
[1139] [M]: 0x0000000080002D1A (0xFD5D) c.bnez x10, -0x42                           inst_140+82

clint mtime 0x000000000000023A (mip.MTI <- 0b1, mip.STI <- 0b0)
mem[X,0x0000000080002CD8] -> 0x0113
mem[X,0x0000000080002CDA] -> 0x0011
[1140] [M]: 0x0000000080002CD8 (0x00110113) addi x2, x2, 0x1                        inst_140+16
x2 <- 0x01FDDB7D5BFDDC88

mem[X,0x0000000080002CDC] -> 0x006F
mem[X,0x0000000080002CDE] -> 0x04A0
[1141] [M]: 0x0000000080002CDC (0x04A0006F) jal x0, 0x4a                            inst_140+20

clint mtime 0x000000000000023B (mip.MTI <- 0b1, mip.STI <- 0b0)
mem[X,0x0000000080002D26] -> 0xB023
mem[X,0x0000000080002D28] -> 0x4620
[1142] [M]: 0x0000000080002D26 (0x4620B023) sd x2, 0x460(x1)                        inst_140+94
mem[W,0x0000000080006578] <- 0x01FDDB7D5BFDDC88

mem[X,0x0000000080002D2A] -> 0x0513
mem[X,0x0000000080002D2C] -> 0x0010
[1143] [M]: 0x0000000080002D2A (0x00100513) addi x10, x0, 0x1                       inst_141+0
x10 <- 0x0000000000000001

clint mtime 0x000000000000023C (mip.MTI <- 0b1, mip.STI <- 0b0)
mem[X,0x0000000080002D2E] -> 0x1513
mem[X,0x0000000080002D30] -> 0x02F5
[1144] [M]: 0x0000000080002D2E (0x02F51513) slli x10, x10, 0x2f                     inst_141+4
x10 <- 0x0000800000000000

mem[X,0x0000000080002D32] -> 0x4513
mem[X,0x0000000080002D34] -> 0xFFF5
[1145] [M]: 0x0000000080002D32 (0xFFF54513) xori x10, x10, -0x1                     inst_141+8
x10 <- 0xFFFF7FFFFFFFFFFF

clint mtime 0x000000000000023D (mip.MTI <- 0b1, mip.STI <- 0b0)
mem[X,0x0000000080002D36] -> 0xA801
[1146] [M]: 0x0000000080002D36 (0xA801) c.j 0x10                                    inst_141+12

mem[X,0x0000000080002D46] -> 0xF975
[1147] [M]: 0x0000000080002D46 (0xF975) c.bnez x10, -0xc                            inst_141+28

clint mtime 0x000000000000023E (mip.MTI <- 0b1, mip.STI <- 0b0)
mem[X,0x0000000080002D3A] -> 0x0113
mem[X,0x0000000080002D3C] -> 0x0011
[1148] [M]: 0x0000000080002D3A (0x00110113) addi x2, x2, 0x1                        inst_141+16
x2 <- 0x01FDDB7D5BFDDC89

mem[X,0x0000000080002D3E] -> 0x006F
mem[X,0x0000000080002D40] -> 0x0140
[1149] [M]: 0x0000000080002D3E (0x0140006F) jal x0, 0x14                            inst_141+20

clint mtime 0x000000000000023F (mip.MTI <- 0b1, mip.STI <- 0b0)
mem[X,0x0000000080002D52] -> 0xB423
mem[X,0x0000000080002D54] -> 0x4620
[1150] [M]: 0x0000000080002D52 (0x4620B423) sd x2, 0x468(x1)                        inst_141+40
mem[W,0x0000000080006580] <- 0x01FDDB7D5BFDDC89

mem[X,0x0000000080002D56] -> 0x0513
mem[X,0x0000000080002D58] -> 0x0010
[1151] [M]: 0x0000000080002D56 (0x00100513) addi x10, x0, 0x1                       inst_142+0
x10 <- 0x0000000000000001

clint mtime 0x0000000000000240 (mip.MTI <- 0b1, mip.STI <- 0b0)
mem[X,0x0000000080002D5A] -> 0x1513
mem[X,0x0000000080002D5C] -> 0x0305
[1152] [M]: 0x0000000080002D5A (0x03051513) slli x10, x10, 0x30                     inst_142+4
x10 <- 0x0001000000000000

mem[X,0x0000000080002D5E] -> 0x4513
mem[X,0x0000000080002D60] -> 0xFFF5
[1153] [M]: 0x0000000080002D5E (0xFFF54513) xori x10, x10, -0x1                     inst_142+8
x10 <- 0xFFFEFFFFFFFFFFFF

clint mtime 0x0000000000000241 (mip.MTI <- 0b1, mip.STI <- 0b0)
mem[X,0x0000000080002D62] -> 0xA845
[1154] [M]: 0x0000000080002D62 (0xA845) c.j 0xb0                                    inst_142+12

mem[X,0x0000000080002E12] -> 0xF931
[1155] [M]: 0x0000000080002E12 (0xF931) c.bnez x10, -0xac                           inst_142+188

clint mtime 0x0000000000000242 (mip.MTI <- 0b1, mip.STI <- 0b0)
mem[X,0x0000000080002D66] -> 0x0113
mem[X,0x0000000080002D68] -> 0x0011
[1156] [M]: 0x0000000080002D66 (0x00110113) addi x2, x2, 0x1                        inst_142+16
x2 <- 0x01FDDB7D5BFDDC8A

mem[X,0x0000000080002D6A] -> 0x006F
mem[X,0x0000000080002D6C] -> 0x0B40
[1157] [M]: 0x0000000080002D6A (0x0B40006F) jal x0, 0xb4                            inst_142+20

clint mtime 0x0000000000000243 (mip.MTI <- 0b1, mip.STI <- 0b0)
mem[X,0x0000000080002E1E] -> 0xB823
mem[X,0x0000000080002E20] -> 0x4620
[1158] [M]: 0x0000000080002E1E (0x4620B823) sd x2, 0x470(x1)                        inst_142+200
mem[W,0x0000000080006588] <- 0x01FDDB7D5BFDDC8A

mem[X,0x0000000080002E22] -> 0x0513
mem[X,0x0000000080002E24] -> 0x0010
[1159] [M]: 0x0000000080002E22 (0x00100513) addi x10, x0, 0x1                       inst_143+0
x10 <- 0x0000000000000001

clint mtime 0x0000000000000244 (mip.MTI <- 0b1, mip.STI <- 0b0)
mem[X,0x0000000080002E26] -> 0x1513
mem[X,0x0000000080002E28] -> 0x0315
[1160] [M]: 0x0000000080002E26 (0x03151513) slli x10, x10, 0x31                     inst_143+4
x10 <- 0x0002000000000000

mem[X,0x0000000080002E2A] -> 0x4513
mem[X,0x0000000080002E2C] -> 0xFFF5
[1161] [M]: 0x0000000080002E2A (0xFFF54513) xori x10, x10, -0x1                     inst_143+8
x10 <- 0xFFFDFFFFFFFFFFFF

clint mtime 0x0000000000000245 (mip.MTI <- 0b1, mip.STI <- 0b0)
mem[X,0x0000000080002E2E] -> 0xA031
[1162] [M]: 0x0000000080002E2E (0xA031) c.j 0xc                                     inst_143+12

mem[X,0x0000000080002E3A] -> 0xED3D
[1163] [M]: 0x0000000080002E3A (0xED3D) c.bnez x10, 0x7e                            inst_143+24

clint mtime 0x0000000000000246 (mip.MTI <- 0b1, mip.STI <- 0b0)
mem[X,0x0000000080002EB8] -> 0x010D
[1164] [M]: 0x0000000080002EB8 (0x010D) c.addi x2, 0x3                              inst_143+150
x2 <- 0x01FDDB7D5BFDDC8D

mem[X,0x0000000080002EBA] -> 0xBC23
mem[X,0x0000000080002EBC] -> 0x4620
[1165] [M]: 0x0000000080002EBA (0x4620BC23) sd x2, 0x478(x1)                        inst_143+152
mem[W,0x0000000080006590] <- 0x01FDDB7D5BFDDC8D

clint mtime 0x0000000000000247 (mip.MTI <- 0b1, mip.STI <- 0b0)
mem[X,0x0000000080002EBE] -> 0x0513
mem[X,0x0000000080002EC0] -> 0x0010
[1166] [M]: 0x0000000080002EBE (0x00100513) addi x10, x0, 0x1                       inst_144+0
x10 <- 0x0000000000000001

mem[X,0x0000000080002EC2] -> 0x1513
mem[X,0x0000000080002EC4] -> 0x0325
[1167] [M]: 0x0000000080002EC2 (0x03251513) slli x10, x10, 0x32                     inst_144+4
x10 <- 0x0004000000000000

clint mtime 0x0000000000000248 (mip.MTI <- 0b1, mip.STI <- 0b0)
mem[X,0x0000000080002EC6] -> 0x4513
mem[X,0x0000000080002EC8] -> 0xFFF5
[1168] [M]: 0x0000000080002EC6 (0xFFF54513) xori x10, x10, -0x1                     inst_144+8
x10 <- 0xFFFBFFFFFFFFFFFF

mem[X,0x0000000080002ECA] -> 0xA059
[1169] [M]: 0x0000000080002ECA (0xA059) c.j 0x86                                    inst_144+12

clint mtime 0x0000000000000249 (mip.MTI <- 0b1, mip.STI <- 0b0)
mem[X,0x0000000080002F50] -> 0xFD3D
[1170] [M]: 0x0000000080002F50 (0xFD3D) c.bnez x10, -0x82                           inst_144+146

mem[X,0x0000000080002ECE] -> 0x0113
mem[X,0x0000000080002ED0] -> 0x0011
[1171] [M]: 0x0000000080002ECE (0x00110113) addi x2, x2, 0x1                        inst_144+16
x2 <- 0x01FDDB7D5BFDDC8E

clint mtime 0x000000000000024A (mip.MTI <- 0b1, mip.STI <- 0b0)
mem[X,0x0000000080002ED2] -> 0x006F
mem[X,0x0000000080002ED4] -> 0x08A0
[1172] [M]: 0x0000000080002ED2 (0x08A0006F) jal x0, 0x8a                            inst_144+20

mem[X,0x0000000080002F5C] -> 0xB023
mem[X,0x0000000080002F5E] -> 0x4820
[1173] [M]: 0x0000000080002F5C (0x4820B023) sd x2, 0x480(x1)                        inst_144+158
mem[W,0x0000000080006598] <- 0x01FDDB7D5BFDDC8E

clint mtime 0x000000000000024B (mip.MTI <- 0b1, mip.STI <- 0b0)
mem[X,0x0000000080002F60] -> 0x0513
mem[X,0x0000000080002F62] -> 0x0010
[1174] [M]: 0x0000000080002F60 (0x00100513) addi x10, x0, 0x1                       inst_145+0
x10 <- 0x0000000000000001

mem[X,0x0000000080002F64] -> 0x1513
mem[X,0x0000000080002F66] -> 0x0335
[1175] [M]: 0x0000000080002F64 (0x03351513) slli x10, x10, 0x33                     inst_145+4
x10 <- 0x0008000000000000

clint mtime 0x000000000000024C (mip.MTI <- 0b1, mip.STI <- 0b0)
mem[X,0x0000000080002F68] -> 0x4513
mem[X,0x0000000080002F6A] -> 0xFFF5
[1176] [M]: 0x0000000080002F68 (0xFFF54513) xori x10, x10, -0x1                     inst_145+8
x10 <- 0xFFF7FFFFFFFFFFFF

mem[X,0x0000000080002F6C] -> 0xA031
[1177] [M]: 0x0000000080002F6C (0xA031) c.j 0xc                                     inst_145+12

clint mtime 0x000000000000024D (mip.MTI <- 0b1, mip.STI <- 0b0)
mem[X,0x0000000080002F78] -> 0xE509
[1178] [M]: 0x0000000080002F78 (0xE509) c.bnez x10, 0xa                             inst_145+24

mem[X,0x0000000080002F82] -> 0x010D
[1179] [M]: 0x0000000080002F82 (0x010D) c.addi x2, 0x3                              inst_145+34
x2 <- 0x01FDDB7D5BFDDC91

clint mtime 0x000000000000024E (mip.MTI <- 0b1, mip.STI <- 0b0)
mem[X,0x0000000080002F84] -> 0xB423
mem[X,0x0000000080002F86] -> 0x4820
[1180] [M]: 0x0000000080002F84 (0x4820B423) sd x2, 0x488(x1)                        inst_145+36
mem[W,0x00000000800065A0] <- 0x01FDDB7D5BFDDC91

mem[X,0x0000000080002F88] -> 0x0513
mem[X,0x0000000080002F8A] -> 0x0010
[1181] [M]: 0x0000000080002F88 (0x00100513) addi x10, x0, 0x1                       inst_146+0
x10 <- 0x0000000000000001

clint mtime 0x000000000000024F (mip.MTI <- 0b1, mip.STI <- 0b0)
mem[X,0x0000000080002F8C] -> 0x1513
mem[X,0x0000000080002F8E] -> 0x0345
[1182] [M]: 0x0000000080002F8C (0x03451513) slli x10, x10, 0x34                     inst_146+4
x10 <- 0x0010000000000000

mem[X,0x0000000080002F90] -> 0x4513
mem[X,0x0000000080002F92] -> 0xFFF5
[1183] [M]: 0x0000000080002F90 (0xFFF54513) xori x10, x10, -0x1                     inst_146+8
x10 <- 0xFFEFFFFFFFFFFFFF

clint mtime 0x0000000000000250 (mip.MTI <- 0b1, mip.STI <- 0b0)
mem[X,0x0000000080002F94] -> 0xA031
[1184] [M]: 0x0000000080002F94 (0xA031) c.j 0xc                                     inst_146+12

mem[X,0x0000000080002FA0] -> 0xE909
[1185] [M]: 0x0000000080002FA0 (0xE909) c.bnez x10, 0x12                            inst_146+24

clint mtime 0x0000000000000251 (mip.MTI <- 0b1, mip.STI <- 0b0)
mem[X,0x0000000080002FB2] -> 0x010D
[1186] [M]: 0x0000000080002FB2 (0x010D) c.addi x2, 0x3                              inst_146+42
x2 <- 0x01FDDB7D5BFDDC94

mem[X,0x0000000080002FB4] -> 0xB823
mem[X,0x0000000080002FB6] -> 0x4820
[1187] [M]: 0x0000000080002FB4 (0x4820B823) sd x2, 0x490(x1)                        inst_146+44
mem[W,0x00000000800065A8] <- 0x01FDDB7D5BFDDC94

clint mtime 0x0000000000000252 (mip.MTI <- 0b1, mip.STI <- 0b0)
mem[X,0x0000000080002FB8] -> 0x0513
mem[X,0x0000000080002FBA] -> 0x0010
[1188] [M]: 0x0000000080002FB8 (0x00100513) addi x10, x0, 0x1                       inst_147+0
x10 <- 0x0000000000000001

mem[X,0x0000000080002FBC] -> 0x1513
mem[X,0x0000000080002FBE] -> 0x0355
[1189] [M]: 0x0000000080002FBC (0x03551513) slli x10, x10, 0x35                     inst_147+4
x10 <- 0x0020000000000000

clint mtime 0x0000000000000253 (mip.MTI <- 0b1, mip.STI <- 0b0)
mem[X,0x0000000080002FC0] -> 0x4513
mem[X,0x0000000080002FC2] -> 0xFFF5
[1190] [M]: 0x0000000080002FC0 (0xFFF54513) xori x10, x10, -0x1                     inst_147+8
x10 <- 0xFFDFFFFFFFFFFFFF

mem[X,0x0000000080002FC4] -> 0xA031
[1191] [M]: 0x0000000080002FC4 (0xA031) c.j 0xc                                     inst_147+12

clint mtime 0x0000000000000254 (mip.MTI <- 0b1, mip.STI <- 0b0)
mem[X,0x0000000080002FD0] -> 0xE509
[1192] [M]: 0x0000000080002FD0 (0xE509) c.bnez x10, 0xa                             inst_147+24

mem[X,0x0000000080002FDA] -> 0x010D
[1193] [M]: 0x0000000080002FDA (0x010D) c.addi x2, 0x3                              inst_147+34
x2 <- 0x01FDDB7D5BFDDC97

clint mtime 0x0000000000000255 (mip.MTI <- 0b1, mip.STI <- 0b0)
mem[X,0x0000000080002FDC] -> 0xBC23
mem[X,0x0000000080002FDE] -> 0x4820
[1194] [M]: 0x0000000080002FDC (0x4820BC23) sd x2, 0x498(x1)                        inst_147+36
mem[W,0x00000000800065B0] <- 0x01FDDB7D5BFDDC97

mem[X,0x0000000080002FE0] -> 0x0513
mem[X,0x0000000080002FE2] -> 0x0010
[1195] [M]: 0x0000000080002FE0 (0x00100513) addi x10, x0, 0x1                       inst_148+0
x10 <- 0x0000000000000001

clint mtime 0x0000000000000256 (mip.MTI <- 0b1, mip.STI <- 0b0)
mem[X,0x0000000080002FE4] -> 0x1513
mem[X,0x0000000080002FE6] -> 0x0365
[1196] [M]: 0x0000000080002FE4 (0x03651513) slli x10, x10, 0x36                     inst_148+4
x10 <- 0x0040000000000000

mem[X,0x0000000080002FE8] -> 0x4513
mem[X,0x0000000080002FEA] -> 0xFFF5
[1197] [M]: 0x0000000080002FE8 (0xFFF54513) xori x10, x10, -0x1                     inst_148+8
x10 <- 0xFFBFFFFFFFFFFFFF

clint mtime 0x0000000000000257 (mip.MTI <- 0b1, mip.STI <- 0b0)
mem[X,0x0000000080002FEC] -> 0xA031
[1198] [M]: 0x0000000080002FEC (0xA031) c.j 0xc                                     inst_148+12

mem[X,0x0000000080002FF8] -> 0xE509
[1199] [M]: 0x0000000080002FF8 (0xE509) c.bnez x10, 0xa                             inst_148+24

clint mtime 0x0000000000000258 (mip.MTI <- 0b1, mip.STI <- 0b0)
mem[X,0x0000000080003002] -> 0x010D
[1200] [M]: 0x0000000080003002 (0x010D) c.addi x2, 0x3                              inst_148+34
x2 <- 0x01FDDB7D5BFDDC9A

mem[X,0x0000000080003004] -> 0xB023
mem[X,0x0000000080003006] -> 0x4A20
[1201] [M]: 0x0000000080003004 (0x4A20B023) sd x2, 0x4a0(x1)                        inst_148+36
mem[W,0x00000000800065B8] <- 0x01FDDB7D5BFDDC9A

clint mtime 0x0000000000000259 (mip.MTI <- 0b1, mip.STI <- 0b0)
mem[X,0x0000000080003008] -> 0x006F
mem[X,0x000000008000300A] -> 0x0380
[1202] [M]: 0x0000000080003008 (0x0380006F) jal x0, 0x38                            rvtest_code_end+0

mem[X,0x0000000080003040] -> 0x4085
[1203] [M]: 0x0000000080003040 (0x4085) c.li x1, 0x1                                exit_cleanup+0
x1 <- 0x0000000000000001

clint mtime 0x000000000000025A (mip.MTI <- 0b1, mip.STI <- 0b0)
mem[X,0x0000000080003042] -> 0x1397
mem[X,0x0000000080003044] -> 0x0000
[1204] [M]: 0x0000000080003042 (0x00001397) auipc x7, 0x1                           exit_cleanup+2
x7 <- 0x0000000080004042

mem[X,0x0000000080003046] -> 0xAF23
mem[X,0x0000000080003048] -> 0xFA13
[1205] [M]: 0x0000000080003046 (0xFA13AF23) sw x1, -0x42(x7)                        exit_cleanup+6
htif[0x0000000080004000] <- 0x00000001
mem[W,0x0000000080004000] <- 0x00000001

clint mtime 0x000000000000025B (mip.MTI <- 0b1, mip.STI <- 0b0)
mem[X,0x000000008000304A] -> 0xBFE5
[1206] [M]: 0x000000008000304A (0xBFE5) c.j -0x8                                    exit_cleanup+10

mem[X,0x0000000080003042] -> 0x1397
mem[X,0x0000000080003044] -> 0x0000
[1207] [M]: 0x0000000080003042 (0x00001397) auipc x7, 0x1                           exit_cleanup+2
x7 <- 0x0000000080004042

clint mtime 0x000000000000025C (mip.MTI <- 0b1, mip.STI <- 0b0)
mem[X,0x0000000080003046] -> 0xAF23
mem[X,0x0000000080003048] -> 0xFA13
[1208] [M]: 0x0000000080003046 (0xFA13AF23) sw x1, -0x42(x7)                        exit_cleanup+6
htif[0x0000000080004000] <- 0x00000001
mem[W,0x0000000080004000] <- 0x00000001

mem[X,0x000000008000304A] -> 0xBFE5
[1209] [M]: 0x000000008000304A (0xBFE5) c.j -0x8                                    exit_cleanup+10

clint mtime 0x000000000000025D (mip.MTI <- 0b1, mip.STI <- 0b0)
mem[X,0x0000000080003042] -> 0x1397
mem[X,0x0000000080003044] -> 0x0000
[1210] [M]: 0x0000000080003042 (0x00001397) auipc x7, 0x1                           exit_cleanup+2
x7 <- 0x0000000080004042

mem[X,0x0000000080003046] -> 0xAF23
mem[X,0x0000000080003048] -> 0xFA13
[1211] [M]: 0x0000000080003046 (0xFA13AF23) sw x1, -0x42(x7)                        exit_cleanup+6
htif[0x0000000080004000] <- 0x00000001
htif-syscall-proxy cmd: 0x000000000001
mem[W,0x0000000080004000] <- 0x00000001

SUCCESS
clint mtime 0x000000000000025E (mip.MTI <- 0b1, mip.STI <- 0b0)
