using /opt/riscv-arch-test/riscof-plugins/rv64/riscof_work/vm_sv39/src/vm_reserved_rwx_pte_S_mode.S/ref/Reference-sail_c_simulator.signature for test-signature output.
setting signature-granularity to 8 bytes
HTIF located at 0x80003000
begin_signature: 0x80008110
end_signature: 0x80008920
Entry point: 0x80000000
CSR mstatus (0x300) <- 0x0000000A00000000
CSR misa (0x301) <- 0x800000000034112F
CSR mcause (0x342) <- 0x0000000000000000
x10 <- 0x0000000000000000
x11 <- 0x0000000000001000
mem[X,0x0000000080000000] -> 0x0013
mem[X,0x0000000080000002] -> 0x0000
[0] [M]: 0x0000000080000000 (0x00000013) addi x0, x0, 0x0                           rvtest_entry_point+0

mem[X,0x0000000080000004] -> 0x0013
mem[X,0x0000000080000006] -> 0x0000
[1] [M]: 0x0000000080000004 (0x00000013) addi x0, x0, 0x0                           rvtest_entry_point+4

clint mtime 0x0000000000000001 (mip.MTI <- 0b1, mip.STI <- 0b0)
mem[X,0x0000000080000008] -> 0x0013
mem[X,0x000000008000000A] -> 0x0000
[2] [M]: 0x0000000080000008 (0x00000013) addi x0, x0, 0x0                           rvtest_entry_point+8

mem[X,0x000000008000000C] -> 0x0013
mem[X,0x000000008000000E] -> 0x0000
[3] [M]: 0x000000008000000C (0x00000013) addi x0, x0, 0x0                           rvtest_entry_point+12

clint mtime 0x0000000000000002 (mip.MTI <- 0b1, mip.STI <- 0b0)
mem[X,0x0000000080000010] -> 0x0013
mem[X,0x0000000080000012] -> 0x0000
[4] [M]: 0x0000000080000010 (0x00000013) addi x0, x0, 0x0                           rvtest_entry_point+16

mem[X,0x0000000080000014] -> 0x0013
mem[X,0x0000000080000016] -> 0x0000
[5] [M]: 0x0000000080000014 (0x00000013) addi x0, x0, 0x0                           rvtest_entry_point+20

clint mtime 0x0000000000000003 (mip.MTI <- 0b1, mip.STI <- 0b0)
mem[X,0x0000000080000018] -> 0x0013
mem[X,0x000000008000001A] -> 0x0000
[6] [M]: 0x0000000080000018 (0x00000013) addi x0, x0, 0x0                           rvtest_entry_point+24

mem[X,0x000000008000001C] -> 0x0013
mem[X,0x000000008000001E] -> 0x0000
[7] [M]: 0x000000008000001C (0x00000013) addi x0, x0, 0x0                           rvtest_entry_point+28

clint mtime 0x0000000000000004 (mip.MTI <- 0b1, mip.STI <- 0b0)
mem[X,0x0000000080000020] -> 0x0013
mem[X,0x0000000080000022] -> 0x0000
[8] [M]: 0x0000000080000020 (0x00000013) addi x0, x0, 0x0                           rvtest_entry_point+32

mem[X,0x0000000080000024] -> 0x0013
mem[X,0x0000000080000026] -> 0x0000
[9] [M]: 0x0000000080000024 (0x00000013) addi x0, x0, 0x0                           rvtest_entry_point+36

clint mtime 0x0000000000000005 (mip.MTI <- 0b1, mip.STI <- 0b0)
mem[X,0x0000000080000028] -> 0x0013
mem[X,0x000000008000002A] -> 0x0000
[10] [M]: 0x0000000080000028 (0x00000013) addi x0, x0, 0x0                          rvtest_entry_point+40

mem[X,0x000000008000002C] -> 0x0013
mem[X,0x000000008000002E] -> 0x0000
[11] [M]: 0x000000008000002C (0x00000013) addi x0, x0, 0x0                          rvtest_entry_point+44

clint mtime 0x0000000000000006 (mip.MTI <- 0b1, mip.STI <- 0b0)
mem[X,0x0000000080000030] -> 0x0013
mem[X,0x0000000080000032] -> 0x0000
[12] [M]: 0x0000000080000030 (0x00000013) addi x0, x0, 0x0                          rvtest_entry_point+48

mem[X,0x0000000080000034] -> 0x0013
mem[X,0x0000000080000036] -> 0x0000
[13] [M]: 0x0000000080000034 (0x00000013) addi x0, x0, 0x0                          rvtest_entry_point+52

clint mtime 0x0000000000000007 (mip.MTI <- 0b1, mip.STI <- 0b0)
mem[X,0x0000000080000038] -> 0x0013
mem[X,0x000000008000003A] -> 0x0000
[14] [M]: 0x0000000080000038 (0x00000013) addi x0, x0, 0x0                          rvtest_entry_point+56

mem[X,0x000000008000003C] -> 0x0013
mem[X,0x000000008000003E] -> 0x0000
[15] [M]: 0x000000008000003C (0x00000013) addi x0, x0, 0x0                          rvtest_entry_point+60

clint mtime 0x0000000000000008 (mip.MTI <- 0b1, mip.STI <- 0b0)
mem[X,0x0000000080000040] -> 0x0013
mem[X,0x0000000080000042] -> 0x0000
[16] [M]: 0x0000000080000040 (0x00000013) addi x0, x0, 0x0                          rvtest_entry_point+64

mem[X,0x0000000080000044] -> 0x0013
mem[X,0x0000000080000046] -> 0x0000
[17] [M]: 0x0000000080000044 (0x00000013) addi x0, x0, 0x0                          rvtest_entry_point+68

clint mtime 0x0000000000000009 (mip.MTI <- 0b1, mip.STI <- 0b0)
mem[X,0x0000000080000048] -> 0x0013
mem[X,0x000000008000004A] -> 0x0000
[18] [M]: 0x0000000080000048 (0x00000013) addi x0, x0, 0x0                          rvtest_entry_point+72

mem[X,0x000000008000004C] -> 0x0013
mem[X,0x000000008000004E] -> 0x0000
[19] [M]: 0x000000008000004C (0x00000013) addi x0, x0, 0x0                          rvtest_entry_point+76

clint mtime 0x000000000000000A (mip.MTI <- 0b1, mip.STI <- 0b0)
mem[X,0x0000000080000050] -> 0x0013
mem[X,0x0000000080000052] -> 0x0000
[20] [M]: 0x0000000080000050 (0x00000013) addi x0, x0, 0x0                          rvtest_entry_point+80

mem[X,0x0000000080000054] -> 0x0013
mem[X,0x0000000080000056] -> 0x0000
[21] [M]: 0x0000000080000054 (0x00000013) addi x0, x0, 0x0                          rvtest_entry_point+84

clint mtime 0x000000000000000B (mip.MTI <- 0b1, mip.STI <- 0b0)
mem[X,0x0000000080000058] -> 0x0013
mem[X,0x000000008000005A] -> 0x0000
[22] [M]: 0x0000000080000058 (0x00000013) addi x0, x0, 0x0                          rvtest_entry_point+88

mem[X,0x000000008000005C] -> 0x0013
mem[X,0x000000008000005E] -> 0x0000
[23] [M]: 0x000000008000005C (0x00000013) addi x0, x0, 0x0                          rvtest_entry_point+92

clint mtime 0x000000000000000C (mip.MTI <- 0b1, mip.STI <- 0b0)
mem[X,0x0000000080000060] -> 0x0013
mem[X,0x0000000080000062] -> 0x0000
[24] [M]: 0x0000000080000060 (0x00000013) addi x0, x0, 0x0                          rvtest_entry_point+96

mem[X,0x0000000080000064] -> 0x0013
mem[X,0x0000000080000066] -> 0x0000
[25] [M]: 0x0000000080000064 (0x00000013) addi x0, x0, 0x0                          rvtest_entry_point+100

clint mtime 0x000000000000000D (mip.MTI <- 0b1, mip.STI <- 0b0)
mem[X,0x0000000080000068] -> 0x0013
mem[X,0x000000008000006A] -> 0x0000
[26] [M]: 0x0000000080000068 (0x00000013) addi x0, x0, 0x0                          rvtest_entry_point+104

mem[X,0x000000008000006C] -> 0x0013
mem[X,0x000000008000006E] -> 0x0000
[27] [M]: 0x000000008000006C (0x00000013) addi x0, x0, 0x0                          rvtest_entry_point+108

clint mtime 0x000000000000000E (mip.MTI <- 0b1, mip.STI <- 0b0)
mem[X,0x0000000080000070] -> 0x0013
mem[X,0x0000000080000072] -> 0x0000
[28] [M]: 0x0000000080000070 (0x00000013) addi x0, x0, 0x0                          rvtest_entry_point+112

mem[X,0x0000000080000074] -> 0x0013
mem[X,0x0000000080000076] -> 0x0000
[29] [M]: 0x0000000080000074 (0x00000013) addi x0, x0, 0x0                          rvtest_entry_point+116

clint mtime 0x000000000000000F (mip.MTI <- 0b1, mip.STI <- 0b0)
mem[X,0x0000000080000078] -> 0x0013
mem[X,0x000000008000007A] -> 0x0000
[30] [M]: 0x0000000080000078 (0x00000013) addi x0, x0, 0x0                          rvtest_entry_point+120

mem[X,0x000000008000007C] -> 0x0013
mem[X,0x000000008000007E] -> 0x0000
[31] [M]: 0x000000008000007C (0x00000013) addi x0, x0, 0x0                          rvtest_entry_point+124

clint mtime 0x0000000000000010 (mip.MTI <- 0b1, mip.STI <- 0b0)
mem[X,0x0000000080000080] -> 0x0013
mem[X,0x0000000080000082] -> 0x0000
[32] [M]: 0x0000000080000080 (0x00000013) addi x0, x0, 0x0                          rvtest_entry_point+128

mem[X,0x0000000080000084] -> 0x0013
mem[X,0x0000000080000086] -> 0x0000
[33] [M]: 0x0000000080000084 (0x00000013) addi x0, x0, 0x0                          rvtest_entry_point+132

clint mtime 0x0000000000000011 (mip.MTI <- 0b1, mip.STI <- 0b0)
mem[X,0x0000000080000088] -> 0x0013
mem[X,0x000000008000008A] -> 0x0000
[34] [M]: 0x0000000080000088 (0x00000013) addi x0, x0, 0x0                          rvtest_entry_point+136

mem[X,0x000000008000008C] -> 0x0013
mem[X,0x000000008000008E] -> 0x0000
[35] [M]: 0x000000008000008C (0x00000013) addi x0, x0, 0x0                          rvtest_entry_point+140

clint mtime 0x0000000000000012 (mip.MTI <- 0b1, mip.STI <- 0b0)
mem[X,0x0000000080000090] -> 0x0013
mem[X,0x0000000080000092] -> 0x0000
[36] [M]: 0x0000000080000090 (0x00000013) addi x0, x0, 0x0                          rvtest_entry_point+144

mem[X,0x0000000080000094] -> 0x0013
mem[X,0x0000000080000096] -> 0x0000
[37] [M]: 0x0000000080000094 (0x00000013) addi x0, x0, 0x0                          rvtest_entry_point+148

clint mtime 0x0000000000000013 (mip.MTI <- 0b1, mip.STI <- 0b0)
mem[X,0x0000000080000098] -> 0x0013
mem[X,0x000000008000009A] -> 0x0000
[38] [M]: 0x0000000080000098 (0x00000013) addi x0, x0, 0x0                          rvtest_entry_point+152

mem[X,0x000000008000009C] -> 0x0013
mem[X,0x000000008000009E] -> 0x0000
[39] [M]: 0x000000008000009C (0x00000013) addi x0, x0, 0x0                          rvtest_entry_point+156

clint mtime 0x0000000000000014 (mip.MTI <- 0b1, mip.STI <- 0b0)
mem[X,0x00000000800000A0] -> 0x0013
mem[X,0x00000000800000A2] -> 0x0000
[40] [M]: 0x00000000800000A0 (0x00000013) addi x0, x0, 0x0                          rvtest_entry_point+160

mem[X,0x00000000800000A4] -> 0x0013
mem[X,0x00000000800000A6] -> 0x0000
[41] [M]: 0x00000000800000A4 (0x00000013) addi x0, x0, 0x0                          rvtest_entry_point+164

clint mtime 0x0000000000000015 (mip.MTI <- 0b1, mip.STI <- 0b0)
mem[X,0x00000000800000A8] -> 0x0013
mem[X,0x00000000800000AA] -> 0x0000
[42] [M]: 0x00000000800000A8 (0x00000013) addi x0, x0, 0x0                          rvtest_entry_point+168

mem[X,0x00000000800000AC] -> 0x0013
mem[X,0x00000000800000AE] -> 0x0000
[43] [M]: 0x00000000800000AC (0x00000013) addi x0, x0, 0x0                          rvtest_entry_point+172

clint mtime 0x0000000000000016 (mip.MTI <- 0b1, mip.STI <- 0b0)
mem[X,0x00000000800000B0] -> 0x0013
mem[X,0x00000000800000B2] -> 0x0000
[44] [M]: 0x00000000800000B0 (0x00000013) addi x0, x0, 0x0                          rvtest_entry_point+176

mem[X,0x00000000800000B4] -> 0x0013
mem[X,0x00000000800000B6] -> 0x0000
[45] [M]: 0x00000000800000B4 (0x00000013) addi x0, x0, 0x0                          rvtest_entry_point+180

clint mtime 0x0000000000000017 (mip.MTI <- 0b1, mip.STI <- 0b0)
mem[X,0x00000000800000B8] -> 0x0013
mem[X,0x00000000800000BA] -> 0x0000
[46] [M]: 0x00000000800000B8 (0x00000013) addi x0, x0, 0x0                          rvtest_entry_point+184

mem[X,0x00000000800000BC] -> 0x0013
mem[X,0x00000000800000BE] -> 0x0000
[47] [M]: 0x00000000800000BC (0x00000013) addi x0, x0, 0x0                          rvtest_entry_point+188

clint mtime 0x0000000000000018 (mip.MTI <- 0b1, mip.STI <- 0b0)
mem[X,0x00000000800000C0] -> 0x0013
mem[X,0x00000000800000C2] -> 0x0000
[48] [M]: 0x00000000800000C0 (0x00000013) addi x0, x0, 0x0                          rvtest_entry_point+192

mem[X,0x00000000800000C4] -> 0x0013
mem[X,0x00000000800000C6] -> 0x0000
[49] [M]: 0x00000000800000C4 (0x00000013) addi x0, x0, 0x0                          rvtest_entry_point+196

clint mtime 0x0000000000000019 (mip.MTI <- 0b1, mip.STI <- 0b0)
mem[X,0x00000000800000C8] -> 0x0013
mem[X,0x00000000800000CA] -> 0x0000
[50] [M]: 0x00000000800000C8 (0x00000013) addi x0, x0, 0x0                          rvtest_entry_point+200

mem[X,0x00000000800000CC] -> 0x0013
mem[X,0x00000000800000CE] -> 0x0000
[51] [M]: 0x00000000800000CC (0x00000013) addi x0, x0, 0x0                          rvtest_entry_point+204

clint mtime 0x000000000000001A (mip.MTI <- 0b1, mip.STI <- 0b0)
mem[X,0x00000000800000D0] -> 0x0013
mem[X,0x00000000800000D2] -> 0x0000
[52] [M]: 0x00000000800000D0 (0x00000013) addi x0, x0, 0x0                          rvtest_entry_point+208

mem[X,0x00000000800000D4] -> 0x0013
mem[X,0x00000000800000D6] -> 0x0000
[53] [M]: 0x00000000800000D4 (0x00000013) addi x0, x0, 0x0                          rvtest_entry_point+212

clint mtime 0x000000000000001B (mip.MTI <- 0b1, mip.STI <- 0b0)
mem[X,0x00000000800000D8] -> 0x0013
mem[X,0x00000000800000DA] -> 0x0000
[54] [M]: 0x00000000800000D8 (0x00000013) addi x0, x0, 0x0                          rvtest_entry_point+216

mem[X,0x00000000800000DC] -> 0x0013
mem[X,0x00000000800000DE] -> 0x0000
[55] [M]: 0x00000000800000DC (0x00000013) addi x0, x0, 0x0                          rvtest_entry_point+220

clint mtime 0x000000000000001C (mip.MTI <- 0b1, mip.STI <- 0b0)
mem[X,0x00000000800000E0] -> 0x0013
mem[X,0x00000000800000E2] -> 0x0000
[56] [M]: 0x00000000800000E0 (0x00000013) addi x0, x0, 0x0                          rvtest_entry_point+224

mem[X,0x00000000800000E4] -> 0x0013
mem[X,0x00000000800000E6] -> 0x0000
[57] [M]: 0x00000000800000E4 (0x00000013) addi x0, x0, 0x0                          rvtest_entry_point+228

clint mtime 0x000000000000001D (mip.MTI <- 0b1, mip.STI <- 0b0)
mem[X,0x00000000800000E8] -> 0x0013
mem[X,0x00000000800000EA] -> 0x0000
[58] [M]: 0x00000000800000E8 (0x00000013) addi x0, x0, 0x0                          rvtest_entry_point+232

mem[X,0x00000000800000EC] -> 0x0013
mem[X,0x00000000800000EE] -> 0x0000
[59] [M]: 0x00000000800000EC (0x00000013) addi x0, x0, 0x0                          rvtest_entry_point+236

clint mtime 0x000000000000001E (mip.MTI <- 0b1, mip.STI <- 0b0)
mem[X,0x00000000800000F0] -> 0x0013
mem[X,0x00000000800000F2] -> 0x0000
[60] [M]: 0x00000000800000F0 (0x00000013) addi x0, x0, 0x0                          rvtest_entry_point+240

mem[X,0x00000000800000F4] -> 0x0013
mem[X,0x00000000800000F6] -> 0x0000
[61] [M]: 0x00000000800000F4 (0x00000013) addi x0, x0, 0x0                          rvtest_entry_point+244

clint mtime 0x000000000000001F (mip.MTI <- 0b1, mip.STI <- 0b0)
mem[X,0x00000000800000F8] -> 0x0013
mem[X,0x00000000800000FA] -> 0x0000
[62] [M]: 0x00000000800000F8 (0x00000013) addi x0, x0, 0x0                          rvtest_entry_point+248

mem[X,0x00000000800000FC] -> 0x0013
mem[X,0x00000000800000FE] -> 0x0000
[63] [M]: 0x00000000800000FC (0x00000013) addi x0, x0, 0x0                          rvtest_entry_point+252

clint mtime 0x0000000000000020 (mip.MTI <- 0b1, mip.STI <- 0b0)
mem[X,0x0000000080000100] -> 0x0013
mem[X,0x0000000080000102] -> 0x0000
[64] [M]: 0x0000000080000100 (0x00000013) addi x0, x0, 0x0                          rvtest_entry_point+256

mem[X,0x0000000080000104] -> 0x0013
mem[X,0x0000000080000106] -> 0x0000
[65] [M]: 0x0000000080000104 (0x00000013) addi x0, x0, 0x0                          rvtest_entry_point+260

clint mtime 0x0000000000000021 (mip.MTI <- 0b1, mip.STI <- 0b0)
mem[X,0x0000000080000108] -> 0x0013
mem[X,0x000000008000010A] -> 0x0000
[66] [M]: 0x0000000080000108 (0x00000013) addi x0, x0, 0x0                          rvtest_entry_point+264

mem[X,0x000000008000010C] -> 0x0013
mem[X,0x000000008000010E] -> 0x0000
[67] [M]: 0x000000008000010C (0x00000013) addi x0, x0, 0x0                          rvtest_entry_point+268

clint mtime 0x0000000000000022 (mip.MTI <- 0b1, mip.STI <- 0b0)
mem[X,0x0000000080000110] -> 0x0013
mem[X,0x0000000080000112] -> 0x0000
[68] [M]: 0x0000000080000110 (0x00000013) addi x0, x0, 0x0                          rvtest_entry_point+272

mem[X,0x0000000080000114] -> 0x0013
mem[X,0x0000000080000116] -> 0x0000
[69] [M]: 0x0000000080000114 (0x00000013) addi x0, x0, 0x0                          rvtest_entry_point+276

clint mtime 0x0000000000000023 (mip.MTI <- 0b1, mip.STI <- 0b0)
mem[X,0x0000000080000118] -> 0x0013
mem[X,0x000000008000011A] -> 0x0000
[70] [M]: 0x0000000080000118 (0x00000013) addi x0, x0, 0x0                          rvtest_entry_point+280

mem[X,0x000000008000011C] -> 0x0013
mem[X,0x000000008000011E] -> 0x0000
[71] [M]: 0x000000008000011C (0x00000013) addi x0, x0, 0x0                          rvtest_entry_point+284

clint mtime 0x0000000000000024 (mip.MTI <- 0b1, mip.STI <- 0b0)
mem[X,0x0000000080000120] -> 0x0013
mem[X,0x0000000080000122] -> 0x0000
[72] [M]: 0x0000000080000120 (0x00000013) addi x0, x0, 0x0                          rvtest_entry_point+288

mem[X,0x0000000080000124] -> 0x0013
mem[X,0x0000000080000126] -> 0x0000
[73] [M]: 0x0000000080000124 (0x00000013) addi x0, x0, 0x0                          rvtest_entry_point+292

clint mtime 0x0000000000000025 (mip.MTI <- 0b1, mip.STI <- 0b0)
mem[X,0x0000000080000128] -> 0x0013
mem[X,0x000000008000012A] -> 0x0000
[74] [M]: 0x0000000080000128 (0x00000013) addi x0, x0, 0x0                          rvtest_entry_point+296

mem[X,0x000000008000012C] -> 0x0013
mem[X,0x000000008000012E] -> 0x0000
[75] [M]: 0x000000008000012C (0x00000013) addi x0, x0, 0x0                          rvtest_entry_point+300

clint mtime 0x0000000000000026 (mip.MTI <- 0b1, mip.STI <- 0b0)
mem[X,0x0000000080000130] -> 0x0013
mem[X,0x0000000080000132] -> 0x0000
[76] [M]: 0x0000000080000130 (0x00000013) addi x0, x0, 0x0                          rvtest_entry_point+304

mem[X,0x0000000080000134] -> 0x0013
mem[X,0x0000000080000136] -> 0x0000
[77] [M]: 0x0000000080000134 (0x00000013) addi x0, x0, 0x0                          rvtest_entry_point+308

clint mtime 0x0000000000000027 (mip.MTI <- 0b1, mip.STI <- 0b0)
mem[X,0x0000000080000138] -> 0x0013
mem[X,0x000000008000013A] -> 0x0000
[78] [M]: 0x0000000080000138 (0x00000013) addi x0, x0, 0x0                          rvtest_entry_point+312

mem[X,0x000000008000013C] -> 0x0013
mem[X,0x000000008000013E] -> 0x0000
[79] [M]: 0x000000008000013C (0x00000013) addi x0, x0, 0x0                          rvtest_entry_point+316

clint mtime 0x0000000000000028 (mip.MTI <- 0b1, mip.STI <- 0b0)
mem[X,0x0000000080000140] -> 0x0013
mem[X,0x0000000080000142] -> 0x0000
[80] [M]: 0x0000000080000140 (0x00000013) addi x0, x0, 0x0                          rvtest_entry_point+320

mem[X,0x0000000080000144] -> 0x0013
mem[X,0x0000000080000146] -> 0x0000
[81] [M]: 0x0000000080000144 (0x00000013) addi x0, x0, 0x0                          rvtest_entry_point+324

clint mtime 0x0000000000000029 (mip.MTI <- 0b1, mip.STI <- 0b0)
mem[X,0x0000000080000148] -> 0x0013
mem[X,0x000000008000014A] -> 0x0000
[82] [M]: 0x0000000080000148 (0x00000013) addi x0, x0, 0x0                          rvtest_entry_point+328

mem[X,0x000000008000014C] -> 0x0013
mem[X,0x000000008000014E] -> 0x0000
[83] [M]: 0x000000008000014C (0x00000013) addi x0, x0, 0x0                          rvtest_entry_point+332

clint mtime 0x000000000000002A (mip.MTI <- 0b1, mip.STI <- 0b0)
mem[X,0x0000000080000150] -> 0x0013
mem[X,0x0000000080000152] -> 0x0000
[84] [M]: 0x0000000080000150 (0x00000013) addi x0, x0, 0x0                          rvtest_entry_point+336

mem[X,0x0000000080000154] -> 0x0013
mem[X,0x0000000080000156] -> 0x0000
[85] [M]: 0x0000000080000154 (0x00000013) addi x0, x0, 0x0                          rvtest_entry_point+340

clint mtime 0x000000000000002B (mip.MTI <- 0b1, mip.STI <- 0b0)
mem[X,0x0000000080000158] -> 0x0013
mem[X,0x000000008000015A] -> 0x0000
[86] [M]: 0x0000000080000158 (0x00000013) addi x0, x0, 0x0                          rvtest_entry_point+344

mem[X,0x000000008000015C] -> 0x0013
mem[X,0x000000008000015E] -> 0x0000
[87] [M]: 0x000000008000015C (0x00000013) addi x0, x0, 0x0                          rvtest_entry_point+348

clint mtime 0x000000000000002C (mip.MTI <- 0b1, mip.STI <- 0b0)
mem[X,0x0000000080000160] -> 0x0013
mem[X,0x0000000080000162] -> 0x0000
[88] [M]: 0x0000000080000160 (0x00000013) addi x0, x0, 0x0                          rvtest_entry_point+352

mem[X,0x0000000080000164] -> 0x0013
mem[X,0x0000000080000166] -> 0x0000
[89] [M]: 0x0000000080000164 (0x00000013) addi x0, x0, 0x0                          rvtest_entry_point+356

clint mtime 0x000000000000002D (mip.MTI <- 0b1, mip.STI <- 0b0)
mem[X,0x0000000080000168] -> 0x0013
mem[X,0x000000008000016A] -> 0x0000
[90] [M]: 0x0000000080000168 (0x00000013) addi x0, x0, 0x0                          rvtest_entry_point+360

mem[X,0x000000008000016C] -> 0x0013
mem[X,0x000000008000016E] -> 0x0000
[91] [M]: 0x000000008000016C (0x00000013) addi x0, x0, 0x0                          rvtest_entry_point+364

clint mtime 0x000000000000002E (mip.MTI <- 0b1, mip.STI <- 0b0)
mem[X,0x0000000080000170] -> 0x0013
mem[X,0x0000000080000172] -> 0x0000
[92] [M]: 0x0000000080000170 (0x00000013) addi x0, x0, 0x0                          rvtest_entry_point+368

mem[X,0x0000000080000174] -> 0x0013
mem[X,0x0000000080000176] -> 0x0000
[93] [M]: 0x0000000080000174 (0x00000013) addi x0, x0, 0x0                          rvtest_entry_point+372

clint mtime 0x000000000000002F (mip.MTI <- 0b1, mip.STI <- 0b0)
mem[X,0x0000000080000178] -> 0x0013
mem[X,0x000000008000017A] -> 0x0000
[94] [M]: 0x0000000080000178 (0x00000013) addi x0, x0, 0x0                          rvtest_entry_point+376

mem[X,0x000000008000017C] -> 0x0013
mem[X,0x000000008000017E] -> 0x0000
[95] [M]: 0x000000008000017C (0x00000013) addi x0, x0, 0x0                          rvtest_entry_point+380

clint mtime 0x0000000000000030 (mip.MTI <- 0b1, mip.STI <- 0b0)
mem[X,0x0000000080000180] -> 0x0013
mem[X,0x0000000080000182] -> 0x0000
[96] [M]: 0x0000000080000180 (0x00000013) addi x0, x0, 0x0                          rvtest_entry_point+384

mem[X,0x0000000080000184] -> 0x0013
mem[X,0x0000000080000186] -> 0x0000
[97] [M]: 0x0000000080000184 (0x00000013) addi x0, x0, 0x0                          rvtest_entry_point+388

clint mtime 0x0000000000000031 (mip.MTI <- 0b1, mip.STI <- 0b0)
mem[X,0x0000000080000188] -> 0x0013
mem[X,0x000000008000018A] -> 0x0000
[98] [M]: 0x0000000080000188 (0x00000013) addi x0, x0, 0x0                          rvtest_entry_point+392

mem[X,0x000000008000018C] -> 0x0013
mem[X,0x000000008000018E] -> 0x0000
[99] [M]: 0x000000008000018C (0x00000013) addi x0, x0, 0x0                          rvtest_entry_point+396

clint mtime 0x0000000000000032 (mip.MTI <- 0b1, mip.STI <- 0b0)
mem[X,0x0000000080000190] -> 0x0013
mem[X,0x0000000080000192] -> 0x0000
[100] [M]: 0x0000000080000190 (0x00000013) addi x0, x0, 0x0                         rvtest_entry_point+400

mem[X,0x0000000080000194] -> 0x0013
mem[X,0x0000000080000196] -> 0x0000
[101] [M]: 0x0000000080000194 (0x00000013) addi x0, x0, 0x0                         rvtest_entry_point+404

clint mtime 0x0000000000000033 (mip.MTI <- 0b1, mip.STI <- 0b0)
mem[X,0x0000000080000198] -> 0x0013
mem[X,0x000000008000019A] -> 0x0000
[102] [M]: 0x0000000080000198 (0x00000013) addi x0, x0, 0x0                         rvtest_entry_point+408

mem[X,0x000000008000019C] -> 0x0013
mem[X,0x000000008000019E] -> 0x0000
[103] [M]: 0x000000008000019C (0x00000013) addi x0, x0, 0x0                         rvtest_entry_point+412

clint mtime 0x0000000000000034 (mip.MTI <- 0b1, mip.STI <- 0b0)
mem[X,0x00000000800001A0] -> 0x0013
mem[X,0x00000000800001A2] -> 0x0000
[104] [M]: 0x00000000800001A0 (0x00000013) addi x0, x0, 0x0                         rvtest_entry_point+416

mem[X,0x00000000800001A4] -> 0x0013
mem[X,0x00000000800001A6] -> 0x0000
[105] [M]: 0x00000000800001A4 (0x00000013) addi x0, x0, 0x0                         rvtest_entry_point+420

clint mtime 0x0000000000000035 (mip.MTI <- 0b1, mip.STI <- 0b0)
mem[X,0x00000000800001A8] -> 0x0013
mem[X,0x00000000800001AA] -> 0x0000
[106] [M]: 0x00000000800001A8 (0x00000013) addi x0, x0, 0x0                         rvtest_entry_point+424

mem[X,0x00000000800001AC] -> 0x0013
mem[X,0x00000000800001AE] -> 0x0000
[107] [M]: 0x00000000800001AC (0x00000013) addi x0, x0, 0x0                         rvtest_entry_point+428

clint mtime 0x0000000000000036 (mip.MTI <- 0b1, mip.STI <- 0b0)
mem[X,0x00000000800001B0] -> 0x0013
mem[X,0x00000000800001B2] -> 0x0000
[108] [M]: 0x00000000800001B0 (0x00000013) addi x0, x0, 0x0                         rvtest_entry_point+432

mem[X,0x00000000800001B4] -> 0x0013
mem[X,0x00000000800001B6] -> 0x0000
[109] [M]: 0x00000000800001B4 (0x00000013) addi x0, x0, 0x0                         rvtest_entry_point+436

clint mtime 0x0000000000000037 (mip.MTI <- 0b1, mip.STI <- 0b0)
mem[X,0x00000000800001B8] -> 0x0013
mem[X,0x00000000800001BA] -> 0x0000
[110] [M]: 0x00000000800001B8 (0x00000013) addi x0, x0, 0x0                         rvtest_entry_point+440

mem[X,0x00000000800001BC] -> 0x0013
mem[X,0x00000000800001BE] -> 0x0000
[111] [M]: 0x00000000800001BC (0x00000013) addi x0, x0, 0x0                         rvtest_entry_point+444

clint mtime 0x0000000000000038 (mip.MTI <- 0b1, mip.STI <- 0b0)
mem[X,0x00000000800001C0] -> 0x0013
mem[X,0x00000000800001C2] -> 0x0000
[112] [M]: 0x00000000800001C0 (0x00000013) addi x0, x0, 0x0                         rvtest_entry_point+448

mem[X,0x00000000800001C4] -> 0x0013
mem[X,0x00000000800001C6] -> 0x0000
[113] [M]: 0x00000000800001C4 (0x00000013) addi x0, x0, 0x0                         rvtest_entry_point+452

clint mtime 0x0000000000000039 (mip.MTI <- 0b1, mip.STI <- 0b0)
mem[X,0x00000000800001C8] -> 0x0013
mem[X,0x00000000800001CA] -> 0x0000
[114] [M]: 0x00000000800001C8 (0x00000013) addi x0, x0, 0x0                         rvtest_entry_point+456

mem[X,0x00000000800001CC] -> 0x0013
mem[X,0x00000000800001CE] -> 0x0000
[115] [M]: 0x00000000800001CC (0x00000013) addi x0, x0, 0x0                         rvtest_entry_point+460

clint mtime 0x000000000000003A (mip.MTI <- 0b1, mip.STI <- 0b0)
mem[X,0x00000000800001D0] -> 0x0013
mem[X,0x00000000800001D2] -> 0x0000
[116] [M]: 0x00000000800001D0 (0x00000013) addi x0, x0, 0x0                         rvtest_entry_point+464

mem[X,0x00000000800001D4] -> 0x0013
mem[X,0x00000000800001D6] -> 0x0000
[117] [M]: 0x00000000800001D4 (0x00000013) addi x0, x0, 0x0                         rvtest_entry_point+468

clint mtime 0x000000000000003B (mip.MTI <- 0b1, mip.STI <- 0b0)
mem[X,0x00000000800001D8] -> 0x0013
mem[X,0x00000000800001DA] -> 0x0000
[118] [M]: 0x00000000800001D8 (0x00000013) addi x0, x0, 0x0                         rvtest_entry_point+472

mem[X,0x00000000800001DC] -> 0x0013
mem[X,0x00000000800001DE] -> 0x0000
[119] [M]: 0x00000000800001DC (0x00000013) addi x0, x0, 0x0                         rvtest_entry_point+476

clint mtime 0x000000000000003C (mip.MTI <- 0b1, mip.STI <- 0b0)
mem[X,0x00000000800001E0] -> 0x0013
mem[X,0x00000000800001E2] -> 0x0000
[120] [M]: 0x00000000800001E0 (0x00000013) addi x0, x0, 0x0                         rvtest_entry_point+480

mem[X,0x00000000800001E4] -> 0x0013
mem[X,0x00000000800001E6] -> 0x0000
[121] [M]: 0x00000000800001E4 (0x00000013) addi x0, x0, 0x0                         rvtest_entry_point+484

clint mtime 0x000000000000003D (mip.MTI <- 0b1, mip.STI <- 0b0)
mem[X,0x00000000800001E8] -> 0x0013
mem[X,0x00000000800001EA] -> 0x0000
[122] [M]: 0x00000000800001E8 (0x00000013) addi x0, x0, 0x0                         rvtest_entry_point+488

mem[X,0x00000000800001EC] -> 0x0013
mem[X,0x00000000800001EE] -> 0x0000
[123] [M]: 0x00000000800001EC (0x00000013) addi x0, x0, 0x0                         rvtest_entry_point+492

clint mtime 0x000000000000003E (mip.MTI <- 0b1, mip.STI <- 0b0)
mem[X,0x00000000800001F0] -> 0x0013
mem[X,0x00000000800001F2] -> 0x0000
[124] [M]: 0x00000000800001F0 (0x00000013) addi x0, x0, 0x0                         rvtest_entry_point+496

mem[X,0x00000000800001F4] -> 0x0013
mem[X,0x00000000800001F6] -> 0x0000
[125] [M]: 0x00000000800001F4 (0x00000013) addi x0, x0, 0x0                         rvtest_entry_point+500

clint mtime 0x000000000000003F (mip.MTI <- 0b1, mip.STI <- 0b0)
mem[X,0x00000000800001F8] -> 0x0013
mem[X,0x00000000800001FA] -> 0x0000
[126] [M]: 0x00000000800001F8 (0x00000013) addi x0, x0, 0x0                         rvtest_entry_point+504

mem[X,0x00000000800001FC] -> 0x0013
mem[X,0x00000000800001FE] -> 0x0000
[127] [M]: 0x00000000800001FC (0x00000013) addi x0, x0, 0x0                         rvtest_entry_point+508

clint mtime 0x0000000000000040 (mip.MTI <- 0b1, mip.STI <- 0b0)
mem[X,0x0000000080000200] -> 0x0013
mem[X,0x0000000080000202] -> 0x0000
[128] [M]: 0x0000000080000200 (0x00000013) addi x0, x0, 0x0                         rvtest_entry_point+512

mem[X,0x0000000080000204] -> 0x0013
mem[X,0x0000000080000206] -> 0x0000
[129] [M]: 0x0000000080000204 (0x00000013) addi x0, x0, 0x0                         rvtest_entry_point+516

clint mtime 0x0000000000000041 (mip.MTI <- 0b1, mip.STI <- 0b0)
mem[X,0x0000000080000208] -> 0x0013
mem[X,0x000000008000020A] -> 0x0000
[130] [M]: 0x0000000080000208 (0x00000013) addi x0, x0, 0x0                         rvtest_entry_point+520

mem[X,0x000000008000020C] -> 0x0013
mem[X,0x000000008000020E] -> 0x0000
[131] [M]: 0x000000008000020C (0x00000013) addi x0, x0, 0x0                         rvtest_entry_point+524

clint mtime 0x0000000000000042 (mip.MTI <- 0b1, mip.STI <- 0b0)
mem[X,0x0000000080000210] -> 0x0013
mem[X,0x0000000080000212] -> 0x0000
[132] [M]: 0x0000000080000210 (0x00000013) addi x0, x0, 0x0                         rvtest_entry_point+528

mem[X,0x0000000080000214] -> 0x0013
mem[X,0x0000000080000216] -> 0x0000
[133] [M]: 0x0000000080000214 (0x00000013) addi x0, x0, 0x0                         rvtest_entry_point+532

clint mtime 0x0000000000000043 (mip.MTI <- 0b1, mip.STI <- 0b0)
mem[X,0x0000000080000218] -> 0x0013
mem[X,0x000000008000021A] -> 0x0000
[134] [M]: 0x0000000080000218 (0x00000013) addi x0, x0, 0x0                         rvtest_entry_point+536

mem[X,0x000000008000021C] -> 0x0013
mem[X,0x000000008000021E] -> 0x0000
[135] [M]: 0x000000008000021C (0x00000013) addi x0, x0, 0x0                         rvtest_entry_point+540

clint mtime 0x0000000000000044 (mip.MTI <- 0b1, mip.STI <- 0b0)
mem[X,0x0000000080000220] -> 0x0013
mem[X,0x0000000080000222] -> 0x0000
[136] [M]: 0x0000000080000220 (0x00000013) addi x0, x0, 0x0                         rvtest_entry_point+544

mem[X,0x0000000080000224] -> 0x0013
mem[X,0x0000000080000226] -> 0x0000
[137] [M]: 0x0000000080000224 (0x00000013) addi x0, x0, 0x0                         rvtest_entry_point+548

clint mtime 0x0000000000000045 (mip.MTI <- 0b1, mip.STI <- 0b0)
mem[X,0x0000000080000228] -> 0x0013
mem[X,0x000000008000022A] -> 0x0000
[138] [M]: 0x0000000080000228 (0x00000013) addi x0, x0, 0x0                         rvtest_entry_point+552

mem[X,0x000000008000022C] -> 0x0013
mem[X,0x000000008000022E] -> 0x0000
[139] [M]: 0x000000008000022C (0x00000013) addi x0, x0, 0x0                         rvtest_entry_point+556

clint mtime 0x0000000000000046 (mip.MTI <- 0b1, mip.STI <- 0b0)
mem[X,0x0000000080000230] -> 0x0013
mem[X,0x0000000080000232] -> 0x0000
[140] [M]: 0x0000000080000230 (0x00000013) addi x0, x0, 0x0                         rvtest_entry_point+560

mem[X,0x0000000080000234] -> 0x0013
mem[X,0x0000000080000236] -> 0x0000
[141] [M]: 0x0000000080000234 (0x00000013) addi x0, x0, 0x0                         rvtest_entry_point+564

clint mtime 0x0000000000000047 (mip.MTI <- 0b1, mip.STI <- 0b0)
mem[X,0x0000000080000238] -> 0x0013
mem[X,0x000000008000023A] -> 0x0000
[142] [M]: 0x0000000080000238 (0x00000013) addi x0, x0, 0x0                         rvtest_entry_point+568

mem[X,0x000000008000023C] -> 0x0013
mem[X,0x000000008000023E] -> 0x0000
[143] [M]: 0x000000008000023C (0x00000013) addi x0, x0, 0x0                         rvtest_entry_point+572

clint mtime 0x0000000000000048 (mip.MTI <- 0b1, mip.STI <- 0b0)
mem[X,0x0000000080000240] -> 0x0013
mem[X,0x0000000080000242] -> 0x0000
[144] [M]: 0x0000000080000240 (0x00000013) addi x0, x0, 0x0                         rvtest_entry_point+576

mem[X,0x0000000080000244] -> 0x0013
mem[X,0x0000000080000246] -> 0x0000
[145] [M]: 0x0000000080000244 (0x00000013) addi x0, x0, 0x0                         rvtest_entry_point+580

clint mtime 0x0000000000000049 (mip.MTI <- 0b1, mip.STI <- 0b0)
mem[X,0x0000000080000248] -> 0x0013
mem[X,0x000000008000024A] -> 0x0000
[146] [M]: 0x0000000080000248 (0x00000013) addi x0, x0, 0x0                         rvtest_entry_point+584

mem[X,0x000000008000024C] -> 0x0013
mem[X,0x000000008000024E] -> 0x0000
[147] [M]: 0x000000008000024C (0x00000013) addi x0, x0, 0x0                         rvtest_entry_point+588

clint mtime 0x000000000000004A (mip.MTI <- 0b1, mip.STI <- 0b0)
mem[X,0x0000000080000250] -> 0x0013
mem[X,0x0000000080000252] -> 0x0000
[148] [M]: 0x0000000080000250 (0x00000013) addi x0, x0, 0x0                         rvtest_entry_point+592

mem[X,0x0000000080000254] -> 0x0013
mem[X,0x0000000080000256] -> 0x0000
[149] [M]: 0x0000000080000254 (0x00000013) addi x0, x0, 0x0                         rvtest_entry_point+596

clint mtime 0x000000000000004B (mip.MTI <- 0b1, mip.STI <- 0b0)
mem[X,0x0000000080000258] -> 0x0013
mem[X,0x000000008000025A] -> 0x0000
[150] [M]: 0x0000000080000258 (0x00000013) addi x0, x0, 0x0                         rvtest_entry_point+600

mem[X,0x000000008000025C] -> 0x0013
mem[X,0x000000008000025E] -> 0x0000
[151] [M]: 0x000000008000025C (0x00000013) addi x0, x0, 0x0                         rvtest_entry_point+604

clint mtime 0x000000000000004C (mip.MTI <- 0b1, mip.STI <- 0b0)
mem[X,0x0000000080000260] -> 0x0013
mem[X,0x0000000080000262] -> 0x0000
[152] [M]: 0x0000000080000260 (0x00000013) addi x0, x0, 0x0                         rvtest_entry_point+608

mem[X,0x0000000080000264] -> 0x0013
mem[X,0x0000000080000266] -> 0x0000
[153] [M]: 0x0000000080000264 (0x00000013) addi x0, x0, 0x0                         rvtest_entry_point+612

clint mtime 0x000000000000004D (mip.MTI <- 0b1, mip.STI <- 0b0)
mem[X,0x0000000080000268] -> 0x0013
mem[X,0x000000008000026A] -> 0x0000
[154] [M]: 0x0000000080000268 (0x00000013) addi x0, x0, 0x0                         rvtest_entry_point+616

mem[X,0x000000008000026C] -> 0x0013
mem[X,0x000000008000026E] -> 0x0000
[155] [M]: 0x000000008000026C (0x00000013) addi x0, x0, 0x0                         rvtest_entry_point+620

clint mtime 0x000000000000004E (mip.MTI <- 0b1, mip.STI <- 0b0)
mem[X,0x0000000080000270] -> 0x0013
mem[X,0x0000000080000272] -> 0x0000
[156] [M]: 0x0000000080000270 (0x00000013) addi x0, x0, 0x0                         rvtest_entry_point+624

mem[X,0x0000000080000274] -> 0x0013
mem[X,0x0000000080000276] -> 0x0000
[157] [M]: 0x0000000080000274 (0x00000013) addi x0, x0, 0x0                         rvtest_entry_point+628

clint mtime 0x000000000000004F (mip.MTI <- 0b1, mip.STI <- 0b0)
mem[X,0x0000000080000278] -> 0x0013
mem[X,0x000000008000027A] -> 0x0000
[158] [M]: 0x0000000080000278 (0x00000013) addi x0, x0, 0x0                         rvtest_entry_point+632

mem[X,0x000000008000027C] -> 0x0013
mem[X,0x000000008000027E] -> 0x0000
[159] [M]: 0x000000008000027C (0x00000013) addi x0, x0, 0x0                         rvtest_entry_point+636

clint mtime 0x0000000000000050 (mip.MTI <- 0b1, mip.STI <- 0b0)
mem[X,0x0000000080000280] -> 0x0013
mem[X,0x0000000080000282] -> 0x0000
[160] [M]: 0x0000000080000280 (0x00000013) addi x0, x0, 0x0                         rvtest_entry_point+640

mem[X,0x0000000080000284] -> 0x0013
mem[X,0x0000000080000286] -> 0x0000
[161] [M]: 0x0000000080000284 (0x00000013) addi x0, x0, 0x0                         rvtest_entry_point+644

clint mtime 0x0000000000000051 (mip.MTI <- 0b1, mip.STI <- 0b0)
mem[X,0x0000000080000288] -> 0x0013
mem[X,0x000000008000028A] -> 0x0000
[162] [M]: 0x0000000080000288 (0x00000013) addi x0, x0, 0x0                         rvtest_entry_point+648

mem[X,0x000000008000028C] -> 0x0013
mem[X,0x000000008000028E] -> 0x0000
[163] [M]: 0x000000008000028C (0x00000013) addi x0, x0, 0x0                         rvtest_entry_point+652

clint mtime 0x0000000000000052 (mip.MTI <- 0b1, mip.STI <- 0b0)
mem[X,0x0000000080000290] -> 0x0013
mem[X,0x0000000080000292] -> 0x0000
[164] [M]: 0x0000000080000290 (0x00000013) addi x0, x0, 0x0                         rvtest_entry_point+656

mem[X,0x0000000080000294] -> 0x0013
mem[X,0x0000000080000296] -> 0x0000
[165] [M]: 0x0000000080000294 (0x00000013) addi x0, x0, 0x0                         rvtest_entry_point+660

clint mtime 0x0000000000000053 (mip.MTI <- 0b1, mip.STI <- 0b0)
mem[X,0x0000000080000298] -> 0x0013
mem[X,0x000000008000029A] -> 0x0000
[166] [M]: 0x0000000080000298 (0x00000013) addi x0, x0, 0x0                         rvtest_entry_point+664

mem[X,0x000000008000029C] -> 0x0013
mem[X,0x000000008000029E] -> 0x0000
[167] [M]: 0x000000008000029C (0x00000013) addi x0, x0, 0x0                         rvtest_entry_point+668

clint mtime 0x0000000000000054 (mip.MTI <- 0b1, mip.STI <- 0b0)
mem[X,0x00000000800002A0] -> 0x0013
mem[X,0x00000000800002A2] -> 0x0000
[168] [M]: 0x00000000800002A0 (0x00000013) addi x0, x0, 0x0                         rvtest_entry_point+672

mem[X,0x00000000800002A4] -> 0x0013
mem[X,0x00000000800002A6] -> 0x0000
[169] [M]: 0x00000000800002A4 (0x00000013) addi x0, x0, 0x0                         rvtest_entry_point+676

clint mtime 0x0000000000000055 (mip.MTI <- 0b1, mip.STI <- 0b0)
mem[X,0x00000000800002A8] -> 0x0013
mem[X,0x00000000800002AA] -> 0x0000
[170] [M]: 0x00000000800002A8 (0x00000013) addi x0, x0, 0x0                         rvtest_entry_point+680

mem[X,0x00000000800002AC] -> 0x0013
mem[X,0x00000000800002AE] -> 0x0000
[171] [M]: 0x00000000800002AC (0x00000013) addi x0, x0, 0x0                         rvtest_entry_point+684

clint mtime 0x0000000000000056 (mip.MTI <- 0b1, mip.STI <- 0b0)
mem[X,0x00000000800002B0] -> 0x0013
mem[X,0x00000000800002B2] -> 0x0000
[172] [M]: 0x00000000800002B0 (0x00000013) addi x0, x0, 0x0                         rvtest_entry_point+688

mem[X,0x00000000800002B4] -> 0x0013
mem[X,0x00000000800002B6] -> 0x0000
[173] [M]: 0x00000000800002B4 (0x00000013) addi x0, x0, 0x0                         rvtest_entry_point+692

clint mtime 0x0000000000000057 (mip.MTI <- 0b1, mip.STI <- 0b0)
mem[X,0x00000000800002B8] -> 0x0013
mem[X,0x00000000800002BA] -> 0x0000
[174] [M]: 0x00000000800002B8 (0x00000013) addi x0, x0, 0x0                         rvtest_entry_point+696

mem[X,0x00000000800002BC] -> 0x0013
mem[X,0x00000000800002BE] -> 0x0000
[175] [M]: 0x00000000800002BC (0x00000013) addi x0, x0, 0x0                         rvtest_entry_point+700

clint mtime 0x0000000000000058 (mip.MTI <- 0b1, mip.STI <- 0b0)
mem[X,0x00000000800002C0] -> 0x0013
mem[X,0x00000000800002C2] -> 0x0000
[176] [M]: 0x00000000800002C0 (0x00000013) addi x0, x0, 0x0                         rvtest_entry_point+704

mem[X,0x00000000800002C4] -> 0x0013
mem[X,0x00000000800002C6] -> 0x0000
[177] [M]: 0x00000000800002C4 (0x00000013) addi x0, x0, 0x0                         rvtest_entry_point+708

clint mtime 0x0000000000000059 (mip.MTI <- 0b1, mip.STI <- 0b0)
mem[X,0x00000000800002C8] -> 0x0013
mem[X,0x00000000800002CA] -> 0x0000
[178] [M]: 0x00000000800002C8 (0x00000013) addi x0, x0, 0x0                         rvtest_entry_point+712

mem[X,0x00000000800002CC] -> 0x0013
mem[X,0x00000000800002CE] -> 0x0000
[179] [M]: 0x00000000800002CC (0x00000013) addi x0, x0, 0x0                         rvtest_entry_point+716

clint mtime 0x000000000000005A (mip.MTI <- 0b1, mip.STI <- 0b0)
mem[X,0x00000000800002D0] -> 0x0013
mem[X,0x00000000800002D2] -> 0x0000
[180] [M]: 0x00000000800002D0 (0x00000013) addi x0, x0, 0x0                         rvtest_entry_point+720

mem[X,0x00000000800002D4] -> 0x0013
mem[X,0x00000000800002D6] -> 0x0000
[181] [M]: 0x00000000800002D4 (0x00000013) addi x0, x0, 0x0                         rvtest_entry_point+724

clint mtime 0x000000000000005B (mip.MTI <- 0b1, mip.STI <- 0b0)
mem[X,0x00000000800002D8] -> 0x0013
mem[X,0x00000000800002DA] -> 0x0000
[182] [M]: 0x00000000800002D8 (0x00000013) addi x0, x0, 0x0                         rvtest_entry_point+728

mem[X,0x00000000800002DC] -> 0x0013
mem[X,0x00000000800002DE] -> 0x0000
[183] [M]: 0x00000000800002DC (0x00000013) addi x0, x0, 0x0                         rvtest_entry_point+732

clint mtime 0x000000000000005C (mip.MTI <- 0b1, mip.STI <- 0b0)
mem[X,0x00000000800002E0] -> 0x0013
mem[X,0x00000000800002E2] -> 0x0000
[184] [M]: 0x00000000800002E0 (0x00000013) addi x0, x0, 0x0                         rvtest_entry_point+736

mem[X,0x00000000800002E4] -> 0x0013
mem[X,0x00000000800002E6] -> 0x0000
[185] [M]: 0x00000000800002E4 (0x00000013) addi x0, x0, 0x0                         rvtest_entry_point+740

clint mtime 0x000000000000005D (mip.MTI <- 0b1, mip.STI <- 0b0)
mem[X,0x00000000800002E8] -> 0x0013
mem[X,0x00000000800002EA] -> 0x0000
[186] [M]: 0x00000000800002E8 (0x00000013) addi x0, x0, 0x0                         rvtest_entry_point+744

mem[X,0x00000000800002EC] -> 0x0013
mem[X,0x00000000800002EE] -> 0x0000
[187] [M]: 0x00000000800002EC (0x00000013) addi x0, x0, 0x0                         rvtest_entry_point+748

clint mtime 0x000000000000005E (mip.MTI <- 0b1, mip.STI <- 0b0)
mem[X,0x00000000800002F0] -> 0x0013
mem[X,0x00000000800002F2] -> 0x0000
[188] [M]: 0x00000000800002F0 (0x00000013) addi x0, x0, 0x0                         rvtest_entry_point+752

mem[X,0x00000000800002F4] -> 0x0013
mem[X,0x00000000800002F6] -> 0x0000
[189] [M]: 0x00000000800002F4 (0x00000013) addi x0, x0, 0x0                         rvtest_entry_point+756

clint mtime 0x000000000000005F (mip.MTI <- 0b1, mip.STI <- 0b0)
mem[X,0x00000000800002F8] -> 0x0013
mem[X,0x00000000800002FA] -> 0x0000
[190] [M]: 0x00000000800002F8 (0x00000013) addi x0, x0, 0x0                         rvtest_entry_point+760

mem[X,0x00000000800002FC] -> 0x0013
mem[X,0x00000000800002FE] -> 0x0000
[191] [M]: 0x00000000800002FC (0x00000013) addi x0, x0, 0x0                         rvtest_entry_point+764

clint mtime 0x0000000000000060 (mip.MTI <- 0b1, mip.STI <- 0b0)
mem[X,0x0000000080000300] -> 0x0013
mem[X,0x0000000080000302] -> 0x0000
[192] [M]: 0x0000000080000300 (0x00000013) addi x0, x0, 0x0                         rvtest_entry_point+768

mem[X,0x0000000080000304] -> 0x0013
mem[X,0x0000000080000306] -> 0x0000
[193] [M]: 0x0000000080000304 (0x00000013) addi x0, x0, 0x0                         rvtest_entry_point+772

clint mtime 0x0000000000000061 (mip.MTI <- 0b1, mip.STI <- 0b0)
mem[X,0x0000000080000308] -> 0x0013
mem[X,0x000000008000030A] -> 0x0000
[194] [M]: 0x0000000080000308 (0x00000013) addi x0, x0, 0x0                         rvtest_entry_point+776

mem[X,0x000000008000030C] -> 0x0013
mem[X,0x000000008000030E] -> 0x0000
[195] [M]: 0x000000008000030C (0x00000013) addi x0, x0, 0x0                         rvtest_entry_point+780

clint mtime 0x0000000000000062 (mip.MTI <- 0b1, mip.STI <- 0b0)
mem[X,0x0000000080000310] -> 0x0013
mem[X,0x0000000080000312] -> 0x0000
[196] [M]: 0x0000000080000310 (0x00000013) addi x0, x0, 0x0                         rvtest_entry_point+784

mem[X,0x0000000080000314] -> 0x0013
mem[X,0x0000000080000316] -> 0x0000
[197] [M]: 0x0000000080000314 (0x00000013) addi x0, x0, 0x0                         rvtest_entry_point+788

clint mtime 0x0000000000000063 (mip.MTI <- 0b1, mip.STI <- 0b0)
mem[X,0x0000000080000318] -> 0x0013
mem[X,0x000000008000031A] -> 0x0000
[198] [M]: 0x0000000080000318 (0x00000013) addi x0, x0, 0x0                         rvtest_entry_point+792

mem[X,0x000000008000031C] -> 0x0013
mem[X,0x000000008000031E] -> 0x0000
[199] [M]: 0x000000008000031C (0x00000013) addi x0, x0, 0x0                         rvtest_entry_point+796

clint mtime 0x0000000000000064 (mip.MTI <- 0b1, mip.STI <- 0b0)
mem[X,0x0000000080000320] -> 0x0013
mem[X,0x0000000080000322] -> 0x0000
[200] [M]: 0x0000000080000320 (0x00000013) addi x0, x0, 0x0                         rvtest_entry_point+800

mem[X,0x0000000080000324] -> 0x0013
mem[X,0x0000000080000326] -> 0x0000
[201] [M]: 0x0000000080000324 (0x00000013) addi x0, x0, 0x0                         rvtest_entry_point+804

clint mtime 0x0000000000000065 (mip.MTI <- 0b1, mip.STI <- 0b0)
mem[X,0x0000000080000328] -> 0x0013
mem[X,0x000000008000032A] -> 0x0000
[202] [M]: 0x0000000080000328 (0x00000013) addi x0, x0, 0x0                         rvtest_entry_point+808

mem[X,0x000000008000032C] -> 0x0013
mem[X,0x000000008000032E] -> 0x0000
[203] [M]: 0x000000008000032C (0x00000013) addi x0, x0, 0x0                         rvtest_entry_point+812

clint mtime 0x0000000000000066 (mip.MTI <- 0b1, mip.STI <- 0b0)
mem[X,0x0000000080000330] -> 0x0013
mem[X,0x0000000080000332] -> 0x0000
[204] [M]: 0x0000000080000330 (0x00000013) addi x0, x0, 0x0                         rvtest_entry_point+816

mem[X,0x0000000080000334] -> 0x0013
mem[X,0x0000000080000336] -> 0x0000
[205] [M]: 0x0000000080000334 (0x00000013) addi x0, x0, 0x0                         rvtest_entry_point+820

clint mtime 0x0000000000000067 (mip.MTI <- 0b1, mip.STI <- 0b0)
mem[X,0x0000000080000338] -> 0x0013
mem[X,0x000000008000033A] -> 0x0000
[206] [M]: 0x0000000080000338 (0x00000013) addi x0, x0, 0x0                         rvtest_entry_point+824

mem[X,0x000000008000033C] -> 0x0013
mem[X,0x000000008000033E] -> 0x0000
[207] [M]: 0x000000008000033C (0x00000013) addi x0, x0, 0x0                         rvtest_entry_point+828

clint mtime 0x0000000000000068 (mip.MTI <- 0b1, mip.STI <- 0b0)
mem[X,0x0000000080000340] -> 0x0013
mem[X,0x0000000080000342] -> 0x0000
[208] [M]: 0x0000000080000340 (0x00000013) addi x0, x0, 0x0                         rvtest_entry_point+832

mem[X,0x0000000080000344] -> 0x0013
mem[X,0x0000000080000346] -> 0x0000
[209] [M]: 0x0000000080000344 (0x00000013) addi x0, x0, 0x0                         rvtest_entry_point+836

clint mtime 0x0000000000000069 (mip.MTI <- 0b1, mip.STI <- 0b0)
mem[X,0x0000000080000348] -> 0x0013
mem[X,0x000000008000034A] -> 0x0000
[210] [M]: 0x0000000080000348 (0x00000013) addi x0, x0, 0x0                         rvtest_entry_point+840

mem[X,0x000000008000034C] -> 0x0013
mem[X,0x000000008000034E] -> 0x0000
[211] [M]: 0x000000008000034C (0x00000013) addi x0, x0, 0x0                         rvtest_entry_point+844

clint mtime 0x000000000000006A (mip.MTI <- 0b1, mip.STI <- 0b0)
mem[X,0x0000000080000350] -> 0x0013
mem[X,0x0000000080000352] -> 0x0000
[212] [M]: 0x0000000080000350 (0x00000013) addi x0, x0, 0x0                         rvtest_entry_point+848

mem[X,0x0000000080000354] -> 0x0013
mem[X,0x0000000080000356] -> 0x0000
[213] [M]: 0x0000000080000354 (0x00000013) addi x0, x0, 0x0                         rvtest_entry_point+852

clint mtime 0x000000000000006B (mip.MTI <- 0b1, mip.STI <- 0b0)
mem[X,0x0000000080000358] -> 0x0013
mem[X,0x000000008000035A] -> 0x0000
[214] [M]: 0x0000000080000358 (0x00000013) addi x0, x0, 0x0                         rvtest_entry_point+856

mem[X,0x000000008000035C] -> 0x0013
mem[X,0x000000008000035E] -> 0x0000
[215] [M]: 0x000000008000035C (0x00000013) addi x0, x0, 0x0                         rvtest_entry_point+860

clint mtime 0x000000000000006C (mip.MTI <- 0b1, mip.STI <- 0b0)
mem[X,0x0000000080000360] -> 0x0013
mem[X,0x0000000080000362] -> 0x0000
[216] [M]: 0x0000000080000360 (0x00000013) addi x0, x0, 0x0                         rvtest_entry_point+864

mem[X,0x0000000080000364] -> 0x0013
mem[X,0x0000000080000366] -> 0x0000
[217] [M]: 0x0000000080000364 (0x00000013) addi x0, x0, 0x0                         rvtest_entry_point+868

clint mtime 0x000000000000006D (mip.MTI <- 0b1, mip.STI <- 0b0)
mem[X,0x0000000080000368] -> 0x0013
mem[X,0x000000008000036A] -> 0x0000
[218] [M]: 0x0000000080000368 (0x00000013) addi x0, x0, 0x0                         rvtest_entry_point+872

mem[X,0x000000008000036C] -> 0x0013
mem[X,0x000000008000036E] -> 0x0000
[219] [M]: 0x000000008000036C (0x00000013) addi x0, x0, 0x0                         rvtest_entry_point+876

clint mtime 0x000000000000006E (mip.MTI <- 0b1, mip.STI <- 0b0)
mem[X,0x0000000080000370] -> 0x0013
mem[X,0x0000000080000372] -> 0x0000
[220] [M]: 0x0000000080000370 (0x00000013) addi x0, x0, 0x0                         rvtest_entry_point+880

mem[X,0x0000000080000374] -> 0x0013
mem[X,0x0000000080000376] -> 0x0000
[221] [M]: 0x0000000080000374 (0x00000013) addi x0, x0, 0x0                         rvtest_entry_point+884

clint mtime 0x000000000000006F (mip.MTI <- 0b1, mip.STI <- 0b0)
mem[X,0x0000000080000378] -> 0x0013
mem[X,0x000000008000037A] -> 0x0000
[222] [M]: 0x0000000080000378 (0x00000013) addi x0, x0, 0x0                         rvtest_entry_point+888

mem[X,0x000000008000037C] -> 0x0013
mem[X,0x000000008000037E] -> 0x0000
[223] [M]: 0x000000008000037C (0x00000013) addi x0, x0, 0x0                         rvtest_entry_point+892

clint mtime 0x0000000000000070 (mip.MTI <- 0b1, mip.STI <- 0b0)
mem[X,0x0000000080000380] -> 0x0013
mem[X,0x0000000080000382] -> 0x0000
[224] [M]: 0x0000000080000380 (0x00000013) addi x0, x0, 0x0                         rvtest_entry_point+896

mem[X,0x0000000080000384] -> 0x0013
mem[X,0x0000000080000386] -> 0x0000
[225] [M]: 0x0000000080000384 (0x00000013) addi x0, x0, 0x0                         rvtest_entry_point+900

clint mtime 0x0000000000000071 (mip.MTI <- 0b1, mip.STI <- 0b0)
mem[X,0x0000000080000388] -> 0x0013
mem[X,0x000000008000038A] -> 0x0000
[226] [M]: 0x0000000080000388 (0x00000013) addi x0, x0, 0x0                         rvtest_entry_point+904

mem[X,0x000000008000038C] -> 0x0013
mem[X,0x000000008000038E] -> 0x0000
[227] [M]: 0x000000008000038C (0x00000013) addi x0, x0, 0x0                         rvtest_entry_point+908

clint mtime 0x0000000000000072 (mip.MTI <- 0b1, mip.STI <- 0b0)
mem[X,0x0000000080000390] -> 0x0013
mem[X,0x0000000080000392] -> 0x0000
[228] [M]: 0x0000000080000390 (0x00000013) addi x0, x0, 0x0                         rvtest_entry_point+912

mem[X,0x0000000080000394] -> 0x0013
mem[X,0x0000000080000396] -> 0x0000
[229] [M]: 0x0000000080000394 (0x00000013) addi x0, x0, 0x0                         rvtest_entry_point+916

clint mtime 0x0000000000000073 (mip.MTI <- 0b1, mip.STI <- 0b0)
mem[X,0x0000000080000398] -> 0x0013
mem[X,0x000000008000039A] -> 0x0000
[230] [M]: 0x0000000080000398 (0x00000013) addi x0, x0, 0x0                         rvtest_entry_point+920

mem[X,0x000000008000039C] -> 0x0013
mem[X,0x000000008000039E] -> 0x0000
[231] [M]: 0x000000008000039C (0x00000013) addi x0, x0, 0x0                         rvtest_entry_point+924

clint mtime 0x0000000000000074 (mip.MTI <- 0b1, mip.STI <- 0b0)
mem[X,0x00000000800003A0] -> 0x0013
mem[X,0x00000000800003A2] -> 0x0000
[232] [M]: 0x00000000800003A0 (0x00000013) addi x0, x0, 0x0                         rvtest_entry_point+928

mem[X,0x00000000800003A4] -> 0x0013
mem[X,0x00000000800003A6] -> 0x0000
[233] [M]: 0x00000000800003A4 (0x00000013) addi x0, x0, 0x0                         rvtest_entry_point+932

clint mtime 0x0000000000000075 (mip.MTI <- 0b1, mip.STI <- 0b0)
mem[X,0x00000000800003A8] -> 0x0013
mem[X,0x00000000800003AA] -> 0x0000
[234] [M]: 0x00000000800003A8 (0x00000013) addi x0, x0, 0x0                         rvtest_entry_point+936

mem[X,0x00000000800003AC] -> 0x0013
mem[X,0x00000000800003AE] -> 0x0000
[235] [M]: 0x00000000800003AC (0x00000013) addi x0, x0, 0x0                         rvtest_entry_point+940

clint mtime 0x0000000000000076 (mip.MTI <- 0b1, mip.STI <- 0b0)
mem[X,0x00000000800003B0] -> 0x0013
mem[X,0x00000000800003B2] -> 0x0000
[236] [M]: 0x00000000800003B0 (0x00000013) addi x0, x0, 0x0                         rvtest_entry_point+944

mem[X,0x00000000800003B4] -> 0x0013
mem[X,0x00000000800003B6] -> 0x0000
[237] [M]: 0x00000000800003B4 (0x00000013) addi x0, x0, 0x0                         rvtest_entry_point+948

clint mtime 0x0000000000000077 (mip.MTI <- 0b1, mip.STI <- 0b0)
mem[X,0x00000000800003B8] -> 0x0013
mem[X,0x00000000800003BA] -> 0x0000
[238] [M]: 0x00000000800003B8 (0x00000013) addi x0, x0, 0x0                         rvtest_entry_point+952

mem[X,0x00000000800003BC] -> 0x0013
mem[X,0x00000000800003BE] -> 0x0000
[239] [M]: 0x00000000800003BC (0x00000013) addi x0, x0, 0x0                         rvtest_entry_point+956

clint mtime 0x0000000000000078 (mip.MTI <- 0b1, mip.STI <- 0b0)
mem[X,0x00000000800003C0] -> 0x0013
mem[X,0x00000000800003C2] -> 0x0000
[240] [M]: 0x00000000800003C0 (0x00000013) addi x0, x0, 0x0                         rvtest_entry_point+960

mem[X,0x00000000800003C4] -> 0x0013
mem[X,0x00000000800003C6] -> 0x0000
[241] [M]: 0x00000000800003C4 (0x00000013) addi x0, x0, 0x0                         rvtest_entry_point+964

clint mtime 0x0000000000000079 (mip.MTI <- 0b1, mip.STI <- 0b0)
mem[X,0x00000000800003C8] -> 0x0013
mem[X,0x00000000800003CA] -> 0x0000
[242] [M]: 0x00000000800003C8 (0x00000013) addi x0, x0, 0x0                         rvtest_entry_point+968

mem[X,0x00000000800003CC] -> 0x0013
mem[X,0x00000000800003CE] -> 0x0000
[243] [M]: 0x00000000800003CC (0x00000013) addi x0, x0, 0x0                         rvtest_entry_point+972

clint mtime 0x000000000000007A (mip.MTI <- 0b1, mip.STI <- 0b0)
mem[X,0x00000000800003D0] -> 0x0013
mem[X,0x00000000800003D2] -> 0x0000
[244] [M]: 0x00000000800003D0 (0x00000013) addi x0, x0, 0x0                         rvtest_entry_point+976

mem[X,0x00000000800003D4] -> 0x0013
mem[X,0x00000000800003D6] -> 0x0000
[245] [M]: 0x00000000800003D4 (0x00000013) addi x0, x0, 0x0                         rvtest_entry_point+980

clint mtime 0x000000000000007B (mip.MTI <- 0b1, mip.STI <- 0b0)
mem[X,0x00000000800003D8] -> 0x0013
mem[X,0x00000000800003DA] -> 0x0000
[246] [M]: 0x00000000800003D8 (0x00000013) addi x0, x0, 0x0                         rvtest_entry_point+984

mem[X,0x00000000800003DC] -> 0x0013
mem[X,0x00000000800003DE] -> 0x0000
[247] [M]: 0x00000000800003DC (0x00000013) addi x0, x0, 0x0                         rvtest_entry_point+988

clint mtime 0x000000000000007C (mip.MTI <- 0b1, mip.STI <- 0b0)
mem[X,0x00000000800003E0] -> 0x0013
mem[X,0x00000000800003E2] -> 0x0000
[248] [M]: 0x00000000800003E0 (0x00000013) addi x0, x0, 0x0                         rvtest_entry_point+992

mem[X,0x00000000800003E4] -> 0x0013
mem[X,0x00000000800003E6] -> 0x0000
[249] [M]: 0x00000000800003E4 (0x00000013) addi x0, x0, 0x0                         rvtest_entry_point+996

clint mtime 0x000000000000007D (mip.MTI <- 0b1, mip.STI <- 0b0)
mem[X,0x00000000800003E8] -> 0x0013
mem[X,0x00000000800003EA] -> 0x0000
[250] [M]: 0x00000000800003E8 (0x00000013) addi x0, x0, 0x0                         rvtest_entry_point+1000

mem[X,0x00000000800003EC] -> 0x0013
mem[X,0x00000000800003EE] -> 0x0000
[251] [M]: 0x00000000800003EC (0x00000013) addi x0, x0, 0x0                         rvtest_entry_point+1004

clint mtime 0x000000000000007E (mip.MTI <- 0b1, mip.STI <- 0b0)
mem[X,0x00000000800003F0] -> 0x0013
mem[X,0x00000000800003F2] -> 0x0000
[252] [M]: 0x00000000800003F0 (0x00000013) addi x0, x0, 0x0                         rvtest_entry_point+1008

mem[X,0x00000000800003F4] -> 0x0013
mem[X,0x00000000800003F6] -> 0x0000
[253] [M]: 0x00000000800003F4 (0x00000013) addi x0, x0, 0x0                         rvtest_entry_point+1012

clint mtime 0x000000000000007F (mip.MTI <- 0b1, mip.STI <- 0b0)
mem[X,0x00000000800003F8] -> 0x0013
mem[X,0x00000000800003FA] -> 0x0000
[254] [M]: 0x00000000800003F8 (0x00000013) addi x0, x0, 0x0                         rvtest_entry_point+1016

mem[X,0x00000000800003FC] -> 0x0013
mem[X,0x00000000800003FE] -> 0x0000
[255] [M]: 0x00000000800003FC (0x00000013) addi x0, x0, 0x0                         rvtest_entry_point+1020

clint mtime 0x0000000000000080 (mip.MTI <- 0b1, mip.STI <- 0b0)
mem[X,0x0000000080000400] -> 0x006F
mem[X,0x0000000080000402] -> 0x0240
[256] [M]: 0x0000000080000400 (0x0240006F) jal x0, 0x24                             rvtest_entry_point+1024

mem[X,0x0000000080000424] -> 0x0013
mem[X,0x0000000080000426] -> 0x0000
[257] [M]: 0x0000000080000424 (0x00000013) addi x0, x0, 0x0                         starting_point+0

clint mtime 0x0000000000000081 (mip.MTI <- 0b1, mip.STI <- 0b0)
mem[X,0x0000000080000428] -> 0x0013
mem[X,0x000000008000042A] -> 0x0000
[258] [M]: 0x0000000080000428 (0x00000013) addi x0, x0, 0x0                         starting_point+4

mem[X,0x000000008000042C] -> 0x0013
mem[X,0x000000008000042E] -> 0x0000
[259] [M]: 0x000000008000042C (0x00000013) addi x0, x0, 0x0                         starting_point+8

clint mtime 0x0000000000000082 (mip.MTI <- 0b1, mip.STI <- 0b0)
mem[X,0x0000000080000430] -> 0x0013
mem[X,0x0000000080000432] -> 0x0000
[260] [M]: 0x0000000080000430 (0x00000013) addi x0, x0, 0x0                         starting_point+12

mem[X,0x0000000080000434] -> 0x0013
mem[X,0x0000000080000436] -> 0x0000
[261] [M]: 0x0000000080000434 (0x00000013) addi x0, x0, 0x0                         starting_point+16

clint mtime 0x0000000000000083 (mip.MTI <- 0b1, mip.STI <- 0b0)
mem[X,0x0000000080000438] -> 0x0013
mem[X,0x000000008000043A] -> 0x0000
[262] [M]: 0x0000000080000438 (0x00000013) addi x0, x0, 0x0                         starting_point+20

mem[X,0x000000008000043C] -> 0x0013
mem[X,0x000000008000043E] -> 0x0000
[263] [M]: 0x000000008000043C (0x00000013) addi x0, x0, 0x0                         starting_point+24

clint mtime 0x0000000000000084 (mip.MTI <- 0b1, mip.STI <- 0b0)
mem[X,0x0000000080000440] -> 0x4317
mem[X,0x0000000080000442] -> 0x0000
[264] [M]: 0x0000000080000440 (0x00004317) auipc x6, 0x4                            rvtest_init+0
x6 <- 0x0000000080004440

mem[X,0x0000000080000444] -> 0x0313
mem[X,0x0000000080000446] -> 0xBC03
[265] [M]: 0x0000000080000444 (0xBC030313) addi x6, x6, -0x440                      rvtest_init+4
x6 <- 0x0000000080004000

clint mtime 0x0000000000000085 (mip.MTI <- 0b1, mip.STI <- 0b0)
mem[X,0x0000000080000448] -> 0x0013
mem[X,0x000000008000044A] -> 0x0000
[266] [M]: 0x0000000080000448 (0x00000013) addi x0, x0, 0x0                         rvtest_init+8

mem[X,0x000000008000044C] -> 0x0013
mem[X,0x000000008000044E] -> 0x0000
[267] [M]: 0x000000008000044C (0x00000013) addi x0, x0, 0x0                         rvtest_init+12

clint mtime 0x0000000000000086 (mip.MTI <- 0b1, mip.STI <- 0b0)
mem[X,0x0000000080000450] -> 0x0013
mem[X,0x0000000080000452] -> 0x0000
[268] [M]: 0x0000000080000450 (0x00000013) addi x0, x0, 0x0                         rvtest_init+16

mem[X,0x0000000080000454] -> 0x0013
mem[X,0x0000000080000456] -> 0x0000
[269] [M]: 0x0000000080000454 (0x00000013) addi x0, x0, 0x0                         rvtest_init+20

clint mtime 0x0000000000000087 (mip.MTI <- 0b1, mip.STI <- 0b0)
mem[X,0x0000000080000458] -> 0x0013
mem[X,0x000000008000045A] -> 0x0000
[270] [M]: 0x0000000080000458 (0x00000013) addi x0, x0, 0x0                         rvtest_init+24

mem[X,0x000000008000045C] -> 0x0013
mem[X,0x000000008000045E] -> 0x0000
[271] [M]: 0x000000008000045C (0x00000013) addi x0, x0, 0x0                         rvtest_init+28

clint mtime 0x0000000000000088 (mip.MTI <- 0b1, mip.STI <- 0b0)
mem[X,0x0000000080000460] -> 0x1473
mem[X,0x0000000080000462] -> 0x3403
[272] [M]: 0x0000000080000460 (0x34031473) csrrw x8, mscratch, x6                   init_Mscratch+0
CSR mscratch (0x340) <- 0x0000000080004000
x8 <- 0x0000000000000000

mem[X,0x0000000080000464] -> 0x3823
mem[X,0x0000000080000466] -> 0x2483
[273] [M]: 0x0000000080000464 (0x24833823) sd x8, 0x250(x6)                         init_Mscratch+4
mem[W,0x0000000080004250] <- 0x0000000000000000

clint mtime 0x0000000000000089 (mip.MTI <- 0b1, mip.STI <- 0b0)
mem[X,0x0000000080000468] -> 0x0393
mem[X,0x000000008000046A] -> 0x0000
[274] [M]: 0x0000000080000468 (0x00000393) addi x7, x0, 0x0                         init_Medeleg+0
x7 <- 0x0000000000000000

mem[X,0x000000008000046C] -> 0x93F3
mem[X,0x000000008000046E] -> 0x3023
[275] [M]: 0x000000008000046C (0x302393F3) csrrw x7, medeleg, x7                    init_Medeleg+4
CSR medeleg (0x302) <- 0x0000000000000000
x7 <- 0x0000000000000000

clint mtime 0x000000000000008A (mip.MTI <- 0b1, mip.STI <- 0b0)
mem[X,0x0000000080000470] -> 0x3C23
mem[X,0x0000000080000472] -> 0x2273
[276] [M]: 0x0000000080000470 (0x22733C23) sd x7, 0x238(x6)                         init_Medeleg+8
mem[W,0x0000000080004238] <- 0x0000000000000000

mem[X,0x0000000080000474] -> 0x2473
mem[X,0x0000000080000476] -> 0x3050
[277] [M]: 0x0000000080000474 (0x30502473) csrrs x8, mtvec, x0                      init_Mtvec+0
CSR mtvec (0x305) -> 0x0000000000000000
x8 <- 0x0000000000000000

clint mtime 0x000000000000008B (mip.MTI <- 0b1, mip.STI <- 0b0)
mem[X,0x0000000080000478] -> 0x3423
mem[X,0x000000008000047A] -> 0x2483
[278] [M]: 0x0000000080000478 (0x24833423) sd x8, 0x248(x6)                         init_Mtvec+4
mem[W,0x0000000080004248] <- 0x0000000000000000

mem[X,0x000000008000047C] -> 0x7393
mem[X,0x000000008000047E] -> 0x0034
[279] [M]: 0x000000008000047C (0x00347393) andi x7, x8, 0x3                         init_Mtvec+8
x7 <- 0x0000000000000000

clint mtime 0x000000000000008C (mip.MTI <- 0b1, mip.STI <- 0b0)
mem[X,0x0000000080000480] -> 0x3483
mem[X,0x0000000080000482] -> 0x2303
[280] [M]: 0x0000000080000480 (0x23033483) ld x9, 0x230(x6)                         init_Mtvec+12
mem[R,0x0000000080004230] -> 0x00000000800017D4
x9 <- 0x00000000800017D4

mem[X,0x0000000080000484] -> 0x8493
mem[X,0x0000000080000486] -> 0xE2C4
[281] [M]: 0x0000000080000484 (0xE2C48493) addi x9, x9, -0x1d4                      init_Mtvec+16
x9 <- 0x0000000080001600

clint mtime 0x000000000000008D (mip.MTI <- 0b1, mip.STI <- 0b0)
mem[X,0x0000000080000488] -> 0xE3B3
mem[X,0x000000008000048A] -> 0x0074
[282] [M]: 0x0000000080000488 (0x0074E3B3) or x7, x9, x7                            init_Mtvec+20
x7 <- 0x0000000080001600

mem[X,0x000000008000048C] -> 0x3023
mem[X,0x000000008000048E] -> 0x2473
[283] [M]: 0x000000008000048C (0x24733023) sd x7, 0x240(x6)                         init_Mtvec+24
mem[W,0x0000000080004240] <- 0x0000000080001600

clint mtime 0x000000000000008E (mip.MTI <- 0b1, mip.STI <- 0b0)
mem[X,0x0000000080000490] -> 0x9073
mem[X,0x0000000080000492] -> 0x3053
[284] [M]: 0x0000000080000490 (0x30539073) csrrw x0, mtvec, x7                      init_Mtvec+28
CSR mtvec (0x305) <- 0x0000000080001600

mem[X,0x0000000080000494] -> 0x2573
mem[X,0x0000000080000496] -> 0x3050
[285] [M]: 0x0000000080000494 (0x30502573) csrrs x10, mtvec, x0                     init_Mtvec+32
CSR mtvec (0x305) -> 0x0000000080001600
x10 <- 0x0000000080001600

clint mtime 0x000000000000008F (mip.MTI <- 0b1, mip.STI <- 0b0)
mem[X,0x0000000080000498] -> 0x0663
mem[X,0x000000008000049A] -> 0x0875
[286] [M]: 0x0000000080000498 (0x08750663) beq x10, x7, 0x8c                        init_Mtvec+36

mem[X,0x0000000080000524] -> 0x0013
mem[X,0x0000000080000526] -> 0x0000
[287] [M]: 0x0000000080000524 (0x00000013) addi x0, x0, 0x0                         rvtest_Mprolog_done+0

clint mtime 0x0000000000000090 (mip.MTI <- 0b1, mip.STI <- 0b0)
mem[X,0x0000000080000528] -> 0x0013
mem[X,0x000000008000052A] -> 0x0000
[288] [M]: 0x0000000080000528 (0x00000013) addi x0, x0, 0x0                         rvtest_Mprolog_done+4

mem[X,0x000000008000052C] -> 0x0013
mem[X,0x000000008000052E] -> 0x0000
[289] [M]: 0x000000008000052C (0x00000013) addi x0, x0, 0x0                         rvtest_Mprolog_done+8

clint mtime 0x0000000000000091 (mip.MTI <- 0b1, mip.STI <- 0b0)
mem[X,0x0000000080000530] -> 0x0013
mem[X,0x0000000080000532] -> 0x0000
[290] [M]: 0x0000000080000530 (0x00000013) addi x0, x0, 0x0                         rvtest_Mprolog_done+12

mem[X,0x0000000080000534] -> 0x0013
mem[X,0x0000000080000536] -> 0x0000
[291] [M]: 0x0000000080000534 (0x00000013) addi x0, x0, 0x0                         rvtest_Mprolog_done+16

clint mtime 0x0000000000000092 (mip.MTI <- 0b1, mip.STI <- 0b0)
mem[X,0x0000000080000538] -> 0x0013
mem[X,0x000000008000053A] -> 0x0000
[292] [M]: 0x0000000080000538 (0x00000013) addi x0, x0, 0x0                         rvtest_Mprolog_done+20

mem[X,0x000000008000053C] -> 0x0013
mem[X,0x000000008000053E] -> 0x0000
[293] [M]: 0x000000008000053C (0x00000013) addi x0, x0, 0x0                         rvtest_Mprolog_done+24

clint mtime 0x0000000000000093 (mip.MTI <- 0b1, mip.STI <- 0b0)
mem[X,0x0000000080000540] -> 0x4317
mem[X,0x0000000080000542] -> 0x0000
[294] [M]: 0x0000000080000540 (0x00004317) auipc x6, 0x4                            rvtest_Mprolog_done+28
x6 <- 0x0000000080004540

mem[X,0x0000000080000544] -> 0x0313
mem[X,0x0000000080000546] -> 0xD583
[295] [M]: 0x0000000080000544 (0xD5830313) addi x6, x6, -0x2a8                      rvtest_Mprolog_done+32
x6 <- 0x0000000080004298

clint mtime 0x0000000000000094 (mip.MTI <- 0b1, mip.STI <- 0b0)
mem[X,0x0000000080000548] -> 0x0001
[296] [M]: 0x0000000080000548 (0x0001) c.nop                                        rvtest_Mprolog_done+36

mem[X,0x000000008000054A] -> 0x0013
mem[X,0x000000008000054C] -> 0x0000
[297] [M]: 0x000000008000054A (0x00000013) addi x0, x0, 0x0                         rvtest_Mprolog_done+38

clint mtime 0x0000000000000095 (mip.MTI <- 0b1, mip.STI <- 0b0)
mem[X,0x000000008000054E] -> 0x0013
mem[X,0x0000000080000550] -> 0x0000
[298] [M]: 0x000000008000054E (0x00000013) addi x0, x0, 0x0                         rvtest_Mprolog_done+42

mem[X,0x0000000080000552] -> 0x0013
mem[X,0x0000000080000554] -> 0x0000
[299] [M]: 0x0000000080000552 (0x00000013) addi x0, x0, 0x0                         rvtest_Mprolog_done+46

clint mtime 0x0000000000000096 (mip.MTI <- 0b1, mip.STI <- 0b0)
mem[X,0x0000000080000556] -> 0x0013
mem[X,0x0000000080000558] -> 0x0000
[300] [M]: 0x0000000080000556 (0x00000013) addi x0, x0, 0x0                         rvtest_Mprolog_done+50

mem[X,0x000000008000055A] -> 0x0013
mem[X,0x000000008000055C] -> 0x0000
[301] [M]: 0x000000008000055A (0x00000013) addi x0, x0, 0x0                         rvtest_Mprolog_done+54

clint mtime 0x0000000000000097 (mip.MTI <- 0b1, mip.STI <- 0b0)
mem[X,0x000000008000055E] -> 0x0001
[302] [M]: 0x000000008000055E (0x0001) c.nop                                        rvtest_Mprolog_done+58

mem[X,0x0000000080000560] -> 0x1473
mem[X,0x0000000080000562] -> 0x1403
[303] [M]: 0x0000000080000560 (0x14031473) csrrw x8, sscratch, x6                   init_Sscratch+0
CSR sscratch (0x140) <- 0x0000000080004298
x8 <- 0x0000000000000000

clint mtime 0x0000000000000098 (mip.MTI <- 0b1, mip.STI <- 0b0)
mem[X,0x0000000080000564] -> 0x3823
mem[X,0x0000000080000566] -> 0x2483
[304] [M]: 0x0000000080000564 (0x24833823) sd x8, 0x250(x6)                         init_Sscratch+4
mem[W,0x00000000800044E8] <- 0x0000000000000000

mem[X,0x0000000080000568] -> 0x0393
mem[X,0x000000008000056A] -> 0x0000
[305] [M]: 0x0000000080000568 (0x00000393) addi x7, x0, 0x0                         init_Sedeleg+0
x7 <- 0x0000000000000000

clint mtime 0x0000000000000099 (mip.MTI <- 0b1, mip.STI <- 0b0)
mem[X,0x000000008000056C] -> 0x3C23
mem[X,0x000000008000056E] -> 0x2273
[306] [M]: 0x000000008000056C (0x22733C23) sd x7, 0x238(x6)                         init_Sedeleg+4
mem[W,0x00000000800044D0] <- 0x0000000000000000

mem[X,0x0000000080000570] -> 0x0013
mem[X,0x0000000080000572] -> 0x0000
[307] [M]: 0x0000000080000570 (0x00000013) addi x0, x0, 0x0                         init_Ssatp+0

clint mtime 0x000000000000009A (mip.MTI <- 0b1, mip.STI <- 0b0)
mem[X,0x0000000080000574] -> 0x0013
mem[X,0x0000000080000576] -> 0x0000
[308] [M]: 0x0000000080000574 (0x00000013) addi x0, x0, 0x0                         init_Ssatp+4

mem[X,0x0000000080000578] -> 0x0013
mem[X,0x000000008000057A] -> 0x0000
[309] [M]: 0x0000000080000578 (0x00000013) addi x0, x0, 0x0                         init_Ssatp+8

clint mtime 0x000000000000009B (mip.MTI <- 0b1, mip.STI <- 0b0)
mem[X,0x000000008000057C] -> 0x0013
mem[X,0x000000008000057E] -> 0x0000
[310] [M]: 0x000000008000057C (0x00000013) addi x0, x0, 0x0                         init_Ssatp+12

mem[X,0x0000000080000580] -> 0x7497
mem[X,0x0000000080000582] -> 0x0000
[311] [M]: 0x0000000080000580 (0x00007497) auipc x9, 0x7                            init_Ssatp+16
x9 <- 0x0000000080007580

clint mtime 0x000000000000009C (mip.MTI <- 0b1, mip.STI <- 0b0)
mem[X,0x0000000080000584] -> 0x8493
mem[X,0x0000000080000586] -> 0xA804
[312] [M]: 0x0000000080000584 (0xA8048493) addi x9, x9, -0x580                      init_Ssatp+20
x9 <- 0x0000000080007000

mem[X,0x0000000080000588] -> 0x0001
[313] [M]: 0x0000000080000588 (0x0001) c.nop                                        init_Ssatp+24

clint mtime 0x000000000000009D (mip.MTI <- 0b1, mip.STI <- 0b0)
mem[X,0x000000008000058A] -> 0x0013
mem[X,0x000000008000058C] -> 0x0000
[314] [M]: 0x000000008000058A (0x00000013) addi x0, x0, 0x0                         init_Ssatp+26

mem[X,0x000000008000058E] -> 0x0013
mem[X,0x0000000080000590] -> 0x0000
[315] [M]: 0x000000008000058E (0x00000013) addi x0, x0, 0x0                         init_Ssatp+30

clint mtime 0x000000000000009E (mip.MTI <- 0b1, mip.STI <- 0b0)
mem[X,0x0000000080000592] -> 0x0013
mem[X,0x0000000080000594] -> 0x0000
[316] [M]: 0x0000000080000592 (0x00000013) addi x0, x0, 0x0                         init_Ssatp+34

mem[X,0x0000000080000596] -> 0x0013
mem[X,0x0000000080000598] -> 0x0000
[317] [M]: 0x0000000080000596 (0x00000013) addi x0, x0, 0x0                         init_Ssatp+38

clint mtime 0x000000000000009F (mip.MTI <- 0b1, mip.STI <- 0b0)
mem[X,0x000000008000059A] -> 0x0013
mem[X,0x000000008000059C] -> 0x0000
[318] [M]: 0x000000008000059A (0x00000013) addi x0, x0, 0x0                         init_Ssatp+42

mem[X,0x000000008000059E] -> 0x0001
[319] [M]: 0x000000008000059E (0x0001) c.nop                                        init_Ssatp+46

clint mtime 0x00000000000000A0 (mip.MTI <- 0b1, mip.STI <- 0b0)
mem[X,0x00000000800005A0] -> 0xD493
mem[X,0x00000000800005A2] -> 0x00C4
[320] [M]: 0x00000000800005A0 (0x00C4D493) srli x9, x9, 0xc                         init_Ssatp+48
x9 <- 0x0000000000080007

mem[X,0x00000000800005A4] -> 0x0413
mem[X,0x00000000800005A6] -> 0xFFF0
[321] [M]: 0x00000000800005A4 (0xFFF00413) addi x8, x0, -0x1                        init_Ssatp+52
x8 <- 0xFFFFFFFFFFFFFFFF

clint mtime 0x00000000000000A1 (mip.MTI <- 0b1, mip.STI <- 0b0)
mem[X,0x00000000800005A8] -> 0x1413
mem[X,0x00000000800005AA] -> 0x03F4
[322] [M]: 0x00000000800005A8 (0x03F41413) slli x8, x8, 0x3f                        init_Ssatp+56
x8 <- 0x8000000000000000

mem[X,0x00000000800005AC] -> 0xE4B3
mem[X,0x00000000800005AE] -> 0x0084
[323] [M]: 0x00000000800005AC (0x0084E4B3) or x9, x9, x8                            init_Ssatp+60
x9 <- 0x8000000000080007

clint mtime 0x00000000000000A2 (mip.MTI <- 0b1, mip.STI <- 0b0)
mem[X,0x00000000800005B0] -> 0x94F3
mem[X,0x00000000800005B2] -> 0x1804
[324] [M]: 0x00000000800005B0 (0x180494F3) csrrw x9, satp, x9                       init_Ssatp+64
CSR satp (0x180) <- 0x8000000000080007
x9 <- 0x0000000000000000

mem[X,0x00000000800005B4] -> 0x3023
mem[X,0x00000000800005B6] -> 0x2293
[325] [M]: 0x00000000800005B4 (0x22933023) sd x9, 0x220(x6)                         init_Ssatp+68
mem[W,0x00000000800044B8] <- 0x0000000000000000

clint mtime 0x00000000000000A3 (mip.MTI <- 0b1, mip.STI <- 0b0)
mem[X,0x00000000800005B8] -> 0x2473
mem[X,0x00000000800005BA] -> 0x1050
[326] [M]: 0x00000000800005B8 (0x10502473) csrrs x8, stvec, x0                      init_Stvec+0
CSR stvec (0x105) -> 0x0000000000000000
x8 <- 0x0000000000000000

mem[X,0x00000000800005BC] -> 0x3423
mem[X,0x00000000800005BE] -> 0x2483
[327] [M]: 0x00000000800005BC (0x24833423) sd x8, 0x248(x6)                         init_Stvec+4
mem[W,0x00000000800044E0] <- 0x0000000000000000

clint mtime 0x00000000000000A4 (mip.MTI <- 0b1, mip.STI <- 0b0)
mem[X,0x00000000800005C0] -> 0x7393
mem[X,0x00000000800005C2] -> 0x0034
[328] [M]: 0x00000000800005C0 (0x00347393) andi x7, x8, 0x3                         init_Stvec+8
x7 <- 0x0000000000000000

mem[X,0x00000000800005C4] -> 0x3483
mem[X,0x00000000800005C6] -> 0x2303
[329] [M]: 0x00000000800005C4 (0x23033483) ld x9, 0x230(x6)                         init_Stvec+12
mem[R,0x00000000800044C8] -> 0x0000000080002154
x9 <- 0x0000000080002154

clint mtime 0x00000000000000A5 (mip.MTI <- 0b1, mip.STI <- 0b0)
mem[X,0x00000000800005C8] -> 0x8493
mem[X,0x00000000800005CA] -> 0xE2C4
[330] [M]: 0x00000000800005C8 (0xE2C48493) addi x9, x9, -0x1d4                      init_Stvec+16
x9 <- 0x0000000080001F80

mem[X,0x00000000800005CC] -> 0xE3B3
mem[X,0x00000000800005CE] -> 0x0074
[331] [M]: 0x00000000800005CC (0x0074E3B3) or x7, x9, x7                            init_Stvec+20
x7 <- 0x0000000080001F80

clint mtime 0x00000000000000A6 (mip.MTI <- 0b1, mip.STI <- 0b0)
mem[X,0x00000000800005D0] -> 0x3023
mem[X,0x00000000800005D2] -> 0x2473
[332] [M]: 0x00000000800005D0 (0x24733023) sd x7, 0x240(x6)                         init_Stvec+24
mem[W,0x00000000800044D8] <- 0x0000000080001F80

mem[X,0x00000000800005D4] -> 0x9073
mem[X,0x00000000800005D6] -> 0x1053
[333] [M]: 0x00000000800005D4 (0x10539073) csrrw x0, stvec, x7                      init_Stvec+28
CSR stvec (0x105) <- 0x0000000080001F80

clint mtime 0x00000000000000A7 (mip.MTI <- 0b1, mip.STI <- 0b0)
mem[X,0x00000000800005D8] -> 0x2573
mem[X,0x00000000800005DA] -> 0x1050
[334] [M]: 0x00000000800005D8 (0x10502573) csrrs x10, stvec, x0                     init_Stvec+32
CSR stvec (0x105) -> 0x0000000080001F80
x10 <- 0x0000000080001F80

mem[X,0x00000000800005DC] -> 0x0463
mem[X,0x00000000800005DE] -> 0x0875
[335] [M]: 0x00000000800005DC (0x08750463) beq x10, x7, 0x88                        init_Stvec+36

clint mtime 0x00000000000000A8 (mip.MTI <- 0b1, mip.STI <- 0b0)
mem[X,0x0000000080000664] -> 0x0093
mem[X,0x0000000080000666] -> 0x0000
[336] [M]: 0x0000000080000664 (0x00000093) addi x1, x0, 0x0                         rvtest_entrypoint+0
x1 <- 0x0000000000000000

mem[X,0x0000000080000668] -> 0x9073
mem[X,0x000000008000066A] -> 0x3000
[337] [M]: 0x0000000080000668 (0x30009073) csrrw x0, mstatus, x1                    rvtest_entrypoint+4
CSR mstatus (0x300) <- 0x0000000A00000000

clint mtime 0x00000000000000A9 (mip.MTI <- 0b1, mip.STI <- 0b0)
mem[X,0x000000008000066C] -> 0x9073
mem[X,0x000000008000066E] -> 0x3410
[338] [M]: 0x000000008000066C (0x34109073) csrrw x0, mepc, x1                       rvtest_entrypoint+8
CSR mepc (0x341) <- 0x0000000000000000

mem[X,0x0000000080000670] -> 0x9073
mem[X,0x0000000080000672] -> 0x3440
[339] [M]: 0x0000000080000670 (0x34409073) csrrw x0, mip, x1                        rvtest_entrypoint+12
CSR mip (0x344) <- 0x0000000000000080

clint mtime 0x00000000000000AA (mip.MTI <- 0b1, mip.STI <- 0b0)
mem[X,0x0000000080000674] -> 0x9073
mem[X,0x0000000080000676] -> 0x3430
[340] [M]: 0x0000000080000674 (0x34309073) csrrw x0, mtval, x1                      rvtest_entrypoint+16
CSR mtval (0x343) <- 0x0000000000000000

mem[X,0x0000000080000678] -> 0x9073
mem[X,0x000000008000067A] -> 0x3420
[341] [M]: 0x0000000080000678 (0x34209073) csrrw x0, mcause, x1                     rvtest_entrypoint+20
CSR mcause (0x342) <- 0x0000000000000000

clint mtime 0x00000000000000AB (mip.MTI <- 0b1, mip.STI <- 0b0)
mem[X,0x000000008000067C] -> 0x0837
mem[X,0x000000008000067E] -> 0x7D5C
[342] [M]: 0x000000008000067C (0x7D5C0837) lui x16, 0x7d5c0                         rvtest_entrypoint+24
x16 <- 0x000000007D5C0000

mem[X,0x0000000080000680] -> 0x0813
mem[X,0x0000000080000682] -> 0xDDB8
[343] [M]: 0x0000000080000680 (0xDDB80813) addi x16, x16, -0x225                    rvtest_entrypoint+28
x16 <- 0x000000007D5BFDDB

clint mtime 0x00000000000000AC (mip.MTI <- 0b1, mip.STI <- 0b0)
mem[X,0x0000000080000684] -> 0x1813
mem[X,0x0000000080000686] -> 0x00B8
[344] [M]: 0x0000000080000684 (0x00B81813) slli x16, x16, 0xb                       rvtest_entrypoint+32
x16 <- 0x000003EADFEED800

mem[X,0x0000000080000688] -> 0x0813
mem[X,0x000000008000068A] -> 0x3EA8
[345] [M]: 0x0000000080000688 (0x3EA80813) addi x16, x16, 0x3ea                     rvtest_entrypoint+36
x16 <- 0x000003EADFEEDBEA

clint mtime 0x00000000000000AD (mip.MTI <- 0b1, mip.STI <- 0b0)
mem[X,0x000000008000068C] -> 0x1813
mem[X,0x000000008000068E] -> 0x00B8
[346] [M]: 0x000000008000068C (0x00B81813) slli x16, x16, 0xb                       rvtest_entrypoint+40
x16 <- 0x001F56FF76DF5000

mem[X,0x0000000080000690] -> 0x0813
mem[X,0x0000000080000692] -> 0x6FF8
[347] [M]: 0x0000000080000690 (0x6FF80813) addi x16, x16, 0x6ff                     rvtest_entrypoint+44
x16 <- 0x001F56FF76DF56FF

clint mtime 0x00000000000000AE (mip.MTI <- 0b1, mip.STI <- 0b0)
mem[X,0x0000000080000694] -> 0x1813
mem[X,0x0000000080000696] -> 0x00A8
[348] [M]: 0x0000000080000694 (0x00A81813) slli x16, x16, 0xa                       rvtest_entrypoint+48
x16 <- 0x7D5BFDDB7D5BFC00

mem[X,0x0000000080000698] -> 0x0813
mem[X,0x000000008000069A] -> 0x1DB8
[349] [M]: 0x0000000080000698 (0x1DB80813) addi x16, x16, 0x1db                     rvtest_entrypoint+52
x16 <- 0x7D5BFDDB7D5BFDDB

clint mtime 0x00000000000000AF (mip.MTI <- 0b1, mip.STI <- 0b0)
mem[X,0x000000008000069C] -> 0x5893
mem[X,0x000000008000069E] -> 0x0078
[350] [M]: 0x000000008000069C (0x00785893) srli x17, x16, 0x7                       rvtest_entrypoint+56
x17 <- 0x00FAB7FBB6FAB7FB

mem[X,0x00000000800006A0] -> 0x5793
mem[X,0x00000000800006A2] -> 0x0398
[351] [M]: 0x00000000800006A0 (0x03985793) srli x15, x16, 0x39                      rvtest_entrypoint+60
x15 <- 0x000000000000003E

clint mtime 0x00000000000000B0 (mip.MTI <- 0b1, mip.STI <- 0b0)
mem[X,0x00000000800006A4] -> 0xE8B3
mem[X,0x00000000800006A6] -> 0x00F8
[352] [M]: 0x00000000800006A4 (0x00F8E8B3) or x17, x17, x15                         rvtest_entrypoint+64
x17 <- 0x00FAB7FBB6FAB7FF

mem[X,0x00000000800006A8] -> 0xD913
mem[X,0x00000000800006AA] -> 0x0078
[353] [M]: 0x00000000800006A8 (0x0078D913) srli x18, x17, 0x7                       rvtest_entrypoint+68
x18 <- 0x0001F56FF76DF56F

clint mtime 0x00000000000000B1 (mip.MTI <- 0b1, mip.STI <- 0b0)
mem[X,0x00000000800006AC] -> 0xD793
mem[X,0x00000000800006AE] -> 0x0398
[354] [M]: 0x00000000800006AC (0x0398D793) srli x15, x17, 0x39                      rvtest_entrypoint+72
x15 <- 0x0000000000000000

mem[X,0x00000000800006B0] -> 0x6933
mem[X,0x00000000800006B2] -> 0x00F9
[355] [M]: 0x00000000800006B0 (0x00F96933) or x18, x18, x15                         rvtest_entrypoint+76
x18 <- 0x0001F56FF76DF56F

clint mtime 0x00000000000000B2 (mip.MTI <- 0b1, mip.STI <- 0b0)
mem[X,0x00000000800006B4] -> 0x5993
mem[X,0x00000000800006B6] -> 0x0079
[356] [M]: 0x00000000800006B4 (0x00795993) srli x19, x18, 0x7                       rvtest_entrypoint+80
x19 <- 0x000003EADFEEDBEA

mem[X,0x00000000800006B8] -> 0x5793
mem[X,0x00000000800006BA] -> 0x0399
[357] [M]: 0x00000000800006B8 (0x03995793) srli x15, x18, 0x39                      rvtest_entrypoint+84
x15 <- 0x0000000000000000

clint mtime 0x00000000000000B3 (mip.MTI <- 0b1, mip.STI <- 0b0)
mem[X,0x00000000800006BC] -> 0xE9B3
mem[X,0x00000000800006BE] -> 0x00F9
[358] [M]: 0x00000000800006BC (0x00F9E9B3) or x19, x19, x15                         rvtest_entrypoint+88
x19 <- 0x000003EADFEEDBEA

mem[X,0x00000000800006C0] -> 0xDA13
mem[X,0x00000000800006C2] -> 0x0079
[359] [M]: 0x00000000800006C0 (0x0079DA13) srli x20, x19, 0x7                       rvtest_entrypoint+92
x20 <- 0x00000007D5BFDDB7

clint mtime 0x00000000000000B4 (mip.MTI <- 0b1, mip.STI <- 0b0)
mem[X,0x00000000800006C4] -> 0xD793
mem[X,0x00000000800006C6] -> 0x0399
[360] [M]: 0x00000000800006C4 (0x0399D793) srli x15, x19, 0x39                      rvtest_entrypoint+96
x15 <- 0x0000000000000000

mem[X,0x00000000800006C8] -> 0x6A33
mem[X,0x00000000800006CA] -> 0x00FA
[361] [M]: 0x00000000800006C8 (0x00FA6A33) or x20, x20, x15                         rvtest_entrypoint+100
x20 <- 0x00000007D5BFDDB7

clint mtime 0x00000000000000B5 (mip.MTI <- 0b1, mip.STI <- 0b0)
mem[X,0x00000000800006CC] -> 0x5A93
mem[X,0x00000000800006CE] -> 0x007A
[362] [M]: 0x00000000800006CC (0x007A5A93) srli x21, x20, 0x7                       rvtest_entrypoint+104
x21 <- 0x000000000FAB7FBB

mem[X,0x00000000800006D0] -> 0x5793
mem[X,0x00000000800006D2] -> 0x039A
[363] [M]: 0x00000000800006D0 (0x039A5793) srli x15, x20, 0x39                      rvtest_entrypoint+108
x15 <- 0x0000000000000000

clint mtime 0x00000000000000B6 (mip.MTI <- 0b1, mip.STI <- 0b0)
mem[X,0x00000000800006D4] -> 0xEAB3
mem[X,0x00000000800006D6] -> 0x00FA
[364] [M]: 0x00000000800006D4 (0x00FAEAB3) or x21, x21, x15                         rvtest_entrypoint+112
x21 <- 0x000000000FAB7FBB

mem[X,0x00000000800006D8] -> 0xDB13
mem[X,0x00000000800006DA] -> 0x007A
[365] [M]: 0x00000000800006D8 (0x007ADB13) srli x22, x21, 0x7                       rvtest_entrypoint+116
x22 <- 0x00000000001F56FF

clint mtime 0x00000000000000B7 (mip.MTI <- 0b1, mip.STI <- 0b0)
mem[X,0x00000000800006DC] -> 0xD793
mem[X,0x00000000800006DE] -> 0x039A
[366] [M]: 0x00000000800006DC (0x039AD793) srli x15, x21, 0x39                      rvtest_entrypoint+120
x15 <- 0x0000000000000000

mem[X,0x00000000800006E0] -> 0x6B33
mem[X,0x00000000800006E2] -> 0x00FB
[367] [M]: 0x00000000800006E0 (0x00FB6B33) or x22, x22, x15                         rvtest_entrypoint+124
x22 <- 0x00000000001F56FF

clint mtime 0x00000000000000B8 (mip.MTI <- 0b1, mip.STI <- 0b0)
mem[X,0x00000000800006E4] -> 0x5B93
mem[X,0x00000000800006E6] -> 0x007B
[368] [M]: 0x00000000800006E4 (0x007B5B93) srli x23, x22, 0x7                       rvtest_entrypoint+128
x23 <- 0x0000000000003EAD

mem[X,0x00000000800006E8] -> 0x5793
mem[X,0x00000000800006EA] -> 0x039B
[369] [M]: 0x00000000800006E8 (0x039B5793) srli x15, x22, 0x39                      rvtest_entrypoint+132
x15 <- 0x0000000000000000

clint mtime 0x00000000000000B9 (mip.MTI <- 0b1, mip.STI <- 0b0)
mem[X,0x00000000800006EC] -> 0xEBB3
mem[X,0x00000000800006EE] -> 0x00FB
[370] [M]: 0x00000000800006EC (0x00FBEBB3) or x23, x23, x15                         rvtest_entrypoint+136
x23 <- 0x0000000000003EAD

mem[X,0x00000000800006F0] -> 0xDC13
mem[X,0x00000000800006F2] -> 0x007B
[371] [M]: 0x00000000800006F0 (0x007BDC13) srli x24, x23, 0x7                       rvtest_entrypoint+140
x24 <- 0x000000000000007D

clint mtime 0x00000000000000BA (mip.MTI <- 0b1, mip.STI <- 0b0)
mem[X,0x00000000800006F4] -> 0xD793
mem[X,0x00000000800006F6] -> 0x039B
[372] [M]: 0x00000000800006F4 (0x039BD793) srli x15, x23, 0x39                      rvtest_entrypoint+144
x15 <- 0x0000000000000000

mem[X,0x00000000800006F8] -> 0x6C33
mem[X,0x00000000800006FA] -> 0x00FC
[373] [M]: 0x00000000800006F8 (0x00FC6C33) or x24, x24, x15                         rvtest_entrypoint+148
x24 <- 0x000000000000007D

clint mtime 0x00000000000000BB (mip.MTI <- 0b1, mip.STI <- 0b0)
mem[X,0x00000000800006FC] -> 0x5C93
mem[X,0x00000000800006FE] -> 0x007C
[374] [M]: 0x00000000800006FC (0x007C5C93) srli x25, x24, 0x7                       rvtest_entrypoint+152
x25 <- 0x0000000000000000

mem[X,0x0000000080000700] -> 0x5793
mem[X,0x0000000080000702] -> 0x039C
[375] [M]: 0x0000000080000700 (0x039C5793) srli x15, x24, 0x39                      rvtest_entrypoint+156
x15 <- 0x0000000000000000

clint mtime 0x00000000000000BC (mip.MTI <- 0b1, mip.STI <- 0b0)
mem[X,0x0000000080000704] -> 0xECB3
mem[X,0x0000000080000706] -> 0x00FC
[376] [M]: 0x0000000080000704 (0x00FCECB3) or x25, x25, x15                         rvtest_entrypoint+160
x25 <- 0x0000000000000000

mem[X,0x0000000080000708] -> 0xDD13
mem[X,0x000000008000070A] -> 0x007C
[377] [M]: 0x0000000080000708 (0x007CDD13) srli x26, x25, 0x7                       rvtest_entrypoint+164
x26 <- 0x0000000000000000

clint mtime 0x00000000000000BD (mip.MTI <- 0b1, mip.STI <- 0b0)
mem[X,0x000000008000070C] -> 0xD793
mem[X,0x000000008000070E] -> 0x039C
[378] [M]: 0x000000008000070C (0x039CD793) srli x15, x25, 0x39                      rvtest_entrypoint+168
x15 <- 0x0000000000000000

mem[X,0x0000000080000710] -> 0x6D33
mem[X,0x0000000080000712] -> 0x00FD
[379] [M]: 0x0000000080000710 (0x00FD6D33) or x26, x26, x15                         rvtest_entrypoint+172
x26 <- 0x0000000000000000

clint mtime 0x00000000000000BE (mip.MTI <- 0b1, mip.STI <- 0b0)
mem[X,0x0000000080000714] -> 0x5D93
mem[X,0x0000000080000716] -> 0x007D
[380] [M]: 0x0000000080000714 (0x007D5D93) srli x27, x26, 0x7                       rvtest_entrypoint+176
x27 <- 0x0000000000000000

mem[X,0x0000000080000718] -> 0x5793
mem[X,0x000000008000071A] -> 0x039D
[381] [M]: 0x0000000080000718 (0x039D5793) srli x15, x26, 0x39                      rvtest_entrypoint+180
x15 <- 0x0000000000000000

clint mtime 0x00000000000000BF (mip.MTI <- 0b1, mip.STI <- 0b0)
mem[X,0x000000008000071C] -> 0xEDB3
mem[X,0x000000008000071E] -> 0x00FD
[382] [M]: 0x000000008000071C (0x00FDEDB3) or x27, x27, x15                         rvtest_entrypoint+184
x27 <- 0x0000000000000000

mem[X,0x0000000080000720] -> 0xDE13
mem[X,0x0000000080000722] -> 0x007D
[383] [M]: 0x0000000080000720 (0x007DDE13) srli x28, x27, 0x7                       rvtest_entrypoint+188
x28 <- 0x0000000000000000

clint mtime 0x00000000000000C0 (mip.MTI <- 0b1, mip.STI <- 0b0)
mem[X,0x0000000080000724] -> 0xD793
mem[X,0x0000000080000726] -> 0x039D
[384] [M]: 0x0000000080000724 (0x039DD793) srli x15, x27, 0x39                      rvtest_entrypoint+192
x15 <- 0x0000000000000000

mem[X,0x0000000080000728] -> 0x6E33
mem[X,0x000000008000072A] -> 0x00FE
[385] [M]: 0x0000000080000728 (0x00FE6E33) or x28, x28, x15                         rvtest_entrypoint+196
x28 <- 0x0000000000000000

clint mtime 0x00000000000000C1 (mip.MTI <- 0b1, mip.STI <- 0b0)
mem[X,0x000000008000072C] -> 0x5E93
mem[X,0x000000008000072E] -> 0x007E
[386] [M]: 0x000000008000072C (0x007E5E93) srli x29, x28, 0x7                       rvtest_entrypoint+200
x29 <- 0x0000000000000000

mem[X,0x0000000080000730] -> 0x5793
mem[X,0x0000000080000732] -> 0x039E
[387] [M]: 0x0000000080000730 (0x039E5793) srli x15, x28, 0x39                      rvtest_entrypoint+204
x15 <- 0x0000000000000000

clint mtime 0x00000000000000C2 (mip.MTI <- 0b1, mip.STI <- 0b0)
mem[X,0x0000000080000734] -> 0xEEB3
mem[X,0x0000000080000736] -> 0x00FE
[388] [M]: 0x0000000080000734 (0x00FEEEB3) or x29, x29, x15                         rvtest_entrypoint+208
x29 <- 0x0000000000000000

mem[X,0x0000000080000738] -> 0xDF13
mem[X,0x000000008000073A] -> 0x007E
[389] [M]: 0x0000000080000738 (0x007EDF13) srli x30, x29, 0x7                       rvtest_entrypoint+212
x30 <- 0x0000000000000000

clint mtime 0x00000000000000C3 (mip.MTI <- 0b1, mip.STI <- 0b0)
mem[X,0x000000008000073C] -> 0xD793
mem[X,0x000000008000073E] -> 0x039E
[390] [M]: 0x000000008000073C (0x039ED793) srli x15, x29, 0x39                      rvtest_entrypoint+216
x15 <- 0x0000000000000000

mem[X,0x0000000080000740] -> 0x6F33
mem[X,0x0000000080000742] -> 0x00FF
[391] [M]: 0x0000000080000740 (0x00FF6F33) or x30, x30, x15                         rvtest_entrypoint+220
x30 <- 0x0000000000000000

clint mtime 0x00000000000000C4 (mip.MTI <- 0b1, mip.STI <- 0b0)
mem[X,0x0000000080000744] -> 0xC0B7
mem[X,0x0000000080000746] -> 0xFEED
[392] [M]: 0x0000000080000744 (0xFEEDC0B7) lui x1, -0x1124                          rvtest_entrypoint+224
x1 <- 0xFFFFFFFFFEEDC000

mem[X,0x0000000080000748] -> 0x8093
mem[X,0x000000008000074A] -> 0xEAD0
[393] [M]: 0x0000000080000748 (0xEAD08093) addi x1, x1, -0x153                      rvtest_entrypoint+228
x1 <- 0xFFFFFFFFFEEDBEAD

clint mtime 0x00000000000000C5 (mip.MTI <- 0b1, mip.STI <- 0b0)
mem[X,0x000000008000074C] -> 0x9093
mem[X,0x000000008000074E] -> 0x00B0
[394] [M]: 0x000000008000074C (0x00B09093) slli x1, x1, 0xb                         rvtest_entrypoint+232
x1 <- 0xFFFFFFF76DF56800

mem[X,0x0000000080000750] -> 0x8093
mem[X,0x0000000080000752] -> 0x7F70
[395] [M]: 0x0000000080000750 (0x7F708093) addi x1, x1, 0x7f7                       rvtest_entrypoint+236
x1 <- 0xFFFFFFF76DF56FF7

clint mtime 0x00000000000000C6 (mip.MTI <- 0b1, mip.STI <- 0b0)
mem[X,0x0000000080000754] -> 0x9093
mem[X,0x0000000080000756] -> 0x00B0
[396] [M]: 0x0000000080000754 (0x00B09093) slli x1, x1, 0xb                         rvtest_entrypoint+240
x1 <- 0xFFFFBB6FAB7FB800

mem[X,0x0000000080000758] -> 0x8093
mem[X,0x000000008000075A] -> 0x36F0
[397] [M]: 0x0000000080000758 (0x36F08093) addi x1, x1, 0x36f                       rvtest_entrypoint+244
x1 <- 0xFFFFBB6FAB7FBB6F

clint mtime 0x00000000000000C7 (mip.MTI <- 0b1, mip.STI <- 0b0)
mem[X,0x000000008000075C] -> 0x9093
mem[X,0x000000008000075E] -> 0x00A0
[398] [M]: 0x000000008000075C (0x00A09093) slli x1, x1, 0xa                         rvtest_entrypoint+248
x1 <- 0xFEEDBEADFEEDBC00

mem[X,0x0000000080000760] -> 0x8093
mem[X,0x0000000080000762] -> 0x2AD0
[399] [M]: 0x0000000080000760 (0x2AD08093) addi x1, x1, 0x2ad                       rvtest_entrypoint+252
x1 <- 0xFEEDBEADFEEDBEAD

clint mtime 0x00000000000000C8 (mip.MTI <- 0b1, mip.STI <- 0b0)
mem[X,0x0000000080000764] -> 0xD113
mem[X,0x0000000080000766] -> 0x0070
[400] [M]: 0x0000000080000764 (0x0070D113) srli x2, x1, 0x7                         rvtest_entrypoint+256
x2 <- 0x01FDDB7D5BFDDB7D

mem[X,0x0000000080000768] -> 0xD793
mem[X,0x000000008000076A] -> 0x0390
[401] [M]: 0x0000000080000768 (0x0390D793) srli x15, x1, 0x39                       rvtest_entrypoint+260
x15 <- 0x000000000000007F

clint mtime 0x00000000000000C9 (mip.MTI <- 0b1, mip.STI <- 0b0)
mem[X,0x000000008000076C] -> 0x6133
mem[X,0x000000008000076E] -> 0x00F1
[402] [M]: 0x000000008000076C (0x00F16133) or x2, x2, x15                           rvtest_entrypoint+264
x2 <- 0x01FDDB7D5BFDDB7F

mem[X,0x0000000080000770] -> 0x5193
mem[X,0x0000000080000772] -> 0x0071
[403] [M]: 0x0000000080000770 (0x00715193) srli x3, x2, 0x7                         rvtest_entrypoint+268
x3 <- 0x0003FBB6FAB7FBB6

clint mtime 0x00000000000000CA (mip.MTI <- 0b1, mip.STI <- 0b0)
mem[X,0x0000000080000774] -> 0x5793
mem[X,0x0000000080000776] -> 0x0391
[404] [M]: 0x0000000080000774 (0x03915793) srli x15, x2, 0x39                       rvtest_entrypoint+272
x15 <- 0x0000000000000000

mem[X,0x0000000080000778] -> 0xE1B3
mem[X,0x000000008000077A] -> 0x00F1
[405] [M]: 0x0000000080000778 (0x00F1E1B3) or x3, x3, x15                           rvtest_entrypoint+276
x3 <- 0x0003FBB6FAB7FBB6

clint mtime 0x00000000000000CB (mip.MTI <- 0b1, mip.STI <- 0b0)
mem[X,0x000000008000077C] -> 0xD213
mem[X,0x000000008000077E] -> 0x0071
[406] [M]: 0x000000008000077C (0x0071D213) srli x4, x3, 0x7                         rvtest_entrypoint+280
x4 <- 0x000007F76DF56FF7

mem[X,0x0000000080000780] -> 0xD793
mem[X,0x0000000080000782] -> 0x0391
[407] [M]: 0x0000000080000780 (0x0391D793) srli x15, x3, 0x39                       rvtest_entrypoint+284
x15 <- 0x0000000000000000

clint mtime 0x00000000000000CC (mip.MTI <- 0b1, mip.STI <- 0b0)
mem[X,0x0000000080000784] -> 0x6233
mem[X,0x0000000080000786] -> 0x00F2
[408] [M]: 0x0000000080000784 (0x00F26233) or x4, x4, x15                           rvtest_entrypoint+288
x4 <- 0x000007F76DF56FF7

mem[X,0x0000000080000788] -> 0x5293
mem[X,0x000000008000078A] -> 0x0072
[409] [M]: 0x0000000080000788 (0x00725293) srli x5, x4, 0x7                         rvtest_entrypoint+292
x5 <- 0x0000000FEEDBEADF

clint mtime 0x00000000000000CD (mip.MTI <- 0b1, mip.STI <- 0b0)
mem[X,0x000000008000078C] -> 0x5793
mem[X,0x000000008000078E] -> 0x0392
[410] [M]: 0x000000008000078C (0x03925793) srli x15, x4, 0x39                       rvtest_entrypoint+296
x15 <- 0x0000000000000000

mem[X,0x0000000080000790] -> 0xE2B3
mem[X,0x0000000080000792] -> 0x00F2
[411] [M]: 0x0000000080000790 (0x00F2E2B3) or x5, x5, x15                           rvtest_entrypoint+300
x5 <- 0x0000000FEEDBEADF

clint mtime 0x00000000000000CE (mip.MTI <- 0b1, mip.STI <- 0b0)
mem[X,0x0000000080000794] -> 0xD313
mem[X,0x0000000080000796] -> 0x0072
[412] [M]: 0x0000000080000794 (0x0072D313) srli x6, x5, 0x7                         rvtest_entrypoint+304
x6 <- 0x000000001FDDB7D5

mem[X,0x0000000080000798] -> 0xD793
mem[X,0x000000008000079A] -> 0x0392
[413] [M]: 0x0000000080000798 (0x0392D793) srli x15, x5, 0x39                       rvtest_entrypoint+308
x15 <- 0x0000000000000000

clint mtime 0x00000000000000CF (mip.MTI <- 0b1, mip.STI <- 0b0)
mem[X,0x000000008000079C] -> 0x6333
mem[X,0x000000008000079E] -> 0x00F3
[414] [M]: 0x000000008000079C (0x00F36333) or x6, x6, x15                           rvtest_entrypoint+312
x6 <- 0x000000001FDDB7D5

mem[X,0x00000000800007A0] -> 0x5393
mem[X,0x00000000800007A2] -> 0x0073
[415] [M]: 0x00000000800007A0 (0x00735393) srli x7, x6, 0x7                         rvtest_entrypoint+316
x7 <- 0x00000000003FBB6F

clint mtime 0x00000000000000D0 (mip.MTI <- 0b1, mip.STI <- 0b0)
mem[X,0x00000000800007A4] -> 0x5793
mem[X,0x00000000800007A6] -> 0x0393
[416] [M]: 0x00000000800007A4 (0x03935793) srli x15, x6, 0x39                       rvtest_entrypoint+320
x15 <- 0x0000000000000000

mem[X,0x00000000800007A8] -> 0xE3B3
mem[X,0x00000000800007AA] -> 0x00F3
[417] [M]: 0x00000000800007A8 (0x00F3E3B3) or x7, x7, x15                           rvtest_entrypoint+324
x7 <- 0x00000000003FBB6F

clint mtime 0x00000000000000D1 (mip.MTI <- 0b1, mip.STI <- 0b0)
mem[X,0x00000000800007AC] -> 0xD413
mem[X,0x00000000800007AE] -> 0x0073
[418] [M]: 0x00000000800007AC (0x0073D413) srli x8, x7, 0x7                         rvtest_entrypoint+328
x8 <- 0x0000000000007F76

mem[X,0x00000000800007B0] -> 0xD793
mem[X,0x00000000800007B2] -> 0x0393
[419] [M]: 0x00000000800007B0 (0x0393D793) srli x15, x7, 0x39                       rvtest_entrypoint+332
x15 <- 0x0000000000000000

clint mtime 0x00000000000000D2 (mip.MTI <- 0b1, mip.STI <- 0b0)
mem[X,0x00000000800007B4] -> 0x6433
mem[X,0x00000000800007B6] -> 0x00F4
[420] [M]: 0x00000000800007B4 (0x00F46433) or x8, x8, x15                           rvtest_entrypoint+336
x8 <- 0x0000000000007F76

mem[X,0x00000000800007B8] -> 0x5493
mem[X,0x00000000800007BA] -> 0x0074
[421] [M]: 0x00000000800007B8 (0x00745493) srli x9, x8, 0x7                         rvtest_entrypoint+340
x9 <- 0x00000000000000FE

clint mtime 0x00000000000000D3 (mip.MTI <- 0b1, mip.STI <- 0b0)
mem[X,0x00000000800007BC] -> 0x5793
mem[X,0x00000000800007BE] -> 0x0394
[422] [M]: 0x00000000800007BC (0x03945793) srli x15, x8, 0x39                       rvtest_entrypoint+344
x15 <- 0x0000000000000000

mem[X,0x00000000800007C0] -> 0xE4B3
mem[X,0x00000000800007C2] -> 0x00F4
[423] [M]: 0x00000000800007C0 (0x00F4E4B3) or x9, x9, x15                           rvtest_entrypoint+348
x9 <- 0x00000000000000FE

clint mtime 0x00000000000000D4 (mip.MTI <- 0b1, mip.STI <- 0b0)
mem[X,0x00000000800007C4] -> 0xD513
mem[X,0x00000000800007C6] -> 0x0074
[424] [M]: 0x00000000800007C4 (0x0074D513) srli x10, x9, 0x7                        rvtest_entrypoint+352
x10 <- 0x0000000000000001

mem[X,0x00000000800007C8] -> 0xD793
mem[X,0x00000000800007CA] -> 0x0394
[425] [M]: 0x00000000800007C8 (0x0394D793) srli x15, x9, 0x39                       rvtest_entrypoint+356
x15 <- 0x0000000000000000

clint mtime 0x00000000000000D5 (mip.MTI <- 0b1, mip.STI <- 0b0)
mem[X,0x00000000800007CC] -> 0x6533
mem[X,0x00000000800007CE] -> 0x00F5
[426] [M]: 0x00000000800007CC (0x00F56533) or x10, x10, x15                         rvtest_entrypoint+360
x10 <- 0x0000000000000001

mem[X,0x00000000800007D0] -> 0x5593
mem[X,0x00000000800007D2] -> 0x0075
[427] [M]: 0x00000000800007D0 (0x00755593) srli x11, x10, 0x7                       rvtest_entrypoint+364
x11 <- 0x0000000000000000

clint mtime 0x00000000000000D6 (mip.MTI <- 0b1, mip.STI <- 0b0)
mem[X,0x00000000800007D4] -> 0x5793
mem[X,0x00000000800007D6] -> 0x0395
[428] [M]: 0x00000000800007D4 (0x03955793) srli x15, x10, 0x39                      rvtest_entrypoint+368
x15 <- 0x0000000000000000

mem[X,0x00000000800007D8] -> 0xE5B3
mem[X,0x00000000800007DA] -> 0x00F5
[429] [M]: 0x00000000800007D8 (0x00F5E5B3) or x11, x11, x15                         rvtest_entrypoint+372
x11 <- 0x0000000000000000

clint mtime 0x00000000000000D7 (mip.MTI <- 0b1, mip.STI <- 0b0)
mem[X,0x00000000800007DC] -> 0xD613
mem[X,0x00000000800007DE] -> 0x0075
[430] [M]: 0x00000000800007DC (0x0075D613) srli x12, x11, 0x7                       rvtest_entrypoint+376
x12 <- 0x0000000000000000

mem[X,0x00000000800007E0] -> 0xD793
mem[X,0x00000000800007E2] -> 0x0395
[431] [M]: 0x00000000800007E0 (0x0395D793) srli x15, x11, 0x39                      rvtest_entrypoint+380
x15 <- 0x0000000000000000

clint mtime 0x00000000000000D8 (mip.MTI <- 0b1, mip.STI <- 0b0)
mem[X,0x00000000800007E4] -> 0x6633
mem[X,0x00000000800007E6] -> 0x00F6
[432] [M]: 0x00000000800007E4 (0x00F66633) or x12, x12, x15                         rvtest_entrypoint+384
x12 <- 0x0000000000000000

mem[X,0x00000000800007E8] -> 0x5693
mem[X,0x00000000800007EA] -> 0x0076
[433] [M]: 0x00000000800007E8 (0x00765693) srli x13, x12, 0x7                       rvtest_entrypoint+388
x13 <- 0x0000000000000000

clint mtime 0x00000000000000D9 (mip.MTI <- 0b1, mip.STI <- 0b0)
mem[X,0x00000000800007EC] -> 0x5793
mem[X,0x00000000800007EE] -> 0x0396
[434] [M]: 0x00000000800007EC (0x03965793) srli x15, x12, 0x39                      rvtest_entrypoint+392
x15 <- 0x0000000000000000

mem[X,0x00000000800007F0] -> 0xE6B3
mem[X,0x00000000800007F2] -> 0x00F6
[435] [M]: 0x00000000800007F0 (0x00F6E6B3) or x13, x13, x15                         rvtest_entrypoint+396
x13 <- 0x0000000000000000

clint mtime 0x00000000000000DA (mip.MTI <- 0b1, mip.STI <- 0b0)
mem[X,0x00000000800007F4] -> 0x0013
mem[X,0x00000000800007F6] -> 0x0000
[436] [M]: 0x00000000800007F4 (0x00000013) addi x0, x0, 0x0                         rvtest_code_begin+0

mem[X,0x00000000800007F8] -> 0x0013
mem[X,0x00000000800007FA] -> 0x0000
[437] [M]: 0x00000000800007F8 (0x00000013) addi x0, x0, 0x0                         rvtest_code_begin+4

clint mtime 0x00000000000000DB (mip.MTI <- 0b1, mip.STI <- 0b0)
mem[X,0x00000000800007FC] -> 0x0013
mem[X,0x00000000800007FE] -> 0x0000
[438] [M]: 0x00000000800007FC (0x00000013) addi x0, x0, 0x0                         rvtest_code_begin+8

mem[X,0x0000000080000800] -> 0x8697
mem[X,0x0000000080000802] -> 0x0000
[439] [M]: 0x0000000080000800 (0x00008697) auipc x13, 0x8                           rvtest_code_begin+12
x13 <- 0x0000000080008800

clint mtime 0x00000000000000DC (mip.MTI <- 0b1, mip.STI <- 0b0)
mem[X,0x0000000080000804] -> 0x8693
mem[X,0x0000000080000806] -> 0x9186
[440] [M]: 0x0000000080000804 (0x91868693) addi x13, x13, -0x6e8                    rvtest_code_begin+16
x13 <- 0x0000000080008118

mem[X,0x0000000080000808] -> 0x0001
[441] [M]: 0x0000000080000808 (0x0001) c.nop                                        rvtest_code_begin+20

clint mtime 0x00000000000000DD (mip.MTI <- 0b1, mip.STI <- 0b0)
mem[X,0x000000008000080A] -> 0x0013
mem[X,0x000000008000080C] -> 0x0000
[442] [M]: 0x000000008000080A (0x00000013) addi x0, x0, 0x0                         rvtest_code_begin+22

mem[X,0x000000008000080E] -> 0x0013
mem[X,0x0000000080000810] -> 0x0000
[443] [M]: 0x000000008000080E (0x00000013) addi x0, x0, 0x0                         rvtest_code_begin+26

clint mtime 0x00000000000000DE (mip.MTI <- 0b1, mip.STI <- 0b0)
mem[X,0x0000000080000812] -> 0x0013
mem[X,0x0000000080000814] -> 0x0000
[444] [M]: 0x0000000080000812 (0x00000013) addi x0, x0, 0x0                         rvtest_code_begin+30

mem[X,0x0000000080000816] -> 0x0013
mem[X,0x0000000080000818] -> 0x0000
[445] [M]: 0x0000000080000816 (0x00000013) addi x0, x0, 0x0                         rvtest_code_begin+34

clint mtime 0x00000000000000DF (mip.MTI <- 0b1, mip.STI <- 0b0)
mem[X,0x000000008000081A] -> 0x0013
mem[X,0x000000008000081C] -> 0x0000
[446] [M]: 0x000000008000081A (0x00000013) addi x0, x0, 0x0                         rvtest_code_begin+38

mem[X,0x000000008000081E] -> 0x0001
[447] [M]: 0x000000008000081E (0x0001) c.nop                                        rvtest_code_begin+42

clint mtime 0x00000000000000E0 (mip.MTI <- 0b1, mip.STI <- 0b0)
mem[X,0x0000000080000820] -> 0xD737
mem[X,0x0000000080000822] -> 0x0000
[448] [M]: 0x0000000080000820 (0x0000D737) lui x14, 0xd                             main+0
x14 <- 0x000000000000D000

mem[X,0x0000000080000824] -> 0x071B
mem[X,0x0000000080000826] -> 0xEED7
[449] [M]: 0x0000000080000824 (0xEED7071B) addiw x14, x14, -0x113                   main+4
x14 <- 0x000000000000CEED

clint mtime 0x00000000000000E1 (mip.MTI <- 0b1, mip.STI <- 0b0)
mem[X,0x0000000080000828] -> 0xB023
mem[X,0x000000008000082A] -> 0x00E6
[450] [M]: 0x0000000080000828 (0x00E6B023) sd x14, 0x0(x13)                         main+8
mem[W,0x0000000080008118] <- 0x000000000000CEED

mem[X,0x000000008000082C] -> 0xC737
mem[X,0x000000008000082E] -> 0x0000
[451] [M]: 0x000000008000082C (0x0000C737) lui x14, 0xc                             main+12
x14 <- 0x000000000000C000

clint mtime 0x00000000000000E2 (mip.MTI <- 0b1, mip.STI <- 0b0)
mem[X,0x0000000080000830] -> 0x071B
mem[X,0x0000000080000832] -> 0xEED7
[452] [M]: 0x0000000080000830 (0xEED7071B) addiw x14, x14, -0x113                   main+16
x14 <- 0x000000000000BEED

mem[X,0x0000000080000834] -> 0xB423
mem[X,0x0000000080000836] -> 0x00E6
[453] [M]: 0x0000000080000834 (0x00E6B423) sd x14, 0x8(x13)                         main+20
mem[W,0x0000000080008120] <- 0x000000000000BEED

clint mtime 0x00000000000000E3 (mip.MTI <- 0b1, mip.STI <- 0b0)
mem[X,0x0000000080000838] -> 0x0393
mem[X,0x000000008000083A] -> 0xFFF0
[454] [M]: 0x0000000080000838 (0xFFF00393) addi x7, x0, -0x1                        main+24
x7 <- 0xFFFFFFFFFFFFFFFF

mem[X,0x000000008000083C] -> 0x9073
mem[X,0x000000008000083E] -> 0x3B03
[455] [M]: 0x000000008000083C (0x3B039073) csrrw x0, pmpaddr0, x7                   main+28
CSR pmpaddr0 (0x3B0) <- 0x003FFFFFFFFFFFFF

clint mtime 0x00000000000000E4 (mip.MTI <- 0b1, mip.STI <- 0b0)
mem[X,0x0000000080000840] -> 0x0393
mem[X,0x0000000080000842] -> 0x00F0
[456] [M]: 0x0000000080000840 (0x00F00393) addi x7, x0, 0xf                         main+32
x7 <- 0x000000000000000F

mem[X,0x0000000080000844] -> 0x9073
mem[X,0x0000000080000846] -> 0x3A03
[457] [M]: 0x0000000080000844 (0x3A039073) csrrw x0, pmpcfg0, x7                    main+36
CSR pmpcfg0 (0x3A0) <- 0x000000000000000F

clint mtime 0x00000000000000E5 (mip.MTI <- 0b1, mip.STI <- 0b0)
mem[X,0x0000000080000848] -> 0x0073
mem[X,0x000000008000084A] -> 0x1200
[458] [M]: 0x0000000080000848 (0x12000073) sfence.vma x0, x0                        main+40

mem[X,0x000000008000084C] -> 0x1073
mem[X,0x000000008000084E] -> 0x1800
[459] [M]: 0x000000008000084C (0x18001073) csrrw x0, satp, x0                       main+44
CSR satp (0x180) <- 0x0000000000000000

clint mtime 0x00000000000000E6 (mip.MTI <- 0b1, mip.STI <- 0b0)
mem[X,0x0000000080000850] -> 0x0013
mem[X,0x0000000080000852] -> 0x0000
[460] [M]: 0x0000000080000850 (0x00000013) addi x0, x0, 0x0                         main+48

mem[X,0x0000000080000854] -> 0x0013
mem[X,0x0000000080000856] -> 0x0000
[461] [M]: 0x0000000080000854 (0x00000013) addi x0, x0, 0x0                         main+52

clint mtime 0x00000000000000E7 (mip.MTI <- 0b1, mip.STI <- 0b0)
mem[X,0x0000000080000858] -> 0x0013
mem[X,0x000000008000085A] -> 0x0000
[462] [M]: 0x0000000080000858 (0x00000013) addi x0, x0, 0x0                         main+56

mem[X,0x000000008000085C] -> 0x0013
mem[X,0x000000008000085E] -> 0x0000
[463] [M]: 0x000000008000085C (0x00000013) addi x0, x0, 0x0                         main+60

clint mtime 0x00000000000000E8 (mip.MTI <- 0b1, mip.STI <- 0b0)
mem[X,0x0000000080000860] -> 0x0517
mem[X,0x0000000080000862] -> 0x0000
[464] [M]: 0x0000000080000860 (0x00000517) auipc x10, 0x0                           main+64
x10 <- 0x0000000080000860

mem[X,0x0000000080000864] -> 0x0513
mem[X,0x0000000080000866] -> 0xF945
[465] [M]: 0x0000000080000864 (0xF9450513) addi x10, x10, -0x6c                     main+68
x10 <- 0x00000000800007F4

clint mtime 0x00000000000000E9 (mip.MTI <- 0b1, mip.STI <- 0b0)
mem[X,0x0000000080000868] -> 0x0001
[466] [M]: 0x0000000080000868 (0x0001) c.nop                                        main+72

mem[X,0x000000008000086A] -> 0x0013
mem[X,0x000000008000086C] -> 0x0000
[467] [M]: 0x000000008000086A (0x00000013) addi x0, x0, 0x0                         main+74

clint mtime 0x00000000000000EA (mip.MTI <- 0b1, mip.STI <- 0b0)
mem[X,0x000000008000086E] -> 0x0013
mem[X,0x0000000080000870] -> 0x0000
[468] [M]: 0x000000008000086E (0x00000013) addi x0, x0, 0x0                         main+78

mem[X,0x0000000080000872] -> 0x0013
mem[X,0x0000000080000874] -> 0x0000
[469] [M]: 0x0000000080000872 (0x00000013) addi x0, x0, 0x0                         main+82

clint mtime 0x00000000000000EB (mip.MTI <- 0b1, mip.STI <- 0b0)
mem[X,0x0000000080000876] -> 0x0013
mem[X,0x0000000080000878] -> 0x0000
[470] [M]: 0x0000000080000876 (0x00000013) addi x0, x0, 0x0                         main+86

mem[X,0x000000008000087A] -> 0x0013
mem[X,0x000000008000087C] -> 0x0000
[471] [M]: 0x000000008000087A (0x00000013) addi x0, x0, 0x0                         main+90

clint mtime 0x00000000000000EC (mip.MTI <- 0b1, mip.STI <- 0b0)
mem[X,0x000000008000087E] -> 0x0001
[472] [M]: 0x000000008000087E (0x0001) c.nop                                        main+94

mem[X,0x0000000080000880] -> 0x0593
mem[X,0x0000000080000882] -> 0x0CB0
[473] [M]: 0x0000000080000880 (0x0CB00593) addi x11, x0, 0xcb                       main+96
x11 <- 0x00000000000000CB

clint mtime 0x00000000000000ED (mip.MTI <- 0b1, mip.STI <- 0b0)
mem[X,0x0000000080000884] -> 0x5513
mem[X,0x0000000080000886] -> 0x00C5
[474] [M]: 0x0000000080000884 (0x00C55513) srli x10, x10, 0xc                       main+100
x10 <- 0x0000000000080000

mem[X,0x0000000080000888] -> 0x1513
mem[X,0x000000008000088A] -> 0x00A5
[475] [M]: 0x0000000080000888 (0x00A51513) slli x10, x10, 0xa                       main+104
x10 <- 0x0000000020000000

clint mtime 0x00000000000000EE (mip.MTI <- 0b1, mip.STI <- 0b0)
mem[X,0x000000008000088C] -> 0x6533
mem[X,0x000000008000088E] -> 0x00B5
[476] [M]: 0x000000008000088C (0x00B56533) or x10, x10, x11                         main+108
x10 <- 0x00000000200000CB

mem[X,0x0000000080000890] -> 0x0013
mem[X,0x0000000080000892] -> 0x0000
[477] [M]: 0x0000000080000890 (0x00000013) addi x0, x0, 0x0                         main+112

clint mtime 0x00000000000000EF (mip.MTI <- 0b1, mip.STI <- 0b0)
mem[X,0x0000000080000894] -> 0x0013
mem[X,0x0000000080000896] -> 0x0000
[478] [M]: 0x0000000080000894 (0x00000013) addi x0, x0, 0x0                         main+116

mem[X,0x0000000080000898] -> 0x0013
mem[X,0x000000008000089A] -> 0x0000
[479] [M]: 0x0000000080000898 (0x00000013) addi x0, x0, 0x0                         main+120

clint mtime 0x00000000000000F0 (mip.MTI <- 0b1, mip.STI <- 0b0)
mem[X,0x000000008000089C] -> 0x0013
mem[X,0x000000008000089E] -> 0x0000
[480] [M]: 0x000000008000089C (0x00000013) addi x0, x0, 0x0                         main+124

mem[X,0x00000000800008A0] -> 0x6317
mem[X,0x00000000800008A2] -> 0x0000
[481] [M]: 0x00000000800008A0 (0x00006317) auipc x6, 0x6                            main+128
x6 <- 0x00000000800068A0

clint mtime 0x00000000000000F1 (mip.MTI <- 0b1, mip.STI <- 0b0)
mem[X,0x00000000800008A4] -> 0x0313
mem[X,0x00000000800008A6] -> 0x7603
[482] [M]: 0x00000000800008A4 (0x76030313) addi x6, x6, 0x760                       main+132
x6 <- 0x0000000080007000

mem[X,0x00000000800008A8] -> 0x0001
[483] [M]: 0x00000000800008A8 (0x0001) c.nop                                        main+136

clint mtime 0x00000000000000F2 (mip.MTI <- 0b1, mip.STI <- 0b0)
mem[X,0x00000000800008AA] -> 0x0013
mem[X,0x00000000800008AC] -> 0x0000
[484] [M]: 0x00000000800008AA (0x00000013) addi x0, x0, 0x0                         main+138

mem[X,0x00000000800008AE] -> 0x0013
mem[X,0x00000000800008B0] -> 0x0000
[485] [M]: 0x00000000800008AE (0x00000013) addi x0, x0, 0x0                         main+142

clint mtime 0x00000000000000F3 (mip.MTI <- 0b1, mip.STI <- 0b0)
mem[X,0x00000000800008B2] -> 0x0013
mem[X,0x00000000800008B4] -> 0x0000
[486] [M]: 0x00000000800008B2 (0x00000013) addi x0, x0, 0x0                         main+146

mem[X,0x00000000800008B6] -> 0x0013
mem[X,0x00000000800008B8] -> 0x0000
[487] [M]: 0x00000000800008B6 (0x00000013) addi x0, x0, 0x0                         main+150

clint mtime 0x00000000000000F4 (mip.MTI <- 0b1, mip.STI <- 0b0)
mem[X,0x00000000800008BA] -> 0x0013
mem[X,0x00000000800008BC] -> 0x0000
[488] [M]: 0x00000000800008BA (0x00000013) addi x0, x0, 0x0                         main+154

mem[X,0x00000000800008BE] -> 0x0001
[489] [M]: 0x00000000800008BE (0x0001) c.nop                                        main+158

clint mtime 0x00000000000000F5 (mip.MTI <- 0b1, mip.STI <- 0b0)
mem[X,0x00000000800008C0] -> 0x0293
mem[X,0x00000000800008C2] -> 0x0300
[490] [M]: 0x00000000800008C0 (0x03000293) addi x5, x0, 0x30                        main+160
x5 <- 0x0000000000000030

mem[X,0x00000000800008C4] -> 0x0333
mem[X,0x00000000800008C6] -> 0x0053
[491] [M]: 0x00000000800008C4 (0x00530333) add x6, x6, x5                           main+164
x6 <- 0x0000000080007030

clint mtime 0x00000000000000F6 (mip.MTI <- 0b1, mip.STI <- 0b0)
mem[X,0x00000000800008C8] -> 0x3023
mem[X,0x00000000800008CA] -> 0x00A3
[492] [M]: 0x00000000800008C8 (0x00A33023) sd x10, 0x0(x6)                          main+168
mem[W,0x0000000080007030] <- 0x00000000200000CB

mem[X,0x00000000800008CC] -> 0x0073
mem[X,0x00000000800008CE] -> 0x1200
[493] [M]: 0x00000000800008CC (0x12000073) sfence.vma x0, x0                        main+172

clint mtime 0x00000000000000F7 (mip.MTI <- 0b1, mip.STI <- 0b0)
mem[X,0x00000000800008D0] -> 0x0013
mem[X,0x00000000800008D2] -> 0x0000
[494] [M]: 0x00000000800008D0 (0x00000013) addi x0, x0, 0x0                         main+176

mem[X,0x00000000800008D4] -> 0x0013
mem[X,0x00000000800008D6] -> 0x0000
[495] [M]: 0x00000000800008D4 (0x00000013) addi x0, x0, 0x0                         main+180

clint mtime 0x00000000000000F8 (mip.MTI <- 0b1, mip.STI <- 0b0)
mem[X,0x00000000800008D8] -> 0x0013
mem[X,0x00000000800008DA] -> 0x0000
[496] [M]: 0x00000000800008D8 (0x00000013) addi x0, x0, 0x0                         main+184

mem[X,0x00000000800008DC] -> 0x0013
mem[X,0x00000000800008DE] -> 0x0000
[497] [M]: 0x00000000800008DC (0x00000013) addi x0, x0, 0x0                         main+188

clint mtime 0x00000000000000F9 (mip.MTI <- 0b1, mip.STI <- 0b0)
mem[X,0x00000000800008E0] -> 0x4517
mem[X,0x00000000800008E2] -> 0x0000
[498] [M]: 0x00000000800008E0 (0x00004517) auipc x10, 0x4                           main+192
x10 <- 0x00000000800048E0

mem[X,0x00000000800008E4] -> 0x0513
mem[X,0x00000000800008E6] -> 0xC505
[499] [M]: 0x00000000800008E4 (0xC5050513) addi x10, x10, -0x3b0                    main+196
x10 <- 0x0000000080004530

clint mtime 0x00000000000000FA (mip.MTI <- 0b1, mip.STI <- 0b0)
mem[X,0x00000000800008E8] -> 0x0001
[500] [M]: 0x00000000800008E8 (0x0001) c.nop                                        main+200

mem[X,0x00000000800008EA] -> 0x0013
mem[X,0x00000000800008EC] -> 0x0000
[501] [M]: 0x00000000800008EA (0x00000013) addi x0, x0, 0x0                         main+202

clint mtime 0x00000000000000FB (mip.MTI <- 0b1, mip.STI <- 0b0)
mem[X,0x00000000800008EE] -> 0x0013
mem[X,0x00000000800008F0] -> 0x0000
[502] [M]: 0x00000000800008EE (0x00000013) addi x0, x0, 0x0                         main+206

mem[X,0x00000000800008F2] -> 0x0013
mem[X,0x00000000800008F4] -> 0x0000
[503] [M]: 0x00000000800008F2 (0x00000013) addi x0, x0, 0x0                         main+210

clint mtime 0x00000000000000FC (mip.MTI <- 0b1, mip.STI <- 0b0)
mem[X,0x00000000800008F6] -> 0x0013
mem[X,0x00000000800008F8] -> 0x0000
[504] [M]: 0x00000000800008F6 (0x00000013) addi x0, x0, 0x0                         main+214

mem[X,0x00000000800008FA] -> 0x0013
mem[X,0x00000000800008FC] -> 0x0000
[505] [M]: 0x00000000800008FA (0x00000013) addi x0, x0, 0x0                         main+218

clint mtime 0x00000000000000FD (mip.MTI <- 0b1, mip.STI <- 0b0)
mem[X,0x00000000800008FE] -> 0x0001
[506] [M]: 0x00000000800008FE (0x0001) c.nop                                        main+222

mem[X,0x0000000080000900] -> 0x0593
mem[X,0x0000000080000902] -> 0x0CF0
[507] [M]: 0x0000000080000900 (0x0CF00593) addi x11, x0, 0xcf                       main+224
x11 <- 0x00000000000000CF

clint mtime 0x00000000000000FE (mip.MTI <- 0b1, mip.STI <- 0b0)
mem[X,0x0000000080000904] -> 0x5513
mem[X,0x0000000080000906] -> 0x00C5
[508] [M]: 0x0000000080000904 (0x00C55513) srli x10, x10, 0xc                       main+228
x10 <- 0x0000000000080004

mem[X,0x0000000080000908] -> 0x1513
mem[X,0x000000008000090A] -> 0x00A5
[509] [M]: 0x0000000080000908 (0x00A51513) slli x10, x10, 0xa                       main+232
x10 <- 0x0000000020001000

clint mtime 0x00000000000000FF (mip.MTI <- 0b1, mip.STI <- 0b0)
mem[X,0x000000008000090C] -> 0x6533
mem[X,0x000000008000090E] -> 0x00B5
[510] [M]: 0x000000008000090C (0x00B56533) or x10, x10, x11                         main+236
x10 <- 0x00000000200010CF

mem[X,0x0000000080000910] -> 0x0013
mem[X,0x0000000080000912] -> 0x0000
[511] [M]: 0x0000000080000910 (0x00000013) addi x0, x0, 0x0                         main+240

clint mtime 0x0000000000000100 (mip.MTI <- 0b1, mip.STI <- 0b0)
mem[X,0x0000000080000914] -> 0x0013
mem[X,0x0000000080000916] -> 0x0000
[512] [M]: 0x0000000080000914 (0x00000013) addi x0, x0, 0x0                         main+244

mem[X,0x0000000080000918] -> 0x0013
mem[X,0x000000008000091A] -> 0x0000
[513] [M]: 0x0000000080000918 (0x00000013) addi x0, x0, 0x0                         main+248

clint mtime 0x0000000000000101 (mip.MTI <- 0b1, mip.STI <- 0b0)
mem[X,0x000000008000091C] -> 0x0013
mem[X,0x000000008000091E] -> 0x0000
[514] [M]: 0x000000008000091C (0x00000013) addi x0, x0, 0x0                         main+252

mem[X,0x0000000080000920] -> 0x6317
mem[X,0x0000000080000922] -> 0x0000
[515] [M]: 0x0000000080000920 (0x00006317) auipc x6, 0x6                            main+256
x6 <- 0x0000000080006920

clint mtime 0x0000000000000102 (mip.MTI <- 0b1, mip.STI <- 0b0)
mem[X,0x0000000080000924] -> 0x0313
mem[X,0x0000000080000926] -> 0x6E03
[516] [M]: 0x0000000080000924 (0x6E030313) addi x6, x6, 0x6e0                       main+260
x6 <- 0x0000000080007000

mem[X,0x0000000080000928] -> 0x0001
[517] [M]: 0x0000000080000928 (0x0001) c.nop                                        main+264

clint mtime 0x0000000000000103 (mip.MTI <- 0b1, mip.STI <- 0b0)
mem[X,0x000000008000092A] -> 0x0013
mem[X,0x000000008000092C] -> 0x0000
[518] [M]: 0x000000008000092A (0x00000013) addi x0, x0, 0x0                         main+266

mem[X,0x000000008000092E] -> 0x0013
mem[X,0x0000000080000930] -> 0x0000
[519] [M]: 0x000000008000092E (0x00000013) addi x0, x0, 0x0                         main+270

clint mtime 0x0000000000000104 (mip.MTI <- 0b1, mip.STI <- 0b0)
mem[X,0x0000000080000932] -> 0x0013
mem[X,0x0000000080000934] -> 0x0000
[520] [M]: 0x0000000080000932 (0x00000013) addi x0, x0, 0x0                         main+274

mem[X,0x0000000080000936] -> 0x0013
mem[X,0x0000000080000938] -> 0x0000
[521] [M]: 0x0000000080000936 (0x00000013) addi x0, x0, 0x0                         main+278

clint mtime 0x0000000000000105 (mip.MTI <- 0b1, mip.STI <- 0b0)
mem[X,0x000000008000093A] -> 0x0013
mem[X,0x000000008000093C] -> 0x0000
[522] [M]: 0x000000008000093A (0x00000013) addi x0, x0, 0x0                         main+282

mem[X,0x000000008000093E] -> 0x0001
[523] [M]: 0x000000008000093E (0x0001) c.nop                                        main+286

clint mtime 0x0000000000000106 (mip.MTI <- 0b1, mip.STI <- 0b0)
mem[X,0x0000000080000940] -> 0x0293
mem[X,0x0000000080000942] -> 0x0380
[524] [M]: 0x0000000080000940 (0x03800293) addi x5, x0, 0x38                        main+288
x5 <- 0x0000000000000038

mem[X,0x0000000080000944] -> 0x0333
mem[X,0x0000000080000946] -> 0x0053
[525] [M]: 0x0000000080000944 (0x00530333) add x6, x6, x5                           main+292
x6 <- 0x0000000080007038

clint mtime 0x0000000000000107 (mip.MTI <- 0b1, mip.STI <- 0b0)
mem[X,0x0000000080000948] -> 0x3023
mem[X,0x000000008000094A] -> 0x00A3
[526] [M]: 0x0000000080000948 (0x00A33023) sd x10, 0x0(x6)                          main+296
mem[W,0x0000000080007038] <- 0x00000000200010CF

mem[X,0x000000008000094C] -> 0x0073
mem[X,0x000000008000094E] -> 0x1200
[527] [M]: 0x000000008000094C (0x12000073) sfence.vma x0, x0                        main+300

clint mtime 0x0000000000000108 (mip.MTI <- 0b1, mip.STI <- 0b0)
mem[X,0x0000000080000950] -> 0x02B7
mem[X,0x0000000080000952] -> 0x1C00
[528] [M]: 0x0000000080000950 (0x1C0002B7) lui x5, 0x1c000                          main+304
x5 <- 0x000000001C000000

mem[X,0x0000000080000954] -> 0x8293
mem[X,0x0000000080000956] -> 0x0532
[529] [M]: 0x0000000080000954 (0x05328293) addi x5, x5, 0x53                        main+308
x5 <- 0x000000001C000053

clint mtime 0x0000000000000109 (mip.MTI <- 0b1, mip.STI <- 0b0)
mem[X,0x0000000080000958] -> 0x9293
mem[X,0x000000008000095A] -> 0x0042
[530] [M]: 0x0000000080000958 (0x00429293) slli x5, x5, 0x4                         main+312
x5 <- 0x00000001C0000530

mem[X,0x000000008000095C] -> 0x0013
mem[X,0x000000008000095E] -> 0x0000
[531] [M]: 0x000000008000095C (0x00000013) addi x0, x0, 0x0                         main+316

clint mtime 0x000000000000010A (mip.MTI <- 0b1, mip.STI <- 0b0)
mem[X,0x0000000080000960] -> 0x4317
mem[X,0x0000000080000962] -> 0x0000
[532] [M]: 0x0000000080000960 (0x00004317) auipc x6, 0x4                            main+320
x6 <- 0x0000000080004960

mem[X,0x0000000080000964] -> 0x0313
mem[X,0x0000000080000966] -> 0xBD03
[533] [M]: 0x0000000080000964 (0xBD030313) addi x6, x6, -0x430                      main+324
x6 <- 0x0000000080004530

clint mtime 0x000000000000010B (mip.MTI <- 0b1, mip.STI <- 0b0)
mem[X,0x0000000080000968] -> 0x0001
[534] [M]: 0x0000000080000968 (0x0001) c.nop                                        main+328

mem[X,0x000000008000096A] -> 0x0013
mem[X,0x000000008000096C] -> 0x0000
[535] [M]: 0x000000008000096A (0x00000013) addi x0, x0, 0x0                         main+330

clint mtime 0x000000000000010C (mip.MTI <- 0b1, mip.STI <- 0b0)
mem[X,0x000000008000096E] -> 0x0013
mem[X,0x0000000080000970] -> 0x0000
[536] [M]: 0x000000008000096E (0x00000013) addi x0, x0, 0x0                         main+334

mem[X,0x0000000080000972] -> 0x0013
mem[X,0x0000000080000974] -> 0x0000
[537] [M]: 0x0000000080000972 (0x00000013) addi x0, x0, 0x0                         main+338

clint mtime 0x000000000000010D (mip.MTI <- 0b1, mip.STI <- 0b0)
mem[X,0x0000000080000976] -> 0x0013
mem[X,0x0000000080000978] -> 0x0000
[538] [M]: 0x0000000080000976 (0x00000013) addi x0, x0, 0x0                         main+342

mem[X,0x000000008000097A] -> 0x0013
mem[X,0x000000008000097C] -> 0x0000
[539] [M]: 0x000000008000097A (0x00000013) addi x0, x0, 0x0                         main+346

clint mtime 0x000000000000010E (mip.MTI <- 0b1, mip.STI <- 0b0)
mem[X,0x000000008000097E] -> 0x0001
[540] [M]: 0x000000008000097E (0x0001) c.nop                                        main+350

mem[X,0x0000000080000980] -> 0x82B3
mem[X,0x0000000080000982] -> 0x4062
[541] [M]: 0x0000000080000980 (0x406282B3) sub x5, x5, x6                           main+352
x5 <- 0x000000013FFFC000

clint mtime 0x000000000000010F (mip.MTI <- 0b1, mip.STI <- 0b0)
mem[X,0x0000000080000984] -> 0x8E13
mem[X,0x0000000080000986] -> 0x2982
[542] [M]: 0x0000000080000984 (0x29828E13) addi x28, x5, 0x298                      main+356
x28 <- 0x000000013FFFC298

mem[X,0x0000000080000988] -> 0x2173
mem[X,0x000000008000098A] -> 0x3400
[543] [M]: 0x0000000080000988 (0x34002173) csrrs x2, mscratch, x0                   main+360
CSR mscratch (0x340) -> 0x0000000080004000
x2 <- 0x0000000080004000

clint mtime 0x0000000000000110 (mip.MTI <- 0b1, mip.STI <- 0b0)
mem[X,0x000000008000098C] -> 0x0333
mem[X,0x000000008000098E] -> 0x01C1
[544] [M]: 0x000000008000098C (0x01C10333) add x6, x2, x28                          main+364
x6 <- 0x00000001C0000298

mem[X,0x0000000080000990] -> 0x1073
mem[X,0x0000000080000992] -> 0x1403
[545] [M]: 0x0000000080000990 (0x14031073) csrrw x0, sscratch, x6                   main+368
CSR sscratch (0x140) <- 0x00000001C0000298

clint mtime 0x0000000000000111 (mip.MTI <- 0b1, mip.STI <- 0b0)
mem[X,0x0000000080000994] -> 0x2173
mem[X,0x0000000080000996] -> 0x3400
[546] [M]: 0x0000000080000994 (0x34002173) csrrs x2, mscratch, x0                   main+372
CSR mscratch (0x340) -> 0x0000000080004000
x2 <- 0x0000000080004000

mem[X,0x0000000080000998] -> 0x02B7
mem[X,0x000000008000099A] -> 0x6000
[547] [M]: 0x0000000080000998 (0x600002B7) lui x5, 0x60000                          main+376
x5 <- 0x0000000060000000

clint mtime 0x0000000000000112 (mip.MTI <- 0b1, mip.STI <- 0b0)
mem[X,0x000000008000099C] -> 0x8293
mem[X,0x000000008000099E] -> 0x1F72
[548] [M]: 0x000000008000099C (0x1F728293) addi x5, x5, 0x1f7                       main+380
x5 <- 0x00000000600001F7

mem[X,0x00000000800009A0] -> 0x9293
mem[X,0x00000000800009A2] -> 0x0022
[549] [M]: 0x00000000800009A0 (0x00229293) slli x5, x5, 0x2                         main+384
x5 <- 0x00000001800007DC

clint mtime 0x0000000000000113 (mip.MTI <- 0b1, mip.STI <- 0b0)
mem[X,0x00000000800009A4] -> 0x0013
mem[X,0x00000000800009A6] -> 0x0000
[550] [M]: 0x00000000800009A4 (0x00000013) addi x0, x0, 0x0                         main+388

mem[X,0x00000000800009A8] -> 0x0013
mem[X,0x00000000800009AA] -> 0x0000
[551] [M]: 0x00000000800009A8 (0x00000013) addi x0, x0, 0x0                         main+392

clint mtime 0x0000000000000114 (mip.MTI <- 0b1, mip.STI <- 0b0)
mem[X,0x00000000800009AC] -> 0x0013
mem[X,0x00000000800009AE] -> 0x0000
[552] [M]: 0x00000000800009AC (0x00000013) addi x0, x0, 0x0                         main+396

mem[X,0x00000000800009B0] -> 0x0013
mem[X,0x00000000800009B2] -> 0x0000
[553] [M]: 0x00000000800009B0 (0x00000013) addi x0, x0, 0x0                         main+400

clint mtime 0x0000000000000115 (mip.MTI <- 0b1, mip.STI <- 0b0)
mem[X,0x00000000800009B4] -> 0x0013
mem[X,0x00000000800009B6] -> 0x0000
[554] [M]: 0x00000000800009B4 (0x00000013) addi x0, x0, 0x0                         main+404

mem[X,0x00000000800009B8] -> 0x0013
mem[X,0x00000000800009BA] -> 0x0000
[555] [M]: 0x00000000800009B8 (0x00000013) addi x0, x0, 0x0                         main+408

clint mtime 0x0000000000000116 (mip.MTI <- 0b1, mip.STI <- 0b0)
mem[X,0x00000000800009BC] -> 0x0013
mem[X,0x00000000800009BE] -> 0x0000
[556] [M]: 0x00000000800009BC (0x00000013) addi x0, x0, 0x0                         main+412

mem[X,0x00000000800009C0] -> 0x0317
mem[X,0x00000000800009C2] -> 0x0000
[557] [M]: 0x00000000800009C0 (0x00000317) auipc x6, 0x0                            main+416
x6 <- 0x00000000800009C0

clint mtime 0x0000000000000117 (mip.MTI <- 0b1, mip.STI <- 0b0)
mem[X,0x00000000800009C4] -> 0x0313
mem[X,0x00000000800009C6] -> 0xE343
[558] [M]: 0x00000000800009C4 (0xE3430313) addi x6, x6, -0x1cc                      main+420
x6 <- 0x00000000800007F4

mem[X,0x00000000800009C8] -> 0x0001
[559] [M]: 0x00000000800009C8 (0x0001) c.nop                                        main+424

clint mtime 0x0000000000000118 (mip.MTI <- 0b1, mip.STI <- 0b0)
mem[X,0x00000000800009CA] -> 0x0013
mem[X,0x00000000800009CC] -> 0x0000
[560] [M]: 0x00000000800009CA (0x00000013) addi x0, x0, 0x0                         main+426

mem[X,0x00000000800009CE] -> 0x0013
mem[X,0x00000000800009D0] -> 0x0000
[561] [M]: 0x00000000800009CE (0x00000013) addi x0, x0, 0x0                         main+430

clint mtime 0x0000000000000119 (mip.MTI <- 0b1, mip.STI <- 0b0)
mem[X,0x00000000800009D2] -> 0x0013
mem[X,0x00000000800009D4] -> 0x0000
[562] [M]: 0x00000000800009D2 (0x00000013) addi x0, x0, 0x0                         main+434

mem[X,0x00000000800009D6] -> 0x0013
mem[X,0x00000000800009D8] -> 0x0000
[563] [M]: 0x00000000800009D6 (0x00000013) addi x0, x0, 0x0                         main+438

clint mtime 0x000000000000011A (mip.MTI <- 0b1, mip.STI <- 0b0)
mem[X,0x00000000800009DA] -> 0x0013
mem[X,0x00000000800009DC] -> 0x0000
[564] [M]: 0x00000000800009DA (0x00000013) addi x0, x0, 0x0                         main+442

mem[X,0x00000000800009DE] -> 0x0001
[565] [M]: 0x00000000800009DE (0x0001) c.nop                                        main+446

clint mtime 0x000000000000011B (mip.MTI <- 0b1, mip.STI <- 0b0)
mem[X,0x00000000800009E0] -> 0x82B3
mem[X,0x00000000800009E2] -> 0x4062
[566] [M]: 0x00000000800009E0 (0x406282B3) sub x5, x5, x6                           main+448
x5 <- 0x00000000FFFFFFE8

mem[X,0x00000000800009E4] -> 0x3303
mem[X,0x00000000800009E6] -> 0x1D81
[567] [M]: 0x00000000800009E4 (0x1D813303) ld x6, 0x1d8(x2)                         main+452
mem[R,0x00000000800041D8] -> 0x00000000800007F4
x6 <- 0x00000000800007F4

clint mtime 0x000000000000011C (mip.MTI <- 0b1, mip.STI <- 0b0)
mem[X,0x00000000800009E8] -> 0x03B3
mem[X,0x00000000800009EA] -> 0x0053
[568] [M]: 0x00000000800009E8 (0x005303B3) add x7, x6, x5                           main+456
x7 <- 0x00000001800007DC

mem[X,0x00000000800009EC] -> 0x3823
mem[X,0x00000000800009EE] -> 0x4671
[569] [M]: 0x00000000800009EC (0x46713823) sd x7, 0x470(x2)                         main+460
mem[W,0x0000000080004470] <- 0x00000001800007DC

clint mtime 0x000000000000011D (mip.MTI <- 0b1, mip.STI <- 0b0)
mem[X,0x00000000800009F0] -> 0x02B7
mem[X,0x00000000800009F2] -> 0x1C00
[570] [M]: 0x00000000800009F0 (0x1C0002B7) lui x5, 0x1c000                          main+464
x5 <- 0x000000001C000000

mem[X,0x00000000800009F4] -> 0x8293
mem[X,0x00000000800009F6] -> 0x0532
[571] [M]: 0x00000000800009F4 (0x05328293) addi x5, x5, 0x53                        main+468
x5 <- 0x000000001C000053

clint mtime 0x000000000000011E (mip.MTI <- 0b1, mip.STI <- 0b0)
mem[X,0x00000000800009F8] -> 0x9293
mem[X,0x00000000800009FA] -> 0x0042
[572] [M]: 0x00000000800009F8 (0x00429293) slli x5, x5, 0x4                         main+472
x5 <- 0x00000001C0000530

mem[X,0x00000000800009FC] -> 0x0013
mem[X,0x00000000800009FE] -> 0x0000
[573] [M]: 0x00000000800009FC (0x00000013) addi x0, x0, 0x0                         main+476

clint mtime 0x000000000000011F (mip.MTI <- 0b1, mip.STI <- 0b0)
mem[X,0x0000000080000A00] -> 0x4317
mem[X,0x0000000080000A02] -> 0x0000
[574] [M]: 0x0000000080000A00 (0x00004317) auipc x6, 0x4                            main+480
x6 <- 0x0000000080004A00

mem[X,0x0000000080000A04] -> 0x0313
mem[X,0x0000000080000A06] -> 0xB303
[575] [M]: 0x0000000080000A04 (0xB3030313) addi x6, x6, -0x4d0                      main+484
x6 <- 0x0000000080004530

clint mtime 0x0000000000000120 (mip.MTI <- 0b1, mip.STI <- 0b0)
mem[X,0x0000000080000A08] -> 0x0001
[576] [M]: 0x0000000080000A08 (0x0001) c.nop                                        main+488

mem[X,0x0000000080000A0A] -> 0x0013
mem[X,0x0000000080000A0C] -> 0x0000
[577] [M]: 0x0000000080000A0A (0x00000013) addi x0, x0, 0x0                         main+490

clint mtime 0x0000000000000121 (mip.MTI <- 0b1, mip.STI <- 0b0)
mem[X,0x0000000080000A0E] -> 0x0013
mem[X,0x0000000080000A10] -> 0x0000
[578] [M]: 0x0000000080000A0E (0x00000013) addi x0, x0, 0x0                         main+494

mem[X,0x0000000080000A12] -> 0x0013
mem[X,0x0000000080000A14] -> 0x0000
[579] [M]: 0x0000000080000A12 (0x00000013) addi x0, x0, 0x0                         main+498

clint mtime 0x0000000000000122 (mip.MTI <- 0b1, mip.STI <- 0b0)
mem[X,0x0000000080000A16] -> 0x0013
mem[X,0x0000000080000A18] -> 0x0000
[580] [M]: 0x0000000080000A16 (0x00000013) addi x0, x0, 0x0                         main+502

mem[X,0x0000000080000A1A] -> 0x0013
mem[X,0x0000000080000A1C] -> 0x0000
[581] [M]: 0x0000000080000A1A (0x00000013) addi x0, x0, 0x0                         main+506

clint mtime 0x0000000000000123 (mip.MTI <- 0b1, mip.STI <- 0b0)
mem[X,0x0000000080000A1E] -> 0x0001
[582] [M]: 0x0000000080000A1E (0x0001) c.nop                                        main+510

mem[X,0x0000000080000A20] -> 0x82B3
mem[X,0x0000000080000A22] -> 0x4062
[583] [M]: 0x0000000080000A20 (0x406282B3) sub x5, x5, x6                           main+512
x5 <- 0x000000013FFFC000

clint mtime 0x0000000000000124 (mip.MTI <- 0b1, mip.STI <- 0b0)
mem[X,0x0000000080000A24] -> 0x3303
mem[X,0x0000000080000A26] -> 0x1E81
[584] [M]: 0x0000000080000A24 (0x1E813303) ld x6, 0x1e8(x2)                         main+516
mem[R,0x00000000800041E8] -> 0x0000000080004530
x6 <- 0x0000000080004530

mem[X,0x0000000080000A28] -> 0x03B3
mem[X,0x0000000080000A2A] -> 0x0053
[585] [M]: 0x0000000080000A28 (0x005303B3) add x7, x6, x5                           main+520
x7 <- 0x00000001C0000530

clint mtime 0x0000000000000125 (mip.MTI <- 0b1, mip.STI <- 0b0)
mem[X,0x0000000080000A2C] -> 0x3023
mem[X,0x0000000080000A2E] -> 0x4871
[586] [M]: 0x0000000080000A2C (0x48713023) sd x7, 0x480(x2)                         main+524
mem[W,0x0000000080004480] <- 0x00000001C0000530

mem[X,0x0000000080000A30] -> 0x0013
mem[X,0x0000000080000A32] -> 0x0000
[587] [M]: 0x0000000080000A30 (0x00000013) addi x0, x0, 0x0                         main+528

clint mtime 0x0000000000000126 (mip.MTI <- 0b1, mip.STI <- 0b0)
mem[X,0x0000000080000A34] -> 0x0013
mem[X,0x0000000080000A36] -> 0x0000
[588] [M]: 0x0000000080000A34 (0x00000013) addi x0, x0, 0x0                         main+532

mem[X,0x0000000080000A38] -> 0x0013
mem[X,0x0000000080000A3A] -> 0x0000
[589] [M]: 0x0000000080000A38 (0x00000013) addi x0, x0, 0x0                         main+536

clint mtime 0x0000000000000127 (mip.MTI <- 0b1, mip.STI <- 0b0)
mem[X,0x0000000080000A3C] -> 0x0013
mem[X,0x0000000080000A3E] -> 0x0000
[590] [M]: 0x0000000080000A3C (0x00000013) addi x0, x0, 0x0                         main+540

mem[X,0x0000000080000A40] -> 0x6F97
mem[X,0x0000000080000A42] -> 0x0000
[591] [M]: 0x0000000080000A40 (0x00006F97) auipc x31, 0x6                           main+544
x31 <- 0x0000000080006A40

clint mtime 0x0000000000000128 (mip.MTI <- 0b1, mip.STI <- 0b0)
mem[X,0x0000000080000A44] -> 0x8F93
mem[X,0x0000000080000A46] -> 0x5C0F
[592] [M]: 0x0000000080000A44 (0x5C0F8F93) addi x31, x31, 0x5c0                     main+548
x31 <- 0x0000000080007000

mem[X,0x0000000080000A48] -> 0x0001
[593] [M]: 0x0000000080000A48 (0x0001) c.nop                                        main+552

clint mtime 0x0000000000000129 (mip.MTI <- 0b1, mip.STI <- 0b0)
mem[X,0x0000000080000A4A] -> 0x0013
mem[X,0x0000000080000A4C] -> 0x0000
[594] [M]: 0x0000000080000A4A (0x00000013) addi x0, x0, 0x0                         main+554

mem[X,0x0000000080000A4E] -> 0x0013
mem[X,0x0000000080000A50] -> 0x0000
[595] [M]: 0x0000000080000A4E (0x00000013) addi x0, x0, 0x0                         main+558

clint mtime 0x000000000000012A (mip.MTI <- 0b1, mip.STI <- 0b0)
mem[X,0x0000000080000A52] -> 0x0013
mem[X,0x0000000080000A54] -> 0x0000
[596] [M]: 0x0000000080000A52 (0x00000013) addi x0, x0, 0x0                         main+562

mem[X,0x0000000080000A56] -> 0x0013
mem[X,0x0000000080000A58] -> 0x0000
[597] [M]: 0x0000000080000A56 (0x00000013) addi x0, x0, 0x0                         main+566

clint mtime 0x000000000000012B (mip.MTI <- 0b1, mip.STI <- 0b0)
mem[X,0x0000000080000A5A] -> 0x0013
mem[X,0x0000000080000A5C] -> 0x0000
[598] [M]: 0x0000000080000A5A (0x00000013) addi x0, x0, 0x0                         main+570

mem[X,0x0000000080000A5E] -> 0x0001
[599] [M]: 0x0000000080000A5E (0x0001) c.nop                                        main+574

clint mtime 0x000000000000012C (mip.MTI <- 0b1, mip.STI <- 0b0)
mem[X,0x0000000080000A60] -> 0x0F13
mem[X,0x0000000080000A62] -> 0xFFF0
[600] [M]: 0x0000000080000A60 (0xFFF00F13) addi x30, x0, -0x1                       main+576
x30 <- 0xFFFFFFFFFFFFFFFF

mem[X,0x0000000080000A64] -> 0x1F13
mem[X,0x0000000080000A66] -> 0x03FF
[601] [M]: 0x0000000080000A64 (0x03FF1F13) slli x30, x30, 0x3f                      main+580
x30 <- 0x8000000000000000

clint mtime 0x000000000000012D (mip.MTI <- 0b1, mip.STI <- 0b0)
mem[X,0x0000000080000A68] -> 0xDF93
mem[X,0x0000000080000A6A] -> 0x00CF
[602] [M]: 0x0000000080000A68 (0x00CFDF93) srli x31, x31, 0xc                       main+584
x31 <- 0x0000000000080007

mem[X,0x0000000080000A6C] -> 0xEFB3
mem[X,0x0000000080000A6E] -> 0x01EF
[603] [M]: 0x0000000080000A6C (0x01EFEFB3) or x31, x31, x30                         main+588
x31 <- 0x8000000000080007

clint mtime 0x000000000000012E (mip.MTI <- 0b1, mip.STI <- 0b0)
mem[X,0x0000000080000A70] -> 0x9073
mem[X,0x0000000080000A72] -> 0x180F
[604] [M]: 0x0000000080000A70 (0x180F9073) csrrw x0, satp, x31                      main+592
CSR satp (0x180) <- 0x8000000000080007

mem[X,0x0000000080000A74] -> 0x0073
mem[X,0x0000000080000A76] -> 0x1200
[605] [M]: 0x0000000080000A74 (0x12000073) sfence.vma x0, x0                        main+596

clint mtime 0x000000000000012F (mip.MTI <- 0b1, mip.STI <- 0b0)
mem[X,0x0000000080000A78] -> 0x0013
mem[X,0x0000000080000A7A] -> 0x0000
[606] [M]: 0x0000000080000A78 (0x00000013) addi x0, x0, 0x0                         main+600

mem[X,0x0000000080000A7C] -> 0x0013
mem[X,0x0000000080000A7E] -> 0x0000
[607] [M]: 0x0000000080000A7C (0x00000013) addi x0, x0, 0x0                         main+604

clint mtime 0x0000000000000130 (mip.MTI <- 0b1, mip.STI <- 0b0)
mem[X,0x0000000080000A80] -> 0x0517
mem[X,0x0000000080000A82] -> 0x0000
[608] [M]: 0x0000000080000A80 (0x00000517) auipc x10, 0x0                           main+608
x10 <- 0x0000000080000A80

mem[X,0x0000000080000A84] -> 0x0513
mem[X,0x0000000080000A86] -> 0x9845
[609] [M]: 0x0000000080000A84 (0x98450513) addi x10, x10, -0x67c                    main+612
x10 <- 0x0000000080000404

clint mtime 0x0000000000000131 (mip.MTI <- 0b1, mip.STI <- 0b0)
mem[X,0x0000000080000A88] -> 0x0001
[610] [M]: 0x0000000080000A88 (0x0001) c.nop                                        main+616

mem[X,0x0000000080000A8A] -> 0x0013
mem[X,0x0000000080000A8C] -> 0x0000
[611] [M]: 0x0000000080000A8A (0x00000013) addi x0, x0, 0x0                         main+618

clint mtime 0x0000000000000132 (mip.MTI <- 0b1, mip.STI <- 0b0)
mem[X,0x0000000080000A8E] -> 0x0013
mem[X,0x0000000080000A90] -> 0x0000
[612] [M]: 0x0000000080000A8E (0x00000013) addi x0, x0, 0x0                         main+622

mem[X,0x0000000080000A92] -> 0x0013
mem[X,0x0000000080000A94] -> 0x0000
[613] [M]: 0x0000000080000A92 (0x00000013) addi x0, x0, 0x0                         main+626

clint mtime 0x0000000000000133 (mip.MTI <- 0b1, mip.STI <- 0b0)
mem[X,0x0000000080000A96] -> 0x0013
mem[X,0x0000000080000A98] -> 0x0000
[614] [M]: 0x0000000080000A96 (0x00000013) addi x0, x0, 0x0                         main+630

mem[X,0x0000000080000A9A] -> 0x0013
mem[X,0x0000000080000A9C] -> 0x0000
[615] [M]: 0x0000000080000A9A (0x00000013) addi x0, x0, 0x0                         main+634

clint mtime 0x0000000000000134 (mip.MTI <- 0b1, mip.STI <- 0b0)
mem[X,0x0000000080000A9E] -> 0x0001
[616] [M]: 0x0000000080000A9E (0x0001) c.nop                                        main+638

mem[X,0x0000000080000AA0] -> 0x0593
mem[X,0x0000000080000AA2] -> 0x0CD0
[617] [M]: 0x0000000080000AA0 (0x0CD00593) addi x11, x0, 0xcd                       main+640
x11 <- 0x00000000000000CD

clint mtime 0x0000000000000135 (mip.MTI <- 0b1, mip.STI <- 0b0)
mem[X,0x0000000080000AA4] -> 0x5513
mem[X,0x0000000080000AA6] -> 0x00C5
[618] [M]: 0x0000000080000AA4 (0x00C55513) srli x10, x10, 0xc                       main+644
x10 <- 0x0000000000080000

mem[X,0x0000000080000AA8] -> 0x1513
mem[X,0x0000000080000AAA] -> 0x00A5
[619] [M]: 0x0000000080000AA8 (0x00A51513) slli x10, x10, 0xa                       main+648
x10 <- 0x0000000020000000

clint mtime 0x0000000000000136 (mip.MTI <- 0b1, mip.STI <- 0b0)
mem[X,0x0000000080000AAC] -> 0x6533
mem[X,0x0000000080000AAE] -> 0x00B5
[620] [M]: 0x0000000080000AAC (0x00B56533) or x10, x10, x11                         main+652
x10 <- 0x00000000200000CD

mem[X,0x0000000080000AB0] -> 0x0013
mem[X,0x0000000080000AB2] -> 0x0000
[621] [M]: 0x0000000080000AB0 (0x00000013) addi x0, x0, 0x0                         main+656

clint mtime 0x0000000000000137 (mip.MTI <- 0b1, mip.STI <- 0b0)
mem[X,0x0000000080000AB4] -> 0x0013
mem[X,0x0000000080000AB6] -> 0x0000
[622] [M]: 0x0000000080000AB4 (0x00000013) addi x0, x0, 0x0                         main+660

mem[X,0x0000000080000AB8] -> 0x0013
mem[X,0x0000000080000ABA] -> 0x0000
[623] [M]: 0x0000000080000AB8 (0x00000013) addi x0, x0, 0x0                         main+664

clint mtime 0x0000000000000138 (mip.MTI <- 0b1, mip.STI <- 0b0)
mem[X,0x0000000080000ABC] -> 0x0013
mem[X,0x0000000080000ABE] -> 0x0000
[624] [M]: 0x0000000080000ABC (0x00000013) addi x0, x0, 0x0                         main+668

mem[X,0x0000000080000AC0] -> 0x6317
mem[X,0x0000000080000AC2] -> 0x0000
[625] [M]: 0x0000000080000AC0 (0x00006317) auipc x6, 0x6                            main+672
x6 <- 0x0000000080006AC0

clint mtime 0x0000000000000139 (mip.MTI <- 0b1, mip.STI <- 0b0)
mem[X,0x0000000080000AC4] -> 0x0313
mem[X,0x0000000080000AC6] -> 0x5403
[626] [M]: 0x0000000080000AC4 (0x54030313) addi x6, x6, 0x540                       main+676
x6 <- 0x0000000080007000

mem[X,0x0000000080000AC8] -> 0x0001
[627] [M]: 0x0000000080000AC8 (0x0001) c.nop                                        main+680

clint mtime 0x000000000000013A (mip.MTI <- 0b1, mip.STI <- 0b0)
mem[X,0x0000000080000ACA] -> 0x0013
mem[X,0x0000000080000ACC] -> 0x0000
[628] [M]: 0x0000000080000ACA (0x00000013) addi x0, x0, 0x0                         main+682

mem[X,0x0000000080000ACE] -> 0x0013
mem[X,0x0000000080000AD0] -> 0x0000
[629] [M]: 0x0000000080000ACE (0x00000013) addi x0, x0, 0x0                         main+686

clint mtime 0x000000000000013B (mip.MTI <- 0b1, mip.STI <- 0b0)
mem[X,0x0000000080000AD2] -> 0x0013
mem[X,0x0000000080000AD4] -> 0x0000
[630] [M]: 0x0000000080000AD2 (0x00000013) addi x0, x0, 0x0                         main+690

mem[X,0x0000000080000AD6] -> 0x0013
mem[X,0x0000000080000AD8] -> 0x0000
[631] [M]: 0x0000000080000AD6 (0x00000013) addi x0, x0, 0x0                         main+694

clint mtime 0x000000000000013C (mip.MTI <- 0b1, mip.STI <- 0b0)
mem[X,0x0000000080000ADA] -> 0x0013
mem[X,0x0000000080000ADC] -> 0x0000
[632] [M]: 0x0000000080000ADA (0x00000013) addi x0, x0, 0x0                         main+698

mem[X,0x0000000080000ADE] -> 0x0001
[633] [M]: 0x0000000080000ADE (0x0001) c.nop                                        main+702

clint mtime 0x000000000000013D (mip.MTI <- 0b1, mip.STI <- 0b0)
mem[X,0x0000000080000AE0] -> 0x0293
mem[X,0x0000000080000AE2] -> 0x0280
[634] [M]: 0x0000000080000AE0 (0x02800293) addi x5, x0, 0x28                        main+704
x5 <- 0x0000000000000028

mem[X,0x0000000080000AE4] -> 0x0333
mem[X,0x0000000080000AE6] -> 0x0053
[635] [M]: 0x0000000080000AE4 (0x00530333) add x6, x6, x5                           main+708
x6 <- 0x0000000080007028

clint mtime 0x000000000000013E (mip.MTI <- 0b1, mip.STI <- 0b0)
mem[X,0x0000000080000AE8] -> 0x3023
mem[X,0x0000000080000AEA] -> 0x00A3
[636] [M]: 0x0000000080000AE8 (0x00A33023) sd x10, 0x0(x6)                          main+712
mem[W,0x0000000080007028] <- 0x00000000200000CD

mem[X,0x0000000080000AEC] -> 0x0073
mem[X,0x0000000080000AEE] -> 0x1200
[637] [M]: 0x0000000080000AEC (0x12000073) sfence.vma x0, x0                        main+716

clint mtime 0x000000000000013F (mip.MTI <- 0b1, mip.STI <- 0b0)
mem[X,0x0000000080000AF0] -> 0x0493
mem[X,0x0000000080000AF2] -> 0x0010
[638] [M]: 0x0000000080000AF0 (0x00100493) addi x9, x0, 0x1                         main+720
x9 <- 0x0000000000000001

mem[X,0x0000000080000AF4] -> 0x9493
mem[X,0x0000000080000AF6] -> 0x00B4
[639] [M]: 0x0000000080000AF4 (0x00B49493) slli x9, x9, 0xb                         main+724
x9 <- 0x0000000000000800

clint mtime 0x0000000000000140 (mip.MTI <- 0b1, mip.STI <- 0b0)
mem[X,0x0000000080000AF8] -> 0xB073
mem[X,0x0000000080000AFA] -> 0x3004
[640] [M]: 0x0000000080000AF8 (0x3004B073) csrrc x0, mstatus, x9                    main+728
CSR mstatus (0x300) <- 0x0000000A00000000

mem[X,0x0000000080000AFC] -> 0x0493
mem[X,0x0000000080000AFE] -> 0x0010
[641] [M]: 0x0000000080000AFC (0x00100493) addi x9, x0, 0x1                         main+732
x9 <- 0x0000000000000001

clint mtime 0x0000000000000141 (mip.MTI <- 0b1, mip.STI <- 0b0)
mem[X,0x0000000080000B00] -> 0x9493
mem[X,0x0000000080000B02] -> 0x00B4
[642] [M]: 0x0000000080000B00 (0x00B49493) slli x9, x9, 0xb                         main+736
x9 <- 0x0000000000000800

mem[X,0x0000000080000B04] -> 0xA073
mem[X,0x0000000080000B06] -> 0x3004
[643] [M]: 0x0000000080000B04 (0x3004A073) csrrs x0, mstatus, x9                    main+740
CSR mstatus (0x300) <- 0x0000000A00000800

clint mtime 0x0000000000000142 (mip.MTI <- 0b1, mip.STI <- 0b0)
mem[X,0x0000000080000B08] -> 0x23F3
mem[X,0x0000000080000B0A] -> 0x3400
[644] [M]: 0x0000000080000B08 (0x340023F3) csrrs x7, mscratch, x0                   main+744
CSR mscratch (0x340) -> 0x0000000080004000
x7 <- 0x0000000080004000

mem[X,0x0000000080000B0C] -> 0xB303
mem[X,0x0000000080000B0E] -> 0x4703
[645] [M]: 0x0000000080000B0C (0x4703B303) ld x6, 0x470(x7)                         main+748
mem[R,0x0000000080004470] -> 0x00000001800007DC
x6 <- 0x00000001800007DC

clint mtime 0x0000000000000143 (mip.MTI <- 0b1, mip.STI <- 0b0)
mem[X,0x0000000080000B10] -> 0xB483
mem[X,0x0000000080000B12] -> 0x1D83
[646] [M]: 0x0000000080000B10 (0x1D83B483) ld x9, 0x1d8(x7)                         main+752
mem[R,0x00000000800041D8] -> 0x00000000800007F4
x9 <- 0x00000000800007F4

mem[X,0x0000000080000B14] -> 0x0333
mem[X,0x0000000080000B16] -> 0x4093
[647] [M]: 0x0000000080000B14 (0x40930333) sub x6, x6, x9                           main+756
x6 <- 0x00000000FFFFFFE8

clint mtime 0x0000000000000144 (mip.MTI <- 0b1, mip.STI <- 0b0)
mem[X,0x0000000080000B18] -> 0x0313
mem[X,0x0000000080000B1A] -> 0x0103
[648] [M]: 0x0000000080000B18 (0x01030313) addi x6, x6, 0x10                        main+760
x6 <- 0x00000000FFFFFFF8

mem[X,0x0000000080000B1C] -> 0x0497
mem[X,0x0000000080000B1E] -> 0x0000
[649] [M]: 0x0000000080000B1C (0x00000497) auipc x9, 0x0                            main+764
x9 <- 0x0000000080000B1C

clint mtime 0x0000000000000145 (mip.MTI <- 0b1, mip.STI <- 0b0)
mem[X,0x0000000080000B20] -> 0x84B3
mem[X,0x0000000080000B22] -> 0x0064
[650] [M]: 0x0000000080000B20 (0x006484B3) add x9, x9, x6                           main+768
x9 <- 0x0000000180000B14

mem[X,0x0000000080000B24] -> 0x94F3
mem[X,0x0000000080000B26] -> 0x3414
[651] [M]: 0x0000000080000B24 (0x341494F3) csrrw x9, mepc, x9                       main+772
CSR mepc (0x341) <- 0x0000000180000B14
x9 <- 0x0000000000000000

clint mtime 0x0000000000000146 (mip.MTI <- 0b1, mip.STI <- 0b0)
mem[X,0x0000000080000B28] -> 0x0073
mem[X,0x0000000080000B2A] -> 0x3020
[652] [M]: 0x0000000080000B28 (0x30200073) mret                                     main+776
CSR mstatus (0x300) <- 0x0000000A00000080
ret-ing from M to S

PTW: Start, vpn=0x180000, access_type=X, privilege=Smem[R,0x0000000080007030] -> 0x00000000200000CB
PTW: Step, level=2, pte=0x200000CB, pte_addr=0x80007030
PTW: Success, final_ppn=0x80000, level=2mem[X,0x0000000080000B14] -> 0x0333
mem[X,0x0000000080000B16] -> 0x4093
[653] [S]: 0x0000000180000B14 (0x40930333) sub x6, x6, x9                           va_rvtest_code_begin+824
x6 <- 0x00000000FFFFFFF8

clint mtime 0x0000000000000147 (mip.MTI <- 0b1, mip.STI <- 0b0)
mem[X,0x0000000080000B18] -> 0x0313
mem[X,0x0000000080000B1A] -> 0x0103
[654] [S]: 0x0000000180000B18 (0x01030313) addi x6, x6, 0x10                        va_rvtest_code_begin+828
x6 <- 0x0000000100000008

mem[X,0x0000000080000B1C] -> 0x0497
mem[X,0x0000000080000B1E] -> 0x0000
[655] [S]: 0x0000000180000B1C (0x00000497) auipc x9, 0x0                            va_rvtest_code_begin+832
x9 <- 0x0000000180000B1C

clint mtime 0x0000000000000148 (mip.MTI <- 0b1, mip.STI <- 0b0)
mem[X,0x0000000080000B20] -> 0x84B3
mem[X,0x0000000080000B22] -> 0x0064
[656] [S]: 0x0000000180000B20 (0x006484B3) add x9, x9, x6                           va_rvtest_code_begin+836
x9 <- 0x0000000280000B24

mem[X,0x0000000080000B24] -> 0x94F3
mem[X,0x0000000080000B26] -> 0x3414
[657] [S]: 0x0000000180000B24 (0x341494F3) csrrw x9, mepc, x9                       va_rvtest_code_begin+840
trapping from S to M to handle illegal-instruction
handling exc#illegal-instruction at priv M with tval 0x00000000341494F3
CSR mstatus (0x300) <- 0x0000000A00000800
CSR mcause (0x342) <- 0x0000000000000002
CSR mtval (0x343) <- 0x00000000341494F3
CSR mepc (0x341) <- 0x0000000180000B24

clint mtime 0x0000000000000149 (mip.MTI <- 0b1, mip.STI <- 0b0)
mem[X,0x0000000080001600] -> 0x006F
mem[X,0x0000000080001602] -> 0x1000
[658] [M]: 0x0000000080001600 (0x1000006F) jal x0, 0x100                            Mtrampoline+0

mem[X,0x0000000080001700] -> 0x1173
mem[X,0x0000000080001702] -> 0x3401
[659] [M]: 0x0000000080001700 (0x34011173) csrrw x2, mscratch, x2                   trap_Mhandler+0
CSR mscratch (0x340) <- 0x0000000080004000
x2 <- 0x0000000080004000

clint mtime 0x000000000000014A (mip.MTI <- 0b1, mip.STI <- 0b0)
mem[X,0x0000000080001704] -> 0x3423
mem[X,0x0000000080001706] -> 0x28B1
[660] [M]: 0x0000000080001704 (0x28B13423) sd x11, 0x288(x2)                        trap_Mhandler+4
mem[W,0x0000000080004288] <- 0x00000000000000CD

mem[X,0x0000000080001708] -> 0x05EF
mem[X,0x000000008000170A] -> 0x0B80
[661] [M]: 0x0000000080001708 (0x0B8005EF) jal x11, 0xb8                            trap_Mhandler+8
x11 <- 0x000000008000170C

clint mtime 0x000000000000014B (mip.MTI <- 0b1, mip.STI <- 0b0)
mem[X,0x00000000800017C0] -> 0x3023
mem[X,0x00000000800017C2] -> 0x28A1
[662] [M]: 0x00000000800017C0 (0x28A13023) sd x10, 0x280(x2)                        common_Mhandler+0
mem[W,0x0000000080004280] <- 0x00000000200000CD

mem[X,0x00000000800017C4] -> 0x1573
mem[X,0x00000000800017C6] -> 0x3401
[663] [M]: 0x00000000800017C4 (0x34011573) csrrw x10, mscratch, x2                  common_Mhandler+4
CSR mscratch (0x340) <- 0x0000000080004000
x10 <- 0x0000000080004000

clint mtime 0x000000000000014C (mip.MTI <- 0b1, mip.STI <- 0b0)
mem[X,0x00000000800017C8] -> 0x3823
mem[X,0x00000000800017CA] -> 0x28A1
[664] [M]: 0x00000000800017C8 (0x28A13823) sd x10, 0x290(x2)                        common_Mhandler+8
mem[W,0x0000000080004290] <- 0x0000000080004000

mem[X,0x00000000800017CC] -> 0x3503
mem[X,0x00000000800017CE] -> 0x2301
[665] [M]: 0x00000000800017CC (0x23013503) ld x10, 0x230(x2)                        common_Mhandler+12
mem[R,0x0000000080004230] -> 0x00000000800017D4
x10 <- 0x00000000800017D4

clint mtime 0x000000000000014D (mip.MTI <- 0b1, mip.STI <- 0b0)
mem[X,0x00000000800017D0] -> 0x0067
mem[X,0x00000000800017D2] -> 0x0005
[666] [M]: 0x00000000800017D0 (0x00050067) jalr x0, 0x0(x10)                        common_Mhandler+16

mem[X,0x00000000800017D4] -> 0x3C23
mem[X,0x00000000800017D6] -> 0x2691
[667] [M]: 0x00000000800017D4 (0x26913C23) sd x9, 0x278(x2)                         common_Mentry+0
mem[W,0x0000000080004278] <- 0x0000000280000B24

clint mtime 0x000000000000014E (mip.MTI <- 0b1, mip.STI <- 0b0)
mem[X,0x00000000800017D8] -> 0x3823
mem[X,0x00000000800017DA] -> 0x2681
[668] [M]: 0x00000000800017D8 (0x26813823) sd x8, 0x270(x2)                         common_Mentry+4
mem[W,0x0000000080004270] <- 0x0000000000007F76

mem[X,0x00000000800017DC] -> 0x3423
mem[X,0x00000000800017DE] -> 0x2671
[669] [M]: 0x00000000800017DC (0x26713423) sd x7, 0x268(x2)                         common_Mentry+8
mem[W,0x0000000080004268] <- 0x0000000080004000

clint mtime 0x000000000000014F (mip.MTI <- 0b1, mip.STI <- 0b0)
mem[X,0x00000000800017E0] -> 0x3023
mem[X,0x00000000800017E2] -> 0x2661
[670] [M]: 0x00000000800017E0 (0x26613023) sd x6, 0x260(x2)                         common_Mentry+12
mem[W,0x0000000080004260] <- 0x0000000100000008

mem[X,0x00000000800017E4] -> 0x2573
mem[X,0x00000000800017E6] -> 0x3420
[671] [M]: 0x00000000800017E4 (0x34202573) csrrs x10, mcause, x0                    spcl_M2mmode_test+0
CSR mcause (0x342) -> 0x0000000000000002
x10 <- 0x0000000000000002

clint mtime 0x0000000000000150 (mip.MTI <- 0b1, mip.STI <- 0b0)
mem[X,0x00000000800017E8] -> 0x04B7
mem[X,0x00000000800017EA] -> 0x8000
[672] [M]: 0x00000000800017E8 (0x800004B7) lui x9, -0x80000                         spcl_M2mmode_test+4
x9 <- 0xFFFFFFFF80000000

mem[X,0x00000000800017EC] -> 0x8493
mem[X,0x00000000800017EE] -> 0x0004
[673] [M]: 0x00000000800017EC (0x00048493) addi x9, x9, 0x0                         spcl_M2mmode_test+8
x9 <- 0xFFFFFFFF80000000

clint mtime 0x0000000000000151 (mip.MTI <- 0b1, mip.STI <- 0b0)
mem[X,0x00000000800017F0] -> 0x9493
mem[X,0x00000000800017F2] -> 0x00B4
[674] [M]: 0x00000000800017F0 (0x00B49493) slli x9, x9, 0xb                         spcl_M2mmode_test+12
x9 <- 0xFFFFFC0000000000

mem[X,0x00000000800017F4] -> 0x8493
mem[X,0x00000000800017F6] -> 0x0004
[675] [M]: 0x00000000800017F4 (0x00048493) addi x9, x9, 0x0                         spcl_M2mmode_test+16
x9 <- 0xFFFFFC0000000000

clint mtime 0x0000000000000152 (mip.MTI <- 0b1, mip.STI <- 0b0)
mem[X,0x00000000800017F8] -> 0x9493
mem[X,0x00000000800017FA] -> 0x00B4
[676] [M]: 0x00000000800017F8 (0x00B49493) slli x9, x9, 0xb                         spcl_M2mmode_test+20
x9 <- 0xFFE0000000000000

mem[X,0x00000000800017FC] -> 0x8493
mem[X,0x00000000800017FE] -> 0x0034
[677] [M]: 0x00000000800017FC (0x00348493) addi x9, x9, 0x3                         spcl_M2mmode_test+24
x9 <- 0xFFE0000000000003

clint mtime 0x0000000000000153 (mip.MTI <- 0b1, mip.STI <- 0b0)
mem[X,0x0000000080001800] -> 0x9493
mem[X,0x0000000080001802] -> 0x00A4
[678] [M]: 0x0000000080001800 (0x00A49493) slli x9, x9, 0xa                         spcl_M2mmode_test+28
x9 <- 0x8000000000000C00

mem[X,0x0000000080001804] -> 0x8493
mem[X,0x0000000080001806] -> 0x3FC4
[679] [M]: 0x0000000080001804 (0x3FC48493) addi x9, x9, 0x3fc                       spcl_M2mmode_test+32
x9 <- 0x8000000000000FFC

clint mtime 0x0000000000000154 (mip.MTI <- 0b1, mip.STI <- 0b0)
mem[X,0x0000000080001808] -> 0xF4B3
mem[X,0x000000008000180A] -> 0x00A4
[680] [M]: 0x0000000080001808 (0x00A4F4B3) and x9, x9, x10                          spcl_M2mmode_test+36
x9 <- 0x0000000000000000

mem[X,0x000000008000180C] -> 0x8493
mem[X,0x000000008000180E] -> 0xFF84
[681] [M]: 0x000000008000180C (0xFF848493) addi x9, x9, -0x8                        spcl_M2mmode_test+40
x9 <- 0xFFFFFFFFFFFFFFF8

clint mtime 0x0000000000000155 (mip.MTI <- 0b1, mip.STI <- 0b0)
mem[X,0x0000000080001810] -> 0x9663
mem[X,0x0000000080001812] -> 0x0004
[682] [M]: 0x0000000080001810 (0x00049663) bne x9, x0, 0xc                          spcl_M2mmode_test+44

mem[X,0x000000008000181C] -> 0x0393
mem[X,0x000000008000181E] -> 0x0200
[683] [M]: 0x000000008000181C (0x02000393) addi x7, x0, 0x20                        Mtrapsig_ptr_upd+0
x7 <- 0x0000000000000020

clint mtime 0x0000000000000156 (mip.MTI <- 0b1, mip.STI <- 0b0)
mem[X,0x0000000080001820] -> 0x5263
mem[X,0x0000000080001822] -> 0x0405
[684] [M]: 0x0000000080001820 (0x04055263) bge x10, x0, 0x44                        Mtrapsig_ptr_upd+4

mem[X,0x0000000080001864] -> 0x2373
mem[X,0x0000000080001866] -> 0x3010
[685] [M]: 0x0000000080001864 (0x30102373) csrrs x6, misa, x0                       Mxcpt_sig_sv+0
CSR misa (0x301) -> 0x800000000034112F
x6 <- 0x800000000034112F

clint mtime 0x0000000000000157 (mip.MTI <- 0b1, mip.STI <- 0b0)
mem[X,0x0000000080001868] -> 0x1313
mem[X,0x000000008000186A] -> 0x0383
[686] [M]: 0x0000000080001868 (0x03831313) slli x6, x6, 0x38                        Mxcpt_sig_sv+4
x6 <- 0x2F00000000000000

mem[X,0x000000008000186C] -> 0x5463
mem[X,0x000000008000186E] -> 0x0003
[687] [M]: 0x000000008000186C (0x00035463) bge x6, x0, 0x8                          Mxcpt_sig_sv+8

clint mtime 0x0000000000000158 (mip.MTI <- 0b1, mip.STI <- 0b0)
mem[X,0x0000000080001874] -> 0x3303
mem[X,0x0000000080001876] -> 0x2181
[688] [M]: 0x0000000080001874 (0x21813303) ld x6, 0x218(x2)                         Mtrap_sig_sv+0
mem[R,0x0000000080004218] -> 0x0000000080008518
x6 <- 0x0000000080008518

mem[X,0x0000000080001878] -> 0x04B3
mem[X,0x000000008000187A] -> 0x0073
[689] [M]: 0x0000000080001878 (0x007304B3) add x9, x6, x7                           Mtrap_sig_sv+4
x9 <- 0x0000000080008538

clint mtime 0x0000000000000159 (mip.MTI <- 0b1, mip.STI <- 0b0)
mem[X,0x000000008000187C] -> 0x3C23
mem[X,0x000000008000187E] -> 0x2091
[690] [M]: 0x000000008000187C (0x20913C23) sd x9, 0x218(x2)                         Mtrap_sig_sv+8
mem[W,0x0000000080004218] <- 0x0000000080008538

mem[X,0x0000000080001880] -> 0x3403
mem[X,0x0000000080001882] -> 0x1F81
[691] [M]: 0x0000000080001880 (0x1F813403) ld x8, 0x1f8(x2)                         Mtrap_sig_sv+12
mem[R,0x00000000800041F8] -> 0x0000000080008110
x8 <- 0x0000000080008110

clint mtime 0x000000000000015A (mip.MTI <- 0b1, mip.STI <- 0b0)
mem[X,0x0000000080001884] -> 0x0333
mem[X,0x0000000080001886] -> 0x4083
[692] [M]: 0x0000000080001884 (0x40830333) sub x6, x6, x8                           Mtrap_sig_sv+16
x6 <- 0x0000000000000408

mem[X,0x0000000080001888] -> 0x3403
mem[X,0x000000008000188A] -> 0x1F81
[693] [M]: 0x0000000080001888 (0x1F813403) ld x8, 0x1f8(x2)                         Mtrap_sig_sv+20
mem[R,0x00000000800041F8] -> 0x0000000080008110
x8 <- 0x0000000080008110

clint mtime 0x000000000000015B (mip.MTI <- 0b1, mip.STI <- 0b0)
mem[X,0x000000008000188C] -> 0x0333
mem[X,0x000000008000188E] -> 0x0083
[694] [M]: 0x000000008000188C (0x00830333) add x6, x6, x8                           Mtrap_sig_sv+24
x6 <- 0x0000000080008518

mem[X,0x0000000080001890] -> 0x3403
mem[X,0x0000000080001892] -> 0x2401
[695] [M]: 0x0000000080001890 (0x24013403) ld x8, 0x240(x2)                         Mtrap_sig_sv+28
mem[R,0x0000000080004240] -> 0x0000000080001600
x8 <- 0x0000000080001600

clint mtime 0x000000000000015C (mip.MTI <- 0b1, mip.STI <- 0b0)
mem[X,0x0000000080001894] -> 0x85B3
mem[X,0x0000000080001896] -> 0x4085
[696] [M]: 0x0000000080001894 (0x408585B3) sub x11, x11, x8                         sv_Mvect+0
x11 <- 0x000000000000010C

mem[X,0x0000000080001898] -> 0x9593
mem[X,0x000000008000189A] -> 0x0045
[697] [M]: 0x0000000080001898 (0x00459593) slli x11, x11, 0x4                       sv_Mvect+4
x11 <- 0x00000000000010C0

clint mtime 0x000000000000015D (mip.MTI <- 0b1, mip.STI <- 0b0)
mem[X,0x000000008000189C] -> 0xE5B3
mem[X,0x000000008000189E] -> 0x0075
[698] [M]: 0x000000008000189C (0x0075E5B3) or x11, x11, x7                          sv_Mvect+8
x11 <- 0x00000000000010E0

mem[X,0x00000000800018A0] -> 0x8593
mem[X,0x00000000800018A2] -> 0x0035
[699] [M]: 0x00000000800018A0 (0x00358593) addi x11, x11, 0x3                       sv_Mvect+12
x11 <- 0x00000000000010E3

clint mtime 0x000000000000015E (mip.MTI <- 0b1, mip.STI <- 0b0)
mem[X,0x00000000800018A4] -> 0x3023
mem[X,0x00000000800018A6] -> 0x00B3
[700] [M]: 0x00000000800018A4 (0x00B33023) sd x11, 0x0(x6)                          sv_Mvect+16
mem[W,0x0000000080008518] <- 0x00000000000010E3

mem[X,0x00000000800018A8] -> 0x3423
mem[X,0x00000000800018AA] -> 0x00A3
[701] [M]: 0x00000000800018A8 (0x00A33423) sd x10, 0x8(x6)                          sv_Mcause+0
mem[W,0x0000000080008520] <- 0x0000000000000002

clint mtime 0x000000000000015F (mip.MTI <- 0b1, mip.STI <- 0b0)
mem[X,0x00000000800018AC] -> 0x4663
mem[X,0x00000000800018AE] -> 0x1A05
[702] [M]: 0x00000000800018AC (0x1A054663) blt x10, x0, 0x1ac                       sv_Mcause+4

mem[X,0x00000000800018B0] -> 0x25F3
mem[X,0x00000000800018B2] -> 0x3000
[703] [M]: 0x00000000800018B0 (0x300025F3) csrrs x11, mstatus, x0                   common_Mexcpt_handler+0
CSR mstatus (0x300) -> 0x0000000A00000800
x11 <- 0x0000000A00000800

clint mtime 0x0000000000000160 (mip.MTI <- 0b1, mip.STI <- 0b0)
mem[X,0x00000000800018B4] -> 0x9413
mem[X,0x00000000800018B6] -> 0x02E5
[704] [M]: 0x00000000800018B4 (0x02E59413) slli x8, x11, 0x2e                       common_Mexcpt_handler+4
x8 <- 0x0200000000000000

mem[X,0x00000000800018B8] -> 0x5463
mem[X,0x00000000800018BA] -> 0x0004
[705] [M]: 0x00000000800018B8 (0x00045463) bge x8, x0, 0x8                          common_Mexcpt_handler+8

clint mtime 0x0000000000000161 (mip.MTI <- 0b1, mip.STI <- 0b0)
mem[X,0x00000000800018C0] -> 0xD493
mem[X,0x00000000800018C2] -> 0x00B5
[706] [M]: 0x00000000800018C0 (0x00B5D493) srli x9, x11, 0xb                        common_Mexcpt_handler+16
x9 <- 0x0000000001400001

mem[X,0x00000000800018C4] -> 0xF493
mem[X,0x00000000800018C6] -> 0x0034
[707] [M]: 0x00000000800018C4 (0x0034F493) andi x9, x9, 0x3                         common_Mexcpt_handler+20
x9 <- 0x0000000000000001

clint mtime 0x0000000000000162 (mip.MTI <- 0b1, mip.STI <- 0b0)
mem[X,0x00000000800018C8] -> 0x8493
mem[X,0x00000000800018CA] -> 0x0014
[708] [M]: 0x00000000800018C8 (0x00148493) addi x9, x9, 0x1                         common_Mexcpt_handler+24
x9 <- 0x0000000000000002

mem[X,0x00000000800018CC] -> 0xF493
mem[X,0x00000000800018CE] -> 0x0044
[709] [M]: 0x00000000800018CC (0x0044F493) andi x9, x9, 0x4                         common_Mexcpt_handler+28
x9 <- 0x0000000000000000

clint mtime 0x0000000000000163 (mip.MTI <- 0b1, mip.STI <- 0b0)
mem[X,0x00000000800018D0] -> 0x0593
mem[X,0x00000000800018D2] -> 0x05D0
[710] [M]: 0x00000000800018D0 (0x05D00593) addi x11, x0, 0x5d                       common_Mexcpt_handler+32
x11 <- 0x000000000000005D

mem[X,0x00000000800018D4] -> 0xD5B3
mem[X,0x00000000800018D6] -> 0x0095
[711] [M]: 0x00000000800018D4 (0x0095D5B3) srl x11, x11, x9                         common_Mexcpt_handler+36
x11 <- 0x000000000000005D

clint mtime 0x0000000000000164 (mip.MTI <- 0b1, mip.STI <- 0b0)
mem[X,0x00000000800018D8] -> 0xF593
mem[X,0x00000000800018DA] -> 0x0015
[712] [M]: 0x00000000800018D8 (0x0015F593) andi x11, x11, 0x1                       common_Mexcpt_handler+40
x11 <- 0x0000000000000001

mem[X,0x00000000800018DC] -> 0x8EE3
mem[X,0x00000000800018DE] -> 0xF405
[713] [M]: 0x00000000800018DC (0xF4058EE3) beq x11, x0, -0xa4                       common_Mexcpt_handler+44

clint mtime 0x0000000000000165 (mip.MTI <- 0b1, mip.STI <- 0b0)
mem[X,0x00000000800018E0] -> 0x0593
mem[X,0x00000000800018E2] -> 0x2980
[714] [M]: 0x00000000800018E0 (0x29800593) addi x11, x0, 0x298                      common_Mexcpt_handler+48
x11 <- 0x0000000000000298

mem[X,0x00000000800018E4] -> 0xF413
mem[X,0x00000000800018E6] -> 0x0014
[715] [M]: 0x00000000800018E4 (0x0014F413) andi x8, x9, 0x1                         common_Mexcpt_handler+52
x8 <- 0x0000000000000000

clint mtime 0x0000000000000166 (mip.MTI <- 0b1, mip.STI <- 0b0)
mem[X,0x00000000800018E8] -> 0x95B3
mem[X,0x00000000800018EA] -> 0x0085
[716] [M]: 0x00000000800018E8 (0x008595B3) sll x11, x11, x8                         common_Mexcpt_handler+56
x11 <- 0x0000000000000298

mem[X,0x00000000800018EC] -> 0x9413
mem[X,0x00000000800018EE] -> 0x03D4
[717] [M]: 0x00000000800018EC (0x03D49413) slli x8, x9, 0x3d                        common_Mexcpt_handler+60
x8 <- 0x0000000000000000

clint mtime 0x0000000000000167 (mip.MTI <- 0b1, mip.STI <- 0b0)
mem[X,0x00000000800018F0] -> 0x5413
mem[X,0x00000000800018F2] -> 0x43F4
[718] [M]: 0x00000000800018F0 (0x43F45413) srai x8, x8, 0x3f                        common_Mexcpt_handler+64
x8 <- 0x0000000000000000

mem[X,0x00000000800018F4] -> 0x4413
mem[X,0x00000000800018F6] -> 0xFFF4
[719] [M]: 0x00000000800018F4 (0xFFF44413) xori x8, x8, -0x1                        common_Mexcpt_handler+68
x8 <- 0xFFFFFFFFFFFFFFFF

clint mtime 0x0000000000000168 (mip.MTI <- 0b1, mip.STI <- 0b0)
mem[X,0x00000000800018F8] -> 0xF4B3
mem[X,0x00000000800018FA] -> 0x0085
[720] [M]: 0x00000000800018F8 (0x0085F4B3) and x9, x11, x8                          common_Mexcpt_handler+72
x9 <- 0x0000000000000298

mem[X,0x00000000800018FC] -> 0x84B3
mem[X,0x00000000800018FE] -> 0x0024
[721] [M]: 0x00000000800018FC (0x002484B3) add x9, x9, x2                           vmem_adj_Mepc+0
x9 <- 0x0000000080004298

clint mtime 0x0000000000000169 (mip.MTI <- 0b1, mip.STI <- 0b0)
mem[X,0x0000000080001900] -> 0x23F3
mem[X,0x0000000080001902] -> 0x3410
[722] [M]: 0x0000000080001900 (0x341023F3) csrrs x7, mepc, x0                       vmem_adj_Mepc+4
CSR mepc (0x341) -> 0x0000000180000B24
x7 <- 0x0000000180000B24

mem[X,0x0000000080001904] -> 0x0413
mem[X,0x0000000080001906] -> 0x0004
[723] [M]: 0x0000000080001904 (0x00040413) addi x8, x8, 0x0                         vmem_adj_Mepc+8
x8 <- 0xFFFFFFFFFFFFFFFF

clint mtime 0x000000000000016A (mip.MTI <- 0b1, mip.STI <- 0b0)
mem[X,0x0000000080001908] -> 0x006F
mem[X,0x000000008000190A] -> 0x0400
[724] [M]: 0x0000000080001908 (0x0400006F) jal x0, 0x40                             vmem_adj_Mepc+12

mem[X,0x0000000080001948] -> 0x8433
mem[X,0x000000008000194A] -> 0x4083
[725] [M]: 0x0000000080001948 (0x40838433) sub x8, x7, x8                           adj_Mepc+0
x8 <- 0x0000000180000B25

clint mtime 0x000000000000016B (mip.MTI <- 0b1, mip.STI <- 0b0)
mem[X,0x000000008000194C] -> 0x3823
mem[X,0x000000008000194E] -> 0x0083
[726] [M]: 0x000000008000194C (0x00833823) sd x8, 0x10(x6)                          sv_Mepc+0
mem[W,0x0000000080008528] <- 0x0000000180000B25

mem[X,0x0000000080001950] -> 0x55B7
mem[X,0x0000000080001952] -> 0x0000
[727] [M]: 0x0000000080001950 (0x000055B7) lui x11, 0x5                             sv_Mepc+4
x11 <- 0x0000000000005000

clint mtime 0x000000000000016C (mip.MTI <- 0b1, mip.STI <- 0b0)
mem[X,0x0000000080001954] -> 0x8593
mem[X,0x0000000080001956] -> 0x6675
[728] [M]: 0x0000000080001954 (0x66758593) addi x11, x11, 0x667                     sv_Mepc+8
x11 <- 0x0000000000005667

mem[X,0x0000000080001958] -> 0x9593
mem[X,0x000000008000195A] -> 0x0015
[729] [M]: 0x0000000080001958 (0x00159593) slli x11, x11, 0x1                       sv_Mepc+12
x11 <- 0x000000000000ACCE

clint mtime 0x000000000000016D (mip.MTI <- 0b1, mip.STI <- 0b0)
mem[X,0x000000008000195C] -> 0x9063
mem[X,0x000000008000195E] -> 0x02B1
[730] [M]: 0x000000008000195C (0x02B19063) bne x3, x11, 0x20                        sv_Mepc+16

mem[X,0x000000008000197C] -> 0xF593
mem[X,0x000000008000197E] -> 0xFFC3
[731] [M]: 0x000000008000197C (0xFFC3F593) andi x11, x7, -0x4                       adj_Mepc_rtn+0
x11 <- 0x0000000180000B24

clint mtime 0x000000000000016E (mip.MTI <- 0b1, mip.STI <- 0b0)
mem[X,0x0000000080001980] -> 0x8593
mem[X,0x0000000080001982] -> 0x0085
[732] [M]: 0x0000000080001980 (0x00858593) addi x11, x11, 0x8                       adj_Mepc_rtn+4
x11 <- 0x0000000180000B2C

mem[X,0x0000000080001984] -> 0x9073
mem[X,0x0000000080001986] -> 0x3415
[733] [M]: 0x0000000080001984 (0x34159073) csrrw x0, mepc, x11                      adj_Mepc_rtn+8
CSR mepc (0x341) <- 0x0000000180000B2C

clint mtime 0x000000000000016F (mip.MTI <- 0b1, mip.STI <- 0b0)
mem[X,0x0000000080001988] -> 0x23F3
mem[X,0x000000008000198A] -> 0x3430
[734] [M]: 0x0000000080001988 (0x343023F3) csrrs x7, mtval, x0                      skp_adj_Mepc+0
CSR mtval (0x343) -> 0x00000000341494F3
x7 <- 0x00000000341494F3

mem[X,0x000000008000198C] -> 0x0413
mem[X,0x000000008000198E] -> 0x0004
[735] [M]: 0x000000008000198C (0x00040413) addi x8, x8, 0x0                         skp_adj_Mepc+4
x8 <- 0x0000000180000B25

clint mtime 0x0000000000000170 (mip.MTI <- 0b1, mip.STI <- 0b0)
mem[X,0x0000000080001990] -> 0x006F
mem[X,0x0000000080001992] -> 0x0840
[736] [M]: 0x0000000080001990 (0x0840006F) jal x0, 0x84                             skp_adj_Mepc+8

mem[X,0x0000000080001A14] -> 0x8433
mem[X,0x0000000080001A16] -> 0x4083
[737] [M]: 0x0000000080001A14 (0x40838433) sub x8, x7, x8                           adj_Mtval+0
x8 <- 0xFFFFFFFEB41489CE

clint mtime 0x0000000000000171 (mip.MTI <- 0b1, mip.STI <- 0b0)
mem[X,0x0000000080001A18] -> 0x3C23
mem[X,0x0000000080001A1A] -> 0x0083
[738] [M]: 0x0000000080001A18 (0x00833C23) sd x8, 0x18(x6)                          sv_Mtval+0
mem[W,0x0000000080008530] <- 0xFFFFFFFEB41489CE

mem[X,0x0000000080001A1C] -> 0x3483
mem[X,0x0000000080001A1E] -> 0x2181
[739] [M]: 0x0000000080001A1C (0x21813483) ld x9, 0x218(x2)                         skp_Mtval+0
mem[R,0x0000000080004218] -> 0x0000000080008538
x9 <- 0x0000000080008538

clint mtime 0x0000000000000172 (mip.MTI <- 0b1, mip.STI <- 0b0)
mem[X,0x0000000080001A20] -> 0x3383
mem[X,0x0000000080001A22] -> 0x1F81
[740] [M]: 0x0000000080001A20 (0x1F813383) ld x7, 0x1f8(x2)                         skp_Mtval+4
mem[R,0x00000000800041F8] -> 0x0000000080008110
x7 <- 0x0000000080008110

mem[X,0x0000000080001A24] -> 0x3303
mem[X,0x0000000080001A26] -> 0x2001
[741] [M]: 0x0000000080001A24 (0x20013303) ld x6, 0x200(x2)                         skp_Mtval+8
mem[R,0x0000000080004200] -> 0x0000000000000810
x6 <- 0x0000000000000810

clint mtime 0x0000000000000173 (mip.MTI <- 0b1, mip.STI <- 0b0)
mem[X,0x0000000080001A28] -> 0x0333
mem[X,0x0000000080001A2A] -> 0x0073
[742] [M]: 0x0000000080001A28 (0x00730333) add x6, x6, x7                           skp_Mtval+12
x6 <- 0x0000000080008920

mem[X,0x0000000080001A2C] -> 0x6AE3
mem[X,0x0000000080001A2E] -> 0xAC93
[743] [M]: 0x0000000080001A2C (0xAC936AE3) bltu x6, x9, -0x52c                      skp_Mtval+16

clint mtime 0x0000000000000174 (mip.MTI <- 0b1, mip.STI <- 0b0)
mem[X,0x0000000080001A30] -> 0x0393
mem[X,0x0000000080001A32] -> 0x2000
[744] [M]: 0x0000000080001A30 (0x20000393) addi x7, x0, 0x200                       skp_Mtval+20
x7 <- 0x0000000000000200

mem[X,0x0000000080001A34] -> 0x006F
mem[X,0x0000000080001A36] -> 0x0400
[745] [M]: 0x0000000080001A34 (0x0400006F) jal x0, 0x40                             skp_Mtval+24

clint mtime 0x0000000000000175 (mip.MTI <- 0b1, mip.STI <- 0b0)
mem[X,0x0000000080001A74] -> 0x0417
mem[X,0x0000000080001A76] -> 0x0000
[746] [M]: 0x0000000080001A74 (0x00000417) auipc x8, 0x0                            spcl_Mhandler+0
x8 <- 0x0000000080001A74

mem[X,0x0000000080001A78] -> 0x0413
mem[X,0x0000000080001A7A] -> 0x03C4
[747] [M]: 0x0000000080001A78 (0x03C40413) addi x8, x8, 0x3c                        spcl_Mhandler+4
x8 <- 0x0000000080001AB0

clint mtime 0x0000000000000176 (mip.MTI <- 0b1, mip.STI <- 0b0)
mem[X,0x0000000080001A7C] -> 0x0433
mem[X,0x0000000080001A7E] -> 0x0074
[748] [M]: 0x0000000080001A7C (0x00740433) add x8, x8, x7                           spcl_Mhandler+8
x8 <- 0x0000000080001CB0

mem[X,0x0000000080001A80] -> 0x1393
mem[X,0x0000000080001A82] -> 0x0035
[749] [M]: 0x0000000080001A80 (0x00351393) slli x7, x10, 0x3                        spcl_Mhandler+12
x7 <- 0x0000000000000010

clint mtime 0x0000000000000177 (mip.MTI <- 0b1, mip.STI <- 0b0)
mem[X,0x0000000080001A84] -> 0x0433
mem[X,0x0000000080001A86] -> 0x0074
[750] [M]: 0x0000000080001A84 (0x00740433) add x8, x8, x7                           spcl_Mhandler+16
x8 <- 0x0000000080001CC0

mem[X,0x0000000080001A88] -> 0x7413
mem[X,0x0000000080001A8A] -> 0xFF84
[751] [M]: 0x0000000080001A88 (0xFF847413) andi x8, x8, -0x8                        spcl_Mhandler+20
x8 <- 0x0000000080001CC0

clint mtime 0x0000000000000178 (mip.MTI <- 0b1, mip.STI <- 0b0)
mem[X,0x0000000080001A8C] -> 0x3403
mem[X,0x0000000080001A8E] -> 0x0004
[752] [M]: 0x0000000080001A8C (0x00043403) ld x8, 0x0(x8)                           spcl_Mhandler+24
mem[R,0x0000000080001CC0] -> 0x0000000000000005
x8 <- 0x0000000000000005

mem[X,0x0000000080001A90] -> 0x02E3
mem[X,0x0000000080001A92] -> 0xB004
[753] [M]: 0x0000000080001A90 (0xB00402E3) beq x8, x0, -0x4fc                       spcl_Mdispatch_hndling+0

clint mtime 0x0000000000000179 (mip.MTI <- 0b1, mip.STI <- 0b0)
mem[X,0x0000000080001A94] -> 0x1393
mem[X,0x0000000080001A96] -> 0x03F4
[754] [M]: 0x0000000080001A94 (0x03F41393) slli x7, x8, 0x3f                        spcl_Mdispatch_hndling+4
x7 <- 0x8000000000000000

mem[X,0x0000000080001A98] -> 0xD863
mem[X,0x0000000080001A9A] -> 0x0003
[755] [M]: 0x0000000080001A98 (0x0003D863) bge x7, x0, 0x10                         spcl_Mdispatch_hndling+8

clint mtime 0x000000000000017A (mip.MTI <- 0b1, mip.STI <- 0b0)
mem[X,0x0000000080001A9C] -> 0x5413
mem[X,0x0000000080001A9E] -> 0x0014
[756] [M]: 0x0000000080001A9C (0x00145413) srli x8, x8, 0x1                         spcl_Mdispatch_hndling+12
x8 <- 0x0000000000000002

mem[X,0x0000000080001AA0] -> 0x0CE3
mem[X,0x0000000080001AA2] -> 0xF885
[757] [M]: 0x0000000080001AA0 (0xF8850CE3) beq x10, x8, -0x68                       spcl_Mdispatch_hndling+16

clint mtime 0x000000000000017B (mip.MTI <- 0b1, mip.STI <- 0b0)
mem[X,0x0000000080001A38] -> 0x3303
mem[X,0x0000000080001A3A] -> 0x2601
[758] [M]: 0x0000000080001A38 (0x26013303) ld x6, 0x260(x2)                         resto_Mrtn+0
mem[R,0x0000000080004260] -> 0x0000000100000008
x6 <- 0x0000000100000008

mem[X,0x0000000080001A3C] -> 0x3383
mem[X,0x0000000080001A3E] -> 0x2681
[759] [M]: 0x0000000080001A3C (0x26813383) ld x7, 0x268(x2)                         resto_Mrtn+4
mem[R,0x0000000080004268] -> 0x0000000080004000
x7 <- 0x0000000080004000

clint mtime 0x000000000000017C (mip.MTI <- 0b1, mip.STI <- 0b0)
mem[X,0x0000000080001A40] -> 0x3403
mem[X,0x0000000080001A42] -> 0x2701
[760] [M]: 0x0000000080001A40 (0x27013403) ld x8, 0x270(x2)                         resto_Mrtn+8
mem[R,0x0000000080004270] -> 0x0000000000007F76
x8 <- 0x0000000000007F76

mem[X,0x0000000080001A44] -> 0x3483
mem[X,0x0000000080001A46] -> 0x2781
[761] [M]: 0x0000000080001A44 (0x27813483) ld x9, 0x278(x2)                         resto_Mrtn+12
mem[R,0x0000000080004278] -> 0x0000000280000B24
x9 <- 0x0000000280000B24

clint mtime 0x000000000000017D (mip.MTI <- 0b1, mip.STI <- 0b0)
mem[X,0x0000000080001A48] -> 0x3503
mem[X,0x0000000080001A4A] -> 0x2801
[762] [M]: 0x0000000080001A48 (0x28013503) ld x10, 0x280(x2)                        resto_Mrtn+16
mem[R,0x0000000080004280] -> 0x00000000200000CD
x10 <- 0x00000000200000CD

mem[X,0x0000000080001A4C] -> 0x3583
mem[X,0x0000000080001A4E] -> 0x2881
[763] [M]: 0x0000000080001A4C (0x28813583) ld x11, 0x288(x2)                        resto_Mrtn+20
mem[R,0x0000000080004288] -> 0x00000000000000CD
x11 <- 0x00000000000000CD

clint mtime 0x000000000000017E (mip.MTI <- 0b1, mip.STI <- 0b0)
mem[X,0x0000000080001A50] -> 0x3103
mem[X,0x0000000080001A52] -> 0x2901
[764] [M]: 0x0000000080001A50 (0x29013103) ld x2, 0x290(x2)                         resto_Mrtn+24
mem[R,0x0000000080004290] -> 0x0000000080004000
x2 <- 0x0000000080004000

mem[X,0x0000000080001A54] -> 0x0073
mem[X,0x0000000080001A56] -> 0x3020
[765] [M]: 0x0000000080001A54 (0x30200073) mret                                     resto_Mrtn+28
CSR mstatus (0x300) <- 0x0000000A00000080
ret-ing from M to S

clint mtime 0x000000000000017F (mip.MTI <- 0b1, mip.STI <- 0b0)
mem[X,0x0000000080000B2C] -> 0x07B7
mem[X,0x0000000080000B2E] -> 0x5000
[766] [S]: 0x0000000180000B2C (0x500007B7) lui x15, 0x50000                         va_rvtest_code_begin+848
x15 <- 0x0000000050000000

mem[X,0x0000000080000B30] -> 0x8793
mem[X,0x0000000080000B32] -> 0x1017
[767] [S]: 0x0000000180000B30 (0x10178793) addi x15, x15, 0x101                     va_rvtest_code_begin+852
x15 <- 0x0000000050000101

clint mtime 0x0000000000000180 (mip.MTI <- 0b1, mip.STI <- 0b0)
mem[X,0x0000000080000B34] -> 0x9793
mem[X,0x0000000080000B36] -> 0x0027
[768] [S]: 0x0000000180000B34 (0x00279793) slli x15, x15, 0x2                       va_rvtest_code_begin+856
x15 <- 0x0000000140000404

mem[X,0x0000000080000B38] -> 0x0613
mem[X,0x0000000080000B3A] -> 0x0106
[769] [S]: 0x0000000180000B38 (0x01060613) addi x12, x12, 0x10                      va_rvtest_code_begin+860
x12 <- 0x0000000000000010

clint mtime 0x0000000000000181 (mip.MTI <- 0b1, mip.STI <- 0b0)
mem[X,0x0000000080000B3C] -> 0xAA23
mem[X,0x0000000080000B3E] -> 0x00C7
[770] [S]: 0x0000000180000B3C (0x00C7AA23) sw x12, 0x14(x15)                        va_rvtest_code_begin+864
PTW: Start, vpn=0x140000, access_type=W, privilege=Smem[R,0x0000000080007028] -> 0x00000000200000CD
PTW: Step, level=2, pte=0x200000CD, pte_addr=0x80007028
PTW: failed, error=invalid-pte, level=2, pte_addr=0x80007028
trapping from S to M to handle store/amo-page-fault
handling exc#store/amo-page-fault at priv M with tval 0x0000000140000418
CSR mstatus (0x300) <- 0x0000000A00000800
CSR mcause (0x342) <- 0x000000000000000F
CSR mtval (0x343) <- 0x0000000140000418
CSR mepc (0x341) <- 0x0000000180000B3C

mem[X,0x0000000080001600] -> 0x006F
mem[X,0x0000000080001602] -> 0x1000
[771] [M]: 0x0000000080001600 (0x1000006F) jal x0, 0x100                            Mtrampoline+0

clint mtime 0x0000000000000182 (mip.MTI <- 0b1, mip.STI <- 0b0)
mem[X,0x0000000080001700] -> 0x1173
mem[X,0x0000000080001702] -> 0x3401
[772] [M]: 0x0000000080001700 (0x34011173) csrrw x2, mscratch, x2                   trap_Mhandler+0
CSR mscratch (0x340) <- 0x0000000080004000
x2 <- 0x0000000080004000

mem[X,0x0000000080001704] -> 0x3423
mem[X,0x0000000080001706] -> 0x28B1
[773] [M]: 0x0000000080001704 (0x28B13423) sd x11, 0x288(x2)                        trap_Mhandler+4
mem[W,0x0000000080004288] <- 0x00000000000000CD

clint mtime 0x0000000000000183 (mip.MTI <- 0b1, mip.STI <- 0b0)
mem[X,0x0000000080001708] -> 0x05EF
mem[X,0x000000008000170A] -> 0x0B80
[774] [M]: 0x0000000080001708 (0x0B8005EF) jal x11, 0xb8                            trap_Mhandler+8
x11 <- 0x000000008000170C

mem[X,0x00000000800017C0] -> 0x3023
mem[X,0x00000000800017C2] -> 0x28A1
[775] [M]: 0x00000000800017C0 (0x28A13023) sd x10, 0x280(x2)                        common_Mhandler+0
mem[W,0x0000000080004280] <- 0x00000000200000CD

clint mtime 0x0000000000000184 (mip.MTI <- 0b1, mip.STI <- 0b0)
mem[X,0x00000000800017C4] -> 0x1573
mem[X,0x00000000800017C6] -> 0x3401
[776] [M]: 0x00000000800017C4 (0x34011573) csrrw x10, mscratch, x2                  common_Mhandler+4
CSR mscratch (0x340) <- 0x0000000080004000
x10 <- 0x0000000080004000

mem[X,0x00000000800017C8] -> 0x3823
mem[X,0x00000000800017CA] -> 0x28A1
[777] [M]: 0x00000000800017C8 (0x28A13823) sd x10, 0x290(x2)                        common_Mhandler+8
mem[W,0x0000000080004290] <- 0x0000000080004000

clint mtime 0x0000000000000185 (mip.MTI <- 0b1, mip.STI <- 0b0)
mem[X,0x00000000800017CC] -> 0x3503
mem[X,0x00000000800017CE] -> 0x2301
[778] [M]: 0x00000000800017CC (0x23013503) ld x10, 0x230(x2)                        common_Mhandler+12
mem[R,0x0000000080004230] -> 0x00000000800017D4
x10 <- 0x00000000800017D4

mem[X,0x00000000800017D0] -> 0x0067
mem[X,0x00000000800017D2] -> 0x0005
[779] [M]: 0x00000000800017D0 (0x00050067) jalr x0, 0x0(x10)                        common_Mhandler+16

clint mtime 0x0000000000000186 (mip.MTI <- 0b1, mip.STI <- 0b0)
mem[X,0x00000000800017D4] -> 0x3C23
mem[X,0x00000000800017D6] -> 0x2691
[780] [M]: 0x00000000800017D4 (0x26913C23) sd x9, 0x278(x2)                         common_Mentry+0
mem[W,0x0000000080004278] <- 0x0000000280000B24

mem[X,0x00000000800017D8] -> 0x3823
mem[X,0x00000000800017DA] -> 0x2681
[781] [M]: 0x00000000800017D8 (0x26813823) sd x8, 0x270(x2)                         common_Mentry+4
mem[W,0x0000000080004270] <- 0x0000000000007F76

clint mtime 0x0000000000000187 (mip.MTI <- 0b1, mip.STI <- 0b0)
mem[X,0x00000000800017DC] -> 0x3423
mem[X,0x00000000800017DE] -> 0x2671
[782] [M]: 0x00000000800017DC (0x26713423) sd x7, 0x268(x2)                         common_Mentry+8
mem[W,0x0000000080004268] <- 0x0000000080004000

mem[X,0x00000000800017E0] -> 0x3023
mem[X,0x00000000800017E2] -> 0x2661
[783] [M]: 0x00000000800017E0 (0x26613023) sd x6, 0x260(x2)                         common_Mentry+12
mem[W,0x0000000080004260] <- 0x0000000100000008

clint mtime 0x0000000000000188 (mip.MTI <- 0b1, mip.STI <- 0b0)
mem[X,0x00000000800017E4] -> 0x2573
mem[X,0x00000000800017E6] -> 0x3420
[784] [M]: 0x00000000800017E4 (0x34202573) csrrs x10, mcause, x0                    spcl_M2mmode_test+0
CSR mcause (0x342) -> 0x000000000000000F
x10 <- 0x000000000000000F

mem[X,0x00000000800017E8] -> 0x04B7
mem[X,0x00000000800017EA] -> 0x8000
[785] [M]: 0x00000000800017E8 (0x800004B7) lui x9, -0x80000                         spcl_M2mmode_test+4
x9 <- 0xFFFFFFFF80000000

clint mtime 0x0000000000000189 (mip.MTI <- 0b1, mip.STI <- 0b0)
mem[X,0x00000000800017EC] -> 0x8493
mem[X,0x00000000800017EE] -> 0x0004
[786] [M]: 0x00000000800017EC (0x00048493) addi x9, x9, 0x0                         spcl_M2mmode_test+8
x9 <- 0xFFFFFFFF80000000

mem[X,0x00000000800017F0] -> 0x9493
mem[X,0x00000000800017F2] -> 0x00B4
[787] [M]: 0x00000000800017F0 (0x00B49493) slli x9, x9, 0xb                         spcl_M2mmode_test+12
x9 <- 0xFFFFFC0000000000

clint mtime 0x000000000000018A (mip.MTI <- 0b1, mip.STI <- 0b0)
mem[X,0x00000000800017F4] -> 0x8493
mem[X,0x00000000800017F6] -> 0x0004
[788] [M]: 0x00000000800017F4 (0x00048493) addi x9, x9, 0x0                         spcl_M2mmode_test+16
x9 <- 0xFFFFFC0000000000

mem[X,0x00000000800017F8] -> 0x9493
mem[X,0x00000000800017FA] -> 0x00B4
[789] [M]: 0x00000000800017F8 (0x00B49493) slli x9, x9, 0xb                         spcl_M2mmode_test+20
x9 <- 0xFFE0000000000000

clint mtime 0x000000000000018B (mip.MTI <- 0b1, mip.STI <- 0b0)
mem[X,0x00000000800017FC] -> 0x8493
mem[X,0x00000000800017FE] -> 0x0034
[790] [M]: 0x00000000800017FC (0x00348493) addi x9, x9, 0x3                         spcl_M2mmode_test+24
x9 <- 0xFFE0000000000003

mem[X,0x0000000080001800] -> 0x9493
mem[X,0x0000000080001802] -> 0x00A4
[791] [M]: 0x0000000080001800 (0x00A49493) slli x9, x9, 0xa                         spcl_M2mmode_test+28
x9 <- 0x8000000000000C00

clint mtime 0x000000000000018C (mip.MTI <- 0b1, mip.STI <- 0b0)
mem[X,0x0000000080001804] -> 0x8493
mem[X,0x0000000080001806] -> 0x3FC4
[792] [M]: 0x0000000080001804 (0x3FC48493) addi x9, x9, 0x3fc                       spcl_M2mmode_test+32
x9 <- 0x8000000000000FFC

mem[X,0x0000000080001808] -> 0xF4B3
mem[X,0x000000008000180A] -> 0x00A4
[793] [M]: 0x0000000080001808 (0x00A4F4B3) and x9, x9, x10                          spcl_M2mmode_test+36
x9 <- 0x000000000000000C

clint mtime 0x000000000000018D (mip.MTI <- 0b1, mip.STI <- 0b0)
mem[X,0x000000008000180C] -> 0x8493
mem[X,0x000000008000180E] -> 0xFF84
[794] [M]: 0x000000008000180C (0xFF848493) addi x9, x9, -0x8                        spcl_M2mmode_test+40
x9 <- 0x0000000000000004

mem[X,0x0000000080001810] -> 0x9663
mem[X,0x0000000080001812] -> 0x0004
[795] [M]: 0x0000000080001810 (0x00049663) bne x9, x0, 0xc                          spcl_M2mmode_test+44

clint mtime 0x000000000000018E (mip.MTI <- 0b1, mip.STI <- 0b0)
mem[X,0x000000008000181C] -> 0x0393
mem[X,0x000000008000181E] -> 0x0200
[796] [M]: 0x000000008000181C (0x02000393) addi x7, x0, 0x20                        Mtrapsig_ptr_upd+0
x7 <- 0x0000000000000020

mem[X,0x0000000080001820] -> 0x5263
mem[X,0x0000000080001822] -> 0x0405
[797] [M]: 0x0000000080001820 (0x04055263) bge x10, x0, 0x44                        Mtrapsig_ptr_upd+4

clint mtime 0x000000000000018F (mip.MTI <- 0b1, mip.STI <- 0b0)
mem[X,0x0000000080001864] -> 0x2373
mem[X,0x0000000080001866] -> 0x3010
[798] [M]: 0x0000000080001864 (0x30102373) csrrs x6, misa, x0                       Mxcpt_sig_sv+0
CSR misa (0x301) -> 0x800000000034112F
x6 <- 0x800000000034112F

mem[X,0x0000000080001868] -> 0x1313
mem[X,0x000000008000186A] -> 0x0383
[799] [M]: 0x0000000080001868 (0x03831313) slli x6, x6, 0x38                        Mxcpt_sig_sv+4
x6 <- 0x2F00000000000000

clint mtime 0x0000000000000190 (mip.MTI <- 0b1, mip.STI <- 0b0)
mem[X,0x000000008000186C] -> 0x5463
mem[X,0x000000008000186E] -> 0x0003
[800] [M]: 0x000000008000186C (0x00035463) bge x6, x0, 0x8                          Mxcpt_sig_sv+8

mem[X,0x0000000080001874] -> 0x3303
mem[X,0x0000000080001876] -> 0x2181
[801] [M]: 0x0000000080001874 (0x21813303) ld x6, 0x218(x2)                         Mtrap_sig_sv+0
mem[R,0x0000000080004218] -> 0x0000000080008538
x6 <- 0x0000000080008538

clint mtime 0x0000000000000191 (mip.MTI <- 0b1, mip.STI <- 0b0)
mem[X,0x0000000080001878] -> 0x04B3
mem[X,0x000000008000187A] -> 0x0073
[802] [M]: 0x0000000080001878 (0x007304B3) add x9, x6, x7                           Mtrap_sig_sv+4
x9 <- 0x0000000080008558

mem[X,0x000000008000187C] -> 0x3C23
mem[X,0x000000008000187E] -> 0x2091
[803] [M]: 0x000000008000187C (0x20913C23) sd x9, 0x218(x2)                         Mtrap_sig_sv+8
mem[W,0x0000000080004218] <- 0x0000000080008558

clint mtime 0x0000000000000192 (mip.MTI <- 0b1, mip.STI <- 0b0)
mem[X,0x0000000080001880] -> 0x3403
mem[X,0x0000000080001882] -> 0x1F81
[804] [M]: 0x0000000080001880 (0x1F813403) ld x8, 0x1f8(x2)                         Mtrap_sig_sv+12
mem[R,0x00000000800041F8] -> 0x0000000080008110
x8 <- 0x0000000080008110

mem[X,0x0000000080001884] -> 0x0333
mem[X,0x0000000080001886] -> 0x4083
[805] [M]: 0x0000000080001884 (0x40830333) sub x6, x6, x8                           Mtrap_sig_sv+16
x6 <- 0x0000000000000428

clint mtime 0x0000000000000193 (mip.MTI <- 0b1, mip.STI <- 0b0)
mem[X,0x0000000080001888] -> 0x3403
mem[X,0x000000008000188A] -> 0x1F81
[806] [M]: 0x0000000080001888 (0x1F813403) ld x8, 0x1f8(x2)                         Mtrap_sig_sv+20
mem[R,0x00000000800041F8] -> 0x0000000080008110
x8 <- 0x0000000080008110

mem[X,0x000000008000188C] -> 0x0333
mem[X,0x000000008000188E] -> 0x0083
[807] [M]: 0x000000008000188C (0x00830333) add x6, x6, x8                           Mtrap_sig_sv+24
x6 <- 0x0000000080008538

clint mtime 0x0000000000000194 (mip.MTI <- 0b1, mip.STI <- 0b0)
mem[X,0x0000000080001890] -> 0x3403
mem[X,0x0000000080001892] -> 0x2401
[808] [M]: 0x0000000080001890 (0x24013403) ld x8, 0x240(x2)                         Mtrap_sig_sv+28
mem[R,0x0000000080004240] -> 0x0000000080001600
x8 <- 0x0000000080001600

mem[X,0x0000000080001894] -> 0x85B3
mem[X,0x0000000080001896] -> 0x4085
[809] [M]: 0x0000000080001894 (0x408585B3) sub x11, x11, x8                         sv_Mvect+0
x11 <- 0x000000000000010C

clint mtime 0x0000000000000195 (mip.MTI <- 0b1, mip.STI <- 0b0)
mem[X,0x0000000080001898] -> 0x9593
mem[X,0x000000008000189A] -> 0x0045
[810] [M]: 0x0000000080001898 (0x00459593) slli x11, x11, 0x4                       sv_Mvect+4
x11 <- 0x00000000000010C0

mem[X,0x000000008000189C] -> 0xE5B3
mem[X,0x000000008000189E] -> 0x0075
[811] [M]: 0x000000008000189C (0x0075E5B3) or x11, x11, x7                          sv_Mvect+8
x11 <- 0x00000000000010E0

clint mtime 0x0000000000000196 (mip.MTI <- 0b1, mip.STI <- 0b0)
mem[X,0x00000000800018A0] -> 0x8593
mem[X,0x00000000800018A2] -> 0x0035
[812] [M]: 0x00000000800018A0 (0x00358593) addi x11, x11, 0x3                       sv_Mvect+12
x11 <- 0x00000000000010E3

mem[X,0x00000000800018A4] -> 0x3023
mem[X,0x00000000800018A6] -> 0x00B3
[813] [M]: 0x00000000800018A4 (0x00B33023) sd x11, 0x0(x6)                          sv_Mvect+16
mem[W,0x0000000080008538] <- 0x00000000000010E3

clint mtime 0x0000000000000197 (mip.MTI <- 0b1, mip.STI <- 0b0)
mem[X,0x00000000800018A8] -> 0x3423
mem[X,0x00000000800018AA] -> 0x00A3
[814] [M]: 0x00000000800018A8 (0x00A33423) sd x10, 0x8(x6)                          sv_Mcause+0
mem[W,0x0000000080008540] <- 0x000000000000000F

mem[X,0x00000000800018AC] -> 0x4663
mem[X,0x00000000800018AE] -> 0x1A05
[815] [M]: 0x00000000800018AC (0x1A054663) blt x10, x0, 0x1ac                       sv_Mcause+4

clint mtime 0x0000000000000198 (mip.MTI <- 0b1, mip.STI <- 0b0)
mem[X,0x00000000800018B0] -> 0x25F3
mem[X,0x00000000800018B2] -> 0x3000
[816] [M]: 0x00000000800018B0 (0x300025F3) csrrs x11, mstatus, x0                   common_Mexcpt_handler+0
CSR mstatus (0x300) -> 0x0000000A00000800
x11 <- 0x0000000A00000800

mem[X,0x00000000800018B4] -> 0x9413
mem[X,0x00000000800018B6] -> 0x02E5
[817] [M]: 0x00000000800018B4 (0x02E59413) slli x8, x11, 0x2e                       common_Mexcpt_handler+4
x8 <- 0x0200000000000000

clint mtime 0x0000000000000199 (mip.MTI <- 0b1, mip.STI <- 0b0)
mem[X,0x00000000800018B8] -> 0x5463
mem[X,0x00000000800018BA] -> 0x0004
[818] [M]: 0x00000000800018B8 (0x00045463) bge x8, x0, 0x8                          common_Mexcpt_handler+8

mem[X,0x00000000800018C0] -> 0xD493
mem[X,0x00000000800018C2] -> 0x00B5
[819] [M]: 0x00000000800018C0 (0x00B5D493) srli x9, x11, 0xb                        common_Mexcpt_handler+16
x9 <- 0x0000000001400001

clint mtime 0x000000000000019A (mip.MTI <- 0b1, mip.STI <- 0b0)
mem[X,0x00000000800018C4] -> 0xF493
mem[X,0x00000000800018C6] -> 0x0034
[820] [M]: 0x00000000800018C4 (0x0034F493) andi x9, x9, 0x3                         common_Mexcpt_handler+20
x9 <- 0x0000000000000001

mem[X,0x00000000800018C8] -> 0x8493
mem[X,0x00000000800018CA] -> 0x0014
[821] [M]: 0x00000000800018C8 (0x00148493) addi x9, x9, 0x1                         common_Mexcpt_handler+24
x9 <- 0x0000000000000002

clint mtime 0x000000000000019B (mip.MTI <- 0b1, mip.STI <- 0b0)
mem[X,0x00000000800018CC] -> 0xF493
mem[X,0x00000000800018CE] -> 0x0044
[822] [M]: 0x00000000800018CC (0x0044F493) andi x9, x9, 0x4                         common_Mexcpt_handler+28
x9 <- 0x0000000000000000

mem[X,0x00000000800018D0] -> 0x0593
mem[X,0x00000000800018D2] -> 0x05D0
[823] [M]: 0x00000000800018D0 (0x05D00593) addi x11, x0, 0x5d                       common_Mexcpt_handler+32
x11 <- 0x000000000000005D

clint mtime 0x000000000000019C (mip.MTI <- 0b1, mip.STI <- 0b0)
mem[X,0x00000000800018D4] -> 0xD5B3
mem[X,0x00000000800018D6] -> 0x0095
[824] [M]: 0x00000000800018D4 (0x0095D5B3) srl x11, x11, x9                         common_Mexcpt_handler+36
x11 <- 0x000000000000005D

mem[X,0x00000000800018D8] -> 0xF593
mem[X,0x00000000800018DA] -> 0x0015
[825] [M]: 0x00000000800018D8 (0x0015F593) andi x11, x11, 0x1                       common_Mexcpt_handler+40
x11 <- 0x0000000000000001

clint mtime 0x000000000000019D (mip.MTI <- 0b1, mip.STI <- 0b0)
mem[X,0x00000000800018DC] -> 0x8EE3
mem[X,0x00000000800018DE] -> 0xF405
[826] [M]: 0x00000000800018DC (0xF4058EE3) beq x11, x0, -0xa4                       common_Mexcpt_handler+44

mem[X,0x00000000800018E0] -> 0x0593
mem[X,0x00000000800018E2] -> 0x2980
[827] [M]: 0x00000000800018E0 (0x29800593) addi x11, x0, 0x298                      common_Mexcpt_handler+48
x11 <- 0x0000000000000298

clint mtime 0x000000000000019E (mip.MTI <- 0b1, mip.STI <- 0b0)
mem[X,0x00000000800018E4] -> 0xF413
mem[X,0x00000000800018E6] -> 0x0014
[828] [M]: 0x00000000800018E4 (0x0014F413) andi x8, x9, 0x1                         common_Mexcpt_handler+52
x8 <- 0x0000000000000000

mem[X,0x00000000800018E8] -> 0x95B3
mem[X,0x00000000800018EA] -> 0x0085
[829] [M]: 0x00000000800018E8 (0x008595B3) sll x11, x11, x8                         common_Mexcpt_handler+56
x11 <- 0x0000000000000298

clint mtime 0x000000000000019F (mip.MTI <- 0b1, mip.STI <- 0b0)
mem[X,0x00000000800018EC] -> 0x9413
mem[X,0x00000000800018EE] -> 0x03D4
[830] [M]: 0x00000000800018EC (0x03D49413) slli x8, x9, 0x3d                        common_Mexcpt_handler+60
x8 <- 0x0000000000000000

mem[X,0x00000000800018F0] -> 0x5413
mem[X,0x00000000800018F2] -> 0x43F4
[831] [M]: 0x00000000800018F0 (0x43F45413) srai x8, x8, 0x3f                        common_Mexcpt_handler+64
x8 <- 0x0000000000000000

clint mtime 0x00000000000001A0 (mip.MTI <- 0b1, mip.STI <- 0b0)
mem[X,0x00000000800018F4] -> 0x4413
mem[X,0x00000000800018F6] -> 0xFFF4
[832] [M]: 0x00000000800018F4 (0xFFF44413) xori x8, x8, -0x1                        common_Mexcpt_handler+68
x8 <- 0xFFFFFFFFFFFFFFFF

mem[X,0x00000000800018F8] -> 0xF4B3
mem[X,0x00000000800018FA] -> 0x0085
[833] [M]: 0x00000000800018F8 (0x0085F4B3) and x9, x11, x8                          common_Mexcpt_handler+72
x9 <- 0x0000000000000298

clint mtime 0x00000000000001A1 (mip.MTI <- 0b1, mip.STI <- 0b0)
mem[X,0x00000000800018FC] -> 0x84B3
mem[X,0x00000000800018FE] -> 0x0024
[834] [M]: 0x00000000800018FC (0x002484B3) add x9, x9, x2                           vmem_adj_Mepc+0
x9 <- 0x0000000080004298

mem[X,0x0000000080001900] -> 0x23F3
mem[X,0x0000000080001902] -> 0x3410
[835] [M]: 0x0000000080001900 (0x341023F3) csrrs x7, mepc, x0                       vmem_adj_Mepc+4
CSR mepc (0x341) -> 0x0000000180000B3C
x7 <- 0x0000000180000B3C

clint mtime 0x00000000000001A2 (mip.MTI <- 0b1, mip.STI <- 0b0)
mem[X,0x0000000080001904] -> 0x0413
mem[X,0x0000000080001906] -> 0x0004
[836] [M]: 0x0000000080001904 (0x00040413) addi x8, x8, 0x0                         vmem_adj_Mepc+8
x8 <- 0xFFFFFFFFFFFFFFFF

mem[X,0x0000000080001908] -> 0x006F
mem[X,0x000000008000190A] -> 0x0400
[837] [M]: 0x0000000080001908 (0x0400006F) jal x0, 0x40                             vmem_adj_Mepc+12

clint mtime 0x00000000000001A3 (mip.MTI <- 0b1, mip.STI <- 0b0)
mem[X,0x0000000080001948] -> 0x8433
mem[X,0x000000008000194A] -> 0x4083
[838] [M]: 0x0000000080001948 (0x40838433) sub x8, x7, x8                           adj_Mepc+0
x8 <- 0x0000000180000B3D

mem[X,0x000000008000194C] -> 0x3823
mem[X,0x000000008000194E] -> 0x0083
[839] [M]: 0x000000008000194C (0x00833823) sd x8, 0x10(x6)                          sv_Mepc+0
mem[W,0x0000000080008548] <- 0x0000000180000B3D

clint mtime 0x00000000000001A4 (mip.MTI <- 0b1, mip.STI <- 0b0)
mem[X,0x0000000080001950] -> 0x55B7
mem[X,0x0000000080001952] -> 0x0000
[840] [M]: 0x0000000080001950 (0x000055B7) lui x11, 0x5                             sv_Mepc+4
x11 <- 0x0000000000005000

mem[X,0x0000000080001954] -> 0x8593
mem[X,0x0000000080001956] -> 0x6675
[841] [M]: 0x0000000080001954 (0x66758593) addi x11, x11, 0x667                     sv_Mepc+8
x11 <- 0x0000000000005667

clint mtime 0x00000000000001A5 (mip.MTI <- 0b1, mip.STI <- 0b0)
mem[X,0x0000000080001958] -> 0x9593
mem[X,0x000000008000195A] -> 0x0015
[842] [M]: 0x0000000080001958 (0x00159593) slli x11, x11, 0x1                       sv_Mepc+12
x11 <- 0x000000000000ACCE

mem[X,0x000000008000195C] -> 0x9063
mem[X,0x000000008000195E] -> 0x02B1
[843] [M]: 0x000000008000195C (0x02B19063) bne x3, x11, 0x20                        sv_Mepc+16

clint mtime 0x00000000000001A6 (mip.MTI <- 0b1, mip.STI <- 0b0)
mem[X,0x000000008000197C] -> 0xF593
mem[X,0x000000008000197E] -> 0xFFC3
[844] [M]: 0x000000008000197C (0xFFC3F593) andi x11, x7, -0x4                       adj_Mepc_rtn+0
x11 <- 0x0000000180000B3C

mem[X,0x0000000080001980] -> 0x8593
mem[X,0x0000000080001982] -> 0x0085
[845] [M]: 0x0000000080001980 (0x00858593) addi x11, x11, 0x8                       adj_Mepc_rtn+4
x11 <- 0x0000000180000B44

clint mtime 0x00000000000001A7 (mip.MTI <- 0b1, mip.STI <- 0b0)
mem[X,0x0000000080001984] -> 0x9073
mem[X,0x0000000080001986] -> 0x3415
[846] [M]: 0x0000000080001984 (0x34159073) csrrw x0, mepc, x11                      adj_Mepc_rtn+8
CSR mepc (0x341) <- 0x0000000180000B44

mem[X,0x0000000080001988] -> 0x23F3
mem[X,0x000000008000198A] -> 0x3430
[847] [M]: 0x0000000080001988 (0x343023F3) csrrs x7, mtval, x0                      skp_adj_Mepc+0
CSR mtval (0x343) -> 0x0000000140000418
x7 <- 0x0000000140000418

clint mtime 0x00000000000001A8 (mip.MTI <- 0b1, mip.STI <- 0b0)
mem[X,0x000000008000198C] -> 0x0413
mem[X,0x000000008000198E] -> 0x0004
[848] [M]: 0x000000008000198C (0x00040413) addi x8, x8, 0x0                         skp_adj_Mepc+4
x8 <- 0x0000000180000B3D

mem[X,0x0000000080001990] -> 0x006F
mem[X,0x0000000080001992] -> 0x0840
[849] [M]: 0x0000000080001990 (0x0840006F) jal x0, 0x84                             skp_adj_Mepc+8

clint mtime 0x00000000000001A9 (mip.MTI <- 0b1, mip.STI <- 0b0)
mem[X,0x0000000080001A14] -> 0x8433
mem[X,0x0000000080001A16] -> 0x4083
[850] [M]: 0x0000000080001A14 (0x40838433) sub x8, x7, x8                           adj_Mtval+0
x8 <- 0xFFFFFFFFBFFFF8DB

mem[X,0x0000000080001A18] -> 0x3C23
mem[X,0x0000000080001A1A] -> 0x0083
[851] [M]: 0x0000000080001A18 (0x00833C23) sd x8, 0x18(x6)                          sv_Mtval+0
mem[W,0x0000000080008550] <- 0xFFFFFFFFBFFFF8DB

clint mtime 0x00000000000001AA (mip.MTI <- 0b1, mip.STI <- 0b0)
mem[X,0x0000000080001A1C] -> 0x3483
mem[X,0x0000000080001A1E] -> 0x2181
[852] [M]: 0x0000000080001A1C (0x21813483) ld x9, 0x218(x2)                         skp_Mtval+0
mem[R,0x0000000080004218] -> 0x0000000080008558
x9 <- 0x0000000080008558

mem[X,0x0000000080001A20] -> 0x3383
mem[X,0x0000000080001A22] -> 0x1F81
[853] [M]: 0x0000000080001A20 (0x1F813383) ld x7, 0x1f8(x2)                         skp_Mtval+4
mem[R,0x00000000800041F8] -> 0x0000000080008110
x7 <- 0x0000000080008110

clint mtime 0x00000000000001AB (mip.MTI <- 0b1, mip.STI <- 0b0)
mem[X,0x0000000080001A24] -> 0x3303
mem[X,0x0000000080001A26] -> 0x2001
[854] [M]: 0x0000000080001A24 (0x20013303) ld x6, 0x200(x2)                         skp_Mtval+8
mem[R,0x0000000080004200] -> 0x0000000000000810
x6 <- 0x0000000000000810

mem[X,0x0000000080001A28] -> 0x0333
mem[X,0x0000000080001A2A] -> 0x0073
[855] [M]: 0x0000000080001A28 (0x00730333) add x6, x6, x7                           skp_Mtval+12
x6 <- 0x0000000080008920

clint mtime 0x00000000000001AC (mip.MTI <- 0b1, mip.STI <- 0b0)
mem[X,0x0000000080001A2C] -> 0x6AE3
mem[X,0x0000000080001A2E] -> 0xAC93
[856] [M]: 0x0000000080001A2C (0xAC936AE3) bltu x6, x9, -0x52c                      skp_Mtval+16

mem[X,0x0000000080001A30] -> 0x0393
mem[X,0x0000000080001A32] -> 0x2000
[857] [M]: 0x0000000080001A30 (0x20000393) addi x7, x0, 0x200                       skp_Mtval+20
x7 <- 0x0000000000000200

clint mtime 0x00000000000001AD (mip.MTI <- 0b1, mip.STI <- 0b0)
mem[X,0x0000000080001A34] -> 0x006F
mem[X,0x0000000080001A36] -> 0x0400
[858] [M]: 0x0000000080001A34 (0x0400006F) jal x0, 0x40                             skp_Mtval+24

mem[X,0x0000000080001A74] -> 0x0417
mem[X,0x0000000080001A76] -> 0x0000
[859] [M]: 0x0000000080001A74 (0x00000417) auipc x8, 0x0                            spcl_Mhandler+0
x8 <- 0x0000000080001A74

clint mtime 0x00000000000001AE (mip.MTI <- 0b1, mip.STI <- 0b0)
mem[X,0x0000000080001A78] -> 0x0413
mem[X,0x0000000080001A7A] -> 0x03C4
[860] [M]: 0x0000000080001A78 (0x03C40413) addi x8, x8, 0x3c                        spcl_Mhandler+4
x8 <- 0x0000000080001AB0

mem[X,0x0000000080001A7C] -> 0x0433
mem[X,0x0000000080001A7E] -> 0x0074
[861] [M]: 0x0000000080001A7C (0x00740433) add x8, x8, x7                           spcl_Mhandler+8
x8 <- 0x0000000080001CB0

clint mtime 0x00000000000001AF (mip.MTI <- 0b1, mip.STI <- 0b0)
mem[X,0x0000000080001A80] -> 0x1393
mem[X,0x0000000080001A82] -> 0x0035
[862] [M]: 0x0000000080001A80 (0x00351393) slli x7, x10, 0x3                        spcl_Mhandler+12
x7 <- 0x0000000000000078

mem[X,0x0000000080001A84] -> 0x0433
mem[X,0x0000000080001A86] -> 0x0074
[863] [M]: 0x0000000080001A84 (0x00740433) add x8, x8, x7                           spcl_Mhandler+16
x8 <- 0x0000000080001D28

clint mtime 0x00000000000001B0 (mip.MTI <- 0b1, mip.STI <- 0b0)
mem[X,0x0000000080001A88] -> 0x7413
mem[X,0x0000000080001A8A] -> 0xFF84
[864] [M]: 0x0000000080001A88 (0xFF847413) andi x8, x8, -0x8                        spcl_Mhandler+20
x8 <- 0x0000000080001D28

mem[X,0x0000000080001A8C] -> 0x3403
mem[X,0x0000000080001A8E] -> 0x0004
[865] [M]: 0x0000000080001A8C (0x00043403) ld x8, 0x0(x8)                           spcl_Mhandler+24
mem[R,0x0000000080001D28] -> 0x000000000000001F
x8 <- 0x000000000000001F

clint mtime 0x00000000000001B1 (mip.MTI <- 0b1, mip.STI <- 0b0)
mem[X,0x0000000080001A90] -> 0x02E3
mem[X,0x0000000080001A92] -> 0xB004
[866] [M]: 0x0000000080001A90 (0xB00402E3) beq x8, x0, -0x4fc                       spcl_Mdispatch_hndling+0

mem[X,0x0000000080001A94] -> 0x1393
mem[X,0x0000000080001A96] -> 0x03F4
[867] [M]: 0x0000000080001A94 (0x03F41393) slli x7, x8, 0x3f                        spcl_Mdispatch_hndling+4
x7 <- 0x8000000000000000

clint mtime 0x00000000000001B2 (mip.MTI <- 0b1, mip.STI <- 0b0)
mem[X,0x0000000080001A98] -> 0xD863
mem[X,0x0000000080001A9A] -> 0x0003
[868] [M]: 0x0000000080001A98 (0x0003D863) bge x7, x0, 0x10                         spcl_Mdispatch_hndling+8

mem[X,0x0000000080001A9C] -> 0x5413
mem[X,0x0000000080001A9E] -> 0x0014
[869] [M]: 0x0000000080001A9C (0x00145413) srli x8, x8, 0x1                         spcl_Mdispatch_hndling+12
x8 <- 0x000000000000000F

clint mtime 0x00000000000001B3 (mip.MTI <- 0b1, mip.STI <- 0b0)
mem[X,0x0000000080001AA0] -> 0x0CE3
mem[X,0x0000000080001AA2] -> 0xF885
[870] [M]: 0x0000000080001AA0 (0xF8850CE3) beq x10, x8, -0x68                       spcl_Mdispatch_hndling+16

mem[X,0x0000000080001A38] -> 0x3303
mem[X,0x0000000080001A3A] -> 0x2601
[871] [M]: 0x0000000080001A38 (0x26013303) ld x6, 0x260(x2)                         resto_Mrtn+0
mem[R,0x0000000080004260] -> 0x0000000100000008
x6 <- 0x0000000100000008

clint mtime 0x00000000000001B4 (mip.MTI <- 0b1, mip.STI <- 0b0)
mem[X,0x0000000080001A3C] -> 0x3383
mem[X,0x0000000080001A3E] -> 0x2681
[872] [M]: 0x0000000080001A3C (0x26813383) ld x7, 0x268(x2)                         resto_Mrtn+4
mem[R,0x0000000080004268] -> 0x0000000080004000
x7 <- 0x0000000080004000

mem[X,0x0000000080001A40] -> 0x3403
mem[X,0x0000000080001A42] -> 0x2701
[873] [M]: 0x0000000080001A40 (0x27013403) ld x8, 0x270(x2)                         resto_Mrtn+8
mem[R,0x0000000080004270] -> 0x0000000000007F76
x8 <- 0x0000000000007F76

clint mtime 0x00000000000001B5 (mip.MTI <- 0b1, mip.STI <- 0b0)
mem[X,0x0000000080001A44] -> 0x3483
mem[X,0x0000000080001A46] -> 0x2781
[874] [M]: 0x0000000080001A44 (0x27813483) ld x9, 0x278(x2)                         resto_Mrtn+12
mem[R,0x0000000080004278] -> 0x0000000280000B24
x9 <- 0x0000000280000B24

mem[X,0x0000000080001A48] -> 0x3503
mem[X,0x0000000080001A4A] -> 0x2801
[875] [M]: 0x0000000080001A48 (0x28013503) ld x10, 0x280(x2)                        resto_Mrtn+16
mem[R,0x0000000080004280] -> 0x00000000200000CD
x10 <- 0x00000000200000CD

clint mtime 0x00000000000001B6 (mip.MTI <- 0b1, mip.STI <- 0b0)
mem[X,0x0000000080001A4C] -> 0x3583
mem[X,0x0000000080001A4E] -> 0x2881
[876] [M]: 0x0000000080001A4C (0x28813583) ld x11, 0x288(x2)                        resto_Mrtn+20
mem[R,0x0000000080004288] -> 0x00000000000000CD
x11 <- 0x00000000000000CD

mem[X,0x0000000080001A50] -> 0x3103
mem[X,0x0000000080001A52] -> 0x2901
[877] [M]: 0x0000000080001A50 (0x29013103) ld x2, 0x290(x2)                         resto_Mrtn+24
mem[R,0x0000000080004290] -> 0x0000000080004000
x2 <- 0x0000000080004000

clint mtime 0x00000000000001B7 (mip.MTI <- 0b1, mip.STI <- 0b0)
mem[X,0x0000000080001A54] -> 0x0073
mem[X,0x0000000080001A56] -> 0x3020
[878] [M]: 0x0000000080001A54 (0x30200073) mret                                     resto_Mrtn+28
CSR mstatus (0x300) <- 0x0000000A00000080
ret-ing from M to S

mem[X,0x0000000080000B44] -> 0xA703
mem[X,0x0000000080000B46] -> 0x0147
[879] [S]: 0x0000000180000B44 (0x0147A703) lw x14, 0x14(x15)                        va_rvtest_code_begin+872
PTW: Start, vpn=0x140000, access_type=R, privilege=Smem[R,0x0000000080007028] -> 0x00000000200000CD
PTW: Step, level=2, pte=0x200000CD, pte_addr=0x80007028
PTW: failed, error=invalid-pte, level=2, pte_addr=0x80007028
trapping from S to M to handle load-page-fault
handling exc#load-page-fault at priv M with tval 0x0000000140000418
CSR mstatus (0x300) <- 0x0000000A00000800
CSR mcause (0x342) <- 0x000000000000000D
CSR mtval (0x343) <- 0x0000000140000418
CSR mepc (0x341) <- 0x0000000180000B44

clint mtime 0x00000000000001B8 (mip.MTI <- 0b1, mip.STI <- 0b0)
mem[X,0x0000000080001600] -> 0x006F
mem[X,0x0000000080001602] -> 0x1000
[880] [M]: 0x0000000080001600 (0x1000006F) jal x0, 0x100                            Mtrampoline+0

mem[X,0x0000000080001700] -> 0x1173
mem[X,0x0000000080001702] -> 0x3401
[881] [M]: 0x0000000080001700 (0x34011173) csrrw x2, mscratch, x2                   trap_Mhandler+0
CSR mscratch (0x340) <- 0x0000000080004000
x2 <- 0x0000000080004000

clint mtime 0x00000000000001B9 (mip.MTI <- 0b1, mip.STI <- 0b0)
mem[X,0x0000000080001704] -> 0x3423
mem[X,0x0000000080001706] -> 0x28B1
[882] [M]: 0x0000000080001704 (0x28B13423) sd x11, 0x288(x2)                        trap_Mhandler+4
mem[W,0x0000000080004288] <- 0x00000000000000CD

mem[X,0x0000000080001708] -> 0x05EF
mem[X,0x000000008000170A] -> 0x0B80
[883] [M]: 0x0000000080001708 (0x0B8005EF) jal x11, 0xb8                            trap_Mhandler+8
x11 <- 0x000000008000170C

clint mtime 0x00000000000001BA (mip.MTI <- 0b1, mip.STI <- 0b0)
mem[X,0x00000000800017C0] -> 0x3023
mem[X,0x00000000800017C2] -> 0x28A1
[884] [M]: 0x00000000800017C0 (0x28A13023) sd x10, 0x280(x2)                        common_Mhandler+0
mem[W,0x0000000080004280] <- 0x00000000200000CD

mem[X,0x00000000800017C4] -> 0x1573
mem[X,0x00000000800017C6] -> 0x3401
[885] [M]: 0x00000000800017C4 (0x34011573) csrrw x10, mscratch, x2                  common_Mhandler+4
CSR mscratch (0x340) <- 0x0000000080004000
x10 <- 0x0000000080004000

clint mtime 0x00000000000001BB (mip.MTI <- 0b1, mip.STI <- 0b0)
mem[X,0x00000000800017C8] -> 0x3823
mem[X,0x00000000800017CA] -> 0x28A1
[886] [M]: 0x00000000800017C8 (0x28A13823) sd x10, 0x290(x2)                        common_Mhandler+8
mem[W,0x0000000080004290] <- 0x0000000080004000

mem[X,0x00000000800017CC] -> 0x3503
mem[X,0x00000000800017CE] -> 0x2301
[887] [M]: 0x00000000800017CC (0x23013503) ld x10, 0x230(x2)                        common_Mhandler+12
mem[R,0x0000000080004230] -> 0x00000000800017D4
x10 <- 0x00000000800017D4

clint mtime 0x00000000000001BC (mip.MTI <- 0b1, mip.STI <- 0b0)
mem[X,0x00000000800017D0] -> 0x0067
mem[X,0x00000000800017D2] -> 0x0005
[888] [M]: 0x00000000800017D0 (0x00050067) jalr x0, 0x0(x10)                        common_Mhandler+16

mem[X,0x00000000800017D4] -> 0x3C23
mem[X,0x00000000800017D6] -> 0x2691
[889] [M]: 0x00000000800017D4 (0x26913C23) sd x9, 0x278(x2)                         common_Mentry+0
mem[W,0x0000000080004278] <- 0x0000000280000B24

clint mtime 0x00000000000001BD (mip.MTI <- 0b1, mip.STI <- 0b0)
mem[X,0x00000000800017D8] -> 0x3823
mem[X,0x00000000800017DA] -> 0x2681
[890] [M]: 0x00000000800017D8 (0x26813823) sd x8, 0x270(x2)                         common_Mentry+4
mem[W,0x0000000080004270] <- 0x0000000000007F76

mem[X,0x00000000800017DC] -> 0x3423
mem[X,0x00000000800017DE] -> 0x2671
[891] [M]: 0x00000000800017DC (0x26713423) sd x7, 0x268(x2)                         common_Mentry+8
mem[W,0x0000000080004268] <- 0x0000000080004000

clint mtime 0x00000000000001BE (mip.MTI <- 0b1, mip.STI <- 0b0)
mem[X,0x00000000800017E0] -> 0x3023
mem[X,0x00000000800017E2] -> 0x2661
[892] [M]: 0x00000000800017E0 (0x26613023) sd x6, 0x260(x2)                         common_Mentry+12
mem[W,0x0000000080004260] <- 0x0000000100000008

mem[X,0x00000000800017E4] -> 0x2573
mem[X,0x00000000800017E6] -> 0x3420
[893] [M]: 0x00000000800017E4 (0x34202573) csrrs x10, mcause, x0                    spcl_M2mmode_test+0
CSR mcause (0x342) -> 0x000000000000000D
x10 <- 0x000000000000000D

clint mtime 0x00000000000001BF (mip.MTI <- 0b1, mip.STI <- 0b0)
mem[X,0x00000000800017E8] -> 0x04B7
mem[X,0x00000000800017EA] -> 0x8000
[894] [M]: 0x00000000800017E8 (0x800004B7) lui x9, -0x80000                         spcl_M2mmode_test+4
x9 <- 0xFFFFFFFF80000000

mem[X,0x00000000800017EC] -> 0x8493
mem[X,0x00000000800017EE] -> 0x0004
[895] [M]: 0x00000000800017EC (0x00048493) addi x9, x9, 0x0                         spcl_M2mmode_test+8
x9 <- 0xFFFFFFFF80000000

clint mtime 0x00000000000001C0 (mip.MTI <- 0b1, mip.STI <- 0b0)
mem[X,0x00000000800017F0] -> 0x9493
mem[X,0x00000000800017F2] -> 0x00B4
[896] [M]: 0x00000000800017F0 (0x00B49493) slli x9, x9, 0xb                         spcl_M2mmode_test+12
x9 <- 0xFFFFFC0000000000

mem[X,0x00000000800017F4] -> 0x8493
mem[X,0x00000000800017F6] -> 0x0004
[897] [M]: 0x00000000800017F4 (0x00048493) addi x9, x9, 0x0                         spcl_M2mmode_test+16
x9 <- 0xFFFFFC0000000000

clint mtime 0x00000000000001C1 (mip.MTI <- 0b1, mip.STI <- 0b0)
mem[X,0x00000000800017F8] -> 0x9493
mem[X,0x00000000800017FA] -> 0x00B4
[898] [M]: 0x00000000800017F8 (0x00B49493) slli x9, x9, 0xb                         spcl_M2mmode_test+20
x9 <- 0xFFE0000000000000

mem[X,0x00000000800017FC] -> 0x8493
mem[X,0x00000000800017FE] -> 0x0034
[899] [M]: 0x00000000800017FC (0x00348493) addi x9, x9, 0x3                         spcl_M2mmode_test+24
x9 <- 0xFFE0000000000003

clint mtime 0x00000000000001C2 (mip.MTI <- 0b1, mip.STI <- 0b0)
mem[X,0x0000000080001800] -> 0x9493
mem[X,0x0000000080001802] -> 0x00A4
[900] [M]: 0x0000000080001800 (0x00A49493) slli x9, x9, 0xa                         spcl_M2mmode_test+28
x9 <- 0x8000000000000C00

mem[X,0x0000000080001804] -> 0x8493
mem[X,0x0000000080001806] -> 0x3FC4
[901] [M]: 0x0000000080001804 (0x3FC48493) addi x9, x9, 0x3fc                       spcl_M2mmode_test+32
x9 <- 0x8000000000000FFC

clint mtime 0x00000000000001C3 (mip.MTI <- 0b1, mip.STI <- 0b0)
mem[X,0x0000000080001808] -> 0xF4B3
mem[X,0x000000008000180A] -> 0x00A4
[902] [M]: 0x0000000080001808 (0x00A4F4B3) and x9, x9, x10                          spcl_M2mmode_test+36
x9 <- 0x000000000000000C

mem[X,0x000000008000180C] -> 0x8493
mem[X,0x000000008000180E] -> 0xFF84
[903] [M]: 0x000000008000180C (0xFF848493) addi x9, x9, -0x8                        spcl_M2mmode_test+40
x9 <- 0x0000000000000004

clint mtime 0x00000000000001C4 (mip.MTI <- 0b1, mip.STI <- 0b0)
mem[X,0x0000000080001810] -> 0x9663
mem[X,0x0000000080001812] -> 0x0004
[904] [M]: 0x0000000080001810 (0x00049663) bne x9, x0, 0xc                          spcl_M2mmode_test+44

mem[X,0x000000008000181C] -> 0x0393
mem[X,0x000000008000181E] -> 0x0200
[905] [M]: 0x000000008000181C (0x02000393) addi x7, x0, 0x20                        Mtrapsig_ptr_upd+0
x7 <- 0x0000000000000020

clint mtime 0x00000000000001C5 (mip.MTI <- 0b1, mip.STI <- 0b0)
mem[X,0x0000000080001820] -> 0x5263
mem[X,0x0000000080001822] -> 0x0405
[906] [M]: 0x0000000080001820 (0x04055263) bge x10, x0, 0x44                        Mtrapsig_ptr_upd+4

mem[X,0x0000000080001864] -> 0x2373
mem[X,0x0000000080001866] -> 0x3010
[907] [M]: 0x0000000080001864 (0x30102373) csrrs x6, misa, x0                       Mxcpt_sig_sv+0
CSR misa (0x301) -> 0x800000000034112F
x6 <- 0x800000000034112F

clint mtime 0x00000000000001C6 (mip.MTI <- 0b1, mip.STI <- 0b0)
mem[X,0x0000000080001868] -> 0x1313
mem[X,0x000000008000186A] -> 0x0383
[908] [M]: 0x0000000080001868 (0x03831313) slli x6, x6, 0x38                        Mxcpt_sig_sv+4
x6 <- 0x2F00000000000000

mem[X,0x000000008000186C] -> 0x5463
mem[X,0x000000008000186E] -> 0x0003
[909] [M]: 0x000000008000186C (0x00035463) bge x6, x0, 0x8                          Mxcpt_sig_sv+8

clint mtime 0x00000000000001C7 (mip.MTI <- 0b1, mip.STI <- 0b0)
mem[X,0x0000000080001874] -> 0x3303
mem[X,0x0000000080001876] -> 0x2181
[910] [M]: 0x0000000080001874 (0x21813303) ld x6, 0x218(x2)                         Mtrap_sig_sv+0
mem[R,0x0000000080004218] -> 0x0000000080008558
x6 <- 0x0000000080008558

mem[X,0x0000000080001878] -> 0x04B3
mem[X,0x000000008000187A] -> 0x0073
[911] [M]: 0x0000000080001878 (0x007304B3) add x9, x6, x7                           Mtrap_sig_sv+4
x9 <- 0x0000000080008578

clint mtime 0x00000000000001C8 (mip.MTI <- 0b1, mip.STI <- 0b0)
mem[X,0x000000008000187C] -> 0x3C23
mem[X,0x000000008000187E] -> 0x2091
[912] [M]: 0x000000008000187C (0x20913C23) sd x9, 0x218(x2)                         Mtrap_sig_sv+8
mem[W,0x0000000080004218] <- 0x0000000080008578

mem[X,0x0000000080001880] -> 0x3403
mem[X,0x0000000080001882] -> 0x1F81
[913] [M]: 0x0000000080001880 (0x1F813403) ld x8, 0x1f8(x2)                         Mtrap_sig_sv+12
mem[R,0x00000000800041F8] -> 0x0000000080008110
x8 <- 0x0000000080008110

clint mtime 0x00000000000001C9 (mip.MTI <- 0b1, mip.STI <- 0b0)
mem[X,0x0000000080001884] -> 0x0333
mem[X,0x0000000080001886] -> 0x4083
[914] [M]: 0x0000000080001884 (0x40830333) sub x6, x6, x8                           Mtrap_sig_sv+16
x6 <- 0x0000000000000448

mem[X,0x0000000080001888] -> 0x3403
mem[X,0x000000008000188A] -> 0x1F81
[915] [M]: 0x0000000080001888 (0x1F813403) ld x8, 0x1f8(x2)                         Mtrap_sig_sv+20
mem[R,0x00000000800041F8] -> 0x0000000080008110
x8 <- 0x0000000080008110

clint mtime 0x00000000000001CA (mip.MTI <- 0b1, mip.STI <- 0b0)
mem[X,0x000000008000188C] -> 0x0333
mem[X,0x000000008000188E] -> 0x0083
[916] [M]: 0x000000008000188C (0x00830333) add x6, x6, x8                           Mtrap_sig_sv+24
x6 <- 0x0000000080008558

mem[X,0x0000000080001890] -> 0x3403
mem[X,0x0000000080001892] -> 0x2401
[917] [M]: 0x0000000080001890 (0x24013403) ld x8, 0x240(x2)                         Mtrap_sig_sv+28
mem[R,0x0000000080004240] -> 0x0000000080001600
x8 <- 0x0000000080001600

clint mtime 0x00000000000001CB (mip.MTI <- 0b1, mip.STI <- 0b0)
mem[X,0x0000000080001894] -> 0x85B3
mem[X,0x0000000080001896] -> 0x4085
[918] [M]: 0x0000000080001894 (0x408585B3) sub x11, x11, x8                         sv_Mvect+0
x11 <- 0x000000000000010C

mem[X,0x0000000080001898] -> 0x9593
mem[X,0x000000008000189A] -> 0x0045
[919] [M]: 0x0000000080001898 (0x00459593) slli x11, x11, 0x4                       sv_Mvect+4
x11 <- 0x00000000000010C0

clint mtime 0x00000000000001CC (mip.MTI <- 0b1, mip.STI <- 0b0)
mem[X,0x000000008000189C] -> 0xE5B3
mem[X,0x000000008000189E] -> 0x0075
[920] [M]: 0x000000008000189C (0x0075E5B3) or x11, x11, x7                          sv_Mvect+8
x11 <- 0x00000000000010E0

mem[X,0x00000000800018A0] -> 0x8593
mem[X,0x00000000800018A2] -> 0x0035
[921] [M]: 0x00000000800018A0 (0x00358593) addi x11, x11, 0x3                       sv_Mvect+12
x11 <- 0x00000000000010E3

clint mtime 0x00000000000001CD (mip.MTI <- 0b1, mip.STI <- 0b0)
mem[X,0x00000000800018A4] -> 0x3023
mem[X,0x00000000800018A6] -> 0x00B3
[922] [M]: 0x00000000800018A4 (0x00B33023) sd x11, 0x0(x6)                          sv_Mvect+16
mem[W,0x0000000080008558] <- 0x00000000000010E3

mem[X,0x00000000800018A8] -> 0x3423
mem[X,0x00000000800018AA] -> 0x00A3
[923] [M]: 0x00000000800018A8 (0x00A33423) sd x10, 0x8(x6)                          sv_Mcause+0
mem[W,0x0000000080008560] <- 0x000000000000000D

clint mtime 0x00000000000001CE (mip.MTI <- 0b1, mip.STI <- 0b0)
mem[X,0x00000000800018AC] -> 0x4663
mem[X,0x00000000800018AE] -> 0x1A05
[924] [M]: 0x00000000800018AC (0x1A054663) blt x10, x0, 0x1ac                       sv_Mcause+4

mem[X,0x00000000800018B0] -> 0x25F3
mem[X,0x00000000800018B2] -> 0x3000
[925] [M]: 0x00000000800018B0 (0x300025F3) csrrs x11, mstatus, x0                   common_Mexcpt_handler+0
CSR mstatus (0x300) -> 0x0000000A00000800
x11 <- 0x0000000A00000800

clint mtime 0x00000000000001CF (mip.MTI <- 0b1, mip.STI <- 0b0)
mem[X,0x00000000800018B4] -> 0x9413
mem[X,0x00000000800018B6] -> 0x02E5
[926] [M]: 0x00000000800018B4 (0x02E59413) slli x8, x11, 0x2e                       common_Mexcpt_handler+4
x8 <- 0x0200000000000000

mem[X,0x00000000800018B8] -> 0x5463
mem[X,0x00000000800018BA] -> 0x0004
[927] [M]: 0x00000000800018B8 (0x00045463) bge x8, x0, 0x8                          common_Mexcpt_handler+8

clint mtime 0x00000000000001D0 (mip.MTI <- 0b1, mip.STI <- 0b0)
mem[X,0x00000000800018C0] -> 0xD493
mem[X,0x00000000800018C2] -> 0x00B5
[928] [M]: 0x00000000800018C0 (0x00B5D493) srli x9, x11, 0xb                        common_Mexcpt_handler+16
x9 <- 0x0000000001400001

mem[X,0x00000000800018C4] -> 0xF493
mem[X,0x00000000800018C6] -> 0x0034
[929] [M]: 0x00000000800018C4 (0x0034F493) andi x9, x9, 0x3                         common_Mexcpt_handler+20
x9 <- 0x0000000000000001

clint mtime 0x00000000000001D1 (mip.MTI <- 0b1, mip.STI <- 0b0)
mem[X,0x00000000800018C8] -> 0x8493
mem[X,0x00000000800018CA] -> 0x0014
[930] [M]: 0x00000000800018C8 (0x00148493) addi x9, x9, 0x1                         common_Mexcpt_handler+24
x9 <- 0x0000000000000002

mem[X,0x00000000800018CC] -> 0xF493
mem[X,0x00000000800018CE] -> 0x0044
[931] [M]: 0x00000000800018CC (0x0044F493) andi x9, x9, 0x4                         common_Mexcpt_handler+28
x9 <- 0x0000000000000000

clint mtime 0x00000000000001D2 (mip.MTI <- 0b1, mip.STI <- 0b0)
mem[X,0x00000000800018D0] -> 0x0593
mem[X,0x00000000800018D2] -> 0x05D0
[932] [M]: 0x00000000800018D0 (0x05D00593) addi x11, x0, 0x5d                       common_Mexcpt_handler+32
x11 <- 0x000000000000005D

mem[X,0x00000000800018D4] -> 0xD5B3
mem[X,0x00000000800018D6] -> 0x0095
[933] [M]: 0x00000000800018D4 (0x0095D5B3) srl x11, x11, x9                         common_Mexcpt_handler+36
x11 <- 0x000000000000005D

clint mtime 0x00000000000001D3 (mip.MTI <- 0b1, mip.STI <- 0b0)
mem[X,0x00000000800018D8] -> 0xF593
mem[X,0x00000000800018DA] -> 0x0015
[934] [M]: 0x00000000800018D8 (0x0015F593) andi x11, x11, 0x1                       common_Mexcpt_handler+40
x11 <- 0x0000000000000001

mem[X,0x00000000800018DC] -> 0x8EE3
mem[X,0x00000000800018DE] -> 0xF405
[935] [M]: 0x00000000800018DC (0xF4058EE3) beq x11, x0, -0xa4                       common_Mexcpt_handler+44

clint mtime 0x00000000000001D4 (mip.MTI <- 0b1, mip.STI <- 0b0)
mem[X,0x00000000800018E0] -> 0x0593
mem[X,0x00000000800018E2] -> 0x2980
[936] [M]: 0x00000000800018E0 (0x29800593) addi x11, x0, 0x298                      common_Mexcpt_handler+48
x11 <- 0x0000000000000298

mem[X,0x00000000800018E4] -> 0xF413
mem[X,0x00000000800018E6] -> 0x0014
[937] [M]: 0x00000000800018E4 (0x0014F413) andi x8, x9, 0x1                         common_Mexcpt_handler+52
x8 <- 0x0000000000000000

clint mtime 0x00000000000001D5 (mip.MTI <- 0b1, mip.STI <- 0b0)
mem[X,0x00000000800018E8] -> 0x95B3
mem[X,0x00000000800018EA] -> 0x0085
[938] [M]: 0x00000000800018E8 (0x008595B3) sll x11, x11, x8                         common_Mexcpt_handler+56
x11 <- 0x0000000000000298

mem[X,0x00000000800018EC] -> 0x9413
mem[X,0x00000000800018EE] -> 0x03D4
[939] [M]: 0x00000000800018EC (0x03D49413) slli x8, x9, 0x3d                        common_Mexcpt_handler+60
x8 <- 0x0000000000000000

clint mtime 0x00000000000001D6 (mip.MTI <- 0b1, mip.STI <- 0b0)
mem[X,0x00000000800018F0] -> 0x5413
mem[X,0x00000000800018F2] -> 0x43F4
[940] [M]: 0x00000000800018F0 (0x43F45413) srai x8, x8, 0x3f                        common_Mexcpt_handler+64
x8 <- 0x0000000000000000

mem[X,0x00000000800018F4] -> 0x4413
mem[X,0x00000000800018F6] -> 0xFFF4
[941] [M]: 0x00000000800018F4 (0xFFF44413) xori x8, x8, -0x1                        common_Mexcpt_handler+68
x8 <- 0xFFFFFFFFFFFFFFFF

clint mtime 0x00000000000001D7 (mip.MTI <- 0b1, mip.STI <- 0b0)
mem[X,0x00000000800018F8] -> 0xF4B3
mem[X,0x00000000800018FA] -> 0x0085
[942] [M]: 0x00000000800018F8 (0x0085F4B3) and x9, x11, x8                          common_Mexcpt_handler+72
x9 <- 0x0000000000000298

mem[X,0x00000000800018FC] -> 0x84B3
mem[X,0x00000000800018FE] -> 0x0024
[943] [M]: 0x00000000800018FC (0x002484B3) add x9, x9, x2                           vmem_adj_Mepc+0
x9 <- 0x0000000080004298

clint mtime 0x00000000000001D8 (mip.MTI <- 0b1, mip.STI <- 0b0)
mem[X,0x0000000080001900] -> 0x23F3
mem[X,0x0000000080001902] -> 0x3410
[944] [M]: 0x0000000080001900 (0x341023F3) csrrs x7, mepc, x0                       vmem_adj_Mepc+4
CSR mepc (0x341) -> 0x0000000180000B44
x7 <- 0x0000000180000B44

mem[X,0x0000000080001904] -> 0x0413
mem[X,0x0000000080001906] -> 0x0004
[945] [M]: 0x0000000080001904 (0x00040413) addi x8, x8, 0x0                         vmem_adj_Mepc+8
x8 <- 0xFFFFFFFFFFFFFFFF

clint mtime 0x00000000000001D9 (mip.MTI <- 0b1, mip.STI <- 0b0)
mem[X,0x0000000080001908] -> 0x006F
mem[X,0x000000008000190A] -> 0x0400
[946] [M]: 0x0000000080001908 (0x0400006F) jal x0, 0x40                             vmem_adj_Mepc+12

mem[X,0x0000000080001948] -> 0x8433
mem[X,0x000000008000194A] -> 0x4083
[947] [M]: 0x0000000080001948 (0x40838433) sub x8, x7, x8                           adj_Mepc+0
x8 <- 0x0000000180000B45

clint mtime 0x00000000000001DA (mip.MTI <- 0b1, mip.STI <- 0b0)
mem[X,0x000000008000194C] -> 0x3823
mem[X,0x000000008000194E] -> 0x0083
[948] [M]: 0x000000008000194C (0x00833823) sd x8, 0x10(x6)                          sv_Mepc+0
mem[W,0x0000000080008568] <- 0x0000000180000B45

mem[X,0x0000000080001950] -> 0x55B7
mem[X,0x0000000080001952] -> 0x0000
[949] [M]: 0x0000000080001950 (0x000055B7) lui x11, 0x5                             sv_Mepc+4
x11 <- 0x0000000000005000

clint mtime 0x00000000000001DB (mip.MTI <- 0b1, mip.STI <- 0b0)
mem[X,0x0000000080001954] -> 0x8593
mem[X,0x0000000080001956] -> 0x6675
[950] [M]: 0x0000000080001954 (0x66758593) addi x11, x11, 0x667                     sv_Mepc+8
x11 <- 0x0000000000005667

mem[X,0x0000000080001958] -> 0x9593
mem[X,0x000000008000195A] -> 0x0015
[951] [M]: 0x0000000080001958 (0x00159593) slli x11, x11, 0x1                       sv_Mepc+12
x11 <- 0x000000000000ACCE

clint mtime 0x00000000000001DC (mip.MTI <- 0b1, mip.STI <- 0b0)
mem[X,0x000000008000195C] -> 0x9063
mem[X,0x000000008000195E] -> 0x02B1
[952] [M]: 0x000000008000195C (0x02B19063) bne x3, x11, 0x20                        sv_Mepc+16

mem[X,0x000000008000197C] -> 0xF593
mem[X,0x000000008000197E] -> 0xFFC3
[953] [M]: 0x000000008000197C (0xFFC3F593) andi x11, x7, -0x4                       adj_Mepc_rtn+0
x11 <- 0x0000000180000B44

clint mtime 0x00000000000001DD (mip.MTI <- 0b1, mip.STI <- 0b0)
mem[X,0x0000000080001980] -> 0x8593
mem[X,0x0000000080001982] -> 0x0085
[954] [M]: 0x0000000080001980 (0x00858593) addi x11, x11, 0x8                       adj_Mepc_rtn+4
x11 <- 0x0000000180000B4C

mem[X,0x0000000080001984] -> 0x9073
mem[X,0x0000000080001986] -> 0x3415
[955] [M]: 0x0000000080001984 (0x34159073) csrrw x0, mepc, x11                      adj_Mepc_rtn+8
CSR mepc (0x341) <- 0x0000000180000B4C

clint mtime 0x00000000000001DE (mip.MTI <- 0b1, mip.STI <- 0b0)
mem[X,0x0000000080001988] -> 0x23F3
mem[X,0x000000008000198A] -> 0x3430
[956] [M]: 0x0000000080001988 (0x343023F3) csrrs x7, mtval, x0                      skp_adj_Mepc+0
CSR mtval (0x343) -> 0x0000000140000418
x7 <- 0x0000000140000418

mem[X,0x000000008000198C] -> 0x0413
mem[X,0x000000008000198E] -> 0x0004
[957] [M]: 0x000000008000198C (0x00040413) addi x8, x8, 0x0                         skp_adj_Mepc+4
x8 <- 0x0000000180000B45

clint mtime 0x00000000000001DF (mip.MTI <- 0b1, mip.STI <- 0b0)
mem[X,0x0000000080001990] -> 0x006F
mem[X,0x0000000080001992] -> 0x0840
[958] [M]: 0x0000000080001990 (0x0840006F) jal x0, 0x84                             skp_adj_Mepc+8

mem[X,0x0000000080001A14] -> 0x8433
mem[X,0x0000000080001A16] -> 0x4083
[959] [M]: 0x0000000080001A14 (0x40838433) sub x8, x7, x8                           adj_Mtval+0
x8 <- 0xFFFFFFFFBFFFF8D3

clint mtime 0x00000000000001E0 (mip.MTI <- 0b1, mip.STI <- 0b0)
mem[X,0x0000000080001A18] -> 0x3C23
mem[X,0x0000000080001A1A] -> 0x0083
[960] [M]: 0x0000000080001A18 (0x00833C23) sd x8, 0x18(x6)                          sv_Mtval+0
mem[W,0x0000000080008570] <- 0xFFFFFFFFBFFFF8D3

mem[X,0x0000000080001A1C] -> 0x3483
mem[X,0x0000000080001A1E] -> 0x2181
[961] [M]: 0x0000000080001A1C (0x21813483) ld x9, 0x218(x2)                         skp_Mtval+0
mem[R,0x0000000080004218] -> 0x0000000080008578
x9 <- 0x0000000080008578

clint mtime 0x00000000000001E1 (mip.MTI <- 0b1, mip.STI <- 0b0)
mem[X,0x0000000080001A20] -> 0x3383
mem[X,0x0000000080001A22] -> 0x1F81
[962] [M]: 0x0000000080001A20 (0x1F813383) ld x7, 0x1f8(x2)                         skp_Mtval+4
mem[R,0x00000000800041F8] -> 0x0000000080008110
x7 <- 0x0000000080008110

mem[X,0x0000000080001A24] -> 0x3303
mem[X,0x0000000080001A26] -> 0x2001
[963] [M]: 0x0000000080001A24 (0x20013303) ld x6, 0x200(x2)                         skp_Mtval+8
mem[R,0x0000000080004200] -> 0x0000000000000810
x6 <- 0x0000000000000810

clint mtime 0x00000000000001E2 (mip.MTI <- 0b1, mip.STI <- 0b0)
mem[X,0x0000000080001A28] -> 0x0333
mem[X,0x0000000080001A2A] -> 0x0073
[964] [M]: 0x0000000080001A28 (0x00730333) add x6, x6, x7                           skp_Mtval+12
x6 <- 0x0000000080008920

mem[X,0x0000000080001A2C] -> 0x6AE3
mem[X,0x0000000080001A2E] -> 0xAC93
[965] [M]: 0x0000000080001A2C (0xAC936AE3) bltu x6, x9, -0x52c                      skp_Mtval+16

clint mtime 0x00000000000001E3 (mip.MTI <- 0b1, mip.STI <- 0b0)
mem[X,0x0000000080001A30] -> 0x0393
mem[X,0x0000000080001A32] -> 0x2000
[966] [M]: 0x0000000080001A30 (0x20000393) addi x7, x0, 0x200                       skp_Mtval+20
x7 <- 0x0000000000000200

mem[X,0x0000000080001A34] -> 0x006F
mem[X,0x0000000080001A36] -> 0x0400
[967] [M]: 0x0000000080001A34 (0x0400006F) jal x0, 0x40                             skp_Mtval+24

clint mtime 0x00000000000001E4 (mip.MTI <- 0b1, mip.STI <- 0b0)
mem[X,0x0000000080001A74] -> 0x0417
mem[X,0x0000000080001A76] -> 0x0000
[968] [M]: 0x0000000080001A74 (0x00000417) auipc x8, 0x0                            spcl_Mhandler+0
x8 <- 0x0000000080001A74

mem[X,0x0000000080001A78] -> 0x0413
mem[X,0x0000000080001A7A] -> 0x03C4
[969] [M]: 0x0000000080001A78 (0x03C40413) addi x8, x8, 0x3c                        spcl_Mhandler+4
x8 <- 0x0000000080001AB0

clint mtime 0x00000000000001E5 (mip.MTI <- 0b1, mip.STI <- 0b0)
mem[X,0x0000000080001A7C] -> 0x0433
mem[X,0x0000000080001A7E] -> 0x0074
[970] [M]: 0x0000000080001A7C (0x00740433) add x8, x8, x7                           spcl_Mhandler+8
x8 <- 0x0000000080001CB0

mem[X,0x0000000080001A80] -> 0x1393
mem[X,0x0000000080001A82] -> 0x0035
[971] [M]: 0x0000000080001A80 (0x00351393) slli x7, x10, 0x3                        spcl_Mhandler+12
x7 <- 0x0000000000000068

clint mtime 0x00000000000001E6 (mip.MTI <- 0b1, mip.STI <- 0b0)
mem[X,0x0000000080001A84] -> 0x0433
mem[X,0x0000000080001A86] -> 0x0074
[972] [M]: 0x0000000080001A84 (0x00740433) add x8, x8, x7                           spcl_Mhandler+16
x8 <- 0x0000000080001D18

mem[X,0x0000000080001A88] -> 0x7413
mem[X,0x0000000080001A8A] -> 0xFF84
[973] [M]: 0x0000000080001A88 (0xFF847413) andi x8, x8, -0x8                        spcl_Mhandler+20
x8 <- 0x0000000080001D18

clint mtime 0x00000000000001E7 (mip.MTI <- 0b1, mip.STI <- 0b0)
mem[X,0x0000000080001A8C] -> 0x3403
mem[X,0x0000000080001A8E] -> 0x0004
[974] [M]: 0x0000000080001A8C (0x00043403) ld x8, 0x0(x8)                           spcl_Mhandler+24
mem[R,0x0000000080001D18] -> 0x000000000000001B
x8 <- 0x000000000000001B

mem[X,0x0000000080001A90] -> 0x02E3
mem[X,0x0000000080001A92] -> 0xB004
[975] [M]: 0x0000000080001A90 (0xB00402E3) beq x8, x0, -0x4fc                       spcl_Mdispatch_hndling+0

clint mtime 0x00000000000001E8 (mip.MTI <- 0b1, mip.STI <- 0b0)
mem[X,0x0000000080001A94] -> 0x1393
mem[X,0x0000000080001A96] -> 0x03F4
[976] [M]: 0x0000000080001A94 (0x03F41393) slli x7, x8, 0x3f                        spcl_Mdispatch_hndling+4
x7 <- 0x8000000000000000

mem[X,0x0000000080001A98] -> 0xD863
mem[X,0x0000000080001A9A] -> 0x0003
[977] [M]: 0x0000000080001A98 (0x0003D863) bge x7, x0, 0x10                         spcl_Mdispatch_hndling+8

clint mtime 0x00000000000001E9 (mip.MTI <- 0b1, mip.STI <- 0b0)
mem[X,0x0000000080001A9C] -> 0x5413
mem[X,0x0000000080001A9E] -> 0x0014
[978] [M]: 0x0000000080001A9C (0x00145413) srli x8, x8, 0x1                         spcl_Mdispatch_hndling+12
x8 <- 0x000000000000000D

mem[X,0x0000000080001AA0] -> 0x0CE3
mem[X,0x0000000080001AA2] -> 0xF885
[979] [M]: 0x0000000080001AA0 (0xF8850CE3) beq x10, x8, -0x68                       spcl_Mdispatch_hndling+16

clint mtime 0x00000000000001EA (mip.MTI <- 0b1, mip.STI <- 0b0)
mem[X,0x0000000080001A38] -> 0x3303
mem[X,0x0000000080001A3A] -> 0x2601
[980] [M]: 0x0000000080001A38 (0x26013303) ld x6, 0x260(x2)                         resto_Mrtn+0
mem[R,0x0000000080004260] -> 0x0000000100000008
x6 <- 0x0000000100000008

mem[X,0x0000000080001A3C] -> 0x3383
mem[X,0x0000000080001A3E] -> 0x2681
[981] [M]: 0x0000000080001A3C (0x26813383) ld x7, 0x268(x2)                         resto_Mrtn+4
mem[R,0x0000000080004268] -> 0x0000000080004000
x7 <- 0x0000000080004000

clint mtime 0x00000000000001EB (mip.MTI <- 0b1, mip.STI <- 0b0)
mem[X,0x0000000080001A40] -> 0x3403
mem[X,0x0000000080001A42] -> 0x2701
[982] [M]: 0x0000000080001A40 (0x27013403) ld x8, 0x270(x2)                         resto_Mrtn+8
mem[R,0x0000000080004270] -> 0x0000000000007F76
x8 <- 0x0000000000007F76

mem[X,0x0000000080001A44] -> 0x3483
mem[X,0x0000000080001A46] -> 0x2781
[983] [M]: 0x0000000080001A44 (0x27813483) ld x9, 0x278(x2)                         resto_Mrtn+12
mem[R,0x0000000080004278] -> 0x0000000280000B24
x9 <- 0x0000000280000B24

clint mtime 0x00000000000001EC (mip.MTI <- 0b1, mip.STI <- 0b0)
mem[X,0x0000000080001A48] -> 0x3503
mem[X,0x0000000080001A4A] -> 0x2801
[984] [M]: 0x0000000080001A48 (0x28013503) ld x10, 0x280(x2)                        resto_Mrtn+16
mem[R,0x0000000080004280] -> 0x00000000200000CD
x10 <- 0x00000000200000CD

mem[X,0x0000000080001A4C] -> 0x3583
mem[X,0x0000000080001A4E] -> 0x2881
[985] [M]: 0x0000000080001A4C (0x28813583) ld x11, 0x288(x2)                        resto_Mrtn+20
mem[R,0x0000000080004288] -> 0x00000000000000CD
x11 <- 0x00000000000000CD

clint mtime 0x00000000000001ED (mip.MTI <- 0b1, mip.STI <- 0b0)
mem[X,0x0000000080001A50] -> 0x3103
mem[X,0x0000000080001A52] -> 0x2901
[986] [M]: 0x0000000080001A50 (0x29013103) ld x2, 0x290(x2)                         resto_Mrtn+24
mem[R,0x0000000080004290] -> 0x0000000080004000
x2 <- 0x0000000080004000

mem[X,0x0000000080001A54] -> 0x0073
mem[X,0x0000000080001A56] -> 0x3020
[987] [M]: 0x0000000080001A54 (0x30200073) mret                                     resto_Mrtn+28
CSR mstatus (0x300) <- 0x0000000A00000080
ret-ing from M to S

clint mtime 0x00000000000001EE (mip.MTI <- 0b1, mip.STI <- 0b0)
mem[X,0x0000000080000B4C] -> 0x51B7
mem[X,0x0000000080000B4E] -> 0x0000
[988] [S]: 0x0000000180000B4C (0x000051B7) lui x3, 0x5                              va_rvtest_code_begin+880
x3 <- 0x0000000000005000

mem[X,0x0000000080000B50] -> 0x8193
mem[X,0x0000000080000B52] -> 0x6671
[989] [S]: 0x0000000180000B50 (0x66718193) addi x3, x3, 0x667                       va_rvtest_code_begin+884
x3 <- 0x0000000000005667

clint mtime 0x00000000000001EF (mip.MTI <- 0b1, mip.STI <- 0b0)
mem[X,0x0000000080000B54] -> 0x9193
mem[X,0x0000000080000B56] -> 0x0011
[990] [S]: 0x0000000180000B54 (0x00119193) slli x3, x3, 0x1                         va_rvtest_code_begin+888
x3 <- 0x000000000000ACCE

mem[X,0x0000000080000B58] -> 0x0013
mem[X,0x0000000080000B5A] -> 0x0000
[991] [S]: 0x0000000180000B58 (0x00000013) addi x0, x0, 0x0                         va_rvtest_code_begin+892

clint mtime 0x00000000000001F0 (mip.MTI <- 0b1, mip.STI <- 0b0)
mem[X,0x0000000080000B5C] -> 0x0013
mem[X,0x0000000080000B5E] -> 0x0000
[992] [S]: 0x0000000180000B5C (0x00000013) addi x0, x0, 0x0                         va_rvtest_code_begin+896

mem[X,0x0000000080000B60] -> 0x0217
mem[X,0x0000000080000B62] -> 0x0000
[993] [S]: 0x0000000180000B60 (0x00000217) auipc x4, 0x0                            va_rvtest_code_begin+900
x4 <- 0x0000000180000B60

clint mtime 0x00000000000001F1 (mip.MTI <- 0b1, mip.STI <- 0b0)
mem[X,0x0000000080000B64] -> 0x0213
mem[X,0x0000000080000B66] -> 0x02C2
[994] [S]: 0x0000000180000B64 (0x02C20213) addi x4, x4, 0x2c                        va_rvtest_code_begin+904
x4 <- 0x0000000180000B8C

mem[X,0x0000000080000B68] -> 0x0001
[995] [S]: 0x0000000180000B68 (0x0001) c.nop                                        va_rvtest_code_begin+908

clint mtime 0x00000000000001F2 (mip.MTI <- 0b1, mip.STI <- 0b0)
mem[X,0x0000000080000B6A] -> 0x0013
mem[X,0x0000000080000B6C] -> 0x0000
[996] [S]: 0x0000000180000B6A (0x00000013) addi x0, x0, 0x0                         va_rvtest_code_begin+910

mem[X,0x0000000080000B6E] -> 0x0013
mem[X,0x0000000080000B70] -> 0x0000
[997] [S]: 0x0000000180000B6E (0x00000013) addi x0, x0, 0x0                         va_rvtest_code_begin+914

clint mtime 0x00000000000001F3 (mip.MTI <- 0b1, mip.STI <- 0b0)
mem[X,0x0000000080000B72] -> 0x0013
mem[X,0x0000000080000B74] -> 0x0000
[998] [S]: 0x0000000180000B72 (0x00000013) addi x0, x0, 0x0                         va_rvtest_code_begin+918

mem[X,0x0000000080000B76] -> 0x0013
mem[X,0x0000000080000B78] -> 0x0000
[999] [S]: 0x0000000180000B76 (0x00000013) addi x0, x0, 0x0                         va_rvtest_code_begin+922

clint mtime 0x00000000000001F4 (mip.MTI <- 0b1, mip.STI <- 0b0)
mem[X,0x0000000080000B7A] -> 0x0013
mem[X,0x0000000080000B7C] -> 0x0000
[1000] [S]: 0x0000000180000B7A (0x00000013) addi x0, x0, 0x0                        va_rvtest_code_begin+926

mem[X,0x0000000080000B7E] -> 0x0001
[1001] [S]: 0x0000000180000B7E (0x0001) c.nop                                       va_rvtest_code_begin+930

clint mtime 0x00000000000001F5 (mip.MTI <- 0b1, mip.STI <- 0b0)
mem[X,0x0000000080000B80] -> 0x80E7
mem[X,0x0000000080000B82] -> 0x0007
[1002] [S]: 0x0000000180000B80 (0x000780E7) jalr x1, 0x0(x15)                       va_rvtest_code_begin+932
x1 <- 0x0000000180000B84

PTW: Start, vpn=0x140000, access_type=X, privilege=Smem[R,0x0000000080007028] -> 0x00000000200000CD
PTW: Step, level=2, pte=0x200000CD, pte_addr=0x80007028
PTW: failed, error=invalid-pte, level=2, pte_addr=0x80007028
trapping from S to M to handle fetch-page-fault
handling exc#fetch-page-fault at priv M with tval 0x0000000140000404
CSR mstatus (0x300) <- 0x0000000A00000800
CSR mcause (0x342) <- 0x000000000000000C
CSR mtval (0x343) <- 0x0000000140000404
CSR mepc (0x341) <- 0x0000000140000404

clint mtime 0x00000000000001F6 (mip.MTI <- 0b1, mip.STI <- 0b0)
mem[X,0x0000000080001600] -> 0x006F
mem[X,0x0000000080001602] -> 0x1000
[1004] [M]: 0x0000000080001600 (0x1000006F) jal x0, 0x100                           Mtrampoline+0

mem[X,0x0000000080001700] -> 0x1173
mem[X,0x0000000080001702] -> 0x3401
[1005] [M]: 0x0000000080001700 (0x34011173) csrrw x2, mscratch, x2                  trap_Mhandler+0
CSR mscratch (0x340) <- 0x0000000080004000
x2 <- 0x0000000080004000

clint mtime 0x00000000000001F7 (mip.MTI <- 0b1, mip.STI <- 0b0)
mem[X,0x0000000080001704] -> 0x3423
mem[X,0x0000000080001706] -> 0x28B1
[1006] [M]: 0x0000000080001704 (0x28B13423) sd x11, 0x288(x2)                       trap_Mhandler+4
mem[W,0x0000000080004288] <- 0x00000000000000CD

mem[X,0x0000000080001708] -> 0x05EF
mem[X,0x000000008000170A] -> 0x0B80
[1007] [M]: 0x0000000080001708 (0x0B8005EF) jal x11, 0xb8                           trap_Mhandler+8
x11 <- 0x000000008000170C

clint mtime 0x00000000000001F8 (mip.MTI <- 0b1, mip.STI <- 0b0)
mem[X,0x00000000800017C0] -> 0x3023
mem[X,0x00000000800017C2] -> 0x28A1
[1008] [M]: 0x00000000800017C0 (0x28A13023) sd x10, 0x280(x2)                       common_Mhandler+0
mem[W,0x0000000080004280] <- 0x00000000200000CD

mem[X,0x00000000800017C4] -> 0x1573
mem[X,0x00000000800017C6] -> 0x3401
[1009] [M]: 0x00000000800017C4 (0x34011573) csrrw x10, mscratch, x2                 common_Mhandler+4
CSR mscratch (0x340) <- 0x0000000080004000
x10 <- 0x0000000080004000

clint mtime 0x00000000000001F9 (mip.MTI <- 0b1, mip.STI <- 0b0)
mem[X,0x00000000800017C8] -> 0x3823
mem[X,0x00000000800017CA] -> 0x28A1
[1010] [M]: 0x00000000800017C8 (0x28A13823) sd x10, 0x290(x2)                       common_Mhandler+8
mem[W,0x0000000080004290] <- 0x0000000080004000

mem[X,0x00000000800017CC] -> 0x3503
mem[X,0x00000000800017CE] -> 0x2301
[1011] [M]: 0x00000000800017CC (0x23013503) ld x10, 0x230(x2)                       common_Mhandler+12
mem[R,0x0000000080004230] -> 0x00000000800017D4
x10 <- 0x00000000800017D4

clint mtime 0x00000000000001FA (mip.MTI <- 0b1, mip.STI <- 0b0)
mem[X,0x00000000800017D0] -> 0x0067
mem[X,0x00000000800017D2] -> 0x0005
[1012] [M]: 0x00000000800017D0 (0x00050067) jalr x0, 0x0(x10)                       common_Mhandler+16

mem[X,0x00000000800017D4] -> 0x3C23
mem[X,0x00000000800017D6] -> 0x2691
[1013] [M]: 0x00000000800017D4 (0x26913C23) sd x9, 0x278(x2)                        common_Mentry+0
mem[W,0x0000000080004278] <- 0x0000000280000B24

clint mtime 0x00000000000001FB (mip.MTI <- 0b1, mip.STI <- 0b0)
mem[X,0x00000000800017D8] -> 0x3823
mem[X,0x00000000800017DA] -> 0x2681
[1014] [M]: 0x00000000800017D8 (0x26813823) sd x8, 0x270(x2)                        common_Mentry+4
mem[W,0x0000000080004270] <- 0x0000000000007F76

mem[X,0x00000000800017DC] -> 0x3423
mem[X,0x00000000800017DE] -> 0x2671
[1015] [M]: 0x00000000800017DC (0x26713423) sd x7, 0x268(x2)                        common_Mentry+8
mem[W,0x0000000080004268] <- 0x0000000080004000

clint mtime 0x00000000000001FC (mip.MTI <- 0b1, mip.STI <- 0b0)
mem[X,0x00000000800017E0] -> 0x3023
mem[X,0x00000000800017E2] -> 0x2661
[1016] [M]: 0x00000000800017E0 (0x26613023) sd x6, 0x260(x2)                        common_Mentry+12
mem[W,0x0000000080004260] <- 0x0000000100000008

mem[X,0x00000000800017E4] -> 0x2573
mem[X,0x00000000800017E6] -> 0x3420
[1017] [M]: 0x00000000800017E4 (0x34202573) csrrs x10, mcause, x0                   spcl_M2mmode_test+0
CSR mcause (0x342) -> 0x000000000000000C
x10 <- 0x000000000000000C

clint mtime 0x00000000000001FD (mip.MTI <- 0b1, mip.STI <- 0b0)
mem[X,0x00000000800017E8] -> 0x04B7
mem[X,0x00000000800017EA] -> 0x8000
[1018] [M]: 0x00000000800017E8 (0x800004B7) lui x9, -0x80000                        spcl_M2mmode_test+4
x9 <- 0xFFFFFFFF80000000

mem[X,0x00000000800017EC] -> 0x8493
mem[X,0x00000000800017EE] -> 0x0004
[1019] [M]: 0x00000000800017EC (0x00048493) addi x9, x9, 0x0                        spcl_M2mmode_test+8
x9 <- 0xFFFFFFFF80000000

clint mtime 0x00000000000001FE (mip.MTI <- 0b1, mip.STI <- 0b0)
mem[X,0x00000000800017F0] -> 0x9493
mem[X,0x00000000800017F2] -> 0x00B4
[1020] [M]: 0x00000000800017F0 (0x00B49493) slli x9, x9, 0xb                        spcl_M2mmode_test+12
x9 <- 0xFFFFFC0000000000

mem[X,0x00000000800017F4] -> 0x8493
mem[X,0x00000000800017F6] -> 0x0004
[1021] [M]: 0x00000000800017F4 (0x00048493) addi x9, x9, 0x0                        spcl_M2mmode_test+16
x9 <- 0xFFFFFC0000000000

clint mtime 0x00000000000001FF (mip.MTI <- 0b1, mip.STI <- 0b0)
mem[X,0x00000000800017F8] -> 0x9493
mem[X,0x00000000800017FA] -> 0x00B4
[1022] [M]: 0x00000000800017F8 (0x00B49493) slli x9, x9, 0xb                        spcl_M2mmode_test+20
x9 <- 0xFFE0000000000000

mem[X,0x00000000800017FC] -> 0x8493
mem[X,0x00000000800017FE] -> 0x0034
[1023] [M]: 0x00000000800017FC (0x00348493) addi x9, x9, 0x3                        spcl_M2mmode_test+24
x9 <- 0xFFE0000000000003

clint mtime 0x0000000000000200 (mip.MTI <- 0b1, mip.STI <- 0b0)
mem[X,0x0000000080001800] -> 0x9493
mem[X,0x0000000080001802] -> 0x00A4
[1024] [M]: 0x0000000080001800 (0x00A49493) slli x9, x9, 0xa                        spcl_M2mmode_test+28
x9 <- 0x8000000000000C00

mem[X,0x0000000080001804] -> 0x8493
mem[X,0x0000000080001806] -> 0x3FC4
[1025] [M]: 0x0000000080001804 (0x3FC48493) addi x9, x9, 0x3fc                      spcl_M2mmode_test+32
x9 <- 0x8000000000000FFC

clint mtime 0x0000000000000201 (mip.MTI <- 0b1, mip.STI <- 0b0)
mem[X,0x0000000080001808] -> 0xF4B3
mem[X,0x000000008000180A] -> 0x00A4
[1026] [M]: 0x0000000080001808 (0x00A4F4B3) and x9, x9, x10                         spcl_M2mmode_test+36
x9 <- 0x000000000000000C

mem[X,0x000000008000180C] -> 0x8493
mem[X,0x000000008000180E] -> 0xFF84
[1027] [M]: 0x000000008000180C (0xFF848493) addi x9, x9, -0x8                       spcl_M2mmode_test+40
x9 <- 0x0000000000000004

clint mtime 0x0000000000000202 (mip.MTI <- 0b1, mip.STI <- 0b0)
mem[X,0x0000000080001810] -> 0x9663
mem[X,0x0000000080001812] -> 0x0004
[1028] [M]: 0x0000000080001810 (0x00049663) bne x9, x0, 0xc                         spcl_M2mmode_test+44

mem[X,0x000000008000181C] -> 0x0393
mem[X,0x000000008000181E] -> 0x0200
[1029] [M]: 0x000000008000181C (0x02000393) addi x7, x0, 0x20                       Mtrapsig_ptr_upd+0
x7 <- 0x0000000000000020

clint mtime 0x0000000000000203 (mip.MTI <- 0b1, mip.STI <- 0b0)
mem[X,0x0000000080001820] -> 0x5263
mem[X,0x0000000080001822] -> 0x0405
[1030] [M]: 0x0000000080001820 (0x04055263) bge x10, x0, 0x44                       Mtrapsig_ptr_upd+4

mem[X,0x0000000080001864] -> 0x2373
mem[X,0x0000000080001866] -> 0x3010
[1031] [M]: 0x0000000080001864 (0x30102373) csrrs x6, misa, x0                      Mxcpt_sig_sv+0
CSR misa (0x301) -> 0x800000000034112F
x6 <- 0x800000000034112F

clint mtime 0x0000000000000204 (mip.MTI <- 0b1, mip.STI <- 0b0)
mem[X,0x0000000080001868] -> 0x1313
mem[X,0x000000008000186A] -> 0x0383
[1032] [M]: 0x0000000080001868 (0x03831313) slli x6, x6, 0x38                       Mxcpt_sig_sv+4
x6 <- 0x2F00000000000000

mem[X,0x000000008000186C] -> 0x5463
mem[X,0x000000008000186E] -> 0x0003
[1033] [M]: 0x000000008000186C (0x00035463) bge x6, x0, 0x8                         Mxcpt_sig_sv+8

clint mtime 0x0000000000000205 (mip.MTI <- 0b1, mip.STI <- 0b0)
mem[X,0x0000000080001874] -> 0x3303
mem[X,0x0000000080001876] -> 0x2181
[1034] [M]: 0x0000000080001874 (0x21813303) ld x6, 0x218(x2)                        Mtrap_sig_sv+0
mem[R,0x0000000080004218] -> 0x0000000080008578
x6 <- 0x0000000080008578

mem[X,0x0000000080001878] -> 0x04B3
mem[X,0x000000008000187A] -> 0x0073
[1035] [M]: 0x0000000080001878 (0x007304B3) add x9, x6, x7                          Mtrap_sig_sv+4
x9 <- 0x0000000080008598

clint mtime 0x0000000000000206 (mip.MTI <- 0b1, mip.STI <- 0b0)
mem[X,0x000000008000187C] -> 0x3C23
mem[X,0x000000008000187E] -> 0x2091
[1036] [M]: 0x000000008000187C (0x20913C23) sd x9, 0x218(x2)                        Mtrap_sig_sv+8
mem[W,0x0000000080004218] <- 0x0000000080008598

mem[X,0x0000000080001880] -> 0x3403
mem[X,0x0000000080001882] -> 0x1F81
[1037] [M]: 0x0000000080001880 (0x1F813403) ld x8, 0x1f8(x2)                        Mtrap_sig_sv+12
mem[R,0x00000000800041F8] -> 0x0000000080008110
x8 <- 0x0000000080008110

clint mtime 0x0000000000000207 (mip.MTI <- 0b1, mip.STI <- 0b0)
mem[X,0x0000000080001884] -> 0x0333
mem[X,0x0000000080001886] -> 0x4083
[1038] [M]: 0x0000000080001884 (0x40830333) sub x6, x6, x8                          Mtrap_sig_sv+16
x6 <- 0x0000000000000468

mem[X,0x0000000080001888] -> 0x3403
mem[X,0x000000008000188A] -> 0x1F81
[1039] [M]: 0x0000000080001888 (0x1F813403) ld x8, 0x1f8(x2)                        Mtrap_sig_sv+20
mem[R,0x00000000800041F8] -> 0x0000000080008110
x8 <- 0x0000000080008110

clint mtime 0x0000000000000208 (mip.MTI <- 0b1, mip.STI <- 0b0)
mem[X,0x000000008000188C] -> 0x0333
mem[X,0x000000008000188E] -> 0x0083
[1040] [M]: 0x000000008000188C (0x00830333) add x6, x6, x8                          Mtrap_sig_sv+24
x6 <- 0x0000000080008578

mem[X,0x0000000080001890] -> 0x3403
mem[X,0x0000000080001892] -> 0x2401
[1041] [M]: 0x0000000080001890 (0x24013403) ld x8, 0x240(x2)                        Mtrap_sig_sv+28
mem[R,0x0000000080004240] -> 0x0000000080001600
x8 <- 0x0000000080001600

clint mtime 0x0000000000000209 (mip.MTI <- 0b1, mip.STI <- 0b0)
mem[X,0x0000000080001894] -> 0x85B3
mem[X,0x0000000080001896] -> 0x4085
[1042] [M]: 0x0000000080001894 (0x408585B3) sub x11, x11, x8                        sv_Mvect+0
x11 <- 0x000000000000010C

mem[X,0x0000000080001898] -> 0x9593
mem[X,0x000000008000189A] -> 0x0045
[1043] [M]: 0x0000000080001898 (0x00459593) slli x11, x11, 0x4                      sv_Mvect+4
x11 <- 0x00000000000010C0

clint mtime 0x000000000000020A (mip.MTI <- 0b1, mip.STI <- 0b0)
mem[X,0x000000008000189C] -> 0xE5B3
mem[X,0x000000008000189E] -> 0x0075
[1044] [M]: 0x000000008000189C (0x0075E5B3) or x11, x11, x7                         sv_Mvect+8
x11 <- 0x00000000000010E0

mem[X,0x00000000800018A0] -> 0x8593
mem[X,0x00000000800018A2] -> 0x0035
[1045] [M]: 0x00000000800018A0 (0x00358593) addi x11, x11, 0x3                      sv_Mvect+12
x11 <- 0x00000000000010E3

clint mtime 0x000000000000020B (mip.MTI <- 0b1, mip.STI <- 0b0)
mem[X,0x00000000800018A4] -> 0x3023
mem[X,0x00000000800018A6] -> 0x00B3
[1046] [M]: 0x00000000800018A4 (0x00B33023) sd x11, 0x0(x6)                         sv_Mvect+16
mem[W,0x0000000080008578] <- 0x00000000000010E3

mem[X,0x00000000800018A8] -> 0x3423
mem[X,0x00000000800018AA] -> 0x00A3
[1047] [M]: 0x00000000800018A8 (0x00A33423) sd x10, 0x8(x6)                         sv_Mcause+0
mem[W,0x0000000080008580] <- 0x000000000000000C

clint mtime 0x000000000000020C (mip.MTI <- 0b1, mip.STI <- 0b0)
mem[X,0x00000000800018AC] -> 0x4663
mem[X,0x00000000800018AE] -> 0x1A05
[1048] [M]: 0x00000000800018AC (0x1A054663) blt x10, x0, 0x1ac                      sv_Mcause+4

mem[X,0x00000000800018B0] -> 0x25F3
mem[X,0x00000000800018B2] -> 0x3000
[1049] [M]: 0x00000000800018B0 (0x300025F3) csrrs x11, mstatus, x0                  common_Mexcpt_handler+0
CSR mstatus (0x300) -> 0x0000000A00000800
x11 <- 0x0000000A00000800

clint mtime 0x000000000000020D (mip.MTI <- 0b1, mip.STI <- 0b0)
mem[X,0x00000000800018B4] -> 0x9413
mem[X,0x00000000800018B6] -> 0x02E5
[1050] [M]: 0x00000000800018B4 (0x02E59413) slli x8, x11, 0x2e                      common_Mexcpt_handler+4
x8 <- 0x0200000000000000

mem[X,0x00000000800018B8] -> 0x5463
mem[X,0x00000000800018BA] -> 0x0004
[1051] [M]: 0x00000000800018B8 (0x00045463) bge x8, x0, 0x8                         common_Mexcpt_handler+8

clint mtime 0x000000000000020E (mip.MTI <- 0b1, mip.STI <- 0b0)
mem[X,0x00000000800018C0] -> 0xD493
mem[X,0x00000000800018C2] -> 0x00B5
[1052] [M]: 0x00000000800018C0 (0x00B5D493) srli x9, x11, 0xb                       common_Mexcpt_handler+16
x9 <- 0x0000000001400001

mem[X,0x00000000800018C4] -> 0xF493
mem[X,0x00000000800018C6] -> 0x0034
[1053] [M]: 0x00000000800018C4 (0x0034F493) andi x9, x9, 0x3                        common_Mexcpt_handler+20
x9 <- 0x0000000000000001

clint mtime 0x000000000000020F (mip.MTI <- 0b1, mip.STI <- 0b0)
mem[X,0x00000000800018C8] -> 0x8493
mem[X,0x00000000800018CA] -> 0x0014
[1054] [M]: 0x00000000800018C8 (0x00148493) addi x9, x9, 0x1                        common_Mexcpt_handler+24
x9 <- 0x0000000000000002

mem[X,0x00000000800018CC] -> 0xF493
mem[X,0x00000000800018CE] -> 0x0044
[1055] [M]: 0x00000000800018CC (0x0044F493) andi x9, x9, 0x4                        common_Mexcpt_handler+28
x9 <- 0x0000000000000000

clint mtime 0x0000000000000210 (mip.MTI <- 0b1, mip.STI <- 0b0)
mem[X,0x00000000800018D0] -> 0x0593
mem[X,0x00000000800018D2] -> 0x05D0
[1056] [M]: 0x00000000800018D0 (0x05D00593) addi x11, x0, 0x5d                      common_Mexcpt_handler+32
x11 <- 0x000000000000005D

mem[X,0x00000000800018D4] -> 0xD5B3
mem[X,0x00000000800018D6] -> 0x0095
[1057] [M]: 0x00000000800018D4 (0x0095D5B3) srl x11, x11, x9                        common_Mexcpt_handler+36
x11 <- 0x000000000000005D

clint mtime 0x0000000000000211 (mip.MTI <- 0b1, mip.STI <- 0b0)
mem[X,0x00000000800018D8] -> 0xF593
mem[X,0x00000000800018DA] -> 0x0015
[1058] [M]: 0x00000000800018D8 (0x0015F593) andi x11, x11, 0x1                      common_Mexcpt_handler+40
x11 <- 0x0000000000000001

mem[X,0x00000000800018DC] -> 0x8EE3
mem[X,0x00000000800018DE] -> 0xF405
[1059] [M]: 0x00000000800018DC (0xF4058EE3) beq x11, x0, -0xa4                      common_Mexcpt_handler+44

clint mtime 0x0000000000000212 (mip.MTI <- 0b1, mip.STI <- 0b0)
mem[X,0x00000000800018E0] -> 0x0593
mem[X,0x00000000800018E2] -> 0x2980
[1060] [M]: 0x00000000800018E0 (0x29800593) addi x11, x0, 0x298                     common_Mexcpt_handler+48
x11 <- 0x0000000000000298

mem[X,0x00000000800018E4] -> 0xF413
mem[X,0x00000000800018E6] -> 0x0014
[1061] [M]: 0x00000000800018E4 (0x0014F413) andi x8, x9, 0x1                        common_Mexcpt_handler+52
x8 <- 0x0000000000000000

clint mtime 0x0000000000000213 (mip.MTI <- 0b1, mip.STI <- 0b0)
mem[X,0x00000000800018E8] -> 0x95B3
mem[X,0x00000000800018EA] -> 0x0085
[1062] [M]: 0x00000000800018E8 (0x008595B3) sll x11, x11, x8                        common_Mexcpt_handler+56
x11 <- 0x0000000000000298

mem[X,0x00000000800018EC] -> 0x9413
mem[X,0x00000000800018EE] -> 0x03D4
[1063] [M]: 0x00000000800018EC (0x03D49413) slli x8, x9, 0x3d                       common_Mexcpt_handler+60
x8 <- 0x0000000000000000

clint mtime 0x0000000000000214 (mip.MTI <- 0b1, mip.STI <- 0b0)
mem[X,0x00000000800018F0] -> 0x5413
mem[X,0x00000000800018F2] -> 0x43F4
[1064] [M]: 0x00000000800018F0 (0x43F45413) srai x8, x8, 0x3f                       common_Mexcpt_handler+64
x8 <- 0x0000000000000000

mem[X,0x00000000800018F4] -> 0x4413
mem[X,0x00000000800018F6] -> 0xFFF4
[1065] [M]: 0x00000000800018F4 (0xFFF44413) xori x8, x8, -0x1                       common_Mexcpt_handler+68
x8 <- 0xFFFFFFFFFFFFFFFF

clint mtime 0x0000000000000215 (mip.MTI <- 0b1, mip.STI <- 0b0)
mem[X,0x00000000800018F8] -> 0xF4B3
mem[X,0x00000000800018FA] -> 0x0085
[1066] [M]: 0x00000000800018F8 (0x0085F4B3) and x9, x11, x8                         common_Mexcpt_handler+72
x9 <- 0x0000000000000298

mem[X,0x00000000800018FC] -> 0x84B3
mem[X,0x00000000800018FE] -> 0x0024
[1067] [M]: 0x00000000800018FC (0x002484B3) add x9, x9, x2                          vmem_adj_Mepc+0
x9 <- 0x0000000080004298

clint mtime 0x0000000000000216 (mip.MTI <- 0b1, mip.STI <- 0b0)
mem[X,0x0000000080001900] -> 0x23F3
mem[X,0x0000000080001902] -> 0x3410
[1068] [M]: 0x0000000080001900 (0x341023F3) csrrs x7, mepc, x0                      vmem_adj_Mepc+4
CSR mepc (0x341) -> 0x0000000140000404
x7 <- 0x0000000140000404

mem[X,0x0000000080001904] -> 0x0413
mem[X,0x0000000080001906] -> 0x0004
[1069] [M]: 0x0000000080001904 (0x00040413) addi x8, x8, 0x0                        vmem_adj_Mepc+8
x8 <- 0xFFFFFFFFFFFFFFFF

clint mtime 0x0000000000000217 (mip.MTI <- 0b1, mip.STI <- 0b0)
mem[X,0x0000000080001908] -> 0x006F
mem[X,0x000000008000190A] -> 0x0400
[1070] [M]: 0x0000000080001908 (0x0400006F) jal x0, 0x40                            vmem_adj_Mepc+12

mem[X,0x0000000080001948] -> 0x8433
mem[X,0x000000008000194A] -> 0x4083
[1071] [M]: 0x0000000080001948 (0x40838433) sub x8, x7, x8                          adj_Mepc+0
x8 <- 0x0000000140000405

clint mtime 0x0000000000000218 (mip.MTI <- 0b1, mip.STI <- 0b0)
mem[X,0x000000008000194C] -> 0x3823
mem[X,0x000000008000194E] -> 0x0083
[1072] [M]: 0x000000008000194C (0x00833823) sd x8, 0x10(x6)                         sv_Mepc+0
mem[W,0x0000000080008588] <- 0x0000000140000405

mem[X,0x0000000080001950] -> 0x55B7
mem[X,0x0000000080001952] -> 0x0000
[1073] [M]: 0x0000000080001950 (0x000055B7) lui x11, 0x5                            sv_Mepc+4
x11 <- 0x0000000000005000

clint mtime 0x0000000000000219 (mip.MTI <- 0b1, mip.STI <- 0b0)
mem[X,0x0000000080001954] -> 0x8593
mem[X,0x0000000080001956] -> 0x6675
[1074] [M]: 0x0000000080001954 (0x66758593) addi x11, x11, 0x667                    sv_Mepc+8
x11 <- 0x0000000000005667

mem[X,0x0000000080001958] -> 0x9593
mem[X,0x000000008000195A] -> 0x0015
[1075] [M]: 0x0000000080001958 (0x00159593) slli x11, x11, 0x1                      sv_Mepc+12
x11 <- 0x000000000000ACCE

clint mtime 0x000000000000021A (mip.MTI <- 0b1, mip.STI <- 0b0)
mem[X,0x000000008000195C] -> 0x9063
mem[X,0x000000008000195E] -> 0x02B1
[1076] [M]: 0x000000008000195C (0x02B19063) bne x3, x11, 0x20                       sv_Mepc+16

mem[X,0x0000000080001960] -> 0x2473
mem[X,0x0000000080001962] -> 0x3420
[1077] [M]: 0x0000000080001960 (0x34202473) csrrs x8, mcause, x0                    sv_Mepc+20
CSR mcause (0x342) -> 0x000000000000000C
x8 <- 0x000000000000000C

clint mtime 0x000000000000021B (mip.MTI <- 0b1, mip.STI <- 0b0)
mem[X,0x0000000080001964] -> 0x0593
mem[X,0x0000000080001966] -> 0x00C0
[1078] [M]: 0x0000000080001964 (0x00C00593) addi x11, x0, 0xc                       sv_Mepc+24
x11 <- 0x000000000000000C

mem[X,0x0000000080001968] -> 0x0663
mem[X,0x000000008000196A] -> 0x00B4
[1079] [M]: 0x0000000080001968 (0x00B40663) beq x8, x11, 0xc                        sv_Mepc+28

clint mtime 0x000000000000021C (mip.MTI <- 0b1, mip.STI <- 0b0)
mem[X,0x0000000080001974] -> 0x1073
mem[X,0x0000000080001976] -> 0x3412
[1080] [M]: 0x0000000080001974 (0x34121073) csrrw x0, mepc, x4                      sv_Mepc+40
CSR mepc (0x341) <- 0x0000000180000B8C

mem[X,0x0000000080001978] -> 0x006F
mem[X,0x000000008000197A] -> 0x0100
[1081] [M]: 0x0000000080001978 (0x0100006F) jal x0, 0x10                            sv_Mepc+44

clint mtime 0x000000000000021D (mip.MTI <- 0b1, mip.STI <- 0b0)
mem[X,0x0000000080001988] -> 0x23F3
mem[X,0x000000008000198A] -> 0x3430
[1082] [M]: 0x0000000080001988 (0x343023F3) csrrs x7, mtval, x0                     skp_adj_Mepc+0
CSR mtval (0x343) -> 0x0000000140000404
x7 <- 0x0000000140000404

mem[X,0x000000008000198C] -> 0x0413
mem[X,0x000000008000198E] -> 0x0004
[1083] [M]: 0x000000008000198C (0x00040413) addi x8, x8, 0x0                        skp_adj_Mepc+4
x8 <- 0x000000000000000C

clint mtime 0x000000000000021E (mip.MTI <- 0b1, mip.STI <- 0b0)
mem[X,0x0000000080001990] -> 0x006F
mem[X,0x0000000080001992] -> 0x0840
[1084] [M]: 0x0000000080001990 (0x0840006F) jal x0, 0x84                            skp_adj_Mepc+8

mem[X,0x0000000080001A14] -> 0x8433
mem[X,0x0000000080001A16] -> 0x4083
[1085] [M]: 0x0000000080001A14 (0x40838433) sub x8, x7, x8                          adj_Mtval+0
x8 <- 0x00000001400003F8

clint mtime 0x000000000000021F (mip.MTI <- 0b1, mip.STI <- 0b0)
mem[X,0x0000000080001A18] -> 0x3C23
mem[X,0x0000000080001A1A] -> 0x0083
[1086] [M]: 0x0000000080001A18 (0x00833C23) sd x8, 0x18(x6)                         sv_Mtval+0
mem[W,0x0000000080008590] <- 0x00000001400003F8

mem[X,0x0000000080001A1C] -> 0x3483
mem[X,0x0000000080001A1E] -> 0x2181
[1087] [M]: 0x0000000080001A1C (0x21813483) ld x9, 0x218(x2)                        skp_Mtval+0
mem[R,0x0000000080004218] -> 0x0000000080008598
x9 <- 0x0000000080008598

clint mtime 0x0000000000000220 (mip.MTI <- 0b1, mip.STI <- 0b0)
mem[X,0x0000000080001A20] -> 0x3383
mem[X,0x0000000080001A22] -> 0x1F81
[1088] [M]: 0x0000000080001A20 (0x1F813383) ld x7, 0x1f8(x2)                        skp_Mtval+4
mem[R,0x00000000800041F8] -> 0x0000000080008110
x7 <- 0x0000000080008110

mem[X,0x0000000080001A24] -> 0x3303
mem[X,0x0000000080001A26] -> 0x2001
[1089] [M]: 0x0000000080001A24 (0x20013303) ld x6, 0x200(x2)                        skp_Mtval+8
mem[R,0x0000000080004200] -> 0x0000000000000810
x6 <- 0x0000000000000810

clint mtime 0x0000000000000221 (mip.MTI <- 0b1, mip.STI <- 0b0)
mem[X,0x0000000080001A28] -> 0x0333
mem[X,0x0000000080001A2A] -> 0x0073
[1090] [M]: 0x0000000080001A28 (0x00730333) add x6, x6, x7                          skp_Mtval+12
x6 <- 0x0000000080008920

mem[X,0x0000000080001A2C] -> 0x6AE3
mem[X,0x0000000080001A2E] -> 0xAC93
[1091] [M]: 0x0000000080001A2C (0xAC936AE3) bltu x6, x9, -0x52c                     skp_Mtval+16

clint mtime 0x0000000000000222 (mip.MTI <- 0b1, mip.STI <- 0b0)
mem[X,0x0000000080001A30] -> 0x0393
mem[X,0x0000000080001A32] -> 0x2000
[1092] [M]: 0x0000000080001A30 (0x20000393) addi x7, x0, 0x200                      skp_Mtval+20
x7 <- 0x0000000000000200

mem[X,0x0000000080001A34] -> 0x006F
mem[X,0x0000000080001A36] -> 0x0400
[1093] [M]: 0x0000000080001A34 (0x0400006F) jal x0, 0x40                            skp_Mtval+24

clint mtime 0x0000000000000223 (mip.MTI <- 0b1, mip.STI <- 0b0)
mem[X,0x0000000080001A74] -> 0x0417
mem[X,0x0000000080001A76] -> 0x0000
[1094] [M]: 0x0000000080001A74 (0x00000417) auipc x8, 0x0                           spcl_Mhandler+0
x8 <- 0x0000000080001A74

mem[X,0x0000000080001A78] -> 0x0413
mem[X,0x0000000080001A7A] -> 0x03C4
[1095] [M]: 0x0000000080001A78 (0x03C40413) addi x8, x8, 0x3c                       spcl_Mhandler+4
x8 <- 0x0000000080001AB0

clint mtime 0x0000000000000224 (mip.MTI <- 0b1, mip.STI <- 0b0)
mem[X,0x0000000080001A7C] -> 0x0433
mem[X,0x0000000080001A7E] -> 0x0074
[1096] [M]: 0x0000000080001A7C (0x00740433) add x8, x8, x7                          spcl_Mhandler+8
x8 <- 0x0000000080001CB0

mem[X,0x0000000080001A80] -> 0x1393
mem[X,0x0000000080001A82] -> 0x0035
[1097] [M]: 0x0000000080001A80 (0x00351393) slli x7, x10, 0x3                       spcl_Mhandler+12
x7 <- 0x0000000000000060

clint mtime 0x0000000000000225 (mip.MTI <- 0b1, mip.STI <- 0b0)
mem[X,0x0000000080001A84] -> 0x0433
mem[X,0x0000000080001A86] -> 0x0074
[1098] [M]: 0x0000000080001A84 (0x00740433) add x8, x8, x7                          spcl_Mhandler+16
x8 <- 0x0000000080001D10

mem[X,0x0000000080001A88] -> 0x7413
mem[X,0x0000000080001A8A] -> 0xFF84
[1099] [M]: 0x0000000080001A88 (0xFF847413) andi x8, x8, -0x8                       spcl_Mhandler+20
x8 <- 0x0000000080001D10

clint mtime 0x0000000000000226 (mip.MTI <- 0b1, mip.STI <- 0b0)
mem[X,0x0000000080001A8C] -> 0x3403
mem[X,0x0000000080001A8E] -> 0x0004
[1100] [M]: 0x0000000080001A8C (0x00043403) ld x8, 0x0(x8)                          spcl_Mhandler+24
mem[R,0x0000000080001D10] -> 0x0000000000000019
x8 <- 0x0000000000000019

mem[X,0x0000000080001A90] -> 0x02E3
mem[X,0x0000000080001A92] -> 0xB004
[1101] [M]: 0x0000000080001A90 (0xB00402E3) beq x8, x0, -0x4fc                      spcl_Mdispatch_hndling+0

clint mtime 0x0000000000000227 (mip.MTI <- 0b1, mip.STI <- 0b0)
mem[X,0x0000000080001A94] -> 0x1393
mem[X,0x0000000080001A96] -> 0x03F4
[1102] [M]: 0x0000000080001A94 (0x03F41393) slli x7, x8, 0x3f                       spcl_Mdispatch_hndling+4
x7 <- 0x8000000000000000

mem[X,0x0000000080001A98] -> 0xD863
mem[X,0x0000000080001A9A] -> 0x0003
[1103] [M]: 0x0000000080001A98 (0x0003D863) bge x7, x0, 0x10                        spcl_Mdispatch_hndling+8

clint mtime 0x0000000000000228 (mip.MTI <- 0b1, mip.STI <- 0b0)
mem[X,0x0000000080001A9C] -> 0x5413
mem[X,0x0000000080001A9E] -> 0x0014
[1104] [M]: 0x0000000080001A9C (0x00145413) srli x8, x8, 0x1                        spcl_Mdispatch_hndling+12
x8 <- 0x000000000000000C

mem[X,0x0000000080001AA0] -> 0x0CE3
mem[X,0x0000000080001AA2] -> 0xF885
[1105] [M]: 0x0000000080001AA0 (0xF8850CE3) beq x10, x8, -0x68                      spcl_Mdispatch_hndling+16

clint mtime 0x0000000000000229 (mip.MTI <- 0b1, mip.STI <- 0b0)
mem[X,0x0000000080001A38] -> 0x3303
mem[X,0x0000000080001A3A] -> 0x2601
[1106] [M]: 0x0000000080001A38 (0x26013303) ld x6, 0x260(x2)                        resto_Mrtn+0
mem[R,0x0000000080004260] -> 0x0000000100000008
x6 <- 0x0000000100000008

mem[X,0x0000000080001A3C] -> 0x3383
mem[X,0x0000000080001A3E] -> 0x2681
[1107] [M]: 0x0000000080001A3C (0x26813383) ld x7, 0x268(x2)                        resto_Mrtn+4
mem[R,0x0000000080004268] -> 0x0000000080004000
x7 <- 0x0000000080004000

clint mtime 0x000000000000022A (mip.MTI <- 0b1, mip.STI <- 0b0)
mem[X,0x0000000080001A40] -> 0x3403
mem[X,0x0000000080001A42] -> 0x2701
[1108] [M]: 0x0000000080001A40 (0x27013403) ld x8, 0x270(x2)                        resto_Mrtn+8
mem[R,0x0000000080004270] -> 0x0000000000007F76
x8 <- 0x0000000000007F76

mem[X,0x0000000080001A44] -> 0x3483
mem[X,0x0000000080001A46] -> 0x2781
[1109] [M]: 0x0000000080001A44 (0x27813483) ld x9, 0x278(x2)                        resto_Mrtn+12
mem[R,0x0000000080004278] -> 0x0000000280000B24
x9 <- 0x0000000280000B24

clint mtime 0x000000000000022B (mip.MTI <- 0b1, mip.STI <- 0b0)
mem[X,0x0000000080001A48] -> 0x3503
mem[X,0x0000000080001A4A] -> 0x2801
[1110] [M]: 0x0000000080001A48 (0x28013503) ld x10, 0x280(x2)                       resto_Mrtn+16
mem[R,0x0000000080004280] -> 0x00000000200000CD
x10 <- 0x00000000200000CD

mem[X,0x0000000080001A4C] -> 0x3583
mem[X,0x0000000080001A4E] -> 0x2881
[1111] [M]: 0x0000000080001A4C (0x28813583) ld x11, 0x288(x2)                       resto_Mrtn+20
mem[R,0x0000000080004288] -> 0x00000000000000CD
x11 <- 0x00000000000000CD

clint mtime 0x000000000000022C (mip.MTI <- 0b1, mip.STI <- 0b0)
mem[X,0x0000000080001A50] -> 0x3103
mem[X,0x0000000080001A52] -> 0x2901
[1112] [M]: 0x0000000080001A50 (0x29013103) ld x2, 0x290(x2)                        resto_Mrtn+24
mem[R,0x0000000080004290] -> 0x0000000080004000
x2 <- 0x0000000080004000

mem[X,0x0000000080001A54] -> 0x0073
mem[X,0x0000000080001A56] -> 0x3020
[1113] [M]: 0x0000000080001A54 (0x30200073) mret                                    resto_Mrtn+28
CSR mstatus (0x300) <- 0x0000000A00000080
ret-ing from M to S

clint mtime 0x000000000000022D (mip.MTI <- 0b1, mip.STI <- 0b0)
mem[X,0x0000000080000B8C] -> 0x0013
mem[X,0x0000000080000B8E] -> 0x0000
[1114] [S]: 0x0000000180000B8C (0x00000013) addi x0, x0, 0x0                        va_rvtest_code_begin+944

mem[X,0x0000000080000B90] -> 0x0013
mem[X,0x0000000080000B92] -> 0x0000
[1115] [S]: 0x0000000180000B90 (0x00000013) addi x0, x0, 0x0                        va_rvtest_code_begin+948

clint mtime 0x000000000000022E (mip.MTI <- 0b1, mip.STI <- 0b0)
mem[X,0x0000000080000B94] -> 0x0013
mem[X,0x0000000080000B96] -> 0x0000
[1116] [S]: 0x0000000180000B94 (0x00000013) addi x0, x0, 0x0                        va_rvtest_code_begin+952

mem[X,0x0000000080000B98] -> 0x0113
mem[X,0x0000000080000B9A] -> 0x0000
[1117] [S]: 0x0000000180000B98 (0x00000113) addi x2, x0, 0x0                        va_rvtest_code_begin+956
x2 <- 0x0000000000000000

clint mtime 0x000000000000022F (mip.MTI <- 0b1, mip.STI <- 0b0)
mem[X,0x0000000080000B9C] -> 0x0073
mem[X,0x0000000080000B9E] -> 0x0000
[1118] [S]: 0x0000000180000B9C (0x00000073) ecall                                   va_rvtest_code_begin+960
trapping from S to M to handle s-call
handling exc#s-call at priv M with tval 0x0000000000000000
CSR mstatus (0x300) <- 0x0000000A00000800
CSR mcause (0x342) <- 0x0000000000000009
CSR mtval (0x343) <- 0x0000000000000000
CSR mepc (0x341) <- 0x0000000180000B9C

mem[X,0x0000000080001600] -> 0x006F
mem[X,0x0000000080001602] -> 0x1000
[1119] [M]: 0x0000000080001600 (0x1000006F) jal x0, 0x100                           Mtrampoline+0

clint mtime 0x0000000000000230 (mip.MTI <- 0b1, mip.STI <- 0b0)
mem[X,0x0000000080001700] -> 0x1173
mem[X,0x0000000080001702] -> 0x3401
[1120] [M]: 0x0000000080001700 (0x34011173) csrrw x2, mscratch, x2                  trap_Mhandler+0
CSR mscratch (0x340) <- 0x0000000000000000
x2 <- 0x0000000080004000

mem[X,0x0000000080001704] -> 0x3423
mem[X,0x0000000080001706] -> 0x28B1
[1121] [M]: 0x0000000080001704 (0x28B13423) sd x11, 0x288(x2)                       trap_Mhandler+4
mem[W,0x0000000080004288] <- 0x00000000000000CD

clint mtime 0x0000000000000231 (mip.MTI <- 0b1, mip.STI <- 0b0)
mem[X,0x0000000080001708] -> 0x05EF
mem[X,0x000000008000170A] -> 0x0B80
[1122] [M]: 0x0000000080001708 (0x0B8005EF) jal x11, 0xb8                           trap_Mhandler+8
x11 <- 0x000000008000170C

mem[X,0x00000000800017C0] -> 0x3023
mem[X,0x00000000800017C2] -> 0x28A1
[1123] [M]: 0x00000000800017C0 (0x28A13023) sd x10, 0x280(x2)                       common_Mhandler+0
mem[W,0x0000000080004280] <- 0x00000000200000CD

clint mtime 0x0000000000000232 (mip.MTI <- 0b1, mip.STI <- 0b0)
mem[X,0x00000000800017C4] -> 0x1573
mem[X,0x00000000800017C6] -> 0x3401
[1124] [M]: 0x00000000800017C4 (0x34011573) csrrw x10, mscratch, x2                 common_Mhandler+4
CSR mscratch (0x340) <- 0x0000000080004000
x10 <- 0x0000000000000000

mem[X,0x00000000800017C8] -> 0x3823
mem[X,0x00000000800017CA] -> 0x28A1
[1125] [M]: 0x00000000800017C8 (0x28A13823) sd x10, 0x290(x2)                       common_Mhandler+8
mem[W,0x0000000080004290] <- 0x0000000000000000

clint mtime 0x0000000000000233 (mip.MTI <- 0b1, mip.STI <- 0b0)
mem[X,0x00000000800017CC] -> 0x3503
mem[X,0x00000000800017CE] -> 0x2301
[1126] [M]: 0x00000000800017CC (0x23013503) ld x10, 0x230(x2)                       common_Mhandler+12
mem[R,0x0000000080004230] -> 0x00000000800017D4
x10 <- 0x00000000800017D4

mem[X,0x00000000800017D0] -> 0x0067
mem[X,0x00000000800017D2] -> 0x0005
[1127] [M]: 0x00000000800017D0 (0x00050067) jalr x0, 0x0(x10)                       common_Mhandler+16

clint mtime 0x0000000000000234 (mip.MTI <- 0b1, mip.STI <- 0b0)
mem[X,0x00000000800017D4] -> 0x3C23
mem[X,0x00000000800017D6] -> 0x2691
[1128] [M]: 0x00000000800017D4 (0x26913C23) sd x9, 0x278(x2)                        common_Mentry+0
mem[W,0x0000000080004278] <- 0x0000000280000B24

mem[X,0x00000000800017D8] -> 0x3823
mem[X,0x00000000800017DA] -> 0x2681
[1129] [M]: 0x00000000800017D8 (0x26813823) sd x8, 0x270(x2)                        common_Mentry+4
mem[W,0x0000000080004270] <- 0x0000000000007F76

clint mtime 0x0000000000000235 (mip.MTI <- 0b1, mip.STI <- 0b0)
mem[X,0x00000000800017DC] -> 0x3423
mem[X,0x00000000800017DE] -> 0x2671
[1130] [M]: 0x00000000800017DC (0x26713423) sd x7, 0x268(x2)                        common_Mentry+8
mem[W,0x0000000080004268] <- 0x0000000080004000

mem[X,0x00000000800017E0] -> 0x3023
mem[X,0x00000000800017E2] -> 0x2661
[1131] [M]: 0x00000000800017E0 (0x26613023) sd x6, 0x260(x2)                        common_Mentry+12
mem[W,0x0000000080004260] <- 0x0000000100000008

clint mtime 0x0000000000000236 (mip.MTI <- 0b1, mip.STI <- 0b0)
mem[X,0x00000000800017E4] -> 0x2573
mem[X,0x00000000800017E6] -> 0x3420
[1132] [M]: 0x00000000800017E4 (0x34202573) csrrs x10, mcause, x0                   spcl_M2mmode_test+0
CSR mcause (0x342) -> 0x0000000000000009
x10 <- 0x0000000000000009

mem[X,0x00000000800017E8] -> 0x04B7
mem[X,0x00000000800017EA] -> 0x8000
[1133] [M]: 0x00000000800017E8 (0x800004B7) lui x9, -0x80000                        spcl_M2mmode_test+4
x9 <- 0xFFFFFFFF80000000

clint mtime 0x0000000000000237 (mip.MTI <- 0b1, mip.STI <- 0b0)
mem[X,0x00000000800017EC] -> 0x8493
mem[X,0x00000000800017EE] -> 0x0004
[1134] [M]: 0x00000000800017EC (0x00048493) addi x9, x9, 0x0                        spcl_M2mmode_test+8
x9 <- 0xFFFFFFFF80000000

mem[X,0x00000000800017F0] -> 0x9493
mem[X,0x00000000800017F2] -> 0x00B4
[1135] [M]: 0x00000000800017F0 (0x00B49493) slli x9, x9, 0xb                        spcl_M2mmode_test+12
x9 <- 0xFFFFFC0000000000

clint mtime 0x0000000000000238 (mip.MTI <- 0b1, mip.STI <- 0b0)
mem[X,0x00000000800017F4] -> 0x8493
mem[X,0x00000000800017F6] -> 0x0004
[1136] [M]: 0x00000000800017F4 (0x00048493) addi x9, x9, 0x0                        spcl_M2mmode_test+16
x9 <- 0xFFFFFC0000000000

mem[X,0x00000000800017F8] -> 0x9493
mem[X,0x00000000800017FA] -> 0x00B4
[1137] [M]: 0x00000000800017F8 (0x00B49493) slli x9, x9, 0xb                        spcl_M2mmode_test+20
x9 <- 0xFFE0000000000000

clint mtime 0x0000000000000239 (mip.MTI <- 0b1, mip.STI <- 0b0)
mem[X,0x00000000800017FC] -> 0x8493
mem[X,0x00000000800017FE] -> 0x0034
[1138] [M]: 0x00000000800017FC (0x00348493) addi x9, x9, 0x3                        spcl_M2mmode_test+24
x9 <- 0xFFE0000000000003

mem[X,0x0000000080001800] -> 0x9493
mem[X,0x0000000080001802] -> 0x00A4
[1139] [M]: 0x0000000080001800 (0x00A49493) slli x9, x9, 0xa                        spcl_M2mmode_test+28
x9 <- 0x8000000000000C00

clint mtime 0x000000000000023A (mip.MTI <- 0b1, mip.STI <- 0b0)
mem[X,0x0000000080001804] -> 0x8493
mem[X,0x0000000080001806] -> 0x3FC4
[1140] [M]: 0x0000000080001804 (0x3FC48493) addi x9, x9, 0x3fc                      spcl_M2mmode_test+32
x9 <- 0x8000000000000FFC

mem[X,0x0000000080001808] -> 0xF4B3
mem[X,0x000000008000180A] -> 0x00A4
[1141] [M]: 0x0000000080001808 (0x00A4F4B3) and x9, x9, x10                         spcl_M2mmode_test+36
x9 <- 0x0000000000000008

clint mtime 0x000000000000023B (mip.MTI <- 0b1, mip.STI <- 0b0)
mem[X,0x000000008000180C] -> 0x8493
mem[X,0x000000008000180E] -> 0xFF84
[1142] [M]: 0x000000008000180C (0xFF848493) addi x9, x9, -0x8                       spcl_M2mmode_test+40
x9 <- 0x0000000000000000

mem[X,0x0000000080001810] -> 0x9663
mem[X,0x0000000080001812] -> 0x0004
[1143] [M]: 0x0000000080001810 (0x00049663) bne x9, x0, 0xc                         spcl_M2mmode_test+44

clint mtime 0x000000000000023C (mip.MTI <- 0b1, mip.STI <- 0b0)
mem[X,0x0000000080001814] -> 0x3383
mem[X,0x0000000080001816] -> 0x2901
[1144] [M]: 0x0000000080001814 (0x29013383) ld x7, 0x290(x2)                        spcl_M2mmode_test+48
mem[R,0x0000000080004290] -> 0x0000000000000000
x7 <- 0x0000000000000000

mem[X,0x0000000080001818] -> 0x8663
mem[X,0x000000008000181A] -> 0x6E03
[1145] [M]: 0x0000000080001818 (0x6E038663) beq x7, x0, 0x6ec                       spcl_M2mmode_test+52

clint mtime 0x000000000000023D (mip.MTI <- 0b1, mip.STI <- 0b0)
mem[X,0x0000000080001F04] -> 0x0493
mem[X,0x0000000080001F06] -> 0xFF55
[1146] [M]: 0x0000000080001F04 (0xFF550493) addi x9, x10, -0xb                      rtn2mmode+0
x9 <- 0xFFFFFFFFFFFFFFFE

mem[X,0x0000000080001F08] -> 0x8C63
mem[X,0x0000000080001F0A] -> 0x0004
[1147] [M]: 0x0000000080001F08 (0x00048C63) beq x9, x0, 0x18                        rtn2mmode+4

clint mtime 0x000000000000023E (mip.MTI <- 0b1, mip.STI <- 0b0)
mem[X,0x0000000080001F0C] -> 0x3583
mem[X,0x0000000080001F0E] -> 0x4701
[1148] [M]: 0x0000000080001F0C (0x47013583) ld x11, 0x470(x2)                       rtn2mmode+8
mem[R,0x0000000080004470] -> 0x00000001800007DC
x11 <- 0x00000001800007DC

mem[X,0x0000000080001F10] -> 0xD463
mem[X,0x0000000080001F12] -> 0x0003
[1149] [M]: 0x0000000080001F10 (0x0003D463) bge x7, x0, 0x8                         rtn2mmode+12

clint mtime 0x000000000000023F (mip.MTI <- 0b1, mip.STI <- 0b0)
mem[X,0x0000000080001F18] -> 0x3483
mem[X,0x0000000080001F1A] -> 0x1D81
[1150] [M]: 0x0000000080001F18 (0x1D813483) ld x9, 0x1d8(x2)                        from_u_s+0
mem[R,0x00000000800041D8] -> 0x00000000800007F4
x9 <- 0x00000000800007F4

mem[X,0x0000000080001F1C] -> 0x84B3
mem[X,0x0000000080001F1E] -> 0x40B4
[1151] [M]: 0x0000000080001F1C (0x40B484B3) sub x9, x9, x11                         from_u_s+4
x9 <- 0xFFFFFFFF00000018

clint mtime 0x0000000000000240 (mip.MTI <- 0b1, mip.STI <- 0b0)
mem[X,0x0000000080001F20] -> 0x23F3
mem[X,0x0000000080001F22] -> 0x3410
[1152] [M]: 0x0000000080001F20 (0x341023F3) csrrs x7, mepc, x0                      rtn_fm_mmode+0
CSR mepc (0x341) -> 0x0000000180000B9C
x7 <- 0x0000000180000B9C

mem[X,0x0000000080001F24] -> 0x83B3
mem[X,0x0000000080001F26] -> 0x0093
[1153] [M]: 0x0000000080001F24 (0x009383B3) add x7, x7, x9                          rtn_fm_mmode+4
x7 <- 0x0000000080000BB4

clint mtime 0x0000000000000241 (mip.MTI <- 0b1, mip.STI <- 0b0)
mem[X,0x0000000080001F28] -> 0x3303
mem[X,0x0000000080001F2A] -> 0x2601
[1154] [M]: 0x0000000080001F28 (0x26013303) ld x6, 0x260(x2)                        rtn_fm_mmode+8
mem[R,0x0000000080004260] -> 0x0000000100000008
x6 <- 0x0000000100000008

mem[X,0x0000000080001F2C] -> 0x3403
mem[X,0x0000000080001F2E] -> 0x2701
[1155] [M]: 0x0000000080001F2C (0x27013403) ld x8, 0x270(x2)                        rtn_fm_mmode+12
mem[R,0x0000000080004270] -> 0x0000000000007F76
x8 <- 0x0000000000007F76

clint mtime 0x0000000000000242 (mip.MTI <- 0b1, mip.STI <- 0b0)
mem[X,0x0000000080001F30] -> 0x3483
mem[X,0x0000000080001F32] -> 0x2781
[1156] [M]: 0x0000000080001F30 (0x27813483) ld x9, 0x278(x2)                        rtn_fm_mmode+16
mem[R,0x0000000080004278] -> 0x0000000280000B24
x9 <- 0x0000000280000B24

mem[X,0x0000000080001F34] -> 0x3503
mem[X,0x0000000080001F36] -> 0x2801
[1157] [M]: 0x0000000080001F34 (0x28013503) ld x10, 0x280(x2)                       rtn_fm_mmode+20
mem[R,0x0000000080004280] -> 0x00000000200000CD
x10 <- 0x00000000200000CD

clint mtime 0x0000000000000243 (mip.MTI <- 0b1, mip.STI <- 0b0)
mem[X,0x0000000080001F38] -> 0x3583
mem[X,0x0000000080001F3A] -> 0x2881
[1158] [M]: 0x0000000080001F38 (0x28813583) ld x11, 0x288(x2)                       rtn_fm_mmode+24
mem[R,0x0000000080004288] -> 0x00000000000000CD
x11 <- 0x00000000000000CD

mem[X,0x0000000080001F3C] -> 0x3103
mem[X,0x0000000080001F3E] -> 0x2901
[1159] [M]: 0x0000000080001F3C (0x29013103) ld x2, 0x290(x2)                        rtn_fm_mmode+28
mem[R,0x0000000080004290] -> 0x0000000000000000
x2 <- 0x0000000000000000

clint mtime 0x0000000000000244 (mip.MTI <- 0b1, mip.STI <- 0b0)
mem[X,0x0000000080001F40] -> 0x8067
mem[X,0x0000000080001F42] -> 0x0043
[1160] [M]: 0x0000000080001F40 (0x00438067) jalr x0, 0x4(x7)                        rtn_fm_mmode+32

mem[X,0x0000000080000BB8] -> 0x0013
mem[X,0x0000000080000BBA] -> 0x0000
[1161] [M]: 0x0000000080000BB8 (0x00000013) addi x0, x0, 0x0                        main+920

clint mtime 0x0000000000000245 (mip.MTI <- 0b1, mip.STI <- 0b0)
mem[X,0x0000000080000BBC] -> 0x0013
mem[X,0x0000000080000BBE] -> 0x0000
[1162] [M]: 0x0000000080000BBC (0x00000013) addi x0, x0, 0x0                        main+924

mem[X,0x0000000080000BC0] -> 0x0517
mem[X,0x0000000080000BC2] -> 0x0000
[1163] [M]: 0x0000000080000BC0 (0x00000517) auipc x10, 0x0                          main+928
x10 <- 0x0000000080000BC0

clint mtime 0x0000000000000246 (mip.MTI <- 0b1, mip.STI <- 0b0)
mem[X,0x0000000080000BC4] -> 0x0513
mem[X,0x0000000080000BC6] -> 0x8445
[1164] [M]: 0x0000000080000BC4 (0x84450513) addi x10, x10, -0x7bc                   main+932
x10 <- 0x0000000080000404

mem[X,0x0000000080000BC8] -> 0x0001
[1165] [M]: 0x0000000080000BC8 (0x0001) c.nop                                       main+936

clint mtime 0x0000000000000247 (mip.MTI <- 0b1, mip.STI <- 0b0)
mem[X,0x0000000080000BCA] -> 0x0013
mem[X,0x0000000080000BCC] -> 0x0000
[1166] [M]: 0x0000000080000BCA (0x00000013) addi x0, x0, 0x0                        main+938

mem[X,0x0000000080000BCE] -> 0x0013
mem[X,0x0000000080000BD0] -> 0x0000
[1167] [M]: 0x0000000080000BCE (0x00000013) addi x0, x0, 0x0                        main+942

clint mtime 0x0000000000000248 (mip.MTI <- 0b1, mip.STI <- 0b0)
mem[X,0x0000000080000BD2] -> 0x0013
mem[X,0x0000000080000BD4] -> 0x0000
[1168] [M]: 0x0000000080000BD2 (0x00000013) addi x0, x0, 0x0                        main+946

mem[X,0x0000000080000BD6] -> 0x0013
mem[X,0x0000000080000BD8] -> 0x0000
[1169] [M]: 0x0000000080000BD6 (0x00000013) addi x0, x0, 0x0                        main+950

clint mtime 0x0000000000000249 (mip.MTI <- 0b1, mip.STI <- 0b0)
mem[X,0x0000000080000BDA] -> 0x0013
mem[X,0x0000000080000BDC] -> 0x0000
[1170] [M]: 0x0000000080000BDA (0x00000013) addi x0, x0, 0x0                        main+954

mem[X,0x0000000080000BDE] -> 0x0001
[1171] [M]: 0x0000000080000BDE (0x0001) c.nop                                       main+958

clint mtime 0x000000000000024A (mip.MTI <- 0b1, mip.STI <- 0b0)
mem[X,0x0000000080000BE0] -> 0x0593
mem[X,0x0000000080000BE2] -> 0x0C50
[1172] [M]: 0x0000000080000BE0 (0x0C500593) addi x11, x0, 0xc5                      main+960
x11 <- 0x00000000000000C5

mem[X,0x0000000080000BE4] -> 0x5513
mem[X,0x0000000080000BE6] -> 0x00C5
[1173] [M]: 0x0000000080000BE4 (0x00C55513) srli x10, x10, 0xc                      main+964
x10 <- 0x0000000000080000

clint mtime 0x000000000000024B (mip.MTI <- 0b1, mip.STI <- 0b0)
mem[X,0x0000000080000BE8] -> 0x1513
mem[X,0x0000000080000BEA] -> 0x00A5
[1174] [M]: 0x0000000080000BE8 (0x00A51513) slli x10, x10, 0xa                      main+968
x10 <- 0x0000000020000000

mem[X,0x0000000080000BEC] -> 0x6533
mem[X,0x0000000080000BEE] -> 0x00B5
[1175] [M]: 0x0000000080000BEC (0x00B56533) or x10, x10, x11                        main+972
x10 <- 0x00000000200000C5

clint mtime 0x000000000000024C (mip.MTI <- 0b1, mip.STI <- 0b0)
mem[X,0x0000000080000BF0] -> 0x0013
mem[X,0x0000000080000BF2] -> 0x0000
[1176] [M]: 0x0000000080000BF0 (0x00000013) addi x0, x0, 0x0                        main+976

mem[X,0x0000000080000BF4] -> 0x0013
mem[X,0x0000000080000BF6] -> 0x0000
[1177] [M]: 0x0000000080000BF4 (0x00000013) addi x0, x0, 0x0                        main+980

clint mtime 0x000000000000024D (mip.MTI <- 0b1, mip.STI <- 0b0)
mem[X,0x0000000080000BF8] -> 0x0013
mem[X,0x0000000080000BFA] -> 0x0000
[1178] [M]: 0x0000000080000BF8 (0x00000013) addi x0, x0, 0x0                        main+984

mem[X,0x0000000080000BFC] -> 0x0013
mem[X,0x0000000080000BFE] -> 0x0000
[1179] [M]: 0x0000000080000BFC (0x00000013) addi x0, x0, 0x0                        main+988

clint mtime 0x000000000000024E (mip.MTI <- 0b1, mip.STI <- 0b0)
mem[X,0x0000000080000C00] -> 0x6317
mem[X,0x0000000080000C02] -> 0x0000
[1180] [M]: 0x0000000080000C00 (0x00006317) auipc x6, 0x6                           main+992
x6 <- 0x0000000080006C00

mem[X,0x0000000080000C04] -> 0x0313
mem[X,0x0000000080000C06] -> 0x4003
[1181] [M]: 0x0000000080000C04 (0x40030313) addi x6, x6, 0x400                      main+996
x6 <- 0x0000000080007000

clint mtime 0x000000000000024F (mip.MTI <- 0b1, mip.STI <- 0b0)
mem[X,0x0000000080000C08] -> 0x0001
[1182] [M]: 0x0000000080000C08 (0x0001) c.nop                                       main+1000

mem[X,0x0000000080000C0A] -> 0x0013
mem[X,0x0000000080000C0C] -> 0x0000
[1183] [M]: 0x0000000080000C0A (0x00000013) addi x0, x0, 0x0                        main+1002

clint mtime 0x0000000000000250 (mip.MTI <- 0b1, mip.STI <- 0b0)
mem[X,0x0000000080000C0E] -> 0x0013
mem[X,0x0000000080000C10] -> 0x0000
[1184] [M]: 0x0000000080000C0E (0x00000013) addi x0, x0, 0x0                        main+1006

mem[X,0x0000000080000C12] -> 0x0013
mem[X,0x0000000080000C14] -> 0x0000
[1185] [M]: 0x0000000080000C12 (0x00000013) addi x0, x0, 0x0                        main+1010

clint mtime 0x0000000000000251 (mip.MTI <- 0b1, mip.STI <- 0b0)
mem[X,0x0000000080000C16] -> 0x0013
mem[X,0x0000000080000C18] -> 0x0000
[1186] [M]: 0x0000000080000C16 (0x00000013) addi x0, x0, 0x0                        main+1014

mem[X,0x0000000080000C1A] -> 0x0013
mem[X,0x0000000080000C1C] -> 0x0000
[1187] [M]: 0x0000000080000C1A (0x00000013) addi x0, x0, 0x0                        main+1018

clint mtime 0x0000000000000252 (mip.MTI <- 0b1, mip.STI <- 0b0)
mem[X,0x0000000080000C1E] -> 0x0001
[1188] [M]: 0x0000000080000C1E (0x0001) c.nop                                       main+1022

mem[X,0x0000000080000C20] -> 0x0293
mem[X,0x0000000080000C22] -> 0x0280
[1189] [M]: 0x0000000080000C20 (0x02800293) addi x5, x0, 0x28                       main+1024
x5 <- 0x0000000000000028

clint mtime 0x0000000000000253 (mip.MTI <- 0b1, mip.STI <- 0b0)
mem[X,0x0000000080000C24] -> 0x0333
mem[X,0x0000000080000C26] -> 0x0053
[1190] [M]: 0x0000000080000C24 (0x00530333) add x6, x6, x5                          main+1028
x6 <- 0x0000000080007028

mem[X,0x0000000080000C28] -> 0x3023
mem[X,0x0000000080000C2A] -> 0x00A3
[1191] [M]: 0x0000000080000C28 (0x00A33023) sd x10, 0x0(x6)                         main+1032
mem[W,0x0000000080007028] <- 0x00000000200000C5

clint mtime 0x0000000000000254 (mip.MTI <- 0b1, mip.STI <- 0b0)
mem[X,0x0000000080000C2C] -> 0x0073
mem[X,0x0000000080000C2E] -> 0x1200
[1192] [M]: 0x0000000080000C2C (0x12000073) sfence.vma x0, x0                       main+1036

mem[X,0x0000000080000C30] -> 0x0493
mem[X,0x0000000080000C32] -> 0x0010
[1193] [M]: 0x0000000080000C30 (0x00100493) addi x9, x0, 0x1                        main+1040
x9 <- 0x0000000000000001

clint mtime 0x0000000000000255 (mip.MTI <- 0b1, mip.STI <- 0b0)
mem[X,0x0000000080000C34] -> 0x9493
mem[X,0x0000000080000C36] -> 0x00B4
[1194] [M]: 0x0000000080000C34 (0x00B49493) slli x9, x9, 0xb                        main+1044
x9 <- 0x0000000000000800

mem[X,0x0000000080000C38] -> 0xB073
mem[X,0x0000000080000C3A] -> 0x3004
[1195] [M]: 0x0000000080000C38 (0x3004B073) csrrc x0, mstatus, x9                   main+1048
CSR mstatus (0x300) <- 0x0000000A00000000

clint mtime 0x0000000000000256 (mip.MTI <- 0b1, mip.STI <- 0b0)
mem[X,0x0000000080000C3C] -> 0x0493
mem[X,0x0000000080000C3E] -> 0x0010
[1196] [M]: 0x0000000080000C3C (0x00100493) addi x9, x0, 0x1                        main+1052
x9 <- 0x0000000000000001

mem[X,0x0000000080000C40] -> 0x9493
mem[X,0x0000000080000C42] -> 0x00B4
[1197] [M]: 0x0000000080000C40 (0x00B49493) slli x9, x9, 0xb                        main+1056
x9 <- 0x0000000000000800

clint mtime 0x0000000000000257 (mip.MTI <- 0b1, mip.STI <- 0b0)
mem[X,0x0000000080000C44] -> 0xA073
mem[X,0x0000000080000C46] -> 0x3004
[1198] [M]: 0x0000000080000C44 (0x3004A073) csrrs x0, mstatus, x9                   main+1060
CSR mstatus (0x300) <- 0x0000000A00000800

mem[X,0x0000000080000C48] -> 0x23F3
mem[X,0x0000000080000C4A] -> 0x3400
[1199] [M]: 0x0000000080000C48 (0x340023F3) csrrs x7, mscratch, x0                  main+1064
CSR mscratch (0x340) -> 0x0000000080004000
x7 <- 0x0000000080004000

clint mtime 0x0000000000000258 (mip.MTI <- 0b1, mip.STI <- 0b0)
mem[X,0x0000000080000C4C] -> 0xB303
mem[X,0x0000000080000C4E] -> 0x4703
[1200] [M]: 0x0000000080000C4C (0x4703B303) ld x6, 0x470(x7)                        main+1068
mem[R,0x0000000080004470] -> 0x00000001800007DC
x6 <- 0x00000001800007DC

mem[X,0x0000000080000C50] -> 0xB483
mem[X,0x0000000080000C52] -> 0x1D83
[1201] [M]: 0x0000000080000C50 (0x1D83B483) ld x9, 0x1d8(x7)                        main+1072
mem[R,0x00000000800041D8] -> 0x00000000800007F4
x9 <- 0x00000000800007F4

clint mtime 0x0000000000000259 (mip.MTI <- 0b1, mip.STI <- 0b0)
mem[X,0x0000000080000C54] -> 0x0333
mem[X,0x0000000080000C56] -> 0x4093
[1202] [M]: 0x0000000080000C54 (0x40930333) sub x6, x6, x9                          main+1076
x6 <- 0x00000000FFFFFFE8

mem[X,0x0000000080000C58] -> 0x0313
mem[X,0x0000000080000C5A] -> 0x0103
[1203] [M]: 0x0000000080000C58 (0x01030313) addi x6, x6, 0x10                       main+1080
x6 <- 0x00000000FFFFFFF8

clint mtime 0x000000000000025A (mip.MTI <- 0b1, mip.STI <- 0b0)
mem[X,0x0000000080000C5C] -> 0x0497
mem[X,0x0000000080000C5E] -> 0x0000
[1204] [M]: 0x0000000080000C5C (0x00000497) auipc x9, 0x0                           main+1084
x9 <- 0x0000000080000C5C

mem[X,0x0000000080000C60] -> 0x84B3
mem[X,0x0000000080000C62] -> 0x0064
[1205] [M]: 0x0000000080000C60 (0x006484B3) add x9, x9, x6                          main+1088
x9 <- 0x0000000180000C54

clint mtime 0x000000000000025B (mip.MTI <- 0b1, mip.STI <- 0b0)
mem[X,0x0000000080000C64] -> 0x94F3
mem[X,0x0000000080000C66] -> 0x3414
[1206] [M]: 0x0000000080000C64 (0x341494F3) csrrw x9, mepc, x9                      main+1092
CSR mepc (0x341) <- 0x0000000180000C54
x9 <- 0x0000000180000B9C

mem[X,0x0000000080000C68] -> 0x0073
mem[X,0x0000000080000C6A] -> 0x3020
[1207] [M]: 0x0000000080000C68 (0x30200073) mret                                    main+1096
CSR mstatus (0x300) <- 0x0000000A00000080
ret-ing from M to S

clint mtime 0x000000000000025C (mip.MTI <- 0b1, mip.STI <- 0b0)
PTW: Start, vpn=0x180000, access_type=X, privilege=Smem[R,0x0000000080007030] -> 0x00000000200000CB
PTW: Step, level=2, pte=0x200000CB, pte_addr=0x80007030
PTW: Success, final_ppn=0x80000, level=2mem[X,0x0000000080000C54] -> 0x0333
mem[X,0x0000000080000C56] -> 0x4093
[1208] [S]: 0x0000000180000C54 (0x40930333) sub x6, x6, x9                          va_rvtest_code_begin+1144
x6 <- 0xFFFFFFFF7FFFF45C

mem[X,0x0000000080000C58] -> 0x0313
mem[X,0x0000000080000C5A] -> 0x0103
[1209] [S]: 0x0000000180000C58 (0x01030313) addi x6, x6, 0x10                       va_rvtest_code_begin+1148
x6 <- 0xFFFFFFFF7FFFF46C

clint mtime 0x000000000000025D (mip.MTI <- 0b1, mip.STI <- 0b0)
mem[X,0x0000000080000C5C] -> 0x0497
mem[X,0x0000000080000C5E] -> 0x0000
[1210] [S]: 0x0000000180000C5C (0x00000497) auipc x9, 0x0                           va_rvtest_code_begin+1152
x9 <- 0x0000000180000C5C

mem[X,0x0000000080000C60] -> 0x84B3
mem[X,0x0000000080000C62] -> 0x0064
[1211] [S]: 0x0000000180000C60 (0x006484B3) add x9, x9, x6                          va_rvtest_code_begin+1156
x9 <- 0x00000001000000C8

clint mtime 0x000000000000025E (mip.MTI <- 0b1, mip.STI <- 0b0)
mem[X,0x0000000080000C64] -> 0x94F3
mem[X,0x0000000080000C66] -> 0x3414
[1212] [S]: 0x0000000180000C64 (0x341494F3) csrrw x9, mepc, x9                      va_rvtest_code_begin+1160
trapping from S to M to handle illegal-instruction
handling exc#illegal-instruction at priv M with tval 0x00000000341494F3
CSR mstatus (0x300) <- 0x0000000A00000800
CSR mcause (0x342) <- 0x0000000000000002
CSR mtval (0x343) <- 0x00000000341494F3
CSR mepc (0x341) <- 0x0000000180000C64

mem[X,0x0000000080001600] -> 0x006F
mem[X,0x0000000080001602] -> 0x1000
[1213] [M]: 0x0000000080001600 (0x1000006F) jal x0, 0x100                           Mtrampoline+0

clint mtime 0x000000000000025F (mip.MTI <- 0b1, mip.STI <- 0b0)
mem[X,0x0000000080001700] -> 0x1173
mem[X,0x0000000080001702] -> 0x3401
[1214] [M]: 0x0000000080001700 (0x34011173) csrrw x2, mscratch, x2                  trap_Mhandler+0
CSR mscratch (0x340) <- 0x0000000000000000
x2 <- 0x0000000080004000

mem[X,0x0000000080001704] -> 0x3423
mem[X,0x0000000080001706] -> 0x28B1
[1215] [M]: 0x0000000080001704 (0x28B13423) sd x11, 0x288(x2)                       trap_Mhandler+4
mem[W,0x0000000080004288] <- 0x00000000000000C5

clint mtime 0x0000000000000260 (mip.MTI <- 0b1, mip.STI <- 0b0)
mem[X,0x0000000080001708] -> 0x05EF
mem[X,0x000000008000170A] -> 0x0B80
[1216] [M]: 0x0000000080001708 (0x0B8005EF) jal x11, 0xb8                           trap_Mhandler+8
x11 <- 0x000000008000170C

mem[X,0x00000000800017C0] -> 0x3023
mem[X,0x00000000800017C2] -> 0x28A1
[1217] [M]: 0x00000000800017C0 (0x28A13023) sd x10, 0x280(x2)                       common_Mhandler+0
mem[W,0x0000000080004280] <- 0x00000000200000C5

clint mtime 0x0000000000000261 (mip.MTI <- 0b1, mip.STI <- 0b0)
mem[X,0x00000000800017C4] -> 0x1573
mem[X,0x00000000800017C6] -> 0x3401
[1218] [M]: 0x00000000800017C4 (0x34011573) csrrw x10, mscratch, x2                 common_Mhandler+4
CSR mscratch (0x340) <- 0x0000000080004000
x10 <- 0x0000000000000000

mem[X,0x00000000800017C8] -> 0x3823
mem[X,0x00000000800017CA] -> 0x28A1
[1219] [M]: 0x00000000800017C8 (0x28A13823) sd x10, 0x290(x2)                       common_Mhandler+8
mem[W,0x0000000080004290] <- 0x0000000000000000

clint mtime 0x0000000000000262 (mip.MTI <- 0b1, mip.STI <- 0b0)
mem[X,0x00000000800017CC] -> 0x3503
mem[X,0x00000000800017CE] -> 0x2301
[1220] [M]: 0x00000000800017CC (0x23013503) ld x10, 0x230(x2)                       common_Mhandler+12
mem[R,0x0000000080004230] -> 0x00000000800017D4
x10 <- 0x00000000800017D4

mem[X,0x00000000800017D0] -> 0x0067
mem[X,0x00000000800017D2] -> 0x0005
[1221] [M]: 0x00000000800017D0 (0x00050067) jalr x0, 0x0(x10)                       common_Mhandler+16

clint mtime 0x0000000000000263 (mip.MTI <- 0b1, mip.STI <- 0b0)
mem[X,0x00000000800017D4] -> 0x3C23
mem[X,0x00000000800017D6] -> 0x2691
[1222] [M]: 0x00000000800017D4 (0x26913C23) sd x9, 0x278(x2)                        common_Mentry+0
mem[W,0x0000000080004278] <- 0x00000001000000C8

mem[X,0x00000000800017D8] -> 0x3823
mem[X,0x00000000800017DA] -> 0x2681
[1223] [M]: 0x00000000800017D8 (0x26813823) sd x8, 0x270(x2)                        common_Mentry+4
mem[W,0x0000000080004270] <- 0x0000000000007F76

clint mtime 0x0000000000000264 (mip.MTI <- 0b1, mip.STI <- 0b0)
mem[X,0x00000000800017DC] -> 0x3423
mem[X,0x00000000800017DE] -> 0x2671
[1224] [M]: 0x00000000800017DC (0x26713423) sd x7, 0x268(x2)                        common_Mentry+8
mem[W,0x0000000080004268] <- 0x0000000080004000

mem[X,0x00000000800017E0] -> 0x3023
mem[X,0x00000000800017E2] -> 0x2661
[1225] [M]: 0x00000000800017E0 (0x26613023) sd x6, 0x260(x2)                        common_Mentry+12
mem[W,0x0000000080004260] <- 0xFFFFFFFF7FFFF46C

clint mtime 0x0000000000000265 (mip.MTI <- 0b1, mip.STI <- 0b0)
mem[X,0x00000000800017E4] -> 0x2573
mem[X,0x00000000800017E6] -> 0x3420
[1226] [M]: 0x00000000800017E4 (0x34202573) csrrs x10, mcause, x0                   spcl_M2mmode_test+0
CSR mcause (0x342) -> 0x0000000000000002
x10 <- 0x0000000000000002

mem[X,0x00000000800017E8] -> 0x04B7
mem[X,0x00000000800017EA] -> 0x8000
[1227] [M]: 0x00000000800017E8 (0x800004B7) lui x9, -0x80000                        spcl_M2mmode_test+4
x9 <- 0xFFFFFFFF80000000

clint mtime 0x0000000000000266 (mip.MTI <- 0b1, mip.STI <- 0b0)
mem[X,0x00000000800017EC] -> 0x8493
mem[X,0x00000000800017EE] -> 0x0004
[1228] [M]: 0x00000000800017EC (0x00048493) addi x9, x9, 0x0                        spcl_M2mmode_test+8
x9 <- 0xFFFFFFFF80000000

mem[X,0x00000000800017F0] -> 0x9493
mem[X,0x00000000800017F2] -> 0x00B4
[1229] [M]: 0x00000000800017F0 (0x00B49493) slli x9, x9, 0xb                        spcl_M2mmode_test+12
x9 <- 0xFFFFFC0000000000

clint mtime 0x0000000000000267 (mip.MTI <- 0b1, mip.STI <- 0b0)
mem[X,0x00000000800017F4] -> 0x8493
mem[X,0x00000000800017F6] -> 0x0004
[1230] [M]: 0x00000000800017F4 (0x00048493) addi x9, x9, 0x0                        spcl_M2mmode_test+16
x9 <- 0xFFFFFC0000000000

mem[X,0x00000000800017F8] -> 0x9493
mem[X,0x00000000800017FA] -> 0x00B4
[1231] [M]: 0x00000000800017F8 (0x00B49493) slli x9, x9, 0xb                        spcl_M2mmode_test+20
x9 <- 0xFFE0000000000000

clint mtime 0x0000000000000268 (mip.MTI <- 0b1, mip.STI <- 0b0)
mem[X,0x00000000800017FC] -> 0x8493
mem[X,0x00000000800017FE] -> 0x0034
[1232] [M]: 0x00000000800017FC (0x00348493) addi x9, x9, 0x3                        spcl_M2mmode_test+24
x9 <- 0xFFE0000000000003

mem[X,0x0000000080001800] -> 0x9493
mem[X,0x0000000080001802] -> 0x00A4
[1233] [M]: 0x0000000080001800 (0x00A49493) slli x9, x9, 0xa                        spcl_M2mmode_test+28
x9 <- 0x8000000000000C00

clint mtime 0x0000000000000269 (mip.MTI <- 0b1, mip.STI <- 0b0)
mem[X,0x0000000080001804] -> 0x8493
mem[X,0x0000000080001806] -> 0x3FC4
[1234] [M]: 0x0000000080001804 (0x3FC48493) addi x9, x9, 0x3fc                      spcl_M2mmode_test+32
x9 <- 0x8000000000000FFC

mem[X,0x0000000080001808] -> 0xF4B3
mem[X,0x000000008000180A] -> 0x00A4
[1235] [M]: 0x0000000080001808 (0x00A4F4B3) and x9, x9, x10                         spcl_M2mmode_test+36
x9 <- 0x0000000000000000

clint mtime 0x000000000000026A (mip.MTI <- 0b1, mip.STI <- 0b0)
mem[X,0x000000008000180C] -> 0x8493
mem[X,0x000000008000180E] -> 0xFF84
[1236] [M]: 0x000000008000180C (0xFF848493) addi x9, x9, -0x8                       spcl_M2mmode_test+40
x9 <- 0xFFFFFFFFFFFFFFF8

mem[X,0x0000000080001810] -> 0x9663
mem[X,0x0000000080001812] -> 0x0004
[1237] [M]: 0x0000000080001810 (0x00049663) bne x9, x0, 0xc                         spcl_M2mmode_test+44

clint mtime 0x000000000000026B (mip.MTI <- 0b1, mip.STI <- 0b0)
mem[X,0x000000008000181C] -> 0x0393
mem[X,0x000000008000181E] -> 0x0200
[1238] [M]: 0x000000008000181C (0x02000393) addi x7, x0, 0x20                       Mtrapsig_ptr_upd+0
x7 <- 0x0000000000000020

mem[X,0x0000000080001820] -> 0x5263
mem[X,0x0000000080001822] -> 0x0405
[1239] [M]: 0x0000000080001820 (0x04055263) bge x10, x0, 0x44                       Mtrapsig_ptr_upd+4

clint mtime 0x000000000000026C (mip.MTI <- 0b1, mip.STI <- 0b0)
mem[X,0x0000000080001864] -> 0x2373
mem[X,0x0000000080001866] -> 0x3010
[1240] [M]: 0x0000000080001864 (0x30102373) csrrs x6, misa, x0                      Mxcpt_sig_sv+0
CSR misa (0x301) -> 0x800000000034112F
x6 <- 0x800000000034112F

mem[X,0x0000000080001868] -> 0x1313
mem[X,0x000000008000186A] -> 0x0383
[1241] [M]: 0x0000000080001868 (0x03831313) slli x6, x6, 0x38                       Mxcpt_sig_sv+4
x6 <- 0x2F00000000000000

clint mtime 0x000000000000026D (mip.MTI <- 0b1, mip.STI <- 0b0)
mem[X,0x000000008000186C] -> 0x5463
mem[X,0x000000008000186E] -> 0x0003
[1242] [M]: 0x000000008000186C (0x00035463) bge x6, x0, 0x8                         Mxcpt_sig_sv+8

mem[X,0x0000000080001874] -> 0x3303
mem[X,0x0000000080001876] -> 0x2181
[1243] [M]: 0x0000000080001874 (0x21813303) ld x6, 0x218(x2)                        Mtrap_sig_sv+0
mem[R,0x0000000080004218] -> 0x0000000080008598
x6 <- 0x0000000080008598

clint mtime 0x000000000000026E (mip.MTI <- 0b1, mip.STI <- 0b0)
mem[X,0x0000000080001878] -> 0x04B3
mem[X,0x000000008000187A] -> 0x0073
[1244] [M]: 0x0000000080001878 (0x007304B3) add x9, x6, x7                          Mtrap_sig_sv+4
x9 <- 0x00000000800085B8

mem[X,0x000000008000187C] -> 0x3C23
mem[X,0x000000008000187E] -> 0x2091
[1245] [M]: 0x000000008000187C (0x20913C23) sd x9, 0x218(x2)                        Mtrap_sig_sv+8
mem[W,0x0000000080004218] <- 0x00000000800085B8

clint mtime 0x000000000000026F (mip.MTI <- 0b1, mip.STI <- 0b0)
mem[X,0x0000000080001880] -> 0x3403
mem[X,0x0000000080001882] -> 0x1F81
[1246] [M]: 0x0000000080001880 (0x1F813403) ld x8, 0x1f8(x2)                        Mtrap_sig_sv+12
mem[R,0x00000000800041F8] -> 0x0000000080008110
x8 <- 0x0000000080008110

mem[X,0x0000000080001884] -> 0x0333
mem[X,0x0000000080001886] -> 0x4083
[1247] [M]: 0x0000000080001884 (0x40830333) sub x6, x6, x8                          Mtrap_sig_sv+16
x6 <- 0x0000000000000488

clint mtime 0x0000000000000270 (mip.MTI <- 0b1, mip.STI <- 0b0)
mem[X,0x0000000080001888] -> 0x3403
mem[X,0x000000008000188A] -> 0x1F81
[1248] [M]: 0x0000000080001888 (0x1F813403) ld x8, 0x1f8(x2)                        Mtrap_sig_sv+20
mem[R,0x00000000800041F8] -> 0x0000000080008110
x8 <- 0x0000000080008110

mem[X,0x000000008000188C] -> 0x0333
mem[X,0x000000008000188E] -> 0x0083
[1249] [M]: 0x000000008000188C (0x00830333) add x6, x6, x8                          Mtrap_sig_sv+24
x6 <- 0x0000000080008598

clint mtime 0x0000000000000271 (mip.MTI <- 0b1, mip.STI <- 0b0)
mem[X,0x0000000080001890] -> 0x3403
mem[X,0x0000000080001892] -> 0x2401
[1250] [M]: 0x0000000080001890 (0x24013403) ld x8, 0x240(x2)                        Mtrap_sig_sv+28
mem[R,0x0000000080004240] -> 0x0000000080001600
x8 <- 0x0000000080001600

mem[X,0x0000000080001894] -> 0x85B3
mem[X,0x0000000080001896] -> 0x4085
[1251] [M]: 0x0000000080001894 (0x408585B3) sub x11, x11, x8                        sv_Mvect+0
x11 <- 0x000000000000010C

clint mtime 0x0000000000000272 (mip.MTI <- 0b1, mip.STI <- 0b0)
mem[X,0x0000000080001898] -> 0x9593
mem[X,0x000000008000189A] -> 0x0045
[1252] [M]: 0x0000000080001898 (0x00459593) slli x11, x11, 0x4                      sv_Mvect+4
x11 <- 0x00000000000010C0

mem[X,0x000000008000189C] -> 0xE5B3
mem[X,0x000000008000189E] -> 0x0075
[1253] [M]: 0x000000008000189C (0x0075E5B3) or x11, x11, x7                         sv_Mvect+8
x11 <- 0x00000000000010E0

clint mtime 0x0000000000000273 (mip.MTI <- 0b1, mip.STI <- 0b0)
mem[X,0x00000000800018A0] -> 0x8593
mem[X,0x00000000800018A2] -> 0x0035
[1254] [M]: 0x00000000800018A0 (0x00358593) addi x11, x11, 0x3                      sv_Mvect+12
x11 <- 0x00000000000010E3

mem[X,0x00000000800018A4] -> 0x3023
mem[X,0x00000000800018A6] -> 0x00B3
[1255] [M]: 0x00000000800018A4 (0x00B33023) sd x11, 0x0(x6)                         sv_Mvect+16
mem[W,0x0000000080008598] <- 0x00000000000010E3

clint mtime 0x0000000000000274 (mip.MTI <- 0b1, mip.STI <- 0b0)
mem[X,0x00000000800018A8] -> 0x3423
mem[X,0x00000000800018AA] -> 0x00A3
[1256] [M]: 0x00000000800018A8 (0x00A33423) sd x10, 0x8(x6)                         sv_Mcause+0
mem[W,0x00000000800085A0] <- 0x0000000000000002

mem[X,0x00000000800018AC] -> 0x4663
mem[X,0x00000000800018AE] -> 0x1A05
[1257] [M]: 0x00000000800018AC (0x1A054663) blt x10, x0, 0x1ac                      sv_Mcause+4

clint mtime 0x0000000000000275 (mip.MTI <- 0b1, mip.STI <- 0b0)
mem[X,0x00000000800018B0] -> 0x25F3
mem[X,0x00000000800018B2] -> 0x3000
[1258] [M]: 0x00000000800018B0 (0x300025F3) csrrs x11, mstatus, x0                  common_Mexcpt_handler+0
CSR mstatus (0x300) -> 0x0000000A00000800
x11 <- 0x0000000A00000800

mem[X,0x00000000800018B4] -> 0x9413
mem[X,0x00000000800018B6] -> 0x02E5
[1259] [M]: 0x00000000800018B4 (0x02E59413) slli x8, x11, 0x2e                      common_Mexcpt_handler+4
x8 <- 0x0200000000000000

clint mtime 0x0000000000000276 (mip.MTI <- 0b1, mip.STI <- 0b0)
mem[X,0x00000000800018B8] -> 0x5463
mem[X,0x00000000800018BA] -> 0x0004
[1260] [M]: 0x00000000800018B8 (0x00045463) bge x8, x0, 0x8                         common_Mexcpt_handler+8

mem[X,0x00000000800018C0] -> 0xD493
mem[X,0x00000000800018C2] -> 0x00B5
[1261] [M]: 0x00000000800018C0 (0x00B5D493) srli x9, x11, 0xb                       common_Mexcpt_handler+16
x9 <- 0x0000000001400001

clint mtime 0x0000000000000277 (mip.MTI <- 0b1, mip.STI <- 0b0)
mem[X,0x00000000800018C4] -> 0xF493
mem[X,0x00000000800018C6] -> 0x0034
[1262] [M]: 0x00000000800018C4 (0x0034F493) andi x9, x9, 0x3                        common_Mexcpt_handler+20
x9 <- 0x0000000000000001

mem[X,0x00000000800018C8] -> 0x8493
mem[X,0x00000000800018CA] -> 0x0014
[1263] [M]: 0x00000000800018C8 (0x00148493) addi x9, x9, 0x1                        common_Mexcpt_handler+24
x9 <- 0x0000000000000002

clint mtime 0x0000000000000278 (mip.MTI <- 0b1, mip.STI <- 0b0)
mem[X,0x00000000800018CC] -> 0xF493
mem[X,0x00000000800018CE] -> 0x0044
[1264] [M]: 0x00000000800018CC (0x0044F493) andi x9, x9, 0x4                        common_Mexcpt_handler+28
x9 <- 0x0000000000000000

mem[X,0x00000000800018D0] -> 0x0593
mem[X,0x00000000800018D2] -> 0x05D0
[1265] [M]: 0x00000000800018D0 (0x05D00593) addi x11, x0, 0x5d                      common_Mexcpt_handler+32
x11 <- 0x000000000000005D

clint mtime 0x0000000000000279 (mip.MTI <- 0b1, mip.STI <- 0b0)
mem[X,0x00000000800018D4] -> 0xD5B3
mem[X,0x00000000800018D6] -> 0x0095
[1266] [M]: 0x00000000800018D4 (0x0095D5B3) srl x11, x11, x9                        common_Mexcpt_handler+36
x11 <- 0x000000000000005D

mem[X,0x00000000800018D8] -> 0xF593
mem[X,0x00000000800018DA] -> 0x0015
[1267] [M]: 0x00000000800018D8 (0x0015F593) andi x11, x11, 0x1                      common_Mexcpt_handler+40
x11 <- 0x0000000000000001

clint mtime 0x000000000000027A (mip.MTI <- 0b1, mip.STI <- 0b0)
mem[X,0x00000000800018DC] -> 0x8EE3
mem[X,0x00000000800018DE] -> 0xF405
[1268] [M]: 0x00000000800018DC (0xF4058EE3) beq x11, x0, -0xa4                      common_Mexcpt_handler+44

mem[X,0x00000000800018E0] -> 0x0593
mem[X,0x00000000800018E2] -> 0x2980
[1269] [M]: 0x00000000800018E0 (0x29800593) addi x11, x0, 0x298                     common_Mexcpt_handler+48
x11 <- 0x0000000000000298

clint mtime 0x000000000000027B (mip.MTI <- 0b1, mip.STI <- 0b0)
mem[X,0x00000000800018E4] -> 0xF413
mem[X,0x00000000800018E6] -> 0x0014
[1270] [M]: 0x00000000800018E4 (0x0014F413) andi x8, x9, 0x1                        common_Mexcpt_handler+52
x8 <- 0x0000000000000000

mem[X,0x00000000800018E8] -> 0x95B3
mem[X,0x00000000800018EA] -> 0x0085
[1271] [M]: 0x00000000800018E8 (0x008595B3) sll x11, x11, x8                        common_Mexcpt_handler+56
x11 <- 0x0000000000000298

clint mtime 0x000000000000027C (mip.MTI <- 0b1, mip.STI <- 0b0)
mem[X,0x00000000800018EC] -> 0x9413
mem[X,0x00000000800018EE] -> 0x03D4
[1272] [M]: 0x00000000800018EC (0x03D49413) slli x8, x9, 0x3d                       common_Mexcpt_handler+60
x8 <- 0x0000000000000000

mem[X,0x00000000800018F0] -> 0x5413
mem[X,0x00000000800018F2] -> 0x43F4
[1273] [M]: 0x00000000800018F0 (0x43F45413) srai x8, x8, 0x3f                       common_Mexcpt_handler+64
x8 <- 0x0000000000000000

clint mtime 0x000000000000027D (mip.MTI <- 0b1, mip.STI <- 0b0)
mem[X,0x00000000800018F4] -> 0x4413
mem[X,0x00000000800018F6] -> 0xFFF4
[1274] [M]: 0x00000000800018F4 (0xFFF44413) xori x8, x8, -0x1                       common_Mexcpt_handler+68
x8 <- 0xFFFFFFFFFFFFFFFF

mem[X,0x00000000800018F8] -> 0xF4B3
mem[X,0x00000000800018FA] -> 0x0085
[1275] [M]: 0x00000000800018F8 (0x0085F4B3) and x9, x11, x8                         common_Mexcpt_handler+72
x9 <- 0x0000000000000298

clint mtime 0x000000000000027E (mip.MTI <- 0b1, mip.STI <- 0b0)
mem[X,0x00000000800018FC] -> 0x84B3
mem[X,0x00000000800018FE] -> 0x0024
[1276] [M]: 0x00000000800018FC (0x002484B3) add x9, x9, x2                          vmem_adj_Mepc+0
x9 <- 0x0000000080004298

mem[X,0x0000000080001900] -> 0x23F3
mem[X,0x0000000080001902] -> 0x3410
[1277] [M]: 0x0000000080001900 (0x341023F3) csrrs x7, mepc, x0                      vmem_adj_Mepc+4
CSR mepc (0x341) -> 0x0000000180000C64
x7 <- 0x0000000180000C64

clint mtime 0x000000000000027F (mip.MTI <- 0b1, mip.STI <- 0b0)
mem[X,0x0000000080001904] -> 0x0413
mem[X,0x0000000080001906] -> 0x0004
[1278] [M]: 0x0000000080001904 (0x00040413) addi x8, x8, 0x0                        vmem_adj_Mepc+8
x8 <- 0xFFFFFFFFFFFFFFFF

mem[X,0x0000000080001908] -> 0x006F
mem[X,0x000000008000190A] -> 0x0400
[1279] [M]: 0x0000000080001908 (0x0400006F) jal x0, 0x40                            vmem_adj_Mepc+12

clint mtime 0x0000000000000280 (mip.MTI <- 0b1, mip.STI <- 0b0)
mem[X,0x0000000080001948] -> 0x8433
mem[X,0x000000008000194A] -> 0x4083
[1280] [M]: 0x0000000080001948 (0x40838433) sub x8, x7, x8                          adj_Mepc+0
x8 <- 0x0000000180000C65

mem[X,0x000000008000194C] -> 0x3823
mem[X,0x000000008000194E] -> 0x0083
[1281] [M]: 0x000000008000194C (0x00833823) sd x8, 0x10(x6)                         sv_Mepc+0
mem[W,0x00000000800085A8] <- 0x0000000180000C65

clint mtime 0x0000000000000281 (mip.MTI <- 0b1, mip.STI <- 0b0)
mem[X,0x0000000080001950] -> 0x55B7
mem[X,0x0000000080001952] -> 0x0000
[1282] [M]: 0x0000000080001950 (0x000055B7) lui x11, 0x5                            sv_Mepc+4
x11 <- 0x0000000000005000

mem[X,0x0000000080001954] -> 0x8593
mem[X,0x0000000080001956] -> 0x6675
[1283] [M]: 0x0000000080001954 (0x66758593) addi x11, x11, 0x667                    sv_Mepc+8
x11 <- 0x0000000000005667

clint mtime 0x0000000000000282 (mip.MTI <- 0b1, mip.STI <- 0b0)
mem[X,0x0000000080001958] -> 0x9593
mem[X,0x000000008000195A] -> 0x0015
[1284] [M]: 0x0000000080001958 (0x00159593) slli x11, x11, 0x1                      sv_Mepc+12
x11 <- 0x000000000000ACCE

mem[X,0x000000008000195C] -> 0x9063
mem[X,0x000000008000195E] -> 0x02B1
[1285] [M]: 0x000000008000195C (0x02B19063) bne x3, x11, 0x20                       sv_Mepc+16

clint mtime 0x0000000000000283 (mip.MTI <- 0b1, mip.STI <- 0b0)
mem[X,0x0000000080001960] -> 0x2473
mem[X,0x0000000080001962] -> 0x3420
[1286] [M]: 0x0000000080001960 (0x34202473) csrrs x8, mcause, x0                    sv_Mepc+20
CSR mcause (0x342) -> 0x0000000000000002
x8 <- 0x0000000000000002

mem[X,0x0000000080001964] -> 0x0593
mem[X,0x0000000080001966] -> 0x00C0
[1287] [M]: 0x0000000080001964 (0x00C00593) addi x11, x0, 0xc                       sv_Mepc+24
x11 <- 0x000000000000000C

clint mtime 0x0000000000000284 (mip.MTI <- 0b1, mip.STI <- 0b0)
mem[X,0x0000000080001968] -> 0x0663
mem[X,0x000000008000196A] -> 0x00B4
[1288] [M]: 0x0000000080001968 (0x00B40663) beq x8, x11, 0xc                        sv_Mepc+28

mem[X,0x000000008000196C] -> 0x0593
mem[X,0x000000008000196E] -> 0x0010
[1289] [M]: 0x000000008000196C (0x00100593) addi x11, x0, 0x1                       sv_Mepc+32
x11 <- 0x0000000000000001

clint mtime 0x0000000000000285 (mip.MTI <- 0b1, mip.STI <- 0b0)
mem[X,0x0000000080001970] -> 0x1663
mem[X,0x0000000080001972] -> 0x00B4
[1290] [M]: 0x0000000080001970 (0x00B41663) bne x8, x11, 0xc                        sv_Mepc+36

mem[X,0x000000008000197C] -> 0xF593
mem[X,0x000000008000197E] -> 0xFFC3
[1291] [M]: 0x000000008000197C (0xFFC3F593) andi x11, x7, -0x4                      adj_Mepc_rtn+0
x11 <- 0x0000000180000C64

clint mtime 0x0000000000000286 (mip.MTI <- 0b1, mip.STI <- 0b0)
mem[X,0x0000000080001980] -> 0x8593
mem[X,0x0000000080001982] -> 0x0085
[1292] [M]: 0x0000000080001980 (0x00858593) addi x11, x11, 0x8                      adj_Mepc_rtn+4
x11 <- 0x0000000180000C6C

mem[X,0x0000000080001984] -> 0x9073
mem[X,0x0000000080001986] -> 0x3415
[1293] [M]: 0x0000000080001984 (0x34159073) csrrw x0, mepc, x11                     adj_Mepc_rtn+8
CSR mepc (0x341) <- 0x0000000180000C6C

clint mtime 0x0000000000000287 (mip.MTI <- 0b1, mip.STI <- 0b0)
mem[X,0x0000000080001988] -> 0x23F3
mem[X,0x000000008000198A] -> 0x3430
[1294] [M]: 0x0000000080001988 (0x343023F3) csrrs x7, mtval, x0                     skp_adj_Mepc+0
CSR mtval (0x343) -> 0x00000000341494F3
x7 <- 0x00000000341494F3

mem[X,0x000000008000198C] -> 0x0413
mem[X,0x000000008000198E] -> 0x0004
[1295] [M]: 0x000000008000198C (0x00040413) addi x8, x8, 0x0                        skp_adj_Mepc+4
x8 <- 0x0000000000000002

clint mtime 0x0000000000000288 (mip.MTI <- 0b1, mip.STI <- 0b0)
mem[X,0x0000000080001990] -> 0x006F
mem[X,0x0000000080001992] -> 0x0840
[1296] [M]: 0x0000000080001990 (0x0840006F) jal x0, 0x84                            skp_adj_Mepc+8

mem[X,0x0000000080001A14] -> 0x8433
mem[X,0x0000000080001A16] -> 0x4083
[1297] [M]: 0x0000000080001A14 (0x40838433) sub x8, x7, x8                          adj_Mtval+0
x8 <- 0x00000000341494F1

clint mtime 0x0000000000000289 (mip.MTI <- 0b1, mip.STI <- 0b0)
mem[X,0x0000000080001A18] -> 0x3C23
mem[X,0x0000000080001A1A] -> 0x0083
[1298] [M]: 0x0000000080001A18 (0x00833C23) sd x8, 0x18(x6)                         sv_Mtval+0
mem[W,0x00000000800085B0] <- 0x00000000341494F1

mem[X,0x0000000080001A1C] -> 0x3483
mem[X,0x0000000080001A1E] -> 0x2181
[1299] [M]: 0x0000000080001A1C (0x21813483) ld x9, 0x218(x2)                        skp_Mtval+0
mem[R,0x0000000080004218] -> 0x00000000800085B8
x9 <- 0x00000000800085B8

clint mtime 0x000000000000028A (mip.MTI <- 0b1, mip.STI <- 0b0)
mem[X,0x0000000080001A20] -> 0x3383
mem[X,0x0000000080001A22] -> 0x1F81
[1300] [M]: 0x0000000080001A20 (0x1F813383) ld x7, 0x1f8(x2)                        skp_Mtval+4
mem[R,0x00000000800041F8] -> 0x0000000080008110
x7 <- 0x0000000080008110

mem[X,0x0000000080001A24] -> 0x3303
mem[X,0x0000000080001A26] -> 0x2001
[1301] [M]: 0x0000000080001A24 (0x20013303) ld x6, 0x200(x2)                        skp_Mtval+8
mem[R,0x0000000080004200] -> 0x0000000000000810
x6 <- 0x0000000000000810

clint mtime 0x000000000000028B (mip.MTI <- 0b1, mip.STI <- 0b0)
mem[X,0x0000000080001A28] -> 0x0333
mem[X,0x0000000080001A2A] -> 0x0073
[1302] [M]: 0x0000000080001A28 (0x00730333) add x6, x6, x7                          skp_Mtval+12
x6 <- 0x0000000080008920

mem[X,0x0000000080001A2C] -> 0x6AE3
mem[X,0x0000000080001A2E] -> 0xAC93
[1303] [M]: 0x0000000080001A2C (0xAC936AE3) bltu x6, x9, -0x52c                     skp_Mtval+16

clint mtime 0x000000000000028C (mip.MTI <- 0b1, mip.STI <- 0b0)
mem[X,0x0000000080001A30] -> 0x0393
mem[X,0x0000000080001A32] -> 0x2000
[1304] [M]: 0x0000000080001A30 (0x20000393) addi x7, x0, 0x200                      skp_Mtval+20
x7 <- 0x0000000000000200

mem[X,0x0000000080001A34] -> 0x006F
mem[X,0x0000000080001A36] -> 0x0400
[1305] [M]: 0x0000000080001A34 (0x0400006F) jal x0, 0x40                            skp_Mtval+24

clint mtime 0x000000000000028D (mip.MTI <- 0b1, mip.STI <- 0b0)
mem[X,0x0000000080001A74] -> 0x0417
mem[X,0x0000000080001A76] -> 0x0000
[1306] [M]: 0x0000000080001A74 (0x00000417) auipc x8, 0x0                           spcl_Mhandler+0
x8 <- 0x0000000080001A74

mem[X,0x0000000080001A78] -> 0x0413
mem[X,0x0000000080001A7A] -> 0x03C4
[1307] [M]: 0x0000000080001A78 (0x03C40413) addi x8, x8, 0x3c                       spcl_Mhandler+4
x8 <- 0x0000000080001AB0

clint mtime 0x000000000000028E (mip.MTI <- 0b1, mip.STI <- 0b0)
mem[X,0x0000000080001A7C] -> 0x0433
mem[X,0x0000000080001A7E] -> 0x0074
[1308] [M]: 0x0000000080001A7C (0x00740433) add x8, x8, x7                          spcl_Mhandler+8
x8 <- 0x0000000080001CB0

mem[X,0x0000000080001A80] -> 0x1393
mem[X,0x0000000080001A82] -> 0x0035
[1309] [M]: 0x0000000080001A80 (0x00351393) slli x7, x10, 0x3                       spcl_Mhandler+12
x7 <- 0x0000000000000010

clint mtime 0x000000000000028F (mip.MTI <- 0b1, mip.STI <- 0b0)
mem[X,0x0000000080001A84] -> 0x0433
mem[X,0x0000000080001A86] -> 0x0074
[1310] [M]: 0x0000000080001A84 (0x00740433) add x8, x8, x7                          spcl_Mhandler+16
x8 <- 0x0000000080001CC0

mem[X,0x0000000080001A88] -> 0x7413
mem[X,0x0000000080001A8A] -> 0xFF84
[1311] [M]: 0x0000000080001A88 (0xFF847413) andi x8, x8, -0x8                       spcl_Mhandler+20
x8 <- 0x0000000080001CC0

clint mtime 0x0000000000000290 (mip.MTI <- 0b1, mip.STI <- 0b0)
mem[X,0x0000000080001A8C] -> 0x3403
mem[X,0x0000000080001A8E] -> 0x0004
[1312] [M]: 0x0000000080001A8C (0x00043403) ld x8, 0x0(x8)                          spcl_Mhandler+24
mem[R,0x0000000080001CC0] -> 0x0000000000000005
x8 <- 0x0000000000000005

mem[X,0x0000000080001A90] -> 0x02E3
mem[X,0x0000000080001A92] -> 0xB004
[1313] [M]: 0x0000000080001A90 (0xB00402E3) beq x8, x0, -0x4fc                      spcl_Mdispatch_hndling+0

clint mtime 0x0000000000000291 (mip.MTI <- 0b1, mip.STI <- 0b0)
mem[X,0x0000000080001A94] -> 0x1393
mem[X,0x0000000080001A96] -> 0x03F4
[1314] [M]: 0x0000000080001A94 (0x03F41393) slli x7, x8, 0x3f                       spcl_Mdispatch_hndling+4
x7 <- 0x8000000000000000

mem[X,0x0000000080001A98] -> 0xD863
mem[X,0x0000000080001A9A] -> 0x0003
[1315] [M]: 0x0000000080001A98 (0x0003D863) bge x7, x0, 0x10                        spcl_Mdispatch_hndling+8

clint mtime 0x0000000000000292 (mip.MTI <- 0b1, mip.STI <- 0b0)
mem[X,0x0000000080001A9C] -> 0x5413
mem[X,0x0000000080001A9E] -> 0x0014
[1316] [M]: 0x0000000080001A9C (0x00145413) srli x8, x8, 0x1                        spcl_Mdispatch_hndling+12
x8 <- 0x0000000000000002

mem[X,0x0000000080001AA0] -> 0x0CE3
mem[X,0x0000000080001AA2] -> 0xF885
[1317] [M]: 0x0000000080001AA0 (0xF8850CE3) beq x10, x8, -0x68                      spcl_Mdispatch_hndling+16

clint mtime 0x0000000000000293 (mip.MTI <- 0b1, mip.STI <- 0b0)
mem[X,0x0000000080001A38] -> 0x3303
mem[X,0x0000000080001A3A] -> 0x2601
[1318] [M]: 0x0000000080001A38 (0x26013303) ld x6, 0x260(x2)                        resto_Mrtn+0
mem[R,0x0000000080004260] -> 0xFFFFFFFF7FFFF46C
x6 <- 0xFFFFFFFF7FFFF46C

mem[X,0x0000000080001A3C] -> 0x3383
mem[X,0x0000000080001A3E] -> 0x2681
[1319] [M]: 0x0000000080001A3C (0x26813383) ld x7, 0x268(x2)                        resto_Mrtn+4
mem[R,0x0000000080004268] -> 0x0000000080004000
x7 <- 0x0000000080004000

clint mtime 0x0000000000000294 (mip.MTI <- 0b1, mip.STI <- 0b0)
mem[X,0x0000000080001A40] -> 0x3403
mem[X,0x0000000080001A42] -> 0x2701
[1320] [M]: 0x0000000080001A40 (0x27013403) ld x8, 0x270(x2)                        resto_Mrtn+8
mem[R,0x0000000080004270] -> 0x0000000000007F76
x8 <- 0x0000000000007F76

mem[X,0x0000000080001A44] -> 0x3483
mem[X,0x0000000080001A46] -> 0x2781
[1321] [M]: 0x0000000080001A44 (0x27813483) ld x9, 0x278(x2)                        resto_Mrtn+12
mem[R,0x0000000080004278] -> 0x00000001000000C8
x9 <- 0x00000001000000C8

clint mtime 0x0000000000000295 (mip.MTI <- 0b1, mip.STI <- 0b0)
mem[X,0x0000000080001A48] -> 0x3503
mem[X,0x0000000080001A4A] -> 0x2801
[1322] [M]: 0x0000000080001A48 (0x28013503) ld x10, 0x280(x2)                       resto_Mrtn+16
mem[R,0x0000000080004280] -> 0x00000000200000C5
x10 <- 0x00000000200000C5

mem[X,0x0000000080001A4C] -> 0x3583
mem[X,0x0000000080001A4E] -> 0x2881
[1323] [M]: 0x0000000080001A4C (0x28813583) ld x11, 0x288(x2)                       resto_Mrtn+20
mem[R,0x0000000080004288] -> 0x00000000000000C5
x11 <- 0x00000000000000C5

clint mtime 0x0000000000000296 (mip.MTI <- 0b1, mip.STI <- 0b0)
mem[X,0x0000000080001A50] -> 0x3103
mem[X,0x0000000080001A52] -> 0x2901
[1324] [M]: 0x0000000080001A50 (0x29013103) ld x2, 0x290(x2)                        resto_Mrtn+24
mem[R,0x0000000080004290] -> 0x0000000000000000
x2 <- 0x0000000000000000

mem[X,0x0000000080001A54] -> 0x0073
mem[X,0x0000000080001A56] -> 0x3020
[1325] [M]: 0x0000000080001A54 (0x30200073) mret                                    resto_Mrtn+28
CSR mstatus (0x300) <- 0x0000000A00000080
ret-ing from M to S

clint mtime 0x0000000000000297 (mip.MTI <- 0b1, mip.STI <- 0b0)
mem[X,0x0000000080000C6C] -> 0x07B7
mem[X,0x0000000080000C6E] -> 0x5000
[1326] [S]: 0x0000000180000C6C (0x500007B7) lui x15, 0x50000                        va_rvtest_code_begin+1168
x15 <- 0x0000000050000000

mem[X,0x0000000080000C70] -> 0x8793
mem[X,0x0000000080000C72] -> 0x1017
[1327] [S]: 0x0000000180000C70 (0x10178793) addi x15, x15, 0x101                    va_rvtest_code_begin+1172
x15 <- 0x0000000050000101

clint mtime 0x0000000000000298 (mip.MTI <- 0b1, mip.STI <- 0b0)
mem[X,0x0000000080000C74] -> 0x9793
mem[X,0x0000000080000C76] -> 0x0027
[1328] [S]: 0x0000000180000C74 (0x00279793) slli x15, x15, 0x2                      va_rvtest_code_begin+1176
x15 <- 0x0000000140000404

mem[X,0x0000000080000C78] -> 0x0613
mem[X,0x0000000080000C7A] -> 0x0106
[1329] [S]: 0x0000000180000C78 (0x01060613) addi x12, x12, 0x10                     va_rvtest_code_begin+1180
x12 <- 0x0000000000000020

clint mtime 0x0000000000000299 (mip.MTI <- 0b1, mip.STI <- 0b0)
mem[X,0x0000000080000C7C] -> 0xAA23
mem[X,0x0000000080000C7E] -> 0x00C7
[1330] [S]: 0x0000000180000C7C (0x00C7AA23) sw x12, 0x14(x15)                       va_rvtest_code_begin+1184
PTW: Start, vpn=0x140000, access_type=W, privilege=Smem[R,0x0000000080007028] -> 0x00000000200000C5
PTW: Step, level=2, pte=0x200000C5, pte_addr=0x80007028
PTW: failed, error=invalid-pte, level=2, pte_addr=0x80007028
trapping from S to M to handle store/amo-page-fault
handling exc#store/amo-page-fault at priv M with tval 0x0000000140000418
CSR mstatus (0x300) <- 0x0000000A00000800
CSR mcause (0x342) <- 0x000000000000000F
CSR mtval (0x343) <- 0x0000000140000418
CSR mepc (0x341) <- 0x0000000180000C7C

mem[X,0x0000000080001600] -> 0x006F
mem[X,0x0000000080001602] -> 0x1000
[1331] [M]: 0x0000000080001600 (0x1000006F) jal x0, 0x100                           Mtrampoline+0

clint mtime 0x000000000000029A (mip.MTI <- 0b1, mip.STI <- 0b0)
mem[X,0x0000000080001700] -> 0x1173
mem[X,0x0000000080001702] -> 0x3401
[1332] [M]: 0x0000000080001700 (0x34011173) csrrw x2, mscratch, x2                  trap_Mhandler+0
CSR mscratch (0x340) <- 0x0000000000000000
x2 <- 0x0000000080004000

mem[X,0x0000000080001704] -> 0x3423
mem[X,0x0000000080001706] -> 0x28B1
[1333] [M]: 0x0000000080001704 (0x28B13423) sd x11, 0x288(x2)                       trap_Mhandler+4
mem[W,0x0000000080004288] <- 0x00000000000000C5

clint mtime 0x000000000000029B (mip.MTI <- 0b1, mip.STI <- 0b0)
mem[X,0x0000000080001708] -> 0x05EF
mem[X,0x000000008000170A] -> 0x0B80
[1334] [M]: 0x0000000080001708 (0x0B8005EF) jal x11, 0xb8                           trap_Mhandler+8
x11 <- 0x000000008000170C

mem[X,0x00000000800017C0] -> 0x3023
mem[X,0x00000000800017C2] -> 0x28A1
[1335] [M]: 0x00000000800017C0 (0x28A13023) sd x10, 0x280(x2)                       common_Mhandler+0
mem[W,0x0000000080004280] <- 0x00000000200000C5

clint mtime 0x000000000000029C (mip.MTI <- 0b1, mip.STI <- 0b0)
mem[X,0x00000000800017C4] -> 0x1573
mem[X,0x00000000800017C6] -> 0x3401
[1336] [M]: 0x00000000800017C4 (0x34011573) csrrw x10, mscratch, x2                 common_Mhandler+4
CSR mscratch (0x340) <- 0x0000000080004000
x10 <- 0x0000000000000000

mem[X,0x00000000800017C8] -> 0x3823
mem[X,0x00000000800017CA] -> 0x28A1
[1337] [M]: 0x00000000800017C8 (0x28A13823) sd x10, 0x290(x2)                       common_Mhandler+8
mem[W,0x0000000080004290] <- 0x0000000000000000

clint mtime 0x000000000000029D (mip.MTI <- 0b1, mip.STI <- 0b0)
mem[X,0x00000000800017CC] -> 0x3503
mem[X,0x00000000800017CE] -> 0x2301
[1338] [M]: 0x00000000800017CC (0x23013503) ld x10, 0x230(x2)                       common_Mhandler+12
mem[R,0x0000000080004230] -> 0x00000000800017D4
x10 <- 0x00000000800017D4

mem[X,0x00000000800017D0] -> 0x0067
mem[X,0x00000000800017D2] -> 0x0005
[1339] [M]: 0x00000000800017D0 (0x00050067) jalr x0, 0x0(x10)                       common_Mhandler+16

clint mtime 0x000000000000029E (mip.MTI <- 0b1, mip.STI <- 0b0)
mem[X,0x00000000800017D4] -> 0x3C23
mem[X,0x00000000800017D6] -> 0x2691
[1340] [M]: 0x00000000800017D4 (0x26913C23) sd x9, 0x278(x2)                        common_Mentry+0
mem[W,0x0000000080004278] <- 0x00000001000000C8

mem[X,0x00000000800017D8] -> 0x3823
mem[X,0x00000000800017DA] -> 0x2681
[1341] [M]: 0x00000000800017D8 (0x26813823) sd x8, 0x270(x2)                        common_Mentry+4
mem[W,0x0000000080004270] <- 0x0000000000007F76

clint mtime 0x000000000000029F (mip.MTI <- 0b1, mip.STI <- 0b0)
mem[X,0x00000000800017DC] -> 0x3423
mem[X,0x00000000800017DE] -> 0x2671
[1342] [M]: 0x00000000800017DC (0x26713423) sd x7, 0x268(x2)                        common_Mentry+8
mem[W,0x0000000080004268] <- 0x0000000080004000

mem[X,0x00000000800017E0] -> 0x3023
mem[X,0x00000000800017E2] -> 0x2661
[1343] [M]: 0x00000000800017E0 (0x26613023) sd x6, 0x260(x2)                        common_Mentry+12
mem[W,0x0000000080004260] <- 0xFFFFFFFF7FFFF46C

clint mtime 0x00000000000002A0 (mip.MTI <- 0b1, mip.STI <- 0b0)
mem[X,0x00000000800017E4] -> 0x2573
mem[X,0x00000000800017E6] -> 0x3420
[1344] [M]: 0x00000000800017E4 (0x34202573) csrrs x10, mcause, x0                   spcl_M2mmode_test+0
CSR mcause (0x342) -> 0x000000000000000F
x10 <- 0x000000000000000F

mem[X,0x00000000800017E8] -> 0x04B7
mem[X,0x00000000800017EA] -> 0x8000
[1345] [M]: 0x00000000800017E8 (0x800004B7) lui x9, -0x80000                        spcl_M2mmode_test+4
x9 <- 0xFFFFFFFF80000000

clint mtime 0x00000000000002A1 (mip.MTI <- 0b1, mip.STI <- 0b0)
mem[X,0x00000000800017EC] -> 0x8493
mem[X,0x00000000800017EE] -> 0x0004
[1346] [M]: 0x00000000800017EC (0x00048493) addi x9, x9, 0x0                        spcl_M2mmode_test+8
x9 <- 0xFFFFFFFF80000000

mem[X,0x00000000800017F0] -> 0x9493
mem[X,0x00000000800017F2] -> 0x00B4
[1347] [M]: 0x00000000800017F0 (0x00B49493) slli x9, x9, 0xb                        spcl_M2mmode_test+12
x9 <- 0xFFFFFC0000000000

clint mtime 0x00000000000002A2 (mip.MTI <- 0b1, mip.STI <- 0b0)
mem[X,0x00000000800017F4] -> 0x8493
mem[X,0x00000000800017F6] -> 0x0004
[1348] [M]: 0x00000000800017F4 (0x00048493) addi x9, x9, 0x0                        spcl_M2mmode_test+16
x9 <- 0xFFFFFC0000000000

mem[X,0x00000000800017F8] -> 0x9493
mem[X,0x00000000800017FA] -> 0x00B4
[1349] [M]: 0x00000000800017F8 (0x00B49493) slli x9, x9, 0xb                        spcl_M2mmode_test+20
x9 <- 0xFFE0000000000000

clint mtime 0x00000000000002A3 (mip.MTI <- 0b1, mip.STI <- 0b0)
mem[X,0x00000000800017FC] -> 0x8493
mem[X,0x00000000800017FE] -> 0x0034
[1350] [M]: 0x00000000800017FC (0x00348493) addi x9, x9, 0x3                        spcl_M2mmode_test+24
x9 <- 0xFFE0000000000003

mem[X,0x0000000080001800] -> 0x9493
mem[X,0x0000000080001802] -> 0x00A4
[1351] [M]: 0x0000000080001800 (0x00A49493) slli x9, x9, 0xa                        spcl_M2mmode_test+28
x9 <- 0x8000000000000C00

clint mtime 0x00000000000002A4 (mip.MTI <- 0b1, mip.STI <- 0b0)
mem[X,0x0000000080001804] -> 0x8493
mem[X,0x0000000080001806] -> 0x3FC4
[1352] [M]: 0x0000000080001804 (0x3FC48493) addi x9, x9, 0x3fc                      spcl_M2mmode_test+32
x9 <- 0x8000000000000FFC

mem[X,0x0000000080001808] -> 0xF4B3
mem[X,0x000000008000180A] -> 0x00A4
[1353] [M]: 0x0000000080001808 (0x00A4F4B3) and x9, x9, x10                         spcl_M2mmode_test+36
x9 <- 0x000000000000000C

clint mtime 0x00000000000002A5 (mip.MTI <- 0b1, mip.STI <- 0b0)
mem[X,0x000000008000180C] -> 0x8493
mem[X,0x000000008000180E] -> 0xFF84
[1354] [M]: 0x000000008000180C (0xFF848493) addi x9, x9, -0x8                       spcl_M2mmode_test+40
x9 <- 0x0000000000000004

mem[X,0x0000000080001810] -> 0x9663
mem[X,0x0000000080001812] -> 0x0004
[1355] [M]: 0x0000000080001810 (0x00049663) bne x9, x0, 0xc                         spcl_M2mmode_test+44

clint mtime 0x00000000000002A6 (mip.MTI <- 0b1, mip.STI <- 0b0)
mem[X,0x000000008000181C] -> 0x0393
mem[X,0x000000008000181E] -> 0x0200
[1356] [M]: 0x000000008000181C (0x02000393) addi x7, x0, 0x20                       Mtrapsig_ptr_upd+0
x7 <- 0x0000000000000020

mem[X,0x0000000080001820] -> 0x5263
mem[X,0x0000000080001822] -> 0x0405
[1357] [M]: 0x0000000080001820 (0x04055263) bge x10, x0, 0x44                       Mtrapsig_ptr_upd+4

clint mtime 0x00000000000002A7 (mip.MTI <- 0b1, mip.STI <- 0b0)
mem[X,0x0000000080001864] -> 0x2373
mem[X,0x0000000080001866] -> 0x3010
[1358] [M]: 0x0000000080001864 (0x30102373) csrrs x6, misa, x0                      Mxcpt_sig_sv+0
CSR misa (0x301) -> 0x800000000034112F
x6 <- 0x800000000034112F

mem[X,0x0000000080001868] -> 0x1313
mem[X,0x000000008000186A] -> 0x0383
[1359] [M]: 0x0000000080001868 (0x03831313) slli x6, x6, 0x38                       Mxcpt_sig_sv+4
x6 <- 0x2F00000000000000

clint mtime 0x00000000000002A8 (mip.MTI <- 0b1, mip.STI <- 0b0)
mem[X,0x000000008000186C] -> 0x5463
mem[X,0x000000008000186E] -> 0x0003
[1360] [M]: 0x000000008000186C (0x00035463) bge x6, x0, 0x8                         Mxcpt_sig_sv+8

mem[X,0x0000000080001874] -> 0x3303
mem[X,0x0000000080001876] -> 0x2181
[1361] [M]: 0x0000000080001874 (0x21813303) ld x6, 0x218(x2)                        Mtrap_sig_sv+0
mem[R,0x0000000080004218] -> 0x00000000800085B8
x6 <- 0x00000000800085B8

clint mtime 0x00000000000002A9 (mip.MTI <- 0b1, mip.STI <- 0b0)
mem[X,0x0000000080001878] -> 0x04B3
mem[X,0x000000008000187A] -> 0x0073
[1362] [M]: 0x0000000080001878 (0x007304B3) add x9, x6, x7                          Mtrap_sig_sv+4
x9 <- 0x00000000800085D8

mem[X,0x000000008000187C] -> 0x3C23
mem[X,0x000000008000187E] -> 0x2091
[1363] [M]: 0x000000008000187C (0x20913C23) sd x9, 0x218(x2)                        Mtrap_sig_sv+8
mem[W,0x0000000080004218] <- 0x00000000800085D8

clint mtime 0x00000000000002AA (mip.MTI <- 0b1, mip.STI <- 0b0)
mem[X,0x0000000080001880] -> 0x3403
mem[X,0x0000000080001882] -> 0x1F81
[1364] [M]: 0x0000000080001880 (0x1F813403) ld x8, 0x1f8(x2)                        Mtrap_sig_sv+12
mem[R,0x00000000800041F8] -> 0x0000000080008110
x8 <- 0x0000000080008110

mem[X,0x0000000080001884] -> 0x0333
mem[X,0x0000000080001886] -> 0x4083
[1365] [M]: 0x0000000080001884 (0x40830333) sub x6, x6, x8                          Mtrap_sig_sv+16
x6 <- 0x00000000000004A8

clint mtime 0x00000000000002AB (mip.MTI <- 0b1, mip.STI <- 0b0)
mem[X,0x0000000080001888] -> 0x3403
mem[X,0x000000008000188A] -> 0x1F81
[1366] [M]: 0x0000000080001888 (0x1F813403) ld x8, 0x1f8(x2)                        Mtrap_sig_sv+20
mem[R,0x00000000800041F8] -> 0x0000000080008110
x8 <- 0x0000000080008110

mem[X,0x000000008000188C] -> 0x0333
mem[X,0x000000008000188E] -> 0x0083
[1367] [M]: 0x000000008000188C (0x00830333) add x6, x6, x8                          Mtrap_sig_sv+24
x6 <- 0x00000000800085B8

clint mtime 0x00000000000002AC (mip.MTI <- 0b1, mip.STI <- 0b0)
mem[X,0x0000000080001890] -> 0x3403
mem[X,0x0000000080001892] -> 0x2401
[1368] [M]: 0x0000000080001890 (0x24013403) ld x8, 0x240(x2)                        Mtrap_sig_sv+28
mem[R,0x0000000080004240] -> 0x0000000080001600
x8 <- 0x0000000080001600

mem[X,0x0000000080001894] -> 0x85B3
mem[X,0x0000000080001896] -> 0x4085
[1369] [M]: 0x0000000080001894 (0x408585B3) sub x11, x11, x8                        sv_Mvect+0
x11 <- 0x000000000000010C

clint mtime 0x00000000000002AD (mip.MTI <- 0b1, mip.STI <- 0b0)
mem[X,0x0000000080001898] -> 0x9593
mem[X,0x000000008000189A] -> 0x0045
[1370] [M]: 0x0000000080001898 (0x00459593) slli x11, x11, 0x4                      sv_Mvect+4
x11 <- 0x00000000000010C0

mem[X,0x000000008000189C] -> 0xE5B3
mem[X,0x000000008000189E] -> 0x0075
[1371] [M]: 0x000000008000189C (0x0075E5B3) or x11, x11, x7                         sv_Mvect+8
x11 <- 0x00000000000010E0

clint mtime 0x00000000000002AE (mip.MTI <- 0b1, mip.STI <- 0b0)
mem[X,0x00000000800018A0] -> 0x8593
mem[X,0x00000000800018A2] -> 0x0035
[1372] [M]: 0x00000000800018A0 (0x00358593) addi x11, x11, 0x3                      sv_Mvect+12
x11 <- 0x00000000000010E3

mem[X,0x00000000800018A4] -> 0x3023
mem[X,0x00000000800018A6] -> 0x00B3
[1373] [M]: 0x00000000800018A4 (0x00B33023) sd x11, 0x0(x6)                         sv_Mvect+16
mem[W,0x00000000800085B8] <- 0x00000000000010E3

clint mtime 0x00000000000002AF (mip.MTI <- 0b1, mip.STI <- 0b0)
mem[X,0x00000000800018A8] -> 0x3423
mem[X,0x00000000800018AA] -> 0x00A3
[1374] [M]: 0x00000000800018A8 (0x00A33423) sd x10, 0x8(x6)                         sv_Mcause+0
mem[W,0x00000000800085C0] <- 0x000000000000000F

mem[X,0x00000000800018AC] -> 0x4663
mem[X,0x00000000800018AE] -> 0x1A05
[1375] [M]: 0x00000000800018AC (0x1A054663) blt x10, x0, 0x1ac                      sv_Mcause+4

clint mtime 0x00000000000002B0 (mip.MTI <- 0b1, mip.STI <- 0b0)
mem[X,0x00000000800018B0] -> 0x25F3
mem[X,0x00000000800018B2] -> 0x3000
[1376] [M]: 0x00000000800018B0 (0x300025F3) csrrs x11, mstatus, x0                  common_Mexcpt_handler+0
CSR mstatus (0x300) -> 0x0000000A00000800
x11 <- 0x0000000A00000800

mem[X,0x00000000800018B4] -> 0x9413
mem[X,0x00000000800018B6] -> 0x02E5
[1377] [M]: 0x00000000800018B4 (0x02E59413) slli x8, x11, 0x2e                      common_Mexcpt_handler+4
x8 <- 0x0200000000000000

clint mtime 0x00000000000002B1 (mip.MTI <- 0b1, mip.STI <- 0b0)
mem[X,0x00000000800018B8] -> 0x5463
mem[X,0x00000000800018BA] -> 0x0004
[1378] [M]: 0x00000000800018B8 (0x00045463) bge x8, x0, 0x8                         common_Mexcpt_handler+8

mem[X,0x00000000800018C0] -> 0xD493
mem[X,0x00000000800018C2] -> 0x00B5
[1379] [M]: 0x00000000800018C0 (0x00B5D493) srli x9, x11, 0xb                       common_Mexcpt_handler+16
x9 <- 0x0000000001400001

clint mtime 0x00000000000002B2 (mip.MTI <- 0b1, mip.STI <- 0b0)
mem[X,0x00000000800018C4] -> 0xF493
mem[X,0x00000000800018C6] -> 0x0034
[1380] [M]: 0x00000000800018C4 (0x0034F493) andi x9, x9, 0x3                        common_Mexcpt_handler+20
x9 <- 0x0000000000000001

mem[X,0x00000000800018C8] -> 0x8493
mem[X,0x00000000800018CA] -> 0x0014
[1381] [M]: 0x00000000800018C8 (0x00148493) addi x9, x9, 0x1                        common_Mexcpt_handler+24
x9 <- 0x0000000000000002

clint mtime 0x00000000000002B3 (mip.MTI <- 0b1, mip.STI <- 0b0)
mem[X,0x00000000800018CC] -> 0xF493
mem[X,0x00000000800018CE] -> 0x0044
[1382] [M]: 0x00000000800018CC (0x0044F493) andi x9, x9, 0x4                        common_Mexcpt_handler+28
x9 <- 0x0000000000000000

mem[X,0x00000000800018D0] -> 0x0593
mem[X,0x00000000800018D2] -> 0x05D0
[1383] [M]: 0x00000000800018D0 (0x05D00593) addi x11, x0, 0x5d                      common_Mexcpt_handler+32
x11 <- 0x000000000000005D

clint mtime 0x00000000000002B4 (mip.MTI <- 0b1, mip.STI <- 0b0)
mem[X,0x00000000800018D4] -> 0xD5B3
mem[X,0x00000000800018D6] -> 0x0095
[1384] [M]: 0x00000000800018D4 (0x0095D5B3) srl x11, x11, x9                        common_Mexcpt_handler+36
x11 <- 0x000000000000005D

mem[X,0x00000000800018D8] -> 0xF593
mem[X,0x00000000800018DA] -> 0x0015
[1385] [M]: 0x00000000800018D8 (0x0015F593) andi x11, x11, 0x1                      common_Mexcpt_handler+40
x11 <- 0x0000000000000001

clint mtime 0x00000000000002B5 (mip.MTI <- 0b1, mip.STI <- 0b0)
mem[X,0x00000000800018DC] -> 0x8EE3
mem[X,0x00000000800018DE] -> 0xF405
[1386] [M]: 0x00000000800018DC (0xF4058EE3) beq x11, x0, -0xa4                      common_Mexcpt_handler+44

mem[X,0x00000000800018E0] -> 0x0593
mem[X,0x00000000800018E2] -> 0x2980
[1387] [M]: 0x00000000800018E0 (0x29800593) addi x11, x0, 0x298                     common_Mexcpt_handler+48
x11 <- 0x0000000000000298

clint mtime 0x00000000000002B6 (mip.MTI <- 0b1, mip.STI <- 0b0)
mem[X,0x00000000800018E4] -> 0xF413
mem[X,0x00000000800018E6] -> 0x0014
[1388] [M]: 0x00000000800018E4 (0x0014F413) andi x8, x9, 0x1                        common_Mexcpt_handler+52
x8 <- 0x0000000000000000

mem[X,0x00000000800018E8] -> 0x95B3
mem[X,0x00000000800018EA] -> 0x0085
[1389] [M]: 0x00000000800018E8 (0x008595B3) sll x11, x11, x8                        common_Mexcpt_handler+56
x11 <- 0x0000000000000298

clint mtime 0x00000000000002B7 (mip.MTI <- 0b1, mip.STI <- 0b0)
mem[X,0x00000000800018EC] -> 0x9413
mem[X,0x00000000800018EE] -> 0x03D4
[1390] [M]: 0x00000000800018EC (0x03D49413) slli x8, x9, 0x3d                       common_Mexcpt_handler+60
x8 <- 0x0000000000000000

mem[X,0x00000000800018F0] -> 0x5413
mem[X,0x00000000800018F2] -> 0x43F4
[1391] [M]: 0x00000000800018F0 (0x43F45413) srai x8, x8, 0x3f                       common_Mexcpt_handler+64
x8 <- 0x0000000000000000

clint mtime 0x00000000000002B8 (mip.MTI <- 0b1, mip.STI <- 0b0)
mem[X,0x00000000800018F4] -> 0x4413
mem[X,0x00000000800018F6] -> 0xFFF4
[1392] [M]: 0x00000000800018F4 (0xFFF44413) xori x8, x8, -0x1                       common_Mexcpt_handler+68
x8 <- 0xFFFFFFFFFFFFFFFF

mem[X,0x00000000800018F8] -> 0xF4B3
mem[X,0x00000000800018FA] -> 0x0085
[1393] [M]: 0x00000000800018F8 (0x0085F4B3) and x9, x11, x8                         common_Mexcpt_handler+72
x9 <- 0x0000000000000298

clint mtime 0x00000000000002B9 (mip.MTI <- 0b1, mip.STI <- 0b0)
mem[X,0x00000000800018FC] -> 0x84B3
mem[X,0x00000000800018FE] -> 0x0024
[1394] [M]: 0x00000000800018FC (0x002484B3) add x9, x9, x2                          vmem_adj_Mepc+0
x9 <- 0x0000000080004298

mem[X,0x0000000080001900] -> 0x23F3
mem[X,0x0000000080001902] -> 0x3410
[1395] [M]: 0x0000000080001900 (0x341023F3) csrrs x7, mepc, x0                      vmem_adj_Mepc+4
CSR mepc (0x341) -> 0x0000000180000C7C
x7 <- 0x0000000180000C7C

clint mtime 0x00000000000002BA (mip.MTI <- 0b1, mip.STI <- 0b0)
mem[X,0x0000000080001904] -> 0x0413
mem[X,0x0000000080001906] -> 0x0004
[1396] [M]: 0x0000000080001904 (0x00040413) addi x8, x8, 0x0                        vmem_adj_Mepc+8
x8 <- 0xFFFFFFFFFFFFFFFF

mem[X,0x0000000080001908] -> 0x006F
mem[X,0x000000008000190A] -> 0x0400
[1397] [M]: 0x0000000080001908 (0x0400006F) jal x0, 0x40                            vmem_adj_Mepc+12

clint mtime 0x00000000000002BB (mip.MTI <- 0b1, mip.STI <- 0b0)
mem[X,0x0000000080001948] -> 0x8433
mem[X,0x000000008000194A] -> 0x4083
[1398] [M]: 0x0000000080001948 (0x40838433) sub x8, x7, x8                          adj_Mepc+0
x8 <- 0x0000000180000C7D

mem[X,0x000000008000194C] -> 0x3823
mem[X,0x000000008000194E] -> 0x0083
[1399] [M]: 0x000000008000194C (0x00833823) sd x8, 0x10(x6)                         sv_Mepc+0
mem[W,0x00000000800085C8] <- 0x0000000180000C7D

clint mtime 0x00000000000002BC (mip.MTI <- 0b1, mip.STI <- 0b0)
mem[X,0x0000000080001950] -> 0x55B7
mem[X,0x0000000080001952] -> 0x0000
[1400] [M]: 0x0000000080001950 (0x000055B7) lui x11, 0x5                            sv_Mepc+4
x11 <- 0x0000000000005000

mem[X,0x0000000080001954] -> 0x8593
mem[X,0x0000000080001956] -> 0x6675
[1401] [M]: 0x0000000080001954 (0x66758593) addi x11, x11, 0x667                    sv_Mepc+8
x11 <- 0x0000000000005667

clint mtime 0x00000000000002BD (mip.MTI <- 0b1, mip.STI <- 0b0)
mem[X,0x0000000080001958] -> 0x9593
mem[X,0x000000008000195A] -> 0x0015
[1402] [M]: 0x0000000080001958 (0x00159593) slli x11, x11, 0x1                      sv_Mepc+12
x11 <- 0x000000000000ACCE

mem[X,0x000000008000195C] -> 0x9063
mem[X,0x000000008000195E] -> 0x02B1
[1403] [M]: 0x000000008000195C (0x02B19063) bne x3, x11, 0x20                       sv_Mepc+16

clint mtime 0x00000000000002BE (mip.MTI <- 0b1, mip.STI <- 0b0)
mem[X,0x0000000080001960] -> 0x2473
mem[X,0x0000000080001962] -> 0x3420
[1404] [M]: 0x0000000080001960 (0x34202473) csrrs x8, mcause, x0                    sv_Mepc+20
CSR mcause (0x342) -> 0x000000000000000F
x8 <- 0x000000000000000F

mem[X,0x0000000080001964] -> 0x0593
mem[X,0x0000000080001966] -> 0x00C0
[1405] [M]: 0x0000000080001964 (0x00C00593) addi x11, x0, 0xc                       sv_Mepc+24
x11 <- 0x000000000000000C

clint mtime 0x00000000000002BF (mip.MTI <- 0b1, mip.STI <- 0b0)
mem[X,0x0000000080001968] -> 0x0663
mem[X,0x000000008000196A] -> 0x00B4
[1406] [M]: 0x0000000080001968 (0x00B40663) beq x8, x11, 0xc                        sv_Mepc+28

mem[X,0x000000008000196C] -> 0x0593
mem[X,0x000000008000196E] -> 0x0010
[1407] [M]: 0x000000008000196C (0x00100593) addi x11, x0, 0x1                       sv_Mepc+32
x11 <- 0x0000000000000001

clint mtime 0x00000000000002C0 (mip.MTI <- 0b1, mip.STI <- 0b0)
mem[X,0x0000000080001970] -> 0x1663
mem[X,0x0000000080001972] -> 0x00B4
[1408] [M]: 0x0000000080001970 (0x00B41663) bne x8, x11, 0xc                        sv_Mepc+36

mem[X,0x000000008000197C] -> 0xF593
mem[X,0x000000008000197E] -> 0xFFC3
[1409] [M]: 0x000000008000197C (0xFFC3F593) andi x11, x7, -0x4                      adj_Mepc_rtn+0
x11 <- 0x0000000180000C7C

clint mtime 0x00000000000002C1 (mip.MTI <- 0b1, mip.STI <- 0b0)
mem[X,0x0000000080001980] -> 0x8593
mem[X,0x0000000080001982] -> 0x0085
[1410] [M]: 0x0000000080001980 (0x00858593) addi x11, x11, 0x8                      adj_Mepc_rtn+4
x11 <- 0x0000000180000C84

mem[X,0x0000000080001984] -> 0x9073
mem[X,0x0000000080001986] -> 0x3415
[1411] [M]: 0x0000000080001984 (0x34159073) csrrw x0, mepc, x11                     adj_Mepc_rtn+8
CSR mepc (0x341) <- 0x0000000180000C84

clint mtime 0x00000000000002C2 (mip.MTI <- 0b1, mip.STI <- 0b0)
mem[X,0x0000000080001988] -> 0x23F3
mem[X,0x000000008000198A] -> 0x3430
[1412] [M]: 0x0000000080001988 (0x343023F3) csrrs x7, mtval, x0                     skp_adj_Mepc+0
CSR mtval (0x343) -> 0x0000000140000418
x7 <- 0x0000000140000418

mem[X,0x000000008000198C] -> 0x0413
mem[X,0x000000008000198E] -> 0x0004
[1413] [M]: 0x000000008000198C (0x00040413) addi x8, x8, 0x0                        skp_adj_Mepc+4
x8 <- 0x000000000000000F

clint mtime 0x00000000000002C3 (mip.MTI <- 0b1, mip.STI <- 0b0)
mem[X,0x0000000080001990] -> 0x006F
mem[X,0x0000000080001992] -> 0x0840
[1414] [M]: 0x0000000080001990 (0x0840006F) jal x0, 0x84                            skp_adj_Mepc+8

mem[X,0x0000000080001A14] -> 0x8433
mem[X,0x0000000080001A16] -> 0x4083
[1415] [M]: 0x0000000080001A14 (0x40838433) sub x8, x7, x8                          adj_Mtval+0
x8 <- 0x0000000140000409

clint mtime 0x00000000000002C4 (mip.MTI <- 0b1, mip.STI <- 0b0)
mem[X,0x0000000080001A18] -> 0x3C23
mem[X,0x0000000080001A1A] -> 0x0083
[1416] [M]: 0x0000000080001A18 (0x00833C23) sd x8, 0x18(x6)                         sv_Mtval+0
mem[W,0x00000000800085D0] <- 0x0000000140000409

mem[X,0x0000000080001A1C] -> 0x3483
mem[X,0x0000000080001A1E] -> 0x2181
[1417] [M]: 0x0000000080001A1C (0x21813483) ld x9, 0x218(x2)                        skp_Mtval+0
mem[R,0x0000000080004218] -> 0x00000000800085D8
x9 <- 0x00000000800085D8

clint mtime 0x00000000000002C5 (mip.MTI <- 0b1, mip.STI <- 0b0)
mem[X,0x0000000080001A20] -> 0x3383
mem[X,0x0000000080001A22] -> 0x1F81
[1418] [M]: 0x0000000080001A20 (0x1F813383) ld x7, 0x1f8(x2)                        skp_Mtval+4
mem[R,0x00000000800041F8] -> 0x0000000080008110
x7 <- 0x0000000080008110

mem[X,0x0000000080001A24] -> 0x3303
mem[X,0x0000000080001A26] -> 0x2001
[1419] [M]: 0x0000000080001A24 (0x20013303) ld x6, 0x200(x2)                        skp_Mtval+8
mem[R,0x0000000080004200] -> 0x0000000000000810
x6 <- 0x0000000000000810

clint mtime 0x00000000000002C6 (mip.MTI <- 0b1, mip.STI <- 0b0)
mem[X,0x0000000080001A28] -> 0x0333
mem[X,0x0000000080001A2A] -> 0x0073
[1420] [M]: 0x0000000080001A28 (0x00730333) add x6, x6, x7                          skp_Mtval+12
x6 <- 0x0000000080008920

mem[X,0x0000000080001A2C] -> 0x6AE3
mem[X,0x0000000080001A2E] -> 0xAC93
[1421] [M]: 0x0000000080001A2C (0xAC936AE3) bltu x6, x9, -0x52c                     skp_Mtval+16

clint mtime 0x00000000000002C7 (mip.MTI <- 0b1, mip.STI <- 0b0)
mem[X,0x0000000080001A30] -> 0x0393
mem[X,0x0000000080001A32] -> 0x2000
[1422] [M]: 0x0000000080001A30 (0x20000393) addi x7, x0, 0x200                      skp_Mtval+20
x7 <- 0x0000000000000200

mem[X,0x0000000080001A34] -> 0x006F
mem[X,0x0000000080001A36] -> 0x0400
[1423] [M]: 0x0000000080001A34 (0x0400006F) jal x0, 0x40                            skp_Mtval+24

clint mtime 0x00000000000002C8 (mip.MTI <- 0b1, mip.STI <- 0b0)
mem[X,0x0000000080001A74] -> 0x0417
mem[X,0x0000000080001A76] -> 0x0000
[1424] [M]: 0x0000000080001A74 (0x00000417) auipc x8, 0x0                           spcl_Mhandler+0
x8 <- 0x0000000080001A74

mem[X,0x0000000080001A78] -> 0x0413
mem[X,0x0000000080001A7A] -> 0x03C4
[1425] [M]: 0x0000000080001A78 (0x03C40413) addi x8, x8, 0x3c                       spcl_Mhandler+4
x8 <- 0x0000000080001AB0

clint mtime 0x00000000000002C9 (mip.MTI <- 0b1, mip.STI <- 0b0)
mem[X,0x0000000080001A7C] -> 0x0433
mem[X,0x0000000080001A7E] -> 0x0074
[1426] [M]: 0x0000000080001A7C (0x00740433) add x8, x8, x7                          spcl_Mhandler+8
x8 <- 0x0000000080001CB0

mem[X,0x0000000080001A80] -> 0x1393
mem[X,0x0000000080001A82] -> 0x0035
[1427] [M]: 0x0000000080001A80 (0x00351393) slli x7, x10, 0x3                       spcl_Mhandler+12
x7 <- 0x0000000000000078

clint mtime 0x00000000000002CA (mip.MTI <- 0b1, mip.STI <- 0b0)
mem[X,0x0000000080001A84] -> 0x0433
mem[X,0x0000000080001A86] -> 0x0074
[1428] [M]: 0x0000000080001A84 (0x00740433) add x8, x8, x7                          spcl_Mhandler+16
x8 <- 0x0000000080001D28

mem[X,0x0000000080001A88] -> 0x7413
mem[X,0x0000000080001A8A] -> 0xFF84
[1429] [M]: 0x0000000080001A88 (0xFF847413) andi x8, x8, -0x8                       spcl_Mhandler+20
x8 <- 0x0000000080001D28

clint mtime 0x00000000000002CB (mip.MTI <- 0b1, mip.STI <- 0b0)
mem[X,0x0000000080001A8C] -> 0x3403
mem[X,0x0000000080001A8E] -> 0x0004
[1430] [M]: 0x0000000080001A8C (0x00043403) ld x8, 0x0(x8)                          spcl_Mhandler+24
mem[R,0x0000000080001D28] -> 0x000000000000001F
x8 <- 0x000000000000001F

mem[X,0x0000000080001A90] -> 0x02E3
mem[X,0x0000000080001A92] -> 0xB004
[1431] [M]: 0x0000000080001A90 (0xB00402E3) beq x8, x0, -0x4fc                      spcl_Mdispatch_hndling+0

clint mtime 0x00000000000002CC (mip.MTI <- 0b1, mip.STI <- 0b0)
mem[X,0x0000000080001A94] -> 0x1393
mem[X,0x0000000080001A96] -> 0x03F4
[1432] [M]: 0x0000000080001A94 (0x03F41393) slli x7, x8, 0x3f                       spcl_Mdispatch_hndling+4
x7 <- 0x8000000000000000

mem[X,0x0000000080001A98] -> 0xD863
mem[X,0x0000000080001A9A] -> 0x0003
[1433] [M]: 0x0000000080001A98 (0x0003D863) bge x7, x0, 0x10                        spcl_Mdispatch_hndling+8

clint mtime 0x00000000000002CD (mip.MTI <- 0b1, mip.STI <- 0b0)
mem[X,0x0000000080001A9C] -> 0x5413
mem[X,0x0000000080001A9E] -> 0x0014
[1434] [M]: 0x0000000080001A9C (0x00145413) srli x8, x8, 0x1                        spcl_Mdispatch_hndling+12
x8 <- 0x000000000000000F

mem[X,0x0000000080001AA0] -> 0x0CE3
mem[X,0x0000000080001AA2] -> 0xF885
[1435] [M]: 0x0000000080001AA0 (0xF8850CE3) beq x10, x8, -0x68                      spcl_Mdispatch_hndling+16

clint mtime 0x00000000000002CE (mip.MTI <- 0b1, mip.STI <- 0b0)
mem[X,0x0000000080001A38] -> 0x3303
mem[X,0x0000000080001A3A] -> 0x2601
[1436] [M]: 0x0000000080001A38 (0x26013303) ld x6, 0x260(x2)                        resto_Mrtn+0
mem[R,0x0000000080004260] -> 0xFFFFFFFF7FFFF46C
x6 <- 0xFFFFFFFF7FFFF46C

mem[X,0x0000000080001A3C] -> 0x3383
mem[X,0x0000000080001A3E] -> 0x2681
[1437] [M]: 0x0000000080001A3C (0x26813383) ld x7, 0x268(x2)                        resto_Mrtn+4
mem[R,0x0000000080004268] -> 0x0000000080004000
x7 <- 0x0000000080004000

clint mtime 0x00000000000002CF (mip.MTI <- 0b1, mip.STI <- 0b0)
mem[X,0x0000000080001A40] -> 0x3403
mem[X,0x0000000080001A42] -> 0x2701
[1438] [M]: 0x0000000080001A40 (0x27013403) ld x8, 0x270(x2)                        resto_Mrtn+8
mem[R,0x0000000080004270] -> 0x0000000000007F76
x8 <- 0x0000000000007F76

mem[X,0x0000000080001A44] -> 0x3483
mem[X,0x0000000080001A46] -> 0x2781
[1439] [M]: 0x0000000080001A44 (0x27813483) ld x9, 0x278(x2)                        resto_Mrtn+12
mem[R,0x0000000080004278] -> 0x00000001000000C8
x9 <- 0x00000001000000C8

clint mtime 0x00000000000002D0 (mip.MTI <- 0b1, mip.STI <- 0b0)
mem[X,0x0000000080001A48] -> 0x3503
mem[X,0x0000000080001A4A] -> 0x2801
[1440] [M]: 0x0000000080001A48 (0x28013503) ld x10, 0x280(x2)                       resto_Mrtn+16
mem[R,0x0000000080004280] -> 0x00000000200000C5
x10 <- 0x00000000200000C5

mem[X,0x0000000080001A4C] -> 0x3583
mem[X,0x0000000080001A4E] -> 0x2881
[1441] [M]: 0x0000000080001A4C (0x28813583) ld x11, 0x288(x2)                       resto_Mrtn+20
mem[R,0x0000000080004288] -> 0x00000000000000C5
x11 <- 0x00000000000000C5

clint mtime 0x00000000000002D1 (mip.MTI <- 0b1, mip.STI <- 0b0)
mem[X,0x0000000080001A50] -> 0x3103
mem[X,0x0000000080001A52] -> 0x2901
[1442] [M]: 0x0000000080001A50 (0x29013103) ld x2, 0x290(x2)                        resto_Mrtn+24
mem[R,0x0000000080004290] -> 0x0000000000000000
x2 <- 0x0000000000000000

mem[X,0x0000000080001A54] -> 0x0073
mem[X,0x0000000080001A56] -> 0x3020
[1443] [M]: 0x0000000080001A54 (0x30200073) mret                                    resto_Mrtn+28
CSR mstatus (0x300) <- 0x0000000A00000080
ret-ing from M to S

clint mtime 0x00000000000002D2 (mip.MTI <- 0b1, mip.STI <- 0b0)
mem[X,0x0000000080000C84] -> 0xA703
mem[X,0x0000000080000C86] -> 0x0147
[1444] [S]: 0x0000000180000C84 (0x0147A703) lw x14, 0x14(x15)                       va_rvtest_code_begin+1192
PTW: Start, vpn=0x140000, access_type=R, privilege=Smem[R,0x0000000080007028] -> 0x00000000200000C5
PTW: Step, level=2, pte=0x200000C5, pte_addr=0x80007028
PTW: failed, error=invalid-pte, level=2, pte_addr=0x80007028
trapping from S to M to handle load-page-fault
handling exc#load-page-fault at priv M with tval 0x0000000140000418
CSR mstatus (0x300) <- 0x0000000A00000800
CSR mcause (0x342) <- 0x000000000000000D
CSR mtval (0x343) <- 0x0000000140000418
CSR mepc (0x341) <- 0x0000000180000C84

mem[X,0x0000000080001600] -> 0x006F
mem[X,0x0000000080001602] -> 0x1000
[1445] [M]: 0x0000000080001600 (0x1000006F) jal x0, 0x100                           Mtrampoline+0

clint mtime 0x00000000000002D3 (mip.MTI <- 0b1, mip.STI <- 0b0)
mem[X,0x0000000080001700] -> 0x1173
mem[X,0x0000000080001702] -> 0x3401
[1446] [M]: 0x0000000080001700 (0x34011173) csrrw x2, mscratch, x2                  trap_Mhandler+0
CSR mscratch (0x340) <- 0x0000000000000000
x2 <- 0x0000000080004000

mem[X,0x0000000080001704] -> 0x3423
mem[X,0x0000000080001706] -> 0x28B1
[1447] [M]: 0x0000000080001704 (0x28B13423) sd x11, 0x288(x2)                       trap_Mhandler+4
mem[W,0x0000000080004288] <- 0x00000000000000C5

clint mtime 0x00000000000002D4 (mip.MTI <- 0b1, mip.STI <- 0b0)
mem[X,0x0000000080001708] -> 0x05EF
mem[X,0x000000008000170A] -> 0x0B80
[1448] [M]: 0x0000000080001708 (0x0B8005EF) jal x11, 0xb8                           trap_Mhandler+8
x11 <- 0x000000008000170C

mem[X,0x00000000800017C0] -> 0x3023
mem[X,0x00000000800017C2] -> 0x28A1
[1449] [M]: 0x00000000800017C0 (0x28A13023) sd x10, 0x280(x2)                       common_Mhandler+0
mem[W,0x0000000080004280] <- 0x00000000200000C5

clint mtime 0x00000000000002D5 (mip.MTI <- 0b1, mip.STI <- 0b0)
mem[X,0x00000000800017C4] -> 0x1573
mem[X,0x00000000800017C6] -> 0x3401
[1450] [M]: 0x00000000800017C4 (0x34011573) csrrw x10, mscratch, x2                 common_Mhandler+4
CSR mscratch (0x340) <- 0x0000000080004000
x10 <- 0x0000000000000000

mem[X,0x00000000800017C8] -> 0x3823
mem[X,0x00000000800017CA] -> 0x28A1
[1451] [M]: 0x00000000800017C8 (0x28A13823) sd x10, 0x290(x2)                       common_Mhandler+8
mem[W,0x0000000080004290] <- 0x0000000000000000

clint mtime 0x00000000000002D6 (mip.MTI <- 0b1, mip.STI <- 0b0)
mem[X,0x00000000800017CC] -> 0x3503
mem[X,0x00000000800017CE] -> 0x2301
[1452] [M]: 0x00000000800017CC (0x23013503) ld x10, 0x230(x2)                       common_Mhandler+12
mem[R,0x0000000080004230] -> 0x00000000800017D4
x10 <- 0x00000000800017D4

mem[X,0x00000000800017D0] -> 0x0067
mem[X,0x00000000800017D2] -> 0x0005
[1453] [M]: 0x00000000800017D0 (0x00050067) jalr x0, 0x0(x10)                       common_Mhandler+16

clint mtime 0x00000000000002D7 (mip.MTI <- 0b1, mip.STI <- 0b0)
mem[X,0x00000000800017D4] -> 0x3C23
mem[X,0x00000000800017D6] -> 0x2691
[1454] [M]: 0x00000000800017D4 (0x26913C23) sd x9, 0x278(x2)                        common_Mentry+0
mem[W,0x0000000080004278] <- 0x00000001000000C8

mem[X,0x00000000800017D8] -> 0x3823
mem[X,0x00000000800017DA] -> 0x2681
[1455] [M]: 0x00000000800017D8 (0x26813823) sd x8, 0x270(x2)                        common_Mentry+4
mem[W,0x0000000080004270] <- 0x0000000000007F76

clint mtime 0x00000000000002D8 (mip.MTI <- 0b1, mip.STI <- 0b0)
mem[X,0x00000000800017DC] -> 0x3423
mem[X,0x00000000800017DE] -> 0x2671
[1456] [M]: 0x00000000800017DC (0x26713423) sd x7, 0x268(x2)                        common_Mentry+8
mem[W,0x0000000080004268] <- 0x0000000080004000

mem[X,0x00000000800017E0] -> 0x3023
mem[X,0x00000000800017E2] -> 0x2661
[1457] [M]: 0x00000000800017E0 (0x26613023) sd x6, 0x260(x2)                        common_Mentry+12
mem[W,0x0000000080004260] <- 0xFFFFFFFF7FFFF46C

clint mtime 0x00000000000002D9 (mip.MTI <- 0b1, mip.STI <- 0b0)
mem[X,0x00000000800017E4] -> 0x2573
mem[X,0x00000000800017E6] -> 0x3420
[1458] [M]: 0x00000000800017E4 (0x34202573) csrrs x10, mcause, x0                   spcl_M2mmode_test+0
CSR mcause (0x342) -> 0x000000000000000D
x10 <- 0x000000000000000D

mem[X,0x00000000800017E8] -> 0x04B7
mem[X,0x00000000800017EA] -> 0x8000
[1459] [M]: 0x00000000800017E8 (0x800004B7) lui x9, -0x80000                        spcl_M2mmode_test+4
x9 <- 0xFFFFFFFF80000000

clint mtime 0x00000000000002DA (mip.MTI <- 0b1, mip.STI <- 0b0)
mem[X,0x00000000800017EC] -> 0x8493
mem[X,0x00000000800017EE] -> 0x0004
[1460] [M]: 0x00000000800017EC (0x00048493) addi x9, x9, 0x0                        spcl_M2mmode_test+8
x9 <- 0xFFFFFFFF80000000

mem[X,0x00000000800017F0] -> 0x9493
mem[X,0x00000000800017F2] -> 0x00B4
[1461] [M]: 0x00000000800017F0 (0x00B49493) slli x9, x9, 0xb                        spcl_M2mmode_test+12
x9 <- 0xFFFFFC0000000000

clint mtime 0x00000000000002DB (mip.MTI <- 0b1, mip.STI <- 0b0)
mem[X,0x00000000800017F4] -> 0x8493
mem[X,0x00000000800017F6] -> 0x0004
[1462] [M]: 0x00000000800017F4 (0x00048493) addi x9, x9, 0x0                        spcl_M2mmode_test+16
x9 <- 0xFFFFFC0000000000

mem[X,0x00000000800017F8] -> 0x9493
mem[X,0x00000000800017FA] -> 0x00B4
[1463] [M]: 0x00000000800017F8 (0x00B49493) slli x9, x9, 0xb                        spcl_M2mmode_test+20
x9 <- 0xFFE0000000000000

clint mtime 0x00000000000002DC (mip.MTI <- 0b1, mip.STI <- 0b0)
mem[X,0x00000000800017FC] -> 0x8493
mem[X,0x00000000800017FE] -> 0x0034
[1464] [M]: 0x00000000800017FC (0x00348493) addi x9, x9, 0x3                        spcl_M2mmode_test+24
x9 <- 0xFFE0000000000003

mem[X,0x0000000080001800] -> 0x9493
mem[X,0x0000000080001802] -> 0x00A4
[1465] [M]: 0x0000000080001800 (0x00A49493) slli x9, x9, 0xa                        spcl_M2mmode_test+28
x9 <- 0x8000000000000C00

clint mtime 0x00000000000002DD (mip.MTI <- 0b1, mip.STI <- 0b0)
mem[X,0x0000000080001804] -> 0x8493
mem[X,0x0000000080001806] -> 0x3FC4
[1466] [M]: 0x0000000080001804 (0x3FC48493) addi x9, x9, 0x3fc                      spcl_M2mmode_test+32
x9 <- 0x8000000000000FFC

mem[X,0x0000000080001808] -> 0xF4B3
mem[X,0x000000008000180A] -> 0x00A4
[1467] [M]: 0x0000000080001808 (0x00A4F4B3) and x9, x9, x10                         spcl_M2mmode_test+36
x9 <- 0x000000000000000C

clint mtime 0x00000000000002DE (mip.MTI <- 0b1, mip.STI <- 0b0)
mem[X,0x000000008000180C] -> 0x8493
mem[X,0x000000008000180E] -> 0xFF84
[1468] [M]: 0x000000008000180C (0xFF848493) addi x9, x9, -0x8                       spcl_M2mmode_test+40
x9 <- 0x0000000000000004

mem[X,0x0000000080001810] -> 0x9663
mem[X,0x0000000080001812] -> 0x0004
[1469] [M]: 0x0000000080001810 (0x00049663) bne x9, x0, 0xc                         spcl_M2mmode_test+44

clint mtime 0x00000000000002DF (mip.MTI <- 0b1, mip.STI <- 0b0)
mem[X,0x000000008000181C] -> 0x0393
mem[X,0x000000008000181E] -> 0x0200
[1470] [M]: 0x000000008000181C (0x02000393) addi x7, x0, 0x20                       Mtrapsig_ptr_upd+0
x7 <- 0x0000000000000020

mem[X,0x0000000080001820] -> 0x5263
mem[X,0x0000000080001822] -> 0x0405
[1471] [M]: 0x0000000080001820 (0x04055263) bge x10, x0, 0x44                       Mtrapsig_ptr_upd+4

clint mtime 0x00000000000002E0 (mip.MTI <- 0b1, mip.STI <- 0b0)
mem[X,0x0000000080001864] -> 0x2373
mem[X,0x0000000080001866] -> 0x3010
[1472] [M]: 0x0000000080001864 (0x30102373) csrrs x6, misa, x0                      Mxcpt_sig_sv+0
CSR misa (0x301) -> 0x800000000034112F
x6 <- 0x800000000034112F

mem[X,0x0000000080001868] -> 0x1313
mem[X,0x000000008000186A] -> 0x0383
[1473] [M]: 0x0000000080001868 (0x03831313) slli x6, x6, 0x38                       Mxcpt_sig_sv+4
x6 <- 0x2F00000000000000

clint mtime 0x00000000000002E1 (mip.MTI <- 0b1, mip.STI <- 0b0)
mem[X,0x000000008000186C] -> 0x5463
mem[X,0x000000008000186E] -> 0x0003
[1474] [M]: 0x000000008000186C (0x00035463) bge x6, x0, 0x8                         Mxcpt_sig_sv+8

mem[X,0x0000000080001874] -> 0x3303
mem[X,0x0000000080001876] -> 0x2181
[1475] [M]: 0x0000000080001874 (0x21813303) ld x6, 0x218(x2)                        Mtrap_sig_sv+0
mem[R,0x0000000080004218] -> 0x00000000800085D8
x6 <- 0x00000000800085D8

clint mtime 0x00000000000002E2 (mip.MTI <- 0b1, mip.STI <- 0b0)
mem[X,0x0000000080001878] -> 0x04B3
mem[X,0x000000008000187A] -> 0x0073
[1476] [M]: 0x0000000080001878 (0x007304B3) add x9, x6, x7                          Mtrap_sig_sv+4
x9 <- 0x00000000800085F8

mem[X,0x000000008000187C] -> 0x3C23
mem[X,0x000000008000187E] -> 0x2091
[1477] [M]: 0x000000008000187C (0x20913C23) sd x9, 0x218(x2)                        Mtrap_sig_sv+8
mem[W,0x0000000080004218] <- 0x00000000800085F8

clint mtime 0x00000000000002E3 (mip.MTI <- 0b1, mip.STI <- 0b0)
mem[X,0x0000000080001880] -> 0x3403
mem[X,0x0000000080001882] -> 0x1F81
[1478] [M]: 0x0000000080001880 (0x1F813403) ld x8, 0x1f8(x2)                        Mtrap_sig_sv+12
mem[R,0x00000000800041F8] -> 0x0000000080008110
x8 <- 0x0000000080008110

mem[X,0x0000000080001884] -> 0x0333
mem[X,0x0000000080001886] -> 0x4083
[1479] [M]: 0x0000000080001884 (0x40830333) sub x6, x6, x8                          Mtrap_sig_sv+16
x6 <- 0x00000000000004C8

clint mtime 0x00000000000002E4 (mip.MTI <- 0b1, mip.STI <- 0b0)
mem[X,0x0000000080001888] -> 0x3403
mem[X,0x000000008000188A] -> 0x1F81
[1480] [M]: 0x0000000080001888 (0x1F813403) ld x8, 0x1f8(x2)                        Mtrap_sig_sv+20
mem[R,0x00000000800041F8] -> 0x0000000080008110
x8 <- 0x0000000080008110

mem[X,0x000000008000188C] -> 0x0333
mem[X,0x000000008000188E] -> 0x0083
[1481] [M]: 0x000000008000188C (0x00830333) add x6, x6, x8                          Mtrap_sig_sv+24
x6 <- 0x00000000800085D8

clint mtime 0x00000000000002E5 (mip.MTI <- 0b1, mip.STI <- 0b0)
mem[X,0x0000000080001890] -> 0x3403
mem[X,0x0000000080001892] -> 0x2401
[1482] [M]: 0x0000000080001890 (0x24013403) ld x8, 0x240(x2)                        Mtrap_sig_sv+28
mem[R,0x0000000080004240] -> 0x0000000080001600
x8 <- 0x0000000080001600

mem[X,0x0000000080001894] -> 0x85B3
mem[X,0x0000000080001896] -> 0x4085
[1483] [M]: 0x0000000080001894 (0x408585B3) sub x11, x11, x8                        sv_Mvect+0
x11 <- 0x000000000000010C

clint mtime 0x00000000000002E6 (mip.MTI <- 0b1, mip.STI <- 0b0)
mem[X,0x0000000080001898] -> 0x9593
mem[X,0x000000008000189A] -> 0x0045
[1484] [M]: 0x0000000080001898 (0x00459593) slli x11, x11, 0x4                      sv_Mvect+4
x11 <- 0x00000000000010C0

mem[X,0x000000008000189C] -> 0xE5B3
mem[X,0x000000008000189E] -> 0x0075
[1485] [M]: 0x000000008000189C (0x0075E5B3) or x11, x11, x7                         sv_Mvect+8
x11 <- 0x00000000000010E0

clint mtime 0x00000000000002E7 (mip.MTI <- 0b1, mip.STI <- 0b0)
mem[X,0x00000000800018A0] -> 0x8593
mem[X,0x00000000800018A2] -> 0x0035
[1486] [M]: 0x00000000800018A0 (0x00358593) addi x11, x11, 0x3                      sv_Mvect+12
x11 <- 0x00000000000010E3

mem[X,0x00000000800018A4] -> 0x3023
mem[X,0x00000000800018A6] -> 0x00B3
[1487] [M]: 0x00000000800018A4 (0x00B33023) sd x11, 0x0(x6)                         sv_Mvect+16
mem[W,0x00000000800085D8] <- 0x00000000000010E3

clint mtime 0x00000000000002E8 (mip.MTI <- 0b1, mip.STI <- 0b0)
mem[X,0x00000000800018A8] -> 0x3423
mem[X,0x00000000800018AA] -> 0x00A3
[1488] [M]: 0x00000000800018A8 (0x00A33423) sd x10, 0x8(x6)                         sv_Mcause+0
mem[W,0x00000000800085E0] <- 0x000000000000000D

mem[X,0x00000000800018AC] -> 0x4663
mem[X,0x00000000800018AE] -> 0x1A05
[1489] [M]: 0x00000000800018AC (0x1A054663) blt x10, x0, 0x1ac                      sv_Mcause+4

clint mtime 0x00000000000002E9 (mip.MTI <- 0b1, mip.STI <- 0b0)
mem[X,0x00000000800018B0] -> 0x25F3
mem[X,0x00000000800018B2] -> 0x3000
[1490] [M]: 0x00000000800018B0 (0x300025F3) csrrs x11, mstatus, x0                  common_Mexcpt_handler+0
CSR mstatus (0x300) -> 0x0000000A00000800
x11 <- 0x0000000A00000800

mem[X,0x00000000800018B4] -> 0x9413
mem[X,0x00000000800018B6] -> 0x02E5
[1491] [M]: 0x00000000800018B4 (0x02E59413) slli x8, x11, 0x2e                      common_Mexcpt_handler+4
x8 <- 0x0200000000000000

clint mtime 0x00000000000002EA (mip.MTI <- 0b1, mip.STI <- 0b0)
mem[X,0x00000000800018B8] -> 0x5463
mem[X,0x00000000800018BA] -> 0x0004
[1492] [M]: 0x00000000800018B8 (0x00045463) bge x8, x0, 0x8                         common_Mexcpt_handler+8

mem[X,0x00000000800018C0] -> 0xD493
mem[X,0x00000000800018C2] -> 0x00B5
[1493] [M]: 0x00000000800018C0 (0x00B5D493) srli x9, x11, 0xb                       common_Mexcpt_handler+16
x9 <- 0x0000000001400001

clint mtime 0x00000000000002EB (mip.MTI <- 0b1, mip.STI <- 0b0)
mem[X,0x00000000800018C4] -> 0xF493
mem[X,0x00000000800018C6] -> 0x0034
[1494] [M]: 0x00000000800018C4 (0x0034F493) andi x9, x9, 0x3                        common_Mexcpt_handler+20
x9 <- 0x0000000000000001

mem[X,0x00000000800018C8] -> 0x8493
mem[X,0x00000000800018CA] -> 0x0014
[1495] [M]: 0x00000000800018C8 (0x00148493) addi x9, x9, 0x1                        common_Mexcpt_handler+24
x9 <- 0x0000000000000002

clint mtime 0x00000000000002EC (mip.MTI <- 0b1, mip.STI <- 0b0)
mem[X,0x00000000800018CC] -> 0xF493
mem[X,0x00000000800018CE] -> 0x0044
[1496] [M]: 0x00000000800018CC (0x0044F493) andi x9, x9, 0x4                        common_Mexcpt_handler+28
x9 <- 0x0000000000000000

mem[X,0x00000000800018D0] -> 0x0593
mem[X,0x00000000800018D2] -> 0x05D0
[1497] [M]: 0x00000000800018D0 (0x05D00593) addi x11, x0, 0x5d                      common_Mexcpt_handler+32
x11 <- 0x000000000000005D

clint mtime 0x00000000000002ED (mip.MTI <- 0b1, mip.STI <- 0b0)
mem[X,0x00000000800018D4] -> 0xD5B3
mem[X,0x00000000800018D6] -> 0x0095
[1498] [M]: 0x00000000800018D4 (0x0095D5B3) srl x11, x11, x9                        common_Mexcpt_handler+36
x11 <- 0x000000000000005D

mem[X,0x00000000800018D8] -> 0xF593
mem[X,0x00000000800018DA] -> 0x0015
[1499] [M]: 0x00000000800018D8 (0x0015F593) andi x11, x11, 0x1                      common_Mexcpt_handler+40
x11 <- 0x0000000000000001

clint mtime 0x00000000000002EE (mip.MTI <- 0b1, mip.STI <- 0b0)
mem[X,0x00000000800018DC] -> 0x8EE3
mem[X,0x00000000800018DE] -> 0xF405
[1500] [M]: 0x00000000800018DC (0xF4058EE3) beq x11, x0, -0xa4                      common_Mexcpt_handler+44

mem[X,0x00000000800018E0] -> 0x0593
mem[X,0x00000000800018E2] -> 0x2980
[1501] [M]: 0x00000000800018E0 (0x29800593) addi x11, x0, 0x298                     common_Mexcpt_handler+48
x11 <- 0x0000000000000298

clint mtime 0x00000000000002EF (mip.MTI <- 0b1, mip.STI <- 0b0)
mem[X,0x00000000800018E4] -> 0xF413
mem[X,0x00000000800018E6] -> 0x0014
[1502] [M]: 0x00000000800018E4 (0x0014F413) andi x8, x9, 0x1                        common_Mexcpt_handler+52
x8 <- 0x0000000000000000

mem[X,0x00000000800018E8] -> 0x95B3
mem[X,0x00000000800018EA] -> 0x0085
[1503] [M]: 0x00000000800018E8 (0x008595B3) sll x11, x11, x8                        common_Mexcpt_handler+56
x11 <- 0x0000000000000298

clint mtime 0x00000000000002F0 (mip.MTI <- 0b1, mip.STI <- 0b0)
mem[X,0x00000000800018EC] -> 0x9413
mem[X,0x00000000800018EE] -> 0x03D4
[1504] [M]: 0x00000000800018EC (0x03D49413) slli x8, x9, 0x3d                       common_Mexcpt_handler+60
x8 <- 0x0000000000000000

mem[X,0x00000000800018F0] -> 0x5413
mem[X,0x00000000800018F2] -> 0x43F4
[1505] [M]: 0x00000000800018F0 (0x43F45413) srai x8, x8, 0x3f                       common_Mexcpt_handler+64
x8 <- 0x0000000000000000

clint mtime 0x00000000000002F1 (mip.MTI <- 0b1, mip.STI <- 0b0)
mem[X,0x00000000800018F4] -> 0x4413
mem[X,0x00000000800018F6] -> 0xFFF4
[1506] [M]: 0x00000000800018F4 (0xFFF44413) xori x8, x8, -0x1                       common_Mexcpt_handler+68
x8 <- 0xFFFFFFFFFFFFFFFF

mem[X,0x00000000800018F8] -> 0xF4B3
mem[X,0x00000000800018FA] -> 0x0085
[1507] [M]: 0x00000000800018F8 (0x0085F4B3) and x9, x11, x8                         common_Mexcpt_handler+72
x9 <- 0x0000000000000298

clint mtime 0x00000000000002F2 (mip.MTI <- 0b1, mip.STI <- 0b0)
mem[X,0x00000000800018FC] -> 0x84B3
mem[X,0x00000000800018FE] -> 0x0024
[1508] [M]: 0x00000000800018FC (0x002484B3) add x9, x9, x2                          vmem_adj_Mepc+0
x9 <- 0x0000000080004298

mem[X,0x0000000080001900] -> 0x23F3
mem[X,0x0000000080001902] -> 0x3410
[1509] [M]: 0x0000000080001900 (0x341023F3) csrrs x7, mepc, x0                      vmem_adj_Mepc+4
CSR mepc (0x341) -> 0x0000000180000C84
x7 <- 0x0000000180000C84

clint mtime 0x00000000000002F3 (mip.MTI <- 0b1, mip.STI <- 0b0)
mem[X,0x0000000080001904] -> 0x0413
mem[X,0x0000000080001906] -> 0x0004
[1510] [M]: 0x0000000080001904 (0x00040413) addi x8, x8, 0x0                        vmem_adj_Mepc+8
x8 <- 0xFFFFFFFFFFFFFFFF

mem[X,0x0000000080001908] -> 0x006F
mem[X,0x000000008000190A] -> 0x0400
[1511] [M]: 0x0000000080001908 (0x0400006F) jal x0, 0x40                            vmem_adj_Mepc+12

clint mtime 0x00000000000002F4 (mip.MTI <- 0b1, mip.STI <- 0b0)
mem[X,0x0000000080001948] -> 0x8433
mem[X,0x000000008000194A] -> 0x4083
[1512] [M]: 0x0000000080001948 (0x40838433) sub x8, x7, x8                          adj_Mepc+0
x8 <- 0x0000000180000C85

mem[X,0x000000008000194C] -> 0x3823
mem[X,0x000000008000194E] -> 0x0083
[1513] [M]: 0x000000008000194C (0x00833823) sd x8, 0x10(x6)                         sv_Mepc+0
mem[W,0x00000000800085E8] <- 0x0000000180000C85

clint mtime 0x00000000000002F5 (mip.MTI <- 0b1, mip.STI <- 0b0)
mem[X,0x0000000080001950] -> 0x55B7
mem[X,0x0000000080001952] -> 0x0000
[1514] [M]: 0x0000000080001950 (0x000055B7) lui x11, 0x5                            sv_Mepc+4
x11 <- 0x0000000000005000

mem[X,0x0000000080001954] -> 0x8593
mem[X,0x0000000080001956] -> 0x6675
[1515] [M]: 0x0000000080001954 (0x66758593) addi x11, x11, 0x667                    sv_Mepc+8
x11 <- 0x0000000000005667

clint mtime 0x00000000000002F6 (mip.MTI <- 0b1, mip.STI <- 0b0)
mem[X,0x0000000080001958] -> 0x9593
mem[X,0x000000008000195A] -> 0x0015
[1516] [M]: 0x0000000080001958 (0x00159593) slli x11, x11, 0x1                      sv_Mepc+12
x11 <- 0x000000000000ACCE

mem[X,0x000000008000195C] -> 0x9063
mem[X,0x000000008000195E] -> 0x02B1
[1517] [M]: 0x000000008000195C (0x02B19063) bne x3, x11, 0x20                       sv_Mepc+16

clint mtime 0x00000000000002F7 (mip.MTI <- 0b1, mip.STI <- 0b0)
mem[X,0x0000000080001960] -> 0x2473
mem[X,0x0000000080001962] -> 0x3420
[1518] [M]: 0x0000000080001960 (0x34202473) csrrs x8, mcause, x0                    sv_Mepc+20
CSR mcause (0x342) -> 0x000000000000000D
x8 <- 0x000000000000000D

mem[X,0x0000000080001964] -> 0x0593
mem[X,0x0000000080001966] -> 0x00C0
[1519] [M]: 0x0000000080001964 (0x00C00593) addi x11, x0, 0xc                       sv_Mepc+24
x11 <- 0x000000000000000C

clint mtime 0x00000000000002F8 (mip.MTI <- 0b1, mip.STI <- 0b0)
mem[X,0x0000000080001968] -> 0x0663
mem[X,0x000000008000196A] -> 0x00B4
[1520] [M]: 0x0000000080001968 (0x00B40663) beq x8, x11, 0xc                        sv_Mepc+28

mem[X,0x000000008000196C] -> 0x0593
mem[X,0x000000008000196E] -> 0x0010
[1521] [M]: 0x000000008000196C (0x00100593) addi x11, x0, 0x1                       sv_Mepc+32
x11 <- 0x0000000000000001

clint mtime 0x00000000000002F9 (mip.MTI <- 0b1, mip.STI <- 0b0)
mem[X,0x0000000080001970] -> 0x1663
mem[X,0x0000000080001972] -> 0x00B4
[1522] [M]: 0x0000000080001970 (0x00B41663) bne x8, x11, 0xc                        sv_Mepc+36

mem[X,0x000000008000197C] -> 0xF593
mem[X,0x000000008000197E] -> 0xFFC3
[1523] [M]: 0x000000008000197C (0xFFC3F593) andi x11, x7, -0x4                      adj_Mepc_rtn+0
x11 <- 0x0000000180000C84

clint mtime 0x00000000000002FA (mip.MTI <- 0b1, mip.STI <- 0b0)
mem[X,0x0000000080001980] -> 0x8593
mem[X,0x0000000080001982] -> 0x0085
[1524] [M]: 0x0000000080001980 (0x00858593) addi x11, x11, 0x8                      adj_Mepc_rtn+4
x11 <- 0x0000000180000C8C

mem[X,0x0000000080001984] -> 0x9073
mem[X,0x0000000080001986] -> 0x3415
[1525] [M]: 0x0000000080001984 (0x34159073) csrrw x0, mepc, x11                     adj_Mepc_rtn+8
CSR mepc (0x341) <- 0x0000000180000C8C

clint mtime 0x00000000000002FB (mip.MTI <- 0b1, mip.STI <- 0b0)
mem[X,0x0000000080001988] -> 0x23F3
mem[X,0x000000008000198A] -> 0x3430
[1526] [M]: 0x0000000080001988 (0x343023F3) csrrs x7, mtval, x0                     skp_adj_Mepc+0
CSR mtval (0x343) -> 0x0000000140000418
x7 <- 0x0000000140000418

mem[X,0x000000008000198C] -> 0x0413
mem[X,0x000000008000198E] -> 0x0004
[1527] [M]: 0x000000008000198C (0x00040413) addi x8, x8, 0x0                        skp_adj_Mepc+4
x8 <- 0x000000000000000D

clint mtime 0x00000000000002FC (mip.MTI <- 0b1, mip.STI <- 0b0)
mem[X,0x0000000080001990] -> 0x006F
mem[X,0x0000000080001992] -> 0x0840
[1528] [M]: 0x0000000080001990 (0x0840006F) jal x0, 0x84                            skp_adj_Mepc+8

mem[X,0x0000000080001A14] -> 0x8433
mem[X,0x0000000080001A16] -> 0x4083
[1529] [M]: 0x0000000080001A14 (0x40838433) sub x8, x7, x8                          adj_Mtval+0
x8 <- 0x000000014000040B

clint mtime 0x00000000000002FD (mip.MTI <- 0b1, mip.STI <- 0b0)
mem[X,0x0000000080001A18] -> 0x3C23
mem[X,0x0000000080001A1A] -> 0x0083
[1530] [M]: 0x0000000080001A18 (0x00833C23) sd x8, 0x18(x6)                         sv_Mtval+0
mem[W,0x00000000800085F0] <- 0x000000014000040B

mem[X,0x0000000080001A1C] -> 0x3483
mem[X,0x0000000080001A1E] -> 0x2181
[1531] [M]: 0x0000000080001A1C (0x21813483) ld x9, 0x218(x2)                        skp_Mtval+0
mem[R,0x0000000080004218] -> 0x00000000800085F8
x9 <- 0x00000000800085F8

clint mtime 0x00000000000002FE (mip.MTI <- 0b1, mip.STI <- 0b0)
mem[X,0x0000000080001A20] -> 0x3383
mem[X,0x0000000080001A22] -> 0x1F81
[1532] [M]: 0x0000000080001A20 (0x1F813383) ld x7, 0x1f8(x2)                        skp_Mtval+4
mem[R,0x00000000800041F8] -> 0x0000000080008110
x7 <- 0x0000000080008110

mem[X,0x0000000080001A24] -> 0x3303
mem[X,0x0000000080001A26] -> 0x2001
[1533] [M]: 0x0000000080001A24 (0x20013303) ld x6, 0x200(x2)                        skp_Mtval+8
mem[R,0x0000000080004200] -> 0x0000000000000810
x6 <- 0x0000000000000810

clint mtime 0x00000000000002FF (mip.MTI <- 0b1, mip.STI <- 0b0)
mem[X,0x0000000080001A28] -> 0x0333
mem[X,0x0000000080001A2A] -> 0x0073
[1534] [M]: 0x0000000080001A28 (0x00730333) add x6, x6, x7                          skp_Mtval+12
x6 <- 0x0000000080008920

mem[X,0x0000000080001A2C] -> 0x6AE3
mem[X,0x0000000080001A2E] -> 0xAC93
[1535] [M]: 0x0000000080001A2C (0xAC936AE3) bltu x6, x9, -0x52c                     skp_Mtval+16

clint mtime 0x0000000000000300 (mip.MTI <- 0b1, mip.STI <- 0b0)
mem[X,0x0000000080001A30] -> 0x0393
mem[X,0x0000000080001A32] -> 0x2000
[1536] [M]: 0x0000000080001A30 (0x20000393) addi x7, x0, 0x200                      skp_Mtval+20
x7 <- 0x0000000000000200

mem[X,0x0000000080001A34] -> 0x006F
mem[X,0x0000000080001A36] -> 0x0400
[1537] [M]: 0x0000000080001A34 (0x0400006F) jal x0, 0x40                            skp_Mtval+24

clint mtime 0x0000000000000301 (mip.MTI <- 0b1, mip.STI <- 0b0)
mem[X,0x0000000080001A74] -> 0x0417
mem[X,0x0000000080001A76] -> 0x0000
[1538] [M]: 0x0000000080001A74 (0x00000417) auipc x8, 0x0                           spcl_Mhandler+0
x8 <- 0x0000000080001A74

mem[X,0x0000000080001A78] -> 0x0413
mem[X,0x0000000080001A7A] -> 0x03C4
[1539] [M]: 0x0000000080001A78 (0x03C40413) addi x8, x8, 0x3c                       spcl_Mhandler+4
x8 <- 0x0000000080001AB0

clint mtime 0x0000000000000302 (mip.MTI <- 0b1, mip.STI <- 0b0)
mem[X,0x0000000080001A7C] -> 0x0433
mem[X,0x0000000080001A7E] -> 0x0074
[1540] [M]: 0x0000000080001A7C (0x00740433) add x8, x8, x7                          spcl_Mhandler+8
x8 <- 0x0000000080001CB0

mem[X,0x0000000080001A80] -> 0x1393
mem[X,0x0000000080001A82] -> 0x0035
[1541] [M]: 0x0000000080001A80 (0x00351393) slli x7, x10, 0x3                       spcl_Mhandler+12
x7 <- 0x0000000000000068

clint mtime 0x0000000000000303 (mip.MTI <- 0b1, mip.STI <- 0b0)
mem[X,0x0000000080001A84] -> 0x0433
mem[X,0x0000000080001A86] -> 0x0074
[1542] [M]: 0x0000000080001A84 (0x00740433) add x8, x8, x7                          spcl_Mhandler+16
x8 <- 0x0000000080001D18

mem[X,0x0000000080001A88] -> 0x7413
mem[X,0x0000000080001A8A] -> 0xFF84
[1543] [M]: 0x0000000080001A88 (0xFF847413) andi x8, x8, -0x8                       spcl_Mhandler+20
x8 <- 0x0000000080001D18

clint mtime 0x0000000000000304 (mip.MTI <- 0b1, mip.STI <- 0b0)
mem[X,0x0000000080001A8C] -> 0x3403
mem[X,0x0000000080001A8E] -> 0x0004
[1544] [M]: 0x0000000080001A8C (0x00043403) ld x8, 0x0(x8)                          spcl_Mhandler+24
mem[R,0x0000000080001D18] -> 0x000000000000001B
x8 <- 0x000000000000001B

mem[X,0x0000000080001A90] -> 0x02E3
mem[X,0x0000000080001A92] -> 0xB004
[1545] [M]: 0x0000000080001A90 (0xB00402E3) beq x8, x0, -0x4fc                      spcl_Mdispatch_hndling+0

clint mtime 0x0000000000000305 (mip.MTI <- 0b1, mip.STI <- 0b0)
mem[X,0x0000000080001A94] -> 0x1393
mem[X,0x0000000080001A96] -> 0x03F4
[1546] [M]: 0x0000000080001A94 (0x03F41393) slli x7, x8, 0x3f                       spcl_Mdispatch_hndling+4
x7 <- 0x8000000000000000

mem[X,0x0000000080001A98] -> 0xD863
mem[X,0x0000000080001A9A] -> 0x0003
[1547] [M]: 0x0000000080001A98 (0x0003D863) bge x7, x0, 0x10                        spcl_Mdispatch_hndling+8

clint mtime 0x0000000000000306 (mip.MTI <- 0b1, mip.STI <- 0b0)
mem[X,0x0000000080001A9C] -> 0x5413
mem[X,0x0000000080001A9E] -> 0x0014
[1548] [M]: 0x0000000080001A9C (0x00145413) srli x8, x8, 0x1                        spcl_Mdispatch_hndling+12
x8 <- 0x000000000000000D

mem[X,0x0000000080001AA0] -> 0x0CE3
mem[X,0x0000000080001AA2] -> 0xF885
[1549] [M]: 0x0000000080001AA0 (0xF8850CE3) beq x10, x8, -0x68                      spcl_Mdispatch_hndling+16

clint mtime 0x0000000000000307 (mip.MTI <- 0b1, mip.STI <- 0b0)
mem[X,0x0000000080001A38] -> 0x3303
mem[X,0x0000000080001A3A] -> 0x2601
[1550] [M]: 0x0000000080001A38 (0x26013303) ld x6, 0x260(x2)                        resto_Mrtn+0
mem[R,0x0000000080004260] -> 0xFFFFFFFF7FFFF46C
x6 <- 0xFFFFFFFF7FFFF46C

mem[X,0x0000000080001A3C] -> 0x3383
mem[X,0x0000000080001A3E] -> 0x2681
[1551] [M]: 0x0000000080001A3C (0x26813383) ld x7, 0x268(x2)                        resto_Mrtn+4
mem[R,0x0000000080004268] -> 0x0000000080004000
x7 <- 0x0000000080004000

clint mtime 0x0000000000000308 (mip.MTI <- 0b1, mip.STI <- 0b0)
mem[X,0x0000000080001A40] -> 0x3403
mem[X,0x0000000080001A42] -> 0x2701
[1552] [M]: 0x0000000080001A40 (0x27013403) ld x8, 0x270(x2)                        resto_Mrtn+8
mem[R,0x0000000080004270] -> 0x0000000000007F76
x8 <- 0x0000000000007F76

mem[X,0x0000000080001A44] -> 0x3483
mem[X,0x0000000080001A46] -> 0x2781
[1553] [M]: 0x0000000080001A44 (0x27813483) ld x9, 0x278(x2)                        resto_Mrtn+12
mem[R,0x0000000080004278] -> 0x00000001000000C8
x9 <- 0x00000001000000C8

clint mtime 0x0000000000000309 (mip.MTI <- 0b1, mip.STI <- 0b0)
mem[X,0x0000000080001A48] -> 0x3503
mem[X,0x0000000080001A4A] -> 0x2801
[1554] [M]: 0x0000000080001A48 (0x28013503) ld x10, 0x280(x2)                       resto_Mrtn+16
mem[R,0x0000000080004280] -> 0x00000000200000C5
x10 <- 0x00000000200000C5

mem[X,0x0000000080001A4C] -> 0x3583
mem[X,0x0000000080001A4E] -> 0x2881
[1555] [M]: 0x0000000080001A4C (0x28813583) ld x11, 0x288(x2)                       resto_Mrtn+20
mem[R,0x0000000080004288] -> 0x00000000000000C5
x11 <- 0x00000000000000C5

clint mtime 0x000000000000030A (mip.MTI <- 0b1, mip.STI <- 0b0)
mem[X,0x0000000080001A50] -> 0x3103
mem[X,0x0000000080001A52] -> 0x2901
[1556] [M]: 0x0000000080001A50 (0x29013103) ld x2, 0x290(x2)                        resto_Mrtn+24
mem[R,0x0000000080004290] -> 0x0000000000000000
x2 <- 0x0000000000000000

mem[X,0x0000000080001A54] -> 0x0073
mem[X,0x0000000080001A56] -> 0x3020
[1557] [M]: 0x0000000080001A54 (0x30200073) mret                                    resto_Mrtn+28
CSR mstatus (0x300) <- 0x0000000A00000080
ret-ing from M to S

clint mtime 0x000000000000030B (mip.MTI <- 0b1, mip.STI <- 0b0)
mem[X,0x0000000080000C8C] -> 0x51B7
mem[X,0x0000000080000C8E] -> 0x0000
[1558] [S]: 0x0000000180000C8C (0x000051B7) lui x3, 0x5                             va_rvtest_code_begin+1200
x3 <- 0x0000000000005000

mem[X,0x0000000080000C90] -> 0x8193
mem[X,0x0000000080000C92] -> 0x6671
[1559] [S]: 0x0000000180000C90 (0x66718193) addi x3, x3, 0x667                      va_rvtest_code_begin+1204
x3 <- 0x0000000000005667

clint mtime 0x000000000000030C (mip.MTI <- 0b1, mip.STI <- 0b0)
mem[X,0x0000000080000C94] -> 0x9193
mem[X,0x0000000080000C96] -> 0x0011
[1560] [S]: 0x0000000180000C94 (0x00119193) slli x3, x3, 0x1                        va_rvtest_code_begin+1208
x3 <- 0x000000000000ACCE

mem[X,0x0000000080000C98] -> 0x0013
mem[X,0x0000000080000C9A] -> 0x0000
[1561] [S]: 0x0000000180000C98 (0x00000013) addi x0, x0, 0x0                        va_rvtest_code_begin+1212

clint mtime 0x000000000000030D (mip.MTI <- 0b1, mip.STI <- 0b0)
mem[X,0x0000000080000C9C] -> 0x0013
mem[X,0x0000000080000C9E] -> 0x0000
[1562] [S]: 0x0000000180000C9C (0x00000013) addi x0, x0, 0x0                        va_rvtest_code_begin+1216

mem[X,0x0000000080000CA0] -> 0x0217
mem[X,0x0000000080000CA2] -> 0x0000
[1563] [S]: 0x0000000180000CA0 (0x00000217) auipc x4, 0x0                           va_rvtest_code_begin+1220
x4 <- 0x0000000180000CA0

clint mtime 0x000000000000030E (mip.MTI <- 0b1, mip.STI <- 0b0)
mem[X,0x0000000080000CA4] -> 0x0213
mem[X,0x0000000080000CA6] -> 0x02C2
[1564] [S]: 0x0000000180000CA4 (0x02C20213) addi x4, x4, 0x2c                       va_rvtest_code_begin+1224
x4 <- 0x0000000180000CCC

mem[X,0x0000000080000CA8] -> 0x0001
[1565] [S]: 0x0000000180000CA8 (0x0001) c.nop                                       va_rvtest_code_begin+1228

clint mtime 0x000000000000030F (mip.MTI <- 0b1, mip.STI <- 0b0)
mem[X,0x0000000080000CAA] -> 0x0013
mem[X,0x0000000080000CAC] -> 0x0000
[1566] [S]: 0x0000000180000CAA (0x00000013) addi x0, x0, 0x0                        va_rvtest_code_begin+1230

mem[X,0x0000000080000CAE] -> 0x0013
mem[X,0x0000000080000CB0] -> 0x0000
[1567] [S]: 0x0000000180000CAE (0x00000013) addi x0, x0, 0x0                        va_rvtest_code_begin+1234

clint mtime 0x0000000000000310 (mip.MTI <- 0b1, mip.STI <- 0b0)
mem[X,0x0000000080000CB2] -> 0x0013
mem[X,0x0000000080000CB4] -> 0x0000
[1568] [S]: 0x0000000180000CB2 (0x00000013) addi x0, x0, 0x0                        va_rvtest_code_begin+1238

mem[X,0x0000000080000CB6] -> 0x0013
mem[X,0x0000000080000CB8] -> 0x0000
[1569] [S]: 0x0000000180000CB6 (0x00000013) addi x0, x0, 0x0                        va_rvtest_code_begin+1242

clint mtime 0x0000000000000311 (mip.MTI <- 0b1, mip.STI <- 0b0)
mem[X,0x0000000080000CBA] -> 0x0013
mem[X,0x0000000080000CBC] -> 0x0000
[1570] [S]: 0x0000000180000CBA (0x00000013) addi x0, x0, 0x0                        va_rvtest_code_begin+1246

mem[X,0x0000000080000CBE] -> 0x0001
[1571] [S]: 0x0000000180000CBE (0x0001) c.nop                                       va_rvtest_code_begin+1250

clint mtime 0x0000000000000312 (mip.MTI <- 0b1, mip.STI <- 0b0)
mem[X,0x0000000080000CC0] -> 0x80E7
mem[X,0x0000000080000CC2] -> 0x0007
[1572] [S]: 0x0000000180000CC0 (0x000780E7) jalr x1, 0x0(x15)                       va_rvtest_code_begin+1252
x1 <- 0x0000000180000CC4

PTW: Start, vpn=0x140000, access_type=X, privilege=Smem[R,0x0000000080007028] -> 0x00000000200000C5
PTW: Step, level=2, pte=0x200000C5, pte_addr=0x80007028
PTW: failed, error=invalid-pte, level=2, pte_addr=0x80007028
trapping from S to M to handle fetch-page-fault
handling exc#fetch-page-fault at priv M with tval 0x0000000140000404
CSR mstatus (0x300) <- 0x0000000A00000800
CSR mcause (0x342) <- 0x000000000000000C
CSR mtval (0x343) <- 0x0000000140000404
CSR mepc (0x341) <- 0x0000000140000404

clint mtime 0x0000000000000313 (mip.MTI <- 0b1, mip.STI <- 0b0)
mem[X,0x0000000080001600] -> 0x006F
mem[X,0x0000000080001602] -> 0x1000
[1574] [M]: 0x0000000080001600 (0x1000006F) jal x0, 0x100                           Mtrampoline+0

mem[X,0x0000000080001700] -> 0x1173
mem[X,0x0000000080001702] -> 0x3401
[1575] [M]: 0x0000000080001700 (0x34011173) csrrw x2, mscratch, x2                  trap_Mhandler+0
CSR mscratch (0x340) <- 0x0000000000000000
x2 <- 0x0000000080004000

clint mtime 0x0000000000000314 (mip.MTI <- 0b1, mip.STI <- 0b0)
mem[X,0x0000000080001704] -> 0x3423
mem[X,0x0000000080001706] -> 0x28B1
[1576] [M]: 0x0000000080001704 (0x28B13423) sd x11, 0x288(x2)                       trap_Mhandler+4
mem[W,0x0000000080004288] <- 0x00000000000000C5

mem[X,0x0000000080001708] -> 0x05EF
mem[X,0x000000008000170A] -> 0x0B80
[1577] [M]: 0x0000000080001708 (0x0B8005EF) jal x11, 0xb8                           trap_Mhandler+8
x11 <- 0x000000008000170C

clint mtime 0x0000000000000315 (mip.MTI <- 0b1, mip.STI <- 0b0)
mem[X,0x00000000800017C0] -> 0x3023
mem[X,0x00000000800017C2] -> 0x28A1
[1578] [M]: 0x00000000800017C0 (0x28A13023) sd x10, 0x280(x2)                       common_Mhandler+0
mem[W,0x0000000080004280] <- 0x00000000200000C5

mem[X,0x00000000800017C4] -> 0x1573
mem[X,0x00000000800017C6] -> 0x3401
[1579] [M]: 0x00000000800017C4 (0x34011573) csrrw x10, mscratch, x2                 common_Mhandler+4
CSR mscratch (0x340) <- 0x0000000080004000
x10 <- 0x0000000000000000

clint mtime 0x0000000000000316 (mip.MTI <- 0b1, mip.STI <- 0b0)
mem[X,0x00000000800017C8] -> 0x3823
mem[X,0x00000000800017CA] -> 0x28A1
[1580] [M]: 0x00000000800017C8 (0x28A13823) sd x10, 0x290(x2)                       common_Mhandler+8
mem[W,0x0000000080004290] <- 0x0000000000000000

mem[X,0x00000000800017CC] -> 0x3503
mem[X,0x00000000800017CE] -> 0x2301
[1581] [M]: 0x00000000800017CC (0x23013503) ld x10, 0x230(x2)                       common_Mhandler+12
mem[R,0x0000000080004230] -> 0x00000000800017D4
x10 <- 0x00000000800017D4

clint mtime 0x0000000000000317 (mip.MTI <- 0b1, mip.STI <- 0b0)
mem[X,0x00000000800017D0] -> 0x0067
mem[X,0x00000000800017D2] -> 0x0005
[1582] [M]: 0x00000000800017D0 (0x00050067) jalr x0, 0x0(x10)                       common_Mhandler+16

mem[X,0x00000000800017D4] -> 0x3C23
mem[X,0x00000000800017D6] -> 0x2691
[1583] [M]: 0x00000000800017D4 (0x26913C23) sd x9, 0x278(x2)                        common_Mentry+0
mem[W,0x0000000080004278] <- 0x00000001000000C8

clint mtime 0x0000000000000318 (mip.MTI <- 0b1, mip.STI <- 0b0)
mem[X,0x00000000800017D8] -> 0x3823
mem[X,0x00000000800017DA] -> 0x2681
[1584] [M]: 0x00000000800017D8 (0x26813823) sd x8, 0x270(x2)                        common_Mentry+4
mem[W,0x0000000080004270] <- 0x0000000000007F76

mem[X,0x00000000800017DC] -> 0x3423
mem[X,0x00000000800017DE] -> 0x2671
[1585] [M]: 0x00000000800017DC (0x26713423) sd x7, 0x268(x2)                        common_Mentry+8
mem[W,0x0000000080004268] <- 0x0000000080004000

clint mtime 0x0000000000000319 (mip.MTI <- 0b1, mip.STI <- 0b0)
mem[X,0x00000000800017E0] -> 0x3023
mem[X,0x00000000800017E2] -> 0x2661
[1586] [M]: 0x00000000800017E0 (0x26613023) sd x6, 0x260(x2)                        common_Mentry+12
mem[W,0x0000000080004260] <- 0xFFFFFFFF7FFFF46C

mem[X,0x00000000800017E4] -> 0x2573
mem[X,0x00000000800017E6] -> 0x3420
[1587] [M]: 0x00000000800017E4 (0x34202573) csrrs x10, mcause, x0                   spcl_M2mmode_test+0
CSR mcause (0x342) -> 0x000000000000000C
x10 <- 0x000000000000000C

clint mtime 0x000000000000031A (mip.MTI <- 0b1, mip.STI <- 0b0)
mem[X,0x00000000800017E8] -> 0x04B7
mem[X,0x00000000800017EA] -> 0x8000
[1588] [M]: 0x00000000800017E8 (0x800004B7) lui x9, -0x80000                        spcl_M2mmode_test+4
x9 <- 0xFFFFFFFF80000000

mem[X,0x00000000800017EC] -> 0x8493
mem[X,0x00000000800017EE] -> 0x0004
[1589] [M]: 0x00000000800017EC (0x00048493) addi x9, x9, 0x0                        spcl_M2mmode_test+8
x9 <- 0xFFFFFFFF80000000

clint mtime 0x000000000000031B (mip.MTI <- 0b1, mip.STI <- 0b0)
mem[X,0x00000000800017F0] -> 0x9493
mem[X,0x00000000800017F2] -> 0x00B4
[1590] [M]: 0x00000000800017F0 (0x00B49493) slli x9, x9, 0xb                        spcl_M2mmode_test+12
x9 <- 0xFFFFFC0000000000

mem[X,0x00000000800017F4] -> 0x8493
mem[X,0x00000000800017F6] -> 0x0004
[1591] [M]: 0x00000000800017F4 (0x00048493) addi x9, x9, 0x0                        spcl_M2mmode_test+16
x9 <- 0xFFFFFC0000000000

clint mtime 0x000000000000031C (mip.MTI <- 0b1, mip.STI <- 0b0)
mem[X,0x00000000800017F8] -> 0x9493
mem[X,0x00000000800017FA] -> 0x00B4
[1592] [M]: 0x00000000800017F8 (0x00B49493) slli x9, x9, 0xb                        spcl_M2mmode_test+20
x9 <- 0xFFE0000000000000

mem[X,0x00000000800017FC] -> 0x8493
mem[X,0x00000000800017FE] -> 0x0034
[1593] [M]: 0x00000000800017FC (0x00348493) addi x9, x9, 0x3                        spcl_M2mmode_test+24
x9 <- 0xFFE0000000000003

clint mtime 0x000000000000031D (mip.MTI <- 0b1, mip.STI <- 0b0)
mem[X,0x0000000080001800] -> 0x9493
mem[X,0x0000000080001802] -> 0x00A4
[1594] [M]: 0x0000000080001800 (0x00A49493) slli x9, x9, 0xa                        spcl_M2mmode_test+28
x9 <- 0x8000000000000C00

mem[X,0x0000000080001804] -> 0x8493
mem[X,0x0000000080001806] -> 0x3FC4
[1595] [M]: 0x0000000080001804 (0x3FC48493) addi x9, x9, 0x3fc                      spcl_M2mmode_test+32
x9 <- 0x8000000000000FFC

clint mtime 0x000000000000031E (mip.MTI <- 0b1, mip.STI <- 0b0)
mem[X,0x0000000080001808] -> 0xF4B3
mem[X,0x000000008000180A] -> 0x00A4
[1596] [M]: 0x0000000080001808 (0x00A4F4B3) and x9, x9, x10                         spcl_M2mmode_test+36
x9 <- 0x000000000000000C

mem[X,0x000000008000180C] -> 0x8493
mem[X,0x000000008000180E] -> 0xFF84
[1597] [M]: 0x000000008000180C (0xFF848493) addi x9, x9, -0x8                       spcl_M2mmode_test+40
x9 <- 0x0000000000000004

clint mtime 0x000000000000031F (mip.MTI <- 0b1, mip.STI <- 0b0)
mem[X,0x0000000080001810] -> 0x9663
mem[X,0x0000000080001812] -> 0x0004
[1598] [M]: 0x0000000080001810 (0x00049663) bne x9, x0, 0xc                         spcl_M2mmode_test+44

mem[X,0x000000008000181C] -> 0x0393
mem[X,0x000000008000181E] -> 0x0200
[1599] [M]: 0x000000008000181C (0x02000393) addi x7, x0, 0x20                       Mtrapsig_ptr_upd+0
x7 <- 0x0000000000000020

clint mtime 0x0000000000000320 (mip.MTI <- 0b1, mip.STI <- 0b0)
mem[X,0x0000000080001820] -> 0x5263
mem[X,0x0000000080001822] -> 0x0405
[1600] [M]: 0x0000000080001820 (0x04055263) bge x10, x0, 0x44                       Mtrapsig_ptr_upd+4

mem[X,0x0000000080001864] -> 0x2373
mem[X,0x0000000080001866] -> 0x3010
[1601] [M]: 0x0000000080001864 (0x30102373) csrrs x6, misa, x0                      Mxcpt_sig_sv+0
CSR misa (0x301) -> 0x800000000034112F
x6 <- 0x800000000034112F

clint mtime 0x0000000000000321 (mip.MTI <- 0b1, mip.STI <- 0b0)
mem[X,0x0000000080001868] -> 0x1313
mem[X,0x000000008000186A] -> 0x0383
[1602] [M]: 0x0000000080001868 (0x03831313) slli x6, x6, 0x38                       Mxcpt_sig_sv+4
x6 <- 0x2F00000000000000

mem[X,0x000000008000186C] -> 0x5463
mem[X,0x000000008000186E] -> 0x0003
[1603] [M]: 0x000000008000186C (0x00035463) bge x6, x0, 0x8                         Mxcpt_sig_sv+8

clint mtime 0x0000000000000322 (mip.MTI <- 0b1, mip.STI <- 0b0)
mem[X,0x0000000080001874] -> 0x3303
mem[X,0x0000000080001876] -> 0x2181
[1604] [M]: 0x0000000080001874 (0x21813303) ld x6, 0x218(x2)                        Mtrap_sig_sv+0
mem[R,0x0000000080004218] -> 0x00000000800085F8
x6 <- 0x00000000800085F8

mem[X,0x0000000080001878] -> 0x04B3
mem[X,0x000000008000187A] -> 0x0073
[1605] [M]: 0x0000000080001878 (0x007304B3) add x9, x6, x7                          Mtrap_sig_sv+4
x9 <- 0x0000000080008618

clint mtime 0x0000000000000323 (mip.MTI <- 0b1, mip.STI <- 0b0)
mem[X,0x000000008000187C] -> 0x3C23
mem[X,0x000000008000187E] -> 0x2091
[1606] [M]: 0x000000008000187C (0x20913C23) sd x9, 0x218(x2)                        Mtrap_sig_sv+8
mem[W,0x0000000080004218] <- 0x0000000080008618

mem[X,0x0000000080001880] -> 0x3403
mem[X,0x0000000080001882] -> 0x1F81
[1607] [M]: 0x0000000080001880 (0x1F813403) ld x8, 0x1f8(x2)                        Mtrap_sig_sv+12
mem[R,0x00000000800041F8] -> 0x0000000080008110
x8 <- 0x0000000080008110

clint mtime 0x0000000000000324 (mip.MTI <- 0b1, mip.STI <- 0b0)
mem[X,0x0000000080001884] -> 0x0333
mem[X,0x0000000080001886] -> 0x4083
[1608] [M]: 0x0000000080001884 (0x40830333) sub x6, x6, x8                          Mtrap_sig_sv+16
x6 <- 0x00000000000004E8

mem[X,0x0000000080001888] -> 0x3403
mem[X,0x000000008000188A] -> 0x1F81
[1609] [M]: 0x0000000080001888 (0x1F813403) ld x8, 0x1f8(x2)                        Mtrap_sig_sv+20
mem[R,0x00000000800041F8] -> 0x0000000080008110
x8 <- 0x0000000080008110

clint mtime 0x0000000000000325 (mip.MTI <- 0b1, mip.STI <- 0b0)
mem[X,0x000000008000188C] -> 0x0333
mem[X,0x000000008000188E] -> 0x0083
[1610] [M]: 0x000000008000188C (0x00830333) add x6, x6, x8                          Mtrap_sig_sv+24
x6 <- 0x00000000800085F8

mem[X,0x0000000080001890] -> 0x3403
mem[X,0x0000000080001892] -> 0x2401
[1611] [M]: 0x0000000080001890 (0x24013403) ld x8, 0x240(x2)                        Mtrap_sig_sv+28
mem[R,0x0000000080004240] -> 0x0000000080001600
x8 <- 0x0000000080001600

clint mtime 0x0000000000000326 (mip.MTI <- 0b1, mip.STI <- 0b0)
mem[X,0x0000000080001894] -> 0x85B3
mem[X,0x0000000080001896] -> 0x4085
[1612] [M]: 0x0000000080001894 (0x408585B3) sub x11, x11, x8                        sv_Mvect+0
x11 <- 0x000000000000010C

mem[X,0x0000000080001898] -> 0x9593
mem[X,0x000000008000189A] -> 0x0045
[1613] [M]: 0x0000000080001898 (0x00459593) slli x11, x11, 0x4                      sv_Mvect+4
x11 <- 0x00000000000010C0

clint mtime 0x0000000000000327 (mip.MTI <- 0b1, mip.STI <- 0b0)
mem[X,0x000000008000189C] -> 0xE5B3
mem[X,0x000000008000189E] -> 0x0075
[1614] [M]: 0x000000008000189C (0x0075E5B3) or x11, x11, x7                         sv_Mvect+8
x11 <- 0x00000000000010E0

mem[X,0x00000000800018A0] -> 0x8593
mem[X,0x00000000800018A2] -> 0x0035
[1615] [M]: 0x00000000800018A0 (0x00358593) addi x11, x11, 0x3                      sv_Mvect+12
x11 <- 0x00000000000010E3

clint mtime 0x0000000000000328 (mip.MTI <- 0b1, mip.STI <- 0b0)
mem[X,0x00000000800018A4] -> 0x3023
mem[X,0x00000000800018A6] -> 0x00B3
[1616] [M]: 0x00000000800018A4 (0x00B33023) sd x11, 0x0(x6)                         sv_Mvect+16
mem[W,0x00000000800085F8] <- 0x00000000000010E3

mem[X,0x00000000800018A8] -> 0x3423
mem[X,0x00000000800018AA] -> 0x00A3
[1617] [M]: 0x00000000800018A8 (0x00A33423) sd x10, 0x8(x6)                         sv_Mcause+0
mem[W,0x0000000080008600] <- 0x000000000000000C

clint mtime 0x0000000000000329 (mip.MTI <- 0b1, mip.STI <- 0b0)
mem[X,0x00000000800018AC] -> 0x4663
mem[X,0x00000000800018AE] -> 0x1A05
[1618] [M]: 0x00000000800018AC (0x1A054663) blt x10, x0, 0x1ac                      sv_Mcause+4

mem[X,0x00000000800018B0] -> 0x25F3
mem[X,0x00000000800018B2] -> 0x3000
[1619] [M]: 0x00000000800018B0 (0x300025F3) csrrs x11, mstatus, x0                  common_Mexcpt_handler+0
CSR mstatus (0x300) -> 0x0000000A00000800
x11 <- 0x0000000A00000800

clint mtime 0x000000000000032A (mip.MTI <- 0b1, mip.STI <- 0b0)
mem[X,0x00000000800018B4] -> 0x9413
mem[X,0x00000000800018B6] -> 0x02E5
[1620] [M]: 0x00000000800018B4 (0x02E59413) slli x8, x11, 0x2e                      common_Mexcpt_handler+4
x8 <- 0x0200000000000000

mem[X,0x00000000800018B8] -> 0x5463
mem[X,0x00000000800018BA] -> 0x0004
[1621] [M]: 0x00000000800018B8 (0x00045463) bge x8, x0, 0x8                         common_Mexcpt_handler+8

clint mtime 0x000000000000032B (mip.MTI <- 0b1, mip.STI <- 0b0)
mem[X,0x00000000800018C0] -> 0xD493
mem[X,0x00000000800018C2] -> 0x00B5
[1622] [M]: 0x00000000800018C0 (0x00B5D493) srli x9, x11, 0xb                       common_Mexcpt_handler+16
x9 <- 0x0000000001400001

mem[X,0x00000000800018C4] -> 0xF493
mem[X,0x00000000800018C6] -> 0x0034
[1623] [M]: 0x00000000800018C4 (0x0034F493) andi x9, x9, 0x3                        common_Mexcpt_handler+20
x9 <- 0x0000000000000001

clint mtime 0x000000000000032C (mip.MTI <- 0b1, mip.STI <- 0b0)
mem[X,0x00000000800018C8] -> 0x8493
mem[X,0x00000000800018CA] -> 0x0014
[1624] [M]: 0x00000000800018C8 (0x00148493) addi x9, x9, 0x1                        common_Mexcpt_handler+24
x9 <- 0x0000000000000002

mem[X,0x00000000800018CC] -> 0xF493
mem[X,0x00000000800018CE] -> 0x0044
[1625] [M]: 0x00000000800018CC (0x0044F493) andi x9, x9, 0x4                        common_Mexcpt_handler+28
x9 <- 0x0000000000000000

clint mtime 0x000000000000032D (mip.MTI <- 0b1, mip.STI <- 0b0)
mem[X,0x00000000800018D0] -> 0x0593
mem[X,0x00000000800018D2] -> 0x05D0
[1626] [M]: 0x00000000800018D0 (0x05D00593) addi x11, x0, 0x5d                      common_Mexcpt_handler+32
x11 <- 0x000000000000005D

mem[X,0x00000000800018D4] -> 0xD5B3
mem[X,0x00000000800018D6] -> 0x0095
[1627] [M]: 0x00000000800018D4 (0x0095D5B3) srl x11, x11, x9                        common_Mexcpt_handler+36
x11 <- 0x000000000000005D

clint mtime 0x000000000000032E (mip.MTI <- 0b1, mip.STI <- 0b0)
mem[X,0x00000000800018D8] -> 0xF593
mem[X,0x00000000800018DA] -> 0x0015
[1628] [M]: 0x00000000800018D8 (0x0015F593) andi x11, x11, 0x1                      common_Mexcpt_handler+40
x11 <- 0x0000000000000001

mem[X,0x00000000800018DC] -> 0x8EE3
mem[X,0x00000000800018DE] -> 0xF405
[1629] [M]: 0x00000000800018DC (0xF4058EE3) beq x11, x0, -0xa4                      common_Mexcpt_handler+44

clint mtime 0x000000000000032F (mip.MTI <- 0b1, mip.STI <- 0b0)
mem[X,0x00000000800018E0] -> 0x0593
mem[X,0x00000000800018E2] -> 0x2980
[1630] [M]: 0x00000000800018E0 (0x29800593) addi x11, x0, 0x298                     common_Mexcpt_handler+48
x11 <- 0x0000000000000298

mem[X,0x00000000800018E4] -> 0xF413
mem[X,0x00000000800018E6] -> 0x0014
[1631] [M]: 0x00000000800018E4 (0x0014F413) andi x8, x9, 0x1                        common_Mexcpt_handler+52
x8 <- 0x0000000000000000

clint mtime 0x0000000000000330 (mip.MTI <- 0b1, mip.STI <- 0b0)
mem[X,0x00000000800018E8] -> 0x95B3
mem[X,0x00000000800018EA] -> 0x0085
[1632] [M]: 0x00000000800018E8 (0x008595B3) sll x11, x11, x8                        common_Mexcpt_handler+56
x11 <- 0x0000000000000298

mem[X,0x00000000800018EC] -> 0x9413
mem[X,0x00000000800018EE] -> 0x03D4
[1633] [M]: 0x00000000800018EC (0x03D49413) slli x8, x9, 0x3d                       common_Mexcpt_handler+60
x8 <- 0x0000000000000000

clint mtime 0x0000000000000331 (mip.MTI <- 0b1, mip.STI <- 0b0)
mem[X,0x00000000800018F0] -> 0x5413
mem[X,0x00000000800018F2] -> 0x43F4
[1634] [M]: 0x00000000800018F0 (0x43F45413) srai x8, x8, 0x3f                       common_Mexcpt_handler+64
x8 <- 0x0000000000000000

mem[X,0x00000000800018F4] -> 0x4413
mem[X,0x00000000800018F6] -> 0xFFF4
[1635] [M]: 0x00000000800018F4 (0xFFF44413) xori x8, x8, -0x1                       common_Mexcpt_handler+68
x8 <- 0xFFFFFFFFFFFFFFFF

clint mtime 0x0000000000000332 (mip.MTI <- 0b1, mip.STI <- 0b0)
mem[X,0x00000000800018F8] -> 0xF4B3
mem[X,0x00000000800018FA] -> 0x0085
[1636] [M]: 0x00000000800018F8 (0x0085F4B3) and x9, x11, x8                         common_Mexcpt_handler+72
x9 <- 0x0000000000000298

mem[X,0x00000000800018FC] -> 0x84B3
mem[X,0x00000000800018FE] -> 0x0024
[1637] [M]: 0x00000000800018FC (0x002484B3) add x9, x9, x2                          vmem_adj_Mepc+0
x9 <- 0x0000000080004298

clint mtime 0x0000000000000333 (mip.MTI <- 0b1, mip.STI <- 0b0)
mem[X,0x0000000080001900] -> 0x23F3
mem[X,0x0000000080001902] -> 0x3410
[1638] [M]: 0x0000000080001900 (0x341023F3) csrrs x7, mepc, x0                      vmem_adj_Mepc+4
CSR mepc (0x341) -> 0x0000000140000404
x7 <- 0x0000000140000404

mem[X,0x0000000080001904] -> 0x0413
mem[X,0x0000000080001906] -> 0x0004
[1639] [M]: 0x0000000080001904 (0x00040413) addi x8, x8, 0x0                        vmem_adj_Mepc+8
x8 <- 0xFFFFFFFFFFFFFFFF

clint mtime 0x0000000000000334 (mip.MTI <- 0b1, mip.STI <- 0b0)
mem[X,0x0000000080001908] -> 0x006F
mem[X,0x000000008000190A] -> 0x0400
[1640] [M]: 0x0000000080001908 (0x0400006F) jal x0, 0x40                            vmem_adj_Mepc+12

mem[X,0x0000000080001948] -> 0x8433
mem[X,0x000000008000194A] -> 0x4083
[1641] [M]: 0x0000000080001948 (0x40838433) sub x8, x7, x8                          adj_Mepc+0
x8 <- 0x0000000140000405

clint mtime 0x0000000000000335 (mip.MTI <- 0b1, mip.STI <- 0b0)
mem[X,0x000000008000194C] -> 0x3823
mem[X,0x000000008000194E] -> 0x0083
[1642] [M]: 0x000000008000194C (0x00833823) sd x8, 0x10(x6)                         sv_Mepc+0
mem[W,0x0000000080008608] <- 0x0000000140000405

mem[X,0x0000000080001950] -> 0x55B7
mem[X,0x0000000080001952] -> 0x0000
[1643] [M]: 0x0000000080001950 (0x000055B7) lui x11, 0x5                            sv_Mepc+4
x11 <- 0x0000000000005000

clint mtime 0x0000000000000336 (mip.MTI <- 0b1, mip.STI <- 0b0)
mem[X,0x0000000080001954] -> 0x8593
mem[X,0x0000000080001956] -> 0x6675
[1644] [M]: 0x0000000080001954 (0x66758593) addi x11, x11, 0x667                    sv_Mepc+8
x11 <- 0x0000000000005667

mem[X,0x0000000080001958] -> 0x9593
mem[X,0x000000008000195A] -> 0x0015
[1645] [M]: 0x0000000080001958 (0x00159593) slli x11, x11, 0x1                      sv_Mepc+12
x11 <- 0x000000000000ACCE

clint mtime 0x0000000000000337 (mip.MTI <- 0b1, mip.STI <- 0b0)
mem[X,0x000000008000195C] -> 0x9063
mem[X,0x000000008000195E] -> 0x02B1
[1646] [M]: 0x000000008000195C (0x02B19063) bne x3, x11, 0x20                       sv_Mepc+16

mem[X,0x0000000080001960] -> 0x2473
mem[X,0x0000000080001962] -> 0x3420
[1647] [M]: 0x0000000080001960 (0x34202473) csrrs x8, mcause, x0                    sv_Mepc+20
CSR mcause (0x342) -> 0x000000000000000C
x8 <- 0x000000000000000C

clint mtime 0x0000000000000338 (mip.MTI <- 0b1, mip.STI <- 0b0)
mem[X,0x0000000080001964] -> 0x0593
mem[X,0x0000000080001966] -> 0x00C0
[1648] [M]: 0x0000000080001964 (0x00C00593) addi x11, x0, 0xc                       sv_Mepc+24
x11 <- 0x000000000000000C

mem[X,0x0000000080001968] -> 0x0663
mem[X,0x000000008000196A] -> 0x00B4
[1649] [M]: 0x0000000080001968 (0x00B40663) beq x8, x11, 0xc                        sv_Mepc+28

clint mtime 0x0000000000000339 (mip.MTI <- 0b1, mip.STI <- 0b0)
mem[X,0x0000000080001974] -> 0x1073
mem[X,0x0000000080001976] -> 0x3412
[1650] [M]: 0x0000000080001974 (0x34121073) csrrw x0, mepc, x4                      sv_Mepc+40
CSR mepc (0x341) <- 0x0000000180000CCC

mem[X,0x0000000080001978] -> 0x006F
mem[X,0x000000008000197A] -> 0x0100
[1651] [M]: 0x0000000080001978 (0x0100006F) jal x0, 0x10                            sv_Mepc+44

clint mtime 0x000000000000033A (mip.MTI <- 0b1, mip.STI <- 0b0)
mem[X,0x0000000080001988] -> 0x23F3
mem[X,0x000000008000198A] -> 0x3430
[1652] [M]: 0x0000000080001988 (0x343023F3) csrrs x7, mtval, x0                     skp_adj_Mepc+0
CSR mtval (0x343) -> 0x0000000140000404
x7 <- 0x0000000140000404

mem[X,0x000000008000198C] -> 0x0413
mem[X,0x000000008000198E] -> 0x0004
[1653] [M]: 0x000000008000198C (0x00040413) addi x8, x8, 0x0                        skp_adj_Mepc+4
x8 <- 0x000000000000000C

clint mtime 0x000000000000033B (mip.MTI <- 0b1, mip.STI <- 0b0)
mem[X,0x0000000080001990] -> 0x006F
mem[X,0x0000000080001992] -> 0x0840
[1654] [M]: 0x0000000080001990 (0x0840006F) jal x0, 0x84                            skp_adj_Mepc+8

mem[X,0x0000000080001A14] -> 0x8433
mem[X,0x0000000080001A16] -> 0x4083
[1655] [M]: 0x0000000080001A14 (0x40838433) sub x8, x7, x8                          adj_Mtval+0
x8 <- 0x00000001400003F8

clint mtime 0x000000000000033C (mip.MTI <- 0b1, mip.STI <- 0b0)
mem[X,0x0000000080001A18] -> 0x3C23
mem[X,0x0000000080001A1A] -> 0x0083
[1656] [M]: 0x0000000080001A18 (0x00833C23) sd x8, 0x18(x6)                         sv_Mtval+0
mem[W,0x0000000080008610] <- 0x00000001400003F8

mem[X,0x0000000080001A1C] -> 0x3483
mem[X,0x0000000080001A1E] -> 0x2181
[1657] [M]: 0x0000000080001A1C (0x21813483) ld x9, 0x218(x2)                        skp_Mtval+0
mem[R,0x0000000080004218] -> 0x0000000080008618
x9 <- 0x0000000080008618

clint mtime 0x000000000000033D (mip.MTI <- 0b1, mip.STI <- 0b0)
mem[X,0x0000000080001A20] -> 0x3383
mem[X,0x0000000080001A22] -> 0x1F81
[1658] [M]: 0x0000000080001A20 (0x1F813383) ld x7, 0x1f8(x2)                        skp_Mtval+4
mem[R,0x00000000800041F8] -> 0x0000000080008110
x7 <- 0x0000000080008110

mem[X,0x0000000080001A24] -> 0x3303
mem[X,0x0000000080001A26] -> 0x2001
[1659] [M]: 0x0000000080001A24 (0x20013303) ld x6, 0x200(x2)                        skp_Mtval+8
mem[R,0x0000000080004200] -> 0x0000000000000810
x6 <- 0x0000000000000810

clint mtime 0x000000000000033E (mip.MTI <- 0b1, mip.STI <- 0b0)
mem[X,0x0000000080001A28] -> 0x0333
mem[X,0x0000000080001A2A] -> 0x0073
[1660] [M]: 0x0000000080001A28 (0x00730333) add x6, x6, x7                          skp_Mtval+12
x6 <- 0x0000000080008920

mem[X,0x0000000080001A2C] -> 0x6AE3
mem[X,0x0000000080001A2E] -> 0xAC93
[1661] [M]: 0x0000000080001A2C (0xAC936AE3) bltu x6, x9, -0x52c                     skp_Mtval+16

clint mtime 0x000000000000033F (mip.MTI <- 0b1, mip.STI <- 0b0)
mem[X,0x0000000080001A30] -> 0x0393
mem[X,0x0000000080001A32] -> 0x2000
[1662] [M]: 0x0000000080001A30 (0x20000393) addi x7, x0, 0x200                      skp_Mtval+20
x7 <- 0x0000000000000200

mem[X,0x0000000080001A34] -> 0x006F
mem[X,0x0000000080001A36] -> 0x0400
[1663] [M]: 0x0000000080001A34 (0x0400006F) jal x0, 0x40                            skp_Mtval+24

clint mtime 0x0000000000000340 (mip.MTI <- 0b1, mip.STI <- 0b0)
mem[X,0x0000000080001A74] -> 0x0417
mem[X,0x0000000080001A76] -> 0x0000
[1664] [M]: 0x0000000080001A74 (0x00000417) auipc x8, 0x0                           spcl_Mhandler+0
x8 <- 0x0000000080001A74

mem[X,0x0000000080001A78] -> 0x0413
mem[X,0x0000000080001A7A] -> 0x03C4
[1665] [M]: 0x0000000080001A78 (0x03C40413) addi x8, x8, 0x3c                       spcl_Mhandler+4
x8 <- 0x0000000080001AB0

clint mtime 0x0000000000000341 (mip.MTI <- 0b1, mip.STI <- 0b0)
mem[X,0x0000000080001A7C] -> 0x0433
mem[X,0x0000000080001A7E] -> 0x0074
[1666] [M]: 0x0000000080001A7C (0x00740433) add x8, x8, x7                          spcl_Mhandler+8
x8 <- 0x0000000080001CB0

mem[X,0x0000000080001A80] -> 0x1393
mem[X,0x0000000080001A82] -> 0x0035
[1667] [M]: 0x0000000080001A80 (0x00351393) slli x7, x10, 0x3                       spcl_Mhandler+12
x7 <- 0x0000000000000060

clint mtime 0x0000000000000342 (mip.MTI <- 0b1, mip.STI <- 0b0)
mem[X,0x0000000080001A84] -> 0x0433
mem[X,0x0000000080001A86] -> 0x0074
[1668] [M]: 0x0000000080001A84 (0x00740433) add x8, x8, x7                          spcl_Mhandler+16
x8 <- 0x0000000080001D10

mem[X,0x0000000080001A88] -> 0x7413
mem[X,0x0000000080001A8A] -> 0xFF84
[1669] [M]: 0x0000000080001A88 (0xFF847413) andi x8, x8, -0x8                       spcl_Mhandler+20
x8 <- 0x0000000080001D10

clint mtime 0x0000000000000343 (mip.MTI <- 0b1, mip.STI <- 0b0)
mem[X,0x0000000080001A8C] -> 0x3403
mem[X,0x0000000080001A8E] -> 0x0004
[1670] [M]: 0x0000000080001A8C (0x00043403) ld x8, 0x0(x8)                          spcl_Mhandler+24
mem[R,0x0000000080001D10] -> 0x0000000000000019
x8 <- 0x0000000000000019

mem[X,0x0000000080001A90] -> 0x02E3
mem[X,0x0000000080001A92] -> 0xB004
[1671] [M]: 0x0000000080001A90 (0xB00402E3) beq x8, x0, -0x4fc                      spcl_Mdispatch_hndling+0

clint mtime 0x0000000000000344 (mip.MTI <- 0b1, mip.STI <- 0b0)
mem[X,0x0000000080001A94] -> 0x1393
mem[X,0x0000000080001A96] -> 0x03F4
[1672] [M]: 0x0000000080001A94 (0x03F41393) slli x7, x8, 0x3f                       spcl_Mdispatch_hndling+4
x7 <- 0x8000000000000000

mem[X,0x0000000080001A98] -> 0xD863
mem[X,0x0000000080001A9A] -> 0x0003
[1673] [M]: 0x0000000080001A98 (0x0003D863) bge x7, x0, 0x10                        spcl_Mdispatch_hndling+8

clint mtime 0x0000000000000345 (mip.MTI <- 0b1, mip.STI <- 0b0)
mem[X,0x0000000080001A9C] -> 0x5413
mem[X,0x0000000080001A9E] -> 0x0014
[1674] [M]: 0x0000000080001A9C (0x00145413) srli x8, x8, 0x1                        spcl_Mdispatch_hndling+12
x8 <- 0x000000000000000C

mem[X,0x0000000080001AA0] -> 0x0CE3
mem[X,0x0000000080001AA2] -> 0xF885
[1675] [M]: 0x0000000080001AA0 (0xF8850CE3) beq x10, x8, -0x68                      spcl_Mdispatch_hndling+16

clint mtime 0x0000000000000346 (mip.MTI <- 0b1, mip.STI <- 0b0)
mem[X,0x0000000080001A38] -> 0x3303
mem[X,0x0000000080001A3A] -> 0x2601
[1676] [M]: 0x0000000080001A38 (0x26013303) ld x6, 0x260(x2)                        resto_Mrtn+0
mem[R,0x0000000080004260] -> 0xFFFFFFFF7FFFF46C
x6 <- 0xFFFFFFFF7FFFF46C

mem[X,0x0000000080001A3C] -> 0x3383
mem[X,0x0000000080001A3E] -> 0x2681
[1677] [M]: 0x0000000080001A3C (0x26813383) ld x7, 0x268(x2)                        resto_Mrtn+4
mem[R,0x0000000080004268] -> 0x0000000080004000
x7 <- 0x0000000080004000

clint mtime 0x0000000000000347 (mip.MTI <- 0b1, mip.STI <- 0b0)
mem[X,0x0000000080001A40] -> 0x3403
mem[X,0x0000000080001A42] -> 0x2701
[1678] [M]: 0x0000000080001A40 (0x27013403) ld x8, 0x270(x2)                        resto_Mrtn+8
mem[R,0x0000000080004270] -> 0x0000000000007F76
x8 <- 0x0000000000007F76

mem[X,0x0000000080001A44] -> 0x3483
mem[X,0x0000000080001A46] -> 0x2781
[1679] [M]: 0x0000000080001A44 (0x27813483) ld x9, 0x278(x2)                        resto_Mrtn+12
mem[R,0x0000000080004278] -> 0x00000001000000C8
x9 <- 0x00000001000000C8

clint mtime 0x0000000000000348 (mip.MTI <- 0b1, mip.STI <- 0b0)
mem[X,0x0000000080001A48] -> 0x3503
mem[X,0x0000000080001A4A] -> 0x2801
[1680] [M]: 0x0000000080001A48 (0x28013503) ld x10, 0x280(x2)                       resto_Mrtn+16
mem[R,0x0000000080004280] -> 0x00000000200000C5
x10 <- 0x00000000200000C5

mem[X,0x0000000080001A4C] -> 0x3583
mem[X,0x0000000080001A4E] -> 0x2881
[1681] [M]: 0x0000000080001A4C (0x28813583) ld x11, 0x288(x2)                       resto_Mrtn+20
mem[R,0x0000000080004288] -> 0x00000000000000C5
x11 <- 0x00000000000000C5

clint mtime 0x0000000000000349 (mip.MTI <- 0b1, mip.STI <- 0b0)
mem[X,0x0000000080001A50] -> 0x3103
mem[X,0x0000000080001A52] -> 0x2901
[1682] [M]: 0x0000000080001A50 (0x29013103) ld x2, 0x290(x2)                        resto_Mrtn+24
mem[R,0x0000000080004290] -> 0x0000000000000000
x2 <- 0x0000000000000000

mem[X,0x0000000080001A54] -> 0x0073
mem[X,0x0000000080001A56] -> 0x3020
[1683] [M]: 0x0000000080001A54 (0x30200073) mret                                    resto_Mrtn+28
CSR mstatus (0x300) <- 0x0000000A00000080
ret-ing from M to S

clint mtime 0x000000000000034A (mip.MTI <- 0b1, mip.STI <- 0b0)
mem[X,0x0000000080000CCC] -> 0x0013
mem[X,0x0000000080000CCE] -> 0x0000
[1684] [S]: 0x0000000180000CCC (0x00000013) addi x0, x0, 0x0                        va_rvtest_code_begin+1264

mem[X,0x0000000080000CD0] -> 0x0013
mem[X,0x0000000080000CD2] -> 0x0000
[1685] [S]: 0x0000000180000CD0 (0x00000013) addi x0, x0, 0x0                        va_rvtest_code_begin+1268

clint mtime 0x000000000000034B (mip.MTI <- 0b1, mip.STI <- 0b0)
mem[X,0x0000000080000CD4] -> 0x0013
mem[X,0x0000000080000CD6] -> 0x0000
[1686] [S]: 0x0000000180000CD4 (0x00000013) addi x0, x0, 0x0                        va_rvtest_code_begin+1272

mem[X,0x0000000080000CD8] -> 0x0113
mem[X,0x0000000080000CDA] -> 0x0000
[1687] [S]: 0x0000000180000CD8 (0x00000113) addi x2, x0, 0x0                        va_rvtest_code_begin+1276
x2 <- 0x0000000000000000

clint mtime 0x000000000000034C (mip.MTI <- 0b1, mip.STI <- 0b0)
mem[X,0x0000000080000CDC] -> 0x0073
mem[X,0x0000000080000CDE] -> 0x0000
[1688] [S]: 0x0000000180000CDC (0x00000073) ecall                                   va_rvtest_code_begin+1280
trapping from S to M to handle s-call
handling exc#s-call at priv M with tval 0x0000000000000000
CSR mstatus (0x300) <- 0x0000000A00000800
CSR mcause (0x342) <- 0x0000000000000009
CSR mtval (0x343) <- 0x0000000000000000
CSR mepc (0x341) <- 0x0000000180000CDC

mem[X,0x0000000080001600] -> 0x006F
mem[X,0x0000000080001602] -> 0x1000
[1689] [M]: 0x0000000080001600 (0x1000006F) jal x0, 0x100                           Mtrampoline+0

clint mtime 0x000000000000034D (mip.MTI <- 0b1, mip.STI <- 0b0)
mem[X,0x0000000080001700] -> 0x1173
mem[X,0x0000000080001702] -> 0x3401
[1690] [M]: 0x0000000080001700 (0x34011173) csrrw x2, mscratch, x2                  trap_Mhandler+0
CSR mscratch (0x340) <- 0x0000000000000000
x2 <- 0x0000000080004000

mem[X,0x0000000080001704] -> 0x3423
mem[X,0x0000000080001706] -> 0x28B1
[1691] [M]: 0x0000000080001704 (0x28B13423) sd x11, 0x288(x2)                       trap_Mhandler+4
mem[W,0x0000000080004288] <- 0x00000000000000C5

clint mtime 0x000000000000034E (mip.MTI <- 0b1, mip.STI <- 0b0)
mem[X,0x0000000080001708] -> 0x05EF
mem[X,0x000000008000170A] -> 0x0B80
[1692] [M]: 0x0000000080001708 (0x0B8005EF) jal x11, 0xb8                           trap_Mhandler+8
x11 <- 0x000000008000170C

mem[X,0x00000000800017C0] -> 0x3023
mem[X,0x00000000800017C2] -> 0x28A1
[1693] [M]: 0x00000000800017C0 (0x28A13023) sd x10, 0x280(x2)                       common_Mhandler+0
mem[W,0x0000000080004280] <- 0x00000000200000C5

clint mtime 0x000000000000034F (mip.MTI <- 0b1, mip.STI <- 0b0)
mem[X,0x00000000800017C4] -> 0x1573
mem[X,0x00000000800017C6] -> 0x3401
[1694] [M]: 0x00000000800017C4 (0x34011573) csrrw x10, mscratch, x2                 common_Mhandler+4
CSR mscratch (0x340) <- 0x0000000080004000
x10 <- 0x0000000000000000

mem[X,0x00000000800017C8] -> 0x3823
mem[X,0x00000000800017CA] -> 0x28A1
[1695] [M]: 0x00000000800017C8 (0x28A13823) sd x10, 0x290(x2)                       common_Mhandler+8
mem[W,0x0000000080004290] <- 0x0000000000000000

clint mtime 0x0000000000000350 (mip.MTI <- 0b1, mip.STI <- 0b0)
mem[X,0x00000000800017CC] -> 0x3503
mem[X,0x00000000800017CE] -> 0x2301
[1696] [M]: 0x00000000800017CC (0x23013503) ld x10, 0x230(x2)                       common_Mhandler+12
mem[R,0x0000000080004230] -> 0x00000000800017D4
x10 <- 0x00000000800017D4

mem[X,0x00000000800017D0] -> 0x0067
mem[X,0x00000000800017D2] -> 0x0005
[1697] [M]: 0x00000000800017D0 (0x00050067) jalr x0, 0x0(x10)                       common_Mhandler+16

clint mtime 0x0000000000000351 (mip.MTI <- 0b1, mip.STI <- 0b0)
mem[X,0x00000000800017D4] -> 0x3C23
mem[X,0x00000000800017D6] -> 0x2691
[1698] [M]: 0x00000000800017D4 (0x26913C23) sd x9, 0x278(x2)                        common_Mentry+0
mem[W,0x0000000080004278] <- 0x00000001000000C8

mem[X,0x00000000800017D8] -> 0x3823
mem[X,0x00000000800017DA] -> 0x2681
[1699] [M]: 0x00000000800017D8 (0x26813823) sd x8, 0x270(x2)                        common_Mentry+4
mem[W,0x0000000080004270] <- 0x0000000000007F76

clint mtime 0x0000000000000352 (mip.MTI <- 0b1, mip.STI <- 0b0)
mem[X,0x00000000800017DC] -> 0x3423
mem[X,0x00000000800017DE] -> 0x2671
[1700] [M]: 0x00000000800017DC (0x26713423) sd x7, 0x268(x2)                        common_Mentry+8
mem[W,0x0000000080004268] <- 0x0000000080004000

mem[X,0x00000000800017E0] -> 0x3023
mem[X,0x00000000800017E2] -> 0x2661
[1701] [M]: 0x00000000800017E0 (0x26613023) sd x6, 0x260(x2)                        common_Mentry+12
mem[W,0x0000000080004260] <- 0xFFFFFFFF7FFFF46C

clint mtime 0x0000000000000353 (mip.MTI <- 0b1, mip.STI <- 0b0)
mem[X,0x00000000800017E4] -> 0x2573
mem[X,0x00000000800017E6] -> 0x3420
[1702] [M]: 0x00000000800017E4 (0x34202573) csrrs x10, mcause, x0                   spcl_M2mmode_test+0
CSR mcause (0x342) -> 0x0000000000000009
x10 <- 0x0000000000000009

mem[X,0x00000000800017E8] -> 0x04B7
mem[X,0x00000000800017EA] -> 0x8000
[1703] [M]: 0x00000000800017E8 (0x800004B7) lui x9, -0x80000                        spcl_M2mmode_test+4
x9 <- 0xFFFFFFFF80000000

clint mtime 0x0000000000000354 (mip.MTI <- 0b1, mip.STI <- 0b0)
mem[X,0x00000000800017EC] -> 0x8493
mem[X,0x00000000800017EE] -> 0x0004
[1704] [M]: 0x00000000800017EC (0x00048493) addi x9, x9, 0x0                        spcl_M2mmode_test+8
x9 <- 0xFFFFFFFF80000000

mem[X,0x00000000800017F0] -> 0x9493
mem[X,0x00000000800017F2] -> 0x00B4
[1705] [M]: 0x00000000800017F0 (0x00B49493) slli x9, x9, 0xb                        spcl_M2mmode_test+12
x9 <- 0xFFFFFC0000000000

clint mtime 0x0000000000000355 (mip.MTI <- 0b1, mip.STI <- 0b0)
mem[X,0x00000000800017F4] -> 0x8493
mem[X,0x00000000800017F6] -> 0x0004
[1706] [M]: 0x00000000800017F4 (0x00048493) addi x9, x9, 0x0                        spcl_M2mmode_test+16
x9 <- 0xFFFFFC0000000000

mem[X,0x00000000800017F8] -> 0x9493
mem[X,0x00000000800017FA] -> 0x00B4
[1707] [M]: 0x00000000800017F8 (0x00B49493) slli x9, x9, 0xb                        spcl_M2mmode_test+20
x9 <- 0xFFE0000000000000

clint mtime 0x0000000000000356 (mip.MTI <- 0b1, mip.STI <- 0b0)
mem[X,0x00000000800017FC] -> 0x8493
mem[X,0x00000000800017FE] -> 0x0034
[1708] [M]: 0x00000000800017FC (0x00348493) addi x9, x9, 0x3                        spcl_M2mmode_test+24
x9 <- 0xFFE0000000000003

mem[X,0x0000000080001800] -> 0x9493
mem[X,0x0000000080001802] -> 0x00A4
[1709] [M]: 0x0000000080001800 (0x00A49493) slli x9, x9, 0xa                        spcl_M2mmode_test+28
x9 <- 0x8000000000000C00

clint mtime 0x0000000000000357 (mip.MTI <- 0b1, mip.STI <- 0b0)
mem[X,0x0000000080001804] -> 0x8493
mem[X,0x0000000080001806] -> 0x3FC4
[1710] [M]: 0x0000000080001804 (0x3FC48493) addi x9, x9, 0x3fc                      spcl_M2mmode_test+32
x9 <- 0x8000000000000FFC

mem[X,0x0000000080001808] -> 0xF4B3
mem[X,0x000000008000180A] -> 0x00A4
[1711] [M]: 0x0000000080001808 (0x00A4F4B3) and x9, x9, x10                         spcl_M2mmode_test+36
x9 <- 0x0000000000000008

clint mtime 0x0000000000000358 (mip.MTI <- 0b1, mip.STI <- 0b0)
mem[X,0x000000008000180C] -> 0x8493
mem[X,0x000000008000180E] -> 0xFF84
[1712] [M]: 0x000000008000180C (0xFF848493) addi x9, x9, -0x8                       spcl_M2mmode_test+40
x9 <- 0x0000000000000000

mem[X,0x0000000080001810] -> 0x9663
mem[X,0x0000000080001812] -> 0x0004
[1713] [M]: 0x0000000080001810 (0x00049663) bne x9, x0, 0xc                         spcl_M2mmode_test+44

clint mtime 0x0000000000000359 (mip.MTI <- 0b1, mip.STI <- 0b0)
mem[X,0x0000000080001814] -> 0x3383
mem[X,0x0000000080001816] -> 0x2901
[1714] [M]: 0x0000000080001814 (0x29013383) ld x7, 0x290(x2)                        spcl_M2mmode_test+48
mem[R,0x0000000080004290] -> 0x0000000000000000
x7 <- 0x0000000000000000

mem[X,0x0000000080001818] -> 0x8663
mem[X,0x000000008000181A] -> 0x6E03
[1715] [M]: 0x0000000080001818 (0x6E038663) beq x7, x0, 0x6ec                       spcl_M2mmode_test+52

clint mtime 0x000000000000035A (mip.MTI <- 0b1, mip.STI <- 0b0)
mem[X,0x0000000080001F04] -> 0x0493
mem[X,0x0000000080001F06] -> 0xFF55
[1716] [M]: 0x0000000080001F04 (0xFF550493) addi x9, x10, -0xb                      rtn2mmode+0
x9 <- 0xFFFFFFFFFFFFFFFE

mem[X,0x0000000080001F08] -> 0x8C63
mem[X,0x0000000080001F0A] -> 0x0004
[1717] [M]: 0x0000000080001F08 (0x00048C63) beq x9, x0, 0x18                        rtn2mmode+4

clint mtime 0x000000000000035B (mip.MTI <- 0b1, mip.STI <- 0b0)
mem[X,0x0000000080001F0C] -> 0x3583
mem[X,0x0000000080001F0E] -> 0x4701
[1718] [M]: 0x0000000080001F0C (0x47013583) ld x11, 0x470(x2)                       rtn2mmode+8
mem[R,0x0000000080004470] -> 0x00000001800007DC
x11 <- 0x00000001800007DC

mem[X,0x0000000080001F10] -> 0xD463
mem[X,0x0000000080001F12] -> 0x0003
[1719] [M]: 0x0000000080001F10 (0x0003D463) bge x7, x0, 0x8                         rtn2mmode+12

clint mtime 0x000000000000035C (mip.MTI <- 0b1, mip.STI <- 0b0)
mem[X,0x0000000080001F18] -> 0x3483
mem[X,0x0000000080001F1A] -> 0x1D81
[1720] [M]: 0x0000000080001F18 (0x1D813483) ld x9, 0x1d8(x2)                        from_u_s+0
mem[R,0x00000000800041D8] -> 0x00000000800007F4
x9 <- 0x00000000800007F4

mem[X,0x0000000080001F1C] -> 0x84B3
mem[X,0x0000000080001F1E] -> 0x40B4
[1721] [M]: 0x0000000080001F1C (0x40B484B3) sub x9, x9, x11                         from_u_s+4
x9 <- 0xFFFFFFFF00000018

clint mtime 0x000000000000035D (mip.MTI <- 0b1, mip.STI <- 0b0)
mem[X,0x0000000080001F20] -> 0x23F3
mem[X,0x0000000080001F22] -> 0x3410
[1722] [M]: 0x0000000080001F20 (0x341023F3) csrrs x7, mepc, x0                      rtn_fm_mmode+0
CSR mepc (0x341) -> 0x0000000180000CDC
x7 <- 0x0000000180000CDC

mem[X,0x0000000080001F24] -> 0x83B3
mem[X,0x0000000080001F26] -> 0x0093
[1723] [M]: 0x0000000080001F24 (0x009383B3) add x7, x7, x9                          rtn_fm_mmode+4
x7 <- 0x0000000080000CF4

clint mtime 0x000000000000035E (mip.MTI <- 0b1, mip.STI <- 0b0)
mem[X,0x0000000080001F28] -> 0x3303
mem[X,0x0000000080001F2A] -> 0x2601
[1724] [M]: 0x0000000080001F28 (0x26013303) ld x6, 0x260(x2)                        rtn_fm_mmode+8
mem[R,0x0000000080004260] -> 0xFFFFFFFF7FFFF46C
x6 <- 0xFFFFFFFF7FFFF46C

mem[X,0x0000000080001F2C] -> 0x3403
mem[X,0x0000000080001F2E] -> 0x2701
[1725] [M]: 0x0000000080001F2C (0x27013403) ld x8, 0x270(x2)                        rtn_fm_mmode+12
mem[R,0x0000000080004270] -> 0x0000000000007F76
x8 <- 0x0000000000007F76

clint mtime 0x000000000000035F (mip.MTI <- 0b1, mip.STI <- 0b0)
mem[X,0x0000000080001F30] -> 0x3483
mem[X,0x0000000080001F32] -> 0x2781
[1726] [M]: 0x0000000080001F30 (0x27813483) ld x9, 0x278(x2)                        rtn_fm_mmode+16
mem[R,0x0000000080004278] -> 0x00000001000000C8
x9 <- 0x00000001000000C8

mem[X,0x0000000080001F34] -> 0x3503
mem[X,0x0000000080001F36] -> 0x2801
[1727] [M]: 0x0000000080001F34 (0x28013503) ld x10, 0x280(x2)                       rtn_fm_mmode+20
mem[R,0x0000000080004280] -> 0x00000000200000C5
x10 <- 0x00000000200000C5

clint mtime 0x0000000000000360 (mip.MTI <- 0b1, mip.STI <- 0b0)
mem[X,0x0000000080001F38] -> 0x3583
mem[X,0x0000000080001F3A] -> 0x2881
[1728] [M]: 0x0000000080001F38 (0x28813583) ld x11, 0x288(x2)                       rtn_fm_mmode+24
mem[R,0x0000000080004288] -> 0x00000000000000C5
x11 <- 0x00000000000000C5

mem[X,0x0000000080001F3C] -> 0x3103
mem[X,0x0000000080001F3E] -> 0x2901
[1729] [M]: 0x0000000080001F3C (0x29013103) ld x2, 0x290(x2)                        rtn_fm_mmode+28
mem[R,0x0000000080004290] -> 0x0000000000000000
x2 <- 0x0000000000000000

clint mtime 0x0000000000000361 (mip.MTI <- 0b1, mip.STI <- 0b0)
mem[X,0x0000000080001F40] -> 0x8067
mem[X,0x0000000080001F42] -> 0x0043
[1730] [M]: 0x0000000080001F40 (0x00438067) jalr x0, 0x4(x7)                        rtn_fm_mmode+32

mem[X,0x0000000080000CF8] -> 0x0013
mem[X,0x0000000080000CFA] -> 0x0000
[1731] [M]: 0x0000000080000CF8 (0x00000013) addi x0, x0, 0x0                        main+1240

clint mtime 0x0000000000000362 (mip.MTI <- 0b1, mip.STI <- 0b0)
mem[X,0x0000000080000CFC] -> 0x0013
mem[X,0x0000000080000CFE] -> 0x0000
[1732] [M]: 0x0000000080000CFC (0x00000013) addi x0, x0, 0x0                        main+1244

mem[X,0x0000000080000D00] -> 0x5517
mem[X,0x0000000080000D02] -> 0x0000
[1733] [M]: 0x0000000080000D00 (0x00005517) auipc x10, 0x5                          main+1248
x10 <- 0x0000000080005D00

clint mtime 0x0000000000000363 (mip.MTI <- 0b1, mip.STI <- 0b0)
mem[X,0x0000000080000D04] -> 0x0513
mem[X,0x0000000080000D06] -> 0x3005
[1734] [M]: 0x0000000080000D04 (0x30050513) addi x10, x10, 0x300                    main+1252
x10 <- 0x0000000080006000

mem[X,0x0000000080000D08] -> 0x0001
[1735] [M]: 0x0000000080000D08 (0x0001) c.nop                                       main+1256

clint mtime 0x0000000000000364 (mip.MTI <- 0b1, mip.STI <- 0b0)
mem[X,0x0000000080000D0A] -> 0x0013
mem[X,0x0000000080000D0C] -> 0x0000
[1736] [M]: 0x0000000080000D0A (0x00000013) addi x0, x0, 0x0                        main+1258

mem[X,0x0000000080000D0E] -> 0x0013
mem[X,0x0000000080000D10] -> 0x0000
[1737] [M]: 0x0000000080000D0E (0x00000013) addi x0, x0, 0x0                        main+1262

clint mtime 0x0000000000000365 (mip.MTI <- 0b1, mip.STI <- 0b0)
mem[X,0x0000000080000D12] -> 0x0013
mem[X,0x0000000080000D14] -> 0x0000
[1738] [M]: 0x0000000080000D12 (0x00000013) addi x0, x0, 0x0                        main+1266

mem[X,0x0000000080000D16] -> 0x0013
mem[X,0x0000000080000D18] -> 0x0000
[1739] [M]: 0x0000000080000D16 (0x00000013) addi x0, x0, 0x0                        main+1270

clint mtime 0x0000000000000366 (mip.MTI <- 0b1, mip.STI <- 0b0)
mem[X,0x0000000080000D1A] -> 0x0013
mem[X,0x0000000080000D1C] -> 0x0000
[1740] [M]: 0x0000000080000D1A (0x00000013) addi x0, x0, 0x0                        main+1274

mem[X,0x0000000080000D1E] -> 0x0001
[1741] [M]: 0x0000000080000D1E (0x0001) c.nop                                       main+1278

clint mtime 0x0000000000000367 (mip.MTI <- 0b1, mip.STI <- 0b0)
mem[X,0x0000000080000D20] -> 0x0593
mem[X,0x0000000080000D22] -> 0x0010
[1742] [M]: 0x0000000080000D20 (0x00100593) addi x11, x0, 0x1                       main+1280
x11 <- 0x0000000000000001

mem[X,0x0000000080000D24] -> 0x5513
mem[X,0x0000000080000D26] -> 0x00C5
[1743] [M]: 0x0000000080000D24 (0x00C55513) srli x10, x10, 0xc                      main+1284
x10 <- 0x0000000000080006

clint mtime 0x0000000000000368 (mip.MTI <- 0b1, mip.STI <- 0b0)
mem[X,0x0000000080000D28] -> 0x1513
mem[X,0x0000000080000D2A] -> 0x00A5
[1744] [M]: 0x0000000080000D28 (0x00A51513) slli x10, x10, 0xa                      main+1288
x10 <- 0x0000000020001800

mem[X,0x0000000080000D2C] -> 0x6533
mem[X,0x0000000080000D2E] -> 0x00B5
[1745] [M]: 0x0000000080000D2C (0x00B56533) or x10, x10, x11                        main+1292
x10 <- 0x0000000020001801

clint mtime 0x0000000000000369 (mip.MTI <- 0b1, mip.STI <- 0b0)
mem[X,0x0000000080000D30] -> 0x0013
mem[X,0x0000000080000D32] -> 0x0000
[1746] [M]: 0x0000000080000D30 (0x00000013) addi x0, x0, 0x0                        main+1296

mem[X,0x0000000080000D34] -> 0x0013
mem[X,0x0000000080000D36] -> 0x0000
[1747] [M]: 0x0000000080000D34 (0x00000013) addi x0, x0, 0x0                        main+1300

clint mtime 0x000000000000036A (mip.MTI <- 0b1, mip.STI <- 0b0)
mem[X,0x0000000080000D38] -> 0x0013
mem[X,0x0000000080000D3A] -> 0x0000
[1748] [M]: 0x0000000080000D38 (0x00000013) addi x0, x0, 0x0                        main+1304

mem[X,0x0000000080000D3C] -> 0x0013
mem[X,0x0000000080000D3E] -> 0x0000
[1749] [M]: 0x0000000080000D3C (0x00000013) addi x0, x0, 0x0                        main+1308

clint mtime 0x000000000000036B (mip.MTI <- 0b1, mip.STI <- 0b0)
mem[X,0x0000000080000D40] -> 0x6317
mem[X,0x0000000080000D42] -> 0x0000
[1750] [M]: 0x0000000080000D40 (0x00006317) auipc x6, 0x6                           main+1312
x6 <- 0x0000000080006D40

mem[X,0x0000000080000D44] -> 0x0313
mem[X,0x0000000080000D46] -> 0x2C03
[1751] [M]: 0x0000000080000D44 (0x2C030313) addi x6, x6, 0x2c0                      main+1316
x6 <- 0x0000000080007000

clint mtime 0x000000000000036C (mip.MTI <- 0b1, mip.STI <- 0b0)
mem[X,0x0000000080000D48] -> 0x0001
[1752] [M]: 0x0000000080000D48 (0x0001) c.nop                                       main+1320

mem[X,0x0000000080000D4A] -> 0x0013
mem[X,0x0000000080000D4C] -> 0x0000
[1753] [M]: 0x0000000080000D4A (0x00000013) addi x0, x0, 0x0                        main+1322

clint mtime 0x000000000000036D (mip.MTI <- 0b1, mip.STI <- 0b0)
mem[X,0x0000000080000D4E] -> 0x0013
mem[X,0x0000000080000D50] -> 0x0000
[1754] [M]: 0x0000000080000D4E (0x00000013) addi x0, x0, 0x0                        main+1326

mem[X,0x0000000080000D52] -> 0x0013
mem[X,0x0000000080000D54] -> 0x0000
[1755] [M]: 0x0000000080000D52 (0x00000013) addi x0, x0, 0x0                        main+1330

clint mtime 0x000000000000036E (mip.MTI <- 0b1, mip.STI <- 0b0)
mem[X,0x0000000080000D56] -> 0x0013
mem[X,0x0000000080000D58] -> 0x0000
[1756] [M]: 0x0000000080000D56 (0x00000013) addi x0, x0, 0x0                        main+1334

mem[X,0x0000000080000D5A] -> 0x0013
mem[X,0x0000000080000D5C] -> 0x0000
[1757] [M]: 0x0000000080000D5A (0x00000013) addi x0, x0, 0x0                        main+1338

clint mtime 0x000000000000036F (mip.MTI <- 0b1, mip.STI <- 0b0)
mem[X,0x0000000080000D5E] -> 0x0001
[1758] [M]: 0x0000000080000D5E (0x0001) c.nop                                       main+1342

mem[X,0x0000000080000D60] -> 0x0293
mem[X,0x0000000080000D62] -> 0x0280
[1759] [M]: 0x0000000080000D60 (0x02800293) addi x5, x0, 0x28                       main+1344
x5 <- 0x0000000000000028

clint mtime 0x0000000000000370 (mip.MTI <- 0b1, mip.STI <- 0b0)
mem[X,0x0000000080000D64] -> 0x0333
mem[X,0x0000000080000D66] -> 0x0053
[1760] [M]: 0x0000000080000D64 (0x00530333) add x6, x6, x5                          main+1348
x6 <- 0x0000000080007028

mem[X,0x0000000080000D68] -> 0x3023
mem[X,0x0000000080000D6A] -> 0x00A3
[1761] [M]: 0x0000000080000D68 (0x00A33023) sd x10, 0x0(x6)                         main+1352
mem[W,0x0000000080007028] <- 0x0000000020001801

clint mtime 0x0000000000000371 (mip.MTI <- 0b1, mip.STI <- 0b0)
mem[X,0x0000000080000D6C] -> 0x0013
mem[X,0x0000000080000D6E] -> 0x0000
[1762] [M]: 0x0000000080000D6C (0x00000013) addi x0, x0, 0x0                        main+1356

mem[X,0x0000000080000D70] -> 0x0013
mem[X,0x0000000080000D72] -> 0x0000
[1763] [M]: 0x0000000080000D70 (0x00000013) addi x0, x0, 0x0                        main+1360

clint mtime 0x0000000000000372 (mip.MTI <- 0b1, mip.STI <- 0b0)
mem[X,0x0000000080000D74] -> 0x0013
mem[X,0x0000000080000D76] -> 0x0000
[1764] [M]: 0x0000000080000D74 (0x00000013) addi x0, x0, 0x0                        main+1364

mem[X,0x0000000080000D78] -> 0x0013
mem[X,0x0000000080000D7A] -> 0x0000
[1765] [M]: 0x0000000080000D78 (0x00000013) addi x0, x0, 0x0                        main+1368

clint mtime 0x0000000000000373 (mip.MTI <- 0b1, mip.STI <- 0b0)
mem[X,0x0000000080000D7C] -> 0x0013
mem[X,0x0000000080000D7E] -> 0x0000
[1766] [M]: 0x0000000080000D7C (0x00000013) addi x0, x0, 0x0                        main+1372

mem[X,0x0000000080000D80] -> 0xF517
mem[X,0x0000000080000D82] -> 0xFFFF
[1767] [M]: 0x0000000080000D80 (0xFFFFF517) auipc x10, -0x1                         main+1376
x10 <- 0x000000007FFFFD80

clint mtime 0x0000000000000374 (mip.MTI <- 0b1, mip.STI <- 0b0)
mem[X,0x0000000080000D84] -> 0x0513
mem[X,0x0000000080000D86] -> 0x6845
[1768] [M]: 0x0000000080000D84 (0x68450513) addi x10, x10, 0x684                    main+1380
x10 <- 0x0000000080000404

mem[X,0x0000000080000D88] -> 0x0001
[1769] [M]: 0x0000000080000D88 (0x0001) c.nop                                       main+1384

clint mtime 0x0000000000000375 (mip.MTI <- 0b1, mip.STI <- 0b0)
mem[X,0x0000000080000D8A] -> 0x0013
mem[X,0x0000000080000D8C] -> 0x0000
[1770] [M]: 0x0000000080000D8A (0x00000013) addi x0, x0, 0x0                        main+1386

mem[X,0x0000000080000D8E] -> 0x0013
mem[X,0x0000000080000D90] -> 0x0000
[1771] [M]: 0x0000000080000D8E (0x00000013) addi x0, x0, 0x0                        main+1390

clint mtime 0x0000000000000376 (mip.MTI <- 0b1, mip.STI <- 0b0)
mem[X,0x0000000080000D92] -> 0x0013
mem[X,0x0000000080000D94] -> 0x0000
[1772] [M]: 0x0000000080000D92 (0x00000013) addi x0, x0, 0x0                        main+1394

mem[X,0x0000000080000D96] -> 0x0013
mem[X,0x0000000080000D98] -> 0x0000
[1773] [M]: 0x0000000080000D96 (0x00000013) addi x0, x0, 0x0                        main+1398

clint mtime 0x0000000000000377 (mip.MTI <- 0b1, mip.STI <- 0b0)
mem[X,0x0000000080000D9A] -> 0x0013
mem[X,0x0000000080000D9C] -> 0x0000
[1774] [M]: 0x0000000080000D9A (0x00000013) addi x0, x0, 0x0                        main+1402

mem[X,0x0000000080000D9E] -> 0x0001
[1775] [M]: 0x0000000080000D9E (0x0001) c.nop                                       main+1406

clint mtime 0x0000000000000378 (mip.MTI <- 0b1, mip.STI <- 0b0)
mem[X,0x0000000080000DA0] -> 0x0593
mem[X,0x0000000080000DA2] -> 0x0CD0
[1776] [M]: 0x0000000080000DA0 (0x0CD00593) addi x11, x0, 0xcd                      main+1408
x11 <- 0x00000000000000CD

mem[X,0x0000000080000DA4] -> 0x5513
mem[X,0x0000000080000DA6] -> 0x00C5
[1777] [M]: 0x0000000080000DA4 (0x00C55513) srli x10, x10, 0xc                      main+1412
x10 <- 0x0000000000080000

clint mtime 0x0000000000000379 (mip.MTI <- 0b1, mip.STI <- 0b0)
mem[X,0x0000000080000DA8] -> 0x1513
mem[X,0x0000000080000DAA] -> 0x00A5
[1778] [M]: 0x0000000080000DA8 (0x00A51513) slli x10, x10, 0xa                      main+1416
x10 <- 0x0000000020000000

mem[X,0x0000000080000DAC] -> 0x6533
mem[X,0x0000000080000DAE] -> 0x00B5
[1779] [M]: 0x0000000080000DAC (0x00B56533) or x10, x10, x11                        main+1420
x10 <- 0x00000000200000CD

clint mtime 0x000000000000037A (mip.MTI <- 0b1, mip.STI <- 0b0)
mem[X,0x0000000080000DB0] -> 0x0013
mem[X,0x0000000080000DB2] -> 0x0000
[1780] [M]: 0x0000000080000DB0 (0x00000013) addi x0, x0, 0x0                        main+1424

mem[X,0x0000000080000DB4] -> 0x0013
mem[X,0x0000000080000DB6] -> 0x0000
[1781] [M]: 0x0000000080000DB4 (0x00000013) addi x0, x0, 0x0                        main+1428

clint mtime 0x000000000000037B (mip.MTI <- 0b1, mip.STI <- 0b0)
mem[X,0x0000000080000DB8] -> 0x0013
mem[X,0x0000000080000DBA] -> 0x0000
[1782] [M]: 0x0000000080000DB8 (0x00000013) addi x0, x0, 0x0                        main+1432

mem[X,0x0000000080000DBC] -> 0x0013
mem[X,0x0000000080000DBE] -> 0x0000
[1783] [M]: 0x0000000080000DBC (0x00000013) addi x0, x0, 0x0                        main+1436

clint mtime 0x000000000000037C (mip.MTI <- 0b1, mip.STI <- 0b0)
mem[X,0x0000000080000DC0] -> 0x5317
mem[X,0x0000000080000DC2] -> 0x0000
[1784] [M]: 0x0000000080000DC0 (0x00005317) auipc x6, 0x5                           main+1440
x6 <- 0x0000000080005DC0

mem[X,0x0000000080000DC4] -> 0x0313
mem[X,0x0000000080000DC6] -> 0x2403
[1785] [M]: 0x0000000080000DC4 (0x24030313) addi x6, x6, 0x240                      main+1444
x6 <- 0x0000000080006000

clint mtime 0x000000000000037D (mip.MTI <- 0b1, mip.STI <- 0b0)
mem[X,0x0000000080000DC8] -> 0x0001
[1786] [M]: 0x0000000080000DC8 (0x0001) c.nop                                       main+1448

mem[X,0x0000000080000DCA] -> 0x0013
mem[X,0x0000000080000DCC] -> 0x0000
[1787] [M]: 0x0000000080000DCA (0x00000013) addi x0, x0, 0x0                        main+1450

clint mtime 0x000000000000037E (mip.MTI <- 0b1, mip.STI <- 0b0)
mem[X,0x0000000080000DCE] -> 0x0013
mem[X,0x0000000080000DD0] -> 0x0000
[1788] [M]: 0x0000000080000DCE (0x00000013) addi x0, x0, 0x0                        main+1454

mem[X,0x0000000080000DD2] -> 0x0013
mem[X,0x0000000080000DD4] -> 0x0000
[1789] [M]: 0x0000000080000DD2 (0x00000013) addi x0, x0, 0x0                        main+1458

clint mtime 0x000000000000037F (mip.MTI <- 0b1, mip.STI <- 0b0)
mem[X,0x0000000080000DD6] -> 0x0013
mem[X,0x0000000080000DD8] -> 0x0000
[1790] [M]: 0x0000000080000DD6 (0x00000013) addi x0, x0, 0x0                        main+1462

mem[X,0x0000000080000DDA] -> 0x0013
mem[X,0x0000000080000DDC] -> 0x0000
[1791] [M]: 0x0000000080000DDA (0x00000013) addi x0, x0, 0x0                        main+1466

clint mtime 0x0000000000000380 (mip.MTI <- 0b1, mip.STI <- 0b0)
mem[X,0x0000000080000DDE] -> 0x0001
[1792] [M]: 0x0000000080000DDE (0x0001) c.nop                                       main+1470

mem[X,0x0000000080000DE0] -> 0x0293
mem[X,0x0000000080000DE2] -> 0x0000
[1793] [M]: 0x0000000080000DE0 (0x00000293) addi x5, x0, 0x0                        main+1472
x5 <- 0x0000000000000000

clint mtime 0x0000000000000381 (mip.MTI <- 0b1, mip.STI <- 0b0)
mem[X,0x0000000080000DE4] -> 0x0333
mem[X,0x0000000080000DE6] -> 0x0053
[1794] [M]: 0x0000000080000DE4 (0x00530333) add x6, x6, x5                          main+1476
x6 <- 0x0000000080006000

mem[X,0x0000000080000DE8] -> 0x3023
mem[X,0x0000000080000DEA] -> 0x00A3
[1795] [M]: 0x0000000080000DE8 (0x00A33023) sd x10, 0x0(x6)                         main+1480
mem[W,0x0000000080006000] <- 0x00000000200000CD

clint mtime 0x0000000000000382 (mip.MTI <- 0b1, mip.STI <- 0b0)
mem[X,0x0000000080000DEC] -> 0x0073
mem[X,0x0000000080000DEE] -> 0x1200
[1796] [M]: 0x0000000080000DEC (0x12000073) sfence.vma x0, x0                       main+1484

mem[X,0x0000000080000DF0] -> 0x0493
mem[X,0x0000000080000DF2] -> 0x0010
[1797] [M]: 0x0000000080000DF0 (0x00100493) addi x9, x0, 0x1                        main+1488
x9 <- 0x0000000000000001

clint mtime 0x0000000000000383 (mip.MTI <- 0b1, mip.STI <- 0b0)
mem[X,0x0000000080000DF4] -> 0x9493
mem[X,0x0000000080000DF6] -> 0x00B4
[1798] [M]: 0x0000000080000DF4 (0x00B49493) slli x9, x9, 0xb                        main+1492
x9 <- 0x0000000000000800

mem[X,0x0000000080000DF8] -> 0xB073
mem[X,0x0000000080000DFA] -> 0x3004
[1799] [M]: 0x0000000080000DF8 (0x3004B073) csrrc x0, mstatus, x9                   main+1496
CSR mstatus (0x300) <- 0x0000000A00000000

clint mtime 0x0000000000000384 (mip.MTI <- 0b1, mip.STI <- 0b0)
mem[X,0x0000000080000DFC] -> 0x0493
mem[X,0x0000000080000DFE] -> 0x0010
[1800] [M]: 0x0000000080000DFC (0x00100493) addi x9, x0, 0x1                        main+1500
x9 <- 0x0000000000000001

mem[X,0x0000000080000E00] -> 0x9493
mem[X,0x0000000080000E02] -> 0x00B4
[1801] [M]: 0x0000000080000E00 (0x00B49493) slli x9, x9, 0xb                        main+1504
x9 <- 0x0000000000000800

clint mtime 0x0000000000000385 (mip.MTI <- 0b1, mip.STI <- 0b0)
mem[X,0x0000000080000E04] -> 0xA073
mem[X,0x0000000080000E06] -> 0x3004
[1802] [M]: 0x0000000080000E04 (0x3004A073) csrrs x0, mstatus, x9                   main+1508
CSR mstatus (0x300) <- 0x0000000A00000800

mem[X,0x0000000080000E08] -> 0x23F3
mem[X,0x0000000080000E0A] -> 0x3400
[1803] [M]: 0x0000000080000E08 (0x340023F3) csrrs x7, mscratch, x0                  main+1512
CSR mscratch (0x340) -> 0x0000000080004000
x7 <- 0x0000000080004000

clint mtime 0x0000000000000386 (mip.MTI <- 0b1, mip.STI <- 0b0)
mem[X,0x0000000080000E0C] -> 0xB303
mem[X,0x0000000080000E0E] -> 0x4703
[1804] [M]: 0x0000000080000E0C (0x4703B303) ld x6, 0x470(x7)                        main+1516
mem[R,0x0000000080004470] -> 0x00000001800007DC
x6 <- 0x00000001800007DC

mem[X,0x0000000080000E10] -> 0xB483
mem[X,0x0000000080000E12] -> 0x1D83
[1805] [M]: 0x0000000080000E10 (0x1D83B483) ld x9, 0x1d8(x7)                        main+1520
mem[R,0x00000000800041D8] -> 0x00000000800007F4
x9 <- 0x00000000800007F4

clint mtime 0x0000000000000387 (mip.MTI <- 0b1, mip.STI <- 0b0)
mem[X,0x0000000080000E14] -> 0x0333
mem[X,0x0000000080000E16] -> 0x4093
[1806] [M]: 0x0000000080000E14 (0x40930333) sub x6, x6, x9                          main+1524
x6 <- 0x00000000FFFFFFE8

mem[X,0x0000000080000E18] -> 0x0313
mem[X,0x0000000080000E1A] -> 0x0103
[1807] [M]: 0x0000000080000E18 (0x01030313) addi x6, x6, 0x10                       main+1528
x6 <- 0x00000000FFFFFFF8

clint mtime 0x0000000000000388 (mip.MTI <- 0b1, mip.STI <- 0b0)
mem[X,0x0000000080000E1C] -> 0x0497
mem[X,0x0000000080000E1E] -> 0x0000
[1808] [M]: 0x0000000080000E1C (0x00000497) auipc x9, 0x0                           main+1532
x9 <- 0x0000000080000E1C

mem[X,0x0000000080000E20] -> 0x84B3
mem[X,0x0000000080000E22] -> 0x0064
[1809] [M]: 0x0000000080000E20 (0x006484B3) add x9, x9, x6                          main+1536
x9 <- 0x0000000180000E14

clint mtime 0x0000000000000389 (mip.MTI <- 0b1, mip.STI <- 0b0)
mem[X,0x0000000080000E24] -> 0x94F3
mem[X,0x0000000080000E26] -> 0x3414
[1810] [M]: 0x0000000080000E24 (0x341494F3) csrrw x9, mepc, x9                      main+1540
CSR mepc (0x341) <- 0x0000000180000E14
x9 <- 0x0000000180000CDC

mem[X,0x0000000080000E28] -> 0x0073
mem[X,0x0000000080000E2A] -> 0x3020
[1811] [M]: 0x0000000080000E28 (0x30200073) mret                                    main+1544
CSR mstatus (0x300) <- 0x0000000A00000080
ret-ing from M to S

clint mtime 0x000000000000038A (mip.MTI <- 0b1, mip.STI <- 0b0)
PTW: Start, vpn=0x180000, access_type=X, privilege=Smem[R,0x0000000080007030] -> 0x00000000200000CB
PTW: Step, level=2, pte=0x200000CB, pte_addr=0x80007030
PTW: Success, final_ppn=0x80000, level=2mem[X,0x0000000080000E14] -> 0x0333
mem[X,0x0000000080000E16] -> 0x4093
[1812] [S]: 0x0000000180000E14 (0x40930333) sub x6, x6, x9                          va_rvtest_code_begin+1592
x6 <- 0xFFFFFFFF7FFFF31C

mem[X,0x0000000080000E18] -> 0x0313
mem[X,0x0000000080000E1A] -> 0x0103
[1813] [S]: 0x0000000180000E18 (0x01030313) addi x6, x6, 0x10                       va_rvtest_code_begin+1596
x6 <- 0xFFFFFFFF7FFFF32C

clint mtime 0x000000000000038B (mip.MTI <- 0b1, mip.STI <- 0b0)
mem[X,0x0000000080000E1C] -> 0x0497
mem[X,0x0000000080000E1E] -> 0x0000
[1814] [S]: 0x0000000180000E1C (0x00000497) auipc x9, 0x0                           va_rvtest_code_begin+1600
x9 <- 0x0000000180000E1C

mem[X,0x0000000080000E20] -> 0x84B3
mem[X,0x0000000080000E22] -> 0x0064
[1815] [S]: 0x0000000180000E20 (0x006484B3) add x9, x9, x6                          va_rvtest_code_begin+1604
x9 <- 0x0000000100000148

clint mtime 0x000000000000038C (mip.MTI <- 0b1, mip.STI <- 0b0)
mem[X,0x0000000080000E24] -> 0x94F3
mem[X,0x0000000080000E26] -> 0x3414
[1816] [S]: 0x0000000180000E24 (0x341494F3) csrrw x9, mepc, x9                      va_rvtest_code_begin+1608
trapping from S to M to handle illegal-instruction
handling exc#illegal-instruction at priv M with tval 0x00000000341494F3
CSR mstatus (0x300) <- 0x0000000A00000800
CSR mcause (0x342) <- 0x0000000000000002
CSR mtval (0x343) <- 0x00000000341494F3
CSR mepc (0x341) <- 0x0000000180000E24

mem[X,0x0000000080001600] -> 0x006F
mem[X,0x0000000080001602] -> 0x1000
[1817] [M]: 0x0000000080001600 (0x1000006F) jal x0, 0x100                           Mtrampoline+0

clint mtime 0x000000000000038D (mip.MTI <- 0b1, mip.STI <- 0b0)
mem[X,0x0000000080001700] -> 0x1173
mem[X,0x0000000080001702] -> 0x3401
[1818] [M]: 0x0000000080001700 (0x34011173) csrrw x2, mscratch, x2                  trap_Mhandler+0
CSR mscratch (0x340) <- 0x0000000000000000
x2 <- 0x0000000080004000

mem[X,0x0000000080001704] -> 0x3423
mem[X,0x0000000080001706] -> 0x28B1
[1819] [M]: 0x0000000080001704 (0x28B13423) sd x11, 0x288(x2)                       trap_Mhandler+4
mem[W,0x0000000080004288] <- 0x00000000000000CD

clint mtime 0x000000000000038E (mip.MTI <- 0b1, mip.STI <- 0b0)
mem[X,0x0000000080001708] -> 0x05EF
mem[X,0x000000008000170A] -> 0x0B80
[1820] [M]: 0x0000000080001708 (0x0B8005EF) jal x11, 0xb8                           trap_Mhandler+8
x11 <- 0x000000008000170C

mem[X,0x00000000800017C0] -> 0x3023
mem[X,0x00000000800017C2] -> 0x28A1
[1821] [M]: 0x00000000800017C0 (0x28A13023) sd x10, 0x280(x2)                       common_Mhandler+0
mem[W,0x0000000080004280] <- 0x00000000200000CD

clint mtime 0x000000000000038F (mip.MTI <- 0b1, mip.STI <- 0b0)
mem[X,0x00000000800017C4] -> 0x1573
mem[X,0x00000000800017C6] -> 0x3401
[1822] [M]: 0x00000000800017C4 (0x34011573) csrrw x10, mscratch, x2                 common_Mhandler+4
CSR mscratch (0x340) <- 0x0000000080004000
x10 <- 0x0000000000000000

mem[X,0x00000000800017C8] -> 0x3823
mem[X,0x00000000800017CA] -> 0x28A1
[1823] [M]: 0x00000000800017C8 (0x28A13823) sd x10, 0x290(x2)                       common_Mhandler+8
mem[W,0x0000000080004290] <- 0x0000000000000000

clint mtime 0x0000000000000390 (mip.MTI <- 0b1, mip.STI <- 0b0)
mem[X,0x00000000800017CC] -> 0x3503
mem[X,0x00000000800017CE] -> 0x2301
[1824] [M]: 0x00000000800017CC (0x23013503) ld x10, 0x230(x2)                       common_Mhandler+12
mem[R,0x0000000080004230] -> 0x00000000800017D4
x10 <- 0x00000000800017D4

mem[X,0x00000000800017D0] -> 0x0067
mem[X,0x00000000800017D2] -> 0x0005
[1825] [M]: 0x00000000800017D0 (0x00050067) jalr x0, 0x0(x10)                       common_Mhandler+16

clint mtime 0x0000000000000391 (mip.MTI <- 0b1, mip.STI <- 0b0)
mem[X,0x00000000800017D4] -> 0x3C23
mem[X,0x00000000800017D6] -> 0x2691
[1826] [M]: 0x00000000800017D4 (0x26913C23) sd x9, 0x278(x2)                        common_Mentry+0
mem[W,0x0000000080004278] <- 0x0000000100000148

mem[X,0x00000000800017D8] -> 0x3823
mem[X,0x00000000800017DA] -> 0x2681
[1827] [M]: 0x00000000800017D8 (0x26813823) sd x8, 0x270(x2)                        common_Mentry+4
mem[W,0x0000000080004270] <- 0x0000000000007F76

clint mtime 0x0000000000000392 (mip.MTI <- 0b1, mip.STI <- 0b0)
mem[X,0x00000000800017DC] -> 0x3423
mem[X,0x00000000800017DE] -> 0x2671
[1828] [M]: 0x00000000800017DC (0x26713423) sd x7, 0x268(x2)                        common_Mentry+8
mem[W,0x0000000080004268] <- 0x0000000080004000

mem[X,0x00000000800017E0] -> 0x3023
mem[X,0x00000000800017E2] -> 0x2661
[1829] [M]: 0x00000000800017E0 (0x26613023) sd x6, 0x260(x2)                        common_Mentry+12
mem[W,0x0000000080004260] <- 0xFFFFFFFF7FFFF32C

clint mtime 0x0000000000000393 (mip.MTI <- 0b1, mip.STI <- 0b0)
mem[X,0x00000000800017E4] -> 0x2573
mem[X,0x00000000800017E6] -> 0x3420
[1830] [M]: 0x00000000800017E4 (0x34202573) csrrs x10, mcause, x0                   spcl_M2mmode_test+0
CSR mcause (0x342) -> 0x0000000000000002
x10 <- 0x0000000000000002

mem[X,0x00000000800017E8] -> 0x04B7
mem[X,0x00000000800017EA] -> 0x8000
[1831] [M]: 0x00000000800017E8 (0x800004B7) lui x9, -0x80000                        spcl_M2mmode_test+4
x9 <- 0xFFFFFFFF80000000

clint mtime 0x0000000000000394 (mip.MTI <- 0b1, mip.STI <- 0b0)
mem[X,0x00000000800017EC] -> 0x8493
mem[X,0x00000000800017EE] -> 0x0004
[1832] [M]: 0x00000000800017EC (0x00048493) addi x9, x9, 0x0                        spcl_M2mmode_test+8
x9 <- 0xFFFFFFFF80000000

mem[X,0x00000000800017F0] -> 0x9493
mem[X,0x00000000800017F2] -> 0x00B4
[1833] [M]: 0x00000000800017F0 (0x00B49493) slli x9, x9, 0xb                        spcl_M2mmode_test+12
x9 <- 0xFFFFFC0000000000

clint mtime 0x0000000000000395 (mip.MTI <- 0b1, mip.STI <- 0b0)
mem[X,0x00000000800017F4] -> 0x8493
mem[X,0x00000000800017F6] -> 0x0004
[1834] [M]: 0x00000000800017F4 (0x00048493) addi x9, x9, 0x0                        spcl_M2mmode_test+16
x9 <- 0xFFFFFC0000000000

mem[X,0x00000000800017F8] -> 0x9493
mem[X,0x00000000800017FA] -> 0x00B4
[1835] [M]: 0x00000000800017F8 (0x00B49493) slli x9, x9, 0xb                        spcl_M2mmode_test+20
x9 <- 0xFFE0000000000000

clint mtime 0x0000000000000396 (mip.MTI <- 0b1, mip.STI <- 0b0)
mem[X,0x00000000800017FC] -> 0x8493
mem[X,0x00000000800017FE] -> 0x0034
[1836] [M]: 0x00000000800017FC (0x00348493) addi x9, x9, 0x3                        spcl_M2mmode_test+24
x9 <- 0xFFE0000000000003

mem[X,0x0000000080001800] -> 0x9493
mem[X,0x0000000080001802] -> 0x00A4
[1837] [M]: 0x0000000080001800 (0x00A49493) slli x9, x9, 0xa                        spcl_M2mmode_test+28
x9 <- 0x8000000000000C00

clint mtime 0x0000000000000397 (mip.MTI <- 0b1, mip.STI <- 0b0)
mem[X,0x0000000080001804] -> 0x8493
mem[X,0x0000000080001806] -> 0x3FC4
[1838] [M]: 0x0000000080001804 (0x3FC48493) addi x9, x9, 0x3fc                      spcl_M2mmode_test+32
x9 <- 0x8000000000000FFC

mem[X,0x0000000080001808] -> 0xF4B3
mem[X,0x000000008000180A] -> 0x00A4
[1839] [M]: 0x0000000080001808 (0x00A4F4B3) and x9, x9, x10                         spcl_M2mmode_test+36
x9 <- 0x0000000000000000

clint mtime 0x0000000000000398 (mip.MTI <- 0b1, mip.STI <- 0b0)
mem[X,0x000000008000180C] -> 0x8493
mem[X,0x000000008000180E] -> 0xFF84
[1840] [M]: 0x000000008000180C (0xFF848493) addi x9, x9, -0x8                       spcl_M2mmode_test+40
x9 <- 0xFFFFFFFFFFFFFFF8

mem[X,0x0000000080001810] -> 0x9663
mem[X,0x0000000080001812] -> 0x0004
[1841] [M]: 0x0000000080001810 (0x00049663) bne x9, x0, 0xc                         spcl_M2mmode_test+44

clint mtime 0x0000000000000399 (mip.MTI <- 0b1, mip.STI <- 0b0)
mem[X,0x000000008000181C] -> 0x0393
mem[X,0x000000008000181E] -> 0x0200
[1842] [M]: 0x000000008000181C (0x02000393) addi x7, x0, 0x20                       Mtrapsig_ptr_upd+0
x7 <- 0x0000000000000020

mem[X,0x0000000080001820] -> 0x5263
mem[X,0x0000000080001822] -> 0x0405
[1843] [M]: 0x0000000080001820 (0x04055263) bge x10, x0, 0x44                       Mtrapsig_ptr_upd+4

clint mtime 0x000000000000039A (mip.MTI <- 0b1, mip.STI <- 0b0)
mem[X,0x0000000080001864] -> 0x2373
mem[X,0x0000000080001866] -> 0x3010
[1844] [M]: 0x0000000080001864 (0x30102373) csrrs x6, misa, x0                      Mxcpt_sig_sv+0
CSR misa (0x301) -> 0x800000000034112F
x6 <- 0x800000000034112F

mem[X,0x0000000080001868] -> 0x1313
mem[X,0x000000008000186A] -> 0x0383
[1845] [M]: 0x0000000080001868 (0x03831313) slli x6, x6, 0x38                       Mxcpt_sig_sv+4
x6 <- 0x2F00000000000000

clint mtime 0x000000000000039B (mip.MTI <- 0b1, mip.STI <- 0b0)
mem[X,0x000000008000186C] -> 0x5463
mem[X,0x000000008000186E] -> 0x0003
[1846] [M]: 0x000000008000186C (0x00035463) bge x6, x0, 0x8                         Mxcpt_sig_sv+8

mem[X,0x0000000080001874] -> 0x3303
mem[X,0x0000000080001876] -> 0x2181
[1847] [M]: 0x0000000080001874 (0x21813303) ld x6, 0x218(x2)                        Mtrap_sig_sv+0
mem[R,0x0000000080004218] -> 0x0000000080008618
x6 <- 0x0000000080008618

clint mtime 0x000000000000039C (mip.MTI <- 0b1, mip.STI <- 0b0)
mem[X,0x0000000080001878] -> 0x04B3
mem[X,0x000000008000187A] -> 0x0073
[1848] [M]: 0x0000000080001878 (0x007304B3) add x9, x6, x7                          Mtrap_sig_sv+4
x9 <- 0x0000000080008638

mem[X,0x000000008000187C] -> 0x3C23
mem[X,0x000000008000187E] -> 0x2091
[1849] [M]: 0x000000008000187C (0x20913C23) sd x9, 0x218(x2)                        Mtrap_sig_sv+8
mem[W,0x0000000080004218] <- 0x0000000080008638

clint mtime 0x000000000000039D (mip.MTI <- 0b1, mip.STI <- 0b0)
mem[X,0x0000000080001880] -> 0x3403
mem[X,0x0000000080001882] -> 0x1F81
[1850] [M]: 0x0000000080001880 (0x1F813403) ld x8, 0x1f8(x2)                        Mtrap_sig_sv+12
mem[R,0x00000000800041F8] -> 0x0000000080008110
x8 <- 0x0000000080008110

mem[X,0x0000000080001884] -> 0x0333
mem[X,0x0000000080001886] -> 0x4083
[1851] [M]: 0x0000000080001884 (0x40830333) sub x6, x6, x8                          Mtrap_sig_sv+16
x6 <- 0x0000000000000508

clint mtime 0x000000000000039E (mip.MTI <- 0b1, mip.STI <- 0b0)
mem[X,0x0000000080001888] -> 0x3403
mem[X,0x000000008000188A] -> 0x1F81
[1852] [M]: 0x0000000080001888 (0x1F813403) ld x8, 0x1f8(x2)                        Mtrap_sig_sv+20
mem[R,0x00000000800041F8] -> 0x0000000080008110
x8 <- 0x0000000080008110

mem[X,0x000000008000188C] -> 0x0333
mem[X,0x000000008000188E] -> 0x0083
[1853] [M]: 0x000000008000188C (0x00830333) add x6, x6, x8                          Mtrap_sig_sv+24
x6 <- 0x0000000080008618

clint mtime 0x000000000000039F (mip.MTI <- 0b1, mip.STI <- 0b0)
mem[X,0x0000000080001890] -> 0x3403
mem[X,0x0000000080001892] -> 0x2401
[1854] [M]: 0x0000000080001890 (0x24013403) ld x8, 0x240(x2)                        Mtrap_sig_sv+28
mem[R,0x0000000080004240] -> 0x0000000080001600
x8 <- 0x0000000080001600

mem[X,0x0000000080001894] -> 0x85B3
mem[X,0x0000000080001896] -> 0x4085
[1855] [M]: 0x0000000080001894 (0x408585B3) sub x11, x11, x8                        sv_Mvect+0
x11 <- 0x000000000000010C

clint mtime 0x00000000000003A0 (mip.MTI <- 0b1, mip.STI <- 0b0)
mem[X,0x0000000080001898] -> 0x9593
mem[X,0x000000008000189A] -> 0x0045
[1856] [M]: 0x0000000080001898 (0x00459593) slli x11, x11, 0x4                      sv_Mvect+4
x11 <- 0x00000000000010C0

mem[X,0x000000008000189C] -> 0xE5B3
mem[X,0x000000008000189E] -> 0x0075
[1857] [M]: 0x000000008000189C (0x0075E5B3) or x11, x11, x7                         sv_Mvect+8
x11 <- 0x00000000000010E0

clint mtime 0x00000000000003A1 (mip.MTI <- 0b1, mip.STI <- 0b0)
mem[X,0x00000000800018A0] -> 0x8593
mem[X,0x00000000800018A2] -> 0x0035
[1858] [M]: 0x00000000800018A0 (0x00358593) addi x11, x11, 0x3                      sv_Mvect+12
x11 <- 0x00000000000010E3

mem[X,0x00000000800018A4] -> 0x3023
mem[X,0x00000000800018A6] -> 0x00B3
[1859] [M]: 0x00000000800018A4 (0x00B33023) sd x11, 0x0(x6)                         sv_Mvect+16
mem[W,0x0000000080008618] <- 0x00000000000010E3

clint mtime 0x00000000000003A2 (mip.MTI <- 0b1, mip.STI <- 0b0)
mem[X,0x00000000800018A8] -> 0x3423
mem[X,0x00000000800018AA] -> 0x00A3
[1860] [M]: 0x00000000800018A8 (0x00A33423) sd x10, 0x8(x6)                         sv_Mcause+0
mem[W,0x0000000080008620] <- 0x0000000000000002

mem[X,0x00000000800018AC] -> 0x4663
mem[X,0x00000000800018AE] -> 0x1A05
[1861] [M]: 0x00000000800018AC (0x1A054663) blt x10, x0, 0x1ac                      sv_Mcause+4

clint mtime 0x00000000000003A3 (mip.MTI <- 0b1, mip.STI <- 0b0)
mem[X,0x00000000800018B0] -> 0x25F3
mem[X,0x00000000800018B2] -> 0x3000
[1862] [M]: 0x00000000800018B0 (0x300025F3) csrrs x11, mstatus, x0                  common_Mexcpt_handler+0
CSR mstatus (0x300) -> 0x0000000A00000800
x11 <- 0x0000000A00000800

mem[X,0x00000000800018B4] -> 0x9413
mem[X,0x00000000800018B6] -> 0x02E5
[1863] [M]: 0x00000000800018B4 (0x02E59413) slli x8, x11, 0x2e                      common_Mexcpt_handler+4
x8 <- 0x0200000000000000

clint mtime 0x00000000000003A4 (mip.MTI <- 0b1, mip.STI <- 0b0)
mem[X,0x00000000800018B8] -> 0x5463
mem[X,0x00000000800018BA] -> 0x0004
[1864] [M]: 0x00000000800018B8 (0x00045463) bge x8, x0, 0x8                         common_Mexcpt_handler+8

mem[X,0x00000000800018C0] -> 0xD493
mem[X,0x00000000800018C2] -> 0x00B5
[1865] [M]: 0x00000000800018C0 (0x00B5D493) srli x9, x11, 0xb                       common_Mexcpt_handler+16
x9 <- 0x0000000001400001

clint mtime 0x00000000000003A5 (mip.MTI <- 0b1, mip.STI <- 0b0)
mem[X,0x00000000800018C4] -> 0xF493
mem[X,0x00000000800018C6] -> 0x0034
[1866] [M]: 0x00000000800018C4 (0x0034F493) andi x9, x9, 0x3                        common_Mexcpt_handler+20
x9 <- 0x0000000000000001

mem[X,0x00000000800018C8] -> 0x8493
mem[X,0x00000000800018CA] -> 0x0014
[1867] [M]: 0x00000000800018C8 (0x00148493) addi x9, x9, 0x1                        common_Mexcpt_handler+24
x9 <- 0x0000000000000002

clint mtime 0x00000000000003A6 (mip.MTI <- 0b1, mip.STI <- 0b0)
mem[X,0x00000000800018CC] -> 0xF493
mem[X,0x00000000800018CE] -> 0x0044
[1868] [M]: 0x00000000800018CC (0x0044F493) andi x9, x9, 0x4                        common_Mexcpt_handler+28
x9 <- 0x0000000000000000

mem[X,0x00000000800018D0] -> 0x0593
mem[X,0x00000000800018D2] -> 0x05D0
[1869] [M]: 0x00000000800018D0 (0x05D00593) addi x11, x0, 0x5d                      common_Mexcpt_handler+32
x11 <- 0x000000000000005D

clint mtime 0x00000000000003A7 (mip.MTI <- 0b1, mip.STI <- 0b0)
mem[X,0x00000000800018D4] -> 0xD5B3
mem[X,0x00000000800018D6] -> 0x0095
[1870] [M]: 0x00000000800018D4 (0x0095D5B3) srl x11, x11, x9                        common_Mexcpt_handler+36
x11 <- 0x000000000000005D

mem[X,0x00000000800018D8] -> 0xF593
mem[X,0x00000000800018DA] -> 0x0015
[1871] [M]: 0x00000000800018D8 (0x0015F593) andi x11, x11, 0x1                      common_Mexcpt_handler+40
x11 <- 0x0000000000000001

clint mtime 0x00000000000003A8 (mip.MTI <- 0b1, mip.STI <- 0b0)
mem[X,0x00000000800018DC] -> 0x8EE3
mem[X,0x00000000800018DE] -> 0xF405
[1872] [M]: 0x00000000800018DC (0xF4058EE3) beq x11, x0, -0xa4                      common_Mexcpt_handler+44

mem[X,0x00000000800018E0] -> 0x0593
mem[X,0x00000000800018E2] -> 0x2980
[1873] [M]: 0x00000000800018E0 (0x29800593) addi x11, x0, 0x298                     common_Mexcpt_handler+48
x11 <- 0x0000000000000298

clint mtime 0x00000000000003A9 (mip.MTI <- 0b1, mip.STI <- 0b0)
mem[X,0x00000000800018E4] -> 0xF413
mem[X,0x00000000800018E6] -> 0x0014
[1874] [M]: 0x00000000800018E4 (0x0014F413) andi x8, x9, 0x1                        common_Mexcpt_handler+52
x8 <- 0x0000000000000000

mem[X,0x00000000800018E8] -> 0x95B3
mem[X,0x00000000800018EA] -> 0x0085
[1875] [M]: 0x00000000800018E8 (0x008595B3) sll x11, x11, x8                        common_Mexcpt_handler+56
x11 <- 0x0000000000000298

clint mtime 0x00000000000003AA (mip.MTI <- 0b1, mip.STI <- 0b0)
mem[X,0x00000000800018EC] -> 0x9413
mem[X,0x00000000800018EE] -> 0x03D4
[1876] [M]: 0x00000000800018EC (0x03D49413) slli x8, x9, 0x3d                       common_Mexcpt_handler+60
x8 <- 0x0000000000000000

mem[X,0x00000000800018F0] -> 0x5413
mem[X,0x00000000800018F2] -> 0x43F4
[1877] [M]: 0x00000000800018F0 (0x43F45413) srai x8, x8, 0x3f                       common_Mexcpt_handler+64
x8 <- 0x0000000000000000

clint mtime 0x00000000000003AB (mip.MTI <- 0b1, mip.STI <- 0b0)
mem[X,0x00000000800018F4] -> 0x4413
mem[X,0x00000000800018F6] -> 0xFFF4
[1878] [M]: 0x00000000800018F4 (0xFFF44413) xori x8, x8, -0x1                       common_Mexcpt_handler+68
x8 <- 0xFFFFFFFFFFFFFFFF

mem[X,0x00000000800018F8] -> 0xF4B3
mem[X,0x00000000800018FA] -> 0x0085
[1879] [M]: 0x00000000800018F8 (0x0085F4B3) and x9, x11, x8                         common_Mexcpt_handler+72
x9 <- 0x0000000000000298

clint mtime 0x00000000000003AC (mip.MTI <- 0b1, mip.STI <- 0b0)
mem[X,0x00000000800018FC] -> 0x84B3
mem[X,0x00000000800018FE] -> 0x0024
[1880] [M]: 0x00000000800018FC (0x002484B3) add x9, x9, x2                          vmem_adj_Mepc+0
x9 <- 0x0000000080004298

mem[X,0x0000000080001900] -> 0x23F3
mem[X,0x0000000080001902] -> 0x3410
[1881] [M]: 0x0000000080001900 (0x341023F3) csrrs x7, mepc, x0                      vmem_adj_Mepc+4
CSR mepc (0x341) -> 0x0000000180000E24
x7 <- 0x0000000180000E24

clint mtime 0x00000000000003AD (mip.MTI <- 0b1, mip.STI <- 0b0)
mem[X,0x0000000080001904] -> 0x0413
mem[X,0x0000000080001906] -> 0x0004
[1882] [M]: 0x0000000080001904 (0x00040413) addi x8, x8, 0x0                        vmem_adj_Mepc+8
x8 <- 0xFFFFFFFFFFFFFFFF

mem[X,0x0000000080001908] -> 0x006F
mem[X,0x000000008000190A] -> 0x0400
[1883] [M]: 0x0000000080001908 (0x0400006F) jal x0, 0x40                            vmem_adj_Mepc+12

clint mtime 0x00000000000003AE (mip.MTI <- 0b1, mip.STI <- 0b0)
mem[X,0x0000000080001948] -> 0x8433
mem[X,0x000000008000194A] -> 0x4083
[1884] [M]: 0x0000000080001948 (0x40838433) sub x8, x7, x8                          adj_Mepc+0
x8 <- 0x0000000180000E25

mem[X,0x000000008000194C] -> 0x3823
mem[X,0x000000008000194E] -> 0x0083
[1885] [M]: 0x000000008000194C (0x00833823) sd x8, 0x10(x6)                         sv_Mepc+0
mem[W,0x0000000080008628] <- 0x0000000180000E25

clint mtime 0x00000000000003AF (mip.MTI <- 0b1, mip.STI <- 0b0)
mem[X,0x0000000080001950] -> 0x55B7
mem[X,0x0000000080001952] -> 0x0000
[1886] [M]: 0x0000000080001950 (0x000055B7) lui x11, 0x5                            sv_Mepc+4
x11 <- 0x0000000000005000

mem[X,0x0000000080001954] -> 0x8593
mem[X,0x0000000080001956] -> 0x6675
[1887] [M]: 0x0000000080001954 (0x66758593) addi x11, x11, 0x667                    sv_Mepc+8
x11 <- 0x0000000000005667

clint mtime 0x00000000000003B0 (mip.MTI <- 0b1, mip.STI <- 0b0)
mem[X,0x0000000080001958] -> 0x9593
mem[X,0x000000008000195A] -> 0x0015
[1888] [M]: 0x0000000080001958 (0x00159593) slli x11, x11, 0x1                      sv_Mepc+12
x11 <- 0x000000000000ACCE

mem[X,0x000000008000195C] -> 0x9063
mem[X,0x000000008000195E] -> 0x02B1
[1889] [M]: 0x000000008000195C (0x02B19063) bne x3, x11, 0x20                       sv_Mepc+16

clint mtime 0x00000000000003B1 (mip.MTI <- 0b1, mip.STI <- 0b0)
mem[X,0x0000000080001960] -> 0x2473
mem[X,0x0000000080001962] -> 0x3420
[1890] [M]: 0x0000000080001960 (0x34202473) csrrs x8, mcause, x0                    sv_Mepc+20
CSR mcause (0x342) -> 0x0000000000000002
x8 <- 0x0000000000000002

mem[X,0x0000000080001964] -> 0x0593
mem[X,0x0000000080001966] -> 0x00C0
[1891] [M]: 0x0000000080001964 (0x00C00593) addi x11, x0, 0xc                       sv_Mepc+24
x11 <- 0x000000000000000C

clint mtime 0x00000000000003B2 (mip.MTI <- 0b1, mip.STI <- 0b0)
mem[X,0x0000000080001968] -> 0x0663
mem[X,0x000000008000196A] -> 0x00B4
[1892] [M]: 0x0000000080001968 (0x00B40663) beq x8, x11, 0xc                        sv_Mepc+28

mem[X,0x000000008000196C] -> 0x0593
mem[X,0x000000008000196E] -> 0x0010
[1893] [M]: 0x000000008000196C (0x00100593) addi x11, x0, 0x1                       sv_Mepc+32
x11 <- 0x0000000000000001

clint mtime 0x00000000000003B3 (mip.MTI <- 0b1, mip.STI <- 0b0)
mem[X,0x0000000080001970] -> 0x1663
mem[X,0x0000000080001972] -> 0x00B4
[1894] [M]: 0x0000000080001970 (0x00B41663) bne x8, x11, 0xc                        sv_Mepc+36

mem[X,0x000000008000197C] -> 0xF593
mem[X,0x000000008000197E] -> 0xFFC3
[1895] [M]: 0x000000008000197C (0xFFC3F593) andi x11, x7, -0x4                      adj_Mepc_rtn+0
x11 <- 0x0000000180000E24

clint mtime 0x00000000000003B4 (mip.MTI <- 0b1, mip.STI <- 0b0)
mem[X,0x0000000080001980] -> 0x8593
mem[X,0x0000000080001982] -> 0x0085
[1896] [M]: 0x0000000080001980 (0x00858593) addi x11, x11, 0x8                      adj_Mepc_rtn+4
x11 <- 0x0000000180000E2C

mem[X,0x0000000080001984] -> 0x9073
mem[X,0x0000000080001986] -> 0x3415
[1897] [M]: 0x0000000080001984 (0x34159073) csrrw x0, mepc, x11                     adj_Mepc_rtn+8
CSR mepc (0x341) <- 0x0000000180000E2C

clint mtime 0x00000000000003B5 (mip.MTI <- 0b1, mip.STI <- 0b0)
mem[X,0x0000000080001988] -> 0x23F3
mem[X,0x000000008000198A] -> 0x3430
[1898] [M]: 0x0000000080001988 (0x343023F3) csrrs x7, mtval, x0                     skp_adj_Mepc+0
CSR mtval (0x343) -> 0x00000000341494F3
x7 <- 0x00000000341494F3

mem[X,0x000000008000198C] -> 0x0413
mem[X,0x000000008000198E] -> 0x0004
[1899] [M]: 0x000000008000198C (0x00040413) addi x8, x8, 0x0                        skp_adj_Mepc+4
x8 <- 0x0000000000000002

clint mtime 0x00000000000003B6 (mip.MTI <- 0b1, mip.STI <- 0b0)
mem[X,0x0000000080001990] -> 0x006F
mem[X,0x0000000080001992] -> 0x0840
[1900] [M]: 0x0000000080001990 (0x0840006F) jal x0, 0x84                            skp_adj_Mepc+8

mem[X,0x0000000080001A14] -> 0x8433
mem[X,0x0000000080001A16] -> 0x4083
[1901] [M]: 0x0000000080001A14 (0x40838433) sub x8, x7, x8                          adj_Mtval+0
x8 <- 0x00000000341494F1

clint mtime 0x00000000000003B7 (mip.MTI <- 0b1, mip.STI <- 0b0)
mem[X,0x0000000080001A18] -> 0x3C23
mem[X,0x0000000080001A1A] -> 0x0083
[1902] [M]: 0x0000000080001A18 (0x00833C23) sd x8, 0x18(x6)                         sv_Mtval+0
mem[W,0x0000000080008630] <- 0x00000000341494F1

mem[X,0x0000000080001A1C] -> 0x3483
mem[X,0x0000000080001A1E] -> 0x2181
[1903] [M]: 0x0000000080001A1C (0x21813483) ld x9, 0x218(x2)                        skp_Mtval+0
mem[R,0x0000000080004218] -> 0x0000000080008638
x9 <- 0x0000000080008638

clint mtime 0x00000000000003B8 (mip.MTI <- 0b1, mip.STI <- 0b0)
mem[X,0x0000000080001A20] -> 0x3383
mem[X,0x0000000080001A22] -> 0x1F81
[1904] [M]: 0x0000000080001A20 (0x1F813383) ld x7, 0x1f8(x2)                        skp_Mtval+4
mem[R,0x00000000800041F8] -> 0x0000000080008110
x7 <- 0x0000000080008110

mem[X,0x0000000080001A24] -> 0x3303
mem[X,0x0000000080001A26] -> 0x2001
[1905] [M]: 0x0000000080001A24 (0x20013303) ld x6, 0x200(x2)                        skp_Mtval+8
mem[R,0x0000000080004200] -> 0x0000000000000810
x6 <- 0x0000000000000810

clint mtime 0x00000000000003B9 (mip.MTI <- 0b1, mip.STI <- 0b0)
mem[X,0x0000000080001A28] -> 0x0333
mem[X,0x0000000080001A2A] -> 0x0073
[1906] [M]: 0x0000000080001A28 (0x00730333) add x6, x6, x7                          skp_Mtval+12
x6 <- 0x0000000080008920

mem[X,0x0000000080001A2C] -> 0x6AE3
mem[X,0x0000000080001A2E] -> 0xAC93
[1907] [M]: 0x0000000080001A2C (0xAC936AE3) bltu x6, x9, -0x52c                     skp_Mtval+16

clint mtime 0x00000000000003BA (mip.MTI <- 0b1, mip.STI <- 0b0)
mem[X,0x0000000080001A30] -> 0x0393
mem[X,0x0000000080001A32] -> 0x2000
[1908] [M]: 0x0000000080001A30 (0x20000393) addi x7, x0, 0x200                      skp_Mtval+20
x7 <- 0x0000000000000200

mem[X,0x0000000080001A34] -> 0x006F
mem[X,0x0000000080001A36] -> 0x0400
[1909] [M]: 0x0000000080001A34 (0x0400006F) jal x0, 0x40                            skp_Mtval+24

clint mtime 0x00000000000003BB (mip.MTI <- 0b1, mip.STI <- 0b0)
mem[X,0x0000000080001A74] -> 0x0417
mem[X,0x0000000080001A76] -> 0x0000
[1910] [M]: 0x0000000080001A74 (0x00000417) auipc x8, 0x0                           spcl_Mhandler+0
x8 <- 0x0000000080001A74

mem[X,0x0000000080001A78] -> 0x0413
mem[X,0x0000000080001A7A] -> 0x03C4
[1911] [M]: 0x0000000080001A78 (0x03C40413) addi x8, x8, 0x3c                       spcl_Mhandler+4
x8 <- 0x0000000080001AB0

clint mtime 0x00000000000003BC (mip.MTI <- 0b1, mip.STI <- 0b0)
mem[X,0x0000000080001A7C] -> 0x0433
mem[X,0x0000000080001A7E] -> 0x0074
[1912] [M]: 0x0000000080001A7C (0x00740433) add x8, x8, x7                          spcl_Mhandler+8
x8 <- 0x0000000080001CB0

mem[X,0x0000000080001A80] -> 0x1393
mem[X,0x0000000080001A82] -> 0x0035
[1913] [M]: 0x0000000080001A80 (0x00351393) slli x7, x10, 0x3                       spcl_Mhandler+12
x7 <- 0x0000000000000010

clint mtime 0x00000000000003BD (mip.MTI <- 0b1, mip.STI <- 0b0)
mem[X,0x0000000080001A84] -> 0x0433
mem[X,0x0000000080001A86] -> 0x0074
[1914] [M]: 0x0000000080001A84 (0x00740433) add x8, x8, x7                          spcl_Mhandler+16
x8 <- 0x0000000080001CC0

mem[X,0x0000000080001A88] -> 0x7413
mem[X,0x0000000080001A8A] -> 0xFF84
[1915] [M]: 0x0000000080001A88 (0xFF847413) andi x8, x8, -0x8                       spcl_Mhandler+20
x8 <- 0x0000000080001CC0

clint mtime 0x00000000000003BE (mip.MTI <- 0b1, mip.STI <- 0b0)
mem[X,0x0000000080001A8C] -> 0x3403
mem[X,0x0000000080001A8E] -> 0x0004
[1916] [M]: 0x0000000080001A8C (0x00043403) ld x8, 0x0(x8)                          spcl_Mhandler+24
mem[R,0x0000000080001CC0] -> 0x0000000000000005
x8 <- 0x0000000000000005

mem[X,0x0000000080001A90] -> 0x02E3
mem[X,0x0000000080001A92] -> 0xB004
[1917] [M]: 0x0000000080001A90 (0xB00402E3) beq x8, x0, -0x4fc                      spcl_Mdispatch_hndling+0

clint mtime 0x00000000000003BF (mip.MTI <- 0b1, mip.STI <- 0b0)
mem[X,0x0000000080001A94] -> 0x1393
mem[X,0x0000000080001A96] -> 0x03F4
[1918] [M]: 0x0000000080001A94 (0x03F41393) slli x7, x8, 0x3f                       spcl_Mdispatch_hndling+4
x7 <- 0x8000000000000000

mem[X,0x0000000080001A98] -> 0xD863
mem[X,0x0000000080001A9A] -> 0x0003
[1919] [M]: 0x0000000080001A98 (0x0003D863) bge x7, x0, 0x10                        spcl_Mdispatch_hndling+8

clint mtime 0x00000000000003C0 (mip.MTI <- 0b1, mip.STI <- 0b0)
mem[X,0x0000000080001A9C] -> 0x5413
mem[X,0x0000000080001A9E] -> 0x0014
[1920] [M]: 0x0000000080001A9C (0x00145413) srli x8, x8, 0x1                        spcl_Mdispatch_hndling+12
x8 <- 0x0000000000000002

mem[X,0x0000000080001AA0] -> 0x0CE3
mem[X,0x0000000080001AA2] -> 0xF885
[1921] [M]: 0x0000000080001AA0 (0xF8850CE3) beq x10, x8, -0x68                      spcl_Mdispatch_hndling+16

clint mtime 0x00000000000003C1 (mip.MTI <- 0b1, mip.STI <- 0b0)
mem[X,0x0000000080001A38] -> 0x3303
mem[X,0x0000000080001A3A] -> 0x2601
[1922] [M]: 0x0000000080001A38 (0x26013303) ld x6, 0x260(x2)                        resto_Mrtn+0
mem[R,0x0000000080004260] -> 0xFFFFFFFF7FFFF32C
x6 <- 0xFFFFFFFF7FFFF32C

mem[X,0x0000000080001A3C] -> 0x3383
mem[X,0x0000000080001A3E] -> 0x2681
[1923] [M]: 0x0000000080001A3C (0x26813383) ld x7, 0x268(x2)                        resto_Mrtn+4
mem[R,0x0000000080004268] -> 0x0000000080004000
x7 <- 0x0000000080004000

clint mtime 0x00000000000003C2 (mip.MTI <- 0b1, mip.STI <- 0b0)
mem[X,0x0000000080001A40] -> 0x3403
mem[X,0x0000000080001A42] -> 0x2701
[1924] [M]: 0x0000000080001A40 (0x27013403) ld x8, 0x270(x2)                        resto_Mrtn+8
mem[R,0x0000000080004270] -> 0x0000000000007F76
x8 <- 0x0000000000007F76

mem[X,0x0000000080001A44] -> 0x3483
mem[X,0x0000000080001A46] -> 0x2781
[1925] [M]: 0x0000000080001A44 (0x27813483) ld x9, 0x278(x2)                        resto_Mrtn+12
mem[R,0x0000000080004278] -> 0x0000000100000148
x9 <- 0x0000000100000148

clint mtime 0x00000000000003C3 (mip.MTI <- 0b1, mip.STI <- 0b0)
mem[X,0x0000000080001A48] -> 0x3503
mem[X,0x0000000080001A4A] -> 0x2801
[1926] [M]: 0x0000000080001A48 (0x28013503) ld x10, 0x280(x2)                       resto_Mrtn+16
mem[R,0x0000000080004280] -> 0x00000000200000CD
x10 <- 0x00000000200000CD

mem[X,0x0000000080001A4C] -> 0x3583
mem[X,0x0000000080001A4E] -> 0x2881
[1927] [M]: 0x0000000080001A4C (0x28813583) ld x11, 0x288(x2)                       resto_Mrtn+20
mem[R,0x0000000080004288] -> 0x00000000000000CD
x11 <- 0x00000000000000CD

clint mtime 0x00000000000003C4 (mip.MTI <- 0b1, mip.STI <- 0b0)
mem[X,0x0000000080001A50] -> 0x3103
mem[X,0x0000000080001A52] -> 0x2901
[1928] [M]: 0x0000000080001A50 (0x29013103) ld x2, 0x290(x2)                        resto_Mrtn+24
mem[R,0x0000000080004290] -> 0x0000000000000000
x2 <- 0x0000000000000000

mem[X,0x0000000080001A54] -> 0x0073
mem[X,0x0000000080001A56] -> 0x3020
[1929] [M]: 0x0000000080001A54 (0x30200073) mret                                    resto_Mrtn+28
CSR mstatus (0x300) <- 0x0000000A00000080
ret-ing from M to S

clint mtime 0x00000000000003C5 (mip.MTI <- 0b1, mip.STI <- 0b0)
mem[X,0x0000000080000E2C] -> 0x07B7
mem[X,0x0000000080000E2E] -> 0x5000
[1930] [S]: 0x0000000180000E2C (0x500007B7) lui x15, 0x50000                        va_rvtest_code_begin+1616
x15 <- 0x0000000050000000

mem[X,0x0000000080000E30] -> 0x8793
mem[X,0x0000000080000E32] -> 0x1017
[1931] [S]: 0x0000000180000E30 (0x10178793) addi x15, x15, 0x101                    va_rvtest_code_begin+1620
x15 <- 0x0000000050000101

clint mtime 0x00000000000003C6 (mip.MTI <- 0b1, mip.STI <- 0b0)
mem[X,0x0000000080000E34] -> 0x9793
mem[X,0x0000000080000E36] -> 0x0027
[1932] [S]: 0x0000000180000E34 (0x00279793) slli x15, x15, 0x2                      va_rvtest_code_begin+1624
x15 <- 0x0000000140000404

mem[X,0x0000000080000E38] -> 0x0613
mem[X,0x0000000080000E3A] -> 0x0106
[1933] [S]: 0x0000000180000E38 (0x01060613) addi x12, x12, 0x10                     va_rvtest_code_begin+1628
x12 <- 0x0000000000000030

clint mtime 0x00000000000003C7 (mip.MTI <- 0b1, mip.STI <- 0b0)
mem[X,0x0000000080000E3C] -> 0xAA23
mem[X,0x0000000080000E3E] -> 0x00C7
[1934] [S]: 0x0000000180000E3C (0x00C7AA23) sw x12, 0x14(x15)                       va_rvtest_code_begin+1632
PTW: Start, vpn=0x140000, access_type=W, privilege=Smem[R,0x0000000080007028] -> 0x0000000020001801
PTW: Step, level=2, pte=0x20001801, pte_addr=0x80007028
PTW: Start, vpn=0x140000, access_type=W, privilege=Smem[R,0x0000000080006000] -> 0x00000000200000CD
PTW: Step, level=1, pte=0x200000CD, pte_addr=0x80006000
PTW: failed, error=invalid-pte, level=1, pte_addr=0x80006000
trapping from S to M to handle store/amo-page-fault
handling exc#store/amo-page-fault at priv M with tval 0x0000000140000418
CSR mstatus (0x300) <- 0x0000000A00000800
CSR mcause (0x342) <- 0x000000000000000F
CSR mtval (0x343) <- 0x0000000140000418
CSR mepc (0x341) <- 0x0000000180000E3C

mem[X,0x0000000080001600] -> 0x006F
mem[X,0x0000000080001602] -> 0x1000
[1935] [M]: 0x0000000080001600 (0x1000006F) jal x0, 0x100                           Mtrampoline+0

clint mtime 0x00000000000003C8 (mip.MTI <- 0b1, mip.STI <- 0b0)
mem[X,0x0000000080001700] -> 0x1173
mem[X,0x0000000080001702] -> 0x3401
[1936] [M]: 0x0000000080001700 (0x34011173) csrrw x2, mscratch, x2                  trap_Mhandler+0
CSR mscratch (0x340) <- 0x0000000000000000
x2 <- 0x0000000080004000

mem[X,0x0000000080001704] -> 0x3423
mem[X,0x0000000080001706] -> 0x28B1
[1937] [M]: 0x0000000080001704 (0x28B13423) sd x11, 0x288(x2)                       trap_Mhandler+4
mem[W,0x0000000080004288] <- 0x00000000000000CD

clint mtime 0x00000000000003C9 (mip.MTI <- 0b1, mip.STI <- 0b0)
mem[X,0x0000000080001708] -> 0x05EF
mem[X,0x000000008000170A] -> 0x0B80
[1938] [M]: 0x0000000080001708 (0x0B8005EF) jal x11, 0xb8                           trap_Mhandler+8
x11 <- 0x000000008000170C

mem[X,0x00000000800017C0] -> 0x3023
mem[X,0x00000000800017C2] -> 0x28A1
[1939] [M]: 0x00000000800017C0 (0x28A13023) sd x10, 0x280(x2)                       common_Mhandler+0
mem[W,0x0000000080004280] <- 0x00000000200000CD

clint mtime 0x00000000000003CA (mip.MTI <- 0b1, mip.STI <- 0b0)
mem[X,0x00000000800017C4] -> 0x1573
mem[X,0x00000000800017C6] -> 0x3401
[1940] [M]: 0x00000000800017C4 (0x34011573) csrrw x10, mscratch, x2                 common_Mhandler+4
CSR mscratch (0x340) <- 0x0000000080004000
x10 <- 0x0000000000000000

mem[X,0x00000000800017C8] -> 0x3823
mem[X,0x00000000800017CA] -> 0x28A1
[1941] [M]: 0x00000000800017C8 (0x28A13823) sd x10, 0x290(x2)                       common_Mhandler+8
mem[W,0x0000000080004290] <- 0x0000000000000000

clint mtime 0x00000000000003CB (mip.MTI <- 0b1, mip.STI <- 0b0)
mem[X,0x00000000800017CC] -> 0x3503
mem[X,0x00000000800017CE] -> 0x2301
[1942] [M]: 0x00000000800017CC (0x23013503) ld x10, 0x230(x2)                       common_Mhandler+12
mem[R,0x0000000080004230] -> 0x00000000800017D4
x10 <- 0x00000000800017D4

mem[X,0x00000000800017D0] -> 0x0067
mem[X,0x00000000800017D2] -> 0x0005
[1943] [M]: 0x00000000800017D0 (0x00050067) jalr x0, 0x0(x10)                       common_Mhandler+16

clint mtime 0x00000000000003CC (mip.MTI <- 0b1, mip.STI <- 0b0)
mem[X,0x00000000800017D4] -> 0x3C23
mem[X,0x00000000800017D6] -> 0x2691
[1944] [M]: 0x00000000800017D4 (0x26913C23) sd x9, 0x278(x2)                        common_Mentry+0
mem[W,0x0000000080004278] <- 0x0000000100000148

mem[X,0x00000000800017D8] -> 0x3823
mem[X,0x00000000800017DA] -> 0x2681
[1945] [M]: 0x00000000800017D8 (0x26813823) sd x8, 0x270(x2)                        common_Mentry+4
mem[W,0x0000000080004270] <- 0x0000000000007F76

clint mtime 0x00000000000003CD (mip.MTI <- 0b1, mip.STI <- 0b0)
mem[X,0x00000000800017DC] -> 0x3423
mem[X,0x00000000800017DE] -> 0x2671
[1946] [M]: 0x00000000800017DC (0x26713423) sd x7, 0x268(x2)                        common_Mentry+8
mem[W,0x0000000080004268] <- 0x0000000080004000

mem[X,0x00000000800017E0] -> 0x3023
mem[X,0x00000000800017E2] -> 0x2661
[1947] [M]: 0x00000000800017E0 (0x26613023) sd x6, 0x260(x2)                        common_Mentry+12
mem[W,0x0000000080004260] <- 0xFFFFFFFF7FFFF32C

clint mtime 0x00000000000003CE (mip.MTI <- 0b1, mip.STI <- 0b0)
mem[X,0x00000000800017E4] -> 0x2573
mem[X,0x00000000800017E6] -> 0x3420
[1948] [M]: 0x00000000800017E4 (0x34202573) csrrs x10, mcause, x0                   spcl_M2mmode_test+0
CSR mcause (0x342) -> 0x000000000000000F
x10 <- 0x000000000000000F

mem[X,0x00000000800017E8] -> 0x04B7
mem[X,0x00000000800017EA] -> 0x8000
[1949] [M]: 0x00000000800017E8 (0x800004B7) lui x9, -0x80000                        spcl_M2mmode_test+4
x9 <- 0xFFFFFFFF80000000

clint mtime 0x00000000000003CF (mip.MTI <- 0b1, mip.STI <- 0b0)
mem[X,0x00000000800017EC] -> 0x8493
mem[X,0x00000000800017EE] -> 0x0004
[1950] [M]: 0x00000000800017EC (0x00048493) addi x9, x9, 0x0                        spcl_M2mmode_test+8
x9 <- 0xFFFFFFFF80000000

mem[X,0x00000000800017F0] -> 0x9493
mem[X,0x00000000800017F2] -> 0x00B4
[1951] [M]: 0x00000000800017F0 (0x00B49493) slli x9, x9, 0xb                        spcl_M2mmode_test+12
x9 <- 0xFFFFFC0000000000

clint mtime 0x00000000000003D0 (mip.MTI <- 0b1, mip.STI <- 0b0)
mem[X,0x00000000800017F4] -> 0x8493
mem[X,0x00000000800017F6] -> 0x0004
[1952] [M]: 0x00000000800017F4 (0x00048493) addi x9, x9, 0x0                        spcl_M2mmode_test+16
x9 <- 0xFFFFFC0000000000

mem[X,0x00000000800017F8] -> 0x9493
mem[X,0x00000000800017FA] -> 0x00B4
[1953] [M]: 0x00000000800017F8 (0x00B49493) slli x9, x9, 0xb                        spcl_M2mmode_test+20
x9 <- 0xFFE0000000000000

clint mtime 0x00000000000003D1 (mip.MTI <- 0b1, mip.STI <- 0b0)
mem[X,0x00000000800017FC] -> 0x8493
mem[X,0x00000000800017FE] -> 0x0034
[1954] [M]: 0x00000000800017FC (0x00348493) addi x9, x9, 0x3                        spcl_M2mmode_test+24
x9 <- 0xFFE0000000000003

mem[X,0x0000000080001800] -> 0x9493
mem[X,0x0000000080001802] -> 0x00A4
[1955] [M]: 0x0000000080001800 (0x00A49493) slli x9, x9, 0xa                        spcl_M2mmode_test+28
x9 <- 0x8000000000000C00

clint mtime 0x00000000000003D2 (mip.MTI <- 0b1, mip.STI <- 0b0)
mem[X,0x0000000080001804] -> 0x8493
mem[X,0x0000000080001806] -> 0x3FC4
[1956] [M]: 0x0000000080001804 (0x3FC48493) addi x9, x9, 0x3fc                      spcl_M2mmode_test+32
x9 <- 0x8000000000000FFC

mem[X,0x0000000080001808] -> 0xF4B3
mem[X,0x000000008000180A] -> 0x00A4
[1957] [M]: 0x0000000080001808 (0x00A4F4B3) and x9, x9, x10                         spcl_M2mmode_test+36
x9 <- 0x000000000000000C

clint mtime 0x00000000000003D3 (mip.MTI <- 0b1, mip.STI <- 0b0)
mem[X,0x000000008000180C] -> 0x8493
mem[X,0x000000008000180E] -> 0xFF84
[1958] [M]: 0x000000008000180C (0xFF848493) addi x9, x9, -0x8                       spcl_M2mmode_test+40
x9 <- 0x0000000000000004

mem[X,0x0000000080001810] -> 0x9663
mem[X,0x0000000080001812] -> 0x0004
[1959] [M]: 0x0000000080001810 (0x00049663) bne x9, x0, 0xc                         spcl_M2mmode_test+44

clint mtime 0x00000000000003D4 (mip.MTI <- 0b1, mip.STI <- 0b0)
mem[X,0x000000008000181C] -> 0x0393
mem[X,0x000000008000181E] -> 0x0200
[1960] [M]: 0x000000008000181C (0x02000393) addi x7, x0, 0x20                       Mtrapsig_ptr_upd+0
x7 <- 0x0000000000000020

mem[X,0x0000000080001820] -> 0x5263
mem[X,0x0000000080001822] -> 0x0405
[1961] [M]: 0x0000000080001820 (0x04055263) bge x10, x0, 0x44                       Mtrapsig_ptr_upd+4

clint mtime 0x00000000000003D5 (mip.MTI <- 0b1, mip.STI <- 0b0)
mem[X,0x0000000080001864] -> 0x2373
mem[X,0x0000000080001866] -> 0x3010
[1962] [M]: 0x0000000080001864 (0x30102373) csrrs x6, misa, x0                      Mxcpt_sig_sv+0
CSR misa (0x301) -> 0x800000000034112F
x6 <- 0x800000000034112F

mem[X,0x0000000080001868] -> 0x1313
mem[X,0x000000008000186A] -> 0x0383
[1963] [M]: 0x0000000080001868 (0x03831313) slli x6, x6, 0x38                       Mxcpt_sig_sv+4
x6 <- 0x2F00000000000000

clint mtime 0x00000000000003D6 (mip.MTI <- 0b1, mip.STI <- 0b0)
mem[X,0x000000008000186C] -> 0x5463
mem[X,0x000000008000186E] -> 0x0003
[1964] [M]: 0x000000008000186C (0x00035463) bge x6, x0, 0x8                         Mxcpt_sig_sv+8

mem[X,0x0000000080001874] -> 0x3303
mem[X,0x0000000080001876] -> 0x2181
[1965] [M]: 0x0000000080001874 (0x21813303) ld x6, 0x218(x2)                        Mtrap_sig_sv+0
mem[R,0x0000000080004218] -> 0x0000000080008638
x6 <- 0x0000000080008638

clint mtime 0x00000000000003D7 (mip.MTI <- 0b1, mip.STI <- 0b0)
mem[X,0x0000000080001878] -> 0x04B3
mem[X,0x000000008000187A] -> 0x0073
[1966] [M]: 0x0000000080001878 (0x007304B3) add x9, x6, x7                          Mtrap_sig_sv+4
x9 <- 0x0000000080008658

mem[X,0x000000008000187C] -> 0x3C23
mem[X,0x000000008000187E] -> 0x2091
[1967] [M]: 0x000000008000187C (0x20913C23) sd x9, 0x218(x2)                        Mtrap_sig_sv+8
mem[W,0x0000000080004218] <- 0x0000000080008658

clint mtime 0x00000000000003D8 (mip.MTI <- 0b1, mip.STI <- 0b0)
mem[X,0x0000000080001880] -> 0x3403
mem[X,0x0000000080001882] -> 0x1F81
[1968] [M]: 0x0000000080001880 (0x1F813403) ld x8, 0x1f8(x2)                        Mtrap_sig_sv+12
mem[R,0x00000000800041F8] -> 0x0000000080008110
x8 <- 0x0000000080008110

mem[X,0x0000000080001884] -> 0x0333
mem[X,0x0000000080001886] -> 0x4083
[1969] [M]: 0x0000000080001884 (0x40830333) sub x6, x6, x8                          Mtrap_sig_sv+16
x6 <- 0x0000000000000528

clint mtime 0x00000000000003D9 (mip.MTI <- 0b1, mip.STI <- 0b0)
mem[X,0x0000000080001888] -> 0x3403
mem[X,0x000000008000188A] -> 0x1F81
[1970] [M]: 0x0000000080001888 (0x1F813403) ld x8, 0x1f8(x2)                        Mtrap_sig_sv+20
mem[R,0x00000000800041F8] -> 0x0000000080008110
x8 <- 0x0000000080008110

mem[X,0x000000008000188C] -> 0x0333
mem[X,0x000000008000188E] -> 0x0083
[1971] [M]: 0x000000008000188C (0x00830333) add x6, x6, x8                          Mtrap_sig_sv+24
x6 <- 0x0000000080008638

clint mtime 0x00000000000003DA (mip.MTI <- 0b1, mip.STI <- 0b0)
mem[X,0x0000000080001890] -> 0x3403
mem[X,0x0000000080001892] -> 0x2401
[1972] [M]: 0x0000000080001890 (0x24013403) ld x8, 0x240(x2)                        Mtrap_sig_sv+28
mem[R,0x0000000080004240] -> 0x0000000080001600
x8 <- 0x0000000080001600

mem[X,0x0000000080001894] -> 0x85B3
mem[X,0x0000000080001896] -> 0x4085
[1973] [M]: 0x0000000080001894 (0x408585B3) sub x11, x11, x8                        sv_Mvect+0
x11 <- 0x000000000000010C

clint mtime 0x00000000000003DB (mip.MTI <- 0b1, mip.STI <- 0b0)
mem[X,0x0000000080001898] -> 0x9593
mem[X,0x000000008000189A] -> 0x0045
[1974] [M]: 0x0000000080001898 (0x00459593) slli x11, x11, 0x4                      sv_Mvect+4
x11 <- 0x00000000000010C0

mem[X,0x000000008000189C] -> 0xE5B3
mem[X,0x000000008000189E] -> 0x0075
[1975] [M]: 0x000000008000189C (0x0075E5B3) or x11, x11, x7                         sv_Mvect+8
x11 <- 0x00000000000010E0

clint mtime 0x00000000000003DC (mip.MTI <- 0b1, mip.STI <- 0b0)
mem[X,0x00000000800018A0] -> 0x8593
mem[X,0x00000000800018A2] -> 0x0035
[1976] [M]: 0x00000000800018A0 (0x00358593) addi x11, x11, 0x3                      sv_Mvect+12
x11 <- 0x00000000000010E3

mem[X,0x00000000800018A4] -> 0x3023
mem[X,0x00000000800018A6] -> 0x00B3
[1977] [M]: 0x00000000800018A4 (0x00B33023) sd x11, 0x0(x6)                         sv_Mvect+16
mem[W,0x0000000080008638] <- 0x00000000000010E3

clint mtime 0x00000000000003DD (mip.MTI <- 0b1, mip.STI <- 0b0)
mem[X,0x00000000800018A8] -> 0x3423
mem[X,0x00000000800018AA] -> 0x00A3
[1978] [M]: 0x00000000800018A8 (0x00A33423) sd x10, 0x8(x6)                         sv_Mcause+0
mem[W,0x0000000080008640] <- 0x000000000000000F

mem[X,0x00000000800018AC] -> 0x4663
mem[X,0x00000000800018AE] -> 0x1A05
[1979] [M]: 0x00000000800018AC (0x1A054663) blt x10, x0, 0x1ac                      sv_Mcause+4

clint mtime 0x00000000000003DE (mip.MTI <- 0b1, mip.STI <- 0b0)
mem[X,0x00000000800018B0] -> 0x25F3
mem[X,0x00000000800018B2] -> 0x3000
[1980] [M]: 0x00000000800018B0 (0x300025F3) csrrs x11, mstatus, x0                  common_Mexcpt_handler+0
CSR mstatus (0x300) -> 0x0000000A00000800
x11 <- 0x0000000A00000800

mem[X,0x00000000800018B4] -> 0x9413
mem[X,0x00000000800018B6] -> 0x02E5
[1981] [M]: 0x00000000800018B4 (0x02E59413) slli x8, x11, 0x2e                      common_Mexcpt_handler+4
x8 <- 0x0200000000000000

clint mtime 0x00000000000003DF (mip.MTI <- 0b1, mip.STI <- 0b0)
mem[X,0x00000000800018B8] -> 0x5463
mem[X,0x00000000800018BA] -> 0x0004
[1982] [M]: 0x00000000800018B8 (0x00045463) bge x8, x0, 0x8                         common_Mexcpt_handler+8

mem[X,0x00000000800018C0] -> 0xD493
mem[X,0x00000000800018C2] -> 0x00B5
[1983] [M]: 0x00000000800018C0 (0x00B5D493) srli x9, x11, 0xb                       common_Mexcpt_handler+16
x9 <- 0x0000000001400001

clint mtime 0x00000000000003E0 (mip.MTI <- 0b1, mip.STI <- 0b0)
mem[X,0x00000000800018C4] -> 0xF493
mem[X,0x00000000800018C6] -> 0x0034
[1984] [M]: 0x00000000800018C4 (0x0034F493) andi x9, x9, 0x3                        common_Mexcpt_handler+20
x9 <- 0x0000000000000001

mem[X,0x00000000800018C8] -> 0x8493
mem[X,0x00000000800018CA] -> 0x0014
[1985] [M]: 0x00000000800018C8 (0x00148493) addi x9, x9, 0x1                        common_Mexcpt_handler+24
x9 <- 0x0000000000000002

clint mtime 0x00000000000003E1 (mip.MTI <- 0b1, mip.STI <- 0b0)
mem[X,0x00000000800018CC] -> 0xF493
mem[X,0x00000000800018CE] -> 0x0044
[1986] [M]: 0x00000000800018CC (0x0044F493) andi x9, x9, 0x4                        common_Mexcpt_handler+28
x9 <- 0x0000000000000000

mem[X,0x00000000800018D0] -> 0x0593
mem[X,0x00000000800018D2] -> 0x05D0
[1987] [M]: 0x00000000800018D0 (0x05D00593) addi x11, x0, 0x5d                      common_Mexcpt_handler+32
x11 <- 0x000000000000005D

clint mtime 0x00000000000003E2 (mip.MTI <- 0b1, mip.STI <- 0b0)
mem[X,0x00000000800018D4] -> 0xD5B3
mem[X,0x00000000800018D6] -> 0x0095
[1988] [M]: 0x00000000800018D4 (0x0095D5B3) srl x11, x11, x9                        common_Mexcpt_handler+36
x11 <- 0x000000000000005D

mem[X,0x00000000800018D8] -> 0xF593
mem[X,0x00000000800018DA] -> 0x0015
[1989] [M]: 0x00000000800018D8 (0x0015F593) andi x11, x11, 0x1                      common_Mexcpt_handler+40
x11 <- 0x0000000000000001

clint mtime 0x00000000000003E3 (mip.MTI <- 0b1, mip.STI <- 0b0)
mem[X,0x00000000800018DC] -> 0x8EE3
mem[X,0x00000000800018DE] -> 0xF405
[1990] [M]: 0x00000000800018DC (0xF4058EE3) beq x11, x0, -0xa4                      common_Mexcpt_handler+44

mem[X,0x00000000800018E0] -> 0x0593
mem[X,0x00000000800018E2] -> 0x2980
[1991] [M]: 0x00000000800018E0 (0x29800593) addi x11, x0, 0x298                     common_Mexcpt_handler+48
x11 <- 0x0000000000000298

clint mtime 0x00000000000003E4 (mip.MTI <- 0b1, mip.STI <- 0b0)
mem[X,0x00000000800018E4] -> 0xF413
mem[X,0x00000000800018E6] -> 0x0014
[1992] [M]: 0x00000000800018E4 (0x0014F413) andi x8, x9, 0x1                        common_Mexcpt_handler+52
x8 <- 0x0000000000000000

mem[X,0x00000000800018E8] -> 0x95B3
mem[X,0x00000000800018EA] -> 0x0085
[1993] [M]: 0x00000000800018E8 (0x008595B3) sll x11, x11, x8                        common_Mexcpt_handler+56
x11 <- 0x0000000000000298

clint mtime 0x00000000000003E5 (mip.MTI <- 0b1, mip.STI <- 0b0)
mem[X,0x00000000800018EC] -> 0x9413
mem[X,0x00000000800018EE] -> 0x03D4
[1994] [M]: 0x00000000800018EC (0x03D49413) slli x8, x9, 0x3d                       common_Mexcpt_handler+60
x8 <- 0x0000000000000000

mem[X,0x00000000800018F0] -> 0x5413
mem[X,0x00000000800018F2] -> 0x43F4
[1995] [M]: 0x00000000800018F0 (0x43F45413) srai x8, x8, 0x3f                       common_Mexcpt_handler+64
x8 <- 0x0000000000000000

clint mtime 0x00000000000003E6 (mip.MTI <- 0b1, mip.STI <- 0b0)
mem[X,0x00000000800018F4] -> 0x4413
mem[X,0x00000000800018F6] -> 0xFFF4
[1996] [M]: 0x00000000800018F4 (0xFFF44413) xori x8, x8, -0x1                       common_Mexcpt_handler+68
x8 <- 0xFFFFFFFFFFFFFFFF

mem[X,0x00000000800018F8] -> 0xF4B3
mem[X,0x00000000800018FA] -> 0x0085
[1997] [M]: 0x00000000800018F8 (0x0085F4B3) and x9, x11, x8                         common_Mexcpt_handler+72
x9 <- 0x0000000000000298

clint mtime 0x00000000000003E7 (mip.MTI <- 0b1, mip.STI <- 0b0)
mem[X,0x00000000800018FC] -> 0x84B3
mem[X,0x00000000800018FE] -> 0x0024
[1998] [M]: 0x00000000800018FC (0x002484B3) add x9, x9, x2                          vmem_adj_Mepc+0
x9 <- 0x0000000080004298

mem[X,0x0000000080001900] -> 0x23F3
mem[X,0x0000000080001902] -> 0x3410
[1999] [M]: 0x0000000080001900 (0x341023F3) csrrs x7, mepc, x0                      vmem_adj_Mepc+4
CSR mepc (0x341) -> 0x0000000180000E3C
x7 <- 0x0000000180000E3C

clint mtime 0x00000000000003E8 (mip.MTI <- 0b1, mip.STI <- 0b0)
mem[X,0x0000000080001904] -> 0x0413
mem[X,0x0000000080001906] -> 0x0004
[2000] [M]: 0x0000000080001904 (0x00040413) addi x8, x8, 0x0                        vmem_adj_Mepc+8
x8 <- 0xFFFFFFFFFFFFFFFF

mem[X,0x0000000080001908] -> 0x006F
mem[X,0x000000008000190A] -> 0x0400
[2001] [M]: 0x0000000080001908 (0x0400006F) jal x0, 0x40                            vmem_adj_Mepc+12

clint mtime 0x00000000000003E9 (mip.MTI <- 0b1, mip.STI <- 0b0)
mem[X,0x0000000080001948] -> 0x8433
mem[X,0x000000008000194A] -> 0x4083
[2002] [M]: 0x0000000080001948 (0x40838433) sub x8, x7, x8                          adj_Mepc+0
x8 <- 0x0000000180000E3D

mem[X,0x000000008000194C] -> 0x3823
mem[X,0x000000008000194E] -> 0x0083
[2003] [M]: 0x000000008000194C (0x00833823) sd x8, 0x10(x6)                         sv_Mepc+0
mem[W,0x0000000080008648] <- 0x0000000180000E3D

clint mtime 0x00000000000003EA (mip.MTI <- 0b1, mip.STI <- 0b0)
mem[X,0x0000000080001950] -> 0x55B7
mem[X,0x0000000080001952] -> 0x0000
[2004] [M]: 0x0000000080001950 (0x000055B7) lui x11, 0x5                            sv_Mepc+4
x11 <- 0x0000000000005000

mem[X,0x0000000080001954] -> 0x8593
mem[X,0x0000000080001956] -> 0x6675
[2005] [M]: 0x0000000080001954 (0x66758593) addi x11, x11, 0x667                    sv_Mepc+8
x11 <- 0x0000000000005667

clint mtime 0x00000000000003EB (mip.MTI <- 0b1, mip.STI <- 0b0)
mem[X,0x0000000080001958] -> 0x9593
mem[X,0x000000008000195A] -> 0x0015
[2006] [M]: 0x0000000080001958 (0x00159593) slli x11, x11, 0x1                      sv_Mepc+12
x11 <- 0x000000000000ACCE

mem[X,0x000000008000195C] -> 0x9063
mem[X,0x000000008000195E] -> 0x02B1
[2007] [M]: 0x000000008000195C (0x02B19063) bne x3, x11, 0x20                       sv_Mepc+16

clint mtime 0x00000000000003EC (mip.MTI <- 0b1, mip.STI <- 0b0)
mem[X,0x0000000080001960] -> 0x2473
mem[X,0x0000000080001962] -> 0x3420
[2008] [M]: 0x0000000080001960 (0x34202473) csrrs x8, mcause, x0                    sv_Mepc+20
CSR mcause (0x342) -> 0x000000000000000F
x8 <- 0x000000000000000F

mem[X,0x0000000080001964] -> 0x0593
mem[X,0x0000000080001966] -> 0x00C0
[2009] [M]: 0x0000000080001964 (0x00C00593) addi x11, x0, 0xc                       sv_Mepc+24
x11 <- 0x000000000000000C

clint mtime 0x00000000000003ED (mip.MTI <- 0b1, mip.STI <- 0b0)
mem[X,0x0000000080001968] -> 0x0663
mem[X,0x000000008000196A] -> 0x00B4
[2010] [M]: 0x0000000080001968 (0x00B40663) beq x8, x11, 0xc                        sv_Mepc+28

mem[X,0x000000008000196C] -> 0x0593
mem[X,0x000000008000196E] -> 0x0010
[2011] [M]: 0x000000008000196C (0x00100593) addi x11, x0, 0x1                       sv_Mepc+32
x11 <- 0x0000000000000001

clint mtime 0x00000000000003EE (mip.MTI <- 0b1, mip.STI <- 0b0)
mem[X,0x0000000080001970] -> 0x1663
mem[X,0x0000000080001972] -> 0x00B4
[2012] [M]: 0x0000000080001970 (0x00B41663) bne x8, x11, 0xc                        sv_Mepc+36

mem[X,0x000000008000197C] -> 0xF593
mem[X,0x000000008000197E] -> 0xFFC3
[2013] [M]: 0x000000008000197C (0xFFC3F593) andi x11, x7, -0x4                      adj_Mepc_rtn+0
x11 <- 0x0000000180000E3C

clint mtime 0x00000000000003EF (mip.MTI <- 0b1, mip.STI <- 0b0)
mem[X,0x0000000080001980] -> 0x8593
mem[X,0x0000000080001982] -> 0x0085
[2014] [M]: 0x0000000080001980 (0x00858593) addi x11, x11, 0x8                      adj_Mepc_rtn+4
x11 <- 0x0000000180000E44

mem[X,0x0000000080001984] -> 0x9073
mem[X,0x0000000080001986] -> 0x3415
[2015] [M]: 0x0000000080001984 (0x34159073) csrrw x0, mepc, x11                     adj_Mepc_rtn+8
CSR mepc (0x341) <- 0x0000000180000E44

clint mtime 0x00000000000003F0 (mip.MTI <- 0b1, mip.STI <- 0b0)
mem[X,0x0000000080001988] -> 0x23F3
mem[X,0x000000008000198A] -> 0x3430
[2016] [M]: 0x0000000080001988 (0x343023F3) csrrs x7, mtval, x0                     skp_adj_Mepc+0
CSR mtval (0x343) -> 0x0000000140000418
x7 <- 0x0000000140000418

mem[X,0x000000008000198C] -> 0x0413
mem[X,0x000000008000198E] -> 0x0004
[2017] [M]: 0x000000008000198C (0x00040413) addi x8, x8, 0x0                        skp_adj_Mepc+4
x8 <- 0x000000000000000F

clint mtime 0x00000000000003F1 (mip.MTI <- 0b1, mip.STI <- 0b0)
mem[X,0x0000000080001990] -> 0x006F
mem[X,0x0000000080001992] -> 0x0840
[2018] [M]: 0x0000000080001990 (0x0840006F) jal x0, 0x84                            skp_adj_Mepc+8

mem[X,0x0000000080001A14] -> 0x8433
mem[X,0x0000000080001A16] -> 0x4083
[2019] [M]: 0x0000000080001A14 (0x40838433) sub x8, x7, x8                          adj_Mtval+0
x8 <- 0x0000000140000409

clint mtime 0x00000000000003F2 (mip.MTI <- 0b1, mip.STI <- 0b0)
mem[X,0x0000000080001A18] -> 0x3C23
mem[X,0x0000000080001A1A] -> 0x0083
[2020] [M]: 0x0000000080001A18 (0x00833C23) sd x8, 0x18(x6)                         sv_Mtval+0
mem[W,0x0000000080008650] <- 0x0000000140000409

mem[X,0x0000000080001A1C] -> 0x3483
mem[X,0x0000000080001A1E] -> 0x2181
[2021] [M]: 0x0000000080001A1C (0x21813483) ld x9, 0x218(x2)                        skp_Mtval+0
mem[R,0x0000000080004218] -> 0x0000000080008658
x9 <- 0x0000000080008658

clint mtime 0x00000000000003F3 (mip.MTI <- 0b1, mip.STI <- 0b0)
mem[X,0x0000000080001A20] -> 0x3383
mem[X,0x0000000080001A22] -> 0x1F81
[2022] [M]: 0x0000000080001A20 (0x1F813383) ld x7, 0x1f8(x2)                        skp_Mtval+4
mem[R,0x00000000800041F8] -> 0x0000000080008110
x7 <- 0x0000000080008110

mem[X,0x0000000080001A24] -> 0x3303
mem[X,0x0000000080001A26] -> 0x2001
[2023] [M]: 0x0000000080001A24 (0x20013303) ld x6, 0x200(x2)                        skp_Mtval+8
mem[R,0x0000000080004200] -> 0x0000000000000810
x6 <- 0x0000000000000810

clint mtime 0x00000000000003F4 (mip.MTI <- 0b1, mip.STI <- 0b0)
mem[X,0x0000000080001A28] -> 0x0333
mem[X,0x0000000080001A2A] -> 0x0073
[2024] [M]: 0x0000000080001A28 (0x00730333) add x6, x6, x7                          skp_Mtval+12
x6 <- 0x0000000080008920

mem[X,0x0000000080001A2C] -> 0x6AE3
mem[X,0x0000000080001A2E] -> 0xAC93
[2025] [M]: 0x0000000080001A2C (0xAC936AE3) bltu x6, x9, -0x52c                     skp_Mtval+16

clint mtime 0x00000000000003F5 (mip.MTI <- 0b1, mip.STI <- 0b0)
mem[X,0x0000000080001A30] -> 0x0393
mem[X,0x0000000080001A32] -> 0x2000
[2026] [M]: 0x0000000080001A30 (0x20000393) addi x7, x0, 0x200                      skp_Mtval+20
x7 <- 0x0000000000000200

mem[X,0x0000000080001A34] -> 0x006F
mem[X,0x0000000080001A36] -> 0x0400
[2027] [M]: 0x0000000080001A34 (0x0400006F) jal x0, 0x40                            skp_Mtval+24

clint mtime 0x00000000000003F6 (mip.MTI <- 0b1, mip.STI <- 0b0)
mem[X,0x0000000080001A74] -> 0x0417
mem[X,0x0000000080001A76] -> 0x0000
[2028] [M]: 0x0000000080001A74 (0x00000417) auipc x8, 0x0                           spcl_Mhandler+0
x8 <- 0x0000000080001A74

mem[X,0x0000000080001A78] -> 0x0413
mem[X,0x0000000080001A7A] -> 0x03C4
[2029] [M]: 0x0000000080001A78 (0x03C40413) addi x8, x8, 0x3c                       spcl_Mhandler+4
x8 <- 0x0000000080001AB0

clint mtime 0x00000000000003F7 (mip.MTI <- 0b1, mip.STI <- 0b0)
mem[X,0x0000000080001A7C] -> 0x0433
mem[X,0x0000000080001A7E] -> 0x0074
[2030] [M]: 0x0000000080001A7C (0x00740433) add x8, x8, x7                          spcl_Mhandler+8
x8 <- 0x0000000080001CB0

mem[X,0x0000000080001A80] -> 0x1393
mem[X,0x0000000080001A82] -> 0x0035
[2031] [M]: 0x0000000080001A80 (0x00351393) slli x7, x10, 0x3                       spcl_Mhandler+12
x7 <- 0x0000000000000078

clint mtime 0x00000000000003F8 (mip.MTI <- 0b1, mip.STI <- 0b0)
mem[X,0x0000000080001A84] -> 0x0433
mem[X,0x0000000080001A86] -> 0x0074
[2032] [M]: 0x0000000080001A84 (0x00740433) add x8, x8, x7                          spcl_Mhandler+16
x8 <- 0x0000000080001D28

mem[X,0x0000000080001A88] -> 0x7413
mem[X,0x0000000080001A8A] -> 0xFF84
[2033] [M]: 0x0000000080001A88 (0xFF847413) andi x8, x8, -0x8                       spcl_Mhandler+20
x8 <- 0x0000000080001D28

clint mtime 0x00000000000003F9 (mip.MTI <- 0b1, mip.STI <- 0b0)
mem[X,0x0000000080001A8C] -> 0x3403
mem[X,0x0000000080001A8E] -> 0x0004
[2034] [M]: 0x0000000080001A8C (0x00043403) ld x8, 0x0(x8)                          spcl_Mhandler+24
mem[R,0x0000000080001D28] -> 0x000000000000001F
x8 <- 0x000000000000001F

mem[X,0x0000000080001A90] -> 0x02E3
mem[X,0x0000000080001A92] -> 0xB004
[2035] [M]: 0x0000000080001A90 (0xB00402E3) beq x8, x0, -0x4fc                      spcl_Mdispatch_hndling+0

clint mtime 0x00000000000003FA (mip.MTI <- 0b1, mip.STI <- 0b0)
mem[X,0x0000000080001A94] -> 0x1393
mem[X,0x0000000080001A96] -> 0x03F4
[2036] [M]: 0x0000000080001A94 (0x03F41393) slli x7, x8, 0x3f                       spcl_Mdispatch_hndling+4
x7 <- 0x8000000000000000

mem[X,0x0000000080001A98] -> 0xD863
mem[X,0x0000000080001A9A] -> 0x0003
[2037] [M]: 0x0000000080001A98 (0x0003D863) bge x7, x0, 0x10                        spcl_Mdispatch_hndling+8

clint mtime 0x00000000000003FB (mip.MTI <- 0b1, mip.STI <- 0b0)
mem[X,0x0000000080001A9C] -> 0x5413
mem[X,0x0000000080001A9E] -> 0x0014
[2038] [M]: 0x0000000080001A9C (0x00145413) srli x8, x8, 0x1                        spcl_Mdispatch_hndling+12
x8 <- 0x000000000000000F

mem[X,0x0000000080001AA0] -> 0x0CE3
mem[X,0x0000000080001AA2] -> 0xF885
[2039] [M]: 0x0000000080001AA0 (0xF8850CE3) beq x10, x8, -0x68                      spcl_Mdispatch_hndling+16

clint mtime 0x00000000000003FC (mip.MTI <- 0b1, mip.STI <- 0b0)
mem[X,0x0000000080001A38] -> 0x3303
mem[X,0x0000000080001A3A] -> 0x2601
[2040] [M]: 0x0000000080001A38 (0x26013303) ld x6, 0x260(x2)                        resto_Mrtn+0
mem[R,0x0000000080004260] -> 0xFFFFFFFF7FFFF32C
x6 <- 0xFFFFFFFF7FFFF32C

mem[X,0x0000000080001A3C] -> 0x3383
mem[X,0x0000000080001A3E] -> 0x2681
[2041] [M]: 0x0000000080001A3C (0x26813383) ld x7, 0x268(x2)                        resto_Mrtn+4
mem[R,0x0000000080004268] -> 0x0000000080004000
x7 <- 0x0000000080004000

clint mtime 0x00000000000003FD (mip.MTI <- 0b1, mip.STI <- 0b0)
mem[X,0x0000000080001A40] -> 0x3403
mem[X,0x0000000080001A42] -> 0x2701
[2042] [M]: 0x0000000080001A40 (0x27013403) ld x8, 0x270(x2)                        resto_Mrtn+8
mem[R,0x0000000080004270] -> 0x0000000000007F76
x8 <- 0x0000000000007F76

mem[X,0x0000000080001A44] -> 0x3483
mem[X,0x0000000080001A46] -> 0x2781
[2043] [M]: 0x0000000080001A44 (0x27813483) ld x9, 0x278(x2)                        resto_Mrtn+12
mem[R,0x0000000080004278] -> 0x0000000100000148
x9 <- 0x0000000100000148

clint mtime 0x00000000000003FE (mip.MTI <- 0b1, mip.STI <- 0b0)
mem[X,0x0000000080001A48] -> 0x3503
mem[X,0x0000000080001A4A] -> 0x2801
[2044] [M]: 0x0000000080001A48 (0x28013503) ld x10, 0x280(x2)                       resto_Mrtn+16
mem[R,0x0000000080004280] -> 0x00000000200000CD
x10 <- 0x00000000200000CD

mem[X,0x0000000080001A4C] -> 0x3583
mem[X,0x0000000080001A4E] -> 0x2881
[2045] [M]: 0x0000000080001A4C (0x28813583) ld x11, 0x288(x2)                       resto_Mrtn+20
mem[R,0x0000000080004288] -> 0x00000000000000CD
x11 <- 0x00000000000000CD

clint mtime 0x00000000000003FF (mip.MTI <- 0b1, mip.STI <- 0b0)
mem[X,0x0000000080001A50] -> 0x3103
mem[X,0x0000000080001A52] -> 0x2901
[2046] [M]: 0x0000000080001A50 (0x29013103) ld x2, 0x290(x2)                        resto_Mrtn+24
mem[R,0x0000000080004290] -> 0x0000000000000000
x2 <- 0x0000000000000000

mem[X,0x0000000080001A54] -> 0x0073
mem[X,0x0000000080001A56] -> 0x3020
[2047] [M]: 0x0000000080001A54 (0x30200073) mret                                    resto_Mrtn+28
CSR mstatus (0x300) <- 0x0000000A00000080
ret-ing from M to S

clint mtime 0x0000000000000400 (mip.MTI <- 0b1, mip.STI <- 0b0)
mem[X,0x0000000080000E44] -> 0xA703
mem[X,0x0000000080000E46] -> 0x0147
[2048] [S]: 0x0000000180000E44 (0x0147A703) lw x14, 0x14(x15)                       va_rvtest_code_begin+1640
PTW: Start, vpn=0x140000, access_type=R, privilege=Smem[R,0x0000000080007028] -> 0x0000000020001801
PTW: Step, level=2, pte=0x20001801, pte_addr=0x80007028
PTW: Start, vpn=0x140000, access_type=R, privilege=Smem[R,0x0000000080006000] -> 0x00000000200000CD
PTW: Step, level=1, pte=0x200000CD, pte_addr=0x80006000
PTW: failed, error=invalid-pte, level=1, pte_addr=0x80006000
trapping from S to M to handle load-page-fault
handling exc#load-page-fault at priv M with tval 0x0000000140000418
CSR mstatus (0x300) <- 0x0000000A00000800
CSR mcause (0x342) <- 0x000000000000000D
CSR mtval (0x343) <- 0x0000000140000418
CSR mepc (0x341) <- 0x0000000180000E44

mem[X,0x0000000080001600] -> 0x006F
mem[X,0x0000000080001602] -> 0x1000
[2049] [M]: 0x0000000080001600 (0x1000006F) jal x0, 0x100                           Mtrampoline+0

clint mtime 0x0000000000000401 (mip.MTI <- 0b1, mip.STI <- 0b0)
mem[X,0x0000000080001700] -> 0x1173
mem[X,0x0000000080001702] -> 0x3401
[2050] [M]: 0x0000000080001700 (0x34011173) csrrw x2, mscratch, x2                  trap_Mhandler+0
CSR mscratch (0x340) <- 0x0000000000000000
x2 <- 0x0000000080004000

mem[X,0x0000000080001704] -> 0x3423
mem[X,0x0000000080001706] -> 0x28B1
[2051] [M]: 0x0000000080001704 (0x28B13423) sd x11, 0x288(x2)                       trap_Mhandler+4
mem[W,0x0000000080004288] <- 0x00000000000000CD

clint mtime 0x0000000000000402 (mip.MTI <- 0b1, mip.STI <- 0b0)
mem[X,0x0000000080001708] -> 0x05EF
mem[X,0x000000008000170A] -> 0x0B80
[2052] [M]: 0x0000000080001708 (0x0B8005EF) jal x11, 0xb8                           trap_Mhandler+8
x11 <- 0x000000008000170C

mem[X,0x00000000800017C0] -> 0x3023
mem[X,0x00000000800017C2] -> 0x28A1
[2053] [M]: 0x00000000800017C0 (0x28A13023) sd x10, 0x280(x2)                       common_Mhandler+0
mem[W,0x0000000080004280] <- 0x00000000200000CD

clint mtime 0x0000000000000403 (mip.MTI <- 0b1, mip.STI <- 0b0)
mem[X,0x00000000800017C4] -> 0x1573
mem[X,0x00000000800017C6] -> 0x3401
[2054] [M]: 0x00000000800017C4 (0x34011573) csrrw x10, mscratch, x2                 common_Mhandler+4
CSR mscratch (0x340) <- 0x0000000080004000
x10 <- 0x0000000000000000

mem[X,0x00000000800017C8] -> 0x3823
mem[X,0x00000000800017CA] -> 0x28A1
[2055] [M]: 0x00000000800017C8 (0x28A13823) sd x10, 0x290(x2)                       common_Mhandler+8
mem[W,0x0000000080004290] <- 0x0000000000000000

clint mtime 0x0000000000000404 (mip.MTI <- 0b1, mip.STI <- 0b0)
mem[X,0x00000000800017CC] -> 0x3503
mem[X,0x00000000800017CE] -> 0x2301
[2056] [M]: 0x00000000800017CC (0x23013503) ld x10, 0x230(x2)                       common_Mhandler+12
mem[R,0x0000000080004230] -> 0x00000000800017D4
x10 <- 0x00000000800017D4

mem[X,0x00000000800017D0] -> 0x0067
mem[X,0x00000000800017D2] -> 0x0005
[2057] [M]: 0x00000000800017D0 (0x00050067) jalr x0, 0x0(x10)                       common_Mhandler+16

clint mtime 0x0000000000000405 (mip.MTI <- 0b1, mip.STI <- 0b0)
mem[X,0x00000000800017D4] -> 0x3C23
mem[X,0x00000000800017D6] -> 0x2691
[2058] [M]: 0x00000000800017D4 (0x26913C23) sd x9, 0x278(x2)                        common_Mentry+0
mem[W,0x0000000080004278] <- 0x0000000100000148

mem[X,0x00000000800017D8] -> 0x3823
mem[X,0x00000000800017DA] -> 0x2681
[2059] [M]: 0x00000000800017D8 (0x26813823) sd x8, 0x270(x2)                        common_Mentry+4
mem[W,0x0000000080004270] <- 0x0000000000007F76

clint mtime 0x0000000000000406 (mip.MTI <- 0b1, mip.STI <- 0b0)
mem[X,0x00000000800017DC] -> 0x3423
mem[X,0x00000000800017DE] -> 0x2671
[2060] [M]: 0x00000000800017DC (0x26713423) sd x7, 0x268(x2)                        common_Mentry+8
mem[W,0x0000000080004268] <- 0x0000000080004000

mem[X,0x00000000800017E0] -> 0x3023
mem[X,0x00000000800017E2] -> 0x2661
[2061] [M]: 0x00000000800017E0 (0x26613023) sd x6, 0x260(x2)                        common_Mentry+12
mem[W,0x0000000080004260] <- 0xFFFFFFFF7FFFF32C

clint mtime 0x0000000000000407 (mip.MTI <- 0b1, mip.STI <- 0b0)
mem[X,0x00000000800017E4] -> 0x2573
mem[X,0x00000000800017E6] -> 0x3420
[2062] [M]: 0x00000000800017E4 (0x34202573) csrrs x10, mcause, x0                   spcl_M2mmode_test+0
CSR mcause (0x342) -> 0x000000000000000D
x10 <- 0x000000000000000D

mem[X,0x00000000800017E8] -> 0x04B7
mem[X,0x00000000800017EA] -> 0x8000
[2063] [M]: 0x00000000800017E8 (0x800004B7) lui x9, -0x80000                        spcl_M2mmode_test+4
x9 <- 0xFFFFFFFF80000000

clint mtime 0x0000000000000408 (mip.MTI <- 0b1, mip.STI <- 0b0)
mem[X,0x00000000800017EC] -> 0x8493
mem[X,0x00000000800017EE] -> 0x0004
[2064] [M]: 0x00000000800017EC (0x00048493) addi x9, x9, 0x0                        spcl_M2mmode_test+8
x9 <- 0xFFFFFFFF80000000

mem[X,0x00000000800017F0] -> 0x9493
mem[X,0x00000000800017F2] -> 0x00B4
[2065] [M]: 0x00000000800017F0 (0x00B49493) slli x9, x9, 0xb                        spcl_M2mmode_test+12
x9 <- 0xFFFFFC0000000000

clint mtime 0x0000000000000409 (mip.MTI <- 0b1, mip.STI <- 0b0)
mem[X,0x00000000800017F4] -> 0x8493
mem[X,0x00000000800017F6] -> 0x0004
[2066] [M]: 0x00000000800017F4 (0x00048493) addi x9, x9, 0x0                        spcl_M2mmode_test+16
x9 <- 0xFFFFFC0000000000

mem[X,0x00000000800017F8] -> 0x9493
mem[X,0x00000000800017FA] -> 0x00B4
[2067] [M]: 0x00000000800017F8 (0x00B49493) slli x9, x9, 0xb                        spcl_M2mmode_test+20
x9 <- 0xFFE0000000000000

clint mtime 0x000000000000040A (mip.MTI <- 0b1, mip.STI <- 0b0)
mem[X,0x00000000800017FC] -> 0x8493
mem[X,0x00000000800017FE] -> 0x0034
[2068] [M]: 0x00000000800017FC (0x00348493) addi x9, x9, 0x3                        spcl_M2mmode_test+24
x9 <- 0xFFE0000000000003

mem[X,0x0000000080001800] -> 0x9493
mem[X,0x0000000080001802] -> 0x00A4
[2069] [M]: 0x0000000080001800 (0x00A49493) slli x9, x9, 0xa                        spcl_M2mmode_test+28
x9 <- 0x8000000000000C00

clint mtime 0x000000000000040B (mip.MTI <- 0b1, mip.STI <- 0b0)
mem[X,0x0000000080001804] -> 0x8493
mem[X,0x0000000080001806] -> 0x3FC4
[2070] [M]: 0x0000000080001804 (0x3FC48493) addi x9, x9, 0x3fc                      spcl_M2mmode_test+32
x9 <- 0x8000000000000FFC

mem[X,0x0000000080001808] -> 0xF4B3
mem[X,0x000000008000180A] -> 0x00A4
[2071] [M]: 0x0000000080001808 (0x00A4F4B3) and x9, x9, x10                         spcl_M2mmode_test+36
x9 <- 0x000000000000000C

clint mtime 0x000000000000040C (mip.MTI <- 0b1, mip.STI <- 0b0)
mem[X,0x000000008000180C] -> 0x8493
mem[X,0x000000008000180E] -> 0xFF84
[2072] [M]: 0x000000008000180C (0xFF848493) addi x9, x9, -0x8                       spcl_M2mmode_test+40
x9 <- 0x0000000000000004

mem[X,0x0000000080001810] -> 0x9663
mem[X,0x0000000080001812] -> 0x0004
[2073] [M]: 0x0000000080001810 (0x00049663) bne x9, x0, 0xc                         spcl_M2mmode_test+44

clint mtime 0x000000000000040D (mip.MTI <- 0b1, mip.STI <- 0b0)
mem[X,0x000000008000181C] -> 0x0393
mem[X,0x000000008000181E] -> 0x0200
[2074] [M]: 0x000000008000181C (0x02000393) addi x7, x0, 0x20                       Mtrapsig_ptr_upd+0
x7 <- 0x0000000000000020

mem[X,0x0000000080001820] -> 0x5263
mem[X,0x0000000080001822] -> 0x0405
[2075] [M]: 0x0000000080001820 (0x04055263) bge x10, x0, 0x44                       Mtrapsig_ptr_upd+4

clint mtime 0x000000000000040E (mip.MTI <- 0b1, mip.STI <- 0b0)
mem[X,0x0000000080001864] -> 0x2373
mem[X,0x0000000080001866] -> 0x3010
[2076] [M]: 0x0000000080001864 (0x30102373) csrrs x6, misa, x0                      Mxcpt_sig_sv+0
CSR misa (0x301) -> 0x800000000034112F
x6 <- 0x800000000034112F

mem[X,0x0000000080001868] -> 0x1313
mem[X,0x000000008000186A] -> 0x0383
[2077] [M]: 0x0000000080001868 (0x03831313) slli x6, x6, 0x38                       Mxcpt_sig_sv+4
x6 <- 0x2F00000000000000

clint mtime 0x000000000000040F (mip.MTI <- 0b1, mip.STI <- 0b0)
mem[X,0x000000008000186C] -> 0x5463
mem[X,0x000000008000186E] -> 0x0003
[2078] [M]: 0x000000008000186C (0x00035463) bge x6, x0, 0x8                         Mxcpt_sig_sv+8

mem[X,0x0000000080001874] -> 0x3303
mem[X,0x0000000080001876] -> 0x2181
[2079] [M]: 0x0000000080001874 (0x21813303) ld x6, 0x218(x2)                        Mtrap_sig_sv+0
mem[R,0x0000000080004218] -> 0x0000000080008658
x6 <- 0x0000000080008658

clint mtime 0x0000000000000410 (mip.MTI <- 0b1, mip.STI <- 0b0)
mem[X,0x0000000080001878] -> 0x04B3
mem[X,0x000000008000187A] -> 0x0073
[2080] [M]: 0x0000000080001878 (0x007304B3) add x9, x6, x7                          Mtrap_sig_sv+4
x9 <- 0x0000000080008678

mem[X,0x000000008000187C] -> 0x3C23
mem[X,0x000000008000187E] -> 0x2091
[2081] [M]: 0x000000008000187C (0x20913C23) sd x9, 0x218(x2)                        Mtrap_sig_sv+8
mem[W,0x0000000080004218] <- 0x0000000080008678

clint mtime 0x0000000000000411 (mip.MTI <- 0b1, mip.STI <- 0b0)
mem[X,0x0000000080001880] -> 0x3403
mem[X,0x0000000080001882] -> 0x1F81
[2082] [M]: 0x0000000080001880 (0x1F813403) ld x8, 0x1f8(x2)                        Mtrap_sig_sv+12
mem[R,0x00000000800041F8] -> 0x0000000080008110
x8 <- 0x0000000080008110

mem[X,0x0000000080001884] -> 0x0333
mem[X,0x0000000080001886] -> 0x4083
[2083] [M]: 0x0000000080001884 (0x40830333) sub x6, x6, x8                          Mtrap_sig_sv+16
x6 <- 0x0000000000000548

clint mtime 0x0000000000000412 (mip.MTI <- 0b1, mip.STI <- 0b0)
mem[X,0x0000000080001888] -> 0x3403
mem[X,0x000000008000188A] -> 0x1F81
[2084] [M]: 0x0000000080001888 (0x1F813403) ld x8, 0x1f8(x2)                        Mtrap_sig_sv+20
mem[R,0x00000000800041F8] -> 0x0000000080008110
x8 <- 0x0000000080008110

mem[X,0x000000008000188C] -> 0x0333
mem[X,0x000000008000188E] -> 0x0083
[2085] [M]: 0x000000008000188C (0x00830333) add x6, x6, x8                          Mtrap_sig_sv+24
x6 <- 0x0000000080008658

clint mtime 0x0000000000000413 (mip.MTI <- 0b1, mip.STI <- 0b0)
mem[X,0x0000000080001890] -> 0x3403
mem[X,0x0000000080001892] -> 0x2401
[2086] [M]: 0x0000000080001890 (0x24013403) ld x8, 0x240(x2)                        Mtrap_sig_sv+28
mem[R,0x0000000080004240] -> 0x0000000080001600
x8 <- 0x0000000080001600

mem[X,0x0000000080001894] -> 0x85B3
mem[X,0x0000000080001896] -> 0x4085
[2087] [M]: 0x0000000080001894 (0x408585B3) sub x11, x11, x8                        sv_Mvect+0
x11 <- 0x000000000000010C

clint mtime 0x0000000000000414 (mip.MTI <- 0b1, mip.STI <- 0b0)
mem[X,0x0000000080001898] -> 0x9593
mem[X,0x000000008000189A] -> 0x0045
[2088] [M]: 0x0000000080001898 (0x00459593) slli x11, x11, 0x4                      sv_Mvect+4
x11 <- 0x00000000000010C0

mem[X,0x000000008000189C] -> 0xE5B3
mem[X,0x000000008000189E] -> 0x0075
[2089] [M]: 0x000000008000189C (0x0075E5B3) or x11, x11, x7                         sv_Mvect+8
x11 <- 0x00000000000010E0

clint mtime 0x0000000000000415 (mip.MTI <- 0b1, mip.STI <- 0b0)
mem[X,0x00000000800018A0] -> 0x8593
mem[X,0x00000000800018A2] -> 0x0035
[2090] [M]: 0x00000000800018A0 (0x00358593) addi x11, x11, 0x3                      sv_Mvect+12
x11 <- 0x00000000000010E3

mem[X,0x00000000800018A4] -> 0x3023
mem[X,0x00000000800018A6] -> 0x00B3
[2091] [M]: 0x00000000800018A4 (0x00B33023) sd x11, 0x0(x6)                         sv_Mvect+16
mem[W,0x0000000080008658] <- 0x00000000000010E3

clint mtime 0x0000000000000416 (mip.MTI <- 0b1, mip.STI <- 0b0)
mem[X,0x00000000800018A8] -> 0x3423
mem[X,0x00000000800018AA] -> 0x00A3
[2092] [M]: 0x00000000800018A8 (0x00A33423) sd x10, 0x8(x6)                         sv_Mcause+0
mem[W,0x0000000080008660] <- 0x000000000000000D

mem[X,0x00000000800018AC] -> 0x4663
mem[X,0x00000000800018AE] -> 0x1A05
[2093] [M]: 0x00000000800018AC (0x1A054663) blt x10, x0, 0x1ac                      sv_Mcause+4

clint mtime 0x0000000000000417 (mip.MTI <- 0b1, mip.STI <- 0b0)
mem[X,0x00000000800018B0] -> 0x25F3
mem[X,0x00000000800018B2] -> 0x3000
[2094] [M]: 0x00000000800018B0 (0x300025F3) csrrs x11, mstatus, x0                  common_Mexcpt_handler+0
CSR mstatus (0x300) -> 0x0000000A00000800
x11 <- 0x0000000A00000800

mem[X,0x00000000800018B4] -> 0x9413
mem[X,0x00000000800018B6] -> 0x02E5
[2095] [M]: 0x00000000800018B4 (0x02E59413) slli x8, x11, 0x2e                      common_Mexcpt_handler+4
x8 <- 0x0200000000000000

clint mtime 0x0000000000000418 (mip.MTI <- 0b1, mip.STI <- 0b0)
mem[X,0x00000000800018B8] -> 0x5463
mem[X,0x00000000800018BA] -> 0x0004
[2096] [M]: 0x00000000800018B8 (0x00045463) bge x8, x0, 0x8                         common_Mexcpt_handler+8

mem[X,0x00000000800018C0] -> 0xD493
mem[X,0x00000000800018C2] -> 0x00B5
[2097] [M]: 0x00000000800018C0 (0x00B5D493) srli x9, x11, 0xb                       common_Mexcpt_handler+16
x9 <- 0x0000000001400001

clint mtime 0x0000000000000419 (mip.MTI <- 0b1, mip.STI <- 0b0)
mem[X,0x00000000800018C4] -> 0xF493
mem[X,0x00000000800018C6] -> 0x0034
[2098] [M]: 0x00000000800018C4 (0x0034F493) andi x9, x9, 0x3                        common_Mexcpt_handler+20
x9 <- 0x0000000000000001

mem[X,0x00000000800018C8] -> 0x8493
mem[X,0x00000000800018CA] -> 0x0014
[2099] [M]: 0x00000000800018C8 (0x00148493) addi x9, x9, 0x1                        common_Mexcpt_handler+24
x9 <- 0x0000000000000002

clint mtime 0x000000000000041A (mip.MTI <- 0b1, mip.STI <- 0b0)
mem[X,0x00000000800018CC] -> 0xF493
mem[X,0x00000000800018CE] -> 0x0044
[2100] [M]: 0x00000000800018CC (0x0044F493) andi x9, x9, 0x4                        common_Mexcpt_handler+28
x9 <- 0x0000000000000000

mem[X,0x00000000800018D0] -> 0x0593
mem[X,0x00000000800018D2] -> 0x05D0
[2101] [M]: 0x00000000800018D0 (0x05D00593) addi x11, x0, 0x5d                      common_Mexcpt_handler+32
x11 <- 0x000000000000005D

clint mtime 0x000000000000041B (mip.MTI <- 0b1, mip.STI <- 0b0)
mem[X,0x00000000800018D4] -> 0xD5B3
mem[X,0x00000000800018D6] -> 0x0095
[2102] [M]: 0x00000000800018D4 (0x0095D5B3) srl x11, x11, x9                        common_Mexcpt_handler+36
x11 <- 0x000000000000005D

mem[X,0x00000000800018D8] -> 0xF593
mem[X,0x00000000800018DA] -> 0x0015
[2103] [M]: 0x00000000800018D8 (0x0015F593) andi x11, x11, 0x1                      common_Mexcpt_handler+40
x11 <- 0x0000000000000001

clint mtime 0x000000000000041C (mip.MTI <- 0b1, mip.STI <- 0b0)
mem[X,0x00000000800018DC] -> 0x8EE3
mem[X,0x00000000800018DE] -> 0xF405
[2104] [M]: 0x00000000800018DC (0xF4058EE3) beq x11, x0, -0xa4                      common_Mexcpt_handler+44

mem[X,0x00000000800018E0] -> 0x0593
mem[X,0x00000000800018E2] -> 0x2980
[2105] [M]: 0x00000000800018E0 (0x29800593) addi x11, x0, 0x298                     common_Mexcpt_handler+48
x11 <- 0x0000000000000298

clint mtime 0x000000000000041D (mip.MTI <- 0b1, mip.STI <- 0b0)
mem[X,0x00000000800018E4] -> 0xF413
mem[X,0x00000000800018E6] -> 0x0014
[2106] [M]: 0x00000000800018E4 (0x0014F413) andi x8, x9, 0x1                        common_Mexcpt_handler+52
x8 <- 0x0000000000000000

mem[X,0x00000000800018E8] -> 0x95B3
mem[X,0x00000000800018EA] -> 0x0085
[2107] [M]: 0x00000000800018E8 (0x008595B3) sll x11, x11, x8                        common_Mexcpt_handler+56
x11 <- 0x0000000000000298

clint mtime 0x000000000000041E (mip.MTI <- 0b1, mip.STI <- 0b0)
mem[X,0x00000000800018EC] -> 0x9413
mem[X,0x00000000800018EE] -> 0x03D4
[2108] [M]: 0x00000000800018EC (0x03D49413) slli x8, x9, 0x3d                       common_Mexcpt_handler+60
x8 <- 0x0000000000000000

mem[X,0x00000000800018F0] -> 0x5413
mem[X,0x00000000800018F2] -> 0x43F4
[2109] [M]: 0x00000000800018F0 (0x43F45413) srai x8, x8, 0x3f                       common_Mexcpt_handler+64
x8 <- 0x0000000000000000

clint mtime 0x000000000000041F (mip.MTI <- 0b1, mip.STI <- 0b0)
mem[X,0x00000000800018F4] -> 0x4413
mem[X,0x00000000800018F6] -> 0xFFF4
[2110] [M]: 0x00000000800018F4 (0xFFF44413) xori x8, x8, -0x1                       common_Mexcpt_handler+68
x8 <- 0xFFFFFFFFFFFFFFFF

mem[X,0x00000000800018F8] -> 0xF4B3
mem[X,0x00000000800018FA] -> 0x0085
[2111] [M]: 0x00000000800018F8 (0x0085F4B3) and x9, x11, x8                         common_Mexcpt_handler+72
x9 <- 0x0000000000000298

clint mtime 0x0000000000000420 (mip.MTI <- 0b1, mip.STI <- 0b0)
mem[X,0x00000000800018FC] -> 0x84B3
mem[X,0x00000000800018FE] -> 0x0024
[2112] [M]: 0x00000000800018FC (0x002484B3) add x9, x9, x2                          vmem_adj_Mepc+0
x9 <- 0x0000000080004298

mem[X,0x0000000080001900] -> 0x23F3
mem[X,0x0000000080001902] -> 0x3410
[2113] [M]: 0x0000000080001900 (0x341023F3) csrrs x7, mepc, x0                      vmem_adj_Mepc+4
CSR mepc (0x341) -> 0x0000000180000E44
x7 <- 0x0000000180000E44

clint mtime 0x0000000000000421 (mip.MTI <- 0b1, mip.STI <- 0b0)
mem[X,0x0000000080001904] -> 0x0413
mem[X,0x0000000080001906] -> 0x0004
[2114] [M]: 0x0000000080001904 (0x00040413) addi x8, x8, 0x0                        vmem_adj_Mepc+8
x8 <- 0xFFFFFFFFFFFFFFFF

mem[X,0x0000000080001908] -> 0x006F
mem[X,0x000000008000190A] -> 0x0400
[2115] [M]: 0x0000000080001908 (0x0400006F) jal x0, 0x40                            vmem_adj_Mepc+12

clint mtime 0x0000000000000422 (mip.MTI <- 0b1, mip.STI <- 0b0)
mem[X,0x0000000080001948] -> 0x8433
mem[X,0x000000008000194A] -> 0x4083
[2116] [M]: 0x0000000080001948 (0x40838433) sub x8, x7, x8                          adj_Mepc+0
x8 <- 0x0000000180000E45

mem[X,0x000000008000194C] -> 0x3823
mem[X,0x000000008000194E] -> 0x0083
[2117] [M]: 0x000000008000194C (0x00833823) sd x8, 0x10(x6)                         sv_Mepc+0
mem[W,0x0000000080008668] <- 0x0000000180000E45

clint mtime 0x0000000000000423 (mip.MTI <- 0b1, mip.STI <- 0b0)
mem[X,0x0000000080001950] -> 0x55B7
mem[X,0x0000000080001952] -> 0x0000
[2118] [M]: 0x0000000080001950 (0x000055B7) lui x11, 0x5                            sv_Mepc+4
x11 <- 0x0000000000005000

mem[X,0x0000000080001954] -> 0x8593
mem[X,0x0000000080001956] -> 0x6675
[2119] [M]: 0x0000000080001954 (0x66758593) addi x11, x11, 0x667                    sv_Mepc+8
x11 <- 0x0000000000005667

clint mtime 0x0000000000000424 (mip.MTI <- 0b1, mip.STI <- 0b0)
mem[X,0x0000000080001958] -> 0x9593
mem[X,0x000000008000195A] -> 0x0015
[2120] [M]: 0x0000000080001958 (0x00159593) slli x11, x11, 0x1                      sv_Mepc+12
x11 <- 0x000000000000ACCE

mem[X,0x000000008000195C] -> 0x9063
mem[X,0x000000008000195E] -> 0x02B1
[2121] [M]: 0x000000008000195C (0x02B19063) bne x3, x11, 0x20                       sv_Mepc+16

clint mtime 0x0000000000000425 (mip.MTI <- 0b1, mip.STI <- 0b0)
mem[X,0x0000000080001960] -> 0x2473
mem[X,0x0000000080001962] -> 0x3420
[2122] [M]: 0x0000000080001960 (0x34202473) csrrs x8, mcause, x0                    sv_Mepc+20
CSR mcause (0x342) -> 0x000000000000000D
x8 <- 0x000000000000000D

mem[X,0x0000000080001964] -> 0x0593
mem[X,0x0000000080001966] -> 0x00C0
[2123] [M]: 0x0000000080001964 (0x00C00593) addi x11, x0, 0xc                       sv_Mepc+24
x11 <- 0x000000000000000C

clint mtime 0x0000000000000426 (mip.MTI <- 0b1, mip.STI <- 0b0)
mem[X,0x0000000080001968] -> 0x0663
mem[X,0x000000008000196A] -> 0x00B4
[2124] [M]: 0x0000000080001968 (0x00B40663) beq x8, x11, 0xc                        sv_Mepc+28

mem[X,0x000000008000196C] -> 0x0593
mem[X,0x000000008000196E] -> 0x0010
[2125] [M]: 0x000000008000196C (0x00100593) addi x11, x0, 0x1                       sv_Mepc+32
x11 <- 0x0000000000000001

clint mtime 0x0000000000000427 (mip.MTI <- 0b1, mip.STI <- 0b0)
mem[X,0x0000000080001970] -> 0x1663
mem[X,0x0000000080001972] -> 0x00B4
[2126] [M]: 0x0000000080001970 (0x00B41663) bne x8, x11, 0xc                        sv_Mepc+36

mem[X,0x000000008000197C] -> 0xF593
mem[X,0x000000008000197E] -> 0xFFC3
[2127] [M]: 0x000000008000197C (0xFFC3F593) andi x11, x7, -0x4                      adj_Mepc_rtn+0
x11 <- 0x0000000180000E44

clint mtime 0x0000000000000428 (mip.MTI <- 0b1, mip.STI <- 0b0)
mem[X,0x0000000080001980] -> 0x8593
mem[X,0x0000000080001982] -> 0x0085
[2128] [M]: 0x0000000080001980 (0x00858593) addi x11, x11, 0x8                      adj_Mepc_rtn+4
x11 <- 0x0000000180000E4C

mem[X,0x0000000080001984] -> 0x9073
mem[X,0x0000000080001986] -> 0x3415
[2129] [M]: 0x0000000080001984 (0x34159073) csrrw x0, mepc, x11                     adj_Mepc_rtn+8
CSR mepc (0x341) <- 0x0000000180000E4C

clint mtime 0x0000000000000429 (mip.MTI <- 0b1, mip.STI <- 0b0)
mem[X,0x0000000080001988] -> 0x23F3
mem[X,0x000000008000198A] -> 0x3430
[2130] [M]: 0x0000000080001988 (0x343023F3) csrrs x7, mtval, x0                     skp_adj_Mepc+0
CSR mtval (0x343) -> 0x0000000140000418
x7 <- 0x0000000140000418

mem[X,0x000000008000198C] -> 0x0413
mem[X,0x000000008000198E] -> 0x0004
[2131] [M]: 0x000000008000198C (0x00040413) addi x8, x8, 0x0                        skp_adj_Mepc+4
x8 <- 0x000000000000000D

clint mtime 0x000000000000042A (mip.MTI <- 0b1, mip.STI <- 0b0)
mem[X,0x0000000080001990] -> 0x006F
mem[X,0x0000000080001992] -> 0x0840
[2132] [M]: 0x0000000080001990 (0x0840006F) jal x0, 0x84                            skp_adj_Mepc+8

mem[X,0x0000000080001A14] -> 0x8433
mem[X,0x0000000080001A16] -> 0x4083
[2133] [M]: 0x0000000080001A14 (0x40838433) sub x8, x7, x8                          adj_Mtval+0
x8 <- 0x000000014000040B

clint mtime 0x000000000000042B (mip.MTI <- 0b1, mip.STI <- 0b0)
mem[X,0x0000000080001A18] -> 0x3C23
mem[X,0x0000000080001A1A] -> 0x0083
[2134] [M]: 0x0000000080001A18 (0x00833C23) sd x8, 0x18(x6)                         sv_Mtval+0
mem[W,0x0000000080008670] <- 0x000000014000040B

mem[X,0x0000000080001A1C] -> 0x3483
mem[X,0x0000000080001A1E] -> 0x2181
[2135] [M]: 0x0000000080001A1C (0x21813483) ld x9, 0x218(x2)                        skp_Mtval+0
mem[R,0x0000000080004218] -> 0x0000000080008678
x9 <- 0x0000000080008678

clint mtime 0x000000000000042C (mip.MTI <- 0b1, mip.STI <- 0b0)
mem[X,0x0000000080001A20] -> 0x3383
mem[X,0x0000000080001A22] -> 0x1F81
[2136] [M]: 0x0000000080001A20 (0x1F813383) ld x7, 0x1f8(x2)                        skp_Mtval+4
mem[R,0x00000000800041F8] -> 0x0000000080008110
x7 <- 0x0000000080008110

mem[X,0x0000000080001A24] -> 0x3303
mem[X,0x0000000080001A26] -> 0x2001
[2137] [M]: 0x0000000080001A24 (0x20013303) ld x6, 0x200(x2)                        skp_Mtval+8
mem[R,0x0000000080004200] -> 0x0000000000000810
x6 <- 0x0000000000000810

clint mtime 0x000000000000042D (mip.MTI <- 0b1, mip.STI <- 0b0)
mem[X,0x0000000080001A28] -> 0x0333
mem[X,0x0000000080001A2A] -> 0x0073
[2138] [M]: 0x0000000080001A28 (0x00730333) add x6, x6, x7                          skp_Mtval+12
x6 <- 0x0000000080008920

mem[X,0x0000000080001A2C] -> 0x6AE3
mem[X,0x0000000080001A2E] -> 0xAC93
[2139] [M]: 0x0000000080001A2C (0xAC936AE3) bltu x6, x9, -0x52c                     skp_Mtval+16

clint mtime 0x000000000000042E (mip.MTI <- 0b1, mip.STI <- 0b0)
mem[X,0x0000000080001A30] -> 0x0393
mem[X,0x0000000080001A32] -> 0x2000
[2140] [M]: 0x0000000080001A30 (0x20000393) addi x7, x0, 0x200                      skp_Mtval+20
x7 <- 0x0000000000000200

mem[X,0x0000000080001A34] -> 0x006F
mem[X,0x0000000080001A36] -> 0x0400
[2141] [M]: 0x0000000080001A34 (0x0400006F) jal x0, 0x40                            skp_Mtval+24

clint mtime 0x000000000000042F (mip.MTI <- 0b1, mip.STI <- 0b0)
mem[X,0x0000000080001A74] -> 0x0417
mem[X,0x0000000080001A76] -> 0x0000
[2142] [M]: 0x0000000080001A74 (0x00000417) auipc x8, 0x0                           spcl_Mhandler+0
x8 <- 0x0000000080001A74

mem[X,0x0000000080001A78] -> 0x0413
mem[X,0x0000000080001A7A] -> 0x03C4
[2143] [M]: 0x0000000080001A78 (0x03C40413) addi x8, x8, 0x3c                       spcl_Mhandler+4
x8 <- 0x0000000080001AB0

clint mtime 0x0000000000000430 (mip.MTI <- 0b1, mip.STI <- 0b0)
mem[X,0x0000000080001A7C] -> 0x0433
mem[X,0x0000000080001A7E] -> 0x0074
[2144] [M]: 0x0000000080001A7C (0x00740433) add x8, x8, x7                          spcl_Mhandler+8
x8 <- 0x0000000080001CB0

mem[X,0x0000000080001A80] -> 0x1393
mem[X,0x0000000080001A82] -> 0x0035
[2145] [M]: 0x0000000080001A80 (0x00351393) slli x7, x10, 0x3                       spcl_Mhandler+12
x7 <- 0x0000000000000068

clint mtime 0x0000000000000431 (mip.MTI <- 0b1, mip.STI <- 0b0)
mem[X,0x0000000080001A84] -> 0x0433
mem[X,0x0000000080001A86] -> 0x0074
[2146] [M]: 0x0000000080001A84 (0x00740433) add x8, x8, x7                          spcl_Mhandler+16
x8 <- 0x0000000080001D18

mem[X,0x0000000080001A88] -> 0x7413
mem[X,0x0000000080001A8A] -> 0xFF84
[2147] [M]: 0x0000000080001A88 (0xFF847413) andi x8, x8, -0x8                       spcl_Mhandler+20
x8 <- 0x0000000080001D18

clint mtime 0x0000000000000432 (mip.MTI <- 0b1, mip.STI <- 0b0)
mem[X,0x0000000080001A8C] -> 0x3403
mem[X,0x0000000080001A8E] -> 0x0004
[2148] [M]: 0x0000000080001A8C (0x00043403) ld x8, 0x0(x8)                          spcl_Mhandler+24
mem[R,0x0000000080001D18] -> 0x000000000000001B
x8 <- 0x000000000000001B

mem[X,0x0000000080001A90] -> 0x02E3
mem[X,0x0000000080001A92] -> 0xB004
[2149] [M]: 0x0000000080001A90 (0xB00402E3) beq x8, x0, -0x4fc                      spcl_Mdispatch_hndling+0

clint mtime 0x0000000000000433 (mip.MTI <- 0b1, mip.STI <- 0b0)
mem[X,0x0000000080001A94] -> 0x1393
mem[X,0x0000000080001A96] -> 0x03F4
[2150] [M]: 0x0000000080001A94 (0x03F41393) slli x7, x8, 0x3f                       spcl_Mdispatch_hndling+4
x7 <- 0x8000000000000000

mem[X,0x0000000080001A98] -> 0xD863
mem[X,0x0000000080001A9A] -> 0x0003
[2151] [M]: 0x0000000080001A98 (0x0003D863) bge x7, x0, 0x10                        spcl_Mdispatch_hndling+8

clint mtime 0x0000000000000434 (mip.MTI <- 0b1, mip.STI <- 0b0)
mem[X,0x0000000080001A9C] -> 0x5413
mem[X,0x0000000080001A9E] -> 0x0014
[2152] [M]: 0x0000000080001A9C (0x00145413) srli x8, x8, 0x1                        spcl_Mdispatch_hndling+12
x8 <- 0x000000000000000D

mem[X,0x0000000080001AA0] -> 0x0CE3
mem[X,0x0000000080001AA2] -> 0xF885
[2153] [M]: 0x0000000080001AA0 (0xF8850CE3) beq x10, x8, -0x68                      spcl_Mdispatch_hndling+16

clint mtime 0x0000000000000435 (mip.MTI <- 0b1, mip.STI <- 0b0)
mem[X,0x0000000080001A38] -> 0x3303
mem[X,0x0000000080001A3A] -> 0x2601
[2154] [M]: 0x0000000080001A38 (0x26013303) ld x6, 0x260(x2)                        resto_Mrtn+0
mem[R,0x0000000080004260] -> 0xFFFFFFFF7FFFF32C
x6 <- 0xFFFFFFFF7FFFF32C

mem[X,0x0000000080001A3C] -> 0x3383
mem[X,0x0000000080001A3E] -> 0x2681
[2155] [M]: 0x0000000080001A3C (0x26813383) ld x7, 0x268(x2)                        resto_Mrtn+4
mem[R,0x0000000080004268] -> 0x0000000080004000
x7 <- 0x0000000080004000

clint mtime 0x0000000000000436 (mip.MTI <- 0b1, mip.STI <- 0b0)
mem[X,0x0000000080001A40] -> 0x3403
mem[X,0x0000000080001A42] -> 0x2701
[2156] [M]: 0x0000000080001A40 (0x27013403) ld x8, 0x270(x2)                        resto_Mrtn+8
mem[R,0x0000000080004270] -> 0x0000000000007F76
x8 <- 0x0000000000007F76

mem[X,0x0000000080001A44] -> 0x3483
mem[X,0x0000000080001A46] -> 0x2781
[2157] [M]: 0x0000000080001A44 (0x27813483) ld x9, 0x278(x2)                        resto_Mrtn+12
mem[R,0x0000000080004278] -> 0x0000000100000148
x9 <- 0x0000000100000148

clint mtime 0x0000000000000437 (mip.MTI <- 0b1, mip.STI <- 0b0)
mem[X,0x0000000080001A48] -> 0x3503
mem[X,0x0000000080001A4A] -> 0x2801
[2158] [M]: 0x0000000080001A48 (0x28013503) ld x10, 0x280(x2)                       resto_Mrtn+16
mem[R,0x0000000080004280] -> 0x00000000200000CD
x10 <- 0x00000000200000CD

mem[X,0x0000000080001A4C] -> 0x3583
mem[X,0x0000000080001A4E] -> 0x2881
[2159] [M]: 0x0000000080001A4C (0x28813583) ld x11, 0x288(x2)                       resto_Mrtn+20
mem[R,0x0000000080004288] -> 0x00000000000000CD
x11 <- 0x00000000000000CD

clint mtime 0x0000000000000438 (mip.MTI <- 0b1, mip.STI <- 0b0)
mem[X,0x0000000080001A50] -> 0x3103
mem[X,0x0000000080001A52] -> 0x2901
[2160] [M]: 0x0000000080001A50 (0x29013103) ld x2, 0x290(x2)                        resto_Mrtn+24
mem[R,0x0000000080004290] -> 0x0000000000000000
x2 <- 0x0000000000000000

mem[X,0x0000000080001A54] -> 0x0073
mem[X,0x0000000080001A56] -> 0x3020
[2161] [M]: 0x0000000080001A54 (0x30200073) mret                                    resto_Mrtn+28
CSR mstatus (0x300) <- 0x0000000A00000080
ret-ing from M to S

clint mtime 0x0000000000000439 (mip.MTI <- 0b1, mip.STI <- 0b0)
mem[X,0x0000000080000E4C] -> 0x51B7
mem[X,0x0000000080000E4E] -> 0x0000
[2162] [S]: 0x0000000180000E4C (0x000051B7) lui x3, 0x5                             va_rvtest_code_begin+1648
x3 <- 0x0000000000005000

mem[X,0x0000000080000E50] -> 0x8193
mem[X,0x0000000080000E52] -> 0x6671
[2163] [S]: 0x0000000180000E50 (0x66718193) addi x3, x3, 0x667                      va_rvtest_code_begin+1652
x3 <- 0x0000000000005667

clint mtime 0x000000000000043A (mip.MTI <- 0b1, mip.STI <- 0b0)
mem[X,0x0000000080000E54] -> 0x9193
mem[X,0x0000000080000E56] -> 0x0011
[2164] [S]: 0x0000000180000E54 (0x00119193) slli x3, x3, 0x1                        va_rvtest_code_begin+1656
x3 <- 0x000000000000ACCE

mem[X,0x0000000080000E58] -> 0x0013
mem[X,0x0000000080000E5A] -> 0x0000
[2165] [S]: 0x0000000180000E58 (0x00000013) addi x0, x0, 0x0                        va_rvtest_code_begin+1660

clint mtime 0x000000000000043B (mip.MTI <- 0b1, mip.STI <- 0b0)
mem[X,0x0000000080000E5C] -> 0x0013
mem[X,0x0000000080000E5E] -> 0x0000
[2166] [S]: 0x0000000180000E5C (0x00000013) addi x0, x0, 0x0                        va_rvtest_code_begin+1664

mem[X,0x0000000080000E60] -> 0x0217
mem[X,0x0000000080000E62] -> 0x0000
[2167] [S]: 0x0000000180000E60 (0x00000217) auipc x4, 0x0                           va_rvtest_code_begin+1668
x4 <- 0x0000000180000E60

clint mtime 0x000000000000043C (mip.MTI <- 0b1, mip.STI <- 0b0)
mem[X,0x0000000080000E64] -> 0x0213
mem[X,0x0000000080000E66] -> 0x02C2
[2168] [S]: 0x0000000180000E64 (0x02C20213) addi x4, x4, 0x2c                       va_rvtest_code_begin+1672
x4 <- 0x0000000180000E8C

mem[X,0x0000000080000E68] -> 0x0001
[2169] [S]: 0x0000000180000E68 (0x0001) c.nop                                       va_rvtest_code_begin+1676

clint mtime 0x000000000000043D (mip.MTI <- 0b1, mip.STI <- 0b0)
mem[X,0x0000000080000E6A] -> 0x0013
mem[X,0x0000000080000E6C] -> 0x0000
[2170] [S]: 0x0000000180000E6A (0x00000013) addi x0, x0, 0x0                        va_rvtest_code_begin+1678

mem[X,0x0000000080000E6E] -> 0x0013
mem[X,0x0000000080000E70] -> 0x0000
[2171] [S]: 0x0000000180000E6E (0x00000013) addi x0, x0, 0x0                        va_rvtest_code_begin+1682

clint mtime 0x000000000000043E (mip.MTI <- 0b1, mip.STI <- 0b0)
mem[X,0x0000000080000E72] -> 0x0013
mem[X,0x0000000080000E74] -> 0x0000
[2172] [S]: 0x0000000180000E72 (0x00000013) addi x0, x0, 0x0                        va_rvtest_code_begin+1686

mem[X,0x0000000080000E76] -> 0x0013
mem[X,0x0000000080000E78] -> 0x0000
[2173] [S]: 0x0000000180000E76 (0x00000013) addi x0, x0, 0x0                        va_rvtest_code_begin+1690

clint mtime 0x000000000000043F (mip.MTI <- 0b1, mip.STI <- 0b0)
mem[X,0x0000000080000E7A] -> 0x0013
mem[X,0x0000000080000E7C] -> 0x0000
[2174] [S]: 0x0000000180000E7A (0x00000013) addi x0, x0, 0x0                        va_rvtest_code_begin+1694

mem[X,0x0000000080000E7E] -> 0x0001
[2175] [S]: 0x0000000180000E7E (0x0001) c.nop                                       va_rvtest_code_begin+1698

clint mtime 0x0000000000000440 (mip.MTI <- 0b1, mip.STI <- 0b0)
mem[X,0x0000000080000E80] -> 0x80E7
mem[X,0x0000000080000E82] -> 0x0007
[2176] [S]: 0x0000000180000E80 (0x000780E7) jalr x1, 0x0(x15)                       va_rvtest_code_begin+1700
x1 <- 0x0000000180000E84

PTW: Start, vpn=0x140000, access_type=X, privilege=Smem[R,0x0000000080007028] -> 0x0000000020001801
PTW: Step, level=2, pte=0x20001801, pte_addr=0x80007028
PTW: Start, vpn=0x140000, access_type=X, privilege=Smem[R,0x0000000080006000] -> 0x00000000200000CD
PTW: Step, level=1, pte=0x200000CD, pte_addr=0x80006000
PTW: failed, error=invalid-pte, level=1, pte_addr=0x80006000
trapping from S to M to handle fetch-page-fault
handling exc#fetch-page-fault at priv M with tval 0x0000000140000404
CSR mstatus (0x300) <- 0x0000000A00000800
CSR mcause (0x342) <- 0x000000000000000C
CSR mtval (0x343) <- 0x0000000140000404
CSR mepc (0x341) <- 0x0000000140000404

clint mtime 0x0000000000000441 (mip.MTI <- 0b1, mip.STI <- 0b0)
mem[X,0x0000000080001600] -> 0x006F
mem[X,0x0000000080001602] -> 0x1000
[2178] [M]: 0x0000000080001600 (0x1000006F) jal x0, 0x100                           Mtrampoline+0

mem[X,0x0000000080001700] -> 0x1173
mem[X,0x0000000080001702] -> 0x3401
[2179] [M]: 0x0000000080001700 (0x34011173) csrrw x2, mscratch, x2                  trap_Mhandler+0
CSR mscratch (0x340) <- 0x0000000000000000
x2 <- 0x0000000080004000

clint mtime 0x0000000000000442 (mip.MTI <- 0b1, mip.STI <- 0b0)
mem[X,0x0000000080001704] -> 0x3423
mem[X,0x0000000080001706] -> 0x28B1
[2180] [M]: 0x0000000080001704 (0x28B13423) sd x11, 0x288(x2)                       trap_Mhandler+4
mem[W,0x0000000080004288] <- 0x00000000000000CD

mem[X,0x0000000080001708] -> 0x05EF
mem[X,0x000000008000170A] -> 0x0B80
[2181] [M]: 0x0000000080001708 (0x0B8005EF) jal x11, 0xb8                           trap_Mhandler+8
x11 <- 0x000000008000170C

clint mtime 0x0000000000000443 (mip.MTI <- 0b1, mip.STI <- 0b0)
mem[X,0x00000000800017C0] -> 0x3023
mem[X,0x00000000800017C2] -> 0x28A1
[2182] [M]: 0x00000000800017C0 (0x28A13023) sd x10, 0x280(x2)                       common_Mhandler+0
mem[W,0x0000000080004280] <- 0x00000000200000CD

mem[X,0x00000000800017C4] -> 0x1573
mem[X,0x00000000800017C6] -> 0x3401
[2183] [M]: 0x00000000800017C4 (0x34011573) csrrw x10, mscratch, x2                 common_Mhandler+4
CSR mscratch (0x340) <- 0x0000000080004000
x10 <- 0x0000000000000000

clint mtime 0x0000000000000444 (mip.MTI <- 0b1, mip.STI <- 0b0)
mem[X,0x00000000800017C8] -> 0x3823
mem[X,0x00000000800017CA] -> 0x28A1
[2184] [M]: 0x00000000800017C8 (0x28A13823) sd x10, 0x290(x2)                       common_Mhandler+8
mem[W,0x0000000080004290] <- 0x0000000000000000

mem[X,0x00000000800017CC] -> 0x3503
mem[X,0x00000000800017CE] -> 0x2301
[2185] [M]: 0x00000000800017CC (0x23013503) ld x10, 0x230(x2)                       common_Mhandler+12
mem[R,0x0000000080004230] -> 0x00000000800017D4
x10 <- 0x00000000800017D4

clint mtime 0x0000000000000445 (mip.MTI <- 0b1, mip.STI <- 0b0)
mem[X,0x00000000800017D0] -> 0x0067
mem[X,0x00000000800017D2] -> 0x0005
[2186] [M]: 0x00000000800017D0 (0x00050067) jalr x0, 0x0(x10)                       common_Mhandler+16

mem[X,0x00000000800017D4] -> 0x3C23
mem[X,0x00000000800017D6] -> 0x2691
[2187] [M]: 0x00000000800017D4 (0x26913C23) sd x9, 0x278(x2)                        common_Mentry+0
mem[W,0x0000000080004278] <- 0x0000000100000148

clint mtime 0x0000000000000446 (mip.MTI <- 0b1, mip.STI <- 0b0)
mem[X,0x00000000800017D8] -> 0x3823
mem[X,0x00000000800017DA] -> 0x2681
[2188] [M]: 0x00000000800017D8 (0x26813823) sd x8, 0x270(x2)                        common_Mentry+4
mem[W,0x0000000080004270] <- 0x0000000000007F76

mem[X,0x00000000800017DC] -> 0x3423
mem[X,0x00000000800017DE] -> 0x2671
[2189] [M]: 0x00000000800017DC (0x26713423) sd x7, 0x268(x2)                        common_Mentry+8
mem[W,0x0000000080004268] <- 0x0000000080004000

clint mtime 0x0000000000000447 (mip.MTI <- 0b1, mip.STI <- 0b0)
mem[X,0x00000000800017E0] -> 0x3023
mem[X,0x00000000800017E2] -> 0x2661
[2190] [M]: 0x00000000800017E0 (0x26613023) sd x6, 0x260(x2)                        common_Mentry+12
mem[W,0x0000000080004260] <- 0xFFFFFFFF7FFFF32C

mem[X,0x00000000800017E4] -> 0x2573
mem[X,0x00000000800017E6] -> 0x3420
[2191] [M]: 0x00000000800017E4 (0x34202573) csrrs x10, mcause, x0                   spcl_M2mmode_test+0
CSR mcause (0x342) -> 0x000000000000000C
x10 <- 0x000000000000000C

clint mtime 0x0000000000000448 (mip.MTI <- 0b1, mip.STI <- 0b0)
mem[X,0x00000000800017E8] -> 0x04B7
mem[X,0x00000000800017EA] -> 0x8000
[2192] [M]: 0x00000000800017E8 (0x800004B7) lui x9, -0x80000                        spcl_M2mmode_test+4
x9 <- 0xFFFFFFFF80000000

mem[X,0x00000000800017EC] -> 0x8493
mem[X,0x00000000800017EE] -> 0x0004
[2193] [M]: 0x00000000800017EC (0x00048493) addi x9, x9, 0x0                        spcl_M2mmode_test+8
x9 <- 0xFFFFFFFF80000000

clint mtime 0x0000000000000449 (mip.MTI <- 0b1, mip.STI <- 0b0)
mem[X,0x00000000800017F0] -> 0x9493
mem[X,0x00000000800017F2] -> 0x00B4
[2194] [M]: 0x00000000800017F0 (0x00B49493) slli x9, x9, 0xb                        spcl_M2mmode_test+12
x9 <- 0xFFFFFC0000000000

mem[X,0x00000000800017F4] -> 0x8493
mem[X,0x00000000800017F6] -> 0x0004
[2195] [M]: 0x00000000800017F4 (0x00048493) addi x9, x9, 0x0                        spcl_M2mmode_test+16
x9 <- 0xFFFFFC0000000000

clint mtime 0x000000000000044A (mip.MTI <- 0b1, mip.STI <- 0b0)
mem[X,0x00000000800017F8] -> 0x9493
mem[X,0x00000000800017FA] -> 0x00B4
[2196] [M]: 0x00000000800017F8 (0x00B49493) slli x9, x9, 0xb                        spcl_M2mmode_test+20
x9 <- 0xFFE0000000000000

mem[X,0x00000000800017FC] -> 0x8493
mem[X,0x00000000800017FE] -> 0x0034
[2197] [M]: 0x00000000800017FC (0x00348493) addi x9, x9, 0x3                        spcl_M2mmode_test+24
x9 <- 0xFFE0000000000003

clint mtime 0x000000000000044B (mip.MTI <- 0b1, mip.STI <- 0b0)
mem[X,0x0000000080001800] -> 0x9493
mem[X,0x0000000080001802] -> 0x00A4
[2198] [M]: 0x0000000080001800 (0x00A49493) slli x9, x9, 0xa                        spcl_M2mmode_test+28
x9 <- 0x8000000000000C00

mem[X,0x0000000080001804] -> 0x8493
mem[X,0x0000000080001806] -> 0x3FC4
[2199] [M]: 0x0000000080001804 (0x3FC48493) addi x9, x9, 0x3fc                      spcl_M2mmode_test+32
x9 <- 0x8000000000000FFC

clint mtime 0x000000000000044C (mip.MTI <- 0b1, mip.STI <- 0b0)
mem[X,0x0000000080001808] -> 0xF4B3
mem[X,0x000000008000180A] -> 0x00A4
[2200] [M]: 0x0000000080001808 (0x00A4F4B3) and x9, x9, x10                         spcl_M2mmode_test+36
x9 <- 0x000000000000000C

mem[X,0x000000008000180C] -> 0x8493
mem[X,0x000000008000180E] -> 0xFF84
[2201] [M]: 0x000000008000180C (0xFF848493) addi x9, x9, -0x8                       spcl_M2mmode_test+40
x9 <- 0x0000000000000004

clint mtime 0x000000000000044D (mip.MTI <- 0b1, mip.STI <- 0b0)
mem[X,0x0000000080001810] -> 0x9663
mem[X,0x0000000080001812] -> 0x0004
[2202] [M]: 0x0000000080001810 (0x00049663) bne x9, x0, 0xc                         spcl_M2mmode_test+44

mem[X,0x000000008000181C] -> 0x0393
mem[X,0x000000008000181E] -> 0x0200
[2203] [M]: 0x000000008000181C (0x02000393) addi x7, x0, 0x20                       Mtrapsig_ptr_upd+0
x7 <- 0x0000000000000020

clint mtime 0x000000000000044E (mip.MTI <- 0b1, mip.STI <- 0b0)
mem[X,0x0000000080001820] -> 0x5263
mem[X,0x0000000080001822] -> 0x0405
[2204] [M]: 0x0000000080001820 (0x04055263) bge x10, x0, 0x44                       Mtrapsig_ptr_upd+4

mem[X,0x0000000080001864] -> 0x2373
mem[X,0x0000000080001866] -> 0x3010
[2205] [M]: 0x0000000080001864 (0x30102373) csrrs x6, misa, x0                      Mxcpt_sig_sv+0
CSR misa (0x301) -> 0x800000000034112F
x6 <- 0x800000000034112F

clint mtime 0x000000000000044F (mip.MTI <- 0b1, mip.STI <- 0b0)
mem[X,0x0000000080001868] -> 0x1313
mem[X,0x000000008000186A] -> 0x0383
[2206] [M]: 0x0000000080001868 (0x03831313) slli x6, x6, 0x38                       Mxcpt_sig_sv+4
x6 <- 0x2F00000000000000

mem[X,0x000000008000186C] -> 0x5463
mem[X,0x000000008000186E] -> 0x0003
[2207] [M]: 0x000000008000186C (0x00035463) bge x6, x0, 0x8                         Mxcpt_sig_sv+8

clint mtime 0x0000000000000450 (mip.MTI <- 0b1, mip.STI <- 0b0)
mem[X,0x0000000080001874] -> 0x3303
mem[X,0x0000000080001876] -> 0x2181
[2208] [M]: 0x0000000080001874 (0x21813303) ld x6, 0x218(x2)                        Mtrap_sig_sv+0
mem[R,0x0000000080004218] -> 0x0000000080008678
x6 <- 0x0000000080008678

mem[X,0x0000000080001878] -> 0x04B3
mem[X,0x000000008000187A] -> 0x0073
[2209] [M]: 0x0000000080001878 (0x007304B3) add x9, x6, x7                          Mtrap_sig_sv+4
x9 <- 0x0000000080008698

clint mtime 0x0000000000000451 (mip.MTI <- 0b1, mip.STI <- 0b0)
mem[X,0x000000008000187C] -> 0x3C23
mem[X,0x000000008000187E] -> 0x2091
[2210] [M]: 0x000000008000187C (0x20913C23) sd x9, 0x218(x2)                        Mtrap_sig_sv+8
mem[W,0x0000000080004218] <- 0x0000000080008698

mem[X,0x0000000080001880] -> 0x3403
mem[X,0x0000000080001882] -> 0x1F81
[2211] [M]: 0x0000000080001880 (0x1F813403) ld x8, 0x1f8(x2)                        Mtrap_sig_sv+12
mem[R,0x00000000800041F8] -> 0x0000000080008110
x8 <- 0x0000000080008110

clint mtime 0x0000000000000452 (mip.MTI <- 0b1, mip.STI <- 0b0)
mem[X,0x0000000080001884] -> 0x0333
mem[X,0x0000000080001886] -> 0x4083
[2212] [M]: 0x0000000080001884 (0x40830333) sub x6, x6, x8                          Mtrap_sig_sv+16
x6 <- 0x0000000000000568

mem[X,0x0000000080001888] -> 0x3403
mem[X,0x000000008000188A] -> 0x1F81
[2213] [M]: 0x0000000080001888 (0x1F813403) ld x8, 0x1f8(x2)                        Mtrap_sig_sv+20
mem[R,0x00000000800041F8] -> 0x0000000080008110
x8 <- 0x0000000080008110

clint mtime 0x0000000000000453 (mip.MTI <- 0b1, mip.STI <- 0b0)
mem[X,0x000000008000188C] -> 0x0333
mem[X,0x000000008000188E] -> 0x0083
[2214] [M]: 0x000000008000188C (0x00830333) add x6, x6, x8                          Mtrap_sig_sv+24
x6 <- 0x0000000080008678

mem[X,0x0000000080001890] -> 0x3403
mem[X,0x0000000080001892] -> 0x2401
[2215] [M]: 0x0000000080001890 (0x24013403) ld x8, 0x240(x2)                        Mtrap_sig_sv+28
mem[R,0x0000000080004240] -> 0x0000000080001600
x8 <- 0x0000000080001600

clint mtime 0x0000000000000454 (mip.MTI <- 0b1, mip.STI <- 0b0)
mem[X,0x0000000080001894] -> 0x85B3
mem[X,0x0000000080001896] -> 0x4085
[2216] [M]: 0x0000000080001894 (0x408585B3) sub x11, x11, x8                        sv_Mvect+0
x11 <- 0x000000000000010C

mem[X,0x0000000080001898] -> 0x9593
mem[X,0x000000008000189A] -> 0x0045
[2217] [M]: 0x0000000080001898 (0x00459593) slli x11, x11, 0x4                      sv_Mvect+4
x11 <- 0x00000000000010C0

clint mtime 0x0000000000000455 (mip.MTI <- 0b1, mip.STI <- 0b0)
mem[X,0x000000008000189C] -> 0xE5B3
mem[X,0x000000008000189E] -> 0x0075
[2218] [M]: 0x000000008000189C (0x0075E5B3) or x11, x11, x7                         sv_Mvect+8
x11 <- 0x00000000000010E0

mem[X,0x00000000800018A0] -> 0x8593
mem[X,0x00000000800018A2] -> 0x0035
[2219] [M]: 0x00000000800018A0 (0x00358593) addi x11, x11, 0x3                      sv_Mvect+12
x11 <- 0x00000000000010E3

clint mtime 0x0000000000000456 (mip.MTI <- 0b1, mip.STI <- 0b0)
mem[X,0x00000000800018A4] -> 0x3023
mem[X,0x00000000800018A6] -> 0x00B3
[2220] [M]: 0x00000000800018A4 (0x00B33023) sd x11, 0x0(x6)                         sv_Mvect+16
mem[W,0x0000000080008678] <- 0x00000000000010E3

mem[X,0x00000000800018A8] -> 0x3423
mem[X,0x00000000800018AA] -> 0x00A3
[2221] [M]: 0x00000000800018A8 (0x00A33423) sd x10, 0x8(x6)                         sv_Mcause+0
mem[W,0x0000000080008680] <- 0x000000000000000C

clint mtime 0x0000000000000457 (mip.MTI <- 0b1, mip.STI <- 0b0)
mem[X,0x00000000800018AC] -> 0x4663
mem[X,0x00000000800018AE] -> 0x1A05
[2222] [M]: 0x00000000800018AC (0x1A054663) blt x10, x0, 0x1ac                      sv_Mcause+4

mem[X,0x00000000800018B0] -> 0x25F3
mem[X,0x00000000800018B2] -> 0x3000
[2223] [M]: 0x00000000800018B0 (0x300025F3) csrrs x11, mstatus, x0                  common_Mexcpt_handler+0
CSR mstatus (0x300) -> 0x0000000A00000800
x11 <- 0x0000000A00000800

clint mtime 0x0000000000000458 (mip.MTI <- 0b1, mip.STI <- 0b0)
mem[X,0x00000000800018B4] -> 0x9413
mem[X,0x00000000800018B6] -> 0x02E5
[2224] [M]: 0x00000000800018B4 (0x02E59413) slli x8, x11, 0x2e                      common_Mexcpt_handler+4
x8 <- 0x0200000000000000

mem[X,0x00000000800018B8] -> 0x5463
mem[X,0x00000000800018BA] -> 0x0004
[2225] [M]: 0x00000000800018B8 (0x00045463) bge x8, x0, 0x8                         common_Mexcpt_handler+8

clint mtime 0x0000000000000459 (mip.MTI <- 0b1, mip.STI <- 0b0)
mem[X,0x00000000800018C0] -> 0xD493
mem[X,0x00000000800018C2] -> 0x00B5
[2226] [M]: 0x00000000800018C0 (0x00B5D493) srli x9, x11, 0xb                       common_Mexcpt_handler+16
x9 <- 0x0000000001400001

mem[X,0x00000000800018C4] -> 0xF493
mem[X,0x00000000800018C6] -> 0x0034
[2227] [M]: 0x00000000800018C4 (0x0034F493) andi x9, x9, 0x3                        common_Mexcpt_handler+20
x9 <- 0x0000000000000001

clint mtime 0x000000000000045A (mip.MTI <- 0b1, mip.STI <- 0b0)
mem[X,0x00000000800018C8] -> 0x8493
mem[X,0x00000000800018CA] -> 0x0014
[2228] [M]: 0x00000000800018C8 (0x00148493) addi x9, x9, 0x1                        common_Mexcpt_handler+24
x9 <- 0x0000000000000002

mem[X,0x00000000800018CC] -> 0xF493
mem[X,0x00000000800018CE] -> 0x0044
[2229] [M]: 0x00000000800018CC (0x0044F493) andi x9, x9, 0x4                        common_Mexcpt_handler+28
x9 <- 0x0000000000000000

clint mtime 0x000000000000045B (mip.MTI <- 0b1, mip.STI <- 0b0)
mem[X,0x00000000800018D0] -> 0x0593
mem[X,0x00000000800018D2] -> 0x05D0
[2230] [M]: 0x00000000800018D0 (0x05D00593) addi x11, x0, 0x5d                      common_Mexcpt_handler+32
x11 <- 0x000000000000005D

mem[X,0x00000000800018D4] -> 0xD5B3
mem[X,0x00000000800018D6] -> 0x0095
[2231] [M]: 0x00000000800018D4 (0x0095D5B3) srl x11, x11, x9                        common_Mexcpt_handler+36
x11 <- 0x000000000000005D

clint mtime 0x000000000000045C (mip.MTI <- 0b1, mip.STI <- 0b0)
mem[X,0x00000000800018D8] -> 0xF593
mem[X,0x00000000800018DA] -> 0x0015
[2232] [M]: 0x00000000800018D8 (0x0015F593) andi x11, x11, 0x1                      common_Mexcpt_handler+40
x11 <- 0x0000000000000001

mem[X,0x00000000800018DC] -> 0x8EE3
mem[X,0x00000000800018DE] -> 0xF405
[2233] [M]: 0x00000000800018DC (0xF4058EE3) beq x11, x0, -0xa4                      common_Mexcpt_handler+44

clint mtime 0x000000000000045D (mip.MTI <- 0b1, mip.STI <- 0b0)
mem[X,0x00000000800018E0] -> 0x0593
mem[X,0x00000000800018E2] -> 0x2980
[2234] [M]: 0x00000000800018E0 (0x29800593) addi x11, x0, 0x298                     common_Mexcpt_handler+48
x11 <- 0x0000000000000298

mem[X,0x00000000800018E4] -> 0xF413
mem[X,0x00000000800018E6] -> 0x0014
[2235] [M]: 0x00000000800018E4 (0x0014F413) andi x8, x9, 0x1                        common_Mexcpt_handler+52
x8 <- 0x0000000000000000

clint mtime 0x000000000000045E (mip.MTI <- 0b1, mip.STI <- 0b0)
mem[X,0x00000000800018E8] -> 0x95B3
mem[X,0x00000000800018EA] -> 0x0085
[2236] [M]: 0x00000000800018E8 (0x008595B3) sll x11, x11, x8                        common_Mexcpt_handler+56
x11 <- 0x0000000000000298

mem[X,0x00000000800018EC] -> 0x9413
mem[X,0x00000000800018EE] -> 0x03D4
[2237] [M]: 0x00000000800018EC (0x03D49413) slli x8, x9, 0x3d                       common_Mexcpt_handler+60
x8 <- 0x0000000000000000

clint mtime 0x000000000000045F (mip.MTI <- 0b1, mip.STI <- 0b0)
mem[X,0x00000000800018F0] -> 0x5413
mem[X,0x00000000800018F2] -> 0x43F4
[2238] [M]: 0x00000000800018F0 (0x43F45413) srai x8, x8, 0x3f                       common_Mexcpt_handler+64
x8 <- 0x0000000000000000

mem[X,0x00000000800018F4] -> 0x4413
mem[X,0x00000000800018F6] -> 0xFFF4
[2239] [M]: 0x00000000800018F4 (0xFFF44413) xori x8, x8, -0x1                       common_Mexcpt_handler+68
x8 <- 0xFFFFFFFFFFFFFFFF

clint mtime 0x0000000000000460 (mip.MTI <- 0b1, mip.STI <- 0b0)
mem[X,0x00000000800018F8] -> 0xF4B3
mem[X,0x00000000800018FA] -> 0x0085
[2240] [M]: 0x00000000800018F8 (0x0085F4B3) and x9, x11, x8                         common_Mexcpt_handler+72
x9 <- 0x0000000000000298

mem[X,0x00000000800018FC] -> 0x84B3
mem[X,0x00000000800018FE] -> 0x0024
[2241] [M]: 0x00000000800018FC (0x002484B3) add x9, x9, x2                          vmem_adj_Mepc+0
x9 <- 0x0000000080004298

clint mtime 0x0000000000000461 (mip.MTI <- 0b1, mip.STI <- 0b0)
mem[X,0x0000000080001900] -> 0x23F3
mem[X,0x0000000080001902] -> 0x3410
[2242] [M]: 0x0000000080001900 (0x341023F3) csrrs x7, mepc, x0                      vmem_adj_Mepc+4
CSR mepc (0x341) -> 0x0000000140000404
x7 <- 0x0000000140000404

mem[X,0x0000000080001904] -> 0x0413
mem[X,0x0000000080001906] -> 0x0004
[2243] [M]: 0x0000000080001904 (0x00040413) addi x8, x8, 0x0                        vmem_adj_Mepc+8
x8 <- 0xFFFFFFFFFFFFFFFF

clint mtime 0x0000000000000462 (mip.MTI <- 0b1, mip.STI <- 0b0)
mem[X,0x0000000080001908] -> 0x006F
mem[X,0x000000008000190A] -> 0x0400
[2244] [M]: 0x0000000080001908 (0x0400006F) jal x0, 0x40                            vmem_adj_Mepc+12

mem[X,0x0000000080001948] -> 0x8433
mem[X,0x000000008000194A] -> 0x4083
[2245] [M]: 0x0000000080001948 (0x40838433) sub x8, x7, x8                          adj_Mepc+0
x8 <- 0x0000000140000405

clint mtime 0x0000000000000463 (mip.MTI <- 0b1, mip.STI <- 0b0)
mem[X,0x000000008000194C] -> 0x3823
mem[X,0x000000008000194E] -> 0x0083
[2246] [M]: 0x000000008000194C (0x00833823) sd x8, 0x10(x6)                         sv_Mepc+0
mem[W,0x0000000080008688] <- 0x0000000140000405

mem[X,0x0000000080001950] -> 0x55B7
mem[X,0x0000000080001952] -> 0x0000
[2247] [M]: 0x0000000080001950 (0x000055B7) lui x11, 0x5                            sv_Mepc+4
x11 <- 0x0000000000005000

clint mtime 0x0000000000000464 (mip.MTI <- 0b1, mip.STI <- 0b0)
mem[X,0x0000000080001954] -> 0x8593
mem[X,0x0000000080001956] -> 0x6675
[2248] [M]: 0x0000000080001954 (0x66758593) addi x11, x11, 0x667                    sv_Mepc+8
x11 <- 0x0000000000005667

mem[X,0x0000000080001958] -> 0x9593
mem[X,0x000000008000195A] -> 0x0015
[2249] [M]: 0x0000000080001958 (0x00159593) slli x11, x11, 0x1                      sv_Mepc+12
x11 <- 0x000000000000ACCE

clint mtime 0x0000000000000465 (mip.MTI <- 0b1, mip.STI <- 0b0)
mem[X,0x000000008000195C] -> 0x9063
mem[X,0x000000008000195E] -> 0x02B1
[2250] [M]: 0x000000008000195C (0x02B19063) bne x3, x11, 0x20                       sv_Mepc+16

mem[X,0x0000000080001960] -> 0x2473
mem[X,0x0000000080001962] -> 0x3420
[2251] [M]: 0x0000000080001960 (0x34202473) csrrs x8, mcause, x0                    sv_Mepc+20
CSR mcause (0x342) -> 0x000000000000000C
x8 <- 0x000000000000000C

clint mtime 0x0000000000000466 (mip.MTI <- 0b1, mip.STI <- 0b0)
mem[X,0x0000000080001964] -> 0x0593
mem[X,0x0000000080001966] -> 0x00C0
[2252] [M]: 0x0000000080001964 (0x00C00593) addi x11, x0, 0xc                       sv_Mepc+24
x11 <- 0x000000000000000C

mem[X,0x0000000080001968] -> 0x0663
mem[X,0x000000008000196A] -> 0x00B4
[2253] [M]: 0x0000000080001968 (0x00B40663) beq x8, x11, 0xc                        sv_Mepc+28

clint mtime 0x0000000000000467 (mip.MTI <- 0b1, mip.STI <- 0b0)
mem[X,0x0000000080001974] -> 0x1073
mem[X,0x0000000080001976] -> 0x3412
[2254] [M]: 0x0000000080001974 (0x34121073) csrrw x0, mepc, x4                      sv_Mepc+40
CSR mepc (0x341) <- 0x0000000180000E8C

mem[X,0x0000000080001978] -> 0x006F
mem[X,0x000000008000197A] -> 0x0100
[2255] [M]: 0x0000000080001978 (0x0100006F) jal x0, 0x10                            sv_Mepc+44

clint mtime 0x0000000000000468 (mip.MTI <- 0b1, mip.STI <- 0b0)
mem[X,0x0000000080001988] -> 0x23F3
mem[X,0x000000008000198A] -> 0x3430
[2256] [M]: 0x0000000080001988 (0x343023F3) csrrs x7, mtval, x0                     skp_adj_Mepc+0
CSR mtval (0x343) -> 0x0000000140000404
x7 <- 0x0000000140000404

mem[X,0x000000008000198C] -> 0x0413
mem[X,0x000000008000198E] -> 0x0004
[2257] [M]: 0x000000008000198C (0x00040413) addi x8, x8, 0x0                        skp_adj_Mepc+4
x8 <- 0x000000000000000C

clint mtime 0x0000000000000469 (mip.MTI <- 0b1, mip.STI <- 0b0)
mem[X,0x0000000080001990] -> 0x006F
mem[X,0x0000000080001992] -> 0x0840
[2258] [M]: 0x0000000080001990 (0x0840006F) jal x0, 0x84                            skp_adj_Mepc+8

mem[X,0x0000000080001A14] -> 0x8433
mem[X,0x0000000080001A16] -> 0x4083
[2259] [M]: 0x0000000080001A14 (0x40838433) sub x8, x7, x8                          adj_Mtval+0
x8 <- 0x00000001400003F8

clint mtime 0x000000000000046A (mip.MTI <- 0b1, mip.STI <- 0b0)
mem[X,0x0000000080001A18] -> 0x3C23
mem[X,0x0000000080001A1A] -> 0x0083
[2260] [M]: 0x0000000080001A18 (0x00833C23) sd x8, 0x18(x6)                         sv_Mtval+0
mem[W,0x0000000080008690] <- 0x00000001400003F8

mem[X,0x0000000080001A1C] -> 0x3483
mem[X,0x0000000080001A1E] -> 0x2181
[2261] [M]: 0x0000000080001A1C (0x21813483) ld x9, 0x218(x2)                        skp_Mtval+0
mem[R,0x0000000080004218] -> 0x0000000080008698
x9 <- 0x0000000080008698

clint mtime 0x000000000000046B (mip.MTI <- 0b1, mip.STI <- 0b0)
mem[X,0x0000000080001A20] -> 0x3383
mem[X,0x0000000080001A22] -> 0x1F81
[2262] [M]: 0x0000000080001A20 (0x1F813383) ld x7, 0x1f8(x2)                        skp_Mtval+4
mem[R,0x00000000800041F8] -> 0x0000000080008110
x7 <- 0x0000000080008110

mem[X,0x0000000080001A24] -> 0x3303
mem[X,0x0000000080001A26] -> 0x2001
[2263] [M]: 0x0000000080001A24 (0x20013303) ld x6, 0x200(x2)                        skp_Mtval+8
mem[R,0x0000000080004200] -> 0x0000000000000810
x6 <- 0x0000000000000810

clint mtime 0x000000000000046C (mip.MTI <- 0b1, mip.STI <- 0b0)
mem[X,0x0000000080001A28] -> 0x0333
mem[X,0x0000000080001A2A] -> 0x0073
[2264] [M]: 0x0000000080001A28 (0x00730333) add x6, x6, x7                          skp_Mtval+12
x6 <- 0x0000000080008920

mem[X,0x0000000080001A2C] -> 0x6AE3
mem[X,0x0000000080001A2E] -> 0xAC93
[2265] [M]: 0x0000000080001A2C (0xAC936AE3) bltu x6, x9, -0x52c                     skp_Mtval+16

clint mtime 0x000000000000046D (mip.MTI <- 0b1, mip.STI <- 0b0)
mem[X,0x0000000080001A30] -> 0x0393
mem[X,0x0000000080001A32] -> 0x2000
[2266] [M]: 0x0000000080001A30 (0x20000393) addi x7, x0, 0x200                      skp_Mtval+20
x7 <- 0x0000000000000200

mem[X,0x0000000080001A34] -> 0x006F
mem[X,0x0000000080001A36] -> 0x0400
[2267] [M]: 0x0000000080001A34 (0x0400006F) jal x0, 0x40                            skp_Mtval+24

clint mtime 0x000000000000046E (mip.MTI <- 0b1, mip.STI <- 0b0)
mem[X,0x0000000080001A74] -> 0x0417
mem[X,0x0000000080001A76] -> 0x0000
[2268] [M]: 0x0000000080001A74 (0x00000417) auipc x8, 0x0                           spcl_Mhandler+0
x8 <- 0x0000000080001A74

mem[X,0x0000000080001A78] -> 0x0413
mem[X,0x0000000080001A7A] -> 0x03C4
[2269] [M]: 0x0000000080001A78 (0x03C40413) addi x8, x8, 0x3c                       spcl_Mhandler+4
x8 <- 0x0000000080001AB0

clint mtime 0x000000000000046F (mip.MTI <- 0b1, mip.STI <- 0b0)
mem[X,0x0000000080001A7C] -> 0x0433
mem[X,0x0000000080001A7E] -> 0x0074
[2270] [M]: 0x0000000080001A7C (0x00740433) add x8, x8, x7                          spcl_Mhandler+8
x8 <- 0x0000000080001CB0

mem[X,0x0000000080001A80] -> 0x1393
mem[X,0x0000000080001A82] -> 0x0035
[2271] [M]: 0x0000000080001A80 (0x00351393) slli x7, x10, 0x3                       spcl_Mhandler+12
x7 <- 0x0000000000000060

clint mtime 0x0000000000000470 (mip.MTI <- 0b1, mip.STI <- 0b0)
mem[X,0x0000000080001A84] -> 0x0433
mem[X,0x0000000080001A86] -> 0x0074
[2272] [M]: 0x0000000080001A84 (0x00740433) add x8, x8, x7                          spcl_Mhandler+16
x8 <- 0x0000000080001D10

mem[X,0x0000000080001A88] -> 0x7413
mem[X,0x0000000080001A8A] -> 0xFF84
[2273] [M]: 0x0000000080001A88 (0xFF847413) andi x8, x8, -0x8                       spcl_Mhandler+20
x8 <- 0x0000000080001D10

clint mtime 0x0000000000000471 (mip.MTI <- 0b1, mip.STI <- 0b0)
mem[X,0x0000000080001A8C] -> 0x3403
mem[X,0x0000000080001A8E] -> 0x0004
[2274] [M]: 0x0000000080001A8C (0x00043403) ld x8, 0x0(x8)                          spcl_Mhandler+24
mem[R,0x0000000080001D10] -> 0x0000000000000019
x8 <- 0x0000000000000019

mem[X,0x0000000080001A90] -> 0x02E3
mem[X,0x0000000080001A92] -> 0xB004
[2275] [M]: 0x0000000080001A90 (0xB00402E3) beq x8, x0, -0x4fc                      spcl_Mdispatch_hndling+0

clint mtime 0x0000000000000472 (mip.MTI <- 0b1, mip.STI <- 0b0)
mem[X,0x0000000080001A94] -> 0x1393
mem[X,0x0000000080001A96] -> 0x03F4
[2276] [M]: 0x0000000080001A94 (0x03F41393) slli x7, x8, 0x3f                       spcl_Mdispatch_hndling+4
x7 <- 0x8000000000000000

mem[X,0x0000000080001A98] -> 0xD863
mem[X,0x0000000080001A9A] -> 0x0003
[2277] [M]: 0x0000000080001A98 (0x0003D863) bge x7, x0, 0x10                        spcl_Mdispatch_hndling+8

clint mtime 0x0000000000000473 (mip.MTI <- 0b1, mip.STI <- 0b0)
mem[X,0x0000000080001A9C] -> 0x5413
mem[X,0x0000000080001A9E] -> 0x0014
[2278] [M]: 0x0000000080001A9C (0x00145413) srli x8, x8, 0x1                        spcl_Mdispatch_hndling+12
x8 <- 0x000000000000000C

mem[X,0x0000000080001AA0] -> 0x0CE3
mem[X,0x0000000080001AA2] -> 0xF885
[2279] [M]: 0x0000000080001AA0 (0xF8850CE3) beq x10, x8, -0x68                      spcl_Mdispatch_hndling+16

clint mtime 0x0000000000000474 (mip.MTI <- 0b1, mip.STI <- 0b0)
mem[X,0x0000000080001A38] -> 0x3303
mem[X,0x0000000080001A3A] -> 0x2601
[2280] [M]: 0x0000000080001A38 (0x26013303) ld x6, 0x260(x2)                        resto_Mrtn+0
mem[R,0x0000000080004260] -> 0xFFFFFFFF7FFFF32C
x6 <- 0xFFFFFFFF7FFFF32C

mem[X,0x0000000080001A3C] -> 0x3383
mem[X,0x0000000080001A3E] -> 0x2681
[2281] [M]: 0x0000000080001A3C (0x26813383) ld x7, 0x268(x2)                        resto_Mrtn+4
mem[R,0x0000000080004268] -> 0x0000000080004000
x7 <- 0x0000000080004000

clint mtime 0x0000000000000475 (mip.MTI <- 0b1, mip.STI <- 0b0)
mem[X,0x0000000080001A40] -> 0x3403
mem[X,0x0000000080001A42] -> 0x2701
[2282] [M]: 0x0000000080001A40 (0x27013403) ld x8, 0x270(x2)                        resto_Mrtn+8
mem[R,0x0000000080004270] -> 0x0000000000007F76
x8 <- 0x0000000000007F76

mem[X,0x0000000080001A44] -> 0x3483
mem[X,0x0000000080001A46] -> 0x2781
[2283] [M]: 0x0000000080001A44 (0x27813483) ld x9, 0x278(x2)                        resto_Mrtn+12
mem[R,0x0000000080004278] -> 0x0000000100000148
x9 <- 0x0000000100000148

clint mtime 0x0000000000000476 (mip.MTI <- 0b1, mip.STI <- 0b0)
mem[X,0x0000000080001A48] -> 0x3503
mem[X,0x0000000080001A4A] -> 0x2801
[2284] [M]: 0x0000000080001A48 (0x28013503) ld x10, 0x280(x2)                       resto_Mrtn+16
mem[R,0x0000000080004280] -> 0x00000000200000CD
x10 <- 0x00000000200000CD

mem[X,0x0000000080001A4C] -> 0x3583
mem[X,0x0000000080001A4E] -> 0x2881
[2285] [M]: 0x0000000080001A4C (0x28813583) ld x11, 0x288(x2)                       resto_Mrtn+20
mem[R,0x0000000080004288] -> 0x00000000000000CD
x11 <- 0x00000000000000CD

clint mtime 0x0000000000000477 (mip.MTI <- 0b1, mip.STI <- 0b0)
mem[X,0x0000000080001A50] -> 0x3103
mem[X,0x0000000080001A52] -> 0x2901
[2286] [M]: 0x0000000080001A50 (0x29013103) ld x2, 0x290(x2)                        resto_Mrtn+24
mem[R,0x0000000080004290] -> 0x0000000000000000
x2 <- 0x0000000000000000

mem[X,0x0000000080001A54] -> 0x0073
mem[X,0x0000000080001A56] -> 0x3020
[2287] [M]: 0x0000000080001A54 (0x30200073) mret                                    resto_Mrtn+28
CSR mstatus (0x300) <- 0x0000000A00000080
ret-ing from M to S

clint mtime 0x0000000000000478 (mip.MTI <- 0b1, mip.STI <- 0b0)
mem[X,0x0000000080000E8C] -> 0x0013
mem[X,0x0000000080000E8E] -> 0x0000
[2288] [S]: 0x0000000180000E8C (0x00000013) addi x0, x0, 0x0                        va_rvtest_code_begin+1712

mem[X,0x0000000080000E90] -> 0x0013
mem[X,0x0000000080000E92] -> 0x0000
[2289] [S]: 0x0000000180000E90 (0x00000013) addi x0, x0, 0x0                        va_rvtest_code_begin+1716

clint mtime 0x0000000000000479 (mip.MTI <- 0b1, mip.STI <- 0b0)
mem[X,0x0000000080000E94] -> 0x0013
mem[X,0x0000000080000E96] -> 0x0000
[2290] [S]: 0x0000000180000E94 (0x00000013) addi x0, x0, 0x0                        va_rvtest_code_begin+1720

mem[X,0x0000000080000E98] -> 0x0113
mem[X,0x0000000080000E9A] -> 0x0000
[2291] [S]: 0x0000000180000E98 (0x00000113) addi x2, x0, 0x0                        va_rvtest_code_begin+1724
x2 <- 0x0000000000000000

clint mtime 0x000000000000047A (mip.MTI <- 0b1, mip.STI <- 0b0)
mem[X,0x0000000080000E9C] -> 0x0073
mem[X,0x0000000080000E9E] -> 0x0000
[2292] [S]: 0x0000000180000E9C (0x00000073) ecall                                   va_rvtest_code_begin+1728
trapping from S to M to handle s-call
handling exc#s-call at priv M with tval 0x0000000000000000
CSR mstatus (0x300) <- 0x0000000A00000800
CSR mcause (0x342) <- 0x0000000000000009
CSR mtval (0x343) <- 0x0000000000000000
CSR mepc (0x341) <- 0x0000000180000E9C

mem[X,0x0000000080001600] -> 0x006F
mem[X,0x0000000080001602] -> 0x1000
[2293] [M]: 0x0000000080001600 (0x1000006F) jal x0, 0x100                           Mtrampoline+0

clint mtime 0x000000000000047B (mip.MTI <- 0b1, mip.STI <- 0b0)
mem[X,0x0000000080001700] -> 0x1173
mem[X,0x0000000080001702] -> 0x3401
[2294] [M]: 0x0000000080001700 (0x34011173) csrrw x2, mscratch, x2                  trap_Mhandler+0
CSR mscratch (0x340) <- 0x0000000000000000
x2 <- 0x0000000080004000

mem[X,0x0000000080001704] -> 0x3423
mem[X,0x0000000080001706] -> 0x28B1
[2295] [M]: 0x0000000080001704 (0x28B13423) sd x11, 0x288(x2)                       trap_Mhandler+4
mem[W,0x0000000080004288] <- 0x00000000000000CD

clint mtime 0x000000000000047C (mip.MTI <- 0b1, mip.STI <- 0b0)
mem[X,0x0000000080001708] -> 0x05EF
mem[X,0x000000008000170A] -> 0x0B80
[2296] [M]: 0x0000000080001708 (0x0B8005EF) jal x11, 0xb8                           trap_Mhandler+8
x11 <- 0x000000008000170C

mem[X,0x00000000800017C0] -> 0x3023
mem[X,0x00000000800017C2] -> 0x28A1
[2297] [M]: 0x00000000800017C0 (0x28A13023) sd x10, 0x280(x2)                       common_Mhandler+0
mem[W,0x0000000080004280] <- 0x00000000200000CD

clint mtime 0x000000000000047D (mip.MTI <- 0b1, mip.STI <- 0b0)
mem[X,0x00000000800017C4] -> 0x1573
mem[X,0x00000000800017C6] -> 0x3401
[2298] [M]: 0x00000000800017C4 (0x34011573) csrrw x10, mscratch, x2                 common_Mhandler+4
CSR mscratch (0x340) <- 0x0000000080004000
x10 <- 0x0000000000000000

mem[X,0x00000000800017C8] -> 0x3823
mem[X,0x00000000800017CA] -> 0x28A1
[2299] [M]: 0x00000000800017C8 (0x28A13823) sd x10, 0x290(x2)                       common_Mhandler+8
mem[W,0x0000000080004290] <- 0x0000000000000000

clint mtime 0x000000000000047E (mip.MTI <- 0b1, mip.STI <- 0b0)
mem[X,0x00000000800017CC] -> 0x3503
mem[X,0x00000000800017CE] -> 0x2301
[2300] [M]: 0x00000000800017CC (0x23013503) ld x10, 0x230(x2)                       common_Mhandler+12
mem[R,0x0000000080004230] -> 0x00000000800017D4
x10 <- 0x00000000800017D4

mem[X,0x00000000800017D0] -> 0x0067
mem[X,0x00000000800017D2] -> 0x0005
[2301] [M]: 0x00000000800017D0 (0x00050067) jalr x0, 0x0(x10)                       common_Mhandler+16

clint mtime 0x000000000000047F (mip.MTI <- 0b1, mip.STI <- 0b0)
mem[X,0x00000000800017D4] -> 0x3C23
mem[X,0x00000000800017D6] -> 0x2691
[2302] [M]: 0x00000000800017D4 (0x26913C23) sd x9, 0x278(x2)                        common_Mentry+0
mem[W,0x0000000080004278] <- 0x0000000100000148

mem[X,0x00000000800017D8] -> 0x3823
mem[X,0x00000000800017DA] -> 0x2681
[2303] [M]: 0x00000000800017D8 (0x26813823) sd x8, 0x270(x2)                        common_Mentry+4
mem[W,0x0000000080004270] <- 0x0000000000007F76

clint mtime 0x0000000000000480 (mip.MTI <- 0b1, mip.STI <- 0b0)
mem[X,0x00000000800017DC] -> 0x3423
mem[X,0x00000000800017DE] -> 0x2671
[2304] [M]: 0x00000000800017DC (0x26713423) sd x7, 0x268(x2)                        common_Mentry+8
mem[W,0x0000000080004268] <- 0x0000000080004000

mem[X,0x00000000800017E0] -> 0x3023
mem[X,0x00000000800017E2] -> 0x2661
[2305] [M]: 0x00000000800017E0 (0x26613023) sd x6, 0x260(x2)                        common_Mentry+12
mem[W,0x0000000080004260] <- 0xFFFFFFFF7FFFF32C

clint mtime 0x0000000000000481 (mip.MTI <- 0b1, mip.STI <- 0b0)
mem[X,0x00000000800017E4] -> 0x2573
mem[X,0x00000000800017E6] -> 0x3420
[2306] [M]: 0x00000000800017E4 (0x34202573) csrrs x10, mcause, x0                   spcl_M2mmode_test+0
CSR mcause (0x342) -> 0x0000000000000009
x10 <- 0x0000000000000009

mem[X,0x00000000800017E8] -> 0x04B7
mem[X,0x00000000800017EA] -> 0x8000
[2307] [M]: 0x00000000800017E8 (0x800004B7) lui x9, -0x80000                        spcl_M2mmode_test+4
x9 <- 0xFFFFFFFF80000000

clint mtime 0x0000000000000482 (mip.MTI <- 0b1, mip.STI <- 0b0)
mem[X,0x00000000800017EC] -> 0x8493
mem[X,0x00000000800017EE] -> 0x0004
[2308] [M]: 0x00000000800017EC (0x00048493) addi x9, x9, 0x0                        spcl_M2mmode_test+8
x9 <- 0xFFFFFFFF80000000

mem[X,0x00000000800017F0] -> 0x9493
mem[X,0x00000000800017F2] -> 0x00B4
[2309] [M]: 0x00000000800017F0 (0x00B49493) slli x9, x9, 0xb                        spcl_M2mmode_test+12
x9 <- 0xFFFFFC0000000000

clint mtime 0x0000000000000483 (mip.MTI <- 0b1, mip.STI <- 0b0)
mem[X,0x00000000800017F4] -> 0x8493
mem[X,0x00000000800017F6] -> 0x0004
[2310] [M]: 0x00000000800017F4 (0x00048493) addi x9, x9, 0x0                        spcl_M2mmode_test+16
x9 <- 0xFFFFFC0000000000

mem[X,0x00000000800017F8] -> 0x9493
mem[X,0x00000000800017FA] -> 0x00B4
[2311] [M]: 0x00000000800017F8 (0x00B49493) slli x9, x9, 0xb                        spcl_M2mmode_test+20
x9 <- 0xFFE0000000000000

clint mtime 0x0000000000000484 (mip.MTI <- 0b1, mip.STI <- 0b0)
mem[X,0x00000000800017FC] -> 0x8493
mem[X,0x00000000800017FE] -> 0x0034
[2312] [M]: 0x00000000800017FC (0x00348493) addi x9, x9, 0x3                        spcl_M2mmode_test+24
x9 <- 0xFFE0000000000003

mem[X,0x0000000080001800] -> 0x9493
mem[X,0x0000000080001802] -> 0x00A4
[2313] [M]: 0x0000000080001800 (0x00A49493) slli x9, x9, 0xa                        spcl_M2mmode_test+28
x9 <- 0x8000000000000C00

clint mtime 0x0000000000000485 (mip.MTI <- 0b1, mip.STI <- 0b0)
mem[X,0x0000000080001804] -> 0x8493
mem[X,0x0000000080001806] -> 0x3FC4
[2314] [M]: 0x0000000080001804 (0x3FC48493) addi x9, x9, 0x3fc                      spcl_M2mmode_test+32
x9 <- 0x8000000000000FFC

mem[X,0x0000000080001808] -> 0xF4B3
mem[X,0x000000008000180A] -> 0x00A4
[2315] [M]: 0x0000000080001808 (0x00A4F4B3) and x9, x9, x10                         spcl_M2mmode_test+36
x9 <- 0x0000000000000008

clint mtime 0x0000000000000486 (mip.MTI <- 0b1, mip.STI <- 0b0)
mem[X,0x000000008000180C] -> 0x8493
mem[X,0x000000008000180E] -> 0xFF84
[2316] [M]: 0x000000008000180C (0xFF848493) addi x9, x9, -0x8                       spcl_M2mmode_test+40
x9 <- 0x0000000000000000

mem[X,0x0000000080001810] -> 0x9663
mem[X,0x0000000080001812] -> 0x0004
[2317] [M]: 0x0000000080001810 (0x00049663) bne x9, x0, 0xc                         spcl_M2mmode_test+44

clint mtime 0x0000000000000487 (mip.MTI <- 0b1, mip.STI <- 0b0)
mem[X,0x0000000080001814] -> 0x3383
mem[X,0x0000000080001816] -> 0x2901
[2318] [M]: 0x0000000080001814 (0x29013383) ld x7, 0x290(x2)                        spcl_M2mmode_test+48
mem[R,0x0000000080004290] -> 0x0000000000000000
x7 <- 0x0000000000000000

mem[X,0x0000000080001818] -> 0x8663
mem[X,0x000000008000181A] -> 0x6E03
[2319] [M]: 0x0000000080001818 (0x6E038663) beq x7, x0, 0x6ec                       spcl_M2mmode_test+52

clint mtime 0x0000000000000488 (mip.MTI <- 0b1, mip.STI <- 0b0)
mem[X,0x0000000080001F04] -> 0x0493
mem[X,0x0000000080001F06] -> 0xFF55
[2320] [M]: 0x0000000080001F04 (0xFF550493) addi x9, x10, -0xb                      rtn2mmode+0
x9 <- 0xFFFFFFFFFFFFFFFE

mem[X,0x0000000080001F08] -> 0x8C63
mem[X,0x0000000080001F0A] -> 0x0004
[2321] [M]: 0x0000000080001F08 (0x00048C63) beq x9, x0, 0x18                        rtn2mmode+4

clint mtime 0x0000000000000489 (mip.MTI <- 0b1, mip.STI <- 0b0)
mem[X,0x0000000080001F0C] -> 0x3583
mem[X,0x0000000080001F0E] -> 0x4701
[2322] [M]: 0x0000000080001F0C (0x47013583) ld x11, 0x470(x2)                       rtn2mmode+8
mem[R,0x0000000080004470] -> 0x00000001800007DC
x11 <- 0x00000001800007DC

mem[X,0x0000000080001F10] -> 0xD463
mem[X,0x0000000080001F12] -> 0x0003
[2323] [M]: 0x0000000080001F10 (0x0003D463) bge x7, x0, 0x8                         rtn2mmode+12

clint mtime 0x000000000000048A (mip.MTI <- 0b1, mip.STI <- 0b0)
mem[X,0x0000000080001F18] -> 0x3483
mem[X,0x0000000080001F1A] -> 0x1D81
[2324] [M]: 0x0000000080001F18 (0x1D813483) ld x9, 0x1d8(x2)                        from_u_s+0
mem[R,0x00000000800041D8] -> 0x00000000800007F4
x9 <- 0x00000000800007F4

mem[X,0x0000000080001F1C] -> 0x84B3
mem[X,0x0000000080001F1E] -> 0x40B4
[2325] [M]: 0x0000000080001F1C (0x40B484B3) sub x9, x9, x11                         from_u_s+4
x9 <- 0xFFFFFFFF00000018

clint mtime 0x000000000000048B (mip.MTI <- 0b1, mip.STI <- 0b0)
mem[X,0x0000000080001F20] -> 0x23F3
mem[X,0x0000000080001F22] -> 0x3410
[2326] [M]: 0x0000000080001F20 (0x341023F3) csrrs x7, mepc, x0                      rtn_fm_mmode+0
CSR mepc (0x341) -> 0x0000000180000E9C
x7 <- 0x0000000180000E9C

mem[X,0x0000000080001F24] -> 0x83B3
mem[X,0x0000000080001F26] -> 0x0093
[2327] [M]: 0x0000000080001F24 (0x009383B3) add x7, x7, x9                          rtn_fm_mmode+4
x7 <- 0x0000000080000EB4

clint mtime 0x000000000000048C (mip.MTI <- 0b1, mip.STI <- 0b0)
mem[X,0x0000000080001F28] -> 0x3303
mem[X,0x0000000080001F2A] -> 0x2601
[2328] [M]: 0x0000000080001F28 (0x26013303) ld x6, 0x260(x2)                        rtn_fm_mmode+8
mem[R,0x0000000080004260] -> 0xFFFFFFFF7FFFF32C
x6 <- 0xFFFFFFFF7FFFF32C

mem[X,0x0000000080001F2C] -> 0x3403
mem[X,0x0000000080001F2E] -> 0x2701
[2329] [M]: 0x0000000080001F2C (0x27013403) ld x8, 0x270(x2)                        rtn_fm_mmode+12
mem[R,0x0000000080004270] -> 0x0000000000007F76
x8 <- 0x0000000000007F76

clint mtime 0x000000000000048D (mip.MTI <- 0b1, mip.STI <- 0b0)
mem[X,0x0000000080001F30] -> 0x3483
mem[X,0x0000000080001F32] -> 0x2781
[2330] [M]: 0x0000000080001F30 (0x27813483) ld x9, 0x278(x2)                        rtn_fm_mmode+16
mem[R,0x0000000080004278] -> 0x0000000100000148
x9 <- 0x0000000100000148

mem[X,0x0000000080001F34] -> 0x3503
mem[X,0x0000000080001F36] -> 0x2801
[2331] [M]: 0x0000000080001F34 (0x28013503) ld x10, 0x280(x2)                       rtn_fm_mmode+20
mem[R,0x0000000080004280] -> 0x00000000200000CD
x10 <- 0x00000000200000CD

clint mtime 0x000000000000048E (mip.MTI <- 0b1, mip.STI <- 0b0)
mem[X,0x0000000080001F38] -> 0x3583
mem[X,0x0000000080001F3A] -> 0x2881
[2332] [M]: 0x0000000080001F38 (0x28813583) ld x11, 0x288(x2)                       rtn_fm_mmode+24
mem[R,0x0000000080004288] -> 0x00000000000000CD
x11 <- 0x00000000000000CD

mem[X,0x0000000080001F3C] -> 0x3103
mem[X,0x0000000080001F3E] -> 0x2901
[2333] [M]: 0x0000000080001F3C (0x29013103) ld x2, 0x290(x2)                        rtn_fm_mmode+28
mem[R,0x0000000080004290] -> 0x0000000000000000
x2 <- 0x0000000000000000

clint mtime 0x000000000000048F (mip.MTI <- 0b1, mip.STI <- 0b0)
mem[X,0x0000000080001F40] -> 0x8067
mem[X,0x0000000080001F42] -> 0x0043
[2334] [M]: 0x0000000080001F40 (0x00438067) jalr x0, 0x4(x7)                        rtn_fm_mmode+32

mem[X,0x0000000080000EB8] -> 0x0013
mem[X,0x0000000080000EBA] -> 0x0000
[2335] [M]: 0x0000000080000EB8 (0x00000013) addi x0, x0, 0x0                        main+1688

clint mtime 0x0000000000000490 (mip.MTI <- 0b1, mip.STI <- 0b0)
mem[X,0x0000000080000EBC] -> 0x0013
mem[X,0x0000000080000EBE] -> 0x0000
[2336] [M]: 0x0000000080000EBC (0x00000013) addi x0, x0, 0x0                        main+1692

mem[X,0x0000000080000EC0] -> 0x5517
mem[X,0x0000000080000EC2] -> 0x0000
[2337] [M]: 0x0000000080000EC0 (0x00005517) auipc x10, 0x5                          main+1696
x10 <- 0x0000000080005EC0

clint mtime 0x0000000000000491 (mip.MTI <- 0b1, mip.STI <- 0b0)
mem[X,0x0000000080000EC4] -> 0x0513
mem[X,0x0000000080000EC6] -> 0x1405
[2338] [M]: 0x0000000080000EC4 (0x14050513) addi x10, x10, 0x140                    main+1700
x10 <- 0x0000000080006000

mem[X,0x0000000080000EC8] -> 0x0001
[2339] [M]: 0x0000000080000EC8 (0x0001) c.nop                                       main+1704

clint mtime 0x0000000000000492 (mip.MTI <- 0b1, mip.STI <- 0b0)
mem[X,0x0000000080000ECA] -> 0x0013
mem[X,0x0000000080000ECC] -> 0x0000
[2340] [M]: 0x0000000080000ECA (0x00000013) addi x0, x0, 0x0                        main+1706

mem[X,0x0000000080000ECE] -> 0x0013
mem[X,0x0000000080000ED0] -> 0x0000
[2341] [M]: 0x0000000080000ECE (0x00000013) addi x0, x0, 0x0                        main+1710

clint mtime 0x0000000000000493 (mip.MTI <- 0b1, mip.STI <- 0b0)
mem[X,0x0000000080000ED2] -> 0x0013
mem[X,0x0000000080000ED4] -> 0x0000
[2342] [M]: 0x0000000080000ED2 (0x00000013) addi x0, x0, 0x0                        main+1714

mem[X,0x0000000080000ED6] -> 0x0013
mem[X,0x0000000080000ED8] -> 0x0000
[2343] [M]: 0x0000000080000ED6 (0x00000013) addi x0, x0, 0x0                        main+1718

clint mtime 0x0000000000000494 (mip.MTI <- 0b1, mip.STI <- 0b0)
mem[X,0x0000000080000EDA] -> 0x0013
mem[X,0x0000000080000EDC] -> 0x0000
[2344] [M]: 0x0000000080000EDA (0x00000013) addi x0, x0, 0x0                        main+1722

mem[X,0x0000000080000EDE] -> 0x0001
[2345] [M]: 0x0000000080000EDE (0x0001) c.nop                                       main+1726

clint mtime 0x0000000000000495 (mip.MTI <- 0b1, mip.STI <- 0b0)
mem[X,0x0000000080000EE0] -> 0x0593
mem[X,0x0000000080000EE2] -> 0x0010
[2346] [M]: 0x0000000080000EE0 (0x00100593) addi x11, x0, 0x1                       main+1728
x11 <- 0x0000000000000001

mem[X,0x0000000080000EE4] -> 0x5513
mem[X,0x0000000080000EE6] -> 0x00C5
[2347] [M]: 0x0000000080000EE4 (0x00C55513) srli x10, x10, 0xc                      main+1732
x10 <- 0x0000000000080006

clint mtime 0x0000000000000496 (mip.MTI <- 0b1, mip.STI <- 0b0)
mem[X,0x0000000080000EE8] -> 0x1513
mem[X,0x0000000080000EEA] -> 0x00A5
[2348] [M]: 0x0000000080000EE8 (0x00A51513) slli x10, x10, 0xa                      main+1736
x10 <- 0x0000000020001800

mem[X,0x0000000080000EEC] -> 0x6533
mem[X,0x0000000080000EEE] -> 0x00B5
[2349] [M]: 0x0000000080000EEC (0x00B56533) or x10, x10, x11                        main+1740
x10 <- 0x0000000020001801

clint mtime 0x0000000000000497 (mip.MTI <- 0b1, mip.STI <- 0b0)
mem[X,0x0000000080000EF0] -> 0x0013
mem[X,0x0000000080000EF2] -> 0x0000
[2350] [M]: 0x0000000080000EF0 (0x00000013) addi x0, x0, 0x0                        main+1744

mem[X,0x0000000080000EF4] -> 0x0013
mem[X,0x0000000080000EF6] -> 0x0000
[2351] [M]: 0x0000000080000EF4 (0x00000013) addi x0, x0, 0x0                        main+1748

clint mtime 0x0000000000000498 (mip.MTI <- 0b1, mip.STI <- 0b0)
mem[X,0x0000000080000EF8] -> 0x0013
mem[X,0x0000000080000EFA] -> 0x0000
[2352] [M]: 0x0000000080000EF8 (0x00000013) addi x0, x0, 0x0                        main+1752

mem[X,0x0000000080000EFC] -> 0x0013
mem[X,0x0000000080000EFE] -> 0x0000
[2353] [M]: 0x0000000080000EFC (0x00000013) addi x0, x0, 0x0                        main+1756

clint mtime 0x0000000000000499 (mip.MTI <- 0b1, mip.STI <- 0b0)
mem[X,0x0000000080000F00] -> 0x6317
mem[X,0x0000000080000F02] -> 0x0000
[2354] [M]: 0x0000000080000F00 (0x00006317) auipc x6, 0x6                           main+1760
x6 <- 0x0000000080006F00

mem[X,0x0000000080000F04] -> 0x0313
mem[X,0x0000000080000F06] -> 0x1003
[2355] [M]: 0x0000000080000F04 (0x10030313) addi x6, x6, 0x100                      main+1764
x6 <- 0x0000000080007000

clint mtime 0x000000000000049A (mip.MTI <- 0b1, mip.STI <- 0b0)
mem[X,0x0000000080000F08] -> 0x0001
[2356] [M]: 0x0000000080000F08 (0x0001) c.nop                                       main+1768

mem[X,0x0000000080000F0A] -> 0x0013
mem[X,0x0000000080000F0C] -> 0x0000
[2357] [M]: 0x0000000080000F0A (0x00000013) addi x0, x0, 0x0                        main+1770

clint mtime 0x000000000000049B (mip.MTI <- 0b1, mip.STI <- 0b0)
mem[X,0x0000000080000F0E] -> 0x0013
mem[X,0x0000000080000F10] -> 0x0000
[2358] [M]: 0x0000000080000F0E (0x00000013) addi x0, x0, 0x0                        main+1774

mem[X,0x0000000080000F12] -> 0x0013
mem[X,0x0000000080000F14] -> 0x0000
[2359] [M]: 0x0000000080000F12 (0x00000013) addi x0, x0, 0x0                        main+1778

clint mtime 0x000000000000049C (mip.MTI <- 0b1, mip.STI <- 0b0)
mem[X,0x0000000080000F16] -> 0x0013
mem[X,0x0000000080000F18] -> 0x0000
[2360] [M]: 0x0000000080000F16 (0x00000013) addi x0, x0, 0x0                        main+1782

mem[X,0x0000000080000F1A] -> 0x0013
mem[X,0x0000000080000F1C] -> 0x0000
[2361] [M]: 0x0000000080000F1A (0x00000013) addi x0, x0, 0x0                        main+1786

clint mtime 0x000000000000049D (mip.MTI <- 0b1, mip.STI <- 0b0)
mem[X,0x0000000080000F1E] -> 0x0001
[2362] [M]: 0x0000000080000F1E (0x0001) c.nop                                       main+1790

mem[X,0x0000000080000F20] -> 0x0293
mem[X,0x0000000080000F22] -> 0x0280
[2363] [M]: 0x0000000080000F20 (0x02800293) addi x5, x0, 0x28                       main+1792
x5 <- 0x0000000000000028

clint mtime 0x000000000000049E (mip.MTI <- 0b1, mip.STI <- 0b0)
mem[X,0x0000000080000F24] -> 0x0333
mem[X,0x0000000080000F26] -> 0x0053
[2364] [M]: 0x0000000080000F24 (0x00530333) add x6, x6, x5                          main+1796
x6 <- 0x0000000080007028

mem[X,0x0000000080000F28] -> 0x3023
mem[X,0x0000000080000F2A] -> 0x00A3
[2365] [M]: 0x0000000080000F28 (0x00A33023) sd x10, 0x0(x6)                         main+1800
mem[W,0x0000000080007028] <- 0x0000000020001801

clint mtime 0x000000000000049F (mip.MTI <- 0b1, mip.STI <- 0b0)
mem[X,0x0000000080000F2C] -> 0x0013
mem[X,0x0000000080000F2E] -> 0x0000
[2366] [M]: 0x0000000080000F2C (0x00000013) addi x0, x0, 0x0                        main+1804

mem[X,0x0000000080000F30] -> 0x0013
mem[X,0x0000000080000F32] -> 0x0000
[2367] [M]: 0x0000000080000F30 (0x00000013) addi x0, x0, 0x0                        main+1808

clint mtime 0x00000000000004A0 (mip.MTI <- 0b1, mip.STI <- 0b0)
mem[X,0x0000000080000F34] -> 0x0013
mem[X,0x0000000080000F36] -> 0x0000
[2368] [M]: 0x0000000080000F34 (0x00000013) addi x0, x0, 0x0                        main+1812

mem[X,0x0000000080000F38] -> 0x0013
mem[X,0x0000000080000F3A] -> 0x0000
[2369] [M]: 0x0000000080000F38 (0x00000013) addi x0, x0, 0x0                        main+1816

clint mtime 0x00000000000004A1 (mip.MTI <- 0b1, mip.STI <- 0b0)
mem[X,0x0000000080000F3C] -> 0x0013
mem[X,0x0000000080000F3E] -> 0x0000
[2370] [M]: 0x0000000080000F3C (0x00000013) addi x0, x0, 0x0                        main+1820

mem[X,0x0000000080000F40] -> 0xF517
mem[X,0x0000000080000F42] -> 0xFFFF
[2371] [M]: 0x0000000080000F40 (0xFFFFF517) auipc x10, -0x1                         main+1824
x10 <- 0x000000007FFFFF40

clint mtime 0x00000000000004A2 (mip.MTI <- 0b1, mip.STI <- 0b0)
mem[X,0x0000000080000F44] -> 0x0513
mem[X,0x0000000080000F46] -> 0x4C45
[2372] [M]: 0x0000000080000F44 (0x4C450513) addi x10, x10, 0x4c4                    main+1828
x10 <- 0x0000000080000404

mem[X,0x0000000080000F48] -> 0x0001
[2373] [M]: 0x0000000080000F48 (0x0001) c.nop                                       main+1832

clint mtime 0x00000000000004A3 (mip.MTI <- 0b1, mip.STI <- 0b0)
mem[X,0x0000000080000F4A] -> 0x0013
mem[X,0x0000000080000F4C] -> 0x0000
[2374] [M]: 0x0000000080000F4A (0x00000013) addi x0, x0, 0x0                        main+1834

mem[X,0x0000000080000F4E] -> 0x0013
mem[X,0x0000000080000F50] -> 0x0000
[2375] [M]: 0x0000000080000F4E (0x00000013) addi x0, x0, 0x0                        main+1838

clint mtime 0x00000000000004A4 (mip.MTI <- 0b1, mip.STI <- 0b0)
mem[X,0x0000000080000F52] -> 0x0013
mem[X,0x0000000080000F54] -> 0x0000
[2376] [M]: 0x0000000080000F52 (0x00000013) addi x0, x0, 0x0                        main+1842

mem[X,0x0000000080000F56] -> 0x0013
mem[X,0x0000000080000F58] -> 0x0000
[2377] [M]: 0x0000000080000F56 (0x00000013) addi x0, x0, 0x0                        main+1846

clint mtime 0x00000000000004A5 (mip.MTI <- 0b1, mip.STI <- 0b0)
mem[X,0x0000000080000F5A] -> 0x0013
mem[X,0x0000000080000F5C] -> 0x0000
[2378] [M]: 0x0000000080000F5A (0x00000013) addi x0, x0, 0x0                        main+1850

mem[X,0x0000000080000F5E] -> 0x0001
[2379] [M]: 0x0000000080000F5E (0x0001) c.nop                                       main+1854

clint mtime 0x00000000000004A6 (mip.MTI <- 0b1, mip.STI <- 0b0)
mem[X,0x0000000080000F60] -> 0x0593
mem[X,0x0000000080000F62] -> 0x0C50
[2380] [M]: 0x0000000080000F60 (0x0C500593) addi x11, x0, 0xc5                      main+1856
x11 <- 0x00000000000000C5

mem[X,0x0000000080000F64] -> 0x5513
mem[X,0x0000000080000F66] -> 0x00C5
[2381] [M]: 0x0000000080000F64 (0x00C55513) srli x10, x10, 0xc                      main+1860
x10 <- 0x0000000000080000

clint mtime 0x00000000000004A7 (mip.MTI <- 0b1, mip.STI <- 0b0)
mem[X,0x0000000080000F68] -> 0x1513
mem[X,0x0000000080000F6A] -> 0x00A5
[2382] [M]: 0x0000000080000F68 (0x00A51513) slli x10, x10, 0xa                      main+1864
x10 <- 0x0000000020000000

mem[X,0x0000000080000F6C] -> 0x6533
mem[X,0x0000000080000F6E] -> 0x00B5
[2383] [M]: 0x0000000080000F6C (0x00B56533) or x10, x10, x11                        main+1868
x10 <- 0x00000000200000C5

clint mtime 0x00000000000004A8 (mip.MTI <- 0b1, mip.STI <- 0b0)
mem[X,0x0000000080000F70] -> 0x0013
mem[X,0x0000000080000F72] -> 0x0000
[2384] [M]: 0x0000000080000F70 (0x00000013) addi x0, x0, 0x0                        main+1872

mem[X,0x0000000080000F74] -> 0x0013
mem[X,0x0000000080000F76] -> 0x0000
[2385] [M]: 0x0000000080000F74 (0x00000013) addi x0, x0, 0x0                        main+1876

clint mtime 0x00000000000004A9 (mip.MTI <- 0b1, mip.STI <- 0b0)
mem[X,0x0000000080000F78] -> 0x0013
mem[X,0x0000000080000F7A] -> 0x0000
[2386] [M]: 0x0000000080000F78 (0x00000013) addi x0, x0, 0x0                        main+1880

mem[X,0x0000000080000F7C] -> 0x0013
mem[X,0x0000000080000F7E] -> 0x0000
[2387] [M]: 0x0000000080000F7C (0x00000013) addi x0, x0, 0x0                        main+1884

clint mtime 0x00000000000004AA (mip.MTI <- 0b1, mip.STI <- 0b0)
mem[X,0x0000000080000F80] -> 0x5317
mem[X,0x0000000080000F82] -> 0x0000
[2388] [M]: 0x0000000080000F80 (0x00005317) auipc x6, 0x5                           main+1888
x6 <- 0x0000000080005F80

mem[X,0x0000000080000F84] -> 0x0313
mem[X,0x0000000080000F86] -> 0x0803
[2389] [M]: 0x0000000080000F84 (0x08030313) addi x6, x6, 0x80                       main+1892
x6 <- 0x0000000080006000

clint mtime 0x00000000000004AB (mip.MTI <- 0b1, mip.STI <- 0b0)
mem[X,0x0000000080000F88] -> 0x0001
[2390] [M]: 0x0000000080000F88 (0x0001) c.nop                                       main+1896

mem[X,0x0000000080000F8A] -> 0x0013
mem[X,0x0000000080000F8C] -> 0x0000
[2391] [M]: 0x0000000080000F8A (0x00000013) addi x0, x0, 0x0                        main+1898

clint mtime 0x00000000000004AC (mip.MTI <- 0b1, mip.STI <- 0b0)
mem[X,0x0000000080000F8E] -> 0x0013
mem[X,0x0000000080000F90] -> 0x0000
[2392] [M]: 0x0000000080000F8E (0x00000013) addi x0, x0, 0x0                        main+1902

mem[X,0x0000000080000F92] -> 0x0013
mem[X,0x0000000080000F94] -> 0x0000
[2393] [M]: 0x0000000080000F92 (0x00000013) addi x0, x0, 0x0                        main+1906

clint mtime 0x00000000000004AD (mip.MTI <- 0b1, mip.STI <- 0b0)
mem[X,0x0000000080000F96] -> 0x0013
mem[X,0x0000000080000F98] -> 0x0000
[2394] [M]: 0x0000000080000F96 (0x00000013) addi x0, x0, 0x0                        main+1910

mem[X,0x0000000080000F9A] -> 0x0013
mem[X,0x0000000080000F9C] -> 0x0000
[2395] [M]: 0x0000000080000F9A (0x00000013) addi x0, x0, 0x0                        main+1914

clint mtime 0x00000000000004AE (mip.MTI <- 0b1, mip.STI <- 0b0)
mem[X,0x0000000080000F9E] -> 0x0001
[2396] [M]: 0x0000000080000F9E (0x0001) c.nop                                       main+1918

mem[X,0x0000000080000FA0] -> 0x0293
mem[X,0x0000000080000FA2] -> 0x0000
[2397] [M]: 0x0000000080000FA0 (0x00000293) addi x5, x0, 0x0                        main+1920
x5 <- 0x0000000000000000

clint mtime 0x00000000000004AF (mip.MTI <- 0b1, mip.STI <- 0b0)
mem[X,0x0000000080000FA4] -> 0x0333
mem[X,0x0000000080000FA6] -> 0x0053
[2398] [M]: 0x0000000080000FA4 (0x00530333) add x6, x6, x5                          main+1924
x6 <- 0x0000000080006000

mem[X,0x0000000080000FA8] -> 0x3023
mem[X,0x0000000080000FAA] -> 0x00A3
[2399] [M]: 0x0000000080000FA8 (0x00A33023) sd x10, 0x0(x6)                         main+1928
mem[W,0x0000000080006000] <- 0x00000000200000C5

clint mtime 0x00000000000004B0 (mip.MTI <- 0b1, mip.STI <- 0b0)
mem[X,0x0000000080000FAC] -> 0x0073
mem[X,0x0000000080000FAE] -> 0x1200
[2400] [M]: 0x0000000080000FAC (0x12000073) sfence.vma x0, x0                       main+1932

mem[X,0x0000000080000FB0] -> 0x0493
mem[X,0x0000000080000FB2] -> 0x0010
[2401] [M]: 0x0000000080000FB0 (0x00100493) addi x9, x0, 0x1                        main+1936
x9 <- 0x0000000000000001

clint mtime 0x00000000000004B1 (mip.MTI <- 0b1, mip.STI <- 0b0)
mem[X,0x0000000080000FB4] -> 0x9493
mem[X,0x0000000080000FB6] -> 0x00B4
[2402] [M]: 0x0000000080000FB4 (0x00B49493) slli x9, x9, 0xb                        main+1940
x9 <- 0x0000000000000800

mem[X,0x0000000080000FB8] -> 0xB073
mem[X,0x0000000080000FBA] -> 0x3004
[2403] [M]: 0x0000000080000FB8 (0x3004B073) csrrc x0, mstatus, x9                   main+1944
CSR mstatus (0x300) <- 0x0000000A00000000

clint mtime 0x00000000000004B2 (mip.MTI <- 0b1, mip.STI <- 0b0)
mem[X,0x0000000080000FBC] -> 0x0493
mem[X,0x0000000080000FBE] -> 0x0010
[2404] [M]: 0x0000000080000FBC (0x00100493) addi x9, x0, 0x1                        main+1948
x9 <- 0x0000000000000001

mem[X,0x0000000080000FC0] -> 0x9493
mem[X,0x0000000080000FC2] -> 0x00B4
[2405] [M]: 0x0000000080000FC0 (0x00B49493) slli x9, x9, 0xb                        main+1952
x9 <- 0x0000000000000800

clint mtime 0x00000000000004B3 (mip.MTI <- 0b1, mip.STI <- 0b0)
mem[X,0x0000000080000FC4] -> 0xA073
mem[X,0x0000000080000FC6] -> 0x3004
[2406] [M]: 0x0000000080000FC4 (0x3004A073) csrrs x0, mstatus, x9                   main+1956
CSR mstatus (0x300) <- 0x0000000A00000800

mem[X,0x0000000080000FC8] -> 0x23F3
mem[X,0x0000000080000FCA] -> 0x3400
[2407] [M]: 0x0000000080000FC8 (0x340023F3) csrrs x7, mscratch, x0                  main+1960
CSR mscratch (0x340) -> 0x0000000080004000
x7 <- 0x0000000080004000

clint mtime 0x00000000000004B4 (mip.MTI <- 0b1, mip.STI <- 0b0)
mem[X,0x0000000080000FCC] -> 0xB303
mem[X,0x0000000080000FCE] -> 0x4703
[2408] [M]: 0x0000000080000FCC (0x4703B303) ld x6, 0x470(x7)                        main+1964
mem[R,0x0000000080004470] -> 0x00000001800007DC
x6 <- 0x00000001800007DC

mem[X,0x0000000080000FD0] -> 0xB483
mem[X,0x0000000080000FD2] -> 0x1D83
[2409] [M]: 0x0000000080000FD0 (0x1D83B483) ld x9, 0x1d8(x7)                        main+1968
mem[R,0x00000000800041D8] -> 0x00000000800007F4
x9 <- 0x00000000800007F4

clint mtime 0x00000000000004B5 (mip.MTI <- 0b1, mip.STI <- 0b0)
mem[X,0x0000000080000FD4] -> 0x0333
mem[X,0x0000000080000FD6] -> 0x4093
[2410] [M]: 0x0000000080000FD4 (0x40930333) sub x6, x6, x9                          main+1972
x6 <- 0x00000000FFFFFFE8

mem[X,0x0000000080000FD8] -> 0x0313
mem[X,0x0000000080000FDA] -> 0x0103
[2411] [M]: 0x0000000080000FD8 (0x01030313) addi x6, x6, 0x10                       main+1976
x6 <- 0x00000000FFFFFFF8

clint mtime 0x00000000000004B6 (mip.MTI <- 0b1, mip.STI <- 0b0)
mem[X,0x0000000080000FDC] -> 0x0497
mem[X,0x0000000080000FDE] -> 0x0000
[2412] [M]: 0x0000000080000FDC (0x00000497) auipc x9, 0x0                           main+1980
x9 <- 0x0000000080000FDC

mem[X,0x0000000080000FE0] -> 0x84B3
mem[X,0x0000000080000FE2] -> 0x0064
[2413] [M]: 0x0000000080000FE0 (0x006484B3) add x9, x9, x6                          main+1984
x9 <- 0x0000000180000FD4

clint mtime 0x00000000000004B7 (mip.MTI <- 0b1, mip.STI <- 0b0)
mem[X,0x0000000080000FE4] -> 0x94F3
mem[X,0x0000000080000FE6] -> 0x3414
[2414] [M]: 0x0000000080000FE4 (0x341494F3) csrrw x9, mepc, x9                      main+1988
CSR mepc (0x341) <- 0x0000000180000FD4
x9 <- 0x0000000180000E9C

mem[X,0x0000000080000FE8] -> 0x0073
mem[X,0x0000000080000FEA] -> 0x3020
[2415] [M]: 0x0000000080000FE8 (0x30200073) mret                                    main+1992
CSR mstatus (0x300) <- 0x0000000A00000080
ret-ing from M to S

clint mtime 0x00000000000004B8 (mip.MTI <- 0b1, mip.STI <- 0b0)
PTW: Start, vpn=0x180000, access_type=X, privilege=Smem[R,0x0000000080007030] -> 0x00000000200000CB
PTW: Step, level=2, pte=0x200000CB, pte_addr=0x80007030
PTW: Success, final_ppn=0x80000, level=2mem[X,0x0000000080000FD4] -> 0x0333
mem[X,0x0000000080000FD6] -> 0x4093
[2416] [S]: 0x0000000180000FD4 (0x40930333) sub x6, x6, x9                          va_rvtest_code_begin+2040
x6 <- 0xFFFFFFFF7FFFF15C

mem[X,0x0000000080000FD8] -> 0x0313
mem[X,0x0000000080000FDA] -> 0x0103
[2417] [S]: 0x0000000180000FD8 (0x01030313) addi x6, x6, 0x10                       va_rvtest_code_begin+2044
x6 <- 0xFFFFFFFF7FFFF16C

clint mtime 0x00000000000004B9 (mip.MTI <- 0b1, mip.STI <- 0b0)
mem[X,0x0000000080000FDC] -> 0x0497
mem[X,0x0000000080000FDE] -> 0x0000
[2418] [S]: 0x0000000180000FDC (0x00000497) auipc x9, 0x0                           va_rvtest_code_begin+2048
x9 <- 0x0000000180000FDC

mem[X,0x0000000080000FE0] -> 0x84B3
mem[X,0x0000000080000FE2] -> 0x0064
[2419] [S]: 0x0000000180000FE0 (0x006484B3) add x9, x9, x6                          va_rvtest_code_begin+2052
x9 <- 0x0000000100000148

clint mtime 0x00000000000004BA (mip.MTI <- 0b1, mip.STI <- 0b0)
mem[X,0x0000000080000FE4] -> 0x94F3
mem[X,0x0000000080000FE6] -> 0x3414
[2420] [S]: 0x0000000180000FE4 (0x341494F3) csrrw x9, mepc, x9                      va_rvtest_code_begin+2056
trapping from S to M to handle illegal-instruction
handling exc#illegal-instruction at priv M with tval 0x00000000341494F3
CSR mstatus (0x300) <- 0x0000000A00000800
CSR mcause (0x342) <- 0x0000000000000002
CSR mtval (0x343) <- 0x00000000341494F3
CSR mepc (0x341) <- 0x0000000180000FE4

mem[X,0x0000000080001600] -> 0x006F
mem[X,0x0000000080001602] -> 0x1000
[2421] [M]: 0x0000000080001600 (0x1000006F) jal x0, 0x100                           Mtrampoline+0

clint mtime 0x00000000000004BB (mip.MTI <- 0b1, mip.STI <- 0b0)
mem[X,0x0000000080001700] -> 0x1173
mem[X,0x0000000080001702] -> 0x3401
[2422] [M]: 0x0000000080001700 (0x34011173) csrrw x2, mscratch, x2                  trap_Mhandler+0
CSR mscratch (0x340) <- 0x0000000000000000
x2 <- 0x0000000080004000

mem[X,0x0000000080001704] -> 0x3423
mem[X,0x0000000080001706] -> 0x28B1
[2423] [M]: 0x0000000080001704 (0x28B13423) sd x11, 0x288(x2)                       trap_Mhandler+4
mem[W,0x0000000080004288] <- 0x00000000000000C5

clint mtime 0x00000000000004BC (mip.MTI <- 0b1, mip.STI <- 0b0)
mem[X,0x0000000080001708] -> 0x05EF
mem[X,0x000000008000170A] -> 0x0B80
[2424] [M]: 0x0000000080001708 (0x0B8005EF) jal x11, 0xb8                           trap_Mhandler+8
x11 <- 0x000000008000170C

mem[X,0x00000000800017C0] -> 0x3023
mem[X,0x00000000800017C2] -> 0x28A1
[2425] [M]: 0x00000000800017C0 (0x28A13023) sd x10, 0x280(x2)                       common_Mhandler+0
mem[W,0x0000000080004280] <- 0x00000000200000C5

clint mtime 0x00000000000004BD (mip.MTI <- 0b1, mip.STI <- 0b0)
mem[X,0x00000000800017C4] -> 0x1573
mem[X,0x00000000800017C6] -> 0x3401
[2426] [M]: 0x00000000800017C4 (0x34011573) csrrw x10, mscratch, x2                 common_Mhandler+4
CSR mscratch (0x340) <- 0x0000000080004000
x10 <- 0x0000000000000000

mem[X,0x00000000800017C8] -> 0x3823
mem[X,0x00000000800017CA] -> 0x28A1
[2427] [M]: 0x00000000800017C8 (0x28A13823) sd x10, 0x290(x2)                       common_Mhandler+8
mem[W,0x0000000080004290] <- 0x0000000000000000

clint mtime 0x00000000000004BE (mip.MTI <- 0b1, mip.STI <- 0b0)
mem[X,0x00000000800017CC] -> 0x3503
mem[X,0x00000000800017CE] -> 0x2301
[2428] [M]: 0x00000000800017CC (0x23013503) ld x10, 0x230(x2)                       common_Mhandler+12
mem[R,0x0000000080004230] -> 0x00000000800017D4
x10 <- 0x00000000800017D4

mem[X,0x00000000800017D0] -> 0x0067
mem[X,0x00000000800017D2] -> 0x0005
[2429] [M]: 0x00000000800017D0 (0x00050067) jalr x0, 0x0(x10)                       common_Mhandler+16

clint mtime 0x00000000000004BF (mip.MTI <- 0b1, mip.STI <- 0b0)
mem[X,0x00000000800017D4] -> 0x3C23
mem[X,0x00000000800017D6] -> 0x2691
[2430] [M]: 0x00000000800017D4 (0x26913C23) sd x9, 0x278(x2)                        common_Mentry+0
mem[W,0x0000000080004278] <- 0x0000000100000148

mem[X,0x00000000800017D8] -> 0x3823
mem[X,0x00000000800017DA] -> 0x2681
[2431] [M]: 0x00000000800017D8 (0x26813823) sd x8, 0x270(x2)                        common_Mentry+4
mem[W,0x0000000080004270] <- 0x0000000000007F76

clint mtime 0x00000000000004C0 (mip.MTI <- 0b1, mip.STI <- 0b0)
mem[X,0x00000000800017DC] -> 0x3423
mem[X,0x00000000800017DE] -> 0x2671
[2432] [M]: 0x00000000800017DC (0x26713423) sd x7, 0x268(x2)                        common_Mentry+8
mem[W,0x0000000080004268] <- 0x0000000080004000

mem[X,0x00000000800017E0] -> 0x3023
mem[X,0x00000000800017E2] -> 0x2661
[2433] [M]: 0x00000000800017E0 (0x26613023) sd x6, 0x260(x2)                        common_Mentry+12
mem[W,0x0000000080004260] <- 0xFFFFFFFF7FFFF16C

clint mtime 0x00000000000004C1 (mip.MTI <- 0b1, mip.STI <- 0b0)
mem[X,0x00000000800017E4] -> 0x2573
mem[X,0x00000000800017E6] -> 0x3420
[2434] [M]: 0x00000000800017E4 (0x34202573) csrrs x10, mcause, x0                   spcl_M2mmode_test+0
CSR mcause (0x342) -> 0x0000000000000002
x10 <- 0x0000000000000002

mem[X,0x00000000800017E8] -> 0x04B7
mem[X,0x00000000800017EA] -> 0x8000
[2435] [M]: 0x00000000800017E8 (0x800004B7) lui x9, -0x80000                        spcl_M2mmode_test+4
x9 <- 0xFFFFFFFF80000000

clint mtime 0x00000000000004C2 (mip.MTI <- 0b1, mip.STI <- 0b0)
mem[X,0x00000000800017EC] -> 0x8493
mem[X,0x00000000800017EE] -> 0x0004
[2436] [M]: 0x00000000800017EC (0x00048493) addi x9, x9, 0x0                        spcl_M2mmode_test+8
x9 <- 0xFFFFFFFF80000000

mem[X,0x00000000800017F0] -> 0x9493
mem[X,0x00000000800017F2] -> 0x00B4
[2437] [M]: 0x00000000800017F0 (0x00B49493) slli x9, x9, 0xb                        spcl_M2mmode_test+12
x9 <- 0xFFFFFC0000000000

clint mtime 0x00000000000004C3 (mip.MTI <- 0b1, mip.STI <- 0b0)
mem[X,0x00000000800017F4] -> 0x8493
mem[X,0x00000000800017F6] -> 0x0004
[2438] [M]: 0x00000000800017F4 (0x00048493) addi x9, x9, 0x0                        spcl_M2mmode_test+16
x9 <- 0xFFFFFC0000000000

mem[X,0x00000000800017F8] -> 0x9493
mem[X,0x00000000800017FA] -> 0x00B4
[2439] [M]: 0x00000000800017F8 (0x00B49493) slli x9, x9, 0xb                        spcl_M2mmode_test+20
x9 <- 0xFFE0000000000000

clint mtime 0x00000000000004C4 (mip.MTI <- 0b1, mip.STI <- 0b0)
mem[X,0x00000000800017FC] -> 0x8493
mem[X,0x00000000800017FE] -> 0x0034
[2440] [M]: 0x00000000800017FC (0x00348493) addi x9, x9, 0x3                        spcl_M2mmode_test+24
x9 <- 0xFFE0000000000003

mem[X,0x0000000080001800] -> 0x9493
mem[X,0x0000000080001802] -> 0x00A4
[2441] [M]: 0x0000000080001800 (0x00A49493) slli x9, x9, 0xa                        spcl_M2mmode_test+28
x9 <- 0x8000000000000C00

clint mtime 0x00000000000004C5 (mip.MTI <- 0b1, mip.STI <- 0b0)
mem[X,0x0000000080001804] -> 0x8493
mem[X,0x0000000080001806] -> 0x3FC4
[2442] [M]: 0x0000000080001804 (0x3FC48493) addi x9, x9, 0x3fc                      spcl_M2mmode_test+32
x9 <- 0x8000000000000FFC

mem[X,0x0000000080001808] -> 0xF4B3
mem[X,0x000000008000180A] -> 0x00A4
[2443] [M]: 0x0000000080001808 (0x00A4F4B3) and x9, x9, x10                         spcl_M2mmode_test+36
x9 <- 0x0000000000000000

clint mtime 0x00000000000004C6 (mip.MTI <- 0b1, mip.STI <- 0b0)
mem[X,0x000000008000180C] -> 0x8493
mem[X,0x000000008000180E] -> 0xFF84
[2444] [M]: 0x000000008000180C (0xFF848493) addi x9, x9, -0x8                       spcl_M2mmode_test+40
x9 <- 0xFFFFFFFFFFFFFFF8

mem[X,0x0000000080001810] -> 0x9663
mem[X,0x0000000080001812] -> 0x0004
[2445] [M]: 0x0000000080001810 (0x00049663) bne x9, x0, 0xc                         spcl_M2mmode_test+44

clint mtime 0x00000000000004C7 (mip.MTI <- 0b1, mip.STI <- 0b0)
mem[X,0x000000008000181C] -> 0x0393
mem[X,0x000000008000181E] -> 0x0200
[2446] [M]: 0x000000008000181C (0x02000393) addi x7, x0, 0x20                       Mtrapsig_ptr_upd+0
x7 <- 0x0000000000000020

mem[X,0x0000000080001820] -> 0x5263
mem[X,0x0000000080001822] -> 0x0405
[2447] [M]: 0x0000000080001820 (0x04055263) bge x10, x0, 0x44                       Mtrapsig_ptr_upd+4

clint mtime 0x00000000000004C8 (mip.MTI <- 0b1, mip.STI <- 0b0)
mem[X,0x0000000080001864] -> 0x2373
mem[X,0x0000000080001866] -> 0x3010
[2448] [M]: 0x0000000080001864 (0x30102373) csrrs x6, misa, x0                      Mxcpt_sig_sv+0
CSR misa (0x301) -> 0x800000000034112F
x6 <- 0x800000000034112F

mem[X,0x0000000080001868] -> 0x1313
mem[X,0x000000008000186A] -> 0x0383
[2449] [M]: 0x0000000080001868 (0x03831313) slli x6, x6, 0x38                       Mxcpt_sig_sv+4
x6 <- 0x2F00000000000000

clint mtime 0x00000000000004C9 (mip.MTI <- 0b1, mip.STI <- 0b0)
mem[X,0x000000008000186C] -> 0x5463
mem[X,0x000000008000186E] -> 0x0003
[2450] [M]: 0x000000008000186C (0x00035463) bge x6, x0, 0x8                         Mxcpt_sig_sv+8

mem[X,0x0000000080001874] -> 0x3303
mem[X,0x0000000080001876] -> 0x2181
[2451] [M]: 0x0000000080001874 (0x21813303) ld x6, 0x218(x2)                        Mtrap_sig_sv+0
mem[R,0x0000000080004218] -> 0x0000000080008698
x6 <- 0x0000000080008698

clint mtime 0x00000000000004CA (mip.MTI <- 0b1, mip.STI <- 0b0)
mem[X,0x0000000080001878] -> 0x04B3
mem[X,0x000000008000187A] -> 0x0073
[2452] [M]: 0x0000000080001878 (0x007304B3) add x9, x6, x7                          Mtrap_sig_sv+4
x9 <- 0x00000000800086B8

mem[X,0x000000008000187C] -> 0x3C23
mem[X,0x000000008000187E] -> 0x2091
[2453] [M]: 0x000000008000187C (0x20913C23) sd x9, 0x218(x2)                        Mtrap_sig_sv+8
mem[W,0x0000000080004218] <- 0x00000000800086B8

clint mtime 0x00000000000004CB (mip.MTI <- 0b1, mip.STI <- 0b0)
mem[X,0x0000000080001880] -> 0x3403
mem[X,0x0000000080001882] -> 0x1F81
[2454] [M]: 0x0000000080001880 (0x1F813403) ld x8, 0x1f8(x2)                        Mtrap_sig_sv+12
mem[R,0x00000000800041F8] -> 0x0000000080008110
x8 <- 0x0000000080008110

mem[X,0x0000000080001884] -> 0x0333
mem[X,0x0000000080001886] -> 0x4083
[2455] [M]: 0x0000000080001884 (0x40830333) sub x6, x6, x8                          Mtrap_sig_sv+16
x6 <- 0x0000000000000588

clint mtime 0x00000000000004CC (mip.MTI <- 0b1, mip.STI <- 0b0)
mem[X,0x0000000080001888] -> 0x3403
mem[X,0x000000008000188A] -> 0x1F81
[2456] [M]: 0x0000000080001888 (0x1F813403) ld x8, 0x1f8(x2)                        Mtrap_sig_sv+20
mem[R,0x00000000800041F8] -> 0x0000000080008110
x8 <- 0x0000000080008110

mem[X,0x000000008000188C] -> 0x0333
mem[X,0x000000008000188E] -> 0x0083
[2457] [M]: 0x000000008000188C (0x00830333) add x6, x6, x8                          Mtrap_sig_sv+24
x6 <- 0x0000000080008698

clint mtime 0x00000000000004CD (mip.MTI <- 0b1, mip.STI <- 0b0)
mem[X,0x0000000080001890] -> 0x3403
mem[X,0x0000000080001892] -> 0x2401
[2458] [M]: 0x0000000080001890 (0x24013403) ld x8, 0x240(x2)                        Mtrap_sig_sv+28
mem[R,0x0000000080004240] -> 0x0000000080001600
x8 <- 0x0000000080001600

mem[X,0x0000000080001894] -> 0x85B3
mem[X,0x0000000080001896] -> 0x4085
[2459] [M]: 0x0000000080001894 (0x408585B3) sub x11, x11, x8                        sv_Mvect+0
x11 <- 0x000000000000010C

clint mtime 0x00000000000004CE (mip.MTI <- 0b1, mip.STI <- 0b0)
mem[X,0x0000000080001898] -> 0x9593
mem[X,0x000000008000189A] -> 0x0045
[2460] [M]: 0x0000000080001898 (0x00459593) slli x11, x11, 0x4                      sv_Mvect+4
x11 <- 0x00000000000010C0

mem[X,0x000000008000189C] -> 0xE5B3
mem[X,0x000000008000189E] -> 0x0075
[2461] [M]: 0x000000008000189C (0x0075E5B3) or x11, x11, x7                         sv_Mvect+8
x11 <- 0x00000000000010E0

clint mtime 0x00000000000004CF (mip.MTI <- 0b1, mip.STI <- 0b0)
mem[X,0x00000000800018A0] -> 0x8593
mem[X,0x00000000800018A2] -> 0x0035
[2462] [M]: 0x00000000800018A0 (0x00358593) addi x11, x11, 0x3                      sv_Mvect+12
x11 <- 0x00000000000010E3

mem[X,0x00000000800018A4] -> 0x3023
mem[X,0x00000000800018A6] -> 0x00B3
[2463] [M]: 0x00000000800018A4 (0x00B33023) sd x11, 0x0(x6)                         sv_Mvect+16
mem[W,0x0000000080008698] <- 0x00000000000010E3

clint mtime 0x00000000000004D0 (mip.MTI <- 0b1, mip.STI <- 0b0)
mem[X,0x00000000800018A8] -> 0x3423
mem[X,0x00000000800018AA] -> 0x00A3
[2464] [M]: 0x00000000800018A8 (0x00A33423) sd x10, 0x8(x6)                         sv_Mcause+0
mem[W,0x00000000800086A0] <- 0x0000000000000002

mem[X,0x00000000800018AC] -> 0x4663
mem[X,0x00000000800018AE] -> 0x1A05
[2465] [M]: 0x00000000800018AC (0x1A054663) blt x10, x0, 0x1ac                      sv_Mcause+4

clint mtime 0x00000000000004D1 (mip.MTI <- 0b1, mip.STI <- 0b0)
mem[X,0x00000000800018B0] -> 0x25F3
mem[X,0x00000000800018B2] -> 0x3000
[2466] [M]: 0x00000000800018B0 (0x300025F3) csrrs x11, mstatus, x0                  common_Mexcpt_handler+0
CSR mstatus (0x300) -> 0x0000000A00000800
x11 <- 0x0000000A00000800

mem[X,0x00000000800018B4] -> 0x9413
mem[X,0x00000000800018B6] -> 0x02E5
[2467] [M]: 0x00000000800018B4 (0x02E59413) slli x8, x11, 0x2e                      common_Mexcpt_handler+4
x8 <- 0x0200000000000000

clint mtime 0x00000000000004D2 (mip.MTI <- 0b1, mip.STI <- 0b0)
mem[X,0x00000000800018B8] -> 0x5463
mem[X,0x00000000800018BA] -> 0x0004
[2468] [M]: 0x00000000800018B8 (0x00045463) bge x8, x0, 0x8                         common_Mexcpt_handler+8

mem[X,0x00000000800018C0] -> 0xD493
mem[X,0x00000000800018C2] -> 0x00B5
[2469] [M]: 0x00000000800018C0 (0x00B5D493) srli x9, x11, 0xb                       common_Mexcpt_handler+16
x9 <- 0x0000000001400001

clint mtime 0x00000000000004D3 (mip.MTI <- 0b1, mip.STI <- 0b0)
mem[X,0x00000000800018C4] -> 0xF493
mem[X,0x00000000800018C6] -> 0x0034
[2470] [M]: 0x00000000800018C4 (0x0034F493) andi x9, x9, 0x3                        common_Mexcpt_handler+20
x9 <- 0x0000000000000001

mem[X,0x00000000800018C8] -> 0x8493
mem[X,0x00000000800018CA] -> 0x0014
[2471] [M]: 0x00000000800018C8 (0x00148493) addi x9, x9, 0x1                        common_Mexcpt_handler+24
x9 <- 0x0000000000000002

clint mtime 0x00000000000004D4 (mip.MTI <- 0b1, mip.STI <- 0b0)
mem[X,0x00000000800018CC] -> 0xF493
mem[X,0x00000000800018CE] -> 0x0044
[2472] [M]: 0x00000000800018CC (0x0044F493) andi x9, x9, 0x4                        common_Mexcpt_handler+28
x9 <- 0x0000000000000000

mem[X,0x00000000800018D0] -> 0x0593
mem[X,0x00000000800018D2] -> 0x05D0
[2473] [M]: 0x00000000800018D0 (0x05D00593) addi x11, x0, 0x5d                      common_Mexcpt_handler+32
x11 <- 0x000000000000005D

clint mtime 0x00000000000004D5 (mip.MTI <- 0b1, mip.STI <- 0b0)
mem[X,0x00000000800018D4] -> 0xD5B3
mem[X,0x00000000800018D6] -> 0x0095
[2474] [M]: 0x00000000800018D4 (0x0095D5B3) srl x11, x11, x9                        common_Mexcpt_handler+36
x11 <- 0x000000000000005D

mem[X,0x00000000800018D8] -> 0xF593
mem[X,0x00000000800018DA] -> 0x0015
[2475] [M]: 0x00000000800018D8 (0x0015F593) andi x11, x11, 0x1                      common_Mexcpt_handler+40
x11 <- 0x0000000000000001

clint mtime 0x00000000000004D6 (mip.MTI <- 0b1, mip.STI <- 0b0)
mem[X,0x00000000800018DC] -> 0x8EE3
mem[X,0x00000000800018DE] -> 0xF405
[2476] [M]: 0x00000000800018DC (0xF4058EE3) beq x11, x0, -0xa4                      common_Mexcpt_handler+44

mem[X,0x00000000800018E0] -> 0x0593
mem[X,0x00000000800018E2] -> 0x2980
[2477] [M]: 0x00000000800018E0 (0x29800593) addi x11, x0, 0x298                     common_Mexcpt_handler+48
x11 <- 0x0000000000000298

clint mtime 0x00000000000004D7 (mip.MTI <- 0b1, mip.STI <- 0b0)
mem[X,0x00000000800018E4] -> 0xF413
mem[X,0x00000000800018E6] -> 0x0014
[2478] [M]: 0x00000000800018E4 (0x0014F413) andi x8, x9, 0x1                        common_Mexcpt_handler+52
x8 <- 0x0000000000000000

mem[X,0x00000000800018E8] -> 0x95B3
mem[X,0x00000000800018EA] -> 0x0085
[2479] [M]: 0x00000000800018E8 (0x008595B3) sll x11, x11, x8                        common_Mexcpt_handler+56
x11 <- 0x0000000000000298

clint mtime 0x00000000000004D8 (mip.MTI <- 0b1, mip.STI <- 0b0)
mem[X,0x00000000800018EC] -> 0x9413
mem[X,0x00000000800018EE] -> 0x03D4
[2480] [M]: 0x00000000800018EC (0x03D49413) slli x8, x9, 0x3d                       common_Mexcpt_handler+60
x8 <- 0x0000000000000000

mem[X,0x00000000800018F0] -> 0x5413
mem[X,0x00000000800018F2] -> 0x43F4
[2481] [M]: 0x00000000800018F0 (0x43F45413) srai x8, x8, 0x3f                       common_Mexcpt_handler+64
x8 <- 0x0000000000000000

clint mtime 0x00000000000004D9 (mip.MTI <- 0b1, mip.STI <- 0b0)
mem[X,0x00000000800018F4] -> 0x4413
mem[X,0x00000000800018F6] -> 0xFFF4
[2482] [M]: 0x00000000800018F4 (0xFFF44413) xori x8, x8, -0x1                       common_Mexcpt_handler+68
x8 <- 0xFFFFFFFFFFFFFFFF

mem[X,0x00000000800018F8] -> 0xF4B3
mem[X,0x00000000800018FA] -> 0x0085
[2483] [M]: 0x00000000800018F8 (0x0085F4B3) and x9, x11, x8                         common_Mexcpt_handler+72
x9 <- 0x0000000000000298

clint mtime 0x00000000000004DA (mip.MTI <- 0b1, mip.STI <- 0b0)
mem[X,0x00000000800018FC] -> 0x84B3
mem[X,0x00000000800018FE] -> 0x0024
[2484] [M]: 0x00000000800018FC (0x002484B3) add x9, x9, x2                          vmem_adj_Mepc+0
x9 <- 0x0000000080004298

mem[X,0x0000000080001900] -> 0x23F3
mem[X,0x0000000080001902] -> 0x3410
[2485] [M]: 0x0000000080001900 (0x341023F3) csrrs x7, mepc, x0                      vmem_adj_Mepc+4
CSR mepc (0x341) -> 0x0000000180000FE4
x7 <- 0x0000000180000FE4

clint mtime 0x00000000000004DB (mip.MTI <- 0b1, mip.STI <- 0b0)
mem[X,0x0000000080001904] -> 0x0413
mem[X,0x0000000080001906] -> 0x0004
[2486] [M]: 0x0000000080001904 (0x00040413) addi x8, x8, 0x0                        vmem_adj_Mepc+8
x8 <- 0xFFFFFFFFFFFFFFFF

mem[X,0x0000000080001908] -> 0x006F
mem[X,0x000000008000190A] -> 0x0400
[2487] [M]: 0x0000000080001908 (0x0400006F) jal x0, 0x40                            vmem_adj_Mepc+12

clint mtime 0x00000000000004DC (mip.MTI <- 0b1, mip.STI <- 0b0)
mem[X,0x0000000080001948] -> 0x8433
mem[X,0x000000008000194A] -> 0x4083
[2488] [M]: 0x0000000080001948 (0x40838433) sub x8, x7, x8                          adj_Mepc+0
x8 <- 0x0000000180000FE5

mem[X,0x000000008000194C] -> 0x3823
mem[X,0x000000008000194E] -> 0x0083
[2489] [M]: 0x000000008000194C (0x00833823) sd x8, 0x10(x6)                         sv_Mepc+0
mem[W,0x00000000800086A8] <- 0x0000000180000FE5

clint mtime 0x00000000000004DD (mip.MTI <- 0b1, mip.STI <- 0b0)
mem[X,0x0000000080001950] -> 0x55B7
mem[X,0x0000000080001952] -> 0x0000
[2490] [M]: 0x0000000080001950 (0x000055B7) lui x11, 0x5                            sv_Mepc+4
x11 <- 0x0000000000005000

mem[X,0x0000000080001954] -> 0x8593
mem[X,0x0000000080001956] -> 0x6675
[2491] [M]: 0x0000000080001954 (0x66758593) addi x11, x11, 0x667                    sv_Mepc+8
x11 <- 0x0000000000005667

clint mtime 0x00000000000004DE (mip.MTI <- 0b1, mip.STI <- 0b0)
mem[X,0x0000000080001958] -> 0x9593
mem[X,0x000000008000195A] -> 0x0015
[2492] [M]: 0x0000000080001958 (0x00159593) slli x11, x11, 0x1                      sv_Mepc+12
x11 <- 0x000000000000ACCE

mem[X,0x000000008000195C] -> 0x9063
mem[X,0x000000008000195E] -> 0x02B1
[2493] [M]: 0x000000008000195C (0x02B19063) bne x3, x11, 0x20                       sv_Mepc+16

clint mtime 0x00000000000004DF (mip.MTI <- 0b1, mip.STI <- 0b0)
mem[X,0x0000000080001960] -> 0x2473
mem[X,0x0000000080001962] -> 0x3420
[2494] [M]: 0x0000000080001960 (0x34202473) csrrs x8, mcause, x0                    sv_Mepc+20
CSR mcause (0x342) -> 0x0000000000000002
x8 <- 0x0000000000000002

mem[X,0x0000000080001964] -> 0x0593
mem[X,0x0000000080001966] -> 0x00C0
[2495] [M]: 0x0000000080001964 (0x00C00593) addi x11, x0, 0xc                       sv_Mepc+24
x11 <- 0x000000000000000C

clint mtime 0x00000000000004E0 (mip.MTI <- 0b1, mip.STI <- 0b0)
mem[X,0x0000000080001968] -> 0x0663
mem[X,0x000000008000196A] -> 0x00B4
[2496] [M]: 0x0000000080001968 (0x00B40663) beq x8, x11, 0xc                        sv_Mepc+28

mem[X,0x000000008000196C] -> 0x0593
mem[X,0x000000008000196E] -> 0x0010
[2497] [M]: 0x000000008000196C (0x00100593) addi x11, x0, 0x1                       sv_Mepc+32
x11 <- 0x0000000000000001

clint mtime 0x00000000000004E1 (mip.MTI <- 0b1, mip.STI <- 0b0)
mem[X,0x0000000080001970] -> 0x1663
mem[X,0x0000000080001972] -> 0x00B4
[2498] [M]: 0x0000000080001970 (0x00B41663) bne x8, x11, 0xc                        sv_Mepc+36

mem[X,0x000000008000197C] -> 0xF593
mem[X,0x000000008000197E] -> 0xFFC3
[2499] [M]: 0x000000008000197C (0xFFC3F593) andi x11, x7, -0x4                      adj_Mepc_rtn+0
x11 <- 0x0000000180000FE4

clint mtime 0x00000000000004E2 (mip.MTI <- 0b1, mip.STI <- 0b0)
mem[X,0x0000000080001980] -> 0x8593
mem[X,0x0000000080001982] -> 0x0085
[2500] [M]: 0x0000000080001980 (0x00858593) addi x11, x11, 0x8                      adj_Mepc_rtn+4
x11 <- 0x0000000180000FEC

mem[X,0x0000000080001984] -> 0x9073
mem[X,0x0000000080001986] -> 0x3415
[2501] [M]: 0x0000000080001984 (0x34159073) csrrw x0, mepc, x11                     adj_Mepc_rtn+8
CSR mepc (0x341) <- 0x0000000180000FEC

clint mtime 0x00000000000004E3 (mip.MTI <- 0b1, mip.STI <- 0b0)
mem[X,0x0000000080001988] -> 0x23F3
mem[X,0x000000008000198A] -> 0x3430
[2502] [M]: 0x0000000080001988 (0x343023F3) csrrs x7, mtval, x0                     skp_adj_Mepc+0
CSR mtval (0x343) -> 0x00000000341494F3
x7 <- 0x00000000341494F3

mem[X,0x000000008000198C] -> 0x0413
mem[X,0x000000008000198E] -> 0x0004
[2503] [M]: 0x000000008000198C (0x00040413) addi x8, x8, 0x0                        skp_adj_Mepc+4
x8 <- 0x0000000000000002

clint mtime 0x00000000000004E4 (mip.MTI <- 0b1, mip.STI <- 0b0)
mem[X,0x0000000080001990] -> 0x006F
mem[X,0x0000000080001992] -> 0x0840
[2504] [M]: 0x0000000080001990 (0x0840006F) jal x0, 0x84                            skp_adj_Mepc+8

mem[X,0x0000000080001A14] -> 0x8433
mem[X,0x0000000080001A16] -> 0x4083
[2505] [M]: 0x0000000080001A14 (0x40838433) sub x8, x7, x8                          adj_Mtval+0
x8 <- 0x00000000341494F1

clint mtime 0x00000000000004E5 (mip.MTI <- 0b1, mip.STI <- 0b0)
mem[X,0x0000000080001A18] -> 0x3C23
mem[X,0x0000000080001A1A] -> 0x0083
[2506] [M]: 0x0000000080001A18 (0x00833C23) sd x8, 0x18(x6)                         sv_Mtval+0
mem[W,0x00000000800086B0] <- 0x00000000341494F1

mem[X,0x0000000080001A1C] -> 0x3483
mem[X,0x0000000080001A1E] -> 0x2181
[2507] [M]: 0x0000000080001A1C (0x21813483) ld x9, 0x218(x2)                        skp_Mtval+0
mem[R,0x0000000080004218] -> 0x00000000800086B8
x9 <- 0x00000000800086B8

clint mtime 0x00000000000004E6 (mip.MTI <- 0b1, mip.STI <- 0b0)
mem[X,0x0000000080001A20] -> 0x3383
mem[X,0x0000000080001A22] -> 0x1F81
[2508] [M]: 0x0000000080001A20 (0x1F813383) ld x7, 0x1f8(x2)                        skp_Mtval+4
mem[R,0x00000000800041F8] -> 0x0000000080008110
x7 <- 0x0000000080008110

mem[X,0x0000000080001A24] -> 0x3303
mem[X,0x0000000080001A26] -> 0x2001
[2509] [M]: 0x0000000080001A24 (0x20013303) ld x6, 0x200(x2)                        skp_Mtval+8
mem[R,0x0000000080004200] -> 0x0000000000000810
x6 <- 0x0000000000000810

clint mtime 0x00000000000004E7 (mip.MTI <- 0b1, mip.STI <- 0b0)
mem[X,0x0000000080001A28] -> 0x0333
mem[X,0x0000000080001A2A] -> 0x0073
[2510] [M]: 0x0000000080001A28 (0x00730333) add x6, x6, x7                          skp_Mtval+12
x6 <- 0x0000000080008920

mem[X,0x0000000080001A2C] -> 0x6AE3
mem[X,0x0000000080001A2E] -> 0xAC93
[2511] [M]: 0x0000000080001A2C (0xAC936AE3) bltu x6, x9, -0x52c                     skp_Mtval+16

clint mtime 0x00000000000004E8 (mip.MTI <- 0b1, mip.STI <- 0b0)
mem[X,0x0000000080001A30] -> 0x0393
mem[X,0x0000000080001A32] -> 0x2000
[2512] [M]: 0x0000000080001A30 (0x20000393) addi x7, x0, 0x200                      skp_Mtval+20
x7 <- 0x0000000000000200

mem[X,0x0000000080001A34] -> 0x006F
mem[X,0x0000000080001A36] -> 0x0400
[2513] [M]: 0x0000000080001A34 (0x0400006F) jal x0, 0x40                            skp_Mtval+24

clint mtime 0x00000000000004E9 (mip.MTI <- 0b1, mip.STI <- 0b0)
mem[X,0x0000000080001A74] -> 0x0417
mem[X,0x0000000080001A76] -> 0x0000
[2514] [M]: 0x0000000080001A74 (0x00000417) auipc x8, 0x0                           spcl_Mhandler+0
x8 <- 0x0000000080001A74

mem[X,0x0000000080001A78] -> 0x0413
mem[X,0x0000000080001A7A] -> 0x03C4
[2515] [M]: 0x0000000080001A78 (0x03C40413) addi x8, x8, 0x3c                       spcl_Mhandler+4
x8 <- 0x0000000080001AB0

clint mtime 0x00000000000004EA (mip.MTI <- 0b1, mip.STI <- 0b0)
mem[X,0x0000000080001A7C] -> 0x0433
mem[X,0x0000000080001A7E] -> 0x0074
[2516] [M]: 0x0000000080001A7C (0x00740433) add x8, x8, x7                          spcl_Mhandler+8
x8 <- 0x0000000080001CB0

mem[X,0x0000000080001A80] -> 0x1393
mem[X,0x0000000080001A82] -> 0x0035
[2517] [M]: 0x0000000080001A80 (0x00351393) slli x7, x10, 0x3                       spcl_Mhandler+12
x7 <- 0x0000000000000010

clint mtime 0x00000000000004EB (mip.MTI <- 0b1, mip.STI <- 0b0)
mem[X,0x0000000080001A84] -> 0x0433
mem[X,0x0000000080001A86] -> 0x0074
[2518] [M]: 0x0000000080001A84 (0x00740433) add x8, x8, x7                          spcl_Mhandler+16
x8 <- 0x0000000080001CC0

mem[X,0x0000000080001A88] -> 0x7413
mem[X,0x0000000080001A8A] -> 0xFF84
[2519] [M]: 0x0000000080001A88 (0xFF847413) andi x8, x8, -0x8                       spcl_Mhandler+20
x8 <- 0x0000000080001CC0

clint mtime 0x00000000000004EC (mip.MTI <- 0b1, mip.STI <- 0b0)
mem[X,0x0000000080001A8C] -> 0x3403
mem[X,0x0000000080001A8E] -> 0x0004
[2520] [M]: 0x0000000080001A8C (0x00043403) ld x8, 0x0(x8)                          spcl_Mhandler+24
mem[R,0x0000000080001CC0] -> 0x0000000000000005
x8 <- 0x0000000000000005

mem[X,0x0000000080001A90] -> 0x02E3
mem[X,0x0000000080001A92] -> 0xB004
[2521] [M]: 0x0000000080001A90 (0xB00402E3) beq x8, x0, -0x4fc                      spcl_Mdispatch_hndling+0

clint mtime 0x00000000000004ED (mip.MTI <- 0b1, mip.STI <- 0b0)
mem[X,0x0000000080001A94] -> 0x1393
mem[X,0x0000000080001A96] -> 0x03F4
[2522] [M]: 0x0000000080001A94 (0x03F41393) slli x7, x8, 0x3f                       spcl_Mdispatch_hndling+4
x7 <- 0x8000000000000000

mem[X,0x0000000080001A98] -> 0xD863
mem[X,0x0000000080001A9A] -> 0x0003
[2523] [M]: 0x0000000080001A98 (0x0003D863) bge x7, x0, 0x10                        spcl_Mdispatch_hndling+8

clint mtime 0x00000000000004EE (mip.MTI <- 0b1, mip.STI <- 0b0)
mem[X,0x0000000080001A9C] -> 0x5413
mem[X,0x0000000080001A9E] -> 0x0014
[2524] [M]: 0x0000000080001A9C (0x00145413) srli x8, x8, 0x1                        spcl_Mdispatch_hndling+12
x8 <- 0x0000000000000002

mem[X,0x0000000080001AA0] -> 0x0CE3
mem[X,0x0000000080001AA2] -> 0xF885
[2525] [M]: 0x0000000080001AA0 (0xF8850CE3) beq x10, x8, -0x68                      spcl_Mdispatch_hndling+16

clint mtime 0x00000000000004EF (mip.MTI <- 0b1, mip.STI <- 0b0)
mem[X,0x0000000080001A38] -> 0x3303
mem[X,0x0000000080001A3A] -> 0x2601
[2526] [M]: 0x0000000080001A38 (0x26013303) ld x6, 0x260(x2)                        resto_Mrtn+0
mem[R,0x0000000080004260] -> 0xFFFFFFFF7FFFF16C
x6 <- 0xFFFFFFFF7FFFF16C

mem[X,0x0000000080001A3C] -> 0x3383
mem[X,0x0000000080001A3E] -> 0x2681
[2527] [M]: 0x0000000080001A3C (0x26813383) ld x7, 0x268(x2)                        resto_Mrtn+4
mem[R,0x0000000080004268] -> 0x0000000080004000
x7 <- 0x0000000080004000

clint mtime 0x00000000000004F0 (mip.MTI <- 0b1, mip.STI <- 0b0)
mem[X,0x0000000080001A40] -> 0x3403
mem[X,0x0000000080001A42] -> 0x2701
[2528] [M]: 0x0000000080001A40 (0x27013403) ld x8, 0x270(x2)                        resto_Mrtn+8
mem[R,0x0000000080004270] -> 0x0000000000007F76
x8 <- 0x0000000000007F76

mem[X,0x0000000080001A44] -> 0x3483
mem[X,0x0000000080001A46] -> 0x2781
[2529] [M]: 0x0000000080001A44 (0x27813483) ld x9, 0x278(x2)                        resto_Mrtn+12
mem[R,0x0000000080004278] -> 0x0000000100000148
x9 <- 0x0000000100000148

clint mtime 0x00000000000004F1 (mip.MTI <- 0b1, mip.STI <- 0b0)
mem[X,0x0000000080001A48] -> 0x3503
mem[X,0x0000000080001A4A] -> 0x2801
[2530] [M]: 0x0000000080001A48 (0x28013503) ld x10, 0x280(x2)                       resto_Mrtn+16
mem[R,0x0000000080004280] -> 0x00000000200000C5
x10 <- 0x00000000200000C5

mem[X,0x0000000080001A4C] -> 0x3583
mem[X,0x0000000080001A4E] -> 0x2881
[2531] [M]: 0x0000000080001A4C (0x28813583) ld x11, 0x288(x2)                       resto_Mrtn+20
mem[R,0x0000000080004288] -> 0x00000000000000C5
x11 <- 0x00000000000000C5

clint mtime 0x00000000000004F2 (mip.MTI <- 0b1, mip.STI <- 0b0)
mem[X,0x0000000080001A50] -> 0x3103
mem[X,0x0000000080001A52] -> 0x2901
[2532] [M]: 0x0000000080001A50 (0x29013103) ld x2, 0x290(x2)                        resto_Mrtn+24
mem[R,0x0000000080004290] -> 0x0000000000000000
x2 <- 0x0000000000000000

mem[X,0x0000000080001A54] -> 0x0073
mem[X,0x0000000080001A56] -> 0x3020
[2533] [M]: 0x0000000080001A54 (0x30200073) mret                                    resto_Mrtn+28
CSR mstatus (0x300) <- 0x0000000A00000080
ret-ing from M to S

clint mtime 0x00000000000004F3 (mip.MTI <- 0b1, mip.STI <- 0b0)
mem[X,0x0000000080000FEC] -> 0x07B7
mem[X,0x0000000080000FEE] -> 0x5000
[2534] [S]: 0x0000000180000FEC (0x500007B7) lui x15, 0x50000                        va_rvtest_code_begin+2064
x15 <- 0x0000000050000000

mem[X,0x0000000080000FF0] -> 0x8793
mem[X,0x0000000080000FF2] -> 0x1017
[2535] [S]: 0x0000000180000FF0 (0x10178793) addi x15, x15, 0x101                    va_rvtest_code_begin+2068
x15 <- 0x0000000050000101

clint mtime 0x00000000000004F4 (mip.MTI <- 0b1, mip.STI <- 0b0)
mem[X,0x0000000080000FF4] -> 0x9793
mem[X,0x0000000080000FF6] -> 0x0027
[2536] [S]: 0x0000000180000FF4 (0x00279793) slli x15, x15, 0x2                      va_rvtest_code_begin+2072
x15 <- 0x0000000140000404

mem[X,0x0000000080000FF8] -> 0x0613
mem[X,0x0000000080000FFA] -> 0x0106
[2537] [S]: 0x0000000180000FF8 (0x01060613) addi x12, x12, 0x10                     va_rvtest_code_begin+2076
x12 <- 0x0000000000000040

clint mtime 0x00000000000004F5 (mip.MTI <- 0b1, mip.STI <- 0b0)
mem[X,0x0000000080000FFC] -> 0xAA23
mem[X,0x0000000080000FFE] -> 0x00C7
[2538] [S]: 0x0000000180000FFC (0x00C7AA23) sw x12, 0x14(x15)                       va_rvtest_code_begin+2080
PTW: Start, vpn=0x140000, access_type=W, privilege=Smem[R,0x0000000080007028] -> 0x0000000020001801
PTW: Step, level=2, pte=0x20001801, pte_addr=0x80007028
PTW: Start, vpn=0x140000, access_type=W, privilege=Smem[R,0x0000000080006000] -> 0x00000000200000C5
PTW: Step, level=1, pte=0x200000C5, pte_addr=0x80006000
PTW: failed, error=invalid-pte, level=1, pte_addr=0x80006000
trapping from S to M to handle store/amo-page-fault
handling exc#store/amo-page-fault at priv M with tval 0x0000000140000418
CSR mstatus (0x300) <- 0x0000000A00000800
CSR mcause (0x342) <- 0x000000000000000F
CSR mtval (0x343) <- 0x0000000140000418
CSR mepc (0x341) <- 0x0000000180000FFC

mem[X,0x0000000080001600] -> 0x006F
mem[X,0x0000000080001602] -> 0x1000
[2539] [M]: 0x0000000080001600 (0x1000006F) jal x0, 0x100                           Mtrampoline+0

clint mtime 0x00000000000004F6 (mip.MTI <- 0b1, mip.STI <- 0b0)
mem[X,0x0000000080001700] -> 0x1173
mem[X,0x0000000080001702] -> 0x3401
[2540] [M]: 0x0000000080001700 (0x34011173) csrrw x2, mscratch, x2                  trap_Mhandler+0
CSR mscratch (0x340) <- 0x0000000000000000
x2 <- 0x0000000080004000

mem[X,0x0000000080001704] -> 0x3423
mem[X,0x0000000080001706] -> 0x28B1
[2541] [M]: 0x0000000080001704 (0x28B13423) sd x11, 0x288(x2)                       trap_Mhandler+4
mem[W,0x0000000080004288] <- 0x00000000000000C5

clint mtime 0x00000000000004F7 (mip.MTI <- 0b1, mip.STI <- 0b0)
mem[X,0x0000000080001708] -> 0x05EF
mem[X,0x000000008000170A] -> 0x0B80
[2542] [M]: 0x0000000080001708 (0x0B8005EF) jal x11, 0xb8                           trap_Mhandler+8
x11 <- 0x000000008000170C

mem[X,0x00000000800017C0] -> 0x3023
mem[X,0x00000000800017C2] -> 0x28A1
[2543] [M]: 0x00000000800017C0 (0x28A13023) sd x10, 0x280(x2)                       common_Mhandler+0
mem[W,0x0000000080004280] <- 0x00000000200000C5

clint mtime 0x00000000000004F8 (mip.MTI <- 0b1, mip.STI <- 0b0)
mem[X,0x00000000800017C4] -> 0x1573
mem[X,0x00000000800017C6] -> 0x3401
[2544] [M]: 0x00000000800017C4 (0x34011573) csrrw x10, mscratch, x2                 common_Mhandler+4
CSR mscratch (0x340) <- 0x0000000080004000
x10 <- 0x0000000000000000

mem[X,0x00000000800017C8] -> 0x3823
mem[X,0x00000000800017CA] -> 0x28A1
[2545] [M]: 0x00000000800017C8 (0x28A13823) sd x10, 0x290(x2)                       common_Mhandler+8
mem[W,0x0000000080004290] <- 0x0000000000000000

clint mtime 0x00000000000004F9 (mip.MTI <- 0b1, mip.STI <- 0b0)
mem[X,0x00000000800017CC] -> 0x3503
mem[X,0x00000000800017CE] -> 0x2301
[2546] [M]: 0x00000000800017CC (0x23013503) ld x10, 0x230(x2)                       common_Mhandler+12
mem[R,0x0000000080004230] -> 0x00000000800017D4
x10 <- 0x00000000800017D4

mem[X,0x00000000800017D0] -> 0x0067
mem[X,0x00000000800017D2] -> 0x0005
[2547] [M]: 0x00000000800017D0 (0x00050067) jalr x0, 0x0(x10)                       common_Mhandler+16

clint mtime 0x00000000000004FA (mip.MTI <- 0b1, mip.STI <- 0b0)
mem[X,0x00000000800017D4] -> 0x3C23
mem[X,0x00000000800017D6] -> 0x2691
[2548] [M]: 0x00000000800017D4 (0x26913C23) sd x9, 0x278(x2)                        common_Mentry+0
mem[W,0x0000000080004278] <- 0x0000000100000148

mem[X,0x00000000800017D8] -> 0x3823
mem[X,0x00000000800017DA] -> 0x2681
[2549] [M]: 0x00000000800017D8 (0x26813823) sd x8, 0x270(x2)                        common_Mentry+4
mem[W,0x0000000080004270] <- 0x0000000000007F76

clint mtime 0x00000000000004FB (mip.MTI <- 0b1, mip.STI <- 0b0)
mem[X,0x00000000800017DC] -> 0x3423
mem[X,0x00000000800017DE] -> 0x2671
[2550] [M]: 0x00000000800017DC (0x26713423) sd x7, 0x268(x2)                        common_Mentry+8
mem[W,0x0000000080004268] <- 0x0000000080004000

mem[X,0x00000000800017E0] -> 0x3023
mem[X,0x00000000800017E2] -> 0x2661
[2551] [M]: 0x00000000800017E0 (0x26613023) sd x6, 0x260(x2)                        common_Mentry+12
mem[W,0x0000000080004260] <- 0xFFFFFFFF7FFFF16C

clint mtime 0x00000000000004FC (mip.MTI <- 0b1, mip.STI <- 0b0)
mem[X,0x00000000800017E4] -> 0x2573
mem[X,0x00000000800017E6] -> 0x3420
[2552] [M]: 0x00000000800017E4 (0x34202573) csrrs x10, mcause, x0                   spcl_M2mmode_test+0
CSR mcause (0x342) -> 0x000000000000000F
x10 <- 0x000000000000000F

mem[X,0x00000000800017E8] -> 0x04B7
mem[X,0x00000000800017EA] -> 0x8000
[2553] [M]: 0x00000000800017E8 (0x800004B7) lui x9, -0x80000                        spcl_M2mmode_test+4
x9 <- 0xFFFFFFFF80000000

clint mtime 0x00000000000004FD (mip.MTI <- 0b1, mip.STI <- 0b0)
mem[X,0x00000000800017EC] -> 0x8493
mem[X,0x00000000800017EE] -> 0x0004
[2554] [M]: 0x00000000800017EC (0x00048493) addi x9, x9, 0x0                        spcl_M2mmode_test+8
x9 <- 0xFFFFFFFF80000000

mem[X,0x00000000800017F0] -> 0x9493
mem[X,0x00000000800017F2] -> 0x00B4
[2555] [M]: 0x00000000800017F0 (0x00B49493) slli x9, x9, 0xb                        spcl_M2mmode_test+12
x9 <- 0xFFFFFC0000000000

clint mtime 0x00000000000004FE (mip.MTI <- 0b1, mip.STI <- 0b0)
mem[X,0x00000000800017F4] -> 0x8493
mem[X,0x00000000800017F6] -> 0x0004
[2556] [M]: 0x00000000800017F4 (0x00048493) addi x9, x9, 0x0                        spcl_M2mmode_test+16
x9 <- 0xFFFFFC0000000000

mem[X,0x00000000800017F8] -> 0x9493
mem[X,0x00000000800017FA] -> 0x00B4
[2557] [M]: 0x00000000800017F8 (0x00B49493) slli x9, x9, 0xb                        spcl_M2mmode_test+20
x9 <- 0xFFE0000000000000

clint mtime 0x00000000000004FF (mip.MTI <- 0b1, mip.STI <- 0b0)
mem[X,0x00000000800017FC] -> 0x8493
mem[X,0x00000000800017FE] -> 0x0034
[2558] [M]: 0x00000000800017FC (0x00348493) addi x9, x9, 0x3                        spcl_M2mmode_test+24
x9 <- 0xFFE0000000000003

mem[X,0x0000000080001800] -> 0x9493
mem[X,0x0000000080001802] -> 0x00A4
[2559] [M]: 0x0000000080001800 (0x00A49493) slli x9, x9, 0xa                        spcl_M2mmode_test+28
x9 <- 0x8000000000000C00

clint mtime 0x0000000000000500 (mip.MTI <- 0b1, mip.STI <- 0b0)
mem[X,0x0000000080001804] -> 0x8493
mem[X,0x0000000080001806] -> 0x3FC4
[2560] [M]: 0x0000000080001804 (0x3FC48493) addi x9, x9, 0x3fc                      spcl_M2mmode_test+32
x9 <- 0x8000000000000FFC

mem[X,0x0000000080001808] -> 0xF4B3
mem[X,0x000000008000180A] -> 0x00A4
[2561] [M]: 0x0000000080001808 (0x00A4F4B3) and x9, x9, x10                         spcl_M2mmode_test+36
x9 <- 0x000000000000000C

clint mtime 0x0000000000000501 (mip.MTI <- 0b1, mip.STI <- 0b0)
mem[X,0x000000008000180C] -> 0x8493
mem[X,0x000000008000180E] -> 0xFF84
[2562] [M]: 0x000000008000180C (0xFF848493) addi x9, x9, -0x8                       spcl_M2mmode_test+40
x9 <- 0x0000000000000004

mem[X,0x0000000080001810] -> 0x9663
mem[X,0x0000000080001812] -> 0x0004
[2563] [M]: 0x0000000080001810 (0x00049663) bne x9, x0, 0xc                         spcl_M2mmode_test+44

clint mtime 0x0000000000000502 (mip.MTI <- 0b1, mip.STI <- 0b0)
mem[X,0x000000008000181C] -> 0x0393
mem[X,0x000000008000181E] -> 0x0200
[2564] [M]: 0x000000008000181C (0x02000393) addi x7, x0, 0x20                       Mtrapsig_ptr_upd+0
x7 <- 0x0000000000000020

mem[X,0x0000000080001820] -> 0x5263
mem[X,0x0000000080001822] -> 0x0405
[2565] [M]: 0x0000000080001820 (0x04055263) bge x10, x0, 0x44                       Mtrapsig_ptr_upd+4

clint mtime 0x0000000000000503 (mip.MTI <- 0b1, mip.STI <- 0b0)
mem[X,0x0000000080001864] -> 0x2373
mem[X,0x0000000080001866] -> 0x3010
[2566] [M]: 0x0000000080001864 (0x30102373) csrrs x6, misa, x0                      Mxcpt_sig_sv+0
CSR misa (0x301) -> 0x800000000034112F
x6 <- 0x800000000034112F

mem[X,0x0000000080001868] -> 0x1313
mem[X,0x000000008000186A] -> 0x0383
[2567] [M]: 0x0000000080001868 (0x03831313) slli x6, x6, 0x38                       Mxcpt_sig_sv+4
x6 <- 0x2F00000000000000

clint mtime 0x0000000000000504 (mip.MTI <- 0b1, mip.STI <- 0b0)
mem[X,0x000000008000186C] -> 0x5463
mem[X,0x000000008000186E] -> 0x0003
[2568] [M]: 0x000000008000186C (0x00035463) bge x6, x0, 0x8                         Mxcpt_sig_sv+8

mem[X,0x0000000080001874] -> 0x3303
mem[X,0x0000000080001876] -> 0x2181
[2569] [M]: 0x0000000080001874 (0x21813303) ld x6, 0x218(x2)                        Mtrap_sig_sv+0
mem[R,0x0000000080004218] -> 0x00000000800086B8
x6 <- 0x00000000800086B8

clint mtime 0x0000000000000505 (mip.MTI <- 0b1, mip.STI <- 0b0)
mem[X,0x0000000080001878] -> 0x04B3
mem[X,0x000000008000187A] -> 0x0073
[2570] [M]: 0x0000000080001878 (0x007304B3) add x9, x6, x7                          Mtrap_sig_sv+4
x9 <- 0x00000000800086D8

mem[X,0x000000008000187C] -> 0x3C23
mem[X,0x000000008000187E] -> 0x2091
[2571] [M]: 0x000000008000187C (0x20913C23) sd x9, 0x218(x2)                        Mtrap_sig_sv+8
mem[W,0x0000000080004218] <- 0x00000000800086D8

clint mtime 0x0000000000000506 (mip.MTI <- 0b1, mip.STI <- 0b0)
mem[X,0x0000000080001880] -> 0x3403
mem[X,0x0000000080001882] -> 0x1F81
[2572] [M]: 0x0000000080001880 (0x1F813403) ld x8, 0x1f8(x2)                        Mtrap_sig_sv+12
mem[R,0x00000000800041F8] -> 0x0000000080008110
x8 <- 0x0000000080008110

mem[X,0x0000000080001884] -> 0x0333
mem[X,0x0000000080001886] -> 0x4083
[2573] [M]: 0x0000000080001884 (0x40830333) sub x6, x6, x8                          Mtrap_sig_sv+16
x6 <- 0x00000000000005A8

clint mtime 0x0000000000000507 (mip.MTI <- 0b1, mip.STI <- 0b0)
mem[X,0x0000000080001888] -> 0x3403
mem[X,0x000000008000188A] -> 0x1F81
[2574] [M]: 0x0000000080001888 (0x1F813403) ld x8, 0x1f8(x2)                        Mtrap_sig_sv+20
mem[R,0x00000000800041F8] -> 0x0000000080008110
x8 <- 0x0000000080008110

mem[X,0x000000008000188C] -> 0x0333
mem[X,0x000000008000188E] -> 0x0083
[2575] [M]: 0x000000008000188C (0x00830333) add x6, x6, x8                          Mtrap_sig_sv+24
x6 <- 0x00000000800086B8

clint mtime 0x0000000000000508 (mip.MTI <- 0b1, mip.STI <- 0b0)
mem[X,0x0000000080001890] -> 0x3403
mem[X,0x0000000080001892] -> 0x2401
[2576] [M]: 0x0000000080001890 (0x24013403) ld x8, 0x240(x2)                        Mtrap_sig_sv+28
mem[R,0x0000000080004240] -> 0x0000000080001600
x8 <- 0x0000000080001600

mem[X,0x0000000080001894] -> 0x85B3
mem[X,0x0000000080001896] -> 0x4085
[2577] [M]: 0x0000000080001894 (0x408585B3) sub x11, x11, x8                        sv_Mvect+0
x11 <- 0x000000000000010C

clint mtime 0x0000000000000509 (mip.MTI <- 0b1, mip.STI <- 0b0)
mem[X,0x0000000080001898] -> 0x9593
mem[X,0x000000008000189A] -> 0x0045
[2578] [M]: 0x0000000080001898 (0x00459593) slli x11, x11, 0x4                      sv_Mvect+4
x11 <- 0x00000000000010C0

mem[X,0x000000008000189C] -> 0xE5B3
mem[X,0x000000008000189E] -> 0x0075
[2579] [M]: 0x000000008000189C (0x0075E5B3) or x11, x11, x7                         sv_Mvect+8
x11 <- 0x00000000000010E0

clint mtime 0x000000000000050A (mip.MTI <- 0b1, mip.STI <- 0b0)
mem[X,0x00000000800018A0] -> 0x8593
mem[X,0x00000000800018A2] -> 0x0035
[2580] [M]: 0x00000000800018A0 (0x00358593) addi x11, x11, 0x3                      sv_Mvect+12
x11 <- 0x00000000000010E3

mem[X,0x00000000800018A4] -> 0x3023
mem[X,0x00000000800018A6] -> 0x00B3
[2581] [M]: 0x00000000800018A4 (0x00B33023) sd x11, 0x0(x6)                         sv_Mvect+16
mem[W,0x00000000800086B8] <- 0x00000000000010E3

clint mtime 0x000000000000050B (mip.MTI <- 0b1, mip.STI <- 0b0)
mem[X,0x00000000800018A8] -> 0x3423
mem[X,0x00000000800018AA] -> 0x00A3
[2582] [M]: 0x00000000800018A8 (0x00A33423) sd x10, 0x8(x6)                         sv_Mcause+0
mem[W,0x00000000800086C0] <- 0x000000000000000F

mem[X,0x00000000800018AC] -> 0x4663
mem[X,0x00000000800018AE] -> 0x1A05
[2583] [M]: 0x00000000800018AC (0x1A054663) blt x10, x0, 0x1ac                      sv_Mcause+4

clint mtime 0x000000000000050C (mip.MTI <- 0b1, mip.STI <- 0b0)
mem[X,0x00000000800018B0] -> 0x25F3
mem[X,0x00000000800018B2] -> 0x3000
[2584] [M]: 0x00000000800018B0 (0x300025F3) csrrs x11, mstatus, x0                  common_Mexcpt_handler+0
CSR mstatus (0x300) -> 0x0000000A00000800
x11 <- 0x0000000A00000800

mem[X,0x00000000800018B4] -> 0x9413
mem[X,0x00000000800018B6] -> 0x02E5
[2585] [M]: 0x00000000800018B4 (0x02E59413) slli x8, x11, 0x2e                      common_Mexcpt_handler+4
x8 <- 0x0200000000000000

clint mtime 0x000000000000050D (mip.MTI <- 0b1, mip.STI <- 0b0)
mem[X,0x00000000800018B8] -> 0x5463
mem[X,0x00000000800018BA] -> 0x0004
[2586] [M]: 0x00000000800018B8 (0x00045463) bge x8, x0, 0x8                         common_Mexcpt_handler+8

mem[X,0x00000000800018C0] -> 0xD493
mem[X,0x00000000800018C2] -> 0x00B5
[2587] [M]: 0x00000000800018C0 (0x00B5D493) srli x9, x11, 0xb                       common_Mexcpt_handler+16
x9 <- 0x0000000001400001

clint mtime 0x000000000000050E (mip.MTI <- 0b1, mip.STI <- 0b0)
mem[X,0x00000000800018C4] -> 0xF493
mem[X,0x00000000800018C6] -> 0x0034
[2588] [M]: 0x00000000800018C4 (0x0034F493) andi x9, x9, 0x3                        common_Mexcpt_handler+20
x9 <- 0x0000000000000001

mem[X,0x00000000800018C8] -> 0x8493
mem[X,0x00000000800018CA] -> 0x0014
[2589] [M]: 0x00000000800018C8 (0x00148493) addi x9, x9, 0x1                        common_Mexcpt_handler+24
x9 <- 0x0000000000000002

clint mtime 0x000000000000050F (mip.MTI <- 0b1, mip.STI <- 0b0)
mem[X,0x00000000800018CC] -> 0xF493
mem[X,0x00000000800018CE] -> 0x0044
[2590] [M]: 0x00000000800018CC (0x0044F493) andi x9, x9, 0x4                        common_Mexcpt_handler+28
x9 <- 0x0000000000000000

mem[X,0x00000000800018D0] -> 0x0593
mem[X,0x00000000800018D2] -> 0x05D0
[2591] [M]: 0x00000000800018D0 (0x05D00593) addi x11, x0, 0x5d                      common_Mexcpt_handler+32
x11 <- 0x000000000000005D

clint mtime 0x0000000000000510 (mip.MTI <- 0b1, mip.STI <- 0b0)
mem[X,0x00000000800018D4] -> 0xD5B3
mem[X,0x00000000800018D6] -> 0x0095
[2592] [M]: 0x00000000800018D4 (0x0095D5B3) srl x11, x11, x9                        common_Mexcpt_handler+36
x11 <- 0x000000000000005D

mem[X,0x00000000800018D8] -> 0xF593
mem[X,0x00000000800018DA] -> 0x0015
[2593] [M]: 0x00000000800018D8 (0x0015F593) andi x11, x11, 0x1                      common_Mexcpt_handler+40
x11 <- 0x0000000000000001

clint mtime 0x0000000000000511 (mip.MTI <- 0b1, mip.STI <- 0b0)
mem[X,0x00000000800018DC] -> 0x8EE3
mem[X,0x00000000800018DE] -> 0xF405
[2594] [M]: 0x00000000800018DC (0xF4058EE3) beq x11, x0, -0xa4                      common_Mexcpt_handler+44

mem[X,0x00000000800018E0] -> 0x0593
mem[X,0x00000000800018E2] -> 0x2980
[2595] [M]: 0x00000000800018E0 (0x29800593) addi x11, x0, 0x298                     common_Mexcpt_handler+48
x11 <- 0x0000000000000298

clint mtime 0x0000000000000512 (mip.MTI <- 0b1, mip.STI <- 0b0)
mem[X,0x00000000800018E4] -> 0xF413
mem[X,0x00000000800018E6] -> 0x0014
[2596] [M]: 0x00000000800018E4 (0x0014F413) andi x8, x9, 0x1                        common_Mexcpt_handler+52
x8 <- 0x0000000000000000

mem[X,0x00000000800018E8] -> 0x95B3
mem[X,0x00000000800018EA] -> 0x0085
[2597] [M]: 0x00000000800018E8 (0x008595B3) sll x11, x11, x8                        common_Mexcpt_handler+56
x11 <- 0x0000000000000298

clint mtime 0x0000000000000513 (mip.MTI <- 0b1, mip.STI <- 0b0)
mem[X,0x00000000800018EC] -> 0x9413
mem[X,0x00000000800018EE] -> 0x03D4
[2598] [M]: 0x00000000800018EC (0x03D49413) slli x8, x9, 0x3d                       common_Mexcpt_handler+60
x8 <- 0x0000000000000000

mem[X,0x00000000800018F0] -> 0x5413
mem[X,0x00000000800018F2] -> 0x43F4
[2599] [M]: 0x00000000800018F0 (0x43F45413) srai x8, x8, 0x3f                       common_Mexcpt_handler+64
x8 <- 0x0000000000000000

clint mtime 0x0000000000000514 (mip.MTI <- 0b1, mip.STI <- 0b0)
mem[X,0x00000000800018F4] -> 0x4413
mem[X,0x00000000800018F6] -> 0xFFF4
[2600] [M]: 0x00000000800018F4 (0xFFF44413) xori x8, x8, -0x1                       common_Mexcpt_handler+68
x8 <- 0xFFFFFFFFFFFFFFFF

mem[X,0x00000000800018F8] -> 0xF4B3
mem[X,0x00000000800018FA] -> 0x0085
[2601] [M]: 0x00000000800018F8 (0x0085F4B3) and x9, x11, x8                         common_Mexcpt_handler+72
x9 <- 0x0000000000000298

clint mtime 0x0000000000000515 (mip.MTI <- 0b1, mip.STI <- 0b0)
mem[X,0x00000000800018FC] -> 0x84B3
mem[X,0x00000000800018FE] -> 0x0024
[2602] [M]: 0x00000000800018FC (0x002484B3) add x9, x9, x2                          vmem_adj_Mepc+0
x9 <- 0x0000000080004298

mem[X,0x0000000080001900] -> 0x23F3
mem[X,0x0000000080001902] -> 0x3410
[2603] [M]: 0x0000000080001900 (0x341023F3) csrrs x7, mepc, x0                      vmem_adj_Mepc+4
CSR mepc (0x341) -> 0x0000000180000FFC
x7 <- 0x0000000180000FFC

clint mtime 0x0000000000000516 (mip.MTI <- 0b1, mip.STI <- 0b0)
mem[X,0x0000000080001904] -> 0x0413
mem[X,0x0000000080001906] -> 0x0004
[2604] [M]: 0x0000000080001904 (0x00040413) addi x8, x8, 0x0                        vmem_adj_Mepc+8
x8 <- 0xFFFFFFFFFFFFFFFF

mem[X,0x0000000080001908] -> 0x006F
mem[X,0x000000008000190A] -> 0x0400
[2605] [M]: 0x0000000080001908 (0x0400006F) jal x0, 0x40                            vmem_adj_Mepc+12

clint mtime 0x0000000000000517 (mip.MTI <- 0b1, mip.STI <- 0b0)
mem[X,0x0000000080001948] -> 0x8433
mem[X,0x000000008000194A] -> 0x4083
[2606] [M]: 0x0000000080001948 (0x40838433) sub x8, x7, x8                          adj_Mepc+0
x8 <- 0x0000000180000FFD

mem[X,0x000000008000194C] -> 0x3823
mem[X,0x000000008000194E] -> 0x0083
[2607] [M]: 0x000000008000194C (0x00833823) sd x8, 0x10(x6)                         sv_Mepc+0
mem[W,0x00000000800086C8] <- 0x0000000180000FFD

clint mtime 0x0000000000000518 (mip.MTI <- 0b1, mip.STI <- 0b0)
mem[X,0x0000000080001950] -> 0x55B7
mem[X,0x0000000080001952] -> 0x0000
[2608] [M]: 0x0000000080001950 (0x000055B7) lui x11, 0x5                            sv_Mepc+4
x11 <- 0x0000000000005000

mem[X,0x0000000080001954] -> 0x8593
mem[X,0x0000000080001956] -> 0x6675
[2609] [M]: 0x0000000080001954 (0x66758593) addi x11, x11, 0x667                    sv_Mepc+8
x11 <- 0x0000000000005667

clint mtime 0x0000000000000519 (mip.MTI <- 0b1, mip.STI <- 0b0)
mem[X,0x0000000080001958] -> 0x9593
mem[X,0x000000008000195A] -> 0x0015
[2610] [M]: 0x0000000080001958 (0x00159593) slli x11, x11, 0x1                      sv_Mepc+12
x11 <- 0x000000000000ACCE

mem[X,0x000000008000195C] -> 0x9063
mem[X,0x000000008000195E] -> 0x02B1
[2611] [M]: 0x000000008000195C (0x02B19063) bne x3, x11, 0x20                       sv_Mepc+16

clint mtime 0x000000000000051A (mip.MTI <- 0b1, mip.STI <- 0b0)
mem[X,0x0000000080001960] -> 0x2473
mem[X,0x0000000080001962] -> 0x3420
[2612] [M]: 0x0000000080001960 (0x34202473) csrrs x8, mcause, x0                    sv_Mepc+20
CSR mcause (0x342) -> 0x000000000000000F
x8 <- 0x000000000000000F

mem[X,0x0000000080001964] -> 0x0593
mem[X,0x0000000080001966] -> 0x00C0
[2613] [M]: 0x0000000080001964 (0x00C00593) addi x11, x0, 0xc                       sv_Mepc+24
x11 <- 0x000000000000000C

clint mtime 0x000000000000051B (mip.MTI <- 0b1, mip.STI <- 0b0)
mem[X,0x0000000080001968] -> 0x0663
mem[X,0x000000008000196A] -> 0x00B4
[2614] [M]: 0x0000000080001968 (0x00B40663) beq x8, x11, 0xc                        sv_Mepc+28

mem[X,0x000000008000196C] -> 0x0593
mem[X,0x000000008000196E] -> 0x0010
[2615] [M]: 0x000000008000196C (0x00100593) addi x11, x0, 0x1                       sv_Mepc+32
x11 <- 0x0000000000000001

clint mtime 0x000000000000051C (mip.MTI <- 0b1, mip.STI <- 0b0)
mem[X,0x0000000080001970] -> 0x1663
mem[X,0x0000000080001972] -> 0x00B4
[2616] [M]: 0x0000000080001970 (0x00B41663) bne x8, x11, 0xc                        sv_Mepc+36

mem[X,0x000000008000197C] -> 0xF593
mem[X,0x000000008000197E] -> 0xFFC3
[2617] [M]: 0x000000008000197C (0xFFC3F593) andi x11, x7, -0x4                      adj_Mepc_rtn+0
x11 <- 0x0000000180000FFC

clint mtime 0x000000000000051D (mip.MTI <- 0b1, mip.STI <- 0b0)
mem[X,0x0000000080001980] -> 0x8593
mem[X,0x0000000080001982] -> 0x0085
[2618] [M]: 0x0000000080001980 (0x00858593) addi x11, x11, 0x8                      adj_Mepc_rtn+4
x11 <- 0x0000000180001004

mem[X,0x0000000080001984] -> 0x9073
mem[X,0x0000000080001986] -> 0x3415
[2619] [M]: 0x0000000080001984 (0x34159073) csrrw x0, mepc, x11                     adj_Mepc_rtn+8
CSR mepc (0x341) <- 0x0000000180001004

clint mtime 0x000000000000051E (mip.MTI <- 0b1, mip.STI <- 0b0)
mem[X,0x0000000080001988] -> 0x23F3
mem[X,0x000000008000198A] -> 0x3430
[2620] [M]: 0x0000000080001988 (0x343023F3) csrrs x7, mtval, x0                     skp_adj_Mepc+0
CSR mtval (0x343) -> 0x0000000140000418
x7 <- 0x0000000140000418

mem[X,0x000000008000198C] -> 0x0413
mem[X,0x000000008000198E] -> 0x0004
[2621] [M]: 0x000000008000198C (0x00040413) addi x8, x8, 0x0                        skp_adj_Mepc+4
x8 <- 0x000000000000000F

clint mtime 0x000000000000051F (mip.MTI <- 0b1, mip.STI <- 0b0)
mem[X,0x0000000080001990] -> 0x006F
mem[X,0x0000000080001992] -> 0x0840
[2622] [M]: 0x0000000080001990 (0x0840006F) jal x0, 0x84                            skp_adj_Mepc+8

mem[X,0x0000000080001A14] -> 0x8433
mem[X,0x0000000080001A16] -> 0x4083
[2623] [M]: 0x0000000080001A14 (0x40838433) sub x8, x7, x8                          adj_Mtval+0
x8 <- 0x0000000140000409

clint mtime 0x0000000000000520 (mip.MTI <- 0b1, mip.STI <- 0b0)
mem[X,0x0000000080001A18] -> 0x3C23
mem[X,0x0000000080001A1A] -> 0x0083
[2624] [M]: 0x0000000080001A18 (0x00833C23) sd x8, 0x18(x6)                         sv_Mtval+0
mem[W,0x00000000800086D0] <- 0x0000000140000409

mem[X,0x0000000080001A1C] -> 0x3483
mem[X,0x0000000080001A1E] -> 0x2181
[2625] [M]: 0x0000000080001A1C (0x21813483) ld x9, 0x218(x2)                        skp_Mtval+0
mem[R,0x0000000080004218] -> 0x00000000800086D8
x9 <- 0x00000000800086D8

clint mtime 0x0000000000000521 (mip.MTI <- 0b1, mip.STI <- 0b0)
mem[X,0x0000000080001A20] -> 0x3383
mem[X,0x0000000080001A22] -> 0x1F81
[2626] [M]: 0x0000000080001A20 (0x1F813383) ld x7, 0x1f8(x2)                        skp_Mtval+4
mem[R,0x00000000800041F8] -> 0x0000000080008110
x7 <- 0x0000000080008110

mem[X,0x0000000080001A24] -> 0x3303
mem[X,0x0000000080001A26] -> 0x2001
[2627] [M]: 0x0000000080001A24 (0x20013303) ld x6, 0x200(x2)                        skp_Mtval+8
mem[R,0x0000000080004200] -> 0x0000000000000810
x6 <- 0x0000000000000810

clint mtime 0x0000000000000522 (mip.MTI <- 0b1, mip.STI <- 0b0)
mem[X,0x0000000080001A28] -> 0x0333
mem[X,0x0000000080001A2A] -> 0x0073
[2628] [M]: 0x0000000080001A28 (0x00730333) add x6, x6, x7                          skp_Mtval+12
x6 <- 0x0000000080008920

mem[X,0x0000000080001A2C] -> 0x6AE3
mem[X,0x0000000080001A2E] -> 0xAC93
[2629] [M]: 0x0000000080001A2C (0xAC936AE3) bltu x6, x9, -0x52c                     skp_Mtval+16

clint mtime 0x0000000000000523 (mip.MTI <- 0b1, mip.STI <- 0b0)
mem[X,0x0000000080001A30] -> 0x0393
mem[X,0x0000000080001A32] -> 0x2000
[2630] [M]: 0x0000000080001A30 (0x20000393) addi x7, x0, 0x200                      skp_Mtval+20
x7 <- 0x0000000000000200

mem[X,0x0000000080001A34] -> 0x006F
mem[X,0x0000000080001A36] -> 0x0400
[2631] [M]: 0x0000000080001A34 (0x0400006F) jal x0, 0x40                            skp_Mtval+24

clint mtime 0x0000000000000524 (mip.MTI <- 0b1, mip.STI <- 0b0)
mem[X,0x0000000080001A74] -> 0x0417
mem[X,0x0000000080001A76] -> 0x0000
[2632] [M]: 0x0000000080001A74 (0x00000417) auipc x8, 0x0                           spcl_Mhandler+0
x8 <- 0x0000000080001A74

mem[X,0x0000000080001A78] -> 0x0413
mem[X,0x0000000080001A7A] -> 0x03C4
[2633] [M]: 0x0000000080001A78 (0x03C40413) addi x8, x8, 0x3c                       spcl_Mhandler+4
x8 <- 0x0000000080001AB0

clint mtime 0x0000000000000525 (mip.MTI <- 0b1, mip.STI <- 0b0)
mem[X,0x0000000080001A7C] -> 0x0433
mem[X,0x0000000080001A7E] -> 0x0074
[2634] [M]: 0x0000000080001A7C (0x00740433) add x8, x8, x7                          spcl_Mhandler+8
x8 <- 0x0000000080001CB0

mem[X,0x0000000080001A80] -> 0x1393
mem[X,0x0000000080001A82] -> 0x0035
[2635] [M]: 0x0000000080001A80 (0x00351393) slli x7, x10, 0x3                       spcl_Mhandler+12
x7 <- 0x0000000000000078

clint mtime 0x0000000000000526 (mip.MTI <- 0b1, mip.STI <- 0b0)
mem[X,0x0000000080001A84] -> 0x0433
mem[X,0x0000000080001A86] -> 0x0074
[2636] [M]: 0x0000000080001A84 (0x00740433) add x8, x8, x7                          spcl_Mhandler+16
x8 <- 0x0000000080001D28

mem[X,0x0000000080001A88] -> 0x7413
mem[X,0x0000000080001A8A] -> 0xFF84
[2637] [M]: 0x0000000080001A88 (0xFF847413) andi x8, x8, -0x8                       spcl_Mhandler+20
x8 <- 0x0000000080001D28

clint mtime 0x0000000000000527 (mip.MTI <- 0b1, mip.STI <- 0b0)
mem[X,0x0000000080001A8C] -> 0x3403
mem[X,0x0000000080001A8E] -> 0x0004
[2638] [M]: 0x0000000080001A8C (0x00043403) ld x8, 0x0(x8)                          spcl_Mhandler+24
mem[R,0x0000000080001D28] -> 0x000000000000001F
x8 <- 0x000000000000001F

mem[X,0x0000000080001A90] -> 0x02E3
mem[X,0x0000000080001A92] -> 0xB004
[2639] [M]: 0x0000000080001A90 (0xB00402E3) beq x8, x0, -0x4fc                      spcl_Mdispatch_hndling+0

clint mtime 0x0000000000000528 (mip.MTI <- 0b1, mip.STI <- 0b0)
mem[X,0x0000000080001A94] -> 0x1393
mem[X,0x0000000080001A96] -> 0x03F4
[2640] [M]: 0x0000000080001A94 (0x03F41393) slli x7, x8, 0x3f                       spcl_Mdispatch_hndling+4
x7 <- 0x8000000000000000

mem[X,0x0000000080001A98] -> 0xD863
mem[X,0x0000000080001A9A] -> 0x0003
[2641] [M]: 0x0000000080001A98 (0x0003D863) bge x7, x0, 0x10                        spcl_Mdispatch_hndling+8

clint mtime 0x0000000000000529 (mip.MTI <- 0b1, mip.STI <- 0b0)
mem[X,0x0000000080001A9C] -> 0x5413
mem[X,0x0000000080001A9E] -> 0x0014
[2642] [M]: 0x0000000080001A9C (0x00145413) srli x8, x8, 0x1                        spcl_Mdispatch_hndling+12
x8 <- 0x000000000000000F

mem[X,0x0000000080001AA0] -> 0x0CE3
mem[X,0x0000000080001AA2] -> 0xF885
[2643] [M]: 0x0000000080001AA0 (0xF8850CE3) beq x10, x8, -0x68                      spcl_Mdispatch_hndling+16

clint mtime 0x000000000000052A (mip.MTI <- 0b1, mip.STI <- 0b0)
mem[X,0x0000000080001A38] -> 0x3303
mem[X,0x0000000080001A3A] -> 0x2601
[2644] [M]: 0x0000000080001A38 (0x26013303) ld x6, 0x260(x2)                        resto_Mrtn+0
mem[R,0x0000000080004260] -> 0xFFFFFFFF7FFFF16C
x6 <- 0xFFFFFFFF7FFFF16C

mem[X,0x0000000080001A3C] -> 0x3383
mem[X,0x0000000080001A3E] -> 0x2681
[2645] [M]: 0x0000000080001A3C (0x26813383) ld x7, 0x268(x2)                        resto_Mrtn+4
mem[R,0x0000000080004268] -> 0x0000000080004000
x7 <- 0x0000000080004000

clint mtime 0x000000000000052B (mip.MTI <- 0b1, mip.STI <- 0b0)
mem[X,0x0000000080001A40] -> 0x3403
mem[X,0x0000000080001A42] -> 0x2701
[2646] [M]: 0x0000000080001A40 (0x27013403) ld x8, 0x270(x2)                        resto_Mrtn+8
mem[R,0x0000000080004270] -> 0x0000000000007F76
x8 <- 0x0000000000007F76

mem[X,0x0000000080001A44] -> 0x3483
mem[X,0x0000000080001A46] -> 0x2781
[2647] [M]: 0x0000000080001A44 (0x27813483) ld x9, 0x278(x2)                        resto_Mrtn+12
mem[R,0x0000000080004278] -> 0x0000000100000148
x9 <- 0x0000000100000148

clint mtime 0x000000000000052C (mip.MTI <- 0b1, mip.STI <- 0b0)
mem[X,0x0000000080001A48] -> 0x3503
mem[X,0x0000000080001A4A] -> 0x2801
[2648] [M]: 0x0000000080001A48 (0x28013503) ld x10, 0x280(x2)                       resto_Mrtn+16
mem[R,0x0000000080004280] -> 0x00000000200000C5
x10 <- 0x00000000200000C5

mem[X,0x0000000080001A4C] -> 0x3583
mem[X,0x0000000080001A4E] -> 0x2881
[2649] [M]: 0x0000000080001A4C (0x28813583) ld x11, 0x288(x2)                       resto_Mrtn+20
mem[R,0x0000000080004288] -> 0x00000000000000C5
x11 <- 0x00000000000000C5

clint mtime 0x000000000000052D (mip.MTI <- 0b1, mip.STI <- 0b0)
mem[X,0x0000000080001A50] -> 0x3103
mem[X,0x0000000080001A52] -> 0x2901
[2650] [M]: 0x0000000080001A50 (0x29013103) ld x2, 0x290(x2)                        resto_Mrtn+24
mem[R,0x0000000080004290] -> 0x0000000000000000
x2 <- 0x0000000000000000

mem[X,0x0000000080001A54] -> 0x0073
mem[X,0x0000000080001A56] -> 0x3020
[2651] [M]: 0x0000000080001A54 (0x30200073) mret                                    resto_Mrtn+28
CSR mstatus (0x300) <- 0x0000000A00000080
ret-ing from M to S

clint mtime 0x000000000000052E (mip.MTI <- 0b1, mip.STI <- 0b0)
PTW: Start, vpn=0x180001, access_type=X, privilege=Smem[R,0x0000000080007030] -> 0x00000000200000CB
PTW: Step, level=2, pte=0x200000CB, pte_addr=0x80007030
PTW: Success, final_ppn=0x80001, level=2mem[X,0x0000000080001004] -> 0xA703
PTW: Start, vpn=0x180001, access_type=X, privilege=Smem[R,0x0000000080007030] -> 0x00000000200000CB
PTW: Step, level=2, pte=0x200000CB, pte_addr=0x80007030
PTW: Success, final_ppn=0x80001, level=2mem[X,0x0000000080001006] -> 0x0147
[2652] [S]: 0x0000000180001004 (0x0147A703) lw x14, 0x14(x15)                       va_rvtest_code_begin+2088
PTW: Start, vpn=0x140000, access_type=R, privilege=Smem[R,0x0000000080007028] -> 0x0000000020001801
PTW: Step, level=2, pte=0x20001801, pte_addr=0x80007028
PTW: Start, vpn=0x140000, access_type=R, privilege=Smem[R,0x0000000080006000] -> 0x00000000200000C5
PTW: Step, level=1, pte=0x200000C5, pte_addr=0x80006000
PTW: failed, error=invalid-pte, level=1, pte_addr=0x80006000
trapping from S to M to handle load-page-fault
handling exc#load-page-fault at priv M with tval 0x0000000140000418
CSR mstatus (0x300) <- 0x0000000A00000800
CSR mcause (0x342) <- 0x000000000000000D
CSR mtval (0x343) <- 0x0000000140000418
CSR mepc (0x341) <- 0x0000000180001004

mem[X,0x0000000080001600] -> 0x006F
mem[X,0x0000000080001602] -> 0x1000
[2653] [M]: 0x0000000080001600 (0x1000006F) jal x0, 0x100                           Mtrampoline+0

clint mtime 0x000000000000052F (mip.MTI <- 0b1, mip.STI <- 0b0)
mem[X,0x0000000080001700] -> 0x1173
mem[X,0x0000000080001702] -> 0x3401
[2654] [M]: 0x0000000080001700 (0x34011173) csrrw x2, mscratch, x2                  trap_Mhandler+0
CSR mscratch (0x340) <- 0x0000000000000000
x2 <- 0x0000000080004000

mem[X,0x0000000080001704] -> 0x3423
mem[X,0x0000000080001706] -> 0x28B1
[2655] [M]: 0x0000000080001704 (0x28B13423) sd x11, 0x288(x2)                       trap_Mhandler+4
mem[W,0x0000000080004288] <- 0x00000000000000C5

clint mtime 0x0000000000000530 (mip.MTI <- 0b1, mip.STI <- 0b0)
mem[X,0x0000000080001708] -> 0x05EF
mem[X,0x000000008000170A] -> 0x0B80
[2656] [M]: 0x0000000080001708 (0x0B8005EF) jal x11, 0xb8                           trap_Mhandler+8
x11 <- 0x000000008000170C

mem[X,0x00000000800017C0] -> 0x3023
mem[X,0x00000000800017C2] -> 0x28A1
[2657] [M]: 0x00000000800017C0 (0x28A13023) sd x10, 0x280(x2)                       common_Mhandler+0
mem[W,0x0000000080004280] <- 0x00000000200000C5

clint mtime 0x0000000000000531 (mip.MTI <- 0b1, mip.STI <- 0b0)
mem[X,0x00000000800017C4] -> 0x1573
mem[X,0x00000000800017C6] -> 0x3401
[2658] [M]: 0x00000000800017C4 (0x34011573) csrrw x10, mscratch, x2                 common_Mhandler+4
CSR mscratch (0x340) <- 0x0000000080004000
x10 <- 0x0000000000000000

mem[X,0x00000000800017C8] -> 0x3823
mem[X,0x00000000800017CA] -> 0x28A1
[2659] [M]: 0x00000000800017C8 (0x28A13823) sd x10, 0x290(x2)                       common_Mhandler+8
mem[W,0x0000000080004290] <- 0x0000000000000000

clint mtime 0x0000000000000532 (mip.MTI <- 0b1, mip.STI <- 0b0)
mem[X,0x00000000800017CC] -> 0x3503
mem[X,0x00000000800017CE] -> 0x2301
[2660] [M]: 0x00000000800017CC (0x23013503) ld x10, 0x230(x2)                       common_Mhandler+12
mem[R,0x0000000080004230] -> 0x00000000800017D4
x10 <- 0x00000000800017D4

mem[X,0x00000000800017D0] -> 0x0067
mem[X,0x00000000800017D2] -> 0x0005
[2661] [M]: 0x00000000800017D0 (0x00050067) jalr x0, 0x0(x10)                       common_Mhandler+16

clint mtime 0x0000000000000533 (mip.MTI <- 0b1, mip.STI <- 0b0)
mem[X,0x00000000800017D4] -> 0x3C23
mem[X,0x00000000800017D6] -> 0x2691
[2662] [M]: 0x00000000800017D4 (0x26913C23) sd x9, 0x278(x2)                        common_Mentry+0
mem[W,0x0000000080004278] <- 0x0000000100000148

mem[X,0x00000000800017D8] -> 0x3823
mem[X,0x00000000800017DA] -> 0x2681
[2663] [M]: 0x00000000800017D8 (0x26813823) sd x8, 0x270(x2)                        common_Mentry+4
mem[W,0x0000000080004270] <- 0x0000000000007F76

clint mtime 0x0000000000000534 (mip.MTI <- 0b1, mip.STI <- 0b0)
mem[X,0x00000000800017DC] -> 0x3423
mem[X,0x00000000800017DE] -> 0x2671
[2664] [M]: 0x00000000800017DC (0x26713423) sd x7, 0x268(x2)                        common_Mentry+8
mem[W,0x0000000080004268] <- 0x0000000080004000

mem[X,0x00000000800017E0] -> 0x3023
mem[X,0x00000000800017E2] -> 0x2661
[2665] [M]: 0x00000000800017E0 (0x26613023) sd x6, 0x260(x2)                        common_Mentry+12
mem[W,0x0000000080004260] <- 0xFFFFFFFF7FFFF16C

clint mtime 0x0000000000000535 (mip.MTI <- 0b1, mip.STI <- 0b0)
mem[X,0x00000000800017E4] -> 0x2573
mem[X,0x00000000800017E6] -> 0x3420
[2666] [M]: 0x00000000800017E4 (0x34202573) csrrs x10, mcause, x0                   spcl_M2mmode_test+0
CSR mcause (0x342) -> 0x000000000000000D
x10 <- 0x000000000000000D

mem[X,0x00000000800017E8] -> 0x04B7
mem[X,0x00000000800017EA] -> 0x8000
[2667] [M]: 0x00000000800017E8 (0x800004B7) lui x9, -0x80000                        spcl_M2mmode_test+4
x9 <- 0xFFFFFFFF80000000

clint mtime 0x0000000000000536 (mip.MTI <- 0b1, mip.STI <- 0b0)
mem[X,0x00000000800017EC] -> 0x8493
mem[X,0x00000000800017EE] -> 0x0004
[2668] [M]: 0x00000000800017EC (0x00048493) addi x9, x9, 0x0                        spcl_M2mmode_test+8
x9 <- 0xFFFFFFFF80000000

mem[X,0x00000000800017F0] -> 0x9493
mem[X,0x00000000800017F2] -> 0x00B4
[2669] [M]: 0x00000000800017F0 (0x00B49493) slli x9, x9, 0xb                        spcl_M2mmode_test+12
x9 <- 0xFFFFFC0000000000

clint mtime 0x0000000000000537 (mip.MTI <- 0b1, mip.STI <- 0b0)
mem[X,0x00000000800017F4] -> 0x8493
mem[X,0x00000000800017F6] -> 0x0004
[2670] [M]: 0x00000000800017F4 (0x00048493) addi x9, x9, 0x0                        spcl_M2mmode_test+16
x9 <- 0xFFFFFC0000000000

mem[X,0x00000000800017F8] -> 0x9493
mem[X,0x00000000800017FA] -> 0x00B4
[2671] [M]: 0x00000000800017F8 (0x00B49493) slli x9, x9, 0xb                        spcl_M2mmode_test+20
x9 <- 0xFFE0000000000000

clint mtime 0x0000000000000538 (mip.MTI <- 0b1, mip.STI <- 0b0)
mem[X,0x00000000800017FC] -> 0x8493
mem[X,0x00000000800017FE] -> 0x0034
[2672] [M]: 0x00000000800017FC (0x00348493) addi x9, x9, 0x3                        spcl_M2mmode_test+24
x9 <- 0xFFE0000000000003

mem[X,0x0000000080001800] -> 0x9493
mem[X,0x0000000080001802] -> 0x00A4
[2673] [M]: 0x0000000080001800 (0x00A49493) slli x9, x9, 0xa                        spcl_M2mmode_test+28
x9 <- 0x8000000000000C00

clint mtime 0x0000000000000539 (mip.MTI <- 0b1, mip.STI <- 0b0)
mem[X,0x0000000080001804] -> 0x8493
mem[X,0x0000000080001806] -> 0x3FC4
[2674] [M]: 0x0000000080001804 (0x3FC48493) addi x9, x9, 0x3fc                      spcl_M2mmode_test+32
x9 <- 0x8000000000000FFC

mem[X,0x0000000080001808] -> 0xF4B3
mem[X,0x000000008000180A] -> 0x00A4
[2675] [M]: 0x0000000080001808 (0x00A4F4B3) and x9, x9, x10                         spcl_M2mmode_test+36
x9 <- 0x000000000000000C

clint mtime 0x000000000000053A (mip.MTI <- 0b1, mip.STI <- 0b0)
mem[X,0x000000008000180C] -> 0x8493
mem[X,0x000000008000180E] -> 0xFF84
[2676] [M]: 0x000000008000180C (0xFF848493) addi x9, x9, -0x8                       spcl_M2mmode_test+40
x9 <- 0x0000000000000004

mem[X,0x0000000080001810] -> 0x9663
mem[X,0x0000000080001812] -> 0x0004
[2677] [M]: 0x0000000080001810 (0x00049663) bne x9, x0, 0xc                         spcl_M2mmode_test+44

clint mtime 0x000000000000053B (mip.MTI <- 0b1, mip.STI <- 0b0)
mem[X,0x000000008000181C] -> 0x0393
mem[X,0x000000008000181E] -> 0x0200
[2678] [M]: 0x000000008000181C (0x02000393) addi x7, x0, 0x20                       Mtrapsig_ptr_upd+0
x7 <- 0x0000000000000020

mem[X,0x0000000080001820] -> 0x5263
mem[X,0x0000000080001822] -> 0x0405
[2679] [M]: 0x0000000080001820 (0x04055263) bge x10, x0, 0x44                       Mtrapsig_ptr_upd+4

clint mtime 0x000000000000053C (mip.MTI <- 0b1, mip.STI <- 0b0)
mem[X,0x0000000080001864] -> 0x2373
mem[X,0x0000000080001866] -> 0x3010
[2680] [M]: 0x0000000080001864 (0x30102373) csrrs x6, misa, x0                      Mxcpt_sig_sv+0
CSR misa (0x301) -> 0x800000000034112F
x6 <- 0x800000000034112F

mem[X,0x0000000080001868] -> 0x1313
mem[X,0x000000008000186A] -> 0x0383
[2681] [M]: 0x0000000080001868 (0x03831313) slli x6, x6, 0x38                       Mxcpt_sig_sv+4
x6 <- 0x2F00000000000000

clint mtime 0x000000000000053D (mip.MTI <- 0b1, mip.STI <- 0b0)
mem[X,0x000000008000186C] -> 0x5463
mem[X,0x000000008000186E] -> 0x0003
[2682] [M]: 0x000000008000186C (0x00035463) bge x6, x0, 0x8                         Mxcpt_sig_sv+8

mem[X,0x0000000080001874] -> 0x3303
mem[X,0x0000000080001876] -> 0x2181
[2683] [M]: 0x0000000080001874 (0x21813303) ld x6, 0x218(x2)                        Mtrap_sig_sv+0
mem[R,0x0000000080004218] -> 0x00000000800086D8
x6 <- 0x00000000800086D8

clint mtime 0x000000000000053E (mip.MTI <- 0b1, mip.STI <- 0b0)
mem[X,0x0000000080001878] -> 0x04B3
mem[X,0x000000008000187A] -> 0x0073
[2684] [M]: 0x0000000080001878 (0x007304B3) add x9, x6, x7                          Mtrap_sig_sv+4
x9 <- 0x00000000800086F8

mem[X,0x000000008000187C] -> 0x3C23
mem[X,0x000000008000187E] -> 0x2091
[2685] [M]: 0x000000008000187C (0x20913C23) sd x9, 0x218(x2)                        Mtrap_sig_sv+8
mem[W,0x0000000080004218] <- 0x00000000800086F8

clint mtime 0x000000000000053F (mip.MTI <- 0b1, mip.STI <- 0b0)
mem[X,0x0000000080001880] -> 0x3403
mem[X,0x0000000080001882] -> 0x1F81
[2686] [M]: 0x0000000080001880 (0x1F813403) ld x8, 0x1f8(x2)                        Mtrap_sig_sv+12
mem[R,0x00000000800041F8] -> 0x0000000080008110
x8 <- 0x0000000080008110

mem[X,0x0000000080001884] -> 0x0333
mem[X,0x0000000080001886] -> 0x4083
[2687] [M]: 0x0000000080001884 (0x40830333) sub x6, x6, x8                          Mtrap_sig_sv+16
x6 <- 0x00000000000005C8

clint mtime 0x0000000000000540 (mip.MTI <- 0b1, mip.STI <- 0b0)
mem[X,0x0000000080001888] -> 0x3403
mem[X,0x000000008000188A] -> 0x1F81
[2688] [M]: 0x0000000080001888 (0x1F813403) ld x8, 0x1f8(x2)                        Mtrap_sig_sv+20
mem[R,0x00000000800041F8] -> 0x0000000080008110
x8 <- 0x0000000080008110

mem[X,0x000000008000188C] -> 0x0333
mem[X,0x000000008000188E] -> 0x0083
[2689] [M]: 0x000000008000188C (0x00830333) add x6, x6, x8                          Mtrap_sig_sv+24
x6 <- 0x00000000800086D8

clint mtime 0x0000000000000541 (mip.MTI <- 0b1, mip.STI <- 0b0)
mem[X,0x0000000080001890] -> 0x3403
mem[X,0x0000000080001892] -> 0x2401
[2690] [M]: 0x0000000080001890 (0x24013403) ld x8, 0x240(x2)                        Mtrap_sig_sv+28
mem[R,0x0000000080004240] -> 0x0000000080001600
x8 <- 0x0000000080001600

mem[X,0x0000000080001894] -> 0x85B3
mem[X,0x0000000080001896] -> 0x4085
[2691] [M]: 0x0000000080001894 (0x408585B3) sub x11, x11, x8                        sv_Mvect+0
x11 <- 0x000000000000010C

clint mtime 0x0000000000000542 (mip.MTI <- 0b1, mip.STI <- 0b0)
mem[X,0x0000000080001898] -> 0x9593
mem[X,0x000000008000189A] -> 0x0045
[2692] [M]: 0x0000000080001898 (0x00459593) slli x11, x11, 0x4                      sv_Mvect+4
x11 <- 0x00000000000010C0

mem[X,0x000000008000189C] -> 0xE5B3
mem[X,0x000000008000189E] -> 0x0075
[2693] [M]: 0x000000008000189C (0x0075E5B3) or x11, x11, x7                         sv_Mvect+8
x11 <- 0x00000000000010E0

clint mtime 0x0000000000000543 (mip.MTI <- 0b1, mip.STI <- 0b0)
mem[X,0x00000000800018A0] -> 0x8593
mem[X,0x00000000800018A2] -> 0x0035
[2694] [M]: 0x00000000800018A0 (0x00358593) addi x11, x11, 0x3                      sv_Mvect+12
x11 <- 0x00000000000010E3

mem[X,0x00000000800018A4] -> 0x3023
mem[X,0x00000000800018A6] -> 0x00B3
[2695] [M]: 0x00000000800018A4 (0x00B33023) sd x11, 0x0(x6)                         sv_Mvect+16
mem[W,0x00000000800086D8] <- 0x00000000000010E3

clint mtime 0x0000000000000544 (mip.MTI <- 0b1, mip.STI <- 0b0)
mem[X,0x00000000800018A8] -> 0x3423
mem[X,0x00000000800018AA] -> 0x00A3
[2696] [M]: 0x00000000800018A8 (0x00A33423) sd x10, 0x8(x6)                         sv_Mcause+0
mem[W,0x00000000800086E0] <- 0x000000000000000D

mem[X,0x00000000800018AC] -> 0x4663
mem[X,0x00000000800018AE] -> 0x1A05
[2697] [M]: 0x00000000800018AC (0x1A054663) blt x10, x0, 0x1ac                      sv_Mcause+4

clint mtime 0x0000000000000545 (mip.MTI <- 0b1, mip.STI <- 0b0)
mem[X,0x00000000800018B0] -> 0x25F3
mem[X,0x00000000800018B2] -> 0x3000
[2698] [M]: 0x00000000800018B0 (0x300025F3) csrrs x11, mstatus, x0                  common_Mexcpt_handler+0
CSR mstatus (0x300) -> 0x0000000A00000800
x11 <- 0x0000000A00000800

mem[X,0x00000000800018B4] -> 0x9413
mem[X,0x00000000800018B6] -> 0x02E5
[2699] [M]: 0x00000000800018B4 (0x02E59413) slli x8, x11, 0x2e                      common_Mexcpt_handler+4
x8 <- 0x0200000000000000

clint mtime 0x0000000000000546 (mip.MTI <- 0b1, mip.STI <- 0b0)
mem[X,0x00000000800018B8] -> 0x5463
mem[X,0x00000000800018BA] -> 0x0004
[2700] [M]: 0x00000000800018B8 (0x00045463) bge x8, x0, 0x8                         common_Mexcpt_handler+8

mem[X,0x00000000800018C0] -> 0xD493
mem[X,0x00000000800018C2] -> 0x00B5
[2701] [M]: 0x00000000800018C0 (0x00B5D493) srli x9, x11, 0xb                       common_Mexcpt_handler+16
x9 <- 0x0000000001400001

clint mtime 0x0000000000000547 (mip.MTI <- 0b1, mip.STI <- 0b0)
mem[X,0x00000000800018C4] -> 0xF493
mem[X,0x00000000800018C6] -> 0x0034
[2702] [M]: 0x00000000800018C4 (0x0034F493) andi x9, x9, 0x3                        common_Mexcpt_handler+20
x9 <- 0x0000000000000001

mem[X,0x00000000800018C8] -> 0x8493
mem[X,0x00000000800018CA] -> 0x0014
[2703] [M]: 0x00000000800018C8 (0x00148493) addi x9, x9, 0x1                        common_Mexcpt_handler+24
x9 <- 0x0000000000000002

clint mtime 0x0000000000000548 (mip.MTI <- 0b1, mip.STI <- 0b0)
mem[X,0x00000000800018CC] -> 0xF493
mem[X,0x00000000800018CE] -> 0x0044
[2704] [M]: 0x00000000800018CC (0x0044F493) andi x9, x9, 0x4                        common_Mexcpt_handler+28
x9 <- 0x0000000000000000

mem[X,0x00000000800018D0] -> 0x0593
mem[X,0x00000000800018D2] -> 0x05D0
[2705] [M]: 0x00000000800018D0 (0x05D00593) addi x11, x0, 0x5d                      common_Mexcpt_handler+32
x11 <- 0x000000000000005D

clint mtime 0x0000000000000549 (mip.MTI <- 0b1, mip.STI <- 0b0)
mem[X,0x00000000800018D4] -> 0xD5B3
mem[X,0x00000000800018D6] -> 0x0095
[2706] [M]: 0x00000000800018D4 (0x0095D5B3) srl x11, x11, x9                        common_Mexcpt_handler+36
x11 <- 0x000000000000005D

mem[X,0x00000000800018D8] -> 0xF593
mem[X,0x00000000800018DA] -> 0x0015
[2707] [M]: 0x00000000800018D8 (0x0015F593) andi x11, x11, 0x1                      common_Mexcpt_handler+40
x11 <- 0x0000000000000001

clint mtime 0x000000000000054A (mip.MTI <- 0b1, mip.STI <- 0b0)
mem[X,0x00000000800018DC] -> 0x8EE3
mem[X,0x00000000800018DE] -> 0xF405
[2708] [M]: 0x00000000800018DC (0xF4058EE3) beq x11, x0, -0xa4                      common_Mexcpt_handler+44

mem[X,0x00000000800018E0] -> 0x0593
mem[X,0x00000000800018E2] -> 0x2980
[2709] [M]: 0x00000000800018E0 (0x29800593) addi x11, x0, 0x298                     common_Mexcpt_handler+48
x11 <- 0x0000000000000298

clint mtime 0x000000000000054B (mip.MTI <- 0b1, mip.STI <- 0b0)
mem[X,0x00000000800018E4] -> 0xF413
mem[X,0x00000000800018E6] -> 0x0014
[2710] [M]: 0x00000000800018E4 (0x0014F413) andi x8, x9, 0x1                        common_Mexcpt_handler+52
x8 <- 0x0000000000000000

mem[X,0x00000000800018E8] -> 0x95B3
mem[X,0x00000000800018EA] -> 0x0085
[2711] [M]: 0x00000000800018E8 (0x008595B3) sll x11, x11, x8                        common_Mexcpt_handler+56
x11 <- 0x0000000000000298

clint mtime 0x000000000000054C (mip.MTI <- 0b1, mip.STI <- 0b0)
mem[X,0x00000000800018EC] -> 0x9413
mem[X,0x00000000800018EE] -> 0x03D4
[2712] [M]: 0x00000000800018EC (0x03D49413) slli x8, x9, 0x3d                       common_Mexcpt_handler+60
x8 <- 0x0000000000000000

mem[X,0x00000000800018F0] -> 0x5413
mem[X,0x00000000800018F2] -> 0x43F4
[2713] [M]: 0x00000000800018F0 (0x43F45413) srai x8, x8, 0x3f                       common_Mexcpt_handler+64
x8 <- 0x0000000000000000

clint mtime 0x000000000000054D (mip.MTI <- 0b1, mip.STI <- 0b0)
mem[X,0x00000000800018F4] -> 0x4413
mem[X,0x00000000800018F6] -> 0xFFF4
[2714] [M]: 0x00000000800018F4 (0xFFF44413) xori x8, x8, -0x1                       common_Mexcpt_handler+68
x8 <- 0xFFFFFFFFFFFFFFFF

mem[X,0x00000000800018F8] -> 0xF4B3
mem[X,0x00000000800018FA] -> 0x0085
[2715] [M]: 0x00000000800018F8 (0x0085F4B3) and x9, x11, x8                         common_Mexcpt_handler+72
x9 <- 0x0000000000000298

clint mtime 0x000000000000054E (mip.MTI <- 0b1, mip.STI <- 0b0)
mem[X,0x00000000800018FC] -> 0x84B3
mem[X,0x00000000800018FE] -> 0x0024
[2716] [M]: 0x00000000800018FC (0x002484B3) add x9, x9, x2                          vmem_adj_Mepc+0
x9 <- 0x0000000080004298

mem[X,0x0000000080001900] -> 0x23F3
mem[X,0x0000000080001902] -> 0x3410
[2717] [M]: 0x0000000080001900 (0x341023F3) csrrs x7, mepc, x0                      vmem_adj_Mepc+4
CSR mepc (0x341) -> 0x0000000180001004
x7 <- 0x0000000180001004

clint mtime 0x000000000000054F (mip.MTI <- 0b1, mip.STI <- 0b0)
mem[X,0x0000000080001904] -> 0x0413
mem[X,0x0000000080001906] -> 0x0004
[2718] [M]: 0x0000000080001904 (0x00040413) addi x8, x8, 0x0                        vmem_adj_Mepc+8
x8 <- 0xFFFFFFFFFFFFFFFF

mem[X,0x0000000080001908] -> 0x006F
mem[X,0x000000008000190A] -> 0x0400
[2719] [M]: 0x0000000080001908 (0x0400006F) jal x0, 0x40                            vmem_adj_Mepc+12

clint mtime 0x0000000000000550 (mip.MTI <- 0b1, mip.STI <- 0b0)
mem[X,0x0000000080001948] -> 0x8433
mem[X,0x000000008000194A] -> 0x4083
[2720] [M]: 0x0000000080001948 (0x40838433) sub x8, x7, x8                          adj_Mepc+0
x8 <- 0x0000000180001005

mem[X,0x000000008000194C] -> 0x3823
mem[X,0x000000008000194E] -> 0x0083
[2721] [M]: 0x000000008000194C (0x00833823) sd x8, 0x10(x6)                         sv_Mepc+0
mem[W,0x00000000800086E8] <- 0x0000000180001005

clint mtime 0x0000000000000551 (mip.MTI <- 0b1, mip.STI <- 0b0)
mem[X,0x0000000080001950] -> 0x55B7
mem[X,0x0000000080001952] -> 0x0000
[2722] [M]: 0x0000000080001950 (0x000055B7) lui x11, 0x5                            sv_Mepc+4
x11 <- 0x0000000000005000

mem[X,0x0000000080001954] -> 0x8593
mem[X,0x0000000080001956] -> 0x6675
[2723] [M]: 0x0000000080001954 (0x66758593) addi x11, x11, 0x667                    sv_Mepc+8
x11 <- 0x0000000000005667

clint mtime 0x0000000000000552 (mip.MTI <- 0b1, mip.STI <- 0b0)
mem[X,0x0000000080001958] -> 0x9593
mem[X,0x000000008000195A] -> 0x0015
[2724] [M]: 0x0000000080001958 (0x00159593) slli x11, x11, 0x1                      sv_Mepc+12
x11 <- 0x000000000000ACCE

mem[X,0x000000008000195C] -> 0x9063
mem[X,0x000000008000195E] -> 0x02B1
[2725] [M]: 0x000000008000195C (0x02B19063) bne x3, x11, 0x20                       sv_Mepc+16

clint mtime 0x0000000000000553 (mip.MTI <- 0b1, mip.STI <- 0b0)
mem[X,0x0000000080001960] -> 0x2473
mem[X,0x0000000080001962] -> 0x3420
[2726] [M]: 0x0000000080001960 (0x34202473) csrrs x8, mcause, x0                    sv_Mepc+20
CSR mcause (0x342) -> 0x000000000000000D
x8 <- 0x000000000000000D

mem[X,0x0000000080001964] -> 0x0593
mem[X,0x0000000080001966] -> 0x00C0
[2727] [M]: 0x0000000080001964 (0x00C00593) addi x11, x0, 0xc                       sv_Mepc+24
x11 <- 0x000000000000000C

clint mtime 0x0000000000000554 (mip.MTI <- 0b1, mip.STI <- 0b0)
mem[X,0x0000000080001968] -> 0x0663
mem[X,0x000000008000196A] -> 0x00B4
[2728] [M]: 0x0000000080001968 (0x00B40663) beq x8, x11, 0xc                        sv_Mepc+28

mem[X,0x000000008000196C] -> 0x0593
mem[X,0x000000008000196E] -> 0x0010
[2729] [M]: 0x000000008000196C (0x00100593) addi x11, x0, 0x1                       sv_Mepc+32
x11 <- 0x0000000000000001

clint mtime 0x0000000000000555 (mip.MTI <- 0b1, mip.STI <- 0b0)
mem[X,0x0000000080001970] -> 0x1663
mem[X,0x0000000080001972] -> 0x00B4
[2730] [M]: 0x0000000080001970 (0x00B41663) bne x8, x11, 0xc                        sv_Mepc+36

mem[X,0x000000008000197C] -> 0xF593
mem[X,0x000000008000197E] -> 0xFFC3
[2731] [M]: 0x000000008000197C (0xFFC3F593) andi x11, x7, -0x4                      adj_Mepc_rtn+0
x11 <- 0x0000000180001004

clint mtime 0x0000000000000556 (mip.MTI <- 0b1, mip.STI <- 0b0)
mem[X,0x0000000080001980] -> 0x8593
mem[X,0x0000000080001982] -> 0x0085
[2732] [M]: 0x0000000080001980 (0x00858593) addi x11, x11, 0x8                      adj_Mepc_rtn+4
x11 <- 0x000000018000100C

mem[X,0x0000000080001984] -> 0x9073
mem[X,0x0000000080001986] -> 0x3415
[2733] [M]: 0x0000000080001984 (0x34159073) csrrw x0, mepc, x11                     adj_Mepc_rtn+8
CSR mepc (0x341) <- 0x000000018000100C

clint mtime 0x0000000000000557 (mip.MTI <- 0b1, mip.STI <- 0b0)
mem[X,0x0000000080001988] -> 0x23F3
mem[X,0x000000008000198A] -> 0x3430
[2734] [M]: 0x0000000080001988 (0x343023F3) csrrs x7, mtval, x0                     skp_adj_Mepc+0
CSR mtval (0x343) -> 0x0000000140000418
x7 <- 0x0000000140000418

mem[X,0x000000008000198C] -> 0x0413
mem[X,0x000000008000198E] -> 0x0004
[2735] [M]: 0x000000008000198C (0x00040413) addi x8, x8, 0x0                        skp_adj_Mepc+4
x8 <- 0x000000000000000D

clint mtime 0x0000000000000558 (mip.MTI <- 0b1, mip.STI <- 0b0)
mem[X,0x0000000080001990] -> 0x006F
mem[X,0x0000000080001992] -> 0x0840
[2736] [M]: 0x0000000080001990 (0x0840006F) jal x0, 0x84                            skp_adj_Mepc+8

mem[X,0x0000000080001A14] -> 0x8433
mem[X,0x0000000080001A16] -> 0x4083
[2737] [M]: 0x0000000080001A14 (0x40838433) sub x8, x7, x8                          adj_Mtval+0
x8 <- 0x000000014000040B

clint mtime 0x0000000000000559 (mip.MTI <- 0b1, mip.STI <- 0b0)
mem[X,0x0000000080001A18] -> 0x3C23
mem[X,0x0000000080001A1A] -> 0x0083
[2738] [M]: 0x0000000080001A18 (0x00833C23) sd x8, 0x18(x6)                         sv_Mtval+0
mem[W,0x00000000800086F0] <- 0x000000014000040B

mem[X,0x0000000080001A1C] -> 0x3483
mem[X,0x0000000080001A1E] -> 0x2181
[2739] [M]: 0x0000000080001A1C (0x21813483) ld x9, 0x218(x2)                        skp_Mtval+0
mem[R,0x0000000080004218] -> 0x00000000800086F8
x9 <- 0x00000000800086F8

clint mtime 0x000000000000055A (mip.MTI <- 0b1, mip.STI <- 0b0)
mem[X,0x0000000080001A20] -> 0x3383
mem[X,0x0000000080001A22] -> 0x1F81
[2740] [M]: 0x0000000080001A20 (0x1F813383) ld x7, 0x1f8(x2)                        skp_Mtval+4
mem[R,0x00000000800041F8] -> 0x0000000080008110
x7 <- 0x0000000080008110

mem[X,0x0000000080001A24] -> 0x3303
mem[X,0x0000000080001A26] -> 0x2001
[2741] [M]: 0x0000000080001A24 (0x20013303) ld x6, 0x200(x2)                        skp_Mtval+8
mem[R,0x0000000080004200] -> 0x0000000000000810
x6 <- 0x0000000000000810

clint mtime 0x000000000000055B (mip.MTI <- 0b1, mip.STI <- 0b0)
mem[X,0x0000000080001A28] -> 0x0333
mem[X,0x0000000080001A2A] -> 0x0073
[2742] [M]: 0x0000000080001A28 (0x00730333) add x6, x6, x7                          skp_Mtval+12
x6 <- 0x0000000080008920

mem[X,0x0000000080001A2C] -> 0x6AE3
mem[X,0x0000000080001A2E] -> 0xAC93
[2743] [M]: 0x0000000080001A2C (0xAC936AE3) bltu x6, x9, -0x52c                     skp_Mtval+16

clint mtime 0x000000000000055C (mip.MTI <- 0b1, mip.STI <- 0b0)
mem[X,0x0000000080001A30] -> 0x0393
mem[X,0x0000000080001A32] -> 0x2000
[2744] [M]: 0x0000000080001A30 (0x20000393) addi x7, x0, 0x200                      skp_Mtval+20
x7 <- 0x0000000000000200

mem[X,0x0000000080001A34] -> 0x006F
mem[X,0x0000000080001A36] -> 0x0400
[2745] [M]: 0x0000000080001A34 (0x0400006F) jal x0, 0x40                            skp_Mtval+24

clint mtime 0x000000000000055D (mip.MTI <- 0b1, mip.STI <- 0b0)
mem[X,0x0000000080001A74] -> 0x0417
mem[X,0x0000000080001A76] -> 0x0000
[2746] [M]: 0x0000000080001A74 (0x00000417) auipc x8, 0x0                           spcl_Mhandler+0
x8 <- 0x0000000080001A74

mem[X,0x0000000080001A78] -> 0x0413
mem[X,0x0000000080001A7A] -> 0x03C4
[2747] [M]: 0x0000000080001A78 (0x03C40413) addi x8, x8, 0x3c                       spcl_Mhandler+4
x8 <- 0x0000000080001AB0

clint mtime 0x000000000000055E (mip.MTI <- 0b1, mip.STI <- 0b0)
mem[X,0x0000000080001A7C] -> 0x0433
mem[X,0x0000000080001A7E] -> 0x0074
[2748] [M]: 0x0000000080001A7C (0x00740433) add x8, x8, x7                          spcl_Mhandler+8
x8 <- 0x0000000080001CB0

mem[X,0x0000000080001A80] -> 0x1393
mem[X,0x0000000080001A82] -> 0x0035
[2749] [M]: 0x0000000080001A80 (0x00351393) slli x7, x10, 0x3                       spcl_Mhandler+12
x7 <- 0x0000000000000068

clint mtime 0x000000000000055F (mip.MTI <- 0b1, mip.STI <- 0b0)
mem[X,0x0000000080001A84] -> 0x0433
mem[X,0x0000000080001A86] -> 0x0074
[2750] [M]: 0x0000000080001A84 (0x00740433) add x8, x8, x7                          spcl_Mhandler+16
x8 <- 0x0000000080001D18

mem[X,0x0000000080001A88] -> 0x7413
mem[X,0x0000000080001A8A] -> 0xFF84
[2751] [M]: 0x0000000080001A88 (0xFF847413) andi x8, x8, -0x8                       spcl_Mhandler+20
x8 <- 0x0000000080001D18

clint mtime 0x0000000000000560 (mip.MTI <- 0b1, mip.STI <- 0b0)
mem[X,0x0000000080001A8C] -> 0x3403
mem[X,0x0000000080001A8E] -> 0x0004
[2752] [M]: 0x0000000080001A8C (0x00043403) ld x8, 0x0(x8)                          spcl_Mhandler+24
mem[R,0x0000000080001D18] -> 0x000000000000001B
x8 <- 0x000000000000001B

mem[X,0x0000000080001A90] -> 0x02E3
mem[X,0x0000000080001A92] -> 0xB004
[2753] [M]: 0x0000000080001A90 (0xB00402E3) beq x8, x0, -0x4fc                      spcl_Mdispatch_hndling+0

clint mtime 0x0000000000000561 (mip.MTI <- 0b1, mip.STI <- 0b0)
mem[X,0x0000000080001A94] -> 0x1393
mem[X,0x0000000080001A96] -> 0x03F4
[2754] [M]: 0x0000000080001A94 (0x03F41393) slli x7, x8, 0x3f                       spcl_Mdispatch_hndling+4
x7 <- 0x8000000000000000

mem[X,0x0000000080001A98] -> 0xD863
mem[X,0x0000000080001A9A] -> 0x0003
[2755] [M]: 0x0000000080001A98 (0x0003D863) bge x7, x0, 0x10                        spcl_Mdispatch_hndling+8

clint mtime 0x0000000000000562 (mip.MTI <- 0b1, mip.STI <- 0b0)
mem[X,0x0000000080001A9C] -> 0x5413
mem[X,0x0000000080001A9E] -> 0x0014
[2756] [M]: 0x0000000080001A9C (0x00145413) srli x8, x8, 0x1                        spcl_Mdispatch_hndling+12
x8 <- 0x000000000000000D

mem[X,0x0000000080001AA0] -> 0x0CE3
mem[X,0x0000000080001AA2] -> 0xF885
[2757] [M]: 0x0000000080001AA0 (0xF8850CE3) beq x10, x8, -0x68                      spcl_Mdispatch_hndling+16

clint mtime 0x0000000000000563 (mip.MTI <- 0b1, mip.STI <- 0b0)
mem[X,0x0000000080001A38] -> 0x3303
mem[X,0x0000000080001A3A] -> 0x2601
[2758] [M]: 0x0000000080001A38 (0x26013303) ld x6, 0x260(x2)                        resto_Mrtn+0
mem[R,0x0000000080004260] -> 0xFFFFFFFF7FFFF16C
x6 <- 0xFFFFFFFF7FFFF16C

mem[X,0x0000000080001A3C] -> 0x3383
mem[X,0x0000000080001A3E] -> 0x2681
[2759] [M]: 0x0000000080001A3C (0x26813383) ld x7, 0x268(x2)                        resto_Mrtn+4
mem[R,0x0000000080004268] -> 0x0000000080004000
x7 <- 0x0000000080004000

clint mtime 0x0000000000000564 (mip.MTI <- 0b1, mip.STI <- 0b0)
mem[X,0x0000000080001A40] -> 0x3403
mem[X,0x0000000080001A42] -> 0x2701
[2760] [M]: 0x0000000080001A40 (0x27013403) ld x8, 0x270(x2)                        resto_Mrtn+8
mem[R,0x0000000080004270] -> 0x0000000000007F76
x8 <- 0x0000000000007F76

mem[X,0x0000000080001A44] -> 0x3483
mem[X,0x0000000080001A46] -> 0x2781
[2761] [M]: 0x0000000080001A44 (0x27813483) ld x9, 0x278(x2)                        resto_Mrtn+12
mem[R,0x0000000080004278] -> 0x0000000100000148
x9 <- 0x0000000100000148

clint mtime 0x0000000000000565 (mip.MTI <- 0b1, mip.STI <- 0b0)
mem[X,0x0000000080001A48] -> 0x3503
mem[X,0x0000000080001A4A] -> 0x2801
[2762] [M]: 0x0000000080001A48 (0x28013503) ld x10, 0x280(x2)                       resto_Mrtn+16
mem[R,0x0000000080004280] -> 0x00000000200000C5
x10 <- 0x00000000200000C5

mem[X,0x0000000080001A4C] -> 0x3583
mem[X,0x0000000080001A4E] -> 0x2881
[2763] [M]: 0x0000000080001A4C (0x28813583) ld x11, 0x288(x2)                       resto_Mrtn+20
mem[R,0x0000000080004288] -> 0x00000000000000C5
x11 <- 0x00000000000000C5

clint mtime 0x0000000000000566 (mip.MTI <- 0b1, mip.STI <- 0b0)
mem[X,0x0000000080001A50] -> 0x3103
mem[X,0x0000000080001A52] -> 0x2901
[2764] [M]: 0x0000000080001A50 (0x29013103) ld x2, 0x290(x2)                        resto_Mrtn+24
mem[R,0x0000000080004290] -> 0x0000000000000000
x2 <- 0x0000000000000000

mem[X,0x0000000080001A54] -> 0x0073
mem[X,0x0000000080001A56] -> 0x3020
[2765] [M]: 0x0000000080001A54 (0x30200073) mret                                    resto_Mrtn+28
CSR mstatus (0x300) <- 0x0000000A00000080
ret-ing from M to S

clint mtime 0x0000000000000567 (mip.MTI <- 0b1, mip.STI <- 0b0)
PTW: Start, vpn=0x180001, access_type=X, privilege=Smem[R,0x0000000080007030] -> 0x00000000200000CB
PTW: Step, level=2, pte=0x200000CB, pte_addr=0x80007030
PTW: Success, final_ppn=0x80001, level=2mem[X,0x000000008000100C] -> 0x51B7
PTW: Start, vpn=0x180001, access_type=X, privilege=Smem[R,0x0000000080007030] -> 0x00000000200000CB
PTW: Step, level=2, pte=0x200000CB, pte_addr=0x80007030
PTW: Success, final_ppn=0x80001, level=2mem[X,0x000000008000100E] -> 0x0000
[2766] [S]: 0x000000018000100C (0x000051B7) lui x3, 0x5                             va_rvtest_code_begin+2096
x3 <- 0x0000000000005000

PTW: Start, vpn=0x180001, access_type=X, privilege=Smem[R,0x0000000080007030] -> 0x00000000200000CB
PTW: Step, level=2, pte=0x200000CB, pte_addr=0x80007030
PTW: Success, final_ppn=0x80001, level=2mem[X,0x0000000080001010] -> 0x8193
PTW: Start, vpn=0x180001, access_type=X, privilege=Smem[R,0x0000000080007030] -> 0x00000000200000CB
PTW: Step, level=2, pte=0x200000CB, pte_addr=0x80007030
PTW: Success, final_ppn=0x80001, level=2mem[X,0x0000000080001012] -> 0x6671
[2767] [S]: 0x0000000180001010 (0x66718193) addi x3, x3, 0x667                      va_rvtest_code_begin+2100
x3 <- 0x0000000000005667

clint mtime 0x0000000000000568 (mip.MTI <- 0b1, mip.STI <- 0b0)
PTW: Start, vpn=0x180001, access_type=X, privilege=Smem[R,0x0000000080007030] -> 0x00000000200000CB
PTW: Step, level=2, pte=0x200000CB, pte_addr=0x80007030
PTW: Success, final_ppn=0x80001, level=2mem[X,0x0000000080001014] -> 0x9193
PTW: Start, vpn=0x180001, access_type=X, privilege=Smem[R,0x0000000080007030] -> 0x00000000200000CB
PTW: Step, level=2, pte=0x200000CB, pte_addr=0x80007030
PTW: Success, final_ppn=0x80001, level=2mem[X,0x0000000080001016] -> 0x0011
[2768] [S]: 0x0000000180001014 (0x00119193) slli x3, x3, 0x1                        va_rvtest_code_begin+2104
x3 <- 0x000000000000ACCE

PTW: Start, vpn=0x180001, access_type=X, privilege=Smem[R,0x0000000080007030] -> 0x00000000200000CB
PTW: Step, level=2, pte=0x200000CB, pte_addr=0x80007030
PTW: Success, final_ppn=0x80001, level=2mem[X,0x0000000080001018] -> 0x0013
PTW: Start, vpn=0x180001, access_type=X, privilege=Smem[R,0x0000000080007030] -> 0x00000000200000CB
PTW: Step, level=2, pte=0x200000CB, pte_addr=0x80007030
PTW: Success, final_ppn=0x80001, level=2mem[X,0x000000008000101A] -> 0x0000
[2769] [S]: 0x0000000180001018 (0x00000013) addi x0, x0, 0x0                        va_rvtest_code_begin+2108

clint mtime 0x0000000000000569 (mip.MTI <- 0b1, mip.STI <- 0b0)
PTW: Start, vpn=0x180001, access_type=X, privilege=Smem[R,0x0000000080007030] -> 0x00000000200000CB
PTW: Step, level=2, pte=0x200000CB, pte_addr=0x80007030
PTW: Success, final_ppn=0x80001, level=2mem[X,0x000000008000101C] -> 0x0013
PTW: Start, vpn=0x180001, access_type=X, privilege=Smem[R,0x0000000080007030] -> 0x00000000200000CB
PTW: Step, level=2, pte=0x200000CB, pte_addr=0x80007030
PTW: Success, final_ppn=0x80001, level=2mem[X,0x000000008000101E] -> 0x0000
[2770] [S]: 0x000000018000101C (0x00000013) addi x0, x0, 0x0                        va_rvtest_code_begin+2112

PTW: Start, vpn=0x180001, access_type=X, privilege=Smem[R,0x0000000080007030] -> 0x00000000200000CB
PTW: Step, level=2, pte=0x200000CB, pte_addr=0x80007030
PTW: Success, final_ppn=0x80001, level=2mem[X,0x0000000080001020] -> 0x0217
PTW: Start, vpn=0x180001, access_type=X, privilege=Smem[R,0x0000000080007030] -> 0x00000000200000CB
PTW: Step, level=2, pte=0x200000CB, pte_addr=0x80007030
PTW: Success, final_ppn=0x80001, level=2mem[X,0x0000000080001022] -> 0x0000
[2771] [S]: 0x0000000180001020 (0x00000217) auipc x4, 0x0                           va_rvtest_code_begin+2116
x4 <- 0x0000000180001020

clint mtime 0x000000000000056A (mip.MTI <- 0b1, mip.STI <- 0b0)
PTW: Start, vpn=0x180001, access_type=X, privilege=Smem[R,0x0000000080007030] -> 0x00000000200000CB
PTW: Step, level=2, pte=0x200000CB, pte_addr=0x80007030
PTW: Success, final_ppn=0x80001, level=2mem[X,0x0000000080001024] -> 0x0213
PTW: Start, vpn=0x180001, access_type=X, privilege=Smem[R,0x0000000080007030] -> 0x00000000200000CB
PTW: Step, level=2, pte=0x200000CB, pte_addr=0x80007030
PTW: Success, final_ppn=0x80001, level=2mem[X,0x0000000080001026] -> 0x02C2
[2772] [S]: 0x0000000180001024 (0x02C20213) addi x4, x4, 0x2c                       va_rvtest_code_begin+2120
x4 <- 0x000000018000104C

PTW: Start, vpn=0x180001, access_type=X, privilege=Smem[R,0x0000000080007030] -> 0x00000000200000CB
PTW: Step, level=2, pte=0x200000CB, pte_addr=0x80007030
PTW: Success, final_ppn=0x80001, level=2mem[X,0x0000000080001028] -> 0x0001
[2773] [S]: 0x0000000180001028 (0x0001) c.nop                                       va_rvtest_code_begin+2124

clint mtime 0x000000000000056B (mip.MTI <- 0b1, mip.STI <- 0b0)
PTW: Start, vpn=0x180001, access_type=X, privilege=Smem[R,0x0000000080007030] -> 0x00000000200000CB
PTW: Step, level=2, pte=0x200000CB, pte_addr=0x80007030
PTW: Success, final_ppn=0x80001, level=2mem[X,0x000000008000102A] -> 0x0013
PTW: Start, vpn=0x180001, access_type=X, privilege=Smem[R,0x0000000080007030] -> 0x00000000200000CB
PTW: Step, level=2, pte=0x200000CB, pte_addr=0x80007030
PTW: Success, final_ppn=0x80001, level=2mem[X,0x000000008000102C] -> 0x0000
[2774] [S]: 0x000000018000102A (0x00000013) addi x0, x0, 0x0                        va_rvtest_code_begin+2126

PTW: Start, vpn=0x180001, access_type=X, privilege=Smem[R,0x0000000080007030] -> 0x00000000200000CB
PTW: Step, level=2, pte=0x200000CB, pte_addr=0x80007030
PTW: Success, final_ppn=0x80001, level=2mem[X,0x000000008000102E] -> 0x0013
PTW: Start, vpn=0x180001, access_type=X, privilege=Smem[R,0x0000000080007030] -> 0x00000000200000CB
PTW: Step, level=2, pte=0x200000CB, pte_addr=0x80007030
PTW: Success, final_ppn=0x80001, level=2mem[X,0x0000000080001030] -> 0x0000
[2775] [S]: 0x000000018000102E (0x00000013) addi x0, x0, 0x0                        va_rvtest_code_begin+2130

clint mtime 0x000000000000056C (mip.MTI <- 0b1, mip.STI <- 0b0)
PTW: Start, vpn=0x180001, access_type=X, privilege=Smem[R,0x0000000080007030] -> 0x00000000200000CB
PTW: Step, level=2, pte=0x200000CB, pte_addr=0x80007030
PTW: Success, final_ppn=0x80001, level=2mem[X,0x0000000080001032] -> 0x0013
PTW: Start, vpn=0x180001, access_type=X, privilege=Smem[R,0x0000000080007030] -> 0x00000000200000CB
PTW: Step, level=2, pte=0x200000CB, pte_addr=0x80007030
PTW: Success, final_ppn=0x80001, level=2mem[X,0x0000000080001034] -> 0x0000
[2776] [S]: 0x0000000180001032 (0x00000013) addi x0, x0, 0x0                        va_rvtest_code_begin+2134

PTW: Start, vpn=0x180001, access_type=X, privilege=Smem[R,0x0000000080007030] -> 0x00000000200000CB
PTW: Step, level=2, pte=0x200000CB, pte_addr=0x80007030
PTW: Success, final_ppn=0x80001, level=2mem[X,0x0000000080001036] -> 0x0013
PTW: Start, vpn=0x180001, access_type=X, privilege=Smem[R,0x0000000080007030] -> 0x00000000200000CB
PTW: Step, level=2, pte=0x200000CB, pte_addr=0x80007030
PTW: Success, final_ppn=0x80001, level=2mem[X,0x0000000080001038] -> 0x0000
[2777] [S]: 0x0000000180001036 (0x00000013) addi x0, x0, 0x0                        va_rvtest_code_begin+2138

clint mtime 0x000000000000056D (mip.MTI <- 0b1, mip.STI <- 0b0)
PTW: Start, vpn=0x180001, access_type=X, privilege=Smem[R,0x0000000080007030] -> 0x00000000200000CB
PTW: Step, level=2, pte=0x200000CB, pte_addr=0x80007030
PTW: Success, final_ppn=0x80001, level=2mem[X,0x000000008000103A] -> 0x0013
PTW: Start, vpn=0x180001, access_type=X, privilege=Smem[R,0x0000000080007030] -> 0x00000000200000CB
PTW: Step, level=2, pte=0x200000CB, pte_addr=0x80007030
PTW: Success, final_ppn=0x80001, level=2mem[X,0x000000008000103C] -> 0x0000
[2778] [S]: 0x000000018000103A (0x00000013) addi x0, x0, 0x0                        va_rvtest_code_begin+2142

PTW: Start, vpn=0x180001, access_type=X, privilege=Smem[R,0x0000000080007030] -> 0x00000000200000CB
PTW: Step, level=2, pte=0x200000CB, pte_addr=0x80007030
PTW: Success, final_ppn=0x80001, level=2mem[X,0x000000008000103E] -> 0x0001
[2779] [S]: 0x000000018000103E (0x0001) c.nop                                       va_rvtest_code_begin+2146

clint mtime 0x000000000000056E (mip.MTI <- 0b1, mip.STI <- 0b0)
PTW: Start, vpn=0x180001, access_type=X, privilege=Smem[R,0x0000000080007030] -> 0x00000000200000CB
PTW: Step, level=2, pte=0x200000CB, pte_addr=0x80007030
PTW: Success, final_ppn=0x80001, level=2mem[X,0x0000000080001040] -> 0x80E7
PTW: Start, vpn=0x180001, access_type=X, privilege=Smem[R,0x0000000080007030] -> 0x00000000200000CB
PTW: Step, level=2, pte=0x200000CB, pte_addr=0x80007030
PTW: Success, final_ppn=0x80001, level=2mem[X,0x0000000080001042] -> 0x0007
[2780] [S]: 0x0000000180001040 (0x000780E7) jalr x1, 0x0(x15)                       va_rvtest_code_begin+2148
x1 <- 0x0000000180001044

PTW: Start, vpn=0x140000, access_type=X, privilege=Smem[R,0x0000000080007028] -> 0x0000000020001801
PTW: Step, level=2, pte=0x20001801, pte_addr=0x80007028
PTW: Start, vpn=0x140000, access_type=X, privilege=Smem[R,0x0000000080006000] -> 0x00000000200000C5
PTW: Step, level=1, pte=0x200000C5, pte_addr=0x80006000
PTW: failed, error=invalid-pte, level=1, pte_addr=0x80006000
trapping from S to M to handle fetch-page-fault
handling exc#fetch-page-fault at priv M with tval 0x0000000140000404
CSR mstatus (0x300) <- 0x0000000A00000800
CSR mcause (0x342) <- 0x000000000000000C
CSR mtval (0x343) <- 0x0000000140000404
CSR mepc (0x341) <- 0x0000000140000404

clint mtime 0x000000000000056F (mip.MTI <- 0b1, mip.STI <- 0b0)
mem[X,0x0000000080001600] -> 0x006F
mem[X,0x0000000080001602] -> 0x1000
[2782] [M]: 0x0000000080001600 (0x1000006F) jal x0, 0x100                           Mtrampoline+0

mem[X,0x0000000080001700] -> 0x1173
mem[X,0x0000000080001702] -> 0x3401
[2783] [M]: 0x0000000080001700 (0x34011173) csrrw x2, mscratch, x2                  trap_Mhandler+0
CSR mscratch (0x340) <- 0x0000000000000000
x2 <- 0x0000000080004000

clint mtime 0x0000000000000570 (mip.MTI <- 0b1, mip.STI <- 0b0)
mem[X,0x0000000080001704] -> 0x3423
mem[X,0x0000000080001706] -> 0x28B1
[2784] [M]: 0x0000000080001704 (0x28B13423) sd x11, 0x288(x2)                       trap_Mhandler+4
mem[W,0x0000000080004288] <- 0x00000000000000C5

mem[X,0x0000000080001708] -> 0x05EF
mem[X,0x000000008000170A] -> 0x0B80
[2785] [M]: 0x0000000080001708 (0x0B8005EF) jal x11, 0xb8                           trap_Mhandler+8
x11 <- 0x000000008000170C

clint mtime 0x0000000000000571 (mip.MTI <- 0b1, mip.STI <- 0b0)
mem[X,0x00000000800017C0] -> 0x3023
mem[X,0x00000000800017C2] -> 0x28A1
[2786] [M]: 0x00000000800017C0 (0x28A13023) sd x10, 0x280(x2)                       common_Mhandler+0
mem[W,0x0000000080004280] <- 0x00000000200000C5

mem[X,0x00000000800017C4] -> 0x1573
mem[X,0x00000000800017C6] -> 0x3401
[2787] [M]: 0x00000000800017C4 (0x34011573) csrrw x10, mscratch, x2                 common_Mhandler+4
CSR mscratch (0x340) <- 0x0000000080004000
x10 <- 0x0000000000000000

clint mtime 0x0000000000000572 (mip.MTI <- 0b1, mip.STI <- 0b0)
mem[X,0x00000000800017C8] -> 0x3823
mem[X,0x00000000800017CA] -> 0x28A1
[2788] [M]: 0x00000000800017C8 (0x28A13823) sd x10, 0x290(x2)                       common_Mhandler+8
mem[W,0x0000000080004290] <- 0x0000000000000000

mem[X,0x00000000800017CC] -> 0x3503
mem[X,0x00000000800017CE] -> 0x2301
[2789] [M]: 0x00000000800017CC (0x23013503) ld x10, 0x230(x2)                       common_Mhandler+12
mem[R,0x0000000080004230] -> 0x00000000800017D4
x10 <- 0x00000000800017D4

clint mtime 0x0000000000000573 (mip.MTI <- 0b1, mip.STI <- 0b0)
mem[X,0x00000000800017D0] -> 0x0067
mem[X,0x00000000800017D2] -> 0x0005
[2790] [M]: 0x00000000800017D0 (0x00050067) jalr x0, 0x0(x10)                       common_Mhandler+16

mem[X,0x00000000800017D4] -> 0x3C23
mem[X,0x00000000800017D6] -> 0x2691
[2791] [M]: 0x00000000800017D4 (0x26913C23) sd x9, 0x278(x2)                        common_Mentry+0
mem[W,0x0000000080004278] <- 0x0000000100000148

clint mtime 0x0000000000000574 (mip.MTI <- 0b1, mip.STI <- 0b0)
mem[X,0x00000000800017D8] -> 0x3823
mem[X,0x00000000800017DA] -> 0x2681
[2792] [M]: 0x00000000800017D8 (0x26813823) sd x8, 0x270(x2)                        common_Mentry+4
mem[W,0x0000000080004270] <- 0x0000000000007F76

mem[X,0x00000000800017DC] -> 0x3423
mem[X,0x00000000800017DE] -> 0x2671
[2793] [M]: 0x00000000800017DC (0x26713423) sd x7, 0x268(x2)                        common_Mentry+8
mem[W,0x0000000080004268] <- 0x0000000080004000

clint mtime 0x0000000000000575 (mip.MTI <- 0b1, mip.STI <- 0b0)
mem[X,0x00000000800017E0] -> 0x3023
mem[X,0x00000000800017E2] -> 0x2661
[2794] [M]: 0x00000000800017E0 (0x26613023) sd x6, 0x260(x2)                        common_Mentry+12
mem[W,0x0000000080004260] <- 0xFFFFFFFF7FFFF16C

mem[X,0x00000000800017E4] -> 0x2573
mem[X,0x00000000800017E6] -> 0x3420
[2795] [M]: 0x00000000800017E4 (0x34202573) csrrs x10, mcause, x0                   spcl_M2mmode_test+0
CSR mcause (0x342) -> 0x000000000000000C
x10 <- 0x000000000000000C

clint mtime 0x0000000000000576 (mip.MTI <- 0b1, mip.STI <- 0b0)
mem[X,0x00000000800017E8] -> 0x04B7
mem[X,0x00000000800017EA] -> 0x8000
[2796] [M]: 0x00000000800017E8 (0x800004B7) lui x9, -0x80000                        spcl_M2mmode_test+4
x9 <- 0xFFFFFFFF80000000

mem[X,0x00000000800017EC] -> 0x8493
mem[X,0x00000000800017EE] -> 0x0004
[2797] [M]: 0x00000000800017EC (0x00048493) addi x9, x9, 0x0                        spcl_M2mmode_test+8
x9 <- 0xFFFFFFFF80000000

clint mtime 0x0000000000000577 (mip.MTI <- 0b1, mip.STI <- 0b0)
mem[X,0x00000000800017F0] -> 0x9493
mem[X,0x00000000800017F2] -> 0x00B4
[2798] [M]: 0x00000000800017F0 (0x00B49493) slli x9, x9, 0xb                        spcl_M2mmode_test+12
x9 <- 0xFFFFFC0000000000

mem[X,0x00000000800017F4] -> 0x8493
mem[X,0x00000000800017F6] -> 0x0004
[2799] [M]: 0x00000000800017F4 (0x00048493) addi x9, x9, 0x0                        spcl_M2mmode_test+16
x9 <- 0xFFFFFC0000000000

clint mtime 0x0000000000000578 (mip.MTI <- 0b1, mip.STI <- 0b0)
mem[X,0x00000000800017F8] -> 0x9493
mem[X,0x00000000800017FA] -> 0x00B4
[2800] [M]: 0x00000000800017F8 (0x00B49493) slli x9, x9, 0xb                        spcl_M2mmode_test+20
x9 <- 0xFFE0000000000000

mem[X,0x00000000800017FC] -> 0x8493
mem[X,0x00000000800017FE] -> 0x0034
[2801] [M]: 0x00000000800017FC (0x00348493) addi x9, x9, 0x3                        spcl_M2mmode_test+24
x9 <- 0xFFE0000000000003

clint mtime 0x0000000000000579 (mip.MTI <- 0b1, mip.STI <- 0b0)
mem[X,0x0000000080001800] -> 0x9493
mem[X,0x0000000080001802] -> 0x00A4
[2802] [M]: 0x0000000080001800 (0x00A49493) slli x9, x9, 0xa                        spcl_M2mmode_test+28
x9 <- 0x8000000000000C00

mem[X,0x0000000080001804] -> 0x8493
mem[X,0x0000000080001806] -> 0x3FC4
[2803] [M]: 0x0000000080001804 (0x3FC48493) addi x9, x9, 0x3fc                      spcl_M2mmode_test+32
x9 <- 0x8000000000000FFC

clint mtime 0x000000000000057A (mip.MTI <- 0b1, mip.STI <- 0b0)
mem[X,0x0000000080001808] -> 0xF4B3
mem[X,0x000000008000180A] -> 0x00A4
[2804] [M]: 0x0000000080001808 (0x00A4F4B3) and x9, x9, x10                         spcl_M2mmode_test+36
x9 <- 0x000000000000000C

mem[X,0x000000008000180C] -> 0x8493
mem[X,0x000000008000180E] -> 0xFF84
[2805] [M]: 0x000000008000180C (0xFF848493) addi x9, x9, -0x8                       spcl_M2mmode_test+40
x9 <- 0x0000000000000004

clint mtime 0x000000000000057B (mip.MTI <- 0b1, mip.STI <- 0b0)
mem[X,0x0000000080001810] -> 0x9663
mem[X,0x0000000080001812] -> 0x0004
[2806] [M]: 0x0000000080001810 (0x00049663) bne x9, x0, 0xc                         spcl_M2mmode_test+44

mem[X,0x000000008000181C] -> 0x0393
mem[X,0x000000008000181E] -> 0x0200
[2807] [M]: 0x000000008000181C (0x02000393) addi x7, x0, 0x20                       Mtrapsig_ptr_upd+0
x7 <- 0x0000000000000020

clint mtime 0x000000000000057C (mip.MTI <- 0b1, mip.STI <- 0b0)
mem[X,0x0000000080001820] -> 0x5263
mem[X,0x0000000080001822] -> 0x0405
[2808] [M]: 0x0000000080001820 (0x04055263) bge x10, x0, 0x44                       Mtrapsig_ptr_upd+4

mem[X,0x0000000080001864] -> 0x2373
mem[X,0x0000000080001866] -> 0x3010
[2809] [M]: 0x0000000080001864 (0x30102373) csrrs x6, misa, x0                      Mxcpt_sig_sv+0
CSR misa (0x301) -> 0x800000000034112F
x6 <- 0x800000000034112F

clint mtime 0x000000000000057D (mip.MTI <- 0b1, mip.STI <- 0b0)
mem[X,0x0000000080001868] -> 0x1313
mem[X,0x000000008000186A] -> 0x0383
[2810] [M]: 0x0000000080001868 (0x03831313) slli x6, x6, 0x38                       Mxcpt_sig_sv+4
x6 <- 0x2F00000000000000

mem[X,0x000000008000186C] -> 0x5463
mem[X,0x000000008000186E] -> 0x0003
[2811] [M]: 0x000000008000186C (0x00035463) bge x6, x0, 0x8                         Mxcpt_sig_sv+8

clint mtime 0x000000000000057E (mip.MTI <- 0b1, mip.STI <- 0b0)
mem[X,0x0000000080001874] -> 0x3303
mem[X,0x0000000080001876] -> 0x2181
[2812] [M]: 0x0000000080001874 (0x21813303) ld x6, 0x218(x2)                        Mtrap_sig_sv+0
mem[R,0x0000000080004218] -> 0x00000000800086F8
x6 <- 0x00000000800086F8

mem[X,0x0000000080001878] -> 0x04B3
mem[X,0x000000008000187A] -> 0x0073
[2813] [M]: 0x0000000080001878 (0x007304B3) add x9, x6, x7                          Mtrap_sig_sv+4
x9 <- 0x0000000080008718

clint mtime 0x000000000000057F (mip.MTI <- 0b1, mip.STI <- 0b0)
mem[X,0x000000008000187C] -> 0x3C23
mem[X,0x000000008000187E] -> 0x2091
[2814] [M]: 0x000000008000187C (0x20913C23) sd x9, 0x218(x2)                        Mtrap_sig_sv+8
mem[W,0x0000000080004218] <- 0x0000000080008718

mem[X,0x0000000080001880] -> 0x3403
mem[X,0x0000000080001882] -> 0x1F81
[2815] [M]: 0x0000000080001880 (0x1F813403) ld x8, 0x1f8(x2)                        Mtrap_sig_sv+12
mem[R,0x00000000800041F8] -> 0x0000000080008110
x8 <- 0x0000000080008110

clint mtime 0x0000000000000580 (mip.MTI <- 0b1, mip.STI <- 0b0)
mem[X,0x0000000080001884] -> 0x0333
mem[X,0x0000000080001886] -> 0x4083
[2816] [M]: 0x0000000080001884 (0x40830333) sub x6, x6, x8                          Mtrap_sig_sv+16
x6 <- 0x00000000000005E8

mem[X,0x0000000080001888] -> 0x3403
mem[X,0x000000008000188A] -> 0x1F81
[2817] [M]: 0x0000000080001888 (0x1F813403) ld x8, 0x1f8(x2)                        Mtrap_sig_sv+20
mem[R,0x00000000800041F8] -> 0x0000000080008110
x8 <- 0x0000000080008110

clint mtime 0x0000000000000581 (mip.MTI <- 0b1, mip.STI <- 0b0)
mem[X,0x000000008000188C] -> 0x0333
mem[X,0x000000008000188E] -> 0x0083
[2818] [M]: 0x000000008000188C (0x00830333) add x6, x6, x8                          Mtrap_sig_sv+24
x6 <- 0x00000000800086F8

mem[X,0x0000000080001890] -> 0x3403
mem[X,0x0000000080001892] -> 0x2401
[2819] [M]: 0x0000000080001890 (0x24013403) ld x8, 0x240(x2)                        Mtrap_sig_sv+28
mem[R,0x0000000080004240] -> 0x0000000080001600
x8 <- 0x0000000080001600

clint mtime 0x0000000000000582 (mip.MTI <- 0b1, mip.STI <- 0b0)
mem[X,0x0000000080001894] -> 0x85B3
mem[X,0x0000000080001896] -> 0x4085
[2820] [M]: 0x0000000080001894 (0x408585B3) sub x11, x11, x8                        sv_Mvect+0
x11 <- 0x000000000000010C

mem[X,0x0000000080001898] -> 0x9593
mem[X,0x000000008000189A] -> 0x0045
[2821] [M]: 0x0000000080001898 (0x00459593) slli x11, x11, 0x4                      sv_Mvect+4
x11 <- 0x00000000000010C0

clint mtime 0x0000000000000583 (mip.MTI <- 0b1, mip.STI <- 0b0)
mem[X,0x000000008000189C] -> 0xE5B3
mem[X,0x000000008000189E] -> 0x0075
[2822] [M]: 0x000000008000189C (0x0075E5B3) or x11, x11, x7                         sv_Mvect+8
x11 <- 0x00000000000010E0

mem[X,0x00000000800018A0] -> 0x8593
mem[X,0x00000000800018A2] -> 0x0035
[2823] [M]: 0x00000000800018A0 (0x00358593) addi x11, x11, 0x3                      sv_Mvect+12
x11 <- 0x00000000000010E3

clint mtime 0x0000000000000584 (mip.MTI <- 0b1, mip.STI <- 0b0)
mem[X,0x00000000800018A4] -> 0x3023
mem[X,0x00000000800018A6] -> 0x00B3
[2824] [M]: 0x00000000800018A4 (0x00B33023) sd x11, 0x0(x6)                         sv_Mvect+16
mem[W,0x00000000800086F8] <- 0x00000000000010E3

mem[X,0x00000000800018A8] -> 0x3423
mem[X,0x00000000800018AA] -> 0x00A3
[2825] [M]: 0x00000000800018A8 (0x00A33423) sd x10, 0x8(x6)                         sv_Mcause+0
mem[W,0x0000000080008700] <- 0x000000000000000C

clint mtime 0x0000000000000585 (mip.MTI <- 0b1, mip.STI <- 0b0)
mem[X,0x00000000800018AC] -> 0x4663
mem[X,0x00000000800018AE] -> 0x1A05
[2826] [M]: 0x00000000800018AC (0x1A054663) blt x10, x0, 0x1ac                      sv_Mcause+4

mem[X,0x00000000800018B0] -> 0x25F3
mem[X,0x00000000800018B2] -> 0x3000
[2827] [M]: 0x00000000800018B0 (0x300025F3) csrrs x11, mstatus, x0                  common_Mexcpt_handler+0
CSR mstatus (0x300) -> 0x0000000A00000800
x11 <- 0x0000000A00000800

clint mtime 0x0000000000000586 (mip.MTI <- 0b1, mip.STI <- 0b0)
mem[X,0x00000000800018B4] -> 0x9413
mem[X,0x00000000800018B6] -> 0x02E5
[2828] [M]: 0x00000000800018B4 (0x02E59413) slli x8, x11, 0x2e                      common_Mexcpt_handler+4
x8 <- 0x0200000000000000

mem[X,0x00000000800018B8] -> 0x5463
mem[X,0x00000000800018BA] -> 0x0004
[2829] [M]: 0x00000000800018B8 (0x00045463) bge x8, x0, 0x8                         common_Mexcpt_handler+8

clint mtime 0x0000000000000587 (mip.MTI <- 0b1, mip.STI <- 0b0)
mem[X,0x00000000800018C0] -> 0xD493
mem[X,0x00000000800018C2] -> 0x00B5
[2830] [M]: 0x00000000800018C0 (0x00B5D493) srli x9, x11, 0xb                       common_Mexcpt_handler+16
x9 <- 0x0000000001400001

mem[X,0x00000000800018C4] -> 0xF493
mem[X,0x00000000800018C6] -> 0x0034
[2831] [M]: 0x00000000800018C4 (0x0034F493) andi x9, x9, 0x3                        common_Mexcpt_handler+20
x9 <- 0x0000000000000001

clint mtime 0x0000000000000588 (mip.MTI <- 0b1, mip.STI <- 0b0)
mem[X,0x00000000800018C8] -> 0x8493
mem[X,0x00000000800018CA] -> 0x0014
[2832] [M]: 0x00000000800018C8 (0x00148493) addi x9, x9, 0x1                        common_Mexcpt_handler+24
x9 <- 0x0000000000000002

mem[X,0x00000000800018CC] -> 0xF493
mem[X,0x00000000800018CE] -> 0x0044
[2833] [M]: 0x00000000800018CC (0x0044F493) andi x9, x9, 0x4                        common_Mexcpt_handler+28
x9 <- 0x0000000000000000

clint mtime 0x0000000000000589 (mip.MTI <- 0b1, mip.STI <- 0b0)
mem[X,0x00000000800018D0] -> 0x0593
mem[X,0x00000000800018D2] -> 0x05D0
[2834] [M]: 0x00000000800018D0 (0x05D00593) addi x11, x0, 0x5d                      common_Mexcpt_handler+32
x11 <- 0x000000000000005D

mem[X,0x00000000800018D4] -> 0xD5B3
mem[X,0x00000000800018D6] -> 0x0095
[2835] [M]: 0x00000000800018D4 (0x0095D5B3) srl x11, x11, x9                        common_Mexcpt_handler+36
x11 <- 0x000000000000005D

clint mtime 0x000000000000058A (mip.MTI <- 0b1, mip.STI <- 0b0)
mem[X,0x00000000800018D8] -> 0xF593
mem[X,0x00000000800018DA] -> 0x0015
[2836] [M]: 0x00000000800018D8 (0x0015F593) andi x11, x11, 0x1                      common_Mexcpt_handler+40
x11 <- 0x0000000000000001

mem[X,0x00000000800018DC] -> 0x8EE3
mem[X,0x00000000800018DE] -> 0xF405
[2837] [M]: 0x00000000800018DC (0xF4058EE3) beq x11, x0, -0xa4                      common_Mexcpt_handler+44

clint mtime 0x000000000000058B (mip.MTI <- 0b1, mip.STI <- 0b0)
mem[X,0x00000000800018E0] -> 0x0593
mem[X,0x00000000800018E2] -> 0x2980
[2838] [M]: 0x00000000800018E0 (0x29800593) addi x11, x0, 0x298                     common_Mexcpt_handler+48
x11 <- 0x0000000000000298

mem[X,0x00000000800018E4] -> 0xF413
mem[X,0x00000000800018E6] -> 0x0014
[2839] [M]: 0x00000000800018E4 (0x0014F413) andi x8, x9, 0x1                        common_Mexcpt_handler+52
x8 <- 0x0000000000000000

clint mtime 0x000000000000058C (mip.MTI <- 0b1, mip.STI <- 0b0)
mem[X,0x00000000800018E8] -> 0x95B3
mem[X,0x00000000800018EA] -> 0x0085
[2840] [M]: 0x00000000800018E8 (0x008595B3) sll x11, x11, x8                        common_Mexcpt_handler+56
x11 <- 0x0000000000000298

mem[X,0x00000000800018EC] -> 0x9413
mem[X,0x00000000800018EE] -> 0x03D4
[2841] [M]: 0x00000000800018EC (0x03D49413) slli x8, x9, 0x3d                       common_Mexcpt_handler+60
x8 <- 0x0000000000000000

clint mtime 0x000000000000058D (mip.MTI <- 0b1, mip.STI <- 0b0)
mem[X,0x00000000800018F0] -> 0x5413
mem[X,0x00000000800018F2] -> 0x43F4
[2842] [M]: 0x00000000800018F0 (0x43F45413) srai x8, x8, 0x3f                       common_Mexcpt_handler+64
x8 <- 0x0000000000000000

mem[X,0x00000000800018F4] -> 0x4413
mem[X,0x00000000800018F6] -> 0xFFF4
[2843] [M]: 0x00000000800018F4 (0xFFF44413) xori x8, x8, -0x1                       common_Mexcpt_handler+68
x8 <- 0xFFFFFFFFFFFFFFFF

clint mtime 0x000000000000058E (mip.MTI <- 0b1, mip.STI <- 0b0)
mem[X,0x00000000800018F8] -> 0xF4B3
mem[X,0x00000000800018FA] -> 0x0085
[2844] [M]: 0x00000000800018F8 (0x0085F4B3) and x9, x11, x8                         common_Mexcpt_handler+72
x9 <- 0x0000000000000298

mem[X,0x00000000800018FC] -> 0x84B3
mem[X,0x00000000800018FE] -> 0x0024
[2845] [M]: 0x00000000800018FC (0x002484B3) add x9, x9, x2                          vmem_adj_Mepc+0
x9 <- 0x0000000080004298

clint mtime 0x000000000000058F (mip.MTI <- 0b1, mip.STI <- 0b0)
mem[X,0x0000000080001900] -> 0x23F3
mem[X,0x0000000080001902] -> 0x3410
[2846] [M]: 0x0000000080001900 (0x341023F3) csrrs x7, mepc, x0                      vmem_adj_Mepc+4
CSR mepc (0x341) -> 0x0000000140000404
x7 <- 0x0000000140000404

mem[X,0x0000000080001904] -> 0x0413
mem[X,0x0000000080001906] -> 0x0004
[2847] [M]: 0x0000000080001904 (0x00040413) addi x8, x8, 0x0                        vmem_adj_Mepc+8
x8 <- 0xFFFFFFFFFFFFFFFF

clint mtime 0x0000000000000590 (mip.MTI <- 0b1, mip.STI <- 0b0)
mem[X,0x0000000080001908] -> 0x006F
mem[X,0x000000008000190A] -> 0x0400
[2848] [M]: 0x0000000080001908 (0x0400006F) jal x0, 0x40                            vmem_adj_Mepc+12

mem[X,0x0000000080001948] -> 0x8433
mem[X,0x000000008000194A] -> 0x4083
[2849] [M]: 0x0000000080001948 (0x40838433) sub x8, x7, x8                          adj_Mepc+0
x8 <- 0x0000000140000405

clint mtime 0x0000000000000591 (mip.MTI <- 0b1, mip.STI <- 0b0)
mem[X,0x000000008000194C] -> 0x3823
mem[X,0x000000008000194E] -> 0x0083
[2850] [M]: 0x000000008000194C (0x00833823) sd x8, 0x10(x6)                         sv_Mepc+0
mem[W,0x0000000080008708] <- 0x0000000140000405

mem[X,0x0000000080001950] -> 0x55B7
mem[X,0x0000000080001952] -> 0x0000
[2851] [M]: 0x0000000080001950 (0x000055B7) lui x11, 0x5                            sv_Mepc+4
x11 <- 0x0000000000005000

clint mtime 0x0000000000000592 (mip.MTI <- 0b1, mip.STI <- 0b0)
mem[X,0x0000000080001954] -> 0x8593
mem[X,0x0000000080001956] -> 0x6675
[2852] [M]: 0x0000000080001954 (0x66758593) addi x11, x11, 0x667                    sv_Mepc+8
x11 <- 0x0000000000005667

mem[X,0x0000000080001958] -> 0x9593
mem[X,0x000000008000195A] -> 0x0015
[2853] [M]: 0x0000000080001958 (0x00159593) slli x11, x11, 0x1                      sv_Mepc+12
x11 <- 0x000000000000ACCE

clint mtime 0x0000000000000593 (mip.MTI <- 0b1, mip.STI <- 0b0)
mem[X,0x000000008000195C] -> 0x9063
mem[X,0x000000008000195E] -> 0x02B1
[2854] [M]: 0x000000008000195C (0x02B19063) bne x3, x11, 0x20                       sv_Mepc+16

mem[X,0x0000000080001960] -> 0x2473
mem[X,0x0000000080001962] -> 0x3420
[2855] [M]: 0x0000000080001960 (0x34202473) csrrs x8, mcause, x0                    sv_Mepc+20
CSR mcause (0x342) -> 0x000000000000000C
x8 <- 0x000000000000000C

clint mtime 0x0000000000000594 (mip.MTI <- 0b1, mip.STI <- 0b0)
mem[X,0x0000000080001964] -> 0x0593
mem[X,0x0000000080001966] -> 0x00C0
[2856] [M]: 0x0000000080001964 (0x00C00593) addi x11, x0, 0xc                       sv_Mepc+24
x11 <- 0x000000000000000C

mem[X,0x0000000080001968] -> 0x0663
mem[X,0x000000008000196A] -> 0x00B4
[2857] [M]: 0x0000000080001968 (0x00B40663) beq x8, x11, 0xc                        sv_Mepc+28

clint mtime 0x0000000000000595 (mip.MTI <- 0b1, mip.STI <- 0b0)
mem[X,0x0000000080001974] -> 0x1073
mem[X,0x0000000080001976] -> 0x3412
[2858] [M]: 0x0000000080001974 (0x34121073) csrrw x0, mepc, x4                      sv_Mepc+40
CSR mepc (0x341) <- 0x000000018000104C

mem[X,0x0000000080001978] -> 0x006F
mem[X,0x000000008000197A] -> 0x0100
[2859] [M]: 0x0000000080001978 (0x0100006F) jal x0, 0x10                            sv_Mepc+44

clint mtime 0x0000000000000596 (mip.MTI <- 0b1, mip.STI <- 0b0)
mem[X,0x0000000080001988] -> 0x23F3
mem[X,0x000000008000198A] -> 0x3430
[2860] [M]: 0x0000000080001988 (0x343023F3) csrrs x7, mtval, x0                     skp_adj_Mepc+0
CSR mtval (0x343) -> 0x0000000140000404
x7 <- 0x0000000140000404

mem[X,0x000000008000198C] -> 0x0413
mem[X,0x000000008000198E] -> 0x0004
[2861] [M]: 0x000000008000198C (0x00040413) addi x8, x8, 0x0                        skp_adj_Mepc+4
x8 <- 0x000000000000000C

clint mtime 0x0000000000000597 (mip.MTI <- 0b1, mip.STI <- 0b0)
mem[X,0x0000000080001990] -> 0x006F
mem[X,0x0000000080001992] -> 0x0840
[2862] [M]: 0x0000000080001990 (0x0840006F) jal x0, 0x84                            skp_adj_Mepc+8

mem[X,0x0000000080001A14] -> 0x8433
mem[X,0x0000000080001A16] -> 0x4083
[2863] [M]: 0x0000000080001A14 (0x40838433) sub x8, x7, x8                          adj_Mtval+0
x8 <- 0x00000001400003F8

clint mtime 0x0000000000000598 (mip.MTI <- 0b1, mip.STI <- 0b0)
mem[X,0x0000000080001A18] -> 0x3C23
mem[X,0x0000000080001A1A] -> 0x0083
[2864] [M]: 0x0000000080001A18 (0x00833C23) sd x8, 0x18(x6)                         sv_Mtval+0
mem[W,0x0000000080008710] <- 0x00000001400003F8

mem[X,0x0000000080001A1C] -> 0x3483
mem[X,0x0000000080001A1E] -> 0x2181
[2865] [M]: 0x0000000080001A1C (0x21813483) ld x9, 0x218(x2)                        skp_Mtval+0
mem[R,0x0000000080004218] -> 0x0000000080008718
x9 <- 0x0000000080008718

clint mtime 0x0000000000000599 (mip.MTI <- 0b1, mip.STI <- 0b0)
mem[X,0x0000000080001A20] -> 0x3383
mem[X,0x0000000080001A22] -> 0x1F81
[2866] [M]: 0x0000000080001A20 (0x1F813383) ld x7, 0x1f8(x2)                        skp_Mtval+4
mem[R,0x00000000800041F8] -> 0x0000000080008110
x7 <- 0x0000000080008110

mem[X,0x0000000080001A24] -> 0x3303
mem[X,0x0000000080001A26] -> 0x2001
[2867] [M]: 0x0000000080001A24 (0x20013303) ld x6, 0x200(x2)                        skp_Mtval+8
mem[R,0x0000000080004200] -> 0x0000000000000810
x6 <- 0x0000000000000810

clint mtime 0x000000000000059A (mip.MTI <- 0b1, mip.STI <- 0b0)
mem[X,0x0000000080001A28] -> 0x0333
mem[X,0x0000000080001A2A] -> 0x0073
[2868] [M]: 0x0000000080001A28 (0x00730333) add x6, x6, x7                          skp_Mtval+12
x6 <- 0x0000000080008920

mem[X,0x0000000080001A2C] -> 0x6AE3
mem[X,0x0000000080001A2E] -> 0xAC93
[2869] [M]: 0x0000000080001A2C (0xAC936AE3) bltu x6, x9, -0x52c                     skp_Mtval+16

clint mtime 0x000000000000059B (mip.MTI <- 0b1, mip.STI <- 0b0)
mem[X,0x0000000080001A30] -> 0x0393
mem[X,0x0000000080001A32] -> 0x2000
[2870] [M]: 0x0000000080001A30 (0x20000393) addi x7, x0, 0x200                      skp_Mtval+20
x7 <- 0x0000000000000200

mem[X,0x0000000080001A34] -> 0x006F
mem[X,0x0000000080001A36] -> 0x0400
[2871] [M]: 0x0000000080001A34 (0x0400006F) jal x0, 0x40                            skp_Mtval+24

clint mtime 0x000000000000059C (mip.MTI <- 0b1, mip.STI <- 0b0)
mem[X,0x0000000080001A74] -> 0x0417
mem[X,0x0000000080001A76] -> 0x0000
[2872] [M]: 0x0000000080001A74 (0x00000417) auipc x8, 0x0                           spcl_Mhandler+0
x8 <- 0x0000000080001A74

mem[X,0x0000000080001A78] -> 0x0413
mem[X,0x0000000080001A7A] -> 0x03C4
[2873] [M]: 0x0000000080001A78 (0x03C40413) addi x8, x8, 0x3c                       spcl_Mhandler+4
x8 <- 0x0000000080001AB0

clint mtime 0x000000000000059D (mip.MTI <- 0b1, mip.STI <- 0b0)
mem[X,0x0000000080001A7C] -> 0x0433
mem[X,0x0000000080001A7E] -> 0x0074
[2874] [M]: 0x0000000080001A7C (0x00740433) add x8, x8, x7                          spcl_Mhandler+8
x8 <- 0x0000000080001CB0

mem[X,0x0000000080001A80] -> 0x1393
mem[X,0x0000000080001A82] -> 0x0035
[2875] [M]: 0x0000000080001A80 (0x00351393) slli x7, x10, 0x3                       spcl_Mhandler+12
x7 <- 0x0000000000000060

clint mtime 0x000000000000059E (mip.MTI <- 0b1, mip.STI <- 0b0)
mem[X,0x0000000080001A84] -> 0x0433
mem[X,0x0000000080001A86] -> 0x0074
[2876] [M]: 0x0000000080001A84 (0x00740433) add x8, x8, x7                          spcl_Mhandler+16
x8 <- 0x0000000080001D10

mem[X,0x0000000080001A88] -> 0x7413
mem[X,0x0000000080001A8A] -> 0xFF84
[2877] [M]: 0x0000000080001A88 (0xFF847413) andi x8, x8, -0x8                       spcl_Mhandler+20
x8 <- 0x0000000080001D10

clint mtime 0x000000000000059F (mip.MTI <- 0b1, mip.STI <- 0b0)
mem[X,0x0000000080001A8C] -> 0x3403
mem[X,0x0000000080001A8E] -> 0x0004
[2878] [M]: 0x0000000080001A8C (0x00043403) ld x8, 0x0(x8)                          spcl_Mhandler+24
mem[R,0x0000000080001D10] -> 0x0000000000000019
x8 <- 0x0000000000000019

mem[X,0x0000000080001A90] -> 0x02E3
mem[X,0x0000000080001A92] -> 0xB004
[2879] [M]: 0x0000000080001A90 (0xB00402E3) beq x8, x0, -0x4fc                      spcl_Mdispatch_hndling+0

clint mtime 0x00000000000005A0 (mip.MTI <- 0b1, mip.STI <- 0b0)
mem[X,0x0000000080001A94] -> 0x1393
mem[X,0x0000000080001A96] -> 0x03F4
[2880] [M]: 0x0000000080001A94 (0x03F41393) slli x7, x8, 0x3f                       spcl_Mdispatch_hndling+4
x7 <- 0x8000000000000000

mem[X,0x0000000080001A98] -> 0xD863
mem[X,0x0000000080001A9A] -> 0x0003
[2881] [M]: 0x0000000080001A98 (0x0003D863) bge x7, x0, 0x10                        spcl_Mdispatch_hndling+8

clint mtime 0x00000000000005A1 (mip.MTI <- 0b1, mip.STI <- 0b0)
mem[X,0x0000000080001A9C] -> 0x5413
mem[X,0x0000000080001A9E] -> 0x0014
[2882] [M]: 0x0000000080001A9C (0x00145413) srli x8, x8, 0x1                        spcl_Mdispatch_hndling+12
x8 <- 0x000000000000000C

mem[X,0x0000000080001AA0] -> 0x0CE3
mem[X,0x0000000080001AA2] -> 0xF885
[2883] [M]: 0x0000000080001AA0 (0xF8850CE3) beq x10, x8, -0x68                      spcl_Mdispatch_hndling+16

clint mtime 0x00000000000005A2 (mip.MTI <- 0b1, mip.STI <- 0b0)
mem[X,0x0000000080001A38] -> 0x3303
mem[X,0x0000000080001A3A] -> 0x2601
[2884] [M]: 0x0000000080001A38 (0x26013303) ld x6, 0x260(x2)                        resto_Mrtn+0
mem[R,0x0000000080004260] -> 0xFFFFFFFF7FFFF16C
x6 <- 0xFFFFFFFF7FFFF16C

mem[X,0x0000000080001A3C] -> 0x3383
mem[X,0x0000000080001A3E] -> 0x2681
[2885] [M]: 0x0000000080001A3C (0x26813383) ld x7, 0x268(x2)                        resto_Mrtn+4
mem[R,0x0000000080004268] -> 0x0000000080004000
x7 <- 0x0000000080004000

clint mtime 0x00000000000005A3 (mip.MTI <- 0b1, mip.STI <- 0b0)
mem[X,0x0000000080001A40] -> 0x3403
mem[X,0x0000000080001A42] -> 0x2701
[2886] [M]: 0x0000000080001A40 (0x27013403) ld x8, 0x270(x2)                        resto_Mrtn+8
mem[R,0x0000000080004270] -> 0x0000000000007F76
x8 <- 0x0000000000007F76

mem[X,0x0000000080001A44] -> 0x3483
mem[X,0x0000000080001A46] -> 0x2781
[2887] [M]: 0x0000000080001A44 (0x27813483) ld x9, 0x278(x2)                        resto_Mrtn+12
mem[R,0x0000000080004278] -> 0x0000000100000148
x9 <- 0x0000000100000148

clint mtime 0x00000000000005A4 (mip.MTI <- 0b1, mip.STI <- 0b0)
mem[X,0x0000000080001A48] -> 0x3503
mem[X,0x0000000080001A4A] -> 0x2801
[2888] [M]: 0x0000000080001A48 (0x28013503) ld x10, 0x280(x2)                       resto_Mrtn+16
mem[R,0x0000000080004280] -> 0x00000000200000C5
x10 <- 0x00000000200000C5

mem[X,0x0000000080001A4C] -> 0x3583
mem[X,0x0000000080001A4E] -> 0x2881
[2889] [M]: 0x0000000080001A4C (0x28813583) ld x11, 0x288(x2)                       resto_Mrtn+20
mem[R,0x0000000080004288] -> 0x00000000000000C5
x11 <- 0x00000000000000C5

clint mtime 0x00000000000005A5 (mip.MTI <- 0b1, mip.STI <- 0b0)
mem[X,0x0000000080001A50] -> 0x3103
mem[X,0x0000000080001A52] -> 0x2901
[2890] [M]: 0x0000000080001A50 (0x29013103) ld x2, 0x290(x2)                        resto_Mrtn+24
mem[R,0x0000000080004290] -> 0x0000000000000000
x2 <- 0x0000000000000000

mem[X,0x0000000080001A54] -> 0x0073
mem[X,0x0000000080001A56] -> 0x3020
[2891] [M]: 0x0000000080001A54 (0x30200073) mret                                    resto_Mrtn+28
CSR mstatus (0x300) <- 0x0000000A00000080
ret-ing from M to S

clint mtime 0x00000000000005A6 (mip.MTI <- 0b1, mip.STI <- 0b0)
PTW: Start, vpn=0x180001, access_type=X, privilege=Smem[R,0x0000000080007030] -> 0x00000000200000CB
PTW: Step, level=2, pte=0x200000CB, pte_addr=0x80007030
PTW: Success, final_ppn=0x80001, level=2mem[X,0x000000008000104C] -> 0x0013
PTW: Start, vpn=0x180001, access_type=X, privilege=Smem[R,0x0000000080007030] -> 0x00000000200000CB
PTW: Step, level=2, pte=0x200000CB, pte_addr=0x80007030
PTW: Success, final_ppn=0x80001, level=2mem[X,0x000000008000104E] -> 0x0000
[2892] [S]: 0x000000018000104C (0x00000013) addi x0, x0, 0x0                        va_rvtest_code_begin+2160

PTW: Start, vpn=0x180001, access_type=X, privilege=Smem[R,0x0000000080007030] -> 0x00000000200000CB
PTW: Step, level=2, pte=0x200000CB, pte_addr=0x80007030
PTW: Success, final_ppn=0x80001, level=2mem[X,0x0000000080001050] -> 0x0013
PTW: Start, vpn=0x180001, access_type=X, privilege=Smem[R,0x0000000080007030] -> 0x00000000200000CB
PTW: Step, level=2, pte=0x200000CB, pte_addr=0x80007030
PTW: Success, final_ppn=0x80001, level=2mem[X,0x0000000080001052] -> 0x0000
[2893] [S]: 0x0000000180001050 (0x00000013) addi x0, x0, 0x0                        va_rvtest_code_begin+2164

clint mtime 0x00000000000005A7 (mip.MTI <- 0b1, mip.STI <- 0b0)
PTW: Start, vpn=0x180001, access_type=X, privilege=Smem[R,0x0000000080007030] -> 0x00000000200000CB
PTW: Step, level=2, pte=0x200000CB, pte_addr=0x80007030
PTW: Success, final_ppn=0x80001, level=2mem[X,0x0000000080001054] -> 0x0013
PTW: Start, vpn=0x180001, access_type=X, privilege=Smem[R,0x0000000080007030] -> 0x00000000200000CB
PTW: Step, level=2, pte=0x200000CB, pte_addr=0x80007030
PTW: Success, final_ppn=0x80001, level=2mem[X,0x0000000080001056] -> 0x0000
[2894] [S]: 0x0000000180001054 (0x00000013) addi x0, x0, 0x0                        va_rvtest_code_begin+2168

PTW: Start, vpn=0x180001, access_type=X, privilege=Smem[R,0x0000000080007030] -> 0x00000000200000CB
PTW: Step, level=2, pte=0x200000CB, pte_addr=0x80007030
PTW: Success, final_ppn=0x80001, level=2mem[X,0x0000000080001058] -> 0x0113
PTW: Start, vpn=0x180001, access_type=X, privilege=Smem[R,0x0000000080007030] -> 0x00000000200000CB
PTW: Step, level=2, pte=0x200000CB, pte_addr=0x80007030
PTW: Success, final_ppn=0x80001, level=2mem[X,0x000000008000105A] -> 0x0000
[2895] [S]: 0x0000000180001058 (0x00000113) addi x2, x0, 0x0                        va_rvtest_code_begin+2172
x2 <- 0x0000000000000000

clint mtime 0x00000000000005A8 (mip.MTI <- 0b1, mip.STI <- 0b0)
PTW: Start, vpn=0x180001, access_type=X, privilege=Smem[R,0x0000000080007030] -> 0x00000000200000CB
PTW: Step, level=2, pte=0x200000CB, pte_addr=0x80007030
PTW: Success, final_ppn=0x80001, level=2mem[X,0x000000008000105C] -> 0x0073
PTW: Start, vpn=0x180001, access_type=X, privilege=Smem[R,0x0000000080007030] -> 0x00000000200000CB
PTW: Step, level=2, pte=0x200000CB, pte_addr=0x80007030
PTW: Success, final_ppn=0x80001, level=2mem[X,0x000000008000105E] -> 0x0000
[2896] [S]: 0x000000018000105C (0x00000073) ecall                                   va_rvtest_code_begin+2176
trapping from S to M to handle s-call
handling exc#s-call at priv M with tval 0x0000000000000000
CSR mstatus (0x300) <- 0x0000000A00000800
CSR mcause (0x342) <- 0x0000000000000009
CSR mtval (0x343) <- 0x0000000000000000
CSR mepc (0x341) <- 0x000000018000105C

mem[X,0x0000000080001600] -> 0x006F
mem[X,0x0000000080001602] -> 0x1000
[2897] [M]: 0x0000000080001600 (0x1000006F) jal x0, 0x100                           Mtrampoline+0

clint mtime 0x00000000000005A9 (mip.MTI <- 0b1, mip.STI <- 0b0)
mem[X,0x0000000080001700] -> 0x1173
mem[X,0x0000000080001702] -> 0x3401
[2898] [M]: 0x0000000080001700 (0x34011173) csrrw x2, mscratch, x2                  trap_Mhandler+0
CSR mscratch (0x340) <- 0x0000000000000000
x2 <- 0x0000000080004000

mem[X,0x0000000080001704] -> 0x3423
mem[X,0x0000000080001706] -> 0x28B1
[2899] [M]: 0x0000000080001704 (0x28B13423) sd x11, 0x288(x2)                       trap_Mhandler+4
mem[W,0x0000000080004288] <- 0x00000000000000C5

clint mtime 0x00000000000005AA (mip.MTI <- 0b1, mip.STI <- 0b0)
mem[X,0x0000000080001708] -> 0x05EF
mem[X,0x000000008000170A] -> 0x0B80
[2900] [M]: 0x0000000080001708 (0x0B8005EF) jal x11, 0xb8                           trap_Mhandler+8
x11 <- 0x000000008000170C

mem[X,0x00000000800017C0] -> 0x3023
mem[X,0x00000000800017C2] -> 0x28A1
[2901] [M]: 0x00000000800017C0 (0x28A13023) sd x10, 0x280(x2)                       common_Mhandler+0
mem[W,0x0000000080004280] <- 0x00000000200000C5

clint mtime 0x00000000000005AB (mip.MTI <- 0b1, mip.STI <- 0b0)
mem[X,0x00000000800017C4] -> 0x1573
mem[X,0x00000000800017C6] -> 0x3401
[2902] [M]: 0x00000000800017C4 (0x34011573) csrrw x10, mscratch, x2                 common_Mhandler+4
CSR mscratch (0x340) <- 0x0000000080004000
x10 <- 0x0000000000000000

mem[X,0x00000000800017C8] -> 0x3823
mem[X,0x00000000800017CA] -> 0x28A1
[2903] [M]: 0x00000000800017C8 (0x28A13823) sd x10, 0x290(x2)                       common_Mhandler+8
mem[W,0x0000000080004290] <- 0x0000000000000000

clint mtime 0x00000000000005AC (mip.MTI <- 0b1, mip.STI <- 0b0)
mem[X,0x00000000800017CC] -> 0x3503
mem[X,0x00000000800017CE] -> 0x2301
[2904] [M]: 0x00000000800017CC (0x23013503) ld x10, 0x230(x2)                       common_Mhandler+12
mem[R,0x0000000080004230] -> 0x00000000800017D4
x10 <- 0x00000000800017D4

mem[X,0x00000000800017D0] -> 0x0067
mem[X,0x00000000800017D2] -> 0x0005
[2905] [M]: 0x00000000800017D0 (0x00050067) jalr x0, 0x0(x10)                       common_Mhandler+16

clint mtime 0x00000000000005AD (mip.MTI <- 0b1, mip.STI <- 0b0)
mem[X,0x00000000800017D4] -> 0x3C23
mem[X,0x00000000800017D6] -> 0x2691
[2906] [M]: 0x00000000800017D4 (0x26913C23) sd x9, 0x278(x2)                        common_Mentry+0
mem[W,0x0000000080004278] <- 0x0000000100000148

mem[X,0x00000000800017D8] -> 0x3823
mem[X,0x00000000800017DA] -> 0x2681
[2907] [M]: 0x00000000800017D8 (0x26813823) sd x8, 0x270(x2)                        common_Mentry+4
mem[W,0x0000000080004270] <- 0x0000000000007F76

clint mtime 0x00000000000005AE (mip.MTI <- 0b1, mip.STI <- 0b0)
mem[X,0x00000000800017DC] -> 0x3423
mem[X,0x00000000800017DE] -> 0x2671
[2908] [M]: 0x00000000800017DC (0x26713423) sd x7, 0x268(x2)                        common_Mentry+8
mem[W,0x0000000080004268] <- 0x0000000080004000

mem[X,0x00000000800017E0] -> 0x3023
mem[X,0x00000000800017E2] -> 0x2661
[2909] [M]: 0x00000000800017E0 (0x26613023) sd x6, 0x260(x2)                        common_Mentry+12
mem[W,0x0000000080004260] <- 0xFFFFFFFF7FFFF16C

clint mtime 0x00000000000005AF (mip.MTI <- 0b1, mip.STI <- 0b0)
mem[X,0x00000000800017E4] -> 0x2573
mem[X,0x00000000800017E6] -> 0x3420
[2910] [M]: 0x00000000800017E4 (0x34202573) csrrs x10, mcause, x0                   spcl_M2mmode_test+0
CSR mcause (0x342) -> 0x0000000000000009
x10 <- 0x0000000000000009

mem[X,0x00000000800017E8] -> 0x04B7
mem[X,0x00000000800017EA] -> 0x8000
[2911] [M]: 0x00000000800017E8 (0x800004B7) lui x9, -0x80000                        spcl_M2mmode_test+4
x9 <- 0xFFFFFFFF80000000

clint mtime 0x00000000000005B0 (mip.MTI <- 0b1, mip.STI <- 0b0)
mem[X,0x00000000800017EC] -> 0x8493
mem[X,0x00000000800017EE] -> 0x0004
[2912] [M]: 0x00000000800017EC (0x00048493) addi x9, x9, 0x0                        spcl_M2mmode_test+8
x9 <- 0xFFFFFFFF80000000

mem[X,0x00000000800017F0] -> 0x9493
mem[X,0x00000000800017F2] -> 0x00B4
[2913] [M]: 0x00000000800017F0 (0x00B49493) slli x9, x9, 0xb                        spcl_M2mmode_test+12
x9 <- 0xFFFFFC0000000000

clint mtime 0x00000000000005B1 (mip.MTI <- 0b1, mip.STI <- 0b0)
mem[X,0x00000000800017F4] -> 0x8493
mem[X,0x00000000800017F6] -> 0x0004
[2914] [M]: 0x00000000800017F4 (0x00048493) addi x9, x9, 0x0                        spcl_M2mmode_test+16
x9 <- 0xFFFFFC0000000000

mem[X,0x00000000800017F8] -> 0x9493
mem[X,0x00000000800017FA] -> 0x00B4
[2915] [M]: 0x00000000800017F8 (0x00B49493) slli x9, x9, 0xb                        spcl_M2mmode_test+20
x9 <- 0xFFE0000000000000

clint mtime 0x00000000000005B2 (mip.MTI <- 0b1, mip.STI <- 0b0)
mem[X,0x00000000800017FC] -> 0x8493
mem[X,0x00000000800017FE] -> 0x0034
[2916] [M]: 0x00000000800017FC (0x00348493) addi x9, x9, 0x3                        spcl_M2mmode_test+24
x9 <- 0xFFE0000000000003

mem[X,0x0000000080001800] -> 0x9493
mem[X,0x0000000080001802] -> 0x00A4
[2917] [M]: 0x0000000080001800 (0x00A49493) slli x9, x9, 0xa                        spcl_M2mmode_test+28
x9 <- 0x8000000000000C00

clint mtime 0x00000000000005B3 (mip.MTI <- 0b1, mip.STI <- 0b0)
mem[X,0x0000000080001804] -> 0x8493
mem[X,0x0000000080001806] -> 0x3FC4
[2918] [M]: 0x0000000080001804 (0x3FC48493) addi x9, x9, 0x3fc                      spcl_M2mmode_test+32
x9 <- 0x8000000000000FFC

mem[X,0x0000000080001808] -> 0xF4B3
mem[X,0x000000008000180A] -> 0x00A4
[2919] [M]: 0x0000000080001808 (0x00A4F4B3) and x9, x9, x10                         spcl_M2mmode_test+36
x9 <- 0x0000000000000008

clint mtime 0x00000000000005B4 (mip.MTI <- 0b1, mip.STI <- 0b0)
mem[X,0x000000008000180C] -> 0x8493
mem[X,0x000000008000180E] -> 0xFF84
[2920] [M]: 0x000000008000180C (0xFF848493) addi x9, x9, -0x8                       spcl_M2mmode_test+40
x9 <- 0x0000000000000000

mem[X,0x0000000080001810] -> 0x9663
mem[X,0x0000000080001812] -> 0x0004
[2921] [M]: 0x0000000080001810 (0x00049663) bne x9, x0, 0xc                         spcl_M2mmode_test+44

clint mtime 0x00000000000005B5 (mip.MTI <- 0b1, mip.STI <- 0b0)
mem[X,0x0000000080001814] -> 0x3383
mem[X,0x0000000080001816] -> 0x2901
[2922] [M]: 0x0000000080001814 (0x29013383) ld x7, 0x290(x2)                        spcl_M2mmode_test+48
mem[R,0x0000000080004290] -> 0x0000000000000000
x7 <- 0x0000000000000000

mem[X,0x0000000080001818] -> 0x8663
mem[X,0x000000008000181A] -> 0x6E03
[2923] [M]: 0x0000000080001818 (0x6E038663) beq x7, x0, 0x6ec                       spcl_M2mmode_test+52

clint mtime 0x00000000000005B6 (mip.MTI <- 0b1, mip.STI <- 0b0)
mem[X,0x0000000080001F04] -> 0x0493
mem[X,0x0000000080001F06] -> 0xFF55
[2924] [M]: 0x0000000080001F04 (0xFF550493) addi x9, x10, -0xb                      rtn2mmode+0
x9 <- 0xFFFFFFFFFFFFFFFE

mem[X,0x0000000080001F08] -> 0x8C63
mem[X,0x0000000080001F0A] -> 0x0004
[2925] [M]: 0x0000000080001F08 (0x00048C63) beq x9, x0, 0x18                        rtn2mmode+4

clint mtime 0x00000000000005B7 (mip.MTI <- 0b1, mip.STI <- 0b0)
mem[X,0x0000000080001F0C] -> 0x3583
mem[X,0x0000000080001F0E] -> 0x4701
[2926] [M]: 0x0000000080001F0C (0x47013583) ld x11, 0x470(x2)                       rtn2mmode+8
mem[R,0x0000000080004470] -> 0x00000001800007DC
x11 <- 0x00000001800007DC

mem[X,0x0000000080001F10] -> 0xD463
mem[X,0x0000000080001F12] -> 0x0003
[2927] [M]: 0x0000000080001F10 (0x0003D463) bge x7, x0, 0x8                         rtn2mmode+12

clint mtime 0x00000000000005B8 (mip.MTI <- 0b1, mip.STI <- 0b0)
mem[X,0x0000000080001F18] -> 0x3483
mem[X,0x0000000080001F1A] -> 0x1D81
[2928] [M]: 0x0000000080001F18 (0x1D813483) ld x9, 0x1d8(x2)                        from_u_s+0
mem[R,0x00000000800041D8] -> 0x00000000800007F4
x9 <- 0x00000000800007F4

mem[X,0x0000000080001F1C] -> 0x84B3
mem[X,0x0000000080001F1E] -> 0x40B4
[2929] [M]: 0x0000000080001F1C (0x40B484B3) sub x9, x9, x11                         from_u_s+4
x9 <- 0xFFFFFFFF00000018

clint mtime 0x00000000000005B9 (mip.MTI <- 0b1, mip.STI <- 0b0)
mem[X,0x0000000080001F20] -> 0x23F3
mem[X,0x0000000080001F22] -> 0x3410
[2930] [M]: 0x0000000080001F20 (0x341023F3) csrrs x7, mepc, x0                      rtn_fm_mmode+0
CSR mepc (0x341) -> 0x000000018000105C
x7 <- 0x000000018000105C

mem[X,0x0000000080001F24] -> 0x83B3
mem[X,0x0000000080001F26] -> 0x0093
[2931] [M]: 0x0000000080001F24 (0x009383B3) add x7, x7, x9                          rtn_fm_mmode+4
x7 <- 0x0000000080001074

clint mtime 0x00000000000005BA (mip.MTI <- 0b1, mip.STI <- 0b0)
mem[X,0x0000000080001F28] -> 0x3303
mem[X,0x0000000080001F2A] -> 0x2601
[2932] [M]: 0x0000000080001F28 (0x26013303) ld x6, 0x260(x2)                        rtn_fm_mmode+8
mem[R,0x0000000080004260] -> 0xFFFFFFFF7FFFF16C
x6 <- 0xFFFFFFFF7FFFF16C

mem[X,0x0000000080001F2C] -> 0x3403
mem[X,0x0000000080001F2E] -> 0x2701
[2933] [M]: 0x0000000080001F2C (0x27013403) ld x8, 0x270(x2)                        rtn_fm_mmode+12
mem[R,0x0000000080004270] -> 0x0000000000007F76
x8 <- 0x0000000000007F76

clint mtime 0x00000000000005BB (mip.MTI <- 0b1, mip.STI <- 0b0)
mem[X,0x0000000080001F30] -> 0x3483
mem[X,0x0000000080001F32] -> 0x2781
[2934] [M]: 0x0000000080001F30 (0x27813483) ld x9, 0x278(x2)                        rtn_fm_mmode+16
mem[R,0x0000000080004278] -> 0x0000000100000148
x9 <- 0x0000000100000148

mem[X,0x0000000080001F34] -> 0x3503
mem[X,0x0000000080001F36] -> 0x2801
[2935] [M]: 0x0000000080001F34 (0x28013503) ld x10, 0x280(x2)                       rtn_fm_mmode+20
mem[R,0x0000000080004280] -> 0x00000000200000C5
x10 <- 0x00000000200000C5

clint mtime 0x00000000000005BC (mip.MTI <- 0b1, mip.STI <- 0b0)
mem[X,0x0000000080001F38] -> 0x3583
mem[X,0x0000000080001F3A] -> 0x2881
[2936] [M]: 0x0000000080001F38 (0x28813583) ld x11, 0x288(x2)                       rtn_fm_mmode+24
mem[R,0x0000000080004288] -> 0x00000000000000C5
x11 <- 0x00000000000000C5

mem[X,0x0000000080001F3C] -> 0x3103
mem[X,0x0000000080001F3E] -> 0x2901
[2937] [M]: 0x0000000080001F3C (0x29013103) ld x2, 0x290(x2)                        rtn_fm_mmode+28
mem[R,0x0000000080004290] -> 0x0000000000000000
x2 <- 0x0000000000000000

clint mtime 0x00000000000005BD (mip.MTI <- 0b1, mip.STI <- 0b0)
mem[X,0x0000000080001F40] -> 0x8067
mem[X,0x0000000080001F42] -> 0x0043
[2938] [M]: 0x0000000080001F40 (0x00438067) jalr x0, 0x4(x7)                        rtn_fm_mmode+32

mem[X,0x0000000080001078] -> 0x0013
mem[X,0x000000008000107A] -> 0x0000
[2939] [M]: 0x0000000080001078 (0x00000013) addi x0, x0, 0x0                        main+2136

clint mtime 0x00000000000005BE (mip.MTI <- 0b1, mip.STI <- 0b0)
mem[X,0x000000008000107C] -> 0x0013
mem[X,0x000000008000107E] -> 0x0000
[2940] [M]: 0x000000008000107C (0x00000013) addi x0, x0, 0x0                        main+2140

mem[X,0x0000000080001080] -> 0x5517
mem[X,0x0000000080001082] -> 0x0000
[2941] [M]: 0x0000000080001080 (0x00005517) auipc x10, 0x5                          main+2144
x10 <- 0x0000000080006080

clint mtime 0x00000000000005BF (mip.MTI <- 0b1, mip.STI <- 0b0)
mem[X,0x0000000080001084] -> 0x0513
mem[X,0x0000000080001086] -> 0xF805
[2942] [M]: 0x0000000080001084 (0xF8050513) addi x10, x10, -0x80                    main+2148
x10 <- 0x0000000080006000

mem[X,0x0000000080001088] -> 0x0001
[2943] [M]: 0x0000000080001088 (0x0001) c.nop                                       main+2152

clint mtime 0x00000000000005C0 (mip.MTI <- 0b1, mip.STI <- 0b0)
mem[X,0x000000008000108A] -> 0x0013
mem[X,0x000000008000108C] -> 0x0000
[2944] [M]: 0x000000008000108A (0x00000013) addi x0, x0, 0x0                        main+2154

mem[X,0x000000008000108E] -> 0x0013
mem[X,0x0000000080001090] -> 0x0000
[2945] [M]: 0x000000008000108E (0x00000013) addi x0, x0, 0x0                        main+2158

clint mtime 0x00000000000005C1 (mip.MTI <- 0b1, mip.STI <- 0b0)
mem[X,0x0000000080001092] -> 0x0013
mem[X,0x0000000080001094] -> 0x0000
[2946] [M]: 0x0000000080001092 (0x00000013) addi x0, x0, 0x0                        main+2162

mem[X,0x0000000080001096] -> 0x0013
mem[X,0x0000000080001098] -> 0x0000
[2947] [M]: 0x0000000080001096 (0x00000013) addi x0, x0, 0x0                        main+2166

clint mtime 0x00000000000005C2 (mip.MTI <- 0b1, mip.STI <- 0b0)
mem[X,0x000000008000109A] -> 0x0013
mem[X,0x000000008000109C] -> 0x0000
[2948] [M]: 0x000000008000109A (0x00000013) addi x0, x0, 0x0                        main+2170

mem[X,0x000000008000109E] -> 0x0001
[2949] [M]: 0x000000008000109E (0x0001) c.nop                                       main+2174

clint mtime 0x00000000000005C3 (mip.MTI <- 0b1, mip.STI <- 0b0)
mem[X,0x00000000800010A0] -> 0x0593
mem[X,0x00000000800010A2] -> 0x0010
[2950] [M]: 0x00000000800010A0 (0x00100593) addi x11, x0, 0x1                       main+2176
x11 <- 0x0000000000000001

mem[X,0x00000000800010A4] -> 0x5513
mem[X,0x00000000800010A6] -> 0x00C5
[2951] [M]: 0x00000000800010A4 (0x00C55513) srli x10, x10, 0xc                      main+2180
x10 <- 0x0000000000080006

clint mtime 0x00000000000005C4 (mip.MTI <- 0b1, mip.STI <- 0b0)
mem[X,0x00000000800010A8] -> 0x1513
mem[X,0x00000000800010AA] -> 0x00A5
[2952] [M]: 0x00000000800010A8 (0x00A51513) slli x10, x10, 0xa                      main+2184
x10 <- 0x0000000020001800

mem[X,0x00000000800010AC] -> 0x6533
mem[X,0x00000000800010AE] -> 0x00B5
[2953] [M]: 0x00000000800010AC (0x00B56533) or x10, x10, x11                        main+2188
x10 <- 0x0000000020001801

clint mtime 0x00000000000005C5 (mip.MTI <- 0b1, mip.STI <- 0b0)
mem[X,0x00000000800010B0] -> 0x0013
mem[X,0x00000000800010B2] -> 0x0000
[2954] [M]: 0x00000000800010B0 (0x00000013) addi x0, x0, 0x0                        main+2192

mem[X,0x00000000800010B4] -> 0x0013
mem[X,0x00000000800010B6] -> 0x0000
[2955] [M]: 0x00000000800010B4 (0x00000013) addi x0, x0, 0x0                        main+2196

clint mtime 0x00000000000005C6 (mip.MTI <- 0b1, mip.STI <- 0b0)
mem[X,0x00000000800010B8] -> 0x0013
mem[X,0x00000000800010BA] -> 0x0000
[2956] [M]: 0x00000000800010B8 (0x00000013) addi x0, x0, 0x0                        main+2200

mem[X,0x00000000800010BC] -> 0x0013
mem[X,0x00000000800010BE] -> 0x0000
[2957] [M]: 0x00000000800010BC (0x00000013) addi x0, x0, 0x0                        main+2204

clint mtime 0x00000000000005C7 (mip.MTI <- 0b1, mip.STI <- 0b0)
mem[X,0x00000000800010C0] -> 0x6317
mem[X,0x00000000800010C2] -> 0x0000
[2958] [M]: 0x00000000800010C0 (0x00006317) auipc x6, 0x6                           main+2208
x6 <- 0x00000000800070C0

mem[X,0x00000000800010C4] -> 0x0313
mem[X,0x00000000800010C6] -> 0xF403
[2959] [M]: 0x00000000800010C4 (0xF4030313) addi x6, x6, -0xc0                      main+2212
x6 <- 0x0000000080007000

clint mtime 0x00000000000005C8 (mip.MTI <- 0b1, mip.STI <- 0b0)
mem[X,0x00000000800010C8] -> 0x0001
[2960] [M]: 0x00000000800010C8 (0x0001) c.nop                                       main+2216

mem[X,0x00000000800010CA] -> 0x0013
mem[X,0x00000000800010CC] -> 0x0000
[2961] [M]: 0x00000000800010CA (0x00000013) addi x0, x0, 0x0                        main+2218

clint mtime 0x00000000000005C9 (mip.MTI <- 0b1, mip.STI <- 0b0)
mem[X,0x00000000800010CE] -> 0x0013
mem[X,0x00000000800010D0] -> 0x0000
[2962] [M]: 0x00000000800010CE (0x00000013) addi x0, x0, 0x0                        main+2222

mem[X,0x00000000800010D2] -> 0x0013
mem[X,0x00000000800010D4] -> 0x0000
[2963] [M]: 0x00000000800010D2 (0x00000013) addi x0, x0, 0x0                        main+2226

clint mtime 0x00000000000005CA (mip.MTI <- 0b1, mip.STI <- 0b0)
mem[X,0x00000000800010D6] -> 0x0013
mem[X,0x00000000800010D8] -> 0x0000
[2964] [M]: 0x00000000800010D6 (0x00000013) addi x0, x0, 0x0                        main+2230

mem[X,0x00000000800010DA] -> 0x0013
mem[X,0x00000000800010DC] -> 0x0000
[2965] [M]: 0x00000000800010DA (0x00000013) addi x0, x0, 0x0                        main+2234

clint mtime 0x00000000000005CB (mip.MTI <- 0b1, mip.STI <- 0b0)
mem[X,0x00000000800010DE] -> 0x0001
[2966] [M]: 0x00000000800010DE (0x0001) c.nop                                       main+2238

mem[X,0x00000000800010E0] -> 0x0293
mem[X,0x00000000800010E2] -> 0x0280
[2967] [M]: 0x00000000800010E0 (0x02800293) addi x5, x0, 0x28                       main+2240
x5 <- 0x0000000000000028

clint mtime 0x00000000000005CC (mip.MTI <- 0b1, mip.STI <- 0b0)
mem[X,0x00000000800010E4] -> 0x0333
mem[X,0x00000000800010E6] -> 0x0053
[2968] [M]: 0x00000000800010E4 (0x00530333) add x6, x6, x5                          main+2244
x6 <- 0x0000000080007028

mem[X,0x00000000800010E8] -> 0x3023
mem[X,0x00000000800010EA] -> 0x00A3
[2969] [M]: 0x00000000800010E8 (0x00A33023) sd x10, 0x0(x6)                         main+2248
mem[W,0x0000000080007028] <- 0x0000000020001801

clint mtime 0x00000000000005CD (mip.MTI <- 0b1, mip.STI <- 0b0)
mem[X,0x00000000800010EC] -> 0x0013
mem[X,0x00000000800010EE] -> 0x0000
[2970] [M]: 0x00000000800010EC (0x00000013) addi x0, x0, 0x0                        main+2252

mem[X,0x00000000800010F0] -> 0x0013
mem[X,0x00000000800010F2] -> 0x0000
[2971] [M]: 0x00000000800010F0 (0x00000013) addi x0, x0, 0x0                        main+2256

clint mtime 0x00000000000005CE (mip.MTI <- 0b1, mip.STI <- 0b0)
mem[X,0x00000000800010F4] -> 0x0013
mem[X,0x00000000800010F6] -> 0x0000
[2972] [M]: 0x00000000800010F4 (0x00000013) addi x0, x0, 0x0                        main+2260

mem[X,0x00000000800010F8] -> 0x0013
mem[X,0x00000000800010FA] -> 0x0000
[2973] [M]: 0x00000000800010F8 (0x00000013) addi x0, x0, 0x0                        main+2264

clint mtime 0x00000000000005CF (mip.MTI <- 0b1, mip.STI <- 0b0)
mem[X,0x00000000800010FC] -> 0x0013
mem[X,0x00000000800010FE] -> 0x0000
[2974] [M]: 0x00000000800010FC (0x00000013) addi x0, x0, 0x0                        main+2268

mem[X,0x0000000080001100] -> 0x4517
mem[X,0x0000000080001102] -> 0x0000
[2975] [M]: 0x0000000080001100 (0x00004517) auipc x10, 0x4                          main+2272
x10 <- 0x0000000080005100

clint mtime 0x00000000000005D0 (mip.MTI <- 0b1, mip.STI <- 0b0)
mem[X,0x0000000080001104] -> 0x0513
mem[X,0x0000000080001106] -> 0xF005
[2976] [M]: 0x0000000080001104 (0xF0050513) addi x10, x10, -0x100                   main+2276
x10 <- 0x0000000080005000

mem[X,0x0000000080001108] -> 0x0001
[2977] [M]: 0x0000000080001108 (0x0001) c.nop                                       main+2280

clint mtime 0x00000000000005D1 (mip.MTI <- 0b1, mip.STI <- 0b0)
mem[X,0x000000008000110A] -> 0x0013
mem[X,0x000000008000110C] -> 0x0000
[2978] [M]: 0x000000008000110A (0x00000013) addi x0, x0, 0x0                        main+2282

mem[X,0x000000008000110E] -> 0x0013
mem[X,0x0000000080001110] -> 0x0000
[2979] [M]: 0x000000008000110E (0x00000013) addi x0, x0, 0x0                        main+2286

clint mtime 0x00000000000005D2 (mip.MTI <- 0b1, mip.STI <- 0b0)
mem[X,0x0000000080001112] -> 0x0013
mem[X,0x0000000080001114] -> 0x0000
[2980] [M]: 0x0000000080001112 (0x00000013) addi x0, x0, 0x0                        main+2290

mem[X,0x0000000080001116] -> 0x0013
mem[X,0x0000000080001118] -> 0x0000
[2981] [M]: 0x0000000080001116 (0x00000013) addi x0, x0, 0x0                        main+2294

clint mtime 0x00000000000005D3 (mip.MTI <- 0b1, mip.STI <- 0b0)
mem[X,0x000000008000111A] -> 0x0013
mem[X,0x000000008000111C] -> 0x0000
[2982] [M]: 0x000000008000111A (0x00000013) addi x0, x0, 0x0                        main+2298

mem[X,0x000000008000111E] -> 0x0001
[2983] [M]: 0x000000008000111E (0x0001) c.nop                                       main+2302

clint mtime 0x00000000000005D4 (mip.MTI <- 0b1, mip.STI <- 0b0)
mem[X,0x0000000080001120] -> 0x0593
mem[X,0x0000000080001122] -> 0x0010
[2984] [M]: 0x0000000080001120 (0x00100593) addi x11, x0, 0x1                       main+2304
x11 <- 0x0000000000000001

mem[X,0x0000000080001124] -> 0x5513
mem[X,0x0000000080001126] -> 0x00C5
[2985] [M]: 0x0000000080001124 (0x00C55513) srli x10, x10, 0xc                      main+2308
x10 <- 0x0000000000080005

clint mtime 0x00000000000005D5 (mip.MTI <- 0b1, mip.STI <- 0b0)
mem[X,0x0000000080001128] -> 0x1513
mem[X,0x000000008000112A] -> 0x00A5
[2986] [M]: 0x0000000080001128 (0x00A51513) slli x10, x10, 0xa                      main+2312
x10 <- 0x0000000020001400

mem[X,0x000000008000112C] -> 0x6533
mem[X,0x000000008000112E] -> 0x00B5
[2987] [M]: 0x000000008000112C (0x00B56533) or x10, x10, x11                        main+2316
x10 <- 0x0000000020001401

clint mtime 0x00000000000005D6 (mip.MTI <- 0b1, mip.STI <- 0b0)
mem[X,0x0000000080001130] -> 0x0013
mem[X,0x0000000080001132] -> 0x0000
[2988] [M]: 0x0000000080001130 (0x00000013) addi x0, x0, 0x0                        main+2320

mem[X,0x0000000080001134] -> 0x0013
mem[X,0x0000000080001136] -> 0x0000
[2989] [M]: 0x0000000080001134 (0x00000013) addi x0, x0, 0x0                        main+2324

clint mtime 0x00000000000005D7 (mip.MTI <- 0b1, mip.STI <- 0b0)
mem[X,0x0000000080001138] -> 0x0013
mem[X,0x000000008000113A] -> 0x0000
[2990] [M]: 0x0000000080001138 (0x00000013) addi x0, x0, 0x0                        main+2328

mem[X,0x000000008000113C] -> 0x0013
mem[X,0x000000008000113E] -> 0x0000
[2991] [M]: 0x000000008000113C (0x00000013) addi x0, x0, 0x0                        main+2332

clint mtime 0x00000000000005D8 (mip.MTI <- 0b1, mip.STI <- 0b0)
mem[X,0x0000000080001140] -> 0x5317
mem[X,0x0000000080001142] -> 0x0000
[2992] [M]: 0x0000000080001140 (0x00005317) auipc x6, 0x5                           main+2336
x6 <- 0x0000000080006140

mem[X,0x0000000080001144] -> 0x0313
mem[X,0x0000000080001146] -> 0xEC03
[2993] [M]: 0x0000000080001144 (0xEC030313) addi x6, x6, -0x140                     main+2340
x6 <- 0x0000000080006000

clint mtime 0x00000000000005D9 (mip.MTI <- 0b1, mip.STI <- 0b0)
mem[X,0x0000000080001148] -> 0x0001
[2994] [M]: 0x0000000080001148 (0x0001) c.nop                                       main+2344

mem[X,0x000000008000114A] -> 0x0013
mem[X,0x000000008000114C] -> 0x0000
[2995] [M]: 0x000000008000114A (0x00000013) addi x0, x0, 0x0                        main+2346

clint mtime 0x00000000000005DA (mip.MTI <- 0b1, mip.STI <- 0b0)
mem[X,0x000000008000114E] -> 0x0013
mem[X,0x0000000080001150] -> 0x0000
[2996] [M]: 0x000000008000114E (0x00000013) addi x0, x0, 0x0                        main+2350

mem[X,0x0000000080001152] -> 0x0013
mem[X,0x0000000080001154] -> 0x0000
[2997] [M]: 0x0000000080001152 (0x00000013) addi x0, x0, 0x0                        main+2354

clint mtime 0x00000000000005DB (mip.MTI <- 0b1, mip.STI <- 0b0)
mem[X,0x0000000080001156] -> 0x0013
mem[X,0x0000000080001158] -> 0x0000
[2998] [M]: 0x0000000080001156 (0x00000013) addi x0, x0, 0x0                        main+2358

mem[X,0x000000008000115A] -> 0x0013
mem[X,0x000000008000115C] -> 0x0000
[2999] [M]: 0x000000008000115A (0x00000013) addi x0, x0, 0x0                        main+2362

clint mtime 0x00000000000005DC (mip.MTI <- 0b1, mip.STI <- 0b0)
mem[X,0x000000008000115E] -> 0x0001
[3000] [M]: 0x000000008000115E (0x0001) c.nop                                       main+2366

mem[X,0x0000000080001160] -> 0x0293
mem[X,0x0000000080001162] -> 0x0000
[3001] [M]: 0x0000000080001160 (0x00000293) addi x5, x0, 0x0                        main+2368
x5 <- 0x0000000000000000

clint mtime 0x00000000000005DD (mip.MTI <- 0b1, mip.STI <- 0b0)
mem[X,0x0000000080001164] -> 0x0333
mem[X,0x0000000080001166] -> 0x0053
[3002] [M]: 0x0000000080001164 (0x00530333) add x6, x6, x5                          main+2372
x6 <- 0x0000000080006000

mem[X,0x0000000080001168] -> 0x3023
mem[X,0x000000008000116A] -> 0x00A3
[3003] [M]: 0x0000000080001168 (0x00A33023) sd x10, 0x0(x6)                         main+2376
mem[W,0x0000000080006000] <- 0x0000000020001401

clint mtime 0x00000000000005DE (mip.MTI <- 0b1, mip.STI <- 0b0)
mem[X,0x000000008000116C] -> 0x0013
mem[X,0x000000008000116E] -> 0x0000
[3004] [M]: 0x000000008000116C (0x00000013) addi x0, x0, 0x0                        main+2380

mem[X,0x0000000080001170] -> 0x0013
mem[X,0x0000000080001172] -> 0x0000
[3005] [M]: 0x0000000080001170 (0x00000013) addi x0, x0, 0x0                        main+2384

clint mtime 0x00000000000005DF (mip.MTI <- 0b1, mip.STI <- 0b0)
mem[X,0x0000000080001174] -> 0x0013
mem[X,0x0000000080001176] -> 0x0000
[3006] [M]: 0x0000000080001174 (0x00000013) addi x0, x0, 0x0                        main+2388

mem[X,0x0000000080001178] -> 0x0013
mem[X,0x000000008000117A] -> 0x0000
[3007] [M]: 0x0000000080001178 (0x00000013) addi x0, x0, 0x0                        main+2392

clint mtime 0x00000000000005E0 (mip.MTI <- 0b1, mip.STI <- 0b0)
mem[X,0x000000008000117C] -> 0x0013
mem[X,0x000000008000117E] -> 0x0000
[3008] [M]: 0x000000008000117C (0x00000013) addi x0, x0, 0x0                        main+2396

mem[X,0x0000000080001180] -> 0xF517
mem[X,0x0000000080001182] -> 0xFFFF
[3009] [M]: 0x0000000080001180 (0xFFFFF517) auipc x10, -0x1                         main+2400
x10 <- 0x0000000080000180

clint mtime 0x00000000000005E1 (mip.MTI <- 0b1, mip.STI <- 0b0)
mem[X,0x0000000080001184] -> 0x0513
mem[X,0x0000000080001186] -> 0x2845
[3010] [M]: 0x0000000080001184 (0x28450513) addi x10, x10, 0x284                    main+2404
x10 <- 0x0000000080000404

mem[X,0x0000000080001188] -> 0x0001
[3011] [M]: 0x0000000080001188 (0x0001) c.nop                                       main+2408

clint mtime 0x00000000000005E2 (mip.MTI <- 0b1, mip.STI <- 0b0)
mem[X,0x000000008000118A] -> 0x0013
mem[X,0x000000008000118C] -> 0x0000
[3012] [M]: 0x000000008000118A (0x00000013) addi x0, x0, 0x0                        main+2410

mem[X,0x000000008000118E] -> 0x0013
mem[X,0x0000000080001190] -> 0x0000
[3013] [M]: 0x000000008000118E (0x00000013) addi x0, x0, 0x0                        main+2414

clint mtime 0x00000000000005E3 (mip.MTI <- 0b1, mip.STI <- 0b0)
mem[X,0x0000000080001192] -> 0x0013
mem[X,0x0000000080001194] -> 0x0000
[3014] [M]: 0x0000000080001192 (0x00000013) addi x0, x0, 0x0                        main+2418

mem[X,0x0000000080001196] -> 0x0013
mem[X,0x0000000080001198] -> 0x0000
[3015] [M]: 0x0000000080001196 (0x00000013) addi x0, x0, 0x0                        main+2422

clint mtime 0x00000000000005E4 (mip.MTI <- 0b1, mip.STI <- 0b0)
mem[X,0x000000008000119A] -> 0x0013
mem[X,0x000000008000119C] -> 0x0000
[3016] [M]: 0x000000008000119A (0x00000013) addi x0, x0, 0x0                        main+2426

mem[X,0x000000008000119E] -> 0x0001
[3017] [M]: 0x000000008000119E (0x0001) c.nop                                       main+2430

clint mtime 0x00000000000005E5 (mip.MTI <- 0b1, mip.STI <- 0b0)
mem[X,0x00000000800011A0] -> 0x0593
mem[X,0x00000000800011A2] -> 0x0CD0
[3018] [M]: 0x00000000800011A0 (0x0CD00593) addi x11, x0, 0xcd                      main+2432
x11 <- 0x00000000000000CD

mem[X,0x00000000800011A4] -> 0x5513
mem[X,0x00000000800011A6] -> 0x00C5
[3019] [M]: 0x00000000800011A4 (0x00C55513) srli x10, x10, 0xc                      main+2436
x10 <- 0x0000000000080000

clint mtime 0x00000000000005E6 (mip.MTI <- 0b1, mip.STI <- 0b0)
mem[X,0x00000000800011A8] -> 0x1513
mem[X,0x00000000800011AA] -> 0x00A5
[3020] [M]: 0x00000000800011A8 (0x00A51513) slli x10, x10, 0xa                      main+2440
x10 <- 0x0000000020000000

mem[X,0x00000000800011AC] -> 0x6533
mem[X,0x00000000800011AE] -> 0x00B5
[3021] [M]: 0x00000000800011AC (0x00B56533) or x10, x10, x11                        main+2444
x10 <- 0x00000000200000CD

clint mtime 0x00000000000005E7 (mip.MTI <- 0b1, mip.STI <- 0b0)
mem[X,0x00000000800011B0] -> 0x0013
mem[X,0x00000000800011B2] -> 0x0000
[3022] [M]: 0x00000000800011B0 (0x00000013) addi x0, x0, 0x0                        main+2448

mem[X,0x00000000800011B4] -> 0x0013
mem[X,0x00000000800011B6] -> 0x0000
[3023] [M]: 0x00000000800011B4 (0x00000013) addi x0, x0, 0x0                        main+2452

clint mtime 0x00000000000005E8 (mip.MTI <- 0b1, mip.STI <- 0b0)
mem[X,0x00000000800011B8] -> 0x0013
mem[X,0x00000000800011BA] -> 0x0000
[3024] [M]: 0x00000000800011B8 (0x00000013) addi x0, x0, 0x0                        main+2456

mem[X,0x00000000800011BC] -> 0x0013
mem[X,0x00000000800011BE] -> 0x0000
[3025] [M]: 0x00000000800011BC (0x00000013) addi x0, x0, 0x0                        main+2460

clint mtime 0x00000000000005E9 (mip.MTI <- 0b1, mip.STI <- 0b0)
mem[X,0x00000000800011C0] -> 0x4317
mem[X,0x00000000800011C2] -> 0x0000
[3026] [M]: 0x00000000800011C0 (0x00004317) auipc x6, 0x4                           main+2464
x6 <- 0x00000000800051C0

mem[X,0x00000000800011C4] -> 0x0313
mem[X,0x00000000800011C6] -> 0xE403
[3027] [M]: 0x00000000800011C4 (0xE4030313) addi x6, x6, -0x1c0                     main+2468
x6 <- 0x0000000080005000

clint mtime 0x00000000000005EA (mip.MTI <- 0b1, mip.STI <- 0b0)
mem[X,0x00000000800011C8] -> 0x0001
[3028] [M]: 0x00000000800011C8 (0x0001) c.nop                                       main+2472

mem[X,0x00000000800011CA] -> 0x0013
mem[X,0x00000000800011CC] -> 0x0000
[3029] [M]: 0x00000000800011CA (0x00000013) addi x0, x0, 0x0                        main+2474

clint mtime 0x00000000000005EB (mip.MTI <- 0b1, mip.STI <- 0b0)
mem[X,0x00000000800011CE] -> 0x0013
mem[X,0x00000000800011D0] -> 0x0000
[3030] [M]: 0x00000000800011CE (0x00000013) addi x0, x0, 0x0                        main+2478

mem[X,0x00000000800011D2] -> 0x0013
mem[X,0x00000000800011D4] -> 0x0000
[3031] [M]: 0x00000000800011D2 (0x00000013) addi x0, x0, 0x0                        main+2482

clint mtime 0x00000000000005EC (mip.MTI <- 0b1, mip.STI <- 0b0)
mem[X,0x00000000800011D6] -> 0x0013
mem[X,0x00000000800011D8] -> 0x0000
[3032] [M]: 0x00000000800011D6 (0x00000013) addi x0, x0, 0x0                        main+2486

mem[X,0x00000000800011DA] -> 0x0013
mem[X,0x00000000800011DC] -> 0x0000
[3033] [M]: 0x00000000800011DA (0x00000013) addi x0, x0, 0x0                        main+2490

clint mtime 0x00000000000005ED (mip.MTI <- 0b1, mip.STI <- 0b0)
mem[X,0x00000000800011DE] -> 0x0001
[3034] [M]: 0x00000000800011DE (0x0001) c.nop                                       main+2494

mem[X,0x00000000800011E0] -> 0x0293
mem[X,0x00000000800011E2] -> 0x0000
[3035] [M]: 0x00000000800011E0 (0x00000293) addi x5, x0, 0x0                        main+2496
x5 <- 0x0000000000000000

clint mtime 0x00000000000005EE (mip.MTI <- 0b1, mip.STI <- 0b0)
mem[X,0x00000000800011E4] -> 0x0333
mem[X,0x00000000800011E6] -> 0x0053
[3036] [M]: 0x00000000800011E4 (0x00530333) add x6, x6, x5                          main+2500
x6 <- 0x0000000080005000

mem[X,0x00000000800011E8] -> 0x3023
mem[X,0x00000000800011EA] -> 0x00A3
[3037] [M]: 0x00000000800011E8 (0x00A33023) sd x10, 0x0(x6)                         main+2504
mem[W,0x0000000080005000] <- 0x00000000200000CD

clint mtime 0x00000000000005EF (mip.MTI <- 0b1, mip.STI <- 0b0)
mem[X,0x00000000800011EC] -> 0x0073
mem[X,0x00000000800011EE] -> 0x1200
[3038] [M]: 0x00000000800011EC (0x12000073) sfence.vma x0, x0                       main+2508

mem[X,0x00000000800011F0] -> 0x0493
mem[X,0x00000000800011F2] -> 0x0010
[3039] [M]: 0x00000000800011F0 (0x00100493) addi x9, x0, 0x1                        main+2512
x9 <- 0x0000000000000001

clint mtime 0x00000000000005F0 (mip.MTI <- 0b1, mip.STI <- 0b0)
mem[X,0x00000000800011F4] -> 0x9493
mem[X,0x00000000800011F6] -> 0x00B4
[3040] [M]: 0x00000000800011F4 (0x00B49493) slli x9, x9, 0xb                        main+2516
x9 <- 0x0000000000000800

mem[X,0x00000000800011F8] -> 0xB073
mem[X,0x00000000800011FA] -> 0x3004
[3041] [M]: 0x00000000800011F8 (0x3004B073) csrrc x0, mstatus, x9                   main+2520
CSR mstatus (0x300) <- 0x0000000A00000000

clint mtime 0x00000000000005F1 (mip.MTI <- 0b1, mip.STI <- 0b0)
mem[X,0x00000000800011FC] -> 0x0493
mem[X,0x00000000800011FE] -> 0x0010
[3042] [M]: 0x00000000800011FC (0x00100493) addi x9, x0, 0x1                        main+2524
x9 <- 0x0000000000000001

mem[X,0x0000000080001200] -> 0x9493
mem[X,0x0000000080001202] -> 0x00B4
[3043] [M]: 0x0000000080001200 (0x00B49493) slli x9, x9, 0xb                        main+2528
x9 <- 0x0000000000000800

clint mtime 0x00000000000005F2 (mip.MTI <- 0b1, mip.STI <- 0b0)
mem[X,0x0000000080001204] -> 0xA073
mem[X,0x0000000080001206] -> 0x3004
[3044] [M]: 0x0000000080001204 (0x3004A073) csrrs x0, mstatus, x9                   main+2532
CSR mstatus (0x300) <- 0x0000000A00000800

mem[X,0x0000000080001208] -> 0x23F3
mem[X,0x000000008000120A] -> 0x3400
[3045] [M]: 0x0000000080001208 (0x340023F3) csrrs x7, mscratch, x0                  main+2536
CSR mscratch (0x340) -> 0x0000000080004000
x7 <- 0x0000000080004000

clint mtime 0x00000000000005F3 (mip.MTI <- 0b1, mip.STI <- 0b0)
mem[X,0x000000008000120C] -> 0xB303
mem[X,0x000000008000120E] -> 0x4703
[3046] [M]: 0x000000008000120C (0x4703B303) ld x6, 0x470(x7)                        main+2540
mem[R,0x0000000080004470] -> 0x00000001800007DC
x6 <- 0x00000001800007DC

mem[X,0x0000000080001210] -> 0xB483
mem[X,0x0000000080001212] -> 0x1D83
[3047] [M]: 0x0000000080001210 (0x1D83B483) ld x9, 0x1d8(x7)                        main+2544
mem[R,0x00000000800041D8] -> 0x00000000800007F4
x9 <- 0x00000000800007F4

clint mtime 0x00000000000005F4 (mip.MTI <- 0b1, mip.STI <- 0b0)
mem[X,0x0000000080001214] -> 0x0333
mem[X,0x0000000080001216] -> 0x4093
[3048] [M]: 0x0000000080001214 (0x40930333) sub x6, x6, x9                          main+2548
x6 <- 0x00000000FFFFFFE8

mem[X,0x0000000080001218] -> 0x0313
mem[X,0x000000008000121A] -> 0x0103
[3049] [M]: 0x0000000080001218 (0x01030313) addi x6, x6, 0x10                       main+2552
x6 <- 0x00000000FFFFFFF8

clint mtime 0x00000000000005F5 (mip.MTI <- 0b1, mip.STI <- 0b0)
mem[X,0x000000008000121C] -> 0x0497
mem[X,0x000000008000121E] -> 0x0000
[3050] [M]: 0x000000008000121C (0x00000497) auipc x9, 0x0                           main+2556
x9 <- 0x000000008000121C

mem[X,0x0000000080001220] -> 0x84B3
mem[X,0x0000000080001222] -> 0x0064
[3051] [M]: 0x0000000080001220 (0x006484B3) add x9, x9, x6                          main+2560
x9 <- 0x0000000180001214

clint mtime 0x00000000000005F6 (mip.MTI <- 0b1, mip.STI <- 0b0)
mem[X,0x0000000080001224] -> 0x94F3
mem[X,0x0000000080001226] -> 0x3414
[3052] [M]: 0x0000000080001224 (0x341494F3) csrrw x9, mepc, x9                      main+2564
CSR mepc (0x341) <- 0x0000000180001214
x9 <- 0x000000018000105C

mem[X,0x0000000080001228] -> 0x0073
mem[X,0x000000008000122A] -> 0x3020
[3053] [M]: 0x0000000080001228 (0x30200073) mret                                    main+2568
CSR mstatus (0x300) <- 0x0000000A00000080
ret-ing from M to S

clint mtime 0x00000000000005F7 (mip.MTI <- 0b1, mip.STI <- 0b0)
PTW: Start, vpn=0x180001, access_type=X, privilege=Smem[R,0x0000000080007030] -> 0x00000000200000CB
PTW: Step, level=2, pte=0x200000CB, pte_addr=0x80007030
PTW: Success, final_ppn=0x80001, level=2mem[X,0x0000000080001214] -> 0x0333
PTW: Start, vpn=0x180001, access_type=X, privilege=Smem[R,0x0000000080007030] -> 0x00000000200000CB
PTW: Step, level=2, pte=0x200000CB, pte_addr=0x80007030
PTW: Success, final_ppn=0x80001, level=2mem[X,0x0000000080001216] -> 0x4093
[3054] [S]: 0x0000000180001214 (0x40930333) sub x6, x6, x9                          va_rvtest_code_begin+2616
x6 <- 0xFFFFFFFF7FFFEF9C

PTW: Start, vpn=0x180001, access_type=X, privilege=Smem[R,0x0000000080007030] -> 0x00000000200000CB
PTW: Step, level=2, pte=0x200000CB, pte_addr=0x80007030
PTW: Success, final_ppn=0x80001, level=2mem[X,0x0000000080001218] -> 0x0313
PTW: Start, vpn=0x180001, access_type=X, privilege=Smem[R,0x0000000080007030] -> 0x00000000200000CB
PTW: Step, level=2, pte=0x200000CB, pte_addr=0x80007030
PTW: Success, final_ppn=0x80001, level=2mem[X,0x000000008000121A] -> 0x0103
[3055] [S]: 0x0000000180001218 (0x01030313) addi x6, x6, 0x10                       va_rvtest_code_begin+2620
x6 <- 0xFFFFFFFF7FFFEFAC

clint mtime 0x00000000000005F8 (mip.MTI <- 0b1, mip.STI <- 0b0)
PTW: Start, vpn=0x180001, access_type=X, privilege=Smem[R,0x0000000080007030] -> 0x00000000200000CB
PTW: Step, level=2, pte=0x200000CB, pte_addr=0x80007030
PTW: Success, final_ppn=0x80001, level=2mem[X,0x000000008000121C] -> 0x0497
PTW: Start, vpn=0x180001, access_type=X, privilege=Smem[R,0x0000000080007030] -> 0x00000000200000CB
PTW: Step, level=2, pte=0x200000CB, pte_addr=0x80007030
PTW: Success, final_ppn=0x80001, level=2mem[X,0x000000008000121E] -> 0x0000
[3056] [S]: 0x000000018000121C (0x00000497) auipc x9, 0x0                           va_rvtest_code_begin+2624
x9 <- 0x000000018000121C

PTW: Start, vpn=0x180001, access_type=X, privilege=Smem[R,0x0000000080007030] -> 0x00000000200000CB
PTW: Step, level=2, pte=0x200000CB, pte_addr=0x80007030
PTW: Success, final_ppn=0x80001, level=2mem[X,0x0000000080001220] -> 0x84B3
PTW: Start, vpn=0x180001, access_type=X, privilege=Smem[R,0x0000000080007030] -> 0x00000000200000CB
PTW: Step, level=2, pte=0x200000CB, pte_addr=0x80007030
PTW: Success, final_ppn=0x80001, level=2mem[X,0x0000000080001222] -> 0x0064
[3057] [S]: 0x0000000180001220 (0x006484B3) add x9, x9, x6                          va_rvtest_code_begin+2628
x9 <- 0x00000001000001C8

clint mtime 0x00000000000005F9 (mip.MTI <- 0b1, mip.STI <- 0b0)
PTW: Start, vpn=0x180001, access_type=X, privilege=Smem[R,0x0000000080007030] -> 0x00000000200000CB
PTW: Step, level=2, pte=0x200000CB, pte_addr=0x80007030
PTW: Success, final_ppn=0x80001, level=2mem[X,0x0000000080001224] -> 0x94F3
PTW: Start, vpn=0x180001, access_type=X, privilege=Smem[R,0x0000000080007030] -> 0x00000000200000CB
PTW: Step, level=2, pte=0x200000CB, pte_addr=0x80007030
PTW: Success, final_ppn=0x80001, level=2mem[X,0x0000000080001226] -> 0x3414
[3058] [S]: 0x0000000180001224 (0x341494F3) csrrw x9, mepc, x9                      va_rvtest_code_begin+2632
trapping from S to M to handle illegal-instruction
handling exc#illegal-instruction at priv M with tval 0x00000000341494F3
CSR mstatus (0x300) <- 0x0000000A00000800
CSR mcause (0x342) <- 0x0000000000000002
CSR mtval (0x343) <- 0x00000000341494F3
CSR mepc (0x341) <- 0x0000000180001224

mem[X,0x0000000080001600] -> 0x006F
mem[X,0x0000000080001602] -> 0x1000
[3059] [M]: 0x0000000080001600 (0x1000006F) jal x0, 0x100                           Mtrampoline+0

clint mtime 0x00000000000005FA (mip.MTI <- 0b1, mip.STI <- 0b0)
mem[X,0x0000000080001700] -> 0x1173
mem[X,0x0000000080001702] -> 0x3401
[3060] [M]: 0x0000000080001700 (0x34011173) csrrw x2, mscratch, x2                  trap_Mhandler+0
CSR mscratch (0x340) <- 0x0000000000000000
x2 <- 0x0000000080004000

mem[X,0x0000000080001704] -> 0x3423
mem[X,0x0000000080001706] -> 0x28B1
[3061] [M]: 0x0000000080001704 (0x28B13423) sd x11, 0x288(x2)                       trap_Mhandler+4
mem[W,0x0000000080004288] <- 0x00000000000000CD

clint mtime 0x00000000000005FB (mip.MTI <- 0b1, mip.STI <- 0b0)
mem[X,0x0000000080001708] -> 0x05EF
mem[X,0x000000008000170A] -> 0x0B80
[3062] [M]: 0x0000000080001708 (0x0B8005EF) jal x11, 0xb8                           trap_Mhandler+8
x11 <- 0x000000008000170C

mem[X,0x00000000800017C0] -> 0x3023
mem[X,0x00000000800017C2] -> 0x28A1
[3063] [M]: 0x00000000800017C0 (0x28A13023) sd x10, 0x280(x2)                       common_Mhandler+0
mem[W,0x0000000080004280] <- 0x00000000200000CD

clint mtime 0x00000000000005FC (mip.MTI <- 0b1, mip.STI <- 0b0)
mem[X,0x00000000800017C4] -> 0x1573
mem[X,0x00000000800017C6] -> 0x3401
[3064] [M]: 0x00000000800017C4 (0x34011573) csrrw x10, mscratch, x2                 common_Mhandler+4
CSR mscratch (0x340) <- 0x0000000080004000
x10 <- 0x0000000000000000

mem[X,0x00000000800017C8] -> 0x3823
mem[X,0x00000000800017CA] -> 0x28A1
[3065] [M]: 0x00000000800017C8 (0x28A13823) sd x10, 0x290(x2)                       common_Mhandler+8
mem[W,0x0000000080004290] <- 0x0000000000000000

clint mtime 0x00000000000005FD (mip.MTI <- 0b1, mip.STI <- 0b0)
mem[X,0x00000000800017CC] -> 0x3503
mem[X,0x00000000800017CE] -> 0x2301
[3066] [M]: 0x00000000800017CC (0x23013503) ld x10, 0x230(x2)                       common_Mhandler+12
mem[R,0x0000000080004230] -> 0x00000000800017D4
x10 <- 0x00000000800017D4

mem[X,0x00000000800017D0] -> 0x0067
mem[X,0x00000000800017D2] -> 0x0005
[3067] [M]: 0x00000000800017D0 (0x00050067) jalr x0, 0x0(x10)                       common_Mhandler+16

clint mtime 0x00000000000005FE (mip.MTI <- 0b1, mip.STI <- 0b0)
mem[X,0x00000000800017D4] -> 0x3C23
mem[X,0x00000000800017D6] -> 0x2691
[3068] [M]: 0x00000000800017D4 (0x26913C23) sd x9, 0x278(x2)                        common_Mentry+0
mem[W,0x0000000080004278] <- 0x00000001000001C8

mem[X,0x00000000800017D8] -> 0x3823
mem[X,0x00000000800017DA] -> 0x2681
[3069] [M]: 0x00000000800017D8 (0x26813823) sd x8, 0x270(x2)                        common_Mentry+4
mem[W,0x0000000080004270] <- 0x0000000000007F76

clint mtime 0x00000000000005FF (mip.MTI <- 0b1, mip.STI <- 0b0)
mem[X,0x00000000800017DC] -> 0x3423
mem[X,0x00000000800017DE] -> 0x2671
[3070] [M]: 0x00000000800017DC (0x26713423) sd x7, 0x268(x2)                        common_Mentry+8
mem[W,0x0000000080004268] <- 0x0000000080004000

mem[X,0x00000000800017E0] -> 0x3023
mem[X,0x00000000800017E2] -> 0x2661
[3071] [M]: 0x00000000800017E0 (0x26613023) sd x6, 0x260(x2)                        common_Mentry+12
mem[W,0x0000000080004260] <- 0xFFFFFFFF7FFFEFAC

clint mtime 0x0000000000000600 (mip.MTI <- 0b1, mip.STI <- 0b0)
mem[X,0x00000000800017E4] -> 0x2573
mem[X,0x00000000800017E6] -> 0x3420
[3072] [M]: 0x00000000800017E4 (0x34202573) csrrs x10, mcause, x0                   spcl_M2mmode_test+0
CSR mcause (0x342) -> 0x0000000000000002
x10 <- 0x0000000000000002

mem[X,0x00000000800017E8] -> 0x04B7
mem[X,0x00000000800017EA] -> 0x8000
[3073] [M]: 0x00000000800017E8 (0x800004B7) lui x9, -0x80000                        spcl_M2mmode_test+4
x9 <- 0xFFFFFFFF80000000

clint mtime 0x0000000000000601 (mip.MTI <- 0b1, mip.STI <- 0b0)
mem[X,0x00000000800017EC] -> 0x8493
mem[X,0x00000000800017EE] -> 0x0004
[3074] [M]: 0x00000000800017EC (0x00048493) addi x9, x9, 0x0                        spcl_M2mmode_test+8
x9 <- 0xFFFFFFFF80000000

mem[X,0x00000000800017F0] -> 0x9493
mem[X,0x00000000800017F2] -> 0x00B4
[3075] [M]: 0x00000000800017F0 (0x00B49493) slli x9, x9, 0xb                        spcl_M2mmode_test+12
x9 <- 0xFFFFFC0000000000

clint mtime 0x0000000000000602 (mip.MTI <- 0b1, mip.STI <- 0b0)
mem[X,0x00000000800017F4] -> 0x8493
mem[X,0x00000000800017F6] -> 0x0004
[3076] [M]: 0x00000000800017F4 (0x00048493) addi x9, x9, 0x0                        spcl_M2mmode_test+16
x9 <- 0xFFFFFC0000000000

mem[X,0x00000000800017F8] -> 0x9493
mem[X,0x00000000800017FA] -> 0x00B4
[3077] [M]: 0x00000000800017F8 (0x00B49493) slli x9, x9, 0xb                        spcl_M2mmode_test+20
x9 <- 0xFFE0000000000000

clint mtime 0x0000000000000603 (mip.MTI <- 0b1, mip.STI <- 0b0)
mem[X,0x00000000800017FC] -> 0x8493
mem[X,0x00000000800017FE] -> 0x0034
[3078] [M]: 0x00000000800017FC (0x00348493) addi x9, x9, 0x3                        spcl_M2mmode_test+24
x9 <- 0xFFE0000000000003

mem[X,0x0000000080001800] -> 0x9493
mem[X,0x0000000080001802] -> 0x00A4
[3079] [M]: 0x0000000080001800 (0x00A49493) slli x9, x9, 0xa                        spcl_M2mmode_test+28
x9 <- 0x8000000000000C00

clint mtime 0x0000000000000604 (mip.MTI <- 0b1, mip.STI <- 0b0)
mem[X,0x0000000080001804] -> 0x8493
mem[X,0x0000000080001806] -> 0x3FC4
[3080] [M]: 0x0000000080001804 (0x3FC48493) addi x9, x9, 0x3fc                      spcl_M2mmode_test+32
x9 <- 0x8000000000000FFC

mem[X,0x0000000080001808] -> 0xF4B3
mem[X,0x000000008000180A] -> 0x00A4
[3081] [M]: 0x0000000080001808 (0x00A4F4B3) and x9, x9, x10                         spcl_M2mmode_test+36
x9 <- 0x0000000000000000

clint mtime 0x0000000000000605 (mip.MTI <- 0b1, mip.STI <- 0b0)
mem[X,0x000000008000180C] -> 0x8493
mem[X,0x000000008000180E] -> 0xFF84
[3082] [M]: 0x000000008000180C (0xFF848493) addi x9, x9, -0x8                       spcl_M2mmode_test+40
x9 <- 0xFFFFFFFFFFFFFFF8

mem[X,0x0000000080001810] -> 0x9663
mem[X,0x0000000080001812] -> 0x0004
[3083] [M]: 0x0000000080001810 (0x00049663) bne x9, x0, 0xc                         spcl_M2mmode_test+44

clint mtime 0x0000000000000606 (mip.MTI <- 0b1, mip.STI <- 0b0)
mem[X,0x000000008000181C] -> 0x0393
mem[X,0x000000008000181E] -> 0x0200
[3084] [M]: 0x000000008000181C (0x02000393) addi x7, x0, 0x20                       Mtrapsig_ptr_upd+0
x7 <- 0x0000000000000020

mem[X,0x0000000080001820] -> 0x5263
mem[X,0x0000000080001822] -> 0x0405
[3085] [M]: 0x0000000080001820 (0x04055263) bge x10, x0, 0x44                       Mtrapsig_ptr_upd+4

clint mtime 0x0000000000000607 (mip.MTI <- 0b1, mip.STI <- 0b0)
mem[X,0x0000000080001864] -> 0x2373
mem[X,0x0000000080001866] -> 0x3010
[3086] [M]: 0x0000000080001864 (0x30102373) csrrs x6, misa, x0                      Mxcpt_sig_sv+0
CSR misa (0x301) -> 0x800000000034112F
x6 <- 0x800000000034112F

mem[X,0x0000000080001868] -> 0x1313
mem[X,0x000000008000186A] -> 0x0383
[3087] [M]: 0x0000000080001868 (0x03831313) slli x6, x6, 0x38                       Mxcpt_sig_sv+4
x6 <- 0x2F00000000000000

clint mtime 0x0000000000000608 (mip.MTI <- 0b1, mip.STI <- 0b0)
mem[X,0x000000008000186C] -> 0x5463
mem[X,0x000000008000186E] -> 0x0003
[3088] [M]: 0x000000008000186C (0x00035463) bge x6, x0, 0x8                         Mxcpt_sig_sv+8

mem[X,0x0000000080001874] -> 0x3303
mem[X,0x0000000080001876] -> 0x2181
[3089] [M]: 0x0000000080001874 (0x21813303) ld x6, 0x218(x2)                        Mtrap_sig_sv+0
mem[R,0x0000000080004218] -> 0x0000000080008718
x6 <- 0x0000000080008718

clint mtime 0x0000000000000609 (mip.MTI <- 0b1, mip.STI <- 0b0)
mem[X,0x0000000080001878] -> 0x04B3
mem[X,0x000000008000187A] -> 0x0073
[3090] [M]: 0x0000000080001878 (0x007304B3) add x9, x6, x7                          Mtrap_sig_sv+4
x9 <- 0x0000000080008738

mem[X,0x000000008000187C] -> 0x3C23
mem[X,0x000000008000187E] -> 0x2091
[3091] [M]: 0x000000008000187C (0x20913C23) sd x9, 0x218(x2)                        Mtrap_sig_sv+8
mem[W,0x0000000080004218] <- 0x0000000080008738

clint mtime 0x000000000000060A (mip.MTI <- 0b1, mip.STI <- 0b0)
mem[X,0x0000000080001880] -> 0x3403
mem[X,0x0000000080001882] -> 0x1F81
[3092] [M]: 0x0000000080001880 (0x1F813403) ld x8, 0x1f8(x2)                        Mtrap_sig_sv+12
mem[R,0x00000000800041F8] -> 0x0000000080008110
x8 <- 0x0000000080008110

mem[X,0x0000000080001884] -> 0x0333
mem[X,0x0000000080001886] -> 0x4083
[3093] [M]: 0x0000000080001884 (0x40830333) sub x6, x6, x8                          Mtrap_sig_sv+16
x6 <- 0x0000000000000608

clint mtime 0x000000000000060B (mip.MTI <- 0b1, mip.STI <- 0b0)
mem[X,0x0000000080001888] -> 0x3403
mem[X,0x000000008000188A] -> 0x1F81
[3094] [M]: 0x0000000080001888 (0x1F813403) ld x8, 0x1f8(x2)                        Mtrap_sig_sv+20
mem[R,0x00000000800041F8] -> 0x0000000080008110
x8 <- 0x0000000080008110

mem[X,0x000000008000188C] -> 0x0333
mem[X,0x000000008000188E] -> 0x0083
[3095] [M]: 0x000000008000188C (0x00830333) add x6, x6, x8                          Mtrap_sig_sv+24
x6 <- 0x0000000080008718

clint mtime 0x000000000000060C (mip.MTI <- 0b1, mip.STI <- 0b0)
mem[X,0x0000000080001890] -> 0x3403
mem[X,0x0000000080001892] -> 0x2401
[3096] [M]: 0x0000000080001890 (0x24013403) ld x8, 0x240(x2)                        Mtrap_sig_sv+28
mem[R,0x0000000080004240] -> 0x0000000080001600
x8 <- 0x0000000080001600

mem[X,0x0000000080001894] -> 0x85B3
mem[X,0x0000000080001896] -> 0x4085
[3097] [M]: 0x0000000080001894 (0x408585B3) sub x11, x11, x8                        sv_Mvect+0
x11 <- 0x000000000000010C

clint mtime 0x000000000000060D (mip.MTI <- 0b1, mip.STI <- 0b0)
mem[X,0x0000000080001898] -> 0x9593
mem[X,0x000000008000189A] -> 0x0045
[3098] [M]: 0x0000000080001898 (0x00459593) slli x11, x11, 0x4                      sv_Mvect+4
x11 <- 0x00000000000010C0

mem[X,0x000000008000189C] -> 0xE5B3
mem[X,0x000000008000189E] -> 0x0075
[3099] [M]: 0x000000008000189C (0x0075E5B3) or x11, x11, x7                         sv_Mvect+8
x11 <- 0x00000000000010E0

clint mtime 0x000000000000060E (mip.MTI <- 0b1, mip.STI <- 0b0)
mem[X,0x00000000800018A0] -> 0x8593
mem[X,0x00000000800018A2] -> 0x0035
[3100] [M]: 0x00000000800018A0 (0x00358593) addi x11, x11, 0x3                      sv_Mvect+12
x11 <- 0x00000000000010E3

mem[X,0x00000000800018A4] -> 0x3023
mem[X,0x00000000800018A6] -> 0x00B3
[3101] [M]: 0x00000000800018A4 (0x00B33023) sd x11, 0x0(x6)                         sv_Mvect+16
mem[W,0x0000000080008718] <- 0x00000000000010E3

clint mtime 0x000000000000060F (mip.MTI <- 0b1, mip.STI <- 0b0)
mem[X,0x00000000800018A8] -> 0x3423
mem[X,0x00000000800018AA] -> 0x00A3
[3102] [M]: 0x00000000800018A8 (0x00A33423) sd x10, 0x8(x6)                         sv_Mcause+0
mem[W,0x0000000080008720] <- 0x0000000000000002

mem[X,0x00000000800018AC] -> 0x4663
mem[X,0x00000000800018AE] -> 0x1A05
[3103] [M]: 0x00000000800018AC (0x1A054663) blt x10, x0, 0x1ac                      sv_Mcause+4

clint mtime 0x0000000000000610 (mip.MTI <- 0b1, mip.STI <- 0b0)
mem[X,0x00000000800018B0] -> 0x25F3
mem[X,0x00000000800018B2] -> 0x3000
[3104] [M]: 0x00000000800018B0 (0x300025F3) csrrs x11, mstatus, x0                  common_Mexcpt_handler+0
CSR mstatus (0x300) -> 0x0000000A00000800
x11 <- 0x0000000A00000800

mem[X,0x00000000800018B4] -> 0x9413
mem[X,0x00000000800018B6] -> 0x02E5
[3105] [M]: 0x00000000800018B4 (0x02E59413) slli x8, x11, 0x2e                      common_Mexcpt_handler+4
x8 <- 0x0200000000000000

clint mtime 0x0000000000000611 (mip.MTI <- 0b1, mip.STI <- 0b0)
mem[X,0x00000000800018B8] -> 0x5463
mem[X,0x00000000800018BA] -> 0x0004
[3106] [M]: 0x00000000800018B8 (0x00045463) bge x8, x0, 0x8                         common_Mexcpt_handler+8

mem[X,0x00000000800018C0] -> 0xD493
mem[X,0x00000000800018C2] -> 0x00B5
[3107] [M]: 0x00000000800018C0 (0x00B5D493) srli x9, x11, 0xb                       common_Mexcpt_handler+16
x9 <- 0x0000000001400001

clint mtime 0x0000000000000612 (mip.MTI <- 0b1, mip.STI <- 0b0)
mem[X,0x00000000800018C4] -> 0xF493
mem[X,0x00000000800018C6] -> 0x0034
[3108] [M]: 0x00000000800018C4 (0x0034F493) andi x9, x9, 0x3                        common_Mexcpt_handler+20
x9 <- 0x0000000000000001

mem[X,0x00000000800018C8] -> 0x8493
mem[X,0x00000000800018CA] -> 0x0014
[3109] [M]: 0x00000000800018C8 (0x00148493) addi x9, x9, 0x1                        common_Mexcpt_handler+24
x9 <- 0x0000000000000002

clint mtime 0x0000000000000613 (mip.MTI <- 0b1, mip.STI <- 0b0)
mem[X,0x00000000800018CC] -> 0xF493
mem[X,0x00000000800018CE] -> 0x0044
[3110] [M]: 0x00000000800018CC (0x0044F493) andi x9, x9, 0x4                        common_Mexcpt_handler+28
x9 <- 0x0000000000000000

mem[X,0x00000000800018D0] -> 0x0593
mem[X,0x00000000800018D2] -> 0x05D0
[3111] [M]: 0x00000000800018D0 (0x05D00593) addi x11, x0, 0x5d                      common_Mexcpt_handler+32
x11 <- 0x000000000000005D

clint mtime 0x0000000000000614 (mip.MTI <- 0b1, mip.STI <- 0b0)
mem[X,0x00000000800018D4] -> 0xD5B3
mem[X,0x00000000800018D6] -> 0x0095
[3112] [M]: 0x00000000800018D4 (0x0095D5B3) srl x11, x11, x9                        common_Mexcpt_handler+36
x11 <- 0x000000000000005D

mem[X,0x00000000800018D8] -> 0xF593
mem[X,0x00000000800018DA] -> 0x0015
[3113] [M]: 0x00000000800018D8 (0x0015F593) andi x11, x11, 0x1                      common_Mexcpt_handler+40
x11 <- 0x0000000000000001

clint mtime 0x0000000000000615 (mip.MTI <- 0b1, mip.STI <- 0b0)
mem[X,0x00000000800018DC] -> 0x8EE3
mem[X,0x00000000800018DE] -> 0xF405
[3114] [M]: 0x00000000800018DC (0xF4058EE3) beq x11, x0, -0xa4                      common_Mexcpt_handler+44

mem[X,0x00000000800018E0] -> 0x0593
mem[X,0x00000000800018E2] -> 0x2980
[3115] [M]: 0x00000000800018E0 (0x29800593) addi x11, x0, 0x298                     common_Mexcpt_handler+48
x11 <- 0x0000000000000298

clint mtime 0x0000000000000616 (mip.MTI <- 0b1, mip.STI <- 0b0)
mem[X,0x00000000800018E4] -> 0xF413
mem[X,0x00000000800018E6] -> 0x0014
[3116] [M]: 0x00000000800018E4 (0x0014F413) andi x8, x9, 0x1                        common_Mexcpt_handler+52
x8 <- 0x0000000000000000

mem[X,0x00000000800018E8] -> 0x95B3
mem[X,0x00000000800018EA] -> 0x0085
[3117] [M]: 0x00000000800018E8 (0x008595B3) sll x11, x11, x8                        common_Mexcpt_handler+56
x11 <- 0x0000000000000298

clint mtime 0x0000000000000617 (mip.MTI <- 0b1, mip.STI <- 0b0)
mem[X,0x00000000800018EC] -> 0x9413
mem[X,0x00000000800018EE] -> 0x03D4
[3118] [M]: 0x00000000800018EC (0x03D49413) slli x8, x9, 0x3d                       common_Mexcpt_handler+60
x8 <- 0x0000000000000000

mem[X,0x00000000800018F0] -> 0x5413
mem[X,0x00000000800018F2] -> 0x43F4
[3119] [M]: 0x00000000800018F0 (0x43F45413) srai x8, x8, 0x3f                       common_Mexcpt_handler+64
x8 <- 0x0000000000000000

clint mtime 0x0000000000000618 (mip.MTI <- 0b1, mip.STI <- 0b0)
mem[X,0x00000000800018F4] -> 0x4413
mem[X,0x00000000800018F6] -> 0xFFF4
[3120] [M]: 0x00000000800018F4 (0xFFF44413) xori x8, x8, -0x1                       common_Mexcpt_handler+68
x8 <- 0xFFFFFFFFFFFFFFFF

mem[X,0x00000000800018F8] -> 0xF4B3
mem[X,0x00000000800018FA] -> 0x0085
[3121] [M]: 0x00000000800018F8 (0x0085F4B3) and x9, x11, x8                         common_Mexcpt_handler+72
x9 <- 0x0000000000000298

clint mtime 0x0000000000000619 (mip.MTI <- 0b1, mip.STI <- 0b0)
mem[X,0x00000000800018FC] -> 0x84B3
mem[X,0x00000000800018FE] -> 0x0024
[3122] [M]: 0x00000000800018FC (0x002484B3) add x9, x9, x2                          vmem_adj_Mepc+0
x9 <- 0x0000000080004298

mem[X,0x0000000080001900] -> 0x23F3
mem[X,0x0000000080001902] -> 0x3410
[3123] [M]: 0x0000000080001900 (0x341023F3) csrrs x7, mepc, x0                      vmem_adj_Mepc+4
CSR mepc (0x341) -> 0x0000000180001224
x7 <- 0x0000000180001224

clint mtime 0x000000000000061A (mip.MTI <- 0b1, mip.STI <- 0b0)
mem[X,0x0000000080001904] -> 0x0413
mem[X,0x0000000080001906] -> 0x0004
[3124] [M]: 0x0000000080001904 (0x00040413) addi x8, x8, 0x0                        vmem_adj_Mepc+8
x8 <- 0xFFFFFFFFFFFFFFFF

mem[X,0x0000000080001908] -> 0x006F
mem[X,0x000000008000190A] -> 0x0400
[3125] [M]: 0x0000000080001908 (0x0400006F) jal x0, 0x40                            vmem_adj_Mepc+12

clint mtime 0x000000000000061B (mip.MTI <- 0b1, mip.STI <- 0b0)
mem[X,0x0000000080001948] -> 0x8433
mem[X,0x000000008000194A] -> 0x4083
[3126] [M]: 0x0000000080001948 (0x40838433) sub x8, x7, x8                          adj_Mepc+0
x8 <- 0x0000000180001225

mem[X,0x000000008000194C] -> 0x3823
mem[X,0x000000008000194E] -> 0x0083
[3127] [M]: 0x000000008000194C (0x00833823) sd x8, 0x10(x6)                         sv_Mepc+0
mem[W,0x0000000080008728] <- 0x0000000180001225

clint mtime 0x000000000000061C (mip.MTI <- 0b1, mip.STI <- 0b0)
mem[X,0x0000000080001950] -> 0x55B7
mem[X,0x0000000080001952] -> 0x0000
[3128] [M]: 0x0000000080001950 (0x000055B7) lui x11, 0x5                            sv_Mepc+4
x11 <- 0x0000000000005000

mem[X,0x0000000080001954] -> 0x8593
mem[X,0x0000000080001956] -> 0x6675
[3129] [M]: 0x0000000080001954 (0x66758593) addi x11, x11, 0x667                    sv_Mepc+8
x11 <- 0x0000000000005667

clint mtime 0x000000000000061D (mip.MTI <- 0b1, mip.STI <- 0b0)
mem[X,0x0000000080001958] -> 0x9593
mem[X,0x000000008000195A] -> 0x0015
[3130] [M]: 0x0000000080001958 (0x00159593) slli x11, x11, 0x1                      sv_Mepc+12
x11 <- 0x000000000000ACCE

mem[X,0x000000008000195C] -> 0x9063
mem[X,0x000000008000195E] -> 0x02B1
[3131] [M]: 0x000000008000195C (0x02B19063) bne x3, x11, 0x20                       sv_Mepc+16

clint mtime 0x000000000000061E (mip.MTI <- 0b1, mip.STI <- 0b0)
mem[X,0x0000000080001960] -> 0x2473
mem[X,0x0000000080001962] -> 0x3420
[3132] [M]: 0x0000000080001960 (0x34202473) csrrs x8, mcause, x0                    sv_Mepc+20
CSR mcause (0x342) -> 0x0000000000000002
x8 <- 0x0000000000000002

mem[X,0x0000000080001964] -> 0x0593
mem[X,0x0000000080001966] -> 0x00C0
[3133] [M]: 0x0000000080001964 (0x00C00593) addi x11, x0, 0xc                       sv_Mepc+24
x11 <- 0x000000000000000C

clint mtime 0x000000000000061F (mip.MTI <- 0b1, mip.STI <- 0b0)
mem[X,0x0000000080001968] -> 0x0663
mem[X,0x000000008000196A] -> 0x00B4
[3134] [M]: 0x0000000080001968 (0x00B40663) beq x8, x11, 0xc                        sv_Mepc+28

mem[X,0x000000008000196C] -> 0x0593
mem[X,0x000000008000196E] -> 0x0010
[3135] [M]: 0x000000008000196C (0x00100593) addi x11, x0, 0x1                       sv_Mepc+32
x11 <- 0x0000000000000001

clint mtime 0x0000000000000620 (mip.MTI <- 0b1, mip.STI <- 0b0)
mem[X,0x0000000080001970] -> 0x1663
mem[X,0x0000000080001972] -> 0x00B4
[3136] [M]: 0x0000000080001970 (0x00B41663) bne x8, x11, 0xc                        sv_Mepc+36

mem[X,0x000000008000197C] -> 0xF593
mem[X,0x000000008000197E] -> 0xFFC3
[3137] [M]: 0x000000008000197C (0xFFC3F593) andi x11, x7, -0x4                      adj_Mepc_rtn+0
x11 <- 0x0000000180001224

clint mtime 0x0000000000000621 (mip.MTI <- 0b1, mip.STI <- 0b0)
mem[X,0x0000000080001980] -> 0x8593
mem[X,0x0000000080001982] -> 0x0085
[3138] [M]: 0x0000000080001980 (0x00858593) addi x11, x11, 0x8                      adj_Mepc_rtn+4
x11 <- 0x000000018000122C

mem[X,0x0000000080001984] -> 0x9073
mem[X,0x0000000080001986] -> 0x3415
[3139] [M]: 0x0000000080001984 (0x34159073) csrrw x0, mepc, x11                     adj_Mepc_rtn+8
CSR mepc (0x341) <- 0x000000018000122C

clint mtime 0x0000000000000622 (mip.MTI <- 0b1, mip.STI <- 0b0)
mem[X,0x0000000080001988] -> 0x23F3
mem[X,0x000000008000198A] -> 0x3430
[3140] [M]: 0x0000000080001988 (0x343023F3) csrrs x7, mtval, x0                     skp_adj_Mepc+0
CSR mtval (0x343) -> 0x00000000341494F3
x7 <- 0x00000000341494F3

mem[X,0x000000008000198C] -> 0x0413
mem[X,0x000000008000198E] -> 0x0004
[3141] [M]: 0x000000008000198C (0x00040413) addi x8, x8, 0x0                        skp_adj_Mepc+4
x8 <- 0x0000000000000002

clint mtime 0x0000000000000623 (mip.MTI <- 0b1, mip.STI <- 0b0)
mem[X,0x0000000080001990] -> 0x006F
mem[X,0x0000000080001992] -> 0x0840
[3142] [M]: 0x0000000080001990 (0x0840006F) jal x0, 0x84                            skp_adj_Mepc+8

mem[X,0x0000000080001A14] -> 0x8433
mem[X,0x0000000080001A16] -> 0x4083
[3143] [M]: 0x0000000080001A14 (0x40838433) sub x8, x7, x8                          adj_Mtval+0
x8 <- 0x00000000341494F1

clint mtime 0x0000000000000624 (mip.MTI <- 0b1, mip.STI <- 0b0)
mem[X,0x0000000080001A18] -> 0x3C23
mem[X,0x0000000080001A1A] -> 0x0083
[3144] [M]: 0x0000000080001A18 (0x00833C23) sd x8, 0x18(x6)                         sv_Mtval+0
mem[W,0x0000000080008730] <- 0x00000000341494F1

mem[X,0x0000000080001A1C] -> 0x3483
mem[X,0x0000000080001A1E] -> 0x2181
[3145] [M]: 0x0000000080001A1C (0x21813483) ld x9, 0x218(x2)                        skp_Mtval+0
mem[R,0x0000000080004218] -> 0x0000000080008738
x9 <- 0x0000000080008738

clint mtime 0x0000000000000625 (mip.MTI <- 0b1, mip.STI <- 0b0)
mem[X,0x0000000080001A20] -> 0x3383
mem[X,0x0000000080001A22] -> 0x1F81
[3146] [M]: 0x0000000080001A20 (0x1F813383) ld x7, 0x1f8(x2)                        skp_Mtval+4
mem[R,0x00000000800041F8] -> 0x0000000080008110
x7 <- 0x0000000080008110

mem[X,0x0000000080001A24] -> 0x3303
mem[X,0x0000000080001A26] -> 0x2001
[3147] [M]: 0x0000000080001A24 (0x20013303) ld x6, 0x200(x2)                        skp_Mtval+8
mem[R,0x0000000080004200] -> 0x0000000000000810
x6 <- 0x0000000000000810

clint mtime 0x0000000000000626 (mip.MTI <- 0b1, mip.STI <- 0b0)
mem[X,0x0000000080001A28] -> 0x0333
mem[X,0x0000000080001A2A] -> 0x0073
[3148] [M]: 0x0000000080001A28 (0x00730333) add x6, x6, x7                          skp_Mtval+12
x6 <- 0x0000000080008920

mem[X,0x0000000080001A2C] -> 0x6AE3
mem[X,0x0000000080001A2E] -> 0xAC93
[3149] [M]: 0x0000000080001A2C (0xAC936AE3) bltu x6, x9, -0x52c                     skp_Mtval+16

clint mtime 0x0000000000000627 (mip.MTI <- 0b1, mip.STI <- 0b0)
mem[X,0x0000000080001A30] -> 0x0393
mem[X,0x0000000080001A32] -> 0x2000
[3150] [M]: 0x0000000080001A30 (0x20000393) addi x7, x0, 0x200                      skp_Mtval+20
x7 <- 0x0000000000000200

mem[X,0x0000000080001A34] -> 0x006F
mem[X,0x0000000080001A36] -> 0x0400
[3151] [M]: 0x0000000080001A34 (0x0400006F) jal x0, 0x40                            skp_Mtval+24

clint mtime 0x0000000000000628 (mip.MTI <- 0b1, mip.STI <- 0b0)
mem[X,0x0000000080001A74] -> 0x0417
mem[X,0x0000000080001A76] -> 0x0000
[3152] [M]: 0x0000000080001A74 (0x00000417) auipc x8, 0x0                           spcl_Mhandler+0
x8 <- 0x0000000080001A74

mem[X,0x0000000080001A78] -> 0x0413
mem[X,0x0000000080001A7A] -> 0x03C4
[3153] [M]: 0x0000000080001A78 (0x03C40413) addi x8, x8, 0x3c                       spcl_Mhandler+4
x8 <- 0x0000000080001AB0

clint mtime 0x0000000000000629 (mip.MTI <- 0b1, mip.STI <- 0b0)
mem[X,0x0000000080001A7C] -> 0x0433
mem[X,0x0000000080001A7E] -> 0x0074
[3154] [M]: 0x0000000080001A7C (0x00740433) add x8, x8, x7                          spcl_Mhandler+8
x8 <- 0x0000000080001CB0

mem[X,0x0000000080001A80] -> 0x1393
mem[X,0x0000000080001A82] -> 0x0035
[3155] [M]: 0x0000000080001A80 (0x00351393) slli x7, x10, 0x3                       spcl_Mhandler+12
x7 <- 0x0000000000000010

clint mtime 0x000000000000062A (mip.MTI <- 0b1, mip.STI <- 0b0)
mem[X,0x0000000080001A84] -> 0x0433
mem[X,0x0000000080001A86] -> 0x0074
[3156] [M]: 0x0000000080001A84 (0x00740433) add x8, x8, x7                          spcl_Mhandler+16
x8 <- 0x0000000080001CC0

mem[X,0x0000000080001A88] -> 0x7413
mem[X,0x0000000080001A8A] -> 0xFF84
[3157] [M]: 0x0000000080001A88 (0xFF847413) andi x8, x8, -0x8                       spcl_Mhandler+20
x8 <- 0x0000000080001CC0

clint mtime 0x000000000000062B (mip.MTI <- 0b1, mip.STI <- 0b0)
mem[X,0x0000000080001A8C] -> 0x3403
mem[X,0x0000000080001A8E] -> 0x0004
[3158] [M]: 0x0000000080001A8C (0x00043403) ld x8, 0x0(x8)                          spcl_Mhandler+24
mem[R,0x0000000080001CC0] -> 0x0000000000000005
x8 <- 0x0000000000000005

mem[X,0x0000000080001A90] -> 0x02E3
mem[X,0x0000000080001A92] -> 0xB004
[3159] [M]: 0x0000000080001A90 (0xB00402E3) beq x8, x0, -0x4fc                      spcl_Mdispatch_hndling+0

clint mtime 0x000000000000062C (mip.MTI <- 0b1, mip.STI <- 0b0)
mem[X,0x0000000080001A94] -> 0x1393
mem[X,0x0000000080001A96] -> 0x03F4
[3160] [M]: 0x0000000080001A94 (0x03F41393) slli x7, x8, 0x3f                       spcl_Mdispatch_hndling+4
x7 <- 0x8000000000000000

mem[X,0x0000000080001A98] -> 0xD863
mem[X,0x0000000080001A9A] -> 0x0003
[3161] [M]: 0x0000000080001A98 (0x0003D863) bge x7, x0, 0x10                        spcl_Mdispatch_hndling+8

clint mtime 0x000000000000062D (mip.MTI <- 0b1, mip.STI <- 0b0)
mem[X,0x0000000080001A9C] -> 0x5413
mem[X,0x0000000080001A9E] -> 0x0014
[3162] [M]: 0x0000000080001A9C (0x00145413) srli x8, x8, 0x1                        spcl_Mdispatch_hndling+12
x8 <- 0x0000000000000002

mem[X,0x0000000080001AA0] -> 0x0CE3
mem[X,0x0000000080001AA2] -> 0xF885
[3163] [M]: 0x0000000080001AA0 (0xF8850CE3) beq x10, x8, -0x68                      spcl_Mdispatch_hndling+16

clint mtime 0x000000000000062E (mip.MTI <- 0b1, mip.STI <- 0b0)
mem[X,0x0000000080001A38] -> 0x3303
mem[X,0x0000000080001A3A] -> 0x2601
[3164] [M]: 0x0000000080001A38 (0x26013303) ld x6, 0x260(x2)                        resto_Mrtn+0
mem[R,0x0000000080004260] -> 0xFFFFFFFF7FFFEFAC
x6 <- 0xFFFFFFFF7FFFEFAC

mem[X,0x0000000080001A3C] -> 0x3383
mem[X,0x0000000080001A3E] -> 0x2681
[3165] [M]: 0x0000000080001A3C (0x26813383) ld x7, 0x268(x2)                        resto_Mrtn+4
mem[R,0x0000000080004268] -> 0x0000000080004000
x7 <- 0x0000000080004000

clint mtime 0x000000000000062F (mip.MTI <- 0b1, mip.STI <- 0b0)
mem[X,0x0000000080001A40] -> 0x3403
mem[X,0x0000000080001A42] -> 0x2701
[3166] [M]: 0x0000000080001A40 (0x27013403) ld x8, 0x270(x2)                        resto_Mrtn+8
mem[R,0x0000000080004270] -> 0x0000000000007F76
x8 <- 0x0000000000007F76

mem[X,0x0000000080001A44] -> 0x3483
mem[X,0x0000000080001A46] -> 0x2781
[3167] [M]: 0x0000000080001A44 (0x27813483) ld x9, 0x278(x2)                        resto_Mrtn+12
mem[R,0x0000000080004278] -> 0x00000001000001C8
x9 <- 0x00000001000001C8

clint mtime 0x0000000000000630 (mip.MTI <- 0b1, mip.STI <- 0b0)
mem[X,0x0000000080001A48] -> 0x3503
mem[X,0x0000000080001A4A] -> 0x2801
[3168] [M]: 0x0000000080001A48 (0x28013503) ld x10, 0x280(x2)                       resto_Mrtn+16
mem[R,0x0000000080004280] -> 0x00000000200000CD
x10 <- 0x00000000200000CD

mem[X,0x0000000080001A4C] -> 0x3583
mem[X,0x0000000080001A4E] -> 0x2881
[3169] [M]: 0x0000000080001A4C (0x28813583) ld x11, 0x288(x2)                       resto_Mrtn+20
mem[R,0x0000000080004288] -> 0x00000000000000CD
x11 <- 0x00000000000000CD

clint mtime 0x0000000000000631 (mip.MTI <- 0b1, mip.STI <- 0b0)
mem[X,0x0000000080001A50] -> 0x3103
mem[X,0x0000000080001A52] -> 0x2901
[3170] [M]: 0x0000000080001A50 (0x29013103) ld x2, 0x290(x2)                        resto_Mrtn+24
mem[R,0x0000000080004290] -> 0x0000000000000000
x2 <- 0x0000000000000000

mem[X,0x0000000080001A54] -> 0x0073
mem[X,0x0000000080001A56] -> 0x3020
[3171] [M]: 0x0000000080001A54 (0x30200073) mret                                    resto_Mrtn+28
CSR mstatus (0x300) <- 0x0000000A00000080
ret-ing from M to S

clint mtime 0x0000000000000632 (mip.MTI <- 0b1, mip.STI <- 0b0)
PTW: Start, vpn=0x180001, access_type=X, privilege=Smem[R,0x0000000080007030] -> 0x00000000200000CB
PTW: Step, level=2, pte=0x200000CB, pte_addr=0x80007030
PTW: Success, final_ppn=0x80001, level=2mem[X,0x000000008000122C] -> 0x07B7
PTW: Start, vpn=0x180001, access_type=X, privilege=Smem[R,0x0000000080007030] -> 0x00000000200000CB
PTW: Step, level=2, pte=0x200000CB, pte_addr=0x80007030
PTW: Success, final_ppn=0x80001, level=2mem[X,0x000000008000122E] -> 0x5000
[3172] [S]: 0x000000018000122C (0x500007B7) lui x15, 0x50000                        va_rvtest_code_begin+2640
x15 <- 0x0000000050000000

PTW: Start, vpn=0x180001, access_type=X, privilege=Smem[R,0x0000000080007030] -> 0x00000000200000CB
PTW: Step, level=2, pte=0x200000CB, pte_addr=0x80007030
PTW: Success, final_ppn=0x80001, level=2mem[X,0x0000000080001230] -> 0x8793
PTW: Start, vpn=0x180001, access_type=X, privilege=Smem[R,0x0000000080007030] -> 0x00000000200000CB
PTW: Step, level=2, pte=0x200000CB, pte_addr=0x80007030
PTW: Success, final_ppn=0x80001, level=2mem[X,0x0000000080001232] -> 0x1017
[3173] [S]: 0x0000000180001230 (0x10178793) addi x15, x15, 0x101                    va_rvtest_code_begin+2644
x15 <- 0x0000000050000101

clint mtime 0x0000000000000633 (mip.MTI <- 0b1, mip.STI <- 0b0)
PTW: Start, vpn=0x180001, access_type=X, privilege=Smem[R,0x0000000080007030] -> 0x00000000200000CB
PTW: Step, level=2, pte=0x200000CB, pte_addr=0x80007030
PTW: Success, final_ppn=0x80001, level=2mem[X,0x0000000080001234] -> 0x9793
PTW: Start, vpn=0x180001, access_type=X, privilege=Smem[R,0x0000000080007030] -> 0x00000000200000CB
PTW: Step, level=2, pte=0x200000CB, pte_addr=0x80007030
PTW: Success, final_ppn=0x80001, level=2mem[X,0x0000000080001236] -> 0x0027
[3174] [S]: 0x0000000180001234 (0x00279793) slli x15, x15, 0x2                      va_rvtest_code_begin+2648
x15 <- 0x0000000140000404

PTW: Start, vpn=0x180001, access_type=X, privilege=Smem[R,0x0000000080007030] -> 0x00000000200000CB
PTW: Step, level=2, pte=0x200000CB, pte_addr=0x80007030
PTW: Success, final_ppn=0x80001, level=2mem[X,0x0000000080001238] -> 0x0613
PTW: Start, vpn=0x180001, access_type=X, privilege=Smem[R,0x0000000080007030] -> 0x00000000200000CB
PTW: Step, level=2, pte=0x200000CB, pte_addr=0x80007030
PTW: Success, final_ppn=0x80001, level=2mem[X,0x000000008000123A] -> 0x0106
[3175] [S]: 0x0000000180001238 (0x01060613) addi x12, x12, 0x10                     va_rvtest_code_begin+2652
x12 <- 0x0000000000000050

clint mtime 0x0000000000000634 (mip.MTI <- 0b1, mip.STI <- 0b0)
PTW: Start, vpn=0x180001, access_type=X, privilege=Smem[R,0x0000000080007030] -> 0x00000000200000CB
PTW: Step, level=2, pte=0x200000CB, pte_addr=0x80007030
PTW: Success, final_ppn=0x80001, level=2mem[X,0x000000008000123C] -> 0xAA23
PTW: Start, vpn=0x180001, access_type=X, privilege=Smem[R,0x0000000080007030] -> 0x00000000200000CB
PTW: Step, level=2, pte=0x200000CB, pte_addr=0x80007030
PTW: Success, final_ppn=0x80001, level=2mem[X,0x000000008000123E] -> 0x00C7
[3176] [S]: 0x000000018000123C (0x00C7AA23) sw x12, 0x14(x15)                       va_rvtest_code_begin+2656
PTW: Start, vpn=0x140000, access_type=W, privilege=Smem[R,0x0000000080007028] -> 0x0000000020001801
PTW: Step, level=2, pte=0x20001801, pte_addr=0x80007028
PTW: Start, vpn=0x140000, access_type=W, privilege=Smem[R,0x0000000080006000] -> 0x0000000020001401
PTW: Step, level=1, pte=0x20001401, pte_addr=0x80006000
PTW: Start, vpn=0x140000, access_type=W, privilege=Smem[R,0x0000000080005000] -> 0x00000000200000CD
PTW: Step, level=0, pte=0x200000CD, pte_addr=0x80005000
PTW: failed, error=invalid-pte, level=0, pte_addr=0x80005000
trapping from S to M to handle store/amo-page-fault
handling exc#store/amo-page-fault at priv M with tval 0x0000000140000418
CSR mstatus (0x300) <- 0x0000000A00000800
CSR mcause (0x342) <- 0x000000000000000F
CSR mtval (0x343) <- 0x0000000140000418
CSR mepc (0x341) <- 0x000000018000123C

mem[X,0x0000000080001600] -> 0x006F
mem[X,0x0000000080001602] -> 0x1000
[3177] [M]: 0x0000000080001600 (0x1000006F) jal x0, 0x100                           Mtrampoline+0

clint mtime 0x0000000000000635 (mip.MTI <- 0b1, mip.STI <- 0b0)
mem[X,0x0000000080001700] -> 0x1173
mem[X,0x0000000080001702] -> 0x3401
[3178] [M]: 0x0000000080001700 (0x34011173) csrrw x2, mscratch, x2                  trap_Mhandler+0
CSR mscratch (0x340) <- 0x0000000000000000
x2 <- 0x0000000080004000

mem[X,0x0000000080001704] -> 0x3423
mem[X,0x0000000080001706] -> 0x28B1
[3179] [M]: 0x0000000080001704 (0x28B13423) sd x11, 0x288(x2)                       trap_Mhandler+4
mem[W,0x0000000080004288] <- 0x00000000000000CD

clint mtime 0x0000000000000636 (mip.MTI <- 0b1, mip.STI <- 0b0)
mem[X,0x0000000080001708] -> 0x05EF
mem[X,0x000000008000170A] -> 0x0B80
[3180] [M]: 0x0000000080001708 (0x0B8005EF) jal x11, 0xb8                           trap_Mhandler+8
x11 <- 0x000000008000170C

mem[X,0x00000000800017C0] -> 0x3023
mem[X,0x00000000800017C2] -> 0x28A1
[3181] [M]: 0x00000000800017C0 (0x28A13023) sd x10, 0x280(x2)                       common_Mhandler+0
mem[W,0x0000000080004280] <- 0x00000000200000CD

clint mtime 0x0000000000000637 (mip.MTI <- 0b1, mip.STI <- 0b0)
mem[X,0x00000000800017C4] -> 0x1573
mem[X,0x00000000800017C6] -> 0x3401
[3182] [M]: 0x00000000800017C4 (0x34011573) csrrw x10, mscratch, x2                 common_Mhandler+4
CSR mscratch (0x340) <- 0x0000000080004000
x10 <- 0x0000000000000000

mem[X,0x00000000800017C8] -> 0x3823
mem[X,0x00000000800017CA] -> 0x28A1
[3183] [M]: 0x00000000800017C8 (0x28A13823) sd x10, 0x290(x2)                       common_Mhandler+8
mem[W,0x0000000080004290] <- 0x0000000000000000

clint mtime 0x0000000000000638 (mip.MTI <- 0b1, mip.STI <- 0b0)
mem[X,0x00000000800017CC] -> 0x3503
mem[X,0x00000000800017CE] -> 0x2301
[3184] [M]: 0x00000000800017CC (0x23013503) ld x10, 0x230(x2)                       common_Mhandler+12
mem[R,0x0000000080004230] -> 0x00000000800017D4
x10 <- 0x00000000800017D4

mem[X,0x00000000800017D0] -> 0x0067
mem[X,0x00000000800017D2] -> 0x0005
[3185] [M]: 0x00000000800017D0 (0x00050067) jalr x0, 0x0(x10)                       common_Mhandler+16

clint mtime 0x0000000000000639 (mip.MTI <- 0b1, mip.STI <- 0b0)
mem[X,0x00000000800017D4] -> 0x3C23
mem[X,0x00000000800017D6] -> 0x2691
[3186] [M]: 0x00000000800017D4 (0x26913C23) sd x9, 0x278(x2)                        common_Mentry+0
mem[W,0x0000000080004278] <- 0x00000001000001C8

mem[X,0x00000000800017D8] -> 0x3823
mem[X,0x00000000800017DA] -> 0x2681
[3187] [M]: 0x00000000800017D8 (0x26813823) sd x8, 0x270(x2)                        common_Mentry+4
mem[W,0x0000000080004270] <- 0x0000000000007F76

clint mtime 0x000000000000063A (mip.MTI <- 0b1, mip.STI <- 0b0)
mem[X,0x00000000800017DC] -> 0x3423
mem[X,0x00000000800017DE] -> 0x2671
[3188] [M]: 0x00000000800017DC (0x26713423) sd x7, 0x268(x2)                        common_Mentry+8
mem[W,0x0000000080004268] <- 0x0000000080004000

mem[X,0x00000000800017E0] -> 0x3023
mem[X,0x00000000800017E2] -> 0x2661
[3189] [M]: 0x00000000800017E0 (0x26613023) sd x6, 0x260(x2)                        common_Mentry+12
mem[W,0x0000000080004260] <- 0xFFFFFFFF7FFFEFAC

clint mtime 0x000000000000063B (mip.MTI <- 0b1, mip.STI <- 0b0)
mem[X,0x00000000800017E4] -> 0x2573
mem[X,0x00000000800017E6] -> 0x3420
[3190] [M]: 0x00000000800017E4 (0x34202573) csrrs x10, mcause, x0                   spcl_M2mmode_test+0
CSR mcause (0x342) -> 0x000000000000000F
x10 <- 0x000000000000000F

mem[X,0x00000000800017E8] -> 0x04B7
mem[X,0x00000000800017EA] -> 0x8000
[3191] [M]: 0x00000000800017E8 (0x800004B7) lui x9, -0x80000                        spcl_M2mmode_test+4
x9 <- 0xFFFFFFFF80000000

clint mtime 0x000000000000063C (mip.MTI <- 0b1, mip.STI <- 0b0)
mem[X,0x00000000800017EC] -> 0x8493
mem[X,0x00000000800017EE] -> 0x0004
[3192] [M]: 0x00000000800017EC (0x00048493) addi x9, x9, 0x0                        spcl_M2mmode_test+8
x9 <- 0xFFFFFFFF80000000

mem[X,0x00000000800017F0] -> 0x9493
mem[X,0x00000000800017F2] -> 0x00B4
[3193] [M]: 0x00000000800017F0 (0x00B49493) slli x9, x9, 0xb                        spcl_M2mmode_test+12
x9 <- 0xFFFFFC0000000000

clint mtime 0x000000000000063D (mip.MTI <- 0b1, mip.STI <- 0b0)
mem[X,0x00000000800017F4] -> 0x8493
mem[X,0x00000000800017F6] -> 0x0004
[3194] [M]: 0x00000000800017F4 (0x00048493) addi x9, x9, 0x0                        spcl_M2mmode_test+16
x9 <- 0xFFFFFC0000000000

mem[X,0x00000000800017F8] -> 0x9493
mem[X,0x00000000800017FA] -> 0x00B4
[3195] [M]: 0x00000000800017F8 (0x00B49493) slli x9, x9, 0xb                        spcl_M2mmode_test+20
x9 <- 0xFFE0000000000000

clint mtime 0x000000000000063E (mip.MTI <- 0b1, mip.STI <- 0b0)
mem[X,0x00000000800017FC] -> 0x8493
mem[X,0x00000000800017FE] -> 0x0034
[3196] [M]: 0x00000000800017FC (0x00348493) addi x9, x9, 0x3                        spcl_M2mmode_test+24
x9 <- 0xFFE0000000000003

mem[X,0x0000000080001800] -> 0x9493
mem[X,0x0000000080001802] -> 0x00A4
[3197] [M]: 0x0000000080001800 (0x00A49493) slli x9, x9, 0xa                        spcl_M2mmode_test+28
x9 <- 0x8000000000000C00

clint mtime 0x000000000000063F (mip.MTI <- 0b1, mip.STI <- 0b0)
mem[X,0x0000000080001804] -> 0x8493
mem[X,0x0000000080001806] -> 0x3FC4
[3198] [M]: 0x0000000080001804 (0x3FC48493) addi x9, x9, 0x3fc                      spcl_M2mmode_test+32
x9 <- 0x8000000000000FFC

mem[X,0x0000000080001808] -> 0xF4B3
mem[X,0x000000008000180A] -> 0x00A4
[3199] [M]: 0x0000000080001808 (0x00A4F4B3) and x9, x9, x10                         spcl_M2mmode_test+36
x9 <- 0x000000000000000C

clint mtime 0x0000000000000640 (mip.MTI <- 0b1, mip.STI <- 0b0)
mem[X,0x000000008000180C] -> 0x8493
mem[X,0x000000008000180E] -> 0xFF84
[3200] [M]: 0x000000008000180C (0xFF848493) addi x9, x9, -0x8                       spcl_M2mmode_test+40
x9 <- 0x0000000000000004

mem[X,0x0000000080001810] -> 0x9663
mem[X,0x0000000080001812] -> 0x0004
[3201] [M]: 0x0000000080001810 (0x00049663) bne x9, x0, 0xc                         spcl_M2mmode_test+44

clint mtime 0x0000000000000641 (mip.MTI <- 0b1, mip.STI <- 0b0)
mem[X,0x000000008000181C] -> 0x0393
mem[X,0x000000008000181E] -> 0x0200
[3202] [M]: 0x000000008000181C (0x02000393) addi x7, x0, 0x20                       Mtrapsig_ptr_upd+0
x7 <- 0x0000000000000020

mem[X,0x0000000080001820] -> 0x5263
mem[X,0x0000000080001822] -> 0x0405
[3203] [M]: 0x0000000080001820 (0x04055263) bge x10, x0, 0x44                       Mtrapsig_ptr_upd+4

clint mtime 0x0000000000000642 (mip.MTI <- 0b1, mip.STI <- 0b0)
mem[X,0x0000000080001864] -> 0x2373
mem[X,0x0000000080001866] -> 0x3010
[3204] [M]: 0x0000000080001864 (0x30102373) csrrs x6, misa, x0                      Mxcpt_sig_sv+0
CSR misa (0x301) -> 0x800000000034112F
x6 <- 0x800000000034112F

mem[X,0x0000000080001868] -> 0x1313
mem[X,0x000000008000186A] -> 0x0383
[3205] [M]: 0x0000000080001868 (0x03831313) slli x6, x6, 0x38                       Mxcpt_sig_sv+4
x6 <- 0x2F00000000000000

clint mtime 0x0000000000000643 (mip.MTI <- 0b1, mip.STI <- 0b0)
mem[X,0x000000008000186C] -> 0x5463
mem[X,0x000000008000186E] -> 0x0003
[3206] [M]: 0x000000008000186C (0x00035463) bge x6, x0, 0x8                         Mxcpt_sig_sv+8

mem[X,0x0000000080001874] -> 0x3303
mem[X,0x0000000080001876] -> 0x2181
[3207] [M]: 0x0000000080001874 (0x21813303) ld x6, 0x218(x2)                        Mtrap_sig_sv+0
mem[R,0x0000000080004218] -> 0x0000000080008738
x6 <- 0x0000000080008738

clint mtime 0x0000000000000644 (mip.MTI <- 0b1, mip.STI <- 0b0)
mem[X,0x0000000080001878] -> 0x04B3
mem[X,0x000000008000187A] -> 0x0073
[3208] [M]: 0x0000000080001878 (0x007304B3) add x9, x6, x7                          Mtrap_sig_sv+4
x9 <- 0x0000000080008758

mem[X,0x000000008000187C] -> 0x3C23
mem[X,0x000000008000187E] -> 0x2091
[3209] [M]: 0x000000008000187C (0x20913C23) sd x9, 0x218(x2)                        Mtrap_sig_sv+8
mem[W,0x0000000080004218] <- 0x0000000080008758

clint mtime 0x0000000000000645 (mip.MTI <- 0b1, mip.STI <- 0b0)
mem[X,0x0000000080001880] -> 0x3403
mem[X,0x0000000080001882] -> 0x1F81
[3210] [M]: 0x0000000080001880 (0x1F813403) ld x8, 0x1f8(x2)                        Mtrap_sig_sv+12
mem[R,0x00000000800041F8] -> 0x0000000080008110
x8 <- 0x0000000080008110

mem[X,0x0000000080001884] -> 0x0333
mem[X,0x0000000080001886] -> 0x4083
[3211] [M]: 0x0000000080001884 (0x40830333) sub x6, x6, x8                          Mtrap_sig_sv+16
x6 <- 0x0000000000000628

clint mtime 0x0000000000000646 (mip.MTI <- 0b1, mip.STI <- 0b0)
mem[X,0x0000000080001888] -> 0x3403
mem[X,0x000000008000188A] -> 0x1F81
[3212] [M]: 0x0000000080001888 (0x1F813403) ld x8, 0x1f8(x2)                        Mtrap_sig_sv+20
mem[R,0x00000000800041F8] -> 0x0000000080008110
x8 <- 0x0000000080008110

mem[X,0x000000008000188C] -> 0x0333
mem[X,0x000000008000188E] -> 0x0083
[3213] [M]: 0x000000008000188C (0x00830333) add x6, x6, x8                          Mtrap_sig_sv+24
x6 <- 0x0000000080008738

clint mtime 0x0000000000000647 (mip.MTI <- 0b1, mip.STI <- 0b0)
mem[X,0x0000000080001890] -> 0x3403
mem[X,0x0000000080001892] -> 0x2401
[3214] [M]: 0x0000000080001890 (0x24013403) ld x8, 0x240(x2)                        Mtrap_sig_sv+28
mem[R,0x0000000080004240] -> 0x0000000080001600
x8 <- 0x0000000080001600

mem[X,0x0000000080001894] -> 0x85B3
mem[X,0x0000000080001896] -> 0x4085
[3215] [M]: 0x0000000080001894 (0x408585B3) sub x11, x11, x8                        sv_Mvect+0
x11 <- 0x000000000000010C

clint mtime 0x0000000000000648 (mip.MTI <- 0b1, mip.STI <- 0b0)
mem[X,0x0000000080001898] -> 0x9593
mem[X,0x000000008000189A] -> 0x0045
[3216] [M]: 0x0000000080001898 (0x00459593) slli x11, x11, 0x4                      sv_Mvect+4
x11 <- 0x00000000000010C0

mem[X,0x000000008000189C] -> 0xE5B3
mem[X,0x000000008000189E] -> 0x0075
[3217] [M]: 0x000000008000189C (0x0075E5B3) or x11, x11, x7                         sv_Mvect+8
x11 <- 0x00000000000010E0

clint mtime 0x0000000000000649 (mip.MTI <- 0b1, mip.STI <- 0b0)
mem[X,0x00000000800018A0] -> 0x8593
mem[X,0x00000000800018A2] -> 0x0035
[3218] [M]: 0x00000000800018A0 (0x00358593) addi x11, x11, 0x3                      sv_Mvect+12
x11 <- 0x00000000000010E3

mem[X,0x00000000800018A4] -> 0x3023
mem[X,0x00000000800018A6] -> 0x00B3
[3219] [M]: 0x00000000800018A4 (0x00B33023) sd x11, 0x0(x6)                         sv_Mvect+16
mem[W,0x0000000080008738] <- 0x00000000000010E3

clint mtime 0x000000000000064A (mip.MTI <- 0b1, mip.STI <- 0b0)
mem[X,0x00000000800018A8] -> 0x3423
mem[X,0x00000000800018AA] -> 0x00A3
[3220] [M]: 0x00000000800018A8 (0x00A33423) sd x10, 0x8(x6)                         sv_Mcause+0
mem[W,0x0000000080008740] <- 0x000000000000000F

mem[X,0x00000000800018AC] -> 0x4663
mem[X,0x00000000800018AE] -> 0x1A05
[3221] [M]: 0x00000000800018AC (0x1A054663) blt x10, x0, 0x1ac                      sv_Mcause+4

clint mtime 0x000000000000064B (mip.MTI <- 0b1, mip.STI <- 0b0)
mem[X,0x00000000800018B0] -> 0x25F3
mem[X,0x00000000800018B2] -> 0x3000
[3222] [M]: 0x00000000800018B0 (0x300025F3) csrrs x11, mstatus, x0                  common_Mexcpt_handler+0
CSR mstatus (0x300) -> 0x0000000A00000800
x11 <- 0x0000000A00000800

mem[X,0x00000000800018B4] -> 0x9413
mem[X,0x00000000800018B6] -> 0x02E5
[3223] [M]: 0x00000000800018B4 (0x02E59413) slli x8, x11, 0x2e                      common_Mexcpt_handler+4
x8 <- 0x0200000000000000

clint mtime 0x000000000000064C (mip.MTI <- 0b1, mip.STI <- 0b0)
mem[X,0x00000000800018B8] -> 0x5463
mem[X,0x00000000800018BA] -> 0x0004
[3224] [M]: 0x00000000800018B8 (0x00045463) bge x8, x0, 0x8                         common_Mexcpt_handler+8

mem[X,0x00000000800018C0] -> 0xD493
mem[X,0x00000000800018C2] -> 0x00B5
[3225] [M]: 0x00000000800018C0 (0x00B5D493) srli x9, x11, 0xb                       common_Mexcpt_handler+16
x9 <- 0x0000000001400001

clint mtime 0x000000000000064D (mip.MTI <- 0b1, mip.STI <- 0b0)
mem[X,0x00000000800018C4] -> 0xF493
mem[X,0x00000000800018C6] -> 0x0034
[3226] [M]: 0x00000000800018C4 (0x0034F493) andi x9, x9, 0x3                        common_Mexcpt_handler+20
x9 <- 0x0000000000000001

mem[X,0x00000000800018C8] -> 0x8493
mem[X,0x00000000800018CA] -> 0x0014
[3227] [M]: 0x00000000800018C8 (0x00148493) addi x9, x9, 0x1                        common_Mexcpt_handler+24
x9 <- 0x0000000000000002

clint mtime 0x000000000000064E (mip.MTI <- 0b1, mip.STI <- 0b0)
mem[X,0x00000000800018CC] -> 0xF493
mem[X,0x00000000800018CE] -> 0x0044
[3228] [M]: 0x00000000800018CC (0x0044F493) andi x9, x9, 0x4                        common_Mexcpt_handler+28
x9 <- 0x0000000000000000

mem[X,0x00000000800018D0] -> 0x0593
mem[X,0x00000000800018D2] -> 0x05D0
[3229] [M]: 0x00000000800018D0 (0x05D00593) addi x11, x0, 0x5d                      common_Mexcpt_handler+32
x11 <- 0x000000000000005D

clint mtime 0x000000000000064F (mip.MTI <- 0b1, mip.STI <- 0b0)
mem[X,0x00000000800018D4] -> 0xD5B3
mem[X,0x00000000800018D6] -> 0x0095
[3230] [M]: 0x00000000800018D4 (0x0095D5B3) srl x11, x11, x9                        common_Mexcpt_handler+36
x11 <- 0x000000000000005D

mem[X,0x00000000800018D8] -> 0xF593
mem[X,0x00000000800018DA] -> 0x0015
[3231] [M]: 0x00000000800018D8 (0x0015F593) andi x11, x11, 0x1                      common_Mexcpt_handler+40
x11 <- 0x0000000000000001

clint mtime 0x0000000000000650 (mip.MTI <- 0b1, mip.STI <- 0b0)
mem[X,0x00000000800018DC] -> 0x8EE3
mem[X,0x00000000800018DE] -> 0xF405
[3232] [M]: 0x00000000800018DC (0xF4058EE3) beq x11, x0, -0xa4                      common_Mexcpt_handler+44

mem[X,0x00000000800018E0] -> 0x0593
mem[X,0x00000000800018E2] -> 0x2980
[3233] [M]: 0x00000000800018E0 (0x29800593) addi x11, x0, 0x298                     common_Mexcpt_handler+48
x11 <- 0x0000000000000298

clint mtime 0x0000000000000651 (mip.MTI <- 0b1, mip.STI <- 0b0)
mem[X,0x00000000800018E4] -> 0xF413
mem[X,0x00000000800018E6] -> 0x0014
[3234] [M]: 0x00000000800018E4 (0x0014F413) andi x8, x9, 0x1                        common_Mexcpt_handler+52
x8 <- 0x0000000000000000

mem[X,0x00000000800018E8] -> 0x95B3
mem[X,0x00000000800018EA] -> 0x0085
[3235] [M]: 0x00000000800018E8 (0x008595B3) sll x11, x11, x8                        common_Mexcpt_handler+56
x11 <- 0x0000000000000298

clint mtime 0x0000000000000652 (mip.MTI <- 0b1, mip.STI <- 0b0)
mem[X,0x00000000800018EC] -> 0x9413
mem[X,0x00000000800018EE] -> 0x03D4
[3236] [M]: 0x00000000800018EC (0x03D49413) slli x8, x9, 0x3d                       common_Mexcpt_handler+60
x8 <- 0x0000000000000000

mem[X,0x00000000800018F0] -> 0x5413
mem[X,0x00000000800018F2] -> 0x43F4
[3237] [M]: 0x00000000800018F0 (0x43F45413) srai x8, x8, 0x3f                       common_Mexcpt_handler+64
x8 <- 0x0000000000000000

clint mtime 0x0000000000000653 (mip.MTI <- 0b1, mip.STI <- 0b0)
mem[X,0x00000000800018F4] -> 0x4413
mem[X,0x00000000800018F6] -> 0xFFF4
[3238] [M]: 0x00000000800018F4 (0xFFF44413) xori x8, x8, -0x1                       common_Mexcpt_handler+68
x8 <- 0xFFFFFFFFFFFFFFFF

mem[X,0x00000000800018F8] -> 0xF4B3
mem[X,0x00000000800018FA] -> 0x0085
[3239] [M]: 0x00000000800018F8 (0x0085F4B3) and x9, x11, x8                         common_Mexcpt_handler+72
x9 <- 0x0000000000000298

clint mtime 0x0000000000000654 (mip.MTI <- 0b1, mip.STI <- 0b0)
mem[X,0x00000000800018FC] -> 0x84B3
mem[X,0x00000000800018FE] -> 0x0024
[3240] [M]: 0x00000000800018FC (0x002484B3) add x9, x9, x2                          vmem_adj_Mepc+0
x9 <- 0x0000000080004298

mem[X,0x0000000080001900] -> 0x23F3
mem[X,0x0000000080001902] -> 0x3410
[3241] [M]: 0x0000000080001900 (0x341023F3) csrrs x7, mepc, x0                      vmem_adj_Mepc+4
CSR mepc (0x341) -> 0x000000018000123C
x7 <- 0x000000018000123C

clint mtime 0x0000000000000655 (mip.MTI <- 0b1, mip.STI <- 0b0)
mem[X,0x0000000080001904] -> 0x0413
mem[X,0x0000000080001906] -> 0x0004
[3242] [M]: 0x0000000080001904 (0x00040413) addi x8, x8, 0x0                        vmem_adj_Mepc+8
x8 <- 0xFFFFFFFFFFFFFFFF

mem[X,0x0000000080001908] -> 0x006F
mem[X,0x000000008000190A] -> 0x0400
[3243] [M]: 0x0000000080001908 (0x0400006F) jal x0, 0x40                            vmem_adj_Mepc+12

clint mtime 0x0000000000000656 (mip.MTI <- 0b1, mip.STI <- 0b0)
mem[X,0x0000000080001948] -> 0x8433
mem[X,0x000000008000194A] -> 0x4083
[3244] [M]: 0x0000000080001948 (0x40838433) sub x8, x7, x8                          adj_Mepc+0
x8 <- 0x000000018000123D

mem[X,0x000000008000194C] -> 0x3823
mem[X,0x000000008000194E] -> 0x0083
[3245] [M]: 0x000000008000194C (0x00833823) sd x8, 0x10(x6)                         sv_Mepc+0
mem[W,0x0000000080008748] <- 0x000000018000123D

clint mtime 0x0000000000000657 (mip.MTI <- 0b1, mip.STI <- 0b0)
mem[X,0x0000000080001950] -> 0x55B7
mem[X,0x0000000080001952] -> 0x0000
[3246] [M]: 0x0000000080001950 (0x000055B7) lui x11, 0x5                            sv_Mepc+4
x11 <- 0x0000000000005000

mem[X,0x0000000080001954] -> 0x8593
mem[X,0x0000000080001956] -> 0x6675
[3247] [M]: 0x0000000080001954 (0x66758593) addi x11, x11, 0x667                    sv_Mepc+8
x11 <- 0x0000000000005667

clint mtime 0x0000000000000658 (mip.MTI <- 0b1, mip.STI <- 0b0)
mem[X,0x0000000080001958] -> 0x9593
mem[X,0x000000008000195A] -> 0x0015
[3248] [M]: 0x0000000080001958 (0x00159593) slli x11, x11, 0x1                      sv_Mepc+12
x11 <- 0x000000000000ACCE

mem[X,0x000000008000195C] -> 0x9063
mem[X,0x000000008000195E] -> 0x02B1
[3249] [M]: 0x000000008000195C (0x02B19063) bne x3, x11, 0x20                       sv_Mepc+16

clint mtime 0x0000000000000659 (mip.MTI <- 0b1, mip.STI <- 0b0)
mem[X,0x0000000080001960] -> 0x2473
mem[X,0x0000000080001962] -> 0x3420
[3250] [M]: 0x0000000080001960 (0x34202473) csrrs x8, mcause, x0                    sv_Mepc+20
CSR mcause (0x342) -> 0x000000000000000F
x8 <- 0x000000000000000F

mem[X,0x0000000080001964] -> 0x0593
mem[X,0x0000000080001966] -> 0x00C0
[3251] [M]: 0x0000000080001964 (0x00C00593) addi x11, x0, 0xc                       sv_Mepc+24
x11 <- 0x000000000000000C

clint mtime 0x000000000000065A (mip.MTI <- 0b1, mip.STI <- 0b0)
mem[X,0x0000000080001968] -> 0x0663
mem[X,0x000000008000196A] -> 0x00B4
[3252] [M]: 0x0000000080001968 (0x00B40663) beq x8, x11, 0xc                        sv_Mepc+28

mem[X,0x000000008000196C] -> 0x0593
mem[X,0x000000008000196E] -> 0x0010
[3253] [M]: 0x000000008000196C (0x00100593) addi x11, x0, 0x1                       sv_Mepc+32
x11 <- 0x0000000000000001

clint mtime 0x000000000000065B (mip.MTI <- 0b1, mip.STI <- 0b0)
mem[X,0x0000000080001970] -> 0x1663
mem[X,0x0000000080001972] -> 0x00B4
[3254] [M]: 0x0000000080001970 (0x00B41663) bne x8, x11, 0xc                        sv_Mepc+36

mem[X,0x000000008000197C] -> 0xF593
mem[X,0x000000008000197E] -> 0xFFC3
[3255] [M]: 0x000000008000197C (0xFFC3F593) andi x11, x7, -0x4                      adj_Mepc_rtn+0
x11 <- 0x000000018000123C

clint mtime 0x000000000000065C (mip.MTI <- 0b1, mip.STI <- 0b0)
mem[X,0x0000000080001980] -> 0x8593
mem[X,0x0000000080001982] -> 0x0085
[3256] [M]: 0x0000000080001980 (0x00858593) addi x11, x11, 0x8                      adj_Mepc_rtn+4
x11 <- 0x0000000180001244

mem[X,0x0000000080001984] -> 0x9073
mem[X,0x0000000080001986] -> 0x3415
[3257] [M]: 0x0000000080001984 (0x34159073) csrrw x0, mepc, x11                     adj_Mepc_rtn+8
CSR mepc (0x341) <- 0x0000000180001244

clint mtime 0x000000000000065D (mip.MTI <- 0b1, mip.STI <- 0b0)
mem[X,0x0000000080001988] -> 0x23F3
mem[X,0x000000008000198A] -> 0x3430
[3258] [M]: 0x0000000080001988 (0x343023F3) csrrs x7, mtval, x0                     skp_adj_Mepc+0
CSR mtval (0x343) -> 0x0000000140000418
x7 <- 0x0000000140000418

mem[X,0x000000008000198C] -> 0x0413
mem[X,0x000000008000198E] -> 0x0004
[3259] [M]: 0x000000008000198C (0x00040413) addi x8, x8, 0x0                        skp_adj_Mepc+4
x8 <- 0x000000000000000F

clint mtime 0x000000000000065E (mip.MTI <- 0b1, mip.STI <- 0b0)
mem[X,0x0000000080001990] -> 0x006F
mem[X,0x0000000080001992] -> 0x0840
[3260] [M]: 0x0000000080001990 (0x0840006F) jal x0, 0x84                            skp_adj_Mepc+8

mem[X,0x0000000080001A14] -> 0x8433
mem[X,0x0000000080001A16] -> 0x4083
[3261] [M]: 0x0000000080001A14 (0x40838433) sub x8, x7, x8                          adj_Mtval+0
x8 <- 0x0000000140000409

clint mtime 0x000000000000065F (mip.MTI <- 0b1, mip.STI <- 0b0)
mem[X,0x0000000080001A18] -> 0x3C23
mem[X,0x0000000080001A1A] -> 0x0083
[3262] [M]: 0x0000000080001A18 (0x00833C23) sd x8, 0x18(x6)                         sv_Mtval+0
mem[W,0x0000000080008750] <- 0x0000000140000409

mem[X,0x0000000080001A1C] -> 0x3483
mem[X,0x0000000080001A1E] -> 0x2181
[3263] [M]: 0x0000000080001A1C (0x21813483) ld x9, 0x218(x2)                        skp_Mtval+0
mem[R,0x0000000080004218] -> 0x0000000080008758
x9 <- 0x0000000080008758

clint mtime 0x0000000000000660 (mip.MTI <- 0b1, mip.STI <- 0b0)
mem[X,0x0000000080001A20] -> 0x3383
mem[X,0x0000000080001A22] -> 0x1F81
[3264] [M]: 0x0000000080001A20 (0x1F813383) ld x7, 0x1f8(x2)                        skp_Mtval+4
mem[R,0x00000000800041F8] -> 0x0000000080008110
x7 <- 0x0000000080008110

mem[X,0x0000000080001A24] -> 0x3303
mem[X,0x0000000080001A26] -> 0x2001
[3265] [M]: 0x0000000080001A24 (0x20013303) ld x6, 0x200(x2)                        skp_Mtval+8
mem[R,0x0000000080004200] -> 0x0000000000000810
x6 <- 0x0000000000000810

clint mtime 0x0000000000000661 (mip.MTI <- 0b1, mip.STI <- 0b0)
mem[X,0x0000000080001A28] -> 0x0333
mem[X,0x0000000080001A2A] -> 0x0073
[3266] [M]: 0x0000000080001A28 (0x00730333) add x6, x6, x7                          skp_Mtval+12
x6 <- 0x0000000080008920

mem[X,0x0000000080001A2C] -> 0x6AE3
mem[X,0x0000000080001A2E] -> 0xAC93
[3267] [M]: 0x0000000080001A2C (0xAC936AE3) bltu x6, x9, -0x52c                     skp_Mtval+16

clint mtime 0x0000000000000662 (mip.MTI <- 0b1, mip.STI <- 0b0)
mem[X,0x0000000080001A30] -> 0x0393
mem[X,0x0000000080001A32] -> 0x2000
[3268] [M]: 0x0000000080001A30 (0x20000393) addi x7, x0, 0x200                      skp_Mtval+20
x7 <- 0x0000000000000200

mem[X,0x0000000080001A34] -> 0x006F
mem[X,0x0000000080001A36] -> 0x0400
[3269] [M]: 0x0000000080001A34 (0x0400006F) jal x0, 0x40                            skp_Mtval+24

clint mtime 0x0000000000000663 (mip.MTI <- 0b1, mip.STI <- 0b0)
mem[X,0x0000000080001A74] -> 0x0417
mem[X,0x0000000080001A76] -> 0x0000
[3270] [M]: 0x0000000080001A74 (0x00000417) auipc x8, 0x0                           spcl_Mhandler+0
x8 <- 0x0000000080001A74

mem[X,0x0000000080001A78] -> 0x0413
mem[X,0x0000000080001A7A] -> 0x03C4
[3271] [M]: 0x0000000080001A78 (0x03C40413) addi x8, x8, 0x3c                       spcl_Mhandler+4
x8 <- 0x0000000080001AB0

clint mtime 0x0000000000000664 (mip.MTI <- 0b1, mip.STI <- 0b0)
mem[X,0x0000000080001A7C] -> 0x0433
mem[X,0x0000000080001A7E] -> 0x0074
[3272] [M]: 0x0000000080001A7C (0x00740433) add x8, x8, x7                          spcl_Mhandler+8
x8 <- 0x0000000080001CB0

mem[X,0x0000000080001A80] -> 0x1393
mem[X,0x0000000080001A82] -> 0x0035
[3273] [M]: 0x0000000080001A80 (0x00351393) slli x7, x10, 0x3                       spcl_Mhandler+12
x7 <- 0x0000000000000078

clint mtime 0x0000000000000665 (mip.MTI <- 0b1, mip.STI <- 0b0)
mem[X,0x0000000080001A84] -> 0x0433
mem[X,0x0000000080001A86] -> 0x0074
[3274] [M]: 0x0000000080001A84 (0x00740433) add x8, x8, x7                          spcl_Mhandler+16
x8 <- 0x0000000080001D28

mem[X,0x0000000080001A88] -> 0x7413
mem[X,0x0000000080001A8A] -> 0xFF84
[3275] [M]: 0x0000000080001A88 (0xFF847413) andi x8, x8, -0x8                       spcl_Mhandler+20
x8 <- 0x0000000080001D28

clint mtime 0x0000000000000666 (mip.MTI <- 0b1, mip.STI <- 0b0)
mem[X,0x0000000080001A8C] -> 0x3403
mem[X,0x0000000080001A8E] -> 0x0004
[3276] [M]: 0x0000000080001A8C (0x00043403) ld x8, 0x0(x8)                          spcl_Mhandler+24
mem[R,0x0000000080001D28] -> 0x000000000000001F
x8 <- 0x000000000000001F

mem[X,0x0000000080001A90] -> 0x02E3
mem[X,0x0000000080001A92] -> 0xB004
[3277] [M]: 0x0000000080001A90 (0xB00402E3) beq x8, x0, -0x4fc                      spcl_Mdispatch_hndling+0

clint mtime 0x0000000000000667 (mip.MTI <- 0b1, mip.STI <- 0b0)
mem[X,0x0000000080001A94] -> 0x1393
mem[X,0x0000000080001A96] -> 0x03F4
[3278] [M]: 0x0000000080001A94 (0x03F41393) slli x7, x8, 0x3f                       spcl_Mdispatch_hndling+4
x7 <- 0x8000000000000000

mem[X,0x0000000080001A98] -> 0xD863
mem[X,0x0000000080001A9A] -> 0x0003
[3279] [M]: 0x0000000080001A98 (0x0003D863) bge x7, x0, 0x10                        spcl_Mdispatch_hndling+8

clint mtime 0x0000000000000668 (mip.MTI <- 0b1, mip.STI <- 0b0)
mem[X,0x0000000080001A9C] -> 0x5413
mem[X,0x0000000080001A9E] -> 0x0014
[3280] [M]: 0x0000000080001A9C (0x00145413) srli x8, x8, 0x1                        spcl_Mdispatch_hndling+12
x8 <- 0x000000000000000F

mem[X,0x0000000080001AA0] -> 0x0CE3
mem[X,0x0000000080001AA2] -> 0xF885
[3281] [M]: 0x0000000080001AA0 (0xF8850CE3) beq x10, x8, -0x68                      spcl_Mdispatch_hndling+16

clint mtime 0x0000000000000669 (mip.MTI <- 0b1, mip.STI <- 0b0)
mem[X,0x0000000080001A38] -> 0x3303
mem[X,0x0000000080001A3A] -> 0x2601
[3282] [M]: 0x0000000080001A38 (0x26013303) ld x6, 0x260(x2)                        resto_Mrtn+0
mem[R,0x0000000080004260] -> 0xFFFFFFFF7FFFEFAC
x6 <- 0xFFFFFFFF7FFFEFAC

mem[X,0x0000000080001A3C] -> 0x3383
mem[X,0x0000000080001A3E] -> 0x2681
[3283] [M]: 0x0000000080001A3C (0x26813383) ld x7, 0x268(x2)                        resto_Mrtn+4
mem[R,0x0000000080004268] -> 0x0000000080004000
x7 <- 0x0000000080004000

clint mtime 0x000000000000066A (mip.MTI <- 0b1, mip.STI <- 0b0)
mem[X,0x0000000080001A40] -> 0x3403
mem[X,0x0000000080001A42] -> 0x2701
[3284] [M]: 0x0000000080001A40 (0x27013403) ld x8, 0x270(x2)                        resto_Mrtn+8
mem[R,0x0000000080004270] -> 0x0000000000007F76
x8 <- 0x0000000000007F76

mem[X,0x0000000080001A44] -> 0x3483
mem[X,0x0000000080001A46] -> 0x2781
[3285] [M]: 0x0000000080001A44 (0x27813483) ld x9, 0x278(x2)                        resto_Mrtn+12
mem[R,0x0000000080004278] -> 0x00000001000001C8
x9 <- 0x00000001000001C8

clint mtime 0x000000000000066B (mip.MTI <- 0b1, mip.STI <- 0b0)
mem[X,0x0000000080001A48] -> 0x3503
mem[X,0x0000000080001A4A] -> 0x2801
[3286] [M]: 0x0000000080001A48 (0x28013503) ld x10, 0x280(x2)                       resto_Mrtn+16
mem[R,0x0000000080004280] -> 0x00000000200000CD
x10 <- 0x00000000200000CD

mem[X,0x0000000080001A4C] -> 0x3583
mem[X,0x0000000080001A4E] -> 0x2881
[3287] [M]: 0x0000000080001A4C (0x28813583) ld x11, 0x288(x2)                       resto_Mrtn+20
mem[R,0x0000000080004288] -> 0x00000000000000CD
x11 <- 0x00000000000000CD

clint mtime 0x000000000000066C (mip.MTI <- 0b1, mip.STI <- 0b0)
mem[X,0x0000000080001A50] -> 0x3103
mem[X,0x0000000080001A52] -> 0x2901
[3288] [M]: 0x0000000080001A50 (0x29013103) ld x2, 0x290(x2)                        resto_Mrtn+24
mem[R,0x0000000080004290] -> 0x0000000000000000
x2 <- 0x0000000000000000

mem[X,0x0000000080001A54] -> 0x0073
mem[X,0x0000000080001A56] -> 0x3020
[3289] [M]: 0x0000000080001A54 (0x30200073) mret                                    resto_Mrtn+28
CSR mstatus (0x300) <- 0x0000000A00000080
ret-ing from M to S

clint mtime 0x000000000000066D (mip.MTI <- 0b1, mip.STI <- 0b0)
PTW: Start, vpn=0x180001, access_type=X, privilege=Smem[R,0x0000000080007030] -> 0x00000000200000CB
PTW: Step, level=2, pte=0x200000CB, pte_addr=0x80007030
PTW: Success, final_ppn=0x80001, level=2mem[X,0x0000000080001244] -> 0xA703
PTW: Start, vpn=0x180001, access_type=X, privilege=Smem[R,0x0000000080007030] -> 0x00000000200000CB
PTW: Step, level=2, pte=0x200000CB, pte_addr=0x80007030
PTW: Success, final_ppn=0x80001, level=2mem[X,0x0000000080001246] -> 0x0147
[3290] [S]: 0x0000000180001244 (0x0147A703) lw x14, 0x14(x15)                       va_rvtest_code_begin+2664
PTW: Start, vpn=0x140000, access_type=R, privilege=Smem[R,0x0000000080007028] -> 0x0000000020001801
PTW: Step, level=2, pte=0x20001801, pte_addr=0x80007028
PTW: Start, vpn=0x140000, access_type=R, privilege=Smem[R,0x0000000080006000] -> 0x0000000020001401
PTW: Step, level=1, pte=0x20001401, pte_addr=0x80006000
PTW: Start, vpn=0x140000, access_type=R, privilege=Smem[R,0x0000000080005000] -> 0x00000000200000CD
PTW: Step, level=0, pte=0x200000CD, pte_addr=0x80005000
PTW: failed, error=invalid-pte, level=0, pte_addr=0x80005000
trapping from S to M to handle load-page-fault
handling exc#load-page-fault at priv M with tval 0x0000000140000418
CSR mstatus (0x300) <- 0x0000000A00000800
CSR mcause (0x342) <- 0x000000000000000D
CSR mtval (0x343) <- 0x0000000140000418
CSR mepc (0x341) <- 0x0000000180001244

mem[X,0x0000000080001600] -> 0x006F
mem[X,0x0000000080001602] -> 0x1000
[3291] [M]: 0x0000000080001600 (0x1000006F) jal x0, 0x100                           Mtrampoline+0

clint mtime 0x000000000000066E (mip.MTI <- 0b1, mip.STI <- 0b0)
mem[X,0x0000000080001700] -> 0x1173
mem[X,0x0000000080001702] -> 0x3401
[3292] [M]: 0x0000000080001700 (0x34011173) csrrw x2, mscratch, x2                  trap_Mhandler+0
CSR mscratch (0x340) <- 0x0000000000000000
x2 <- 0x0000000080004000

mem[X,0x0000000080001704] -> 0x3423
mem[X,0x0000000080001706] -> 0x28B1
[3293] [M]: 0x0000000080001704 (0x28B13423) sd x11, 0x288(x2)                       trap_Mhandler+4
mem[W,0x0000000080004288] <- 0x00000000000000CD

clint mtime 0x000000000000066F (mip.MTI <- 0b1, mip.STI <- 0b0)
mem[X,0x0000000080001708] -> 0x05EF
mem[X,0x000000008000170A] -> 0x0B80
[3294] [M]: 0x0000000080001708 (0x0B8005EF) jal x11, 0xb8                           trap_Mhandler+8
x11 <- 0x000000008000170C

mem[X,0x00000000800017C0] -> 0x3023
mem[X,0x00000000800017C2] -> 0x28A1
[3295] [M]: 0x00000000800017C0 (0x28A13023) sd x10, 0x280(x2)                       common_Mhandler+0
mem[W,0x0000000080004280] <- 0x00000000200000CD

clint mtime 0x0000000000000670 (mip.MTI <- 0b1, mip.STI <- 0b0)
mem[X,0x00000000800017C4] -> 0x1573
mem[X,0x00000000800017C6] -> 0x3401
[3296] [M]: 0x00000000800017C4 (0x34011573) csrrw x10, mscratch, x2                 common_Mhandler+4
CSR mscratch (0x340) <- 0x0000000080004000
x10 <- 0x0000000000000000

mem[X,0x00000000800017C8] -> 0x3823
mem[X,0x00000000800017CA] -> 0x28A1
[3297] [M]: 0x00000000800017C8 (0x28A13823) sd x10, 0x290(x2)                       common_Mhandler+8
mem[W,0x0000000080004290] <- 0x0000000000000000

clint mtime 0x0000000000000671 (mip.MTI <- 0b1, mip.STI <- 0b0)
mem[X,0x00000000800017CC] -> 0x3503
mem[X,0x00000000800017CE] -> 0x2301
[3298] [M]: 0x00000000800017CC (0x23013503) ld x10, 0x230(x2)                       common_Mhandler+12
mem[R,0x0000000080004230] -> 0x00000000800017D4
x10 <- 0x00000000800017D4

mem[X,0x00000000800017D0] -> 0x0067
mem[X,0x00000000800017D2] -> 0x0005
[3299] [M]: 0x00000000800017D0 (0x00050067) jalr x0, 0x0(x10)                       common_Mhandler+16

clint mtime 0x0000000000000672 (mip.MTI <- 0b1, mip.STI <- 0b0)
mem[X,0x00000000800017D4] -> 0x3C23
mem[X,0x00000000800017D6] -> 0x2691
[3300] [M]: 0x00000000800017D4 (0x26913C23) sd x9, 0x278(x2)                        common_Mentry+0
mem[W,0x0000000080004278] <- 0x00000001000001C8

mem[X,0x00000000800017D8] -> 0x3823
mem[X,0x00000000800017DA] -> 0x2681
[3301] [M]: 0x00000000800017D8 (0x26813823) sd x8, 0x270(x2)                        common_Mentry+4
mem[W,0x0000000080004270] <- 0x0000000000007F76

clint mtime 0x0000000000000673 (mip.MTI <- 0b1, mip.STI <- 0b0)
mem[X,0x00000000800017DC] -> 0x3423
mem[X,0x00000000800017DE] -> 0x2671
[3302] [M]: 0x00000000800017DC (0x26713423) sd x7, 0x268(x2)                        common_Mentry+8
mem[W,0x0000000080004268] <- 0x0000000080004000

mem[X,0x00000000800017E0] -> 0x3023
mem[X,0x00000000800017E2] -> 0x2661
[3303] [M]: 0x00000000800017E0 (0x26613023) sd x6, 0x260(x2)                        common_Mentry+12
mem[W,0x0000000080004260] <- 0xFFFFFFFF7FFFEFAC

clint mtime 0x0000000000000674 (mip.MTI <- 0b1, mip.STI <- 0b0)
mem[X,0x00000000800017E4] -> 0x2573
mem[X,0x00000000800017E6] -> 0x3420
[3304] [M]: 0x00000000800017E4 (0x34202573) csrrs x10, mcause, x0                   spcl_M2mmode_test+0
CSR mcause (0x342) -> 0x000000000000000D
x10 <- 0x000000000000000D

mem[X,0x00000000800017E8] -> 0x04B7
mem[X,0x00000000800017EA] -> 0x8000
[3305] [M]: 0x00000000800017E8 (0x800004B7) lui x9, -0x80000                        spcl_M2mmode_test+4
x9 <- 0xFFFFFFFF80000000

clint mtime 0x0000000000000675 (mip.MTI <- 0b1, mip.STI <- 0b0)
mem[X,0x00000000800017EC] -> 0x8493
mem[X,0x00000000800017EE] -> 0x0004
[3306] [M]: 0x00000000800017EC (0x00048493) addi x9, x9, 0x0                        spcl_M2mmode_test+8
x9 <- 0xFFFFFFFF80000000

mem[X,0x00000000800017F0] -> 0x9493
mem[X,0x00000000800017F2] -> 0x00B4
[3307] [M]: 0x00000000800017F0 (0x00B49493) slli x9, x9, 0xb                        spcl_M2mmode_test+12
x9 <- 0xFFFFFC0000000000

clint mtime 0x0000000000000676 (mip.MTI <- 0b1, mip.STI <- 0b0)
mem[X,0x00000000800017F4] -> 0x8493
mem[X,0x00000000800017F6] -> 0x0004
[3308] [M]: 0x00000000800017F4 (0x00048493) addi x9, x9, 0x0                        spcl_M2mmode_test+16
x9 <- 0xFFFFFC0000000000

mem[X,0x00000000800017F8] -> 0x9493
mem[X,0x00000000800017FA] -> 0x00B4
[3309] [M]: 0x00000000800017F8 (0x00B49493) slli x9, x9, 0xb                        spcl_M2mmode_test+20
x9 <- 0xFFE0000000000000

clint mtime 0x0000000000000677 (mip.MTI <- 0b1, mip.STI <- 0b0)
mem[X,0x00000000800017FC] -> 0x8493
mem[X,0x00000000800017FE] -> 0x0034
[3310] [M]: 0x00000000800017FC (0x00348493) addi x9, x9, 0x3                        spcl_M2mmode_test+24
x9 <- 0xFFE0000000000003

mem[X,0x0000000080001800] -> 0x9493
mem[X,0x0000000080001802] -> 0x00A4
[3311] [M]: 0x0000000080001800 (0x00A49493) slli x9, x9, 0xa                        spcl_M2mmode_test+28
x9 <- 0x8000000000000C00

clint mtime 0x0000000000000678 (mip.MTI <- 0b1, mip.STI <- 0b0)
mem[X,0x0000000080001804] -> 0x8493
mem[X,0x0000000080001806] -> 0x3FC4
[3312] [M]: 0x0000000080001804 (0x3FC48493) addi x9, x9, 0x3fc                      spcl_M2mmode_test+32
x9 <- 0x8000000000000FFC

mem[X,0x0000000080001808] -> 0xF4B3
mem[X,0x000000008000180A] -> 0x00A4
[3313] [M]: 0x0000000080001808 (0x00A4F4B3) and x9, x9, x10                         spcl_M2mmode_test+36
x9 <- 0x000000000000000C

clint mtime 0x0000000000000679 (mip.MTI <- 0b1, mip.STI <- 0b0)
mem[X,0x000000008000180C] -> 0x8493
mem[X,0x000000008000180E] -> 0xFF84
[3314] [M]: 0x000000008000180C (0xFF848493) addi x9, x9, -0x8                       spcl_M2mmode_test+40
x9 <- 0x0000000000000004

mem[X,0x0000000080001810] -> 0x9663
mem[X,0x0000000080001812] -> 0x0004
[3315] [M]: 0x0000000080001810 (0x00049663) bne x9, x0, 0xc                         spcl_M2mmode_test+44

clint mtime 0x000000000000067A (mip.MTI <- 0b1, mip.STI <- 0b0)
mem[X,0x000000008000181C] -> 0x0393
mem[X,0x000000008000181E] -> 0x0200
[3316] [M]: 0x000000008000181C (0x02000393) addi x7, x0, 0x20                       Mtrapsig_ptr_upd+0
x7 <- 0x0000000000000020

mem[X,0x0000000080001820] -> 0x5263
mem[X,0x0000000080001822] -> 0x0405
[3317] [M]: 0x0000000080001820 (0x04055263) bge x10, x0, 0x44                       Mtrapsig_ptr_upd+4

clint mtime 0x000000000000067B (mip.MTI <- 0b1, mip.STI <- 0b0)
mem[X,0x0000000080001864] -> 0x2373
mem[X,0x0000000080001866] -> 0x3010
[3318] [M]: 0x0000000080001864 (0x30102373) csrrs x6, misa, x0                      Mxcpt_sig_sv+0
CSR misa (0x301) -> 0x800000000034112F
x6 <- 0x800000000034112F

mem[X,0x0000000080001868] -> 0x1313
mem[X,0x000000008000186A] -> 0x0383
[3319] [M]: 0x0000000080001868 (0x03831313) slli x6, x6, 0x38                       Mxcpt_sig_sv+4
x6 <- 0x2F00000000000000

clint mtime 0x000000000000067C (mip.MTI <- 0b1, mip.STI <- 0b0)
mem[X,0x000000008000186C] -> 0x5463
mem[X,0x000000008000186E] -> 0x0003
[3320] [M]: 0x000000008000186C (0x00035463) bge x6, x0, 0x8                         Mxcpt_sig_sv+8

mem[X,0x0000000080001874] -> 0x3303
mem[X,0x0000000080001876] -> 0x2181
[3321] [M]: 0x0000000080001874 (0x21813303) ld x6, 0x218(x2)                        Mtrap_sig_sv+0
mem[R,0x0000000080004218] -> 0x0000000080008758
x6 <- 0x0000000080008758

clint mtime 0x000000000000067D (mip.MTI <- 0b1, mip.STI <- 0b0)
mem[X,0x0000000080001878] -> 0x04B3
mem[X,0x000000008000187A] -> 0x0073
[3322] [M]: 0x0000000080001878 (0x007304B3) add x9, x6, x7                          Mtrap_sig_sv+4
x9 <- 0x0000000080008778

mem[X,0x000000008000187C] -> 0x3C23
mem[X,0x000000008000187E] -> 0x2091
[3323] [M]: 0x000000008000187C (0x20913C23) sd x9, 0x218(x2)                        Mtrap_sig_sv+8
mem[W,0x0000000080004218] <- 0x0000000080008778

clint mtime 0x000000000000067E (mip.MTI <- 0b1, mip.STI <- 0b0)
mem[X,0x0000000080001880] -> 0x3403
mem[X,0x0000000080001882] -> 0x1F81
[3324] [M]: 0x0000000080001880 (0x1F813403) ld x8, 0x1f8(x2)                        Mtrap_sig_sv+12
mem[R,0x00000000800041F8] -> 0x0000000080008110
x8 <- 0x0000000080008110

mem[X,0x0000000080001884] -> 0x0333
mem[X,0x0000000080001886] -> 0x4083
[3325] [M]: 0x0000000080001884 (0x40830333) sub x6, x6, x8                          Mtrap_sig_sv+16
x6 <- 0x0000000000000648

clint mtime 0x000000000000067F (mip.MTI <- 0b1, mip.STI <- 0b0)
mem[X,0x0000000080001888] -> 0x3403
mem[X,0x000000008000188A] -> 0x1F81
[3326] [M]: 0x0000000080001888 (0x1F813403) ld x8, 0x1f8(x2)                        Mtrap_sig_sv+20
mem[R,0x00000000800041F8] -> 0x0000000080008110
x8 <- 0x0000000080008110

mem[X,0x000000008000188C] -> 0x0333
mem[X,0x000000008000188E] -> 0x0083
[3327] [M]: 0x000000008000188C (0x00830333) add x6, x6, x8                          Mtrap_sig_sv+24
x6 <- 0x0000000080008758

clint mtime 0x0000000000000680 (mip.MTI <- 0b1, mip.STI <- 0b0)
mem[X,0x0000000080001890] -> 0x3403
mem[X,0x0000000080001892] -> 0x2401
[3328] [M]: 0x0000000080001890 (0x24013403) ld x8, 0x240(x2)                        Mtrap_sig_sv+28
mem[R,0x0000000080004240] -> 0x0000000080001600
x8 <- 0x0000000080001600

mem[X,0x0000000080001894] -> 0x85B3
mem[X,0x0000000080001896] -> 0x4085
[3329] [M]: 0x0000000080001894 (0x408585B3) sub x11, x11, x8                        sv_Mvect+0
x11 <- 0x000000000000010C

clint mtime 0x0000000000000681 (mip.MTI <- 0b1, mip.STI <- 0b0)
mem[X,0x0000000080001898] -> 0x9593
mem[X,0x000000008000189A] -> 0x0045
[3330] [M]: 0x0000000080001898 (0x00459593) slli x11, x11, 0x4                      sv_Mvect+4
x11 <- 0x00000000000010C0

mem[X,0x000000008000189C] -> 0xE5B3
mem[X,0x000000008000189E] -> 0x0075
[3331] [M]: 0x000000008000189C (0x0075E5B3) or x11, x11, x7                         sv_Mvect+8
x11 <- 0x00000000000010E0

clint mtime 0x0000000000000682 (mip.MTI <- 0b1, mip.STI <- 0b0)
mem[X,0x00000000800018A0] -> 0x8593
mem[X,0x00000000800018A2] -> 0x0035
[3332] [M]: 0x00000000800018A0 (0x00358593) addi x11, x11, 0x3                      sv_Mvect+12
x11 <- 0x00000000000010E3

mem[X,0x00000000800018A4] -> 0x3023
mem[X,0x00000000800018A6] -> 0x00B3
[3333] [M]: 0x00000000800018A4 (0x00B33023) sd x11, 0x0(x6)                         sv_Mvect+16
mem[W,0x0000000080008758] <- 0x00000000000010E3

clint mtime 0x0000000000000683 (mip.MTI <- 0b1, mip.STI <- 0b0)
mem[X,0x00000000800018A8] -> 0x3423
mem[X,0x00000000800018AA] -> 0x00A3
[3334] [M]: 0x00000000800018A8 (0x00A33423) sd x10, 0x8(x6)                         sv_Mcause+0
mem[W,0x0000000080008760] <- 0x000000000000000D

mem[X,0x00000000800018AC] -> 0x4663
mem[X,0x00000000800018AE] -> 0x1A05
[3335] [M]: 0x00000000800018AC (0x1A054663) blt x10, x0, 0x1ac                      sv_Mcause+4

clint mtime 0x0000000000000684 (mip.MTI <- 0b1, mip.STI <- 0b0)
mem[X,0x00000000800018B0] -> 0x25F3
mem[X,0x00000000800018B2] -> 0x3000
[3336] [M]: 0x00000000800018B0 (0x300025F3) csrrs x11, mstatus, x0                  common_Mexcpt_handler+0
CSR mstatus (0x300) -> 0x0000000A00000800
x11 <- 0x0000000A00000800

mem[X,0x00000000800018B4] -> 0x9413
mem[X,0x00000000800018B6] -> 0x02E5
[3337] [M]: 0x00000000800018B4 (0x02E59413) slli x8, x11, 0x2e                      common_Mexcpt_handler+4
x8 <- 0x0200000000000000

clint mtime 0x0000000000000685 (mip.MTI <- 0b1, mip.STI <- 0b0)
mem[X,0x00000000800018B8] -> 0x5463
mem[X,0x00000000800018BA] -> 0x0004
[3338] [M]: 0x00000000800018B8 (0x00045463) bge x8, x0, 0x8                         common_Mexcpt_handler+8

mem[X,0x00000000800018C0] -> 0xD493
mem[X,0x00000000800018C2] -> 0x00B5
[3339] [M]: 0x00000000800018C0 (0x00B5D493) srli x9, x11, 0xb                       common_Mexcpt_handler+16
x9 <- 0x0000000001400001

clint mtime 0x0000000000000686 (mip.MTI <- 0b1, mip.STI <- 0b0)
mem[X,0x00000000800018C4] -> 0xF493
mem[X,0x00000000800018C6] -> 0x0034
[3340] [M]: 0x00000000800018C4 (0x0034F493) andi x9, x9, 0x3                        common_Mexcpt_handler+20
x9 <- 0x0000000000000001

mem[X,0x00000000800018C8] -> 0x8493
mem[X,0x00000000800018CA] -> 0x0014
[3341] [M]: 0x00000000800018C8 (0x00148493) addi x9, x9, 0x1                        common_Mexcpt_handler+24
x9 <- 0x0000000000000002

clint mtime 0x0000000000000687 (mip.MTI <- 0b1, mip.STI <- 0b0)
mem[X,0x00000000800018CC] -> 0xF493
mem[X,0x00000000800018CE] -> 0x0044
[3342] [M]: 0x00000000800018CC (0x0044F493) andi x9, x9, 0x4                        common_Mexcpt_handler+28
x9 <- 0x0000000000000000

mem[X,0x00000000800018D0] -> 0x0593
mem[X,0x00000000800018D2] -> 0x05D0
[3343] [M]: 0x00000000800018D0 (0x05D00593) addi x11, x0, 0x5d                      common_Mexcpt_handler+32
x11 <- 0x000000000000005D

clint mtime 0x0000000000000688 (mip.MTI <- 0b1, mip.STI <- 0b0)
mem[X,0x00000000800018D4] -> 0xD5B3
mem[X,0x00000000800018D6] -> 0x0095
[3344] [M]: 0x00000000800018D4 (0x0095D5B3) srl x11, x11, x9                        common_Mexcpt_handler+36
x11 <- 0x000000000000005D

mem[X,0x00000000800018D8] -> 0xF593
mem[X,0x00000000800018DA] -> 0x0015
[3345] [M]: 0x00000000800018D8 (0x0015F593) andi x11, x11, 0x1                      common_Mexcpt_handler+40
x11 <- 0x0000000000000001

clint mtime 0x0000000000000689 (mip.MTI <- 0b1, mip.STI <- 0b0)
mem[X,0x00000000800018DC] -> 0x8EE3
mem[X,0x00000000800018DE] -> 0xF405
[3346] [M]: 0x00000000800018DC (0xF4058EE3) beq x11, x0, -0xa4                      common_Mexcpt_handler+44

mem[X,0x00000000800018E0] -> 0x0593
mem[X,0x00000000800018E2] -> 0x2980
[3347] [M]: 0x00000000800018E0 (0x29800593) addi x11, x0, 0x298                     common_Mexcpt_handler+48
x11 <- 0x0000000000000298

clint mtime 0x000000000000068A (mip.MTI <- 0b1, mip.STI <- 0b0)
mem[X,0x00000000800018E4] -> 0xF413
mem[X,0x00000000800018E6] -> 0x0014
[3348] [M]: 0x00000000800018E4 (0x0014F413) andi x8, x9, 0x1                        common_Mexcpt_handler+52
x8 <- 0x0000000000000000

mem[X,0x00000000800018E8] -> 0x95B3
mem[X,0x00000000800018EA] -> 0x0085
[3349] [M]: 0x00000000800018E8 (0x008595B3) sll x11, x11, x8                        common_Mexcpt_handler+56
x11 <- 0x0000000000000298

clint mtime 0x000000000000068B (mip.MTI <- 0b1, mip.STI <- 0b0)
mem[X,0x00000000800018EC] -> 0x9413
mem[X,0x00000000800018EE] -> 0x03D4
[3350] [M]: 0x00000000800018EC (0x03D49413) slli x8, x9, 0x3d                       common_Mexcpt_handler+60
x8 <- 0x0000000000000000

mem[X,0x00000000800018F0] -> 0x5413
mem[X,0x00000000800018F2] -> 0x43F4
[3351] [M]: 0x00000000800018F0 (0x43F45413) srai x8, x8, 0x3f                       common_Mexcpt_handler+64
x8 <- 0x0000000000000000

clint mtime 0x000000000000068C (mip.MTI <- 0b1, mip.STI <- 0b0)
mem[X,0x00000000800018F4] -> 0x4413
mem[X,0x00000000800018F6] -> 0xFFF4
[3352] [M]: 0x00000000800018F4 (0xFFF44413) xori x8, x8, -0x1                       common_Mexcpt_handler+68
x8 <- 0xFFFFFFFFFFFFFFFF

mem[X,0x00000000800018F8] -> 0xF4B3
mem[X,0x00000000800018FA] -> 0x0085
[3353] [M]: 0x00000000800018F8 (0x0085F4B3) and x9, x11, x8                         common_Mexcpt_handler+72
x9 <- 0x0000000000000298

clint mtime 0x000000000000068D (mip.MTI <- 0b1, mip.STI <- 0b0)
mem[X,0x00000000800018FC] -> 0x84B3
mem[X,0x00000000800018FE] -> 0x0024
[3354] [M]: 0x00000000800018FC (0x002484B3) add x9, x9, x2                          vmem_adj_Mepc+0
x9 <- 0x0000000080004298

mem[X,0x0000000080001900] -> 0x23F3
mem[X,0x0000000080001902] -> 0x3410
[3355] [M]: 0x0000000080001900 (0x341023F3) csrrs x7, mepc, x0                      vmem_adj_Mepc+4
CSR mepc (0x341) -> 0x0000000180001244
x7 <- 0x0000000180001244

clint mtime 0x000000000000068E (mip.MTI <- 0b1, mip.STI <- 0b0)
mem[X,0x0000000080001904] -> 0x0413
mem[X,0x0000000080001906] -> 0x0004
[3356] [M]: 0x0000000080001904 (0x00040413) addi x8, x8, 0x0                        vmem_adj_Mepc+8
x8 <- 0xFFFFFFFFFFFFFFFF

mem[X,0x0000000080001908] -> 0x006F
mem[X,0x000000008000190A] -> 0x0400
[3357] [M]: 0x0000000080001908 (0x0400006F) jal x0, 0x40                            vmem_adj_Mepc+12

clint mtime 0x000000000000068F (mip.MTI <- 0b1, mip.STI <- 0b0)
mem[X,0x0000000080001948] -> 0x8433
mem[X,0x000000008000194A] -> 0x4083
[3358] [M]: 0x0000000080001948 (0x40838433) sub x8, x7, x8                          adj_Mepc+0
x8 <- 0x0000000180001245

mem[X,0x000000008000194C] -> 0x3823
mem[X,0x000000008000194E] -> 0x0083
[3359] [M]: 0x000000008000194C (0x00833823) sd x8, 0x10(x6)                         sv_Mepc+0
mem[W,0x0000000080008768] <- 0x0000000180001245

clint mtime 0x0000000000000690 (mip.MTI <- 0b1, mip.STI <- 0b0)
mem[X,0x0000000080001950] -> 0x55B7
mem[X,0x0000000080001952] -> 0x0000
[3360] [M]: 0x0000000080001950 (0x000055B7) lui x11, 0x5                            sv_Mepc+4
x11 <- 0x0000000000005000

mem[X,0x0000000080001954] -> 0x8593
mem[X,0x0000000080001956] -> 0x6675
[3361] [M]: 0x0000000080001954 (0x66758593) addi x11, x11, 0x667                    sv_Mepc+8
x11 <- 0x0000000000005667

clint mtime 0x0000000000000691 (mip.MTI <- 0b1, mip.STI <- 0b0)
mem[X,0x0000000080001958] -> 0x9593
mem[X,0x000000008000195A] -> 0x0015
[3362] [M]: 0x0000000080001958 (0x00159593) slli x11, x11, 0x1                      sv_Mepc+12
x11 <- 0x000000000000ACCE

mem[X,0x000000008000195C] -> 0x9063
mem[X,0x000000008000195E] -> 0x02B1
[3363] [M]: 0x000000008000195C (0x02B19063) bne x3, x11, 0x20                       sv_Mepc+16

clint mtime 0x0000000000000692 (mip.MTI <- 0b1, mip.STI <- 0b0)
mem[X,0x0000000080001960] -> 0x2473
mem[X,0x0000000080001962] -> 0x3420
[3364] [M]: 0x0000000080001960 (0x34202473) csrrs x8, mcause, x0                    sv_Mepc+20
CSR mcause (0x342) -> 0x000000000000000D
x8 <- 0x000000000000000D

mem[X,0x0000000080001964] -> 0x0593
mem[X,0x0000000080001966] -> 0x00C0
[3365] [M]: 0x0000000080001964 (0x00C00593) addi x11, x0, 0xc                       sv_Mepc+24
x11 <- 0x000000000000000C

clint mtime 0x0000000000000693 (mip.MTI <- 0b1, mip.STI <- 0b0)
mem[X,0x0000000080001968] -> 0x0663
mem[X,0x000000008000196A] -> 0x00B4
[3366] [M]: 0x0000000080001968 (0x00B40663) beq x8, x11, 0xc                        sv_Mepc+28

mem[X,0x000000008000196C] -> 0x0593
mem[X,0x000000008000196E] -> 0x0010
[3367] [M]: 0x000000008000196C (0x00100593) addi x11, x0, 0x1                       sv_Mepc+32
x11 <- 0x0000000000000001

clint mtime 0x0000000000000694 (mip.MTI <- 0b1, mip.STI <- 0b0)
mem[X,0x0000000080001970] -> 0x1663
mem[X,0x0000000080001972] -> 0x00B4
[3368] [M]: 0x0000000080001970 (0x00B41663) bne x8, x11, 0xc                        sv_Mepc+36

mem[X,0x000000008000197C] -> 0xF593
mem[X,0x000000008000197E] -> 0xFFC3
[3369] [M]: 0x000000008000197C (0xFFC3F593) andi x11, x7, -0x4                      adj_Mepc_rtn+0
x11 <- 0x0000000180001244

clint mtime 0x0000000000000695 (mip.MTI <- 0b1, mip.STI <- 0b0)
mem[X,0x0000000080001980] -> 0x8593
mem[X,0x0000000080001982] -> 0x0085
[3370] [M]: 0x0000000080001980 (0x00858593) addi x11, x11, 0x8                      adj_Mepc_rtn+4
x11 <- 0x000000018000124C

mem[X,0x0000000080001984] -> 0x9073
mem[X,0x0000000080001986] -> 0x3415
[3371] [M]: 0x0000000080001984 (0x34159073) csrrw x0, mepc, x11                     adj_Mepc_rtn+8
CSR mepc (0x341) <- 0x000000018000124C

clint mtime 0x0000000000000696 (mip.MTI <- 0b1, mip.STI <- 0b0)
mem[X,0x0000000080001988] -> 0x23F3
mem[X,0x000000008000198A] -> 0x3430
[3372] [M]: 0x0000000080001988 (0x343023F3) csrrs x7, mtval, x0                     skp_adj_Mepc+0
CSR mtval (0x343) -> 0x0000000140000418
x7 <- 0x0000000140000418

mem[X,0x000000008000198C] -> 0x0413
mem[X,0x000000008000198E] -> 0x0004
[3373] [M]: 0x000000008000198C (0x00040413) addi x8, x8, 0x0                        skp_adj_Mepc+4
x8 <- 0x000000000000000D

clint mtime 0x0000000000000697 (mip.MTI <- 0b1, mip.STI <- 0b0)
mem[X,0x0000000080001990] -> 0x006F
mem[X,0x0000000080001992] -> 0x0840
[3374] [M]: 0x0000000080001990 (0x0840006F) jal x0, 0x84                            skp_adj_Mepc+8

mem[X,0x0000000080001A14] -> 0x8433
mem[X,0x0000000080001A16] -> 0x4083
[3375] [M]: 0x0000000080001A14 (0x40838433) sub x8, x7, x8                          adj_Mtval+0
x8 <- 0x000000014000040B

clint mtime 0x0000000000000698 (mip.MTI <- 0b1, mip.STI <- 0b0)
mem[X,0x0000000080001A18] -> 0x3C23
mem[X,0x0000000080001A1A] -> 0x0083
[3376] [M]: 0x0000000080001A18 (0x00833C23) sd x8, 0x18(x6)                         sv_Mtval+0
mem[W,0x0000000080008770] <- 0x000000014000040B

mem[X,0x0000000080001A1C] -> 0x3483
mem[X,0x0000000080001A1E] -> 0x2181
[3377] [M]: 0x0000000080001A1C (0x21813483) ld x9, 0x218(x2)                        skp_Mtval+0
mem[R,0x0000000080004218] -> 0x0000000080008778
x9 <- 0x0000000080008778

clint mtime 0x0000000000000699 (mip.MTI <- 0b1, mip.STI <- 0b0)
mem[X,0x0000000080001A20] -> 0x3383
mem[X,0x0000000080001A22] -> 0x1F81
[3378] [M]: 0x0000000080001A20 (0x1F813383) ld x7, 0x1f8(x2)                        skp_Mtval+4
mem[R,0x00000000800041F8] -> 0x0000000080008110
x7 <- 0x0000000080008110

mem[X,0x0000000080001A24] -> 0x3303
mem[X,0x0000000080001A26] -> 0x2001
[3379] [M]: 0x0000000080001A24 (0x20013303) ld x6, 0x200(x2)                        skp_Mtval+8
mem[R,0x0000000080004200] -> 0x0000000000000810
x6 <- 0x0000000000000810

clint mtime 0x000000000000069A (mip.MTI <- 0b1, mip.STI <- 0b0)
mem[X,0x0000000080001A28] -> 0x0333
mem[X,0x0000000080001A2A] -> 0x0073
[3380] [M]: 0x0000000080001A28 (0x00730333) add x6, x6, x7                          skp_Mtval+12
x6 <- 0x0000000080008920

mem[X,0x0000000080001A2C] -> 0x6AE3
mem[X,0x0000000080001A2E] -> 0xAC93
[3381] [M]: 0x0000000080001A2C (0xAC936AE3) bltu x6, x9, -0x52c                     skp_Mtval+16

clint mtime 0x000000000000069B (mip.MTI <- 0b1, mip.STI <- 0b0)
mem[X,0x0000000080001A30] -> 0x0393
mem[X,0x0000000080001A32] -> 0x2000
[3382] [M]: 0x0000000080001A30 (0x20000393) addi x7, x0, 0x200                      skp_Mtval+20
x7 <- 0x0000000000000200

mem[X,0x0000000080001A34] -> 0x006F
mem[X,0x0000000080001A36] -> 0x0400
[3383] [M]: 0x0000000080001A34 (0x0400006F) jal x0, 0x40                            skp_Mtval+24

clint mtime 0x000000000000069C (mip.MTI <- 0b1, mip.STI <- 0b0)
mem[X,0x0000000080001A74] -> 0x0417
mem[X,0x0000000080001A76] -> 0x0000
[3384] [M]: 0x0000000080001A74 (0x00000417) auipc x8, 0x0                           spcl_Mhandler+0
x8 <- 0x0000000080001A74

mem[X,0x0000000080001A78] -> 0x0413
mem[X,0x0000000080001A7A] -> 0x03C4
[3385] [M]: 0x0000000080001A78 (0x03C40413) addi x8, x8, 0x3c                       spcl_Mhandler+4
x8 <- 0x0000000080001AB0

clint mtime 0x000000000000069D (mip.MTI <- 0b1, mip.STI <- 0b0)
mem[X,0x0000000080001A7C] -> 0x0433
mem[X,0x0000000080001A7E] -> 0x0074
[3386] [M]: 0x0000000080001A7C (0x00740433) add x8, x8, x7                          spcl_Mhandler+8
x8 <- 0x0000000080001CB0

mem[X,0x0000000080001A80] -> 0x1393
mem[X,0x0000000080001A82] -> 0x0035
[3387] [M]: 0x0000000080001A80 (0x00351393) slli x7, x10, 0x3                       spcl_Mhandler+12
x7 <- 0x0000000000000068

clint mtime 0x000000000000069E (mip.MTI <- 0b1, mip.STI <- 0b0)
mem[X,0x0000000080001A84] -> 0x0433
mem[X,0x0000000080001A86] -> 0x0074
[3388] [M]: 0x0000000080001A84 (0x00740433) add x8, x8, x7                          spcl_Mhandler+16
x8 <- 0x0000000080001D18

mem[X,0x0000000080001A88] -> 0x7413
mem[X,0x0000000080001A8A] -> 0xFF84
[3389] [M]: 0x0000000080001A88 (0xFF847413) andi x8, x8, -0x8                       spcl_Mhandler+20
x8 <- 0x0000000080001D18

clint mtime 0x000000000000069F (mip.MTI <- 0b1, mip.STI <- 0b0)
mem[X,0x0000000080001A8C] -> 0x3403
mem[X,0x0000000080001A8E] -> 0x0004
[3390] [M]: 0x0000000080001A8C (0x00043403) ld x8, 0x0(x8)                          spcl_Mhandler+24
mem[R,0x0000000080001D18] -> 0x000000000000001B
x8 <- 0x000000000000001B

mem[X,0x0000000080001A90] -> 0x02E3
mem[X,0x0000000080001A92] -> 0xB004
[3391] [M]: 0x0000000080001A90 (0xB00402E3) beq x8, x0, -0x4fc                      spcl_Mdispatch_hndling+0

clint mtime 0x00000000000006A0 (mip.MTI <- 0b1, mip.STI <- 0b0)
mem[X,0x0000000080001A94] -> 0x1393
mem[X,0x0000000080001A96] -> 0x03F4
[3392] [M]: 0x0000000080001A94 (0x03F41393) slli x7, x8, 0x3f                       spcl_Mdispatch_hndling+4
x7 <- 0x8000000000000000

mem[X,0x0000000080001A98] -> 0xD863
mem[X,0x0000000080001A9A] -> 0x0003
[3393] [M]: 0x0000000080001A98 (0x0003D863) bge x7, x0, 0x10                        spcl_Mdispatch_hndling+8

clint mtime 0x00000000000006A1 (mip.MTI <- 0b1, mip.STI <- 0b0)
mem[X,0x0000000080001A9C] -> 0x5413
mem[X,0x0000000080001A9E] -> 0x0014
[3394] [M]: 0x0000000080001A9C (0x00145413) srli x8, x8, 0x1                        spcl_Mdispatch_hndling+12
x8 <- 0x000000000000000D

mem[X,0x0000000080001AA0] -> 0x0CE3
mem[X,0x0000000080001AA2] -> 0xF885
[3395] [M]: 0x0000000080001AA0 (0xF8850CE3) beq x10, x8, -0x68                      spcl_Mdispatch_hndling+16

clint mtime 0x00000000000006A2 (mip.MTI <- 0b1, mip.STI <- 0b0)
mem[X,0x0000000080001A38] -> 0x3303
mem[X,0x0000000080001A3A] -> 0x2601
[3396] [M]: 0x0000000080001A38 (0x26013303) ld x6, 0x260(x2)                        resto_Mrtn+0
mem[R,0x0000000080004260] -> 0xFFFFFFFF7FFFEFAC
x6 <- 0xFFFFFFFF7FFFEFAC

mem[X,0x0000000080001A3C] -> 0x3383
mem[X,0x0000000080001A3E] -> 0x2681
[3397] [M]: 0x0000000080001A3C (0x26813383) ld x7, 0x268(x2)                        resto_Mrtn+4
mem[R,0x0000000080004268] -> 0x0000000080004000
x7 <- 0x0000000080004000

clint mtime 0x00000000000006A3 (mip.MTI <- 0b1, mip.STI <- 0b0)
mem[X,0x0000000080001A40] -> 0x3403
mem[X,0x0000000080001A42] -> 0x2701
[3398] [M]: 0x0000000080001A40 (0x27013403) ld x8, 0x270(x2)                        resto_Mrtn+8
mem[R,0x0000000080004270] -> 0x0000000000007F76
x8 <- 0x0000000000007F76

mem[X,0x0000000080001A44] -> 0x3483
mem[X,0x0000000080001A46] -> 0x2781
[3399] [M]: 0x0000000080001A44 (0x27813483) ld x9, 0x278(x2)                        resto_Mrtn+12
mem[R,0x0000000080004278] -> 0x00000001000001C8
x9 <- 0x00000001000001C8

clint mtime 0x00000000000006A4 (mip.MTI <- 0b1, mip.STI <- 0b0)
mem[X,0x0000000080001A48] -> 0x3503
mem[X,0x0000000080001A4A] -> 0x2801
[3400] [M]: 0x0000000080001A48 (0x28013503) ld x10, 0x280(x2)                       resto_Mrtn+16
mem[R,0x0000000080004280] -> 0x00000000200000CD
x10 <- 0x00000000200000CD

mem[X,0x0000000080001A4C] -> 0x3583
mem[X,0x0000000080001A4E] -> 0x2881
[3401] [M]: 0x0000000080001A4C (0x28813583) ld x11, 0x288(x2)                       resto_Mrtn+20
mem[R,0x0000000080004288] -> 0x00000000000000CD
x11 <- 0x00000000000000CD

clint mtime 0x00000000000006A5 (mip.MTI <- 0b1, mip.STI <- 0b0)
mem[X,0x0000000080001A50] -> 0x3103
mem[X,0x0000000080001A52] -> 0x2901
[3402] [M]: 0x0000000080001A50 (0x29013103) ld x2, 0x290(x2)                        resto_Mrtn+24
mem[R,0x0000000080004290] -> 0x0000000000000000
x2 <- 0x0000000000000000

mem[X,0x0000000080001A54] -> 0x0073
mem[X,0x0000000080001A56] -> 0x3020
[3403] [M]: 0x0000000080001A54 (0x30200073) mret                                    resto_Mrtn+28
CSR mstatus (0x300) <- 0x0000000A00000080
ret-ing from M to S

clint mtime 0x00000000000006A6 (mip.MTI <- 0b1, mip.STI <- 0b0)
PTW: Start, vpn=0x180001, access_type=X, privilege=Smem[R,0x0000000080007030] -> 0x00000000200000CB
PTW: Step, level=2, pte=0x200000CB, pte_addr=0x80007030
PTW: Success, final_ppn=0x80001, level=2mem[X,0x000000008000124C] -> 0x51B7
PTW: Start, vpn=0x180001, access_type=X, privilege=Smem[R,0x0000000080007030] -> 0x00000000200000CB
PTW: Step, level=2, pte=0x200000CB, pte_addr=0x80007030
PTW: Success, final_ppn=0x80001, level=2mem[X,0x000000008000124E] -> 0x0000
[3404] [S]: 0x000000018000124C (0x000051B7) lui x3, 0x5                             va_rvtest_code_begin+2672
x3 <- 0x0000000000005000

PTW: Start, vpn=0x180001, access_type=X, privilege=Smem[R,0x0000000080007030] -> 0x00000000200000CB
PTW: Step, level=2, pte=0x200000CB, pte_addr=0x80007030
PTW: Success, final_ppn=0x80001, level=2mem[X,0x0000000080001250] -> 0x8193
PTW: Start, vpn=0x180001, access_type=X, privilege=Smem[R,0x0000000080007030] -> 0x00000000200000CB
PTW: Step, level=2, pte=0x200000CB, pte_addr=0x80007030
PTW: Success, final_ppn=0x80001, level=2mem[X,0x0000000080001252] -> 0x6671
[3405] [S]: 0x0000000180001250 (0x66718193) addi x3, x3, 0x667                      va_rvtest_code_begin+2676
x3 <- 0x0000000000005667

clint mtime 0x00000000000006A7 (mip.MTI <- 0b1, mip.STI <- 0b0)
PTW: Start, vpn=0x180001, access_type=X, privilege=Smem[R,0x0000000080007030] -> 0x00000000200000CB
PTW: Step, level=2, pte=0x200000CB, pte_addr=0x80007030
PTW: Success, final_ppn=0x80001, level=2mem[X,0x0000000080001254] -> 0x9193
PTW: Start, vpn=0x180001, access_type=X, privilege=Smem[R,0x0000000080007030] -> 0x00000000200000CB
PTW: Step, level=2, pte=0x200000CB, pte_addr=0x80007030
PTW: Success, final_ppn=0x80001, level=2mem[X,0x0000000080001256] -> 0x0011
[3406] [S]: 0x0000000180001254 (0x00119193) slli x3, x3, 0x1                        va_rvtest_code_begin+2680
x3 <- 0x000000000000ACCE

PTW: Start, vpn=0x180001, access_type=X, privilege=Smem[R,0x0000000080007030] -> 0x00000000200000CB
PTW: Step, level=2, pte=0x200000CB, pte_addr=0x80007030
PTW: Success, final_ppn=0x80001, level=2mem[X,0x0000000080001258] -> 0x0013
PTW: Start, vpn=0x180001, access_type=X, privilege=Smem[R,0x0000000080007030] -> 0x00000000200000CB
PTW: Step, level=2, pte=0x200000CB, pte_addr=0x80007030
PTW: Success, final_ppn=0x80001, level=2mem[X,0x000000008000125A] -> 0x0000
[3407] [S]: 0x0000000180001258 (0x00000013) addi x0, x0, 0x0                        va_rvtest_code_begin+2684

clint mtime 0x00000000000006A8 (mip.MTI <- 0b1, mip.STI <- 0b0)
PTW: Start, vpn=0x180001, access_type=X, privilege=Smem[R,0x0000000080007030] -> 0x00000000200000CB
PTW: Step, level=2, pte=0x200000CB, pte_addr=0x80007030
PTW: Success, final_ppn=0x80001, level=2mem[X,0x000000008000125C] -> 0x0013
PTW: Start, vpn=0x180001, access_type=X, privilege=Smem[R,0x0000000080007030] -> 0x00000000200000CB
PTW: Step, level=2, pte=0x200000CB, pte_addr=0x80007030
PTW: Success, final_ppn=0x80001, level=2mem[X,0x000000008000125E] -> 0x0000
[3408] [S]: 0x000000018000125C (0x00000013) addi x0, x0, 0x0                        va_rvtest_code_begin+2688

PTW: Start, vpn=0x180001, access_type=X, privilege=Smem[R,0x0000000080007030] -> 0x00000000200000CB
PTW: Step, level=2, pte=0x200000CB, pte_addr=0x80007030
PTW: Success, final_ppn=0x80001, level=2mem[X,0x0000000080001260] -> 0x0217
PTW: Start, vpn=0x180001, access_type=X, privilege=Smem[R,0x0000000080007030] -> 0x00000000200000CB
PTW: Step, level=2, pte=0x200000CB, pte_addr=0x80007030
PTW: Success, final_ppn=0x80001, level=2mem[X,0x0000000080001262] -> 0x0000
[3409] [S]: 0x0000000180001260 (0x00000217) auipc x4, 0x0                           va_rvtest_code_begin+2692
x4 <- 0x0000000180001260

clint mtime 0x00000000000006A9 (mip.MTI <- 0b1, mip.STI <- 0b0)
PTW: Start, vpn=0x180001, access_type=X, privilege=Smem[R,0x0000000080007030] -> 0x00000000200000CB
PTW: Step, level=2, pte=0x200000CB, pte_addr=0x80007030
PTW: Success, final_ppn=0x80001, level=2mem[X,0x0000000080001264] -> 0x0213
PTW: Start, vpn=0x180001, access_type=X, privilege=Smem[R,0x0000000080007030] -> 0x00000000200000CB
PTW: Step, level=2, pte=0x200000CB, pte_addr=0x80007030
PTW: Success, final_ppn=0x80001, level=2mem[X,0x0000000080001266] -> 0x02C2
[3410] [S]: 0x0000000180001264 (0x02C20213) addi x4, x4, 0x2c                       va_rvtest_code_begin+2696
x4 <- 0x000000018000128C

PTW: Start, vpn=0x180001, access_type=X, privilege=Smem[R,0x0000000080007030] -> 0x00000000200000CB
PTW: Step, level=2, pte=0x200000CB, pte_addr=0x80007030
PTW: Success, final_ppn=0x80001, level=2mem[X,0x0000000080001268] -> 0x0001
[3411] [S]: 0x0000000180001268 (0x0001) c.nop                                       va_rvtest_code_begin+2700

clint mtime 0x00000000000006AA (mip.MTI <- 0b1, mip.STI <- 0b0)
PTW: Start, vpn=0x180001, access_type=X, privilege=Smem[R,0x0000000080007030] -> 0x00000000200000CB
PTW: Step, level=2, pte=0x200000CB, pte_addr=0x80007030
PTW: Success, final_ppn=0x80001, level=2mem[X,0x000000008000126A] -> 0x0013
PTW: Start, vpn=0x180001, access_type=X, privilege=Smem[R,0x0000000080007030] -> 0x00000000200000CB
PTW: Step, level=2, pte=0x200000CB, pte_addr=0x80007030
PTW: Success, final_ppn=0x80001, level=2mem[X,0x000000008000126C] -> 0x0000
[3412] [S]: 0x000000018000126A (0x00000013) addi x0, x0, 0x0                        va_rvtest_code_begin+2702

PTW: Start, vpn=0x180001, access_type=X, privilege=Smem[R,0x0000000080007030] -> 0x00000000200000CB
PTW: Step, level=2, pte=0x200000CB, pte_addr=0x80007030
PTW: Success, final_ppn=0x80001, level=2mem[X,0x000000008000126E] -> 0x0013
PTW: Start, vpn=0x180001, access_type=X, privilege=Smem[R,0x0000000080007030] -> 0x00000000200000CB
PTW: Step, level=2, pte=0x200000CB, pte_addr=0x80007030
PTW: Success, final_ppn=0x80001, level=2mem[X,0x0000000080001270] -> 0x0000
[3413] [S]: 0x000000018000126E (0x00000013) addi x0, x0, 0x0                        va_rvtest_code_begin+2706

clint mtime 0x00000000000006AB (mip.MTI <- 0b1, mip.STI <- 0b0)
PTW: Start, vpn=0x180001, access_type=X, privilege=Smem[R,0x0000000080007030] -> 0x00000000200000CB
PTW: Step, level=2, pte=0x200000CB, pte_addr=0x80007030
PTW: Success, final_ppn=0x80001, level=2mem[X,0x0000000080001272] -> 0x0013
PTW: Start, vpn=0x180001, access_type=X, privilege=Smem[R,0x0000000080007030] -> 0x00000000200000CB
PTW: Step, level=2, pte=0x200000CB, pte_addr=0x80007030
PTW: Success, final_ppn=0x80001, level=2mem[X,0x0000000080001274] -> 0x0000
[3414] [S]: 0x0000000180001272 (0x00000013) addi x0, x0, 0x0                        va_rvtest_code_begin+2710

PTW: Start, vpn=0x180001, access_type=X, privilege=Smem[R,0x0000000080007030] -> 0x00000000200000CB
PTW: Step, level=2, pte=0x200000CB, pte_addr=0x80007030
PTW: Success, final_ppn=0x80001, level=2mem[X,0x0000000080001276] -> 0x0013
PTW: Start, vpn=0x180001, access_type=X, privilege=Smem[R,0x0000000080007030] -> 0x00000000200000CB
PTW: Step, level=2, pte=0x200000CB, pte_addr=0x80007030
PTW: Success, final_ppn=0x80001, level=2mem[X,0x0000000080001278] -> 0x0000
[3415] [S]: 0x0000000180001276 (0x00000013) addi x0, x0, 0x0                        va_rvtest_code_begin+2714

clint mtime 0x00000000000006AC (mip.MTI <- 0b1, mip.STI <- 0b0)
PTW: Start, vpn=0x180001, access_type=X, privilege=Smem[R,0x0000000080007030] -> 0x00000000200000CB
PTW: Step, level=2, pte=0x200000CB, pte_addr=0x80007030
PTW: Success, final_ppn=0x80001, level=2mem[X,0x000000008000127A] -> 0x0013
PTW: Start, vpn=0x180001, access_type=X, privilege=Smem[R,0x0000000080007030] -> 0x00000000200000CB
PTW: Step, level=2, pte=0x200000CB, pte_addr=0x80007030
PTW: Success, final_ppn=0x80001, level=2mem[X,0x000000008000127C] -> 0x0000
[3416] [S]: 0x000000018000127A (0x00000013) addi x0, x0, 0x0                        va_rvtest_code_begin+2718

PTW: Start, vpn=0x180001, access_type=X, privilege=Smem[R,0x0000000080007030] -> 0x00000000200000CB
PTW: Step, level=2, pte=0x200000CB, pte_addr=0x80007030
PTW: Success, final_ppn=0x80001, level=2mem[X,0x000000008000127E] -> 0x0001
[3417] [S]: 0x000000018000127E (0x0001) c.nop                                       va_rvtest_code_begin+2722

clint mtime 0x00000000000006AD (mip.MTI <- 0b1, mip.STI <- 0b0)
PTW: Start, vpn=0x180001, access_type=X, privilege=Smem[R,0x0000000080007030] -> 0x00000000200000CB
PTW: Step, level=2, pte=0x200000CB, pte_addr=0x80007030
PTW: Success, final_ppn=0x80001, level=2mem[X,0x0000000080001280] -> 0x80E7
PTW: Start, vpn=0x180001, access_type=X, privilege=Smem[R,0x0000000080007030] -> 0x00000000200000CB
PTW: Step, level=2, pte=0x200000CB, pte_addr=0x80007030
PTW: Success, final_ppn=0x80001, level=2mem[X,0x0000000080001282] -> 0x0007
[3418] [S]: 0x0000000180001280 (0x000780E7) jalr x1, 0x0(x15)                       va_rvtest_code_begin+2724
x1 <- 0x0000000180001284

PTW: Start, vpn=0x140000, access_type=X, privilege=Smem[R,0x0000000080007028] -> 0x0000000020001801
PTW: Step, level=2, pte=0x20001801, pte_addr=0x80007028
PTW: Start, vpn=0x140000, access_type=X, privilege=Smem[R,0x0000000080006000] -> 0x0000000020001401
PTW: Step, level=1, pte=0x20001401, pte_addr=0x80006000
PTW: Start, vpn=0x140000, access_type=X, privilege=Smem[R,0x0000000080005000] -> 0x00000000200000CD
PTW: Step, level=0, pte=0x200000CD, pte_addr=0x80005000
PTW: failed, error=invalid-pte, level=0, pte_addr=0x80005000
trapping from S to M to handle fetch-page-fault
handling exc#fetch-page-fault at priv M with tval 0x0000000140000404
CSR mstatus (0x300) <- 0x0000000A00000800
CSR mcause (0x342) <- 0x000000000000000C
CSR mtval (0x343) <- 0x0000000140000404
CSR mepc (0x341) <- 0x0000000140000404

clint mtime 0x00000000000006AE (mip.MTI <- 0b1, mip.STI <- 0b0)
mem[X,0x0000000080001600] -> 0x006F
mem[X,0x0000000080001602] -> 0x1000
[3420] [M]: 0x0000000080001600 (0x1000006F) jal x0, 0x100                           Mtrampoline+0

mem[X,0x0000000080001700] -> 0x1173
mem[X,0x0000000080001702] -> 0x3401
[3421] [M]: 0x0000000080001700 (0x34011173) csrrw x2, mscratch, x2                  trap_Mhandler+0
CSR mscratch (0x340) <- 0x0000000000000000
x2 <- 0x0000000080004000

clint mtime 0x00000000000006AF (mip.MTI <- 0b1, mip.STI <- 0b0)
mem[X,0x0000000080001704] -> 0x3423
mem[X,0x0000000080001706] -> 0x28B1
[3422] [M]: 0x0000000080001704 (0x28B13423) sd x11, 0x288(x2)                       trap_Mhandler+4
mem[W,0x0000000080004288] <- 0x00000000000000CD

mem[X,0x0000000080001708] -> 0x05EF
mem[X,0x000000008000170A] -> 0x0B80
[3423] [M]: 0x0000000080001708 (0x0B8005EF) jal x11, 0xb8                           trap_Mhandler+8
x11 <- 0x000000008000170C

clint mtime 0x00000000000006B0 (mip.MTI <- 0b1, mip.STI <- 0b0)
mem[X,0x00000000800017C0] -> 0x3023
mem[X,0x00000000800017C2] -> 0x28A1
[3424] [M]: 0x00000000800017C0 (0x28A13023) sd x10, 0x280(x2)                       common_Mhandler+0
mem[W,0x0000000080004280] <- 0x00000000200000CD

mem[X,0x00000000800017C4] -> 0x1573
mem[X,0x00000000800017C6] -> 0x3401
[3425] [M]: 0x00000000800017C4 (0x34011573) csrrw x10, mscratch, x2                 common_Mhandler+4
CSR mscratch (0x340) <- 0x0000000080004000
x10 <- 0x0000000000000000

clint mtime 0x00000000000006B1 (mip.MTI <- 0b1, mip.STI <- 0b0)
mem[X,0x00000000800017C8] -> 0x3823
mem[X,0x00000000800017CA] -> 0x28A1
[3426] [M]: 0x00000000800017C8 (0x28A13823) sd x10, 0x290(x2)                       common_Mhandler+8
mem[W,0x0000000080004290] <- 0x0000000000000000

mem[X,0x00000000800017CC] -> 0x3503
mem[X,0x00000000800017CE] -> 0x2301
[3427] [M]: 0x00000000800017CC (0x23013503) ld x10, 0x230(x2)                       common_Mhandler+12
mem[R,0x0000000080004230] -> 0x00000000800017D4
x10 <- 0x00000000800017D4

clint mtime 0x00000000000006B2 (mip.MTI <- 0b1, mip.STI <- 0b0)
mem[X,0x00000000800017D0] -> 0x0067
mem[X,0x00000000800017D2] -> 0x0005
[3428] [M]: 0x00000000800017D0 (0x00050067) jalr x0, 0x0(x10)                       common_Mhandler+16

mem[X,0x00000000800017D4] -> 0x3C23
mem[X,0x00000000800017D6] -> 0x2691
[3429] [M]: 0x00000000800017D4 (0x26913C23) sd x9, 0x278(x2)                        common_Mentry+0
mem[W,0x0000000080004278] <- 0x00000001000001C8

clint mtime 0x00000000000006B3 (mip.MTI <- 0b1, mip.STI <- 0b0)
mem[X,0x00000000800017D8] -> 0x3823
mem[X,0x00000000800017DA] -> 0x2681
[3430] [M]: 0x00000000800017D8 (0x26813823) sd x8, 0x270(x2)                        common_Mentry+4
mem[W,0x0000000080004270] <- 0x0000000000007F76

mem[X,0x00000000800017DC] -> 0x3423
mem[X,0x00000000800017DE] -> 0x2671
[3431] [M]: 0x00000000800017DC (0x26713423) sd x7, 0x268(x2)                        common_Mentry+8
mem[W,0x0000000080004268] <- 0x0000000080004000

clint mtime 0x00000000000006B4 (mip.MTI <- 0b1, mip.STI <- 0b0)
mem[X,0x00000000800017E0] -> 0x3023
mem[X,0x00000000800017E2] -> 0x2661
[3432] [M]: 0x00000000800017E0 (0x26613023) sd x6, 0x260(x2)                        common_Mentry+12
mem[W,0x0000000080004260] <- 0xFFFFFFFF7FFFEFAC

mem[X,0x00000000800017E4] -> 0x2573
mem[X,0x00000000800017E6] -> 0x3420
[3433] [M]: 0x00000000800017E4 (0x34202573) csrrs x10, mcause, x0                   spcl_M2mmode_test+0
CSR mcause (0x342) -> 0x000000000000000C
x10 <- 0x000000000000000C

clint mtime 0x00000000000006B5 (mip.MTI <- 0b1, mip.STI <- 0b0)
mem[X,0x00000000800017E8] -> 0x04B7
mem[X,0x00000000800017EA] -> 0x8000
[3434] [M]: 0x00000000800017E8 (0x800004B7) lui x9, -0x80000                        spcl_M2mmode_test+4
x9 <- 0xFFFFFFFF80000000

mem[X,0x00000000800017EC] -> 0x8493
mem[X,0x00000000800017EE] -> 0x0004
[3435] [M]: 0x00000000800017EC (0x00048493) addi x9, x9, 0x0                        spcl_M2mmode_test+8
x9 <- 0xFFFFFFFF80000000

clint mtime 0x00000000000006B6 (mip.MTI <- 0b1, mip.STI <- 0b0)
mem[X,0x00000000800017F0] -> 0x9493
mem[X,0x00000000800017F2] -> 0x00B4
[3436] [M]: 0x00000000800017F0 (0x00B49493) slli x9, x9, 0xb                        spcl_M2mmode_test+12
x9 <- 0xFFFFFC0000000000

mem[X,0x00000000800017F4] -> 0x8493
mem[X,0x00000000800017F6] -> 0x0004
[3437] [M]: 0x00000000800017F4 (0x00048493) addi x9, x9, 0x0                        spcl_M2mmode_test+16
x9 <- 0xFFFFFC0000000000

clint mtime 0x00000000000006B7 (mip.MTI <- 0b1, mip.STI <- 0b0)
mem[X,0x00000000800017F8] -> 0x9493
mem[X,0x00000000800017FA] -> 0x00B4
[3438] [M]: 0x00000000800017F8 (0x00B49493) slli x9, x9, 0xb                        spcl_M2mmode_test+20
x9 <- 0xFFE0000000000000

mem[X,0x00000000800017FC] -> 0x8493
mem[X,0x00000000800017FE] -> 0x0034
[3439] [M]: 0x00000000800017FC (0x00348493) addi x9, x9, 0x3                        spcl_M2mmode_test+24
x9 <- 0xFFE0000000000003

clint mtime 0x00000000000006B8 (mip.MTI <- 0b1, mip.STI <- 0b0)
mem[X,0x0000000080001800] -> 0x9493
mem[X,0x0000000080001802] -> 0x00A4
[3440] [M]: 0x0000000080001800 (0x00A49493) slli x9, x9, 0xa                        spcl_M2mmode_test+28
x9 <- 0x8000000000000C00

mem[X,0x0000000080001804] -> 0x8493
mem[X,0x0000000080001806] -> 0x3FC4
[3441] [M]: 0x0000000080001804 (0x3FC48493) addi x9, x9, 0x3fc                      spcl_M2mmode_test+32
x9 <- 0x8000000000000FFC

clint mtime 0x00000000000006B9 (mip.MTI <- 0b1, mip.STI <- 0b0)
mem[X,0x0000000080001808] -> 0xF4B3
mem[X,0x000000008000180A] -> 0x00A4
[3442] [M]: 0x0000000080001808 (0x00A4F4B3) and x9, x9, x10                         spcl_M2mmode_test+36
x9 <- 0x000000000000000C

mem[X,0x000000008000180C] -> 0x8493
mem[X,0x000000008000180E] -> 0xFF84
[3443] [M]: 0x000000008000180C (0xFF848493) addi x9, x9, -0x8                       spcl_M2mmode_test+40
x9 <- 0x0000000000000004

clint mtime 0x00000000000006BA (mip.MTI <- 0b1, mip.STI <- 0b0)
mem[X,0x0000000080001810] -> 0x9663
mem[X,0x0000000080001812] -> 0x0004
[3444] [M]: 0x0000000080001810 (0x00049663) bne x9, x0, 0xc                         spcl_M2mmode_test+44

mem[X,0x000000008000181C] -> 0x0393
mem[X,0x000000008000181E] -> 0x0200
[3445] [M]: 0x000000008000181C (0x02000393) addi x7, x0, 0x20                       Mtrapsig_ptr_upd+0
x7 <- 0x0000000000000020

clint mtime 0x00000000000006BB (mip.MTI <- 0b1, mip.STI <- 0b0)
mem[X,0x0000000080001820] -> 0x5263
mem[X,0x0000000080001822] -> 0x0405
[3446] [M]: 0x0000000080001820 (0x04055263) bge x10, x0, 0x44                       Mtrapsig_ptr_upd+4

mem[X,0x0000000080001864] -> 0x2373
mem[X,0x0000000080001866] -> 0x3010
[3447] [M]: 0x0000000080001864 (0x30102373) csrrs x6, misa, x0                      Mxcpt_sig_sv+0
CSR misa (0x301) -> 0x800000000034112F
x6 <- 0x800000000034112F

clint mtime 0x00000000000006BC (mip.MTI <- 0b1, mip.STI <- 0b0)
mem[X,0x0000000080001868] -> 0x1313
mem[X,0x000000008000186A] -> 0x0383
[3448] [M]: 0x0000000080001868 (0x03831313) slli x6, x6, 0x38                       Mxcpt_sig_sv+4
x6 <- 0x2F00000000000000

mem[X,0x000000008000186C] -> 0x5463
mem[X,0x000000008000186E] -> 0x0003
[3449] [M]: 0x000000008000186C (0x00035463) bge x6, x0, 0x8                         Mxcpt_sig_sv+8

clint mtime 0x00000000000006BD (mip.MTI <- 0b1, mip.STI <- 0b0)
mem[X,0x0000000080001874] -> 0x3303
mem[X,0x0000000080001876] -> 0x2181
[3450] [M]: 0x0000000080001874 (0x21813303) ld x6, 0x218(x2)                        Mtrap_sig_sv+0
mem[R,0x0000000080004218] -> 0x0000000080008778
x6 <- 0x0000000080008778

mem[X,0x0000000080001878] -> 0x04B3
mem[X,0x000000008000187A] -> 0x0073
[3451] [M]: 0x0000000080001878 (0x007304B3) add x9, x6, x7                          Mtrap_sig_sv+4
x9 <- 0x0000000080008798

clint mtime 0x00000000000006BE (mip.MTI <- 0b1, mip.STI <- 0b0)
mem[X,0x000000008000187C] -> 0x3C23
mem[X,0x000000008000187E] -> 0x2091
[3452] [M]: 0x000000008000187C (0x20913C23) sd x9, 0x218(x2)                        Mtrap_sig_sv+8
mem[W,0x0000000080004218] <- 0x0000000080008798

mem[X,0x0000000080001880] -> 0x3403
mem[X,0x0000000080001882] -> 0x1F81
[3453] [M]: 0x0000000080001880 (0x1F813403) ld x8, 0x1f8(x2)                        Mtrap_sig_sv+12
mem[R,0x00000000800041F8] -> 0x0000000080008110
x8 <- 0x0000000080008110

clint mtime 0x00000000000006BF (mip.MTI <- 0b1, mip.STI <- 0b0)
mem[X,0x0000000080001884] -> 0x0333
mem[X,0x0000000080001886] -> 0x4083
[3454] [M]: 0x0000000080001884 (0x40830333) sub x6, x6, x8                          Mtrap_sig_sv+16
x6 <- 0x0000000000000668

mem[X,0x0000000080001888] -> 0x3403
mem[X,0x000000008000188A] -> 0x1F81
[3455] [M]: 0x0000000080001888 (0x1F813403) ld x8, 0x1f8(x2)                        Mtrap_sig_sv+20
mem[R,0x00000000800041F8] -> 0x0000000080008110
x8 <- 0x0000000080008110

clint mtime 0x00000000000006C0 (mip.MTI <- 0b1, mip.STI <- 0b0)
mem[X,0x000000008000188C] -> 0x0333
mem[X,0x000000008000188E] -> 0x0083
[3456] [M]: 0x000000008000188C (0x00830333) add x6, x6, x8                          Mtrap_sig_sv+24
x6 <- 0x0000000080008778

mem[X,0x0000000080001890] -> 0x3403
mem[X,0x0000000080001892] -> 0x2401
[3457] [M]: 0x0000000080001890 (0x24013403) ld x8, 0x240(x2)                        Mtrap_sig_sv+28
mem[R,0x0000000080004240] -> 0x0000000080001600
x8 <- 0x0000000080001600

clint mtime 0x00000000000006C1 (mip.MTI <- 0b1, mip.STI <- 0b0)
mem[X,0x0000000080001894] -> 0x85B3
mem[X,0x0000000080001896] -> 0x4085
[3458] [M]: 0x0000000080001894 (0x408585B3) sub x11, x11, x8                        sv_Mvect+0
x11 <- 0x000000000000010C

mem[X,0x0000000080001898] -> 0x9593
mem[X,0x000000008000189A] -> 0x0045
[3459] [M]: 0x0000000080001898 (0x00459593) slli x11, x11, 0x4                      sv_Mvect+4
x11 <- 0x00000000000010C0

clint mtime 0x00000000000006C2 (mip.MTI <- 0b1, mip.STI <- 0b0)
mem[X,0x000000008000189C] -> 0xE5B3
mem[X,0x000000008000189E] -> 0x0075
[3460] [M]: 0x000000008000189C (0x0075E5B3) or x11, x11, x7                         sv_Mvect+8
x11 <- 0x00000000000010E0

mem[X,0x00000000800018A0] -> 0x8593
mem[X,0x00000000800018A2] -> 0x0035
[3461] [M]: 0x00000000800018A0 (0x00358593) addi x11, x11, 0x3                      sv_Mvect+12
x11 <- 0x00000000000010E3

clint mtime 0x00000000000006C3 (mip.MTI <- 0b1, mip.STI <- 0b0)
mem[X,0x00000000800018A4] -> 0x3023
mem[X,0x00000000800018A6] -> 0x00B3
[3462] [M]: 0x00000000800018A4 (0x00B33023) sd x11, 0x0(x6)                         sv_Mvect+16
mem[W,0x0000000080008778] <- 0x00000000000010E3

mem[X,0x00000000800018A8] -> 0x3423
mem[X,0x00000000800018AA] -> 0x00A3
[3463] [M]: 0x00000000800018A8 (0x00A33423) sd x10, 0x8(x6)                         sv_Mcause+0
mem[W,0x0000000080008780] <- 0x000000000000000C

clint mtime 0x00000000000006C4 (mip.MTI <- 0b1, mip.STI <- 0b0)
mem[X,0x00000000800018AC] -> 0x4663
mem[X,0x00000000800018AE] -> 0x1A05
[3464] [M]: 0x00000000800018AC (0x1A054663) blt x10, x0, 0x1ac                      sv_Mcause+4

mem[X,0x00000000800018B0] -> 0x25F3
mem[X,0x00000000800018B2] -> 0x3000
[3465] [M]: 0x00000000800018B0 (0x300025F3) csrrs x11, mstatus, x0                  common_Mexcpt_handler+0
CSR mstatus (0x300) -> 0x0000000A00000800
x11 <- 0x0000000A00000800

clint mtime 0x00000000000006C5 (mip.MTI <- 0b1, mip.STI <- 0b0)
mem[X,0x00000000800018B4] -> 0x9413
mem[X,0x00000000800018B6] -> 0x02E5
[3466] [M]: 0x00000000800018B4 (0x02E59413) slli x8, x11, 0x2e                      common_Mexcpt_handler+4
x8 <- 0x0200000000000000

mem[X,0x00000000800018B8] -> 0x5463
mem[X,0x00000000800018BA] -> 0x0004
[3467] [M]: 0x00000000800018B8 (0x00045463) bge x8, x0, 0x8                         common_Mexcpt_handler+8

clint mtime 0x00000000000006C6 (mip.MTI <- 0b1, mip.STI <- 0b0)
mem[X,0x00000000800018C0] -> 0xD493
mem[X,0x00000000800018C2] -> 0x00B5
[3468] [M]: 0x00000000800018C0 (0x00B5D493) srli x9, x11, 0xb                       common_Mexcpt_handler+16
x9 <- 0x0000000001400001

mem[X,0x00000000800018C4] -> 0xF493
mem[X,0x00000000800018C6] -> 0x0034
[3469] [M]: 0x00000000800018C4 (0x0034F493) andi x9, x9, 0x3                        common_Mexcpt_handler+20
x9 <- 0x0000000000000001

clint mtime 0x00000000000006C7 (mip.MTI <- 0b1, mip.STI <- 0b0)
mem[X,0x00000000800018C8] -> 0x8493
mem[X,0x00000000800018CA] -> 0x0014
[3470] [M]: 0x00000000800018C8 (0x00148493) addi x9, x9, 0x1                        common_Mexcpt_handler+24
x9 <- 0x0000000000000002

mem[X,0x00000000800018CC] -> 0xF493
mem[X,0x00000000800018CE] -> 0x0044
[3471] [M]: 0x00000000800018CC (0x0044F493) andi x9, x9, 0x4                        common_Mexcpt_handler+28
x9 <- 0x0000000000000000

clint mtime 0x00000000000006C8 (mip.MTI <- 0b1, mip.STI <- 0b0)
mem[X,0x00000000800018D0] -> 0x0593
mem[X,0x00000000800018D2] -> 0x05D0
[3472] [M]: 0x00000000800018D0 (0x05D00593) addi x11, x0, 0x5d                      common_Mexcpt_handler+32
x11 <- 0x000000000000005D

mem[X,0x00000000800018D4] -> 0xD5B3
mem[X,0x00000000800018D6] -> 0x0095
[3473] [M]: 0x00000000800018D4 (0x0095D5B3) srl x11, x11, x9                        common_Mexcpt_handler+36
x11 <- 0x000000000000005D

clint mtime 0x00000000000006C9 (mip.MTI <- 0b1, mip.STI <- 0b0)
mem[X,0x00000000800018D8] -> 0xF593
mem[X,0x00000000800018DA] -> 0x0015
[3474] [M]: 0x00000000800018D8 (0x0015F593) andi x11, x11, 0x1                      common_Mexcpt_handler+40
x11 <- 0x0000000000000001

mem[X,0x00000000800018DC] -> 0x8EE3
mem[X,0x00000000800018DE] -> 0xF405
[3475] [M]: 0x00000000800018DC (0xF4058EE3) beq x11, x0, -0xa4                      common_Mexcpt_handler+44

clint mtime 0x00000000000006CA (mip.MTI <- 0b1, mip.STI <- 0b0)
mem[X,0x00000000800018E0] -> 0x0593
mem[X,0x00000000800018E2] -> 0x2980
[3476] [M]: 0x00000000800018E0 (0x29800593) addi x11, x0, 0x298                     common_Mexcpt_handler+48
x11 <- 0x0000000000000298

mem[X,0x00000000800018E4] -> 0xF413
mem[X,0x00000000800018E6] -> 0x0014
[3477] [M]: 0x00000000800018E4 (0x0014F413) andi x8, x9, 0x1                        common_Mexcpt_handler+52
x8 <- 0x0000000000000000

clint mtime 0x00000000000006CB (mip.MTI <- 0b1, mip.STI <- 0b0)
mem[X,0x00000000800018E8] -> 0x95B3
mem[X,0x00000000800018EA] -> 0x0085
[3478] [M]: 0x00000000800018E8 (0x008595B3) sll x11, x11, x8                        common_Mexcpt_handler+56
x11 <- 0x0000000000000298

mem[X,0x00000000800018EC] -> 0x9413
mem[X,0x00000000800018EE] -> 0x03D4
[3479] [M]: 0x00000000800018EC (0x03D49413) slli x8, x9, 0x3d                       common_Mexcpt_handler+60
x8 <- 0x0000000000000000

clint mtime 0x00000000000006CC (mip.MTI <- 0b1, mip.STI <- 0b0)
mem[X,0x00000000800018F0] -> 0x5413
mem[X,0x00000000800018F2] -> 0x43F4
[3480] [M]: 0x00000000800018F0 (0x43F45413) srai x8, x8, 0x3f                       common_Mexcpt_handler+64
x8 <- 0x0000000000000000

mem[X,0x00000000800018F4] -> 0x4413
mem[X,0x00000000800018F6] -> 0xFFF4
[3481] [M]: 0x00000000800018F4 (0xFFF44413) xori x8, x8, -0x1                       common_Mexcpt_handler+68
x8 <- 0xFFFFFFFFFFFFFFFF

clint mtime 0x00000000000006CD (mip.MTI <- 0b1, mip.STI <- 0b0)
mem[X,0x00000000800018F8] -> 0xF4B3
mem[X,0x00000000800018FA] -> 0x0085
[3482] [M]: 0x00000000800018F8 (0x0085F4B3) and x9, x11, x8                         common_Mexcpt_handler+72
x9 <- 0x0000000000000298

mem[X,0x00000000800018FC] -> 0x84B3
mem[X,0x00000000800018FE] -> 0x0024
[3483] [M]: 0x00000000800018FC (0x002484B3) add x9, x9, x2                          vmem_adj_Mepc+0
x9 <- 0x0000000080004298

clint mtime 0x00000000000006CE (mip.MTI <- 0b1, mip.STI <- 0b0)
mem[X,0x0000000080001900] -> 0x23F3
mem[X,0x0000000080001902] -> 0x3410
[3484] [M]: 0x0000000080001900 (0x341023F3) csrrs x7, mepc, x0                      vmem_adj_Mepc+4
CSR mepc (0x341) -> 0x0000000140000404
x7 <- 0x0000000140000404

mem[X,0x0000000080001904] -> 0x0413
mem[X,0x0000000080001906] -> 0x0004
[3485] [M]: 0x0000000080001904 (0x00040413) addi x8, x8, 0x0                        vmem_adj_Mepc+8
x8 <- 0xFFFFFFFFFFFFFFFF

clint mtime 0x00000000000006CF (mip.MTI <- 0b1, mip.STI <- 0b0)
mem[X,0x0000000080001908] -> 0x006F
mem[X,0x000000008000190A] -> 0x0400
[3486] [M]: 0x0000000080001908 (0x0400006F) jal x0, 0x40                            vmem_adj_Mepc+12

mem[X,0x0000000080001948] -> 0x8433
mem[X,0x000000008000194A] -> 0x4083
[3487] [M]: 0x0000000080001948 (0x40838433) sub x8, x7, x8                          adj_Mepc+0
x8 <- 0x0000000140000405

clint mtime 0x00000000000006D0 (mip.MTI <- 0b1, mip.STI <- 0b0)
mem[X,0x000000008000194C] -> 0x3823
mem[X,0x000000008000194E] -> 0x0083
[3488] [M]: 0x000000008000194C (0x00833823) sd x8, 0x10(x6)                         sv_Mepc+0
mem[W,0x0000000080008788] <- 0x0000000140000405

mem[X,0x0000000080001950] -> 0x55B7
mem[X,0x0000000080001952] -> 0x0000
[3489] [M]: 0x0000000080001950 (0x000055B7) lui x11, 0x5                            sv_Mepc+4
x11 <- 0x0000000000005000

clint mtime 0x00000000000006D1 (mip.MTI <- 0b1, mip.STI <- 0b0)
mem[X,0x0000000080001954] -> 0x8593
mem[X,0x0000000080001956] -> 0x6675
[3490] [M]: 0x0000000080001954 (0x66758593) addi x11, x11, 0x667                    sv_Mepc+8
x11 <- 0x0000000000005667

mem[X,0x0000000080001958] -> 0x9593
mem[X,0x000000008000195A] -> 0x0015
[3491] [M]: 0x0000000080001958 (0x00159593) slli x11, x11, 0x1                      sv_Mepc+12
x11 <- 0x000000000000ACCE

clint mtime 0x00000000000006D2 (mip.MTI <- 0b1, mip.STI <- 0b0)
mem[X,0x000000008000195C] -> 0x9063
mem[X,0x000000008000195E] -> 0x02B1
[3492] [M]: 0x000000008000195C (0x02B19063) bne x3, x11, 0x20                       sv_Mepc+16

mem[X,0x0000000080001960] -> 0x2473
mem[X,0x0000000080001962] -> 0x3420
[3493] [M]: 0x0000000080001960 (0x34202473) csrrs x8, mcause, x0                    sv_Mepc+20
CSR mcause (0x342) -> 0x000000000000000C
x8 <- 0x000000000000000C

clint mtime 0x00000000000006D3 (mip.MTI <- 0b1, mip.STI <- 0b0)
mem[X,0x0000000080001964] -> 0x0593
mem[X,0x0000000080001966] -> 0x00C0
[3494] [M]: 0x0000000080001964 (0x00C00593) addi x11, x0, 0xc                       sv_Mepc+24
x11 <- 0x000000000000000C

mem[X,0x0000000080001968] -> 0x0663
mem[X,0x000000008000196A] -> 0x00B4
[3495] [M]: 0x0000000080001968 (0x00B40663) beq x8, x11, 0xc                        sv_Mepc+28

clint mtime 0x00000000000006D4 (mip.MTI <- 0b1, mip.STI <- 0b0)
mem[X,0x0000000080001974] -> 0x1073
mem[X,0x0000000080001976] -> 0x3412
[3496] [M]: 0x0000000080001974 (0x34121073) csrrw x0, mepc, x4                      sv_Mepc+40
CSR mepc (0x341) <- 0x000000018000128C

mem[X,0x0000000080001978] -> 0x006F
mem[X,0x000000008000197A] -> 0x0100
[3497] [M]: 0x0000000080001978 (0x0100006F) jal x0, 0x10                            sv_Mepc+44

clint mtime 0x00000000000006D5 (mip.MTI <- 0b1, mip.STI <- 0b0)
mem[X,0x0000000080001988] -> 0x23F3
mem[X,0x000000008000198A] -> 0x3430
[3498] [M]: 0x0000000080001988 (0x343023F3) csrrs x7, mtval, x0                     skp_adj_Mepc+0
CSR mtval (0x343) -> 0x0000000140000404
x7 <- 0x0000000140000404

mem[X,0x000000008000198C] -> 0x0413
mem[X,0x000000008000198E] -> 0x0004
[3499] [M]: 0x000000008000198C (0x00040413) addi x8, x8, 0x0                        skp_adj_Mepc+4
x8 <- 0x000000000000000C

clint mtime 0x00000000000006D6 (mip.MTI <- 0b1, mip.STI <- 0b0)
mem[X,0x0000000080001990] -> 0x006F
mem[X,0x0000000080001992] -> 0x0840
[3500] [M]: 0x0000000080001990 (0x0840006F) jal x0, 0x84                            skp_adj_Mepc+8

mem[X,0x0000000080001A14] -> 0x8433
mem[X,0x0000000080001A16] -> 0x4083
[3501] [M]: 0x0000000080001A14 (0x40838433) sub x8, x7, x8                          adj_Mtval+0
x8 <- 0x00000001400003F8

clint mtime 0x00000000000006D7 (mip.MTI <- 0b1, mip.STI <- 0b0)
mem[X,0x0000000080001A18] -> 0x3C23
mem[X,0x0000000080001A1A] -> 0x0083
[3502] [M]: 0x0000000080001A18 (0x00833C23) sd x8, 0x18(x6)                         sv_Mtval+0
mem[W,0x0000000080008790] <- 0x00000001400003F8

mem[X,0x0000000080001A1C] -> 0x3483
mem[X,0x0000000080001A1E] -> 0x2181
[3503] [M]: 0x0000000080001A1C (0x21813483) ld x9, 0x218(x2)                        skp_Mtval+0
mem[R,0x0000000080004218] -> 0x0000000080008798
x9 <- 0x0000000080008798

clint mtime 0x00000000000006D8 (mip.MTI <- 0b1, mip.STI <- 0b0)
mem[X,0x0000000080001A20] -> 0x3383
mem[X,0x0000000080001A22] -> 0x1F81
[3504] [M]: 0x0000000080001A20 (0x1F813383) ld x7, 0x1f8(x2)                        skp_Mtval+4
mem[R,0x00000000800041F8] -> 0x0000000080008110
x7 <- 0x0000000080008110

mem[X,0x0000000080001A24] -> 0x3303
mem[X,0x0000000080001A26] -> 0x2001
[3505] [M]: 0x0000000080001A24 (0x20013303) ld x6, 0x200(x2)                        skp_Mtval+8
mem[R,0x0000000080004200] -> 0x0000000000000810
x6 <- 0x0000000000000810

clint mtime 0x00000000000006D9 (mip.MTI <- 0b1, mip.STI <- 0b0)
mem[X,0x0000000080001A28] -> 0x0333
mem[X,0x0000000080001A2A] -> 0x0073
[3506] [M]: 0x0000000080001A28 (0x00730333) add x6, x6, x7                          skp_Mtval+12
x6 <- 0x0000000080008920

mem[X,0x0000000080001A2C] -> 0x6AE3
mem[X,0x0000000080001A2E] -> 0xAC93
[3507] [M]: 0x0000000080001A2C (0xAC936AE3) bltu x6, x9, -0x52c                     skp_Mtval+16

clint mtime 0x00000000000006DA (mip.MTI <- 0b1, mip.STI <- 0b0)
mem[X,0x0000000080001A30] -> 0x0393
mem[X,0x0000000080001A32] -> 0x2000
[3508] [M]: 0x0000000080001A30 (0x20000393) addi x7, x0, 0x200                      skp_Mtval+20
x7 <- 0x0000000000000200

mem[X,0x0000000080001A34] -> 0x006F
mem[X,0x0000000080001A36] -> 0x0400
[3509] [M]: 0x0000000080001A34 (0x0400006F) jal x0, 0x40                            skp_Mtval+24

clint mtime 0x00000000000006DB (mip.MTI <- 0b1, mip.STI <- 0b0)
mem[X,0x0000000080001A74] -> 0x0417
mem[X,0x0000000080001A76] -> 0x0000
[3510] [M]: 0x0000000080001A74 (0x00000417) auipc x8, 0x0                           spcl_Mhandler+0
x8 <- 0x0000000080001A74

mem[X,0x0000000080001A78] -> 0x0413
mem[X,0x0000000080001A7A] -> 0x03C4
[3511] [M]: 0x0000000080001A78 (0x03C40413) addi x8, x8, 0x3c                       spcl_Mhandler+4
x8 <- 0x0000000080001AB0

clint mtime 0x00000000000006DC (mip.MTI <- 0b1, mip.STI <- 0b0)
mem[X,0x0000000080001A7C] -> 0x0433
mem[X,0x0000000080001A7E] -> 0x0074
[3512] [M]: 0x0000000080001A7C (0x00740433) add x8, x8, x7                          spcl_Mhandler+8
x8 <- 0x0000000080001CB0

mem[X,0x0000000080001A80] -> 0x1393
mem[X,0x0000000080001A82] -> 0x0035
[3513] [M]: 0x0000000080001A80 (0x00351393) slli x7, x10, 0x3                       spcl_Mhandler+12
x7 <- 0x0000000000000060

clint mtime 0x00000000000006DD (mip.MTI <- 0b1, mip.STI <- 0b0)
mem[X,0x0000000080001A84] -> 0x0433
mem[X,0x0000000080001A86] -> 0x0074
[3514] [M]: 0x0000000080001A84 (0x00740433) add x8, x8, x7                          spcl_Mhandler+16
x8 <- 0x0000000080001D10

mem[X,0x0000000080001A88] -> 0x7413
mem[X,0x0000000080001A8A] -> 0xFF84
[3515] [M]: 0x0000000080001A88 (0xFF847413) andi x8, x8, -0x8                       spcl_Mhandler+20
x8 <- 0x0000000080001D10

clint mtime 0x00000000000006DE (mip.MTI <- 0b1, mip.STI <- 0b0)
mem[X,0x0000000080001A8C] -> 0x3403
mem[X,0x0000000080001A8E] -> 0x0004
[3516] [M]: 0x0000000080001A8C (0x00043403) ld x8, 0x0(x8)                          spcl_Mhandler+24
mem[R,0x0000000080001D10] -> 0x0000000000000019
x8 <- 0x0000000000000019

mem[X,0x0000000080001A90] -> 0x02E3
mem[X,0x0000000080001A92] -> 0xB004
[3517] [M]: 0x0000000080001A90 (0xB00402E3) beq x8, x0, -0x4fc                      spcl_Mdispatch_hndling+0

clint mtime 0x00000000000006DF (mip.MTI <- 0b1, mip.STI <- 0b0)
mem[X,0x0000000080001A94] -> 0x1393
mem[X,0x0000000080001A96] -> 0x03F4
[3518] [M]: 0x0000000080001A94 (0x03F41393) slli x7, x8, 0x3f                       spcl_Mdispatch_hndling+4
x7 <- 0x8000000000000000

mem[X,0x0000000080001A98] -> 0xD863
mem[X,0x0000000080001A9A] -> 0x0003
[3519] [M]: 0x0000000080001A98 (0x0003D863) bge x7, x0, 0x10                        spcl_Mdispatch_hndling+8

clint mtime 0x00000000000006E0 (mip.MTI <- 0b1, mip.STI <- 0b0)
mem[X,0x0000000080001A9C] -> 0x5413
mem[X,0x0000000080001A9E] -> 0x0014
[3520] [M]: 0x0000000080001A9C (0x00145413) srli x8, x8, 0x1                        spcl_Mdispatch_hndling+12
x8 <- 0x000000000000000C

mem[X,0x0000000080001AA0] -> 0x0CE3
mem[X,0x0000000080001AA2] -> 0xF885
[3521] [M]: 0x0000000080001AA0 (0xF8850CE3) beq x10, x8, -0x68                      spcl_Mdispatch_hndling+16

clint mtime 0x00000000000006E1 (mip.MTI <- 0b1, mip.STI <- 0b0)
mem[X,0x0000000080001A38] -> 0x3303
mem[X,0x0000000080001A3A] -> 0x2601
[3522] [M]: 0x0000000080001A38 (0x26013303) ld x6, 0x260(x2)                        resto_Mrtn+0
mem[R,0x0000000080004260] -> 0xFFFFFFFF7FFFEFAC
x6 <- 0xFFFFFFFF7FFFEFAC

mem[X,0x0000000080001A3C] -> 0x3383
mem[X,0x0000000080001A3E] -> 0x2681
[3523] [M]: 0x0000000080001A3C (0x26813383) ld x7, 0x268(x2)                        resto_Mrtn+4
mem[R,0x0000000080004268] -> 0x0000000080004000
x7 <- 0x0000000080004000

clint mtime 0x00000000000006E2 (mip.MTI <- 0b1, mip.STI <- 0b0)
mem[X,0x0000000080001A40] -> 0x3403
mem[X,0x0000000080001A42] -> 0x2701
[3524] [M]: 0x0000000080001A40 (0x27013403) ld x8, 0x270(x2)                        resto_Mrtn+8
mem[R,0x0000000080004270] -> 0x0000000000007F76
x8 <- 0x0000000000007F76

mem[X,0x0000000080001A44] -> 0x3483
mem[X,0x0000000080001A46] -> 0x2781
[3525] [M]: 0x0000000080001A44 (0x27813483) ld x9, 0x278(x2)                        resto_Mrtn+12
mem[R,0x0000000080004278] -> 0x00000001000001C8
x9 <- 0x00000001000001C8

clint mtime 0x00000000000006E3 (mip.MTI <- 0b1, mip.STI <- 0b0)
mem[X,0x0000000080001A48] -> 0x3503
mem[X,0x0000000080001A4A] -> 0x2801
[3526] [M]: 0x0000000080001A48 (0x28013503) ld x10, 0x280(x2)                       resto_Mrtn+16
mem[R,0x0000000080004280] -> 0x00000000200000CD
x10 <- 0x00000000200000CD

mem[X,0x0000000080001A4C] -> 0x3583
mem[X,0x0000000080001A4E] -> 0x2881
[3527] [M]: 0x0000000080001A4C (0x28813583) ld x11, 0x288(x2)                       resto_Mrtn+20
mem[R,0x0000000080004288] -> 0x00000000000000CD
x11 <- 0x00000000000000CD

clint mtime 0x00000000000006E4 (mip.MTI <- 0b1, mip.STI <- 0b0)
mem[X,0x0000000080001A50] -> 0x3103
mem[X,0x0000000080001A52] -> 0x2901
[3528] [M]: 0x0000000080001A50 (0x29013103) ld x2, 0x290(x2)                        resto_Mrtn+24
mem[R,0x0000000080004290] -> 0x0000000000000000
x2 <- 0x0000000000000000

mem[X,0x0000000080001A54] -> 0x0073
mem[X,0x0000000080001A56] -> 0x3020
[3529] [M]: 0x0000000080001A54 (0x30200073) mret                                    resto_Mrtn+28
CSR mstatus (0x300) <- 0x0000000A00000080
ret-ing from M to S

clint mtime 0x00000000000006E5 (mip.MTI <- 0b1, mip.STI <- 0b0)
PTW: Start, vpn=0x180001, access_type=X, privilege=Smem[R,0x0000000080007030] -> 0x00000000200000CB
PTW: Step, level=2, pte=0x200000CB, pte_addr=0x80007030
PTW: Success, final_ppn=0x80001, level=2mem[X,0x000000008000128C] -> 0x0013
PTW: Start, vpn=0x180001, access_type=X, privilege=Smem[R,0x0000000080007030] -> 0x00000000200000CB
PTW: Step, level=2, pte=0x200000CB, pte_addr=0x80007030
PTW: Success, final_ppn=0x80001, level=2mem[X,0x000000008000128E] -> 0x0000
[3530] [S]: 0x000000018000128C (0x00000013) addi x0, x0, 0x0                        va_rvtest_code_begin+2736

PTW: Start, vpn=0x180001, access_type=X, privilege=Smem[R,0x0000000080007030] -> 0x00000000200000CB
PTW: Step, level=2, pte=0x200000CB, pte_addr=0x80007030
PTW: Success, final_ppn=0x80001, level=2mem[X,0x0000000080001290] -> 0x0013
PTW: Start, vpn=0x180001, access_type=X, privilege=Smem[R,0x0000000080007030] -> 0x00000000200000CB
PTW: Step, level=2, pte=0x200000CB, pte_addr=0x80007030
PTW: Success, final_ppn=0x80001, level=2mem[X,0x0000000080001292] -> 0x0000
[3531] [S]: 0x0000000180001290 (0x00000013) addi x0, x0, 0x0                        va_rvtest_code_begin+2740

clint mtime 0x00000000000006E6 (mip.MTI <- 0b1, mip.STI <- 0b0)
PTW: Start, vpn=0x180001, access_type=X, privilege=Smem[R,0x0000000080007030] -> 0x00000000200000CB
PTW: Step, level=2, pte=0x200000CB, pte_addr=0x80007030
PTW: Success, final_ppn=0x80001, level=2mem[X,0x0000000080001294] -> 0x0013
PTW: Start, vpn=0x180001, access_type=X, privilege=Smem[R,0x0000000080007030] -> 0x00000000200000CB
PTW: Step, level=2, pte=0x200000CB, pte_addr=0x80007030
PTW: Success, final_ppn=0x80001, level=2mem[X,0x0000000080001296] -> 0x0000
[3532] [S]: 0x0000000180001294 (0x00000013) addi x0, x0, 0x0                        va_rvtest_code_begin+2744

PTW: Start, vpn=0x180001, access_type=X, privilege=Smem[R,0x0000000080007030] -> 0x00000000200000CB
PTW: Step, level=2, pte=0x200000CB, pte_addr=0x80007030
PTW: Success, final_ppn=0x80001, level=2mem[X,0x0000000080001298] -> 0x0113
PTW: Start, vpn=0x180001, access_type=X, privilege=Smem[R,0x0000000080007030] -> 0x00000000200000CB
PTW: Step, level=2, pte=0x200000CB, pte_addr=0x80007030
PTW: Success, final_ppn=0x80001, level=2mem[X,0x000000008000129A] -> 0x0000
[3533] [S]: 0x0000000180001298 (0x00000113) addi x2, x0, 0x0                        va_rvtest_code_begin+2748
x2 <- 0x0000000000000000

clint mtime 0x00000000000006E7 (mip.MTI <- 0b1, mip.STI <- 0b0)
PTW: Start, vpn=0x180001, access_type=X, privilege=Smem[R,0x0000000080007030] -> 0x00000000200000CB
PTW: Step, level=2, pte=0x200000CB, pte_addr=0x80007030
PTW: Success, final_ppn=0x80001, level=2mem[X,0x000000008000129C] -> 0x0073
PTW: Start, vpn=0x180001, access_type=X, privilege=Smem[R,0x0000000080007030] -> 0x00000000200000CB
PTW: Step, level=2, pte=0x200000CB, pte_addr=0x80007030
PTW: Success, final_ppn=0x80001, level=2mem[X,0x000000008000129E] -> 0x0000
[3534] [S]: 0x000000018000129C (0x00000073) ecall                                   va_rvtest_code_begin+2752
trapping from S to M to handle s-call
handling exc#s-call at priv M with tval 0x0000000000000000
CSR mstatus (0x300) <- 0x0000000A00000800
CSR mcause (0x342) <- 0x0000000000000009
CSR mtval (0x343) <- 0x0000000000000000
CSR mepc (0x341) <- 0x000000018000129C

mem[X,0x0000000080001600] -> 0x006F
mem[X,0x0000000080001602] -> 0x1000
[3535] [M]: 0x0000000080001600 (0x1000006F) jal x0, 0x100                           Mtrampoline+0

clint mtime 0x00000000000006E8 (mip.MTI <- 0b1, mip.STI <- 0b0)
mem[X,0x0000000080001700] -> 0x1173
mem[X,0x0000000080001702] -> 0x3401
[3536] [M]: 0x0000000080001700 (0x34011173) csrrw x2, mscratch, x2                  trap_Mhandler+0
CSR mscratch (0x340) <- 0x0000000000000000
x2 <- 0x0000000080004000

mem[X,0x0000000080001704] -> 0x3423
mem[X,0x0000000080001706] -> 0x28B1
[3537] [M]: 0x0000000080001704 (0x28B13423) sd x11, 0x288(x2)                       trap_Mhandler+4
mem[W,0x0000000080004288] <- 0x00000000000000CD

clint mtime 0x00000000000006E9 (mip.MTI <- 0b1, mip.STI <- 0b0)
mem[X,0x0000000080001708] -> 0x05EF
mem[X,0x000000008000170A] -> 0x0B80
[3538] [M]: 0x0000000080001708 (0x0B8005EF) jal x11, 0xb8                           trap_Mhandler+8
x11 <- 0x000000008000170C

mem[X,0x00000000800017C0] -> 0x3023
mem[X,0x00000000800017C2] -> 0x28A1
[3539] [M]: 0x00000000800017C0 (0x28A13023) sd x10, 0x280(x2)                       common_Mhandler+0
mem[W,0x0000000080004280] <- 0x00000000200000CD

clint mtime 0x00000000000006EA (mip.MTI <- 0b1, mip.STI <- 0b0)
mem[X,0x00000000800017C4] -> 0x1573
mem[X,0x00000000800017C6] -> 0x3401
[3540] [M]: 0x00000000800017C4 (0x34011573) csrrw x10, mscratch, x2                 common_Mhandler+4
CSR mscratch (0x340) <- 0x0000000080004000
x10 <- 0x0000000000000000

mem[X,0x00000000800017C8] -> 0x3823
mem[X,0x00000000800017CA] -> 0x28A1
[3541] [M]: 0x00000000800017C8 (0x28A13823) sd x10, 0x290(x2)                       common_Mhandler+8
mem[W,0x0000000080004290] <- 0x0000000000000000

clint mtime 0x00000000000006EB (mip.MTI <- 0b1, mip.STI <- 0b0)
mem[X,0x00000000800017CC] -> 0x3503
mem[X,0x00000000800017CE] -> 0x2301
[3542] [M]: 0x00000000800017CC (0x23013503) ld x10, 0x230(x2)                       common_Mhandler+12
mem[R,0x0000000080004230] -> 0x00000000800017D4
x10 <- 0x00000000800017D4

mem[X,0x00000000800017D0] -> 0x0067
mem[X,0x00000000800017D2] -> 0x0005
[3543] [M]: 0x00000000800017D0 (0x00050067) jalr x0, 0x0(x10)                       common_Mhandler+16

clint mtime 0x00000000000006EC (mip.MTI <- 0b1, mip.STI <- 0b0)
mem[X,0x00000000800017D4] -> 0x3C23
mem[X,0x00000000800017D6] -> 0x2691
[3544] [M]: 0x00000000800017D4 (0x26913C23) sd x9, 0x278(x2)                        common_Mentry+0
mem[W,0x0000000080004278] <- 0x00000001000001C8

mem[X,0x00000000800017D8] -> 0x3823
mem[X,0x00000000800017DA] -> 0x2681
[3545] [M]: 0x00000000800017D8 (0x26813823) sd x8, 0x270(x2)                        common_Mentry+4
mem[W,0x0000000080004270] <- 0x0000000000007F76

clint mtime 0x00000000000006ED (mip.MTI <- 0b1, mip.STI <- 0b0)
mem[X,0x00000000800017DC] -> 0x3423
mem[X,0x00000000800017DE] -> 0x2671
[3546] [M]: 0x00000000800017DC (0x26713423) sd x7, 0x268(x2)                        common_Mentry+8
mem[W,0x0000000080004268] <- 0x0000000080004000

mem[X,0x00000000800017E0] -> 0x3023
mem[X,0x00000000800017E2] -> 0x2661
[3547] [M]: 0x00000000800017E0 (0x26613023) sd x6, 0x260(x2)                        common_Mentry+12
mem[W,0x0000000080004260] <- 0xFFFFFFFF7FFFEFAC

clint mtime 0x00000000000006EE (mip.MTI <- 0b1, mip.STI <- 0b0)
mem[X,0x00000000800017E4] -> 0x2573
mem[X,0x00000000800017E6] -> 0x3420
[3548] [M]: 0x00000000800017E4 (0x34202573) csrrs x10, mcause, x0                   spcl_M2mmode_test+0
CSR mcause (0x342) -> 0x0000000000000009
x10 <- 0x0000000000000009

mem[X,0x00000000800017E8] -> 0x04B7
mem[X,0x00000000800017EA] -> 0x8000
[3549] [M]: 0x00000000800017E8 (0x800004B7) lui x9, -0x80000                        spcl_M2mmode_test+4
x9 <- 0xFFFFFFFF80000000

clint mtime 0x00000000000006EF (mip.MTI <- 0b1, mip.STI <- 0b0)
mem[X,0x00000000800017EC] -> 0x8493
mem[X,0x00000000800017EE] -> 0x0004
[3550] [M]: 0x00000000800017EC (0x00048493) addi x9, x9, 0x0                        spcl_M2mmode_test+8
x9 <- 0xFFFFFFFF80000000

mem[X,0x00000000800017F0] -> 0x9493
mem[X,0x00000000800017F2] -> 0x00B4
[3551] [M]: 0x00000000800017F0 (0x00B49493) slli x9, x9, 0xb                        spcl_M2mmode_test+12
x9 <- 0xFFFFFC0000000000

clint mtime 0x00000000000006F0 (mip.MTI <- 0b1, mip.STI <- 0b0)
mem[X,0x00000000800017F4] -> 0x8493
mem[X,0x00000000800017F6] -> 0x0004
[3552] [M]: 0x00000000800017F4 (0x00048493) addi x9, x9, 0x0                        spcl_M2mmode_test+16
x9 <- 0xFFFFFC0000000000

mem[X,0x00000000800017F8] -> 0x9493
mem[X,0x00000000800017FA] -> 0x00B4
[3553] [M]: 0x00000000800017F8 (0x00B49493) slli x9, x9, 0xb                        spcl_M2mmode_test+20
x9 <- 0xFFE0000000000000

clint mtime 0x00000000000006F1 (mip.MTI <- 0b1, mip.STI <- 0b0)
mem[X,0x00000000800017FC] -> 0x8493
mem[X,0x00000000800017FE] -> 0x0034
[3554] [M]: 0x00000000800017FC (0x00348493) addi x9, x9, 0x3                        spcl_M2mmode_test+24
x9 <- 0xFFE0000000000003

mem[X,0x0000000080001800] -> 0x9493
mem[X,0x0000000080001802] -> 0x00A4
[3555] [M]: 0x0000000080001800 (0x00A49493) slli x9, x9, 0xa                        spcl_M2mmode_test+28
x9 <- 0x8000000000000C00

clint mtime 0x00000000000006F2 (mip.MTI <- 0b1, mip.STI <- 0b0)
mem[X,0x0000000080001804] -> 0x8493
mem[X,0x0000000080001806] -> 0x3FC4
[3556] [M]: 0x0000000080001804 (0x3FC48493) addi x9, x9, 0x3fc                      spcl_M2mmode_test+32
x9 <- 0x8000000000000FFC

mem[X,0x0000000080001808] -> 0xF4B3
mem[X,0x000000008000180A] -> 0x00A4
[3557] [M]: 0x0000000080001808 (0x00A4F4B3) and x9, x9, x10                         spcl_M2mmode_test+36
x9 <- 0x0000000000000008

clint mtime 0x00000000000006F3 (mip.MTI <- 0b1, mip.STI <- 0b0)
mem[X,0x000000008000180C] -> 0x8493
mem[X,0x000000008000180E] -> 0xFF84
[3558] [M]: 0x000000008000180C (0xFF848493) addi x9, x9, -0x8                       spcl_M2mmode_test+40
x9 <- 0x0000000000000000

mem[X,0x0000000080001810] -> 0x9663
mem[X,0x0000000080001812] -> 0x0004
[3559] [M]: 0x0000000080001810 (0x00049663) bne x9, x0, 0xc                         spcl_M2mmode_test+44

clint mtime 0x00000000000006F4 (mip.MTI <- 0b1, mip.STI <- 0b0)
mem[X,0x0000000080001814] -> 0x3383
mem[X,0x0000000080001816] -> 0x2901
[3560] [M]: 0x0000000080001814 (0x29013383) ld x7, 0x290(x2)                        spcl_M2mmode_test+48
mem[R,0x0000000080004290] -> 0x0000000000000000
x7 <- 0x0000000000000000

mem[X,0x0000000080001818] -> 0x8663
mem[X,0x000000008000181A] -> 0x6E03
[3561] [M]: 0x0000000080001818 (0x6E038663) beq x7, x0, 0x6ec                       spcl_M2mmode_test+52

clint mtime 0x00000000000006F5 (mip.MTI <- 0b1, mip.STI <- 0b0)
mem[X,0x0000000080001F04] -> 0x0493
mem[X,0x0000000080001F06] -> 0xFF55
[3562] [M]: 0x0000000080001F04 (0xFF550493) addi x9, x10, -0xb                      rtn2mmode+0
x9 <- 0xFFFFFFFFFFFFFFFE

mem[X,0x0000000080001F08] -> 0x8C63
mem[X,0x0000000080001F0A] -> 0x0004
[3563] [M]: 0x0000000080001F08 (0x00048C63) beq x9, x0, 0x18                        rtn2mmode+4

clint mtime 0x00000000000006F6 (mip.MTI <- 0b1, mip.STI <- 0b0)
mem[X,0x0000000080001F0C] -> 0x3583
mem[X,0x0000000080001F0E] -> 0x4701
[3564] [M]: 0x0000000080001F0C (0x47013583) ld x11, 0x470(x2)                       rtn2mmode+8
mem[R,0x0000000080004470] -> 0x00000001800007DC
x11 <- 0x00000001800007DC

mem[X,0x0000000080001F10] -> 0xD463
mem[X,0x0000000080001F12] -> 0x0003
[3565] [M]: 0x0000000080001F10 (0x0003D463) bge x7, x0, 0x8                         rtn2mmode+12

clint mtime 0x00000000000006F7 (mip.MTI <- 0b1, mip.STI <- 0b0)
mem[X,0x0000000080001F18] -> 0x3483
mem[X,0x0000000080001F1A] -> 0x1D81
[3566] [M]: 0x0000000080001F18 (0x1D813483) ld x9, 0x1d8(x2)                        from_u_s+0
mem[R,0x00000000800041D8] -> 0x00000000800007F4
x9 <- 0x00000000800007F4

mem[X,0x0000000080001F1C] -> 0x84B3
mem[X,0x0000000080001F1E] -> 0x40B4
[3567] [M]: 0x0000000080001F1C (0x40B484B3) sub x9, x9, x11                         from_u_s+4
x9 <- 0xFFFFFFFF00000018

clint mtime 0x00000000000006F8 (mip.MTI <- 0b1, mip.STI <- 0b0)
mem[X,0x0000000080001F20] -> 0x23F3
mem[X,0x0000000080001F22] -> 0x3410
[3568] [M]: 0x0000000080001F20 (0x341023F3) csrrs x7, mepc, x0                      rtn_fm_mmode+0
CSR mepc (0x341) -> 0x000000018000129C
x7 <- 0x000000018000129C

mem[X,0x0000000080001F24] -> 0x83B3
mem[X,0x0000000080001F26] -> 0x0093
[3569] [M]: 0x0000000080001F24 (0x009383B3) add x7, x7, x9                          rtn_fm_mmode+4
x7 <- 0x00000000800012B4

clint mtime 0x00000000000006F9 (mip.MTI <- 0b1, mip.STI <- 0b0)
mem[X,0x0000000080001F28] -> 0x3303
mem[X,0x0000000080001F2A] -> 0x2601
[3570] [M]: 0x0000000080001F28 (0x26013303) ld x6, 0x260(x2)                        rtn_fm_mmode+8
mem[R,0x0000000080004260] -> 0xFFFFFFFF7FFFEFAC
x6 <- 0xFFFFFFFF7FFFEFAC

mem[X,0x0000000080001F2C] -> 0x3403
mem[X,0x0000000080001F2E] -> 0x2701
[3571] [M]: 0x0000000080001F2C (0x27013403) ld x8, 0x270(x2)                        rtn_fm_mmode+12
mem[R,0x0000000080004270] -> 0x0000000000007F76
x8 <- 0x0000000000007F76

clint mtime 0x00000000000006FA (mip.MTI <- 0b1, mip.STI <- 0b0)
mem[X,0x0000000080001F30] -> 0x3483
mem[X,0x0000000080001F32] -> 0x2781
[3572] [M]: 0x0000000080001F30 (0x27813483) ld x9, 0x278(x2)                        rtn_fm_mmode+16
mem[R,0x0000000080004278] -> 0x00000001000001C8
x9 <- 0x00000001000001C8

mem[X,0x0000000080001F34] -> 0x3503
mem[X,0x0000000080001F36] -> 0x2801
[3573] [M]: 0x0000000080001F34 (0x28013503) ld x10, 0x280(x2)                       rtn_fm_mmode+20
mem[R,0x0000000080004280] -> 0x00000000200000CD
x10 <- 0x00000000200000CD

clint mtime 0x00000000000006FB (mip.MTI <- 0b1, mip.STI <- 0b0)
mem[X,0x0000000080001F38] -> 0x3583
mem[X,0x0000000080001F3A] -> 0x2881
[3574] [M]: 0x0000000080001F38 (0x28813583) ld x11, 0x288(x2)                       rtn_fm_mmode+24
mem[R,0x0000000080004288] -> 0x00000000000000CD
x11 <- 0x00000000000000CD

mem[X,0x0000000080001F3C] -> 0x3103
mem[X,0x0000000080001F3E] -> 0x2901
[3575] [M]: 0x0000000080001F3C (0x29013103) ld x2, 0x290(x2)                        rtn_fm_mmode+28
mem[R,0x0000000080004290] -> 0x0000000000000000
x2 <- 0x0000000000000000

clint mtime 0x00000000000006FC (mip.MTI <- 0b1, mip.STI <- 0b0)
mem[X,0x0000000080001F40] -> 0x8067
mem[X,0x0000000080001F42] -> 0x0043
[3576] [M]: 0x0000000080001F40 (0x00438067) jalr x0, 0x4(x7)                        rtn_fm_mmode+32

mem[X,0x00000000800012B8] -> 0x0013
mem[X,0x00000000800012BA] -> 0x0000
[3577] [M]: 0x00000000800012B8 (0x00000013) addi x0, x0, 0x0                        main+2712

clint mtime 0x00000000000006FD (mip.MTI <- 0b1, mip.STI <- 0b0)
mem[X,0x00000000800012BC] -> 0x0013
mem[X,0x00000000800012BE] -> 0x0000
[3578] [M]: 0x00000000800012BC (0x00000013) addi x0, x0, 0x0                        main+2716

mem[X,0x00000000800012C0] -> 0x5517
mem[X,0x00000000800012C2] -> 0x0000
[3579] [M]: 0x00000000800012C0 (0x00005517) auipc x10, 0x5                          main+2720
x10 <- 0x00000000800062C0

clint mtime 0x00000000000006FE (mip.MTI <- 0b1, mip.STI <- 0b0)
mem[X,0x00000000800012C4] -> 0x0513
mem[X,0x00000000800012C6] -> 0xD405
[3580] [M]: 0x00000000800012C4 (0xD4050513) addi x10, x10, -0x2c0                   main+2724
x10 <- 0x0000000080006000

mem[X,0x00000000800012C8] -> 0x0001
[3581] [M]: 0x00000000800012C8 (0x0001) c.nop                                       main+2728

clint mtime 0x00000000000006FF (mip.MTI <- 0b1, mip.STI <- 0b0)
mem[X,0x00000000800012CA] -> 0x0013
mem[X,0x00000000800012CC] -> 0x0000
[3582] [M]: 0x00000000800012CA (0x00000013) addi x0, x0, 0x0                        main+2730

mem[X,0x00000000800012CE] -> 0x0013
mem[X,0x00000000800012D0] -> 0x0000
[3583] [M]: 0x00000000800012CE (0x00000013) addi x0, x0, 0x0                        main+2734

clint mtime 0x0000000000000700 (mip.MTI <- 0b1, mip.STI <- 0b0)
mem[X,0x00000000800012D2] -> 0x0013
mem[X,0x00000000800012D4] -> 0x0000
[3584] [M]: 0x00000000800012D2 (0x00000013) addi x0, x0, 0x0                        main+2738

mem[X,0x00000000800012D6] -> 0x0013
mem[X,0x00000000800012D8] -> 0x0000
[3585] [M]: 0x00000000800012D6 (0x00000013) addi x0, x0, 0x0                        main+2742

clint mtime 0x0000000000000701 (mip.MTI <- 0b1, mip.STI <- 0b0)
mem[X,0x00000000800012DA] -> 0x0013
mem[X,0x00000000800012DC] -> 0x0000
[3586] [M]: 0x00000000800012DA (0x00000013) addi x0, x0, 0x0                        main+2746

mem[X,0x00000000800012DE] -> 0x0001
[3587] [M]: 0x00000000800012DE (0x0001) c.nop                                       main+2750

clint mtime 0x0000000000000702 (mip.MTI <- 0b1, mip.STI <- 0b0)
mem[X,0x00000000800012E0] -> 0x0593
mem[X,0x00000000800012E2] -> 0x0010
[3588] [M]: 0x00000000800012E0 (0x00100593) addi x11, x0, 0x1                       main+2752
x11 <- 0x0000000000000001

mem[X,0x00000000800012E4] -> 0x5513
mem[X,0x00000000800012E6] -> 0x00C5
[3589] [M]: 0x00000000800012E4 (0x00C55513) srli x10, x10, 0xc                      main+2756
x10 <- 0x0000000000080006

clint mtime 0x0000000000000703 (mip.MTI <- 0b1, mip.STI <- 0b0)
mem[X,0x00000000800012E8] -> 0x1513
mem[X,0x00000000800012EA] -> 0x00A5
[3590] [M]: 0x00000000800012E8 (0x00A51513) slli x10, x10, 0xa                      main+2760
x10 <- 0x0000000020001800

mem[X,0x00000000800012EC] -> 0x6533
mem[X,0x00000000800012EE] -> 0x00B5
[3591] [M]: 0x00000000800012EC (0x00B56533) or x10, x10, x11                        main+2764
x10 <- 0x0000000020001801

clint mtime 0x0000000000000704 (mip.MTI <- 0b1, mip.STI <- 0b0)
mem[X,0x00000000800012F0] -> 0x0013
mem[X,0x00000000800012F2] -> 0x0000
[3592] [M]: 0x00000000800012F0 (0x00000013) addi x0, x0, 0x0                        main+2768

mem[X,0x00000000800012F4] -> 0x0013
mem[X,0x00000000800012F6] -> 0x0000
[3593] [M]: 0x00000000800012F4 (0x00000013) addi x0, x0, 0x0                        main+2772

clint mtime 0x0000000000000705 (mip.MTI <- 0b1, mip.STI <- 0b0)
mem[X,0x00000000800012F8] -> 0x0013
mem[X,0x00000000800012FA] -> 0x0000
[3594] [M]: 0x00000000800012F8 (0x00000013) addi x0, x0, 0x0                        main+2776

mem[X,0x00000000800012FC] -> 0x0013
mem[X,0x00000000800012FE] -> 0x0000
[3595] [M]: 0x00000000800012FC (0x00000013) addi x0, x0, 0x0                        main+2780

clint mtime 0x0000000000000706 (mip.MTI <- 0b1, mip.STI <- 0b0)
mem[X,0x0000000080001300] -> 0x6317
mem[X,0x0000000080001302] -> 0x0000
[3596] [M]: 0x0000000080001300 (0x00006317) auipc x6, 0x6                           main+2784
x6 <- 0x0000000080007300

mem[X,0x0000000080001304] -> 0x0313
mem[X,0x0000000080001306] -> 0xD003
[3597] [M]: 0x0000000080001304 (0xD0030313) addi x6, x6, -0x300                     main+2788
x6 <- 0x0000000080007000

clint mtime 0x0000000000000707 (mip.MTI <- 0b1, mip.STI <- 0b0)
mem[X,0x0000000080001308] -> 0x0001
[3598] [M]: 0x0000000080001308 (0x0001) c.nop                                       main+2792

mem[X,0x000000008000130A] -> 0x0013
mem[X,0x000000008000130C] -> 0x0000
[3599] [M]: 0x000000008000130A (0x00000013) addi x0, x0, 0x0                        main+2794

clint mtime 0x0000000000000708 (mip.MTI <- 0b1, mip.STI <- 0b0)
mem[X,0x000000008000130E] -> 0x0013
mem[X,0x0000000080001310] -> 0x0000
[3600] [M]: 0x000000008000130E (0x00000013) addi x0, x0, 0x0                        main+2798

mem[X,0x0000000080001312] -> 0x0013
mem[X,0x0000000080001314] -> 0x0000
[3601] [M]: 0x0000000080001312 (0x00000013) addi x0, x0, 0x0                        main+2802

clint mtime 0x0000000000000709 (mip.MTI <- 0b1, mip.STI <- 0b0)
mem[X,0x0000000080001316] -> 0x0013
mem[X,0x0000000080001318] -> 0x0000
[3602] [M]: 0x0000000080001316 (0x00000013) addi x0, x0, 0x0                        main+2806

mem[X,0x000000008000131A] -> 0x0013
mem[X,0x000000008000131C] -> 0x0000
[3603] [M]: 0x000000008000131A (0x00000013) addi x0, x0, 0x0                        main+2810

clint mtime 0x000000000000070A (mip.MTI <- 0b1, mip.STI <- 0b0)
mem[X,0x000000008000131E] -> 0x0001
[3604] [M]: 0x000000008000131E (0x0001) c.nop                                       main+2814

mem[X,0x0000000080001320] -> 0x0293
mem[X,0x0000000080001322] -> 0x0280
[3605] [M]: 0x0000000080001320 (0x02800293) addi x5, x0, 0x28                       main+2816
x5 <- 0x0000000000000028

clint mtime 0x000000000000070B (mip.MTI <- 0b1, mip.STI <- 0b0)
mem[X,0x0000000080001324] -> 0x0333
mem[X,0x0000000080001326] -> 0x0053
[3606] [M]: 0x0000000080001324 (0x00530333) add x6, x6, x5                          main+2820
x6 <- 0x0000000080007028

mem[X,0x0000000080001328] -> 0x3023
mem[X,0x000000008000132A] -> 0x00A3
[3607] [M]: 0x0000000080001328 (0x00A33023) sd x10, 0x0(x6)                         main+2824
mem[W,0x0000000080007028] <- 0x0000000020001801

clint mtime 0x000000000000070C (mip.MTI <- 0b1, mip.STI <- 0b0)
mem[X,0x000000008000132C] -> 0x0013
mem[X,0x000000008000132E] -> 0x0000
[3608] [M]: 0x000000008000132C (0x00000013) addi x0, x0, 0x0                        main+2828

mem[X,0x0000000080001330] -> 0x0013
mem[X,0x0000000080001332] -> 0x0000
[3609] [M]: 0x0000000080001330 (0x00000013) addi x0, x0, 0x0                        main+2832

clint mtime 0x000000000000070D (mip.MTI <- 0b1, mip.STI <- 0b0)
mem[X,0x0000000080001334] -> 0x0013
mem[X,0x0000000080001336] -> 0x0000
[3610] [M]: 0x0000000080001334 (0x00000013) addi x0, x0, 0x0                        main+2836

mem[X,0x0000000080001338] -> 0x0013
mem[X,0x000000008000133A] -> 0x0000
[3611] [M]: 0x0000000080001338 (0x00000013) addi x0, x0, 0x0                        main+2840

clint mtime 0x000000000000070E (mip.MTI <- 0b1, mip.STI <- 0b0)
mem[X,0x000000008000133C] -> 0x0013
mem[X,0x000000008000133E] -> 0x0000
[3612] [M]: 0x000000008000133C (0x00000013) addi x0, x0, 0x0                        main+2844

mem[X,0x0000000080001340] -> 0x4517
mem[X,0x0000000080001342] -> 0x0000
[3613] [M]: 0x0000000080001340 (0x00004517) auipc x10, 0x4                          main+2848
x10 <- 0x0000000080005340

clint mtime 0x000000000000070F (mip.MTI <- 0b1, mip.STI <- 0b0)
mem[X,0x0000000080001344] -> 0x0513
mem[X,0x0000000080001346] -> 0xCC05
[3614] [M]: 0x0000000080001344 (0xCC050513) addi x10, x10, -0x340                   main+2852
x10 <- 0x0000000080005000

mem[X,0x0000000080001348] -> 0x0001
[3615] [M]: 0x0000000080001348 (0x0001) c.nop                                       main+2856

clint mtime 0x0000000000000710 (mip.MTI <- 0b1, mip.STI <- 0b0)
mem[X,0x000000008000134A] -> 0x0013
mem[X,0x000000008000134C] -> 0x0000
[3616] [M]: 0x000000008000134A (0x00000013) addi x0, x0, 0x0                        main+2858

mem[X,0x000000008000134E] -> 0x0013
mem[X,0x0000000080001350] -> 0x0000
[3617] [M]: 0x000000008000134E (0x00000013) addi x0, x0, 0x0                        main+2862

clint mtime 0x0000000000000711 (mip.MTI <- 0b1, mip.STI <- 0b0)
mem[X,0x0000000080001352] -> 0x0013
mem[X,0x0000000080001354] -> 0x0000
[3618] [M]: 0x0000000080001352 (0x00000013) addi x0, x0, 0x0                        main+2866

mem[X,0x0000000080001356] -> 0x0013
mem[X,0x0000000080001358] -> 0x0000
[3619] [M]: 0x0000000080001356 (0x00000013) addi x0, x0, 0x0                        main+2870

clint mtime 0x0000000000000712 (mip.MTI <- 0b1, mip.STI <- 0b0)
mem[X,0x000000008000135A] -> 0x0013
mem[X,0x000000008000135C] -> 0x0000
[3620] [M]: 0x000000008000135A (0x00000013) addi x0, x0, 0x0                        main+2874

mem[X,0x000000008000135E] -> 0x0001
[3621] [M]: 0x000000008000135E (0x0001) c.nop                                       main+2878

clint mtime 0x0000000000000713 (mip.MTI <- 0b1, mip.STI <- 0b0)
mem[X,0x0000000080001360] -> 0x0593
mem[X,0x0000000080001362] -> 0x0010
[3622] [M]: 0x0000000080001360 (0x00100593) addi x11, x0, 0x1                       main+2880
x11 <- 0x0000000000000001

mem[X,0x0000000080001364] -> 0x5513
mem[X,0x0000000080001366] -> 0x00C5
[3623] [M]: 0x0000000080001364 (0x00C55513) srli x10, x10, 0xc                      main+2884
x10 <- 0x0000000000080005

clint mtime 0x0000000000000714 (mip.MTI <- 0b1, mip.STI <- 0b0)
mem[X,0x0000000080001368] -> 0x1513
mem[X,0x000000008000136A] -> 0x00A5
[3624] [M]: 0x0000000080001368 (0x00A51513) slli x10, x10, 0xa                      main+2888
x10 <- 0x0000000020001400

mem[X,0x000000008000136C] -> 0x6533
mem[X,0x000000008000136E] -> 0x00B5
[3625] [M]: 0x000000008000136C (0x00B56533) or x10, x10, x11                        main+2892
x10 <- 0x0000000020001401

clint mtime 0x0000000000000715 (mip.MTI <- 0b1, mip.STI <- 0b0)
mem[X,0x0000000080001370] -> 0x0013
mem[X,0x0000000080001372] -> 0x0000
[3626] [M]: 0x0000000080001370 (0x00000013) addi x0, x0, 0x0                        main+2896

mem[X,0x0000000080001374] -> 0x0013
mem[X,0x0000000080001376] -> 0x0000
[3627] [M]: 0x0000000080001374 (0x00000013) addi x0, x0, 0x0                        main+2900

clint mtime 0x0000000000000716 (mip.MTI <- 0b1, mip.STI <- 0b0)
mem[X,0x0000000080001378] -> 0x0013
mem[X,0x000000008000137A] -> 0x0000
[3628] [M]: 0x0000000080001378 (0x00000013) addi x0, x0, 0x0                        main+2904

mem[X,0x000000008000137C] -> 0x0013
mem[X,0x000000008000137E] -> 0x0000
[3629] [M]: 0x000000008000137C (0x00000013) addi x0, x0, 0x0                        main+2908

clint mtime 0x0000000000000717 (mip.MTI <- 0b1, mip.STI <- 0b0)
mem[X,0x0000000080001380] -> 0x5317
mem[X,0x0000000080001382] -> 0x0000
[3630] [M]: 0x0000000080001380 (0x00005317) auipc x6, 0x5                           main+2912
x6 <- 0x0000000080006380

mem[X,0x0000000080001384] -> 0x0313
mem[X,0x0000000080001386] -> 0xC803
[3631] [M]: 0x0000000080001384 (0xC8030313) addi x6, x6, -0x380                     main+2916
x6 <- 0x0000000080006000

clint mtime 0x0000000000000718 (mip.MTI <- 0b1, mip.STI <- 0b0)
mem[X,0x0000000080001388] -> 0x0001
[3632] [M]: 0x0000000080001388 (0x0001) c.nop                                       main+2920

mem[X,0x000000008000138A] -> 0x0013
mem[X,0x000000008000138C] -> 0x0000
[3633] [M]: 0x000000008000138A (0x00000013) addi x0, x0, 0x0                        main+2922

clint mtime 0x0000000000000719 (mip.MTI <- 0b1, mip.STI <- 0b0)
mem[X,0x000000008000138E] -> 0x0013
mem[X,0x0000000080001390] -> 0x0000
[3634] [M]: 0x000000008000138E (0x00000013) addi x0, x0, 0x0                        main+2926

mem[X,0x0000000080001392] -> 0x0013
mem[X,0x0000000080001394] -> 0x0000
[3635] [M]: 0x0000000080001392 (0x00000013) addi x0, x0, 0x0                        main+2930

clint mtime 0x000000000000071A (mip.MTI <- 0b1, mip.STI <- 0b0)
mem[X,0x0000000080001396] -> 0x0013
mem[X,0x0000000080001398] -> 0x0000
[3636] [M]: 0x0000000080001396 (0x00000013) addi x0, x0, 0x0                        main+2934

mem[X,0x000000008000139A] -> 0x0013
mem[X,0x000000008000139C] -> 0x0000
[3637] [M]: 0x000000008000139A (0x00000013) addi x0, x0, 0x0                        main+2938

clint mtime 0x000000000000071B (mip.MTI <- 0b1, mip.STI <- 0b0)
mem[X,0x000000008000139E] -> 0x0001
[3638] [M]: 0x000000008000139E (0x0001) c.nop                                       main+2942

mem[X,0x00000000800013A0] -> 0x0293
mem[X,0x00000000800013A2] -> 0x0000
[3639] [M]: 0x00000000800013A0 (0x00000293) addi x5, x0, 0x0                        main+2944
x5 <- 0x0000000000000000

clint mtime 0x000000000000071C (mip.MTI <- 0b1, mip.STI <- 0b0)
mem[X,0x00000000800013A4] -> 0x0333
mem[X,0x00000000800013A6] -> 0x0053
[3640] [M]: 0x00000000800013A4 (0x00530333) add x6, x6, x5                          main+2948
x6 <- 0x0000000080006000

mem[X,0x00000000800013A8] -> 0x3023
mem[X,0x00000000800013AA] -> 0x00A3
[3641] [M]: 0x00000000800013A8 (0x00A33023) sd x10, 0x0(x6)                         main+2952
mem[W,0x0000000080006000] <- 0x0000000020001401

clint mtime 0x000000000000071D (mip.MTI <- 0b1, mip.STI <- 0b0)
mem[X,0x00000000800013AC] -> 0x0013
mem[X,0x00000000800013AE] -> 0x0000
[3642] [M]: 0x00000000800013AC (0x00000013) addi x0, x0, 0x0                        main+2956

mem[X,0x00000000800013B0] -> 0x0013
mem[X,0x00000000800013B2] -> 0x0000
[3643] [M]: 0x00000000800013B0 (0x00000013) addi x0, x0, 0x0                        main+2960

clint mtime 0x000000000000071E (mip.MTI <- 0b1, mip.STI <- 0b0)
mem[X,0x00000000800013B4] -> 0x0013
mem[X,0x00000000800013B6] -> 0x0000
[3644] [M]: 0x00000000800013B4 (0x00000013) addi x0, x0, 0x0                        main+2964

mem[X,0x00000000800013B8] -> 0x0013
mem[X,0x00000000800013BA] -> 0x0000
[3645] [M]: 0x00000000800013B8 (0x00000013) addi x0, x0, 0x0                        main+2968

clint mtime 0x000000000000071F (mip.MTI <- 0b1, mip.STI <- 0b0)
mem[X,0x00000000800013BC] -> 0x0013
mem[X,0x00000000800013BE] -> 0x0000
[3646] [M]: 0x00000000800013BC (0x00000013) addi x0, x0, 0x0                        main+2972

mem[X,0x00000000800013C0] -> 0xF517
mem[X,0x00000000800013C2] -> 0xFFFF
[3647] [M]: 0x00000000800013C0 (0xFFFFF517) auipc x10, -0x1                         main+2976
x10 <- 0x00000000800003C0

clint mtime 0x0000000000000720 (mip.MTI <- 0b1, mip.STI <- 0b0)
mem[X,0x00000000800013C4] -> 0x0513
mem[X,0x00000000800013C6] -> 0x0445
[3648] [M]: 0x00000000800013C4 (0x04450513) addi x10, x10, 0x44                     main+2980
x10 <- 0x0000000080000404

mem[X,0x00000000800013C8] -> 0x0001
[3649] [M]: 0x00000000800013C8 (0x0001) c.nop                                       main+2984

clint mtime 0x0000000000000721 (mip.MTI <- 0b1, mip.STI <- 0b0)
mem[X,0x00000000800013CA] -> 0x0013
mem[X,0x00000000800013CC] -> 0x0000
[3650] [M]: 0x00000000800013CA (0x00000013) addi x0, x0, 0x0                        main+2986

mem[X,0x00000000800013CE] -> 0x0013
mem[X,0x00000000800013D0] -> 0x0000
[3651] [M]: 0x00000000800013CE (0x00000013) addi x0, x0, 0x0                        main+2990

clint mtime 0x0000000000000722 (mip.MTI <- 0b1, mip.STI <- 0b0)
mem[X,0x00000000800013D2] -> 0x0013
mem[X,0x00000000800013D4] -> 0x0000
[3652] [M]: 0x00000000800013D2 (0x00000013) addi x0, x0, 0x0                        main+2994

mem[X,0x00000000800013D6] -> 0x0013
mem[X,0x00000000800013D8] -> 0x0000
[3653] [M]: 0x00000000800013D6 (0x00000013) addi x0, x0, 0x0                        main+2998

clint mtime 0x0000000000000723 (mip.MTI <- 0b1, mip.STI <- 0b0)
mem[X,0x00000000800013DA] -> 0x0013
mem[X,0x00000000800013DC] -> 0x0000
[3654] [M]: 0x00000000800013DA (0x00000013) addi x0, x0, 0x0                        main+3002

mem[X,0x00000000800013DE] -> 0x0001
[3655] [M]: 0x00000000800013DE (0x0001) c.nop                                       main+3006

clint mtime 0x0000000000000724 (mip.MTI <- 0b1, mip.STI <- 0b0)
mem[X,0x00000000800013E0] -> 0x0593
mem[X,0x00000000800013E2] -> 0x0C50
[3656] [M]: 0x00000000800013E0 (0x0C500593) addi x11, x0, 0xc5                      main+3008
x11 <- 0x00000000000000C5

mem[X,0x00000000800013E4] -> 0x5513
mem[X,0x00000000800013E6] -> 0x00C5
[3657] [M]: 0x00000000800013E4 (0x00C55513) srli x10, x10, 0xc                      main+3012
x10 <- 0x0000000000080000

clint mtime 0x0000000000000725 (mip.MTI <- 0b1, mip.STI <- 0b0)
mem[X,0x00000000800013E8] -> 0x1513
mem[X,0x00000000800013EA] -> 0x00A5
[3658] [M]: 0x00000000800013E8 (0x00A51513) slli x10, x10, 0xa                      main+3016
x10 <- 0x0000000020000000

mem[X,0x00000000800013EC] -> 0x6533
mem[X,0x00000000800013EE] -> 0x00B5
[3659] [M]: 0x00000000800013EC (0x00B56533) or x10, x10, x11                        main+3020
x10 <- 0x00000000200000C5

clint mtime 0x0000000000000726 (mip.MTI <- 0b1, mip.STI <- 0b0)
mem[X,0x00000000800013F0] -> 0x0013
mem[X,0x00000000800013F2] -> 0x0000
[3660] [M]: 0x00000000800013F0 (0x00000013) addi x0, x0, 0x0                        main+3024

mem[X,0x00000000800013F4] -> 0x0013
mem[X,0x00000000800013F6] -> 0x0000
[3661] [M]: 0x00000000800013F4 (0x00000013) addi x0, x0, 0x0                        main+3028

clint mtime 0x0000000000000727 (mip.MTI <- 0b1, mip.STI <- 0b0)
mem[X,0x00000000800013F8] -> 0x0013
mem[X,0x00000000800013FA] -> 0x0000
[3662] [M]: 0x00000000800013F8 (0x00000013) addi x0, x0, 0x0                        main+3032

mem[X,0x00000000800013FC] -> 0x0013
mem[X,0x00000000800013FE] -> 0x0000
[3663] [M]: 0x00000000800013FC (0x00000013) addi x0, x0, 0x0                        main+3036

clint mtime 0x0000000000000728 (mip.MTI <- 0b1, mip.STI <- 0b0)
mem[X,0x0000000080001400] -> 0x4317
mem[X,0x0000000080001402] -> 0x0000
[3664] [M]: 0x0000000080001400 (0x00004317) auipc x6, 0x4                           main+3040
x6 <- 0x0000000080005400

mem[X,0x0000000080001404] -> 0x0313
mem[X,0x0000000080001406] -> 0xC003
[3665] [M]: 0x0000000080001404 (0xC0030313) addi x6, x6, -0x400                     main+3044
x6 <- 0x0000000080005000

clint mtime 0x0000000000000729 (mip.MTI <- 0b1, mip.STI <- 0b0)
mem[X,0x0000000080001408] -> 0x0001
[3666] [M]: 0x0000000080001408 (0x0001) c.nop                                       main+3048

mem[X,0x000000008000140A] -> 0x0013
mem[X,0x000000008000140C] -> 0x0000
[3667] [M]: 0x000000008000140A (0x00000013) addi x0, x0, 0x0                        main+3050

clint mtime 0x000000000000072A (mip.MTI <- 0b1, mip.STI <- 0b0)
mem[X,0x000000008000140E] -> 0x0013
mem[X,0x0000000080001410] -> 0x0000
[3668] [M]: 0x000000008000140E (0x00000013) addi x0, x0, 0x0                        main+3054

mem[X,0x0000000080001412] -> 0x0013
mem[X,0x0000000080001414] -> 0x0000
[3669] [M]: 0x0000000080001412 (0x00000013) addi x0, x0, 0x0                        main+3058

clint mtime 0x000000000000072B (mip.MTI <- 0b1, mip.STI <- 0b0)
mem[X,0x0000000080001416] -> 0x0013
mem[X,0x0000000080001418] -> 0x0000
[3670] [M]: 0x0000000080001416 (0x00000013) addi x0, x0, 0x0                        main+3062

mem[X,0x000000008000141A] -> 0x0013
mem[X,0x000000008000141C] -> 0x0000
[3671] [M]: 0x000000008000141A (0x00000013) addi x0, x0, 0x0                        main+3066

clint mtime 0x000000000000072C (mip.MTI <- 0b1, mip.STI <- 0b0)
mem[X,0x000000008000141E] -> 0x0001
[3672] [M]: 0x000000008000141E (0x0001) c.nop                                       main+3070

mem[X,0x0000000080001420] -> 0x0293
mem[X,0x0000000080001422] -> 0x0000
[3673] [M]: 0x0000000080001420 (0x00000293) addi x5, x0, 0x0                        main+3072
x5 <- 0x0000000000000000

clint mtime 0x000000000000072D (mip.MTI <- 0b1, mip.STI <- 0b0)
mem[X,0x0000000080001424] -> 0x0333
mem[X,0x0000000080001426] -> 0x0053
[3674] [M]: 0x0000000080001424 (0x00530333) add x6, x6, x5                          main+3076
x6 <- 0x0000000080005000

mem[X,0x0000000080001428] -> 0x3023
mem[X,0x000000008000142A] -> 0x00A3
[3675] [M]: 0x0000000080001428 (0x00A33023) sd x10, 0x0(x6)                         main+3080
mem[W,0x0000000080005000] <- 0x00000000200000C5

clint mtime 0x000000000000072E (mip.MTI <- 0b1, mip.STI <- 0b0)
mem[X,0x000000008000142C] -> 0x0073
mem[X,0x000000008000142E] -> 0x1200
[3676] [M]: 0x000000008000142C (0x12000073) sfence.vma x0, x0                       main+3084

mem[X,0x0000000080001430] -> 0x0493
mem[X,0x0000000080001432] -> 0x0010
[3677] [M]: 0x0000000080001430 (0x00100493) addi x9, x0, 0x1                        main+3088
x9 <- 0x0000000000000001

clint mtime 0x000000000000072F (mip.MTI <- 0b1, mip.STI <- 0b0)
mem[X,0x0000000080001434] -> 0x9493
mem[X,0x0000000080001436] -> 0x00B4
[3678] [M]: 0x0000000080001434 (0x00B49493) slli x9, x9, 0xb                        main+3092
x9 <- 0x0000000000000800

mem[X,0x0000000080001438] -> 0xB073
mem[X,0x000000008000143A] -> 0x3004
[3679] [M]: 0x0000000080001438 (0x3004B073) csrrc x0, mstatus, x9                   main+3096
CSR mstatus (0x300) <- 0x0000000A00000000

clint mtime 0x0000000000000730 (mip.MTI <- 0b1, mip.STI <- 0b0)
mem[X,0x000000008000143C] -> 0x0493
mem[X,0x000000008000143E] -> 0x0010
[3680] [M]: 0x000000008000143C (0x00100493) addi x9, x0, 0x1                        main+3100
x9 <- 0x0000000000000001

mem[X,0x0000000080001440] -> 0x9493
mem[X,0x0000000080001442] -> 0x00B4
[3681] [M]: 0x0000000080001440 (0x00B49493) slli x9, x9, 0xb                        main+3104
x9 <- 0x0000000000000800

clint mtime 0x0000000000000731 (mip.MTI <- 0b1, mip.STI <- 0b0)
mem[X,0x0000000080001444] -> 0xA073
mem[X,0x0000000080001446] -> 0x3004
[3682] [M]: 0x0000000080001444 (0x3004A073) csrrs x0, mstatus, x9                   main+3108
CSR mstatus (0x300) <- 0x0000000A00000800

mem[X,0x0000000080001448] -> 0x23F3
mem[X,0x000000008000144A] -> 0x3400
[3683] [M]: 0x0000000080001448 (0x340023F3) csrrs x7, mscratch, x0                  main+3112
CSR mscratch (0x340) -> 0x0000000080004000
x7 <- 0x0000000080004000

clint mtime 0x0000000000000732 (mip.MTI <- 0b1, mip.STI <- 0b0)
mem[X,0x000000008000144C] -> 0xB303
mem[X,0x000000008000144E] -> 0x4703
[3684] [M]: 0x000000008000144C (0x4703B303) ld x6, 0x470(x7)                        main+3116
mem[R,0x0000000080004470] -> 0x00000001800007DC
x6 <- 0x00000001800007DC

mem[X,0x0000000080001450] -> 0xB483
mem[X,0x0000000080001452] -> 0x1D83
[3685] [M]: 0x0000000080001450 (0x1D83B483) ld x9, 0x1d8(x7)                        main+3120
mem[R,0x00000000800041D8] -> 0x00000000800007F4
x9 <- 0x00000000800007F4

clint mtime 0x0000000000000733 (mip.MTI <- 0b1, mip.STI <- 0b0)
mem[X,0x0000000080001454] -> 0x0333
mem[X,0x0000000080001456] -> 0x4093
[3686] [M]: 0x0000000080001454 (0x40930333) sub x6, x6, x9                          main+3124
x6 <- 0x00000000FFFFFFE8

mem[X,0x0000000080001458] -> 0x0313
mem[X,0x000000008000145A] -> 0x0103
[3687] [M]: 0x0000000080001458 (0x01030313) addi x6, x6, 0x10                       main+3128
x6 <- 0x00000000FFFFFFF8

clint mtime 0x0000000000000734 (mip.MTI <- 0b1, mip.STI <- 0b0)
mem[X,0x000000008000145C] -> 0x0497
mem[X,0x000000008000145E] -> 0x0000
[3688] [M]: 0x000000008000145C (0x00000497) auipc x9, 0x0                           main+3132
x9 <- 0x000000008000145C

mem[X,0x0000000080001460] -> 0x84B3
mem[X,0x0000000080001462] -> 0x0064
[3689] [M]: 0x0000000080001460 (0x006484B3) add x9, x9, x6                          main+3136
x9 <- 0x0000000180001454

clint mtime 0x0000000000000735 (mip.MTI <- 0b1, mip.STI <- 0b0)
mem[X,0x0000000080001464] -> 0x94F3
mem[X,0x0000000080001466] -> 0x3414
[3690] [M]: 0x0000000080001464 (0x341494F3) csrrw x9, mepc, x9                      main+3140
CSR mepc (0x341) <- 0x0000000180001454
x9 <- 0x000000018000129C

mem[X,0x0000000080001468] -> 0x0073
mem[X,0x000000008000146A] -> 0x3020
[3691] [M]: 0x0000000080001468 (0x30200073) mret                                    main+3144
CSR mstatus (0x300) <- 0x0000000A00000080
ret-ing from M to S

clint mtime 0x0000000000000736 (mip.MTI <- 0b1, mip.STI <- 0b0)
PTW: Start, vpn=0x180001, access_type=X, privilege=Smem[R,0x0000000080007030] -> 0x00000000200000CB
PTW: Step, level=2, pte=0x200000CB, pte_addr=0x80007030
PTW: Success, final_ppn=0x80001, level=2mem[X,0x0000000080001454] -> 0x0333
PTW: Start, vpn=0x180001, access_type=X, privilege=Smem[R,0x0000000080007030] -> 0x00000000200000CB
PTW: Step, level=2, pte=0x200000CB, pte_addr=0x80007030
PTW: Success, final_ppn=0x80001, level=2mem[X,0x0000000080001456] -> 0x4093
[3692] [S]: 0x0000000180001454 (0x40930333) sub x6, x6, x9                          va_rvtest_code_begin+3192
x6 <- 0xFFFFFFFF7FFFED5C

PTW: Start, vpn=0x180001, access_type=X, privilege=Smem[R,0x0000000080007030] -> 0x00000000200000CB
PTW: Step, level=2, pte=0x200000CB, pte_addr=0x80007030
PTW: Success, final_ppn=0x80001, level=2mem[X,0x0000000080001458] -> 0x0313
PTW: Start, vpn=0x180001, access_type=X, privilege=Smem[R,0x0000000080007030] -> 0x00000000200000CB
PTW: Step, level=2, pte=0x200000CB, pte_addr=0x80007030
PTW: Success, final_ppn=0x80001, level=2mem[X,0x000000008000145A] -> 0x0103
[3693] [S]: 0x0000000180001458 (0x01030313) addi x6, x6, 0x10                       va_rvtest_code_begin+3196
x6 <- 0xFFFFFFFF7FFFED6C

clint mtime 0x0000000000000737 (mip.MTI <- 0b1, mip.STI <- 0b0)
PTW: Start, vpn=0x180001, access_type=X, privilege=Smem[R,0x0000000080007030] -> 0x00000000200000CB
PTW: Step, level=2, pte=0x200000CB, pte_addr=0x80007030
PTW: Success, final_ppn=0x80001, level=2mem[X,0x000000008000145C] -> 0x0497
PTW: Start, vpn=0x180001, access_type=X, privilege=Smem[R,0x0000000080007030] -> 0x00000000200000CB
PTW: Step, level=2, pte=0x200000CB, pte_addr=0x80007030
PTW: Success, final_ppn=0x80001, level=2mem[X,0x000000008000145E] -> 0x0000
[3694] [S]: 0x000000018000145C (0x00000497) auipc x9, 0x0                           va_rvtest_code_begin+3200
x9 <- 0x000000018000145C

PTW: Start, vpn=0x180001, access_type=X, privilege=Smem[R,0x0000000080007030] -> 0x00000000200000CB
PTW: Step, level=2, pte=0x200000CB, pte_addr=0x80007030
PTW: Success, final_ppn=0x80001, level=2mem[X,0x0000000080001460] -> 0x84B3
PTW: Start, vpn=0x180001, access_type=X, privilege=Smem[R,0x0000000080007030] -> 0x00000000200000CB
PTW: Step, level=2, pte=0x200000CB, pte_addr=0x80007030
PTW: Success, final_ppn=0x80001, level=2mem[X,0x0000000080001462] -> 0x0064
[3695] [S]: 0x0000000180001460 (0x006484B3) add x9, x9, x6                          va_rvtest_code_begin+3204
x9 <- 0x00000001000001C8

clint mtime 0x0000000000000738 (mip.MTI <- 0b1, mip.STI <- 0b0)
PTW: Start, vpn=0x180001, access_type=X, privilege=Smem[R,0x0000000080007030] -> 0x00000000200000CB
PTW: Step, level=2, pte=0x200000CB, pte_addr=0x80007030
PTW: Success, final_ppn=0x80001, level=2mem[X,0x0000000080001464] -> 0x94F3
PTW: Start, vpn=0x180001, access_type=X, privilege=Smem[R,0x0000000080007030] -> 0x00000000200000CB
PTW: Step, level=2, pte=0x200000CB, pte_addr=0x80007030
PTW: Success, final_ppn=0x80001, level=2mem[X,0x0000000080001466] -> 0x3414
[3696] [S]: 0x0000000180001464 (0x341494F3) csrrw x9, mepc, x9                      va_rvtest_code_begin+3208
trapping from S to M to handle illegal-instruction
handling exc#illegal-instruction at priv M with tval 0x00000000341494F3
CSR mstatus (0x300) <- 0x0000000A00000800
CSR mcause (0x342) <- 0x0000000000000002
CSR mtval (0x343) <- 0x00000000341494F3
CSR mepc (0x341) <- 0x0000000180001464

mem[X,0x0000000080001600] -> 0x006F
mem[X,0x0000000080001602] -> 0x1000
[3697] [M]: 0x0000000080001600 (0x1000006F) jal x0, 0x100                           Mtrampoline+0

clint mtime 0x0000000000000739 (mip.MTI <- 0b1, mip.STI <- 0b0)
mem[X,0x0000000080001700] -> 0x1173
mem[X,0x0000000080001702] -> 0x3401
[3698] [M]: 0x0000000080001700 (0x34011173) csrrw x2, mscratch, x2                  trap_Mhandler+0
CSR mscratch (0x340) <- 0x0000000000000000
x2 <- 0x0000000080004000

mem[X,0x0000000080001704] -> 0x3423
mem[X,0x0000000080001706] -> 0x28B1
[3699] [M]: 0x0000000080001704 (0x28B13423) sd x11, 0x288(x2)                       trap_Mhandler+4
mem[W,0x0000000080004288] <- 0x00000000000000C5

clint mtime 0x000000000000073A (mip.MTI <- 0b1, mip.STI <- 0b0)
mem[X,0x0000000080001708] -> 0x05EF
mem[X,0x000000008000170A] -> 0x0B80
[3700] [M]: 0x0000000080001708 (0x0B8005EF) jal x11, 0xb8                           trap_Mhandler+8
x11 <- 0x000000008000170C

mem[X,0x00000000800017C0] -> 0x3023
mem[X,0x00000000800017C2] -> 0x28A1
[3701] [M]: 0x00000000800017C0 (0x28A13023) sd x10, 0x280(x2)                       common_Mhandler+0
mem[W,0x0000000080004280] <- 0x00000000200000C5

clint mtime 0x000000000000073B (mip.MTI <- 0b1, mip.STI <- 0b0)
mem[X,0x00000000800017C4] -> 0x1573
mem[X,0x00000000800017C6] -> 0x3401
[3702] [M]: 0x00000000800017C4 (0x34011573) csrrw x10, mscratch, x2                 common_Mhandler+4
CSR mscratch (0x340) <- 0x0000000080004000
x10 <- 0x0000000000000000

mem[X,0x00000000800017C8] -> 0x3823
mem[X,0x00000000800017CA] -> 0x28A1
[3703] [M]: 0x00000000800017C8 (0x28A13823) sd x10, 0x290(x2)                       common_Mhandler+8
mem[W,0x0000000080004290] <- 0x0000000000000000

clint mtime 0x000000000000073C (mip.MTI <- 0b1, mip.STI <- 0b0)
mem[X,0x00000000800017CC] -> 0x3503
mem[X,0x00000000800017CE] -> 0x2301
[3704] [M]: 0x00000000800017CC (0x23013503) ld x10, 0x230(x2)                       common_Mhandler+12
mem[R,0x0000000080004230] -> 0x00000000800017D4
x10 <- 0x00000000800017D4

mem[X,0x00000000800017D0] -> 0x0067
mem[X,0x00000000800017D2] -> 0x0005
[3705] [M]: 0x00000000800017D0 (0x00050067) jalr x0, 0x0(x10)                       common_Mhandler+16

clint mtime 0x000000000000073D (mip.MTI <- 0b1, mip.STI <- 0b0)
mem[X,0x00000000800017D4] -> 0x3C23
mem[X,0x00000000800017D6] -> 0x2691
[3706] [M]: 0x00000000800017D4 (0x26913C23) sd x9, 0x278(x2)                        common_Mentry+0
mem[W,0x0000000080004278] <- 0x00000001000001C8

mem[X,0x00000000800017D8] -> 0x3823
mem[X,0x00000000800017DA] -> 0x2681
[3707] [M]: 0x00000000800017D8 (0x26813823) sd x8, 0x270(x2)                        common_Mentry+4
mem[W,0x0000000080004270] <- 0x0000000000007F76

clint mtime 0x000000000000073E (mip.MTI <- 0b1, mip.STI <- 0b0)
mem[X,0x00000000800017DC] -> 0x3423
mem[X,0x00000000800017DE] -> 0x2671
[3708] [M]: 0x00000000800017DC (0x26713423) sd x7, 0x268(x2)                        common_Mentry+8
mem[W,0x0000000080004268] <- 0x0000000080004000

mem[X,0x00000000800017E0] -> 0x3023
mem[X,0x00000000800017E2] -> 0x2661
[3709] [M]: 0x00000000800017E0 (0x26613023) sd x6, 0x260(x2)                        common_Mentry+12
mem[W,0x0000000080004260] <- 0xFFFFFFFF7FFFED6C

clint mtime 0x000000000000073F (mip.MTI <- 0b1, mip.STI <- 0b0)
mem[X,0x00000000800017E4] -> 0x2573
mem[X,0x00000000800017E6] -> 0x3420
[3710] [M]: 0x00000000800017E4 (0x34202573) csrrs x10, mcause, x0                   spcl_M2mmode_test+0
CSR mcause (0x342) -> 0x0000000000000002
x10 <- 0x0000000000000002

mem[X,0x00000000800017E8] -> 0x04B7
mem[X,0x00000000800017EA] -> 0x8000
[3711] [M]: 0x00000000800017E8 (0x800004B7) lui x9, -0x80000                        spcl_M2mmode_test+4
x9 <- 0xFFFFFFFF80000000

clint mtime 0x0000000000000740 (mip.MTI <- 0b1, mip.STI <- 0b0)
mem[X,0x00000000800017EC] -> 0x8493
mem[X,0x00000000800017EE] -> 0x0004
[3712] [M]: 0x00000000800017EC (0x00048493) addi x9, x9, 0x0                        spcl_M2mmode_test+8
x9 <- 0xFFFFFFFF80000000

mem[X,0x00000000800017F0] -> 0x9493
mem[X,0x00000000800017F2] -> 0x00B4
[3713] [M]: 0x00000000800017F0 (0x00B49493) slli x9, x9, 0xb                        spcl_M2mmode_test+12
x9 <- 0xFFFFFC0000000000

clint mtime 0x0000000000000741 (mip.MTI <- 0b1, mip.STI <- 0b0)
mem[X,0x00000000800017F4] -> 0x8493
mem[X,0x00000000800017F6] -> 0x0004
[3714] [M]: 0x00000000800017F4 (0x00048493) addi x9, x9, 0x0                        spcl_M2mmode_test+16
x9 <- 0xFFFFFC0000000000

mem[X,0x00000000800017F8] -> 0x9493
mem[X,0x00000000800017FA] -> 0x00B4
[3715] [M]: 0x00000000800017F8 (0x00B49493) slli x9, x9, 0xb                        spcl_M2mmode_test+20
x9 <- 0xFFE0000000000000

clint mtime 0x0000000000000742 (mip.MTI <- 0b1, mip.STI <- 0b0)
mem[X,0x00000000800017FC] -> 0x8493
mem[X,0x00000000800017FE] -> 0x0034
[3716] [M]: 0x00000000800017FC (0x00348493) addi x9, x9, 0x3                        spcl_M2mmode_test+24
x9 <- 0xFFE0000000000003

mem[X,0x0000000080001800] -> 0x9493
mem[X,0x0000000080001802] -> 0x00A4
[3717] [M]: 0x0000000080001800 (0x00A49493) slli x9, x9, 0xa                        spcl_M2mmode_test+28
x9 <- 0x8000000000000C00

clint mtime 0x0000000000000743 (mip.MTI <- 0b1, mip.STI <- 0b0)
mem[X,0x0000000080001804] -> 0x8493
mem[X,0x0000000080001806] -> 0x3FC4
[3718] [M]: 0x0000000080001804 (0x3FC48493) addi x9, x9, 0x3fc                      spcl_M2mmode_test+32
x9 <- 0x8000000000000FFC

mem[X,0x0000000080001808] -> 0xF4B3
mem[X,0x000000008000180A] -> 0x00A4
[3719] [M]: 0x0000000080001808 (0x00A4F4B3) and x9, x9, x10                         spcl_M2mmode_test+36
x9 <- 0x0000000000000000

clint mtime 0x0000000000000744 (mip.MTI <- 0b1, mip.STI <- 0b0)
mem[X,0x000000008000180C] -> 0x8493
mem[X,0x000000008000180E] -> 0xFF84
[3720] [M]: 0x000000008000180C (0xFF848493) addi x9, x9, -0x8                       spcl_M2mmode_test+40
x9 <- 0xFFFFFFFFFFFFFFF8

mem[X,0x0000000080001810] -> 0x9663
mem[X,0x0000000080001812] -> 0x0004
[3721] [M]: 0x0000000080001810 (0x00049663) bne x9, x0, 0xc                         spcl_M2mmode_test+44

clint mtime 0x0000000000000745 (mip.MTI <- 0b1, mip.STI <- 0b0)
mem[X,0x000000008000181C] -> 0x0393
mem[X,0x000000008000181E] -> 0x0200
[3722] [M]: 0x000000008000181C (0x02000393) addi x7, x0, 0x20                       Mtrapsig_ptr_upd+0
x7 <- 0x0000000000000020

mem[X,0x0000000080001820] -> 0x5263
mem[X,0x0000000080001822] -> 0x0405
[3723] [M]: 0x0000000080001820 (0x04055263) bge x10, x0, 0x44                       Mtrapsig_ptr_upd+4

clint mtime 0x0000000000000746 (mip.MTI <- 0b1, mip.STI <- 0b0)
mem[X,0x0000000080001864] -> 0x2373
mem[X,0x0000000080001866] -> 0x3010
[3724] [M]: 0x0000000080001864 (0x30102373) csrrs x6, misa, x0                      Mxcpt_sig_sv+0
CSR misa (0x301) -> 0x800000000034112F
x6 <- 0x800000000034112F

mem[X,0x0000000080001868] -> 0x1313
mem[X,0x000000008000186A] -> 0x0383
[3725] [M]: 0x0000000080001868 (0x03831313) slli x6, x6, 0x38                       Mxcpt_sig_sv+4
x6 <- 0x2F00000000000000

clint mtime 0x0000000000000747 (mip.MTI <- 0b1, mip.STI <- 0b0)
mem[X,0x000000008000186C] -> 0x5463
mem[X,0x000000008000186E] -> 0x0003
[3726] [M]: 0x000000008000186C (0x00035463) bge x6, x0, 0x8                         Mxcpt_sig_sv+8

mem[X,0x0000000080001874] -> 0x3303
mem[X,0x0000000080001876] -> 0x2181
[3727] [M]: 0x0000000080001874 (0x21813303) ld x6, 0x218(x2)                        Mtrap_sig_sv+0
mem[R,0x0000000080004218] -> 0x0000000080008798
x6 <- 0x0000000080008798

clint mtime 0x0000000000000748 (mip.MTI <- 0b1, mip.STI <- 0b0)
mem[X,0x0000000080001878] -> 0x04B3
mem[X,0x000000008000187A] -> 0x0073
[3728] [M]: 0x0000000080001878 (0x007304B3) add x9, x6, x7                          Mtrap_sig_sv+4
x9 <- 0x00000000800087B8

mem[X,0x000000008000187C] -> 0x3C23
mem[X,0x000000008000187E] -> 0x2091
[3729] [M]: 0x000000008000187C (0x20913C23) sd x9, 0x218(x2)                        Mtrap_sig_sv+8
mem[W,0x0000000080004218] <- 0x00000000800087B8

clint mtime 0x0000000000000749 (mip.MTI <- 0b1, mip.STI <- 0b0)
mem[X,0x0000000080001880] -> 0x3403
mem[X,0x0000000080001882] -> 0x1F81
[3730] [M]: 0x0000000080001880 (0x1F813403) ld x8, 0x1f8(x2)                        Mtrap_sig_sv+12
mem[R,0x00000000800041F8] -> 0x0000000080008110
x8 <- 0x0000000080008110

mem[X,0x0000000080001884] -> 0x0333
mem[X,0x0000000080001886] -> 0x4083
[3731] [M]: 0x0000000080001884 (0x40830333) sub x6, x6, x8                          Mtrap_sig_sv+16
x6 <- 0x0000000000000688

clint mtime 0x000000000000074A (mip.MTI <- 0b1, mip.STI <- 0b0)
mem[X,0x0000000080001888] -> 0x3403
mem[X,0x000000008000188A] -> 0x1F81
[3732] [M]: 0x0000000080001888 (0x1F813403) ld x8, 0x1f8(x2)                        Mtrap_sig_sv+20
mem[R,0x00000000800041F8] -> 0x0000000080008110
x8 <- 0x0000000080008110

mem[X,0x000000008000188C] -> 0x0333
mem[X,0x000000008000188E] -> 0x0083
[3733] [M]: 0x000000008000188C (0x00830333) add x6, x6, x8                          Mtrap_sig_sv+24
x6 <- 0x0000000080008798

clint mtime 0x000000000000074B (mip.MTI <- 0b1, mip.STI <- 0b0)
mem[X,0x0000000080001890] -> 0x3403
mem[X,0x0000000080001892] -> 0x2401
[3734] [M]: 0x0000000080001890 (0x24013403) ld x8, 0x240(x2)                        Mtrap_sig_sv+28
mem[R,0x0000000080004240] -> 0x0000000080001600
x8 <- 0x0000000080001600

mem[X,0x0000000080001894] -> 0x85B3
mem[X,0x0000000080001896] -> 0x4085
[3735] [M]: 0x0000000080001894 (0x408585B3) sub x11, x11, x8                        sv_Mvect+0
x11 <- 0x000000000000010C

clint mtime 0x000000000000074C (mip.MTI <- 0b1, mip.STI <- 0b0)
mem[X,0x0000000080001898] -> 0x9593
mem[X,0x000000008000189A] -> 0x0045
[3736] [M]: 0x0000000080001898 (0x00459593) slli x11, x11, 0x4                      sv_Mvect+4
x11 <- 0x00000000000010C0

mem[X,0x000000008000189C] -> 0xE5B3
mem[X,0x000000008000189E] -> 0x0075
[3737] [M]: 0x000000008000189C (0x0075E5B3) or x11, x11, x7                         sv_Mvect+8
x11 <- 0x00000000000010E0

clint mtime 0x000000000000074D (mip.MTI <- 0b1, mip.STI <- 0b0)
mem[X,0x00000000800018A0] -> 0x8593
mem[X,0x00000000800018A2] -> 0x0035
[3738] [M]: 0x00000000800018A0 (0x00358593) addi x11, x11, 0x3                      sv_Mvect+12
x11 <- 0x00000000000010E3

mem[X,0x00000000800018A4] -> 0x3023
mem[X,0x00000000800018A6] -> 0x00B3
[3739] [M]: 0x00000000800018A4 (0x00B33023) sd x11, 0x0(x6)                         sv_Mvect+16
mem[W,0x0000000080008798] <- 0x00000000000010E3

clint mtime 0x000000000000074E (mip.MTI <- 0b1, mip.STI <- 0b0)
mem[X,0x00000000800018A8] -> 0x3423
mem[X,0x00000000800018AA] -> 0x00A3
[3740] [M]: 0x00000000800018A8 (0x00A33423) sd x10, 0x8(x6)                         sv_Mcause+0
mem[W,0x00000000800087A0] <- 0x0000000000000002

mem[X,0x00000000800018AC] -> 0x4663
mem[X,0x00000000800018AE] -> 0x1A05
[3741] [M]: 0x00000000800018AC (0x1A054663) blt x10, x0, 0x1ac                      sv_Mcause+4

clint mtime 0x000000000000074F (mip.MTI <- 0b1, mip.STI <- 0b0)
mem[X,0x00000000800018B0] -> 0x25F3
mem[X,0x00000000800018B2] -> 0x3000
[3742] [M]: 0x00000000800018B0 (0x300025F3) csrrs x11, mstatus, x0                  common_Mexcpt_handler+0
CSR mstatus (0x300) -> 0x0000000A00000800
x11 <- 0x0000000A00000800

mem[X,0x00000000800018B4] -> 0x9413
mem[X,0x00000000800018B6] -> 0x02E5
[3743] [M]: 0x00000000800018B4 (0x02E59413) slli x8, x11, 0x2e                      common_Mexcpt_handler+4
x8 <- 0x0200000000000000

clint mtime 0x0000000000000750 (mip.MTI <- 0b1, mip.STI <- 0b0)
mem[X,0x00000000800018B8] -> 0x5463
mem[X,0x00000000800018BA] -> 0x0004
[3744] [M]: 0x00000000800018B8 (0x00045463) bge x8, x0, 0x8                         common_Mexcpt_handler+8

mem[X,0x00000000800018C0] -> 0xD493
mem[X,0x00000000800018C2] -> 0x00B5
[3745] [M]: 0x00000000800018C0 (0x00B5D493) srli x9, x11, 0xb                       common_Mexcpt_handler+16
x9 <- 0x0000000001400001

clint mtime 0x0000000000000751 (mip.MTI <- 0b1, mip.STI <- 0b0)
mem[X,0x00000000800018C4] -> 0xF493
mem[X,0x00000000800018C6] -> 0x0034
[3746] [M]: 0x00000000800018C4 (0x0034F493) andi x9, x9, 0x3                        common_Mexcpt_handler+20
x9 <- 0x0000000000000001

mem[X,0x00000000800018C8] -> 0x8493
mem[X,0x00000000800018CA] -> 0x0014
[3747] [M]: 0x00000000800018C8 (0x00148493) addi x9, x9, 0x1                        common_Mexcpt_handler+24
x9 <- 0x0000000000000002

clint mtime 0x0000000000000752 (mip.MTI <- 0b1, mip.STI <- 0b0)
mem[X,0x00000000800018CC] -> 0xF493
mem[X,0x00000000800018CE] -> 0x0044
[3748] [M]: 0x00000000800018CC (0x0044F493) andi x9, x9, 0x4                        common_Mexcpt_handler+28
x9 <- 0x0000000000000000

mem[X,0x00000000800018D0] -> 0x0593
mem[X,0x00000000800018D2] -> 0x05D0
[3749] [M]: 0x00000000800018D0 (0x05D00593) addi x11, x0, 0x5d                      common_Mexcpt_handler+32
x11 <- 0x000000000000005D

clint mtime 0x0000000000000753 (mip.MTI <- 0b1, mip.STI <- 0b0)
mem[X,0x00000000800018D4] -> 0xD5B3
mem[X,0x00000000800018D6] -> 0x0095
[3750] [M]: 0x00000000800018D4 (0x0095D5B3) srl x11, x11, x9                        common_Mexcpt_handler+36
x11 <- 0x000000000000005D

mem[X,0x00000000800018D8] -> 0xF593
mem[X,0x00000000800018DA] -> 0x0015
[3751] [M]: 0x00000000800018D8 (0x0015F593) andi x11, x11, 0x1                      common_Mexcpt_handler+40
x11 <- 0x0000000000000001

clint mtime 0x0000000000000754 (mip.MTI <- 0b1, mip.STI <- 0b0)
mem[X,0x00000000800018DC] -> 0x8EE3
mem[X,0x00000000800018DE] -> 0xF405
[3752] [M]: 0x00000000800018DC (0xF4058EE3) beq x11, x0, -0xa4                      common_Mexcpt_handler+44

mem[X,0x00000000800018E0] -> 0x0593
mem[X,0x00000000800018E2] -> 0x2980
[3753] [M]: 0x00000000800018E0 (0x29800593) addi x11, x0, 0x298                     common_Mexcpt_handler+48
x11 <- 0x0000000000000298

clint mtime 0x0000000000000755 (mip.MTI <- 0b1, mip.STI <- 0b0)
mem[X,0x00000000800018E4] -> 0xF413
mem[X,0x00000000800018E6] -> 0x0014
[3754] [M]: 0x00000000800018E4 (0x0014F413) andi x8, x9, 0x1                        common_Mexcpt_handler+52
x8 <- 0x0000000000000000

mem[X,0x00000000800018E8] -> 0x95B3
mem[X,0x00000000800018EA] -> 0x0085
[3755] [M]: 0x00000000800018E8 (0x008595B3) sll x11, x11, x8                        common_Mexcpt_handler+56
x11 <- 0x0000000000000298

clint mtime 0x0000000000000756 (mip.MTI <- 0b1, mip.STI <- 0b0)
mem[X,0x00000000800018EC] -> 0x9413
mem[X,0x00000000800018EE] -> 0x03D4
[3756] [M]: 0x00000000800018EC (0x03D49413) slli x8, x9, 0x3d                       common_Mexcpt_handler+60
x8 <- 0x0000000000000000

mem[X,0x00000000800018F0] -> 0x5413
mem[X,0x00000000800018F2] -> 0x43F4
[3757] [M]: 0x00000000800018F0 (0x43F45413) srai x8, x8, 0x3f                       common_Mexcpt_handler+64
x8 <- 0x0000000000000000

clint mtime 0x0000000000000757 (mip.MTI <- 0b1, mip.STI <- 0b0)
mem[X,0x00000000800018F4] -> 0x4413
mem[X,0x00000000800018F6] -> 0xFFF4
[3758] [M]: 0x00000000800018F4 (0xFFF44413) xori x8, x8, -0x1                       common_Mexcpt_handler+68
x8 <- 0xFFFFFFFFFFFFFFFF

mem[X,0x00000000800018F8] -> 0xF4B3
mem[X,0x00000000800018FA] -> 0x0085
[3759] [M]: 0x00000000800018F8 (0x0085F4B3) and x9, x11, x8                         common_Mexcpt_handler+72
x9 <- 0x0000000000000298

clint mtime 0x0000000000000758 (mip.MTI <- 0b1, mip.STI <- 0b0)
mem[X,0x00000000800018FC] -> 0x84B3
mem[X,0x00000000800018FE] -> 0x0024
[3760] [M]: 0x00000000800018FC (0x002484B3) add x9, x9, x2                          vmem_adj_Mepc+0
x9 <- 0x0000000080004298

mem[X,0x0000000080001900] -> 0x23F3
mem[X,0x0000000080001902] -> 0x3410
[3761] [M]: 0x0000000080001900 (0x341023F3) csrrs x7, mepc, x0                      vmem_adj_Mepc+4
CSR mepc (0x341) -> 0x0000000180001464
x7 <- 0x0000000180001464

clint mtime 0x0000000000000759 (mip.MTI <- 0b1, mip.STI <- 0b0)
mem[X,0x0000000080001904] -> 0x0413
mem[X,0x0000000080001906] -> 0x0004
[3762] [M]: 0x0000000080001904 (0x00040413) addi x8, x8, 0x0                        vmem_adj_Mepc+8
x8 <- 0xFFFFFFFFFFFFFFFF

mem[X,0x0000000080001908] -> 0x006F
mem[X,0x000000008000190A] -> 0x0400
[3763] [M]: 0x0000000080001908 (0x0400006F) jal x0, 0x40                            vmem_adj_Mepc+12

clint mtime 0x000000000000075A (mip.MTI <- 0b1, mip.STI <- 0b0)
mem[X,0x0000000080001948] -> 0x8433
mem[X,0x000000008000194A] -> 0x4083
[3764] [M]: 0x0000000080001948 (0x40838433) sub x8, x7, x8                          adj_Mepc+0
x8 <- 0x0000000180001465

mem[X,0x000000008000194C] -> 0x3823
mem[X,0x000000008000194E] -> 0x0083
[3765] [M]: 0x000000008000194C (0x00833823) sd x8, 0x10(x6)                         sv_Mepc+0
mem[W,0x00000000800087A8] <- 0x0000000180001465

clint mtime 0x000000000000075B (mip.MTI <- 0b1, mip.STI <- 0b0)
mem[X,0x0000000080001950] -> 0x55B7
mem[X,0x0000000080001952] -> 0x0000
[3766] [M]: 0x0000000080001950 (0x000055B7) lui x11, 0x5                            sv_Mepc+4
x11 <- 0x0000000000005000

mem[X,0x0000000080001954] -> 0x8593
mem[X,0x0000000080001956] -> 0x6675
[3767] [M]: 0x0000000080001954 (0x66758593) addi x11, x11, 0x667                    sv_Mepc+8
x11 <- 0x0000000000005667

clint mtime 0x000000000000075C (mip.MTI <- 0b1, mip.STI <- 0b0)
mem[X,0x0000000080001958] -> 0x9593
mem[X,0x000000008000195A] -> 0x0015
[3768] [M]: 0x0000000080001958 (0x00159593) slli x11, x11, 0x1                      sv_Mepc+12
x11 <- 0x000000000000ACCE

mem[X,0x000000008000195C] -> 0x9063
mem[X,0x000000008000195E] -> 0x02B1
[3769] [M]: 0x000000008000195C (0x02B19063) bne x3, x11, 0x20                       sv_Mepc+16

clint mtime 0x000000000000075D (mip.MTI <- 0b1, mip.STI <- 0b0)
mem[X,0x0000000080001960] -> 0x2473
mem[X,0x0000000080001962] -> 0x3420
[3770] [M]: 0x0000000080001960 (0x34202473) csrrs x8, mcause, x0                    sv_Mepc+20
CSR mcause (0x342) -> 0x0000000000000002
x8 <- 0x0000000000000002

mem[X,0x0000000080001964] -> 0x0593
mem[X,0x0000000080001966] -> 0x00C0
[3771] [M]: 0x0000000080001964 (0x00C00593) addi x11, x0, 0xc                       sv_Mepc+24
x11 <- 0x000000000000000C

clint mtime 0x000000000000075E (mip.MTI <- 0b1, mip.STI <- 0b0)
mem[X,0x0000000080001968] -> 0x0663
mem[X,0x000000008000196A] -> 0x00B4
[3772] [M]: 0x0000000080001968 (0x00B40663) beq x8, x11, 0xc                        sv_Mepc+28

mem[X,0x000000008000196C] -> 0x0593
mem[X,0x000000008000196E] -> 0x0010
[3773] [M]: 0x000000008000196C (0x00100593) addi x11, x0, 0x1                       sv_Mepc+32
x11 <- 0x0000000000000001

clint mtime 0x000000000000075F (mip.MTI <- 0b1, mip.STI <- 0b0)
mem[X,0x0000000080001970] -> 0x1663
mem[X,0x0000000080001972] -> 0x00B4
[3774] [M]: 0x0000000080001970 (0x00B41663) bne x8, x11, 0xc                        sv_Mepc+36

mem[X,0x000000008000197C] -> 0xF593
mem[X,0x000000008000197E] -> 0xFFC3
[3775] [M]: 0x000000008000197C (0xFFC3F593) andi x11, x7, -0x4                      adj_Mepc_rtn+0
x11 <- 0x0000000180001464

clint mtime 0x0000000000000760 (mip.MTI <- 0b1, mip.STI <- 0b0)
mem[X,0x0000000080001980] -> 0x8593
mem[X,0x0000000080001982] -> 0x0085
[3776] [M]: 0x0000000080001980 (0x00858593) addi x11, x11, 0x8                      adj_Mepc_rtn+4
x11 <- 0x000000018000146C

mem[X,0x0000000080001984] -> 0x9073
mem[X,0x0000000080001986] -> 0x3415
[3777] [M]: 0x0000000080001984 (0x34159073) csrrw x0, mepc, x11                     adj_Mepc_rtn+8
CSR mepc (0x341) <- 0x000000018000146C

clint mtime 0x0000000000000761 (mip.MTI <- 0b1, mip.STI <- 0b0)
mem[X,0x0000000080001988] -> 0x23F3
mem[X,0x000000008000198A] -> 0x3430
[3778] [M]: 0x0000000080001988 (0x343023F3) csrrs x7, mtval, x0                     skp_adj_Mepc+0
CSR mtval (0x343) -> 0x00000000341494F3
x7 <- 0x00000000341494F3

mem[X,0x000000008000198C] -> 0x0413
mem[X,0x000000008000198E] -> 0x0004
[3779] [M]: 0x000000008000198C (0x00040413) addi x8, x8, 0x0                        skp_adj_Mepc+4
x8 <- 0x0000000000000002

clint mtime 0x0000000000000762 (mip.MTI <- 0b1, mip.STI <- 0b0)
mem[X,0x0000000080001990] -> 0x006F
mem[X,0x0000000080001992] -> 0x0840
[3780] [M]: 0x0000000080001990 (0x0840006F) jal x0, 0x84                            skp_adj_Mepc+8

mem[X,0x0000000080001A14] -> 0x8433
mem[X,0x0000000080001A16] -> 0x4083
[3781] [M]: 0x0000000080001A14 (0x40838433) sub x8, x7, x8                          adj_Mtval+0
x8 <- 0x00000000341494F1

clint mtime 0x0000000000000763 (mip.MTI <- 0b1, mip.STI <- 0b0)
mem[X,0x0000000080001A18] -> 0x3C23
mem[X,0x0000000080001A1A] -> 0x0083
[3782] [M]: 0x0000000080001A18 (0x00833C23) sd x8, 0x18(x6)                         sv_Mtval+0
mem[W,0x00000000800087B0] <- 0x00000000341494F1

mem[X,0x0000000080001A1C] -> 0x3483
mem[X,0x0000000080001A1E] -> 0x2181
[3783] [M]: 0x0000000080001A1C (0x21813483) ld x9, 0x218(x2)                        skp_Mtval+0
mem[R,0x0000000080004218] -> 0x00000000800087B8
x9 <- 0x00000000800087B8

clint mtime 0x0000000000000764 (mip.MTI <- 0b1, mip.STI <- 0b0)
mem[X,0x0000000080001A20] -> 0x3383
mem[X,0x0000000080001A22] -> 0x1F81
[3784] [M]: 0x0000000080001A20 (0x1F813383) ld x7, 0x1f8(x2)                        skp_Mtval+4
mem[R,0x00000000800041F8] -> 0x0000000080008110
x7 <- 0x0000000080008110

mem[X,0x0000000080001A24] -> 0x3303
mem[X,0x0000000080001A26] -> 0x2001
[3785] [M]: 0x0000000080001A24 (0x20013303) ld x6, 0x200(x2)                        skp_Mtval+8
mem[R,0x0000000080004200] -> 0x0000000000000810
x6 <- 0x0000000000000810

clint mtime 0x0000000000000765 (mip.MTI <- 0b1, mip.STI <- 0b0)
mem[X,0x0000000080001A28] -> 0x0333
mem[X,0x0000000080001A2A] -> 0x0073
[3786] [M]: 0x0000000080001A28 (0x00730333) add x6, x6, x7                          skp_Mtval+12
x6 <- 0x0000000080008920

mem[X,0x0000000080001A2C] -> 0x6AE3
mem[X,0x0000000080001A2E] -> 0xAC93
[3787] [M]: 0x0000000080001A2C (0xAC936AE3) bltu x6, x9, -0x52c                     skp_Mtval+16

clint mtime 0x0000000000000766 (mip.MTI <- 0b1, mip.STI <- 0b0)
mem[X,0x0000000080001A30] -> 0x0393
mem[X,0x0000000080001A32] -> 0x2000
[3788] [M]: 0x0000000080001A30 (0x20000393) addi x7, x0, 0x200                      skp_Mtval+20
x7 <- 0x0000000000000200

mem[X,0x0000000080001A34] -> 0x006F
mem[X,0x0000000080001A36] -> 0x0400
[3789] [M]: 0x0000000080001A34 (0x0400006F) jal x0, 0x40                            skp_Mtval+24

clint mtime 0x0000000000000767 (mip.MTI <- 0b1, mip.STI <- 0b0)
mem[X,0x0000000080001A74] -> 0x0417
mem[X,0x0000000080001A76] -> 0x0000
[3790] [M]: 0x0000000080001A74 (0x00000417) auipc x8, 0x0                           spcl_Mhandler+0
x8 <- 0x0000000080001A74

mem[X,0x0000000080001A78] -> 0x0413
mem[X,0x0000000080001A7A] -> 0x03C4
[3791] [M]: 0x0000000080001A78 (0x03C40413) addi x8, x8, 0x3c                       spcl_Mhandler+4
x8 <- 0x0000000080001AB0

clint mtime 0x0000000000000768 (mip.MTI <- 0b1, mip.STI <- 0b0)
mem[X,0x0000000080001A7C] -> 0x0433
mem[X,0x0000000080001A7E] -> 0x0074
[3792] [M]: 0x0000000080001A7C (0x00740433) add x8, x8, x7                          spcl_Mhandler+8
x8 <- 0x0000000080001CB0

mem[X,0x0000000080001A80] -> 0x1393
mem[X,0x0000000080001A82] -> 0x0035
[3793] [M]: 0x0000000080001A80 (0x00351393) slli x7, x10, 0x3                       spcl_Mhandler+12
x7 <- 0x0000000000000010

clint mtime 0x0000000000000769 (mip.MTI <- 0b1, mip.STI <- 0b0)
mem[X,0x0000000080001A84] -> 0x0433
mem[X,0x0000000080001A86] -> 0x0074
[3794] [M]: 0x0000000080001A84 (0x00740433) add x8, x8, x7                          spcl_Mhandler+16
x8 <- 0x0000000080001CC0

mem[X,0x0000000080001A88] -> 0x7413
mem[X,0x0000000080001A8A] -> 0xFF84
[3795] [M]: 0x0000000080001A88 (0xFF847413) andi x8, x8, -0x8                       spcl_Mhandler+20
x8 <- 0x0000000080001CC0

clint mtime 0x000000000000076A (mip.MTI <- 0b1, mip.STI <- 0b0)
mem[X,0x0000000080001A8C] -> 0x3403
mem[X,0x0000000080001A8E] -> 0x0004
[3796] [M]: 0x0000000080001A8C (0x00043403) ld x8, 0x0(x8)                          spcl_Mhandler+24
mem[R,0x0000000080001CC0] -> 0x0000000000000005
x8 <- 0x0000000000000005

mem[X,0x0000000080001A90] -> 0x02E3
mem[X,0x0000000080001A92] -> 0xB004
[3797] [M]: 0x0000000080001A90 (0xB00402E3) beq x8, x0, -0x4fc                      spcl_Mdispatch_hndling+0

clint mtime 0x000000000000076B (mip.MTI <- 0b1, mip.STI <- 0b0)
mem[X,0x0000000080001A94] -> 0x1393
mem[X,0x0000000080001A96] -> 0x03F4
[3798] [M]: 0x0000000080001A94 (0x03F41393) slli x7, x8, 0x3f                       spcl_Mdispatch_hndling+4
x7 <- 0x8000000000000000

mem[X,0x0000000080001A98] -> 0xD863
mem[X,0x0000000080001A9A] -> 0x0003
[3799] [M]: 0x0000000080001A98 (0x0003D863) bge x7, x0, 0x10                        spcl_Mdispatch_hndling+8

clint mtime 0x000000000000076C (mip.MTI <- 0b1, mip.STI <- 0b0)
mem[X,0x0000000080001A9C] -> 0x5413
mem[X,0x0000000080001A9E] -> 0x0014
[3800] [M]: 0x0000000080001A9C (0x00145413) srli x8, x8, 0x1                        spcl_Mdispatch_hndling+12
x8 <- 0x0000000000000002

mem[X,0x0000000080001AA0] -> 0x0CE3
mem[X,0x0000000080001AA2] -> 0xF885
[3801] [M]: 0x0000000080001AA0 (0xF8850CE3) beq x10, x8, -0x68                      spcl_Mdispatch_hndling+16

clint mtime 0x000000000000076D (mip.MTI <- 0b1, mip.STI <- 0b0)
mem[X,0x0000000080001A38] -> 0x3303
mem[X,0x0000000080001A3A] -> 0x2601
[3802] [M]: 0x0000000080001A38 (0x26013303) ld x6, 0x260(x2)                        resto_Mrtn+0
mem[R,0x0000000080004260] -> 0xFFFFFFFF7FFFED6C
x6 <- 0xFFFFFFFF7FFFED6C

mem[X,0x0000000080001A3C] -> 0x3383
mem[X,0x0000000080001A3E] -> 0x2681
[3803] [M]: 0x0000000080001A3C (0x26813383) ld x7, 0x268(x2)                        resto_Mrtn+4
mem[R,0x0000000080004268] -> 0x0000000080004000
x7 <- 0x0000000080004000

clint mtime 0x000000000000076E (mip.MTI <- 0b1, mip.STI <- 0b0)
mem[X,0x0000000080001A40] -> 0x3403
mem[X,0x0000000080001A42] -> 0x2701
[3804] [M]: 0x0000000080001A40 (0x27013403) ld x8, 0x270(x2)                        resto_Mrtn+8
mem[R,0x0000000080004270] -> 0x0000000000007F76
x8 <- 0x0000000000007F76

mem[X,0x0000000080001A44] -> 0x3483
mem[X,0x0000000080001A46] -> 0x2781
[3805] [M]: 0x0000000080001A44 (0x27813483) ld x9, 0x278(x2)                        resto_Mrtn+12
mem[R,0x0000000080004278] -> 0x00000001000001C8
x9 <- 0x00000001000001C8

clint mtime 0x000000000000076F (mip.MTI <- 0b1, mip.STI <- 0b0)
mem[X,0x0000000080001A48] -> 0x3503
mem[X,0x0000000080001A4A] -> 0x2801
[3806] [M]: 0x0000000080001A48 (0x28013503) ld x10, 0x280(x2)                       resto_Mrtn+16
mem[R,0x0000000080004280] -> 0x00000000200000C5
x10 <- 0x00000000200000C5

mem[X,0x0000000080001A4C] -> 0x3583
mem[X,0x0000000080001A4E] -> 0x2881
[3807] [M]: 0x0000000080001A4C (0x28813583) ld x11, 0x288(x2)                       resto_Mrtn+20
mem[R,0x0000000080004288] -> 0x00000000000000C5
x11 <- 0x00000000000000C5

clint mtime 0x0000000000000770 (mip.MTI <- 0b1, mip.STI <- 0b0)
mem[X,0x0000000080001A50] -> 0x3103
mem[X,0x0000000080001A52] -> 0x2901
[3808] [M]: 0x0000000080001A50 (0x29013103) ld x2, 0x290(x2)                        resto_Mrtn+24
mem[R,0x0000000080004290] -> 0x0000000000000000
x2 <- 0x0000000000000000

mem[X,0x0000000080001A54] -> 0x0073
mem[X,0x0000000080001A56] -> 0x3020
[3809] [M]: 0x0000000080001A54 (0x30200073) mret                                    resto_Mrtn+28
CSR mstatus (0x300) <- 0x0000000A00000080
ret-ing from M to S

clint mtime 0x0000000000000771 (mip.MTI <- 0b1, mip.STI <- 0b0)
PTW: Start, vpn=0x180001, access_type=X, privilege=Smem[R,0x0000000080007030] -> 0x00000000200000CB
PTW: Step, level=2, pte=0x200000CB, pte_addr=0x80007030
PTW: Success, final_ppn=0x80001, level=2mem[X,0x000000008000146C] -> 0x07B7
PTW: Start, vpn=0x180001, access_type=X, privilege=Smem[R,0x0000000080007030] -> 0x00000000200000CB
PTW: Step, level=2, pte=0x200000CB, pte_addr=0x80007030
PTW: Success, final_ppn=0x80001, level=2mem[X,0x000000008000146E] -> 0x5000
[3810] [S]: 0x000000018000146C (0x500007B7) lui x15, 0x50000                        va_rvtest_code_begin+3216
x15 <- 0x0000000050000000

PTW: Start, vpn=0x180001, access_type=X, privilege=Smem[R,0x0000000080007030] -> 0x00000000200000CB
PTW: Step, level=2, pte=0x200000CB, pte_addr=0x80007030
PTW: Success, final_ppn=0x80001, level=2mem[X,0x0000000080001470] -> 0x8793
PTW: Start, vpn=0x180001, access_type=X, privilege=Smem[R,0x0000000080007030] -> 0x00000000200000CB
PTW: Step, level=2, pte=0x200000CB, pte_addr=0x80007030
PTW: Success, final_ppn=0x80001, level=2mem[X,0x0000000080001472] -> 0x1017
[3811] [S]: 0x0000000180001470 (0x10178793) addi x15, x15, 0x101                    va_rvtest_code_begin+3220
x15 <- 0x0000000050000101

clint mtime 0x0000000000000772 (mip.MTI <- 0b1, mip.STI <- 0b0)
PTW: Start, vpn=0x180001, access_type=X, privilege=Smem[R,0x0000000080007030] -> 0x00000000200000CB
PTW: Step, level=2, pte=0x200000CB, pte_addr=0x80007030
PTW: Success, final_ppn=0x80001, level=2mem[X,0x0000000080001474] -> 0x9793
PTW: Start, vpn=0x180001, access_type=X, privilege=Smem[R,0x0000000080007030] -> 0x00000000200000CB
PTW: Step, level=2, pte=0x200000CB, pte_addr=0x80007030
PTW: Success, final_ppn=0x80001, level=2mem[X,0x0000000080001476] -> 0x0027
[3812] [S]: 0x0000000180001474 (0x00279793) slli x15, x15, 0x2                      va_rvtest_code_begin+3224
x15 <- 0x0000000140000404

PTW: Start, vpn=0x180001, access_type=X, privilege=Smem[R,0x0000000080007030] -> 0x00000000200000CB
PTW: Step, level=2, pte=0x200000CB, pte_addr=0x80007030
PTW: Success, final_ppn=0x80001, level=2mem[X,0x0000000080001478] -> 0x0613
PTW: Start, vpn=0x180001, access_type=X, privilege=Smem[R,0x0000000080007030] -> 0x00000000200000CB
PTW: Step, level=2, pte=0x200000CB, pte_addr=0x80007030
PTW: Success, final_ppn=0x80001, level=2mem[X,0x000000008000147A] -> 0x0106
[3813] [S]: 0x0000000180001478 (0x01060613) addi x12, x12, 0x10                     va_rvtest_code_begin+3228
x12 <- 0x0000000000000060

clint mtime 0x0000000000000773 (mip.MTI <- 0b1, mip.STI <- 0b0)
PTW: Start, vpn=0x180001, access_type=X, privilege=Smem[R,0x0000000080007030] -> 0x00000000200000CB
PTW: Step, level=2, pte=0x200000CB, pte_addr=0x80007030
PTW: Success, final_ppn=0x80001, level=2mem[X,0x000000008000147C] -> 0xAA23
PTW: Start, vpn=0x180001, access_type=X, privilege=Smem[R,0x0000000080007030] -> 0x00000000200000CB
PTW: Step, level=2, pte=0x200000CB, pte_addr=0x80007030
PTW: Success, final_ppn=0x80001, level=2mem[X,0x000000008000147E] -> 0x00C7
[3814] [S]: 0x000000018000147C (0x00C7AA23) sw x12, 0x14(x15)                       va_rvtest_code_begin+3232
PTW: Start, vpn=0x140000, access_type=W, privilege=Smem[R,0x0000000080007028] -> 0x0000000020001801
PTW: Step, level=2, pte=0x20001801, pte_addr=0x80007028
PTW: Start, vpn=0x140000, access_type=W, privilege=Smem[R,0x0000000080006000] -> 0x0000000020001401
PTW: Step, level=1, pte=0x20001401, pte_addr=0x80006000
PTW: Start, vpn=0x140000, access_type=W, privilege=Smem[R,0x0000000080005000] -> 0x00000000200000C5
PTW: Step, level=0, pte=0x200000C5, pte_addr=0x80005000
PTW: failed, error=invalid-pte, level=0, pte_addr=0x80005000
trapping from S to M to handle store/amo-page-fault
handling exc#store/amo-page-fault at priv M with tval 0x0000000140000418
CSR mstatus (0x300) <- 0x0000000A00000800
CSR mcause (0x342) <- 0x000000000000000F
CSR mtval (0x343) <- 0x0000000140000418
CSR mepc (0x341) <- 0x000000018000147C

mem[X,0x0000000080001600] -> 0x006F
mem[X,0x0000000080001602] -> 0x1000
[3815] [M]: 0x0000000080001600 (0x1000006F) jal x0, 0x100                           Mtrampoline+0

clint mtime 0x0000000000000774 (mip.MTI <- 0b1, mip.STI <- 0b0)
mem[X,0x0000000080001700] -> 0x1173
mem[X,0x0000000080001702] -> 0x3401
[3816] [M]: 0x0000000080001700 (0x34011173) csrrw x2, mscratch, x2                  trap_Mhandler+0
CSR mscratch (0x340) <- 0x0000000000000000
x2 <- 0x0000000080004000

mem[X,0x0000000080001704] -> 0x3423
mem[X,0x0000000080001706] -> 0x28B1
[3817] [M]: 0x0000000080001704 (0x28B13423) sd x11, 0x288(x2)                       trap_Mhandler+4
mem[W,0x0000000080004288] <- 0x00000000000000C5

clint mtime 0x0000000000000775 (mip.MTI <- 0b1, mip.STI <- 0b0)
mem[X,0x0000000080001708] -> 0x05EF
mem[X,0x000000008000170A] -> 0x0B80
[3818] [M]: 0x0000000080001708 (0x0B8005EF) jal x11, 0xb8                           trap_Mhandler+8
x11 <- 0x000000008000170C

mem[X,0x00000000800017C0] -> 0x3023
mem[X,0x00000000800017C2] -> 0x28A1
[3819] [M]: 0x00000000800017C0 (0x28A13023) sd x10, 0x280(x2)                       common_Mhandler+0
mem[W,0x0000000080004280] <- 0x00000000200000C5

clint mtime 0x0000000000000776 (mip.MTI <- 0b1, mip.STI <- 0b0)
mem[X,0x00000000800017C4] -> 0x1573
mem[X,0x00000000800017C6] -> 0x3401
[3820] [M]: 0x00000000800017C4 (0x34011573) csrrw x10, mscratch, x2                 common_Mhandler+4
CSR mscratch (0x340) <- 0x0000000080004000
x10 <- 0x0000000000000000

mem[X,0x00000000800017C8] -> 0x3823
mem[X,0x00000000800017CA] -> 0x28A1
[3821] [M]: 0x00000000800017C8 (0x28A13823) sd x10, 0x290(x2)                       common_Mhandler+8
mem[W,0x0000000080004290] <- 0x0000000000000000

clint mtime 0x0000000000000777 (mip.MTI <- 0b1, mip.STI <- 0b0)
mem[X,0x00000000800017CC] -> 0x3503
mem[X,0x00000000800017CE] -> 0x2301
[3822] [M]: 0x00000000800017CC (0x23013503) ld x10, 0x230(x2)                       common_Mhandler+12
mem[R,0x0000000080004230] -> 0x00000000800017D4
x10 <- 0x00000000800017D4

mem[X,0x00000000800017D0] -> 0x0067
mem[X,0x00000000800017D2] -> 0x0005
[3823] [M]: 0x00000000800017D0 (0x00050067) jalr x0, 0x0(x10)                       common_Mhandler+16

clint mtime 0x0000000000000778 (mip.MTI <- 0b1, mip.STI <- 0b0)
mem[X,0x00000000800017D4] -> 0x3C23
mem[X,0x00000000800017D6] -> 0x2691
[3824] [M]: 0x00000000800017D4 (0x26913C23) sd x9, 0x278(x2)                        common_Mentry+0
mem[W,0x0000000080004278] <- 0x00000001000001C8

mem[X,0x00000000800017D8] -> 0x3823
mem[X,0x00000000800017DA] -> 0x2681
[3825] [M]: 0x00000000800017D8 (0x26813823) sd x8, 0x270(x2)                        common_Mentry+4
mem[W,0x0000000080004270] <- 0x0000000000007F76

clint mtime 0x0000000000000779 (mip.MTI <- 0b1, mip.STI <- 0b0)
mem[X,0x00000000800017DC] -> 0x3423
mem[X,0x00000000800017DE] -> 0x2671
[3826] [M]: 0x00000000800017DC (0x26713423) sd x7, 0x268(x2)                        common_Mentry+8
mem[W,0x0000000080004268] <- 0x0000000080004000

mem[X,0x00000000800017E0] -> 0x3023
mem[X,0x00000000800017E2] -> 0x2661
[3827] [M]: 0x00000000800017E0 (0x26613023) sd x6, 0x260(x2)                        common_Mentry+12
mem[W,0x0000000080004260] <- 0xFFFFFFFF7FFFED6C

clint mtime 0x000000000000077A (mip.MTI <- 0b1, mip.STI <- 0b0)
mem[X,0x00000000800017E4] -> 0x2573
mem[X,0x00000000800017E6] -> 0x3420
[3828] [M]: 0x00000000800017E4 (0x34202573) csrrs x10, mcause, x0                   spcl_M2mmode_test+0
CSR mcause (0x342) -> 0x000000000000000F
x10 <- 0x000000000000000F

mem[X,0x00000000800017E8] -> 0x04B7
mem[X,0x00000000800017EA] -> 0x8000
[3829] [M]: 0x00000000800017E8 (0x800004B7) lui x9, -0x80000                        spcl_M2mmode_test+4
x9 <- 0xFFFFFFFF80000000

clint mtime 0x000000000000077B (mip.MTI <- 0b1, mip.STI <- 0b0)
mem[X,0x00000000800017EC] -> 0x8493
mem[X,0x00000000800017EE] -> 0x0004
[3830] [M]: 0x00000000800017EC (0x00048493) addi x9, x9, 0x0                        spcl_M2mmode_test+8
x9 <- 0xFFFFFFFF80000000

mem[X,0x00000000800017F0] -> 0x9493
mem[X,0x00000000800017F2] -> 0x00B4
[3831] [M]: 0x00000000800017F0 (0x00B49493) slli x9, x9, 0xb                        spcl_M2mmode_test+12
x9 <- 0xFFFFFC0000000000

clint mtime 0x000000000000077C (mip.MTI <- 0b1, mip.STI <- 0b0)
mem[X,0x00000000800017F4] -> 0x8493
mem[X,0x00000000800017F6] -> 0x0004
[3832] [M]: 0x00000000800017F4 (0x00048493) addi x9, x9, 0x0                        spcl_M2mmode_test+16
x9 <- 0xFFFFFC0000000000

mem[X,0x00000000800017F8] -> 0x9493
mem[X,0x00000000800017FA] -> 0x00B4
[3833] [M]: 0x00000000800017F8 (0x00B49493) slli x9, x9, 0xb                        spcl_M2mmode_test+20
x9 <- 0xFFE0000000000000

clint mtime 0x000000000000077D (mip.MTI <- 0b1, mip.STI <- 0b0)
mem[X,0x00000000800017FC] -> 0x8493
mem[X,0x00000000800017FE] -> 0x0034
[3834] [M]: 0x00000000800017FC (0x00348493) addi x9, x9, 0x3                        spcl_M2mmode_test+24
x9 <- 0xFFE0000000000003

mem[X,0x0000000080001800] -> 0x9493
mem[X,0x0000000080001802] -> 0x00A4
[3835] [M]: 0x0000000080001800 (0x00A49493) slli x9, x9, 0xa                        spcl_M2mmode_test+28
x9 <- 0x8000000000000C00

clint mtime 0x000000000000077E (mip.MTI <- 0b1, mip.STI <- 0b0)
mem[X,0x0000000080001804] -> 0x8493
mem[X,0x0000000080001806] -> 0x3FC4
[3836] [M]: 0x0000000080001804 (0x3FC48493) addi x9, x9, 0x3fc                      spcl_M2mmode_test+32
x9 <- 0x8000000000000FFC

mem[X,0x0000000080001808] -> 0xF4B3
mem[X,0x000000008000180A] -> 0x00A4
[3837] [M]: 0x0000000080001808 (0x00A4F4B3) and x9, x9, x10                         spcl_M2mmode_test+36
x9 <- 0x000000000000000C

clint mtime 0x000000000000077F (mip.MTI <- 0b1, mip.STI <- 0b0)
mem[X,0x000000008000180C] -> 0x8493
mem[X,0x000000008000180E] -> 0xFF84
[3838] [M]: 0x000000008000180C (0xFF848493) addi x9, x9, -0x8                       spcl_M2mmode_test+40
x9 <- 0x0000000000000004

mem[X,0x0000000080001810] -> 0x9663
mem[X,0x0000000080001812] -> 0x0004
[3839] [M]: 0x0000000080001810 (0x00049663) bne x9, x0, 0xc                         spcl_M2mmode_test+44

clint mtime 0x0000000000000780 (mip.MTI <- 0b1, mip.STI <- 0b0)
mem[X,0x000000008000181C] -> 0x0393
mem[X,0x000000008000181E] -> 0x0200
[3840] [M]: 0x000000008000181C (0x02000393) addi x7, x0, 0x20                       Mtrapsig_ptr_upd+0
x7 <- 0x0000000000000020

mem[X,0x0000000080001820] -> 0x5263
mem[X,0x0000000080001822] -> 0x0405
[3841] [M]: 0x0000000080001820 (0x04055263) bge x10, x0, 0x44                       Mtrapsig_ptr_upd+4

clint mtime 0x0000000000000781 (mip.MTI <- 0b1, mip.STI <- 0b0)
mem[X,0x0000000080001864] -> 0x2373
mem[X,0x0000000080001866] -> 0x3010
[3842] [M]: 0x0000000080001864 (0x30102373) csrrs x6, misa, x0                      Mxcpt_sig_sv+0
CSR misa (0x301) -> 0x800000000034112F
x6 <- 0x800000000034112F

mem[X,0x0000000080001868] -> 0x1313
mem[X,0x000000008000186A] -> 0x0383
[3843] [M]: 0x0000000080001868 (0x03831313) slli x6, x6, 0x38                       Mxcpt_sig_sv+4
x6 <- 0x2F00000000000000

clint mtime 0x0000000000000782 (mip.MTI <- 0b1, mip.STI <- 0b0)
mem[X,0x000000008000186C] -> 0x5463
mem[X,0x000000008000186E] -> 0x0003
[3844] [M]: 0x000000008000186C (0x00035463) bge x6, x0, 0x8                         Mxcpt_sig_sv+8

mem[X,0x0000000080001874] -> 0x3303
mem[X,0x0000000080001876] -> 0x2181
[3845] [M]: 0x0000000080001874 (0x21813303) ld x6, 0x218(x2)                        Mtrap_sig_sv+0
mem[R,0x0000000080004218] -> 0x00000000800087B8
x6 <- 0x00000000800087B8

clint mtime 0x0000000000000783 (mip.MTI <- 0b1, mip.STI <- 0b0)
mem[X,0x0000000080001878] -> 0x04B3
mem[X,0x000000008000187A] -> 0x0073
[3846] [M]: 0x0000000080001878 (0x007304B3) add x9, x6, x7                          Mtrap_sig_sv+4
x9 <- 0x00000000800087D8

mem[X,0x000000008000187C] -> 0x3C23
mem[X,0x000000008000187E] -> 0x2091
[3847] [M]: 0x000000008000187C (0x20913C23) sd x9, 0x218(x2)                        Mtrap_sig_sv+8
mem[W,0x0000000080004218] <- 0x00000000800087D8

clint mtime 0x0000000000000784 (mip.MTI <- 0b1, mip.STI <- 0b0)
mem[X,0x0000000080001880] -> 0x3403
mem[X,0x0000000080001882] -> 0x1F81
[3848] [M]: 0x0000000080001880 (0x1F813403) ld x8, 0x1f8(x2)                        Mtrap_sig_sv+12
mem[R,0x00000000800041F8] -> 0x0000000080008110
x8 <- 0x0000000080008110

mem[X,0x0000000080001884] -> 0x0333
mem[X,0x0000000080001886] -> 0x4083
[3849] [M]: 0x0000000080001884 (0x40830333) sub x6, x6, x8                          Mtrap_sig_sv+16
x6 <- 0x00000000000006A8

clint mtime 0x0000000000000785 (mip.MTI <- 0b1, mip.STI <- 0b0)
mem[X,0x0000000080001888] -> 0x3403
mem[X,0x000000008000188A] -> 0x1F81
[3850] [M]: 0x0000000080001888 (0x1F813403) ld x8, 0x1f8(x2)                        Mtrap_sig_sv+20
mem[R,0x00000000800041F8] -> 0x0000000080008110
x8 <- 0x0000000080008110

mem[X,0x000000008000188C] -> 0x0333
mem[X,0x000000008000188E] -> 0x0083
[3851] [M]: 0x000000008000188C (0x00830333) add x6, x6, x8                          Mtrap_sig_sv+24
x6 <- 0x00000000800087B8

clint mtime 0x0000000000000786 (mip.MTI <- 0b1, mip.STI <- 0b0)
mem[X,0x0000000080001890] -> 0x3403
mem[X,0x0000000080001892] -> 0x2401
[3852] [M]: 0x0000000080001890 (0x24013403) ld x8, 0x240(x2)                        Mtrap_sig_sv+28
mem[R,0x0000000080004240] -> 0x0000000080001600
x8 <- 0x0000000080001600

mem[X,0x0000000080001894] -> 0x85B3
mem[X,0x0000000080001896] -> 0x4085
[3853] [M]: 0x0000000080001894 (0x408585B3) sub x11, x11, x8                        sv_Mvect+0
x11 <- 0x000000000000010C

clint mtime 0x0000000000000787 (mip.MTI <- 0b1, mip.STI <- 0b0)
mem[X,0x0000000080001898] -> 0x9593
mem[X,0x000000008000189A] -> 0x0045
[3854] [M]: 0x0000000080001898 (0x00459593) slli x11, x11, 0x4                      sv_Mvect+4
x11 <- 0x00000000000010C0

mem[X,0x000000008000189C] -> 0xE5B3
mem[X,0x000000008000189E] -> 0x0075
[3855] [M]: 0x000000008000189C (0x0075E5B3) or x11, x11, x7                         sv_Mvect+8
x11 <- 0x00000000000010E0

clint mtime 0x0000000000000788 (mip.MTI <- 0b1, mip.STI <- 0b0)
mem[X,0x00000000800018A0] -> 0x8593
mem[X,0x00000000800018A2] -> 0x0035
[3856] [M]: 0x00000000800018A0 (0x00358593) addi x11, x11, 0x3                      sv_Mvect+12
x11 <- 0x00000000000010E3

mem[X,0x00000000800018A4] -> 0x3023
mem[X,0x00000000800018A6] -> 0x00B3
[3857] [M]: 0x00000000800018A4 (0x00B33023) sd x11, 0x0(x6)                         sv_Mvect+16
mem[W,0x00000000800087B8] <- 0x00000000000010E3

clint mtime 0x0000000000000789 (mip.MTI <- 0b1, mip.STI <- 0b0)
mem[X,0x00000000800018A8] -> 0x3423
mem[X,0x00000000800018AA] -> 0x00A3
[3858] [M]: 0x00000000800018A8 (0x00A33423) sd x10, 0x8(x6)                         sv_Mcause+0
mem[W,0x00000000800087C0] <- 0x000000000000000F

mem[X,0x00000000800018AC] -> 0x4663
mem[X,0x00000000800018AE] -> 0x1A05
[3859] [M]: 0x00000000800018AC (0x1A054663) blt x10, x0, 0x1ac                      sv_Mcause+4

clint mtime 0x000000000000078A (mip.MTI <- 0b1, mip.STI <- 0b0)
mem[X,0x00000000800018B0] -> 0x25F3
mem[X,0x00000000800018B2] -> 0x3000
[3860] [M]: 0x00000000800018B0 (0x300025F3) csrrs x11, mstatus, x0                  common_Mexcpt_handler+0
CSR mstatus (0x300) -> 0x0000000A00000800
x11 <- 0x0000000A00000800

mem[X,0x00000000800018B4] -> 0x9413
mem[X,0x00000000800018B6] -> 0x02E5
[3861] [M]: 0x00000000800018B4 (0x02E59413) slli x8, x11, 0x2e                      common_Mexcpt_handler+4
x8 <- 0x0200000000000000

clint mtime 0x000000000000078B (mip.MTI <- 0b1, mip.STI <- 0b0)
mem[X,0x00000000800018B8] -> 0x5463
mem[X,0x00000000800018BA] -> 0x0004
[3862] [M]: 0x00000000800018B8 (0x00045463) bge x8, x0, 0x8                         common_Mexcpt_handler+8

mem[X,0x00000000800018C0] -> 0xD493
mem[X,0x00000000800018C2] -> 0x00B5
[3863] [M]: 0x00000000800018C0 (0x00B5D493) srli x9, x11, 0xb                       common_Mexcpt_handler+16
x9 <- 0x0000000001400001

clint mtime 0x000000000000078C (mip.MTI <- 0b1, mip.STI <- 0b0)
mem[X,0x00000000800018C4] -> 0xF493
mem[X,0x00000000800018C6] -> 0x0034
[3864] [M]: 0x00000000800018C4 (0x0034F493) andi x9, x9, 0x3                        common_Mexcpt_handler+20
x9 <- 0x0000000000000001

mem[X,0x00000000800018C8] -> 0x8493
mem[X,0x00000000800018CA] -> 0x0014
[3865] [M]: 0x00000000800018C8 (0x00148493) addi x9, x9, 0x1                        common_Mexcpt_handler+24
x9 <- 0x0000000000000002

clint mtime 0x000000000000078D (mip.MTI <- 0b1, mip.STI <- 0b0)
mem[X,0x00000000800018CC] -> 0xF493
mem[X,0x00000000800018CE] -> 0x0044
[3866] [M]: 0x00000000800018CC (0x0044F493) andi x9, x9, 0x4                        common_Mexcpt_handler+28
x9 <- 0x0000000000000000

mem[X,0x00000000800018D0] -> 0x0593
mem[X,0x00000000800018D2] -> 0x05D0
[3867] [M]: 0x00000000800018D0 (0x05D00593) addi x11, x0, 0x5d                      common_Mexcpt_handler+32
x11 <- 0x000000000000005D

clint mtime 0x000000000000078E (mip.MTI <- 0b1, mip.STI <- 0b0)
mem[X,0x00000000800018D4] -> 0xD5B3
mem[X,0x00000000800018D6] -> 0x0095
[3868] [M]: 0x00000000800018D4 (0x0095D5B3) srl x11, x11, x9                        common_Mexcpt_handler+36
x11 <- 0x000000000000005D

mem[X,0x00000000800018D8] -> 0xF593
mem[X,0x00000000800018DA] -> 0x0015
[3869] [M]: 0x00000000800018D8 (0x0015F593) andi x11, x11, 0x1                      common_Mexcpt_handler+40
x11 <- 0x0000000000000001

clint mtime 0x000000000000078F (mip.MTI <- 0b1, mip.STI <- 0b0)
mem[X,0x00000000800018DC] -> 0x8EE3
mem[X,0x00000000800018DE] -> 0xF405
[3870] [M]: 0x00000000800018DC (0xF4058EE3) beq x11, x0, -0xa4                      common_Mexcpt_handler+44

mem[X,0x00000000800018E0] -> 0x0593
mem[X,0x00000000800018E2] -> 0x2980
[3871] [M]: 0x00000000800018E0 (0x29800593) addi x11, x0, 0x298                     common_Mexcpt_handler+48
x11 <- 0x0000000000000298

clint mtime 0x0000000000000790 (mip.MTI <- 0b1, mip.STI <- 0b0)
mem[X,0x00000000800018E4] -> 0xF413
mem[X,0x00000000800018E6] -> 0x0014
[3872] [M]: 0x00000000800018E4 (0x0014F413) andi x8, x9, 0x1                        common_Mexcpt_handler+52
x8 <- 0x0000000000000000

mem[X,0x00000000800018E8] -> 0x95B3
mem[X,0x00000000800018EA] -> 0x0085
[3873] [M]: 0x00000000800018E8 (0x008595B3) sll x11, x11, x8                        common_Mexcpt_handler+56
x11 <- 0x0000000000000298

clint mtime 0x0000000000000791 (mip.MTI <- 0b1, mip.STI <- 0b0)
mem[X,0x00000000800018EC] -> 0x9413
mem[X,0x00000000800018EE] -> 0x03D4
[3874] [M]: 0x00000000800018EC (0x03D49413) slli x8, x9, 0x3d                       common_Mexcpt_handler+60
x8 <- 0x0000000000000000

mem[X,0x00000000800018F0] -> 0x5413
mem[X,0x00000000800018F2] -> 0x43F4
[3875] [M]: 0x00000000800018F0 (0x43F45413) srai x8, x8, 0x3f                       common_Mexcpt_handler+64
x8 <- 0x0000000000000000

clint mtime 0x0000000000000792 (mip.MTI <- 0b1, mip.STI <- 0b0)
mem[X,0x00000000800018F4] -> 0x4413
mem[X,0x00000000800018F6] -> 0xFFF4
[3876] [M]: 0x00000000800018F4 (0xFFF44413) xori x8, x8, -0x1                       common_Mexcpt_handler+68
x8 <- 0xFFFFFFFFFFFFFFFF

mem[X,0x00000000800018F8] -> 0xF4B3
mem[X,0x00000000800018FA] -> 0x0085
[3877] [M]: 0x00000000800018F8 (0x0085F4B3) and x9, x11, x8                         common_Mexcpt_handler+72
x9 <- 0x0000000000000298

clint mtime 0x0000000000000793 (mip.MTI <- 0b1, mip.STI <- 0b0)
mem[X,0x00000000800018FC] -> 0x84B3
mem[X,0x00000000800018FE] -> 0x0024
[3878] [M]: 0x00000000800018FC (0x002484B3) add x9, x9, x2                          vmem_adj_Mepc+0
x9 <- 0x0000000080004298

mem[X,0x0000000080001900] -> 0x23F3
mem[X,0x0000000080001902] -> 0x3410
[3879] [M]: 0x0000000080001900 (0x341023F3) csrrs x7, mepc, x0                      vmem_adj_Mepc+4
CSR mepc (0x341) -> 0x000000018000147C
x7 <- 0x000000018000147C

clint mtime 0x0000000000000794 (mip.MTI <- 0b1, mip.STI <- 0b0)
mem[X,0x0000000080001904] -> 0x0413
mem[X,0x0000000080001906] -> 0x0004
[3880] [M]: 0x0000000080001904 (0x00040413) addi x8, x8, 0x0                        vmem_adj_Mepc+8
x8 <- 0xFFFFFFFFFFFFFFFF

mem[X,0x0000000080001908] -> 0x006F
mem[X,0x000000008000190A] -> 0x0400
[3881] [M]: 0x0000000080001908 (0x0400006F) jal x0, 0x40                            vmem_adj_Mepc+12

clint mtime 0x0000000000000795 (mip.MTI <- 0b1, mip.STI <- 0b0)
mem[X,0x0000000080001948] -> 0x8433
mem[X,0x000000008000194A] -> 0x4083
[3882] [M]: 0x0000000080001948 (0x40838433) sub x8, x7, x8                          adj_Mepc+0
x8 <- 0x000000018000147D

mem[X,0x000000008000194C] -> 0x3823
mem[X,0x000000008000194E] -> 0x0083
[3883] [M]: 0x000000008000194C (0x00833823) sd x8, 0x10(x6)                         sv_Mepc+0
mem[W,0x00000000800087C8] <- 0x000000018000147D

clint mtime 0x0000000000000796 (mip.MTI <- 0b1, mip.STI <- 0b0)
mem[X,0x0000000080001950] -> 0x55B7
mem[X,0x0000000080001952] -> 0x0000
[3884] [M]: 0x0000000080001950 (0x000055B7) lui x11, 0x5                            sv_Mepc+4
x11 <- 0x0000000000005000

mem[X,0x0000000080001954] -> 0x8593
mem[X,0x0000000080001956] -> 0x6675
[3885] [M]: 0x0000000080001954 (0x66758593) addi x11, x11, 0x667                    sv_Mepc+8
x11 <- 0x0000000000005667

clint mtime 0x0000000000000797 (mip.MTI <- 0b1, mip.STI <- 0b0)
mem[X,0x0000000080001958] -> 0x9593
mem[X,0x000000008000195A] -> 0x0015
[3886] [M]: 0x0000000080001958 (0x00159593) slli x11, x11, 0x1                      sv_Mepc+12
x11 <- 0x000000000000ACCE

mem[X,0x000000008000195C] -> 0x9063
mem[X,0x000000008000195E] -> 0x02B1
[3887] [M]: 0x000000008000195C (0x02B19063) bne x3, x11, 0x20                       sv_Mepc+16

clint mtime 0x0000000000000798 (mip.MTI <- 0b1, mip.STI <- 0b0)
mem[X,0x0000000080001960] -> 0x2473
mem[X,0x0000000080001962] -> 0x3420
[3888] [M]: 0x0000000080001960 (0x34202473) csrrs x8, mcause, x0                    sv_Mepc+20
CSR mcause (0x342) -> 0x000000000000000F
x8 <- 0x000000000000000F

mem[X,0x0000000080001964] -> 0x0593
mem[X,0x0000000080001966] -> 0x00C0
[3889] [M]: 0x0000000080001964 (0x00C00593) addi x11, x0, 0xc                       sv_Mepc+24
x11 <- 0x000000000000000C

clint mtime 0x0000000000000799 (mip.MTI <- 0b1, mip.STI <- 0b0)
mem[X,0x0000000080001968] -> 0x0663
mem[X,0x000000008000196A] -> 0x00B4
[3890] [M]: 0x0000000080001968 (0x00B40663) beq x8, x11, 0xc                        sv_Mepc+28

mem[X,0x000000008000196C] -> 0x0593
mem[X,0x000000008000196E] -> 0x0010
[3891] [M]: 0x000000008000196C (0x00100593) addi x11, x0, 0x1                       sv_Mepc+32
x11 <- 0x0000000000000001

clint mtime 0x000000000000079A (mip.MTI <- 0b1, mip.STI <- 0b0)
mem[X,0x0000000080001970] -> 0x1663
mem[X,0x0000000080001972] -> 0x00B4
[3892] [M]: 0x0000000080001970 (0x00B41663) bne x8, x11, 0xc                        sv_Mepc+36

mem[X,0x000000008000197C] -> 0xF593
mem[X,0x000000008000197E] -> 0xFFC3
[3893] [M]: 0x000000008000197C (0xFFC3F593) andi x11, x7, -0x4                      adj_Mepc_rtn+0
x11 <- 0x000000018000147C

clint mtime 0x000000000000079B (mip.MTI <- 0b1, mip.STI <- 0b0)
mem[X,0x0000000080001980] -> 0x8593
mem[X,0x0000000080001982] -> 0x0085
[3894] [M]: 0x0000000080001980 (0x00858593) addi x11, x11, 0x8                      adj_Mepc_rtn+4
x11 <- 0x0000000180001484

mem[X,0x0000000080001984] -> 0x9073
mem[X,0x0000000080001986] -> 0x3415
[3895] [M]: 0x0000000080001984 (0x34159073) csrrw x0, mepc, x11                     adj_Mepc_rtn+8
CSR mepc (0x341) <- 0x0000000180001484

clint mtime 0x000000000000079C (mip.MTI <- 0b1, mip.STI <- 0b0)
mem[X,0x0000000080001988] -> 0x23F3
mem[X,0x000000008000198A] -> 0x3430
[3896] [M]: 0x0000000080001988 (0x343023F3) csrrs x7, mtval, x0                     skp_adj_Mepc+0
CSR mtval (0x343) -> 0x0000000140000418
x7 <- 0x0000000140000418

mem[X,0x000000008000198C] -> 0x0413
mem[X,0x000000008000198E] -> 0x0004
[3897] [M]: 0x000000008000198C (0x00040413) addi x8, x8, 0x0                        skp_adj_Mepc+4
x8 <- 0x000000000000000F

clint mtime 0x000000000000079D (mip.MTI <- 0b1, mip.STI <- 0b0)
mem[X,0x0000000080001990] -> 0x006F
mem[X,0x0000000080001992] -> 0x0840
[3898] [M]: 0x0000000080001990 (0x0840006F) jal x0, 0x84                            skp_adj_Mepc+8

mem[X,0x0000000080001A14] -> 0x8433
mem[X,0x0000000080001A16] -> 0x4083
[3899] [M]: 0x0000000080001A14 (0x40838433) sub x8, x7, x8                          adj_Mtval+0
x8 <- 0x0000000140000409

clint mtime 0x000000000000079E (mip.MTI <- 0b1, mip.STI <- 0b0)
mem[X,0x0000000080001A18] -> 0x3C23
mem[X,0x0000000080001A1A] -> 0x0083
[3900] [M]: 0x0000000080001A18 (0x00833C23) sd x8, 0x18(x6)                         sv_Mtval+0
mem[W,0x00000000800087D0] <- 0x0000000140000409

mem[X,0x0000000080001A1C] -> 0x3483
mem[X,0x0000000080001A1E] -> 0x2181
[3901] [M]: 0x0000000080001A1C (0x21813483) ld x9, 0x218(x2)                        skp_Mtval+0
mem[R,0x0000000080004218] -> 0x00000000800087D8
x9 <- 0x00000000800087D8

clint mtime 0x000000000000079F (mip.MTI <- 0b1, mip.STI <- 0b0)
mem[X,0x0000000080001A20] -> 0x3383
mem[X,0x0000000080001A22] -> 0x1F81
[3902] [M]: 0x0000000080001A20 (0x1F813383) ld x7, 0x1f8(x2)                        skp_Mtval+4
mem[R,0x00000000800041F8] -> 0x0000000080008110
x7 <- 0x0000000080008110

mem[X,0x0000000080001A24] -> 0x3303
mem[X,0x0000000080001A26] -> 0x2001
[3903] [M]: 0x0000000080001A24 (0x20013303) ld x6, 0x200(x2)                        skp_Mtval+8
mem[R,0x0000000080004200] -> 0x0000000000000810
x6 <- 0x0000000000000810

clint mtime 0x00000000000007A0 (mip.MTI <- 0b1, mip.STI <- 0b0)
mem[X,0x0000000080001A28] -> 0x0333
mem[X,0x0000000080001A2A] -> 0x0073
[3904] [M]: 0x0000000080001A28 (0x00730333) add x6, x6, x7                          skp_Mtval+12
x6 <- 0x0000000080008920

mem[X,0x0000000080001A2C] -> 0x6AE3
mem[X,0x0000000080001A2E] -> 0xAC93
[3905] [M]: 0x0000000080001A2C (0xAC936AE3) bltu x6, x9, -0x52c                     skp_Mtval+16

clint mtime 0x00000000000007A1 (mip.MTI <- 0b1, mip.STI <- 0b0)
mem[X,0x0000000080001A30] -> 0x0393
mem[X,0x0000000080001A32] -> 0x2000
[3906] [M]: 0x0000000080001A30 (0x20000393) addi x7, x0, 0x200                      skp_Mtval+20
x7 <- 0x0000000000000200

mem[X,0x0000000080001A34] -> 0x006F
mem[X,0x0000000080001A36] -> 0x0400
[3907] [M]: 0x0000000080001A34 (0x0400006F) jal x0, 0x40                            skp_Mtval+24

clint mtime 0x00000000000007A2 (mip.MTI <- 0b1, mip.STI <- 0b0)
mem[X,0x0000000080001A74] -> 0x0417
mem[X,0x0000000080001A76] -> 0x0000
[3908] [M]: 0x0000000080001A74 (0x00000417) auipc x8, 0x0                           spcl_Mhandler+0
x8 <- 0x0000000080001A74

mem[X,0x0000000080001A78] -> 0x0413
mem[X,0x0000000080001A7A] -> 0x03C4
[3909] [M]: 0x0000000080001A78 (0x03C40413) addi x8, x8, 0x3c                       spcl_Mhandler+4
x8 <- 0x0000000080001AB0

clint mtime 0x00000000000007A3 (mip.MTI <- 0b1, mip.STI <- 0b0)
mem[X,0x0000000080001A7C] -> 0x0433
mem[X,0x0000000080001A7E] -> 0x0074
[3910] [M]: 0x0000000080001A7C (0x00740433) add x8, x8, x7                          spcl_Mhandler+8
x8 <- 0x0000000080001CB0

mem[X,0x0000000080001A80] -> 0x1393
mem[X,0x0000000080001A82] -> 0x0035
[3911] [M]: 0x0000000080001A80 (0x00351393) slli x7, x10, 0x3                       spcl_Mhandler+12
x7 <- 0x0000000000000078

clint mtime 0x00000000000007A4 (mip.MTI <- 0b1, mip.STI <- 0b0)
mem[X,0x0000000080001A84] -> 0x0433
mem[X,0x0000000080001A86] -> 0x0074
[3912] [M]: 0x0000000080001A84 (0x00740433) add x8, x8, x7                          spcl_Mhandler+16
x8 <- 0x0000000080001D28

mem[X,0x0000000080001A88] -> 0x7413
mem[X,0x0000000080001A8A] -> 0xFF84
[3913] [M]: 0x0000000080001A88 (0xFF847413) andi x8, x8, -0x8                       spcl_Mhandler+20
x8 <- 0x0000000080001D28

clint mtime 0x00000000000007A5 (mip.MTI <- 0b1, mip.STI <- 0b0)
mem[X,0x0000000080001A8C] -> 0x3403
mem[X,0x0000000080001A8E] -> 0x0004
[3914] [M]: 0x0000000080001A8C (0x00043403) ld x8, 0x0(x8)                          spcl_Mhandler+24
mem[R,0x0000000080001D28] -> 0x000000000000001F
x8 <- 0x000000000000001F

mem[X,0x0000000080001A90] -> 0x02E3
mem[X,0x0000000080001A92] -> 0xB004
[3915] [M]: 0x0000000080001A90 (0xB00402E3) beq x8, x0, -0x4fc                      spcl_Mdispatch_hndling+0

clint mtime 0x00000000000007A6 (mip.MTI <- 0b1, mip.STI <- 0b0)
mem[X,0x0000000080001A94] -> 0x1393
mem[X,0x0000000080001A96] -> 0x03F4
[3916] [M]: 0x0000000080001A94 (0x03F41393) slli x7, x8, 0x3f                       spcl_Mdispatch_hndling+4
x7 <- 0x8000000000000000

mem[X,0x0000000080001A98] -> 0xD863
mem[X,0x0000000080001A9A] -> 0x0003
[3917] [M]: 0x0000000080001A98 (0x0003D863) bge x7, x0, 0x10                        spcl_Mdispatch_hndling+8

clint mtime 0x00000000000007A7 (mip.MTI <- 0b1, mip.STI <- 0b0)
mem[X,0x0000000080001A9C] -> 0x5413
mem[X,0x0000000080001A9E] -> 0x0014
[3918] [M]: 0x0000000080001A9C (0x00145413) srli x8, x8, 0x1                        spcl_Mdispatch_hndling+12
x8 <- 0x000000000000000F

mem[X,0x0000000080001AA0] -> 0x0CE3
mem[X,0x0000000080001AA2] -> 0xF885
[3919] [M]: 0x0000000080001AA0 (0xF8850CE3) beq x10, x8, -0x68                      spcl_Mdispatch_hndling+16

clint mtime 0x00000000000007A8 (mip.MTI <- 0b1, mip.STI <- 0b0)
mem[X,0x0000000080001A38] -> 0x3303
mem[X,0x0000000080001A3A] -> 0x2601
[3920] [M]: 0x0000000080001A38 (0x26013303) ld x6, 0x260(x2)                        resto_Mrtn+0
mem[R,0x0000000080004260] -> 0xFFFFFFFF7FFFED6C
x6 <- 0xFFFFFFFF7FFFED6C

mem[X,0x0000000080001A3C] -> 0x3383
mem[X,0x0000000080001A3E] -> 0x2681
[3921] [M]: 0x0000000080001A3C (0x26813383) ld x7, 0x268(x2)                        resto_Mrtn+4
mem[R,0x0000000080004268] -> 0x0000000080004000
x7 <- 0x0000000080004000

clint mtime 0x00000000000007A9 (mip.MTI <- 0b1, mip.STI <- 0b0)
mem[X,0x0000000080001A40] -> 0x3403
mem[X,0x0000000080001A42] -> 0x2701
[3922] [M]: 0x0000000080001A40 (0x27013403) ld x8, 0x270(x2)                        resto_Mrtn+8
mem[R,0x0000000080004270] -> 0x0000000000007F76
x8 <- 0x0000000000007F76

mem[X,0x0000000080001A44] -> 0x3483
mem[X,0x0000000080001A46] -> 0x2781
[3923] [M]: 0x0000000080001A44 (0x27813483) ld x9, 0x278(x2)                        resto_Mrtn+12
mem[R,0x0000000080004278] -> 0x00000001000001C8
x9 <- 0x00000001000001C8

clint mtime 0x00000000000007AA (mip.MTI <- 0b1, mip.STI <- 0b0)
mem[X,0x0000000080001A48] -> 0x3503
mem[X,0x0000000080001A4A] -> 0x2801
[3924] [M]: 0x0000000080001A48 (0x28013503) ld x10, 0x280(x2)                       resto_Mrtn+16
mem[R,0x0000000080004280] -> 0x00000000200000C5
x10 <- 0x00000000200000C5

mem[X,0x0000000080001A4C] -> 0x3583
mem[X,0x0000000080001A4E] -> 0x2881
[3925] [M]: 0x0000000080001A4C (0x28813583) ld x11, 0x288(x2)                       resto_Mrtn+20
mem[R,0x0000000080004288] -> 0x00000000000000C5
x11 <- 0x00000000000000C5

clint mtime 0x00000000000007AB (mip.MTI <- 0b1, mip.STI <- 0b0)
mem[X,0x0000000080001A50] -> 0x3103
mem[X,0x0000000080001A52] -> 0x2901
[3926] [M]: 0x0000000080001A50 (0x29013103) ld x2, 0x290(x2)                        resto_Mrtn+24
mem[R,0x0000000080004290] -> 0x0000000000000000
x2 <- 0x0000000000000000

mem[X,0x0000000080001A54] -> 0x0073
mem[X,0x0000000080001A56] -> 0x3020
[3927] [M]: 0x0000000080001A54 (0x30200073) mret                                    resto_Mrtn+28
CSR mstatus (0x300) <- 0x0000000A00000080
ret-ing from M to S

clint mtime 0x00000000000007AC (mip.MTI <- 0b1, mip.STI <- 0b0)
PTW: Start, vpn=0x180001, access_type=X, privilege=Smem[R,0x0000000080007030] -> 0x00000000200000CB
PTW: Step, level=2, pte=0x200000CB, pte_addr=0x80007030
PTW: Success, final_ppn=0x80001, level=2mem[X,0x0000000080001484] -> 0xA703
PTW: Start, vpn=0x180001, access_type=X, privilege=Smem[R,0x0000000080007030] -> 0x00000000200000CB
PTW: Step, level=2, pte=0x200000CB, pte_addr=0x80007030
PTW: Success, final_ppn=0x80001, level=2mem[X,0x0000000080001486] -> 0x0147
[3928] [S]: 0x0000000180001484 (0x0147A703) lw x14, 0x14(x15)                       va_rvtest_code_begin+3240
PTW: Start, vpn=0x140000, access_type=R, privilege=Smem[R,0x0000000080007028] -> 0x0000000020001801
PTW: Step, level=2, pte=0x20001801, pte_addr=0x80007028
PTW: Start, vpn=0x140000, access_type=R, privilege=Smem[R,0x0000000080006000] -> 0x0000000020001401
PTW: Step, level=1, pte=0x20001401, pte_addr=0x80006000
PTW: Start, vpn=0x140000, access_type=R, privilege=Smem[R,0x0000000080005000] -> 0x00000000200000C5
PTW: Step, level=0, pte=0x200000C5, pte_addr=0x80005000
PTW: failed, error=invalid-pte, level=0, pte_addr=0x80005000
trapping from S to M to handle load-page-fault
handling exc#load-page-fault at priv M with tval 0x0000000140000418
CSR mstatus (0x300) <- 0x0000000A00000800
CSR mcause (0x342) <- 0x000000000000000D
CSR mtval (0x343) <- 0x0000000140000418
CSR mepc (0x341) <- 0x0000000180001484

mem[X,0x0000000080001600] -> 0x006F
mem[X,0x0000000080001602] -> 0x1000
[3929] [M]: 0x0000000080001600 (0x1000006F) jal x0, 0x100                           Mtrampoline+0

clint mtime 0x00000000000007AD (mip.MTI <- 0b1, mip.STI <- 0b0)
mem[X,0x0000000080001700] -> 0x1173
mem[X,0x0000000080001702] -> 0x3401
[3930] [M]: 0x0000000080001700 (0x34011173) csrrw x2, mscratch, x2                  trap_Mhandler+0
CSR mscratch (0x340) <- 0x0000000000000000
x2 <- 0x0000000080004000

mem[X,0x0000000080001704] -> 0x3423
mem[X,0x0000000080001706] -> 0x28B1
[3931] [M]: 0x0000000080001704 (0x28B13423) sd x11, 0x288(x2)                       trap_Mhandler+4
mem[W,0x0000000080004288] <- 0x00000000000000C5

clint mtime 0x00000000000007AE (mip.MTI <- 0b1, mip.STI <- 0b0)
mem[X,0x0000000080001708] -> 0x05EF
mem[X,0x000000008000170A] -> 0x0B80
[3932] [M]: 0x0000000080001708 (0x0B8005EF) jal x11, 0xb8                           trap_Mhandler+8
x11 <- 0x000000008000170C

mem[X,0x00000000800017C0] -> 0x3023
mem[X,0x00000000800017C2] -> 0x28A1
[3933] [M]: 0x00000000800017C0 (0x28A13023) sd x10, 0x280(x2)                       common_Mhandler+0
mem[W,0x0000000080004280] <- 0x00000000200000C5

clint mtime 0x00000000000007AF (mip.MTI <- 0b1, mip.STI <- 0b0)
mem[X,0x00000000800017C4] -> 0x1573
mem[X,0x00000000800017C6] -> 0x3401
[3934] [M]: 0x00000000800017C4 (0x34011573) csrrw x10, mscratch, x2                 common_Mhandler+4
CSR mscratch (0x340) <- 0x0000000080004000
x10 <- 0x0000000000000000

mem[X,0x00000000800017C8] -> 0x3823
mem[X,0x00000000800017CA] -> 0x28A1
[3935] [M]: 0x00000000800017C8 (0x28A13823) sd x10, 0x290(x2)                       common_Mhandler+8
mem[W,0x0000000080004290] <- 0x0000000000000000

clint mtime 0x00000000000007B0 (mip.MTI <- 0b1, mip.STI <- 0b0)
mem[X,0x00000000800017CC] -> 0x3503
mem[X,0x00000000800017CE] -> 0x2301
[3936] [M]: 0x00000000800017CC (0x23013503) ld x10, 0x230(x2)                       common_Mhandler+12
mem[R,0x0000000080004230] -> 0x00000000800017D4
x10 <- 0x00000000800017D4

mem[X,0x00000000800017D0] -> 0x0067
mem[X,0x00000000800017D2] -> 0x0005
[3937] [M]: 0x00000000800017D0 (0x00050067) jalr x0, 0x0(x10)                       common_Mhandler+16

clint mtime 0x00000000000007B1 (mip.MTI <- 0b1, mip.STI <- 0b0)
mem[X,0x00000000800017D4] -> 0x3C23
mem[X,0x00000000800017D6] -> 0x2691
[3938] [M]: 0x00000000800017D4 (0x26913C23) sd x9, 0x278(x2)                        common_Mentry+0
mem[W,0x0000000080004278] <- 0x00000001000001C8

mem[X,0x00000000800017D8] -> 0x3823
mem[X,0x00000000800017DA] -> 0x2681
[3939] [M]: 0x00000000800017D8 (0x26813823) sd x8, 0x270(x2)                        common_Mentry+4
mem[W,0x0000000080004270] <- 0x0000000000007F76

clint mtime 0x00000000000007B2 (mip.MTI <- 0b1, mip.STI <- 0b0)
mem[X,0x00000000800017DC] -> 0x3423
mem[X,0x00000000800017DE] -> 0x2671
[3940] [M]: 0x00000000800017DC (0x26713423) sd x7, 0x268(x2)                        common_Mentry+8
mem[W,0x0000000080004268] <- 0x0000000080004000

mem[X,0x00000000800017E0] -> 0x3023
mem[X,0x00000000800017E2] -> 0x2661
[3941] [M]: 0x00000000800017E0 (0x26613023) sd x6, 0x260(x2)                        common_Mentry+12
mem[W,0x0000000080004260] <- 0xFFFFFFFF7FFFED6C

clint mtime 0x00000000000007B3 (mip.MTI <- 0b1, mip.STI <- 0b0)
mem[X,0x00000000800017E4] -> 0x2573
mem[X,0x00000000800017E6] -> 0x3420
[3942] [M]: 0x00000000800017E4 (0x34202573) csrrs x10, mcause, x0                   spcl_M2mmode_test+0
CSR mcause (0x342) -> 0x000000000000000D
x10 <- 0x000000000000000D

mem[X,0x00000000800017E8] -> 0x04B7
mem[X,0x00000000800017EA] -> 0x8000
[3943] [M]: 0x00000000800017E8 (0x800004B7) lui x9, -0x80000                        spcl_M2mmode_test+4
x9 <- 0xFFFFFFFF80000000

clint mtime 0x00000000000007B4 (mip.MTI <- 0b1, mip.STI <- 0b0)
mem[X,0x00000000800017EC] -> 0x8493
mem[X,0x00000000800017EE] -> 0x0004
[3944] [M]: 0x00000000800017EC (0x00048493) addi x9, x9, 0x0                        spcl_M2mmode_test+8
x9 <- 0xFFFFFFFF80000000

mem[X,0x00000000800017F0] -> 0x9493
mem[X,0x00000000800017F2] -> 0x00B4
[3945] [M]: 0x00000000800017F0 (0x00B49493) slli x9, x9, 0xb                        spcl_M2mmode_test+12
x9 <- 0xFFFFFC0000000000

clint mtime 0x00000000000007B5 (mip.MTI <- 0b1, mip.STI <- 0b0)
mem[X,0x00000000800017F4] -> 0x8493
mem[X,0x00000000800017F6] -> 0x0004
[3946] [M]: 0x00000000800017F4 (0x00048493) addi x9, x9, 0x0                        spcl_M2mmode_test+16
x9 <- 0xFFFFFC0000000000

mem[X,0x00000000800017F8] -> 0x9493
mem[X,0x00000000800017FA] -> 0x00B4
[3947] [M]: 0x00000000800017F8 (0x00B49493) slli x9, x9, 0xb                        spcl_M2mmode_test+20
x9 <- 0xFFE0000000000000

clint mtime 0x00000000000007B6 (mip.MTI <- 0b1, mip.STI <- 0b0)
mem[X,0x00000000800017FC] -> 0x8493
mem[X,0x00000000800017FE] -> 0x0034
[3948] [M]: 0x00000000800017FC (0x00348493) addi x9, x9, 0x3                        spcl_M2mmode_test+24
x9 <- 0xFFE0000000000003

mem[X,0x0000000080001800] -> 0x9493
mem[X,0x0000000080001802] -> 0x00A4
[3949] [M]: 0x0000000080001800 (0x00A49493) slli x9, x9, 0xa                        spcl_M2mmode_test+28
x9 <- 0x8000000000000C00

clint mtime 0x00000000000007B7 (mip.MTI <- 0b1, mip.STI <- 0b0)
mem[X,0x0000000080001804] -> 0x8493
mem[X,0x0000000080001806] -> 0x3FC4
[3950] [M]: 0x0000000080001804 (0x3FC48493) addi x9, x9, 0x3fc                      spcl_M2mmode_test+32
x9 <- 0x8000000000000FFC

mem[X,0x0000000080001808] -> 0xF4B3
mem[X,0x000000008000180A] -> 0x00A4
[3951] [M]: 0x0000000080001808 (0x00A4F4B3) and x9, x9, x10                         spcl_M2mmode_test+36
x9 <- 0x000000000000000C

clint mtime 0x00000000000007B8 (mip.MTI <- 0b1, mip.STI <- 0b0)
mem[X,0x000000008000180C] -> 0x8493
mem[X,0x000000008000180E] -> 0xFF84
[3952] [M]: 0x000000008000180C (0xFF848493) addi x9, x9, -0x8                       spcl_M2mmode_test+40
x9 <- 0x0000000000000004

mem[X,0x0000000080001810] -> 0x9663
mem[X,0x0000000080001812] -> 0x0004
[3953] [M]: 0x0000000080001810 (0x00049663) bne x9, x0, 0xc                         spcl_M2mmode_test+44

clint mtime 0x00000000000007B9 (mip.MTI <- 0b1, mip.STI <- 0b0)
mem[X,0x000000008000181C] -> 0x0393
mem[X,0x000000008000181E] -> 0x0200
[3954] [M]: 0x000000008000181C (0x02000393) addi x7, x0, 0x20                       Mtrapsig_ptr_upd+0
x7 <- 0x0000000000000020

mem[X,0x0000000080001820] -> 0x5263
mem[X,0x0000000080001822] -> 0x0405
[3955] [M]: 0x0000000080001820 (0x04055263) bge x10, x0, 0x44                       Mtrapsig_ptr_upd+4

clint mtime 0x00000000000007BA (mip.MTI <- 0b1, mip.STI <- 0b0)
mem[X,0x0000000080001864] -> 0x2373
mem[X,0x0000000080001866] -> 0x3010
[3956] [M]: 0x0000000080001864 (0x30102373) csrrs x6, misa, x0                      Mxcpt_sig_sv+0
CSR misa (0x301) -> 0x800000000034112F
x6 <- 0x800000000034112F

mem[X,0x0000000080001868] -> 0x1313
mem[X,0x000000008000186A] -> 0x0383
[3957] [M]: 0x0000000080001868 (0x03831313) slli x6, x6, 0x38                       Mxcpt_sig_sv+4
x6 <- 0x2F00000000000000

clint mtime 0x00000000000007BB (mip.MTI <- 0b1, mip.STI <- 0b0)
mem[X,0x000000008000186C] -> 0x5463
mem[X,0x000000008000186E] -> 0x0003
[3958] [M]: 0x000000008000186C (0x00035463) bge x6, x0, 0x8                         Mxcpt_sig_sv+8

mem[X,0x0000000080001874] -> 0x3303
mem[X,0x0000000080001876] -> 0x2181
[3959] [M]: 0x0000000080001874 (0x21813303) ld x6, 0x218(x2)                        Mtrap_sig_sv+0
mem[R,0x0000000080004218] -> 0x00000000800087D8
x6 <- 0x00000000800087D8

clint mtime 0x00000000000007BC (mip.MTI <- 0b1, mip.STI <- 0b0)
mem[X,0x0000000080001878] -> 0x04B3
mem[X,0x000000008000187A] -> 0x0073
[3960] [M]: 0x0000000080001878 (0x007304B3) add x9, x6, x7                          Mtrap_sig_sv+4
x9 <- 0x00000000800087F8

mem[X,0x000000008000187C] -> 0x3C23
mem[X,0x000000008000187E] -> 0x2091
[3961] [M]: 0x000000008000187C (0x20913C23) sd x9, 0x218(x2)                        Mtrap_sig_sv+8
mem[W,0x0000000080004218] <- 0x00000000800087F8

clint mtime 0x00000000000007BD (mip.MTI <- 0b1, mip.STI <- 0b0)
mem[X,0x0000000080001880] -> 0x3403
mem[X,0x0000000080001882] -> 0x1F81
[3962] [M]: 0x0000000080001880 (0x1F813403) ld x8, 0x1f8(x2)                        Mtrap_sig_sv+12
mem[R,0x00000000800041F8] -> 0x0000000080008110
x8 <- 0x0000000080008110

mem[X,0x0000000080001884] -> 0x0333
mem[X,0x0000000080001886] -> 0x4083
[3963] [M]: 0x0000000080001884 (0x40830333) sub x6, x6, x8                          Mtrap_sig_sv+16
x6 <- 0x00000000000006C8

clint mtime 0x00000000000007BE (mip.MTI <- 0b1, mip.STI <- 0b0)
mem[X,0x0000000080001888] -> 0x3403
mem[X,0x000000008000188A] -> 0x1F81
[3964] [M]: 0x0000000080001888 (0x1F813403) ld x8, 0x1f8(x2)                        Mtrap_sig_sv+20
mem[R,0x00000000800041F8] -> 0x0000000080008110
x8 <- 0x0000000080008110

mem[X,0x000000008000188C] -> 0x0333
mem[X,0x000000008000188E] -> 0x0083
[3965] [M]: 0x000000008000188C (0x00830333) add x6, x6, x8                          Mtrap_sig_sv+24
x6 <- 0x00000000800087D8

clint mtime 0x00000000000007BF (mip.MTI <- 0b1, mip.STI <- 0b0)
mem[X,0x0000000080001890] -> 0x3403
mem[X,0x0000000080001892] -> 0x2401
[3966] [M]: 0x0000000080001890 (0x24013403) ld x8, 0x240(x2)                        Mtrap_sig_sv+28
mem[R,0x0000000080004240] -> 0x0000000080001600
x8 <- 0x0000000080001600

mem[X,0x0000000080001894] -> 0x85B3
mem[X,0x0000000080001896] -> 0x4085
[3967] [M]: 0x0000000080001894 (0x408585B3) sub x11, x11, x8                        sv_Mvect+0
x11 <- 0x000000000000010C

clint mtime 0x00000000000007C0 (mip.MTI <- 0b1, mip.STI <- 0b0)
mem[X,0x0000000080001898] -> 0x9593
mem[X,0x000000008000189A] -> 0x0045
[3968] [M]: 0x0000000080001898 (0x00459593) slli x11, x11, 0x4                      sv_Mvect+4
x11 <- 0x00000000000010C0

mem[X,0x000000008000189C] -> 0xE5B3
mem[X,0x000000008000189E] -> 0x0075
[3969] [M]: 0x000000008000189C (0x0075E5B3) or x11, x11, x7                         sv_Mvect+8
x11 <- 0x00000000000010E0

clint mtime 0x00000000000007C1 (mip.MTI <- 0b1, mip.STI <- 0b0)
mem[X,0x00000000800018A0] -> 0x8593
mem[X,0x00000000800018A2] -> 0x0035
[3970] [M]: 0x00000000800018A0 (0x00358593) addi x11, x11, 0x3                      sv_Mvect+12
x11 <- 0x00000000000010E3

mem[X,0x00000000800018A4] -> 0x3023
mem[X,0x00000000800018A6] -> 0x00B3
[3971] [M]: 0x00000000800018A4 (0x00B33023) sd x11, 0x0(x6)                         sv_Mvect+16
mem[W,0x00000000800087D8] <- 0x00000000000010E3

clint mtime 0x00000000000007C2 (mip.MTI <- 0b1, mip.STI <- 0b0)
mem[X,0x00000000800018A8] -> 0x3423
mem[X,0x00000000800018AA] -> 0x00A3
[3972] [M]: 0x00000000800018A8 (0x00A33423) sd x10, 0x8(x6)                         sv_Mcause+0
mem[W,0x00000000800087E0] <- 0x000000000000000D

mem[X,0x00000000800018AC] -> 0x4663
mem[X,0x00000000800018AE] -> 0x1A05
[3973] [M]: 0x00000000800018AC (0x1A054663) blt x10, x0, 0x1ac                      sv_Mcause+4

clint mtime 0x00000000000007C3 (mip.MTI <- 0b1, mip.STI <- 0b0)
mem[X,0x00000000800018B0] -> 0x25F3
mem[X,0x00000000800018B2] -> 0x3000
[3974] [M]: 0x00000000800018B0 (0x300025F3) csrrs x11, mstatus, x0                  common_Mexcpt_handler+0
CSR mstatus (0x300) -> 0x0000000A00000800
x11 <- 0x0000000A00000800

mem[X,0x00000000800018B4] -> 0x9413
mem[X,0x00000000800018B6] -> 0x02E5
[3975] [M]: 0x00000000800018B4 (0x02E59413) slli x8, x11, 0x2e                      common_Mexcpt_handler+4
x8 <- 0x0200000000000000

clint mtime 0x00000000000007C4 (mip.MTI <- 0b1, mip.STI <- 0b0)
mem[X,0x00000000800018B8] -> 0x5463
mem[X,0x00000000800018BA] -> 0x0004
[3976] [M]: 0x00000000800018B8 (0x00045463) bge x8, x0, 0x8                         common_Mexcpt_handler+8

mem[X,0x00000000800018C0] -> 0xD493
mem[X,0x00000000800018C2] -> 0x00B5
[3977] [M]: 0x00000000800018C0 (0x00B5D493) srli x9, x11, 0xb                       common_Mexcpt_handler+16
x9 <- 0x0000000001400001

clint mtime 0x00000000000007C5 (mip.MTI <- 0b1, mip.STI <- 0b0)
mem[X,0x00000000800018C4] -> 0xF493
mem[X,0x00000000800018C6] -> 0x0034
[3978] [M]: 0x00000000800018C4 (0x0034F493) andi x9, x9, 0x3                        common_Mexcpt_handler+20
x9 <- 0x0000000000000001

mem[X,0x00000000800018C8] -> 0x8493
mem[X,0x00000000800018CA] -> 0x0014
[3979] [M]: 0x00000000800018C8 (0x00148493) addi x9, x9, 0x1                        common_Mexcpt_handler+24
x9 <- 0x0000000000000002

clint mtime 0x00000000000007C6 (mip.MTI <- 0b1, mip.STI <- 0b0)
mem[X,0x00000000800018CC] -> 0xF493
mem[X,0x00000000800018CE] -> 0x0044
[3980] [M]: 0x00000000800018CC (0x0044F493) andi x9, x9, 0x4                        common_Mexcpt_handler+28
x9 <- 0x0000000000000000

mem[X,0x00000000800018D0] -> 0x0593
mem[X,0x00000000800018D2] -> 0x05D0
[3981] [M]: 0x00000000800018D0 (0x05D00593) addi x11, x0, 0x5d                      common_Mexcpt_handler+32
x11 <- 0x000000000000005D

clint mtime 0x00000000000007C7 (mip.MTI <- 0b1, mip.STI <- 0b0)
mem[X,0x00000000800018D4] -> 0xD5B3
mem[X,0x00000000800018D6] -> 0x0095
[3982] [M]: 0x00000000800018D4 (0x0095D5B3) srl x11, x11, x9                        common_Mexcpt_handler+36
x11 <- 0x000000000000005D

mem[X,0x00000000800018D8] -> 0xF593
mem[X,0x00000000800018DA] -> 0x0015
[3983] [M]: 0x00000000800018D8 (0x0015F593) andi x11, x11, 0x1                      common_Mexcpt_handler+40
x11 <- 0x0000000000000001

clint mtime 0x00000000000007C8 (mip.MTI <- 0b1, mip.STI <- 0b0)
mem[X,0x00000000800018DC] -> 0x8EE3
mem[X,0x00000000800018DE] -> 0xF405
[3984] [M]: 0x00000000800018DC (0xF4058EE3) beq x11, x0, -0xa4                      common_Mexcpt_handler+44

mem[X,0x00000000800018E0] -> 0x0593
mem[X,0x00000000800018E2] -> 0x2980
[3985] [M]: 0x00000000800018E0 (0x29800593) addi x11, x0, 0x298                     common_Mexcpt_handler+48
x11 <- 0x0000000000000298

clint mtime 0x00000000000007C9 (mip.MTI <- 0b1, mip.STI <- 0b0)
mem[X,0x00000000800018E4] -> 0xF413
mem[X,0x00000000800018E6] -> 0x0014
[3986] [M]: 0x00000000800018E4 (0x0014F413) andi x8, x9, 0x1                        common_Mexcpt_handler+52
x8 <- 0x0000000000000000

mem[X,0x00000000800018E8] -> 0x95B3
mem[X,0x00000000800018EA] -> 0x0085
[3987] [M]: 0x00000000800018E8 (0x008595B3) sll x11, x11, x8                        common_Mexcpt_handler+56
x11 <- 0x0000000000000298

clint mtime 0x00000000000007CA (mip.MTI <- 0b1, mip.STI <- 0b0)
mem[X,0x00000000800018EC] -> 0x9413
mem[X,0x00000000800018EE] -> 0x03D4
[3988] [M]: 0x00000000800018EC (0x03D49413) slli x8, x9, 0x3d                       common_Mexcpt_handler+60
x8 <- 0x0000000000000000

mem[X,0x00000000800018F0] -> 0x5413
mem[X,0x00000000800018F2] -> 0x43F4
[3989] [M]: 0x00000000800018F0 (0x43F45413) srai x8, x8, 0x3f                       common_Mexcpt_handler+64
x8 <- 0x0000000000000000

clint mtime 0x00000000000007CB (mip.MTI <- 0b1, mip.STI <- 0b0)
mem[X,0x00000000800018F4] -> 0x4413
mem[X,0x00000000800018F6] -> 0xFFF4
[3990] [M]: 0x00000000800018F4 (0xFFF44413) xori x8, x8, -0x1                       common_Mexcpt_handler+68
x8 <- 0xFFFFFFFFFFFFFFFF

mem[X,0x00000000800018F8] -> 0xF4B3
mem[X,0x00000000800018FA] -> 0x0085
[3991] [M]: 0x00000000800018F8 (0x0085F4B3) and x9, x11, x8                         common_Mexcpt_handler+72
x9 <- 0x0000000000000298

clint mtime 0x00000000000007CC (mip.MTI <- 0b1, mip.STI <- 0b0)
mem[X,0x00000000800018FC] -> 0x84B3
mem[X,0x00000000800018FE] -> 0x0024
[3992] [M]: 0x00000000800018FC (0x002484B3) add x9, x9, x2                          vmem_adj_Mepc+0
x9 <- 0x0000000080004298

mem[X,0x0000000080001900] -> 0x23F3
mem[X,0x0000000080001902] -> 0x3410
[3993] [M]: 0x0000000080001900 (0x341023F3) csrrs x7, mepc, x0                      vmem_adj_Mepc+4
CSR mepc (0x341) -> 0x0000000180001484
x7 <- 0x0000000180001484

clint mtime 0x00000000000007CD (mip.MTI <- 0b1, mip.STI <- 0b0)
mem[X,0x0000000080001904] -> 0x0413
mem[X,0x0000000080001906] -> 0x0004
[3994] [M]: 0x0000000080001904 (0x00040413) addi x8, x8, 0x0                        vmem_adj_Mepc+8
x8 <- 0xFFFFFFFFFFFFFFFF

mem[X,0x0000000080001908] -> 0x006F
mem[X,0x000000008000190A] -> 0x0400
[3995] [M]: 0x0000000080001908 (0x0400006F) jal x0, 0x40                            vmem_adj_Mepc+12

clint mtime 0x00000000000007CE (mip.MTI <- 0b1, mip.STI <- 0b0)
mem[X,0x0000000080001948] -> 0x8433
mem[X,0x000000008000194A] -> 0x4083
[3996] [M]: 0x0000000080001948 (0x40838433) sub x8, x7, x8                          adj_Mepc+0
x8 <- 0x0000000180001485

mem[X,0x000000008000194C] -> 0x3823
mem[X,0x000000008000194E] -> 0x0083
[3997] [M]: 0x000000008000194C (0x00833823) sd x8, 0x10(x6)                         sv_Mepc+0
mem[W,0x00000000800087E8] <- 0x0000000180001485

clint mtime 0x00000000000007CF (mip.MTI <- 0b1, mip.STI <- 0b0)
mem[X,0x0000000080001950] -> 0x55B7
mem[X,0x0000000080001952] -> 0x0000
[3998] [M]: 0x0000000080001950 (0x000055B7) lui x11, 0x5                            sv_Mepc+4
x11 <- 0x0000000000005000

mem[X,0x0000000080001954] -> 0x8593
mem[X,0x0000000080001956] -> 0x6675
[3999] [M]: 0x0000000080001954 (0x66758593) addi x11, x11, 0x667                    sv_Mepc+8
x11 <- 0x0000000000005667

clint mtime 0x00000000000007D0 (mip.MTI <- 0b1, mip.STI <- 0b0)
mem[X,0x0000000080001958] -> 0x9593
mem[X,0x000000008000195A] -> 0x0015
[4000] [M]: 0x0000000080001958 (0x00159593) slli x11, x11, 0x1                      sv_Mepc+12
x11 <- 0x000000000000ACCE

mem[X,0x000000008000195C] -> 0x9063
mem[X,0x000000008000195E] -> 0x02B1
[4001] [M]: 0x000000008000195C (0x02B19063) bne x3, x11, 0x20                       sv_Mepc+16

clint mtime 0x00000000000007D1 (mip.MTI <- 0b1, mip.STI <- 0b0)
mem[X,0x0000000080001960] -> 0x2473
mem[X,0x0000000080001962] -> 0x3420
[4002] [M]: 0x0000000080001960 (0x34202473) csrrs x8, mcause, x0                    sv_Mepc+20
CSR mcause (0x342) -> 0x000000000000000D
x8 <- 0x000000000000000D

mem[X,0x0000000080001964] -> 0x0593
mem[X,0x0000000080001966] -> 0x00C0
[4003] [M]: 0x0000000080001964 (0x00C00593) addi x11, x0, 0xc                       sv_Mepc+24
x11 <- 0x000000000000000C

clint mtime 0x00000000000007D2 (mip.MTI <- 0b1, mip.STI <- 0b0)
mem[X,0x0000000080001968] -> 0x0663
mem[X,0x000000008000196A] -> 0x00B4
[4004] [M]: 0x0000000080001968 (0x00B40663) beq x8, x11, 0xc                        sv_Mepc+28

mem[X,0x000000008000196C] -> 0x0593
mem[X,0x000000008000196E] -> 0x0010
[4005] [M]: 0x000000008000196C (0x00100593) addi x11, x0, 0x1                       sv_Mepc+32
x11 <- 0x0000000000000001

clint mtime 0x00000000000007D3 (mip.MTI <- 0b1, mip.STI <- 0b0)
mem[X,0x0000000080001970] -> 0x1663
mem[X,0x0000000080001972] -> 0x00B4
[4006] [M]: 0x0000000080001970 (0x00B41663) bne x8, x11, 0xc                        sv_Mepc+36

mem[X,0x000000008000197C] -> 0xF593
mem[X,0x000000008000197E] -> 0xFFC3
[4007] [M]: 0x000000008000197C (0xFFC3F593) andi x11, x7, -0x4                      adj_Mepc_rtn+0
x11 <- 0x0000000180001484

clint mtime 0x00000000000007D4 (mip.MTI <- 0b1, mip.STI <- 0b0)
mem[X,0x0000000080001980] -> 0x8593
mem[X,0x0000000080001982] -> 0x0085
[4008] [M]: 0x0000000080001980 (0x00858593) addi x11, x11, 0x8                      adj_Mepc_rtn+4
x11 <- 0x000000018000148C

mem[X,0x0000000080001984] -> 0x9073
mem[X,0x0000000080001986] -> 0x3415
[4009] [M]: 0x0000000080001984 (0x34159073) csrrw x0, mepc, x11                     adj_Mepc_rtn+8
CSR mepc (0x341) <- 0x000000018000148C

clint mtime 0x00000000000007D5 (mip.MTI <- 0b1, mip.STI <- 0b0)
mem[X,0x0000000080001988] -> 0x23F3
mem[X,0x000000008000198A] -> 0x3430
[4010] [M]: 0x0000000080001988 (0x343023F3) csrrs x7, mtval, x0                     skp_adj_Mepc+0
CSR mtval (0x343) -> 0x0000000140000418
x7 <- 0x0000000140000418

mem[X,0x000000008000198C] -> 0x0413
mem[X,0x000000008000198E] -> 0x0004
[4011] [M]: 0x000000008000198C (0x00040413) addi x8, x8, 0x0                        skp_adj_Mepc+4
x8 <- 0x000000000000000D

clint mtime 0x00000000000007D6 (mip.MTI <- 0b1, mip.STI <- 0b0)
mem[X,0x0000000080001990] -> 0x006F
mem[X,0x0000000080001992] -> 0x0840
[4012] [M]: 0x0000000080001990 (0x0840006F) jal x0, 0x84                            skp_adj_Mepc+8

mem[X,0x0000000080001A14] -> 0x8433
mem[X,0x0000000080001A16] -> 0x4083
[4013] [M]: 0x0000000080001A14 (0x40838433) sub x8, x7, x8                          adj_Mtval+0
x8 <- 0x000000014000040B

clint mtime 0x00000000000007D7 (mip.MTI <- 0b1, mip.STI <- 0b0)
mem[X,0x0000000080001A18] -> 0x3C23
mem[X,0x0000000080001A1A] -> 0x0083
[4014] [M]: 0x0000000080001A18 (0x00833C23) sd x8, 0x18(x6)                         sv_Mtval+0
mem[W,0x00000000800087F0] <- 0x000000014000040B

mem[X,0x0000000080001A1C] -> 0x3483
mem[X,0x0000000080001A1E] -> 0x2181
[4015] [M]: 0x0000000080001A1C (0x21813483) ld x9, 0x218(x2)                        skp_Mtval+0
mem[R,0x0000000080004218] -> 0x00000000800087F8
x9 <- 0x00000000800087F8

clint mtime 0x00000000000007D8 (mip.MTI <- 0b1, mip.STI <- 0b0)
mem[X,0x0000000080001A20] -> 0x3383
mem[X,0x0000000080001A22] -> 0x1F81
[4016] [M]: 0x0000000080001A20 (0x1F813383) ld x7, 0x1f8(x2)                        skp_Mtval+4
mem[R,0x00000000800041F8] -> 0x0000000080008110
x7 <- 0x0000000080008110

mem[X,0x0000000080001A24] -> 0x3303
mem[X,0x0000000080001A26] -> 0x2001
[4017] [M]: 0x0000000080001A24 (0x20013303) ld x6, 0x200(x2)                        skp_Mtval+8
mem[R,0x0000000080004200] -> 0x0000000000000810
x6 <- 0x0000000000000810

clint mtime 0x00000000000007D9 (mip.MTI <- 0b1, mip.STI <- 0b0)
mem[X,0x0000000080001A28] -> 0x0333
mem[X,0x0000000080001A2A] -> 0x0073
[4018] [M]: 0x0000000080001A28 (0x00730333) add x6, x6, x7                          skp_Mtval+12
x6 <- 0x0000000080008920

mem[X,0x0000000080001A2C] -> 0x6AE3
mem[X,0x0000000080001A2E] -> 0xAC93
[4019] [M]: 0x0000000080001A2C (0xAC936AE3) bltu x6, x9, -0x52c                     skp_Mtval+16

clint mtime 0x00000000000007DA (mip.MTI <- 0b1, mip.STI <- 0b0)
mem[X,0x0000000080001A30] -> 0x0393
mem[X,0x0000000080001A32] -> 0x2000
[4020] [M]: 0x0000000080001A30 (0x20000393) addi x7, x0, 0x200                      skp_Mtval+20
x7 <- 0x0000000000000200

mem[X,0x0000000080001A34] -> 0x006F
mem[X,0x0000000080001A36] -> 0x0400
[4021] [M]: 0x0000000080001A34 (0x0400006F) jal x0, 0x40                            skp_Mtval+24

clint mtime 0x00000000000007DB (mip.MTI <- 0b1, mip.STI <- 0b0)
mem[X,0x0000000080001A74] -> 0x0417
mem[X,0x0000000080001A76] -> 0x0000
[4022] [M]: 0x0000000080001A74 (0x00000417) auipc x8, 0x0                           spcl_Mhandler+0
x8 <- 0x0000000080001A74

mem[X,0x0000000080001A78] -> 0x0413
mem[X,0x0000000080001A7A] -> 0x03C4
[4023] [M]: 0x0000000080001A78 (0x03C40413) addi x8, x8, 0x3c                       spcl_Mhandler+4
x8 <- 0x0000000080001AB0

clint mtime 0x00000000000007DC (mip.MTI <- 0b1, mip.STI <- 0b0)
mem[X,0x0000000080001A7C] -> 0x0433
mem[X,0x0000000080001A7E] -> 0x0074
[4024] [M]: 0x0000000080001A7C (0x00740433) add x8, x8, x7                          spcl_Mhandler+8
x8 <- 0x0000000080001CB0

mem[X,0x0000000080001A80] -> 0x1393
mem[X,0x0000000080001A82] -> 0x0035
[4025] [M]: 0x0000000080001A80 (0x00351393) slli x7, x10, 0x3                       spcl_Mhandler+12
x7 <- 0x0000000000000068

clint mtime 0x00000000000007DD (mip.MTI <- 0b1, mip.STI <- 0b0)
mem[X,0x0000000080001A84] -> 0x0433
mem[X,0x0000000080001A86] -> 0x0074
[4026] [M]: 0x0000000080001A84 (0x00740433) add x8, x8, x7                          spcl_Mhandler+16
x8 <- 0x0000000080001D18

mem[X,0x0000000080001A88] -> 0x7413
mem[X,0x0000000080001A8A] -> 0xFF84
[4027] [M]: 0x0000000080001A88 (0xFF847413) andi x8, x8, -0x8                       spcl_Mhandler+20
x8 <- 0x0000000080001D18

clint mtime 0x00000000000007DE (mip.MTI <- 0b1, mip.STI <- 0b0)
mem[X,0x0000000080001A8C] -> 0x3403
mem[X,0x0000000080001A8E] -> 0x0004
[4028] [M]: 0x0000000080001A8C (0x00043403) ld x8, 0x0(x8)                          spcl_Mhandler+24
mem[R,0x0000000080001D18] -> 0x000000000000001B
x8 <- 0x000000000000001B

mem[X,0x0000000080001A90] -> 0x02E3
mem[X,0x0000000080001A92] -> 0xB004
[4029] [M]: 0x0000000080001A90 (0xB00402E3) beq x8, x0, -0x4fc                      spcl_Mdispatch_hndling+0

clint mtime 0x00000000000007DF (mip.MTI <- 0b1, mip.STI <- 0b0)
mem[X,0x0000000080001A94] -> 0x1393
mem[X,0x0000000080001A96] -> 0x03F4
[4030] [M]: 0x0000000080001A94 (0x03F41393) slli x7, x8, 0x3f                       spcl_Mdispatch_hndling+4
x7 <- 0x8000000000000000

mem[X,0x0000000080001A98] -> 0xD863
mem[X,0x0000000080001A9A] -> 0x0003
[4031] [M]: 0x0000000080001A98 (0x0003D863) bge x7, x0, 0x10                        spcl_Mdispatch_hndling+8

clint mtime 0x00000000000007E0 (mip.MTI <- 0b1, mip.STI <- 0b0)
mem[X,0x0000000080001A9C] -> 0x5413
mem[X,0x0000000080001A9E] -> 0x0014
[4032] [M]: 0x0000000080001A9C (0x00145413) srli x8, x8, 0x1                        spcl_Mdispatch_hndling+12
x8 <- 0x000000000000000D

mem[X,0x0000000080001AA0] -> 0x0CE3
mem[X,0x0000000080001AA2] -> 0xF885
[4033] [M]: 0x0000000080001AA0 (0xF8850CE3) beq x10, x8, -0x68                      spcl_Mdispatch_hndling+16

clint mtime 0x00000000000007E1 (mip.MTI <- 0b1, mip.STI <- 0b0)
mem[X,0x0000000080001A38] -> 0x3303
mem[X,0x0000000080001A3A] -> 0x2601
[4034] [M]: 0x0000000080001A38 (0x26013303) ld x6, 0x260(x2)                        resto_Mrtn+0
mem[R,0x0000000080004260] -> 0xFFFFFFFF7FFFED6C
x6 <- 0xFFFFFFFF7FFFED6C

mem[X,0x0000000080001A3C] -> 0x3383
mem[X,0x0000000080001A3E] -> 0x2681
[4035] [M]: 0x0000000080001A3C (0x26813383) ld x7, 0x268(x2)                        resto_Mrtn+4
mem[R,0x0000000080004268] -> 0x0000000080004000
x7 <- 0x0000000080004000

clint mtime 0x00000000000007E2 (mip.MTI <- 0b1, mip.STI <- 0b0)
mem[X,0x0000000080001A40] -> 0x3403
mem[X,0x0000000080001A42] -> 0x2701
[4036] [M]: 0x0000000080001A40 (0x27013403) ld x8, 0x270(x2)                        resto_Mrtn+8
mem[R,0x0000000080004270] -> 0x0000000000007F76
x8 <- 0x0000000000007F76

mem[X,0x0000000080001A44] -> 0x3483
mem[X,0x0000000080001A46] -> 0x2781
[4037] [M]: 0x0000000080001A44 (0x27813483) ld x9, 0x278(x2)                        resto_Mrtn+12
mem[R,0x0000000080004278] -> 0x00000001000001C8
x9 <- 0x00000001000001C8

clint mtime 0x00000000000007E3 (mip.MTI <- 0b1, mip.STI <- 0b0)
mem[X,0x0000000080001A48] -> 0x3503
mem[X,0x0000000080001A4A] -> 0x2801
[4038] [M]: 0x0000000080001A48 (0x28013503) ld x10, 0x280(x2)                       resto_Mrtn+16
mem[R,0x0000000080004280] -> 0x00000000200000C5
x10 <- 0x00000000200000C5

mem[X,0x0000000080001A4C] -> 0x3583
mem[X,0x0000000080001A4E] -> 0x2881
[4039] [M]: 0x0000000080001A4C (0x28813583) ld x11, 0x288(x2)                       resto_Mrtn+20
mem[R,0x0000000080004288] -> 0x00000000000000C5
x11 <- 0x00000000000000C5

clint mtime 0x00000000000007E4 (mip.MTI <- 0b1, mip.STI <- 0b0)
mem[X,0x0000000080001A50] -> 0x3103
mem[X,0x0000000080001A52] -> 0x2901
[4040] [M]: 0x0000000080001A50 (0x29013103) ld x2, 0x290(x2)                        resto_Mrtn+24
mem[R,0x0000000080004290] -> 0x0000000000000000
x2 <- 0x0000000000000000

mem[X,0x0000000080001A54] -> 0x0073
mem[X,0x0000000080001A56] -> 0x3020
[4041] [M]: 0x0000000080001A54 (0x30200073) mret                                    resto_Mrtn+28
CSR mstatus (0x300) <- 0x0000000A00000080
ret-ing from M to S

clint mtime 0x00000000000007E5 (mip.MTI <- 0b1, mip.STI <- 0b0)
PTW: Start, vpn=0x180001, access_type=X, privilege=Smem[R,0x0000000080007030] -> 0x00000000200000CB
PTW: Step, level=2, pte=0x200000CB, pte_addr=0x80007030
PTW: Success, final_ppn=0x80001, level=2mem[X,0x000000008000148C] -> 0x51B7
PTW: Start, vpn=0x180001, access_type=X, privilege=Smem[R,0x0000000080007030] -> 0x00000000200000CB
PTW: Step, level=2, pte=0x200000CB, pte_addr=0x80007030
PTW: Success, final_ppn=0x80001, level=2mem[X,0x000000008000148E] -> 0x0000
[4042] [S]: 0x000000018000148C (0x000051B7) lui x3, 0x5                             va_rvtest_code_begin+3248
x3 <- 0x0000000000005000

PTW: Start, vpn=0x180001, access_type=X, privilege=Smem[R,0x0000000080007030] -> 0x00000000200000CB
PTW: Step, level=2, pte=0x200000CB, pte_addr=0x80007030
PTW: Success, final_ppn=0x80001, level=2mem[X,0x0000000080001490] -> 0x8193
PTW: Start, vpn=0x180001, access_type=X, privilege=Smem[R,0x0000000080007030] -> 0x00000000200000CB
PTW: Step, level=2, pte=0x200000CB, pte_addr=0x80007030
PTW: Success, final_ppn=0x80001, level=2mem[X,0x0000000080001492] -> 0x6671
[4043] [S]: 0x0000000180001490 (0x66718193) addi x3, x3, 0x667                      va_rvtest_code_begin+3252
x3 <- 0x0000000000005667

clint mtime 0x00000000000007E6 (mip.MTI <- 0b1, mip.STI <- 0b0)
PTW: Start, vpn=0x180001, access_type=X, privilege=Smem[R,0x0000000080007030] -> 0x00000000200000CB
PTW: Step, level=2, pte=0x200000CB, pte_addr=0x80007030
PTW: Success, final_ppn=0x80001, level=2mem[X,0x0000000080001494] -> 0x9193
PTW: Start, vpn=0x180001, access_type=X, privilege=Smem[R,0x0000000080007030] -> 0x00000000200000CB
PTW: Step, level=2, pte=0x200000CB, pte_addr=0x80007030
PTW: Success, final_ppn=0x80001, level=2mem[X,0x0000000080001496] -> 0x0011
[4044] [S]: 0x0000000180001494 (0x00119193) slli x3, x3, 0x1                        va_rvtest_code_begin+3256
x3 <- 0x000000000000ACCE

PTW: Start, vpn=0x180001, access_type=X, privilege=Smem[R,0x0000000080007030] -> 0x00000000200000CB
PTW: Step, level=2, pte=0x200000CB, pte_addr=0x80007030
PTW: Success, final_ppn=0x80001, level=2mem[X,0x0000000080001498] -> 0x0013
PTW: Start, vpn=0x180001, access_type=X, privilege=Smem[R,0x0000000080007030] -> 0x00000000200000CB
PTW: Step, level=2, pte=0x200000CB, pte_addr=0x80007030
PTW: Success, final_ppn=0x80001, level=2mem[X,0x000000008000149A] -> 0x0000
[4045] [S]: 0x0000000180001498 (0x00000013) addi x0, x0, 0x0                        va_rvtest_code_begin+3260

clint mtime 0x00000000000007E7 (mip.MTI <- 0b1, mip.STI <- 0b0)
PTW: Start, vpn=0x180001, access_type=X, privilege=Smem[R,0x0000000080007030] -> 0x00000000200000CB
PTW: Step, level=2, pte=0x200000CB, pte_addr=0x80007030
PTW: Success, final_ppn=0x80001, level=2mem[X,0x000000008000149C] -> 0x0013
PTW: Start, vpn=0x180001, access_type=X, privilege=Smem[R,0x0000000080007030] -> 0x00000000200000CB
PTW: Step, level=2, pte=0x200000CB, pte_addr=0x80007030
PTW: Success, final_ppn=0x80001, level=2mem[X,0x000000008000149E] -> 0x0000
[4046] [S]: 0x000000018000149C (0x00000013) addi x0, x0, 0x0                        va_rvtest_code_begin+3264

PTW: Start, vpn=0x180001, access_type=X, privilege=Smem[R,0x0000000080007030] -> 0x00000000200000CB
PTW: Step, level=2, pte=0x200000CB, pte_addr=0x80007030
PTW: Success, final_ppn=0x80001, level=2mem[X,0x00000000800014A0] -> 0x0217
PTW: Start, vpn=0x180001, access_type=X, privilege=Smem[R,0x0000000080007030] -> 0x00000000200000CB
PTW: Step, level=2, pte=0x200000CB, pte_addr=0x80007030
PTW: Success, final_ppn=0x80001, level=2mem[X,0x00000000800014A2] -> 0x0000
[4047] [S]: 0x00000001800014A0 (0x00000217) auipc x4, 0x0                           va_rvtest_code_begin+3268
x4 <- 0x00000001800014A0

clint mtime 0x00000000000007E8 (mip.MTI <- 0b1, mip.STI <- 0b0)
PTW: Start, vpn=0x180001, access_type=X, privilege=Smem[R,0x0000000080007030] -> 0x00000000200000CB
PTW: Step, level=2, pte=0x200000CB, pte_addr=0x80007030
PTW: Success, final_ppn=0x80001, level=2mem[X,0x00000000800014A4] -> 0x0213
PTW: Start, vpn=0x180001, access_type=X, privilege=Smem[R,0x0000000080007030] -> 0x00000000200000CB
PTW: Step, level=2, pte=0x200000CB, pte_addr=0x80007030
PTW: Success, final_ppn=0x80001, level=2mem[X,0x00000000800014A6] -> 0x02C2
[4048] [S]: 0x00000001800014A4 (0x02C20213) addi x4, x4, 0x2c                       va_rvtest_code_begin+3272
x4 <- 0x00000001800014CC

PTW: Start, vpn=0x180001, access_type=X, privilege=Smem[R,0x0000000080007030] -> 0x00000000200000CB
PTW: Step, level=2, pte=0x200000CB, pte_addr=0x80007030
PTW: Success, final_ppn=0x80001, level=2mem[X,0x00000000800014A8] -> 0x0001
[4049] [S]: 0x00000001800014A8 (0x0001) c.nop                                       va_rvtest_code_begin+3276

clint mtime 0x00000000000007E9 (mip.MTI <- 0b1, mip.STI <- 0b0)
PTW: Start, vpn=0x180001, access_type=X, privilege=Smem[R,0x0000000080007030] -> 0x00000000200000CB
PTW: Step, level=2, pte=0x200000CB, pte_addr=0x80007030
PTW: Success, final_ppn=0x80001, level=2mem[X,0x00000000800014AA] -> 0x0013
PTW: Start, vpn=0x180001, access_type=X, privilege=Smem[R,0x0000000080007030] -> 0x00000000200000CB
PTW: Step, level=2, pte=0x200000CB, pte_addr=0x80007030
PTW: Success, final_ppn=0x80001, level=2mem[X,0x00000000800014AC] -> 0x0000
[4050] [S]: 0x00000001800014AA (0x00000013) addi x0, x0, 0x0                        va_rvtest_code_begin+3278

PTW: Start, vpn=0x180001, access_type=X, privilege=Smem[R,0x0000000080007030] -> 0x00000000200000CB
PTW: Step, level=2, pte=0x200000CB, pte_addr=0x80007030
PTW: Success, final_ppn=0x80001, level=2mem[X,0x00000000800014AE] -> 0x0013
PTW: Start, vpn=0x180001, access_type=X, privilege=Smem[R,0x0000000080007030] -> 0x00000000200000CB
PTW: Step, level=2, pte=0x200000CB, pte_addr=0x80007030
PTW: Success, final_ppn=0x80001, level=2mem[X,0x00000000800014B0] -> 0x0000
[4051] [S]: 0x00000001800014AE (0x00000013) addi x0, x0, 0x0                        va_rvtest_code_begin+3282

clint mtime 0x00000000000007EA (mip.MTI <- 0b1, mip.STI <- 0b0)
PTW: Start, vpn=0x180001, access_type=X, privilege=Smem[R,0x0000000080007030] -> 0x00000000200000CB
PTW: Step, level=2, pte=0x200000CB, pte_addr=0x80007030
PTW: Success, final_ppn=0x80001, level=2mem[X,0x00000000800014B2] -> 0x0013
PTW: Start, vpn=0x180001, access_type=X, privilege=Smem[R,0x0000000080007030] -> 0x00000000200000CB
PTW: Step, level=2, pte=0x200000CB, pte_addr=0x80007030
PTW: Success, final_ppn=0x80001, level=2mem[X,0x00000000800014B4] -> 0x0000
[4052] [S]: 0x00000001800014B2 (0x00000013) addi x0, x0, 0x0                        va_rvtest_code_begin+3286

PTW: Start, vpn=0x180001, access_type=X, privilege=Smem[R,0x0000000080007030] -> 0x00000000200000CB
PTW: Step, level=2, pte=0x200000CB, pte_addr=0x80007030
PTW: Success, final_ppn=0x80001, level=2mem[X,0x00000000800014B6] -> 0x0013
PTW: Start, vpn=0x180001, access_type=X, privilege=Smem[R,0x0000000080007030] -> 0x00000000200000CB
PTW: Step, level=2, pte=0x200000CB, pte_addr=0x80007030
PTW: Success, final_ppn=0x80001, level=2mem[X,0x00000000800014B8] -> 0x0000
[4053] [S]: 0x00000001800014B6 (0x00000013) addi x0, x0, 0x0                        va_rvtest_code_begin+3290

clint mtime 0x00000000000007EB (mip.MTI <- 0b1, mip.STI <- 0b0)
PTW: Start, vpn=0x180001, access_type=X, privilege=Smem[R,0x0000000080007030] -> 0x00000000200000CB
PTW: Step, level=2, pte=0x200000CB, pte_addr=0x80007030
PTW: Success, final_ppn=0x80001, level=2mem[X,0x00000000800014BA] -> 0x0013
PTW: Start, vpn=0x180001, access_type=X, privilege=Smem[R,0x0000000080007030] -> 0x00000000200000CB
PTW: Step, level=2, pte=0x200000CB, pte_addr=0x80007030
PTW: Success, final_ppn=0x80001, level=2mem[X,0x00000000800014BC] -> 0x0000
[4054] [S]: 0x00000001800014BA (0x00000013) addi x0, x0, 0x0                        va_rvtest_code_begin+3294

PTW: Start, vpn=0x180001, access_type=X, privilege=Smem[R,0x0000000080007030] -> 0x00000000200000CB
PTW: Step, level=2, pte=0x200000CB, pte_addr=0x80007030
PTW: Success, final_ppn=0x80001, level=2mem[X,0x00000000800014BE] -> 0x0001
[4055] [S]: 0x00000001800014BE (0x0001) c.nop                                       va_rvtest_code_begin+3298

clint mtime 0x00000000000007EC (mip.MTI <- 0b1, mip.STI <- 0b0)
PTW: Start, vpn=0x180001, access_type=X, privilege=Smem[R,0x0000000080007030] -> 0x00000000200000CB
PTW: Step, level=2, pte=0x200000CB, pte_addr=0x80007030
PTW: Success, final_ppn=0x80001, level=2mem[X,0x00000000800014C0] -> 0x80E7
PTW: Start, vpn=0x180001, access_type=X, privilege=Smem[R,0x0000000080007030] -> 0x00000000200000CB
PTW: Step, level=2, pte=0x200000CB, pte_addr=0x80007030
PTW: Success, final_ppn=0x80001, level=2mem[X,0x00000000800014C2] -> 0x0007
[4056] [S]: 0x00000001800014C0 (0x000780E7) jalr x1, 0x0(x15)                       va_rvtest_code_begin+3300
x1 <- 0x00000001800014C4

PTW: Start, vpn=0x140000, access_type=X, privilege=Smem[R,0x0000000080007028] -> 0x0000000020001801
PTW: Step, level=2, pte=0x20001801, pte_addr=0x80007028
PTW: Start, vpn=0x140000, access_type=X, privilege=Smem[R,0x0000000080006000] -> 0x0000000020001401
PTW: Step, level=1, pte=0x20001401, pte_addr=0x80006000
PTW: Start, vpn=0x140000, access_type=X, privilege=Smem[R,0x0000000080005000] -> 0x00000000200000C5
PTW: Step, level=0, pte=0x200000C5, pte_addr=0x80005000
PTW: failed, error=invalid-pte, level=0, pte_addr=0x80005000
trapping from S to M to handle fetch-page-fault
handling exc#fetch-page-fault at priv M with tval 0x0000000140000404
CSR mstatus (0x300) <- 0x0000000A00000800
CSR mcause (0x342) <- 0x000000000000000C
CSR mtval (0x343) <- 0x0000000140000404
CSR mepc (0x341) <- 0x0000000140000404

clint mtime 0x00000000000007ED (mip.MTI <- 0b1, mip.STI <- 0b0)
mem[X,0x0000000080001600] -> 0x006F
mem[X,0x0000000080001602] -> 0x1000
[4058] [M]: 0x0000000080001600 (0x1000006F) jal x0, 0x100                           Mtrampoline+0

mem[X,0x0000000080001700] -> 0x1173
mem[X,0x0000000080001702] -> 0x3401
[4059] [M]: 0x0000000080001700 (0x34011173) csrrw x2, mscratch, x2                  trap_Mhandler+0
CSR mscratch (0x340) <- 0x0000000000000000
x2 <- 0x0000000080004000

clint mtime 0x00000000000007EE (mip.MTI <- 0b1, mip.STI <- 0b0)
mem[X,0x0000000080001704] -> 0x3423
mem[X,0x0000000080001706] -> 0x28B1
[4060] [M]: 0x0000000080001704 (0x28B13423) sd x11, 0x288(x2)                       trap_Mhandler+4
mem[W,0x0000000080004288] <- 0x00000000000000C5

mem[X,0x0000000080001708] -> 0x05EF
mem[X,0x000000008000170A] -> 0x0B80
[4061] [M]: 0x0000000080001708 (0x0B8005EF) jal x11, 0xb8                           trap_Mhandler+8
x11 <- 0x000000008000170C

clint mtime 0x00000000000007EF (mip.MTI <- 0b1, mip.STI <- 0b0)
mem[X,0x00000000800017C0] -> 0x3023
mem[X,0x00000000800017C2] -> 0x28A1
[4062] [M]: 0x00000000800017C0 (0x28A13023) sd x10, 0x280(x2)                       common_Mhandler+0
mem[W,0x0000000080004280] <- 0x00000000200000C5

mem[X,0x00000000800017C4] -> 0x1573
mem[X,0x00000000800017C6] -> 0x3401
[4063] [M]: 0x00000000800017C4 (0x34011573) csrrw x10, mscratch, x2                 common_Mhandler+4
CSR mscratch (0x340) <- 0x0000000080004000
x10 <- 0x0000000000000000

clint mtime 0x00000000000007F0 (mip.MTI <- 0b1, mip.STI <- 0b0)
mem[X,0x00000000800017C8] -> 0x3823
mem[X,0x00000000800017CA] -> 0x28A1
[4064] [M]: 0x00000000800017C8 (0x28A13823) sd x10, 0x290(x2)                       common_Mhandler+8
mem[W,0x0000000080004290] <- 0x0000000000000000

mem[X,0x00000000800017CC] -> 0x3503
mem[X,0x00000000800017CE] -> 0x2301
[4065] [M]: 0x00000000800017CC (0x23013503) ld x10, 0x230(x2)                       common_Mhandler+12
mem[R,0x0000000080004230] -> 0x00000000800017D4
x10 <- 0x00000000800017D4

clint mtime 0x00000000000007F1 (mip.MTI <- 0b1, mip.STI <- 0b0)
mem[X,0x00000000800017D0] -> 0x0067
mem[X,0x00000000800017D2] -> 0x0005
[4066] [M]: 0x00000000800017D0 (0x00050067) jalr x0, 0x0(x10)                       common_Mhandler+16

mem[X,0x00000000800017D4] -> 0x3C23
mem[X,0x00000000800017D6] -> 0x2691
[4067] [M]: 0x00000000800017D4 (0x26913C23) sd x9, 0x278(x2)                        common_Mentry+0
mem[W,0x0000000080004278] <- 0x00000001000001C8

clint mtime 0x00000000000007F2 (mip.MTI <- 0b1, mip.STI <- 0b0)
mem[X,0x00000000800017D8] -> 0x3823
mem[X,0x00000000800017DA] -> 0x2681
[4068] [M]: 0x00000000800017D8 (0x26813823) sd x8, 0x270(x2)                        common_Mentry+4
mem[W,0x0000000080004270] <- 0x0000000000007F76

mem[X,0x00000000800017DC] -> 0x3423
mem[X,0x00000000800017DE] -> 0x2671
[4069] [M]: 0x00000000800017DC (0x26713423) sd x7, 0x268(x2)                        common_Mentry+8
mem[W,0x0000000080004268] <- 0x0000000080004000

clint mtime 0x00000000000007F3 (mip.MTI <- 0b1, mip.STI <- 0b0)
mem[X,0x00000000800017E0] -> 0x3023
mem[X,0x00000000800017E2] -> 0x2661
[4070] [M]: 0x00000000800017E0 (0x26613023) sd x6, 0x260(x2)                        common_Mentry+12
mem[W,0x0000000080004260] <- 0xFFFFFFFF7FFFED6C

mem[X,0x00000000800017E4] -> 0x2573
mem[X,0x00000000800017E6] -> 0x3420
[4071] [M]: 0x00000000800017E4 (0x34202573) csrrs x10, mcause, x0                   spcl_M2mmode_test+0
CSR mcause (0x342) -> 0x000000000000000C
x10 <- 0x000000000000000C

clint mtime 0x00000000000007F4 (mip.MTI <- 0b1, mip.STI <- 0b0)
mem[X,0x00000000800017E8] -> 0x04B7
mem[X,0x00000000800017EA] -> 0x8000
[4072] [M]: 0x00000000800017E8 (0x800004B7) lui x9, -0x80000                        spcl_M2mmode_test+4
x9 <- 0xFFFFFFFF80000000

mem[X,0x00000000800017EC] -> 0x8493
mem[X,0x00000000800017EE] -> 0x0004
[4073] [M]: 0x00000000800017EC (0x00048493) addi x9, x9, 0x0                        spcl_M2mmode_test+8
x9 <- 0xFFFFFFFF80000000

clint mtime 0x00000000000007F5 (mip.MTI <- 0b1, mip.STI <- 0b0)
mem[X,0x00000000800017F0] -> 0x9493
mem[X,0x00000000800017F2] -> 0x00B4
[4074] [M]: 0x00000000800017F0 (0x00B49493) slli x9, x9, 0xb                        spcl_M2mmode_test+12
x9 <- 0xFFFFFC0000000000

mem[X,0x00000000800017F4] -> 0x8493
mem[X,0x00000000800017F6] -> 0x0004
[4075] [M]: 0x00000000800017F4 (0x00048493) addi x9, x9, 0x0                        spcl_M2mmode_test+16
x9 <- 0xFFFFFC0000000000

clint mtime 0x00000000000007F6 (mip.MTI <- 0b1, mip.STI <- 0b0)
mem[X,0x00000000800017F8] -> 0x9493
mem[X,0x00000000800017FA] -> 0x00B4
[4076] [M]: 0x00000000800017F8 (0x00B49493) slli x9, x9, 0xb                        spcl_M2mmode_test+20
x9 <- 0xFFE0000000000000

mem[X,0x00000000800017FC] -> 0x8493
mem[X,0x00000000800017FE] -> 0x0034
[4077] [M]: 0x00000000800017FC (0x00348493) addi x9, x9, 0x3                        spcl_M2mmode_test+24
x9 <- 0xFFE0000000000003

clint mtime 0x00000000000007F7 (mip.MTI <- 0b1, mip.STI <- 0b0)
mem[X,0x0000000080001800] -> 0x9493
mem[X,0x0000000080001802] -> 0x00A4
[4078] [M]: 0x0000000080001800 (0x00A49493) slli x9, x9, 0xa                        spcl_M2mmode_test+28
x9 <- 0x8000000000000C00

mem[X,0x0000000080001804] -> 0x8493
mem[X,0x0000000080001806] -> 0x3FC4
[4079] [M]: 0x0000000080001804 (0x3FC48493) addi x9, x9, 0x3fc                      spcl_M2mmode_test+32
x9 <- 0x8000000000000FFC

clint mtime 0x00000000000007F8 (mip.MTI <- 0b1, mip.STI <- 0b0)
mem[X,0x0000000080001808] -> 0xF4B3
mem[X,0x000000008000180A] -> 0x00A4
[4080] [M]: 0x0000000080001808 (0x00A4F4B3) and x9, x9, x10                         spcl_M2mmode_test+36
x9 <- 0x000000000000000C

mem[X,0x000000008000180C] -> 0x8493
mem[X,0x000000008000180E] -> 0xFF84
[4081] [M]: 0x000000008000180C (0xFF848493) addi x9, x9, -0x8                       spcl_M2mmode_test+40
x9 <- 0x0000000000000004

clint mtime 0x00000000000007F9 (mip.MTI <- 0b1, mip.STI <- 0b0)
mem[X,0x0000000080001810] -> 0x9663
mem[X,0x0000000080001812] -> 0x0004
[4082] [M]: 0x0000000080001810 (0x00049663) bne x9, x0, 0xc                         spcl_M2mmode_test+44

mem[X,0x000000008000181C] -> 0x0393
mem[X,0x000000008000181E] -> 0x0200
[4083] [M]: 0x000000008000181C (0x02000393) addi x7, x0, 0x20                       Mtrapsig_ptr_upd+0
x7 <- 0x0000000000000020

clint mtime 0x00000000000007FA (mip.MTI <- 0b1, mip.STI <- 0b0)
mem[X,0x0000000080001820] -> 0x5263
mem[X,0x0000000080001822] -> 0x0405
[4084] [M]: 0x0000000080001820 (0x04055263) bge x10, x0, 0x44                       Mtrapsig_ptr_upd+4

mem[X,0x0000000080001864] -> 0x2373
mem[X,0x0000000080001866] -> 0x3010
[4085] [M]: 0x0000000080001864 (0x30102373) csrrs x6, misa, x0                      Mxcpt_sig_sv+0
CSR misa (0x301) -> 0x800000000034112F
x6 <- 0x800000000034112F

clint mtime 0x00000000000007FB (mip.MTI <- 0b1, mip.STI <- 0b0)
mem[X,0x0000000080001868] -> 0x1313
mem[X,0x000000008000186A] -> 0x0383
[4086] [M]: 0x0000000080001868 (0x03831313) slli x6, x6, 0x38                       Mxcpt_sig_sv+4
x6 <- 0x2F00000000000000

mem[X,0x000000008000186C] -> 0x5463
mem[X,0x000000008000186E] -> 0x0003
[4087] [M]: 0x000000008000186C (0x00035463) bge x6, x0, 0x8                         Mxcpt_sig_sv+8

clint mtime 0x00000000000007FC (mip.MTI <- 0b1, mip.STI <- 0b0)
mem[X,0x0000000080001874] -> 0x3303
mem[X,0x0000000080001876] -> 0x2181
[4088] [M]: 0x0000000080001874 (0x21813303) ld x6, 0x218(x2)                        Mtrap_sig_sv+0
mem[R,0x0000000080004218] -> 0x00000000800087F8
x6 <- 0x00000000800087F8

mem[X,0x0000000080001878] -> 0x04B3
mem[X,0x000000008000187A] -> 0x0073
[4089] [M]: 0x0000000080001878 (0x007304B3) add x9, x6, x7                          Mtrap_sig_sv+4
x9 <- 0x0000000080008818

clint mtime 0x00000000000007FD (mip.MTI <- 0b1, mip.STI <- 0b0)
mem[X,0x000000008000187C] -> 0x3C23
mem[X,0x000000008000187E] -> 0x2091
[4090] [M]: 0x000000008000187C (0x20913C23) sd x9, 0x218(x2)                        Mtrap_sig_sv+8
mem[W,0x0000000080004218] <- 0x0000000080008818

mem[X,0x0000000080001880] -> 0x3403
mem[X,0x0000000080001882] -> 0x1F81
[4091] [M]: 0x0000000080001880 (0x1F813403) ld x8, 0x1f8(x2)                        Mtrap_sig_sv+12
mem[R,0x00000000800041F8] -> 0x0000000080008110
x8 <- 0x0000000080008110

clint mtime 0x00000000000007FE (mip.MTI <- 0b1, mip.STI <- 0b0)
mem[X,0x0000000080001884] -> 0x0333
mem[X,0x0000000080001886] -> 0x4083
[4092] [M]: 0x0000000080001884 (0x40830333) sub x6, x6, x8                          Mtrap_sig_sv+16
x6 <- 0x00000000000006E8

mem[X,0x0000000080001888] -> 0x3403
mem[X,0x000000008000188A] -> 0x1F81
[4093] [M]: 0x0000000080001888 (0x1F813403) ld x8, 0x1f8(x2)                        Mtrap_sig_sv+20
mem[R,0x00000000800041F8] -> 0x0000000080008110
x8 <- 0x0000000080008110

clint mtime 0x00000000000007FF (mip.MTI <- 0b1, mip.STI <- 0b0)
mem[X,0x000000008000188C] -> 0x0333
mem[X,0x000000008000188E] -> 0x0083
[4094] [M]: 0x000000008000188C (0x00830333) add x6, x6, x8                          Mtrap_sig_sv+24
x6 <- 0x00000000800087F8

mem[X,0x0000000080001890] -> 0x3403
mem[X,0x0000000080001892] -> 0x2401
[4095] [M]: 0x0000000080001890 (0x24013403) ld x8, 0x240(x2)                        Mtrap_sig_sv+28
mem[R,0x0000000080004240] -> 0x0000000080001600
x8 <- 0x0000000080001600

clint mtime 0x0000000000000800 (mip.MTI <- 0b1, mip.STI <- 0b0)
mem[X,0x0000000080001894] -> 0x85B3
mem[X,0x0000000080001896] -> 0x4085
[4096] [M]: 0x0000000080001894 (0x408585B3) sub x11, x11, x8                        sv_Mvect+0
x11 <- 0x000000000000010C

mem[X,0x0000000080001898] -> 0x9593
mem[X,0x000000008000189A] -> 0x0045
[4097] [M]: 0x0000000080001898 (0x00459593) slli x11, x11, 0x4                      sv_Mvect+4
x11 <- 0x00000000000010C0

clint mtime 0x0000000000000801 (mip.MTI <- 0b1, mip.STI <- 0b0)
mem[X,0x000000008000189C] -> 0xE5B3
mem[X,0x000000008000189E] -> 0x0075
[4098] [M]: 0x000000008000189C (0x0075E5B3) or x11, x11, x7                         sv_Mvect+8
x11 <- 0x00000000000010E0

mem[X,0x00000000800018A0] -> 0x8593
mem[X,0x00000000800018A2] -> 0x0035
[4099] [M]: 0x00000000800018A0 (0x00358593) addi x11, x11, 0x3                      sv_Mvect+12
x11 <- 0x00000000000010E3

clint mtime 0x0000000000000802 (mip.MTI <- 0b1, mip.STI <- 0b0)
mem[X,0x00000000800018A4] -> 0x3023
mem[X,0x00000000800018A6] -> 0x00B3
[4100] [M]: 0x00000000800018A4 (0x00B33023) sd x11, 0x0(x6)                         sv_Mvect+16
mem[W,0x00000000800087F8] <- 0x00000000000010E3

mem[X,0x00000000800018A8] -> 0x3423
mem[X,0x00000000800018AA] -> 0x00A3
[4101] [M]: 0x00000000800018A8 (0x00A33423) sd x10, 0x8(x6)                         sv_Mcause+0
mem[W,0x0000000080008800] <- 0x000000000000000C

clint mtime 0x0000000000000803 (mip.MTI <- 0b1, mip.STI <- 0b0)
mem[X,0x00000000800018AC] -> 0x4663
mem[X,0x00000000800018AE] -> 0x1A05
[4102] [M]: 0x00000000800018AC (0x1A054663) blt x10, x0, 0x1ac                      sv_Mcause+4

mem[X,0x00000000800018B0] -> 0x25F3
mem[X,0x00000000800018B2] -> 0x3000
[4103] [M]: 0x00000000800018B0 (0x300025F3) csrrs x11, mstatus, x0                  common_Mexcpt_handler+0
CSR mstatus (0x300) -> 0x0000000A00000800
x11 <- 0x0000000A00000800

clint mtime 0x0000000000000804 (mip.MTI <- 0b1, mip.STI <- 0b0)
mem[X,0x00000000800018B4] -> 0x9413
mem[X,0x00000000800018B6] -> 0x02E5
[4104] [M]: 0x00000000800018B4 (0x02E59413) slli x8, x11, 0x2e                      common_Mexcpt_handler+4
x8 <- 0x0200000000000000

mem[X,0x00000000800018B8] -> 0x5463
mem[X,0x00000000800018BA] -> 0x0004
[4105] [M]: 0x00000000800018B8 (0x00045463) bge x8, x0, 0x8                         common_Mexcpt_handler+8

clint mtime 0x0000000000000805 (mip.MTI <- 0b1, mip.STI <- 0b0)
mem[X,0x00000000800018C0] -> 0xD493
mem[X,0x00000000800018C2] -> 0x00B5
[4106] [M]: 0x00000000800018C0 (0x00B5D493) srli x9, x11, 0xb                       common_Mexcpt_handler+16
x9 <- 0x0000000001400001

mem[X,0x00000000800018C4] -> 0xF493
mem[X,0x00000000800018C6] -> 0x0034
[4107] [M]: 0x00000000800018C4 (0x0034F493) andi x9, x9, 0x3                        common_Mexcpt_handler+20
x9 <- 0x0000000000000001

clint mtime 0x0000000000000806 (mip.MTI <- 0b1, mip.STI <- 0b0)
mem[X,0x00000000800018C8] -> 0x8493
mem[X,0x00000000800018CA] -> 0x0014
[4108] [M]: 0x00000000800018C8 (0x00148493) addi x9, x9, 0x1                        common_Mexcpt_handler+24
x9 <- 0x0000000000000002

mem[X,0x00000000800018CC] -> 0xF493
mem[X,0x00000000800018CE] -> 0x0044
[4109] [M]: 0x00000000800018CC (0x0044F493) andi x9, x9, 0x4                        common_Mexcpt_handler+28
x9 <- 0x0000000000000000

clint mtime 0x0000000000000807 (mip.MTI <- 0b1, mip.STI <- 0b0)
mem[X,0x00000000800018D0] -> 0x0593
mem[X,0x00000000800018D2] -> 0x05D0
[4110] [M]: 0x00000000800018D0 (0x05D00593) addi x11, x0, 0x5d                      common_Mexcpt_handler+32
x11 <- 0x000000000000005D

mem[X,0x00000000800018D4] -> 0xD5B3
mem[X,0x00000000800018D6] -> 0x0095
[4111] [M]: 0x00000000800018D4 (0x0095D5B3) srl x11, x11, x9                        common_Mexcpt_handler+36
x11 <- 0x000000000000005D

clint mtime 0x0000000000000808 (mip.MTI <- 0b1, mip.STI <- 0b0)
mem[X,0x00000000800018D8] -> 0xF593
mem[X,0x00000000800018DA] -> 0x0015
[4112] [M]: 0x00000000800018D8 (0x0015F593) andi x11, x11, 0x1                      common_Mexcpt_handler+40
x11 <- 0x0000000000000001

mem[X,0x00000000800018DC] -> 0x8EE3
mem[X,0x00000000800018DE] -> 0xF405
[4113] [M]: 0x00000000800018DC (0xF4058EE3) beq x11, x0, -0xa4                      common_Mexcpt_handler+44

clint mtime 0x0000000000000809 (mip.MTI <- 0b1, mip.STI <- 0b0)
mem[X,0x00000000800018E0] -> 0x0593
mem[X,0x00000000800018E2] -> 0x2980
[4114] [M]: 0x00000000800018E0 (0x29800593) addi x11, x0, 0x298                     common_Mexcpt_handler+48
x11 <- 0x0000000000000298

mem[X,0x00000000800018E4] -> 0xF413
mem[X,0x00000000800018E6] -> 0x0014
[4115] [M]: 0x00000000800018E4 (0x0014F413) andi x8, x9, 0x1                        common_Mexcpt_handler+52
x8 <- 0x0000000000000000

clint mtime 0x000000000000080A (mip.MTI <- 0b1, mip.STI <- 0b0)
mem[X,0x00000000800018E8] -> 0x95B3
mem[X,0x00000000800018EA] -> 0x0085
[4116] [M]: 0x00000000800018E8 (0x008595B3) sll x11, x11, x8                        common_Mexcpt_handler+56
x11 <- 0x0000000000000298

mem[X,0x00000000800018EC] -> 0x9413
mem[X,0x00000000800018EE] -> 0x03D4
[4117] [M]: 0x00000000800018EC (0x03D49413) slli x8, x9, 0x3d                       common_Mexcpt_handler+60
x8 <- 0x0000000000000000

clint mtime 0x000000000000080B (mip.MTI <- 0b1, mip.STI <- 0b0)
mem[X,0x00000000800018F0] -> 0x5413
mem[X,0x00000000800018F2] -> 0x43F4
[4118] [M]: 0x00000000800018F0 (0x43F45413) srai x8, x8, 0x3f                       common_Mexcpt_handler+64
x8 <- 0x0000000000000000

mem[X,0x00000000800018F4] -> 0x4413
mem[X,0x00000000800018F6] -> 0xFFF4
[4119] [M]: 0x00000000800018F4 (0xFFF44413) xori x8, x8, -0x1                       common_Mexcpt_handler+68
x8 <- 0xFFFFFFFFFFFFFFFF

clint mtime 0x000000000000080C (mip.MTI <- 0b1, mip.STI <- 0b0)
mem[X,0x00000000800018F8] -> 0xF4B3
mem[X,0x00000000800018FA] -> 0x0085
[4120] [M]: 0x00000000800018F8 (0x0085F4B3) and x9, x11, x8                         common_Mexcpt_handler+72
x9 <- 0x0000000000000298

mem[X,0x00000000800018FC] -> 0x84B3
mem[X,0x00000000800018FE] -> 0x0024
[4121] [M]: 0x00000000800018FC (0x002484B3) add x9, x9, x2                          vmem_adj_Mepc+0
x9 <- 0x0000000080004298

clint mtime 0x000000000000080D (mip.MTI <- 0b1, mip.STI <- 0b0)
mem[X,0x0000000080001900] -> 0x23F3
mem[X,0x0000000080001902] -> 0x3410
[4122] [M]: 0x0000000080001900 (0x341023F3) csrrs x7, mepc, x0                      vmem_adj_Mepc+4
CSR mepc (0x341) -> 0x0000000140000404
x7 <- 0x0000000140000404

mem[X,0x0000000080001904] -> 0x0413
mem[X,0x0000000080001906] -> 0x0004
[4123] [M]: 0x0000000080001904 (0x00040413) addi x8, x8, 0x0                        vmem_adj_Mepc+8
x8 <- 0xFFFFFFFFFFFFFFFF

clint mtime 0x000000000000080E (mip.MTI <- 0b1, mip.STI <- 0b0)
mem[X,0x0000000080001908] -> 0x006F
mem[X,0x000000008000190A] -> 0x0400
[4124] [M]: 0x0000000080001908 (0x0400006F) jal x0, 0x40                            vmem_adj_Mepc+12

mem[X,0x0000000080001948] -> 0x8433
mem[X,0x000000008000194A] -> 0x4083
[4125] [M]: 0x0000000080001948 (0x40838433) sub x8, x7, x8                          adj_Mepc+0
x8 <- 0x0000000140000405

clint mtime 0x000000000000080F (mip.MTI <- 0b1, mip.STI <- 0b0)
mem[X,0x000000008000194C] -> 0x3823
mem[X,0x000000008000194E] -> 0x0083
[4126] [M]: 0x000000008000194C (0x00833823) sd x8, 0x10(x6)                         sv_Mepc+0
mem[W,0x0000000080008808] <- 0x0000000140000405

mem[X,0x0000000080001950] -> 0x55B7
mem[X,0x0000000080001952] -> 0x0000
[4127] [M]: 0x0000000080001950 (0x000055B7) lui x11, 0x5                            sv_Mepc+4
x11 <- 0x0000000000005000

clint mtime 0x0000000000000810 (mip.MTI <- 0b1, mip.STI <- 0b0)
mem[X,0x0000000080001954] -> 0x8593
mem[X,0x0000000080001956] -> 0x6675
[4128] [M]: 0x0000000080001954 (0x66758593) addi x11, x11, 0x667                    sv_Mepc+8
x11 <- 0x0000000000005667

mem[X,0x0000000080001958] -> 0x9593
mem[X,0x000000008000195A] -> 0x0015
[4129] [M]: 0x0000000080001958 (0x00159593) slli x11, x11, 0x1                      sv_Mepc+12
x11 <- 0x000000000000ACCE

clint mtime 0x0000000000000811 (mip.MTI <- 0b1, mip.STI <- 0b0)
mem[X,0x000000008000195C] -> 0x9063
mem[X,0x000000008000195E] -> 0x02B1
[4130] [M]: 0x000000008000195C (0x02B19063) bne x3, x11, 0x20                       sv_Mepc+16

mem[X,0x0000000080001960] -> 0x2473
mem[X,0x0000000080001962] -> 0x3420
[4131] [M]: 0x0000000080001960 (0x34202473) csrrs x8, mcause, x0                    sv_Mepc+20
CSR mcause (0x342) -> 0x000000000000000C
x8 <- 0x000000000000000C

clint mtime 0x0000000000000812 (mip.MTI <- 0b1, mip.STI <- 0b0)
mem[X,0x0000000080001964] -> 0x0593
mem[X,0x0000000080001966] -> 0x00C0
[4132] [M]: 0x0000000080001964 (0x00C00593) addi x11, x0, 0xc                       sv_Mepc+24
x11 <- 0x000000000000000C

mem[X,0x0000000080001968] -> 0x0663
mem[X,0x000000008000196A] -> 0x00B4
[4133] [M]: 0x0000000080001968 (0x00B40663) beq x8, x11, 0xc                        sv_Mepc+28

clint mtime 0x0000000000000813 (mip.MTI <- 0b1, mip.STI <- 0b0)
mem[X,0x0000000080001974] -> 0x1073
mem[X,0x0000000080001976] -> 0x3412
[4134] [M]: 0x0000000080001974 (0x34121073) csrrw x0, mepc, x4                      sv_Mepc+40
CSR mepc (0x341) <- 0x00000001800014CC

mem[X,0x0000000080001978] -> 0x006F
mem[X,0x000000008000197A] -> 0x0100
[4135] [M]: 0x0000000080001978 (0x0100006F) jal x0, 0x10                            sv_Mepc+44

clint mtime 0x0000000000000814 (mip.MTI <- 0b1, mip.STI <- 0b0)
mem[X,0x0000000080001988] -> 0x23F3
mem[X,0x000000008000198A] -> 0x3430
[4136] [M]: 0x0000000080001988 (0x343023F3) csrrs x7, mtval, x0                     skp_adj_Mepc+0
CSR mtval (0x343) -> 0x0000000140000404
x7 <- 0x0000000140000404

mem[X,0x000000008000198C] -> 0x0413
mem[X,0x000000008000198E] -> 0x0004
[4137] [M]: 0x000000008000198C (0x00040413) addi x8, x8, 0x0                        skp_adj_Mepc+4
x8 <- 0x000000000000000C

clint mtime 0x0000000000000815 (mip.MTI <- 0b1, mip.STI <- 0b0)
mem[X,0x0000000080001990] -> 0x006F
mem[X,0x0000000080001992] -> 0x0840
[4138] [M]: 0x0000000080001990 (0x0840006F) jal x0, 0x84                            skp_adj_Mepc+8

mem[X,0x0000000080001A14] -> 0x8433
mem[X,0x0000000080001A16] -> 0x4083
[4139] [M]: 0x0000000080001A14 (0x40838433) sub x8, x7, x8                          adj_Mtval+0
x8 <- 0x00000001400003F8

clint mtime 0x0000000000000816 (mip.MTI <- 0b1, mip.STI <- 0b0)
mem[X,0x0000000080001A18] -> 0x3C23
mem[X,0x0000000080001A1A] -> 0x0083
[4140] [M]: 0x0000000080001A18 (0x00833C23) sd x8, 0x18(x6)                         sv_Mtval+0
mem[W,0x0000000080008810] <- 0x00000001400003F8

mem[X,0x0000000080001A1C] -> 0x3483
mem[X,0x0000000080001A1E] -> 0x2181
[4141] [M]: 0x0000000080001A1C (0x21813483) ld x9, 0x218(x2)                        skp_Mtval+0
mem[R,0x0000000080004218] -> 0x0000000080008818
x9 <- 0x0000000080008818

clint mtime 0x0000000000000817 (mip.MTI <- 0b1, mip.STI <- 0b0)
mem[X,0x0000000080001A20] -> 0x3383
mem[X,0x0000000080001A22] -> 0x1F81
[4142] [M]: 0x0000000080001A20 (0x1F813383) ld x7, 0x1f8(x2)                        skp_Mtval+4
mem[R,0x00000000800041F8] -> 0x0000000080008110
x7 <- 0x0000000080008110

mem[X,0x0000000080001A24] -> 0x3303
mem[X,0x0000000080001A26] -> 0x2001
[4143] [M]: 0x0000000080001A24 (0x20013303) ld x6, 0x200(x2)                        skp_Mtval+8
mem[R,0x0000000080004200] -> 0x0000000000000810
x6 <- 0x0000000000000810

clint mtime 0x0000000000000818 (mip.MTI <- 0b1, mip.STI <- 0b0)
mem[X,0x0000000080001A28] -> 0x0333
mem[X,0x0000000080001A2A] -> 0x0073
[4144] [M]: 0x0000000080001A28 (0x00730333) add x6, x6, x7                          skp_Mtval+12
x6 <- 0x0000000080008920

mem[X,0x0000000080001A2C] -> 0x6AE3
mem[X,0x0000000080001A2E] -> 0xAC93
[4145] [M]: 0x0000000080001A2C (0xAC936AE3) bltu x6, x9, -0x52c                     skp_Mtval+16

clint mtime 0x0000000000000819 (mip.MTI <- 0b1, mip.STI <- 0b0)
mem[X,0x0000000080001A30] -> 0x0393
mem[X,0x0000000080001A32] -> 0x2000
[4146] [M]: 0x0000000080001A30 (0x20000393) addi x7, x0, 0x200                      skp_Mtval+20
x7 <- 0x0000000000000200

mem[X,0x0000000080001A34] -> 0x006F
mem[X,0x0000000080001A36] -> 0x0400
[4147] [M]: 0x0000000080001A34 (0x0400006F) jal x0, 0x40                            skp_Mtval+24

clint mtime 0x000000000000081A (mip.MTI <- 0b1, mip.STI <- 0b0)
mem[X,0x0000000080001A74] -> 0x0417
mem[X,0x0000000080001A76] -> 0x0000
[4148] [M]: 0x0000000080001A74 (0x00000417) auipc x8, 0x0                           spcl_Mhandler+0
x8 <- 0x0000000080001A74

mem[X,0x0000000080001A78] -> 0x0413
mem[X,0x0000000080001A7A] -> 0x03C4
[4149] [M]: 0x0000000080001A78 (0x03C40413) addi x8, x8, 0x3c                       spcl_Mhandler+4
x8 <- 0x0000000080001AB0

clint mtime 0x000000000000081B (mip.MTI <- 0b1, mip.STI <- 0b0)
mem[X,0x0000000080001A7C] -> 0x0433
mem[X,0x0000000080001A7E] -> 0x0074
[4150] [M]: 0x0000000080001A7C (0x00740433) add x8, x8, x7                          spcl_Mhandler+8
x8 <- 0x0000000080001CB0

mem[X,0x0000000080001A80] -> 0x1393
mem[X,0x0000000080001A82] -> 0x0035
[4151] [M]: 0x0000000080001A80 (0x00351393) slli x7, x10, 0x3                       spcl_Mhandler+12
x7 <- 0x0000000000000060

clint mtime 0x000000000000081C (mip.MTI <- 0b1, mip.STI <- 0b0)
mem[X,0x0000000080001A84] -> 0x0433
mem[X,0x0000000080001A86] -> 0x0074
[4152] [M]: 0x0000000080001A84 (0x00740433) add x8, x8, x7                          spcl_Mhandler+16
x8 <- 0x0000000080001D10

mem[X,0x0000000080001A88] -> 0x7413
mem[X,0x0000000080001A8A] -> 0xFF84
[4153] [M]: 0x0000000080001A88 (0xFF847413) andi x8, x8, -0x8                       spcl_Mhandler+20
x8 <- 0x0000000080001D10

clint mtime 0x000000000000081D (mip.MTI <- 0b1, mip.STI <- 0b0)
mem[X,0x0000000080001A8C] -> 0x3403
mem[X,0x0000000080001A8E] -> 0x0004
[4154] [M]: 0x0000000080001A8C (0x00043403) ld x8, 0x0(x8)                          spcl_Mhandler+24
mem[R,0x0000000080001D10] -> 0x0000000000000019
x8 <- 0x0000000000000019

mem[X,0x0000000080001A90] -> 0x02E3
mem[X,0x0000000080001A92] -> 0xB004
[4155] [M]: 0x0000000080001A90 (0xB00402E3) beq x8, x0, -0x4fc                      spcl_Mdispatch_hndling+0

clint mtime 0x000000000000081E (mip.MTI <- 0b1, mip.STI <- 0b0)
mem[X,0x0000000080001A94] -> 0x1393
mem[X,0x0000000080001A96] -> 0x03F4
[4156] [M]: 0x0000000080001A94 (0x03F41393) slli x7, x8, 0x3f                       spcl_Mdispatch_hndling+4
x7 <- 0x8000000000000000

mem[X,0x0000000080001A98] -> 0xD863
mem[X,0x0000000080001A9A] -> 0x0003
[4157] [M]: 0x0000000080001A98 (0x0003D863) bge x7, x0, 0x10                        spcl_Mdispatch_hndling+8

clint mtime 0x000000000000081F (mip.MTI <- 0b1, mip.STI <- 0b0)
mem[X,0x0000000080001A9C] -> 0x5413
mem[X,0x0000000080001A9E] -> 0x0014
[4158] [M]: 0x0000000080001A9C (0x00145413) srli x8, x8, 0x1                        spcl_Mdispatch_hndling+12
x8 <- 0x000000000000000C

mem[X,0x0000000080001AA0] -> 0x0CE3
mem[X,0x0000000080001AA2] -> 0xF885
[4159] [M]: 0x0000000080001AA0 (0xF8850CE3) beq x10, x8, -0x68                      spcl_Mdispatch_hndling+16

clint mtime 0x0000000000000820 (mip.MTI <- 0b1, mip.STI <- 0b0)
mem[X,0x0000000080001A38] -> 0x3303
mem[X,0x0000000080001A3A] -> 0x2601
[4160] [M]: 0x0000000080001A38 (0x26013303) ld x6, 0x260(x2)                        resto_Mrtn+0
mem[R,0x0000000080004260] -> 0xFFFFFFFF7FFFED6C
x6 <- 0xFFFFFFFF7FFFED6C

mem[X,0x0000000080001A3C] -> 0x3383
mem[X,0x0000000080001A3E] -> 0x2681
[4161] [M]: 0x0000000080001A3C (0x26813383) ld x7, 0x268(x2)                        resto_Mrtn+4
mem[R,0x0000000080004268] -> 0x0000000080004000
x7 <- 0x0000000080004000

clint mtime 0x0000000000000821 (mip.MTI <- 0b1, mip.STI <- 0b0)
mem[X,0x0000000080001A40] -> 0x3403
mem[X,0x0000000080001A42] -> 0x2701
[4162] [M]: 0x0000000080001A40 (0x27013403) ld x8, 0x270(x2)                        resto_Mrtn+8
mem[R,0x0000000080004270] -> 0x0000000000007F76
x8 <- 0x0000000000007F76

mem[X,0x0000000080001A44] -> 0x3483
mem[X,0x0000000080001A46] -> 0x2781
[4163] [M]: 0x0000000080001A44 (0x27813483) ld x9, 0x278(x2)                        resto_Mrtn+12
mem[R,0x0000000080004278] -> 0x00000001000001C8
x9 <- 0x00000001000001C8

clint mtime 0x0000000000000822 (mip.MTI <- 0b1, mip.STI <- 0b0)
mem[X,0x0000000080001A48] -> 0x3503
mem[X,0x0000000080001A4A] -> 0x2801
[4164] [M]: 0x0000000080001A48 (0x28013503) ld x10, 0x280(x2)                       resto_Mrtn+16
mem[R,0x0000000080004280] -> 0x00000000200000C5
x10 <- 0x00000000200000C5

mem[X,0x0000000080001A4C] -> 0x3583
mem[X,0x0000000080001A4E] -> 0x2881
[4165] [M]: 0x0000000080001A4C (0x28813583) ld x11, 0x288(x2)                       resto_Mrtn+20
mem[R,0x0000000080004288] -> 0x00000000000000C5
x11 <- 0x00000000000000C5

clint mtime 0x0000000000000823 (mip.MTI <- 0b1, mip.STI <- 0b0)
mem[X,0x0000000080001A50] -> 0x3103
mem[X,0x0000000080001A52] -> 0x2901
[4166] [M]: 0x0000000080001A50 (0x29013103) ld x2, 0x290(x2)                        resto_Mrtn+24
mem[R,0x0000000080004290] -> 0x0000000000000000
x2 <- 0x0000000000000000

mem[X,0x0000000080001A54] -> 0x0073
mem[X,0x0000000080001A56] -> 0x3020
[4167] [M]: 0x0000000080001A54 (0x30200073) mret                                    resto_Mrtn+28
CSR mstatus (0x300) <- 0x0000000A00000080
ret-ing from M to S

clint mtime 0x0000000000000824 (mip.MTI <- 0b1, mip.STI <- 0b0)
PTW: Start, vpn=0x180001, access_type=X, privilege=Smem[R,0x0000000080007030] -> 0x00000000200000CB
PTW: Step, level=2, pte=0x200000CB, pte_addr=0x80007030
PTW: Success, final_ppn=0x80001, level=2mem[X,0x00000000800014CC] -> 0x0013
PTW: Start, vpn=0x180001, access_type=X, privilege=Smem[R,0x0000000080007030] -> 0x00000000200000CB
PTW: Step, level=2, pte=0x200000CB, pte_addr=0x80007030
PTW: Success, final_ppn=0x80001, level=2mem[X,0x00000000800014CE] -> 0x0000
[4168] [S]: 0x00000001800014CC (0x00000013) addi x0, x0, 0x0                        va_rvtest_code_begin+3312

PTW: Start, vpn=0x180001, access_type=X, privilege=Smem[R,0x0000000080007030] -> 0x00000000200000CB
PTW: Step, level=2, pte=0x200000CB, pte_addr=0x80007030
PTW: Success, final_ppn=0x80001, level=2mem[X,0x00000000800014D0] -> 0x0013
PTW: Start, vpn=0x180001, access_type=X, privilege=Smem[R,0x0000000080007030] -> 0x00000000200000CB
PTW: Step, level=2, pte=0x200000CB, pte_addr=0x80007030
PTW: Success, final_ppn=0x80001, level=2mem[X,0x00000000800014D2] -> 0x0000
[4169] [S]: 0x00000001800014D0 (0x00000013) addi x0, x0, 0x0                        va_rvtest_code_begin+3316

clint mtime 0x0000000000000825 (mip.MTI <- 0b1, mip.STI <- 0b0)
PTW: Start, vpn=0x180001, access_type=X, privilege=Smem[R,0x0000000080007030] -> 0x00000000200000CB
PTW: Step, level=2, pte=0x200000CB, pte_addr=0x80007030
PTW: Success, final_ppn=0x80001, level=2mem[X,0x00000000800014D4] -> 0x0013
PTW: Start, vpn=0x180001, access_type=X, privilege=Smem[R,0x0000000080007030] -> 0x00000000200000CB
PTW: Step, level=2, pte=0x200000CB, pte_addr=0x80007030
PTW: Success, final_ppn=0x80001, level=2mem[X,0x00000000800014D6] -> 0x0000
[4170] [S]: 0x00000001800014D4 (0x00000013) addi x0, x0, 0x0                        va_rvtest_code_begin+3320

PTW: Start, vpn=0x180001, access_type=X, privilege=Smem[R,0x0000000080007030] -> 0x00000000200000CB
PTW: Step, level=2, pte=0x200000CB, pte_addr=0x80007030
PTW: Success, final_ppn=0x80001, level=2mem[X,0x00000000800014D8] -> 0x0113
PTW: Start, vpn=0x180001, access_type=X, privilege=Smem[R,0x0000000080007030] -> 0x00000000200000CB
PTW: Step, level=2, pte=0x200000CB, pte_addr=0x80007030
PTW: Success, final_ppn=0x80001, level=2mem[X,0x00000000800014DA] -> 0x0000
[4171] [S]: 0x00000001800014D8 (0x00000113) addi x2, x0, 0x0                        va_rvtest_code_begin+3324
x2 <- 0x0000000000000000

clint mtime 0x0000000000000826 (mip.MTI <- 0b1, mip.STI <- 0b0)
PTW: Start, vpn=0x180001, access_type=X, privilege=Smem[R,0x0000000080007030] -> 0x00000000200000CB
PTW: Step, level=2, pte=0x200000CB, pte_addr=0x80007030
PTW: Success, final_ppn=0x80001, level=2mem[X,0x00000000800014DC] -> 0x0073
PTW: Start, vpn=0x180001, access_type=X, privilege=Smem[R,0x0000000080007030] -> 0x00000000200000CB
PTW: Step, level=2, pte=0x200000CB, pte_addr=0x80007030
PTW: Success, final_ppn=0x80001, level=2mem[X,0x00000000800014DE] -> 0x0000
[4172] [S]: 0x00000001800014DC (0x00000073) ecall                                   va_rvtest_code_begin+3328
trapping from S to M to handle s-call
handling exc#s-call at priv M with tval 0x0000000000000000
CSR mstatus (0x300) <- 0x0000000A00000800
CSR mcause (0x342) <- 0x0000000000000009
CSR mtval (0x343) <- 0x0000000000000000
CSR mepc (0x341) <- 0x00000001800014DC

mem[X,0x0000000080001600] -> 0x006F
mem[X,0x0000000080001602] -> 0x1000
[4173] [M]: 0x0000000080001600 (0x1000006F) jal x0, 0x100                           Mtrampoline+0

clint mtime 0x0000000000000827 (mip.MTI <- 0b1, mip.STI <- 0b0)
mem[X,0x0000000080001700] -> 0x1173
mem[X,0x0000000080001702] -> 0x3401
[4174] [M]: 0x0000000080001700 (0x34011173) csrrw x2, mscratch, x2                  trap_Mhandler+0
CSR mscratch (0x340) <- 0x0000000000000000
x2 <- 0x0000000080004000

mem[X,0x0000000080001704] -> 0x3423
mem[X,0x0000000080001706] -> 0x28B1
[4175] [M]: 0x0000000080001704 (0x28B13423) sd x11, 0x288(x2)                       trap_Mhandler+4
mem[W,0x0000000080004288] <- 0x00000000000000C5

clint mtime 0x0000000000000828 (mip.MTI <- 0b1, mip.STI <- 0b0)
mem[X,0x0000000080001708] -> 0x05EF
mem[X,0x000000008000170A] -> 0x0B80
[4176] [M]: 0x0000000080001708 (0x0B8005EF) jal x11, 0xb8                           trap_Mhandler+8
x11 <- 0x000000008000170C

mem[X,0x00000000800017C0] -> 0x3023
mem[X,0x00000000800017C2] -> 0x28A1
[4177] [M]: 0x00000000800017C0 (0x28A13023) sd x10, 0x280(x2)                       common_Mhandler+0
mem[W,0x0000000080004280] <- 0x00000000200000C5

clint mtime 0x0000000000000829 (mip.MTI <- 0b1, mip.STI <- 0b0)
mem[X,0x00000000800017C4] -> 0x1573
mem[X,0x00000000800017C6] -> 0x3401
[4178] [M]: 0x00000000800017C4 (0x34011573) csrrw x10, mscratch, x2                 common_Mhandler+4
CSR mscratch (0x340) <- 0x0000000080004000
x10 <- 0x0000000000000000

mem[X,0x00000000800017C8] -> 0x3823
mem[X,0x00000000800017CA] -> 0x28A1
[4179] [M]: 0x00000000800017C8 (0x28A13823) sd x10, 0x290(x2)                       common_Mhandler+8
mem[W,0x0000000080004290] <- 0x0000000000000000

clint mtime 0x000000000000082A (mip.MTI <- 0b1, mip.STI <- 0b0)
mem[X,0x00000000800017CC] -> 0x3503
mem[X,0x00000000800017CE] -> 0x2301
[4180] [M]: 0x00000000800017CC (0x23013503) ld x10, 0x230(x2)                       common_Mhandler+12
mem[R,0x0000000080004230] -> 0x00000000800017D4
x10 <- 0x00000000800017D4

mem[X,0x00000000800017D0] -> 0x0067
mem[X,0x00000000800017D2] -> 0x0005
[4181] [M]: 0x00000000800017D0 (0x00050067) jalr x0, 0x0(x10)                       common_Mhandler+16

clint mtime 0x000000000000082B (mip.MTI <- 0b1, mip.STI <- 0b0)
mem[X,0x00000000800017D4] -> 0x3C23
mem[X,0x00000000800017D6] -> 0x2691
[4182] [M]: 0x00000000800017D4 (0x26913C23) sd x9, 0x278(x2)                        common_Mentry+0
mem[W,0x0000000080004278] <- 0x00000001000001C8

mem[X,0x00000000800017D8] -> 0x3823
mem[X,0x00000000800017DA] -> 0x2681
[4183] [M]: 0x00000000800017D8 (0x26813823) sd x8, 0x270(x2)                        common_Mentry+4
mem[W,0x0000000080004270] <- 0x0000000000007F76

clint mtime 0x000000000000082C (mip.MTI <- 0b1, mip.STI <- 0b0)
mem[X,0x00000000800017DC] -> 0x3423
mem[X,0x00000000800017DE] -> 0x2671
[4184] [M]: 0x00000000800017DC (0x26713423) sd x7, 0x268(x2)                        common_Mentry+8
mem[W,0x0000000080004268] <- 0x0000000080004000

mem[X,0x00000000800017E0] -> 0x3023
mem[X,0x00000000800017E2] -> 0x2661
[4185] [M]: 0x00000000800017E0 (0x26613023) sd x6, 0x260(x2)                        common_Mentry+12
mem[W,0x0000000080004260] <- 0xFFFFFFFF7FFFED6C

clint mtime 0x000000000000082D (mip.MTI <- 0b1, mip.STI <- 0b0)
mem[X,0x00000000800017E4] -> 0x2573
mem[X,0x00000000800017E6] -> 0x3420
[4186] [M]: 0x00000000800017E4 (0x34202573) csrrs x10, mcause, x0                   spcl_M2mmode_test+0
CSR mcause (0x342) -> 0x0000000000000009
x10 <- 0x0000000000000009

mem[X,0x00000000800017E8] -> 0x04B7
mem[X,0x00000000800017EA] -> 0x8000
[4187] [M]: 0x00000000800017E8 (0x800004B7) lui x9, -0x80000                        spcl_M2mmode_test+4
x9 <- 0xFFFFFFFF80000000

clint mtime 0x000000000000082E (mip.MTI <- 0b1, mip.STI <- 0b0)
mem[X,0x00000000800017EC] -> 0x8493
mem[X,0x00000000800017EE] -> 0x0004
[4188] [M]: 0x00000000800017EC (0x00048493) addi x9, x9, 0x0                        spcl_M2mmode_test+8
x9 <- 0xFFFFFFFF80000000

mem[X,0x00000000800017F0] -> 0x9493
mem[X,0x00000000800017F2] -> 0x00B4
[4189] [M]: 0x00000000800017F0 (0x00B49493) slli x9, x9, 0xb                        spcl_M2mmode_test+12
x9 <- 0xFFFFFC0000000000

clint mtime 0x000000000000082F (mip.MTI <- 0b1, mip.STI <- 0b0)
mem[X,0x00000000800017F4] -> 0x8493
mem[X,0x00000000800017F6] -> 0x0004
[4190] [M]: 0x00000000800017F4 (0x00048493) addi x9, x9, 0x0                        spcl_M2mmode_test+16
x9 <- 0xFFFFFC0000000000

mem[X,0x00000000800017F8] -> 0x9493
mem[X,0x00000000800017FA] -> 0x00B4
[4191] [M]: 0x00000000800017F8 (0x00B49493) slli x9, x9, 0xb                        spcl_M2mmode_test+20
x9 <- 0xFFE0000000000000

clint mtime 0x0000000000000830 (mip.MTI <- 0b1, mip.STI <- 0b0)
mem[X,0x00000000800017FC] -> 0x8493
mem[X,0x00000000800017FE] -> 0x0034
[4192] [M]: 0x00000000800017FC (0x00348493) addi x9, x9, 0x3                        spcl_M2mmode_test+24
x9 <- 0xFFE0000000000003

mem[X,0x0000000080001800] -> 0x9493
mem[X,0x0000000080001802] -> 0x00A4
[4193] [M]: 0x0000000080001800 (0x00A49493) slli x9, x9, 0xa                        spcl_M2mmode_test+28
x9 <- 0x8000000000000C00

clint mtime 0x0000000000000831 (mip.MTI <- 0b1, mip.STI <- 0b0)
mem[X,0x0000000080001804] -> 0x8493
mem[X,0x0000000080001806] -> 0x3FC4
[4194] [M]: 0x0000000080001804 (0x3FC48493) addi x9, x9, 0x3fc                      spcl_M2mmode_test+32
x9 <- 0x8000000000000FFC

mem[X,0x0000000080001808] -> 0xF4B3
mem[X,0x000000008000180A] -> 0x00A4
[4195] [M]: 0x0000000080001808 (0x00A4F4B3) and x9, x9, x10                         spcl_M2mmode_test+36
x9 <- 0x0000000000000008

clint mtime 0x0000000000000832 (mip.MTI <- 0b1, mip.STI <- 0b0)
mem[X,0x000000008000180C] -> 0x8493
mem[X,0x000000008000180E] -> 0xFF84
[4196] [M]: 0x000000008000180C (0xFF848493) addi x9, x9, -0x8                       spcl_M2mmode_test+40
x9 <- 0x0000000000000000

mem[X,0x0000000080001810] -> 0x9663
mem[X,0x0000000080001812] -> 0x0004
[4197] [M]: 0x0000000080001810 (0x00049663) bne x9, x0, 0xc                         spcl_M2mmode_test+44

clint mtime 0x0000000000000833 (mip.MTI <- 0b1, mip.STI <- 0b0)
mem[X,0x0000000080001814] -> 0x3383
mem[X,0x0000000080001816] -> 0x2901
[4198] [M]: 0x0000000080001814 (0x29013383) ld x7, 0x290(x2)                        spcl_M2mmode_test+48
mem[R,0x0000000080004290] -> 0x0000000000000000
x7 <- 0x0000000000000000

mem[X,0x0000000080001818] -> 0x8663
mem[X,0x000000008000181A] -> 0x6E03
[4199] [M]: 0x0000000080001818 (0x6E038663) beq x7, x0, 0x6ec                       spcl_M2mmode_test+52

clint mtime 0x0000000000000834 (mip.MTI <- 0b1, mip.STI <- 0b0)
mem[X,0x0000000080001F04] -> 0x0493
mem[X,0x0000000080001F06] -> 0xFF55
[4200] [M]: 0x0000000080001F04 (0xFF550493) addi x9, x10, -0xb                      rtn2mmode+0
x9 <- 0xFFFFFFFFFFFFFFFE

mem[X,0x0000000080001F08] -> 0x8C63
mem[X,0x0000000080001F0A] -> 0x0004
[4201] [M]: 0x0000000080001F08 (0x00048C63) beq x9, x0, 0x18                        rtn2mmode+4

clint mtime 0x0000000000000835 (mip.MTI <- 0b1, mip.STI <- 0b0)
mem[X,0x0000000080001F0C] -> 0x3583
mem[X,0x0000000080001F0E] -> 0x4701
[4202] [M]: 0x0000000080001F0C (0x47013583) ld x11, 0x470(x2)                       rtn2mmode+8
mem[R,0x0000000080004470] -> 0x00000001800007DC
x11 <- 0x00000001800007DC

mem[X,0x0000000080001F10] -> 0xD463
mem[X,0x0000000080001F12] -> 0x0003
[4203] [M]: 0x0000000080001F10 (0x0003D463) bge x7, x0, 0x8                         rtn2mmode+12

clint mtime 0x0000000000000836 (mip.MTI <- 0b1, mip.STI <- 0b0)
mem[X,0x0000000080001F18] -> 0x3483
mem[X,0x0000000080001F1A] -> 0x1D81
[4204] [M]: 0x0000000080001F18 (0x1D813483) ld x9, 0x1d8(x2)                        from_u_s+0
mem[R,0x00000000800041D8] -> 0x00000000800007F4
x9 <- 0x00000000800007F4

mem[X,0x0000000080001F1C] -> 0x84B3
mem[X,0x0000000080001F1E] -> 0x40B4
[4205] [M]: 0x0000000080001F1C (0x40B484B3) sub x9, x9, x11                         from_u_s+4
x9 <- 0xFFFFFFFF00000018

clint mtime 0x0000000000000837 (mip.MTI <- 0b1, mip.STI <- 0b0)
mem[X,0x0000000080001F20] -> 0x23F3
mem[X,0x0000000080001F22] -> 0x3410
[4206] [M]: 0x0000000080001F20 (0x341023F3) csrrs x7, mepc, x0                      rtn_fm_mmode+0
CSR mepc (0x341) -> 0x00000001800014DC
x7 <- 0x00000001800014DC

mem[X,0x0000000080001F24] -> 0x83B3
mem[X,0x0000000080001F26] -> 0x0093
[4207] [M]: 0x0000000080001F24 (0x009383B3) add x7, x7, x9                          rtn_fm_mmode+4
x7 <- 0x00000000800014F4

clint mtime 0x0000000000000838 (mip.MTI <- 0b1, mip.STI <- 0b0)
mem[X,0x0000000080001F28] -> 0x3303
mem[X,0x0000000080001F2A] -> 0x2601
[4208] [M]: 0x0000000080001F28 (0x26013303) ld x6, 0x260(x2)                        rtn_fm_mmode+8
mem[R,0x0000000080004260] -> 0xFFFFFFFF7FFFED6C
x6 <- 0xFFFFFFFF7FFFED6C

mem[X,0x0000000080001F2C] -> 0x3403
mem[X,0x0000000080001F2E] -> 0x2701
[4209] [M]: 0x0000000080001F2C (0x27013403) ld x8, 0x270(x2)                        rtn_fm_mmode+12
mem[R,0x0000000080004270] -> 0x0000000000007F76
x8 <- 0x0000000000007F76

clint mtime 0x0000000000000839 (mip.MTI <- 0b1, mip.STI <- 0b0)
mem[X,0x0000000080001F30] -> 0x3483
mem[X,0x0000000080001F32] -> 0x2781
[4210] [M]: 0x0000000080001F30 (0x27813483) ld x9, 0x278(x2)                        rtn_fm_mmode+16
mem[R,0x0000000080004278] -> 0x00000001000001C8
x9 <- 0x00000001000001C8

mem[X,0x0000000080001F34] -> 0x3503
mem[X,0x0000000080001F36] -> 0x2801
[4211] [M]: 0x0000000080001F34 (0x28013503) ld x10, 0x280(x2)                       rtn_fm_mmode+20
mem[R,0x0000000080004280] -> 0x00000000200000C5
x10 <- 0x00000000200000C5

clint mtime 0x000000000000083A (mip.MTI <- 0b1, mip.STI <- 0b0)
mem[X,0x0000000080001F38] -> 0x3583
mem[X,0x0000000080001F3A] -> 0x2881
[4212] [M]: 0x0000000080001F38 (0x28813583) ld x11, 0x288(x2)                       rtn_fm_mmode+24
mem[R,0x0000000080004288] -> 0x00000000000000C5
x11 <- 0x00000000000000C5

mem[X,0x0000000080001F3C] -> 0x3103
mem[X,0x0000000080001F3E] -> 0x2901
[4213] [M]: 0x0000000080001F3C (0x29013103) ld x2, 0x290(x2)                        rtn_fm_mmode+28
mem[R,0x0000000080004290] -> 0x0000000000000000
x2 <- 0x0000000000000000

clint mtime 0x000000000000083B (mip.MTI <- 0b1, mip.STI <- 0b0)
mem[X,0x0000000080001F40] -> 0x8067
mem[X,0x0000000080001F42] -> 0x0043
[4214] [M]: 0x0000000080001F40 (0x00438067) jalr x0, 0x4(x7)                        rtn_fm_mmode+32

mem[X,0x00000000800014F8] -> 0x0113
mem[X,0x00000000800014FA] -> 0x0000
[4215] [M]: 0x00000000800014F8 (0x00000113) addi x2, x0, 0x0                        rvtest_code_end+0
x2 <- 0x0000000000000000

clint mtime 0x000000000000083C (mip.MTI <- 0b1, mip.STI <- 0b0)
mem[X,0x00000000800014FC] -> 0x0073
mem[X,0x00000000800014FE] -> 0x0000
[4216] [M]: 0x00000000800014FC (0x00000073) ecall                                   rvtest_code_end+4
trapping from M to M to handle m-call
handling exc#m-call at priv M with tval 0x0000000000000000
CSR mstatus (0x300) <- 0x0000000A00001800
CSR mcause (0x342) <- 0x000000000000000B
CSR mtval (0x343) <- 0x0000000000000000
CSR mepc (0x341) <- 0x00000000800014FC

mem[X,0x0000000080001600] -> 0x006F
mem[X,0x0000000080001602] -> 0x1000
[4217] [M]: 0x0000000080001600 (0x1000006F) jal x0, 0x100                           Mtrampoline+0

clint mtime 0x000000000000083D (mip.MTI <- 0b1, mip.STI <- 0b0)
mem[X,0x0000000080001700] -> 0x1173
mem[X,0x0000000080001702] -> 0x3401
[4218] [M]: 0x0000000080001700 (0x34011173) csrrw x2, mscratch, x2                  trap_Mhandler+0
CSR mscratch (0x340) <- 0x0000000000000000
x2 <- 0x0000000080004000

mem[X,0x0000000080001704] -> 0x3423
mem[X,0x0000000080001706] -> 0x28B1
[4219] [M]: 0x0000000080001704 (0x28B13423) sd x11, 0x288(x2)                       trap_Mhandler+4
mem[W,0x0000000080004288] <- 0x00000000000000C5

clint mtime 0x000000000000083E (mip.MTI <- 0b1, mip.STI <- 0b0)
mem[X,0x0000000080001708] -> 0x05EF
mem[X,0x000000008000170A] -> 0x0B80
[4220] [M]: 0x0000000080001708 (0x0B8005EF) jal x11, 0xb8                           trap_Mhandler+8
x11 <- 0x000000008000170C

mem[X,0x00000000800017C0] -> 0x3023
mem[X,0x00000000800017C2] -> 0x28A1
[4221] [M]: 0x00000000800017C0 (0x28A13023) sd x10, 0x280(x2)                       common_Mhandler+0
mem[W,0x0000000080004280] <- 0x00000000200000C5

clint mtime 0x000000000000083F (mip.MTI <- 0b1, mip.STI <- 0b0)
mem[X,0x00000000800017C4] -> 0x1573
mem[X,0x00000000800017C6] -> 0x3401
[4222] [M]: 0x00000000800017C4 (0x34011573) csrrw x10, mscratch, x2                 common_Mhandler+4
CSR mscratch (0x340) <- 0x0000000080004000
x10 <- 0x0000000000000000

mem[X,0x00000000800017C8] -> 0x3823
mem[X,0x00000000800017CA] -> 0x28A1
[4223] [M]: 0x00000000800017C8 (0x28A13823) sd x10, 0x290(x2)                       common_Mhandler+8
mem[W,0x0000000080004290] <- 0x0000000000000000

clint mtime 0x0000000000000840 (mip.MTI <- 0b1, mip.STI <- 0b0)
mem[X,0x00000000800017CC] -> 0x3503
mem[X,0x00000000800017CE] -> 0x2301
[4224] [M]: 0x00000000800017CC (0x23013503) ld x10, 0x230(x2)                       common_Mhandler+12
mem[R,0x0000000080004230] -> 0x00000000800017D4
x10 <- 0x00000000800017D4

mem[X,0x00000000800017D0] -> 0x0067
mem[X,0x00000000800017D2] -> 0x0005
[4225] [M]: 0x00000000800017D0 (0x00050067) jalr x0, 0x0(x10)                       common_Mhandler+16

clint mtime 0x0000000000000841 (mip.MTI <- 0b1, mip.STI <- 0b0)
mem[X,0x00000000800017D4] -> 0x3C23
mem[X,0x00000000800017D6] -> 0x2691
[4226] [M]: 0x00000000800017D4 (0x26913C23) sd x9, 0x278(x2)                        common_Mentry+0
mem[W,0x0000000080004278] <- 0x00000001000001C8

mem[X,0x00000000800017D8] -> 0x3823
mem[X,0x00000000800017DA] -> 0x2681
[4227] [M]: 0x00000000800017D8 (0x26813823) sd x8, 0x270(x2)                        common_Mentry+4
mem[W,0x0000000080004270] <- 0x0000000000007F76

clint mtime 0x0000000000000842 (mip.MTI <- 0b1, mip.STI <- 0b0)
mem[X,0x00000000800017DC] -> 0x3423
mem[X,0x00000000800017DE] -> 0x2671
[4228] [M]: 0x00000000800017DC (0x26713423) sd x7, 0x268(x2)                        common_Mentry+8
mem[W,0x0000000080004268] <- 0x00000000800014F4

mem[X,0x00000000800017E0] -> 0x3023
mem[X,0x00000000800017E2] -> 0x2661
[4229] [M]: 0x00000000800017E0 (0x26613023) sd x6, 0x260(x2)                        common_Mentry+12
mem[W,0x0000000080004260] <- 0xFFFFFFFF7FFFED6C

clint mtime 0x0000000000000843 (mip.MTI <- 0b1, mip.STI <- 0b0)
mem[X,0x00000000800017E4] -> 0x2573
mem[X,0x00000000800017E6] -> 0x3420
[4230] [M]: 0x00000000800017E4 (0x34202573) csrrs x10, mcause, x0                   spcl_M2mmode_test+0
CSR mcause (0x342) -> 0x000000000000000B
x10 <- 0x000000000000000B

mem[X,0x00000000800017E8] -> 0x04B7
mem[X,0x00000000800017EA] -> 0x8000
[4231] [M]: 0x00000000800017E8 (0x800004B7) lui x9, -0x80000                        spcl_M2mmode_test+4
x9 <- 0xFFFFFFFF80000000

clint mtime 0x0000000000000844 (mip.MTI <- 0b1, mip.STI <- 0b0)
mem[X,0x00000000800017EC] -> 0x8493
mem[X,0x00000000800017EE] -> 0x0004
[4232] [M]: 0x00000000800017EC (0x00048493) addi x9, x9, 0x0                        spcl_M2mmode_test+8
x9 <- 0xFFFFFFFF80000000

mem[X,0x00000000800017F0] -> 0x9493
mem[X,0x00000000800017F2] -> 0x00B4
[4233] [M]: 0x00000000800017F0 (0x00B49493) slli x9, x9, 0xb                        spcl_M2mmode_test+12
x9 <- 0xFFFFFC0000000000

clint mtime 0x0000000000000845 (mip.MTI <- 0b1, mip.STI <- 0b0)
mem[X,0x00000000800017F4] -> 0x8493
mem[X,0x00000000800017F6] -> 0x0004
[4234] [M]: 0x00000000800017F4 (0x00048493) addi x9, x9, 0x0                        spcl_M2mmode_test+16
x9 <- 0xFFFFFC0000000000

mem[X,0x00000000800017F8] -> 0x9493
mem[X,0x00000000800017FA] -> 0x00B4
[4235] [M]: 0x00000000800017F8 (0x00B49493) slli x9, x9, 0xb                        spcl_M2mmode_test+20
x9 <- 0xFFE0000000000000

clint mtime 0x0000000000000846 (mip.MTI <- 0b1, mip.STI <- 0b0)
mem[X,0x00000000800017FC] -> 0x8493
mem[X,0x00000000800017FE] -> 0x0034
[4236] [M]: 0x00000000800017FC (0x00348493) addi x9, x9, 0x3                        spcl_M2mmode_test+24
x9 <- 0xFFE0000000000003

mem[X,0x0000000080001800] -> 0x9493
mem[X,0x0000000080001802] -> 0x00A4
[4237] [M]: 0x0000000080001800 (0x00A49493) slli x9, x9, 0xa                        spcl_M2mmode_test+28
x9 <- 0x8000000000000C00

clint mtime 0x0000000000000847 (mip.MTI <- 0b1, mip.STI <- 0b0)
mem[X,0x0000000080001804] -> 0x8493
mem[X,0x0000000080001806] -> 0x3FC4
[4238] [M]: 0x0000000080001804 (0x3FC48493) addi x9, x9, 0x3fc                      spcl_M2mmode_test+32
x9 <- 0x8000000000000FFC

mem[X,0x0000000080001808] -> 0xF4B3
mem[X,0x000000008000180A] -> 0x00A4
[4239] [M]: 0x0000000080001808 (0x00A4F4B3) and x9, x9, x10                         spcl_M2mmode_test+36
x9 <- 0x0000000000000008

clint mtime 0x0000000000000848 (mip.MTI <- 0b1, mip.STI <- 0b0)
mem[X,0x000000008000180C] -> 0x8493
mem[X,0x000000008000180E] -> 0xFF84
[4240] [M]: 0x000000008000180C (0xFF848493) addi x9, x9, -0x8                       spcl_M2mmode_test+40
x9 <- 0x0000000000000000

mem[X,0x0000000080001810] -> 0x9663
mem[X,0x0000000080001812] -> 0x0004
[4241] [M]: 0x0000000080001810 (0x00049663) bne x9, x0, 0xc                         spcl_M2mmode_test+44

clint mtime 0x0000000000000849 (mip.MTI <- 0b1, mip.STI <- 0b0)
mem[X,0x0000000080001814] -> 0x3383
mem[X,0x0000000080001816] -> 0x2901
[4242] [M]: 0x0000000080001814 (0x29013383) ld x7, 0x290(x2)                        spcl_M2mmode_test+48
mem[R,0x0000000080004290] -> 0x0000000000000000
x7 <- 0x0000000000000000

mem[X,0x0000000080001818] -> 0x8663
mem[X,0x000000008000181A] -> 0x6E03
[4243] [M]: 0x0000000080001818 (0x6E038663) beq x7, x0, 0x6ec                       spcl_M2mmode_test+52

clint mtime 0x000000000000084A (mip.MTI <- 0b1, mip.STI <- 0b0)
mem[X,0x0000000080001F04] -> 0x0493
mem[X,0x0000000080001F06] -> 0xFF55
[4244] [M]: 0x0000000080001F04 (0xFF550493) addi x9, x10, -0xb                      rtn2mmode+0
x9 <- 0x0000000000000000

mem[X,0x0000000080001F08] -> 0x8C63
mem[X,0x0000000080001F0A] -> 0x0004
[4245] [M]: 0x0000000080001F08 (0x00048C63) beq x9, x0, 0x18                        rtn2mmode+4

clint mtime 0x000000000000084B (mip.MTI <- 0b1, mip.STI <- 0b0)
mem[X,0x0000000080001F20] -> 0x23F3
mem[X,0x0000000080001F22] -> 0x3410
[4246] [M]: 0x0000000080001F20 (0x341023F3) csrrs x7, mepc, x0                      rtn_fm_mmode+0
CSR mepc (0x341) -> 0x00000000800014FC
x7 <- 0x00000000800014FC

mem[X,0x0000000080001F24] -> 0x83B3
mem[X,0x0000000080001F26] -> 0x0093
[4247] [M]: 0x0000000080001F24 (0x009383B3) add x7, x7, x9                          rtn_fm_mmode+4
x7 <- 0x00000000800014FC

clint mtime 0x000000000000084C (mip.MTI <- 0b1, mip.STI <- 0b0)
mem[X,0x0000000080001F28] -> 0x3303
mem[X,0x0000000080001F2A] -> 0x2601
[4248] [M]: 0x0000000080001F28 (0x26013303) ld x6, 0x260(x2)                        rtn_fm_mmode+8
mem[R,0x0000000080004260] -> 0xFFFFFFFF7FFFED6C
x6 <- 0xFFFFFFFF7FFFED6C

mem[X,0x0000000080001F2C] -> 0x3403
mem[X,0x0000000080001F2E] -> 0x2701
[4249] [M]: 0x0000000080001F2C (0x27013403) ld x8, 0x270(x2)                        rtn_fm_mmode+12
mem[R,0x0000000080004270] -> 0x0000000000007F76
x8 <- 0x0000000000007F76

clint mtime 0x000000000000084D (mip.MTI <- 0b1, mip.STI <- 0b0)
mem[X,0x0000000080001F30] -> 0x3483
mem[X,0x0000000080001F32] -> 0x2781
[4250] [M]: 0x0000000080001F30 (0x27813483) ld x9, 0x278(x2)                        rtn_fm_mmode+16
mem[R,0x0000000080004278] -> 0x00000001000001C8
x9 <- 0x00000001000001C8

mem[X,0x0000000080001F34] -> 0x3503
mem[X,0x0000000080001F36] -> 0x2801
[4251] [M]: 0x0000000080001F34 (0x28013503) ld x10, 0x280(x2)                       rtn_fm_mmode+20
mem[R,0x0000000080004280] -> 0x00000000200000C5
x10 <- 0x00000000200000C5

clint mtime 0x000000000000084E (mip.MTI <- 0b1, mip.STI <- 0b0)
mem[X,0x0000000080001F38] -> 0x3583
mem[X,0x0000000080001F3A] -> 0x2881
[4252] [M]: 0x0000000080001F38 (0x28813583) ld x11, 0x288(x2)                       rtn_fm_mmode+24
mem[R,0x0000000080004288] -> 0x00000000000000C5
x11 <- 0x00000000000000C5

mem[X,0x0000000080001F3C] -> 0x3103
mem[X,0x0000000080001F3E] -> 0x2901
[4253] [M]: 0x0000000080001F3C (0x29013103) ld x2, 0x290(x2)                        rtn_fm_mmode+28
mem[R,0x0000000080004290] -> 0x0000000000000000
x2 <- 0x0000000000000000

clint mtime 0x000000000000084F (mip.MTI <- 0b1, mip.STI <- 0b0)
mem[X,0x0000000080001F40] -> 0x8067
mem[X,0x0000000080001F42] -> 0x0043
[4254] [M]: 0x0000000080001F40 (0x00438067) jalr x0, 0x4(x7)                        rtn_fm_mmode+32

mem[X,0x0000000080001500] -> 0x2373
mem[X,0x0000000080001502] -> 0x3400
[4255] [M]: 0x0000000080001500 (0x34002373) csrrs x6, mscratch, x0                  exit_Scleanup+0
CSR mscratch (0x340) -> 0x0000000080004000
x6 <- 0x0000000080004000

clint mtime 0x0000000000000850 (mip.MTI <- 0b1, mip.STI <- 0b0)
mem[X,0x0000000080001504] -> 0x0313
mem[X,0x0000000080001506] -> 0x2983
[4256] [M]: 0x0000000080001504 (0x29830313) addi x6, x6, 0x298                      exit_Scleanup+4
x6 <- 0x0000000080004298

mem[X,0x0000000080001508] -> 0x3383
mem[X,0x000000008000150A] -> 0x2383
[4257] [M]: 0x0000000080001508 (0x23833383) ld x7, 0x238(x6)                        resto_Sedeleg+0
mem[R,0x00000000800044D0] -> 0x0000000000000000
x7 <- 0x0000000000000000

clint mtime 0x0000000000000851 (mip.MTI <- 0b1, mip.STI <- 0b0)
mem[X,0x000000008000150C] -> 0x3383
mem[X,0x000000008000150E] -> 0x2203
[4258] [M]: 0x000000008000150C (0x22033383) ld x7, 0x220(x6)                        resto_Ssatp+0
mem[R,0x00000000800044B8] -> 0x0000000000000000
x7 <- 0x0000000000000000

mem[X,0x0000000080001510] -> 0x9073
mem[X,0x0000000080001512] -> 0x1803
[4259] [M]: 0x0000000080001510 (0x18039073) csrrw x0, satp, x7                      resto_Ssatp+4
CSR satp (0x180) <- 0x0000000000000000

clint mtime 0x0000000000000852 (mip.MTI <- 0b1, mip.STI <- 0b0)
mem[X,0x0000000080001514] -> 0x3503
mem[X,0x0000000080001516] -> 0x2503
[4260] [M]: 0x0000000080001514 (0x25033503) ld x10, 0x250(x6)                       resto_Sscratch+0
mem[R,0x00000000800044E8] -> 0x0000000000000000
x10 <- 0x0000000000000000

mem[X,0x0000000080001518] -> 0x1073
mem[X,0x000000008000151A] -> 0x1405
[4261] [M]: 0x0000000080001518 (0x14051073) csrrw x0, sscratch, x10                 resto_Sscratch+4
CSR sscratch (0x140) <- 0x0000000000000000

clint mtime 0x0000000000000853 (mip.MTI <- 0b1, mip.STI <- 0b0)
mem[X,0x000000008000151C] -> 0x3483
mem[X,0x000000008000151E] -> 0x2483
[4262] [M]: 0x000000008000151C (0x24833483) ld x9, 0x248(x6)                        resto_Sxtvec+0
mem[R,0x00000000800044E0] -> 0x0000000000000000
x9 <- 0x0000000000000000

mem[X,0x0000000080001520] -> 0x93F3
mem[X,0x0000000080001522] -> 0x1054
[4263] [M]: 0x0000000080001520 (0x105493F3) csrrw x7, stvec, x9                     resto_Sxtvec+4
CSR stvec (0x105) <- 0x0000000000000000
x7 <- 0x0000000080001F80

clint mtime 0x0000000000000854 (mip.MTI <- 0b1, mip.STI <- 0b0)
mem[X,0x0000000080001524] -> 0xF493
mem[X,0x0000000080001526] -> 0xFFC4
[4264] [M]: 0x0000000080001524 (0xFFC4F493) andi x9, x9, -0x4                       resto_Sxtvec+8
x9 <- 0x0000000000000000

mem[X,0x0000000080001528] -> 0xF393
mem[X,0x000000008000152A] -> 0xFFC3
[4265] [M]: 0x0000000080001528 (0xFFC3F393) andi x7, x7, -0x4                       resto_Sxtvec+12
x7 <- 0x0000000080001F80

clint mtime 0x0000000000000855 (mip.MTI <- 0b1, mip.STI <- 0b0)
mem[X,0x000000008000152C] -> 0x9063
mem[X,0x000000008000152E] -> 0x0274
[4266] [M]: 0x000000008000152C (0x02749063) bne x9, x7, 0x20                        resto_Sxtvec+16

mem[X,0x000000008000154C] -> 0x2373
mem[X,0x000000008000154E] -> 0x3400
[4267] [M]: 0x000000008000154C (0x34002373) csrrs x6, mscratch, x0                  rvtest_Send+0
CSR mscratch (0x340) -> 0x0000000080004000
x6 <- 0x0000000080004000

clint mtime 0x0000000000000856 (mip.MTI <- 0b1, mip.STI <- 0b0)
mem[X,0x0000000080001550] -> 0x3383
mem[X,0x0000000080001552] -> 0x2383
[4268] [M]: 0x0000000080001550 (0x23833383) ld x7, 0x238(x6)                        resto_Medeleg+0
mem[R,0x0000000080004238] -> 0x0000000000000000
x7 <- 0x0000000000000000

mem[X,0x0000000080001554] -> 0x9073
mem[X,0x0000000080001556] -> 0x3023
[4269] [M]: 0x0000000080001554 (0x30239073) csrrw x0, medeleg, x7                   resto_Medeleg+4
CSR medeleg (0x302) <- 0x0000000000000000

clint mtime 0x0000000000000857 (mip.MTI <- 0b1, mip.STI <- 0b0)
mem[X,0x0000000080001558] -> 0x3503
mem[X,0x000000008000155A] -> 0x2503
[4270] [M]: 0x0000000080001558 (0x25033503) ld x10, 0x250(x6)                       resto_Mscratch+0
mem[R,0x0000000080004250] -> 0x0000000000000000
x10 <- 0x0000000000000000

mem[X,0x000000008000155C] -> 0x1073
mem[X,0x000000008000155E] -> 0x3405
[4271] [M]: 0x000000008000155C (0x34051073) csrrw x0, mscratch, x10                 resto_Mscratch+4
CSR mscratch (0x340) <- 0x0000000000000000

clint mtime 0x0000000000000858 (mip.MTI <- 0b1, mip.STI <- 0b0)
mem[X,0x0000000080001560] -> 0x3483
mem[X,0x0000000080001562] -> 0x2483
[4272] [M]: 0x0000000080001560 (0x24833483) ld x9, 0x248(x6)                        resto_Mxtvec+0
mem[R,0x0000000080004248] -> 0x0000000000000000
x9 <- 0x0000000000000000

mem[X,0x0000000080001564] -> 0x93F3
mem[X,0x0000000080001566] -> 0x3054
[4273] [M]: 0x0000000080001564 (0x305493F3) csrrw x7, mtvec, x9                     resto_Mxtvec+4
CSR mtvec (0x305) <- 0x0000000000000000
x7 <- 0x0000000080001600

clint mtime 0x0000000000000859 (mip.MTI <- 0b1, mip.STI <- 0b0)
mem[X,0x0000000080001568] -> 0xF493
mem[X,0x000000008000156A] -> 0xFFC4
[4274] [M]: 0x0000000080001568 (0xFFC4F493) andi x9, x9, -0x4                       resto_Mxtvec+8
x9 <- 0x0000000000000000

mem[X,0x000000008000156C] -> 0xF393
mem[X,0x000000008000156E] -> 0xFFC3
[4275] [M]: 0x000000008000156C (0xFFC3F393) andi x7, x7, -0x4                       resto_Mxtvec+12
x7 <- 0x0000000080001600

clint mtime 0x000000000000085A (mip.MTI <- 0b1, mip.STI <- 0b0)
mem[X,0x0000000080001570] -> 0x9063
mem[X,0x0000000080001572] -> 0x0274
[4276] [M]: 0x0000000080001570 (0x02749063) bne x9, x7, 0x20                        resto_Mxtvec+16

mem[X,0x0000000080001590] -> 0x106F
mem[X,0x0000000080001592] -> 0x29C0
[4277] [M]: 0x0000000080001590 (0x29C0106F) jal x0, 0x129c                          rvtest_Mend+0

clint mtime 0x000000000000085B (mip.MTI <- 0b1, mip.STI <- 0b0)
mem[X,0x000000008000282C] -> 0x0093
mem[X,0x000000008000282E] -> 0x0010
[4278] [M]: 0x000000008000282C (0x00100093) addi x1, x0, 0x1                        exit_cleanup+0
x1 <- 0x0000000000000001

mem[X,0x0000000080002830] -> 0x0397
mem[X,0x0000000080002832] -> 0x0000
[4279] [M]: 0x0000000080002830 (0x00000397) auipc x7, 0x0                           exit_cleanup+4
x7 <- 0x0000000080002830

clint mtime 0x000000000000085C (mip.MTI <- 0b1, mip.STI <- 0b0)
mem[X,0x0000000080002834] -> 0xA823
mem[X,0x0000000080002836] -> 0x7C13
[4280] [M]: 0x0000000080002834 (0x7C13A823) sw x1, 0x7d0(x7)                        exit_cleanup+8
htif[0x0000000080003000] <- 0x00000001
mem[W,0x0000000080003000] <- 0x00000001

mem[X,0x0000000080002838] -> 0xF06F
mem[X,0x000000008000283A] -> 0xFF9F
[4281] [M]: 0x0000000080002838 (0xFF9FF06F) jal x0, -0x8                            exit_cleanup+12

clint mtime 0x000000000000085D (mip.MTI <- 0b1, mip.STI <- 0b0)
mem[X,0x0000000080002830] -> 0x0397
mem[X,0x0000000080002832] -> 0x0000
[4282] [M]: 0x0000000080002830 (0x00000397) auipc x7, 0x0                           exit_cleanup+4
x7 <- 0x0000000080002830

mem[X,0x0000000080002834] -> 0xA823
mem[X,0x0000000080002836] -> 0x7C13
[4283] [M]: 0x0000000080002834 (0x7C13A823) sw x1, 0x7d0(x7)                        exit_cleanup+8
htif[0x0000000080003000] <- 0x00000001
mem[W,0x0000000080003000] <- 0x00000001

clint mtime 0x000000000000085E (mip.MTI <- 0b1, mip.STI <- 0b0)
mem[X,0x0000000080002838] -> 0xF06F
mem[X,0x000000008000283A] -> 0xFF9F
[4284] [M]: 0x0000000080002838 (0xFF9FF06F) jal x0, -0x8                            exit_cleanup+12

mem[X,0x0000000080002830] -> 0x0397
mem[X,0x0000000080002832] -> 0x0000
[4285] [M]: 0x0000000080002830 (0x00000397) auipc x7, 0x0                           exit_cleanup+4
x7 <- 0x0000000080002830

clint mtime 0x000000000000085F (mip.MTI <- 0b1, mip.STI <- 0b0)
mem[X,0x0000000080002834] -> 0xA823
mem[X,0x0000000080002836] -> 0x7C13
[4286] [M]: 0x0000000080002834 (0x7C13A823) sw x1, 0x7d0(x7)                        exit_cleanup+8
htif[0x0000000080003000] <- 0x00000001
htif-syscall-proxy cmd: 0x000000000001
mem[W,0x0000000080003000] <- 0x00000001

SUCCESS
